<?xml version="1.0" encoding="UTF-8"?>
<testsuite xmlns:xsi="http://www.w3.org/2001/XMLSchema-instance" xsi:noNamespaceSchemaLocation="https://maven.apache.org/surefire/maven-surefire-plugin/xsd/surefire-test-report.xsd" name="org.apache.hadoop.hdds.scm.safemode.TestSCMSafeModeWithPipelineRules" time="98.566" tests="1" errors="1" skipped="0" failures="0">
  <properties>
    <property name="awt.toolkit" value="sun.awt.X11.XToolkit"/>
    <property name="file.encoding.pkg" value="sun.io"/>
    <property name="java.specification.version" value="1.8"/>
    <property name="sun.cpu.isalist" value=""/>
    <property name="sun.jnu.encoding" value="ANSI_X3.4-1968"/>
    <property name="java.class.path" value="/workdir/hadoop-ozone/integration-test/target/test-classes:/workdir/hadoop-ozone/integration-test/target/classes:/home/user/.m2/repository/org/apache/hadoop/hadoop-ozone-common/0.5.0-SNAPSHOT/hadoop-ozone-common-0.5.0-SNAPSHOT.jar:/home/user/.m2/repository/org/apache/commons/commons-compress/1.4.1/commons-compress-1.4.1.jar:/home/user/.m2/repository/org/tukaani/xz/1.0/xz-1.0.jar:/home/user/.m2/repository/org/apache/hadoop/hadoop-common/3.2.0/hadoop-common-3.2.0.jar:/home/user/.m2/repository/org/apache/hadoop/hadoop-hdfs/3.2.0/hadoop-hdfs-3.2.0.jar:/home/user/.m2/repository/org/apache/hadoop/hadoop-hdfs-client/3.2.0/hadoop-hdfs-client-3.2.0.jar:/home/user/.m2/repository/com/fasterxml/jackson/core/jackson-annotations/2.9.9/jackson-annotations-2.9.9.jar:/home/user/.m2/repository/org/apache/hadoop/hadoop-hdds-common/0.5.0-SNAPSHOT/hadoop-hdds-common-0.5.0-SNAPSHOT.jar:/home/user/.m2/repository/javax/annotation/javax.annotation-api/1.2/javax.annotation-api-1.2.jar:/home/user/.m2/repository/org/apache/ratis/ratis-server/0.5.0-3f446aa-SNAPSHOT/ratis-server-0.5.0-3f446aa-SNAPSHOT.jar:/home/user/.m2/repository/org/apache/ratis/ratis-thirdparty-misc/0.2.0/ratis-thirdparty-misc-0.2.0.jar:/home/user/.m2/repository/org/apache/ratis/ratis-proto/0.5.0-3f446aa-SNAPSHOT/ratis-proto-0.5.0-3f446aa-SNAPSHOT.jar:/home/user/.m2/repository/org/apache/ratis/ratis-common/0.5.0-3f446aa-SNAPSHOT/ratis-common-0.5.0-3f446aa-SNAPSHOT.jar:/home/user/.m2/repository/org/apache/ratis/ratis-client/0.5.0-3f446aa-SNAPSHOT/ratis-client-0.5.0-3f446aa-SNAPSHOT.jar:/home/user/.m2/repository/org/apache/ratis/ratis-metrics/0.5.0-3f446aa-SNAPSHOT/ratis-metrics-0.5.0-3f446aa-SNAPSHOT.jar:/home/user/.m2/repository/com/github/joshelser/dropwizard-metrics-hadoop-metrics2-reporter/0.1.2/dropwizard-metrics-hadoop-metrics2-reporter-0.1.2.jar:/home/user/.m2/repository/io/dropwizard/metrics/metrics-jvm/3.2.5/metrics-jvm-3.2.5.jar:/home/user/.m2/repository/io/dropwizard/metrics/metrics-ganglia/3.2.5/metrics-ganglia-3.2.5.jar:/home/user/.m2/repository/info/ganglia/gmetric4j/gmetric4j/1.0.7/gmetric4j-1.0.7.jar:/home/user/.m2/repository/org/apache/ratis/ratis-netty/0.5.0-3f446aa-SNAPSHOT/ratis-netty-0.5.0-3f446aa-SNAPSHOT.jar:/home/user/.m2/repository/org/apache/ratis/ratis-grpc/0.5.0-3f446aa-SNAPSHOT/ratis-grpc-0.5.0-3f446aa-SNAPSHOT.jar:/home/user/.m2/repository/org/rocksdb/rocksdbjni/6.0.1/rocksdbjni-6.0.1.jar:/home/user/.m2/repository/org/apache/logging/log4j/log4j-api/2.11.0/log4j-api-2.11.0.jar:/home/user/.m2/repository/org/apache/logging/log4j/log4j-core/2.11.0/log4j-core-2.11.0.jar:/home/user/.m2/repository/com/lmax/disruptor/3.4.2/disruptor-3.4.2.jar:/home/user/.m2/repository/org/apache/commons/commons-pool2/2.6.0/commons-pool2-2.6.0.jar:/home/user/.m2/repository/org/bouncycastle/bcpkix-jdk15on/1.60/bcpkix-jdk15on-1.60.jar:/home/user/.m2/repository/commons-validator/commons-validator/1.6/commons-validator-1.6.jar:/home/user/.m2/repository/commons-digester/commons-digester/1.8.1/commons-digester-1.8.1.jar:/home/user/.m2/repository/io/jaegertracing/jaeger-client/0.34.0/jaeger-client-0.34.0.jar:/home/user/.m2/repository/io/jaegertracing/jaeger-thrift/0.34.0/jaeger-thrift-0.34.0.jar:/home/user/.m2/repository/org/apache/thrift/libthrift/0.12.0/libthrift-0.12.0.jar:/home/user/.m2/repository/com/squareup/okhttp3/okhttp/3.9.0/okhttp-3.9.0.jar:/home/user/.m2/repository/com/squareup/okio/okio/1.13.0/okio-1.13.0.jar:/home/user/.m2/repository/io/jaegertracing/jaeger-core/0.34.0/jaeger-core-0.34.0.jar:/home/user/.m2/repository/io/jaegertracing/jaeger-tracerresolver/0.34.0/jaeger-tracerresolver-0.34.0.jar:/home/user/.m2/repository/io/opentracing/contrib/opentracing-tracerresolver/0.1.5/opentracing-tracerresolver-0.1.5.jar:/home/user/.m2/repository/io/opentracing/opentracing-util/0.31.0/opentracing-util-0.31.0.jar:/home/user/.m2/repository/io/opentracing/opentracing-api/0.31.0/opentracing-api-0.31.0.jar:/home/user/.m2/repository/io/opentracing/opentracing-noop/0.31.0/opentracing-noop-0.31.0.jar:/home/user/.m2/repository/org/apache/hadoop/hadoop-hdds-server-framework/0.5.0-SNAPSHOT/hadoop-hdds-server-framework-0.5.0-SNAPSHOT.jar:/home/user/.m2/repository/org/apache/hadoop/hadoop-hdds-container-service/0.5.0-SNAPSHOT/hadoop-hdds-container-service-0.5.0-SNAPSHOT.jar:/home/user/.m2/repository/org/apache/hadoop/hadoop-hdds-client/0.5.0-SNAPSHOT/hadoop-hdds-client-0.5.0-SNAPSHOT.jar:/home/user/.m2/repository/org/apache/hadoop/hadoop-hdds-tools/0.5.0-SNAPSHOT/hadoop-hdds-tools-0.5.0-SNAPSHOT.jar:/home/user/.m2/repository/org/apache/hadoop/hadoop-hdds-server-scm/0.5.0-SNAPSHOT/hadoop-hdds-server-scm-0.5.0-SNAPSHOT.jar:/home/user/.m2/repository/org/apache/hadoop/hadoop-hdds-docs/0.5.0-SNAPSHOT/hadoop-hdds-docs-0.5.0-SNAPSHOT.jar:/home/user/.m2/repository/io/dropwizard/metrics/metrics-core/3.2.4/metrics-core-3.2.4.jar:/home/user/.m2/repository/org/hamcrest/hamcrest-all/1.3/hamcrest-all-1.3.jar:/home/user/.m2/repository/org/bouncycastle/bcprov-jdk15on/1.60/bcprov-jdk15on-1.60.jar:/home/user/.m2/repository/info/picocli/picocli/3.9.6/picocli-3.9.6.jar:/home/user/.m2/repository/com/google/protobuf/protobuf-java/2.5.0/protobuf-java-2.5.0.jar:/home/user/.m2/repository/com/google/guava/guava/11.0.2/guava-11.0.2.jar:/home/user/.m2/repository/org/apache/hadoop/hadoop-ozone-ozone-manager/0.5.0-SNAPSHOT/hadoop-ozone-ozone-manager-0.5.0-SNAPSHOT.jar:/home/user/.m2/repository/org/apache/hadoop/hadoop-minikdc/3.2.0/hadoop-minikdc-3.2.0.jar:/home/user/.m2/repository/commons-io/commons-io/2.5/commons-io-2.5.jar:/home/user/.m2/repository/org/apache/kerby/kerb-simplekdc/1.0.1/kerb-simplekdc-1.0.1.jar:/home/user/.m2/repository/org/apache/kerby/kerb-client/1.0.1/kerb-client-1.0.1.jar:/home/user/.m2/repository/org/apache/kerby/kerby-config/1.0.1/kerby-config-1.0.1.jar:/home/user/.m2/repository/org/apache/kerby/kerb-core/1.0.1/kerb-core-1.0.1.jar:/home/user/.m2/repository/org/apache/kerby/kerby-pkix/1.0.1/kerby-pkix-1.0.1.jar:/home/user/.m2/repository/org/apache/kerby/kerby-asn1/1.0.1/kerby-asn1-1.0.1.jar:/home/user/.m2/repository/org/apache/kerby/kerby-util/1.0.1/kerby-util-1.0.1.jar:/home/user/.m2/repository/org/apache/kerby/kerb-common/1.0.1/kerb-common-1.0.1.jar:/home/user/.m2/repository/org/apache/kerby/kerb-crypto/1.0.1/kerb-crypto-1.0.1.jar:/home/user/.m2/repository/org/apache/kerby/kerb-util/1.0.1/kerb-util-1.0.1.jar:/home/user/.m2/repository/org/apache/kerby/token-provider/1.0.1/token-provider-1.0.1.jar:/home/user/.m2/repository/org/apache/kerby/kerb-admin/1.0.1/kerb-admin-1.0.1.jar:/home/user/.m2/repository/org/apache/kerby/kerb-server/1.0.1/kerb-server-1.0.1.jar:/home/user/.m2/repository/org/apache/kerby/kerb-identity/1.0.1/kerb-identity-1.0.1.jar:/home/user/.m2/repository/org/apache/kerby/kerby-xdr/1.0.1/kerby-xdr-1.0.1.jar:/home/user/.m2/repository/org/slf4j/slf4j-log4j12/1.7.25/slf4j-log4j12-1.7.25.jar:/home/user/.m2/repository/org/apache/hadoop/hadoop-ozone-s3gateway/0.5.0-SNAPSHOT/hadoop-ozone-s3gateway-0.5.0-SNAPSHOT.jar:/home/user/.m2/repository/org/jboss/weld/servlet/weld-servlet/2.4.7.Final/weld-servlet-2.4.7.Final.jar:/home/user/.m2/repository/org/glassfish/jersey/containers/jersey-container-servlet-core/2.27/jersey-container-servlet-core-2.27.jar:/home/user/.m2/repository/org/glassfish/hk2/external/javax.inject/2.5.0-b42/javax.inject-2.5.0-b42.jar:/home/user/.m2/repository/org/glassfish/jersey/core/jersey-common/2.27/jersey-common-2.27.jar:/home/user/.m2/repository/org/glassfish/hk2/osgi-resource-locator/1.0.1/osgi-resource-locator-1.0.1.jar:/home/user/.m2/repository/javax/ws/rs/javax.ws.rs-api/2.1/javax.ws.rs-api-2.1.jar:/home/user/.m2/repository/org/glassfish/jersey/ext/cdi/jersey-cdi1x/2.27/jersey-cdi1x-2.27.jar:/home/user/.m2/repository/org/glassfish/jersey/inject/jersey-hk2/2.27/jersey-hk2-2.27.jar:/home/user/.m2/repository/org/glassfish/hk2/hk2-locator/2.5.0-b42/hk2-locator-2.5.0-b42.jar:/home/user/.m2/repository/org/javassist/javassist/3.22.0-CR2/javassist-3.22.0-CR2.jar:/home/user/.m2/repository/org/glassfish/hk2/hk2-api/2.5.0/hk2-api-2.5.0.jar:/home/user/.m2/repository/org/glassfish/hk2/external/jakarta.inject/2.5.0/jakarta.inject-2.5.0.jar:/home/user/.m2/repository/org/glassfish/hk2/hk2-utils/2.5.0/hk2-utils-2.5.0.jar:/home/user/.m2/repository/jakarta/annotation/jakarta.annotation-api/1.3.4/jakarta.annotation-api-1.3.4.jar:/home/user/.m2/repository/org/glassfish/hk2/external/aopalliance-repackaged/2.5.0/aopalliance-repackaged-2.5.0.jar:/home/user/.m2/repository/com/fasterxml/jackson/dataformat/jackson-dataformat-xml/2.9.0/jackson-dataformat-xml-2.9.0.jar:/home/user/.m2/repository/com/fasterxml/jackson/core/jackson-core/2.9.9/jackson-core-2.9.9.jar:/home/user/.m2/repository/com/fasterxml/jackson/module/jackson-module-jaxb-annotations/2.9.9/jackson-module-jaxb-annotations-2.9.9.jar:/home/user/.m2/repository/javax/enterprise/cdi-api/1.2/cdi-api-1.2.jar:/home/user/.m2/repository/javax/el/javax.el-api/3.0.0/javax.el-api-3.0.0.jar:/home/user/.m2/repository/javax/interceptor/javax.interceptor-api/1.2/javax.interceptor-api-1.2.jar:/home/user/.m2/repository/javax/inject/javax.inject/1/javax.inject-1.jar:/home/user/.m2/repository/com/sun/xml/bind/jaxb-impl/2.3.0.1/jaxb-impl-2.3.0.1.jar:/home/user/.m2/repository/com/sun/xml/bind/jaxb-core/2.3.0.1/jaxb-core-2.3.0.1.jar:/home/user/.m2/repository/javax/xml/bind/jaxb-api/2.3.0/jaxb-api-2.3.0.jar:/home/user/.m2/repository/javax/activation/activation/1.1.1/activation-1.1.1.jar:/home/user/.m2/repository/org/apache/hadoop/hadoop-ozone-csi/0.5.0-SNAPSHOT/hadoop-ozone-csi-0.5.0-SNAPSHOT.jar:/home/user/.m2/repository/com/google/protobuf/protobuf-java-util/3.5.1/protobuf-java-util-3.5.1.jar:/home/user/.m2/repository/org/apache/hadoop/hadoop-hdds-config/0.5.0-SNAPSHOT/hadoop-hdds-config-0.5.0-SNAPSHOT.jar:/home/user/.m2/repository/io/grpc/grpc-netty/1.17.1/grpc-netty-1.17.1.jar:/home/user/.m2/repository/io/grpc/grpc-core/1.17.1/grpc-core-1.17.1.jar:/home/user/.m2/repository/io/grpc/grpc-context/1.17.1/grpc-context-1.17.1.jar:/home/user/.m2/repository/com/google/errorprone/error_prone_annotations/2.2.0/error_prone_annotations-2.2.0.jar:/home/user/.m2/repository/org/codehaus/mojo/animal-sniffer-annotations/1.17/animal-sniffer-annotations-1.17.jar:/home/user/.m2/repository/io/opencensus/opencensus-api/0.17.0/opencensus-api-0.17.0.jar:/home/user/.m2/repository/io/opencensus/opencensus-contrib-grpc-metrics/0.17.0/opencensus-contrib-grpc-metrics-0.17.0.jar:/home/user/.m2/repository/io/netty/netty-codec-http2/4.1.30.Final/netty-codec-http2-4.1.30.Final.jar:/home/user/.m2/repository/io/netty/netty-codec-http/4.1.30.Final/netty-codec-http-4.1.30.Final.jar:/home/user/.m2/repository/io/netty/netty-codec/4.1.30.Final/netty-codec-4.1.30.Final.jar:/home/user/.m2/repository/io/netty/netty-handler/4.1.30.Final/netty-handler-4.1.30.Final.jar:/home/user/.m2/repository/io/netty/netty-handler-proxy/4.1.30.Final/netty-handler-proxy-4.1.30.Final.jar:/home/user/.m2/repository/io/netty/netty-codec-socks/4.1.30.Final/netty-codec-socks-4.1.30.Final.jar:/home/user/.m2/repository/io/netty/netty-transport-native-epoll/4.1.30.Final/netty-transport-native-epoll-4.1.30.Final.jar:/home/user/.m2/repository/io/netty/netty-common/4.1.30.Final/netty-common-4.1.30.Final.jar:/home/user/.m2/repository/io/netty/netty-buffer/4.1.30.Final/netty-buffer-4.1.30.Final.jar:/home/user/.m2/repository/io/netty/netty-transport/4.1.30.Final/netty-transport-4.1.30.Final.jar:/home/user/.m2/repository/io/netty/netty-resolver/4.1.30.Final/netty-resolver-4.1.30.Final.jar:/home/user/.m2/repository/io/netty/netty-transport-native-unix-common/4.1.30.Final/netty-transport-native-unix-common-4.1.30.Final.jar:/home/user/.m2/repository/io/grpc/grpc-protobuf/1.17.1/grpc-protobuf-1.17.1.jar:/home/user/.m2/repository/com/google/api/grpc/proto-google-common-protos/1.0.0/proto-google-common-protos-1.0.0.jar:/home/user/.m2/repository/io/grpc/grpc-protobuf-lite/1.17.1/grpc-protobuf-lite-1.17.1.jar:/home/user/.m2/repository/io/grpc/grpc-stub/1.17.1/grpc-stub-1.17.1.jar:/home/user/.m2/repository/org/apache/hadoop/hadoop-ozone-recon/0.5.0-SNAPSHOT/hadoop-ozone-recon-0.5.0-SNAPSHOT.jar:/home/user/.m2/repository/org/apache/hadoop/hadoop-ozone-reconcodegen/0.5.0-SNAPSHOT/hadoop-ozone-reconcodegen-0.5.0-SNAPSHOT.jar:/home/user/.m2/repository/com/google/inject/extensions/guice-multibindings/4.0/guice-multibindings-4.0.jar:/home/user/.m2/repository/com/google/inject/guice/4.0/guice-4.0.jar:/home/user/.m2/repository/aopalliance/aopalliance/1.0/aopalliance-1.0.jar:/home/user/.m2/repository/com/google/inject/extensions/guice-servlet/4.0/guice-servlet-4.0.jar:/home/user/.m2/repository/org/glassfish/jersey/containers/jersey-container-servlet/2.27/jersey-container-servlet-2.27.jar:/home/user/.m2/repository/org/glassfish/hk2/guice-bridge/2.5.0/guice-bridge-2.5.0.jar:/home/user/.m2/repository/org/glassfish/jersey/core/jersey-server/2.27/jersey-server-2.27.jar:/home/user/.m2/repository/org/glassfish/jersey/core/jersey-client/2.27/jersey-client-2.27.jar:/home/user/.m2/repository/org/glassfish/jersey/media/jersey-media-jaxb/2.27/jersey-media-jaxb-2.27.jar:/home/user/.m2/repository/javax/validation/validation-api/1.1.0.Final/validation-api-1.1.0.Final.jar:/home/user/.m2/repository/org/glassfish/jersey/media/jersey-media-json-jackson/2.27/jersey-media-json-jackson-2.27.jar:/home/user/.m2/repository/org/glassfish/jersey/ext/jersey-entity-filtering/2.27/jersey-entity-filtering-2.27.jar:/home/user/.m2/repository/com/google/inject/extensions/guice-assistedinject/4.0/guice-assistedinject-4.0.jar:/home/user/.m2/repository/org/jooq/jooq/3.11.10/jooq-3.11.10.jar:/home/user/.m2/repository/org/jooq/jooq-meta/3.11.10/jooq-meta-3.11.10.jar:/home/user/.m2/repository/org/jooq/jooq-codegen/3.11.10/jooq-codegen-3.11.10.jar:/home/user/.m2/repository/com/jolbox/bonecp/0.8.0.RELEASE/bonecp-0.8.0.RELEASE.jar:/home/user/.m2/repository/org/xerial/sqlite-jdbc/3.25.2/sqlite-jdbc-3.25.2.jar:/home/user/.m2/repository/org/springframework/spring-jdbc/5.1.3.RELEASE/spring-jdbc-5.1.3.RELEASE.jar:/home/user/.m2/repository/org/springframework/spring-beans/5.1.3.RELEASE/spring-beans-5.1.3.RELEASE.jar:/home/user/.m2/repository/org/springframework/spring-core/5.1.3.RELEASE/spring-core-5.1.3.RELEASE.jar:/home/user/.m2/repository/org/springframework/spring-jcl/5.1.3.RELEASE/spring-jcl-5.1.3.RELEASE.jar:/home/user/.m2/repository/org/springframework/spring-tx/5.1.3.RELEASE/spring-tx-5.1.3.RELEASE.jar:/home/user/.m2/repository/org/apache/hadoop/hadoop-ozone-client/0.5.0-SNAPSHOT/hadoop-ozone-client-0.5.0-SNAPSHOT.jar:/home/user/.m2/repository/commons-lang/commons-lang/2.6/commons-lang-2.6.jar:/home/user/.m2/repository/org/apache/hadoop/hadoop-ozone-ozone-manager/0.5.0-SNAPSHOT/hadoop-ozone-ozone-manager-0.5.0-SNAPSHOT-tests.jar:/home/user/.m2/repository/junit/junit/4.11/junit-4.11.jar:/home/user/.m2/repository/org/hamcrest/hamcrest-core/1.3/hamcrest-core-1.3.jar:/home/user/.m2/repository/org/openjdk/jmh/jmh-core/1.19/jmh-core-1.19.jar:/home/user/.m2/repository/net/sf/jopt-simple/jopt-simple/4.6/jopt-simple-4.6.jar:/home/user/.m2/repository/org/apache/commons/commons-math3/3.1.1/commons-math3-3.1.1.jar:/home/user/.m2/repository/org/openjdk/jmh/jmh-generator-annprocess/1.19/jmh-generator-annprocess-1.19.jar:/home/user/.m2/repository/org/mockito/mockito-all/1.8.5/mockito-all-1.8.5.jar:/home/user/.m2/repository/org/apache/hadoop/hadoop-kms/3.2.0/hadoop-kms-3.2.0.jar:/home/user/.m2/repository/org/apache/hadoop/hadoop-auth/3.2.0/hadoop-auth-3.2.0.jar:/home/user/.m2/repository/com/nimbusds/nimbus-jose-jwt/4.41.1/nimbus-jose-jwt-4.41.1.jar:/home/user/.m2/repository/com/github/stephenc/jcip/jcip-annotations/1.0-1/jcip-annotations-1.0-1.jar:/home/user/.m2/repository/net/minidev/json-smart/2.3/json-smart-2.3.jar:/home/user/.m2/repository/net/minidev/accessors-smart/1.2/accessors-smart-1.2.jar:/home/user/.m2/repository/org/ow2/asm/asm/5.0.4/asm-5.0.4.jar:/home/user/.m2/repository/org/apache/curator/curator-framework/2.12.0/curator-framework-2.12.0.jar:/home/user/.m2/repository/com/sun/jersey/jersey-core/1.19/jersey-core-1.19.jar:/home/user/.m2/repository/javax/ws/rs/jsr311-api/1.1.1/jsr311-api-1.1.1.jar:/home/user/.m2/repository/com/sun/jersey/jersey-server/1.19/jersey-server-1.19.jar:/home/user/.m2/repository/javax/servlet/javax.servlet-api/3.1.0/javax.servlet-api-3.1.0.jar:/home/user/.m2/repository/org/eclipse/jetty/jetty-server/9.3.25.v20180904/jetty-server-9.3.25.v20180904.jar:/home/user/.m2/repository/org/eclipse/jetty/jetty-http/9.3.25.v20180904/jetty-http-9.3.25.v20180904.jar:/home/user/.m2/repository/org/eclipse/jetty/jetty-io/9.3.25.v20180904/jetty-io-9.3.25.v20180904.jar:/home/user/.m2/repository/org/eclipse/jetty/jetty-webapp/9.3.25.v20180904/jetty-webapp-9.3.25.v20180904.jar:/home/user/.m2/repository/org/eclipse/jetty/jetty-xml/9.3.25.v20180904/jetty-xml-9.3.25.v20180904.jar:/home/user/.m2/repository/log4j/log4j/1.2.17/log4j-1.2.17.jar:/home/user/.m2/repository/org/slf4j/slf4j-api/1.7.25/slf4j-api-1.7.25.jar:/home/user/.m2/repository/org/slf4j/jul-to-slf4j/1.7.25/jul-to-slf4j-1.7.25.jar:/home/user/.m2/repository/org/eclipse/jetty/jetty-util/9.3.25.v20180904/jetty-util-9.3.25.v20180904.jar:/home/user/.m2/repository/com/fasterxml/jackson/core/jackson-databind/2.9.9/jackson-databind-2.9.9.jar:/home/user/.m2/repository/org/apache/hadoop/hadoop-kms/3.2.0/hadoop-kms-3.2.0-tests.jar:/home/user/.m2/repository/org/apache/hadoop/hadoop-hdds-server-scm/0.5.0-SNAPSHOT/hadoop-hdds-server-scm-0.5.0-SNAPSHOT-tests.jar:/home/user/.m2/repository/org/apache/hadoop/hadoop-hdds-container-service/0.5.0-SNAPSHOT/hadoop-hdds-container-service-0.5.0-SNAPSHOT-tests.jar:/home/user/.m2/repository/org/yaml/snakeyaml/1.16/snakeyaml-1.16.jar:/home/user/.m2/repository/org/apache/hadoop/hadoop-common/3.2.0/hadoop-common-3.2.0-tests.jar:/home/user/.m2/repository/org/apache/hadoop/hadoop-annotations/3.2.0/hadoop-annotations-3.2.0.jar:/usr/lib/jvm/java-1.8.0-openjdk-1.8.0.222.b10-1.el7_7.x86_64/jre/../lib/tools.jar:/home/user/.m2/repository/commons-cli/commons-cli/1.2/commons-cli-1.2.jar:/home/user/.m2/repository/org/apache/httpcomponents/httpclient/4.5.2/httpclient-4.5.2.jar:/home/user/.m2/repository/org/apache/httpcomponents/httpcore/4.4.4/httpcore-4.4.4.jar:/home/user/.m2/repository/commons-codec/commons-codec/1.11/commons-codec-1.11.jar:/home/user/.m2/repository/commons-net/commons-net/3.6/commons-net-3.6.jar:/home/user/.m2/repository/commons-collections/commons-collections/3.2.2/commons-collections-3.2.2.jar:/home/user/.m2/repository/org/eclipse/jetty/jetty-servlet/9.3.25.v20180904/jetty-servlet-9.3.25.v20180904.jar:/home/user/.m2/repository/org/eclipse/jetty/jetty-security/9.3.25.v20180904/jetty-security-9.3.25.v20180904.jar:/home/user/.m2/repository/javax/servlet/jsp/jsp-api/2.1/jsp-api-2.1.jar:/home/user/.m2/repository/com/sun/jersey/jersey-servlet/1.19/jersey-servlet-1.19.jar:/home/user/.m2/repository/com/sun/jersey/jersey-json/1.19/jersey-json-1.19.jar:/home/user/.m2/repository/org/codehaus/jettison/jettison/1.1/jettison-1.1.jar:/home/user/.m2/repository/org/codehaus/jackson/jackson-core-asl/1.9.13/jackson-core-asl-1.9.13.jar:/home/user/.m2/repository/org/codehaus/jackson/jackson-mapper-asl/1.9.13/jackson-mapper-asl-1.9.13.jar:/home/user/.m2/repository/org/codehaus/jackson/jackson-jaxrs/1.9.13/jackson-jaxrs-1.9.13.jar:/home/user/.m2/repository/org/codehaus/jackson/jackson-xc/1.9.13/jackson-xc-1.9.13.jar:/home/user/.m2/repository/commons-logging/commons-logging/1.1.3/commons-logging-1.1.3.jar:/home/user/.m2/repository/commons-beanutils/commons-beanutils/1.9.4/commons-beanutils-1.9.4.jar:/home/user/.m2/repository/org/apache/commons/commons-configuration2/2.1.1/commons-configuration2-2.1.1.jar:/home/user/.m2/repository/org/apache/commons/commons-lang3/3.7/commons-lang3-3.7.jar:/home/user/.m2/repository/org/apache/commons/commons-text/1.4/commons-text-1.4.jar:/home/user/.m2/repository/org/apache/avro/avro/1.7.7/avro-1.7.7.jar:/home/user/.m2/repository/com/thoughtworks/paranamer/paranamer/2.3/paranamer-2.3.jar:/home/user/.m2/repository/org/xerial/snappy/snappy-java/1.0.5/snappy-java-1.0.5.jar:/home/user/.m2/repository/com/google/re2j/re2j/1.1/re2j-1.1.jar:/home/user/.m2/repository/com/google/code/gson/gson/2.2.4/gson-2.2.4.jar:/home/user/.m2/repository/com/jcraft/jsch/0.1.54/jsch-0.1.54.jar:/home/user/.m2/repository/org/apache/curator/curator-client/2.12.0/curator-client-2.12.0.jar:/home/user/.m2/repository/org/apache/curator/curator-recipes/2.12.0/curator-recipes-2.12.0.jar:/home/user/.m2/repository/com/google/code/findbugs/jsr305/3.0.0/jsr305-3.0.0.jar:/home/user/.m2/repository/org/apache/htrace/htrace-core4/4.1.0-incubating/htrace-core4-4.1.0-incubating.jar:/home/user/.m2/repository/org/apache/zookeeper/zookeeper/3.4.13/zookeeper-3.4.13.jar:/home/user/.m2/repository/jline/jline/0.9.94/jline-0.9.94.jar:/home/user/.m2/repository/org/apache/yetus/audience-annotations/0.5.0/audience-annotations-0.5.0.jar:/home/user/.m2/repository/org/codehaus/woodstox/stax2-api/3.1.4/stax2-api-3.1.4.jar:/home/user/.m2/repository/com/fasterxml/woodstox/woodstox-core/5.0.3/woodstox-core-5.0.3.jar:/home/user/.m2/repository/dnsjava/dnsjava/2.1.7/dnsjava-2.1.7.jar:/home/user/.m2/repository/org/apache/hadoop/hadoop-hdfs/3.2.0/hadoop-hdfs-3.2.0-tests.jar:/home/user/.m2/repository/org/eclipse/jetty/jetty-util-ajax/9.3.25.v20180904/jetty-util-ajax-9.3.25.v20180904.jar:/home/user/.m2/repository/commons-daemon/commons-daemon/1.0.13/commons-daemon-1.0.13.jar:/home/user/.m2/repository/io/netty/netty/3.10.5.Final/netty-3.10.5.Final.jar:/home/user/.m2/repository/io/netty/netty-all/4.0.52.Final/netty-all-4.0.52.Final.jar:/home/user/.m2/repository/org/fusesource/leveldbjni/leveldbjni-all/1.8/leveldbjni-all-1.8.jar:"/>
    <property name="java.vm.vendor" value="Oracle Corporation"/>
    <property name="sun.arch.data.model" value="64"/>
    <property name="test.build.dir" value="/workdir/hadoop-ozone/integration-test/target/test-dir"/>
    <property name="test.cache.data" value=""/>
    <property name="java.vendor.url" value="http://java.oracle.com/"/>
    <property name="user.timezone" value=""/>
    <property name="java.vm.specification.version" value="1.8"/>
    <property name="os.name" value="Linux"/>
    <property name="test.build.data" value="/workdir/hadoop-ozone/integration-test/target/test-dir"/>
    <property name="user.country" value="US"/>
    <property name="sun.java.launcher" value="SUN_STANDARD"/>
    <property name="sun.boot.library.path" value="/usr/lib/jvm/java-1.8.0-openjdk-1.8.0.222.b10-1.el7_7.x86_64/jre/lib/amd64"/>
    <property name="sun.java.command" value="/workdir/hadoop-ozone/integration-test/target/surefire/surefirebooter8068574003975189192.jar /workdir/hadoop-ozone/integration-test/target/surefire 2019-10-17T06-25-58_183-jvmRun1 surefire4788804321780010938tmp surefire_819156093350673459723tmp"/>
    <property name="surefire.test.class.path" value="/workdir/hadoop-ozone/integration-test/target/test-classes:/workdir/hadoop-ozone/integration-test/target/classes:/home/user/.m2/repository/org/apache/hadoop/hadoop-ozone-common/0.5.0-SNAPSHOT/hadoop-ozone-common-0.5.0-SNAPSHOT.jar:/home/user/.m2/repository/org/apache/commons/commons-compress/1.4.1/commons-compress-1.4.1.jar:/home/user/.m2/repository/org/tukaani/xz/1.0/xz-1.0.jar:/home/user/.m2/repository/org/apache/hadoop/hadoop-common/3.2.0/hadoop-common-3.2.0.jar:/home/user/.m2/repository/org/apache/hadoop/hadoop-hdfs/3.2.0/hadoop-hdfs-3.2.0.jar:/home/user/.m2/repository/org/apache/hadoop/hadoop-hdfs-client/3.2.0/hadoop-hdfs-client-3.2.0.jar:/home/user/.m2/repository/com/fasterxml/jackson/core/jackson-annotations/2.9.9/jackson-annotations-2.9.9.jar:/home/user/.m2/repository/org/apache/hadoop/hadoop-hdds-common/0.5.0-SNAPSHOT/hadoop-hdds-common-0.5.0-SNAPSHOT.jar:/home/user/.m2/repository/javax/annotation/javax.annotation-api/1.2/javax.annotation-api-1.2.jar:/home/user/.m2/repository/org/apache/ratis/ratis-server/0.5.0-3f446aa-SNAPSHOT/ratis-server-0.5.0-3f446aa-SNAPSHOT.jar:/home/user/.m2/repository/org/apache/ratis/ratis-thirdparty-misc/0.2.0/ratis-thirdparty-misc-0.2.0.jar:/home/user/.m2/repository/org/apache/ratis/ratis-proto/0.5.0-3f446aa-SNAPSHOT/ratis-proto-0.5.0-3f446aa-SNAPSHOT.jar:/home/user/.m2/repository/org/apache/ratis/ratis-common/0.5.0-3f446aa-SNAPSHOT/ratis-common-0.5.0-3f446aa-SNAPSHOT.jar:/home/user/.m2/repository/org/apache/ratis/ratis-client/0.5.0-3f446aa-SNAPSHOT/ratis-client-0.5.0-3f446aa-SNAPSHOT.jar:/home/user/.m2/repository/org/apache/ratis/ratis-metrics/0.5.0-3f446aa-SNAPSHOT/ratis-metrics-0.5.0-3f446aa-SNAPSHOT.jar:/home/user/.m2/repository/com/github/joshelser/dropwizard-metrics-hadoop-metrics2-reporter/0.1.2/dropwizard-metrics-hadoop-metrics2-reporter-0.1.2.jar:/home/user/.m2/repository/io/dropwizard/metrics/metrics-jvm/3.2.5/metrics-jvm-3.2.5.jar:/home/user/.m2/repository/io/dropwizard/metrics/metrics-ganglia/3.2.5/metrics-ganglia-3.2.5.jar:/home/user/.m2/repository/info/ganglia/gmetric4j/gmetric4j/1.0.7/gmetric4j-1.0.7.jar:/home/user/.m2/repository/org/apache/ratis/ratis-netty/0.5.0-3f446aa-SNAPSHOT/ratis-netty-0.5.0-3f446aa-SNAPSHOT.jar:/home/user/.m2/repository/org/apache/ratis/ratis-grpc/0.5.0-3f446aa-SNAPSHOT/ratis-grpc-0.5.0-3f446aa-SNAPSHOT.jar:/home/user/.m2/repository/org/rocksdb/rocksdbjni/6.0.1/rocksdbjni-6.0.1.jar:/home/user/.m2/repository/org/apache/logging/log4j/log4j-api/2.11.0/log4j-api-2.11.0.jar:/home/user/.m2/repository/org/apache/logging/log4j/log4j-core/2.11.0/log4j-core-2.11.0.jar:/home/user/.m2/repository/com/lmax/disruptor/3.4.2/disruptor-3.4.2.jar:/home/user/.m2/repository/org/apache/commons/commons-pool2/2.6.0/commons-pool2-2.6.0.jar:/home/user/.m2/repository/org/bouncycastle/bcpkix-jdk15on/1.60/bcpkix-jdk15on-1.60.jar:/home/user/.m2/repository/commons-validator/commons-validator/1.6/commons-validator-1.6.jar:/home/user/.m2/repository/commons-digester/commons-digester/1.8.1/commons-digester-1.8.1.jar:/home/user/.m2/repository/io/jaegertracing/jaeger-client/0.34.0/jaeger-client-0.34.0.jar:/home/user/.m2/repository/io/jaegertracing/jaeger-thrift/0.34.0/jaeger-thrift-0.34.0.jar:/home/user/.m2/repository/org/apache/thrift/libthrift/0.12.0/libthrift-0.12.0.jar:/home/user/.m2/repository/com/squareup/okhttp3/okhttp/3.9.0/okhttp-3.9.0.jar:/home/user/.m2/repository/com/squareup/okio/okio/1.13.0/okio-1.13.0.jar:/home/user/.m2/repository/io/jaegertracing/jaeger-core/0.34.0/jaeger-core-0.34.0.jar:/home/user/.m2/repository/io/jaegertracing/jaeger-tracerresolver/0.34.0/jaeger-tracerresolver-0.34.0.jar:/home/user/.m2/repository/io/opentracing/contrib/opentracing-tracerresolver/0.1.5/opentracing-tracerresolver-0.1.5.jar:/home/user/.m2/repository/io/opentracing/opentracing-util/0.31.0/opentracing-util-0.31.0.jar:/home/user/.m2/repository/io/opentracing/opentracing-api/0.31.0/opentracing-api-0.31.0.jar:/home/user/.m2/repository/io/opentracing/opentracing-noop/0.31.0/opentracing-noop-0.31.0.jar:/home/user/.m2/repository/org/apache/hadoop/hadoop-hdds-server-framework/0.5.0-SNAPSHOT/hadoop-hdds-server-framework-0.5.0-SNAPSHOT.jar:/home/user/.m2/repository/org/apache/hadoop/hadoop-hdds-container-service/0.5.0-SNAPSHOT/hadoop-hdds-container-service-0.5.0-SNAPSHOT.jar:/home/user/.m2/repository/org/apache/hadoop/hadoop-hdds-client/0.5.0-SNAPSHOT/hadoop-hdds-client-0.5.0-SNAPSHOT.jar:/home/user/.m2/repository/org/apache/hadoop/hadoop-hdds-tools/0.5.0-SNAPSHOT/hadoop-hdds-tools-0.5.0-SNAPSHOT.jar:/home/user/.m2/repository/org/apache/hadoop/hadoop-hdds-server-scm/0.5.0-SNAPSHOT/hadoop-hdds-server-scm-0.5.0-SNAPSHOT.jar:/home/user/.m2/repository/org/apache/hadoop/hadoop-hdds-docs/0.5.0-SNAPSHOT/hadoop-hdds-docs-0.5.0-SNAPSHOT.jar:/home/user/.m2/repository/io/dropwizard/metrics/metrics-core/3.2.4/metrics-core-3.2.4.jar:/home/user/.m2/repository/org/hamcrest/hamcrest-all/1.3/hamcrest-all-1.3.jar:/home/user/.m2/repository/org/bouncycastle/bcprov-jdk15on/1.60/bcprov-jdk15on-1.60.jar:/home/user/.m2/repository/info/picocli/picocli/3.9.6/picocli-3.9.6.jar:/home/user/.m2/repository/com/google/protobuf/protobuf-java/2.5.0/protobuf-java-2.5.0.jar:/home/user/.m2/repository/com/google/guava/guava/11.0.2/guava-11.0.2.jar:/home/user/.m2/repository/org/apache/hadoop/hadoop-ozone-ozone-manager/0.5.0-SNAPSHOT/hadoop-ozone-ozone-manager-0.5.0-SNAPSHOT.jar:/home/user/.m2/repository/org/apache/hadoop/hadoop-minikdc/3.2.0/hadoop-minikdc-3.2.0.jar:/home/user/.m2/repository/commons-io/commons-io/2.5/commons-io-2.5.jar:/home/user/.m2/repository/org/apache/kerby/kerb-simplekdc/1.0.1/kerb-simplekdc-1.0.1.jar:/home/user/.m2/repository/org/apache/kerby/kerb-client/1.0.1/kerb-client-1.0.1.jar:/home/user/.m2/repository/org/apache/kerby/kerby-config/1.0.1/kerby-config-1.0.1.jar:/home/user/.m2/repository/org/apache/kerby/kerb-core/1.0.1/kerb-core-1.0.1.jar:/home/user/.m2/repository/org/apache/kerby/kerby-pkix/1.0.1/kerby-pkix-1.0.1.jar:/home/user/.m2/repository/org/apache/kerby/kerby-asn1/1.0.1/kerby-asn1-1.0.1.jar:/home/user/.m2/repository/org/apache/kerby/kerby-util/1.0.1/kerby-util-1.0.1.jar:/home/user/.m2/repository/org/apache/kerby/kerb-common/1.0.1/kerb-common-1.0.1.jar:/home/user/.m2/repository/org/apache/kerby/kerb-crypto/1.0.1/kerb-crypto-1.0.1.jar:/home/user/.m2/repository/org/apache/kerby/kerb-util/1.0.1/kerb-util-1.0.1.jar:/home/user/.m2/repository/org/apache/kerby/token-provider/1.0.1/token-provider-1.0.1.jar:/home/user/.m2/repository/org/apache/kerby/kerb-admin/1.0.1/kerb-admin-1.0.1.jar:/home/user/.m2/repository/org/apache/kerby/kerb-server/1.0.1/kerb-server-1.0.1.jar:/home/user/.m2/repository/org/apache/kerby/kerb-identity/1.0.1/kerb-identity-1.0.1.jar:/home/user/.m2/repository/org/apache/kerby/kerby-xdr/1.0.1/kerby-xdr-1.0.1.jar:/home/user/.m2/repository/org/slf4j/slf4j-log4j12/1.7.25/slf4j-log4j12-1.7.25.jar:/home/user/.m2/repository/org/apache/hadoop/hadoop-ozone-s3gateway/0.5.0-SNAPSHOT/hadoop-ozone-s3gateway-0.5.0-SNAPSHOT.jar:/home/user/.m2/repository/org/jboss/weld/servlet/weld-servlet/2.4.7.Final/weld-servlet-2.4.7.Final.jar:/home/user/.m2/repository/org/glassfish/jersey/containers/jersey-container-servlet-core/2.27/jersey-container-servlet-core-2.27.jar:/home/user/.m2/repository/org/glassfish/hk2/external/javax.inject/2.5.0-b42/javax.inject-2.5.0-b42.jar:/home/user/.m2/repository/org/glassfish/jersey/core/jersey-common/2.27/jersey-common-2.27.jar:/home/user/.m2/repository/org/glassfish/hk2/osgi-resource-locator/1.0.1/osgi-resource-locator-1.0.1.jar:/home/user/.m2/repository/javax/ws/rs/javax.ws.rs-api/2.1/javax.ws.rs-api-2.1.jar:/home/user/.m2/repository/org/glassfish/jersey/ext/cdi/jersey-cdi1x/2.27/jersey-cdi1x-2.27.jar:/home/user/.m2/repository/org/glassfish/jersey/inject/jersey-hk2/2.27/jersey-hk2-2.27.jar:/home/user/.m2/repository/org/glassfish/hk2/hk2-locator/2.5.0-b42/hk2-locator-2.5.0-b42.jar:/home/user/.m2/repository/org/javassist/javassist/3.22.0-CR2/javassist-3.22.0-CR2.jar:/home/user/.m2/repository/org/glassfish/hk2/hk2-api/2.5.0/hk2-api-2.5.0.jar:/home/user/.m2/repository/org/glassfish/hk2/external/jakarta.inject/2.5.0/jakarta.inject-2.5.0.jar:/home/user/.m2/repository/org/glassfish/hk2/hk2-utils/2.5.0/hk2-utils-2.5.0.jar:/home/user/.m2/repository/jakarta/annotation/jakarta.annotation-api/1.3.4/jakarta.annotation-api-1.3.4.jar:/home/user/.m2/repository/org/glassfish/hk2/external/aopalliance-repackaged/2.5.0/aopalliance-repackaged-2.5.0.jar:/home/user/.m2/repository/com/fasterxml/jackson/dataformat/jackson-dataformat-xml/2.9.0/jackson-dataformat-xml-2.9.0.jar:/home/user/.m2/repository/com/fasterxml/jackson/core/jackson-core/2.9.9/jackson-core-2.9.9.jar:/home/user/.m2/repository/com/fasterxml/jackson/module/jackson-module-jaxb-annotations/2.9.9/jackson-module-jaxb-annotations-2.9.9.jar:/home/user/.m2/repository/javax/enterprise/cdi-api/1.2/cdi-api-1.2.jar:/home/user/.m2/repository/javax/el/javax.el-api/3.0.0/javax.el-api-3.0.0.jar:/home/user/.m2/repository/javax/interceptor/javax.interceptor-api/1.2/javax.interceptor-api-1.2.jar:/home/user/.m2/repository/javax/inject/javax.inject/1/javax.inject-1.jar:/home/user/.m2/repository/com/sun/xml/bind/jaxb-impl/2.3.0.1/jaxb-impl-2.3.0.1.jar:/home/user/.m2/repository/com/sun/xml/bind/jaxb-core/2.3.0.1/jaxb-core-2.3.0.1.jar:/home/user/.m2/repository/javax/xml/bind/jaxb-api/2.3.0/jaxb-api-2.3.0.jar:/home/user/.m2/repository/javax/activation/activation/1.1.1/activation-1.1.1.jar:/home/user/.m2/repository/org/apache/hadoop/hadoop-ozone-csi/0.5.0-SNAPSHOT/hadoop-ozone-csi-0.5.0-SNAPSHOT.jar:/home/user/.m2/repository/com/google/protobuf/protobuf-java-util/3.5.1/protobuf-java-util-3.5.1.jar:/home/user/.m2/repository/org/apache/hadoop/hadoop-hdds-config/0.5.0-SNAPSHOT/hadoop-hdds-config-0.5.0-SNAPSHOT.jar:/home/user/.m2/repository/io/grpc/grpc-netty/1.17.1/grpc-netty-1.17.1.jar:/home/user/.m2/repository/io/grpc/grpc-core/1.17.1/grpc-core-1.17.1.jar:/home/user/.m2/repository/io/grpc/grpc-context/1.17.1/grpc-context-1.17.1.jar:/home/user/.m2/repository/com/google/errorprone/error_prone_annotations/2.2.0/error_prone_annotations-2.2.0.jar:/home/user/.m2/repository/org/codehaus/mojo/animal-sniffer-annotations/1.17/animal-sniffer-annotations-1.17.jar:/home/user/.m2/repository/io/opencensus/opencensus-api/0.17.0/opencensus-api-0.17.0.jar:/home/user/.m2/repository/io/opencensus/opencensus-contrib-grpc-metrics/0.17.0/opencensus-contrib-grpc-metrics-0.17.0.jar:/home/user/.m2/repository/io/netty/netty-codec-http2/4.1.30.Final/netty-codec-http2-4.1.30.Final.jar:/home/user/.m2/repository/io/netty/netty-codec-http/4.1.30.Final/netty-codec-http-4.1.30.Final.jar:/home/user/.m2/repository/io/netty/netty-codec/4.1.30.Final/netty-codec-4.1.30.Final.jar:/home/user/.m2/repository/io/netty/netty-handler/4.1.30.Final/netty-handler-4.1.30.Final.jar:/home/user/.m2/repository/io/netty/netty-handler-proxy/4.1.30.Final/netty-handler-proxy-4.1.30.Final.jar:/home/user/.m2/repository/io/netty/netty-codec-socks/4.1.30.Final/netty-codec-socks-4.1.30.Final.jar:/home/user/.m2/repository/io/netty/netty-transport-native-epoll/4.1.30.Final/netty-transport-native-epoll-4.1.30.Final.jar:/home/user/.m2/repository/io/netty/netty-common/4.1.30.Final/netty-common-4.1.30.Final.jar:/home/user/.m2/repository/io/netty/netty-buffer/4.1.30.Final/netty-buffer-4.1.30.Final.jar:/home/user/.m2/repository/io/netty/netty-transport/4.1.30.Final/netty-transport-4.1.30.Final.jar:/home/user/.m2/repository/io/netty/netty-resolver/4.1.30.Final/netty-resolver-4.1.30.Final.jar:/home/user/.m2/repository/io/netty/netty-transport-native-unix-common/4.1.30.Final/netty-transport-native-unix-common-4.1.30.Final.jar:/home/user/.m2/repository/io/grpc/grpc-protobuf/1.17.1/grpc-protobuf-1.17.1.jar:/home/user/.m2/repository/com/google/api/grpc/proto-google-common-protos/1.0.0/proto-google-common-protos-1.0.0.jar:/home/user/.m2/repository/io/grpc/grpc-protobuf-lite/1.17.1/grpc-protobuf-lite-1.17.1.jar:/home/user/.m2/repository/io/grpc/grpc-stub/1.17.1/grpc-stub-1.17.1.jar:/home/user/.m2/repository/org/apache/hadoop/hadoop-ozone-recon/0.5.0-SNAPSHOT/hadoop-ozone-recon-0.5.0-SNAPSHOT.jar:/home/user/.m2/repository/org/apache/hadoop/hadoop-ozone-reconcodegen/0.5.0-SNAPSHOT/hadoop-ozone-reconcodegen-0.5.0-SNAPSHOT.jar:/home/user/.m2/repository/com/google/inject/extensions/guice-multibindings/4.0/guice-multibindings-4.0.jar:/home/user/.m2/repository/com/google/inject/guice/4.0/guice-4.0.jar:/home/user/.m2/repository/aopalliance/aopalliance/1.0/aopalliance-1.0.jar:/home/user/.m2/repository/com/google/inject/extensions/guice-servlet/4.0/guice-servlet-4.0.jar:/home/user/.m2/repository/org/glassfish/jersey/containers/jersey-container-servlet/2.27/jersey-container-servlet-2.27.jar:/home/user/.m2/repository/org/glassfish/hk2/guice-bridge/2.5.0/guice-bridge-2.5.0.jar:/home/user/.m2/repository/org/glassfish/jersey/core/jersey-server/2.27/jersey-server-2.27.jar:/home/user/.m2/repository/org/glassfish/jersey/core/jersey-client/2.27/jersey-client-2.27.jar:/home/user/.m2/repository/org/glassfish/jersey/media/jersey-media-jaxb/2.27/jersey-media-jaxb-2.27.jar:/home/user/.m2/repository/javax/validation/validation-api/1.1.0.Final/validation-api-1.1.0.Final.jar:/home/user/.m2/repository/org/glassfish/jersey/media/jersey-media-json-jackson/2.27/jersey-media-json-jackson-2.27.jar:/home/user/.m2/repository/org/glassfish/jersey/ext/jersey-entity-filtering/2.27/jersey-entity-filtering-2.27.jar:/home/user/.m2/repository/com/google/inject/extensions/guice-assistedinject/4.0/guice-assistedinject-4.0.jar:/home/user/.m2/repository/org/jooq/jooq/3.11.10/jooq-3.11.10.jar:/home/user/.m2/repository/org/jooq/jooq-meta/3.11.10/jooq-meta-3.11.10.jar:/home/user/.m2/repository/org/jooq/jooq-codegen/3.11.10/jooq-codegen-3.11.10.jar:/home/user/.m2/repository/com/jolbox/bonecp/0.8.0.RELEASE/bonecp-0.8.0.RELEASE.jar:/home/user/.m2/repository/org/xerial/sqlite-jdbc/3.25.2/sqlite-jdbc-3.25.2.jar:/home/user/.m2/repository/org/springframework/spring-jdbc/5.1.3.RELEASE/spring-jdbc-5.1.3.RELEASE.jar:/home/user/.m2/repository/org/springframework/spring-beans/5.1.3.RELEASE/spring-beans-5.1.3.RELEASE.jar:/home/user/.m2/repository/org/springframework/spring-core/5.1.3.RELEASE/spring-core-5.1.3.RELEASE.jar:/home/user/.m2/repository/org/springframework/spring-jcl/5.1.3.RELEASE/spring-jcl-5.1.3.RELEASE.jar:/home/user/.m2/repository/org/springframework/spring-tx/5.1.3.RELEASE/spring-tx-5.1.3.RELEASE.jar:/home/user/.m2/repository/org/apache/hadoop/hadoop-ozone-client/0.5.0-SNAPSHOT/hadoop-ozone-client-0.5.0-SNAPSHOT.jar:/home/user/.m2/repository/commons-lang/commons-lang/2.6/commons-lang-2.6.jar:/home/user/.m2/repository/org/apache/hadoop/hadoop-ozone-ozone-manager/0.5.0-SNAPSHOT/hadoop-ozone-ozone-manager-0.5.0-SNAPSHOT-tests.jar:/home/user/.m2/repository/junit/junit/4.11/junit-4.11.jar:/home/user/.m2/repository/org/hamcrest/hamcrest-core/1.3/hamcrest-core-1.3.jar:/home/user/.m2/repository/org/openjdk/jmh/jmh-core/1.19/jmh-core-1.19.jar:/home/user/.m2/repository/net/sf/jopt-simple/jopt-simple/4.6/jopt-simple-4.6.jar:/home/user/.m2/repository/org/apache/commons/commons-math3/3.1.1/commons-math3-3.1.1.jar:/home/user/.m2/repository/org/openjdk/jmh/jmh-generator-annprocess/1.19/jmh-generator-annprocess-1.19.jar:/home/user/.m2/repository/org/mockito/mockito-all/1.8.5/mockito-all-1.8.5.jar:/home/user/.m2/repository/org/apache/hadoop/hadoop-kms/3.2.0/hadoop-kms-3.2.0.jar:/home/user/.m2/repository/org/apache/hadoop/hadoop-auth/3.2.0/hadoop-auth-3.2.0.jar:/home/user/.m2/repository/com/nimbusds/nimbus-jose-jwt/4.41.1/nimbus-jose-jwt-4.41.1.jar:/home/user/.m2/repository/com/github/stephenc/jcip/jcip-annotations/1.0-1/jcip-annotations-1.0-1.jar:/home/user/.m2/repository/net/minidev/json-smart/2.3/json-smart-2.3.jar:/home/user/.m2/repository/net/minidev/accessors-smart/1.2/accessors-smart-1.2.jar:/home/user/.m2/repository/org/ow2/asm/asm/5.0.4/asm-5.0.4.jar:/home/user/.m2/repository/org/apache/curator/curator-framework/2.12.0/curator-framework-2.12.0.jar:/home/user/.m2/repository/com/sun/jersey/jersey-core/1.19/jersey-core-1.19.jar:/home/user/.m2/repository/javax/ws/rs/jsr311-api/1.1.1/jsr311-api-1.1.1.jar:/home/user/.m2/repository/com/sun/jersey/jersey-server/1.19/jersey-server-1.19.jar:/home/user/.m2/repository/javax/servlet/javax.servlet-api/3.1.0/javax.servlet-api-3.1.0.jar:/home/user/.m2/repository/org/eclipse/jetty/jetty-server/9.3.25.v20180904/jetty-server-9.3.25.v20180904.jar:/home/user/.m2/repository/org/eclipse/jetty/jetty-http/9.3.25.v20180904/jetty-http-9.3.25.v20180904.jar:/home/user/.m2/repository/org/eclipse/jetty/jetty-io/9.3.25.v20180904/jetty-io-9.3.25.v20180904.jar:/home/user/.m2/repository/org/eclipse/jetty/jetty-webapp/9.3.25.v20180904/jetty-webapp-9.3.25.v20180904.jar:/home/user/.m2/repository/org/eclipse/jetty/jetty-xml/9.3.25.v20180904/jetty-xml-9.3.25.v20180904.jar:/home/user/.m2/repository/log4j/log4j/1.2.17/log4j-1.2.17.jar:/home/user/.m2/repository/org/slf4j/slf4j-api/1.7.25/slf4j-api-1.7.25.jar:/home/user/.m2/repository/org/slf4j/jul-to-slf4j/1.7.25/jul-to-slf4j-1.7.25.jar:/home/user/.m2/repository/org/eclipse/jetty/jetty-util/9.3.25.v20180904/jetty-util-9.3.25.v20180904.jar:/home/user/.m2/repository/com/fasterxml/jackson/core/jackson-databind/2.9.9/jackson-databind-2.9.9.jar:/home/user/.m2/repository/org/apache/hadoop/hadoop-kms/3.2.0/hadoop-kms-3.2.0-tests.jar:/home/user/.m2/repository/org/apache/hadoop/hadoop-hdds-server-scm/0.5.0-SNAPSHOT/hadoop-hdds-server-scm-0.5.0-SNAPSHOT-tests.jar:/home/user/.m2/repository/org/apache/hadoop/hadoop-hdds-container-service/0.5.0-SNAPSHOT/hadoop-hdds-container-service-0.5.0-SNAPSHOT-tests.jar:/home/user/.m2/repository/org/yaml/snakeyaml/1.16/snakeyaml-1.16.jar:/home/user/.m2/repository/org/apache/hadoop/hadoop-common/3.2.0/hadoop-common-3.2.0-tests.jar:/home/user/.m2/repository/org/apache/hadoop/hadoop-annotations/3.2.0/hadoop-annotations-3.2.0.jar:/usr/lib/jvm/java-1.8.0-openjdk-1.8.0.222.b10-1.el7_7.x86_64/jre/../lib/tools.jar:/home/user/.m2/repository/commons-cli/commons-cli/1.2/commons-cli-1.2.jar:/home/user/.m2/repository/org/apache/httpcomponents/httpclient/4.5.2/httpclient-4.5.2.jar:/home/user/.m2/repository/org/apache/httpcomponents/httpcore/4.4.4/httpcore-4.4.4.jar:/home/user/.m2/repository/commons-codec/commons-codec/1.11/commons-codec-1.11.jar:/home/user/.m2/repository/commons-net/commons-net/3.6/commons-net-3.6.jar:/home/user/.m2/repository/commons-collections/commons-collections/3.2.2/commons-collections-3.2.2.jar:/home/user/.m2/repository/org/eclipse/jetty/jetty-servlet/9.3.25.v20180904/jetty-servlet-9.3.25.v20180904.jar:/home/user/.m2/repository/org/eclipse/jetty/jetty-security/9.3.25.v20180904/jetty-security-9.3.25.v20180904.jar:/home/user/.m2/repository/javax/servlet/jsp/jsp-api/2.1/jsp-api-2.1.jar:/home/user/.m2/repository/com/sun/jersey/jersey-servlet/1.19/jersey-servlet-1.19.jar:/home/user/.m2/repository/com/sun/jersey/jersey-json/1.19/jersey-json-1.19.jar:/home/user/.m2/repository/org/codehaus/jettison/jettison/1.1/jettison-1.1.jar:/home/user/.m2/repository/org/codehaus/jackson/jackson-core-asl/1.9.13/jackson-core-asl-1.9.13.jar:/home/user/.m2/repository/org/codehaus/jackson/jackson-mapper-asl/1.9.13/jackson-mapper-asl-1.9.13.jar:/home/user/.m2/repository/org/codehaus/jackson/jackson-jaxrs/1.9.13/jackson-jaxrs-1.9.13.jar:/home/user/.m2/repository/org/codehaus/jackson/jackson-xc/1.9.13/jackson-xc-1.9.13.jar:/home/user/.m2/repository/commons-logging/commons-logging/1.1.3/commons-logging-1.1.3.jar:/home/user/.m2/repository/commons-beanutils/commons-beanutils/1.9.4/commons-beanutils-1.9.4.jar:/home/user/.m2/repository/org/apache/commons/commons-configuration2/2.1.1/commons-configuration2-2.1.1.jar:/home/user/.m2/repository/org/apache/commons/commons-lang3/3.7/commons-lang3-3.7.jar:/home/user/.m2/repository/org/apache/commons/commons-text/1.4/commons-text-1.4.jar:/home/user/.m2/repository/org/apache/avro/avro/1.7.7/avro-1.7.7.jar:/home/user/.m2/repository/com/thoughtworks/paranamer/paranamer/2.3/paranamer-2.3.jar:/home/user/.m2/repository/org/xerial/snappy/snappy-java/1.0.5/snappy-java-1.0.5.jar:/home/user/.m2/repository/com/google/re2j/re2j/1.1/re2j-1.1.jar:/home/user/.m2/repository/com/google/code/gson/gson/2.2.4/gson-2.2.4.jar:/home/user/.m2/repository/com/jcraft/jsch/0.1.54/jsch-0.1.54.jar:/home/user/.m2/repository/org/apache/curator/curator-client/2.12.0/curator-client-2.12.0.jar:/home/user/.m2/repository/org/apache/curator/curator-recipes/2.12.0/curator-recipes-2.12.0.jar:/home/user/.m2/repository/com/google/code/findbugs/jsr305/3.0.0/jsr305-3.0.0.jar:/home/user/.m2/repository/org/apache/htrace/htrace-core4/4.1.0-incubating/htrace-core4-4.1.0-incubating.jar:/home/user/.m2/repository/org/apache/zookeeper/zookeeper/3.4.13/zookeeper-3.4.13.jar:/home/user/.m2/repository/jline/jline/0.9.94/jline-0.9.94.jar:/home/user/.m2/repository/org/apache/yetus/audience-annotations/0.5.0/audience-annotations-0.5.0.jar:/home/user/.m2/repository/org/codehaus/woodstox/stax2-api/3.1.4/stax2-api-3.1.4.jar:/home/user/.m2/repository/com/fasterxml/woodstox/woodstox-core/5.0.3/woodstox-core-5.0.3.jar:/home/user/.m2/repository/dnsjava/dnsjava/2.1.7/dnsjava-2.1.7.jar:/home/user/.m2/repository/org/apache/hadoop/hadoop-hdfs/3.2.0/hadoop-hdfs-3.2.0-tests.jar:/home/user/.m2/repository/org/eclipse/jetty/jetty-util-ajax/9.3.25.v20180904/jetty-util-ajax-9.3.25.v20180904.jar:/home/user/.m2/repository/commons-daemon/commons-daemon/1.0.13/commons-daemon-1.0.13.jar:/home/user/.m2/repository/io/netty/netty/3.10.5.Final/netty-3.10.5.Final.jar:/home/user/.m2/repository/io/netty/netty-all/4.0.52.Final/netty-all-4.0.52.Final.jar:/home/user/.m2/repository/org/fusesource/leveldbjni/leveldbjni-all/1.8/leveldbjni-all-1.8.jar:"/>
    <property name="sun.cpu.endian" value="little"/>
    <property name="user.home" value="/home/user"/>
    <property name="user.language" value="en"/>
    <property name="java.specification.vendor" value="Oracle Corporation"/>
    <property name="java.home" value="/usr/lib/jvm/java-1.8.0-openjdk-1.8.0.222.b10-1.el7_7.x86_64/jre"/>
    <property name="surefire.excludesFile" value="/tools/ozone-bad-unit-tests"/>
    <property name="java.security.krb5.conf" value="/workdir/hadoop-ozone/integration-test/target/test-classes/krb5.conf"/>
    <property name="basedir" value="/workdir/hadoop-ozone/integration-test"/>
    <property name="file.separator" value="/"/>
    <property name="line.separator" value="&#10;"/>
    <property name="java.vm.specification.vendor" value="Oracle Corporation"/>
    <property name="java.specification.name" value="Java Platform API Specification"/>
    <property name="java.awt.graphicsenv" value="sun.awt.X11GraphicsEnvironment"/>
    <property name="surefire.real.class.path" value="/workdir/hadoop-ozone/integration-test/target/surefire/surefirebooter8068574003975189192.jar"/>
    <property name="hadoop.log.dir" value="/workdir/hadoop-ozone/integration-test/target/log"/>
    <property name="sun.boot.class.path" value="/usr/lib/jvm/java-1.8.0-openjdk-1.8.0.222.b10-1.el7_7.x86_64/jre/lib/resources.jar:/usr/lib/jvm/java-1.8.0-openjdk-1.8.0.222.b10-1.el7_7.x86_64/jre/lib/rt.jar:/usr/lib/jvm/java-1.8.0-openjdk-1.8.0.222.b10-1.el7_7.x86_64/jre/lib/sunrsasign.jar:/usr/lib/jvm/java-1.8.0-openjdk-1.8.0.222.b10-1.el7_7.x86_64/jre/lib/jsse.jar:/usr/lib/jvm/java-1.8.0-openjdk-1.8.0.222.b10-1.el7_7.x86_64/jre/lib/jce.jar:/usr/lib/jvm/java-1.8.0-openjdk-1.8.0.222.b10-1.el7_7.x86_64/jre/lib/charsets.jar:/usr/lib/jvm/java-1.8.0-openjdk-1.8.0.222.b10-1.el7_7.x86_64/jre/lib/jfr.jar:/usr/lib/jvm/java-1.8.0-openjdk-1.8.0.222.b10-1.el7_7.x86_64/jre/classes"/>
    <property name="sun.management.compiler" value="HotSpot 64-Bit Tiered Compilers"/>
    <property name="java.runtime.version" value="1.8.0_222-b10"/>
    <property name="java.net.preferIPv4Stack" value="true"/>
    <property name="user.name" value="jenkins1000"/>
    <property name="path.separator" value=":"/>
    <property name="java.security.egd" value="file:///dev/urandom"/>
    <property name="os.version" value="3.10.0-957.12.2.el7.x86_64"/>
    <property name="java.endorsed.dirs" value="/usr/lib/jvm/java-1.8.0-openjdk-1.8.0.222.b10-1.el7_7.x86_64/jre/lib/endorsed"/>
    <property name="java.runtime.name" value="OpenJDK Runtime Environment"/>
    <property name="file.encoding" value="ANSI_X3.4-1968"/>
    <property name="java.vm.name" value="OpenJDK 64-Bit Server VM"/>
    <property name="test.build.webapps" value=""/>
    <property name="localRepository" value="/home/user/.m2/repository"/>
    <property name="java.vendor.url.bug" value="http://bugreport.sun.com/bugreport/"/>
    <property name="java.io.tmpdir" value="/tmp"/>
    <property name="require.test.libhadoop" value=""/>
    <property name="java.version" value="1.8.0_222"/>
    <property name="user.dir" value="/workdir/hadoop-ozone/integration-test"/>
    <property name="os.arch" value="amd64"/>
    <property name="java.vm.specification.name" value="Java Virtual Machine Specification"/>
    <property name="test.build.classes" value="/workdir/hadoop-ozone/integration-test/target/test-classes"/>
    <property name="java.awt.printerjob" value="sun.print.PSPrinterJob"/>
    <property name="sun.os.patch.level" value="unknown"/>
    <property name="hadoop.tmp.dir" value="/workdir/hadoop-ozone/integration-test/target/tmp"/>
    <property name="java.library.path" value="/usr/lib:/workdir/hadoop-ozone/integration-test/target/native/target/usr/local/lib:/workdir/hadoop-ozone/integration-test/../../hadoop-common-project/hadoop-common/target/native/target/usr/local/lib:/usr/java/packages/lib/amd64:/usr/lib64:/lib64:/lib:/usr/lib"/>
    <property name="java.vm.info" value="mixed mode"/>
    <property name="java.vendor" value="Oracle Corporation"/>
    <property name="java.vm.version" value="25.222-b10"/>
    <property name="java.ext.dirs" value="/usr/lib/jvm/java-1.8.0-openjdk-1.8.0.222.b10-1.el7_7.x86_64/jre/lib/ext:/usr/java/packages/lib/ext"/>
    <property name="sun.io.unicode.encoding" value="UnicodeLittle"/>
    <property name="java.class.version" value="52.0"/>
  </properties>
  <testcase name="testScmSafeMode" classname="org.apache.hadoop.hdds.scm.safemode.TestSCMSafeModeWithPipelineRules" time="98.381">
    <error message="Timed out waiting for condition. Thread diagnostics:&#10;Timestamp: 2019-10-17 07:44:02,185&#10;&#10;&quot;org.eclipse.jetty.server.session.HashSessionManager@37045b48Timer&quot; daemon prio=5 tid=1120 timed_waiting&#10;java.lang.Thread.State: TIMED_WAITING&#10;        at sun.misc.Unsafe.park(Native Method)&#10;        at java.util.concurrent.locks.LockSupport.parkNanos(LockSupport.java:215)&#10;        at java.util.concurrent.locks.AbstractQueuedSynchronizer$ConditionObject.awaitNanos(AbstractQueuedSynchronizer.java:2078)&#10;        at java.util.concurrent.ScheduledThreadPoolExecutor$DelayedWorkQueue.take(ScheduledThreadPoolExecutor.java:1093)&#10;        at java.util.concurrent.ScheduledThreadPoolExecutor$DelayedWorkQueue.take(ScheduledThreadPoolExecutor.java:809)&#10;        at java.util.concurrent.ThreadPoolExecutor.getTask(ThreadPoolExecutor.java:1074)&#10;        at java.util.concurrent.ThreadPoolExecutor.runWorker(ThreadPoolExecutor.java:1134)&#10;        at java.util.concurrent.ThreadPoolExecutor$Worker.run(ThreadPoolExecutor.java:624)&#10;        at java.lang.Thread.run(Thread.java:748)&#10;&quot;IPC Server listener on 44367&quot; daemon prio=5 tid=1011 runnable&#10;java.lang.Thread.State: RUNNABLE&#10;        at sun.nio.ch.EPollArrayWrapper.epollWait(Native Method)&#10;        at sun.nio.ch.EPollArrayWrapper.poll(EPollArrayWrapper.java:269)&#10;        at sun.nio.ch.EPollSelectorImpl.doSelect(EPollSelectorImpl.java:93)&#10;        at sun.nio.ch.SelectorImpl.lockAndDoSelect(SelectorImpl.java:86)&#10;        at sun.nio.ch.SelectorImpl.select(SelectorImpl.java:97)&#10;        at sun.nio.ch.SelectorImpl.select(SelectorImpl.java:101)&#10;        at org.apache.hadoop.ipc.Server$Listener.run(Server.java:1159)&#10;&quot;pool-116-thread-46&quot;  prio=5 tid=1240 in Object.wait()&#10;java.lang.Thread.State: WAITING (on object monitor)&#10;        at sun.misc.Unsafe.park(Native Method)&#10;        at java.util.concurrent.locks.LockSupport.park(LockSupport.java:175)&#10;        at java.util.concurrent.locks.AbstractQueuedSynchronizer$ConditionObject.await(AbstractQueuedSynchronizer.java:2039)&#10;        at java.util.concurrent.ArrayBlockingQueue.take(ArrayBlockingQueue.java:403)&#10;        at java.util.concurrent.ThreadPoolExecutor.getTask(ThreadPoolExecutor.java:1074)&#10;        at java.util.concurrent.ThreadPoolExecutor.runWorker(ThreadPoolExecutor.java:1134)&#10;        at java.util.concurrent.ThreadPoolExecutor$Worker.run(ThreadPoolExecutor.java:624)&#10;        at java.lang.Thread.run(Thread.java:748)&#10;&quot;2a93f7e5-ecb9-41da-9c47-70e13ba76d7d@group-A9EE991D717F-StateMachineUpdater&quot; daemon prio=5 tid=1134 in Object.wait()&#10;java.lang.Thread.State: WAITING (on object monitor)&#10;        at java.lang.Object.wait(Native Method)&#10;        at java.lang.Object.wait(Object.java:502)&#10;        at org.apache.ratis.server.impl.StateMachineUpdater.waitForCommit(StateMachineUpdater.java:194)&#10;        at org.apache.ratis.server.impl.StateMachineUpdater.run(StateMachineUpdater.java:159)&#10;        at java.lang.Thread.run(Thread.java:748)&#10;&quot;pool-126-thread-45&quot;  prio=5 tid=1315 in Object.wait()&#10;java.lang.Thread.State: WAITING (on object monitor)&#10;        at sun.misc.Unsafe.park(Native Method)&#10;        at java.util.concurrent.locks.LockSupport.park(LockSupport.java:175)&#10;        at java.util.concurrent.locks.AbstractQueuedSynchronizer$ConditionObject.await(AbstractQueuedSynchronizer.java:2039)&#10;        at java.util.concurrent.ArrayBlockingQueue.take(ArrayBlockingQueue.java:403)&#10;        at java.util.concurrent.ThreadPoolExecutor.getTask(ThreadPoolExecutor.java:1074)&#10;        at java.util.concurrent.ThreadPoolExecutor.runWorker(ThreadPoolExecutor.java:1134)&#10;        at java.util.concurrent.ThreadPoolExecutor$Worker.run(ThreadPoolExecutor.java:624)&#10;        at java.lang.Thread.run(Thread.java:748)&#10;&quot;pool-106-thread-42&quot;  prio=5 tid=1410 in Object.wait()&#10;java.lang.Thread.State: WAITING (on object monitor)&#10;        at sun.misc.Unsafe.park(Native Method)&#10;        at java.util.concurrent.locks.LockSupport.park(LockSupport.java:175)&#10;        at java.util.concurrent.locks.AbstractQueuedSynchronizer$ConditionObject.await(AbstractQueuedSynchronizer.java:2039)&#10;        at java.util.concurrent.ArrayBlockingQueue.take(ArrayBlockingQueue.java:403)&#10;        at java.util.concurrent.ThreadPoolExecutor.getTask(ThreadPoolExecutor.java:1074)&#10;        at java.util.concurrent.ThreadPoolExecutor.runWorker(ThreadPoolExecutor.java:1134)&#10;        at java.util.concurrent.ThreadPoolExecutor$Worker.run(ThreadPoolExecutor.java:624)&#10;        at java.lang.Thread.run(Thread.java:748)&#10;&quot;qtp1937575946-1110&quot; daemon prio=5 tid=1110 timed_waiting&#10;java.lang.Thread.State: TIMED_WAITING&#10;        at sun.misc.Unsafe.park(Native Method)&#10;        at java.util.concurrent.locks.LockSupport.parkNanos(LockSupport.java:215)&#10;        at java.util.concurrent.locks.AbstractQueuedSynchronizer$ConditionObject.awaitNanos(AbstractQueuedSynchronizer.java:2078)&#10;        at org.eclipse.jetty.util.BlockingArrayQueue.poll(BlockingArrayQueue.java:392)&#10;        at org.eclipse.jetty.util.thread.QueuedThreadPool.idleJobPoll(QueuedThreadPool.java:563)&#10;        at org.eclipse.jetty.util.thread.QueuedThreadPool.access$800(QueuedThreadPool.java:48)&#10;        at org.eclipse.jetty.util.thread.QueuedThreadPool$2.run(QueuedThreadPool.java:626)&#10;        at java.lang.Thread.run(Thread.java:748)&#10;&quot;Timer-2&quot;  prio=5 tid=971 timed_waiting&#10;java.lang.Thread.State: TIMED_WAITING&#10;        at java.lang.Object.wait(Native Method)&#10;        at java.util.TimerThread.mainLoop(Timer.java:552)&#10;        at java.util.TimerThread.run(Timer.java:505)&#10;&quot;IPC Server handler 13 on 34783&quot; daemon prio=5 tid=990 timed_waiting&#10;java.lang.Thread.State: TIMED_WAITING&#10;        at sun.misc.Unsafe.park(Native Method)&#10;        at java.util.concurrent.locks.LockSupport.parkNanos(LockSupport.java:215)&#10;        at java.util.concurrent.locks.AbstractQueuedSynchronizer$ConditionObject.awaitNanos(AbstractQueuedSynchronizer.java:2078)&#10;        at java.util.concurrent.LinkedBlockingQueue.poll(LinkedBlockingQueue.java:467)&#10;        at org.apache.hadoop.ipc.CallQueueManager.take(CallQueueManager.java:288)&#10;        at org.apache.hadoop.ipc.Server$Handler.run(Server.java:2668)&#10;&quot;Datanode ReportManager Thread - 3&quot; daemon prio=5 tid=228 timed_waiting&#10;java.lang.Thread.State: TIMED_WAITING&#10;        at sun.misc.Unsafe.park(Native Method)&#10;        at java.util.concurrent.locks.LockSupport.parkNanos(LockSupport.java:215)&#10;        at java.util.concurrent.locks.AbstractQueuedSynchronizer$ConditionObject.awaitNanos(AbstractQueuedSynchronizer.java:2078)&#10;        at java.util.concurrent.ScheduledThreadPoolExecutor$DelayedWorkQueue.take(ScheduledThreadPoolExecutor.java:1093)&#10;        at java.util.concurrent.ScheduledThreadPoolExecutor$DelayedWorkQueue.take(ScheduledThreadPoolExecutor.java:809)&#10;        at java.util.concurrent.ThreadPoolExecutor.getTask(ThreadPoolExecutor.java:1074)&#10;        at java.util.concurrent.ThreadPoolExecutor.runWorker(ThreadPoolExecutor.java:1134)&#10;        at java.util.concurrent.ThreadPoolExecutor$Worker.run(ThreadPoolExecutor.java:624)&#10;        at java.lang.Thread.run(Thread.java:748)&#10;&quot;Datanode ReportManager Thread - 1&quot; daemon prio=5 tid=226 in Object.wait()&#10;java.lang.Thread.State: WAITING (on object monitor)&#10;        at sun.misc.Unsafe.park(Native Method)&#10;        at java.util.concurrent.locks.LockSupport.park(LockSupport.java:175)&#10;        at java.util.concurrent.locks.AbstractQueuedSynchronizer$ConditionObject.await(AbstractQueuedSynchronizer.java:2039)&#10;        at java.util.concurrent.ScheduledThreadPoolExecutor$DelayedWorkQueue.take(ScheduledThreadPoolExecutor.java:1088)&#10;        at java.util.concurrent.ScheduledThreadPoolExecutor$DelayedWorkQueue.take(ScheduledThreadPoolExecutor.java:809)&#10;        at java.util.concurrent.ThreadPoolExecutor.getTask(ThreadPoolExecutor.java:1074)&#10;        at java.util.concurrent.ThreadPoolExecutor.runWorker(ThreadPoolExecutor.java:1134)&#10;        at java.util.concurrent.ThreadPoolExecutor$Worker.run(ThreadPoolExecutor.java:624)&#10;        at java.lang.Thread.run(Thread.java:748)&#10;&quot;RatisPipelineUtilsThread&quot;  prio=5 tid=1264 in Object.wait()&#10;java.lang.Thread.State: WAITING (on object monitor)&#10;        at sun.misc.Unsafe.park(Native Method)&#10;        at java.util.concurrent.locks.LockSupport.park(LockSupport.java:175)&#10;        at java.util.concurrent.locks.AbstractQueuedSynchronizer$ConditionObject.await(AbstractQueuedSynchronizer.java:2039)&#10;        at java.util.concurrent.ScheduledThreadPoolExecutor$DelayedWorkQueue.take(ScheduledThreadPoolExecutor.java:1081)&#10;        at java.util.concurrent.ScheduledThreadPoolExecutor$DelayedWorkQueue.take(ScheduledThreadPoolExecutor.java:809)&#10;        at java.util.concurrent.ThreadPoolExecutor.getTask(ThreadPoolExecutor.java:1074)&#10;        at java.util.concurrent.ThreadPoolExecutor.runWorker(ThreadPoolExecutor.java:1134)&#10;        at java.util.concurrent.ThreadPoolExecutor$Worker.run(ThreadPoolExecutor.java:624)&#10;        at java.lang.Thread.run(Thread.java:748)&#10;&quot;org.eclipse.jetty.server.session.HashSessionManager@5f254608Timer&quot; daemon prio=5 tid=1094 timed_waiting&#10;java.lang.Thread.State: TIMED_WAITING&#10;        at sun.misc.Unsafe.park(Native Method)&#10;        at java.util.concurrent.locks.LockSupport.parkNanos(LockSupport.java:215)&#10;        at java.util.concurrent.locks.AbstractQueuedSynchronizer$ConditionObject.awaitNanos(AbstractQueuedSynchronizer.java:2078)&#10;        at java.util.concurrent.ScheduledThreadPoolExecutor$DelayedWorkQueue.take(ScheduledThreadPoolExecutor.java:1093)&#10;        at java.util.concurrent.ScheduledThreadPoolExecutor$DelayedWorkQueue.take(ScheduledThreadPoolExecutor.java:809)&#10;        at java.util.concurrent.ThreadPoolExecutor.getTask(ThreadPoolExecutor.java:1074)&#10;        at java.util.concurrent.ThreadPoolExecutor.runWorker(ThreadPoolExecutor.java:1134)&#10;        at java.util.concurrent.ThreadPoolExecutor$Worker.run(ThreadPoolExecutor.java:624)&#10;        at java.lang.Thread.run(Thread.java:748)&#10;&quot;qtp1723177853-1086&quot; daemon prio=5 tid=1086 runnable&#10;java.lang.Thread.State: RUNNABLE&#10;        at sun.nio.ch.EPollArrayWrapper.epollWait(Native Method)&#10;        at sun.nio.ch.EPollArrayWrapper.poll(EPollArrayWrapper.java:269)&#10;        at sun.nio.ch.EPollSelectorImpl.doSelect(EPollSelectorImpl.java:93)&#10;        at sun.nio.ch.SelectorImpl.lockAndDoSelect(SelectorImpl.java:86)&#10;        at sun.nio.ch.SelectorImpl.select(SelectorImpl.java:97)&#10;        at sun.nio.ch.SelectorImpl.select(SelectorImpl.java:101)&#10;        at org.eclipse.jetty.io.ManagedSelector$SelectorProducer.select(ManagedSelector.java:243)&#10;        at org.eclipse.jetty.io.ManagedSelector$SelectorProducer.produce(ManagedSelector.java:191)&#10;        at org.eclipse.jetty.util.thread.strategy.ExecuteProduceConsume.executeProduceConsume(ExecuteProduceConsume.java:249)&#10;        at org.eclipse.jetty.util.thread.strategy.ExecuteProduceConsume.produceConsume(ExecuteProduceConsume.java:148)&#10;        at org.eclipse.jetty.util.thread.strategy.ExecuteProduceConsume.execute(ExecuteProduceConsume.java:100)&#10;        at org.eclipse.jetty.io.ManagedSelector.run(ManagedSelector.java:147)&#10;        at org.eclipse.jetty.util.thread.QueuedThreadPool.runJob(QueuedThreadPool.java:671)&#10;        at org.eclipse.jetty.util.thread.QueuedThreadPool$2.run(QueuedThreadPool.java:589)&#10;        at java.lang.Thread.run(Thread.java:748)&#10;&quot;pool-106-thread-48&quot;  prio=5 tid=1416 in Object.wait()&#10;java.lang.Thread.State: WAITING (on object monitor)&#10;        at sun.misc.Unsafe.park(Native Method)&#10;        at java.util.concurrent.locks.LockSupport.park(LockSupport.java:175)&#10;        at java.util.concurrent.locks.AbstractQueuedSynchronizer$ConditionObject.await(AbstractQueuedSynchronizer.java:2039)&#10;        at java.util.concurrent.ArrayBlockingQueue.take(ArrayBlockingQueue.java:403)&#10;        at java.util.concurrent.ThreadPoolExecutor.getTask(ThreadPoolExecutor.java:1074)&#10;        at java.util.concurrent.ThreadPoolExecutor.runWorker(ThreadPoolExecutor.java:1134)&#10;        at java.util.concurrent.ThreadPoolExecutor$Worker.run(ThreadPoolExecutor.java:624)&#10;        at java.lang.Thread.run(Thread.java:748)&#10;&quot;Command processor thread&quot; daemon prio=5 tid=1158 timed_waiting&#10;java.lang.Thread.State: TIMED_WAITING&#10;        at java.lang.Thread.sleep(Native Method)&#10;        at org.apache.hadoop.ozone.container.common.statemachine.DatanodeStateMachine.lambda$initCommandHandlerThread$1(DatanodeStateMachine.java:439)&#10;        at org.apache.hadoop.ozone.container.common.statemachine.DatanodeStateMachine$$Lambda$142/994213108.run(Unknown Source)&#10;        at java.lang.Thread.run(Thread.java:748)&#10;&quot;main&quot;  prio=5 tid=1 runnable&#10;java.lang.Thread.State: RUNNABLE&#10;        at java.lang.Thread.dumpThreads(Native Method)&#10;        at java.lang.Thread.getAllStackTraces(Thread.java:1610)&#10;        at org.apache.hadoop.test.TimedOutTestsListener.buildThreadDump(TimedOutTestsListener.java:87)&#10;        at org.apache.hadoop.test.TimedOutTestsListener.buildThreadDiagnosticString(TimedOutTestsListener.java:73)&#10;        at org.apache.hadoop.test.GenericTestUtils.waitFor(GenericTestUtils.java:389)&#10;        at org.apache.hadoop.hdds.scm.safemode.TestSCMSafeModeWithPipelineRules.testScmSafeMode(TestSCMSafeModeWithPipelineRules.java:116)&#10;        at sun.reflect.NativeMethodAccessorImpl.invoke0(Native Method)&#10;        at sun.reflect.NativeMethodAccessorImpl.invoke(NativeMethodAccessorImpl.java:62)&#10;        at sun.reflect.DelegatingMethodAccessorImpl.invoke(DelegatingMethodAccessorImpl.java:43)&#10;        at java.lang.reflect.Method.invoke(Method.java:498)&#10;        at org.junit.runners.model.FrameworkMethod$1.runReflectiveCall(FrameworkMethod.java:47)&#10;        at org.junit.internal.runners.model.ReflectiveCallable.run(ReflectiveCallable.java:12)&#10;        at org.junit.runners.model.FrameworkMethod.invokeExplosively(FrameworkMethod.java:44)&#10;        at org.junit.internal.runners.statements.InvokeMethod.evaluate(InvokeMethod.java:17)&#10;        at org.junit.internal.runners.statements.RunAfters.evaluate(RunAfters.java:27)&#10;        at org.junit.rules.ExternalResource$1.evaluate(ExternalResource.java:48)&#10;        at org.junit.rules.RunRules.evaluate(RunRules.java:20)&#10;        at org.junit.runners.ParentRunner.runLeaf(ParentRunner.java:271)&#10;        at org.junit.runners.BlockJUnit4ClassRunner.runChild(BlockJUnit4ClassRunner.java:70)&#10;        at org.junit.runners.BlockJUnit4ClassRunner.runChild(BlockJUnit4ClassRunner.java:50)&#10;        at org.junit.runners.ParentRunner$3.run(ParentRunner.java:238)&#10;        at org.junit.runners.ParentRunner$1.schedule(ParentRunner.java:63)&#10;        at org.junit.runners.ParentRunner.runChildren(ParentRunner.java:236)&#10;        at org.junit.runners.ParentRunner.access$000(ParentRunner.java:53)&#10;        at org.junit.runners.ParentRunner$2.evaluate(ParentRunner.java:229)&#10;        at org.junit.runners.ParentRunner.run(ParentRunner.java:309)&#10;        at org.apache.maven.surefire.junit4.JUnit4Provider.execute(JUnit4Provider.java:365)&#10;        at org.apache.maven.surefire.junit4.JUnit4Provider.executeWithRerun(JUnit4Provider.java:273)&#10;        at org.apache.maven.surefire.junit4.JUnit4Provider.executeTestSet(JUnit4Provider.java:238)&#10;        at org.apache.maven.surefire.junit4.JUnit4Provider.invoke(JUnit4Provider.java:159)&#10;        at org.apache.maven.surefire.booter.ForkedBooter.invokeProviderInSameClassLoader(ForkedBooter.java:384)&#10;        at org.apache.maven.surefire.booter.ForkedBooter.runSuitesInProcess(ForkedBooter.java:345)&#10;        at org.apache.maven.surefire.booter.ForkedBooter.execute(ForkedBooter.java:126)&#10;        at org.apache.maven.surefire.booter.ForkedBooter.main(ForkedBooter.java:418)&#10;&quot;IPC Server handler 16 on 42245&quot; daemon prio=5 tid=1042 timed_waiting&#10;java.lang.Thread.State: TIMED_WAITING&#10;        at sun.misc.Unsafe.park(Native Method)&#10;        at java.util.concurrent.locks.LockSupport.parkNanos(LockSupport.java:215)&#10;        at java.util.concurrent.locks.AbstractQueuedSynchronizer$ConditionObject.awaitNanos(AbstractQueuedSynchronizer.java:2078)&#10;        at java.util.concurrent.LinkedBlockingQueue.poll(LinkedBlockingQueue.java:467)&#10;        at org.apache.hadoop.ipc.CallQueueManager.take(CallQueueManager.java:288)&#10;        at org.apache.hadoop.ipc.Server$Handler.run(Server.java:2668)&#10;&quot;pool-106-thread-9&quot;  prio=5 tid=1377 in Object.wait()&#10;java.lang.Thread.State: WAITING (on object monitor)&#10;        at sun.misc.Unsafe.park(Native Method)&#10;        at java.util.concurrent.locks.LockSupport.park(LockSupport.java:175)&#10;        at java.util.concurrent.locks.AbstractQueuedSynchronizer$ConditionObject.await(AbstractQueuedSynchronizer.java:2039)&#10;        at java.util.concurrent.ArrayBlockingQueue.take(ArrayBlockingQueue.java:403)&#10;        at java.util.concurrent.ThreadPoolExecutor.getTask(ThreadPoolExecutor.java:1074)&#10;        at java.util.concurrent.ThreadPoolExecutor.runWorker(ThreadPoolExecutor.java:1134)&#10;        at java.util.concurrent.ThreadPoolExecutor$Worker.run(ThreadPoolExecutor.java:624)&#10;        at java.lang.Thread.run(Thread.java:748)&#10;&quot;Datanode State Machine Thread - 0&quot; daemon prio=5 tid=1191 timed_waiting&#10;java.lang.Thread.State: TIMED_WAITING&#10;        at sun.misc.Unsafe.park(Native Method)&#10;        at java.util.concurrent.locks.LockSupport.parkNanos(LockSupport.java:215)&#10;        at java.util.concurrent.SynchronousQueue$TransferStack.awaitFulfill(SynchronousQueue.java:460)&#10;        at java.util.concurrent.SynchronousQueue$TransferStack.transfer(SynchronousQueue.java:362)&#10;        at java.util.concurrent.SynchronousQueue.poll(SynchronousQueue.java:941)&#10;        at java.util.concurrent.ThreadPoolExecutor.getTask(ThreadPoolExecutor.java:1073)&#10;        at java.util.concurrent.ThreadPoolExecutor.runWorker(ThreadPoolExecutor.java:1134)&#10;        at java.util.concurrent.ThreadPoolExecutor$Worker.run(ThreadPoolExecutor.java:624)&#10;        at java.lang.Thread.run(Thread.java:748)&#10;&quot;pool-126-thread-21&quot;  prio=5 tid=1291 in Object.wait()&#10;java.lang.Thread.State: WAITING (on object monitor)&#10;        at sun.misc.Unsafe.park(Native Method)&#10;        at java.util.concurrent.locks.LockSupport.park(LockSupport.java:175)&#10;        at java.util.concurrent.locks.AbstractQueuedSynchronizer$ConditionObject.await(AbstractQueuedSynchronizer.java:2039)&#10;        at java.util.concurrent.ArrayBlockingQueue.take(ArrayBlockingQueue.java:403)&#10;        at java.util.concurrent.ThreadPoolExecutor.getTask(ThreadPoolExecutor.java:1074)&#10;        at java.util.concurrent.ThreadPoolExecutor.runWorker(ThreadPoolExecutor.java:1134)&#10;        at java.util.concurrent.ThreadPoolExecutor$Worker.run(ThreadPoolExecutor.java:624)&#10;        at java.lang.Thread.run(Thread.java:748)&#10;&quot;org.eclipse.jetty.server.session.HashSessionManager@2a8a4e0cTimer&quot; daemon prio=5 tid=1147 timed_waiting&#10;java.lang.Thread.State: TIMED_WAITING&#10;        at sun.misc.Unsafe.park(Native Method)&#10;        at java.util.concurrent.locks.LockSupport.parkNanos(LockSupport.java:215)&#10;        at java.util.concurrent.locks.AbstractQueuedSynchronizer$ConditionObject.awaitNanos(AbstractQueuedSynchronizer.java:2078)&#10;        at java.util.concurrent.ScheduledThreadPoolExecutor$DelayedWorkQueue.take(ScheduledThreadPoolExecutor.java:1093)&#10;        at java.util.concurrent.ScheduledThreadPoolExecutor$DelayedWorkQueue.take(ScheduledThreadPoolExecutor.java:809)&#10;        at java.util.concurrent.ThreadPoolExecutor.getTask(ThreadPoolExecutor.java:1074)&#10;        at java.util.concurrent.ThreadPoolExecutor.runWorker(ThreadPoolExecutor.java:1134)&#10;        at java.util.concurrent.ThreadPoolExecutor$Worker.run(ThreadPoolExecutor.java:624)&#10;        at java.lang.Thread.run(Thread.java:748)&#10;&quot;metrics-hadoop-metrics2-reporter-28-thread-1&quot; daemon prio=5 tid=769 timed_waiting&#10;java.lang.Thread.State: TIMED_WAITING&#10;        at sun.misc.Unsafe.park(Native Method)&#10;        at java.util.concurrent.locks.LockSupport.parkNanos(LockSupport.java:215)&#10;        at java.util.concurrent.locks.AbstractQueuedSynchronizer$ConditionObject.awaitNanos(AbstractQueuedSynchronizer.java:2078)&#10;        at java.util.concurrent.ScheduledThreadPoolExecutor$DelayedWorkQueue.take(ScheduledThreadPoolExecutor.java:1093)&#10;        at java.util.concurrent.ScheduledThreadPoolExecutor$DelayedWorkQueue.take(ScheduledThreadPoolExecutor.java:809)&#10;        at java.util.concurrent.ThreadPoolExecutor.getTask(ThreadPoolExecutor.java:1074)&#10;        at java.util.concurrent.ThreadPoolExecutor.runWorker(ThreadPoolExecutor.java:1134)&#10;        at java.util.concurrent.ThreadPoolExecutor$Worker.run(ThreadPoolExecutor.java:624)&#10;        at java.lang.Thread.run(Thread.java:748)&#10;&quot;pool-126-thread-42&quot;  prio=5 tid=1312 in Object.wait()&#10;java.lang.Thread.State: WAITING (on object monitor)&#10;        at sun.misc.Unsafe.park(Native Method)&#10;        at java.util.concurrent.locks.LockSupport.park(LockSupport.java:175)&#10;        at java.util.concurrent.locks.AbstractQueuedSynchronizer$ConditionObject.await(AbstractQueuedSynchronizer.java:2039)&#10;        at java.util.concurrent.ArrayBlockingQueue.take(ArrayBlockingQueue.java:403)&#10;        at java.util.concurrent.ThreadPoolExecutor.getTask(ThreadPoolExecutor.java:1074)&#10;        at java.util.concurrent.ThreadPoolExecutor.runWorker(ThreadPoolExecutor.java:1134)&#10;        at java.util.concurrent.ThreadPoolExecutor$Worker.run(ThreadPoolExecutor.java:624)&#10;        at java.lang.Thread.run(Thread.java:748)&#10;&quot;metrics-hadoop-metrics2-reporter-21-thread-1&quot; daemon prio=5 tid=754 timed_waiting&#10;java.lang.Thread.State: TIMED_WAITING&#10;        at sun.misc.Unsafe.park(Native Method)&#10;        at java.util.concurrent.locks.LockSupport.parkNanos(LockSupport.java:215)&#10;        at java.util.concurrent.locks.AbstractQueuedSynchronizer$ConditionObject.awaitNanos(AbstractQueuedSynchronizer.java:2078)&#10;        at java.util.concurrent.ScheduledThreadPoolExecutor$DelayedWorkQueue.take(ScheduledThreadPoolExecutor.java:1093)&#10;        at java.util.concurrent.ScheduledThreadPoolExecutor$DelayedWorkQueue.take(ScheduledThreadPoolExecutor.java:809)&#10;        at java.util.concurrent.ThreadPoolExecutor.getTask(ThreadPoolExecutor.java:1074)&#10;        at java.util.concurrent.ThreadPoolExecutor.runWorker(ThreadPoolExecutor.java:1134)&#10;        at java.util.concurrent.ThreadPoolExecutor$Worker.run(ThreadPoolExecutor.java:624)&#10;        at java.lang.Thread.run(Thread.java:748)&#10;&quot;IPC Server handler 6 on 34783&quot; daemon prio=5 tid=983 timed_waiting&#10;java.lang.Thread.State: TIMED_WAITING&#10;        at sun.misc.Unsafe.park(Native Method)&#10;        at java.util.concurrent.locks.LockSupport.parkNanos(LockSupport.java:215)&#10;        at java.util.concurrent.locks.AbstractQueuedSynchronizer$ConditionObject.awaitNanos(AbstractQueuedSynchronizer.java:2078)&#10;        at java.util.concurrent.LinkedBlockingQueue.poll(LinkedBlockingQueue.java:467)&#10;        at org.apache.hadoop.ipc.CallQueueManager.take(CallQueueManager.java:288)&#10;        at org.apache.hadoop.ipc.Server$Handler.run(Server.java:2668)&#10;&quot;grpc-default-worker-ELG-5-2&quot; daemon prio=5 tid=1340 runnable&#10;java.lang.Thread.State: RUNNABLE&#10;        at sun.nio.ch.EPollArrayWrapper.epollWait(Native Method)&#10;        at sun.nio.ch.EPollArrayWrapper.poll(EPollArrayWrapper.java:269)&#10;        at sun.nio.ch.EPollSelectorImpl.doSelect(EPollSelectorImpl.java:93)&#10;        at sun.nio.ch.SelectorImpl.lockAndDoSelect(SelectorImpl.java:86)&#10;        at sun.nio.ch.SelectorImpl.select(SelectorImpl.java:97)&#10;        at org.apache.ratis.thirdparty.io.netty.channel.nio.SelectedSelectionKeySetSelector.select(SelectedSelectionKeySetSelector.java:62)&#10;        at org.apache.ratis.thirdparty.io.netty.channel.nio.NioEventLoop.select(NioEventLoop.java:753)&#10;        at org.apache.ratis.thirdparty.io.netty.channel.nio.NioEventLoop.run(NioEventLoop.java:408)&#10;        at org.apache.ratis.thirdparty.io.netty.util.concurrent.SingleThreadEventExecutor$5.run(SingleThreadEventExecutor.java:897)&#10;        at org.apache.ratis.thirdparty.io.netty.util.concurrent.FastThreadLocalRunnable.run(FastThreadLocalRunnable.java:30)&#10;        at java.lang.Thread.run(Thread.java:748)&#10;&quot;OMDoubleBufferFlushThread&quot; daemon prio=5 tid=972 timed_waiting&#10;java.lang.Thread.State: TIMED_WAITING&#10;        at java.lang.Object.wait(Native Method)&#10;        at org.apache.hadoop.ozone.om.ratis.OzoneManagerDoubleBuffer.canFlush(OzoneManagerDoubleBuffer.java:322)&#10;        at org.apache.hadoop.ozone.om.ratis.OzoneManagerDoubleBuffer.flushTransactions(OzoneManagerDoubleBuffer.java:130)&#10;        at org.apache.hadoop.ozone.om.ratis.OzoneManagerDoubleBuffer$$Lambda$50/173059685.run(Unknown Source)&#10;        at java.lang.Thread.run(Thread.java:748)&#10;&quot;pool-106-thread-16&quot;  prio=5 tid=1384 in Object.wait()&#10;java.lang.Thread.State: WAITING (on object monitor)&#10;        at sun.misc.Unsafe.park(Native Method)&#10;        at java.util.concurrent.locks.LockSupport.park(LockSupport.java:175)&#10;        at java.util.concurrent.locks.AbstractQueuedSynchronizer$ConditionObject.await(AbstractQueuedSynchronizer.java:2039)&#10;        at java.util.concurrent.ArrayBlockingQueue.take(ArrayBlockingQueue.java:403)&#10;        at java.util.concurrent.ThreadPoolExecutor.getTask(ThreadPoolExecutor.java:1074)&#10;        at java.util.concurrent.ThreadPoolExecutor.runWorker(ThreadPoolExecutor.java:1134)&#10;        at java.util.concurrent.ThreadPoolExecutor$Worker.run(ThreadPoolExecutor.java:624)&#10;        at java.lang.Thread.run(Thread.java:748)&#10;&quot;IPC Server idle connection scanner for port 34783&quot; daemon prio=5 tid=975 timed_waiting&#10;java.lang.Thread.State: TIMED_WAITING&#10;        at java.lang.Object.wait(Native Method)&#10;        at java.util.TimerThread.mainLoop(Timer.java:552)&#10;        at java.util.TimerThread.run(Timer.java:505)&#10;&quot;pool-116-thread-14&quot;  prio=5 tid=1208 in Object.wait()&#10;java.lang.Thread.State: WAITING (on object monitor)&#10;        at sun.misc.Unsafe.park(Native Method)&#10;        at java.util.concurrent.locks.LockSupport.park(LockSupport.java:175)&#10;        at java.util.concurrent.locks.AbstractQueuedSynchronizer$ConditionObject.await(AbstractQueuedSynchronizer.java:2039)&#10;        at java.util.concurrent.ArrayBlockingQueue.take(ArrayBlockingQueue.java:403)&#10;        at java.util.concurrent.ThreadPoolExecutor.getTask(ThreadPoolExecutor.java:1074)&#10;        at java.util.concurrent.ThreadPoolExecutor.runWorker(ThreadPoolExecutor.java:1134)&#10;        at java.util.concurrent.ThreadPoolExecutor$Worker.run(ThreadPoolExecutor.java:624)&#10;        at java.lang.Thread.run(Thread.java:748)&#10;&quot;org.eclipse.jetty.server.session.HashSessionManager@1645f294Timer&quot; daemon prio=5 tid=1095 timed_waiting&#10;java.lang.Thread.State: TIMED_WAITING&#10;        at sun.misc.Unsafe.park(Native Method)&#10;        at java.util.concurrent.locks.LockSupport.parkNanos(LockSupport.java:215)&#10;        at java.util.concurrent.locks.AbstractQueuedSynchronizer$ConditionObject.awaitNanos(AbstractQueuedSynchronizer.java:2078)&#10;        at java.util.concurrent.ScheduledThreadPoolExecutor$DelayedWorkQueue.take(ScheduledThreadPoolExecutor.java:1093)&#10;        at java.util.concurrent.ScheduledThreadPoolExecutor$DelayedWorkQueue.take(ScheduledThreadPoolExecutor.java:809)&#10;        at java.util.concurrent.ThreadPoolExecutor.getTask(ThreadPoolExecutor.java:1074)&#10;        at java.util.concurrent.ThreadPoolExecutor.runWorker(ThreadPoolExecutor.java:1134)&#10;        at java.util.concurrent.ThreadPoolExecutor$Worker.run(ThreadPoolExecutor.java:624)&#10;        at java.lang.Thread.run(Thread.java:748)&#10;&quot;pool-126-thread-36&quot;  prio=5 tid=1306 in Object.wait()&#10;java.lang.Thread.State: WAITING (on object monitor)&#10;        at sun.misc.Unsafe.park(Native Method)&#10;        at java.util.concurrent.locks.LockSupport.park(LockSupport.java:175)&#10;        at java.util.concurrent.locks.AbstractQueuedSynchronizer$ConditionObject.await(AbstractQueuedSynchronizer.java:2039)&#10;        at java.util.concurrent.ArrayBlockingQueue.take(ArrayBlockingQueue.java:403)&#10;        at java.util.concurrent.ThreadPoolExecutor.getTask(ThreadPoolExecutor.java:1074)&#10;        at java.util.concurrent.ThreadPoolExecutor.runWorker(ThreadPoolExecutor.java:1134)&#10;        at java.util.concurrent.ThreadPoolExecutor$Worker.run(ThreadPoolExecutor.java:624)&#10;        at java.lang.Thread.run(Thread.java:748)&#10;&quot;IPC Server handler 7 on 34783&quot; daemon prio=5 tid=984 timed_waiting&#10;java.lang.Thread.State: TIMED_WAITING&#10;        at sun.misc.Unsafe.park(Native Method)&#10;        at java.util.concurrent.locks.LockSupport.parkNanos(LockSupport.java:215)&#10;        at java.util.concurrent.locks.AbstractQueuedSynchronizer$ConditionObject.awaitNanos(AbstractQueuedSynchronizer.java:2078)&#10;        at java.util.concurrent.LinkedBlockingQueue.poll(LinkedBlockingQueue.java:467)&#10;        at org.apache.hadoop.ipc.CallQueueManager.take(CallQueueManager.java:288)&#10;        at org.apache.hadoop.ipc.Server$Handler.run(Server.java:2668)&#10;&quot;IPC Server Responder&quot; daemon prio=5 tid=976 runnable&#10;java.lang.Thread.State: RUNNABLE&#10;        at sun.nio.ch.EPollArrayWrapper.epollWait(Native Method)&#10;        at sun.nio.ch.EPollArrayWrapper.poll(EPollArrayWrapper.java:269)&#10;        at sun.nio.ch.EPollSelectorImpl.doSelect(EPollSelectorImpl.java:93)&#10;        at sun.nio.ch.SelectorImpl.lockAndDoSelect(SelectorImpl.java:86)&#10;        at sun.nio.ch.SelectorImpl.select(SelectorImpl.java:97)&#10;        at org.apache.hadoop.ipc.Server$Responder.doRunLoop(Server.java:1334)&#10;        at org.apache.hadoop.ipc.Server$Responder.run(Server.java:1317)&#10;&quot;metrics-hadoop-metrics2-reporter-1-thread-1&quot; daemon prio=5 tid=704 timed_waiting&#10;java.lang.Thread.State: TIMED_WAITING&#10;        at sun.misc.Unsafe.park(Native Method)&#10;        at java.util.concurrent.locks.LockSupport.parkNanos(LockSupport.java:215)&#10;        at java.util.concurrent.locks.AbstractQueuedSynchronizer$ConditionObject.awaitNanos(AbstractQueuedSynchronizer.java:2078)&#10;        at java.util.concurrent.ScheduledThreadPoolExecutor$DelayedWorkQueue.take(ScheduledThreadPoolExecutor.java:1093)&#10;        at java.util.concurrent.ScheduledThreadPoolExecutor$DelayedWorkQueue.take(ScheduledThreadPoolExecutor.java:809)&#10;        at java.util.concurrent.ThreadPoolExecutor.getTask(ThreadPoolExecutor.java:1074)&#10;        at java.util.concurrent.ThreadPoolExecutor.runWorker(ThreadPoolExecutor.java:1134)&#10;        at java.util.concurrent.ThreadPoolExecutor$Worker.run(ThreadPoolExecutor.java:624)&#10;        at java.lang.Thread.run(Thread.java:748)&#10;&quot;Periodic HDDS volume checker&quot;  prio=5 tid=1102 timed_waiting&#10;java.lang.Thread.State: TIMED_WAITING&#10;        at sun.misc.Unsafe.park(Native Method)&#10;        at java.util.concurrent.locks.LockSupport.parkNanos(LockSupport.java:215)&#10;        at java.util.concurrent.locks.AbstractQueuedSynchronizer$ConditionObject.awaitNanos(AbstractQueuedSynchronizer.java:2078)&#10;        at java.util.concurrent.ScheduledThreadPoolExecutor$DelayedWorkQueue.take(ScheduledThreadPoolExecutor.java:1093)&#10;        at java.util.concurrent.ScheduledThreadPoolExecutor$DelayedWorkQueue.take(ScheduledThreadPoolExecutor.java:809)&#10;        at java.util.concurrent.ThreadPoolExecutor.getTask(ThreadPoolExecutor.java:1074)&#10;        at java.util.concurrent.ThreadPoolExecutor.runWorker(ThreadPoolExecutor.java:1134)&#10;        at java.util.concurrent.ThreadPoolExecutor$Worker.run(ThreadPoolExecutor.java:624)&#10;        at java.lang.Thread.run(Thread.java:748)&#10;&quot;qtp1014555985-1143&quot; daemon prio=5 tid=1143 timed_waiting&#10;java.lang.Thread.State: TIMED_WAITING&#10;        at sun.misc.Unsafe.park(Native Method)&#10;        at java.util.concurrent.locks.LockSupport.parkNanos(LockSupport.java:215)&#10;        at java.util.concurrent.locks.AbstractQueuedSynchronizer$ConditionObject.awaitNanos(AbstractQueuedSynchronizer.java:2078)&#10;        at org.eclipse.jetty.util.BlockingArrayQueue.poll(BlockingArrayQueue.java:392)&#10;        at org.eclipse.jetty.util.thread.QueuedThreadPool.idleJobPoll(QueuedThreadPool.java:563)&#10;        at org.eclipse.jetty.util.thread.QueuedThreadPool.access$800(QueuedThreadPool.java:48)&#10;        at org.eclipse.jetty.util.thread.QueuedThreadPool$2.run(QueuedThreadPool.java:626)&#10;        at java.lang.Thread.run(Thread.java:748)&#10;&quot;pool-126-thread-24&quot;  prio=5 tid=1294 in Object.wait()&#10;java.lang.Thread.State: WAITING (on object monitor)&#10;        at sun.misc.Unsafe.park(Native Method)&#10;        at java.util.concurrent.locks.LockSupport.park(LockSupport.java:175)&#10;        at java.util.concurrent.locks.AbstractQueuedSynchronizer$ConditionObject.await(AbstractQueuedSynchronizer.java:2039)&#10;        at java.util.concurrent.ArrayBlockingQueue.take(ArrayBlockingQueue.java:403)&#10;        at java.util.concurrent.ThreadPoolExecutor.getTask(ThreadPoolExecutor.java:1074)&#10;        at java.util.concurrent.ThreadPoolExecutor.runWorker(ThreadPoolExecutor.java:1134)&#10;        at java.util.concurrent.ThreadPoolExecutor$Worker.run(ThreadPoolExecutor.java:624)&#10;        at java.lang.Thread.run(Thread.java:748)&#10;&quot;pool-106-thread-49&quot;  prio=5 tid=1417 in Object.wait()&#10;java.lang.Thread.State: WAITING (on object monitor)&#10;        at sun.misc.Unsafe.park(Native Method)&#10;        at java.util.concurrent.locks.LockSupport.park(LockSupport.java:175)&#10;        at java.util.concurrent.locks.AbstractQueuedSynchronizer$ConditionObject.await(AbstractQueuedSynchronizer.java:2039)&#10;        at java.util.concurrent.ArrayBlockingQueue.take(ArrayBlockingQueue.java:403)&#10;        at java.util.concurrent.ThreadPoolExecutor.getTask(ThreadPoolExecutor.java:1074)&#10;        at java.util.concurrent.ThreadPoolExecutor.runWorker(ThreadPoolExecutor.java:1134)&#10;        at java.util.concurrent.ThreadPoolExecutor$Worker.run(ThreadPoolExecutor.java:624)&#10;        at java.lang.Thread.run(Thread.java:748)&#10;&quot;IPC Server handler 11 on 34783&quot; daemon prio=5 tid=988 timed_waiting&#10;java.lang.Thread.State: TIMED_WAITING&#10;        at sun.misc.Unsafe.park(Native Method)&#10;        at java.util.concurrent.locks.LockSupport.parkNanos(LockSupport.java:215)&#10;        at java.util.concurrent.locks.AbstractQueuedSynchronizer$ConditionObject.awaitNanos(AbstractQueuedSynchronizer.java:2078)&#10;        at java.util.concurrent.LinkedBlockingQueue.poll(LinkedBlockingQueue.java:467)&#10;        at org.apache.hadoop.ipc.CallQueueManager.take(CallQueueManager.java:288)&#10;        at org.apache.hadoop.ipc.Server$Handler.run(Server.java:2668)&#10;&quot;metrics-hadoop-metrics2-reporter-5-thread-1&quot; daemon prio=5 tid=716 timed_waiting&#10;java.lang.Thread.State: TIMED_WAITING&#10;        at sun.misc.Unsafe.park(Native Method)&#10;        at java.util.concurrent.locks.LockSupport.parkNanos(LockSupport.java:215)&#10;        at java.util.concurrent.locks.AbstractQueuedSynchronizer$ConditionObject.awaitNanos(AbstractQueuedSynchronizer.java:2078)&#10;        at java.util.concurrent.ScheduledThreadPoolExecutor$DelayedWorkQueue.take(ScheduledThreadPoolExecutor.java:1093)&#10;        at java.util.concurrent.ScheduledThreadPoolExecutor$DelayedWorkQueue.take(ScheduledThreadPoolExecutor.java:809)&#10;        at java.util.concurrent.ThreadPoolExecutor.getTask(ThreadPoolExecutor.java:1074)&#10;        at java.util.concurrent.ThreadPoolExecutor.runWorker(ThreadPoolExecutor.java:1134)&#10;        at java.util.concurrent.ThreadPoolExecutor$Worker.run(ThreadPoolExecutor.java:624)&#10;        at java.lang.Thread.run(Thread.java:748)&#10;&quot;pool-126-thread-52&quot;  prio=5 tid=1322 in Object.wait()&#10;java.lang.Thread.State: WAITING (on object monitor)&#10;        at sun.misc.Unsafe.park(Native Method)&#10;        at java.util.concurrent.locks.LockSupport.park(LockSupport.java:175)&#10;        at java.util.concurrent.locks.AbstractQueuedSynchronizer$ConditionObject.await(AbstractQueuedSynchronizer.java:2039)&#10;        at java.util.concurrent.ArrayBlockingQueue.take(ArrayBlockingQueue.java:403)&#10;        at java.util.concurrent.ThreadPoolExecutor.getTask(ThreadPoolExecutor.java:1074)&#10;        at java.util.concurrent.ThreadPoolExecutor.runWorker(ThreadPoolExecutor.java:1134)&#10;        at java.util.concurrent.ThreadPoolExecutor$Worker.run(ThreadPoolExecutor.java:624)&#10;        at java.lang.Thread.run(Thread.java:748)&#10;&quot;IPC Server handler 1 on 44367&quot; daemon prio=5 tid=1067 timed_waiting&#10;java.lang.Thread.State: TIMED_WAITING&#10;        at sun.misc.Unsafe.park(Native Method)&#10;        at java.util.concurrent.locks.LockSupport.parkNanos(LockSupport.java:215)&#10;        at java.util.concurrent.locks.AbstractQueuedSynchronizer$ConditionObject.awaitNanos(AbstractQueuedSynchronizer.java:2078)&#10;        at java.util.concurrent.LinkedBlockingQueue.poll(LinkedBlockingQueue.java:467)&#10;        at org.apache.hadoop.ipc.CallQueueManager.take(CallQueueManager.java:288)&#10;        at org.apache.hadoop.ipc.Server$Handler.run(Server.java:2668)&#10;&quot;Timer for &apos;StorageContainerManager&apos; metrics system&quot; daemon prio=5 tid=1024 timed_waiting&#10;java.lang.Thread.State: TIMED_WAITING&#10;        at java.lang.Object.wait(Native Method)&#10;        at java.util.TimerThread.mainLoop(Timer.java:552)&#10;        at java.util.TimerThread.run(Timer.java:505)&#10;&quot;pool-100-thread-1&quot;  prio=5 tid=1023 timed_waiting&#10;java.lang.Thread.State: TIMED_WAITING&#10;        at sun.misc.Unsafe.park(Native Method)&#10;        at java.util.concurrent.locks.LockSupport.parkNanos(LockSupport.java:215)&#10;        at java.util.concurrent.locks.AbstractQueuedSynchronizer$ConditionObject.awaitNanos(AbstractQueuedSynchronizer.java:2078)&#10;        at java.util.concurrent.ScheduledThreadPoolExecutor$DelayedWorkQueue.take(ScheduledThreadPoolExecutor.java:1093)&#10;        at java.util.concurrent.ScheduledThreadPoolExecutor$DelayedWorkQueue.take(ScheduledThreadPoolExecutor.java:809)&#10;        at java.util.concurrent.ThreadPoolExecutor.getTask(ThreadPoolExecutor.java:1074)&#10;        at java.util.concurrent.ThreadPoolExecutor.runWorker(ThreadPoolExecutor.java:1134)&#10;        at java.util.concurrent.ThreadPoolExecutor$Worker.run(ThreadPoolExecutor.java:624)&#10;        at java.lang.Thread.run(Thread.java:748)&#10;&quot;process reaper&quot; daemon prio=10 tid=10 timed_waiting&#10;java.lang.Thread.State: TIMED_WAITING&#10;        at sun.misc.Unsafe.park(Native Method)&#10;        at java.util.concurrent.locks.LockSupport.parkNanos(LockSupport.java:215)&#10;        at java.util.concurrent.SynchronousQueue$TransferStack.awaitFulfill(SynchronousQueue.java:460)&#10;        at java.util.concurrent.SynchronousQueue$TransferStack.transfer(SynchronousQueue.java:362)&#10;        at java.util.concurrent.SynchronousQueue.poll(SynchronousQueue.java:941)&#10;        at java.util.concurrent.ThreadPoolExecutor.getTask(ThreadPoolExecutor.java:1073)&#10;        at java.util.concurrent.ThreadPoolExecutor.runWorker(ThreadPoolExecutor.java:1134)&#10;        at java.util.concurrent.ThreadPoolExecutor$Worker.run(ThreadPoolExecutor.java:624)&#10;        at java.lang.Thread.run(Thread.java:748)&#10;&quot;Datanode State Machine Thread - 0&quot; daemon prio=5 tid=1128 timed_waiting&#10;java.lang.Thread.State: TIMED_WAITING&#10;        at sun.misc.Unsafe.park(Native Method)&#10;        at java.util.concurrent.locks.LockSupport.parkNanos(LockSupport.java:215)&#10;        at java.util.concurrent.SynchronousQueue$TransferStack.awaitFulfill(SynchronousQueue.java:460)&#10;        at java.util.concurrent.SynchronousQueue$TransferStack.transfer(SynchronousQueue.java:362)&#10;        at java.util.concurrent.SynchronousQueue.poll(SynchronousQueue.java:941)&#10;        at java.util.concurrent.ThreadPoolExecutor.getTask(ThreadPoolExecutor.java:1073)&#10;        at java.util.concurrent.ThreadPoolExecutor.runWorker(ThreadPoolExecutor.java:1134)&#10;        at java.util.concurrent.ThreadPoolExecutor$Worker.run(ThreadPoolExecutor.java:624)&#10;        at java.lang.Thread.run(Thread.java:748)&#10;&quot;pool-116-thread-43&quot;  prio=5 tid=1237 in Object.wait()&#10;java.lang.Thread.State: WAITING (on object monitor)&#10;        at sun.misc.Unsafe.park(Native Method)&#10;        at java.util.concurrent.locks.LockSupport.park(LockSupport.java:175)&#10;        at java.util.concurrent.locks.AbstractQueuedSynchronizer$ConditionObject.await(AbstractQueuedSynchronizer.java:2039)&#10;        at java.util.concurrent.ArrayBlockingQueue.take(ArrayBlockingQueue.java:403)&#10;        at java.util.concurrent.ThreadPoolExecutor.getTask(ThreadPoolExecutor.java:1074)&#10;        at java.util.concurrent.ThreadPoolExecutor.runWorker(ThreadPoolExecutor.java:1134)&#10;        at java.util.concurrent.ThreadPoolExecutor$Worker.run(ThreadPoolExecutor.java:624)&#10;        at java.lang.Thread.run(Thread.java:748)&#10;&quot;pool-124-thread-1&quot; daemon prio=5 tid=1165 timed_waiting&#10;java.lang.Thread.State: TIMED_WAITING&#10;        at sun.misc.Unsafe.park(Native Method)&#10;        at java.util.concurrent.locks.LockSupport.parkNanos(LockSupport.java:215)&#10;        at java.util.concurrent.locks.AbstractQueuedSynchronizer$ConditionObject.awaitNanos(AbstractQueuedSynchronizer.java:2078)&#10;        at java.util.concurrent.ScheduledThreadPoolExecutor$DelayedWorkQueue.take(ScheduledThreadPoolExecutor.java:1093)&#10;        at java.util.concurrent.ScheduledThreadPoolExecutor$DelayedWorkQueue.take(ScheduledThreadPoolExecutor.java:809)&#10;        at java.util.concurrent.ThreadPoolExecutor.getTask(ThreadPoolExecutor.java:1074)&#10;        at java.util.concurrent.ThreadPoolExecutor.runWorker(ThreadPoolExecutor.java:1134)&#10;        at java.util.concurrent.ThreadPoolExecutor$Worker.run(ThreadPoolExecutor.java:624)&#10;        at java.lang.Thread.run(Thread.java:748)&#10;&quot;pool-126-thread-16&quot;  prio=5 tid=1286 in Object.wait()&#10;java.lang.Thread.State: WAITING (on object monitor)&#10;        at sun.misc.Unsafe.park(Native Method)&#10;        at java.util.concurrent.locks.LockSupport.park(LockSupport.java:175)&#10;        at java.util.concurrent.locks.AbstractQueuedSynchronizer$ConditionObject.await(AbstractQueuedSynchronizer.java:2039)&#10;        at java.util.concurrent.ArrayBlockingQueue.take(ArrayBlockingQueue.java:403)&#10;        at java.util.concurrent.ThreadPoolExecutor.getTask(ThreadPoolExecutor.java:1074)&#10;        at java.util.concurrent.ThreadPoolExecutor.runWorker(ThreadPoolExecutor.java:1134)&#10;        at java.util.concurrent.ThreadPoolExecutor$Worker.run(ThreadPoolExecutor.java:624)&#10;        at java.lang.Thread.run(Thread.java:748)&#10;&quot;IPC Server handler 19 on 41574&quot; daemon prio=5 tid=1065 timed_waiting&#10;java.lang.Thread.State: TIMED_WAITING&#10;        at sun.misc.Unsafe.park(Native Method)&#10;        at java.util.concurrent.locks.LockSupport.parkNanos(LockSupport.java:215)&#10;        at java.util.concurrent.locks.AbstractQueuedSynchronizer$ConditionObject.awaitNanos(AbstractQueuedSynchronizer.java:2078)&#10;        at java.util.concurrent.LinkedBlockingQueue.poll(LinkedBlockingQueue.java:467)&#10;        at org.apache.hadoop.ipc.CallQueueManager.take(CallQueueManager.java:288)&#10;        at org.apache.hadoop.ipc.Server$Handler.run(Server.java:2668)&#10;&quot;qtp1723177853-1089&quot; daemon prio=5 tid=1089 timed_waiting&#10;java.lang.Thread.State: TIMED_WAITING&#10;        at sun.misc.Unsafe.park(Native Method)&#10;        at java.util.concurrent.locks.LockSupport.parkNanos(LockSupport.java:215)&#10;        at java.util.concurrent.locks.AbstractQueuedSynchronizer$ConditionObject.awaitNanos(AbstractQueuedSynchronizer.java:2078)&#10;        at org.eclipse.jetty.util.BlockingArrayQueue.poll(BlockingArrayQueue.java:392)&#10;        at org.eclipse.jetty.util.thread.QueuedThreadPool.idleJobPoll(QueuedThreadPool.java:563)&#10;        at org.eclipse.jetty.util.thread.QueuedThreadPool.access$800(QueuedThreadPool.java:48)&#10;        at org.eclipse.jetty.util.thread.QueuedThreadPool$2.run(QueuedThreadPool.java:626)&#10;        at java.lang.Thread.run(Thread.java:748)&#10;&quot;pool-126-thread-43&quot;  prio=5 tid=1313 in Object.wait()&#10;java.lang.Thread.State: WAITING (on object monitor)&#10;        at sun.misc.Unsafe.park(Native Method)&#10;        at java.util.concurrent.locks.LockSupport.park(LockSupport.java:175)&#10;        at java.util.concurrent.locks.AbstractQueuedSynchronizer$ConditionObject.await(AbstractQueuedSynchronizer.java:2039)&#10;        at java.util.concurrent.ArrayBlockingQueue.take(ArrayBlockingQueue.java:403)&#10;        at java.util.concurrent.ThreadPoolExecutor.getTask(ThreadPoolExecutor.java:1074)&#10;        at java.util.concurrent.ThreadPoolExecutor.runWorker(ThreadPoolExecutor.java:1134)&#10;        at java.util.concurrent.ThreadPoolExecutor$Worker.run(ThreadPoolExecutor.java:624)&#10;        at java.lang.Thread.run(Thread.java:748)&#10;&quot;Thread-3000&quot; daemon prio=5 tid=3815 timed_waiting&#10;java.lang.Thread.State: TIMED_WAITING&#10;        at java.lang.Thread.sleep(Native Method)&#10;        at org.apache.ratis.util.JavaUtils.sleep(JavaUtils.java:247)&#10;        at org.apache.ratis.server.impl.FollowerState.run(FollowerState.java:97)&#10;&quot;pool-106-thread-26&quot;  prio=5 tid=1394 in Object.wait()&#10;java.lang.Thread.State: WAITING (on object monitor)&#10;        at sun.misc.Unsafe.park(Native Method)&#10;        at java.util.concurrent.locks.LockSupport.park(LockSupport.java:175)&#10;        at java.util.concurrent.locks.AbstractQueuedSynchronizer$ConditionObject.await(AbstractQueuedSynchronizer.java:2039)&#10;        at java.util.concurrent.ArrayBlockingQueue.take(ArrayBlockingQueue.java:403)&#10;        at java.util.concurrent.ThreadPoolExecutor.getTask(ThreadPoolExecutor.java:1074)&#10;        at java.util.concurrent.ThreadPoolExecutor.runWorker(ThreadPoolExecutor.java:1134)&#10;        at java.util.concurrent.ThreadPoolExecutor$Worker.run(ThreadPoolExecutor.java:624)&#10;        at java.lang.Thread.run(Thread.java:748)&#10;&quot;surefire-forkedjvm-ping-30s&quot; daemon prio=5 tid=9 timed_waiting&#10;java.lang.Thread.State: TIMED_WAITING&#10;        at sun.misc.Unsafe.park(Native Method)&#10;        at java.util.concurrent.locks.LockSupport.parkNanos(LockSupport.java:215)&#10;        at java.util.concurrent.locks.AbstractQueuedSynchronizer$ConditionObject.awaitNanos(AbstractQueuedSynchronizer.java:2078)&#10;        at java.util.concurrent.ScheduledThreadPoolExecutor$DelayedWorkQueue.take(ScheduledThreadPoolExecutor.java:1093)&#10;        at java.util.concurrent.ScheduledThreadPoolExecutor$DelayedWorkQueue.take(ScheduledThreadPoolExecutor.java:809)&#10;        at java.util.concurrent.ThreadPoolExecutor.getTask(ThreadPoolExecutor.java:1074)&#10;        at java.util.concurrent.ThreadPoolExecutor.runWorker(ThreadPoolExecutor.java:1134)&#10;        at java.util.concurrent.ThreadPoolExecutor$Worker.run(ThreadPoolExecutor.java:624)&#10;        at java.lang.Thread.run(Thread.java:748)&#10;&quot;Datanode ReportManager Thread - 1&quot; daemon prio=5 tid=1123 in Object.wait()&#10;java.lang.Thread.State: WAITING (on object monitor)&#10;        at sun.misc.Unsafe.park(Native Method)&#10;        at java.util.concurrent.locks.LockSupport.park(LockSupport.java:175)&#10;        at java.util.concurrent.locks.AbstractQueuedSynchronizer$ConditionObject.await(AbstractQueuedSynchronizer.java:2039)&#10;        at java.util.concurrent.ScheduledThreadPoolExecutor$DelayedWorkQueue.take(ScheduledThreadPoolExecutor.java:1088)&#10;        at java.util.concurrent.ScheduledThreadPoolExecutor$DelayedWorkQueue.take(ScheduledThreadPoolExecutor.java:809)&#10;        at java.util.concurrent.ThreadPoolExecutor.getTask(ThreadPoolExecutor.java:1074)&#10;        at java.util.concurrent.ThreadPoolExecutor.runWorker(ThreadPoolExecutor.java:1134)&#10;        at java.util.concurrent.ThreadPoolExecutor$Worker.run(ThreadPoolExecutor.java:624)&#10;        at java.lang.Thread.run(Thread.java:748)&#10;&quot;BlockDeletingService#0&quot; daemon prio=5 tid=1333 timed_waiting&#10;java.lang.Thread.State: TIMED_WAITING&#10;        at sun.misc.Unsafe.park(Native Method)&#10;        at java.util.concurrent.locks.LockSupport.parkNanos(LockSupport.java:215)&#10;        at java.util.concurrent.locks.AbstractQueuedSynchronizer$ConditionObject.awaitNanos(AbstractQueuedSynchronizer.java:2078)&#10;        at java.util.concurrent.ScheduledThreadPoolExecutor$DelayedWorkQueue.take(ScheduledThreadPoolExecutor.java:1093)&#10;        at java.util.concurrent.ScheduledThreadPoolExecutor$DelayedWorkQueue.take(ScheduledThreadPoolExecutor.java:809)&#10;        at java.util.concurrent.ThreadPoolExecutor.getTask(ThreadPoolExecutor.java:1074)&#10;        at java.util.concurrent.ThreadPoolExecutor.runWorker(ThreadPoolExecutor.java:1134)&#10;        at java.util.concurrent.ThreadPoolExecutor$Worker.run(ThreadPoolExecutor.java:624)&#10;        at java.lang.Thread.run(Thread.java:748)&#10;&quot;qtp1937575946-1113&quot; daemon prio=5 tid=1113 timed_waiting&#10;java.lang.Thread.State: TIMED_WAITING&#10;        at sun.misc.Unsafe.park(Native Method)&#10;        at java.util.concurrent.locks.LockSupport.parkNanos(LockSupport.java:215)&#10;        at java.util.concurrent.locks.AbstractQueuedSynchronizer$ConditionObject.awaitNanos(AbstractQueuedSynchronizer.java:2078)&#10;        at org.eclipse.jetty.util.BlockingArrayQueue.poll(BlockingArrayQueue.java:392)&#10;        at org.eclipse.jetty.util.thread.QueuedThreadPool.idleJobPoll(QueuedThreadPool.java:563)&#10;        at org.eclipse.jetty.util.thread.QueuedThreadPool.access$800(QueuedThreadPool.java:48)&#10;        at org.eclipse.jetty.util.thread.QueuedThreadPool$2.run(QueuedThreadPool.java:626)&#10;        at java.lang.Thread.run(Thread.java:748)&#10;&quot;Thread-2997&quot; daemon prio=5 tid=3812 timed_waiting&#10;java.lang.Thread.State: TIMED_WAITING&#10;        at java.lang.Thread.sleep(Native Method)&#10;        at org.apache.ratis.util.JavaUtils.sleep(JavaUtils.java:247)&#10;        at org.apache.ratis.server.impl.FollowerState.run(FollowerState.java:97)&#10;&quot;qtp818010696-1177&quot; daemon prio=5 tid=1177 timed_waiting&#10;java.lang.Thread.State: TIMED_WAITING&#10;        at sun.misc.Unsafe.park(Native Method)&#10;        at java.util.concurrent.locks.LockSupport.parkNanos(LockSupport.java:215)&#10;        at java.util.concurrent.locks.AbstractQueuedSynchronizer$ConditionObject.awaitNanos(AbstractQueuedSynchronizer.java:2078)&#10;        at org.eclipse.jetty.util.BlockingArrayQueue.poll(BlockingArrayQueue.java:392)&#10;        at org.eclipse.jetty.util.thread.QueuedThreadPool.idleJobPoll(QueuedThreadPool.java:563)&#10;        at org.eclipse.jetty.util.thread.QueuedThreadPool.access$800(QueuedThreadPool.java:48)&#10;        at org.eclipse.jetty.util.thread.QueuedThreadPool$2.run(QueuedThreadPool.java:626)&#10;        at java.lang.Thread.run(Thread.java:748)&#10;&quot;IPC Server handler 7 on 44367&quot; daemon prio=5 tid=1073 timed_waiting&#10;java.lang.Thread.State: TIMED_WAITING&#10;        at sun.misc.Unsafe.park(Native Method)&#10;        at java.util.concurrent.locks.LockSupport.parkNanos(LockSupport.java:215)&#10;        at java.util.concurrent.locks.AbstractQueuedSynchronizer$ConditionObject.awaitNanos(AbstractQueuedSynchronizer.java:2078)&#10;        at java.util.concurrent.LinkedBlockingQueue.poll(LinkedBlockingQueue.java:467)&#10;        at org.apache.hadoop.ipc.CallQueueManager.take(CallQueueManager.java:288)&#10;        at org.apache.hadoop.ipc.Server$Handler.run(Server.java:2668)&#10;&quot;pool-106-thread-60&quot;  prio=5 tid=1428 in Object.wait()&#10;java.lang.Thread.State: WAITING (on object monitor)&#10;        at sun.misc.Unsafe.park(Native Method)&#10;        at java.util.concurrent.locks.LockSupport.park(LockSupport.java:175)&#10;        at java.util.concurrent.locks.AbstractQueuedSynchronizer$ConditionObject.await(AbstractQueuedSynchronizer.java:2039)&#10;        at java.util.concurrent.ArrayBlockingQueue.take(ArrayBlockingQueue.java:403)&#10;        at java.util.concurrent.ThreadPoolExecutor.getTask(ThreadPoolExecutor.java:1074)&#10;        at java.util.concurrent.ThreadPoolExecutor.runWorker(ThreadPoolExecutor.java:1134)&#10;        at java.util.concurrent.ThreadPoolExecutor$Worker.run(ThreadPoolExecutor.java:624)&#10;        at java.lang.Thread.run(Thread.java:748)&#10;&quot;pool-126-thread-30&quot;  prio=5 tid=1300 in Object.wait()&#10;java.lang.Thread.State: WAITING (on object monitor)&#10;        at sun.misc.Unsafe.park(Native Method)&#10;        at java.util.concurrent.locks.LockSupport.park(LockSupport.java:175)&#10;        at java.util.concurrent.locks.AbstractQueuedSynchronizer$ConditionObject.await(AbstractQueuedSynchronizer.java:2039)&#10;        at java.util.concurrent.ArrayBlockingQueue.take(ArrayBlockingQueue.java:403)&#10;        at java.util.concurrent.ThreadPoolExecutor.getTask(ThreadPoolExecutor.java:1074)&#10;        at java.util.concurrent.ThreadPoolExecutor.runWorker(ThreadPoolExecutor.java:1134)&#10;        at java.util.concurrent.ThreadPoolExecutor$Worker.run(ThreadPoolExecutor.java:624)&#10;        at java.lang.Thread.run(Thread.java:748)&#10;&quot;IPC Server handler 11 on 42245&quot; daemon prio=5 tid=1037 timed_waiting&#10;java.lang.Thread.State: TIMED_WAITING&#10;        at sun.misc.Unsafe.park(Native Method)&#10;        at java.util.concurrent.locks.LockSupport.parkNanos(LockSupport.java:215)&#10;        at java.util.concurrent.locks.AbstractQueuedSynchronizer$ConditionObject.awaitNanos(AbstractQueuedSynchronizer.java:2078)&#10;        at java.util.concurrent.LinkedBlockingQueue.poll(LinkedBlockingQueue.java:467)&#10;        at org.apache.hadoop.ipc.CallQueueManager.take(CallQueueManager.java:288)&#10;        at org.apache.hadoop.ipc.Server$Handler.run(Server.java:2668)&#10;&quot;pool-106-thread-38&quot;  prio=5 tid=1406 in Object.wait()&#10;java.lang.Thread.State: WAITING (on object monitor)&#10;        at sun.misc.Unsafe.park(Native Method)&#10;        at java.util.concurrent.locks.LockSupport.park(LockSupport.java:175)&#10;        at java.util.concurrent.locks.AbstractQueuedSynchronizer$ConditionObject.await(AbstractQueuedSynchronizer.java:2039)&#10;        at java.util.concurrent.ArrayBlockingQueue.take(ArrayBlockingQueue.java:403)&#10;        at java.util.concurrent.ThreadPoolExecutor.getTask(ThreadPoolExecutor.java:1074)&#10;        at java.util.concurrent.ThreadPoolExecutor.runWorker(ThreadPoolExecutor.java:1134)&#10;        at java.util.concurrent.ThreadPoolExecutor$Worker.run(ThreadPoolExecutor.java:624)&#10;        at java.lang.Thread.run(Thread.java:748)&#10;&quot;metrics-hadoop-metrics2-reporter-17-thread-1&quot; daemon prio=5 tid=743 timed_waiting&#10;java.lang.Thread.State: TIMED_WAITING&#10;        at sun.misc.Unsafe.park(Native Method)&#10;        at java.util.concurrent.locks.LockSupport.parkNanos(LockSupport.java:215)&#10;        at java.util.concurrent.locks.AbstractQueuedSynchronizer$ConditionObject.awaitNanos(AbstractQueuedSynchronizer.java:2078)&#10;        at java.util.concurrent.ScheduledThreadPoolExecutor$DelayedWorkQueue.take(ScheduledThreadPoolExecutor.java:1093)&#10;        at java.util.concurrent.ScheduledThreadPoolExecutor$DelayedWorkQueue.take(ScheduledThreadPoolExecutor.java:809)&#10;        at java.util.concurrent.ThreadPoolExecutor.getTask(ThreadPoolExecutor.java:1074)&#10;        at java.util.concurrent.ThreadPoolExecutor.runWorker(ThreadPoolExecutor.java:1134)&#10;        at java.util.concurrent.ThreadPoolExecutor$Worker.run(ThreadPoolExecutor.java:624)&#10;        at java.lang.Thread.run(Thread.java:748)&#10;&quot;org.eclipse.jetty.server.session.HashSessionManager@5c83ae01Timer&quot; daemon prio=5 tid=1178 timed_waiting&#10;java.lang.Thread.State: TIMED_WAITING&#10;        at sun.misc.Unsafe.park(Native Method)&#10;        at java.util.concurrent.locks.LockSupport.parkNanos(LockSupport.java:215)&#10;        at java.util.concurrent.locks.AbstractQueuedSynchronizer$ConditionObject.awaitNanos(AbstractQueuedSynchronizer.java:2078)&#10;        at java.util.concurrent.ScheduledThreadPoolExecutor$DelayedWorkQueue.take(ScheduledThreadPoolExecutor.java:1093)&#10;        at java.util.concurrent.ScheduledThreadPoolExecutor$DelayedWorkQueue.take(ScheduledThreadPoolExecutor.java:809)&#10;        at java.util.concurrent.ThreadPoolExecutor.getTask(ThreadPoolExecutor.java:1074)&#10;        at java.util.concurrent.ThreadPoolExecutor.runWorker(ThreadPoolExecutor.java:1134)&#10;        at java.util.concurrent.ThreadPoolExecutor$Worker.run(ThreadPoolExecutor.java:624)&#10;        at java.lang.Thread.run(Thread.java:748)&#10;&quot;metrics-hadoop-metrics2-reporter-20-thread-1&quot; daemon prio=5 tid=751 timed_waiting&#10;java.lang.Thread.State: TIMED_WAITING&#10;        at sun.misc.Unsafe.park(Native Method)&#10;        at java.util.concurrent.locks.LockSupport.parkNanos(LockSupport.java:215)&#10;        at java.util.concurrent.locks.AbstractQueuedSynchronizer$ConditionObject.awaitNanos(AbstractQueuedSynchronizer.java:2078)&#10;        at java.util.concurrent.ScheduledThreadPoolExecutor$DelayedWorkQueue.take(ScheduledThreadPoolExecutor.java:1093)&#10;        at java.util.concurrent.ScheduledThreadPoolExecutor$DelayedWorkQueue.take(ScheduledThreadPoolExecutor.java:809)&#10;        at java.util.concurrent.ThreadPoolExecutor.getTask(ThreadPoolExecutor.java:1074)&#10;        at java.util.concurrent.ThreadPoolExecutor.runWorker(ThreadPoolExecutor.java:1134)&#10;        at java.util.concurrent.ThreadPoolExecutor$Worker.run(ThreadPoolExecutor.java:624)&#10;        at java.lang.Thread.run(Thread.java:748)&#10;&quot;24020d0b-ce61-4f5a-b0b0-c561541e8cd4@group-FEB16DB33BA8-SegmentedRaftLogWorker&quot;  prio=5 tid=1169 timed_waiting&#10;java.lang.Thread.State: TIMED_WAITING&#10;        at sun.misc.Unsafe.park(Native Method)&#10;        at java.util.concurrent.locks.LockSupport.parkNanos(LockSupport.java:215)&#10;        at java.util.concurrent.locks.AbstractQueuedSynchronizer$ConditionObject.awaitNanos(AbstractQueuedSynchronizer.java:2078)&#10;        at org.apache.ratis.util.DataBlockingQueue.poll(DataBlockingQueue.java:137)&#10;        at org.apache.ratis.server.raftlog.segmented.SegmentedRaftLogWorker.run(SegmentedRaftLogWorker.java:282)&#10;        at java.lang.Thread.run(Thread.java:748)&#10;&quot;Datanode State Machine Thread - 0&quot; daemon prio=5 tid=1160 timed_waiting&#10;java.lang.Thread.State: TIMED_WAITING&#10;        at sun.misc.Unsafe.park(Native Method)&#10;        at java.util.concurrent.locks.LockSupport.parkNanos(LockSupport.java:215)&#10;        at java.util.concurrent.SynchronousQueue$TransferStack.awaitFulfill(SynchronousQueue.java:460)&#10;        at java.util.concurrent.SynchronousQueue$TransferStack.transfer(SynchronousQueue.java:362)&#10;        at java.util.concurrent.SynchronousQueue.poll(SynchronousQueue.java:941)&#10;        at java.util.concurrent.ThreadPoolExecutor.getTask(ThreadPoolExecutor.java:1073)&#10;        at java.util.concurrent.ThreadPoolExecutor.runWorker(ThreadPoolExecutor.java:1134)&#10;        at java.util.concurrent.ThreadPoolExecutor$Worker.run(ThreadPoolExecutor.java:624)&#10;        at java.lang.Thread.run(Thread.java:748)&#10;&quot;IPC Server handler 16 on 34783&quot; daemon prio=5 tid=993 timed_waiting&#10;java.lang.Thread.State: TIMED_WAITING&#10;        at sun.misc.Unsafe.park(Native Method)&#10;        at java.util.concurrent.locks.LockSupport.parkNanos(LockSupport.java:215)&#10;        at java.util.concurrent.locks.AbstractQueuedSynchronizer$ConditionObject.awaitNanos(AbstractQueuedSynchronizer.java:2078)&#10;        at java.util.concurrent.LinkedBlockingQueue.poll(LinkedBlockingQueue.java:467)&#10;        at org.apache.hadoop.ipc.CallQueueManager.take(CallQueueManager.java:288)&#10;        at org.apache.hadoop.ipc.Server$Handler.run(Server.java:2668)&#10;&quot;pool-126-thread-51&quot;  prio=5 tid=1321 in Object.wait()&#10;java.lang.Thread.State: WAITING (on object monitor)&#10;        at sun.misc.Unsafe.park(Native Method)&#10;        at java.util.concurrent.locks.LockSupport.park(LockSupport.java:175)&#10;        at java.util.concurrent.locks.AbstractQueuedSynchronizer$ConditionObject.await(AbstractQueuedSynchronizer.java:2039)&#10;        at java.util.concurrent.ArrayBlockingQueue.take(ArrayBlockingQueue.java:403)&#10;        at java.util.concurrent.ThreadPoolExecutor.getTask(ThreadPoolExecutor.java:1074)&#10;        at java.util.concurrent.ThreadPoolExecutor.runWorker(ThreadPoolExecutor.java:1134)&#10;        at java.util.concurrent.ThreadPoolExecutor$Worker.run(ThreadPoolExecutor.java:624)&#10;        at java.lang.Thread.run(Thread.java:748)&#10;&quot;pool-116-thread-34&quot;  prio=5 tid=1228 in Object.wait()&#10;java.lang.Thread.State: WAITING (on object monitor)&#10;        at sun.misc.Unsafe.park(Native Method)&#10;        at java.util.concurrent.locks.LockSupport.park(LockSupport.java:175)&#10;        at java.util.concurrent.locks.AbstractQueuedSynchronizer$ConditionObject.await(AbstractQueuedSynchronizer.java:2039)&#10;        at java.util.concurrent.ArrayBlockingQueue.take(ArrayBlockingQueue.java:403)&#10;        at java.util.concurrent.ThreadPoolExecutor.getTask(ThreadPoolExecutor.java:1074)&#10;        at java.util.concurrent.ThreadPoolExecutor.runWorker(ThreadPoolExecutor.java:1134)&#10;        at java.util.concurrent.ThreadPoolExecutor$Worker.run(ThreadPoolExecutor.java:624)&#10;        at java.lang.Thread.run(Thread.java:748)&#10;&quot;qtp1937575946-1109&quot; daemon prio=5 tid=1109 runnable&#10;java.lang.Thread.State: RUNNABLE&#10;        at sun.nio.ch.EPollArrayWrapper.epollWait(Native Method)&#10;        at sun.nio.ch.EPollArrayWrapper.poll(EPollArrayWrapper.java:269)&#10;        at sun.nio.ch.EPollSelectorImpl.doSelect(EPollSelectorImpl.java:93)&#10;        at sun.nio.ch.SelectorImpl.lockAndDoSelect(SelectorImpl.java:86)&#10;        at sun.nio.ch.SelectorImpl.select(SelectorImpl.java:97)&#10;        at sun.nio.ch.SelectorImpl.select(SelectorImpl.java:101)&#10;        at org.eclipse.jetty.io.ManagedSelector$SelectorProducer.select(ManagedSelector.java:243)&#10;        at org.eclipse.jetty.io.ManagedSelector$SelectorProducer.produce(ManagedSelector.java:191)&#10;        at org.eclipse.jetty.util.thread.strategy.ExecuteProduceConsume.executeProduceConsume(ExecuteProduceConsume.java:249)&#10;        at org.eclipse.jetty.util.thread.strategy.ExecuteProduceConsume.produceConsume(ExecuteProduceConsume.java:148)&#10;        at org.eclipse.jetty.util.thread.strategy.ExecuteProduceConsume.execute(ExecuteProduceConsume.java:100)&#10;        at org.eclipse.jetty.io.ManagedSelector.run(ManagedSelector.java:147)&#10;        at org.eclipse.jetty.util.thread.QueuedThreadPool.runJob(QueuedThreadPool.java:671)&#10;        at org.eclipse.jetty.util.thread.QueuedThreadPool$2.run(QueuedThreadPool.java:589)&#10;        at java.lang.Thread.run(Thread.java:748)&#10;&quot;metrics-hadoop-metrics2-reporter-8-thread-1&quot; daemon prio=5 tid=721 timed_waiting&#10;java.lang.Thread.State: TIMED_WAITING&#10;        at sun.misc.Unsafe.park(Native Method)&#10;        at java.util.concurrent.locks.LockSupport.parkNanos(LockSupport.java:215)&#10;        at java.util.concurrent.locks.AbstractQueuedSynchronizer$ConditionObject.awaitNanos(AbstractQueuedSynchronizer.java:2078)&#10;        at java.util.concurrent.ScheduledThreadPoolExecutor$DelayedWorkQueue.take(ScheduledThreadPoolExecutor.java:1093)&#10;        at java.util.concurrent.ScheduledThreadPoolExecutor$DelayedWorkQueue.take(ScheduledThreadPoolExecutor.java:809)&#10;        at java.util.concurrent.ThreadPoolExecutor.getTask(ThreadPoolExecutor.java:1074)&#10;        at java.util.concurrent.ThreadPoolExecutor.runWorker(ThreadPoolExecutor.java:1134)&#10;        at java.util.concurrent.ThreadPoolExecutor$Worker.run(ThreadPoolExecutor.java:624)&#10;        at java.lang.Thread.run(Thread.java:748)&#10;&quot;pool-106-thread-14&quot;  prio=5 tid=1382 in Object.wait()&#10;java.lang.Thread.State: WAITING (on object monitor)&#10;        at sun.misc.Unsafe.park(Native Method)&#10;        at java.util.concurrent.locks.LockSupport.park(LockSupport.java:175)&#10;        at java.util.concurrent.locks.AbstractQueuedSynchronizer$ConditionObject.await(AbstractQueuedSynchronizer.java:2039)&#10;        at java.util.concurrent.ArrayBlockingQueue.take(ArrayBlockingQueue.java:403)&#10;        at java.util.concurrent.ThreadPoolExecutor.getTask(ThreadPoolExecutor.java:1074)&#10;        at java.util.concurrent.ThreadPoolExecutor.runWorker(ThreadPoolExecutor.java:1134)&#10;        at java.util.concurrent.ThreadPoolExecutor$Worker.run(ThreadPoolExecutor.java:624)&#10;        at java.lang.Thread.run(Thread.java:748)&#10;&quot;Thread-576&quot; daemon prio=5 tid=1262 timed_waiting&#10;java.lang.Thread.State: TIMED_WAITING&#10;        at sun.misc.Unsafe.park(Native Method)&#10;        at java.util.concurrent.locks.LockSupport.parkNanos(LockSupport.java:215)&#10;        at java.util.concurrent.locks.AbstractQueuedSynchronizer$ConditionObject.awaitNanos(AbstractQueuedSynchronizer.java:2078)&#10;        at java.util.concurrent.ArrayBlockingQueue.poll(ArrayBlockingQueue.java:418)&#10;        at org.apache.ratis.server.impl.LeaderState$EventQueue.poll(LeaderState.java:115)&#10;        at org.apache.ratis.server.impl.LeaderState$EventProcessor.run(LeaderState.java:467)&#10;&quot;pool-106-thread-57&quot;  prio=5 tid=1425 in Object.wait()&#10;java.lang.Thread.State: WAITING (on object monitor)&#10;        at sun.misc.Unsafe.park(Native Method)&#10;        at java.util.concurrent.locks.LockSupport.park(LockSupport.java:175)&#10;        at java.util.concurrent.locks.AbstractQueuedSynchronizer$ConditionObject.await(AbstractQueuedSynchronizer.java:2039)&#10;        at java.util.concurrent.ArrayBlockingQueue.take(ArrayBlockingQueue.java:403)&#10;        at java.util.concurrent.ThreadPoolExecutor.getTask(ThreadPoolExecutor.java:1074)&#10;        at java.util.concurrent.ThreadPoolExecutor.runWorker(ThreadPoolExecutor.java:1134)&#10;        at java.util.concurrent.ThreadPoolExecutor$Worker.run(ThreadPoolExecutor.java:624)&#10;        at java.lang.Thread.run(Thread.java:748)&#10;&quot;qtp1937575946-1114&quot; daemon prio=5 tid=1114 timed_waiting&#10;java.lang.Thread.State: TIMED_WAITING&#10;        at sun.misc.Unsafe.park(Native Method)&#10;        at java.util.concurrent.locks.LockSupport.parkNanos(LockSupport.java:215)&#10;        at java.util.concurrent.locks.AbstractQueuedSynchronizer$ConditionObject.awaitNanos(AbstractQueuedSynchronizer.java:2078)&#10;        at org.eclipse.jetty.util.BlockingArrayQueue.poll(BlockingArrayQueue.java:392)&#10;        at org.eclipse.jetty.util.thread.QueuedThreadPool.idleJobPoll(QueuedThreadPool.java:563)&#10;        at org.eclipse.jetty.util.thread.QueuedThreadPool.access$800(QueuedThreadPool.java:48)&#10;        at org.eclipse.jetty.util.thread.QueuedThreadPool$2.run(QueuedThreadPool.java:626)&#10;        at java.lang.Thread.run(Thread.java:748)&#10;&quot;pool-116-thread-15&quot;  prio=5 tid=1209 in Object.wait()&#10;java.lang.Thread.State: WAITING (on object monitor)&#10;        at sun.misc.Unsafe.park(Native Method)&#10;        at java.util.concurrent.locks.LockSupport.park(LockSupport.java:175)&#10;        at java.util.concurrent.locks.AbstractQueuedSynchronizer$ConditionObject.await(AbstractQueuedSynchronizer.java:2039)&#10;        at java.util.concurrent.ArrayBlockingQueue.take(ArrayBlockingQueue.java:403)&#10;        at java.util.concurrent.ThreadPoolExecutor.getTask(ThreadPoolExecutor.java:1074)&#10;        at java.util.concurrent.ThreadPoolExecutor.runWorker(ThreadPoolExecutor.java:1134)&#10;        at java.util.concurrent.ThreadPoolExecutor$Worker.run(ThreadPoolExecutor.java:624)&#10;        at java.lang.Thread.run(Thread.java:748)&#10;&quot;pool-116-thread-10&quot;  prio=5 tid=1204 in Object.wait()&#10;java.lang.Thread.State: WAITING (on object monitor)&#10;        at sun.misc.Unsafe.park(Native Method)&#10;        at java.util.concurrent.locks.LockSupport.park(LockSupport.java:175)&#10;        at java.util.concurrent.locks.AbstractQueuedSynchronizer$ConditionObject.await(AbstractQueuedSynchronizer.java:2039)&#10;        at java.util.concurrent.ArrayBlockingQueue.take(ArrayBlockingQueue.java:403)&#10;        at java.util.concurrent.ThreadPoolExecutor.getTask(ThreadPoolExecutor.java:1074)&#10;        at java.util.concurrent.ThreadPoolExecutor.runWorker(ThreadPoolExecutor.java:1134)&#10;        at java.util.concurrent.ThreadPoolExecutor$Worker.run(ThreadPoolExecutor.java:624)&#10;        at java.lang.Thread.run(Thread.java:748)&#10;&quot;IPC Server handler 8 on 34783&quot; daemon prio=5 tid=985 timed_waiting&#10;java.lang.Thread.State: TIMED_WAITING&#10;        at sun.misc.Unsafe.park(Native Method)&#10;        at java.util.concurrent.locks.LockSupport.parkNanos(LockSupport.java:215)&#10;        at java.util.concurrent.locks.AbstractQueuedSynchronizer$ConditionObject.awaitNanos(AbstractQueuedSynchronizer.java:2078)&#10;        at java.util.concurrent.LinkedBlockingQueue.poll(LinkedBlockingQueue.java:467)&#10;        at org.apache.hadoop.ipc.CallQueueManager.take(CallQueueManager.java:288)&#10;        at org.apache.hadoop.ipc.Server$Handler.run(Server.java:2668)&#10;&quot;pool-126-thread-48&quot;  prio=5 tid=1318 in Object.wait()&#10;java.lang.Thread.State: WAITING (on object monitor)&#10;        at sun.misc.Unsafe.park(Native Method)&#10;        at java.util.concurrent.locks.LockSupport.park(LockSupport.java:175)&#10;        at java.util.concurrent.locks.AbstractQueuedSynchronizer$ConditionObject.await(AbstractQueuedSynchronizer.java:2039)&#10;        at java.util.concurrent.ArrayBlockingQueue.take(ArrayBlockingQueue.java:403)&#10;        at java.util.concurrent.ThreadPoolExecutor.getTask(ThreadPoolExecutor.java:1074)&#10;        at java.util.concurrent.ThreadPoolExecutor.runWorker(ThreadPoolExecutor.java:1134)&#10;        at java.util.concurrent.ThreadPoolExecutor$Worker.run(ThreadPoolExecutor.java:624)&#10;        at java.lang.Thread.run(Thread.java:748)&#10;&quot;IPC Server handler 14 on 44367&quot; daemon prio=5 tid=1080 timed_waiting&#10;java.lang.Thread.State: TIMED_WAITING&#10;        at sun.misc.Unsafe.park(Native Method)&#10;        at java.util.concurrent.locks.LockSupport.parkNanos(LockSupport.java:215)&#10;        at java.util.concurrent.locks.AbstractQueuedSynchronizer$ConditionObject.awaitNanos(AbstractQueuedSynchronizer.java:2078)&#10;        at java.util.concurrent.LinkedBlockingQueue.poll(LinkedBlockingQueue.java:467)&#10;        at org.apache.hadoop.ipc.CallQueueManager.take(CallQueueManager.java:288)&#10;        at org.apache.hadoop.ipc.Server$Handler.run(Server.java:2668)&#10;&quot;IPC Server handler 1 on 34783&quot; daemon prio=5 tid=978 timed_waiting&#10;java.lang.Thread.State: TIMED_WAITING&#10;        at sun.misc.Unsafe.park(Native Method)&#10;        at java.util.concurrent.locks.LockSupport.parkNanos(LockSupport.java:215)&#10;        at java.util.concurrent.locks.AbstractQueuedSynchronizer$ConditionObject.awaitNanos(AbstractQueuedSynchronizer.java:2078)&#10;        at java.util.concurrent.LinkedBlockingQueue.poll(LinkedBlockingQueue.java:467)&#10;        at org.apache.hadoop.ipc.CallQueueManager.take(CallQueueManager.java:288)&#10;        at org.apache.hadoop.ipc.Server$Handler.run(Server.java:2668)&#10;&quot;metrics-hadoop-metrics2-reporter-29-thread-1&quot; daemon prio=5 tid=771 timed_waiting&#10;java.lang.Thread.State: TIMED_WAITING&#10;        at sun.misc.Unsafe.park(Native Method)&#10;        at java.util.concurrent.locks.LockSupport.parkNanos(LockSupport.java:215)&#10;        at java.util.concurrent.locks.AbstractQueuedSynchronizer$ConditionObject.awaitNanos(AbstractQueuedSynchronizer.java:2078)&#10;        at java.util.concurrent.ScheduledThreadPoolExecutor$DelayedWorkQueue.take(ScheduledThreadPoolExecutor.java:1093)&#10;        at java.util.concurrent.ScheduledThreadPoolExecutor$DelayedWorkQueue.take(ScheduledThreadPoolExecutor.java:809)&#10;        at java.util.concurrent.ThreadPoolExecutor.getTask(ThreadPoolExecutor.java:1074)&#10;        at java.util.concurrent.ThreadPoolExecutor.runWorker(ThreadPoolExecutor.java:1134)&#10;        at java.util.concurrent.ThreadPoolExecutor$Worker.run(ThreadPoolExecutor.java:624)&#10;        at java.lang.Thread.run(Thread.java:748)&#10;&quot;qtp995381766-1005&quot; daemon prio=5 tid=1005 timed_waiting&#10;java.lang.Thread.State: TIMED_WAITING&#10;        at sun.misc.Unsafe.park(Native Method)&#10;        at java.util.concurrent.locks.LockSupport.parkNanos(LockSupport.java:215)&#10;        at java.util.concurrent.locks.AbstractQueuedSynchronizer$ConditionObject.awaitNanos(AbstractQueuedSynchronizer.java:2078)&#10;        at org.eclipse.jetty.util.BlockingArrayQueue.poll(BlockingArrayQueue.java:392)&#10;        at org.eclipse.jetty.util.thread.QueuedThreadPool.idleJobPoll(QueuedThreadPool.java:563)&#10;        at org.eclipse.jetty.util.thread.QueuedThreadPool.access$800(QueuedThreadPool.java:48)&#10;        at org.eclipse.jetty.util.thread.QueuedThreadPool$2.run(QueuedThreadPool.java:626)&#10;        at java.lang.Thread.run(Thread.java:748)&#10;&quot;IPC Server handler 9 on 44367&quot; daemon prio=5 tid=1075 timed_waiting&#10;java.lang.Thread.State: TIMED_WAITING&#10;        at sun.misc.Unsafe.park(Native Method)&#10;        at java.util.concurrent.locks.LockSupport.parkNanos(LockSupport.java:215)&#10;        at java.util.concurrent.locks.AbstractQueuedSynchronizer$ConditionObject.awaitNanos(AbstractQueuedSynchronizer.java:2078)&#10;        at java.util.concurrent.LinkedBlockingQueue.poll(LinkedBlockingQueue.java:467)&#10;        at org.apache.hadoop.ipc.CallQueueManager.take(CallQueueManager.java:288)&#10;        at org.apache.hadoop.ipc.Server$Handler.run(Server.java:2668)&#10;&quot;jaeger.RemoteReporter-FlushTimer&quot; daemon prio=5 tid=148 timed_waiting&#10;java.lang.Thread.State: TIMED_WAITING&#10;        at java.lang.Object.wait(Native Method)&#10;        at java.util.TimerThread.mainLoop(Timer.java:552)&#10;        at java.util.TimerThread.run(Timer.java:505)&#10;&quot;IPC Server listener on 34783&quot; daemon prio=5 tid=973 runnable&#10;java.lang.Thread.State: RUNNABLE&#10;        at sun.nio.ch.EPollArrayWrapper.epollWait(Native Method)&#10;        at sun.nio.ch.EPollArrayWrapper.poll(EPollArrayWrapper.java:269)&#10;        at sun.nio.ch.EPollSelectorImpl.doSelect(EPollSelectorImpl.java:93)&#10;        at sun.nio.ch.SelectorImpl.lockAndDoSelect(SelectorImpl.java:86)&#10;        at sun.nio.ch.SelectorImpl.select(SelectorImpl.java:97)&#10;        at sun.nio.ch.SelectorImpl.select(SelectorImpl.java:101)&#10;        at org.apache.hadoop.ipc.Server$Listener.run(Server.java:1159)&#10;&quot;pool-126-thread-5&quot;  prio=5 tid=1275 in Object.wait()&#10;java.lang.Thread.State: WAITING (on object monitor)&#10;        at sun.misc.Unsafe.park(Native Method)&#10;        at java.util.concurrent.locks.LockSupport.park(LockSupport.java:175)&#10;        at java.util.concurrent.locks.AbstractQueuedSynchronizer$ConditionObject.await(AbstractQueuedSynchronizer.java:2039)&#10;        at java.util.concurrent.ArrayBlockingQueue.take(ArrayBlockingQueue.java:403)&#10;        at java.util.concurrent.ThreadPoolExecutor.getTask(ThreadPoolExecutor.java:1074)&#10;        at java.util.concurrent.ThreadPoolExecutor.runWorker(ThreadPoolExecutor.java:1134)&#10;        at java.util.concurrent.ThreadPoolExecutor$Worker.run(ThreadPoolExecutor.java:624)&#10;        at java.lang.Thread.run(Thread.java:748)&#10;&quot;grpc-default-executor-1&quot; daemon prio=5 tid=1342 timed_waiting&#10;java.lang.Thread.State: TIMED_WAITING&#10;        at sun.misc.Unsafe.park(Native Method)&#10;        at java.util.concurrent.locks.LockSupport.parkNanos(LockSupport.java:215)&#10;        at java.util.concurrent.SynchronousQueue$TransferStack.awaitFulfill(SynchronousQueue.java:460)&#10;        at java.util.concurrent.SynchronousQueue$TransferStack.transfer(SynchronousQueue.java:362)&#10;        at java.util.concurrent.SynchronousQueue.poll(SynchronousQueue.java:941)&#10;        at java.util.concurrent.ThreadPoolExecutor.getTask(ThreadPoolExecutor.java:1073)&#10;        at java.util.concurrent.ThreadPoolExecutor.runWorker(ThreadPoolExecutor.java:1134)&#10;        at java.util.concurrent.ThreadPoolExecutor$Worker.run(ThreadPoolExecutor.java:624)&#10;        at java.lang.Thread.run(Thread.java:748)&#10;&quot;Datanode ReportManager Thread - 3&quot; daemon prio=5 tid=1157 timed_waiting&#10;java.lang.Thread.State: TIMED_WAITING&#10;        at sun.misc.Unsafe.park(Native Method)&#10;        at java.util.concurrent.locks.LockSupport.parkNanos(LockSupport.java:215)&#10;        at java.util.concurrent.locks.AbstractQueuedSynchronizer$ConditionObject.awaitNanos(AbstractQueuedSynchronizer.java:2078)&#10;        at java.util.concurrent.ScheduledThreadPoolExecutor$DelayedWorkQueue.take(ScheduledThreadPoolExecutor.java:1093)&#10;        at java.util.concurrent.ScheduledThreadPoolExecutor$DelayedWorkQueue.take(ScheduledThreadPoolExecutor.java:809)&#10;        at java.util.concurrent.ThreadPoolExecutor.getTask(ThreadPoolExecutor.java:1074)&#10;        at java.util.concurrent.ThreadPoolExecutor.runWorker(ThreadPoolExecutor.java:1134)&#10;        at java.util.concurrent.ThreadPoolExecutor$Worker.run(ThreadPoolExecutor.java:624)&#10;        at java.lang.Thread.run(Thread.java:748)&#10;&quot;Datanode ReportManager Thread - 2&quot; daemon prio=5 tid=1187 in Object.wait()&#10;java.lang.Thread.State: WAITING (on object monitor)&#10;        at sun.misc.Unsafe.park(Native Method)&#10;        at java.util.concurrent.locks.LockSupport.park(LockSupport.java:175)&#10;        at java.util.concurrent.locks.AbstractQueuedSynchronizer$ConditionObject.await(AbstractQueuedSynchronizer.java:2039)&#10;        at java.util.concurrent.ScheduledThreadPoolExecutor$DelayedWorkQueue.take(ScheduledThreadPoolExecutor.java:1088)&#10;        at java.util.concurrent.ScheduledThreadPoolExecutor$DelayedWorkQueue.take(ScheduledThreadPoolExecutor.java:809)&#10;        at java.util.concurrent.ThreadPoolExecutor.getTask(ThreadPoolExecutor.java:1074)&#10;        at java.util.concurrent.ThreadPoolExecutor.runWorker(ThreadPoolExecutor.java:1134)&#10;        at java.util.concurrent.ThreadPoolExecutor$Worker.run(ThreadPoolExecutor.java:624)&#10;        at java.lang.Thread.run(Thread.java:748)&#10;&quot;metrics-hadoop-metrics2-reporter-53-thread-1&quot; daemon prio=5 tid=939 timed_waiting&#10;java.lang.Thread.State: TIMED_WAITING&#10;        at sun.misc.Unsafe.park(Native Method)&#10;        at java.util.concurrent.locks.LockSupport.parkNanos(LockSupport.java:215)&#10;        at java.util.concurrent.locks.AbstractQueuedSynchronizer$ConditionObject.awaitNanos(AbstractQueuedSynchronizer.java:2078)&#10;        at java.util.concurrent.ScheduledThreadPoolExecutor$DelayedWorkQueue.take(ScheduledThreadPoolExecutor.java:1093)&#10;        at java.util.concurrent.ScheduledThreadPoolExecutor$DelayedWorkQueue.take(ScheduledThreadPoolExecutor.java:809)&#10;        at java.util.concurrent.ThreadPoolExecutor.getTask(ThreadPoolExecutor.java:1074)&#10;        at java.util.concurrent.ThreadPoolExecutor.runWorker(ThreadPoolExecutor.java:1134)&#10;        at java.util.concurrent.ThreadPoolExecutor$Worker.run(ThreadPoolExecutor.java:624)&#10;        at java.lang.Thread.run(Thread.java:748)&#10;&quot;IPC Server handler 7 on 42245&quot; daemon prio=5 tid=1033 timed_waiting&#10;java.lang.Thread.State: TIMED_WAITING&#10;        at sun.misc.Unsafe.park(Native Method)&#10;        at java.util.concurrent.locks.LockSupport.parkNanos(LockSupport.java:215)&#10;        at java.util.concurrent.locks.AbstractQueuedSynchronizer$ConditionObject.awaitNanos(AbstractQueuedSynchronizer.java:2078)&#10;        at java.util.concurrent.LinkedBlockingQueue.poll(LinkedBlockingQueue.java:467)&#10;        at org.apache.hadoop.ipc.CallQueueManager.take(CallQueueManager.java:288)&#10;        at org.apache.hadoop.ipc.Server$Handler.run(Server.java:2668)&#10;&quot;Socket Reader #1 for port 41574&quot;  prio=5 tid=1016 runnable&#10;java.lang.Thread.State: RUNNABLE&#10;        at sun.nio.ch.EPollArrayWrapper.epollWait(Native Method)&#10;        at sun.nio.ch.EPollArrayWrapper.poll(EPollArrayWrapper.java:269)&#10;        at sun.nio.ch.EPollSelectorImpl.doSelect(EPollSelectorImpl.java:93)&#10;        at sun.nio.ch.SelectorImpl.lockAndDoSelect(SelectorImpl.java:86)&#10;        at sun.nio.ch.SelectorImpl.select(SelectorImpl.java:97)&#10;        at sun.nio.ch.SelectorImpl.select(SelectorImpl.java:101)&#10;        at org.apache.hadoop.ipc.Server$Listener$Reader.doRunLoop(Server.java:1097)&#10;        at org.apache.hadoop.ipc.Server$Listener$Reader.run(Server.java:1076)&#10;&quot;qtp818010696-1175&quot; daemon prio=5 tid=1175 timed_waiting&#10;java.lang.Thread.State: TIMED_WAITING&#10;        at sun.misc.Unsafe.park(Native Method)&#10;        at java.util.concurrent.locks.LockSupport.parkNanos(LockSupport.java:215)&#10;        at java.util.concurrent.locks.AbstractQueuedSynchronizer$ConditionObject.awaitNanos(AbstractQueuedSynchronizer.java:2078)&#10;        at org.eclipse.jetty.util.BlockingArrayQueue.poll(BlockingArrayQueue.java:392)&#10;        at org.eclipse.jetty.util.thread.QueuedThreadPool.idleJobPoll(QueuedThreadPool.java:563)&#10;        at org.eclipse.jetty.util.thread.QueuedThreadPool.access$800(QueuedThreadPool.java:48)&#10;        at org.eclipse.jetty.util.thread.QueuedThreadPool$2.run(QueuedThreadPool.java:626)&#10;        at java.lang.Thread.run(Thread.java:748)&#10;&quot;pool-114-thread-1&quot; daemon prio=5 tid=1133 timed_waiting&#10;java.lang.Thread.State: TIMED_WAITING&#10;        at sun.misc.Unsafe.park(Native Method)&#10;        at java.util.concurrent.locks.LockSupport.parkNanos(LockSupport.java:215)&#10;        at java.util.concurrent.locks.AbstractQueuedSynchronizer$ConditionObject.awaitNanos(AbstractQueuedSynchronizer.java:2078)&#10;        at java.util.concurrent.ScheduledThreadPoolExecutor$DelayedWorkQueue.take(ScheduledThreadPoolExecutor.java:1093)&#10;        at java.util.concurrent.ScheduledThreadPoolExecutor$DelayedWorkQueue.take(ScheduledThreadPoolExecutor.java:809)&#10;        at java.util.concurrent.ThreadPoolExecutor.getTask(ThreadPoolExecutor.java:1074)&#10;        at java.util.concurrent.ThreadPoolExecutor.runWorker(ThreadPoolExecutor.java:1134)&#10;        at java.util.concurrent.ThreadPoolExecutor$Worker.run(ThreadPoolExecutor.java:624)&#10;        at java.lang.Thread.run(Thread.java:748)&#10;&quot;pool-116-thread-54&quot;  prio=5 tid=1248 in Object.wait()&#10;java.lang.Thread.State: WAITING (on object monitor)&#10;        at sun.misc.Unsafe.park(Native Method)&#10;        at java.util.concurrent.locks.LockSupport.park(LockSupport.java:175)&#10;        at java.util.concurrent.locks.AbstractQueuedSynchronizer$ConditionObject.await(AbstractQueuedSynchronizer.java:2039)&#10;        at java.util.concurrent.ArrayBlockingQueue.take(ArrayBlockingQueue.java:403)&#10;        at java.util.concurrent.ThreadPoolExecutor.getTask(ThreadPoolExecutor.java:1074)&#10;        at java.util.concurrent.ThreadPoolExecutor.runWorker(ThreadPoolExecutor.java:1134)&#10;        at java.util.concurrent.ThreadPoolExecutor$Worker.run(ThreadPoolExecutor.java:624)&#10;        at java.lang.Thread.run(Thread.java:748)&#10;&quot;metrics-hadoop-metrics2-reporter-41-thread-1&quot; daemon prio=5 tid=821 timed_waiting&#10;java.lang.Thread.State: TIMED_WAITING&#10;        at sun.misc.Unsafe.park(Native Method)&#10;        at java.util.concurrent.locks.LockSupport.parkNanos(LockSupport.java:215)&#10;        at java.util.concurrent.locks.AbstractQueuedSynchronizer$ConditionObject.awaitNanos(AbstractQueuedSynchronizer.java:2078)&#10;        at java.util.concurrent.ScheduledThreadPoolExecutor$DelayedWorkQueue.take(ScheduledThreadPoolExecutor.java:1093)&#10;        at java.util.concurrent.ScheduledThreadPoolExecutor$DelayedWorkQueue.take(ScheduledThreadPoolExecutor.java:809)&#10;        at java.util.concurrent.ThreadPoolExecutor.getTask(ThreadPoolExecutor.java:1074)&#10;        at java.util.concurrent.ThreadPoolExecutor.runWorker(ThreadPoolExecutor.java:1134)&#10;        at java.util.concurrent.ThreadPoolExecutor$Worker.run(ThreadPoolExecutor.java:624)&#10;        at java.lang.Thread.run(Thread.java:748)&#10;&quot;Signal Dispatcher&quot; daemon prio=9 tid=4 runnable&#10;java.lang.Thread.State: RUNNABLE&#10;&quot;pool-116-thread-1&quot;  prio=5 tid=1195 in Object.wait()&#10;java.lang.Thread.State: WAITING (on object monitor)&#10;        at sun.misc.Unsafe.park(Native Method)&#10;        at java.util.concurrent.locks.LockSupport.park(LockSupport.java:175)&#10;        at java.util.concurrent.locks.AbstractQueuedSynchronizer$ConditionObject.await(AbstractQueuedSynchronizer.java:2039)&#10;        at java.util.concurrent.ArrayBlockingQueue.take(ArrayBlockingQueue.java:403)&#10;        at java.util.concurrent.ThreadPoolExecutor.getTask(ThreadPoolExecutor.java:1074)&#10;        at java.util.concurrent.ThreadPoolExecutor.runWorker(ThreadPoolExecutor.java:1134)&#10;        at java.util.concurrent.ThreadPoolExecutor$Worker.run(ThreadPoolExecutor.java:624)&#10;        at java.lang.Thread.run(Thread.java:748)&#10;&quot;pool-116-thread-40&quot;  prio=5 tid=1234 in Object.wait()&#10;java.lang.Thread.State: WAITING (on object monitor)&#10;        at sun.misc.Unsafe.park(Native Method)&#10;        at java.util.concurrent.locks.LockSupport.park(LockSupport.java:175)&#10;        at java.util.concurrent.locks.AbstractQueuedSynchronizer$ConditionObject.await(AbstractQueuedSynchronizer.java:2039)&#10;        at java.util.concurrent.ArrayBlockingQueue.take(ArrayBlockingQueue.java:403)&#10;        at java.util.concurrent.ThreadPoolExecutor.getTask(ThreadPoolExecutor.java:1074)&#10;        at java.util.concurrent.ThreadPoolExecutor.runWorker(ThreadPoolExecutor.java:1134)&#10;        at java.util.concurrent.ThreadPoolExecutor$Worker.run(ThreadPoolExecutor.java:624)&#10;        at java.lang.Thread.run(Thread.java:748)&#10;&quot;org.eclipse.jetty.server.session.HashSessionManager@2bfb6b49Timer&quot; daemon prio=5 tid=1007 timed_waiting&#10;java.lang.Thread.State: TIMED_WAITING&#10;        at sun.misc.Unsafe.park(Native Method)&#10;        at java.util.concurrent.locks.LockSupport.parkNanos(LockSupport.java:215)&#10;        at java.util.concurrent.locks.AbstractQueuedSynchronizer$ConditionObject.awaitNanos(AbstractQueuedSynchronizer.java:2078)&#10;        at java.util.concurrent.ScheduledThreadPoolExecutor$DelayedWorkQueue.take(ScheduledThreadPoolExecutor.java:1093)&#10;        at java.util.concurrent.ScheduledThreadPoolExecutor$DelayedWorkQueue.take(ScheduledThreadPoolExecutor.java:809)&#10;        at java.util.concurrent.ThreadPoolExecutor.getTask(ThreadPoolExecutor.java:1074)&#10;        at java.util.concurrent.ThreadPoolExecutor.runWorker(ThreadPoolExecutor.java:1134)&#10;        at java.util.concurrent.ThreadPoolExecutor$Worker.run(ThreadPoolExecutor.java:624)&#10;        at java.lang.Thread.run(Thread.java:748)&#10;&quot;metrics-hadoop-metrics2-reporter-18-thread-1&quot; daemon prio=5 tid=745 timed_waiting&#10;java.lang.Thread.State: TIMED_WAITING&#10;        at sun.misc.Unsafe.park(Native Method)&#10;        at java.util.concurrent.locks.LockSupport.parkNanos(LockSupport.java:215)&#10;        at java.util.concurrent.locks.AbstractQueuedSynchronizer$ConditionObject.awaitNanos(AbstractQueuedSynchronizer.java:2078)&#10;        at java.util.concurrent.ScheduledThreadPoolExecutor$DelayedWorkQueue.take(ScheduledThreadPoolExecutor.java:1093)&#10;        at java.util.concurrent.ScheduledThreadPoolExecutor$DelayedWorkQueue.take(ScheduledThreadPoolExecutor.java:809)&#10;        at java.util.concurrent.ThreadPoolExecutor.getTask(ThreadPoolExecutor.java:1074)&#10;        at java.util.concurrent.ThreadPoolExecutor.runWorker(ThreadPoolExecutor.java:1134)&#10;        at java.util.concurrent.ThreadPoolExecutor$Worker.run(ThreadPoolExecutor.java:624)&#10;        at java.lang.Thread.run(Thread.java:748)&#10;&quot;pool-116-thread-2&quot;  prio=5 tid=1196 in Object.wait()&#10;java.lang.Thread.State: WAITING (on object monitor)&#10;        at sun.misc.Unsafe.park(Native Method)&#10;        at java.util.concurrent.locks.LockSupport.park(LockSupport.java:175)&#10;        at java.util.concurrent.locks.AbstractQueuedSynchronizer$ConditionObject.await(AbstractQueuedSynchronizer.java:2039)&#10;        at java.util.concurrent.ArrayBlockingQueue.take(ArrayBlockingQueue.java:403)&#10;        at java.util.concurrent.ThreadPoolExecutor.getTask(ThreadPoolExecutor.java:1074)&#10;        at java.util.concurrent.ThreadPoolExecutor.runWorker(ThreadPoolExecutor.java:1134)&#10;        at java.util.concurrent.ThreadPoolExecutor$Worker.run(ThreadPoolExecutor.java:624)&#10;        at java.lang.Thread.run(Thread.java:748)&#10;&quot;Datanode ReportManager Thread - 1&quot; daemon prio=5 tid=307 in Object.wait()&#10;java.lang.Thread.State: WAITING (on object monitor)&#10;        at sun.misc.Unsafe.park(Native Method)&#10;        at java.util.concurrent.locks.LockSupport.park(LockSupport.java:175)&#10;        at java.util.concurrent.locks.AbstractQueuedSynchronizer$ConditionObject.await(AbstractQueuedSynchronizer.java:2039)&#10;        at java.util.concurrent.ScheduledThreadPoolExecutor$DelayedWorkQueue.take(ScheduledThreadPoolExecutor.java:1088)&#10;        at java.util.concurrent.ScheduledThreadPoolExecutor$DelayedWorkQueue.take(ScheduledThreadPoolExecutor.java:809)&#10;        at java.util.concurrent.ThreadPoolExecutor.getTask(ThreadPoolExecutor.java:1074)&#10;        at java.util.concurrent.ThreadPoolExecutor.runWorker(ThreadPoolExecutor.java:1134)&#10;        at java.util.concurrent.ThreadPoolExecutor$Worker.run(ThreadPoolExecutor.java:624)&#10;        at java.lang.Thread.run(Thread.java:748)&#10;&quot;qtp1723177853-1087-acceptor-0@14a6c5f3-ServerConnector@2da3b078{HTTP/1.1,[http/1.1]}{0.0.0.0:37830}&quot; daemon prio=3 tid=1087 runnable&#10;java.lang.Thread.State: RUNNABLE&#10;        at sun.nio.ch.ServerSocketChannelImpl.accept0(Native Method)&#10;        at sun.nio.ch.ServerSocketChannelImpl.accept(ServerSocketChannelImpl.java:422)&#10;        at sun.nio.ch.ServerSocketChannelImpl.accept(ServerSocketChannelImpl.java:250)&#10;        at org.eclipse.jetty.server.ServerConnector.accept(ServerConnector.java:397)&#10;        at org.eclipse.jetty.server.AbstractConnector$Acceptor.run(AbstractConnector.java:601)&#10;        at org.eclipse.jetty.util.thread.QueuedThreadPool.runJob(QueuedThreadPool.java:671)&#10;        at org.eclipse.jetty.util.thread.QueuedThreadPool$2.run(QueuedThreadPool.java:589)&#10;        at java.lang.Thread.run(Thread.java:748)&#10;&quot;IPC Server handler 4 on 41574&quot; daemon prio=5 tid=1050 timed_waiting&#10;java.lang.Thread.State: TIMED_WAITING&#10;        at sun.misc.Unsafe.park(Native Method)&#10;        at java.util.concurrent.locks.LockSupport.parkNanos(LockSupport.java:215)&#10;        at java.util.concurrent.locks.AbstractQueuedSynchronizer$ConditionObject.awaitNanos(AbstractQueuedSynchronizer.java:2078)&#10;        at java.util.concurrent.LinkedBlockingQueue.poll(LinkedBlockingQueue.java:467)&#10;        at org.apache.hadoop.ipc.CallQueueManager.take(CallQueueManager.java:288)&#10;        at org.apache.hadoop.ipc.Server$Handler.run(Server.java:2668)&#10;&quot;pool-116-thread-3&quot;  prio=5 tid=1197 in Object.wait()&#10;java.lang.Thread.State: WAITING (on object monitor)&#10;        at sun.misc.Unsafe.park(Native Method)&#10;        at java.util.concurrent.locks.LockSupport.park(LockSupport.java:175)&#10;        at java.util.concurrent.locks.AbstractQueuedSynchronizer$ConditionObject.await(AbstractQueuedSynchronizer.java:2039)&#10;        at java.util.concurrent.ArrayBlockingQueue.take(ArrayBlockingQueue.java:403)&#10;        at java.util.concurrent.ThreadPoolExecutor.getTask(ThreadPoolExecutor.java:1074)&#10;        at java.util.concurrent.ThreadPoolExecutor.runWorker(ThreadPoolExecutor.java:1134)&#10;        at java.util.concurrent.ThreadPoolExecutor$Worker.run(ThreadPoolExecutor.java:624)&#10;        at java.lang.Thread.run(Thread.java:748)&#10;&quot;qtp1937575946-1112&quot; daemon prio=5 tid=1112 timed_waiting&#10;java.lang.Thread.State: TIMED_WAITING&#10;        at sun.misc.Unsafe.park(Native Method)&#10;        at java.util.concurrent.locks.LockSupport.parkNanos(LockSupport.java:215)&#10;        at java.util.concurrent.locks.AbstractQueuedSynchronizer$ConditionObject.awaitNanos(AbstractQueuedSynchronizer.java:2078)&#10;        at org.eclipse.jetty.util.BlockingArrayQueue.poll(BlockingArrayQueue.java:392)&#10;        at org.eclipse.jetty.util.thread.QueuedThreadPool.idleJobPoll(QueuedThreadPool.java:563)&#10;        at org.eclipse.jetty.util.thread.QueuedThreadPool.access$800(QueuedThreadPool.java:48)&#10;        at org.eclipse.jetty.util.thread.QueuedThreadPool$2.run(QueuedThreadPool.java:626)&#10;        at java.lang.Thread.run(Thread.java:748)&#10;&quot;pool-116-thread-44&quot;  prio=5 tid=1238 in Object.wait()&#10;java.lang.Thread.State: WAITING (on object monitor)&#10;        at sun.misc.Unsafe.park(Native Method)&#10;        at java.util.concurrent.locks.LockSupport.park(LockSupport.java:175)&#10;        at java.util.concurrent.locks.AbstractQueuedSynchronizer$ConditionObject.await(AbstractQueuedSynchronizer.java:2039)&#10;        at java.util.concurrent.ArrayBlockingQueue.take(ArrayBlockingQueue.java:403)&#10;        at java.util.concurrent.ThreadPoolExecutor.getTask(ThreadPoolExecutor.java:1074)&#10;        at java.util.concurrent.ThreadPoolExecutor.runWorker(ThreadPoolExecutor.java:1134)&#10;        at java.util.concurrent.ThreadPoolExecutor$Worker.run(ThreadPoolExecutor.java:624)&#10;        at java.lang.Thread.run(Thread.java:748)&#10;&quot;pool-127-thread-1&quot;  prio=5 tid=1167 in Object.wait()&#10;java.lang.Thread.State: WAITING (on object monitor)&#10;        at sun.misc.Unsafe.park(Native Method)&#10;        at java.util.concurrent.locks.LockSupport.park(LockSupport.java:175)&#10;        at java.util.concurrent.locks.AbstractQueuedSynchronizer$ConditionObject.await(AbstractQueuedSynchronizer.java:2039)&#10;        at java.util.concurrent.LinkedBlockingQueue.take(LinkedBlockingQueue.java:442)&#10;        at java.util.concurrent.ThreadPoolExecutor.getTask(ThreadPoolExecutor.java:1074)&#10;        at java.util.concurrent.ThreadPoolExecutor.runWorker(ThreadPoolExecutor.java:1134)&#10;        at java.util.concurrent.ThreadPoolExecutor$Worker.run(ThreadPoolExecutor.java:624)&#10;        at java.lang.Thread.run(Thread.java:748)&#10;&quot;pool-106-thread-59&quot;  prio=5 tid=1427 in Object.wait()&#10;java.lang.Thread.State: WAITING (on object monitor)&#10;        at sun.misc.Unsafe.park(Native Method)&#10;        at java.util.concurrent.locks.LockSupport.park(LockSupport.java:175)&#10;        at java.util.concurrent.locks.AbstractQueuedSynchronizer$ConditionObject.await(AbstractQueuedSynchronizer.java:2039)&#10;        at java.util.concurrent.ArrayBlockingQueue.take(ArrayBlockingQueue.java:403)&#10;        at java.util.concurrent.ThreadPoolExecutor.getTask(ThreadPoolExecutor.java:1074)&#10;        at java.util.concurrent.ThreadPoolExecutor.runWorker(ThreadPoolExecutor.java:1134)&#10;        at java.util.concurrent.ThreadPoolExecutor$Worker.run(ThreadPoolExecutor.java:624)&#10;        at java.lang.Thread.run(Thread.java:748)&#10;&quot;IPC Server handler 6 on 42245&quot; daemon prio=5 tid=1032 timed_waiting&#10;java.lang.Thread.State: TIMED_WAITING&#10;        at sun.misc.Unsafe.park(Native Method)&#10;        at java.util.concurrent.locks.LockSupport.parkNanos(LockSupport.java:215)&#10;        at java.util.concurrent.locks.AbstractQueuedSynchronizer$ConditionObject.awaitNanos(AbstractQueuedSynchronizer.java:2078)&#10;        at java.util.concurrent.LinkedBlockingQueue.poll(LinkedBlockingQueue.java:467)&#10;        at org.apache.hadoop.ipc.CallQueueManager.take(CallQueueManager.java:288)&#10;        at org.apache.hadoop.ipc.Server$Handler.run(Server.java:2668)&#10;&quot;pool-130-thread-1&quot;  prio=5 tid=1168 timed_waiting&#10;java.lang.Thread.State: TIMED_WAITING&#10;        at sun.misc.Unsafe.park(Native Method)&#10;        at java.util.concurrent.locks.LockSupport.parkNanos(LockSupport.java:215)&#10;        at java.util.concurrent.locks.AbstractQueuedSynchronizer$ConditionObject.awaitNanos(AbstractQueuedSynchronizer.java:2078)&#10;        at java.util.concurrent.ScheduledThreadPoolExecutor$DelayedWorkQueue.take(ScheduledThreadPoolExecutor.java:1093)&#10;        at java.util.concurrent.ScheduledThreadPoolExecutor$DelayedWorkQueue.take(ScheduledThreadPoolExecutor.java:809)&#10;        at java.util.concurrent.ThreadPoolExecutor.getTask(ThreadPoolExecutor.java:1074)&#10;        at java.util.concurrent.ThreadPoolExecutor.runWorker(ThreadPoolExecutor.java:1134)&#10;        at java.util.concurrent.ThreadPoolExecutor$Worker.run(ThreadPoolExecutor.java:624)&#10;        at java.lang.Thread.run(Thread.java:748)&#10;&quot;SCMBlockDeletingService#0&quot; daemon prio=5 tid=1097 in Object.wait()&#10;java.lang.Thread.State: WAITING (on object monitor)&#10;        at sun.misc.Unsafe.park(Native Method)&#10;        at java.util.concurrent.locks.LockSupport.park(LockSupport.java:175)&#10;        at java.util.concurrent.locks.AbstractQueuedSynchronizer$ConditionObject.await(AbstractQueuedSynchronizer.java:2039)&#10;        at java.util.concurrent.ScheduledThreadPoolExecutor$DelayedWorkQueue.take(ScheduledThreadPoolExecutor.java:1088)&#10;        at java.util.concurrent.ScheduledThreadPoolExecutor$DelayedWorkQueue.take(ScheduledThreadPoolExecutor.java:809)&#10;        at java.util.concurrent.ThreadPoolExecutor.getTask(ThreadPoolExecutor.java:1074)&#10;        at java.util.concurrent.ThreadPoolExecutor.runWorker(ThreadPoolExecutor.java:1134)&#10;        at java.util.concurrent.ThreadPoolExecutor$Worker.run(ThreadPoolExecutor.java:624)&#10;        at java.lang.Thread.run(Thread.java:748)&#10;&quot;IPC Server handler 10 on 42245&quot; daemon prio=5 tid=1036 timed_waiting&#10;java.lang.Thread.State: TIMED_WAITING&#10;        at sun.misc.Unsafe.park(Native Method)&#10;        at java.util.concurrent.locks.LockSupport.parkNanos(LockSupport.java:215)&#10;        at java.util.concurrent.locks.AbstractQueuedSynchronizer$ConditionObject.awaitNanos(AbstractQueuedSynchronizer.java:2078)&#10;        at java.util.concurrent.LinkedBlockingQueue.poll(LinkedBlockingQueue.java:467)&#10;        at org.apache.hadoop.ipc.CallQueueManager.take(CallQueueManager.java:288)&#10;        at org.apache.hadoop.ipc.Server$Handler.run(Server.java:2668)&#10;&quot;pool-116-thread-32&quot;  prio=5 tid=1226 in Object.wait()&#10;java.lang.Thread.State: WAITING (on object monitor)&#10;        at sun.misc.Unsafe.park(Native Method)&#10;        at java.util.concurrent.locks.LockSupport.park(LockSupport.java:175)&#10;        at java.util.concurrent.locks.AbstractQueuedSynchronizer$ConditionObject.await(AbstractQueuedSynchronizer.java:2039)&#10;        at java.util.concurrent.ArrayBlockingQueue.take(ArrayBlockingQueue.java:403)&#10;        at java.util.concurrent.ThreadPoolExecutor.getTask(ThreadPoolExecutor.java:1074)&#10;        at java.util.concurrent.ThreadPoolExecutor.runWorker(ThreadPoolExecutor.java:1134)&#10;        at java.util.concurrent.ThreadPoolExecutor$Worker.run(ThreadPoolExecutor.java:624)&#10;        at java.lang.Thread.run(Thread.java:748)&#10;&quot;37bd8e8c-ea68-4b1c-8659-8d001c4f3b5c@group-BBCCAFE5DB64-SegmentedRaftLogWorker&quot;  prio=5 tid=1192 timed_waiting&#10;java.lang.Thread.State: TIMED_WAITING&#10;        at sun.misc.Unsafe.park(Native Method)&#10;        at java.util.concurrent.locks.LockSupport.parkNanos(LockSupport.java:215)&#10;        at java.util.concurrent.locks.AbstractQueuedSynchronizer$ConditionObject.awaitNanos(AbstractQueuedSynchronizer.java:2078)&#10;        at org.apache.ratis.util.DataBlockingQueue.poll(DataBlockingQueue.java:137)&#10;        at org.apache.ratis.server.raftlog.segmented.SegmentedRaftLogWorker.run(SegmentedRaftLogWorker.java:282)&#10;        at java.lang.Thread.run(Thread.java:748)&#10;&quot;IPC Server handler 18 on 41574&quot; daemon prio=5 tid=1064 timed_waiting&#10;java.lang.Thread.State: TIMED_WAITING&#10;        at sun.misc.Unsafe.park(Native Method)&#10;        at java.util.concurrent.locks.LockSupport.parkNanos(LockSupport.java:215)&#10;        at java.util.concurrent.locks.AbstractQueuedSynchronizer$ConditionObject.awaitNanos(AbstractQueuedSynchronizer.java:2078)&#10;        at java.util.concurrent.LinkedBlockingQueue.poll(LinkedBlockingQueue.java:467)&#10;        at org.apache.hadoop.ipc.CallQueueManager.take(CallQueueManager.java:288)&#10;        at org.apache.hadoop.ipc.Server$Handler.run(Server.java:2668)&#10;&quot;metrics-hadoop-metrics2-reporter-6-thread-1&quot; daemon prio=5 tid=717 timed_waiting&#10;java.lang.Thread.State: TIMED_WAITING&#10;        at sun.misc.Unsafe.park(Native Method)&#10;        at java.util.concurrent.locks.LockSupport.parkNanos(LockSupport.java:215)&#10;        at java.util.concurrent.locks.AbstractQueuedSynchronizer$ConditionObject.awaitNanos(AbstractQueuedSynchronizer.java:2078)&#10;        at java.util.concurrent.ScheduledThreadPoolExecutor$DelayedWorkQueue.take(ScheduledThreadPoolExecutor.java:1093)&#10;        at java.util.concurrent.ScheduledThreadPoolExecutor$DelayedWorkQueue.take(ScheduledThreadPoolExecutor.java:809)&#10;        at java.util.concurrent.ThreadPoolExecutor.getTask(ThreadPoolExecutor.java:1074)&#10;        at java.util.concurrent.ThreadPoolExecutor.runWorker(ThreadPoolExecutor.java:1134)&#10;        at java.util.concurrent.ThreadPoolExecutor$Worker.run(ThreadPoolExecutor.java:624)&#10;        at java.lang.Thread.run(Thread.java:748)&#10;&quot;IPC Server Responder&quot; daemon prio=5 tid=1022 runnable&#10;java.lang.Thread.State: RUNNABLE&#10;        at sun.nio.ch.EPollArrayWrapper.epollWait(Native Method)&#10;        at sun.nio.ch.EPollArrayWrapper.poll(EPollArrayWrapper.java:269)&#10;        at sun.nio.ch.EPollSelectorImpl.doSelect(EPollSelectorImpl.java:93)&#10;        at sun.nio.ch.SelectorImpl.lockAndDoSelect(SelectorImpl.java:86)&#10;        at sun.nio.ch.SelectorImpl.select(SelectorImpl.java:97)&#10;        at org.apache.hadoop.ipc.Server$Responder.doRunLoop(Server.java:1334)&#10;        at org.apache.hadoop.ipc.Server$Responder.run(Server.java:1317)&#10;&quot;pool-116-thread-35&quot;  prio=5 tid=1229 in Object.wait()&#10;java.lang.Thread.State: WAITING (on object monitor)&#10;        at sun.misc.Unsafe.park(Native Method)&#10;        at java.util.concurrent.locks.LockSupport.park(LockSupport.java:175)&#10;        at java.util.concurrent.locks.AbstractQueuedSynchronizer$ConditionObject.await(AbstractQueuedSynchronizer.java:2039)&#10;        at java.util.concurrent.ArrayBlockingQueue.take(ArrayBlockingQueue.java:403)&#10;        at java.util.concurrent.ThreadPoolExecutor.getTask(ThreadPoolExecutor.java:1074)&#10;        at java.util.concurrent.ThreadPoolExecutor.runWorker(ThreadPoolExecutor.java:1134)&#10;        at java.util.concurrent.ThreadPoolExecutor$Worker.run(ThreadPoolExecutor.java:624)&#10;        at java.lang.Thread.run(Thread.java:748)&#10;&quot;qtp1723177853-1090&quot; daemon prio=5 tid=1090 timed_waiting&#10;java.lang.Thread.State: TIMED_WAITING&#10;        at sun.misc.Unsafe.park(Native Method)&#10;        at java.util.concurrent.locks.LockSupport.parkNanos(LockSupport.java:215)&#10;        at java.util.concurrent.locks.AbstractQueuedSynchronizer$ConditionObject.awaitNanos(AbstractQueuedSynchronizer.java:2078)&#10;        at org.eclipse.jetty.util.BlockingArrayQueue.poll(BlockingArrayQueue.java:392)&#10;        at org.eclipse.jetty.util.thread.QueuedThreadPool.idleJobPoll(QueuedThreadPool.java:563)&#10;        at org.eclipse.jetty.util.thread.QueuedThreadPool.access$800(QueuedThreadPool.java:48)&#10;        at org.eclipse.jetty.util.thread.QueuedThreadPool$2.run(QueuedThreadPool.java:626)&#10;        at java.lang.Thread.run(Thread.java:748)&#10;&quot;pool-126-thread-60&quot;  prio=5 tid=1330 in Object.wait()&#10;java.lang.Thread.State: WAITING (on object monitor)&#10;        at sun.misc.Unsafe.park(Native Method)&#10;        at java.util.concurrent.locks.LockSupport.park(LockSupport.java:175)&#10;        at java.util.concurrent.locks.AbstractQueuedSynchronizer$ConditionObject.await(AbstractQueuedSynchronizer.java:2039)&#10;        at java.util.concurrent.ArrayBlockingQueue.take(ArrayBlockingQueue.java:403)&#10;        at java.util.concurrent.ThreadPoolExecutor.getTask(ThreadPoolExecutor.java:1074)&#10;        at java.util.concurrent.ThreadPoolExecutor.runWorker(ThreadPoolExecutor.java:1134)&#10;        at java.util.concurrent.ThreadPoolExecutor$Worker.run(ThreadPoolExecutor.java:624)&#10;        at java.lang.Thread.run(Thread.java:748)&#10;&quot;pool-126-thread-54&quot;  prio=5 tid=1324 in Object.wait()&#10;java.lang.Thread.State: WAITING (on object monitor)&#10;        at sun.misc.Unsafe.park(Native Method)&#10;        at java.util.concurrent.locks.LockSupport.park(LockSupport.java:175)&#10;        at java.util.concurrent.locks.AbstractQueuedSynchronizer$ConditionObject.await(AbstractQueuedSynchronizer.java:2039)&#10;        at java.util.concurrent.ArrayBlockingQueue.take(ArrayBlockingQueue.java:403)&#10;        at java.util.concurrent.ThreadPoolExecutor.getTask(ThreadPoolExecutor.java:1074)&#10;        at java.util.concurrent.ThreadPoolExecutor.runWorker(ThreadPoolExecutor.java:1134)&#10;        at java.util.concurrent.ThreadPoolExecutor$Worker.run(ThreadPoolExecutor.java:624)&#10;        at java.lang.Thread.run(Thread.java:748)&#10;&quot;Datanode ReportManager Thread - 0&quot; daemon prio=5 tid=1185 in Object.wait()&#10;java.lang.Thread.State: WAITING (on object monitor)&#10;        at sun.misc.Unsafe.park(Native Method)&#10;        at java.util.concurrent.locks.LockSupport.park(LockSupport.java:175)&#10;        at java.util.concurrent.locks.AbstractQueuedSynchronizer$ConditionObject.await(AbstractQueuedSynchronizer.java:2039)&#10;        at java.util.concurrent.ScheduledThreadPoolExecutor$DelayedWorkQueue.take(ScheduledThreadPoolExecutor.java:1088)&#10;        at java.util.concurrent.ScheduledThreadPoolExecutor$DelayedWorkQueue.take(ScheduledThreadPoolExecutor.java:809)&#10;        at java.util.concurrent.ThreadPoolExecutor.getTask(ThreadPoolExecutor.java:1074)&#10;        at java.util.concurrent.ThreadPoolExecutor.runWorker(ThreadPoolExecutor.java:1134)&#10;        at java.util.concurrent.ThreadPoolExecutor$Worker.run(ThreadPoolExecutor.java:624)&#10;        at java.lang.Thread.run(Thread.java:748)&#10;&quot;pool-116-thread-39&quot;  prio=5 tid=1233 in Object.wait()&#10;java.lang.Thread.State: WAITING (on object monitor)&#10;        at sun.misc.Unsafe.park(Native Method)&#10;        at java.util.concurrent.locks.LockSupport.park(LockSupport.java:175)&#10;        at java.util.concurrent.locks.AbstractQueuedSynchronizer$ConditionObject.await(AbstractQueuedSynchronizer.java:2039)&#10;        at java.util.concurrent.ArrayBlockingQueue.take(ArrayBlockingQueue.java:403)&#10;        at java.util.concurrent.ThreadPoolExecutor.getTask(ThreadPoolExecutor.java:1074)&#10;        at java.util.concurrent.ThreadPoolExecutor.runWorker(ThreadPoolExecutor.java:1134)&#10;        at java.util.concurrent.ThreadPoolExecutor$Worker.run(ThreadPoolExecutor.java:624)&#10;        at java.lang.Thread.run(Thread.java:748)&#10;&quot;pool-126-thread-11&quot;  prio=5 tid=1281 in Object.wait()&#10;java.lang.Thread.State: WAITING (on object monitor)&#10;        at sun.misc.Unsafe.park(Native Method)&#10;        at java.util.concurrent.locks.LockSupport.park(LockSupport.java:175)&#10;        at java.util.concurrent.locks.AbstractQueuedSynchronizer$ConditionObject.await(AbstractQueuedSynchronizer.java:2039)&#10;        at java.util.concurrent.ArrayBlockingQueue.take(ArrayBlockingQueue.java:403)&#10;        at java.util.concurrent.ThreadPoolExecutor.getTask(ThreadPoolExecutor.java:1074)&#10;        at java.util.concurrent.ThreadPoolExecutor.runWorker(ThreadPoolExecutor.java:1134)&#10;        at java.util.concurrent.ThreadPoolExecutor$Worker.run(ThreadPoolExecutor.java:624)&#10;        at java.lang.Thread.run(Thread.java:748)&#10;&quot;EventQueue-NodeRegistrationContainerReportForDataNodeSafeModeRule&quot; daemon prio=5 tid=1266 in Object.wait()&#10;java.lang.Thread.State: WAITING (on object monitor)&#10;        at sun.misc.Unsafe.park(Native Method)&#10;        at java.util.concurrent.locks.LockSupport.park(LockSupport.java:175)&#10;        at java.util.concurrent.locks.AbstractQueuedSynchronizer$ConditionObject.await(AbstractQueuedSynchronizer.java:2039)&#10;        at java.util.concurrent.LinkedBlockingQueue.take(LinkedBlockingQueue.java:442)&#10;        at java.util.concurrent.ThreadPoolExecutor.getTask(ThreadPoolExecutor.java:1074)&#10;        at java.util.concurrent.ThreadPoolExecutor.runWorker(ThreadPoolExecutor.java:1134)&#10;        at java.util.concurrent.ThreadPoolExecutor$Worker.run(ThreadPoolExecutor.java:624)&#10;        at java.lang.Thread.run(Thread.java:748)&#10;&quot;qtp818010696-1174&quot; daemon prio=5 tid=1174 timed_waiting&#10;java.lang.Thread.State: TIMED_WAITING&#10;        at sun.misc.Unsafe.park(Native Method)&#10;        at java.util.concurrent.locks.LockSupport.parkNanos(LockSupport.java:215)&#10;        at java.util.concurrent.locks.AbstractQueuedSynchronizer$ConditionObject.awaitNanos(AbstractQueuedSynchronizer.java:2078)&#10;        at org.eclipse.jetty.util.BlockingArrayQueue.poll(BlockingArrayQueue.java:392)&#10;        at org.eclipse.jetty.util.thread.QueuedThreadPool.idleJobPoll(QueuedThreadPool.java:563)&#10;        at org.eclipse.jetty.util.thread.QueuedThreadPool.access$800(QueuedThreadPool.java:48)&#10;        at org.eclipse.jetty.util.thread.QueuedThreadPool$2.run(QueuedThreadPool.java:626)&#10;        at java.lang.Thread.run(Thread.java:748)&#10;&quot;pool-126-thread-12&quot;  prio=5 tid=1282 in Object.wait()&#10;java.lang.Thread.State: WAITING (on object monitor)&#10;        at sun.misc.Unsafe.park(Native Method)&#10;        at java.util.concurrent.locks.LockSupport.park(LockSupport.java:175)&#10;        at java.util.concurrent.locks.AbstractQueuedSynchronizer$ConditionObject.await(AbstractQueuedSynchronizer.java:2039)&#10;        at java.util.concurrent.ArrayBlockingQueue.take(ArrayBlockingQueue.java:403)&#10;        at java.util.concurrent.ThreadPoolExecutor.getTask(ThreadPoolExecutor.java:1074)&#10;        at java.util.concurrent.ThreadPoolExecutor.runWorker(ThreadPoolExecutor.java:1134)&#10;        at java.util.concurrent.ThreadPoolExecutor$Worker.run(ThreadPoolExecutor.java:624)&#10;        at java.lang.Thread.run(Thread.java:748)&#10;&quot;pool-116-thread-26&quot;  prio=5 tid=1220 in Object.wait()&#10;java.lang.Thread.State: WAITING (on object monitor)&#10;        at sun.misc.Unsafe.park(Native Method)&#10;        at java.util.concurrent.locks.LockSupport.park(LockSupport.java:175)&#10;        at java.util.concurrent.locks.AbstractQueuedSynchronizer$ConditionObject.await(AbstractQueuedSynchronizer.java:2039)&#10;        at java.util.concurrent.ArrayBlockingQueue.take(ArrayBlockingQueue.java:403)&#10;        at java.util.concurrent.ThreadPoolExecutor.getTask(ThreadPoolExecutor.java:1074)&#10;        at java.util.concurrent.ThreadPoolExecutor.runWorker(ThreadPoolExecutor.java:1134)&#10;        at java.util.concurrent.ThreadPoolExecutor$Worker.run(ThreadPoolExecutor.java:624)&#10;        at java.lang.Thread.run(Thread.java:748)&#10;&quot;pool-106-thread-40&quot;  prio=5 tid=1408 in Object.wait()&#10;java.lang.Thread.State: WAITING (on object monitor)&#10;        at sun.misc.Unsafe.park(Native Method)&#10;        at java.util.concurrent.locks.LockSupport.park(LockSupport.java:175)&#10;        at java.util.concurrent.locks.AbstractQueuedSynchronizer$ConditionObject.await(AbstractQueuedSynchronizer.java:2039)&#10;        at java.util.concurrent.ArrayBlockingQueue.take(ArrayBlockingQueue.java:403)&#10;        at java.util.concurrent.ThreadPoolExecutor.getTask(ThreadPoolExecutor.java:1074)&#10;        at java.util.concurrent.ThreadPoolExecutor.runWorker(ThreadPoolExecutor.java:1134)&#10;        at java.util.concurrent.ThreadPoolExecutor$Worker.run(ThreadPoolExecutor.java:624)&#10;        at java.lang.Thread.run(Thread.java:748)&#10;&quot;pool-106-thread-25&quot;  prio=5 tid=1393 in Object.wait()&#10;java.lang.Thread.State: WAITING (on object monitor)&#10;        at sun.misc.Unsafe.park(Native Method)&#10;        at java.util.concurrent.locks.LockSupport.park(LockSupport.java:175)&#10;        at java.util.concurrent.locks.AbstractQueuedSynchronizer$ConditionObject.await(AbstractQueuedSynchronizer.java:2039)&#10;        at java.util.concurrent.ArrayBlockingQueue.take(ArrayBlockingQueue.java:403)&#10;        at java.util.concurrent.ThreadPoolExecutor.getTask(ThreadPoolExecutor.java:1074)&#10;        at java.util.concurrent.ThreadPoolExecutor.runWorker(ThreadPoolExecutor.java:1134)&#10;        at java.util.concurrent.ThreadPoolExecutor$Worker.run(ThreadPoolExecutor.java:624)&#10;        at java.lang.Thread.run(Thread.java:748)&#10;&quot;IPC Server idle connection scanner for port 42245&quot; daemon prio=5 tid=1021 timed_waiting&#10;java.lang.Thread.State: TIMED_WAITING&#10;        at java.lang.Object.wait(Native Method)&#10;        at java.util.TimerThread.mainLoop(Timer.java:552)&#10;        at java.util.TimerThread.run(Timer.java:505)&#10;&quot;org.eclipse.jetty.server.session.HashSessionManager@ae2db25Timer&quot; daemon prio=5 tid=1008 timed_waiting&#10;java.lang.Thread.State: TIMED_WAITING&#10;        at sun.misc.Unsafe.park(Native Method)&#10;        at java.util.concurrent.locks.LockSupport.parkNanos(LockSupport.java:215)&#10;        at java.util.concurrent.locks.AbstractQueuedSynchronizer$ConditionObject.awaitNanos(AbstractQueuedSynchronizer.java:2078)&#10;        at java.util.concurrent.ScheduledThreadPoolExecutor$DelayedWorkQueue.take(ScheduledThreadPoolExecutor.java:1093)&#10;        at java.util.concurrent.ScheduledThreadPoolExecutor$DelayedWorkQueue.take(ScheduledThreadPoolExecutor.java:809)&#10;        at java.util.concurrent.ThreadPoolExecutor.getTask(ThreadPoolExecutor.java:1074)&#10;        at java.util.concurrent.ThreadPoolExecutor.runWorker(ThreadPoolExecutor.java:1134)&#10;        at java.util.concurrent.ThreadPoolExecutor$Worker.run(ThreadPoolExecutor.java:624)&#10;        at java.lang.Thread.run(Thread.java:748)&#10;&quot;metrics-hadoop-metrics2-reporter-36-thread-1&quot; daemon prio=5 tid=795 timed_waiting&#10;java.lang.Thread.State: TIMED_WAITING&#10;        at sun.misc.Unsafe.park(Native Method)&#10;        at java.util.concurrent.locks.LockSupport.parkNanos(LockSupport.java:215)&#10;        at java.util.concurrent.locks.AbstractQueuedSynchronizer$ConditionObject.awaitNanos(AbstractQueuedSynchronizer.java:2078)&#10;        at java.util.concurrent.ScheduledThreadPoolExecutor$DelayedWorkQueue.take(ScheduledThreadPoolExecutor.java:1093)&#10;        at java.util.concurrent.ScheduledThreadPoolExecutor$DelayedWorkQueue.take(ScheduledThreadPoolExecutor.java:809)&#10;        at java.util.concurrent.ThreadPoolExecutor.getTask(ThreadPoolExecutor.java:1074)&#10;        at java.util.concurrent.ThreadPoolExecutor.runWorker(ThreadPoolExecutor.java:1134)&#10;        at java.util.concurrent.ThreadPoolExecutor$Worker.run(ThreadPoolExecutor.java:624)&#10;        at java.lang.Thread.run(Thread.java:748)&#10;&quot;IPC Server listener on 42245&quot; daemon prio=5 tid=1019 runnable&#10;java.lang.Thread.State: RUNNABLE&#10;        at sun.nio.ch.EPollArrayWrapper.epollWait(Native Method)&#10;        at sun.nio.ch.EPollArrayWrapper.poll(EPollArrayWrapper.java:269)&#10;        at sun.nio.ch.EPollSelectorImpl.doSelect(EPollSelectorImpl.java:93)&#10;        at sun.nio.ch.SelectorImpl.lockAndDoSelect(SelectorImpl.java:86)&#10;        at sun.nio.ch.SelectorImpl.select(SelectorImpl.java:97)&#10;        at sun.nio.ch.SelectorImpl.select(SelectorImpl.java:101)&#10;        at org.apache.hadoop.ipc.Server$Listener.run(Server.java:1159)&#10;&quot;pool-116-thread-51&quot;  prio=5 tid=1245 in Object.wait()&#10;java.lang.Thread.State: WAITING (on object monitor)&#10;        at sun.misc.Unsafe.park(Native Method)&#10;        at java.util.concurrent.locks.LockSupport.park(LockSupport.java:175)&#10;        at java.util.concurrent.locks.AbstractQueuedSynchronizer$ConditionObject.await(AbstractQueuedSynchronizer.java:2039)&#10;        at java.util.concurrent.ArrayBlockingQueue.take(ArrayBlockingQueue.java:403)&#10;        at java.util.concurrent.ThreadPoolExecutor.getTask(ThreadPoolExecutor.java:1074)&#10;        at java.util.concurrent.ThreadPoolExecutor.runWorker(ThreadPoolExecutor.java:1134)&#10;        at java.util.concurrent.ThreadPoolExecutor$Worker.run(ThreadPoolExecutor.java:624)&#10;        at java.lang.Thread.run(Thread.java:748)&#10;&quot;metrics-hadoop-metrics2-reporter-30-thread-1&quot; daemon prio=5 tid=779 timed_waiting&#10;java.lang.Thread.State: TIMED_WAITING&#10;        at sun.misc.Unsafe.park(Native Method)&#10;        at java.util.concurrent.locks.LockSupport.parkNanos(LockSupport.java:215)&#10;        at java.util.concurrent.locks.AbstractQueuedSynchronizer$ConditionObject.awaitNanos(AbstractQueuedSynchronizer.java:2078)&#10;        at java.util.concurrent.ScheduledThreadPoolExecutor$DelayedWorkQueue.take(ScheduledThreadPoolExecutor.java:1093)&#10;        at java.util.concurrent.ScheduledThreadPoolExecutor$DelayedWorkQueue.take(ScheduledThreadPoolExecutor.java:809)&#10;        at java.util.concurrent.ThreadPoolExecutor.getTask(ThreadPoolExecutor.java:1074)&#10;        at java.util.concurrent.ThreadPoolExecutor.runWorker(ThreadPoolExecutor.java:1134)&#10;        at java.util.concurrent.ThreadPoolExecutor$Worker.run(ThreadPoolExecutor.java:624)&#10;        at java.lang.Thread.run(Thread.java:748)&#10;&quot;IPC Server handler 3 on 41574&quot; daemon prio=5 tid=1049 timed_waiting&#10;java.lang.Thread.State: TIMED_WAITING&#10;        at sun.misc.Unsafe.park(Native Method)&#10;        at java.util.concurrent.locks.LockSupport.parkNanos(LockSupport.java:215)&#10;        at java.util.concurrent.locks.AbstractQueuedSynchronizer$ConditionObject.awaitNanos(AbstractQueuedSynchronizer.java:2078)&#10;        at java.util.concurrent.LinkedBlockingQueue.poll(LinkedBlockingQueue.java:467)&#10;        at org.apache.hadoop.ipc.CallQueueManager.take(CallQueueManager.java:288)&#10;        at org.apache.hadoop.ipc.Server$Handler.run(Server.java:2668)&#10;&quot;pool-106-thread-52&quot;  prio=5 tid=1420 in Object.wait()&#10;java.lang.Thread.State: WAITING (on object monitor)&#10;        at sun.misc.Unsafe.park(Native Method)&#10;        at java.util.concurrent.locks.LockSupport.park(LockSupport.java:175)&#10;        at java.util.concurrent.locks.AbstractQueuedSynchronizer$ConditionObject.await(AbstractQueuedSynchronizer.java:2039)&#10;        at java.util.concurrent.ArrayBlockingQueue.take(ArrayBlockingQueue.java:403)&#10;        at java.util.concurrent.ThreadPoolExecutor.getTask(ThreadPoolExecutor.java:1074)&#10;        at java.util.concurrent.ThreadPoolExecutor.runWorker(ThreadPoolExecutor.java:1134)&#10;        at java.util.concurrent.ThreadPoolExecutor$Worker.run(ThreadPoolExecutor.java:624)&#10;        at java.lang.Thread.run(Thread.java:748)&#10;&quot;IPC Server handler 6 on 41574&quot; daemon prio=5 tid=1052 timed_waiting&#10;java.lang.Thread.State: TIMED_WAITING&#10;        at sun.misc.Unsafe.park(Native Method)&#10;        at java.util.concurrent.locks.LockSupport.parkNanos(LockSupport.java:215)&#10;        at java.util.concurrent.locks.AbstractQueuedSynchronizer$ConditionObject.awaitNanos(AbstractQueuedSynchronizer.java:2078)&#10;        at java.util.concurrent.LinkedBlockingQueue.poll(LinkedBlockingQueue.java:467)&#10;        at org.apache.hadoop.ipc.CallQueueManager.take(CallQueueManager.java:288)&#10;        at org.apache.hadoop.ipc.Server$Handler.run(Server.java:2668)&#10;&quot;metrics-hadoop-metrics2-reporter-32-thread-1&quot; daemon prio=5 tid=786 timed_waiting&#10;java.lang.Thread.State: TIMED_WAITING&#10;        at sun.misc.Unsafe.park(Native Method)&#10;        at java.util.concurrent.locks.LockSupport.parkNanos(LockSupport.java:215)&#10;        at java.util.concurrent.locks.AbstractQueuedSynchronizer$ConditionObject.awaitNanos(AbstractQueuedSynchronizer.java:2078)&#10;        at java.util.concurrent.ScheduledThreadPoolExecutor$DelayedWorkQueue.take(ScheduledThreadPoolExecutor.java:1093)&#10;        at java.util.concurrent.ScheduledThreadPoolExecutor$DelayedWorkQueue.take(ScheduledThreadPoolExecutor.java:809)&#10;        at java.util.concurrent.ThreadPoolExecutor.getTask(ThreadPoolExecutor.java:1074)&#10;        at java.util.concurrent.ThreadPoolExecutor.runWorker(ThreadPoolExecutor.java:1134)&#10;        at java.util.concurrent.ThreadPoolExecutor$Worker.run(ThreadPoolExecutor.java:624)&#10;        at java.lang.Thread.run(Thread.java:748)&#10;&quot;pool-126-thread-28&quot;  prio=5 tid=1298 in Object.wait()&#10;java.lang.Thread.State: WAITING (on object monitor)&#10;        at sun.misc.Unsafe.park(Native Method)&#10;        at java.util.concurrent.locks.LockSupport.park(LockSupport.java:175)&#10;        at java.util.concurrent.locks.AbstractQueuedSynchronizer$ConditionObject.await(AbstractQueuedSynchronizer.java:2039)&#10;        at java.util.concurrent.ArrayBlockingQueue.take(ArrayBlockingQueue.java:403)&#10;        at java.util.concurrent.ThreadPoolExecutor.getTask(ThreadPoolExecutor.java:1074)&#10;        at java.util.concurrent.ThreadPoolExecutor.runWorker(ThreadPoolExecutor.java:1134)&#10;        at java.util.concurrent.ThreadPoolExecutor$Worker.run(ThreadPoolExecutor.java:624)&#10;        at java.lang.Thread.run(Thread.java:748)&#10;&quot;surefire-forkedjvm-command-thread&quot; daemon prio=5 tid=8 runnable&#10;java.lang.Thread.State: RUNNABLE&#10;        at java.io.FileInputStream.readBytes(Native Method)&#10;        at java.io.FileInputStream.read(FileInputStream.java:255)&#10;        at java.io.BufferedInputStream.fill(BufferedInputStream.java:246)&#10;        at java.io.BufferedInputStream.read(BufferedInputStream.java:265)&#10;        at java.io.DataInputStream.readInt(DataInputStream.java:387)&#10;        at org.apache.maven.surefire.booter.MasterProcessCommand.decode(MasterProcessCommand.java:115)&#10;        at org.apache.maven.surefire.booter.CommandReader$CommandRunnable.run(CommandReader.java:390)&#10;        at java.lang.Thread.run(Thread.java:748)&#10;&quot;pool-126-thread-53&quot;  prio=5 tid=1323 in Object.wait()&#10;java.lang.Thread.State: WAITING (on object monitor)&#10;        at sun.misc.Unsafe.park(Native Method)&#10;        at java.util.concurrent.locks.LockSupport.park(LockSupport.java:175)&#10;        at java.util.concurrent.locks.AbstractQueuedSynchronizer$ConditionObject.await(AbstractQueuedSynchronizer.java:2039)&#10;        at java.util.concurrent.ArrayBlockingQueue.take(ArrayBlockingQueue.java:403)&#10;        at java.util.concurrent.ThreadPoolExecutor.getTask(ThreadPoolExecutor.java:1074)&#10;        at java.util.concurrent.ThreadPoolExecutor.runWorker(ThreadPoolExecutor.java:1134)&#10;        at java.util.concurrent.ThreadPoolExecutor$Worker.run(ThreadPoolExecutor.java:624)&#10;        at java.lang.Thread.run(Thread.java:748)&#10;&quot;pool-126-thread-40&quot;  prio=5 tid=1310 in Object.wait()&#10;java.lang.Thread.State: WAITING (on object monitor)&#10;        at sun.misc.Unsafe.park(Native Method)&#10;        at java.util.concurrent.locks.LockSupport.park(LockSupport.java:175)&#10;        at java.util.concurrent.locks.AbstractQueuedSynchronizer$ConditionObject.await(AbstractQueuedSynchronizer.java:2039)&#10;        at java.util.concurrent.ArrayBlockingQueue.take(ArrayBlockingQueue.java:403)&#10;        at java.util.concurrent.ThreadPoolExecutor.getTask(ThreadPoolExecutor.java:1074)&#10;        at java.util.concurrent.ThreadPoolExecutor.runWorker(ThreadPoolExecutor.java:1134)&#10;        at java.util.concurrent.ThreadPoolExecutor$Worker.run(ThreadPoolExecutor.java:624)&#10;        at java.lang.Thread.run(Thread.java:748)&#10;&quot;pool-116-thread-45&quot;  prio=5 tid=1239 in Object.wait()&#10;java.lang.Thread.State: WAITING (on object monitor)&#10;        at sun.misc.Unsafe.park(Native Method)&#10;        at java.util.concurrent.locks.LockSupport.park(LockSupport.java:175)&#10;        at java.util.concurrent.locks.AbstractQueuedSynchronizer$ConditionObject.await(AbstractQueuedSynchronizer.java:2039)&#10;        at java.util.concurrent.ArrayBlockingQueue.take(ArrayBlockingQueue.java:403)&#10;        at java.util.concurrent.ThreadPoolExecutor.getTask(ThreadPoolExecutor.java:1074)&#10;        at java.util.concurrent.ThreadPoolExecutor.runWorker(ThreadPoolExecutor.java:1134)&#10;        at java.util.concurrent.ThreadPoolExecutor$Worker.run(ThreadPoolExecutor.java:624)&#10;        at java.lang.Thread.run(Thread.java:748)&#10;&quot;qtp995381766-1003&quot; daemon prio=5 tid=1003 timed_waiting&#10;java.lang.Thread.State: TIMED_WAITING&#10;        at sun.misc.Unsafe.park(Native Method)&#10;        at java.util.concurrent.locks.LockSupport.parkNanos(LockSupport.java:215)&#10;        at java.util.concurrent.locks.AbstractQueuedSynchronizer$ConditionObject.awaitNanos(AbstractQueuedSynchronizer.java:2078)&#10;        at org.eclipse.jetty.util.BlockingArrayQueue.poll(BlockingArrayQueue.java:392)&#10;        at org.eclipse.jetty.util.thread.QueuedThreadPool.idleJobPoll(QueuedThreadPool.java:563)&#10;        at org.eclipse.jetty.util.thread.QueuedThreadPool.access$800(QueuedThreadPool.java:48)&#10;        at org.eclipse.jetty.util.thread.QueuedThreadPool$2.run(QueuedThreadPool.java:626)&#10;        at java.lang.Thread.run(Thread.java:748)&#10;&quot;qtp995381766-999-acceptor-0@61686e34-ServerConnector@1a1f5f71{HTTP/1.1,[http/1.1]}{0.0.0.0:45613}&quot; daemon prio=3 tid=999 runnable&#10;java.lang.Thread.State: RUNNABLE&#10;        at sun.nio.ch.ServerSocketChannelImpl.accept0(Native Method)&#10;        at sun.nio.ch.ServerSocketChannelImpl.accept(ServerSocketChannelImpl.java:422)&#10;        at sun.nio.ch.ServerSocketChannelImpl.accept(ServerSocketChannelImpl.java:250)&#10;        at org.eclipse.jetty.server.ServerConnector.accept(ServerConnector.java:397)&#10;        at org.eclipse.jetty.server.AbstractConnector$Acceptor.run(AbstractConnector.java:601)&#10;        at org.eclipse.jetty.util.thread.QueuedThreadPool.runJob(QueuedThreadPool.java:671)&#10;        at org.eclipse.jetty.util.thread.QueuedThreadPool$2.run(QueuedThreadPool.java:589)&#10;        at java.lang.Thread.run(Thread.java:748)&#10;&quot;pool-116-thread-24&quot;  prio=5 tid=1218 in Object.wait()&#10;java.lang.Thread.State: WAITING (on object monitor)&#10;        at sun.misc.Unsafe.park(Native Method)&#10;        at java.util.concurrent.locks.LockSupport.park(LockSupport.java:175)&#10;        at java.util.concurrent.locks.AbstractQueuedSynchronizer$ConditionObject.await(AbstractQueuedSynchronizer.java:2039)&#10;        at java.util.concurrent.ArrayBlockingQueue.take(ArrayBlockingQueue.java:403)&#10;        at java.util.concurrent.ThreadPoolExecutor.getTask(ThreadPoolExecutor.java:1074)&#10;        at java.util.concurrent.ThreadPoolExecutor.runWorker(ThreadPoolExecutor.java:1134)&#10;        at java.util.concurrent.ThreadPoolExecutor$Worker.run(ThreadPoolExecutor.java:624)&#10;        at java.lang.Thread.run(Thread.java:748)&#10;&quot;pool-106-thread-29&quot;  prio=5 tid=1397 in Object.wait()&#10;java.lang.Thread.State: WAITING (on object monitor)&#10;        at sun.misc.Unsafe.park(Native Method)&#10;        at java.util.concurrent.locks.LockSupport.park(LockSupport.java:175)&#10;        at java.util.concurrent.locks.AbstractQueuedSynchronizer$ConditionObject.await(AbstractQueuedSynchronizer.java:2039)&#10;        at java.util.concurrent.ArrayBlockingQueue.take(ArrayBlockingQueue.java:403)&#10;        at java.util.concurrent.ThreadPoolExecutor.getTask(ThreadPoolExecutor.java:1074)&#10;        at java.util.concurrent.ThreadPoolExecutor.runWorker(ThreadPoolExecutor.java:1134)&#10;        at java.util.concurrent.ThreadPoolExecutor$Worker.run(ThreadPoolExecutor.java:624)&#10;        at java.lang.Thread.run(Thread.java:748)&#10;&quot;IPC Server handler 16 on 41574&quot; daemon prio=5 tid=1062 timed_waiting&#10;java.lang.Thread.State: TIMED_WAITING&#10;        at sun.misc.Unsafe.park(Native Method)&#10;        at java.util.concurrent.locks.LockSupport.parkNanos(LockSupport.java:215)&#10;        at java.util.concurrent.locks.AbstractQueuedSynchronizer$ConditionObject.awaitNanos(AbstractQueuedSynchronizer.java:2078)&#10;        at java.util.concurrent.LinkedBlockingQueue.poll(LinkedBlockingQueue.java:467)&#10;        at org.apache.hadoop.ipc.CallQueueManager.take(CallQueueManager.java:288)&#10;        at org.apache.hadoop.ipc.Server$Handler.run(Server.java:2668)&#10;&quot;metrics-hadoop-metrics2-reporter-39-thread-1&quot; daemon prio=5 tid=815 timed_waiting&#10;java.lang.Thread.State: TIMED_WAITING&#10;        at sun.misc.Unsafe.park(Native Method)&#10;        at java.util.concurrent.locks.LockSupport.parkNanos(LockSupport.java:215)&#10;        at java.util.concurrent.locks.AbstractQueuedSynchronizer$ConditionObject.awaitNanos(AbstractQueuedSynchronizer.java:2078)&#10;        at java.util.concurrent.ScheduledThreadPoolExecutor$DelayedWorkQueue.take(ScheduledThreadPoolExecutor.java:1093)&#10;        at java.util.concurrent.ScheduledThreadPoolExecutor$DelayedWorkQueue.take(ScheduledThreadPoolExecutor.java:809)&#10;        at java.util.concurrent.ThreadPoolExecutor.getTask(ThreadPoolExecutor.java:1074)&#10;        at java.util.concurrent.ThreadPoolExecutor.runWorker(ThreadPoolExecutor.java:1134)&#10;        at java.util.concurrent.ThreadPoolExecutor$Worker.run(ThreadPoolExecutor.java:624)&#10;        at java.lang.Thread.run(Thread.java:748)&#10;&quot;IPC Server handler 13 on 44367&quot; daemon prio=5 tid=1079 timed_waiting&#10;java.lang.Thread.State: TIMED_WAITING&#10;        at sun.misc.Unsafe.park(Native Method)&#10;        at java.util.concurrent.locks.LockSupport.parkNanos(LockSupport.java:215)&#10;        at java.util.concurrent.locks.AbstractQueuedSynchronizer$ConditionObject.awaitNanos(AbstractQueuedSynchronizer.java:2078)&#10;        at java.util.concurrent.LinkedBlockingQueue.poll(LinkedBlockingQueue.java:467)&#10;        at org.apache.hadoop.ipc.CallQueueManager.take(CallQueueManager.java:288)&#10;        at org.apache.hadoop.ipc.Server$Handler.run(Server.java:2668)&#10;&quot;qtp818010696-1176&quot; daemon prio=5 tid=1176 timed_waiting&#10;java.lang.Thread.State: TIMED_WAITING&#10;        at sun.misc.Unsafe.park(Native Method)&#10;        at java.util.concurrent.locks.LockSupport.parkNanos(LockSupport.java:215)&#10;        at java.util.concurrent.locks.AbstractQueuedSynchronizer$ConditionObject.awaitNanos(AbstractQueuedSynchronizer.java:2078)&#10;        at org.eclipse.jetty.util.BlockingArrayQueue.poll(BlockingArrayQueue.java:392)&#10;        at org.eclipse.jetty.util.thread.QueuedThreadPool.idleJobPoll(QueuedThreadPool.java:563)&#10;        at org.eclipse.jetty.util.thread.QueuedThreadPool.access$800(QueuedThreadPool.java:48)&#10;        at org.eclipse.jetty.util.thread.QueuedThreadPool$2.run(QueuedThreadPool.java:626)&#10;        at java.lang.Thread.run(Thread.java:748)&#10;&quot;IPC Server handler 8 on 44367&quot; daemon prio=5 tid=1074 timed_waiting&#10;java.lang.Thread.State: TIMED_WAITING&#10;        at sun.misc.Unsafe.park(Native Method)&#10;        at java.util.concurrent.locks.LockSupport.parkNanos(LockSupport.java:215)&#10;        at java.util.concurrent.locks.AbstractQueuedSynchronizer$ConditionObject.awaitNanos(AbstractQueuedSynchronizer.java:2078)&#10;        at java.util.concurrent.LinkedBlockingQueue.poll(LinkedBlockingQueue.java:467)&#10;        at org.apache.hadoop.ipc.CallQueueManager.take(CallQueueManager.java:288)&#10;        at org.apache.hadoop.ipc.Server$Handler.run(Server.java:2668)&#10;&quot;pool-126-thread-4&quot;  prio=5 tid=1274 in Object.wait()&#10;java.lang.Thread.State: WAITING (on object monitor)&#10;        at sun.misc.Unsafe.park(Native Method)&#10;        at java.util.concurrent.locks.LockSupport.park(LockSupport.java:175)&#10;        at java.util.concurrent.locks.AbstractQueuedSynchronizer$ConditionObject.await(AbstractQueuedSynchronizer.java:2039)&#10;        at java.util.concurrent.ArrayBlockingQueue.take(ArrayBlockingQueue.java:403)&#10;        at java.util.concurrent.ThreadPoolExecutor.getTask(ThreadPoolExecutor.java:1074)&#10;        at java.util.concurrent.ThreadPoolExecutor.runWorker(ThreadPoolExecutor.java:1134)&#10;        at java.util.concurrent.ThreadPoolExecutor$Worker.run(ThreadPoolExecutor.java:624)&#10;        at java.lang.Thread.run(Thread.java:748)&#10;&quot;EventQueue-ProcessedPipelineReportForOneReplicaPipelineSafeModeRule&quot; daemon prio=5 tid=1270 in Object.wait()&#10;java.lang.Thread.State: WAITING (on object monitor)&#10;        at sun.misc.Unsafe.park(Native Method)&#10;        at java.util.concurrent.locks.LockSupport.park(LockSupport.java:175)&#10;        at java.util.concurrent.locks.AbstractQueuedSynchronizer$ConditionObject.await(AbstractQueuedSynchronizer.java:2039)&#10;        at java.util.concurrent.LinkedBlockingQueue.take(LinkedBlockingQueue.java:442)&#10;        at java.util.concurrent.ThreadPoolExecutor.getTask(ThreadPoolExecutor.java:1074)&#10;        at java.util.concurrent.ThreadPoolExecutor.runWorker(ThreadPoolExecutor.java:1134)&#10;        at java.util.concurrent.ThreadPoolExecutor$Worker.run(ThreadPoolExecutor.java:624)&#10;        at java.lang.Thread.run(Thread.java:748)&#10;&quot;pool-106-thread-35&quot;  prio=5 tid=1403 in Object.wait()&#10;java.lang.Thread.State: WAITING (on object monitor)&#10;        at sun.misc.Unsafe.park(Native Method)&#10;        at java.util.concurrent.locks.LockSupport.park(LockSupport.java:175)&#10;        at java.util.concurrent.locks.AbstractQueuedSynchronizer$ConditionObject.await(AbstractQueuedSynchronizer.java:2039)&#10;        at java.util.concurrent.ArrayBlockingQueue.take(ArrayBlockingQueue.java:403)&#10;        at java.util.concurrent.ThreadPoolExecutor.getTask(ThreadPoolExecutor.java:1074)&#10;        at java.util.concurrent.ThreadPoolExecutor.runWorker(ThreadPoolExecutor.java:1134)&#10;        at java.util.concurrent.ThreadPoolExecutor$Worker.run(ThreadPoolExecutor.java:624)&#10;        at java.lang.Thread.run(Thread.java:748)&#10;&quot;pool-104-thread-1&quot; daemon prio=5 tid=1105 timed_waiting&#10;java.lang.Thread.State: TIMED_WAITING&#10;        at sun.misc.Unsafe.park(Native Method)&#10;        at java.util.concurrent.locks.LockSupport.parkNanos(LockSupport.java:215)&#10;        at java.util.concurrent.locks.AbstractQueuedSynchronizer$ConditionObject.awaitNanos(AbstractQueuedSynchronizer.java:2078)&#10;        at java.util.concurrent.ScheduledThreadPoolExecutor$DelayedWorkQueue.take(ScheduledThreadPoolExecutor.java:1093)&#10;        at java.util.concurrent.ScheduledThreadPoolExecutor$DelayedWorkQueue.take(ScheduledThreadPoolExecutor.java:809)&#10;        at java.util.concurrent.ThreadPoolExecutor.getTask(ThreadPoolExecutor.java:1074)&#10;        at java.util.concurrent.ThreadPoolExecutor.runWorker(ThreadPoolExecutor.java:1134)&#10;        at java.util.concurrent.ThreadPoolExecutor$Worker.run(ThreadPoolExecutor.java:624)&#10;        at java.lang.Thread.run(Thread.java:748)&#10;&quot;pool-126-thread-23&quot;  prio=5 tid=1293 in Object.wait()&#10;java.lang.Thread.State: WAITING (on object monitor)&#10;        at sun.misc.Unsafe.park(Native Method)&#10;        at java.util.concurrent.locks.LockSupport.park(LockSupport.java:175)&#10;        at java.util.concurrent.locks.AbstractQueuedSynchronizer$ConditionObject.await(AbstractQueuedSynchronizer.java:2039)&#10;        at java.util.concurrent.ArrayBlockingQueue.take(ArrayBlockingQueue.java:403)&#10;        at java.util.concurrent.ThreadPoolExecutor.getTask(ThreadPoolExecutor.java:1074)&#10;        at java.util.concurrent.ThreadPoolExecutor.runWorker(ThreadPoolExecutor.java:1134)&#10;        at java.util.concurrent.ThreadPoolExecutor$Worker.run(ThreadPoolExecutor.java:624)&#10;        at java.lang.Thread.run(Thread.java:748)&#10;&quot;24020d0b-ce61-4f5a-b0b0-c561541e8cd4@group-A9EE991D717F-SegmentedRaftLogWorker&quot;  prio=5 tid=1149 timed_waiting&#10;java.lang.Thread.State: TIMED_WAITING&#10;        at sun.misc.Unsafe.park(Native Method)&#10;        at java.util.concurrent.locks.LockSupport.parkNanos(LockSupport.java:215)&#10;        at java.util.concurrent.locks.AbstractQueuedSynchronizer$ConditionObject.awaitNanos(AbstractQueuedSynchronizer.java:2078)&#10;        at org.apache.ratis.util.DataBlockingQueue.poll(DataBlockingQueue.java:137)&#10;        at org.apache.ratis.server.raftlog.segmented.SegmentedRaftLogWorker.run(SegmentedRaftLogWorker.java:282)&#10;        at java.lang.Thread.run(Thread.java:748)&#10;&quot;IPC Server listener on 41574&quot; daemon prio=5 tid=1015 runnable&#10;java.lang.Thread.State: RUNNABLE&#10;        at sun.nio.ch.EPollArrayWrapper.epollWait(Native Method)&#10;        at sun.nio.ch.EPollArrayWrapper.poll(EPollArrayWrapper.java:269)&#10;        at sun.nio.ch.EPollSelectorImpl.doSelect(EPollSelectorImpl.java:93)&#10;        at sun.nio.ch.SelectorImpl.lockAndDoSelect(SelectorImpl.java:86)&#10;        at sun.nio.ch.SelectorImpl.select(SelectorImpl.java:97)&#10;        at sun.nio.ch.SelectorImpl.select(SelectorImpl.java:101)&#10;        at org.apache.hadoop.ipc.Server$Listener.run(Server.java:1159)&#10;&quot;grpc-default-worker-ELG-5-3&quot; daemon prio=5 tid=1343 runnable&#10;java.lang.Thread.State: RUNNABLE&#10;        at sun.nio.ch.EPollArrayWrapper.epollWait(Native Method)&#10;        at sun.nio.ch.EPollArrayWrapper.poll(EPollArrayWrapper.java:269)&#10;        at sun.nio.ch.EPollSelectorImpl.doSelect(EPollSelectorImpl.java:93)&#10;        at sun.nio.ch.SelectorImpl.lockAndDoSelect(SelectorImpl.java:86)&#10;        at sun.nio.ch.SelectorImpl.select(SelectorImpl.java:97)&#10;        at org.apache.ratis.thirdparty.io.netty.channel.nio.SelectedSelectionKeySetSelector.select(SelectedSelectionKeySetSelector.java:62)&#10;        at org.apache.ratis.thirdparty.io.netty.channel.nio.NioEventLoop.select(NioEventLoop.java:753)&#10;        at org.apache.ratis.thirdparty.io.netty.channel.nio.NioEventLoop.run(NioEventLoop.java:408)&#10;        at org.apache.ratis.thirdparty.io.netty.util.concurrent.SingleThreadEventExecutor$5.run(SingleThreadEventExecutor.java:897)&#10;        at org.apache.ratis.thirdparty.io.netty.util.concurrent.FastThreadLocalRunnable.run(FastThreadLocalRunnable.java:30)&#10;        at java.lang.Thread.run(Thread.java:748)&#10;&quot;IPC Server handler 0 on 42245&quot; daemon prio=5 tid=1026 timed_waiting&#10;java.lang.Thread.State: TIMED_WAITING&#10;        at sun.misc.Unsafe.park(Native Method)&#10;        at java.util.concurrent.locks.LockSupport.parkNanos(LockSupport.java:215)&#10;        at java.util.concurrent.locks.AbstractQueuedSynchronizer$ConditionObject.awaitNanos(AbstractQueuedSynchronizer.java:2078)&#10;        at java.util.concurrent.LinkedBlockingQueue.poll(LinkedBlockingQueue.java:467)&#10;        at org.apache.hadoop.ipc.CallQueueManager.take(CallQueueManager.java:288)&#10;        at org.apache.hadoop.ipc.Server$Handler.run(Server.java:2668)&#10;&quot;pool-126-thread-27&quot;  prio=5 tid=1297 in Object.wait()&#10;java.lang.Thread.State: WAITING (on object monitor)&#10;        at sun.misc.Unsafe.park(Native Method)&#10;        at java.util.concurrent.locks.LockSupport.park(LockSupport.java:175)&#10;        at java.util.concurrent.locks.AbstractQueuedSynchronizer$ConditionObject.await(AbstractQueuedSynchronizer.java:2039)&#10;        at java.util.concurrent.ArrayBlockingQueue.take(ArrayBlockingQueue.java:403)&#10;        at java.util.concurrent.ThreadPoolExecutor.getTask(ThreadPoolExecutor.java:1074)&#10;        at java.util.concurrent.ThreadPoolExecutor.runWorker(ThreadPoolExecutor.java:1134)&#10;        at java.util.concurrent.ThreadPoolExecutor$Worker.run(ThreadPoolExecutor.java:624)&#10;        at java.lang.Thread.run(Thread.java:748)&#10;&quot;IPC Server handler 4 on 44367&quot; daemon prio=5 tid=1070 timed_waiting&#10;java.lang.Thread.State: TIMED_WAITING&#10;        at sun.misc.Unsafe.park(Native Method)&#10;        at java.util.concurrent.locks.LockSupport.parkNanos(LockSupport.java:215)&#10;        at java.util.concurrent.locks.AbstractQueuedSynchronizer$ConditionObject.awaitNanos(AbstractQueuedSynchronizer.java:2078)&#10;        at java.util.concurrent.LinkedBlockingQueue.poll(LinkedBlockingQueue.java:467)&#10;        at org.apache.hadoop.ipc.CallQueueManager.take(CallQueueManager.java:288)&#10;        at org.apache.hadoop.ipc.Server$Handler.run(Server.java:2668)&#10;&quot;pool-116-thread-20&quot;  prio=5 tid=1214 in Object.wait()&#10;java.lang.Thread.State: WAITING (on object monitor)&#10;        at sun.misc.Unsafe.park(Native Method)&#10;        at java.util.concurrent.locks.LockSupport.park(LockSupport.java:175)&#10;        at java.util.concurrent.locks.AbstractQueuedSynchronizer$ConditionObject.await(AbstractQueuedSynchronizer.java:2039)&#10;        at java.util.concurrent.ArrayBlockingQueue.take(ArrayBlockingQueue.java:403)&#10;        at java.util.concurrent.ThreadPoolExecutor.getTask(ThreadPoolExecutor.java:1074)&#10;        at java.util.concurrent.ThreadPoolExecutor.runWorker(ThreadPoolExecutor.java:1134)&#10;        at java.util.concurrent.ThreadPoolExecutor$Worker.run(ThreadPoolExecutor.java:624)&#10;        at java.lang.Thread.run(Thread.java:748)&#10;&quot;grpc-default-executor-2&quot; daemon prio=5 tid=1349 timed_waiting&#10;java.lang.Thread.State: TIMED_WAITING&#10;        at sun.misc.Unsafe.park(Native Method)&#10;        at java.util.concurrent.locks.LockSupport.parkNanos(LockSupport.java:215)&#10;        at java.util.concurrent.SynchronousQueue$TransferStack.awaitFulfill(SynchronousQueue.java:460)&#10;        at java.util.concurrent.SynchronousQueue$TransferStack.transfer(SynchronousQueue.java:362)&#10;        at java.util.concurrent.SynchronousQueue.poll(SynchronousQueue.java:941)&#10;        at java.util.concurrent.ThreadPoolExecutor.getTask(ThreadPoolExecutor.java:1073)&#10;        at java.util.concurrent.ThreadPoolExecutor.runWorker(ThreadPoolExecutor.java:1134)&#10;        at java.util.concurrent.ThreadPoolExecutor$Worker.run(ThreadPoolExecutor.java:624)&#10;        at java.lang.Thread.run(Thread.java:748)&#10;&quot;EventQueue-ContainerReportForContainerReportHandler&quot; daemon prio=5 tid=1265 in Object.wait()&#10;java.lang.Thread.State: WAITING (on object monitor)&#10;        at sun.misc.Unsafe.park(Native Method)&#10;        at java.util.concurrent.locks.LockSupport.park(LockSupport.java:175)&#10;        at java.util.concurrent.locks.AbstractQueuedSynchronizer$ConditionObject.await(AbstractQueuedSynchronizer.java:2039)&#10;        at java.util.concurrent.LinkedBlockingQueue.take(LinkedBlockingQueue.java:442)&#10;        at java.util.concurrent.ThreadPoolExecutor.getTask(ThreadPoolExecutor.java:1074)&#10;        at java.util.concurrent.ThreadPoolExecutor.runWorker(ThreadPoolExecutor.java:1134)&#10;        at java.util.concurrent.ThreadPoolExecutor$Worker.run(ThreadPoolExecutor.java:624)&#10;        at java.lang.Thread.run(Thread.java:748)&#10;&quot;Datanode ReportManager Thread - 2&quot; daemon prio=5 tid=1156 in Object.wait()&#10;java.lang.Thread.State: WAITING (on object monitor)&#10;        at sun.misc.Unsafe.park(Native Method)&#10;        at java.util.concurrent.locks.LockSupport.park(LockSupport.java:175)&#10;        at java.util.concurrent.locks.AbstractQueuedSynchronizer$ConditionObject.await(AbstractQueuedSynchronizer.java:2039)&#10;        at java.util.concurrent.ScheduledThreadPoolExecutor$DelayedWorkQueue.take(ScheduledThreadPoolExecutor.java:1088)&#10;        at java.util.concurrent.ScheduledThreadPoolExecutor$DelayedWorkQueue.take(ScheduledThreadPoolExecutor.java:809)&#10;        at java.util.concurrent.ThreadPoolExecutor.getTask(ThreadPoolExecutor.java:1074)&#10;        at java.util.concurrent.ThreadPoolExecutor.runWorker(ThreadPoolExecutor.java:1134)&#10;        at java.util.concurrent.ThreadPoolExecutor$Worker.run(ThreadPoolExecutor.java:624)&#10;        at java.lang.Thread.run(Thread.java:748)&#10;&quot;pool-126-thread-13&quot;  prio=5 tid=1283 in Object.wait()&#10;java.lang.Thread.State: WAITING (on object monitor)&#10;        at sun.misc.Unsafe.park(Native Method)&#10;        at java.util.concurrent.locks.LockSupport.park(LockSupport.java:175)&#10;        at java.util.concurrent.locks.AbstractQueuedSynchronizer$ConditionObject.await(AbstractQueuedSynchronizer.java:2039)&#10;        at java.util.concurrent.ArrayBlockingQueue.take(ArrayBlockingQueue.java:403)&#10;        at java.util.concurrent.ThreadPoolExecutor.getTask(ThreadPoolExecutor.java:1074)&#10;        at java.util.concurrent.ThreadPoolExecutor.runWorker(ThreadPoolExecutor.java:1134)&#10;        at java.util.concurrent.ThreadPoolExecutor$Worker.run(ThreadPoolExecutor.java:624)&#10;        at java.lang.Thread.run(Thread.java:748)&#10;&quot;EventQueue-ProcessedPipelineReportForHealthyPipelineSafeModeRule&quot; daemon prio=5 tid=1269 in Object.wait()&#10;java.lang.Thread.State: WAITING (on object monitor)&#10;        at sun.misc.Unsafe.park(Native Method)&#10;        at java.util.concurrent.locks.LockSupport.park(LockSupport.java:175)&#10;        at java.util.concurrent.locks.AbstractQueuedSynchronizer$ConditionObject.await(AbstractQueuedSynchronizer.java:2039)&#10;        at java.util.concurrent.LinkedBlockingQueue.take(LinkedBlockingQueue.java:442)&#10;        at java.util.concurrent.ThreadPoolExecutor.getTask(ThreadPoolExecutor.java:1074)&#10;        at java.util.concurrent.ThreadPoolExecutor.runWorker(ThreadPoolExecutor.java:1134)&#10;        at java.util.concurrent.ThreadPoolExecutor$Worker.run(ThreadPoolExecutor.java:624)&#10;        at java.lang.Thread.run(Thread.java:748)&#10;&quot;IPC Server handler 14 on 34783&quot; daemon prio=5 tid=991 timed_waiting&#10;java.lang.Thread.State: TIMED_WAITING&#10;        at sun.misc.Unsafe.park(Native Method)&#10;        at java.util.concurrent.locks.LockSupport.parkNanos(LockSupport.java:215)&#10;        at java.util.concurrent.locks.AbstractQueuedSynchronizer$ConditionObject.awaitNanos(AbstractQueuedSynchronizer.java:2078)&#10;        at java.util.concurrent.LinkedBlockingQueue.poll(LinkedBlockingQueue.java:467)&#10;        at org.apache.hadoop.ipc.CallQueueManager.take(CallQueueManager.java:288)&#10;        at org.apache.hadoop.ipc.Server$Handler.run(Server.java:2668)&#10;&quot;metrics-hadoop-metrics2-reporter-26-thread-1&quot; daemon prio=5 tid=765 timed_waiting&#10;java.lang.Thread.State: TIMED_WAITING&#10;        at sun.misc.Unsafe.park(Native Method)&#10;        at java.util.concurrent.locks.LockSupport.parkNanos(LockSupport.java:215)&#10;        at java.util.concurrent.locks.AbstractQueuedSynchronizer$ConditionObject.awaitNanos(AbstractQueuedSynchronizer.java:2078)&#10;        at java.util.concurrent.ScheduledThreadPoolExecutor$DelayedWorkQueue.take(ScheduledThreadPoolExecutor.java:1093)&#10;        at java.util.concurrent.ScheduledThreadPoolExecutor$DelayedWorkQueue.take(ScheduledThreadPoolExecutor.java:809)&#10;        at java.util.concurrent.ThreadPoolExecutor.getTask(ThreadPoolExecutor.java:1074)&#10;        at java.util.concurrent.ThreadPoolExecutor.runWorker(ThreadPoolExecutor.java:1134)&#10;        at java.util.concurrent.ThreadPoolExecutor$Worker.run(ThreadPoolExecutor.java:624)&#10;        at java.lang.Thread.run(Thread.java:748)&#10;&quot;pool-126-thread-56&quot;  prio=5 tid=1326 in Object.wait()&#10;java.lang.Thread.State: WAITING (on object monitor)&#10;        at sun.misc.Unsafe.park(Native Method)&#10;        at java.util.concurrent.locks.LockSupport.park(LockSupport.java:175)&#10;        at java.util.concurrent.locks.AbstractQueuedSynchronizer$ConditionObject.await(AbstractQueuedSynchronizer.java:2039)&#10;        at java.util.concurrent.ArrayBlockingQueue.take(ArrayBlockingQueue.java:403)&#10;        at java.util.concurrent.ThreadPoolExecutor.getTask(ThreadPoolExecutor.java:1074)&#10;        at java.util.concurrent.ThreadPoolExecutor.runWorker(ThreadPoolExecutor.java:1134)&#10;        at java.util.concurrent.ThreadPoolExecutor$Worker.run(ThreadPoolExecutor.java:624)&#10;        at java.lang.Thread.run(Thread.java:748)&#10;&quot;metrics-hadoop-metrics2-reporter-48-thread-1&quot; daemon prio=5 tid=911 timed_waiting&#10;java.lang.Thread.State: TIMED_WAITING&#10;        at sun.misc.Unsafe.park(Native Method)&#10;        at java.util.concurrent.locks.LockSupport.parkNanos(LockSupport.java:215)&#10;        at java.util.concurrent.locks.AbstractQueuedSynchronizer$ConditionObject.awaitNanos(AbstractQueuedSynchronizer.java:2078)&#10;        at java.util.concurrent.ScheduledThreadPoolExecutor$DelayedWorkQueue.take(ScheduledThreadPoolExecutor.java:1093)&#10;        at java.util.concurrent.ScheduledThreadPoolExecutor$DelayedWorkQueue.take(ScheduledThreadPoolExecutor.java:809)&#10;        at java.util.concurrent.ThreadPoolExecutor.getTask(ThreadPoolExecutor.java:1074)&#10;        at java.util.concurrent.ThreadPoolExecutor.runWorker(ThreadPoolExecutor.java:1134)&#10;        at java.util.concurrent.ThreadPoolExecutor$Worker.run(ThreadPoolExecutor.java:624)&#10;        at java.lang.Thread.run(Thread.java:748)&#10;&quot;qtp818010696-1172&quot; daemon prio=5 tid=1172 timed_waiting&#10;java.lang.Thread.State: TIMED_WAITING&#10;        at sun.misc.Unsafe.park(Native Method)&#10;        at java.util.concurrent.locks.LockSupport.parkNanos(LockSupport.java:215)&#10;        at java.util.concurrent.locks.AbstractQueuedSynchronizer$ConditionObject.awaitNanos(AbstractQueuedSynchronizer.java:2078)&#10;        at org.eclipse.jetty.util.BlockingArrayQueue.poll(BlockingArrayQueue.java:392)&#10;        at org.eclipse.jetty.util.thread.QueuedThreadPool.idleJobPoll(QueuedThreadPool.java:563)&#10;        at org.eclipse.jetty.util.thread.QueuedThreadPool.access$800(QueuedThreadPool.java:48)&#10;        at org.eclipse.jetty.util.thread.QueuedThreadPool$2.run(QueuedThreadPool.java:626)&#10;        at java.lang.Thread.run(Thread.java:748)&#10;&quot;IPC Server handler 11 on 44367&quot; daemon prio=5 tid=1077 timed_waiting&#10;java.lang.Thread.State: TIMED_WAITING&#10;        at sun.misc.Unsafe.park(Native Method)&#10;        at java.util.concurrent.locks.LockSupport.parkNanos(LockSupport.java:215)&#10;        at java.util.concurrent.locks.AbstractQueuedSynchronizer$ConditionObject.awaitNanos(AbstractQueuedSynchronizer.java:2078)&#10;        at java.util.concurrent.LinkedBlockingQueue.poll(LinkedBlockingQueue.java:467)&#10;        at org.apache.hadoop.ipc.CallQueueManager.take(CallQueueManager.java:288)&#10;        at org.apache.hadoop.ipc.Server$Handler.run(Server.java:2668)&#10;&quot;Datanode ReportManager Thread - 1&quot; daemon prio=5 tid=172 in Object.wait()&#10;java.lang.Thread.State: WAITING (on object monitor)&#10;        at sun.misc.Unsafe.park(Native Method)&#10;        at java.util.concurrent.locks.LockSupport.park(LockSupport.java:175)&#10;        at java.util.concurrent.locks.AbstractQueuedSynchronizer$ConditionObject.await(AbstractQueuedSynchronizer.java:2039)&#10;        at java.util.concurrent.ScheduledThreadPoolExecutor$DelayedWorkQueue.take(ScheduledThreadPoolExecutor.java:1088)&#10;        at java.util.concurrent.ScheduledThreadPoolExecutor$DelayedWorkQueue.take(ScheduledThreadPoolExecutor.java:809)&#10;        at java.util.concurrent.ThreadPoolExecutor.getTask(ThreadPoolExecutor.java:1074)&#10;        at java.util.concurrent.ThreadPoolExecutor.runWorker(ThreadPoolExecutor.java:1134)&#10;        at java.util.concurrent.ThreadPoolExecutor$Worker.run(ThreadPoolExecutor.java:624)&#10;        at java.lang.Thread.run(Thread.java:748)&#10;&quot;pool-106-thread-41&quot;  prio=5 tid=1409 in Object.wait()&#10;java.lang.Thread.State: WAITING (on object monitor)&#10;        at sun.misc.Unsafe.park(Native Method)&#10;        at java.util.concurrent.locks.LockSupport.park(LockSupport.java:175)&#10;        at java.util.concurrent.locks.AbstractQueuedSynchronizer$ConditionObject.await(AbstractQueuedSynchronizer.java:2039)&#10;        at java.util.concurrent.ArrayBlockingQueue.take(ArrayBlockingQueue.java:403)&#10;        at java.util.concurrent.ThreadPoolExecutor.getTask(ThreadPoolExecutor.java:1074)&#10;        at java.util.concurrent.ThreadPoolExecutor.runWorker(ThreadPoolExecutor.java:1134)&#10;        at java.util.concurrent.ThreadPoolExecutor$Worker.run(ThreadPoolExecutor.java:624)&#10;        at java.lang.Thread.run(Thread.java:748)&#10;&quot;qtp1723177853-1091&quot; daemon prio=5 tid=1091 timed_waiting&#10;java.lang.Thread.State: TIMED_WAITING&#10;        at sun.misc.Unsafe.park(Native Method)&#10;        at java.util.concurrent.locks.LockSupport.parkNanos(LockSupport.java:215)&#10;        at java.util.concurrent.locks.AbstractQueuedSynchronizer$ConditionObject.awaitNanos(AbstractQueuedSynchronizer.java:2078)&#10;        at org.eclipse.jetty.util.BlockingArrayQueue.poll(BlockingArrayQueue.java:392)&#10;        at org.eclipse.jetty.util.thread.QueuedThreadPool.idleJobPoll(QueuedThreadPool.java:563)&#10;        at org.eclipse.jetty.util.thread.QueuedThreadPool.access$800(QueuedThreadPool.java:48)&#10;        at org.eclipse.jetty.util.thread.QueuedThreadPool$2.run(QueuedThreadPool.java:626)&#10;        at java.lang.Thread.run(Thread.java:748)&#10;&quot;pool-126-thread-26&quot;  prio=5 tid=1296 in Object.wait()&#10;java.lang.Thread.State: WAITING (on object monitor)&#10;        at sun.misc.Unsafe.park(Native Method)&#10;        at java.util.concurrent.locks.LockSupport.park(LockSupport.java:175)&#10;        at java.util.concurrent.locks.AbstractQueuedSynchronizer$ConditionObject.await(AbstractQueuedSynchronizer.java:2039)&#10;        at java.util.concurrent.ArrayBlockingQueue.take(ArrayBlockingQueue.java:403)&#10;        at java.util.concurrent.ThreadPoolExecutor.getTask(ThreadPoolExecutor.java:1074)&#10;        at java.util.concurrent.ThreadPoolExecutor.runWorker(ThreadPoolExecutor.java:1134)&#10;        at java.util.concurrent.ThreadPoolExecutor$Worker.run(ThreadPoolExecutor.java:624)&#10;        at java.lang.Thread.run(Thread.java:748)&#10;&quot;metrics-hadoop-metrics2-reporter-35-thread-1&quot; daemon prio=5 tid=794 timed_waiting&#10;java.lang.Thread.State: TIMED_WAITING&#10;        at sun.misc.Unsafe.park(Native Method)&#10;        at java.util.concurrent.locks.LockSupport.parkNanos(LockSupport.java:215)&#10;        at java.util.concurrent.locks.AbstractQueuedSynchronizer$ConditionObject.awaitNanos(AbstractQueuedSynchronizer.java:2078)&#10;        at java.util.concurrent.ScheduledThreadPoolExecutor$DelayedWorkQueue.take(ScheduledThreadPoolExecutor.java:1093)&#10;        at java.util.concurrent.ScheduledThreadPoolExecutor$DelayedWorkQueue.take(ScheduledThreadPoolExecutor.java:809)&#10;        at java.util.concurrent.ThreadPoolExecutor.getTask(ThreadPoolExecutor.java:1074)&#10;        at java.util.concurrent.ThreadPoolExecutor.runWorker(ThreadPoolExecutor.java:1134)&#10;        at java.util.concurrent.ThreadPoolExecutor$Worker.run(ThreadPoolExecutor.java:624)&#10;        at java.lang.Thread.run(Thread.java:748)&#10;&quot;Datanode ReportManager Thread - 0&quot; daemon prio=5 tid=279 timed_waiting&#10;java.lang.Thread.State: TIMED_WAITING&#10;        at sun.misc.Unsafe.park(Native Method)&#10;        at java.util.concurrent.locks.LockSupport.parkNanos(LockSupport.java:215)&#10;        at java.util.concurrent.locks.AbstractQueuedSynchronizer$ConditionObject.awaitNanos(AbstractQueuedSynchronizer.java:2078)&#10;        at java.util.concurrent.ScheduledThreadPoolExecutor$DelayedWorkQueue.take(ScheduledThreadPoolExecutor.java:1093)&#10;        at java.util.concurrent.ScheduledThreadPoolExecutor$DelayedWorkQueue.take(ScheduledThreadPoolExecutor.java:809)&#10;        at java.util.concurrent.ThreadPoolExecutor.getTask(ThreadPoolExecutor.java:1074)&#10;        at java.util.concurrent.ThreadPoolExecutor.runWorker(ThreadPoolExecutor.java:1134)&#10;        at java.util.concurrent.ThreadPoolExecutor$Worker.run(ThreadPoolExecutor.java:624)&#10;        at java.lang.Thread.run(Thread.java:748)&#10;&quot;IPC Server handler 15 on 42245&quot; daemon prio=5 tid=1041 timed_waiting&#10;java.lang.Thread.State: TIMED_WAITING&#10;        at sun.misc.Unsafe.park(Native Method)&#10;        at java.util.concurrent.locks.LockSupport.parkNanos(LockSupport.java:215)&#10;        at java.util.concurrent.locks.AbstractQueuedSynchronizer$ConditionObject.awaitNanos(AbstractQueuedSynchronizer.java:2078)&#10;        at java.util.concurrent.LinkedBlockingQueue.poll(LinkedBlockingQueue.java:467)&#10;        at org.apache.hadoop.ipc.CallQueueManager.take(CallQueueManager.java:288)&#10;        at org.apache.hadoop.ipc.Server$Handler.run(Server.java:2668)&#10;&quot;qtp1723177853-1088&quot; daemon prio=5 tid=1088 timed_waiting&#10;java.lang.Thread.State: TIMED_WAITING&#10;        at sun.misc.Unsafe.park(Native Method)&#10;        at java.util.concurrent.locks.LockSupport.parkNanos(LockSupport.java:215)&#10;        at java.util.concurrent.locks.AbstractQueuedSynchronizer$ConditionObject.awaitNanos(AbstractQueuedSynchronizer.java:2078)&#10;        at org.eclipse.jetty.util.BlockingArrayQueue.poll(BlockingArrayQueue.java:392)&#10;        at org.eclipse.jetty.util.thread.QueuedThreadPool.idleJobPoll(QueuedThreadPool.java:563)&#10;        at org.eclipse.jetty.util.thread.QueuedThreadPool.access$800(QueuedThreadPool.java:48)&#10;        at org.eclipse.jetty.util.thread.QueuedThreadPool$2.run(QueuedThreadPool.java:626)&#10;        at java.lang.Thread.run(Thread.java:748)&#10;&quot;qtp1937575946-1115&quot; daemon prio=5 tid=1115 timed_waiting&#10;java.lang.Thread.State: TIMED_WAITING&#10;        at sun.misc.Unsafe.park(Native Method)&#10;        at java.util.concurrent.locks.LockSupport.parkNanos(LockSupport.java:215)&#10;        at java.util.concurrent.locks.AbstractQueuedSynchronizer$ConditionObject.awaitNanos(AbstractQueuedSynchronizer.java:2078)&#10;        at org.eclipse.jetty.util.BlockingArrayQueue.poll(BlockingArrayQueue.java:392)&#10;        at org.eclipse.jetty.util.thread.QueuedThreadPool.idleJobPoll(QueuedThreadPool.java:563)&#10;        at org.eclipse.jetty.util.thread.QueuedThreadPool.access$800(QueuedThreadPool.java:48)&#10;        at org.eclipse.jetty.util.thread.QueuedThreadPool$2.run(QueuedThreadPool.java:626)&#10;        at java.lang.Thread.run(Thread.java:748)&#10;&quot;IPC Server handler 12 on 44367&quot; daemon prio=5 tid=1078 timed_waiting&#10;java.lang.Thread.State: TIMED_WAITING&#10;        at sun.misc.Unsafe.park(Native Method)&#10;        at java.util.concurrent.locks.LockSupport.parkNanos(LockSupport.java:215)&#10;        at java.util.concurrent.locks.AbstractQueuedSynchronizer$ConditionObject.awaitNanos(AbstractQueuedSynchronizer.java:2078)&#10;        at java.util.concurrent.LinkedBlockingQueue.poll(LinkedBlockingQueue.java:467)&#10;        at org.apache.hadoop.ipc.CallQueueManager.take(CallQueueManager.java:288)&#10;        at org.apache.hadoop.ipc.Server$Handler.run(Server.java:2668)&#10;&quot;pool-106-thread-3&quot;  prio=5 tid=1371 in Object.wait()&#10;java.lang.Thread.State: WAITING (on object monitor)&#10;        at sun.misc.Unsafe.park(Native Method)&#10;        at java.util.concurrent.locks.LockSupport.park(LockSupport.java:175)&#10;        at java.util.concurrent.locks.AbstractQueuedSynchronizer$ConditionObject.await(AbstractQueuedSynchronizer.java:2039)&#10;        at java.util.concurrent.ArrayBlockingQueue.take(ArrayBlockingQueue.java:403)&#10;        at java.util.concurrent.ThreadPoolExecutor.getTask(ThreadPoolExecutor.java:1074)&#10;        at java.util.concurrent.ThreadPoolExecutor.runWorker(ThreadPoolExecutor.java:1134)&#10;        at java.util.concurrent.ThreadPoolExecutor$Worker.run(ThreadPoolExecutor.java:624)&#10;        at java.lang.Thread.run(Thread.java:748)&#10;&quot;pool-106-thread-34&quot;  prio=5 tid=1402 in Object.wait()&#10;java.lang.Thread.State: WAITING (on object monitor)&#10;        at sun.misc.Unsafe.park(Native Method)&#10;        at java.util.concurrent.locks.LockSupport.park(LockSupport.java:175)&#10;        at java.util.concurrent.locks.AbstractQueuedSynchronizer$ConditionObject.await(AbstractQueuedSynchronizer.java:2039)&#10;        at java.util.concurrent.ArrayBlockingQueue.take(ArrayBlockingQueue.java:403)&#10;        at java.util.concurrent.ThreadPoolExecutor.getTask(ThreadPoolExecutor.java:1074)&#10;        at java.util.concurrent.ThreadPoolExecutor.runWorker(ThreadPoolExecutor.java:1134)&#10;        at java.util.concurrent.ThreadPoolExecutor$Worker.run(ThreadPoolExecutor.java:624)&#10;        at java.lang.Thread.run(Thread.java:748)&#10;&quot;pool-116-thread-27&quot;  prio=5 tid=1221 in Object.wait()&#10;java.lang.Thread.State: WAITING (on object monitor)&#10;        at sun.misc.Unsafe.park(Native Method)&#10;        at java.util.concurrent.locks.LockSupport.park(LockSupport.java:175)&#10;        at java.util.concurrent.locks.AbstractQueuedSynchronizer$ConditionObject.await(AbstractQueuedSynchronizer.java:2039)&#10;        at java.util.concurrent.ArrayBlockingQueue.take(ArrayBlockingQueue.java:403)&#10;        at java.util.concurrent.ThreadPoolExecutor.getTask(ThreadPoolExecutor.java:1074)&#10;        at java.util.concurrent.ThreadPoolExecutor.runWorker(ThreadPoolExecutor.java:1134)&#10;        at java.util.concurrent.ThreadPoolExecutor$Worker.run(ThreadPoolExecutor.java:624)&#10;        at java.lang.Thread.run(Thread.java:748)&#10;&quot;pool-126-thread-29&quot;  prio=5 tid=1299 in Object.wait()&#10;java.lang.Thread.State: WAITING (on object monitor)&#10;        at sun.misc.Unsafe.park(Native Method)&#10;        at java.util.concurrent.locks.LockSupport.park(LockSupport.java:175)&#10;        at java.util.concurrent.locks.AbstractQueuedSynchronizer$ConditionObject.await(AbstractQueuedSynchronizer.java:2039)&#10;        at java.util.concurrent.ArrayBlockingQueue.take(ArrayBlockingQueue.java:403)&#10;        at java.util.concurrent.ThreadPoolExecutor.getTask(ThreadPoolExecutor.java:1074)&#10;        at java.util.concurrent.ThreadPoolExecutor.runWorker(ThreadPoolExecutor.java:1134)&#10;        at java.util.concurrent.ThreadPoolExecutor$Worker.run(ThreadPoolExecutor.java:624)&#10;        at java.lang.Thread.run(Thread.java:748)&#10;&quot;IPC Server handler 14 on 42245&quot; daemon prio=5 tid=1040 timed_waiting&#10;java.lang.Thread.State: TIMED_WAITING&#10;        at sun.misc.Unsafe.park(Native Method)&#10;        at java.util.concurrent.locks.LockSupport.parkNanos(LockSupport.java:215)&#10;        at java.util.concurrent.locks.AbstractQueuedSynchronizer$ConditionObject.awaitNanos(AbstractQueuedSynchronizer.java:2078)&#10;        at java.util.concurrent.LinkedBlockingQueue.poll(LinkedBlockingQueue.java:467)&#10;        at org.apache.hadoop.ipc.CallQueueManager.take(CallQueueManager.java:288)&#10;        at org.apache.hadoop.ipc.Server$Handler.run(Server.java:2668)&#10;&quot;IPC Server handler 17 on 34783&quot; daemon prio=5 tid=994 timed_waiting&#10;java.lang.Thread.State: TIMED_WAITING&#10;        at sun.misc.Unsafe.park(Native Method)&#10;        at java.util.concurrent.locks.LockSupport.parkNanos(LockSupport.java:215)&#10;        at java.util.concurrent.locks.AbstractQueuedSynchronizer$ConditionObject.awaitNanos(AbstractQueuedSynchronizer.java:2078)&#10;        at java.util.concurrent.LinkedBlockingQueue.poll(LinkedBlockingQueue.java:467)&#10;        at org.apache.hadoop.ipc.CallQueueManager.take(CallQueueManager.java:288)&#10;        at org.apache.hadoop.ipc.Server$Handler.run(Server.java:2668)&#10;&quot;qtp1937575946-1111-acceptor-0@5ab8031a-ServerConnector@71c17a57{HTTP/1.1,[http/1.1]}{0.0.0.0:33290}&quot; daemon prio=3 tid=1111 runnable&#10;java.lang.Thread.State: RUNNABLE&#10;        at sun.nio.ch.ServerSocketChannelImpl.accept0(Native Method)&#10;        at sun.nio.ch.ServerSocketChannelImpl.accept(ServerSocketChannelImpl.java:422)&#10;        at sun.nio.ch.ServerSocketChannelImpl.accept(ServerSocketChannelImpl.java:250)&#10;        at org.eclipse.jetty.server.ServerConnector.accept(ServerConnector.java:397)&#10;        at org.eclipse.jetty.server.AbstractConnector$Acceptor.run(AbstractConnector.java:601)&#10;        at org.eclipse.jetty.util.thread.QueuedThreadPool.runJob(QueuedThreadPool.java:671)&#10;        at org.eclipse.jetty.util.thread.QueuedThreadPool$2.run(QueuedThreadPool.java:589)&#10;        at java.lang.Thread.run(Thread.java:748)&#10;&quot;metrics-hadoop-metrics2-reporter-10-thread-1&quot; daemon prio=5 tid=728 timed_waiting&#10;java.lang.Thread.State: TIMED_WAITING&#10;        at sun.misc.Unsafe.park(Native Method)&#10;        at java.util.concurrent.locks.LockSupport.parkNanos(LockSupport.java:215)&#10;        at java.util.concurrent.locks.AbstractQueuedSynchronizer$ConditionObject.awaitNanos(AbstractQueuedSynchronizer.java:2078)&#10;        at java.util.concurrent.ScheduledThreadPoolExecutor$DelayedWorkQueue.take(ScheduledThreadPoolExecutor.java:1093)&#10;        at java.util.concurrent.ScheduledThreadPoolExecutor$DelayedWorkQueue.take(ScheduledThreadPoolExecutor.java:809)&#10;        at java.util.concurrent.ThreadPoolExecutor.getTask(ThreadPoolExecutor.java:1074)&#10;        at java.util.concurrent.ThreadPoolExecutor.runWorker(ThreadPoolExecutor.java:1134)&#10;        at java.util.concurrent.ThreadPoolExecutor$Worker.run(ThreadPoolExecutor.java:624)&#10;        at java.lang.Thread.run(Thread.java:748)&#10;&quot;Datanode ReportManager Thread - 3&quot; daemon prio=5 tid=1125 in Object.wait()&#10;java.lang.Thread.State: WAITING (on object monitor)&#10;        at sun.misc.Unsafe.park(Native Method)&#10;        at java.util.concurrent.locks.LockSupport.park(LockSupport.java:175)&#10;        at java.util.concurrent.locks.AbstractQueuedSynchronizer$ConditionObject.await(AbstractQueuedSynchronizer.java:2039)&#10;        at java.util.concurrent.ScheduledThreadPoolExecutor$DelayedWorkQueue.take(ScheduledThreadPoolExecutor.java:1088)&#10;        at java.util.concurrent.ScheduledThreadPoolExecutor$DelayedWorkQueue.take(ScheduledThreadPoolExecutor.java:809)&#10;        at java.util.concurrent.ThreadPoolExecutor.getTask(ThreadPoolExecutor.java:1074)&#10;        at java.util.concurrent.ThreadPoolExecutor.runWorker(ThreadPoolExecutor.java:1134)&#10;        at java.util.concurrent.ThreadPoolExecutor$Worker.run(ThreadPoolExecutor.java:624)&#10;        at java.lang.Thread.run(Thread.java:748)&#10;&quot;qtp995381766-1000&quot; daemon prio=5 tid=1000 timed_waiting&#10;java.lang.Thread.State: TIMED_WAITING&#10;        at sun.misc.Unsafe.park(Native Method)&#10;        at java.util.concurrent.locks.LockSupport.parkNanos(LockSupport.java:215)&#10;        at java.util.concurrent.locks.AbstractQueuedSynchronizer$ConditionObject.awaitNanos(AbstractQueuedSynchronizer.java:2078)&#10;        at org.eclipse.jetty.util.BlockingArrayQueue.poll(BlockingArrayQueue.java:392)&#10;        at org.eclipse.jetty.util.thread.QueuedThreadPool.idleJobPoll(QueuedThreadPool.java:563)&#10;        at org.eclipse.jetty.util.thread.QueuedThreadPool.access$800(QueuedThreadPool.java:48)&#10;        at org.eclipse.jetty.util.thread.QueuedThreadPool$2.run(QueuedThreadPool.java:626)&#10;        at java.lang.Thread.run(Thread.java:748)&#10;&quot;metrics-hadoop-metrics2-reporter-44-thread-1&quot; daemon prio=5 tid=871 timed_waiting&#10;java.lang.Thread.State: TIMED_WAITING&#10;        at sun.misc.Unsafe.park(Native Method)&#10;        at java.util.concurrent.locks.LockSupport.parkNanos(LockSupport.java:215)&#10;        at java.util.concurrent.locks.AbstractQueuedSynchronizer$ConditionObject.awaitNanos(AbstractQueuedSynchronizer.java:2078)&#10;        at java.util.concurrent.ScheduledThreadPoolExecutor$DelayedWorkQueue.take(ScheduledThreadPoolExecutor.java:1093)&#10;        at java.util.concurrent.ScheduledThreadPoolExecutor$DelayedWorkQueue.take(ScheduledThreadPoolExecutor.java:809)&#10;        at java.util.concurrent.ThreadPoolExecutor.getTask(ThreadPoolExecutor.java:1074)&#10;        at java.util.concurrent.ThreadPoolExecutor.runWorker(ThreadPoolExecutor.java:1134)&#10;        at java.util.concurrent.ThreadPoolExecutor$Worker.run(ThreadPoolExecutor.java:624)&#10;        at java.lang.Thread.run(Thread.java:748)&#10;&quot;metrics-hadoop-metrics2-reporter-47-thread-1&quot; daemon prio=5 tid=903 timed_waiting&#10;java.lang.Thread.State: TIMED_WAITING&#10;        at sun.misc.Unsafe.park(Native Method)&#10;        at java.util.concurrent.locks.LockSupport.parkNanos(LockSupport.java:215)&#10;        at java.util.concurrent.locks.AbstractQueuedSynchronizer$ConditionObject.awaitNanos(AbstractQueuedSynchronizer.java:2078)&#10;        at java.util.concurrent.ScheduledThreadPoolExecutor$DelayedWorkQueue.take(ScheduledThreadPoolExecutor.java:1093)&#10;        at java.util.concurrent.ScheduledThreadPoolExecutor$DelayedWorkQueue.take(ScheduledThreadPoolExecutor.java:809)&#10;        at java.util.concurrent.ThreadPoolExecutor.getTask(ThreadPoolExecutor.java:1074)&#10;        at java.util.concurrent.ThreadPoolExecutor.runWorker(ThreadPoolExecutor.java:1134)&#10;        at java.util.concurrent.ThreadPoolExecutor$Worker.run(ThreadPoolExecutor.java:624)&#10;        at java.lang.Thread.run(Thread.java:748)&#10;&quot;Socket Reader #1 for port 34783&quot;  prio=5 tid=974 runnable&#10;java.lang.Thread.State: RUNNABLE&#10;        at sun.nio.ch.EPollArrayWrapper.epollWait(Native Method)&#10;        at sun.nio.ch.EPollArrayWrapper.poll(EPollArrayWrapper.java:269)&#10;        at sun.nio.ch.EPollSelectorImpl.doSelect(EPollSelectorImpl.java:93)&#10;        at sun.nio.ch.SelectorImpl.lockAndDoSelect(SelectorImpl.java:86)&#10;        at sun.nio.ch.SelectorImpl.select(SelectorImpl.java:97)&#10;        at sun.nio.ch.SelectorImpl.select(SelectorImpl.java:101)&#10;        at org.apache.hadoop.ipc.Server$Listener$Reader.doRunLoop(Server.java:1097)&#10;        at org.apache.hadoop.ipc.Server$Listener$Reader.run(Server.java:1076)&#10;&quot;pool-116-thread-60&quot;  prio=5 tid=1254 in Object.wait()&#10;java.lang.Thread.State: WAITING (on object monitor)&#10;        at sun.misc.Unsafe.park(Native Method)&#10;        at java.util.concurrent.locks.LockSupport.park(LockSupport.java:175)&#10;        at java.util.concurrent.locks.AbstractQueuedSynchronizer$ConditionObject.await(AbstractQueuedSynchronizer.java:2039)&#10;        at java.util.concurrent.ArrayBlockingQueue.take(ArrayBlockingQueue.java:403)&#10;        at java.util.concurrent.ThreadPoolExecutor.getTask(ThreadPoolExecutor.java:1074)&#10;        at java.util.concurrent.ThreadPoolExecutor.runWorker(ThreadPoolExecutor.java:1134)&#10;        at java.util.concurrent.ThreadPoolExecutor$Worker.run(ThreadPoolExecutor.java:624)&#10;        at java.lang.Thread.run(Thread.java:748)&#10;&quot;org.apache.hadoop.util.JvmPauseMonitor$Monitor@63884e4&quot; daemon prio=5 tid=1009 timed_waiting&#10;java.lang.Thread.State: TIMED_WAITING&#10;        at java.lang.Thread.sleep(Native Method)&#10;        at org.apache.hadoop.util.JvmPauseMonitor$Monitor.run(JvmPauseMonitor.java:192)&#10;        at java.lang.Thread.run(Thread.java:748)&#10;&quot;pool-116-thread-31&quot;  prio=5 tid=1225 in Object.wait()&#10;java.lang.Thread.State: WAITING (on object monitor)&#10;        at sun.misc.Unsafe.park(Native Method)&#10;        at java.util.concurrent.locks.LockSupport.park(LockSupport.java:175)&#10;        at java.util.concurrent.locks.AbstractQueuedSynchronizer$ConditionObject.await(AbstractQueuedSynchronizer.java:2039)&#10;        at java.util.concurrent.ArrayBlockingQueue.take(ArrayBlockingQueue.java:403)&#10;        at java.util.concurrent.ThreadPoolExecutor.getTask(ThreadPoolExecutor.java:1074)&#10;        at java.util.concurrent.ThreadPoolExecutor.runWorker(ThreadPoolExecutor.java:1134)&#10;        at java.util.concurrent.ThreadPoolExecutor$Worker.run(ThreadPoolExecutor.java:624)&#10;        at java.lang.Thread.run(Thread.java:748)&#10;&quot;IPC Server handler 17 on 44367&quot; daemon prio=5 tid=1083 timed_waiting&#10;java.lang.Thread.State: TIMED_WAITING&#10;        at sun.misc.Unsafe.park(Native Method)&#10;        at java.util.concurrent.locks.LockSupport.parkNanos(LockSupport.java:215)&#10;        at java.util.concurrent.locks.AbstractQueuedSynchronizer$ConditionObject.awaitNanos(AbstractQueuedSynchronizer.java:2078)&#10;        at java.util.concurrent.LinkedBlockingQueue.poll(LinkedBlockingQueue.java:467)&#10;        at org.apache.hadoop.ipc.CallQueueManager.take(CallQueueManager.java:288)&#10;        at org.apache.hadoop.ipc.Server$Handler.run(Server.java:2668)&#10;&quot;metrics-hadoop-metrics2-reporter-2-thread-1&quot; daemon prio=5 tid=707 timed_waiting&#10;java.lang.Thread.State: TIMED_WAITING&#10;        at sun.misc.Unsafe.park(Native Method)&#10;        at java.util.concurrent.locks.LockSupport.parkNanos(LockSupport.java:215)&#10;        at java.util.concurrent.locks.AbstractQueuedSynchronizer$ConditionObject.awaitNanos(AbstractQueuedSynchronizer.java:2078)&#10;        at java.util.concurrent.ScheduledThreadPoolExecutor$DelayedWorkQueue.take(ScheduledThreadPoolExecutor.java:1093)&#10;        at java.util.concurrent.ScheduledThreadPoolExecutor$DelayedWorkQueue.take(ScheduledThreadPoolExecutor.java:809)&#10;        at java.util.concurrent.ThreadPoolExecutor.getTask(ThreadPoolExecutor.java:1074)&#10;        at java.util.concurrent.ThreadPoolExecutor.runWorker(ThreadPoolExecutor.java:1134)&#10;        at java.util.concurrent.ThreadPoolExecutor$Worker.run(ThreadPoolExecutor.java:624)&#10;        at java.lang.Thread.run(Thread.java:748)&#10;&quot;Datanode ReportManager Thread - 0&quot; daemon prio=5 tid=1122 in Object.wait()&#10;java.lang.Thread.State: WAITING (on object monitor)&#10;        at sun.misc.Unsafe.park(Native Method)&#10;        at java.util.concurrent.locks.LockSupport.park(LockSupport.java:175)&#10;        at java.util.concurrent.locks.AbstractQueuedSynchronizer$ConditionObject.await(AbstractQueuedSynchronizer.java:2039)&#10;        at java.util.concurrent.ScheduledThreadPoolExecutor$DelayedWorkQueue.take(ScheduledThreadPoolExecutor.java:1088)&#10;        at java.util.concurrent.ScheduledThreadPoolExecutor$DelayedWorkQueue.take(ScheduledThreadPoolExecutor.java:809)&#10;        at java.util.concurrent.ThreadPoolExecutor.getTask(ThreadPoolExecutor.java:1074)&#10;        at java.util.concurrent.ThreadPoolExecutor.runWorker(ThreadPoolExecutor.java:1134)&#10;        at java.util.concurrent.ThreadPoolExecutor$Worker.run(ThreadPoolExecutor.java:624)&#10;        at java.lang.Thread.run(Thread.java:748)&#10;&quot;IPC Server handler 2 on 34783&quot; daemon prio=5 tid=979 timed_waiting&#10;java.lang.Thread.State: TIMED_WAITING&#10;        at sun.misc.Unsafe.park(Native Method)&#10;        at java.util.concurrent.locks.LockSupport.parkNanos(LockSupport.java:215)&#10;        at java.util.concurrent.locks.AbstractQueuedSynchronizer$ConditionObject.awaitNanos(AbstractQueuedSynchronizer.java:2078)&#10;        at java.util.concurrent.LinkedBlockingQueue.poll(LinkedBlockingQueue.java:467)&#10;        at org.apache.hadoop.ipc.CallQueueManager.take(CallQueueManager.java:288)&#10;        at org.apache.hadoop.ipc.Server$Handler.run(Server.java:2668)&#10;&quot;IPC Server idle connection scanner for port 41574&quot; daemon prio=5 tid=1017 timed_waiting&#10;java.lang.Thread.State: TIMED_WAITING&#10;        at java.lang.Object.wait(Native Method)&#10;        at java.util.TimerThread.mainLoop(Timer.java:552)&#10;        at java.util.TimerThread.run(Timer.java:505)&#10;&quot;metrics-hadoop-metrics2-reporter-3-thread-1&quot; daemon prio=5 tid=708 timed_waiting&#10;java.lang.Thread.State: TIMED_WAITING&#10;        at sun.misc.Unsafe.park(Native Method)&#10;        at java.util.concurrent.locks.LockSupport.parkNanos(LockSupport.java:215)&#10;        at java.util.concurrent.locks.AbstractQueuedSynchronizer$ConditionObject.awaitNanos(AbstractQueuedSynchronizer.java:2078)&#10;        at java.util.concurrent.ScheduledThreadPoolExecutor$DelayedWorkQueue.take(ScheduledThreadPoolExecutor.java:1093)&#10;        at java.util.concurrent.ScheduledThreadPoolExecutor$DelayedWorkQueue.take(ScheduledThreadPoolExecutor.java:809)&#10;        at java.util.concurrent.ThreadPoolExecutor.getTask(ThreadPoolExecutor.java:1074)&#10;        at java.util.concurrent.ThreadPoolExecutor.runWorker(ThreadPoolExecutor.java:1134)&#10;        at java.util.concurrent.ThreadPoolExecutor$Worker.run(ThreadPoolExecutor.java:624)&#10;        at java.lang.Thread.run(Thread.java:748)&#10;&quot;IPC Client (3392189) connection to /0.0.0.0:44367 from jenkins1000&quot; daemon prio=5 tid=1194 timed_waiting&#10;java.lang.Thread.State: TIMED_WAITING&#10;        at java.lang.Object.wait(Native Method)&#10;        at org.apache.hadoop.ipc.Client$Connection.waitForWork(Client.java:1024)&#10;        at org.apache.hadoop.ipc.Client$Connection.run(Client.java:1068)&#10;&quot;metrics-hadoop-metrics2-reporter-14-thread-1&quot; daemon prio=5 tid=735 timed_waiting&#10;java.lang.Thread.State: TIMED_WAITING&#10;        at sun.misc.Unsafe.park(Native Method)&#10;        at java.util.concurrent.locks.LockSupport.parkNanos(LockSupport.java:215)&#10;        at java.util.concurrent.locks.AbstractQueuedSynchronizer$ConditionObject.awaitNanos(AbstractQueuedSynchronizer.java:2078)&#10;        at java.util.concurrent.ScheduledThreadPoolExecutor$DelayedWorkQueue.take(ScheduledThreadPoolExecutor.java:1093)&#10;        at java.util.concurrent.ScheduledThreadPoolExecutor$DelayedWorkQueue.take(ScheduledThreadPoolExecutor.java:809)&#10;        at java.util.concurrent.ThreadPoolExecutor.getTask(ThreadPoolExecutor.java:1074)&#10;        at java.util.concurrent.ThreadPoolExecutor.runWorker(ThreadPoolExecutor.java:1134)&#10;        at java.util.concurrent.ThreadPoolExecutor$Worker.run(ThreadPoolExecutor.java:624)&#10;        at java.lang.Thread.run(Thread.java:748)&#10;&quot;pool-106-thread-12&quot;  prio=5 tid=1380 in Object.wait()&#10;java.lang.Thread.State: WAITING (on object monitor)&#10;        at sun.misc.Unsafe.park(Native Method)&#10;        at java.util.concurrent.locks.LockSupport.park(LockSupport.java:175)&#10;        at java.util.concurrent.locks.AbstractQueuedSynchronizer$ConditionObject.await(AbstractQueuedSynchronizer.java:2039)&#10;        at java.util.concurrent.ArrayBlockingQueue.take(ArrayBlockingQueue.java:403)&#10;        at java.util.concurrent.ThreadPoolExecutor.getTask(ThreadPoolExecutor.java:1074)&#10;        at java.util.concurrent.ThreadPoolExecutor.runWorker(ThreadPoolExecutor.java:1134)&#10;        at java.util.concurrent.ThreadPoolExecutor$Worker.run(ThreadPoolExecutor.java:624)&#10;        at java.lang.Thread.run(Thread.java:748)&#10;&quot;pool-106-thread-8&quot;  prio=5 tid=1376 in Object.wait()&#10;java.lang.Thread.State: WAITING (on object monitor)&#10;        at sun.misc.Unsafe.park(Native Method)&#10;        at java.util.concurrent.locks.LockSupport.park(LockSupport.java:175)&#10;        at java.util.concurrent.locks.AbstractQueuedSynchronizer$ConditionObject.await(AbstractQueuedSynchronizer.java:2039)&#10;        at java.util.concurrent.ArrayBlockingQueue.take(ArrayBlockingQueue.java:403)&#10;        at java.util.concurrent.ThreadPoolExecutor.getTask(ThreadPoolExecutor.java:1074)&#10;        at java.util.concurrent.ThreadPoolExecutor.runWorker(ThreadPoolExecutor.java:1134)&#10;        at java.util.concurrent.ThreadPoolExecutor$Worker.run(ThreadPoolExecutor.java:624)&#10;        at java.lang.Thread.run(Thread.java:748)&#10;&quot;Datanode ReportManager Thread - 3&quot; daemon prio=5 tid=255 timed_waiting&#10;java.lang.Thread.State: TIMED_WAITING&#10;        at sun.misc.Unsafe.park(Native Method)&#10;        at java.util.concurrent.locks.LockSupport.parkNanos(LockSupport.java:215)&#10;        at java.util.concurrent.locks.AbstractQueuedSynchronizer$ConditionObject.awaitNanos(AbstractQueuedSynchronizer.java:2078)&#10;        at java.util.concurrent.ScheduledThreadPoolExecutor$DelayedWorkQueue.take(ScheduledThreadPoolExecutor.java:1093)&#10;        at java.util.concurrent.ScheduledThreadPoolExecutor$DelayedWorkQueue.take(ScheduledThreadPoolExecutor.java:809)&#10;        at java.util.concurrent.ThreadPoolExecutor.getTask(ThreadPoolExecutor.java:1074)&#10;        at java.util.concurrent.ThreadPoolExecutor.runWorker(ThreadPoolExecutor.java:1134)&#10;        at java.util.concurrent.ThreadPoolExecutor$Worker.run(ThreadPoolExecutor.java:624)&#10;        at java.lang.Thread.run(Thread.java:748)&#10;&quot;pool-106-thread-23&quot;  prio=5 tid=1391 in Object.wait()&#10;java.lang.Thread.State: WAITING (on object monitor)&#10;        at sun.misc.Unsafe.park(Native Method)&#10;        at java.util.concurrent.locks.LockSupport.park(LockSupport.java:175)&#10;        at java.util.concurrent.locks.AbstractQueuedSynchronizer$ConditionObject.await(AbstractQueuedSynchronizer.java:2039)&#10;        at java.util.concurrent.ArrayBlockingQueue.take(ArrayBlockingQueue.java:403)&#10;        at java.util.concurrent.ThreadPoolExecutor.getTask(ThreadPoolExecutor.java:1074)&#10;        at java.util.concurrent.ThreadPoolExecutor.runWorker(ThreadPoolExecutor.java:1134)&#10;        at java.util.concurrent.ThreadPoolExecutor$Worker.run(ThreadPoolExecutor.java:624)&#10;        at java.lang.Thread.run(Thread.java:748)&#10;&quot;pool-116-thread-38&quot;  prio=5 tid=1232 in Object.wait()&#10;java.lang.Thread.State: WAITING (on object monitor)&#10;        at sun.misc.Unsafe.park(Native Method)&#10;        at java.util.concurrent.locks.LockSupport.park(LockSupport.java:175)&#10;        at java.util.concurrent.locks.AbstractQueuedSynchronizer$ConditionObject.await(AbstractQueuedSynchronizer.java:2039)&#10;        at java.util.concurrent.ArrayBlockingQueue.take(ArrayBlockingQueue.java:403)&#10;        at java.util.concurrent.ThreadPoolExecutor.getTask(ThreadPoolExecutor.java:1074)&#10;        at java.util.concurrent.ThreadPoolExecutor.runWorker(ThreadPoolExecutor.java:1134)&#10;        at java.util.concurrent.ThreadPoolExecutor$Worker.run(ThreadPoolExecutor.java:624)&#10;        at java.lang.Thread.run(Thread.java:748)&#10;&quot;pool-106-thread-37&quot;  prio=5 tid=1405 in Object.wait()&#10;java.lang.Thread.State: WAITING (on object monitor)&#10;        at sun.misc.Unsafe.park(Native Method)&#10;        at java.util.concurrent.locks.LockSupport.park(LockSupport.java:175)&#10;        at java.util.concurrent.locks.AbstractQueuedSynchronizer$ConditionObject.await(AbstractQueuedSynchronizer.java:2039)&#10;        at java.util.concurrent.ArrayBlockingQueue.take(ArrayBlockingQueue.java:403)&#10;        at java.util.concurrent.ThreadPoolExecutor.getTask(ThreadPoolExecutor.java:1074)&#10;        at java.util.concurrent.ThreadPoolExecutor.runWorker(ThreadPoolExecutor.java:1134)&#10;        at java.util.concurrent.ThreadPoolExecutor$Worker.run(ThreadPoolExecutor.java:624)&#10;        at java.lang.Thread.run(Thread.java:748)&#10;&quot;IPC Server handler 12 on 34783&quot; daemon prio=5 tid=989 timed_waiting&#10;java.lang.Thread.State: TIMED_WAITING&#10;        at sun.misc.Unsafe.park(Native Method)&#10;        at java.util.concurrent.locks.LockSupport.parkNanos(LockSupport.java:215)&#10;        at java.util.concurrent.locks.AbstractQueuedSynchronizer$ConditionObject.awaitNanos(AbstractQueuedSynchronizer.java:2078)&#10;        at java.util.concurrent.LinkedBlockingQueue.poll(LinkedBlockingQueue.java:467)&#10;        at org.apache.hadoop.ipc.CallQueueManager.take(CallQueueManager.java:288)&#10;        at org.apache.hadoop.ipc.Server$Handler.run(Server.java:2668)&#10;&quot;IPC Server handler 15 on 34783&quot; daemon prio=5 tid=992 timed_waiting&#10;java.lang.Thread.State: TIMED_WAITING&#10;        at sun.misc.Unsafe.park(Native Method)&#10;        at java.util.concurrent.locks.LockSupport.parkNanos(LockSupport.java:215)&#10;        at java.util.concurrent.locks.AbstractQueuedSynchronizer$ConditionObject.awaitNanos(AbstractQueuedSynchronizer.java:2078)&#10;        at java.util.concurrent.LinkedBlockingQueue.poll(LinkedBlockingQueue.java:467)&#10;        at org.apache.hadoop.ipc.CallQueueManager.take(CallQueueManager.java:288)&#10;        at org.apache.hadoop.ipc.Server$Handler.run(Server.java:2668)&#10;&quot;grpc-default-executor-0&quot; daemon prio=5 tid=1341 timed_waiting&#10;java.lang.Thread.State: TIMED_WAITING&#10;        at sun.misc.Unsafe.park(Native Method)&#10;        at java.util.concurrent.locks.LockSupport.parkNanos(LockSupport.java:215)&#10;        at java.util.concurrent.SynchronousQueue$TransferStack.awaitFulfill(SynchronousQueue.java:460)&#10;        at java.util.concurrent.SynchronousQueue$TransferStack.transfer(SynchronousQueue.java:362)&#10;        at java.util.concurrent.SynchronousQueue.poll(SynchronousQueue.java:941)&#10;        at java.util.concurrent.ThreadPoolExecutor.getTask(ThreadPoolExecutor.java:1073)&#10;        at java.util.concurrent.ThreadPoolExecutor.runWorker(ThreadPoolExecutor.java:1134)&#10;        at java.util.concurrent.ThreadPoolExecutor$Worker.run(ThreadPoolExecutor.java:624)&#10;        at java.lang.Thread.run(Thread.java:748)&#10;&quot;pool-126-thread-39&quot;  prio=5 tid=1309 in Object.wait()&#10;java.lang.Thread.State: WAITING (on object monitor)&#10;        at sun.misc.Unsafe.park(Native Method)&#10;        at java.util.concurrent.locks.LockSupport.park(LockSupport.java:175)&#10;        at java.util.concurrent.locks.AbstractQueuedSynchronizer$ConditionObject.await(AbstractQueuedSynchronizer.java:2039)&#10;        at java.util.concurrent.ArrayBlockingQueue.take(ArrayBlockingQueue.java:403)&#10;        at java.util.concurrent.ThreadPoolExecutor.getTask(ThreadPoolExecutor.java:1074)&#10;        at java.util.concurrent.ThreadPoolExecutor.runWorker(ThreadPoolExecutor.java:1134)&#10;        at java.util.concurrent.ThreadPoolExecutor$Worker.run(ThreadPoolExecutor.java:624)&#10;        at java.lang.Thread.run(Thread.java:748)&#10;&quot;qtp995381766-1004&quot; daemon prio=5 tid=1004 timed_waiting&#10;java.lang.Thread.State: TIMED_WAITING&#10;        at sun.misc.Unsafe.park(Native Method)&#10;        at java.util.concurrent.locks.LockSupport.parkNanos(LockSupport.java:215)&#10;        at java.util.concurrent.locks.AbstractQueuedSynchronizer$ConditionObject.awaitNanos(AbstractQueuedSynchronizer.java:2078)&#10;        at org.eclipse.jetty.util.BlockingArrayQueue.poll(BlockingArrayQueue.java:392)&#10;        at org.eclipse.jetty.util.thread.QueuedThreadPool.idleJobPoll(QueuedThreadPool.java:563)&#10;        at org.eclipse.jetty.util.thread.QueuedThreadPool.access$800(QueuedThreadPool.java:48)&#10;        at org.eclipse.jetty.util.thread.QueuedThreadPool$2.run(QueuedThreadPool.java:626)&#10;        at java.lang.Thread.run(Thread.java:748)&#10;&quot;pool-126-thread-20&quot;  prio=5 tid=1290 in Object.wait()&#10;java.lang.Thread.State: WAITING (on object monitor)&#10;        at sun.misc.Unsafe.park(Native Method)&#10;        at java.util.concurrent.locks.LockSupport.park(LockSupport.java:175)&#10;        at java.util.concurrent.locks.AbstractQueuedSynchronizer$ConditionObject.await(AbstractQueuedSynchronizer.java:2039)&#10;        at java.util.concurrent.ArrayBlockingQueue.take(ArrayBlockingQueue.java:403)&#10;        at java.util.concurrent.ThreadPoolExecutor.getTask(ThreadPoolExecutor.java:1074)&#10;        at java.util.concurrent.ThreadPoolExecutor.runWorker(ThreadPoolExecutor.java:1134)&#10;        at java.util.concurrent.ThreadPoolExecutor$Worker.run(ThreadPoolExecutor.java:624)&#10;        at java.lang.Thread.run(Thread.java:748)&#10;&quot;pool-116-thread-6&quot;  prio=5 tid=1200 in Object.wait()&#10;java.lang.Thread.State: WAITING (on object monitor)&#10;        at sun.misc.Unsafe.park(Native Method)&#10;        at java.util.concurrent.locks.LockSupport.park(LockSupport.java:175)&#10;        at java.util.concurrent.locks.AbstractQueuedSynchronizer$ConditionObject.await(AbstractQueuedSynchronizer.java:2039)&#10;        at java.util.concurrent.ArrayBlockingQueue.take(ArrayBlockingQueue.java:403)&#10;        at java.util.concurrent.ThreadPoolExecutor.getTask(ThreadPoolExecutor.java:1074)&#10;        at java.util.concurrent.ThreadPoolExecutor.runWorker(ThreadPoolExecutor.java:1134)&#10;        at java.util.concurrent.ThreadPoolExecutor$Worker.run(ThreadPoolExecutor.java:624)&#10;        at java.lang.Thread.run(Thread.java:748)&#10;&quot;pool-116-thread-37&quot;  prio=5 tid=1231 in Object.wait()&#10;java.lang.Thread.State: WAITING (on object monitor)&#10;        at sun.misc.Unsafe.park(Native Method)&#10;        at java.util.concurrent.locks.LockSupport.park(LockSupport.java:175)&#10;        at java.util.concurrent.locks.AbstractQueuedSynchronizer$ConditionObject.await(AbstractQueuedSynchronizer.java:2039)&#10;        at java.util.concurrent.ArrayBlockingQueue.take(ArrayBlockingQueue.java:403)&#10;        at java.util.concurrent.ThreadPoolExecutor.getTask(ThreadPoolExecutor.java:1074)&#10;        at java.util.concurrent.ThreadPoolExecutor.runWorker(ThreadPoolExecutor.java:1134)&#10;        at java.util.concurrent.ThreadPoolExecutor$Worker.run(ThreadPoolExecutor.java:624)&#10;        at java.lang.Thread.run(Thread.java:748)&#10;&quot;IPC Server handler 4 on 42245&quot; daemon prio=5 tid=1030 timed_waiting&#10;java.lang.Thread.State: TIMED_WAITING&#10;        at sun.misc.Unsafe.park(Native Method)&#10;        at java.util.concurrent.locks.LockSupport.parkNanos(LockSupport.java:215)&#10;        at java.util.concurrent.locks.AbstractQueuedSynchronizer$ConditionObject.awaitNanos(AbstractQueuedSynchronizer.java:2078)&#10;        at java.util.concurrent.LinkedBlockingQueue.poll(LinkedBlockingQueue.java:467)&#10;        at org.apache.hadoop.ipc.CallQueueManager.take(CallQueueManager.java:288)&#10;        at org.apache.hadoop.ipc.Server$Handler.run(Server.java:2668)&#10;&quot;Datanode ReportManager Thread - 2&quot; daemon prio=5 tid=200 in Object.wait()&#10;java.lang.Thread.State: WAITING (on object monitor)&#10;        at sun.misc.Unsafe.park(Native Method)&#10;        at java.util.concurrent.locks.LockSupport.park(LockSupport.java:175)&#10;        at java.util.concurrent.locks.AbstractQueuedSynchronizer$ConditionObject.await(AbstractQueuedSynchronizer.java:2039)&#10;        at java.util.concurrent.ScheduledThreadPoolExecutor$DelayedWorkQueue.take(ScheduledThreadPoolExecutor.java:1088)&#10;        at java.util.concurrent.ScheduledThreadPoolExecutor$DelayedWorkQueue.take(ScheduledThreadPoolExecutor.java:809)&#10;        at java.util.concurrent.ThreadPoolExecutor.getTask(ThreadPoolExecutor.java:1074)&#10;        at java.util.concurrent.ThreadPoolExecutor.runWorker(ThreadPoolExecutor.java:1134)&#10;        at java.util.concurrent.ThreadPoolExecutor$Worker.run(ThreadPoolExecutor.java:624)&#10;        at java.lang.Thread.run(Thread.java:748)&#10;&quot;pool-126-thread-22&quot;  prio=5 tid=1292 in Object.wait()&#10;java.lang.Thread.State: WAITING (on object monitor)&#10;        at sun.misc.Unsafe.park(Native Method)&#10;        at java.util.concurrent.locks.LockSupport.park(LockSupport.java:175)&#10;        at java.util.concurrent.locks.AbstractQueuedSynchronizer$ConditionObject.await(AbstractQueuedSynchronizer.java:2039)&#10;        at java.util.concurrent.ArrayBlockingQueue.take(ArrayBlockingQueue.java:403)&#10;        at java.util.concurrent.ThreadPoolExecutor.getTask(ThreadPoolExecutor.java:1074)&#10;        at java.util.concurrent.ThreadPoolExecutor.runWorker(ThreadPoolExecutor.java:1134)&#10;        at java.util.concurrent.ThreadPoolExecutor$Worker.run(ThreadPoolExecutor.java:624)&#10;        at java.lang.Thread.run(Thread.java:748)&#10;&quot;pool-126-thread-31&quot;  prio=5 tid=1301 in Object.wait()&#10;java.lang.Thread.State: WAITING (on object monitor)&#10;        at sun.misc.Unsafe.park(Native Method)&#10;        at java.util.concurrent.locks.LockSupport.park(LockSupport.java:175)&#10;        at java.util.concurrent.locks.AbstractQueuedSynchronizer$ConditionObject.await(AbstractQueuedSynchronizer.java:2039)&#10;        at java.util.concurrent.ArrayBlockingQueue.take(ArrayBlockingQueue.java:403)&#10;        at java.util.concurrent.ThreadPoolExecutor.getTask(ThreadPoolExecutor.java:1074)&#10;        at java.util.concurrent.ThreadPoolExecutor.runWorker(ThreadPoolExecutor.java:1134)&#10;        at java.util.concurrent.ThreadPoolExecutor$Worker.run(ThreadPoolExecutor.java:624)&#10;        at java.lang.Thread.run(Thread.java:748)&#10;&quot;IPC Server handler 13 on 41574&quot; daemon prio=5 tid=1059 timed_waiting&#10;java.lang.Thread.State: TIMED_WAITING&#10;        at sun.misc.Unsafe.park(Native Method)&#10;        at java.util.concurrent.locks.LockSupport.parkNanos(LockSupport.java:215)&#10;        at java.util.concurrent.locks.AbstractQueuedSynchronizer$ConditionObject.awaitNanos(AbstractQueuedSynchronizer.java:2078)&#10;        at java.util.concurrent.LinkedBlockingQueue.poll(LinkedBlockingQueue.java:467)&#10;        at org.apache.hadoop.ipc.CallQueueManager.take(CallQueueManager.java:288)&#10;        at org.apache.hadoop.ipc.Server$Handler.run(Server.java:2668)&#10;&quot;Thread-628&quot; daemon prio=5 tid=1443 timed_waiting&#10;java.lang.Thread.State: TIMED_WAITING&#10;        at sun.misc.Unsafe.park(Native Method)&#10;        at java.util.concurrent.locks.LockSupport.parkNanos(LockSupport.java:215)&#10;        at java.util.concurrent.locks.AbstractQueuedSynchronizer$ConditionObject.awaitNanos(AbstractQueuedSynchronizer.java:2078)&#10;        at java.util.concurrent.ArrayBlockingQueue.poll(ArrayBlockingQueue.java:418)&#10;        at org.apache.ratis.server.impl.LeaderState$EventQueue.poll(LeaderState.java:115)&#10;        at org.apache.ratis.server.impl.LeaderState$EventProcessor.run(LeaderState.java:467)&#10;&quot;metrics-hadoop-metrics2-reporter-56-thread-1&quot; daemon prio=5 tid=1363 timed_waiting&#10;java.lang.Thread.State: TIMED_WAITING&#10;        at sun.misc.Unsafe.park(Native Method)&#10;        at java.util.concurrent.locks.LockSupport.parkNanos(LockSupport.java:215)&#10;        at java.util.concurrent.locks.AbstractQueuedSynchronizer$ConditionObject.awaitNanos(AbstractQueuedSynchronizer.java:2078)&#10;        at java.util.concurrent.ScheduledThreadPoolExecutor$DelayedWorkQueue.take(ScheduledThreadPoolExecutor.java:1093)&#10;        at java.util.concurrent.ScheduledThreadPoolExecutor$DelayedWorkQueue.take(ScheduledThreadPoolExecutor.java:809)&#10;        at java.util.concurrent.ThreadPoolExecutor.getTask(ThreadPoolExecutor.java:1074)&#10;        at java.util.concurrent.ThreadPoolExecutor.runWorker(ThreadPoolExecutor.java:1134)&#10;        at java.util.concurrent.ThreadPoolExecutor$Worker.run(ThreadPoolExecutor.java:624)&#10;        at java.lang.Thread.run(Thread.java:748)&#10;&quot;pool-106-thread-2&quot;  prio=5 tid=1370 in Object.wait()&#10;java.lang.Thread.State: WAITING (on object monitor)&#10;        at sun.misc.Unsafe.park(Native Method)&#10;        at java.util.concurrent.locks.LockSupport.park(LockSupport.java:175)&#10;        at java.util.concurrent.locks.AbstractQueuedSynchronizer$ConditionObject.await(AbstractQueuedSynchronizer.java:2039)&#10;        at java.util.concurrent.ArrayBlockingQueue.take(ArrayBlockingQueue.java:403)&#10;        at java.util.concurrent.ThreadPoolExecutor.getTask(ThreadPoolExecutor.java:1074)&#10;        at java.util.concurrent.ThreadPoolExecutor.runWorker(ThreadPoolExecutor.java:1134)&#10;        at java.util.concurrent.ThreadPoolExecutor$Worker.run(ThreadPoolExecutor.java:624)&#10;        at java.lang.Thread.run(Thread.java:748)&#10;&quot;pool-106-thread-28&quot;  prio=5 tid=1396 in Object.wait()&#10;java.lang.Thread.State: WAITING (on object monitor)&#10;        at sun.misc.Unsafe.park(Native Method)&#10;        at java.util.concurrent.locks.LockSupport.park(LockSupport.java:175)&#10;        at java.util.concurrent.locks.AbstractQueuedSynchronizer$ConditionObject.await(AbstractQueuedSynchronizer.java:2039)&#10;        at java.util.concurrent.ArrayBlockingQueue.take(ArrayBlockingQueue.java:403)&#10;        at java.util.concurrent.ThreadPoolExecutor.getTask(ThreadPoolExecutor.java:1074)&#10;        at java.util.concurrent.ThreadPoolExecutor.runWorker(ThreadPoolExecutor.java:1134)&#10;        at java.util.concurrent.ThreadPoolExecutor$Worker.run(ThreadPoolExecutor.java:624)&#10;        at java.lang.Thread.run(Thread.java:748)&#10;&quot;qtp1014555985-1145&quot; daemon prio=5 tid=1145 timed_waiting&#10;java.lang.Thread.State: TIMED_WAITING&#10;        at sun.misc.Unsafe.park(Native Method)&#10;        at java.util.concurrent.locks.LockSupport.parkNanos(LockSupport.java:215)&#10;        at java.util.concurrent.locks.AbstractQueuedSynchronizer$ConditionObject.awaitNanos(AbstractQueuedSynchronizer.java:2078)&#10;        at org.eclipse.jetty.util.BlockingArrayQueue.poll(BlockingArrayQueue.java:392)&#10;        at org.eclipse.jetty.util.thread.QueuedThreadPool.idleJobPoll(QueuedThreadPool.java:563)&#10;        at org.eclipse.jetty.util.thread.QueuedThreadPool.access$800(QueuedThreadPool.java:48)&#10;        at org.eclipse.jetty.util.thread.QueuedThreadPool$2.run(QueuedThreadPool.java:626)&#10;        at java.lang.Thread.run(Thread.java:748)&#10;&quot;pool-106-thread-44&quot;  prio=5 tid=1412 in Object.wait()&#10;java.lang.Thread.State: WAITING (on object monitor)&#10;        at sun.misc.Unsafe.park(Native Method)&#10;        at java.util.concurrent.locks.LockSupport.park(LockSupport.java:175)&#10;        at java.util.concurrent.locks.AbstractQueuedSynchronizer$ConditionObject.await(AbstractQueuedSynchronizer.java:2039)&#10;        at java.util.concurrent.ArrayBlockingQueue.take(ArrayBlockingQueue.java:403)&#10;        at java.util.concurrent.ThreadPoolExecutor.getTask(ThreadPoolExecutor.java:1074)&#10;        at java.util.concurrent.ThreadPoolExecutor.runWorker(ThreadPoolExecutor.java:1134)&#10;        at java.util.concurrent.ThreadPoolExecutor$Worker.run(ThreadPoolExecutor.java:624)&#10;        at java.lang.Thread.run(Thread.java:748)&#10;&quot;pool-116-thread-53&quot;  prio=5 tid=1247 in Object.wait()&#10;java.lang.Thread.State: WAITING (on object monitor)&#10;        at sun.misc.Unsafe.park(Native Method)&#10;        at java.util.concurrent.locks.LockSupport.park(LockSupport.java:175)&#10;        at java.util.concurrent.locks.AbstractQueuedSynchronizer$ConditionObject.await(AbstractQueuedSynchronizer.java:2039)&#10;        at java.util.concurrent.ArrayBlockingQueue.take(ArrayBlockingQueue.java:403)&#10;        at java.util.concurrent.ThreadPoolExecutor.getTask(ThreadPoolExecutor.java:1074)&#10;        at java.util.concurrent.ThreadPoolExecutor.runWorker(ThreadPoolExecutor.java:1134)&#10;        at java.util.concurrent.ThreadPoolExecutor$Worker.run(ThreadPoolExecutor.java:624)&#10;        at java.lang.Thread.run(Thread.java:748)&#10;&quot;pool-106-thread-5&quot;  prio=5 tid=1373 in Object.wait()&#10;java.lang.Thread.State: WAITING (on object monitor)&#10;        at sun.misc.Unsafe.park(Native Method)&#10;        at java.util.concurrent.locks.LockSupport.park(LockSupport.java:175)&#10;        at java.util.concurrent.locks.AbstractQueuedSynchronizer$ConditionObject.await(AbstractQueuedSynchronizer.java:2039)&#10;        at java.util.concurrent.ArrayBlockingQueue.take(ArrayBlockingQueue.java:403)&#10;        at java.util.concurrent.ThreadPoolExecutor.getTask(ThreadPoolExecutor.java:1074)&#10;        at java.util.concurrent.ThreadPoolExecutor.runWorker(ThreadPoolExecutor.java:1134)&#10;        at java.util.concurrent.ThreadPoolExecutor$Worker.run(ThreadPoolExecutor.java:624)&#10;        at java.lang.Thread.run(Thread.java:748)&#10;&quot;java.util.concurrent.ThreadPoolExecutor$Worker@5eb858[State = -1, empty queue]&quot; daemon prio=5 tid=1364 timed_waiting&#10;java.lang.Thread.State: TIMED_WAITING&#10;        at sun.misc.Unsafe.park(Native Method)&#10;        at java.util.concurrent.locks.LockSupport.parkNanos(LockSupport.java:215)&#10;        at java.util.concurrent.locks.AbstractQueuedSynchronizer$ConditionObject.awaitNanos(AbstractQueuedSynchronizer.java:2078)&#10;        at java.util.concurrent.ScheduledThreadPoolExecutor$DelayedWorkQueue.take(ScheduledThreadPoolExecutor.java:1093)&#10;        at java.util.concurrent.ScheduledThreadPoolExecutor$DelayedWorkQueue.take(ScheduledThreadPoolExecutor.java:809)&#10;        at java.util.concurrent.ThreadPoolExecutor.getTask(ThreadPoolExecutor.java:1074)&#10;        at java.util.concurrent.ThreadPoolExecutor.runWorker(ThreadPoolExecutor.java:1134)&#10;        at java.util.concurrent.ThreadPoolExecutor$Worker.run(ThreadPoolExecutor.java:624)&#10;        at java.lang.Thread.run(Thread.java:748)&#10;&quot;IPC Server handler 12 on 42245&quot; daemon prio=5 tid=1038 timed_waiting&#10;java.lang.Thread.State: TIMED_WAITING&#10;        at sun.misc.Unsafe.park(Native Method)&#10;        at java.util.concurrent.locks.LockSupport.parkNanos(LockSupport.java:215)&#10;        at java.util.concurrent.locks.AbstractQueuedSynchronizer$ConditionObject.awaitNanos(AbstractQueuedSynchronizer.java:2078)&#10;        at java.util.concurrent.LinkedBlockingQueue.poll(LinkedBlockingQueue.java:467)&#10;        at org.apache.hadoop.ipc.CallQueueManager.take(CallQueueManager.java:288)&#10;        at org.apache.hadoop.ipc.Server$Handler.run(Server.java:2668)&#10;&quot;pool-126-thread-35&quot;  prio=5 tid=1305 in Object.wait()&#10;java.lang.Thread.State: WAITING (on object monitor)&#10;        at sun.misc.Unsafe.park(Native Method)&#10;        at java.util.concurrent.locks.LockSupport.park(LockSupport.java:175)&#10;        at java.util.concurrent.locks.AbstractQueuedSynchronizer$ConditionObject.await(AbstractQueuedSynchronizer.java:2039)&#10;        at java.util.concurrent.ArrayBlockingQueue.take(ArrayBlockingQueue.java:403)&#10;        at java.util.concurrent.ThreadPoolExecutor.getTask(ThreadPoolExecutor.java:1074)&#10;        at java.util.concurrent.ThreadPoolExecutor.runWorker(ThreadPoolExecutor.java:1134)&#10;        at java.util.concurrent.ThreadPoolExecutor$Worker.run(ThreadPoolExecutor.java:624)&#10;        at java.lang.Thread.run(Thread.java:748)&#10;&quot;EventQueue-NodeReportForNodeReportHandler&quot; daemon prio=5 tid=3814 in Object.wait()&#10;java.lang.Thread.State: WAITING (on object monitor)&#10;        at sun.misc.Unsafe.park(Native Method)&#10;        at java.util.concurrent.locks.LockSupport.park(LockSupport.java:175)&#10;        at java.util.concurrent.locks.AbstractQueuedSynchronizer$ConditionObject.await(AbstractQueuedSynchronizer.java:2039)&#10;        at java.util.concurrent.LinkedBlockingQueue.take(LinkedBlockingQueue.java:442)&#10;        at java.util.concurrent.ThreadPoolExecutor.getTask(ThreadPoolExecutor.java:1074)&#10;        at java.util.concurrent.ThreadPoolExecutor.runWorker(ThreadPoolExecutor.java:1134)&#10;        at java.util.concurrent.ThreadPoolExecutor$Worker.run(ThreadPoolExecutor.java:624)&#10;        at java.lang.Thread.run(Thread.java:748)&#10;&quot;IPC Server handler 1 on 42245&quot; daemon prio=5 tid=1027 timed_waiting&#10;java.lang.Thread.State: TIMED_WAITING&#10;        at sun.misc.Unsafe.park(Native Method)&#10;        at java.util.concurrent.locks.LockSupport.parkNanos(LockSupport.java:215)&#10;        at java.util.concurrent.locks.AbstractQueuedSynchronizer$ConditionObject.awaitNanos(AbstractQueuedSynchronizer.java:2078)&#10;        at java.util.concurrent.LinkedBlockingQueue.poll(LinkedBlockingQueue.java:467)&#10;        at org.apache.hadoop.ipc.CallQueueManager.take(CallQueueManager.java:288)&#10;        at org.apache.hadoop.ipc.Server$Handler.run(Server.java:2668)&#10;&quot;pool-106-thread-21&quot;  prio=5 tid=1389 in Object.wait()&#10;java.lang.Thread.State: WAITING (on object monitor)&#10;        at sun.misc.Unsafe.park(Native Method)&#10;        at java.util.concurrent.locks.LockSupport.park(LockSupport.java:175)&#10;        at java.util.concurrent.locks.AbstractQueuedSynchronizer$ConditionObject.await(AbstractQueuedSynchronizer.java:2039)&#10;        at java.util.concurrent.ArrayBlockingQueue.take(ArrayBlockingQueue.java:403)&#10;        at java.util.concurrent.ThreadPoolExecutor.getTask(ThreadPoolExecutor.java:1074)&#10;        at java.util.concurrent.ThreadPoolExecutor.runWorker(ThreadPoolExecutor.java:1134)&#10;        at java.util.concurrent.ThreadPoolExecutor$Worker.run(ThreadPoolExecutor.java:624)&#10;        at java.lang.Thread.run(Thread.java:748)&#10;&quot;BlockDeletingService#1&quot; daemon prio=5 tid=1260 in Object.wait()&#10;java.lang.Thread.State: WAITING (on object monitor)&#10;        at sun.misc.Unsafe.park(Native Method)&#10;        at java.util.concurrent.locks.LockSupport.park(LockSupport.java:175)&#10;        at java.util.concurrent.locks.AbstractQueuedSynchronizer$ConditionObject.await(AbstractQueuedSynchronizer.java:2039)&#10;        at java.util.concurrent.ScheduledThreadPoolExecutor$DelayedWorkQueue.take(ScheduledThreadPoolExecutor.java:1088)&#10;        at java.util.concurrent.ScheduledThreadPoolExecutor$DelayedWorkQueue.take(ScheduledThreadPoolExecutor.java:809)&#10;        at java.util.concurrent.ThreadPoolExecutor.getTask(ThreadPoolExecutor.java:1074)&#10;        at java.util.concurrent.ThreadPoolExecutor.runWorker(ThreadPoolExecutor.java:1134)&#10;        at java.util.concurrent.ThreadPoolExecutor$Worker.run(ThreadPoolExecutor.java:624)&#10;        at java.lang.Thread.run(Thread.java:748)&#10;&quot;metrics-hadoop-metrics2-reporter-13-thread-1&quot; daemon prio=5 tid=733 timed_waiting&#10;java.lang.Thread.State: TIMED_WAITING&#10;        at sun.misc.Unsafe.park(Native Method)&#10;        at java.util.concurrent.locks.LockSupport.parkNanos(LockSupport.java:215)&#10;        at java.util.concurrent.locks.AbstractQueuedSynchronizer$ConditionObject.awaitNanos(AbstractQueuedSynchronizer.java:2078)&#10;        at java.util.concurrent.ScheduledThreadPoolExecutor$DelayedWorkQueue.take(ScheduledThreadPoolExecutor.java:1093)&#10;        at java.util.concurrent.ScheduledThreadPoolExecutor$DelayedWorkQueue.take(ScheduledThreadPoolExecutor.java:809)&#10;        at java.util.concurrent.ThreadPoolExecutor.getTask(ThreadPoolExecutor.java:1074)&#10;        at java.util.concurrent.ThreadPoolExecutor.runWorker(ThreadPoolExecutor.java:1134)&#10;        at java.util.concurrent.ThreadPoolExecutor$Worker.run(ThreadPoolExecutor.java:624)&#10;        at java.lang.Thread.run(Thread.java:748)&#10;&quot;Socket Reader #1 for port 42245&quot;  prio=5 tid=1020 runnable&#10;java.lang.Thread.State: RUNNABLE&#10;        at sun.nio.ch.EPollArrayWrapper.epollWait(Native Method)&#10;        at sun.nio.ch.EPollArrayWrapper.poll(EPollArrayWrapper.java:269)&#10;        at sun.nio.ch.EPollSelectorImpl.doSelect(EPollSelectorImpl.java:93)&#10;        at sun.nio.ch.SelectorImpl.lockAndDoSelect(SelectorImpl.java:86)&#10;        at sun.nio.ch.SelectorImpl.select(SelectorImpl.java:97)&#10;        at sun.nio.ch.SelectorImpl.select(SelectorImpl.java:101)&#10;        at org.apache.hadoop.ipc.Server$Listener$Reader.doRunLoop(Server.java:1097)&#10;        at org.apache.hadoop.ipc.Server$Listener$Reader.run(Server.java:1076)&#10;&quot;Datanode State Machine Thread - 0&quot; daemon prio=5 tid=1121 timed_waiting&#10;java.lang.Thread.State: TIMED_WAITING&#10;        at java.lang.Thread.sleep(Native Method)&#10;        at org.apache.hadoop.ozone.container.common.statemachine.DatanodeStateMachine.start(DatanodeStateMachine.java:191)&#10;        at org.apache.hadoop.ozone.container.common.statemachine.DatanodeStateMachine.lambda$startDaemon$0(DatanodeStateMachine.java:349)&#10;        at org.apache.hadoop.ozone.container.common.statemachine.DatanodeStateMachine$$Lambda$141/190868662.run(Unknown Source)&#10;        at java.lang.Thread.run(Thread.java:748)&#10;&quot;IPC Server handler 5 on 44367&quot; daemon prio=5 tid=1071 timed_waiting&#10;java.lang.Thread.State: TIMED_WAITING&#10;        at sun.misc.Unsafe.park(Native Method)&#10;        at java.util.concurrent.locks.LockSupport.parkNanos(LockSupport.java:215)&#10;        at java.util.concurrent.locks.AbstractQueuedSynchronizer$ConditionObject.awaitNanos(AbstractQueuedSynchronizer.java:2078)&#10;        at java.util.concurrent.LinkedBlockingQueue.poll(LinkedBlockingQueue.java:467)&#10;        at org.apache.hadoop.ipc.CallQueueManager.take(CallQueueManager.java:288)&#10;        at org.apache.hadoop.ipc.Server$Handler.run(Server.java:2668)&#10;&quot;Datanode ReportManager Thread - 3&quot; daemon prio=5 tid=201 timed_waiting&#10;java.lang.Thread.State: TIMED_WAITING&#10;        at sun.misc.Unsafe.park(Native Method)&#10;        at java.util.concurrent.locks.LockSupport.parkNanos(LockSupport.java:215)&#10;        at java.util.concurrent.locks.AbstractQueuedSynchronizer$ConditionObject.awaitNanos(AbstractQueuedSynchronizer.java:2078)&#10;        at java.util.concurrent.ScheduledThreadPoolExecutor$DelayedWorkQueue.take(ScheduledThreadPoolExecutor.java:1093)&#10;        at java.util.concurrent.ScheduledThreadPoolExecutor$DelayedWorkQueue.take(ScheduledThreadPoolExecutor.java:809)&#10;        at java.util.concurrent.ThreadPoolExecutor.getTask(ThreadPoolExecutor.java:1074)&#10;        at java.util.concurrent.ThreadPoolExecutor.runWorker(ThreadPoolExecutor.java:1134)&#10;        at java.util.concurrent.ThreadPoolExecutor$Worker.run(ThreadPoolExecutor.java:624)&#10;        at java.lang.Thread.run(Thread.java:748)&#10;&quot;Datanode ReportManager Thread - 0&quot; daemon prio=5 tid=1154 in Object.wait()&#10;java.lang.Thread.State: WAITING (on object monitor)&#10;        at sun.misc.Unsafe.park(Native Method)&#10;        at java.util.concurrent.locks.LockSupport.park(LockSupport.java:175)&#10;        at java.util.concurrent.locks.AbstractQueuedSynchronizer$ConditionObject.await(AbstractQueuedSynchronizer.java:2039)&#10;        at java.util.concurrent.ScheduledThreadPoolExecutor$DelayedWorkQueue.take(ScheduledThreadPoolExecutor.java:1088)&#10;        at java.util.concurrent.ScheduledThreadPoolExecutor$DelayedWorkQueue.take(ScheduledThreadPoolExecutor.java:809)&#10;        at java.util.concurrent.ThreadPoolExecutor.getTask(ThreadPoolExecutor.java:1074)&#10;        at java.util.concurrent.ThreadPoolExecutor.runWorker(ThreadPoolExecutor.java:1134)&#10;        at java.util.concurrent.ThreadPoolExecutor$Worker.run(ThreadPoolExecutor.java:624)&#10;        at java.lang.Thread.run(Thread.java:748)&#10;&quot;metrics-hadoop-metrics2-reporter-50-thread-1&quot; daemon prio=5 tid=924 timed_waiting&#10;java.lang.Thread.State: TIMED_WAITING&#10;        at sun.misc.Unsafe.park(Native Method)&#10;        at java.util.concurrent.locks.LockSupport.parkNanos(LockSupport.java:215)&#10;        at java.util.concurrent.locks.AbstractQueuedSynchronizer$ConditionObject.awaitNanos(AbstractQueuedSynchronizer.java:2078)&#10;        at java.util.concurrent.ScheduledThreadPoolExecutor$DelayedWorkQueue.take(ScheduledThreadPoolExecutor.java:1093)&#10;        at java.util.concurrent.ScheduledThreadPoolExecutor$DelayedWorkQueue.take(ScheduledThreadPoolExecutor.java:809)&#10;        at java.util.concurrent.ThreadPoolExecutor.getTask(ThreadPoolExecutor.java:1074)&#10;        at java.util.concurrent.ThreadPoolExecutor.runWorker(ThreadPoolExecutor.java:1134)&#10;        at java.util.concurrent.ThreadPoolExecutor$Worker.run(ThreadPoolExecutor.java:624)&#10;        at java.lang.Thread.run(Thread.java:748)&#10;&quot;pool-126-thread-2&quot;  prio=5 tid=1272 in Object.wait()&#10;java.lang.Thread.State: WAITING (on object monitor)&#10;        at sun.misc.Unsafe.park(Native Method)&#10;        at java.util.concurrent.locks.LockSupport.park(LockSupport.java:175)&#10;        at java.util.concurrent.locks.AbstractQueuedSynchronizer$ConditionObject.await(AbstractQueuedSynchronizer.java:2039)&#10;        at java.util.concurrent.ArrayBlockingQueue.take(ArrayBlockingQueue.java:403)&#10;        at java.util.concurrent.ThreadPoolExecutor.getTask(ThreadPoolExecutor.java:1074)&#10;        at java.util.concurrent.ThreadPoolExecutor.runWorker(ThreadPoolExecutor.java:1134)&#10;        at java.util.concurrent.ThreadPoolExecutor$Worker.run(ThreadPoolExecutor.java:624)&#10;        at java.lang.Thread.run(Thread.java:748)&#10;&quot;pool-116-thread-23&quot;  prio=5 tid=1217 in Object.wait()&#10;java.lang.Thread.State: WAITING (on object monitor)&#10;        at sun.misc.Unsafe.park(Native Method)&#10;        at java.util.concurrent.locks.LockSupport.park(LockSupport.java:175)&#10;        at java.util.concurrent.locks.AbstractQueuedSynchronizer$ConditionObject.await(AbstractQueuedSynchronizer.java:2039)&#10;        at java.util.concurrent.ArrayBlockingQueue.take(ArrayBlockingQueue.java:403)&#10;        at java.util.concurrent.ThreadPoolExecutor.getTask(ThreadPoolExecutor.java:1074)&#10;        at java.util.concurrent.ThreadPoolExecutor.runWorker(ThreadPoolExecutor.java:1134)&#10;        at java.util.concurrent.ThreadPoolExecutor$Worker.run(ThreadPoolExecutor.java:624)&#10;        at java.lang.Thread.run(Thread.java:748)&#10;&quot;pool-116-thread-55&quot;  prio=5 tid=1249 in Object.wait()&#10;java.lang.Thread.State: WAITING (on object monitor)&#10;        at sun.misc.Unsafe.park(Native Method)&#10;        at java.util.concurrent.locks.LockSupport.park(LockSupport.java:175)&#10;        at java.util.concurrent.locks.AbstractQueuedSynchronizer$ConditionObject.await(AbstractQueuedSynchronizer.java:2039)&#10;        at java.util.concurrent.ArrayBlockingQueue.take(ArrayBlockingQueue.java:403)&#10;        at java.util.concurrent.ThreadPoolExecutor.getTask(ThreadPoolExecutor.java:1074)&#10;        at java.util.concurrent.ThreadPoolExecutor.runWorker(ThreadPoolExecutor.java:1134)&#10;        at java.util.concurrent.ThreadPoolExecutor$Worker.run(ThreadPoolExecutor.java:624)&#10;        at java.lang.Thread.run(Thread.java:748)&#10;&quot;pool-116-thread-28&quot;  prio=5 tid=1222 in Object.wait()&#10;java.lang.Thread.State: WAITING (on object monitor)&#10;        at sun.misc.Unsafe.park(Native Method)&#10;        at java.util.concurrent.locks.LockSupport.park(LockSupport.java:175)&#10;        at java.util.concurrent.locks.AbstractQueuedSynchronizer$ConditionObject.await(AbstractQueuedSynchronizer.java:2039)&#10;        at java.util.concurrent.ArrayBlockingQueue.take(ArrayBlockingQueue.java:403)&#10;        at java.util.concurrent.ThreadPoolExecutor.getTask(ThreadPoolExecutor.java:1074)&#10;        at java.util.concurrent.ThreadPoolExecutor.runWorker(ThreadPoolExecutor.java:1134)&#10;        at java.util.concurrent.ThreadPoolExecutor$Worker.run(ThreadPoolExecutor.java:624)&#10;        at java.lang.Thread.run(Thread.java:748)&#10;&quot;pool-126-thread-47&quot;  prio=5 tid=1317 in Object.wait()&#10;java.lang.Thread.State: WAITING (on object monitor)&#10;        at sun.misc.Unsafe.park(Native Method)&#10;        at java.util.concurrent.locks.LockSupport.park(LockSupport.java:175)&#10;        at java.util.concurrent.locks.AbstractQueuedSynchronizer$ConditionObject.await(AbstractQueuedSynchronizer.java:2039)&#10;        at java.util.concurrent.ArrayBlockingQueue.take(ArrayBlockingQueue.java:403)&#10;        at java.util.concurrent.ThreadPoolExecutor.getTask(ThreadPoolExecutor.java:1074)&#10;        at java.util.concurrent.ThreadPoolExecutor.runWorker(ThreadPoolExecutor.java:1134)&#10;        at java.util.concurrent.ThreadPoolExecutor$Worker.run(ThreadPoolExecutor.java:624)&#10;        at java.lang.Thread.run(Thread.java:748)&#10;&quot;IPC Server handler 1 on 41574&quot; daemon prio=5 tid=1047 timed_waiting&#10;java.lang.Thread.State: TIMED_WAITING&#10;        at sun.misc.Unsafe.park(Native Method)&#10;        at java.util.concurrent.locks.LockSupport.parkNanos(LockSupport.java:215)&#10;        at java.util.concurrent.locks.AbstractQueuedSynchronizer$ConditionObject.awaitNanos(AbstractQueuedSynchronizer.java:2078)&#10;        at java.util.concurrent.LinkedBlockingQueue.poll(LinkedBlockingQueue.java:467)&#10;        at org.apache.hadoop.ipc.CallQueueManager.take(CallQueueManager.java:288)&#10;        at org.apache.hadoop.ipc.Server$Handler.run(Server.java:2668)&#10;&quot;pool-116-thread-57&quot;  prio=5 tid=1251 in Object.wait()&#10;java.lang.Thread.State: WAITING (on object monitor)&#10;        at sun.misc.Unsafe.park(Native Method)&#10;        at java.util.concurrent.locks.LockSupport.park(LockSupport.java:175)&#10;        at java.util.concurrent.locks.AbstractQueuedSynchronizer$ConditionObject.await(AbstractQueuedSynchronizer.java:2039)&#10;        at java.util.concurrent.ArrayBlockingQueue.take(ArrayBlockingQueue.java:403)&#10;        at java.util.concurrent.ThreadPoolExecutor.getTask(ThreadPoolExecutor.java:1074)&#10;        at java.util.concurrent.ThreadPoolExecutor.runWorker(ThreadPoolExecutor.java:1134)&#10;        at java.util.concurrent.ThreadPoolExecutor$Worker.run(ThreadPoolExecutor.java:624)&#10;        at java.lang.Thread.run(Thread.java:748)&#10;&quot;IPC Server handler 18 on 34783&quot; daemon prio=5 tid=995 timed_waiting&#10;java.lang.Thread.State: TIMED_WAITING&#10;        at sun.misc.Unsafe.park(Native Method)&#10;        at java.util.concurrent.locks.LockSupport.parkNanos(LockSupport.java:215)&#10;        at java.util.concurrent.locks.AbstractQueuedSynchronizer$ConditionObject.awaitNanos(AbstractQueuedSynchronizer.java:2078)&#10;        at java.util.concurrent.LinkedBlockingQueue.poll(LinkedBlockingQueue.java:467)&#10;        at org.apache.hadoop.ipc.CallQueueManager.take(CallQueueManager.java:288)&#10;        at org.apache.hadoop.ipc.Server$Handler.run(Server.java:2668)&#10;&quot;pool-126-thread-50&quot;  prio=5 tid=1320 in Object.wait()&#10;java.lang.Thread.State: WAITING (on object monitor)&#10;        at sun.misc.Unsafe.park(Native Method)&#10;        at java.util.concurrent.locks.LockSupport.park(LockSupport.java:175)&#10;        at java.util.concurrent.locks.AbstractQueuedSynchronizer$ConditionObject.await(AbstractQueuedSynchronizer.java:2039)&#10;        at java.util.concurrent.ArrayBlockingQueue.take(ArrayBlockingQueue.java:403)&#10;        at java.util.concurrent.ThreadPoolExecutor.getTask(ThreadPoolExecutor.java:1074)&#10;        at java.util.concurrent.ThreadPoolExecutor.runWorker(ThreadPoolExecutor.java:1134)&#10;        at java.util.concurrent.ThreadPoolExecutor$Worker.run(ThreadPoolExecutor.java:624)&#10;        at java.lang.Thread.run(Thread.java:748)&#10;&quot;pool-126-thread-59&quot;  prio=5 tid=1329 in Object.wait()&#10;java.lang.Thread.State: WAITING (on object monitor)&#10;        at sun.misc.Unsafe.park(Native Method)&#10;        at java.util.concurrent.locks.LockSupport.park(LockSupport.java:175)&#10;        at java.util.concurrent.locks.AbstractQueuedSynchronizer$ConditionObject.await(AbstractQueuedSynchronizer.java:2039)&#10;        at java.util.concurrent.ArrayBlockingQueue.take(ArrayBlockingQueue.java:403)&#10;        at java.util.concurrent.ThreadPoolExecutor.getTask(ThreadPoolExecutor.java:1074)&#10;        at java.util.concurrent.ThreadPoolExecutor.runWorker(ThreadPoolExecutor.java:1134)&#10;        at java.util.concurrent.ThreadPoolExecutor$Worker.run(ThreadPoolExecutor.java:624)&#10;        at java.lang.Thread.run(Thread.java:748)&#10;&quot;Datanode ReportManager Thread - 3&quot; daemon prio=5 tid=1188 timed_waiting&#10;java.lang.Thread.State: TIMED_WAITING&#10;        at sun.misc.Unsafe.park(Native Method)&#10;        at java.util.concurrent.locks.LockSupport.parkNanos(LockSupport.java:215)&#10;        at java.util.concurrent.locks.AbstractQueuedSynchronizer$ConditionObject.awaitNanos(AbstractQueuedSynchronizer.java:2078)&#10;        at java.util.concurrent.ScheduledThreadPoolExecutor$DelayedWorkQueue.take(ScheduledThreadPoolExecutor.java:1093)&#10;        at java.util.concurrent.ScheduledThreadPoolExecutor$DelayedWorkQueue.take(ScheduledThreadPoolExecutor.java:809)&#10;        at java.util.concurrent.ThreadPoolExecutor.getTask(ThreadPoolExecutor.java:1074)&#10;        at java.util.concurrent.ThreadPoolExecutor.runWorker(ThreadPoolExecutor.java:1134)&#10;        at java.util.concurrent.ThreadPoolExecutor$Worker.run(ThreadPoolExecutor.java:624)&#10;        at java.lang.Thread.run(Thread.java:748)&#10;&quot;pool-106-thread-20&quot;  prio=5 tid=1388 in Object.wait()&#10;java.lang.Thread.State: WAITING (on object monitor)&#10;        at sun.misc.Unsafe.park(Native Method)&#10;        at java.util.concurrent.locks.LockSupport.park(LockSupport.java:175)&#10;        at java.util.concurrent.locks.AbstractQueuedSynchronizer$ConditionObject.await(AbstractQueuedSynchronizer.java:2039)&#10;        at java.util.concurrent.ArrayBlockingQueue.take(ArrayBlockingQueue.java:403)&#10;        at java.util.concurrent.ThreadPoolExecutor.getTask(ThreadPoolExecutor.java:1074)&#10;        at java.util.concurrent.ThreadPoolExecutor.runWorker(ThreadPoolExecutor.java:1134)&#10;        at java.util.concurrent.ThreadPoolExecutor$Worker.run(ThreadPoolExecutor.java:624)&#10;        at java.lang.Thread.run(Thread.java:748)&#10;&quot;org.eclipse.jetty.server.session.HashSessionManager@47c40b56Timer&quot; daemon prio=5 tid=1118 timed_waiting&#10;java.lang.Thread.State: TIMED_WAITING&#10;        at sun.misc.Unsafe.park(Native Method)&#10;        at java.util.concurrent.locks.LockSupport.parkNanos(LockSupport.java:215)&#10;        at java.util.concurrent.locks.AbstractQueuedSynchronizer$ConditionObject.awaitNanos(AbstractQueuedSynchronizer.java:2078)&#10;        at java.util.concurrent.ScheduledThreadPoolExecutor$DelayedWorkQueue.take(ScheduledThreadPoolExecutor.java:1093)&#10;        at java.util.concurrent.ScheduledThreadPoolExecutor$DelayedWorkQueue.take(ScheduledThreadPoolExecutor.java:809)&#10;        at java.util.concurrent.ThreadPoolExecutor.getTask(ThreadPoolExecutor.java:1074)&#10;        at java.util.concurrent.ThreadPoolExecutor.runWorker(ThreadPoolExecutor.java:1134)&#10;        at java.util.concurrent.ThreadPoolExecutor$Worker.run(ThreadPoolExecutor.java:624)&#10;        at java.lang.Thread.run(Thread.java:748)&#10;&quot;refreshUsed-/workdir/hadoop-ozone/integration-test/target/test-dir/MiniOzoneClusterImpl-87e8d78b-2c25-4827-9c34-ee9c99992073/datanode-0/data/containers&quot; daemon prio=5 tid=1163 timed_waiting&#10;java.lang.Thread.State: TIMED_WAITING&#10;        at java.lang.Thread.sleep(Native Method)&#10;        at org.apache.hadoop.fs.CachingGetSpaceUsed$RefreshThread.run(CachingGetSpaceUsed.java:179)&#10;        at java.lang.Thread.run(Thread.java:748)&#10;&quot;metrics-hadoop-metrics2-reporter-15-thread-1&quot; daemon prio=5 tid=739 timed_waiting&#10;java.lang.Thread.State: TIMED_WAITING&#10;        at sun.misc.Unsafe.park(Native Method)&#10;        at java.util.concurrent.locks.LockSupport.parkNanos(LockSupport.java:215)&#10;        at java.util.concurrent.locks.AbstractQueuedSynchronizer$ConditionObject.awaitNanos(AbstractQueuedSynchronizer.java:2078)&#10;        at java.util.concurrent.ScheduledThreadPoolExecutor$DelayedWorkQueue.take(ScheduledThreadPoolExecutor.java:1093)&#10;        at java.util.concurrent.ScheduledThreadPoolExecutor$DelayedWorkQueue.take(ScheduledThreadPoolExecutor.java:809)&#10;        at java.util.concurrent.ThreadPoolExecutor.getTask(ThreadPoolExecutor.java:1074)&#10;        at java.util.concurrent.ThreadPoolExecutor.runWorker(ThreadPoolExecutor.java:1134)&#10;        at java.util.concurrent.ThreadPoolExecutor$Worker.run(ThreadPoolExecutor.java:624)&#10;        at java.lang.Thread.run(Thread.java:748)&#10;&quot;pool-106-thread-56&quot;  prio=5 tid=1424 in Object.wait()&#10;java.lang.Thread.State: WAITING (on object monitor)&#10;        at sun.misc.Unsafe.park(Native Method)&#10;        at java.util.concurrent.locks.LockSupport.park(LockSupport.java:175)&#10;        at java.util.concurrent.locks.AbstractQueuedSynchronizer$ConditionObject.await(AbstractQueuedSynchronizer.java:2039)&#10;        at java.util.concurrent.ArrayBlockingQueue.take(ArrayBlockingQueue.java:403)&#10;        at java.util.concurrent.ThreadPoolExecutor.getTask(ThreadPoolExecutor.java:1074)&#10;        at java.util.concurrent.ThreadPoolExecutor.runWorker(ThreadPoolExecutor.java:1134)&#10;        at java.util.concurrent.ThreadPoolExecutor$Worker.run(ThreadPoolExecutor.java:624)&#10;        at java.lang.Thread.run(Thread.java:748)&#10;&quot;pool-126-thread-49&quot;  prio=5 tid=1319 in Object.wait()&#10;java.lang.Thread.State: WAITING (on object monitor)&#10;        at sun.misc.Unsafe.park(Native Method)&#10;        at java.util.concurrent.locks.LockSupport.park(LockSupport.java:175)&#10;        at java.util.concurrent.locks.AbstractQueuedSynchronizer$ConditionObject.await(AbstractQueuedSynchronizer.java:2039)&#10;        at java.util.concurrent.ArrayBlockingQueue.take(ArrayBlockingQueue.java:403)&#10;        at java.util.concurrent.ThreadPoolExecutor.getTask(ThreadPoolExecutor.java:1074)&#10;        at java.util.concurrent.ThreadPoolExecutor.runWorker(ThreadPoolExecutor.java:1134)&#10;        at java.util.concurrent.ThreadPoolExecutor$Worker.run(ThreadPoolExecutor.java:624)&#10;        at java.lang.Thread.run(Thread.java:748)&#10;&quot;IPC Server handler 6 on 44367&quot; daemon prio=5 tid=1072 timed_waiting&#10;java.lang.Thread.State: TIMED_WAITING&#10;        at sun.misc.Unsafe.park(Native Method)&#10;        at java.util.concurrent.locks.LockSupport.parkNanos(LockSupport.java:215)&#10;        at java.util.concurrent.locks.AbstractQueuedSynchronizer$ConditionObject.awaitNanos(AbstractQueuedSynchronizer.java:2078)&#10;        at java.util.concurrent.LinkedBlockingQueue.poll(LinkedBlockingQueue.java:467)&#10;        at org.apache.hadoop.ipc.CallQueueManager.take(CallQueueManager.java:288)&#10;        at org.apache.hadoop.ipc.Server$Handler.run(Server.java:2668)&#10;&quot;2a93f7e5-ecb9-41da-9c47-70e13ba76d7d@group-0B27B5B66CFA-SegmentedRaftLogWorker&quot;  prio=5 tid=1137 timed_waiting&#10;java.lang.Thread.State: TIMED_WAITING&#10;        at sun.misc.Unsafe.park(Native Method)&#10;        at java.util.concurrent.locks.LockSupport.parkNanos(LockSupport.java:215)&#10;        at java.util.concurrent.locks.AbstractQueuedSynchronizer$ConditionObject.awaitNanos(AbstractQueuedSynchronizer.java:2078)&#10;        at org.apache.ratis.util.DataBlockingQueue.poll(DataBlockingQueue.java:137)&#10;        at org.apache.ratis.server.raftlog.segmented.SegmentedRaftLogWorker.run(SegmentedRaftLogWorker.java:282)&#10;        at java.lang.Thread.run(Thread.java:748)&#10;&quot;metrics-hadoop-metrics2-reporter-12-thread-1&quot; daemon prio=5 tid=732 timed_waiting&#10;java.lang.Thread.State: TIMED_WAITING&#10;        at sun.misc.Unsafe.park(Native Method)&#10;        at java.util.concurrent.locks.LockSupport.parkNanos(LockSupport.java:215)&#10;        at java.util.concurrent.locks.AbstractQueuedSynchronizer$ConditionObject.awaitNanos(AbstractQueuedSynchronizer.java:2078)&#10;        at java.util.concurrent.ScheduledThreadPoolExecutor$DelayedWorkQueue.take(ScheduledThreadPoolExecutor.java:1093)&#10;        at java.util.concurrent.ScheduledThreadPoolExecutor$DelayedWorkQueue.take(ScheduledThreadPoolExecutor.java:809)&#10;        at java.util.concurrent.ThreadPoolExecutor.getTask(ThreadPoolExecutor.java:1074)&#10;        at java.util.concurrent.ThreadPoolExecutor.runWorker(ThreadPoolExecutor.java:1134)&#10;        at java.util.concurrent.ThreadPoolExecutor$Worker.run(ThreadPoolExecutor.java:624)&#10;        at java.lang.Thread.run(Thread.java:748)&#10;&quot;Periodic HDDS volume checker&quot;  prio=5 tid=1162 timed_waiting&#10;java.lang.Thread.State: TIMED_WAITING&#10;        at sun.misc.Unsafe.park(Native Method)&#10;        at java.util.concurrent.locks.LockSupport.parkNanos(LockSupport.java:215)&#10;        at java.util.concurrent.locks.AbstractQueuedSynchronizer$ConditionObject.awaitNanos(AbstractQueuedSynchronizer.java:2078)&#10;        at java.util.concurrent.ScheduledThreadPoolExecutor$DelayedWorkQueue.take(ScheduledThreadPoolExecutor.java:1093)&#10;        at java.util.concurrent.ScheduledThreadPoolExecutor$DelayedWorkQueue.take(ScheduledThreadPoolExecutor.java:809)&#10;        at java.util.concurrent.ThreadPoolExecutor.getTask(ThreadPoolExecutor.java:1074)&#10;        at java.util.concurrent.ThreadPoolExecutor.runWorker(ThreadPoolExecutor.java:1134)&#10;        at java.util.concurrent.ThreadPoolExecutor$Worker.run(ThreadPoolExecutor.java:624)&#10;        at java.lang.Thread.run(Thread.java:748)&#10;&quot;pool-106-thread-1&quot;  prio=5 tid=1369 in Object.wait()&#10;java.lang.Thread.State: WAITING (on object monitor)&#10;        at sun.misc.Unsafe.park(Native Method)&#10;        at java.util.concurrent.locks.LockSupport.park(LockSupport.java:175)&#10;        at java.util.concurrent.locks.AbstractQueuedSynchronizer$ConditionObject.await(AbstractQueuedSynchronizer.java:2039)&#10;        at java.util.concurrent.ArrayBlockingQueue.take(ArrayBlockingQueue.java:403)&#10;        at java.util.concurrent.ThreadPoolExecutor.getTask(ThreadPoolExecutor.java:1074)&#10;        at java.util.concurrent.ThreadPoolExecutor.runWorker(ThreadPoolExecutor.java:1134)&#10;        at java.util.concurrent.ThreadPoolExecutor$Worker.run(ThreadPoolExecutor.java:624)&#10;        at java.lang.Thread.run(Thread.java:748)&#10;&quot;Command processor thread&quot; daemon prio=5 tid=1189 timed_waiting&#10;java.lang.Thread.State: TIMED_WAITING&#10;        at java.lang.Thread.sleep(Native Method)&#10;        at org.apache.hadoop.ozone.container.common.statemachine.DatanodeStateMachine.lambda$initCommandHandlerThread$1(DatanodeStateMachine.java:439)&#10;        at org.apache.hadoop.ozone.container.common.statemachine.DatanodeStateMachine$$Lambda$142/994213108.run(Unknown Source)&#10;        at java.lang.Thread.run(Thread.java:748)&#10;&quot;IPC Server handler 13 on 42245&quot; daemon prio=5 tid=1039 timed_waiting&#10;java.lang.Thread.State: TIMED_WAITING&#10;        at sun.misc.Unsafe.park(Native Method)&#10;        at java.util.concurrent.locks.LockSupport.parkNanos(LockSupport.java:215)&#10;        at java.util.concurrent.locks.AbstractQueuedSynchronizer$ConditionObject.awaitNanos(AbstractQueuedSynchronizer.java:2078)&#10;        at java.util.concurrent.LinkedBlockingQueue.poll(LinkedBlockingQueue.java:467)&#10;        at org.apache.hadoop.ipc.CallQueueManager.take(CallQueueManager.java:288)&#10;        at org.apache.hadoop.ipc.Server$Handler.run(Server.java:2668)&#10;&quot;pool-106-thread-7&quot;  prio=5 tid=1375 in Object.wait()&#10;java.lang.Thread.State: WAITING (on object monitor)&#10;        at sun.misc.Unsafe.park(Native Method)&#10;        at java.util.concurrent.locks.LockSupport.park(LockSupport.java:175)&#10;        at java.util.concurrent.locks.AbstractQueuedSynchronizer$ConditionObject.await(AbstractQueuedSynchronizer.java:2039)&#10;        at java.util.concurrent.ArrayBlockingQueue.take(ArrayBlockingQueue.java:403)&#10;        at java.util.concurrent.ThreadPoolExecutor.getTask(ThreadPoolExecutor.java:1074)&#10;        at java.util.concurrent.ThreadPoolExecutor.runWorker(ThreadPoolExecutor.java:1134)&#10;        at java.util.concurrent.ThreadPoolExecutor$Worker.run(ThreadPoolExecutor.java:624)&#10;        at java.lang.Thread.run(Thread.java:748)&#10;&quot;Thread-597&quot; daemon prio=5 tid=1350 timed_waiting&#10;java.lang.Thread.State: TIMED_WAITING&#10;        at sun.misc.Unsafe.park(Native Method)&#10;        at java.util.concurrent.locks.LockSupport.parkNanos(LockSupport.java:215)&#10;        at java.util.concurrent.locks.AbstractQueuedSynchronizer$ConditionObject.awaitNanos(AbstractQueuedSynchronizer.java:2078)&#10;        at java.util.concurrent.ArrayBlockingQueue.poll(ArrayBlockingQueue.java:418)&#10;        at org.apache.ratis.server.impl.LeaderState$EventQueue.poll(LeaderState.java:115)&#10;        at org.apache.ratis.server.impl.LeaderState$EventProcessor.run(LeaderState.java:467)&#10;&quot;pool-116-thread-56&quot;  prio=5 tid=1250 in Object.wait()&#10;java.lang.Thread.State: WAITING (on object monitor)&#10;        at sun.misc.Unsafe.park(Native Method)&#10;        at java.util.concurrent.locks.LockSupport.park(LockSupport.java:175)&#10;        at java.util.concurrent.locks.AbstractQueuedSynchronizer$ConditionObject.await(AbstractQueuedSynchronizer.java:2039)&#10;        at java.util.concurrent.ArrayBlockingQueue.take(ArrayBlockingQueue.java:403)&#10;        at java.util.concurrent.ThreadPoolExecutor.getTask(ThreadPoolExecutor.java:1074)&#10;        at java.util.concurrent.ThreadPoolExecutor.runWorker(ThreadPoolExecutor.java:1134)&#10;        at java.util.concurrent.ThreadPoolExecutor$Worker.run(ThreadPoolExecutor.java:624)&#10;        at java.lang.Thread.run(Thread.java:748)&#10;&quot;pool-126-thread-58&quot;  prio=5 tid=1328 in Object.wait()&#10;java.lang.Thread.State: WAITING (on object monitor)&#10;        at sun.misc.Unsafe.park(Native Method)&#10;        at java.util.concurrent.locks.LockSupport.park(LockSupport.java:175)&#10;        at java.util.concurrent.locks.AbstractQueuedSynchronizer$ConditionObject.await(AbstractQueuedSynchronizer.java:2039)&#10;        at java.util.concurrent.ArrayBlockingQueue.take(ArrayBlockingQueue.java:403)&#10;        at java.util.concurrent.ThreadPoolExecutor.getTask(ThreadPoolExecutor.java:1074)&#10;        at java.util.concurrent.ThreadPoolExecutor.runWorker(ThreadPoolExecutor.java:1134)&#10;        at java.util.concurrent.ThreadPoolExecutor$Worker.run(ThreadPoolExecutor.java:624)&#10;        at java.lang.Thread.run(Thread.java:748)&#10;&quot;qtp1937575946-1116&quot; daemon prio=5 tid=1116 timed_waiting&#10;java.lang.Thread.State: TIMED_WAITING&#10;        at sun.misc.Unsafe.park(Native Method)&#10;        at java.util.concurrent.locks.LockSupport.parkNanos(LockSupport.java:215)&#10;        at java.util.concurrent.locks.AbstractQueuedSynchronizer$ConditionObject.awaitNanos(AbstractQueuedSynchronizer.java:2078)&#10;        at org.eclipse.jetty.util.BlockingArrayQueue.poll(BlockingArrayQueue.java:392)&#10;        at org.eclipse.jetty.util.thread.QueuedThreadPool.idleJobPoll(QueuedThreadPool.java:563)&#10;        at org.eclipse.jetty.util.thread.QueuedThreadPool.access$800(QueuedThreadPool.java:48)&#10;        at org.eclipse.jetty.util.thread.QueuedThreadPool$2.run(QueuedThreadPool.java:626)&#10;        at java.lang.Thread.run(Thread.java:748)&#10;&quot;Datanode ReportManager Thread - 3&quot; daemon prio=5 tid=309 timed_waiting&#10;java.lang.Thread.State: TIMED_WAITING&#10;        at sun.misc.Unsafe.park(Native Method)&#10;        at java.util.concurrent.locks.LockSupport.parkNanos(LockSupport.java:215)&#10;        at java.util.concurrent.locks.AbstractQueuedSynchronizer$ConditionObject.awaitNanos(AbstractQueuedSynchronizer.java:2078)&#10;        at java.util.concurrent.ScheduledThreadPoolExecutor$DelayedWorkQueue.take(ScheduledThreadPoolExecutor.java:1093)&#10;        at java.util.concurrent.ScheduledThreadPoolExecutor$DelayedWorkQueue.take(ScheduledThreadPoolExecutor.java:809)&#10;        at java.util.concurrent.ThreadPoolExecutor.getTask(ThreadPoolExecutor.java:1074)&#10;        at java.util.concurrent.ThreadPoolExecutor.runWorker(ThreadPoolExecutor.java:1134)&#10;        at java.util.concurrent.ThreadPoolExecutor$Worker.run(ThreadPoolExecutor.java:624)&#10;        at java.lang.Thread.run(Thread.java:748)&#10;&quot;grpc-default-worker-ELG-5-1&quot; daemon prio=5 tid=1339 runnable&#10;java.lang.Thread.State: RUNNABLE&#10;        at sun.nio.ch.EPollArrayWrapper.epollWait(Native Method)&#10;        at sun.nio.ch.EPollArrayWrapper.poll(EPollArrayWrapper.java:269)&#10;        at sun.nio.ch.EPollSelectorImpl.doSelect(EPollSelectorImpl.java:93)&#10;        at sun.nio.ch.SelectorImpl.lockAndDoSelect(SelectorImpl.java:86)&#10;        at sun.nio.ch.SelectorImpl.select(SelectorImpl.java:97)&#10;        at org.apache.ratis.thirdparty.io.netty.channel.nio.SelectedSelectionKeySetSelector.select(SelectedSelectionKeySetSelector.java:62)&#10;        at org.apache.ratis.thirdparty.io.netty.channel.nio.NioEventLoop.select(NioEventLoop.java:753)&#10;        at org.apache.ratis.thirdparty.io.netty.channel.nio.NioEventLoop.run(NioEventLoop.java:408)&#10;        at org.apache.ratis.thirdparty.io.netty.util.concurrent.SingleThreadEventExecutor$5.run(SingleThreadEventExecutor.java:897)&#10;        at org.apache.ratis.thirdparty.io.netty.util.concurrent.FastThreadLocalRunnable.run(FastThreadLocalRunnable.java:30)&#10;        at java.lang.Thread.run(Thread.java:748)&#10;&quot;refreshUsed-/workdir/hadoop-ozone/integration-test/target/test-dir/MiniOzoneClusterImpl-87e8d78b-2c25-4827-9c34-ee9c99992073/datanode-5/data/containers&quot; daemon prio=5 tid=1131 timed_waiting&#10;java.lang.Thread.State: TIMED_WAITING&#10;        at java.lang.Thread.sleep(Native Method)&#10;        at org.apache.hadoop.fs.CachingGetSpaceUsed$RefreshThread.run(CachingGetSpaceUsed.java:179)&#10;        at java.lang.Thread.run(Thread.java:748)&#10;&quot;IPC Server handler 5 on 41574&quot; daemon prio=5 tid=1051 timed_waiting&#10;java.lang.Thread.State: TIMED_WAITING&#10;        at sun.misc.Unsafe.park(Native Method)&#10;        at java.util.concurrent.locks.LockSupport.parkNanos(LockSupport.java:215)&#10;        at java.util.concurrent.locks.AbstractQueuedSynchronizer$ConditionObject.awaitNanos(AbstractQueuedSynchronizer.java:2078)&#10;        at java.util.concurrent.LinkedBlockingQueue.poll(LinkedBlockingQueue.java:467)&#10;        at org.apache.hadoop.ipc.CallQueueManager.take(CallQueueManager.java:288)&#10;        at org.apache.hadoop.ipc.Server$Handler.run(Server.java:2668)&#10;&quot;qtp1723177853-1092&quot; daemon prio=5 tid=1092 timed_waiting&#10;java.lang.Thread.State: TIMED_WAITING&#10;        at sun.misc.Unsafe.park(Native Method)&#10;        at java.util.concurrent.locks.LockSupport.parkNanos(LockSupport.java:215)&#10;        at java.util.concurrent.locks.AbstractQueuedSynchronizer$ConditionObject.awaitNanos(AbstractQueuedSynchronizer.java:2078)&#10;        at org.eclipse.jetty.util.BlockingArrayQueue.poll(BlockingArrayQueue.java:392)&#10;        at org.eclipse.jetty.util.thread.QueuedThreadPool.idleJobPoll(QueuedThreadPool.java:563)&#10;        at org.eclipse.jetty.util.thread.QueuedThreadPool.access$800(QueuedThreadPool.java:48)&#10;        at org.eclipse.jetty.util.thread.QueuedThreadPool$2.run(QueuedThreadPool.java:626)&#10;        at java.lang.Thread.run(Thread.java:748)&#10;&quot;pool-116-thread-41&quot;  prio=5 tid=1235 in Object.wait()&#10;java.lang.Thread.State: WAITING (on object monitor)&#10;        at sun.misc.Unsafe.park(Native Method)&#10;        at java.util.concurrent.locks.LockSupport.park(LockSupport.java:175)&#10;        at java.util.concurrent.locks.AbstractQueuedSynchronizer$ConditionObject.await(AbstractQueuedSynchronizer.java:2039)&#10;        at java.util.concurrent.ArrayBlockingQueue.take(ArrayBlockingQueue.java:403)&#10;        at java.util.concurrent.ThreadPoolExecutor.getTask(ThreadPoolExecutor.java:1074)&#10;        at java.util.concurrent.ThreadPoolExecutor.runWorker(ThreadPoolExecutor.java:1134)&#10;        at java.util.concurrent.ThreadPoolExecutor$Worker.run(ThreadPoolExecutor.java:624)&#10;        at java.lang.Thread.run(Thread.java:748)&#10;&quot;IPC Server handler 2 on 42245&quot; daemon prio=5 tid=1028 timed_waiting&#10;java.lang.Thread.State: TIMED_WAITING&#10;        at sun.misc.Unsafe.park(Native Method)&#10;        at java.util.concurrent.locks.LockSupport.parkNanos(LockSupport.java:215)&#10;        at java.util.concurrent.locks.AbstractQueuedSynchronizer$ConditionObject.awaitNanos(AbstractQueuedSynchronizer.java:2078)&#10;        at java.util.concurrent.LinkedBlockingQueue.poll(LinkedBlockingQueue.java:467)&#10;        at org.apache.hadoop.ipc.CallQueueManager.take(CallQueueManager.java:288)&#10;        at org.apache.hadoop.ipc.Server$Handler.run(Server.java:2668)&#10;&quot;metrics-hadoop-metrics2-reporter-23-thread-1&quot; daemon prio=5 tid=757 timed_waiting&#10;java.lang.Thread.State: TIMED_WAITING&#10;        at sun.misc.Unsafe.park(Native Method)&#10;        at java.util.concurrent.locks.LockSupport.parkNanos(LockSupport.java:215)&#10;        at java.util.concurrent.locks.AbstractQueuedSynchronizer$ConditionObject.awaitNanos(AbstractQueuedSynchronizer.java:2078)&#10;        at java.util.concurrent.ScheduledThreadPoolExecutor$DelayedWorkQueue.take(ScheduledThreadPoolExecutor.java:1093)&#10;        at java.util.concurrent.ScheduledThreadPoolExecutor$DelayedWorkQueue.take(ScheduledThreadPoolExecutor.java:809)&#10;        at java.util.concurrent.ThreadPoolExecutor.getTask(ThreadPoolExecutor.java:1074)&#10;        at java.util.concurrent.ThreadPoolExecutor.runWorker(ThreadPoolExecutor.java:1134)&#10;        at java.util.concurrent.ThreadPoolExecutor$Worker.run(ThreadPoolExecutor.java:624)&#10;        at java.lang.Thread.run(Thread.java:748)&#10;&quot;metrics-hadoop-metrics2-reporter-34-thread-1&quot; daemon prio=5 tid=791 timed_waiting&#10;java.lang.Thread.State: TIMED_WAITING&#10;        at sun.misc.Unsafe.park(Native Method)&#10;        at java.util.concurrent.locks.LockSupport.parkNanos(LockSupport.java:215)&#10;        at java.util.concurrent.locks.AbstractQueuedSynchronizer$ConditionObject.awaitNanos(AbstractQueuedSynchronizer.java:2078)&#10;        at java.util.concurrent.ScheduledThreadPoolExecutor$DelayedWorkQueue.take(ScheduledThreadPoolExecutor.java:1093)&#10;        at java.util.concurrent.ScheduledThreadPoolExecutor$DelayedWorkQueue.take(ScheduledThreadPoolExecutor.java:809)&#10;        at java.util.concurrent.ThreadPoolExecutor.getTask(ThreadPoolExecutor.java:1074)&#10;        at java.util.concurrent.ThreadPoolExecutor.runWorker(ThreadPoolExecutor.java:1134)&#10;        at java.util.concurrent.ThreadPoolExecutor$Worker.run(ThreadPoolExecutor.java:624)&#10;        at java.lang.Thread.run(Thread.java:748)&#10;&quot;BlockDeletingService#0&quot; daemon prio=5 tid=1259 timed_waiting&#10;java.lang.Thread.State: TIMED_WAITING&#10;        at sun.misc.Unsafe.park(Native Method)&#10;        at java.util.concurrent.locks.LockSupport.parkNanos(LockSupport.java:215)&#10;        at java.util.concurrent.locks.AbstractQueuedSynchronizer$ConditionObject.awaitNanos(AbstractQueuedSynchronizer.java:2078)&#10;        at java.util.concurrent.ScheduledThreadPoolExecutor$DelayedWorkQueue.take(ScheduledThreadPoolExecutor.java:1093)&#10;        at java.util.concurrent.ScheduledThreadPoolExecutor$DelayedWorkQueue.take(ScheduledThreadPoolExecutor.java:809)&#10;        at java.util.concurrent.ThreadPoolExecutor.getTask(ThreadPoolExecutor.java:1074)&#10;        at java.util.concurrent.ThreadPoolExecutor.runWorker(ThreadPoolExecutor.java:1134)&#10;        at java.util.concurrent.ThreadPoolExecutor$Worker.run(ThreadPoolExecutor.java:624)&#10;        at java.lang.Thread.run(Thread.java:748)&#10;&quot;IPC Server handler 17 on 42245&quot; daemon prio=5 tid=1043 timed_waiting&#10;java.lang.Thread.State: TIMED_WAITING&#10;        at sun.misc.Unsafe.park(Native Method)&#10;        at java.util.concurrent.locks.LockSupport.parkNanos(LockSupport.java:215)&#10;        at java.util.concurrent.locks.AbstractQueuedSynchronizer$ConditionObject.awaitNanos(AbstractQueuedSynchronizer.java:2078)&#10;        at java.util.concurrent.LinkedBlockingQueue.poll(LinkedBlockingQueue.java:467)&#10;        at org.apache.hadoop.ipc.CallQueueManager.take(CallQueueManager.java:288)&#10;        at org.apache.hadoop.ipc.Server$Handler.run(Server.java:2668)&#10;&quot;metrics-hadoop-metrics2-reporter-27-thread-1&quot; daemon prio=5 tid=768 timed_waiting&#10;java.lang.Thread.State: TIMED_WAITING&#10;        at sun.misc.Unsafe.park(Native Method)&#10;        at java.util.concurrent.locks.LockSupport.parkNanos(LockSupport.java:215)&#10;        at java.util.concurrent.locks.AbstractQueuedSynchronizer$ConditionObject.awaitNanos(AbstractQueuedSynchronizer.java:2078)&#10;        at java.util.concurrent.ScheduledThreadPoolExecutor$DelayedWorkQueue.take(ScheduledThreadPoolExecutor.java:1093)&#10;        at java.util.concurrent.ScheduledThreadPoolExecutor$DelayedWorkQueue.take(ScheduledThreadPoolExecutor.java:809)&#10;        at java.util.concurrent.ThreadPoolExecutor.getTask(ThreadPoolExecutor.java:1074)&#10;        at java.util.concurrent.ThreadPoolExecutor.runWorker(ThreadPoolExecutor.java:1134)&#10;        at java.util.concurrent.ThreadPoolExecutor$Worker.run(ThreadPoolExecutor.java:624)&#10;        at java.lang.Thread.run(Thread.java:748)&#10;&quot;pool-126-thread-41&quot;  prio=5 tid=1311 in Object.wait()&#10;java.lang.Thread.State: WAITING (on object monitor)&#10;        at sun.misc.Unsafe.park(Native Method)&#10;        at java.util.concurrent.locks.LockSupport.park(LockSupport.java:175)&#10;        at java.util.concurrent.locks.AbstractQueuedSynchronizer$ConditionObject.await(AbstractQueuedSynchronizer.java:2039)&#10;        at java.util.concurrent.ArrayBlockingQueue.take(ArrayBlockingQueue.java:403)&#10;        at java.util.concurrent.ThreadPoolExecutor.getTask(ThreadPoolExecutor.java:1074)&#10;        at java.util.concurrent.ThreadPoolExecutor.runWorker(ThreadPoolExecutor.java:1134)&#10;        at java.util.concurrent.ThreadPoolExecutor$Worker.run(ThreadPoolExecutor.java:624)&#10;        at java.lang.Thread.run(Thread.java:748)&#10;&quot;pool-116-thread-17&quot;  prio=5 tid=1211 in Object.wait()&#10;java.lang.Thread.State: WAITING (on object monitor)&#10;        at sun.misc.Unsafe.park(Native Method)&#10;        at java.util.concurrent.locks.LockSupport.park(LockSupport.java:175)&#10;        at java.util.concurrent.locks.AbstractQueuedSynchronizer$ConditionObject.await(AbstractQueuedSynchronizer.java:2039)&#10;        at java.util.concurrent.ArrayBlockingQueue.take(ArrayBlockingQueue.java:403)&#10;        at java.util.concurrent.ThreadPoolExecutor.getTask(ThreadPoolExecutor.java:1074)&#10;        at java.util.concurrent.ThreadPoolExecutor.runWorker(ThreadPoolExecutor.java:1134)&#10;        at java.util.concurrent.ThreadPoolExecutor$Worker.run(ThreadPoolExecutor.java:624)&#10;        at java.lang.Thread.run(Thread.java:748)&#10;&quot;metrics-hadoop-metrics2-reporter-19-thread-1&quot; daemon prio=5 tid=748 timed_waiting&#10;java.lang.Thread.State: TIMED_WAITING&#10;        at sun.misc.Unsafe.park(Native Method)&#10;        at java.util.concurrent.locks.LockSupport.parkNanos(LockSupport.java:215)&#10;        at java.util.concurrent.locks.AbstractQueuedSynchronizer$ConditionObject.awaitNanos(AbstractQueuedSynchronizer.java:2078)&#10;        at java.util.concurrent.ScheduledThreadPoolExecutor$DelayedWorkQueue.take(ScheduledThreadPoolExecutor.java:1093)&#10;        at java.util.concurrent.ScheduledThreadPoolExecutor$DelayedWorkQueue.take(ScheduledThreadPoolExecutor.java:809)&#10;        at java.util.concurrent.ThreadPoolExecutor.getTask(ThreadPoolExecutor.java:1074)&#10;        at java.util.concurrent.ThreadPoolExecutor.runWorker(ThreadPoolExecutor.java:1134)&#10;        at java.util.concurrent.ThreadPoolExecutor$Worker.run(ThreadPoolExecutor.java:624)&#10;        at java.lang.Thread.run(Thread.java:748)&#10;&quot;IPC Server handler 9 on 41574&quot; daemon prio=5 tid=1055 timed_waiting&#10;java.lang.Thread.State: TIMED_WAITING&#10;        at sun.misc.Unsafe.park(Native Method)&#10;        at java.util.concurrent.locks.LockSupport.parkNanos(LockSupport.java:215)&#10;        at java.util.concurrent.locks.AbstractQueuedSynchronizer$ConditionObject.awaitNanos(AbstractQueuedSynchronizer.java:2078)&#10;        at java.util.concurrent.LinkedBlockingQueue.poll(LinkedBlockingQueue.java:467)&#10;        at org.apache.hadoop.ipc.CallQueueManager.take(CallQueueManager.java:288)&#10;        at org.apache.hadoop.ipc.Server$Handler.run(Server.java:2668)&#10;&quot;pool-95-thread-1&quot;  prio=5 tid=997 timed_waiting&#10;java.lang.Thread.State: TIMED_WAITING&#10;        at sun.misc.Unsafe.park(Native Method)&#10;        at java.util.concurrent.locks.LockSupport.parkNanos(LockSupport.java:215)&#10;        at java.util.concurrent.locks.AbstractQueuedSynchronizer$ConditionObject.awaitNanos(AbstractQueuedSynchronizer.java:2078)&#10;        at java.util.concurrent.ScheduledThreadPoolExecutor$DelayedWorkQueue.take(ScheduledThreadPoolExecutor.java:1093)&#10;        at java.util.concurrent.ScheduledThreadPoolExecutor$DelayedWorkQueue.take(ScheduledThreadPoolExecutor.java:809)&#10;        at java.util.concurrent.ThreadPoolExecutor.getTask(ThreadPoolExecutor.java:1074)&#10;        at java.util.concurrent.ThreadPoolExecutor.runWorker(ThreadPoolExecutor.java:1134)&#10;        at java.util.concurrent.ThreadPoolExecutor$Worker.run(ThreadPoolExecutor.java:624)&#10;        at java.lang.Thread.run(Thread.java:748)&#10;&quot;metrics-hadoop-metrics2-reporter-45-thread-1&quot; daemon prio=5 tid=876 timed_waiting&#10;java.lang.Thread.State: TIMED_WAITING&#10;        at sun.misc.Unsafe.park(Native Method)&#10;        at java.util.concurrent.locks.LockSupport.parkNanos(LockSupport.java:215)&#10;        at java.util.concurrent.locks.AbstractQueuedSynchronizer$ConditionObject.awaitNanos(AbstractQueuedSynchronizer.java:2078)&#10;        at java.util.concurrent.ScheduledThreadPoolExecutor$DelayedWorkQueue.take(ScheduledThreadPoolExecutor.java:1093)&#10;        at java.util.concurrent.ScheduledThreadPoolExecutor$DelayedWorkQueue.take(ScheduledThreadPoolExecutor.java:809)&#10;        at java.util.concurrent.ThreadPoolExecutor.getTask(ThreadPoolExecutor.java:1074)&#10;        at java.util.concurrent.ThreadPoolExecutor.runWorker(ThreadPoolExecutor.java:1134)&#10;        at java.util.concurrent.ThreadPoolExecutor$Worker.run(ThreadPoolExecutor.java:624)&#10;        at java.lang.Thread.run(Thread.java:748)&#10;&quot;Datanode ReportManager Thread - 3&quot; daemon prio=5 tid=174 in Object.wait()&#10;java.lang.Thread.State: WAITING (on object monitor)&#10;        at sun.misc.Unsafe.park(Native Method)&#10;        at java.util.concurrent.locks.LockSupport.park(LockSupport.java:175)&#10;        at java.util.concurrent.locks.AbstractQueuedSynchronizer$ConditionObject.await(AbstractQueuedSynchronizer.java:2039)&#10;        at java.util.concurrent.ScheduledThreadPoolExecutor$DelayedWorkQueue.take(ScheduledThreadPoolExecutor.java:1088)&#10;        at java.util.concurrent.ScheduledThreadPoolExecutor$DelayedWorkQueue.take(ScheduledThreadPoolExecutor.java:809)&#10;        at java.util.concurrent.ThreadPoolExecutor.getTask(ThreadPoolExecutor.java:1074)&#10;        at java.util.concurrent.ThreadPoolExecutor.runWorker(ThreadPoolExecutor.java:1134)&#10;        at java.util.concurrent.ThreadPoolExecutor$Worker.run(ThreadPoolExecutor.java:624)&#10;        at java.lang.Thread.run(Thread.java:748)&#10;&quot;pool-126-thread-1&quot;  prio=5 tid=1271 in Object.wait()&#10;java.lang.Thread.State: WAITING (on object monitor)&#10;        at sun.misc.Unsafe.park(Native Method)&#10;        at java.util.concurrent.locks.LockSupport.park(LockSupport.java:175)&#10;        at java.util.concurrent.locks.AbstractQueuedSynchronizer$ConditionObject.await(AbstractQueuedSynchronizer.java:2039)&#10;        at java.util.concurrent.ArrayBlockingQueue.take(ArrayBlockingQueue.java:403)&#10;        at java.util.concurrent.ThreadPoolExecutor.getTask(ThreadPoolExecutor.java:1074)&#10;        at java.util.concurrent.ThreadPoolExecutor.runWorker(ThreadPoolExecutor.java:1134)&#10;        at java.util.concurrent.ThreadPoolExecutor$Worker.run(ThreadPoolExecutor.java:624)&#10;        at java.lang.Thread.run(Thread.java:748)&#10;&quot;IPC Server handler 9 on 34783&quot; daemon prio=5 tid=986 timed_waiting&#10;java.lang.Thread.State: TIMED_WAITING&#10;        at sun.misc.Unsafe.park(Native Method)&#10;        at java.util.concurrent.locks.LockSupport.parkNanos(LockSupport.java:215)&#10;        at java.util.concurrent.locks.AbstractQueuedSynchronizer$ConditionObject.awaitNanos(AbstractQueuedSynchronizer.java:2078)&#10;        at java.util.concurrent.LinkedBlockingQueue.poll(LinkedBlockingQueue.java:467)&#10;        at org.apache.hadoop.ipc.CallQueueManager.take(CallQueueManager.java:288)&#10;        at org.apache.hadoop.ipc.Server$Handler.run(Server.java:2668)&#10;&quot;pool-116-thread-58&quot;  prio=5 tid=1252 in Object.wait()&#10;java.lang.Thread.State: WAITING (on object monitor)&#10;        at sun.misc.Unsafe.park(Native Method)&#10;        at java.util.concurrent.locks.LockSupport.park(LockSupport.java:175)&#10;        at java.util.concurrent.locks.AbstractQueuedSynchronizer$ConditionObject.await(AbstractQueuedSynchronizer.java:2039)&#10;        at java.util.concurrent.ArrayBlockingQueue.take(ArrayBlockingQueue.java:403)&#10;        at java.util.concurrent.ThreadPoolExecutor.getTask(ThreadPoolExecutor.java:1074)&#10;        at java.util.concurrent.ThreadPoolExecutor.runWorker(ThreadPoolExecutor.java:1134)&#10;        at java.util.concurrent.ThreadPoolExecutor$Worker.run(ThreadPoolExecutor.java:624)&#10;        at java.lang.Thread.run(Thread.java:748)&#10;&quot;IPC Server handler 15 on 41574&quot; daemon prio=5 tid=1061 timed_waiting&#10;java.lang.Thread.State: TIMED_WAITING&#10;        at sun.misc.Unsafe.park(Native Method)&#10;        at java.util.concurrent.locks.LockSupport.parkNanos(LockSupport.java:215)&#10;        at java.util.concurrent.locks.AbstractQueuedSynchronizer$ConditionObject.awaitNanos(AbstractQueuedSynchronizer.java:2078)&#10;        at java.util.concurrent.LinkedBlockingQueue.poll(LinkedBlockingQueue.java:467)&#10;        at org.apache.hadoop.ipc.CallQueueManager.take(CallQueueManager.java:288)&#10;        at org.apache.hadoop.ipc.Server$Handler.run(Server.java:2668)&#10;&quot;pool-106-thread-15&quot;  prio=5 tid=1383 in Object.wait()&#10;java.lang.Thread.State: WAITING (on object monitor)&#10;        at sun.misc.Unsafe.park(Native Method)&#10;        at java.util.concurrent.locks.LockSupport.park(LockSupport.java:175)&#10;        at java.util.concurrent.locks.AbstractQueuedSynchronizer$ConditionObject.await(AbstractQueuedSynchronizer.java:2039)&#10;        at java.util.concurrent.ArrayBlockingQueue.take(ArrayBlockingQueue.java:403)&#10;        at java.util.concurrent.ThreadPoolExecutor.getTask(ThreadPoolExecutor.java:1074)&#10;        at java.util.concurrent.ThreadPoolExecutor.runWorker(ThreadPoolExecutor.java:1134)&#10;        at java.util.concurrent.ThreadPoolExecutor$Worker.run(ThreadPoolExecutor.java:624)&#10;        at java.lang.Thread.run(Thread.java:748)&#10;&quot;org.apache.hadoop.util.JvmPauseMonitor$Monitor@470a32fa&quot; daemon prio=5 tid=1190 timed_waiting&#10;java.lang.Thread.State: TIMED_WAITING&#10;        at java.lang.Thread.sleep(Native Method)&#10;        at org.apache.hadoop.util.JvmPauseMonitor$Monitor.run(JvmPauseMonitor.java:192)&#10;        at java.lang.Thread.run(Thread.java:748)&#10;&quot;pool-116-thread-16&quot;  prio=5 tid=1210 in Object.wait()&#10;java.lang.Thread.State: WAITING (on object monitor)&#10;        at sun.misc.Unsafe.park(Native Method)&#10;        at java.util.concurrent.locks.LockSupport.park(LockSupport.java:175)&#10;        at java.util.concurrent.locks.AbstractQueuedSynchronizer$ConditionObject.await(AbstractQueuedSynchronizer.java:2039)&#10;        at java.util.concurrent.ArrayBlockingQueue.take(ArrayBlockingQueue.java:403)&#10;        at java.util.concurrent.ThreadPoolExecutor.getTask(ThreadPoolExecutor.java:1074)&#10;        at java.util.concurrent.ThreadPoolExecutor.runWorker(ThreadPoolExecutor.java:1134)&#10;        at java.util.concurrent.ThreadPoolExecutor$Worker.run(ThreadPoolExecutor.java:624)&#10;        at java.lang.Thread.run(Thread.java:748)&#10;&quot;IPC Server handler 0 on 44367&quot; daemon prio=5 tid=1066 timed_waiting&#10;java.lang.Thread.State: TIMED_WAITING&#10;        at sun.misc.Unsafe.park(Native Method)&#10;        at java.util.concurrent.locks.LockSupport.parkNanos(LockSupport.java:215)&#10;        at java.util.concurrent.locks.AbstractQueuedSynchronizer$ConditionObject.awaitNanos(AbstractQueuedSynchronizer.java:2078)&#10;        at java.util.concurrent.LinkedBlockingQueue.poll(LinkedBlockingQueue.java:467)&#10;        at org.apache.hadoop.ipc.CallQueueManager.take(CallQueueManager.java:288)&#10;        at org.apache.hadoop.ipc.Server$Handler.run(Server.java:2668)&#10;&quot;metrics-hadoop-metrics2-reporter-33-thread-1&quot; daemon prio=5 tid=790 timed_waiting&#10;java.lang.Thread.State: TIMED_WAITING&#10;        at sun.misc.Unsafe.park(Native Method)&#10;        at java.util.concurrent.locks.LockSupport.parkNanos(LockSupport.java:215)&#10;        at java.util.concurrent.locks.AbstractQueuedSynchronizer$ConditionObject.awaitNanos(AbstractQueuedSynchronizer.java:2078)&#10;        at java.util.concurrent.ScheduledThreadPoolExecutor$DelayedWorkQueue.take(ScheduledThreadPoolExecutor.java:1093)&#10;        at java.util.concurrent.ScheduledThreadPoolExecutor$DelayedWorkQueue.take(ScheduledThreadPoolExecutor.java:809)&#10;        at java.util.concurrent.ThreadPoolExecutor.getTask(ThreadPoolExecutor.java:1074)&#10;        at java.util.concurrent.ThreadPoolExecutor.runWorker(ThreadPoolExecutor.java:1134)&#10;        at java.util.concurrent.ThreadPoolExecutor$Worker.run(ThreadPoolExecutor.java:624)&#10;        at java.lang.Thread.run(Thread.java:748)&#10;&quot;pool-116-thread-8&quot;  prio=5 tid=1202 in Object.wait()&#10;java.lang.Thread.State: WAITING (on object monitor)&#10;        at sun.misc.Unsafe.park(Native Method)&#10;        at java.util.concurrent.locks.LockSupport.park(LockSupport.java:175)&#10;        at java.util.concurrent.locks.AbstractQueuedSynchronizer$ConditionObject.await(AbstractQueuedSynchronizer.java:2039)&#10;        at java.util.concurrent.ArrayBlockingQueue.take(ArrayBlockingQueue.java:403)&#10;        at java.util.concurrent.ThreadPoolExecutor.getTask(ThreadPoolExecutor.java:1074)&#10;        at java.util.concurrent.ThreadPoolExecutor.runWorker(ThreadPoolExecutor.java:1134)&#10;        at java.util.concurrent.ThreadPoolExecutor$Worker.run(ThreadPoolExecutor.java:624)&#10;        at java.lang.Thread.run(Thread.java:748)&#10;&quot;Finalizer&quot; daemon prio=8 tid=3 in Object.wait()&#10;java.lang.Thread.State: WAITING (on object monitor)&#10;        at java.lang.Object.wait(Native Method)&#10;        at java.lang.ref.ReferenceQueue.remove(ReferenceQueue.java:144)&#10;        at java.lang.ref.ReferenceQueue.remove(ReferenceQueue.java:165)&#10;        at java.lang.ref.Finalizer$FinalizerThread.run(Finalizer.java:216)&#10;&quot;pool-116-thread-19&quot;  prio=5 tid=1213 in Object.wait()&#10;java.lang.Thread.State: WAITING (on object monitor)&#10;        at sun.misc.Unsafe.park(Native Method)&#10;        at java.util.concurrent.locks.LockSupport.park(LockSupport.java:175)&#10;        at java.util.concurrent.locks.AbstractQueuedSynchronizer$ConditionObject.await(AbstractQueuedSynchronizer.java:2039)&#10;        at java.util.concurrent.ArrayBlockingQueue.take(ArrayBlockingQueue.java:403)&#10;        at java.util.concurrent.ThreadPoolExecutor.getTask(ThreadPoolExecutor.java:1074)&#10;        at java.util.concurrent.ThreadPoolExecutor.runWorker(ThreadPoolExecutor.java:1134)&#10;        at java.util.concurrent.ThreadPoolExecutor$Worker.run(ThreadPoolExecutor.java:624)&#10;        at java.lang.Thread.run(Thread.java:748)&#10;&quot;pool-106-thread-51&quot;  prio=5 tid=1419 in Object.wait()&#10;java.lang.Thread.State: WAITING (on object monitor)&#10;        at sun.misc.Unsafe.park(Native Method)&#10;        at java.util.concurrent.locks.LockSupport.park(LockSupport.java:175)&#10;        at java.util.concurrent.locks.AbstractQueuedSynchronizer$ConditionObject.await(AbstractQueuedSynchronizer.java:2039)&#10;        at java.util.concurrent.ArrayBlockingQueue.take(ArrayBlockingQueue.java:403)&#10;        at java.util.concurrent.ThreadPoolExecutor.getTask(ThreadPoolExecutor.java:1074)&#10;        at java.util.concurrent.ThreadPoolExecutor.runWorker(ThreadPoolExecutor.java:1134)&#10;        at java.util.concurrent.ThreadPoolExecutor$Worker.run(ThreadPoolExecutor.java:624)&#10;        at java.lang.Thread.run(Thread.java:748)&#10;&quot;EventQueue-PipelineReportForPipelineReportHandler&quot; daemon prio=5 tid=1268 in Object.wait()&#10;java.lang.Thread.State: WAITING (on object monitor)&#10;        at sun.misc.Unsafe.park(Native Method)&#10;        at java.util.concurrent.locks.LockSupport.park(LockSupport.java:175)&#10;        at java.util.concurrent.locks.AbstractQueuedSynchronizer$ConditionObject.await(AbstractQueuedSynchronizer.java:2039)&#10;        at java.util.concurrent.LinkedBlockingQueue.take(LinkedBlockingQueue.java:442)&#10;        at java.util.concurrent.ThreadPoolExecutor.getTask(ThreadPoolExecutor.java:1074)&#10;        at java.util.concurrent.ThreadPoolExecutor.runWorker(ThreadPoolExecutor.java:1134)&#10;        at java.util.concurrent.ThreadPoolExecutor$Worker.run(ThreadPoolExecutor.java:624)&#10;        at java.lang.Thread.run(Thread.java:748)&#10;&quot;pool-126-thread-38&quot;  prio=5 tid=1308 in Object.wait()&#10;java.lang.Thread.State: WAITING (on object monitor)&#10;        at sun.misc.Unsafe.park(Native Method)&#10;        at java.util.concurrent.locks.LockSupport.park(LockSupport.java:175)&#10;        at java.util.concurrent.locks.AbstractQueuedSynchronizer$ConditionObject.await(AbstractQueuedSynchronizer.java:2039)&#10;        at java.util.concurrent.ArrayBlockingQueue.take(ArrayBlockingQueue.java:403)&#10;        at java.util.concurrent.ThreadPoolExecutor.getTask(ThreadPoolExecutor.java:1074)&#10;        at java.util.concurrent.ThreadPoolExecutor.runWorker(ThreadPoolExecutor.java:1134)&#10;        at java.util.concurrent.ThreadPoolExecutor$Worker.run(ThreadPoolExecutor.java:624)&#10;        at java.lang.Thread.run(Thread.java:748)&#10;&quot;pool-106-thread-17&quot;  prio=5 tid=1385 in Object.wait()&#10;java.lang.Thread.State: WAITING (on object monitor)&#10;        at sun.misc.Unsafe.park(Native Method)&#10;        at java.util.concurrent.locks.LockSupport.park(LockSupport.java:175)&#10;        at java.util.concurrent.locks.AbstractQueuedSynchronizer$ConditionObject.await(AbstractQueuedSynchronizer.java:2039)&#10;        at java.util.concurrent.ArrayBlockingQueue.take(ArrayBlockingQueue.java:403)&#10;        at java.util.concurrent.ThreadPoolExecutor.getTask(ThreadPoolExecutor.java:1074)&#10;        at java.util.concurrent.ThreadPoolExecutor.runWorker(ThreadPoolExecutor.java:1134)&#10;        at java.util.concurrent.ThreadPoolExecutor$Worker.run(ThreadPoolExecutor.java:624)&#10;        at java.lang.Thread.run(Thread.java:748)&#10;&quot;qtp818010696-1170&quot; daemon prio=5 tid=1170 runnable&#10;java.lang.Thread.State: RUNNABLE&#10;        at sun.nio.ch.EPollArrayWrapper.epollWait(Native Method)&#10;        at sun.nio.ch.EPollArrayWrapper.poll(EPollArrayWrapper.java:269)&#10;        at sun.nio.ch.EPollSelectorImpl.doSelect(EPollSelectorImpl.java:93)&#10;        at sun.nio.ch.SelectorImpl.lockAndDoSelect(SelectorImpl.java:86)&#10;        at sun.nio.ch.SelectorImpl.select(SelectorImpl.java:97)&#10;        at sun.nio.ch.SelectorImpl.select(SelectorImpl.java:101)&#10;        at org.eclipse.jetty.io.ManagedSelector$SelectorProducer.select(ManagedSelector.java:243)&#10;        at org.eclipse.jetty.io.ManagedSelector$SelectorProducer.produce(ManagedSelector.java:191)&#10;        at org.eclipse.jetty.util.thread.strategy.ExecuteProduceConsume.executeProduceConsume(ExecuteProduceConsume.java:249)&#10;        at org.eclipse.jetty.util.thread.strategy.ExecuteProduceConsume.produceConsume(ExecuteProduceConsume.java:148)&#10;        at org.eclipse.jetty.util.thread.strategy.ExecuteProduceConsume.execute(ExecuteProduceConsume.java:100)&#10;        at org.eclipse.jetty.io.ManagedSelector.run(ManagedSelector.java:147)&#10;        at org.eclipse.jetty.util.thread.QueuedThreadPool.runJob(QueuedThreadPool.java:671)&#10;        at org.eclipse.jetty.util.thread.QueuedThreadPool$2.run(QueuedThreadPool.java:589)&#10;        at java.lang.Thread.run(Thread.java:748)&#10;&quot;qtp1014555985-1140-acceptor-0@3f9f5235-ServerConnector@608fe01f{HTTP/1.1,[http/1.1]}{0.0.0.0:44874}&quot; daemon prio=3 tid=1140 runnable&#10;java.lang.Thread.State: RUNNABLE&#10;        at sun.nio.ch.ServerSocketChannelImpl.accept0(Native Method)&#10;        at sun.nio.ch.ServerSocketChannelImpl.accept(ServerSocketChannelImpl.java:422)&#10;        at sun.nio.ch.ServerSocketChannelImpl.accept(ServerSocketChannelImpl.java:250)&#10;        at org.eclipse.jetty.server.ServerConnector.accept(ServerConnector.java:397)&#10;        at org.eclipse.jetty.server.AbstractConnector$Acceptor.run(AbstractConnector.java:601)&#10;        at org.eclipse.jetty.util.thread.QueuedThreadPool.runJob(QueuedThreadPool.java:671)&#10;        at org.eclipse.jetty.util.thread.QueuedThreadPool$2.run(QueuedThreadPool.java:589)&#10;        at java.lang.Thread.run(Thread.java:748)&#10;&quot;IPC Server handler 15 on 44367&quot; daemon prio=5 tid=1081 timed_waiting&#10;java.lang.Thread.State: TIMED_WAITING&#10;        at sun.misc.Unsafe.park(Native Method)&#10;        at java.util.concurrent.locks.LockSupport.parkNanos(LockSupport.java:215)&#10;        at java.util.concurrent.locks.AbstractQueuedSynchronizer$ConditionObject.awaitNanos(AbstractQueuedSynchronizer.java:2078)&#10;        at java.util.concurrent.LinkedBlockingQueue.poll(LinkedBlockingQueue.java:467)&#10;        at org.apache.hadoop.ipc.CallQueueManager.take(CallQueueManager.java:288)&#10;        at org.apache.hadoop.ipc.Server$Handler.run(Server.java:2668)&#10;&quot;pool-106-thread-6&quot;  prio=5 tid=1374 in Object.wait()&#10;java.lang.Thread.State: WAITING (on object monitor)&#10;        at sun.misc.Unsafe.park(Native Method)&#10;        at java.util.concurrent.locks.LockSupport.park(LockSupport.java:175)&#10;        at java.util.concurrent.locks.AbstractQueuedSynchronizer$ConditionObject.await(AbstractQueuedSynchronizer.java:2039)&#10;        at java.util.concurrent.ArrayBlockingQueue.take(ArrayBlockingQueue.java:403)&#10;        at java.util.concurrent.ThreadPoolExecutor.getTask(ThreadPoolExecutor.java:1074)&#10;        at java.util.concurrent.ThreadPoolExecutor.runWorker(ThreadPoolExecutor.java:1134)&#10;        at java.util.concurrent.ThreadPoolExecutor$Worker.run(ThreadPoolExecutor.java:624)&#10;        at java.lang.Thread.run(Thread.java:748)&#10;&quot;qtp818010696-1173&quot; daemon prio=5 tid=1173 timed_waiting&#10;java.lang.Thread.State: TIMED_WAITING&#10;        at sun.misc.Unsafe.park(Native Method)&#10;        at java.util.concurrent.locks.LockSupport.parkNanos(LockSupport.java:215)&#10;        at java.util.concurrent.locks.AbstractQueuedSynchronizer$ConditionObject.awaitNanos(AbstractQueuedSynchronizer.java:2078)&#10;        at org.eclipse.jetty.util.BlockingArrayQueue.poll(BlockingArrayQueue.java:392)&#10;        at org.eclipse.jetty.util.thread.QueuedThreadPool.idleJobPoll(QueuedThreadPool.java:563)&#10;        at org.eclipse.jetty.util.thread.QueuedThreadPool.access$800(QueuedThreadPool.java:48)&#10;        at org.eclipse.jetty.util.thread.QueuedThreadPool$2.run(QueuedThreadPool.java:626)&#10;        at java.lang.Thread.run(Thread.java:748)&#10;&quot;pool-116-thread-11&quot;  prio=5 tid=1205 in Object.wait()&#10;java.lang.Thread.State: WAITING (on object monitor)&#10;        at sun.misc.Unsafe.park(Native Method)&#10;        at java.util.concurrent.locks.LockSupport.park(LockSupport.java:175)&#10;        at java.util.concurrent.locks.AbstractQueuedSynchronizer$ConditionObject.await(AbstractQueuedSynchronizer.java:2039)&#10;        at java.util.concurrent.ArrayBlockingQueue.take(ArrayBlockingQueue.java:403)&#10;        at java.util.concurrent.ThreadPoolExecutor.getTask(ThreadPoolExecutor.java:1074)&#10;        at java.util.concurrent.ThreadPoolExecutor.runWorker(ThreadPoolExecutor.java:1134)&#10;        at java.util.concurrent.ThreadPoolExecutor$Worker.run(ThreadPoolExecutor.java:624)&#10;        at java.lang.Thread.run(Thread.java:748)&#10;&quot;pool-116-thread-59&quot;  prio=5 tid=1253 in Object.wait()&#10;java.lang.Thread.State: WAITING (on object monitor)&#10;        at sun.misc.Unsafe.park(Native Method)&#10;        at java.util.concurrent.locks.LockSupport.park(LockSupport.java:175)&#10;        at java.util.concurrent.locks.AbstractQueuedSynchronizer$ConditionObject.await(AbstractQueuedSynchronizer.java:2039)&#10;        at java.util.concurrent.ArrayBlockingQueue.take(ArrayBlockingQueue.java:403)&#10;        at java.util.concurrent.ThreadPoolExecutor.getTask(ThreadPoolExecutor.java:1074)&#10;        at java.util.concurrent.ThreadPoolExecutor.runWorker(ThreadPoolExecutor.java:1134)&#10;        at java.util.concurrent.ThreadPoolExecutor$Worker.run(ThreadPoolExecutor.java:624)&#10;        at java.lang.Thread.run(Thread.java:748)&#10;&quot;pool-116-thread-25&quot;  prio=5 tid=1219 in Object.wait()&#10;java.lang.Thread.State: WAITING (on object monitor)&#10;        at sun.misc.Unsafe.park(Native Method)&#10;        at java.util.concurrent.locks.LockSupport.park(LockSupport.java:175)&#10;        at java.util.concurrent.locks.AbstractQueuedSynchronizer$ConditionObject.await(AbstractQueuedSynchronizer.java:2039)&#10;        at java.util.concurrent.ArrayBlockingQueue.take(ArrayBlockingQueue.java:403)&#10;        at java.util.concurrent.ThreadPoolExecutor.getTask(ThreadPoolExecutor.java:1074)&#10;        at java.util.concurrent.ThreadPoolExecutor.runWorker(ThreadPoolExecutor.java:1134)&#10;        at java.util.concurrent.ThreadPoolExecutor$Worker.run(ThreadPoolExecutor.java:624)&#10;        at java.lang.Thread.run(Thread.java:748)&#10;&quot;metrics-hadoop-metrics2-reporter-52-thread-1&quot; daemon prio=5 tid=937 timed_waiting&#10;java.lang.Thread.State: TIMED_WAITING&#10;        at sun.misc.Unsafe.park(Native Method)&#10;        at java.util.concurrent.locks.LockSupport.parkNanos(LockSupport.java:215)&#10;        at java.util.concurrent.locks.AbstractQueuedSynchronizer$ConditionObject.awaitNanos(AbstractQueuedSynchronizer.java:2078)&#10;        at java.util.concurrent.ScheduledThreadPoolExecutor$DelayedWorkQueue.take(ScheduledThreadPoolExecutor.java:1093)&#10;        at java.util.concurrent.ScheduledThreadPoolExecutor$DelayedWorkQueue.take(ScheduledThreadPoolExecutor.java:809)&#10;        at java.util.concurrent.ThreadPoolExecutor.getTask(ThreadPoolExecutor.java:1074)&#10;        at java.util.concurrent.ThreadPoolExecutor.runWorker(ThreadPoolExecutor.java:1134)&#10;        at java.util.concurrent.ThreadPoolExecutor$Worker.run(ThreadPoolExecutor.java:624)&#10;        at java.lang.Thread.run(Thread.java:748)&#10;&quot;pool-106-thread-24&quot;  prio=5 tid=1392 in Object.wait()&#10;java.lang.Thread.State: WAITING (on object monitor)&#10;        at sun.misc.Unsafe.park(Native Method)&#10;        at java.util.concurrent.locks.LockSupport.park(LockSupport.java:175)&#10;        at java.util.concurrent.locks.AbstractQueuedSynchronizer$ConditionObject.await(AbstractQueuedSynchronizer.java:2039)&#10;        at java.util.concurrent.ArrayBlockingQueue.take(ArrayBlockingQueue.java:403)&#10;        at java.util.concurrent.ThreadPoolExecutor.getTask(ThreadPoolExecutor.java:1074)&#10;        at java.util.concurrent.ThreadPoolExecutor.runWorker(ThreadPoolExecutor.java:1134)&#10;        at java.util.concurrent.ThreadPoolExecutor$Worker.run(ThreadPoolExecutor.java:624)&#10;        at java.lang.Thread.run(Thread.java:748)&#10;&quot;IPC Server idle connection scanner for port 44367&quot; daemon prio=5 tid=1013 timed_waiting&#10;java.lang.Thread.State: TIMED_WAITING&#10;        at java.lang.Object.wait(Native Method)&#10;        at java.util.TimerThread.mainLoop(Timer.java:552)&#10;        at java.util.TimerThread.run(Timer.java:505)&#10;&quot;metrics-hadoop-metrics2-reporter-38-thread-1&quot; daemon prio=5 tid=814 timed_waiting&#10;java.lang.Thread.State: TIMED_WAITING&#10;        at sun.misc.Unsafe.park(Native Method)&#10;        at java.util.concurrent.locks.LockSupport.parkNanos(LockSupport.java:215)&#10;        at java.util.concurrent.locks.AbstractQueuedSynchronizer$ConditionObject.awaitNanos(AbstractQueuedSynchronizer.java:2078)&#10;        at java.util.concurrent.ScheduledThreadPoolExecutor$DelayedWorkQueue.take(ScheduledThreadPoolExecutor.java:1093)&#10;        at java.util.concurrent.ScheduledThreadPoolExecutor$DelayedWorkQueue.take(ScheduledThreadPoolExecutor.java:809)&#10;        at java.util.concurrent.ThreadPoolExecutor.getTask(ThreadPoolExecutor.java:1074)&#10;        at java.util.concurrent.ThreadPoolExecutor.runWorker(ThreadPoolExecutor.java:1134)&#10;        at java.util.concurrent.ThreadPoolExecutor$Worker.run(ThreadPoolExecutor.java:624)&#10;        at java.lang.Thread.run(Thread.java:748)&#10;&quot;Datanode ReportManager Thread - 2&quot; daemon prio=5 tid=254 in Object.wait()&#10;java.lang.Thread.State: WAITING (on object monitor)&#10;        at sun.misc.Unsafe.park(Native Method)&#10;        at java.util.concurrent.locks.LockSupport.park(LockSupport.java:175)&#10;        at java.util.concurrent.locks.AbstractQueuedSynchronizer$ConditionObject.await(AbstractQueuedSynchronizer.java:2039)&#10;        at java.util.concurrent.ScheduledThreadPoolExecutor$DelayedWorkQueue.take(ScheduledThreadPoolExecutor.java:1088)&#10;        at java.util.concurrent.ScheduledThreadPoolExecutor$DelayedWorkQueue.take(ScheduledThreadPoolExecutor.java:809)&#10;        at java.util.concurrent.ThreadPoolExecutor.getTask(ThreadPoolExecutor.java:1074)&#10;        at java.util.concurrent.ThreadPoolExecutor.runWorker(ThreadPoolExecutor.java:1134)&#10;        at java.util.concurrent.ThreadPoolExecutor$Worker.run(ThreadPoolExecutor.java:624)&#10;        at java.lang.Thread.run(Thread.java:748)&#10;&quot;qtp1014555985-1142&quot; daemon prio=5 tid=1142 timed_waiting&#10;java.lang.Thread.State: TIMED_WAITING&#10;        at sun.misc.Unsafe.park(Native Method)&#10;        at java.util.concurrent.locks.LockSupport.parkNanos(LockSupport.java:215)&#10;        at java.util.concurrent.locks.AbstractQueuedSynchronizer$ConditionObject.awaitNanos(AbstractQueuedSynchronizer.java:2078)&#10;        at org.eclipse.jetty.util.BlockingArrayQueue.poll(BlockingArrayQueue.java:392)&#10;        at org.eclipse.jetty.util.thread.QueuedThreadPool.idleJobPoll(QueuedThreadPool.java:563)&#10;        at org.eclipse.jetty.util.thread.QueuedThreadPool.access$800(QueuedThreadPool.java:48)&#10;        at org.eclipse.jetty.util.thread.QueuedThreadPool$2.run(QueuedThreadPool.java:626)&#10;        at java.lang.Thread.run(Thread.java:748)&#10;&quot;org.apache.hadoop.util.JvmPauseMonitor$Monitor@6d90e0c6&quot; daemon prio=5 tid=1159 timed_waiting&#10;java.lang.Thread.State: TIMED_WAITING&#10;        at java.lang.Thread.sleep(Native Method)&#10;        at org.apache.hadoop.util.JvmPauseMonitor$Monitor.run(JvmPauseMonitor.java:192)&#10;        at java.lang.Thread.run(Thread.java:748)&#10;&quot;org.eclipse.jetty.server.session.HashSessionManager@354e7004Timer&quot; daemon prio=5 tid=1152 timed_waiting&#10;java.lang.Thread.State: TIMED_WAITING&#10;        at sun.misc.Unsafe.park(Native Method)&#10;        at java.util.concurrent.locks.LockSupport.parkNanos(LockSupport.java:215)&#10;        at java.util.concurrent.locks.AbstractQueuedSynchronizer$ConditionObject.awaitNanos(AbstractQueuedSynchronizer.java:2078)&#10;        at java.util.concurrent.ScheduledThreadPoolExecutor$DelayedWorkQueue.take(ScheduledThreadPoolExecutor.java:1093)&#10;        at java.util.concurrent.ScheduledThreadPoolExecutor$DelayedWorkQueue.take(ScheduledThreadPoolExecutor.java:809)&#10;        at java.util.concurrent.ThreadPoolExecutor.getTask(ThreadPoolExecutor.java:1074)&#10;        at java.util.concurrent.ThreadPoolExecutor.runWorker(ThreadPoolExecutor.java:1134)&#10;        at java.util.concurrent.ThreadPoolExecutor$Worker.run(ThreadPoolExecutor.java:624)&#10;        at java.lang.Thread.run(Thread.java:748)&#10;&quot;jaeger.RemoteReporter-QueueProcessor&quot; daemon prio=5 tid=147 in Object.wait()&#10;java.lang.Thread.State: WAITING (on object monitor)&#10;        at sun.misc.Unsafe.park(Native Method)&#10;        at java.util.concurrent.locks.LockSupport.park(LockSupport.java:175)&#10;        at java.util.concurrent.locks.AbstractQueuedSynchronizer$ConditionObject.await(AbstractQueuedSynchronizer.java:2039)&#10;        at java.util.concurrent.ArrayBlockingQueue.take(ArrayBlockingQueue.java:403)&#10;        at io.jaegertracing.internal.reporters.RemoteReporter$QueueProcessor.run(RemoteReporter.java:173)&#10;        at java.lang.Thread.run(Thread.java:748)&#10;&quot;IPC Server handler 14 on 41574&quot; daemon prio=5 tid=1060 timed_waiting&#10;java.lang.Thread.State: TIMED_WAITING&#10;        at sun.misc.Unsafe.park(Native Method)&#10;        at java.util.concurrent.locks.LockSupport.parkNanos(LockSupport.java:215)&#10;        at java.util.concurrent.locks.AbstractQueuedSynchronizer$ConditionObject.awaitNanos(AbstractQueuedSynchronizer.java:2078)&#10;        at java.util.concurrent.LinkedBlockingQueue.poll(LinkedBlockingQueue.java:467)&#10;        at org.apache.hadoop.ipc.CallQueueManager.take(CallQueueManager.java:288)&#10;        at org.apache.hadoop.ipc.Server$Handler.run(Server.java:2668)&#10;&quot;metrics-hadoop-metrics2-reporter-46-thread-1&quot; daemon prio=5 tid=901 timed_waiting&#10;java.lang.Thread.State: TIMED_WAITING&#10;        at sun.misc.Unsafe.park(Native Method)&#10;        at java.util.concurrent.locks.LockSupport.parkNanos(LockSupport.java:215)&#10;        at java.util.concurrent.locks.AbstractQueuedSynchronizer$ConditionObject.awaitNanos(AbstractQueuedSynchronizer.java:2078)&#10;        at java.util.concurrent.ScheduledThreadPoolExecutor$DelayedWorkQueue.take(ScheduledThreadPoolExecutor.java:1093)&#10;        at java.util.concurrent.ScheduledThreadPoolExecutor$DelayedWorkQueue.take(ScheduledThreadPoolExecutor.java:809)&#10;        at java.util.concurrent.ThreadPoolExecutor.getTask(ThreadPoolExecutor.java:1074)&#10;        at java.util.concurrent.ThreadPoolExecutor.runWorker(ThreadPoolExecutor.java:1134)&#10;        at java.util.concurrent.ThreadPoolExecutor$Worker.run(ThreadPoolExecutor.java:624)&#10;        at java.lang.Thread.run(Thread.java:748)&#10;&quot;pool-106-thread-54&quot;  prio=5 tid=1422 in Object.wait()&#10;java.lang.Thread.State: WAITING (on object monitor)&#10;        at sun.misc.Unsafe.park(Native Method)&#10;        at java.util.concurrent.locks.LockSupport.park(LockSupport.java:175)&#10;        at java.util.concurrent.locks.AbstractQueuedSynchronizer$ConditionObject.await(AbstractQueuedSynchronizer.java:2039)&#10;        at java.util.concurrent.ArrayBlockingQueue.take(ArrayBlockingQueue.java:403)&#10;        at java.util.concurrent.ThreadPoolExecutor.getTask(ThreadPoolExecutor.java:1074)&#10;        at java.util.concurrent.ThreadPoolExecutor.runWorker(ThreadPoolExecutor.java:1134)&#10;        at java.util.concurrent.ThreadPoolExecutor$Worker.run(ThreadPoolExecutor.java:624)&#10;        at java.lang.Thread.run(Thread.java:748)&#10;&quot;IPC Server handler 3 on 42245&quot; daemon prio=5 tid=1029 timed_waiting&#10;java.lang.Thread.State: TIMED_WAITING&#10;        at sun.misc.Unsafe.park(Native Method)&#10;        at java.util.concurrent.locks.LockSupport.parkNanos(LockSupport.java:215)&#10;        at java.util.concurrent.locks.AbstractQueuedSynchronizer$ConditionObject.awaitNanos(AbstractQueuedSynchronizer.java:2078)&#10;        at java.util.concurrent.LinkedBlockingQueue.poll(LinkedBlockingQueue.java:467)&#10;        at org.apache.hadoop.ipc.CallQueueManager.take(CallQueueManager.java:288)&#10;        at org.apache.hadoop.ipc.Server$Handler.run(Server.java:2668)&#10;&quot;org.eclipse.jetty.server.session.HashSessionManager@2fdf17dcTimer&quot; daemon prio=5 tid=1179 timed_waiting&#10;java.lang.Thread.State: TIMED_WAITING&#10;        at sun.misc.Unsafe.park(Native Method)&#10;        at java.util.concurrent.locks.LockSupport.parkNanos(LockSupport.java:215)&#10;        at java.util.concurrent.locks.AbstractQueuedSynchronizer$ConditionObject.awaitNanos(AbstractQueuedSynchronizer.java:2078)&#10;        at java.util.concurrent.ScheduledThreadPoolExecutor$DelayedWorkQueue.take(ScheduledThreadPoolExecutor.java:1093)&#10;        at java.util.concurrent.ScheduledThreadPoolExecutor$DelayedWorkQueue.take(ScheduledThreadPoolExecutor.java:809)&#10;        at java.util.concurrent.ThreadPoolExecutor.getTask(ThreadPoolExecutor.java:1074)&#10;        at java.util.concurrent.ThreadPoolExecutor.runWorker(ThreadPoolExecutor.java:1134)&#10;        at java.util.concurrent.ThreadPoolExecutor$Worker.run(ThreadPoolExecutor.java:624)&#10;        at java.lang.Thread.run(Thread.java:748)&#10;&quot;qtp1014555985-1141&quot; daemon prio=5 tid=1141 timed_waiting&#10;java.lang.Thread.State: TIMED_WAITING&#10;        at sun.misc.Unsafe.park(Native Method)&#10;        at java.util.concurrent.locks.LockSupport.parkNanos(LockSupport.java:215)&#10;        at java.util.concurrent.locks.AbstractQueuedSynchronizer$ConditionObject.awaitNanos(AbstractQueuedSynchronizer.java:2078)&#10;        at org.eclipse.jetty.util.BlockingArrayQueue.poll(BlockingArrayQueue.java:392)&#10;        at org.eclipse.jetty.util.thread.QueuedThreadPool.idleJobPoll(QueuedThreadPool.java:563)&#10;        at org.eclipse.jetty.util.thread.QueuedThreadPool.access$800(QueuedThreadPool.java:48)&#10;        at org.eclipse.jetty.util.thread.QueuedThreadPool$2.run(QueuedThreadPool.java:626)&#10;        at java.lang.Thread.run(Thread.java:748)&#10;&quot;pool-116-thread-33&quot;  prio=5 tid=1227 in Object.wait()&#10;java.lang.Thread.State: WAITING (on object monitor)&#10;        at sun.misc.Unsafe.park(Native Method)&#10;        at java.util.concurrent.locks.LockSupport.park(LockSupport.java:175)&#10;        at java.util.concurrent.locks.AbstractQueuedSynchronizer$ConditionObject.await(AbstractQueuedSynchronizer.java:2039)&#10;        at java.util.concurrent.ArrayBlockingQueue.take(ArrayBlockingQueue.java:403)&#10;        at java.util.concurrent.ThreadPoolExecutor.getTask(ThreadPoolExecutor.java:1074)&#10;        at java.util.concurrent.ThreadPoolExecutor.runWorker(ThreadPoolExecutor.java:1134)&#10;        at java.util.concurrent.ThreadPoolExecutor$Worker.run(ThreadPoolExecutor.java:624)&#10;        at java.lang.Thread.run(Thread.java:748)&#10;&quot;Datanode ReportManager Thread - 2&quot; daemon prio=5 tid=173 in Object.wait()&#10;java.lang.Thread.State: WAITING (on object monitor)&#10;        at sun.misc.Unsafe.park(Native Method)&#10;        at java.util.concurrent.locks.LockSupport.park(LockSupport.java:175)&#10;        at java.util.concurrent.locks.AbstractQueuedSynchronizer$ConditionObject.await(AbstractQueuedSynchronizer.java:2039)&#10;        at java.util.concurrent.ScheduledThreadPoolExecutor$DelayedWorkQueue.take(ScheduledThreadPoolExecutor.java:1088)&#10;        at java.util.concurrent.ScheduledThreadPoolExecutor$DelayedWorkQueue.take(ScheduledThreadPoolExecutor.java:809)&#10;        at java.util.concurrent.ThreadPoolExecutor.getTask(ThreadPoolExecutor.java:1074)&#10;        at java.util.concurrent.ThreadPoolExecutor.runWorker(ThreadPoolExecutor.java:1134)&#10;        at java.util.concurrent.ThreadPoolExecutor$Worker.run(ThreadPoolExecutor.java:624)&#10;        at java.lang.Thread.run(Thread.java:748)&#10;&quot;pool-106-thread-58&quot;  prio=5 tid=1426 in Object.wait()&#10;java.lang.Thread.State: WAITING (on object monitor)&#10;        at sun.misc.Unsafe.park(Native Method)&#10;        at java.util.concurrent.locks.LockSupport.park(LockSupport.java:175)&#10;        at java.util.concurrent.locks.AbstractQueuedSynchronizer$ConditionObject.await(AbstractQueuedSynchronizer.java:2039)&#10;        at java.util.concurrent.ArrayBlockingQueue.take(ArrayBlockingQueue.java:403)&#10;        at java.util.concurrent.ThreadPoolExecutor.getTask(ThreadPoolExecutor.java:1074)&#10;        at java.util.concurrent.ThreadPoolExecutor.runWorker(ThreadPoolExecutor.java:1134)&#10;        at java.util.concurrent.ThreadPoolExecutor$Worker.run(ThreadPoolExecutor.java:624)&#10;        at java.lang.Thread.run(Thread.java:748)&#10;&quot;refreshUsed-/workdir/hadoop-ozone/integration-test/target/test-dir/MiniOzoneClusterImpl-87e8d78b-2c25-4827-9c34-ee9c99992073/datanode-3/data/containers&quot; daemon prio=5 tid=1103 timed_waiting&#10;java.lang.Thread.State: TIMED_WAITING&#10;        at java.lang.Thread.sleep(Native Method)&#10;        at org.apache.hadoop.fs.CachingGetSpaceUsed$RefreshThread.run(CachingGetSpaceUsed.java:179)&#10;        at java.lang.Thread.run(Thread.java:748)&#10;&quot;pool-126-thread-25&quot;  prio=5 tid=1295 in Object.wait()&#10;java.lang.Thread.State: WAITING (on object monitor)&#10;        at sun.misc.Unsafe.park(Native Method)&#10;        at java.util.concurrent.locks.LockSupport.park(LockSupport.java:175)&#10;        at java.util.concurrent.locks.AbstractQueuedSynchronizer$ConditionObject.await(AbstractQueuedSynchronizer.java:2039)&#10;        at java.util.concurrent.ArrayBlockingQueue.take(ArrayBlockingQueue.java:403)&#10;        at java.util.concurrent.ThreadPoolExecutor.getTask(ThreadPoolExecutor.java:1074)&#10;        at java.util.concurrent.ThreadPoolExecutor.runWorker(ThreadPoolExecutor.java:1134)&#10;        at java.util.concurrent.ThreadPoolExecutor$Worker.run(ThreadPoolExecutor.java:624)&#10;        at java.lang.Thread.run(Thread.java:748)&#10;&quot;SCM Heartbeat Processing Thread - 0&quot; daemon prio=5 tid=1010 timed_waiting&#10;java.lang.Thread.State: TIMED_WAITING&#10;        at sun.misc.Unsafe.park(Native Method)&#10;        at java.util.concurrent.locks.LockSupport.parkNanos(LockSupport.java:215)&#10;        at java.util.concurrent.locks.AbstractQueuedSynchronizer$ConditionObject.awaitNanos(AbstractQueuedSynchronizer.java:2078)&#10;        at java.util.concurrent.ScheduledThreadPoolExecutor$DelayedWorkQueue.take(ScheduledThreadPoolExecutor.java:1093)&#10;        at java.util.concurrent.ScheduledThreadPoolExecutor$DelayedWorkQueue.take(ScheduledThreadPoolExecutor.java:809)&#10;        at java.util.concurrent.ThreadPoolExecutor.getTask(ThreadPoolExecutor.java:1074)&#10;        at java.util.concurrent.ThreadPoolExecutor.runWorker(ThreadPoolExecutor.java:1134)&#10;        at java.util.concurrent.ThreadPoolExecutor$Worker.run(ThreadPoolExecutor.java:624)&#10;        at java.lang.Thread.run(Thread.java:748)&#10;&quot;pool-116-thread-13&quot;  prio=5 tid=1207 in Object.wait()&#10;java.lang.Thread.State: WAITING (on object monitor)&#10;        at sun.misc.Unsafe.park(Native Method)&#10;        at java.util.concurrent.locks.LockSupport.park(LockSupport.java:175)&#10;        at java.util.concurrent.locks.AbstractQueuedSynchronizer$ConditionObject.await(AbstractQueuedSynchronizer.java:2039)&#10;        at java.util.concurrent.ArrayBlockingQueue.take(ArrayBlockingQueue.java:403)&#10;        at java.util.concurrent.ThreadPoolExecutor.getTask(ThreadPoolExecutor.java:1074)&#10;        at java.util.concurrent.ThreadPoolExecutor.runWorker(ThreadPoolExecutor.java:1134)&#10;        at java.util.concurrent.ThreadPoolExecutor$Worker.run(ThreadPoolExecutor.java:624)&#10;        at java.lang.Thread.run(Thread.java:748)&#10;&quot;CommandWatcher-LeaseManager#LeaseMonitor&quot; daemon prio=5 tid=1025 timed_waiting&#10;java.lang.Thread.State: TIMED_WAITING&#10;        at java.lang.Thread.sleep(Native Method)&#10;        at org.apache.hadoop.ozone.lease.LeaseManager$LeaseMonitor.run(LeaseManager.java:234)&#10;        at java.lang.Thread.run(Thread.java:748)&#10;&quot;pool-126-thread-7&quot;  prio=5 tid=1277 in Object.wait()&#10;java.lang.Thread.State: WAITING (on object monitor)&#10;        at sun.misc.Unsafe.park(Native Method)&#10;        at java.util.concurrent.locks.LockSupport.park(LockSupport.java:175)&#10;        at java.util.concurrent.locks.AbstractQueuedSynchronizer$ConditionObject.await(AbstractQueuedSynchronizer.java:2039)&#10;        at java.util.concurrent.ArrayBlockingQueue.take(ArrayBlockingQueue.java:403)&#10;        at java.util.concurrent.ThreadPoolExecutor.getTask(ThreadPoolExecutor.java:1074)&#10;        at java.util.concurrent.ThreadPoolExecutor.runWorker(ThreadPoolExecutor.java:1134)&#10;        at java.util.concurrent.ThreadPoolExecutor$Worker.run(ThreadPoolExecutor.java:624)&#10;        at java.lang.Thread.run(Thread.java:748)&#10;&quot;IPC Server handler 5 on 34783&quot; daemon prio=5 tid=982 timed_waiting&#10;java.lang.Thread.State: TIMED_WAITING&#10;        at sun.misc.Unsafe.park(Native Method)&#10;        at java.util.concurrent.locks.LockSupport.parkNanos(LockSupport.java:215)&#10;        at java.util.concurrent.locks.AbstractQueuedSynchronizer$ConditionObject.awaitNanos(AbstractQueuedSynchronizer.java:2078)&#10;        at java.util.concurrent.LinkedBlockingQueue.poll(LinkedBlockingQueue.java:467)&#10;        at org.apache.hadoop.ipc.CallQueueManager.take(CallQueueManager.java:288)&#10;        at org.apache.hadoop.ipc.Server$Handler.run(Server.java:2668)&#10;&quot;pool-106-thread-32&quot;  prio=5 tid=1400 in Object.wait()&#10;java.lang.Thread.State: WAITING (on object monitor)&#10;        at sun.misc.Unsafe.park(Native Method)&#10;        at java.util.concurrent.locks.LockSupport.park(LockSupport.java:175)&#10;        at java.util.concurrent.locks.AbstractQueuedSynchronizer$ConditionObject.await(AbstractQueuedSynchronizer.java:2039)&#10;        at java.util.concurrent.ArrayBlockingQueue.take(ArrayBlockingQueue.java:403)&#10;        at java.util.concurrent.ThreadPoolExecutor.getTask(ThreadPoolExecutor.java:1074)&#10;        at java.util.concurrent.ThreadPoolExecutor.runWorker(ThreadPoolExecutor.java:1134)&#10;        at java.util.concurrent.ThreadPoolExecutor$Worker.run(ThreadPoolExecutor.java:624)&#10;        at java.lang.Thread.run(Thread.java:748)&#10;&quot;IPC Server handler 10 on 41574&quot; daemon prio=5 tid=1056 timed_waiting&#10;java.lang.Thread.State: TIMED_WAITING&#10;        at sun.misc.Unsafe.park(Native Method)&#10;        at java.util.concurrent.locks.LockSupport.parkNanos(LockSupport.java:215)&#10;        at java.util.concurrent.locks.AbstractQueuedSynchronizer$ConditionObject.awaitNanos(AbstractQueuedSynchronizer.java:2078)&#10;        at java.util.concurrent.LinkedBlockingQueue.poll(LinkedBlockingQueue.java:467)&#10;        at org.apache.hadoop.ipc.CallQueueManager.take(CallQueueManager.java:288)&#10;        at org.apache.hadoop.ipc.Server$Handler.run(Server.java:2668)&#10;&quot;Thread-2998&quot; daemon prio=5 tid=3813 timed_waiting&#10;java.lang.Thread.State: TIMED_WAITING&#10;        at java.lang.Thread.sleep(Native Method)&#10;        at org.apache.ratis.util.JavaUtils.sleep(JavaUtils.java:247)&#10;        at org.apache.ratis.server.impl.FollowerState.run(FollowerState.java:97)&#10;&quot;pool-106-thread-50&quot;  prio=5 tid=1418 in Object.wait()&#10;java.lang.Thread.State: WAITING (on object monitor)&#10;        at sun.misc.Unsafe.park(Native Method)&#10;        at java.util.concurrent.locks.LockSupport.park(LockSupport.java:175)&#10;        at java.util.concurrent.locks.AbstractQueuedSynchronizer$ConditionObject.await(AbstractQueuedSynchronizer.java:2039)&#10;        at java.util.concurrent.ArrayBlockingQueue.take(ArrayBlockingQueue.java:403)&#10;        at java.util.concurrent.ThreadPoolExecutor.getTask(ThreadPoolExecutor.java:1074)&#10;        at java.util.concurrent.ThreadPoolExecutor.runWorker(ThreadPoolExecutor.java:1134)&#10;        at java.util.concurrent.ThreadPoolExecutor$Worker.run(ThreadPoolExecutor.java:624)&#10;        at java.lang.Thread.run(Thread.java:748)&#10;&quot;org.eclipse.jetty.server.session.HashSessionManager@58f437b0Timer&quot; daemon prio=5 tid=1148 timed_waiting&#10;java.lang.Thread.State: TIMED_WAITING&#10;        at sun.misc.Unsafe.park(Native Method)&#10;        at java.util.concurrent.locks.LockSupport.parkNanos(LockSupport.java:215)&#10;        at java.util.concurrent.locks.AbstractQueuedSynchronizer$ConditionObject.awaitNanos(AbstractQueuedSynchronizer.java:2078)&#10;        at java.util.concurrent.ScheduledThreadPoolExecutor$DelayedWorkQueue.take(ScheduledThreadPoolExecutor.java:1093)&#10;        at java.util.concurrent.ScheduledThreadPoolExecutor$DelayedWorkQueue.take(ScheduledThreadPoolExecutor.java:809)&#10;        at java.util.concurrent.ThreadPoolExecutor.getTask(ThreadPoolExecutor.java:1074)&#10;        at java.util.concurrent.ThreadPoolExecutor.runWorker(ThreadPoolExecutor.java:1134)&#10;        at java.util.concurrent.ThreadPoolExecutor$Worker.run(ThreadPoolExecutor.java:624)&#10;        at java.lang.Thread.run(Thread.java:748)&#10;&quot;2a93f7e5-ecb9-41da-9c47-70e13ba76d7d@group-A9EE991D717F-SegmentedRaftLogWorker&quot;  prio=5 tid=1119 timed_waiting&#10;java.lang.Thread.State: TIMED_WAITING&#10;        at sun.misc.Unsafe.park(Native Method)&#10;        at java.util.concurrent.locks.LockSupport.parkNanos(LockSupport.java:215)&#10;        at java.util.concurrent.locks.AbstractQueuedSynchronizer$ConditionObject.awaitNanos(AbstractQueuedSynchronizer.java:2078)&#10;        at org.apache.ratis.util.DataBlockingQueue.poll(DataBlockingQueue.java:137)&#10;        at org.apache.ratis.server.raftlog.segmented.SegmentedRaftLogWorker.run(SegmentedRaftLogWorker.java:282)&#10;        at java.lang.Thread.run(Thread.java:748)&#10;&quot;Datanode ReportManager Thread - 1&quot; daemon prio=5 tid=280 in Object.wait()&#10;java.lang.Thread.State: WAITING (on object monitor)&#10;        at sun.misc.Unsafe.park(Native Method)&#10;        at java.util.concurrent.locks.LockSupport.park(LockSupport.java:175)&#10;        at java.util.concurrent.locks.AbstractQueuedSynchronizer$ConditionObject.await(AbstractQueuedSynchronizer.java:2039)&#10;        at java.util.concurrent.ScheduledThreadPoolExecutor$DelayedWorkQueue.take(ScheduledThreadPoolExecutor.java:1088)&#10;        at java.util.concurrent.ScheduledThreadPoolExecutor$DelayedWorkQueue.take(ScheduledThreadPoolExecutor.java:809)&#10;        at java.util.concurrent.ThreadPoolExecutor.getTask(ThreadPoolExecutor.java:1074)&#10;        at java.util.concurrent.ThreadPoolExecutor.runWorker(ThreadPoolExecutor.java:1134)&#10;        at java.util.concurrent.ThreadPoolExecutor$Worker.run(ThreadPoolExecutor.java:624)&#10;        at java.lang.Thread.run(Thread.java:748)&#10;&quot;IPC Server handler 11 on 41574&quot; daemon prio=5 tid=1057 timed_waiting&#10;java.lang.Thread.State: TIMED_WAITING&#10;        at sun.misc.Unsafe.park(Native Method)&#10;        at java.util.concurrent.locks.LockSupport.parkNanos(LockSupport.java:215)&#10;        at java.util.concurrent.locks.AbstractQueuedSynchronizer$ConditionObject.awaitNanos(AbstractQueuedSynchronizer.java:2078)&#10;        at java.util.concurrent.LinkedBlockingQueue.poll(LinkedBlockingQueue.java:467)&#10;        at org.apache.hadoop.ipc.CallQueueManager.take(CallQueueManager.java:288)&#10;        at org.apache.hadoop.ipc.Server$Handler.run(Server.java:2668)&#10;&quot;pool-116-thread-12&quot;  prio=5 tid=1206 in Object.wait()&#10;java.lang.Thread.State: WAITING (on object monitor)&#10;        at sun.misc.Unsafe.park(Native Method)&#10;        at java.util.concurrent.locks.LockSupport.park(LockSupport.java:175)&#10;        at java.util.concurrent.locks.AbstractQueuedSynchronizer$ConditionObject.await(AbstractQueuedSynchronizer.java:2039)&#10;        at java.util.concurrent.ArrayBlockingQueue.take(ArrayBlockingQueue.java:403)&#10;        at java.util.concurrent.ThreadPoolExecutor.getTask(ThreadPoolExecutor.java:1074)&#10;        at java.util.concurrent.ThreadPoolExecutor.runWorker(ThreadPoolExecutor.java:1134)&#10;        at java.util.concurrent.ThreadPoolExecutor$Worker.run(ThreadPoolExecutor.java:624)&#10;        at java.lang.Thread.run(Thread.java:748)&#10;&quot;metrics-hadoop-metrics2-reporter-42-thread-1&quot; daemon prio=5 tid=822 timed_waiting&#10;java.lang.Thread.State: TIMED_WAITING&#10;        at sun.misc.Unsafe.park(Native Method)&#10;        at java.util.concurrent.locks.LockSupport.parkNanos(LockSupport.java:215)&#10;        at java.util.concurrent.locks.AbstractQueuedSynchronizer$ConditionObject.awaitNanos(AbstractQueuedSynchronizer.java:2078)&#10;        at java.util.concurrent.ScheduledThreadPoolExecutor$DelayedWorkQueue.take(ScheduledThreadPoolExecutor.java:1093)&#10;        at java.util.concurrent.ScheduledThreadPoolExecutor$DelayedWorkQueue.take(ScheduledThreadPoolExecutor.java:809)&#10;        at java.util.concurrent.ThreadPoolExecutor.getTask(ThreadPoolExecutor.java:1074)&#10;        at java.util.concurrent.ThreadPoolExecutor.runWorker(ThreadPoolExecutor.java:1134)&#10;        at java.util.concurrent.ThreadPoolExecutor$Worker.run(ThreadPoolExecutor.java:624)&#10;        at java.lang.Thread.run(Thread.java:748)&#10;&quot;metrics-hadoop-metrics2-reporter-22-thread-1&quot; daemon prio=5 tid=755 timed_waiting&#10;java.lang.Thread.State: TIMED_WAITING&#10;        at sun.misc.Unsafe.park(Native Method)&#10;        at java.util.concurrent.locks.LockSupport.parkNanos(LockSupport.java:215)&#10;        at java.util.concurrent.locks.AbstractQueuedSynchronizer$ConditionObject.awaitNanos(AbstractQueuedSynchronizer.java:2078)&#10;        at java.util.concurrent.ScheduledThreadPoolExecutor$DelayedWorkQueue.take(ScheduledThreadPoolExecutor.java:1093)&#10;        at java.util.concurrent.ScheduledThreadPoolExecutor$DelayedWorkQueue.take(ScheduledThreadPoolExecutor.java:809)&#10;        at java.util.concurrent.ThreadPoolExecutor.getTask(ThreadPoolExecutor.java:1074)&#10;        at java.util.concurrent.ThreadPoolExecutor.runWorker(ThreadPoolExecutor.java:1134)&#10;        at java.util.concurrent.ThreadPoolExecutor$Worker.run(ThreadPoolExecutor.java:624)&#10;        at java.lang.Thread.run(Thread.java:748)&#10;&quot;Datanode ReportManager Thread - 1&quot; daemon prio=5 tid=199 in Object.wait()&#10;java.lang.Thread.State: WAITING (on object monitor)&#10;        at sun.misc.Unsafe.park(Native Method)&#10;        at java.util.concurrent.locks.LockSupport.park(LockSupport.java:175)&#10;        at java.util.concurrent.locks.AbstractQueuedSynchronizer$ConditionObject.await(AbstractQueuedSynchronizer.java:2039)&#10;        at java.util.concurrent.ScheduledThreadPoolExecutor$DelayedWorkQueue.take(ScheduledThreadPoolExecutor.java:1088)&#10;        at java.util.concurrent.ScheduledThreadPoolExecutor$DelayedWorkQueue.take(ScheduledThreadPoolExecutor.java:809)&#10;        at java.util.concurrent.ThreadPoolExecutor.getTask(ThreadPoolExecutor.java:1074)&#10;        at java.util.concurrent.ThreadPoolExecutor.runWorker(ThreadPoolExecutor.java:1134)&#10;        at java.util.concurrent.ThreadPoolExecutor$Worker.run(ThreadPoolExecutor.java:624)&#10;        at java.lang.Thread.run(Thread.java:748)&#10;&quot;pool-107-thread-1&quot;  prio=5 tid=1107 in Object.wait()&#10;java.lang.Thread.State: WAITING (on object monitor)&#10;        at sun.misc.Unsafe.park(Native Method)&#10;        at java.util.concurrent.locks.LockSupport.park(LockSupport.java:175)&#10;        at java.util.concurrent.locks.AbstractQueuedSynchronizer$ConditionObject.await(AbstractQueuedSynchronizer.java:2039)&#10;        at java.util.concurrent.LinkedBlockingQueue.take(LinkedBlockingQueue.java:442)&#10;        at java.util.concurrent.ThreadPoolExecutor.getTask(ThreadPoolExecutor.java:1074)&#10;        at java.util.concurrent.ThreadPoolExecutor.runWorker(ThreadPoolExecutor.java:1134)&#10;        at java.util.concurrent.ThreadPoolExecutor$Worker.run(ThreadPoolExecutor.java:624)&#10;        at java.lang.Thread.run(Thread.java:748)&#10;&quot;37bd8e8c-ea68-4b1c-8659-8d001c4f3b5c@group-A9EE991D717F-StateMachineUpdater&quot; daemon prio=5 tid=1183 in Object.wait()&#10;java.lang.Thread.State: WAITING (on object monitor)&#10;        at java.lang.Object.wait(Native Method)&#10;        at java.lang.Object.wait(Object.java:502)&#10;        at org.apache.ratis.server.impl.StateMachineUpdater.waitForCommit(StateMachineUpdater.java:194)&#10;        at org.apache.ratis.server.impl.StateMachineUpdater.run(StateMachineUpdater.java:159)&#10;        at java.lang.Thread.run(Thread.java:748)&#10;&quot;IPC Server handler 4 on 34783&quot; daemon prio=5 tid=981 timed_waiting&#10;java.lang.Thread.State: TIMED_WAITING&#10;        at sun.misc.Unsafe.park(Native Method)&#10;        at java.util.concurrent.locks.LockSupport.parkNanos(LockSupport.java:215)&#10;        at java.util.concurrent.locks.AbstractQueuedSynchronizer$ConditionObject.awaitNanos(AbstractQueuedSynchronizer.java:2078)&#10;        at java.util.concurrent.LinkedBlockingQueue.poll(LinkedBlockingQueue.java:467)&#10;        at org.apache.hadoop.ipc.CallQueueManager.take(CallQueueManager.java:288)&#10;        at org.apache.hadoop.ipc.Server$Handler.run(Server.java:2668)&#10;&quot;BlockDeletingService#1&quot; daemon prio=5 tid=1432 in Object.wait()&#10;java.lang.Thread.State: WAITING (on object monitor)&#10;        at sun.misc.Unsafe.park(Native Method)&#10;        at java.util.concurrent.locks.LockSupport.park(LockSupport.java:175)&#10;        at java.util.concurrent.locks.AbstractQueuedSynchronizer$ConditionObject.await(AbstractQueuedSynchronizer.java:2039)&#10;        at java.util.concurrent.ScheduledThreadPoolExecutor$DelayedWorkQueue.take(ScheduledThreadPoolExecutor.java:1088)&#10;        at java.util.concurrent.ScheduledThreadPoolExecutor$DelayedWorkQueue.take(ScheduledThreadPoolExecutor.java:809)&#10;        at java.util.concurrent.ThreadPoolExecutor.getTask(ThreadPoolExecutor.java:1074)&#10;        at java.util.concurrent.ThreadPoolExecutor.runWorker(ThreadPoolExecutor.java:1134)&#10;        at java.util.concurrent.ThreadPoolExecutor$Worker.run(ThreadPoolExecutor.java:624)&#10;        at java.lang.Thread.run(Thread.java:748)&#10;&quot;pool-116-thread-52&quot;  prio=5 tid=1246 in Object.wait()&#10;java.lang.Thread.State: WAITING (on object monitor)&#10;        at sun.misc.Unsafe.park(Native Method)&#10;        at java.util.concurrent.locks.LockSupport.park(LockSupport.java:175)&#10;        at java.util.concurrent.locks.AbstractQueuedSynchronizer$ConditionObject.await(AbstractQueuedSynchronizer.java:2039)&#10;        at java.util.concurrent.ArrayBlockingQueue.take(ArrayBlockingQueue.java:403)&#10;        at java.util.concurrent.ThreadPoolExecutor.getTask(ThreadPoolExecutor.java:1074)&#10;        at java.util.concurrent.ThreadPoolExecutor.runWorker(ThreadPoolExecutor.java:1134)&#10;        at java.util.concurrent.ThreadPoolExecutor$Worker.run(ThreadPoolExecutor.java:624)&#10;        at java.lang.Thread.run(Thread.java:748)&#10;&quot;pool-116-thread-36&quot;  prio=5 tid=1230 in Object.wait()&#10;java.lang.Thread.State: WAITING (on object monitor)&#10;        at sun.misc.Unsafe.park(Native Method)&#10;        at java.util.concurrent.locks.LockSupport.park(LockSupport.java:175)&#10;        at java.util.concurrent.locks.AbstractQueuedSynchronizer$ConditionObject.await(AbstractQueuedSynchronizer.java:2039)&#10;        at java.util.concurrent.ArrayBlockingQueue.take(ArrayBlockingQueue.java:403)&#10;        at java.util.concurrent.ThreadPoolExecutor.getTask(ThreadPoolExecutor.java:1074)&#10;        at java.util.concurrent.ThreadPoolExecutor.runWorker(ThreadPoolExecutor.java:1134)&#10;        at java.util.concurrent.ThreadPoolExecutor$Worker.run(ThreadPoolExecutor.java:624)&#10;        at java.lang.Thread.run(Thread.java:748)&#10;&quot;pool-126-thread-6&quot;  prio=5 tid=1276 in Object.wait()&#10;java.lang.Thread.State: WAITING (on object monitor)&#10;        at sun.misc.Unsafe.park(Native Method)&#10;        at java.util.concurrent.locks.LockSupport.park(LockSupport.java:175)&#10;        at java.util.concurrent.locks.AbstractQueuedSynchronizer$ConditionObject.await(AbstractQueuedSynchronizer.java:2039)&#10;        at java.util.concurrent.ArrayBlockingQueue.take(ArrayBlockingQueue.java:403)&#10;        at java.util.concurrent.ThreadPoolExecutor.getTask(ThreadPoolExecutor.java:1074)&#10;        at java.util.concurrent.ThreadPoolExecutor.runWorker(ThreadPoolExecutor.java:1134)&#10;        at java.util.concurrent.ThreadPoolExecutor$Worker.run(ThreadPoolExecutor.java:624)&#10;        at java.lang.Thread.run(Thread.java:748)&#10;&quot;pool-116-thread-29&quot;  prio=5 tid=1223 in Object.wait()&#10;java.lang.Thread.State: WAITING (on object monitor)&#10;        at sun.misc.Unsafe.park(Native Method)&#10;        at java.util.concurrent.locks.LockSupport.park(LockSupport.java:175)&#10;        at java.util.concurrent.locks.AbstractQueuedSynchronizer$ConditionObject.await(AbstractQueuedSynchronizer.java:2039)&#10;        at java.util.concurrent.ArrayBlockingQueue.take(ArrayBlockingQueue.java:403)&#10;        at java.util.concurrent.ThreadPoolExecutor.getTask(ThreadPoolExecutor.java:1074)&#10;        at java.util.concurrent.ThreadPoolExecutor.runWorker(ThreadPoolExecutor.java:1134)&#10;        at java.util.concurrent.ThreadPoolExecutor$Worker.run(ThreadPoolExecutor.java:624)&#10;        at java.lang.Thread.run(Thread.java:748)&#10;&quot;Datanode ReportManager Thread - 0&quot; daemon prio=5 tid=306 in Object.wait()&#10;java.lang.Thread.State: WAITING (on object monitor)&#10;        at sun.misc.Unsafe.park(Native Method)&#10;        at java.util.concurrent.locks.LockSupport.park(LockSupport.java:175)&#10;        at java.util.concurrent.locks.AbstractQueuedSynchronizer$ConditionObject.await(AbstractQueuedSynchronizer.java:2039)&#10;        at java.util.concurrent.ScheduledThreadPoolExecutor$DelayedWorkQueue.take(ScheduledThreadPoolExecutor.java:1088)&#10;        at java.util.concurrent.ScheduledThreadPoolExecutor$DelayedWorkQueue.take(ScheduledThreadPoolExecutor.java:809)&#10;        at java.util.concurrent.ThreadPoolExecutor.getTask(ThreadPoolExecutor.java:1074)&#10;        at java.util.concurrent.ThreadPoolExecutor.runWorker(ThreadPoolExecutor.java:1134)&#10;        at java.util.concurrent.ThreadPoolExecutor$Worker.run(ThreadPoolExecutor.java:624)&#10;        at java.lang.Thread.run(Thread.java:748)&#10;&quot;Datanode ReportManager Thread - 2&quot; daemon prio=5 tid=281 in Object.wait()&#10;java.lang.Thread.State: WAITING (on object monitor)&#10;        at sun.misc.Unsafe.park(Native Method)&#10;        at java.util.concurrent.locks.LockSupport.park(LockSupport.java:175)&#10;        at java.util.concurrent.locks.AbstractQueuedSynchronizer$ConditionObject.await(AbstractQueuedSynchronizer.java:2039)&#10;        at java.util.concurrent.ScheduledThreadPoolExecutor$DelayedWorkQueue.take(ScheduledThreadPoolExecutor.java:1088)&#10;        at java.util.concurrent.ScheduledThreadPoolExecutor$DelayedWorkQueue.take(ScheduledThreadPoolExecutor.java:809)&#10;        at java.util.concurrent.ThreadPoolExecutor.getTask(ThreadPoolExecutor.java:1074)&#10;        at java.util.concurrent.ThreadPoolExecutor.runWorker(ThreadPoolExecutor.java:1134)&#10;        at java.util.concurrent.ThreadPoolExecutor$Worker.run(ThreadPoolExecutor.java:624)&#10;        at java.lang.Thread.run(Thread.java:748)&#10;&quot;pool-117-thread-1&quot;  prio=5 tid=1136 in Object.wait()&#10;java.lang.Thread.State: WAITING (on object monitor)&#10;        at sun.misc.Unsafe.park(Native Method)&#10;        at java.util.concurrent.locks.LockSupport.park(LockSupport.java:175)&#10;        at java.util.concurrent.locks.AbstractQueuedSynchronizer$ConditionObject.await(AbstractQueuedSynchronizer.java:2039)&#10;        at java.util.concurrent.LinkedBlockingQueue.take(LinkedBlockingQueue.java:442)&#10;        at java.util.concurrent.ThreadPoolExecutor.getTask(ThreadPoolExecutor.java:1074)&#10;        at java.util.concurrent.ThreadPoolExecutor.runWorker(ThreadPoolExecutor.java:1134)&#10;        at java.util.concurrent.ThreadPoolExecutor$Worker.run(ThreadPoolExecutor.java:624)&#10;        at java.lang.Thread.run(Thread.java:748)&#10;&quot;EventQueue-NodeRegistrationContainerReportForContainerSafeModeRule&quot; daemon prio=5 tid=1267 in Object.wait()&#10;java.lang.Thread.State: WAITING (on object monitor)&#10;        at sun.misc.Unsafe.park(Native Method)&#10;        at java.util.concurrent.locks.LockSupport.park(LockSupport.java:175)&#10;        at java.util.concurrent.locks.AbstractQueuedSynchronizer$ConditionObject.await(AbstractQueuedSynchronizer.java:2039)&#10;        at java.util.concurrent.LinkedBlockingQueue.take(LinkedBlockingQueue.java:442)&#10;        at java.util.concurrent.ThreadPoolExecutor.getTask(ThreadPoolExecutor.java:1074)&#10;        at java.util.concurrent.ThreadPoolExecutor.runWorker(ThreadPoolExecutor.java:1134)&#10;        at java.util.concurrent.ThreadPoolExecutor$Worker.run(ThreadPoolExecutor.java:624)&#10;        at java.lang.Thread.run(Thread.java:748)&#10;&quot;pool-116-thread-22&quot;  prio=5 tid=1216 in Object.wait()&#10;java.lang.Thread.State: WAITING (on object monitor)&#10;        at sun.misc.Unsafe.park(Native Method)&#10;        at java.util.concurrent.locks.LockSupport.park(LockSupport.java:175)&#10;        at java.util.concurrent.locks.AbstractQueuedSynchronizer$ConditionObject.await(AbstractQueuedSynchronizer.java:2039)&#10;        at java.util.concurrent.ArrayBlockingQueue.take(ArrayBlockingQueue.java:403)&#10;        at java.util.concurrent.ThreadPoolExecutor.getTask(ThreadPoolExecutor.java:1074)&#10;        at java.util.concurrent.ThreadPoolExecutor.runWorker(ThreadPoolExecutor.java:1134)&#10;        at java.util.concurrent.ThreadPoolExecutor$Worker.run(ThreadPoolExecutor.java:624)&#10;        at java.lang.Thread.run(Thread.java:748)&#10;&quot;metrics-hadoop-metrics2-reporter-55-thread-1&quot; daemon prio=5 tid=1361 timed_waiting&#10;java.lang.Thread.State: TIMED_WAITING&#10;        at sun.misc.Unsafe.park(Native Method)&#10;        at java.util.concurrent.locks.LockSupport.parkNanos(LockSupport.java:215)&#10;        at java.util.concurrent.locks.AbstractQueuedSynchronizer$ConditionObject.awaitNanos(AbstractQueuedSynchronizer.java:2078)&#10;        at java.util.concurrent.ScheduledThreadPoolExecutor$DelayedWorkQueue.take(ScheduledThreadPoolExecutor.java:1093)&#10;        at java.util.concurrent.ScheduledThreadPoolExecutor$DelayedWorkQueue.take(ScheduledThreadPoolExecutor.java:809)&#10;        at java.util.concurrent.ThreadPoolExecutor.getTask(ThreadPoolExecutor.java:1074)&#10;        at java.util.concurrent.ThreadPoolExecutor.runWorker(ThreadPoolExecutor.java:1134)&#10;        at java.util.concurrent.ThreadPoolExecutor$Worker.run(ThreadPoolExecutor.java:624)&#10;        at java.lang.Thread.run(Thread.java:748)&#10;&quot;IPC Server handler 10 on 44367&quot; daemon prio=5 tid=1076 timed_waiting&#10;java.lang.Thread.State: TIMED_WAITING&#10;        at sun.misc.Unsafe.park(Native Method)&#10;        at java.util.concurrent.locks.LockSupport.parkNanos(LockSupport.java:215)&#10;        at java.util.concurrent.locks.AbstractQueuedSynchronizer$ConditionObject.awaitNanos(AbstractQueuedSynchronizer.java:2078)&#10;        at java.util.concurrent.LinkedBlockingQueue.poll(LinkedBlockingQueue.java:467)&#10;        at org.apache.hadoop.ipc.CallQueueManager.take(CallQueueManager.java:288)&#10;        at org.apache.hadoop.ipc.Server$Handler.run(Server.java:2668)&#10;&quot;pool-106-thread-4&quot;  prio=5 tid=1372 in Object.wait()&#10;java.lang.Thread.State: WAITING (on object monitor)&#10;        at sun.misc.Unsafe.park(Native Method)&#10;        at java.util.concurrent.locks.LockSupport.park(LockSupport.java:175)&#10;        at java.util.concurrent.locks.AbstractQueuedSynchronizer$ConditionObject.await(AbstractQueuedSynchronizer.java:2039)&#10;        at java.util.concurrent.ArrayBlockingQueue.take(ArrayBlockingQueue.java:403)&#10;        at java.util.concurrent.ThreadPoolExecutor.getTask(ThreadPoolExecutor.java:1074)&#10;        at java.util.concurrent.ThreadPoolExecutor.runWorker(ThreadPoolExecutor.java:1134)&#10;        at java.util.concurrent.ThreadPoolExecutor$Worker.run(ThreadPoolExecutor.java:624)&#10;        at java.lang.Thread.run(Thread.java:748)&#10;&quot;qtp995381766-1001&quot; daemon prio=5 tid=1001 timed_waiting&#10;java.lang.Thread.State: TIMED_WAITING&#10;        at sun.misc.Unsafe.park(Native Method)&#10;        at java.util.concurrent.locks.LockSupport.parkNanos(LockSupport.java:215)&#10;        at java.util.concurrent.locks.AbstractQueuedSynchronizer$ConditionObject.awaitNanos(AbstractQueuedSynchronizer.java:2078)&#10;        at org.eclipse.jetty.util.BlockingArrayQueue.poll(BlockingArrayQueue.java:392)&#10;        at org.eclipse.jetty.util.thread.QueuedThreadPool.idleJobPoll(QueuedThreadPool.java:563)&#10;        at org.eclipse.jetty.util.thread.QueuedThreadPool.access$800(QueuedThreadPool.java:48)&#10;        at org.eclipse.jetty.util.thread.QueuedThreadPool$2.run(QueuedThreadPool.java:626)&#10;        at java.lang.Thread.run(Thread.java:748)&#10;&quot;pool-126-thread-32&quot;  prio=5 tid=1302 in Object.wait()&#10;java.lang.Thread.State: WAITING (on object monitor)&#10;        at sun.misc.Unsafe.park(Native Method)&#10;        at java.util.concurrent.locks.LockSupport.park(LockSupport.java:175)&#10;        at java.util.concurrent.locks.AbstractQueuedSynchronizer$ConditionObject.await(AbstractQueuedSynchronizer.java:2039)&#10;        at java.util.concurrent.ArrayBlockingQueue.take(ArrayBlockingQueue.java:403)&#10;        at java.util.concurrent.ThreadPoolExecutor.getTask(ThreadPoolExecutor.java:1074)&#10;        at java.util.concurrent.ThreadPoolExecutor.runWorker(ThreadPoolExecutor.java:1134)&#10;        at java.util.concurrent.ThreadPoolExecutor$Worker.run(ThreadPoolExecutor.java:624)&#10;        at java.lang.Thread.run(Thread.java:748)&#10;&quot;BlockDeletingService#1&quot; daemon prio=5 tid=1334 in Object.wait()&#10;java.lang.Thread.State: WAITING (on object monitor)&#10;        at sun.misc.Unsafe.park(Native Method)&#10;        at java.util.concurrent.locks.LockSupport.park(LockSupport.java:175)&#10;        at java.util.concurrent.locks.AbstractQueuedSynchronizer$ConditionObject.await(AbstractQueuedSynchronizer.java:2039)&#10;        at java.util.concurrent.ScheduledThreadPoolExecutor$DelayedWorkQueue.take(ScheduledThreadPoolExecutor.java:1088)&#10;        at java.util.concurrent.ScheduledThreadPoolExecutor$DelayedWorkQueue.take(ScheduledThreadPoolExecutor.java:809)&#10;        at java.util.concurrent.ThreadPoolExecutor.getTask(ThreadPoolExecutor.java:1074)&#10;        at java.util.concurrent.ThreadPoolExecutor.runWorker(ThreadPoolExecutor.java:1134)&#10;        at java.util.concurrent.ThreadPoolExecutor$Worker.run(ThreadPoolExecutor.java:624)&#10;        at java.lang.Thread.run(Thread.java:748)&#10;&quot;pool-106-thread-46&quot;  prio=5 tid=1414 in Object.wait()&#10;java.lang.Thread.State: WAITING (on object monitor)&#10;        at sun.misc.Unsafe.park(Native Method)&#10;        at java.util.concurrent.locks.LockSupport.park(LockSupport.java:175)&#10;        at java.util.concurrent.locks.AbstractQueuedSynchronizer$ConditionObject.await(AbstractQueuedSynchronizer.java:2039)&#10;        at java.util.concurrent.ArrayBlockingQueue.take(ArrayBlockingQueue.java:403)&#10;        at java.util.concurrent.ThreadPoolExecutor.getTask(ThreadPoolExecutor.java:1074)&#10;        at java.util.concurrent.ThreadPoolExecutor.runWorker(ThreadPoolExecutor.java:1134)&#10;        at java.util.concurrent.ThreadPoolExecutor$Worker.run(ThreadPoolExecutor.java:624)&#10;        at java.lang.Thread.run(Thread.java:748)&#10;&quot;metrics-hadoop-metrics2-reporter-24-thread-1&quot; daemon prio=5 tid=760 timed_waiting&#10;java.lang.Thread.State: TIMED_WAITING&#10;        at sun.misc.Unsafe.park(Native Method)&#10;        at java.util.concurrent.locks.LockSupport.parkNanos(LockSupport.java:215)&#10;        at java.util.concurrent.locks.AbstractQueuedSynchronizer$ConditionObject.awaitNanos(AbstractQueuedSynchronizer.java:2078)&#10;        at java.util.concurrent.ScheduledThreadPoolExecutor$DelayedWorkQueue.take(ScheduledThreadPoolExecutor.java:1093)&#10;        at java.util.concurrent.ScheduledThreadPoolExecutor$DelayedWorkQueue.take(ScheduledThreadPoolExecutor.java:809)&#10;        at java.util.concurrent.ThreadPoolExecutor.getTask(ThreadPoolExecutor.java:1074)&#10;        at java.util.concurrent.ThreadPoolExecutor.runWorker(ThreadPoolExecutor.java:1134)&#10;        at java.util.concurrent.ThreadPoolExecutor$Worker.run(ThreadPoolExecutor.java:624)&#10;        at java.lang.Thread.run(Thread.java:748)&#10;&quot;24020d0b-ce61-4f5a-b0b0-c561541e8cd4@group-FEB16DB33BA8-StateMachineUpdater&quot; daemon prio=5 tid=1181 in Object.wait()&#10;java.lang.Thread.State: WAITING (on object monitor)&#10;        at java.lang.Object.wait(Native Method)&#10;        at java.lang.Object.wait(Object.java:502)&#10;        at org.apache.ratis.server.impl.StateMachineUpdater.waitForCommit(StateMachineUpdater.java:194)&#10;        at org.apache.ratis.server.impl.StateMachineUpdater.run(StateMachineUpdater.java:159)&#10;        at java.lang.Thread.run(Thread.java:748)&#10;&quot;pool-106-thread-45&quot;  prio=5 tid=1413 in Object.wait()&#10;java.lang.Thread.State: WAITING (on object monitor)&#10;        at sun.misc.Unsafe.park(Native Method)&#10;        at java.util.concurrent.locks.LockSupport.park(LockSupport.java:175)&#10;        at java.util.concurrent.locks.AbstractQueuedSynchronizer$ConditionObject.await(AbstractQueuedSynchronizer.java:2039)&#10;        at java.util.concurrent.ArrayBlockingQueue.take(ArrayBlockingQueue.java:403)&#10;        at java.util.concurrent.ThreadPoolExecutor.getTask(ThreadPoolExecutor.java:1074)&#10;        at java.util.concurrent.ThreadPoolExecutor.runWorker(ThreadPoolExecutor.java:1134)&#10;        at java.util.concurrent.ThreadPoolExecutor$Worker.run(ThreadPoolExecutor.java:624)&#10;        at java.lang.Thread.run(Thread.java:748)&#10;&quot;pool-106-thread-30&quot;  prio=5 tid=1398 in Object.wait()&#10;java.lang.Thread.State: WAITING (on object monitor)&#10;        at sun.misc.Unsafe.park(Native Method)&#10;        at java.util.concurrent.locks.LockSupport.park(LockSupport.java:175)&#10;        at java.util.concurrent.locks.AbstractQueuedSynchronizer$ConditionObject.await(AbstractQueuedSynchronizer.java:2039)&#10;        at java.util.concurrent.ArrayBlockingQueue.take(ArrayBlockingQueue.java:403)&#10;        at java.util.concurrent.ThreadPoolExecutor.getTask(ThreadPoolExecutor.java:1074)&#10;        at java.util.concurrent.ThreadPoolExecutor.runWorker(ThreadPoolExecutor.java:1134)&#10;        at java.util.concurrent.ThreadPoolExecutor$Worker.run(ThreadPoolExecutor.java:624)&#10;        at java.lang.Thread.run(Thread.java:748)&#10;&quot;pool-106-thread-10&quot;  prio=5 tid=1378 in Object.wait()&#10;java.lang.Thread.State: WAITING (on object monitor)&#10;        at sun.misc.Unsafe.park(Native Method)&#10;        at java.util.concurrent.locks.LockSupport.park(LockSupport.java:175)&#10;        at java.util.concurrent.locks.AbstractQueuedSynchronizer$ConditionObject.await(AbstractQueuedSynchronizer.java:2039)&#10;        at java.util.concurrent.ArrayBlockingQueue.take(ArrayBlockingQueue.java:403)&#10;        at java.util.concurrent.ThreadPoolExecutor.getTask(ThreadPoolExecutor.java:1074)&#10;        at java.util.concurrent.ThreadPoolExecutor.runWorker(ThreadPoolExecutor.java:1134)&#10;        at java.util.concurrent.ThreadPoolExecutor$Worker.run(ThreadPoolExecutor.java:624)&#10;        at java.lang.Thread.run(Thread.java:748)&#10;&quot;Command processor thread&quot; daemon prio=5 tid=1126 timed_waiting&#10;java.lang.Thread.State: TIMED_WAITING&#10;        at java.lang.Thread.sleep(Native Method)&#10;        at org.apache.hadoop.ozone.container.common.statemachine.DatanodeStateMachine.lambda$initCommandHandlerThread$1(DatanodeStateMachine.java:439)&#10;        at org.apache.hadoop.ozone.container.common.statemachine.DatanodeStateMachine$$Lambda$142/994213108.run(Unknown Source)&#10;        at java.lang.Thread.run(Thread.java:748)&#10;&quot;Datanode ReportManager Thread - 0&quot; daemon prio=5 tid=252 in Object.wait()&#10;java.lang.Thread.State: WAITING (on object monitor)&#10;        at sun.misc.Unsafe.park(Native Method)&#10;        at java.util.concurrent.locks.LockSupport.park(LockSupport.java:175)&#10;        at java.util.concurrent.locks.AbstractQueuedSynchronizer$ConditionObject.await(AbstractQueuedSynchronizer.java:2039)&#10;        at java.util.concurrent.ScheduledThreadPoolExecutor$DelayedWorkQueue.take(ScheduledThreadPoolExecutor.java:1088)&#10;        at java.util.concurrent.ScheduledThreadPoolExecutor$DelayedWorkQueue.take(ScheduledThreadPoolExecutor.java:809)&#10;        at java.util.concurrent.ThreadPoolExecutor.getTask(ThreadPoolExecutor.java:1074)&#10;        at java.util.concurrent.ThreadPoolExecutor.runWorker(ThreadPoolExecutor.java:1134)&#10;        at java.util.concurrent.ThreadPoolExecutor$Worker.run(ThreadPoolExecutor.java:624)&#10;        at java.lang.Thread.run(Thread.java:748)&#10;&quot;pool-106-thread-18&quot;  prio=5 tid=1386 in Object.wait()&#10;java.lang.Thread.State: WAITING (on object monitor)&#10;        at sun.misc.Unsafe.park(Native Method)&#10;        at java.util.concurrent.locks.LockSupport.park(LockSupport.java:175)&#10;        at java.util.concurrent.locks.AbstractQueuedSynchronizer$ConditionObject.await(AbstractQueuedSynchronizer.java:2039)&#10;        at java.util.concurrent.ArrayBlockingQueue.take(ArrayBlockingQueue.java:403)&#10;        at java.util.concurrent.ThreadPoolExecutor.getTask(ThreadPoolExecutor.java:1074)&#10;        at java.util.concurrent.ThreadPoolExecutor.runWorker(ThreadPoolExecutor.java:1134)&#10;        at java.util.concurrent.ThreadPoolExecutor$Worker.run(ThreadPoolExecutor.java:624)&#10;        at java.lang.Thread.run(Thread.java:748)&#10;&quot;IPC Server handler 2 on 41574&quot; daemon prio=5 tid=1048 timed_waiting&#10;java.lang.Thread.State: TIMED_WAITING&#10;        at sun.misc.Unsafe.park(Native Method)&#10;        at java.util.concurrent.locks.LockSupport.parkNanos(LockSupport.java:215)&#10;        at java.util.concurrent.locks.AbstractQueuedSynchronizer$ConditionObject.awaitNanos(AbstractQueuedSynchronizer.java:2078)&#10;        at java.util.concurrent.LinkedBlockingQueue.poll(LinkedBlockingQueue.java:467)&#10;        at org.apache.hadoop.ipc.CallQueueManager.take(CallQueueManager.java:288)&#10;        at org.apache.hadoop.ipc.Server$Handler.run(Server.java:2668)&#10;&quot;org.eclipse.jetty.server.session.HashSessionManager@53abfc07Timer&quot; daemon prio=5 tid=1117 timed_waiting&#10;java.lang.Thread.State: TIMED_WAITING&#10;        at sun.misc.Unsafe.park(Native Method)&#10;        at java.util.concurrent.locks.LockSupport.parkNanos(LockSupport.java:215)&#10;        at java.util.concurrent.locks.AbstractQueuedSynchronizer$ConditionObject.awaitNanos(AbstractQueuedSynchronizer.java:2078)&#10;        at java.util.concurrent.ScheduledThreadPoolExecutor$DelayedWorkQueue.take(ScheduledThreadPoolExecutor.java:1093)&#10;        at java.util.concurrent.ScheduledThreadPoolExecutor$DelayedWorkQueue.take(ScheduledThreadPoolExecutor.java:809)&#10;        at java.util.concurrent.ThreadPoolExecutor.getTask(ThreadPoolExecutor.java:1074)&#10;        at java.util.concurrent.ThreadPoolExecutor.runWorker(ThreadPoolExecutor.java:1134)&#10;        at java.util.concurrent.ThreadPoolExecutor$Worker.run(ThreadPoolExecutor.java:624)&#10;        at java.lang.Thread.run(Thread.java:748)&#10;&quot;java.util.concurrent.ThreadPoolExecutor$Worker@2c91ba42[State = -1, empty queue]&quot; daemon prio=5 tid=1365 timed_waiting&#10;java.lang.Thread.State: TIMED_WAITING&#10;        at sun.misc.Unsafe.park(Native Method)&#10;        at java.util.concurrent.locks.LockSupport.parkNanos(LockSupport.java:215)&#10;        at java.util.concurrent.locks.AbstractQueuedSynchronizer$ConditionObject.awaitNanos(AbstractQueuedSynchronizer.java:2078)&#10;        at java.util.concurrent.ScheduledThreadPoolExecutor$DelayedWorkQueue.take(ScheduledThreadPoolExecutor.java:1093)&#10;        at java.util.concurrent.ScheduledThreadPoolExecutor$DelayedWorkQueue.take(ScheduledThreadPoolExecutor.java:809)&#10;        at java.util.concurrent.ThreadPoolExecutor.getTask(ThreadPoolExecutor.java:1074)&#10;        at java.util.concurrent.ThreadPoolExecutor.runWorker(ThreadPoolExecutor.java:1134)&#10;        at java.util.concurrent.ThreadPoolExecutor$Worker.run(ThreadPoolExecutor.java:624)&#10;        at java.lang.Thread.run(Thread.java:748)&#10;&quot;pool-116-thread-50&quot;  prio=5 tid=1244 in Object.wait()&#10;java.lang.Thread.State: WAITING (on object monitor)&#10;        at sun.misc.Unsafe.park(Native Method)&#10;        at java.util.concurrent.locks.LockSupport.park(LockSupport.java:175)&#10;        at java.util.concurrent.locks.AbstractQueuedSynchronizer$ConditionObject.await(AbstractQueuedSynchronizer.java:2039)&#10;        at java.util.concurrent.ArrayBlockingQueue.take(ArrayBlockingQueue.java:403)&#10;        at java.util.concurrent.ThreadPoolExecutor.getTask(ThreadPoolExecutor.java:1074)&#10;        at java.util.concurrent.ThreadPoolExecutor.runWorker(ThreadPoolExecutor.java:1134)&#10;        at java.util.concurrent.ThreadPoolExecutor$Worker.run(ThreadPoolExecutor.java:624)&#10;        at java.lang.Thread.run(Thread.java:748)&#10;&quot;SCMBlockDeletingService#1&quot; daemon prio=5 tid=1099 timed_waiting&#10;java.lang.Thread.State: TIMED_WAITING&#10;        at sun.misc.Unsafe.park(Native Method)&#10;        at java.util.concurrent.locks.LockSupport.parkNanos(LockSupport.java:215)&#10;        at java.util.concurrent.locks.AbstractQueuedSynchronizer$ConditionObject.awaitNanos(AbstractQueuedSynchronizer.java:2078)&#10;        at java.util.concurrent.ScheduledThreadPoolExecutor$DelayedWorkQueue.take(ScheduledThreadPoolExecutor.java:1093)&#10;        at java.util.concurrent.ScheduledThreadPoolExecutor$DelayedWorkQueue.take(ScheduledThreadPoolExecutor.java:809)&#10;        at java.util.concurrent.ThreadPoolExecutor.getTask(ThreadPoolExecutor.java:1074)&#10;        at java.util.concurrent.ThreadPoolExecutor.runWorker(ThreadPoolExecutor.java:1134)&#10;        at java.util.concurrent.ThreadPoolExecutor$Worker.run(ThreadPoolExecutor.java:624)&#10;        at java.lang.Thread.run(Thread.java:748)&#10;&quot;pool-126-thread-37&quot;  prio=5 tid=1307 in Object.wait()&#10;java.lang.Thread.State: WAITING (on object monitor)&#10;        at sun.misc.Unsafe.park(Native Method)&#10;        at java.util.concurrent.locks.LockSupport.park(LockSupport.java:175)&#10;        at java.util.concurrent.locks.AbstractQueuedSynchronizer$ConditionObject.await(AbstractQueuedSynchronizer.java:2039)&#10;        at java.util.concurrent.ArrayBlockingQueue.take(ArrayBlockingQueue.java:403)&#10;        at java.util.concurrent.ThreadPoolExecutor.getTask(ThreadPoolExecutor.java:1074)&#10;        at java.util.concurrent.ThreadPoolExecutor.runWorker(ThreadPoolExecutor.java:1134)&#10;        at java.util.concurrent.ThreadPoolExecutor$Worker.run(ThreadPoolExecutor.java:624)&#10;        at java.lang.Thread.run(Thread.java:748)&#10;&quot;qtp818010696-1171-acceptor-0@bedc4bc-ServerConnector@7ff8a9dc{HTTP/1.1,[http/1.1]}{0.0.0.0:34051}&quot; daemon prio=3 tid=1171 runnable&#10;java.lang.Thread.State: RUNNABLE&#10;        at sun.nio.ch.ServerSocketChannelImpl.accept0(Native Method)&#10;        at sun.nio.ch.ServerSocketChannelImpl.accept(ServerSocketChannelImpl.java:422)&#10;        at sun.nio.ch.ServerSocketChannelImpl.accept(ServerSocketChannelImpl.java:250)&#10;        at org.eclipse.jetty.server.ServerConnector.accept(ServerConnector.java:397)&#10;        at org.eclipse.jetty.server.AbstractConnector$Acceptor.run(AbstractConnector.java:601)&#10;        at org.eclipse.jetty.util.thread.QueuedThreadPool.runJob(QueuedThreadPool.java:671)&#10;        at org.eclipse.jetty.util.thread.QueuedThreadPool$2.run(QueuedThreadPool.java:589)&#10;        at java.lang.Thread.run(Thread.java:748)&#10;&quot;qtp995381766-998&quot; daemon prio=5 tid=998 runnable&#10;java.lang.Thread.State: RUNNABLE&#10;        at sun.nio.ch.EPollArrayWrapper.epollWait(Native Method)&#10;        at sun.nio.ch.EPollArrayWrapper.poll(EPollArrayWrapper.java:269)&#10;        at sun.nio.ch.EPollSelectorImpl.doSelect(EPollSelectorImpl.java:93)&#10;        at sun.nio.ch.SelectorImpl.lockAndDoSelect(SelectorImpl.java:86)&#10;        at sun.nio.ch.SelectorImpl.select(SelectorImpl.java:97)&#10;        at sun.nio.ch.SelectorImpl.select(SelectorImpl.java:101)&#10;        at org.eclipse.jetty.io.ManagedSelector$SelectorProducer.select(ManagedSelector.java:243)&#10;        at org.eclipse.jetty.io.ManagedSelector$SelectorProducer.produce(ManagedSelector.java:191)&#10;        at org.eclipse.jetty.util.thread.strategy.ExecuteProduceConsume.executeProduceConsume(ExecuteProduceConsume.java:249)&#10;        at org.eclipse.jetty.util.thread.strategy.ExecuteProduceConsume.produceConsume(ExecuteProduceConsume.java:148)&#10;        at org.eclipse.jetty.util.thread.strategy.ExecuteProduceConsume.execute(ExecuteProduceConsume.java:100)&#10;        at org.eclipse.jetty.io.ManagedSelector.run(ManagedSelector.java:147)&#10;        at org.eclipse.jetty.util.thread.QueuedThreadPool.runJob(QueuedThreadPool.java:671)&#10;        at org.eclipse.jetty.util.thread.QueuedThreadPool$2.run(QueuedThreadPool.java:589)&#10;        at java.lang.Thread.run(Thread.java:748)&#10;&quot;metrics-hadoop-metrics2-reporter-31-thread-1&quot; daemon prio=5 tid=784 timed_waiting&#10;java.lang.Thread.State: TIMED_WAITING&#10;        at sun.misc.Unsafe.park(Native Method)&#10;        at java.util.concurrent.locks.LockSupport.parkNanos(LockSupport.java:215)&#10;        at java.util.concurrent.locks.AbstractQueuedSynchronizer$ConditionObject.awaitNanos(AbstractQueuedSynchronizer.java:2078)&#10;        at java.util.concurrent.ScheduledThreadPoolExecutor$DelayedWorkQueue.take(ScheduledThreadPoolExecutor.java:1093)&#10;        at java.util.concurrent.ScheduledThreadPoolExecutor$DelayedWorkQueue.take(ScheduledThreadPoolExecutor.java:809)&#10;        at java.util.concurrent.ThreadPoolExecutor.getTask(ThreadPoolExecutor.java:1074)&#10;        at java.util.concurrent.ThreadPoolExecutor.runWorker(ThreadPoolExecutor.java:1134)&#10;        at java.util.concurrent.ThreadPoolExecutor$Worker.run(ThreadPoolExecutor.java:624)&#10;        at java.lang.Thread.run(Thread.java:748)&#10;&quot;org.eclipse.jetty.server.session.HashSessionManager@2dc3271bTimer&quot; daemon prio=5 tid=1006 timed_waiting&#10;java.lang.Thread.State: TIMED_WAITING&#10;        at sun.misc.Unsafe.park(Native Method)&#10;        at java.util.concurrent.locks.LockSupport.parkNanos(LockSupport.java:215)&#10;        at java.util.concurrent.locks.AbstractQueuedSynchronizer$ConditionObject.awaitNanos(AbstractQueuedSynchronizer.java:2078)&#10;        at java.util.concurrent.ScheduledThreadPoolExecutor$DelayedWorkQueue.take(ScheduledThreadPoolExecutor.java:1093)&#10;        at java.util.concurrent.ScheduledThreadPoolExecutor$DelayedWorkQueue.take(ScheduledThreadPoolExecutor.java:809)&#10;        at java.util.concurrent.ThreadPoolExecutor.getTask(ThreadPoolExecutor.java:1074)&#10;        at java.util.concurrent.ThreadPoolExecutor.runWorker(ThreadPoolExecutor.java:1134)&#10;        at java.util.concurrent.ThreadPoolExecutor$Worker.run(ThreadPoolExecutor.java:624)&#10;        at java.lang.Thread.run(Thread.java:748)&#10;&quot;IPC Server handler 8 on 41574&quot; daemon prio=5 tid=1054 timed_waiting&#10;java.lang.Thread.State: TIMED_WAITING&#10;        at sun.misc.Unsafe.park(Native Method)&#10;        at java.util.concurrent.locks.LockSupport.parkNanos(LockSupport.java:215)&#10;        at java.util.concurrent.locks.AbstractQueuedSynchronizer$ConditionObject.awaitNanos(AbstractQueuedSynchronizer.java:2078)&#10;        at java.util.concurrent.LinkedBlockingQueue.poll(LinkedBlockingQueue.java:467)&#10;        at org.apache.hadoop.ipc.CallQueueManager.take(CallQueueManager.java:288)&#10;        at org.apache.hadoop.ipc.Server$Handler.run(Server.java:2668)&#10;&quot;org.eclipse.jetty.server.session.HashSessionManager@79c5460eTimer&quot; daemon prio=5 tid=1182 timed_waiting&#10;java.lang.Thread.State: TIMED_WAITING&#10;        at sun.misc.Unsafe.park(Native Method)&#10;        at java.util.concurrent.locks.LockSupport.parkNanos(LockSupport.java:215)&#10;        at java.util.concurrent.locks.AbstractQueuedSynchronizer$ConditionObject.awaitNanos(AbstractQueuedSynchronizer.java:2078)&#10;        at java.util.concurrent.ScheduledThreadPoolExecutor$DelayedWorkQueue.take(ScheduledThreadPoolExecutor.java:1093)&#10;        at java.util.concurrent.ScheduledThreadPoolExecutor$DelayedWorkQueue.take(ScheduledThreadPoolExecutor.java:809)&#10;        at java.util.concurrent.ThreadPoolExecutor.getTask(ThreadPoolExecutor.java:1074)&#10;        at java.util.concurrent.ThreadPoolExecutor.runWorker(ThreadPoolExecutor.java:1134)&#10;        at java.util.concurrent.ThreadPoolExecutor$Worker.run(ThreadPoolExecutor.java:624)&#10;        at java.lang.Thread.run(Thread.java:748)&#10;&quot;pool-116-thread-5&quot;  prio=5 tid=1199 in Object.wait()&#10;java.lang.Thread.State: WAITING (on object monitor)&#10;        at sun.misc.Unsafe.park(Native Method)&#10;        at java.util.concurrent.locks.LockSupport.park(LockSupport.java:175)&#10;        at java.util.concurrent.locks.AbstractQueuedSynchronizer$ConditionObject.await(AbstractQueuedSynchronizer.java:2039)&#10;        at java.util.concurrent.ArrayBlockingQueue.take(ArrayBlockingQueue.java:403)&#10;        at java.util.concurrent.ThreadPoolExecutor.getTask(ThreadPoolExecutor.java:1074)&#10;        at java.util.concurrent.ThreadPoolExecutor.runWorker(ThreadPoolExecutor.java:1134)&#10;        at java.util.concurrent.ThreadPoolExecutor$Worker.run(ThreadPoolExecutor.java:624)&#10;        at java.lang.Thread.run(Thread.java:748)&#10;&quot;pool-126-thread-15&quot;  prio=5 tid=1285 in Object.wait()&#10;java.lang.Thread.State: WAITING (on object monitor)&#10;        at sun.misc.Unsafe.park(Native Method)&#10;        at java.util.concurrent.locks.LockSupport.park(LockSupport.java:175)&#10;        at java.util.concurrent.locks.AbstractQueuedSynchronizer$ConditionObject.await(AbstractQueuedSynchronizer.java:2039)&#10;        at java.util.concurrent.ArrayBlockingQueue.take(ArrayBlockingQueue.java:403)&#10;        at java.util.concurrent.ThreadPoolExecutor.getTask(ThreadPoolExecutor.java:1074)&#10;        at java.util.concurrent.ThreadPoolExecutor.runWorker(ThreadPoolExecutor.java:1134)&#10;        at java.util.concurrent.ThreadPoolExecutor$Worker.run(ThreadPoolExecutor.java:624)&#10;        at java.lang.Thread.run(Thread.java:748)&#10;&quot;pool-126-thread-57&quot;  prio=5 tid=1327 in Object.wait()&#10;java.lang.Thread.State: WAITING (on object monitor)&#10;        at sun.misc.Unsafe.park(Native Method)&#10;        at java.util.concurrent.locks.LockSupport.park(LockSupport.java:175)&#10;        at java.util.concurrent.locks.AbstractQueuedSynchronizer$ConditionObject.await(AbstractQueuedSynchronizer.java:2039)&#10;        at java.util.concurrent.ArrayBlockingQueue.take(ArrayBlockingQueue.java:403)&#10;        at java.util.concurrent.ThreadPoolExecutor.getTask(ThreadPoolExecutor.java:1074)&#10;        at java.util.concurrent.ThreadPoolExecutor.runWorker(ThreadPoolExecutor.java:1134)&#10;        at java.util.concurrent.ThreadPoolExecutor$Worker.run(ThreadPoolExecutor.java:624)&#10;        at java.lang.Thread.run(Thread.java:748)&#10;&quot;pool-116-thread-21&quot;  prio=5 tid=1215 in Object.wait()&#10;java.lang.Thread.State: WAITING (on object monitor)&#10;        at sun.misc.Unsafe.park(Native Method)&#10;        at java.util.concurrent.locks.LockSupport.park(LockSupport.java:175)&#10;        at java.util.concurrent.locks.AbstractQueuedSynchronizer$ConditionObject.await(AbstractQueuedSynchronizer.java:2039)&#10;        at java.util.concurrent.ArrayBlockingQueue.take(ArrayBlockingQueue.java:403)&#10;        at java.util.concurrent.ThreadPoolExecutor.getTask(ThreadPoolExecutor.java:1074)&#10;        at java.util.concurrent.ThreadPoolExecutor.runWorker(ThreadPoolExecutor.java:1134)&#10;        at java.util.concurrent.ThreadPoolExecutor$Worker.run(ThreadPoolExecutor.java:624)&#10;        at java.lang.Thread.run(Thread.java:748)&#10;&quot;grpc-default-boss-ELG-4-1&quot; daemon prio=5 tid=1258 runnable&#10;java.lang.Thread.State: RUNNABLE&#10;        at sun.nio.ch.EPollArrayWrapper.epollWait(Native Method)&#10;        at sun.nio.ch.EPollArrayWrapper.poll(EPollArrayWrapper.java:269)&#10;        at sun.nio.ch.EPollSelectorImpl.doSelect(EPollSelectorImpl.java:93)&#10;        at sun.nio.ch.SelectorImpl.lockAndDoSelect(SelectorImpl.java:86)&#10;        at sun.nio.ch.SelectorImpl.select(SelectorImpl.java:97)&#10;        at org.apache.ratis.thirdparty.io.netty.channel.nio.SelectedSelectionKeySetSelector.select(SelectedSelectionKeySetSelector.java:62)&#10;        at org.apache.ratis.thirdparty.io.netty.channel.nio.NioEventLoop.select(NioEventLoop.java:753)&#10;        at org.apache.ratis.thirdparty.io.netty.channel.nio.NioEventLoop.run(NioEventLoop.java:408)&#10;        at org.apache.ratis.thirdparty.io.netty.util.concurrent.SingleThreadEventExecutor$5.run(SingleThreadEventExecutor.java:897)&#10;        at org.apache.ratis.thirdparty.io.netty.util.concurrent.FastThreadLocalRunnable.run(FastThreadLocalRunnable.java:30)&#10;        at java.lang.Thread.run(Thread.java:748)&#10;&quot;pool-116-thread-7&quot;  prio=5 tid=1201 in Object.wait()&#10;java.lang.Thread.State: WAITING (on object monitor)&#10;        at sun.misc.Unsafe.park(Native Method)&#10;        at java.util.concurrent.locks.LockSupport.park(LockSupport.java:175)&#10;        at java.util.concurrent.locks.AbstractQueuedSynchronizer$ConditionObject.await(AbstractQueuedSynchronizer.java:2039)&#10;        at java.util.concurrent.ArrayBlockingQueue.take(ArrayBlockingQueue.java:403)&#10;        at java.util.concurrent.ThreadPoolExecutor.getTask(ThreadPoolExecutor.java:1074)&#10;        at java.util.concurrent.ThreadPoolExecutor.runWorker(ThreadPoolExecutor.java:1134)&#10;        at java.util.concurrent.ThreadPoolExecutor$Worker.run(ThreadPoolExecutor.java:624)&#10;        at java.lang.Thread.run(Thread.java:748)&#10;&quot;IPC Server handler 16 on 44367&quot; daemon prio=5 tid=1082 timed_waiting&#10;java.lang.Thread.State: TIMED_WAITING&#10;        at sun.misc.Unsafe.park(Native Method)&#10;        at java.util.concurrent.locks.LockSupport.parkNanos(LockSupport.java:215)&#10;        at java.util.concurrent.locks.AbstractQueuedSynchronizer$ConditionObject.awaitNanos(AbstractQueuedSynchronizer.java:2078)&#10;        at java.util.concurrent.LinkedBlockingQueue.poll(LinkedBlockingQueue.java:467)&#10;        at org.apache.hadoop.ipc.CallQueueManager.take(CallQueueManager.java:288)&#10;        at org.apache.hadoop.ipc.Server$Handler.run(Server.java:2668)&#10;&quot;Periodic HDDS volume checker&quot;  prio=5 tid=1130 timed_waiting&#10;java.lang.Thread.State: TIMED_WAITING&#10;        at sun.misc.Unsafe.park(Native Method)&#10;        at java.util.concurrent.locks.LockSupport.parkNanos(LockSupport.java:215)&#10;        at java.util.concurrent.locks.AbstractQueuedSynchronizer$ConditionObject.awaitNanos(AbstractQueuedSynchronizer.java:2078)&#10;        at java.util.concurrent.ScheduledThreadPoolExecutor$DelayedWorkQueue.take(ScheduledThreadPoolExecutor.java:1093)&#10;        at java.util.concurrent.ScheduledThreadPoolExecutor$DelayedWorkQueue.take(ScheduledThreadPoolExecutor.java:809)&#10;        at java.util.concurrent.ThreadPoolExecutor.getTask(ThreadPoolExecutor.java:1074)&#10;        at java.util.concurrent.ThreadPoolExecutor.runWorker(ThreadPoolExecutor.java:1134)&#10;        at java.util.concurrent.ThreadPoolExecutor$Worker.run(ThreadPoolExecutor.java:624)&#10;        at java.lang.Thread.run(Thread.java:748)&#10;&quot;pool-106-thread-47&quot;  prio=5 tid=1415 in Object.wait()&#10;java.lang.Thread.State: WAITING (on object monitor)&#10;        at sun.misc.Unsafe.park(Native Method)&#10;        at java.util.concurrent.locks.LockSupport.park(LockSupport.java:175)&#10;        at java.util.concurrent.locks.AbstractQueuedSynchronizer$ConditionObject.await(AbstractQueuedSynchronizer.java:2039)&#10;        at java.util.concurrent.ArrayBlockingQueue.take(ArrayBlockingQueue.java:403)&#10;        at java.util.concurrent.ThreadPoolExecutor.getTask(ThreadPoolExecutor.java:1074)&#10;        at java.util.concurrent.ThreadPoolExecutor.runWorker(ThreadPoolExecutor.java:1134)&#10;        at java.util.concurrent.ThreadPoolExecutor$Worker.run(ThreadPoolExecutor.java:624)&#10;        at java.lang.Thread.run(Thread.java:748)&#10;&quot;Datanode ReportManager Thread - 2&quot; daemon prio=5 tid=308 in Object.wait()&#10;java.lang.Thread.State: WAITING (on object monitor)&#10;        at sun.misc.Unsafe.park(Native Method)&#10;        at java.util.concurrent.locks.LockSupport.park(LockSupport.java:175)&#10;        at java.util.concurrent.locks.AbstractQueuedSynchronizer$ConditionObject.await(AbstractQueuedSynchronizer.java:2039)&#10;        at java.util.concurrent.ScheduledThreadPoolExecutor$DelayedWorkQueue.take(ScheduledThreadPoolExecutor.java:1088)&#10;        at java.util.concurrent.ScheduledThreadPoolExecutor$DelayedWorkQueue.take(ScheduledThreadPoolExecutor.java:809)&#10;        at java.util.concurrent.ThreadPoolExecutor.getTask(ThreadPoolExecutor.java:1074)&#10;        at java.util.concurrent.ThreadPoolExecutor.runWorker(ThreadPoolExecutor.java:1134)&#10;        at java.util.concurrent.ThreadPoolExecutor$Worker.run(ThreadPoolExecutor.java:624)&#10;        at java.lang.Thread.run(Thread.java:748)&#10;&quot;metrics-hadoop-metrics2-reporter-43-thread-1&quot; daemon prio=5 tid=865 timed_waiting&#10;java.lang.Thread.State: TIMED_WAITING&#10;        at sun.misc.Unsafe.park(Native Method)&#10;        at java.util.concurrent.locks.LockSupport.parkNanos(LockSupport.java:215)&#10;        at java.util.concurrent.locks.AbstractQueuedSynchronizer$ConditionObject.awaitNanos(AbstractQueuedSynchronizer.java:2078)&#10;        at java.util.concurrent.ScheduledThreadPoolExecutor$DelayedWorkQueue.take(ScheduledThreadPoolExecutor.java:1093)&#10;        at java.util.concurrent.ScheduledThreadPoolExecutor$DelayedWorkQueue.take(ScheduledThreadPoolExecutor.java:809)&#10;        at java.util.concurrent.ThreadPoolExecutor.getTask(ThreadPoolExecutor.java:1074)&#10;        at java.util.concurrent.ThreadPoolExecutor.runWorker(ThreadPoolExecutor.java:1134)&#10;        at java.util.concurrent.ThreadPoolExecutor$Worker.run(ThreadPoolExecutor.java:624)&#10;        at java.lang.Thread.run(Thread.java:748)&#10;&quot;org.eclipse.jetty.server.session.HashSessionManager@55d58825Timer&quot; daemon prio=5 tid=1096 timed_waiting&#10;java.lang.Thread.State: TIMED_WAITING&#10;        at sun.misc.Unsafe.park(Native Method)&#10;        at java.util.concurrent.locks.LockSupport.parkNanos(LockSupport.java:215)&#10;        at java.util.concurrent.locks.AbstractQueuedSynchronizer$ConditionObject.awaitNanos(AbstractQueuedSynchronizer.java:2078)&#10;        at java.util.concurrent.ScheduledThreadPoolExecutor$DelayedWorkQueue.take(ScheduledThreadPoolExecutor.java:1093)&#10;        at java.util.concurrent.ScheduledThreadPoolExecutor$DelayedWorkQueue.take(ScheduledThreadPoolExecutor.java:809)&#10;        at java.util.concurrent.ThreadPoolExecutor.getTask(ThreadPoolExecutor.java:1074)&#10;        at java.util.concurrent.ThreadPoolExecutor.runWorker(ThreadPoolExecutor.java:1134)&#10;        at java.util.concurrent.ThreadPoolExecutor$Worker.run(ThreadPoolExecutor.java:624)&#10;        at java.lang.Thread.run(Thread.java:748)&#10;&quot;metrics-hadoop-metrics2-reporter-11-thread-1&quot; daemon prio=5 tid=729 timed_waiting&#10;java.lang.Thread.State: TIMED_WAITING&#10;        at sun.misc.Unsafe.park(Native Method)&#10;        at java.util.concurrent.locks.LockSupport.parkNanos(LockSupport.java:215)&#10;        at java.util.concurrent.locks.AbstractQueuedSynchronizer$ConditionObject.awaitNanos(AbstractQueuedSynchronizer.java:2078)&#10;        at java.util.concurrent.ScheduledThreadPoolExecutor$DelayedWorkQueue.take(ScheduledThreadPoolExecutor.java:1093)&#10;        at java.util.concurrent.ScheduledThreadPoolExecutor$DelayedWorkQueue.take(ScheduledThreadPoolExecutor.java:809)&#10;        at java.util.concurrent.ThreadPoolExecutor.getTask(ThreadPoolExecutor.java:1074)&#10;        at java.util.concurrent.ThreadPoolExecutor.runWorker(ThreadPoolExecutor.java:1134)&#10;        at java.util.concurrent.ThreadPoolExecutor$Worker.run(ThreadPoolExecutor.java:624)&#10;        at java.lang.Thread.run(Thread.java:748)&#10;&quot;IPC Server handler 19 on 34783&quot; daemon prio=5 tid=996 timed_waiting&#10;java.lang.Thread.State: TIMED_WAITING&#10;        at sun.misc.Unsafe.park(Native Method)&#10;        at java.util.concurrent.locks.LockSupport.parkNanos(LockSupport.java:215)&#10;        at java.util.concurrent.locks.AbstractQueuedSynchronizer$ConditionObject.awaitNanos(AbstractQueuedSynchronizer.java:2078)&#10;        at java.util.concurrent.LinkedBlockingQueue.poll(LinkedBlockingQueue.java:467)&#10;        at org.apache.hadoop.ipc.CallQueueManager.take(CallQueueManager.java:288)&#10;        at org.apache.hadoop.ipc.Server$Handler.run(Server.java:2668)&#10;&quot;pool-106-thread-33&quot;  prio=5 tid=1401 in Object.wait()&#10;java.lang.Thread.State: WAITING (on object monitor)&#10;        at sun.misc.Unsafe.park(Native Method)&#10;        at java.util.concurrent.locks.LockSupport.park(LockSupport.java:175)&#10;        at java.util.concurrent.locks.AbstractQueuedSynchronizer$ConditionObject.await(AbstractQueuedSynchronizer.java:2039)&#10;        at java.util.concurrent.ArrayBlockingQueue.take(ArrayBlockingQueue.java:403)&#10;        at java.util.concurrent.ThreadPoolExecutor.getTask(ThreadPoolExecutor.java:1074)&#10;        at java.util.concurrent.ThreadPoolExecutor.runWorker(ThreadPoolExecutor.java:1134)&#10;        at java.util.concurrent.ThreadPoolExecutor$Worker.run(ThreadPoolExecutor.java:624)&#10;        at java.lang.Thread.run(Thread.java:748)&#10;&quot;pool-106-thread-55&quot;  prio=5 tid=1423 in Object.wait()&#10;java.lang.Thread.State: WAITING (on object monitor)&#10;        at sun.misc.Unsafe.park(Native Method)&#10;        at java.util.concurrent.locks.LockSupport.park(LockSupport.java:175)&#10;        at java.util.concurrent.locks.AbstractQueuedSynchronizer$ConditionObject.await(AbstractQueuedSynchronizer.java:2039)&#10;        at java.util.concurrent.ArrayBlockingQueue.take(ArrayBlockingQueue.java:403)&#10;        at java.util.concurrent.ThreadPoolExecutor.getTask(ThreadPoolExecutor.java:1074)&#10;        at java.util.concurrent.ThreadPoolExecutor.runWorker(ThreadPoolExecutor.java:1134)&#10;        at java.util.concurrent.ThreadPoolExecutor$Worker.run(ThreadPoolExecutor.java:624)&#10;        at java.lang.Thread.run(Thread.java:748)&#10;&quot;24020d0b-ce61-4f5a-b0b0-c561541e8cd4@group-A9EE991D717F-StateMachineUpdater&quot; daemon prio=5 tid=1151 in Object.wait()&#10;java.lang.Thread.State: WAITING (on object monitor)&#10;        at java.lang.Object.wait(Native Method)&#10;        at java.lang.Object.wait(Object.java:502)&#10;        at org.apache.ratis.server.impl.StateMachineUpdater.waitForCommit(StateMachineUpdater.java:194)&#10;        at org.apache.ratis.server.impl.StateMachineUpdater.run(StateMachineUpdater.java:159)&#10;        at java.lang.Thread.run(Thread.java:748)&#10;&quot;pool-116-thread-9&quot;  prio=5 tid=1203 in Object.wait()&#10;java.lang.Thread.State: WAITING (on object monitor)&#10;        at sun.misc.Unsafe.park(Native Method)&#10;        at java.util.concurrent.locks.LockSupport.park(LockSupport.java:175)&#10;        at java.util.concurrent.locks.AbstractQueuedSynchronizer$ConditionObject.await(AbstractQueuedSynchronizer.java:2039)&#10;        at java.util.concurrent.ArrayBlockingQueue.take(ArrayBlockingQueue.java:403)&#10;        at java.util.concurrent.ThreadPoolExecutor.getTask(ThreadPoolExecutor.java:1074)&#10;        at java.util.concurrent.ThreadPoolExecutor.runWorker(ThreadPoolExecutor.java:1134)&#10;        at java.util.concurrent.ThreadPoolExecutor$Worker.run(ThreadPoolExecutor.java:624)&#10;        at java.lang.Thread.run(Thread.java:748)&#10;&quot;IPC Server handler 0 on 34783&quot; daemon prio=5 tid=977 timed_waiting&#10;java.lang.Thread.State: TIMED_WAITING&#10;        at sun.misc.Unsafe.park(Native Method)&#10;        at java.util.concurrent.locks.LockSupport.parkNanos(LockSupport.java:215)&#10;        at java.util.concurrent.locks.AbstractQueuedSynchronizer$ConditionObject.awaitNanos(AbstractQueuedSynchronizer.java:2078)&#10;        at java.util.concurrent.LinkedBlockingQueue.poll(LinkedBlockingQueue.java:467)&#10;        at org.apache.hadoop.ipc.CallQueueManager.take(CallQueueManager.java:288)&#10;        at org.apache.hadoop.ipc.Server$Handler.run(Server.java:2668)&#10;&quot;metrics-hadoop-metrics2-reporter-7-thread-1&quot; daemon prio=5 tid=720 timed_waiting&#10;java.lang.Thread.State: TIMED_WAITING&#10;        at sun.misc.Unsafe.park(Native Method)&#10;        at java.util.concurrent.locks.LockSupport.parkNanos(LockSupport.java:215)&#10;        at java.util.concurrent.locks.AbstractQueuedSynchronizer$ConditionObject.awaitNanos(AbstractQueuedSynchronizer.java:2078)&#10;        at java.util.concurrent.ScheduledThreadPoolExecutor$DelayedWorkQueue.take(ScheduledThreadPoolExecutor.java:1093)&#10;        at java.util.concurrent.ScheduledThreadPoolExecutor$DelayedWorkQueue.take(ScheduledThreadPoolExecutor.java:809)&#10;        at java.util.concurrent.ThreadPoolExecutor.getTask(ThreadPoolExecutor.java:1074)&#10;        at java.util.concurrent.ThreadPoolExecutor.runWorker(ThreadPoolExecutor.java:1134)&#10;        at java.util.concurrent.ThreadPoolExecutor$Worker.run(ThreadPoolExecutor.java:624)&#10;        at java.lang.Thread.run(Thread.java:748)&#10;&quot;pool-126-thread-3&quot;  prio=5 tid=1273 in Object.wait()&#10;java.lang.Thread.State: WAITING (on object monitor)&#10;        at sun.misc.Unsafe.park(Native Method)&#10;        at java.util.concurrent.locks.LockSupport.park(LockSupport.java:175)&#10;        at java.util.concurrent.locks.AbstractQueuedSynchronizer$ConditionObject.await(AbstractQueuedSynchronizer.java:2039)&#10;        at java.util.concurrent.ArrayBlockingQueue.take(ArrayBlockingQueue.java:403)&#10;        at java.util.concurrent.ThreadPoolExecutor.getTask(ThreadPoolExecutor.java:1074)&#10;        at java.util.concurrent.ThreadPoolExecutor.runWorker(ThreadPoolExecutor.java:1134)&#10;        at java.util.concurrent.ThreadPoolExecutor$Worker.run(ThreadPoolExecutor.java:624)&#10;        at java.lang.Thread.run(Thread.java:748)&#10;&quot;qtp1723177853-1093&quot; daemon prio=5 tid=1093 timed_waiting&#10;java.lang.Thread.State: TIMED_WAITING&#10;        at sun.misc.Unsafe.park(Native Method)&#10;        at java.util.concurrent.locks.LockSupport.parkNanos(LockSupport.java:215)&#10;        at java.util.concurrent.locks.AbstractQueuedSynchronizer$ConditionObject.awaitNanos(AbstractQueuedSynchronizer.java:2078)&#10;        at org.eclipse.jetty.util.BlockingArrayQueue.poll(BlockingArrayQueue.java:392)&#10;        at org.eclipse.jetty.util.thread.QueuedThreadPool.idleJobPoll(QueuedThreadPool.java:563)&#10;        at org.eclipse.jetty.util.thread.QueuedThreadPool.access$800(QueuedThreadPool.java:48)&#10;        at org.eclipse.jetty.util.thread.QueuedThreadPool$2.run(QueuedThreadPool.java:626)&#10;        at java.lang.Thread.run(Thread.java:748)&#10;&quot;Reference Handler&quot; daemon prio=10 tid=2 in Object.wait()&#10;java.lang.Thread.State: WAITING (on object monitor)&#10;        at java.lang.Object.wait(Native Method)&#10;        at java.lang.Object.wait(Object.java:502)&#10;        at java.lang.ref.Reference.tryHandlePending(Reference.java:191)&#10;        at java.lang.ref.Reference$ReferenceHandler.run(Reference.java:153)&#10;&quot;Datanode ReportManager Thread - 1&quot; daemon prio=5 tid=1155 in Object.wait()&#10;java.lang.Thread.State: WAITING (on object monitor)&#10;        at sun.misc.Unsafe.park(Native Method)&#10;        at java.util.concurrent.locks.LockSupport.park(LockSupport.java:175)&#10;        at java.util.concurrent.locks.AbstractQueuedSynchronizer$ConditionObject.await(AbstractQueuedSynchronizer.java:2039)&#10;        at java.util.concurrent.ScheduledThreadPoolExecutor$DelayedWorkQueue.take(ScheduledThreadPoolExecutor.java:1088)&#10;        at java.util.concurrent.ScheduledThreadPoolExecutor$DelayedWorkQueue.take(ScheduledThreadPoolExecutor.java:809)&#10;        at java.util.concurrent.ThreadPoolExecutor.getTask(ThreadPoolExecutor.java:1074)&#10;        at java.util.concurrent.ThreadPoolExecutor.runWorker(ThreadPoolExecutor.java:1134)&#10;        at java.util.concurrent.ThreadPoolExecutor$Worker.run(ThreadPoolExecutor.java:624)&#10;        at java.lang.Thread.run(Thread.java:748)&#10;&quot;pool-106-thread-53&quot;  prio=5 tid=1421 in Object.wait()&#10;java.lang.Thread.State: WAITING (on object monitor)&#10;        at sun.misc.Unsafe.park(Native Method)&#10;        at java.util.concurrent.locks.LockSupport.park(LockSupport.java:175)&#10;        at java.util.concurrent.locks.AbstractQueuedSynchronizer$ConditionObject.await(AbstractQueuedSynchronizer.java:2039)&#10;        at java.util.concurrent.ArrayBlockingQueue.take(ArrayBlockingQueue.java:403)&#10;        at java.util.concurrent.ThreadPoolExecutor.getTask(ThreadPoolExecutor.java:1074)&#10;        at java.util.concurrent.ThreadPoolExecutor.runWorker(ThreadPoolExecutor.java:1134)&#10;        at java.util.concurrent.ThreadPoolExecutor$Worker.run(ThreadPoolExecutor.java:624)&#10;        at java.lang.Thread.run(Thread.java:748)&#10;&quot;metrics-hadoop-metrics2-reporter-51-thread-1&quot; daemon prio=5 tid=926 timed_waiting&#10;java.lang.Thread.State: TIMED_WAITING&#10;        at sun.misc.Unsafe.park(Native Method)&#10;        at java.util.concurrent.locks.LockSupport.parkNanos(LockSupport.java:215)&#10;        at java.util.concurrent.locks.AbstractQueuedSynchronizer$ConditionObject.awaitNanos(AbstractQueuedSynchronizer.java:2078)&#10;        at java.util.concurrent.ScheduledThreadPoolExecutor$DelayedWorkQueue.take(ScheduledThreadPoolExecutor.java:1093)&#10;        at java.util.concurrent.ScheduledThreadPoolExecutor$DelayedWorkQueue.take(ScheduledThreadPoolExecutor.java:809)&#10;        at java.util.concurrent.ThreadPoolExecutor.getTask(ThreadPoolExecutor.java:1074)&#10;        at java.util.concurrent.ThreadPoolExecutor.runWorker(ThreadPoolExecutor.java:1134)&#10;        at java.util.concurrent.ThreadPoolExecutor$Worker.run(ThreadPoolExecutor.java:624)&#10;        at java.lang.Thread.run(Thread.java:748)&#10;&quot;metrics-hadoop-metrics2-reporter-49-thread-1&quot; daemon prio=5 tid=922 timed_waiting&#10;java.lang.Thread.State: TIMED_WAITING&#10;        at sun.misc.Unsafe.park(Native Method)&#10;        at java.util.concurrent.locks.LockSupport.parkNanos(LockSupport.java:215)&#10;        at java.util.concurrent.locks.AbstractQueuedSynchronizer$ConditionObject.awaitNanos(AbstractQueuedSynchronizer.java:2078)&#10;        at java.util.concurrent.ScheduledThreadPoolExecutor$DelayedWorkQueue.take(ScheduledThreadPoolExecutor.java:1093)&#10;        at java.util.concurrent.ScheduledThreadPoolExecutor$DelayedWorkQueue.take(ScheduledThreadPoolExecutor.java:809)&#10;        at java.util.concurrent.ThreadPoolExecutor.getTask(ThreadPoolExecutor.java:1074)&#10;        at java.util.concurrent.ThreadPoolExecutor.runWorker(ThreadPoolExecutor.java:1134)&#10;        at java.util.concurrent.ThreadPoolExecutor$Worker.run(ThreadPoolExecutor.java:624)&#10;        at java.lang.Thread.run(Thread.java:748)&#10;&quot;pool-106-thread-36&quot;  prio=5 tid=1404 in Object.wait()&#10;java.lang.Thread.State: WAITING (on object monitor)&#10;        at sun.misc.Unsafe.park(Native Method)&#10;        at java.util.concurrent.locks.LockSupport.park(LockSupport.java:175)&#10;        at java.util.concurrent.locks.AbstractQueuedSynchronizer$ConditionObject.await(AbstractQueuedSynchronizer.java:2039)&#10;        at java.util.concurrent.ArrayBlockingQueue.take(ArrayBlockingQueue.java:403)&#10;        at java.util.concurrent.ThreadPoolExecutor.getTask(ThreadPoolExecutor.java:1074)&#10;        at java.util.concurrent.ThreadPoolExecutor.runWorker(ThreadPoolExecutor.java:1134)&#10;        at java.util.concurrent.ThreadPoolExecutor$Worker.run(ThreadPoolExecutor.java:624)&#10;        at java.lang.Thread.run(Thread.java:748)&#10;&quot;Timer-1&quot; daemon prio=5 tid=149 timed_waiting&#10;java.lang.Thread.State: TIMED_WAITING&#10;        at java.lang.Object.wait(Native Method)&#10;        at java.util.TimerThread.mainLoop(Timer.java:552)&#10;        at java.util.TimerThread.run(Timer.java:505)&#10;&quot;qtp1014555985-1144&quot; daemon prio=5 tid=1144 timed_waiting&#10;java.lang.Thread.State: TIMED_WAITING&#10;        at sun.misc.Unsafe.park(Native Method)&#10;        at java.util.concurrent.locks.LockSupport.parkNanos(LockSupport.java:215)&#10;        at java.util.concurrent.locks.AbstractQueuedSynchronizer$ConditionObject.awaitNanos(AbstractQueuedSynchronizer.java:2078)&#10;        at org.eclipse.jetty.util.BlockingArrayQueue.poll(BlockingArrayQueue.java:392)&#10;        at org.eclipse.jetty.util.thread.QueuedThreadPool.idleJobPoll(QueuedThreadPool.java:563)&#10;        at org.eclipse.jetty.util.thread.QueuedThreadPool.access$800(QueuedThreadPool.java:48)&#10;        at org.eclipse.jetty.util.thread.QueuedThreadPool$2.run(QueuedThreadPool.java:626)&#10;        at java.lang.Thread.run(Thread.java:748)&#10;&quot;Datanode State Machine Thread - 0&quot; daemon prio=5 tid=1184 timed_waiting&#10;java.lang.Thread.State: TIMED_WAITING&#10;        at java.lang.Thread.sleep(Native Method)&#10;        at org.apache.hadoop.ozone.container.common.statemachine.DatanodeStateMachine.start(DatanodeStateMachine.java:191)&#10;        at org.apache.hadoop.ozone.container.common.statemachine.DatanodeStateMachine.lambda$startDaemon$0(DatanodeStateMachine.java:349)&#10;        at org.apache.hadoop.ozone.container.common.statemachine.DatanodeStateMachine$$Lambda$141/190868662.run(Unknown Source)&#10;        at java.lang.Thread.run(Thread.java:748)&#10;&quot;37bd8e8c-ea68-4b1c-8659-8d001c4f3b5c@group-A9EE991D717F-SegmentedRaftLogWorker&quot;  prio=5 tid=1180 timed_waiting&#10;java.lang.Thread.State: TIMED_WAITING&#10;        at sun.misc.Unsafe.park(Native Method)&#10;        at java.util.concurrent.locks.LockSupport.parkNanos(LockSupport.java:215)&#10;        at java.util.concurrent.locks.AbstractQueuedSynchronizer$ConditionObject.awaitNanos(AbstractQueuedSynchronizer.java:2078)&#10;        at org.apache.ratis.util.DataBlockingQueue.poll(DataBlockingQueue.java:137)&#10;        at org.apache.ratis.server.raftlog.segmented.SegmentedRaftLogWorker.run(SegmentedRaftLogWorker.java:282)&#10;        at java.lang.Thread.run(Thread.java:748)&#10;&quot;IPC Server handler 8 on 42245&quot; daemon prio=5 tid=1034 timed_waiting&#10;java.lang.Thread.State: TIMED_WAITING&#10;        at sun.misc.Unsafe.park(Native Method)&#10;        at java.util.concurrent.locks.LockSupport.parkNanos(LockSupport.java:215)&#10;        at java.util.concurrent.locks.AbstractQueuedSynchronizer$ConditionObject.awaitNanos(AbstractQueuedSynchronizer.java:2078)&#10;        at java.util.concurrent.LinkedBlockingQueue.poll(LinkedBlockingQueue.java:467)&#10;        at org.apache.hadoop.ipc.CallQueueManager.take(CallQueueManager.java:288)&#10;        at org.apache.hadoop.ipc.Server$Handler.run(Server.java:2668)&#10;&quot;pool-120-thread-1&quot;  prio=5 tid=1138 timed_waiting&#10;java.lang.Thread.State: TIMED_WAITING&#10;        at sun.misc.Unsafe.park(Native Method)&#10;        at java.util.concurrent.locks.LockSupport.parkNanos(LockSupport.java:215)&#10;        at java.util.concurrent.locks.AbstractQueuedSynchronizer$ConditionObject.awaitNanos(AbstractQueuedSynchronizer.java:2078)&#10;        at java.util.concurrent.ScheduledThreadPoolExecutor$DelayedWorkQueue.take(ScheduledThreadPoolExecutor.java:1093)&#10;        at java.util.concurrent.ScheduledThreadPoolExecutor$DelayedWorkQueue.take(ScheduledThreadPoolExecutor.java:809)&#10;        at java.util.concurrent.ThreadPoolExecutor.getTask(ThreadPoolExecutor.java:1074)&#10;        at java.util.concurrent.ThreadPoolExecutor.runWorker(ThreadPoolExecutor.java:1134)&#10;        at java.util.concurrent.ThreadPoolExecutor$Worker.run(ThreadPoolExecutor.java:624)&#10;        at java.lang.Thread.run(Thread.java:748)&#10;&quot;IPC Server Responder&quot; daemon prio=5 tid=1014 runnable&#10;java.lang.Thread.State: RUNNABLE&#10;        at sun.nio.ch.EPollArrayWrapper.epollWait(Native Method)&#10;        at sun.nio.ch.EPollArrayWrapper.poll(EPollArrayWrapper.java:269)&#10;        at sun.nio.ch.EPollSelectorImpl.doSelect(EPollSelectorImpl.java:93)&#10;        at sun.nio.ch.SelectorImpl.lockAndDoSelect(SelectorImpl.java:86)&#10;        at sun.nio.ch.SelectorImpl.select(SelectorImpl.java:97)&#10;        at org.apache.hadoop.ipc.Server$Responder.doRunLoop(Server.java:1334)&#10;        at org.apache.hadoop.ipc.Server$Responder.run(Server.java:1317)&#10;&quot;IPC Server handler 12 on 41574&quot; daemon prio=5 tid=1058 timed_waiting&#10;java.lang.Thread.State: TIMED_WAITING&#10;        at sun.misc.Unsafe.park(Native Method)&#10;        at java.util.concurrent.locks.LockSupport.parkNanos(LockSupport.java:215)&#10;        at java.util.concurrent.locks.AbstractQueuedSynchronizer$ConditionObject.awaitNanos(AbstractQueuedSynchronizer.java:2078)&#10;        at java.util.concurrent.LinkedBlockingQueue.poll(LinkedBlockingQueue.java:467)&#10;        at org.apache.hadoop.ipc.CallQueueManager.take(CallQueueManager.java:288)&#10;        at org.apache.hadoop.ipc.Server$Handler.run(Server.java:2668)&#10;&quot;IPC Server handler 9 on 42245&quot; daemon prio=5 tid=1035 timed_waiting&#10;java.lang.Thread.State: TIMED_WAITING&#10;        at sun.misc.Unsafe.park(Native Method)&#10;        at java.util.concurrent.locks.LockSupport.parkNanos(LockSupport.java:215)&#10;        at java.util.concurrent.locks.AbstractQueuedSynchronizer$ConditionObject.awaitNanos(AbstractQueuedSynchronizer.java:2078)&#10;        at java.util.concurrent.LinkedBlockingQueue.poll(LinkedBlockingQueue.java:467)&#10;        at org.apache.hadoop.ipc.CallQueueManager.take(CallQueueManager.java:288)&#10;        at org.apache.hadoop.ipc.Server$Handler.run(Server.java:2668)&#10;&quot;Datanode ReportManager Thread - 1&quot; daemon prio=5 tid=253 in Object.wait()&#10;java.lang.Thread.State: WAITING (on object monitor)&#10;        at sun.misc.Unsafe.park(Native Method)&#10;        at java.util.concurrent.locks.LockSupport.park(LockSupport.java:175)&#10;        at java.util.concurrent.locks.AbstractQueuedSynchronizer$ConditionObject.await(AbstractQueuedSynchronizer.java:2039)&#10;        at java.util.concurrent.ScheduledThreadPoolExecutor$DelayedWorkQueue.take(ScheduledThreadPoolExecutor.java:1088)&#10;        at java.util.concurrent.ScheduledThreadPoolExecutor$DelayedWorkQueue.take(ScheduledThreadPoolExecutor.java:809)&#10;        at java.util.concurrent.ThreadPoolExecutor.getTask(ThreadPoolExecutor.java:1074)&#10;        at java.util.concurrent.ThreadPoolExecutor.runWorker(ThreadPoolExecutor.java:1134)&#10;        at java.util.concurrent.ThreadPoolExecutor$Worker.run(ThreadPoolExecutor.java:624)&#10;        at java.lang.Thread.run(Thread.java:748)&#10;&quot;pool-106-thread-27&quot;  prio=5 tid=1395 in Object.wait()&#10;java.lang.Thread.State: WAITING (on object monitor)&#10;        at sun.misc.Unsafe.park(Native Method)&#10;        at java.util.concurrent.locks.LockSupport.park(LockSupport.java:175)&#10;        at java.util.concurrent.locks.AbstractQueuedSynchronizer$ConditionObject.await(AbstractQueuedSynchronizer.java:2039)&#10;        at java.util.concurrent.ArrayBlockingQueue.take(ArrayBlockingQueue.java:403)&#10;        at java.util.concurrent.ThreadPoolExecutor.getTask(ThreadPoolExecutor.java:1074)&#10;        at java.util.concurrent.ThreadPoolExecutor.runWorker(ThreadPoolExecutor.java:1134)&#10;        at java.util.concurrent.ThreadPoolExecutor$Worker.run(ThreadPoolExecutor.java:624)&#10;        at java.lang.Thread.run(Thread.java:748)&#10;&quot;Datanode ReportManager Thread - 0&quot; daemon prio=5 tid=171 timed_waiting&#10;java.lang.Thread.State: TIMED_WAITING&#10;        at sun.misc.Unsafe.park(Native Method)&#10;        at java.util.concurrent.locks.LockSupport.parkNanos(LockSupport.java:215)&#10;        at java.util.concurrent.locks.AbstractQueuedSynchronizer$ConditionObject.awaitNanos(AbstractQueuedSynchronizer.java:2078)&#10;        at java.util.concurrent.ScheduledThreadPoolExecutor$DelayedWorkQueue.take(ScheduledThreadPoolExecutor.java:1093)&#10;        at java.util.concurrent.ScheduledThreadPoolExecutor$DelayedWorkQueue.take(ScheduledThreadPoolExecutor.java:809)&#10;        at java.util.concurrent.ThreadPoolExecutor.getTask(ThreadPoolExecutor.java:1074)&#10;        at java.util.concurrent.ThreadPoolExecutor.runWorker(ThreadPoolExecutor.java:1134)&#10;        at java.util.concurrent.ThreadPoolExecutor$Worker.run(ThreadPoolExecutor.java:624)&#10;        at java.lang.Thread.run(Thread.java:748)&#10;&quot;pool-106-thread-13&quot;  prio=5 tid=1381 in Object.wait()&#10;java.lang.Thread.State: WAITING (on object monitor)&#10;        at sun.misc.Unsafe.park(Native Method)&#10;        at java.util.concurrent.locks.LockSupport.park(LockSupport.java:175)&#10;        at java.util.concurrent.locks.AbstractQueuedSynchronizer$ConditionObject.await(AbstractQueuedSynchronizer.java:2039)&#10;        at java.util.concurrent.ArrayBlockingQueue.take(ArrayBlockingQueue.java:403)&#10;        at java.util.concurrent.ThreadPoolExecutor.getTask(ThreadPoolExecutor.java:1074)&#10;        at java.util.concurrent.ThreadPoolExecutor.runWorker(ThreadPoolExecutor.java:1134)&#10;        at java.util.concurrent.ThreadPoolExecutor$Worker.run(ThreadPoolExecutor.java:624)&#10;        at java.lang.Thread.run(Thread.java:748)&#10;&quot;Datanode ReportManager Thread - 2&quot; daemon prio=5 tid=227 in Object.wait()&#10;java.lang.Thread.State: WAITING (on object monitor)&#10;        at sun.misc.Unsafe.park(Native Method)&#10;        at java.util.concurrent.locks.LockSupport.park(LockSupport.java:175)&#10;        at java.util.concurrent.locks.AbstractQueuedSynchronizer$ConditionObject.await(AbstractQueuedSynchronizer.java:2039)&#10;        at java.util.concurrent.ScheduledThreadPoolExecutor$DelayedWorkQueue.take(ScheduledThreadPoolExecutor.java:1088)&#10;        at java.util.concurrent.ScheduledThreadPoolExecutor$DelayedWorkQueue.take(ScheduledThreadPoolExecutor.java:809)&#10;        at java.util.concurrent.ThreadPoolExecutor.getTask(ThreadPoolExecutor.java:1074)&#10;        at java.util.concurrent.ThreadPoolExecutor.runWorker(ThreadPoolExecutor.java:1134)&#10;        at java.util.concurrent.ThreadPoolExecutor$Worker.run(ThreadPoolExecutor.java:624)&#10;        at java.lang.Thread.run(Thread.java:748)&#10;&quot;IPC Server handler 3 on 34783&quot; daemon prio=5 tid=980 timed_waiting&#10;java.lang.Thread.State: TIMED_WAITING&#10;        at sun.misc.Unsafe.park(Native Method)&#10;        at java.util.concurrent.locks.LockSupport.parkNanos(LockSupport.java:215)&#10;        at java.util.concurrent.locks.AbstractQueuedSynchronizer$ConditionObject.awaitNanos(AbstractQueuedSynchronizer.java:2078)&#10;        at java.util.concurrent.LinkedBlockingQueue.poll(LinkedBlockingQueue.java:467)&#10;        at org.apache.hadoop.ipc.CallQueueManager.take(CallQueueManager.java:288)&#10;        at org.apache.hadoop.ipc.Server$Handler.run(Server.java:2668)&#10;&quot;qtp995381766-1002&quot; daemon prio=5 tid=1002 timed_waiting&#10;java.lang.Thread.State: TIMED_WAITING&#10;        at sun.misc.Unsafe.park(Native Method)&#10;        at java.util.concurrent.locks.LockSupport.parkNanos(LockSupport.java:215)&#10;        at java.util.concurrent.locks.AbstractQueuedSynchronizer$ConditionObject.awaitNanos(AbstractQueuedSynchronizer.java:2078)&#10;        at org.eclipse.jetty.util.BlockingArrayQueue.poll(BlockingArrayQueue.java:392)&#10;        at org.eclipse.jetty.util.thread.QueuedThreadPool.idleJobPoll(QueuedThreadPool.java:563)&#10;        at org.eclipse.jetty.util.thread.QueuedThreadPool.access$800(QueuedThreadPool.java:48)&#10;        at org.eclipse.jetty.util.thread.QueuedThreadPool$2.run(QueuedThreadPool.java:626)&#10;        at java.lang.Thread.run(Thread.java:748)&#10;&quot;pool-106-thread-39&quot;  prio=5 tid=1407 in Object.wait()&#10;java.lang.Thread.State: WAITING (on object monitor)&#10;        at sun.misc.Unsafe.park(Native Method)&#10;        at java.util.concurrent.locks.LockSupport.park(LockSupport.java:175)&#10;        at java.util.concurrent.locks.AbstractQueuedSynchronizer$ConditionObject.await(AbstractQueuedSynchronizer.java:2039)&#10;        at java.util.concurrent.ArrayBlockingQueue.take(ArrayBlockingQueue.java:403)&#10;        at java.util.concurrent.ThreadPoolExecutor.getTask(ThreadPoolExecutor.java:1074)&#10;        at java.util.concurrent.ThreadPoolExecutor.runWorker(ThreadPoolExecutor.java:1134)&#10;        at java.util.concurrent.ThreadPoolExecutor$Worker.run(ThreadPoolExecutor.java:624)&#10;        at java.lang.Thread.run(Thread.java:748)&#10;&quot;pool-116-thread-4&quot;  prio=5 tid=1198 in Object.wait()&#10;java.lang.Thread.State: WAITING (on object monitor)&#10;        at sun.misc.Unsafe.park(Native Method)&#10;        at java.util.concurrent.locks.LockSupport.park(LockSupport.java:175)&#10;        at java.util.concurrent.locks.AbstractQueuedSynchronizer$ConditionObject.await(AbstractQueuedSynchronizer.java:2039)&#10;        at java.util.concurrent.ArrayBlockingQueue.take(ArrayBlockingQueue.java:403)&#10;        at java.util.concurrent.ThreadPoolExecutor.getTask(ThreadPoolExecutor.java:1074)&#10;        at java.util.concurrent.ThreadPoolExecutor.runWorker(ThreadPoolExecutor.java:1134)&#10;        at java.util.concurrent.ThreadPoolExecutor$Worker.run(ThreadPoolExecutor.java:624)&#10;        at java.lang.Thread.run(Thread.java:748)&#10;&quot;IPC Server handler 10 on 34783&quot; daemon prio=5 tid=987 timed_waiting&#10;java.lang.Thread.State: TIMED_WAITING&#10;        at sun.misc.Unsafe.park(Native Method)&#10;        at java.util.concurrent.locks.LockSupport.parkNanos(LockSupport.java:215)&#10;        at java.util.concurrent.locks.AbstractQueuedSynchronizer$ConditionObject.awaitNanos(AbstractQueuedSynchronizer.java:2078)&#10;        at java.util.concurrent.LinkedBlockingQueue.poll(LinkedBlockingQueue.java:467)&#10;        at org.apache.hadoop.ipc.CallQueueManager.take(CallQueueManager.java:288)&#10;        at org.apache.hadoop.ipc.Server$Handler.run(Server.java:2668)&#10;&quot;metrics-hadoop-metrics2-reporter-9-thread-1&quot; daemon prio=5 tid=723 timed_waiting&#10;java.lang.Thread.State: TIMED_WAITING&#10;        at sun.misc.Unsafe.park(Native Method)&#10;        at java.util.concurrent.locks.LockSupport.parkNanos(LockSupport.java:215)&#10;        at java.util.concurrent.locks.AbstractQueuedSynchronizer$ConditionObject.awaitNanos(AbstractQueuedSynchronizer.java:2078)&#10;        at java.util.concurrent.ScheduledThreadPoolExecutor$DelayedWorkQueue.take(ScheduledThreadPoolExecutor.java:1093)&#10;        at java.util.concurrent.ScheduledThreadPoolExecutor$DelayedWorkQueue.take(ScheduledThreadPoolExecutor.java:809)&#10;        at java.util.concurrent.ThreadPoolExecutor.getTask(ThreadPoolExecutor.java:1074)&#10;        at java.util.concurrent.ThreadPoolExecutor.runWorker(ThreadPoolExecutor.java:1134)&#10;        at java.util.concurrent.ThreadPoolExecutor$Worker.run(ThreadPoolExecutor.java:624)&#10;        at java.lang.Thread.run(Thread.java:748)&#10;&quot;2a93f7e5-ecb9-41da-9c47-70e13ba76d7d@group-0B27B5B66CFA-StateMachineUpdater&quot; daemon prio=5 tid=1150 in Object.wait()&#10;java.lang.Thread.State: WAITING (on object monitor)&#10;        at java.lang.Object.wait(Native Method)&#10;        at java.lang.Object.wait(Object.java:502)&#10;        at org.apache.ratis.server.impl.StateMachineUpdater.waitForCommit(StateMachineUpdater.java:194)&#10;        at org.apache.ratis.server.impl.StateMachineUpdater.run(StateMachineUpdater.java:159)&#10;        at java.lang.Thread.run(Thread.java:748)&#10;&quot;pool-106-thread-31&quot;  prio=5 tid=1399 in Object.wait()&#10;java.lang.Thread.State: WAITING (on object monitor)&#10;        at sun.misc.Unsafe.park(Native Method)&#10;        at java.util.concurrent.locks.LockSupport.park(LockSupport.java:175)&#10;        at java.util.concurrent.locks.AbstractQueuedSynchronizer$ConditionObject.await(AbstractQueuedSynchronizer.java:2039)&#10;        at java.util.concurrent.ArrayBlockingQueue.take(ArrayBlockingQueue.java:403)&#10;        at java.util.concurrent.ThreadPoolExecutor.getTask(ThreadPoolExecutor.java:1074)&#10;        at java.util.concurrent.ThreadPoolExecutor.runWorker(ThreadPoolExecutor.java:1134)&#10;        at java.util.concurrent.ThreadPoolExecutor$Worker.run(ThreadPoolExecutor.java:624)&#10;        at java.lang.Thread.run(Thread.java:748)&#10;&quot;IPC Server handler 18 on 44367&quot; daemon prio=5 tid=1084 timed_waiting&#10;java.lang.Thread.State: TIMED_WAITING&#10;        at sun.misc.Unsafe.park(Native Method)&#10;        at java.util.concurrent.locks.LockSupport.parkNanos(LockSupport.java:215)&#10;        at java.util.concurrent.locks.AbstractQueuedSynchronizer$ConditionObject.awaitNanos(AbstractQueuedSynchronizer.java:2078)&#10;        at java.util.concurrent.LinkedBlockingQueue.poll(LinkedBlockingQueue.java:467)&#10;        at org.apache.hadoop.ipc.CallQueueManager.take(CallQueueManager.java:288)&#10;        at org.apache.hadoop.ipc.Server$Handler.run(Server.java:2668)&#10;&quot;Socket Reader #1 for port 44367&quot;  prio=5 tid=1012 runnable&#10;java.lang.Thread.State: RUNNABLE&#10;        at sun.nio.ch.EPollArrayWrapper.epollWait(Native Method)&#10;        at sun.nio.ch.EPollArrayWrapper.poll(EPollArrayWrapper.java:269)&#10;        at sun.nio.ch.EPollSelectorImpl.doSelect(EPollSelectorImpl.java:93)&#10;        at sun.nio.ch.SelectorImpl.lockAndDoSelect(SelectorImpl.java:86)&#10;        at sun.nio.ch.SelectorImpl.select(SelectorImpl.java:97)&#10;        at sun.nio.ch.SelectorImpl.select(SelectorImpl.java:101)&#10;        at org.apache.hadoop.ipc.Server$Listener$Reader.doRunLoop(Server.java:1097)&#10;        at org.apache.hadoop.ipc.Server$Listener$Reader.run(Server.java:1076)&#10;&quot;pool-126-thread-55&quot;  prio=5 tid=1325 in Object.wait()&#10;java.lang.Thread.State: WAITING (on object monitor)&#10;        at sun.misc.Unsafe.park(Native Method)&#10;        at java.util.concurrent.locks.LockSupport.park(LockSupport.java:175)&#10;        at java.util.concurrent.locks.AbstractQueuedSynchronizer$ConditionObject.await(AbstractQueuedSynchronizer.java:2039)&#10;        at java.util.concurrent.ArrayBlockingQueue.take(ArrayBlockingQueue.java:403)&#10;        at java.util.concurrent.ThreadPoolExecutor.getTask(ThreadPoolExecutor.java:1074)&#10;        at java.util.concurrent.ThreadPoolExecutor.runWorker(ThreadPoolExecutor.java:1134)&#10;        at java.util.concurrent.ThreadPoolExecutor$Worker.run(ThreadPoolExecutor.java:624)&#10;        at java.lang.Thread.run(Thread.java:748)&#10;&quot;pool-116-thread-49&quot;  prio=5 tid=1243 in Object.wait()&#10;java.lang.Thread.State: WAITING (on object monitor)&#10;        at sun.misc.Unsafe.park(Native Method)&#10;        at java.util.concurrent.locks.LockSupport.park(LockSupport.java:175)&#10;        at java.util.concurrent.locks.AbstractQueuedSynchronizer$ConditionObject.await(AbstractQueuedSynchronizer.java:2039)&#10;        at java.util.concurrent.ArrayBlockingQueue.take(ArrayBlockingQueue.java:403)&#10;        at java.util.concurrent.ThreadPoolExecutor.getTask(ThreadPoolExecutor.java:1074)&#10;        at java.util.concurrent.ThreadPoolExecutor.runWorker(ThreadPoolExecutor.java:1134)&#10;        at java.util.concurrent.ThreadPoolExecutor$Worker.run(ThreadPoolExecutor.java:624)&#10;        at java.lang.Thread.run(Thread.java:748)&#10;&quot;metrics-hadoop-metrics2-reporter-40-thread-1&quot; daemon prio=5 tid=817 timed_waiting&#10;java.lang.Thread.State: TIMED_WAITING&#10;        at sun.misc.Unsafe.park(Native Method)&#10;        at java.util.concurrent.locks.LockSupport.parkNanos(LockSupport.java:215)&#10;        at java.util.concurrent.locks.AbstractQueuedSynchronizer$ConditionObject.awaitNanos(AbstractQueuedSynchronizer.java:2078)&#10;        at java.util.concurrent.ScheduledThreadPoolExecutor$DelayedWorkQueue.take(ScheduledThreadPoolExecutor.java:1093)&#10;        at java.util.concurrent.ScheduledThreadPoolExecutor$DelayedWorkQueue.take(ScheduledThreadPoolExecutor.java:809)&#10;        at java.util.concurrent.ThreadPoolExecutor.getTask(ThreadPoolExecutor.java:1074)&#10;        at java.util.concurrent.ThreadPoolExecutor.runWorker(ThreadPoolExecutor.java:1134)&#10;        at java.util.concurrent.ThreadPoolExecutor$Worker.run(ThreadPoolExecutor.java:624)&#10;        at java.lang.Thread.run(Thread.java:748)&#10;&quot;pool-106-thread-19&quot;  prio=5 tid=1387 in Object.wait()&#10;java.lang.Thread.State: WAITING (on object monitor)&#10;        at sun.misc.Unsafe.park(Native Method)&#10;        at java.util.concurrent.locks.LockSupport.park(LockSupport.java:175)&#10;        at java.util.concurrent.locks.AbstractQueuedSynchronizer$ConditionObject.await(AbstractQueuedSynchronizer.java:2039)&#10;        at java.util.concurrent.ArrayBlockingQueue.take(ArrayBlockingQueue.java:403)&#10;        at java.util.concurrent.ThreadPoolExecutor.getTask(ThreadPoolExecutor.java:1074)&#10;        at java.util.concurrent.ThreadPoolExecutor.runWorker(ThreadPoolExecutor.java:1134)&#10;        at java.util.concurrent.ThreadPoolExecutor$Worker.run(ThreadPoolExecutor.java:624)&#10;        at java.lang.Thread.run(Thread.java:748)&#10;&quot;metrics-hadoop-metrics2-reporter-37-thread-1&quot; daemon prio=5 tid=811 timed_waiting&#10;java.lang.Thread.State: TIMED_WAITING&#10;        at sun.misc.Unsafe.park(Native Method)&#10;        at java.util.concurrent.locks.LockSupport.parkNanos(LockSupport.java:215)&#10;        at java.util.concurrent.locks.AbstractQueuedSynchronizer$ConditionObject.awaitNanos(AbstractQueuedSynchronizer.java:2078)&#10;        at java.util.concurrent.ScheduledThreadPoolExecutor$DelayedWorkQueue.take(ScheduledThreadPoolExecutor.java:1093)&#10;        at java.util.concurrent.ScheduledThreadPoolExecutor$DelayedWorkQueue.take(ScheduledThreadPoolExecutor.java:809)&#10;        at java.util.concurrent.ThreadPoolExecutor.getTask(ThreadPoolExecutor.java:1074)&#10;        at java.util.concurrent.ThreadPoolExecutor.runWorker(ThreadPoolExecutor.java:1134)&#10;        at java.util.concurrent.ThreadPoolExecutor$Worker.run(ThreadPoolExecutor.java:624)&#10;        at java.lang.Thread.run(Thread.java:748)&#10;&quot;IPC Server handler 19 on 42245&quot; daemon prio=5 tid=1045 timed_waiting&#10;java.lang.Thread.State: TIMED_WAITING&#10;        at sun.misc.Unsafe.park(Native Method)&#10;        at java.util.concurrent.locks.LockSupport.parkNanos(LockSupport.java:215)&#10;        at java.util.concurrent.locks.AbstractQueuedSynchronizer$ConditionObject.awaitNanos(AbstractQueuedSynchronizer.java:2078)&#10;        at java.util.concurrent.LinkedBlockingQueue.poll(LinkedBlockingQueue.java:467)&#10;        at org.apache.hadoop.ipc.CallQueueManager.take(CallQueueManager.java:288)&#10;        at org.apache.hadoop.ipc.Server$Handler.run(Server.java:2668)&#10;&quot;metrics-hadoop-metrics2-reporter-16-thread-1&quot; daemon prio=5 tid=742 timed_waiting&#10;java.lang.Thread.State: TIMED_WAITING&#10;        at sun.misc.Unsafe.park(Native Method)&#10;        at java.util.concurrent.locks.LockSupport.parkNanos(LockSupport.java:215)&#10;        at java.util.concurrent.locks.AbstractQueuedSynchronizer$ConditionObject.awaitNanos(AbstractQueuedSynchronizer.java:2078)&#10;        at java.util.concurrent.ScheduledThreadPoolExecutor$DelayedWorkQueue.take(ScheduledThreadPoolExecutor.java:1093)&#10;        at java.util.concurrent.ScheduledThreadPoolExecutor$DelayedWorkQueue.take(ScheduledThreadPoolExecutor.java:809)&#10;        at java.util.concurrent.ThreadPoolExecutor.getTask(ThreadPoolExecutor.java:1074)&#10;        at java.util.concurrent.ThreadPoolExecutor.runWorker(ThreadPoolExecutor.java:1134)&#10;        at java.util.concurrent.ThreadPoolExecutor$Worker.run(ThreadPoolExecutor.java:624)&#10;        at java.lang.Thread.run(Thread.java:748)&#10;&quot;pool-126-thread-46&quot;  prio=5 tid=1316 in Object.wait()&#10;java.lang.Thread.State: WAITING (on object monitor)&#10;        at sun.misc.Unsafe.park(Native Method)&#10;        at java.util.concurrent.locks.LockSupport.park(LockSupport.java:175)&#10;        at java.util.concurrent.locks.AbstractQueuedSynchronizer$ConditionObject.await(AbstractQueuedSynchronizer.java:2039)&#10;        at java.util.concurrent.ArrayBlockingQueue.take(ArrayBlockingQueue.java:403)&#10;        at java.util.concurrent.ThreadPoolExecutor.getTask(ThreadPoolExecutor.java:1074)&#10;        at java.util.concurrent.ThreadPoolExecutor.runWorker(ThreadPoolExecutor.java:1134)&#10;        at java.util.concurrent.ThreadPoolExecutor$Worker.run(ThreadPoolExecutor.java:624)&#10;        at java.lang.Thread.run(Thread.java:748)&#10;&quot;pool-126-thread-10&quot;  prio=5 tid=1280 in Object.wait()&#10;java.lang.Thread.State: WAITING (on object monitor)&#10;        at sun.misc.Unsafe.park(Native Method)&#10;        at java.util.concurrent.locks.LockSupport.park(LockSupport.java:175)&#10;        at java.util.concurrent.locks.AbstractQueuedSynchronizer$ConditionObject.await(AbstractQueuedSynchronizer.java:2039)&#10;        at java.util.concurrent.ArrayBlockingQueue.take(ArrayBlockingQueue.java:403)&#10;        at java.util.concurrent.ThreadPoolExecutor.getTask(ThreadPoolExecutor.java:1074)&#10;        at java.util.concurrent.ThreadPoolExecutor.runWorker(ThreadPoolExecutor.java:1134)&#10;        at java.util.concurrent.ThreadPoolExecutor$Worker.run(ThreadPoolExecutor.java:624)&#10;        at java.lang.Thread.run(Thread.java:748)&#10;&quot;pool-116-thread-30&quot;  prio=5 tid=1224 in Object.wait()&#10;java.lang.Thread.State: WAITING (on object monitor)&#10;        at sun.misc.Unsafe.park(Native Method)&#10;        at java.util.concurrent.locks.LockSupport.park(LockSupport.java:175)&#10;        at java.util.concurrent.locks.AbstractQueuedSynchronizer$ConditionObject.await(AbstractQueuedSynchronizer.java:2039)&#10;        at java.util.concurrent.ArrayBlockingQueue.take(ArrayBlockingQueue.java:403)&#10;        at java.util.concurrent.ThreadPoolExecutor.getTask(ThreadPoolExecutor.java:1074)&#10;        at java.util.concurrent.ThreadPoolExecutor.runWorker(ThreadPoolExecutor.java:1134)&#10;        at java.util.concurrent.ThreadPoolExecutor$Worker.run(ThreadPoolExecutor.java:624)&#10;        at java.lang.Thread.run(Thread.java:748)&#10;&quot;pool-126-thread-14&quot;  prio=5 tid=1284 in Object.wait()&#10;java.lang.Thread.State: WAITING (on object monitor)&#10;        at sun.misc.Unsafe.park(Native Method)&#10;        at java.util.concurrent.locks.LockSupport.park(LockSupport.java:175)&#10;        at java.util.concurrent.locks.AbstractQueuedSynchronizer$ConditionObject.await(AbstractQueuedSynchronizer.java:2039)&#10;        at java.util.concurrent.ArrayBlockingQueue.take(ArrayBlockingQueue.java:403)&#10;        at java.util.concurrent.ThreadPoolExecutor.getTask(ThreadPoolExecutor.java:1074)&#10;        at java.util.concurrent.ThreadPoolExecutor.runWorker(ThreadPoolExecutor.java:1134)&#10;        at java.util.concurrent.ThreadPoolExecutor$Worker.run(ThreadPoolExecutor.java:624)&#10;        at java.lang.Thread.run(Thread.java:748)&#10;&quot;pool-126-thread-9&quot;  prio=5 tid=1279 in Object.wait()&#10;java.lang.Thread.State: WAITING (on object monitor)&#10;        at sun.misc.Unsafe.park(Native Method)&#10;        at java.util.concurrent.locks.LockSupport.park(LockSupport.java:175)&#10;        at java.util.concurrent.locks.AbstractQueuedSynchronizer$ConditionObject.await(AbstractQueuedSynchronizer.java:2039)&#10;        at java.util.concurrent.ArrayBlockingQueue.take(ArrayBlockingQueue.java:403)&#10;        at java.util.concurrent.ThreadPoolExecutor.getTask(ThreadPoolExecutor.java:1074)&#10;        at java.util.concurrent.ThreadPoolExecutor.runWorker(ThreadPoolExecutor.java:1134)&#10;        at java.util.concurrent.ThreadPoolExecutor$Worker.run(ThreadPoolExecutor.java:624)&#10;        at java.lang.Thread.run(Thread.java:748)&#10;&quot;IPC Server handler 7 on 41574&quot; daemon prio=5 tid=1053 timed_waiting&#10;java.lang.Thread.State: TIMED_WAITING&#10;        at sun.misc.Unsafe.park(Native Method)&#10;        at java.util.concurrent.locks.LockSupport.parkNanos(LockSupport.java:215)&#10;        at java.util.concurrent.locks.AbstractQueuedSynchronizer$ConditionObject.awaitNanos(AbstractQueuedSynchronizer.java:2078)&#10;        at java.util.concurrent.LinkedBlockingQueue.poll(LinkedBlockingQueue.java:467)&#10;        at org.apache.hadoop.ipc.CallQueueManager.take(CallQueueManager.java:288)&#10;        at org.apache.hadoop.ipc.Server$Handler.run(Server.java:2668)&#10;&quot;pool-106-thread-11&quot;  prio=5 tid=1379 in Object.wait()&#10;java.lang.Thread.State: WAITING (on object monitor)&#10;        at sun.misc.Unsafe.park(Native Method)&#10;        at java.util.concurrent.locks.LockSupport.park(LockSupport.java:175)&#10;        at java.util.concurrent.locks.AbstractQueuedSynchronizer$ConditionObject.await(AbstractQueuedSynchronizer.java:2039)&#10;        at java.util.concurrent.ArrayBlockingQueue.take(ArrayBlockingQueue.java:403)&#10;        at java.util.concurrent.ThreadPoolExecutor.getTask(ThreadPoolExecutor.java:1074)&#10;        at java.util.concurrent.ThreadPoolExecutor.runWorker(ThreadPoolExecutor.java:1134)&#10;        at java.util.concurrent.ThreadPoolExecutor$Worker.run(ThreadPoolExecutor.java:624)&#10;        at java.lang.Thread.run(Thread.java:748)&#10;&quot;IPC Server handler 3 on 44367&quot; daemon prio=5 tid=1069 timed_waiting&#10;java.lang.Thread.State: TIMED_WAITING&#10;        at sun.misc.Unsafe.park(Native Method)&#10;        at java.util.concurrent.locks.LockSupport.parkNanos(LockSupport.java:215)&#10;        at java.util.concurrent.locks.AbstractQueuedSynchronizer$ConditionObject.awaitNanos(AbstractQueuedSynchronizer.java:2078)&#10;        at java.util.concurrent.LinkedBlockingQueue.poll(LinkedBlockingQueue.java:467)&#10;        at org.apache.hadoop.ipc.CallQueueManager.take(CallQueueManager.java:288)&#10;        at org.apache.hadoop.ipc.Server$Handler.run(Server.java:2668)&#10;&quot;pool-126-thread-33&quot;  prio=5 tid=1303 in Object.wait()&#10;java.lang.Thread.State: WAITING (on object monitor)&#10;        at sun.misc.Unsafe.park(Native Method)&#10;        at java.util.concurrent.locks.LockSupport.park(LockSupport.java:175)&#10;        at java.util.concurrent.locks.AbstractQueuedSynchronizer$ConditionObject.await(AbstractQueuedSynchronizer.java:2039)&#10;        at java.util.concurrent.ArrayBlockingQueue.take(ArrayBlockingQueue.java:403)&#10;        at java.util.concurrent.ThreadPoolExecutor.getTask(ThreadPoolExecutor.java:1074)&#10;        at java.util.concurrent.ThreadPoolExecutor.runWorker(ThreadPoolExecutor.java:1134)&#10;        at java.util.concurrent.ThreadPoolExecutor$Worker.run(ThreadPoolExecutor.java:624)&#10;        at java.lang.Thread.run(Thread.java:748)&#10;&quot;Datanode ReportManager Thread - 0&quot; daemon prio=5 tid=225 in Object.wait()&#10;java.lang.Thread.State: WAITING (on object monitor)&#10;        at sun.misc.Unsafe.park(Native Method)&#10;        at java.util.concurrent.locks.LockSupport.park(LockSupport.java:175)&#10;        at java.util.concurrent.locks.AbstractQueuedSynchronizer$ConditionObject.await(AbstractQueuedSynchronizer.java:2039)&#10;        at java.util.concurrent.ScheduledThreadPoolExecutor$DelayedWorkQueue.take(ScheduledThreadPoolExecutor.java:1088)&#10;        at java.util.concurrent.ScheduledThreadPoolExecutor$DelayedWorkQueue.take(ScheduledThreadPoolExecutor.java:809)&#10;        at java.util.concurrent.ThreadPoolExecutor.getTask(ThreadPoolExecutor.java:1074)&#10;        at java.util.concurrent.ThreadPoolExecutor.runWorker(ThreadPoolExecutor.java:1134)&#10;        at java.util.concurrent.ThreadPoolExecutor$Worker.run(ThreadPoolExecutor.java:624)&#10;        at java.lang.Thread.run(Thread.java:748)&#10;&quot;grpc-default-worker-ELG-5-4&quot; daemon prio=5 tid=1344 runnable&#10;java.lang.Thread.State: RUNNABLE&#10;        at sun.nio.ch.EPollArrayWrapper.epollWait(Native Method)&#10;        at sun.nio.ch.EPollArrayWrapper.poll(EPollArrayWrapper.java:269)&#10;        at sun.nio.ch.EPollSelectorImpl.doSelect(EPollSelectorImpl.java:93)&#10;        at sun.nio.ch.SelectorImpl.lockAndDoSelect(SelectorImpl.java:86)&#10;        at sun.nio.ch.SelectorImpl.select(SelectorImpl.java:97)&#10;        at org.apache.ratis.thirdparty.io.netty.channel.nio.SelectedSelectionKeySetSelector.select(SelectedSelectionKeySetSelector.java:62)&#10;        at org.apache.ratis.thirdparty.io.netty.channel.nio.NioEventLoop.select(NioEventLoop.java:753)&#10;        at org.apache.ratis.thirdparty.io.netty.channel.nio.NioEventLoop.run(NioEventLoop.java:408)&#10;        at org.apache.ratis.thirdparty.io.netty.util.concurrent.SingleThreadEventExecutor$5.run(SingleThreadEventExecutor.java:897)&#10;        at org.apache.ratis.thirdparty.io.netty.util.concurrent.FastThreadLocalRunnable.run(FastThreadLocalRunnable.java:30)&#10;        at java.lang.Thread.run(Thread.java:748)&#10;&quot;37bd8e8c-ea68-4b1c-8659-8d001c4f3b5c@group-BBCCAFE5DB64-StateMachineUpdater&quot; daemon prio=5 tid=1193 in Object.wait()&#10;java.lang.Thread.State: WAITING (on object monitor)&#10;        at java.lang.Object.wait(Native Method)&#10;        at java.lang.Object.wait(Object.java:502)&#10;        at org.apache.ratis.server.impl.StateMachineUpdater.waitForCommit(StateMachineUpdater.java:194)&#10;        at org.apache.ratis.server.impl.StateMachineUpdater.run(StateMachineUpdater.java:159)&#10;        at java.lang.Thread.run(Thread.java:748)&#10;&quot;IPC Server handler 5 on 42245&quot; daemon prio=5 tid=1031 timed_waiting&#10;java.lang.Thread.State: TIMED_WAITING&#10;        at sun.misc.Unsafe.park(Native Method)&#10;        at java.util.concurrent.locks.LockSupport.parkNanos(LockSupport.java:215)&#10;        at java.util.concurrent.locks.AbstractQueuedSynchronizer$ConditionObject.awaitNanos(AbstractQueuedSynchronizer.java:2078)&#10;        at java.util.concurrent.LinkedBlockingQueue.poll(LinkedBlockingQueue.java:467)&#10;        at org.apache.hadoop.ipc.CallQueueManager.take(CallQueueManager.java:288)&#10;        at org.apache.hadoop.ipc.Server$Handler.run(Server.java:2668)&#10;&quot;pool-116-thread-18&quot;  prio=5 tid=1212 in Object.wait()&#10;java.lang.Thread.State: WAITING (on object monitor)&#10;        at sun.misc.Unsafe.park(Native Method)&#10;        at java.util.concurrent.locks.LockSupport.park(LockSupport.java:175)&#10;        at java.util.concurrent.locks.AbstractQueuedSynchronizer$ConditionObject.await(AbstractQueuedSynchronizer.java:2039)&#10;        at java.util.concurrent.ArrayBlockingQueue.take(ArrayBlockingQueue.java:403)&#10;        at java.util.concurrent.ThreadPoolExecutor.getTask(ThreadPoolExecutor.java:1074)&#10;        at java.util.concurrent.ThreadPoolExecutor.runWorker(ThreadPoolExecutor.java:1134)&#10;        at java.util.concurrent.ThreadPoolExecutor$Worker.run(ThreadPoolExecutor.java:624)&#10;        at java.lang.Thread.run(Thread.java:748)&#10;&quot;qtp1014555985-1139&quot; daemon prio=5 tid=1139 runnable&#10;java.lang.Thread.State: RUNNABLE&#10;        at sun.nio.ch.EPollArrayWrapper.epollWait(Native Method)&#10;        at sun.nio.ch.EPollArrayWrapper.poll(EPollArrayWrapper.java:269)&#10;        at sun.nio.ch.EPollSelectorImpl.doSelect(EPollSelectorImpl.java:93)&#10;        at sun.nio.ch.SelectorImpl.lockAndDoSelect(SelectorImpl.java:86)&#10;        at sun.nio.ch.SelectorImpl.select(SelectorImpl.java:97)&#10;        at sun.nio.ch.SelectorImpl.select(SelectorImpl.java:101)&#10;        at org.eclipse.jetty.io.ManagedSelector$SelectorProducer.select(ManagedSelector.java:243)&#10;        at org.eclipse.jetty.io.ManagedSelector$SelectorProducer.produce(ManagedSelector.java:191)&#10;        at org.eclipse.jetty.util.thread.strategy.ExecuteProduceConsume.executeProduceConsume(ExecuteProduceConsume.java:249)&#10;        at org.eclipse.jetty.util.thread.strategy.ExecuteProduceConsume.produceConsume(ExecuteProduceConsume.java:148)&#10;        at org.eclipse.jetty.util.thread.strategy.ExecuteProduceConsume.execute(ExecuteProduceConsume.java:100)&#10;        at org.eclipse.jetty.io.ManagedSelector.run(ManagedSelector.java:147)&#10;        at org.eclipse.jetty.util.thread.QueuedThreadPool.runJob(QueuedThreadPool.java:671)&#10;        at org.eclipse.jetty.util.thread.QueuedThreadPool$2.run(QueuedThreadPool.java:589)&#10;        at java.lang.Thread.run(Thread.java:748)&#10;&quot;org.apache.hadoop.util.JvmPauseMonitor$Monitor@7fb66650&quot; daemon prio=5 tid=1098 timed_waiting&#10;java.lang.Thread.State: TIMED_WAITING&#10;        at java.lang.Thread.sleep(Native Method)&#10;        at org.apache.hadoop.util.JvmPauseMonitor$Monitor.run(JvmPauseMonitor.java:192)&#10;        at java.lang.Thread.run(Thread.java:748)&#10;&quot;pool-126-thread-19&quot;  prio=5 tid=1289 in Object.wait()&#10;java.lang.Thread.State: WAITING (on object monitor)&#10;        at sun.misc.Unsafe.park(Native Method)&#10;        at java.util.concurrent.locks.LockSupport.park(LockSupport.java:175)&#10;        at java.util.concurrent.locks.AbstractQueuedSynchronizer$ConditionObject.await(AbstractQueuedSynchronizer.java:2039)&#10;        at java.util.concurrent.ArrayBlockingQueue.take(ArrayBlockingQueue.java:403)&#10;        at java.util.concurrent.ThreadPoolExecutor.getTask(ThreadPoolExecutor.java:1074)&#10;        at java.util.concurrent.ThreadPoolExecutor.runWorker(ThreadPoolExecutor.java:1134)&#10;        at java.util.concurrent.ThreadPoolExecutor$Worker.run(ThreadPoolExecutor.java:624)&#10;        at java.lang.Thread.run(Thread.java:748)&#10;&quot;Datanode ReportManager Thread - 2&quot; daemon prio=5 tid=1124 timed_waiting&#10;java.lang.Thread.State: TIMED_WAITING&#10;        at sun.misc.Unsafe.park(Native Method)&#10;        at java.util.concurrent.locks.LockSupport.parkNanos(LockSupport.java:215)&#10;        at java.util.concurrent.locks.AbstractQueuedSynchronizer$ConditionObject.awaitNanos(AbstractQueuedSynchronizer.java:2078)&#10;        at java.util.concurrent.ScheduledThreadPoolExecutor$DelayedWorkQueue.take(ScheduledThreadPoolExecutor.java:1093)&#10;        at java.util.concurrent.ScheduledThreadPoolExecutor$DelayedWorkQueue.take(ScheduledThreadPoolExecutor.java:809)&#10;        at java.util.concurrent.ThreadPoolExecutor.getTask(ThreadPoolExecutor.java:1074)&#10;        at java.util.concurrent.ThreadPoolExecutor.runWorker(ThreadPoolExecutor.java:1134)&#10;        at java.util.concurrent.ThreadPoolExecutor$Worker.run(ThreadPoolExecutor.java:624)&#10;        at java.lang.Thread.run(Thread.java:748)&#10;&quot;pool-126-thread-44&quot;  prio=5 tid=1314 in Object.wait()&#10;java.lang.Thread.State: WAITING (on object monitor)&#10;        at sun.misc.Unsafe.park(Native Method)&#10;        at java.util.concurrent.locks.LockSupport.park(LockSupport.java:175)&#10;        at java.util.concurrent.locks.AbstractQueuedSynchronizer$ConditionObject.await(AbstractQueuedSynchronizer.java:2039)&#10;        at java.util.concurrent.ArrayBlockingQueue.take(ArrayBlockingQueue.java:403)&#10;        at java.util.concurrent.ThreadPoolExecutor.getTask(ThreadPoolExecutor.java:1074)&#10;        at java.util.concurrent.ThreadPoolExecutor.runWorker(ThreadPoolExecutor.java:1134)&#10;        at java.util.concurrent.ThreadPoolExecutor$Worker.run(ThreadPoolExecutor.java:624)&#10;        at java.lang.Thread.run(Thread.java:748)&#10;&quot;pool-126-thread-8&quot;  prio=5 tid=1278 in Object.wait()&#10;java.lang.Thread.State: WAITING (on object monitor)&#10;        at sun.misc.Unsafe.park(Native Method)&#10;        at java.util.concurrent.locks.LockSupport.park(LockSupport.java:175)&#10;        at java.util.concurrent.locks.AbstractQueuedSynchronizer$ConditionObject.await(AbstractQueuedSynchronizer.java:2039)&#10;        at java.util.concurrent.ArrayBlockingQueue.take(ArrayBlockingQueue.java:403)&#10;        at java.util.concurrent.ThreadPoolExecutor.getTask(ThreadPoolExecutor.java:1074)&#10;        at java.util.concurrent.ThreadPoolExecutor.runWorker(ThreadPoolExecutor.java:1134)&#10;        at java.util.concurrent.ThreadPoolExecutor$Worker.run(ThreadPoolExecutor.java:624)&#10;        at java.lang.Thread.run(Thread.java:748)&#10;&quot;pool-126-thread-34&quot;  prio=5 tid=1304 in Object.wait()&#10;java.lang.Thread.State: WAITING (on object monitor)&#10;        at sun.misc.Unsafe.park(Native Method)&#10;        at java.util.concurrent.locks.LockSupport.park(LockSupport.java:175)&#10;        at java.util.concurrent.locks.AbstractQueuedSynchronizer$ConditionObject.await(AbstractQueuedSynchronizer.java:2039)&#10;        at java.util.concurrent.ArrayBlockingQueue.take(ArrayBlockingQueue.java:403)&#10;        at java.util.concurrent.ThreadPoolExecutor.getTask(ThreadPoolExecutor.java:1074)&#10;        at java.util.concurrent.ThreadPoolExecutor.runWorker(ThreadPoolExecutor.java:1134)&#10;        at java.util.concurrent.ThreadPoolExecutor$Worker.run(ThreadPoolExecutor.java:624)&#10;        at java.lang.Thread.run(Thread.java:748)&#10;&quot;EventQueue-NewNodeForNewNodeHandler&quot; daemon prio=5 tid=1263 in Object.wait()&#10;java.lang.Thread.State: WAITING (on object monitor)&#10;        at sun.misc.Unsafe.park(Native Method)&#10;        at java.util.concurrent.locks.LockSupport.park(LockSupport.java:175)&#10;        at java.util.concurrent.locks.AbstractQueuedSynchronizer$ConditionObject.await(AbstractQueuedSynchronizer.java:2039)&#10;        at java.util.concurrent.LinkedBlockingQueue.take(LinkedBlockingQueue.java:442)&#10;        at java.util.concurrent.ThreadPoolExecutor.getTask(ThreadPoolExecutor.java:1074)&#10;        at java.util.concurrent.ThreadPoolExecutor.runWorker(ThreadPoolExecutor.java:1134)&#10;        at java.util.concurrent.ThreadPoolExecutor$Worker.run(ThreadPoolExecutor.java:624)&#10;        at java.lang.Thread.run(Thread.java:748)&#10;&quot;metrics-hadoop-metrics2-reporter-54-thread-1&quot; daemon prio=5 tid=943 timed_waiting&#10;java.lang.Thread.State: TIMED_WAITING&#10;        at sun.misc.Unsafe.park(Native Method)&#10;        at java.util.concurrent.locks.LockSupport.parkNanos(LockSupport.java:215)&#10;        at java.util.concurrent.locks.AbstractQueuedSynchronizer$ConditionObject.awaitNanos(AbstractQueuedSynchronizer.java:2078)&#10;        at java.util.concurrent.ScheduledThreadPoolExecutor$DelayedWorkQueue.take(ScheduledThreadPoolExecutor.java:1093)&#10;        at java.util.concurrent.ScheduledThreadPoolExecutor$DelayedWorkQueue.take(ScheduledThreadPoolExecutor.java:809)&#10;        at java.util.concurrent.ThreadPoolExecutor.getTask(ThreadPoolExecutor.java:1074)&#10;        at java.util.concurrent.ThreadPoolExecutor.runWorker(ThreadPoolExecutor.java:1134)&#10;        at java.util.concurrent.ThreadPoolExecutor$Worker.run(ThreadPoolExecutor.java:624)&#10;        at java.lang.Thread.run(Thread.java:748)&#10;&quot;metrics-hadoop-metrics2-reporter-25-thread-1&quot; daemon prio=5 tid=764 timed_waiting&#10;java.lang.Thread.State: TIMED_WAITING&#10;        at sun.misc.Unsafe.park(Native Method)&#10;        at java.util.concurrent.locks.LockSupport.parkNanos(LockSupport.java:215)&#10;        at java.util.concurrent.locks.AbstractQueuedSynchronizer$ConditionObject.awaitNanos(AbstractQueuedSynchronizer.java:2078)&#10;        at java.util.concurrent.ScheduledThreadPoolExecutor$DelayedWorkQueue.take(ScheduledThreadPoolExecutor.java:1093)&#10;        at java.util.concurrent.ScheduledThreadPoolExecutor$DelayedWorkQueue.take(ScheduledThreadPoolExecutor.java:809)&#10;        at java.util.concurrent.ThreadPoolExecutor.getTask(ThreadPoolExecutor.java:1074)&#10;        at java.util.concurrent.ThreadPoolExecutor.runWorker(ThreadPoolExecutor.java:1134)&#10;        at java.util.concurrent.ThreadPoolExecutor$Worker.run(ThreadPoolExecutor.java:624)&#10;        at java.lang.Thread.run(Thread.java:748)&#10;&quot;IPC Server Responder&quot; daemon prio=5 tid=1018 runnable&#10;java.lang.Thread.State: RUNNABLE&#10;        at sun.nio.ch.EPollArrayWrapper.epollWait(Native Method)&#10;        at sun.nio.ch.EPollArrayWrapper.poll(EPollArrayWrapper.java:269)&#10;        at sun.nio.ch.EPollSelectorImpl.doSelect(EPollSelectorImpl.java:93)&#10;        at sun.nio.ch.SelectorImpl.lockAndDoSelect(SelectorImpl.java:86)&#10;        at sun.nio.ch.SelectorImpl.select(SelectorImpl.java:97)&#10;        at org.apache.hadoop.ipc.Server$Responder.doRunLoop(Server.java:1334)&#10;        at org.apache.hadoop.ipc.Server$Responder.run(Server.java:1317)&#10;&quot;IPC Server handler 2 on 44367&quot; daemon prio=5 tid=1068 timed_waiting&#10;java.lang.Thread.State: TIMED_WAITING&#10;        at sun.misc.Unsafe.park(Native Method)&#10;        at java.util.concurrent.locks.LockSupport.parkNanos(LockSupport.java:215)&#10;        at java.util.concurrent.locks.AbstractQueuedSynchronizer$ConditionObject.awaitNanos(AbstractQueuedSynchronizer.java:2078)&#10;        at java.util.concurrent.LinkedBlockingQueue.poll(LinkedBlockingQueue.java:467)&#10;        at org.apache.hadoop.ipc.CallQueueManager.take(CallQueueManager.java:288)&#10;        at org.apache.hadoop.ipc.Server$Handler.run(Server.java:2668)&#10;&quot;Datanode ReportManager Thread - 3&quot; daemon prio=5 tid=282 in Object.wait()&#10;java.lang.Thread.State: WAITING (on object monitor)&#10;        at sun.misc.Unsafe.park(Native Method)&#10;        at java.util.concurrent.locks.LockSupport.park(LockSupport.java:175)&#10;        at java.util.concurrent.locks.AbstractQueuedSynchronizer$ConditionObject.await(AbstractQueuedSynchronizer.java:2039)&#10;        at java.util.concurrent.ScheduledThreadPoolExecutor$DelayedWorkQueue.take(ScheduledThreadPoolExecutor.java:1088)&#10;        at java.util.concurrent.ScheduledThreadPoolExecutor$DelayedWorkQueue.take(ScheduledThreadPoolExecutor.java:809)&#10;        at java.util.concurrent.ThreadPoolExecutor.getTask(ThreadPoolExecutor.java:1074)&#10;        at java.util.concurrent.ThreadPoolExecutor.runWorker(ThreadPoolExecutor.java:1134)&#10;        at java.util.concurrent.ThreadPoolExecutor$Worker.run(ThreadPoolExecutor.java:624)&#10;        at java.lang.Thread.run(Thread.java:748)&#10;&quot;IPC Server handler 0 on 41574&quot; daemon prio=5 tid=1046 timed_waiting&#10;java.lang.Thread.State: TIMED_WAITING&#10;        at sun.misc.Unsafe.park(Native Method)&#10;        at java.util.concurrent.locks.LockSupport.parkNanos(LockSupport.java:215)&#10;        at java.util.concurrent.locks.AbstractQueuedSynchronizer$ConditionObject.awaitNanos(AbstractQueuedSynchronizer.java:2078)&#10;        at java.util.concurrent.LinkedBlockingQueue.poll(LinkedBlockingQueue.java:467)&#10;        at org.apache.hadoop.ipc.CallQueueManager.take(CallQueueManager.java:288)&#10;        at org.apache.hadoop.ipc.Server$Handler.run(Server.java:2668)&#10;&quot;IPC Server handler 19 on 44367&quot; daemon prio=5 tid=1085 timed_waiting&#10;java.lang.Thread.State: TIMED_WAITING&#10;        at sun.misc.Unsafe.park(Native Method)&#10;        at java.util.concurrent.locks.LockSupport.parkNanos(LockSupport.java:215)&#10;        at java.util.concurrent.locks.AbstractQueuedSynchronizer$ConditionObject.awaitNanos(AbstractQueuedSynchronizer.java:2078)&#10;        at java.util.concurrent.LinkedBlockingQueue.poll(LinkedBlockingQueue.java:467)&#10;        at org.apache.hadoop.ipc.CallQueueManager.take(CallQueueManager.java:288)&#10;        at org.apache.hadoop.ipc.Server$Handler.run(Server.java:2668)&#10;&quot;Datanode ReportManager Thread - 1&quot; daemon prio=5 tid=1186 in Object.wait()&#10;java.lang.Thread.State: WAITING (on object monitor)&#10;        at sun.misc.Unsafe.park(Native Method)&#10;        at java.util.concurrent.locks.LockSupport.park(LockSupport.java:175)&#10;        at java.util.concurrent.locks.AbstractQueuedSynchronizer$ConditionObject.await(AbstractQueuedSynchronizer.java:2039)&#10;        at java.util.concurrent.ScheduledThreadPoolExecutor$DelayedWorkQueue.take(ScheduledThreadPoolExecutor.java:1088)&#10;        at java.util.concurrent.ScheduledThreadPoolExecutor$DelayedWorkQueue.take(ScheduledThreadPoolExecutor.java:809)&#10;        at java.util.concurrent.ThreadPoolExecutor.getTask(ThreadPoolExecutor.java:1074)&#10;        at java.util.concurrent.ThreadPoolExecutor.runWorker(ThreadPoolExecutor.java:1134)&#10;        at java.util.concurrent.ThreadPoolExecutor$Worker.run(ThreadPoolExecutor.java:624)&#10;        at java.lang.Thread.run(Thread.java:748)&#10;&quot;Datanode State Machine Thread - 0&quot; daemon prio=5 tid=1153 timed_waiting&#10;java.lang.Thread.State: TIMED_WAITING&#10;        at java.lang.Thread.sleep(Native Method)&#10;        at org.apache.hadoop.ozone.container.common.statemachine.DatanodeStateMachine.start(DatanodeStateMachine.java:191)&#10;        at org.apache.hadoop.ozone.container.common.statemachine.DatanodeStateMachine.lambda$startDaemon$0(DatanodeStateMachine.java:349)&#10;        at org.apache.hadoop.ozone.container.common.statemachine.DatanodeStateMachine$$Lambda$141/190868662.run(Unknown Source)&#10;        at java.lang.Thread.run(Thread.java:748)&#10;&quot;pool-116-thread-48&quot;  prio=5 tid=1242 in Object.wait()&#10;java.lang.Thread.State: WAITING (on object monitor)&#10;        at sun.misc.Unsafe.park(Native Method)&#10;        at java.util.concurrent.locks.LockSupport.park(LockSupport.java:175)&#10;        at java.util.concurrent.locks.AbstractQueuedSynchronizer$ConditionObject.await(AbstractQueuedSynchronizer.java:2039)&#10;        at java.util.concurrent.ArrayBlockingQueue.take(ArrayBlockingQueue.java:403)&#10;        at java.util.concurrent.ThreadPoolExecutor.getTask(ThreadPoolExecutor.java:1074)&#10;        at java.util.concurrent.ThreadPoolExecutor.runWorker(ThreadPoolExecutor.java:1134)&#10;        at java.util.concurrent.ThreadPoolExecutor$Worker.run(ThreadPoolExecutor.java:624)&#10;        at java.lang.Thread.run(Thread.java:748)&#10;&quot;IPC Server handler 17 on 41574&quot; daemon prio=5 tid=1063 timed_waiting&#10;java.lang.Thread.State: TIMED_WAITING&#10;        at sun.misc.Unsafe.park(Native Method)&#10;        at java.util.concurrent.locks.LockSupport.parkNanos(LockSupport.java:215)&#10;        at java.util.concurrent.locks.AbstractQueuedSynchronizer$ConditionObject.awaitNanos(AbstractQueuedSynchronizer.java:2078)&#10;        at java.util.concurrent.LinkedBlockingQueue.poll(LinkedBlockingQueue.java:467)&#10;        at org.apache.hadoop.ipc.CallQueueManager.take(CallQueueManager.java:288)&#10;        at org.apache.hadoop.ipc.Server$Handler.run(Server.java:2668)&#10;&quot;qtp1014555985-1146&quot; daemon prio=5 tid=1146 timed_waiting&#10;java.lang.Thread.State: TIMED_WAITING&#10;        at sun.misc.Unsafe.park(Native Method)&#10;        at java.util.concurrent.locks.LockSupport.parkNanos(LockSupport.java:215)&#10;        at java.util.concurrent.locks.AbstractQueuedSynchronizer$ConditionObject.awaitNanos(AbstractQueuedSynchronizer.java:2078)&#10;        at org.eclipse.jetty.util.BlockingArrayQueue.poll(BlockingArrayQueue.java:392)&#10;        at org.eclipse.jetty.util.thread.QueuedThreadPool.idleJobPoll(QueuedThreadPool.java:563)&#10;        at org.eclipse.jetty.util.thread.QueuedThreadPool.access$800(QueuedThreadPool.java:48)&#10;        at org.eclipse.jetty.util.thread.QueuedThreadPool$2.run(QueuedThreadPool.java:626)&#10;        at java.lang.Thread.run(Thread.java:748)&#10;&quot;pool-126-thread-17&quot;  prio=5 tid=1287 in Object.wait()&#10;java.lang.Thread.State: WAITING (on object monitor)&#10;        at sun.misc.Unsafe.park(Native Method)&#10;        at java.util.concurrent.locks.LockSupport.park(LockSupport.java:175)&#10;        at java.util.concurrent.locks.AbstractQueuedSynchronizer$ConditionObject.await(AbstractQueuedSynchronizer.java:2039)&#10;        at java.util.concurrent.ArrayBlockingQueue.take(ArrayBlockingQueue.java:403)&#10;        at java.util.concurrent.ThreadPoolExecutor.getTask(ThreadPoolExecutor.java:1074)&#10;        at java.util.concurrent.ThreadPoolExecutor.runWorker(ThreadPoolExecutor.java:1134)&#10;        at java.util.concurrent.ThreadPoolExecutor$Worker.run(ThreadPoolExecutor.java:624)&#10;        at java.lang.Thread.run(Thread.java:748)&#10;&quot;pool-116-thread-42&quot;  prio=5 tid=1236 in Object.wait()&#10;java.lang.Thread.State: WAITING (on object monitor)&#10;        at sun.misc.Unsafe.park(Native Method)&#10;        at java.util.concurrent.locks.LockSupport.park(LockSupport.java:175)&#10;        at java.util.concurrent.locks.AbstractQueuedSynchronizer$ConditionObject.await(AbstractQueuedSynchronizer.java:2039)&#10;        at java.util.concurrent.ArrayBlockingQueue.take(ArrayBlockingQueue.java:403)&#10;        at java.util.concurrent.ThreadPoolExecutor.getTask(ThreadPoolExecutor.java:1074)&#10;        at java.util.concurrent.ThreadPoolExecutor.runWorker(ThreadPoolExecutor.java:1134)&#10;        at java.util.concurrent.ThreadPoolExecutor$Worker.run(ThreadPoolExecutor.java:624)&#10;        at java.lang.Thread.run(Thread.java:748)&#10;&quot;pool-106-thread-43&quot;  prio=5 tid=1411 in Object.wait()&#10;java.lang.Thread.State: WAITING (on object monitor)&#10;        at sun.misc.Unsafe.park(Native Method)&#10;        at java.util.concurrent.locks.LockSupport.park(LockSupport.java:175)&#10;        at java.util.concurrent.locks.AbstractQueuedSynchronizer$ConditionObject.await(AbstractQueuedSynchronizer.java:2039)&#10;        at java.util.concurrent.ArrayBlockingQueue.take(ArrayBlockingQueue.java:403)&#10;        at java.util.concurrent.ThreadPoolExecutor.getTask(ThreadPoolExecutor.java:1074)&#10;        at java.util.concurrent.ThreadPoolExecutor.runWorker(ThreadPoolExecutor.java:1134)&#10;        at java.util.concurrent.ThreadPoolExecutor$Worker.run(ThreadPoolExecutor.java:624)&#10;        at java.lang.Thread.run(Thread.java:748)&#10;&quot;IPC Parameter Sending Thread #0&quot; daemon prio=5 tid=105 timed_waiting&#10;java.lang.Thread.State: TIMED_WAITING&#10;        at sun.misc.Unsafe.park(Native Method)&#10;        at java.util.concurrent.locks.LockSupport.parkNanos(LockSupport.java:215)&#10;        at java.util.concurrent.SynchronousQueue$TransferStack.awaitFulfill(SynchronousQueue.java:460)&#10;        at java.util.concurrent.SynchronousQueue$TransferStack.transfer(SynchronousQueue.java:362)&#10;        at java.util.concurrent.SynchronousQueue.poll(SynchronousQueue.java:941)&#10;        at java.util.concurrent.ThreadPoolExecutor.getTask(ThreadPoolExecutor.java:1073)&#10;        at java.util.concurrent.ThreadPoolExecutor.runWorker(ThreadPoolExecutor.java:1134)&#10;        at java.util.concurrent.ThreadPoolExecutor$Worker.run(ThreadPoolExecutor.java:624)&#10;        at java.lang.Thread.run(Thread.java:748)&#10;&quot;Datanode ReportManager Thread - 0&quot; daemon prio=5 tid=198 in Object.wait()&#10;java.lang.Thread.State: WAITING (on object monitor)&#10;        at sun.misc.Unsafe.park(Native Method)&#10;        at java.util.concurrent.locks.LockSupport.park(LockSupport.java:175)&#10;        at java.util.concurrent.locks.AbstractQueuedSynchronizer$ConditionObject.await(AbstractQueuedSynchronizer.java:2039)&#10;        at java.util.concurrent.ScheduledThreadPoolExecutor$DelayedWorkQueue.take(ScheduledThreadPoolExecutor.java:1088)&#10;        at java.util.concurrent.ScheduledThreadPoolExecutor$DelayedWorkQueue.take(ScheduledThreadPoolExecutor.java:809)&#10;        at java.util.concurrent.ThreadPoolExecutor.getTask(ThreadPoolExecutor.java:1074)&#10;        at java.util.concurrent.ThreadPoolExecutor.runWorker(ThreadPoolExecutor.java:1134)&#10;        at java.util.concurrent.ThreadPoolExecutor$Worker.run(ThreadPoolExecutor.java:624)&#10;        at java.lang.Thread.run(Thread.java:748)&#10;&quot;pool-106-thread-22&quot;  prio=5 tid=1390 in Object.wait()&#10;java.lang.Thread.State: WAITING (on object monitor)&#10;        at sun.misc.Unsafe.park(Native Method)&#10;        at java.util.concurrent.locks.LockSupport.park(LockSupport.java:175)&#10;        at java.util.concurrent.locks.AbstractQueuedSynchronizer$ConditionObject.await(AbstractQueuedSynchronizer.java:2039)&#10;        at java.util.concurrent.ArrayBlockingQueue.take(ArrayBlockingQueue.java:403)&#10;        at java.util.concurrent.ThreadPoolExecutor.getTask(ThreadPoolExecutor.java:1074)&#10;        at java.util.concurrent.ThreadPoolExecutor.runWorker(ThreadPoolExecutor.java:1134)&#10;        at java.util.concurrent.ThreadPoolExecutor$Worker.run(ThreadPoolExecutor.java:624)&#10;        at java.lang.Thread.run(Thread.java:748)&#10;&quot;pool-126-thread-18&quot;  prio=5 tid=1288 in Object.wait()&#10;java.lang.Thread.State: WAITING (on object monitor)&#10;        at sun.misc.Unsafe.park(Native Method)&#10;        at java.util.concurrent.locks.LockSupport.park(LockSupport.java:175)&#10;        at java.util.concurrent.locks.AbstractQueuedSynchronizer$ConditionObject.await(AbstractQueuedSynchronizer.java:2039)&#10;        at java.util.concurrent.ArrayBlockingQueue.take(ArrayBlockingQueue.java:403)&#10;        at java.util.concurrent.ThreadPoolExecutor.getTask(ThreadPoolExecutor.java:1074)&#10;        at java.util.concurrent.ThreadPoolExecutor.runWorker(ThreadPoolExecutor.java:1134)&#10;        at java.util.concurrent.ThreadPoolExecutor$Worker.run(ThreadPoolExecutor.java:624)&#10;        at java.lang.Thread.run(Thread.java:748)&#10;&quot;org.apache.hadoop.util.JvmPauseMonitor$Monitor@7e021dae&quot; daemon prio=5 tid=1127 timed_waiting&#10;java.lang.Thread.State: TIMED_WAITING&#10;        at java.lang.Thread.sleep(Native Method)&#10;        at org.apache.hadoop.util.JvmPauseMonitor$Monitor.run(JvmPauseMonitor.java:192)&#10;        at java.lang.Thread.run(Thread.java:748)&#10;&quot;metrics-hadoop-metrics2-reporter-4-thread-1&quot; daemon prio=5 tid=710 timed_waiting&#10;java.lang.Thread.State: TIMED_WAITING&#10;        at sun.misc.Unsafe.park(Native Method)&#10;        at java.util.concurrent.locks.LockSupport.parkNanos(LockSupport.java:215)&#10;        at java.util.concurrent.locks.AbstractQueuedSynchronizer$ConditionObject.awaitNanos(AbstractQueuedSynchronizer.java:2078)&#10;        at java.util.concurrent.ScheduledThreadPoolExecutor$DelayedWorkQueue.take(ScheduledThreadPoolExecutor.java:1093)&#10;        at java.util.concurrent.ScheduledThreadPoolExecutor$DelayedWorkQueue.take(ScheduledThreadPoolExecutor.java:809)&#10;        at java.util.concurrent.ThreadPoolExecutor.getTask(ThreadPoolExecutor.java:1074)&#10;        at java.util.concurrent.ThreadPoolExecutor.runWorker(ThreadPoolExecutor.java:1134)&#10;        at java.util.concurrent.ThreadPoolExecutor$Worker.run(ThreadPoolExecutor.java:624)&#10;        at java.lang.Thread.run(Thread.java:748)&#10;&quot;BlockDeletingService#0&quot; daemon prio=5 tid=1431 timed_waiting&#10;java.lang.Thread.State: TIMED_WAITING&#10;        at sun.misc.Unsafe.park(Native Method)&#10;        at java.util.concurrent.locks.LockSupport.parkNanos(LockSupport.java:215)&#10;        at java.util.concurrent.locks.AbstractQueuedSynchronizer$ConditionObject.awaitNanos(AbstractQueuedSynchronizer.java:2078)&#10;        at java.util.concurrent.ScheduledThreadPoolExecutor$DelayedWorkQueue.take(ScheduledThreadPoolExecutor.java:1093)&#10;        at java.util.concurrent.ScheduledThreadPoolExecutor$DelayedWorkQueue.take(ScheduledThreadPoolExecutor.java:809)&#10;        at java.util.concurrent.ThreadPoolExecutor.getTask(ThreadPoolExecutor.java:1074)&#10;        at java.util.concurrent.ThreadPoolExecutor.runWorker(ThreadPoolExecutor.java:1134)&#10;        at java.util.concurrent.ThreadPoolExecutor$Worker.run(ThreadPoolExecutor.java:624)&#10;        at java.lang.Thread.run(Thread.java:748)&#10;&quot;pool-110-thread-1&quot;  prio=5 tid=1108 timed_waiting&#10;java.lang.Thread.State: TIMED_WAITING&#10;        at sun.misc.Unsafe.park(Native Method)&#10;        at java.util.concurrent.locks.LockSupport.parkNanos(LockSupport.java:215)&#10;        at java.util.concurrent.locks.AbstractQueuedSynchronizer$ConditionObject.awaitNanos(AbstractQueuedSynchronizer.java:2078)&#10;        at java.util.concurrent.ScheduledThreadPoolExecutor$DelayedWorkQueue.take(ScheduledThreadPoolExecutor.java:1093)&#10;        at java.util.concurrent.ScheduledThreadPoolExecutor$DelayedWorkQueue.take(ScheduledThreadPoolExecutor.java:809)&#10;        at java.util.concurrent.ThreadPoolExecutor.getTask(ThreadPoolExecutor.java:1074)&#10;        at java.util.concurrent.ThreadPoolExecutor.runWorker(ThreadPoolExecutor.java:1134)&#10;        at java.util.concurrent.ThreadPoolExecutor$Worker.run(ThreadPoolExecutor.java:624)&#10;        at java.lang.Thread.run(Thread.java:748)&#10;&quot;IPC Server handler 18 on 42245&quot; daemon prio=5 tid=1044 timed_waiting&#10;java.lang.Thread.State: TIMED_WAITING&#10;        at sun.misc.Unsafe.park(Native Method)&#10;        at java.util.concurrent.locks.LockSupport.parkNanos(LockSupport.java:215)&#10;        at java.util.concurrent.locks.AbstractQueuedSynchronizer$ConditionObject.awaitNanos(AbstractQueuedSynchronizer.java:2078)&#10;        at java.util.concurrent.LinkedBlockingQueue.poll(LinkedBlockingQueue.java:467)&#10;        at org.apache.hadoop.ipc.CallQueueManager.take(CallQueueManager.java:288)&#10;        at org.apache.hadoop.ipc.Server$Handler.run(Server.java:2668)&#10;&quot;pool-116-thread-47&quot;  prio=5 tid=1241 in Object.wait()&#10;java.lang.Thread.State: WAITING (on object monitor)&#10;        at sun.misc.Unsafe.park(Native Method)&#10;        at java.util.concurrent.locks.LockSupport.park(LockSupport.java:175)&#10;        at java.util.concurrent.locks.AbstractQueuedSynchronizer$ConditionObject.await(AbstractQueuedSynchronizer.java:2039)&#10;        at java.util.concurrent.ArrayBlockingQueue.take(ArrayBlockingQueue.java:403)&#10;        at java.util.concurrent.ThreadPoolExecutor.getTask(ThreadPoolExecutor.java:1074)&#10;        at java.util.concurrent.ThreadPoolExecutor.runWorker(ThreadPoolExecutor.java:1134)&#10;        at java.util.concurrent.ThreadPoolExecutor$Worker.run(ThreadPoolExecutor.java:624)&#10;        at java.lang.Thread.run(Thread.java:748)&#10;&#10;" type="java.util.concurrent.TimeoutException">java.util.concurrent.TimeoutException: 
Timed out waiting for condition. Thread diagnostics:
Timestamp: 2019-10-17 07:44:02,185

"org.eclipse.jetty.server.session.HashSessionManager@37045b48Timer" daemon prio=5 tid=1120 timed_waiting
java.lang.Thread.State: TIMED_WAITING
        at sun.misc.Unsafe.park(Native Method)
        at java.util.concurrent.locks.LockSupport.parkNanos(LockSupport.java:215)
        at java.util.concurrent.locks.AbstractQueuedSynchronizer$ConditionObject.awaitNanos(AbstractQueuedSynchronizer.java:2078)
        at java.util.concurrent.ScheduledThreadPoolExecutor$DelayedWorkQueue.take(ScheduledThreadPoolExecutor.java:1093)
        at java.util.concurrent.ScheduledThreadPoolExecutor$DelayedWorkQueue.take(ScheduledThreadPoolExecutor.java:809)
        at java.util.concurrent.ThreadPoolExecutor.getTask(ThreadPoolExecutor.java:1074)
        at java.util.concurrent.ThreadPoolExecutor.runWorker(ThreadPoolExecutor.java:1134)
        at java.util.concurrent.ThreadPoolExecutor$Worker.run(ThreadPoolExecutor.java:624)
        at java.lang.Thread.run(Thread.java:748)
"IPC Server listener on 44367" daemon prio=5 tid=1011 runnable
java.lang.Thread.State: RUNNABLE
        at sun.nio.ch.EPollArrayWrapper.epollWait(Native Method)
        at sun.nio.ch.EPollArrayWrapper.poll(EPollArrayWrapper.java:269)
        at sun.nio.ch.EPollSelectorImpl.doSelect(EPollSelectorImpl.java:93)
        at sun.nio.ch.SelectorImpl.lockAndDoSelect(SelectorImpl.java:86)
        at sun.nio.ch.SelectorImpl.select(SelectorImpl.java:97)
        at sun.nio.ch.SelectorImpl.select(SelectorImpl.java:101)
        at org.apache.hadoop.ipc.Server$Listener.run(Server.java:1159)
"pool-116-thread-46"  prio=5 tid=1240 in Object.wait()
java.lang.Thread.State: WAITING (on object monitor)
        at sun.misc.Unsafe.park(Native Method)
        at java.util.concurrent.locks.LockSupport.park(LockSupport.java:175)
        at java.util.concurrent.locks.AbstractQueuedSynchronizer$ConditionObject.await(AbstractQueuedSynchronizer.java:2039)
        at java.util.concurrent.ArrayBlockingQueue.take(ArrayBlockingQueue.java:403)
        at java.util.concurrent.ThreadPoolExecutor.getTask(ThreadPoolExecutor.java:1074)
        at java.util.concurrent.ThreadPoolExecutor.runWorker(ThreadPoolExecutor.java:1134)
        at java.util.concurrent.ThreadPoolExecutor$Worker.run(ThreadPoolExecutor.java:624)
        at java.lang.Thread.run(Thread.java:748)
"2a93f7e5-ecb9-41da-9c47-70e13ba76d7d@group-A9EE991D717F-StateMachineUpdater" daemon prio=5 tid=1134 in Object.wait()
java.lang.Thread.State: WAITING (on object monitor)
        at java.lang.Object.wait(Native Method)
        at java.lang.Object.wait(Object.java:502)
        at org.apache.ratis.server.impl.StateMachineUpdater.waitForCommit(StateMachineUpdater.java:194)
        at org.apache.ratis.server.impl.StateMachineUpdater.run(StateMachineUpdater.java:159)
        at java.lang.Thread.run(Thread.java:748)
"pool-126-thread-45"  prio=5 tid=1315 in Object.wait()
java.lang.Thread.State: WAITING (on object monitor)
        at sun.misc.Unsafe.park(Native Method)
        at java.util.concurrent.locks.LockSupport.park(LockSupport.java:175)
        at java.util.concurrent.locks.AbstractQueuedSynchronizer$ConditionObject.await(AbstractQueuedSynchronizer.java:2039)
        at java.util.concurrent.ArrayBlockingQueue.take(ArrayBlockingQueue.java:403)
        at java.util.concurrent.ThreadPoolExecutor.getTask(ThreadPoolExecutor.java:1074)
        at java.util.concurrent.ThreadPoolExecutor.runWorker(ThreadPoolExecutor.java:1134)
        at java.util.concurrent.ThreadPoolExecutor$Worker.run(ThreadPoolExecutor.java:624)
        at java.lang.Thread.run(Thread.java:748)
"pool-106-thread-42"  prio=5 tid=1410 in Object.wait()
java.lang.Thread.State: WAITING (on object monitor)
        at sun.misc.Unsafe.park(Native Method)
        at java.util.concurrent.locks.LockSupport.park(LockSupport.java:175)
        at java.util.concurrent.locks.AbstractQueuedSynchronizer$ConditionObject.await(AbstractQueuedSynchronizer.java:2039)
        at java.util.concurrent.ArrayBlockingQueue.take(ArrayBlockingQueue.java:403)
        at java.util.concurrent.ThreadPoolExecutor.getTask(ThreadPoolExecutor.java:1074)
        at java.util.concurrent.ThreadPoolExecutor.runWorker(ThreadPoolExecutor.java:1134)
        at java.util.concurrent.ThreadPoolExecutor$Worker.run(ThreadPoolExecutor.java:624)
        at java.lang.Thread.run(Thread.java:748)
"qtp1937575946-1110" daemon prio=5 tid=1110 timed_waiting
java.lang.Thread.State: TIMED_WAITING
        at sun.misc.Unsafe.park(Native Method)
        at java.util.concurrent.locks.LockSupport.parkNanos(LockSupport.java:215)
        at java.util.concurrent.locks.AbstractQueuedSynchronizer$ConditionObject.awaitNanos(AbstractQueuedSynchronizer.java:2078)
        at org.eclipse.jetty.util.BlockingArrayQueue.poll(BlockingArrayQueue.java:392)
        at org.eclipse.jetty.util.thread.QueuedThreadPool.idleJobPoll(QueuedThreadPool.java:563)
        at org.eclipse.jetty.util.thread.QueuedThreadPool.access$800(QueuedThreadPool.java:48)
        at org.eclipse.jetty.util.thread.QueuedThreadPool$2.run(QueuedThreadPool.java:626)
        at java.lang.Thread.run(Thread.java:748)
"Timer-2"  prio=5 tid=971 timed_waiting
java.lang.Thread.State: TIMED_WAITING
        at java.lang.Object.wait(Native Method)
        at java.util.TimerThread.mainLoop(Timer.java:552)
        at java.util.TimerThread.run(Timer.java:505)
"IPC Server handler 13 on 34783" daemon prio=5 tid=990 timed_waiting
java.lang.Thread.State: TIMED_WAITING
        at sun.misc.Unsafe.park(Native Method)
        at java.util.concurrent.locks.LockSupport.parkNanos(LockSupport.java:215)
        at java.util.concurrent.locks.AbstractQueuedSynchronizer$ConditionObject.awaitNanos(AbstractQueuedSynchronizer.java:2078)
        at java.util.concurrent.LinkedBlockingQueue.poll(LinkedBlockingQueue.java:467)
        at org.apache.hadoop.ipc.CallQueueManager.take(CallQueueManager.java:288)
        at org.apache.hadoop.ipc.Server$Handler.run(Server.java:2668)
"Datanode ReportManager Thread - 3" daemon prio=5 tid=228 timed_waiting
java.lang.Thread.State: TIMED_WAITING
        at sun.misc.Unsafe.park(Native Method)
        at java.util.concurrent.locks.LockSupport.parkNanos(LockSupport.java:215)
        at java.util.concurrent.locks.AbstractQueuedSynchronizer$ConditionObject.awaitNanos(AbstractQueuedSynchronizer.java:2078)
        at java.util.concurrent.ScheduledThreadPoolExecutor$DelayedWorkQueue.take(ScheduledThreadPoolExecutor.java:1093)
        at java.util.concurrent.ScheduledThreadPoolExecutor$DelayedWorkQueue.take(ScheduledThreadPoolExecutor.java:809)
        at java.util.concurrent.ThreadPoolExecutor.getTask(ThreadPoolExecutor.java:1074)
        at java.util.concurrent.ThreadPoolExecutor.runWorker(ThreadPoolExecutor.java:1134)
        at java.util.concurrent.ThreadPoolExecutor$Worker.run(ThreadPoolExecutor.java:624)
        at java.lang.Thread.run(Thread.java:748)
"Datanode ReportManager Thread - 1" daemon prio=5 tid=226 in Object.wait()
java.lang.Thread.State: WAITING (on object monitor)
        at sun.misc.Unsafe.park(Native Method)
        at java.util.concurrent.locks.LockSupport.park(LockSupport.java:175)
        at java.util.concurrent.locks.AbstractQueuedSynchronizer$ConditionObject.await(AbstractQueuedSynchronizer.java:2039)
        at java.util.concurrent.ScheduledThreadPoolExecutor$DelayedWorkQueue.take(ScheduledThreadPoolExecutor.java:1088)
        at java.util.concurrent.ScheduledThreadPoolExecutor$DelayedWorkQueue.take(ScheduledThreadPoolExecutor.java:809)
        at java.util.concurrent.ThreadPoolExecutor.getTask(ThreadPoolExecutor.java:1074)
        at java.util.concurrent.ThreadPoolExecutor.runWorker(ThreadPoolExecutor.java:1134)
        at java.util.concurrent.ThreadPoolExecutor$Worker.run(ThreadPoolExecutor.java:624)
        at java.lang.Thread.run(Thread.java:748)
"RatisPipelineUtilsThread"  prio=5 tid=1264 in Object.wait()
java.lang.Thread.State: WAITING (on object monitor)
        at sun.misc.Unsafe.park(Native Method)
        at java.util.concurrent.locks.LockSupport.park(LockSupport.java:175)
        at java.util.concurrent.locks.AbstractQueuedSynchronizer$ConditionObject.await(AbstractQueuedSynchronizer.java:2039)
        at java.util.concurrent.ScheduledThreadPoolExecutor$DelayedWorkQueue.take(ScheduledThreadPoolExecutor.java:1081)
        at java.util.concurrent.ScheduledThreadPoolExecutor$DelayedWorkQueue.take(ScheduledThreadPoolExecutor.java:809)
        at java.util.concurrent.ThreadPoolExecutor.getTask(ThreadPoolExecutor.java:1074)
        at java.util.concurrent.ThreadPoolExecutor.runWorker(ThreadPoolExecutor.java:1134)
        at java.util.concurrent.ThreadPoolExecutor$Worker.run(ThreadPoolExecutor.java:624)
        at java.lang.Thread.run(Thread.java:748)
"org.eclipse.jetty.server.session.HashSessionManager@5f254608Timer" daemon prio=5 tid=1094 timed_waiting
java.lang.Thread.State: TIMED_WAITING
        at sun.misc.Unsafe.park(Native Method)
        at java.util.concurrent.locks.LockSupport.parkNanos(LockSupport.java:215)
        at java.util.concurrent.locks.AbstractQueuedSynchronizer$ConditionObject.awaitNanos(AbstractQueuedSynchronizer.java:2078)
        at java.util.concurrent.ScheduledThreadPoolExecutor$DelayedWorkQueue.take(ScheduledThreadPoolExecutor.java:1093)
        at java.util.concurrent.ScheduledThreadPoolExecutor$DelayedWorkQueue.take(ScheduledThreadPoolExecutor.java:809)
        at java.util.concurrent.ThreadPoolExecutor.getTask(ThreadPoolExecutor.java:1074)
        at java.util.concurrent.ThreadPoolExecutor.runWorker(ThreadPoolExecutor.java:1134)
        at java.util.concurrent.ThreadPoolExecutor$Worker.run(ThreadPoolExecutor.java:624)
        at java.lang.Thread.run(Thread.java:748)
"qtp1723177853-1086" daemon prio=5 tid=1086 runnable
java.lang.Thread.State: RUNNABLE
        at sun.nio.ch.EPollArrayWrapper.epollWait(Native Method)
        at sun.nio.ch.EPollArrayWrapper.poll(EPollArrayWrapper.java:269)
        at sun.nio.ch.EPollSelectorImpl.doSelect(EPollSelectorImpl.java:93)
        at sun.nio.ch.SelectorImpl.lockAndDoSelect(SelectorImpl.java:86)
        at sun.nio.ch.SelectorImpl.select(SelectorImpl.java:97)
        at sun.nio.ch.SelectorImpl.select(SelectorImpl.java:101)
        at org.eclipse.jetty.io.ManagedSelector$SelectorProducer.select(ManagedSelector.java:243)
        at org.eclipse.jetty.io.ManagedSelector$SelectorProducer.produce(ManagedSelector.java:191)
        at org.eclipse.jetty.util.thread.strategy.ExecuteProduceConsume.executeProduceConsume(ExecuteProduceConsume.java:249)
        at org.eclipse.jetty.util.thread.strategy.ExecuteProduceConsume.produceConsume(ExecuteProduceConsume.java:148)
        at org.eclipse.jetty.util.thread.strategy.ExecuteProduceConsume.execute(ExecuteProduceConsume.java:100)
        at org.eclipse.jetty.io.ManagedSelector.run(ManagedSelector.java:147)
        at org.eclipse.jetty.util.thread.QueuedThreadPool.runJob(QueuedThreadPool.java:671)
        at org.eclipse.jetty.util.thread.QueuedThreadPool$2.run(QueuedThreadPool.java:589)
        at java.lang.Thread.run(Thread.java:748)
"pool-106-thread-48"  prio=5 tid=1416 in Object.wait()
java.lang.Thread.State: WAITING (on object monitor)
        at sun.misc.Unsafe.park(Native Method)
        at java.util.concurrent.locks.LockSupport.park(LockSupport.java:175)
        at java.util.concurrent.locks.AbstractQueuedSynchronizer$ConditionObject.await(AbstractQueuedSynchronizer.java:2039)
        at java.util.concurrent.ArrayBlockingQueue.take(ArrayBlockingQueue.java:403)
        at java.util.concurrent.ThreadPoolExecutor.getTask(ThreadPoolExecutor.java:1074)
        at java.util.concurrent.ThreadPoolExecutor.runWorker(ThreadPoolExecutor.java:1134)
        at java.util.concurrent.ThreadPoolExecutor$Worker.run(ThreadPoolExecutor.java:624)
        at java.lang.Thread.run(Thread.java:748)
"Command processor thread" daemon prio=5 tid=1158 timed_waiting
java.lang.Thread.State: TIMED_WAITING
        at java.lang.Thread.sleep(Native Method)
        at org.apache.hadoop.ozone.container.common.statemachine.DatanodeStateMachine.lambda$initCommandHandlerThread$1(DatanodeStateMachine.java:439)
        at org.apache.hadoop.ozone.container.common.statemachine.DatanodeStateMachine$$Lambda$142/994213108.run(Unknown Source)
        at java.lang.Thread.run(Thread.java:748)
"main"  prio=5 tid=1 runnable
java.lang.Thread.State: RUNNABLE
        at java.lang.Thread.dumpThreads(Native Method)
        at java.lang.Thread.getAllStackTraces(Thread.java:1610)
        at org.apache.hadoop.test.TimedOutTestsListener.buildThreadDump(TimedOutTestsListener.java:87)
        at org.apache.hadoop.test.TimedOutTestsListener.buildThreadDiagnosticString(TimedOutTestsListener.java:73)
        at org.apache.hadoop.test.GenericTestUtils.waitFor(GenericTestUtils.java:389)
        at org.apache.hadoop.hdds.scm.safemode.TestSCMSafeModeWithPipelineRules.testScmSafeMode(TestSCMSafeModeWithPipelineRules.java:116)
        at sun.reflect.NativeMethodAccessorImpl.invoke0(Native Method)
        at sun.reflect.NativeMethodAccessorImpl.invoke(NativeMethodAccessorImpl.java:62)
        at sun.reflect.DelegatingMethodAccessorImpl.invoke(DelegatingMethodAccessorImpl.java:43)
        at java.lang.reflect.Method.invoke(Method.java:498)
        at org.junit.runners.model.FrameworkMethod$1.runReflectiveCall(FrameworkMethod.java:47)
        at org.junit.internal.runners.model.ReflectiveCallable.run(ReflectiveCallable.java:12)
        at org.junit.runners.model.FrameworkMethod.invokeExplosively(FrameworkMethod.java:44)
        at org.junit.internal.runners.statements.InvokeMethod.evaluate(InvokeMethod.java:17)
        at org.junit.internal.runners.statements.RunAfters.evaluate(RunAfters.java:27)
        at org.junit.rules.ExternalResource$1.evaluate(ExternalResource.java:48)
        at org.junit.rules.RunRules.evaluate(RunRules.java:20)
        at org.junit.runners.ParentRunner.runLeaf(ParentRunner.java:271)
        at org.junit.runners.BlockJUnit4ClassRunner.runChild(BlockJUnit4ClassRunner.java:70)
        at org.junit.runners.BlockJUnit4ClassRunner.runChild(BlockJUnit4ClassRunner.java:50)
        at org.junit.runners.ParentRunner$3.run(ParentRunner.java:238)
        at org.junit.runners.ParentRunner$1.schedule(ParentRunner.java:63)
        at org.junit.runners.ParentRunner.runChildren(ParentRunner.java:236)
        at org.junit.runners.ParentRunner.access$000(ParentRunner.java:53)
        at org.junit.runners.ParentRunner$2.evaluate(ParentRunner.java:229)
        at org.junit.runners.ParentRunner.run(ParentRunner.java:309)
        at org.apache.maven.surefire.junit4.JUnit4Provider.execute(JUnit4Provider.java:365)
        at org.apache.maven.surefire.junit4.JUnit4Provider.executeWithRerun(JUnit4Provider.java:273)
        at org.apache.maven.surefire.junit4.JUnit4Provider.executeTestSet(JUnit4Provider.java:238)
        at org.apache.maven.surefire.junit4.JUnit4Provider.invoke(JUnit4Provider.java:159)
        at org.apache.maven.surefire.booter.ForkedBooter.invokeProviderInSameClassLoader(ForkedBooter.java:384)
        at org.apache.maven.surefire.booter.ForkedBooter.runSuitesInProcess(ForkedBooter.java:345)
        at org.apache.maven.surefire.booter.ForkedBooter.execute(ForkedBooter.java:126)
        at org.apache.maven.surefire.booter.ForkedBooter.main(ForkedBooter.java:418)
"IPC Server handler 16 on 42245" daemon prio=5 tid=1042 timed_waiting
java.lang.Thread.State: TIMED_WAITING
        at sun.misc.Unsafe.park(Native Method)
        at java.util.concurrent.locks.LockSupport.parkNanos(LockSupport.java:215)
        at java.util.concurrent.locks.AbstractQueuedSynchronizer$ConditionObject.awaitNanos(AbstractQueuedSynchronizer.java:2078)
        at java.util.concurrent.LinkedBlockingQueue.poll(LinkedBlockingQueue.java:467)
        at org.apache.hadoop.ipc.CallQueueManager.take(CallQueueManager.java:288)
        at org.apache.hadoop.ipc.Server$Handler.run(Server.java:2668)
"pool-106-thread-9"  prio=5 tid=1377 in Object.wait()
java.lang.Thread.State: WAITING (on object monitor)
        at sun.misc.Unsafe.park(Native Method)
        at java.util.concurrent.locks.LockSupport.park(LockSupport.java:175)
        at java.util.concurrent.locks.AbstractQueuedSynchronizer$ConditionObject.await(AbstractQueuedSynchronizer.java:2039)
        at java.util.concurrent.ArrayBlockingQueue.take(ArrayBlockingQueue.java:403)
        at java.util.concurrent.ThreadPoolExecutor.getTask(ThreadPoolExecutor.java:1074)
        at java.util.concurrent.ThreadPoolExecutor.runWorker(ThreadPoolExecutor.java:1134)
        at java.util.concurrent.ThreadPoolExecutor$Worker.run(ThreadPoolExecutor.java:624)
        at java.lang.Thread.run(Thread.java:748)
"Datanode State Machine Thread - 0" daemon prio=5 tid=1191 timed_waiting
java.lang.Thread.State: TIMED_WAITING
        at sun.misc.Unsafe.park(Native Method)
        at java.util.concurrent.locks.LockSupport.parkNanos(LockSupport.java:215)
        at java.util.concurrent.SynchronousQueue$TransferStack.awaitFulfill(SynchronousQueue.java:460)
        at java.util.concurrent.SynchronousQueue$TransferStack.transfer(SynchronousQueue.java:362)
        at java.util.concurrent.SynchronousQueue.poll(SynchronousQueue.java:941)
        at java.util.concurrent.ThreadPoolExecutor.getTask(ThreadPoolExecutor.java:1073)
        at java.util.concurrent.ThreadPoolExecutor.runWorker(ThreadPoolExecutor.java:1134)
        at java.util.concurrent.ThreadPoolExecutor$Worker.run(ThreadPoolExecutor.java:624)
        at java.lang.Thread.run(Thread.java:748)
"pool-126-thread-21"  prio=5 tid=1291 in Object.wait()
java.lang.Thread.State: WAITING (on object monitor)
        at sun.misc.Unsafe.park(Native Method)
        at java.util.concurrent.locks.LockSupport.park(LockSupport.java:175)
        at java.util.concurrent.locks.AbstractQueuedSynchronizer$ConditionObject.await(AbstractQueuedSynchronizer.java:2039)
        at java.util.concurrent.ArrayBlockingQueue.take(ArrayBlockingQueue.java:403)
        at java.util.concurrent.ThreadPoolExecutor.getTask(ThreadPoolExecutor.java:1074)
        at java.util.concurrent.ThreadPoolExecutor.runWorker(ThreadPoolExecutor.java:1134)
        at java.util.concurrent.ThreadPoolExecutor$Worker.run(ThreadPoolExecutor.java:624)
        at java.lang.Thread.run(Thread.java:748)
"org.eclipse.jetty.server.session.HashSessionManager@2a8a4e0cTimer" daemon prio=5 tid=1147 timed_waiting
java.lang.Thread.State: TIMED_WAITING
        at sun.misc.Unsafe.park(Native Method)
        at java.util.concurrent.locks.LockSupport.parkNanos(LockSupport.java:215)
        at java.util.concurrent.locks.AbstractQueuedSynchronizer$ConditionObject.awaitNanos(AbstractQueuedSynchronizer.java:2078)
        at java.util.concurrent.ScheduledThreadPoolExecutor$DelayedWorkQueue.take(ScheduledThreadPoolExecutor.java:1093)
        at java.util.concurrent.ScheduledThreadPoolExecutor$DelayedWorkQueue.take(ScheduledThreadPoolExecutor.java:809)
        at java.util.concurrent.ThreadPoolExecutor.getTask(ThreadPoolExecutor.java:1074)
        at java.util.concurrent.ThreadPoolExecutor.runWorker(ThreadPoolExecutor.java:1134)
        at java.util.concurrent.ThreadPoolExecutor$Worker.run(ThreadPoolExecutor.java:624)
        at java.lang.Thread.run(Thread.java:748)
"metrics-hadoop-metrics2-reporter-28-thread-1" daemon prio=5 tid=769 timed_waiting
java.lang.Thread.State: TIMED_WAITING
        at sun.misc.Unsafe.park(Native Method)
        at java.util.concurrent.locks.LockSupport.parkNanos(LockSupport.java:215)
        at java.util.concurrent.locks.AbstractQueuedSynchronizer$ConditionObject.awaitNanos(AbstractQueuedSynchronizer.java:2078)
        at java.util.concurrent.ScheduledThreadPoolExecutor$DelayedWorkQueue.take(ScheduledThreadPoolExecutor.java:1093)
        at java.util.concurrent.ScheduledThreadPoolExecutor$DelayedWorkQueue.take(ScheduledThreadPoolExecutor.java:809)
        at java.util.concurrent.ThreadPoolExecutor.getTask(ThreadPoolExecutor.java:1074)
        at java.util.concurrent.ThreadPoolExecutor.runWorker(ThreadPoolExecutor.java:1134)
        at java.util.concurrent.ThreadPoolExecutor$Worker.run(ThreadPoolExecutor.java:624)
        at java.lang.Thread.run(Thread.java:748)
"pool-126-thread-42"  prio=5 tid=1312 in Object.wait()
java.lang.Thread.State: WAITING (on object monitor)
        at sun.misc.Unsafe.park(Native Method)
        at java.util.concurrent.locks.LockSupport.park(LockSupport.java:175)
        at java.util.concurrent.locks.AbstractQueuedSynchronizer$ConditionObject.await(AbstractQueuedSynchronizer.java:2039)
        at java.util.concurrent.ArrayBlockingQueue.take(ArrayBlockingQueue.java:403)
        at java.util.concurrent.ThreadPoolExecutor.getTask(ThreadPoolExecutor.java:1074)
        at java.util.concurrent.ThreadPoolExecutor.runWorker(ThreadPoolExecutor.java:1134)
        at java.util.concurrent.ThreadPoolExecutor$Worker.run(ThreadPoolExecutor.java:624)
        at java.lang.Thread.run(Thread.java:748)
"metrics-hadoop-metrics2-reporter-21-thread-1" daemon prio=5 tid=754 timed_waiting
java.lang.Thread.State: TIMED_WAITING
        at sun.misc.Unsafe.park(Native Method)
        at java.util.concurrent.locks.LockSupport.parkNanos(LockSupport.java:215)
        at java.util.concurrent.locks.AbstractQueuedSynchronizer$ConditionObject.awaitNanos(AbstractQueuedSynchronizer.java:2078)
        at java.util.concurrent.ScheduledThreadPoolExecutor$DelayedWorkQueue.take(ScheduledThreadPoolExecutor.java:1093)
        at java.util.concurrent.ScheduledThreadPoolExecutor$DelayedWorkQueue.take(ScheduledThreadPoolExecutor.java:809)
        at java.util.concurrent.ThreadPoolExecutor.getTask(ThreadPoolExecutor.java:1074)
        at java.util.concurrent.ThreadPoolExecutor.runWorker(ThreadPoolExecutor.java:1134)
        at java.util.concurrent.ThreadPoolExecutor$Worker.run(ThreadPoolExecutor.java:624)
        at java.lang.Thread.run(Thread.java:748)
"IPC Server handler 6 on 34783" daemon prio=5 tid=983 timed_waiting
java.lang.Thread.State: TIMED_WAITING
        at sun.misc.Unsafe.park(Native Method)
        at java.util.concurrent.locks.LockSupport.parkNanos(LockSupport.java:215)
        at java.util.concurrent.locks.AbstractQueuedSynchronizer$ConditionObject.awaitNanos(AbstractQueuedSynchronizer.java:2078)
        at java.util.concurrent.LinkedBlockingQueue.poll(LinkedBlockingQueue.java:467)
        at org.apache.hadoop.ipc.CallQueueManager.take(CallQueueManager.java:288)
        at org.apache.hadoop.ipc.Server$Handler.run(Server.java:2668)
"grpc-default-worker-ELG-5-2" daemon prio=5 tid=1340 runnable
java.lang.Thread.State: RUNNABLE
        at sun.nio.ch.EPollArrayWrapper.epollWait(Native Method)
        at sun.nio.ch.EPollArrayWrapper.poll(EPollArrayWrapper.java:269)
        at sun.nio.ch.EPollSelectorImpl.doSelect(EPollSelectorImpl.java:93)
        at sun.nio.ch.SelectorImpl.lockAndDoSelect(SelectorImpl.java:86)
        at sun.nio.ch.SelectorImpl.select(SelectorImpl.java:97)
        at org.apache.ratis.thirdparty.io.netty.channel.nio.SelectedSelectionKeySetSelector.select(SelectedSelectionKeySetSelector.java:62)
        at org.apache.ratis.thirdparty.io.netty.channel.nio.NioEventLoop.select(NioEventLoop.java:753)
        at org.apache.ratis.thirdparty.io.netty.channel.nio.NioEventLoop.run(NioEventLoop.java:408)
        at org.apache.ratis.thirdparty.io.netty.util.concurrent.SingleThreadEventExecutor$5.run(SingleThreadEventExecutor.java:897)
        at org.apache.ratis.thirdparty.io.netty.util.concurrent.FastThreadLocalRunnable.run(FastThreadLocalRunnable.java:30)
        at java.lang.Thread.run(Thread.java:748)
"OMDoubleBufferFlushThread" daemon prio=5 tid=972 timed_waiting
java.lang.Thread.State: TIMED_WAITING
        at java.lang.Object.wait(Native Method)
        at org.apache.hadoop.ozone.om.ratis.OzoneManagerDoubleBuffer.canFlush(OzoneManagerDoubleBuffer.java:322)
        at org.apache.hadoop.ozone.om.ratis.OzoneManagerDoubleBuffer.flushTransactions(OzoneManagerDoubleBuffer.java:130)
        at org.apache.hadoop.ozone.om.ratis.OzoneManagerDoubleBuffer$$Lambda$50/173059685.run(Unknown Source)
        at java.lang.Thread.run(Thread.java:748)
"pool-106-thread-16"  prio=5 tid=1384 in Object.wait()
java.lang.Thread.State: WAITING (on object monitor)
        at sun.misc.Unsafe.park(Native Method)
        at java.util.concurrent.locks.LockSupport.park(LockSupport.java:175)
        at java.util.concurrent.locks.AbstractQueuedSynchronizer$ConditionObject.await(AbstractQueuedSynchronizer.java:2039)
        at java.util.concurrent.ArrayBlockingQueue.take(ArrayBlockingQueue.java:403)
        at java.util.concurrent.ThreadPoolExecutor.getTask(ThreadPoolExecutor.java:1074)
        at java.util.concurrent.ThreadPoolExecutor.runWorker(ThreadPoolExecutor.java:1134)
        at java.util.concurrent.ThreadPoolExecutor$Worker.run(ThreadPoolExecutor.java:624)
        at java.lang.Thread.run(Thread.java:748)
"IPC Server idle connection scanner for port 34783" daemon prio=5 tid=975 timed_waiting
java.lang.Thread.State: TIMED_WAITING
        at java.lang.Object.wait(Native Method)
        at java.util.TimerThread.mainLoop(Timer.java:552)
        at java.util.TimerThread.run(Timer.java:505)
"pool-116-thread-14"  prio=5 tid=1208 in Object.wait()
java.lang.Thread.State: WAITING (on object monitor)
        at sun.misc.Unsafe.park(Native Method)
        at java.util.concurrent.locks.LockSupport.park(LockSupport.java:175)
        at java.util.concurrent.locks.AbstractQueuedSynchronizer$ConditionObject.await(AbstractQueuedSynchronizer.java:2039)
        at java.util.concurrent.ArrayBlockingQueue.take(ArrayBlockingQueue.java:403)
        at java.util.concurrent.ThreadPoolExecutor.getTask(ThreadPoolExecutor.java:1074)
        at java.util.concurrent.ThreadPoolExecutor.runWorker(ThreadPoolExecutor.java:1134)
        at java.util.concurrent.ThreadPoolExecutor$Worker.run(ThreadPoolExecutor.java:624)
        at java.lang.Thread.run(Thread.java:748)
"org.eclipse.jetty.server.session.HashSessionManager@1645f294Timer" daemon prio=5 tid=1095 timed_waiting
java.lang.Thread.State: TIMED_WAITING
        at sun.misc.Unsafe.park(Native Method)
        at java.util.concurrent.locks.LockSupport.parkNanos(LockSupport.java:215)
        at java.util.concurrent.locks.AbstractQueuedSynchronizer$ConditionObject.awaitNanos(AbstractQueuedSynchronizer.java:2078)
        at java.util.concurrent.ScheduledThreadPoolExecutor$DelayedWorkQueue.take(ScheduledThreadPoolExecutor.java:1093)
        at java.util.concurrent.ScheduledThreadPoolExecutor$DelayedWorkQueue.take(ScheduledThreadPoolExecutor.java:809)
        at java.util.concurrent.ThreadPoolExecutor.getTask(ThreadPoolExecutor.java:1074)
        at java.util.concurrent.ThreadPoolExecutor.runWorker(ThreadPoolExecutor.java:1134)
        at java.util.concurrent.ThreadPoolExecutor$Worker.run(ThreadPoolExecutor.java:624)
        at java.lang.Thread.run(Thread.java:748)
"pool-126-thread-36"  prio=5 tid=1306 in Object.wait()
java.lang.Thread.State: WAITING (on object monitor)
        at sun.misc.Unsafe.park(Native Method)
        at java.util.concurrent.locks.LockSupport.park(LockSupport.java:175)
        at java.util.concurrent.locks.AbstractQueuedSynchronizer$ConditionObject.await(AbstractQueuedSynchronizer.java:2039)
        at java.util.concurrent.ArrayBlockingQueue.take(ArrayBlockingQueue.java:403)
        at java.util.concurrent.ThreadPoolExecutor.getTask(ThreadPoolExecutor.java:1074)
        at java.util.concurrent.ThreadPoolExecutor.runWorker(ThreadPoolExecutor.java:1134)
        at java.util.concurrent.ThreadPoolExecutor$Worker.run(ThreadPoolExecutor.java:624)
        at java.lang.Thread.run(Thread.java:748)
"IPC Server handler 7 on 34783" daemon prio=5 tid=984 timed_waiting
java.lang.Thread.State: TIMED_WAITING
        at sun.misc.Unsafe.park(Native Method)
        at java.util.concurrent.locks.LockSupport.parkNanos(LockSupport.java:215)
        at java.util.concurrent.locks.AbstractQueuedSynchronizer$ConditionObject.awaitNanos(AbstractQueuedSynchronizer.java:2078)
        at java.util.concurrent.LinkedBlockingQueue.poll(LinkedBlockingQueue.java:467)
        at org.apache.hadoop.ipc.CallQueueManager.take(CallQueueManager.java:288)
        at org.apache.hadoop.ipc.Server$Handler.run(Server.java:2668)
"IPC Server Responder" daemon prio=5 tid=976 runnable
java.lang.Thread.State: RUNNABLE
        at sun.nio.ch.EPollArrayWrapper.epollWait(Native Method)
        at sun.nio.ch.EPollArrayWrapper.poll(EPollArrayWrapper.java:269)
        at sun.nio.ch.EPollSelectorImpl.doSelect(EPollSelectorImpl.java:93)
        at sun.nio.ch.SelectorImpl.lockAndDoSelect(SelectorImpl.java:86)
        at sun.nio.ch.SelectorImpl.select(SelectorImpl.java:97)
        at org.apache.hadoop.ipc.Server$Responder.doRunLoop(Server.java:1334)
        at org.apache.hadoop.ipc.Server$Responder.run(Server.java:1317)
"metrics-hadoop-metrics2-reporter-1-thread-1" daemon prio=5 tid=704 timed_waiting
java.lang.Thread.State: TIMED_WAITING
        at sun.misc.Unsafe.park(Native Method)
        at java.util.concurrent.locks.LockSupport.parkNanos(LockSupport.java:215)
        at java.util.concurrent.locks.AbstractQueuedSynchronizer$ConditionObject.awaitNanos(AbstractQueuedSynchronizer.java:2078)
        at java.util.concurrent.ScheduledThreadPoolExecutor$DelayedWorkQueue.take(ScheduledThreadPoolExecutor.java:1093)
        at java.util.concurrent.ScheduledThreadPoolExecutor$DelayedWorkQueue.take(ScheduledThreadPoolExecutor.java:809)
        at java.util.concurrent.ThreadPoolExecutor.getTask(ThreadPoolExecutor.java:1074)
        at java.util.concurrent.ThreadPoolExecutor.runWorker(ThreadPoolExecutor.java:1134)
        at java.util.concurrent.ThreadPoolExecutor$Worker.run(ThreadPoolExecutor.java:624)
        at java.lang.Thread.run(Thread.java:748)
"Periodic HDDS volume checker"  prio=5 tid=1102 timed_waiting
java.lang.Thread.State: TIMED_WAITING
        at sun.misc.Unsafe.park(Native Method)
        at java.util.concurrent.locks.LockSupport.parkNanos(LockSupport.java:215)
        at java.util.concurrent.locks.AbstractQueuedSynchronizer$ConditionObject.awaitNanos(AbstractQueuedSynchronizer.java:2078)
        at java.util.concurrent.ScheduledThreadPoolExecutor$DelayedWorkQueue.take(ScheduledThreadPoolExecutor.java:1093)
        at java.util.concurrent.ScheduledThreadPoolExecutor$DelayedWorkQueue.take(ScheduledThreadPoolExecutor.java:809)
        at java.util.concurrent.ThreadPoolExecutor.getTask(ThreadPoolExecutor.java:1074)
        at java.util.concurrent.ThreadPoolExecutor.runWorker(ThreadPoolExecutor.java:1134)
        at java.util.concurrent.ThreadPoolExecutor$Worker.run(ThreadPoolExecutor.java:624)
        at java.lang.Thread.run(Thread.java:748)
"qtp1014555985-1143" daemon prio=5 tid=1143 timed_waiting
java.lang.Thread.State: TIMED_WAITING
        at sun.misc.Unsafe.park(Native Method)
        at java.util.concurrent.locks.LockSupport.parkNanos(LockSupport.java:215)
        at java.util.concurrent.locks.AbstractQueuedSynchronizer$ConditionObject.awaitNanos(AbstractQueuedSynchronizer.java:2078)
        at org.eclipse.jetty.util.BlockingArrayQueue.poll(BlockingArrayQueue.java:392)
        at org.eclipse.jetty.util.thread.QueuedThreadPool.idleJobPoll(QueuedThreadPool.java:563)
        at org.eclipse.jetty.util.thread.QueuedThreadPool.access$800(QueuedThreadPool.java:48)
        at org.eclipse.jetty.util.thread.QueuedThreadPool$2.run(QueuedThreadPool.java:626)
        at java.lang.Thread.run(Thread.java:748)
"pool-126-thread-24"  prio=5 tid=1294 in Object.wait()
java.lang.Thread.State: WAITING (on object monitor)
        at sun.misc.Unsafe.park(Native Method)
        at java.util.concurrent.locks.LockSupport.park(LockSupport.java:175)
        at java.util.concurrent.locks.AbstractQueuedSynchronizer$ConditionObject.await(AbstractQueuedSynchronizer.java:2039)
        at java.util.concurrent.ArrayBlockingQueue.take(ArrayBlockingQueue.java:403)
        at java.util.concurrent.ThreadPoolExecutor.getTask(ThreadPoolExecutor.java:1074)
        at java.util.concurrent.ThreadPoolExecutor.runWorker(ThreadPoolExecutor.java:1134)
        at java.util.concurrent.ThreadPoolExecutor$Worker.run(ThreadPoolExecutor.java:624)
        at java.lang.Thread.run(Thread.java:748)
"pool-106-thread-49"  prio=5 tid=1417 in Object.wait()
java.lang.Thread.State: WAITING (on object monitor)
        at sun.misc.Unsafe.park(Native Method)
        at java.util.concurrent.locks.LockSupport.park(LockSupport.java:175)
        at java.util.concurrent.locks.AbstractQueuedSynchronizer$ConditionObject.await(AbstractQueuedSynchronizer.java:2039)
        at java.util.concurrent.ArrayBlockingQueue.take(ArrayBlockingQueue.java:403)
        at java.util.concurrent.ThreadPoolExecutor.getTask(ThreadPoolExecutor.java:1074)
        at java.util.concurrent.ThreadPoolExecutor.runWorker(ThreadPoolExecutor.java:1134)
        at java.util.concurrent.ThreadPoolExecutor$Worker.run(ThreadPoolExecutor.java:624)
        at java.lang.Thread.run(Thread.java:748)
"IPC Server handler 11 on 34783" daemon prio=5 tid=988 timed_waiting
java.lang.Thread.State: TIMED_WAITING
        at sun.misc.Unsafe.park(Native Method)
        at java.util.concurrent.locks.LockSupport.parkNanos(LockSupport.java:215)
        at java.util.concurrent.locks.AbstractQueuedSynchronizer$ConditionObject.awaitNanos(AbstractQueuedSynchronizer.java:2078)
        at java.util.concurrent.LinkedBlockingQueue.poll(LinkedBlockingQueue.java:467)
        at org.apache.hadoop.ipc.CallQueueManager.take(CallQueueManager.java:288)
        at org.apache.hadoop.ipc.Server$Handler.run(Server.java:2668)
"metrics-hadoop-metrics2-reporter-5-thread-1" daemon prio=5 tid=716 timed_waiting
java.lang.Thread.State: TIMED_WAITING
        at sun.misc.Unsafe.park(Native Method)
        at java.util.concurrent.locks.LockSupport.parkNanos(LockSupport.java:215)
        at java.util.concurrent.locks.AbstractQueuedSynchronizer$ConditionObject.awaitNanos(AbstractQueuedSynchronizer.java:2078)
        at java.util.concurrent.ScheduledThreadPoolExecutor$DelayedWorkQueue.take(ScheduledThreadPoolExecutor.java:1093)
        at java.util.concurrent.ScheduledThreadPoolExecutor$DelayedWorkQueue.take(ScheduledThreadPoolExecutor.java:809)
        at java.util.concurrent.ThreadPoolExecutor.getTask(ThreadPoolExecutor.java:1074)
        at java.util.concurrent.ThreadPoolExecutor.runWorker(ThreadPoolExecutor.java:1134)
        at java.util.concurrent.ThreadPoolExecutor$Worker.run(ThreadPoolExecutor.java:624)
        at java.lang.Thread.run(Thread.java:748)
"pool-126-thread-52"  prio=5 tid=1322 in Object.wait()
java.lang.Thread.State: WAITING (on object monitor)
        at sun.misc.Unsafe.park(Native Method)
        at java.util.concurrent.locks.LockSupport.park(LockSupport.java:175)
        at java.util.concurrent.locks.AbstractQueuedSynchronizer$ConditionObject.await(AbstractQueuedSynchronizer.java:2039)
        at java.util.concurrent.ArrayBlockingQueue.take(ArrayBlockingQueue.java:403)
        at java.util.concurrent.ThreadPoolExecutor.getTask(ThreadPoolExecutor.java:1074)
        at java.util.concurrent.ThreadPoolExecutor.runWorker(ThreadPoolExecutor.java:1134)
        at java.util.concurrent.ThreadPoolExecutor$Worker.run(ThreadPoolExecutor.java:624)
        at java.lang.Thread.run(Thread.java:748)
"IPC Server handler 1 on 44367" daemon prio=5 tid=1067 timed_waiting
java.lang.Thread.State: TIMED_WAITING
        at sun.misc.Unsafe.park(Native Method)
        at java.util.concurrent.locks.LockSupport.parkNanos(LockSupport.java:215)
        at java.util.concurrent.locks.AbstractQueuedSynchronizer$ConditionObject.awaitNanos(AbstractQueuedSynchronizer.java:2078)
        at java.util.concurrent.LinkedBlockingQueue.poll(LinkedBlockingQueue.java:467)
        at org.apache.hadoop.ipc.CallQueueManager.take(CallQueueManager.java:288)
        at org.apache.hadoop.ipc.Server$Handler.run(Server.java:2668)
"Timer for 'StorageContainerManager' metrics system" daemon prio=5 tid=1024 timed_waiting
java.lang.Thread.State: TIMED_WAITING
        at java.lang.Object.wait(Native Method)
        at java.util.TimerThread.mainLoop(Timer.java:552)
        at java.util.TimerThread.run(Timer.java:505)
"pool-100-thread-1"  prio=5 tid=1023 timed_waiting
java.lang.Thread.State: TIMED_WAITING
        at sun.misc.Unsafe.park(Native Method)
        at java.util.concurrent.locks.LockSupport.parkNanos(LockSupport.java:215)
        at java.util.concurrent.locks.AbstractQueuedSynchronizer$ConditionObject.awaitNanos(AbstractQueuedSynchronizer.java:2078)
        at java.util.concurrent.ScheduledThreadPoolExecutor$DelayedWorkQueue.take(ScheduledThreadPoolExecutor.java:1093)
        at java.util.concurrent.ScheduledThreadPoolExecutor$DelayedWorkQueue.take(ScheduledThreadPoolExecutor.java:809)
        at java.util.concurrent.ThreadPoolExecutor.getTask(ThreadPoolExecutor.java:1074)
        at java.util.concurrent.ThreadPoolExecutor.runWorker(ThreadPoolExecutor.java:1134)
        at java.util.concurrent.ThreadPoolExecutor$Worker.run(ThreadPoolExecutor.java:624)
        at java.lang.Thread.run(Thread.java:748)
"process reaper" daemon prio=10 tid=10 timed_waiting
java.lang.Thread.State: TIMED_WAITING
        at sun.misc.Unsafe.park(Native Method)
        at java.util.concurrent.locks.LockSupport.parkNanos(LockSupport.java:215)
        at java.util.concurrent.SynchronousQueue$TransferStack.awaitFulfill(SynchronousQueue.java:460)
        at java.util.concurrent.SynchronousQueue$TransferStack.transfer(SynchronousQueue.java:362)
        at java.util.concurrent.SynchronousQueue.poll(SynchronousQueue.java:941)
        at java.util.concurrent.ThreadPoolExecutor.getTask(ThreadPoolExecutor.java:1073)
        at java.util.concurrent.ThreadPoolExecutor.runWorker(ThreadPoolExecutor.java:1134)
        at java.util.concurrent.ThreadPoolExecutor$Worker.run(ThreadPoolExecutor.java:624)
        at java.lang.Thread.run(Thread.java:748)
"Datanode State Machine Thread - 0" daemon prio=5 tid=1128 timed_waiting
java.lang.Thread.State: TIMED_WAITING
        at sun.misc.Unsafe.park(Native Method)
        at java.util.concurrent.locks.LockSupport.parkNanos(LockSupport.java:215)
        at java.util.concurrent.SynchronousQueue$TransferStack.awaitFulfill(SynchronousQueue.java:460)
        at java.util.concurrent.SynchronousQueue$TransferStack.transfer(SynchronousQueue.java:362)
        at java.util.concurrent.SynchronousQueue.poll(SynchronousQueue.java:941)
        at java.util.concurrent.ThreadPoolExecutor.getTask(ThreadPoolExecutor.java:1073)
        at java.util.concurrent.ThreadPoolExecutor.runWorker(ThreadPoolExecutor.java:1134)
        at java.util.concurrent.ThreadPoolExecutor$Worker.run(ThreadPoolExecutor.java:624)
        at java.lang.Thread.run(Thread.java:748)
"pool-116-thread-43"  prio=5 tid=1237 in Object.wait()
java.lang.Thread.State: WAITING (on object monitor)
        at sun.misc.Unsafe.park(Native Method)
        at java.util.concurrent.locks.LockSupport.park(LockSupport.java:175)
        at java.util.concurrent.locks.AbstractQueuedSynchronizer$ConditionObject.await(AbstractQueuedSynchronizer.java:2039)
        at java.util.concurrent.ArrayBlockingQueue.take(ArrayBlockingQueue.java:403)
        at java.util.concurrent.ThreadPoolExecutor.getTask(ThreadPoolExecutor.java:1074)
        at java.util.concurrent.ThreadPoolExecutor.runWorker(ThreadPoolExecutor.java:1134)
        at java.util.concurrent.ThreadPoolExecutor$Worker.run(ThreadPoolExecutor.java:624)
        at java.lang.Thread.run(Thread.java:748)
"pool-124-thread-1" daemon prio=5 tid=1165 timed_waiting
java.lang.Thread.State: TIMED_WAITING
        at sun.misc.Unsafe.park(Native Method)
        at java.util.concurrent.locks.LockSupport.parkNanos(LockSupport.java:215)
        at java.util.concurrent.locks.AbstractQueuedSynchronizer$ConditionObject.awaitNanos(AbstractQueuedSynchronizer.java:2078)
        at java.util.concurrent.ScheduledThreadPoolExecutor$DelayedWorkQueue.take(ScheduledThreadPoolExecutor.java:1093)
        at java.util.concurrent.ScheduledThreadPoolExecutor$DelayedWorkQueue.take(ScheduledThreadPoolExecutor.java:809)
        at java.util.concurrent.ThreadPoolExecutor.getTask(ThreadPoolExecutor.java:1074)
        at java.util.concurrent.ThreadPoolExecutor.runWorker(ThreadPoolExecutor.java:1134)
        at java.util.concurrent.ThreadPoolExecutor$Worker.run(ThreadPoolExecutor.java:624)
        at java.lang.Thread.run(Thread.java:748)
"pool-126-thread-16"  prio=5 tid=1286 in Object.wait()
java.lang.Thread.State: WAITING (on object monitor)
        at sun.misc.Unsafe.park(Native Method)
        at java.util.concurrent.locks.LockSupport.park(LockSupport.java:175)
        at java.util.concurrent.locks.AbstractQueuedSynchronizer$ConditionObject.await(AbstractQueuedSynchronizer.java:2039)
        at java.util.concurrent.ArrayBlockingQueue.take(ArrayBlockingQueue.java:403)
        at java.util.concurrent.ThreadPoolExecutor.getTask(ThreadPoolExecutor.java:1074)
        at java.util.concurrent.ThreadPoolExecutor.runWorker(ThreadPoolExecutor.java:1134)
        at java.util.concurrent.ThreadPoolExecutor$Worker.run(ThreadPoolExecutor.java:624)
        at java.lang.Thread.run(Thread.java:748)
"IPC Server handler 19 on 41574" daemon prio=5 tid=1065 timed_waiting
java.lang.Thread.State: TIMED_WAITING
        at sun.misc.Unsafe.park(Native Method)
        at java.util.concurrent.locks.LockSupport.parkNanos(LockSupport.java:215)
        at java.util.concurrent.locks.AbstractQueuedSynchronizer$ConditionObject.awaitNanos(AbstractQueuedSynchronizer.java:2078)
        at java.util.concurrent.LinkedBlockingQueue.poll(LinkedBlockingQueue.java:467)
        at org.apache.hadoop.ipc.CallQueueManager.take(CallQueueManager.java:288)
        at org.apache.hadoop.ipc.Server$Handler.run(Server.java:2668)
"qtp1723177853-1089" daemon prio=5 tid=1089 timed_waiting
java.lang.Thread.State: TIMED_WAITING
        at sun.misc.Unsafe.park(Native Method)
        at java.util.concurrent.locks.LockSupport.parkNanos(LockSupport.java:215)
        at java.util.concurrent.locks.AbstractQueuedSynchronizer$ConditionObject.awaitNanos(AbstractQueuedSynchronizer.java:2078)
        at org.eclipse.jetty.util.BlockingArrayQueue.poll(BlockingArrayQueue.java:392)
        at org.eclipse.jetty.util.thread.QueuedThreadPool.idleJobPoll(QueuedThreadPool.java:563)
        at org.eclipse.jetty.util.thread.QueuedThreadPool.access$800(QueuedThreadPool.java:48)
        at org.eclipse.jetty.util.thread.QueuedThreadPool$2.run(QueuedThreadPool.java:626)
        at java.lang.Thread.run(Thread.java:748)
"pool-126-thread-43"  prio=5 tid=1313 in Object.wait()
java.lang.Thread.State: WAITING (on object monitor)
        at sun.misc.Unsafe.park(Native Method)
        at java.util.concurrent.locks.LockSupport.park(LockSupport.java:175)
        at java.util.concurrent.locks.AbstractQueuedSynchronizer$ConditionObject.await(AbstractQueuedSynchronizer.java:2039)
        at java.util.concurrent.ArrayBlockingQueue.take(ArrayBlockingQueue.java:403)
        at java.util.concurrent.ThreadPoolExecutor.getTask(ThreadPoolExecutor.java:1074)
        at java.util.concurrent.ThreadPoolExecutor.runWorker(ThreadPoolExecutor.java:1134)
        at java.util.concurrent.ThreadPoolExecutor$Worker.run(ThreadPoolExecutor.java:624)
        at java.lang.Thread.run(Thread.java:748)
"Thread-3000" daemon prio=5 tid=3815 timed_waiting
java.lang.Thread.State: TIMED_WAITING
        at java.lang.Thread.sleep(Native Method)
        at org.apache.ratis.util.JavaUtils.sleep(JavaUtils.java:247)
        at org.apache.ratis.server.impl.FollowerState.run(FollowerState.java:97)
"pool-106-thread-26"  prio=5 tid=1394 in Object.wait()
java.lang.Thread.State: WAITING (on object monitor)
        at sun.misc.Unsafe.park(Native Method)
        at java.util.concurrent.locks.LockSupport.park(LockSupport.java:175)
        at java.util.concurrent.locks.AbstractQueuedSynchronizer$ConditionObject.await(AbstractQueuedSynchronizer.java:2039)
        at java.util.concurrent.ArrayBlockingQueue.take(ArrayBlockingQueue.java:403)
        at java.util.concurrent.ThreadPoolExecutor.getTask(ThreadPoolExecutor.java:1074)
        at java.util.concurrent.ThreadPoolExecutor.runWorker(ThreadPoolExecutor.java:1134)
        at java.util.concurrent.ThreadPoolExecutor$Worker.run(ThreadPoolExecutor.java:624)
        at java.lang.Thread.run(Thread.java:748)
"surefire-forkedjvm-ping-30s" daemon prio=5 tid=9 timed_waiting
java.lang.Thread.State: TIMED_WAITING
        at sun.misc.Unsafe.park(Native Method)
        at java.util.concurrent.locks.LockSupport.parkNanos(LockSupport.java:215)
        at java.util.concurrent.locks.AbstractQueuedSynchronizer$ConditionObject.awaitNanos(AbstractQueuedSynchronizer.java:2078)
        at java.util.concurrent.ScheduledThreadPoolExecutor$DelayedWorkQueue.take(ScheduledThreadPoolExecutor.java:1093)
        at java.util.concurrent.ScheduledThreadPoolExecutor$DelayedWorkQueue.take(ScheduledThreadPoolExecutor.java:809)
        at java.util.concurrent.ThreadPoolExecutor.getTask(ThreadPoolExecutor.java:1074)
        at java.util.concurrent.ThreadPoolExecutor.runWorker(ThreadPoolExecutor.java:1134)
        at java.util.concurrent.ThreadPoolExecutor$Worker.run(ThreadPoolExecutor.java:624)
        at java.lang.Thread.run(Thread.java:748)
"Datanode ReportManager Thread - 1" daemon prio=5 tid=1123 in Object.wait()
java.lang.Thread.State: WAITING (on object monitor)
        at sun.misc.Unsafe.park(Native Method)
        at java.util.concurrent.locks.LockSupport.park(LockSupport.java:175)
        at java.util.concurrent.locks.AbstractQueuedSynchronizer$ConditionObject.await(AbstractQueuedSynchronizer.java:2039)
        at java.util.concurrent.ScheduledThreadPoolExecutor$DelayedWorkQueue.take(ScheduledThreadPoolExecutor.java:1088)
        at java.util.concurrent.ScheduledThreadPoolExecutor$DelayedWorkQueue.take(ScheduledThreadPoolExecutor.java:809)
        at java.util.concurrent.ThreadPoolExecutor.getTask(ThreadPoolExecutor.java:1074)
        at java.util.concurrent.ThreadPoolExecutor.runWorker(ThreadPoolExecutor.java:1134)
        at java.util.concurrent.ThreadPoolExecutor$Worker.run(ThreadPoolExecutor.java:624)
        at java.lang.Thread.run(Thread.java:748)
"BlockDeletingService#0" daemon prio=5 tid=1333 timed_waiting
java.lang.Thread.State: TIMED_WAITING
        at sun.misc.Unsafe.park(Native Method)
        at java.util.concurrent.locks.LockSupport.parkNanos(LockSupport.java:215)
        at java.util.concurrent.locks.AbstractQueuedSynchronizer$ConditionObject.awaitNanos(AbstractQueuedSynchronizer.java:2078)
        at java.util.concurrent.ScheduledThreadPoolExecutor$DelayedWorkQueue.take(ScheduledThreadPoolExecutor.java:1093)
        at java.util.concurrent.ScheduledThreadPoolExecutor$DelayedWorkQueue.take(ScheduledThreadPoolExecutor.java:809)
        at java.util.concurrent.ThreadPoolExecutor.getTask(ThreadPoolExecutor.java:1074)
        at java.util.concurrent.ThreadPoolExecutor.runWorker(ThreadPoolExecutor.java:1134)
        at java.util.concurrent.ThreadPoolExecutor$Worker.run(ThreadPoolExecutor.java:624)
        at java.lang.Thread.run(Thread.java:748)
"qtp1937575946-1113" daemon prio=5 tid=1113 timed_waiting
java.lang.Thread.State: TIMED_WAITING
        at sun.misc.Unsafe.park(Native Method)
        at java.util.concurrent.locks.LockSupport.parkNanos(LockSupport.java:215)
        at java.util.concurrent.locks.AbstractQueuedSynchronizer$ConditionObject.awaitNanos(AbstractQueuedSynchronizer.java:2078)
        at org.eclipse.jetty.util.BlockingArrayQueue.poll(BlockingArrayQueue.java:392)
        at org.eclipse.jetty.util.thread.QueuedThreadPool.idleJobPoll(QueuedThreadPool.java:563)
        at org.eclipse.jetty.util.thread.QueuedThreadPool.access$800(QueuedThreadPool.java:48)
        at org.eclipse.jetty.util.thread.QueuedThreadPool$2.run(QueuedThreadPool.java:626)
        at java.lang.Thread.run(Thread.java:748)
"Thread-2997" daemon prio=5 tid=3812 timed_waiting
java.lang.Thread.State: TIMED_WAITING
        at java.lang.Thread.sleep(Native Method)
        at org.apache.ratis.util.JavaUtils.sleep(JavaUtils.java:247)
        at org.apache.ratis.server.impl.FollowerState.run(FollowerState.java:97)
"qtp818010696-1177" daemon prio=5 tid=1177 timed_waiting
java.lang.Thread.State: TIMED_WAITING
        at sun.misc.Unsafe.park(Native Method)
        at java.util.concurrent.locks.LockSupport.parkNanos(LockSupport.java:215)
        at java.util.concurrent.locks.AbstractQueuedSynchronizer$ConditionObject.awaitNanos(AbstractQueuedSynchronizer.java:2078)
        at org.eclipse.jetty.util.BlockingArrayQueue.poll(BlockingArrayQueue.java:392)
        at org.eclipse.jetty.util.thread.QueuedThreadPool.idleJobPoll(QueuedThreadPool.java:563)
        at org.eclipse.jetty.util.thread.QueuedThreadPool.access$800(QueuedThreadPool.java:48)
        at org.eclipse.jetty.util.thread.QueuedThreadPool$2.run(QueuedThreadPool.java:626)
        at java.lang.Thread.run(Thread.java:748)
"IPC Server handler 7 on 44367" daemon prio=5 tid=1073 timed_waiting
java.lang.Thread.State: TIMED_WAITING
        at sun.misc.Unsafe.park(Native Method)
        at java.util.concurrent.locks.LockSupport.parkNanos(LockSupport.java:215)
        at java.util.concurrent.locks.AbstractQueuedSynchronizer$ConditionObject.awaitNanos(AbstractQueuedSynchronizer.java:2078)
        at java.util.concurrent.LinkedBlockingQueue.poll(LinkedBlockingQueue.java:467)
        at org.apache.hadoop.ipc.CallQueueManager.take(CallQueueManager.java:288)
        at org.apache.hadoop.ipc.Server$Handler.run(Server.java:2668)
"pool-106-thread-60"  prio=5 tid=1428 in Object.wait()
java.lang.Thread.State: WAITING (on object monitor)
        at sun.misc.Unsafe.park(Native Method)
        at java.util.concurrent.locks.LockSupport.park(LockSupport.java:175)
        at java.util.concurrent.locks.AbstractQueuedSynchronizer$ConditionObject.await(AbstractQueuedSynchronizer.java:2039)
        at java.util.concurrent.ArrayBlockingQueue.take(ArrayBlockingQueue.java:403)
        at java.util.concurrent.ThreadPoolExecutor.getTask(ThreadPoolExecutor.java:1074)
        at java.util.concurrent.ThreadPoolExecutor.runWorker(ThreadPoolExecutor.java:1134)
        at java.util.concurrent.ThreadPoolExecutor$Worker.run(ThreadPoolExecutor.java:624)
        at java.lang.Thread.run(Thread.java:748)
"pool-126-thread-30"  prio=5 tid=1300 in Object.wait()
java.lang.Thread.State: WAITING (on object monitor)
        at sun.misc.Unsafe.park(Native Method)
        at java.util.concurrent.locks.LockSupport.park(LockSupport.java:175)
        at java.util.concurrent.locks.AbstractQueuedSynchronizer$ConditionObject.await(AbstractQueuedSynchronizer.java:2039)
        at java.util.concurrent.ArrayBlockingQueue.take(ArrayBlockingQueue.java:403)
        at java.util.concurrent.ThreadPoolExecutor.getTask(ThreadPoolExecutor.java:1074)
        at java.util.concurrent.ThreadPoolExecutor.runWorker(ThreadPoolExecutor.java:1134)
        at java.util.concurrent.ThreadPoolExecutor$Worker.run(ThreadPoolExecutor.java:624)
        at java.lang.Thread.run(Thread.java:748)
"IPC Server handler 11 on 42245" daemon prio=5 tid=1037 timed_waiting
java.lang.Thread.State: TIMED_WAITING
        at sun.misc.Unsafe.park(Native Method)
        at java.util.concurrent.locks.LockSupport.parkNanos(LockSupport.java:215)
        at java.util.concurrent.locks.AbstractQueuedSynchronizer$ConditionObject.awaitNanos(AbstractQueuedSynchronizer.java:2078)
        at java.util.concurrent.LinkedBlockingQueue.poll(LinkedBlockingQueue.java:467)
        at org.apache.hadoop.ipc.CallQueueManager.take(CallQueueManager.java:288)
        at org.apache.hadoop.ipc.Server$Handler.run(Server.java:2668)
"pool-106-thread-38"  prio=5 tid=1406 in Object.wait()
java.lang.Thread.State: WAITING (on object monitor)
        at sun.misc.Unsafe.park(Native Method)
        at java.util.concurrent.locks.LockSupport.park(LockSupport.java:175)
        at java.util.concurrent.locks.AbstractQueuedSynchronizer$ConditionObject.await(AbstractQueuedSynchronizer.java:2039)
        at java.util.concurrent.ArrayBlockingQueue.take(ArrayBlockingQueue.java:403)
        at java.util.concurrent.ThreadPoolExecutor.getTask(ThreadPoolExecutor.java:1074)
        at java.util.concurrent.ThreadPoolExecutor.runWorker(ThreadPoolExecutor.java:1134)
        at java.util.concurrent.ThreadPoolExecutor$Worker.run(ThreadPoolExecutor.java:624)
        at java.lang.Thread.run(Thread.java:748)
"metrics-hadoop-metrics2-reporter-17-thread-1" daemon prio=5 tid=743 timed_waiting
java.lang.Thread.State: TIMED_WAITING
        at sun.misc.Unsafe.park(Native Method)
        at java.util.concurrent.locks.LockSupport.parkNanos(LockSupport.java:215)
        at java.util.concurrent.locks.AbstractQueuedSynchronizer$ConditionObject.awaitNanos(AbstractQueuedSynchronizer.java:2078)
        at java.util.concurrent.ScheduledThreadPoolExecutor$DelayedWorkQueue.take(ScheduledThreadPoolExecutor.java:1093)
        at java.util.concurrent.ScheduledThreadPoolExecutor$DelayedWorkQueue.take(ScheduledThreadPoolExecutor.java:809)
        at java.util.concurrent.ThreadPoolExecutor.getTask(ThreadPoolExecutor.java:1074)
        at java.util.concurrent.ThreadPoolExecutor.runWorker(ThreadPoolExecutor.java:1134)
        at java.util.concurrent.ThreadPoolExecutor$Worker.run(ThreadPoolExecutor.java:624)
        at java.lang.Thread.run(Thread.java:748)
"org.eclipse.jetty.server.session.HashSessionManager@5c83ae01Timer" daemon prio=5 tid=1178 timed_waiting
java.lang.Thread.State: TIMED_WAITING
        at sun.misc.Unsafe.park(Native Method)
        at java.util.concurrent.locks.LockSupport.parkNanos(LockSupport.java:215)
        at java.util.concurrent.locks.AbstractQueuedSynchronizer$ConditionObject.awaitNanos(AbstractQueuedSynchronizer.java:2078)
        at java.util.concurrent.ScheduledThreadPoolExecutor$DelayedWorkQueue.take(ScheduledThreadPoolExecutor.java:1093)
        at java.util.concurrent.ScheduledThreadPoolExecutor$DelayedWorkQueue.take(ScheduledThreadPoolExecutor.java:809)
        at java.util.concurrent.ThreadPoolExecutor.getTask(ThreadPoolExecutor.java:1074)
        at java.util.concurrent.ThreadPoolExecutor.runWorker(ThreadPoolExecutor.java:1134)
        at java.util.concurrent.ThreadPoolExecutor$Worker.run(ThreadPoolExecutor.java:624)
        at java.lang.Thread.run(Thread.java:748)
"metrics-hadoop-metrics2-reporter-20-thread-1" daemon prio=5 tid=751 timed_waiting
java.lang.Thread.State: TIMED_WAITING
        at sun.misc.Unsafe.park(Native Method)
        at java.util.concurrent.locks.LockSupport.parkNanos(LockSupport.java:215)
        at java.util.concurrent.locks.AbstractQueuedSynchronizer$ConditionObject.awaitNanos(AbstractQueuedSynchronizer.java:2078)
        at java.util.concurrent.ScheduledThreadPoolExecutor$DelayedWorkQueue.take(ScheduledThreadPoolExecutor.java:1093)
        at java.util.concurrent.ScheduledThreadPoolExecutor$DelayedWorkQueue.take(ScheduledThreadPoolExecutor.java:809)
        at java.util.concurrent.ThreadPoolExecutor.getTask(ThreadPoolExecutor.java:1074)
        at java.util.concurrent.ThreadPoolExecutor.runWorker(ThreadPoolExecutor.java:1134)
        at java.util.concurrent.ThreadPoolExecutor$Worker.run(ThreadPoolExecutor.java:624)
        at java.lang.Thread.run(Thread.java:748)
"24020d0b-ce61-4f5a-b0b0-c561541e8cd4@group-FEB16DB33BA8-SegmentedRaftLogWorker"  prio=5 tid=1169 timed_waiting
java.lang.Thread.State: TIMED_WAITING
        at sun.misc.Unsafe.park(Native Method)
        at java.util.concurrent.locks.LockSupport.parkNanos(LockSupport.java:215)
        at java.util.concurrent.locks.AbstractQueuedSynchronizer$ConditionObject.awaitNanos(AbstractQueuedSynchronizer.java:2078)
        at org.apache.ratis.util.DataBlockingQueue.poll(DataBlockingQueue.java:137)
        at org.apache.ratis.server.raftlog.segmented.SegmentedRaftLogWorker.run(SegmentedRaftLogWorker.java:282)
        at java.lang.Thread.run(Thread.java:748)
"Datanode State Machine Thread - 0" daemon prio=5 tid=1160 timed_waiting
java.lang.Thread.State: TIMED_WAITING
        at sun.misc.Unsafe.park(Native Method)
        at java.util.concurrent.locks.LockSupport.parkNanos(LockSupport.java:215)
        at java.util.concurrent.SynchronousQueue$TransferStack.awaitFulfill(SynchronousQueue.java:460)
        at java.util.concurrent.SynchronousQueue$TransferStack.transfer(SynchronousQueue.java:362)
        at java.util.concurrent.SynchronousQueue.poll(SynchronousQueue.java:941)
        at java.util.concurrent.ThreadPoolExecutor.getTask(ThreadPoolExecutor.java:1073)
        at java.util.concurrent.ThreadPoolExecutor.runWorker(ThreadPoolExecutor.java:1134)
        at java.util.concurrent.ThreadPoolExecutor$Worker.run(ThreadPoolExecutor.java:624)
        at java.lang.Thread.run(Thread.java:748)
"IPC Server handler 16 on 34783" daemon prio=5 tid=993 timed_waiting
java.lang.Thread.State: TIMED_WAITING
        at sun.misc.Unsafe.park(Native Method)
        at java.util.concurrent.locks.LockSupport.parkNanos(LockSupport.java:215)
        at java.util.concurrent.locks.AbstractQueuedSynchronizer$ConditionObject.awaitNanos(AbstractQueuedSynchronizer.java:2078)
        at java.util.concurrent.LinkedBlockingQueue.poll(LinkedBlockingQueue.java:467)
        at org.apache.hadoop.ipc.CallQueueManager.take(CallQueueManager.java:288)
        at org.apache.hadoop.ipc.Server$Handler.run(Server.java:2668)
"pool-126-thread-51"  prio=5 tid=1321 in Object.wait()
java.lang.Thread.State: WAITING (on object monitor)
        at sun.misc.Unsafe.park(Native Method)
        at java.util.concurrent.locks.LockSupport.park(LockSupport.java:175)
        at java.util.concurrent.locks.AbstractQueuedSynchronizer$ConditionObject.await(AbstractQueuedSynchronizer.java:2039)
        at java.util.concurrent.ArrayBlockingQueue.take(ArrayBlockingQueue.java:403)
        at java.util.concurrent.ThreadPoolExecutor.getTask(ThreadPoolExecutor.java:1074)
        at java.util.concurrent.ThreadPoolExecutor.runWorker(ThreadPoolExecutor.java:1134)
        at java.util.concurrent.ThreadPoolExecutor$Worker.run(ThreadPoolExecutor.java:624)
        at java.lang.Thread.run(Thread.java:748)
"pool-116-thread-34"  prio=5 tid=1228 in Object.wait()
java.lang.Thread.State: WAITING (on object monitor)
        at sun.misc.Unsafe.park(Native Method)
        at java.util.concurrent.locks.LockSupport.park(LockSupport.java:175)
        at java.util.concurrent.locks.AbstractQueuedSynchronizer$ConditionObject.await(AbstractQueuedSynchronizer.java:2039)
        at java.util.concurrent.ArrayBlockingQueue.take(ArrayBlockingQueue.java:403)
        at java.util.concurrent.ThreadPoolExecutor.getTask(ThreadPoolExecutor.java:1074)
        at java.util.concurrent.ThreadPoolExecutor.runWorker(ThreadPoolExecutor.java:1134)
        at java.util.concurrent.ThreadPoolExecutor$Worker.run(ThreadPoolExecutor.java:624)
        at java.lang.Thread.run(Thread.java:748)
"qtp1937575946-1109" daemon prio=5 tid=1109 runnable
java.lang.Thread.State: RUNNABLE
        at sun.nio.ch.EPollArrayWrapper.epollWait(Native Method)
        at sun.nio.ch.EPollArrayWrapper.poll(EPollArrayWrapper.java:269)
        at sun.nio.ch.EPollSelectorImpl.doSelect(EPollSelectorImpl.java:93)
        at sun.nio.ch.SelectorImpl.lockAndDoSelect(SelectorImpl.java:86)
        at sun.nio.ch.SelectorImpl.select(SelectorImpl.java:97)
        at sun.nio.ch.SelectorImpl.select(SelectorImpl.java:101)
        at org.eclipse.jetty.io.ManagedSelector$SelectorProducer.select(ManagedSelector.java:243)
        at org.eclipse.jetty.io.ManagedSelector$SelectorProducer.produce(ManagedSelector.java:191)
        at org.eclipse.jetty.util.thread.strategy.ExecuteProduceConsume.executeProduceConsume(ExecuteProduceConsume.java:249)
        at org.eclipse.jetty.util.thread.strategy.ExecuteProduceConsume.produceConsume(ExecuteProduceConsume.java:148)
        at org.eclipse.jetty.util.thread.strategy.ExecuteProduceConsume.execute(ExecuteProduceConsume.java:100)
        at org.eclipse.jetty.io.ManagedSelector.run(ManagedSelector.java:147)
        at org.eclipse.jetty.util.thread.QueuedThreadPool.runJob(QueuedThreadPool.java:671)
        at org.eclipse.jetty.util.thread.QueuedThreadPool$2.run(QueuedThreadPool.java:589)
        at java.lang.Thread.run(Thread.java:748)
"metrics-hadoop-metrics2-reporter-8-thread-1" daemon prio=5 tid=721 timed_waiting
java.lang.Thread.State: TIMED_WAITING
        at sun.misc.Unsafe.park(Native Method)
        at java.util.concurrent.locks.LockSupport.parkNanos(LockSupport.java:215)
        at java.util.concurrent.locks.AbstractQueuedSynchronizer$ConditionObject.awaitNanos(AbstractQueuedSynchronizer.java:2078)
        at java.util.concurrent.ScheduledThreadPoolExecutor$DelayedWorkQueue.take(ScheduledThreadPoolExecutor.java:1093)
        at java.util.concurrent.ScheduledThreadPoolExecutor$DelayedWorkQueue.take(ScheduledThreadPoolExecutor.java:809)
        at java.util.concurrent.ThreadPoolExecutor.getTask(ThreadPoolExecutor.java:1074)
        at java.util.concurrent.ThreadPoolExecutor.runWorker(ThreadPoolExecutor.java:1134)
        at java.util.concurrent.ThreadPoolExecutor$Worker.run(ThreadPoolExecutor.java:624)
        at java.lang.Thread.run(Thread.java:748)
"pool-106-thread-14"  prio=5 tid=1382 in Object.wait()
java.lang.Thread.State: WAITING (on object monitor)
        at sun.misc.Unsafe.park(Native Method)
        at java.util.concurrent.locks.LockSupport.park(LockSupport.java:175)
        at java.util.concurrent.locks.AbstractQueuedSynchronizer$ConditionObject.await(AbstractQueuedSynchronizer.java:2039)
        at java.util.concurrent.ArrayBlockingQueue.take(ArrayBlockingQueue.java:403)
        at java.util.concurrent.ThreadPoolExecutor.getTask(ThreadPoolExecutor.java:1074)
        at java.util.concurrent.ThreadPoolExecutor.runWorker(ThreadPoolExecutor.java:1134)
        at java.util.concurrent.ThreadPoolExecutor$Worker.run(ThreadPoolExecutor.java:624)
        at java.lang.Thread.run(Thread.java:748)
"Thread-576" daemon prio=5 tid=1262 timed_waiting
java.lang.Thread.State: TIMED_WAITING
        at sun.misc.Unsafe.park(Native Method)
        at java.util.concurrent.locks.LockSupport.parkNanos(LockSupport.java:215)
        at java.util.concurrent.locks.AbstractQueuedSynchronizer$ConditionObject.awaitNanos(AbstractQueuedSynchronizer.java:2078)
        at java.util.concurrent.ArrayBlockingQueue.poll(ArrayBlockingQueue.java:418)
        at org.apache.ratis.server.impl.LeaderState$EventQueue.poll(LeaderState.java:115)
        at org.apache.ratis.server.impl.LeaderState$EventProcessor.run(LeaderState.java:467)
"pool-106-thread-57"  prio=5 tid=1425 in Object.wait()
java.lang.Thread.State: WAITING (on object monitor)
        at sun.misc.Unsafe.park(Native Method)
        at java.util.concurrent.locks.LockSupport.park(LockSupport.java:175)
        at java.util.concurrent.locks.AbstractQueuedSynchronizer$ConditionObject.await(AbstractQueuedSynchronizer.java:2039)
        at java.util.concurrent.ArrayBlockingQueue.take(ArrayBlockingQueue.java:403)
        at java.util.concurrent.ThreadPoolExecutor.getTask(ThreadPoolExecutor.java:1074)
        at java.util.concurrent.ThreadPoolExecutor.runWorker(ThreadPoolExecutor.java:1134)
        at java.util.concurrent.ThreadPoolExecutor$Worker.run(ThreadPoolExecutor.java:624)
        at java.lang.Thread.run(Thread.java:748)
"qtp1937575946-1114" daemon prio=5 tid=1114 timed_waiting
java.lang.Thread.State: TIMED_WAITING
        at sun.misc.Unsafe.park(Native Method)
        at java.util.concurrent.locks.LockSupport.parkNanos(LockSupport.java:215)
        at java.util.concurrent.locks.AbstractQueuedSynchronizer$ConditionObject.awaitNanos(AbstractQueuedSynchronizer.java:2078)
        at org.eclipse.jetty.util.BlockingArrayQueue.poll(BlockingArrayQueue.java:392)
        at org.eclipse.jetty.util.thread.QueuedThreadPool.idleJobPoll(QueuedThreadPool.java:563)
        at org.eclipse.jetty.util.thread.QueuedThreadPool.access$800(QueuedThreadPool.java:48)
        at org.eclipse.jetty.util.thread.QueuedThreadPool$2.run(QueuedThreadPool.java:626)
        at java.lang.Thread.run(Thread.java:748)
"pool-116-thread-15"  prio=5 tid=1209 in Object.wait()
java.lang.Thread.State: WAITING (on object monitor)
        at sun.misc.Unsafe.park(Native Method)
        at java.util.concurrent.locks.LockSupport.park(LockSupport.java:175)
        at java.util.concurrent.locks.AbstractQueuedSynchronizer$ConditionObject.await(AbstractQueuedSynchronizer.java:2039)
        at java.util.concurrent.ArrayBlockingQueue.take(ArrayBlockingQueue.java:403)
        at java.util.concurrent.ThreadPoolExecutor.getTask(ThreadPoolExecutor.java:1074)
        at java.util.concurrent.ThreadPoolExecutor.runWorker(ThreadPoolExecutor.java:1134)
        at java.util.concurrent.ThreadPoolExecutor$Worker.run(ThreadPoolExecutor.java:624)
        at java.lang.Thread.run(Thread.java:748)
"pool-116-thread-10"  prio=5 tid=1204 in Object.wait()
java.lang.Thread.State: WAITING (on object monitor)
        at sun.misc.Unsafe.park(Native Method)
        at java.util.concurrent.locks.LockSupport.park(LockSupport.java:175)
        at java.util.concurrent.locks.AbstractQueuedSynchronizer$ConditionObject.await(AbstractQueuedSynchronizer.java:2039)
        at java.util.concurrent.ArrayBlockingQueue.take(ArrayBlockingQueue.java:403)
        at java.util.concurrent.ThreadPoolExecutor.getTask(ThreadPoolExecutor.java:1074)
        at java.util.concurrent.ThreadPoolExecutor.runWorker(ThreadPoolExecutor.java:1134)
        at java.util.concurrent.ThreadPoolExecutor$Worker.run(ThreadPoolExecutor.java:624)
        at java.lang.Thread.run(Thread.java:748)
"IPC Server handler 8 on 34783" daemon prio=5 tid=985 timed_waiting
java.lang.Thread.State: TIMED_WAITING
        at sun.misc.Unsafe.park(Native Method)
        at java.util.concurrent.locks.LockSupport.parkNanos(LockSupport.java:215)
        at java.util.concurrent.locks.AbstractQueuedSynchronizer$ConditionObject.awaitNanos(AbstractQueuedSynchronizer.java:2078)
        at java.util.concurrent.LinkedBlockingQueue.poll(LinkedBlockingQueue.java:467)
        at org.apache.hadoop.ipc.CallQueueManager.take(CallQueueManager.java:288)
        at org.apache.hadoop.ipc.Server$Handler.run(Server.java:2668)
"pool-126-thread-48"  prio=5 tid=1318 in Object.wait()
java.lang.Thread.State: WAITING (on object monitor)
        at sun.misc.Unsafe.park(Native Method)
        at java.util.concurrent.locks.LockSupport.park(LockSupport.java:175)
        at java.util.concurrent.locks.AbstractQueuedSynchronizer$ConditionObject.await(AbstractQueuedSynchronizer.java:2039)
        at java.util.concurrent.ArrayBlockingQueue.take(ArrayBlockingQueue.java:403)
        at java.util.concurrent.ThreadPoolExecutor.getTask(ThreadPoolExecutor.java:1074)
        at java.util.concurrent.ThreadPoolExecutor.runWorker(ThreadPoolExecutor.java:1134)
        at java.util.concurrent.ThreadPoolExecutor$Worker.run(ThreadPoolExecutor.java:624)
        at java.lang.Thread.run(Thread.java:748)
"IPC Server handler 14 on 44367" daemon prio=5 tid=1080 timed_waiting
java.lang.Thread.State: TIMED_WAITING
        at sun.misc.Unsafe.park(Native Method)
        at java.util.concurrent.locks.LockSupport.parkNanos(LockSupport.java:215)
        at java.util.concurrent.locks.AbstractQueuedSynchronizer$ConditionObject.awaitNanos(AbstractQueuedSynchronizer.java:2078)
        at java.util.concurrent.LinkedBlockingQueue.poll(LinkedBlockingQueue.java:467)
        at org.apache.hadoop.ipc.CallQueueManager.take(CallQueueManager.java:288)
        at org.apache.hadoop.ipc.Server$Handler.run(Server.java:2668)
"IPC Server handler 1 on 34783" daemon prio=5 tid=978 timed_waiting
java.lang.Thread.State: TIMED_WAITING
        at sun.misc.Unsafe.park(Native Method)
        at java.util.concurrent.locks.LockSupport.parkNanos(LockSupport.java:215)
        at java.util.concurrent.locks.AbstractQueuedSynchronizer$ConditionObject.awaitNanos(AbstractQueuedSynchronizer.java:2078)
        at java.util.concurrent.LinkedBlockingQueue.poll(LinkedBlockingQueue.java:467)
        at org.apache.hadoop.ipc.CallQueueManager.take(CallQueueManager.java:288)
        at org.apache.hadoop.ipc.Server$Handler.run(Server.java:2668)
"metrics-hadoop-metrics2-reporter-29-thread-1" daemon prio=5 tid=771 timed_waiting
java.lang.Thread.State: TIMED_WAITING
        at sun.misc.Unsafe.park(Native Method)
        at java.util.concurrent.locks.LockSupport.parkNanos(LockSupport.java:215)
        at java.util.concurrent.locks.AbstractQueuedSynchronizer$ConditionObject.awaitNanos(AbstractQueuedSynchronizer.java:2078)
        at java.util.concurrent.ScheduledThreadPoolExecutor$DelayedWorkQueue.take(ScheduledThreadPoolExecutor.java:1093)
        at java.util.concurrent.ScheduledThreadPoolExecutor$DelayedWorkQueue.take(ScheduledThreadPoolExecutor.java:809)
        at java.util.concurrent.ThreadPoolExecutor.getTask(ThreadPoolExecutor.java:1074)
        at java.util.concurrent.ThreadPoolExecutor.runWorker(ThreadPoolExecutor.java:1134)
        at java.util.concurrent.ThreadPoolExecutor$Worker.run(ThreadPoolExecutor.java:624)
        at java.lang.Thread.run(Thread.java:748)
"qtp995381766-1005" daemon prio=5 tid=1005 timed_waiting
java.lang.Thread.State: TIMED_WAITING
        at sun.misc.Unsafe.park(Native Method)
        at java.util.concurrent.locks.LockSupport.parkNanos(LockSupport.java:215)
        at java.util.concurrent.locks.AbstractQueuedSynchronizer$ConditionObject.awaitNanos(AbstractQueuedSynchronizer.java:2078)
        at org.eclipse.jetty.util.BlockingArrayQueue.poll(BlockingArrayQueue.java:392)
        at org.eclipse.jetty.util.thread.QueuedThreadPool.idleJobPoll(QueuedThreadPool.java:563)
        at org.eclipse.jetty.util.thread.QueuedThreadPool.access$800(QueuedThreadPool.java:48)
        at org.eclipse.jetty.util.thread.QueuedThreadPool$2.run(QueuedThreadPool.java:626)
        at java.lang.Thread.run(Thread.java:748)
"IPC Server handler 9 on 44367" daemon prio=5 tid=1075 timed_waiting
java.lang.Thread.State: TIMED_WAITING
        at sun.misc.Unsafe.park(Native Method)
        at java.util.concurrent.locks.LockSupport.parkNanos(LockSupport.java:215)
        at java.util.concurrent.locks.AbstractQueuedSynchronizer$ConditionObject.awaitNanos(AbstractQueuedSynchronizer.java:2078)
        at java.util.concurrent.LinkedBlockingQueue.poll(LinkedBlockingQueue.java:467)
        at org.apache.hadoop.ipc.CallQueueManager.take(CallQueueManager.java:288)
        at org.apache.hadoop.ipc.Server$Handler.run(Server.java:2668)
"jaeger.RemoteReporter-FlushTimer" daemon prio=5 tid=148 timed_waiting
java.lang.Thread.State: TIMED_WAITING
        at java.lang.Object.wait(Native Method)
        at java.util.TimerThread.mainLoop(Timer.java:552)
        at java.util.TimerThread.run(Timer.java:505)
"IPC Server listener on 34783" daemon prio=5 tid=973 runnable
java.lang.Thread.State: RUNNABLE
        at sun.nio.ch.EPollArrayWrapper.epollWait(Native Method)
        at sun.nio.ch.EPollArrayWrapper.poll(EPollArrayWrapper.java:269)
        at sun.nio.ch.EPollSelectorImpl.doSelect(EPollSelectorImpl.java:93)
        at sun.nio.ch.SelectorImpl.lockAndDoSelect(SelectorImpl.java:86)
        at sun.nio.ch.SelectorImpl.select(SelectorImpl.java:97)
        at sun.nio.ch.SelectorImpl.select(SelectorImpl.java:101)
        at org.apache.hadoop.ipc.Server$Listener.run(Server.java:1159)
"pool-126-thread-5"  prio=5 tid=1275 in Object.wait()
java.lang.Thread.State: WAITING (on object monitor)
        at sun.misc.Unsafe.park(Native Method)
        at java.util.concurrent.locks.LockSupport.park(LockSupport.java:175)
        at java.util.concurrent.locks.AbstractQueuedSynchronizer$ConditionObject.await(AbstractQueuedSynchronizer.java:2039)
        at java.util.concurrent.ArrayBlockingQueue.take(ArrayBlockingQueue.java:403)
        at java.util.concurrent.ThreadPoolExecutor.getTask(ThreadPoolExecutor.java:1074)
        at java.util.concurrent.ThreadPoolExecutor.runWorker(ThreadPoolExecutor.java:1134)
        at java.util.concurrent.ThreadPoolExecutor$Worker.run(ThreadPoolExecutor.java:624)
        at java.lang.Thread.run(Thread.java:748)
"grpc-default-executor-1" daemon prio=5 tid=1342 timed_waiting
java.lang.Thread.State: TIMED_WAITING
        at sun.misc.Unsafe.park(Native Method)
        at java.util.concurrent.locks.LockSupport.parkNanos(LockSupport.java:215)
        at java.util.concurrent.SynchronousQueue$TransferStack.awaitFulfill(SynchronousQueue.java:460)
        at java.util.concurrent.SynchronousQueue$TransferStack.transfer(SynchronousQueue.java:362)
        at java.util.concurrent.SynchronousQueue.poll(SynchronousQueue.java:941)
        at java.util.concurrent.ThreadPoolExecutor.getTask(ThreadPoolExecutor.java:1073)
        at java.util.concurrent.ThreadPoolExecutor.runWorker(ThreadPoolExecutor.java:1134)
        at java.util.concurrent.ThreadPoolExecutor$Worker.run(ThreadPoolExecutor.java:624)
        at java.lang.Thread.run(Thread.java:748)
"Datanode ReportManager Thread - 3" daemon prio=5 tid=1157 timed_waiting
java.lang.Thread.State: TIMED_WAITING
        at sun.misc.Unsafe.park(Native Method)
        at java.util.concurrent.locks.LockSupport.parkNanos(LockSupport.java:215)
        at java.util.concurrent.locks.AbstractQueuedSynchronizer$ConditionObject.awaitNanos(AbstractQueuedSynchronizer.java:2078)
        at java.util.concurrent.ScheduledThreadPoolExecutor$DelayedWorkQueue.take(ScheduledThreadPoolExecutor.java:1093)
        at java.util.concurrent.ScheduledThreadPoolExecutor$DelayedWorkQueue.take(ScheduledThreadPoolExecutor.java:809)
        at java.util.concurrent.ThreadPoolExecutor.getTask(ThreadPoolExecutor.java:1074)
        at java.util.concurrent.ThreadPoolExecutor.runWorker(ThreadPoolExecutor.java:1134)
        at java.util.concurrent.ThreadPoolExecutor$Worker.run(ThreadPoolExecutor.java:624)
        at java.lang.Thread.run(Thread.java:748)
"Datanode ReportManager Thread - 2" daemon prio=5 tid=1187 in Object.wait()
java.lang.Thread.State: WAITING (on object monitor)
        at sun.misc.Unsafe.park(Native Method)
        at java.util.concurrent.locks.LockSupport.park(LockSupport.java:175)
        at java.util.concurrent.locks.AbstractQueuedSynchronizer$ConditionObject.await(AbstractQueuedSynchronizer.java:2039)
        at java.util.concurrent.ScheduledThreadPoolExecutor$DelayedWorkQueue.take(ScheduledThreadPoolExecutor.java:1088)
        at java.util.concurrent.ScheduledThreadPoolExecutor$DelayedWorkQueue.take(ScheduledThreadPoolExecutor.java:809)
        at java.util.concurrent.ThreadPoolExecutor.getTask(ThreadPoolExecutor.java:1074)
        at java.util.concurrent.ThreadPoolExecutor.runWorker(ThreadPoolExecutor.java:1134)
        at java.util.concurrent.ThreadPoolExecutor$Worker.run(ThreadPoolExecutor.java:624)
        at java.lang.Thread.run(Thread.java:748)
"metrics-hadoop-metrics2-reporter-53-thread-1" daemon prio=5 tid=939 timed_waiting
java.lang.Thread.State: TIMED_WAITING
        at sun.misc.Unsafe.park(Native Method)
        at java.util.concurrent.locks.LockSupport.parkNanos(LockSupport.java:215)
        at java.util.concurrent.locks.AbstractQueuedSynchronizer$ConditionObject.awaitNanos(AbstractQueuedSynchronizer.java:2078)
        at java.util.concurrent.ScheduledThreadPoolExecutor$DelayedWorkQueue.take(ScheduledThreadPoolExecutor.java:1093)
        at java.util.concurrent.ScheduledThreadPoolExecutor$DelayedWorkQueue.take(ScheduledThreadPoolExecutor.java:809)
        at java.util.concurrent.ThreadPoolExecutor.getTask(ThreadPoolExecutor.java:1074)
        at java.util.concurrent.ThreadPoolExecutor.runWorker(ThreadPoolExecutor.java:1134)
        at java.util.concurrent.ThreadPoolExecutor$Worker.run(ThreadPoolExecutor.java:624)
        at java.lang.Thread.run(Thread.java:748)
"IPC Server handler 7 on 42245" daemon prio=5 tid=1033 timed_waiting
java.lang.Thread.State: TIMED_WAITING
        at sun.misc.Unsafe.park(Native Method)
        at java.util.concurrent.locks.LockSupport.parkNanos(LockSupport.java:215)
        at java.util.concurrent.locks.AbstractQueuedSynchronizer$ConditionObject.awaitNanos(AbstractQueuedSynchronizer.java:2078)
        at java.util.concurrent.LinkedBlockingQueue.poll(LinkedBlockingQueue.java:467)
        at org.apache.hadoop.ipc.CallQueueManager.take(CallQueueManager.java:288)
        at org.apache.hadoop.ipc.Server$Handler.run(Server.java:2668)
"Socket Reader #1 for port 41574"  prio=5 tid=1016 runnable
java.lang.Thread.State: RUNNABLE
        at sun.nio.ch.EPollArrayWrapper.epollWait(Native Method)
        at sun.nio.ch.EPollArrayWrapper.poll(EPollArrayWrapper.java:269)
        at sun.nio.ch.EPollSelectorImpl.doSelect(EPollSelectorImpl.java:93)
        at sun.nio.ch.SelectorImpl.lockAndDoSelect(SelectorImpl.java:86)
        at sun.nio.ch.SelectorImpl.select(SelectorImpl.java:97)
        at sun.nio.ch.SelectorImpl.select(SelectorImpl.java:101)
        at org.apache.hadoop.ipc.Server$Listener$Reader.doRunLoop(Server.java:1097)
        at org.apache.hadoop.ipc.Server$Listener$Reader.run(Server.java:1076)
"qtp818010696-1175" daemon prio=5 tid=1175 timed_waiting
java.lang.Thread.State: TIMED_WAITING
        at sun.misc.Unsafe.park(Native Method)
        at java.util.concurrent.locks.LockSupport.parkNanos(LockSupport.java:215)
        at java.util.concurrent.locks.AbstractQueuedSynchronizer$ConditionObject.awaitNanos(AbstractQueuedSynchronizer.java:2078)
        at org.eclipse.jetty.util.BlockingArrayQueue.poll(BlockingArrayQueue.java:392)
        at org.eclipse.jetty.util.thread.QueuedThreadPool.idleJobPoll(QueuedThreadPool.java:563)
        at org.eclipse.jetty.util.thread.QueuedThreadPool.access$800(QueuedThreadPool.java:48)
        at org.eclipse.jetty.util.thread.QueuedThreadPool$2.run(QueuedThreadPool.java:626)
        at java.lang.Thread.run(Thread.java:748)
"pool-114-thread-1" daemon prio=5 tid=1133 timed_waiting
java.lang.Thread.State: TIMED_WAITING
        at sun.misc.Unsafe.park(Native Method)
        at java.util.concurrent.locks.LockSupport.parkNanos(LockSupport.java:215)
        at java.util.concurrent.locks.AbstractQueuedSynchronizer$ConditionObject.awaitNanos(AbstractQueuedSynchronizer.java:2078)
        at java.util.concurrent.ScheduledThreadPoolExecutor$DelayedWorkQueue.take(ScheduledThreadPoolExecutor.java:1093)
        at java.util.concurrent.ScheduledThreadPoolExecutor$DelayedWorkQueue.take(ScheduledThreadPoolExecutor.java:809)
        at java.util.concurrent.ThreadPoolExecutor.getTask(ThreadPoolExecutor.java:1074)
        at java.util.concurrent.ThreadPoolExecutor.runWorker(ThreadPoolExecutor.java:1134)
        at java.util.concurrent.ThreadPoolExecutor$Worker.run(ThreadPoolExecutor.java:624)
        at java.lang.Thread.run(Thread.java:748)
"pool-116-thread-54"  prio=5 tid=1248 in Object.wait()
java.lang.Thread.State: WAITING (on object monitor)
        at sun.misc.Unsafe.park(Native Method)
        at java.util.concurrent.locks.LockSupport.park(LockSupport.java:175)
        at java.util.concurrent.locks.AbstractQueuedSynchronizer$ConditionObject.await(AbstractQueuedSynchronizer.java:2039)
        at java.util.concurrent.ArrayBlockingQueue.take(ArrayBlockingQueue.java:403)
        at java.util.concurrent.ThreadPoolExecutor.getTask(ThreadPoolExecutor.java:1074)
        at java.util.concurrent.ThreadPoolExecutor.runWorker(ThreadPoolExecutor.java:1134)
        at java.util.concurrent.ThreadPoolExecutor$Worker.run(ThreadPoolExecutor.java:624)
        at java.lang.Thread.run(Thread.java:748)
"metrics-hadoop-metrics2-reporter-41-thread-1" daemon prio=5 tid=821 timed_waiting
java.lang.Thread.State: TIMED_WAITING
        at sun.misc.Unsafe.park(Native Method)
        at java.util.concurrent.locks.LockSupport.parkNanos(LockSupport.java:215)
        at java.util.concurrent.locks.AbstractQueuedSynchronizer$ConditionObject.awaitNanos(AbstractQueuedSynchronizer.java:2078)
        at java.util.concurrent.ScheduledThreadPoolExecutor$DelayedWorkQueue.take(ScheduledThreadPoolExecutor.java:1093)
        at java.util.concurrent.ScheduledThreadPoolExecutor$DelayedWorkQueue.take(ScheduledThreadPoolExecutor.java:809)
        at java.util.concurrent.ThreadPoolExecutor.getTask(ThreadPoolExecutor.java:1074)
        at java.util.concurrent.ThreadPoolExecutor.runWorker(ThreadPoolExecutor.java:1134)
        at java.util.concurrent.ThreadPoolExecutor$Worker.run(ThreadPoolExecutor.java:624)
        at java.lang.Thread.run(Thread.java:748)
"Signal Dispatcher" daemon prio=9 tid=4 runnable
java.lang.Thread.State: RUNNABLE
"pool-116-thread-1"  prio=5 tid=1195 in Object.wait()
java.lang.Thread.State: WAITING (on object monitor)
        at sun.misc.Unsafe.park(Native Method)
        at java.util.concurrent.locks.LockSupport.park(LockSupport.java:175)
        at java.util.concurrent.locks.AbstractQueuedSynchronizer$ConditionObject.await(AbstractQueuedSynchronizer.java:2039)
        at java.util.concurrent.ArrayBlockingQueue.take(ArrayBlockingQueue.java:403)
        at java.util.concurrent.ThreadPoolExecutor.getTask(ThreadPoolExecutor.java:1074)
        at java.util.concurrent.ThreadPoolExecutor.runWorker(ThreadPoolExecutor.java:1134)
        at java.util.concurrent.ThreadPoolExecutor$Worker.run(ThreadPoolExecutor.java:624)
        at java.lang.Thread.run(Thread.java:748)
"pool-116-thread-40"  prio=5 tid=1234 in Object.wait()
java.lang.Thread.State: WAITING (on object monitor)
        at sun.misc.Unsafe.park(Native Method)
        at java.util.concurrent.locks.LockSupport.park(LockSupport.java:175)
        at java.util.concurrent.locks.AbstractQueuedSynchronizer$ConditionObject.await(AbstractQueuedSynchronizer.java:2039)
        at java.util.concurrent.ArrayBlockingQueue.take(ArrayBlockingQueue.java:403)
        at java.util.concurrent.ThreadPoolExecutor.getTask(ThreadPoolExecutor.java:1074)
        at java.util.concurrent.ThreadPoolExecutor.runWorker(ThreadPoolExecutor.java:1134)
        at java.util.concurrent.ThreadPoolExecutor$Worker.run(ThreadPoolExecutor.java:624)
        at java.lang.Thread.run(Thread.java:748)
"org.eclipse.jetty.server.session.HashSessionManager@2bfb6b49Timer" daemon prio=5 tid=1007 timed_waiting
java.lang.Thread.State: TIMED_WAITING
        at sun.misc.Unsafe.park(Native Method)
        at java.util.concurrent.locks.LockSupport.parkNanos(LockSupport.java:215)
        at java.util.concurrent.locks.AbstractQueuedSynchronizer$ConditionObject.awaitNanos(AbstractQueuedSynchronizer.java:2078)
        at java.util.concurrent.ScheduledThreadPoolExecutor$DelayedWorkQueue.take(ScheduledThreadPoolExecutor.java:1093)
        at java.util.concurrent.ScheduledThreadPoolExecutor$DelayedWorkQueue.take(ScheduledThreadPoolExecutor.java:809)
        at java.util.concurrent.ThreadPoolExecutor.getTask(ThreadPoolExecutor.java:1074)
        at java.util.concurrent.ThreadPoolExecutor.runWorker(ThreadPoolExecutor.java:1134)
        at java.util.concurrent.ThreadPoolExecutor$Worker.run(ThreadPoolExecutor.java:624)
        at java.lang.Thread.run(Thread.java:748)
"metrics-hadoop-metrics2-reporter-18-thread-1" daemon prio=5 tid=745 timed_waiting
java.lang.Thread.State: TIMED_WAITING
        at sun.misc.Unsafe.park(Native Method)
        at java.util.concurrent.locks.LockSupport.parkNanos(LockSupport.java:215)
        at java.util.concurrent.locks.AbstractQueuedSynchronizer$ConditionObject.awaitNanos(AbstractQueuedSynchronizer.java:2078)
        at java.util.concurrent.ScheduledThreadPoolExecutor$DelayedWorkQueue.take(ScheduledThreadPoolExecutor.java:1093)
        at java.util.concurrent.ScheduledThreadPoolExecutor$DelayedWorkQueue.take(ScheduledThreadPoolExecutor.java:809)
        at java.util.concurrent.ThreadPoolExecutor.getTask(ThreadPoolExecutor.java:1074)
        at java.util.concurrent.ThreadPoolExecutor.runWorker(ThreadPoolExecutor.java:1134)
        at java.util.concurrent.ThreadPoolExecutor$Worker.run(ThreadPoolExecutor.java:624)
        at java.lang.Thread.run(Thread.java:748)
"pool-116-thread-2"  prio=5 tid=1196 in Object.wait()
java.lang.Thread.State: WAITING (on object monitor)
        at sun.misc.Unsafe.park(Native Method)
        at java.util.concurrent.locks.LockSupport.park(LockSupport.java:175)
        at java.util.concurrent.locks.AbstractQueuedSynchronizer$ConditionObject.await(AbstractQueuedSynchronizer.java:2039)
        at java.util.concurrent.ArrayBlockingQueue.take(ArrayBlockingQueue.java:403)
        at java.util.concurrent.ThreadPoolExecutor.getTask(ThreadPoolExecutor.java:1074)
        at java.util.concurrent.ThreadPoolExecutor.runWorker(ThreadPoolExecutor.java:1134)
        at java.util.concurrent.ThreadPoolExecutor$Worker.run(ThreadPoolExecutor.java:624)
        at java.lang.Thread.run(Thread.java:748)
"Datanode ReportManager Thread - 1" daemon prio=5 tid=307 in Object.wait()
java.lang.Thread.State: WAITING (on object monitor)
        at sun.misc.Unsafe.park(Native Method)
        at java.util.concurrent.locks.LockSupport.park(LockSupport.java:175)
        at java.util.concurrent.locks.AbstractQueuedSynchronizer$ConditionObject.await(AbstractQueuedSynchronizer.java:2039)
        at java.util.concurrent.ScheduledThreadPoolExecutor$DelayedWorkQueue.take(ScheduledThreadPoolExecutor.java:1088)
        at java.util.concurrent.ScheduledThreadPoolExecutor$DelayedWorkQueue.take(ScheduledThreadPoolExecutor.java:809)
        at java.util.concurrent.ThreadPoolExecutor.getTask(ThreadPoolExecutor.java:1074)
        at java.util.concurrent.ThreadPoolExecutor.runWorker(ThreadPoolExecutor.java:1134)
        at java.util.concurrent.ThreadPoolExecutor$Worker.run(ThreadPoolExecutor.java:624)
        at java.lang.Thread.run(Thread.java:748)
"qtp1723177853-1087-acceptor-0@14a6c5f3-ServerConnector@2da3b078{HTTP/1.1,[http/1.1]}{0.0.0.0:37830}" daemon prio=3 tid=1087 runnable
java.lang.Thread.State: RUNNABLE
        at sun.nio.ch.ServerSocketChannelImpl.accept0(Native Method)
        at sun.nio.ch.ServerSocketChannelImpl.accept(ServerSocketChannelImpl.java:422)
        at sun.nio.ch.ServerSocketChannelImpl.accept(ServerSocketChannelImpl.java:250)
        at org.eclipse.jetty.server.ServerConnector.accept(ServerConnector.java:397)
        at org.eclipse.jetty.server.AbstractConnector$Acceptor.run(AbstractConnector.java:601)
        at org.eclipse.jetty.util.thread.QueuedThreadPool.runJob(QueuedThreadPool.java:671)
        at org.eclipse.jetty.util.thread.QueuedThreadPool$2.run(QueuedThreadPool.java:589)
        at java.lang.Thread.run(Thread.java:748)
"IPC Server handler 4 on 41574" daemon prio=5 tid=1050 timed_waiting
java.lang.Thread.State: TIMED_WAITING
        at sun.misc.Unsafe.park(Native Method)
        at java.util.concurrent.locks.LockSupport.parkNanos(LockSupport.java:215)
        at java.util.concurrent.locks.AbstractQueuedSynchronizer$ConditionObject.awaitNanos(AbstractQueuedSynchronizer.java:2078)
        at java.util.concurrent.LinkedBlockingQueue.poll(LinkedBlockingQueue.java:467)
        at org.apache.hadoop.ipc.CallQueueManager.take(CallQueueManager.java:288)
        at org.apache.hadoop.ipc.Server$Handler.run(Server.java:2668)
"pool-116-thread-3"  prio=5 tid=1197 in Object.wait()
java.lang.Thread.State: WAITING (on object monitor)
        at sun.misc.Unsafe.park(Native Method)
        at java.util.concurrent.locks.LockSupport.park(LockSupport.java:175)
        at java.util.concurrent.locks.AbstractQueuedSynchronizer$ConditionObject.await(AbstractQueuedSynchronizer.java:2039)
        at java.util.concurrent.ArrayBlockingQueue.take(ArrayBlockingQueue.java:403)
        at java.util.concurrent.ThreadPoolExecutor.getTask(ThreadPoolExecutor.java:1074)
        at java.util.concurrent.ThreadPoolExecutor.runWorker(ThreadPoolExecutor.java:1134)
        at java.util.concurrent.ThreadPoolExecutor$Worker.run(ThreadPoolExecutor.java:624)
        at java.lang.Thread.run(Thread.java:748)
"qtp1937575946-1112" daemon prio=5 tid=1112 timed_waiting
java.lang.Thread.State: TIMED_WAITING
        at sun.misc.Unsafe.park(Native Method)
        at java.util.concurrent.locks.LockSupport.parkNanos(LockSupport.java:215)
        at java.util.concurrent.locks.AbstractQueuedSynchronizer$ConditionObject.awaitNanos(AbstractQueuedSynchronizer.java:2078)
        at org.eclipse.jetty.util.BlockingArrayQueue.poll(BlockingArrayQueue.java:392)
        at org.eclipse.jetty.util.thread.QueuedThreadPool.idleJobPoll(QueuedThreadPool.java:563)
        at org.eclipse.jetty.util.thread.QueuedThreadPool.access$800(QueuedThreadPool.java:48)
        at org.eclipse.jetty.util.thread.QueuedThreadPool$2.run(QueuedThreadPool.java:626)
        at java.lang.Thread.run(Thread.java:748)
"pool-116-thread-44"  prio=5 tid=1238 in Object.wait()
java.lang.Thread.State: WAITING (on object monitor)
        at sun.misc.Unsafe.park(Native Method)
        at java.util.concurrent.locks.LockSupport.park(LockSupport.java:175)
        at java.util.concurrent.locks.AbstractQueuedSynchronizer$ConditionObject.await(AbstractQueuedSynchronizer.java:2039)
        at java.util.concurrent.ArrayBlockingQueue.take(ArrayBlockingQueue.java:403)
        at java.util.concurrent.ThreadPoolExecutor.getTask(ThreadPoolExecutor.java:1074)
        at java.util.concurrent.ThreadPoolExecutor.runWorker(ThreadPoolExecutor.java:1134)
        at java.util.concurrent.ThreadPoolExecutor$Worker.run(ThreadPoolExecutor.java:624)
        at java.lang.Thread.run(Thread.java:748)
"pool-127-thread-1"  prio=5 tid=1167 in Object.wait()
java.lang.Thread.State: WAITING (on object monitor)
        at sun.misc.Unsafe.park(Native Method)
        at java.util.concurrent.locks.LockSupport.park(LockSupport.java:175)
        at java.util.concurrent.locks.AbstractQueuedSynchronizer$ConditionObject.await(AbstractQueuedSynchronizer.java:2039)
        at java.util.concurrent.LinkedBlockingQueue.take(LinkedBlockingQueue.java:442)
        at java.util.concurrent.ThreadPoolExecutor.getTask(ThreadPoolExecutor.java:1074)
        at java.util.concurrent.ThreadPoolExecutor.runWorker(ThreadPoolExecutor.java:1134)
        at java.util.concurrent.ThreadPoolExecutor$Worker.run(ThreadPoolExecutor.java:624)
        at java.lang.Thread.run(Thread.java:748)
"pool-106-thread-59"  prio=5 tid=1427 in Object.wait()
java.lang.Thread.State: WAITING (on object monitor)
        at sun.misc.Unsafe.park(Native Method)
        at java.util.concurrent.locks.LockSupport.park(LockSupport.java:175)
        at java.util.concurrent.locks.AbstractQueuedSynchronizer$ConditionObject.await(AbstractQueuedSynchronizer.java:2039)
        at java.util.concurrent.ArrayBlockingQueue.take(ArrayBlockingQueue.java:403)
        at java.util.concurrent.ThreadPoolExecutor.getTask(ThreadPoolExecutor.java:1074)
        at java.util.concurrent.ThreadPoolExecutor.runWorker(ThreadPoolExecutor.java:1134)
        at java.util.concurrent.ThreadPoolExecutor$Worker.run(ThreadPoolExecutor.java:624)
        at java.lang.Thread.run(Thread.java:748)
"IPC Server handler 6 on 42245" daemon prio=5 tid=1032 timed_waiting
java.lang.Thread.State: TIMED_WAITING
        at sun.misc.Unsafe.park(Native Method)
        at java.util.concurrent.locks.LockSupport.parkNanos(LockSupport.java:215)
        at java.util.concurrent.locks.AbstractQueuedSynchronizer$ConditionObject.awaitNanos(AbstractQueuedSynchronizer.java:2078)
        at java.util.concurrent.LinkedBlockingQueue.poll(LinkedBlockingQueue.java:467)
        at org.apache.hadoop.ipc.CallQueueManager.take(CallQueueManager.java:288)
        at org.apache.hadoop.ipc.Server$Handler.run(Server.java:2668)
"pool-130-thread-1"  prio=5 tid=1168 timed_waiting
java.lang.Thread.State: TIMED_WAITING
        at sun.misc.Unsafe.park(Native Method)
        at java.util.concurrent.locks.LockSupport.parkNanos(LockSupport.java:215)
        at java.util.concurrent.locks.AbstractQueuedSynchronizer$ConditionObject.awaitNanos(AbstractQueuedSynchronizer.java:2078)
        at java.util.concurrent.ScheduledThreadPoolExecutor$DelayedWorkQueue.take(ScheduledThreadPoolExecutor.java:1093)
        at java.util.concurrent.ScheduledThreadPoolExecutor$DelayedWorkQueue.take(ScheduledThreadPoolExecutor.java:809)
        at java.util.concurrent.ThreadPoolExecutor.getTask(ThreadPoolExecutor.java:1074)
        at java.util.concurrent.ThreadPoolExecutor.runWorker(ThreadPoolExecutor.java:1134)
        at java.util.concurrent.ThreadPoolExecutor$Worker.run(ThreadPoolExecutor.java:624)
        at java.lang.Thread.run(Thread.java:748)
"SCMBlockDeletingService#0" daemon prio=5 tid=1097 in Object.wait()
java.lang.Thread.State: WAITING (on object monitor)
        at sun.misc.Unsafe.park(Native Method)
        at java.util.concurrent.locks.LockSupport.park(LockSupport.java:175)
        at java.util.concurrent.locks.AbstractQueuedSynchronizer$ConditionObject.await(AbstractQueuedSynchronizer.java:2039)
        at java.util.concurrent.ScheduledThreadPoolExecutor$DelayedWorkQueue.take(ScheduledThreadPoolExecutor.java:1088)
        at java.util.concurrent.ScheduledThreadPoolExecutor$DelayedWorkQueue.take(ScheduledThreadPoolExecutor.java:809)
        at java.util.concurrent.ThreadPoolExecutor.getTask(ThreadPoolExecutor.java:1074)
        at java.util.concurrent.ThreadPoolExecutor.runWorker(ThreadPoolExecutor.java:1134)
        at java.util.concurrent.ThreadPoolExecutor$Worker.run(ThreadPoolExecutor.java:624)
        at java.lang.Thread.run(Thread.java:748)
"IPC Server handler 10 on 42245" daemon prio=5 tid=1036 timed_waiting
java.lang.Thread.State: TIMED_WAITING
        at sun.misc.Unsafe.park(Native Method)
        at java.util.concurrent.locks.LockSupport.parkNanos(LockSupport.java:215)
        at java.util.concurrent.locks.AbstractQueuedSynchronizer$ConditionObject.awaitNanos(AbstractQueuedSynchronizer.java:2078)
        at java.util.concurrent.LinkedBlockingQueue.poll(LinkedBlockingQueue.java:467)
        at org.apache.hadoop.ipc.CallQueueManager.take(CallQueueManager.java:288)
        at org.apache.hadoop.ipc.Server$Handler.run(Server.java:2668)
"pool-116-thread-32"  prio=5 tid=1226 in Object.wait()
java.lang.Thread.State: WAITING (on object monitor)
        at sun.misc.Unsafe.park(Native Method)
        at java.util.concurrent.locks.LockSupport.park(LockSupport.java:175)
        at java.util.concurrent.locks.AbstractQueuedSynchronizer$ConditionObject.await(AbstractQueuedSynchronizer.java:2039)
        at java.util.concurrent.ArrayBlockingQueue.take(ArrayBlockingQueue.java:403)
        at java.util.concurrent.ThreadPoolExecutor.getTask(ThreadPoolExecutor.java:1074)
        at java.util.concurrent.ThreadPoolExecutor.runWorker(ThreadPoolExecutor.java:1134)
        at java.util.concurrent.ThreadPoolExecutor$Worker.run(ThreadPoolExecutor.java:624)
        at java.lang.Thread.run(Thread.java:748)
"37bd8e8c-ea68-4b1c-8659-8d001c4f3b5c@group-BBCCAFE5DB64-SegmentedRaftLogWorker"  prio=5 tid=1192 timed_waiting
java.lang.Thread.State: TIMED_WAITING
        at sun.misc.Unsafe.park(Native Method)
        at java.util.concurrent.locks.LockSupport.parkNanos(LockSupport.java:215)
        at java.util.concurrent.locks.AbstractQueuedSynchronizer$ConditionObject.awaitNanos(AbstractQueuedSynchronizer.java:2078)
        at org.apache.ratis.util.DataBlockingQueue.poll(DataBlockingQueue.java:137)
        at org.apache.ratis.server.raftlog.segmented.SegmentedRaftLogWorker.run(SegmentedRaftLogWorker.java:282)
        at java.lang.Thread.run(Thread.java:748)
"IPC Server handler 18 on 41574" daemon prio=5 tid=1064 timed_waiting
java.lang.Thread.State: TIMED_WAITING
        at sun.misc.Unsafe.park(Native Method)
        at java.util.concurrent.locks.LockSupport.parkNanos(LockSupport.java:215)
        at java.util.concurrent.locks.AbstractQueuedSynchronizer$ConditionObject.awaitNanos(AbstractQueuedSynchronizer.java:2078)
        at java.util.concurrent.LinkedBlockingQueue.poll(LinkedBlockingQueue.java:467)
        at org.apache.hadoop.ipc.CallQueueManager.take(CallQueueManager.java:288)
        at org.apache.hadoop.ipc.Server$Handler.run(Server.java:2668)
"metrics-hadoop-metrics2-reporter-6-thread-1" daemon prio=5 tid=717 timed_waiting
java.lang.Thread.State: TIMED_WAITING
        at sun.misc.Unsafe.park(Native Method)
        at java.util.concurrent.locks.LockSupport.parkNanos(LockSupport.java:215)
        at java.util.concurrent.locks.AbstractQueuedSynchronizer$ConditionObject.awaitNanos(AbstractQueuedSynchronizer.java:2078)
        at java.util.concurrent.ScheduledThreadPoolExecutor$DelayedWorkQueue.take(ScheduledThreadPoolExecutor.java:1093)
        at java.util.concurrent.ScheduledThreadPoolExecutor$DelayedWorkQueue.take(ScheduledThreadPoolExecutor.java:809)
        at java.util.concurrent.ThreadPoolExecutor.getTask(ThreadPoolExecutor.java:1074)
        at java.util.concurrent.ThreadPoolExecutor.runWorker(ThreadPoolExecutor.java:1134)
        at java.util.concurrent.ThreadPoolExecutor$Worker.run(ThreadPoolExecutor.java:624)
        at java.lang.Thread.run(Thread.java:748)
"IPC Server Responder" daemon prio=5 tid=1022 runnable
java.lang.Thread.State: RUNNABLE
        at sun.nio.ch.EPollArrayWrapper.epollWait(Native Method)
        at sun.nio.ch.EPollArrayWrapper.poll(EPollArrayWrapper.java:269)
        at sun.nio.ch.EPollSelectorImpl.doSelect(EPollSelectorImpl.java:93)
        at sun.nio.ch.SelectorImpl.lockAndDoSelect(SelectorImpl.java:86)
        at sun.nio.ch.SelectorImpl.select(SelectorImpl.java:97)
        at org.apache.hadoop.ipc.Server$Responder.doRunLoop(Server.java:1334)
        at org.apache.hadoop.ipc.Server$Responder.run(Server.java:1317)
"pool-116-thread-35"  prio=5 tid=1229 in Object.wait()
java.lang.Thread.State: WAITING (on object monitor)
        at sun.misc.Unsafe.park(Native Method)
        at java.util.concurrent.locks.LockSupport.park(LockSupport.java:175)
        at java.util.concurrent.locks.AbstractQueuedSynchronizer$ConditionObject.await(AbstractQueuedSynchronizer.java:2039)
        at java.util.concurrent.ArrayBlockingQueue.take(ArrayBlockingQueue.java:403)
        at java.util.concurrent.ThreadPoolExecutor.getTask(ThreadPoolExecutor.java:1074)
        at java.util.concurrent.ThreadPoolExecutor.runWorker(ThreadPoolExecutor.java:1134)
        at java.util.concurrent.ThreadPoolExecutor$Worker.run(ThreadPoolExecutor.java:624)
        at java.lang.Thread.run(Thread.java:748)
"qtp1723177853-1090" daemon prio=5 tid=1090 timed_waiting
java.lang.Thread.State: TIMED_WAITING
        at sun.misc.Unsafe.park(Native Method)
        at java.util.concurrent.locks.LockSupport.parkNanos(LockSupport.java:215)
        at java.util.concurrent.locks.AbstractQueuedSynchronizer$ConditionObject.awaitNanos(AbstractQueuedSynchronizer.java:2078)
        at org.eclipse.jetty.util.BlockingArrayQueue.poll(BlockingArrayQueue.java:392)
        at org.eclipse.jetty.util.thread.QueuedThreadPool.idleJobPoll(QueuedThreadPool.java:563)
        at org.eclipse.jetty.util.thread.QueuedThreadPool.access$800(QueuedThreadPool.java:48)
        at org.eclipse.jetty.util.thread.QueuedThreadPool$2.run(QueuedThreadPool.java:626)
        at java.lang.Thread.run(Thread.java:748)
"pool-126-thread-60"  prio=5 tid=1330 in Object.wait()
java.lang.Thread.State: WAITING (on object monitor)
        at sun.misc.Unsafe.park(Native Method)
        at java.util.concurrent.locks.LockSupport.park(LockSupport.java:175)
        at java.util.concurrent.locks.AbstractQueuedSynchronizer$ConditionObject.await(AbstractQueuedSynchronizer.java:2039)
        at java.util.concurrent.ArrayBlockingQueue.take(ArrayBlockingQueue.java:403)
        at java.util.concurrent.ThreadPoolExecutor.getTask(ThreadPoolExecutor.java:1074)
        at java.util.concurrent.ThreadPoolExecutor.runWorker(ThreadPoolExecutor.java:1134)
        at java.util.concurrent.ThreadPoolExecutor$Worker.run(ThreadPoolExecutor.java:624)
        at java.lang.Thread.run(Thread.java:748)
"pool-126-thread-54"  prio=5 tid=1324 in Object.wait()
java.lang.Thread.State: WAITING (on object monitor)
        at sun.misc.Unsafe.park(Native Method)
        at java.util.concurrent.locks.LockSupport.park(LockSupport.java:175)
        at java.util.concurrent.locks.AbstractQueuedSynchronizer$ConditionObject.await(AbstractQueuedSynchronizer.java:2039)
        at java.util.concurrent.ArrayBlockingQueue.take(ArrayBlockingQueue.java:403)
        at java.util.concurrent.ThreadPoolExecutor.getTask(ThreadPoolExecutor.java:1074)
        at java.util.concurrent.ThreadPoolExecutor.runWorker(ThreadPoolExecutor.java:1134)
        at java.util.concurrent.ThreadPoolExecutor$Worker.run(ThreadPoolExecutor.java:624)
        at java.lang.Thread.run(Thread.java:748)
"Datanode ReportManager Thread - 0" daemon prio=5 tid=1185 in Object.wait()
java.lang.Thread.State: WAITING (on object monitor)
        at sun.misc.Unsafe.park(Native Method)
        at java.util.concurrent.locks.LockSupport.park(LockSupport.java:175)
        at java.util.concurrent.locks.AbstractQueuedSynchronizer$ConditionObject.await(AbstractQueuedSynchronizer.java:2039)
        at java.util.concurrent.ScheduledThreadPoolExecutor$DelayedWorkQueue.take(ScheduledThreadPoolExecutor.java:1088)
        at java.util.concurrent.ScheduledThreadPoolExecutor$DelayedWorkQueue.take(ScheduledThreadPoolExecutor.java:809)
        at java.util.concurrent.ThreadPoolExecutor.getTask(ThreadPoolExecutor.java:1074)
        at java.util.concurrent.ThreadPoolExecutor.runWorker(ThreadPoolExecutor.java:1134)
        at java.util.concurrent.ThreadPoolExecutor$Worker.run(ThreadPoolExecutor.java:624)
        at java.lang.Thread.run(Thread.java:748)
"pool-116-thread-39"  prio=5 tid=1233 in Object.wait()
java.lang.Thread.State: WAITING (on object monitor)
        at sun.misc.Unsafe.park(Native Method)
        at java.util.concurrent.locks.LockSupport.park(LockSupport.java:175)
        at java.util.concurrent.locks.AbstractQueuedSynchronizer$ConditionObject.await(AbstractQueuedSynchronizer.java:2039)
        at java.util.concurrent.ArrayBlockingQueue.take(ArrayBlockingQueue.java:403)
        at java.util.concurrent.ThreadPoolExecutor.getTask(ThreadPoolExecutor.java:1074)
        at java.util.concurrent.ThreadPoolExecutor.runWorker(ThreadPoolExecutor.java:1134)
        at java.util.concurrent.ThreadPoolExecutor$Worker.run(ThreadPoolExecutor.java:624)
        at java.lang.Thread.run(Thread.java:748)
"pool-126-thread-11"  prio=5 tid=1281 in Object.wait()
java.lang.Thread.State: WAITING (on object monitor)
        at sun.misc.Unsafe.park(Native Method)
        at java.util.concurrent.locks.LockSupport.park(LockSupport.java:175)
        at java.util.concurrent.locks.AbstractQueuedSynchronizer$ConditionObject.await(AbstractQueuedSynchronizer.java:2039)
        at java.util.concurrent.ArrayBlockingQueue.take(ArrayBlockingQueue.java:403)
        at java.util.concurrent.ThreadPoolExecutor.getTask(ThreadPoolExecutor.java:1074)
        at java.util.concurrent.ThreadPoolExecutor.runWorker(ThreadPoolExecutor.java:1134)
        at java.util.concurrent.ThreadPoolExecutor$Worker.run(ThreadPoolExecutor.java:624)
        at java.lang.Thread.run(Thread.java:748)
"EventQueue-NodeRegistrationContainerReportForDataNodeSafeModeRule" daemon prio=5 tid=1266 in Object.wait()
java.lang.Thread.State: WAITING (on object monitor)
        at sun.misc.Unsafe.park(Native Method)
        at java.util.concurrent.locks.LockSupport.park(LockSupport.java:175)
        at java.util.concurrent.locks.AbstractQueuedSynchronizer$ConditionObject.await(AbstractQueuedSynchronizer.java:2039)
        at java.util.concurrent.LinkedBlockingQueue.take(LinkedBlockingQueue.java:442)
        at java.util.concurrent.ThreadPoolExecutor.getTask(ThreadPoolExecutor.java:1074)
        at java.util.concurrent.ThreadPoolExecutor.runWorker(ThreadPoolExecutor.java:1134)
        at java.util.concurrent.ThreadPoolExecutor$Worker.run(ThreadPoolExecutor.java:624)
        at java.lang.Thread.run(Thread.java:748)
"qtp818010696-1174" daemon prio=5 tid=1174 timed_waiting
java.lang.Thread.State: TIMED_WAITING
        at sun.misc.Unsafe.park(Native Method)
        at java.util.concurrent.locks.LockSupport.parkNanos(LockSupport.java:215)
        at java.util.concurrent.locks.AbstractQueuedSynchronizer$ConditionObject.awaitNanos(AbstractQueuedSynchronizer.java:2078)
        at org.eclipse.jetty.util.BlockingArrayQueue.poll(BlockingArrayQueue.java:392)
        at org.eclipse.jetty.util.thread.QueuedThreadPool.idleJobPoll(QueuedThreadPool.java:563)
        at org.eclipse.jetty.util.thread.QueuedThreadPool.access$800(QueuedThreadPool.java:48)
        at org.eclipse.jetty.util.thread.QueuedThreadPool$2.run(QueuedThreadPool.java:626)
        at java.lang.Thread.run(Thread.java:748)
"pool-126-thread-12"  prio=5 tid=1282 in Object.wait()
java.lang.Thread.State: WAITING (on object monitor)
        at sun.misc.Unsafe.park(Native Method)
        at java.util.concurrent.locks.LockSupport.park(LockSupport.java:175)
        at java.util.concurrent.locks.AbstractQueuedSynchronizer$ConditionObject.await(AbstractQueuedSynchronizer.java:2039)
        at java.util.concurrent.ArrayBlockingQueue.take(ArrayBlockingQueue.java:403)
        at java.util.concurrent.ThreadPoolExecutor.getTask(ThreadPoolExecutor.java:1074)
        at java.util.concurrent.ThreadPoolExecutor.runWorker(ThreadPoolExecutor.java:1134)
        at java.util.concurrent.ThreadPoolExecutor$Worker.run(ThreadPoolExecutor.java:624)
        at java.lang.Thread.run(Thread.java:748)
"pool-116-thread-26"  prio=5 tid=1220 in Object.wait()
java.lang.Thread.State: WAITING (on object monitor)
        at sun.misc.Unsafe.park(Native Method)
        at java.util.concurrent.locks.LockSupport.park(LockSupport.java:175)
        at java.util.concurrent.locks.AbstractQueuedSynchronizer$ConditionObject.await(AbstractQueuedSynchronizer.java:2039)
        at java.util.concurrent.ArrayBlockingQueue.take(ArrayBlockingQueue.java:403)
        at java.util.concurrent.ThreadPoolExecutor.getTask(ThreadPoolExecutor.java:1074)
        at java.util.concurrent.ThreadPoolExecutor.runWorker(ThreadPoolExecutor.java:1134)
        at java.util.concurrent.ThreadPoolExecutor$Worker.run(ThreadPoolExecutor.java:624)
        at java.lang.Thread.run(Thread.java:748)
"pool-106-thread-40"  prio=5 tid=1408 in Object.wait()
java.lang.Thread.State: WAITING (on object monitor)
        at sun.misc.Unsafe.park(Native Method)
        at java.util.concurrent.locks.LockSupport.park(LockSupport.java:175)
        at java.util.concurrent.locks.AbstractQueuedSynchronizer$ConditionObject.await(AbstractQueuedSynchronizer.java:2039)
        at java.util.concurrent.ArrayBlockingQueue.take(ArrayBlockingQueue.java:403)
        at java.util.concurrent.ThreadPoolExecutor.getTask(ThreadPoolExecutor.java:1074)
        at java.util.concurrent.ThreadPoolExecutor.runWorker(ThreadPoolExecutor.java:1134)
        at java.util.concurrent.ThreadPoolExecutor$Worker.run(ThreadPoolExecutor.java:624)
        at java.lang.Thread.run(Thread.java:748)
"pool-106-thread-25"  prio=5 tid=1393 in Object.wait()
java.lang.Thread.State: WAITING (on object monitor)
        at sun.misc.Unsafe.park(Native Method)
        at java.util.concurrent.locks.LockSupport.park(LockSupport.java:175)
        at java.util.concurrent.locks.AbstractQueuedSynchronizer$ConditionObject.await(AbstractQueuedSynchronizer.java:2039)
        at java.util.concurrent.ArrayBlockingQueue.take(ArrayBlockingQueue.java:403)
        at java.util.concurrent.ThreadPoolExecutor.getTask(ThreadPoolExecutor.java:1074)
        at java.util.concurrent.ThreadPoolExecutor.runWorker(ThreadPoolExecutor.java:1134)
        at java.util.concurrent.ThreadPoolExecutor$Worker.run(ThreadPoolExecutor.java:624)
        at java.lang.Thread.run(Thread.java:748)
"IPC Server idle connection scanner for port 42245" daemon prio=5 tid=1021 timed_waiting
java.lang.Thread.State: TIMED_WAITING
        at java.lang.Object.wait(Native Method)
        at java.util.TimerThread.mainLoop(Timer.java:552)
        at java.util.TimerThread.run(Timer.java:505)
"org.eclipse.jetty.server.session.HashSessionManager@ae2db25Timer" daemon prio=5 tid=1008 timed_waiting
java.lang.Thread.State: TIMED_WAITING
        at sun.misc.Unsafe.park(Native Method)
        at java.util.concurrent.locks.LockSupport.parkNanos(LockSupport.java:215)
        at java.util.concurrent.locks.AbstractQueuedSynchronizer$ConditionObject.awaitNanos(AbstractQueuedSynchronizer.java:2078)
        at java.util.concurrent.ScheduledThreadPoolExecutor$DelayedWorkQueue.take(ScheduledThreadPoolExecutor.java:1093)
        at java.util.concurrent.ScheduledThreadPoolExecutor$DelayedWorkQueue.take(ScheduledThreadPoolExecutor.java:809)
        at java.util.concurrent.ThreadPoolExecutor.getTask(ThreadPoolExecutor.java:1074)
        at java.util.concurrent.ThreadPoolExecutor.runWorker(ThreadPoolExecutor.java:1134)
        at java.util.concurrent.ThreadPoolExecutor$Worker.run(ThreadPoolExecutor.java:624)
        at java.lang.Thread.run(Thread.java:748)
"metrics-hadoop-metrics2-reporter-36-thread-1" daemon prio=5 tid=795 timed_waiting
java.lang.Thread.State: TIMED_WAITING
        at sun.misc.Unsafe.park(Native Method)
        at java.util.concurrent.locks.LockSupport.parkNanos(LockSupport.java:215)
        at java.util.concurrent.locks.AbstractQueuedSynchronizer$ConditionObject.awaitNanos(AbstractQueuedSynchronizer.java:2078)
        at java.util.concurrent.ScheduledThreadPoolExecutor$DelayedWorkQueue.take(ScheduledThreadPoolExecutor.java:1093)
        at java.util.concurrent.ScheduledThreadPoolExecutor$DelayedWorkQueue.take(ScheduledThreadPoolExecutor.java:809)
        at java.util.concurrent.ThreadPoolExecutor.getTask(ThreadPoolExecutor.java:1074)
        at java.util.concurrent.ThreadPoolExecutor.runWorker(ThreadPoolExecutor.java:1134)
        at java.util.concurrent.ThreadPoolExecutor$Worker.run(ThreadPoolExecutor.java:624)
        at java.lang.Thread.run(Thread.java:748)
"IPC Server listener on 42245" daemon prio=5 tid=1019 runnable
java.lang.Thread.State: RUNNABLE
        at sun.nio.ch.EPollArrayWrapper.epollWait(Native Method)
        at sun.nio.ch.EPollArrayWrapper.poll(EPollArrayWrapper.java:269)
        at sun.nio.ch.EPollSelectorImpl.doSelect(EPollSelectorImpl.java:93)
        at sun.nio.ch.SelectorImpl.lockAndDoSelect(SelectorImpl.java:86)
        at sun.nio.ch.SelectorImpl.select(SelectorImpl.java:97)
        at sun.nio.ch.SelectorImpl.select(SelectorImpl.java:101)
        at org.apache.hadoop.ipc.Server$Listener.run(Server.java:1159)
"pool-116-thread-51"  prio=5 tid=1245 in Object.wait()
java.lang.Thread.State: WAITING (on object monitor)
        at sun.misc.Unsafe.park(Native Method)
        at java.util.concurrent.locks.LockSupport.park(LockSupport.java:175)
        at java.util.concurrent.locks.AbstractQueuedSynchronizer$ConditionObject.await(AbstractQueuedSynchronizer.java:2039)
        at java.util.concurrent.ArrayBlockingQueue.take(ArrayBlockingQueue.java:403)
        at java.util.concurrent.ThreadPoolExecutor.getTask(ThreadPoolExecutor.java:1074)
        at java.util.concurrent.ThreadPoolExecutor.runWorker(ThreadPoolExecutor.java:1134)
        at java.util.concurrent.ThreadPoolExecutor$Worker.run(ThreadPoolExecutor.java:624)
        at java.lang.Thread.run(Thread.java:748)
"metrics-hadoop-metrics2-reporter-30-thread-1" daemon prio=5 tid=779 timed_waiting
java.lang.Thread.State: TIMED_WAITING
        at sun.misc.Unsafe.park(Native Method)
        at java.util.concurrent.locks.LockSupport.parkNanos(LockSupport.java:215)
        at java.util.concurrent.locks.AbstractQueuedSynchronizer$ConditionObject.awaitNanos(AbstractQueuedSynchronizer.java:2078)
        at java.util.concurrent.ScheduledThreadPoolExecutor$DelayedWorkQueue.take(ScheduledThreadPoolExecutor.java:1093)
        at java.util.concurrent.ScheduledThreadPoolExecutor$DelayedWorkQueue.take(ScheduledThreadPoolExecutor.java:809)
        at java.util.concurrent.ThreadPoolExecutor.getTask(ThreadPoolExecutor.java:1074)
        at java.util.concurrent.ThreadPoolExecutor.runWorker(ThreadPoolExecutor.java:1134)
        at java.util.concurrent.ThreadPoolExecutor$Worker.run(ThreadPoolExecutor.java:624)
        at java.lang.Thread.run(Thread.java:748)
"IPC Server handler 3 on 41574" daemon prio=5 tid=1049 timed_waiting
java.lang.Thread.State: TIMED_WAITING
        at sun.misc.Unsafe.park(Native Method)
        at java.util.concurrent.locks.LockSupport.parkNanos(LockSupport.java:215)
        at java.util.concurrent.locks.AbstractQueuedSynchronizer$ConditionObject.awaitNanos(AbstractQueuedSynchronizer.java:2078)
        at java.util.concurrent.LinkedBlockingQueue.poll(LinkedBlockingQueue.java:467)
        at org.apache.hadoop.ipc.CallQueueManager.take(CallQueueManager.java:288)
        at org.apache.hadoop.ipc.Server$Handler.run(Server.java:2668)
"pool-106-thread-52"  prio=5 tid=1420 in Object.wait()
java.lang.Thread.State: WAITING (on object monitor)
        at sun.misc.Unsafe.park(Native Method)
        at java.util.concurrent.locks.LockSupport.park(LockSupport.java:175)
        at java.util.concurrent.locks.AbstractQueuedSynchronizer$ConditionObject.await(AbstractQueuedSynchronizer.java:2039)
        at java.util.concurrent.ArrayBlockingQueue.take(ArrayBlockingQueue.java:403)
        at java.util.concurrent.ThreadPoolExecutor.getTask(ThreadPoolExecutor.java:1074)
        at java.util.concurrent.ThreadPoolExecutor.runWorker(ThreadPoolExecutor.java:1134)
        at java.util.concurrent.ThreadPoolExecutor$Worker.run(ThreadPoolExecutor.java:624)
        at java.lang.Thread.run(Thread.java:748)
"IPC Server handler 6 on 41574" daemon prio=5 tid=1052 timed_waiting
java.lang.Thread.State: TIMED_WAITING
        at sun.misc.Unsafe.park(Native Method)
        at java.util.concurrent.locks.LockSupport.parkNanos(LockSupport.java:215)
        at java.util.concurrent.locks.AbstractQueuedSynchronizer$ConditionObject.awaitNanos(AbstractQueuedSynchronizer.java:2078)
        at java.util.concurrent.LinkedBlockingQueue.poll(LinkedBlockingQueue.java:467)
        at org.apache.hadoop.ipc.CallQueueManager.take(CallQueueManager.java:288)
        at org.apache.hadoop.ipc.Server$Handler.run(Server.java:2668)
"metrics-hadoop-metrics2-reporter-32-thread-1" daemon prio=5 tid=786 timed_waiting
java.lang.Thread.State: TIMED_WAITING
        at sun.misc.Unsafe.park(Native Method)
        at java.util.concurrent.locks.LockSupport.parkNanos(LockSupport.java:215)
        at java.util.concurrent.locks.AbstractQueuedSynchronizer$ConditionObject.awaitNanos(AbstractQueuedSynchronizer.java:2078)
        at java.util.concurrent.ScheduledThreadPoolExecutor$DelayedWorkQueue.take(ScheduledThreadPoolExecutor.java:1093)
        at java.util.concurrent.ScheduledThreadPoolExecutor$DelayedWorkQueue.take(ScheduledThreadPoolExecutor.java:809)
        at java.util.concurrent.ThreadPoolExecutor.getTask(ThreadPoolExecutor.java:1074)
        at java.util.concurrent.ThreadPoolExecutor.runWorker(ThreadPoolExecutor.java:1134)
        at java.util.concurrent.ThreadPoolExecutor$Worker.run(ThreadPoolExecutor.java:624)
        at java.lang.Thread.run(Thread.java:748)
"pool-126-thread-28"  prio=5 tid=1298 in Object.wait()
java.lang.Thread.State: WAITING (on object monitor)
        at sun.misc.Unsafe.park(Native Method)
        at java.util.concurrent.locks.LockSupport.park(LockSupport.java:175)
        at java.util.concurrent.locks.AbstractQueuedSynchronizer$ConditionObject.await(AbstractQueuedSynchronizer.java:2039)
        at java.util.concurrent.ArrayBlockingQueue.take(ArrayBlockingQueue.java:403)
        at java.util.concurrent.ThreadPoolExecutor.getTask(ThreadPoolExecutor.java:1074)
        at java.util.concurrent.ThreadPoolExecutor.runWorker(ThreadPoolExecutor.java:1134)
        at java.util.concurrent.ThreadPoolExecutor$Worker.run(ThreadPoolExecutor.java:624)
        at java.lang.Thread.run(Thread.java:748)
"surefire-forkedjvm-command-thread" daemon prio=5 tid=8 runnable
java.lang.Thread.State: RUNNABLE
        at java.io.FileInputStream.readBytes(Native Method)
        at java.io.FileInputStream.read(FileInputStream.java:255)
        at java.io.BufferedInputStream.fill(BufferedInputStream.java:246)
        at java.io.BufferedInputStream.read(BufferedInputStream.java:265)
        at java.io.DataInputStream.readInt(DataInputStream.java:387)
        at org.apache.maven.surefire.booter.MasterProcessCommand.decode(MasterProcessCommand.java:115)
        at org.apache.maven.surefire.booter.CommandReader$CommandRunnable.run(CommandReader.java:390)
        at java.lang.Thread.run(Thread.java:748)
"pool-126-thread-53"  prio=5 tid=1323 in Object.wait()
java.lang.Thread.State: WAITING (on object monitor)
        at sun.misc.Unsafe.park(Native Method)
        at java.util.concurrent.locks.LockSupport.park(LockSupport.java:175)
        at java.util.concurrent.locks.AbstractQueuedSynchronizer$ConditionObject.await(AbstractQueuedSynchronizer.java:2039)
        at java.util.concurrent.ArrayBlockingQueue.take(ArrayBlockingQueue.java:403)
        at java.util.concurrent.ThreadPoolExecutor.getTask(ThreadPoolExecutor.java:1074)
        at java.util.concurrent.ThreadPoolExecutor.runWorker(ThreadPoolExecutor.java:1134)
        at java.util.concurrent.ThreadPoolExecutor$Worker.run(ThreadPoolExecutor.java:624)
        at java.lang.Thread.run(Thread.java:748)
"pool-126-thread-40"  prio=5 tid=1310 in Object.wait()
java.lang.Thread.State: WAITING (on object monitor)
        at sun.misc.Unsafe.park(Native Method)
        at java.util.concurrent.locks.LockSupport.park(LockSupport.java:175)
        at java.util.concurrent.locks.AbstractQueuedSynchronizer$ConditionObject.await(AbstractQueuedSynchronizer.java:2039)
        at java.util.concurrent.ArrayBlockingQueue.take(ArrayBlockingQueue.java:403)
        at java.util.concurrent.ThreadPoolExecutor.getTask(ThreadPoolExecutor.java:1074)
        at java.util.concurrent.ThreadPoolExecutor.runWorker(ThreadPoolExecutor.java:1134)
        at java.util.concurrent.ThreadPoolExecutor$Worker.run(ThreadPoolExecutor.java:624)
        at java.lang.Thread.run(Thread.java:748)
"pool-116-thread-45"  prio=5 tid=1239 in Object.wait()
java.lang.Thread.State: WAITING (on object monitor)
        at sun.misc.Unsafe.park(Native Method)
        at java.util.concurrent.locks.LockSupport.park(LockSupport.java:175)
        at java.util.concurrent.locks.AbstractQueuedSynchronizer$ConditionObject.await(AbstractQueuedSynchronizer.java:2039)
        at java.util.concurrent.ArrayBlockingQueue.take(ArrayBlockingQueue.java:403)
        at java.util.concurrent.ThreadPoolExecutor.getTask(ThreadPoolExecutor.java:1074)
        at java.util.concurrent.ThreadPoolExecutor.runWorker(ThreadPoolExecutor.java:1134)
        at java.util.concurrent.ThreadPoolExecutor$Worker.run(ThreadPoolExecutor.java:624)
        at java.lang.Thread.run(Thread.java:748)
"qtp995381766-1003" daemon prio=5 tid=1003 timed_waiting
java.lang.Thread.State: TIMED_WAITING
        at sun.misc.Unsafe.park(Native Method)
        at java.util.concurrent.locks.LockSupport.parkNanos(LockSupport.java:215)
        at java.util.concurrent.locks.AbstractQueuedSynchronizer$ConditionObject.awaitNanos(AbstractQueuedSynchronizer.java:2078)
        at org.eclipse.jetty.util.BlockingArrayQueue.poll(BlockingArrayQueue.java:392)
        at org.eclipse.jetty.util.thread.QueuedThreadPool.idleJobPoll(QueuedThreadPool.java:563)
        at org.eclipse.jetty.util.thread.QueuedThreadPool.access$800(QueuedThreadPool.java:48)
        at org.eclipse.jetty.util.thread.QueuedThreadPool$2.run(QueuedThreadPool.java:626)
        at java.lang.Thread.run(Thread.java:748)
"qtp995381766-999-acceptor-0@61686e34-ServerConnector@1a1f5f71{HTTP/1.1,[http/1.1]}{0.0.0.0:45613}" daemon prio=3 tid=999 runnable
java.lang.Thread.State: RUNNABLE
        at sun.nio.ch.ServerSocketChannelImpl.accept0(Native Method)
        at sun.nio.ch.ServerSocketChannelImpl.accept(ServerSocketChannelImpl.java:422)
        at sun.nio.ch.ServerSocketChannelImpl.accept(ServerSocketChannelImpl.java:250)
        at org.eclipse.jetty.server.ServerConnector.accept(ServerConnector.java:397)
        at org.eclipse.jetty.server.AbstractConnector$Acceptor.run(AbstractConnector.java:601)
        at org.eclipse.jetty.util.thread.QueuedThreadPool.runJob(QueuedThreadPool.java:671)
        at org.eclipse.jetty.util.thread.QueuedThreadPool$2.run(QueuedThreadPool.java:589)
        at java.lang.Thread.run(Thread.java:748)
"pool-116-thread-24"  prio=5 tid=1218 in Object.wait()
java.lang.Thread.State: WAITING (on object monitor)
        at sun.misc.Unsafe.park(Native Method)
        at java.util.concurrent.locks.LockSupport.park(LockSupport.java:175)
        at java.util.concurrent.locks.AbstractQueuedSynchronizer$ConditionObject.await(AbstractQueuedSynchronizer.java:2039)
        at java.util.concurrent.ArrayBlockingQueue.take(ArrayBlockingQueue.java:403)
        at java.util.concurrent.ThreadPoolExecutor.getTask(ThreadPoolExecutor.java:1074)
        at java.util.concurrent.ThreadPoolExecutor.runWorker(ThreadPoolExecutor.java:1134)
        at java.util.concurrent.ThreadPoolExecutor$Worker.run(ThreadPoolExecutor.java:624)
        at java.lang.Thread.run(Thread.java:748)
"pool-106-thread-29"  prio=5 tid=1397 in Object.wait()
java.lang.Thread.State: WAITING (on object monitor)
        at sun.misc.Unsafe.park(Native Method)
        at java.util.concurrent.locks.LockSupport.park(LockSupport.java:175)
        at java.util.concurrent.locks.AbstractQueuedSynchronizer$ConditionObject.await(AbstractQueuedSynchronizer.java:2039)
        at java.util.concurrent.ArrayBlockingQueue.take(ArrayBlockingQueue.java:403)
        at java.util.concurrent.ThreadPoolExecutor.getTask(ThreadPoolExecutor.java:1074)
        at java.util.concurrent.ThreadPoolExecutor.runWorker(ThreadPoolExecutor.java:1134)
        at java.util.concurrent.ThreadPoolExecutor$Worker.run(ThreadPoolExecutor.java:624)
        at java.lang.Thread.run(Thread.java:748)
"IPC Server handler 16 on 41574" daemon prio=5 tid=1062 timed_waiting
java.lang.Thread.State: TIMED_WAITING
        at sun.misc.Unsafe.park(Native Method)
        at java.util.concurrent.locks.LockSupport.parkNanos(LockSupport.java:215)
        at java.util.concurrent.locks.AbstractQueuedSynchronizer$ConditionObject.awaitNanos(AbstractQueuedSynchronizer.java:2078)
        at java.util.concurrent.LinkedBlockingQueue.poll(LinkedBlockingQueue.java:467)
        at org.apache.hadoop.ipc.CallQueueManager.take(CallQueueManager.java:288)
        at org.apache.hadoop.ipc.Server$Handler.run(Server.java:2668)
"metrics-hadoop-metrics2-reporter-39-thread-1" daemon prio=5 tid=815 timed_waiting
java.lang.Thread.State: TIMED_WAITING
        at sun.misc.Unsafe.park(Native Method)
        at java.util.concurrent.locks.LockSupport.parkNanos(LockSupport.java:215)
        at java.util.concurrent.locks.AbstractQueuedSynchronizer$ConditionObject.awaitNanos(AbstractQueuedSynchronizer.java:2078)
        at java.util.concurrent.ScheduledThreadPoolExecutor$DelayedWorkQueue.take(ScheduledThreadPoolExecutor.java:1093)
        at java.util.concurrent.ScheduledThreadPoolExecutor$DelayedWorkQueue.take(ScheduledThreadPoolExecutor.java:809)
        at java.util.concurrent.ThreadPoolExecutor.getTask(ThreadPoolExecutor.java:1074)
        at java.util.concurrent.ThreadPoolExecutor.runWorker(ThreadPoolExecutor.java:1134)
        at java.util.concurrent.ThreadPoolExecutor$Worker.run(ThreadPoolExecutor.java:624)
        at java.lang.Thread.run(Thread.java:748)
"IPC Server handler 13 on 44367" daemon prio=5 tid=1079 timed_waiting
java.lang.Thread.State: TIMED_WAITING
        at sun.misc.Unsafe.park(Native Method)
        at java.util.concurrent.locks.LockSupport.parkNanos(LockSupport.java:215)
        at java.util.concurrent.locks.AbstractQueuedSynchronizer$ConditionObject.awaitNanos(AbstractQueuedSynchronizer.java:2078)
        at java.util.concurrent.LinkedBlockingQueue.poll(LinkedBlockingQueue.java:467)
        at org.apache.hadoop.ipc.CallQueueManager.take(CallQueueManager.java:288)
        at org.apache.hadoop.ipc.Server$Handler.run(Server.java:2668)
"qtp818010696-1176" daemon prio=5 tid=1176 timed_waiting
java.lang.Thread.State: TIMED_WAITING
        at sun.misc.Unsafe.park(Native Method)
        at java.util.concurrent.locks.LockSupport.parkNanos(LockSupport.java:215)
        at java.util.concurrent.locks.AbstractQueuedSynchronizer$ConditionObject.awaitNanos(AbstractQueuedSynchronizer.java:2078)
        at org.eclipse.jetty.util.BlockingArrayQueue.poll(BlockingArrayQueue.java:392)
        at org.eclipse.jetty.util.thread.QueuedThreadPool.idleJobPoll(QueuedThreadPool.java:563)
        at org.eclipse.jetty.util.thread.QueuedThreadPool.access$800(QueuedThreadPool.java:48)
        at org.eclipse.jetty.util.thread.QueuedThreadPool$2.run(QueuedThreadPool.java:626)
        at java.lang.Thread.run(Thread.java:748)
"IPC Server handler 8 on 44367" daemon prio=5 tid=1074 timed_waiting
java.lang.Thread.State: TIMED_WAITING
        at sun.misc.Unsafe.park(Native Method)
        at java.util.concurrent.locks.LockSupport.parkNanos(LockSupport.java:215)
        at java.util.concurrent.locks.AbstractQueuedSynchronizer$ConditionObject.awaitNanos(AbstractQueuedSynchronizer.java:2078)
        at java.util.concurrent.LinkedBlockingQueue.poll(LinkedBlockingQueue.java:467)
        at org.apache.hadoop.ipc.CallQueueManager.take(CallQueueManager.java:288)
        at org.apache.hadoop.ipc.Server$Handler.run(Server.java:2668)
"pool-126-thread-4"  prio=5 tid=1274 in Object.wait()
java.lang.Thread.State: WAITING (on object monitor)
        at sun.misc.Unsafe.park(Native Method)
        at java.util.concurrent.locks.LockSupport.park(LockSupport.java:175)
        at java.util.concurrent.locks.AbstractQueuedSynchronizer$ConditionObject.await(AbstractQueuedSynchronizer.java:2039)
        at java.util.concurrent.ArrayBlockingQueue.take(ArrayBlockingQueue.java:403)
        at java.util.concurrent.ThreadPoolExecutor.getTask(ThreadPoolExecutor.java:1074)
        at java.util.concurrent.ThreadPoolExecutor.runWorker(ThreadPoolExecutor.java:1134)
        at java.util.concurrent.ThreadPoolExecutor$Worker.run(ThreadPoolExecutor.java:624)
        at java.lang.Thread.run(Thread.java:748)
"EventQueue-ProcessedPipelineReportForOneReplicaPipelineSafeModeRule" daemon prio=5 tid=1270 in Object.wait()
java.lang.Thread.State: WAITING (on object monitor)
        at sun.misc.Unsafe.park(Native Method)
        at java.util.concurrent.locks.LockSupport.park(LockSupport.java:175)
        at java.util.concurrent.locks.AbstractQueuedSynchronizer$ConditionObject.await(AbstractQueuedSynchronizer.java:2039)
        at java.util.concurrent.LinkedBlockingQueue.take(LinkedBlockingQueue.java:442)
        at java.util.concurrent.ThreadPoolExecutor.getTask(ThreadPoolExecutor.java:1074)
        at java.util.concurrent.ThreadPoolExecutor.runWorker(ThreadPoolExecutor.java:1134)
        at java.util.concurrent.ThreadPoolExecutor$Worker.run(ThreadPoolExecutor.java:624)
        at java.lang.Thread.run(Thread.java:748)
"pool-106-thread-35"  prio=5 tid=1403 in Object.wait()
java.lang.Thread.State: WAITING (on object monitor)
        at sun.misc.Unsafe.park(Native Method)
        at java.util.concurrent.locks.LockSupport.park(LockSupport.java:175)
        at java.util.concurrent.locks.AbstractQueuedSynchronizer$ConditionObject.await(AbstractQueuedSynchronizer.java:2039)
        at java.util.concurrent.ArrayBlockingQueue.take(ArrayBlockingQueue.java:403)
        at java.util.concurrent.ThreadPoolExecutor.getTask(ThreadPoolExecutor.java:1074)
        at java.util.concurrent.ThreadPoolExecutor.runWorker(ThreadPoolExecutor.java:1134)
        at java.util.concurrent.ThreadPoolExecutor$Worker.run(ThreadPoolExecutor.java:624)
        at java.lang.Thread.run(Thread.java:748)
"pool-104-thread-1" daemon prio=5 tid=1105 timed_waiting
java.lang.Thread.State: TIMED_WAITING
        at sun.misc.Unsafe.park(Native Method)
        at java.util.concurrent.locks.LockSupport.parkNanos(LockSupport.java:215)
        at java.util.concurrent.locks.AbstractQueuedSynchronizer$ConditionObject.awaitNanos(AbstractQueuedSynchronizer.java:2078)
        at java.util.concurrent.ScheduledThreadPoolExecutor$DelayedWorkQueue.take(ScheduledThreadPoolExecutor.java:1093)
        at java.util.concurrent.ScheduledThreadPoolExecutor$DelayedWorkQueue.take(ScheduledThreadPoolExecutor.java:809)
        at java.util.concurrent.ThreadPoolExecutor.getTask(ThreadPoolExecutor.java:1074)
        at java.util.concurrent.ThreadPoolExecutor.runWorker(ThreadPoolExecutor.java:1134)
        at java.util.concurrent.ThreadPoolExecutor$Worker.run(ThreadPoolExecutor.java:624)
        at java.lang.Thread.run(Thread.java:748)
"pool-126-thread-23"  prio=5 tid=1293 in Object.wait()
java.lang.Thread.State: WAITING (on object monitor)
        at sun.misc.Unsafe.park(Native Method)
        at java.util.concurrent.locks.LockSupport.park(LockSupport.java:175)
        at java.util.concurrent.locks.AbstractQueuedSynchronizer$ConditionObject.await(AbstractQueuedSynchronizer.java:2039)
        at java.util.concurrent.ArrayBlockingQueue.take(ArrayBlockingQueue.java:403)
        at java.util.concurrent.ThreadPoolExecutor.getTask(ThreadPoolExecutor.java:1074)
        at java.util.concurrent.ThreadPoolExecutor.runWorker(ThreadPoolExecutor.java:1134)
        at java.util.concurrent.ThreadPoolExecutor$Worker.run(ThreadPoolExecutor.java:624)
        at java.lang.Thread.run(Thread.java:748)
"24020d0b-ce61-4f5a-b0b0-c561541e8cd4@group-A9EE991D717F-SegmentedRaftLogWorker"  prio=5 tid=1149 timed_waiting
java.lang.Thread.State: TIMED_WAITING
        at sun.misc.Unsafe.park(Native Method)
        at java.util.concurrent.locks.LockSupport.parkNanos(LockSupport.java:215)
        at java.util.concurrent.locks.AbstractQueuedSynchronizer$ConditionObject.awaitNanos(AbstractQueuedSynchronizer.java:2078)
        at org.apache.ratis.util.DataBlockingQueue.poll(DataBlockingQueue.java:137)
        at org.apache.ratis.server.raftlog.segmented.SegmentedRaftLogWorker.run(SegmentedRaftLogWorker.java:282)
        at java.lang.Thread.run(Thread.java:748)
"IPC Server listener on 41574" daemon prio=5 tid=1015 runnable
java.lang.Thread.State: RUNNABLE
        at sun.nio.ch.EPollArrayWrapper.epollWait(Native Method)
        at sun.nio.ch.EPollArrayWrapper.poll(EPollArrayWrapper.java:269)
        at sun.nio.ch.EPollSelectorImpl.doSelect(EPollSelectorImpl.java:93)
        at sun.nio.ch.SelectorImpl.lockAndDoSelect(SelectorImpl.java:86)
        at sun.nio.ch.SelectorImpl.select(SelectorImpl.java:97)
        at sun.nio.ch.SelectorImpl.select(SelectorImpl.java:101)
        at org.apache.hadoop.ipc.Server$Listener.run(Server.java:1159)
"grpc-default-worker-ELG-5-3" daemon prio=5 tid=1343 runnable
java.lang.Thread.State: RUNNABLE
        at sun.nio.ch.EPollArrayWrapper.epollWait(Native Method)
        at sun.nio.ch.EPollArrayWrapper.poll(EPollArrayWrapper.java:269)
        at sun.nio.ch.EPollSelectorImpl.doSelect(EPollSelectorImpl.java:93)
        at sun.nio.ch.SelectorImpl.lockAndDoSelect(SelectorImpl.java:86)
        at sun.nio.ch.SelectorImpl.select(SelectorImpl.java:97)
        at org.apache.ratis.thirdparty.io.netty.channel.nio.SelectedSelectionKeySetSelector.select(SelectedSelectionKeySetSelector.java:62)
        at org.apache.ratis.thirdparty.io.netty.channel.nio.NioEventLoop.select(NioEventLoop.java:753)
        at org.apache.ratis.thirdparty.io.netty.channel.nio.NioEventLoop.run(NioEventLoop.java:408)
        at org.apache.ratis.thirdparty.io.netty.util.concurrent.SingleThreadEventExecutor$5.run(SingleThreadEventExecutor.java:897)
        at org.apache.ratis.thirdparty.io.netty.util.concurrent.FastThreadLocalRunnable.run(FastThreadLocalRunnable.java:30)
        at java.lang.Thread.run(Thread.java:748)
"IPC Server handler 0 on 42245" daemon prio=5 tid=1026 timed_waiting
java.lang.Thread.State: TIMED_WAITING
        at sun.misc.Unsafe.park(Native Method)
        at java.util.concurrent.locks.LockSupport.parkNanos(LockSupport.java:215)
        at java.util.concurrent.locks.AbstractQueuedSynchronizer$ConditionObject.awaitNanos(AbstractQueuedSynchronizer.java:2078)
        at java.util.concurrent.LinkedBlockingQueue.poll(LinkedBlockingQueue.java:467)
        at org.apache.hadoop.ipc.CallQueueManager.take(CallQueueManager.java:288)
        at org.apache.hadoop.ipc.Server$Handler.run(Server.java:2668)
"pool-126-thread-27"  prio=5 tid=1297 in Object.wait()
java.lang.Thread.State: WAITING (on object monitor)
        at sun.misc.Unsafe.park(Native Method)
        at java.util.concurrent.locks.LockSupport.park(LockSupport.java:175)
        at java.util.concurrent.locks.AbstractQueuedSynchronizer$ConditionObject.await(AbstractQueuedSynchronizer.java:2039)
        at java.util.concurrent.ArrayBlockingQueue.take(ArrayBlockingQueue.java:403)
        at java.util.concurrent.ThreadPoolExecutor.getTask(ThreadPoolExecutor.java:1074)
        at java.util.concurrent.ThreadPoolExecutor.runWorker(ThreadPoolExecutor.java:1134)
        at java.util.concurrent.ThreadPoolExecutor$Worker.run(ThreadPoolExecutor.java:624)
        at java.lang.Thread.run(Thread.java:748)
"IPC Server handler 4 on 44367" daemon prio=5 tid=1070 timed_waiting
java.lang.Thread.State: TIMED_WAITING
        at sun.misc.Unsafe.park(Native Method)
        at java.util.concurrent.locks.LockSupport.parkNanos(LockSupport.java:215)
        at java.util.concurrent.locks.AbstractQueuedSynchronizer$ConditionObject.awaitNanos(AbstractQueuedSynchronizer.java:2078)
        at java.util.concurrent.LinkedBlockingQueue.poll(LinkedBlockingQueue.java:467)
        at org.apache.hadoop.ipc.CallQueueManager.take(CallQueueManager.java:288)
        at org.apache.hadoop.ipc.Server$Handler.run(Server.java:2668)
"pool-116-thread-20"  prio=5 tid=1214 in Object.wait()
java.lang.Thread.State: WAITING (on object monitor)
        at sun.misc.Unsafe.park(Native Method)
        at java.util.concurrent.locks.LockSupport.park(LockSupport.java:175)
        at java.util.concurrent.locks.AbstractQueuedSynchronizer$ConditionObject.await(AbstractQueuedSynchronizer.java:2039)
        at java.util.concurrent.ArrayBlockingQueue.take(ArrayBlockingQueue.java:403)
        at java.util.concurrent.ThreadPoolExecutor.getTask(ThreadPoolExecutor.java:1074)
        at java.util.concurrent.ThreadPoolExecutor.runWorker(ThreadPoolExecutor.java:1134)
        at java.util.concurrent.ThreadPoolExecutor$Worker.run(ThreadPoolExecutor.java:624)
        at java.lang.Thread.run(Thread.java:748)
"grpc-default-executor-2" daemon prio=5 tid=1349 timed_waiting
java.lang.Thread.State: TIMED_WAITING
        at sun.misc.Unsafe.park(Native Method)
        at java.util.concurrent.locks.LockSupport.parkNanos(LockSupport.java:215)
        at java.util.concurrent.SynchronousQueue$TransferStack.awaitFulfill(SynchronousQueue.java:460)
        at java.util.concurrent.SynchronousQueue$TransferStack.transfer(SynchronousQueue.java:362)
        at java.util.concurrent.SynchronousQueue.poll(SynchronousQueue.java:941)
        at java.util.concurrent.ThreadPoolExecutor.getTask(ThreadPoolExecutor.java:1073)
        at java.util.concurrent.ThreadPoolExecutor.runWorker(ThreadPoolExecutor.java:1134)
        at java.util.concurrent.ThreadPoolExecutor$Worker.run(ThreadPoolExecutor.java:624)
        at java.lang.Thread.run(Thread.java:748)
"EventQueue-ContainerReportForContainerReportHandler" daemon prio=5 tid=1265 in Object.wait()
java.lang.Thread.State: WAITING (on object monitor)
        at sun.misc.Unsafe.park(Native Method)
        at java.util.concurrent.locks.LockSupport.park(LockSupport.java:175)
        at java.util.concurrent.locks.AbstractQueuedSynchronizer$ConditionObject.await(AbstractQueuedSynchronizer.java:2039)
        at java.util.concurrent.LinkedBlockingQueue.take(LinkedBlockingQueue.java:442)
        at java.util.concurrent.ThreadPoolExecutor.getTask(ThreadPoolExecutor.java:1074)
        at java.util.concurrent.ThreadPoolExecutor.runWorker(ThreadPoolExecutor.java:1134)
        at java.util.concurrent.ThreadPoolExecutor$Worker.run(ThreadPoolExecutor.java:624)
        at java.lang.Thread.run(Thread.java:748)
"Datanode ReportManager Thread - 2" daemon prio=5 tid=1156 in Object.wait()
java.lang.Thread.State: WAITING (on object monitor)
        at sun.misc.Unsafe.park(Native Method)
        at java.util.concurrent.locks.LockSupport.park(LockSupport.java:175)
        at java.util.concurrent.locks.AbstractQueuedSynchronizer$ConditionObject.await(AbstractQueuedSynchronizer.java:2039)
        at java.util.concurrent.ScheduledThreadPoolExecutor$DelayedWorkQueue.take(ScheduledThreadPoolExecutor.java:1088)
        at java.util.concurrent.ScheduledThreadPoolExecutor$DelayedWorkQueue.take(ScheduledThreadPoolExecutor.java:809)
        at java.util.concurrent.ThreadPoolExecutor.getTask(ThreadPoolExecutor.java:1074)
        at java.util.concurrent.ThreadPoolExecutor.runWorker(ThreadPoolExecutor.java:1134)
        at java.util.concurrent.ThreadPoolExecutor$Worker.run(ThreadPoolExecutor.java:624)
        at java.lang.Thread.run(Thread.java:748)
"pool-126-thread-13"  prio=5 tid=1283 in Object.wait()
java.lang.Thread.State: WAITING (on object monitor)
        at sun.misc.Unsafe.park(Native Method)
        at java.util.concurrent.locks.LockSupport.park(LockSupport.java:175)
        at java.util.concurrent.locks.AbstractQueuedSynchronizer$ConditionObject.await(AbstractQueuedSynchronizer.java:2039)
        at java.util.concurrent.ArrayBlockingQueue.take(ArrayBlockingQueue.java:403)
        at java.util.concurrent.ThreadPoolExecutor.getTask(ThreadPoolExecutor.java:1074)
        at java.util.concurrent.ThreadPoolExecutor.runWorker(ThreadPoolExecutor.java:1134)
        at java.util.concurrent.ThreadPoolExecutor$Worker.run(ThreadPoolExecutor.java:624)
        at java.lang.Thread.run(Thread.java:748)
"EventQueue-ProcessedPipelineReportForHealthyPipelineSafeModeRule" daemon prio=5 tid=1269 in Object.wait()
java.lang.Thread.State: WAITING (on object monitor)
        at sun.misc.Unsafe.park(Native Method)
        at java.util.concurrent.locks.LockSupport.park(LockSupport.java:175)
        at java.util.concurrent.locks.AbstractQueuedSynchronizer$ConditionObject.await(AbstractQueuedSynchronizer.java:2039)
        at java.util.concurrent.LinkedBlockingQueue.take(LinkedBlockingQueue.java:442)
        at java.util.concurrent.ThreadPoolExecutor.getTask(ThreadPoolExecutor.java:1074)
        at java.util.concurrent.ThreadPoolExecutor.runWorker(ThreadPoolExecutor.java:1134)
        at java.util.concurrent.ThreadPoolExecutor$Worker.run(ThreadPoolExecutor.java:624)
        at java.lang.Thread.run(Thread.java:748)
"IPC Server handler 14 on 34783" daemon prio=5 tid=991 timed_waiting
java.lang.Thread.State: TIMED_WAITING
        at sun.misc.Unsafe.park(Native Method)
        at java.util.concurrent.locks.LockSupport.parkNanos(LockSupport.java:215)
        at java.util.concurrent.locks.AbstractQueuedSynchronizer$ConditionObject.awaitNanos(AbstractQueuedSynchronizer.java:2078)
        at java.util.concurrent.LinkedBlockingQueue.poll(LinkedBlockingQueue.java:467)
        at org.apache.hadoop.ipc.CallQueueManager.take(CallQueueManager.java:288)
        at org.apache.hadoop.ipc.Server$Handler.run(Server.java:2668)
"metrics-hadoop-metrics2-reporter-26-thread-1" daemon prio=5 tid=765 timed_waiting
java.lang.Thread.State: TIMED_WAITING
        at sun.misc.Unsafe.park(Native Method)
        at java.util.concurrent.locks.LockSupport.parkNanos(LockSupport.java:215)
        at java.util.concurrent.locks.AbstractQueuedSynchronizer$ConditionObject.awaitNanos(AbstractQueuedSynchronizer.java:2078)
        at java.util.concurrent.ScheduledThreadPoolExecutor$DelayedWorkQueue.take(ScheduledThreadPoolExecutor.java:1093)
        at java.util.concurrent.ScheduledThreadPoolExecutor$DelayedWorkQueue.take(ScheduledThreadPoolExecutor.java:809)
        at java.util.concurrent.ThreadPoolExecutor.getTask(ThreadPoolExecutor.java:1074)
        at java.util.concurrent.ThreadPoolExecutor.runWorker(ThreadPoolExecutor.java:1134)
        at java.util.concurrent.ThreadPoolExecutor$Worker.run(ThreadPoolExecutor.java:624)
        at java.lang.Thread.run(Thread.java:748)
"pool-126-thread-56"  prio=5 tid=1326 in Object.wait()
java.lang.Thread.State: WAITING (on object monitor)
        at sun.misc.Unsafe.park(Native Method)
        at java.util.concurrent.locks.LockSupport.park(LockSupport.java:175)
        at java.util.concurrent.locks.AbstractQueuedSynchronizer$ConditionObject.await(AbstractQueuedSynchronizer.java:2039)
        at java.util.concurrent.ArrayBlockingQueue.take(ArrayBlockingQueue.java:403)
        at java.util.concurrent.ThreadPoolExecutor.getTask(ThreadPoolExecutor.java:1074)
        at java.util.concurrent.ThreadPoolExecutor.runWorker(ThreadPoolExecutor.java:1134)
        at java.util.concurrent.ThreadPoolExecutor$Worker.run(ThreadPoolExecutor.java:624)
        at java.lang.Thread.run(Thread.java:748)
"metrics-hadoop-metrics2-reporter-48-thread-1" daemon prio=5 tid=911 timed_waiting
java.lang.Thread.State: TIMED_WAITING
        at sun.misc.Unsafe.park(Native Method)
        at java.util.concurrent.locks.LockSupport.parkNanos(LockSupport.java:215)
        at java.util.concurrent.locks.AbstractQueuedSynchronizer$ConditionObject.awaitNanos(AbstractQueuedSynchronizer.java:2078)
        at java.util.concurrent.ScheduledThreadPoolExecutor$DelayedWorkQueue.take(ScheduledThreadPoolExecutor.java:1093)
        at java.util.concurrent.ScheduledThreadPoolExecutor$DelayedWorkQueue.take(ScheduledThreadPoolExecutor.java:809)
        at java.util.concurrent.ThreadPoolExecutor.getTask(ThreadPoolExecutor.java:1074)
        at java.util.concurrent.ThreadPoolExecutor.runWorker(ThreadPoolExecutor.java:1134)
        at java.util.concurrent.ThreadPoolExecutor$Worker.run(ThreadPoolExecutor.java:624)
        at java.lang.Thread.run(Thread.java:748)
"qtp818010696-1172" daemon prio=5 tid=1172 timed_waiting
java.lang.Thread.State: TIMED_WAITING
        at sun.misc.Unsafe.park(Native Method)
        at java.util.concurrent.locks.LockSupport.parkNanos(LockSupport.java:215)
        at java.util.concurrent.locks.AbstractQueuedSynchronizer$ConditionObject.awaitNanos(AbstractQueuedSynchronizer.java:2078)
        at org.eclipse.jetty.util.BlockingArrayQueue.poll(BlockingArrayQueue.java:392)
        at org.eclipse.jetty.util.thread.QueuedThreadPool.idleJobPoll(QueuedThreadPool.java:563)
        at org.eclipse.jetty.util.thread.QueuedThreadPool.access$800(QueuedThreadPool.java:48)
        at org.eclipse.jetty.util.thread.QueuedThreadPool$2.run(QueuedThreadPool.java:626)
        at java.lang.Thread.run(Thread.java:748)
"IPC Server handler 11 on 44367" daemon prio=5 tid=1077 timed_waiting
java.lang.Thread.State: TIMED_WAITING
        at sun.misc.Unsafe.park(Native Method)
        at java.util.concurrent.locks.LockSupport.parkNanos(LockSupport.java:215)
        at java.util.concurrent.locks.AbstractQueuedSynchronizer$ConditionObject.awaitNanos(AbstractQueuedSynchronizer.java:2078)
        at java.util.concurrent.LinkedBlockingQueue.poll(LinkedBlockingQueue.java:467)
        at org.apache.hadoop.ipc.CallQueueManager.take(CallQueueManager.java:288)
        at org.apache.hadoop.ipc.Server$Handler.run(Server.java:2668)
"Datanode ReportManager Thread - 1" daemon prio=5 tid=172 in Object.wait()
java.lang.Thread.State: WAITING (on object monitor)
        at sun.misc.Unsafe.park(Native Method)
        at java.util.concurrent.locks.LockSupport.park(LockSupport.java:175)
        at java.util.concurrent.locks.AbstractQueuedSynchronizer$ConditionObject.await(AbstractQueuedSynchronizer.java:2039)
        at java.util.concurrent.ScheduledThreadPoolExecutor$DelayedWorkQueue.take(ScheduledThreadPoolExecutor.java:1088)
        at java.util.concurrent.ScheduledThreadPoolExecutor$DelayedWorkQueue.take(ScheduledThreadPoolExecutor.java:809)
        at java.util.concurrent.ThreadPoolExecutor.getTask(ThreadPoolExecutor.java:1074)
        at java.util.concurrent.ThreadPoolExecutor.runWorker(ThreadPoolExecutor.java:1134)
        at java.util.concurrent.ThreadPoolExecutor$Worker.run(ThreadPoolExecutor.java:624)
        at java.lang.Thread.run(Thread.java:748)
"pool-106-thread-41"  prio=5 tid=1409 in Object.wait()
java.lang.Thread.State: WAITING (on object monitor)
        at sun.misc.Unsafe.park(Native Method)
        at java.util.concurrent.locks.LockSupport.park(LockSupport.java:175)
        at java.util.concurrent.locks.AbstractQueuedSynchronizer$ConditionObject.await(AbstractQueuedSynchronizer.java:2039)
        at java.util.concurrent.ArrayBlockingQueue.take(ArrayBlockingQueue.java:403)
        at java.util.concurrent.ThreadPoolExecutor.getTask(ThreadPoolExecutor.java:1074)
        at java.util.concurrent.ThreadPoolExecutor.runWorker(ThreadPoolExecutor.java:1134)
        at java.util.concurrent.ThreadPoolExecutor$Worker.run(ThreadPoolExecutor.java:624)
        at java.lang.Thread.run(Thread.java:748)
"qtp1723177853-1091" daemon prio=5 tid=1091 timed_waiting
java.lang.Thread.State: TIMED_WAITING
        at sun.misc.Unsafe.park(Native Method)
        at java.util.concurrent.locks.LockSupport.parkNanos(LockSupport.java:215)
        at java.util.concurrent.locks.AbstractQueuedSynchronizer$ConditionObject.awaitNanos(AbstractQueuedSynchronizer.java:2078)
        at org.eclipse.jetty.util.BlockingArrayQueue.poll(BlockingArrayQueue.java:392)
        at org.eclipse.jetty.util.thread.QueuedThreadPool.idleJobPoll(QueuedThreadPool.java:563)
        at org.eclipse.jetty.util.thread.QueuedThreadPool.access$800(QueuedThreadPool.java:48)
        at org.eclipse.jetty.util.thread.QueuedThreadPool$2.run(QueuedThreadPool.java:626)
        at java.lang.Thread.run(Thread.java:748)
"pool-126-thread-26"  prio=5 tid=1296 in Object.wait()
java.lang.Thread.State: WAITING (on object monitor)
        at sun.misc.Unsafe.park(Native Method)
        at java.util.concurrent.locks.LockSupport.park(LockSupport.java:175)
        at java.util.concurrent.locks.AbstractQueuedSynchronizer$ConditionObject.await(AbstractQueuedSynchronizer.java:2039)
        at java.util.concurrent.ArrayBlockingQueue.take(ArrayBlockingQueue.java:403)
        at java.util.concurrent.ThreadPoolExecutor.getTask(ThreadPoolExecutor.java:1074)
        at java.util.concurrent.ThreadPoolExecutor.runWorker(ThreadPoolExecutor.java:1134)
        at java.util.concurrent.ThreadPoolExecutor$Worker.run(ThreadPoolExecutor.java:624)
        at java.lang.Thread.run(Thread.java:748)
"metrics-hadoop-metrics2-reporter-35-thread-1" daemon prio=5 tid=794 timed_waiting
java.lang.Thread.State: TIMED_WAITING
        at sun.misc.Unsafe.park(Native Method)
        at java.util.concurrent.locks.LockSupport.parkNanos(LockSupport.java:215)
        at java.util.concurrent.locks.AbstractQueuedSynchronizer$ConditionObject.awaitNanos(AbstractQueuedSynchronizer.java:2078)
        at java.util.concurrent.ScheduledThreadPoolExecutor$DelayedWorkQueue.take(ScheduledThreadPoolExecutor.java:1093)
        at java.util.concurrent.ScheduledThreadPoolExecutor$DelayedWorkQueue.take(ScheduledThreadPoolExecutor.java:809)
        at java.util.concurrent.ThreadPoolExecutor.getTask(ThreadPoolExecutor.java:1074)
        at java.util.concurrent.ThreadPoolExecutor.runWorker(ThreadPoolExecutor.java:1134)
        at java.util.concurrent.ThreadPoolExecutor$Worker.run(ThreadPoolExecutor.java:624)
        at java.lang.Thread.run(Thread.java:748)
"Datanode ReportManager Thread - 0" daemon prio=5 tid=279 timed_waiting
java.lang.Thread.State: TIMED_WAITING
        at sun.misc.Unsafe.park(Native Method)
        at java.util.concurrent.locks.LockSupport.parkNanos(LockSupport.java:215)
        at java.util.concurrent.locks.AbstractQueuedSynchronizer$ConditionObject.awaitNanos(AbstractQueuedSynchronizer.java:2078)
        at java.util.concurrent.ScheduledThreadPoolExecutor$DelayedWorkQueue.take(ScheduledThreadPoolExecutor.java:1093)
        at java.util.concurrent.ScheduledThreadPoolExecutor$DelayedWorkQueue.take(ScheduledThreadPoolExecutor.java:809)
        at java.util.concurrent.ThreadPoolExecutor.getTask(ThreadPoolExecutor.java:1074)
        at java.util.concurrent.ThreadPoolExecutor.runWorker(ThreadPoolExecutor.java:1134)
        at java.util.concurrent.ThreadPoolExecutor$Worker.run(ThreadPoolExecutor.java:624)
        at java.lang.Thread.run(Thread.java:748)
"IPC Server handler 15 on 42245" daemon prio=5 tid=1041 timed_waiting
java.lang.Thread.State: TIMED_WAITING
        at sun.misc.Unsafe.park(Native Method)
        at java.util.concurrent.locks.LockSupport.parkNanos(LockSupport.java:215)
        at java.util.concurrent.locks.AbstractQueuedSynchronizer$ConditionObject.awaitNanos(AbstractQueuedSynchronizer.java:2078)
        at java.util.concurrent.LinkedBlockingQueue.poll(LinkedBlockingQueue.java:467)
        at org.apache.hadoop.ipc.CallQueueManager.take(CallQueueManager.java:288)
        at org.apache.hadoop.ipc.Server$Handler.run(Server.java:2668)
"qtp1723177853-1088" daemon prio=5 tid=1088 timed_waiting
java.lang.Thread.State: TIMED_WAITING
        at sun.misc.Unsafe.park(Native Method)
        at java.util.concurrent.locks.LockSupport.parkNanos(LockSupport.java:215)
        at java.util.concurrent.locks.AbstractQueuedSynchronizer$ConditionObject.awaitNanos(AbstractQueuedSynchronizer.java:2078)
        at org.eclipse.jetty.util.BlockingArrayQueue.poll(BlockingArrayQueue.java:392)
        at org.eclipse.jetty.util.thread.QueuedThreadPool.idleJobPoll(QueuedThreadPool.java:563)
        at org.eclipse.jetty.util.thread.QueuedThreadPool.access$800(QueuedThreadPool.java:48)
        at org.eclipse.jetty.util.thread.QueuedThreadPool$2.run(QueuedThreadPool.java:626)
        at java.lang.Thread.run(Thread.java:748)
"qtp1937575946-1115" daemon prio=5 tid=1115 timed_waiting
java.lang.Thread.State: TIMED_WAITING
        at sun.misc.Unsafe.park(Native Method)
        at java.util.concurrent.locks.LockSupport.parkNanos(LockSupport.java:215)
        at java.util.concurrent.locks.AbstractQueuedSynchronizer$ConditionObject.awaitNanos(AbstractQueuedSynchronizer.java:2078)
        at org.eclipse.jetty.util.BlockingArrayQueue.poll(BlockingArrayQueue.java:392)
        at org.eclipse.jetty.util.thread.QueuedThreadPool.idleJobPoll(QueuedThreadPool.java:563)
        at org.eclipse.jetty.util.thread.QueuedThreadPool.access$800(QueuedThreadPool.java:48)
        at org.eclipse.jetty.util.thread.QueuedThreadPool$2.run(QueuedThreadPool.java:626)
        at java.lang.Thread.run(Thread.java:748)
"IPC Server handler 12 on 44367" daemon prio=5 tid=1078 timed_waiting
java.lang.Thread.State: TIMED_WAITING
        at sun.misc.Unsafe.park(Native Method)
        at java.util.concurrent.locks.LockSupport.parkNanos(LockSupport.java:215)
        at java.util.concurrent.locks.AbstractQueuedSynchronizer$ConditionObject.awaitNanos(AbstractQueuedSynchronizer.java:2078)
        at java.util.concurrent.LinkedBlockingQueue.poll(LinkedBlockingQueue.java:467)
        at org.apache.hadoop.ipc.CallQueueManager.take(CallQueueManager.java:288)
        at org.apache.hadoop.ipc.Server$Handler.run(Server.java:2668)
"pool-106-thread-3"  prio=5 tid=1371 in Object.wait()
java.lang.Thread.State: WAITING (on object monitor)
        at sun.misc.Unsafe.park(Native Method)
        at java.util.concurrent.locks.LockSupport.park(LockSupport.java:175)
        at java.util.concurrent.locks.AbstractQueuedSynchronizer$ConditionObject.await(AbstractQueuedSynchronizer.java:2039)
        at java.util.concurrent.ArrayBlockingQueue.take(ArrayBlockingQueue.java:403)
        at java.util.concurrent.ThreadPoolExecutor.getTask(ThreadPoolExecutor.java:1074)
        at java.util.concurrent.ThreadPoolExecutor.runWorker(ThreadPoolExecutor.java:1134)
        at java.util.concurrent.ThreadPoolExecutor$Worker.run(ThreadPoolExecutor.java:624)
        at java.lang.Thread.run(Thread.java:748)
"pool-106-thread-34"  prio=5 tid=1402 in Object.wait()
java.lang.Thread.State: WAITING (on object monitor)
        at sun.misc.Unsafe.park(Native Method)
        at java.util.concurrent.locks.LockSupport.park(LockSupport.java:175)
        at java.util.concurrent.locks.AbstractQueuedSynchronizer$ConditionObject.await(AbstractQueuedSynchronizer.java:2039)
        at java.util.concurrent.ArrayBlockingQueue.take(ArrayBlockingQueue.java:403)
        at java.util.concurrent.ThreadPoolExecutor.getTask(ThreadPoolExecutor.java:1074)
        at java.util.concurrent.ThreadPoolExecutor.runWorker(ThreadPoolExecutor.java:1134)
        at java.util.concurrent.ThreadPoolExecutor$Worker.run(ThreadPoolExecutor.java:624)
        at java.lang.Thread.run(Thread.java:748)
"pool-116-thread-27"  prio=5 tid=1221 in Object.wait()
java.lang.Thread.State: WAITING (on object monitor)
        at sun.misc.Unsafe.park(Native Method)
        at java.util.concurrent.locks.LockSupport.park(LockSupport.java:175)
        at java.util.concurrent.locks.AbstractQueuedSynchronizer$ConditionObject.await(AbstractQueuedSynchronizer.java:2039)
        at java.util.concurrent.ArrayBlockingQueue.take(ArrayBlockingQueue.java:403)
        at java.util.concurrent.ThreadPoolExecutor.getTask(ThreadPoolExecutor.java:1074)
        at java.util.concurrent.ThreadPoolExecutor.runWorker(ThreadPoolExecutor.java:1134)
        at java.util.concurrent.ThreadPoolExecutor$Worker.run(ThreadPoolExecutor.java:624)
        at java.lang.Thread.run(Thread.java:748)
"pool-126-thread-29"  prio=5 tid=1299 in Object.wait()
java.lang.Thread.State: WAITING (on object monitor)
        at sun.misc.Unsafe.park(Native Method)
        at java.util.concurrent.locks.LockSupport.park(LockSupport.java:175)
        at java.util.concurrent.locks.AbstractQueuedSynchronizer$ConditionObject.await(AbstractQueuedSynchronizer.java:2039)
        at java.util.concurrent.ArrayBlockingQueue.take(ArrayBlockingQueue.java:403)
        at java.util.concurrent.ThreadPoolExecutor.getTask(ThreadPoolExecutor.java:1074)
        at java.util.concurrent.ThreadPoolExecutor.runWorker(ThreadPoolExecutor.java:1134)
        at java.util.concurrent.ThreadPoolExecutor$Worker.run(ThreadPoolExecutor.java:624)
        at java.lang.Thread.run(Thread.java:748)
"IPC Server handler 14 on 42245" daemon prio=5 tid=1040 timed_waiting
java.lang.Thread.State: TIMED_WAITING
        at sun.misc.Unsafe.park(Native Method)
        at java.util.concurrent.locks.LockSupport.parkNanos(LockSupport.java:215)
        at java.util.concurrent.locks.AbstractQueuedSynchronizer$ConditionObject.awaitNanos(AbstractQueuedSynchronizer.java:2078)
        at java.util.concurrent.LinkedBlockingQueue.poll(LinkedBlockingQueue.java:467)
        at org.apache.hadoop.ipc.CallQueueManager.take(CallQueueManager.java:288)
        at org.apache.hadoop.ipc.Server$Handler.run(Server.java:2668)
"IPC Server handler 17 on 34783" daemon prio=5 tid=994 timed_waiting
java.lang.Thread.State: TIMED_WAITING
        at sun.misc.Unsafe.park(Native Method)
        at java.util.concurrent.locks.LockSupport.parkNanos(LockSupport.java:215)
        at java.util.concurrent.locks.AbstractQueuedSynchronizer$ConditionObject.awaitNanos(AbstractQueuedSynchronizer.java:2078)
        at java.util.concurrent.LinkedBlockingQueue.poll(LinkedBlockingQueue.java:467)
        at org.apache.hadoop.ipc.CallQueueManager.take(CallQueueManager.java:288)
        at org.apache.hadoop.ipc.Server$Handler.run(Server.java:2668)
"qtp1937575946-1111-acceptor-0@5ab8031a-ServerConnector@71c17a57{HTTP/1.1,[http/1.1]}{0.0.0.0:33290}" daemon prio=3 tid=1111 runnable
java.lang.Thread.State: RUNNABLE
        at sun.nio.ch.ServerSocketChannelImpl.accept0(Native Method)
        at sun.nio.ch.ServerSocketChannelImpl.accept(ServerSocketChannelImpl.java:422)
        at sun.nio.ch.ServerSocketChannelImpl.accept(ServerSocketChannelImpl.java:250)
        at org.eclipse.jetty.server.ServerConnector.accept(ServerConnector.java:397)
        at org.eclipse.jetty.server.AbstractConnector$Acceptor.run(AbstractConnector.java:601)
        at org.eclipse.jetty.util.thread.QueuedThreadPool.runJob(QueuedThreadPool.java:671)
        at org.eclipse.jetty.util.thread.QueuedThreadPool$2.run(QueuedThreadPool.java:589)
        at java.lang.Thread.run(Thread.java:748)
"metrics-hadoop-metrics2-reporter-10-thread-1" daemon prio=5 tid=728 timed_waiting
java.lang.Thread.State: TIMED_WAITING
        at sun.misc.Unsafe.park(Native Method)
        at java.util.concurrent.locks.LockSupport.parkNanos(LockSupport.java:215)
        at java.util.concurrent.locks.AbstractQueuedSynchronizer$ConditionObject.awaitNanos(AbstractQueuedSynchronizer.java:2078)
        at java.util.concurrent.ScheduledThreadPoolExecutor$DelayedWorkQueue.take(ScheduledThreadPoolExecutor.java:1093)
        at java.util.concurrent.ScheduledThreadPoolExecutor$DelayedWorkQueue.take(ScheduledThreadPoolExecutor.java:809)
        at java.util.concurrent.ThreadPoolExecutor.getTask(ThreadPoolExecutor.java:1074)
        at java.util.concurrent.ThreadPoolExecutor.runWorker(ThreadPoolExecutor.java:1134)
        at java.util.concurrent.ThreadPoolExecutor$Worker.run(ThreadPoolExecutor.java:624)
        at java.lang.Thread.run(Thread.java:748)
"Datanode ReportManager Thread - 3" daemon prio=5 tid=1125 in Object.wait()
java.lang.Thread.State: WAITING (on object monitor)
        at sun.misc.Unsafe.park(Native Method)
        at java.util.concurrent.locks.LockSupport.park(LockSupport.java:175)
        at java.util.concurrent.locks.AbstractQueuedSynchronizer$ConditionObject.await(AbstractQueuedSynchronizer.java:2039)
        at java.util.concurrent.ScheduledThreadPoolExecutor$DelayedWorkQueue.take(ScheduledThreadPoolExecutor.java:1088)
        at java.util.concurrent.ScheduledThreadPoolExecutor$DelayedWorkQueue.take(ScheduledThreadPoolExecutor.java:809)
        at java.util.concurrent.ThreadPoolExecutor.getTask(ThreadPoolExecutor.java:1074)
        at java.util.concurrent.ThreadPoolExecutor.runWorker(ThreadPoolExecutor.java:1134)
        at java.util.concurrent.ThreadPoolExecutor$Worker.run(ThreadPoolExecutor.java:624)
        at java.lang.Thread.run(Thread.java:748)
"qtp995381766-1000" daemon prio=5 tid=1000 timed_waiting
java.lang.Thread.State: TIMED_WAITING
        at sun.misc.Unsafe.park(Native Method)
        at java.util.concurrent.locks.LockSupport.parkNanos(LockSupport.java:215)
        at java.util.concurrent.locks.AbstractQueuedSynchronizer$ConditionObject.awaitNanos(AbstractQueuedSynchronizer.java:2078)
        at org.eclipse.jetty.util.BlockingArrayQueue.poll(BlockingArrayQueue.java:392)
        at org.eclipse.jetty.util.thread.QueuedThreadPool.idleJobPoll(QueuedThreadPool.java:563)
        at org.eclipse.jetty.util.thread.QueuedThreadPool.access$800(QueuedThreadPool.java:48)
        at org.eclipse.jetty.util.thread.QueuedThreadPool$2.run(QueuedThreadPool.java:626)
        at java.lang.Thread.run(Thread.java:748)
"metrics-hadoop-metrics2-reporter-44-thread-1" daemon prio=5 tid=871 timed_waiting
java.lang.Thread.State: TIMED_WAITING
        at sun.misc.Unsafe.park(Native Method)
        at java.util.concurrent.locks.LockSupport.parkNanos(LockSupport.java:215)
        at java.util.concurrent.locks.AbstractQueuedSynchronizer$ConditionObject.awaitNanos(AbstractQueuedSynchronizer.java:2078)
        at java.util.concurrent.ScheduledThreadPoolExecutor$DelayedWorkQueue.take(ScheduledThreadPoolExecutor.java:1093)
        at java.util.concurrent.ScheduledThreadPoolExecutor$DelayedWorkQueue.take(ScheduledThreadPoolExecutor.java:809)
        at java.util.concurrent.ThreadPoolExecutor.getTask(ThreadPoolExecutor.java:1074)
        at java.util.concurrent.ThreadPoolExecutor.runWorker(ThreadPoolExecutor.java:1134)
        at java.util.concurrent.ThreadPoolExecutor$Worker.run(ThreadPoolExecutor.java:624)
        at java.lang.Thread.run(Thread.java:748)
"metrics-hadoop-metrics2-reporter-47-thread-1" daemon prio=5 tid=903 timed_waiting
java.lang.Thread.State: TIMED_WAITING
        at sun.misc.Unsafe.park(Native Method)
        at java.util.concurrent.locks.LockSupport.parkNanos(LockSupport.java:215)
        at java.util.concurrent.locks.AbstractQueuedSynchronizer$ConditionObject.awaitNanos(AbstractQueuedSynchronizer.java:2078)
        at java.util.concurrent.ScheduledThreadPoolExecutor$DelayedWorkQueue.take(ScheduledThreadPoolExecutor.java:1093)
        at java.util.concurrent.ScheduledThreadPoolExecutor$DelayedWorkQueue.take(ScheduledThreadPoolExecutor.java:809)
        at java.util.concurrent.ThreadPoolExecutor.getTask(ThreadPoolExecutor.java:1074)
        at java.util.concurrent.ThreadPoolExecutor.runWorker(ThreadPoolExecutor.java:1134)
        at java.util.concurrent.ThreadPoolExecutor$Worker.run(ThreadPoolExecutor.java:624)
        at java.lang.Thread.run(Thread.java:748)
"Socket Reader #1 for port 34783"  prio=5 tid=974 runnable
java.lang.Thread.State: RUNNABLE
        at sun.nio.ch.EPollArrayWrapper.epollWait(Native Method)
        at sun.nio.ch.EPollArrayWrapper.poll(EPollArrayWrapper.java:269)
        at sun.nio.ch.EPollSelectorImpl.doSelect(EPollSelectorImpl.java:93)
        at sun.nio.ch.SelectorImpl.lockAndDoSelect(SelectorImpl.java:86)
        at sun.nio.ch.SelectorImpl.select(SelectorImpl.java:97)
        at sun.nio.ch.SelectorImpl.select(SelectorImpl.java:101)
        at org.apache.hadoop.ipc.Server$Listener$Reader.doRunLoop(Server.java:1097)
        at org.apache.hadoop.ipc.Server$Listener$Reader.run(Server.java:1076)
"pool-116-thread-60"  prio=5 tid=1254 in Object.wait()
java.lang.Thread.State: WAITING (on object monitor)
        at sun.misc.Unsafe.park(Native Method)
        at java.util.concurrent.locks.LockSupport.park(LockSupport.java:175)
        at java.util.concurrent.locks.AbstractQueuedSynchronizer$ConditionObject.await(AbstractQueuedSynchronizer.java:2039)
        at java.util.concurrent.ArrayBlockingQueue.take(ArrayBlockingQueue.java:403)
        at java.util.concurrent.ThreadPoolExecutor.getTask(ThreadPoolExecutor.java:1074)
        at java.util.concurrent.ThreadPoolExecutor.runWorker(ThreadPoolExecutor.java:1134)
        at java.util.concurrent.ThreadPoolExecutor$Worker.run(ThreadPoolExecutor.java:624)
        at java.lang.Thread.run(Thread.java:748)
"org.apache.hadoop.util.JvmPauseMonitor$Monitor@63884e4" daemon prio=5 tid=1009 timed_waiting
java.lang.Thread.State: TIMED_WAITING
        at java.lang.Thread.sleep(Native Method)
        at org.apache.hadoop.util.JvmPauseMonitor$Monitor.run(JvmPauseMonitor.java:192)
        at java.lang.Thread.run(Thread.java:748)
"pool-116-thread-31"  prio=5 tid=1225 in Object.wait()
java.lang.Thread.State: WAITING (on object monitor)
        at sun.misc.Unsafe.park(Native Method)
        at java.util.concurrent.locks.LockSupport.park(LockSupport.java:175)
        at java.util.concurrent.locks.AbstractQueuedSynchronizer$ConditionObject.await(AbstractQueuedSynchronizer.java:2039)
        at java.util.concurrent.ArrayBlockingQueue.take(ArrayBlockingQueue.java:403)
        at java.util.concurrent.ThreadPoolExecutor.getTask(ThreadPoolExecutor.java:1074)
        at java.util.concurrent.ThreadPoolExecutor.runWorker(ThreadPoolExecutor.java:1134)
        at java.util.concurrent.ThreadPoolExecutor$Worker.run(ThreadPoolExecutor.java:624)
        at java.lang.Thread.run(Thread.java:748)
"IPC Server handler 17 on 44367" daemon prio=5 tid=1083 timed_waiting
java.lang.Thread.State: TIMED_WAITING
        at sun.misc.Unsafe.park(Native Method)
        at java.util.concurrent.locks.LockSupport.parkNanos(LockSupport.java:215)
        at java.util.concurrent.locks.AbstractQueuedSynchronizer$ConditionObject.awaitNanos(AbstractQueuedSynchronizer.java:2078)
        at java.util.concurrent.LinkedBlockingQueue.poll(LinkedBlockingQueue.java:467)
        at org.apache.hadoop.ipc.CallQueueManager.take(CallQueueManager.java:288)
        at org.apache.hadoop.ipc.Server$Handler.run(Server.java:2668)
"metrics-hadoop-metrics2-reporter-2-thread-1" daemon prio=5 tid=707 timed_waiting
java.lang.Thread.State: TIMED_WAITING
        at sun.misc.Unsafe.park(Native Method)
        at java.util.concurrent.locks.LockSupport.parkNanos(LockSupport.java:215)
        at java.util.concurrent.locks.AbstractQueuedSynchronizer$ConditionObject.awaitNanos(AbstractQueuedSynchronizer.java:2078)
        at java.util.concurrent.ScheduledThreadPoolExecutor$DelayedWorkQueue.take(ScheduledThreadPoolExecutor.java:1093)
        at java.util.concurrent.ScheduledThreadPoolExecutor$DelayedWorkQueue.take(ScheduledThreadPoolExecutor.java:809)
        at java.util.concurrent.ThreadPoolExecutor.getTask(ThreadPoolExecutor.java:1074)
        at java.util.concurrent.ThreadPoolExecutor.runWorker(ThreadPoolExecutor.java:1134)
        at java.util.concurrent.ThreadPoolExecutor$Worker.run(ThreadPoolExecutor.java:624)
        at java.lang.Thread.run(Thread.java:748)
"Datanode ReportManager Thread - 0" daemon prio=5 tid=1122 in Object.wait()
java.lang.Thread.State: WAITING (on object monitor)
        at sun.misc.Unsafe.park(Native Method)
        at java.util.concurrent.locks.LockSupport.park(LockSupport.java:175)
        at java.util.concurrent.locks.AbstractQueuedSynchronizer$ConditionObject.await(AbstractQueuedSynchronizer.java:2039)
        at java.util.concurrent.ScheduledThreadPoolExecutor$DelayedWorkQueue.take(ScheduledThreadPoolExecutor.java:1088)
        at java.util.concurrent.ScheduledThreadPoolExecutor$DelayedWorkQueue.take(ScheduledThreadPoolExecutor.java:809)
        at java.util.concurrent.ThreadPoolExecutor.getTask(ThreadPoolExecutor.java:1074)
        at java.util.concurrent.ThreadPoolExecutor.runWorker(ThreadPoolExecutor.java:1134)
        at java.util.concurrent.ThreadPoolExecutor$Worker.run(ThreadPoolExecutor.java:624)
        at java.lang.Thread.run(Thread.java:748)
"IPC Server handler 2 on 34783" daemon prio=5 tid=979 timed_waiting
java.lang.Thread.State: TIMED_WAITING
        at sun.misc.Unsafe.park(Native Method)
        at java.util.concurrent.locks.LockSupport.parkNanos(LockSupport.java:215)
        at java.util.concurrent.locks.AbstractQueuedSynchronizer$ConditionObject.awaitNanos(AbstractQueuedSynchronizer.java:2078)
        at java.util.concurrent.LinkedBlockingQueue.poll(LinkedBlockingQueue.java:467)
        at org.apache.hadoop.ipc.CallQueueManager.take(CallQueueManager.java:288)
        at org.apache.hadoop.ipc.Server$Handler.run(Server.java:2668)
"IPC Server idle connection scanner for port 41574" daemon prio=5 tid=1017 timed_waiting
java.lang.Thread.State: TIMED_WAITING
        at java.lang.Object.wait(Native Method)
        at java.util.TimerThread.mainLoop(Timer.java:552)
        at java.util.TimerThread.run(Timer.java:505)
"metrics-hadoop-metrics2-reporter-3-thread-1" daemon prio=5 tid=708 timed_waiting
java.lang.Thread.State: TIMED_WAITING
        at sun.misc.Unsafe.park(Native Method)
        at java.util.concurrent.locks.LockSupport.parkNanos(LockSupport.java:215)
        at java.util.concurrent.locks.AbstractQueuedSynchronizer$ConditionObject.awaitNanos(AbstractQueuedSynchronizer.java:2078)
        at java.util.concurrent.ScheduledThreadPoolExecutor$DelayedWorkQueue.take(ScheduledThreadPoolExecutor.java:1093)
        at java.util.concurrent.ScheduledThreadPoolExecutor$DelayedWorkQueue.take(ScheduledThreadPoolExecutor.java:809)
        at java.util.concurrent.ThreadPoolExecutor.getTask(ThreadPoolExecutor.java:1074)
        at java.util.concurrent.ThreadPoolExecutor.runWorker(ThreadPoolExecutor.java:1134)
        at java.util.concurrent.ThreadPoolExecutor$Worker.run(ThreadPoolExecutor.java:624)
        at java.lang.Thread.run(Thread.java:748)
"IPC Client (3392189) connection to /0.0.0.0:44367 from jenkins1000" daemon prio=5 tid=1194 timed_waiting
java.lang.Thread.State: TIMED_WAITING
        at java.lang.Object.wait(Native Method)
        at org.apache.hadoop.ipc.Client$Connection.waitForWork(Client.java:1024)
        at org.apache.hadoop.ipc.Client$Connection.run(Client.java:1068)
"metrics-hadoop-metrics2-reporter-14-thread-1" daemon prio=5 tid=735 timed_waiting
java.lang.Thread.State: TIMED_WAITING
        at sun.misc.Unsafe.park(Native Method)
        at java.util.concurrent.locks.LockSupport.parkNanos(LockSupport.java:215)
        at java.util.concurrent.locks.AbstractQueuedSynchronizer$ConditionObject.awaitNanos(AbstractQueuedSynchronizer.java:2078)
        at java.util.concurrent.ScheduledThreadPoolExecutor$DelayedWorkQueue.take(ScheduledThreadPoolExecutor.java:1093)
        at java.util.concurrent.ScheduledThreadPoolExecutor$DelayedWorkQueue.take(ScheduledThreadPoolExecutor.java:809)
        at java.util.concurrent.ThreadPoolExecutor.getTask(ThreadPoolExecutor.java:1074)
        at java.util.concurrent.ThreadPoolExecutor.runWorker(ThreadPoolExecutor.java:1134)
        at java.util.concurrent.ThreadPoolExecutor$Worker.run(ThreadPoolExecutor.java:624)
        at java.lang.Thread.run(Thread.java:748)
"pool-106-thread-12"  prio=5 tid=1380 in Object.wait()
java.lang.Thread.State: WAITING (on object monitor)
        at sun.misc.Unsafe.park(Native Method)
        at java.util.concurrent.locks.LockSupport.park(LockSupport.java:175)
        at java.util.concurrent.locks.AbstractQueuedSynchronizer$ConditionObject.await(AbstractQueuedSynchronizer.java:2039)
        at java.util.concurrent.ArrayBlockingQueue.take(ArrayBlockingQueue.java:403)
        at java.util.concurrent.ThreadPoolExecutor.getTask(ThreadPoolExecutor.java:1074)
        at java.util.concurrent.ThreadPoolExecutor.runWorker(ThreadPoolExecutor.java:1134)
        at java.util.concurrent.ThreadPoolExecutor$Worker.run(ThreadPoolExecutor.java:624)
        at java.lang.Thread.run(Thread.java:748)
"pool-106-thread-8"  prio=5 tid=1376 in Object.wait()
java.lang.Thread.State: WAITING (on object monitor)
        at sun.misc.Unsafe.park(Native Method)
        at java.util.concurrent.locks.LockSupport.park(LockSupport.java:175)
        at java.util.concurrent.locks.AbstractQueuedSynchronizer$ConditionObject.await(AbstractQueuedSynchronizer.java:2039)
        at java.util.concurrent.ArrayBlockingQueue.take(ArrayBlockingQueue.java:403)
        at java.util.concurrent.ThreadPoolExecutor.getTask(ThreadPoolExecutor.java:1074)
        at java.util.concurrent.ThreadPoolExecutor.runWorker(ThreadPoolExecutor.java:1134)
        at java.util.concurrent.ThreadPoolExecutor$Worker.run(ThreadPoolExecutor.java:624)
        at java.lang.Thread.run(Thread.java:748)
"Datanode ReportManager Thread - 3" daemon prio=5 tid=255 timed_waiting
java.lang.Thread.State: TIMED_WAITING
        at sun.misc.Unsafe.park(Native Method)
        at java.util.concurrent.locks.LockSupport.parkNanos(LockSupport.java:215)
        at java.util.concurrent.locks.AbstractQueuedSynchronizer$ConditionObject.awaitNanos(AbstractQueuedSynchronizer.java:2078)
        at java.util.concurrent.ScheduledThreadPoolExecutor$DelayedWorkQueue.take(ScheduledThreadPoolExecutor.java:1093)
        at java.util.concurrent.ScheduledThreadPoolExecutor$DelayedWorkQueue.take(ScheduledThreadPoolExecutor.java:809)
        at java.util.concurrent.ThreadPoolExecutor.getTask(ThreadPoolExecutor.java:1074)
        at java.util.concurrent.ThreadPoolExecutor.runWorker(ThreadPoolExecutor.java:1134)
        at java.util.concurrent.ThreadPoolExecutor$Worker.run(ThreadPoolExecutor.java:624)
        at java.lang.Thread.run(Thread.java:748)
"pool-106-thread-23"  prio=5 tid=1391 in Object.wait()
java.lang.Thread.State: WAITING (on object monitor)
        at sun.misc.Unsafe.park(Native Method)
        at java.util.concurrent.locks.LockSupport.park(LockSupport.java:175)
        at java.util.concurrent.locks.AbstractQueuedSynchronizer$ConditionObject.await(AbstractQueuedSynchronizer.java:2039)
        at java.util.concurrent.ArrayBlockingQueue.take(ArrayBlockingQueue.java:403)
        at java.util.concurrent.ThreadPoolExecutor.getTask(ThreadPoolExecutor.java:1074)
        at java.util.concurrent.ThreadPoolExecutor.runWorker(ThreadPoolExecutor.java:1134)
        at java.util.concurrent.ThreadPoolExecutor$Worker.run(ThreadPoolExecutor.java:624)
        at java.lang.Thread.run(Thread.java:748)
"pool-116-thread-38"  prio=5 tid=1232 in Object.wait()
java.lang.Thread.State: WAITING (on object monitor)
        at sun.misc.Unsafe.park(Native Method)
        at java.util.concurrent.locks.LockSupport.park(LockSupport.java:175)
        at java.util.concurrent.locks.AbstractQueuedSynchronizer$ConditionObject.await(AbstractQueuedSynchronizer.java:2039)
        at java.util.concurrent.ArrayBlockingQueue.take(ArrayBlockingQueue.java:403)
        at java.util.concurrent.ThreadPoolExecutor.getTask(ThreadPoolExecutor.java:1074)
        at java.util.concurrent.ThreadPoolExecutor.runWorker(ThreadPoolExecutor.java:1134)
        at java.util.concurrent.ThreadPoolExecutor$Worker.run(ThreadPoolExecutor.java:624)
        at java.lang.Thread.run(Thread.java:748)
"pool-106-thread-37"  prio=5 tid=1405 in Object.wait()
java.lang.Thread.State: WAITING (on object monitor)
        at sun.misc.Unsafe.park(Native Method)
        at java.util.concurrent.locks.LockSupport.park(LockSupport.java:175)
        at java.util.concurrent.locks.AbstractQueuedSynchronizer$ConditionObject.await(AbstractQueuedSynchronizer.java:2039)
        at java.util.concurrent.ArrayBlockingQueue.take(ArrayBlockingQueue.java:403)
        at java.util.concurrent.ThreadPoolExecutor.getTask(ThreadPoolExecutor.java:1074)
        at java.util.concurrent.ThreadPoolExecutor.runWorker(ThreadPoolExecutor.java:1134)
        at java.util.concurrent.ThreadPoolExecutor$Worker.run(ThreadPoolExecutor.java:624)
        at java.lang.Thread.run(Thread.java:748)
"IPC Server handler 12 on 34783" daemon prio=5 tid=989 timed_waiting
java.lang.Thread.State: TIMED_WAITING
        at sun.misc.Unsafe.park(Native Method)
        at java.util.concurrent.locks.LockSupport.parkNanos(LockSupport.java:215)
        at java.util.concurrent.locks.AbstractQueuedSynchronizer$ConditionObject.awaitNanos(AbstractQueuedSynchronizer.java:2078)
        at java.util.concurrent.LinkedBlockingQueue.poll(LinkedBlockingQueue.java:467)
        at org.apache.hadoop.ipc.CallQueueManager.take(CallQueueManager.java:288)
        at org.apache.hadoop.ipc.Server$Handler.run(Server.java:2668)
"IPC Server handler 15 on 34783" daemon prio=5 tid=992 timed_waiting
java.lang.Thread.State: TIMED_WAITING
        at sun.misc.Unsafe.park(Native Method)
        at java.util.concurrent.locks.LockSupport.parkNanos(LockSupport.java:215)
        at java.util.concurrent.locks.AbstractQueuedSynchronizer$ConditionObject.awaitNanos(AbstractQueuedSynchronizer.java:2078)
        at java.util.concurrent.LinkedBlockingQueue.poll(LinkedBlockingQueue.java:467)
        at org.apache.hadoop.ipc.CallQueueManager.take(CallQueueManager.java:288)
        at org.apache.hadoop.ipc.Server$Handler.run(Server.java:2668)
"grpc-default-executor-0" daemon prio=5 tid=1341 timed_waiting
java.lang.Thread.State: TIMED_WAITING
        at sun.misc.Unsafe.park(Native Method)
        at java.util.concurrent.locks.LockSupport.parkNanos(LockSupport.java:215)
        at java.util.concurrent.SynchronousQueue$TransferStack.awaitFulfill(SynchronousQueue.java:460)
        at java.util.concurrent.SynchronousQueue$TransferStack.transfer(SynchronousQueue.java:362)
        at java.util.concurrent.SynchronousQueue.poll(SynchronousQueue.java:941)
        at java.util.concurrent.ThreadPoolExecutor.getTask(ThreadPoolExecutor.java:1073)
        at java.util.concurrent.ThreadPoolExecutor.runWorker(ThreadPoolExecutor.java:1134)
        at java.util.concurrent.ThreadPoolExecutor$Worker.run(ThreadPoolExecutor.java:624)
        at java.lang.Thread.run(Thread.java:748)
"pool-126-thread-39"  prio=5 tid=1309 in Object.wait()
java.lang.Thread.State: WAITING (on object monitor)
        at sun.misc.Unsafe.park(Native Method)
        at java.util.concurrent.locks.LockSupport.park(LockSupport.java:175)
        at java.util.concurrent.locks.AbstractQueuedSynchronizer$ConditionObject.await(AbstractQueuedSynchronizer.java:2039)
        at java.util.concurrent.ArrayBlockingQueue.take(ArrayBlockingQueue.java:403)
        at java.util.concurrent.ThreadPoolExecutor.getTask(ThreadPoolExecutor.java:1074)
        at java.util.concurrent.ThreadPoolExecutor.runWorker(ThreadPoolExecutor.java:1134)
        at java.util.concurrent.ThreadPoolExecutor$Worker.run(ThreadPoolExecutor.java:624)
        at java.lang.Thread.run(Thread.java:748)
"qtp995381766-1004" daemon prio=5 tid=1004 timed_waiting
java.lang.Thread.State: TIMED_WAITING
        at sun.misc.Unsafe.park(Native Method)
        at java.util.concurrent.locks.LockSupport.parkNanos(LockSupport.java:215)
        at java.util.concurrent.locks.AbstractQueuedSynchronizer$ConditionObject.awaitNanos(AbstractQueuedSynchronizer.java:2078)
        at org.eclipse.jetty.util.BlockingArrayQueue.poll(BlockingArrayQueue.java:392)
        at org.eclipse.jetty.util.thread.QueuedThreadPool.idleJobPoll(QueuedThreadPool.java:563)
        at org.eclipse.jetty.util.thread.QueuedThreadPool.access$800(QueuedThreadPool.java:48)
        at org.eclipse.jetty.util.thread.QueuedThreadPool$2.run(QueuedThreadPool.java:626)
        at java.lang.Thread.run(Thread.java:748)
"pool-126-thread-20"  prio=5 tid=1290 in Object.wait()
java.lang.Thread.State: WAITING (on object monitor)
        at sun.misc.Unsafe.park(Native Method)
        at java.util.concurrent.locks.LockSupport.park(LockSupport.java:175)
        at java.util.concurrent.locks.AbstractQueuedSynchronizer$ConditionObject.await(AbstractQueuedSynchronizer.java:2039)
        at java.util.concurrent.ArrayBlockingQueue.take(ArrayBlockingQueue.java:403)
        at java.util.concurrent.ThreadPoolExecutor.getTask(ThreadPoolExecutor.java:1074)
        at java.util.concurrent.ThreadPoolExecutor.runWorker(ThreadPoolExecutor.java:1134)
        at java.util.concurrent.ThreadPoolExecutor$Worker.run(ThreadPoolExecutor.java:624)
        at java.lang.Thread.run(Thread.java:748)
"pool-116-thread-6"  prio=5 tid=1200 in Object.wait()
java.lang.Thread.State: WAITING (on object monitor)
        at sun.misc.Unsafe.park(Native Method)
        at java.util.concurrent.locks.LockSupport.park(LockSupport.java:175)
        at java.util.concurrent.locks.AbstractQueuedSynchronizer$ConditionObject.await(AbstractQueuedSynchronizer.java:2039)
        at java.util.concurrent.ArrayBlockingQueue.take(ArrayBlockingQueue.java:403)
        at java.util.concurrent.ThreadPoolExecutor.getTask(ThreadPoolExecutor.java:1074)
        at java.util.concurrent.ThreadPoolExecutor.runWorker(ThreadPoolExecutor.java:1134)
        at java.util.concurrent.ThreadPoolExecutor$Worker.run(ThreadPoolExecutor.java:624)
        at java.lang.Thread.run(Thread.java:748)
"pool-116-thread-37"  prio=5 tid=1231 in Object.wait()
java.lang.Thread.State: WAITING (on object monitor)
        at sun.misc.Unsafe.park(Native Method)
        at java.util.concurrent.locks.LockSupport.park(LockSupport.java:175)
        at java.util.concurrent.locks.AbstractQueuedSynchronizer$ConditionObject.await(AbstractQueuedSynchronizer.java:2039)
        at java.util.concurrent.ArrayBlockingQueue.take(ArrayBlockingQueue.java:403)
        at java.util.concurrent.ThreadPoolExecutor.getTask(ThreadPoolExecutor.java:1074)
        at java.util.concurrent.ThreadPoolExecutor.runWorker(ThreadPoolExecutor.java:1134)
        at java.util.concurrent.ThreadPoolExecutor$Worker.run(ThreadPoolExecutor.java:624)
        at java.lang.Thread.run(Thread.java:748)
"IPC Server handler 4 on 42245" daemon prio=5 tid=1030 timed_waiting
java.lang.Thread.State: TIMED_WAITING
        at sun.misc.Unsafe.park(Native Method)
        at java.util.concurrent.locks.LockSupport.parkNanos(LockSupport.java:215)
        at java.util.concurrent.locks.AbstractQueuedSynchronizer$ConditionObject.awaitNanos(AbstractQueuedSynchronizer.java:2078)
        at java.util.concurrent.LinkedBlockingQueue.poll(LinkedBlockingQueue.java:467)
        at org.apache.hadoop.ipc.CallQueueManager.take(CallQueueManager.java:288)
        at org.apache.hadoop.ipc.Server$Handler.run(Server.java:2668)
"Datanode ReportManager Thread - 2" daemon prio=5 tid=200 in Object.wait()
java.lang.Thread.State: WAITING (on object monitor)
        at sun.misc.Unsafe.park(Native Method)
        at java.util.concurrent.locks.LockSupport.park(LockSupport.java:175)
        at java.util.concurrent.locks.AbstractQueuedSynchronizer$ConditionObject.await(AbstractQueuedSynchronizer.java:2039)
        at java.util.concurrent.ScheduledThreadPoolExecutor$DelayedWorkQueue.take(ScheduledThreadPoolExecutor.java:1088)
        at java.util.concurrent.ScheduledThreadPoolExecutor$DelayedWorkQueue.take(ScheduledThreadPoolExecutor.java:809)
        at java.util.concurrent.ThreadPoolExecutor.getTask(ThreadPoolExecutor.java:1074)
        at java.util.concurrent.ThreadPoolExecutor.runWorker(ThreadPoolExecutor.java:1134)
        at java.util.concurrent.ThreadPoolExecutor$Worker.run(ThreadPoolExecutor.java:624)
        at java.lang.Thread.run(Thread.java:748)
"pool-126-thread-22"  prio=5 tid=1292 in Object.wait()
java.lang.Thread.State: WAITING (on object monitor)
        at sun.misc.Unsafe.park(Native Method)
        at java.util.concurrent.locks.LockSupport.park(LockSupport.java:175)
        at java.util.concurrent.locks.AbstractQueuedSynchronizer$ConditionObject.await(AbstractQueuedSynchronizer.java:2039)
        at java.util.concurrent.ArrayBlockingQueue.take(ArrayBlockingQueue.java:403)
        at java.util.concurrent.ThreadPoolExecutor.getTask(ThreadPoolExecutor.java:1074)
        at java.util.concurrent.ThreadPoolExecutor.runWorker(ThreadPoolExecutor.java:1134)
        at java.util.concurrent.ThreadPoolExecutor$Worker.run(ThreadPoolExecutor.java:624)
        at java.lang.Thread.run(Thread.java:748)
"pool-126-thread-31"  prio=5 tid=1301 in Object.wait()
java.lang.Thread.State: WAITING (on object monitor)
        at sun.misc.Unsafe.park(Native Method)
        at java.util.concurrent.locks.LockSupport.park(LockSupport.java:175)
        at java.util.concurrent.locks.AbstractQueuedSynchronizer$ConditionObject.await(AbstractQueuedSynchronizer.java:2039)
        at java.util.concurrent.ArrayBlockingQueue.take(ArrayBlockingQueue.java:403)
        at java.util.concurrent.ThreadPoolExecutor.getTask(ThreadPoolExecutor.java:1074)
        at java.util.concurrent.ThreadPoolExecutor.runWorker(ThreadPoolExecutor.java:1134)
        at java.util.concurrent.ThreadPoolExecutor$Worker.run(ThreadPoolExecutor.java:624)
        at java.lang.Thread.run(Thread.java:748)
"IPC Server handler 13 on 41574" daemon prio=5 tid=1059 timed_waiting
java.lang.Thread.State: TIMED_WAITING
        at sun.misc.Unsafe.park(Native Method)
        at java.util.concurrent.locks.LockSupport.parkNanos(LockSupport.java:215)
        at java.util.concurrent.locks.AbstractQueuedSynchronizer$ConditionObject.awaitNanos(AbstractQueuedSynchronizer.java:2078)
        at java.util.concurrent.LinkedBlockingQueue.poll(LinkedBlockingQueue.java:467)
        at org.apache.hadoop.ipc.CallQueueManager.take(CallQueueManager.java:288)
        at org.apache.hadoop.ipc.Server$Handler.run(Server.java:2668)
"Thread-628" daemon prio=5 tid=1443 timed_waiting
java.lang.Thread.State: TIMED_WAITING
        at sun.misc.Unsafe.park(Native Method)
        at java.util.concurrent.locks.LockSupport.parkNanos(LockSupport.java:215)
        at java.util.concurrent.locks.AbstractQueuedSynchronizer$ConditionObject.awaitNanos(AbstractQueuedSynchronizer.java:2078)
        at java.util.concurrent.ArrayBlockingQueue.poll(ArrayBlockingQueue.java:418)
        at org.apache.ratis.server.impl.LeaderState$EventQueue.poll(LeaderState.java:115)
        at org.apache.ratis.server.impl.LeaderState$EventProcessor.run(LeaderState.java:467)
"metrics-hadoop-metrics2-reporter-56-thread-1" daemon prio=5 tid=1363 timed_waiting
java.lang.Thread.State: TIMED_WAITING
        at sun.misc.Unsafe.park(Native Method)
        at java.util.concurrent.locks.LockSupport.parkNanos(LockSupport.java:215)
        at java.util.concurrent.locks.AbstractQueuedSynchronizer$ConditionObject.awaitNanos(AbstractQueuedSynchronizer.java:2078)
        at java.util.concurrent.ScheduledThreadPoolExecutor$DelayedWorkQueue.take(ScheduledThreadPoolExecutor.java:1093)
        at java.util.concurrent.ScheduledThreadPoolExecutor$DelayedWorkQueue.take(ScheduledThreadPoolExecutor.java:809)
        at java.util.concurrent.ThreadPoolExecutor.getTask(ThreadPoolExecutor.java:1074)
        at java.util.concurrent.ThreadPoolExecutor.runWorker(ThreadPoolExecutor.java:1134)
        at java.util.concurrent.ThreadPoolExecutor$Worker.run(ThreadPoolExecutor.java:624)
        at java.lang.Thread.run(Thread.java:748)
"pool-106-thread-2"  prio=5 tid=1370 in Object.wait()
java.lang.Thread.State: WAITING (on object monitor)
        at sun.misc.Unsafe.park(Native Method)
        at java.util.concurrent.locks.LockSupport.park(LockSupport.java:175)
        at java.util.concurrent.locks.AbstractQueuedSynchronizer$ConditionObject.await(AbstractQueuedSynchronizer.java:2039)
        at java.util.concurrent.ArrayBlockingQueue.take(ArrayBlockingQueue.java:403)
        at java.util.concurrent.ThreadPoolExecutor.getTask(ThreadPoolExecutor.java:1074)
        at java.util.concurrent.ThreadPoolExecutor.runWorker(ThreadPoolExecutor.java:1134)
        at java.util.concurrent.ThreadPoolExecutor$Worker.run(ThreadPoolExecutor.java:624)
        at java.lang.Thread.run(Thread.java:748)
"pool-106-thread-28"  prio=5 tid=1396 in Object.wait()
java.lang.Thread.State: WAITING (on object monitor)
        at sun.misc.Unsafe.park(Native Method)
        at java.util.concurrent.locks.LockSupport.park(LockSupport.java:175)
        at java.util.concurrent.locks.AbstractQueuedSynchronizer$ConditionObject.await(AbstractQueuedSynchronizer.java:2039)
        at java.util.concurrent.ArrayBlockingQueue.take(ArrayBlockingQueue.java:403)
        at java.util.concurrent.ThreadPoolExecutor.getTask(ThreadPoolExecutor.java:1074)
        at java.util.concurrent.ThreadPoolExecutor.runWorker(ThreadPoolExecutor.java:1134)
        at java.util.concurrent.ThreadPoolExecutor$Worker.run(ThreadPoolExecutor.java:624)
        at java.lang.Thread.run(Thread.java:748)
"qtp1014555985-1145" daemon prio=5 tid=1145 timed_waiting
java.lang.Thread.State: TIMED_WAITING
        at sun.misc.Unsafe.park(Native Method)
        at java.util.concurrent.locks.LockSupport.parkNanos(LockSupport.java:215)
        at java.util.concurrent.locks.AbstractQueuedSynchronizer$ConditionObject.awaitNanos(AbstractQueuedSynchronizer.java:2078)
        at org.eclipse.jetty.util.BlockingArrayQueue.poll(BlockingArrayQueue.java:392)
        at org.eclipse.jetty.util.thread.QueuedThreadPool.idleJobPoll(QueuedThreadPool.java:563)
        at org.eclipse.jetty.util.thread.QueuedThreadPool.access$800(QueuedThreadPool.java:48)
        at org.eclipse.jetty.util.thread.QueuedThreadPool$2.run(QueuedThreadPool.java:626)
        at java.lang.Thread.run(Thread.java:748)
"pool-106-thread-44"  prio=5 tid=1412 in Object.wait()
java.lang.Thread.State: WAITING (on object monitor)
        at sun.misc.Unsafe.park(Native Method)
        at java.util.concurrent.locks.LockSupport.park(LockSupport.java:175)
        at java.util.concurrent.locks.AbstractQueuedSynchronizer$ConditionObject.await(AbstractQueuedSynchronizer.java:2039)
        at java.util.concurrent.ArrayBlockingQueue.take(ArrayBlockingQueue.java:403)
        at java.util.concurrent.ThreadPoolExecutor.getTask(ThreadPoolExecutor.java:1074)
        at java.util.concurrent.ThreadPoolExecutor.runWorker(ThreadPoolExecutor.java:1134)
        at java.util.concurrent.ThreadPoolExecutor$Worker.run(ThreadPoolExecutor.java:624)
        at java.lang.Thread.run(Thread.java:748)
"pool-116-thread-53"  prio=5 tid=1247 in Object.wait()
java.lang.Thread.State: WAITING (on object monitor)
        at sun.misc.Unsafe.park(Native Method)
        at java.util.concurrent.locks.LockSupport.park(LockSupport.java:175)
        at java.util.concurrent.locks.AbstractQueuedSynchronizer$ConditionObject.await(AbstractQueuedSynchronizer.java:2039)
        at java.util.concurrent.ArrayBlockingQueue.take(ArrayBlockingQueue.java:403)
        at java.util.concurrent.ThreadPoolExecutor.getTask(ThreadPoolExecutor.java:1074)
        at java.util.concurrent.ThreadPoolExecutor.runWorker(ThreadPoolExecutor.java:1134)
        at java.util.concurrent.ThreadPoolExecutor$Worker.run(ThreadPoolExecutor.java:624)
        at java.lang.Thread.run(Thread.java:748)
"pool-106-thread-5"  prio=5 tid=1373 in Object.wait()
java.lang.Thread.State: WAITING (on object monitor)
        at sun.misc.Unsafe.park(Native Method)
        at java.util.concurrent.locks.LockSupport.park(LockSupport.java:175)
        at java.util.concurrent.locks.AbstractQueuedSynchronizer$ConditionObject.await(AbstractQueuedSynchronizer.java:2039)
        at java.util.concurrent.ArrayBlockingQueue.take(ArrayBlockingQueue.java:403)
        at java.util.concurrent.ThreadPoolExecutor.getTask(ThreadPoolExecutor.java:1074)
        at java.util.concurrent.ThreadPoolExecutor.runWorker(ThreadPoolExecutor.java:1134)
        at java.util.concurrent.ThreadPoolExecutor$Worker.run(ThreadPoolExecutor.java:624)
        at java.lang.Thread.run(Thread.java:748)
"java.util.concurrent.ThreadPoolExecutor$Worker@5eb858[State = -1, empty queue]" daemon prio=5 tid=1364 timed_waiting
java.lang.Thread.State: TIMED_WAITING
        at sun.misc.Unsafe.park(Native Method)
        at java.util.concurrent.locks.LockSupport.parkNanos(LockSupport.java:215)
        at java.util.concurrent.locks.AbstractQueuedSynchronizer$ConditionObject.awaitNanos(AbstractQueuedSynchronizer.java:2078)
        at java.util.concurrent.ScheduledThreadPoolExecutor$DelayedWorkQueue.take(ScheduledThreadPoolExecutor.java:1093)
        at java.util.concurrent.ScheduledThreadPoolExecutor$DelayedWorkQueue.take(ScheduledThreadPoolExecutor.java:809)
        at java.util.concurrent.ThreadPoolExecutor.getTask(ThreadPoolExecutor.java:1074)
        at java.util.concurrent.ThreadPoolExecutor.runWorker(ThreadPoolExecutor.java:1134)
        at java.util.concurrent.ThreadPoolExecutor$Worker.run(ThreadPoolExecutor.java:624)
        at java.lang.Thread.run(Thread.java:748)
"IPC Server handler 12 on 42245" daemon prio=5 tid=1038 timed_waiting
java.lang.Thread.State: TIMED_WAITING
        at sun.misc.Unsafe.park(Native Method)
        at java.util.concurrent.locks.LockSupport.parkNanos(LockSupport.java:215)
        at java.util.concurrent.locks.AbstractQueuedSynchronizer$ConditionObject.awaitNanos(AbstractQueuedSynchronizer.java:2078)
        at java.util.concurrent.LinkedBlockingQueue.poll(LinkedBlockingQueue.java:467)
        at org.apache.hadoop.ipc.CallQueueManager.take(CallQueueManager.java:288)
        at org.apache.hadoop.ipc.Server$Handler.run(Server.java:2668)
"pool-126-thread-35"  prio=5 tid=1305 in Object.wait()
java.lang.Thread.State: WAITING (on object monitor)
        at sun.misc.Unsafe.park(Native Method)
        at java.util.concurrent.locks.LockSupport.park(LockSupport.java:175)
        at java.util.concurrent.locks.AbstractQueuedSynchronizer$ConditionObject.await(AbstractQueuedSynchronizer.java:2039)
        at java.util.concurrent.ArrayBlockingQueue.take(ArrayBlockingQueue.java:403)
        at java.util.concurrent.ThreadPoolExecutor.getTask(ThreadPoolExecutor.java:1074)
        at java.util.concurrent.ThreadPoolExecutor.runWorker(ThreadPoolExecutor.java:1134)
        at java.util.concurrent.ThreadPoolExecutor$Worker.run(ThreadPoolExecutor.java:624)
        at java.lang.Thread.run(Thread.java:748)
"EventQueue-NodeReportForNodeReportHandler" daemon prio=5 tid=3814 in Object.wait()
java.lang.Thread.State: WAITING (on object monitor)
        at sun.misc.Unsafe.park(Native Method)
        at java.util.concurrent.locks.LockSupport.park(LockSupport.java:175)
        at java.util.concurrent.locks.AbstractQueuedSynchronizer$ConditionObject.await(AbstractQueuedSynchronizer.java:2039)
        at java.util.concurrent.LinkedBlockingQueue.take(LinkedBlockingQueue.java:442)
        at java.util.concurrent.ThreadPoolExecutor.getTask(ThreadPoolExecutor.java:1074)
        at java.util.concurrent.ThreadPoolExecutor.runWorker(ThreadPoolExecutor.java:1134)
        at java.util.concurrent.ThreadPoolExecutor$Worker.run(ThreadPoolExecutor.java:624)
        at java.lang.Thread.run(Thread.java:748)
"IPC Server handler 1 on 42245" daemon prio=5 tid=1027 timed_waiting
java.lang.Thread.State: TIMED_WAITING
        at sun.misc.Unsafe.park(Native Method)
        at java.util.concurrent.locks.LockSupport.parkNanos(LockSupport.java:215)
        at java.util.concurrent.locks.AbstractQueuedSynchronizer$ConditionObject.awaitNanos(AbstractQueuedSynchronizer.java:2078)
        at java.util.concurrent.LinkedBlockingQueue.poll(LinkedBlockingQueue.java:467)
        at org.apache.hadoop.ipc.CallQueueManager.take(CallQueueManager.java:288)
        at org.apache.hadoop.ipc.Server$Handler.run(Server.java:2668)
"pool-106-thread-21"  prio=5 tid=1389 in Object.wait()
java.lang.Thread.State: WAITING (on object monitor)
        at sun.misc.Unsafe.park(Native Method)
        at java.util.concurrent.locks.LockSupport.park(LockSupport.java:175)
        at java.util.concurrent.locks.AbstractQueuedSynchronizer$ConditionObject.await(AbstractQueuedSynchronizer.java:2039)
        at java.util.concurrent.ArrayBlockingQueue.take(ArrayBlockingQueue.java:403)
        at java.util.concurrent.ThreadPoolExecutor.getTask(ThreadPoolExecutor.java:1074)
        at java.util.concurrent.ThreadPoolExecutor.runWorker(ThreadPoolExecutor.java:1134)
        at java.util.concurrent.ThreadPoolExecutor$Worker.run(ThreadPoolExecutor.java:624)
        at java.lang.Thread.run(Thread.java:748)
"BlockDeletingService#1" daemon prio=5 tid=1260 in Object.wait()
java.lang.Thread.State: WAITING (on object monitor)
        at sun.misc.Unsafe.park(Native Method)
        at java.util.concurrent.locks.LockSupport.park(LockSupport.java:175)
        at java.util.concurrent.locks.AbstractQueuedSynchronizer$ConditionObject.await(AbstractQueuedSynchronizer.java:2039)
        at java.util.concurrent.ScheduledThreadPoolExecutor$DelayedWorkQueue.take(ScheduledThreadPoolExecutor.java:1088)
        at java.util.concurrent.ScheduledThreadPoolExecutor$DelayedWorkQueue.take(ScheduledThreadPoolExecutor.java:809)
        at java.util.concurrent.ThreadPoolExecutor.getTask(ThreadPoolExecutor.java:1074)
        at java.util.concurrent.ThreadPoolExecutor.runWorker(ThreadPoolExecutor.java:1134)
        at java.util.concurrent.ThreadPoolExecutor$Worker.run(ThreadPoolExecutor.java:624)
        at java.lang.Thread.run(Thread.java:748)
"metrics-hadoop-metrics2-reporter-13-thread-1" daemon prio=5 tid=733 timed_waiting
java.lang.Thread.State: TIMED_WAITING
        at sun.misc.Unsafe.park(Native Method)
        at java.util.concurrent.locks.LockSupport.parkNanos(LockSupport.java:215)
        at java.util.concurrent.locks.AbstractQueuedSynchronizer$ConditionObject.awaitNanos(AbstractQueuedSynchronizer.java:2078)
        at java.util.concurrent.ScheduledThreadPoolExecutor$DelayedWorkQueue.take(ScheduledThreadPoolExecutor.java:1093)
        at java.util.concurrent.ScheduledThreadPoolExecutor$DelayedWorkQueue.take(ScheduledThreadPoolExecutor.java:809)
        at java.util.concurrent.ThreadPoolExecutor.getTask(ThreadPoolExecutor.java:1074)
        at java.util.concurrent.ThreadPoolExecutor.runWorker(ThreadPoolExecutor.java:1134)
        at java.util.concurrent.ThreadPoolExecutor$Worker.run(ThreadPoolExecutor.java:624)
        at java.lang.Thread.run(Thread.java:748)
"Socket Reader #1 for port 42245"  prio=5 tid=1020 runnable
java.lang.Thread.State: RUNNABLE
        at sun.nio.ch.EPollArrayWrapper.epollWait(Native Method)
        at sun.nio.ch.EPollArrayWrapper.poll(EPollArrayWrapper.java:269)
        at sun.nio.ch.EPollSelectorImpl.doSelect(EPollSelectorImpl.java:93)
        at sun.nio.ch.SelectorImpl.lockAndDoSelect(SelectorImpl.java:86)
        at sun.nio.ch.SelectorImpl.select(SelectorImpl.java:97)
        at sun.nio.ch.SelectorImpl.select(SelectorImpl.java:101)
        at org.apache.hadoop.ipc.Server$Listener$Reader.doRunLoop(Server.java:1097)
        at org.apache.hadoop.ipc.Server$Listener$Reader.run(Server.java:1076)
"Datanode State Machine Thread - 0" daemon prio=5 tid=1121 timed_waiting
java.lang.Thread.State: TIMED_WAITING
        at java.lang.Thread.sleep(Native Method)
        at org.apache.hadoop.ozone.container.common.statemachine.DatanodeStateMachine.start(DatanodeStateMachine.java:191)
        at org.apache.hadoop.ozone.container.common.statemachine.DatanodeStateMachine.lambda$startDaemon$0(DatanodeStateMachine.java:349)
        at org.apache.hadoop.ozone.container.common.statemachine.DatanodeStateMachine$$Lambda$141/190868662.run(Unknown Source)
        at java.lang.Thread.run(Thread.java:748)
"IPC Server handler 5 on 44367" daemon prio=5 tid=1071 timed_waiting
java.lang.Thread.State: TIMED_WAITING
        at sun.misc.Unsafe.park(Native Method)
        at java.util.concurrent.locks.LockSupport.parkNanos(LockSupport.java:215)
        at java.util.concurrent.locks.AbstractQueuedSynchronizer$ConditionObject.awaitNanos(AbstractQueuedSynchronizer.java:2078)
        at java.util.concurrent.LinkedBlockingQueue.poll(LinkedBlockingQueue.java:467)
        at org.apache.hadoop.ipc.CallQueueManager.take(CallQueueManager.java:288)
        at org.apache.hadoop.ipc.Server$Handler.run(Server.java:2668)
"Datanode ReportManager Thread - 3" daemon prio=5 tid=201 timed_waiting
java.lang.Thread.State: TIMED_WAITING
        at sun.misc.Unsafe.park(Native Method)
        at java.util.concurrent.locks.LockSupport.parkNanos(LockSupport.java:215)
        at java.util.concurrent.locks.AbstractQueuedSynchronizer$ConditionObject.awaitNanos(AbstractQueuedSynchronizer.java:2078)
        at java.util.concurrent.ScheduledThreadPoolExecutor$DelayedWorkQueue.take(ScheduledThreadPoolExecutor.java:1093)
        at java.util.concurrent.ScheduledThreadPoolExecutor$DelayedWorkQueue.take(ScheduledThreadPoolExecutor.java:809)
        at java.util.concurrent.ThreadPoolExecutor.getTask(ThreadPoolExecutor.java:1074)
        at java.util.concurrent.ThreadPoolExecutor.runWorker(ThreadPoolExecutor.java:1134)
        at java.util.concurrent.ThreadPoolExecutor$Worker.run(ThreadPoolExecutor.java:624)
        at java.lang.Thread.run(Thread.java:748)
"Datanode ReportManager Thread - 0" daemon prio=5 tid=1154 in Object.wait()
java.lang.Thread.State: WAITING (on object monitor)
        at sun.misc.Unsafe.park(Native Method)
        at java.util.concurrent.locks.LockSupport.park(LockSupport.java:175)
        at java.util.concurrent.locks.AbstractQueuedSynchronizer$ConditionObject.await(AbstractQueuedSynchronizer.java:2039)
        at java.util.concurrent.ScheduledThreadPoolExecutor$DelayedWorkQueue.take(ScheduledThreadPoolExecutor.java:1088)
        at java.util.concurrent.ScheduledThreadPoolExecutor$DelayedWorkQueue.take(ScheduledThreadPoolExecutor.java:809)
        at java.util.concurrent.ThreadPoolExecutor.getTask(ThreadPoolExecutor.java:1074)
        at java.util.concurrent.ThreadPoolExecutor.runWorker(ThreadPoolExecutor.java:1134)
        at java.util.concurrent.ThreadPoolExecutor$Worker.run(ThreadPoolExecutor.java:624)
        at java.lang.Thread.run(Thread.java:748)
"metrics-hadoop-metrics2-reporter-50-thread-1" daemon prio=5 tid=924 timed_waiting
java.lang.Thread.State: TIMED_WAITING
        at sun.misc.Unsafe.park(Native Method)
        at java.util.concurrent.locks.LockSupport.parkNanos(LockSupport.java:215)
        at java.util.concurrent.locks.AbstractQueuedSynchronizer$ConditionObject.awaitNanos(AbstractQueuedSynchronizer.java:2078)
        at java.util.concurrent.ScheduledThreadPoolExecutor$DelayedWorkQueue.take(ScheduledThreadPoolExecutor.java:1093)
        at java.util.concurrent.ScheduledThreadPoolExecutor$DelayedWorkQueue.take(ScheduledThreadPoolExecutor.java:809)
        at java.util.concurrent.ThreadPoolExecutor.getTask(ThreadPoolExecutor.java:1074)
        at java.util.concurrent.ThreadPoolExecutor.runWorker(ThreadPoolExecutor.java:1134)
        at java.util.concurrent.ThreadPoolExecutor$Worker.run(ThreadPoolExecutor.java:624)
        at java.lang.Thread.run(Thread.java:748)
"pool-126-thread-2"  prio=5 tid=1272 in Object.wait()
java.lang.Thread.State: WAITING (on object monitor)
        at sun.misc.Unsafe.park(Native Method)
        at java.util.concurrent.locks.LockSupport.park(LockSupport.java:175)
        at java.util.concurrent.locks.AbstractQueuedSynchronizer$ConditionObject.await(AbstractQueuedSynchronizer.java:2039)
        at java.util.concurrent.ArrayBlockingQueue.take(ArrayBlockingQueue.java:403)
        at java.util.concurrent.ThreadPoolExecutor.getTask(ThreadPoolExecutor.java:1074)
        at java.util.concurrent.ThreadPoolExecutor.runWorker(ThreadPoolExecutor.java:1134)
        at java.util.concurrent.ThreadPoolExecutor$Worker.run(ThreadPoolExecutor.java:624)
        at java.lang.Thread.run(Thread.java:748)
"pool-116-thread-23"  prio=5 tid=1217 in Object.wait()
java.lang.Thread.State: WAITING (on object monitor)
        at sun.misc.Unsafe.park(Native Method)
        at java.util.concurrent.locks.LockSupport.park(LockSupport.java:175)
        at java.util.concurrent.locks.AbstractQueuedSynchronizer$ConditionObject.await(AbstractQueuedSynchronizer.java:2039)
        at java.util.concurrent.ArrayBlockingQueue.take(ArrayBlockingQueue.java:403)
        at java.util.concurrent.ThreadPoolExecutor.getTask(ThreadPoolExecutor.java:1074)
        at java.util.concurrent.ThreadPoolExecutor.runWorker(ThreadPoolExecutor.java:1134)
        at java.util.concurrent.ThreadPoolExecutor$Worker.run(ThreadPoolExecutor.java:624)
        at java.lang.Thread.run(Thread.java:748)
"pool-116-thread-55"  prio=5 tid=1249 in Object.wait()
java.lang.Thread.State: WAITING (on object monitor)
        at sun.misc.Unsafe.park(Native Method)
        at java.util.concurrent.locks.LockSupport.park(LockSupport.java:175)
        at java.util.concurrent.locks.AbstractQueuedSynchronizer$ConditionObject.await(AbstractQueuedSynchronizer.java:2039)
        at java.util.concurrent.ArrayBlockingQueue.take(ArrayBlockingQueue.java:403)
        at java.util.concurrent.ThreadPoolExecutor.getTask(ThreadPoolExecutor.java:1074)
        at java.util.concurrent.ThreadPoolExecutor.runWorker(ThreadPoolExecutor.java:1134)
        at java.util.concurrent.ThreadPoolExecutor$Worker.run(ThreadPoolExecutor.java:624)
        at java.lang.Thread.run(Thread.java:748)
"pool-116-thread-28"  prio=5 tid=1222 in Object.wait()
java.lang.Thread.State: WAITING (on object monitor)
        at sun.misc.Unsafe.park(Native Method)
        at java.util.concurrent.locks.LockSupport.park(LockSupport.java:175)
        at java.util.concurrent.locks.AbstractQueuedSynchronizer$ConditionObject.await(AbstractQueuedSynchronizer.java:2039)
        at java.util.concurrent.ArrayBlockingQueue.take(ArrayBlockingQueue.java:403)
        at java.util.concurrent.ThreadPoolExecutor.getTask(ThreadPoolExecutor.java:1074)
        at java.util.concurrent.ThreadPoolExecutor.runWorker(ThreadPoolExecutor.java:1134)
        at java.util.concurrent.ThreadPoolExecutor$Worker.run(ThreadPoolExecutor.java:624)
        at java.lang.Thread.run(Thread.java:748)
"pool-126-thread-47"  prio=5 tid=1317 in Object.wait()
java.lang.Thread.State: WAITING (on object monitor)
        at sun.misc.Unsafe.park(Native Method)
        at java.util.concurrent.locks.LockSupport.park(LockSupport.java:175)
        at java.util.concurrent.locks.AbstractQueuedSynchronizer$ConditionObject.await(AbstractQueuedSynchronizer.java:2039)
        at java.util.concurrent.ArrayBlockingQueue.take(ArrayBlockingQueue.java:403)
        at java.util.concurrent.ThreadPoolExecutor.getTask(ThreadPoolExecutor.java:1074)
        at java.util.concurrent.ThreadPoolExecutor.runWorker(ThreadPoolExecutor.java:1134)
        at java.util.concurrent.ThreadPoolExecutor$Worker.run(ThreadPoolExecutor.java:624)
        at java.lang.Thread.run(Thread.java:748)
"IPC Server handler 1 on 41574" daemon prio=5 tid=1047 timed_waiting
java.lang.Thread.State: TIMED_WAITING
        at sun.misc.Unsafe.park(Native Method)
        at java.util.concurrent.locks.LockSupport.parkNanos(LockSupport.java:215)
        at java.util.concurrent.locks.AbstractQueuedSynchronizer$ConditionObject.awaitNanos(AbstractQueuedSynchronizer.java:2078)
        at java.util.concurrent.LinkedBlockingQueue.poll(LinkedBlockingQueue.java:467)
        at org.apache.hadoop.ipc.CallQueueManager.take(CallQueueManager.java:288)
        at org.apache.hadoop.ipc.Server$Handler.run(Server.java:2668)
"pool-116-thread-57"  prio=5 tid=1251 in Object.wait()
java.lang.Thread.State: WAITING (on object monitor)
        at sun.misc.Unsafe.park(Native Method)
        at java.util.concurrent.locks.LockSupport.park(LockSupport.java:175)
        at java.util.concurrent.locks.AbstractQueuedSynchronizer$ConditionObject.await(AbstractQueuedSynchronizer.java:2039)
        at java.util.concurrent.ArrayBlockingQueue.take(ArrayBlockingQueue.java:403)
        at java.util.concurrent.ThreadPoolExecutor.getTask(ThreadPoolExecutor.java:1074)
        at java.util.concurrent.ThreadPoolExecutor.runWorker(ThreadPoolExecutor.java:1134)
        at java.util.concurrent.ThreadPoolExecutor$Worker.run(ThreadPoolExecutor.java:624)
        at java.lang.Thread.run(Thread.java:748)
"IPC Server handler 18 on 34783" daemon prio=5 tid=995 timed_waiting
java.lang.Thread.State: TIMED_WAITING
        at sun.misc.Unsafe.park(Native Method)
        at java.util.concurrent.locks.LockSupport.parkNanos(LockSupport.java:215)
        at java.util.concurrent.locks.AbstractQueuedSynchronizer$ConditionObject.awaitNanos(AbstractQueuedSynchronizer.java:2078)
        at java.util.concurrent.LinkedBlockingQueue.poll(LinkedBlockingQueue.java:467)
        at org.apache.hadoop.ipc.CallQueueManager.take(CallQueueManager.java:288)
        at org.apache.hadoop.ipc.Server$Handler.run(Server.java:2668)
"pool-126-thread-50"  prio=5 tid=1320 in Object.wait()
java.lang.Thread.State: WAITING (on object monitor)
        at sun.misc.Unsafe.park(Native Method)
        at java.util.concurrent.locks.LockSupport.park(LockSupport.java:175)
        at java.util.concurrent.locks.AbstractQueuedSynchronizer$ConditionObject.await(AbstractQueuedSynchronizer.java:2039)
        at java.util.concurrent.ArrayBlockingQueue.take(ArrayBlockingQueue.java:403)
        at java.util.concurrent.ThreadPoolExecutor.getTask(ThreadPoolExecutor.java:1074)
        at java.util.concurrent.ThreadPoolExecutor.runWorker(ThreadPoolExecutor.java:1134)
        at java.util.concurrent.ThreadPoolExecutor$Worker.run(ThreadPoolExecutor.java:624)
        at java.lang.Thread.run(Thread.java:748)
"pool-126-thread-59"  prio=5 tid=1329 in Object.wait()
java.lang.Thread.State: WAITING (on object monitor)
        at sun.misc.Unsafe.park(Native Method)
        at java.util.concurrent.locks.LockSupport.park(LockSupport.java:175)
        at java.util.concurrent.locks.AbstractQueuedSynchronizer$ConditionObject.await(AbstractQueuedSynchronizer.java:2039)
        at java.util.concurrent.ArrayBlockingQueue.take(ArrayBlockingQueue.java:403)
        at java.util.concurrent.ThreadPoolExecutor.getTask(ThreadPoolExecutor.java:1074)
        at java.util.concurrent.ThreadPoolExecutor.runWorker(ThreadPoolExecutor.java:1134)
        at java.util.concurrent.ThreadPoolExecutor$Worker.run(ThreadPoolExecutor.java:624)
        at java.lang.Thread.run(Thread.java:748)
"Datanode ReportManager Thread - 3" daemon prio=5 tid=1188 timed_waiting
java.lang.Thread.State: TIMED_WAITING
        at sun.misc.Unsafe.park(Native Method)
        at java.util.concurrent.locks.LockSupport.parkNanos(LockSupport.java:215)
        at java.util.concurrent.locks.AbstractQueuedSynchronizer$ConditionObject.awaitNanos(AbstractQueuedSynchronizer.java:2078)
        at java.util.concurrent.ScheduledThreadPoolExecutor$DelayedWorkQueue.take(ScheduledThreadPoolExecutor.java:1093)
        at java.util.concurrent.ScheduledThreadPoolExecutor$DelayedWorkQueue.take(ScheduledThreadPoolExecutor.java:809)
        at java.util.concurrent.ThreadPoolExecutor.getTask(ThreadPoolExecutor.java:1074)
        at java.util.concurrent.ThreadPoolExecutor.runWorker(ThreadPoolExecutor.java:1134)
        at java.util.concurrent.ThreadPoolExecutor$Worker.run(ThreadPoolExecutor.java:624)
        at java.lang.Thread.run(Thread.java:748)
"pool-106-thread-20"  prio=5 tid=1388 in Object.wait()
java.lang.Thread.State: WAITING (on object monitor)
        at sun.misc.Unsafe.park(Native Method)
        at java.util.concurrent.locks.LockSupport.park(LockSupport.java:175)
        at java.util.concurrent.locks.AbstractQueuedSynchronizer$ConditionObject.await(AbstractQueuedSynchronizer.java:2039)
        at java.util.concurrent.ArrayBlockingQueue.take(ArrayBlockingQueue.java:403)
        at java.util.concurrent.ThreadPoolExecutor.getTask(ThreadPoolExecutor.java:1074)
        at java.util.concurrent.ThreadPoolExecutor.runWorker(ThreadPoolExecutor.java:1134)
        at java.util.concurrent.ThreadPoolExecutor$Worker.run(ThreadPoolExecutor.java:624)
        at java.lang.Thread.run(Thread.java:748)
"org.eclipse.jetty.server.session.HashSessionManager@47c40b56Timer" daemon prio=5 tid=1118 timed_waiting
java.lang.Thread.State: TIMED_WAITING
        at sun.misc.Unsafe.park(Native Method)
        at java.util.concurrent.locks.LockSupport.parkNanos(LockSupport.java:215)
        at java.util.concurrent.locks.AbstractQueuedSynchronizer$ConditionObject.awaitNanos(AbstractQueuedSynchronizer.java:2078)
        at java.util.concurrent.ScheduledThreadPoolExecutor$DelayedWorkQueue.take(ScheduledThreadPoolExecutor.java:1093)
        at java.util.concurrent.ScheduledThreadPoolExecutor$DelayedWorkQueue.take(ScheduledThreadPoolExecutor.java:809)
        at java.util.concurrent.ThreadPoolExecutor.getTask(ThreadPoolExecutor.java:1074)
        at java.util.concurrent.ThreadPoolExecutor.runWorker(ThreadPoolExecutor.java:1134)
        at java.util.concurrent.ThreadPoolExecutor$Worker.run(ThreadPoolExecutor.java:624)
        at java.lang.Thread.run(Thread.java:748)
"refreshUsed-/workdir/hadoop-ozone/integration-test/target/test-dir/MiniOzoneClusterImpl-87e8d78b-2c25-4827-9c34-ee9c99992073/datanode-0/data/containers" daemon prio=5 tid=1163 timed_waiting
java.lang.Thread.State: TIMED_WAITING
        at java.lang.Thread.sleep(Native Method)
        at org.apache.hadoop.fs.CachingGetSpaceUsed$RefreshThread.run(CachingGetSpaceUsed.java:179)
        at java.lang.Thread.run(Thread.java:748)
"metrics-hadoop-metrics2-reporter-15-thread-1" daemon prio=5 tid=739 timed_waiting
java.lang.Thread.State: TIMED_WAITING
        at sun.misc.Unsafe.park(Native Method)
        at java.util.concurrent.locks.LockSupport.parkNanos(LockSupport.java:215)
        at java.util.concurrent.locks.AbstractQueuedSynchronizer$ConditionObject.awaitNanos(AbstractQueuedSynchronizer.java:2078)
        at java.util.concurrent.ScheduledThreadPoolExecutor$DelayedWorkQueue.take(ScheduledThreadPoolExecutor.java:1093)
        at java.util.concurrent.ScheduledThreadPoolExecutor$DelayedWorkQueue.take(ScheduledThreadPoolExecutor.java:809)
        at java.util.concurrent.ThreadPoolExecutor.getTask(ThreadPoolExecutor.java:1074)
        at java.util.concurrent.ThreadPoolExecutor.runWorker(ThreadPoolExecutor.java:1134)
        at java.util.concurrent.ThreadPoolExecutor$Worker.run(ThreadPoolExecutor.java:624)
        at java.lang.Thread.run(Thread.java:748)
"pool-106-thread-56"  prio=5 tid=1424 in Object.wait()
java.lang.Thread.State: WAITING (on object monitor)
        at sun.misc.Unsafe.park(Native Method)
        at java.util.concurrent.locks.LockSupport.park(LockSupport.java:175)
        at java.util.concurrent.locks.AbstractQueuedSynchronizer$ConditionObject.await(AbstractQueuedSynchronizer.java:2039)
        at java.util.concurrent.ArrayBlockingQueue.take(ArrayBlockingQueue.java:403)
        at java.util.concurrent.ThreadPoolExecutor.getTask(ThreadPoolExecutor.java:1074)
        at java.util.concurrent.ThreadPoolExecutor.runWorker(ThreadPoolExecutor.java:1134)
        at java.util.concurrent.ThreadPoolExecutor$Worker.run(ThreadPoolExecutor.java:624)
        at java.lang.Thread.run(Thread.java:748)
"pool-126-thread-49"  prio=5 tid=1319 in Object.wait()
java.lang.Thread.State: WAITING (on object monitor)
        at sun.misc.Unsafe.park(Native Method)
        at java.util.concurrent.locks.LockSupport.park(LockSupport.java:175)
        at java.util.concurrent.locks.AbstractQueuedSynchronizer$ConditionObject.await(AbstractQueuedSynchronizer.java:2039)
        at java.util.concurrent.ArrayBlockingQueue.take(ArrayBlockingQueue.java:403)
        at java.util.concurrent.ThreadPoolExecutor.getTask(ThreadPoolExecutor.java:1074)
        at java.util.concurrent.ThreadPoolExecutor.runWorker(ThreadPoolExecutor.java:1134)
        at java.util.concurrent.ThreadPoolExecutor$Worker.run(ThreadPoolExecutor.java:624)
        at java.lang.Thread.run(Thread.java:748)
"IPC Server handler 6 on 44367" daemon prio=5 tid=1072 timed_waiting
java.lang.Thread.State: TIMED_WAITING
        at sun.misc.Unsafe.park(Native Method)
        at java.util.concurrent.locks.LockSupport.parkNanos(LockSupport.java:215)
        at java.util.concurrent.locks.AbstractQueuedSynchronizer$ConditionObject.awaitNanos(AbstractQueuedSynchronizer.java:2078)
        at java.util.concurrent.LinkedBlockingQueue.poll(LinkedBlockingQueue.java:467)
        at org.apache.hadoop.ipc.CallQueueManager.take(CallQueueManager.java:288)
        at org.apache.hadoop.ipc.Server$Handler.run(Server.java:2668)
"2a93f7e5-ecb9-41da-9c47-70e13ba76d7d@group-0B27B5B66CFA-SegmentedRaftLogWorker"  prio=5 tid=1137 timed_waiting
java.lang.Thread.State: TIMED_WAITING
        at sun.misc.Unsafe.park(Native Method)
        at java.util.concurrent.locks.LockSupport.parkNanos(LockSupport.java:215)
        at java.util.concurrent.locks.AbstractQueuedSynchronizer$ConditionObject.awaitNanos(AbstractQueuedSynchronizer.java:2078)
        at org.apache.ratis.util.DataBlockingQueue.poll(DataBlockingQueue.java:137)
        at org.apache.ratis.server.raftlog.segmented.SegmentedRaftLogWorker.run(SegmentedRaftLogWorker.java:282)
        at java.lang.Thread.run(Thread.java:748)
"metrics-hadoop-metrics2-reporter-12-thread-1" daemon prio=5 tid=732 timed_waiting
java.lang.Thread.State: TIMED_WAITING
        at sun.misc.Unsafe.park(Native Method)
        at java.util.concurrent.locks.LockSupport.parkNanos(LockSupport.java:215)
        at java.util.concurrent.locks.AbstractQueuedSynchronizer$ConditionObject.awaitNanos(AbstractQueuedSynchronizer.java:2078)
        at java.util.concurrent.ScheduledThreadPoolExecutor$DelayedWorkQueue.take(ScheduledThreadPoolExecutor.java:1093)
        at java.util.concurrent.ScheduledThreadPoolExecutor$DelayedWorkQueue.take(ScheduledThreadPoolExecutor.java:809)
        at java.util.concurrent.ThreadPoolExecutor.getTask(ThreadPoolExecutor.java:1074)
        at java.util.concurrent.ThreadPoolExecutor.runWorker(ThreadPoolExecutor.java:1134)
        at java.util.concurrent.ThreadPoolExecutor$Worker.run(ThreadPoolExecutor.java:624)
        at java.lang.Thread.run(Thread.java:748)
"Periodic HDDS volume checker"  prio=5 tid=1162 timed_waiting
java.lang.Thread.State: TIMED_WAITING
        at sun.misc.Unsafe.park(Native Method)
        at java.util.concurrent.locks.LockSupport.parkNanos(LockSupport.java:215)
        at java.util.concurrent.locks.AbstractQueuedSynchronizer$ConditionObject.awaitNanos(AbstractQueuedSynchronizer.java:2078)
        at java.util.concurrent.ScheduledThreadPoolExecutor$DelayedWorkQueue.take(ScheduledThreadPoolExecutor.java:1093)
        at java.util.concurrent.ScheduledThreadPoolExecutor$DelayedWorkQueue.take(ScheduledThreadPoolExecutor.java:809)
        at java.util.concurrent.ThreadPoolExecutor.getTask(ThreadPoolExecutor.java:1074)
        at java.util.concurrent.ThreadPoolExecutor.runWorker(ThreadPoolExecutor.java:1134)
        at java.util.concurrent.ThreadPoolExecutor$Worker.run(ThreadPoolExecutor.java:624)
        at java.lang.Thread.run(Thread.java:748)
"pool-106-thread-1"  prio=5 tid=1369 in Object.wait()
java.lang.Thread.State: WAITING (on object monitor)
        at sun.misc.Unsafe.park(Native Method)
        at java.util.concurrent.locks.LockSupport.park(LockSupport.java:175)
        at java.util.concurrent.locks.AbstractQueuedSynchronizer$ConditionObject.await(AbstractQueuedSynchronizer.java:2039)
        at java.util.concurrent.ArrayBlockingQueue.take(ArrayBlockingQueue.java:403)
        at java.util.concurrent.ThreadPoolExecutor.getTask(ThreadPoolExecutor.java:1074)
        at java.util.concurrent.ThreadPoolExecutor.runWorker(ThreadPoolExecutor.java:1134)
        at java.util.concurrent.ThreadPoolExecutor$Worker.run(ThreadPoolExecutor.java:624)
        at java.lang.Thread.run(Thread.java:748)
"Command processor thread" daemon prio=5 tid=1189 timed_waiting
java.lang.Thread.State: TIMED_WAITING
        at java.lang.Thread.sleep(Native Method)
        at org.apache.hadoop.ozone.container.common.statemachine.DatanodeStateMachine.lambda$initCommandHandlerThread$1(DatanodeStateMachine.java:439)
        at org.apache.hadoop.ozone.container.common.statemachine.DatanodeStateMachine$$Lambda$142/994213108.run(Unknown Source)
        at java.lang.Thread.run(Thread.java:748)
"IPC Server handler 13 on 42245" daemon prio=5 tid=1039 timed_waiting
java.lang.Thread.State: TIMED_WAITING
        at sun.misc.Unsafe.park(Native Method)
        at java.util.concurrent.locks.LockSupport.parkNanos(LockSupport.java:215)
        at java.util.concurrent.locks.AbstractQueuedSynchronizer$ConditionObject.awaitNanos(AbstractQueuedSynchronizer.java:2078)
        at java.util.concurrent.LinkedBlockingQueue.poll(LinkedBlockingQueue.java:467)
        at org.apache.hadoop.ipc.CallQueueManager.take(CallQueueManager.java:288)
        at org.apache.hadoop.ipc.Server$Handler.run(Server.java:2668)
"pool-106-thread-7"  prio=5 tid=1375 in Object.wait()
java.lang.Thread.State: WAITING (on object monitor)
        at sun.misc.Unsafe.park(Native Method)
        at java.util.concurrent.locks.LockSupport.park(LockSupport.java:175)
        at java.util.concurrent.locks.AbstractQueuedSynchronizer$ConditionObject.await(AbstractQueuedSynchronizer.java:2039)
        at java.util.concurrent.ArrayBlockingQueue.take(ArrayBlockingQueue.java:403)
        at java.util.concurrent.ThreadPoolExecutor.getTask(ThreadPoolExecutor.java:1074)
        at java.util.concurrent.ThreadPoolExecutor.runWorker(ThreadPoolExecutor.java:1134)
        at java.util.concurrent.ThreadPoolExecutor$Worker.run(ThreadPoolExecutor.java:624)
        at java.lang.Thread.run(Thread.java:748)
"Thread-597" daemon prio=5 tid=1350 timed_waiting
java.lang.Thread.State: TIMED_WAITING
        at sun.misc.Unsafe.park(Native Method)
        at java.util.concurrent.locks.LockSupport.parkNanos(LockSupport.java:215)
        at java.util.concurrent.locks.AbstractQueuedSynchronizer$ConditionObject.awaitNanos(AbstractQueuedSynchronizer.java:2078)
        at java.util.concurrent.ArrayBlockingQueue.poll(ArrayBlockingQueue.java:418)
        at org.apache.ratis.server.impl.LeaderState$EventQueue.poll(LeaderState.java:115)
        at org.apache.ratis.server.impl.LeaderState$EventProcessor.run(LeaderState.java:467)
"pool-116-thread-56"  prio=5 tid=1250 in Object.wait()
java.lang.Thread.State: WAITING (on object monitor)
        at sun.misc.Unsafe.park(Native Method)
        at java.util.concurrent.locks.LockSupport.park(LockSupport.java:175)
        at java.util.concurrent.locks.AbstractQueuedSynchronizer$ConditionObject.await(AbstractQueuedSynchronizer.java:2039)
        at java.util.concurrent.ArrayBlockingQueue.take(ArrayBlockingQueue.java:403)
        at java.util.concurrent.ThreadPoolExecutor.getTask(ThreadPoolExecutor.java:1074)
        at java.util.concurrent.ThreadPoolExecutor.runWorker(ThreadPoolExecutor.java:1134)
        at java.util.concurrent.ThreadPoolExecutor$Worker.run(ThreadPoolExecutor.java:624)
        at java.lang.Thread.run(Thread.java:748)
"pool-126-thread-58"  prio=5 tid=1328 in Object.wait()
java.lang.Thread.State: WAITING (on object monitor)
        at sun.misc.Unsafe.park(Native Method)
        at java.util.concurrent.locks.LockSupport.park(LockSupport.java:175)
        at java.util.concurrent.locks.AbstractQueuedSynchronizer$ConditionObject.await(AbstractQueuedSynchronizer.java:2039)
        at java.util.concurrent.ArrayBlockingQueue.take(ArrayBlockingQueue.java:403)
        at java.util.concurrent.ThreadPoolExecutor.getTask(ThreadPoolExecutor.java:1074)
        at java.util.concurrent.ThreadPoolExecutor.runWorker(ThreadPoolExecutor.java:1134)
        at java.util.concurrent.ThreadPoolExecutor$Worker.run(ThreadPoolExecutor.java:624)
        at java.lang.Thread.run(Thread.java:748)
"qtp1937575946-1116" daemon prio=5 tid=1116 timed_waiting
java.lang.Thread.State: TIMED_WAITING
        at sun.misc.Unsafe.park(Native Method)
        at java.util.concurrent.locks.LockSupport.parkNanos(LockSupport.java:215)
        at java.util.concurrent.locks.AbstractQueuedSynchronizer$ConditionObject.awaitNanos(AbstractQueuedSynchronizer.java:2078)
        at org.eclipse.jetty.util.BlockingArrayQueue.poll(BlockingArrayQueue.java:392)
        at org.eclipse.jetty.util.thread.QueuedThreadPool.idleJobPoll(QueuedThreadPool.java:563)
        at org.eclipse.jetty.util.thread.QueuedThreadPool.access$800(QueuedThreadPool.java:48)
        at org.eclipse.jetty.util.thread.QueuedThreadPool$2.run(QueuedThreadPool.java:626)
        at java.lang.Thread.run(Thread.java:748)
"Datanode ReportManager Thread - 3" daemon prio=5 tid=309 timed_waiting
java.lang.Thread.State: TIMED_WAITING
        at sun.misc.Unsafe.park(Native Method)
        at java.util.concurrent.locks.LockSupport.parkNanos(LockSupport.java:215)
        at java.util.concurrent.locks.AbstractQueuedSynchronizer$ConditionObject.awaitNanos(AbstractQueuedSynchronizer.java:2078)
        at java.util.concurrent.ScheduledThreadPoolExecutor$DelayedWorkQueue.take(ScheduledThreadPoolExecutor.java:1093)
        at java.util.concurrent.ScheduledThreadPoolExecutor$DelayedWorkQueue.take(ScheduledThreadPoolExecutor.java:809)
        at java.util.concurrent.ThreadPoolExecutor.getTask(ThreadPoolExecutor.java:1074)
        at java.util.concurrent.ThreadPoolExecutor.runWorker(ThreadPoolExecutor.java:1134)
        at java.util.concurrent.ThreadPoolExecutor$Worker.run(ThreadPoolExecutor.java:624)
        at java.lang.Thread.run(Thread.java:748)
"grpc-default-worker-ELG-5-1" daemon prio=5 tid=1339 runnable
java.lang.Thread.State: RUNNABLE
        at sun.nio.ch.EPollArrayWrapper.epollWait(Native Method)
        at sun.nio.ch.EPollArrayWrapper.poll(EPollArrayWrapper.java:269)
        at sun.nio.ch.EPollSelectorImpl.doSelect(EPollSelectorImpl.java:93)
        at sun.nio.ch.SelectorImpl.lockAndDoSelect(SelectorImpl.java:86)
        at sun.nio.ch.SelectorImpl.select(SelectorImpl.java:97)
        at org.apache.ratis.thirdparty.io.netty.channel.nio.SelectedSelectionKeySetSelector.select(SelectedSelectionKeySetSelector.java:62)
        at org.apache.ratis.thirdparty.io.netty.channel.nio.NioEventLoop.select(NioEventLoop.java:753)
        at org.apache.ratis.thirdparty.io.netty.channel.nio.NioEventLoop.run(NioEventLoop.java:408)
        at org.apache.ratis.thirdparty.io.netty.util.concurrent.SingleThreadEventExecutor$5.run(SingleThreadEventExecutor.java:897)
        at org.apache.ratis.thirdparty.io.netty.util.concurrent.FastThreadLocalRunnable.run(FastThreadLocalRunnable.java:30)
        at java.lang.Thread.run(Thread.java:748)
"refreshUsed-/workdir/hadoop-ozone/integration-test/target/test-dir/MiniOzoneClusterImpl-87e8d78b-2c25-4827-9c34-ee9c99992073/datanode-5/data/containers" daemon prio=5 tid=1131 timed_waiting
java.lang.Thread.State: TIMED_WAITING
        at java.lang.Thread.sleep(Native Method)
        at org.apache.hadoop.fs.CachingGetSpaceUsed$RefreshThread.run(CachingGetSpaceUsed.java:179)
        at java.lang.Thread.run(Thread.java:748)
"IPC Server handler 5 on 41574" daemon prio=5 tid=1051 timed_waiting
java.lang.Thread.State: TIMED_WAITING
        at sun.misc.Unsafe.park(Native Method)
        at java.util.concurrent.locks.LockSupport.parkNanos(LockSupport.java:215)
        at java.util.concurrent.locks.AbstractQueuedSynchronizer$ConditionObject.awaitNanos(AbstractQueuedSynchronizer.java:2078)
        at java.util.concurrent.LinkedBlockingQueue.poll(LinkedBlockingQueue.java:467)
        at org.apache.hadoop.ipc.CallQueueManager.take(CallQueueManager.java:288)
        at org.apache.hadoop.ipc.Server$Handler.run(Server.java:2668)
"qtp1723177853-1092" daemon prio=5 tid=1092 timed_waiting
java.lang.Thread.State: TIMED_WAITING
        at sun.misc.Unsafe.park(Native Method)
        at java.util.concurrent.locks.LockSupport.parkNanos(LockSupport.java:215)
        at java.util.concurrent.locks.AbstractQueuedSynchronizer$ConditionObject.awaitNanos(AbstractQueuedSynchronizer.java:2078)
        at org.eclipse.jetty.util.BlockingArrayQueue.poll(BlockingArrayQueue.java:392)
        at org.eclipse.jetty.util.thread.QueuedThreadPool.idleJobPoll(QueuedThreadPool.java:563)
        at org.eclipse.jetty.util.thread.QueuedThreadPool.access$800(QueuedThreadPool.java:48)
        at org.eclipse.jetty.util.thread.QueuedThreadPool$2.run(QueuedThreadPool.java:626)
        at java.lang.Thread.run(Thread.java:748)
"pool-116-thread-41"  prio=5 tid=1235 in Object.wait()
java.lang.Thread.State: WAITING (on object monitor)
        at sun.misc.Unsafe.park(Native Method)
        at java.util.concurrent.locks.LockSupport.park(LockSupport.java:175)
        at java.util.concurrent.locks.AbstractQueuedSynchronizer$ConditionObject.await(AbstractQueuedSynchronizer.java:2039)
        at java.util.concurrent.ArrayBlockingQueue.take(ArrayBlockingQueue.java:403)
        at java.util.concurrent.ThreadPoolExecutor.getTask(ThreadPoolExecutor.java:1074)
        at java.util.concurrent.ThreadPoolExecutor.runWorker(ThreadPoolExecutor.java:1134)
        at java.util.concurrent.ThreadPoolExecutor$Worker.run(ThreadPoolExecutor.java:624)
        at java.lang.Thread.run(Thread.java:748)
"IPC Server handler 2 on 42245" daemon prio=5 tid=1028 timed_waiting
java.lang.Thread.State: TIMED_WAITING
        at sun.misc.Unsafe.park(Native Method)
        at java.util.concurrent.locks.LockSupport.parkNanos(LockSupport.java:215)
        at java.util.concurrent.locks.AbstractQueuedSynchronizer$ConditionObject.awaitNanos(AbstractQueuedSynchronizer.java:2078)
        at java.util.concurrent.LinkedBlockingQueue.poll(LinkedBlockingQueue.java:467)
        at org.apache.hadoop.ipc.CallQueueManager.take(CallQueueManager.java:288)
        at org.apache.hadoop.ipc.Server$Handler.run(Server.java:2668)
"metrics-hadoop-metrics2-reporter-23-thread-1" daemon prio=5 tid=757 timed_waiting
java.lang.Thread.State: TIMED_WAITING
        at sun.misc.Unsafe.park(Native Method)
        at java.util.concurrent.locks.LockSupport.parkNanos(LockSupport.java:215)
        at java.util.concurrent.locks.AbstractQueuedSynchronizer$ConditionObject.awaitNanos(AbstractQueuedSynchronizer.java:2078)
        at java.util.concurrent.ScheduledThreadPoolExecutor$DelayedWorkQueue.take(ScheduledThreadPoolExecutor.java:1093)
        at java.util.concurrent.ScheduledThreadPoolExecutor$DelayedWorkQueue.take(ScheduledThreadPoolExecutor.java:809)
        at java.util.concurrent.ThreadPoolExecutor.getTask(ThreadPoolExecutor.java:1074)
        at java.util.concurrent.ThreadPoolExecutor.runWorker(ThreadPoolExecutor.java:1134)
        at java.util.concurrent.ThreadPoolExecutor$Worker.run(ThreadPoolExecutor.java:624)
        at java.lang.Thread.run(Thread.java:748)
"metrics-hadoop-metrics2-reporter-34-thread-1" daemon prio=5 tid=791 timed_waiting
java.lang.Thread.State: TIMED_WAITING
        at sun.misc.Unsafe.park(Native Method)
        at java.util.concurrent.locks.LockSupport.parkNanos(LockSupport.java:215)
        at java.util.concurrent.locks.AbstractQueuedSynchronizer$ConditionObject.awaitNanos(AbstractQueuedSynchronizer.java:2078)
        at java.util.concurrent.ScheduledThreadPoolExecutor$DelayedWorkQueue.take(ScheduledThreadPoolExecutor.java:1093)
        at java.util.concurrent.ScheduledThreadPoolExecutor$DelayedWorkQueue.take(ScheduledThreadPoolExecutor.java:809)
        at java.util.concurrent.ThreadPoolExecutor.getTask(ThreadPoolExecutor.java:1074)
        at java.util.concurrent.ThreadPoolExecutor.runWorker(ThreadPoolExecutor.java:1134)
        at java.util.concurrent.ThreadPoolExecutor$Worker.run(ThreadPoolExecutor.java:624)
        at java.lang.Thread.run(Thread.java:748)
"BlockDeletingService#0" daemon prio=5 tid=1259 timed_waiting
java.lang.Thread.State: TIMED_WAITING
        at sun.misc.Unsafe.park(Native Method)
        at java.util.concurrent.locks.LockSupport.parkNanos(LockSupport.java:215)
        at java.util.concurrent.locks.AbstractQueuedSynchronizer$ConditionObject.awaitNanos(AbstractQueuedSynchronizer.java:2078)
        at java.util.concurrent.ScheduledThreadPoolExecutor$DelayedWorkQueue.take(ScheduledThreadPoolExecutor.java:1093)
        at java.util.concurrent.ScheduledThreadPoolExecutor$DelayedWorkQueue.take(ScheduledThreadPoolExecutor.java:809)
        at java.util.concurrent.ThreadPoolExecutor.getTask(ThreadPoolExecutor.java:1074)
        at java.util.concurrent.ThreadPoolExecutor.runWorker(ThreadPoolExecutor.java:1134)
        at java.util.concurrent.ThreadPoolExecutor$Worker.run(ThreadPoolExecutor.java:624)
        at java.lang.Thread.run(Thread.java:748)
"IPC Server handler 17 on 42245" daemon prio=5 tid=1043 timed_waiting
java.lang.Thread.State: TIMED_WAITING
        at sun.misc.Unsafe.park(Native Method)
        at java.util.concurrent.locks.LockSupport.parkNanos(LockSupport.java:215)
        at java.util.concurrent.locks.AbstractQueuedSynchronizer$ConditionObject.awaitNanos(AbstractQueuedSynchronizer.java:2078)
        at java.util.concurrent.LinkedBlockingQueue.poll(LinkedBlockingQueue.java:467)
        at org.apache.hadoop.ipc.CallQueueManager.take(CallQueueManager.java:288)
        at org.apache.hadoop.ipc.Server$Handler.run(Server.java:2668)
"metrics-hadoop-metrics2-reporter-27-thread-1" daemon prio=5 tid=768 timed_waiting
java.lang.Thread.State: TIMED_WAITING
        at sun.misc.Unsafe.park(Native Method)
        at java.util.concurrent.locks.LockSupport.parkNanos(LockSupport.java:215)
        at java.util.concurrent.locks.AbstractQueuedSynchronizer$ConditionObject.awaitNanos(AbstractQueuedSynchronizer.java:2078)
        at java.util.concurrent.ScheduledThreadPoolExecutor$DelayedWorkQueue.take(ScheduledThreadPoolExecutor.java:1093)
        at java.util.concurrent.ScheduledThreadPoolExecutor$DelayedWorkQueue.take(ScheduledThreadPoolExecutor.java:809)
        at java.util.concurrent.ThreadPoolExecutor.getTask(ThreadPoolExecutor.java:1074)
        at java.util.concurrent.ThreadPoolExecutor.runWorker(ThreadPoolExecutor.java:1134)
        at java.util.concurrent.ThreadPoolExecutor$Worker.run(ThreadPoolExecutor.java:624)
        at java.lang.Thread.run(Thread.java:748)
"pool-126-thread-41"  prio=5 tid=1311 in Object.wait()
java.lang.Thread.State: WAITING (on object monitor)
        at sun.misc.Unsafe.park(Native Method)
        at java.util.concurrent.locks.LockSupport.park(LockSupport.java:175)
        at java.util.concurrent.locks.AbstractQueuedSynchronizer$ConditionObject.await(AbstractQueuedSynchronizer.java:2039)
        at java.util.concurrent.ArrayBlockingQueue.take(ArrayBlockingQueue.java:403)
        at java.util.concurrent.ThreadPoolExecutor.getTask(ThreadPoolExecutor.java:1074)
        at java.util.concurrent.ThreadPoolExecutor.runWorker(ThreadPoolExecutor.java:1134)
        at java.util.concurrent.ThreadPoolExecutor$Worker.run(ThreadPoolExecutor.java:624)
        at java.lang.Thread.run(Thread.java:748)
"pool-116-thread-17"  prio=5 tid=1211 in Object.wait()
java.lang.Thread.State: WAITING (on object monitor)
        at sun.misc.Unsafe.park(Native Method)
        at java.util.concurrent.locks.LockSupport.park(LockSupport.java:175)
        at java.util.concurrent.locks.AbstractQueuedSynchronizer$ConditionObject.await(AbstractQueuedSynchronizer.java:2039)
        at java.util.concurrent.ArrayBlockingQueue.take(ArrayBlockingQueue.java:403)
        at java.util.concurrent.ThreadPoolExecutor.getTask(ThreadPoolExecutor.java:1074)
        at java.util.concurrent.ThreadPoolExecutor.runWorker(ThreadPoolExecutor.java:1134)
        at java.util.concurrent.ThreadPoolExecutor$Worker.run(ThreadPoolExecutor.java:624)
        at java.lang.Thread.run(Thread.java:748)
"metrics-hadoop-metrics2-reporter-19-thread-1" daemon prio=5 tid=748 timed_waiting
java.lang.Thread.State: TIMED_WAITING
        at sun.misc.Unsafe.park(Native Method)
        at java.util.concurrent.locks.LockSupport.parkNanos(LockSupport.java:215)
        at java.util.concurrent.locks.AbstractQueuedSynchronizer$ConditionObject.awaitNanos(AbstractQueuedSynchronizer.java:2078)
        at java.util.concurrent.ScheduledThreadPoolExecutor$DelayedWorkQueue.take(ScheduledThreadPoolExecutor.java:1093)
        at java.util.concurrent.ScheduledThreadPoolExecutor$DelayedWorkQueue.take(ScheduledThreadPoolExecutor.java:809)
        at java.util.concurrent.ThreadPoolExecutor.getTask(ThreadPoolExecutor.java:1074)
        at java.util.concurrent.ThreadPoolExecutor.runWorker(ThreadPoolExecutor.java:1134)
        at java.util.concurrent.ThreadPoolExecutor$Worker.run(ThreadPoolExecutor.java:624)
        at java.lang.Thread.run(Thread.java:748)
"IPC Server handler 9 on 41574" daemon prio=5 tid=1055 timed_waiting
java.lang.Thread.State: TIMED_WAITING
        at sun.misc.Unsafe.park(Native Method)
        at java.util.concurrent.locks.LockSupport.parkNanos(LockSupport.java:215)
        at java.util.concurrent.locks.AbstractQueuedSynchronizer$ConditionObject.awaitNanos(AbstractQueuedSynchronizer.java:2078)
        at java.util.concurrent.LinkedBlockingQueue.poll(LinkedBlockingQueue.java:467)
        at org.apache.hadoop.ipc.CallQueueManager.take(CallQueueManager.java:288)
        at org.apache.hadoop.ipc.Server$Handler.run(Server.java:2668)
"pool-95-thread-1"  prio=5 tid=997 timed_waiting
java.lang.Thread.State: TIMED_WAITING
        at sun.misc.Unsafe.park(Native Method)
        at java.util.concurrent.locks.LockSupport.parkNanos(LockSupport.java:215)
        at java.util.concurrent.locks.AbstractQueuedSynchronizer$ConditionObject.awaitNanos(AbstractQueuedSynchronizer.java:2078)
        at java.util.concurrent.ScheduledThreadPoolExecutor$DelayedWorkQueue.take(ScheduledThreadPoolExecutor.java:1093)
        at java.util.concurrent.ScheduledThreadPoolExecutor$DelayedWorkQueue.take(ScheduledThreadPoolExecutor.java:809)
        at java.util.concurrent.ThreadPoolExecutor.getTask(ThreadPoolExecutor.java:1074)
        at java.util.concurrent.ThreadPoolExecutor.runWorker(ThreadPoolExecutor.java:1134)
        at java.util.concurrent.ThreadPoolExecutor$Worker.run(ThreadPoolExecutor.java:624)
        at java.lang.Thread.run(Thread.java:748)
"metrics-hadoop-metrics2-reporter-45-thread-1" daemon prio=5 tid=876 timed_waiting
java.lang.Thread.State: TIMED_WAITING
        at sun.misc.Unsafe.park(Native Method)
        at java.util.concurrent.locks.LockSupport.parkNanos(LockSupport.java:215)
        at java.util.concurrent.locks.AbstractQueuedSynchronizer$ConditionObject.awaitNanos(AbstractQueuedSynchronizer.java:2078)
        at java.util.concurrent.ScheduledThreadPoolExecutor$DelayedWorkQueue.take(ScheduledThreadPoolExecutor.java:1093)
        at java.util.concurrent.ScheduledThreadPoolExecutor$DelayedWorkQueue.take(ScheduledThreadPoolExecutor.java:809)
        at java.util.concurrent.ThreadPoolExecutor.getTask(ThreadPoolExecutor.java:1074)
        at java.util.concurrent.ThreadPoolExecutor.runWorker(ThreadPoolExecutor.java:1134)
        at java.util.concurrent.ThreadPoolExecutor$Worker.run(ThreadPoolExecutor.java:624)
        at java.lang.Thread.run(Thread.java:748)
"Datanode ReportManager Thread - 3" daemon prio=5 tid=174 in Object.wait()
java.lang.Thread.State: WAITING (on object monitor)
        at sun.misc.Unsafe.park(Native Method)
        at java.util.concurrent.locks.LockSupport.park(LockSupport.java:175)
        at java.util.concurrent.locks.AbstractQueuedSynchronizer$ConditionObject.await(AbstractQueuedSynchronizer.java:2039)
        at java.util.concurrent.ScheduledThreadPoolExecutor$DelayedWorkQueue.take(ScheduledThreadPoolExecutor.java:1088)
        at java.util.concurrent.ScheduledThreadPoolExecutor$DelayedWorkQueue.take(ScheduledThreadPoolExecutor.java:809)
        at java.util.concurrent.ThreadPoolExecutor.getTask(ThreadPoolExecutor.java:1074)
        at java.util.concurrent.ThreadPoolExecutor.runWorker(ThreadPoolExecutor.java:1134)
        at java.util.concurrent.ThreadPoolExecutor$Worker.run(ThreadPoolExecutor.java:624)
        at java.lang.Thread.run(Thread.java:748)
"pool-126-thread-1"  prio=5 tid=1271 in Object.wait()
java.lang.Thread.State: WAITING (on object monitor)
        at sun.misc.Unsafe.park(Native Method)
        at java.util.concurrent.locks.LockSupport.park(LockSupport.java:175)
        at java.util.concurrent.locks.AbstractQueuedSynchronizer$ConditionObject.await(AbstractQueuedSynchronizer.java:2039)
        at java.util.concurrent.ArrayBlockingQueue.take(ArrayBlockingQueue.java:403)
        at java.util.concurrent.ThreadPoolExecutor.getTask(ThreadPoolExecutor.java:1074)
        at java.util.concurrent.ThreadPoolExecutor.runWorker(ThreadPoolExecutor.java:1134)
        at java.util.concurrent.ThreadPoolExecutor$Worker.run(ThreadPoolExecutor.java:624)
        at java.lang.Thread.run(Thread.java:748)
"IPC Server handler 9 on 34783" daemon prio=5 tid=986 timed_waiting
java.lang.Thread.State: TIMED_WAITING
        at sun.misc.Unsafe.park(Native Method)
        at java.util.concurrent.locks.LockSupport.parkNanos(LockSupport.java:215)
        at java.util.concurrent.locks.AbstractQueuedSynchronizer$ConditionObject.awaitNanos(AbstractQueuedSynchronizer.java:2078)
        at java.util.concurrent.LinkedBlockingQueue.poll(LinkedBlockingQueue.java:467)
        at org.apache.hadoop.ipc.CallQueueManager.take(CallQueueManager.java:288)
        at org.apache.hadoop.ipc.Server$Handler.run(Server.java:2668)
"pool-116-thread-58"  prio=5 tid=1252 in Object.wait()
java.lang.Thread.State: WAITING (on object monitor)
        at sun.misc.Unsafe.park(Native Method)
        at java.util.concurrent.locks.LockSupport.park(LockSupport.java:175)
        at java.util.concurrent.locks.AbstractQueuedSynchronizer$ConditionObject.await(AbstractQueuedSynchronizer.java:2039)
        at java.util.concurrent.ArrayBlockingQueue.take(ArrayBlockingQueue.java:403)
        at java.util.concurrent.ThreadPoolExecutor.getTask(ThreadPoolExecutor.java:1074)
        at java.util.concurrent.ThreadPoolExecutor.runWorker(ThreadPoolExecutor.java:1134)
        at java.util.concurrent.ThreadPoolExecutor$Worker.run(ThreadPoolExecutor.java:624)
        at java.lang.Thread.run(Thread.java:748)
"IPC Server handler 15 on 41574" daemon prio=5 tid=1061 timed_waiting
java.lang.Thread.State: TIMED_WAITING
        at sun.misc.Unsafe.park(Native Method)
        at java.util.concurrent.locks.LockSupport.parkNanos(LockSupport.java:215)
        at java.util.concurrent.locks.AbstractQueuedSynchronizer$ConditionObject.awaitNanos(AbstractQueuedSynchronizer.java:2078)
        at java.util.concurrent.LinkedBlockingQueue.poll(LinkedBlockingQueue.java:467)
        at org.apache.hadoop.ipc.CallQueueManager.take(CallQueueManager.java:288)
        at org.apache.hadoop.ipc.Server$Handler.run(Server.java:2668)
"pool-106-thread-15"  prio=5 tid=1383 in Object.wait()
java.lang.Thread.State: WAITING (on object monitor)
        at sun.misc.Unsafe.park(Native Method)
        at java.util.concurrent.locks.LockSupport.park(LockSupport.java:175)
        at java.util.concurrent.locks.AbstractQueuedSynchronizer$ConditionObject.await(AbstractQueuedSynchronizer.java:2039)
        at java.util.concurrent.ArrayBlockingQueue.take(ArrayBlockingQueue.java:403)
        at java.util.concurrent.ThreadPoolExecutor.getTask(ThreadPoolExecutor.java:1074)
        at java.util.concurrent.ThreadPoolExecutor.runWorker(ThreadPoolExecutor.java:1134)
        at java.util.concurrent.ThreadPoolExecutor$Worker.run(ThreadPoolExecutor.java:624)
        at java.lang.Thread.run(Thread.java:748)
"org.apache.hadoop.util.JvmPauseMonitor$Monitor@470a32fa" daemon prio=5 tid=1190 timed_waiting
java.lang.Thread.State: TIMED_WAITING
        at java.lang.Thread.sleep(Native Method)
        at org.apache.hadoop.util.JvmPauseMonitor$Monitor.run(JvmPauseMonitor.java:192)
        at java.lang.Thread.run(Thread.java:748)
"pool-116-thread-16"  prio=5 tid=1210 in Object.wait()
java.lang.Thread.State: WAITING (on object monitor)
        at sun.misc.Unsafe.park(Native Method)
        at java.util.concurrent.locks.LockSupport.park(LockSupport.java:175)
        at java.util.concurrent.locks.AbstractQueuedSynchronizer$ConditionObject.await(AbstractQueuedSynchronizer.java:2039)
        at java.util.concurrent.ArrayBlockingQueue.take(ArrayBlockingQueue.java:403)
        at java.util.concurrent.ThreadPoolExecutor.getTask(ThreadPoolExecutor.java:1074)
        at java.util.concurrent.ThreadPoolExecutor.runWorker(ThreadPoolExecutor.java:1134)
        at java.util.concurrent.ThreadPoolExecutor$Worker.run(ThreadPoolExecutor.java:624)
        at java.lang.Thread.run(Thread.java:748)
"IPC Server handler 0 on 44367" daemon prio=5 tid=1066 timed_waiting
java.lang.Thread.State: TIMED_WAITING
        at sun.misc.Unsafe.park(Native Method)
        at java.util.concurrent.locks.LockSupport.parkNanos(LockSupport.java:215)
        at java.util.concurrent.locks.AbstractQueuedSynchronizer$ConditionObject.awaitNanos(AbstractQueuedSynchronizer.java:2078)
        at java.util.concurrent.LinkedBlockingQueue.poll(LinkedBlockingQueue.java:467)
        at org.apache.hadoop.ipc.CallQueueManager.take(CallQueueManager.java:288)
        at org.apache.hadoop.ipc.Server$Handler.run(Server.java:2668)
"metrics-hadoop-metrics2-reporter-33-thread-1" daemon prio=5 tid=790 timed_waiting
java.lang.Thread.State: TIMED_WAITING
        at sun.misc.Unsafe.park(Native Method)
        at java.util.concurrent.locks.LockSupport.parkNanos(LockSupport.java:215)
        at java.util.concurrent.locks.AbstractQueuedSynchronizer$ConditionObject.awaitNanos(AbstractQueuedSynchronizer.java:2078)
        at java.util.concurrent.ScheduledThreadPoolExecutor$DelayedWorkQueue.take(ScheduledThreadPoolExecutor.java:1093)
        at java.util.concurrent.ScheduledThreadPoolExecutor$DelayedWorkQueue.take(ScheduledThreadPoolExecutor.java:809)
        at java.util.concurrent.ThreadPoolExecutor.getTask(ThreadPoolExecutor.java:1074)
        at java.util.concurrent.ThreadPoolExecutor.runWorker(ThreadPoolExecutor.java:1134)
        at java.util.concurrent.ThreadPoolExecutor$Worker.run(ThreadPoolExecutor.java:624)
        at java.lang.Thread.run(Thread.java:748)
"pool-116-thread-8"  prio=5 tid=1202 in Object.wait()
java.lang.Thread.State: WAITING (on object monitor)
        at sun.misc.Unsafe.park(Native Method)
        at java.util.concurrent.locks.LockSupport.park(LockSupport.java:175)
        at java.util.concurrent.locks.AbstractQueuedSynchronizer$ConditionObject.await(AbstractQueuedSynchronizer.java:2039)
        at java.util.concurrent.ArrayBlockingQueue.take(ArrayBlockingQueue.java:403)
        at java.util.concurrent.ThreadPoolExecutor.getTask(ThreadPoolExecutor.java:1074)
        at java.util.concurrent.ThreadPoolExecutor.runWorker(ThreadPoolExecutor.java:1134)
        at java.util.concurrent.ThreadPoolExecutor$Worker.run(ThreadPoolExecutor.java:624)
        at java.lang.Thread.run(Thread.java:748)
"Finalizer" daemon prio=8 tid=3 in Object.wait()
java.lang.Thread.State: WAITING (on object monitor)
        at java.lang.Object.wait(Native Method)
        at java.lang.ref.ReferenceQueue.remove(ReferenceQueue.java:144)
        at java.lang.ref.ReferenceQueue.remove(ReferenceQueue.java:165)
        at java.lang.ref.Finalizer$FinalizerThread.run(Finalizer.java:216)
"pool-116-thread-19"  prio=5 tid=1213 in Object.wait()
java.lang.Thread.State: WAITING (on object monitor)
        at sun.misc.Unsafe.park(Native Method)
        at java.util.concurrent.locks.LockSupport.park(LockSupport.java:175)
        at java.util.concurrent.locks.AbstractQueuedSynchronizer$ConditionObject.await(AbstractQueuedSynchronizer.java:2039)
        at java.util.concurrent.ArrayBlockingQueue.take(ArrayBlockingQueue.java:403)
        at java.util.concurrent.ThreadPoolExecutor.getTask(ThreadPoolExecutor.java:1074)
        at java.util.concurrent.ThreadPoolExecutor.runWorker(ThreadPoolExecutor.java:1134)
        at java.util.concurrent.ThreadPoolExecutor$Worker.run(ThreadPoolExecutor.java:624)
        at java.lang.Thread.run(Thread.java:748)
"pool-106-thread-51"  prio=5 tid=1419 in Object.wait()
java.lang.Thread.State: WAITING (on object monitor)
        at sun.misc.Unsafe.park(Native Method)
        at java.util.concurrent.locks.LockSupport.park(LockSupport.java:175)
        at java.util.concurrent.locks.AbstractQueuedSynchronizer$ConditionObject.await(AbstractQueuedSynchronizer.java:2039)
        at java.util.concurrent.ArrayBlockingQueue.take(ArrayBlockingQueue.java:403)
        at java.util.concurrent.ThreadPoolExecutor.getTask(ThreadPoolExecutor.java:1074)
        at java.util.concurrent.ThreadPoolExecutor.runWorker(ThreadPoolExecutor.java:1134)
        at java.util.concurrent.ThreadPoolExecutor$Worker.run(ThreadPoolExecutor.java:624)
        at java.lang.Thread.run(Thread.java:748)
"EventQueue-PipelineReportForPipelineReportHandler" daemon prio=5 tid=1268 in Object.wait()
java.lang.Thread.State: WAITING (on object monitor)
        at sun.misc.Unsafe.park(Native Method)
        at java.util.concurrent.locks.LockSupport.park(LockSupport.java:175)
        at java.util.concurrent.locks.AbstractQueuedSynchronizer$ConditionObject.await(AbstractQueuedSynchronizer.java:2039)
        at java.util.concurrent.LinkedBlockingQueue.take(LinkedBlockingQueue.java:442)
        at java.util.concurrent.ThreadPoolExecutor.getTask(ThreadPoolExecutor.java:1074)
        at java.util.concurrent.ThreadPoolExecutor.runWorker(ThreadPoolExecutor.java:1134)
        at java.util.concurrent.ThreadPoolExecutor$Worker.run(ThreadPoolExecutor.java:624)
        at java.lang.Thread.run(Thread.java:748)
"pool-126-thread-38"  prio=5 tid=1308 in Object.wait()
java.lang.Thread.State: WAITING (on object monitor)
        at sun.misc.Unsafe.park(Native Method)
        at java.util.concurrent.locks.LockSupport.park(LockSupport.java:175)
        at java.util.concurrent.locks.AbstractQueuedSynchronizer$ConditionObject.await(AbstractQueuedSynchronizer.java:2039)
        at java.util.concurrent.ArrayBlockingQueue.take(ArrayBlockingQueue.java:403)
        at java.util.concurrent.ThreadPoolExecutor.getTask(ThreadPoolExecutor.java:1074)
        at java.util.concurrent.ThreadPoolExecutor.runWorker(ThreadPoolExecutor.java:1134)
        at java.util.concurrent.ThreadPoolExecutor$Worker.run(ThreadPoolExecutor.java:624)
        at java.lang.Thread.run(Thread.java:748)
"pool-106-thread-17"  prio=5 tid=1385 in Object.wait()
java.lang.Thread.State: WAITING (on object monitor)
        at sun.misc.Unsafe.park(Native Method)
        at java.util.concurrent.locks.LockSupport.park(LockSupport.java:175)
        at java.util.concurrent.locks.AbstractQueuedSynchronizer$ConditionObject.await(AbstractQueuedSynchronizer.java:2039)
        at java.util.concurrent.ArrayBlockingQueue.take(ArrayBlockingQueue.java:403)
        at java.util.concurrent.ThreadPoolExecutor.getTask(ThreadPoolExecutor.java:1074)
        at java.util.concurrent.ThreadPoolExecutor.runWorker(ThreadPoolExecutor.java:1134)
        at java.util.concurrent.ThreadPoolExecutor$Worker.run(ThreadPoolExecutor.java:624)
        at java.lang.Thread.run(Thread.java:748)
"qtp818010696-1170" daemon prio=5 tid=1170 runnable
java.lang.Thread.State: RUNNABLE
        at sun.nio.ch.EPollArrayWrapper.epollWait(Native Method)
        at sun.nio.ch.EPollArrayWrapper.poll(EPollArrayWrapper.java:269)
        at sun.nio.ch.EPollSelectorImpl.doSelect(EPollSelectorImpl.java:93)
        at sun.nio.ch.SelectorImpl.lockAndDoSelect(SelectorImpl.java:86)
        at sun.nio.ch.SelectorImpl.select(SelectorImpl.java:97)
        at sun.nio.ch.SelectorImpl.select(SelectorImpl.java:101)
        at org.eclipse.jetty.io.ManagedSelector$SelectorProducer.select(ManagedSelector.java:243)
        at org.eclipse.jetty.io.ManagedSelector$SelectorProducer.produce(ManagedSelector.java:191)
        at org.eclipse.jetty.util.thread.strategy.ExecuteProduceConsume.executeProduceConsume(ExecuteProduceConsume.java:249)
        at org.eclipse.jetty.util.thread.strategy.ExecuteProduceConsume.produceConsume(ExecuteProduceConsume.java:148)
        at org.eclipse.jetty.util.thread.strategy.ExecuteProduceConsume.execute(ExecuteProduceConsume.java:100)
        at org.eclipse.jetty.io.ManagedSelector.run(ManagedSelector.java:147)
        at org.eclipse.jetty.util.thread.QueuedThreadPool.runJob(QueuedThreadPool.java:671)
        at org.eclipse.jetty.util.thread.QueuedThreadPool$2.run(QueuedThreadPool.java:589)
        at java.lang.Thread.run(Thread.java:748)
"qtp1014555985-1140-acceptor-0@3f9f5235-ServerConnector@608fe01f{HTTP/1.1,[http/1.1]}{0.0.0.0:44874}" daemon prio=3 tid=1140 runnable
java.lang.Thread.State: RUNNABLE
        at sun.nio.ch.ServerSocketChannelImpl.accept0(Native Method)
        at sun.nio.ch.ServerSocketChannelImpl.accept(ServerSocketChannelImpl.java:422)
        at sun.nio.ch.ServerSocketChannelImpl.accept(ServerSocketChannelImpl.java:250)
        at org.eclipse.jetty.server.ServerConnector.accept(ServerConnector.java:397)
        at org.eclipse.jetty.server.AbstractConnector$Acceptor.run(AbstractConnector.java:601)
        at org.eclipse.jetty.util.thread.QueuedThreadPool.runJob(QueuedThreadPool.java:671)
        at org.eclipse.jetty.util.thread.QueuedThreadPool$2.run(QueuedThreadPool.java:589)
        at java.lang.Thread.run(Thread.java:748)
"IPC Server handler 15 on 44367" daemon prio=5 tid=1081 timed_waiting
java.lang.Thread.State: TIMED_WAITING
        at sun.misc.Unsafe.park(Native Method)
        at java.util.concurrent.locks.LockSupport.parkNanos(LockSupport.java:215)
        at java.util.concurrent.locks.AbstractQueuedSynchronizer$ConditionObject.awaitNanos(AbstractQueuedSynchronizer.java:2078)
        at java.util.concurrent.LinkedBlockingQueue.poll(LinkedBlockingQueue.java:467)
        at org.apache.hadoop.ipc.CallQueueManager.take(CallQueueManager.java:288)
        at org.apache.hadoop.ipc.Server$Handler.run(Server.java:2668)
"pool-106-thread-6"  prio=5 tid=1374 in Object.wait()
java.lang.Thread.State: WAITING (on object monitor)
        at sun.misc.Unsafe.park(Native Method)
        at java.util.concurrent.locks.LockSupport.park(LockSupport.java:175)
        at java.util.concurrent.locks.AbstractQueuedSynchronizer$ConditionObject.await(AbstractQueuedSynchronizer.java:2039)
        at java.util.concurrent.ArrayBlockingQueue.take(ArrayBlockingQueue.java:403)
        at java.util.concurrent.ThreadPoolExecutor.getTask(ThreadPoolExecutor.java:1074)
        at java.util.concurrent.ThreadPoolExecutor.runWorker(ThreadPoolExecutor.java:1134)
        at java.util.concurrent.ThreadPoolExecutor$Worker.run(ThreadPoolExecutor.java:624)
        at java.lang.Thread.run(Thread.java:748)
"qtp818010696-1173" daemon prio=5 tid=1173 timed_waiting
java.lang.Thread.State: TIMED_WAITING
        at sun.misc.Unsafe.park(Native Method)
        at java.util.concurrent.locks.LockSupport.parkNanos(LockSupport.java:215)
        at java.util.concurrent.locks.AbstractQueuedSynchronizer$ConditionObject.awaitNanos(AbstractQueuedSynchronizer.java:2078)
        at org.eclipse.jetty.util.BlockingArrayQueue.poll(BlockingArrayQueue.java:392)
        at org.eclipse.jetty.util.thread.QueuedThreadPool.idleJobPoll(QueuedThreadPool.java:563)
        at org.eclipse.jetty.util.thread.QueuedThreadPool.access$800(QueuedThreadPool.java:48)
        at org.eclipse.jetty.util.thread.QueuedThreadPool$2.run(QueuedThreadPool.java:626)
        at java.lang.Thread.run(Thread.java:748)
"pool-116-thread-11"  prio=5 tid=1205 in Object.wait()
java.lang.Thread.State: WAITING (on object monitor)
        at sun.misc.Unsafe.park(Native Method)
        at java.util.concurrent.locks.LockSupport.park(LockSupport.java:175)
        at java.util.concurrent.locks.AbstractQueuedSynchronizer$ConditionObject.await(AbstractQueuedSynchronizer.java:2039)
        at java.util.concurrent.ArrayBlockingQueue.take(ArrayBlockingQueue.java:403)
        at java.util.concurrent.ThreadPoolExecutor.getTask(ThreadPoolExecutor.java:1074)
        at java.util.concurrent.ThreadPoolExecutor.runWorker(ThreadPoolExecutor.java:1134)
        at java.util.concurrent.ThreadPoolExecutor$Worker.run(ThreadPoolExecutor.java:624)
        at java.lang.Thread.run(Thread.java:748)
"pool-116-thread-59"  prio=5 tid=1253 in Object.wait()
java.lang.Thread.State: WAITING (on object monitor)
        at sun.misc.Unsafe.park(Native Method)
        at java.util.concurrent.locks.LockSupport.park(LockSupport.java:175)
        at java.util.concurrent.locks.AbstractQueuedSynchronizer$ConditionObject.await(AbstractQueuedSynchronizer.java:2039)
        at java.util.concurrent.ArrayBlockingQueue.take(ArrayBlockingQueue.java:403)
        at java.util.concurrent.ThreadPoolExecutor.getTask(ThreadPoolExecutor.java:1074)
        at java.util.concurrent.ThreadPoolExecutor.runWorker(ThreadPoolExecutor.java:1134)
        at java.util.concurrent.ThreadPoolExecutor$Worker.run(ThreadPoolExecutor.java:624)
        at java.lang.Thread.run(Thread.java:748)
"pool-116-thread-25"  prio=5 tid=1219 in Object.wait()
java.lang.Thread.State: WAITING (on object monitor)
        at sun.misc.Unsafe.park(Native Method)
        at java.util.concurrent.locks.LockSupport.park(LockSupport.java:175)
        at java.util.concurrent.locks.AbstractQueuedSynchronizer$ConditionObject.await(AbstractQueuedSynchronizer.java:2039)
        at java.util.concurrent.ArrayBlockingQueue.take(ArrayBlockingQueue.java:403)
        at java.util.concurrent.ThreadPoolExecutor.getTask(ThreadPoolExecutor.java:1074)
        at java.util.concurrent.ThreadPoolExecutor.runWorker(ThreadPoolExecutor.java:1134)
        at java.util.concurrent.ThreadPoolExecutor$Worker.run(ThreadPoolExecutor.java:624)
        at java.lang.Thread.run(Thread.java:748)
"metrics-hadoop-metrics2-reporter-52-thread-1" daemon prio=5 tid=937 timed_waiting
java.lang.Thread.State: TIMED_WAITING
        at sun.misc.Unsafe.park(Native Method)
        at java.util.concurrent.locks.LockSupport.parkNanos(LockSupport.java:215)
        at java.util.concurrent.locks.AbstractQueuedSynchronizer$ConditionObject.awaitNanos(AbstractQueuedSynchronizer.java:2078)
        at java.util.concurrent.ScheduledThreadPoolExecutor$DelayedWorkQueue.take(ScheduledThreadPoolExecutor.java:1093)
        at java.util.concurrent.ScheduledThreadPoolExecutor$DelayedWorkQueue.take(ScheduledThreadPoolExecutor.java:809)
        at java.util.concurrent.ThreadPoolExecutor.getTask(ThreadPoolExecutor.java:1074)
        at java.util.concurrent.ThreadPoolExecutor.runWorker(ThreadPoolExecutor.java:1134)
        at java.util.concurrent.ThreadPoolExecutor$Worker.run(ThreadPoolExecutor.java:624)
        at java.lang.Thread.run(Thread.java:748)
"pool-106-thread-24"  prio=5 tid=1392 in Object.wait()
java.lang.Thread.State: WAITING (on object monitor)
        at sun.misc.Unsafe.park(Native Method)
        at java.util.concurrent.locks.LockSupport.park(LockSupport.java:175)
        at java.util.concurrent.locks.AbstractQueuedSynchronizer$ConditionObject.await(AbstractQueuedSynchronizer.java:2039)
        at java.util.concurrent.ArrayBlockingQueue.take(ArrayBlockingQueue.java:403)
        at java.util.concurrent.ThreadPoolExecutor.getTask(ThreadPoolExecutor.java:1074)
        at java.util.concurrent.ThreadPoolExecutor.runWorker(ThreadPoolExecutor.java:1134)
        at java.util.concurrent.ThreadPoolExecutor$Worker.run(ThreadPoolExecutor.java:624)
        at java.lang.Thread.run(Thread.java:748)
"IPC Server idle connection scanner for port 44367" daemon prio=5 tid=1013 timed_waiting
java.lang.Thread.State: TIMED_WAITING
        at java.lang.Object.wait(Native Method)
        at java.util.TimerThread.mainLoop(Timer.java:552)
        at java.util.TimerThread.run(Timer.java:505)
"metrics-hadoop-metrics2-reporter-38-thread-1" daemon prio=5 tid=814 timed_waiting
java.lang.Thread.State: TIMED_WAITING
        at sun.misc.Unsafe.park(Native Method)
        at java.util.concurrent.locks.LockSupport.parkNanos(LockSupport.java:215)
        at java.util.concurrent.locks.AbstractQueuedSynchronizer$ConditionObject.awaitNanos(AbstractQueuedSynchronizer.java:2078)
        at java.util.concurrent.ScheduledThreadPoolExecutor$DelayedWorkQueue.take(ScheduledThreadPoolExecutor.java:1093)
        at java.util.concurrent.ScheduledThreadPoolExecutor$DelayedWorkQueue.take(ScheduledThreadPoolExecutor.java:809)
        at java.util.concurrent.ThreadPoolExecutor.getTask(ThreadPoolExecutor.java:1074)
        at java.util.concurrent.ThreadPoolExecutor.runWorker(ThreadPoolExecutor.java:1134)
        at java.util.concurrent.ThreadPoolExecutor$Worker.run(ThreadPoolExecutor.java:624)
        at java.lang.Thread.run(Thread.java:748)
"Datanode ReportManager Thread - 2" daemon prio=5 tid=254 in Object.wait()
java.lang.Thread.State: WAITING (on object monitor)
        at sun.misc.Unsafe.park(Native Method)
        at java.util.concurrent.locks.LockSupport.park(LockSupport.java:175)
        at java.util.concurrent.locks.AbstractQueuedSynchronizer$ConditionObject.await(AbstractQueuedSynchronizer.java:2039)
        at java.util.concurrent.ScheduledThreadPoolExecutor$DelayedWorkQueue.take(ScheduledThreadPoolExecutor.java:1088)
        at java.util.concurrent.ScheduledThreadPoolExecutor$DelayedWorkQueue.take(ScheduledThreadPoolExecutor.java:809)
        at java.util.concurrent.ThreadPoolExecutor.getTask(ThreadPoolExecutor.java:1074)
        at java.util.concurrent.ThreadPoolExecutor.runWorker(ThreadPoolExecutor.java:1134)
        at java.util.concurrent.ThreadPoolExecutor$Worker.run(ThreadPoolExecutor.java:624)
        at java.lang.Thread.run(Thread.java:748)
"qtp1014555985-1142" daemon prio=5 tid=1142 timed_waiting
java.lang.Thread.State: TIMED_WAITING
        at sun.misc.Unsafe.park(Native Method)
        at java.util.concurrent.locks.LockSupport.parkNanos(LockSupport.java:215)
        at java.util.concurrent.locks.AbstractQueuedSynchronizer$ConditionObject.awaitNanos(AbstractQueuedSynchronizer.java:2078)
        at org.eclipse.jetty.util.BlockingArrayQueue.poll(BlockingArrayQueue.java:392)
        at org.eclipse.jetty.util.thread.QueuedThreadPool.idleJobPoll(QueuedThreadPool.java:563)
        at org.eclipse.jetty.util.thread.QueuedThreadPool.access$800(QueuedThreadPool.java:48)
        at org.eclipse.jetty.util.thread.QueuedThreadPool$2.run(QueuedThreadPool.java:626)
        at java.lang.Thread.run(Thread.java:748)
"org.apache.hadoop.util.JvmPauseMonitor$Monitor@6d90e0c6" daemon prio=5 tid=1159 timed_waiting
java.lang.Thread.State: TIMED_WAITING
        at java.lang.Thread.sleep(Native Method)
        at org.apache.hadoop.util.JvmPauseMonitor$Monitor.run(JvmPauseMonitor.java:192)
        at java.lang.Thread.run(Thread.java:748)
"org.eclipse.jetty.server.session.HashSessionManager@354e7004Timer" daemon prio=5 tid=1152 timed_waiting
java.lang.Thread.State: TIMED_WAITING
        at sun.misc.Unsafe.park(Native Method)
        at java.util.concurrent.locks.LockSupport.parkNanos(LockSupport.java:215)
        at java.util.concurrent.locks.AbstractQueuedSynchronizer$ConditionObject.awaitNanos(AbstractQueuedSynchronizer.java:2078)
        at java.util.concurrent.ScheduledThreadPoolExecutor$DelayedWorkQueue.take(ScheduledThreadPoolExecutor.java:1093)
        at java.util.concurrent.ScheduledThreadPoolExecutor$DelayedWorkQueue.take(ScheduledThreadPoolExecutor.java:809)
        at java.util.concurrent.ThreadPoolExecutor.getTask(ThreadPoolExecutor.java:1074)
        at java.util.concurrent.ThreadPoolExecutor.runWorker(ThreadPoolExecutor.java:1134)
        at java.util.concurrent.ThreadPoolExecutor$Worker.run(ThreadPoolExecutor.java:624)
        at java.lang.Thread.run(Thread.java:748)
"jaeger.RemoteReporter-QueueProcessor" daemon prio=5 tid=147 in Object.wait()
java.lang.Thread.State: WAITING (on object monitor)
        at sun.misc.Unsafe.park(Native Method)
        at java.util.concurrent.locks.LockSupport.park(LockSupport.java:175)
        at java.util.concurrent.locks.AbstractQueuedSynchronizer$ConditionObject.await(AbstractQueuedSynchronizer.java:2039)
        at java.util.concurrent.ArrayBlockingQueue.take(ArrayBlockingQueue.java:403)
        at io.jaegertracing.internal.reporters.RemoteReporter$QueueProcessor.run(RemoteReporter.java:173)
        at java.lang.Thread.run(Thread.java:748)
"IPC Server handler 14 on 41574" daemon prio=5 tid=1060 timed_waiting
java.lang.Thread.State: TIMED_WAITING
        at sun.misc.Unsafe.park(Native Method)
        at java.util.concurrent.locks.LockSupport.parkNanos(LockSupport.java:215)
        at java.util.concurrent.locks.AbstractQueuedSynchronizer$ConditionObject.awaitNanos(AbstractQueuedSynchronizer.java:2078)
        at java.util.concurrent.LinkedBlockingQueue.poll(LinkedBlockingQueue.java:467)
        at org.apache.hadoop.ipc.CallQueueManager.take(CallQueueManager.java:288)
        at org.apache.hadoop.ipc.Server$Handler.run(Server.java:2668)
"metrics-hadoop-metrics2-reporter-46-thread-1" daemon prio=5 tid=901 timed_waiting
java.lang.Thread.State: TIMED_WAITING
        at sun.misc.Unsafe.park(Native Method)
        at java.util.concurrent.locks.LockSupport.parkNanos(LockSupport.java:215)
        at java.util.concurrent.locks.AbstractQueuedSynchronizer$ConditionObject.awaitNanos(AbstractQueuedSynchronizer.java:2078)
        at java.util.concurrent.ScheduledThreadPoolExecutor$DelayedWorkQueue.take(ScheduledThreadPoolExecutor.java:1093)
        at java.util.concurrent.ScheduledThreadPoolExecutor$DelayedWorkQueue.take(ScheduledThreadPoolExecutor.java:809)
        at java.util.concurrent.ThreadPoolExecutor.getTask(ThreadPoolExecutor.java:1074)
        at java.util.concurrent.ThreadPoolExecutor.runWorker(ThreadPoolExecutor.java:1134)
        at java.util.concurrent.ThreadPoolExecutor$Worker.run(ThreadPoolExecutor.java:624)
        at java.lang.Thread.run(Thread.java:748)
"pool-106-thread-54"  prio=5 tid=1422 in Object.wait()
java.lang.Thread.State: WAITING (on object monitor)
        at sun.misc.Unsafe.park(Native Method)
        at java.util.concurrent.locks.LockSupport.park(LockSupport.java:175)
        at java.util.concurrent.locks.AbstractQueuedSynchronizer$ConditionObject.await(AbstractQueuedSynchronizer.java:2039)
        at java.util.concurrent.ArrayBlockingQueue.take(ArrayBlockingQueue.java:403)
        at java.util.concurrent.ThreadPoolExecutor.getTask(ThreadPoolExecutor.java:1074)
        at java.util.concurrent.ThreadPoolExecutor.runWorker(ThreadPoolExecutor.java:1134)
        at java.util.concurrent.ThreadPoolExecutor$Worker.run(ThreadPoolExecutor.java:624)
        at java.lang.Thread.run(Thread.java:748)
"IPC Server handler 3 on 42245" daemon prio=5 tid=1029 timed_waiting
java.lang.Thread.State: TIMED_WAITING
        at sun.misc.Unsafe.park(Native Method)
        at java.util.concurrent.locks.LockSupport.parkNanos(LockSupport.java:215)
        at java.util.concurrent.locks.AbstractQueuedSynchronizer$ConditionObject.awaitNanos(AbstractQueuedSynchronizer.java:2078)
        at java.util.concurrent.LinkedBlockingQueue.poll(LinkedBlockingQueue.java:467)
        at org.apache.hadoop.ipc.CallQueueManager.take(CallQueueManager.java:288)
        at org.apache.hadoop.ipc.Server$Handler.run(Server.java:2668)
"org.eclipse.jetty.server.session.HashSessionManager@2fdf17dcTimer" daemon prio=5 tid=1179 timed_waiting
java.lang.Thread.State: TIMED_WAITING
        at sun.misc.Unsafe.park(Native Method)
        at java.util.concurrent.locks.LockSupport.parkNanos(LockSupport.java:215)
        at java.util.concurrent.locks.AbstractQueuedSynchronizer$ConditionObject.awaitNanos(AbstractQueuedSynchronizer.java:2078)
        at java.util.concurrent.ScheduledThreadPoolExecutor$DelayedWorkQueue.take(ScheduledThreadPoolExecutor.java:1093)
        at java.util.concurrent.ScheduledThreadPoolExecutor$DelayedWorkQueue.take(ScheduledThreadPoolExecutor.java:809)
        at java.util.concurrent.ThreadPoolExecutor.getTask(ThreadPoolExecutor.java:1074)
        at java.util.concurrent.ThreadPoolExecutor.runWorker(ThreadPoolExecutor.java:1134)
        at java.util.concurrent.ThreadPoolExecutor$Worker.run(ThreadPoolExecutor.java:624)
        at java.lang.Thread.run(Thread.java:748)
"qtp1014555985-1141" daemon prio=5 tid=1141 timed_waiting
java.lang.Thread.State: TIMED_WAITING
        at sun.misc.Unsafe.park(Native Method)
        at java.util.concurrent.locks.LockSupport.parkNanos(LockSupport.java:215)
        at java.util.concurrent.locks.AbstractQueuedSynchronizer$ConditionObject.awaitNanos(AbstractQueuedSynchronizer.java:2078)
        at org.eclipse.jetty.util.BlockingArrayQueue.poll(BlockingArrayQueue.java:392)
        at org.eclipse.jetty.util.thread.QueuedThreadPool.idleJobPoll(QueuedThreadPool.java:563)
        at org.eclipse.jetty.util.thread.QueuedThreadPool.access$800(QueuedThreadPool.java:48)
        at org.eclipse.jetty.util.thread.QueuedThreadPool$2.run(QueuedThreadPool.java:626)
        at java.lang.Thread.run(Thread.java:748)
"pool-116-thread-33"  prio=5 tid=1227 in Object.wait()
java.lang.Thread.State: WAITING (on object monitor)
        at sun.misc.Unsafe.park(Native Method)
        at java.util.concurrent.locks.LockSupport.park(LockSupport.java:175)
        at java.util.concurrent.locks.AbstractQueuedSynchronizer$ConditionObject.await(AbstractQueuedSynchronizer.java:2039)
        at java.util.concurrent.ArrayBlockingQueue.take(ArrayBlockingQueue.java:403)
        at java.util.concurrent.ThreadPoolExecutor.getTask(ThreadPoolExecutor.java:1074)
        at java.util.concurrent.ThreadPoolExecutor.runWorker(ThreadPoolExecutor.java:1134)
        at java.util.concurrent.ThreadPoolExecutor$Worker.run(ThreadPoolExecutor.java:624)
        at java.lang.Thread.run(Thread.java:748)
"Datanode ReportManager Thread - 2" daemon prio=5 tid=173 in Object.wait()
java.lang.Thread.State: WAITING (on object monitor)
        at sun.misc.Unsafe.park(Native Method)
        at java.util.concurrent.locks.LockSupport.park(LockSupport.java:175)
        at java.util.concurrent.locks.AbstractQueuedSynchronizer$ConditionObject.await(AbstractQueuedSynchronizer.java:2039)
        at java.util.concurrent.ScheduledThreadPoolExecutor$DelayedWorkQueue.take(ScheduledThreadPoolExecutor.java:1088)
        at java.util.concurrent.ScheduledThreadPoolExecutor$DelayedWorkQueue.take(ScheduledThreadPoolExecutor.java:809)
        at java.util.concurrent.ThreadPoolExecutor.getTask(ThreadPoolExecutor.java:1074)
        at java.util.concurrent.ThreadPoolExecutor.runWorker(ThreadPoolExecutor.java:1134)
        at java.util.concurrent.ThreadPoolExecutor$Worker.run(ThreadPoolExecutor.java:624)
        at java.lang.Thread.run(Thread.java:748)
"pool-106-thread-58"  prio=5 tid=1426 in Object.wait()
java.lang.Thread.State: WAITING (on object monitor)
        at sun.misc.Unsafe.park(Native Method)
        at java.util.concurrent.locks.LockSupport.park(LockSupport.java:175)
        at java.util.concurrent.locks.AbstractQueuedSynchronizer$ConditionObject.await(AbstractQueuedSynchronizer.java:2039)
        at java.util.concurrent.ArrayBlockingQueue.take(ArrayBlockingQueue.java:403)
        at java.util.concurrent.ThreadPoolExecutor.getTask(ThreadPoolExecutor.java:1074)
        at java.util.concurrent.ThreadPoolExecutor.runWorker(ThreadPoolExecutor.java:1134)
        at java.util.concurrent.ThreadPoolExecutor$Worker.run(ThreadPoolExecutor.java:624)
        at java.lang.Thread.run(Thread.java:748)
"refreshUsed-/workdir/hadoop-ozone/integration-test/target/test-dir/MiniOzoneClusterImpl-87e8d78b-2c25-4827-9c34-ee9c99992073/datanode-3/data/containers" daemon prio=5 tid=1103 timed_waiting
java.lang.Thread.State: TIMED_WAITING
        at java.lang.Thread.sleep(Native Method)
        at org.apache.hadoop.fs.CachingGetSpaceUsed$RefreshThread.run(CachingGetSpaceUsed.java:179)
        at java.lang.Thread.run(Thread.java:748)
"pool-126-thread-25"  prio=5 tid=1295 in Object.wait()
java.lang.Thread.State: WAITING (on object monitor)
        at sun.misc.Unsafe.park(Native Method)
        at java.util.concurrent.locks.LockSupport.park(LockSupport.java:175)
        at java.util.concurrent.locks.AbstractQueuedSynchronizer$ConditionObject.await(AbstractQueuedSynchronizer.java:2039)
        at java.util.concurrent.ArrayBlockingQueue.take(ArrayBlockingQueue.java:403)
        at java.util.concurrent.ThreadPoolExecutor.getTask(ThreadPoolExecutor.java:1074)
        at java.util.concurrent.ThreadPoolExecutor.runWorker(ThreadPoolExecutor.java:1134)
        at java.util.concurrent.ThreadPoolExecutor$Worker.run(ThreadPoolExecutor.java:624)
        at java.lang.Thread.run(Thread.java:748)
"SCM Heartbeat Processing Thread - 0" daemon prio=5 tid=1010 timed_waiting
java.lang.Thread.State: TIMED_WAITING
        at sun.misc.Unsafe.park(Native Method)
        at java.util.concurrent.locks.LockSupport.parkNanos(LockSupport.java:215)
        at java.util.concurrent.locks.AbstractQueuedSynchronizer$ConditionObject.awaitNanos(AbstractQueuedSynchronizer.java:2078)
        at java.util.concurrent.ScheduledThreadPoolExecutor$DelayedWorkQueue.take(ScheduledThreadPoolExecutor.java:1093)
        at java.util.concurrent.ScheduledThreadPoolExecutor$DelayedWorkQueue.take(ScheduledThreadPoolExecutor.java:809)
        at java.util.concurrent.ThreadPoolExecutor.getTask(ThreadPoolExecutor.java:1074)
        at java.util.concurrent.ThreadPoolExecutor.runWorker(ThreadPoolExecutor.java:1134)
        at java.util.concurrent.ThreadPoolExecutor$Worker.run(ThreadPoolExecutor.java:624)
        at java.lang.Thread.run(Thread.java:748)
"pool-116-thread-13"  prio=5 tid=1207 in Object.wait()
java.lang.Thread.State: WAITING (on object monitor)
        at sun.misc.Unsafe.park(Native Method)
        at java.util.concurrent.locks.LockSupport.park(LockSupport.java:175)
        at java.util.concurrent.locks.AbstractQueuedSynchronizer$ConditionObject.await(AbstractQueuedSynchronizer.java:2039)
        at java.util.concurrent.ArrayBlockingQueue.take(ArrayBlockingQueue.java:403)
        at java.util.concurrent.ThreadPoolExecutor.getTask(ThreadPoolExecutor.java:1074)
        at java.util.concurrent.ThreadPoolExecutor.runWorker(ThreadPoolExecutor.java:1134)
        at java.util.concurrent.ThreadPoolExecutor$Worker.run(ThreadPoolExecutor.java:624)
        at java.lang.Thread.run(Thread.java:748)
"CommandWatcher-LeaseManager#LeaseMonitor" daemon prio=5 tid=1025 timed_waiting
java.lang.Thread.State: TIMED_WAITING
        at java.lang.Thread.sleep(Native Method)
        at org.apache.hadoop.ozone.lease.LeaseManager$LeaseMonitor.run(LeaseManager.java:234)
        at java.lang.Thread.run(Thread.java:748)
"pool-126-thread-7"  prio=5 tid=1277 in Object.wait()
java.lang.Thread.State: WAITING (on object monitor)
        at sun.misc.Unsafe.park(Native Method)
        at java.util.concurrent.locks.LockSupport.park(LockSupport.java:175)
        at java.util.concurrent.locks.AbstractQueuedSynchronizer$ConditionObject.await(AbstractQueuedSynchronizer.java:2039)
        at java.util.concurrent.ArrayBlockingQueue.take(ArrayBlockingQueue.java:403)
        at java.util.concurrent.ThreadPoolExecutor.getTask(ThreadPoolExecutor.java:1074)
        at java.util.concurrent.ThreadPoolExecutor.runWorker(ThreadPoolExecutor.java:1134)
        at java.util.concurrent.ThreadPoolExecutor$Worker.run(ThreadPoolExecutor.java:624)
        at java.lang.Thread.run(Thread.java:748)
"IPC Server handler 5 on 34783" daemon prio=5 tid=982 timed_waiting
java.lang.Thread.State: TIMED_WAITING
        at sun.misc.Unsafe.park(Native Method)
        at java.util.concurrent.locks.LockSupport.parkNanos(LockSupport.java:215)
        at java.util.concurrent.locks.AbstractQueuedSynchronizer$ConditionObject.awaitNanos(AbstractQueuedSynchronizer.java:2078)
        at java.util.concurrent.LinkedBlockingQueue.poll(LinkedBlockingQueue.java:467)
        at org.apache.hadoop.ipc.CallQueueManager.take(CallQueueManager.java:288)
        at org.apache.hadoop.ipc.Server$Handler.run(Server.java:2668)
"pool-106-thread-32"  prio=5 tid=1400 in Object.wait()
java.lang.Thread.State: WAITING (on object monitor)
        at sun.misc.Unsafe.park(Native Method)
        at java.util.concurrent.locks.LockSupport.park(LockSupport.java:175)
        at java.util.concurrent.locks.AbstractQueuedSynchronizer$ConditionObject.await(AbstractQueuedSynchronizer.java:2039)
        at java.util.concurrent.ArrayBlockingQueue.take(ArrayBlockingQueue.java:403)
        at java.util.concurrent.ThreadPoolExecutor.getTask(ThreadPoolExecutor.java:1074)
        at java.util.concurrent.ThreadPoolExecutor.runWorker(ThreadPoolExecutor.java:1134)
        at java.util.concurrent.ThreadPoolExecutor$Worker.run(ThreadPoolExecutor.java:624)
        at java.lang.Thread.run(Thread.java:748)
"IPC Server handler 10 on 41574" daemon prio=5 tid=1056 timed_waiting
java.lang.Thread.State: TIMED_WAITING
        at sun.misc.Unsafe.park(Native Method)
        at java.util.concurrent.locks.LockSupport.parkNanos(LockSupport.java:215)
        at java.util.concurrent.locks.AbstractQueuedSynchronizer$ConditionObject.awaitNanos(AbstractQueuedSynchronizer.java:2078)
        at java.util.concurrent.LinkedBlockingQueue.poll(LinkedBlockingQueue.java:467)
        at org.apache.hadoop.ipc.CallQueueManager.take(CallQueueManager.java:288)
        at org.apache.hadoop.ipc.Server$Handler.run(Server.java:2668)
"Thread-2998" daemon prio=5 tid=3813 timed_waiting
java.lang.Thread.State: TIMED_WAITING
        at java.lang.Thread.sleep(Native Method)
        at org.apache.ratis.util.JavaUtils.sleep(JavaUtils.java:247)
        at org.apache.ratis.server.impl.FollowerState.run(FollowerState.java:97)
"pool-106-thread-50"  prio=5 tid=1418 in Object.wait()
java.lang.Thread.State: WAITING (on object monitor)
        at sun.misc.Unsafe.park(Native Method)
        at java.util.concurrent.locks.LockSupport.park(LockSupport.java:175)
        at java.util.concurrent.locks.AbstractQueuedSynchronizer$ConditionObject.await(AbstractQueuedSynchronizer.java:2039)
        at java.util.concurrent.ArrayBlockingQueue.take(ArrayBlockingQueue.java:403)
        at java.util.concurrent.ThreadPoolExecutor.getTask(ThreadPoolExecutor.java:1074)
        at java.util.concurrent.ThreadPoolExecutor.runWorker(ThreadPoolExecutor.java:1134)
        at java.util.concurrent.ThreadPoolExecutor$Worker.run(ThreadPoolExecutor.java:624)
        at java.lang.Thread.run(Thread.java:748)
"org.eclipse.jetty.server.session.HashSessionManager@58f437b0Timer" daemon prio=5 tid=1148 timed_waiting
java.lang.Thread.State: TIMED_WAITING
        at sun.misc.Unsafe.park(Native Method)
        at java.util.concurrent.locks.LockSupport.parkNanos(LockSupport.java:215)
        at java.util.concurrent.locks.AbstractQueuedSynchronizer$ConditionObject.awaitNanos(AbstractQueuedSynchronizer.java:2078)
        at java.util.concurrent.ScheduledThreadPoolExecutor$DelayedWorkQueue.take(ScheduledThreadPoolExecutor.java:1093)
        at java.util.concurrent.ScheduledThreadPoolExecutor$DelayedWorkQueue.take(ScheduledThreadPoolExecutor.java:809)
        at java.util.concurrent.ThreadPoolExecutor.getTask(ThreadPoolExecutor.java:1074)
        at java.util.concurrent.ThreadPoolExecutor.runWorker(ThreadPoolExecutor.java:1134)
        at java.util.concurrent.ThreadPoolExecutor$Worker.run(ThreadPoolExecutor.java:624)
        at java.lang.Thread.run(Thread.java:748)
"2a93f7e5-ecb9-41da-9c47-70e13ba76d7d@group-A9EE991D717F-SegmentedRaftLogWorker"  prio=5 tid=1119 timed_waiting
java.lang.Thread.State: TIMED_WAITING
        at sun.misc.Unsafe.park(Native Method)
        at java.util.concurrent.locks.LockSupport.parkNanos(LockSupport.java:215)
        at java.util.concurrent.locks.AbstractQueuedSynchronizer$ConditionObject.awaitNanos(AbstractQueuedSynchronizer.java:2078)
        at org.apache.ratis.util.DataBlockingQueue.poll(DataBlockingQueue.java:137)
        at org.apache.ratis.server.raftlog.segmented.SegmentedRaftLogWorker.run(SegmentedRaftLogWorker.java:282)
        at java.lang.Thread.run(Thread.java:748)
"Datanode ReportManager Thread - 1" daemon prio=5 tid=280 in Object.wait()
java.lang.Thread.State: WAITING (on object monitor)
        at sun.misc.Unsafe.park(Native Method)
        at java.util.concurrent.locks.LockSupport.park(LockSupport.java:175)
        at java.util.concurrent.locks.AbstractQueuedSynchronizer$ConditionObject.await(AbstractQueuedSynchronizer.java:2039)
        at java.util.concurrent.ScheduledThreadPoolExecutor$DelayedWorkQueue.take(ScheduledThreadPoolExecutor.java:1088)
        at java.util.concurrent.ScheduledThreadPoolExecutor$DelayedWorkQueue.take(ScheduledThreadPoolExecutor.java:809)
        at java.util.concurrent.ThreadPoolExecutor.getTask(ThreadPoolExecutor.java:1074)
        at java.util.concurrent.ThreadPoolExecutor.runWorker(ThreadPoolExecutor.java:1134)
        at java.util.concurrent.ThreadPoolExecutor$Worker.run(ThreadPoolExecutor.java:624)
        at java.lang.Thread.run(Thread.java:748)
"IPC Server handler 11 on 41574" daemon prio=5 tid=1057 timed_waiting
java.lang.Thread.State: TIMED_WAITING
        at sun.misc.Unsafe.park(Native Method)
        at java.util.concurrent.locks.LockSupport.parkNanos(LockSupport.java:215)
        at java.util.concurrent.locks.AbstractQueuedSynchronizer$ConditionObject.awaitNanos(AbstractQueuedSynchronizer.java:2078)
        at java.util.concurrent.LinkedBlockingQueue.poll(LinkedBlockingQueue.java:467)
        at org.apache.hadoop.ipc.CallQueueManager.take(CallQueueManager.java:288)
        at org.apache.hadoop.ipc.Server$Handler.run(Server.java:2668)
"pool-116-thread-12"  prio=5 tid=1206 in Object.wait()
java.lang.Thread.State: WAITING (on object monitor)
        at sun.misc.Unsafe.park(Native Method)
        at java.util.concurrent.locks.LockSupport.park(LockSupport.java:175)
        at java.util.concurrent.locks.AbstractQueuedSynchronizer$ConditionObject.await(AbstractQueuedSynchronizer.java:2039)
        at java.util.concurrent.ArrayBlockingQueue.take(ArrayBlockingQueue.java:403)
        at java.util.concurrent.ThreadPoolExecutor.getTask(ThreadPoolExecutor.java:1074)
        at java.util.concurrent.ThreadPoolExecutor.runWorker(ThreadPoolExecutor.java:1134)
        at java.util.concurrent.ThreadPoolExecutor$Worker.run(ThreadPoolExecutor.java:624)
        at java.lang.Thread.run(Thread.java:748)
"metrics-hadoop-metrics2-reporter-42-thread-1" daemon prio=5 tid=822 timed_waiting
java.lang.Thread.State: TIMED_WAITING
        at sun.misc.Unsafe.park(Native Method)
        at java.util.concurrent.locks.LockSupport.parkNanos(LockSupport.java:215)
        at java.util.concurrent.locks.AbstractQueuedSynchronizer$ConditionObject.awaitNanos(AbstractQueuedSynchronizer.java:2078)
        at java.util.concurrent.ScheduledThreadPoolExecutor$DelayedWorkQueue.take(ScheduledThreadPoolExecutor.java:1093)
        at java.util.concurrent.ScheduledThreadPoolExecutor$DelayedWorkQueue.take(ScheduledThreadPoolExecutor.java:809)
        at java.util.concurrent.ThreadPoolExecutor.getTask(ThreadPoolExecutor.java:1074)
        at java.util.concurrent.ThreadPoolExecutor.runWorker(ThreadPoolExecutor.java:1134)
        at java.util.concurrent.ThreadPoolExecutor$Worker.run(ThreadPoolExecutor.java:624)
        at java.lang.Thread.run(Thread.java:748)
"metrics-hadoop-metrics2-reporter-22-thread-1" daemon prio=5 tid=755 timed_waiting
java.lang.Thread.State: TIMED_WAITING
        at sun.misc.Unsafe.park(Native Method)
        at java.util.concurrent.locks.LockSupport.parkNanos(LockSupport.java:215)
        at java.util.concurrent.locks.AbstractQueuedSynchronizer$ConditionObject.awaitNanos(AbstractQueuedSynchronizer.java:2078)
        at java.util.concurrent.ScheduledThreadPoolExecutor$DelayedWorkQueue.take(ScheduledThreadPoolExecutor.java:1093)
        at java.util.concurrent.ScheduledThreadPoolExecutor$DelayedWorkQueue.take(ScheduledThreadPoolExecutor.java:809)
        at java.util.concurrent.ThreadPoolExecutor.getTask(ThreadPoolExecutor.java:1074)
        at java.util.concurrent.ThreadPoolExecutor.runWorker(ThreadPoolExecutor.java:1134)
        at java.util.concurrent.ThreadPoolExecutor$Worker.run(ThreadPoolExecutor.java:624)
        at java.lang.Thread.run(Thread.java:748)
"Datanode ReportManager Thread - 1" daemon prio=5 tid=199 in Object.wait()
java.lang.Thread.State: WAITING (on object monitor)
        at sun.misc.Unsafe.park(Native Method)
        at java.util.concurrent.locks.LockSupport.park(LockSupport.java:175)
        at java.util.concurrent.locks.AbstractQueuedSynchronizer$ConditionObject.await(AbstractQueuedSynchronizer.java:2039)
        at java.util.concurrent.ScheduledThreadPoolExecutor$DelayedWorkQueue.take(ScheduledThreadPoolExecutor.java:1088)
        at java.util.concurrent.ScheduledThreadPoolExecutor$DelayedWorkQueue.take(ScheduledThreadPoolExecutor.java:809)
        at java.util.concurrent.ThreadPoolExecutor.getTask(ThreadPoolExecutor.java:1074)
        at java.util.concurrent.ThreadPoolExecutor.runWorker(ThreadPoolExecutor.java:1134)
        at java.util.concurrent.ThreadPoolExecutor$Worker.run(ThreadPoolExecutor.java:624)
        at java.lang.Thread.run(Thread.java:748)
"pool-107-thread-1"  prio=5 tid=1107 in Object.wait()
java.lang.Thread.State: WAITING (on object monitor)
        at sun.misc.Unsafe.park(Native Method)
        at java.util.concurrent.locks.LockSupport.park(LockSupport.java:175)
        at java.util.concurrent.locks.AbstractQueuedSynchronizer$ConditionObject.await(AbstractQueuedSynchronizer.java:2039)
        at java.util.concurrent.LinkedBlockingQueue.take(LinkedBlockingQueue.java:442)
        at java.util.concurrent.ThreadPoolExecutor.getTask(ThreadPoolExecutor.java:1074)
        at java.util.concurrent.ThreadPoolExecutor.runWorker(ThreadPoolExecutor.java:1134)
        at java.util.concurrent.ThreadPoolExecutor$Worker.run(ThreadPoolExecutor.java:624)
        at java.lang.Thread.run(Thread.java:748)
"37bd8e8c-ea68-4b1c-8659-8d001c4f3b5c@group-A9EE991D717F-StateMachineUpdater" daemon prio=5 tid=1183 in Object.wait()
java.lang.Thread.State: WAITING (on object monitor)
        at java.lang.Object.wait(Native Method)
        at java.lang.Object.wait(Object.java:502)
        at org.apache.ratis.server.impl.StateMachineUpdater.waitForCommit(StateMachineUpdater.java:194)
        at org.apache.ratis.server.impl.StateMachineUpdater.run(StateMachineUpdater.java:159)
        at java.lang.Thread.run(Thread.java:748)
"IPC Server handler 4 on 34783" daemon prio=5 tid=981 timed_waiting
java.lang.Thread.State: TIMED_WAITING
        at sun.misc.Unsafe.park(Native Method)
        at java.util.concurrent.locks.LockSupport.parkNanos(LockSupport.java:215)
        at java.util.concurrent.locks.AbstractQueuedSynchronizer$ConditionObject.awaitNanos(AbstractQueuedSynchronizer.java:2078)
        at java.util.concurrent.LinkedBlockingQueue.poll(LinkedBlockingQueue.java:467)
        at org.apache.hadoop.ipc.CallQueueManager.take(CallQueueManager.java:288)
        at org.apache.hadoop.ipc.Server$Handler.run(Server.java:2668)
"BlockDeletingService#1" daemon prio=5 tid=1432 in Object.wait()
java.lang.Thread.State: WAITING (on object monitor)
        at sun.misc.Unsafe.park(Native Method)
        at java.util.concurrent.locks.LockSupport.park(LockSupport.java:175)
        at java.util.concurrent.locks.AbstractQueuedSynchronizer$ConditionObject.await(AbstractQueuedSynchronizer.java:2039)
        at java.util.concurrent.ScheduledThreadPoolExecutor$DelayedWorkQueue.take(ScheduledThreadPoolExecutor.java:1088)
        at java.util.concurrent.ScheduledThreadPoolExecutor$DelayedWorkQueue.take(ScheduledThreadPoolExecutor.java:809)
        at java.util.concurrent.ThreadPoolExecutor.getTask(ThreadPoolExecutor.java:1074)
        at java.util.concurrent.ThreadPoolExecutor.runWorker(ThreadPoolExecutor.java:1134)
        at java.util.concurrent.ThreadPoolExecutor$Worker.run(ThreadPoolExecutor.java:624)
        at java.lang.Thread.run(Thread.java:748)
"pool-116-thread-52"  prio=5 tid=1246 in Object.wait()
java.lang.Thread.State: WAITING (on object monitor)
        at sun.misc.Unsafe.park(Native Method)
        at java.util.concurrent.locks.LockSupport.park(LockSupport.java:175)
        at java.util.concurrent.locks.AbstractQueuedSynchronizer$ConditionObject.await(AbstractQueuedSynchronizer.java:2039)
        at java.util.concurrent.ArrayBlockingQueue.take(ArrayBlockingQueue.java:403)
        at java.util.concurrent.ThreadPoolExecutor.getTask(ThreadPoolExecutor.java:1074)
        at java.util.concurrent.ThreadPoolExecutor.runWorker(ThreadPoolExecutor.java:1134)
        at java.util.concurrent.ThreadPoolExecutor$Worker.run(ThreadPoolExecutor.java:624)
        at java.lang.Thread.run(Thread.java:748)
"pool-116-thread-36"  prio=5 tid=1230 in Object.wait()
java.lang.Thread.State: WAITING (on object monitor)
        at sun.misc.Unsafe.park(Native Method)
        at java.util.concurrent.locks.LockSupport.park(LockSupport.java:175)
        at java.util.concurrent.locks.AbstractQueuedSynchronizer$ConditionObject.await(AbstractQueuedSynchronizer.java:2039)
        at java.util.concurrent.ArrayBlockingQueue.take(ArrayBlockingQueue.java:403)
        at java.util.concurrent.ThreadPoolExecutor.getTask(ThreadPoolExecutor.java:1074)
        at java.util.concurrent.ThreadPoolExecutor.runWorker(ThreadPoolExecutor.java:1134)
        at java.util.concurrent.ThreadPoolExecutor$Worker.run(ThreadPoolExecutor.java:624)
        at java.lang.Thread.run(Thread.java:748)
"pool-126-thread-6"  prio=5 tid=1276 in Object.wait()
java.lang.Thread.State: WAITING (on object monitor)
        at sun.misc.Unsafe.park(Native Method)
        at java.util.concurrent.locks.LockSupport.park(LockSupport.java:175)
        at java.util.concurrent.locks.AbstractQueuedSynchronizer$ConditionObject.await(AbstractQueuedSynchronizer.java:2039)
        at java.util.concurrent.ArrayBlockingQueue.take(ArrayBlockingQueue.java:403)
        at java.util.concurrent.ThreadPoolExecutor.getTask(ThreadPoolExecutor.java:1074)
        at java.util.concurrent.ThreadPoolExecutor.runWorker(ThreadPoolExecutor.java:1134)
        at java.util.concurrent.ThreadPoolExecutor$Worker.run(ThreadPoolExecutor.java:624)
        at java.lang.Thread.run(Thread.java:748)
"pool-116-thread-29"  prio=5 tid=1223 in Object.wait()
java.lang.Thread.State: WAITING (on object monitor)
        at sun.misc.Unsafe.park(Native Method)
        at java.util.concurrent.locks.LockSupport.park(LockSupport.java:175)
        at java.util.concurrent.locks.AbstractQueuedSynchronizer$ConditionObject.await(AbstractQueuedSynchronizer.java:2039)
        at java.util.concurrent.ArrayBlockingQueue.take(ArrayBlockingQueue.java:403)
        at java.util.concurrent.ThreadPoolExecutor.getTask(ThreadPoolExecutor.java:1074)
        at java.util.concurrent.ThreadPoolExecutor.runWorker(ThreadPoolExecutor.java:1134)
        at java.util.concurrent.ThreadPoolExecutor$Worker.run(ThreadPoolExecutor.java:624)
        at java.lang.Thread.run(Thread.java:748)
"Datanode ReportManager Thread - 0" daemon prio=5 tid=306 in Object.wait()
java.lang.Thread.State: WAITING (on object monitor)
        at sun.misc.Unsafe.park(Native Method)
        at java.util.concurrent.locks.LockSupport.park(LockSupport.java:175)
        at java.util.concurrent.locks.AbstractQueuedSynchronizer$ConditionObject.await(AbstractQueuedSynchronizer.java:2039)
        at java.util.concurrent.ScheduledThreadPoolExecutor$DelayedWorkQueue.take(ScheduledThreadPoolExecutor.java:1088)
        at java.util.concurrent.ScheduledThreadPoolExecutor$DelayedWorkQueue.take(ScheduledThreadPoolExecutor.java:809)
        at java.util.concurrent.ThreadPoolExecutor.getTask(ThreadPoolExecutor.java:1074)
        at java.util.concurrent.ThreadPoolExecutor.runWorker(ThreadPoolExecutor.java:1134)
        at java.util.concurrent.ThreadPoolExecutor$Worker.run(ThreadPoolExecutor.java:624)
        at java.lang.Thread.run(Thread.java:748)
"Datanode ReportManager Thread - 2" daemon prio=5 tid=281 in Object.wait()
java.lang.Thread.State: WAITING (on object monitor)
        at sun.misc.Unsafe.park(Native Method)
        at java.util.concurrent.locks.LockSupport.park(LockSupport.java:175)
        at java.util.concurrent.locks.AbstractQueuedSynchronizer$ConditionObject.await(AbstractQueuedSynchronizer.java:2039)
        at java.util.concurrent.ScheduledThreadPoolExecutor$DelayedWorkQueue.take(ScheduledThreadPoolExecutor.java:1088)
        at java.util.concurrent.ScheduledThreadPoolExecutor$DelayedWorkQueue.take(ScheduledThreadPoolExecutor.java:809)
        at java.util.concurrent.ThreadPoolExecutor.getTask(ThreadPoolExecutor.java:1074)
        at java.util.concurrent.ThreadPoolExecutor.runWorker(ThreadPoolExecutor.java:1134)
        at java.util.concurrent.ThreadPoolExecutor$Worker.run(ThreadPoolExecutor.java:624)
        at java.lang.Thread.run(Thread.java:748)
"pool-117-thread-1"  prio=5 tid=1136 in Object.wait()
java.lang.Thread.State: WAITING (on object monitor)
        at sun.misc.Unsafe.park(Native Method)
        at java.util.concurrent.locks.LockSupport.park(LockSupport.java:175)
        at java.util.concurrent.locks.AbstractQueuedSynchronizer$ConditionObject.await(AbstractQueuedSynchronizer.java:2039)
        at java.util.concurrent.LinkedBlockingQueue.take(LinkedBlockingQueue.java:442)
        at java.util.concurrent.ThreadPoolExecutor.getTask(ThreadPoolExecutor.java:1074)
        at java.util.concurrent.ThreadPoolExecutor.runWorker(ThreadPoolExecutor.java:1134)
        at java.util.concurrent.ThreadPoolExecutor$Worker.run(ThreadPoolExecutor.java:624)
        at java.lang.Thread.run(Thread.java:748)
"EventQueue-NodeRegistrationContainerReportForContainerSafeModeRule" daemon prio=5 tid=1267 in Object.wait()
java.lang.Thread.State: WAITING (on object monitor)
        at sun.misc.Unsafe.park(Native Method)
        at java.util.concurrent.locks.LockSupport.park(LockSupport.java:175)
        at java.util.concurrent.locks.AbstractQueuedSynchronizer$ConditionObject.await(AbstractQueuedSynchronizer.java:2039)
        at java.util.concurrent.LinkedBlockingQueue.take(LinkedBlockingQueue.java:442)
        at java.util.concurrent.ThreadPoolExecutor.getTask(ThreadPoolExecutor.java:1074)
        at java.util.concurrent.ThreadPoolExecutor.runWorker(ThreadPoolExecutor.java:1134)
        at java.util.concurrent.ThreadPoolExecutor$Worker.run(ThreadPoolExecutor.java:624)
        at java.lang.Thread.run(Thread.java:748)
"pool-116-thread-22"  prio=5 tid=1216 in Object.wait()
java.lang.Thread.State: WAITING (on object monitor)
        at sun.misc.Unsafe.park(Native Method)
        at java.util.concurrent.locks.LockSupport.park(LockSupport.java:175)
        at java.util.concurrent.locks.AbstractQueuedSynchronizer$ConditionObject.await(AbstractQueuedSynchronizer.java:2039)
        at java.util.concurrent.ArrayBlockingQueue.take(ArrayBlockingQueue.java:403)
        at java.util.concurrent.ThreadPoolExecutor.getTask(ThreadPoolExecutor.java:1074)
        at java.util.concurrent.ThreadPoolExecutor.runWorker(ThreadPoolExecutor.java:1134)
        at java.util.concurrent.ThreadPoolExecutor$Worker.run(ThreadPoolExecutor.java:624)
        at java.lang.Thread.run(Thread.java:748)
"metrics-hadoop-metrics2-reporter-55-thread-1" daemon prio=5 tid=1361 timed_waiting
java.lang.Thread.State: TIMED_WAITING
        at sun.misc.Unsafe.park(Native Method)
        at java.util.concurrent.locks.LockSupport.parkNanos(LockSupport.java:215)
        at java.util.concurrent.locks.AbstractQueuedSynchronizer$ConditionObject.awaitNanos(AbstractQueuedSynchronizer.java:2078)
        at java.util.concurrent.ScheduledThreadPoolExecutor$DelayedWorkQueue.take(ScheduledThreadPoolExecutor.java:1093)
        at java.util.concurrent.ScheduledThreadPoolExecutor$DelayedWorkQueue.take(ScheduledThreadPoolExecutor.java:809)
        at java.util.concurrent.ThreadPoolExecutor.getTask(ThreadPoolExecutor.java:1074)
        at java.util.concurrent.ThreadPoolExecutor.runWorker(ThreadPoolExecutor.java:1134)
        at java.util.concurrent.ThreadPoolExecutor$Worker.run(ThreadPoolExecutor.java:624)
        at java.lang.Thread.run(Thread.java:748)
"IPC Server handler 10 on 44367" daemon prio=5 tid=1076 timed_waiting
java.lang.Thread.State: TIMED_WAITING
        at sun.misc.Unsafe.park(Native Method)
        at java.util.concurrent.locks.LockSupport.parkNanos(LockSupport.java:215)
        at java.util.concurrent.locks.AbstractQueuedSynchronizer$ConditionObject.awaitNanos(AbstractQueuedSynchronizer.java:2078)
        at java.util.concurrent.LinkedBlockingQueue.poll(LinkedBlockingQueue.java:467)
        at org.apache.hadoop.ipc.CallQueueManager.take(CallQueueManager.java:288)
        at org.apache.hadoop.ipc.Server$Handler.run(Server.java:2668)
"pool-106-thread-4"  prio=5 tid=1372 in Object.wait()
java.lang.Thread.State: WAITING (on object monitor)
        at sun.misc.Unsafe.park(Native Method)
        at java.util.concurrent.locks.LockSupport.park(LockSupport.java:175)
        at java.util.concurrent.locks.AbstractQueuedSynchronizer$ConditionObject.await(AbstractQueuedSynchronizer.java:2039)
        at java.util.concurrent.ArrayBlockingQueue.take(ArrayBlockingQueue.java:403)
        at java.util.concurrent.ThreadPoolExecutor.getTask(ThreadPoolExecutor.java:1074)
        at java.util.concurrent.ThreadPoolExecutor.runWorker(ThreadPoolExecutor.java:1134)
        at java.util.concurrent.ThreadPoolExecutor$Worker.run(ThreadPoolExecutor.java:624)
        at java.lang.Thread.run(Thread.java:748)
"qtp995381766-1001" daemon prio=5 tid=1001 timed_waiting
java.lang.Thread.State: TIMED_WAITING
        at sun.misc.Unsafe.park(Native Method)
        at java.util.concurrent.locks.LockSupport.parkNanos(LockSupport.java:215)
        at java.util.concurrent.locks.AbstractQueuedSynchronizer$ConditionObject.awaitNanos(AbstractQueuedSynchronizer.java:2078)
        at org.eclipse.jetty.util.BlockingArrayQueue.poll(BlockingArrayQueue.java:392)
        at org.eclipse.jetty.util.thread.QueuedThreadPool.idleJobPoll(QueuedThreadPool.java:563)
        at org.eclipse.jetty.util.thread.QueuedThreadPool.access$800(QueuedThreadPool.java:48)
        at org.eclipse.jetty.util.thread.QueuedThreadPool$2.run(QueuedThreadPool.java:626)
        at java.lang.Thread.run(Thread.java:748)
"pool-126-thread-32"  prio=5 tid=1302 in Object.wait()
java.lang.Thread.State: WAITING (on object monitor)
        at sun.misc.Unsafe.park(Native Method)
        at java.util.concurrent.locks.LockSupport.park(LockSupport.java:175)
        at java.util.concurrent.locks.AbstractQueuedSynchronizer$ConditionObject.await(AbstractQueuedSynchronizer.java:2039)
        at java.util.concurrent.ArrayBlockingQueue.take(ArrayBlockingQueue.java:403)
        at java.util.concurrent.ThreadPoolExecutor.getTask(ThreadPoolExecutor.java:1074)
        at java.util.concurrent.ThreadPoolExecutor.runWorker(ThreadPoolExecutor.java:1134)
        at java.util.concurrent.ThreadPoolExecutor$Worker.run(ThreadPoolExecutor.java:624)
        at java.lang.Thread.run(Thread.java:748)
"BlockDeletingService#1" daemon prio=5 tid=1334 in Object.wait()
java.lang.Thread.State: WAITING (on object monitor)
        at sun.misc.Unsafe.park(Native Method)
        at java.util.concurrent.locks.LockSupport.park(LockSupport.java:175)
        at java.util.concurrent.locks.AbstractQueuedSynchronizer$ConditionObject.await(AbstractQueuedSynchronizer.java:2039)
        at java.util.concurrent.ScheduledThreadPoolExecutor$DelayedWorkQueue.take(ScheduledThreadPoolExecutor.java:1088)
        at java.util.concurrent.ScheduledThreadPoolExecutor$DelayedWorkQueue.take(ScheduledThreadPoolExecutor.java:809)
        at java.util.concurrent.ThreadPoolExecutor.getTask(ThreadPoolExecutor.java:1074)
        at java.util.concurrent.ThreadPoolExecutor.runWorker(ThreadPoolExecutor.java:1134)
        at java.util.concurrent.ThreadPoolExecutor$Worker.run(ThreadPoolExecutor.java:624)
        at java.lang.Thread.run(Thread.java:748)
"pool-106-thread-46"  prio=5 tid=1414 in Object.wait()
java.lang.Thread.State: WAITING (on object monitor)
        at sun.misc.Unsafe.park(Native Method)
        at java.util.concurrent.locks.LockSupport.park(LockSupport.java:175)
        at java.util.concurrent.locks.AbstractQueuedSynchronizer$ConditionObject.await(AbstractQueuedSynchronizer.java:2039)
        at java.util.concurrent.ArrayBlockingQueue.take(ArrayBlockingQueue.java:403)
        at java.util.concurrent.ThreadPoolExecutor.getTask(ThreadPoolExecutor.java:1074)
        at java.util.concurrent.ThreadPoolExecutor.runWorker(ThreadPoolExecutor.java:1134)
        at java.util.concurrent.ThreadPoolExecutor$Worker.run(ThreadPoolExecutor.java:624)
        at java.lang.Thread.run(Thread.java:748)
"metrics-hadoop-metrics2-reporter-24-thread-1" daemon prio=5 tid=760 timed_waiting
java.lang.Thread.State: TIMED_WAITING
        at sun.misc.Unsafe.park(Native Method)
        at java.util.concurrent.locks.LockSupport.parkNanos(LockSupport.java:215)
        at java.util.concurrent.locks.AbstractQueuedSynchronizer$ConditionObject.awaitNanos(AbstractQueuedSynchronizer.java:2078)
        at java.util.concurrent.ScheduledThreadPoolExecutor$DelayedWorkQueue.take(ScheduledThreadPoolExecutor.java:1093)
        at java.util.concurrent.ScheduledThreadPoolExecutor$DelayedWorkQueue.take(ScheduledThreadPoolExecutor.java:809)
        at java.util.concurrent.ThreadPoolExecutor.getTask(ThreadPoolExecutor.java:1074)
        at java.util.concurrent.ThreadPoolExecutor.runWorker(ThreadPoolExecutor.java:1134)
        at java.util.concurrent.ThreadPoolExecutor$Worker.run(ThreadPoolExecutor.java:624)
        at java.lang.Thread.run(Thread.java:748)
"24020d0b-ce61-4f5a-b0b0-c561541e8cd4@group-FEB16DB33BA8-StateMachineUpdater" daemon prio=5 tid=1181 in Object.wait()
java.lang.Thread.State: WAITING (on object monitor)
        at java.lang.Object.wait(Native Method)
        at java.lang.Object.wait(Object.java:502)
        at org.apache.ratis.server.impl.StateMachineUpdater.waitForCommit(StateMachineUpdater.java:194)
        at org.apache.ratis.server.impl.StateMachineUpdater.run(StateMachineUpdater.java:159)
        at java.lang.Thread.run(Thread.java:748)
"pool-106-thread-45"  prio=5 tid=1413 in Object.wait()
java.lang.Thread.State: WAITING (on object monitor)
        at sun.misc.Unsafe.park(Native Method)
        at java.util.concurrent.locks.LockSupport.park(LockSupport.java:175)
        at java.util.concurrent.locks.AbstractQueuedSynchronizer$ConditionObject.await(AbstractQueuedSynchronizer.java:2039)
        at java.util.concurrent.ArrayBlockingQueue.take(ArrayBlockingQueue.java:403)
        at java.util.concurrent.ThreadPoolExecutor.getTask(ThreadPoolExecutor.java:1074)
        at java.util.concurrent.ThreadPoolExecutor.runWorker(ThreadPoolExecutor.java:1134)
        at java.util.concurrent.ThreadPoolExecutor$Worker.run(ThreadPoolExecutor.java:624)
        at java.lang.Thread.run(Thread.java:748)
"pool-106-thread-30"  prio=5 tid=1398 in Object.wait()
java.lang.Thread.State: WAITING (on object monitor)
        at sun.misc.Unsafe.park(Native Method)
        at java.util.concurrent.locks.LockSupport.park(LockSupport.java:175)
        at java.util.concurrent.locks.AbstractQueuedSynchronizer$ConditionObject.await(AbstractQueuedSynchronizer.java:2039)
        at java.util.concurrent.ArrayBlockingQueue.take(ArrayBlockingQueue.java:403)
        at java.util.concurrent.ThreadPoolExecutor.getTask(ThreadPoolExecutor.java:1074)
        at java.util.concurrent.ThreadPoolExecutor.runWorker(ThreadPoolExecutor.java:1134)
        at java.util.concurrent.ThreadPoolExecutor$Worker.run(ThreadPoolExecutor.java:624)
        at java.lang.Thread.run(Thread.java:748)
"pool-106-thread-10"  prio=5 tid=1378 in Object.wait()
java.lang.Thread.State: WAITING (on object monitor)
        at sun.misc.Unsafe.park(Native Method)
        at java.util.concurrent.locks.LockSupport.park(LockSupport.java:175)
        at java.util.concurrent.locks.AbstractQueuedSynchronizer$ConditionObject.await(AbstractQueuedSynchronizer.java:2039)
        at java.util.concurrent.ArrayBlockingQueue.take(ArrayBlockingQueue.java:403)
        at java.util.concurrent.ThreadPoolExecutor.getTask(ThreadPoolExecutor.java:1074)
        at java.util.concurrent.ThreadPoolExecutor.runWorker(ThreadPoolExecutor.java:1134)
        at java.util.concurrent.ThreadPoolExecutor$Worker.run(ThreadPoolExecutor.java:624)
        at java.lang.Thread.run(Thread.java:748)
"Command processor thread" daemon prio=5 tid=1126 timed_waiting
java.lang.Thread.State: TIMED_WAITING
        at java.lang.Thread.sleep(Native Method)
        at org.apache.hadoop.ozone.container.common.statemachine.DatanodeStateMachine.lambda$initCommandHandlerThread$1(DatanodeStateMachine.java:439)
        at org.apache.hadoop.ozone.container.common.statemachine.DatanodeStateMachine$$Lambda$142/994213108.run(Unknown Source)
        at java.lang.Thread.run(Thread.java:748)
"Datanode ReportManager Thread - 0" daemon prio=5 tid=252 in Object.wait()
java.lang.Thread.State: WAITING (on object monitor)
        at sun.misc.Unsafe.park(Native Method)
        at java.util.concurrent.locks.LockSupport.park(LockSupport.java:175)
        at java.util.concurrent.locks.AbstractQueuedSynchronizer$ConditionObject.await(AbstractQueuedSynchronizer.java:2039)
        at java.util.concurrent.ScheduledThreadPoolExecutor$DelayedWorkQueue.take(ScheduledThreadPoolExecutor.java:1088)
        at java.util.concurrent.ScheduledThreadPoolExecutor$DelayedWorkQueue.take(ScheduledThreadPoolExecutor.java:809)
        at java.util.concurrent.ThreadPoolExecutor.getTask(ThreadPoolExecutor.java:1074)
        at java.util.concurrent.ThreadPoolExecutor.runWorker(ThreadPoolExecutor.java:1134)
        at java.util.concurrent.ThreadPoolExecutor$Worker.run(ThreadPoolExecutor.java:624)
        at java.lang.Thread.run(Thread.java:748)
"pool-106-thread-18"  prio=5 tid=1386 in Object.wait()
java.lang.Thread.State: WAITING (on object monitor)
        at sun.misc.Unsafe.park(Native Method)
        at java.util.concurrent.locks.LockSupport.park(LockSupport.java:175)
        at java.util.concurrent.locks.AbstractQueuedSynchronizer$ConditionObject.await(AbstractQueuedSynchronizer.java:2039)
        at java.util.concurrent.ArrayBlockingQueue.take(ArrayBlockingQueue.java:403)
        at java.util.concurrent.ThreadPoolExecutor.getTask(ThreadPoolExecutor.java:1074)
        at java.util.concurrent.ThreadPoolExecutor.runWorker(ThreadPoolExecutor.java:1134)
        at java.util.concurrent.ThreadPoolExecutor$Worker.run(ThreadPoolExecutor.java:624)
        at java.lang.Thread.run(Thread.java:748)
"IPC Server handler 2 on 41574" daemon prio=5 tid=1048 timed_waiting
java.lang.Thread.State: TIMED_WAITING
        at sun.misc.Unsafe.park(Native Method)
        at java.util.concurrent.locks.LockSupport.parkNanos(LockSupport.java:215)
        at java.util.concurrent.locks.AbstractQueuedSynchronizer$ConditionObject.awaitNanos(AbstractQueuedSynchronizer.java:2078)
        at java.util.concurrent.LinkedBlockingQueue.poll(LinkedBlockingQueue.java:467)
        at org.apache.hadoop.ipc.CallQueueManager.take(CallQueueManager.java:288)
        at org.apache.hadoop.ipc.Server$Handler.run(Server.java:2668)
"org.eclipse.jetty.server.session.HashSessionManager@53abfc07Timer" daemon prio=5 tid=1117 timed_waiting
java.lang.Thread.State: TIMED_WAITING
        at sun.misc.Unsafe.park(Native Method)
        at java.util.concurrent.locks.LockSupport.parkNanos(LockSupport.java:215)
        at java.util.concurrent.locks.AbstractQueuedSynchronizer$ConditionObject.awaitNanos(AbstractQueuedSynchronizer.java:2078)
        at java.util.concurrent.ScheduledThreadPoolExecutor$DelayedWorkQueue.take(ScheduledThreadPoolExecutor.java:1093)
        at java.util.concurrent.ScheduledThreadPoolExecutor$DelayedWorkQueue.take(ScheduledThreadPoolExecutor.java:809)
        at java.util.concurrent.ThreadPoolExecutor.getTask(ThreadPoolExecutor.java:1074)
        at java.util.concurrent.ThreadPoolExecutor.runWorker(ThreadPoolExecutor.java:1134)
        at java.util.concurrent.ThreadPoolExecutor$Worker.run(ThreadPoolExecutor.java:624)
        at java.lang.Thread.run(Thread.java:748)
"java.util.concurrent.ThreadPoolExecutor$Worker@2c91ba42[State = -1, empty queue]" daemon prio=5 tid=1365 timed_waiting
java.lang.Thread.State: TIMED_WAITING
        at sun.misc.Unsafe.park(Native Method)
        at java.util.concurrent.locks.LockSupport.parkNanos(LockSupport.java:215)
        at java.util.concurrent.locks.AbstractQueuedSynchronizer$ConditionObject.awaitNanos(AbstractQueuedSynchronizer.java:2078)
        at java.util.concurrent.ScheduledThreadPoolExecutor$DelayedWorkQueue.take(ScheduledThreadPoolExecutor.java:1093)
        at java.util.concurrent.ScheduledThreadPoolExecutor$DelayedWorkQueue.take(ScheduledThreadPoolExecutor.java:809)
        at java.util.concurrent.ThreadPoolExecutor.getTask(ThreadPoolExecutor.java:1074)
        at java.util.concurrent.ThreadPoolExecutor.runWorker(ThreadPoolExecutor.java:1134)
        at java.util.concurrent.ThreadPoolExecutor$Worker.run(ThreadPoolExecutor.java:624)
        at java.lang.Thread.run(Thread.java:748)
"pool-116-thread-50"  prio=5 tid=1244 in Object.wait()
java.lang.Thread.State: WAITING (on object monitor)
        at sun.misc.Unsafe.park(Native Method)
        at java.util.concurrent.locks.LockSupport.park(LockSupport.java:175)
        at java.util.concurrent.locks.AbstractQueuedSynchronizer$ConditionObject.await(AbstractQueuedSynchronizer.java:2039)
        at java.util.concurrent.ArrayBlockingQueue.take(ArrayBlockingQueue.java:403)
        at java.util.concurrent.ThreadPoolExecutor.getTask(ThreadPoolExecutor.java:1074)
        at java.util.concurrent.ThreadPoolExecutor.runWorker(ThreadPoolExecutor.java:1134)
        at java.util.concurrent.ThreadPoolExecutor$Worker.run(ThreadPoolExecutor.java:624)
        at java.lang.Thread.run(Thread.java:748)
"SCMBlockDeletingService#1" daemon prio=5 tid=1099 timed_waiting
java.lang.Thread.State: TIMED_WAITING
        at sun.misc.Unsafe.park(Native Method)
        at java.util.concurrent.locks.LockSupport.parkNanos(LockSupport.java:215)
        at java.util.concurrent.locks.AbstractQueuedSynchronizer$ConditionObject.awaitNanos(AbstractQueuedSynchronizer.java:2078)
        at java.util.concurrent.ScheduledThreadPoolExecutor$DelayedWorkQueue.take(ScheduledThreadPoolExecutor.java:1093)
        at java.util.concurrent.ScheduledThreadPoolExecutor$DelayedWorkQueue.take(ScheduledThreadPoolExecutor.java:809)
        at java.util.concurrent.ThreadPoolExecutor.getTask(ThreadPoolExecutor.java:1074)
        at java.util.concurrent.ThreadPoolExecutor.runWorker(ThreadPoolExecutor.java:1134)
        at java.util.concurrent.ThreadPoolExecutor$Worker.run(ThreadPoolExecutor.java:624)
        at java.lang.Thread.run(Thread.java:748)
"pool-126-thread-37"  prio=5 tid=1307 in Object.wait()
java.lang.Thread.State: WAITING (on object monitor)
        at sun.misc.Unsafe.park(Native Method)
        at java.util.concurrent.locks.LockSupport.park(LockSupport.java:175)
        at java.util.concurrent.locks.AbstractQueuedSynchronizer$ConditionObject.await(AbstractQueuedSynchronizer.java:2039)
        at java.util.concurrent.ArrayBlockingQueue.take(ArrayBlockingQueue.java:403)
        at java.util.concurrent.ThreadPoolExecutor.getTask(ThreadPoolExecutor.java:1074)
        at java.util.concurrent.ThreadPoolExecutor.runWorker(ThreadPoolExecutor.java:1134)
        at java.util.concurrent.ThreadPoolExecutor$Worker.run(ThreadPoolExecutor.java:624)
        at java.lang.Thread.run(Thread.java:748)
"qtp818010696-1171-acceptor-0@bedc4bc-ServerConnector@7ff8a9dc{HTTP/1.1,[http/1.1]}{0.0.0.0:34051}" daemon prio=3 tid=1171 runnable
java.lang.Thread.State: RUNNABLE
        at sun.nio.ch.ServerSocketChannelImpl.accept0(Native Method)
        at sun.nio.ch.ServerSocketChannelImpl.accept(ServerSocketChannelImpl.java:422)
        at sun.nio.ch.ServerSocketChannelImpl.accept(ServerSocketChannelImpl.java:250)
        at org.eclipse.jetty.server.ServerConnector.accept(ServerConnector.java:397)
        at org.eclipse.jetty.server.AbstractConnector$Acceptor.run(AbstractConnector.java:601)
        at org.eclipse.jetty.util.thread.QueuedThreadPool.runJob(QueuedThreadPool.java:671)
        at org.eclipse.jetty.util.thread.QueuedThreadPool$2.run(QueuedThreadPool.java:589)
        at java.lang.Thread.run(Thread.java:748)
"qtp995381766-998" daemon prio=5 tid=998 runnable
java.lang.Thread.State: RUNNABLE
        at sun.nio.ch.EPollArrayWrapper.epollWait(Native Method)
        at sun.nio.ch.EPollArrayWrapper.poll(EPollArrayWrapper.java:269)
        at sun.nio.ch.EPollSelectorImpl.doSelect(EPollSelectorImpl.java:93)
        at sun.nio.ch.SelectorImpl.lockAndDoSelect(SelectorImpl.java:86)
        at sun.nio.ch.SelectorImpl.select(SelectorImpl.java:97)
        at sun.nio.ch.SelectorImpl.select(SelectorImpl.java:101)
        at org.eclipse.jetty.io.ManagedSelector$SelectorProducer.select(ManagedSelector.java:243)
        at org.eclipse.jetty.io.ManagedSelector$SelectorProducer.produce(ManagedSelector.java:191)
        at org.eclipse.jetty.util.thread.strategy.ExecuteProduceConsume.executeProduceConsume(ExecuteProduceConsume.java:249)
        at org.eclipse.jetty.util.thread.strategy.ExecuteProduceConsume.produceConsume(ExecuteProduceConsume.java:148)
        at org.eclipse.jetty.util.thread.strategy.ExecuteProduceConsume.execute(ExecuteProduceConsume.java:100)
        at org.eclipse.jetty.io.ManagedSelector.run(ManagedSelector.java:147)
        at org.eclipse.jetty.util.thread.QueuedThreadPool.runJob(QueuedThreadPool.java:671)
        at org.eclipse.jetty.util.thread.QueuedThreadPool$2.run(QueuedThreadPool.java:589)
        at java.lang.Thread.run(Thread.java:748)
"metrics-hadoop-metrics2-reporter-31-thread-1" daemon prio=5 tid=784 timed_waiting
java.lang.Thread.State: TIMED_WAITING
        at sun.misc.Unsafe.park(Native Method)
        at java.util.concurrent.locks.LockSupport.parkNanos(LockSupport.java:215)
        at java.util.concurrent.locks.AbstractQueuedSynchronizer$ConditionObject.awaitNanos(AbstractQueuedSynchronizer.java:2078)
        at java.util.concurrent.ScheduledThreadPoolExecutor$DelayedWorkQueue.take(ScheduledThreadPoolExecutor.java:1093)
        at java.util.concurrent.ScheduledThreadPoolExecutor$DelayedWorkQueue.take(ScheduledThreadPoolExecutor.java:809)
        at java.util.concurrent.ThreadPoolExecutor.getTask(ThreadPoolExecutor.java:1074)
        at java.util.concurrent.ThreadPoolExecutor.runWorker(ThreadPoolExecutor.java:1134)
        at java.util.concurrent.ThreadPoolExecutor$Worker.run(ThreadPoolExecutor.java:624)
        at java.lang.Thread.run(Thread.java:748)
"org.eclipse.jetty.server.session.HashSessionManager@2dc3271bTimer" daemon prio=5 tid=1006 timed_waiting
java.lang.Thread.State: TIMED_WAITING
        at sun.misc.Unsafe.park(Native Method)
        at java.util.concurrent.locks.LockSupport.parkNanos(LockSupport.java:215)
        at java.util.concurrent.locks.AbstractQueuedSynchronizer$ConditionObject.awaitNanos(AbstractQueuedSynchronizer.java:2078)
        at java.util.concurrent.ScheduledThreadPoolExecutor$DelayedWorkQueue.take(ScheduledThreadPoolExecutor.java:1093)
        at java.util.concurrent.ScheduledThreadPoolExecutor$DelayedWorkQueue.take(ScheduledThreadPoolExecutor.java:809)
        at java.util.concurrent.ThreadPoolExecutor.getTask(ThreadPoolExecutor.java:1074)
        at java.util.concurrent.ThreadPoolExecutor.runWorker(ThreadPoolExecutor.java:1134)
        at java.util.concurrent.ThreadPoolExecutor$Worker.run(ThreadPoolExecutor.java:624)
        at java.lang.Thread.run(Thread.java:748)
"IPC Server handler 8 on 41574" daemon prio=5 tid=1054 timed_waiting
java.lang.Thread.State: TIMED_WAITING
        at sun.misc.Unsafe.park(Native Method)
        at java.util.concurrent.locks.LockSupport.parkNanos(LockSupport.java:215)
        at java.util.concurrent.locks.AbstractQueuedSynchronizer$ConditionObject.awaitNanos(AbstractQueuedSynchronizer.java:2078)
        at java.util.concurrent.LinkedBlockingQueue.poll(LinkedBlockingQueue.java:467)
        at org.apache.hadoop.ipc.CallQueueManager.take(CallQueueManager.java:288)
        at org.apache.hadoop.ipc.Server$Handler.run(Server.java:2668)
"org.eclipse.jetty.server.session.HashSessionManager@79c5460eTimer" daemon prio=5 tid=1182 timed_waiting
java.lang.Thread.State: TIMED_WAITING
        at sun.misc.Unsafe.park(Native Method)
        at java.util.concurrent.locks.LockSupport.parkNanos(LockSupport.java:215)
        at java.util.concurrent.locks.AbstractQueuedSynchronizer$ConditionObject.awaitNanos(AbstractQueuedSynchronizer.java:2078)
        at java.util.concurrent.ScheduledThreadPoolExecutor$DelayedWorkQueue.take(ScheduledThreadPoolExecutor.java:1093)
        at java.util.concurrent.ScheduledThreadPoolExecutor$DelayedWorkQueue.take(ScheduledThreadPoolExecutor.java:809)
        at java.util.concurrent.ThreadPoolExecutor.getTask(ThreadPoolExecutor.java:1074)
        at java.util.concurrent.ThreadPoolExecutor.runWorker(ThreadPoolExecutor.java:1134)
        at java.util.concurrent.ThreadPoolExecutor$Worker.run(ThreadPoolExecutor.java:624)
        at java.lang.Thread.run(Thread.java:748)
"pool-116-thread-5"  prio=5 tid=1199 in Object.wait()
java.lang.Thread.State: WAITING (on object monitor)
        at sun.misc.Unsafe.park(Native Method)
        at java.util.concurrent.locks.LockSupport.park(LockSupport.java:175)
        at java.util.concurrent.locks.AbstractQueuedSynchronizer$ConditionObject.await(AbstractQueuedSynchronizer.java:2039)
        at java.util.concurrent.ArrayBlockingQueue.take(ArrayBlockingQueue.java:403)
        at java.util.concurrent.ThreadPoolExecutor.getTask(ThreadPoolExecutor.java:1074)
        at java.util.concurrent.ThreadPoolExecutor.runWorker(ThreadPoolExecutor.java:1134)
        at java.util.concurrent.ThreadPoolExecutor$Worker.run(ThreadPoolExecutor.java:624)
        at java.lang.Thread.run(Thread.java:748)
"pool-126-thread-15"  prio=5 tid=1285 in Object.wait()
java.lang.Thread.State: WAITING (on object monitor)
        at sun.misc.Unsafe.park(Native Method)
        at java.util.concurrent.locks.LockSupport.park(LockSupport.java:175)
        at java.util.concurrent.locks.AbstractQueuedSynchronizer$ConditionObject.await(AbstractQueuedSynchronizer.java:2039)
        at java.util.concurrent.ArrayBlockingQueue.take(ArrayBlockingQueue.java:403)
        at java.util.concurrent.ThreadPoolExecutor.getTask(ThreadPoolExecutor.java:1074)
        at java.util.concurrent.ThreadPoolExecutor.runWorker(ThreadPoolExecutor.java:1134)
        at java.util.concurrent.ThreadPoolExecutor$Worker.run(ThreadPoolExecutor.java:624)
        at java.lang.Thread.run(Thread.java:748)
"pool-126-thread-57"  prio=5 tid=1327 in Object.wait()
java.lang.Thread.State: WAITING (on object monitor)
        at sun.misc.Unsafe.park(Native Method)
        at java.util.concurrent.locks.LockSupport.park(LockSupport.java:175)
        at java.util.concurrent.locks.AbstractQueuedSynchronizer$ConditionObject.await(AbstractQueuedSynchronizer.java:2039)
        at java.util.concurrent.ArrayBlockingQueue.take(ArrayBlockingQueue.java:403)
        at java.util.concurrent.ThreadPoolExecutor.getTask(ThreadPoolExecutor.java:1074)
        at java.util.concurrent.ThreadPoolExecutor.runWorker(ThreadPoolExecutor.java:1134)
        at java.util.concurrent.ThreadPoolExecutor$Worker.run(ThreadPoolExecutor.java:624)
        at java.lang.Thread.run(Thread.java:748)
"pool-116-thread-21"  prio=5 tid=1215 in Object.wait()
java.lang.Thread.State: WAITING (on object monitor)
        at sun.misc.Unsafe.park(Native Method)
        at java.util.concurrent.locks.LockSupport.park(LockSupport.java:175)
        at java.util.concurrent.locks.AbstractQueuedSynchronizer$ConditionObject.await(AbstractQueuedSynchronizer.java:2039)
        at java.util.concurrent.ArrayBlockingQueue.take(ArrayBlockingQueue.java:403)
        at java.util.concurrent.ThreadPoolExecutor.getTask(ThreadPoolExecutor.java:1074)
        at java.util.concurrent.ThreadPoolExecutor.runWorker(ThreadPoolExecutor.java:1134)
        at java.util.concurrent.ThreadPoolExecutor$Worker.run(ThreadPoolExecutor.java:624)
        at java.lang.Thread.run(Thread.java:748)
"grpc-default-boss-ELG-4-1" daemon prio=5 tid=1258 runnable
java.lang.Thread.State: RUNNABLE
        at sun.nio.ch.EPollArrayWrapper.epollWait(Native Method)
        at sun.nio.ch.EPollArrayWrapper.poll(EPollArrayWrapper.java:269)
        at sun.nio.ch.EPollSelectorImpl.doSelect(EPollSelectorImpl.java:93)
        at sun.nio.ch.SelectorImpl.lockAndDoSelect(SelectorImpl.java:86)
        at sun.nio.ch.SelectorImpl.select(SelectorImpl.java:97)
        at org.apache.ratis.thirdparty.io.netty.channel.nio.SelectedSelectionKeySetSelector.select(SelectedSelectionKeySetSelector.java:62)
        at org.apache.ratis.thirdparty.io.netty.channel.nio.NioEventLoop.select(NioEventLoop.java:753)
        at org.apache.ratis.thirdparty.io.netty.channel.nio.NioEventLoop.run(NioEventLoop.java:408)
        at org.apache.ratis.thirdparty.io.netty.util.concurrent.SingleThreadEventExecutor$5.run(SingleThreadEventExecutor.java:897)
        at org.apache.ratis.thirdparty.io.netty.util.concurrent.FastThreadLocalRunnable.run(FastThreadLocalRunnable.java:30)
        at java.lang.Thread.run(Thread.java:748)
"pool-116-thread-7"  prio=5 tid=1201 in Object.wait()
java.lang.Thread.State: WAITING (on object monitor)
        at sun.misc.Unsafe.park(Native Method)
        at java.util.concurrent.locks.LockSupport.park(LockSupport.java:175)
        at java.util.concurrent.locks.AbstractQueuedSynchronizer$ConditionObject.await(AbstractQueuedSynchronizer.java:2039)
        at java.util.concurrent.ArrayBlockingQueue.take(ArrayBlockingQueue.java:403)
        at java.util.concurrent.ThreadPoolExecutor.getTask(ThreadPoolExecutor.java:1074)
        at java.util.concurrent.ThreadPoolExecutor.runWorker(ThreadPoolExecutor.java:1134)
        at java.util.concurrent.ThreadPoolExecutor$Worker.run(ThreadPoolExecutor.java:624)
        at java.lang.Thread.run(Thread.java:748)
"IPC Server handler 16 on 44367" daemon prio=5 tid=1082 timed_waiting
java.lang.Thread.State: TIMED_WAITING
        at sun.misc.Unsafe.park(Native Method)
        at java.util.concurrent.locks.LockSupport.parkNanos(LockSupport.java:215)
        at java.util.concurrent.locks.AbstractQueuedSynchronizer$ConditionObject.awaitNanos(AbstractQueuedSynchronizer.java:2078)
        at java.util.concurrent.LinkedBlockingQueue.poll(LinkedBlockingQueue.java:467)
        at org.apache.hadoop.ipc.CallQueueManager.take(CallQueueManager.java:288)
        at org.apache.hadoop.ipc.Server$Handler.run(Server.java:2668)
"Periodic HDDS volume checker"  prio=5 tid=1130 timed_waiting
java.lang.Thread.State: TIMED_WAITING
        at sun.misc.Unsafe.park(Native Method)
        at java.util.concurrent.locks.LockSupport.parkNanos(LockSupport.java:215)
        at java.util.concurrent.locks.AbstractQueuedSynchronizer$ConditionObject.awaitNanos(AbstractQueuedSynchronizer.java:2078)
        at java.util.concurrent.ScheduledThreadPoolExecutor$DelayedWorkQueue.take(ScheduledThreadPoolExecutor.java:1093)
        at java.util.concurrent.ScheduledThreadPoolExecutor$DelayedWorkQueue.take(ScheduledThreadPoolExecutor.java:809)
        at java.util.concurrent.ThreadPoolExecutor.getTask(ThreadPoolExecutor.java:1074)
        at java.util.concurrent.ThreadPoolExecutor.runWorker(ThreadPoolExecutor.java:1134)
        at java.util.concurrent.ThreadPoolExecutor$Worker.run(ThreadPoolExecutor.java:624)
        at java.lang.Thread.run(Thread.java:748)
"pool-106-thread-47"  prio=5 tid=1415 in Object.wait()
java.lang.Thread.State: WAITING (on object monitor)
        at sun.misc.Unsafe.park(Native Method)
        at java.util.concurrent.locks.LockSupport.park(LockSupport.java:175)
        at java.util.concurrent.locks.AbstractQueuedSynchronizer$ConditionObject.await(AbstractQueuedSynchronizer.java:2039)
        at java.util.concurrent.ArrayBlockingQueue.take(ArrayBlockingQueue.java:403)
        at java.util.concurrent.ThreadPoolExecutor.getTask(ThreadPoolExecutor.java:1074)
        at java.util.concurrent.ThreadPoolExecutor.runWorker(ThreadPoolExecutor.java:1134)
        at java.util.concurrent.ThreadPoolExecutor$Worker.run(ThreadPoolExecutor.java:624)
        at java.lang.Thread.run(Thread.java:748)
"Datanode ReportManager Thread - 2" daemon prio=5 tid=308 in Object.wait()
java.lang.Thread.State: WAITING (on object monitor)
        at sun.misc.Unsafe.park(Native Method)
        at java.util.concurrent.locks.LockSupport.park(LockSupport.java:175)
        at java.util.concurrent.locks.AbstractQueuedSynchronizer$ConditionObject.await(AbstractQueuedSynchronizer.java:2039)
        at java.util.concurrent.ScheduledThreadPoolExecutor$DelayedWorkQueue.take(ScheduledThreadPoolExecutor.java:1088)
        at java.util.concurrent.ScheduledThreadPoolExecutor$DelayedWorkQueue.take(ScheduledThreadPoolExecutor.java:809)
        at java.util.concurrent.ThreadPoolExecutor.getTask(ThreadPoolExecutor.java:1074)
        at java.util.concurrent.ThreadPoolExecutor.runWorker(ThreadPoolExecutor.java:1134)
        at java.util.concurrent.ThreadPoolExecutor$Worker.run(ThreadPoolExecutor.java:624)
        at java.lang.Thread.run(Thread.java:748)
"metrics-hadoop-metrics2-reporter-43-thread-1" daemon prio=5 tid=865 timed_waiting
java.lang.Thread.State: TIMED_WAITING
        at sun.misc.Unsafe.park(Native Method)
        at java.util.concurrent.locks.LockSupport.parkNanos(LockSupport.java:215)
        at java.util.concurrent.locks.AbstractQueuedSynchronizer$ConditionObject.awaitNanos(AbstractQueuedSynchronizer.java:2078)
        at java.util.concurrent.ScheduledThreadPoolExecutor$DelayedWorkQueue.take(ScheduledThreadPoolExecutor.java:1093)
        at java.util.concurrent.ScheduledThreadPoolExecutor$DelayedWorkQueue.take(ScheduledThreadPoolExecutor.java:809)
        at java.util.concurrent.ThreadPoolExecutor.getTask(ThreadPoolExecutor.java:1074)
        at java.util.concurrent.ThreadPoolExecutor.runWorker(ThreadPoolExecutor.java:1134)
        at java.util.concurrent.ThreadPoolExecutor$Worker.run(ThreadPoolExecutor.java:624)
        at java.lang.Thread.run(Thread.java:748)
"org.eclipse.jetty.server.session.HashSessionManager@55d58825Timer" daemon prio=5 tid=1096 timed_waiting
java.lang.Thread.State: TIMED_WAITING
        at sun.misc.Unsafe.park(Native Method)
        at java.util.concurrent.locks.LockSupport.parkNanos(LockSupport.java:215)
        at java.util.concurrent.locks.AbstractQueuedSynchronizer$ConditionObject.awaitNanos(AbstractQueuedSynchronizer.java:2078)
        at java.util.concurrent.ScheduledThreadPoolExecutor$DelayedWorkQueue.take(ScheduledThreadPoolExecutor.java:1093)
        at java.util.concurrent.ScheduledThreadPoolExecutor$DelayedWorkQueue.take(ScheduledThreadPoolExecutor.java:809)
        at java.util.concurrent.ThreadPoolExecutor.getTask(ThreadPoolExecutor.java:1074)
        at java.util.concurrent.ThreadPoolExecutor.runWorker(ThreadPoolExecutor.java:1134)
        at java.util.concurrent.ThreadPoolExecutor$Worker.run(ThreadPoolExecutor.java:624)
        at java.lang.Thread.run(Thread.java:748)
"metrics-hadoop-metrics2-reporter-11-thread-1" daemon prio=5 tid=729 timed_waiting
java.lang.Thread.State: TIMED_WAITING
        at sun.misc.Unsafe.park(Native Method)
        at java.util.concurrent.locks.LockSupport.parkNanos(LockSupport.java:215)
        at java.util.concurrent.locks.AbstractQueuedSynchronizer$ConditionObject.awaitNanos(AbstractQueuedSynchronizer.java:2078)
        at java.util.concurrent.ScheduledThreadPoolExecutor$DelayedWorkQueue.take(ScheduledThreadPoolExecutor.java:1093)
        at java.util.concurrent.ScheduledThreadPoolExecutor$DelayedWorkQueue.take(ScheduledThreadPoolExecutor.java:809)
        at java.util.concurrent.ThreadPoolExecutor.getTask(ThreadPoolExecutor.java:1074)
        at java.util.concurrent.ThreadPoolExecutor.runWorker(ThreadPoolExecutor.java:1134)
        at java.util.concurrent.ThreadPoolExecutor$Worker.run(ThreadPoolExecutor.java:624)
        at java.lang.Thread.run(Thread.java:748)
"IPC Server handler 19 on 34783" daemon prio=5 tid=996 timed_waiting
java.lang.Thread.State: TIMED_WAITING
        at sun.misc.Unsafe.park(Native Method)
        at java.util.concurrent.locks.LockSupport.parkNanos(LockSupport.java:215)
        at java.util.concurrent.locks.AbstractQueuedSynchronizer$ConditionObject.awaitNanos(AbstractQueuedSynchronizer.java:2078)
        at java.util.concurrent.LinkedBlockingQueue.poll(LinkedBlockingQueue.java:467)
        at org.apache.hadoop.ipc.CallQueueManager.take(CallQueueManager.java:288)
        at org.apache.hadoop.ipc.Server$Handler.run(Server.java:2668)
"pool-106-thread-33"  prio=5 tid=1401 in Object.wait()
java.lang.Thread.State: WAITING (on object monitor)
        at sun.misc.Unsafe.park(Native Method)
        at java.util.concurrent.locks.LockSupport.park(LockSupport.java:175)
        at java.util.concurrent.locks.AbstractQueuedSynchronizer$ConditionObject.await(AbstractQueuedSynchronizer.java:2039)
        at java.util.concurrent.ArrayBlockingQueue.take(ArrayBlockingQueue.java:403)
        at java.util.concurrent.ThreadPoolExecutor.getTask(ThreadPoolExecutor.java:1074)
        at java.util.concurrent.ThreadPoolExecutor.runWorker(ThreadPoolExecutor.java:1134)
        at java.util.concurrent.ThreadPoolExecutor$Worker.run(ThreadPoolExecutor.java:624)
        at java.lang.Thread.run(Thread.java:748)
"pool-106-thread-55"  prio=5 tid=1423 in Object.wait()
java.lang.Thread.State: WAITING (on object monitor)
        at sun.misc.Unsafe.park(Native Method)
        at java.util.concurrent.locks.LockSupport.park(LockSupport.java:175)
        at java.util.concurrent.locks.AbstractQueuedSynchronizer$ConditionObject.await(AbstractQueuedSynchronizer.java:2039)
        at java.util.concurrent.ArrayBlockingQueue.take(ArrayBlockingQueue.java:403)
        at java.util.concurrent.ThreadPoolExecutor.getTask(ThreadPoolExecutor.java:1074)
        at java.util.concurrent.ThreadPoolExecutor.runWorker(ThreadPoolExecutor.java:1134)
        at java.util.concurrent.ThreadPoolExecutor$Worker.run(ThreadPoolExecutor.java:624)
        at java.lang.Thread.run(Thread.java:748)
"24020d0b-ce61-4f5a-b0b0-c561541e8cd4@group-A9EE991D717F-StateMachineUpdater" daemon prio=5 tid=1151 in Object.wait()
java.lang.Thread.State: WAITING (on object monitor)
        at java.lang.Object.wait(Native Method)
        at java.lang.Object.wait(Object.java:502)
        at org.apache.ratis.server.impl.StateMachineUpdater.waitForCommit(StateMachineUpdater.java:194)
        at org.apache.ratis.server.impl.StateMachineUpdater.run(StateMachineUpdater.java:159)
        at java.lang.Thread.run(Thread.java:748)
"pool-116-thread-9"  prio=5 tid=1203 in Object.wait()
java.lang.Thread.State: WAITING (on object monitor)
        at sun.misc.Unsafe.park(Native Method)
        at java.util.concurrent.locks.LockSupport.park(LockSupport.java:175)
        at java.util.concurrent.locks.AbstractQueuedSynchronizer$ConditionObject.await(AbstractQueuedSynchronizer.java:2039)
        at java.util.concurrent.ArrayBlockingQueue.take(ArrayBlockingQueue.java:403)
        at java.util.concurrent.ThreadPoolExecutor.getTask(ThreadPoolExecutor.java:1074)
        at java.util.concurrent.ThreadPoolExecutor.runWorker(ThreadPoolExecutor.java:1134)
        at java.util.concurrent.ThreadPoolExecutor$Worker.run(ThreadPoolExecutor.java:624)
        at java.lang.Thread.run(Thread.java:748)
"IPC Server handler 0 on 34783" daemon prio=5 tid=977 timed_waiting
java.lang.Thread.State: TIMED_WAITING
        at sun.misc.Unsafe.park(Native Method)
        at java.util.concurrent.locks.LockSupport.parkNanos(LockSupport.java:215)
        at java.util.concurrent.locks.AbstractQueuedSynchronizer$ConditionObject.awaitNanos(AbstractQueuedSynchronizer.java:2078)
        at java.util.concurrent.LinkedBlockingQueue.poll(LinkedBlockingQueue.java:467)
        at org.apache.hadoop.ipc.CallQueueManager.take(CallQueueManager.java:288)
        at org.apache.hadoop.ipc.Server$Handler.run(Server.java:2668)
"metrics-hadoop-metrics2-reporter-7-thread-1" daemon prio=5 tid=720 timed_waiting
java.lang.Thread.State: TIMED_WAITING
        at sun.misc.Unsafe.park(Native Method)
        at java.util.concurrent.locks.LockSupport.parkNanos(LockSupport.java:215)
        at java.util.concurrent.locks.AbstractQueuedSynchronizer$ConditionObject.awaitNanos(AbstractQueuedSynchronizer.java:2078)
        at java.util.concurrent.ScheduledThreadPoolExecutor$DelayedWorkQueue.take(ScheduledThreadPoolExecutor.java:1093)
        at java.util.concurrent.ScheduledThreadPoolExecutor$DelayedWorkQueue.take(ScheduledThreadPoolExecutor.java:809)
        at java.util.concurrent.ThreadPoolExecutor.getTask(ThreadPoolExecutor.java:1074)
        at java.util.concurrent.ThreadPoolExecutor.runWorker(ThreadPoolExecutor.java:1134)
        at java.util.concurrent.ThreadPoolExecutor$Worker.run(ThreadPoolExecutor.java:624)
        at java.lang.Thread.run(Thread.java:748)
"pool-126-thread-3"  prio=5 tid=1273 in Object.wait()
java.lang.Thread.State: WAITING (on object monitor)
        at sun.misc.Unsafe.park(Native Method)
        at java.util.concurrent.locks.LockSupport.park(LockSupport.java:175)
        at java.util.concurrent.locks.AbstractQueuedSynchronizer$ConditionObject.await(AbstractQueuedSynchronizer.java:2039)
        at java.util.concurrent.ArrayBlockingQueue.take(ArrayBlockingQueue.java:403)
        at java.util.concurrent.ThreadPoolExecutor.getTask(ThreadPoolExecutor.java:1074)
        at java.util.concurrent.ThreadPoolExecutor.runWorker(ThreadPoolExecutor.java:1134)
        at java.util.concurrent.ThreadPoolExecutor$Worker.run(ThreadPoolExecutor.java:624)
        at java.lang.Thread.run(Thread.java:748)
"qtp1723177853-1093" daemon prio=5 tid=1093 timed_waiting
java.lang.Thread.State: TIMED_WAITING
        at sun.misc.Unsafe.park(Native Method)
        at java.util.concurrent.locks.LockSupport.parkNanos(LockSupport.java:215)
        at java.util.concurrent.locks.AbstractQueuedSynchronizer$ConditionObject.awaitNanos(AbstractQueuedSynchronizer.java:2078)
        at org.eclipse.jetty.util.BlockingArrayQueue.poll(BlockingArrayQueue.java:392)
        at org.eclipse.jetty.util.thread.QueuedThreadPool.idleJobPoll(QueuedThreadPool.java:563)
        at org.eclipse.jetty.util.thread.QueuedThreadPool.access$800(QueuedThreadPool.java:48)
        at org.eclipse.jetty.util.thread.QueuedThreadPool$2.run(QueuedThreadPool.java:626)
        at java.lang.Thread.run(Thread.java:748)
"Reference Handler" daemon prio=10 tid=2 in Object.wait()
java.lang.Thread.State: WAITING (on object monitor)
        at java.lang.Object.wait(Native Method)
        at java.lang.Object.wait(Object.java:502)
        at java.lang.ref.Reference.tryHandlePending(Reference.java:191)
        at java.lang.ref.Reference$ReferenceHandler.run(Reference.java:153)
"Datanode ReportManager Thread - 1" daemon prio=5 tid=1155 in Object.wait()
java.lang.Thread.State: WAITING (on object monitor)
        at sun.misc.Unsafe.park(Native Method)
        at java.util.concurrent.locks.LockSupport.park(LockSupport.java:175)
        at java.util.concurrent.locks.AbstractQueuedSynchronizer$ConditionObject.await(AbstractQueuedSynchronizer.java:2039)
        at java.util.concurrent.ScheduledThreadPoolExecutor$DelayedWorkQueue.take(ScheduledThreadPoolExecutor.java:1088)
        at java.util.concurrent.ScheduledThreadPoolExecutor$DelayedWorkQueue.take(ScheduledThreadPoolExecutor.java:809)
        at java.util.concurrent.ThreadPoolExecutor.getTask(ThreadPoolExecutor.java:1074)
        at java.util.concurrent.ThreadPoolExecutor.runWorker(ThreadPoolExecutor.java:1134)
        at java.util.concurrent.ThreadPoolExecutor$Worker.run(ThreadPoolExecutor.java:624)
        at java.lang.Thread.run(Thread.java:748)
"pool-106-thread-53"  prio=5 tid=1421 in Object.wait()
java.lang.Thread.State: WAITING (on object monitor)
        at sun.misc.Unsafe.park(Native Method)
        at java.util.concurrent.locks.LockSupport.park(LockSupport.java:175)
        at java.util.concurrent.locks.AbstractQueuedSynchronizer$ConditionObject.await(AbstractQueuedSynchronizer.java:2039)
        at java.util.concurrent.ArrayBlockingQueue.take(ArrayBlockingQueue.java:403)
        at java.util.concurrent.ThreadPoolExecutor.getTask(ThreadPoolExecutor.java:1074)
        at java.util.concurrent.ThreadPoolExecutor.runWorker(ThreadPoolExecutor.java:1134)
        at java.util.concurrent.ThreadPoolExecutor$Worker.run(ThreadPoolExecutor.java:624)
        at java.lang.Thread.run(Thread.java:748)
"metrics-hadoop-metrics2-reporter-51-thread-1" daemon prio=5 tid=926 timed_waiting
java.lang.Thread.State: TIMED_WAITING
        at sun.misc.Unsafe.park(Native Method)
        at java.util.concurrent.locks.LockSupport.parkNanos(LockSupport.java:215)
        at java.util.concurrent.locks.AbstractQueuedSynchronizer$ConditionObject.awaitNanos(AbstractQueuedSynchronizer.java:2078)
        at java.util.concurrent.ScheduledThreadPoolExecutor$DelayedWorkQueue.take(ScheduledThreadPoolExecutor.java:1093)
        at java.util.concurrent.ScheduledThreadPoolExecutor$DelayedWorkQueue.take(ScheduledThreadPoolExecutor.java:809)
        at java.util.concurrent.ThreadPoolExecutor.getTask(ThreadPoolExecutor.java:1074)
        at java.util.concurrent.ThreadPoolExecutor.runWorker(ThreadPoolExecutor.java:1134)
        at java.util.concurrent.ThreadPoolExecutor$Worker.run(ThreadPoolExecutor.java:624)
        at java.lang.Thread.run(Thread.java:748)
"metrics-hadoop-metrics2-reporter-49-thread-1" daemon prio=5 tid=922 timed_waiting
java.lang.Thread.State: TIMED_WAITING
        at sun.misc.Unsafe.park(Native Method)
        at java.util.concurrent.locks.LockSupport.parkNanos(LockSupport.java:215)
        at java.util.concurrent.locks.AbstractQueuedSynchronizer$ConditionObject.awaitNanos(AbstractQueuedSynchronizer.java:2078)
        at java.util.concurrent.ScheduledThreadPoolExecutor$DelayedWorkQueue.take(ScheduledThreadPoolExecutor.java:1093)
        at java.util.concurrent.ScheduledThreadPoolExecutor$DelayedWorkQueue.take(ScheduledThreadPoolExecutor.java:809)
        at java.util.concurrent.ThreadPoolExecutor.getTask(ThreadPoolExecutor.java:1074)
        at java.util.concurrent.ThreadPoolExecutor.runWorker(ThreadPoolExecutor.java:1134)
        at java.util.concurrent.ThreadPoolExecutor$Worker.run(ThreadPoolExecutor.java:624)
        at java.lang.Thread.run(Thread.java:748)
"pool-106-thread-36"  prio=5 tid=1404 in Object.wait()
java.lang.Thread.State: WAITING (on object monitor)
        at sun.misc.Unsafe.park(Native Method)
        at java.util.concurrent.locks.LockSupport.park(LockSupport.java:175)
        at java.util.concurrent.locks.AbstractQueuedSynchronizer$ConditionObject.await(AbstractQueuedSynchronizer.java:2039)
        at java.util.concurrent.ArrayBlockingQueue.take(ArrayBlockingQueue.java:403)
        at java.util.concurrent.ThreadPoolExecutor.getTask(ThreadPoolExecutor.java:1074)
        at java.util.concurrent.ThreadPoolExecutor.runWorker(ThreadPoolExecutor.java:1134)
        at java.util.concurrent.ThreadPoolExecutor$Worker.run(ThreadPoolExecutor.java:624)
        at java.lang.Thread.run(Thread.java:748)
"Timer-1" daemon prio=5 tid=149 timed_waiting
java.lang.Thread.State: TIMED_WAITING
        at java.lang.Object.wait(Native Method)
        at java.util.TimerThread.mainLoop(Timer.java:552)
        at java.util.TimerThread.run(Timer.java:505)
"qtp1014555985-1144" daemon prio=5 tid=1144 timed_waiting
java.lang.Thread.State: TIMED_WAITING
        at sun.misc.Unsafe.park(Native Method)
        at java.util.concurrent.locks.LockSupport.parkNanos(LockSupport.java:215)
        at java.util.concurrent.locks.AbstractQueuedSynchronizer$ConditionObject.awaitNanos(AbstractQueuedSynchronizer.java:2078)
        at org.eclipse.jetty.util.BlockingArrayQueue.poll(BlockingArrayQueue.java:392)
        at org.eclipse.jetty.util.thread.QueuedThreadPool.idleJobPoll(QueuedThreadPool.java:563)
        at org.eclipse.jetty.util.thread.QueuedThreadPool.access$800(QueuedThreadPool.java:48)
        at org.eclipse.jetty.util.thread.QueuedThreadPool$2.run(QueuedThreadPool.java:626)
        at java.lang.Thread.run(Thread.java:748)
"Datanode State Machine Thread - 0" daemon prio=5 tid=1184 timed_waiting
java.lang.Thread.State: TIMED_WAITING
        at java.lang.Thread.sleep(Native Method)
        at org.apache.hadoop.ozone.container.common.statemachine.DatanodeStateMachine.start(DatanodeStateMachine.java:191)
        at org.apache.hadoop.ozone.container.common.statemachine.DatanodeStateMachine.lambda$startDaemon$0(DatanodeStateMachine.java:349)
        at org.apache.hadoop.ozone.container.common.statemachine.DatanodeStateMachine$$Lambda$141/190868662.run(Unknown Source)
        at java.lang.Thread.run(Thread.java:748)
"37bd8e8c-ea68-4b1c-8659-8d001c4f3b5c@group-A9EE991D717F-SegmentedRaftLogWorker"  prio=5 tid=1180 timed_waiting
java.lang.Thread.State: TIMED_WAITING
        at sun.misc.Unsafe.park(Native Method)
        at java.util.concurrent.locks.LockSupport.parkNanos(LockSupport.java:215)
        at java.util.concurrent.locks.AbstractQueuedSynchronizer$ConditionObject.awaitNanos(AbstractQueuedSynchronizer.java:2078)
        at org.apache.ratis.util.DataBlockingQueue.poll(DataBlockingQueue.java:137)
        at org.apache.ratis.server.raftlog.segmented.SegmentedRaftLogWorker.run(SegmentedRaftLogWorker.java:282)
        at java.lang.Thread.run(Thread.java:748)
"IPC Server handler 8 on 42245" daemon prio=5 tid=1034 timed_waiting
java.lang.Thread.State: TIMED_WAITING
        at sun.misc.Unsafe.park(Native Method)
        at java.util.concurrent.locks.LockSupport.parkNanos(LockSupport.java:215)
        at java.util.concurrent.locks.AbstractQueuedSynchronizer$ConditionObject.awaitNanos(AbstractQueuedSynchronizer.java:2078)
        at java.util.concurrent.LinkedBlockingQueue.poll(LinkedBlockingQueue.java:467)
        at org.apache.hadoop.ipc.CallQueueManager.take(CallQueueManager.java:288)
        at org.apache.hadoop.ipc.Server$Handler.run(Server.java:2668)
"pool-120-thread-1"  prio=5 tid=1138 timed_waiting
java.lang.Thread.State: TIMED_WAITING
        at sun.misc.Unsafe.park(Native Method)
        at java.util.concurrent.locks.LockSupport.parkNanos(LockSupport.java:215)
        at java.util.concurrent.locks.AbstractQueuedSynchronizer$ConditionObject.awaitNanos(AbstractQueuedSynchronizer.java:2078)
        at java.util.concurrent.ScheduledThreadPoolExecutor$DelayedWorkQueue.take(ScheduledThreadPoolExecutor.java:1093)
        at java.util.concurrent.ScheduledThreadPoolExecutor$DelayedWorkQueue.take(ScheduledThreadPoolExecutor.java:809)
        at java.util.concurrent.ThreadPoolExecutor.getTask(ThreadPoolExecutor.java:1074)
        at java.util.concurrent.ThreadPoolExecutor.runWorker(ThreadPoolExecutor.java:1134)
        at java.util.concurrent.ThreadPoolExecutor$Worker.run(ThreadPoolExecutor.java:624)
        at java.lang.Thread.run(Thread.java:748)
"IPC Server Responder" daemon prio=5 tid=1014 runnable
java.lang.Thread.State: RUNNABLE
        at sun.nio.ch.EPollArrayWrapper.epollWait(Native Method)
        at sun.nio.ch.EPollArrayWrapper.poll(EPollArrayWrapper.java:269)
        at sun.nio.ch.EPollSelectorImpl.doSelect(EPollSelectorImpl.java:93)
        at sun.nio.ch.SelectorImpl.lockAndDoSelect(SelectorImpl.java:86)
        at sun.nio.ch.SelectorImpl.select(SelectorImpl.java:97)
        at org.apache.hadoop.ipc.Server$Responder.doRunLoop(Server.java:1334)
        at org.apache.hadoop.ipc.Server$Responder.run(Server.java:1317)
"IPC Server handler 12 on 41574" daemon prio=5 tid=1058 timed_waiting
java.lang.Thread.State: TIMED_WAITING
        at sun.misc.Unsafe.park(Native Method)
        at java.util.concurrent.locks.LockSupport.parkNanos(LockSupport.java:215)
        at java.util.concurrent.locks.AbstractQueuedSynchronizer$ConditionObject.awaitNanos(AbstractQueuedSynchronizer.java:2078)
        at java.util.concurrent.LinkedBlockingQueue.poll(LinkedBlockingQueue.java:467)
        at org.apache.hadoop.ipc.CallQueueManager.take(CallQueueManager.java:288)
        at org.apache.hadoop.ipc.Server$Handler.run(Server.java:2668)
"IPC Server handler 9 on 42245" daemon prio=5 tid=1035 timed_waiting
java.lang.Thread.State: TIMED_WAITING
        at sun.misc.Unsafe.park(Native Method)
        at java.util.concurrent.locks.LockSupport.parkNanos(LockSupport.java:215)
        at java.util.concurrent.locks.AbstractQueuedSynchronizer$ConditionObject.awaitNanos(AbstractQueuedSynchronizer.java:2078)
        at java.util.concurrent.LinkedBlockingQueue.poll(LinkedBlockingQueue.java:467)
        at org.apache.hadoop.ipc.CallQueueManager.take(CallQueueManager.java:288)
        at org.apache.hadoop.ipc.Server$Handler.run(Server.java:2668)
"Datanode ReportManager Thread - 1" daemon prio=5 tid=253 in Object.wait()
java.lang.Thread.State: WAITING (on object monitor)
        at sun.misc.Unsafe.park(Native Method)
        at java.util.concurrent.locks.LockSupport.park(LockSupport.java:175)
        at java.util.concurrent.locks.AbstractQueuedSynchronizer$ConditionObject.await(AbstractQueuedSynchronizer.java:2039)
        at java.util.concurrent.ScheduledThreadPoolExecutor$DelayedWorkQueue.take(ScheduledThreadPoolExecutor.java:1088)
        at java.util.concurrent.ScheduledThreadPoolExecutor$DelayedWorkQueue.take(ScheduledThreadPoolExecutor.java:809)
        at java.util.concurrent.ThreadPoolExecutor.getTask(ThreadPoolExecutor.java:1074)
        at java.util.concurrent.ThreadPoolExecutor.runWorker(ThreadPoolExecutor.java:1134)
        at java.util.concurrent.ThreadPoolExecutor$Worker.run(ThreadPoolExecutor.java:624)
        at java.lang.Thread.run(Thread.java:748)
"pool-106-thread-27"  prio=5 tid=1395 in Object.wait()
java.lang.Thread.State: WAITING (on object monitor)
        at sun.misc.Unsafe.park(Native Method)
        at java.util.concurrent.locks.LockSupport.park(LockSupport.java:175)
        at java.util.concurrent.locks.AbstractQueuedSynchronizer$ConditionObject.await(AbstractQueuedSynchronizer.java:2039)
        at java.util.concurrent.ArrayBlockingQueue.take(ArrayBlockingQueue.java:403)
        at java.util.concurrent.ThreadPoolExecutor.getTask(ThreadPoolExecutor.java:1074)
        at java.util.concurrent.ThreadPoolExecutor.runWorker(ThreadPoolExecutor.java:1134)
        at java.util.concurrent.ThreadPoolExecutor$Worker.run(ThreadPoolExecutor.java:624)
        at java.lang.Thread.run(Thread.java:748)
"Datanode ReportManager Thread - 0" daemon prio=5 tid=171 timed_waiting
java.lang.Thread.State: TIMED_WAITING
        at sun.misc.Unsafe.park(Native Method)
        at java.util.concurrent.locks.LockSupport.parkNanos(LockSupport.java:215)
        at java.util.concurrent.locks.AbstractQueuedSynchronizer$ConditionObject.awaitNanos(AbstractQueuedSynchronizer.java:2078)
        at java.util.concurrent.ScheduledThreadPoolExecutor$DelayedWorkQueue.take(ScheduledThreadPoolExecutor.java:1093)
        at java.util.concurrent.ScheduledThreadPoolExecutor$DelayedWorkQueue.take(ScheduledThreadPoolExecutor.java:809)
        at java.util.concurrent.ThreadPoolExecutor.getTask(ThreadPoolExecutor.java:1074)
        at java.util.concurrent.ThreadPoolExecutor.runWorker(ThreadPoolExecutor.java:1134)
        at java.util.concurrent.ThreadPoolExecutor$Worker.run(ThreadPoolExecutor.java:624)
        at java.lang.Thread.run(Thread.java:748)
"pool-106-thread-13"  prio=5 tid=1381 in Object.wait()
java.lang.Thread.State: WAITING (on object monitor)
        at sun.misc.Unsafe.park(Native Method)
        at java.util.concurrent.locks.LockSupport.park(LockSupport.java:175)
        at java.util.concurrent.locks.AbstractQueuedSynchronizer$ConditionObject.await(AbstractQueuedSynchronizer.java:2039)
        at java.util.concurrent.ArrayBlockingQueue.take(ArrayBlockingQueue.java:403)
        at java.util.concurrent.ThreadPoolExecutor.getTask(ThreadPoolExecutor.java:1074)
        at java.util.concurrent.ThreadPoolExecutor.runWorker(ThreadPoolExecutor.java:1134)
        at java.util.concurrent.ThreadPoolExecutor$Worker.run(ThreadPoolExecutor.java:624)
        at java.lang.Thread.run(Thread.java:748)
"Datanode ReportManager Thread - 2" daemon prio=5 tid=227 in Object.wait()
java.lang.Thread.State: WAITING (on object monitor)
        at sun.misc.Unsafe.park(Native Method)
        at java.util.concurrent.locks.LockSupport.park(LockSupport.java:175)
        at java.util.concurrent.locks.AbstractQueuedSynchronizer$ConditionObject.await(AbstractQueuedSynchronizer.java:2039)
        at java.util.concurrent.ScheduledThreadPoolExecutor$DelayedWorkQueue.take(ScheduledThreadPoolExecutor.java:1088)
        at java.util.concurrent.ScheduledThreadPoolExecutor$DelayedWorkQueue.take(ScheduledThreadPoolExecutor.java:809)
        at java.util.concurrent.ThreadPoolExecutor.getTask(ThreadPoolExecutor.java:1074)
        at java.util.concurrent.ThreadPoolExecutor.runWorker(ThreadPoolExecutor.java:1134)
        at java.util.concurrent.ThreadPoolExecutor$Worker.run(ThreadPoolExecutor.java:624)
        at java.lang.Thread.run(Thread.java:748)
"IPC Server handler 3 on 34783" daemon prio=5 tid=980 timed_waiting
java.lang.Thread.State: TIMED_WAITING
        at sun.misc.Unsafe.park(Native Method)
        at java.util.concurrent.locks.LockSupport.parkNanos(LockSupport.java:215)
        at java.util.concurrent.locks.AbstractQueuedSynchronizer$ConditionObject.awaitNanos(AbstractQueuedSynchronizer.java:2078)
        at java.util.concurrent.LinkedBlockingQueue.poll(LinkedBlockingQueue.java:467)
        at org.apache.hadoop.ipc.CallQueueManager.take(CallQueueManager.java:288)
        at org.apache.hadoop.ipc.Server$Handler.run(Server.java:2668)
"qtp995381766-1002" daemon prio=5 tid=1002 timed_waiting
java.lang.Thread.State: TIMED_WAITING
        at sun.misc.Unsafe.park(Native Method)
        at java.util.concurrent.locks.LockSupport.parkNanos(LockSupport.java:215)
        at java.util.concurrent.locks.AbstractQueuedSynchronizer$ConditionObject.awaitNanos(AbstractQueuedSynchronizer.java:2078)
        at org.eclipse.jetty.util.BlockingArrayQueue.poll(BlockingArrayQueue.java:392)
        at org.eclipse.jetty.util.thread.QueuedThreadPool.idleJobPoll(QueuedThreadPool.java:563)
        at org.eclipse.jetty.util.thread.QueuedThreadPool.access$800(QueuedThreadPool.java:48)
        at org.eclipse.jetty.util.thread.QueuedThreadPool$2.run(QueuedThreadPool.java:626)
        at java.lang.Thread.run(Thread.java:748)
"pool-106-thread-39"  prio=5 tid=1407 in Object.wait()
java.lang.Thread.State: WAITING (on object monitor)
        at sun.misc.Unsafe.park(Native Method)
        at java.util.concurrent.locks.LockSupport.park(LockSupport.java:175)
        at java.util.concurrent.locks.AbstractQueuedSynchronizer$ConditionObject.await(AbstractQueuedSynchronizer.java:2039)
        at java.util.concurrent.ArrayBlockingQueue.take(ArrayBlockingQueue.java:403)
        at java.util.concurrent.ThreadPoolExecutor.getTask(ThreadPoolExecutor.java:1074)
        at java.util.concurrent.ThreadPoolExecutor.runWorker(ThreadPoolExecutor.java:1134)
        at java.util.concurrent.ThreadPoolExecutor$Worker.run(ThreadPoolExecutor.java:624)
        at java.lang.Thread.run(Thread.java:748)
"pool-116-thread-4"  prio=5 tid=1198 in Object.wait()
java.lang.Thread.State: WAITING (on object monitor)
        at sun.misc.Unsafe.park(Native Method)
        at java.util.concurrent.locks.LockSupport.park(LockSupport.java:175)
        at java.util.concurrent.locks.AbstractQueuedSynchronizer$ConditionObject.await(AbstractQueuedSynchronizer.java:2039)
        at java.util.concurrent.ArrayBlockingQueue.take(ArrayBlockingQueue.java:403)
        at java.util.concurrent.ThreadPoolExecutor.getTask(ThreadPoolExecutor.java:1074)
        at java.util.concurrent.ThreadPoolExecutor.runWorker(ThreadPoolExecutor.java:1134)
        at java.util.concurrent.ThreadPoolExecutor$Worker.run(ThreadPoolExecutor.java:624)
        at java.lang.Thread.run(Thread.java:748)
"IPC Server handler 10 on 34783" daemon prio=5 tid=987 timed_waiting
java.lang.Thread.State: TIMED_WAITING
        at sun.misc.Unsafe.park(Native Method)
        at java.util.concurrent.locks.LockSupport.parkNanos(LockSupport.java:215)
        at java.util.concurrent.locks.AbstractQueuedSynchronizer$ConditionObject.awaitNanos(AbstractQueuedSynchronizer.java:2078)
        at java.util.concurrent.LinkedBlockingQueue.poll(LinkedBlockingQueue.java:467)
        at org.apache.hadoop.ipc.CallQueueManager.take(CallQueueManager.java:288)
        at org.apache.hadoop.ipc.Server$Handler.run(Server.java:2668)
"metrics-hadoop-metrics2-reporter-9-thread-1" daemon prio=5 tid=723 timed_waiting
java.lang.Thread.State: TIMED_WAITING
        at sun.misc.Unsafe.park(Native Method)
        at java.util.concurrent.locks.LockSupport.parkNanos(LockSupport.java:215)
        at java.util.concurrent.locks.AbstractQueuedSynchronizer$ConditionObject.awaitNanos(AbstractQueuedSynchronizer.java:2078)
        at java.util.concurrent.ScheduledThreadPoolExecutor$DelayedWorkQueue.take(ScheduledThreadPoolExecutor.java:1093)
        at java.util.concurrent.ScheduledThreadPoolExecutor$DelayedWorkQueue.take(ScheduledThreadPoolExecutor.java:809)
        at java.util.concurrent.ThreadPoolExecutor.getTask(ThreadPoolExecutor.java:1074)
        at java.util.concurrent.ThreadPoolExecutor.runWorker(ThreadPoolExecutor.java:1134)
        at java.util.concurrent.ThreadPoolExecutor$Worker.run(ThreadPoolExecutor.java:624)
        at java.lang.Thread.run(Thread.java:748)
"2a93f7e5-ecb9-41da-9c47-70e13ba76d7d@group-0B27B5B66CFA-StateMachineUpdater" daemon prio=5 tid=1150 in Object.wait()
java.lang.Thread.State: WAITING (on object monitor)
        at java.lang.Object.wait(Native Method)
        at java.lang.Object.wait(Object.java:502)
        at org.apache.ratis.server.impl.StateMachineUpdater.waitForCommit(StateMachineUpdater.java:194)
        at org.apache.ratis.server.impl.StateMachineUpdater.run(StateMachineUpdater.java:159)
        at java.lang.Thread.run(Thread.java:748)
"pool-106-thread-31"  prio=5 tid=1399 in Object.wait()
java.lang.Thread.State: WAITING (on object monitor)
        at sun.misc.Unsafe.park(Native Method)
        at java.util.concurrent.locks.LockSupport.park(LockSupport.java:175)
        at java.util.concurrent.locks.AbstractQueuedSynchronizer$ConditionObject.await(AbstractQueuedSynchronizer.java:2039)
        at java.util.concurrent.ArrayBlockingQueue.take(ArrayBlockingQueue.java:403)
        at java.util.concurrent.ThreadPoolExecutor.getTask(ThreadPoolExecutor.java:1074)
        at java.util.concurrent.ThreadPoolExecutor.runWorker(ThreadPoolExecutor.java:1134)
        at java.util.concurrent.ThreadPoolExecutor$Worker.run(ThreadPoolExecutor.java:624)
        at java.lang.Thread.run(Thread.java:748)
"IPC Server handler 18 on 44367" daemon prio=5 tid=1084 timed_waiting
java.lang.Thread.State: TIMED_WAITING
        at sun.misc.Unsafe.park(Native Method)
        at java.util.concurrent.locks.LockSupport.parkNanos(LockSupport.java:215)
        at java.util.concurrent.locks.AbstractQueuedSynchronizer$ConditionObject.awaitNanos(AbstractQueuedSynchronizer.java:2078)
        at java.util.concurrent.LinkedBlockingQueue.poll(LinkedBlockingQueue.java:467)
        at org.apache.hadoop.ipc.CallQueueManager.take(CallQueueManager.java:288)
        at org.apache.hadoop.ipc.Server$Handler.run(Server.java:2668)
"Socket Reader #1 for port 44367"  prio=5 tid=1012 runnable
java.lang.Thread.State: RUNNABLE
        at sun.nio.ch.EPollArrayWrapper.epollWait(Native Method)
        at sun.nio.ch.EPollArrayWrapper.poll(EPollArrayWrapper.java:269)
        at sun.nio.ch.EPollSelectorImpl.doSelect(EPollSelectorImpl.java:93)
        at sun.nio.ch.SelectorImpl.lockAndDoSelect(SelectorImpl.java:86)
        at sun.nio.ch.SelectorImpl.select(SelectorImpl.java:97)
        at sun.nio.ch.SelectorImpl.select(SelectorImpl.java:101)
        at org.apache.hadoop.ipc.Server$Listener$Reader.doRunLoop(Server.java:1097)
        at org.apache.hadoop.ipc.Server$Listener$Reader.run(Server.java:1076)
"pool-126-thread-55"  prio=5 tid=1325 in Object.wait()
java.lang.Thread.State: WAITING (on object monitor)
        at sun.misc.Unsafe.park(Native Method)
        at java.util.concurrent.locks.LockSupport.park(LockSupport.java:175)
        at java.util.concurrent.locks.AbstractQueuedSynchronizer$ConditionObject.await(AbstractQueuedSynchronizer.java:2039)
        at java.util.concurrent.ArrayBlockingQueue.take(ArrayBlockingQueue.java:403)
        at java.util.concurrent.ThreadPoolExecutor.getTask(ThreadPoolExecutor.java:1074)
        at java.util.concurrent.ThreadPoolExecutor.runWorker(ThreadPoolExecutor.java:1134)
        at java.util.concurrent.ThreadPoolExecutor$Worker.run(ThreadPoolExecutor.java:624)
        at java.lang.Thread.run(Thread.java:748)
"pool-116-thread-49"  prio=5 tid=1243 in Object.wait()
java.lang.Thread.State: WAITING (on object monitor)
        at sun.misc.Unsafe.park(Native Method)
        at java.util.concurrent.locks.LockSupport.park(LockSupport.java:175)
        at java.util.concurrent.locks.AbstractQueuedSynchronizer$ConditionObject.await(AbstractQueuedSynchronizer.java:2039)
        at java.util.concurrent.ArrayBlockingQueue.take(ArrayBlockingQueue.java:403)
        at java.util.concurrent.ThreadPoolExecutor.getTask(ThreadPoolExecutor.java:1074)
        at java.util.concurrent.ThreadPoolExecutor.runWorker(ThreadPoolExecutor.java:1134)
        at java.util.concurrent.ThreadPoolExecutor$Worker.run(ThreadPoolExecutor.java:624)
        at java.lang.Thread.run(Thread.java:748)
"metrics-hadoop-metrics2-reporter-40-thread-1" daemon prio=5 tid=817 timed_waiting
java.lang.Thread.State: TIMED_WAITING
        at sun.misc.Unsafe.park(Native Method)
        at java.util.concurrent.locks.LockSupport.parkNanos(LockSupport.java:215)
        at java.util.concurrent.locks.AbstractQueuedSynchronizer$ConditionObject.awaitNanos(AbstractQueuedSynchronizer.java:2078)
        at java.util.concurrent.ScheduledThreadPoolExecutor$DelayedWorkQueue.take(ScheduledThreadPoolExecutor.java:1093)
        at java.util.concurrent.ScheduledThreadPoolExecutor$DelayedWorkQueue.take(ScheduledThreadPoolExecutor.java:809)
        at java.util.concurrent.ThreadPoolExecutor.getTask(ThreadPoolExecutor.java:1074)
        at java.util.concurrent.ThreadPoolExecutor.runWorker(ThreadPoolExecutor.java:1134)
        at java.util.concurrent.ThreadPoolExecutor$Worker.run(ThreadPoolExecutor.java:624)
        at java.lang.Thread.run(Thread.java:748)
"pool-106-thread-19"  prio=5 tid=1387 in Object.wait()
java.lang.Thread.State: WAITING (on object monitor)
        at sun.misc.Unsafe.park(Native Method)
        at java.util.concurrent.locks.LockSupport.park(LockSupport.java:175)
        at java.util.concurrent.locks.AbstractQueuedSynchronizer$ConditionObject.await(AbstractQueuedSynchronizer.java:2039)
        at java.util.concurrent.ArrayBlockingQueue.take(ArrayBlockingQueue.java:403)
        at java.util.concurrent.ThreadPoolExecutor.getTask(ThreadPoolExecutor.java:1074)
        at java.util.concurrent.ThreadPoolExecutor.runWorker(ThreadPoolExecutor.java:1134)
        at java.util.concurrent.ThreadPoolExecutor$Worker.run(ThreadPoolExecutor.java:624)
        at java.lang.Thread.run(Thread.java:748)
"metrics-hadoop-metrics2-reporter-37-thread-1" daemon prio=5 tid=811 timed_waiting
java.lang.Thread.State: TIMED_WAITING
        at sun.misc.Unsafe.park(Native Method)
        at java.util.concurrent.locks.LockSupport.parkNanos(LockSupport.java:215)
        at java.util.concurrent.locks.AbstractQueuedSynchronizer$ConditionObject.awaitNanos(AbstractQueuedSynchronizer.java:2078)
        at java.util.concurrent.ScheduledThreadPoolExecutor$DelayedWorkQueue.take(ScheduledThreadPoolExecutor.java:1093)
        at java.util.concurrent.ScheduledThreadPoolExecutor$DelayedWorkQueue.take(ScheduledThreadPoolExecutor.java:809)
        at java.util.concurrent.ThreadPoolExecutor.getTask(ThreadPoolExecutor.java:1074)
        at java.util.concurrent.ThreadPoolExecutor.runWorker(ThreadPoolExecutor.java:1134)
        at java.util.concurrent.ThreadPoolExecutor$Worker.run(ThreadPoolExecutor.java:624)
        at java.lang.Thread.run(Thread.java:748)
"IPC Server handler 19 on 42245" daemon prio=5 tid=1045 timed_waiting
java.lang.Thread.State: TIMED_WAITING
        at sun.misc.Unsafe.park(Native Method)
        at java.util.concurrent.locks.LockSupport.parkNanos(LockSupport.java:215)
        at java.util.concurrent.locks.AbstractQueuedSynchronizer$ConditionObject.awaitNanos(AbstractQueuedSynchronizer.java:2078)
        at java.util.concurrent.LinkedBlockingQueue.poll(LinkedBlockingQueue.java:467)
        at org.apache.hadoop.ipc.CallQueueManager.take(CallQueueManager.java:288)
        at org.apache.hadoop.ipc.Server$Handler.run(Server.java:2668)
"metrics-hadoop-metrics2-reporter-16-thread-1" daemon prio=5 tid=742 timed_waiting
java.lang.Thread.State: TIMED_WAITING
        at sun.misc.Unsafe.park(Native Method)
        at java.util.concurrent.locks.LockSupport.parkNanos(LockSupport.java:215)
        at java.util.concurrent.locks.AbstractQueuedSynchronizer$ConditionObject.awaitNanos(AbstractQueuedSynchronizer.java:2078)
        at java.util.concurrent.ScheduledThreadPoolExecutor$DelayedWorkQueue.take(ScheduledThreadPoolExecutor.java:1093)
        at java.util.concurrent.ScheduledThreadPoolExecutor$DelayedWorkQueue.take(ScheduledThreadPoolExecutor.java:809)
        at java.util.concurrent.ThreadPoolExecutor.getTask(ThreadPoolExecutor.java:1074)
        at java.util.concurrent.ThreadPoolExecutor.runWorker(ThreadPoolExecutor.java:1134)
        at java.util.concurrent.ThreadPoolExecutor$Worker.run(ThreadPoolExecutor.java:624)
        at java.lang.Thread.run(Thread.java:748)
"pool-126-thread-46"  prio=5 tid=1316 in Object.wait()
java.lang.Thread.State: WAITING (on object monitor)
        at sun.misc.Unsafe.park(Native Method)
        at java.util.concurrent.locks.LockSupport.park(LockSupport.java:175)
        at java.util.concurrent.locks.AbstractQueuedSynchronizer$ConditionObject.await(AbstractQueuedSynchronizer.java:2039)
        at java.util.concurrent.ArrayBlockingQueue.take(ArrayBlockingQueue.java:403)
        at java.util.concurrent.ThreadPoolExecutor.getTask(ThreadPoolExecutor.java:1074)
        at java.util.concurrent.ThreadPoolExecutor.runWorker(ThreadPoolExecutor.java:1134)
        at java.util.concurrent.ThreadPoolExecutor$Worker.run(ThreadPoolExecutor.java:624)
        at java.lang.Thread.run(Thread.java:748)
"pool-126-thread-10"  prio=5 tid=1280 in Object.wait()
java.lang.Thread.State: WAITING (on object monitor)
        at sun.misc.Unsafe.park(Native Method)
        at java.util.concurrent.locks.LockSupport.park(LockSupport.java:175)
        at java.util.concurrent.locks.AbstractQueuedSynchronizer$ConditionObject.await(AbstractQueuedSynchronizer.java:2039)
        at java.util.concurrent.ArrayBlockingQueue.take(ArrayBlockingQueue.java:403)
        at java.util.concurrent.ThreadPoolExecutor.getTask(ThreadPoolExecutor.java:1074)
        at java.util.concurrent.ThreadPoolExecutor.runWorker(ThreadPoolExecutor.java:1134)
        at java.util.concurrent.ThreadPoolExecutor$Worker.run(ThreadPoolExecutor.java:624)
        at java.lang.Thread.run(Thread.java:748)
"pool-116-thread-30"  prio=5 tid=1224 in Object.wait()
java.lang.Thread.State: WAITING (on object monitor)
        at sun.misc.Unsafe.park(Native Method)
        at java.util.concurrent.locks.LockSupport.park(LockSupport.java:175)
        at java.util.concurrent.locks.AbstractQueuedSynchronizer$ConditionObject.await(AbstractQueuedSynchronizer.java:2039)
        at java.util.concurrent.ArrayBlockingQueue.take(ArrayBlockingQueue.java:403)
        at java.util.concurrent.ThreadPoolExecutor.getTask(ThreadPoolExecutor.java:1074)
        at java.util.concurrent.ThreadPoolExecutor.runWorker(ThreadPoolExecutor.java:1134)
        at java.util.concurrent.ThreadPoolExecutor$Worker.run(ThreadPoolExecutor.java:624)
        at java.lang.Thread.run(Thread.java:748)
"pool-126-thread-14"  prio=5 tid=1284 in Object.wait()
java.lang.Thread.State: WAITING (on object monitor)
        at sun.misc.Unsafe.park(Native Method)
        at java.util.concurrent.locks.LockSupport.park(LockSupport.java:175)
        at java.util.concurrent.locks.AbstractQueuedSynchronizer$ConditionObject.await(AbstractQueuedSynchronizer.java:2039)
        at java.util.concurrent.ArrayBlockingQueue.take(ArrayBlockingQueue.java:403)
        at java.util.concurrent.ThreadPoolExecutor.getTask(ThreadPoolExecutor.java:1074)
        at java.util.concurrent.ThreadPoolExecutor.runWorker(ThreadPoolExecutor.java:1134)
        at java.util.concurrent.ThreadPoolExecutor$Worker.run(ThreadPoolExecutor.java:624)
        at java.lang.Thread.run(Thread.java:748)
"pool-126-thread-9"  prio=5 tid=1279 in Object.wait()
java.lang.Thread.State: WAITING (on object monitor)
        at sun.misc.Unsafe.park(Native Method)
        at java.util.concurrent.locks.LockSupport.park(LockSupport.java:175)
        at java.util.concurrent.locks.AbstractQueuedSynchronizer$ConditionObject.await(AbstractQueuedSynchronizer.java:2039)
        at java.util.concurrent.ArrayBlockingQueue.take(ArrayBlockingQueue.java:403)
        at java.util.concurrent.ThreadPoolExecutor.getTask(ThreadPoolExecutor.java:1074)
        at java.util.concurrent.ThreadPoolExecutor.runWorker(ThreadPoolExecutor.java:1134)
        at java.util.concurrent.ThreadPoolExecutor$Worker.run(ThreadPoolExecutor.java:624)
        at java.lang.Thread.run(Thread.java:748)
"IPC Server handler 7 on 41574" daemon prio=5 tid=1053 timed_waiting
java.lang.Thread.State: TIMED_WAITING
        at sun.misc.Unsafe.park(Native Method)
        at java.util.concurrent.locks.LockSupport.parkNanos(LockSupport.java:215)
        at java.util.concurrent.locks.AbstractQueuedSynchronizer$ConditionObject.awaitNanos(AbstractQueuedSynchronizer.java:2078)
        at java.util.concurrent.LinkedBlockingQueue.poll(LinkedBlockingQueue.java:467)
        at org.apache.hadoop.ipc.CallQueueManager.take(CallQueueManager.java:288)
        at org.apache.hadoop.ipc.Server$Handler.run(Server.java:2668)
"pool-106-thread-11"  prio=5 tid=1379 in Object.wait()
java.lang.Thread.State: WAITING (on object monitor)
        at sun.misc.Unsafe.park(Native Method)
        at java.util.concurrent.locks.LockSupport.park(LockSupport.java:175)
        at java.util.concurrent.locks.AbstractQueuedSynchronizer$ConditionObject.await(AbstractQueuedSynchronizer.java:2039)
        at java.util.concurrent.ArrayBlockingQueue.take(ArrayBlockingQueue.java:403)
        at java.util.concurrent.ThreadPoolExecutor.getTask(ThreadPoolExecutor.java:1074)
        at java.util.concurrent.ThreadPoolExecutor.runWorker(ThreadPoolExecutor.java:1134)
        at java.util.concurrent.ThreadPoolExecutor$Worker.run(ThreadPoolExecutor.java:624)
        at java.lang.Thread.run(Thread.java:748)
"IPC Server handler 3 on 44367" daemon prio=5 tid=1069 timed_waiting
java.lang.Thread.State: TIMED_WAITING
        at sun.misc.Unsafe.park(Native Method)
        at java.util.concurrent.locks.LockSupport.parkNanos(LockSupport.java:215)
        at java.util.concurrent.locks.AbstractQueuedSynchronizer$ConditionObject.awaitNanos(AbstractQueuedSynchronizer.java:2078)
        at java.util.concurrent.LinkedBlockingQueue.poll(LinkedBlockingQueue.java:467)
        at org.apache.hadoop.ipc.CallQueueManager.take(CallQueueManager.java:288)
        at org.apache.hadoop.ipc.Server$Handler.run(Server.java:2668)
"pool-126-thread-33"  prio=5 tid=1303 in Object.wait()
java.lang.Thread.State: WAITING (on object monitor)
        at sun.misc.Unsafe.park(Native Method)
        at java.util.concurrent.locks.LockSupport.park(LockSupport.java:175)
        at java.util.concurrent.locks.AbstractQueuedSynchronizer$ConditionObject.await(AbstractQueuedSynchronizer.java:2039)
        at java.util.concurrent.ArrayBlockingQueue.take(ArrayBlockingQueue.java:403)
        at java.util.concurrent.ThreadPoolExecutor.getTask(ThreadPoolExecutor.java:1074)
        at java.util.concurrent.ThreadPoolExecutor.runWorker(ThreadPoolExecutor.java:1134)
        at java.util.concurrent.ThreadPoolExecutor$Worker.run(ThreadPoolExecutor.java:624)
        at java.lang.Thread.run(Thread.java:748)
"Datanode ReportManager Thread - 0" daemon prio=5 tid=225 in Object.wait()
java.lang.Thread.State: WAITING (on object monitor)
        at sun.misc.Unsafe.park(Native Method)
        at java.util.concurrent.locks.LockSupport.park(LockSupport.java:175)
        at java.util.concurrent.locks.AbstractQueuedSynchronizer$ConditionObject.await(AbstractQueuedSynchronizer.java:2039)
        at java.util.concurrent.ScheduledThreadPoolExecutor$DelayedWorkQueue.take(ScheduledThreadPoolExecutor.java:1088)
        at java.util.concurrent.ScheduledThreadPoolExecutor$DelayedWorkQueue.take(ScheduledThreadPoolExecutor.java:809)
        at java.util.concurrent.ThreadPoolExecutor.getTask(ThreadPoolExecutor.java:1074)
        at java.util.concurrent.ThreadPoolExecutor.runWorker(ThreadPoolExecutor.java:1134)
        at java.util.concurrent.ThreadPoolExecutor$Worker.run(ThreadPoolExecutor.java:624)
        at java.lang.Thread.run(Thread.java:748)
"grpc-default-worker-ELG-5-4" daemon prio=5 tid=1344 runnable
java.lang.Thread.State: RUNNABLE
        at sun.nio.ch.EPollArrayWrapper.epollWait(Native Method)
        at sun.nio.ch.EPollArrayWrapper.poll(EPollArrayWrapper.java:269)
        at sun.nio.ch.EPollSelectorImpl.doSelect(EPollSelectorImpl.java:93)
        at sun.nio.ch.SelectorImpl.lockAndDoSelect(SelectorImpl.java:86)
        at sun.nio.ch.SelectorImpl.select(SelectorImpl.java:97)
        at org.apache.ratis.thirdparty.io.netty.channel.nio.SelectedSelectionKeySetSelector.select(SelectedSelectionKeySetSelector.java:62)
        at org.apache.ratis.thirdparty.io.netty.channel.nio.NioEventLoop.select(NioEventLoop.java:753)
        at org.apache.ratis.thirdparty.io.netty.channel.nio.NioEventLoop.run(NioEventLoop.java:408)
        at org.apache.ratis.thirdparty.io.netty.util.concurrent.SingleThreadEventExecutor$5.run(SingleThreadEventExecutor.java:897)
        at org.apache.ratis.thirdparty.io.netty.util.concurrent.FastThreadLocalRunnable.run(FastThreadLocalRunnable.java:30)
        at java.lang.Thread.run(Thread.java:748)
"37bd8e8c-ea68-4b1c-8659-8d001c4f3b5c@group-BBCCAFE5DB64-StateMachineUpdater" daemon prio=5 tid=1193 in Object.wait()
java.lang.Thread.State: WAITING (on object monitor)
        at java.lang.Object.wait(Native Method)
        at java.lang.Object.wait(Object.java:502)
        at org.apache.ratis.server.impl.StateMachineUpdater.waitForCommit(StateMachineUpdater.java:194)
        at org.apache.ratis.server.impl.StateMachineUpdater.run(StateMachineUpdater.java:159)
        at java.lang.Thread.run(Thread.java:748)
"IPC Server handler 5 on 42245" daemon prio=5 tid=1031 timed_waiting
java.lang.Thread.State: TIMED_WAITING
        at sun.misc.Unsafe.park(Native Method)
        at java.util.concurrent.locks.LockSupport.parkNanos(LockSupport.java:215)
        at java.util.concurrent.locks.AbstractQueuedSynchronizer$ConditionObject.awaitNanos(AbstractQueuedSynchronizer.java:2078)
        at java.util.concurrent.LinkedBlockingQueue.poll(LinkedBlockingQueue.java:467)
        at org.apache.hadoop.ipc.CallQueueManager.take(CallQueueManager.java:288)
        at org.apache.hadoop.ipc.Server$Handler.run(Server.java:2668)
"pool-116-thread-18"  prio=5 tid=1212 in Object.wait()
java.lang.Thread.State: WAITING (on object monitor)
        at sun.misc.Unsafe.park(Native Method)
        at java.util.concurrent.locks.LockSupport.park(LockSupport.java:175)
        at java.util.concurrent.locks.AbstractQueuedSynchronizer$ConditionObject.await(AbstractQueuedSynchronizer.java:2039)
        at java.util.concurrent.ArrayBlockingQueue.take(ArrayBlockingQueue.java:403)
        at java.util.concurrent.ThreadPoolExecutor.getTask(ThreadPoolExecutor.java:1074)
        at java.util.concurrent.ThreadPoolExecutor.runWorker(ThreadPoolExecutor.java:1134)
        at java.util.concurrent.ThreadPoolExecutor$Worker.run(ThreadPoolExecutor.java:624)
        at java.lang.Thread.run(Thread.java:748)
"qtp1014555985-1139" daemon prio=5 tid=1139 runnable
java.lang.Thread.State: RUNNABLE
        at sun.nio.ch.EPollArrayWrapper.epollWait(Native Method)
        at sun.nio.ch.EPollArrayWrapper.poll(EPollArrayWrapper.java:269)
        at sun.nio.ch.EPollSelectorImpl.doSelect(EPollSelectorImpl.java:93)
        at sun.nio.ch.SelectorImpl.lockAndDoSelect(SelectorImpl.java:86)
        at sun.nio.ch.SelectorImpl.select(SelectorImpl.java:97)
        at sun.nio.ch.SelectorImpl.select(SelectorImpl.java:101)
        at org.eclipse.jetty.io.ManagedSelector$SelectorProducer.select(ManagedSelector.java:243)
        at org.eclipse.jetty.io.ManagedSelector$SelectorProducer.produce(ManagedSelector.java:191)
        at org.eclipse.jetty.util.thread.strategy.ExecuteProduceConsume.executeProduceConsume(ExecuteProduceConsume.java:249)
        at org.eclipse.jetty.util.thread.strategy.ExecuteProduceConsume.produceConsume(ExecuteProduceConsume.java:148)
        at org.eclipse.jetty.util.thread.strategy.ExecuteProduceConsume.execute(ExecuteProduceConsume.java:100)
        at org.eclipse.jetty.io.ManagedSelector.run(ManagedSelector.java:147)
        at org.eclipse.jetty.util.thread.QueuedThreadPool.runJob(QueuedThreadPool.java:671)
        at org.eclipse.jetty.util.thread.QueuedThreadPool$2.run(QueuedThreadPool.java:589)
        at java.lang.Thread.run(Thread.java:748)
"org.apache.hadoop.util.JvmPauseMonitor$Monitor@7fb66650" daemon prio=5 tid=1098 timed_waiting
java.lang.Thread.State: TIMED_WAITING
        at java.lang.Thread.sleep(Native Method)
        at org.apache.hadoop.util.JvmPauseMonitor$Monitor.run(JvmPauseMonitor.java:192)
        at java.lang.Thread.run(Thread.java:748)
"pool-126-thread-19"  prio=5 tid=1289 in Object.wait()
java.lang.Thread.State: WAITING (on object monitor)
        at sun.misc.Unsafe.park(Native Method)
        at java.util.concurrent.locks.LockSupport.park(LockSupport.java:175)
        at java.util.concurrent.locks.AbstractQueuedSynchronizer$ConditionObject.await(AbstractQueuedSynchronizer.java:2039)
        at java.util.concurrent.ArrayBlockingQueue.take(ArrayBlockingQueue.java:403)
        at java.util.concurrent.ThreadPoolExecutor.getTask(ThreadPoolExecutor.java:1074)
        at java.util.concurrent.ThreadPoolExecutor.runWorker(ThreadPoolExecutor.java:1134)
        at java.util.concurrent.ThreadPoolExecutor$Worker.run(ThreadPoolExecutor.java:624)
        at java.lang.Thread.run(Thread.java:748)
"Datanode ReportManager Thread - 2" daemon prio=5 tid=1124 timed_waiting
java.lang.Thread.State: TIMED_WAITING
        at sun.misc.Unsafe.park(Native Method)
        at java.util.concurrent.locks.LockSupport.parkNanos(LockSupport.java:215)
        at java.util.concurrent.locks.AbstractQueuedSynchronizer$ConditionObject.awaitNanos(AbstractQueuedSynchronizer.java:2078)
        at java.util.concurrent.ScheduledThreadPoolExecutor$DelayedWorkQueue.take(ScheduledThreadPoolExecutor.java:1093)
        at java.util.concurrent.ScheduledThreadPoolExecutor$DelayedWorkQueue.take(ScheduledThreadPoolExecutor.java:809)
        at java.util.concurrent.ThreadPoolExecutor.getTask(ThreadPoolExecutor.java:1074)
        at java.util.concurrent.ThreadPoolExecutor.runWorker(ThreadPoolExecutor.java:1134)
        at java.util.concurrent.ThreadPoolExecutor$Worker.run(ThreadPoolExecutor.java:624)
        at java.lang.Thread.run(Thread.java:748)
"pool-126-thread-44"  prio=5 tid=1314 in Object.wait()
java.lang.Thread.State: WAITING (on object monitor)
        at sun.misc.Unsafe.park(Native Method)
        at java.util.concurrent.locks.LockSupport.park(LockSupport.java:175)
        at java.util.concurrent.locks.AbstractQueuedSynchronizer$ConditionObject.await(AbstractQueuedSynchronizer.java:2039)
        at java.util.concurrent.ArrayBlockingQueue.take(ArrayBlockingQueue.java:403)
        at java.util.concurrent.ThreadPoolExecutor.getTask(ThreadPoolExecutor.java:1074)
        at java.util.concurrent.ThreadPoolExecutor.runWorker(ThreadPoolExecutor.java:1134)
        at java.util.concurrent.ThreadPoolExecutor$Worker.run(ThreadPoolExecutor.java:624)
        at java.lang.Thread.run(Thread.java:748)
"pool-126-thread-8"  prio=5 tid=1278 in Object.wait()
java.lang.Thread.State: WAITING (on object monitor)
        at sun.misc.Unsafe.park(Native Method)
        at java.util.concurrent.locks.LockSupport.park(LockSupport.java:175)
        at java.util.concurrent.locks.AbstractQueuedSynchronizer$ConditionObject.await(AbstractQueuedSynchronizer.java:2039)
        at java.util.concurrent.ArrayBlockingQueue.take(ArrayBlockingQueue.java:403)
        at java.util.concurrent.ThreadPoolExecutor.getTask(ThreadPoolExecutor.java:1074)
        at java.util.concurrent.ThreadPoolExecutor.runWorker(ThreadPoolExecutor.java:1134)
        at java.util.concurrent.ThreadPoolExecutor$Worker.run(ThreadPoolExecutor.java:624)
        at java.lang.Thread.run(Thread.java:748)
"pool-126-thread-34"  prio=5 tid=1304 in Object.wait()
java.lang.Thread.State: WAITING (on object monitor)
        at sun.misc.Unsafe.park(Native Method)
        at java.util.concurrent.locks.LockSupport.park(LockSupport.java:175)
        at java.util.concurrent.locks.AbstractQueuedSynchronizer$ConditionObject.await(AbstractQueuedSynchronizer.java:2039)
        at java.util.concurrent.ArrayBlockingQueue.take(ArrayBlockingQueue.java:403)
        at java.util.concurrent.ThreadPoolExecutor.getTask(ThreadPoolExecutor.java:1074)
        at java.util.concurrent.ThreadPoolExecutor.runWorker(ThreadPoolExecutor.java:1134)
        at java.util.concurrent.ThreadPoolExecutor$Worker.run(ThreadPoolExecutor.java:624)
        at java.lang.Thread.run(Thread.java:748)
"EventQueue-NewNodeForNewNodeHandler" daemon prio=5 tid=1263 in Object.wait()
java.lang.Thread.State: WAITING (on object monitor)
        at sun.misc.Unsafe.park(Native Method)
        at java.util.concurrent.locks.LockSupport.park(LockSupport.java:175)
        at java.util.concurrent.locks.AbstractQueuedSynchronizer$ConditionObject.await(AbstractQueuedSynchronizer.java:2039)
        at java.util.concurrent.LinkedBlockingQueue.take(LinkedBlockingQueue.java:442)
        at java.util.concurrent.ThreadPoolExecutor.getTask(ThreadPoolExecutor.java:1074)
        at java.util.concurrent.ThreadPoolExecutor.runWorker(ThreadPoolExecutor.java:1134)
        at java.util.concurrent.ThreadPoolExecutor$Worker.run(ThreadPoolExecutor.java:624)
        at java.lang.Thread.run(Thread.java:748)
"metrics-hadoop-metrics2-reporter-54-thread-1" daemon prio=5 tid=943 timed_waiting
java.lang.Thread.State: TIMED_WAITING
        at sun.misc.Unsafe.park(Native Method)
        at java.util.concurrent.locks.LockSupport.parkNanos(LockSupport.java:215)
        at java.util.concurrent.locks.AbstractQueuedSynchronizer$ConditionObject.awaitNanos(AbstractQueuedSynchronizer.java:2078)
        at java.util.concurrent.ScheduledThreadPoolExecutor$DelayedWorkQueue.take(ScheduledThreadPoolExecutor.java:1093)
        at java.util.concurrent.ScheduledThreadPoolExecutor$DelayedWorkQueue.take(ScheduledThreadPoolExecutor.java:809)
        at java.util.concurrent.ThreadPoolExecutor.getTask(ThreadPoolExecutor.java:1074)
        at java.util.concurrent.ThreadPoolExecutor.runWorker(ThreadPoolExecutor.java:1134)
        at java.util.concurrent.ThreadPoolExecutor$Worker.run(ThreadPoolExecutor.java:624)
        at java.lang.Thread.run(Thread.java:748)
"metrics-hadoop-metrics2-reporter-25-thread-1" daemon prio=5 tid=764 timed_waiting
java.lang.Thread.State: TIMED_WAITING
        at sun.misc.Unsafe.park(Native Method)
        at java.util.concurrent.locks.LockSupport.parkNanos(LockSupport.java:215)
        at java.util.concurrent.locks.AbstractQueuedSynchronizer$ConditionObject.awaitNanos(AbstractQueuedSynchronizer.java:2078)
        at java.util.concurrent.ScheduledThreadPoolExecutor$DelayedWorkQueue.take(ScheduledThreadPoolExecutor.java:1093)
        at java.util.concurrent.ScheduledThreadPoolExecutor$DelayedWorkQueue.take(ScheduledThreadPoolExecutor.java:809)
        at java.util.concurrent.ThreadPoolExecutor.getTask(ThreadPoolExecutor.java:1074)
        at java.util.concurrent.ThreadPoolExecutor.runWorker(ThreadPoolExecutor.java:1134)
        at java.util.concurrent.ThreadPoolExecutor$Worker.run(ThreadPoolExecutor.java:624)
        at java.lang.Thread.run(Thread.java:748)
"IPC Server Responder" daemon prio=5 tid=1018 runnable
java.lang.Thread.State: RUNNABLE
        at sun.nio.ch.EPollArrayWrapper.epollWait(Native Method)
        at sun.nio.ch.EPollArrayWrapper.poll(EPollArrayWrapper.java:269)
        at sun.nio.ch.EPollSelectorImpl.doSelect(EPollSelectorImpl.java:93)
        at sun.nio.ch.SelectorImpl.lockAndDoSelect(SelectorImpl.java:86)
        at sun.nio.ch.SelectorImpl.select(SelectorImpl.java:97)
        at org.apache.hadoop.ipc.Server$Responder.doRunLoop(Server.java:1334)
        at org.apache.hadoop.ipc.Server$Responder.run(Server.java:1317)
"IPC Server handler 2 on 44367" daemon prio=5 tid=1068 timed_waiting
java.lang.Thread.State: TIMED_WAITING
        at sun.misc.Unsafe.park(Native Method)
        at java.util.concurrent.locks.LockSupport.parkNanos(LockSupport.java:215)
        at java.util.concurrent.locks.AbstractQueuedSynchronizer$ConditionObject.awaitNanos(AbstractQueuedSynchronizer.java:2078)
        at java.util.concurrent.LinkedBlockingQueue.poll(LinkedBlockingQueue.java:467)
        at org.apache.hadoop.ipc.CallQueueManager.take(CallQueueManager.java:288)
        at org.apache.hadoop.ipc.Server$Handler.run(Server.java:2668)
"Datanode ReportManager Thread - 3" daemon prio=5 tid=282 in Object.wait()
java.lang.Thread.State: WAITING (on object monitor)
        at sun.misc.Unsafe.park(Native Method)
        at java.util.concurrent.locks.LockSupport.park(LockSupport.java:175)
        at java.util.concurrent.locks.AbstractQueuedSynchronizer$ConditionObject.await(AbstractQueuedSynchronizer.java:2039)
        at java.util.concurrent.ScheduledThreadPoolExecutor$DelayedWorkQueue.take(ScheduledThreadPoolExecutor.java:1088)
        at java.util.concurrent.ScheduledThreadPoolExecutor$DelayedWorkQueue.take(ScheduledThreadPoolExecutor.java:809)
        at java.util.concurrent.ThreadPoolExecutor.getTask(ThreadPoolExecutor.java:1074)
        at java.util.concurrent.ThreadPoolExecutor.runWorker(ThreadPoolExecutor.java:1134)
        at java.util.concurrent.ThreadPoolExecutor$Worker.run(ThreadPoolExecutor.java:624)
        at java.lang.Thread.run(Thread.java:748)
"IPC Server handler 0 on 41574" daemon prio=5 tid=1046 timed_waiting
java.lang.Thread.State: TIMED_WAITING
        at sun.misc.Unsafe.park(Native Method)
        at java.util.concurrent.locks.LockSupport.parkNanos(LockSupport.java:215)
        at java.util.concurrent.locks.AbstractQueuedSynchronizer$ConditionObject.awaitNanos(AbstractQueuedSynchronizer.java:2078)
        at java.util.concurrent.LinkedBlockingQueue.poll(LinkedBlockingQueue.java:467)
        at org.apache.hadoop.ipc.CallQueueManager.take(CallQueueManager.java:288)
        at org.apache.hadoop.ipc.Server$Handler.run(Server.java:2668)
"IPC Server handler 19 on 44367" daemon prio=5 tid=1085 timed_waiting
java.lang.Thread.State: TIMED_WAITING
        at sun.misc.Unsafe.park(Native Method)
        at java.util.concurrent.locks.LockSupport.parkNanos(LockSupport.java:215)
        at java.util.concurrent.locks.AbstractQueuedSynchronizer$ConditionObject.awaitNanos(AbstractQueuedSynchronizer.java:2078)
        at java.util.concurrent.LinkedBlockingQueue.poll(LinkedBlockingQueue.java:467)
        at org.apache.hadoop.ipc.CallQueueManager.take(CallQueueManager.java:288)
        at org.apache.hadoop.ipc.Server$Handler.run(Server.java:2668)
"Datanode ReportManager Thread - 1" daemon prio=5 tid=1186 in Object.wait()
java.lang.Thread.State: WAITING (on object monitor)
        at sun.misc.Unsafe.park(Native Method)
        at java.util.concurrent.locks.LockSupport.park(LockSupport.java:175)
        at java.util.concurrent.locks.AbstractQueuedSynchronizer$ConditionObject.await(AbstractQueuedSynchronizer.java:2039)
        at java.util.concurrent.ScheduledThreadPoolExecutor$DelayedWorkQueue.take(ScheduledThreadPoolExecutor.java:1088)
        at java.util.concurrent.ScheduledThreadPoolExecutor$DelayedWorkQueue.take(ScheduledThreadPoolExecutor.java:809)
        at java.util.concurrent.ThreadPoolExecutor.getTask(ThreadPoolExecutor.java:1074)
        at java.util.concurrent.ThreadPoolExecutor.runWorker(ThreadPoolExecutor.java:1134)
        at java.util.concurrent.ThreadPoolExecutor$Worker.run(ThreadPoolExecutor.java:624)
        at java.lang.Thread.run(Thread.java:748)
"Datanode State Machine Thread - 0" daemon prio=5 tid=1153 timed_waiting
java.lang.Thread.State: TIMED_WAITING
        at java.lang.Thread.sleep(Native Method)
        at org.apache.hadoop.ozone.container.common.statemachine.DatanodeStateMachine.start(DatanodeStateMachine.java:191)
        at org.apache.hadoop.ozone.container.common.statemachine.DatanodeStateMachine.lambda$startDaemon$0(DatanodeStateMachine.java:349)
        at org.apache.hadoop.ozone.container.common.statemachine.DatanodeStateMachine$$Lambda$141/190868662.run(Unknown Source)
        at java.lang.Thread.run(Thread.java:748)
"pool-116-thread-48"  prio=5 tid=1242 in Object.wait()
java.lang.Thread.State: WAITING (on object monitor)
        at sun.misc.Unsafe.park(Native Method)
        at java.util.concurrent.locks.LockSupport.park(LockSupport.java:175)
        at java.util.concurrent.locks.AbstractQueuedSynchronizer$ConditionObject.await(AbstractQueuedSynchronizer.java:2039)
        at java.util.concurrent.ArrayBlockingQueue.take(ArrayBlockingQueue.java:403)
        at java.util.concurrent.ThreadPoolExecutor.getTask(ThreadPoolExecutor.java:1074)
        at java.util.concurrent.ThreadPoolExecutor.runWorker(ThreadPoolExecutor.java:1134)
        at java.util.concurrent.ThreadPoolExecutor$Worker.run(ThreadPoolExecutor.java:624)
        at java.lang.Thread.run(Thread.java:748)
"IPC Server handler 17 on 41574" daemon prio=5 tid=1063 timed_waiting
java.lang.Thread.State: TIMED_WAITING
        at sun.misc.Unsafe.park(Native Method)
        at java.util.concurrent.locks.LockSupport.parkNanos(LockSupport.java:215)
        at java.util.concurrent.locks.AbstractQueuedSynchronizer$ConditionObject.awaitNanos(AbstractQueuedSynchronizer.java:2078)
        at java.util.concurrent.LinkedBlockingQueue.poll(LinkedBlockingQueue.java:467)
        at org.apache.hadoop.ipc.CallQueueManager.take(CallQueueManager.java:288)
        at org.apache.hadoop.ipc.Server$Handler.run(Server.java:2668)
"qtp1014555985-1146" daemon prio=5 tid=1146 timed_waiting
java.lang.Thread.State: TIMED_WAITING
        at sun.misc.Unsafe.park(Native Method)
        at java.util.concurrent.locks.LockSupport.parkNanos(LockSupport.java:215)
        at java.util.concurrent.locks.AbstractQueuedSynchronizer$ConditionObject.awaitNanos(AbstractQueuedSynchronizer.java:2078)
        at org.eclipse.jetty.util.BlockingArrayQueue.poll(BlockingArrayQueue.java:392)
        at org.eclipse.jetty.util.thread.QueuedThreadPool.idleJobPoll(QueuedThreadPool.java:563)
        at org.eclipse.jetty.util.thread.QueuedThreadPool.access$800(QueuedThreadPool.java:48)
        at org.eclipse.jetty.util.thread.QueuedThreadPool$2.run(QueuedThreadPool.java:626)
        at java.lang.Thread.run(Thread.java:748)
"pool-126-thread-17"  prio=5 tid=1287 in Object.wait()
java.lang.Thread.State: WAITING (on object monitor)
        at sun.misc.Unsafe.park(Native Method)
        at java.util.concurrent.locks.LockSupport.park(LockSupport.java:175)
        at java.util.concurrent.locks.AbstractQueuedSynchronizer$ConditionObject.await(AbstractQueuedSynchronizer.java:2039)
        at java.util.concurrent.ArrayBlockingQueue.take(ArrayBlockingQueue.java:403)
        at java.util.concurrent.ThreadPoolExecutor.getTask(ThreadPoolExecutor.java:1074)
        at java.util.concurrent.ThreadPoolExecutor.runWorker(ThreadPoolExecutor.java:1134)
        at java.util.concurrent.ThreadPoolExecutor$Worker.run(ThreadPoolExecutor.java:624)
        at java.lang.Thread.run(Thread.java:748)
"pool-116-thread-42"  prio=5 tid=1236 in Object.wait()
java.lang.Thread.State: WAITING (on object monitor)
        at sun.misc.Unsafe.park(Native Method)
        at java.util.concurrent.locks.LockSupport.park(LockSupport.java:175)
        at java.util.concurrent.locks.AbstractQueuedSynchronizer$ConditionObject.await(AbstractQueuedSynchronizer.java:2039)
        at java.util.concurrent.ArrayBlockingQueue.take(ArrayBlockingQueue.java:403)
        at java.util.concurrent.ThreadPoolExecutor.getTask(ThreadPoolExecutor.java:1074)
        at java.util.concurrent.ThreadPoolExecutor.runWorker(ThreadPoolExecutor.java:1134)
        at java.util.concurrent.ThreadPoolExecutor$Worker.run(ThreadPoolExecutor.java:624)
        at java.lang.Thread.run(Thread.java:748)
"pool-106-thread-43"  prio=5 tid=1411 in Object.wait()
java.lang.Thread.State: WAITING (on object monitor)
        at sun.misc.Unsafe.park(Native Method)
        at java.util.concurrent.locks.LockSupport.park(LockSupport.java:175)
        at java.util.concurrent.locks.AbstractQueuedSynchronizer$ConditionObject.await(AbstractQueuedSynchronizer.java:2039)
        at java.util.concurrent.ArrayBlockingQueue.take(ArrayBlockingQueue.java:403)
        at java.util.concurrent.ThreadPoolExecutor.getTask(ThreadPoolExecutor.java:1074)
        at java.util.concurrent.ThreadPoolExecutor.runWorker(ThreadPoolExecutor.java:1134)
        at java.util.concurrent.ThreadPoolExecutor$Worker.run(ThreadPoolExecutor.java:624)
        at java.lang.Thread.run(Thread.java:748)
"IPC Parameter Sending Thread #0" daemon prio=5 tid=105 timed_waiting
java.lang.Thread.State: TIMED_WAITING
        at sun.misc.Unsafe.park(Native Method)
        at java.util.concurrent.locks.LockSupport.parkNanos(LockSupport.java:215)
        at java.util.concurrent.SynchronousQueue$TransferStack.awaitFulfill(SynchronousQueue.java:460)
        at java.util.concurrent.SynchronousQueue$TransferStack.transfer(SynchronousQueue.java:362)
        at java.util.concurrent.SynchronousQueue.poll(SynchronousQueue.java:941)
        at java.util.concurrent.ThreadPoolExecutor.getTask(ThreadPoolExecutor.java:1073)
        at java.util.concurrent.ThreadPoolExecutor.runWorker(ThreadPoolExecutor.java:1134)
        at java.util.concurrent.ThreadPoolExecutor$Worker.run(ThreadPoolExecutor.java:624)
        at java.lang.Thread.run(Thread.java:748)
"Datanode ReportManager Thread - 0" daemon prio=5 tid=198 in Object.wait()
java.lang.Thread.State: WAITING (on object monitor)
        at sun.misc.Unsafe.park(Native Method)
        at java.util.concurrent.locks.LockSupport.park(LockSupport.java:175)
        at java.util.concurrent.locks.AbstractQueuedSynchronizer$ConditionObject.await(AbstractQueuedSynchronizer.java:2039)
        at java.util.concurrent.ScheduledThreadPoolExecutor$DelayedWorkQueue.take(ScheduledThreadPoolExecutor.java:1088)
        at java.util.concurrent.ScheduledThreadPoolExecutor$DelayedWorkQueue.take(ScheduledThreadPoolExecutor.java:809)
        at java.util.concurrent.ThreadPoolExecutor.getTask(ThreadPoolExecutor.java:1074)
        at java.util.concurrent.ThreadPoolExecutor.runWorker(ThreadPoolExecutor.java:1134)
        at java.util.concurrent.ThreadPoolExecutor$Worker.run(ThreadPoolExecutor.java:624)
        at java.lang.Thread.run(Thread.java:748)
"pool-106-thread-22"  prio=5 tid=1390 in Object.wait()
java.lang.Thread.State: WAITING (on object monitor)
        at sun.misc.Unsafe.park(Native Method)
        at java.util.concurrent.locks.LockSupport.park(LockSupport.java:175)
        at java.util.concurrent.locks.AbstractQueuedSynchronizer$ConditionObject.await(AbstractQueuedSynchronizer.java:2039)
        at java.util.concurrent.ArrayBlockingQueue.take(ArrayBlockingQueue.java:403)
        at java.util.concurrent.ThreadPoolExecutor.getTask(ThreadPoolExecutor.java:1074)
        at java.util.concurrent.ThreadPoolExecutor.runWorker(ThreadPoolExecutor.java:1134)
        at java.util.concurrent.ThreadPoolExecutor$Worker.run(ThreadPoolExecutor.java:624)
        at java.lang.Thread.run(Thread.java:748)
"pool-126-thread-18"  prio=5 tid=1288 in Object.wait()
java.lang.Thread.State: WAITING (on object monitor)
        at sun.misc.Unsafe.park(Native Method)
        at java.util.concurrent.locks.LockSupport.park(LockSupport.java:175)
        at java.util.concurrent.locks.AbstractQueuedSynchronizer$ConditionObject.await(AbstractQueuedSynchronizer.java:2039)
        at java.util.concurrent.ArrayBlockingQueue.take(ArrayBlockingQueue.java:403)
        at java.util.concurrent.ThreadPoolExecutor.getTask(ThreadPoolExecutor.java:1074)
        at java.util.concurrent.ThreadPoolExecutor.runWorker(ThreadPoolExecutor.java:1134)
        at java.util.concurrent.ThreadPoolExecutor$Worker.run(ThreadPoolExecutor.java:624)
        at java.lang.Thread.run(Thread.java:748)
"org.apache.hadoop.util.JvmPauseMonitor$Monitor@7e021dae" daemon prio=5 tid=1127 timed_waiting
java.lang.Thread.State: TIMED_WAITING
        at java.lang.Thread.sleep(Native Method)
        at org.apache.hadoop.util.JvmPauseMonitor$Monitor.run(JvmPauseMonitor.java:192)
        at java.lang.Thread.run(Thread.java:748)
"metrics-hadoop-metrics2-reporter-4-thread-1" daemon prio=5 tid=710 timed_waiting
java.lang.Thread.State: TIMED_WAITING
        at sun.misc.Unsafe.park(Native Method)
        at java.util.concurrent.locks.LockSupport.parkNanos(LockSupport.java:215)
        at java.util.concurrent.locks.AbstractQueuedSynchronizer$ConditionObject.awaitNanos(AbstractQueuedSynchronizer.java:2078)
        at java.util.concurrent.ScheduledThreadPoolExecutor$DelayedWorkQueue.take(ScheduledThreadPoolExecutor.java:1093)
        at java.util.concurrent.ScheduledThreadPoolExecutor$DelayedWorkQueue.take(ScheduledThreadPoolExecutor.java:809)
        at java.util.concurrent.ThreadPoolExecutor.getTask(ThreadPoolExecutor.java:1074)
        at java.util.concurrent.ThreadPoolExecutor.runWorker(ThreadPoolExecutor.java:1134)
        at java.util.concurrent.ThreadPoolExecutor$Worker.run(ThreadPoolExecutor.java:624)
        at java.lang.Thread.run(Thread.java:748)
"BlockDeletingService#0" daemon prio=5 tid=1431 timed_waiting
java.lang.Thread.State: TIMED_WAITING
        at sun.misc.Unsafe.park(Native Method)
        at java.util.concurrent.locks.LockSupport.parkNanos(LockSupport.java:215)
        at java.util.concurrent.locks.AbstractQueuedSynchronizer$ConditionObject.awaitNanos(AbstractQueuedSynchronizer.java:2078)
        at java.util.concurrent.ScheduledThreadPoolExecutor$DelayedWorkQueue.take(ScheduledThreadPoolExecutor.java:1093)
        at java.util.concurrent.ScheduledThreadPoolExecutor$DelayedWorkQueue.take(ScheduledThreadPoolExecutor.java:809)
        at java.util.concurrent.ThreadPoolExecutor.getTask(ThreadPoolExecutor.java:1074)
        at java.util.concurrent.ThreadPoolExecutor.runWorker(ThreadPoolExecutor.java:1134)
        at java.util.concurrent.ThreadPoolExecutor$Worker.run(ThreadPoolExecutor.java:624)
        at java.lang.Thread.run(Thread.java:748)
"pool-110-thread-1"  prio=5 tid=1108 timed_waiting
java.lang.Thread.State: TIMED_WAITING
        at sun.misc.Unsafe.park(Native Method)
        at java.util.concurrent.locks.LockSupport.parkNanos(LockSupport.java:215)
        at java.util.concurrent.locks.AbstractQueuedSynchronizer$ConditionObject.awaitNanos(AbstractQueuedSynchronizer.java:2078)
        at java.util.concurrent.ScheduledThreadPoolExecutor$DelayedWorkQueue.take(ScheduledThreadPoolExecutor.java:1093)
        at java.util.concurrent.ScheduledThreadPoolExecutor$DelayedWorkQueue.take(ScheduledThreadPoolExecutor.java:809)
        at java.util.concurrent.ThreadPoolExecutor.getTask(ThreadPoolExecutor.java:1074)
        at java.util.concurrent.ThreadPoolExecutor.runWorker(ThreadPoolExecutor.java:1134)
        at java.util.concurrent.ThreadPoolExecutor$Worker.run(ThreadPoolExecutor.java:624)
        at java.lang.Thread.run(Thread.java:748)
"IPC Server handler 18 on 42245" daemon prio=5 tid=1044 timed_waiting
java.lang.Thread.State: TIMED_WAITING
        at sun.misc.Unsafe.park(Native Method)
        at java.util.concurrent.locks.LockSupport.parkNanos(LockSupport.java:215)
        at java.util.concurrent.locks.AbstractQueuedSynchronizer$ConditionObject.awaitNanos(AbstractQueuedSynchronizer.java:2078)
        at java.util.concurrent.LinkedBlockingQueue.poll(LinkedBlockingQueue.java:467)
        at org.apache.hadoop.ipc.CallQueueManager.take(CallQueueManager.java:288)
        at org.apache.hadoop.ipc.Server$Handler.run(Server.java:2668)
"pool-116-thread-47"  prio=5 tid=1241 in Object.wait()
java.lang.Thread.State: WAITING (on object monitor)
        at sun.misc.Unsafe.park(Native Method)
        at java.util.concurrent.locks.LockSupport.park(LockSupport.java:175)
        at java.util.concurrent.locks.AbstractQueuedSynchronizer$ConditionObject.await(AbstractQueuedSynchronizer.java:2039)
        at java.util.concurrent.ArrayBlockingQueue.take(ArrayBlockingQueue.java:403)
        at java.util.concurrent.ThreadPoolExecutor.getTask(ThreadPoolExecutor.java:1074)
        at java.util.concurrent.ThreadPoolExecutor.runWorker(ThreadPoolExecutor.java:1134)
        at java.util.concurrent.ThreadPoolExecutor$Worker.run(ThreadPoolExecutor.java:624)
        at java.lang.Thread.run(Thread.java:748)


	at org.apache.hadoop.test.GenericTestUtils.waitFor(GenericTestUtils.java:389)
	at org.apache.hadoop.hdds.scm.safemode.TestSCMSafeModeWithPipelineRules.testScmSafeMode(TestSCMSafeModeWithPipelineRules.java:116)
	at sun.reflect.NativeMethodAccessorImpl.invoke0(Native Method)
	at sun.reflect.NativeMethodAccessorImpl.invoke(NativeMethodAccessorImpl.java:62)
	at sun.reflect.DelegatingMethodAccessorImpl.invoke(DelegatingMethodAccessorImpl.java:43)
	at java.lang.reflect.Method.invoke(Method.java:498)
	at org.junit.runners.model.FrameworkMethod$1.runReflectiveCall(FrameworkMethod.java:47)
	at org.junit.internal.runners.model.ReflectiveCallable.run(ReflectiveCallable.java:12)
	at org.junit.runners.model.FrameworkMethod.invokeExplosively(FrameworkMethod.java:44)
	at org.junit.internal.runners.statements.InvokeMethod.evaluate(InvokeMethod.java:17)
	at org.junit.internal.runners.statements.RunAfters.evaluate(RunAfters.java:27)
	at org.junit.rules.ExternalResource$1.evaluate(ExternalResource.java:48)
	at org.junit.rules.RunRules.evaluate(RunRules.java:20)
	at org.junit.runners.ParentRunner.runLeaf(ParentRunner.java:271)
	at org.junit.runners.BlockJUnit4ClassRunner.runChild(BlockJUnit4ClassRunner.java:70)
	at org.junit.runners.BlockJUnit4ClassRunner.runChild(BlockJUnit4ClassRunner.java:50)
	at org.junit.runners.ParentRunner$3.run(ParentRunner.java:238)
	at org.junit.runners.ParentRunner$1.schedule(ParentRunner.java:63)
	at org.junit.runners.ParentRunner.runChildren(ParentRunner.java:236)
	at org.junit.runners.ParentRunner.access$000(ParentRunner.java:53)
	at org.junit.runners.ParentRunner$2.evaluate(ParentRunner.java:229)
	at org.junit.runners.ParentRunner.run(ParentRunner.java:309)
	at org.apache.maven.surefire.junit4.JUnit4Provider.execute(JUnit4Provider.java:365)
	at org.apache.maven.surefire.junit4.JUnit4Provider.executeWithRerun(JUnit4Provider.java:273)
	at org.apache.maven.surefire.junit4.JUnit4Provider.executeTestSet(JUnit4Provider.java:238)
	at org.apache.maven.surefire.junit4.JUnit4Provider.invoke(JUnit4Provider.java:159)
	at org.apache.maven.surefire.booter.ForkedBooter.invokeProviderInSameClassLoader(ForkedBooter.java:384)
	at org.apache.maven.surefire.booter.ForkedBooter.runSuitesInProcess(ForkedBooter.java:345)
	at org.apache.maven.surefire.booter.ForkedBooter.execute(ForkedBooter.java:126)
	at org.apache.maven.surefire.booter.ForkedBooter.main(ForkedBooter.java:418)
</error>
    <system-out><![CDATA[2019-10-17 07:42:34,535 [main] WARN  server.ServerUtils (ServerUtils.java:getScmDbDir(145)) - ozone.scm.db.dirs is not configured. We recommend adding this setting. Falling back to ozone.metadata.dirs instead.
2019-10-17 07:42:34,619 [main] WARN  server.ServerUtils (ServerUtils.java:getScmDbDir(145)) - ozone.scm.db.dirs is not configured. We recommend adding this setting. Falling back to ozone.metadata.dirs instead.
2019-10-17 07:42:34,621 [main] WARN  server.ServerUtils (ServerUtils.java:getScmDbDir(145)) - ozone.scm.db.dirs is not configured. We recommend adding this setting. Falling back to ozone.metadata.dirs instead.
2019-10-17 07:42:34,640 [main] INFO  util.log (Log.java:initialized(192)) - Logging initialized @735ms
2019-10-17 07:42:34,716 [main] INFO  db.DBStoreBuilder (DBStoreBuilder.java:addTable(117)) - using custom profile for table: deletedBlocks
2019-10-17 07:42:34,717 [main] INFO  db.DBStoreBuilder (DBStoreBuilder.java:processTables(168)) - Using default column profile:DBProfile.DISK for Table:deletedBlocks
2019-10-17 07:42:34,717 [main] INFO  db.DBStoreBuilder (DBStoreBuilder.java:addTable(117)) - using custom profile for table: validCerts
2019-10-17 07:42:34,717 [main] INFO  db.DBStoreBuilder (DBStoreBuilder.java:processTables(168)) - Using default column profile:DBProfile.DISK for Table:validCerts
2019-10-17 07:42:34,717 [main] INFO  db.DBStoreBuilder (DBStoreBuilder.java:addTable(117)) - using custom profile for table: revokedCerts
2019-10-17 07:42:34,718 [main] INFO  db.DBStoreBuilder (DBStoreBuilder.java:processTables(168)) - Using default column profile:DBProfile.DISK for Table:revokedCerts
2019-10-17 07:42:34,726 [main] INFO  db.DBStoreBuilder (DBStoreBuilder.java:addTable(117)) - using custom profile for table: default
2019-10-17 07:42:34,726 [main] INFO  db.DBStoreBuilder (DBStoreBuilder.java:processTables(174)) - Using default column profile:DBProfile.DISK for Table:default
2019-10-17 07:42:34,727 [main] INFO  db.DBStoreBuilder (DBStoreBuilder.java:getDbProfile(205)) - Using default options. DBProfile.DISK
2019-10-17 07:42:34,895 [main] INFO  net.NodeSchemaLoader (NodeSchemaLoader.java:loadSchemaFromFile(125)) - Loading file from sun.misc.CompoundEnumeration@28701274
2019-10-17 07:42:34,896 [main] INFO  net.NodeSchemaLoader (NodeSchemaLoader.java:loadSchema(171)) - Loading network topology layer schema file
2019-10-17 07:42:34,947 [main] INFO  node.SCMNodeManager (SCMNodeManager.java:<init>(116)) - Entering startup safe mode.
2019-10-17 07:42:35,005 [main] INFO  algorithms.ContainerPlacementPolicyFactory (ContainerPlacementPolicyFactory.java:getPolicy(57)) - Create container placement policy of type org.apache.hadoop.hdds.scm.container.placement.algorithms.SCMContainerPlacementRandom
2019-10-17 07:42:35,018 [main] WARN  server.ServerUtils (ServerUtils.java:getScmDbDir(145)) - ozone.scm.db.dirs is not configured. We recommend adding this setting. Falling back to ozone.metadata.dirs instead.
2019-10-17 07:42:35,089 [main] INFO  pipeline.SCMPipelineManager (SCMPipelineManager.java:initializePipelineState(132)) - No pipeline exists in current db
2019-10-17 07:42:35,092 [main] WARN  server.ServerUtils (ServerUtils.java:getScmDbDir(145)) - ozone.scm.db.dirs is not configured. We recommend adding this setting. Falling back to ozone.metadata.dirs instead.
2019-10-17 07:42:35,201 [main] INFO  safemode.HealthyPipelineSafeModeRule (HealthyPipelineSafeModeRule.java:<init>(90)) -  Total pipeline count is 0, healthy pipeline threshold count is 0
2019-10-17 07:42:35,202 [main] INFO  safemode.OneReplicaPipelineSafeModeRule (OneReplicaPipelineSafeModeRule.java:<init>(84)) -  Total pipeline count is 0, pipeline's with atleast one datanode reported threshold count is 0
2019-10-17 07:42:35,203 [main] WARN  events.EventQueue (EventQueue.java:fireEvent(183)) - No event handler registered for event TypedEvent{payloadType=SafeModeStatus, name='SafeModeStatus'}
2019-10-17 07:42:35,485 [main] INFO  ipc.CallQueueManager (CallQueueManager.java:<init>(84)) - Using callQueue: class java.util.concurrent.LinkedBlockingQueue, queueCapacity: 2000, scheduler: class org.apache.hadoop.ipc.DefaultRpcScheduler, ipcBackoff: false.
2019-10-17 07:42:35,503 [Socket Reader #1 for port 44367] INFO  ipc.Server (Server.java:run(1074)) - Starting Socket Reader #1 for port 44367
2019-10-17 07:42:35,608 [main] INFO  ipc.CallQueueManager (CallQueueManager.java:<init>(84)) - Using callQueue: class java.util.concurrent.LinkedBlockingQueue, queueCapacity: 2000, scheduler: class org.apache.hadoop.ipc.DefaultRpcScheduler, ipcBackoff: false.
2019-10-17 07:42:35,609 [Socket Reader #1 for port 41574] INFO  ipc.Server (Server.java:run(1074)) - Starting Socket Reader #1 for port 41574
2019-10-17 07:42:35,615 [main] INFO  ipc.CallQueueManager (CallQueueManager.java:<init>(84)) - Using callQueue: class java.util.concurrent.LinkedBlockingQueue, queueCapacity: 2000, scheduler: class org.apache.hadoop.ipc.DefaultRpcScheduler, ipcBackoff: false.
2019-10-17 07:42:35,615 [Socket Reader #1 for port 42245] INFO  ipc.Server (Server.java:run(1074)) - Starting Socket Reader #1 for port 42245
2019-10-17 07:42:35,633 [main] INFO  hdfs.DFSUtil (DFSUtil.java:httpServerTemplateForNNAndJN(1641)) - Starting Web-server for scm at: http://0.0.0.0:0
2019-10-17 07:42:35,794 [main] INFO  server.AuthenticationFilter (AuthenticationFilter.java:constructSecretProvider(240)) - Unable to initialize FileSignerSecretProvider, falling back to use random secrets.
2019-10-17 07:42:35,802 [main] WARN  http.HttpRequestLog (HttpRequestLog.java:getRequestLog(97)) - Jetty request log can only be enabled using Log4j
2019-10-17 07:42:35,809 [main] INFO  http.HttpServer2 (HttpServer2.java:addGlobalFilter(975)) - Added global filter 'safety' (class=org.apache.hadoop.http.HttpServer2$QuotingInputFilter)
2019-10-17 07:42:35,811 [main] INFO  http.HttpServer2 (HttpServer2.java:addFilter(948)) - Added filter static_user_filter (class=org.apache.hadoop.http.lib.StaticUserWebFilter$StaticUserFilter) to context scm
2019-10-17 07:42:35,812 [main] INFO  http.HttpServer2 (HttpServer2.java:addFilter(958)) - Added filter static_user_filter (class=org.apache.hadoop.http.lib.StaticUserWebFilter$StaticUserFilter) to context static
2019-10-17 07:42:35,812 [main] INFO  http.HttpServer2 (HttpServer2.java:addFilter(958)) - Added filter static_user_filter (class=org.apache.hadoop.http.lib.StaticUserWebFilter$StaticUserFilter) to context logs
2019-10-17 07:42:35,841 [main] INFO  server.StorageContainerManager (StorageContainerManager.java:start(772)) - StorageContainerLocationProtocol RPC server is listening at /0.0.0.0:42245
2019-10-17 07:42:35,900 [main] WARN  impl.MetricsConfig (MetricsConfig.java:loadFirst(134)) - Cannot locate configuration: tried hadoop-metrics2-storagecontainermanager.properties,hadoop-metrics2.properties
2019-10-17 07:42:35,913 [main] INFO  impl.MetricsSystemImpl (MetricsSystemImpl.java:startTimer(374)) - Scheduled Metric snapshot period at 10 second(s).
2019-10-17 07:42:35,913 [main] INFO  impl.MetricsSystemImpl (MetricsSystemImpl.java:start(191)) - StorageContainerManager metrics system started
2019-10-17 07:42:36,140 [main] INFO  server.SCMClientProtocolServer (SCMClientProtocolServer.java:start(159)) - RPC server for Client  is listening at /0.0.0.0:42245
2019-10-17 07:42:36,141 [IPC Server Responder] INFO  ipc.Server (Server.java:run(1314)) - IPC Server Responder: starting
2019-10-17 07:42:36,141 [IPC Server listener on 42245] INFO  ipc.Server (Server.java:run(1153)) - IPC Server listener on 42245: starting
2019-10-17 07:42:36,144 [main] INFO  server.StorageContainerManager (StorageContainerManager.java:start(782)) - ScmBlockLocationProtocol RPC server is listening at /0.0.0.0:41574
2019-10-17 07:42:36,144 [main] INFO  server.SCMBlockProtocolServer (SCMBlockProtocolServer.java:start(146)) - RPC server for Block Protocol is listening at /0.0.0.0:41574
2019-10-17 07:42:36,145 [IPC Server Responder] INFO  ipc.Server (Server.java:run(1314)) - IPC Server Responder: starting
2019-10-17 07:42:36,145 [IPC Server listener on 41574] INFO  ipc.Server (Server.java:run(1153)) - IPC Server listener on 41574: starting
2019-10-17 07:42:36,147 [main] INFO  server.StorageContainerManager (StorageContainerManager.java:start(786)) - ScmDatanodeProtocl RPC server is listening at /0.0.0.0:44367
2019-10-17 07:42:36,147 [main] INFO  server.SCMDatanodeProtocolServer (SCMDatanodeProtocolServer.java:start(169)) - RPC server for DataNodes is listening at /0.0.0.0:44367
2019-10-17 07:42:36,148 [IPC Server Responder] INFO  ipc.Server (Server.java:run(1314)) - IPC Server Responder: starting
2019-10-17 07:42:36,148 [IPC Server listener on 44367] INFO  ipc.Server (Server.java:run(1153)) - IPC Server listener on 44367: starting
2019-10-17 07:42:36,152 [main] INFO  http.HttpServer2 (HttpServer2.java:bindListener(1191)) - Jetty bound to port 37830
2019-10-17 07:42:36,154 [main] INFO  server.Server (Server.java:doStart(351)) - jetty-9.3.25.v20180904, build timestamp: 2018-09-04T21:11:46Z, git hash: 3ce520221d0240229c862b122d2b06c12a625732
2019-10-17 07:42:36,191 [main] INFO  handler.ContextHandler (ContextHandler.java:doStart(781)) - Started o.e.j.s.ServletContextHandler@37efd131{/logs,file:///workdir/hadoop-ozone/integration-test/target/log,AVAILABLE}
2019-10-17 07:42:36,192 [main] INFO  handler.ContextHandler (ContextHandler.java:doStart(781)) - Started o.e.j.s.ServletContextHandler@7e5d9a50{/static,file:///workdir/hadoop-ozone/integration-test/target/test-classes/webapps/static,AVAILABLE}
2019-10-17 07:42:36,224 [main] INFO  handler.ContextHandler (ContextHandler.java:doStart(781)) - Started o.e.j.w.WebAppContext@5b800468{/,file:///workdir/hadoop-ozone/integration-test/target/test-classes/webapps/scm/,AVAILABLE}{/scm}
2019-10-17 07:42:36,230 [main] INFO  server.AbstractConnector (AbstractConnector.java:doStart(278)) - Started ServerConnector@3670f00{HTTP/1.1,[http/1.1]}{0.0.0.0:37830}
2019-10-17 07:42:36,230 [main] INFO  server.Server (Server.java:doStart(419)) - Started @2324ms
2019-10-17 07:42:36,232 [main] INFO  impl.MetricsSinkAdapter (MetricsSinkAdapter.java:start(204)) - Sink prometheus started
2019-10-17 07:42:36,232 [main] INFO  impl.MetricsSystemImpl (MetricsSystemImpl.java:registerSink(301)) - Registered sink prometheus
2019-10-17 07:42:36,234 [main] INFO  server.BaseHttpServer (BaseHttpServer.java:updateConnectorAddress(215)) - HTTP server of SCM is listening at http://0.0.0.0:37830
2019-10-17 07:42:36,239 [org.apache.hadoop.util.JvmPauseMonitor$Monitor@5910de75] INFO  util.JvmPauseMonitor (JvmPauseMonitor.java:run(188)) - Starting JVM pause monitor
2019-10-17 07:42:36,241 [main] WARN  server.ServerUtils (ServerUtils.java:getDBPath(222)) - ozone.om.db.dirs is not configured. We recommend adding this setting. Falling back to ozone.metadata.dirs instead.
2019-10-17 07:42:36,353 [main] INFO  ha.OMHANodeDetails (OMHANodeDetails.java:loadOMHAConfig(190)) - Configuration either no ozone.om.address set. Falling back to the default OM address /127.0.0.1:0
2019-10-17 07:42:36,353 [main] INFO  ha.OMHANodeDetails (OMHANodeDetails.java:getOMNodeDetails(220)) - OM Service ID is not set. Setting it to the default ID: omServiceIdDefault
2019-10-17 07:42:36,355 [main] WARN  server.ServerUtils (ServerUtils.java:getDBPath(222)) - ozone.om.db.dirs is not configured. We recommend adding this setting. Falling back to ozone.metadata.dirs instead.
2019-10-17 07:42:36,355 [main] WARN  server.ServerUtils (ServerUtils.java:getDBPath(222)) - ozone.om.db.dirs is not configured. We recommend adding this setting. Falling back to ozone.metadata.dirs instead.
2019-10-17 07:42:37,022 [main] WARN  server.ServerUtils (ServerUtils.java:getDBPath(222)) - ozone.om.db.dirs is not configured. We recommend adding this setting. Falling back to ozone.metadata.dirs instead.
2019-10-17 07:42:37,030 [main] INFO  db.DBStoreBuilder (DBStoreBuilder.java:addTable(117)) - using custom profile for table: userTable
2019-10-17 07:42:37,030 [main] INFO  db.DBStoreBuilder (DBStoreBuilder.java:processTables(168)) - Using default column profile:DBProfile.DISK for Table:userTable
2019-10-17 07:42:37,031 [main] INFO  db.DBStoreBuilder (DBStoreBuilder.java:addTable(117)) - using custom profile for table: volumeTable
2019-10-17 07:42:37,031 [main] INFO  db.DBStoreBuilder (DBStoreBuilder.java:processTables(168)) - Using default column profile:DBProfile.DISK for Table:volumeTable
2019-10-17 07:42:37,031 [main] INFO  db.DBStoreBuilder (DBStoreBuilder.java:addTable(117)) - using custom profile for table: bucketTable
2019-10-17 07:42:37,031 [main] INFO  db.DBStoreBuilder (DBStoreBuilder.java:processTables(168)) - Using default column profile:DBProfile.DISK for Table:bucketTable
2019-10-17 07:42:37,032 [main] INFO  db.DBStoreBuilder (DBStoreBuilder.java:addTable(117)) - using custom profile for table: keyTable
2019-10-17 07:42:37,032 [main] INFO  db.DBStoreBuilder (DBStoreBuilder.java:processTables(168)) - Using default column profile:DBProfile.DISK for Table:keyTable
2019-10-17 07:42:37,032 [main] INFO  db.DBStoreBuilder (DBStoreBuilder.java:addTable(117)) - using custom profile for table: deletedTable
2019-10-17 07:42:37,032 [main] INFO  db.DBStoreBuilder (DBStoreBuilder.java:processTables(168)) - Using default column profile:DBProfile.DISK for Table:deletedTable
2019-10-17 07:42:37,033 [main] INFO  db.DBStoreBuilder (DBStoreBuilder.java:addTable(117)) - using custom profile for table: openKeyTable
2019-10-17 07:42:37,033 [main] INFO  db.DBStoreBuilder (DBStoreBuilder.java:processTables(168)) - Using default column profile:DBProfile.DISK for Table:openKeyTable
2019-10-17 07:42:37,033 [main] INFO  db.DBStoreBuilder (DBStoreBuilder.java:addTable(117)) - using custom profile for table: s3Table
2019-10-17 07:42:37,033 [main] INFO  db.DBStoreBuilder (DBStoreBuilder.java:processTables(168)) - Using default column profile:DBProfile.DISK for Table:s3Table
2019-10-17 07:42:37,034 [main] INFO  db.DBStoreBuilder (DBStoreBuilder.java:addTable(117)) - using custom profile for table: multipartInfoTable
2019-10-17 07:42:37,034 [main] INFO  db.DBStoreBuilder (DBStoreBuilder.java:processTables(168)) - Using default column profile:DBProfile.DISK for Table:multipartInfoTable
2019-10-17 07:42:37,034 [main] INFO  db.DBStoreBuilder (DBStoreBuilder.java:addTable(117)) - using custom profile for table: dTokenTable
2019-10-17 07:42:37,034 [main] INFO  db.DBStoreBuilder (DBStoreBuilder.java:processTables(168)) - Using default column profile:DBProfile.DISK for Table:dTokenTable
2019-10-17 07:42:37,035 [main] INFO  db.DBStoreBuilder (DBStoreBuilder.java:addTable(117)) - using custom profile for table: s3SecretTable
2019-10-17 07:42:37,035 [main] INFO  db.DBStoreBuilder (DBStoreBuilder.java:processTables(168)) - Using default column profile:DBProfile.DISK for Table:s3SecretTable
2019-10-17 07:42:37,035 [main] INFO  db.DBStoreBuilder (DBStoreBuilder.java:addTable(117)) - using custom profile for table: prefixTable
2019-10-17 07:42:37,035 [main] INFO  db.DBStoreBuilder (DBStoreBuilder.java:processTables(168)) - Using default column profile:DBProfile.DISK for Table:prefixTable
2019-10-17 07:42:37,036 [main] INFO  db.DBStoreBuilder (DBStoreBuilder.java:addTable(117)) - using custom profile for table: default
2019-10-17 07:42:37,036 [main] INFO  db.DBStoreBuilder (DBStoreBuilder.java:processTables(174)) - Using default column profile:DBProfile.DISK for Table:default
2019-10-17 07:42:37,036 [main] INFO  db.DBStoreBuilder (DBStoreBuilder.java:getDbProfile(205)) - Using default options. DBProfile.DISK
2019-10-17 07:42:37,715 [main] INFO  ipc.CallQueueManager (CallQueueManager.java:<init>(84)) - Using callQueue: class java.util.concurrent.LinkedBlockingQueue, queueCapacity: 2000, scheduler: class org.apache.hadoop.ipc.DefaultRpcScheduler, ipcBackoff: false.
2019-10-17 07:42:37,717 [Socket Reader #1 for port 34783] INFO  ipc.Server (Server.java:run(1074)) - Starting Socket Reader #1 for port 34783
2019-10-17 07:42:37,741 [main] INFO  om.OzoneManager (OzoneManager.java:start(1071)) - OzoneManager RPC server is listening at localhost/127.0.0.1:34783
2019-10-17 07:42:37,742 [main] INFO  impl.MetricsSystemImpl (MetricsSystemImpl.java:init(158)) - OzoneManager metrics system started (again)
2019-10-17 07:42:37,750 [IPC Server Responder] INFO  ipc.Server (Server.java:run(1314)) - IPC Server Responder: starting
2019-10-17 07:42:37,750 [IPC Server listener on 34783] INFO  ipc.Server (Server.java:run(1153)) - IPC Server listener on 34783: starting
2019-10-17 07:42:37,756 [main] INFO  hdfs.DFSUtil (DFSUtil.java:httpServerTemplateForNNAndJN(1641)) - Starting Web-server for ozoneManager at: http://0.0.0.0:0
2019-10-17 07:42:37,759 [main] INFO  server.AuthenticationFilter (AuthenticationFilter.java:constructSecretProvider(240)) - Unable to initialize FileSignerSecretProvider, falling back to use random secrets.
2019-10-17 07:42:37,760 [main] WARN  http.HttpRequestLog (HttpRequestLog.java:getRequestLog(97)) - Jetty request log can only be enabled using Log4j
2019-10-17 07:42:37,763 [main] INFO  http.HttpServer2 (HttpServer2.java:addGlobalFilter(975)) - Added global filter 'safety' (class=org.apache.hadoop.http.HttpServer2$QuotingInputFilter)
2019-10-17 07:42:37,765 [main] INFO  http.HttpServer2 (HttpServer2.java:addFilter(948)) - Added filter static_user_filter (class=org.apache.hadoop.http.lib.StaticUserWebFilter$StaticUserFilter) to context ozoneManager
2019-10-17 07:42:37,765 [main] INFO  http.HttpServer2 (HttpServer2.java:addFilter(958)) - Added filter static_user_filter (class=org.apache.hadoop.http.lib.StaticUserWebFilter$StaticUserFilter) to context logs
2019-10-17 07:42:37,765 [main] INFO  http.HttpServer2 (HttpServer2.java:addFilter(958)) - Added filter static_user_filter (class=org.apache.hadoop.http.lib.StaticUserWebFilter$StaticUserFilter) to context static
2019-10-17 07:42:37,768 [main] INFO  http.HttpServer2 (HttpServer2.java:bindListener(1191)) - Jetty bound to port 45613
2019-10-17 07:42:37,769 [main] INFO  server.Server (Server.java:doStart(351)) - jetty-9.3.25.v20180904, build timestamp: 2018-09-04T21:11:46Z, git hash: 3ce520221d0240229c862b122d2b06c12a625732
2019-10-17 07:42:37,771 [main] INFO  handler.ContextHandler (ContextHandler.java:doStart(781)) - Started o.e.j.s.ServletContextHandler@231baf51{/logs,file:///workdir/hadoop-ozone/integration-test/target/log,AVAILABLE}
2019-10-17 07:42:37,772 [main] INFO  handler.ContextHandler (ContextHandler.java:doStart(781)) - Started o.e.j.s.ServletContextHandler@73877e19{/static,file:///workdir/hadoop-ozone/integration-test/target/test-classes/webapps/static,AVAILABLE}
2019-10-17 07:42:37,779 [main] INFO  handler.ContextHandler (ContextHandler.java:doStart(781)) - Started o.e.j.w.WebAppContext@52fc5eb1{/,file:///workdir/hadoop-ozone/integration-test/target/test-classes/webapps/ozoneManager/,AVAILABLE}{/ozoneManager}
2019-10-17 07:42:37,780 [main] INFO  server.AbstractConnector (AbstractConnector.java:doStart(278)) - Started ServerConnector@7a639ec5{HTTP/1.1,[http/1.1]}{0.0.0.0:45613}
2019-10-17 07:42:37,780 [main] INFO  server.Server (Server.java:doStart(419)) - Started @3874ms
2019-10-17 07:42:37,780 [main] WARN  impl.MetricsSystemImpl (MetricsSystemImpl.java:register(276)) - Sink prometheus already exists!
2019-10-17 07:42:37,781 [main] INFO  server.BaseHttpServer (BaseHttpServer.java:updateConnectorAddress(215)) - HTTP server of OZONEMANAGER is listening at http://0.0.0.0:45613
2019-10-17 07:42:38,087 [main] INFO  impl.MetricsSystemImpl (MetricsSystemImpl.java:init(158)) - HddsDatanode metrics system started (again)
2019-10-17 07:42:38,132 [main] INFO  ozone.HddsDatanodeService (HddsDatanodeService.java:start(184)) - HddsDatanodeService host:pr-hdds-1868-lzclr-202649289 ip:192.168.34.62
2019-10-17 07:42:38,174 [main] INFO  volume.HddsVolume (HddsVolume.java:<init>(176)) - Creating Volume: /workdir/hadoop-ozone/integration-test/target/test-dir/MiniOzoneClusterImpl-87e8d78b-2c25-4827-9c34-ee9c99992073/datanode-0/data/containers/hdds of  storage type : DISK and capacity : 1482555576320
2019-10-17 07:42:38,177 [main] INFO  volume.VolumeSet (VolumeSet.java:initializeVolumeSet(170)) - Added Volume : /workdir/hadoop-ozone/integration-test/target/test-dir/MiniOzoneClusterImpl-87e8d78b-2c25-4827-9c34-ee9c99992073/datanode-0/data/containers/hdds to VolumeSet
2019-10-17 07:42:38,180 [main] INFO  volume.ThrottledAsyncChecker (ThrottledAsyncChecker.java:schedule(141)) - Scheduling a check for /workdir/hadoop-ozone/integration-test/target/test-dir/MiniOzoneClusterImpl-87e8d78b-2c25-4827-9c34-ee9c99992073/datanode-0/data/containers/hdds
2019-10-17 07:42:38,201 [main] INFO  volume.HddsVolumeChecker (HddsVolumeChecker.java:checkAllVolumes(204)) - Scheduled health check for volume /workdir/hadoop-ozone/integration-test/target/test-dir/MiniOzoneClusterImpl-87e8d78b-2c25-4827-9c34-ee9c99992073/datanode-0/data/containers/hdds
2019-10-17 07:42:38,319 [main] INFO  impl.RaftServerProxy (ConfUtils.java:logGet(43)) - raft.rpc.type = GRPC (default)
2019-10-17 07:42:38,382 [main] INFO  grpc.GrpcFactory (GrpcFactory.java:checkPooledByteBufAllocatorUseCacheForAllThreads(45)) - PERFORMANCE WARNING: useCacheForAllThreads is true that may cause Netty to create a lot garbage objects and, as a result, trigger GC.
	It is recommended to disable useCacheForAllThreads by setting -Dorg.apache.ratis.thirdparty.io.netty.allocator.useCacheForAllThreads=false in command line.
2019-10-17 07:42:38,386 [main] INFO  grpc.GrpcConfigKeys$Server (ConfUtils.java:logGet(43)) - raft.grpc.server.port = 0 (default)
2019-10-17 07:42:38,387 [main] INFO  server.GrpcService (ConfUtils.java:logGet(43)) - raft.grpc.message.size.max = 33570816 (custom)
2019-10-17 07:42:38,388 [main] INFO  server.RaftServerConfigKeys (ConfUtils.java:logGet(43)) - raft.server.log.appender.buffer.byte-limit = 33554432 (custom)
2019-10-17 07:42:38,389 [main] INFO  server.GrpcService (ConfUtils.java:logGet(43)) - raft.grpc.flow.control.window = 1MB (=1048576) (default)
2019-10-17 07:42:38,390 [main] INFO  server.RaftServerConfigKeys (ConfUtils.java:logGet(43)) - raft.server.rpc.request.timeout = 3000ms (default)
2019-10-17 07:42:38,536 [main] INFO  server.RaftServerConfigKeys (ConfUtils.java:logGet(43)) - raft.server.storage.dir = [/workdir/hadoop-ozone/integration-test/target/test-dir/MiniOzoneClusterImpl-87e8d78b-2c25-4827-9c34-ee9c99992073/datanode-0/data/ratis] (custom)
2019-10-17 07:42:38,584 [main] INFO  hdfs.DFSUtil (DFSUtil.java:httpServerTemplateForNNAndJN(1641)) - Starting Web-server for hddsDatanode at: http://0.0.0.0:0
2019-10-17 07:42:38,587 [main] INFO  server.AuthenticationFilter (AuthenticationFilter.java:constructSecretProvider(240)) - Unable to initialize FileSignerSecretProvider, falling back to use random secrets.
2019-10-17 07:42:38,588 [main] WARN  http.HttpRequestLog (HttpRequestLog.java:getRequestLog(97)) - Jetty request log can only be enabled using Log4j
2019-10-17 07:42:38,591 [main] INFO  http.HttpServer2 (HttpServer2.java:addGlobalFilter(975)) - Added global filter 'safety' (class=org.apache.hadoop.http.HttpServer2$QuotingInputFilter)
2019-10-17 07:42:38,592 [main] INFO  http.HttpServer2 (HttpServer2.java:addFilter(948)) - Added filter static_user_filter (class=org.apache.hadoop.http.lib.StaticUserWebFilter$StaticUserFilter) to context hddsDatanode
2019-10-17 07:42:38,593 [main] INFO  http.HttpServer2 (HttpServer2.java:addFilter(958)) - Added filter static_user_filter (class=org.apache.hadoop.http.lib.StaticUserWebFilter$StaticUserFilter) to context static
2019-10-17 07:42:38,593 [main] INFO  http.HttpServer2 (HttpServer2.java:addFilter(958)) - Added filter static_user_filter (class=org.apache.hadoop.http.lib.StaticUserWebFilter$StaticUserFilter) to context logs
2019-10-17 07:42:38,595 [main] INFO  http.HttpServer2 (HttpServer2.java:bindListener(1191)) - Jetty bound to port 34051
2019-10-17 07:42:38,595 [main] INFO  server.Server (Server.java:doStart(351)) - jetty-9.3.25.v20180904, build timestamp: 2018-09-04T21:11:46Z, git hash: 3ce520221d0240229c862b122d2b06c12a625732
2019-10-17 07:42:38,599 [main] INFO  handler.ContextHandler (ContextHandler.java:doStart(781)) - Started o.e.j.s.ServletContextHandler@673919a7{/logs,file:///workdir/hadoop-ozone/integration-test/target/log,AVAILABLE}
2019-10-17 07:42:38,600 [main] INFO  handler.ContextHandler (ContextHandler.java:doStart(781)) - Started o.e.j.s.ServletContextHandler@2436ea2f{/static,jar:file:/home/user/.m2/repository/org/apache/hadoop/hadoop-hdds-container-service/0.5.0-SNAPSHOT/hadoop-hdds-container-service-0.5.0-SNAPSHOT.jar!/webapps/static,AVAILABLE}
2019-10-17 07:42:38,652 [main] INFO  handler.ContextHandler (ContextHandler.java:doStart(781)) - Started o.e.j.w.WebAppContext@60783105{/,file:///tmp/jetty-0.0.0.0-34051-hddsDatanode-_-any-4227698122134293694.dir/webapp/,AVAILABLE}{/hddsDatanode}
2019-10-17 07:42:38,653 [main] INFO  server.AbstractConnector (AbstractConnector.java:doStart(278)) - Started ServerConnector@1292071f{HTTP/1.1,[http/1.1]}{0.0.0.0:34051}
2019-10-17 07:42:38,654 [main] INFO  server.Server (Server.java:doStart(419)) - Started @4748ms
2019-10-17 07:42:38,654 [main] WARN  impl.MetricsSystemImpl (MetricsSystemImpl.java:register(276)) - Sink prometheus already exists!
2019-10-17 07:42:38,656 [main] INFO  server.BaseHttpServer (BaseHttpServer.java:updateConnectorAddress(215)) - HTTP server of HDDSDATANODE is listening at http://0.0.0.0:34051
2019-10-17 07:42:38,657 [main] INFO  impl.MetricsSystemImpl (MetricsSystemImpl.java:init(158)) - HddsDatanode metrics system started (again)
2019-10-17 07:42:38,659 [main] INFO  ozone.HddsDatanodeService (HddsDatanodeService.java:start(184)) - HddsDatanodeService host:pr-hdds-1868-lzclr-202649289 ip:192.168.34.62
2019-10-17 07:42:38,662 [org.apache.hadoop.util.JvmPauseMonitor$Monitor@84b6850] INFO  util.JvmPauseMonitor (JvmPauseMonitor.java:run(188)) - Starting JVM pause monitor
2019-10-17 07:42:38,668 [main] INFO  volume.HddsVolume (HddsVolume.java:<init>(176)) - Creating Volume: /workdir/hadoop-ozone/integration-test/target/test-dir/MiniOzoneClusterImpl-87e8d78b-2c25-4827-9c34-ee9c99992073/datanode-1/data/containers/hdds of  storage type : DISK and capacity : 1482555576320
2019-10-17 07:42:38,668 [main] INFO  volume.VolumeSet (VolumeSet.java:initializeVolumeSet(170)) - Added Volume : /workdir/hadoop-ozone/integration-test/target/test-dir/MiniOzoneClusterImpl-87e8d78b-2c25-4827-9c34-ee9c99992073/datanode-1/data/containers/hdds to VolumeSet
2019-10-17 07:42:38,669 [main] INFO  volume.ThrottledAsyncChecker (ThrottledAsyncChecker.java:schedule(141)) - Scheduling a check for /workdir/hadoop-ozone/integration-test/target/test-dir/MiniOzoneClusterImpl-87e8d78b-2c25-4827-9c34-ee9c99992073/datanode-1/data/containers/hdds
2019-10-17 07:42:38,669 [main] INFO  volume.HddsVolumeChecker (HddsVolumeChecker.java:checkAllVolumes(204)) - Scheduled health check for volume /workdir/hadoop-ozone/integration-test/target/test-dir/MiniOzoneClusterImpl-87e8d78b-2c25-4827-9c34-ee9c99992073/datanode-1/data/containers/hdds
2019-10-17 07:42:38,684 [main] INFO  impl.RaftServerProxy (ConfUtils.java:logGet(43)) - raft.rpc.type = GRPC (default)
2019-10-17 07:42:38,684 [main] INFO  grpc.GrpcFactory (GrpcFactory.java:checkPooledByteBufAllocatorUseCacheForAllThreads(45)) - PERFORMANCE WARNING: useCacheForAllThreads is true that may cause Netty to create a lot garbage objects and, as a result, trigger GC.
	It is recommended to disable useCacheForAllThreads by setting -Dorg.apache.ratis.thirdparty.io.netty.allocator.useCacheForAllThreads=false in command line.
2019-10-17 07:42:38,684 [main] INFO  grpc.GrpcConfigKeys$Server (ConfUtils.java:logGet(43)) - raft.grpc.server.port = 0 (default)
2019-10-17 07:42:38,684 [main] INFO  server.GrpcService (ConfUtils.java:logGet(43)) - raft.grpc.message.size.max = 33570816 (custom)
2019-10-17 07:42:38,685 [main] INFO  server.RaftServerConfigKeys (ConfUtils.java:logGet(43)) - raft.server.log.appender.buffer.byte-limit = 33554432 (custom)
2019-10-17 07:42:38,685 [main] INFO  server.GrpcService (ConfUtils.java:logGet(43)) - raft.grpc.flow.control.window = 1MB (=1048576) (default)
2019-10-17 07:42:38,685 [main] INFO  server.RaftServerConfigKeys (ConfUtils.java:logGet(43)) - raft.server.rpc.request.timeout = 3000ms (default)
2019-10-17 07:42:38,686 [main] INFO  server.RaftServerConfigKeys (ConfUtils.java:logGet(43)) - raft.server.storage.dir = [/workdir/hadoop-ozone/integration-test/target/test-dir/MiniOzoneClusterImpl-87e8d78b-2c25-4827-9c34-ee9c99992073/datanode-1/data/ratis] (custom)
2019-10-17 07:42:38,688 [main] INFO  hdfs.DFSUtil (DFSUtil.java:httpServerTemplateForNNAndJN(1641)) - Starting Web-server for hddsDatanode at: http://0.0.0.0:0
2019-10-17 07:42:38,689 [main] INFO  server.AuthenticationFilter (AuthenticationFilter.java:constructSecretProvider(240)) - Unable to initialize FileSignerSecretProvider, falling back to use random secrets.
2019-10-17 07:42:38,689 [main] WARN  http.HttpRequestLog (HttpRequestLog.java:getRequestLog(97)) - Jetty request log can only be enabled using Log4j
2019-10-17 07:42:38,691 [main] INFO  http.HttpServer2 (HttpServer2.java:addGlobalFilter(975)) - Added global filter 'safety' (class=org.apache.hadoop.http.HttpServer2$QuotingInputFilter)
2019-10-17 07:42:38,692 [main] INFO  http.HttpServer2 (HttpServer2.java:addFilter(948)) - Added filter static_user_filter (class=org.apache.hadoop.http.lib.StaticUserWebFilter$StaticUserFilter) to context hddsDatanode
2019-10-17 07:42:38,692 [main] INFO  http.HttpServer2 (HttpServer2.java:addFilter(958)) - Added filter static_user_filter (class=org.apache.hadoop.http.lib.StaticUserWebFilter$StaticUserFilter) to context static
2019-10-17 07:42:38,692 [main] INFO  http.HttpServer2 (HttpServer2.java:addFilter(958)) - Added filter static_user_filter (class=org.apache.hadoop.http.lib.StaticUserWebFilter$StaticUserFilter) to context logs
2019-10-17 07:42:38,693 [main] INFO  http.HttpServer2 (HttpServer2.java:bindListener(1191)) - Jetty bound to port 45355
2019-10-17 07:42:38,693 [main] INFO  server.Server (Server.java:doStart(351)) - jetty-9.3.25.v20180904, build timestamp: 2018-09-04T21:11:46Z, git hash: 3ce520221d0240229c862b122d2b06c12a625732
2019-10-17 07:42:38,696 [main] INFO  handler.ContextHandler (ContextHandler.java:doStart(781)) - Started o.e.j.s.ServletContextHandler@3374b5bc{/logs,file:///workdir/hadoop-ozone/integration-test/target/log,AVAILABLE}
2019-10-17 07:42:38,696 [main] INFO  handler.ContextHandler (ContextHandler.java:doStart(781)) - Started o.e.j.s.ServletContextHandler@587a1cfb{/static,jar:file:/home/user/.m2/repository/org/apache/hadoop/hadoop-hdds-container-service/0.5.0-SNAPSHOT/hadoop-hdds-container-service-0.5.0-SNAPSHOT.jar!/webapps/static,AVAILABLE}
2019-10-17 07:42:38,726 [main] INFO  handler.ContextHandler (ContextHandler.java:doStart(781)) - Started o.e.j.w.WebAppContext@38d17d80{/,file:///tmp/jetty-0.0.0.0-45355-hddsDatanode-_-any-7147060519365974308.dir/webapp/,AVAILABLE}{/hddsDatanode}
2019-10-17 07:42:38,727 [main] INFO  server.AbstractConnector (AbstractConnector.java:doStart(278)) - Started ServerConnector@6ede46f6{HTTP/1.1,[http/1.1]}{0.0.0.0:45355}
2019-10-17 07:42:38,729 [main] INFO  server.Server (Server.java:doStart(419)) - Started @4823ms
2019-10-17 07:42:38,729 [main] WARN  impl.MetricsSystemImpl (MetricsSystemImpl.java:register(276)) - Sink prometheus already exists!
2019-10-17 07:42:38,730 [main] INFO  server.BaseHttpServer (BaseHttpServer.java:updateConnectorAddress(215)) - HTTP server of HDDSDATANODE is listening at http://0.0.0.0:45355
2019-10-17 07:42:38,730 [main] INFO  impl.MetricsSystemImpl (MetricsSystemImpl.java:init(158)) - HddsDatanode metrics system started (again)
2019-10-17 07:42:38,733 [org.apache.hadoop.util.JvmPauseMonitor$Monitor@5e2eb0f5] INFO  util.JvmPauseMonitor (JvmPauseMonitor.java:run(188)) - Starting JVM pause monitor
2019-10-17 07:42:38,733 [main] INFO  ozone.HddsDatanodeService (HddsDatanodeService.java:start(184)) - HddsDatanodeService host:pr-hdds-1868-lzclr-202649289 ip:192.168.34.62
2019-10-17 07:42:38,743 [main] INFO  volume.HddsVolume (HddsVolume.java:<init>(176)) - Creating Volume: /workdir/hadoop-ozone/integration-test/target/test-dir/MiniOzoneClusterImpl-87e8d78b-2c25-4827-9c34-ee9c99992073/datanode-2/data/containers/hdds of  storage type : DISK and capacity : 1482555576320
2019-10-17 07:42:38,744 [main] INFO  volume.VolumeSet (VolumeSet.java:initializeVolumeSet(170)) - Added Volume : /workdir/hadoop-ozone/integration-test/target/test-dir/MiniOzoneClusterImpl-87e8d78b-2c25-4827-9c34-ee9c99992073/datanode-2/data/containers/hdds to VolumeSet
2019-10-17 07:42:38,744 [main] INFO  volume.ThrottledAsyncChecker (ThrottledAsyncChecker.java:schedule(141)) - Scheduling a check for /workdir/hadoop-ozone/integration-test/target/test-dir/MiniOzoneClusterImpl-87e8d78b-2c25-4827-9c34-ee9c99992073/datanode-2/data/containers/hdds
2019-10-17 07:42:38,744 [main] INFO  volume.HddsVolumeChecker (HddsVolumeChecker.java:checkAllVolumes(204)) - Scheduled health check for volume /workdir/hadoop-ozone/integration-test/target/test-dir/MiniOzoneClusterImpl-87e8d78b-2c25-4827-9c34-ee9c99992073/datanode-2/data/containers/hdds
2019-10-17 07:42:38,758 [main] INFO  impl.RaftServerProxy (ConfUtils.java:logGet(43)) - raft.rpc.type = GRPC (default)
2019-10-17 07:42:38,759 [main] INFO  grpc.GrpcFactory (GrpcFactory.java:checkPooledByteBufAllocatorUseCacheForAllThreads(45)) - PERFORMANCE WARNING: useCacheForAllThreads is true that may cause Netty to create a lot garbage objects and, as a result, trigger GC.
	It is recommended to disable useCacheForAllThreads by setting -Dorg.apache.ratis.thirdparty.io.netty.allocator.useCacheForAllThreads=false in command line.
2019-10-17 07:42:38,759 [main] INFO  grpc.GrpcConfigKeys$Server (ConfUtils.java:logGet(43)) - raft.grpc.server.port = 0 (default)
2019-10-17 07:42:38,759 [main] INFO  server.GrpcService (ConfUtils.java:logGet(43)) - raft.grpc.message.size.max = 33570816 (custom)
2019-10-17 07:42:38,759 [main] INFO  server.RaftServerConfigKeys (ConfUtils.java:logGet(43)) - raft.server.log.appender.buffer.byte-limit = 33554432 (custom)
2019-10-17 07:42:38,759 [main] INFO  server.GrpcService (ConfUtils.java:logGet(43)) - raft.grpc.flow.control.window = 1MB (=1048576) (default)
2019-10-17 07:42:38,760 [main] INFO  server.RaftServerConfigKeys (ConfUtils.java:logGet(43)) - raft.server.rpc.request.timeout = 3000ms (default)
2019-10-17 07:42:38,760 [main] INFO  server.RaftServerConfigKeys (ConfUtils.java:logGet(43)) - raft.server.storage.dir = [/workdir/hadoop-ozone/integration-test/target/test-dir/MiniOzoneClusterImpl-87e8d78b-2c25-4827-9c34-ee9c99992073/datanode-2/data/ratis] (custom)
2019-10-17 07:42:38,762 [main] INFO  hdfs.DFSUtil (DFSUtil.java:httpServerTemplateForNNAndJN(1641)) - Starting Web-server for hddsDatanode at: http://0.0.0.0:0
2019-10-17 07:42:38,764 [main] INFO  server.AuthenticationFilter (AuthenticationFilter.java:constructSecretProvider(240)) - Unable to initialize FileSignerSecretProvider, falling back to use random secrets.
2019-10-17 07:42:38,764 [main] WARN  http.HttpRequestLog (HttpRequestLog.java:getRequestLog(97)) - Jetty request log can only be enabled using Log4j
2019-10-17 07:42:38,766 [main] INFO  http.HttpServer2 (HttpServer2.java:addGlobalFilter(975)) - Added global filter 'safety' (class=org.apache.hadoop.http.HttpServer2$QuotingInputFilter)
2019-10-17 07:42:38,767 [main] INFO  http.HttpServer2 (HttpServer2.java:addFilter(948)) - Added filter static_user_filter (class=org.apache.hadoop.http.lib.StaticUserWebFilter$StaticUserFilter) to context hddsDatanode
2019-10-17 07:42:38,767 [main] INFO  http.HttpServer2 (HttpServer2.java:addFilter(958)) - Added filter static_user_filter (class=org.apache.hadoop.http.lib.StaticUserWebFilter$StaticUserFilter) to context logs
2019-10-17 07:42:38,767 [main] INFO  http.HttpServer2 (HttpServer2.java:addFilter(958)) - Added filter static_user_filter (class=org.apache.hadoop.http.lib.StaticUserWebFilter$StaticUserFilter) to context static
2019-10-17 07:42:38,768 [main] INFO  http.HttpServer2 (HttpServer2.java:bindListener(1191)) - Jetty bound to port 40003
2019-10-17 07:42:38,768 [main] INFO  server.Server (Server.java:doStart(351)) - jetty-9.3.25.v20180904, build timestamp: 2018-09-04T21:11:46Z, git hash: 3ce520221d0240229c862b122d2b06c12a625732
2019-10-17 07:42:38,772 [main] INFO  handler.ContextHandler (ContextHandler.java:doStart(781)) - Started o.e.j.s.ServletContextHandler@21bd20ee{/logs,file:///workdir/hadoop-ozone/integration-test/target/log,AVAILABLE}
2019-10-17 07:42:38,773 [main] INFO  handler.ContextHandler (ContextHandler.java:doStart(781)) - Started o.e.j.s.ServletContextHandler@421056e5{/static,jar:file:/home/user/.m2/repository/org/apache/hadoop/hadoop-hdds-container-service/0.5.0-SNAPSHOT/hadoop-hdds-container-service-0.5.0-SNAPSHOT.jar!/webapps/static,AVAILABLE}
2019-10-17 07:42:38,786 [Datanode State Machine Thread - 0] INFO  datanode.InitDatanodeState (InitDatanodeState.java:persistContainerDatanodeDetails(140)) - DatanodeDetails is persisted to /workdir/hadoop-ozone/integration-test/target/test-dir/MiniOzoneClusterImpl-87e8d78b-2c25-4827-9c34-ee9c99992073/datanode-0/meta/datanode.id
2019-10-17 07:42:38,790 [Datanode State Machine Thread - 0] INFO  datanode.InitDatanodeState (InitDatanodeState.java:persistContainerDatanodeDetails(140)) - DatanodeDetails is persisted to /workdir/hadoop-ozone/integration-test/target/test-dir/MiniOzoneClusterImpl-87e8d78b-2c25-4827-9c34-ee9c99992073/datanode-1/meta/datanode.id
2019-10-17 07:42:38,806 [main] INFO  handler.ContextHandler (ContextHandler.java:doStart(781)) - Started o.e.j.w.WebAppContext@3804a9a8{/,file:///tmp/jetty-0.0.0.0-40003-hddsDatanode-_-any-5198051335025190567.dir/webapp/,AVAILABLE}{/hddsDatanode}
2019-10-17 07:42:38,807 [main] INFO  server.AbstractConnector (AbstractConnector.java:doStart(278)) - Started ServerConnector@117525fe{HTTP/1.1,[http/1.1]}{0.0.0.0:40003}
2019-10-17 07:42:38,807 [main] INFO  server.Server (Server.java:doStart(419)) - Started @4902ms
2019-10-17 07:42:38,808 [main] WARN  impl.MetricsSystemImpl (MetricsSystemImpl.java:register(276)) - Sink prometheus already exists!
2019-10-17 07:42:38,811 [main] INFO  server.BaseHttpServer (BaseHttpServer.java:updateConnectorAddress(215)) - HTTP server of HDDSDATANODE is listening at http://0.0.0.0:40003
2019-10-17 07:42:38,811 [main] INFO  impl.MetricsSystemImpl (MetricsSystemImpl.java:init(158)) - HddsDatanode metrics system started (again)
2019-10-17 07:42:38,814 [main] INFO  ozone.HddsDatanodeService (HddsDatanodeService.java:start(184)) - HddsDatanodeService host:pr-hdds-1868-lzclr-202649289 ip:192.168.34.62
2019-10-17 07:42:38,814 [org.apache.hadoop.util.JvmPauseMonitor$Monitor@7768817e] INFO  util.JvmPauseMonitor (JvmPauseMonitor.java:run(188)) - Starting JVM pause monitor
2019-10-17 07:42:38,816 [Datanode State Machine Thread - 0] INFO  datanode.InitDatanodeState (InitDatanodeState.java:persistContainerDatanodeDetails(140)) - DatanodeDetails is persisted to /workdir/hadoop-ozone/integration-test/target/test-dir/MiniOzoneClusterImpl-87e8d78b-2c25-4827-9c34-ee9c99992073/datanode-2/meta/datanode.id
2019-10-17 07:42:38,821 [main] INFO  volume.HddsVolume (HddsVolume.java:<init>(176)) - Creating Volume: /workdir/hadoop-ozone/integration-test/target/test-dir/MiniOzoneClusterImpl-87e8d78b-2c25-4827-9c34-ee9c99992073/datanode-3/data/containers/hdds of  storage type : DISK and capacity : 1482555576320
2019-10-17 07:42:38,822 [main] INFO  volume.VolumeSet (VolumeSet.java:initializeVolumeSet(170)) - Added Volume : /workdir/hadoop-ozone/integration-test/target/test-dir/MiniOzoneClusterImpl-87e8d78b-2c25-4827-9c34-ee9c99992073/datanode-3/data/containers/hdds to VolumeSet
2019-10-17 07:42:38,822 [main] INFO  volume.ThrottledAsyncChecker (ThrottledAsyncChecker.java:schedule(141)) - Scheduling a check for /workdir/hadoop-ozone/integration-test/target/test-dir/MiniOzoneClusterImpl-87e8d78b-2c25-4827-9c34-ee9c99992073/datanode-3/data/containers/hdds
2019-10-17 07:42:38,822 [main] INFO  volume.HddsVolumeChecker (HddsVolumeChecker.java:checkAllVolumes(204)) - Scheduled health check for volume /workdir/hadoop-ozone/integration-test/target/test-dir/MiniOzoneClusterImpl-87e8d78b-2c25-4827-9c34-ee9c99992073/datanode-3/data/containers/hdds
2019-10-17 07:42:38,836 [main] INFO  impl.RaftServerProxy (ConfUtils.java:logGet(43)) - raft.rpc.type = GRPC (default)
2019-10-17 07:42:38,836 [main] INFO  grpc.GrpcFactory (GrpcFactory.java:checkPooledByteBufAllocatorUseCacheForAllThreads(45)) - PERFORMANCE WARNING: useCacheForAllThreads is true that may cause Netty to create a lot garbage objects and, as a result, trigger GC.
	It is recommended to disable useCacheForAllThreads by setting -Dorg.apache.ratis.thirdparty.io.netty.allocator.useCacheForAllThreads=false in command line.
2019-10-17 07:42:38,836 [main] INFO  grpc.GrpcConfigKeys$Server (ConfUtils.java:logGet(43)) - raft.grpc.server.port = 0 (default)
2019-10-17 07:42:38,837 [main] INFO  server.GrpcService (ConfUtils.java:logGet(43)) - raft.grpc.message.size.max = 33570816 (custom)
2019-10-17 07:42:38,837 [main] INFO  server.RaftServerConfigKeys (ConfUtils.java:logGet(43)) - raft.server.log.appender.buffer.byte-limit = 33554432 (custom)
2019-10-17 07:42:38,837 [main] INFO  server.GrpcService (ConfUtils.java:logGet(43)) - raft.grpc.flow.control.window = 1MB (=1048576) (default)
2019-10-17 07:42:38,837 [main] INFO  server.RaftServerConfigKeys (ConfUtils.java:logGet(43)) - raft.server.rpc.request.timeout = 3000ms (default)
2019-10-17 07:42:38,838 [main] INFO  server.RaftServerConfigKeys (ConfUtils.java:logGet(43)) - raft.server.storage.dir = [/workdir/hadoop-ozone/integration-test/target/test-dir/MiniOzoneClusterImpl-87e8d78b-2c25-4827-9c34-ee9c99992073/datanode-3/data/ratis] (custom)
2019-10-17 07:42:38,840 [main] INFO  hdfs.DFSUtil (DFSUtil.java:httpServerTemplateForNNAndJN(1641)) - Starting Web-server for hddsDatanode at: http://0.0.0.0:0
2019-10-17 07:42:38,841 [main] INFO  server.AuthenticationFilter (AuthenticationFilter.java:constructSecretProvider(240)) - Unable to initialize FileSignerSecretProvider, falling back to use random secrets.
2019-10-17 07:42:38,841 [main] WARN  http.HttpRequestLog (HttpRequestLog.java:getRequestLog(97)) - Jetty request log can only be enabled using Log4j
2019-10-17 07:42:38,843 [main] INFO  http.HttpServer2 (HttpServer2.java:addGlobalFilter(975)) - Added global filter 'safety' (class=org.apache.hadoop.http.HttpServer2$QuotingInputFilter)
2019-10-17 07:42:38,844 [main] INFO  http.HttpServer2 (HttpServer2.java:addFilter(948)) - Added filter static_user_filter (class=org.apache.hadoop.http.lib.StaticUserWebFilter$StaticUserFilter) to context hddsDatanode
2019-10-17 07:42:38,844 [main] INFO  http.HttpServer2 (HttpServer2.java:addFilter(958)) - Added filter static_user_filter (class=org.apache.hadoop.http.lib.StaticUserWebFilter$StaticUserFilter) to context logs
2019-10-17 07:42:38,844 [main] INFO  http.HttpServer2 (HttpServer2.java:addFilter(958)) - Added filter static_user_filter (class=org.apache.hadoop.http.lib.StaticUserWebFilter$StaticUserFilter) to context static
2019-10-17 07:42:38,845 [main] INFO  http.HttpServer2 (HttpServer2.java:bindListener(1191)) - Jetty bound to port 33290
2019-10-17 07:42:38,845 [main] INFO  server.Server (Server.java:doStart(351)) - jetty-9.3.25.v20180904, build timestamp: 2018-09-04T21:11:46Z, git hash: 3ce520221d0240229c862b122d2b06c12a625732
2019-10-17 07:42:38,847 [main] INFO  handler.ContextHandler (ContextHandler.java:doStart(781)) - Started o.e.j.s.ServletContextHandler@3bbf841e{/logs,file:///workdir/hadoop-ozone/integration-test/target/log,AVAILABLE}
2019-10-17 07:42:38,848 [main] INFO  handler.ContextHandler (ContextHandler.java:doStart(781)) - Started o.e.j.s.ServletContextHandler@56a4f272{/static,jar:file:/home/user/.m2/repository/org/apache/hadoop/hadoop-hdds-container-service/0.5.0-SNAPSHOT/hadoop-hdds-container-service-0.5.0-SNAPSHOT.jar!/webapps/static,AVAILABLE}
2019-10-17 07:42:38,905 [main] INFO  handler.ContextHandler (ContextHandler.java:doStart(781)) - Started o.e.j.w.WebAppContext@6cff61fc{/,file:///tmp/jetty-0.0.0.0-33290-hddsDatanode-_-any-8646899630967315426.dir/webapp/,AVAILABLE}{/hddsDatanode}
2019-10-17 07:42:38,905 [main] INFO  server.AbstractConnector (AbstractConnector.java:doStart(278)) - Started ServerConnector@6e0c6a7a{HTTP/1.1,[http/1.1]}{0.0.0.0:33290}
2019-10-17 07:42:38,906 [main] INFO  server.Server (Server.java:doStart(419)) - Started @5000ms
2019-10-17 07:42:38,906 [main] WARN  impl.MetricsSystemImpl (MetricsSystemImpl.java:register(276)) - Sink prometheus already exists!
2019-10-17 07:42:38,908 [main] INFO  server.BaseHttpServer (BaseHttpServer.java:updateConnectorAddress(215)) - HTTP server of HDDSDATANODE is listening at http://0.0.0.0:33290
2019-10-17 07:42:38,908 [main] INFO  impl.MetricsSystemImpl (MetricsSystemImpl.java:init(158)) - HddsDatanode metrics system started (again)
2019-10-17 07:42:38,911 [main] INFO  ozone.HddsDatanodeService (HddsDatanodeService.java:start(184)) - HddsDatanodeService host:pr-hdds-1868-lzclr-202649289 ip:192.168.34.62
2019-10-17 07:42:38,911 [org.apache.hadoop.util.JvmPauseMonitor$Monitor@45872047] INFO  util.JvmPauseMonitor (JvmPauseMonitor.java:run(188)) - Starting JVM pause monitor
2019-10-17 07:42:38,926 [main] INFO  volume.HddsVolume (HddsVolume.java:<init>(176)) - Creating Volume: /workdir/hadoop-ozone/integration-test/target/test-dir/MiniOzoneClusterImpl-87e8d78b-2c25-4827-9c34-ee9c99992073/datanode-4/data/containers/hdds of  storage type : DISK and capacity : 1482555576320
2019-10-17 07:42:38,926 [Datanode State Machine Thread - 0] INFO  datanode.InitDatanodeState (InitDatanodeState.java:persistContainerDatanodeDetails(140)) - DatanodeDetails is persisted to /workdir/hadoop-ozone/integration-test/target/test-dir/MiniOzoneClusterImpl-87e8d78b-2c25-4827-9c34-ee9c99992073/datanode-3/meta/datanode.id
2019-10-17 07:42:38,926 [main] INFO  volume.VolumeSet (VolumeSet.java:initializeVolumeSet(170)) - Added Volume : /workdir/hadoop-ozone/integration-test/target/test-dir/MiniOzoneClusterImpl-87e8d78b-2c25-4827-9c34-ee9c99992073/datanode-4/data/containers/hdds to VolumeSet
2019-10-17 07:42:38,926 [main] INFO  volume.ThrottledAsyncChecker (ThrottledAsyncChecker.java:schedule(141)) - Scheduling a check for /workdir/hadoop-ozone/integration-test/target/test-dir/MiniOzoneClusterImpl-87e8d78b-2c25-4827-9c34-ee9c99992073/datanode-4/data/containers/hdds
2019-10-17 07:42:38,927 [main] INFO  volume.HddsVolumeChecker (HddsVolumeChecker.java:checkAllVolumes(204)) - Scheduled health check for volume /workdir/hadoop-ozone/integration-test/target/test-dir/MiniOzoneClusterImpl-87e8d78b-2c25-4827-9c34-ee9c99992073/datanode-4/data/containers/hdds
2019-10-17 07:42:38,944 [main] INFO  impl.RaftServerProxy (ConfUtils.java:logGet(43)) - raft.rpc.type = GRPC (default)
2019-10-17 07:42:38,945 [main] INFO  grpc.GrpcFactory (GrpcFactory.java:checkPooledByteBufAllocatorUseCacheForAllThreads(45)) - PERFORMANCE WARNING: useCacheForAllThreads is true that may cause Netty to create a lot garbage objects and, as a result, trigger GC.
	It is recommended to disable useCacheForAllThreads by setting -Dorg.apache.ratis.thirdparty.io.netty.allocator.useCacheForAllThreads=false in command line.
2019-10-17 07:42:38,945 [main] INFO  grpc.GrpcConfigKeys$Server (ConfUtils.java:logGet(43)) - raft.grpc.server.port = 0 (default)
2019-10-17 07:42:38,945 [main] INFO  server.GrpcService (ConfUtils.java:logGet(43)) - raft.grpc.message.size.max = 33570816 (custom)
2019-10-17 07:42:38,946 [main] INFO  server.RaftServerConfigKeys (ConfUtils.java:logGet(43)) - raft.server.log.appender.buffer.byte-limit = 33554432 (custom)
2019-10-17 07:42:38,946 [main] INFO  server.GrpcService (ConfUtils.java:logGet(43)) - raft.grpc.flow.control.window = 1MB (=1048576) (default)
2019-10-17 07:42:38,946 [main] INFO  server.RaftServerConfigKeys (ConfUtils.java:logGet(43)) - raft.server.rpc.request.timeout = 3000ms (default)
2019-10-17 07:42:38,947 [main] INFO  server.RaftServerConfigKeys (ConfUtils.java:logGet(43)) - raft.server.storage.dir = [/workdir/hadoop-ozone/integration-test/target/test-dir/MiniOzoneClusterImpl-87e8d78b-2c25-4827-9c34-ee9c99992073/datanode-4/data/ratis] (custom)
2019-10-17 07:42:38,950 [main] INFO  hdfs.DFSUtil (DFSUtil.java:httpServerTemplateForNNAndJN(1641)) - Starting Web-server for hddsDatanode at: http://0.0.0.0:0
2019-10-17 07:42:38,952 [main] INFO  server.AuthenticationFilter (AuthenticationFilter.java:constructSecretProvider(240)) - Unable to initialize FileSignerSecretProvider, falling back to use random secrets.
2019-10-17 07:42:38,953 [main] WARN  http.HttpRequestLog (HttpRequestLog.java:getRequestLog(97)) - Jetty request log can only be enabled using Log4j
2019-10-17 07:42:38,956 [main] INFO  http.HttpServer2 (HttpServer2.java:addGlobalFilter(975)) - Added global filter 'safety' (class=org.apache.hadoop.http.HttpServer2$QuotingInputFilter)
2019-10-17 07:42:38,957 [main] INFO  http.HttpServer2 (HttpServer2.java:addFilter(948)) - Added filter static_user_filter (class=org.apache.hadoop.http.lib.StaticUserWebFilter$StaticUserFilter) to context hddsDatanode
2019-10-17 07:42:38,957 [main] INFO  http.HttpServer2 (HttpServer2.java:addFilter(958)) - Added filter static_user_filter (class=org.apache.hadoop.http.lib.StaticUserWebFilter$StaticUserFilter) to context logs
2019-10-17 07:42:38,957 [main] INFO  http.HttpServer2 (HttpServer2.java:addFilter(958)) - Added filter static_user_filter (class=org.apache.hadoop.http.lib.StaticUserWebFilter$StaticUserFilter) to context static
2019-10-17 07:42:38,959 [main] INFO  http.HttpServer2 (HttpServer2.java:bindListener(1191)) - Jetty bound to port 39794
2019-10-17 07:42:38,959 [main] INFO  server.Server (Server.java:doStart(351)) - jetty-9.3.25.v20180904, build timestamp: 2018-09-04T21:11:46Z, git hash: 3ce520221d0240229c862b122d2b06c12a625732
2019-10-17 07:42:38,963 [main] INFO  handler.ContextHandler (ContextHandler.java:doStart(781)) - Started o.e.j.s.ServletContextHandler@5a6d30e2{/logs,file:///workdir/hadoop-ozone/integration-test/target/log,AVAILABLE}
2019-10-17 07:42:38,964 [main] INFO  handler.ContextHandler (ContextHandler.java:doStart(781)) - Started o.e.j.s.ServletContextHandler@a098d76{/static,jar:file:/home/user/.m2/repository/org/apache/hadoop/hadoop-hdds-container-service/0.5.0-SNAPSHOT/hadoop-hdds-container-service-0.5.0-SNAPSHOT.jar!/webapps/static,AVAILABLE}
2019-10-17 07:42:38,998 [main] INFO  handler.ContextHandler (ContextHandler.java:doStart(781)) - Started o.e.j.w.WebAppContext@784abd3e{/,file:///tmp/jetty-0.0.0.0-39794-hddsDatanode-_-any-4372520951331129313.dir/webapp/,AVAILABLE}{/hddsDatanode}
2019-10-17 07:42:38,999 [main] INFO  server.AbstractConnector (AbstractConnector.java:doStart(278)) - Started ServerConnector@36c2b646{HTTP/1.1,[http/1.1]}{0.0.0.0:39794}
2019-10-17 07:42:38,999 [main] INFO  server.Server (Server.java:doStart(419)) - Started @5093ms
2019-10-17 07:42:39,000 [main] WARN  impl.MetricsSystemImpl (MetricsSystemImpl.java:register(276)) - Sink prometheus already exists!
2019-10-17 07:42:39,001 [main] INFO  server.BaseHttpServer (BaseHttpServer.java:updateConnectorAddress(215)) - HTTP server of HDDSDATANODE is listening at http://0.0.0.0:39794
2019-10-17 07:42:39,001 [main] INFO  impl.MetricsSystemImpl (MetricsSystemImpl.java:init(158)) - HddsDatanode metrics system started (again)
2019-10-17 07:42:39,005 [main] INFO  ozone.HddsDatanodeService (HddsDatanodeService.java:start(184)) - HddsDatanodeService host:pr-hdds-1868-lzclr-202649289 ip:192.168.34.62
2019-10-17 07:42:39,005 [org.apache.hadoop.util.JvmPauseMonitor$Monitor@1ee7f250] INFO  util.JvmPauseMonitor (JvmPauseMonitor.java:run(188)) - Starting JVM pause monitor
2019-10-17 07:42:39,009 [Datanode State Machine Thread - 0] INFO  datanode.InitDatanodeState (InitDatanodeState.java:persistContainerDatanodeDetails(140)) - DatanodeDetails is persisted to /workdir/hadoop-ozone/integration-test/target/test-dir/MiniOzoneClusterImpl-87e8d78b-2c25-4827-9c34-ee9c99992073/datanode-4/meta/datanode.id
2019-10-17 07:42:39,017 [main] INFO  volume.HddsVolume (HddsVolume.java:<init>(176)) - Creating Volume: /workdir/hadoop-ozone/integration-test/target/test-dir/MiniOzoneClusterImpl-87e8d78b-2c25-4827-9c34-ee9c99992073/datanode-5/data/containers/hdds of  storage type : DISK and capacity : 1482555576320
2019-10-17 07:42:39,017 [main] INFO  volume.VolumeSet (VolumeSet.java:initializeVolumeSet(170)) - Added Volume : /workdir/hadoop-ozone/integration-test/target/test-dir/MiniOzoneClusterImpl-87e8d78b-2c25-4827-9c34-ee9c99992073/datanode-5/data/containers/hdds to VolumeSet
2019-10-17 07:42:39,018 [main] INFO  volume.ThrottledAsyncChecker (ThrottledAsyncChecker.java:schedule(141)) - Scheduling a check for /workdir/hadoop-ozone/integration-test/target/test-dir/MiniOzoneClusterImpl-87e8d78b-2c25-4827-9c34-ee9c99992073/datanode-5/data/containers/hdds
2019-10-17 07:42:39,018 [main] INFO  volume.HddsVolumeChecker (HddsVolumeChecker.java:checkAllVolumes(204)) - Scheduled health check for volume /workdir/hadoop-ozone/integration-test/target/test-dir/MiniOzoneClusterImpl-87e8d78b-2c25-4827-9c34-ee9c99992073/datanode-5/data/containers/hdds
2019-10-17 07:42:39,034 [main] INFO  impl.RaftServerProxy (ConfUtils.java:logGet(43)) - raft.rpc.type = GRPC (default)
2019-10-17 07:42:39,034 [main] INFO  grpc.GrpcFactory (GrpcFactory.java:checkPooledByteBufAllocatorUseCacheForAllThreads(45)) - PERFORMANCE WARNING: useCacheForAllThreads is true that may cause Netty to create a lot garbage objects and, as a result, trigger GC.
	It is recommended to disable useCacheForAllThreads by setting -Dorg.apache.ratis.thirdparty.io.netty.allocator.useCacheForAllThreads=false in command line.
2019-10-17 07:42:39,034 [main] INFO  grpc.GrpcConfigKeys$Server (ConfUtils.java:logGet(43)) - raft.grpc.server.port = 0 (default)
2019-10-17 07:42:39,034 [main] INFO  server.GrpcService (ConfUtils.java:logGet(43)) - raft.grpc.message.size.max = 33570816 (custom)
2019-10-17 07:42:39,035 [main] INFO  server.RaftServerConfigKeys (ConfUtils.java:logGet(43)) - raft.server.log.appender.buffer.byte-limit = 33554432 (custom)
2019-10-17 07:42:39,035 [main] INFO  server.GrpcService (ConfUtils.java:logGet(43)) - raft.grpc.flow.control.window = 1MB (=1048576) (default)
2019-10-17 07:42:39,035 [main] INFO  server.RaftServerConfigKeys (ConfUtils.java:logGet(43)) - raft.server.rpc.request.timeout = 3000ms (default)
2019-10-17 07:42:39,036 [main] INFO  server.RaftServerConfigKeys (ConfUtils.java:logGet(43)) - raft.server.storage.dir = [/workdir/hadoop-ozone/integration-test/target/test-dir/MiniOzoneClusterImpl-87e8d78b-2c25-4827-9c34-ee9c99992073/datanode-5/data/ratis] (custom)
2019-10-17 07:42:39,038 [main] INFO  hdfs.DFSUtil (DFSUtil.java:httpServerTemplateForNNAndJN(1641)) - Starting Web-server for hddsDatanode at: http://0.0.0.0:0
2019-10-17 07:42:39,040 [main] INFO  server.AuthenticationFilter (AuthenticationFilter.java:constructSecretProvider(240)) - Unable to initialize FileSignerSecretProvider, falling back to use random secrets.
2019-10-17 07:42:39,041 [main] WARN  http.HttpRequestLog (HttpRequestLog.java:getRequestLog(97)) - Jetty request log can only be enabled using Log4j
2019-10-17 07:42:39,044 [main] INFO  http.HttpServer2 (HttpServer2.java:addGlobalFilter(975)) - Added global filter 'safety' (class=org.apache.hadoop.http.HttpServer2$QuotingInputFilter)
2019-10-17 07:42:39,045 [main] INFO  http.HttpServer2 (HttpServer2.java:addFilter(948)) - Added filter static_user_filter (class=org.apache.hadoop.http.lib.StaticUserWebFilter$StaticUserFilter) to context hddsDatanode
2019-10-17 07:42:39,045 [main] INFO  http.HttpServer2 (HttpServer2.java:addFilter(958)) - Added filter static_user_filter (class=org.apache.hadoop.http.lib.StaticUserWebFilter$StaticUserFilter) to context logs
2019-10-17 07:42:39,046 [main] INFO  http.HttpServer2 (HttpServer2.java:addFilter(958)) - Added filter static_user_filter (class=org.apache.hadoop.http.lib.StaticUserWebFilter$StaticUserFilter) to context static
2019-10-17 07:42:39,047 [main] INFO  http.HttpServer2 (HttpServer2.java:bindListener(1191)) - Jetty bound to port 44874
2019-10-17 07:42:39,047 [main] INFO  server.Server (Server.java:doStart(351)) - jetty-9.3.25.v20180904, build timestamp: 2018-09-04T21:11:46Z, git hash: 3ce520221d0240229c862b122d2b06c12a625732
2019-10-17 07:42:39,050 [main] INFO  handler.ContextHandler (ContextHandler.java:doStart(781)) - Started o.e.j.s.ServletContextHandler@5634d0f4{/logs,file:///workdir/hadoop-ozone/integration-test/target/log,AVAILABLE}
2019-10-17 07:42:39,051 [main] INFO  handler.ContextHandler (ContextHandler.java:doStart(781)) - Started o.e.j.s.ServletContextHandler@3d4e405e{/static,jar:file:/home/user/.m2/repository/org/apache/hadoop/hadoop-hdds-container-service/0.5.0-SNAPSHOT/hadoop-hdds-container-service-0.5.0-SNAPSHOT.jar!/webapps/static,AVAILABLE}
2019-10-17 07:42:39,096 [main] INFO  handler.ContextHandler (ContextHandler.java:doStart(781)) - Started o.e.j.w.WebAppContext@46349b95{/,file:///tmp/jetty-0.0.0.0-44874-hddsDatanode-_-any-848079435611521113.dir/webapp/,AVAILABLE}{/hddsDatanode}
2019-10-17 07:42:39,097 [main] INFO  server.AbstractConnector (AbstractConnector.java:doStart(278)) - Started ServerConnector@176996c3{HTTP/1.1,[http/1.1]}{0.0.0.0:44874}
2019-10-17 07:42:39,098 [main] INFO  server.Server (Server.java:doStart(419)) - Started @5192ms
2019-10-17 07:42:39,099 [main] WARN  impl.MetricsSystemImpl (MetricsSystemImpl.java:register(276)) - Sink prometheus already exists!
2019-10-17 07:42:39,100 [main] INFO  server.BaseHttpServer (BaseHttpServer.java:updateConnectorAddress(215)) - HTTP server of HDDSDATANODE is listening at http://0.0.0.0:44874
2019-10-17 07:42:39,102 [main] INFO  ozone.MiniOzoneClusterImpl (MiniOzoneClusterImpl.java:lambda$waitForClusterToBeReady$2(172)) - Waiting for cluster to be ready. Got 0 of 6 DN Heartbeats.
2019-10-17 07:42:39,104 [org.apache.hadoop.util.JvmPauseMonitor$Monitor@2809f536] INFO  util.JvmPauseMonitor (JvmPauseMonitor.java:run(188)) - Starting JVM pause monitor
2019-10-17 07:42:39,107 [Datanode State Machine Thread - 0] INFO  datanode.InitDatanodeState (InitDatanodeState.java:persistContainerDatanodeDetails(140)) - DatanodeDetails is persisted to /workdir/hadoop-ozone/integration-test/target/test-dir/MiniOzoneClusterImpl-87e8d78b-2c25-4827-9c34-ee9c99992073/datanode-5/meta/datanode.id
2019-10-17 07:42:40,103 [main] INFO  ozone.MiniOzoneClusterImpl (MiniOzoneClusterImpl.java:lambda$waitForClusterToBeReady$2(172)) - Waiting for cluster to be ready. Got 0 of 6 DN Heartbeats.
2019-10-17 07:42:40,760 [Datanode State Machine Thread - 0] INFO  ozoneimpl.OzoneContainer (OzoneContainer.java:start(213)) - Attempting to start container services.
2019-10-17 07:42:40,760 [Datanode State Machine Thread - 0] INFO  ozoneimpl.OzoneContainer (OzoneContainer.java:start(213)) - Attempting to start container services.
2019-10-17 07:42:40,765 [Datanode State Machine Thread - 0] INFO  ozoneimpl.OzoneContainer (OzoneContainer.java:startContainerScrub(177)) - Background container scanner has been disabled.
2019-10-17 07:42:40,765 [Datanode State Machine Thread - 0] INFO  ozoneimpl.OzoneContainer (OzoneContainer.java:startContainerScrub(177)) - Background container scanner has been disabled.
2019-10-17 07:42:40,765 [Datanode State Machine Thread - 0] INFO  ratis.XceiverServerRatis (XceiverServerRatis.java:start(424)) - Starting XceiverServerRatis 950052e4-3e22-47da-9ede-753224ba511d at port 0
2019-10-17 07:42:40,765 [Datanode State Machine Thread - 0] INFO  ratis.XceiverServerRatis (XceiverServerRatis.java:start(424)) - Starting XceiverServerRatis 37bd8e8c-ea68-4b1c-8659-8d001c4f3b5c at port 0
2019-10-17 07:42:40,808 [Datanode State Machine Thread - 0] INFO  impl.RaftServerProxy (RaftServerProxy.java:lambda$start$3(299)) - 950052e4-3e22-47da-9ede-753224ba511d: start RPC server
2019-10-17 07:42:40,808 [Datanode State Machine Thread - 0] INFO  impl.RaftServerProxy (RaftServerProxy.java:lambda$start$3(299)) - 37bd8e8c-ea68-4b1c-8659-8d001c4f3b5c: start RPC server
2019-10-17 07:42:40,829 [Datanode State Machine Thread - 0] INFO  ozoneimpl.OzoneContainer (OzoneContainer.java:start(213)) - Attempting to start container services.
2019-10-17 07:42:40,836 [Datanode State Machine Thread - 0] INFO  ozoneimpl.OzoneContainer (OzoneContainer.java:startContainerScrub(177)) - Background container scanner has been disabled.
2019-10-17 07:42:40,836 [Datanode State Machine Thread - 0] INFO  ratis.XceiverServerRatis (XceiverServerRatis.java:start(424)) - Starting XceiverServerRatis 029f6492-d0d3-4359-81c8-d83b80fef939 at port 0
2019-10-17 07:42:40,847 [Datanode State Machine Thread - 0] INFO  impl.RaftServerProxy (RaftServerProxy.java:lambda$start$3(299)) - 029f6492-d0d3-4359-81c8-d83b80fef939: start RPC server
2019-10-17 07:42:40,936 [Datanode State Machine Thread - 0] INFO  ozoneimpl.OzoneContainer (OzoneContainer.java:start(213)) - Attempting to start container services.
2019-10-17 07:42:40,938 [Datanode State Machine Thread - 0] INFO  ozoneimpl.OzoneContainer (OzoneContainer.java:startContainerScrub(177)) - Background container scanner has been disabled.
2019-10-17 07:42:40,938 [Datanode State Machine Thread - 0] INFO  ratis.XceiverServerRatis (XceiverServerRatis.java:start(424)) - Starting XceiverServerRatis 2a93f7e5-ecb9-41da-9c47-70e13ba76d7d at port 0
2019-10-17 07:42:40,950 [Datanode State Machine Thread - 0] INFO  server.GrpcService (GrpcService.java:startImpl(158)) - 950052e4-3e22-47da-9ede-753224ba511d: GrpcService started, listening on 0.0.0.0/0.0.0.0:44758
2019-10-17 07:42:40,950 [Datanode State Machine Thread - 0] INFO  server.GrpcService (GrpcService.java:startImpl(158)) - 029f6492-d0d3-4359-81c8-d83b80fef939: GrpcService started, listening on 0.0.0.0/0.0.0.0:38839
2019-10-17 07:42:40,950 [Datanode State Machine Thread - 0] INFO  server.GrpcService (GrpcService.java:startImpl(158)) - 37bd8e8c-ea68-4b1c-8659-8d001c4f3b5c: GrpcService started, listening on 0.0.0.0/0.0.0.0:41632
2019-10-17 07:42:40,952 [Datanode State Machine Thread - 0] INFO  ratis.XceiverServerRatis (XceiverServerRatis.java:start(434)) - XceiverServerRatis 029f6492-d0d3-4359-81c8-d83b80fef939 is started using port 38839
2019-10-17 07:42:40,951 [Datanode State Machine Thread - 0] INFO  ratis.XceiverServerRatis (XceiverServerRatis.java:start(434)) - XceiverServerRatis 950052e4-3e22-47da-9ede-753224ba511d is started using port 44758
2019-10-17 07:42:40,952 [Datanode State Machine Thread - 0] INFO  ratis.XceiverServerRatis (XceiverServerRatis.java:start(434)) - XceiverServerRatis 37bd8e8c-ea68-4b1c-8659-8d001c4f3b5c is started using port 41632
2019-10-17 07:42:40,957 [Datanode State Machine Thread - 0] INFO  impl.RaftServerProxy (RaftServerProxy.java:lambda$start$3(299)) - 2a93f7e5-ecb9-41da-9c47-70e13ba76d7d: start RPC server
2019-10-17 07:42:40,964 [Datanode State Machine Thread - 0] INFO  server.XceiverServerGrpc (XceiverServerGrpc.java:start(149)) - XceiverServerGrpc 950052e4-3e22-47da-9ede-753224ba511d is started using port 38046
2019-10-17 07:42:40,964 [Datanode State Machine Thread - 0] INFO  server.GrpcService (GrpcService.java:startImpl(158)) - 2a93f7e5-ecb9-41da-9c47-70e13ba76d7d: GrpcService started, listening on 0.0.0.0/0.0.0.0:35412
2019-10-17 07:42:40,964 [Datanode State Machine Thread - 0] INFO  server.XceiverServerGrpc (XceiverServerGrpc.java:start(149)) - XceiverServerGrpc 37bd8e8c-ea68-4b1c-8659-8d001c4f3b5c is started using port 36030
2019-10-17 07:42:40,964 [Datanode State Machine Thread - 0] INFO  server.XceiverServerGrpc (XceiverServerGrpc.java:start(149)) - XceiverServerGrpc 029f6492-d0d3-4359-81c8-d83b80fef939 is started using port 40313
2019-10-17 07:42:40,965 [Datanode State Machine Thread - 0] INFO  ratis.XceiverServerRatis (XceiverServerRatis.java:start(434)) - XceiverServerRatis 2a93f7e5-ecb9-41da-9c47-70e13ba76d7d is started using port 35412
2019-10-17 07:42:40,967 [Datanode State Machine Thread - 0] INFO  server.XceiverServerGrpc (XceiverServerGrpc.java:start(149)) - XceiverServerGrpc 2a93f7e5-ecb9-41da-9c47-70e13ba76d7d is started using port 39269
2019-10-17 07:42:41,031 [Datanode State Machine Thread - 0] INFO  ozoneimpl.OzoneContainer (OzoneContainer.java:start(213)) - Attempting to start container services.
2019-10-17 07:42:41,036 [Datanode State Machine Thread - 0] INFO  ozoneimpl.OzoneContainer (OzoneContainer.java:startContainerScrub(177)) - Background container scanner has been disabled.
2019-10-17 07:42:41,037 [Datanode State Machine Thread - 0] INFO  ratis.XceiverServerRatis (XceiverServerRatis.java:start(424)) - Starting XceiverServerRatis a802dc96-981d-402b-abc4-149484258632 at port 0
2019-10-17 07:42:41,047 [Datanode State Machine Thread - 0] INFO  impl.RaftServerProxy (RaftServerProxy.java:lambda$start$3(299)) - a802dc96-981d-402b-abc4-149484258632: start RPC server
2019-10-17 07:42:41,053 [Datanode State Machine Thread - 0] INFO  server.GrpcService (GrpcService.java:startImpl(158)) - a802dc96-981d-402b-abc4-149484258632: GrpcService started, listening on 0.0.0.0/0.0.0.0:42955
2019-10-17 07:42:41,053 [Datanode State Machine Thread - 0] INFO  ratis.XceiverServerRatis (XceiverServerRatis.java:start(434)) - XceiverServerRatis a802dc96-981d-402b-abc4-149484258632 is started using port 42955
2019-10-17 07:42:41,056 [Datanode State Machine Thread - 0] INFO  server.XceiverServerGrpc (XceiverServerGrpc.java:start(149)) - XceiverServerGrpc a802dc96-981d-402b-abc4-149484258632 is started using port 43987
2019-10-17 07:42:41,104 [main] INFO  ozone.MiniOzoneClusterImpl (MiniOzoneClusterImpl.java:lambda$waitForClusterToBeReady$2(172)) - Waiting for cluster to be ready. Got 0 of 6 DN Heartbeats.
2019-10-17 07:42:41,132 [Datanode State Machine Thread - 0] INFO  ozoneimpl.OzoneContainer (OzoneContainer.java:start(213)) - Attempting to start container services.
2019-10-17 07:42:41,133 [Datanode State Machine Thread - 0] INFO  ozoneimpl.OzoneContainer (OzoneContainer.java:startContainerScrub(177)) - Background container scanner has been disabled.
2019-10-17 07:42:41,133 [Datanode State Machine Thread - 0] INFO  ratis.XceiverServerRatis (XceiverServerRatis.java:start(424)) - Starting XceiverServerRatis 24020d0b-ce61-4f5a-b0b0-c561541e8cd4 at port 0
2019-10-17 07:42:41,145 [Datanode State Machine Thread - 0] INFO  impl.RaftServerProxy (RaftServerProxy.java:lambda$start$3(299)) - 24020d0b-ce61-4f5a-b0b0-c561541e8cd4: start RPC server
2019-10-17 07:42:41,148 [Datanode State Machine Thread - 0] INFO  server.GrpcService (GrpcService.java:startImpl(158)) - 24020d0b-ce61-4f5a-b0b0-c561541e8cd4: GrpcService started, listening on 0.0.0.0/0.0.0.0:42892
2019-10-17 07:42:41,148 [Datanode State Machine Thread - 0] INFO  ratis.XceiverServerRatis (XceiverServerRatis.java:start(434)) - XceiverServerRatis 24020d0b-ce61-4f5a-b0b0-c561541e8cd4 is started using port 42892
2019-10-17 07:42:41,151 [Datanode State Machine Thread - 0] INFO  server.XceiverServerGrpc (XceiverServerGrpc.java:start(149)) - XceiverServerGrpc 24020d0b-ce61-4f5a-b0b0-c561541e8cd4 is started using port 45007
2019-10-17 07:42:42,105 [main] INFO  ozone.MiniOzoneClusterImpl (MiniOzoneClusterImpl.java:lambda$waitForClusterToBeReady$2(172)) - Waiting for cluster to be ready. Got 0 of 6 DN Heartbeats.
2019-10-17 07:42:42,703 [IPC Server handler 0 on 44367] INFO  net.NetworkTopology (NetworkTopologyImpl.java:add(111)) - Added a new node: /default-rack/37bd8e8c-ea68-4b1c-8659-8d001c4f3b5c
2019-10-17 07:42:42,704 [IPC Server handler 0 on 44367] INFO  node.SCMNodeManager (SCMNodeManager.java:register(268)) - Registered Data node : 37bd8e8c-ea68-4b1c-8659-8d001c4f3b5c{ip: 192.168.34.62, host: pr-hdds-1868-lzclr-202649289, networkLocation: /default-rack, certSerialId: null}
2019-10-17 07:42:42,708 [EventQueue-NodeRegistrationContainerReportForDataNodeSafeModeRule] INFO  safemode.SCMSafeModeManager (DataNodeSafeModeRule.java:process(71)) - SCM in safe mode. 1 DataNodes registered, 1 required.
2019-10-17 07:42:42,709 [EventQueue-ProcessedPipelineReportForHealthyPipelineSafeModeRule] INFO  safemode.SCMSafeModeManager (SCMSafeModeManager.java:validateSafeModeExitRules(177)) - ScmSafeModeManager, all rules are successfully validated
2019-10-17 07:42:42,709 [EventQueue-ProcessedPipelineReportForHealthyPipelineSafeModeRule] INFO  safemode.SCMSafeModeManager (SCMSafeModeManager.java:exitSafeMode(193)) - SCM exiting safe mode.
2019-10-17 07:42:42,736 [IPC Server handler 2 on 44367] INFO  net.NetworkTopology (NetworkTopologyImpl.java:add(111)) - Added a new node: /default-rack/950052e4-3e22-47da-9ede-753224ba511d
2019-10-17 07:42:42,737 [IPC Server handler 2 on 44367] INFO  node.SCMNodeManager (SCMNodeManager.java:register(268)) - Registered Data node : 950052e4-3e22-47da-9ede-753224ba511d{ip: 192.168.34.62, host: pr-hdds-1868-lzclr-202649289, networkLocation: /default-rack, certSerialId: null}
2019-10-17 07:42:42,816 [IPC Server handler 1 on 44367] INFO  net.NetworkTopology (NetworkTopologyImpl.java:add(111)) - Added a new node: /default-rack/029f6492-d0d3-4359-81c8-d83b80fef939
2019-10-17 07:42:42,817 [IPC Server handler 1 on 44367] INFO  node.SCMNodeManager (SCMNodeManager.java:register(268)) - Registered Data node : 029f6492-d0d3-4359-81c8-d83b80fef939{ip: 192.168.34.62, host: pr-hdds-1868-lzclr-202649289, networkLocation: /default-rack, certSerialId: null}
2019-10-17 07:42:42,914 [IPC Server handler 4 on 44367] INFO  net.NetworkTopology (NetworkTopologyImpl.java:add(111)) - Added a new node: /default-rack/2a93f7e5-ecb9-41da-9c47-70e13ba76d7d
2019-10-17 07:42:42,914 [IPC Server handler 4 on 44367] INFO  node.SCMNodeManager (SCMNodeManager.java:register(268)) - Registered Data node : 2a93f7e5-ecb9-41da-9c47-70e13ba76d7d{ip: 192.168.34.62, host: pr-hdds-1868-lzclr-202649289, networkLocation: /default-rack, certSerialId: null}
2019-10-17 07:42:43,010 [IPC Server handler 5 on 44367] INFO  net.NetworkTopology (NetworkTopologyImpl.java:add(111)) - Added a new node: /default-rack/a802dc96-981d-402b-abc4-149484258632
2019-10-17 07:42:43,010 [IPC Server handler 5 on 44367] INFO  node.SCMNodeManager (SCMNodeManager.java:register(268)) - Registered Data node : a802dc96-981d-402b-abc4-149484258632{ip: 192.168.34.62, host: pr-hdds-1868-lzclr-202649289, networkLocation: /default-rack, certSerialId: null}
2019-10-17 07:42:43,106 [IPC Server handler 9 on 44367] INFO  net.NetworkTopology (NetworkTopologyImpl.java:add(111)) - Added a new node: /default-rack/24020d0b-ce61-4f5a-b0b0-c561541e8cd4
2019-10-17 07:42:43,107 [IPC Server handler 9 on 44367] INFO  node.SCMNodeManager (SCMNodeManager.java:register(268)) - Registered Data node : 24020d0b-ce61-4f5a-b0b0-c561541e8cd4{ip: 192.168.34.62, host: pr-hdds-1868-lzclr-202649289, networkLocation: /default-rack, certSerialId: null}
2019-10-17 07:42:43,218 [grpc-default-executor-0] INFO  impl.RaftServerProxy (RaftServerProxy.java:addNew(89)) - 37bd8e8c-ea68-4b1c-8659-8d001c4f3b5c: addNew group-BBCCAFE5DB64:[37bd8e8c-ea68-4b1c-8659-8d001c4f3b5c:192.168.34.62:41632] returns group-BBCCAFE5DB64:java.util.concurrent.CompletableFuture@45c9de6f[Not completed]
2019-10-17 07:42:43,233 [pool-27-thread-1] INFO  impl.RaftServerImpl (RaftServerImpl.java:<init>(104)) - 37bd8e8c-ea68-4b1c-8659-8d001c4f3b5c: new RaftServerImpl for group-BBCCAFE5DB64:[37bd8e8c-ea68-4b1c-8659-8d001c4f3b5c:192.168.34.62:41632] with ContainerStateMachine:uninitialized
2019-10-17 07:42:43,235 [pool-27-thread-1] INFO  server.RaftServerConfigKeys (ConfUtils.java:logGet(43)) - raft.server.rpc.timeout.min = 5s (custom)
2019-10-17 07:42:43,237 [pool-27-thread-1] INFO  server.RaftServerConfigKeys (ConfUtils.java:logGet(43)) - raft.server.rpc.timeout.max = 5200ms (custom)
2019-10-17 07:42:43,237 [pool-27-thread-1] INFO  server.RaftServerConfigKeys (ConfUtils.java:logGet(43)) - raft.server.rpcslowness.timeout = 120s (custom)
2019-10-17 07:42:43,238 [pool-27-thread-1] INFO  server.RaftServerConfigKeys (ConfUtils.java:logGet(43)) - raft.server.sleep.deviation.threshold = 300 (default)
2019-10-17 07:42:43,239 [pool-27-thread-1] INFO  server.RaftServerConfigKeys (ConfUtils.java:logGet(43)) - raft.server.log.appender.install.snapshot.enabled = false (custom)
2019-10-17 07:42:43,249 [pool-27-thread-1] INFO  impl.RaftServerImpl (ServerState.java:<init>(103)) - 37bd8e8c-ea68-4b1c-8659-8d001c4f3b5c@group-BBCCAFE5DB64: ConfigurationManager, init=-1: [37bd8e8c-ea68-4b1c-8659-8d001c4f3b5c:192.168.34.62:41632], old=null, confs=<EMPTY_MAP>
2019-10-17 07:42:43,249 [pool-27-thread-1] INFO  server.RaftServerConfigKeys (ConfUtils.java:logGet(43)) - raft.server.storage.dir = [/workdir/hadoop-ozone/integration-test/target/test-dir/MiniOzoneClusterImpl-87e8d78b-2c25-4827-9c34-ee9c99992073/datanode-0/data/ratis] (custom)
2019-10-17 07:42:43,257 [pool-27-thread-1] INFO  server.RaftServerConfigKeys (ConfUtils.java:logGet(43)) - raft.server.log.corruption.policy = EXCEPTION (default)
2019-10-17 07:42:43,259 [pool-27-thread-1] INFO  storage.RaftStorageDirectory (RaftStorageDirectory.java:analyzeStorage(246)) - The storage directory /workdir/hadoop-ozone/integration-test/target/test-dir/MiniOzoneClusterImpl-87e8d78b-2c25-4827-9c34-ee9c99992073/datanode-0/data/ratis/f9589774-8dcc-49ca-90e1-bbccafe5db64 does not exist. Creating ...
2019-10-17 07:42:43,287 [pool-27-thread-1] INFO  storage.RaftStorageDirectory (RaftStorageDirectory.java:tryLock(328)) - Lock on /workdir/hadoop-ozone/integration-test/target/test-dir/MiniOzoneClusterImpl-87e8d78b-2c25-4827-9c34-ee9c99992073/datanode-0/data/ratis/f9589774-8dcc-49ca-90e1-bbccafe5db64/in_use.lock acquired by nodename 31404@pr-hdds-1868-lzclr-202649289
2019-10-17 07:42:43,304 [pool-27-thread-1] INFO  storage.RaftStorage (RaftStorage.java:format(84)) - Storage directory /workdir/hadoop-ozone/integration-test/target/test-dir/MiniOzoneClusterImpl-87e8d78b-2c25-4827-9c34-ee9c99992073/datanode-0/data/ratis/f9589774-8dcc-49ca-90e1-bbccafe5db64 has been successfully formatted.
2019-10-17 07:42:43,307 [pool-27-thread-1] INFO  ratis.ContainerStateMachine (ContainerStateMachine.java:loadSnapshot(233)) - group-BBCCAFE5DB64: The snapshot info is null. Setting the last applied indexto:(t:0, i:~)
2019-10-17 07:42:43,307 [pool-27-thread-1] INFO  server.RaftServerConfigKeys (ConfUtils.java:logGet(43)) - raft.server.notification.no-leader.timeout = 120s (custom)
2019-10-17 07:42:43,310 [pool-27-thread-1] INFO  server.RaftServerConfigKeys (ConfUtils.java:logGet(43)) - raft.server.log.use.memory = false (default)
2019-10-17 07:42:43,317 [pool-27-thread-1] INFO  server.RaftServerConfigKeys (ConfUtils.java:logGet(43)) - raft.server.log.purge.gap = 1000000 (custom)
2019-10-17 07:42:43,317 [pool-27-thread-1] INFO  server.RaftServerConfigKeys (ConfUtils.java:logGet(43)) - raft.server.log.appender.buffer.byte-limit = 33554432 (custom)
2019-10-17 07:42:43,320 [pool-27-thread-1] INFO  server.RaftServerConfigKeys (ConfUtils.java:logGet(43)) - raft.server.log.segment.size.max = 1048576 (custom)
2019-10-17 07:42:43,322 [pool-27-thread-1] INFO  impl.MetricsSystemImpl (MetricsSystemImpl.java:init(158)) - ratis metrics system started (again)
2019-10-17 07:42:43,326 [pool-27-thread-1] INFO  metrics.MetricRegistries (MetricRegistriesLoader.java:load(64)) - Loaded MetricRegistries class org.apache.ratis.metrics.impl.MetricRegistriesImpl
2019-10-17 07:42:43,365 [pool-27-thread-1] INFO  server.RaftServerConfigKeys (ConfUtils.java:logGet(43)) - raft.server.log.segment.cache.num.max = 2 (custom)
2019-10-17 07:42:43,371 [pool-27-thread-1] INFO  segmented.SegmentedRaftLogWorker (SegmentedRaftLogWorker.java:<init>(173)) - new 37bd8e8c-ea68-4b1c-8659-8d001c4f3b5c@group-BBCCAFE5DB64-SegmentedRaftLogWorker for RaftStorage:Storage Directory /workdir/hadoop-ozone/integration-test/target/test-dir/MiniOzoneClusterImpl-87e8d78b-2c25-4827-9c34-ee9c99992073/datanode-0/data/ratis/f9589774-8dcc-49ca-90e1-bbccafe5db64
2019-10-17 07:42:43,371 [pool-27-thread-1] INFO  server.RaftServerConfigKeys (ConfUtils.java:logGet(43)) - raft.server.log.queue.byte-limit = 2147483647 (custom)
2019-10-17 07:42:43,372 [pool-27-thread-1] INFO  server.RaftServerConfigKeys (ConfUtils.java:logGet(43)) - raft.server.log.queue.element-limit = 1024 (custom)
2019-10-17 07:42:43,373 [pool-27-thread-1] INFO  server.RaftServerConfigKeys (ConfUtils.java:logGet(43)) - raft.server.log.segment.size.max = 1048576 (custom)
2019-10-17 07:42:43,374 [pool-27-thread-1] INFO  server.RaftServerConfigKeys (ConfUtils.java:logGet(43)) - raft.server.log.preallocated.size = 16384 (custom)
2019-10-17 07:42:43,374 [pool-27-thread-1] INFO  server.RaftServerConfigKeys (ConfUtils.java:logGet(43)) - raft.server.log.write.buffer.size = 33554432 (custom)
2019-10-17 07:42:43,374 [pool-27-thread-1] INFO  server.RaftServerConfigKeys (ConfUtils.java:logGet(43)) - raft.server.log.force.sync.num = 128 (default)
2019-10-17 07:42:43,375 [pool-27-thread-1] INFO  server.RaftServerConfigKeys (ConfUtils.java:logGet(43)) - raft.server.log.statemachine.data.sync = true (default)
2019-10-17 07:42:43,376 [pool-27-thread-1] INFO  server.RaftServerConfigKeys (ConfUtils.java:logGet(43)) - raft.server.log.statemachine.data.sync.timeout = 10s (default)
2019-10-17 07:42:43,376 [pool-27-thread-1] INFO  server.RaftServerConfigKeys (ConfUtils.java:logGet(43)) - raft.server.log.statemachine.data.sync.timeout.retry = -1 (default)
2019-10-17 07:42:43,387 [pool-27-thread-1] INFO  server.RaftServerConfigKeys (ConfUtils.java:logGet(43)) - raft.server.log.statemachine.data.caching.enabled = true (custom)
2019-10-17 07:42:43,392 [pool-27-thread-1] INFO  segmented.SegmentedRaftLogWorker (SegmentedRaftLogWorker.java:lambda$new$0(128)) - 37bd8e8c-ea68-4b1c-8659-8d001c4f3b5c@group-BBCCAFE5DB64-SegmentedRaftLogWorker: flushIndex: setUnconditionally 0 -> -1
2019-10-17 07:42:43,401 [pool-27-thread-1] INFO  server.RaftServerConfigKeys (ConfUtils.java:logGet(43)) - raft.server.snapshot.auto.trigger.enabled = true (custom)
2019-10-17 07:42:43,402 [pool-27-thread-1] INFO  server.RaftServerConfigKeys (ConfUtils.java:logGet(43)) - raft.server.snapshot.auto.trigger.threshold = 10000 (custom)
2019-10-17 07:42:43,403 [pool-27-thread-1] INFO  server.RaftServerConfigKeys (ConfUtils.java:logGet(43)) - raft.server.snapshot.retention.file.num = 5 (custom)
2019-10-17 07:42:43,403 [pool-27-thread-1] INFO  server.RaftServerConfigKeys (ConfUtils.java:logGet(43)) - raft.server.retrycache.expirytime = 600000ms (custom)
2019-10-17 07:42:43,431 [pool-27-thread-1] INFO  impl.RaftServerImpl (RaftServerImpl.java:start(195)) - 37bd8e8c-ea68-4b1c-8659-8d001c4f3b5c@group-BBCCAFE5DB64: start as a follower, conf=-1: [37bd8e8c-ea68-4b1c-8659-8d001c4f3b5c:192.168.34.62:41632], old=null
2019-10-17 07:42:43,432 [pool-27-thread-1] INFO  impl.RaftServerImpl (RaftServerImpl.java:setRole(184)) - 37bd8e8c-ea68-4b1c-8659-8d001c4f3b5c@group-BBCCAFE5DB64: changes role from      null to FOLLOWER at term 0 for startAsFollower
2019-10-17 07:42:43,433 [pool-27-thread-1] INFO  impl.RoleInfo (RoleInfo.java:updateAndGet(143)) - 37bd8e8c-ea68-4b1c-8659-8d001c4f3b5c: start FollowerState
2019-10-17 07:42:43,435 [pool-27-thread-1] INFO  util.JmxRegister (JmxRegister.java:tryRegister(44)) - Successfully registered JMX Bean with object name Ratis:service=RaftServer,group=group-BBCCAFE5DB64,id=37bd8e8c-ea68-4b1c-8659-8d001c4f3b5c
2019-10-17 07:42:43,458 [Thread-227] INFO  impl.FollowerState (FollowerState.java:run(108)) - 37bd8e8c-ea68-4b1c-8659-8d001c4f3b5c@group-BBCCAFE5DB64-FollowerState: change to CANDIDATE, lastRpcTime:24ms, electionTimeout:24ms
2019-10-17 07:42:43,464 [Thread-227] INFO  impl.RoleInfo (RoleInfo.java:shutdownFollowerState(121)) - 37bd8e8c-ea68-4b1c-8659-8d001c4f3b5c: shutdown FollowerState
2019-10-17 07:42:43,465 [Thread-227] INFO  impl.RaftServerImpl (RaftServerImpl.java:setRole(184)) - 37bd8e8c-ea68-4b1c-8659-8d001c4f3b5c@group-BBCCAFE5DB64: changes role from  FOLLOWER to CANDIDATE at term 0 for changeToCandidate
2019-10-17 07:42:43,473 [Thread-227] INFO  impl.RoleInfo (RoleInfo.java:updateAndGet(143)) - 37bd8e8c-ea68-4b1c-8659-8d001c4f3b5c: start LeaderElection
2019-10-17 07:42:43,504 [37bd8e8c-ea68-4b1c-8659-8d001c4f3b5c@group-BBCCAFE5DB64-LeaderElection1] INFO  impl.LeaderElection (LeaderElection.java:askForVotes(178)) - 37bd8e8c-ea68-4b1c-8659-8d001c4f3b5c@group-BBCCAFE5DB64-LeaderElection1: begin an election at term 1 for -1: [37bd8e8c-ea68-4b1c-8659-8d001c4f3b5c:192.168.34.62:41632], old=null
2019-10-17 07:42:43,506 [37bd8e8c-ea68-4b1c-8659-8d001c4f3b5c@group-BBCCAFE5DB64-LeaderElection1] INFO  impl.RoleInfo (RoleInfo.java:shutdownLeaderElection(134)) - 37bd8e8c-ea68-4b1c-8659-8d001c4f3b5c: shutdown LeaderElection
2019-10-17 07:42:43,506 [37bd8e8c-ea68-4b1c-8659-8d001c4f3b5c@group-BBCCAFE5DB64-LeaderElection1] INFO  impl.RaftServerImpl (RaftServerImpl.java:setRole(184)) - 37bd8e8c-ea68-4b1c-8659-8d001c4f3b5c@group-BBCCAFE5DB64: changes role from CANDIDATE to LEADER at term 1 for changeToLeader
2019-10-17 07:42:43,507 [37bd8e8c-ea68-4b1c-8659-8d001c4f3b5c@group-BBCCAFE5DB64-LeaderElection1] INFO  ratis.XceiverServerRatis (XceiverServerRatis.java:handleLeaderChangedNotification(699)) - Leader change notification received for group: group-BBCCAFE5DB64 with new leaderId: 37bd8e8c-ea68-4b1c-8659-8d001c4f3b5c
2019-10-17 07:42:43,510 [37bd8e8c-ea68-4b1c-8659-8d001c4f3b5c@group-BBCCAFE5DB64-LeaderElection1] INFO  impl.RaftServerImpl (ServerState.java:setLeader(256)) - 37bd8e8c-ea68-4b1c-8659-8d001c4f3b5c@group-BBCCAFE5DB64: change Leader from null to 37bd8e8c-ea68-4b1c-8659-8d001c4f3b5c at term 1 for becomeLeader, leader elected after 199ms
2019-10-17 07:42:43,513 [RatisPipelineUtilsThread] INFO  pipeline.PipelineStateManager (PipelineStateManager.java:addPipeline(55)) - Created pipeline Pipeline[ Id: f9589774-8dcc-49ca-90e1-bbccafe5db64, Nodes: 37bd8e8c-ea68-4b1c-8659-8d001c4f3b5c{ip: 192.168.34.62, host: pr-hdds-1868-lzclr-202649289, networkLocation: /default-rack, certSerialId: null}, Type:RATIS, Factor:ONE, State:ALLOCATED]
2019-10-17 07:42:43,518 [37bd8e8c-ea68-4b1c-8659-8d001c4f3b5c@group-BBCCAFE5DB64-LeaderElection1] INFO  server.RaftServerConfigKeys (ConfUtils.java:logGet(43)) - raft.server.staging.catchup.gap = 1000 (default)
2019-10-17 07:42:43,520 [37bd8e8c-ea68-4b1c-8659-8d001c4f3b5c@group-BBCCAFE5DB64-LeaderElection1] INFO  server.RaftServerConfigKeys (ConfUtils.java:logGet(43)) - raft.server.rpc.sleep.time = 25ms (default)
2019-10-17 07:42:43,529 [37bd8e8c-ea68-4b1c-8659-8d001c4f3b5c@group-BBCCAFE5DB64-LeaderElection1] INFO  server.RaftServerConfigKeys (ConfUtils.java:logGet(43)) - raft.server.write.element-limit = 4096 (default)
2019-10-17 07:42:43,540 [37bd8e8c-ea68-4b1c-8659-8d001c4f3b5c@group-BBCCAFE5DB64-LeaderElection1] INFO  server.RaftServerConfigKeys (ConfUtils.java:logGet(43)) - raft.server.watch.timeout = 10s (default)
2019-10-17 07:42:43,543 [37bd8e8c-ea68-4b1c-8659-8d001c4f3b5c@group-BBCCAFE5DB64-LeaderElection1] INFO  server.RaftServerConfigKeys (ConfUtils.java:logGet(43)) - raft.server.watch.timeout.denomination = 1s (default)
2019-10-17 07:42:43,544 [grpc-default-executor-0] INFO  impl.RaftServerProxy (RaftServerProxy.java:addNew(89)) - 029f6492-d0d3-4359-81c8-d83b80fef939: addNew group-4065A40678CA:[029f6492-d0d3-4359-81c8-d83b80fef939:192.168.34.62:38839] returns group-4065A40678CA:java.util.concurrent.CompletableFuture@4b82ebcc[Not completed]
2019-10-17 07:42:43,545 [37bd8e8c-ea68-4b1c-8659-8d001c4f3b5c@group-BBCCAFE5DB64-LeaderElection1] INFO  server.RaftServerConfigKeys (ConfUtils.java:logGet(43)) - raft.server.watch.element-limit = 65536 (default)
2019-10-17 07:42:43,580 [pool-47-thread-1] INFO  impl.RaftServerImpl (RaftServerImpl.java:<init>(104)) - 029f6492-d0d3-4359-81c8-d83b80fef939: new RaftServerImpl for group-4065A40678CA:[029f6492-d0d3-4359-81c8-d83b80fef939:192.168.34.62:38839] with ContainerStateMachine:uninitialized
2019-10-17 07:42:43,580 [pool-47-thread-1] INFO  server.RaftServerConfigKeys (ConfUtils.java:logGet(43)) - raft.server.rpc.timeout.min = 5s (custom)
2019-10-17 07:42:43,580 [pool-47-thread-1] INFO  server.RaftServerConfigKeys (ConfUtils.java:logGet(43)) - raft.server.rpc.timeout.max = 5200ms (custom)
2019-10-17 07:42:43,580 [pool-47-thread-1] INFO  server.RaftServerConfigKeys (ConfUtils.java:logGet(43)) - raft.server.rpcslowness.timeout = 120s (custom)
2019-10-17 07:42:43,581 [pool-47-thread-1] INFO  server.RaftServerConfigKeys (ConfUtils.java:logGet(43)) - raft.server.sleep.deviation.threshold = 300 (default)
2019-10-17 07:42:43,581 [pool-47-thread-1] INFO  server.RaftServerConfigKeys (ConfUtils.java:logGet(43)) - raft.server.log.appender.install.snapshot.enabled = false (custom)
2019-10-17 07:42:43,581 [pool-47-thread-1] INFO  impl.RaftServerImpl (ServerState.java:<init>(103)) - 029f6492-d0d3-4359-81c8-d83b80fef939@group-4065A40678CA: ConfigurationManager, init=-1: [029f6492-d0d3-4359-81c8-d83b80fef939:192.168.34.62:38839], old=null, confs=<EMPTY_MAP>
2019-10-17 07:42:43,581 [pool-47-thread-1] INFO  server.RaftServerConfigKeys (ConfUtils.java:logGet(43)) - raft.server.storage.dir = [/workdir/hadoop-ozone/integration-test/target/test-dir/MiniOzoneClusterImpl-87e8d78b-2c25-4827-9c34-ee9c99992073/datanode-2/data/ratis] (custom)
2019-10-17 07:42:43,581 [pool-47-thread-1] INFO  server.RaftServerConfigKeys (ConfUtils.java:logGet(43)) - raft.server.log.corruption.policy = EXCEPTION (default)
2019-10-17 07:42:43,582 [pool-47-thread-1] INFO  storage.RaftStorageDirectory (RaftStorageDirectory.java:analyzeStorage(246)) - The storage directory /workdir/hadoop-ozone/integration-test/target/test-dir/MiniOzoneClusterImpl-87e8d78b-2c25-4827-9c34-ee9c99992073/datanode-2/data/ratis/f6bcfcd1-ac56-41bc-aa4f-4065a40678ca does not exist. Creating ...
2019-10-17 07:42:43,595 [37bd8e8c-ea68-4b1c-8659-8d001c4f3b5c@group-BBCCAFE5DB64-LeaderElection1] INFO  impl.RoleInfo (RoleInfo.java:updateAndGet(143)) - 37bd8e8c-ea68-4b1c-8659-8d001c4f3b5c: start LeaderState
2019-10-17 07:42:43,608 [pool-47-thread-1] INFO  storage.RaftStorageDirectory (RaftStorageDirectory.java:tryLock(328)) - Lock on /workdir/hadoop-ozone/integration-test/target/test-dir/MiniOzoneClusterImpl-87e8d78b-2c25-4827-9c34-ee9c99992073/datanode-2/data/ratis/f6bcfcd1-ac56-41bc-aa4f-4065a40678ca/in_use.lock acquired by nodename 31404@pr-hdds-1868-lzclr-202649289
2019-10-17 07:42:43,611 [37bd8e8c-ea68-4b1c-8659-8d001c4f3b5c@group-BBCCAFE5DB64-LeaderElection1] INFO  segmented.SegmentedRaftLogWorker (SegmentedRaftLogWorker.java:startLogSegment(385)) - 37bd8e8c-ea68-4b1c-8659-8d001c4f3b5c@group-BBCCAFE5DB64-SegmentedRaftLogWorker: Starting segment from index:0
2019-10-17 07:42:43,624 [37bd8e8c-ea68-4b1c-8659-8d001c4f3b5c@group-BBCCAFE5DB64-LeaderElection1] INFO  impl.RaftServerImpl (ServerState.java:setRaftConf(357)) - 37bd8e8c-ea68-4b1c-8659-8d001c4f3b5c@group-BBCCAFE5DB64: set configuration 0: [37bd8e8c-ea68-4b1c-8659-8d001c4f3b5c:192.168.34.62:41632], old=null at 0
2019-10-17 07:42:43,633 [pool-47-thread-1] INFO  storage.RaftStorage (RaftStorage.java:format(84)) - Storage directory /workdir/hadoop-ozone/integration-test/target/test-dir/MiniOzoneClusterImpl-87e8d78b-2c25-4827-9c34-ee9c99992073/datanode-2/data/ratis/f6bcfcd1-ac56-41bc-aa4f-4065a40678ca has been successfully formatted.
2019-10-17 07:42:43,634 [pool-47-thread-1] INFO  ratis.ContainerStateMachine (ContainerStateMachine.java:loadSnapshot(233)) - group-4065A40678CA: The snapshot info is null. Setting the last applied indexto:(t:0, i:~)
2019-10-17 07:42:43,635 [pool-47-thread-1] INFO  server.RaftServerConfigKeys (ConfUtils.java:logGet(43)) - raft.server.notification.no-leader.timeout = 120s (custom)
2019-10-17 07:42:43,635 [pool-47-thread-1] INFO  server.RaftServerConfigKeys (ConfUtils.java:logGet(43)) - raft.server.log.use.memory = false (default)
2019-10-17 07:42:43,636 [pool-47-thread-1] INFO  server.RaftServerConfigKeys (ConfUtils.java:logGet(43)) - raft.server.log.purge.gap = 1000000 (custom)
2019-10-17 07:42:43,636 [pool-47-thread-1] INFO  server.RaftServerConfigKeys (ConfUtils.java:logGet(43)) - raft.server.log.appender.buffer.byte-limit = 33554432 (custom)
2019-10-17 07:42:43,636 [pool-47-thread-1] INFO  server.RaftServerConfigKeys (ConfUtils.java:logGet(43)) - raft.server.log.segment.size.max = 1048576 (custom)
2019-10-17 07:42:43,667 [pool-47-thread-1] INFO  server.RaftServerConfigKeys (ConfUtils.java:logGet(43)) - raft.server.log.segment.cache.num.max = 2 (custom)
2019-10-17 07:42:43,667 [pool-47-thread-1] INFO  segmented.SegmentedRaftLogWorker (SegmentedRaftLogWorker.java:<init>(173)) - new 029f6492-d0d3-4359-81c8-d83b80fef939@group-4065A40678CA-SegmentedRaftLogWorker for RaftStorage:Storage Directory /workdir/hadoop-ozone/integration-test/target/test-dir/MiniOzoneClusterImpl-87e8d78b-2c25-4827-9c34-ee9c99992073/datanode-2/data/ratis/f6bcfcd1-ac56-41bc-aa4f-4065a40678ca
2019-10-17 07:42:43,668 [pool-47-thread-1] INFO  server.RaftServerConfigKeys (ConfUtils.java:logGet(43)) - raft.server.log.queue.byte-limit = 2147483647 (custom)
2019-10-17 07:42:43,668 [pool-47-thread-1] INFO  server.RaftServerConfigKeys (ConfUtils.java:logGet(43)) - raft.server.log.queue.element-limit = 1024 (custom)
2019-10-17 07:42:43,668 [pool-47-thread-1] INFO  server.RaftServerConfigKeys (ConfUtils.java:logGet(43)) - raft.server.log.segment.size.max = 1048576 (custom)
2019-10-17 07:42:43,668 [pool-47-thread-1] INFO  server.RaftServerConfigKeys (ConfUtils.java:logGet(43)) - raft.server.log.preallocated.size = 16384 (custom)
2019-10-17 07:42:43,668 [pool-47-thread-1] INFO  server.RaftServerConfigKeys (ConfUtils.java:logGet(43)) - raft.server.log.write.buffer.size = 33554432 (custom)
2019-10-17 07:42:43,668 [pool-47-thread-1] INFO  server.RaftServerConfigKeys (ConfUtils.java:logGet(43)) - raft.server.log.force.sync.num = 128 (default)
2019-10-17 07:42:43,668 [pool-47-thread-1] INFO  server.RaftServerConfigKeys (ConfUtils.java:logGet(43)) - raft.server.log.statemachine.data.sync = true (default)
2019-10-17 07:42:43,668 [pool-47-thread-1] INFO  server.RaftServerConfigKeys (ConfUtils.java:logGet(43)) - raft.server.log.statemachine.data.sync.timeout = 10s (default)
2019-10-17 07:42:43,668 [pool-47-thread-1] INFO  server.RaftServerConfigKeys (ConfUtils.java:logGet(43)) - raft.server.log.statemachine.data.sync.timeout.retry = -1 (default)
2019-10-17 07:42:43,669 [pool-47-thread-1] INFO  server.RaftServerConfigKeys (ConfUtils.java:logGet(43)) - raft.server.log.statemachine.data.caching.enabled = true (custom)
2019-10-17 07:42:43,669 [pool-47-thread-1] INFO  segmented.SegmentedRaftLogWorker (SegmentedRaftLogWorker.java:lambda$new$0(128)) - 029f6492-d0d3-4359-81c8-d83b80fef939@group-4065A40678CA-SegmentedRaftLogWorker: flushIndex: setUnconditionally 0 -> -1
2019-10-17 07:42:43,670 [pool-47-thread-1] INFO  server.RaftServerConfigKeys (ConfUtils.java:logGet(43)) - raft.server.snapshot.auto.trigger.enabled = true (custom)
2019-10-17 07:42:43,670 [pool-47-thread-1] INFO  server.RaftServerConfigKeys (ConfUtils.java:logGet(43)) - raft.server.snapshot.auto.trigger.threshold = 10000 (custom)
2019-10-17 07:42:43,670 [pool-47-thread-1] INFO  server.RaftServerConfigKeys (ConfUtils.java:logGet(43)) - raft.server.snapshot.retention.file.num = 5 (custom)
2019-10-17 07:42:43,670 [pool-47-thread-1] INFO  server.RaftServerConfigKeys (ConfUtils.java:logGet(43)) - raft.server.retrycache.expirytime = 600000ms (custom)
2019-10-17 07:42:43,676 [pool-47-thread-1] INFO  impl.RaftServerImpl (RaftServerImpl.java:start(195)) - 029f6492-d0d3-4359-81c8-d83b80fef939@group-4065A40678CA: start as a follower, conf=-1: [029f6492-d0d3-4359-81c8-d83b80fef939:192.168.34.62:38839], old=null
2019-10-17 07:42:43,676 [pool-47-thread-1] INFO  impl.RaftServerImpl (RaftServerImpl.java:setRole(184)) - 029f6492-d0d3-4359-81c8-d83b80fef939@group-4065A40678CA: changes role from      null to FOLLOWER at term 0 for startAsFollower
2019-10-17 07:42:43,677 [pool-47-thread-1] INFO  impl.RoleInfo (RoleInfo.java:updateAndGet(143)) - 029f6492-d0d3-4359-81c8-d83b80fef939: start FollowerState
2019-10-17 07:42:43,677 [pool-47-thread-1] INFO  util.JmxRegister (JmxRegister.java:tryRegister(44)) - Successfully registered JMX Bean with object name Ratis:service=RaftServer,group=group-4065A40678CA,id=029f6492-d0d3-4359-81c8-d83b80fef939
2019-10-17 07:42:43,693 [RatisPipelineUtilsThread] INFO  pipeline.PipelineStateManager (PipelineStateManager.java:addPipeline(55)) - Created pipeline Pipeline[ Id: f6bcfcd1-ac56-41bc-aa4f-4065a40678ca, Nodes: 029f6492-d0d3-4359-81c8-d83b80fef939{ip: 192.168.34.62, host: pr-hdds-1868-lzclr-202649289, networkLocation: /default-rack, certSerialId: null}, Type:RATIS, Factor:ONE, State:ALLOCATED]
2019-10-17 07:42:43,711 [grpc-default-executor-0] INFO  impl.RaftServerProxy (RaftServerProxy.java:addNew(89)) - a802dc96-981d-402b-abc4-149484258632: addNew group-4F7F25C04713:[a802dc96-981d-402b-abc4-149484258632:192.168.34.62:42955] returns group-4F7F25C04713:java.util.concurrent.CompletableFuture@75b7ca92[Not completed]
2019-10-17 07:42:43,714 [pool-67-thread-1] INFO  impl.RaftServerImpl (RaftServerImpl.java:<init>(104)) - a802dc96-981d-402b-abc4-149484258632: new RaftServerImpl for group-4F7F25C04713:[a802dc96-981d-402b-abc4-149484258632:192.168.34.62:42955] with ContainerStateMachine:uninitialized
2019-10-17 07:42:43,714 [pool-67-thread-1] INFO  server.RaftServerConfigKeys (ConfUtils.java:logGet(43)) - raft.server.rpc.timeout.min = 5s (custom)
2019-10-17 07:42:43,714 [pool-67-thread-1] INFO  server.RaftServerConfigKeys (ConfUtils.java:logGet(43)) - raft.server.rpc.timeout.max = 5200ms (custom)
2019-10-17 07:42:43,714 [pool-67-thread-1] INFO  server.RaftServerConfigKeys (ConfUtils.java:logGet(43)) - raft.server.rpcslowness.timeout = 120s (custom)
2019-10-17 07:42:43,714 [pool-67-thread-1] INFO  server.RaftServerConfigKeys (ConfUtils.java:logGet(43)) - raft.server.sleep.deviation.threshold = 300 (default)
2019-10-17 07:42:43,715 [pool-67-thread-1] INFO  server.RaftServerConfigKeys (ConfUtils.java:logGet(43)) - raft.server.log.appender.install.snapshot.enabled = false (custom)
2019-10-17 07:42:43,715 [pool-67-thread-1] INFO  impl.RaftServerImpl (ServerState.java:<init>(103)) - a802dc96-981d-402b-abc4-149484258632@group-4F7F25C04713: ConfigurationManager, init=-1: [a802dc96-981d-402b-abc4-149484258632:192.168.34.62:42955], old=null, confs=<EMPTY_MAP>
2019-10-17 07:42:43,715 [pool-67-thread-1] INFO  server.RaftServerConfigKeys (ConfUtils.java:logGet(43)) - raft.server.storage.dir = [/workdir/hadoop-ozone/integration-test/target/test-dir/MiniOzoneClusterImpl-87e8d78b-2c25-4827-9c34-ee9c99992073/datanode-4/data/ratis] (custom)
2019-10-17 07:42:43,715 [pool-67-thread-1] INFO  server.RaftServerConfigKeys (ConfUtils.java:logGet(43)) - raft.server.log.corruption.policy = EXCEPTION (default)
2019-10-17 07:42:43,715 [pool-67-thread-1] INFO  storage.RaftStorageDirectory (RaftStorageDirectory.java:analyzeStorage(246)) - The storage directory /workdir/hadoop-ozone/integration-test/target/test-dir/MiniOzoneClusterImpl-87e8d78b-2c25-4827-9c34-ee9c99992073/datanode-4/data/ratis/e5d39dc2-41f7-4bac-b896-4f7f25c04713 does not exist. Creating ...
2019-10-17 07:42:43,738 [pool-67-thread-1] INFO  storage.RaftStorageDirectory (RaftStorageDirectory.java:tryLock(328)) - Lock on /workdir/hadoop-ozone/integration-test/target/test-dir/MiniOzoneClusterImpl-87e8d78b-2c25-4827-9c34-ee9c99992073/datanode-4/data/ratis/e5d39dc2-41f7-4bac-b896-4f7f25c04713/in_use.lock acquired by nodename 31404@pr-hdds-1868-lzclr-202649289
2019-10-17 07:42:43,742 [Thread-232] INFO  impl.FollowerState (FollowerState.java:run(108)) - 029f6492-d0d3-4359-81c8-d83b80fef939@group-4065A40678CA-FollowerState: change to CANDIDATE, lastRpcTime:65ms, electionTimeout:64ms
2019-10-17 07:42:43,743 [Thread-232] INFO  impl.RoleInfo (RoleInfo.java:shutdownFollowerState(121)) - 029f6492-d0d3-4359-81c8-d83b80fef939: shutdown FollowerState
2019-10-17 07:42:43,744 [Thread-232] INFO  impl.RaftServerImpl (RaftServerImpl.java:setRole(184)) - 029f6492-d0d3-4359-81c8-d83b80fef939@group-4065A40678CA: changes role from  FOLLOWER to CANDIDATE at term 0 for changeToCandidate
2019-10-17 07:42:43,744 [Thread-232] INFO  impl.RoleInfo (RoleInfo.java:updateAndGet(143)) - 029f6492-d0d3-4359-81c8-d83b80fef939: start LeaderElection
2019-10-17 07:42:43,772 [pool-67-thread-1] INFO  storage.RaftStorage (RaftStorage.java:format(84)) - Storage directory /workdir/hadoop-ozone/integration-test/target/test-dir/MiniOzoneClusterImpl-87e8d78b-2c25-4827-9c34-ee9c99992073/datanode-4/data/ratis/e5d39dc2-41f7-4bac-b896-4f7f25c04713 has been successfully formatted.
2019-10-17 07:42:43,773 [029f6492-d0d3-4359-81c8-d83b80fef939@group-4065A40678CA-LeaderElection2] INFO  impl.LeaderElection (LeaderElection.java:askForVotes(178)) - 029f6492-d0d3-4359-81c8-d83b80fef939@group-4065A40678CA-LeaderElection2: begin an election at term 1 for -1: [029f6492-d0d3-4359-81c8-d83b80fef939:192.168.34.62:38839], old=null
2019-10-17 07:42:43,778 [pool-67-thread-1] INFO  ratis.ContainerStateMachine (ContainerStateMachine.java:loadSnapshot(233)) - group-4F7F25C04713: The snapshot info is null. Setting the last applied indexto:(t:0, i:~)
2019-10-17 07:42:43,778 [029f6492-d0d3-4359-81c8-d83b80fef939@group-4065A40678CA-LeaderElection2] INFO  impl.RoleInfo (RoleInfo.java:shutdownLeaderElection(134)) - 029f6492-d0d3-4359-81c8-d83b80fef939: shutdown LeaderElection
2019-10-17 07:42:43,778 [pool-67-thread-1] INFO  server.RaftServerConfigKeys (ConfUtils.java:logGet(43)) - raft.server.notification.no-leader.timeout = 120s (custom)
2019-10-17 07:42:43,778 [029f6492-d0d3-4359-81c8-d83b80fef939@group-4065A40678CA-LeaderElection2] INFO  impl.RaftServerImpl (RaftServerImpl.java:setRole(184)) - 029f6492-d0d3-4359-81c8-d83b80fef939@group-4065A40678CA: changes role from CANDIDATE to LEADER at term 1 for changeToLeader
2019-10-17 07:42:43,778 [pool-67-thread-1] INFO  server.RaftServerConfigKeys (ConfUtils.java:logGet(43)) - raft.server.log.use.memory = false (default)
2019-10-17 07:42:43,779 [029f6492-d0d3-4359-81c8-d83b80fef939@group-4065A40678CA-LeaderElection2] INFO  ratis.XceiverServerRatis (XceiverServerRatis.java:handleLeaderChangedNotification(699)) - Leader change notification received for group: group-4065A40678CA with new leaderId: 029f6492-d0d3-4359-81c8-d83b80fef939
2019-10-17 07:42:43,779 [pool-67-thread-1] INFO  server.RaftServerConfigKeys (ConfUtils.java:logGet(43)) - raft.server.log.purge.gap = 1000000 (custom)
2019-10-17 07:42:43,779 [pool-67-thread-1] INFO  server.RaftServerConfigKeys (ConfUtils.java:logGet(43)) - raft.server.log.appender.buffer.byte-limit = 33554432 (custom)
2019-10-17 07:42:43,779 [pool-67-thread-1] INFO  server.RaftServerConfigKeys (ConfUtils.java:logGet(43)) - raft.server.log.segment.size.max = 1048576 (custom)
2019-10-17 07:42:43,779 [029f6492-d0d3-4359-81c8-d83b80fef939@group-4065A40678CA-LeaderElection2] INFO  impl.RaftServerImpl (ServerState.java:setLeader(256)) - 029f6492-d0d3-4359-81c8-d83b80fef939@group-4065A40678CA: change Leader from null to 029f6492-d0d3-4359-81c8-d83b80fef939 at term 1 for becomeLeader, leader elected after 143ms
2019-10-17 07:42:43,780 [029f6492-d0d3-4359-81c8-d83b80fef939@group-4065A40678CA-LeaderElection2] INFO  server.RaftServerConfigKeys (ConfUtils.java:logGet(43)) - raft.server.staging.catchup.gap = 1000 (default)
2019-10-17 07:42:43,781 [029f6492-d0d3-4359-81c8-d83b80fef939@group-4065A40678CA-LeaderElection2] INFO  server.RaftServerConfigKeys (ConfUtils.java:logGet(43)) - raft.server.rpc.sleep.time = 25ms (default)
2019-10-17 07:42:43,781 [029f6492-d0d3-4359-81c8-d83b80fef939@group-4065A40678CA-LeaderElection2] INFO  server.RaftServerConfigKeys (ConfUtils.java:logGet(43)) - raft.server.write.element-limit = 4096 (default)
2019-10-17 07:42:43,782 [029f6492-d0d3-4359-81c8-d83b80fef939@group-4065A40678CA-LeaderElection2] INFO  server.RaftServerConfigKeys (ConfUtils.java:logGet(43)) - raft.server.watch.timeout = 10s (default)
2019-10-17 07:42:43,782 [029f6492-d0d3-4359-81c8-d83b80fef939@group-4065A40678CA-LeaderElection2] INFO  server.RaftServerConfigKeys (ConfUtils.java:logGet(43)) - raft.server.watch.timeout.denomination = 1s (default)
2019-10-17 07:42:43,782 [029f6492-d0d3-4359-81c8-d83b80fef939@group-4065A40678CA-LeaderElection2] INFO  server.RaftServerConfigKeys (ConfUtils.java:logGet(43)) - raft.server.watch.element-limit = 65536 (default)
2019-10-17 07:42:43,786 [pool-67-thread-1] INFO  server.RaftServerConfigKeys (ConfUtils.java:logGet(43)) - raft.server.log.segment.cache.num.max = 2 (custom)
2019-10-17 07:42:43,786 [pool-67-thread-1] INFO  segmented.SegmentedRaftLogWorker (SegmentedRaftLogWorker.java:<init>(173)) - new a802dc96-981d-402b-abc4-149484258632@group-4F7F25C04713-SegmentedRaftLogWorker for RaftStorage:Storage Directory /workdir/hadoop-ozone/integration-test/target/test-dir/MiniOzoneClusterImpl-87e8d78b-2c25-4827-9c34-ee9c99992073/datanode-4/data/ratis/e5d39dc2-41f7-4bac-b896-4f7f25c04713
2019-10-17 07:42:43,786 [pool-67-thread-1] INFO  server.RaftServerConfigKeys (ConfUtils.java:logGet(43)) - raft.server.log.queue.byte-limit = 2147483647 (custom)
2019-10-17 07:42:43,787 [pool-67-thread-1] INFO  server.RaftServerConfigKeys (ConfUtils.java:logGet(43)) - raft.server.log.queue.element-limit = 1024 (custom)
2019-10-17 07:42:43,787 [pool-67-thread-1] INFO  server.RaftServerConfigKeys (ConfUtils.java:logGet(43)) - raft.server.log.segment.size.max = 1048576 (custom)
2019-10-17 07:42:43,787 [pool-67-thread-1] INFO  server.RaftServerConfigKeys (ConfUtils.java:logGet(43)) - raft.server.log.preallocated.size = 16384 (custom)
2019-10-17 07:42:43,787 [pool-67-thread-1] INFO  server.RaftServerConfigKeys (ConfUtils.java:logGet(43)) - raft.server.log.write.buffer.size = 33554432 (custom)
2019-10-17 07:42:43,787 [pool-67-thread-1] INFO  server.RaftServerConfigKeys (ConfUtils.java:logGet(43)) - raft.server.log.force.sync.num = 128 (default)
2019-10-17 07:42:43,787 [pool-67-thread-1] INFO  server.RaftServerConfigKeys (ConfUtils.java:logGet(43)) - raft.server.log.statemachine.data.sync = true (default)
2019-10-17 07:42:43,787 [pool-67-thread-1] INFO  server.RaftServerConfigKeys (ConfUtils.java:logGet(43)) - raft.server.log.statemachine.data.sync.timeout = 10s (default)
2019-10-17 07:42:43,788 [pool-67-thread-1] INFO  server.RaftServerConfigKeys (ConfUtils.java:logGet(43)) - raft.server.log.statemachine.data.sync.timeout.retry = -1 (default)
2019-10-17 07:42:43,788 [029f6492-d0d3-4359-81c8-d83b80fef939@group-4065A40678CA-LeaderElection2] INFO  impl.RoleInfo (RoleInfo.java:updateAndGet(143)) - 029f6492-d0d3-4359-81c8-d83b80fef939: start LeaderState
2019-10-17 07:42:43,788 [pool-67-thread-1] INFO  server.RaftServerConfigKeys (ConfUtils.java:logGet(43)) - raft.server.log.statemachine.data.caching.enabled = true (custom)
2019-10-17 07:42:43,788 [029f6492-d0d3-4359-81c8-d83b80fef939@group-4065A40678CA-LeaderElection2] INFO  segmented.SegmentedRaftLogWorker (SegmentedRaftLogWorker.java:startLogSegment(385)) - 029f6492-d0d3-4359-81c8-d83b80fef939@group-4065A40678CA-SegmentedRaftLogWorker: Starting segment from index:0
2019-10-17 07:42:43,788 [pool-67-thread-1] INFO  segmented.SegmentedRaftLogWorker (SegmentedRaftLogWorker.java:lambda$new$0(128)) - a802dc96-981d-402b-abc4-149484258632@group-4F7F25C04713-SegmentedRaftLogWorker: flushIndex: setUnconditionally 0 -> -1
2019-10-17 07:42:43,789 [pool-67-thread-1] INFO  server.RaftServerConfigKeys (ConfUtils.java:logGet(43)) - raft.server.snapshot.auto.trigger.enabled = true (custom)
2019-10-17 07:42:43,789 [pool-67-thread-1] INFO  server.RaftServerConfigKeys (ConfUtils.java:logGet(43)) - raft.server.snapshot.auto.trigger.threshold = 10000 (custom)
2019-10-17 07:42:43,789 [pool-67-thread-1] INFO  server.RaftServerConfigKeys (ConfUtils.java:logGet(43)) - raft.server.snapshot.retention.file.num = 5 (custom)
2019-10-17 07:42:43,789 [029f6492-d0d3-4359-81c8-d83b80fef939@group-4065A40678CA-LeaderElection2] INFO  impl.RaftServerImpl (ServerState.java:setRaftConf(357)) - 029f6492-d0d3-4359-81c8-d83b80fef939@group-4065A40678CA: set configuration 0: [029f6492-d0d3-4359-81c8-d83b80fef939:192.168.34.62:38839], old=null at 0
2019-10-17 07:42:43,789 [pool-67-thread-1] INFO  server.RaftServerConfigKeys (ConfUtils.java:logGet(43)) - raft.server.retrycache.expirytime = 600000ms (custom)
2019-10-17 07:42:43,798 [pool-67-thread-1] INFO  impl.RaftServerImpl (RaftServerImpl.java:start(195)) - a802dc96-981d-402b-abc4-149484258632@group-4F7F25C04713: start as a follower, conf=-1: [a802dc96-981d-402b-abc4-149484258632:192.168.34.62:42955], old=null
2019-10-17 07:42:43,798 [pool-67-thread-1] INFO  impl.RaftServerImpl (RaftServerImpl.java:setRole(184)) - a802dc96-981d-402b-abc4-149484258632@group-4F7F25C04713: changes role from      null to FOLLOWER at term 0 for startAsFollower
2019-10-17 07:42:43,798 [pool-67-thread-1] INFO  impl.RoleInfo (RoleInfo.java:updateAndGet(143)) - a802dc96-981d-402b-abc4-149484258632: start FollowerState
2019-10-17 07:42:43,799 [pool-67-thread-1] INFO  util.JmxRegister (JmxRegister.java:tryRegister(44)) - Successfully registered JMX Bean with object name Ratis:service=RaftServer,group=group-4F7F25C04713,id=a802dc96-981d-402b-abc4-149484258632
2019-10-17 07:42:43,818 [RatisPipelineUtilsThread] INFO  pipeline.PipelineStateManager (PipelineStateManager.java:addPipeline(55)) - Created pipeline Pipeline[ Id: e5d39dc2-41f7-4bac-b896-4f7f25c04713, Nodes: a802dc96-981d-402b-abc4-149484258632{ip: 192.168.34.62, host: pr-hdds-1868-lzclr-202649289, networkLocation: /default-rack, certSerialId: null}, Type:RATIS, Factor:ONE, State:ALLOCATED]
2019-10-17 07:42:43,843 [grpc-default-executor-0] INFO  impl.RaftServerProxy (RaftServerProxy.java:addNew(89)) - 950052e4-3e22-47da-9ede-753224ba511d: addNew group-5A4280CFE399:[950052e4-3e22-47da-9ede-753224ba511d:192.168.34.62:44758] returns group-5A4280CFE399:java.util.concurrent.CompletableFuture@3ad05084[Not completed]
2019-10-17 07:42:43,846 [pool-37-thread-1] INFO  impl.RaftServerImpl (RaftServerImpl.java:<init>(104)) - 950052e4-3e22-47da-9ede-753224ba511d: new RaftServerImpl for group-5A4280CFE399:[950052e4-3e22-47da-9ede-753224ba511d:192.168.34.62:44758] with ContainerStateMachine:uninitialized
2019-10-17 07:42:43,846 [pool-37-thread-1] INFO  server.RaftServerConfigKeys (ConfUtils.java:logGet(43)) - raft.server.rpc.timeout.min = 5s (custom)
2019-10-17 07:42:43,847 [pool-37-thread-1] INFO  server.RaftServerConfigKeys (ConfUtils.java:logGet(43)) - raft.server.rpc.timeout.max = 5200ms (custom)
2019-10-17 07:42:43,847 [pool-37-thread-1] INFO  server.RaftServerConfigKeys (ConfUtils.java:logGet(43)) - raft.server.rpcslowness.timeout = 120s (custom)
2019-10-17 07:42:43,847 [pool-37-thread-1] INFO  server.RaftServerConfigKeys (ConfUtils.java:logGet(43)) - raft.server.sleep.deviation.threshold = 300 (default)
2019-10-17 07:42:43,847 [pool-37-thread-1] INFO  server.RaftServerConfigKeys (ConfUtils.java:logGet(43)) - raft.server.log.appender.install.snapshot.enabled = false (custom)
2019-10-17 07:42:43,847 [pool-37-thread-1] INFO  impl.RaftServerImpl (ServerState.java:<init>(103)) - 950052e4-3e22-47da-9ede-753224ba511d@group-5A4280CFE399: ConfigurationManager, init=-1: [950052e4-3e22-47da-9ede-753224ba511d:192.168.34.62:44758], old=null, confs=<EMPTY_MAP>
2019-10-17 07:42:43,847 [pool-37-thread-1] INFO  server.RaftServerConfigKeys (ConfUtils.java:logGet(43)) - raft.server.storage.dir = [/workdir/hadoop-ozone/integration-test/target/test-dir/MiniOzoneClusterImpl-87e8d78b-2c25-4827-9c34-ee9c99992073/datanode-1/data/ratis] (custom)
2019-10-17 07:42:43,848 [pool-37-thread-1] INFO  server.RaftServerConfigKeys (ConfUtils.java:logGet(43)) - raft.server.log.corruption.policy = EXCEPTION (default)
2019-10-17 07:42:43,848 [pool-37-thread-1] INFO  storage.RaftStorageDirectory (RaftStorageDirectory.java:analyzeStorage(246)) - The storage directory /workdir/hadoop-ozone/integration-test/target/test-dir/MiniOzoneClusterImpl-87e8d78b-2c25-4827-9c34-ee9c99992073/datanode-1/data/ratis/5afe2def-bbe7-4222-9096-5a4280cfe399 does not exist. Creating ...
2019-10-17 07:42:43,873 [pool-37-thread-1] INFO  storage.RaftStorageDirectory (RaftStorageDirectory.java:tryLock(328)) - Lock on /workdir/hadoop-ozone/integration-test/target/test-dir/MiniOzoneClusterImpl-87e8d78b-2c25-4827-9c34-ee9c99992073/datanode-1/data/ratis/5afe2def-bbe7-4222-9096-5a4280cfe399/in_use.lock acquired by nodename 31404@pr-hdds-1868-lzclr-202649289
2019-10-17 07:42:43,891 [Thread-237] INFO  impl.FollowerState (FollowerState.java:run(108)) - a802dc96-981d-402b-abc4-149484258632@group-4F7F25C04713-FollowerState: change to CANDIDATE, lastRpcTime:92ms, electionTimeout:92ms
2019-10-17 07:42:43,891 [Thread-237] INFO  impl.RoleInfo (RoleInfo.java:shutdownFollowerState(121)) - a802dc96-981d-402b-abc4-149484258632: shutdown FollowerState
2019-10-17 07:42:43,892 [Thread-237] INFO  impl.RaftServerImpl (RaftServerImpl.java:setRole(184)) - a802dc96-981d-402b-abc4-149484258632@group-4F7F25C04713: changes role from  FOLLOWER to CANDIDATE at term 0 for changeToCandidate
2019-10-17 07:42:43,892 [Thread-237] INFO  impl.RoleInfo (RoleInfo.java:updateAndGet(143)) - a802dc96-981d-402b-abc4-149484258632: start LeaderElection
2019-10-17 07:42:43,905 [pool-37-thread-1] INFO  storage.RaftStorage (RaftStorage.java:format(84)) - Storage directory /workdir/hadoop-ozone/integration-test/target/test-dir/MiniOzoneClusterImpl-87e8d78b-2c25-4827-9c34-ee9c99992073/datanode-1/data/ratis/5afe2def-bbe7-4222-9096-5a4280cfe399 has been successfully formatted.
2019-10-17 07:42:43,907 [pool-37-thread-1] INFO  ratis.ContainerStateMachine (ContainerStateMachine.java:loadSnapshot(233)) - group-5A4280CFE399: The snapshot info is null. Setting the last applied indexto:(t:0, i:~)
2019-10-17 07:42:43,907 [pool-37-thread-1] INFO  server.RaftServerConfigKeys (ConfUtils.java:logGet(43)) - raft.server.notification.no-leader.timeout = 120s (custom)
2019-10-17 07:42:43,907 [pool-37-thread-1] INFO  server.RaftServerConfigKeys (ConfUtils.java:logGet(43)) - raft.server.log.use.memory = false (default)
2019-10-17 07:42:43,907 [pool-37-thread-1] INFO  server.RaftServerConfigKeys (ConfUtils.java:logGet(43)) - raft.server.log.purge.gap = 1000000 (custom)
2019-10-17 07:42:43,908 [pool-37-thread-1] INFO  server.RaftServerConfigKeys (ConfUtils.java:logGet(43)) - raft.server.log.appender.buffer.byte-limit = 33554432 (custom)
2019-10-17 07:42:43,908 [pool-37-thread-1] INFO  server.RaftServerConfigKeys (ConfUtils.java:logGet(43)) - raft.server.log.segment.size.max = 1048576 (custom)
2019-10-17 07:42:43,911 [pool-37-thread-1] INFO  server.RaftServerConfigKeys (ConfUtils.java:logGet(43)) - raft.server.log.segment.cache.num.max = 2 (custom)
2019-10-17 07:42:43,911 [pool-37-thread-1] INFO  segmented.SegmentedRaftLogWorker (SegmentedRaftLogWorker.java:<init>(173)) - new 950052e4-3e22-47da-9ede-753224ba511d@group-5A4280CFE399-SegmentedRaftLogWorker for RaftStorage:Storage Directory /workdir/hadoop-ozone/integration-test/target/test-dir/MiniOzoneClusterImpl-87e8d78b-2c25-4827-9c34-ee9c99992073/datanode-1/data/ratis/5afe2def-bbe7-4222-9096-5a4280cfe399
2019-10-17 07:42:43,911 [pool-37-thread-1] INFO  server.RaftServerConfigKeys (ConfUtils.java:logGet(43)) - raft.server.log.queue.byte-limit = 2147483647 (custom)
2019-10-17 07:42:43,911 [pool-37-thread-1] INFO  server.RaftServerConfigKeys (ConfUtils.java:logGet(43)) - raft.server.log.queue.element-limit = 1024 (custom)
2019-10-17 07:42:43,911 [pool-37-thread-1] INFO  server.RaftServerConfigKeys (ConfUtils.java:logGet(43)) - raft.server.log.segment.size.max = 1048576 (custom)
2019-10-17 07:42:43,911 [pool-37-thread-1] INFO  server.RaftServerConfigKeys (ConfUtils.java:logGet(43)) - raft.server.log.preallocated.size = 16384 (custom)
2019-10-17 07:42:43,912 [pool-37-thread-1] INFO  server.RaftServerConfigKeys (ConfUtils.java:logGet(43)) - raft.server.log.write.buffer.size = 33554432 (custom)
2019-10-17 07:42:43,912 [pool-37-thread-1] INFO  server.RaftServerConfigKeys (ConfUtils.java:logGet(43)) - raft.server.log.force.sync.num = 128 (default)
2019-10-17 07:42:43,912 [pool-37-thread-1] INFO  server.RaftServerConfigKeys (ConfUtils.java:logGet(43)) - raft.server.log.statemachine.data.sync = true (default)
2019-10-17 07:42:43,912 [pool-37-thread-1] INFO  server.RaftServerConfigKeys (ConfUtils.java:logGet(43)) - raft.server.log.statemachine.data.sync.timeout = 10s (default)
2019-10-17 07:42:43,912 [pool-37-thread-1] INFO  server.RaftServerConfigKeys (ConfUtils.java:logGet(43)) - raft.server.log.statemachine.data.sync.timeout.retry = -1 (default)
2019-10-17 07:42:43,913 [pool-37-thread-1] INFO  server.RaftServerConfigKeys (ConfUtils.java:logGet(43)) - raft.server.log.statemachine.data.caching.enabled = true (custom)
2019-10-17 07:42:43,913 [pool-37-thread-1] INFO  segmented.SegmentedRaftLogWorker (SegmentedRaftLogWorker.java:lambda$new$0(128)) - 950052e4-3e22-47da-9ede-753224ba511d@group-5A4280CFE399-SegmentedRaftLogWorker: flushIndex: setUnconditionally 0 -> -1
2019-10-17 07:42:43,914 [pool-37-thread-1] INFO  server.RaftServerConfigKeys (ConfUtils.java:logGet(43)) - raft.server.snapshot.auto.trigger.enabled = true (custom)
2019-10-17 07:42:43,914 [pool-37-thread-1] INFO  server.RaftServerConfigKeys (ConfUtils.java:logGet(43)) - raft.server.snapshot.auto.trigger.threshold = 10000 (custom)
2019-10-17 07:42:43,914 [pool-37-thread-1] INFO  server.RaftServerConfigKeys (ConfUtils.java:logGet(43)) - raft.server.snapshot.retention.file.num = 5 (custom)
2019-10-17 07:42:43,914 [pool-37-thread-1] INFO  server.RaftServerConfigKeys (ConfUtils.java:logGet(43)) - raft.server.retrycache.expirytime = 600000ms (custom)
2019-10-17 07:42:43,919 [pool-37-thread-1] INFO  impl.RaftServerImpl (RaftServerImpl.java:start(195)) - 950052e4-3e22-47da-9ede-753224ba511d@group-5A4280CFE399: start as a follower, conf=-1: [950052e4-3e22-47da-9ede-753224ba511d:192.168.34.62:44758], old=null
2019-10-17 07:42:43,920 [pool-37-thread-1] INFO  impl.RaftServerImpl (RaftServerImpl.java:setRole(184)) - 950052e4-3e22-47da-9ede-753224ba511d@group-5A4280CFE399: changes role from      null to FOLLOWER at term 0 for startAsFollower
2019-10-17 07:42:43,920 [pool-37-thread-1] INFO  impl.RoleInfo (RoleInfo.java:updateAndGet(143)) - 950052e4-3e22-47da-9ede-753224ba511d: start FollowerState
2019-10-17 07:42:43,920 [pool-37-thread-1] INFO  util.JmxRegister (JmxRegister.java:tryRegister(44)) - Successfully registered JMX Bean with object name Ratis:service=RaftServer,group=group-5A4280CFE399,id=950052e4-3e22-47da-9ede-753224ba511d
2019-10-17 07:42:43,933 [029f6492-d0d3-4359-81c8-d83b80fef939@group-4065A40678CA-SegmentedRaftLogWorker] INFO  segmented.SegmentedRaftLogWorker (SegmentedRaftLogWorker.java:execute(576)) - 029f6492-d0d3-4359-81c8-d83b80fef939@group-4065A40678CA-SegmentedRaftLogWorker: created new log segment /workdir/hadoop-ozone/integration-test/target/test-dir/MiniOzoneClusterImpl-87e8d78b-2c25-4827-9c34-ee9c99992073/datanode-2/data/ratis/f6bcfcd1-ac56-41bc-aa4f-4065a40678ca/current/log_inprogress_0
2019-10-17 07:42:43,933 [37bd8e8c-ea68-4b1c-8659-8d001c4f3b5c@group-BBCCAFE5DB64-SegmentedRaftLogWorker] INFO  segmented.SegmentedRaftLogWorker (SegmentedRaftLogWorker.java:execute(576)) - 37bd8e8c-ea68-4b1c-8659-8d001c4f3b5c@group-BBCCAFE5DB64-SegmentedRaftLogWorker: created new log segment /workdir/hadoop-ozone/integration-test/target/test-dir/MiniOzoneClusterImpl-87e8d78b-2c25-4827-9c34-ee9c99992073/datanode-0/data/ratis/f9589774-8dcc-49ca-90e1-bbccafe5db64/current/log_inprogress_0
2019-10-17 07:42:43,933 [a802dc96-981d-402b-abc4-149484258632@group-4F7F25C04713-LeaderElection3] INFO  impl.LeaderElection (LeaderElection.java:askForVotes(178)) - a802dc96-981d-402b-abc4-149484258632@group-4F7F25C04713-LeaderElection3: begin an election at term 1 for -1: [a802dc96-981d-402b-abc4-149484258632:192.168.34.62:42955], old=null
2019-10-17 07:42:43,934 [a802dc96-981d-402b-abc4-149484258632@group-4F7F25C04713-LeaderElection3] INFO  impl.RoleInfo (RoleInfo.java:shutdownLeaderElection(134)) - a802dc96-981d-402b-abc4-149484258632: shutdown LeaderElection
2019-10-17 07:42:43,934 [a802dc96-981d-402b-abc4-149484258632@group-4F7F25C04713-LeaderElection3] INFO  impl.RaftServerImpl (RaftServerImpl.java:setRole(184)) - a802dc96-981d-402b-abc4-149484258632@group-4F7F25C04713: changes role from CANDIDATE to LEADER at term 1 for changeToLeader
2019-10-17 07:42:43,934 [a802dc96-981d-402b-abc4-149484258632@group-4F7F25C04713-LeaderElection3] INFO  ratis.XceiverServerRatis (XceiverServerRatis.java:handleLeaderChangedNotification(699)) - Leader change notification received for group: group-4F7F25C04713 with new leaderId: a802dc96-981d-402b-abc4-149484258632
2019-10-17 07:42:43,934 [RatisPipelineUtilsThread] INFO  pipeline.PipelineStateManager (PipelineStateManager.java:addPipeline(55)) - Created pipeline Pipeline[ Id: 5afe2def-bbe7-4222-9096-5a4280cfe399, Nodes: 950052e4-3e22-47da-9ede-753224ba511d{ip: 192.168.34.62, host: pr-hdds-1868-lzclr-202649289, networkLocation: /default-rack, certSerialId: null}, Type:RATIS, Factor:ONE, State:ALLOCATED]
2019-10-17 07:42:43,934 [a802dc96-981d-402b-abc4-149484258632@group-4F7F25C04713-LeaderElection3] INFO  impl.RaftServerImpl (ServerState.java:setLeader(256)) - a802dc96-981d-402b-abc4-149484258632@group-4F7F25C04713: change Leader from null to a802dc96-981d-402b-abc4-149484258632 at term 1 for becomeLeader, leader elected after 155ms
2019-10-17 07:42:43,936 [a802dc96-981d-402b-abc4-149484258632@group-4F7F25C04713-LeaderElection3] INFO  server.RaftServerConfigKeys (ConfUtils.java:logGet(43)) - raft.server.staging.catchup.gap = 1000 (default)
2019-10-17 07:42:43,937 [a802dc96-981d-402b-abc4-149484258632@group-4F7F25C04713-LeaderElection3] INFO  server.RaftServerConfigKeys (ConfUtils.java:logGet(43)) - raft.server.rpc.sleep.time = 25ms (default)
2019-10-17 07:42:43,938 [a802dc96-981d-402b-abc4-149484258632@group-4F7F25C04713-LeaderElection3] INFO  server.RaftServerConfigKeys (ConfUtils.java:logGet(43)) - raft.server.write.element-limit = 4096 (default)
2019-10-17 07:42:43,939 [a802dc96-981d-402b-abc4-149484258632@group-4F7F25C04713-LeaderElection3] INFO  server.RaftServerConfigKeys (ConfUtils.java:logGet(43)) - raft.server.watch.timeout = 10s (default)
2019-10-17 07:42:43,939 [a802dc96-981d-402b-abc4-149484258632@group-4F7F25C04713-LeaderElection3] INFO  server.RaftServerConfigKeys (ConfUtils.java:logGet(43)) - raft.server.watch.timeout.denomination = 1s (default)
2019-10-17 07:42:43,940 [a802dc96-981d-402b-abc4-149484258632@group-4F7F25C04713-LeaderElection3] INFO  server.RaftServerConfigKeys (ConfUtils.java:logGet(43)) - raft.server.watch.element-limit = 65536 (default)
2019-10-17 07:42:43,945 [a802dc96-981d-402b-abc4-149484258632@group-4F7F25C04713-LeaderElection3] INFO  impl.RoleInfo (RoleInfo.java:updateAndGet(143)) - a802dc96-981d-402b-abc4-149484258632: start LeaderState
2019-10-17 07:42:43,948 [a802dc96-981d-402b-abc4-149484258632@group-4F7F25C04713-LeaderElection3] INFO  segmented.SegmentedRaftLogWorker (SegmentedRaftLogWorker.java:startLogSegment(385)) - a802dc96-981d-402b-abc4-149484258632@group-4F7F25C04713-SegmentedRaftLogWorker: Starting segment from index:0
2019-10-17 07:42:43,948 [a802dc96-981d-402b-abc4-149484258632@group-4F7F25C04713-LeaderElection3] INFO  impl.RaftServerImpl (ServerState.java:setRaftConf(357)) - a802dc96-981d-402b-abc4-149484258632@group-4F7F25C04713: set configuration 0: [a802dc96-981d-402b-abc4-149484258632:192.168.34.62:42955], old=null at 0
2019-10-17 07:42:43,989 [grpc-default-executor-0] INFO  impl.RaftServerProxy (RaftServerProxy.java:addNew(89)) - 2a93f7e5-ecb9-41da-9c47-70e13ba76d7d: addNew group-0B27B5B66CFA:[2a93f7e5-ecb9-41da-9c47-70e13ba76d7d:192.168.34.62:35412] returns group-0B27B5B66CFA:java.util.concurrent.CompletableFuture@768d148c[Not completed]
2019-10-17 07:42:43,990 [pool-57-thread-1] INFO  impl.RaftServerImpl (RaftServerImpl.java:<init>(104)) - 2a93f7e5-ecb9-41da-9c47-70e13ba76d7d: new RaftServerImpl for group-0B27B5B66CFA:[2a93f7e5-ecb9-41da-9c47-70e13ba76d7d:192.168.34.62:35412] with ContainerStateMachine:uninitialized
2019-10-17 07:42:43,991 [pool-57-thread-1] INFO  server.RaftServerConfigKeys (ConfUtils.java:logGet(43)) - raft.server.rpc.timeout.min = 5s (custom)
2019-10-17 07:42:43,991 [pool-57-thread-1] INFO  server.RaftServerConfigKeys (ConfUtils.java:logGet(43)) - raft.server.rpc.timeout.max = 5200ms (custom)
2019-10-17 07:42:43,991 [pool-57-thread-1] INFO  server.RaftServerConfigKeys (ConfUtils.java:logGet(43)) - raft.server.rpcslowness.timeout = 120s (custom)
2019-10-17 07:42:43,991 [pool-57-thread-1] INFO  server.RaftServerConfigKeys (ConfUtils.java:logGet(43)) - raft.server.sleep.deviation.threshold = 300 (default)
2019-10-17 07:42:43,991 [pool-57-thread-1] INFO  server.RaftServerConfigKeys (ConfUtils.java:logGet(43)) - raft.server.log.appender.install.snapshot.enabled = false (custom)
2019-10-17 07:42:43,991 [pool-57-thread-1] INFO  impl.RaftServerImpl (ServerState.java:<init>(103)) - 2a93f7e5-ecb9-41da-9c47-70e13ba76d7d@group-0B27B5B66CFA: ConfigurationManager, init=-1: [2a93f7e5-ecb9-41da-9c47-70e13ba76d7d:192.168.34.62:35412], old=null, confs=<EMPTY_MAP>
2019-10-17 07:42:43,991 [pool-57-thread-1] INFO  server.RaftServerConfigKeys (ConfUtils.java:logGet(43)) - raft.server.storage.dir = [/workdir/hadoop-ozone/integration-test/target/test-dir/MiniOzoneClusterImpl-87e8d78b-2c25-4827-9c34-ee9c99992073/datanode-3/data/ratis] (custom)
2019-10-17 07:42:43,992 [pool-57-thread-1] INFO  server.RaftServerConfigKeys (ConfUtils.java:logGet(43)) - raft.server.log.corruption.policy = EXCEPTION (default)
2019-10-17 07:42:43,992 [pool-57-thread-1] INFO  storage.RaftStorageDirectory (RaftStorageDirectory.java:analyzeStorage(246)) - The storage directory /workdir/hadoop-ozone/integration-test/target/test-dir/MiniOzoneClusterImpl-87e8d78b-2c25-4827-9c34-ee9c99992073/datanode-3/data/ratis/d97424e8-73ee-4f68-bd8c-0b27b5b66cfa does not exist. Creating ...
2019-10-17 07:42:43,994 [a802dc96-981d-402b-abc4-149484258632@group-4F7F25C04713-SegmentedRaftLogWorker] INFO  segmented.SegmentedRaftLogWorker (SegmentedRaftLogWorker.java:execute(576)) - a802dc96-981d-402b-abc4-149484258632@group-4F7F25C04713-SegmentedRaftLogWorker: created new log segment /workdir/hadoop-ozone/integration-test/target/test-dir/MiniOzoneClusterImpl-87e8d78b-2c25-4827-9c34-ee9c99992073/datanode-4/data/ratis/e5d39dc2-41f7-4bac-b896-4f7f25c04713/current/log_inprogress_0
2019-10-17 07:42:44,015 [pool-57-thread-1] INFO  storage.RaftStorageDirectory (RaftStorageDirectory.java:tryLock(328)) - Lock on /workdir/hadoop-ozone/integration-test/target/test-dir/MiniOzoneClusterImpl-87e8d78b-2c25-4827-9c34-ee9c99992073/datanode-3/data/ratis/d97424e8-73ee-4f68-bd8c-0b27b5b66cfa/in_use.lock acquired by nodename 31404@pr-hdds-1868-lzclr-202649289
2019-10-17 07:42:44,028 [Thread-241] INFO  impl.FollowerState (FollowerState.java:run(108)) - 950052e4-3e22-47da-9ede-753224ba511d@group-5A4280CFE399-FollowerState: change to CANDIDATE, lastRpcTime:108ms, electionTimeout:108ms
2019-10-17 07:42:44,028 [Thread-241] INFO  impl.RoleInfo (RoleInfo.java:shutdownFollowerState(121)) - 950052e4-3e22-47da-9ede-753224ba511d: shutdown FollowerState
2019-10-17 07:42:44,029 [Thread-241] INFO  impl.RaftServerImpl (RaftServerImpl.java:setRole(184)) - 950052e4-3e22-47da-9ede-753224ba511d@group-5A4280CFE399: changes role from  FOLLOWER to CANDIDATE at term 0 for changeToCandidate
2019-10-17 07:42:44,029 [Thread-241] INFO  impl.RoleInfo (RoleInfo.java:updateAndGet(143)) - 950052e4-3e22-47da-9ede-753224ba511d: start LeaderElection
2019-10-17 07:42:44,050 [pool-57-thread-1] INFO  storage.RaftStorage (RaftStorage.java:format(84)) - Storage directory /workdir/hadoop-ozone/integration-test/target/test-dir/MiniOzoneClusterImpl-87e8d78b-2c25-4827-9c34-ee9c99992073/datanode-3/data/ratis/d97424e8-73ee-4f68-bd8c-0b27b5b66cfa has been successfully formatted.
2019-10-17 07:42:44,051 [pool-57-thread-1] INFO  ratis.ContainerStateMachine (ContainerStateMachine.java:loadSnapshot(233)) - group-0B27B5B66CFA: The snapshot info is null. Setting the last applied indexto:(t:0, i:~)
2019-10-17 07:42:44,051 [pool-57-thread-1] INFO  server.RaftServerConfigKeys (ConfUtils.java:logGet(43)) - raft.server.notification.no-leader.timeout = 120s (custom)
2019-10-17 07:42:44,051 [pool-57-thread-1] INFO  server.RaftServerConfigKeys (ConfUtils.java:logGet(43)) - raft.server.log.use.memory = false (default)
2019-10-17 07:42:44,051 [pool-57-thread-1] INFO  server.RaftServerConfigKeys (ConfUtils.java:logGet(43)) - raft.server.log.purge.gap = 1000000 (custom)
2019-10-17 07:42:44,051 [pool-57-thread-1] INFO  server.RaftServerConfigKeys (ConfUtils.java:logGet(43)) - raft.server.log.appender.buffer.byte-limit = 33554432 (custom)
2019-10-17 07:42:44,051 [pool-57-thread-1] INFO  server.RaftServerConfigKeys (ConfUtils.java:logGet(43)) - raft.server.log.segment.size.max = 1048576 (custom)
2019-10-17 07:42:44,054 [pool-57-thread-1] INFO  server.RaftServerConfigKeys (ConfUtils.java:logGet(43)) - raft.server.log.segment.cache.num.max = 2 (custom)
2019-10-17 07:42:44,054 [pool-57-thread-1] INFO  segmented.SegmentedRaftLogWorker (SegmentedRaftLogWorker.java:<init>(173)) - new 2a93f7e5-ecb9-41da-9c47-70e13ba76d7d@group-0B27B5B66CFA-SegmentedRaftLogWorker for RaftStorage:Storage Directory /workdir/hadoop-ozone/integration-test/target/test-dir/MiniOzoneClusterImpl-87e8d78b-2c25-4827-9c34-ee9c99992073/datanode-3/data/ratis/d97424e8-73ee-4f68-bd8c-0b27b5b66cfa
2019-10-17 07:42:44,054 [pool-57-thread-1] INFO  server.RaftServerConfigKeys (ConfUtils.java:logGet(43)) - raft.server.log.queue.byte-limit = 2147483647 (custom)
2019-10-17 07:42:44,054 [pool-57-thread-1] INFO  server.RaftServerConfigKeys (ConfUtils.java:logGet(43)) - raft.server.log.queue.element-limit = 1024 (custom)
2019-10-17 07:42:44,055 [pool-57-thread-1] INFO  server.RaftServerConfigKeys (ConfUtils.java:logGet(43)) - raft.server.log.segment.size.max = 1048576 (custom)
2019-10-17 07:42:44,055 [pool-57-thread-1] INFO  server.RaftServerConfigKeys (ConfUtils.java:logGet(43)) - raft.server.log.preallocated.size = 16384 (custom)
2019-10-17 07:42:44,055 [pool-57-thread-1] INFO  server.RaftServerConfigKeys (ConfUtils.java:logGet(43)) - raft.server.log.write.buffer.size = 33554432 (custom)
2019-10-17 07:42:44,055 [pool-57-thread-1] INFO  server.RaftServerConfigKeys (ConfUtils.java:logGet(43)) - raft.server.log.force.sync.num = 128 (default)
2019-10-17 07:42:44,055 [pool-57-thread-1] INFO  server.RaftServerConfigKeys (ConfUtils.java:logGet(43)) - raft.server.log.statemachine.data.sync = true (default)
2019-10-17 07:42:44,055 [pool-57-thread-1] INFO  server.RaftServerConfigKeys (ConfUtils.java:logGet(43)) - raft.server.log.statemachine.data.sync.timeout = 10s (default)
2019-10-17 07:42:44,055 [pool-57-thread-1] INFO  server.RaftServerConfigKeys (ConfUtils.java:logGet(43)) - raft.server.log.statemachine.data.sync.timeout.retry = -1 (default)
2019-10-17 07:42:44,056 [pool-57-thread-1] INFO  server.RaftServerConfigKeys (ConfUtils.java:logGet(43)) - raft.server.log.statemachine.data.caching.enabled = true (custom)
2019-10-17 07:42:44,056 [pool-57-thread-1] INFO  segmented.SegmentedRaftLogWorker (SegmentedRaftLogWorker.java:lambda$new$0(128)) - 2a93f7e5-ecb9-41da-9c47-70e13ba76d7d@group-0B27B5B66CFA-SegmentedRaftLogWorker: flushIndex: setUnconditionally 0 -> -1
2019-10-17 07:42:44,056 [pool-57-thread-1] INFO  server.RaftServerConfigKeys (ConfUtils.java:logGet(43)) - raft.server.snapshot.auto.trigger.enabled = true (custom)
2019-10-17 07:42:44,056 [pool-57-thread-1] INFO  server.RaftServerConfigKeys (ConfUtils.java:logGet(43)) - raft.server.snapshot.auto.trigger.threshold = 10000 (custom)
2019-10-17 07:42:44,057 [pool-57-thread-1] INFO  server.RaftServerConfigKeys (ConfUtils.java:logGet(43)) - raft.server.snapshot.retention.file.num = 5 (custom)
2019-10-17 07:42:44,057 [pool-57-thread-1] INFO  server.RaftServerConfigKeys (ConfUtils.java:logGet(43)) - raft.server.retrycache.expirytime = 600000ms (custom)
2019-10-17 07:42:44,061 [pool-57-thread-1] INFO  impl.RaftServerImpl (RaftServerImpl.java:start(195)) - 2a93f7e5-ecb9-41da-9c47-70e13ba76d7d@group-0B27B5B66CFA: start as a follower, conf=-1: [2a93f7e5-ecb9-41da-9c47-70e13ba76d7d:192.168.34.62:35412], old=null
2019-10-17 07:42:44,061 [pool-57-thread-1] INFO  impl.RaftServerImpl (RaftServerImpl.java:setRole(184)) - 2a93f7e5-ecb9-41da-9c47-70e13ba76d7d@group-0B27B5B66CFA: changes role from      null to FOLLOWER at term 0 for startAsFollower
2019-10-17 07:42:44,061 [pool-57-thread-1] INFO  impl.RoleInfo (RoleInfo.java:updateAndGet(143)) - 2a93f7e5-ecb9-41da-9c47-70e13ba76d7d: start FollowerState
2019-10-17 07:42:44,062 [pool-57-thread-1] INFO  util.JmxRegister (JmxRegister.java:tryRegister(44)) - Successfully registered JMX Bean with object name Ratis:service=RaftServer,group=group-0B27B5B66CFA,id=2a93f7e5-ecb9-41da-9c47-70e13ba76d7d
2019-10-17 07:42:44,074 [RatisPipelineUtilsThread] INFO  pipeline.PipelineStateManager (PipelineStateManager.java:addPipeline(55)) - Created pipeline Pipeline[ Id: d97424e8-73ee-4f68-bd8c-0b27b5b66cfa, Nodes: 2a93f7e5-ecb9-41da-9c47-70e13ba76d7d{ip: 192.168.34.62, host: pr-hdds-1868-lzclr-202649289, networkLocation: /default-rack, certSerialId: null}, Type:RATIS, Factor:ONE, State:ALLOCATED]
2019-10-17 07:42:44,075 [950052e4-3e22-47da-9ede-753224ba511d@group-5A4280CFE399-LeaderElection4] INFO  impl.LeaderElection (LeaderElection.java:askForVotes(178)) - 950052e4-3e22-47da-9ede-753224ba511d@group-5A4280CFE399-LeaderElection4: begin an election at term 1 for -1: [950052e4-3e22-47da-9ede-753224ba511d:192.168.34.62:44758], old=null
2019-10-17 07:42:44,075 [950052e4-3e22-47da-9ede-753224ba511d@group-5A4280CFE399-LeaderElection4] INFO  impl.RoleInfo (RoleInfo.java:shutdownLeaderElection(134)) - 950052e4-3e22-47da-9ede-753224ba511d: shutdown LeaderElection
2019-10-17 07:42:44,075 [950052e4-3e22-47da-9ede-753224ba511d@group-5A4280CFE399-LeaderElection4] INFO  impl.RaftServerImpl (RaftServerImpl.java:setRole(184)) - 950052e4-3e22-47da-9ede-753224ba511d@group-5A4280CFE399: changes role from CANDIDATE to LEADER at term 1 for changeToLeader
2019-10-17 07:42:44,075 [950052e4-3e22-47da-9ede-753224ba511d@group-5A4280CFE399-LeaderElection4] INFO  ratis.XceiverServerRatis (XceiverServerRatis.java:handleLeaderChangedNotification(699)) - Leader change notification received for group: group-5A4280CFE399 with new leaderId: 950052e4-3e22-47da-9ede-753224ba511d
2019-10-17 07:42:44,076 [950052e4-3e22-47da-9ede-753224ba511d@group-5A4280CFE399-LeaderElection4] INFO  impl.RaftServerImpl (ServerState.java:setLeader(256)) - 950052e4-3e22-47da-9ede-753224ba511d@group-5A4280CFE399: change Leader from null to 950052e4-3e22-47da-9ede-753224ba511d at term 1 for becomeLeader, leader elected after 168ms
2019-10-17 07:42:44,077 [950052e4-3e22-47da-9ede-753224ba511d@group-5A4280CFE399-LeaderElection4] INFO  server.RaftServerConfigKeys (ConfUtils.java:logGet(43)) - raft.server.staging.catchup.gap = 1000 (default)
2019-10-17 07:42:44,077 [950052e4-3e22-47da-9ede-753224ba511d@group-5A4280CFE399-LeaderElection4] INFO  server.RaftServerConfigKeys (ConfUtils.java:logGet(43)) - raft.server.rpc.sleep.time = 25ms (default)
2019-10-17 07:42:44,078 [950052e4-3e22-47da-9ede-753224ba511d@group-5A4280CFE399-LeaderElection4] INFO  server.RaftServerConfigKeys (ConfUtils.java:logGet(43)) - raft.server.write.element-limit = 4096 (default)
2019-10-17 07:42:44,078 [950052e4-3e22-47da-9ede-753224ba511d@group-5A4280CFE399-LeaderElection4] INFO  server.RaftServerConfigKeys (ConfUtils.java:logGet(43)) - raft.server.watch.timeout = 10s (default)
2019-10-17 07:42:44,078 [950052e4-3e22-47da-9ede-753224ba511d@group-5A4280CFE399-LeaderElection4] INFO  server.RaftServerConfigKeys (ConfUtils.java:logGet(43)) - raft.server.watch.timeout.denomination = 1s (default)
2019-10-17 07:42:44,079 [950052e4-3e22-47da-9ede-753224ba511d@group-5A4280CFE399-LeaderElection4] INFO  server.RaftServerConfigKeys (ConfUtils.java:logGet(43)) - raft.server.watch.element-limit = 65536 (default)
2019-10-17 07:42:44,085 [950052e4-3e22-47da-9ede-753224ba511d@group-5A4280CFE399-LeaderElection4] INFO  impl.RoleInfo (RoleInfo.java:updateAndGet(143)) - 950052e4-3e22-47da-9ede-753224ba511d: start LeaderState
2019-10-17 07:42:44,086 [950052e4-3e22-47da-9ede-753224ba511d@group-5A4280CFE399-LeaderElection4] INFO  segmented.SegmentedRaftLogWorker (SegmentedRaftLogWorker.java:startLogSegment(385)) - 950052e4-3e22-47da-9ede-753224ba511d@group-5A4280CFE399-SegmentedRaftLogWorker: Starting segment from index:0
2019-10-17 07:42:44,087 [950052e4-3e22-47da-9ede-753224ba511d@group-5A4280CFE399-LeaderElection4] INFO  impl.RaftServerImpl (ServerState.java:setRaftConf(357)) - 950052e4-3e22-47da-9ede-753224ba511d@group-5A4280CFE399: set configuration 0: [950052e4-3e22-47da-9ede-753224ba511d:192.168.34.62:44758], old=null at 0
2019-10-17 07:42:44,113 [Thread-246] INFO  impl.FollowerState (FollowerState.java:run(108)) - 2a93f7e5-ecb9-41da-9c47-70e13ba76d7d@group-0B27B5B66CFA-FollowerState: change to CANDIDATE, lastRpcTime:52ms, electionTimeout:32ms
2019-10-17 07:42:44,114 [Thread-246] INFO  impl.RoleInfo (RoleInfo.java:shutdownFollowerState(121)) - 2a93f7e5-ecb9-41da-9c47-70e13ba76d7d: shutdown FollowerState
2019-10-17 07:42:44,114 [Thread-246] INFO  impl.RaftServerImpl (RaftServerImpl.java:setRole(184)) - 2a93f7e5-ecb9-41da-9c47-70e13ba76d7d@group-0B27B5B66CFA: changes role from  FOLLOWER to CANDIDATE at term 0 for changeToCandidate
2019-10-17 07:42:44,114 [Thread-246] INFO  impl.RoleInfo (RoleInfo.java:updateAndGet(143)) - 2a93f7e5-ecb9-41da-9c47-70e13ba76d7d: start LeaderElection
2019-10-17 07:42:44,126 [950052e4-3e22-47da-9ede-753224ba511d@group-5A4280CFE399-SegmentedRaftLogWorker] INFO  segmented.SegmentedRaftLogWorker (SegmentedRaftLogWorker.java:execute(576)) - 950052e4-3e22-47da-9ede-753224ba511d@group-5A4280CFE399-SegmentedRaftLogWorker: created new log segment /workdir/hadoop-ozone/integration-test/target/test-dir/MiniOzoneClusterImpl-87e8d78b-2c25-4827-9c34-ee9c99992073/datanode-1/data/ratis/5afe2def-bbe7-4222-9096-5a4280cfe399/current/log_inprogress_0
2019-10-17 07:42:44,128 [2a93f7e5-ecb9-41da-9c47-70e13ba76d7d@group-0B27B5B66CFA-LeaderElection5] INFO  impl.LeaderElection (LeaderElection.java:askForVotes(178)) - 2a93f7e5-ecb9-41da-9c47-70e13ba76d7d@group-0B27B5B66CFA-LeaderElection5: begin an election at term 1 for -1: [2a93f7e5-ecb9-41da-9c47-70e13ba76d7d:192.168.34.62:35412], old=null
2019-10-17 07:42:44,129 [2a93f7e5-ecb9-41da-9c47-70e13ba76d7d@group-0B27B5B66CFA-LeaderElection5] INFO  impl.RoleInfo (RoleInfo.java:shutdownLeaderElection(134)) - 2a93f7e5-ecb9-41da-9c47-70e13ba76d7d: shutdown LeaderElection
2019-10-17 07:42:44,129 [grpc-default-executor-0] INFO  impl.RaftServerProxy (RaftServerProxy.java:addNew(89)) - 24020d0b-ce61-4f5a-b0b0-c561541e8cd4: addNew group-FEB16DB33BA8:[24020d0b-ce61-4f5a-b0b0-c561541e8cd4:192.168.34.62:42892] returns group-FEB16DB33BA8:java.util.concurrent.CompletableFuture@12cade38[Not completed]
2019-10-17 07:42:44,129 [2a93f7e5-ecb9-41da-9c47-70e13ba76d7d@group-0B27B5B66CFA-LeaderElection5] INFO  impl.RaftServerImpl (RaftServerImpl.java:setRole(184)) - 2a93f7e5-ecb9-41da-9c47-70e13ba76d7d@group-0B27B5B66CFA: changes role from CANDIDATE to LEADER at term 1 for changeToLeader
2019-10-17 07:42:44,129 [2a93f7e5-ecb9-41da-9c47-70e13ba76d7d@group-0B27B5B66CFA-LeaderElection5] INFO  ratis.XceiverServerRatis (XceiverServerRatis.java:handleLeaderChangedNotification(699)) - Leader change notification received for group: group-0B27B5B66CFA with new leaderId: 2a93f7e5-ecb9-41da-9c47-70e13ba76d7d
2019-10-17 07:42:44,129 [2a93f7e5-ecb9-41da-9c47-70e13ba76d7d@group-0B27B5B66CFA-LeaderElection5] INFO  impl.RaftServerImpl (ServerState.java:setLeader(256)) - 2a93f7e5-ecb9-41da-9c47-70e13ba76d7d@group-0B27B5B66CFA: change Leader from null to 2a93f7e5-ecb9-41da-9c47-70e13ba76d7d at term 1 for becomeLeader, leader elected after 78ms
2019-10-17 07:42:44,130 [2a93f7e5-ecb9-41da-9c47-70e13ba76d7d@group-0B27B5B66CFA-LeaderElection5] INFO  server.RaftServerConfigKeys (ConfUtils.java:logGet(43)) - raft.server.staging.catchup.gap = 1000 (default)
2019-10-17 07:42:44,131 [2a93f7e5-ecb9-41da-9c47-70e13ba76d7d@group-0B27B5B66CFA-LeaderElection5] INFO  server.RaftServerConfigKeys (ConfUtils.java:logGet(43)) - raft.server.rpc.sleep.time = 25ms (default)
2019-10-17 07:42:44,132 [2a93f7e5-ecb9-41da-9c47-70e13ba76d7d@group-0B27B5B66CFA-LeaderElection5] INFO  server.RaftServerConfigKeys (ConfUtils.java:logGet(43)) - raft.server.write.element-limit = 4096 (default)
2019-10-17 07:42:44,132 [2a93f7e5-ecb9-41da-9c47-70e13ba76d7d@group-0B27B5B66CFA-LeaderElection5] INFO  server.RaftServerConfigKeys (ConfUtils.java:logGet(43)) - raft.server.watch.timeout = 10s (default)
2019-10-17 07:42:44,132 [2a93f7e5-ecb9-41da-9c47-70e13ba76d7d@group-0B27B5B66CFA-LeaderElection5] INFO  server.RaftServerConfigKeys (ConfUtils.java:logGet(43)) - raft.server.watch.timeout.denomination = 1s (default)
2019-10-17 07:42:44,132 [2a93f7e5-ecb9-41da-9c47-70e13ba76d7d@group-0B27B5B66CFA-LeaderElection5] INFO  server.RaftServerConfigKeys (ConfUtils.java:logGet(43)) - raft.server.watch.element-limit = 65536 (default)
2019-10-17 07:42:44,136 [pool-77-thread-1] INFO  impl.RaftServerImpl (RaftServerImpl.java:<init>(104)) - 24020d0b-ce61-4f5a-b0b0-c561541e8cd4: new RaftServerImpl for group-FEB16DB33BA8:[24020d0b-ce61-4f5a-b0b0-c561541e8cd4:192.168.34.62:42892] with ContainerStateMachine:uninitialized
2019-10-17 07:42:44,136 [pool-77-thread-1] INFO  server.RaftServerConfigKeys (ConfUtils.java:logGet(43)) - raft.server.rpc.timeout.min = 5s (custom)
2019-10-17 07:42:44,136 [pool-77-thread-1] INFO  server.RaftServerConfigKeys (ConfUtils.java:logGet(43)) - raft.server.rpc.timeout.max = 5200ms (custom)
2019-10-17 07:42:44,136 [pool-77-thread-1] INFO  server.RaftServerConfigKeys (ConfUtils.java:logGet(43)) - raft.server.rpcslowness.timeout = 120s (custom)
2019-10-17 07:42:44,136 [pool-77-thread-1] INFO  server.RaftServerConfigKeys (ConfUtils.java:logGet(43)) - raft.server.sleep.deviation.threshold = 300 (default)
2019-10-17 07:42:44,136 [pool-77-thread-1] INFO  server.RaftServerConfigKeys (ConfUtils.java:logGet(43)) - raft.server.log.appender.install.snapshot.enabled = false (custom)
2019-10-17 07:42:44,136 [pool-77-thread-1] INFO  impl.RaftServerImpl (ServerState.java:<init>(103)) - 24020d0b-ce61-4f5a-b0b0-c561541e8cd4@group-FEB16DB33BA8: ConfigurationManager, init=-1: [24020d0b-ce61-4f5a-b0b0-c561541e8cd4:192.168.34.62:42892], old=null, confs=<EMPTY_MAP>
2019-10-17 07:42:44,137 [pool-77-thread-1] INFO  server.RaftServerConfigKeys (ConfUtils.java:logGet(43)) - raft.server.storage.dir = [/workdir/hadoop-ozone/integration-test/target/test-dir/MiniOzoneClusterImpl-87e8d78b-2c25-4827-9c34-ee9c99992073/datanode-5/data/ratis] (custom)
2019-10-17 07:42:44,137 [pool-77-thread-1] INFO  server.RaftServerConfigKeys (ConfUtils.java:logGet(43)) - raft.server.log.corruption.policy = EXCEPTION (default)
2019-10-17 07:42:44,137 [pool-77-thread-1] INFO  storage.RaftStorageDirectory (RaftStorageDirectory.java:analyzeStorage(246)) - The storage directory /workdir/hadoop-ozone/integration-test/target/test-dir/MiniOzoneClusterImpl-87e8d78b-2c25-4827-9c34-ee9c99992073/datanode-5/data/ratis/75e0ba25-9759-4b49-84f6-feb16db33ba8 does not exist. Creating ...
2019-10-17 07:42:44,138 [2a93f7e5-ecb9-41da-9c47-70e13ba76d7d@group-0B27B5B66CFA-LeaderElection5] INFO  impl.RoleInfo (RoleInfo.java:updateAndGet(143)) - 2a93f7e5-ecb9-41da-9c47-70e13ba76d7d: start LeaderState
2019-10-17 07:42:44,138 [2a93f7e5-ecb9-41da-9c47-70e13ba76d7d@group-0B27B5B66CFA-LeaderElection5] INFO  segmented.SegmentedRaftLogWorker (SegmentedRaftLogWorker.java:startLogSegment(385)) - 2a93f7e5-ecb9-41da-9c47-70e13ba76d7d@group-0B27B5B66CFA-SegmentedRaftLogWorker: Starting segment from index:0
2019-10-17 07:42:44,139 [2a93f7e5-ecb9-41da-9c47-70e13ba76d7d@group-0B27B5B66CFA-LeaderElection5] INFO  impl.RaftServerImpl (ServerState.java:setRaftConf(357)) - 2a93f7e5-ecb9-41da-9c47-70e13ba76d7d@group-0B27B5B66CFA: set configuration 0: [2a93f7e5-ecb9-41da-9c47-70e13ba76d7d:192.168.34.62:35412], old=null at 0
2019-10-17 07:42:44,166 [pool-77-thread-1] INFO  storage.RaftStorageDirectory (RaftStorageDirectory.java:tryLock(328)) - Lock on /workdir/hadoop-ozone/integration-test/target/test-dir/MiniOzoneClusterImpl-87e8d78b-2c25-4827-9c34-ee9c99992073/datanode-5/data/ratis/75e0ba25-9759-4b49-84f6-feb16db33ba8/in_use.lock acquired by nodename 31404@pr-hdds-1868-lzclr-202649289
2019-10-17 07:42:44,191 [2a93f7e5-ecb9-41da-9c47-70e13ba76d7d@group-0B27B5B66CFA-SegmentedRaftLogWorker] INFO  segmented.SegmentedRaftLogWorker (SegmentedRaftLogWorker.java:execute(576)) - 2a93f7e5-ecb9-41da-9c47-70e13ba76d7d@group-0B27B5B66CFA-SegmentedRaftLogWorker: created new log segment /workdir/hadoop-ozone/integration-test/target/test-dir/MiniOzoneClusterImpl-87e8d78b-2c25-4827-9c34-ee9c99992073/datanode-3/data/ratis/d97424e8-73ee-4f68-bd8c-0b27b5b66cfa/current/log_inprogress_0
2019-10-17 07:42:44,191 [pool-77-thread-1] INFO  storage.RaftStorage (RaftStorage.java:format(84)) - Storage directory /workdir/hadoop-ozone/integration-test/target/test-dir/MiniOzoneClusterImpl-87e8d78b-2c25-4827-9c34-ee9c99992073/datanode-5/data/ratis/75e0ba25-9759-4b49-84f6-feb16db33ba8 has been successfully formatted.
2019-10-17 07:42:44,192 [pool-77-thread-1] INFO  ratis.ContainerStateMachine (ContainerStateMachine.java:loadSnapshot(233)) - group-FEB16DB33BA8: The snapshot info is null. Setting the last applied indexto:(t:0, i:~)
2019-10-17 07:42:44,192 [pool-77-thread-1] INFO  server.RaftServerConfigKeys (ConfUtils.java:logGet(43)) - raft.server.notification.no-leader.timeout = 120s (custom)
2019-10-17 07:42:44,192 [pool-77-thread-1] INFO  server.RaftServerConfigKeys (ConfUtils.java:logGet(43)) - raft.server.log.use.memory = false (default)
2019-10-17 07:42:44,192 [pool-77-thread-1] INFO  server.RaftServerConfigKeys (ConfUtils.java:logGet(43)) - raft.server.log.purge.gap = 1000000 (custom)
2019-10-17 07:42:44,193 [pool-77-thread-1] INFO  server.RaftServerConfigKeys (ConfUtils.java:logGet(43)) - raft.server.log.appender.buffer.byte-limit = 33554432 (custom)
2019-10-17 07:42:44,193 [pool-77-thread-1] INFO  server.RaftServerConfigKeys (ConfUtils.java:logGet(43)) - raft.server.log.segment.size.max = 1048576 (custom)
2019-10-17 07:42:44,196 [pool-77-thread-1] INFO  server.RaftServerConfigKeys (ConfUtils.java:logGet(43)) - raft.server.log.segment.cache.num.max = 2 (custom)
2019-10-17 07:42:44,196 [pool-77-thread-1] INFO  segmented.SegmentedRaftLogWorker (SegmentedRaftLogWorker.java:<init>(173)) - new 24020d0b-ce61-4f5a-b0b0-c561541e8cd4@group-FEB16DB33BA8-SegmentedRaftLogWorker for RaftStorage:Storage Directory /workdir/hadoop-ozone/integration-test/target/test-dir/MiniOzoneClusterImpl-87e8d78b-2c25-4827-9c34-ee9c99992073/datanode-5/data/ratis/75e0ba25-9759-4b49-84f6-feb16db33ba8
2019-10-17 07:42:44,196 [pool-77-thread-1] INFO  server.RaftServerConfigKeys (ConfUtils.java:logGet(43)) - raft.server.log.queue.byte-limit = 2147483647 (custom)
2019-10-17 07:42:44,196 [pool-77-thread-1] INFO  server.RaftServerConfigKeys (ConfUtils.java:logGet(43)) - raft.server.log.queue.element-limit = 1024 (custom)
2019-10-17 07:42:44,196 [pool-77-thread-1] INFO  server.RaftServerConfigKeys (ConfUtils.java:logGet(43)) - raft.server.log.segment.size.max = 1048576 (custom)
2019-10-17 07:42:44,196 [pool-77-thread-1] INFO  server.RaftServerConfigKeys (ConfUtils.java:logGet(43)) - raft.server.log.preallocated.size = 16384 (custom)
2019-10-17 07:42:44,197 [pool-77-thread-1] INFO  server.RaftServerConfigKeys (ConfUtils.java:logGet(43)) - raft.server.log.write.buffer.size = 33554432 (custom)
2019-10-17 07:42:44,197 [pool-77-thread-1] INFO  server.RaftServerConfigKeys (ConfUtils.java:logGet(43)) - raft.server.log.force.sync.num = 128 (default)
2019-10-17 07:42:44,197 [pool-77-thread-1] INFO  server.RaftServerConfigKeys (ConfUtils.java:logGet(43)) - raft.server.log.statemachine.data.sync = true (default)
2019-10-17 07:42:44,197 [pool-77-thread-1] INFO  server.RaftServerConfigKeys (ConfUtils.java:logGet(43)) - raft.server.log.statemachine.data.sync.timeout = 10s (default)
2019-10-17 07:42:44,197 [pool-77-thread-1] INFO  server.RaftServerConfigKeys (ConfUtils.java:logGet(43)) - raft.server.log.statemachine.data.sync.timeout.retry = -1 (default)
2019-10-17 07:42:44,198 [pool-77-thread-1] INFO  server.RaftServerConfigKeys (ConfUtils.java:logGet(43)) - raft.server.log.statemachine.data.caching.enabled = true (custom)
2019-10-17 07:42:44,198 [pool-77-thread-1] INFO  segmented.SegmentedRaftLogWorker (SegmentedRaftLogWorker.java:lambda$new$0(128)) - 24020d0b-ce61-4f5a-b0b0-c561541e8cd4@group-FEB16DB33BA8-SegmentedRaftLogWorker: flushIndex: setUnconditionally 0 -> -1
2019-10-17 07:42:44,199 [pool-77-thread-1] INFO  server.RaftServerConfigKeys (ConfUtils.java:logGet(43)) - raft.server.snapshot.auto.trigger.enabled = true (custom)
2019-10-17 07:42:44,199 [pool-77-thread-1] INFO  server.RaftServerConfigKeys (ConfUtils.java:logGet(43)) - raft.server.snapshot.auto.trigger.threshold = 10000 (custom)
2019-10-17 07:42:44,199 [pool-77-thread-1] INFO  server.RaftServerConfigKeys (ConfUtils.java:logGet(43)) - raft.server.snapshot.retention.file.num = 5 (custom)
2019-10-17 07:42:44,199 [pool-77-thread-1] INFO  server.RaftServerConfigKeys (ConfUtils.java:logGet(43)) - raft.server.retrycache.expirytime = 600000ms (custom)
2019-10-17 07:42:44,204 [pool-77-thread-1] INFO  impl.RaftServerImpl (RaftServerImpl.java:start(195)) - 24020d0b-ce61-4f5a-b0b0-c561541e8cd4@group-FEB16DB33BA8: start as a follower, conf=-1: [24020d0b-ce61-4f5a-b0b0-c561541e8cd4:192.168.34.62:42892], old=null
2019-10-17 07:42:44,204 [pool-77-thread-1] INFO  impl.RaftServerImpl (RaftServerImpl.java:setRole(184)) - 24020d0b-ce61-4f5a-b0b0-c561541e8cd4@group-FEB16DB33BA8: changes role from      null to FOLLOWER at term 0 for startAsFollower
2019-10-17 07:42:44,204 [pool-77-thread-1] INFO  impl.RoleInfo (RoleInfo.java:updateAndGet(143)) - 24020d0b-ce61-4f5a-b0b0-c561541e8cd4: start FollowerState
2019-10-17 07:42:44,205 [pool-77-thread-1] INFO  util.JmxRegister (JmxRegister.java:tryRegister(44)) - Successfully registered JMX Bean with object name Ratis:service=RaftServer,group=group-FEB16DB33BA8,id=24020d0b-ce61-4f5a-b0b0-c561541e8cd4
2019-10-17 07:42:44,217 [RatisPipelineUtilsThread] INFO  pipeline.PipelineStateManager (PipelineStateManager.java:addPipeline(55)) - Created pipeline Pipeline[ Id: 75e0ba25-9759-4b49-84f6-feb16db33ba8, Nodes: 24020d0b-ce61-4f5a-b0b0-c561541e8cd4{ip: 192.168.34.62, host: pr-hdds-1868-lzclr-202649289, networkLocation: /default-rack, certSerialId: null}, Type:RATIS, Factor:ONE, State:ALLOCATED]
2019-10-17 07:42:44,241 [Thread-252] INFO  impl.FollowerState (FollowerState.java:run(108)) - 24020d0b-ce61-4f5a-b0b0-c561541e8cd4@group-FEB16DB33BA8-FollowerState: change to CANDIDATE, lastRpcTime:35ms, electionTimeout:35ms
2019-10-17 07:42:44,242 [Thread-252] INFO  impl.RoleInfo (RoleInfo.java:shutdownFollowerState(121)) - 24020d0b-ce61-4f5a-b0b0-c561541e8cd4: shutdown FollowerState
2019-10-17 07:42:44,242 [Thread-252] INFO  impl.RaftServerImpl (RaftServerImpl.java:setRole(184)) - 24020d0b-ce61-4f5a-b0b0-c561541e8cd4@group-FEB16DB33BA8: changes role from  FOLLOWER to CANDIDATE at term 0 for changeToCandidate
2019-10-17 07:42:44,243 [Thread-252] INFO  impl.RoleInfo (RoleInfo.java:updateAndGet(143)) - 24020d0b-ce61-4f5a-b0b0-c561541e8cd4: start LeaderElection
2019-10-17 07:42:44,252 [grpc-default-executor-2] INFO  impl.RaftServerProxy (RaftServerProxy.java:addNew(89)) - 950052e4-3e22-47da-9ede-753224ba511d: addNew group-56D8D7603B90:[029f6492-d0d3-4359-81c8-d83b80fef939:192.168.34.62:38839, a802dc96-981d-402b-abc4-149484258632:192.168.34.62:42955, 950052e4-3e22-47da-9ede-753224ba511d:192.168.34.62:44758] returns group-56D8D7603B90:java.util.concurrent.CompletableFuture@40feaa0c[Not completed]
2019-10-17 07:42:44,253 [grpc-default-executor-1] INFO  impl.RaftServerProxy (RaftServerProxy.java:addNew(89)) - 029f6492-d0d3-4359-81c8-d83b80fef939: addNew group-56D8D7603B90:[029f6492-d0d3-4359-81c8-d83b80fef939:192.168.34.62:38839, a802dc96-981d-402b-abc4-149484258632:192.168.34.62:42955, 950052e4-3e22-47da-9ede-753224ba511d:192.168.34.62:44758] returns group-56D8D7603B90:java.util.concurrent.CompletableFuture@315b80db[Not completed]
2019-10-17 07:42:44,255 [grpc-default-executor-2] INFO  impl.RaftServerProxy (RaftServerProxy.java:addNew(89)) - a802dc96-981d-402b-abc4-149484258632: addNew group-56D8D7603B90:[029f6492-d0d3-4359-81c8-d83b80fef939:192.168.34.62:38839, a802dc96-981d-402b-abc4-149484258632:192.168.34.62:42955, 950052e4-3e22-47da-9ede-753224ba511d:192.168.34.62:44758] returns group-56D8D7603B90:java.util.concurrent.CompletableFuture@5fc2c77[Not completed]
2019-10-17 07:42:44,256 [pool-37-thread-1] INFO  impl.RaftServerImpl (RaftServerImpl.java:<init>(104)) - 950052e4-3e22-47da-9ede-753224ba511d: new RaftServerImpl for group-56D8D7603B90:[029f6492-d0d3-4359-81c8-d83b80fef939:192.168.34.62:38839, a802dc96-981d-402b-abc4-149484258632:192.168.34.62:42955, 950052e4-3e22-47da-9ede-753224ba511d:192.168.34.62:44758] with ContainerStateMachine:uninitialized
2019-10-17 07:42:44,256 [pool-37-thread-1] INFO  server.RaftServerConfigKeys (ConfUtils.java:logGet(43)) - raft.server.rpc.timeout.min = 5s (custom)
2019-10-17 07:42:44,257 [pool-37-thread-1] INFO  server.RaftServerConfigKeys (ConfUtils.java:logGet(43)) - raft.server.rpc.timeout.max = 5200ms (custom)
2019-10-17 07:42:44,257 [pool-37-thread-1] INFO  server.RaftServerConfigKeys (ConfUtils.java:logGet(43)) - raft.server.rpcslowness.timeout = 120s (custom)
2019-10-17 07:42:44,257 [pool-37-thread-1] INFO  server.RaftServerConfigKeys (ConfUtils.java:logGet(43)) - raft.server.sleep.deviation.threshold = 300 (default)
2019-10-17 07:42:44,257 [pool-37-thread-1] INFO  server.RaftServerConfigKeys (ConfUtils.java:logGet(43)) - raft.server.log.appender.install.snapshot.enabled = false (custom)
2019-10-17 07:42:44,257 [pool-37-thread-1] INFO  impl.RaftServerImpl (ServerState.java:<init>(103)) - 950052e4-3e22-47da-9ede-753224ba511d@group-56D8D7603B90: ConfigurationManager, init=-1: [029f6492-d0d3-4359-81c8-d83b80fef939:192.168.34.62:38839, a802dc96-981d-402b-abc4-149484258632:192.168.34.62:42955, 950052e4-3e22-47da-9ede-753224ba511d:192.168.34.62:44758], old=null, confs=<EMPTY_MAP>
2019-10-17 07:42:44,257 [pool-37-thread-1] INFO  server.RaftServerConfigKeys (ConfUtils.java:logGet(43)) - raft.server.storage.dir = [/workdir/hadoop-ozone/integration-test/target/test-dir/MiniOzoneClusterImpl-87e8d78b-2c25-4827-9c34-ee9c99992073/datanode-1/data/ratis] (custom)
2019-10-17 07:42:44,257 [pool-67-thread-1] INFO  impl.RaftServerImpl (RaftServerImpl.java:<init>(104)) - a802dc96-981d-402b-abc4-149484258632: new RaftServerImpl for group-56D8D7603B90:[029f6492-d0d3-4359-81c8-d83b80fef939:192.168.34.62:38839, a802dc96-981d-402b-abc4-149484258632:192.168.34.62:42955, 950052e4-3e22-47da-9ede-753224ba511d:192.168.34.62:44758] with ContainerStateMachine:uninitialized
2019-10-17 07:42:44,258 [pool-67-thread-1] INFO  server.RaftServerConfigKeys (ConfUtils.java:logGet(43)) - raft.server.rpc.timeout.min = 5s (custom)
2019-10-17 07:42:44,258 [pool-37-thread-1] INFO  server.RaftServerConfigKeys (ConfUtils.java:logGet(43)) - raft.server.log.corruption.policy = EXCEPTION (default)
2019-10-17 07:42:44,258 [pool-67-thread-1] INFO  server.RaftServerConfigKeys (ConfUtils.java:logGet(43)) - raft.server.rpc.timeout.max = 5200ms (custom)
2019-10-17 07:42:44,258 [pool-37-thread-1] INFO  storage.RaftStorageDirectory (RaftStorageDirectory.java:analyzeStorage(246)) - The storage directory /workdir/hadoop-ozone/integration-test/target/test-dir/MiniOzoneClusterImpl-87e8d78b-2c25-4827-9c34-ee9c99992073/datanode-1/data/ratis/6872a6bd-7023-41e7-8e2a-56d8d7603b90 does not exist. Creating ...
2019-10-17 07:42:44,258 [pool-47-thread-1] INFO  impl.RaftServerImpl (RaftServerImpl.java:<init>(104)) - 029f6492-d0d3-4359-81c8-d83b80fef939: new RaftServerImpl for group-56D8D7603B90:[029f6492-d0d3-4359-81c8-d83b80fef939:192.168.34.62:38839, a802dc96-981d-402b-abc4-149484258632:192.168.34.62:42955, 950052e4-3e22-47da-9ede-753224ba511d:192.168.34.62:44758] with ContainerStateMachine:uninitialized
2019-10-17 07:42:44,258 [pool-67-thread-1] INFO  server.RaftServerConfigKeys (ConfUtils.java:logGet(43)) - raft.server.rpcslowness.timeout = 120s (custom)
2019-10-17 07:42:44,258 [pool-47-thread-1] INFO  server.RaftServerConfigKeys (ConfUtils.java:logGet(43)) - raft.server.rpc.timeout.min = 5s (custom)
2019-10-17 07:42:44,259 [pool-67-thread-1] INFO  server.RaftServerConfigKeys (ConfUtils.java:logGet(43)) - raft.server.sleep.deviation.threshold = 300 (default)
2019-10-17 07:42:44,259 [pool-47-thread-1] INFO  server.RaftServerConfigKeys (ConfUtils.java:logGet(43)) - raft.server.rpc.timeout.max = 5200ms (custom)
2019-10-17 07:42:44,259 [pool-67-thread-1] INFO  server.RaftServerConfigKeys (ConfUtils.java:logGet(43)) - raft.server.log.appender.install.snapshot.enabled = false (custom)
2019-10-17 07:42:44,259 [pool-47-thread-1] INFO  server.RaftServerConfigKeys (ConfUtils.java:logGet(43)) - raft.server.rpcslowness.timeout = 120s (custom)
2019-10-17 07:42:44,259 [pool-67-thread-1] INFO  impl.RaftServerImpl (ServerState.java:<init>(103)) - a802dc96-981d-402b-abc4-149484258632@group-56D8D7603B90: ConfigurationManager, init=-1: [029f6492-d0d3-4359-81c8-d83b80fef939:192.168.34.62:38839, a802dc96-981d-402b-abc4-149484258632:192.168.34.62:42955, 950052e4-3e22-47da-9ede-753224ba511d:192.168.34.62:44758], old=null, confs=<EMPTY_MAP>
2019-10-17 07:42:44,259 [pool-47-thread-1] INFO  server.RaftServerConfigKeys (ConfUtils.java:logGet(43)) - raft.server.sleep.deviation.threshold = 300 (default)
2019-10-17 07:42:44,259 [pool-47-thread-1] INFO  server.RaftServerConfigKeys (ConfUtils.java:logGet(43)) - raft.server.log.appender.install.snapshot.enabled = false (custom)
2019-10-17 07:42:44,259 [pool-67-thread-1] INFO  server.RaftServerConfigKeys (ConfUtils.java:logGet(43)) - raft.server.storage.dir = [/workdir/hadoop-ozone/integration-test/target/test-dir/MiniOzoneClusterImpl-87e8d78b-2c25-4827-9c34-ee9c99992073/datanode-4/data/ratis] (custom)
2019-10-17 07:42:44,259 [pool-47-thread-1] INFO  impl.RaftServerImpl (ServerState.java:<init>(103)) - 029f6492-d0d3-4359-81c8-d83b80fef939@group-56D8D7603B90: ConfigurationManager, init=-1: [029f6492-d0d3-4359-81c8-d83b80fef939:192.168.34.62:38839, a802dc96-981d-402b-abc4-149484258632:192.168.34.62:42955, 950052e4-3e22-47da-9ede-753224ba511d:192.168.34.62:44758], old=null, confs=<EMPTY_MAP>
2019-10-17 07:42:44,260 [pool-47-thread-1] INFO  server.RaftServerConfigKeys (ConfUtils.java:logGet(43)) - raft.server.storage.dir = [/workdir/hadoop-ozone/integration-test/target/test-dir/MiniOzoneClusterImpl-87e8d78b-2c25-4827-9c34-ee9c99992073/datanode-2/data/ratis] (custom)
2019-10-17 07:42:44,260 [pool-67-thread-1] INFO  server.RaftServerConfigKeys (ConfUtils.java:logGet(43)) - raft.server.log.corruption.policy = EXCEPTION (default)
2019-10-17 07:42:44,260 [pool-47-thread-1] INFO  server.RaftServerConfigKeys (ConfUtils.java:logGet(43)) - raft.server.log.corruption.policy = EXCEPTION (default)
2019-10-17 07:42:44,260 [pool-67-thread-1] INFO  storage.RaftStorageDirectory (RaftStorageDirectory.java:analyzeStorage(246)) - The storage directory /workdir/hadoop-ozone/integration-test/target/test-dir/MiniOzoneClusterImpl-87e8d78b-2c25-4827-9c34-ee9c99992073/datanode-4/data/ratis/6872a6bd-7023-41e7-8e2a-56d8d7603b90 does not exist. Creating ...
2019-10-17 07:42:44,260 [pool-47-thread-1] INFO  storage.RaftStorageDirectory (RaftStorageDirectory.java:analyzeStorage(246)) - The storage directory /workdir/hadoop-ozone/integration-test/target/test-dir/MiniOzoneClusterImpl-87e8d78b-2c25-4827-9c34-ee9c99992073/datanode-2/data/ratis/6872a6bd-7023-41e7-8e2a-56d8d7603b90 does not exist. Creating ...
2019-10-17 07:42:44,283 [pool-47-thread-1] INFO  storage.RaftStorageDirectory (RaftStorageDirectory.java:tryLock(328)) - Lock on /workdir/hadoop-ozone/integration-test/target/test-dir/MiniOzoneClusterImpl-87e8d78b-2c25-4827-9c34-ee9c99992073/datanode-2/data/ratis/6872a6bd-7023-41e7-8e2a-56d8d7603b90/in_use.lock acquired by nodename 31404@pr-hdds-1868-lzclr-202649289
2019-10-17 07:42:44,283 [24020d0b-ce61-4f5a-b0b0-c561541e8cd4@group-FEB16DB33BA8-LeaderElection6] INFO  impl.LeaderElection (LeaderElection.java:askForVotes(178)) - 24020d0b-ce61-4f5a-b0b0-c561541e8cd4@group-FEB16DB33BA8-LeaderElection6: begin an election at term 1 for -1: [24020d0b-ce61-4f5a-b0b0-c561541e8cd4:192.168.34.62:42892], old=null
2019-10-17 07:42:44,283 [pool-37-thread-1] INFO  storage.RaftStorageDirectory (RaftStorageDirectory.java:tryLock(328)) - Lock on /workdir/hadoop-ozone/integration-test/target/test-dir/MiniOzoneClusterImpl-87e8d78b-2c25-4827-9c34-ee9c99992073/datanode-1/data/ratis/6872a6bd-7023-41e7-8e2a-56d8d7603b90/in_use.lock acquired by nodename 31404@pr-hdds-1868-lzclr-202649289
2019-10-17 07:42:44,283 [pool-67-thread-1] INFO  storage.RaftStorageDirectory (RaftStorageDirectory.java:tryLock(328)) - Lock on /workdir/hadoop-ozone/integration-test/target/test-dir/MiniOzoneClusterImpl-87e8d78b-2c25-4827-9c34-ee9c99992073/datanode-4/data/ratis/6872a6bd-7023-41e7-8e2a-56d8d7603b90/in_use.lock acquired by nodename 31404@pr-hdds-1868-lzclr-202649289
2019-10-17 07:42:44,285 [24020d0b-ce61-4f5a-b0b0-c561541e8cd4@group-FEB16DB33BA8-LeaderElection6] INFO  impl.RoleInfo (RoleInfo.java:shutdownLeaderElection(134)) - 24020d0b-ce61-4f5a-b0b0-c561541e8cd4: shutdown LeaderElection
2019-10-17 07:42:44,285 [24020d0b-ce61-4f5a-b0b0-c561541e8cd4@group-FEB16DB33BA8-LeaderElection6] INFO  impl.RaftServerImpl (RaftServerImpl.java:setRole(184)) - 24020d0b-ce61-4f5a-b0b0-c561541e8cd4@group-FEB16DB33BA8: changes role from CANDIDATE to LEADER at term 1 for changeToLeader
2019-10-17 07:42:44,286 [24020d0b-ce61-4f5a-b0b0-c561541e8cd4@group-FEB16DB33BA8-LeaderElection6] INFO  ratis.XceiverServerRatis (XceiverServerRatis.java:handleLeaderChangedNotification(699)) - Leader change notification received for group: group-FEB16DB33BA8 with new leaderId: 24020d0b-ce61-4f5a-b0b0-c561541e8cd4
2019-10-17 07:42:44,286 [24020d0b-ce61-4f5a-b0b0-c561541e8cd4@group-FEB16DB33BA8-LeaderElection6] INFO  impl.RaftServerImpl (ServerState.java:setLeader(256)) - 24020d0b-ce61-4f5a-b0b0-c561541e8cd4@group-FEB16DB33BA8: change Leader from null to 24020d0b-ce61-4f5a-b0b0-c561541e8cd4 at term 1 for becomeLeader, leader elected after 93ms
2019-10-17 07:42:44,288 [24020d0b-ce61-4f5a-b0b0-c561541e8cd4@group-FEB16DB33BA8-LeaderElection6] INFO  server.RaftServerConfigKeys (ConfUtils.java:logGet(43)) - raft.server.staging.catchup.gap = 1000 (default)
2019-10-17 07:42:44,288 [24020d0b-ce61-4f5a-b0b0-c561541e8cd4@group-FEB16DB33BA8-LeaderElection6] INFO  server.RaftServerConfigKeys (ConfUtils.java:logGet(43)) - raft.server.rpc.sleep.time = 25ms (default)
2019-10-17 07:42:44,289 [24020d0b-ce61-4f5a-b0b0-c561541e8cd4@group-FEB16DB33BA8-LeaderElection6] INFO  server.RaftServerConfigKeys (ConfUtils.java:logGet(43)) - raft.server.write.element-limit = 4096 (default)
2019-10-17 07:42:44,290 [24020d0b-ce61-4f5a-b0b0-c561541e8cd4@group-FEB16DB33BA8-LeaderElection6] INFO  server.RaftServerConfigKeys (ConfUtils.java:logGet(43)) - raft.server.watch.timeout = 10s (default)
2019-10-17 07:42:44,290 [24020d0b-ce61-4f5a-b0b0-c561541e8cd4@group-FEB16DB33BA8-LeaderElection6] INFO  server.RaftServerConfigKeys (ConfUtils.java:logGet(43)) - raft.server.watch.timeout.denomination = 1s (default)
2019-10-17 07:42:44,293 [24020d0b-ce61-4f5a-b0b0-c561541e8cd4@group-FEB16DB33BA8-LeaderElection6] INFO  server.RaftServerConfigKeys (ConfUtils.java:logGet(43)) - raft.server.watch.element-limit = 65536 (default)
2019-10-17 07:42:44,297 [24020d0b-ce61-4f5a-b0b0-c561541e8cd4@group-FEB16DB33BA8-LeaderElection6] INFO  impl.RoleInfo (RoleInfo.java:updateAndGet(143)) - 24020d0b-ce61-4f5a-b0b0-c561541e8cd4: start LeaderState
2019-10-17 07:42:44,298 [24020d0b-ce61-4f5a-b0b0-c561541e8cd4@group-FEB16DB33BA8-LeaderElection6] INFO  segmented.SegmentedRaftLogWorker (SegmentedRaftLogWorker.java:startLogSegment(385)) - 24020d0b-ce61-4f5a-b0b0-c561541e8cd4@group-FEB16DB33BA8-SegmentedRaftLogWorker: Starting segment from index:0
2019-10-17 07:42:44,298 [24020d0b-ce61-4f5a-b0b0-c561541e8cd4@group-FEB16DB33BA8-LeaderElection6] INFO  impl.RaftServerImpl (ServerState.java:setRaftConf(357)) - 24020d0b-ce61-4f5a-b0b0-c561541e8cd4@group-FEB16DB33BA8: set configuration 0: [24020d0b-ce61-4f5a-b0b0-c561541e8cd4:192.168.34.62:42892], old=null at 0
2019-10-17 07:42:44,328 [pool-47-thread-1] INFO  storage.RaftStorage (RaftStorage.java:format(84)) - Storage directory /workdir/hadoop-ozone/integration-test/target/test-dir/MiniOzoneClusterImpl-87e8d78b-2c25-4827-9c34-ee9c99992073/datanode-2/data/ratis/6872a6bd-7023-41e7-8e2a-56d8d7603b90 has been successfully formatted.
2019-10-17 07:42:44,329 [pool-37-thread-1] INFO  storage.RaftStorage (RaftStorage.java:format(84)) - Storage directory /workdir/hadoop-ozone/integration-test/target/test-dir/MiniOzoneClusterImpl-87e8d78b-2c25-4827-9c34-ee9c99992073/datanode-1/data/ratis/6872a6bd-7023-41e7-8e2a-56d8d7603b90 has been successfully formatted.
2019-10-17 07:42:44,330 [pool-47-thread-1] INFO  ratis.ContainerStateMachine (ContainerStateMachine.java:loadSnapshot(233)) - group-56D8D7603B90: The snapshot info is null. Setting the last applied indexto:(t:0, i:~)
2019-10-17 07:42:44,328 [pool-67-thread-1] INFO  storage.RaftStorage (RaftStorage.java:format(84)) - Storage directory /workdir/hadoop-ozone/integration-test/target/test-dir/MiniOzoneClusterImpl-87e8d78b-2c25-4827-9c34-ee9c99992073/datanode-4/data/ratis/6872a6bd-7023-41e7-8e2a-56d8d7603b90 has been successfully formatted.
2019-10-17 07:42:44,330 [pool-37-thread-1] INFO  ratis.ContainerStateMachine (ContainerStateMachine.java:loadSnapshot(233)) - group-56D8D7603B90: The snapshot info is null. Setting the last applied indexto:(t:0, i:~)
2019-10-17 07:42:44,330 [pool-47-thread-1] INFO  server.RaftServerConfigKeys (ConfUtils.java:logGet(43)) - raft.server.notification.no-leader.timeout = 120s (custom)
2019-10-17 07:42:44,330 [pool-37-thread-1] INFO  server.RaftServerConfigKeys (ConfUtils.java:logGet(43)) - raft.server.notification.no-leader.timeout = 120s (custom)
2019-10-17 07:42:44,330 [pool-67-thread-1] INFO  ratis.ContainerStateMachine (ContainerStateMachine.java:loadSnapshot(233)) - group-56D8D7603B90: The snapshot info is null. Setting the last applied indexto:(t:0, i:~)
2019-10-17 07:42:44,330 [pool-37-thread-1] INFO  server.RaftServerConfigKeys (ConfUtils.java:logGet(43)) - raft.server.log.use.memory = false (default)
2019-10-17 07:42:44,330 [pool-47-thread-1] INFO  server.RaftServerConfigKeys (ConfUtils.java:logGet(43)) - raft.server.log.use.memory = false (default)
2019-10-17 07:42:44,331 [pool-37-thread-1] INFO  server.RaftServerConfigKeys (ConfUtils.java:logGet(43)) - raft.server.log.purge.gap = 1000000 (custom)
2019-10-17 07:42:44,331 [pool-67-thread-1] INFO  server.RaftServerConfigKeys (ConfUtils.java:logGet(43)) - raft.server.notification.no-leader.timeout = 120s (custom)
2019-10-17 07:42:44,331 [pool-37-thread-1] INFO  server.RaftServerConfigKeys (ConfUtils.java:logGet(43)) - raft.server.log.appender.buffer.byte-limit = 33554432 (custom)
2019-10-17 07:42:44,331 [pool-47-thread-1] INFO  server.RaftServerConfigKeys (ConfUtils.java:logGet(43)) - raft.server.log.purge.gap = 1000000 (custom)
2019-10-17 07:42:44,331 [pool-37-thread-1] INFO  server.RaftServerConfigKeys (ConfUtils.java:logGet(43)) - raft.server.log.segment.size.max = 1048576 (custom)
2019-10-17 07:42:44,331 [pool-67-thread-1] INFO  server.RaftServerConfigKeys (ConfUtils.java:logGet(43)) - raft.server.log.use.memory = false (default)
2019-10-17 07:42:44,332 [pool-37-thread-1] INFO  server.RaftServerConfigKeys (ConfUtils.java:logGet(43)) - raft.server.log.segment.cache.num.max = 2 (custom)
2019-10-17 07:42:44,332 [pool-47-thread-1] INFO  server.RaftServerConfigKeys (ConfUtils.java:logGet(43)) - raft.server.log.appender.buffer.byte-limit = 33554432 (custom)
2019-10-17 07:42:44,332 [pool-37-thread-1] INFO  segmented.SegmentedRaftLogWorker (SegmentedRaftLogWorker.java:<init>(173)) - new 950052e4-3e22-47da-9ede-753224ba511d@group-56D8D7603B90-SegmentedRaftLogWorker for RaftStorage:Storage Directory /workdir/hadoop-ozone/integration-test/target/test-dir/MiniOzoneClusterImpl-87e8d78b-2c25-4827-9c34-ee9c99992073/datanode-1/data/ratis/6872a6bd-7023-41e7-8e2a-56d8d7603b90
2019-10-17 07:42:44,332 [pool-67-thread-1] INFO  server.RaftServerConfigKeys (ConfUtils.java:logGet(43)) - raft.server.log.purge.gap = 1000000 (custom)
2019-10-17 07:42:44,332 [pool-37-thread-1] INFO  server.RaftServerConfigKeys (ConfUtils.java:logGet(43)) - raft.server.log.queue.byte-limit = 2147483647 (custom)
2019-10-17 07:42:44,332 [pool-47-thread-1] INFO  server.RaftServerConfigKeys (ConfUtils.java:logGet(43)) - raft.server.log.segment.size.max = 1048576 (custom)
2019-10-17 07:42:44,333 [pool-37-thread-1] INFO  server.RaftServerConfigKeys (ConfUtils.java:logGet(43)) - raft.server.log.queue.element-limit = 1024 (custom)
2019-10-17 07:42:44,332 [pool-67-thread-1] INFO  server.RaftServerConfigKeys (ConfUtils.java:logGet(43)) - raft.server.log.appender.buffer.byte-limit = 33554432 (custom)
2019-10-17 07:42:44,333 [pool-37-thread-1] INFO  server.RaftServerConfigKeys (ConfUtils.java:logGet(43)) - raft.server.log.segment.size.max = 1048576 (custom)
2019-10-17 07:42:44,333 [pool-47-thread-1] INFO  server.RaftServerConfigKeys (ConfUtils.java:logGet(43)) - raft.server.log.segment.cache.num.max = 2 (custom)
2019-10-17 07:42:44,333 [pool-37-thread-1] INFO  server.RaftServerConfigKeys (ConfUtils.java:logGet(43)) - raft.server.log.preallocated.size = 16384 (custom)
2019-10-17 07:42:44,333 [pool-37-thread-1] INFO  server.RaftServerConfigKeys (ConfUtils.java:logGet(43)) - raft.server.log.write.buffer.size = 33554432 (custom)
2019-10-17 07:42:44,333 [pool-67-thread-1] INFO  server.RaftServerConfigKeys (ConfUtils.java:logGet(43)) - raft.server.log.segment.size.max = 1048576 (custom)
2019-10-17 07:42:44,334 [pool-37-thread-1] INFO  server.RaftServerConfigKeys (ConfUtils.java:logGet(43)) - raft.server.log.force.sync.num = 128 (default)
2019-10-17 07:42:44,333 [pool-47-thread-1] INFO  segmented.SegmentedRaftLogWorker (SegmentedRaftLogWorker.java:<init>(173)) - new 029f6492-d0d3-4359-81c8-d83b80fef939@group-56D8D7603B90-SegmentedRaftLogWorker for RaftStorage:Storage Directory /workdir/hadoop-ozone/integration-test/target/test-dir/MiniOzoneClusterImpl-87e8d78b-2c25-4827-9c34-ee9c99992073/datanode-2/data/ratis/6872a6bd-7023-41e7-8e2a-56d8d7603b90
2019-10-17 07:42:44,334 [pool-37-thread-1] INFO  server.RaftServerConfigKeys (ConfUtils.java:logGet(43)) - raft.server.log.statemachine.data.sync = true (default)
2019-10-17 07:42:44,334 [pool-67-thread-1] INFO  server.RaftServerConfigKeys (ConfUtils.java:logGet(43)) - raft.server.log.segment.cache.num.max = 2 (custom)
2019-10-17 07:42:44,334 [pool-37-thread-1] INFO  server.RaftServerConfigKeys (ConfUtils.java:logGet(43)) - raft.server.log.statemachine.data.sync.timeout = 10s (default)
2019-10-17 07:42:44,334 [pool-47-thread-1] INFO  server.RaftServerConfigKeys (ConfUtils.java:logGet(43)) - raft.server.log.queue.byte-limit = 2147483647 (custom)
2019-10-17 07:42:44,335 [pool-37-thread-1] INFO  server.RaftServerConfigKeys (ConfUtils.java:logGet(43)) - raft.server.log.statemachine.data.sync.timeout.retry = -1 (default)
2019-10-17 07:42:44,334 [pool-67-thread-1] INFO  segmented.SegmentedRaftLogWorker (SegmentedRaftLogWorker.java:<init>(173)) - new a802dc96-981d-402b-abc4-149484258632@group-56D8D7603B90-SegmentedRaftLogWorker for RaftStorage:Storage Directory /workdir/hadoop-ozone/integration-test/target/test-dir/MiniOzoneClusterImpl-87e8d78b-2c25-4827-9c34-ee9c99992073/datanode-4/data/ratis/6872a6bd-7023-41e7-8e2a-56d8d7603b90
2019-10-17 07:42:44,335 [pool-47-thread-1] INFO  server.RaftServerConfigKeys (ConfUtils.java:logGet(43)) - raft.server.log.queue.element-limit = 1024 (custom)
2019-10-17 07:42:44,335 [pool-67-thread-1] INFO  server.RaftServerConfigKeys (ConfUtils.java:logGet(43)) - raft.server.log.queue.byte-limit = 2147483647 (custom)
2019-10-17 07:42:44,335 [pool-37-thread-1] INFO  server.RaftServerConfigKeys (ConfUtils.java:logGet(43)) - raft.server.log.statemachine.data.caching.enabled = true (custom)
2019-10-17 07:42:44,335 [pool-67-thread-1] INFO  server.RaftServerConfigKeys (ConfUtils.java:logGet(43)) - raft.server.log.queue.element-limit = 1024 (custom)
2019-10-17 07:42:44,335 [pool-47-thread-1] INFO  server.RaftServerConfigKeys (ConfUtils.java:logGet(43)) - raft.server.log.segment.size.max = 1048576 (custom)
2019-10-17 07:42:44,336 [pool-67-thread-1] INFO  server.RaftServerConfigKeys (ConfUtils.java:logGet(43)) - raft.server.log.segment.size.max = 1048576 (custom)
2019-10-17 07:42:44,336 [pool-47-thread-1] INFO  server.RaftServerConfigKeys (ConfUtils.java:logGet(43)) - raft.server.log.preallocated.size = 16384 (custom)
2019-10-17 07:42:44,336 [pool-37-thread-1] INFO  segmented.SegmentedRaftLogWorker (SegmentedRaftLogWorker.java:lambda$new$0(128)) - 950052e4-3e22-47da-9ede-753224ba511d@group-56D8D7603B90-SegmentedRaftLogWorker: flushIndex: setUnconditionally 0 -> -1
2019-10-17 07:42:44,336 [pool-47-thread-1] INFO  server.RaftServerConfigKeys (ConfUtils.java:logGet(43)) - raft.server.log.write.buffer.size = 33554432 (custom)
2019-10-17 07:42:44,336 [pool-67-thread-1] INFO  server.RaftServerConfigKeys (ConfUtils.java:logGet(43)) - raft.server.log.preallocated.size = 16384 (custom)
2019-10-17 07:42:44,337 [pool-37-thread-1] INFO  server.RaftServerConfigKeys (ConfUtils.java:logGet(43)) - raft.server.snapshot.auto.trigger.enabled = true (custom)
2019-10-17 07:42:44,336 [pool-47-thread-1] INFO  server.RaftServerConfigKeys (ConfUtils.java:logGet(43)) - raft.server.log.force.sync.num = 128 (default)
2019-10-17 07:42:44,337 [pool-37-thread-1] INFO  server.RaftServerConfigKeys (ConfUtils.java:logGet(43)) - raft.server.snapshot.auto.trigger.threshold = 10000 (custom)
2019-10-17 07:42:44,337 [pool-67-thread-1] INFO  server.RaftServerConfigKeys (ConfUtils.java:logGet(43)) - raft.server.log.write.buffer.size = 33554432 (custom)
2019-10-17 07:42:44,337 [pool-37-thread-1] INFO  server.RaftServerConfigKeys (ConfUtils.java:logGet(43)) - raft.server.snapshot.retention.file.num = 5 (custom)
2019-10-17 07:42:44,337 [pool-47-thread-1] INFO  server.RaftServerConfigKeys (ConfUtils.java:logGet(43)) - raft.server.log.statemachine.data.sync = true (default)
2019-10-17 07:42:44,337 [pool-37-thread-1] INFO  server.RaftServerConfigKeys (ConfUtils.java:logGet(43)) - raft.server.retrycache.expirytime = 600000ms (custom)
2019-10-17 07:42:44,337 [pool-67-thread-1] INFO  server.RaftServerConfigKeys (ConfUtils.java:logGet(43)) - raft.server.log.force.sync.num = 128 (default)
2019-10-17 07:42:44,338 [pool-47-thread-1] INFO  server.RaftServerConfigKeys (ConfUtils.java:logGet(43)) - raft.server.log.statemachine.data.sync.timeout = 10s (default)
2019-10-17 07:42:44,338 [pool-67-thread-1] INFO  server.RaftServerConfigKeys (ConfUtils.java:logGet(43)) - raft.server.log.statemachine.data.sync = true (default)
2019-10-17 07:42:44,338 [pool-47-thread-1] INFO  server.RaftServerConfigKeys (ConfUtils.java:logGet(43)) - raft.server.log.statemachine.data.sync.timeout.retry = -1 (default)
2019-10-17 07:42:44,338 [pool-67-thread-1] INFO  server.RaftServerConfigKeys (ConfUtils.java:logGet(43)) - raft.server.log.statemachine.data.sync.timeout = 10s (default)
2019-10-17 07:42:44,339 [pool-67-thread-1] INFO  server.RaftServerConfigKeys (ConfUtils.java:logGet(43)) - raft.server.log.statemachine.data.sync.timeout.retry = -1 (default)
2019-10-17 07:42:44,339 [pool-47-thread-1] INFO  server.RaftServerConfigKeys (ConfUtils.java:logGet(43)) - raft.server.log.statemachine.data.caching.enabled = true (custom)
2019-10-17 07:42:44,339 [pool-67-thread-1] INFO  server.RaftServerConfigKeys (ConfUtils.java:logGet(43)) - raft.server.log.statemachine.data.caching.enabled = true (custom)
2019-10-17 07:42:44,341 [pool-37-thread-1] INFO  impl.RaftServerImpl (RaftServerImpl.java:start(195)) - 950052e4-3e22-47da-9ede-753224ba511d@group-56D8D7603B90: start as a follower, conf=-1: [029f6492-d0d3-4359-81c8-d83b80fef939:192.168.34.62:38839, a802dc96-981d-402b-abc4-149484258632:192.168.34.62:42955, 950052e4-3e22-47da-9ede-753224ba511d:192.168.34.62:44758], old=null
2019-10-17 07:42:44,341 [pool-37-thread-1] INFO  impl.RaftServerImpl (RaftServerImpl.java:setRole(184)) - 950052e4-3e22-47da-9ede-753224ba511d@group-56D8D7603B90: changes role from      null to FOLLOWER at term 0 for startAsFollower
2019-10-17 07:42:44,341 [pool-37-thread-1] INFO  impl.RoleInfo (RoleInfo.java:updateAndGet(143)) - 950052e4-3e22-47da-9ede-753224ba511d: start FollowerState
2019-10-17 07:42:44,342 [pool-37-thread-1] INFO  util.JmxRegister (JmxRegister.java:tryRegister(44)) - Successfully registered JMX Bean with object name Ratis:service=RaftServer,group=group-56D8D7603B90,id=950052e4-3e22-47da-9ede-753224ba511d
2019-10-17 07:42:44,351 [24020d0b-ce61-4f5a-b0b0-c561541e8cd4@group-FEB16DB33BA8-SegmentedRaftLogWorker] INFO  segmented.SegmentedRaftLogWorker (SegmentedRaftLogWorker.java:execute(576)) - 24020d0b-ce61-4f5a-b0b0-c561541e8cd4@group-FEB16DB33BA8-SegmentedRaftLogWorker: created new log segment /workdir/hadoop-ozone/integration-test/target/test-dir/MiniOzoneClusterImpl-87e8d78b-2c25-4827-9c34-ee9c99992073/datanode-5/data/ratis/75e0ba25-9759-4b49-84f6-feb16db33ba8/current/log_inprogress_0
2019-10-17 07:42:44,351 [pool-47-thread-1] INFO  segmented.SegmentedRaftLogWorker (SegmentedRaftLogWorker.java:lambda$new$0(128)) - 029f6492-d0d3-4359-81c8-d83b80fef939@group-56D8D7603B90-SegmentedRaftLogWorker: flushIndex: setUnconditionally 0 -> -1
2019-10-17 07:42:44,351 [pool-67-thread-1] INFO  segmented.SegmentedRaftLogWorker (SegmentedRaftLogWorker.java:lambda$new$0(128)) - a802dc96-981d-402b-abc4-149484258632@group-56D8D7603B90-SegmentedRaftLogWorker: flushIndex: setUnconditionally 0 -> -1
2019-10-17 07:42:44,351 [pool-47-thread-1] INFO  server.RaftServerConfigKeys (ConfUtils.java:logGet(43)) - raft.server.snapshot.auto.trigger.enabled = true (custom)
2019-10-17 07:42:44,352 [pool-47-thread-1] INFO  server.RaftServerConfigKeys (ConfUtils.java:logGet(43)) - raft.server.snapshot.auto.trigger.threshold = 10000 (custom)
2019-10-17 07:42:44,352 [pool-67-thread-1] INFO  server.RaftServerConfigKeys (ConfUtils.java:logGet(43)) - raft.server.snapshot.auto.trigger.enabled = true (custom)
2019-10-17 07:42:44,358 [pool-47-thread-1] INFO  server.RaftServerConfigKeys (ConfUtils.java:logGet(43)) - raft.server.snapshot.retention.file.num = 5 (custom)
2019-10-17 07:42:44,358 [pool-67-thread-1] INFO  server.RaftServerConfigKeys (ConfUtils.java:logGet(43)) - raft.server.snapshot.auto.trigger.threshold = 10000 (custom)
2019-10-17 07:42:44,360 [pool-47-thread-1] INFO  server.RaftServerConfigKeys (ConfUtils.java:logGet(43)) - raft.server.retrycache.expirytime = 600000ms (custom)
2019-10-17 07:42:44,360 [pool-67-thread-1] INFO  server.RaftServerConfigKeys (ConfUtils.java:logGet(43)) - raft.server.snapshot.retention.file.num = 5 (custom)
2019-10-17 07:42:44,361 [pool-67-thread-1] INFO  server.RaftServerConfigKeys (ConfUtils.java:logGet(43)) - raft.server.retrycache.expirytime = 600000ms (custom)
2019-10-17 07:42:44,364 [pool-47-thread-1] INFO  impl.RaftServerImpl (RaftServerImpl.java:start(195)) - 029f6492-d0d3-4359-81c8-d83b80fef939@group-56D8D7603B90: start as a follower, conf=-1: [029f6492-d0d3-4359-81c8-d83b80fef939:192.168.34.62:38839, a802dc96-981d-402b-abc4-149484258632:192.168.34.62:42955, 950052e4-3e22-47da-9ede-753224ba511d:192.168.34.62:44758], old=null
2019-10-17 07:42:44,364 [pool-47-thread-1] INFO  impl.RaftServerImpl (RaftServerImpl.java:setRole(184)) - 029f6492-d0d3-4359-81c8-d83b80fef939@group-56D8D7603B90: changes role from      null to FOLLOWER at term 0 for startAsFollower
2019-10-17 07:42:44,365 [pool-47-thread-1] INFO  impl.RoleInfo (RoleInfo.java:updateAndGet(143)) - 029f6492-d0d3-4359-81c8-d83b80fef939: start FollowerState
2019-10-17 07:42:44,365 [pool-67-thread-1] INFO  impl.RaftServerImpl (RaftServerImpl.java:start(195)) - a802dc96-981d-402b-abc4-149484258632@group-56D8D7603B90: start as a follower, conf=-1: [029f6492-d0d3-4359-81c8-d83b80fef939:192.168.34.62:38839, a802dc96-981d-402b-abc4-149484258632:192.168.34.62:42955, 950052e4-3e22-47da-9ede-753224ba511d:192.168.34.62:44758], old=null
2019-10-17 07:42:44,365 [pool-67-thread-1] INFO  impl.RaftServerImpl (RaftServerImpl.java:setRole(184)) - a802dc96-981d-402b-abc4-149484258632@group-56D8D7603B90: changes role from      null to FOLLOWER at term 0 for startAsFollower
2019-10-17 07:42:44,365 [pool-47-thread-1] INFO  util.JmxRegister (JmxRegister.java:tryRegister(44)) - Successfully registered JMX Bean with object name Ratis:service=RaftServer,group=group-56D8D7603B90,id=029f6492-d0d3-4359-81c8-d83b80fef939
2019-10-17 07:42:44,365 [pool-67-thread-1] INFO  impl.RoleInfo (RoleInfo.java:updateAndGet(143)) - a802dc96-981d-402b-abc4-149484258632: start FollowerState
2019-10-17 07:42:44,366 [pool-67-thread-1] INFO  util.JmxRegister (JmxRegister.java:tryRegister(44)) - Successfully registered JMX Bean with object name Ratis:service=RaftServer,group=group-56D8D7603B90,id=a802dc96-981d-402b-abc4-149484258632
2019-10-17 07:42:44,387 [RatisPipelineUtilsThread] INFO  pipeline.PipelineStateManager (PipelineStateManager.java:addPipeline(55)) - Created pipeline Pipeline[ Id: 6872a6bd-7023-41e7-8e2a-56d8d7603b90, Nodes: 029f6492-d0d3-4359-81c8-d83b80fef939{ip: 192.168.34.62, host: pr-hdds-1868-lzclr-202649289, networkLocation: /default-rack, certSerialId: null}a802dc96-981d-402b-abc4-149484258632{ip: 192.168.34.62, host: pr-hdds-1868-lzclr-202649289, networkLocation: /default-rack, certSerialId: null}950052e4-3e22-47da-9ede-753224ba511d{ip: 192.168.34.62, host: pr-hdds-1868-lzclr-202649289, networkLocation: /default-rack, certSerialId: null}, Type:RATIS, Factor:THREE, State:ALLOCATED]
2019-10-17 07:42:44,388 [Thread-257] INFO  impl.FollowerState (FollowerState.java:run(108)) - 950052e4-3e22-47da-9ede-753224ba511d@group-56D8D7603B90-FollowerState: change to CANDIDATE, lastRpcTime:46ms, electionTimeout:46ms
2019-10-17 07:42:44,388 [Thread-257] INFO  impl.RoleInfo (RoleInfo.java:shutdownFollowerState(121)) - 950052e4-3e22-47da-9ede-753224ba511d: shutdown FollowerState
2019-10-17 07:42:44,388 [Thread-257] INFO  impl.RaftServerImpl (RaftServerImpl.java:setRole(184)) - 950052e4-3e22-47da-9ede-753224ba511d@group-56D8D7603B90: changes role from  FOLLOWER to CANDIDATE at term 0 for changeToCandidate
2019-10-17 07:42:44,388 [Thread-257] INFO  impl.RoleInfo (RoleInfo.java:updateAndGet(143)) - 950052e4-3e22-47da-9ede-753224ba511d: start LeaderElection
2019-10-17 07:42:44,419 [950052e4-3e22-47da-9ede-753224ba511d@group-56D8D7603B90-LeaderElection7] INFO  impl.LeaderElection (LeaderElection.java:askForVotes(178)) - 950052e4-3e22-47da-9ede-753224ba511d@group-56D8D7603B90-LeaderElection7: begin an election at term 1 for -1: [029f6492-d0d3-4359-81c8-d83b80fef939:192.168.34.62:38839, a802dc96-981d-402b-abc4-149484258632:192.168.34.62:42955, 950052e4-3e22-47da-9ede-753224ba511d:192.168.34.62:44758], old=null
2019-10-17 07:42:44,423 [grpc-default-executor-1] INFO  impl.RaftServerProxy (RaftServerProxy.java:addNew(89)) - 2a93f7e5-ecb9-41da-9c47-70e13ba76d7d: addNew group-A9EE991D717F:[37bd8e8c-ea68-4b1c-8659-8d001c4f3b5c:192.168.34.62:41632, 24020d0b-ce61-4f5a-b0b0-c561541e8cd4:192.168.34.62:42892, 2a93f7e5-ecb9-41da-9c47-70e13ba76d7d:192.168.34.62:35412] returns group-A9EE991D717F:java.util.concurrent.CompletableFuture@50034b07[Not completed]
2019-10-17 07:42:44,424 [grpc-default-executor-0] INFO  impl.RaftServerProxy (RaftServerProxy.java:addNew(89)) - 37bd8e8c-ea68-4b1c-8659-8d001c4f3b5c: addNew group-A9EE991D717F:[37bd8e8c-ea68-4b1c-8659-8d001c4f3b5c:192.168.34.62:41632, 24020d0b-ce61-4f5a-b0b0-c561541e8cd4:192.168.34.62:42892, 2a93f7e5-ecb9-41da-9c47-70e13ba76d7d:192.168.34.62:35412] returns group-A9EE991D717F:java.util.concurrent.CompletableFuture@4cffa418[Not completed]
2019-10-17 07:42:44,424 [grpc-default-executor-2] INFO  impl.RaftServerProxy (RaftServerProxy.java:addNew(89)) - 24020d0b-ce61-4f5a-b0b0-c561541e8cd4: addNew group-A9EE991D717F:[37bd8e8c-ea68-4b1c-8659-8d001c4f3b5c:192.168.34.62:41632, 24020d0b-ce61-4f5a-b0b0-c561541e8cd4:192.168.34.62:42892, 2a93f7e5-ecb9-41da-9c47-70e13ba76d7d:192.168.34.62:35412] returns group-A9EE991D717F:java.util.concurrent.CompletableFuture@34b3aabe[Not completed]
2019-10-17 07:42:44,426 [pool-57-thread-1] INFO  impl.RaftServerImpl (RaftServerImpl.java:<init>(104)) - 2a93f7e5-ecb9-41da-9c47-70e13ba76d7d: new RaftServerImpl for group-A9EE991D717F:[37bd8e8c-ea68-4b1c-8659-8d001c4f3b5c:192.168.34.62:41632, 24020d0b-ce61-4f5a-b0b0-c561541e8cd4:192.168.34.62:42892, 2a93f7e5-ecb9-41da-9c47-70e13ba76d7d:192.168.34.62:35412] with ContainerStateMachine:uninitialized
2019-10-17 07:42:44,426 [pool-57-thread-1] INFO  server.RaftServerConfigKeys (ConfUtils.java:logGet(43)) - raft.server.rpc.timeout.min = 5s (custom)
2019-10-17 07:42:44,426 [pool-57-thread-1] INFO  server.RaftServerConfigKeys (ConfUtils.java:logGet(43)) - raft.server.rpc.timeout.max = 5200ms (custom)
2019-10-17 07:42:44,426 [pool-57-thread-1] INFO  server.RaftServerConfigKeys (ConfUtils.java:logGet(43)) - raft.server.rpcslowness.timeout = 120s (custom)
2019-10-17 07:42:44,426 [pool-57-thread-1] INFO  server.RaftServerConfigKeys (ConfUtils.java:logGet(43)) - raft.server.sleep.deviation.threshold = 300 (default)
2019-10-17 07:42:44,427 [pool-57-thread-1] INFO  server.RaftServerConfigKeys (ConfUtils.java:logGet(43)) - raft.server.log.appender.install.snapshot.enabled = false (custom)
2019-10-17 07:42:44,427 [pool-57-thread-1] INFO  impl.RaftServerImpl (ServerState.java:<init>(103)) - 2a93f7e5-ecb9-41da-9c47-70e13ba76d7d@group-A9EE991D717F: ConfigurationManager, init=-1: [37bd8e8c-ea68-4b1c-8659-8d001c4f3b5c:192.168.34.62:41632, 24020d0b-ce61-4f5a-b0b0-c561541e8cd4:192.168.34.62:42892, 2a93f7e5-ecb9-41da-9c47-70e13ba76d7d:192.168.34.62:35412], old=null, confs=<EMPTY_MAP>
2019-10-17 07:42:44,427 [pool-57-thread-1] INFO  server.RaftServerConfigKeys (ConfUtils.java:logGet(43)) - raft.server.storage.dir = [/workdir/hadoop-ozone/integration-test/target/test-dir/MiniOzoneClusterImpl-87e8d78b-2c25-4827-9c34-ee9c99992073/datanode-3/data/ratis] (custom)
2019-10-17 07:42:44,427 [pool-77-thread-1] INFO  impl.RaftServerImpl (RaftServerImpl.java:<init>(104)) - 24020d0b-ce61-4f5a-b0b0-c561541e8cd4: new RaftServerImpl for group-A9EE991D717F:[37bd8e8c-ea68-4b1c-8659-8d001c4f3b5c:192.168.34.62:41632, 24020d0b-ce61-4f5a-b0b0-c561541e8cd4:192.168.34.62:42892, 2a93f7e5-ecb9-41da-9c47-70e13ba76d7d:192.168.34.62:35412] with ContainerStateMachine:uninitialized
2019-10-17 07:42:44,427 [pool-77-thread-1] INFO  server.RaftServerConfigKeys (ConfUtils.java:logGet(43)) - raft.server.rpc.timeout.min = 5s (custom)
2019-10-17 07:42:44,427 [pool-57-thread-1] INFO  server.RaftServerConfigKeys (ConfUtils.java:logGet(43)) - raft.server.log.corruption.policy = EXCEPTION (default)
2019-10-17 07:42:44,427 [pool-77-thread-1] INFO  server.RaftServerConfigKeys (ConfUtils.java:logGet(43)) - raft.server.rpc.timeout.max = 5200ms (custom)
2019-10-17 07:42:44,428 [pool-77-thread-1] INFO  server.RaftServerConfigKeys (ConfUtils.java:logGet(43)) - raft.server.rpcslowness.timeout = 120s (custom)
2019-10-17 07:42:44,428 [pool-57-thread-1] INFO  storage.RaftStorageDirectory (RaftStorageDirectory.java:analyzeStorage(246)) - The storage directory /workdir/hadoop-ozone/integration-test/target/test-dir/MiniOzoneClusterImpl-87e8d78b-2c25-4827-9c34-ee9c99992073/datanode-3/data/ratis/4019cae6-87b7-45d6-99b0-a9ee991d717f does not exist. Creating ...
2019-10-17 07:42:44,428 [pool-77-thread-1] INFO  server.RaftServerConfigKeys (ConfUtils.java:logGet(43)) - raft.server.sleep.deviation.threshold = 300 (default)
2019-10-17 07:42:44,428 [pool-27-thread-1] INFO  impl.RaftServerImpl (RaftServerImpl.java:<init>(104)) - 37bd8e8c-ea68-4b1c-8659-8d001c4f3b5c: new RaftServerImpl for group-A9EE991D717F:[37bd8e8c-ea68-4b1c-8659-8d001c4f3b5c:192.168.34.62:41632, 24020d0b-ce61-4f5a-b0b0-c561541e8cd4:192.168.34.62:42892, 2a93f7e5-ecb9-41da-9c47-70e13ba76d7d:192.168.34.62:35412] with ContainerStateMachine:uninitialized
2019-10-17 07:42:44,428 [pool-77-thread-1] INFO  server.RaftServerConfigKeys (ConfUtils.java:logGet(43)) - raft.server.log.appender.install.snapshot.enabled = false (custom)
2019-10-17 07:42:44,429 [pool-27-thread-1] INFO  server.RaftServerConfigKeys (ConfUtils.java:logGet(43)) - raft.server.rpc.timeout.min = 5s (custom)
2019-10-17 07:42:44,429 [pool-77-thread-1] INFO  impl.RaftServerImpl (ServerState.java:<init>(103)) - 24020d0b-ce61-4f5a-b0b0-c561541e8cd4@group-A9EE991D717F: ConfigurationManager, init=-1: [37bd8e8c-ea68-4b1c-8659-8d001c4f3b5c:192.168.34.62:41632, 24020d0b-ce61-4f5a-b0b0-c561541e8cd4:192.168.34.62:42892, 2a93f7e5-ecb9-41da-9c47-70e13ba76d7d:192.168.34.62:35412], old=null, confs=<EMPTY_MAP>
2019-10-17 07:42:44,429 [pool-27-thread-1] INFO  server.RaftServerConfigKeys (ConfUtils.java:logGet(43)) - raft.server.rpc.timeout.max = 5200ms (custom)
2019-10-17 07:42:44,429 [pool-77-thread-1] INFO  server.RaftServerConfigKeys (ConfUtils.java:logGet(43)) - raft.server.storage.dir = [/workdir/hadoop-ozone/integration-test/target/test-dir/MiniOzoneClusterImpl-87e8d78b-2c25-4827-9c34-ee9c99992073/datanode-5/data/ratis] (custom)
2019-10-17 07:42:44,429 [pool-27-thread-1] INFO  server.RaftServerConfigKeys (ConfUtils.java:logGet(43)) - raft.server.rpcslowness.timeout = 120s (custom)
2019-10-17 07:42:44,429 [pool-27-thread-1] INFO  server.RaftServerConfigKeys (ConfUtils.java:logGet(43)) - raft.server.sleep.deviation.threshold = 300 (default)
2019-10-17 07:42:44,429 [pool-77-thread-1] INFO  server.RaftServerConfigKeys (ConfUtils.java:logGet(43)) - raft.server.log.corruption.policy = EXCEPTION (default)
2019-10-17 07:42:44,429 [pool-27-thread-1] INFO  server.RaftServerConfigKeys (ConfUtils.java:logGet(43)) - raft.server.log.appender.install.snapshot.enabled = false (custom)
2019-10-17 07:42:44,430 [pool-77-thread-1] INFO  storage.RaftStorageDirectory (RaftStorageDirectory.java:analyzeStorage(246)) - The storage directory /workdir/hadoop-ozone/integration-test/target/test-dir/MiniOzoneClusterImpl-87e8d78b-2c25-4827-9c34-ee9c99992073/datanode-5/data/ratis/4019cae6-87b7-45d6-99b0-a9ee991d717f does not exist. Creating ...
2019-10-17 07:42:44,430 [pool-27-thread-1] INFO  impl.RaftServerImpl (ServerState.java:<init>(103)) - 37bd8e8c-ea68-4b1c-8659-8d001c4f3b5c@group-A9EE991D717F: ConfigurationManager, init=-1: [37bd8e8c-ea68-4b1c-8659-8d001c4f3b5c:192.168.34.62:41632, 24020d0b-ce61-4f5a-b0b0-c561541e8cd4:192.168.34.62:42892, 2a93f7e5-ecb9-41da-9c47-70e13ba76d7d:192.168.34.62:35412], old=null, confs=<EMPTY_MAP>
2019-10-17 07:42:44,430 [pool-27-thread-1] INFO  server.RaftServerConfigKeys (ConfUtils.java:logGet(43)) - raft.server.storage.dir = [/workdir/hadoop-ozone/integration-test/target/test-dir/MiniOzoneClusterImpl-87e8d78b-2c25-4827-9c34-ee9c99992073/datanode-0/data/ratis] (custom)
2019-10-17 07:42:44,438 [pool-27-thread-1] INFO  server.RaftServerConfigKeys (ConfUtils.java:logGet(43)) - raft.server.log.corruption.policy = EXCEPTION (default)
2019-10-17 07:42:44,439 [pool-27-thread-1] INFO  storage.RaftStorageDirectory (RaftStorageDirectory.java:analyzeStorage(246)) - The storage directory /workdir/hadoop-ozone/integration-test/target/test-dir/MiniOzoneClusterImpl-87e8d78b-2c25-4827-9c34-ee9c99992073/datanode-0/data/ratis/4019cae6-87b7-45d6-99b0-a9ee991d717f does not exist. Creating ...
2019-10-17 07:42:44,460 [grpc-default-executor-2] INFO  impl.RaftServerImpl (RaftServerImpl.java:setRole(184)) - a802dc96-981d-402b-abc4-149484258632@group-56D8D7603B90: changes role from  FOLLOWER to FOLLOWER at term 1 for recognizeCandidate:950052e4-3e22-47da-9ede-753224ba511d
2019-10-17 07:42:44,460 [grpc-default-executor-0] INFO  impl.RaftServerImpl (RaftServerImpl.java:setRole(184)) - 029f6492-d0d3-4359-81c8-d83b80fef939@group-56D8D7603B90: changes role from  FOLLOWER to FOLLOWER at term 1 for recognizeCandidate:950052e4-3e22-47da-9ede-753224ba511d
2019-10-17 07:42:44,461 [grpc-default-executor-2] INFO  impl.RoleInfo (RoleInfo.java:shutdownFollowerState(121)) - a802dc96-981d-402b-abc4-149484258632: shutdown FollowerState
2019-10-17 07:42:44,461 [grpc-default-executor-0] INFO  impl.RoleInfo (RoleInfo.java:shutdownFollowerState(121)) - 029f6492-d0d3-4359-81c8-d83b80fef939: shutdown FollowerState
2019-10-17 07:42:44,461 [Thread-262] INFO  impl.FollowerState (FollowerState.java:run(117)) - a802dc96-981d-402b-abc4-149484258632@group-56D8D7603B90-FollowerState was interrupted: java.lang.InterruptedException: sleep interrupted
2019-10-17 07:42:44,461 [Thread-261] INFO  impl.FollowerState (FollowerState.java:run(117)) - 029f6492-d0d3-4359-81c8-d83b80fef939@group-56D8D7603B90-FollowerState was interrupted: java.lang.InterruptedException: sleep interrupted
2019-10-17 07:42:44,461 [grpc-default-executor-2] INFO  impl.RoleInfo (RoleInfo.java:updateAndGet(143)) - a802dc96-981d-402b-abc4-149484258632: start FollowerState
2019-10-17 07:42:44,464 [pool-27-thread-1] INFO  storage.RaftStorageDirectory (RaftStorageDirectory.java:tryLock(328)) - Lock on /workdir/hadoop-ozone/integration-test/target/test-dir/MiniOzoneClusterImpl-87e8d78b-2c25-4827-9c34-ee9c99992073/datanode-0/data/ratis/4019cae6-87b7-45d6-99b0-a9ee991d717f/in_use.lock acquired by nodename 31404@pr-hdds-1868-lzclr-202649289
2019-10-17 07:42:44,463 [pool-77-thread-1] INFO  storage.RaftStorageDirectory (RaftStorageDirectory.java:tryLock(328)) - Lock on /workdir/hadoop-ozone/integration-test/target/test-dir/MiniOzoneClusterImpl-87e8d78b-2c25-4827-9c34-ee9c99992073/datanode-5/data/ratis/4019cae6-87b7-45d6-99b0-a9ee991d717f/in_use.lock acquired by nodename 31404@pr-hdds-1868-lzclr-202649289
2019-10-17 07:42:44,463 [pool-57-thread-1] INFO  storage.RaftStorageDirectory (RaftStorageDirectory.java:tryLock(328)) - Lock on /workdir/hadoop-ozone/integration-test/target/test-dir/MiniOzoneClusterImpl-87e8d78b-2c25-4827-9c34-ee9c99992073/datanode-3/data/ratis/4019cae6-87b7-45d6-99b0-a9ee991d717f/in_use.lock acquired by nodename 31404@pr-hdds-1868-lzclr-202649289
2019-10-17 07:42:44,461 [grpc-default-executor-0] INFO  impl.RoleInfo (RoleInfo.java:updateAndGet(143)) - 029f6492-d0d3-4359-81c8-d83b80fef939: start FollowerState
2019-10-17 07:42:44,466 [950052e4-3e22-47da-9ede-753224ba511d@group-56D8D7603B90-LeaderElection7] INFO  impl.LeaderElection (LeaderElection.java:logAndReturn(56)) - 950052e4-3e22-47da-9ede-753224ba511d@group-56D8D7603B90-LeaderElection7: Election TIMEOUT; received 0 response(s) [] and 0 exception(s); 950052e4-3e22-47da-9ede-753224ba511d@group-56D8D7603B90:t1, leader=null, voted=950052e4-3e22-47da-9ede-753224ba511d, raftlog=950052e4-3e22-47da-9ede-753224ba511d@group-56D8D7603B90-SegmentedRaftLog:OPENED:c-1,f-1,i0, conf=-1: [029f6492-d0d3-4359-81c8-d83b80fef939:192.168.34.62:38839, a802dc96-981d-402b-abc4-149484258632:192.168.34.62:42955, 950052e4-3e22-47da-9ede-753224ba511d:192.168.34.62:44758], old=null
2019-10-17 07:42:44,477 [pool-77-thread-1] INFO  storage.RaftStorage (RaftStorage.java:format(84)) - Storage directory /workdir/hadoop-ozone/integration-test/target/test-dir/MiniOzoneClusterImpl-87e8d78b-2c25-4827-9c34-ee9c99992073/datanode-5/data/ratis/4019cae6-87b7-45d6-99b0-a9ee991d717f has been successfully formatted.
2019-10-17 07:42:44,477 [950052e4-3e22-47da-9ede-753224ba511d@group-56D8D7603B90-LeaderElection7] INFO  impl.LeaderElection (LeaderElection.java:askForVotes(178)) - 950052e4-3e22-47da-9ede-753224ba511d@group-56D8D7603B90-LeaderElection7: begin an election at term 2 for -1: [029f6492-d0d3-4359-81c8-d83b80fef939:192.168.34.62:38839, a802dc96-981d-402b-abc4-149484258632:192.168.34.62:42955, 950052e4-3e22-47da-9ede-753224ba511d:192.168.34.62:44758], old=null
2019-10-17 07:42:44,477 [pool-57-thread-1] INFO  storage.RaftStorage (RaftStorage.java:format(84)) - Storage directory /workdir/hadoop-ozone/integration-test/target/test-dir/MiniOzoneClusterImpl-87e8d78b-2c25-4827-9c34-ee9c99992073/datanode-3/data/ratis/4019cae6-87b7-45d6-99b0-a9ee991d717f has been successfully formatted.
2019-10-17 07:42:44,477 [pool-27-thread-1] INFO  storage.RaftStorage (RaftStorage.java:format(84)) - Storage directory /workdir/hadoop-ozone/integration-test/target/test-dir/MiniOzoneClusterImpl-87e8d78b-2c25-4827-9c34-ee9c99992073/datanode-0/data/ratis/4019cae6-87b7-45d6-99b0-a9ee991d717f has been successfully formatted.
2019-10-17 07:42:44,478 [pool-77-thread-1] INFO  ratis.ContainerStateMachine (ContainerStateMachine.java:loadSnapshot(233)) - group-A9EE991D717F: The snapshot info is null. Setting the last applied indexto:(t:0, i:~)
2019-10-17 07:42:44,479 [pool-57-thread-1] INFO  ratis.ContainerStateMachine (ContainerStateMachine.java:loadSnapshot(233)) - group-A9EE991D717F: The snapshot info is null. Setting the last applied indexto:(t:0, i:~)
2019-10-17 07:42:44,479 [pool-77-thread-1] INFO  server.RaftServerConfigKeys (ConfUtils.java:logGet(43)) - raft.server.notification.no-leader.timeout = 120s (custom)
2019-10-17 07:42:44,479 [pool-27-thread-1] INFO  ratis.ContainerStateMachine (ContainerStateMachine.java:loadSnapshot(233)) - group-A9EE991D717F: The snapshot info is null. Setting the last applied indexto:(t:0, i:~)
2019-10-17 07:42:44,479 [pool-77-thread-1] INFO  server.RaftServerConfigKeys (ConfUtils.java:logGet(43)) - raft.server.log.use.memory = false (default)
2019-10-17 07:42:44,479 [pool-57-thread-1] INFO  server.RaftServerConfigKeys (ConfUtils.java:logGet(43)) - raft.server.notification.no-leader.timeout = 120s (custom)
2019-10-17 07:42:44,479 [pool-77-thread-1] INFO  server.RaftServerConfigKeys (ConfUtils.java:logGet(43)) - raft.server.log.purge.gap = 1000000 (custom)
2019-10-17 07:42:44,479 [pool-27-thread-1] INFO  server.RaftServerConfigKeys (ConfUtils.java:logGet(43)) - raft.server.notification.no-leader.timeout = 120s (custom)
2019-10-17 07:42:44,480 [pool-77-thread-1] INFO  server.RaftServerConfigKeys (ConfUtils.java:logGet(43)) - raft.server.log.appender.buffer.byte-limit = 33554432 (custom)
2019-10-17 07:42:44,480 [pool-57-thread-1] INFO  server.RaftServerConfigKeys (ConfUtils.java:logGet(43)) - raft.server.log.use.memory = false (default)
2019-10-17 07:42:44,480 [pool-77-thread-1] INFO  server.RaftServerConfigKeys (ConfUtils.java:logGet(43)) - raft.server.log.segment.size.max = 1048576 (custom)
2019-10-17 07:42:44,480 [pool-27-thread-1] INFO  server.RaftServerConfigKeys (ConfUtils.java:logGet(43)) - raft.server.log.use.memory = false (default)
2019-10-17 07:42:44,480 [pool-77-thread-1] INFO  server.RaftServerConfigKeys (ConfUtils.java:logGet(43)) - raft.server.log.segment.cache.num.max = 2 (custom)
2019-10-17 07:42:44,480 [pool-57-thread-1] INFO  server.RaftServerConfigKeys (ConfUtils.java:logGet(43)) - raft.server.log.purge.gap = 1000000 (custom)
2019-10-17 07:42:44,480 [pool-77-thread-1] INFO  segmented.SegmentedRaftLogWorker (SegmentedRaftLogWorker.java:<init>(173)) - new 24020d0b-ce61-4f5a-b0b0-c561541e8cd4@group-A9EE991D717F-SegmentedRaftLogWorker for RaftStorage:Storage Directory /workdir/hadoop-ozone/integration-test/target/test-dir/MiniOzoneClusterImpl-87e8d78b-2c25-4827-9c34-ee9c99992073/datanode-5/data/ratis/4019cae6-87b7-45d6-99b0-a9ee991d717f
2019-10-17 07:42:44,480 [pool-27-thread-1] INFO  server.RaftServerConfigKeys (ConfUtils.java:logGet(43)) - raft.server.log.purge.gap = 1000000 (custom)
2019-10-17 07:42:44,481 [pool-77-thread-1] INFO  server.RaftServerConfigKeys (ConfUtils.java:logGet(43)) - raft.server.log.queue.byte-limit = 2147483647 (custom)
2019-10-17 07:42:44,481 [pool-57-thread-1] INFO  server.RaftServerConfigKeys (ConfUtils.java:logGet(43)) - raft.server.log.appender.buffer.byte-limit = 33554432 (custom)
2019-10-17 07:42:44,481 [pool-77-thread-1] INFO  server.RaftServerConfigKeys (ConfUtils.java:logGet(43)) - raft.server.log.queue.element-limit = 1024 (custom)
2019-10-17 07:42:44,481 [pool-27-thread-1] INFO  server.RaftServerConfigKeys (ConfUtils.java:logGet(43)) - raft.server.log.appender.buffer.byte-limit = 33554432 (custom)
2019-10-17 07:42:44,481 [pool-77-thread-1] INFO  server.RaftServerConfigKeys (ConfUtils.java:logGet(43)) - raft.server.log.segment.size.max = 1048576 (custom)
2019-10-17 07:42:44,481 [pool-57-thread-1] INFO  server.RaftServerConfigKeys (ConfUtils.java:logGet(43)) - raft.server.log.segment.size.max = 1048576 (custom)
2019-10-17 07:42:44,482 [pool-77-thread-1] INFO  server.RaftServerConfigKeys (ConfUtils.java:logGet(43)) - raft.server.log.preallocated.size = 16384 (custom)
2019-10-17 07:42:44,481 [pool-27-thread-1] INFO  server.RaftServerConfigKeys (ConfUtils.java:logGet(43)) - raft.server.log.segment.size.max = 1048576 (custom)
2019-10-17 07:42:44,483 [pool-77-thread-1] INFO  server.RaftServerConfigKeys (ConfUtils.java:logGet(43)) - raft.server.log.write.buffer.size = 33554432 (custom)
2019-10-17 07:42:44,483 [pool-57-thread-1] INFO  server.RaftServerConfigKeys (ConfUtils.java:logGet(43)) - raft.server.log.segment.cache.num.max = 2 (custom)
2019-10-17 07:42:44,483 [pool-77-thread-1] INFO  server.RaftServerConfigKeys (ConfUtils.java:logGet(43)) - raft.server.log.force.sync.num = 128 (default)
2019-10-17 07:42:44,483 [pool-27-thread-1] INFO  server.RaftServerConfigKeys (ConfUtils.java:logGet(43)) - raft.server.log.segment.cache.num.max = 2 (custom)
2019-10-17 07:42:44,483 [pool-77-thread-1] INFO  server.RaftServerConfigKeys (ConfUtils.java:logGet(43)) - raft.server.log.statemachine.data.sync = true (default)
2019-10-17 07:42:44,483 [pool-57-thread-1] INFO  segmented.SegmentedRaftLogWorker (SegmentedRaftLogWorker.java:<init>(173)) - new 2a93f7e5-ecb9-41da-9c47-70e13ba76d7d@group-A9EE991D717F-SegmentedRaftLogWorker for RaftStorage:Storage Directory /workdir/hadoop-ozone/integration-test/target/test-dir/MiniOzoneClusterImpl-87e8d78b-2c25-4827-9c34-ee9c99992073/datanode-3/data/ratis/4019cae6-87b7-45d6-99b0-a9ee991d717f
2019-10-17 07:42:44,485 [pool-77-thread-1] INFO  server.RaftServerConfigKeys (ConfUtils.java:logGet(43)) - raft.server.log.statemachine.data.sync.timeout = 10s (default)
2019-10-17 07:42:44,485 [pool-27-thread-1] INFO  segmented.SegmentedRaftLogWorker (SegmentedRaftLogWorker.java:<init>(173)) - new 37bd8e8c-ea68-4b1c-8659-8d001c4f3b5c@group-A9EE991D717F-SegmentedRaftLogWorker for RaftStorage:Storage Directory /workdir/hadoop-ozone/integration-test/target/test-dir/MiniOzoneClusterImpl-87e8d78b-2c25-4827-9c34-ee9c99992073/datanode-0/data/ratis/4019cae6-87b7-45d6-99b0-a9ee991d717f
2019-10-17 07:42:44,486 [pool-77-thread-1] INFO  server.RaftServerConfigKeys (ConfUtils.java:logGet(43)) - raft.server.log.statemachine.data.sync.timeout.retry = -1 (default)
2019-10-17 07:42:44,486 [pool-57-thread-1] INFO  server.RaftServerConfigKeys (ConfUtils.java:logGet(43)) - raft.server.log.queue.byte-limit = 2147483647 (custom)
2019-10-17 07:42:44,486 [pool-27-thread-1] INFO  server.RaftServerConfigKeys (ConfUtils.java:logGet(43)) - raft.server.log.queue.byte-limit = 2147483647 (custom)
2019-10-17 07:42:44,489 [pool-57-thread-1] INFO  server.RaftServerConfigKeys (ConfUtils.java:logGet(43)) - raft.server.log.queue.element-limit = 1024 (custom)
2019-10-17 07:42:44,489 [grpc-default-executor-0] INFO  impl.RaftServerImpl (RaftServerImpl.java:setRole(184)) - a802dc96-981d-402b-abc4-149484258632@group-56D8D7603B90: changes role from  FOLLOWER to FOLLOWER at term 2 for recognizeCandidate:950052e4-3e22-47da-9ede-753224ba511d
2019-10-17 07:42:44,489 [pool-77-thread-1] INFO  server.RaftServerConfigKeys (ConfUtils.java:logGet(43)) - raft.server.log.statemachine.data.caching.enabled = true (custom)
2019-10-17 07:42:44,493 [grpc-default-executor-0] INFO  impl.RoleInfo (RoleInfo.java:shutdownFollowerState(121)) - a802dc96-981d-402b-abc4-149484258632: shutdown FollowerState
2019-10-17 07:42:44,492 [grpc-default-executor-2] INFO  impl.RaftServerImpl (RaftServerImpl.java:setRole(184)) - 029f6492-d0d3-4359-81c8-d83b80fef939@group-56D8D7603B90: changes role from  FOLLOWER to FOLLOWER at term 2 for recognizeCandidate:950052e4-3e22-47da-9ede-753224ba511d
2019-10-17 07:42:44,495 [grpc-default-executor-2] INFO  impl.RoleInfo (RoleInfo.java:shutdownFollowerState(121)) - 029f6492-d0d3-4359-81c8-d83b80fef939: shutdown FollowerState
2019-10-17 07:42:44,491 [pool-57-thread-1] INFO  server.RaftServerConfigKeys (ConfUtils.java:logGet(43)) - raft.server.log.segment.size.max = 1048576 (custom)
2019-10-17 07:42:44,489 [pool-27-thread-1] INFO  server.RaftServerConfigKeys (ConfUtils.java:logGet(43)) - raft.server.log.queue.element-limit = 1024 (custom)
2019-10-17 07:42:44,495 [pool-57-thread-1] INFO  server.RaftServerConfigKeys (ConfUtils.java:logGet(43)) - raft.server.log.preallocated.size = 16384 (custom)
2019-10-17 07:42:44,496 [pool-57-thread-1] INFO  server.RaftServerConfigKeys (ConfUtils.java:logGet(43)) - raft.server.log.write.buffer.size = 33554432 (custom)
2019-10-17 07:42:44,495 [Thread-269] INFO  impl.FollowerState (FollowerState.java:run(117)) - 029f6492-d0d3-4359-81c8-d83b80fef939@group-56D8D7603B90-FollowerState was interrupted: java.lang.InterruptedException: sleep interrupted
2019-10-17 07:42:44,495 [grpc-default-executor-2] INFO  impl.RoleInfo (RoleInfo.java:updateAndGet(143)) - 029f6492-d0d3-4359-81c8-d83b80fef939: start FollowerState
2019-10-17 07:42:44,495 [grpc-default-executor-0] INFO  impl.RoleInfo (RoleInfo.java:updateAndGet(143)) - a802dc96-981d-402b-abc4-149484258632: start FollowerState
2019-10-17 07:42:44,495 [Thread-268] INFO  impl.FollowerState (FollowerState.java:run(117)) - a802dc96-981d-402b-abc4-149484258632@group-56D8D7603B90-FollowerState was interrupted: java.lang.InterruptedException: sleep interrupted
2019-10-17 07:42:44,495 [pool-77-thread-1] INFO  segmented.SegmentedRaftLogWorker (SegmentedRaftLogWorker.java:lambda$new$0(128)) - 24020d0b-ce61-4f5a-b0b0-c561541e8cd4@group-A9EE991D717F-SegmentedRaftLogWorker: flushIndex: setUnconditionally 0 -> -1
2019-10-17 07:42:44,497 [950052e4-3e22-47da-9ede-753224ba511d@group-56D8D7603B90-LeaderElection7] INFO  impl.LeaderElection (LeaderElection.java:logAndReturn(56)) - 950052e4-3e22-47da-9ede-753224ba511d@group-56D8D7603B90-LeaderElection7: Election TIMEOUT; received 0 response(s) [] and 0 exception(s); 950052e4-3e22-47da-9ede-753224ba511d@group-56D8D7603B90:t2, leader=null, voted=950052e4-3e22-47da-9ede-753224ba511d, raftlog=950052e4-3e22-47da-9ede-753224ba511d@group-56D8D7603B90-SegmentedRaftLog:OPENED:c-1,f-1,i0, conf=-1: [029f6492-d0d3-4359-81c8-d83b80fef939:192.168.34.62:38839, a802dc96-981d-402b-abc4-149484258632:192.168.34.62:42955, 950052e4-3e22-47da-9ede-753224ba511d:192.168.34.62:44758], old=null
2019-10-17 07:42:44,496 [pool-57-thread-1] INFO  server.RaftServerConfigKeys (ConfUtils.java:logGet(43)) - raft.server.log.force.sync.num = 128 (default)
2019-10-17 07:42:44,496 [pool-27-thread-1] INFO  server.RaftServerConfigKeys (ConfUtils.java:logGet(43)) - raft.server.log.segment.size.max = 1048576 (custom)
2019-10-17 07:42:44,499 [pool-57-thread-1] INFO  server.RaftServerConfigKeys (ConfUtils.java:logGet(43)) - raft.server.log.statemachine.data.sync = true (default)
2019-10-17 07:42:44,499 [pool-77-thread-1] INFO  server.RaftServerConfigKeys (ConfUtils.java:logGet(43)) - raft.server.snapshot.auto.trigger.enabled = true (custom)
2019-10-17 07:42:44,500 [pool-57-thread-1] INFO  server.RaftServerConfigKeys (ConfUtils.java:logGet(43)) - raft.server.log.statemachine.data.sync.timeout = 10s (default)
2019-10-17 07:42:44,500 [pool-27-thread-1] INFO  server.RaftServerConfigKeys (ConfUtils.java:logGet(43)) - raft.server.log.preallocated.size = 16384 (custom)
2019-10-17 07:42:44,501 [pool-57-thread-1] INFO  server.RaftServerConfigKeys (ConfUtils.java:logGet(43)) - raft.server.log.statemachine.data.sync.timeout.retry = -1 (default)
2019-10-17 07:42:44,501 [pool-77-thread-1] INFO  server.RaftServerConfigKeys (ConfUtils.java:logGet(43)) - raft.server.snapshot.auto.trigger.threshold = 10000 (custom)
2019-10-17 07:42:44,501 [pool-27-thread-1] INFO  server.RaftServerConfigKeys (ConfUtils.java:logGet(43)) - raft.server.log.write.buffer.size = 33554432 (custom)
2019-10-17 07:42:44,501 [pool-57-thread-1] INFO  server.RaftServerConfigKeys (ConfUtils.java:logGet(43)) - raft.server.log.statemachine.data.caching.enabled = true (custom)
2019-10-17 07:42:44,501 [pool-77-thread-1] INFO  server.RaftServerConfigKeys (ConfUtils.java:logGet(43)) - raft.server.snapshot.retention.file.num = 5 (custom)
2019-10-17 07:42:44,501 [pool-27-thread-1] INFO  server.RaftServerConfigKeys (ConfUtils.java:logGet(43)) - raft.server.log.force.sync.num = 128 (default)
2019-10-17 07:42:44,502 [pool-77-thread-1] INFO  server.RaftServerConfigKeys (ConfUtils.java:logGet(43)) - raft.server.retrycache.expirytime = 600000ms (custom)
2019-10-17 07:42:44,502 [pool-57-thread-1] INFO  segmented.SegmentedRaftLogWorker (SegmentedRaftLogWorker.java:lambda$new$0(128)) - 2a93f7e5-ecb9-41da-9c47-70e13ba76d7d@group-A9EE991D717F-SegmentedRaftLogWorker: flushIndex: setUnconditionally 0 -> -1
2019-10-17 07:42:44,502 [pool-27-thread-1] INFO  server.RaftServerConfigKeys (ConfUtils.java:logGet(43)) - raft.server.log.statemachine.data.sync = true (default)
2019-10-17 07:42:44,502 [pool-27-thread-1] INFO  server.RaftServerConfigKeys (ConfUtils.java:logGet(43)) - raft.server.log.statemachine.data.sync.timeout = 10s (default)
2019-10-17 07:42:44,502 [pool-57-thread-1] INFO  server.RaftServerConfigKeys (ConfUtils.java:logGet(43)) - raft.server.snapshot.auto.trigger.enabled = true (custom)
2019-10-17 07:42:44,502 [pool-27-thread-1] INFO  server.RaftServerConfigKeys (ConfUtils.java:logGet(43)) - raft.server.log.statemachine.data.sync.timeout.retry = -1 (default)
2019-10-17 07:42:44,502 [pool-57-thread-1] INFO  server.RaftServerConfigKeys (ConfUtils.java:logGet(43)) - raft.server.snapshot.auto.trigger.threshold = 10000 (custom)
2019-10-17 07:42:44,503 [pool-27-thread-1] INFO  server.RaftServerConfigKeys (ConfUtils.java:logGet(43)) - raft.server.log.statemachine.data.caching.enabled = true (custom)
2019-10-17 07:42:44,503 [pool-57-thread-1] INFO  server.RaftServerConfigKeys (ConfUtils.java:logGet(43)) - raft.server.snapshot.retention.file.num = 5 (custom)
2019-10-17 07:42:44,503 [pool-27-thread-1] INFO  segmented.SegmentedRaftLogWorker (SegmentedRaftLogWorker.java:lambda$new$0(128)) - 37bd8e8c-ea68-4b1c-8659-8d001c4f3b5c@group-A9EE991D717F-SegmentedRaftLogWorker: flushIndex: setUnconditionally 0 -> -1
2019-10-17 07:42:44,503 [pool-57-thread-1] INFO  server.RaftServerConfigKeys (ConfUtils.java:logGet(43)) - raft.server.retrycache.expirytime = 600000ms (custom)
2019-10-17 07:42:44,503 [pool-27-thread-1] INFO  server.RaftServerConfigKeys (ConfUtils.java:logGet(43)) - raft.server.snapshot.auto.trigger.enabled = true (custom)
2019-10-17 07:42:44,503 [pool-27-thread-1] INFO  server.RaftServerConfigKeys (ConfUtils.java:logGet(43)) - raft.server.snapshot.auto.trigger.threshold = 10000 (custom)
2019-10-17 07:42:44,504 [pool-27-thread-1] INFO  server.RaftServerConfigKeys (ConfUtils.java:logGet(43)) - raft.server.snapshot.retention.file.num = 5 (custom)
2019-10-17 07:42:44,504 [pool-27-thread-1] INFO  server.RaftServerConfigKeys (ConfUtils.java:logGet(43)) - raft.server.retrycache.expirytime = 600000ms (custom)
2019-10-17 07:42:44,504 [pool-77-thread-1] INFO  impl.RaftServerImpl (RaftServerImpl.java:start(195)) - 24020d0b-ce61-4f5a-b0b0-c561541e8cd4@group-A9EE991D717F: start as a follower, conf=-1: [37bd8e8c-ea68-4b1c-8659-8d001c4f3b5c:192.168.34.62:41632, 24020d0b-ce61-4f5a-b0b0-c561541e8cd4:192.168.34.62:42892, 2a93f7e5-ecb9-41da-9c47-70e13ba76d7d:192.168.34.62:35412], old=null
2019-10-17 07:42:44,505 [pool-77-thread-1] INFO  impl.RaftServerImpl (RaftServerImpl.java:setRole(184)) - 24020d0b-ce61-4f5a-b0b0-c561541e8cd4@group-A9EE991D717F: changes role from      null to FOLLOWER at term 0 for startAsFollower
2019-10-17 07:42:44,505 [pool-77-thread-1] INFO  impl.RoleInfo (RoleInfo.java:updateAndGet(143)) - 24020d0b-ce61-4f5a-b0b0-c561541e8cd4: start FollowerState
2019-10-17 07:42:44,505 [pool-77-thread-1] INFO  util.JmxRegister (JmxRegister.java:tryRegister(44)) - Successfully registered JMX Bean with object name Ratis:service=RaftServer,group=group-A9EE991D717F,id=24020d0b-ce61-4f5a-b0b0-c561541e8cd4
2019-10-17 07:42:44,508 [pool-57-thread-1] INFO  impl.RaftServerImpl (RaftServerImpl.java:start(195)) - 2a93f7e5-ecb9-41da-9c47-70e13ba76d7d@group-A9EE991D717F: start as a follower, conf=-1: [37bd8e8c-ea68-4b1c-8659-8d001c4f3b5c:192.168.34.62:41632, 24020d0b-ce61-4f5a-b0b0-c561541e8cd4:192.168.34.62:42892, 2a93f7e5-ecb9-41da-9c47-70e13ba76d7d:192.168.34.62:35412], old=null
2019-10-17 07:42:44,508 [pool-57-thread-1] INFO  impl.RaftServerImpl (RaftServerImpl.java:setRole(184)) - 2a93f7e5-ecb9-41da-9c47-70e13ba76d7d@group-A9EE991D717F: changes role from      null to FOLLOWER at term 0 for startAsFollower
2019-10-17 07:42:44,508 [pool-57-thread-1] INFO  impl.RoleInfo (RoleInfo.java:updateAndGet(143)) - 2a93f7e5-ecb9-41da-9c47-70e13ba76d7d: start FollowerState
2019-10-17 07:42:44,508 [pool-27-thread-1] INFO  impl.RaftServerImpl (RaftServerImpl.java:start(195)) - 37bd8e8c-ea68-4b1c-8659-8d001c4f3b5c@group-A9EE991D717F: start as a follower, conf=-1: [37bd8e8c-ea68-4b1c-8659-8d001c4f3b5c:192.168.34.62:41632, 24020d0b-ce61-4f5a-b0b0-c561541e8cd4:192.168.34.62:42892, 2a93f7e5-ecb9-41da-9c47-70e13ba76d7d:192.168.34.62:35412], old=null
2019-10-17 07:42:44,509 [pool-27-thread-1] INFO  impl.RaftServerImpl (RaftServerImpl.java:setRole(184)) - 37bd8e8c-ea68-4b1c-8659-8d001c4f3b5c@group-A9EE991D717F: changes role from      null to FOLLOWER at term 0 for startAsFollower
2019-10-17 07:42:44,509 [pool-27-thread-1] INFO  impl.RoleInfo (RoleInfo.java:updateAndGet(143)) - 37bd8e8c-ea68-4b1c-8659-8d001c4f3b5c: start FollowerState
2019-10-17 07:42:44,509 [pool-57-thread-1] INFO  util.JmxRegister (JmxRegister.java:tryRegister(44)) - Successfully registered JMX Bean with object name Ratis:service=RaftServer,group=group-A9EE991D717F,id=2a93f7e5-ecb9-41da-9c47-70e13ba76d7d
2019-10-17 07:42:44,509 [pool-27-thread-1] INFO  util.JmxRegister (JmxRegister.java:tryRegister(44)) - Successfully registered JMX Bean with object name Ratis:service=RaftServer,group=group-A9EE991D717F,id=37bd8e8c-ea68-4b1c-8659-8d001c4f3b5c
2019-10-17 07:42:44,522 [950052e4-3e22-47da-9ede-753224ba511d@group-56D8D7603B90-LeaderElection7] INFO  impl.LeaderElection (LeaderElection.java:askForVotes(178)) - 950052e4-3e22-47da-9ede-753224ba511d@group-56D8D7603B90-LeaderElection7: begin an election at term 3 for -1: [029f6492-d0d3-4359-81c8-d83b80fef939:192.168.34.62:38839, a802dc96-981d-402b-abc4-149484258632:192.168.34.62:42955, 950052e4-3e22-47da-9ede-753224ba511d:192.168.34.62:44758], old=null
2019-10-17 07:42:44,540 [Thread-279] INFO  impl.FollowerState (FollowerState.java:run(108)) - 37bd8e8c-ea68-4b1c-8659-8d001c4f3b5c@group-A9EE991D717F-FollowerState: change to CANDIDATE, lastRpcTime:30ms, electionTimeout:26ms
2019-10-17 07:42:44,541 [Thread-273] INFO  impl.FollowerState (FollowerState.java:run(108)) - 029f6492-d0d3-4359-81c8-d83b80fef939@group-56D8D7603B90-FollowerState: change to CANDIDATE, lastRpcTime:45ms, electionTimeout:43ms
2019-10-17 07:42:44,541 [Thread-279] INFO  impl.RoleInfo (RoleInfo.java:shutdownFollowerState(121)) - 37bd8e8c-ea68-4b1c-8659-8d001c4f3b5c: shutdown FollowerState
2019-10-17 07:42:44,541 [Thread-273] INFO  impl.RoleInfo (RoleInfo.java:shutdownFollowerState(121)) - 029f6492-d0d3-4359-81c8-d83b80fef939: shutdown FollowerState
2019-10-17 07:42:44,542 [Thread-279] INFO  impl.RaftServerImpl (RaftServerImpl.java:setRole(184)) - 37bd8e8c-ea68-4b1c-8659-8d001c4f3b5c@group-A9EE991D717F: changes role from  FOLLOWER to CANDIDATE at term 0 for changeToCandidate
2019-10-17 07:42:44,542 [Thread-273] INFO  impl.RaftServerImpl (RaftServerImpl.java:setRole(184)) - 029f6492-d0d3-4359-81c8-d83b80fef939@group-56D8D7603B90: changes role from  FOLLOWER to CANDIDATE at term 2 for changeToCandidate
2019-10-17 07:42:44,543 [Thread-279] INFO  impl.RoleInfo (RoleInfo.java:updateAndGet(143)) - 37bd8e8c-ea68-4b1c-8659-8d001c4f3b5c: start LeaderElection
2019-10-17 07:42:44,543 [Thread-273] INFO  impl.RoleInfo (RoleInfo.java:updateAndGet(143)) - 029f6492-d0d3-4359-81c8-d83b80fef939: start LeaderElection
2019-10-17 07:42:44,546 [Thread-277] INFO  impl.FollowerState (FollowerState.java:run(108)) - 24020d0b-ce61-4f5a-b0b0-c561541e8cd4@group-A9EE991D717F-FollowerState: change to CANDIDATE, lastRpcTime:41ms, electionTimeout:41ms
2019-10-17 07:42:44,548 [Thread-277] INFO  impl.RoleInfo (RoleInfo.java:shutdownFollowerState(121)) - 24020d0b-ce61-4f5a-b0b0-c561541e8cd4: shutdown FollowerState
2019-10-17 07:42:44,548 [Thread-277] INFO  impl.RaftServerImpl (RaftServerImpl.java:setRole(184)) - 24020d0b-ce61-4f5a-b0b0-c561541e8cd4@group-A9EE991D717F: changes role from  FOLLOWER to CANDIDATE at term 0 for changeToCandidate
2019-10-17 07:42:44,548 [Thread-277] INFO  impl.RoleInfo (RoleInfo.java:updateAndGet(143)) - 24020d0b-ce61-4f5a-b0b0-c561541e8cd4: start LeaderElection
2019-10-17 07:42:44,548 [RatisPipelineUtilsThread] INFO  pipeline.PipelineStateManager (PipelineStateManager.java:addPipeline(55)) - Created pipeline Pipeline[ Id: 4019cae6-87b7-45d6-99b0-a9ee991d717f, Nodes: 2a93f7e5-ecb9-41da-9c47-70e13ba76d7d{ip: 192.168.34.62, host: pr-hdds-1868-lzclr-202649289, networkLocation: /default-rack, certSerialId: null}24020d0b-ce61-4f5a-b0b0-c561541e8cd4{ip: 192.168.34.62, host: pr-hdds-1868-lzclr-202649289, networkLocation: /default-rack, certSerialId: null}37bd8e8c-ea68-4b1c-8659-8d001c4f3b5c{ip: 192.168.34.62, host: pr-hdds-1868-lzclr-202649289, networkLocation: /default-rack, certSerialId: null}, Type:RATIS, Factor:THREE, State:ALLOCATED]
2019-10-17 07:42:44,552 [grpc-default-executor-2] INFO  impl.RaftServerImpl (RaftServerImpl.java:setRole(184)) - a802dc96-981d-402b-abc4-149484258632@group-56D8D7603B90: changes role from  FOLLOWER to FOLLOWER at term 3 for recognizeCandidate:950052e4-3e22-47da-9ede-753224ba511d
2019-10-17 07:42:44,552 [grpc-default-executor-2] INFO  impl.RoleInfo (RoleInfo.java:shutdownFollowerState(121)) - a802dc96-981d-402b-abc4-149484258632: shutdown FollowerState
2019-10-17 07:42:44,552 [Thread-272] INFO  impl.FollowerState (FollowerState.java:run(117)) - a802dc96-981d-402b-abc4-149484258632@group-56D8D7603B90-FollowerState was interrupted: java.lang.InterruptedException: sleep interrupted
2019-10-17 07:42:44,552 [grpc-default-executor-2] INFO  impl.RoleInfo (RoleInfo.java:updateAndGet(143)) - a802dc96-981d-402b-abc4-149484258632: start FollowerState
2019-10-17 07:42:44,562 [EventQueue-PipelineReportForPipelineReportHandler] INFO  pipeline.PipelineReportHandler (PipelineReportHandler.java:processPipelineReport(119)) - Pipeline PipelineID=f9589774-8dcc-49ca-90e1-bbccafe5db64 reported by 37bd8e8c-ea68-4b1c-8659-8d001c4f3b5c{ip: 192.168.34.62, host: pr-hdds-1868-lzclr-202649289, networkLocation: /default-rack, certSerialId: null} with leaderId 37bd8e8c-ea68-4b1c-8659-8d001c4f3b5c
2019-10-17 07:42:44,564 [main] INFO  ozone.MiniOzoneClusterImpl (MiniOzoneClusterImpl.java:lambda$waitForClusterToBeReady$2(164)) - Waiting for 8 number of pipelines out of 8, to report a leader.
2019-10-17 07:42:44,568 [EventQueue-PipelineReportForPipelineReportHandler] INFO  pipeline.PipelineStateManager (PipelineStateManager.java:openPipeline(134)) - Pipeline Pipeline[ Id: f9589774-8dcc-49ca-90e1-bbccafe5db64, Nodes: 37bd8e8c-ea68-4b1c-8659-8d001c4f3b5c{ip: 192.168.34.62, host: pr-hdds-1868-lzclr-202649289, networkLocation: /default-rack, certSerialId: null}, Type:RATIS, Factor:ONE, State:OPEN] moved to OPEN state
2019-10-17 07:42:44,568 [EventQueue-PipelineReportForPipelineReportHandler] INFO  pipeline.PipelineReportHandler (PipelineReportHandler.java:processPipelineReport(119)) - Pipeline PipelineID=f6bcfcd1-ac56-41bc-aa4f-4065a40678ca reported by 029f6492-d0d3-4359-81c8-d83b80fef939{ip: 192.168.34.62, host: pr-hdds-1868-lzclr-202649289, networkLocation: /default-rack, certSerialId: null} with leaderId 029f6492-d0d3-4359-81c8-d83b80fef939
2019-10-17 07:42:44,568 [EventQueue-PipelineReportForPipelineReportHandler] INFO  pipeline.PipelineStateManager (PipelineStateManager.java:openPipeline(134)) - Pipeline Pipeline[ Id: f6bcfcd1-ac56-41bc-aa4f-4065a40678ca, Nodes: 029f6492-d0d3-4359-81c8-d83b80fef939{ip: 192.168.34.62, host: pr-hdds-1868-lzclr-202649289, networkLocation: /default-rack, certSerialId: null}, Type:RATIS, Factor:ONE, State:OPEN] moved to OPEN state
2019-10-17 07:42:44,568 [EventQueue-PipelineReportForPipelineReportHandler] INFO  pipeline.PipelineReportHandler (PipelineReportHandler.java:processPipelineReport(119)) - Pipeline PipelineID=e5d39dc2-41f7-4bac-b896-4f7f25c04713 reported by a802dc96-981d-402b-abc4-149484258632{ip: 192.168.34.62, host: pr-hdds-1868-lzclr-202649289, networkLocation: /default-rack, certSerialId: null} with leaderId a802dc96-981d-402b-abc4-149484258632
2019-10-17 07:42:44,569 [EventQueue-PipelineReportForPipelineReportHandler] INFO  pipeline.PipelineStateManager (PipelineStateManager.java:openPipeline(134)) - Pipeline Pipeline[ Id: e5d39dc2-41f7-4bac-b896-4f7f25c04713, Nodes: a802dc96-981d-402b-abc4-149484258632{ip: 192.168.34.62, host: pr-hdds-1868-lzclr-202649289, networkLocation: /default-rack, certSerialId: null}, Type:RATIS, Factor:ONE, State:OPEN] moved to OPEN state
2019-10-17 07:42:44,569 [EventQueue-PipelineReportForPipelineReportHandler] INFO  pipeline.PipelineReportHandler (PipelineReportHandler.java:processPipelineReport(119)) - Pipeline PipelineID=5afe2def-bbe7-4222-9096-5a4280cfe399 reported by 950052e4-3e22-47da-9ede-753224ba511d{ip: 192.168.34.62, host: pr-hdds-1868-lzclr-202649289, networkLocation: /default-rack, certSerialId: null} with leaderId 950052e4-3e22-47da-9ede-753224ba511d
2019-10-17 07:42:44,569 [EventQueue-PipelineReportForPipelineReportHandler] INFO  pipeline.PipelineStateManager (PipelineStateManager.java:openPipeline(134)) - Pipeline Pipeline[ Id: 5afe2def-bbe7-4222-9096-5a4280cfe399, Nodes: 950052e4-3e22-47da-9ede-753224ba511d{ip: 192.168.34.62, host: pr-hdds-1868-lzclr-202649289, networkLocation: /default-rack, certSerialId: null}, Type:RATIS, Factor:ONE, State:OPEN] moved to OPEN state
2019-10-17 07:42:44,569 [EventQueue-PipelineReportForPipelineReportHandler] INFO  pipeline.PipelineReportHandler (PipelineReportHandler.java:processPipelineReport(119)) - Pipeline PipelineID=d97424e8-73ee-4f68-bd8c-0b27b5b66cfa reported by 2a93f7e5-ecb9-41da-9c47-70e13ba76d7d{ip: 192.168.34.62, host: pr-hdds-1868-lzclr-202649289, networkLocation: /default-rack, certSerialId: null} with leaderId 2a93f7e5-ecb9-41da-9c47-70e13ba76d7d
2019-10-17 07:42:44,569 [EventQueue-PipelineReportForPipelineReportHandler] INFO  pipeline.PipelineStateManager (PipelineStateManager.java:openPipeline(134)) - Pipeline Pipeline[ Id: d97424e8-73ee-4f68-bd8c-0b27b5b66cfa, Nodes: 2a93f7e5-ecb9-41da-9c47-70e13ba76d7d{ip: 192.168.34.62, host: pr-hdds-1868-lzclr-202649289, networkLocation: /default-rack, certSerialId: null}, Type:RATIS, Factor:ONE, State:OPEN] moved to OPEN state
2019-10-17 07:42:44,569 [EventQueue-PipelineReportForPipelineReportHandler] INFO  pipeline.PipelineReportHandler (PipelineReportHandler.java:processPipelineReport(119)) - Pipeline PipelineID=75e0ba25-9759-4b49-84f6-feb16db33ba8 reported by 24020d0b-ce61-4f5a-b0b0-c561541e8cd4{ip: 192.168.34.62, host: pr-hdds-1868-lzclr-202649289, networkLocation: /default-rack, certSerialId: null} with leaderId 24020d0b-ce61-4f5a-b0b0-c561541e8cd4
2019-10-17 07:42:44,570 [EventQueue-PipelineReportForPipelineReportHandler] INFO  pipeline.PipelineStateManager (PipelineStateManager.java:openPipeline(134)) - Pipeline Pipeline[ Id: 75e0ba25-9759-4b49-84f6-feb16db33ba8, Nodes: 24020d0b-ce61-4f5a-b0b0-c561541e8cd4{ip: 192.168.34.62, host: pr-hdds-1868-lzclr-202649289, networkLocation: /default-rack, certSerialId: null}, Type:RATIS, Factor:ONE, State:OPEN] moved to OPEN state
2019-10-17 07:42:44,575 [24020d0b-ce61-4f5a-b0b0-c561541e8cd4@group-A9EE991D717F-LeaderElection10] INFO  impl.LeaderElection (LeaderElection.java:askForVotes(178)) - 24020d0b-ce61-4f5a-b0b0-c561541e8cd4@group-A9EE991D717F-LeaderElection10: begin an election at term 1 for -1: [37bd8e8c-ea68-4b1c-8659-8d001c4f3b5c:192.168.34.62:41632, 24020d0b-ce61-4f5a-b0b0-c561541e8cd4:192.168.34.62:42892, 2a93f7e5-ecb9-41da-9c47-70e13ba76d7d:192.168.34.62:35412], old=null
2019-10-17 07:42:44,575 [029f6492-d0d3-4359-81c8-d83b80fef939@group-56D8D7603B90-LeaderElection9] INFO  impl.LeaderElection (LeaderElection.java:askForVotes(178)) - 029f6492-d0d3-4359-81c8-d83b80fef939@group-56D8D7603B90-LeaderElection9: begin an election at term 3 for -1: [029f6492-d0d3-4359-81c8-d83b80fef939:192.168.34.62:38839, a802dc96-981d-402b-abc4-149484258632:192.168.34.62:42955, 950052e4-3e22-47da-9ede-753224ba511d:192.168.34.62:44758], old=null
2019-10-17 07:42:44,575 [37bd8e8c-ea68-4b1c-8659-8d001c4f3b5c@group-A9EE991D717F-LeaderElection8] INFO  impl.LeaderElection (LeaderElection.java:askForVotes(178)) - 37bd8e8c-ea68-4b1c-8659-8d001c4f3b5c@group-A9EE991D717F-LeaderElection8: begin an election at term 1 for -1: [37bd8e8c-ea68-4b1c-8659-8d001c4f3b5c:192.168.34.62:41632, 24020d0b-ce61-4f5a-b0b0-c561541e8cd4:192.168.34.62:42892, 2a93f7e5-ecb9-41da-9c47-70e13ba76d7d:192.168.34.62:35412], old=null
2019-10-17 07:42:44,589 [950052e4-3e22-47da-9ede-753224ba511d@group-56D8D7603B90-LeaderElection7] INFO  impl.LeaderElection (LeaderElection.java:logAndReturn(56)) - 950052e4-3e22-47da-9ede-753224ba511d@group-56D8D7603B90-LeaderElection7: Election TIMEOUT; received 1 response(s) [950052e4-3e22-47da-9ede-753224ba511d<-029f6492-d0d3-4359-81c8-d83b80fef939#0:FAIL-t3] and 0 exception(s); 950052e4-3e22-47da-9ede-753224ba511d@group-56D8D7603B90:t3, leader=null, voted=950052e4-3e22-47da-9ede-753224ba511d, raftlog=950052e4-3e22-47da-9ede-753224ba511d@group-56D8D7603B90-SegmentedRaftLog:OPENED:c-1,f-1,i0, conf=-1: [029f6492-d0d3-4359-81c8-d83b80fef939:192.168.34.62:38839, a802dc96-981d-402b-abc4-149484258632:192.168.34.62:42955, 950052e4-3e22-47da-9ede-753224ba511d:192.168.34.62:44758], old=null
2019-10-17 07:42:44,598 [Thread-288] INFO  impl.FollowerState (FollowerState.java:run(108)) - a802dc96-981d-402b-abc4-149484258632@group-56D8D7603B90-FollowerState: change to CANDIDATE, lastRpcTime:45ms, electionTimeout:17ms
2019-10-17 07:42:44,598 [Thread-288] INFO  impl.RoleInfo (RoleInfo.java:shutdownFollowerState(121)) - a802dc96-981d-402b-abc4-149484258632: shutdown FollowerState
2019-10-17 07:42:44,598 [Thread-288] INFO  impl.RaftServerImpl (RaftServerImpl.java:setRole(184)) - a802dc96-981d-402b-abc4-149484258632@group-56D8D7603B90: changes role from  FOLLOWER to CANDIDATE at term 3 for changeToCandidate
2019-10-17 07:42:44,598 [Thread-288] INFO  impl.RoleInfo (RoleInfo.java:updateAndGet(143)) - a802dc96-981d-402b-abc4-149484258632: start LeaderElection
2019-10-17 07:42:44,600 [Thread-278] INFO  impl.FollowerState (FollowerState.java:run(108)) - 2a93f7e5-ecb9-41da-9c47-70e13ba76d7d@group-A9EE991D717F-FollowerState: change to CANDIDATE, lastRpcTime:91ms, electionTimeout:91ms
2019-10-17 07:42:44,601 [029f6492-d0d3-4359-81c8-d83b80fef939@group-56D8D7603B90-LeaderElection9] INFO  impl.LeaderElection (LeaderElection.java:logAndReturn(56)) - 029f6492-d0d3-4359-81c8-d83b80fef939@group-56D8D7603B90-LeaderElection9: Election TIMEOUT; received 0 response(s) [] and 0 exception(s); 029f6492-d0d3-4359-81c8-d83b80fef939@group-56D8D7603B90:t3, leader=null, voted=029f6492-d0d3-4359-81c8-d83b80fef939, raftlog=029f6492-d0d3-4359-81c8-d83b80fef939@group-56D8D7603B90-SegmentedRaftLog:OPENED:c-1,f-1,i0, conf=-1: [029f6492-d0d3-4359-81c8-d83b80fef939:192.168.34.62:38839, a802dc96-981d-402b-abc4-149484258632:192.168.34.62:42955, 950052e4-3e22-47da-9ede-753224ba511d:192.168.34.62:44758], old=null
2019-10-17 07:42:44,601 [Thread-278] INFO  impl.RoleInfo (RoleInfo.java:shutdownFollowerState(121)) - 2a93f7e5-ecb9-41da-9c47-70e13ba76d7d: shutdown FollowerState
2019-10-17 07:42:44,602 [Thread-278] INFO  impl.RaftServerImpl (RaftServerImpl.java:setRole(184)) - 2a93f7e5-ecb9-41da-9c47-70e13ba76d7d@group-A9EE991D717F: changes role from  FOLLOWER to CANDIDATE at term 0 for changeToCandidate
2019-10-17 07:42:44,607 [Thread-278] INFO  impl.RoleInfo (RoleInfo.java:updateAndGet(143)) - 2a93f7e5-ecb9-41da-9c47-70e13ba76d7d: start LeaderElection
2019-10-17 07:42:44,622 [a802dc96-981d-402b-abc4-149484258632@group-56D8D7603B90-LeaderElection11] INFO  impl.LeaderElection (LeaderElection.java:askForVotes(178)) - a802dc96-981d-402b-abc4-149484258632@group-56D8D7603B90-LeaderElection11: begin an election at term 4 for -1: [029f6492-d0d3-4359-81c8-d83b80fef939:192.168.34.62:38839, a802dc96-981d-402b-abc4-149484258632:192.168.34.62:42955, 950052e4-3e22-47da-9ede-753224ba511d:192.168.34.62:44758], old=null
2019-10-17 07:42:44,622 [029f6492-d0d3-4359-81c8-d83b80fef939@group-56D8D7603B90-LeaderElection9] INFO  impl.LeaderElection (LeaderElection.java:askForVotes(178)) - 029f6492-d0d3-4359-81c8-d83b80fef939@group-56D8D7603B90-LeaderElection9: begin an election at term 4 for -1: [029f6492-d0d3-4359-81c8-d83b80fef939:192.168.34.62:38839, a802dc96-981d-402b-abc4-149484258632:192.168.34.62:42955, 950052e4-3e22-47da-9ede-753224ba511d:192.168.34.62:44758], old=null
2019-10-17 07:42:44,623 [950052e4-3e22-47da-9ede-753224ba511d@group-56D8D7603B90-LeaderElection7] INFO  impl.LeaderElection (LeaderElection.java:askForVotes(178)) - 950052e4-3e22-47da-9ede-753224ba511d@group-56D8D7603B90-LeaderElection7: begin an election at term 4 for -1: [029f6492-d0d3-4359-81c8-d83b80fef939:192.168.34.62:38839, a802dc96-981d-402b-abc4-149484258632:192.168.34.62:42955, 950052e4-3e22-47da-9ede-753224ba511d:192.168.34.62:44758], old=null
2019-10-17 07:42:44,642 [2a93f7e5-ecb9-41da-9c47-70e13ba76d7d@group-A9EE991D717F-LeaderElection12] INFO  impl.LeaderElection (LeaderElection.java:askForVotes(178)) - 2a93f7e5-ecb9-41da-9c47-70e13ba76d7d@group-A9EE991D717F-LeaderElection12: begin an election at term 1 for -1: [37bd8e8c-ea68-4b1c-8659-8d001c4f3b5c:192.168.34.62:41632, 24020d0b-ce61-4f5a-b0b0-c561541e8cd4:192.168.34.62:42892, 2a93f7e5-ecb9-41da-9c47-70e13ba76d7d:192.168.34.62:35412], old=null
2019-10-17 07:42:44,650 [37bd8e8c-ea68-4b1c-8659-8d001c4f3b5c@group-A9EE991D717F-LeaderElection8] INFO  impl.LeaderElection (LeaderElection.java:logAndReturn(56)) - 37bd8e8c-ea68-4b1c-8659-8d001c4f3b5c@group-A9EE991D717F-LeaderElection8: Election REJECTED; received 2 response(s) [37bd8e8c-ea68-4b1c-8659-8d001c4f3b5c<-24020d0b-ce61-4f5a-b0b0-c561541e8cd4#0:FAIL-t1, 37bd8e8c-ea68-4b1c-8659-8d001c4f3b5c<-2a93f7e5-ecb9-41da-9c47-70e13ba76d7d#0:FAIL-t1] and 0 exception(s); 37bd8e8c-ea68-4b1c-8659-8d001c4f3b5c@group-A9EE991D717F:t1, leader=null, voted=37bd8e8c-ea68-4b1c-8659-8d001c4f3b5c, raftlog=37bd8e8c-ea68-4b1c-8659-8d001c4f3b5c@group-A9EE991D717F-SegmentedRaftLog:OPENED:c-1,f-1,i0, conf=-1: [37bd8e8c-ea68-4b1c-8659-8d001c4f3b5c:192.168.34.62:41632, 24020d0b-ce61-4f5a-b0b0-c561541e8cd4:192.168.34.62:42892, 2a93f7e5-ecb9-41da-9c47-70e13ba76d7d:192.168.34.62:35412], old=null
2019-10-17 07:42:44,653 [37bd8e8c-ea68-4b1c-8659-8d001c4f3b5c@group-A9EE991D717F-LeaderElection8] INFO  impl.RaftServerImpl (RaftServerImpl.java:setRole(184)) - 37bd8e8c-ea68-4b1c-8659-8d001c4f3b5c@group-A9EE991D717F: changes role from CANDIDATE to FOLLOWER at term 1 for DISCOVERED_A_NEW_TERM
2019-10-17 07:42:44,653 [37bd8e8c-ea68-4b1c-8659-8d001c4f3b5c@group-A9EE991D717F-LeaderElection8] INFO  impl.RoleInfo (RoleInfo.java:shutdownLeaderElection(134)) - 37bd8e8c-ea68-4b1c-8659-8d001c4f3b5c: shutdown LeaderElection
2019-10-17 07:42:44,654 [37bd8e8c-ea68-4b1c-8659-8d001c4f3b5c@group-A9EE991D717F-LeaderElection8] INFO  impl.RoleInfo (RoleInfo.java:updateAndGet(143)) - 37bd8e8c-ea68-4b1c-8659-8d001c4f3b5c: start FollowerState
2019-10-17 07:42:44,657 [950052e4-3e22-47da-9ede-753224ba511d@group-56D8D7603B90-LeaderElection7] INFO  impl.LeaderElection (LeaderElection.java:logAndReturn(56)) - 950052e4-3e22-47da-9ede-753224ba511d@group-56D8D7603B90-LeaderElection7: Election REJECTED; received 2 response(s) [950052e4-3e22-47da-9ede-753224ba511d<-029f6492-d0d3-4359-81c8-d83b80fef939#0:FAIL-t4, 950052e4-3e22-47da-9ede-753224ba511d<-a802dc96-981d-402b-abc4-149484258632#0:FAIL-t4] and 0 exception(s); 950052e4-3e22-47da-9ede-753224ba511d@group-56D8D7603B90:t4, leader=null, voted=950052e4-3e22-47da-9ede-753224ba511d, raftlog=950052e4-3e22-47da-9ede-753224ba511d@group-56D8D7603B90-SegmentedRaftLog:OPENED:c-1,f-1,i0, conf=-1: [029f6492-d0d3-4359-81c8-d83b80fef939:192.168.34.62:38839, a802dc96-981d-402b-abc4-149484258632:192.168.34.62:42955, 950052e4-3e22-47da-9ede-753224ba511d:192.168.34.62:44758], old=null
2019-10-17 07:42:44,658 [950052e4-3e22-47da-9ede-753224ba511d@group-56D8D7603B90-LeaderElection7] INFO  impl.RaftServerImpl (RaftServerImpl.java:setRole(184)) - 950052e4-3e22-47da-9ede-753224ba511d@group-56D8D7603B90: changes role from CANDIDATE to FOLLOWER at term 4 for DISCOVERED_A_NEW_TERM
2019-10-17 07:42:44,660 [950052e4-3e22-47da-9ede-753224ba511d@group-56D8D7603B90-LeaderElection7] INFO  impl.RoleInfo (RoleInfo.java:shutdownLeaderElection(134)) - 950052e4-3e22-47da-9ede-753224ba511d: shutdown LeaderElection
2019-10-17 07:42:44,660 [950052e4-3e22-47da-9ede-753224ba511d@group-56D8D7603B90-LeaderElection7] INFO  impl.RoleInfo (RoleInfo.java:updateAndGet(143)) - 950052e4-3e22-47da-9ede-753224ba511d: start FollowerState
2019-10-17 07:42:44,671 [2a93f7e5-ecb9-41da-9c47-70e13ba76d7d@group-A9EE991D717F-LeaderElection12] INFO  impl.LeaderElection (LeaderElection.java:logAndReturn(56)) - 2a93f7e5-ecb9-41da-9c47-70e13ba76d7d@group-A9EE991D717F-LeaderElection12: Election TIMEOUT; received 0 response(s) [] and 0 exception(s); 2a93f7e5-ecb9-41da-9c47-70e13ba76d7d@group-A9EE991D717F:t1, leader=null, voted=2a93f7e5-ecb9-41da-9c47-70e13ba76d7d, raftlog=2a93f7e5-ecb9-41da-9c47-70e13ba76d7d@group-A9EE991D717F-SegmentedRaftLog:OPENED:c-1,f-1,i0, conf=-1: [37bd8e8c-ea68-4b1c-8659-8d001c4f3b5c:192.168.34.62:41632, 24020d0b-ce61-4f5a-b0b0-c561541e8cd4:192.168.34.62:42892, 2a93f7e5-ecb9-41da-9c47-70e13ba76d7d:192.168.34.62:35412], old=null
2019-10-17 07:42:44,672 [029f6492-d0d3-4359-81c8-d83b80fef939@group-56D8D7603B90-LeaderElection9] INFO  impl.LeaderElection (LeaderElection.java:logAndReturn(56)) - 029f6492-d0d3-4359-81c8-d83b80fef939@group-56D8D7603B90-LeaderElection9: Election REJECTED; received 2 response(s) [029f6492-d0d3-4359-81c8-d83b80fef939<-a802dc96-981d-402b-abc4-149484258632#0:FAIL-t4, 029f6492-d0d3-4359-81c8-d83b80fef939<-950052e4-3e22-47da-9ede-753224ba511d#0:FAIL-t4] and 0 exception(s); 029f6492-d0d3-4359-81c8-d83b80fef939@group-56D8D7603B90:t4, leader=null, voted=029f6492-d0d3-4359-81c8-d83b80fef939, raftlog=029f6492-d0d3-4359-81c8-d83b80fef939@group-56D8D7603B90-SegmentedRaftLog:OPENED:c-1,f-1,i0, conf=-1: [029f6492-d0d3-4359-81c8-d83b80fef939:192.168.34.62:38839, a802dc96-981d-402b-abc4-149484258632:192.168.34.62:42955, 950052e4-3e22-47da-9ede-753224ba511d:192.168.34.62:44758], old=null
2019-10-17 07:42:44,672 [029f6492-d0d3-4359-81c8-d83b80fef939@group-56D8D7603B90-LeaderElection9] INFO  impl.RaftServerImpl (RaftServerImpl.java:setRole(184)) - 029f6492-d0d3-4359-81c8-d83b80fef939@group-56D8D7603B90: changes role from CANDIDATE to FOLLOWER at term 4 for DISCOVERED_A_NEW_TERM
2019-10-17 07:42:44,672 [029f6492-d0d3-4359-81c8-d83b80fef939@group-56D8D7603B90-LeaderElection9] INFO  impl.RoleInfo (RoleInfo.java:shutdownLeaderElection(134)) - 029f6492-d0d3-4359-81c8-d83b80fef939: shutdown LeaderElection
2019-10-17 07:42:44,673 [029f6492-d0d3-4359-81c8-d83b80fef939@group-56D8D7603B90-LeaderElection9] INFO  impl.RoleInfo (RoleInfo.java:updateAndGet(143)) - 029f6492-d0d3-4359-81c8-d83b80fef939: start FollowerState
2019-10-17 07:42:44,674 [24020d0b-ce61-4f5a-b0b0-c561541e8cd4@group-A9EE991D717F-LeaderElection10] INFO  impl.LeaderElection (LeaderElection.java:logAndReturn(56)) - 24020d0b-ce61-4f5a-b0b0-c561541e8cd4@group-A9EE991D717F-LeaderElection10: Election REJECTED; received 2 response(s) [24020d0b-ce61-4f5a-b0b0-c561541e8cd4<-37bd8e8c-ea68-4b1c-8659-8d001c4f3b5c#0:FAIL-t1, 24020d0b-ce61-4f5a-b0b0-c561541e8cd4<-2a93f7e5-ecb9-41da-9c47-70e13ba76d7d#0:FAIL-t1] and 0 exception(s); 24020d0b-ce61-4f5a-b0b0-c561541e8cd4@group-A9EE991D717F:t1, leader=null, voted=24020d0b-ce61-4f5a-b0b0-c561541e8cd4, raftlog=24020d0b-ce61-4f5a-b0b0-c561541e8cd4@group-A9EE991D717F-SegmentedRaftLog:OPENED:c-1,f-1,i0, conf=-1: [37bd8e8c-ea68-4b1c-8659-8d001c4f3b5c:192.168.34.62:41632, 24020d0b-ce61-4f5a-b0b0-c561541e8cd4:192.168.34.62:42892, 2a93f7e5-ecb9-41da-9c47-70e13ba76d7d:192.168.34.62:35412], old=null
2019-10-17 07:42:44,675 [24020d0b-ce61-4f5a-b0b0-c561541e8cd4@group-A9EE991D717F-LeaderElection10] INFO  impl.RaftServerImpl (RaftServerImpl.java:setRole(184)) - 24020d0b-ce61-4f5a-b0b0-c561541e8cd4@group-A9EE991D717F: changes role from CANDIDATE to FOLLOWER at term 1 for DISCOVERED_A_NEW_TERM
2019-10-17 07:42:44,675 [24020d0b-ce61-4f5a-b0b0-c561541e8cd4@group-A9EE991D717F-LeaderElection10] INFO  impl.RoleInfo (RoleInfo.java:shutdownLeaderElection(134)) - 24020d0b-ce61-4f5a-b0b0-c561541e8cd4: shutdown LeaderElection
2019-10-17 07:42:44,675 [24020d0b-ce61-4f5a-b0b0-c561541e8cd4@group-A9EE991D717F-LeaderElection10] INFO  impl.RoleInfo (RoleInfo.java:updateAndGet(143)) - 24020d0b-ce61-4f5a-b0b0-c561541e8cd4: start FollowerState
2019-10-17 07:42:44,683 [a802dc96-981d-402b-abc4-149484258632@group-56D8D7603B90-LeaderElection11] INFO  impl.LeaderElection (LeaderElection.java:logAndReturn(56)) - a802dc96-981d-402b-abc4-149484258632@group-56D8D7603B90-LeaderElection11: Election REJECTED; received 2 response(s) [a802dc96-981d-402b-abc4-149484258632<-029f6492-d0d3-4359-81c8-d83b80fef939#0:FAIL-t4, a802dc96-981d-402b-abc4-149484258632<-950052e4-3e22-47da-9ede-753224ba511d#0:FAIL-t4] and 0 exception(s); a802dc96-981d-402b-abc4-149484258632@group-56D8D7603B90:t4, leader=null, voted=a802dc96-981d-402b-abc4-149484258632, raftlog=a802dc96-981d-402b-abc4-149484258632@group-56D8D7603B90-SegmentedRaftLog:OPENED:c-1,f-1,i0, conf=-1: [029f6492-d0d3-4359-81c8-d83b80fef939:192.168.34.62:38839, a802dc96-981d-402b-abc4-149484258632:192.168.34.62:42955, 950052e4-3e22-47da-9ede-753224ba511d:192.168.34.62:44758], old=null
2019-10-17 07:42:44,684 [a802dc96-981d-402b-abc4-149484258632@group-56D8D7603B90-LeaderElection11] INFO  impl.RaftServerImpl (RaftServerImpl.java:setRole(184)) - a802dc96-981d-402b-abc4-149484258632@group-56D8D7603B90: changes role from CANDIDATE to FOLLOWER at term 4 for DISCOVERED_A_NEW_TERM
2019-10-17 07:42:44,684 [a802dc96-981d-402b-abc4-149484258632@group-56D8D7603B90-LeaderElection11] INFO  impl.RoleInfo (RoleInfo.java:shutdownLeaderElection(134)) - a802dc96-981d-402b-abc4-149484258632: shutdown LeaderElection
2019-10-17 07:42:44,685 [a802dc96-981d-402b-abc4-149484258632@group-56D8D7603B90-LeaderElection11] INFO  impl.RoleInfo (RoleInfo.java:updateAndGet(143)) - a802dc96-981d-402b-abc4-149484258632: start FollowerState
2019-10-17 07:42:44,695 [Thread-305] INFO  impl.FollowerState (FollowerState.java:run(108)) - 37bd8e8c-ea68-4b1c-8659-8d001c4f3b5c@group-A9EE991D717F-FollowerState: change to CANDIDATE, lastRpcTime:41ms, electionTimeout:40ms
2019-10-17 07:42:44,697 [2a93f7e5-ecb9-41da-9c47-70e13ba76d7d@group-A9EE991D717F-LeaderElection12] INFO  impl.LeaderElection (LeaderElection.java:askForVotes(178)) - 2a93f7e5-ecb9-41da-9c47-70e13ba76d7d@group-A9EE991D717F-LeaderElection12: begin an election at term 2 for -1: [37bd8e8c-ea68-4b1c-8659-8d001c4f3b5c:192.168.34.62:41632, 24020d0b-ce61-4f5a-b0b0-c561541e8cd4:192.168.34.62:42892, 2a93f7e5-ecb9-41da-9c47-70e13ba76d7d:192.168.34.62:35412], old=null
2019-10-17 07:42:44,697 [Thread-305] INFO  impl.RoleInfo (RoleInfo.java:shutdownFollowerState(121)) - 37bd8e8c-ea68-4b1c-8659-8d001c4f3b5c: shutdown FollowerState
2019-10-17 07:42:44,697 [Thread-305] INFO  impl.RaftServerImpl (RaftServerImpl.java:setRole(184)) - 37bd8e8c-ea68-4b1c-8659-8d001c4f3b5c@group-A9EE991D717F: changes role from  FOLLOWER to CANDIDATE at term 1 for changeToCandidate
2019-10-17 07:42:44,697 [Thread-305] INFO  impl.RoleInfo (RoleInfo.java:updateAndGet(143)) - 37bd8e8c-ea68-4b1c-8659-8d001c4f3b5c: start LeaderElection
2019-10-17 07:42:44,704 [grpc-default-executor-5] INFO  impl.RaftServerImpl (RaftServerImpl.java:setRole(184)) - 24020d0b-ce61-4f5a-b0b0-c561541e8cd4@group-A9EE991D717F: changes role from  FOLLOWER to FOLLOWER at term 2 for recognizeCandidate:2a93f7e5-ecb9-41da-9c47-70e13ba76d7d
2019-10-17 07:42:44,704 [grpc-default-executor-5] INFO  impl.RoleInfo (RoleInfo.java:shutdownFollowerState(121)) - 24020d0b-ce61-4f5a-b0b0-c561541e8cd4: shutdown FollowerState
2019-10-17 07:42:44,704 [Thread-308] INFO  impl.FollowerState (FollowerState.java:run(117)) - 24020d0b-ce61-4f5a-b0b0-c561541e8cd4@group-A9EE991D717F-FollowerState was interrupted: java.lang.InterruptedException: sleep interrupted
2019-10-17 07:42:44,704 [grpc-default-executor-5] INFO  impl.RoleInfo (RoleInfo.java:updateAndGet(143)) - 24020d0b-ce61-4f5a-b0b0-c561541e8cd4: start FollowerState
2019-10-17 07:42:44,722 [37bd8e8c-ea68-4b1c-8659-8d001c4f3b5c@group-A9EE991D717F-LeaderElection13] INFO  impl.LeaderElection (LeaderElection.java:askForVotes(178)) - 37bd8e8c-ea68-4b1c-8659-8d001c4f3b5c@group-A9EE991D717F-LeaderElection13: begin an election at term 2 for -1: [37bd8e8c-ea68-4b1c-8659-8d001c4f3b5c:192.168.34.62:41632, 24020d0b-ce61-4f5a-b0b0-c561541e8cd4:192.168.34.62:42892, 2a93f7e5-ecb9-41da-9c47-70e13ba76d7d:192.168.34.62:35412], old=null
2019-10-17 07:42:44,725 [2a93f7e5-ecb9-41da-9c47-70e13ba76d7d@group-A9EE991D717F-LeaderElection12] INFO  impl.LeaderElection (LeaderElection.java:logAndReturn(56)) - 2a93f7e5-ecb9-41da-9c47-70e13ba76d7d@group-A9EE991D717F-LeaderElection12: Election PASSED; received 2 response(s) [2a93f7e5-ecb9-41da-9c47-70e13ba76d7d<-37bd8e8c-ea68-4b1c-8659-8d001c4f3b5c#0:FAIL-t2, 2a93f7e5-ecb9-41da-9c47-70e13ba76d7d<-24020d0b-ce61-4f5a-b0b0-c561541e8cd4#0:OK-t2] and 0 exception(s); 2a93f7e5-ecb9-41da-9c47-70e13ba76d7d@group-A9EE991D717F:t2, leader=null, voted=2a93f7e5-ecb9-41da-9c47-70e13ba76d7d, raftlog=2a93f7e5-ecb9-41da-9c47-70e13ba76d7d@group-A9EE991D717F-SegmentedRaftLog:OPENED:c-1,f-1,i0, conf=-1: [37bd8e8c-ea68-4b1c-8659-8d001c4f3b5c:192.168.34.62:41632, 24020d0b-ce61-4f5a-b0b0-c561541e8cd4:192.168.34.62:42892, 2a93f7e5-ecb9-41da-9c47-70e13ba76d7d:192.168.34.62:35412], old=null
2019-10-17 07:42:44,725 [2a93f7e5-ecb9-41da-9c47-70e13ba76d7d@group-A9EE991D717F-LeaderElection12] INFO  impl.RoleInfo (RoleInfo.java:shutdownLeaderElection(134)) - 2a93f7e5-ecb9-41da-9c47-70e13ba76d7d: shutdown LeaderElection
2019-10-17 07:42:44,727 [Thread-313] INFO  impl.FollowerState (FollowerState.java:run(108)) - 24020d0b-ce61-4f5a-b0b0-c561541e8cd4@group-A9EE991D717F-FollowerState: change to CANDIDATE, lastRpcTime:22ms, electionTimeout:20ms
2019-10-17 07:42:44,727 [Thread-307] INFO  impl.FollowerState (FollowerState.java:run(108)) - 029f6492-d0d3-4359-81c8-d83b80fef939@group-56D8D7603B90-FollowerState: change to CANDIDATE, lastRpcTime:54ms, electionTimeout:53ms
2019-10-17 07:42:44,728 [Thread-313] INFO  impl.RoleInfo (RoleInfo.java:shutdownFollowerState(121)) - 24020d0b-ce61-4f5a-b0b0-c561541e8cd4: shutdown FollowerState
2019-10-17 07:42:44,728 [2a93f7e5-ecb9-41da-9c47-70e13ba76d7d@group-A9EE991D717F-LeaderElection12] INFO  impl.RaftServerImpl (RaftServerImpl.java:setRole(184)) - 2a93f7e5-ecb9-41da-9c47-70e13ba76d7d@group-A9EE991D717F: changes role from CANDIDATE to LEADER at term 2 for changeToLeader
2019-10-17 07:42:44,728 [Thread-313] INFO  impl.RaftServerImpl (RaftServerImpl.java:setRole(184)) - 24020d0b-ce61-4f5a-b0b0-c561541e8cd4@group-A9EE991D717F: changes role from  FOLLOWER to CANDIDATE at term 2 for changeToCandidate
2019-10-17 07:42:44,728 [Thread-307] INFO  impl.RoleInfo (RoleInfo.java:shutdownFollowerState(121)) - 029f6492-d0d3-4359-81c8-d83b80fef939: shutdown FollowerState
2019-10-17 07:42:44,729 [2a93f7e5-ecb9-41da-9c47-70e13ba76d7d@group-A9EE991D717F-LeaderElection12] INFO  ratis.XceiverServerRatis (XceiverServerRatis.java:handleLeaderChangedNotification(699)) - Leader change notification received for group: group-A9EE991D717F with new leaderId: 2a93f7e5-ecb9-41da-9c47-70e13ba76d7d
2019-10-17 07:42:44,730 [Thread-307] INFO  impl.RaftServerImpl (RaftServerImpl.java:setRole(184)) - 029f6492-d0d3-4359-81c8-d83b80fef939@group-56D8D7603B90: changes role from  FOLLOWER to CANDIDATE at term 4 for changeToCandidate
2019-10-17 07:42:44,730 [Thread-313] INFO  impl.RoleInfo (RoleInfo.java:updateAndGet(143)) - 24020d0b-ce61-4f5a-b0b0-c561541e8cd4: start LeaderElection
2019-10-17 07:42:44,731 [Thread-307] INFO  impl.RoleInfo (RoleInfo.java:updateAndGet(143)) - 029f6492-d0d3-4359-81c8-d83b80fef939: start LeaderElection
2019-10-17 07:42:44,732 [2a93f7e5-ecb9-41da-9c47-70e13ba76d7d@group-A9EE991D717F-LeaderElection12] INFO  impl.RaftServerImpl (ServerState.java:setLeader(256)) - 2a93f7e5-ecb9-41da-9c47-70e13ba76d7d@group-A9EE991D717F: change Leader from null to 2a93f7e5-ecb9-41da-9c47-70e13ba76d7d at term 2 for becomeLeader, leader elected after 249ms
2019-10-17 07:42:44,737 [2a93f7e5-ecb9-41da-9c47-70e13ba76d7d@group-A9EE991D717F-LeaderElection12] INFO  server.RaftServerConfigKeys (ConfUtils.java:logGet(43)) - raft.server.staging.catchup.gap = 1000 (default)
2019-10-17 07:42:44,737 [2a93f7e5-ecb9-41da-9c47-70e13ba76d7d@group-A9EE991D717F-LeaderElection12] INFO  server.RaftServerConfigKeys (ConfUtils.java:logGet(43)) - raft.server.rpc.sleep.time = 25ms (default)
2019-10-17 07:42:44,738 [2a93f7e5-ecb9-41da-9c47-70e13ba76d7d@group-A9EE991D717F-LeaderElection12] INFO  server.RaftServerConfigKeys (ConfUtils.java:logGet(43)) - raft.server.write.element-limit = 4096 (default)
2019-10-17 07:42:44,745 [2a93f7e5-ecb9-41da-9c47-70e13ba76d7d@group-A9EE991D717F-LeaderElection12] INFO  server.RaftServerConfigKeys (ConfUtils.java:logGet(43)) - raft.server.watch.timeout = 10s (default)
2019-10-17 07:42:44,745 [2a93f7e5-ecb9-41da-9c47-70e13ba76d7d@group-A9EE991D717F-LeaderElection12] INFO  server.RaftServerConfigKeys (ConfUtils.java:logGet(43)) - raft.server.watch.timeout.denomination = 1s (default)
2019-10-17 07:42:44,745 [2a93f7e5-ecb9-41da-9c47-70e13ba76d7d@group-A9EE991D717F-LeaderElection12] INFO  server.RaftServerConfigKeys (ConfUtils.java:logGet(43)) - raft.server.watch.element-limit = 65536 (default)
2019-10-17 07:42:44,746 [EventQueue-PipelineReportForPipelineReportHandler] INFO  pipeline.PipelineReportHandler (PipelineReportHandler.java:processPipelineReport(119)) - Pipeline PipelineID=4019cae6-87b7-45d6-99b0-a9ee991d717f reported by 2a93f7e5-ecb9-41da-9c47-70e13ba76d7d{ip: 192.168.34.62, host: pr-hdds-1868-lzclr-202649289, networkLocation: /default-rack, certSerialId: null} with leaderId 2a93f7e5-ecb9-41da-9c47-70e13ba76d7d
2019-10-17 07:42:44,754 [2a93f7e5-ecb9-41da-9c47-70e13ba76d7d@group-A9EE991D717F-LeaderElection12] INFO  server.RaftServerConfigKeys (ConfUtils.java:logGet(43)) - raft.server.log.appender.snapshot.chunk.size.max = 16MB (=16777216) (default)
2019-10-17 07:42:44,754 [2a93f7e5-ecb9-41da-9c47-70e13ba76d7d@group-A9EE991D717F-LeaderElection12] INFO  server.RaftServerConfigKeys (ConfUtils.java:logGet(43)) - raft.server.log.appender.buffer.byte-limit = 33554432 (custom)
2019-10-17 07:42:44,755 [2a93f7e5-ecb9-41da-9c47-70e13ba76d7d@group-A9EE991D717F-LeaderElection12] INFO  server.RaftServerConfigKeys (ConfUtils.java:logGet(43)) - raft.server.log.appender.buffer.element-limit = 1 (custom)
2019-10-17 07:42:44,760 [2a93f7e5-ecb9-41da-9c47-70e13ba76d7d@group-A9EE991D717F-LeaderElection12] INFO  grpc.GrpcConfigKeys$Server (ConfUtils.java:logGet(43)) - raft.grpc.server.leader.outstanding.appends.max = 128 (default)
2019-10-17 07:42:44,760 [2a93f7e5-ecb9-41da-9c47-70e13ba76d7d@group-A9EE991D717F-LeaderElection12] INFO  server.RaftServerConfigKeys (ConfUtils.java:logGet(43)) - raft.server.rpc.request.timeout = 3000ms (default)
2019-10-17 07:42:44,760 [24020d0b-ce61-4f5a-b0b0-c561541e8cd4@group-A9EE991D717F-LeaderElection14] INFO  impl.LeaderElection (LeaderElection.java:askForVotes(178)) - 24020d0b-ce61-4f5a-b0b0-c561541e8cd4@group-A9EE991D717F-LeaderElection14: begin an election at term 3 for -1: [37bd8e8c-ea68-4b1c-8659-8d001c4f3b5c:192.168.34.62:41632, 24020d0b-ce61-4f5a-b0b0-c561541e8cd4:192.168.34.62:42892, 2a93f7e5-ecb9-41da-9c47-70e13ba76d7d:192.168.34.62:35412], old=null
2019-10-17 07:42:44,760 [029f6492-d0d3-4359-81c8-d83b80fef939@group-56D8D7603B90-LeaderElection15] INFO  impl.LeaderElection (LeaderElection.java:askForVotes(178)) - 029f6492-d0d3-4359-81c8-d83b80fef939@group-56D8D7603B90-LeaderElection15: begin an election at term 5 for -1: [029f6492-d0d3-4359-81c8-d83b80fef939:192.168.34.62:38839, a802dc96-981d-402b-abc4-149484258632:192.168.34.62:42955, 950052e4-3e22-47da-9ede-753224ba511d:192.168.34.62:44758], old=null
2019-10-17 07:42:44,760 [2a93f7e5-ecb9-41da-9c47-70e13ba76d7d@group-A9EE991D717F-LeaderElection12] INFO  server.RaftServerConfigKeys (ConfUtils.java:logGet(43)) - raft.server.log.appender.install.snapshot.enabled = false (custom)
2019-10-17 07:42:44,765 [grpc-default-executor-5] INFO  impl.RaftServerImpl (RaftServerImpl.java:setRole(184)) - 37bd8e8c-ea68-4b1c-8659-8d001c4f3b5c@group-A9EE991D717F: changes role from CANDIDATE to FOLLOWER at term 3 for recognizeCandidate:24020d0b-ce61-4f5a-b0b0-c561541e8cd4
2019-10-17 07:42:44,765 [grpc-default-executor-5] INFO  impl.RoleInfo (RoleInfo.java:shutdownLeaderElection(134)) - 37bd8e8c-ea68-4b1c-8659-8d001c4f3b5c: shutdown LeaderElection
2019-10-17 07:42:44,765 [grpc-default-executor-5] INFO  impl.RoleInfo (RoleInfo.java:updateAndGet(143)) - 37bd8e8c-ea68-4b1c-8659-8d001c4f3b5c: start FollowerState
2019-10-17 07:42:44,772 [grpc-default-executor-4] INFO  impl.RaftServerImpl (RaftServerImpl.java:setRole(184)) - 950052e4-3e22-47da-9ede-753224ba511d@group-56D8D7603B90: changes role from  FOLLOWER to FOLLOWER at term 5 for recognizeCandidate:029f6492-d0d3-4359-81c8-d83b80fef939
2019-10-17 07:42:44,773 [grpc-default-executor-2] INFO  impl.RaftServerImpl (RaftServerImpl.java:setRole(184)) - a802dc96-981d-402b-abc4-149484258632@group-56D8D7603B90: changes role from  FOLLOWER to FOLLOWER at term 5 for recognizeCandidate:029f6492-d0d3-4359-81c8-d83b80fef939
2019-10-17 07:42:44,773 [grpc-default-executor-4] INFO  impl.RoleInfo (RoleInfo.java:shutdownFollowerState(121)) - 950052e4-3e22-47da-9ede-753224ba511d: shutdown FollowerState
2019-10-17 07:42:44,773 [grpc-default-executor-2] INFO  impl.RoleInfo (RoleInfo.java:shutdownFollowerState(121)) - a802dc96-981d-402b-abc4-149484258632: shutdown FollowerState
2019-10-17 07:42:44,773 [Thread-306] INFO  impl.FollowerState (FollowerState.java:run(117)) - 950052e4-3e22-47da-9ede-753224ba511d@group-56D8D7603B90-FollowerState was interrupted: java.lang.InterruptedException: sleep interrupted
2019-10-17 07:42:44,773 [grpc-default-executor-2] INFO  impl.RoleInfo (RoleInfo.java:updateAndGet(143)) - a802dc96-981d-402b-abc4-149484258632: start FollowerState
2019-10-17 07:42:44,773 [Thread-309] INFO  impl.FollowerState (FollowerState.java:run(117)) - a802dc96-981d-402b-abc4-149484258632@group-56D8D7603B90-FollowerState was interrupted: java.lang.InterruptedException: sleep interrupted
2019-10-17 07:42:44,773 [grpc-default-executor-4] INFO  impl.RoleInfo (RoleInfo.java:updateAndGet(143)) - 950052e4-3e22-47da-9ede-753224ba511d: start FollowerState
2019-10-17 07:42:44,773 [2a93f7e5-ecb9-41da-9c47-70e13ba76d7d@group-A9EE991D717F-LeaderElection12] INFO  server.RaftServerConfigKeys (ConfUtils.java:logGet(43)) - raft.server.log.appender.snapshot.chunk.size.max = 16MB (=16777216) (default)
2019-10-17 07:42:44,774 [2a93f7e5-ecb9-41da-9c47-70e13ba76d7d@group-A9EE991D717F-LeaderElection12] INFO  server.RaftServerConfigKeys (ConfUtils.java:logGet(43)) - raft.server.log.appender.buffer.byte-limit = 33554432 (custom)
2019-10-17 07:42:44,774 [2a93f7e5-ecb9-41da-9c47-70e13ba76d7d@group-A9EE991D717F-LeaderElection12] INFO  server.RaftServerConfigKeys (ConfUtils.java:logGet(43)) - raft.server.log.appender.buffer.element-limit = 1 (custom)
2019-10-17 07:42:44,774 [2a93f7e5-ecb9-41da-9c47-70e13ba76d7d@group-A9EE991D717F-LeaderElection12] INFO  grpc.GrpcConfigKeys$Server (ConfUtils.java:logGet(43)) - raft.grpc.server.leader.outstanding.appends.max = 128 (default)
2019-10-17 07:42:44,774 [2a93f7e5-ecb9-41da-9c47-70e13ba76d7d@group-A9EE991D717F-LeaderElection12] INFO  server.RaftServerConfigKeys (ConfUtils.java:logGet(43)) - raft.server.rpc.request.timeout = 3000ms (default)
2019-10-17 07:42:44,775 [2a93f7e5-ecb9-41da-9c47-70e13ba76d7d@group-A9EE991D717F-LeaderElection12] INFO  server.RaftServerConfigKeys (ConfUtils.java:logGet(43)) - raft.server.log.appender.install.snapshot.enabled = false (custom)
2019-10-17 07:42:44,782 [029f6492-d0d3-4359-81c8-d83b80fef939@group-56D8D7603B90-LeaderElection15] INFO  impl.LeaderElection (LeaderElection.java:logAndReturn(56)) - 029f6492-d0d3-4359-81c8-d83b80fef939@group-56D8D7603B90-LeaderElection15: Election TIMEOUT; received 0 response(s) [] and 0 exception(s); 029f6492-d0d3-4359-81c8-d83b80fef939@group-56D8D7603B90:t5, leader=null, voted=029f6492-d0d3-4359-81c8-d83b80fef939, raftlog=029f6492-d0d3-4359-81c8-d83b80fef939@group-56D8D7603B90-SegmentedRaftLog:OPENED:c-1,f-1,i0, conf=-1: [029f6492-d0d3-4359-81c8-d83b80fef939:192.168.34.62:38839, a802dc96-981d-402b-abc4-149484258632:192.168.34.62:42955, 950052e4-3e22-47da-9ede-753224ba511d:192.168.34.62:44758], old=null
2019-10-17 07:42:44,782 [2a93f7e5-ecb9-41da-9c47-70e13ba76d7d@group-A9EE991D717F-LeaderElection12] INFO  impl.RoleInfo (RoleInfo.java:updateAndGet(143)) - 2a93f7e5-ecb9-41da-9c47-70e13ba76d7d: start LeaderState
2019-10-17 07:42:44,783 [2a93f7e5-ecb9-41da-9c47-70e13ba76d7d@group-A9EE991D717F-LeaderElection12] INFO  segmented.SegmentedRaftLogWorker (SegmentedRaftLogWorker.java:startLogSegment(385)) - 2a93f7e5-ecb9-41da-9c47-70e13ba76d7d@group-A9EE991D717F-SegmentedRaftLogWorker: Starting segment from index:0
2019-10-17 07:42:44,784 [2a93f7e5-ecb9-41da-9c47-70e13ba76d7d@group-A9EE991D717F-LeaderElection12] INFO  impl.RaftServerImpl (ServerState.java:setRaftConf(357)) - 2a93f7e5-ecb9-41da-9c47-70e13ba76d7d@group-A9EE991D717F: set configuration 0: [37bd8e8c-ea68-4b1c-8659-8d001c4f3b5c:192.168.34.62:41632, 24020d0b-ce61-4f5a-b0b0-c561541e8cd4:192.168.34.62:42892, 2a93f7e5-ecb9-41da-9c47-70e13ba76d7d:192.168.34.62:35412], old=null at 0
2019-10-17 07:42:44,784 [grpc-default-executor-1] INFO  impl.RaftServerImpl (ServerState.java:setLeader(256)) - 2a93f7e5-ecb9-41da-9c47-70e13ba76d7d@group-A9EE991D717F: change Leader from 2a93f7e5-ecb9-41da-9c47-70e13ba76d7d to null at term 3 for updateCurrentTerm
2019-10-17 07:42:44,821 [grpc-default-executor-1] INFO  impl.RaftServerImpl (RaftServerImpl.java:setRole(184)) - 2a93f7e5-ecb9-41da-9c47-70e13ba76d7d@group-A9EE991D717F: changes role from    LEADER to FOLLOWER at term 3 for recognizeCandidate:24020d0b-ce61-4f5a-b0b0-c561541e8cd4
2019-10-17 07:42:44,822 [Thread-325] INFO  impl.FollowerState (FollowerState.java:run(108)) - 950052e4-3e22-47da-9ede-753224ba511d@group-56D8D7603B90-FollowerState: change to CANDIDATE, lastRpcTime:48ms, electionTimeout:39ms
2019-10-17 07:42:44,822 [Thread-326] INFO  impl.FollowerState (FollowerState.java:run(108)) - a802dc96-981d-402b-abc4-149484258632@group-56D8D7603B90-FollowerState: change to CANDIDATE, lastRpcTime:48ms, electionTimeout:5ms
2019-10-17 07:42:44,822 [grpc-default-executor-1] INFO  impl.RoleInfo (RoleInfo.java:shutdownLeaderState(104)) - 2a93f7e5-ecb9-41da-9c47-70e13ba76d7d: shutdown LeaderState
2019-10-17 07:42:44,822 [029f6492-d0d3-4359-81c8-d83b80fef939@group-56D8D7603B90-LeaderElection15] INFO  impl.LeaderElection (LeaderElection.java:askForVotes(178)) - 029f6492-d0d3-4359-81c8-d83b80fef939@group-56D8D7603B90-LeaderElection15: begin an election at term 6 for -1: [029f6492-d0d3-4359-81c8-d83b80fef939:192.168.34.62:38839, a802dc96-981d-402b-abc4-149484258632:192.168.34.62:42955, 950052e4-3e22-47da-9ede-753224ba511d:192.168.34.62:44758], old=null
2019-10-17 07:42:44,822 [Thread-326] INFO  impl.RoleInfo (RoleInfo.java:shutdownFollowerState(121)) - a802dc96-981d-402b-abc4-149484258632: shutdown FollowerState
2019-10-17 07:42:44,822 [Thread-325] INFO  impl.RoleInfo (RoleInfo.java:shutdownFollowerState(121)) - 950052e4-3e22-47da-9ede-753224ba511d: shutdown FollowerState
2019-10-17 07:42:44,823 [Thread-326] INFO  impl.RaftServerImpl (RaftServerImpl.java:setRole(184)) - a802dc96-981d-402b-abc4-149484258632@group-56D8D7603B90: changes role from  FOLLOWER to CANDIDATE at term 5 for changeToCandidate
2019-10-17 07:42:44,826 [Thread-325] INFO  impl.RaftServerImpl (RaftServerImpl.java:setRole(184)) - 950052e4-3e22-47da-9ede-753224ba511d@group-56D8D7603B90: changes role from  FOLLOWER to CANDIDATE at term 5 for changeToCandidate
2019-10-17 07:42:44,826 [Thread-326] INFO  impl.RoleInfo (RoleInfo.java:updateAndGet(143)) - a802dc96-981d-402b-abc4-149484258632: start LeaderElection
2019-10-17 07:42:44,826 [Thread-325] INFO  impl.RoleInfo (RoleInfo.java:updateAndGet(143)) - 950052e4-3e22-47da-9ede-753224ba511d: start LeaderElection
2019-10-17 07:42:44,828 [grpc-default-executor-1] INFO  impl.PendingRequests (PendingRequests.java:sendNotLeaderResponses(202)) - 2a93f7e5-ecb9-41da-9c47-70e13ba76d7d@group-A9EE991D717F-PendingRequests: sendNotLeaderResponses
2019-10-17 07:42:44,835 [grpc-default-executor-1] INFO  impl.RoleInfo (RoleInfo.java:updateAndGet(143)) - 2a93f7e5-ecb9-41da-9c47-70e13ba76d7d: start FollowerState
2019-10-17 07:42:44,844 [org.apache.ratis.server.impl.LogAppender$AppenderDaemon$$Lambda$428/1016678028@1891190b] WARN  server.GrpcLogAppender (GrpcLogAppender.java:mayWait(149)) - 2a93f7e5-ecb9-41da-9c47-70e13ba76d7d@group-A9EE991D717F->37bd8e8c-ea68-4b1c-8659-8d001c4f3b5c-GrpcLogAppender: Wait interrupted by java.lang.InterruptedException
2019-10-17 07:42:44,844 [2a93f7e5-ecb9-41da-9c47-70e13ba76d7d@group-A9EE991D717F-SegmentedRaftLogWorker] INFO  segmented.SegmentedRaftLogWorker (SegmentedRaftLogWorker.java:execute(576)) - 2a93f7e5-ecb9-41da-9c47-70e13ba76d7d@group-A9EE991D717F-SegmentedRaftLogWorker: created new log segment /workdir/hadoop-ozone/integration-test/target/test-dir/MiniOzoneClusterImpl-87e8d78b-2c25-4827-9c34-ee9c99992073/datanode-3/data/ratis/4019cae6-87b7-45d6-99b0-a9ee991d717f/current/log_inprogress_0
2019-10-17 07:42:44,844 [org.apache.ratis.server.impl.LogAppender$AppenderDaemon$$Lambda$428/1016678028@ac7329a] WARN  server.GrpcLogAppender (GrpcLogAppender.java:mayWait(149)) - 2a93f7e5-ecb9-41da-9c47-70e13ba76d7d@group-A9EE991D717F->24020d0b-ce61-4f5a-b0b0-c561541e8cd4-GrpcLogAppender: Wait interrupted by java.lang.InterruptedException
2019-10-17 07:42:44,853 [grpc-default-executor-6] INFO  server.GrpcServerProtocolService (GrpcServerProtocolService.java:onCompleted(113)) - 24020d0b-ce61-4f5a-b0b0-c561541e8cd4: Completed APPEND_ENTRIES, lastRequest: null
2019-10-17 07:42:44,853 [grpc-default-executor-5] INFO  server.GrpcServerProtocolService (GrpcServerProtocolService.java:onCompleted(113)) - 37bd8e8c-ea68-4b1c-8659-8d001c4f3b5c: Completed APPEND_ENTRIES, lastRequest: null
2019-10-17 07:42:44,855 [grpc-default-executor-6] INFO  server.GrpcLogAppender (GrpcLogAppender.java:onCompleted(308)) - 2a93f7e5-ecb9-41da-9c47-70e13ba76d7d@group-A9EE991D717F->24020d0b-ce61-4f5a-b0b0-c561541e8cd4-AppendLogResponseHandler: follower responses appendEntries COMPLETED
2019-10-17 07:42:44,855 [grpc-default-executor-5] INFO  server.GrpcLogAppender (GrpcLogAppender.java:onCompleted(308)) - 2a93f7e5-ecb9-41da-9c47-70e13ba76d7d@group-A9EE991D717F->37bd8e8c-ea68-4b1c-8659-8d001c4f3b5c-AppendLogResponseHandler: follower responses appendEntries COMPLETED
2019-10-17 07:42:44,860 [a802dc96-981d-402b-abc4-149484258632@group-56D8D7603B90-LeaderElection16] INFO  impl.LeaderElection (LeaderElection.java:askForVotes(178)) - a802dc96-981d-402b-abc4-149484258632@group-56D8D7603B90-LeaderElection16: begin an election at term 6 for -1: [029f6492-d0d3-4359-81c8-d83b80fef939:192.168.34.62:38839, a802dc96-981d-402b-abc4-149484258632:192.168.34.62:42955, 950052e4-3e22-47da-9ede-753224ba511d:192.168.34.62:44758], old=null
2019-10-17 07:42:44,860 [950052e4-3e22-47da-9ede-753224ba511d@group-56D8D7603B90-LeaderElection17] INFO  impl.LeaderElection (LeaderElection.java:askForVotes(178)) - 950052e4-3e22-47da-9ede-753224ba511d@group-56D8D7603B90-LeaderElection17: begin an election at term 6 for -1: [029f6492-d0d3-4359-81c8-d83b80fef939:192.168.34.62:38839, a802dc96-981d-402b-abc4-149484258632:192.168.34.62:42955, 950052e4-3e22-47da-9ede-753224ba511d:192.168.34.62:44758], old=null
2019-10-17 07:42:44,861 [grpc-default-executor-6] INFO  impl.FollowerInfo (FollowerInfo.java:lambda$new$0(51)) - 2a93f7e5-ecb9-41da-9c47-70e13ba76d7d@group-A9EE991D717F->24020d0b-ce61-4f5a-b0b0-c561541e8cd4: nextIndex: updateUnconditionally 0 -> 0
2019-10-17 07:42:44,861 [grpc-default-executor-5] INFO  impl.FollowerInfo (FollowerInfo.java:lambda$new$0(51)) - 2a93f7e5-ecb9-41da-9c47-70e13ba76d7d@group-A9EE991D717F->37bd8e8c-ea68-4b1c-8659-8d001c4f3b5c: nextIndex: updateUnconditionally 0 -> 0
2019-10-17 07:42:44,864 [24020d0b-ce61-4f5a-b0b0-c561541e8cd4@group-A9EE991D717F-LeaderElection14] INFO  impl.LeaderElection (LeaderElection.java:logAndReturn(56)) - 24020d0b-ce61-4f5a-b0b0-c561541e8cd4@group-A9EE991D717F-LeaderElection14: Election REJECTED; received 2 response(s) [24020d0b-ce61-4f5a-b0b0-c561541e8cd4<-37bd8e8c-ea68-4b1c-8659-8d001c4f3b5c#0:FAIL-t3, 24020d0b-ce61-4f5a-b0b0-c561541e8cd4<-2a93f7e5-ecb9-41da-9c47-70e13ba76d7d#0:FAIL-t3] and 0 exception(s); 24020d0b-ce61-4f5a-b0b0-c561541e8cd4@group-A9EE991D717F:t3, leader=null, voted=24020d0b-ce61-4f5a-b0b0-c561541e8cd4, raftlog=24020d0b-ce61-4f5a-b0b0-c561541e8cd4@group-A9EE991D717F-SegmentedRaftLog:OPENED:c-1,f-1,i0, conf=-1: [37bd8e8c-ea68-4b1c-8659-8d001c4f3b5c:192.168.34.62:41632, 24020d0b-ce61-4f5a-b0b0-c561541e8cd4:192.168.34.62:42892, 2a93f7e5-ecb9-41da-9c47-70e13ba76d7d:192.168.34.62:35412], old=null
2019-10-17 07:42:44,864 [37bd8e8c-ea68-4b1c-8659-8d001c4f3b5c@group-A9EE991D717F-LeaderElection13] INFO  impl.LeaderElection (LeaderElection.java:logAndReturn(56)) - 37bd8e8c-ea68-4b1c-8659-8d001c4f3b5c@group-A9EE991D717F-LeaderElection13: Election DISCOVERED_A_NEW_TERM; received 2 response(s) [37bd8e8c-ea68-4b1c-8659-8d001c4f3b5c<-24020d0b-ce61-4f5a-b0b0-c561541e8cd4#0:FAIL-t2, 37bd8e8c-ea68-4b1c-8659-8d001c4f3b5c<-2a93f7e5-ecb9-41da-9c47-70e13ba76d7d#0:FAIL-t3] and 0 exception(s); 37bd8e8c-ea68-4b1c-8659-8d001c4f3b5c@group-A9EE991D717F:t3, leader=null, voted=null, raftlog=37bd8e8c-ea68-4b1c-8659-8d001c4f3b5c@group-A9EE991D717F-SegmentedRaftLog:OPENED:c-1,f-1,i0, conf=-1: [37bd8e8c-ea68-4b1c-8659-8d001c4f3b5c:192.168.34.62:41632, 24020d0b-ce61-4f5a-b0b0-c561541e8cd4:192.168.34.62:42892, 2a93f7e5-ecb9-41da-9c47-70e13ba76d7d:192.168.34.62:35412], old=null
2019-10-17 07:42:44,864 [24020d0b-ce61-4f5a-b0b0-c561541e8cd4@group-A9EE991D717F-LeaderElection14] INFO  impl.RaftServerImpl (RaftServerImpl.java:setRole(184)) - 24020d0b-ce61-4f5a-b0b0-c561541e8cd4@group-A9EE991D717F: changes role from CANDIDATE to FOLLOWER at term 3 for DISCOVERED_A_NEW_TERM
2019-10-17 07:42:44,868 [24020d0b-ce61-4f5a-b0b0-c561541e8cd4@group-A9EE991D717F-LeaderElection14] INFO  impl.RoleInfo (RoleInfo.java:shutdownLeaderElection(134)) - 24020d0b-ce61-4f5a-b0b0-c561541e8cd4: shutdown LeaderElection
2019-10-17 07:42:44,869 [24020d0b-ce61-4f5a-b0b0-c561541e8cd4@group-A9EE991D717F-LeaderElection14] INFO  impl.RoleInfo (RoleInfo.java:updateAndGet(143)) - 24020d0b-ce61-4f5a-b0b0-c561541e8cd4: start FollowerState
2019-10-17 07:42:44,872 [029f6492-d0d3-4359-81c8-d83b80fef939@group-56D8D7603B90-LeaderElection15] INFO  impl.LeaderElection (LeaderElection.java:logAndReturn(56)) - 029f6492-d0d3-4359-81c8-d83b80fef939@group-56D8D7603B90-LeaderElection15: Election REJECTED; received 2 response(s) [029f6492-d0d3-4359-81c8-d83b80fef939<-a802dc96-981d-402b-abc4-149484258632#0:FAIL-t6, 029f6492-d0d3-4359-81c8-d83b80fef939<-950052e4-3e22-47da-9ede-753224ba511d#0:FAIL-t6] and 0 exception(s); 029f6492-d0d3-4359-81c8-d83b80fef939@group-56D8D7603B90:t6, leader=null, voted=029f6492-d0d3-4359-81c8-d83b80fef939, raftlog=029f6492-d0d3-4359-81c8-d83b80fef939@group-56D8D7603B90-SegmentedRaftLog:OPENED:c-1,f-1,i0, conf=-1: [029f6492-d0d3-4359-81c8-d83b80fef939:192.168.34.62:38839, a802dc96-981d-402b-abc4-149484258632:192.168.34.62:42955, 950052e4-3e22-47da-9ede-753224ba511d:192.168.34.62:44758], old=null
2019-10-17 07:42:44,873 [029f6492-d0d3-4359-81c8-d83b80fef939@group-56D8D7603B90-LeaderElection15] INFO  impl.RaftServerImpl (RaftServerImpl.java:setRole(184)) - 029f6492-d0d3-4359-81c8-d83b80fef939@group-56D8D7603B90: changes role from CANDIDATE to FOLLOWER at term 6 for DISCOVERED_A_NEW_TERM
2019-10-17 07:42:44,875 [029f6492-d0d3-4359-81c8-d83b80fef939@group-56D8D7603B90-LeaderElection15] INFO  impl.RoleInfo (RoleInfo.java:shutdownLeaderElection(134)) - 029f6492-d0d3-4359-81c8-d83b80fef939: shutdown LeaderElection
2019-10-17 07:42:44,875 [029f6492-d0d3-4359-81c8-d83b80fef939@group-56D8D7603B90-LeaderElection15] INFO  impl.RoleInfo (RoleInfo.java:updateAndGet(143)) - 029f6492-d0d3-4359-81c8-d83b80fef939: start FollowerState
2019-10-17 07:42:44,881 [a802dc96-981d-402b-abc4-149484258632@group-56D8D7603B90-LeaderElection16] INFO  impl.LeaderElection (LeaderElection.java:logAndReturn(56)) - a802dc96-981d-402b-abc4-149484258632@group-56D8D7603B90-LeaderElection16: Election REJECTED; received 2 response(s) [a802dc96-981d-402b-abc4-149484258632<-029f6492-d0d3-4359-81c8-d83b80fef939#0:FAIL-t6, a802dc96-981d-402b-abc4-149484258632<-950052e4-3e22-47da-9ede-753224ba511d#0:FAIL-t6] and 0 exception(s); a802dc96-981d-402b-abc4-149484258632@group-56D8D7603B90:t6, leader=null, voted=a802dc96-981d-402b-abc4-149484258632, raftlog=a802dc96-981d-402b-abc4-149484258632@group-56D8D7603B90-SegmentedRaftLog:OPENED:c-1,f-1,i0, conf=-1: [029f6492-d0d3-4359-81c8-d83b80fef939:192.168.34.62:38839, a802dc96-981d-402b-abc4-149484258632:192.168.34.62:42955, 950052e4-3e22-47da-9ede-753224ba511d:192.168.34.62:44758], old=null
2019-10-17 07:42:44,883 [a802dc96-981d-402b-abc4-149484258632@group-56D8D7603B90-LeaderElection16] INFO  impl.RaftServerImpl (RaftServerImpl.java:setRole(184)) - a802dc96-981d-402b-abc4-149484258632@group-56D8D7603B90: changes role from CANDIDATE to FOLLOWER at term 6 for DISCOVERED_A_NEW_TERM
2019-10-17 07:42:44,884 [a802dc96-981d-402b-abc4-149484258632@group-56D8D7603B90-LeaderElection16] INFO  impl.RoleInfo (RoleInfo.java:shutdownLeaderElection(134)) - a802dc96-981d-402b-abc4-149484258632: shutdown LeaderElection
2019-10-17 07:42:44,884 [950052e4-3e22-47da-9ede-753224ba511d@group-56D8D7603B90-LeaderElection17] INFO  impl.LeaderElection (LeaderElection.java:logAndReturn(56)) - 950052e4-3e22-47da-9ede-753224ba511d@group-56D8D7603B90-LeaderElection17: Election REJECTED; received 2 response(s) [950052e4-3e22-47da-9ede-753224ba511d<-029f6492-d0d3-4359-81c8-d83b80fef939#0:FAIL-t6, 950052e4-3e22-47da-9ede-753224ba511d<-a802dc96-981d-402b-abc4-149484258632#0:FAIL-t6] and 0 exception(s); 950052e4-3e22-47da-9ede-753224ba511d@group-56D8D7603B90:t6, leader=null, voted=950052e4-3e22-47da-9ede-753224ba511d, raftlog=950052e4-3e22-47da-9ede-753224ba511d@group-56D8D7603B90-SegmentedRaftLog:OPENED:c-1,f-1,i0, conf=-1: [029f6492-d0d3-4359-81c8-d83b80fef939:192.168.34.62:38839, a802dc96-981d-402b-abc4-149484258632:192.168.34.62:42955, 950052e4-3e22-47da-9ede-753224ba511d:192.168.34.62:44758], old=null
2019-10-17 07:42:44,886 [a802dc96-981d-402b-abc4-149484258632@group-56D8D7603B90-LeaderElection16] INFO  impl.RoleInfo (RoleInfo.java:updateAndGet(143)) - a802dc96-981d-402b-abc4-149484258632: start FollowerState
2019-10-17 07:42:44,886 [950052e4-3e22-47da-9ede-753224ba511d@group-56D8D7603B90-LeaderElection17] INFO  impl.RaftServerImpl (RaftServerImpl.java:setRole(184)) - 950052e4-3e22-47da-9ede-753224ba511d@group-56D8D7603B90: changes role from CANDIDATE to FOLLOWER at term 6 for DISCOVERED_A_NEW_TERM
2019-10-17 07:42:44,893 [950052e4-3e22-47da-9ede-753224ba511d@group-56D8D7603B90-LeaderElection17] INFO  impl.RoleInfo (RoleInfo.java:shutdownLeaderElection(134)) - 950052e4-3e22-47da-9ede-753224ba511d: shutdown LeaderElection
2019-10-17 07:42:44,893 [950052e4-3e22-47da-9ede-753224ba511d@group-56D8D7603B90-LeaderElection17] INFO  impl.RoleInfo (RoleInfo.java:updateAndGet(143)) - 950052e4-3e22-47da-9ede-753224ba511d: start FollowerState
2019-10-17 07:42:44,903 [Thread-338] INFO  impl.FollowerState (FollowerState.java:run(108)) - 029f6492-d0d3-4359-81c8-d83b80fef939@group-56D8D7603B90-FollowerState: change to CANDIDATE, lastRpcTime:28ms, electionTimeout:27ms
2019-10-17 07:42:44,904 [Thread-338] INFO  impl.RoleInfo (RoleInfo.java:shutdownFollowerState(121)) - 029f6492-d0d3-4359-81c8-d83b80fef939: shutdown FollowerState
2019-10-17 07:42:44,904 [Thread-338] INFO  impl.RaftServerImpl (RaftServerImpl.java:setRole(184)) - 029f6492-d0d3-4359-81c8-d83b80fef939@group-56D8D7603B90: changes role from  FOLLOWER to CANDIDATE at term 6 for changeToCandidate
2019-10-17 07:42:44,904 [Thread-338] INFO  impl.RoleInfo (RoleInfo.java:updateAndGet(143)) - 029f6492-d0d3-4359-81c8-d83b80fef939: start LeaderElection
2019-10-17 07:42:44,929 [Thread-339] INFO  impl.FollowerState (FollowerState.java:run(108)) - a802dc96-981d-402b-abc4-149484258632@group-56D8D7603B90-FollowerState: change to CANDIDATE, lastRpcTime:43ms, electionTimeout:36ms
2019-10-17 07:42:44,929 [Thread-339] INFO  impl.RoleInfo (RoleInfo.java:shutdownFollowerState(121)) - a802dc96-981d-402b-abc4-149484258632: shutdown FollowerState
2019-10-17 07:42:44,929 [029f6492-d0d3-4359-81c8-d83b80fef939@group-56D8D7603B90-LeaderElection18] INFO  impl.LeaderElection (LeaderElection.java:askForVotes(178)) - 029f6492-d0d3-4359-81c8-d83b80fef939@group-56D8D7603B90-LeaderElection18: begin an election at term 7 for -1: [029f6492-d0d3-4359-81c8-d83b80fef939:192.168.34.62:38839, a802dc96-981d-402b-abc4-149484258632:192.168.34.62:42955, 950052e4-3e22-47da-9ede-753224ba511d:192.168.34.62:44758], old=null
2019-10-17 07:42:44,929 [Thread-339] INFO  impl.RaftServerImpl (RaftServerImpl.java:setRole(184)) - a802dc96-981d-402b-abc4-149484258632@group-56D8D7603B90: changes role from  FOLLOWER to CANDIDATE at term 6 for changeToCandidate
2019-10-17 07:42:44,930 [Thread-339] INFO  impl.RoleInfo (RoleInfo.java:updateAndGet(143)) - a802dc96-981d-402b-abc4-149484258632: start LeaderElection
2019-10-17 07:42:44,935 [grpc-default-executor-6] INFO  impl.RaftServerImpl (RaftServerImpl.java:setRole(184)) - 950052e4-3e22-47da-9ede-753224ba511d@group-56D8D7603B90: changes role from  FOLLOWER to FOLLOWER at term 7 for recognizeCandidate:029f6492-d0d3-4359-81c8-d83b80fef939
2019-10-17 07:42:44,935 [grpc-default-executor-6] INFO  impl.RoleInfo (RoleInfo.java:shutdownFollowerState(121)) - 950052e4-3e22-47da-9ede-753224ba511d: shutdown FollowerState
2019-10-17 07:42:44,935 [grpc-default-executor-6] INFO  impl.RoleInfo (RoleInfo.java:updateAndGet(143)) - 950052e4-3e22-47da-9ede-753224ba511d: start FollowerState
2019-10-17 07:42:44,935 [Thread-340] INFO  impl.FollowerState (FollowerState.java:run(117)) - 950052e4-3e22-47da-9ede-753224ba511d@group-56D8D7603B90-FollowerState was interrupted: java.lang.InterruptedException: sleep interrupted
2019-10-17 07:42:44,955 [Thread-324] INFO  impl.FollowerState (FollowerState.java:run(108)) - 37bd8e8c-ea68-4b1c-8659-8d001c4f3b5c@group-A9EE991D717F-FollowerState: change to CANDIDATE, lastRpcTime:189ms, electionTimeout:182ms
2019-10-17 07:42:44,955 [Thread-324] INFO  impl.RoleInfo (RoleInfo.java:shutdownFollowerState(121)) - 37bd8e8c-ea68-4b1c-8659-8d001c4f3b5c: shutdown FollowerState
2019-10-17 07:42:44,955 [Thread-324] INFO  impl.RaftServerImpl (RaftServerImpl.java:setRole(184)) - 37bd8e8c-ea68-4b1c-8659-8d001c4f3b5c@group-A9EE991D717F: changes role from  FOLLOWER to CANDIDATE at term 3 for changeToCandidate
2019-10-17 07:42:44,955 [Thread-324] INFO  impl.RoleInfo (RoleInfo.java:updateAndGet(143)) - 37bd8e8c-ea68-4b1c-8659-8d001c4f3b5c: start LeaderElection
2019-10-17 07:42:44,955 [a802dc96-981d-402b-abc4-149484258632@group-56D8D7603B90-LeaderElection19] INFO  impl.LeaderElection (LeaderElection.java:askForVotes(178)) - a802dc96-981d-402b-abc4-149484258632@group-56D8D7603B90-LeaderElection19: begin an election at term 7 for -1: [029f6492-d0d3-4359-81c8-d83b80fef939:192.168.34.62:38839, a802dc96-981d-402b-abc4-149484258632:192.168.34.62:42955, 950052e4-3e22-47da-9ede-753224ba511d:192.168.34.62:44758], old=null
2019-10-17 07:42:44,955 [Thread-345] INFO  impl.FollowerState (FollowerState.java:run(108)) - 950052e4-3e22-47da-9ede-753224ba511d@group-56D8D7603B90-FollowerState: change to CANDIDATE, lastRpcTime:20ms, electionTimeout:0ms
2019-10-17 07:42:44,957 [Thread-345] INFO  impl.RoleInfo (RoleInfo.java:shutdownFollowerState(121)) - 950052e4-3e22-47da-9ede-753224ba511d: shutdown FollowerState
2019-10-17 07:42:44,958 [Thread-345] INFO  impl.RaftServerImpl (RaftServerImpl.java:setRole(184)) - 950052e4-3e22-47da-9ede-753224ba511d@group-56D8D7603B90: changes role from  FOLLOWER to CANDIDATE at term 7 for changeToCandidate
2019-10-17 07:42:44,958 [Thread-345] INFO  impl.RoleInfo (RoleInfo.java:updateAndGet(143)) - 950052e4-3e22-47da-9ede-753224ba511d: start LeaderElection
2019-10-17 07:42:44,960 [Thread-337] INFO  impl.FollowerState (FollowerState.java:run(108)) - 24020d0b-ce61-4f5a-b0b0-c561541e8cd4@group-A9EE991D717F-FollowerState: change to CANDIDATE, lastRpcTime:91ms, electionTimeout:89ms
2019-10-17 07:42:44,960 [Thread-337] INFO  impl.RoleInfo (RoleInfo.java:shutdownFollowerState(121)) - 24020d0b-ce61-4f5a-b0b0-c561541e8cd4: shutdown FollowerState
2019-10-17 07:42:44,961 [Thread-337] INFO  impl.RaftServerImpl (RaftServerImpl.java:setRole(184)) - 24020d0b-ce61-4f5a-b0b0-c561541e8cd4@group-A9EE991D717F: changes role from  FOLLOWER to CANDIDATE at term 3 for changeToCandidate
2019-10-17 07:42:44,961 [Thread-337] INFO  impl.RoleInfo (RoleInfo.java:updateAndGet(143)) - 24020d0b-ce61-4f5a-b0b0-c561541e8cd4: start LeaderElection
2019-10-17 07:42:44,965 [029f6492-d0d3-4359-81c8-d83b80fef939@group-56D8D7603B90-LeaderElection18] INFO  impl.LeaderElection (LeaderElection.java:logAndReturn(56)) - 029f6492-d0d3-4359-81c8-d83b80fef939@group-56D8D7603B90-LeaderElection18: Election PASSED; received 1 response(s) [029f6492-d0d3-4359-81c8-d83b80fef939<-950052e4-3e22-47da-9ede-753224ba511d#0:OK-t7] and 0 exception(s); 029f6492-d0d3-4359-81c8-d83b80fef939@group-56D8D7603B90:t7, leader=null, voted=029f6492-d0d3-4359-81c8-d83b80fef939, raftlog=029f6492-d0d3-4359-81c8-d83b80fef939@group-56D8D7603B90-SegmentedRaftLog:OPENED:c-1,f-1,i0, conf=-1: [029f6492-d0d3-4359-81c8-d83b80fef939:192.168.34.62:38839, a802dc96-981d-402b-abc4-149484258632:192.168.34.62:42955, 950052e4-3e22-47da-9ede-753224ba511d:192.168.34.62:44758], old=null
2019-10-17 07:42:44,966 [029f6492-d0d3-4359-81c8-d83b80fef939@group-56D8D7603B90-LeaderElection18] INFO  impl.RoleInfo (RoleInfo.java:shutdownLeaderElection(134)) - 029f6492-d0d3-4359-81c8-d83b80fef939: shutdown LeaderElection
2019-10-17 07:42:44,966 [029f6492-d0d3-4359-81c8-d83b80fef939@group-56D8D7603B90-LeaderElection18] INFO  impl.RaftServerImpl (RaftServerImpl.java:setRole(184)) - 029f6492-d0d3-4359-81c8-d83b80fef939@group-56D8D7603B90: changes role from CANDIDATE to LEADER at term 7 for changeToLeader
2019-10-17 07:42:44,966 [029f6492-d0d3-4359-81c8-d83b80fef939@group-56D8D7603B90-LeaderElection18] INFO  ratis.XceiverServerRatis (XceiverServerRatis.java:handleLeaderChangedNotification(699)) - Leader change notification received for group: group-56D8D7603B90 with new leaderId: 029f6492-d0d3-4359-81c8-d83b80fef939
2019-10-17 07:42:44,966 [029f6492-d0d3-4359-81c8-d83b80fef939@group-56D8D7603B90-LeaderElection18] INFO  impl.RaftServerImpl (ServerState.java:setLeader(256)) - 029f6492-d0d3-4359-81c8-d83b80fef939@group-56D8D7603B90: change Leader from null to 029f6492-d0d3-4359-81c8-d83b80fef939 at term 7 for becomeLeader, leader elected after 636ms
2019-10-17 07:42:44,967 [029f6492-d0d3-4359-81c8-d83b80fef939@group-56D8D7603B90-LeaderElection18] INFO  server.RaftServerConfigKeys (ConfUtils.java:logGet(43)) - raft.server.staging.catchup.gap = 1000 (default)
2019-10-17 07:42:44,967 [029f6492-d0d3-4359-81c8-d83b80fef939@group-56D8D7603B90-LeaderElection18] INFO  server.RaftServerConfigKeys (ConfUtils.java:logGet(43)) - raft.server.rpc.sleep.time = 25ms (default)
2019-10-17 07:42:44,967 [029f6492-d0d3-4359-81c8-d83b80fef939@group-56D8D7603B90-LeaderElection18] INFO  server.RaftServerConfigKeys (ConfUtils.java:logGet(43)) - raft.server.write.element-limit = 4096 (default)
2019-10-17 07:42:44,968 [029f6492-d0d3-4359-81c8-d83b80fef939@group-56D8D7603B90-LeaderElection18] INFO  server.RaftServerConfigKeys (ConfUtils.java:logGet(43)) - raft.server.watch.timeout = 10s (default)
2019-10-17 07:42:44,970 [029f6492-d0d3-4359-81c8-d83b80fef939@group-56D8D7603B90-LeaderElection18] INFO  server.RaftServerConfigKeys (ConfUtils.java:logGet(43)) - raft.server.watch.timeout.denomination = 1s (default)
2019-10-17 07:42:44,970 [029f6492-d0d3-4359-81c8-d83b80fef939@group-56D8D7603B90-LeaderElection18] INFO  server.RaftServerConfigKeys (ConfUtils.java:logGet(43)) - raft.server.watch.element-limit = 65536 (default)
2019-10-17 07:42:44,971 [EventQueue-PipelineReportForPipelineReportHandler] INFO  pipeline.PipelineReportHandler (PipelineReportHandler.java:processPipelineReport(119)) - Pipeline PipelineID=6872a6bd-7023-41e7-8e2a-56d8d7603b90 reported by 029f6492-d0d3-4359-81c8-d83b80fef939{ip: 192.168.34.62, host: pr-hdds-1868-lzclr-202649289, networkLocation: /default-rack, certSerialId: null} with leaderId 029f6492-d0d3-4359-81c8-d83b80fef939
2019-10-17 07:42:44,975 [029f6492-d0d3-4359-81c8-d83b80fef939@group-56D8D7603B90-LeaderElection18] INFO  server.RaftServerConfigKeys (ConfUtils.java:logGet(43)) - raft.server.log.appender.snapshot.chunk.size.max = 16MB (=16777216) (default)
2019-10-17 07:42:44,976 [029f6492-d0d3-4359-81c8-d83b80fef939@group-56D8D7603B90-LeaderElection18] INFO  server.RaftServerConfigKeys (ConfUtils.java:logGet(43)) - raft.server.log.appender.buffer.byte-limit = 33554432 (custom)
2019-10-17 07:42:44,976 [029f6492-d0d3-4359-81c8-d83b80fef939@group-56D8D7603B90-LeaderElection18] INFO  server.RaftServerConfigKeys (ConfUtils.java:logGet(43)) - raft.server.log.appender.buffer.element-limit = 1 (custom)
2019-10-17 07:42:44,976 [029f6492-d0d3-4359-81c8-d83b80fef939@group-56D8D7603B90-LeaderElection18] INFO  grpc.GrpcConfigKeys$Server (ConfUtils.java:logGet(43)) - raft.grpc.server.leader.outstanding.appends.max = 128 (default)
2019-10-17 07:42:44,978 [029f6492-d0d3-4359-81c8-d83b80fef939@group-56D8D7603B90-LeaderElection18] INFO  server.RaftServerConfigKeys (ConfUtils.java:logGet(43)) - raft.server.rpc.request.timeout = 3000ms (default)
2019-10-17 07:42:44,979 [029f6492-d0d3-4359-81c8-d83b80fef939@group-56D8D7603B90-LeaderElection18] INFO  server.RaftServerConfigKeys (ConfUtils.java:logGet(43)) - raft.server.log.appender.install.snapshot.enabled = false (custom)
2019-10-17 07:42:44,983 [029f6492-d0d3-4359-81c8-d83b80fef939@group-56D8D7603B90-LeaderElection18] INFO  server.RaftServerConfigKeys (ConfUtils.java:logGet(43)) - raft.server.log.appender.snapshot.chunk.size.max = 16MB (=16777216) (default)
2019-10-17 07:42:44,983 [029f6492-d0d3-4359-81c8-d83b80fef939@group-56D8D7603B90-LeaderElection18] INFO  server.RaftServerConfigKeys (ConfUtils.java:logGet(43)) - raft.server.log.appender.buffer.byte-limit = 33554432 (custom)
2019-10-17 07:42:44,983 [029f6492-d0d3-4359-81c8-d83b80fef939@group-56D8D7603B90-LeaderElection18] INFO  server.RaftServerConfigKeys (ConfUtils.java:logGet(43)) - raft.server.log.appender.buffer.element-limit = 1 (custom)
2019-10-17 07:42:44,983 [950052e4-3e22-47da-9ede-753224ba511d@group-56D8D7603B90-LeaderElection21] INFO  impl.LeaderElection (LeaderElection.java:askForVotes(178)) - 950052e4-3e22-47da-9ede-753224ba511d@group-56D8D7603B90-LeaderElection21: begin an election at term 8 for -1: [029f6492-d0d3-4359-81c8-d83b80fef939:192.168.34.62:38839, a802dc96-981d-402b-abc4-149484258632:192.168.34.62:42955, 950052e4-3e22-47da-9ede-753224ba511d:192.168.34.62:44758], old=null
2019-10-17 07:42:44,984 [029f6492-d0d3-4359-81c8-d83b80fef939@group-56D8D7603B90-LeaderElection18] INFO  grpc.GrpcConfigKeys$Server (ConfUtils.java:logGet(43)) - raft.grpc.server.leader.outstanding.appends.max = 128 (default)
2019-10-17 07:42:44,983 [37bd8e8c-ea68-4b1c-8659-8d001c4f3b5c@group-A9EE991D717F-LeaderElection20] INFO  impl.LeaderElection (LeaderElection.java:askForVotes(178)) - 37bd8e8c-ea68-4b1c-8659-8d001c4f3b5c@group-A9EE991D717F-LeaderElection20: begin an election at term 4 for -1: [37bd8e8c-ea68-4b1c-8659-8d001c4f3b5c:192.168.34.62:41632, 24020d0b-ce61-4f5a-b0b0-c561541e8cd4:192.168.34.62:42892, 2a93f7e5-ecb9-41da-9c47-70e13ba76d7d:192.168.34.62:35412], old=null
2019-10-17 07:42:44,983 [24020d0b-ce61-4f5a-b0b0-c561541e8cd4@group-A9EE991D717F-LeaderElection22] INFO  impl.LeaderElection (LeaderElection.java:askForVotes(178)) - 24020d0b-ce61-4f5a-b0b0-c561541e8cd4@group-A9EE991D717F-LeaderElection22: begin an election at term 4 for -1: [37bd8e8c-ea68-4b1c-8659-8d001c4f3b5c:192.168.34.62:41632, 24020d0b-ce61-4f5a-b0b0-c561541e8cd4:192.168.34.62:42892, 2a93f7e5-ecb9-41da-9c47-70e13ba76d7d:192.168.34.62:35412], old=null
2019-10-17 07:42:44,984 [029f6492-d0d3-4359-81c8-d83b80fef939@group-56D8D7603B90-LeaderElection18] INFO  server.RaftServerConfigKeys (ConfUtils.java:logGet(43)) - raft.server.rpc.request.timeout = 3000ms (default)
2019-10-17 07:42:44,984 [029f6492-d0d3-4359-81c8-d83b80fef939@group-56D8D7603B90-LeaderElection18] INFO  server.RaftServerConfigKeys (ConfUtils.java:logGet(43)) - raft.server.log.appender.install.snapshot.enabled = false (custom)
2019-10-17 07:42:44,986 [a802dc96-981d-402b-abc4-149484258632@group-56D8D7603B90-LeaderElection19] INFO  impl.LeaderElection (LeaderElection.java:logAndReturn(56)) - a802dc96-981d-402b-abc4-149484258632@group-56D8D7603B90-LeaderElection19: Election DISCOVERED_A_NEW_TERM; received 1 response(s) [a802dc96-981d-402b-abc4-149484258632<-950052e4-3e22-47da-9ede-753224ba511d#0:FAIL-t8] and 0 exception(s); a802dc96-981d-402b-abc4-149484258632@group-56D8D7603B90:t7, leader=null, voted=a802dc96-981d-402b-abc4-149484258632, raftlog=a802dc96-981d-402b-abc4-149484258632@group-56D8D7603B90-SegmentedRaftLog:OPENED:c-1,f-1,i0, conf=-1: [029f6492-d0d3-4359-81c8-d83b80fef939:192.168.34.62:38839, a802dc96-981d-402b-abc4-149484258632:192.168.34.62:42955, 950052e4-3e22-47da-9ede-753224ba511d:192.168.34.62:44758], old=null
2019-10-17 07:42:44,986 [a802dc96-981d-402b-abc4-149484258632@group-56D8D7603B90-LeaderElection19] INFO  impl.RaftServerImpl (RaftServerImpl.java:setRole(184)) - a802dc96-981d-402b-abc4-149484258632@group-56D8D7603B90: changes role from CANDIDATE to FOLLOWER at term 8 for DISCOVERED_A_NEW_TERM
2019-10-17 07:42:44,987 [a802dc96-981d-402b-abc4-149484258632@group-56D8D7603B90-LeaderElection19] INFO  impl.RoleInfo (RoleInfo.java:shutdownLeaderElection(134)) - a802dc96-981d-402b-abc4-149484258632: shutdown LeaderElection
2019-10-17 07:42:44,987 [a802dc96-981d-402b-abc4-149484258632@group-56D8D7603B90-LeaderElection19] INFO  impl.RoleInfo (RoleInfo.java:updateAndGet(143)) - a802dc96-981d-402b-abc4-149484258632: start FollowerState
2019-10-17 07:42:44,989 [029f6492-d0d3-4359-81c8-d83b80fef939@group-56D8D7603B90-LeaderElection18] INFO  impl.RoleInfo (RoleInfo.java:updateAndGet(143)) - 029f6492-d0d3-4359-81c8-d83b80fef939: start LeaderState
2019-10-17 07:42:44,996 [grpc-default-executor-3] INFO  impl.RaftServerImpl (RaftServerImpl.java:setRole(184)) - 2a93f7e5-ecb9-41da-9c47-70e13ba76d7d@group-A9EE991D717F: changes role from  FOLLOWER to FOLLOWER at term 4 for recognizeCandidate:24020d0b-ce61-4f5a-b0b0-c561541e8cd4
2019-10-17 07:42:44,997 [029f6492-d0d3-4359-81c8-d83b80fef939@group-56D8D7603B90-LeaderElection18] INFO  segmented.SegmentedRaftLogWorker (SegmentedRaftLogWorker.java:startLogSegment(385)) - 029f6492-d0d3-4359-81c8-d83b80fef939@group-56D8D7603B90-SegmentedRaftLogWorker: Starting segment from index:0
2019-10-17 07:42:44,997 [grpc-default-executor-3] INFO  impl.RoleInfo (RoleInfo.java:shutdownFollowerState(121)) - 2a93f7e5-ecb9-41da-9c47-70e13ba76d7d: shutdown FollowerState
2019-10-17 07:42:44,997 [Thread-332] INFO  impl.FollowerState (FollowerState.java:run(117)) - 2a93f7e5-ecb9-41da-9c47-70e13ba76d7d@group-A9EE991D717F-FollowerState was interrupted: java.lang.InterruptedException: sleep interrupted
2019-10-17 07:42:44,998 [grpc-default-executor-3] INFO  impl.RoleInfo (RoleInfo.java:updateAndGet(143)) - 2a93f7e5-ecb9-41da-9c47-70e13ba76d7d: start FollowerState
2019-10-17 07:42:45,000 [029f6492-d0d3-4359-81c8-d83b80fef939@group-56D8D7603B90-LeaderElection18] INFO  impl.RaftServerImpl (ServerState.java:setRaftConf(357)) - 029f6492-d0d3-4359-81c8-d83b80fef939@group-56D8D7603B90: set configuration 0: [029f6492-d0d3-4359-81c8-d83b80fef939:192.168.34.62:38839, a802dc96-981d-402b-abc4-149484258632:192.168.34.62:42955, 950052e4-3e22-47da-9ede-753224ba511d:192.168.34.62:44758], old=null at 0
2019-10-17 07:42:45,000 [grpc-default-executor-6] INFO  impl.RaftServerImpl (ServerState.java:setLeader(256)) - 029f6492-d0d3-4359-81c8-d83b80fef939@group-56D8D7603B90: change Leader from 029f6492-d0d3-4359-81c8-d83b80fef939 to null at term 8 for updateCurrentTerm
2019-10-17 07:42:45,000 [grpc-default-executor-6] INFO  impl.RaftServerImpl (RaftServerImpl.java:setRole(184)) - 029f6492-d0d3-4359-81c8-d83b80fef939@group-56D8D7603B90: changes role from    LEADER to FOLLOWER at term 8 for recognizeCandidate:950052e4-3e22-47da-9ede-753224ba511d
2019-10-17 07:42:45,000 [grpc-default-executor-6] INFO  impl.RoleInfo (RoleInfo.java:shutdownLeaderState(104)) - 029f6492-d0d3-4359-81c8-d83b80fef939: shutdown LeaderState
2019-10-17 07:42:45,030 [grpc-default-executor-6] INFO  impl.PendingRequests (PendingRequests.java:sendNotLeaderResponses(202)) - 029f6492-d0d3-4359-81c8-d83b80fef939@group-56D8D7603B90-PendingRequests: sendNotLeaderResponses
2019-10-17 07:42:45,032 [grpc-default-executor-6] INFO  impl.RoleInfo (RoleInfo.java:updateAndGet(143)) - 029f6492-d0d3-4359-81c8-d83b80fef939: start FollowerState
2019-10-17 07:42:45,032 [grpc-default-executor-4] INFO  impl.RaftServerImpl (RaftServerImpl.java:setRole(184)) - 2a93f7e5-ecb9-41da-9c47-70e13ba76d7d@group-A9EE991D717F: changes role from  FOLLOWER to FOLLOWER at term 4 for recognizeCandidate:37bd8e8c-ea68-4b1c-8659-8d001c4f3b5c
2019-10-17 07:42:45,032 [grpc-default-executor-2] INFO  impl.RaftServerImpl (RaftServerImpl.java:setRole(184)) - a802dc96-981d-402b-abc4-149484258632@group-56D8D7603B90: changes role from  FOLLOWER to FOLLOWER at term 8 for recognizeCandidate:950052e4-3e22-47da-9ede-753224ba511d
2019-10-17 07:42:45,033 [grpc-default-executor-4] INFO  impl.RoleInfo (RoleInfo.java:shutdownFollowerState(121)) - 2a93f7e5-ecb9-41da-9c47-70e13ba76d7d: shutdown FollowerState
2019-10-17 07:42:45,033 [grpc-default-executor-2] INFO  impl.RoleInfo (RoleInfo.java:shutdownFollowerState(121)) - a802dc96-981d-402b-abc4-149484258632: shutdown FollowerState
2019-10-17 07:42:45,033 [grpc-default-executor-4] INFO  impl.RoleInfo (RoleInfo.java:updateAndGet(143)) - 2a93f7e5-ecb9-41da-9c47-70e13ba76d7d: start FollowerState
2019-10-17 07:42:45,033 [grpc-default-executor-2] INFO  impl.RoleInfo (RoleInfo.java:updateAndGet(143)) - a802dc96-981d-402b-abc4-149484258632: start FollowerState
2019-10-17 07:42:45,033 [Thread-361] INFO  impl.FollowerState (FollowerState.java:run(117)) - 2a93f7e5-ecb9-41da-9c47-70e13ba76d7d@group-A9EE991D717F-FollowerState was interrupted: java.lang.InterruptedException: sleep interrupted
2019-10-17 07:42:45,033 [Thread-360] INFO  impl.FollowerState (FollowerState.java:run(117)) - a802dc96-981d-402b-abc4-149484258632@group-56D8D7603B90-FollowerState was interrupted: java.lang.InterruptedException: sleep interrupted
2019-10-17 07:42:45,038 [24020d0b-ce61-4f5a-b0b0-c561541e8cd4@group-A9EE991D717F-LeaderElection22] INFO  impl.LeaderElection (LeaderElection.java:logAndReturn(56)) - 24020d0b-ce61-4f5a-b0b0-c561541e8cd4@group-A9EE991D717F-LeaderElection22: Election REJECTED; received 2 response(s) [24020d0b-ce61-4f5a-b0b0-c561541e8cd4<-37bd8e8c-ea68-4b1c-8659-8d001c4f3b5c#0:FAIL-t4, 24020d0b-ce61-4f5a-b0b0-c561541e8cd4<-2a93f7e5-ecb9-41da-9c47-70e13ba76d7d#0:FAIL-t4] and 0 exception(s); 24020d0b-ce61-4f5a-b0b0-c561541e8cd4@group-A9EE991D717F:t4, leader=null, voted=24020d0b-ce61-4f5a-b0b0-c561541e8cd4, raftlog=24020d0b-ce61-4f5a-b0b0-c561541e8cd4@group-A9EE991D717F-SegmentedRaftLog:OPENED:c-1,f-1,i0, conf=-1: [37bd8e8c-ea68-4b1c-8659-8d001c4f3b5c:192.168.34.62:41632, 24020d0b-ce61-4f5a-b0b0-c561541e8cd4:192.168.34.62:42892, 2a93f7e5-ecb9-41da-9c47-70e13ba76d7d:192.168.34.62:35412], old=null
2019-10-17 07:42:45,038 [24020d0b-ce61-4f5a-b0b0-c561541e8cd4@group-A9EE991D717F-LeaderElection22] INFO  impl.RaftServerImpl (RaftServerImpl.java:setRole(184)) - 24020d0b-ce61-4f5a-b0b0-c561541e8cd4@group-A9EE991D717F: changes role from CANDIDATE to FOLLOWER at term 4 for DISCOVERED_A_NEW_TERM
2019-10-17 07:42:45,038 [24020d0b-ce61-4f5a-b0b0-c561541e8cd4@group-A9EE991D717F-LeaderElection22] INFO  impl.RoleInfo (RoleInfo.java:shutdownLeaderElection(134)) - 24020d0b-ce61-4f5a-b0b0-c561541e8cd4: shutdown LeaderElection
2019-10-17 07:42:45,038 [37bd8e8c-ea68-4b1c-8659-8d001c4f3b5c@group-A9EE991D717F-LeaderElection20] INFO  impl.LeaderElection (LeaderElection.java:logAndReturn(56)) - 37bd8e8c-ea68-4b1c-8659-8d001c4f3b5c@group-A9EE991D717F-LeaderElection20: Election REJECTED; received 2 response(s) [37bd8e8c-ea68-4b1c-8659-8d001c4f3b5c<-24020d0b-ce61-4f5a-b0b0-c561541e8cd4#0:FAIL-t4, 37bd8e8c-ea68-4b1c-8659-8d001c4f3b5c<-2a93f7e5-ecb9-41da-9c47-70e13ba76d7d#0:FAIL-t4] and 0 exception(s); 37bd8e8c-ea68-4b1c-8659-8d001c4f3b5c@group-A9EE991D717F:t4, leader=null, voted=37bd8e8c-ea68-4b1c-8659-8d001c4f3b5c, raftlog=37bd8e8c-ea68-4b1c-8659-8d001c4f3b5c@group-A9EE991D717F-SegmentedRaftLog:OPENED:c-1,f-1,i0, conf=-1: [37bd8e8c-ea68-4b1c-8659-8d001c4f3b5c:192.168.34.62:41632, 24020d0b-ce61-4f5a-b0b0-c561541e8cd4:192.168.34.62:42892, 2a93f7e5-ecb9-41da-9c47-70e13ba76d7d:192.168.34.62:35412], old=null
2019-10-17 07:42:45,040 [24020d0b-ce61-4f5a-b0b0-c561541e8cd4@group-A9EE991D717F-LeaderElection22] INFO  impl.RoleInfo (RoleInfo.java:updateAndGet(143)) - 24020d0b-ce61-4f5a-b0b0-c561541e8cd4: start FollowerState
2019-10-17 07:42:45,040 [37bd8e8c-ea68-4b1c-8659-8d001c4f3b5c@group-A9EE991D717F-LeaderElection20] INFO  impl.RaftServerImpl (RaftServerImpl.java:setRole(184)) - 37bd8e8c-ea68-4b1c-8659-8d001c4f3b5c@group-A9EE991D717F: changes role from CANDIDATE to FOLLOWER at term 4 for DISCOVERED_A_NEW_TERM
2019-10-17 07:42:45,041 [37bd8e8c-ea68-4b1c-8659-8d001c4f3b5c@group-A9EE991D717F-LeaderElection20] INFO  impl.RoleInfo (RoleInfo.java:shutdownLeaderElection(134)) - 37bd8e8c-ea68-4b1c-8659-8d001c4f3b5c: shutdown LeaderElection
2019-10-17 07:42:45,042 [37bd8e8c-ea68-4b1c-8659-8d001c4f3b5c@group-A9EE991D717F-LeaderElection20] INFO  impl.RoleInfo (RoleInfo.java:updateAndGet(143)) - 37bd8e8c-ea68-4b1c-8659-8d001c4f3b5c: start FollowerState
2019-10-17 07:42:45,043 [org.apache.ratis.server.impl.LogAppender$AppenderDaemon$$Lambda$428/1016678028@21d1ec05] WARN  server.GrpcLogAppender (GrpcLogAppender.java:mayWait(149)) - 029f6492-d0d3-4359-81c8-d83b80fef939@group-56D8D7603B90->a802dc96-981d-402b-abc4-149484258632-GrpcLogAppender: Wait interrupted by java.lang.InterruptedException
2019-10-17 07:42:45,043 [org.apache.ratis.server.impl.LogAppender$AppenderDaemon$$Lambda$428/1016678028@10ba6b2d] WARN  server.GrpcLogAppender (GrpcLogAppender.java:mayWait(149)) - 029f6492-d0d3-4359-81c8-d83b80fef939@group-56D8D7603B90->950052e4-3e22-47da-9ede-753224ba511d-GrpcLogAppender: Wait interrupted by java.lang.InterruptedException
2019-10-17 07:42:45,051 [grpc-default-executor-3] INFO  server.GrpcServerProtocolService (GrpcServerProtocolService.java:onCompleted(113)) - 950052e4-3e22-47da-9ede-753224ba511d: Completed APPEND_ENTRIES, lastRequest: 029f6492-d0d3-4359-81c8-d83b80fef939->950052e4-3e22-47da-9ede-753224ba511d#0-t7, previous=(t:0, i:0), leaderCommit=-1, initializing? false, entries: <empty>
2019-10-17 07:42:45,058 [029f6492-d0d3-4359-81c8-d83b80fef939@group-56D8D7603B90-SegmentedRaftLogWorker] INFO  segmented.SegmentedRaftLogWorker (SegmentedRaftLogWorker.java:execute(576)) - 029f6492-d0d3-4359-81c8-d83b80fef939@group-56D8D7603B90-SegmentedRaftLogWorker: created new log segment /workdir/hadoop-ozone/integration-test/target/test-dir/MiniOzoneClusterImpl-87e8d78b-2c25-4827-9c34-ee9c99992073/datanode-2/data/ratis/6872a6bd-7023-41e7-8e2a-56d8d7603b90/current/log_inprogress_0
2019-10-17 07:42:45,059 [grpc-default-executor-3] INFO  server.GrpcLogAppender (GrpcLogAppender.java:onCompleted(308)) - 029f6492-d0d3-4359-81c8-d83b80fef939@group-56D8D7603B90->950052e4-3e22-47da-9ede-753224ba511d-AppendLogResponseHandler: follower responses appendEntries COMPLETED
2019-10-17 07:42:45,060 [grpc-default-executor-4] INFO  server.GrpcServerProtocolService (GrpcServerProtocolService.java:onCompleted(113)) - a802dc96-981d-402b-abc4-149484258632: Completed APPEND_ENTRIES, lastRequest: 029f6492-d0d3-4359-81c8-d83b80fef939->a802dc96-981d-402b-abc4-149484258632#0-t7, previous=(t:0, i:0), leaderCommit=-1, initializing? false, entries: <empty>
2019-10-17 07:42:45,062 [950052e4-3e22-47da-9ede-753224ba511d@group-56D8D7603B90-LeaderElection21] INFO  impl.LeaderElection (LeaderElection.java:logAndReturn(56)) - 950052e4-3e22-47da-9ede-753224ba511d@group-56D8D7603B90-LeaderElection21: Election PASSED; received 2 response(s) [950052e4-3e22-47da-9ede-753224ba511d<-029f6492-d0d3-4359-81c8-d83b80fef939#0:FAIL-t8, 950052e4-3e22-47da-9ede-753224ba511d<-a802dc96-981d-402b-abc4-149484258632#0:OK-t8] and 0 exception(s); 950052e4-3e22-47da-9ede-753224ba511d@group-56D8D7603B90:t8, leader=null, voted=950052e4-3e22-47da-9ede-753224ba511d, raftlog=950052e4-3e22-47da-9ede-753224ba511d@group-56D8D7603B90-SegmentedRaftLog:OPENED:c-1,f-1,i0, conf=-1: [029f6492-d0d3-4359-81c8-d83b80fef939:192.168.34.62:38839, a802dc96-981d-402b-abc4-149484258632:192.168.34.62:42955, 950052e4-3e22-47da-9ede-753224ba511d:192.168.34.62:44758], old=null
2019-10-17 07:42:45,062 [950052e4-3e22-47da-9ede-753224ba511d@group-56D8D7603B90-LeaderElection21] INFO  impl.RoleInfo (RoleInfo.java:shutdownLeaderElection(134)) - 950052e4-3e22-47da-9ede-753224ba511d: shutdown LeaderElection
2019-10-17 07:42:45,062 [grpc-default-executor-3] INFO  impl.FollowerInfo (FollowerInfo.java:lambda$new$0(51)) - 029f6492-d0d3-4359-81c8-d83b80fef939@group-56D8D7603B90->950052e4-3e22-47da-9ede-753224ba511d: nextIndex: updateUnconditionally 0 -> 0
2019-10-17 07:42:45,063 [950052e4-3e22-47da-9ede-753224ba511d@group-56D8D7603B90-LeaderElection21] INFO  impl.RaftServerImpl (RaftServerImpl.java:setRole(184)) - 950052e4-3e22-47da-9ede-753224ba511d@group-56D8D7603B90: changes role from CANDIDATE to LEADER at term 8 for changeToLeader
2019-10-17 07:42:45,064 [950052e4-3e22-47da-9ede-753224ba511d@group-56D8D7603B90-LeaderElection21] INFO  ratis.XceiverServerRatis (XceiverServerRatis.java:handleLeaderChangedNotification(699)) - Leader change notification received for group: group-56D8D7603B90 with new leaderId: 950052e4-3e22-47da-9ede-753224ba511d
2019-10-17 07:42:45,064 [grpc-default-executor-4] INFO  server.GrpcLogAppender (GrpcLogAppender.java:onCompleted(308)) - 029f6492-d0d3-4359-81c8-d83b80fef939@group-56D8D7603B90->a802dc96-981d-402b-abc4-149484258632-AppendLogResponseHandler: follower responses appendEntries COMPLETED
2019-10-17 07:42:45,064 [950052e4-3e22-47da-9ede-753224ba511d@group-56D8D7603B90-LeaderElection21] INFO  impl.RaftServerImpl (ServerState.java:setLeader(256)) - 950052e4-3e22-47da-9ede-753224ba511d@group-56D8D7603B90: change Leader from null to 950052e4-3e22-47da-9ede-753224ba511d at term 8 for becomeLeader, leader elected after 733ms
2019-10-17 07:42:45,065 [950052e4-3e22-47da-9ede-753224ba511d@group-56D8D7603B90-LeaderElection21] INFO  server.RaftServerConfigKeys (ConfUtils.java:logGet(43)) - raft.server.staging.catchup.gap = 1000 (default)
2019-10-17 07:42:45,065 [950052e4-3e22-47da-9ede-753224ba511d@group-56D8D7603B90-LeaderElection21] INFO  server.RaftServerConfigKeys (ConfUtils.java:logGet(43)) - raft.server.rpc.sleep.time = 25ms (default)
2019-10-17 07:42:45,067 [950052e4-3e22-47da-9ede-753224ba511d@group-56D8D7603B90-LeaderElection21] INFO  server.RaftServerConfigKeys (ConfUtils.java:logGet(43)) - raft.server.write.element-limit = 4096 (default)
2019-10-17 07:42:45,067 [950052e4-3e22-47da-9ede-753224ba511d@group-56D8D7603B90-LeaderElection21] INFO  server.RaftServerConfigKeys (ConfUtils.java:logGet(43)) - raft.server.watch.timeout = 10s (default)
2019-10-17 07:42:45,067 [grpc-default-executor-4] INFO  impl.FollowerInfo (FollowerInfo.java:lambda$new$0(51)) - 029f6492-d0d3-4359-81c8-d83b80fef939@group-56D8D7603B90->a802dc96-981d-402b-abc4-149484258632: nextIndex: updateUnconditionally 0 -> 0
2019-10-17 07:42:45,067 [950052e4-3e22-47da-9ede-753224ba511d@group-56D8D7603B90-LeaderElection21] INFO  server.RaftServerConfigKeys (ConfUtils.java:logGet(43)) - raft.server.watch.timeout.denomination = 1s (default)
2019-10-17 07:42:45,068 [950052e4-3e22-47da-9ede-753224ba511d@group-56D8D7603B90-LeaderElection21] INFO  server.RaftServerConfigKeys (ConfUtils.java:logGet(43)) - raft.server.watch.element-limit = 65536 (default)
2019-10-17 07:42:45,068 [EventQueue-PipelineReportForPipelineReportHandler] INFO  pipeline.PipelineReportHandler (PipelineReportHandler.java:processPipelineReport(119)) - Pipeline PipelineID=6872a6bd-7023-41e7-8e2a-56d8d7603b90 reported by 950052e4-3e22-47da-9ede-753224ba511d{ip: 192.168.34.62, host: pr-hdds-1868-lzclr-202649289, networkLocation: /default-rack, certSerialId: null} with leaderId 950052e4-3e22-47da-9ede-753224ba511d
2019-10-17 07:42:45,070 [950052e4-3e22-47da-9ede-753224ba511d@group-56D8D7603B90-LeaderElection21] INFO  server.RaftServerConfigKeys (ConfUtils.java:logGet(43)) - raft.server.log.appender.snapshot.chunk.size.max = 16MB (=16777216) (default)
2019-10-17 07:42:45,070 [950052e4-3e22-47da-9ede-753224ba511d@group-56D8D7603B90-LeaderElection21] INFO  server.RaftServerConfigKeys (ConfUtils.java:logGet(43)) - raft.server.log.appender.buffer.byte-limit = 33554432 (custom)
2019-10-17 07:42:45,070 [950052e4-3e22-47da-9ede-753224ba511d@group-56D8D7603B90-LeaderElection21] INFO  server.RaftServerConfigKeys (ConfUtils.java:logGet(43)) - raft.server.log.appender.buffer.element-limit = 1 (custom)
2019-10-17 07:42:45,071 [950052e4-3e22-47da-9ede-753224ba511d@group-56D8D7603B90-LeaderElection21] INFO  grpc.GrpcConfigKeys$Server (ConfUtils.java:logGet(43)) - raft.grpc.server.leader.outstanding.appends.max = 128 (default)
2019-10-17 07:42:45,071 [950052e4-3e22-47da-9ede-753224ba511d@group-56D8D7603B90-LeaderElection21] INFO  server.RaftServerConfigKeys (ConfUtils.java:logGet(43)) - raft.server.rpc.request.timeout = 3000ms (default)
2019-10-17 07:42:45,071 [950052e4-3e22-47da-9ede-753224ba511d@group-56D8D7603B90-LeaderElection21] INFO  server.RaftServerConfigKeys (ConfUtils.java:logGet(43)) - raft.server.log.appender.install.snapshot.enabled = false (custom)
2019-10-17 07:42:45,073 [950052e4-3e22-47da-9ede-753224ba511d@group-56D8D7603B90-LeaderElection21] INFO  server.RaftServerConfigKeys (ConfUtils.java:logGet(43)) - raft.server.log.appender.snapshot.chunk.size.max = 16MB (=16777216) (default)
2019-10-17 07:42:45,073 [950052e4-3e22-47da-9ede-753224ba511d@group-56D8D7603B90-LeaderElection21] INFO  server.RaftServerConfigKeys (ConfUtils.java:logGet(43)) - raft.server.log.appender.buffer.byte-limit = 33554432 (custom)
2019-10-17 07:42:45,073 [950052e4-3e22-47da-9ede-753224ba511d@group-56D8D7603B90-LeaderElection21] INFO  server.RaftServerConfigKeys (ConfUtils.java:logGet(43)) - raft.server.log.appender.buffer.element-limit = 1 (custom)
2019-10-17 07:42:45,073 [950052e4-3e22-47da-9ede-753224ba511d@group-56D8D7603B90-LeaderElection21] INFO  grpc.GrpcConfigKeys$Server (ConfUtils.java:logGet(43)) - raft.grpc.server.leader.outstanding.appends.max = 128 (default)
2019-10-17 07:42:45,074 [950052e4-3e22-47da-9ede-753224ba511d@group-56D8D7603B90-LeaderElection21] INFO  server.RaftServerConfigKeys (ConfUtils.java:logGet(43)) - raft.server.rpc.request.timeout = 3000ms (default)
2019-10-17 07:42:45,074 [950052e4-3e22-47da-9ede-753224ba511d@group-56D8D7603B90-LeaderElection21] INFO  server.RaftServerConfigKeys (ConfUtils.java:logGet(43)) - raft.server.log.appender.install.snapshot.enabled = false (custom)
2019-10-17 07:42:45,076 [950052e4-3e22-47da-9ede-753224ba511d@group-56D8D7603B90-LeaderElection21] INFO  impl.RoleInfo (RoleInfo.java:updateAndGet(143)) - 950052e4-3e22-47da-9ede-753224ba511d: start LeaderState
2019-10-17 07:42:45,076 [950052e4-3e22-47da-9ede-753224ba511d@group-56D8D7603B90-LeaderElection21] INFO  segmented.SegmentedRaftLogWorker (SegmentedRaftLogWorker.java:startLogSegment(385)) - 950052e4-3e22-47da-9ede-753224ba511d@group-56D8D7603B90-SegmentedRaftLogWorker: Starting segment from index:0
2019-10-17 07:42:45,077 [950052e4-3e22-47da-9ede-753224ba511d@group-56D8D7603B90-LeaderElection21] INFO  impl.RaftServerImpl (ServerState.java:setRaftConf(357)) - 950052e4-3e22-47da-9ede-753224ba511d@group-56D8D7603B90: set configuration 0: [029f6492-d0d3-4359-81c8-d83b80fef939:192.168.34.62:38839, a802dc96-981d-402b-abc4-149484258632:192.168.34.62:42955, 950052e4-3e22-47da-9ede-753224ba511d:192.168.34.62:44758], old=null at 0
2019-10-17 07:42:45,081 [grpc-default-executor-3] INFO  ratis.XceiverServerRatis (XceiverServerRatis.java:handleLeaderChangedNotification(699)) - Leader change notification received for group: group-56D8D7603B90 with new leaderId: 950052e4-3e22-47da-9ede-753224ba511d
2019-10-17 07:42:45,081 [grpc-default-executor-4] INFO  ratis.XceiverServerRatis (XceiverServerRatis.java:handleLeaderChangedNotification(699)) - Leader change notification received for group: group-56D8D7603B90 with new leaderId: 950052e4-3e22-47da-9ede-753224ba511d
2019-10-17 07:42:45,081 [grpc-default-executor-3] INFO  impl.RaftServerImpl (ServerState.java:setLeader(256)) - a802dc96-981d-402b-abc4-149484258632@group-56D8D7603B90: change Leader from null to 950052e4-3e22-47da-9ede-753224ba511d at term 8 for appendEntries, leader elected after 749ms
2019-10-17 07:42:45,081 [grpc-default-executor-4] INFO  impl.RaftServerImpl (ServerState.java:setLeader(256)) - 029f6492-d0d3-4359-81c8-d83b80fef939@group-56D8D7603B90: change Leader from null to 950052e4-3e22-47da-9ede-753224ba511d at term 8 for appendEntries, leader elected after 80ms
2019-10-17 07:42:45,118 [EventQueue-PipelineReportForPipelineReportHandler] INFO  pipeline.PipelineReportHandler (PipelineReportHandler.java:processPipelineReport(119)) - Pipeline PipelineID=6872a6bd-7023-41e7-8e2a-56d8d7603b90 reported by a802dc96-981d-402b-abc4-149484258632{ip: 192.168.34.62, host: pr-hdds-1868-lzclr-202649289, networkLocation: /default-rack, certSerialId: null} with leaderId 950052e4-3e22-47da-9ede-753224ba511d
2019-10-17 07:42:45,118 [EventQueue-PipelineReportForPipelineReportHandler] INFO  pipeline.PipelineReportHandler (PipelineReportHandler.java:processPipelineReport(119)) - Pipeline PipelineID=6872a6bd-7023-41e7-8e2a-56d8d7603b90 reported by 029f6492-d0d3-4359-81c8-d83b80fef939{ip: 192.168.34.62, host: pr-hdds-1868-lzclr-202649289, networkLocation: /default-rack, certSerialId: null} with leaderId 950052e4-3e22-47da-9ede-753224ba511d
2019-10-17 07:42:45,119 [EventQueue-PipelineReportForPipelineReportHandler] INFO  pipeline.PipelineStateManager (PipelineStateManager.java:openPipeline(134)) - Pipeline Pipeline[ Id: 6872a6bd-7023-41e7-8e2a-56d8d7603b90, Nodes: 029f6492-d0d3-4359-81c8-d83b80fef939{ip: 192.168.34.62, host: pr-hdds-1868-lzclr-202649289, networkLocation: /default-rack, certSerialId: null}a802dc96-981d-402b-abc4-149484258632{ip: 192.168.34.62, host: pr-hdds-1868-lzclr-202649289, networkLocation: /default-rack, certSerialId: null}950052e4-3e22-47da-9ede-753224ba511d{ip: 192.168.34.62, host: pr-hdds-1868-lzclr-202649289, networkLocation: /default-rack, certSerialId: null}, Type:RATIS, Factor:THREE, State:OPEN] moved to OPEN state
2019-10-17 07:42:45,129 [950052e4-3e22-47da-9ede-753224ba511d@group-56D8D7603B90-SegmentedRaftLogWorker] INFO  segmented.SegmentedRaftLogWorker (SegmentedRaftLogWorker.java:execute(576)) - 950052e4-3e22-47da-9ede-753224ba511d@group-56D8D7603B90-SegmentedRaftLogWorker: created new log segment /workdir/hadoop-ozone/integration-test/target/test-dir/MiniOzoneClusterImpl-87e8d78b-2c25-4827-9c34-ee9c99992073/datanode-1/data/ratis/6872a6bd-7023-41e7-8e2a-56d8d7603b90/current/log_inprogress_0
2019-10-17 07:42:45,131 [Thread-365] INFO  impl.FollowerState (FollowerState.java:run(108)) - 24020d0b-ce61-4f5a-b0b0-c561541e8cd4@group-A9EE991D717F-FollowerState: change to CANDIDATE, lastRpcTime:91ms, electionTimeout:88ms
2019-10-17 07:42:45,132 [Thread-365] INFO  impl.RoleInfo (RoleInfo.java:shutdownFollowerState(121)) - 24020d0b-ce61-4f5a-b0b0-c561541e8cd4: shutdown FollowerState
2019-10-17 07:42:45,133 [Thread-365] INFO  impl.RaftServerImpl (RaftServerImpl.java:setRole(184)) - 24020d0b-ce61-4f5a-b0b0-c561541e8cd4@group-A9EE991D717F: changes role from  FOLLOWER to CANDIDATE at term 4 for changeToCandidate
2019-10-17 07:42:45,133 [Thread-365] INFO  impl.RoleInfo (RoleInfo.java:updateAndGet(143)) - 24020d0b-ce61-4f5a-b0b0-c561541e8cd4: start LeaderElection
2019-10-17 07:42:45,141 [grpc-default-executor-3] INFO  impl.RaftServerImpl (ServerState.java:setRaftConf(357)) - a802dc96-981d-402b-abc4-149484258632@group-56D8D7603B90: set configuration 0: [029f6492-d0d3-4359-81c8-d83b80fef939:192.168.34.62:38839, a802dc96-981d-402b-abc4-149484258632:192.168.34.62:42955, 950052e4-3e22-47da-9ede-753224ba511d:192.168.34.62:44758], old=null at 0
2019-10-17 07:42:45,141 [grpc-default-executor-4] INFO  impl.RaftServerImpl (ServerState.java:setRaftConf(357)) - 029f6492-d0d3-4359-81c8-d83b80fef939@group-56D8D7603B90: set configuration 0: [029f6492-d0d3-4359-81c8-d83b80fef939:192.168.34.62:38839, a802dc96-981d-402b-abc4-149484258632:192.168.34.62:42955, 950052e4-3e22-47da-9ede-753224ba511d:192.168.34.62:44758], old=null at 0
2019-10-17 07:42:45,141 [grpc-default-executor-3] INFO  segmented.SegmentedRaftLogWorker (SegmentedRaftLogWorker.java:startLogSegment(385)) - a802dc96-981d-402b-abc4-149484258632@group-56D8D7603B90-SegmentedRaftLogWorker: Starting segment from index:0
2019-10-17 07:42:45,144 [grpc-default-executor-4] INFO  segmented.SegmentedRaftLogWorker (SegmentedRaftLogWorker.java:truncate(401)) - 029f6492-d0d3-4359-81c8-d83b80fef939@group-56D8D7603B90-SegmentedRaftLogWorker: Truncating segments toTruncate: null
  toDelete: [(0, 0) isOpen? true, length=0, newEndIndex=-1], start index 0
2019-10-17 07:42:45,145 [grpc-default-executor-4] INFO  segmented.SegmentedRaftLogWorker (SegmentedRaftLogWorker.java:startLogSegment(385)) - 029f6492-d0d3-4359-81c8-d83b80fef939@group-56D8D7603B90-SegmentedRaftLogWorker: Starting segment from index:0
2019-10-17 07:42:45,157 [029f6492-d0d3-4359-81c8-d83b80fef939@group-56D8D7603B90-SegmentedRaftLogWorker] INFO  segmented.SegmentedRaftLogWorker (SegmentedRaftLogWorker.java:execute(640)) - 029f6492-d0d3-4359-81c8-d83b80fef939@group-56D8D7603B90-SegmentedRaftLogWorker: Deleted log file /workdir/hadoop-ozone/integration-test/target/test-dir/MiniOzoneClusterImpl-87e8d78b-2c25-4827-9c34-ee9c99992073/datanode-2/data/ratis/6872a6bd-7023-41e7-8e2a-56d8d7603b90/current/log_inprogress_0
2019-10-17 07:42:45,158 [029f6492-d0d3-4359-81c8-d83b80fef939@group-56D8D7603B90-SegmentedRaftLogWorker] INFO  segmented.SegmentedRaftLogWorker (SegmentedRaftLogWorker.java:lambda$new$0(128)) - 029f6492-d0d3-4359-81c8-d83b80fef939@group-56D8D7603B90-SegmentedRaftLogWorker: flushIndex: setUnconditionally 0 -> -1
2019-10-17 07:42:45,159 [24020d0b-ce61-4f5a-b0b0-c561541e8cd4@group-A9EE991D717F-LeaderElection23] INFO  impl.LeaderElection (LeaderElection.java:askForVotes(178)) - 24020d0b-ce61-4f5a-b0b0-c561541e8cd4@group-A9EE991D717F-LeaderElection23: begin an election at term 5 for -1: [37bd8e8c-ea68-4b1c-8659-8d001c4f3b5c:192.168.34.62:41632, 24020d0b-ce61-4f5a-b0b0-c561541e8cd4:192.168.34.62:42892, 2a93f7e5-ecb9-41da-9c47-70e13ba76d7d:192.168.34.62:35412], old=null
2019-10-17 07:42:45,163 [grpc-default-executor-3] INFO  impl.RaftServerImpl (RaftServerImpl.java:setRole(184)) - 37bd8e8c-ea68-4b1c-8659-8d001c4f3b5c@group-A9EE991D717F: changes role from  FOLLOWER to FOLLOWER at term 5 for recognizeCandidate:24020d0b-ce61-4f5a-b0b0-c561541e8cd4
2019-10-17 07:42:45,163 [grpc-default-executor-3] INFO  impl.RoleInfo (RoleInfo.java:shutdownFollowerState(121)) - 37bd8e8c-ea68-4b1c-8659-8d001c4f3b5c: shutdown FollowerState
2019-10-17 07:42:45,163 [grpc-default-executor-3] INFO  impl.RoleInfo (RoleInfo.java:updateAndGet(143)) - 37bd8e8c-ea68-4b1c-8659-8d001c4f3b5c: start FollowerState
2019-10-17 07:42:45,163 [Thread-366] INFO  impl.FollowerState (FollowerState.java:run(117)) - 37bd8e8c-ea68-4b1c-8659-8d001c4f3b5c@group-A9EE991D717F-FollowerState was interrupted: java.lang.InterruptedException: sleep interrupted
2019-10-17 07:42:45,163 [grpc-default-executor-4] INFO  impl.RaftServerImpl (RaftServerImpl.java:setRole(184)) - 2a93f7e5-ecb9-41da-9c47-70e13ba76d7d@group-A9EE991D717F: changes role from  FOLLOWER to FOLLOWER at term 5 for recognizeCandidate:24020d0b-ce61-4f5a-b0b0-c561541e8cd4
2019-10-17 07:42:45,187 [grpc-default-executor-4] INFO  impl.RoleInfo (RoleInfo.java:shutdownFollowerState(121)) - 2a93f7e5-ecb9-41da-9c47-70e13ba76d7d: shutdown FollowerState
2019-10-17 07:42:45,187 [grpc-default-executor-4] INFO  impl.RoleInfo (RoleInfo.java:updateAndGet(143)) - 2a93f7e5-ecb9-41da-9c47-70e13ba76d7d: start FollowerState
2019-10-17 07:42:45,187 [Thread-363] INFO  impl.FollowerState (FollowerState.java:run(117)) - 2a93f7e5-ecb9-41da-9c47-70e13ba76d7d@group-A9EE991D717F-FollowerState was interrupted: java.lang.InterruptedException: sleep interrupted
2019-10-17 07:42:45,211 [a802dc96-981d-402b-abc4-149484258632@group-56D8D7603B90-SegmentedRaftLogWorker] INFO  segmented.SegmentedRaftLogWorker (SegmentedRaftLogWorker.java:execute(576)) - a802dc96-981d-402b-abc4-149484258632@group-56D8D7603B90-SegmentedRaftLogWorker: created new log segment /workdir/hadoop-ozone/integration-test/target/test-dir/MiniOzoneClusterImpl-87e8d78b-2c25-4827-9c34-ee9c99992073/datanode-4/data/ratis/6872a6bd-7023-41e7-8e2a-56d8d7603b90/current/log_inprogress_0
2019-10-17 07:42:45,211 [029f6492-d0d3-4359-81c8-d83b80fef939@group-56D8D7603B90-SegmentedRaftLogWorker] INFO  segmented.SegmentedRaftLogWorker (SegmentedRaftLogWorker.java:execute(576)) - 029f6492-d0d3-4359-81c8-d83b80fef939@group-56D8D7603B90-SegmentedRaftLogWorker: created new log segment /workdir/hadoop-ozone/integration-test/target/test-dir/MiniOzoneClusterImpl-87e8d78b-2c25-4827-9c34-ee9c99992073/datanode-2/data/ratis/6872a6bd-7023-41e7-8e2a-56d8d7603b90/current/log_inprogress_0
2019-10-17 07:42:45,213 [24020d0b-ce61-4f5a-b0b0-c561541e8cd4@group-A9EE991D717F-LeaderElection23] INFO  impl.LeaderElection (LeaderElection.java:logAndReturn(56)) - 24020d0b-ce61-4f5a-b0b0-c561541e8cd4@group-A9EE991D717F-LeaderElection23: Election PASSED; received 1 response(s) [24020d0b-ce61-4f5a-b0b0-c561541e8cd4<-37bd8e8c-ea68-4b1c-8659-8d001c4f3b5c#0:OK-t5] and 0 exception(s); 24020d0b-ce61-4f5a-b0b0-c561541e8cd4@group-A9EE991D717F:t5, leader=null, voted=24020d0b-ce61-4f5a-b0b0-c561541e8cd4, raftlog=24020d0b-ce61-4f5a-b0b0-c561541e8cd4@group-A9EE991D717F-SegmentedRaftLog:OPENED:c-1,f-1,i0, conf=-1: [37bd8e8c-ea68-4b1c-8659-8d001c4f3b5c:192.168.34.62:41632, 24020d0b-ce61-4f5a-b0b0-c561541e8cd4:192.168.34.62:42892, 2a93f7e5-ecb9-41da-9c47-70e13ba76d7d:192.168.34.62:35412], old=null
2019-10-17 07:42:45,213 [24020d0b-ce61-4f5a-b0b0-c561541e8cd4@group-A9EE991D717F-LeaderElection23] INFO  impl.RoleInfo (RoleInfo.java:shutdownLeaderElection(134)) - 24020d0b-ce61-4f5a-b0b0-c561541e8cd4: shutdown LeaderElection
2019-10-17 07:42:45,213 [24020d0b-ce61-4f5a-b0b0-c561541e8cd4@group-A9EE991D717F-LeaderElection23] INFO  impl.RaftServerImpl (RaftServerImpl.java:setRole(184)) - 24020d0b-ce61-4f5a-b0b0-c561541e8cd4@group-A9EE991D717F: changes role from CANDIDATE to LEADER at term 5 for changeToLeader
2019-10-17 07:42:45,214 [24020d0b-ce61-4f5a-b0b0-c561541e8cd4@group-A9EE991D717F-LeaderElection23] INFO  ratis.XceiverServerRatis (XceiverServerRatis.java:handleLeaderChangedNotification(699)) - Leader change notification received for group: group-A9EE991D717F with new leaderId: 24020d0b-ce61-4f5a-b0b0-c561541e8cd4
2019-10-17 07:42:45,214 [24020d0b-ce61-4f5a-b0b0-c561541e8cd4@group-A9EE991D717F-LeaderElection23] INFO  impl.RaftServerImpl (ServerState.java:setLeader(256)) - 24020d0b-ce61-4f5a-b0b0-c561541e8cd4@group-A9EE991D717F: change Leader from null to 24020d0b-ce61-4f5a-b0b0-c561541e8cd4 at term 5 for becomeLeader, leader elected after 734ms
2019-10-17 07:42:45,214 [24020d0b-ce61-4f5a-b0b0-c561541e8cd4@group-A9EE991D717F-LeaderElection23] INFO  server.RaftServerConfigKeys (ConfUtils.java:logGet(43)) - raft.server.staging.catchup.gap = 1000 (default)
2019-10-17 07:42:45,214 [24020d0b-ce61-4f5a-b0b0-c561541e8cd4@group-A9EE991D717F-LeaderElection23] INFO  server.RaftServerConfigKeys (ConfUtils.java:logGet(43)) - raft.server.rpc.sleep.time = 25ms (default)
2019-10-17 07:42:45,214 [24020d0b-ce61-4f5a-b0b0-c561541e8cd4@group-A9EE991D717F-LeaderElection23] INFO  server.RaftServerConfigKeys (ConfUtils.java:logGet(43)) - raft.server.write.element-limit = 4096 (default)
2019-10-17 07:42:45,216 [24020d0b-ce61-4f5a-b0b0-c561541e8cd4@group-A9EE991D717F-LeaderElection23] INFO  server.RaftServerConfigKeys (ConfUtils.java:logGet(43)) - raft.server.watch.timeout = 10s (default)
2019-10-17 07:42:45,216 [24020d0b-ce61-4f5a-b0b0-c561541e8cd4@group-A9EE991D717F-LeaderElection23] INFO  server.RaftServerConfigKeys (ConfUtils.java:logGet(43)) - raft.server.watch.timeout.denomination = 1s (default)
2019-10-17 07:42:45,216 [24020d0b-ce61-4f5a-b0b0-c561541e8cd4@group-A9EE991D717F-LeaderElection23] INFO  server.RaftServerConfigKeys (ConfUtils.java:logGet(43)) - raft.server.watch.element-limit = 65536 (default)
2019-10-17 07:42:45,217 [EventQueue-PipelineReportForPipelineReportHandler] INFO  pipeline.PipelineReportHandler (PipelineReportHandler.java:processPipelineReport(119)) - Pipeline PipelineID=4019cae6-87b7-45d6-99b0-a9ee991d717f reported by 24020d0b-ce61-4f5a-b0b0-c561541e8cd4{ip: 192.168.34.62, host: pr-hdds-1868-lzclr-202649289, networkLocation: /default-rack, certSerialId: null} with leaderId 24020d0b-ce61-4f5a-b0b0-c561541e8cd4
2019-10-17 07:42:45,220 [24020d0b-ce61-4f5a-b0b0-c561541e8cd4@group-A9EE991D717F-LeaderElection23] INFO  server.RaftServerConfigKeys (ConfUtils.java:logGet(43)) - raft.server.log.appender.snapshot.chunk.size.max = 16MB (=16777216) (default)
2019-10-17 07:42:45,221 [24020d0b-ce61-4f5a-b0b0-c561541e8cd4@group-A9EE991D717F-LeaderElection23] INFO  server.RaftServerConfigKeys (ConfUtils.java:logGet(43)) - raft.server.log.appender.buffer.byte-limit = 33554432 (custom)
2019-10-17 07:42:45,221 [24020d0b-ce61-4f5a-b0b0-c561541e8cd4@group-A9EE991D717F-LeaderElection23] INFO  server.RaftServerConfigKeys (ConfUtils.java:logGet(43)) - raft.server.log.appender.buffer.element-limit = 1 (custom)
2019-10-17 07:42:45,221 [24020d0b-ce61-4f5a-b0b0-c561541e8cd4@group-A9EE991D717F-LeaderElection23] INFO  grpc.GrpcConfigKeys$Server (ConfUtils.java:logGet(43)) - raft.grpc.server.leader.outstanding.appends.max = 128 (default)
2019-10-17 07:42:45,221 [24020d0b-ce61-4f5a-b0b0-c561541e8cd4@group-A9EE991D717F-LeaderElection23] INFO  server.RaftServerConfigKeys (ConfUtils.java:logGet(43)) - raft.server.rpc.request.timeout = 3000ms (default)
2019-10-17 07:42:45,222 [24020d0b-ce61-4f5a-b0b0-c561541e8cd4@group-A9EE991D717F-LeaderElection23] INFO  server.RaftServerConfigKeys (ConfUtils.java:logGet(43)) - raft.server.log.appender.install.snapshot.enabled = false (custom)
2019-10-17 07:42:45,225 [24020d0b-ce61-4f5a-b0b0-c561541e8cd4@group-A9EE991D717F-LeaderElection23] INFO  server.RaftServerConfigKeys (ConfUtils.java:logGet(43)) - raft.server.log.appender.snapshot.chunk.size.max = 16MB (=16777216) (default)
2019-10-17 07:42:45,225 [24020d0b-ce61-4f5a-b0b0-c561541e8cd4@group-A9EE991D717F-LeaderElection23] INFO  server.RaftServerConfigKeys (ConfUtils.java:logGet(43)) - raft.server.log.appender.buffer.byte-limit = 33554432 (custom)
2019-10-17 07:42:45,225 [24020d0b-ce61-4f5a-b0b0-c561541e8cd4@group-A9EE991D717F-LeaderElection23] INFO  server.RaftServerConfigKeys (ConfUtils.java:logGet(43)) - raft.server.log.appender.buffer.element-limit = 1 (custom)
2019-10-17 07:42:45,226 [24020d0b-ce61-4f5a-b0b0-c561541e8cd4@group-A9EE991D717F-LeaderElection23] INFO  grpc.GrpcConfigKeys$Server (ConfUtils.java:logGet(43)) - raft.grpc.server.leader.outstanding.appends.max = 128 (default)
2019-10-17 07:42:45,226 [24020d0b-ce61-4f5a-b0b0-c561541e8cd4@group-A9EE991D717F-LeaderElection23] INFO  server.RaftServerConfigKeys (ConfUtils.java:logGet(43)) - raft.server.rpc.request.timeout = 3000ms (default)
2019-10-17 07:42:45,226 [24020d0b-ce61-4f5a-b0b0-c561541e8cd4@group-A9EE991D717F-LeaderElection23] INFO  server.RaftServerConfigKeys (ConfUtils.java:logGet(43)) - raft.server.log.appender.install.snapshot.enabled = false (custom)
2019-10-17 07:42:45,229 [24020d0b-ce61-4f5a-b0b0-c561541e8cd4@group-A9EE991D717F-LeaderElection23] INFO  impl.RoleInfo (RoleInfo.java:updateAndGet(143)) - 24020d0b-ce61-4f5a-b0b0-c561541e8cd4: start LeaderState
2019-10-17 07:42:45,229 [24020d0b-ce61-4f5a-b0b0-c561541e8cd4@group-A9EE991D717F-LeaderElection23] INFO  segmented.SegmentedRaftLogWorker (SegmentedRaftLogWorker.java:startLogSegment(385)) - 24020d0b-ce61-4f5a-b0b0-c561541e8cd4@group-A9EE991D717F-SegmentedRaftLogWorker: Starting segment from index:0
2019-10-17 07:42:45,230 [24020d0b-ce61-4f5a-b0b0-c561541e8cd4@group-A9EE991D717F-LeaderElection23] INFO  impl.RaftServerImpl (ServerState.java:setRaftConf(357)) - 24020d0b-ce61-4f5a-b0b0-c561541e8cd4@group-A9EE991D717F: set configuration 0: [37bd8e8c-ea68-4b1c-8659-8d001c4f3b5c:192.168.34.62:41632, 24020d0b-ce61-4f5a-b0b0-c561541e8cd4:192.168.34.62:42892, 2a93f7e5-ecb9-41da-9c47-70e13ba76d7d:192.168.34.62:35412], old=null at 0
2019-10-17 07:42:45,233 [grpc-default-executor-3] INFO  ratis.XceiverServerRatis (XceiverServerRatis.java:handleLeaderChangedNotification(699)) - Leader change notification received for group: group-A9EE991D717F with new leaderId: 24020d0b-ce61-4f5a-b0b0-c561541e8cd4
2019-10-17 07:42:45,233 [grpc-default-executor-4] INFO  ratis.XceiverServerRatis (XceiverServerRatis.java:handleLeaderChangedNotification(699)) - Leader change notification received for group: group-A9EE991D717F with new leaderId: 24020d0b-ce61-4f5a-b0b0-c561541e8cd4
2019-10-17 07:42:45,233 [grpc-default-executor-3] INFO  impl.RaftServerImpl (ServerState.java:setLeader(256)) - 37bd8e8c-ea68-4b1c-8659-8d001c4f3b5c@group-A9EE991D717F: change Leader from null to 24020d0b-ce61-4f5a-b0b0-c561541e8cd4 at term 5 for appendEntries, leader elected after 753ms
2019-10-17 07:42:45,234 [grpc-default-executor-4] INFO  impl.RaftServerImpl (ServerState.java:setLeader(256)) - 2a93f7e5-ecb9-41da-9c47-70e13ba76d7d@group-A9EE991D717F: change Leader from null to 24020d0b-ce61-4f5a-b0b0-c561541e8cd4 at term 5 for appendEntries, leader elected after 449ms
2019-10-17 07:42:45,272 [EventQueue-PipelineReportForPipelineReportHandler] INFO  pipeline.PipelineReportHandler (PipelineReportHandler.java:processPipelineReport(119)) - Pipeline PipelineID=4019cae6-87b7-45d6-99b0-a9ee991d717f reported by 37bd8e8c-ea68-4b1c-8659-8d001c4f3b5c{ip: 192.168.34.62, host: pr-hdds-1868-lzclr-202649289, networkLocation: /default-rack, certSerialId: null} with leaderId 24020d0b-ce61-4f5a-b0b0-c561541e8cd4
2019-10-17 07:42:45,273 [EventQueue-PipelineReportForPipelineReportHandler] INFO  pipeline.PipelineReportHandler (PipelineReportHandler.java:processPipelineReport(119)) - Pipeline PipelineID=4019cae6-87b7-45d6-99b0-a9ee991d717f reported by 2a93f7e5-ecb9-41da-9c47-70e13ba76d7d{ip: 192.168.34.62, host: pr-hdds-1868-lzclr-202649289, networkLocation: /default-rack, certSerialId: null} with leaderId 24020d0b-ce61-4f5a-b0b0-c561541e8cd4
2019-10-17 07:42:45,273 [EventQueue-PipelineReportForPipelineReportHandler] INFO  pipeline.PipelineStateManager (PipelineStateManager.java:openPipeline(134)) - Pipeline Pipeline[ Id: 4019cae6-87b7-45d6-99b0-a9ee991d717f, Nodes: 2a93f7e5-ecb9-41da-9c47-70e13ba76d7d{ip: 192.168.34.62, host: pr-hdds-1868-lzclr-202649289, networkLocation: /default-rack, certSerialId: null}24020d0b-ce61-4f5a-b0b0-c561541e8cd4{ip: 192.168.34.62, host: pr-hdds-1868-lzclr-202649289, networkLocation: /default-rack, certSerialId: null}37bd8e8c-ea68-4b1c-8659-8d001c4f3b5c{ip: 192.168.34.62, host: pr-hdds-1868-lzclr-202649289, networkLocation: /default-rack, certSerialId: null}, Type:RATIS, Factor:THREE, State:OPEN] moved to OPEN state
2019-10-17 07:42:45,275 [grpc-default-executor-3] INFO  impl.RaftServerImpl (ServerState.java:setRaftConf(357)) - 37bd8e8c-ea68-4b1c-8659-8d001c4f3b5c@group-A9EE991D717F: set configuration 0: [37bd8e8c-ea68-4b1c-8659-8d001c4f3b5c:192.168.34.62:41632, 24020d0b-ce61-4f5a-b0b0-c561541e8cd4:192.168.34.62:42892, 2a93f7e5-ecb9-41da-9c47-70e13ba76d7d:192.168.34.62:35412], old=null at 0
2019-10-17 07:42:45,275 [grpc-default-executor-3] INFO  segmented.SegmentedRaftLogWorker (SegmentedRaftLogWorker.java:startLogSegment(385)) - 37bd8e8c-ea68-4b1c-8659-8d001c4f3b5c@group-A9EE991D717F-SegmentedRaftLogWorker: Starting segment from index:0
2019-10-17 07:42:45,277 [grpc-default-executor-4] INFO  impl.RaftServerImpl (ServerState.java:setRaftConf(357)) - 2a93f7e5-ecb9-41da-9c47-70e13ba76d7d@group-A9EE991D717F: set configuration 0: [37bd8e8c-ea68-4b1c-8659-8d001c4f3b5c:192.168.34.62:41632, 24020d0b-ce61-4f5a-b0b0-c561541e8cd4:192.168.34.62:42892, 2a93f7e5-ecb9-41da-9c47-70e13ba76d7d:192.168.34.62:35412], old=null at 0
2019-10-17 07:42:45,278 [grpc-default-executor-4] INFO  segmented.SegmentedRaftLogWorker (SegmentedRaftLogWorker.java:truncate(401)) - 2a93f7e5-ecb9-41da-9c47-70e13ba76d7d@group-A9EE991D717F-SegmentedRaftLogWorker: Truncating segments toTruncate: null
  toDelete: [(0, 0) isOpen? true, length=0, newEndIndex=-1], start index 0
2019-10-17 07:42:45,279 [grpc-default-executor-4] INFO  segmented.SegmentedRaftLogWorker (SegmentedRaftLogWorker.java:startLogSegment(385)) - 2a93f7e5-ecb9-41da-9c47-70e13ba76d7d@group-A9EE991D717F-SegmentedRaftLogWorker: Starting segment from index:0
2019-10-17 07:42:45,279 [2a93f7e5-ecb9-41da-9c47-70e13ba76d7d@group-A9EE991D717F-SegmentedRaftLogWorker] INFO  segmented.SegmentedRaftLogWorker (SegmentedRaftLogWorker.java:execute(640)) - 2a93f7e5-ecb9-41da-9c47-70e13ba76d7d@group-A9EE991D717F-SegmentedRaftLogWorker: Deleted log file /workdir/hadoop-ozone/integration-test/target/test-dir/MiniOzoneClusterImpl-87e8d78b-2c25-4827-9c34-ee9c99992073/datanode-3/data/ratis/4019cae6-87b7-45d6-99b0-a9ee991d717f/current/log_inprogress_0
2019-10-17 07:42:45,279 [2a93f7e5-ecb9-41da-9c47-70e13ba76d7d@group-A9EE991D717F-SegmentedRaftLogWorker] INFO  segmented.SegmentedRaftLogWorker (SegmentedRaftLogWorker.java:lambda$new$0(128)) - 2a93f7e5-ecb9-41da-9c47-70e13ba76d7d@group-A9EE991D717F-SegmentedRaftLogWorker: flushIndex: setUnconditionally 0 -> -1
2019-10-17 07:42:45,291 [24020d0b-ce61-4f5a-b0b0-c561541e8cd4@group-A9EE991D717F-SegmentedRaftLogWorker] INFO  segmented.SegmentedRaftLogWorker (SegmentedRaftLogWorker.java:execute(576)) - 24020d0b-ce61-4f5a-b0b0-c561541e8cd4@group-A9EE991D717F-SegmentedRaftLogWorker: created new log segment /workdir/hadoop-ozone/integration-test/target/test-dir/MiniOzoneClusterImpl-87e8d78b-2c25-4827-9c34-ee9c99992073/datanode-5/data/ratis/4019cae6-87b7-45d6-99b0-a9ee991d717f/current/log_inprogress_0
2019-10-17 07:42:45,336 [2a93f7e5-ecb9-41da-9c47-70e13ba76d7d@group-A9EE991D717F-SegmentedRaftLogWorker] INFO  segmented.SegmentedRaftLogWorker (SegmentedRaftLogWorker.java:execute(576)) - 2a93f7e5-ecb9-41da-9c47-70e13ba76d7d@group-A9EE991D717F-SegmentedRaftLogWorker: created new log segment /workdir/hadoop-ozone/integration-test/target/test-dir/MiniOzoneClusterImpl-87e8d78b-2c25-4827-9c34-ee9c99992073/datanode-3/data/ratis/4019cae6-87b7-45d6-99b0-a9ee991d717f/current/log_inprogress_0
2019-10-17 07:42:45,336 [37bd8e8c-ea68-4b1c-8659-8d001c4f3b5c@group-A9EE991D717F-SegmentedRaftLogWorker] INFO  segmented.SegmentedRaftLogWorker (SegmentedRaftLogWorker.java:execute(576)) - 37bd8e8c-ea68-4b1c-8659-8d001c4f3b5c@group-A9EE991D717F-SegmentedRaftLogWorker: created new log segment /workdir/hadoop-ozone/integration-test/target/test-dir/MiniOzoneClusterImpl-87e8d78b-2c25-4827-9c34-ee9c99992073/datanode-0/data/ratis/4019cae6-87b7-45d6-99b0-a9ee991d717f/current/log_inprogress_0
2019-10-17 07:42:45,565 [main] INFO  ozone.MiniOzoneClusterImpl (MiniOzoneClusterImpl.java:lambda$waitForClusterToBeReady$2(172)) - Cluster is ready. Got 6 of 6 DN Heartbeats.
2019-10-17 07:42:45,567 [main] INFO  ozone.MiniOzoneClusterImpl (MiniOzoneClusterImpl.java:stop(368)) - Stopping the Mini Ozone Cluster
2019-10-17 07:42:45,567 [main] INFO  ozone.MiniOzoneClusterImpl (MiniOzoneClusterImpl.java:stopOM(438)) - Stopping the OzoneManager
2019-10-17 07:42:45,567 [main] INFO  ipc.Server (Server.java:stop(3082)) - Stopping server on 34783
2019-10-17 07:42:45,571 [IPC Server listener on 34783] INFO  ipc.Server (Server.java:run(1185)) - Stopping IPC Server listener on 34783
2019-10-17 07:42:45,573 [main] INFO  ratis.OzoneManagerDoubleBuffer (OzoneManagerDoubleBuffer.java:stop(250)) - Stopping OMDoubleBuffer flush thread
2019-10-17 07:42:45,573 [IPC Server Responder] INFO  ipc.Server (Server.java:run(1319)) - Stopping IPC Server Responder
2019-10-17 07:42:45,574 [OMDoubleBufferFlushThread] INFO  ratis.OzoneManagerDoubleBuffer (OzoneManagerDoubleBuffer.java:flushTransactions(193)) - OMDoubleBuffer flush thread OMDoubleBufferFlushThread is interrupted and will exit. OMDoubleBufferFlushThread
2019-10-17 07:42:45,576 [main] INFO  utils.BackgroundService (BackgroundService.java:shutdown(151)) - Shutting down service KeyDeletingService
2019-10-17 07:42:45,581 [main] INFO  handler.ContextHandler (ContextHandler.java:doStop(910)) - Stopped o.e.j.w.WebAppContext@52fc5eb1{/,null,UNAVAILABLE}{/ozoneManager}
2019-10-17 07:42:45,589 [main] INFO  server.AbstractConnector (AbstractConnector.java:doStop(318)) - Stopped ServerConnector@7a639ec5{HTTP/1.1,[http/1.1]}{0.0.0.0:0}
2019-10-17 07:42:45,589 [main] INFO  handler.ContextHandler (ContextHandler.java:doStop(910)) - Stopped o.e.j.s.ServletContextHandler@73877e19{/static,file:///workdir/hadoop-ozone/integration-test/target/test-classes/webapps/static,UNAVAILABLE}
2019-10-17 07:42:45,590 [main] INFO  handler.ContextHandler (ContextHandler.java:doStop(910)) - Stopped o.e.j.s.ServletContextHandler@231baf51{/logs,file:///workdir/hadoop-ozone/integration-test/target/log,UNAVAILABLE}
2019-10-17 07:42:45,596 [main] INFO  ozone.MiniOzoneClusterImpl (MiniOzoneClusterImpl.java:stopDatanodes(415)) - Stopping the HddsDatanodes
2019-10-17 07:42:45,716 [Thread-225] INFO  container.ReplicationManager (ReplicationManager.java:start(162)) - Starting Replication Monitor Thread.
2019-10-17 07:42:45,718 [ReplicationMonitor] INFO  container.ReplicationManager (ReplicationManager.java:run(225)) - Replication Monitor Thread took 1 milliseconds for processing 0 containers.
2019-10-17 07:42:46,072 [Datanode State Machine Thread - 0] INFO  statemachine.DatanodeStateMachine (DatanodeStateMachine.java:lambda$startDaemon$0(350)) - Ozone container server started.
2019-10-17 07:42:46,234 [Datanode State Machine Thread - 0] INFO  statemachine.DatanodeStateMachine (DatanodeStateMachine.java:lambda$startDaemon$0(350)) - Ozone container server started.
2019-10-17 07:42:50,600 [main] INFO  ozoneimpl.OzoneContainer (OzoneContainer.java:stop(227)) - Attempting to stop container services.
2019-10-17 07:42:50,600 [ForkJoinPool.commonPool-worker-1] INFO  ozoneimpl.OzoneContainer (OzoneContainer.java:stop(227)) - Attempting to stop container services.
2019-10-17 07:42:50,602 [main] INFO  impl.RaftServerProxy (RaftServerProxy.java:lambda$close$4(314)) - 2a93f7e5-ecb9-41da-9c47-70e13ba76d7d: close
2019-10-17 07:42:50,602 [ForkJoinPool.commonPool-worker-1] INFO  impl.RaftServerProxy (RaftServerProxy.java:lambda$close$4(314)) - 950052e4-3e22-47da-9ede-753224ba511d: close
2019-10-17 07:42:50,606 [main] INFO  impl.RaftServerImpl (RaftServerImpl.java:lambda$shutdown$3(261)) - 2a93f7e5-ecb9-41da-9c47-70e13ba76d7d@group-A9EE991D717F: shutdown
2019-10-17 07:42:50,606 [ForkJoinPool.commonPool-worker-1] INFO  impl.RaftServerImpl (RaftServerImpl.java:lambda$shutdown$3(261)) - 950052e4-3e22-47da-9ede-753224ba511d@group-5A4280CFE399: shutdown
2019-10-17 07:42:50,606 [main] INFO  util.JmxRegister (JmxRegister.java:unregister(73)) - Successfully un-registered JMX Bean with object name Ratis:service=RaftServer,group=group-A9EE991D717F,id=2a93f7e5-ecb9-41da-9c47-70e13ba76d7d
2019-10-17 07:42:50,606 [ForkJoinPool.commonPool-worker-1] INFO  util.JmxRegister (JmxRegister.java:unregister(73)) - Successfully un-registered JMX Bean with object name Ratis:service=RaftServer,group=group-5A4280CFE399,id=950052e4-3e22-47da-9ede-753224ba511d
2019-10-17 07:42:50,607 [main] INFO  impl.RoleInfo (RoleInfo.java:shutdownFollowerState(121)) - 2a93f7e5-ecb9-41da-9c47-70e13ba76d7d: shutdown FollowerState
2019-10-17 07:42:50,607 [ForkJoinPool.commonPool-worker-1] INFO  impl.RoleInfo (RoleInfo.java:shutdownLeaderState(104)) - 950052e4-3e22-47da-9ede-753224ba511d: shutdown LeaderState
2019-10-17 07:42:50,608 [Thread-380] INFO  impl.FollowerState (FollowerState.java:run(117)) - 2a93f7e5-ecb9-41da-9c47-70e13ba76d7d@group-A9EE991D717F-FollowerState was interrupted: java.lang.InterruptedException: sleep interrupted
2019-10-17 07:42:50,607 [main] INFO  impl.StateMachineUpdater (StateMachineUpdater.java:stopAndJoin(136)) - 2a93f7e5-ecb9-41da-9c47-70e13ba76d7d@group-A9EE991D717F-StateMachineUpdater: set stopIndex = 0
2019-10-17 07:42:50,608 [ForkJoinPool.commonPool-worker-1] INFO  impl.PendingRequests (PendingRequests.java:sendNotLeaderResponses(202)) - 950052e4-3e22-47da-9ede-753224ba511d@group-5A4280CFE399-PendingRequests: sendNotLeaderResponses
2019-10-17 07:42:50,611 [main] INFO  impl.RaftServerImpl (ServerState.java:close(388)) - 2a93f7e5-ecb9-41da-9c47-70e13ba76d7d@group-A9EE991D717F: closes. applyIndex: 0
2019-10-17 07:42:50,612 [ForkJoinPool.commonPool-worker-1] INFO  impl.StateMachineUpdater (StateMachineUpdater.java:stopAndJoin(136)) - 950052e4-3e22-47da-9ede-753224ba511d@group-5A4280CFE399-StateMachineUpdater: set stopIndex = 0
2019-10-17 07:42:50,613 [ForkJoinPool.commonPool-worker-1] INFO  impl.RaftServerImpl (ServerState.java:close(388)) - 950052e4-3e22-47da-9ede-753224ba511d@group-5A4280CFE399: closes. applyIndex: 0
2019-10-17 07:42:50,615 [950052e4-3e22-47da-9ede-753224ba511d@group-5A4280CFE399-SegmentedRaftLogWorker] INFO  segmented.SegmentedRaftLogWorker (SegmentedRaftLogWorker.java:run(316)) - 950052e4-3e22-47da-9ede-753224ba511d@group-5A4280CFE399-SegmentedRaftLogWorker was interrupted, exiting. There are 0 tasks remaining in the queue.
2019-10-17 07:42:50,615 [2a93f7e5-ecb9-41da-9c47-70e13ba76d7d@group-A9EE991D717F-SegmentedRaftLogWorker] INFO  segmented.SegmentedRaftLogWorker (SegmentedRaftLogWorker.java:run(316)) - 2a93f7e5-ecb9-41da-9c47-70e13ba76d7d@group-A9EE991D717F-SegmentedRaftLogWorker was interrupted, exiting. There are 0 tasks remaining in the queue.
2019-10-17 07:42:50,618 [ForkJoinPool.commonPool-worker-1] INFO  segmented.SegmentedRaftLogWorker (SegmentedRaftLogWorker.java:close(224)) - 950052e4-3e22-47da-9ede-753224ba511d@group-5A4280CFE399-SegmentedRaftLogWorker close()
2019-10-17 07:42:50,618 [main] INFO  segmented.SegmentedRaftLogWorker (SegmentedRaftLogWorker.java:close(224)) - 2a93f7e5-ecb9-41da-9c47-70e13ba76d7d@group-A9EE991D717F-SegmentedRaftLogWorker close()
2019-10-17 07:42:50,622 [ForkJoinPool.commonPool-worker-1] INFO  impl.RaftServerImpl (RaftServerImpl.java:lambda$shutdown$3(261)) - 950052e4-3e22-47da-9ede-753224ba511d@group-56D8D7603B90: shutdown
2019-10-17 07:42:50,622 [main] INFO  impl.RaftServerImpl (RaftServerImpl.java:lambda$shutdown$3(261)) - 2a93f7e5-ecb9-41da-9c47-70e13ba76d7d@group-0B27B5B66CFA: shutdown
2019-10-17 07:42:50,622 [ForkJoinPool.commonPool-worker-1] INFO  util.JmxRegister (JmxRegister.java:unregister(73)) - Successfully un-registered JMX Bean with object name Ratis:service=RaftServer,group=group-56D8D7603B90,id=950052e4-3e22-47da-9ede-753224ba511d
2019-10-17 07:42:50,623 [main] INFO  util.JmxRegister (JmxRegister.java:unregister(73)) - Successfully un-registered JMX Bean with object name Ratis:service=RaftServer,group=group-0B27B5B66CFA,id=2a93f7e5-ecb9-41da-9c47-70e13ba76d7d
2019-10-17 07:42:50,623 [ForkJoinPool.commonPool-worker-1] INFO  impl.RoleInfo (RoleInfo.java:shutdownLeaderState(104)) - 950052e4-3e22-47da-9ede-753224ba511d: shutdown LeaderState
2019-10-17 07:42:50,623 [main] INFO  impl.RoleInfo (RoleInfo.java:shutdownLeaderState(104)) - 2a93f7e5-ecb9-41da-9c47-70e13ba76d7d: shutdown LeaderState
2019-10-17 07:42:50,626 [org.apache.ratis.server.impl.LogAppender$AppenderDaemon$$Lambda$428/1016678028@326dff2e] WARN  server.GrpcLogAppender (GrpcLogAppender.java:mayWait(149)) - 950052e4-3e22-47da-9ede-753224ba511d@group-56D8D7603B90->a802dc96-981d-402b-abc4-149484258632-GrpcLogAppender: Wait interrupted by java.lang.InterruptedException
2019-10-17 07:42:50,626 [ForkJoinPool.commonPool-worker-1] INFO  impl.PendingRequests (PendingRequests.java:sendNotLeaderResponses(202)) - 950052e4-3e22-47da-9ede-753224ba511d@group-56D8D7603B90-PendingRequests: sendNotLeaderResponses
2019-10-17 07:42:50,626 [org.apache.ratis.server.impl.LogAppender$AppenderDaemon$$Lambda$428/1016678028@3a4bf24] WARN  server.GrpcLogAppender (GrpcLogAppender.java:mayWait(149)) - 950052e4-3e22-47da-9ede-753224ba511d@group-56D8D7603B90->029f6492-d0d3-4359-81c8-d83b80fef939-GrpcLogAppender: Wait interrupted by java.lang.InterruptedException
2019-10-17 07:42:50,627 [ForkJoinPool.commonPool-worker-1] INFO  impl.StateMachineUpdater (StateMachineUpdater.java:stopAndJoin(136)) - 950052e4-3e22-47da-9ede-753224ba511d@group-56D8D7603B90-StateMachineUpdater: set stopIndex = 0
2019-10-17 07:42:50,626 [main] INFO  impl.PendingRequests (PendingRequests.java:sendNotLeaderResponses(202)) - 2a93f7e5-ecb9-41da-9c47-70e13ba76d7d@group-0B27B5B66CFA-PendingRequests: sendNotLeaderResponses
2019-10-17 07:42:50,627 [ForkJoinPool.commonPool-worker-1] INFO  impl.RaftServerImpl (ServerState.java:close(388)) - 950052e4-3e22-47da-9ede-753224ba511d@group-56D8D7603B90: closes. applyIndex: 0
2019-10-17 07:42:50,628 [grpc-default-executor-3] INFO  server.GrpcServerProtocolService (GrpcServerProtocolService.java:onCompleted(113)) - 029f6492-d0d3-4359-81c8-d83b80fef939: Completed APPEND_ENTRIES, lastRequest: 950052e4-3e22-47da-9ede-753224ba511d->029f6492-d0d3-4359-81c8-d83b80fef939#3-t8, previous=(t:8, i:0), leaderCommit=0, initializing? false, entries: <empty>
2019-10-17 07:42:50,628 [grpc-default-executor-4] INFO  server.GrpcServerProtocolService (GrpcServerProtocolService.java:onCompleted(113)) - a802dc96-981d-402b-abc4-149484258632: Completed APPEND_ENTRIES, lastRequest: 950052e4-3e22-47da-9ede-753224ba511d->a802dc96-981d-402b-abc4-149484258632#3-t8, previous=(t:8, i:0), leaderCommit=0, initializing? false, entries: <empty>
2019-10-17 07:42:50,628 [main] INFO  impl.StateMachineUpdater (StateMachineUpdater.java:stopAndJoin(136)) - 2a93f7e5-ecb9-41da-9c47-70e13ba76d7d@group-0B27B5B66CFA-StateMachineUpdater: set stopIndex = 0
2019-10-17 07:42:50,629 [main] INFO  impl.RaftServerImpl (ServerState.java:close(388)) - 2a93f7e5-ecb9-41da-9c47-70e13ba76d7d@group-0B27B5B66CFA: closes. applyIndex: 0
2019-10-17 07:42:50,628 [950052e4-3e22-47da-9ede-753224ba511d@group-56D8D7603B90-SegmentedRaftLogWorker] INFO  segmented.SegmentedRaftLogWorker (SegmentedRaftLogWorker.java:run(316)) - 950052e4-3e22-47da-9ede-753224ba511d@group-56D8D7603B90-SegmentedRaftLogWorker was interrupted, exiting. There are 0 tasks remaining in the queue.
2019-10-17 07:42:50,629 [2a93f7e5-ecb9-41da-9c47-70e13ba76d7d@group-0B27B5B66CFA-SegmentedRaftLogWorker] INFO  segmented.SegmentedRaftLogWorker (SegmentedRaftLogWorker.java:run(316)) - 2a93f7e5-ecb9-41da-9c47-70e13ba76d7d@group-0B27B5B66CFA-SegmentedRaftLogWorker was interrupted, exiting. There are 0 tasks remaining in the queue.
2019-10-17 07:42:50,629 [grpc-default-executor-4] INFO  server.GrpcLogAppender (GrpcLogAppender.java:onCompleted(308)) - 950052e4-3e22-47da-9ede-753224ba511d@group-56D8D7603B90->029f6492-d0d3-4359-81c8-d83b80fef939-AppendLogResponseHandler: follower responses appendEntries COMPLETED
2019-10-17 07:42:50,633 [main] INFO  segmented.SegmentedRaftLogWorker (SegmentedRaftLogWorker.java:close(224)) - 2a93f7e5-ecb9-41da-9c47-70e13ba76d7d@group-0B27B5B66CFA-SegmentedRaftLogWorker close()
2019-10-17 07:42:50,631 [grpc-default-executor-3] INFO  server.GrpcLogAppender (GrpcLogAppender.java:onCompleted(308)) - 950052e4-3e22-47da-9ede-753224ba511d@group-56D8D7603B90->a802dc96-981d-402b-abc4-149484258632-AppendLogResponseHandler: follower responses appendEntries COMPLETED
2019-10-17 07:42:50,631 [ForkJoinPool.commonPool-worker-1] INFO  segmented.SegmentedRaftLogWorker (SegmentedRaftLogWorker.java:close(224)) - 950052e4-3e22-47da-9ede-753224ba511d@group-56D8D7603B90-SegmentedRaftLogWorker close()
2019-10-17 07:42:50,640 [grpc-default-executor-4] INFO  impl.FollowerInfo (FollowerInfo.java:lambda$new$0(51)) - 950052e4-3e22-47da-9ede-753224ba511d@group-56D8D7603B90->029f6492-d0d3-4359-81c8-d83b80fef939: nextIndex: updateUnconditionally 1 -> 0
2019-10-17 07:42:50,642 [ForkJoinPool.commonPool-worker-1] INFO  server.GrpcService (GrpcService.java:closeImpl(164)) - 950052e4-3e22-47da-9ede-753224ba511d: shutdown server with port 44758 now
2019-10-17 07:42:50,642 [main] INFO  server.GrpcService (GrpcService.java:closeImpl(164)) - 2a93f7e5-ecb9-41da-9c47-70e13ba76d7d: shutdown server with port 35412 now
2019-10-17 07:42:50,643 [grpc-default-executor-3] INFO  impl.FollowerInfo (FollowerInfo.java:lambda$new$0(51)) - 950052e4-3e22-47da-9ede-753224ba511d@group-56D8D7603B90->a802dc96-981d-402b-abc4-149484258632: nextIndex: updateUnconditionally 1 -> 0
2019-10-17 07:42:50,647 [ForkJoinPool.commonPool-worker-1] INFO  server.GrpcService (GrpcService.java:closeImpl(172)) - 950052e4-3e22-47da-9ede-753224ba511d: shutdown server with port 44758 successfully
2019-10-17 07:42:50,651 [grpc-default-executor-4] WARN  server.GrpcServerProtocolService (LogUtils.java:warn(134)) - 2a93f7e5-ecb9-41da-9c47-70e13ba76d7d: installSnapshot onError, lastRequest: 24020d0b-ce61-4f5a-b0b0-c561541e8cd4->2a93f7e5-ecb9-41da-9c47-70e13ba76d7d#3-t5, previous=(t:5, i:0), leaderCommit=0, initializing? false, entries: <empty>: org.apache.ratis.thirdparty.io.grpc.StatusRuntimeException: CANCELLED: cancelled before receiving half close
2019-10-17 07:42:50,653 [main] INFO  server.GrpcService (GrpcService.java:closeImpl(172)) - 2a93f7e5-ecb9-41da-9c47-70e13ba76d7d: shutdown server with port 35412 successfully
2019-10-17 07:42:50,655 [grpc-default-executor-3] WARN  server.GrpcLogAppender (LogUtils.java:warn(134)) - 24020d0b-ce61-4f5a-b0b0-c561541e8cd4@group-A9EE991D717F->2a93f7e5-ecb9-41da-9c47-70e13ba76d7d-AppendLogResponseHandler: Failed appendEntries: org.apache.ratis.thirdparty.io.grpc.StatusRuntimeException: CANCELLED: HTTP/2 error code: CANCEL
Received Rst Stream
2019-10-17 07:42:50,659 [refreshUsed-/workdir/hadoop-ozone/integration-test/target/test-dir/MiniOzoneClusterImpl-87e8d78b-2c25-4827-9c34-ee9c99992073/datanode-1/data/containers] WARN  fs.CachingGetSpaceUsed (CachingGetSpaceUsed.java:run(183)) - Thread Interrupted waiting to refresh disk information: sleep interrupted
2019-10-17 07:42:50,664 [refreshUsed-/workdir/hadoop-ozone/integration-test/target/test-dir/MiniOzoneClusterImpl-87e8d78b-2c25-4827-9c34-ee9c99992073/datanode-3/data/containers] WARN  fs.CachingGetSpaceUsed (CachingGetSpaceUsed.java:run(183)) - Thread Interrupted waiting to refresh disk information: sleep interrupted
2019-10-17 07:42:50,691 [ForkJoinPool.commonPool-worker-1] INFO  utils.BackgroundService (BackgroundService.java:shutdown(151)) - Shutting down service BlockDeletingService
2019-10-17 07:42:50,695 [ForkJoinPool.commonPool-worker-1] INFO  statemachine.DatanodeStateMachine (DatanodeStateMachine.java:stopDaemon(395)) - Ozone container server stopped.
2019-10-17 07:42:50,699 [ForkJoinPool.commonPool-worker-1] INFO  handler.ContextHandler (ContextHandler.java:doStop(910)) - Stopped o.e.j.w.WebAppContext@38d17d80{/,null,UNAVAILABLE}{/hddsDatanode}
2019-10-17 07:42:50,700 [main] INFO  utils.BackgroundService (BackgroundService.java:shutdown(151)) - Shutting down service BlockDeletingService
2019-10-17 07:42:50,700 [ForkJoinPool.commonPool-worker-1] INFO  server.AbstractConnector (AbstractConnector.java:doStop(318)) - Stopped ServerConnector@6ede46f6{HTTP/1.1,[http/1.1]}{0.0.0.0:0}
2019-10-17 07:42:50,703 [ForkJoinPool.commonPool-worker-1] INFO  handler.ContextHandler (ContextHandler.java:doStop(910)) - Stopped o.e.j.s.ServletContextHandler@587a1cfb{/static,jar:file:/home/user/.m2/repository/org/apache/hadoop/hadoop-hdds-container-service/0.5.0-SNAPSHOT/hadoop-hdds-container-service-0.5.0-SNAPSHOT.jar!/webapps/static,UNAVAILABLE}
2019-10-17 07:42:50,704 [main] INFO  statemachine.DatanodeStateMachine (DatanodeStateMachine.java:stopDaemon(395)) - Ozone container server stopped.
2019-10-17 07:42:50,706 [ForkJoinPool.commonPool-worker-1] INFO  handler.ContextHandler (ContextHandler.java:doStop(910)) - Stopped o.e.j.s.ServletContextHandler@3374b5bc{/logs,file:///workdir/hadoop-ozone/integration-test/target/log,UNAVAILABLE}
2019-10-17 07:42:50,707 [main] INFO  handler.ContextHandler (ContextHandler.java:doStop(910)) - Stopped o.e.j.w.WebAppContext@6cff61fc{/,null,UNAVAILABLE}{/hddsDatanode}
2019-10-17 07:42:50,708 [main] INFO  server.AbstractConnector (AbstractConnector.java:doStop(318)) - Stopped ServerConnector@6e0c6a7a{HTTP/1.1,[http/1.1]}{0.0.0.0:0}
2019-10-17 07:42:50,708 [main] INFO  handler.ContextHandler (ContextHandler.java:doStop(910)) - Stopped o.e.j.s.ServletContextHandler@56a4f272{/static,jar:file:/home/user/.m2/repository/org/apache/hadoop/hadoop-hdds-container-service/0.5.0-SNAPSHOT/hadoop-hdds-container-service-0.5.0-SNAPSHOT.jar!/webapps/static,UNAVAILABLE}
2019-10-17 07:42:50,709 [main] INFO  handler.ContextHandler (ContextHandler.java:doStop(910)) - Stopped o.e.j.s.ServletContextHandler@3bbf841e{/logs,file:///workdir/hadoop-ozone/integration-test/target/log,UNAVAILABLE}
2019-10-17 07:42:51,082 [Datanode State Machine Thread - 0] INFO  statemachine.DatanodeStateMachine (DatanodeStateMachine.java:lambda$startDaemon$0(350)) - Ozone container server started.
2019-10-17 07:42:51,214 [Datanode State Machine Thread - 0] INFO  statemachine.DatanodeStateMachine (DatanodeStateMachine.java:lambda$startDaemon$0(350)) - Ozone container server started.
2019-10-17 07:42:55,708 [ForkJoinPool.commonPool-worker-1] INFO  ozoneimpl.OzoneContainer (OzoneContainer.java:stop(227)) - Attempting to stop container services.
2019-10-17 07:42:55,709 [ForkJoinPool.commonPool-worker-1] INFO  impl.RaftServerProxy (RaftServerProxy.java:lambda$close$4(314)) - 029f6492-d0d3-4359-81c8-d83b80fef939: close
2019-10-17 07:42:55,709 [ForkJoinPool.commonPool-worker-1] INFO  impl.RaftServerImpl (RaftServerImpl.java:lambda$shutdown$3(261)) - 029f6492-d0d3-4359-81c8-d83b80fef939@group-4065A40678CA: shutdown
2019-10-17 07:42:55,710 [ForkJoinPool.commonPool-worker-1] INFO  util.JmxRegister (JmxRegister.java:unregister(73)) - Successfully un-registered JMX Bean with object name Ratis:service=RaftServer,group=group-4065A40678CA,id=029f6492-d0d3-4359-81c8-d83b80fef939
2019-10-17 07:42:55,710 [ForkJoinPool.commonPool-worker-1] INFO  impl.RoleInfo (RoleInfo.java:shutdownLeaderState(104)) - 029f6492-d0d3-4359-81c8-d83b80fef939: shutdown LeaderState
2019-10-17 07:42:55,710 [ForkJoinPool.commonPool-worker-1] INFO  impl.PendingRequests (PendingRequests.java:sendNotLeaderResponses(202)) - 029f6492-d0d3-4359-81c8-d83b80fef939@group-4065A40678CA-PendingRequests: sendNotLeaderResponses
2019-10-17 07:42:55,711 [ForkJoinPool.commonPool-worker-1] INFO  impl.StateMachineUpdater (StateMachineUpdater.java:stopAndJoin(136)) - 029f6492-d0d3-4359-81c8-d83b80fef939@group-4065A40678CA-StateMachineUpdater: set stopIndex = 0
2019-10-17 07:42:55,711 [main] INFO  ozoneimpl.OzoneContainer (OzoneContainer.java:stop(227)) - Attempting to stop container services.
2019-10-17 07:42:55,711 [ForkJoinPool.commonPool-worker-1] INFO  impl.RaftServerImpl (ServerState.java:close(388)) - 029f6492-d0d3-4359-81c8-d83b80fef939@group-4065A40678CA: closes. applyIndex: 0
2019-10-17 07:42:55,711 [main] INFO  impl.RaftServerProxy (RaftServerProxy.java:lambda$close$4(314)) - 24020d0b-ce61-4f5a-b0b0-c561541e8cd4: close
2019-10-17 07:42:55,712 [029f6492-d0d3-4359-81c8-d83b80fef939@group-4065A40678CA-SegmentedRaftLogWorker] INFO  segmented.SegmentedRaftLogWorker (SegmentedRaftLogWorker.java:run(316)) - 029f6492-d0d3-4359-81c8-d83b80fef939@group-4065A40678CA-SegmentedRaftLogWorker was interrupted, exiting. There are 0 tasks remaining in the queue.
2019-10-17 07:42:55,712 [main] INFO  impl.RaftServerImpl (RaftServerImpl.java:lambda$shutdown$3(261)) - 24020d0b-ce61-4f5a-b0b0-c561541e8cd4@group-A9EE991D717F: shutdown
2019-10-17 07:42:55,713 [ForkJoinPool.commonPool-worker-1] INFO  segmented.SegmentedRaftLogWorker (SegmentedRaftLogWorker.java:close(224)) - 029f6492-d0d3-4359-81c8-d83b80fef939@group-4065A40678CA-SegmentedRaftLogWorker close()
2019-10-17 07:42:55,714 [main] INFO  util.JmxRegister (JmxRegister.java:unregister(73)) - Successfully un-registered JMX Bean with object name Ratis:service=RaftServer,group=group-A9EE991D717F,id=24020d0b-ce61-4f5a-b0b0-c561541e8cd4
2019-10-17 07:42:55,716 [ForkJoinPool.commonPool-worker-1] INFO  impl.RaftServerImpl (RaftServerImpl.java:lambda$shutdown$3(261)) - 029f6492-d0d3-4359-81c8-d83b80fef939@group-56D8D7603B90: shutdown
2019-10-17 07:42:55,716 [main] INFO  impl.RoleInfo (RoleInfo.java:shutdownLeaderState(104)) - 24020d0b-ce61-4f5a-b0b0-c561541e8cd4: shutdown LeaderState
2019-10-17 07:42:55,717 [ForkJoinPool.commonPool-worker-1] INFO  util.JmxRegister (JmxRegister.java:unregister(73)) - Successfully un-registered JMX Bean with object name Ratis:service=RaftServer,group=group-56D8D7603B90,id=029f6492-d0d3-4359-81c8-d83b80fef939
2019-10-17 07:42:55,719 [org.apache.ratis.server.impl.LogAppender$AppenderDaemon$$Lambda$428/1016678028@fd3d730] WARN  server.GrpcLogAppender (GrpcLogAppender.java:mayWait(149)) - 24020d0b-ce61-4f5a-b0b0-c561541e8cd4@group-A9EE991D717F->37bd8e8c-ea68-4b1c-8659-8d001c4f3b5c-GrpcLogAppender: Wait interrupted by java.lang.InterruptedException
2019-10-17 07:42:55,719 [org.apache.ratis.server.impl.LogAppender$AppenderDaemon$$Lambda$428/1016678028@3e16fc34] WARN  server.GrpcLogAppender (GrpcLogAppender.java:mayWait(149)) - 24020d0b-ce61-4f5a-b0b0-c561541e8cd4@group-A9EE991D717F->2a93f7e5-ecb9-41da-9c47-70e13ba76d7d-GrpcLogAppender: Wait interrupted by java.lang.InterruptedException
2019-10-17 07:42:55,719 [main] INFO  impl.PendingRequests (PendingRequests.java:sendNotLeaderResponses(202)) - 24020d0b-ce61-4f5a-b0b0-c561541e8cd4@group-A9EE991D717F-PendingRequests: sendNotLeaderResponses
2019-10-17 07:42:55,719 [ForkJoinPool.commonPool-worker-1] INFO  impl.RoleInfo (RoleInfo.java:shutdownFollowerState(121)) - 029f6492-d0d3-4359-81c8-d83b80fef939: shutdown FollowerState
2019-10-17 07:42:55,720 [main] INFO  impl.StateMachineUpdater (StateMachineUpdater.java:stopAndJoin(136)) - 24020d0b-ce61-4f5a-b0b0-c561541e8cd4@group-A9EE991D717F-StateMachineUpdater: set stopIndex = 0
2019-10-17 07:42:55,721 [main] INFO  impl.RaftServerImpl (ServerState.java:close(388)) - 24020d0b-ce61-4f5a-b0b0-c561541e8cd4@group-A9EE991D717F: closes. applyIndex: 0
2019-10-17 07:42:55,721 [grpc-default-executor-4] INFO  server.GrpcServerProtocolService (GrpcServerProtocolService.java:onCompleted(113)) - 37bd8e8c-ea68-4b1c-8659-8d001c4f3b5c: Completed APPEND_ENTRIES, lastRequest: 24020d0b-ce61-4f5a-b0b0-c561541e8cd4->37bd8e8c-ea68-4b1c-8659-8d001c4f3b5c#5-t5, previous=(t:5, i:0), leaderCommit=0, initializing? false, entries: <empty>
2019-10-17 07:42:55,721 [Thread-362] INFO  impl.FollowerState (FollowerState.java:run(117)) - 029f6492-d0d3-4359-81c8-d83b80fef939@group-56D8D7603B90-FollowerState was interrupted: java.lang.InterruptedException: sleep interrupted
2019-10-17 07:42:55,720 [ForkJoinPool.commonPool-worker-1] INFO  impl.StateMachineUpdater (StateMachineUpdater.java:stopAndJoin(136)) - 029f6492-d0d3-4359-81c8-d83b80fef939@group-56D8D7603B90-StateMachineUpdater: set stopIndex = 0
2019-10-17 07:42:55,723 [ForkJoinPool.commonPool-worker-1] INFO  impl.RaftServerImpl (ServerState.java:close(388)) - 029f6492-d0d3-4359-81c8-d83b80fef939@group-56D8D7603B90: closes. applyIndex: 0
2019-10-17 07:42:55,722 [24020d0b-ce61-4f5a-b0b0-c561541e8cd4@group-A9EE991D717F-SegmentedRaftLogWorker] INFO  segmented.SegmentedRaftLogWorker (SegmentedRaftLogWorker.java:run(316)) - 24020d0b-ce61-4f5a-b0b0-c561541e8cd4@group-A9EE991D717F-SegmentedRaftLogWorker was interrupted, exiting. There are 0 tasks remaining in the queue.
2019-10-17 07:42:55,723 [029f6492-d0d3-4359-81c8-d83b80fef939@group-56D8D7603B90-SegmentedRaftLogWorker] INFO  segmented.SegmentedRaftLogWorker (SegmentedRaftLogWorker.java:run(316)) - 029f6492-d0d3-4359-81c8-d83b80fef939@group-56D8D7603B90-SegmentedRaftLogWorker was interrupted, exiting. There are 0 tasks remaining in the queue.
2019-10-17 07:42:55,726 [ForkJoinPool.commonPool-worker-1] INFO  segmented.SegmentedRaftLogWorker (SegmentedRaftLogWorker.java:close(224)) - 029f6492-d0d3-4359-81c8-d83b80fef939@group-56D8D7603B90-SegmentedRaftLogWorker close()
2019-10-17 07:42:55,726 [main] INFO  segmented.SegmentedRaftLogWorker (SegmentedRaftLogWorker.java:close(224)) - 24020d0b-ce61-4f5a-b0b0-c561541e8cd4@group-A9EE991D717F-SegmentedRaftLogWorker close()
2019-10-17 07:42:55,726 [grpc-default-executor-4] INFO  server.GrpcLogAppender (GrpcLogAppender.java:onCompleted(308)) - 24020d0b-ce61-4f5a-b0b0-c561541e8cd4@group-A9EE991D717F->37bd8e8c-ea68-4b1c-8659-8d001c4f3b5c-AppendLogResponseHandler: follower responses appendEntries COMPLETED
2019-10-17 07:42:55,730 [main] INFO  impl.RaftServerImpl (RaftServerImpl.java:lambda$shutdown$3(261)) - 24020d0b-ce61-4f5a-b0b0-c561541e8cd4@group-FEB16DB33BA8: shutdown
2019-10-17 07:42:55,728 [ForkJoinPool.commonPool-worker-1] INFO  server.GrpcService (GrpcService.java:closeImpl(164)) - 029f6492-d0d3-4359-81c8-d83b80fef939: shutdown server with port 38839 now
2019-10-17 07:42:55,732 [main] INFO  util.JmxRegister (JmxRegister.java:unregister(73)) - Successfully un-registered JMX Bean with object name Ratis:service=RaftServer,group=group-FEB16DB33BA8,id=24020d0b-ce61-4f5a-b0b0-c561541e8cd4
2019-10-17 07:42:55,732 [grpc-default-executor-4] INFO  impl.FollowerInfo (FollowerInfo.java:lambda$new$0(51)) - 24020d0b-ce61-4f5a-b0b0-c561541e8cd4@group-A9EE991D717F->37bd8e8c-ea68-4b1c-8659-8d001c4f3b5c: nextIndex: updateUnconditionally 1 -> 0
2019-10-17 07:42:55,732 [main] INFO  impl.RoleInfo (RoleInfo.java:shutdownLeaderState(104)) - 24020d0b-ce61-4f5a-b0b0-c561541e8cd4: shutdown LeaderState
2019-10-17 07:42:55,733 [ForkJoinPool.commonPool-worker-1] INFO  server.GrpcService (GrpcService.java:closeImpl(172)) - 029f6492-d0d3-4359-81c8-d83b80fef939: shutdown server with port 38839 successfully
2019-10-17 07:42:55,733 [main] INFO  impl.PendingRequests (PendingRequests.java:sendNotLeaderResponses(202)) - 24020d0b-ce61-4f5a-b0b0-c561541e8cd4@group-FEB16DB33BA8-PendingRequests: sendNotLeaderResponses
2019-10-17 07:42:55,734 [main] INFO  impl.StateMachineUpdater (StateMachineUpdater.java:stopAndJoin(136)) - 24020d0b-ce61-4f5a-b0b0-c561541e8cd4@group-FEB16DB33BA8-StateMachineUpdater: set stopIndex = 0
2019-10-17 07:42:55,735 [main] INFO  impl.RaftServerImpl (ServerState.java:close(388)) - 24020d0b-ce61-4f5a-b0b0-c561541e8cd4@group-FEB16DB33BA8: closes. applyIndex: 0
2019-10-17 07:42:55,735 [24020d0b-ce61-4f5a-b0b0-c561541e8cd4@group-FEB16DB33BA8-SegmentedRaftLogWorker] INFO  segmented.SegmentedRaftLogWorker (SegmentedRaftLogWorker.java:run(316)) - 24020d0b-ce61-4f5a-b0b0-c561541e8cd4@group-FEB16DB33BA8-SegmentedRaftLogWorker was interrupted, exiting. There are 0 tasks remaining in the queue.
2019-10-17 07:42:55,737 [main] INFO  segmented.SegmentedRaftLogWorker (SegmentedRaftLogWorker.java:close(224)) - 24020d0b-ce61-4f5a-b0b0-c561541e8cd4@group-FEB16DB33BA8-SegmentedRaftLogWorker close()
2019-10-17 07:42:55,739 [main] INFO  server.GrpcService (GrpcService.java:closeImpl(164)) - 24020d0b-ce61-4f5a-b0b0-c561541e8cd4: shutdown server with port 42892 now
2019-10-17 07:42:55,742 [main] INFO  server.GrpcService (GrpcService.java:closeImpl(172)) - 24020d0b-ce61-4f5a-b0b0-c561541e8cd4: shutdown server with port 42892 successfully
2019-10-17 07:42:55,746 [refreshUsed-/workdir/hadoop-ozone/integration-test/target/test-dir/MiniOzoneClusterImpl-87e8d78b-2c25-4827-9c34-ee9c99992073/datanode-2/data/containers] WARN  fs.CachingGetSpaceUsed (CachingGetSpaceUsed.java:run(183)) - Thread Interrupted waiting to refresh disk information: sleep interrupted
2019-10-17 07:42:55,756 [refreshUsed-/workdir/hadoop-ozone/integration-test/target/test-dir/MiniOzoneClusterImpl-87e8d78b-2c25-4827-9c34-ee9c99992073/datanode-5/data/containers] WARN  fs.CachingGetSpaceUsed (CachingGetSpaceUsed.java:run(183)) - Thread Interrupted waiting to refresh disk information: sleep interrupted
2019-10-17 07:42:55,773 [ForkJoinPool.commonPool-worker-1] INFO  utils.BackgroundService (BackgroundService.java:shutdown(151)) - Shutting down service BlockDeletingService
2019-10-17 07:42:55,774 [main] INFO  utils.BackgroundService (BackgroundService.java:shutdown(151)) - Shutting down service BlockDeletingService
2019-10-17 07:42:55,777 [ForkJoinPool.commonPool-worker-1] INFO  statemachine.DatanodeStateMachine (DatanodeStateMachine.java:stopDaemon(395)) - Ozone container server stopped.
2019-10-17 07:42:55,779 [main] INFO  statemachine.DatanodeStateMachine (DatanodeStateMachine.java:stopDaemon(395)) - Ozone container server stopped.
2019-10-17 07:42:55,781 [main] INFO  handler.ContextHandler (ContextHandler.java:doStop(910)) - Stopped o.e.j.w.WebAppContext@46349b95{/,null,UNAVAILABLE}{/hddsDatanode}
2019-10-17 07:42:55,782 [ForkJoinPool.commonPool-worker-1] INFO  handler.ContextHandler (ContextHandler.java:doStop(910)) - Stopped o.e.j.w.WebAppContext@3804a9a8{/,null,UNAVAILABLE}{/hddsDatanode}
2019-10-17 07:42:55,783 [main] INFO  server.AbstractConnector (AbstractConnector.java:doStop(318)) - Stopped ServerConnector@176996c3{HTTP/1.1,[http/1.1]}{0.0.0.0:0}
2019-10-17 07:42:55,783 [main] INFO  handler.ContextHandler (ContextHandler.java:doStop(910)) - Stopped o.e.j.s.ServletContextHandler@3d4e405e{/static,jar:file:/home/user/.m2/repository/org/apache/hadoop/hadoop-hdds-container-service/0.5.0-SNAPSHOT/hadoop-hdds-container-service-0.5.0-SNAPSHOT.jar!/webapps/static,UNAVAILABLE}
2019-10-17 07:42:55,783 [ForkJoinPool.commonPool-worker-1] INFO  server.AbstractConnector (AbstractConnector.java:doStop(318)) - Stopped ServerConnector@117525fe{HTTP/1.1,[http/1.1]}{0.0.0.0:0}
2019-10-17 07:42:55,784 [main] INFO  handler.ContextHandler (ContextHandler.java:doStop(910)) - Stopped o.e.j.s.ServletContextHandler@5634d0f4{/logs,file:///workdir/hadoop-ozone/integration-test/target/log,UNAVAILABLE}
2019-10-17 07:42:55,785 [ForkJoinPool.commonPool-worker-1] INFO  handler.ContextHandler (ContextHandler.java:doStop(910)) - Stopped o.e.j.s.ServletContextHandler@421056e5{/static,jar:file:/home/user/.m2/repository/org/apache/hadoop/hadoop-hdds-container-service/0.5.0-SNAPSHOT/hadoop-hdds-container-service-0.5.0-SNAPSHOT.jar!/webapps/static,UNAVAILABLE}
2019-10-17 07:42:55,786 [ForkJoinPool.commonPool-worker-1] INFO  handler.ContextHandler (ContextHandler.java:doStop(910)) - Stopped o.e.j.s.ServletContextHandler@21bd20ee{/logs,file:///workdir/hadoop-ozone/integration-test/target/log,UNAVAILABLE}
2019-10-17 07:42:55,861 [java.util.concurrent.ThreadPoolExecutor$Worker@2135f741[State = -1, empty queue]] WARN  server.GrpcLogAppender (GrpcLogAppender.java:timeoutAppendRequest(209)) - 24020d0b-ce61-4f5a-b0b0-c561541e8cd4@group-A9EE991D717F->2a93f7e5-ecb9-41da-9c47-70e13ba76d7d-GrpcLogAppender: appendEntries Timeout, request=24020d0b-ce61-4f5a-b0b0-c561541e8cd4->2a93f7e5-ecb9-41da-9c47-70e13ba76d7d#4-t5, previous=(t:5, i:0), leaderCommit=0, initializing? false, entries: <empty>
2019-10-17 07:42:56,087 [Datanode State Machine Thread - 0] INFO  statemachine.DatanodeStateMachine (DatanodeStateMachine.java:lambda$startDaemon$0(350)) - Ozone container server started.
2019-10-17 07:42:56,235 [Datanode State Machine Thread - 0] INFO  statemachine.DatanodeStateMachine (DatanodeStateMachine.java:lambda$startDaemon$0(350)) - Ozone container server started.
2019-10-17 07:42:58,362 [java.util.concurrent.ThreadPoolExecutor$Worker@2135f741[State = -1, empty queue]] WARN  server.GrpcLogAppender (GrpcLogAppender.java:timeoutAppendRequest(209)) - 24020d0b-ce61-4f5a-b0b0-c561541e8cd4@group-A9EE991D717F->2a93f7e5-ecb9-41da-9c47-70e13ba76d7d-GrpcLogAppender: appendEntries Timeout, request=24020d0b-ce61-4f5a-b0b0-c561541e8cd4->2a93f7e5-ecb9-41da-9c47-70e13ba76d7d#5-t5, previous=(t:5, i:0), leaderCommit=0, initializing? false, entries: <empty>
2019-10-17 07:43:00,298 [Thread-364] INFO  impl.FollowerState (FollowerState.java:run(108)) - a802dc96-981d-402b-abc4-149484258632@group-56D8D7603B90-FollowerState: change to CANDIDATE, lastRpcTime:10035ms, electionTimeout:5007ms
2019-10-17 07:43:00,299 [Thread-364] INFO  impl.RoleInfo (RoleInfo.java:shutdownFollowerState(121)) - a802dc96-981d-402b-abc4-149484258632: shutdown FollowerState
2019-10-17 07:43:00,299 [Thread-364] INFO  impl.RaftServerImpl (RaftServerImpl.java:setRole(184)) - a802dc96-981d-402b-abc4-149484258632@group-56D8D7603B90: changes role from  FOLLOWER to CANDIDATE at term 8 for changeToCandidate
2019-10-17 07:43:00,299 [Thread-364] INFO  impl.RoleInfo (RoleInfo.java:updateAndGet(143)) - a802dc96-981d-402b-abc4-149484258632: start LeaderElection
2019-10-17 07:43:00,301 [a802dc96-981d-402b-abc4-149484258632@group-56D8D7603B90-LeaderElection24] INFO  impl.RaftServerImpl (ServerState.java:setLeader(256)) - a802dc96-981d-402b-abc4-149484258632@group-56D8D7603B90: change Leader from 950052e4-3e22-47da-9ede-753224ba511d to null at term 8 for initElection
2019-10-17 07:43:00,330 [a802dc96-981d-402b-abc4-149484258632@group-56D8D7603B90-LeaderElection24] INFO  impl.LeaderElection (LeaderElection.java:askForVotes(178)) - a802dc96-981d-402b-abc4-149484258632@group-56D8D7603B90-LeaderElection24: begin an election at term 9 for 0: [029f6492-d0d3-4359-81c8-d83b80fef939:192.168.34.62:38839, a802dc96-981d-402b-abc4-149484258632:192.168.34.62:42955, 950052e4-3e22-47da-9ede-753224ba511d:192.168.34.62:44758], old=null
2019-10-17 07:43:00,346 [a802dc96-981d-402b-abc4-149484258632@group-56D8D7603B90-LeaderElection24] INFO  impl.LeaderElection (LogUtils.java:infoOrTrace(149)) - a802dc96-981d-402b-abc4-149484258632@group-56D8D7603B90-LeaderElection24 got exception when requesting votes: {}
java.util.concurrent.ExecutionException: org.apache.ratis.thirdparty.io.grpc.StatusRuntimeException: UNAVAILABLE: io exception
	at java.util.concurrent.FutureTask.report(FutureTask.java:122)
	at java.util.concurrent.FutureTask.get(FutureTask.java:192)
	at org.apache.ratis.server.impl.LeaderElection.waitForResults(LeaderElection.java:259)
	at org.apache.ratis.server.impl.LeaderElection.askForVotes(LeaderElection.java:197)
	at org.apache.ratis.server.impl.LeaderElection.run(LeaderElection.java:133)
	at java.lang.Thread.run(Thread.java:748)
Caused by: org.apache.ratis.thirdparty.io.grpc.StatusRuntimeException: UNAVAILABLE: io exception
	at org.apache.ratis.thirdparty.io.grpc.stub.ClientCalls.toStatusRuntimeException(ClientCalls.java:233)
	at org.apache.ratis.thirdparty.io.grpc.stub.ClientCalls.getUnchecked(ClientCalls.java:214)
	at org.apache.ratis.thirdparty.io.grpc.stub.ClientCalls.blockingUnaryCall(ClientCalls.java:139)
	at org.apache.ratis.proto.grpc.RaftServerProtocolServiceGrpc$RaftServerProtocolServiceBlockingStub.requestVote(RaftServerProtocolServiceGrpc.java:265)
	at org.apache.ratis.grpc.server.GrpcServerProtocolClient.requestVote(GrpcServerProtocolClient.java:99)
	at org.apache.ratis.grpc.server.GrpcService.requestVote(GrpcService.java:204)
	at org.apache.ratis.server.impl.LeaderElection.lambda$submitRequests$1(LeaderElection.java:234)
	at java.util.concurrent.FutureTask.run(FutureTask.java:266)
	at java.util.concurrent.Executors$RunnableAdapter.call(Executors.java:511)
	at java.util.concurrent.FutureTask.run(FutureTask.java:266)
	at java.util.concurrent.ThreadPoolExecutor.runWorker(ThreadPoolExecutor.java:1149)
	at java.util.concurrent.ThreadPoolExecutor$Worker.run(ThreadPoolExecutor.java:624)
	... 1 more
Caused by: org.apache.ratis.thirdparty.io.netty.channel.AbstractChannel$AnnotatedConnectException: Connection refused: /192.168.34.62:44758
	at sun.nio.ch.SocketChannelImpl.checkConnect(Native Method)
	at sun.nio.ch.SocketChannelImpl.finishConnect(SocketChannelImpl.java:717)
	at org.apache.ratis.thirdparty.io.netty.channel.socket.nio.NioSocketChannel.doFinishConnect(NioSocketChannel.java:327)
	at org.apache.ratis.thirdparty.io.netty.channel.nio.AbstractNioChannel$AbstractNioUnsafe.finishConnect(AbstractNioChannel.java:340)
	at org.apache.ratis.thirdparty.io.netty.channel.nio.NioEventLoop.processSelectedKey(NioEventLoop.java:632)
	at org.apache.ratis.thirdparty.io.netty.channel.nio.NioEventLoop.processSelectedKeysOptimized(NioEventLoop.java:579)
	at org.apache.ratis.thirdparty.io.netty.channel.nio.NioEventLoop.processSelectedKeys(NioEventLoop.java:496)
	at org.apache.ratis.thirdparty.io.netty.channel.nio.NioEventLoop.run(NioEventLoop.java:458)
	at org.apache.ratis.thirdparty.io.netty.util.concurrent.SingleThreadEventExecutor$5.run(SingleThreadEventExecutor.java:897)
	at org.apache.ratis.thirdparty.io.netty.util.concurrent.FastThreadLocalRunnable.run(FastThreadLocalRunnable.java:30)
	... 1 more
Caused by: java.net.ConnectException: Connection refused
	... 11 more
2019-10-17 07:43:00,350 [a802dc96-981d-402b-abc4-149484258632@group-56D8D7603B90-LeaderElection24] INFO  impl.LeaderElection (LogUtils.java:infoOrTrace(149)) - a802dc96-981d-402b-abc4-149484258632@group-56D8D7603B90-LeaderElection24 got exception when requesting votes: {}
java.util.concurrent.ExecutionException: org.apache.ratis.thirdparty.io.grpc.StatusRuntimeException: UNAVAILABLE: io exception
	at java.util.concurrent.FutureTask.report(FutureTask.java:122)
	at java.util.concurrent.FutureTask.get(FutureTask.java:192)
	at org.apache.ratis.server.impl.LeaderElection.waitForResults(LeaderElection.java:259)
	at org.apache.ratis.server.impl.LeaderElection.askForVotes(LeaderElection.java:197)
	at org.apache.ratis.server.impl.LeaderElection.run(LeaderElection.java:133)
	at java.lang.Thread.run(Thread.java:748)
Caused by: org.apache.ratis.thirdparty.io.grpc.StatusRuntimeException: UNAVAILABLE: io exception
	at org.apache.ratis.thirdparty.io.grpc.stub.ClientCalls.toStatusRuntimeException(ClientCalls.java:233)
	at org.apache.ratis.thirdparty.io.grpc.stub.ClientCalls.getUnchecked(ClientCalls.java:214)
	at org.apache.ratis.thirdparty.io.grpc.stub.ClientCalls.blockingUnaryCall(ClientCalls.java:139)
	at org.apache.ratis.proto.grpc.RaftServerProtocolServiceGrpc$RaftServerProtocolServiceBlockingStub.requestVote(RaftServerProtocolServiceGrpc.java:265)
	at org.apache.ratis.grpc.server.GrpcServerProtocolClient.requestVote(GrpcServerProtocolClient.java:99)
	at org.apache.ratis.grpc.server.GrpcService.requestVote(GrpcService.java:204)
	at org.apache.ratis.server.impl.LeaderElection.lambda$submitRequests$1(LeaderElection.java:234)
	at java.util.concurrent.FutureTask.run(FutureTask.java:266)
	at java.util.concurrent.Executors$RunnableAdapter.call(Executors.java:511)
	at java.util.concurrent.FutureTask.run(FutureTask.java:266)
	at java.util.concurrent.ThreadPoolExecutor.runWorker(ThreadPoolExecutor.java:1149)
	at java.util.concurrent.ThreadPoolExecutor$Worker.run(ThreadPoolExecutor.java:624)
	... 1 more
Caused by: org.apache.ratis.thirdparty.io.netty.channel.AbstractChannel$AnnotatedConnectException: Connection refused: /192.168.34.62:38839
	at sun.nio.ch.SocketChannelImpl.checkConnect(Native Method)
	at sun.nio.ch.SocketChannelImpl.finishConnect(SocketChannelImpl.java:717)
	at org.apache.ratis.thirdparty.io.netty.channel.socket.nio.NioSocketChannel.doFinishConnect(NioSocketChannel.java:327)
	at org.apache.ratis.thirdparty.io.netty.channel.nio.AbstractNioChannel$AbstractNioUnsafe.finishConnect(AbstractNioChannel.java:340)
	at org.apache.ratis.thirdparty.io.netty.channel.nio.NioEventLoop.processSelectedKey(NioEventLoop.java:632)
	at org.apache.ratis.thirdparty.io.netty.channel.nio.NioEventLoop.processSelectedKeysOptimized(NioEventLoop.java:579)
	at org.apache.ratis.thirdparty.io.netty.channel.nio.NioEventLoop.processSelectedKeys(NioEventLoop.java:496)
	at org.apache.ratis.thirdparty.io.netty.channel.nio.NioEventLoop.run(NioEventLoop.java:458)
	at org.apache.ratis.thirdparty.io.netty.util.concurrent.SingleThreadEventExecutor$5.run(SingleThreadEventExecutor.java:897)
	at org.apache.ratis.thirdparty.io.netty.util.concurrent.FastThreadLocalRunnable.run(FastThreadLocalRunnable.java:30)
	... 1 more
Caused by: java.net.ConnectException: Connection refused
	... 11 more
2019-10-17 07:43:00,351 [a802dc96-981d-402b-abc4-149484258632@group-56D8D7603B90-LeaderElection24] INFO  impl.LeaderElection (LeaderElection.java:logAndReturn(56)) - a802dc96-981d-402b-abc4-149484258632@group-56D8D7603B90-LeaderElection24: Election REJECTED; received 0 response(s) [] and 2 exception(s); a802dc96-981d-402b-abc4-149484258632@group-56D8D7603B90:t9, leader=null, voted=a802dc96-981d-402b-abc4-149484258632, raftlog=a802dc96-981d-402b-abc4-149484258632@group-56D8D7603B90-SegmentedRaftLog:OPENED:c0,f0,i0, conf=0: [029f6492-d0d3-4359-81c8-d83b80fef939:192.168.34.62:38839, a802dc96-981d-402b-abc4-149484258632:192.168.34.62:42955, 950052e4-3e22-47da-9ede-753224ba511d:192.168.34.62:44758], old=null
2019-10-17 07:43:00,352 [a802dc96-981d-402b-abc4-149484258632@group-56D8D7603B90-LeaderElection24] INFO  impl.LeaderElection (LogUtils.java:infoOrTrace(149)) -   Exception 0: {}
java.util.concurrent.ExecutionException: org.apache.ratis.thirdparty.io.grpc.StatusRuntimeException: UNAVAILABLE: io exception
	at java.util.concurrent.FutureTask.report(FutureTask.java:122)
	at java.util.concurrent.FutureTask.get(FutureTask.java:192)
	at org.apache.ratis.server.impl.LeaderElection.waitForResults(LeaderElection.java:259)
	at org.apache.ratis.server.impl.LeaderElection.askForVotes(LeaderElection.java:197)
	at org.apache.ratis.server.impl.LeaderElection.run(LeaderElection.java:133)
	at java.lang.Thread.run(Thread.java:748)
Caused by: org.apache.ratis.thirdparty.io.grpc.StatusRuntimeException: UNAVAILABLE: io exception
	at org.apache.ratis.thirdparty.io.grpc.stub.ClientCalls.toStatusRuntimeException(ClientCalls.java:233)
	at org.apache.ratis.thirdparty.io.grpc.stub.ClientCalls.getUnchecked(ClientCalls.java:214)
	at org.apache.ratis.thirdparty.io.grpc.stub.ClientCalls.blockingUnaryCall(ClientCalls.java:139)
	at org.apache.ratis.proto.grpc.RaftServerProtocolServiceGrpc$RaftServerProtocolServiceBlockingStub.requestVote(RaftServerProtocolServiceGrpc.java:265)
	at org.apache.ratis.grpc.server.GrpcServerProtocolClient.requestVote(GrpcServerProtocolClient.java:99)
	at org.apache.ratis.grpc.server.GrpcService.requestVote(GrpcService.java:204)
	at org.apache.ratis.server.impl.LeaderElection.lambda$submitRequests$1(LeaderElection.java:234)
	at java.util.concurrent.FutureTask.run(FutureTask.java:266)
	at java.util.concurrent.Executors$RunnableAdapter.call(Executors.java:511)
	at java.util.concurrent.FutureTask.run(FutureTask.java:266)
	at java.util.concurrent.ThreadPoolExecutor.runWorker(ThreadPoolExecutor.java:1149)
	at java.util.concurrent.ThreadPoolExecutor$Worker.run(ThreadPoolExecutor.java:624)
	... 1 more
Caused by: org.apache.ratis.thirdparty.io.netty.channel.AbstractChannel$AnnotatedConnectException: Connection refused: /192.168.34.62:44758
	at sun.nio.ch.SocketChannelImpl.checkConnect(Native Method)
	at sun.nio.ch.SocketChannelImpl.finishConnect(SocketChannelImpl.java:717)
	at org.apache.ratis.thirdparty.io.netty.channel.socket.nio.NioSocketChannel.doFinishConnect(NioSocketChannel.java:327)
	at org.apache.ratis.thirdparty.io.netty.channel.nio.AbstractNioChannel$AbstractNioUnsafe.finishConnect(AbstractNioChannel.java:340)
	at org.apache.ratis.thirdparty.io.netty.channel.nio.NioEventLoop.processSelectedKey(NioEventLoop.java:632)
	at org.apache.ratis.thirdparty.io.netty.channel.nio.NioEventLoop.processSelectedKeysOptimized(NioEventLoop.java:579)
	at org.apache.ratis.thirdparty.io.netty.channel.nio.NioEventLoop.processSelectedKeys(NioEventLoop.java:496)
	at org.apache.ratis.thirdparty.io.netty.channel.nio.NioEventLoop.run(NioEventLoop.java:458)
	at org.apache.ratis.thirdparty.io.netty.util.concurrent.SingleThreadEventExecutor$5.run(SingleThreadEventExecutor.java:897)
	at org.apache.ratis.thirdparty.io.netty.util.concurrent.FastThreadLocalRunnable.run(FastThreadLocalRunnable.java:30)
	... 1 more
Caused by: java.net.ConnectException: Connection refused
	... 11 more
2019-10-17 07:43:00,352 [a802dc96-981d-402b-abc4-149484258632@group-56D8D7603B90-LeaderElection24] INFO  impl.LeaderElection (LogUtils.java:infoOrTrace(149)) -   Exception 1: {}
java.util.concurrent.ExecutionException: org.apache.ratis.thirdparty.io.grpc.StatusRuntimeException: UNAVAILABLE: io exception
	at java.util.concurrent.FutureTask.report(FutureTask.java:122)
	at java.util.concurrent.FutureTask.get(FutureTask.java:192)
	at org.apache.ratis.server.impl.LeaderElection.waitForResults(LeaderElection.java:259)
	at org.apache.ratis.server.impl.LeaderElection.askForVotes(LeaderElection.java:197)
	at org.apache.ratis.server.impl.LeaderElection.run(LeaderElection.java:133)
	at java.lang.Thread.run(Thread.java:748)
Caused by: org.apache.ratis.thirdparty.io.grpc.StatusRuntimeException: UNAVAILABLE: io exception
	at org.apache.ratis.thirdparty.io.grpc.stub.ClientCalls.toStatusRuntimeException(ClientCalls.java:233)
	at org.apache.ratis.thirdparty.io.grpc.stub.ClientCalls.getUnchecked(ClientCalls.java:214)
	at org.apache.ratis.thirdparty.io.grpc.stub.ClientCalls.blockingUnaryCall(ClientCalls.java:139)
	at org.apache.ratis.proto.grpc.RaftServerProtocolServiceGrpc$RaftServerProtocolServiceBlockingStub.requestVote(RaftServerProtocolServiceGrpc.java:265)
	at org.apache.ratis.grpc.server.GrpcServerProtocolClient.requestVote(GrpcServerProtocolClient.java:99)
	at org.apache.ratis.grpc.server.GrpcService.requestVote(GrpcService.java:204)
	at org.apache.ratis.server.impl.LeaderElection.lambda$submitRequests$1(LeaderElection.java:234)
	at java.util.concurrent.FutureTask.run(FutureTask.java:266)
	at java.util.concurrent.Executors$RunnableAdapter.call(Executors.java:511)
	at java.util.concurrent.FutureTask.run(FutureTask.java:266)
	at java.util.concurrent.ThreadPoolExecutor.runWorker(ThreadPoolExecutor.java:1149)
	at java.util.concurrent.ThreadPoolExecutor$Worker.run(ThreadPoolExecutor.java:624)
	... 1 more
Caused by: org.apache.ratis.thirdparty.io.netty.channel.AbstractChannel$AnnotatedConnectException: Connection refused: /192.168.34.62:38839
	at sun.nio.ch.SocketChannelImpl.checkConnect(Native Method)
	at sun.nio.ch.SocketChannelImpl.finishConnect(SocketChannelImpl.java:717)
	at org.apache.ratis.thirdparty.io.netty.channel.socket.nio.NioSocketChannel.doFinishConnect(NioSocketChannel.java:327)
	at org.apache.ratis.thirdparty.io.netty.channel.nio.AbstractNioChannel$AbstractNioUnsafe.finishConnect(AbstractNioChannel.java:340)
	at org.apache.ratis.thirdparty.io.netty.channel.nio.NioEventLoop.processSelectedKey(NioEventLoop.java:632)
	at org.apache.ratis.thirdparty.io.netty.channel.nio.NioEventLoop.processSelectedKeysOptimized(NioEventLoop.java:579)
	at org.apache.ratis.thirdparty.io.netty.channel.nio.NioEventLoop.processSelectedKeys(NioEventLoop.java:496)
	at org.apache.ratis.thirdparty.io.netty.channel.nio.NioEventLoop.run(NioEventLoop.java:458)
	at org.apache.ratis.thirdparty.io.netty.util.concurrent.SingleThreadEventExecutor$5.run(SingleThreadEventExecutor.java:897)
	at org.apache.ratis.thirdparty.io.netty.util.concurrent.FastThreadLocalRunnable.run(FastThreadLocalRunnable.java:30)
	... 1 more
Caused by: java.net.ConnectException: Connection refused
	... 11 more
2019-10-17 07:43:00,353 [a802dc96-981d-402b-abc4-149484258632@group-56D8D7603B90-LeaderElection24] INFO  impl.RaftServerImpl (RaftServerImpl.java:setRole(184)) - a802dc96-981d-402b-abc4-149484258632@group-56D8D7603B90: changes role from CANDIDATE to FOLLOWER at term 9 for DISCOVERED_A_NEW_TERM
2019-10-17 07:43:00,353 [a802dc96-981d-402b-abc4-149484258632@group-56D8D7603B90-LeaderElection24] INFO  impl.RoleInfo (RoleInfo.java:shutdownLeaderElection(134)) - a802dc96-981d-402b-abc4-149484258632: shutdown LeaderElection
2019-10-17 07:43:00,353 [a802dc96-981d-402b-abc4-149484258632@group-56D8D7603B90-LeaderElection24] INFO  impl.RoleInfo (RoleInfo.java:updateAndGet(143)) - a802dc96-981d-402b-abc4-149484258632: start FollowerState
2019-10-17 07:43:00,613 [Thread-379] INFO  impl.FollowerState (FollowerState.java:run(108)) - 37bd8e8c-ea68-4b1c-8659-8d001c4f3b5c@group-A9EE991D717F-FollowerState: change to CANDIDATE, lastRpcTime:5243ms, electionTimeout:5118ms
2019-10-17 07:43:00,615 [Thread-379] INFO  impl.RoleInfo (RoleInfo.java:shutdownFollowerState(121)) - 37bd8e8c-ea68-4b1c-8659-8d001c4f3b5c: shutdown FollowerState
2019-10-17 07:43:00,615 [Thread-379] INFO  impl.RaftServerImpl (RaftServerImpl.java:setRole(184)) - 37bd8e8c-ea68-4b1c-8659-8d001c4f3b5c@group-A9EE991D717F: changes role from  FOLLOWER to CANDIDATE at term 5 for changeToCandidate
2019-10-17 07:43:00,615 [Thread-379] INFO  impl.RoleInfo (RoleInfo.java:updateAndGet(143)) - 37bd8e8c-ea68-4b1c-8659-8d001c4f3b5c: start LeaderElection
2019-10-17 07:43:00,616 [37bd8e8c-ea68-4b1c-8659-8d001c4f3b5c@group-A9EE991D717F-LeaderElection25] INFO  impl.RaftServerImpl (ServerState.java:setLeader(256)) - 37bd8e8c-ea68-4b1c-8659-8d001c4f3b5c@group-A9EE991D717F: change Leader from 24020d0b-ce61-4f5a-b0b0-c561541e8cd4 to null at term 5 for initElection
2019-10-17 07:43:00,631 [37bd8e8c-ea68-4b1c-8659-8d001c4f3b5c@group-A9EE991D717F-LeaderElection25] INFO  impl.LeaderElection (LeaderElection.java:askForVotes(178)) - 37bd8e8c-ea68-4b1c-8659-8d001c4f3b5c@group-A9EE991D717F-LeaderElection25: begin an election at term 6 for 0: [37bd8e8c-ea68-4b1c-8659-8d001c4f3b5c:192.168.34.62:41632, 24020d0b-ce61-4f5a-b0b0-c561541e8cd4:192.168.34.62:42892, 2a93f7e5-ecb9-41da-9c47-70e13ba76d7d:192.168.34.62:35412], old=null
2019-10-17 07:43:00,635 [37bd8e8c-ea68-4b1c-8659-8d001c4f3b5c@group-A9EE991D717F-LeaderElection25] INFO  impl.LeaderElection (LogUtils.java:infoOrTrace(149)) - 37bd8e8c-ea68-4b1c-8659-8d001c4f3b5c@group-A9EE991D717F-LeaderElection25 got exception when requesting votes: {}
java.util.concurrent.ExecutionException: org.apache.ratis.thirdparty.io.grpc.StatusRuntimeException: UNAVAILABLE: io exception
	at java.util.concurrent.FutureTask.report(FutureTask.java:122)
	at java.util.concurrent.FutureTask.get(FutureTask.java:192)
	at org.apache.ratis.server.impl.LeaderElection.waitForResults(LeaderElection.java:259)
	at org.apache.ratis.server.impl.LeaderElection.askForVotes(LeaderElection.java:197)
	at org.apache.ratis.server.impl.LeaderElection.run(LeaderElection.java:133)
	at java.lang.Thread.run(Thread.java:748)
Caused by: org.apache.ratis.thirdparty.io.grpc.StatusRuntimeException: UNAVAILABLE: io exception
	at org.apache.ratis.thirdparty.io.grpc.stub.ClientCalls.toStatusRuntimeException(ClientCalls.java:233)
	at org.apache.ratis.thirdparty.io.grpc.stub.ClientCalls.getUnchecked(ClientCalls.java:214)
	at org.apache.ratis.thirdparty.io.grpc.stub.ClientCalls.blockingUnaryCall(ClientCalls.java:139)
	at org.apache.ratis.proto.grpc.RaftServerProtocolServiceGrpc$RaftServerProtocolServiceBlockingStub.requestVote(RaftServerProtocolServiceGrpc.java:265)
	at org.apache.ratis.grpc.server.GrpcServerProtocolClient.requestVote(GrpcServerProtocolClient.java:99)
	at org.apache.ratis.grpc.server.GrpcService.requestVote(GrpcService.java:204)
	at org.apache.ratis.server.impl.LeaderElection.lambda$submitRequests$1(LeaderElection.java:234)
	at java.util.concurrent.FutureTask.run(FutureTask.java:266)
	at java.util.concurrent.Executors$RunnableAdapter.call(Executors.java:511)
	at java.util.concurrent.FutureTask.run(FutureTask.java:266)
	at java.util.concurrent.ThreadPoolExecutor.runWorker(ThreadPoolExecutor.java:1149)
	at java.util.concurrent.ThreadPoolExecutor$Worker.run(ThreadPoolExecutor.java:624)
	... 1 more
Caused by: org.apache.ratis.thirdparty.io.netty.channel.AbstractChannel$AnnotatedConnectException: Connection refused: /192.168.34.62:35412
	at sun.nio.ch.SocketChannelImpl.checkConnect(Native Method)
	at sun.nio.ch.SocketChannelImpl.finishConnect(SocketChannelImpl.java:717)
	at org.apache.ratis.thirdparty.io.netty.channel.socket.nio.NioSocketChannel.doFinishConnect(NioSocketChannel.java:327)
	at org.apache.ratis.thirdparty.io.netty.channel.nio.AbstractNioChannel$AbstractNioUnsafe.finishConnect(AbstractNioChannel.java:340)
	at org.apache.ratis.thirdparty.io.netty.channel.nio.NioEventLoop.processSelectedKey(NioEventLoop.java:632)
	at org.apache.ratis.thirdparty.io.netty.channel.nio.NioEventLoop.processSelectedKeysOptimized(NioEventLoop.java:579)
	at org.apache.ratis.thirdparty.io.netty.channel.nio.NioEventLoop.processSelectedKeys(NioEventLoop.java:496)
	at org.apache.ratis.thirdparty.io.netty.channel.nio.NioEventLoop.run(NioEventLoop.java:458)
	at org.apache.ratis.thirdparty.io.netty.util.concurrent.SingleThreadEventExecutor$5.run(SingleThreadEventExecutor.java:897)
	at org.apache.ratis.thirdparty.io.netty.util.concurrent.FastThreadLocalRunnable.run(FastThreadLocalRunnable.java:30)
	... 1 more
Caused by: java.net.ConnectException: Connection refused
	... 11 more
2019-10-17 07:43:00,637 [37bd8e8c-ea68-4b1c-8659-8d001c4f3b5c@group-A9EE991D717F-LeaderElection25] INFO  impl.LeaderElection (LogUtils.java:infoOrTrace(149)) - 37bd8e8c-ea68-4b1c-8659-8d001c4f3b5c@group-A9EE991D717F-LeaderElection25 got exception when requesting votes: {}
java.util.concurrent.ExecutionException: org.apache.ratis.thirdparty.io.grpc.StatusRuntimeException: UNAVAILABLE: io exception
	at java.util.concurrent.FutureTask.report(FutureTask.java:122)
	at java.util.concurrent.FutureTask.get(FutureTask.java:192)
	at org.apache.ratis.server.impl.LeaderElection.waitForResults(LeaderElection.java:259)
	at org.apache.ratis.server.impl.LeaderElection.askForVotes(LeaderElection.java:197)
	at org.apache.ratis.server.impl.LeaderElection.run(LeaderElection.java:133)
	at java.lang.Thread.run(Thread.java:748)
Caused by: org.apache.ratis.thirdparty.io.grpc.StatusRuntimeException: UNAVAILABLE: io exception
	at org.apache.ratis.thirdparty.io.grpc.stub.ClientCalls.toStatusRuntimeException(ClientCalls.java:233)
	at org.apache.ratis.thirdparty.io.grpc.stub.ClientCalls.getUnchecked(ClientCalls.java:214)
	at org.apache.ratis.thirdparty.io.grpc.stub.ClientCalls.blockingUnaryCall(ClientCalls.java:139)
	at org.apache.ratis.proto.grpc.RaftServerProtocolServiceGrpc$RaftServerProtocolServiceBlockingStub.requestVote(RaftServerProtocolServiceGrpc.java:265)
	at org.apache.ratis.grpc.server.GrpcServerProtocolClient.requestVote(GrpcServerProtocolClient.java:99)
	at org.apache.ratis.grpc.server.GrpcService.requestVote(GrpcService.java:204)
	at org.apache.ratis.server.impl.LeaderElection.lambda$submitRequests$1(LeaderElection.java:234)
	at java.util.concurrent.FutureTask.run(FutureTask.java:266)
	at java.util.concurrent.Executors$RunnableAdapter.call(Executors.java:511)
	at java.util.concurrent.FutureTask.run(FutureTask.java:266)
	at java.util.concurrent.ThreadPoolExecutor.runWorker(ThreadPoolExecutor.java:1149)
	at java.util.concurrent.ThreadPoolExecutor$Worker.run(ThreadPoolExecutor.java:624)
	... 1 more
Caused by: org.apache.ratis.thirdparty.io.netty.channel.AbstractChannel$AnnotatedConnectException: Connection refused: /192.168.34.62:42892
	at sun.nio.ch.SocketChannelImpl.checkConnect(Native Method)
	at sun.nio.ch.SocketChannelImpl.finishConnect(SocketChannelImpl.java:717)
	at org.apache.ratis.thirdparty.io.netty.channel.socket.nio.NioSocketChannel.doFinishConnect(NioSocketChannel.java:327)
	at org.apache.ratis.thirdparty.io.netty.channel.nio.AbstractNioChannel$AbstractNioUnsafe.finishConnect(AbstractNioChannel.java:340)
	at org.apache.ratis.thirdparty.io.netty.channel.nio.NioEventLoop.processSelectedKey(NioEventLoop.java:632)
	at org.apache.ratis.thirdparty.io.netty.channel.nio.NioEventLoop.processSelectedKeysOptimized(NioEventLoop.java:579)
	at org.apache.ratis.thirdparty.io.netty.channel.nio.NioEventLoop.processSelectedKeys(NioEventLoop.java:496)
	at org.apache.ratis.thirdparty.io.netty.channel.nio.NioEventLoop.run(NioEventLoop.java:458)
	at org.apache.ratis.thirdparty.io.netty.util.concurrent.SingleThreadEventExecutor$5.run(SingleThreadEventExecutor.java:897)
	at org.apache.ratis.thirdparty.io.netty.util.concurrent.FastThreadLocalRunnable.run(FastThreadLocalRunnable.java:30)
	... 1 more
Caused by: java.net.ConnectException: Connection refused
	... 11 more
2019-10-17 07:43:00,639 [37bd8e8c-ea68-4b1c-8659-8d001c4f3b5c@group-A9EE991D717F-LeaderElection25] INFO  impl.LeaderElection (LeaderElection.java:logAndReturn(56)) - 37bd8e8c-ea68-4b1c-8659-8d001c4f3b5c@group-A9EE991D717F-LeaderElection25: Election REJECTED; received 0 response(s) [] and 2 exception(s); 37bd8e8c-ea68-4b1c-8659-8d001c4f3b5c@group-A9EE991D717F:t6, leader=null, voted=37bd8e8c-ea68-4b1c-8659-8d001c4f3b5c, raftlog=37bd8e8c-ea68-4b1c-8659-8d001c4f3b5c@group-A9EE991D717F-SegmentedRaftLog:OPENED:c0,f0,i0, conf=0: [37bd8e8c-ea68-4b1c-8659-8d001c4f3b5c:192.168.34.62:41632, 24020d0b-ce61-4f5a-b0b0-c561541e8cd4:192.168.34.62:42892, 2a93f7e5-ecb9-41da-9c47-70e13ba76d7d:192.168.34.62:35412], old=null
2019-10-17 07:43:00,639 [37bd8e8c-ea68-4b1c-8659-8d001c4f3b5c@group-A9EE991D717F-LeaderElection25] INFO  impl.LeaderElection (LogUtils.java:infoOrTrace(149)) -   Exception 0: {}
java.util.concurrent.ExecutionException: org.apache.ratis.thirdparty.io.grpc.StatusRuntimeException: UNAVAILABLE: io exception
	at java.util.concurrent.FutureTask.report(FutureTask.java:122)
	at java.util.concurrent.FutureTask.get(FutureTask.java:192)
	at org.apache.ratis.server.impl.LeaderElection.waitForResults(LeaderElection.java:259)
	at org.apache.ratis.server.impl.LeaderElection.askForVotes(LeaderElection.java:197)
	at org.apache.ratis.server.impl.LeaderElection.run(LeaderElection.java:133)
	at java.lang.Thread.run(Thread.java:748)
Caused by: org.apache.ratis.thirdparty.io.grpc.StatusRuntimeException: UNAVAILABLE: io exception
	at org.apache.ratis.thirdparty.io.grpc.stub.ClientCalls.toStatusRuntimeException(ClientCalls.java:233)
	at org.apache.ratis.thirdparty.io.grpc.stub.ClientCalls.getUnchecked(ClientCalls.java:214)
	at org.apache.ratis.thirdparty.io.grpc.stub.ClientCalls.blockingUnaryCall(ClientCalls.java:139)
	at org.apache.ratis.proto.grpc.RaftServerProtocolServiceGrpc$RaftServerProtocolServiceBlockingStub.requestVote(RaftServerProtocolServiceGrpc.java:265)
	at org.apache.ratis.grpc.server.GrpcServerProtocolClient.requestVote(GrpcServerProtocolClient.java:99)
	at org.apache.ratis.grpc.server.GrpcService.requestVote(GrpcService.java:204)
	at org.apache.ratis.server.impl.LeaderElection.lambda$submitRequests$1(LeaderElection.java:234)
	at java.util.concurrent.FutureTask.run(FutureTask.java:266)
	at java.util.concurrent.Executors$RunnableAdapter.call(Executors.java:511)
	at java.util.concurrent.FutureTask.run(FutureTask.java:266)
	at java.util.concurrent.ThreadPoolExecutor.runWorker(ThreadPoolExecutor.java:1149)
	at java.util.concurrent.ThreadPoolExecutor$Worker.run(ThreadPoolExecutor.java:624)
	... 1 more
Caused by: org.apache.ratis.thirdparty.io.netty.channel.AbstractChannel$AnnotatedConnectException: Connection refused: /192.168.34.62:35412
	at sun.nio.ch.SocketChannelImpl.checkConnect(Native Method)
	at sun.nio.ch.SocketChannelImpl.finishConnect(SocketChannelImpl.java:717)
	at org.apache.ratis.thirdparty.io.netty.channel.socket.nio.NioSocketChannel.doFinishConnect(NioSocketChannel.java:327)
	at org.apache.ratis.thirdparty.io.netty.channel.nio.AbstractNioChannel$AbstractNioUnsafe.finishConnect(AbstractNioChannel.java:340)
	at org.apache.ratis.thirdparty.io.netty.channel.nio.NioEventLoop.processSelectedKey(NioEventLoop.java:632)
	at org.apache.ratis.thirdparty.io.netty.channel.nio.NioEventLoop.processSelectedKeysOptimized(NioEventLoop.java:579)
	at org.apache.ratis.thirdparty.io.netty.channel.nio.NioEventLoop.processSelectedKeys(NioEventLoop.java:496)
	at org.apache.ratis.thirdparty.io.netty.channel.nio.NioEventLoop.run(NioEventLoop.java:458)
	at org.apache.ratis.thirdparty.io.netty.util.concurrent.SingleThreadEventExecutor$5.run(SingleThreadEventExecutor.java:897)
	at org.apache.ratis.thirdparty.io.netty.util.concurrent.FastThreadLocalRunnable.run(FastThreadLocalRunnable.java:30)
	... 1 more
Caused by: java.net.ConnectException: Connection refused
	... 11 more
2019-10-17 07:43:00,639 [37bd8e8c-ea68-4b1c-8659-8d001c4f3b5c@group-A9EE991D717F-LeaderElection25] INFO  impl.LeaderElection (LogUtils.java:infoOrTrace(149)) -   Exception 1: {}
java.util.concurrent.ExecutionException: org.apache.ratis.thirdparty.io.grpc.StatusRuntimeException: UNAVAILABLE: io exception
	at java.util.concurrent.FutureTask.report(FutureTask.java:122)
	at java.util.concurrent.FutureTask.get(FutureTask.java:192)
	at org.apache.ratis.server.impl.LeaderElection.waitForResults(LeaderElection.java:259)
	at org.apache.ratis.server.impl.LeaderElection.askForVotes(LeaderElection.java:197)
	at org.apache.ratis.server.impl.LeaderElection.run(LeaderElection.java:133)
	at java.lang.Thread.run(Thread.java:748)
Caused by: org.apache.ratis.thirdparty.io.grpc.StatusRuntimeException: UNAVAILABLE: io exception
	at org.apache.ratis.thirdparty.io.grpc.stub.ClientCalls.toStatusRuntimeException(ClientCalls.java:233)
	at org.apache.ratis.thirdparty.io.grpc.stub.ClientCalls.getUnchecked(ClientCalls.java:214)
	at org.apache.ratis.thirdparty.io.grpc.stub.ClientCalls.blockingUnaryCall(ClientCalls.java:139)
	at org.apache.ratis.proto.grpc.RaftServerProtocolServiceGrpc$RaftServerProtocolServiceBlockingStub.requestVote(RaftServerProtocolServiceGrpc.java:265)
	at org.apache.ratis.grpc.server.GrpcServerProtocolClient.requestVote(GrpcServerProtocolClient.java:99)
	at org.apache.ratis.grpc.server.GrpcService.requestVote(GrpcService.java:204)
	at org.apache.ratis.server.impl.LeaderElection.lambda$submitRequests$1(LeaderElection.java:234)
	at java.util.concurrent.FutureTask.run(FutureTask.java:266)
	at java.util.concurrent.Executors$RunnableAdapter.call(Executors.java:511)
	at java.util.concurrent.FutureTask.run(FutureTask.java:266)
	at java.util.concurrent.ThreadPoolExecutor.runWorker(ThreadPoolExecutor.java:1149)
	at java.util.concurrent.ThreadPoolExecutor$Worker.run(ThreadPoolExecutor.java:624)
	... 1 more
Caused by: org.apache.ratis.thirdparty.io.netty.channel.AbstractChannel$AnnotatedConnectException: Connection refused: /192.168.34.62:42892
	at sun.nio.ch.SocketChannelImpl.checkConnect(Native Method)
	at sun.nio.ch.SocketChannelImpl.finishConnect(SocketChannelImpl.java:717)
	at org.apache.ratis.thirdparty.io.netty.channel.socket.nio.NioSocketChannel.doFinishConnect(NioSocketChannel.java:327)
	at org.apache.ratis.thirdparty.io.netty.channel.nio.AbstractNioChannel$AbstractNioUnsafe.finishConnect(AbstractNioChannel.java:340)
	at org.apache.ratis.thirdparty.io.netty.channel.nio.NioEventLoop.processSelectedKey(NioEventLoop.java:632)
	at org.apache.ratis.thirdparty.io.netty.channel.nio.NioEventLoop.processSelectedKeysOptimized(NioEventLoop.java:579)
	at org.apache.ratis.thirdparty.io.netty.channel.nio.NioEventLoop.processSelectedKeys(NioEventLoop.java:496)
	at org.apache.ratis.thirdparty.io.netty.channel.nio.NioEventLoop.run(NioEventLoop.java:458)
	at org.apache.ratis.thirdparty.io.netty.util.concurrent.SingleThreadEventExecutor$5.run(SingleThreadEventExecutor.java:897)
	at org.apache.ratis.thirdparty.io.netty.util.concurrent.FastThreadLocalRunnable.run(FastThreadLocalRunnable.java:30)
	... 1 more
Caused by: java.net.ConnectException: Connection refused
	... 11 more
2019-10-17 07:43:00,640 [37bd8e8c-ea68-4b1c-8659-8d001c4f3b5c@group-A9EE991D717F-LeaderElection25] INFO  impl.RaftServerImpl (RaftServerImpl.java:setRole(184)) - 37bd8e8c-ea68-4b1c-8659-8d001c4f3b5c@group-A9EE991D717F: changes role from CANDIDATE to FOLLOWER at term 6 for DISCOVERED_A_NEW_TERM
2019-10-17 07:43:00,640 [37bd8e8c-ea68-4b1c-8659-8d001c4f3b5c@group-A9EE991D717F-LeaderElection25] INFO  impl.RoleInfo (RoleInfo.java:shutdownLeaderElection(134)) - 37bd8e8c-ea68-4b1c-8659-8d001c4f3b5c: shutdown LeaderElection
2019-10-17 07:43:00,640 [37bd8e8c-ea68-4b1c-8659-8d001c4f3b5c@group-A9EE991D717F-LeaderElection25] INFO  impl.RoleInfo (RoleInfo.java:updateAndGet(143)) - 37bd8e8c-ea68-4b1c-8659-8d001c4f3b5c: start FollowerState
2019-10-17 07:43:00,787 [main] INFO  ozoneimpl.OzoneContainer (OzoneContainer.java:stop(227)) - Attempting to stop container services.
2019-10-17 07:43:00,788 [ForkJoinPool.commonPool-worker-1] INFO  ozoneimpl.OzoneContainer (OzoneContainer.java:stop(227)) - Attempting to stop container services.
2019-10-17 07:43:00,789 [main] INFO  impl.RaftServerProxy (RaftServerProxy.java:lambda$close$4(314)) - a802dc96-981d-402b-abc4-149484258632: close
2019-10-17 07:43:00,789 [ForkJoinPool.commonPool-worker-1] INFO  impl.RaftServerProxy (RaftServerProxy.java:lambda$close$4(314)) - 37bd8e8c-ea68-4b1c-8659-8d001c4f3b5c: close
2019-10-17 07:43:00,790 [main] INFO  impl.RaftServerImpl (RaftServerImpl.java:lambda$shutdown$3(261)) - a802dc96-981d-402b-abc4-149484258632@group-4F7F25C04713: shutdown
2019-10-17 07:43:00,790 [ForkJoinPool.commonPool-worker-1] INFO  impl.RaftServerImpl (RaftServerImpl.java:lambda$shutdown$3(261)) - 37bd8e8c-ea68-4b1c-8659-8d001c4f3b5c@group-A9EE991D717F: shutdown
2019-10-17 07:43:00,790 [main] INFO  util.JmxRegister (JmxRegister.java:unregister(73)) - Successfully un-registered JMX Bean with object name Ratis:service=RaftServer,group=group-4F7F25C04713,id=a802dc96-981d-402b-abc4-149484258632
2019-10-17 07:43:00,791 [main] INFO  impl.RoleInfo (RoleInfo.java:shutdownLeaderState(104)) - a802dc96-981d-402b-abc4-149484258632: shutdown LeaderState
2019-10-17 07:43:00,791 [ForkJoinPool.commonPool-worker-1] INFO  util.JmxRegister (JmxRegister.java:unregister(73)) - Successfully un-registered JMX Bean with object name Ratis:service=RaftServer,group=group-A9EE991D717F,id=37bd8e8c-ea68-4b1c-8659-8d001c4f3b5c
2019-10-17 07:43:00,792 [main] INFO  impl.PendingRequests (PendingRequests.java:sendNotLeaderResponses(202)) - a802dc96-981d-402b-abc4-149484258632@group-4F7F25C04713-PendingRequests: sendNotLeaderResponses
2019-10-17 07:43:00,792 [ForkJoinPool.commonPool-worker-1] INFO  impl.RoleInfo (RoleInfo.java:shutdownFollowerState(121)) - 37bd8e8c-ea68-4b1c-8659-8d001c4f3b5c: shutdown FollowerState
2019-10-17 07:43:00,792 [main] INFO  impl.StateMachineUpdater (StateMachineUpdater.java:stopAndJoin(136)) - a802dc96-981d-402b-abc4-149484258632@group-4F7F25C04713-StateMachineUpdater: set stopIndex = 0
2019-10-17 07:43:00,793 [Thread-410] INFO  impl.FollowerState (FollowerState.java:run(117)) - 37bd8e8c-ea68-4b1c-8659-8d001c4f3b5c@group-A9EE991D717F-FollowerState was interrupted: java.lang.InterruptedException: sleep interrupted
2019-10-17 07:43:00,793 [ForkJoinPool.commonPool-worker-1] INFO  impl.StateMachineUpdater (StateMachineUpdater.java:stopAndJoin(136)) - 37bd8e8c-ea68-4b1c-8659-8d001c4f3b5c@group-A9EE991D717F-StateMachineUpdater: set stopIndex = 0
2019-10-17 07:43:00,793 [main] INFO  impl.RaftServerImpl (ServerState.java:close(388)) - a802dc96-981d-402b-abc4-149484258632@group-4F7F25C04713: closes. applyIndex: 0
2019-10-17 07:43:00,794 [ForkJoinPool.commonPool-worker-1] INFO  impl.RaftServerImpl (ServerState.java:close(388)) - 37bd8e8c-ea68-4b1c-8659-8d001c4f3b5c@group-A9EE991D717F: closes. applyIndex: 0
2019-10-17 07:43:00,795 [a802dc96-981d-402b-abc4-149484258632@group-4F7F25C04713-SegmentedRaftLogWorker] INFO  segmented.SegmentedRaftLogWorker (SegmentedRaftLogWorker.java:run(316)) - a802dc96-981d-402b-abc4-149484258632@group-4F7F25C04713-SegmentedRaftLogWorker was interrupted, exiting. There are 0 tasks remaining in the queue.
2019-10-17 07:43:00,795 [37bd8e8c-ea68-4b1c-8659-8d001c4f3b5c@group-A9EE991D717F-SegmentedRaftLogWorker] INFO  segmented.SegmentedRaftLogWorker (SegmentedRaftLogWorker.java:run(316)) - 37bd8e8c-ea68-4b1c-8659-8d001c4f3b5c@group-A9EE991D717F-SegmentedRaftLogWorker was interrupted, exiting. There are 0 tasks remaining in the queue.
2019-10-17 07:43:00,797 [main] INFO  segmented.SegmentedRaftLogWorker (SegmentedRaftLogWorker.java:close(224)) - a802dc96-981d-402b-abc4-149484258632@group-4F7F25C04713-SegmentedRaftLogWorker close()
2019-10-17 07:43:00,797 [ForkJoinPool.commonPool-worker-1] INFO  segmented.SegmentedRaftLogWorker (SegmentedRaftLogWorker.java:close(224)) - 37bd8e8c-ea68-4b1c-8659-8d001c4f3b5c@group-A9EE991D717F-SegmentedRaftLogWorker close()
2019-10-17 07:43:00,798 [main] INFO  impl.RaftServerImpl (RaftServerImpl.java:lambda$shutdown$3(261)) - a802dc96-981d-402b-abc4-149484258632@group-56D8D7603B90: shutdown
2019-10-17 07:43:00,803 [ForkJoinPool.commonPool-worker-1] INFO  impl.RaftServerImpl (RaftServerImpl.java:lambda$shutdown$3(261)) - 37bd8e8c-ea68-4b1c-8659-8d001c4f3b5c@group-BBCCAFE5DB64: shutdown
2019-10-17 07:43:00,803 [main] INFO  util.JmxRegister (JmxRegister.java:unregister(73)) - Successfully un-registered JMX Bean with object name Ratis:service=RaftServer,group=group-56D8D7603B90,id=a802dc96-981d-402b-abc4-149484258632
2019-10-17 07:43:00,803 [ForkJoinPool.commonPool-worker-1] INFO  util.JmxRegister (JmxRegister.java:unregister(73)) - Successfully un-registered JMX Bean with object name Ratis:service=RaftServer,group=group-BBCCAFE5DB64,id=37bd8e8c-ea68-4b1c-8659-8d001c4f3b5c
2019-10-17 07:43:00,803 [main] INFO  impl.RoleInfo (RoleInfo.java:shutdownFollowerState(121)) - a802dc96-981d-402b-abc4-149484258632: shutdown FollowerState
2019-10-17 07:43:00,804 [ForkJoinPool.commonPool-worker-1] INFO  impl.RoleInfo (RoleInfo.java:shutdownLeaderState(104)) - 37bd8e8c-ea68-4b1c-8659-8d001c4f3b5c: shutdown LeaderState
2019-10-17 07:43:00,804 [Thread-406] INFO  impl.FollowerState (FollowerState.java:run(117)) - a802dc96-981d-402b-abc4-149484258632@group-56D8D7603B90-FollowerState was interrupted: java.lang.InterruptedException: sleep interrupted
2019-10-17 07:43:00,804 [main] INFO  impl.StateMachineUpdater (StateMachineUpdater.java:stopAndJoin(136)) - a802dc96-981d-402b-abc4-149484258632@group-56D8D7603B90-StateMachineUpdater: set stopIndex = 0
2019-10-17 07:43:00,807 [main] INFO  impl.RaftServerImpl (ServerState.java:close(388)) - a802dc96-981d-402b-abc4-149484258632@group-56D8D7603B90: closes. applyIndex: 0
2019-10-17 07:43:00,804 [ForkJoinPool.commonPool-worker-1] INFO  impl.PendingRequests (PendingRequests.java:sendNotLeaderResponses(202)) - 37bd8e8c-ea68-4b1c-8659-8d001c4f3b5c@group-BBCCAFE5DB64-PendingRequests: sendNotLeaderResponses
2019-10-17 07:43:00,808 [a802dc96-981d-402b-abc4-149484258632@group-56D8D7603B90-SegmentedRaftLogWorker] INFO  segmented.SegmentedRaftLogWorker (SegmentedRaftLogWorker.java:run(316)) - a802dc96-981d-402b-abc4-149484258632@group-56D8D7603B90-SegmentedRaftLogWorker was interrupted, exiting. There are 0 tasks remaining in the queue.
2019-10-17 07:43:00,808 [ForkJoinPool.commonPool-worker-1] INFO  impl.StateMachineUpdater (StateMachineUpdater.java:stopAndJoin(136)) - 37bd8e8c-ea68-4b1c-8659-8d001c4f3b5c@group-BBCCAFE5DB64-StateMachineUpdater: set stopIndex = 0
2019-10-17 07:43:00,808 [main] INFO  segmented.SegmentedRaftLogWorker (SegmentedRaftLogWorker.java:close(224)) - a802dc96-981d-402b-abc4-149484258632@group-56D8D7603B90-SegmentedRaftLogWorker close()
2019-10-17 07:43:00,808 [ForkJoinPool.commonPool-worker-1] INFO  impl.RaftServerImpl (ServerState.java:close(388)) - 37bd8e8c-ea68-4b1c-8659-8d001c4f3b5c@group-BBCCAFE5DB64: closes. applyIndex: 0
2019-10-17 07:43:00,810 [main] INFO  server.GrpcService (GrpcService.java:closeImpl(164)) - a802dc96-981d-402b-abc4-149484258632: shutdown server with port 42955 now
2019-10-17 07:43:00,810 [37bd8e8c-ea68-4b1c-8659-8d001c4f3b5c@group-BBCCAFE5DB64-SegmentedRaftLogWorker] INFO  segmented.SegmentedRaftLogWorker (SegmentedRaftLogWorker.java:run(316)) - 37bd8e8c-ea68-4b1c-8659-8d001c4f3b5c@group-BBCCAFE5DB64-SegmentedRaftLogWorker was interrupted, exiting. There are 0 tasks remaining in the queue.
2019-10-17 07:43:00,811 [ForkJoinPool.commonPool-worker-1] INFO  segmented.SegmentedRaftLogWorker (SegmentedRaftLogWorker.java:close(224)) - 37bd8e8c-ea68-4b1c-8659-8d001c4f3b5c@group-BBCCAFE5DB64-SegmentedRaftLogWorker close()
2019-10-17 07:43:00,812 [main] INFO  server.GrpcService (GrpcService.java:closeImpl(172)) - a802dc96-981d-402b-abc4-149484258632: shutdown server with port 42955 successfully
2019-10-17 07:43:00,813 [ForkJoinPool.commonPool-worker-1] INFO  server.GrpcService (GrpcService.java:closeImpl(164)) - 37bd8e8c-ea68-4b1c-8659-8d001c4f3b5c: shutdown server with port 41632 now
2019-10-17 07:43:00,816 [ForkJoinPool.commonPool-worker-1] INFO  server.GrpcService (GrpcService.java:closeImpl(172)) - 37bd8e8c-ea68-4b1c-8659-8d001c4f3b5c: shutdown server with port 41632 successfully
2019-10-17 07:43:00,817 [refreshUsed-/workdir/hadoop-ozone/integration-test/target/test-dir/MiniOzoneClusterImpl-87e8d78b-2c25-4827-9c34-ee9c99992073/datanode-4/data/containers] WARN  fs.CachingGetSpaceUsed (CachingGetSpaceUsed.java:run(183)) - Thread Interrupted waiting to refresh disk information: sleep interrupted
2019-10-17 07:43:00,828 [refreshUsed-/workdir/hadoop-ozone/integration-test/target/test-dir/MiniOzoneClusterImpl-87e8d78b-2c25-4827-9c34-ee9c99992073/datanode-0/data/containers] WARN  fs.CachingGetSpaceUsed (CachingGetSpaceUsed.java:run(183)) - Thread Interrupted waiting to refresh disk information: sleep interrupted
2019-10-17 07:43:00,837 [main] INFO  utils.BackgroundService (BackgroundService.java:shutdown(151)) - Shutting down service BlockDeletingService
2019-10-17 07:43:00,840 [main] INFO  statemachine.DatanodeStateMachine (DatanodeStateMachine.java:stopDaemon(395)) - Ozone container server stopped.
2019-10-17 07:43:00,841 [main] INFO  handler.ContextHandler (ContextHandler.java:doStop(910)) - Stopped o.e.j.w.WebAppContext@784abd3e{/,null,UNAVAILABLE}{/hddsDatanode}
2019-10-17 07:43:00,842 [main] INFO  server.AbstractConnector (AbstractConnector.java:doStop(318)) - Stopped ServerConnector@36c2b646{HTTP/1.1,[http/1.1]}{0.0.0.0:0}
2019-10-17 07:43:00,842 [main] INFO  handler.ContextHandler (ContextHandler.java:doStop(910)) - Stopped o.e.j.s.ServletContextHandler@a098d76{/static,jar:file:/home/user/.m2/repository/org/apache/hadoop/hadoop-hdds-container-service/0.5.0-SNAPSHOT/hadoop-hdds-container-service-0.5.0-SNAPSHOT.jar!/webapps/static,UNAVAILABLE}
2019-10-17 07:43:00,843 [main] INFO  handler.ContextHandler (ContextHandler.java:doStop(910)) - Stopped o.e.j.s.ServletContextHandler@5a6d30e2{/logs,file:///workdir/hadoop-ozone/integration-test/target/log,UNAVAILABLE}
2019-10-17 07:43:00,848 [ForkJoinPool.commonPool-worker-1] INFO  utils.BackgroundService (BackgroundService.java:shutdown(151)) - Shutting down service BlockDeletingService
2019-10-17 07:43:00,850 [ForkJoinPool.commonPool-worker-1] INFO  statemachine.DatanodeStateMachine (DatanodeStateMachine.java:stopDaemon(395)) - Ozone container server stopped.
2019-10-17 07:43:00,853 [ForkJoinPool.commonPool-worker-1] INFO  handler.ContextHandler (ContextHandler.java:doStop(910)) - Stopped o.e.j.w.WebAppContext@60783105{/,null,UNAVAILABLE}{/hddsDatanode}
2019-10-17 07:43:00,853 [ForkJoinPool.commonPool-worker-1] INFO  server.AbstractConnector (AbstractConnector.java:doStop(318)) - Stopped ServerConnector@1292071f{HTTP/1.1,[http/1.1]}{0.0.0.0:0}
2019-10-17 07:43:00,854 [ForkJoinPool.commonPool-worker-1] INFO  handler.ContextHandler (ContextHandler.java:doStop(910)) - Stopped o.e.j.s.ServletContextHandler@2436ea2f{/static,jar:file:/home/user/.m2/repository/org/apache/hadoop/hadoop-hdds-container-service/0.5.0-SNAPSHOT/hadoop-hdds-container-service-0.5.0-SNAPSHOT.jar!/webapps/static,UNAVAILABLE}
2019-10-17 07:43:00,855 [ForkJoinPool.commonPool-worker-1] INFO  handler.ContextHandler (ContextHandler.java:doStop(910)) - Stopped o.e.j.s.ServletContextHandler@673919a7{/logs,file:///workdir/hadoop-ozone/integration-test/target/log,UNAVAILABLE}
2019-10-17 07:43:00,856 [main] INFO  ozone.MiniOzoneClusterImpl (MiniOzoneClusterImpl.java:stopSCM(430)) - Stopping the StorageContainerManager
2019-10-17 07:43:00,857 [main] INFO  server.StorageContainerManager (StorageContainerManager.java:stop(810)) - Stopping Replication Manager Service.
2019-10-17 07:43:00,857 [main] INFO  container.ReplicationManager (ReplicationManager.java:stop(203)) - Stopping Replication Monitor Thread.
2019-10-17 07:43:00,857 [main] INFO  server.StorageContainerManager (StorageContainerManager.java:stop(817)) - Stopping Lease Manager of the command watchers
2019-10-17 07:43:00,857 [main] INFO  server.StorageContainerManager (StorageContainerManager.java:stop(824)) - Stopping datanode service RPC server
2019-10-17 07:43:00,857 [main] INFO  server.SCMDatanodeProtocolServer (SCMDatanodeProtocolServer.java:stop(346)) - Stopping the RPC server for DataNodes
2019-10-17 07:43:00,858 [main] INFO  ipc.Server (Server.java:stop(3082)) - Stopping server on 44367
2019-10-17 07:43:00,859 [IPC Server listener on 44367] INFO  ipc.Server (Server.java:run(1185)) - Stopping IPC Server listener on 44367
2019-10-17 07:43:00,860 [IPC Server Responder] INFO  ipc.Server (Server.java:run(1319)) - Stopping IPC Server Responder
2019-10-17 07:43:01,076 [SCM Heartbeat Processing Thread - 0] WARN  node.NodeStateManager (NodeStateManager.java:scheduleNextHealthCheck(646)) - Current Thread is interrupted, shutting down HB processing thread for Node Manager.
2019-10-17 07:43:01,076 [main] INFO  server.StorageContainerManager (StorageContainerManager.java:stop(832)) - Stopping block service RPC server
2019-10-17 07:43:01,077 [main] INFO  server.SCMBlockProtocolServer (SCMBlockProtocolServer.java:stop(155)) - Stopping the RPC server for Block Protocol
2019-10-17 07:43:01,077 [main] INFO  ipc.Server (Server.java:stop(3082)) - Stopping server on 41574
2019-10-17 07:43:01,078 [main] INFO  server.StorageContainerManager (StorageContainerManager.java:stop(839)) - Stopping the StorageContainerLocationProtocol RPC server
2019-10-17 07:43:01,079 [IPC Server Responder] INFO  ipc.Server (Server.java:run(1319)) - Stopping IPC Server Responder
2019-10-17 07:43:01,079 [main] INFO  server.SCMClientProtocolServer (SCMClientProtocolServer.java:stop(168)) - Stopping the RPC server for Client Protocol
2019-10-17 07:43:01,079 [IPC Server listener on 41574] INFO  ipc.Server (Server.java:run(1185)) - Stopping IPC Server listener on 41574
2019-10-17 07:43:01,080 [main] INFO  ipc.Server (Server.java:stop(3082)) - Stopping server on 42245
2019-10-17 07:43:01,082 [IPC Server listener on 42245] INFO  ipc.Server (Server.java:run(1185)) - Stopping IPC Server listener on 42245
2019-10-17 07:43:01,083 [main] INFO  server.StorageContainerManager (StorageContainerManager.java:stop(846)) - Stopping Storage Container Manager HTTP server.
2019-10-17 07:43:01,083 [IPC Server Responder] INFO  ipc.Server (Server.java:run(1319)) - Stopping IPC Server Responder
2019-10-17 07:43:01,084 [main] INFO  handler.ContextHandler (ContextHandler.java:doStop(910)) - Stopped o.e.j.w.WebAppContext@5b800468{/,null,UNAVAILABLE}{/scm}
2019-10-17 07:43:01,085 [main] INFO  server.AbstractConnector (AbstractConnector.java:doStop(318)) - Stopped ServerConnector@3670f00{HTTP/1.1,[http/1.1]}{0.0.0.0:0}
2019-10-17 07:43:01,086 [main] INFO  handler.ContextHandler (ContextHandler.java:doStop(910)) - Stopped o.e.j.s.ServletContextHandler@7e5d9a50{/static,file:///workdir/hadoop-ozone/integration-test/target/test-classes/webapps/static,UNAVAILABLE}
2019-10-17 07:43:01,086 [main] INFO  handler.ContextHandler (ContextHandler.java:doStop(910)) - Stopped o.e.j.s.ServletContextHandler@37efd131{/logs,file:///workdir/hadoop-ozone/integration-test/target/log,UNAVAILABLE}
2019-10-17 07:43:01,088 [main] INFO  server.StorageContainerManager (StorageContainerManager.java:stop(857)) - Stopping Block Manager Service.
2019-10-17 07:43:01,088 [main] INFO  utils.BackgroundService (BackgroundService.java:shutdown(151)) - Shutting down service SCMBlockDeletingService
2019-10-17 07:43:01,089 [main] INFO  utils.BackgroundService (BackgroundService.java:shutdown(151)) - Shutting down service SCMBlockDeletingService
2019-10-17 07:43:01,089 [main] INFO  server.StorageContainerManager (StorageContainerManager.java:stop(879)) - Stopping SCM Event Queue.
2019-10-17 07:43:01,098 [main] INFO  impl.MetricsSystemImpl (MetricsSystemImpl.java:stop(210)) - Stopping ratis metrics system...
2019-10-17 07:43:01,109 [prometheus] INFO  impl.MetricsSinkAdapter (MetricsSinkAdapter.java:publishMetricsFromQueue(141)) - prometheus thread interrupted.
2019-10-17 07:43:01,109 [main] INFO  impl.MetricsSystemImpl (MetricsSystemImpl.java:stop(216)) - ratis metrics system stopped.
2019-10-17 07:43:01,110 [main] INFO  ipc.Server (Server.java:stop(3082)) - Stopping server on 34783
2019-10-17 07:43:01,110 [main] INFO  ratis.OzoneManagerDoubleBuffer (OzoneManagerDoubleBuffer.java:stop(262)) - OMDoubleBuffer flush thread is not running.
2019-10-17 07:43:01,110 [main] INFO  om.OzoneManager (OzoneManager.java:restart(1127)) - OzoneManager RPC server is listening at localhost/127.0.0.1:34783
2019-10-17 07:43:01,114 [main] WARN  impl.MetricsConfig (MetricsConfig.java:loadFirst(134)) - Cannot locate configuration: tried hadoop-metrics2-ozonemanager.properties,hadoop-metrics2.properties
2019-10-17 07:43:01,116 [main] INFO  impl.MetricsSystemImpl (MetricsSystemImpl.java:startTimer(374)) - Scheduled Metric snapshot period at 10 second(s).
2019-10-17 07:43:01,116 [main] INFO  impl.MetricsSystemImpl (MetricsSystemImpl.java:start(191)) - OzoneManager metrics system started
2019-10-17 07:43:01,182 [main] WARN  impl.MetricsSystemImpl (MetricsSystemImpl.java:register(276)) - Sink prometheus already exists!
2019-10-17 07:43:01,187 [main] WARN  server.ServerUtils (ServerUtils.java:getDBPath(222)) - ozone.om.db.dirs is not configured. We recommend adding this setting. Falling back to ozone.metadata.dirs instead.
2019-10-17 07:43:01,188 [main] INFO  db.DBStoreBuilder (DBStoreBuilder.java:addTable(117)) - using custom profile for table: userTable
2019-10-17 07:43:01,188 [main] INFO  db.DBStoreBuilder (DBStoreBuilder.java:processTables(168)) - Using default column profile:DBProfile.DISK for Table:userTable
2019-10-17 07:43:01,189 [main] INFO  db.DBStoreBuilder (DBStoreBuilder.java:addTable(117)) - using custom profile for table: volumeTable
2019-10-17 07:43:01,189 [main] INFO  db.DBStoreBuilder (DBStoreBuilder.java:processTables(168)) - Using default column profile:DBProfile.DISK for Table:volumeTable
2019-10-17 07:43:01,189 [main] INFO  db.DBStoreBuilder (DBStoreBuilder.java:addTable(117)) - using custom profile for table: bucketTable
2019-10-17 07:43:01,189 [main] INFO  db.DBStoreBuilder (DBStoreBuilder.java:processTables(168)) - Using default column profile:DBProfile.DISK for Table:bucketTable
2019-10-17 07:43:01,190 [main] INFO  db.DBStoreBuilder (DBStoreBuilder.java:addTable(117)) - using custom profile for table: keyTable
2019-10-17 07:43:01,190 [main] INFO  db.DBStoreBuilder (DBStoreBuilder.java:processTables(168)) - Using default column profile:DBProfile.DISK for Table:keyTable
2019-10-17 07:43:01,190 [main] INFO  db.DBStoreBuilder (DBStoreBuilder.java:addTable(117)) - using custom profile for table: deletedTable
2019-10-17 07:43:01,190 [main] INFO  db.DBStoreBuilder (DBStoreBuilder.java:processTables(168)) - Using default column profile:DBProfile.DISK for Table:deletedTable
2019-10-17 07:43:01,190 [main] INFO  db.DBStoreBuilder (DBStoreBuilder.java:addTable(117)) - using custom profile for table: openKeyTable
2019-10-17 07:43:01,190 [main] INFO  db.DBStoreBuilder (DBStoreBuilder.java:processTables(168)) - Using default column profile:DBProfile.DISK for Table:openKeyTable
2019-10-17 07:43:01,191 [main] INFO  db.DBStoreBuilder (DBStoreBuilder.java:addTable(117)) - using custom profile for table: s3Table
2019-10-17 07:43:01,191 [main] INFO  db.DBStoreBuilder (DBStoreBuilder.java:processTables(168)) - Using default column profile:DBProfile.DISK for Table:s3Table
2019-10-17 07:43:01,191 [main] INFO  db.DBStoreBuilder (DBStoreBuilder.java:addTable(117)) - using custom profile for table: multipartInfoTable
2019-10-17 07:43:01,191 [main] INFO  db.DBStoreBuilder (DBStoreBuilder.java:processTables(168)) - Using default column profile:DBProfile.DISK for Table:multipartInfoTable
2019-10-17 07:43:01,192 [main] INFO  db.DBStoreBuilder (DBStoreBuilder.java:addTable(117)) - using custom profile for table: dTokenTable
2019-10-17 07:43:01,192 [main] INFO  db.DBStoreBuilder (DBStoreBuilder.java:processTables(168)) - Using default column profile:DBProfile.DISK for Table:dTokenTable
2019-10-17 07:43:01,192 [main] INFO  db.DBStoreBuilder (DBStoreBuilder.java:addTable(117)) - using custom profile for table: s3SecretTable
2019-10-17 07:43:01,192 [main] INFO  db.DBStoreBuilder (DBStoreBuilder.java:processTables(168)) - Using default column profile:DBProfile.DISK for Table:s3SecretTable
2019-10-17 07:43:01,192 [main] INFO  db.DBStoreBuilder (DBStoreBuilder.java:addTable(117)) - using custom profile for table: prefixTable
2019-10-17 07:43:01,192 [main] INFO  db.DBStoreBuilder (DBStoreBuilder.java:processTables(168)) - Using default column profile:DBProfile.DISK for Table:prefixTable
2019-10-17 07:43:01,193 [main] INFO  db.DBStoreBuilder (DBStoreBuilder.java:addTable(117)) - using custom profile for table: default
2019-10-17 07:43:01,193 [main] INFO  db.DBStoreBuilder (DBStoreBuilder.java:processTables(174)) - Using default column profile:DBProfile.DISK for Table:default
2019-10-17 07:43:01,193 [main] INFO  db.DBStoreBuilder (DBStoreBuilder.java:getDbProfile(205)) - Using default options. DBProfile.DISK
2019-10-17 07:43:01,375 [main] INFO  ipc.CallQueueManager (CallQueueManager.java:<init>(84)) - Using callQueue: class java.util.concurrent.LinkedBlockingQueue, queueCapacity: 2000, scheduler: class org.apache.hadoop.ipc.DefaultRpcScheduler, ipcBackoff: false.
2019-10-17 07:43:01,376 [Socket Reader #1 for port 34783] INFO  ipc.Server (Server.java:run(1074)) - Starting Socket Reader #1 for port 34783
2019-10-17 07:43:01,379 [IPC Server Responder] INFO  ipc.Server (Server.java:run(1314)) - IPC Server Responder: starting
2019-10-17 07:43:01,379 [IPC Server listener on 34783] INFO  ipc.Server (Server.java:run(1153)) - IPC Server listener on 34783: starting
2019-10-17 07:43:01,385 [main] INFO  hdfs.DFSUtil (DFSUtil.java:httpServerTemplateForNNAndJN(1641)) - Starting Web-server for ozoneManager at: http://0.0.0.0:45613
2019-10-17 07:43:01,388 [main] INFO  server.AuthenticationFilter (AuthenticationFilter.java:constructSecretProvider(240)) - Unable to initialize FileSignerSecretProvider, falling back to use random secrets.
2019-10-17 07:43:01,390 [main] WARN  http.HttpRequestLog (HttpRequestLog.java:getRequestLog(97)) - Jetty request log can only be enabled using Log4j
2019-10-17 07:43:01,392 [main] INFO  http.HttpServer2 (HttpServer2.java:addGlobalFilter(975)) - Added global filter 'safety' (class=org.apache.hadoop.http.HttpServer2$QuotingInputFilter)
2019-10-17 07:43:01,393 [main] INFO  http.HttpServer2 (HttpServer2.java:addFilter(948)) - Added filter static_user_filter (class=org.apache.hadoop.http.lib.StaticUserWebFilter$StaticUserFilter) to context ozoneManager
2019-10-17 07:43:01,393 [main] INFO  http.HttpServer2 (HttpServer2.java:addFilter(958)) - Added filter static_user_filter (class=org.apache.hadoop.http.lib.StaticUserWebFilter$StaticUserFilter) to context static
2019-10-17 07:43:01,393 [main] INFO  http.HttpServer2 (HttpServer2.java:addFilter(958)) - Added filter static_user_filter (class=org.apache.hadoop.http.lib.StaticUserWebFilter$StaticUserFilter) to context logs
2019-10-17 07:43:01,394 [main] INFO  http.HttpServer2 (HttpServer2.java:bindListener(1191)) - Jetty bound to port 45613
2019-10-17 07:43:01,395 [main] INFO  server.Server (Server.java:doStart(351)) - jetty-9.3.25.v20180904, build timestamp: 2018-09-04T21:11:46Z, git hash: 3ce520221d0240229c862b122d2b06c12a625732
2019-10-17 07:43:01,397 [main] INFO  handler.ContextHandler (ContextHandler.java:doStart(781)) - Started o.e.j.s.ServletContextHandler@b887730{/logs,file:///workdir/hadoop-ozone/integration-test/target/log,AVAILABLE}
2019-10-17 07:43:01,398 [main] INFO  handler.ContextHandler (ContextHandler.java:doStart(781)) - Started o.e.j.s.ServletContextHandler@52f57666{/static,file:///workdir/hadoop-ozone/integration-test/target/test-classes/webapps/static,AVAILABLE}
2019-10-17 07:43:01,404 [main] INFO  handler.ContextHandler (ContextHandler.java:doStart(781)) - Started o.e.j.w.WebAppContext@7afc4db9{/,file:///workdir/hadoop-ozone/integration-test/target/test-classes/webapps/ozoneManager/,AVAILABLE}{/ozoneManager}
2019-10-17 07:43:01,404 [main] INFO  server.AbstractConnector (AbstractConnector.java:doStart(278)) - Started ServerConnector@1a1f5f71{HTTP/1.1,[http/1.1]}{0.0.0.0:45613}
2019-10-17 07:43:01,405 [main] INFO  server.Server (Server.java:doStart(419)) - Started @27499ms
2019-10-17 07:43:01,405 [main] WARN  impl.MetricsSystemImpl (MetricsSystemImpl.java:register(276)) - Sink prometheus already exists!
2019-10-17 07:43:01,406 [main] INFO  server.BaseHttpServer (BaseHttpServer.java:updateConnectorAddress(215)) - HTTP server of OZONEMANAGER is listening at http://0.0.0.0:45613
2019-10-17 07:43:01,407 [main] INFO  server.StorageContainerManager (StorageContainerManager.java:stop(810)) - Stopping Replication Manager Service.
2019-10-17 07:43:01,407 [main] INFO  container.ReplicationManager (ReplicationManager.java:stop(209)) - Replication Monitor Thread is not running.
2019-10-17 07:43:01,407 [org.apache.hadoop.util.JvmPauseMonitor$Monitor@63884e4] INFO  util.JvmPauseMonitor (JvmPauseMonitor.java:run(188)) - Starting JVM pause monitor
2019-10-17 07:43:01,407 [main] INFO  server.StorageContainerManager (StorageContainerManager.java:stop(817)) - Stopping Lease Manager of the command watchers
2019-10-17 07:43:01,408 [main] ERROR server.StorageContainerManager (StorageContainerManager.java:stop(820)) - Lease Manager of the command watchers stop failed
2019-10-17 07:43:01,408 [main] INFO  server.StorageContainerManager (StorageContainerManager.java:stop(824)) - Stopping datanode service RPC server
2019-10-17 07:43:01,408 [main] INFO  server.SCMDatanodeProtocolServer (SCMDatanodeProtocolServer.java:stop(346)) - Stopping the RPC server for DataNodes
2019-10-17 07:43:01,408 [main] INFO  ipc.Server (Server.java:stop(3082)) - Stopping server on 44367
2019-10-17 07:43:01,408 [main] INFO  server.StorageContainerManager (StorageContainerManager.java:stop(832)) - Stopping block service RPC server
2019-10-17 07:43:01,409 [main] INFO  server.SCMBlockProtocolServer (SCMBlockProtocolServer.java:stop(155)) - Stopping the RPC server for Block Protocol
2019-10-17 07:43:01,409 [main] INFO  ipc.Server (Server.java:stop(3082)) - Stopping server on 41574
2019-10-17 07:43:01,409 [main] INFO  server.StorageContainerManager (StorageContainerManager.java:stop(839)) - Stopping the StorageContainerLocationProtocol RPC server
2019-10-17 07:43:01,409 [main] INFO  server.SCMClientProtocolServer (SCMClientProtocolServer.java:stop(168)) - Stopping the RPC server for Client Protocol
2019-10-17 07:43:01,409 [main] INFO  ipc.Server (Server.java:stop(3082)) - Stopping server on 42245
2019-10-17 07:43:01,409 [main] INFO  server.StorageContainerManager (StorageContainerManager.java:stop(846)) - Stopping Storage Container Manager HTTP server.
2019-10-17 07:43:01,409 [main] INFO  server.StorageContainerManager (StorageContainerManager.java:stop(857)) - Stopping Block Manager Service.
2019-10-17 07:43:01,409 [main] INFO  utils.BackgroundService (BackgroundService.java:shutdown(151)) - Shutting down service SCMBlockDeletingService
2019-10-17 07:43:01,410 [main] INFO  utils.BackgroundService (BackgroundService.java:shutdown(151)) - Shutting down service SCMBlockDeletingService
2019-10-17 07:43:01,410 [main] INFO  server.StorageContainerManager (StorageContainerManager.java:stop(879)) - Stopping SCM Event Queue.
2019-10-17 07:43:01,410 [main] INFO  impl.MetricsSystemImpl (MetricsSystemImpl.java:stop(210)) - Stopping OzoneManager metrics system...
2019-10-17 07:43:01,413 [main] INFO  impl.MetricsSystemImpl (MetricsSystemImpl.java:stop(216)) - OzoneManager metrics system stopped.
2019-10-17 07:43:01,414 [main] WARN  server.ServerUtils (ServerUtils.java:getScmDbDir(145)) - ozone.scm.db.dirs is not configured. We recommend adding this setting. Falling back to ozone.metadata.dirs instead.
2019-10-17 07:43:01,414 [main] WARN  server.ServerUtils (ServerUtils.java:getScmDbDir(145)) - ozone.scm.db.dirs is not configured. We recommend adding this setting. Falling back to ozone.metadata.dirs instead.
2019-10-17 07:43:01,415 [main] INFO  db.DBStoreBuilder (DBStoreBuilder.java:addTable(117)) - using custom profile for table: deletedBlocks
2019-10-17 07:43:01,415 [main] INFO  db.DBStoreBuilder (DBStoreBuilder.java:processTables(168)) - Using default column profile:DBProfile.DISK for Table:deletedBlocks
2019-10-17 07:43:01,415 [main] INFO  db.DBStoreBuilder (DBStoreBuilder.java:addTable(117)) - using custom profile for table: validCerts
2019-10-17 07:43:01,415 [main] INFO  db.DBStoreBuilder (DBStoreBuilder.java:processTables(168)) - Using default column profile:DBProfile.DISK for Table:validCerts
2019-10-17 07:43:01,416 [main] INFO  db.DBStoreBuilder (DBStoreBuilder.java:addTable(117)) - using custom profile for table: revokedCerts
2019-10-17 07:43:01,416 [main] INFO  db.DBStoreBuilder (DBStoreBuilder.java:processTables(168)) - Using default column profile:DBProfile.DISK for Table:revokedCerts
2019-10-17 07:43:01,416 [main] INFO  db.DBStoreBuilder (DBStoreBuilder.java:addTable(117)) - using custom profile for table: default
2019-10-17 07:43:01,416 [main] INFO  db.DBStoreBuilder (DBStoreBuilder.java:processTables(174)) - Using default column profile:DBProfile.DISK for Table:default
2019-10-17 07:43:01,416 [main] INFO  db.DBStoreBuilder (DBStoreBuilder.java:getDbProfile(205)) - Using default options. DBProfile.DISK
2019-10-17 07:43:01,494 [main] INFO  net.NodeSchemaLoader (NodeSchemaLoader.java:loadSchemaFromFile(125)) - Loading file from sun.misc.CompoundEnumeration@4acb7ecc
2019-10-17 07:43:01,494 [main] INFO  net.NodeSchemaLoader (NodeSchemaLoader.java:loadSchema(171)) - Loading network topology layer schema file
2019-10-17 07:43:01,501 [main] INFO  node.SCMNodeManager (SCMNodeManager.java:<init>(116)) - Entering startup safe mode.
2019-10-17 07:43:01,502 [main] INFO  algorithms.ContainerPlacementPolicyFactory (ContainerPlacementPolicyFactory.java:getPolicy(57)) - Create container placement policy of type org.apache.hadoop.hdds.scm.container.placement.algorithms.SCMContainerPlacementRandom
2019-10-17 07:43:01,503 [main] WARN  server.ServerUtils (ServerUtils.java:getScmDbDir(145)) - ozone.scm.db.dirs is not configured. We recommend adding this setting. Falling back to ozone.metadata.dirs instead.
2019-10-17 07:43:01,610 [main] INFO  pipeline.PipelineStateManager (PipelineStateManager.java:addPipeline(55)) - Created pipeline Pipeline[ Id: 4019cae6-87b7-45d6-99b0-a9ee991d717f, Nodes: 2a93f7e5-ecb9-41da-9c47-70e13ba76d7d{ip: 192.168.34.62, host: pr-hdds-1868-lzclr-202649289, networkLocation: /default-rack, certSerialId: null}24020d0b-ce61-4f5a-b0b0-c561541e8cd4{ip: 192.168.34.62, host: pr-hdds-1868-lzclr-202649289, networkLocation: /default-rack, certSerialId: null}37bd8e8c-ea68-4b1c-8659-8d001c4f3b5c{ip: 192.168.34.62, host: pr-hdds-1868-lzclr-202649289, networkLocation: /default-rack, certSerialId: null}, Type:RATIS, Factor:THREE, State:ALLOCATED]
2019-10-17 07:43:01,611 [main] INFO  pipeline.PipelineStateManager (PipelineStateManager.java:addPipeline(55)) - Created pipeline Pipeline[ Id: 5afe2def-bbe7-4222-9096-5a4280cfe399, Nodes: 950052e4-3e22-47da-9ede-753224ba511d{ip: 192.168.34.62, host: pr-hdds-1868-lzclr-202649289, networkLocation: /default-rack, certSerialId: null}, Type:RATIS, Factor:ONE, State:ALLOCATED]
2019-10-17 07:43:01,611 [main] INFO  pipeline.PipelineStateManager (PipelineStateManager.java:addPipeline(55)) - Created pipeline Pipeline[ Id: 6872a6bd-7023-41e7-8e2a-56d8d7603b90, Nodes: 029f6492-d0d3-4359-81c8-d83b80fef939{ip: 192.168.34.62, host: pr-hdds-1868-lzclr-202649289, networkLocation: /default-rack, certSerialId: null}a802dc96-981d-402b-abc4-149484258632{ip: 192.168.34.62, host: pr-hdds-1868-lzclr-202649289, networkLocation: /default-rack, certSerialId: null}950052e4-3e22-47da-9ede-753224ba511d{ip: 192.168.34.62, host: pr-hdds-1868-lzclr-202649289, networkLocation: /default-rack, certSerialId: null}, Type:RATIS, Factor:THREE, State:ALLOCATED]
2019-10-17 07:43:01,612 [main] INFO  pipeline.PipelineStateManager (PipelineStateManager.java:addPipeline(55)) - Created pipeline Pipeline[ Id: 75e0ba25-9759-4b49-84f6-feb16db33ba8, Nodes: 24020d0b-ce61-4f5a-b0b0-c561541e8cd4{ip: 192.168.34.62, host: pr-hdds-1868-lzclr-202649289, networkLocation: /default-rack, certSerialId: null}, Type:RATIS, Factor:ONE, State:ALLOCATED]
2019-10-17 07:43:01,612 [main] INFO  pipeline.PipelineStateManager (PipelineStateManager.java:addPipeline(55)) - Created pipeline Pipeline[ Id: d97424e8-73ee-4f68-bd8c-0b27b5b66cfa, Nodes: 2a93f7e5-ecb9-41da-9c47-70e13ba76d7d{ip: 192.168.34.62, host: pr-hdds-1868-lzclr-202649289, networkLocation: /default-rack, certSerialId: null}, Type:RATIS, Factor:ONE, State:ALLOCATED]
2019-10-17 07:43:01,613 [main] INFO  pipeline.PipelineStateManager (PipelineStateManager.java:addPipeline(55)) - Created pipeline Pipeline[ Id: e5d39dc2-41f7-4bac-b896-4f7f25c04713, Nodes: a802dc96-981d-402b-abc4-149484258632{ip: 192.168.34.62, host: pr-hdds-1868-lzclr-202649289, networkLocation: /default-rack, certSerialId: null}, Type:RATIS, Factor:ONE, State:ALLOCATED]
2019-10-17 07:43:01,613 [main] INFO  pipeline.PipelineStateManager (PipelineStateManager.java:addPipeline(55)) - Created pipeline Pipeline[ Id: f6bcfcd1-ac56-41bc-aa4f-4065a40678ca, Nodes: 029f6492-d0d3-4359-81c8-d83b80fef939{ip: 192.168.34.62, host: pr-hdds-1868-lzclr-202649289, networkLocation: /default-rack, certSerialId: null}, Type:RATIS, Factor:ONE, State:ALLOCATED]
2019-10-17 07:43:01,614 [main] INFO  pipeline.PipelineStateManager (PipelineStateManager.java:addPipeline(55)) - Created pipeline Pipeline[ Id: f9589774-8dcc-49ca-90e1-bbccafe5db64, Nodes: 37bd8e8c-ea68-4b1c-8659-8d001c4f3b5c{ip: 192.168.34.62, host: pr-hdds-1868-lzclr-202649289, networkLocation: /default-rack, certSerialId: null}, Type:RATIS, Factor:ONE, State:ALLOCATED]
2019-10-17 07:43:01,614 [main] WARN  server.ServerUtils (ServerUtils.java:getScmDbDir(145)) - ozone.scm.db.dirs is not configured. We recommend adding this setting. Falling back to ozone.metadata.dirs instead.
2019-10-17 07:43:01,695 [main] INFO  safemode.HealthyPipelineSafeModeRule (HealthyPipelineSafeModeRule.java:<init>(90)) -  Total pipeline count is 2, healthy pipeline threshold count is 1
2019-10-17 07:43:01,696 [main] INFO  safemode.OneReplicaPipelineSafeModeRule (OneReplicaPipelineSafeModeRule.java:<init>(84)) -  Total pipeline count is 2, pipeline's with atleast one datanode reported threshold count is 2
2019-10-17 07:43:01,696 [main] WARN  events.EventQueue (EventQueue.java:fireEvent(183)) - No event handler registered for event TypedEvent{payloadType=SafeModeStatus, name='SafeModeStatus'}
2019-10-17 07:43:01,698 [main] INFO  ipc.CallQueueManager (CallQueueManager.java:<init>(84)) - Using callQueue: class java.util.concurrent.LinkedBlockingQueue, queueCapacity: 2000, scheduler: class org.apache.hadoop.ipc.DefaultRpcScheduler, ipcBackoff: false.
2019-10-17 07:43:01,700 [Socket Reader #1 for port 44367] INFO  ipc.Server (Server.java:run(1074)) - Starting Socket Reader #1 for port 44367
2019-10-17 07:43:01,703 [main] INFO  ipc.CallQueueManager (CallQueueManager.java:<init>(84)) - Using callQueue: class java.util.concurrent.LinkedBlockingQueue, queueCapacity: 2000, scheduler: class org.apache.hadoop.ipc.DefaultRpcScheduler, ipcBackoff: false.
2019-10-17 07:43:01,704 [Socket Reader #1 for port 41574] INFO  ipc.Server (Server.java:run(1074)) - Starting Socket Reader #1 for port 41574
2019-10-17 07:43:01,706 [main] INFO  ipc.CallQueueManager (CallQueueManager.java:<init>(84)) - Using callQueue: class java.util.concurrent.LinkedBlockingQueue, queueCapacity: 2000, scheduler: class org.apache.hadoop.ipc.DefaultRpcScheduler, ipcBackoff: false.
2019-10-17 07:43:01,707 [Socket Reader #1 for port 42245] INFO  ipc.Server (Server.java:run(1074)) - Starting Socket Reader #1 for port 42245
2019-10-17 07:43:01,710 [main] INFO  hdfs.DFSUtil (DFSUtil.java:httpServerTemplateForNNAndJN(1641)) - Starting Web-server for scm at: http://0.0.0.0:37830
2019-10-17 07:43:01,713 [main] INFO  server.AuthenticationFilter (AuthenticationFilter.java:constructSecretProvider(240)) - Unable to initialize FileSignerSecretProvider, falling back to use random secrets.
2019-10-17 07:43:01,713 [main] WARN  http.HttpRequestLog (HttpRequestLog.java:getRequestLog(97)) - Jetty request log can only be enabled using Log4j
2019-10-17 07:43:01,716 [main] INFO  http.HttpServer2 (HttpServer2.java:addGlobalFilter(975)) - Added global filter 'safety' (class=org.apache.hadoop.http.HttpServer2$QuotingInputFilter)
2019-10-17 07:43:01,717 [main] INFO  http.HttpServer2 (HttpServer2.java:addFilter(948)) - Added filter static_user_filter (class=org.apache.hadoop.http.lib.StaticUserWebFilter$StaticUserFilter) to context scm
2019-10-17 07:43:01,717 [main] INFO  http.HttpServer2 (HttpServer2.java:addFilter(958)) - Added filter static_user_filter (class=org.apache.hadoop.http.lib.StaticUserWebFilter$StaticUserFilter) to context static
2019-10-17 07:43:01,718 [main] INFO  http.HttpServer2 (HttpServer2.java:addFilter(958)) - Added filter static_user_filter (class=org.apache.hadoop.http.lib.StaticUserWebFilter$StaticUserFilter) to context logs
2019-10-17 07:43:01,721 [main] INFO  server.StorageContainerManager (StorageContainerManager.java:start(772)) - StorageContainerLocationProtocol RPC server is listening at /0.0.0.0:42245
2019-10-17 07:43:01,724 [main] WARN  impl.MetricsConfig (MetricsConfig.java:loadFirst(134)) - Cannot locate configuration: tried hadoop-metrics2-storagecontainermanager.properties,hadoop-metrics2.properties
2019-10-17 07:43:01,725 [main] INFO  impl.MetricsSystemImpl (MetricsSystemImpl.java:startTimer(374)) - Scheduled Metric snapshot period at 10 second(s).
2019-10-17 07:43:01,725 [main] INFO  impl.MetricsSystemImpl (MetricsSystemImpl.java:start(191)) - StorageContainerManager metrics system started
2019-10-17 07:43:01,764 [main] WARN  impl.MetricsSystemImpl (MetricsSystemImpl.java:register(276)) - Sink prometheus already exists!
2019-10-17 07:43:01,769 [main] INFO  server.SCMClientProtocolServer (SCMClientProtocolServer.java:start(159)) - RPC server for Client  is listening at /0.0.0.0:42245
2019-10-17 07:43:01,769 [IPC Server Responder] INFO  ipc.Server (Server.java:run(1314)) - IPC Server Responder: starting
2019-10-17 07:43:01,770 [IPC Server listener on 42245] INFO  ipc.Server (Server.java:run(1153)) - IPC Server listener on 42245: starting
2019-10-17 07:43:01,773 [main] INFO  server.StorageContainerManager (StorageContainerManager.java:start(782)) - ScmBlockLocationProtocol RPC server is listening at /0.0.0.0:41574
2019-10-17 07:43:01,773 [main] INFO  server.SCMBlockProtocolServer (SCMBlockProtocolServer.java:start(146)) - RPC server for Block Protocol is listening at /0.0.0.0:41574
2019-10-17 07:43:01,774 [IPC Server listener on 41574] INFO  ipc.Server (Server.java:run(1153)) - IPC Server listener on 41574: starting
2019-10-17 07:43:01,774 [IPC Server Responder] INFO  ipc.Server (Server.java:run(1314)) - IPC Server Responder: starting
2019-10-17 07:43:01,778 [main] INFO  server.StorageContainerManager (StorageContainerManager.java:start(786)) - ScmDatanodeProtocl RPC server is listening at /0.0.0.0:44367
2019-10-17 07:43:01,778 [main] INFO  server.SCMDatanodeProtocolServer (SCMDatanodeProtocolServer.java:start(169)) - RPC server for DataNodes is listening at /0.0.0.0:44367
2019-10-17 07:43:01,778 [IPC Server listener on 44367] INFO  ipc.Server (Server.java:run(1153)) - IPC Server listener on 44367: starting
2019-10-17 07:43:01,778 [IPC Server Responder] INFO  ipc.Server (Server.java:run(1314)) - IPC Server Responder: starting
2019-10-17 07:43:01,782 [main] INFO  http.HttpServer2 (HttpServer2.java:bindListener(1191)) - Jetty bound to port 37830
2019-10-17 07:43:01,782 [main] INFO  server.Server (Server.java:doStart(351)) - jetty-9.3.25.v20180904, build timestamp: 2018-09-04T21:11:46Z, git hash: 3ce520221d0240229c862b122d2b06c12a625732
2019-10-17 07:43:01,784 [main] INFO  handler.ContextHandler (ContextHandler.java:doStart(781)) - Started o.e.j.s.ServletContextHandler@753aca85{/logs,file:///workdir/hadoop-ozone/integration-test/target/log,AVAILABLE}
2019-10-17 07:43:01,785 [main] INFO  handler.ContextHandler (ContextHandler.java:doStart(781)) - Started o.e.j.s.ServletContextHandler@574a89e2{/static,file:///workdir/hadoop-ozone/integration-test/target/test-classes/webapps/static,AVAILABLE}
2019-10-17 07:43:01,790 [main] INFO  handler.ContextHandler (ContextHandler.java:doStart(781)) - Started o.e.j.w.WebAppContext@29a98d9f{/,file:///workdir/hadoop-ozone/integration-test/target/test-classes/webapps/scm/,AVAILABLE}{/scm}
2019-10-17 07:43:01,790 [main] INFO  server.AbstractConnector (AbstractConnector.java:doStart(278)) - Started ServerConnector@2da3b078{HTTP/1.1,[http/1.1]}{0.0.0.0:37830}
2019-10-17 07:43:01,791 [main] INFO  server.Server (Server.java:doStart(419)) - Started @27885ms
2019-10-17 07:43:01,791 [main] WARN  impl.MetricsSystemImpl (MetricsSystemImpl.java:register(276)) - Sink prometheus already exists!
2019-10-17 07:43:01,792 [main] INFO  server.BaseHttpServer (BaseHttpServer.java:updateConnectorAddress(215)) - HTTP server of SCM is listening at http://0.0.0.0:37830
2019-10-17 07:43:01,793 [org.apache.hadoop.util.JvmPauseMonitor$Monitor@7fb66650] INFO  util.JvmPauseMonitor (JvmPauseMonitor.java:run(188)) - Starting JVM pause monitor
2019-10-17 07:43:01,797 [main] INFO  impl.MetricsSystemImpl (MetricsSystemImpl.java:init(158)) - HddsDatanode metrics system started (again)
2019-10-17 07:43:01,829 [main] INFO  ozone.HddsDatanodeService (HddsDatanodeService.java:start(184)) - HddsDatanodeService host:pr-hdds-1868-lzclr-202649289 ip:192.168.34.62
2019-10-17 07:43:01,835 [main] INFO  volume.VolumeUsage (VolumeUsage.java:loadScmUsed(144)) - Cached ScmUsed found for /workdir/hadoop-ozone/integration-test/target/test-dir/MiniOzoneClusterImpl-87e8d78b-2c25-4827-9c34-ee9c99992073/datanode-3/data/containers : 4096 
2019-10-17 07:43:01,835 [main] INFO  volume.HddsVolume (HddsVolume.java:<init>(176)) - Creating Volume: /workdir/hadoop-ozone/integration-test/target/test-dir/MiniOzoneClusterImpl-87e8d78b-2c25-4827-9c34-ee9c99992073/datanode-3/data/containers/hdds of  storage type : DISK and capacity : 1482555576320
2019-10-17 07:43:01,836 [main] INFO  volume.VolumeSet (VolumeSet.java:initializeVolumeSet(170)) - Added Volume : /workdir/hadoop-ozone/integration-test/target/test-dir/MiniOzoneClusterImpl-87e8d78b-2c25-4827-9c34-ee9c99992073/datanode-3/data/containers/hdds to VolumeSet
2019-10-17 07:43:01,836 [main] INFO  volume.ThrottledAsyncChecker (ThrottledAsyncChecker.java:schedule(141)) - Scheduling a check for /workdir/hadoop-ozone/integration-test/target/test-dir/MiniOzoneClusterImpl-87e8d78b-2c25-4827-9c34-ee9c99992073/datanode-3/data/containers/hdds
2019-10-17 07:43:01,837 [main] INFO  volume.HddsVolumeChecker (HddsVolumeChecker.java:checkAllVolumes(204)) - Scheduled health check for volume /workdir/hadoop-ozone/integration-test/target/test-dir/MiniOzoneClusterImpl-87e8d78b-2c25-4827-9c34-ee9c99992073/datanode-3/data/containers/hdds
2019-10-17 07:43:01,852 [main] INFO  impl.RaftServerProxy (ConfUtils.java:logGet(43)) - raft.rpc.type = GRPC (default)
2019-10-17 07:43:01,852 [main] INFO  grpc.GrpcFactory (GrpcFactory.java:checkPooledByteBufAllocatorUseCacheForAllThreads(45)) - PERFORMANCE WARNING: useCacheForAllThreads is true that may cause Netty to create a lot garbage objects and, as a result, trigger GC.
	It is recommended to disable useCacheForAllThreads by setting -Dorg.apache.ratis.thirdparty.io.netty.allocator.useCacheForAllThreads=false in command line.
2019-10-17 07:43:01,853 [main] INFO  grpc.GrpcConfigKeys$Server (ConfUtils.java:logGet(43)) - raft.grpc.server.port = 35412 (custom)
2019-10-17 07:43:01,853 [main] INFO  server.GrpcService (ConfUtils.java:logGet(43)) - raft.grpc.message.size.max = 33570816 (custom)
2019-10-17 07:43:01,853 [main] INFO  server.RaftServerConfigKeys (ConfUtils.java:logGet(43)) - raft.server.log.appender.buffer.byte-limit = 33554432 (custom)
2019-10-17 07:43:01,853 [main] INFO  server.GrpcService (ConfUtils.java:logGet(43)) - raft.grpc.flow.control.window = 1MB (=1048576) (default)
2019-10-17 07:43:01,853 [main] INFO  server.RaftServerConfigKeys (ConfUtils.java:logGet(43)) - raft.server.rpc.request.timeout = 3000ms (default)
2019-10-17 07:43:01,854 [main] INFO  server.RaftServerConfigKeys (ConfUtils.java:logGet(43)) - raft.server.storage.dir = [/workdir/hadoop-ozone/integration-test/target/test-dir/MiniOzoneClusterImpl-87e8d78b-2c25-4827-9c34-ee9c99992073/datanode-3/data/ratis] (custom)
2019-10-17 07:43:01,854 [main] INFO  impl.RaftServerProxy (RaftServerProxy.java:lambda$null$0(191)) - 2a93f7e5-ecb9-41da-9c47-70e13ba76d7d: found a subdirectory /workdir/hadoop-ozone/integration-test/target/test-dir/MiniOzoneClusterImpl-87e8d78b-2c25-4827-9c34-ee9c99992073/datanode-3/data/ratis/4019cae6-87b7-45d6-99b0-a9ee991d717f
2019-10-17 07:43:01,855 [main] INFO  impl.RaftServerProxy (RaftServerProxy.java:addNew(89)) - 2a93f7e5-ecb9-41da-9c47-70e13ba76d7d: addNew group-A9EE991D717F:[] returns group-A9EE991D717F:java.util.concurrent.CompletableFuture@7f93dd4e[Not completed]
2019-10-17 07:43:01,856 [main] INFO  impl.RaftServerProxy (RaftServerProxy.java:lambda$null$0(191)) - 2a93f7e5-ecb9-41da-9c47-70e13ba76d7d: found a subdirectory /workdir/hadoop-ozone/integration-test/target/test-dir/MiniOzoneClusterImpl-87e8d78b-2c25-4827-9c34-ee9c99992073/datanode-3/data/ratis/d97424e8-73ee-4f68-bd8c-0b27b5b66cfa
2019-10-17 07:43:01,856 [main] INFO  impl.RaftServerProxy (RaftServerProxy.java:addNew(89)) - 2a93f7e5-ecb9-41da-9c47-70e13ba76d7d: addNew group-0B27B5B66CFA:[] returns group-0B27B5B66CFA:java.util.concurrent.CompletableFuture@5ad5be4a[Not completed]
2019-10-17 07:43:01,858 [main] INFO  hdfs.DFSUtil (DFSUtil.java:httpServerTemplateForNNAndJN(1641)) - Starting Web-server for hddsDatanode at: http://0.0.0.0:33290
2019-10-17 07:43:01,858 [pool-107-thread-1] INFO  impl.RaftServerImpl (RaftServerImpl.java:<init>(104)) - 2a93f7e5-ecb9-41da-9c47-70e13ba76d7d: new RaftServerImpl for group-A9EE991D717F:[] with ContainerStateMachine:uninitialized
2019-10-17 07:43:01,859 [pool-107-thread-1] INFO  server.RaftServerConfigKeys (ConfUtils.java:logGet(43)) - raft.server.rpc.timeout.min = 5s (custom)
2019-10-17 07:43:01,859 [pool-107-thread-1] INFO  server.RaftServerConfigKeys (ConfUtils.java:logGet(43)) - raft.server.rpc.timeout.max = 5200ms (custom)
2019-10-17 07:43:01,859 [pool-107-thread-1] INFO  server.RaftServerConfigKeys (ConfUtils.java:logGet(43)) - raft.server.rpcslowness.timeout = 120s (custom)
2019-10-17 07:43:01,859 [pool-107-thread-1] INFO  server.RaftServerConfigKeys (ConfUtils.java:logGet(43)) - raft.server.sleep.deviation.threshold = 300 (default)
2019-10-17 07:43:01,859 [pool-107-thread-1] INFO  server.RaftServerConfigKeys (ConfUtils.java:logGet(43)) - raft.server.log.appender.install.snapshot.enabled = false (custom)
2019-10-17 07:43:01,860 [main] INFO  server.AuthenticationFilter (AuthenticationFilter.java:constructSecretProvider(240)) - Unable to initialize FileSignerSecretProvider, falling back to use random secrets.
2019-10-17 07:43:01,860 [pool-107-thread-1] INFO  impl.RaftServerImpl (ServerState.java:<init>(103)) - 2a93f7e5-ecb9-41da-9c47-70e13ba76d7d@group-A9EE991D717F: ConfigurationManager, init=-1: [], old=null, confs=<EMPTY_MAP>
2019-10-17 07:43:01,860 [pool-107-thread-1] INFO  server.RaftServerConfigKeys (ConfUtils.java:logGet(43)) - raft.server.storage.dir = [/workdir/hadoop-ozone/integration-test/target/test-dir/MiniOzoneClusterImpl-87e8d78b-2c25-4827-9c34-ee9c99992073/datanode-3/data/ratis] (custom)
2019-10-17 07:43:01,860 [main] WARN  http.HttpRequestLog (HttpRequestLog.java:getRequestLog(97)) - Jetty request log can only be enabled using Log4j
2019-10-17 07:43:01,860 [pool-107-thread-1] INFO  server.RaftServerConfigKeys (ConfUtils.java:logGet(43)) - raft.server.log.corruption.policy = EXCEPTION (default)
2019-10-17 07:43:01,861 [main] INFO  http.HttpServer2 (HttpServer2.java:addGlobalFilter(975)) - Added global filter 'safety' (class=org.apache.hadoop.http.HttpServer2$QuotingInputFilter)
2019-10-17 07:43:01,862 [main] INFO  http.HttpServer2 (HttpServer2.java:addFilter(948)) - Added filter static_user_filter (class=org.apache.hadoop.http.lib.StaticUserWebFilter$StaticUserFilter) to context hddsDatanode
2019-10-17 07:43:01,862 [main] INFO  http.HttpServer2 (HttpServer2.java:addFilter(958)) - Added filter static_user_filter (class=org.apache.hadoop.http.lib.StaticUserWebFilter$StaticUserFilter) to context static
2019-10-17 07:43:01,862 [main] INFO  http.HttpServer2 (HttpServer2.java:addFilter(958)) - Added filter static_user_filter (class=org.apache.hadoop.http.lib.StaticUserWebFilter$StaticUserFilter) to context logs
2019-10-17 07:43:01,863 [main] INFO  http.HttpServer2 (HttpServer2.java:bindListener(1191)) - Jetty bound to port 33290
2019-10-17 07:43:01,863 [main] INFO  server.Server (Server.java:doStart(351)) - jetty-9.3.25.v20180904, build timestamp: 2018-09-04T21:11:46Z, git hash: 3ce520221d0240229c862b122d2b06c12a625732
2019-10-17 07:43:01,865 [main] INFO  handler.ContextHandler (ContextHandler.java:doStart(781)) - Started o.e.j.s.ServletContextHandler@6fa13e6{/logs,file:///workdir/hadoop-ozone/integration-test/target/log,AVAILABLE}
2019-10-17 07:43:01,865 [main] INFO  handler.ContextHandler (ContextHandler.java:doStart(781)) - Started o.e.j.s.ServletContextHandler@77049094{/static,jar:file:/home/user/.m2/repository/org/apache/hadoop/hadoop-hdds-container-service/0.5.0-SNAPSHOT/hadoop-hdds-container-service-0.5.0-SNAPSHOT.jar!/webapps/static,AVAILABLE}
2019-10-17 07:43:01,884 [pool-107-thread-1] INFO  storage.RaftStorageDirectory (RaftStorageDirectory.java:tryLock(328)) - Lock on /workdir/hadoop-ozone/integration-test/target/test-dir/MiniOzoneClusterImpl-87e8d78b-2c25-4827-9c34-ee9c99992073/datanode-3/data/ratis/4019cae6-87b7-45d6-99b0-a9ee991d717f/in_use.lock acquired by nodename 31404@pr-hdds-1868-lzclr-202649289
2019-10-17 07:43:01,885 [pool-107-thread-1] INFO  ratis.ContainerStateMachine (ContainerStateMachine.java:loadSnapshot(233)) - group-A9EE991D717F: The snapshot info is null. Setting the last applied indexto:(t:0, i:~)
2019-10-17 07:43:01,886 [pool-107-thread-1] INFO  server.RaftServerConfigKeys (ConfUtils.java:logGet(43)) - raft.server.notification.no-leader.timeout = 120s (custom)
2019-10-17 07:43:01,886 [pool-107-thread-1] INFO  server.RaftServerConfigKeys (ConfUtils.java:logGet(43)) - raft.server.log.use.memory = false (default)
2019-10-17 07:43:01,886 [pool-107-thread-1] INFO  server.RaftServerConfigKeys (ConfUtils.java:logGet(43)) - raft.server.log.purge.gap = 1000000 (custom)
2019-10-17 07:43:01,886 [pool-107-thread-1] INFO  server.RaftServerConfigKeys (ConfUtils.java:logGet(43)) - raft.server.log.appender.buffer.byte-limit = 33554432 (custom)
2019-10-17 07:43:01,886 [pool-107-thread-1] INFO  server.RaftServerConfigKeys (ConfUtils.java:logGet(43)) - raft.server.log.segment.size.max = 1048576 (custom)
2019-10-17 07:43:01,886 [pool-107-thread-1] INFO  server.RaftServerConfigKeys (ConfUtils.java:logGet(43)) - raft.server.log.segment.cache.num.max = 2 (custom)
2019-10-17 07:43:01,887 [pool-107-thread-1] INFO  segmented.SegmentedRaftLogWorker (SegmentedRaftLogWorker.java:<init>(173)) - new 2a93f7e5-ecb9-41da-9c47-70e13ba76d7d@group-A9EE991D717F-SegmentedRaftLogWorker for RaftStorage:Storage Directory /workdir/hadoop-ozone/integration-test/target/test-dir/MiniOzoneClusterImpl-87e8d78b-2c25-4827-9c34-ee9c99992073/datanode-3/data/ratis/4019cae6-87b7-45d6-99b0-a9ee991d717f
2019-10-17 07:43:01,887 [pool-107-thread-1] INFO  server.RaftServerConfigKeys (ConfUtils.java:logGet(43)) - raft.server.log.queue.byte-limit = 2147483647 (custom)
2019-10-17 07:43:01,887 [pool-107-thread-1] INFO  server.RaftServerConfigKeys (ConfUtils.java:logGet(43)) - raft.server.log.queue.element-limit = 1024 (custom)
2019-10-17 07:43:01,887 [pool-107-thread-1] INFO  server.RaftServerConfigKeys (ConfUtils.java:logGet(43)) - raft.server.log.segment.size.max = 1048576 (custom)
2019-10-17 07:43:01,887 [pool-107-thread-1] INFO  server.RaftServerConfigKeys (ConfUtils.java:logGet(43)) - raft.server.log.preallocated.size = 16384 (custom)
2019-10-17 07:43:01,887 [pool-107-thread-1] INFO  server.RaftServerConfigKeys (ConfUtils.java:logGet(43)) - raft.server.log.write.buffer.size = 33554432 (custom)
2019-10-17 07:43:01,887 [pool-107-thread-1] INFO  server.RaftServerConfigKeys (ConfUtils.java:logGet(43)) - raft.server.log.force.sync.num = 128 (default)
2019-10-17 07:43:01,887 [pool-107-thread-1] INFO  server.RaftServerConfigKeys (ConfUtils.java:logGet(43)) - raft.server.log.statemachine.data.sync = true (default)
2019-10-17 07:43:01,888 [pool-107-thread-1] INFO  server.RaftServerConfigKeys (ConfUtils.java:logGet(43)) - raft.server.log.statemachine.data.sync.timeout = 10s (default)
2019-10-17 07:43:01,888 [pool-107-thread-1] INFO  server.RaftServerConfigKeys (ConfUtils.java:logGet(43)) - raft.server.log.statemachine.data.sync.timeout.retry = -1 (default)
2019-10-17 07:43:01,888 [pool-107-thread-1] INFO  server.RaftServerConfigKeys (ConfUtils.java:logGet(43)) - raft.server.log.statemachine.data.caching.enabled = true (custom)
2019-10-17 07:43:01,894 [main] INFO  handler.ContextHandler (ContextHandler.java:doStart(781)) - Started o.e.j.w.WebAppContext@4aa21f9d{/,file:///tmp/jetty-0.0.0.0-33290-hddsDatanode-_-any-1156016360580578250.dir/webapp/,AVAILABLE}{/hddsDatanode}
2019-10-17 07:43:01,895 [main] INFO  server.AbstractConnector (AbstractConnector.java:doStart(278)) - Started ServerConnector@71c17a57{HTTP/1.1,[http/1.1]}{0.0.0.0:33290}
2019-10-17 07:43:01,896 [main] INFO  server.Server (Server.java:doStart(419)) - Started @27990ms
2019-10-17 07:43:01,896 [main] WARN  impl.MetricsSystemImpl (MetricsSystemImpl.java:register(276)) - Sink prometheus already exists!
2019-10-17 07:43:01,897 [main] INFO  server.BaseHttpServer (BaseHttpServer.java:updateConnectorAddress(215)) - HTTP server of HDDSDATANODE is listening at http://0.0.0.0:33290
2019-10-17 07:43:01,898 [main] INFO  impl.MetricsSystemImpl (MetricsSystemImpl.java:init(158)) - HddsDatanode metrics system started (again)
2019-10-17 07:43:01,899 [org.apache.hadoop.util.JvmPauseMonitor$Monitor@7e021dae] INFO  util.JvmPauseMonitor (JvmPauseMonitor.java:run(188)) - Starting JVM pause monitor
2019-10-17 07:43:01,902 [main] INFO  ozone.HddsDatanodeService (HddsDatanodeService.java:start(184)) - HddsDatanodeService host:pr-hdds-1868-lzclr-202649289 ip:192.168.34.62
2019-10-17 07:43:01,906 [main] INFO  volume.VolumeUsage (VolumeUsage.java:loadScmUsed(144)) - Cached ScmUsed found for /workdir/hadoop-ozone/integration-test/target/test-dir/MiniOzoneClusterImpl-87e8d78b-2c25-4827-9c34-ee9c99992073/datanode-5/data/containers : 4096 
2019-10-17 07:43:01,907 [pool-107-thread-1] INFO  impl.RaftServerImpl (ServerState.java:setRaftConf(357)) - 2a93f7e5-ecb9-41da-9c47-70e13ba76d7d@group-A9EE991D717F: set configuration 0: [37bd8e8c-ea68-4b1c-8659-8d001c4f3b5c:192.168.34.62:41632, 24020d0b-ce61-4f5a-b0b0-c561541e8cd4:192.168.34.62:42892, 2a93f7e5-ecb9-41da-9c47-70e13ba76d7d:192.168.34.62:35412], old=null at 0
2019-10-17 07:43:01,907 [main] INFO  volume.HddsVolume (HddsVolume.java:<init>(176)) - Creating Volume: /workdir/hadoop-ozone/integration-test/target/test-dir/MiniOzoneClusterImpl-87e8d78b-2c25-4827-9c34-ee9c99992073/datanode-5/data/containers/hdds of  storage type : DISK and capacity : 1482555576320
2019-10-17 07:43:01,908 [main] INFO  volume.VolumeSet (VolumeSet.java:initializeVolumeSet(170)) - Added Volume : /workdir/hadoop-ozone/integration-test/target/test-dir/MiniOzoneClusterImpl-87e8d78b-2c25-4827-9c34-ee9c99992073/datanode-5/data/containers/hdds to VolumeSet
2019-10-17 07:43:01,908 [pool-107-thread-1] INFO  segmented.LogSegment (LogSegment.java:loadSegment(140)) - Successfully read 1 entries from segment file /workdir/hadoop-ozone/integration-test/target/test-dir/MiniOzoneClusterImpl-87e8d78b-2c25-4827-9c34-ee9c99992073/datanode-3/data/ratis/4019cae6-87b7-45d6-99b0-a9ee991d717f/current/log_inprogress_0
2019-10-17 07:43:01,908 [main] INFO  volume.ThrottledAsyncChecker (ThrottledAsyncChecker.java:schedule(141)) - Scheduling a check for /workdir/hadoop-ozone/integration-test/target/test-dir/MiniOzoneClusterImpl-87e8d78b-2c25-4827-9c34-ee9c99992073/datanode-5/data/containers/hdds
2019-10-17 07:43:01,908 [pool-107-thread-1] INFO  segmented.SegmentedRaftLogWorker (SegmentedRaftLogWorker.java:lambda$new$0(128)) - 2a93f7e5-ecb9-41da-9c47-70e13ba76d7d@group-A9EE991D717F-SegmentedRaftLogWorker: flushIndex: setUnconditionally 0 -> 0
2019-10-17 07:43:01,909 [main] INFO  volume.HddsVolumeChecker (HddsVolumeChecker.java:checkAllVolumes(204)) - Scheduled health check for volume /workdir/hadoop-ozone/integration-test/target/test-dir/MiniOzoneClusterImpl-87e8d78b-2c25-4827-9c34-ee9c99992073/datanode-5/data/containers/hdds
2019-10-17 07:43:01,939 [pool-107-thread-1] INFO  server.RaftServerConfigKeys (ConfUtils.java:logGet(43)) - raft.server.snapshot.auto.trigger.enabled = true (custom)
2019-10-17 07:43:01,940 [pool-107-thread-1] INFO  server.RaftServerConfigKeys (ConfUtils.java:logGet(43)) - raft.server.snapshot.auto.trigger.threshold = 10000 (custom)
2019-10-17 07:43:01,940 [pool-107-thread-1] INFO  server.RaftServerConfigKeys (ConfUtils.java:logGet(43)) - raft.server.snapshot.retention.file.num = 5 (custom)
2019-10-17 07:43:01,940 [pool-107-thread-1] INFO  server.RaftServerConfigKeys (ConfUtils.java:logGet(43)) - raft.server.retrycache.expirytime = 600000ms (custom)
2019-10-17 07:43:01,941 [pool-107-thread-1] INFO  impl.RaftServerImpl (RaftServerImpl.java:<init>(104)) - 2a93f7e5-ecb9-41da-9c47-70e13ba76d7d: new RaftServerImpl for group-0B27B5B66CFA:[] with ContainerStateMachine:uninitialized
2019-10-17 07:43:01,942 [pool-107-thread-1] INFO  server.RaftServerConfigKeys (ConfUtils.java:logGet(43)) - raft.server.rpc.timeout.min = 5s (custom)
2019-10-17 07:43:01,942 [pool-107-thread-1] INFO  server.RaftServerConfigKeys (ConfUtils.java:logGet(43)) - raft.server.rpc.timeout.max = 5200ms (custom)
2019-10-17 07:43:01,942 [pool-107-thread-1] INFO  server.RaftServerConfigKeys (ConfUtils.java:logGet(43)) - raft.server.rpcslowness.timeout = 120s (custom)
2019-10-17 07:43:01,942 [pool-107-thread-1] INFO  server.RaftServerConfigKeys (ConfUtils.java:logGet(43)) - raft.server.sleep.deviation.threshold = 300 (default)
2019-10-17 07:43:01,942 [pool-107-thread-1] INFO  server.RaftServerConfigKeys (ConfUtils.java:logGet(43)) - raft.server.log.appender.install.snapshot.enabled = false (custom)
2019-10-17 07:43:01,942 [pool-107-thread-1] INFO  impl.RaftServerImpl (ServerState.java:<init>(103)) - 2a93f7e5-ecb9-41da-9c47-70e13ba76d7d@group-0B27B5B66CFA: ConfigurationManager, init=-1: [], old=null, confs=<EMPTY_MAP>
2019-10-17 07:43:01,942 [pool-107-thread-1] INFO  server.RaftServerConfigKeys (ConfUtils.java:logGet(43)) - raft.server.storage.dir = [/workdir/hadoop-ozone/integration-test/target/test-dir/MiniOzoneClusterImpl-87e8d78b-2c25-4827-9c34-ee9c99992073/datanode-3/data/ratis] (custom)
2019-10-17 07:43:01,943 [pool-107-thread-1] INFO  server.RaftServerConfigKeys (ConfUtils.java:logGet(43)) - raft.server.log.corruption.policy = EXCEPTION (default)
2019-10-17 07:43:01,962 [main] INFO  impl.RaftServerProxy (ConfUtils.java:logGet(43)) - raft.rpc.type = GRPC (default)
2019-10-17 07:43:01,962 [main] INFO  grpc.GrpcFactory (GrpcFactory.java:checkPooledByteBufAllocatorUseCacheForAllThreads(45)) - PERFORMANCE WARNING: useCacheForAllThreads is true that may cause Netty to create a lot garbage objects and, as a result, trigger GC.
	It is recommended to disable useCacheForAllThreads by setting -Dorg.apache.ratis.thirdparty.io.netty.allocator.useCacheForAllThreads=false in command line.
2019-10-17 07:43:01,963 [main] INFO  grpc.GrpcConfigKeys$Server (ConfUtils.java:logGet(43)) - raft.grpc.server.port = 42892 (custom)
2019-10-17 07:43:01,963 [main] INFO  server.GrpcService (ConfUtils.java:logGet(43)) - raft.grpc.message.size.max = 33570816 (custom)
2019-10-17 07:43:01,963 [main] INFO  server.RaftServerConfigKeys (ConfUtils.java:logGet(43)) - raft.server.log.appender.buffer.byte-limit = 33554432 (custom)
2019-10-17 07:43:01,963 [main] INFO  server.GrpcService (ConfUtils.java:logGet(43)) - raft.grpc.flow.control.window = 1MB (=1048576) (default)
2019-10-17 07:43:01,964 [main] INFO  server.RaftServerConfigKeys (ConfUtils.java:logGet(43)) - raft.server.rpc.request.timeout = 3000ms (default)
2019-10-17 07:43:01,964 [main] INFO  server.RaftServerConfigKeys (ConfUtils.java:logGet(43)) - raft.server.storage.dir = [/workdir/hadoop-ozone/integration-test/target/test-dir/MiniOzoneClusterImpl-87e8d78b-2c25-4827-9c34-ee9c99992073/datanode-5/data/ratis] (custom)
2019-10-17 07:43:01,965 [main] INFO  impl.RaftServerProxy (RaftServerProxy.java:lambda$null$0(191)) - 24020d0b-ce61-4f5a-b0b0-c561541e8cd4: found a subdirectory /workdir/hadoop-ozone/integration-test/target/test-dir/MiniOzoneClusterImpl-87e8d78b-2c25-4827-9c34-ee9c99992073/datanode-5/data/ratis/4019cae6-87b7-45d6-99b0-a9ee991d717f
2019-10-17 07:43:01,965 [main] INFO  impl.RaftServerProxy (RaftServerProxy.java:addNew(89)) - 24020d0b-ce61-4f5a-b0b0-c561541e8cd4: addNew group-A9EE991D717F:[] returns group-A9EE991D717F:java.util.concurrent.CompletableFuture@73d60e76[Not completed]
2019-10-17 07:43:01,965 [pool-107-thread-1] INFO  storage.RaftStorageDirectory (RaftStorageDirectory.java:tryLock(328)) - Lock on /workdir/hadoop-ozone/integration-test/target/test-dir/MiniOzoneClusterImpl-87e8d78b-2c25-4827-9c34-ee9c99992073/datanode-3/data/ratis/d97424e8-73ee-4f68-bd8c-0b27b5b66cfa/in_use.lock acquired by nodename 31404@pr-hdds-1868-lzclr-202649289
2019-10-17 07:43:01,965 [main] INFO  impl.RaftServerProxy (RaftServerProxy.java:lambda$null$0(191)) - 24020d0b-ce61-4f5a-b0b0-c561541e8cd4: found a subdirectory /workdir/hadoop-ozone/integration-test/target/test-dir/MiniOzoneClusterImpl-87e8d78b-2c25-4827-9c34-ee9c99992073/datanode-5/data/ratis/75e0ba25-9759-4b49-84f6-feb16db33ba8
2019-10-17 07:43:01,966 [main] INFO  impl.RaftServerProxy (RaftServerProxy.java:addNew(89)) - 24020d0b-ce61-4f5a-b0b0-c561541e8cd4: addNew group-FEB16DB33BA8:[] returns group-FEB16DB33BA8:java.util.concurrent.CompletableFuture@24f870ee[Not completed]
2019-10-17 07:43:01,966 [pool-107-thread-1] INFO  ratis.ContainerStateMachine (ContainerStateMachine.java:loadSnapshot(233)) - group-0B27B5B66CFA: The snapshot info is null. Setting the last applied indexto:(t:0, i:~)
2019-10-17 07:43:01,966 [pool-107-thread-1] INFO  server.RaftServerConfigKeys (ConfUtils.java:logGet(43)) - raft.server.notification.no-leader.timeout = 120s (custom)
2019-10-17 07:43:01,966 [pool-107-thread-1] INFO  server.RaftServerConfigKeys (ConfUtils.java:logGet(43)) - raft.server.log.use.memory = false (default)
2019-10-17 07:43:01,966 [pool-107-thread-1] INFO  server.RaftServerConfigKeys (ConfUtils.java:logGet(43)) - raft.server.log.purge.gap = 1000000 (custom)
2019-10-17 07:43:01,967 [pool-107-thread-1] INFO  server.RaftServerConfigKeys (ConfUtils.java:logGet(43)) - raft.server.log.appender.buffer.byte-limit = 33554432 (custom)
2019-10-17 07:43:01,968 [pool-107-thread-1] INFO  server.RaftServerConfigKeys (ConfUtils.java:logGet(43)) - raft.server.log.segment.size.max = 1048576 (custom)
2019-10-17 07:43:01,968 [pool-117-thread-1] INFO  impl.RaftServerImpl (RaftServerImpl.java:<init>(104)) - 24020d0b-ce61-4f5a-b0b0-c561541e8cd4: new RaftServerImpl for group-A9EE991D717F:[] with ContainerStateMachine:uninitialized
2019-10-17 07:43:01,968 [pool-107-thread-1] INFO  server.RaftServerConfigKeys (ConfUtils.java:logGet(43)) - raft.server.log.segment.cache.num.max = 2 (custom)
2019-10-17 07:43:01,969 [pool-107-thread-1] INFO  segmented.SegmentedRaftLogWorker (SegmentedRaftLogWorker.java:<init>(173)) - new 2a93f7e5-ecb9-41da-9c47-70e13ba76d7d@group-0B27B5B66CFA-SegmentedRaftLogWorker for RaftStorage:Storage Directory /workdir/hadoop-ozone/integration-test/target/test-dir/MiniOzoneClusterImpl-87e8d78b-2c25-4827-9c34-ee9c99992073/datanode-3/data/ratis/d97424e8-73ee-4f68-bd8c-0b27b5b66cfa
2019-10-17 07:43:01,969 [pool-117-thread-1] INFO  server.RaftServerConfigKeys (ConfUtils.java:logGet(43)) - raft.server.rpc.timeout.min = 5s (custom)
2019-10-17 07:43:01,969 [pool-107-thread-1] INFO  server.RaftServerConfigKeys (ConfUtils.java:logGet(43)) - raft.server.log.queue.byte-limit = 2147483647 (custom)
2019-10-17 07:43:01,969 [main] INFO  hdfs.DFSUtil (DFSUtil.java:httpServerTemplateForNNAndJN(1641)) - Starting Web-server for hddsDatanode at: http://0.0.0.0:44874
2019-10-17 07:43:01,969 [pool-117-thread-1] INFO  server.RaftServerConfigKeys (ConfUtils.java:logGet(43)) - raft.server.rpc.timeout.max = 5200ms (custom)
2019-10-17 07:43:01,969 [pool-107-thread-1] INFO  server.RaftServerConfigKeys (ConfUtils.java:logGet(43)) - raft.server.log.queue.element-limit = 1024 (custom)
2019-10-17 07:43:01,970 [pool-117-thread-1] INFO  server.RaftServerConfigKeys (ConfUtils.java:logGet(43)) - raft.server.rpcslowness.timeout = 120s (custom)
2019-10-17 07:43:01,970 [pool-107-thread-1] INFO  server.RaftServerConfigKeys (ConfUtils.java:logGet(43)) - raft.server.log.segment.size.max = 1048576 (custom)
2019-10-17 07:43:01,970 [pool-117-thread-1] INFO  server.RaftServerConfigKeys (ConfUtils.java:logGet(43)) - raft.server.sleep.deviation.threshold = 300 (default)
2019-10-17 07:43:01,970 [pool-107-thread-1] INFO  server.RaftServerConfigKeys (ConfUtils.java:logGet(43)) - raft.server.log.preallocated.size = 16384 (custom)
2019-10-17 07:43:01,970 [pool-117-thread-1] INFO  server.RaftServerConfigKeys (ConfUtils.java:logGet(43)) - raft.server.log.appender.install.snapshot.enabled = false (custom)
2019-10-17 07:43:01,970 [pool-107-thread-1] INFO  server.RaftServerConfigKeys (ConfUtils.java:logGet(43)) - raft.server.log.write.buffer.size = 33554432 (custom)
2019-10-17 07:43:01,970 [pool-117-thread-1] INFO  impl.RaftServerImpl (ServerState.java:<init>(103)) - 24020d0b-ce61-4f5a-b0b0-c561541e8cd4@group-A9EE991D717F: ConfigurationManager, init=-1: [], old=null, confs=<EMPTY_MAP>
2019-10-17 07:43:01,970 [pool-107-thread-1] INFO  server.RaftServerConfigKeys (ConfUtils.java:logGet(43)) - raft.server.log.force.sync.num = 128 (default)
2019-10-17 07:43:01,971 [pool-107-thread-1] INFO  server.RaftServerConfigKeys (ConfUtils.java:logGet(43)) - raft.server.log.statemachine.data.sync = true (default)
2019-10-17 07:43:01,971 [pool-117-thread-1] INFO  server.RaftServerConfigKeys (ConfUtils.java:logGet(43)) - raft.server.storage.dir = [/workdir/hadoop-ozone/integration-test/target/test-dir/MiniOzoneClusterImpl-87e8d78b-2c25-4827-9c34-ee9c99992073/datanode-5/data/ratis] (custom)
2019-10-17 07:43:01,971 [pool-107-thread-1] INFO  server.RaftServerConfigKeys (ConfUtils.java:logGet(43)) - raft.server.log.statemachine.data.sync.timeout = 10s (default)
2019-10-17 07:43:01,971 [pool-107-thread-1] INFO  server.RaftServerConfigKeys (ConfUtils.java:logGet(43)) - raft.server.log.statemachine.data.sync.timeout.retry = -1 (default)
2019-10-17 07:43:01,971 [pool-117-thread-1] INFO  server.RaftServerConfigKeys (ConfUtils.java:logGet(43)) - raft.server.log.corruption.policy = EXCEPTION (default)
2019-10-17 07:43:01,971 [main] INFO  server.AuthenticationFilter (AuthenticationFilter.java:constructSecretProvider(240)) - Unable to initialize FileSignerSecretProvider, falling back to use random secrets.
2019-10-17 07:43:01,971 [pool-107-thread-1] INFO  server.RaftServerConfigKeys (ConfUtils.java:logGet(43)) - raft.server.log.statemachine.data.caching.enabled = true (custom)
2019-10-17 07:43:01,972 [main] WARN  http.HttpRequestLog (HttpRequestLog.java:getRequestLog(97)) - Jetty request log can only be enabled using Log4j
2019-10-17 07:43:01,972 [pool-107-thread-1] INFO  impl.RaftServerImpl (ServerState.java:setRaftConf(357)) - 2a93f7e5-ecb9-41da-9c47-70e13ba76d7d@group-0B27B5B66CFA: set configuration 0: [2a93f7e5-ecb9-41da-9c47-70e13ba76d7d:192.168.34.62:35412], old=null at 0
2019-10-17 07:43:01,973 [pool-107-thread-1] INFO  segmented.LogSegment (LogSegment.java:loadSegment(140)) - Successfully read 1 entries from segment file /workdir/hadoop-ozone/integration-test/target/test-dir/MiniOzoneClusterImpl-87e8d78b-2c25-4827-9c34-ee9c99992073/datanode-3/data/ratis/d97424e8-73ee-4f68-bd8c-0b27b5b66cfa/current/log_inprogress_0
2019-10-17 07:43:01,973 [pool-107-thread-1] INFO  segmented.SegmentedRaftLogWorker (SegmentedRaftLogWorker.java:lambda$new$0(128)) - 2a93f7e5-ecb9-41da-9c47-70e13ba76d7d@group-0B27B5B66CFA-SegmentedRaftLogWorker: flushIndex: setUnconditionally 0 -> 0
2019-10-17 07:43:01,975 [main] INFO  http.HttpServer2 (HttpServer2.java:addGlobalFilter(975)) - Added global filter 'safety' (class=org.apache.hadoop.http.HttpServer2$QuotingInputFilter)
2019-10-17 07:43:01,976 [main] INFO  http.HttpServer2 (HttpServer2.java:addFilter(948)) - Added filter static_user_filter (class=org.apache.hadoop.http.lib.StaticUserWebFilter$StaticUserFilter) to context hddsDatanode
2019-10-17 07:43:01,976 [main] INFO  http.HttpServer2 (HttpServer2.java:addFilter(958)) - Added filter static_user_filter (class=org.apache.hadoop.http.lib.StaticUserWebFilter$StaticUserFilter) to context static
2019-10-17 07:43:01,976 [main] INFO  http.HttpServer2 (HttpServer2.java:addFilter(958)) - Added filter static_user_filter (class=org.apache.hadoop.http.lib.StaticUserWebFilter$StaticUserFilter) to context logs
2019-10-17 07:43:01,978 [main] INFO  http.HttpServer2 (HttpServer2.java:bindListener(1191)) - Jetty bound to port 44874
2019-10-17 07:43:01,978 [main] INFO  server.Server (Server.java:doStart(351)) - jetty-9.3.25.v20180904, build timestamp: 2018-09-04T21:11:46Z, git hash: 3ce520221d0240229c862b122d2b06c12a625732
2019-10-17 07:43:01,981 [main] INFO  handler.ContextHandler (ContextHandler.java:doStart(781)) - Started o.e.j.s.ServletContextHandler@1f03fba0{/logs,file:///workdir/hadoop-ozone/integration-test/target/log,AVAILABLE}
2019-10-17 07:43:01,981 [main] INFO  handler.ContextHandler (ContextHandler.java:doStart(781)) - Started o.e.j.s.ServletContextHandler@3bbf6abe{/static,jar:file:/home/user/.m2/repository/org/apache/hadoop/hadoop-hdds-container-service/0.5.0-SNAPSHOT/hadoop-hdds-container-service-0.5.0-SNAPSHOT.jar!/webapps/static,AVAILABLE}
2019-10-17 07:43:01,984 [pool-117-thread-1] INFO  storage.RaftStorageDirectory (RaftStorageDirectory.java:tryLock(328)) - Lock on /workdir/hadoop-ozone/integration-test/target/test-dir/MiniOzoneClusterImpl-87e8d78b-2c25-4827-9c34-ee9c99992073/datanode-5/data/ratis/4019cae6-87b7-45d6-99b0-a9ee991d717f/in_use.lock acquired by nodename 31404@pr-hdds-1868-lzclr-202649289
2019-10-17 07:43:01,985 [pool-117-thread-1] INFO  ratis.ContainerStateMachine (ContainerStateMachine.java:loadSnapshot(233)) - group-A9EE991D717F: The snapshot info is null. Setting the last applied indexto:(t:0, i:~)
2019-10-17 07:43:01,985 [pool-117-thread-1] INFO  server.RaftServerConfigKeys (ConfUtils.java:logGet(43)) - raft.server.notification.no-leader.timeout = 120s (custom)
2019-10-17 07:43:01,985 [pool-117-thread-1] INFO  server.RaftServerConfigKeys (ConfUtils.java:logGet(43)) - raft.server.log.use.memory = false (default)
2019-10-17 07:43:01,985 [pool-117-thread-1] INFO  server.RaftServerConfigKeys (ConfUtils.java:logGet(43)) - raft.server.log.purge.gap = 1000000 (custom)
2019-10-17 07:43:01,986 [pool-117-thread-1] INFO  server.RaftServerConfigKeys (ConfUtils.java:logGet(43)) - raft.server.log.appender.buffer.byte-limit = 33554432 (custom)
2019-10-17 07:43:01,986 [pool-117-thread-1] INFO  server.RaftServerConfigKeys (ConfUtils.java:logGet(43)) - raft.server.log.segment.size.max = 1048576 (custom)
2019-10-17 07:43:01,986 [pool-117-thread-1] INFO  server.RaftServerConfigKeys (ConfUtils.java:logGet(43)) - raft.server.log.segment.cache.num.max = 2 (custom)
2019-10-17 07:43:01,986 [pool-117-thread-1] INFO  segmented.SegmentedRaftLogWorker (SegmentedRaftLogWorker.java:<init>(173)) - new 24020d0b-ce61-4f5a-b0b0-c561541e8cd4@group-A9EE991D717F-SegmentedRaftLogWorker for RaftStorage:Storage Directory /workdir/hadoop-ozone/integration-test/target/test-dir/MiniOzoneClusterImpl-87e8d78b-2c25-4827-9c34-ee9c99992073/datanode-5/data/ratis/4019cae6-87b7-45d6-99b0-a9ee991d717f
2019-10-17 07:43:01,986 [pool-117-thread-1] INFO  server.RaftServerConfigKeys (ConfUtils.java:logGet(43)) - raft.server.log.queue.byte-limit = 2147483647 (custom)
2019-10-17 07:43:01,986 [pool-117-thread-1] INFO  server.RaftServerConfigKeys (ConfUtils.java:logGet(43)) - raft.server.log.queue.element-limit = 1024 (custom)
2019-10-17 07:43:01,987 [pool-117-thread-1] INFO  server.RaftServerConfigKeys (ConfUtils.java:logGet(43)) - raft.server.log.segment.size.max = 1048576 (custom)
2019-10-17 07:43:01,987 [pool-117-thread-1] INFO  server.RaftServerConfigKeys (ConfUtils.java:logGet(43)) - raft.server.log.preallocated.size = 16384 (custom)
2019-10-17 07:43:01,987 [pool-117-thread-1] INFO  server.RaftServerConfigKeys (ConfUtils.java:logGet(43)) - raft.server.log.write.buffer.size = 33554432 (custom)
2019-10-17 07:43:01,987 [pool-117-thread-1] INFO  server.RaftServerConfigKeys (ConfUtils.java:logGet(43)) - raft.server.log.force.sync.num = 128 (default)
2019-10-17 07:43:01,987 [pool-117-thread-1] INFO  server.RaftServerConfigKeys (ConfUtils.java:logGet(43)) - raft.server.log.statemachine.data.sync = true (default)
2019-10-17 07:43:01,987 [pool-117-thread-1] INFO  server.RaftServerConfigKeys (ConfUtils.java:logGet(43)) - raft.server.log.statemachine.data.sync.timeout = 10s (default)
2019-10-17 07:43:01,988 [pool-117-thread-1] INFO  server.RaftServerConfigKeys (ConfUtils.java:logGet(43)) - raft.server.log.statemachine.data.sync.timeout.retry = -1 (default)
2019-10-17 07:43:01,988 [pool-117-thread-1] INFO  server.RaftServerConfigKeys (ConfUtils.java:logGet(43)) - raft.server.log.statemachine.data.caching.enabled = true (custom)
2019-10-17 07:43:01,989 [pool-117-thread-1] INFO  impl.RaftServerImpl (ServerState.java:setRaftConf(357)) - 24020d0b-ce61-4f5a-b0b0-c561541e8cd4@group-A9EE991D717F: set configuration 0: [37bd8e8c-ea68-4b1c-8659-8d001c4f3b5c:192.168.34.62:41632, 24020d0b-ce61-4f5a-b0b0-c561541e8cd4:192.168.34.62:42892, 2a93f7e5-ecb9-41da-9c47-70e13ba76d7d:192.168.34.62:35412], old=null at 0
2019-10-17 07:43:01,989 [pool-117-thread-1] INFO  segmented.LogSegment (LogSegment.java:loadSegment(140)) - Successfully read 1 entries from segment file /workdir/hadoop-ozone/integration-test/target/test-dir/MiniOzoneClusterImpl-87e8d78b-2c25-4827-9c34-ee9c99992073/datanode-5/data/ratis/4019cae6-87b7-45d6-99b0-a9ee991d717f/current/log_inprogress_0
2019-10-17 07:43:02,001 [pool-117-thread-1] INFO  segmented.SegmentedRaftLogWorker (SegmentedRaftLogWorker.java:lambda$new$0(128)) - 24020d0b-ce61-4f5a-b0b0-c561541e8cd4@group-A9EE991D717F-SegmentedRaftLogWorker: flushIndex: setUnconditionally 0 -> 0
2019-10-17 07:43:02,002 [pool-107-thread-1] INFO  server.RaftServerConfigKeys (ConfUtils.java:logGet(43)) - raft.server.snapshot.auto.trigger.enabled = true (custom)
2019-10-17 07:43:02,002 [pool-107-thread-1] INFO  server.RaftServerConfigKeys (ConfUtils.java:logGet(43)) - raft.server.snapshot.auto.trigger.threshold = 10000 (custom)
2019-10-17 07:43:02,002 [pool-107-thread-1] INFO  server.RaftServerConfigKeys (ConfUtils.java:logGet(43)) - raft.server.snapshot.retention.file.num = 5 (custom)
2019-10-17 07:43:02,002 [pool-107-thread-1] INFO  server.RaftServerConfigKeys (ConfUtils.java:logGet(43)) - raft.server.retrycache.expirytime = 600000ms (custom)
2019-10-17 07:43:02,027 [pool-117-thread-1] INFO  server.RaftServerConfigKeys (ConfUtils.java:logGet(43)) - raft.server.snapshot.auto.trigger.enabled = true (custom)
2019-10-17 07:43:02,028 [pool-117-thread-1] INFO  server.RaftServerConfigKeys (ConfUtils.java:logGet(43)) - raft.server.snapshot.auto.trigger.threshold = 10000 (custom)
2019-10-17 07:43:02,028 [pool-117-thread-1] INFO  server.RaftServerConfigKeys (ConfUtils.java:logGet(43)) - raft.server.snapshot.retention.file.num = 5 (custom)
2019-10-17 07:43:02,028 [pool-117-thread-1] INFO  server.RaftServerConfigKeys (ConfUtils.java:logGet(43)) - raft.server.retrycache.expirytime = 600000ms (custom)
2019-10-17 07:43:02,029 [pool-117-thread-1] INFO  impl.RaftServerImpl (RaftServerImpl.java:<init>(104)) - 24020d0b-ce61-4f5a-b0b0-c561541e8cd4: new RaftServerImpl for group-FEB16DB33BA8:[] with ContainerStateMachine:uninitialized
2019-10-17 07:43:02,029 [pool-117-thread-1] INFO  server.RaftServerConfigKeys (ConfUtils.java:logGet(43)) - raft.server.rpc.timeout.min = 5s (custom)
2019-10-17 07:43:02,029 [pool-117-thread-1] INFO  server.RaftServerConfigKeys (ConfUtils.java:logGet(43)) - raft.server.rpc.timeout.max = 5200ms (custom)
2019-10-17 07:43:02,030 [pool-117-thread-1] INFO  server.RaftServerConfigKeys (ConfUtils.java:logGet(43)) - raft.server.rpcslowness.timeout = 120s (custom)
2019-10-17 07:43:02,030 [pool-117-thread-1] INFO  server.RaftServerConfigKeys (ConfUtils.java:logGet(43)) - raft.server.sleep.deviation.threshold = 300 (default)
2019-10-17 07:43:02,030 [pool-117-thread-1] INFO  server.RaftServerConfigKeys (ConfUtils.java:logGet(43)) - raft.server.log.appender.install.snapshot.enabled = false (custom)
2019-10-17 07:43:02,030 [pool-117-thread-1] INFO  impl.RaftServerImpl (ServerState.java:<init>(103)) - 24020d0b-ce61-4f5a-b0b0-c561541e8cd4@group-FEB16DB33BA8: ConfigurationManager, init=-1: [], old=null, confs=<EMPTY_MAP>
2019-10-17 07:43:02,030 [pool-117-thread-1] INFO  server.RaftServerConfigKeys (ConfUtils.java:logGet(43)) - raft.server.storage.dir = [/workdir/hadoop-ozone/integration-test/target/test-dir/MiniOzoneClusterImpl-87e8d78b-2c25-4827-9c34-ee9c99992073/datanode-5/data/ratis] (custom)
2019-10-17 07:43:02,030 [pool-117-thread-1] INFO  server.RaftServerConfigKeys (ConfUtils.java:logGet(43)) - raft.server.log.corruption.policy = EXCEPTION (default)
2019-10-17 07:43:02,038 [main] INFO  handler.ContextHandler (ContextHandler.java:doStart(781)) - Started o.e.j.w.WebAppContext@5875de6a{/,file:///tmp/jetty-0.0.0.0-44874-hddsDatanode-_-any-2379216291999436636.dir/webapp/,AVAILABLE}{/hddsDatanode}
2019-10-17 07:43:02,039 [main] INFO  server.AbstractConnector (AbstractConnector.java:doStart(278)) - Started ServerConnector@608fe01f{HTTP/1.1,[http/1.1]}{0.0.0.0:44874}
2019-10-17 07:43:02,040 [main] INFO  server.Server (Server.java:doStart(419)) - Started @28134ms
2019-10-17 07:43:02,040 [main] WARN  impl.MetricsSystemImpl (MetricsSystemImpl.java:register(276)) - Sink prometheus already exists!
2019-10-17 07:43:02,041 [main] INFO  server.BaseHttpServer (BaseHttpServer.java:updateConnectorAddress(215)) - HTTP server of HDDSDATANODE is listening at http://0.0.0.0:44874
2019-10-17 07:43:02,043 [org.apache.hadoop.util.JvmPauseMonitor$Monitor@6d90e0c6] INFO  util.JvmPauseMonitor (JvmPauseMonitor.java:run(188)) - Starting JVM pause monitor
2019-10-17 07:43:02,044 [main] INFO  impl.MetricsSystemImpl (MetricsSystemImpl.java:init(158)) - HddsDatanode metrics system started (again)
2019-10-17 07:43:02,048 [main] INFO  ozone.HddsDatanodeService (HddsDatanodeService.java:start(184)) - HddsDatanodeService host:pr-hdds-1868-lzclr-202649289 ip:192.168.34.62
2019-10-17 07:43:02,050 [main] INFO  volume.VolumeUsage (VolumeUsage.java:loadScmUsed(144)) - Cached ScmUsed found for /workdir/hadoop-ozone/integration-test/target/test-dir/MiniOzoneClusterImpl-87e8d78b-2c25-4827-9c34-ee9c99992073/datanode-0/data/containers : 4096 
2019-10-17 07:43:02,050 [main] INFO  volume.HddsVolume (HddsVolume.java:<init>(176)) - Creating Volume: /workdir/hadoop-ozone/integration-test/target/test-dir/MiniOzoneClusterImpl-87e8d78b-2c25-4827-9c34-ee9c99992073/datanode-0/data/containers/hdds of  storage type : DISK and capacity : 1482555576320
2019-10-17 07:43:02,050 [main] INFO  volume.VolumeSet (VolumeSet.java:initializeVolumeSet(170)) - Added Volume : /workdir/hadoop-ozone/integration-test/target/test-dir/MiniOzoneClusterImpl-87e8d78b-2c25-4827-9c34-ee9c99992073/datanode-0/data/containers/hdds to VolumeSet
2019-10-17 07:43:02,051 [main] INFO  volume.ThrottledAsyncChecker (ThrottledAsyncChecker.java:schedule(141)) - Scheduling a check for /workdir/hadoop-ozone/integration-test/target/test-dir/MiniOzoneClusterImpl-87e8d78b-2c25-4827-9c34-ee9c99992073/datanode-0/data/containers/hdds
2019-10-17 07:43:02,051 [main] INFO  volume.HddsVolumeChecker (HddsVolumeChecker.java:checkAllVolumes(204)) - Scheduled health check for volume /workdir/hadoop-ozone/integration-test/target/test-dir/MiniOzoneClusterImpl-87e8d78b-2c25-4827-9c34-ee9c99992073/datanode-0/data/containers/hdds
2019-10-17 07:43:02,066 [main] INFO  impl.RaftServerProxy (ConfUtils.java:logGet(43)) - raft.rpc.type = GRPC (default)
2019-10-17 07:43:02,067 [main] INFO  grpc.GrpcFactory (GrpcFactory.java:checkPooledByteBufAllocatorUseCacheForAllThreads(45)) - PERFORMANCE WARNING: useCacheForAllThreads is true that may cause Netty to create a lot garbage objects and, as a result, trigger GC.
	It is recommended to disable useCacheForAllThreads by setting -Dorg.apache.ratis.thirdparty.io.netty.allocator.useCacheForAllThreads=false in command line.
2019-10-17 07:43:02,067 [main] INFO  grpc.GrpcConfigKeys$Server (ConfUtils.java:logGet(43)) - raft.grpc.server.port = 41632 (custom)
2019-10-17 07:43:02,067 [main] INFO  server.GrpcService (ConfUtils.java:logGet(43)) - raft.grpc.message.size.max = 33570816 (custom)
2019-10-17 07:43:02,067 [main] INFO  server.RaftServerConfigKeys (ConfUtils.java:logGet(43)) - raft.server.log.appender.buffer.byte-limit = 33554432 (custom)
2019-10-17 07:43:02,067 [main] INFO  server.GrpcService (ConfUtils.java:logGet(43)) - raft.grpc.flow.control.window = 1MB (=1048576) (default)
2019-10-17 07:43:02,068 [main] INFO  server.RaftServerConfigKeys (ConfUtils.java:logGet(43)) - raft.server.rpc.request.timeout = 3000ms (default)
2019-10-17 07:43:02,068 [main] INFO  server.RaftServerConfigKeys (ConfUtils.java:logGet(43)) - raft.server.storage.dir = [/workdir/hadoop-ozone/integration-test/target/test-dir/MiniOzoneClusterImpl-87e8d78b-2c25-4827-9c34-ee9c99992073/datanode-0/data/ratis] (custom)
2019-10-17 07:43:02,071 [main] INFO  impl.RaftServerProxy (RaftServerProxy.java:lambda$null$0(191)) - 37bd8e8c-ea68-4b1c-8659-8d001c4f3b5c: found a subdirectory /workdir/hadoop-ozone/integration-test/target/test-dir/MiniOzoneClusterImpl-87e8d78b-2c25-4827-9c34-ee9c99992073/datanode-0/data/ratis/4019cae6-87b7-45d6-99b0-a9ee991d717f
2019-10-17 07:43:02,072 [main] INFO  impl.RaftServerProxy (RaftServerProxy.java:addNew(89)) - 37bd8e8c-ea68-4b1c-8659-8d001c4f3b5c: addNew group-A9EE991D717F:[] returns group-A9EE991D717F:java.util.concurrent.CompletableFuture@5434e40c[Not completed]
2019-10-17 07:43:02,072 [main] INFO  impl.RaftServerProxy (RaftServerProxy.java:lambda$null$0(191)) - 37bd8e8c-ea68-4b1c-8659-8d001c4f3b5c: found a subdirectory /workdir/hadoop-ozone/integration-test/target/test-dir/MiniOzoneClusterImpl-87e8d78b-2c25-4827-9c34-ee9c99992073/datanode-0/data/ratis/f9589774-8dcc-49ca-90e1-bbccafe5db64
2019-10-17 07:43:02,072 [main] INFO  impl.RaftServerProxy (RaftServerProxy.java:addNew(89)) - 37bd8e8c-ea68-4b1c-8659-8d001c4f3b5c: addNew group-BBCCAFE5DB64:[] returns group-BBCCAFE5DB64:java.util.concurrent.CompletableFuture@3b48e183[Not completed]
2019-10-17 07:43:02,073 [pool-117-thread-1] INFO  storage.RaftStorageDirectory (RaftStorageDirectory.java:tryLock(328)) - Lock on /workdir/hadoop-ozone/integration-test/target/test-dir/MiniOzoneClusterImpl-87e8d78b-2c25-4827-9c34-ee9c99992073/datanode-5/data/ratis/75e0ba25-9759-4b49-84f6-feb16db33ba8/in_use.lock acquired by nodename 31404@pr-hdds-1868-lzclr-202649289
2019-10-17 07:43:02,074 [pool-127-thread-1] INFO  impl.RaftServerImpl (RaftServerImpl.java:<init>(104)) - 37bd8e8c-ea68-4b1c-8659-8d001c4f3b5c: new RaftServerImpl for group-A9EE991D717F:[] with ContainerStateMachine:uninitialized
2019-10-17 07:43:02,075 [pool-127-thread-1] INFO  server.RaftServerConfigKeys (ConfUtils.java:logGet(43)) - raft.server.rpc.timeout.min = 5s (custom)
2019-10-17 07:43:02,075 [pool-117-thread-1] INFO  ratis.ContainerStateMachine (ContainerStateMachine.java:loadSnapshot(233)) - group-FEB16DB33BA8: The snapshot info is null. Setting the last applied indexto:(t:0, i:~)
2019-10-17 07:43:02,075 [pool-127-thread-1] INFO  server.RaftServerConfigKeys (ConfUtils.java:logGet(43)) - raft.server.rpc.timeout.max = 5200ms (custom)
2019-10-17 07:43:02,075 [pool-117-thread-1] INFO  server.RaftServerConfigKeys (ConfUtils.java:logGet(43)) - raft.server.notification.no-leader.timeout = 120s (custom)
2019-10-17 07:43:02,075 [pool-127-thread-1] INFO  server.RaftServerConfigKeys (ConfUtils.java:logGet(43)) - raft.server.rpcslowness.timeout = 120s (custom)
2019-10-17 07:43:02,076 [pool-117-thread-1] INFO  server.RaftServerConfigKeys (ConfUtils.java:logGet(43)) - raft.server.log.use.memory = false (default)
2019-10-17 07:43:02,076 [pool-127-thread-1] INFO  server.RaftServerConfigKeys (ConfUtils.java:logGet(43)) - raft.server.sleep.deviation.threshold = 300 (default)
2019-10-17 07:43:02,076 [pool-117-thread-1] INFO  server.RaftServerConfigKeys (ConfUtils.java:logGet(43)) - raft.server.log.purge.gap = 1000000 (custom)
2019-10-17 07:43:02,076 [pool-127-thread-1] INFO  server.RaftServerConfigKeys (ConfUtils.java:logGet(43)) - raft.server.log.appender.install.snapshot.enabled = false (custom)
2019-10-17 07:43:02,076 [pool-117-thread-1] INFO  server.RaftServerConfigKeys (ConfUtils.java:logGet(43)) - raft.server.log.appender.buffer.byte-limit = 33554432 (custom)
2019-10-17 07:43:02,076 [pool-127-thread-1] INFO  impl.RaftServerImpl (ServerState.java:<init>(103)) - 37bd8e8c-ea68-4b1c-8659-8d001c4f3b5c@group-A9EE991D717F: ConfigurationManager, init=-1: [], old=null, confs=<EMPTY_MAP>
2019-10-17 07:43:02,076 [pool-117-thread-1] INFO  server.RaftServerConfigKeys (ConfUtils.java:logGet(43)) - raft.server.log.segment.size.max = 1048576 (custom)
2019-10-17 07:43:02,077 [pool-127-thread-1] INFO  server.RaftServerConfigKeys (ConfUtils.java:logGet(43)) - raft.server.storage.dir = [/workdir/hadoop-ozone/integration-test/target/test-dir/MiniOzoneClusterImpl-87e8d78b-2c25-4827-9c34-ee9c99992073/datanode-0/data/ratis] (custom)
2019-10-17 07:43:02,077 [pool-117-thread-1] INFO  server.RaftServerConfigKeys (ConfUtils.java:logGet(43)) - raft.server.log.segment.cache.num.max = 2 (custom)
2019-10-17 07:43:02,077 [main] INFO  hdfs.DFSUtil (DFSUtil.java:httpServerTemplateForNNAndJN(1641)) - Starting Web-server for hddsDatanode at: http://0.0.0.0:34051
2019-10-17 07:43:02,077 [pool-127-thread-1] INFO  server.RaftServerConfigKeys (ConfUtils.java:logGet(43)) - raft.server.log.corruption.policy = EXCEPTION (default)
2019-10-17 07:43:02,077 [pool-117-thread-1] INFO  segmented.SegmentedRaftLogWorker (SegmentedRaftLogWorker.java:<init>(173)) - new 24020d0b-ce61-4f5a-b0b0-c561541e8cd4@group-FEB16DB33BA8-SegmentedRaftLogWorker for RaftStorage:Storage Directory /workdir/hadoop-ozone/integration-test/target/test-dir/MiniOzoneClusterImpl-87e8d78b-2c25-4827-9c34-ee9c99992073/datanode-5/data/ratis/75e0ba25-9759-4b49-84f6-feb16db33ba8
2019-10-17 07:43:02,077 [pool-117-thread-1] INFO  server.RaftServerConfigKeys (ConfUtils.java:logGet(43)) - raft.server.log.queue.byte-limit = 2147483647 (custom)
2019-10-17 07:43:02,078 [pool-117-thread-1] INFO  server.RaftServerConfigKeys (ConfUtils.java:logGet(43)) - raft.server.log.queue.element-limit = 1024 (custom)
2019-10-17 07:43:02,078 [pool-117-thread-1] INFO  server.RaftServerConfigKeys (ConfUtils.java:logGet(43)) - raft.server.log.segment.size.max = 1048576 (custom)
2019-10-17 07:43:02,078 [pool-117-thread-1] INFO  server.RaftServerConfigKeys (ConfUtils.java:logGet(43)) - raft.server.log.preallocated.size = 16384 (custom)
2019-10-17 07:43:02,078 [pool-117-thread-1] INFO  server.RaftServerConfigKeys (ConfUtils.java:logGet(43)) - raft.server.log.write.buffer.size = 33554432 (custom)
2019-10-17 07:43:02,078 [pool-117-thread-1] INFO  server.RaftServerConfigKeys (ConfUtils.java:logGet(43)) - raft.server.log.force.sync.num = 128 (default)
2019-10-17 07:43:02,078 [pool-117-thread-1] INFO  server.RaftServerConfigKeys (ConfUtils.java:logGet(43)) - raft.server.log.statemachine.data.sync = true (default)
2019-10-17 07:43:02,078 [main] INFO  server.AuthenticationFilter (AuthenticationFilter.java:constructSecretProvider(240)) - Unable to initialize FileSignerSecretProvider, falling back to use random secrets.
2019-10-17 07:43:02,079 [pool-117-thread-1] INFO  server.RaftServerConfigKeys (ConfUtils.java:logGet(43)) - raft.server.log.statemachine.data.sync.timeout = 10s (default)
2019-10-17 07:43:02,079 [pool-117-thread-1] INFO  server.RaftServerConfigKeys (ConfUtils.java:logGet(43)) - raft.server.log.statemachine.data.sync.timeout.retry = -1 (default)
2019-10-17 07:43:02,079 [main] WARN  http.HttpRequestLog (HttpRequestLog.java:getRequestLog(97)) - Jetty request log can only be enabled using Log4j
2019-10-17 07:43:02,079 [pool-117-thread-1] INFO  server.RaftServerConfigKeys (ConfUtils.java:logGet(43)) - raft.server.log.statemachine.data.caching.enabled = true (custom)
2019-10-17 07:43:02,080 [pool-117-thread-1] INFO  impl.RaftServerImpl (ServerState.java:setRaftConf(357)) - 24020d0b-ce61-4f5a-b0b0-c561541e8cd4@group-FEB16DB33BA8: set configuration 0: [24020d0b-ce61-4f5a-b0b0-c561541e8cd4:192.168.34.62:42892], old=null at 0
2019-10-17 07:43:02,080 [pool-117-thread-1] INFO  segmented.LogSegment (LogSegment.java:loadSegment(140)) - Successfully read 1 entries from segment file /workdir/hadoop-ozone/integration-test/target/test-dir/MiniOzoneClusterImpl-87e8d78b-2c25-4827-9c34-ee9c99992073/datanode-5/data/ratis/75e0ba25-9759-4b49-84f6-feb16db33ba8/current/log_inprogress_0
2019-10-17 07:43:02,080 [main] INFO  http.HttpServer2 (HttpServer2.java:addGlobalFilter(975)) - Added global filter 'safety' (class=org.apache.hadoop.http.HttpServer2$QuotingInputFilter)
2019-10-17 07:43:02,081 [pool-117-thread-1] INFO  segmented.SegmentedRaftLogWorker (SegmentedRaftLogWorker.java:lambda$new$0(128)) - 24020d0b-ce61-4f5a-b0b0-c561541e8cd4@group-FEB16DB33BA8-SegmentedRaftLogWorker: flushIndex: setUnconditionally 0 -> 0
2019-10-17 07:43:02,081 [main] INFO  http.HttpServer2 (HttpServer2.java:addFilter(948)) - Added filter static_user_filter (class=org.apache.hadoop.http.lib.StaticUserWebFilter$StaticUserFilter) to context hddsDatanode
2019-10-17 07:43:02,081 [main] INFO  http.HttpServer2 (HttpServer2.java:addFilter(958)) - Added filter static_user_filter (class=org.apache.hadoop.http.lib.StaticUserWebFilter$StaticUserFilter) to context static
2019-10-17 07:43:02,081 [main] INFO  http.HttpServer2 (HttpServer2.java:addFilter(958)) - Added filter static_user_filter (class=org.apache.hadoop.http.lib.StaticUserWebFilter$StaticUserFilter) to context logs
2019-10-17 07:43:02,082 [main] INFO  http.HttpServer2 (HttpServer2.java:bindListener(1191)) - Jetty bound to port 34051
2019-10-17 07:43:02,083 [main] INFO  server.Server (Server.java:doStart(351)) - jetty-9.3.25.v20180904, build timestamp: 2018-09-04T21:11:46Z, git hash: 3ce520221d0240229c862b122d2b06c12a625732
2019-10-17 07:43:02,085 [main] INFO  handler.ContextHandler (ContextHandler.java:doStart(781)) - Started o.e.j.s.ServletContextHandler@3fd9e827{/logs,file:///workdir/hadoop-ozone/integration-test/target/log,AVAILABLE}
2019-10-17 07:43:02,085 [main] INFO  handler.ContextHandler (ContextHandler.java:doStart(781)) - Started o.e.j.s.ServletContextHandler@670b3ca{/static,jar:file:/home/user/.m2/repository/org/apache/hadoop/hadoop-hdds-container-service/0.5.0-SNAPSHOT/hadoop-hdds-container-service-0.5.0-SNAPSHOT.jar!/webapps/static,AVAILABLE}
2019-10-17 07:43:02,100 [pool-127-thread-1] INFO  storage.RaftStorageDirectory (RaftStorageDirectory.java:tryLock(328)) - Lock on /workdir/hadoop-ozone/integration-test/target/test-dir/MiniOzoneClusterImpl-87e8d78b-2c25-4827-9c34-ee9c99992073/datanode-0/data/ratis/4019cae6-87b7-45d6-99b0-a9ee991d717f/in_use.lock acquired by nodename 31404@pr-hdds-1868-lzclr-202649289
2019-10-17 07:43:02,101 [pool-127-thread-1] INFO  ratis.ContainerStateMachine (ContainerStateMachine.java:loadSnapshot(233)) - group-A9EE991D717F: The snapshot info is null. Setting the last applied indexto:(t:0, i:~)
2019-10-17 07:43:02,102 [pool-127-thread-1] INFO  server.RaftServerConfigKeys (ConfUtils.java:logGet(43)) - raft.server.notification.no-leader.timeout = 120s (custom)
2019-10-17 07:43:02,102 [pool-127-thread-1] INFO  server.RaftServerConfigKeys (ConfUtils.java:logGet(43)) - raft.server.log.use.memory = false (default)
2019-10-17 07:43:02,102 [pool-127-thread-1] INFO  server.RaftServerConfigKeys (ConfUtils.java:logGet(43)) - raft.server.log.purge.gap = 1000000 (custom)
2019-10-17 07:43:02,102 [pool-127-thread-1] INFO  server.RaftServerConfigKeys (ConfUtils.java:logGet(43)) - raft.server.log.appender.buffer.byte-limit = 33554432 (custom)
2019-10-17 07:43:02,102 [pool-127-thread-1] INFO  server.RaftServerConfigKeys (ConfUtils.java:logGet(43)) - raft.server.log.segment.size.max = 1048576 (custom)
2019-10-17 07:43:02,103 [pool-127-thread-1] INFO  server.RaftServerConfigKeys (ConfUtils.java:logGet(43)) - raft.server.log.segment.cache.num.max = 2 (custom)
2019-10-17 07:43:02,103 [pool-127-thread-1] INFO  segmented.SegmentedRaftLogWorker (SegmentedRaftLogWorker.java:<init>(173)) - new 37bd8e8c-ea68-4b1c-8659-8d001c4f3b5c@group-A9EE991D717F-SegmentedRaftLogWorker for RaftStorage:Storage Directory /workdir/hadoop-ozone/integration-test/target/test-dir/MiniOzoneClusterImpl-87e8d78b-2c25-4827-9c34-ee9c99992073/datanode-0/data/ratis/4019cae6-87b7-45d6-99b0-a9ee991d717f
2019-10-17 07:43:02,103 [pool-127-thread-1] INFO  server.RaftServerConfigKeys (ConfUtils.java:logGet(43)) - raft.server.log.queue.byte-limit = 2147483647 (custom)
2019-10-17 07:43:02,103 [pool-127-thread-1] INFO  server.RaftServerConfigKeys (ConfUtils.java:logGet(43)) - raft.server.log.queue.element-limit = 1024 (custom)
2019-10-17 07:43:02,103 [pool-127-thread-1] INFO  server.RaftServerConfigKeys (ConfUtils.java:logGet(43)) - raft.server.log.segment.size.max = 1048576 (custom)
2019-10-17 07:43:02,103 [pool-127-thread-1] INFO  server.RaftServerConfigKeys (ConfUtils.java:logGet(43)) - raft.server.log.preallocated.size = 16384 (custom)
2019-10-17 07:43:02,103 [pool-127-thread-1] INFO  server.RaftServerConfigKeys (ConfUtils.java:logGet(43)) - raft.server.log.write.buffer.size = 33554432 (custom)
2019-10-17 07:43:02,104 [pool-127-thread-1] INFO  server.RaftServerConfigKeys (ConfUtils.java:logGet(43)) - raft.server.log.force.sync.num = 128 (default)
2019-10-17 07:43:02,104 [pool-127-thread-1] INFO  server.RaftServerConfigKeys (ConfUtils.java:logGet(43)) - raft.server.log.statemachine.data.sync = true (default)
2019-10-17 07:43:02,104 [pool-127-thread-1] INFO  server.RaftServerConfigKeys (ConfUtils.java:logGet(43)) - raft.server.log.statemachine.data.sync.timeout = 10s (default)
2019-10-17 07:43:02,104 [pool-127-thread-1] INFO  server.RaftServerConfigKeys (ConfUtils.java:logGet(43)) - raft.server.log.statemachine.data.sync.timeout.retry = -1 (default)
2019-10-17 07:43:02,104 [pool-127-thread-1] INFO  server.RaftServerConfigKeys (ConfUtils.java:logGet(43)) - raft.server.log.statemachine.data.caching.enabled = true (custom)
2019-10-17 07:43:02,106 [pool-127-thread-1] INFO  impl.RaftServerImpl (ServerState.java:setRaftConf(357)) - 37bd8e8c-ea68-4b1c-8659-8d001c4f3b5c@group-A9EE991D717F: set configuration 0: [37bd8e8c-ea68-4b1c-8659-8d001c4f3b5c:192.168.34.62:41632, 24020d0b-ce61-4f5a-b0b0-c561541e8cd4:192.168.34.62:42892, 2a93f7e5-ecb9-41da-9c47-70e13ba76d7d:192.168.34.62:35412], old=null at 0
2019-10-17 07:43:02,106 [pool-127-thread-1] INFO  segmented.LogSegment (LogSegment.java:loadSegment(140)) - Successfully read 1 entries from segment file /workdir/hadoop-ozone/integration-test/target/test-dir/MiniOzoneClusterImpl-87e8d78b-2c25-4827-9c34-ee9c99992073/datanode-0/data/ratis/4019cae6-87b7-45d6-99b0-a9ee991d717f/current/log_inprogress_0
2019-10-17 07:43:02,106 [pool-127-thread-1] INFO  segmented.SegmentedRaftLogWorker (SegmentedRaftLogWorker.java:lambda$new$0(128)) - 37bd8e8c-ea68-4b1c-8659-8d001c4f3b5c@group-A9EE991D717F-SegmentedRaftLogWorker: flushIndex: setUnconditionally 0 -> 0
2019-10-17 07:43:02,109 [pool-117-thread-1] INFO  server.RaftServerConfigKeys (ConfUtils.java:logGet(43)) - raft.server.snapshot.auto.trigger.enabled = true (custom)
2019-10-17 07:43:02,109 [pool-117-thread-1] INFO  server.RaftServerConfigKeys (ConfUtils.java:logGet(43)) - raft.server.snapshot.auto.trigger.threshold = 10000 (custom)
2019-10-17 07:43:02,109 [pool-117-thread-1] INFO  server.RaftServerConfigKeys (ConfUtils.java:logGet(43)) - raft.server.snapshot.retention.file.num = 5 (custom)
2019-10-17 07:43:02,109 [pool-117-thread-1] INFO  server.RaftServerConfigKeys (ConfUtils.java:logGet(43)) - raft.server.retrycache.expirytime = 600000ms (custom)
2019-10-17 07:43:02,118 [main] INFO  handler.ContextHandler (ContextHandler.java:doStart(781)) - Started o.e.j.w.WebAppContext@4f94e148{/,file:///tmp/jetty-0.0.0.0-34051-hddsDatanode-_-any-3231423463254290651.dir/webapp/,AVAILABLE}{/hddsDatanode}
2019-10-17 07:43:02,119 [main] INFO  server.AbstractConnector (AbstractConnector.java:doStart(278)) - Started ServerConnector@7ff8a9dc{HTTP/1.1,[http/1.1]}{0.0.0.0:34051}
2019-10-17 07:43:02,142 [pool-127-thread-1] INFO  server.RaftServerConfigKeys (ConfUtils.java:logGet(43)) - raft.server.snapshot.auto.trigger.enabled = true (custom)
2019-10-17 07:43:02,142 [main] INFO  server.Server (Server.java:doStart(419)) - Started @28236ms
2019-10-17 07:43:02,142 [pool-127-thread-1] INFO  server.RaftServerConfigKeys (ConfUtils.java:logGet(43)) - raft.server.snapshot.auto.trigger.threshold = 10000 (custom)
2019-10-17 07:43:02,142 [main] WARN  impl.MetricsSystemImpl (MetricsSystemImpl.java:register(276)) - Sink prometheus already exists!
2019-10-17 07:43:02,142 [pool-127-thread-1] INFO  server.RaftServerConfigKeys (ConfUtils.java:logGet(43)) - raft.server.snapshot.retention.file.num = 5 (custom)
2019-10-17 07:43:02,143 [pool-127-thread-1] INFO  server.RaftServerConfigKeys (ConfUtils.java:logGet(43)) - raft.server.retrycache.expirytime = 600000ms (custom)
2019-10-17 07:43:02,143 [main] INFO  server.BaseHttpServer (BaseHttpServer.java:updateConnectorAddress(215)) - HTTP server of HDDSDATANODE is listening at http://0.0.0.0:34051
2019-10-17 07:43:02,144 [pool-127-thread-1] INFO  impl.RaftServerImpl (RaftServerImpl.java:<init>(104)) - 37bd8e8c-ea68-4b1c-8659-8d001c4f3b5c: new RaftServerImpl for group-BBCCAFE5DB64:[] with ContainerStateMachine:uninitialized
2019-10-17 07:43:02,144 [pool-127-thread-1] INFO  server.RaftServerConfigKeys (ConfUtils.java:logGet(43)) - raft.server.rpc.timeout.min = 5s (custom)
2019-10-17 07:43:02,144 [pool-127-thread-1] INFO  server.RaftServerConfigKeys (ConfUtils.java:logGet(43)) - raft.server.rpc.timeout.max = 5200ms (custom)
2019-10-17 07:43:02,145 [pool-127-thread-1] INFO  server.RaftServerConfigKeys (ConfUtils.java:logGet(43)) - raft.server.rpcslowness.timeout = 120s (custom)
2019-10-17 07:43:02,145 [pool-127-thread-1] INFO  server.RaftServerConfigKeys (ConfUtils.java:logGet(43)) - raft.server.sleep.deviation.threshold = 300 (default)
2019-10-17 07:43:02,145 [pool-127-thread-1] INFO  server.RaftServerConfigKeys (ConfUtils.java:logGet(43)) - raft.server.log.appender.install.snapshot.enabled = false (custom)
2019-10-17 07:43:02,145 [pool-127-thread-1] INFO  impl.RaftServerImpl (ServerState.java:<init>(103)) - 37bd8e8c-ea68-4b1c-8659-8d001c4f3b5c@group-BBCCAFE5DB64: ConfigurationManager, init=-1: [], old=null, confs=<EMPTY_MAP>
2019-10-17 07:43:02,145 [pool-127-thread-1] INFO  server.RaftServerConfigKeys (ConfUtils.java:logGet(43)) - raft.server.storage.dir = [/workdir/hadoop-ozone/integration-test/target/test-dir/MiniOzoneClusterImpl-87e8d78b-2c25-4827-9c34-ee9c99992073/datanode-0/data/ratis] (custom)
2019-10-17 07:43:02,145 [org.apache.hadoop.util.JvmPauseMonitor$Monitor@470a32fa] INFO  util.JvmPauseMonitor (JvmPauseMonitor.java:run(188)) - Starting JVM pause monitor
2019-10-17 07:43:02,146 [pool-127-thread-1] INFO  server.RaftServerConfigKeys (ConfUtils.java:logGet(43)) - raft.server.log.corruption.policy = EXCEPTION (default)
2019-10-17 07:43:02,158 [pool-127-thread-1] INFO  storage.RaftStorageDirectory (RaftStorageDirectory.java:tryLock(328)) - Lock on /workdir/hadoop-ozone/integration-test/target/test-dir/MiniOzoneClusterImpl-87e8d78b-2c25-4827-9c34-ee9c99992073/datanode-0/data/ratis/f9589774-8dcc-49ca-90e1-bbccafe5db64/in_use.lock acquired by nodename 31404@pr-hdds-1868-lzclr-202649289
2019-10-17 07:43:02,158 [pool-127-thread-1] INFO  ratis.ContainerStateMachine (ContainerStateMachine.java:loadSnapshot(233)) - group-BBCCAFE5DB64: The snapshot info is null. Setting the last applied indexto:(t:0, i:~)
2019-10-17 07:43:02,158 [pool-127-thread-1] INFO  server.RaftServerConfigKeys (ConfUtils.java:logGet(43)) - raft.server.notification.no-leader.timeout = 120s (custom)
2019-10-17 07:43:02,159 [pool-127-thread-1] INFO  server.RaftServerConfigKeys (ConfUtils.java:logGet(43)) - raft.server.log.use.memory = false (default)
2019-10-17 07:43:02,159 [pool-127-thread-1] INFO  server.RaftServerConfigKeys (ConfUtils.java:logGet(43)) - raft.server.log.purge.gap = 1000000 (custom)
2019-10-17 07:43:02,159 [pool-127-thread-1] INFO  server.RaftServerConfigKeys (ConfUtils.java:logGet(43)) - raft.server.log.appender.buffer.byte-limit = 33554432 (custom)
2019-10-17 07:43:02,159 [pool-127-thread-1] INFO  server.RaftServerConfigKeys (ConfUtils.java:logGet(43)) - raft.server.log.segment.size.max = 1048576 (custom)
2019-10-17 07:43:02,159 [pool-127-thread-1] INFO  server.RaftServerConfigKeys (ConfUtils.java:logGet(43)) - raft.server.log.segment.cache.num.max = 2 (custom)
2019-10-17 07:43:02,159 [pool-127-thread-1] INFO  segmented.SegmentedRaftLogWorker (SegmentedRaftLogWorker.java:<init>(173)) - new 37bd8e8c-ea68-4b1c-8659-8d001c4f3b5c@group-BBCCAFE5DB64-SegmentedRaftLogWorker for RaftStorage:Storage Directory /workdir/hadoop-ozone/integration-test/target/test-dir/MiniOzoneClusterImpl-87e8d78b-2c25-4827-9c34-ee9c99992073/datanode-0/data/ratis/f9589774-8dcc-49ca-90e1-bbccafe5db64
2019-10-17 07:43:02,159 [pool-127-thread-1] INFO  server.RaftServerConfigKeys (ConfUtils.java:logGet(43)) - raft.server.log.queue.byte-limit = 2147483647 (custom)
2019-10-17 07:43:02,160 [pool-127-thread-1] INFO  server.RaftServerConfigKeys (ConfUtils.java:logGet(43)) - raft.server.log.queue.element-limit = 1024 (custom)
2019-10-17 07:43:02,160 [pool-127-thread-1] INFO  server.RaftServerConfigKeys (ConfUtils.java:logGet(43)) - raft.server.log.segment.size.max = 1048576 (custom)
2019-10-17 07:43:02,160 [pool-127-thread-1] INFO  server.RaftServerConfigKeys (ConfUtils.java:logGet(43)) - raft.server.log.preallocated.size = 16384 (custom)
2019-10-17 07:43:02,160 [pool-127-thread-1] INFO  server.RaftServerConfigKeys (ConfUtils.java:logGet(43)) - raft.server.log.write.buffer.size = 33554432 (custom)
2019-10-17 07:43:02,160 [pool-127-thread-1] INFO  server.RaftServerConfigKeys (ConfUtils.java:logGet(43)) - raft.server.log.force.sync.num = 128 (default)
2019-10-17 07:43:02,160 [pool-127-thread-1] INFO  server.RaftServerConfigKeys (ConfUtils.java:logGet(43)) - raft.server.log.statemachine.data.sync = true (default)
2019-10-17 07:43:02,160 [pool-127-thread-1] INFO  server.RaftServerConfigKeys (ConfUtils.java:logGet(43)) - raft.server.log.statemachine.data.sync.timeout = 10s (default)
2019-10-17 07:43:02,160 [pool-127-thread-1] INFO  server.RaftServerConfigKeys (ConfUtils.java:logGet(43)) - raft.server.log.statemachine.data.sync.timeout.retry = -1 (default)
2019-10-17 07:43:02,161 [pool-127-thread-1] INFO  server.RaftServerConfigKeys (ConfUtils.java:logGet(43)) - raft.server.log.statemachine.data.caching.enabled = true (custom)
2019-10-17 07:43:02,161 [pool-127-thread-1] INFO  impl.RaftServerImpl (ServerState.java:setRaftConf(357)) - 37bd8e8c-ea68-4b1c-8659-8d001c4f3b5c@group-BBCCAFE5DB64: set configuration 0: [37bd8e8c-ea68-4b1c-8659-8d001c4f3b5c:192.168.34.62:41632], old=null at 0
2019-10-17 07:43:02,162 [pool-127-thread-1] INFO  segmented.LogSegment (LogSegment.java:loadSegment(140)) - Successfully read 1 entries from segment file /workdir/hadoop-ozone/integration-test/target/test-dir/MiniOzoneClusterImpl-87e8d78b-2c25-4827-9c34-ee9c99992073/datanode-0/data/ratis/f9589774-8dcc-49ca-90e1-bbccafe5db64/current/log_inprogress_0
2019-10-17 07:43:02,162 [pool-127-thread-1] INFO  segmented.SegmentedRaftLogWorker (SegmentedRaftLogWorker.java:lambda$new$0(128)) - 37bd8e8c-ea68-4b1c-8659-8d001c4f3b5c@group-BBCCAFE5DB64-SegmentedRaftLogWorker: flushIndex: setUnconditionally 0 -> 0
2019-10-17 07:43:02,193 [pool-127-thread-1] INFO  server.RaftServerConfigKeys (ConfUtils.java:logGet(43)) - raft.server.snapshot.auto.trigger.enabled = true (custom)
2019-10-17 07:43:02,193 [pool-127-thread-1] INFO  server.RaftServerConfigKeys (ConfUtils.java:logGet(43)) - raft.server.snapshot.auto.trigger.threshold = 10000 (custom)
2019-10-17 07:43:02,193 [pool-127-thread-1] INFO  server.RaftServerConfigKeys (ConfUtils.java:logGet(43)) - raft.server.snapshot.retention.file.num = 5 (custom)
2019-10-17 07:43:02,193 [pool-127-thread-1] INFO  server.RaftServerConfigKeys (ConfUtils.java:logGet(43)) - raft.server.retrycache.expirytime = 600000ms (custom)
2019-10-17 07:43:03,902 [Datanode State Machine Thread - 0] ERROR statemachine.EndpointStateMachine (EndpointStateMachine.java:logIfNeeded(204)) - Unable to communicate to SCM server at 0.0.0.0:44367 for past 0 seconds.
java.io.EOFException: End of File Exception between local host is: "pr-hdds-1868-lzclr-202649289/192.168.34.62"; destination host is: "0.0.0.0":44367; : java.io.EOFException; For more details see:  http://wiki.apache.org/hadoop/EOFException
	at sun.reflect.NativeConstructorAccessorImpl.newInstance0(Native Method)
	at sun.reflect.NativeConstructorAccessorImpl.newInstance(NativeConstructorAccessorImpl.java:62)
	at sun.reflect.DelegatingConstructorAccessorImpl.newInstance(DelegatingConstructorAccessorImpl.java:45)
	at java.lang.reflect.Constructor.newInstance(Constructor.java:423)
	at org.apache.hadoop.net.NetUtils.wrapWithMessage(NetUtils.java:831)
	at org.apache.hadoop.net.NetUtils.wrapException(NetUtils.java:789)
	at org.apache.hadoop.ipc.Client.getRpcResponse(Client.java:1515)
	at org.apache.hadoop.ipc.Client.call(Client.java:1457)
	at org.apache.hadoop.ipc.Client.call(Client.java:1367)
	at org.apache.hadoop.ipc.ProtobufRpcEngine$Invoker.invoke(ProtobufRpcEngine.java:228)
	at org.apache.hadoop.ipc.ProtobufRpcEngine$Invoker.invoke(ProtobufRpcEngine.java:116)
	at com.sun.proxy.$Proxy33.submitRequest(Unknown Source)
	at org.apache.hadoop.ozone.protocolPB.StorageContainerDatanodeProtocolClientSideTranslatorPB.submitRequest(StorageContainerDatanodeProtocolClientSideTranslatorPB.java:116)
	at org.apache.hadoop.ozone.protocolPB.StorageContainerDatanodeProtocolClientSideTranslatorPB.getVersion(StorageContainerDatanodeProtocolClientSideTranslatorPB.java:132)
	at org.apache.hadoop.ozone.container.common.states.endpoint.VersionEndpointTask.call(VersionEndpointTask.java:70)
	at org.apache.hadoop.ozone.container.common.states.endpoint.VersionEndpointTask.call(VersionEndpointTask.java:42)
	at java.util.concurrent.FutureTask.run(FutureTask.java:266)
	at java.util.concurrent.Executors$RunnableAdapter.call(Executors.java:511)
	at java.util.concurrent.FutureTask.run(FutureTask.java:266)
	at java.util.concurrent.ThreadPoolExecutor.runWorker(ThreadPoolExecutor.java:1149)
	at java.util.concurrent.ThreadPoolExecutor$Worker.run(ThreadPoolExecutor.java:624)
	at java.lang.Thread.run(Thread.java:748)
Caused by: java.io.EOFException
	at java.io.DataInputStream.readInt(DataInputStream.java:392)
	at org.apache.hadoop.ipc.Client$IpcStreams.readResponse(Client.java:1816)
	at org.apache.hadoop.ipc.Client$Connection.receiveRpcResponse(Client.java:1173)
	at org.apache.hadoop.ipc.Client$Connection.run(Client.java:1069)
2019-10-17 07:43:04,050 [Datanode State Machine Thread - 0] INFO  ozoneimpl.OzoneContainer (OzoneContainer.java:start(213)) - Attempting to start container services.
2019-10-17 07:43:04,051 [Datanode State Machine Thread - 0] INFO  ozoneimpl.OzoneContainer (OzoneContainer.java:startContainerScrub(177)) - Background container scanner has been disabled.
2019-10-17 07:43:04,051 [Datanode State Machine Thread - 0] INFO  ratis.XceiverServerRatis (XceiverServerRatis.java:start(424)) - Starting XceiverServerRatis 24020d0b-ce61-4f5a-b0b0-c561541e8cd4 at port 42892
2019-10-17 07:43:04,058 [Datanode State Machine Thread - 0] INFO  impl.RaftServerImpl (RaftServerImpl.java:start(195)) - 24020d0b-ce61-4f5a-b0b0-c561541e8cd4@group-FEB16DB33BA8: start as a follower, conf=0: [24020d0b-ce61-4f5a-b0b0-c561541e8cd4:192.168.34.62:42892], old=null
2019-10-17 07:43:04,059 [ForkJoinPool.commonPool-worker-0] INFO  impl.RaftServerImpl (RaftServerImpl.java:start(195)) - 24020d0b-ce61-4f5a-b0b0-c561541e8cd4@group-A9EE991D717F: start as a follower, conf=0: [37bd8e8c-ea68-4b1c-8659-8d001c4f3b5c:192.168.34.62:41632, 24020d0b-ce61-4f5a-b0b0-c561541e8cd4:192.168.34.62:42892, 2a93f7e5-ecb9-41da-9c47-70e13ba76d7d:192.168.34.62:35412], old=null
2019-10-17 07:43:04,059 [Datanode State Machine Thread - 0] INFO  impl.RaftServerImpl (RaftServerImpl.java:setRole(184)) - 24020d0b-ce61-4f5a-b0b0-c561541e8cd4@group-FEB16DB33BA8: changes role from      null to FOLLOWER at term 1 for startAsFollower
2019-10-17 07:43:04,059 [ForkJoinPool.commonPool-worker-0] INFO  impl.RaftServerImpl (RaftServerImpl.java:setRole(184)) - 24020d0b-ce61-4f5a-b0b0-c561541e8cd4@group-A9EE991D717F: changes role from      null to FOLLOWER at term 5 for startAsFollower
2019-10-17 07:43:04,059 [Datanode State Machine Thread - 0] INFO  impl.RoleInfo (RoleInfo.java:updateAndGet(143)) - 24020d0b-ce61-4f5a-b0b0-c561541e8cd4: start FollowerState
2019-10-17 07:43:04,060 [ForkJoinPool.commonPool-worker-0] INFO  impl.RoleInfo (RoleInfo.java:updateAndGet(143)) - 24020d0b-ce61-4f5a-b0b0-c561541e8cd4: start FollowerState
2019-10-17 07:43:04,060 [Datanode State Machine Thread - 0] INFO  util.JmxRegister (JmxRegister.java:tryRegister(44)) - Successfully registered JMX Bean with object name Ratis:service=RaftServer,group=group-FEB16DB33BA8,id=24020d0b-ce61-4f5a-b0b0-c561541e8cd4
2019-10-17 07:43:04,060 [ForkJoinPool.commonPool-worker-0] INFO  util.JmxRegister (JmxRegister.java:tryRegister(44)) - Successfully registered JMX Bean with object name Ratis:service=RaftServer,group=group-A9EE991D717F,id=24020d0b-ce61-4f5a-b0b0-c561541e8cd4
2019-10-17 07:43:04,060 [Datanode State Machine Thread - 0] INFO  impl.RaftServerProxy (RaftServerProxy.java:lambda$start$3(299)) - 24020d0b-ce61-4f5a-b0b0-c561541e8cd4: start RPC server
2019-10-17 07:43:04,062 [Datanode State Machine Thread - 0] INFO  server.GrpcService (GrpcService.java:startImpl(158)) - 24020d0b-ce61-4f5a-b0b0-c561541e8cd4: GrpcService started, listening on 0.0.0.0/0.0.0.0:42892
2019-10-17 07:43:04,101 [Thread-571] INFO  impl.FollowerState (FollowerState.java:run(108)) - 24020d0b-ce61-4f5a-b0b0-c561541e8cd4@group-FEB16DB33BA8-FollowerState: change to CANDIDATE, lastRpcTime:41ms, electionTimeout:41ms
2019-10-17 07:43:04,101 [Thread-571] INFO  impl.RoleInfo (RoleInfo.java:shutdownFollowerState(121)) - 24020d0b-ce61-4f5a-b0b0-c561541e8cd4: shutdown FollowerState
2019-10-17 07:43:04,101 [Thread-571] INFO  impl.RaftServerImpl (RaftServerImpl.java:setRole(184)) - 24020d0b-ce61-4f5a-b0b0-c561541e8cd4@group-FEB16DB33BA8: changes role from  FOLLOWER to CANDIDATE at term 1 for changeToCandidate
2019-10-17 07:43:04,102 [Thread-571] INFO  impl.RoleInfo (RoleInfo.java:updateAndGet(143)) - 24020d0b-ce61-4f5a-b0b0-c561541e8cd4: start LeaderElection
2019-10-17 07:43:04,130 [24020d0b-ce61-4f5a-b0b0-c561541e8cd4@group-FEB16DB33BA8-LeaderElection26] INFO  impl.LeaderElection (LeaderElection.java:askForVotes(178)) - 24020d0b-ce61-4f5a-b0b0-c561541e8cd4@group-FEB16DB33BA8-LeaderElection26: begin an election at term 2 for 0: [24020d0b-ce61-4f5a-b0b0-c561541e8cd4:192.168.34.62:42892], old=null
2019-10-17 07:43:04,130 [24020d0b-ce61-4f5a-b0b0-c561541e8cd4@group-FEB16DB33BA8-LeaderElection26] INFO  impl.RoleInfo (RoleInfo.java:shutdownLeaderElection(134)) - 24020d0b-ce61-4f5a-b0b0-c561541e8cd4: shutdown LeaderElection
2019-10-17 07:43:04,130 [24020d0b-ce61-4f5a-b0b0-c561541e8cd4@group-FEB16DB33BA8-LeaderElection26] INFO  impl.RaftServerImpl (RaftServerImpl.java:setRole(184)) - 24020d0b-ce61-4f5a-b0b0-c561541e8cd4@group-FEB16DB33BA8: changes role from CANDIDATE to LEADER at term 2 for changeToLeader
2019-10-17 07:43:04,130 [24020d0b-ce61-4f5a-b0b0-c561541e8cd4@group-FEB16DB33BA8-LeaderElection26] INFO  ratis.XceiverServerRatis (XceiverServerRatis.java:handleLeaderChangedNotification(699)) - Leader change notification received for group: group-FEB16DB33BA8 with new leaderId: 24020d0b-ce61-4f5a-b0b0-c561541e8cd4
2019-10-17 07:43:04,131 [24020d0b-ce61-4f5a-b0b0-c561541e8cd4@group-FEB16DB33BA8-LeaderElection26] INFO  impl.RaftServerImpl (ServerState.java:setLeader(256)) - 24020d0b-ce61-4f5a-b0b0-c561541e8cd4@group-FEB16DB33BA8: change Leader from null to 24020d0b-ce61-4f5a-b0b0-c561541e8cd4 at term 2 for becomeLeader, leader elected after 2055ms
2019-10-17 07:43:04,131 [24020d0b-ce61-4f5a-b0b0-c561541e8cd4@group-FEB16DB33BA8-LeaderElection26] INFO  server.RaftServerConfigKeys (ConfUtils.java:logGet(43)) - raft.server.staging.catchup.gap = 1000 (default)
2019-10-17 07:43:04,131 [24020d0b-ce61-4f5a-b0b0-c561541e8cd4@group-FEB16DB33BA8-LeaderElection26] INFO  server.RaftServerConfigKeys (ConfUtils.java:logGet(43)) - raft.server.rpc.sleep.time = 25ms (default)
2019-10-17 07:43:04,131 [24020d0b-ce61-4f5a-b0b0-c561541e8cd4@group-FEB16DB33BA8-LeaderElection26] INFO  server.RaftServerConfigKeys (ConfUtils.java:logGet(43)) - raft.server.write.element-limit = 4096 (default)
2019-10-17 07:43:04,131 [24020d0b-ce61-4f5a-b0b0-c561541e8cd4@group-FEB16DB33BA8-LeaderElection26] INFO  server.RaftServerConfigKeys (ConfUtils.java:logGet(43)) - raft.server.watch.timeout = 10s (default)
2019-10-17 07:43:04,131 [24020d0b-ce61-4f5a-b0b0-c561541e8cd4@group-FEB16DB33BA8-LeaderElection26] INFO  server.RaftServerConfigKeys (ConfUtils.java:logGet(43)) - raft.server.watch.timeout.denomination = 1s (default)
2019-10-17 07:43:04,131 [24020d0b-ce61-4f5a-b0b0-c561541e8cd4@group-FEB16DB33BA8-LeaderElection26] INFO  server.RaftServerConfigKeys (ConfUtils.java:logGet(43)) - raft.server.watch.element-limit = 65536 (default)
2019-10-17 07:43:04,132 [24020d0b-ce61-4f5a-b0b0-c561541e8cd4@group-FEB16DB33BA8-LeaderElection26] INFO  impl.RoleInfo (RoleInfo.java:updateAndGet(143)) - 24020d0b-ce61-4f5a-b0b0-c561541e8cd4: start LeaderState
2019-10-17 07:43:04,132 [24020d0b-ce61-4f5a-b0b0-c561541e8cd4@group-FEB16DB33BA8-LeaderElection26] INFO  segmented.SegmentedRaftLogWorker (SegmentedRaftLogWorker.java:rollLogSegment(390)) - 24020d0b-ce61-4f5a-b0b0-c561541e8cd4@group-FEB16DB33BA8-SegmentedRaftLogWorker: Rolling segment log-0_0 to index:0
2019-10-17 07:43:04,135 [IPC Server handler 2 on 44367] INFO  net.NetworkTopology (NetworkTopologyImpl.java:add(111)) - Added a new node: /default-rack/24020d0b-ce61-4f5a-b0b0-c561541e8cd4
2019-10-17 07:43:04,136 [24020d0b-ce61-4f5a-b0b0-c561541e8cd4@group-FEB16DB33BA8-LeaderElection26] INFO  impl.RaftServerImpl (ServerState.java:setRaftConf(357)) - 24020d0b-ce61-4f5a-b0b0-c561541e8cd4@group-FEB16DB33BA8: set configuration 1: [24020d0b-ce61-4f5a-b0b0-c561541e8cd4:192.168.34.62:42892], old=null at 1
2019-10-17 07:43:04,136 [IPC Server handler 2 on 44367] INFO  node.SCMNodeManager (SCMNodeManager.java:register(268)) - Registered Data node : 24020d0b-ce61-4f5a-b0b0-c561541e8cd4{ip: 192.168.34.62, host: pr-hdds-1868-lzclr-202649289, networkLocation: /default-rack, certSerialId: null}
2019-10-17 07:43:04,137 [EventQueue-NodeRegistrationContainerReportForDataNodeSafeModeRule] INFO  safemode.SCMSafeModeManager (DataNodeSafeModeRule.java:process(71)) - SCM in safe mode. 1 DataNodes registered, 1 required.
2019-10-17 07:43:04,138 [EventQueue-PipelineReportForPipelineReportHandler] INFO  pipeline.PipelineReportHandler (PipelineReportHandler.java:processPipelineReport(119)) - Pipeline PipelineID=4019cae6-87b7-45d6-99b0-a9ee991d717f reported by 24020d0b-ce61-4f5a-b0b0-c561541e8cd4{ip: 192.168.34.62, host: pr-hdds-1868-lzclr-202649289, networkLocation: /default-rack, certSerialId: null} with leaderId 
2019-10-17 07:43:04,138 [EventQueue-PipelineReportForPipelineReportHandler] INFO  pipeline.PipelineReportHandler (PipelineReportHandler.java:processPipelineReport(119)) - Pipeline PipelineID=75e0ba25-9759-4b49-84f6-feb16db33ba8 reported by 24020d0b-ce61-4f5a-b0b0-c561541e8cd4{ip: 192.168.34.62, host: pr-hdds-1868-lzclr-202649289, networkLocation: /default-rack, certSerialId: null} with leaderId 24020d0b-ce61-4f5a-b0b0-c561541e8cd4
2019-10-17 07:43:04,139 [24020d0b-ce61-4f5a-b0b0-c561541e8cd4@group-FEB16DB33BA8-SegmentedRaftLogWorker] INFO  segmented.SegmentedRaftLogWorker (SegmentedRaftLogWorker.java:execute(533)) - 24020d0b-ce61-4f5a-b0b0-c561541e8cd4@group-FEB16DB33BA8-SegmentedRaftLogWorker: Rolled log segment from /workdir/hadoop-ozone/integration-test/target/test-dir/MiniOzoneClusterImpl-87e8d78b-2c25-4827-9c34-ee9c99992073/datanode-5/data/ratis/75e0ba25-9759-4b49-84f6-feb16db33ba8/current/log_inprogress_0 to /workdir/hadoop-ozone/integration-test/target/test-dir/MiniOzoneClusterImpl-87e8d78b-2c25-4827-9c34-ee9c99992073/datanode-5/data/ratis/75e0ba25-9759-4b49-84f6-feb16db33ba8/current/log_0-0
2019-10-17 07:43:04,139 [EventQueue-PipelineReportForPipelineReportHandler] INFO  pipeline.PipelineStateManager (PipelineStateManager.java:openPipeline(134)) - Pipeline Pipeline[ Id: 75e0ba25-9759-4b49-84f6-feb16db33ba8, Nodes: 24020d0b-ce61-4f5a-b0b0-c561541e8cd4{ip: 192.168.34.62, host: pr-hdds-1868-lzclr-202649289, networkLocation: /default-rack, certSerialId: null}, Type:RATIS, Factor:ONE, State:OPEN] moved to OPEN state
2019-10-17 07:43:04,140 [EventQueue-ProcessedPipelineReportForHealthyPipelineSafeModeRule] INFO  safemode.SCMSafeModeManager (HealthyPipelineSafeModeRule.java:process(145)) - SCM in safe mode. Healthy pipelines reported count is 0, required healthy pipeline reported count is 1
2019-10-17 07:43:04,174 [EventQueue-ProcessedPipelineReportForOneReplicaPipelineSafeModeRule] INFO  safemode.SCMSafeModeManager (OneReplicaPipelineSafeModeRule.java:process(134)) - SCM in safe mode. Pipelines with atleast one datanode reported count is 1, required atleast one datanode reported per pipeline count is 2
2019-10-17 07:43:04,176 [Datanode State Machine Thread - 0] INFO  ozoneimpl.OzoneContainer (OzoneContainer.java:start(213)) - Attempting to start container services.
2019-10-17 07:43:04,176 [Datanode State Machine Thread - 0] INFO  ozoneimpl.OzoneContainer (OzoneContainer.java:startContainerScrub(177)) - Background container scanner has been disabled.
2019-10-17 07:43:04,177 [Datanode State Machine Thread - 0] INFO  ratis.XceiverServerRatis (XceiverServerRatis.java:start(424)) - Starting XceiverServerRatis 37bd8e8c-ea68-4b1c-8659-8d001c4f3b5c at port 41632
2019-10-17 07:43:04,185 [Datanode State Machine Thread - 0] INFO  impl.RaftServerImpl (RaftServerImpl.java:start(195)) - 37bd8e8c-ea68-4b1c-8659-8d001c4f3b5c@group-BBCCAFE5DB64: start as a follower, conf=0: [37bd8e8c-ea68-4b1c-8659-8d001c4f3b5c:192.168.34.62:41632], old=null
2019-10-17 07:43:04,186 [ForkJoinPool.commonPool-worker-0] INFO  impl.RaftServerImpl (RaftServerImpl.java:start(195)) - 37bd8e8c-ea68-4b1c-8659-8d001c4f3b5c@group-A9EE991D717F: start as a follower, conf=0: [37bd8e8c-ea68-4b1c-8659-8d001c4f3b5c:192.168.34.62:41632, 24020d0b-ce61-4f5a-b0b0-c561541e8cd4:192.168.34.62:42892, 2a93f7e5-ecb9-41da-9c47-70e13ba76d7d:192.168.34.62:35412], old=null
2019-10-17 07:43:04,186 [Datanode State Machine Thread - 0] INFO  impl.RaftServerImpl (RaftServerImpl.java:setRole(184)) - 37bd8e8c-ea68-4b1c-8659-8d001c4f3b5c@group-BBCCAFE5DB64: changes role from      null to FOLLOWER at term 1 for startAsFollower
2019-10-17 07:43:04,186 [ForkJoinPool.commonPool-worker-0] INFO  impl.RaftServerImpl (RaftServerImpl.java:setRole(184)) - 37bd8e8c-ea68-4b1c-8659-8d001c4f3b5c@group-A9EE991D717F: changes role from      null to FOLLOWER at term 6 for startAsFollower
2019-10-17 07:43:04,186 [Datanode State Machine Thread - 0] INFO  impl.RoleInfo (RoleInfo.java:updateAndGet(143)) - 37bd8e8c-ea68-4b1c-8659-8d001c4f3b5c: start FollowerState
2019-10-17 07:43:04,187 [ForkJoinPool.commonPool-worker-0] INFO  impl.RoleInfo (RoleInfo.java:updateAndGet(143)) - 37bd8e8c-ea68-4b1c-8659-8d001c4f3b5c: start FollowerState
2019-10-17 07:43:04,187 [Datanode State Machine Thread - 0] INFO  util.JmxRegister (JmxRegister.java:tryRegister(44)) - Successfully registered JMX Bean with object name Ratis:service=RaftServer,group=group-BBCCAFE5DB64,id=37bd8e8c-ea68-4b1c-8659-8d001c4f3b5c
2019-10-17 07:43:04,187 [ForkJoinPool.commonPool-worker-0] INFO  util.JmxRegister (JmxRegister.java:tryRegister(44)) - Successfully registered JMX Bean with object name Ratis:service=RaftServer,group=group-A9EE991D717F,id=37bd8e8c-ea68-4b1c-8659-8d001c4f3b5c
2019-10-17 07:43:04,187 [Datanode State Machine Thread - 0] INFO  impl.RaftServerProxy (RaftServerProxy.java:lambda$start$3(299)) - 37bd8e8c-ea68-4b1c-8659-8d001c4f3b5c: start RPC server
2019-10-17 07:43:04,188 [Datanode State Machine Thread - 0] INFO  server.GrpcService (GrpcService.java:startImpl(158)) - 37bd8e8c-ea68-4b1c-8659-8d001c4f3b5c: GrpcService started, listening on 0.0.0.0/0.0.0.0:41632
2019-10-17 07:43:04,196 [24020d0b-ce61-4f5a-b0b0-c561541e8cd4@group-FEB16DB33BA8-SegmentedRaftLogWorker] INFO  segmented.SegmentedRaftLogWorker (SegmentedRaftLogWorker.java:execute(576)) - 24020d0b-ce61-4f5a-b0b0-c561541e8cd4@group-FEB16DB33BA8-SegmentedRaftLogWorker: created new log segment /workdir/hadoop-ozone/integration-test/target/test-dir/MiniOzoneClusterImpl-87e8d78b-2c25-4827-9c34-ee9c99992073/datanode-5/data/ratis/75e0ba25-9759-4b49-84f6-feb16db33ba8/current/log_inprogress_1
2019-10-17 07:43:04,214 [Thread-586] INFO  impl.FollowerState (FollowerState.java:run(108)) - 37bd8e8c-ea68-4b1c-8659-8d001c4f3b5c@group-A9EE991D717F-FollowerState: change to CANDIDATE, lastRpcTime:27ms, electionTimeout:27ms
2019-10-17 07:43:04,214 [Thread-586] INFO  impl.RoleInfo (RoleInfo.java:shutdownFollowerState(121)) - 37bd8e8c-ea68-4b1c-8659-8d001c4f3b5c: shutdown FollowerState
2019-10-17 07:43:04,214 [Thread-586] INFO  impl.RaftServerImpl (RaftServerImpl.java:setRole(184)) - 37bd8e8c-ea68-4b1c-8659-8d001c4f3b5c@group-A9EE991D717F: changes role from  FOLLOWER to CANDIDATE at term 6 for changeToCandidate
2019-10-17 07:43:04,214 [Thread-586] INFO  impl.RoleInfo (RoleInfo.java:updateAndGet(143)) - 37bd8e8c-ea68-4b1c-8659-8d001c4f3b5c: start LeaderElection
2019-10-17 07:43:04,234 [Thread-572] INFO  impl.FollowerState (FollowerState.java:run(108)) - 24020d0b-ce61-4f5a-b0b0-c561541e8cd4@group-A9EE991D717F-FollowerState: change to CANDIDATE, lastRpcTime:174ms, electionTimeout:174ms
2019-10-17 07:43:04,234 [Thread-572] INFO  impl.RoleInfo (RoleInfo.java:shutdownFollowerState(121)) - 24020d0b-ce61-4f5a-b0b0-c561541e8cd4: shutdown FollowerState
2019-10-17 07:43:04,234 [Thread-572] INFO  impl.RaftServerImpl (RaftServerImpl.java:setRole(184)) - 24020d0b-ce61-4f5a-b0b0-c561541e8cd4@group-A9EE991D717F: changes role from  FOLLOWER to CANDIDATE at term 5 for changeToCandidate
2019-10-17 07:43:04,235 [Thread-572] INFO  impl.RoleInfo (RoleInfo.java:updateAndGet(143)) - 24020d0b-ce61-4f5a-b0b0-c561541e8cd4: start LeaderElection
2019-10-17 07:43:04,238 [37bd8e8c-ea68-4b1c-8659-8d001c4f3b5c@group-A9EE991D717F-LeaderElection27] INFO  impl.LeaderElection (LeaderElection.java:askForVotes(178)) - 37bd8e8c-ea68-4b1c-8659-8d001c4f3b5c@group-A9EE991D717F-LeaderElection27: begin an election at term 7 for 0: [37bd8e8c-ea68-4b1c-8659-8d001c4f3b5c:192.168.34.62:41632, 24020d0b-ce61-4f5a-b0b0-c561541e8cd4:192.168.34.62:42892, 2a93f7e5-ecb9-41da-9c47-70e13ba76d7d:192.168.34.62:35412], old=null
2019-10-17 07:43:04,247 [37bd8e8c-ea68-4b1c-8659-8d001c4f3b5c@group-A9EE991D717F-LeaderElection27] INFO  impl.LeaderElection (LogUtils.java:infoOrTrace(149)) - 37bd8e8c-ea68-4b1c-8659-8d001c4f3b5c@group-A9EE991D717F-LeaderElection27 got exception when requesting votes: {}
java.util.concurrent.ExecutionException: org.apache.ratis.thirdparty.io.grpc.StatusRuntimeException: UNAVAILABLE: io exception
	at java.util.concurrent.FutureTask.report(FutureTask.java:122)
	at java.util.concurrent.FutureTask.get(FutureTask.java:192)
	at org.apache.ratis.server.impl.LeaderElection.waitForResults(LeaderElection.java:259)
	at org.apache.ratis.server.impl.LeaderElection.askForVotes(LeaderElection.java:197)
	at org.apache.ratis.server.impl.LeaderElection.run(LeaderElection.java:133)
	at java.lang.Thread.run(Thread.java:748)
Caused by: org.apache.ratis.thirdparty.io.grpc.StatusRuntimeException: UNAVAILABLE: io exception
	at org.apache.ratis.thirdparty.io.grpc.stub.ClientCalls.toStatusRuntimeException(ClientCalls.java:233)
	at org.apache.ratis.thirdparty.io.grpc.stub.ClientCalls.getUnchecked(ClientCalls.java:214)
	at org.apache.ratis.thirdparty.io.grpc.stub.ClientCalls.blockingUnaryCall(ClientCalls.java:139)
	at org.apache.ratis.proto.grpc.RaftServerProtocolServiceGrpc$RaftServerProtocolServiceBlockingStub.requestVote(RaftServerProtocolServiceGrpc.java:265)
	at org.apache.ratis.grpc.server.GrpcServerProtocolClient.requestVote(GrpcServerProtocolClient.java:99)
	at org.apache.ratis.grpc.server.GrpcService.requestVote(GrpcService.java:204)
	at org.apache.ratis.server.impl.LeaderElection.lambda$submitRequests$1(LeaderElection.java:234)
	at java.util.concurrent.FutureTask.run(FutureTask.java:266)
	at java.util.concurrent.Executors$RunnableAdapter.call(Executors.java:511)
	at java.util.concurrent.FutureTask.run(FutureTask.java:266)
	at java.util.concurrent.ThreadPoolExecutor.runWorker(ThreadPoolExecutor.java:1149)
	at java.util.concurrent.ThreadPoolExecutor$Worker.run(ThreadPoolExecutor.java:624)
	... 1 more
Caused by: org.apache.ratis.thirdparty.io.netty.channel.AbstractChannel$AnnotatedConnectException: Connection refused: /192.168.34.62:35412
	at sun.nio.ch.SocketChannelImpl.checkConnect(Native Method)
	at sun.nio.ch.SocketChannelImpl.finishConnect(SocketChannelImpl.java:717)
	at org.apache.ratis.thirdparty.io.netty.channel.socket.nio.NioSocketChannel.doFinishConnect(NioSocketChannel.java:327)
	at org.apache.ratis.thirdparty.io.netty.channel.nio.AbstractNioChannel$AbstractNioUnsafe.finishConnect(AbstractNioChannel.java:340)
	at org.apache.ratis.thirdparty.io.netty.channel.nio.NioEventLoop.processSelectedKey(NioEventLoop.java:632)
	at org.apache.ratis.thirdparty.io.netty.channel.nio.NioEventLoop.processSelectedKeysOptimized(NioEventLoop.java:579)
	at org.apache.ratis.thirdparty.io.netty.channel.nio.NioEventLoop.processSelectedKeys(NioEventLoop.java:496)
	at org.apache.ratis.thirdparty.io.netty.channel.nio.NioEventLoop.run(NioEventLoop.java:458)
	at org.apache.ratis.thirdparty.io.netty.util.concurrent.SingleThreadEventExecutor$5.run(SingleThreadEventExecutor.java:897)
	at org.apache.ratis.thirdparty.io.netty.util.concurrent.FastThreadLocalRunnable.run(FastThreadLocalRunnable.java:30)
	... 1 more
Caused by: java.net.ConnectException: Connection refused
	... 11 more
2019-10-17 07:43:04,262 [24020d0b-ce61-4f5a-b0b0-c561541e8cd4@group-A9EE991D717F-LeaderElection28] INFO  impl.LeaderElection (LeaderElection.java:askForVotes(178)) - 24020d0b-ce61-4f5a-b0b0-c561541e8cd4@group-A9EE991D717F-LeaderElection28: begin an election at term 6 for 0: [37bd8e8c-ea68-4b1c-8659-8d001c4f3b5c:192.168.34.62:41632, 24020d0b-ce61-4f5a-b0b0-c561541e8cd4:192.168.34.62:42892, 2a93f7e5-ecb9-41da-9c47-70e13ba76d7d:192.168.34.62:35412], old=null
2019-10-17 07:43:04,262 [grpc-default-executor-1] INFO  impl.RaftServerImpl (RaftServerImpl.java:setRole(184)) - 24020d0b-ce61-4f5a-b0b0-c561541e8cd4@group-A9EE991D717F: changes role from CANDIDATE to FOLLOWER at term 7 for recognizeCandidate:37bd8e8c-ea68-4b1c-8659-8d001c4f3b5c
2019-10-17 07:43:04,262 [grpc-default-executor-1] INFO  impl.RoleInfo (RoleInfo.java:shutdownLeaderElection(134)) - 24020d0b-ce61-4f5a-b0b0-c561541e8cd4: shutdown LeaderElection
2019-10-17 07:43:04,263 [grpc-default-executor-1] INFO  impl.RoleInfo (RoleInfo.java:updateAndGet(143)) - 24020d0b-ce61-4f5a-b0b0-c561541e8cd4: start FollowerState
2019-10-17 07:43:04,272 [Thread-585] INFO  impl.FollowerState (FollowerState.java:run(108)) - 37bd8e8c-ea68-4b1c-8659-8d001c4f3b5c@group-BBCCAFE5DB64-FollowerState: change to CANDIDATE, lastRpcTime:85ms, electionTimeout:85ms
2019-10-17 07:43:04,272 [Thread-585] INFO  impl.RoleInfo (RoleInfo.java:shutdownFollowerState(121)) - 37bd8e8c-ea68-4b1c-8659-8d001c4f3b5c: shutdown FollowerState
2019-10-17 07:43:04,272 [Thread-585] INFO  impl.RaftServerImpl (RaftServerImpl.java:setRole(184)) - 37bd8e8c-ea68-4b1c-8659-8d001c4f3b5c@group-BBCCAFE5DB64: changes role from  FOLLOWER to CANDIDATE at term 1 for changeToCandidate
2019-10-17 07:43:04,273 [Thread-585] INFO  impl.RoleInfo (RoleInfo.java:updateAndGet(143)) - 37bd8e8c-ea68-4b1c-8659-8d001c4f3b5c: start LeaderElection
2019-10-17 07:43:04,296 [37bd8e8c-ea68-4b1c-8659-8d001c4f3b5c@group-BBCCAFE5DB64-LeaderElection29] INFO  impl.LeaderElection (LeaderElection.java:askForVotes(178)) - 37bd8e8c-ea68-4b1c-8659-8d001c4f3b5c@group-BBCCAFE5DB64-LeaderElection29: begin an election at term 2 for 0: [37bd8e8c-ea68-4b1c-8659-8d001c4f3b5c:192.168.34.62:41632], old=null
2019-10-17 07:43:04,296 [37bd8e8c-ea68-4b1c-8659-8d001c4f3b5c@group-BBCCAFE5DB64-LeaderElection29] INFO  impl.RoleInfo (RoleInfo.java:shutdownLeaderElection(134)) - 37bd8e8c-ea68-4b1c-8659-8d001c4f3b5c: shutdown LeaderElection
2019-10-17 07:43:04,297 [37bd8e8c-ea68-4b1c-8659-8d001c4f3b5c@group-BBCCAFE5DB64-LeaderElection29] INFO  impl.RaftServerImpl (RaftServerImpl.java:setRole(184)) - 37bd8e8c-ea68-4b1c-8659-8d001c4f3b5c@group-BBCCAFE5DB64: changes role from CANDIDATE to LEADER at term 2 for changeToLeader
2019-10-17 07:43:04,297 [37bd8e8c-ea68-4b1c-8659-8d001c4f3b5c@group-BBCCAFE5DB64-LeaderElection29] INFO  ratis.XceiverServerRatis (XceiverServerRatis.java:handleLeaderChangedNotification(699)) - Leader change notification received for group: group-BBCCAFE5DB64 with new leaderId: 37bd8e8c-ea68-4b1c-8659-8d001c4f3b5c
2019-10-17 07:43:04,298 [24020d0b-ce61-4f5a-b0b0-c561541e8cd4@group-A9EE991D717F-LeaderElection28] INFO  impl.LeaderElection (LeaderElection.java:logAndReturn(56)) - 24020d0b-ce61-4f5a-b0b0-c561541e8cd4@group-A9EE991D717F-LeaderElection28: Election REJECTED; received 0 response(s) [] and 0 exception(s); 24020d0b-ce61-4f5a-b0b0-c561541e8cd4@group-A9EE991D717F:t7, leader=null, voted=null, raftlog=24020d0b-ce61-4f5a-b0b0-c561541e8cd4@group-A9EE991D717F-SegmentedRaftLog:OPENED:c-1,f0,i0, conf=0: [37bd8e8c-ea68-4b1c-8659-8d001c4f3b5c:192.168.34.62:41632, 24020d0b-ce61-4f5a-b0b0-c561541e8cd4:192.168.34.62:42892, 2a93f7e5-ecb9-41da-9c47-70e13ba76d7d:192.168.34.62:35412], old=null
2019-10-17 07:43:04,298 [37bd8e8c-ea68-4b1c-8659-8d001c4f3b5c@group-BBCCAFE5DB64-LeaderElection29] INFO  impl.RaftServerImpl (ServerState.java:setLeader(256)) - 37bd8e8c-ea68-4b1c-8659-8d001c4f3b5c@group-BBCCAFE5DB64: change Leader from null to 37bd8e8c-ea68-4b1c-8659-8d001c4f3b5c at term 2 for becomeLeader, leader elected after 2138ms
2019-10-17 07:43:04,298 [37bd8e8c-ea68-4b1c-8659-8d001c4f3b5c@group-BBCCAFE5DB64-LeaderElection29] INFO  server.RaftServerConfigKeys (ConfUtils.java:logGet(43)) - raft.server.staging.catchup.gap = 1000 (default)
2019-10-17 07:43:04,299 [37bd8e8c-ea68-4b1c-8659-8d001c4f3b5c@group-BBCCAFE5DB64-LeaderElection29] INFO  server.RaftServerConfigKeys (ConfUtils.java:logGet(43)) - raft.server.rpc.sleep.time = 25ms (default)
2019-10-17 07:43:04,301 [37bd8e8c-ea68-4b1c-8659-8d001c4f3b5c@group-BBCCAFE5DB64-LeaderElection29] INFO  server.RaftServerConfigKeys (ConfUtils.java:logGet(43)) - raft.server.write.element-limit = 4096 (default)
2019-10-17 07:43:04,302 [37bd8e8c-ea68-4b1c-8659-8d001c4f3b5c@group-BBCCAFE5DB64-LeaderElection29] INFO  server.RaftServerConfigKeys (ConfUtils.java:logGet(43)) - raft.server.watch.timeout = 10s (default)
2019-10-17 07:43:04,302 [37bd8e8c-ea68-4b1c-8659-8d001c4f3b5c@group-A9EE991D717F-LeaderElection27] INFO  impl.LeaderElection (LeaderElection.java:logAndReturn(56)) - 37bd8e8c-ea68-4b1c-8659-8d001c4f3b5c@group-A9EE991D717F-LeaderElection27: Election REJECTED; received 1 response(s) [37bd8e8c-ea68-4b1c-8659-8d001c4f3b5c<-24020d0b-ce61-4f5a-b0b0-c561541e8cd4#0:FAIL-t7] and 1 exception(s); 37bd8e8c-ea68-4b1c-8659-8d001c4f3b5c@group-A9EE991D717F:t7, leader=null, voted=37bd8e8c-ea68-4b1c-8659-8d001c4f3b5c, raftlog=37bd8e8c-ea68-4b1c-8659-8d001c4f3b5c@group-A9EE991D717F-SegmentedRaftLog:OPENED:c-1,f0,i0, conf=0: [37bd8e8c-ea68-4b1c-8659-8d001c4f3b5c:192.168.34.62:41632, 24020d0b-ce61-4f5a-b0b0-c561541e8cd4:192.168.34.62:42892, 2a93f7e5-ecb9-41da-9c47-70e13ba76d7d:192.168.34.62:35412], old=null
2019-10-17 07:43:04,302 [37bd8e8c-ea68-4b1c-8659-8d001c4f3b5c@group-BBCCAFE5DB64-LeaderElection29] INFO  server.RaftServerConfigKeys (ConfUtils.java:logGet(43)) - raft.server.watch.timeout.denomination = 1s (default)
2019-10-17 07:43:04,303 [37bd8e8c-ea68-4b1c-8659-8d001c4f3b5c@group-A9EE991D717F-LeaderElection27] INFO  impl.LeaderElection (LogUtils.java:infoOrTrace(149)) -   Exception 0: {}
java.util.concurrent.ExecutionException: org.apache.ratis.thirdparty.io.grpc.StatusRuntimeException: UNAVAILABLE: io exception
	at java.util.concurrent.FutureTask.report(FutureTask.java:122)
	at java.util.concurrent.FutureTask.get(FutureTask.java:192)
	at org.apache.ratis.server.impl.LeaderElection.waitForResults(LeaderElection.java:259)
	at org.apache.ratis.server.impl.LeaderElection.askForVotes(LeaderElection.java:197)
	at org.apache.ratis.server.impl.LeaderElection.run(LeaderElection.java:133)
	at java.lang.Thread.run(Thread.java:748)
Caused by: org.apache.ratis.thirdparty.io.grpc.StatusRuntimeException: UNAVAILABLE: io exception
	at org.apache.ratis.thirdparty.io.grpc.stub.ClientCalls.toStatusRuntimeException(ClientCalls.java:233)
	at org.apache.ratis.thirdparty.io.grpc.stub.ClientCalls.getUnchecked(ClientCalls.java:214)
	at org.apache.ratis.thirdparty.io.grpc.stub.ClientCalls.blockingUnaryCall(ClientCalls.java:139)
	at org.apache.ratis.proto.grpc.RaftServerProtocolServiceGrpc$RaftServerProtocolServiceBlockingStub.requestVote(RaftServerProtocolServiceGrpc.java:265)
	at org.apache.ratis.grpc.server.GrpcServerProtocolClient.requestVote(GrpcServerProtocolClient.java:99)
	at org.apache.ratis.grpc.server.GrpcService.requestVote(GrpcService.java:204)
	at org.apache.ratis.server.impl.LeaderElection.lambda$submitRequests$1(LeaderElection.java:234)
	at java.util.concurrent.FutureTask.run(FutureTask.java:266)
	at java.util.concurrent.Executors$RunnableAdapter.call(Executors.java:511)
	at java.util.concurrent.FutureTask.run(FutureTask.java:266)
	at java.util.concurrent.ThreadPoolExecutor.runWorker(ThreadPoolExecutor.java:1149)
	at java.util.concurrent.ThreadPoolExecutor$Worker.run(ThreadPoolExecutor.java:624)
	... 1 more
Caused by: org.apache.ratis.thirdparty.io.netty.channel.AbstractChannel$AnnotatedConnectException: Connection refused: /192.168.34.62:35412
	at sun.nio.ch.SocketChannelImpl.checkConnect(Native Method)
	at sun.nio.ch.SocketChannelImpl.finishConnect(SocketChannelImpl.java:717)
	at org.apache.ratis.thirdparty.io.netty.channel.socket.nio.NioSocketChannel.doFinishConnect(NioSocketChannel.java:327)
	at org.apache.ratis.thirdparty.io.netty.channel.nio.AbstractNioChannel$AbstractNioUnsafe.finishConnect(AbstractNioChannel.java:340)
	at org.apache.ratis.thirdparty.io.netty.channel.nio.NioEventLoop.processSelectedKey(NioEventLoop.java:632)
	at org.apache.ratis.thirdparty.io.netty.channel.nio.NioEventLoop.processSelectedKeysOptimized(NioEventLoop.java:579)
	at org.apache.ratis.thirdparty.io.netty.channel.nio.NioEventLoop.processSelectedKeys(NioEventLoop.java:496)
	at org.apache.ratis.thirdparty.io.netty.channel.nio.NioEventLoop.run(NioEventLoop.java:458)
	at org.apache.ratis.thirdparty.io.netty.util.concurrent.SingleThreadEventExecutor$5.run(SingleThreadEventExecutor.java:897)
	at org.apache.ratis.thirdparty.io.netty.util.concurrent.FastThreadLocalRunnable.run(FastThreadLocalRunnable.java:30)
	... 1 more
Caused by: java.net.ConnectException: Connection refused
	... 11 more
2019-10-17 07:43:04,304 [37bd8e8c-ea68-4b1c-8659-8d001c4f3b5c@group-BBCCAFE5DB64-LeaderElection29] INFO  server.RaftServerConfigKeys (ConfUtils.java:logGet(43)) - raft.server.watch.element-limit = 65536 (default)
2019-10-17 07:43:04,305 [Thread-593] INFO  impl.FollowerState (FollowerState.java:run(108)) - 24020d0b-ce61-4f5a-b0b0-c561541e8cd4@group-A9EE991D717F-FollowerState: change to CANDIDATE, lastRpcTime:42ms, electionTimeout:41ms
2019-10-17 07:43:04,317 [Thread-593] INFO  impl.RoleInfo (RoleInfo.java:shutdownFollowerState(121)) - 24020d0b-ce61-4f5a-b0b0-c561541e8cd4: shutdown FollowerState
2019-10-17 07:43:04,306 [37bd8e8c-ea68-4b1c-8659-8d001c4f3b5c@group-A9EE991D717F-LeaderElection27] INFO  impl.RaftServerImpl (RaftServerImpl.java:setRole(184)) - 37bd8e8c-ea68-4b1c-8659-8d001c4f3b5c@group-A9EE991D717F: changes role from CANDIDATE to FOLLOWER at term 7 for DISCOVERED_A_NEW_TERM
2019-10-17 07:43:04,317 [37bd8e8c-ea68-4b1c-8659-8d001c4f3b5c@group-BBCCAFE5DB64-LeaderElection29] INFO  impl.RoleInfo (RoleInfo.java:updateAndGet(143)) - 37bd8e8c-ea68-4b1c-8659-8d001c4f3b5c: start LeaderState
2019-10-17 07:43:04,317 [Thread-593] INFO  impl.RaftServerImpl (RaftServerImpl.java:setRole(184)) - 24020d0b-ce61-4f5a-b0b0-c561541e8cd4@group-A9EE991D717F: changes role from  FOLLOWER to CANDIDATE at term 7 for changeToCandidate
2019-10-17 07:43:04,317 [37bd8e8c-ea68-4b1c-8659-8d001c4f3b5c@group-A9EE991D717F-LeaderElection27] INFO  impl.RoleInfo (RoleInfo.java:shutdownLeaderElection(134)) - 37bd8e8c-ea68-4b1c-8659-8d001c4f3b5c: shutdown LeaderElection
2019-10-17 07:43:04,318 [37bd8e8c-ea68-4b1c-8659-8d001c4f3b5c@group-BBCCAFE5DB64-LeaderElection29] INFO  segmented.SegmentedRaftLogWorker (SegmentedRaftLogWorker.java:rollLogSegment(390)) - 37bd8e8c-ea68-4b1c-8659-8d001c4f3b5c@group-BBCCAFE5DB64-SegmentedRaftLogWorker: Rolling segment log-0_0 to index:0
2019-10-17 07:43:04,317 [Thread-593] INFO  impl.RoleInfo (RoleInfo.java:updateAndGet(143)) - 24020d0b-ce61-4f5a-b0b0-c561541e8cd4: start LeaderElection
2019-10-17 07:43:04,318 [IPC Server handler 3 on 44367] INFO  net.NetworkTopology (NetworkTopologyImpl.java:add(111)) - Added a new node: /default-rack/37bd8e8c-ea68-4b1c-8659-8d001c4f3b5c
2019-10-17 07:43:04,320 [37bd8e8c-ea68-4b1c-8659-8d001c4f3b5c@group-BBCCAFE5DB64-LeaderElection29] INFO  impl.RaftServerImpl (ServerState.java:setRaftConf(357)) - 37bd8e8c-ea68-4b1c-8659-8d001c4f3b5c@group-BBCCAFE5DB64: set configuration 1: [37bd8e8c-ea68-4b1c-8659-8d001c4f3b5c:192.168.34.62:41632], old=null at 1
2019-10-17 07:43:04,318 [37bd8e8c-ea68-4b1c-8659-8d001c4f3b5c@group-A9EE991D717F-LeaderElection27] INFO  impl.RoleInfo (RoleInfo.java:updateAndGet(143)) - 37bd8e8c-ea68-4b1c-8659-8d001c4f3b5c: start FollowerState
2019-10-17 07:43:04,320 [37bd8e8c-ea68-4b1c-8659-8d001c4f3b5c@group-BBCCAFE5DB64-SegmentedRaftLogWorker] INFO  segmented.SegmentedRaftLogWorker (SegmentedRaftLogWorker.java:execute(533)) - 37bd8e8c-ea68-4b1c-8659-8d001c4f3b5c@group-BBCCAFE5DB64-SegmentedRaftLogWorker: Rolled log segment from /workdir/hadoop-ozone/integration-test/target/test-dir/MiniOzoneClusterImpl-87e8d78b-2c25-4827-9c34-ee9c99992073/datanode-0/data/ratis/f9589774-8dcc-49ca-90e1-bbccafe5db64/current/log_inprogress_0 to /workdir/hadoop-ozone/integration-test/target/test-dir/MiniOzoneClusterImpl-87e8d78b-2c25-4827-9c34-ee9c99992073/datanode-0/data/ratis/f9589774-8dcc-49ca-90e1-bbccafe5db64/current/log_0-0
2019-10-17 07:43:04,320 [IPC Server handler 3 on 44367] INFO  node.SCMNodeManager (SCMNodeManager.java:register(268)) - Registered Data node : 37bd8e8c-ea68-4b1c-8659-8d001c4f3b5c{ip: 192.168.34.62, host: pr-hdds-1868-lzclr-202649289, networkLocation: /default-rack, certSerialId: null}
2019-10-17 07:43:04,321 [EventQueue-PipelineReportForPipelineReportHandler] INFO  pipeline.PipelineReportHandler (PipelineReportHandler.java:processPipelineReport(119)) - Pipeline PipelineID=4019cae6-87b7-45d6-99b0-a9ee991d717f reported by 37bd8e8c-ea68-4b1c-8659-8d001c4f3b5c{ip: 192.168.34.62, host: pr-hdds-1868-lzclr-202649289, networkLocation: /default-rack, certSerialId: null} with leaderId 
2019-10-17 07:43:04,358 [EventQueue-PipelineReportForPipelineReportHandler] INFO  pipeline.PipelineReportHandler (PipelineReportHandler.java:processPipelineReport(119)) - Pipeline PipelineID=f9589774-8dcc-49ca-90e1-bbccafe5db64 reported by 37bd8e8c-ea68-4b1c-8659-8d001c4f3b5c{ip: 192.168.34.62, host: pr-hdds-1868-lzclr-202649289, networkLocation: /default-rack, certSerialId: null} with leaderId 37bd8e8c-ea68-4b1c-8659-8d001c4f3b5c
2019-10-17 07:43:04,358 [24020d0b-ce61-4f5a-b0b0-c561541e8cd4@group-A9EE991D717F-LeaderElection30] INFO  impl.LeaderElection (LeaderElection.java:askForVotes(178)) - 24020d0b-ce61-4f5a-b0b0-c561541e8cd4@group-A9EE991D717F-LeaderElection30: begin an election at term 8 for 0: [37bd8e8c-ea68-4b1c-8659-8d001c4f3b5c:192.168.34.62:41632, 24020d0b-ce61-4f5a-b0b0-c561541e8cd4:192.168.34.62:42892, 2a93f7e5-ecb9-41da-9c47-70e13ba76d7d:192.168.34.62:35412], old=null
2019-10-17 07:43:04,358 [EventQueue-PipelineReportForPipelineReportHandler] INFO  pipeline.PipelineStateManager (PipelineStateManager.java:openPipeline(134)) - Pipeline Pipeline[ Id: f9589774-8dcc-49ca-90e1-bbccafe5db64, Nodes: 37bd8e8c-ea68-4b1c-8659-8d001c4f3b5c{ip: 192.168.34.62, host: pr-hdds-1868-lzclr-202649289, networkLocation: /default-rack, certSerialId: null}, Type:RATIS, Factor:ONE, State:OPEN] moved to OPEN state
2019-10-17 07:43:04,359 [EventQueue-ProcessedPipelineReportForHealthyPipelineSafeModeRule] INFO  safemode.SCMSafeModeManager (HealthyPipelineSafeModeRule.java:process(145)) - SCM in safe mode. Healthy pipelines reported count is 0, required healthy pipeline reported count is 1
2019-10-17 07:43:04,359 [EventQueue-ProcessedPipelineReportForOneReplicaPipelineSafeModeRule] INFO  safemode.SCMSafeModeManager (OneReplicaPipelineSafeModeRule.java:process(134)) - SCM in safe mode. Pipelines with atleast one datanode reported count is 1, required atleast one datanode reported per pipeline count is 2
2019-10-17 07:43:04,361 [24020d0b-ce61-4f5a-b0b0-c561541e8cd4@group-A9EE991D717F-LeaderElection30] INFO  impl.LeaderElection (LogUtils.java:infoOrTrace(149)) - 24020d0b-ce61-4f5a-b0b0-c561541e8cd4@group-A9EE991D717F-LeaderElection30 got exception when requesting votes: {}
java.util.concurrent.ExecutionException: org.apache.ratis.thirdparty.io.grpc.StatusRuntimeException: UNAVAILABLE: io exception
	at java.util.concurrent.FutureTask.report(FutureTask.java:122)
	at java.util.concurrent.FutureTask.get(FutureTask.java:192)
	at org.apache.ratis.server.impl.LeaderElection.waitForResults(LeaderElection.java:259)
	at org.apache.ratis.server.impl.LeaderElection.askForVotes(LeaderElection.java:197)
	at org.apache.ratis.server.impl.LeaderElection.run(LeaderElection.java:133)
	at java.lang.Thread.run(Thread.java:748)
Caused by: org.apache.ratis.thirdparty.io.grpc.StatusRuntimeException: UNAVAILABLE: io exception
	at org.apache.ratis.thirdparty.io.grpc.stub.ClientCalls.toStatusRuntimeException(ClientCalls.java:233)
	at org.apache.ratis.thirdparty.io.grpc.stub.ClientCalls.getUnchecked(ClientCalls.java:214)
	at org.apache.ratis.thirdparty.io.grpc.stub.ClientCalls.blockingUnaryCall(ClientCalls.java:139)
	at org.apache.ratis.proto.grpc.RaftServerProtocolServiceGrpc$RaftServerProtocolServiceBlockingStub.requestVote(RaftServerProtocolServiceGrpc.java:265)
	at org.apache.ratis.grpc.server.GrpcServerProtocolClient.requestVote(GrpcServerProtocolClient.java:99)
	at org.apache.ratis.grpc.server.GrpcService.requestVote(GrpcService.java:204)
	at org.apache.ratis.server.impl.LeaderElection.lambda$submitRequests$1(LeaderElection.java:234)
	at java.util.concurrent.FutureTask.run(FutureTask.java:266)
	at java.util.concurrent.Executors$RunnableAdapter.call(Executors.java:511)
	at java.util.concurrent.FutureTask.run(FutureTask.java:266)
	at java.util.concurrent.ThreadPoolExecutor.runWorker(ThreadPoolExecutor.java:1149)
	at java.util.concurrent.ThreadPoolExecutor$Worker.run(ThreadPoolExecutor.java:624)
	... 1 more
Caused by: org.apache.ratis.thirdparty.io.netty.channel.AbstractChannel$AnnotatedConnectException: Connection refused: /192.168.34.62:35412
	at sun.nio.ch.SocketChannelImpl.checkConnect(Native Method)
	at sun.nio.ch.SocketChannelImpl.finishConnect(SocketChannelImpl.java:717)
	at org.apache.ratis.thirdparty.io.netty.channel.socket.nio.NioSocketChannel.doFinishConnect(NioSocketChannel.java:327)
	at org.apache.ratis.thirdparty.io.netty.channel.nio.AbstractNioChannel$AbstractNioUnsafe.finishConnect(AbstractNioChannel.java:340)
	at org.apache.ratis.thirdparty.io.netty.channel.nio.NioEventLoop.processSelectedKey(NioEventLoop.java:632)
	at org.apache.ratis.thirdparty.io.netty.channel.nio.NioEventLoop.processSelectedKeysOptimized(NioEventLoop.java:579)
	at org.apache.ratis.thirdparty.io.netty.channel.nio.NioEventLoop.processSelectedKeys(NioEventLoop.java:496)
	at org.apache.ratis.thirdparty.io.netty.channel.nio.NioEventLoop.run(NioEventLoop.java:458)
	at org.apache.ratis.thirdparty.io.netty.util.concurrent.SingleThreadEventExecutor$5.run(SingleThreadEventExecutor.java:897)
	at org.apache.ratis.thirdparty.io.netty.util.concurrent.FastThreadLocalRunnable.run(FastThreadLocalRunnable.java:30)
	... 1 more
Caused by: java.net.ConnectException: Connection refused
	... 11 more
2019-10-17 07:43:04,364 [grpc-default-executor-2] INFO  impl.RaftServerImpl (RaftServerImpl.java:setRole(184)) - 37bd8e8c-ea68-4b1c-8659-8d001c4f3b5c@group-A9EE991D717F: changes role from  FOLLOWER to FOLLOWER at term 8 for recognizeCandidate:24020d0b-ce61-4f5a-b0b0-c561541e8cd4
2019-10-17 07:43:04,364 [grpc-default-executor-2] INFO  impl.RoleInfo (RoleInfo.java:shutdownFollowerState(121)) - 37bd8e8c-ea68-4b1c-8659-8d001c4f3b5c: shutdown FollowerState
2019-10-17 07:43:04,364 [grpc-default-executor-2] INFO  impl.RoleInfo (RoleInfo.java:updateAndGet(143)) - 37bd8e8c-ea68-4b1c-8659-8d001c4f3b5c: start FollowerState
2019-10-17 07:43:04,364 [Thread-599] INFO  impl.FollowerState (FollowerState.java:run(117)) - 37bd8e8c-ea68-4b1c-8659-8d001c4f3b5c@group-A9EE991D717F-FollowerState was interrupted: java.lang.InterruptedException: sleep interrupted
2019-10-17 07:43:04,367 [24020d0b-ce61-4f5a-b0b0-c561541e8cd4@group-A9EE991D717F-LeaderElection30] INFO  impl.LeaderElection (LeaderElection.java:logAndReturn(56)) - 24020d0b-ce61-4f5a-b0b0-c561541e8cd4@group-A9EE991D717F-LeaderElection30: Election TIMEOUT; received 0 response(s) [] and 1 exception(s); 24020d0b-ce61-4f5a-b0b0-c561541e8cd4@group-A9EE991D717F:t8, leader=null, voted=24020d0b-ce61-4f5a-b0b0-c561541e8cd4, raftlog=24020d0b-ce61-4f5a-b0b0-c561541e8cd4@group-A9EE991D717F-SegmentedRaftLog:OPENED:c-1,f0,i0, conf=0: [37bd8e8c-ea68-4b1c-8659-8d001c4f3b5c:192.168.34.62:41632, 24020d0b-ce61-4f5a-b0b0-c561541e8cd4:192.168.34.62:42892, 2a93f7e5-ecb9-41da-9c47-70e13ba76d7d:192.168.34.62:35412], old=null
2019-10-17 07:43:04,367 [24020d0b-ce61-4f5a-b0b0-c561541e8cd4@group-A9EE991D717F-LeaderElection30] INFO  impl.LeaderElection (LogUtils.java:infoOrTrace(149)) -   Exception 0: {}
java.util.concurrent.ExecutionException: org.apache.ratis.thirdparty.io.grpc.StatusRuntimeException: UNAVAILABLE: io exception
	at java.util.concurrent.FutureTask.report(FutureTask.java:122)
	at java.util.concurrent.FutureTask.get(FutureTask.java:192)
	at org.apache.ratis.server.impl.LeaderElection.waitForResults(LeaderElection.java:259)
	at org.apache.ratis.server.impl.LeaderElection.askForVotes(LeaderElection.java:197)
	at org.apache.ratis.server.impl.LeaderElection.run(LeaderElection.java:133)
	at java.lang.Thread.run(Thread.java:748)
Caused by: org.apache.ratis.thirdparty.io.grpc.StatusRuntimeException: UNAVAILABLE: io exception
	at org.apache.ratis.thirdparty.io.grpc.stub.ClientCalls.toStatusRuntimeException(ClientCalls.java:233)
	at org.apache.ratis.thirdparty.io.grpc.stub.ClientCalls.getUnchecked(ClientCalls.java:214)
	at org.apache.ratis.thirdparty.io.grpc.stub.ClientCalls.blockingUnaryCall(ClientCalls.java:139)
	at org.apache.ratis.proto.grpc.RaftServerProtocolServiceGrpc$RaftServerProtocolServiceBlockingStub.requestVote(RaftServerProtocolServiceGrpc.java:265)
	at org.apache.ratis.grpc.server.GrpcServerProtocolClient.requestVote(GrpcServerProtocolClient.java:99)
	at org.apache.ratis.grpc.server.GrpcService.requestVote(GrpcService.java:204)
	at org.apache.ratis.server.impl.LeaderElection.lambda$submitRequests$1(LeaderElection.java:234)
	at java.util.concurrent.FutureTask.run(FutureTask.java:266)
	at java.util.concurrent.Executors$RunnableAdapter.call(Executors.java:511)
	at java.util.concurrent.FutureTask.run(FutureTask.java:266)
	at java.util.concurrent.ThreadPoolExecutor.runWorker(ThreadPoolExecutor.java:1149)
	at java.util.concurrent.ThreadPoolExecutor$Worker.run(ThreadPoolExecutor.java:624)
	... 1 more
Caused by: org.apache.ratis.thirdparty.io.netty.channel.AbstractChannel$AnnotatedConnectException: Connection refused: /192.168.34.62:35412
	at sun.nio.ch.SocketChannelImpl.checkConnect(Native Method)
	at sun.nio.ch.SocketChannelImpl.finishConnect(SocketChannelImpl.java:717)
	at org.apache.ratis.thirdparty.io.netty.channel.socket.nio.NioSocketChannel.doFinishConnect(NioSocketChannel.java:327)
	at org.apache.ratis.thirdparty.io.netty.channel.nio.AbstractNioChannel$AbstractNioUnsafe.finishConnect(AbstractNioChannel.java:340)
	at org.apache.ratis.thirdparty.io.netty.channel.nio.NioEventLoop.processSelectedKey(NioEventLoop.java:632)
	at org.apache.ratis.thirdparty.io.netty.channel.nio.NioEventLoop.processSelectedKeysOptimized(NioEventLoop.java:579)
	at org.apache.ratis.thirdparty.io.netty.channel.nio.NioEventLoop.processSelectedKeys(NioEventLoop.java:496)
	at org.apache.ratis.thirdparty.io.netty.channel.nio.NioEventLoop.run(NioEventLoop.java:458)
	at org.apache.ratis.thirdparty.io.netty.util.concurrent.SingleThreadEventExecutor$5.run(SingleThreadEventExecutor.java:897)
	at org.apache.ratis.thirdparty.io.netty.util.concurrent.FastThreadLocalRunnable.run(FastThreadLocalRunnable.java:30)
	... 1 more
Caused by: java.net.ConnectException: Connection refused
	... 11 more
2019-10-17 07:43:04,381 [37bd8e8c-ea68-4b1c-8659-8d001c4f3b5c@group-BBCCAFE5DB64-SegmentedRaftLogWorker] INFO  segmented.SegmentedRaftLogWorker (SegmentedRaftLogWorker.java:execute(576)) - 37bd8e8c-ea68-4b1c-8659-8d001c4f3b5c@group-BBCCAFE5DB64-SegmentedRaftLogWorker: created new log segment /workdir/hadoop-ozone/integration-test/target/test-dir/MiniOzoneClusterImpl-87e8d78b-2c25-4827-9c34-ee9c99992073/datanode-0/data/ratis/f9589774-8dcc-49ca-90e1-bbccafe5db64/current/log_inprogress_1
2019-10-17 07:43:04,382 [24020d0b-ce61-4f5a-b0b0-c561541e8cd4@group-A9EE991D717F-LeaderElection30] INFO  impl.LeaderElection (LeaderElection.java:askForVotes(178)) - 24020d0b-ce61-4f5a-b0b0-c561541e8cd4@group-A9EE991D717F-LeaderElection30: begin an election at term 9 for 0: [37bd8e8c-ea68-4b1c-8659-8d001c4f3b5c:192.168.34.62:41632, 24020d0b-ce61-4f5a-b0b0-c561541e8cd4:192.168.34.62:42892, 2a93f7e5-ecb9-41da-9c47-70e13ba76d7d:192.168.34.62:35412], old=null
2019-10-17 07:43:04,383 [24020d0b-ce61-4f5a-b0b0-c561541e8cd4@group-A9EE991D717F-LeaderElection30] INFO  impl.LeaderElection (LogUtils.java:infoOrTrace(149)) - 24020d0b-ce61-4f5a-b0b0-c561541e8cd4@group-A9EE991D717F-LeaderElection30 got exception when requesting votes: {}
java.util.concurrent.ExecutionException: org.apache.ratis.thirdparty.io.grpc.StatusRuntimeException: UNAVAILABLE: io exception
	at java.util.concurrent.FutureTask.report(FutureTask.java:122)
	at java.util.concurrent.FutureTask.get(FutureTask.java:192)
	at org.apache.ratis.server.impl.LeaderElection.waitForResults(LeaderElection.java:259)
	at org.apache.ratis.server.impl.LeaderElection.askForVotes(LeaderElection.java:197)
	at org.apache.ratis.server.impl.LeaderElection.run(LeaderElection.java:133)
	at java.lang.Thread.run(Thread.java:748)
Caused by: org.apache.ratis.thirdparty.io.grpc.StatusRuntimeException: UNAVAILABLE: io exception
	at org.apache.ratis.thirdparty.io.grpc.stub.ClientCalls.toStatusRuntimeException(ClientCalls.java:233)
	at org.apache.ratis.thirdparty.io.grpc.stub.ClientCalls.getUnchecked(ClientCalls.java:214)
	at org.apache.ratis.thirdparty.io.grpc.stub.ClientCalls.blockingUnaryCall(ClientCalls.java:139)
	at org.apache.ratis.proto.grpc.RaftServerProtocolServiceGrpc$RaftServerProtocolServiceBlockingStub.requestVote(RaftServerProtocolServiceGrpc.java:265)
	at org.apache.ratis.grpc.server.GrpcServerProtocolClient.requestVote(GrpcServerProtocolClient.java:99)
	at org.apache.ratis.grpc.server.GrpcService.requestVote(GrpcService.java:204)
	at org.apache.ratis.server.impl.LeaderElection.lambda$submitRequests$1(LeaderElection.java:234)
	at java.util.concurrent.FutureTask.run(FutureTask.java:266)
	at java.util.concurrent.Executors$RunnableAdapter.call(Executors.java:511)
	at java.util.concurrent.FutureTask.run(FutureTask.java:266)
	at java.util.concurrent.ThreadPoolExecutor.runWorker(ThreadPoolExecutor.java:1149)
	at java.util.concurrent.ThreadPoolExecutor$Worker.run(ThreadPoolExecutor.java:624)
	... 1 more
Caused by: org.apache.ratis.thirdparty.io.netty.channel.AbstractChannel$AnnotatedConnectException: Connection refused: /192.168.34.62:35412
	at sun.nio.ch.SocketChannelImpl.checkConnect(Native Method)
	at sun.nio.ch.SocketChannelImpl.finishConnect(SocketChannelImpl.java:717)
	at org.apache.ratis.thirdparty.io.netty.channel.socket.nio.NioSocketChannel.doFinishConnect(NioSocketChannel.java:327)
	at org.apache.ratis.thirdparty.io.netty.channel.nio.AbstractNioChannel$AbstractNioUnsafe.finishConnect(AbstractNioChannel.java:340)
	at org.apache.ratis.thirdparty.io.netty.channel.nio.NioEventLoop.processSelectedKey(NioEventLoop.java:632)
	at org.apache.ratis.thirdparty.io.netty.channel.nio.NioEventLoop.processSelectedKeysOptimized(NioEventLoop.java:579)
	at org.apache.ratis.thirdparty.io.netty.channel.nio.NioEventLoop.processSelectedKeys(NioEventLoop.java:496)
	at org.apache.ratis.thirdparty.io.netty.channel.nio.NioEventLoop.run(NioEventLoop.java:458)
	at org.apache.ratis.thirdparty.io.netty.util.concurrent.SingleThreadEventExecutor$5.run(SingleThreadEventExecutor.java:897)
	at org.apache.ratis.thirdparty.io.netty.util.concurrent.FastThreadLocalRunnable.run(FastThreadLocalRunnable.java:30)
	... 1 more
Caused by: java.net.ConnectException: Connection refused
	... 11 more
2019-10-17 07:43:04,386 [grpc-default-executor-2] INFO  impl.RaftServerImpl (RaftServerImpl.java:setRole(184)) - 37bd8e8c-ea68-4b1c-8659-8d001c4f3b5c@group-A9EE991D717F: changes role from  FOLLOWER to FOLLOWER at term 9 for recognizeCandidate:24020d0b-ce61-4f5a-b0b0-c561541e8cd4
2019-10-17 07:43:04,386 [grpc-default-executor-2] INFO  impl.RoleInfo (RoleInfo.java:shutdownFollowerState(121)) - 37bd8e8c-ea68-4b1c-8659-8d001c4f3b5c: shutdown FollowerState
2019-10-17 07:43:04,386 [grpc-default-executor-2] INFO  impl.RoleInfo (RoleInfo.java:updateAndGet(143)) - 37bd8e8c-ea68-4b1c-8659-8d001c4f3b5c: start FollowerState
2019-10-17 07:43:04,386 [Thread-602] INFO  impl.FollowerState (FollowerState.java:run(117)) - 37bd8e8c-ea68-4b1c-8659-8d001c4f3b5c@group-A9EE991D717F-FollowerState was interrupted: java.lang.InterruptedException: sleep interrupted
2019-10-17 07:43:04,416 [24020d0b-ce61-4f5a-b0b0-c561541e8cd4@group-A9EE991D717F-LeaderElection30] INFO  impl.LeaderElection (LeaderElection.java:logAndReturn(56)) - 24020d0b-ce61-4f5a-b0b0-c561541e8cd4@group-A9EE991D717F-LeaderElection30: Election PASSED; received 1 response(s) [24020d0b-ce61-4f5a-b0b0-c561541e8cd4<-37bd8e8c-ea68-4b1c-8659-8d001c4f3b5c#0:OK-t9] and 1 exception(s); 24020d0b-ce61-4f5a-b0b0-c561541e8cd4@group-A9EE991D717F:t9, leader=null, voted=24020d0b-ce61-4f5a-b0b0-c561541e8cd4, raftlog=24020d0b-ce61-4f5a-b0b0-c561541e8cd4@group-A9EE991D717F-SegmentedRaftLog:OPENED:c-1,f0,i0, conf=0: [37bd8e8c-ea68-4b1c-8659-8d001c4f3b5c:192.168.34.62:41632, 24020d0b-ce61-4f5a-b0b0-c561541e8cd4:192.168.34.62:42892, 2a93f7e5-ecb9-41da-9c47-70e13ba76d7d:192.168.34.62:35412], old=null
2019-10-17 07:43:04,416 [24020d0b-ce61-4f5a-b0b0-c561541e8cd4@group-A9EE991D717F-LeaderElection30] INFO  impl.LeaderElection (LogUtils.java:infoOrTrace(149)) -   Exception 0: {}
java.util.concurrent.ExecutionException: org.apache.ratis.thirdparty.io.grpc.StatusRuntimeException: UNAVAILABLE: io exception
	at java.util.concurrent.FutureTask.report(FutureTask.java:122)
	at java.util.concurrent.FutureTask.get(FutureTask.java:192)
	at org.apache.ratis.server.impl.LeaderElection.waitForResults(LeaderElection.java:259)
	at org.apache.ratis.server.impl.LeaderElection.askForVotes(LeaderElection.java:197)
	at org.apache.ratis.server.impl.LeaderElection.run(LeaderElection.java:133)
	at java.lang.Thread.run(Thread.java:748)
Caused by: org.apache.ratis.thirdparty.io.grpc.StatusRuntimeException: UNAVAILABLE: io exception
	at org.apache.ratis.thirdparty.io.grpc.stub.ClientCalls.toStatusRuntimeException(ClientCalls.java:233)
	at org.apache.ratis.thirdparty.io.grpc.stub.ClientCalls.getUnchecked(ClientCalls.java:214)
	at org.apache.ratis.thirdparty.io.grpc.stub.ClientCalls.blockingUnaryCall(ClientCalls.java:139)
	at org.apache.ratis.proto.grpc.RaftServerProtocolServiceGrpc$RaftServerProtocolServiceBlockingStub.requestVote(RaftServerProtocolServiceGrpc.java:265)
	at org.apache.ratis.grpc.server.GrpcServerProtocolClient.requestVote(GrpcServerProtocolClient.java:99)
	at org.apache.ratis.grpc.server.GrpcService.requestVote(GrpcService.java:204)
	at org.apache.ratis.server.impl.LeaderElection.lambda$submitRequests$1(LeaderElection.java:234)
	at java.util.concurrent.FutureTask.run(FutureTask.java:266)
	at java.util.concurrent.Executors$RunnableAdapter.call(Executors.java:511)
	at java.util.concurrent.FutureTask.run(FutureTask.java:266)
	at java.util.concurrent.ThreadPoolExecutor.runWorker(ThreadPoolExecutor.java:1149)
	at java.util.concurrent.ThreadPoolExecutor$Worker.run(ThreadPoolExecutor.java:624)
	... 1 more
Caused by: org.apache.ratis.thirdparty.io.netty.channel.AbstractChannel$AnnotatedConnectException: Connection refused: /192.168.34.62:35412
	at sun.nio.ch.SocketChannelImpl.checkConnect(Native Method)
	at sun.nio.ch.SocketChannelImpl.finishConnect(SocketChannelImpl.java:717)
	at org.apache.ratis.thirdparty.io.netty.channel.socket.nio.NioSocketChannel.doFinishConnect(NioSocketChannel.java:327)
	at org.apache.ratis.thirdparty.io.netty.channel.nio.AbstractNioChannel$AbstractNioUnsafe.finishConnect(AbstractNioChannel.java:340)
	at org.apache.ratis.thirdparty.io.netty.channel.nio.NioEventLoop.processSelectedKey(NioEventLoop.java:632)
	at org.apache.ratis.thirdparty.io.netty.channel.nio.NioEventLoop.processSelectedKeysOptimized(NioEventLoop.java:579)
	at org.apache.ratis.thirdparty.io.netty.channel.nio.NioEventLoop.processSelectedKeys(NioEventLoop.java:496)
	at org.apache.ratis.thirdparty.io.netty.channel.nio.NioEventLoop.run(NioEventLoop.java:458)
	at org.apache.ratis.thirdparty.io.netty.util.concurrent.SingleThreadEventExecutor$5.run(SingleThreadEventExecutor.java:897)
	at org.apache.ratis.thirdparty.io.netty.util.concurrent.FastThreadLocalRunnable.run(FastThreadLocalRunnable.java:30)
	... 1 more
Caused by: java.net.ConnectException: Connection refused
	... 11 more
2019-10-17 07:43:04,416 [24020d0b-ce61-4f5a-b0b0-c561541e8cd4@group-A9EE991D717F-LeaderElection30] INFO  impl.RoleInfo (RoleInfo.java:shutdownLeaderElection(134)) - 24020d0b-ce61-4f5a-b0b0-c561541e8cd4: shutdown LeaderElection
2019-10-17 07:43:04,416 [24020d0b-ce61-4f5a-b0b0-c561541e8cd4@group-A9EE991D717F-LeaderElection30] INFO  impl.RaftServerImpl (RaftServerImpl.java:setRole(184)) - 24020d0b-ce61-4f5a-b0b0-c561541e8cd4@group-A9EE991D717F: changes role from CANDIDATE to LEADER at term 9 for changeToLeader
2019-10-17 07:43:04,416 [24020d0b-ce61-4f5a-b0b0-c561541e8cd4@group-A9EE991D717F-LeaderElection30] INFO  ratis.XceiverServerRatis (XceiverServerRatis.java:handleLeaderChangedNotification(699)) - Leader change notification received for group: group-A9EE991D717F with new leaderId: 24020d0b-ce61-4f5a-b0b0-c561541e8cd4
2019-10-17 07:43:04,418 [24020d0b-ce61-4f5a-b0b0-c561541e8cd4@group-A9EE991D717F-LeaderElection30] INFO  impl.RaftServerImpl (ServerState.java:setLeader(256)) - 24020d0b-ce61-4f5a-b0b0-c561541e8cd4@group-A9EE991D717F: change Leader from null to 24020d0b-ce61-4f5a-b0b0-c561541e8cd4 at term 9 for becomeLeader, leader elected after 2431ms
2019-10-17 07:43:04,418 [24020d0b-ce61-4f5a-b0b0-c561541e8cd4@group-A9EE991D717F-LeaderElection30] INFO  server.RaftServerConfigKeys (ConfUtils.java:logGet(43)) - raft.server.staging.catchup.gap = 1000 (default)
2019-10-17 07:43:04,418 [24020d0b-ce61-4f5a-b0b0-c561541e8cd4@group-A9EE991D717F-LeaderElection30] INFO  server.RaftServerConfigKeys (ConfUtils.java:logGet(43)) - raft.server.rpc.sleep.time = 25ms (default)
2019-10-17 07:43:04,418 [24020d0b-ce61-4f5a-b0b0-c561541e8cd4@group-A9EE991D717F-LeaderElection30] INFO  server.RaftServerConfigKeys (ConfUtils.java:logGet(43)) - raft.server.write.element-limit = 4096 (default)
2019-10-17 07:43:04,418 [24020d0b-ce61-4f5a-b0b0-c561541e8cd4@group-A9EE991D717F-LeaderElection30] INFO  server.RaftServerConfigKeys (ConfUtils.java:logGet(43)) - raft.server.watch.timeout = 10s (default)
2019-10-17 07:43:04,419 [24020d0b-ce61-4f5a-b0b0-c561541e8cd4@group-A9EE991D717F-LeaderElection30] INFO  server.RaftServerConfigKeys (ConfUtils.java:logGet(43)) - raft.server.watch.timeout.denomination = 1s (default)
2019-10-17 07:43:04,419 [24020d0b-ce61-4f5a-b0b0-c561541e8cd4@group-A9EE991D717F-LeaderElection30] INFO  server.RaftServerConfigKeys (ConfUtils.java:logGet(43)) - raft.server.watch.element-limit = 65536 (default)
2019-10-17 07:43:04,419 [24020d0b-ce61-4f5a-b0b0-c561541e8cd4@group-A9EE991D717F-LeaderElection30] INFO  server.RaftServerConfigKeys (ConfUtils.java:logGet(43)) - raft.server.log.appender.snapshot.chunk.size.max = 16MB (=16777216) (default)
2019-10-17 07:43:04,419 [24020d0b-ce61-4f5a-b0b0-c561541e8cd4@group-A9EE991D717F-LeaderElection30] INFO  server.RaftServerConfigKeys (ConfUtils.java:logGet(43)) - raft.server.log.appender.buffer.byte-limit = 33554432 (custom)
2019-10-17 07:43:04,420 [24020d0b-ce61-4f5a-b0b0-c561541e8cd4@group-A9EE991D717F-LeaderElection30] INFO  server.RaftServerConfigKeys (ConfUtils.java:logGet(43)) - raft.server.log.appender.buffer.element-limit = 1 (custom)
2019-10-17 07:43:04,420 [24020d0b-ce61-4f5a-b0b0-c561541e8cd4@group-A9EE991D717F-LeaderElection30] INFO  grpc.GrpcConfigKeys$Server (ConfUtils.java:logGet(43)) - raft.grpc.server.leader.outstanding.appends.max = 128 (default)
2019-10-17 07:43:04,420 [24020d0b-ce61-4f5a-b0b0-c561541e8cd4@group-A9EE991D717F-LeaderElection30] INFO  server.RaftServerConfigKeys (ConfUtils.java:logGet(43)) - raft.server.rpc.request.timeout = 3000ms (default)
2019-10-17 07:43:04,420 [24020d0b-ce61-4f5a-b0b0-c561541e8cd4@group-A9EE991D717F-LeaderElection30] INFO  server.RaftServerConfigKeys (ConfUtils.java:logGet(43)) - raft.server.log.appender.install.snapshot.enabled = false (custom)
2019-10-17 07:43:04,421 [EventQueue-PipelineReportForPipelineReportHandler] INFO  pipeline.PipelineReportHandler (PipelineReportHandler.java:processPipelineReport(119)) - Pipeline PipelineID=4019cae6-87b7-45d6-99b0-a9ee991d717f reported by 24020d0b-ce61-4f5a-b0b0-c561541e8cd4{ip: 192.168.34.62, host: pr-hdds-1868-lzclr-202649289, networkLocation: /default-rack, certSerialId: null} with leaderId 24020d0b-ce61-4f5a-b0b0-c561541e8cd4
2019-10-17 07:43:04,422 [EventQueue-ProcessedPipelineReportForOneReplicaPipelineSafeModeRule] INFO  safemode.SCMSafeModeManager (OneReplicaPipelineSafeModeRule.java:process(134)) - SCM in safe mode. Pipelines with atleast one datanode reported count is 1, required atleast one datanode reported per pipeline count is 2
2019-10-17 07:43:04,425 [24020d0b-ce61-4f5a-b0b0-c561541e8cd4@group-A9EE991D717F-LeaderElection30] INFO  server.RaftServerConfigKeys (ConfUtils.java:logGet(43)) - raft.server.log.appender.snapshot.chunk.size.max = 16MB (=16777216) (default)
2019-10-17 07:43:04,425 [24020d0b-ce61-4f5a-b0b0-c561541e8cd4@group-A9EE991D717F-LeaderElection30] INFO  server.RaftServerConfigKeys (ConfUtils.java:logGet(43)) - raft.server.log.appender.buffer.byte-limit = 33554432 (custom)
2019-10-17 07:43:04,425 [24020d0b-ce61-4f5a-b0b0-c561541e8cd4@group-A9EE991D717F-LeaderElection30] INFO  server.RaftServerConfigKeys (ConfUtils.java:logGet(43)) - raft.server.log.appender.buffer.element-limit = 1 (custom)
2019-10-17 07:43:04,426 [24020d0b-ce61-4f5a-b0b0-c561541e8cd4@group-A9EE991D717F-LeaderElection30] INFO  grpc.GrpcConfigKeys$Server (ConfUtils.java:logGet(43)) - raft.grpc.server.leader.outstanding.appends.max = 128 (default)
2019-10-17 07:43:04,426 [24020d0b-ce61-4f5a-b0b0-c561541e8cd4@group-A9EE991D717F-LeaderElection30] INFO  server.RaftServerConfigKeys (ConfUtils.java:logGet(43)) - raft.server.rpc.request.timeout = 3000ms (default)
2019-10-17 07:43:04,426 [24020d0b-ce61-4f5a-b0b0-c561541e8cd4@group-A9EE991D717F-LeaderElection30] INFO  server.RaftServerConfigKeys (ConfUtils.java:logGet(43)) - raft.server.log.appender.install.snapshot.enabled = false (custom)
2019-10-17 07:43:04,428 [24020d0b-ce61-4f5a-b0b0-c561541e8cd4@group-A9EE991D717F-LeaderElection30] INFO  impl.RoleInfo (RoleInfo.java:updateAndGet(143)) - 24020d0b-ce61-4f5a-b0b0-c561541e8cd4: start LeaderState
2019-10-17 07:43:04,429 [24020d0b-ce61-4f5a-b0b0-c561541e8cd4@group-A9EE991D717F-LeaderElection30] INFO  segmented.SegmentedRaftLogWorker (SegmentedRaftLogWorker.java:rollLogSegment(390)) - 24020d0b-ce61-4f5a-b0b0-c561541e8cd4@group-A9EE991D717F-SegmentedRaftLogWorker: Rolling segment log-0_0 to index:0
2019-10-17 07:43:04,431 [24020d0b-ce61-4f5a-b0b0-c561541e8cd4@group-A9EE991D717F-LeaderElection30] INFO  impl.RaftServerImpl (ServerState.java:setRaftConf(357)) - 24020d0b-ce61-4f5a-b0b0-c561541e8cd4@group-A9EE991D717F: set configuration 1: [37bd8e8c-ea68-4b1c-8659-8d001c4f3b5c:192.168.34.62:41632, 24020d0b-ce61-4f5a-b0b0-c561541e8cd4:192.168.34.62:42892, 2a93f7e5-ecb9-41da-9c47-70e13ba76d7d:192.168.34.62:35412], old=null at 1
2019-10-17 07:43:04,433 [grpc-default-executor-2] WARN  server.GrpcLogAppender (LogUtils.java:warn(134)) - 24020d0b-ce61-4f5a-b0b0-c561541e8cd4@group-A9EE991D717F->2a93f7e5-ecb9-41da-9c47-70e13ba76d7d-AppendLogResponseHandler: Failed appendEntries: org.apache.ratis.thirdparty.io.grpc.StatusRuntimeException: UNAVAILABLE: io exception
2019-10-17 07:43:04,435 [24020d0b-ce61-4f5a-b0b0-c561541e8cd4@group-A9EE991D717F-SegmentedRaftLogWorker] INFO  segmented.SegmentedRaftLogWorker (SegmentedRaftLogWorker.java:execute(533)) - 24020d0b-ce61-4f5a-b0b0-c561541e8cd4@group-A9EE991D717F-SegmentedRaftLogWorker: Rolled log segment from /workdir/hadoop-ozone/integration-test/target/test-dir/MiniOzoneClusterImpl-87e8d78b-2c25-4827-9c34-ee9c99992073/datanode-5/data/ratis/4019cae6-87b7-45d6-99b0-a9ee991d717f/current/log_inprogress_0 to /workdir/hadoop-ozone/integration-test/target/test-dir/MiniOzoneClusterImpl-87e8d78b-2c25-4827-9c34-ee9c99992073/datanode-5/data/ratis/4019cae6-87b7-45d6-99b0-a9ee991d717f/current/log_0-0
2019-10-17 07:43:04,436 [grpc-default-executor-1] INFO  ratis.XceiverServerRatis (XceiverServerRatis.java:handleLeaderChangedNotification(699)) - Leader change notification received for group: group-A9EE991D717F with new leaderId: 24020d0b-ce61-4f5a-b0b0-c561541e8cd4
2019-10-17 07:43:04,475 [grpc-default-executor-1] INFO  impl.RaftServerImpl (ServerState.java:setLeader(256)) - 37bd8e8c-ea68-4b1c-8659-8d001c4f3b5c@group-A9EE991D717F: change Leader from null to 24020d0b-ce61-4f5a-b0b0-c561541e8cd4 at term 9 for appendEntries, leader elected after 2334ms
2019-10-17 07:43:04,477 [EventQueue-PipelineReportForPipelineReportHandler] INFO  pipeline.PipelineReportHandler (PipelineReportHandler.java:processPipelineReport(119)) - Pipeline PipelineID=4019cae6-87b7-45d6-99b0-a9ee991d717f reported by 37bd8e8c-ea68-4b1c-8659-8d001c4f3b5c{ip: 192.168.34.62, host: pr-hdds-1868-lzclr-202649289, networkLocation: /default-rack, certSerialId: null} with leaderId 24020d0b-ce61-4f5a-b0b0-c561541e8cd4
2019-10-17 07:43:04,478 [EventQueue-ProcessedPipelineReportForOneReplicaPipelineSafeModeRule] INFO  safemode.SCMSafeModeManager (OneReplicaPipelineSafeModeRule.java:process(134)) - SCM in safe mode. Pipelines with atleast one datanode reported count is 1, required atleast one datanode reported per pipeline count is 2
2019-10-17 07:43:04,485 [grpc-default-executor-1] INFO  impl.RaftServerImpl (ServerState.java:setRaftConf(357)) - 37bd8e8c-ea68-4b1c-8659-8d001c4f3b5c@group-A9EE991D717F: set configuration 1: [37bd8e8c-ea68-4b1c-8659-8d001c4f3b5c:192.168.34.62:41632, 24020d0b-ce61-4f5a-b0b0-c561541e8cd4:192.168.34.62:42892, 2a93f7e5-ecb9-41da-9c47-70e13ba76d7d:192.168.34.62:35412], old=null at 1
2019-10-17 07:43:04,485 [grpc-default-executor-1] INFO  segmented.SegmentedRaftLogWorker (SegmentedRaftLogWorker.java:rollLogSegment(390)) - 37bd8e8c-ea68-4b1c-8659-8d001c4f3b5c@group-A9EE991D717F-SegmentedRaftLogWorker: Rolling segment log-0_0 to index:0
2019-10-17 07:43:04,497 [37bd8e8c-ea68-4b1c-8659-8d001c4f3b5c@group-A9EE991D717F-SegmentedRaftLogWorker] INFO  segmented.SegmentedRaftLogWorker (SegmentedRaftLogWorker.java:execute(533)) - 37bd8e8c-ea68-4b1c-8659-8d001c4f3b5c@group-A9EE991D717F-SegmentedRaftLogWorker: Rolled log segment from /workdir/hadoop-ozone/integration-test/target/test-dir/MiniOzoneClusterImpl-87e8d78b-2c25-4827-9c34-ee9c99992073/datanode-0/data/ratis/4019cae6-87b7-45d6-99b0-a9ee991d717f/current/log_inprogress_0 to /workdir/hadoop-ozone/integration-test/target/test-dir/MiniOzoneClusterImpl-87e8d78b-2c25-4827-9c34-ee9c99992073/datanode-0/data/ratis/4019cae6-87b7-45d6-99b0-a9ee991d717f/current/log_0-0
2019-10-17 07:43:04,498 [24020d0b-ce61-4f5a-b0b0-c561541e8cd4@group-A9EE991D717F-SegmentedRaftLogWorker] INFO  segmented.SegmentedRaftLogWorker (SegmentedRaftLogWorker.java:execute(576)) - 24020d0b-ce61-4f5a-b0b0-c561541e8cd4@group-A9EE991D717F-SegmentedRaftLogWorker: created new log segment /workdir/hadoop-ozone/integration-test/target/test-dir/MiniOzoneClusterImpl-87e8d78b-2c25-4827-9c34-ee9c99992073/datanode-5/data/ratis/4019cae6-87b7-45d6-99b0-a9ee991d717f/current/log_inprogress_1
2019-10-17 07:43:04,564 [37bd8e8c-ea68-4b1c-8659-8d001c4f3b5c@group-A9EE991D717F-SegmentedRaftLogWorker] INFO  segmented.SegmentedRaftLogWorker (SegmentedRaftLogWorker.java:execute(576)) - 37bd8e8c-ea68-4b1c-8659-8d001c4f3b5c@group-A9EE991D717F-SegmentedRaftLogWorker: created new log segment /workdir/hadoop-ozone/integration-test/target/test-dir/MiniOzoneClusterImpl-87e8d78b-2c25-4827-9c34-ee9c99992073/datanode-0/data/ratis/4019cae6-87b7-45d6-99b0-a9ee991d717f/current/log_inprogress_1
2019-10-17 07:43:05,902 [Datanode State Machine Thread - 0] INFO  ozoneimpl.OzoneContainer (OzoneContainer.java:start(213)) - Attempting to start container services.
2019-10-17 07:43:05,902 [Datanode State Machine Thread - 0] INFO  ozoneimpl.OzoneContainer (OzoneContainer.java:startContainerScrub(177)) - Background container scanner has been disabled.
2019-10-17 07:43:05,902 [Datanode State Machine Thread - 0] INFO  ratis.XceiverServerRatis (XceiverServerRatis.java:start(424)) - Starting XceiverServerRatis 2a93f7e5-ecb9-41da-9c47-70e13ba76d7d at port 35412
2019-10-17 07:43:05,913 [Datanode State Machine Thread - 0] INFO  impl.RaftServerImpl (RaftServerImpl.java:start(195)) - 2a93f7e5-ecb9-41da-9c47-70e13ba76d7d@group-0B27B5B66CFA: start as a follower, conf=0: [2a93f7e5-ecb9-41da-9c47-70e13ba76d7d:192.168.34.62:35412], old=null
2019-10-17 07:43:05,914 [ForkJoinPool.commonPool-worker-0] INFO  impl.RaftServerImpl (RaftServerImpl.java:start(195)) - 2a93f7e5-ecb9-41da-9c47-70e13ba76d7d@group-A9EE991D717F: start as a follower, conf=0: [37bd8e8c-ea68-4b1c-8659-8d001c4f3b5c:192.168.34.62:41632, 24020d0b-ce61-4f5a-b0b0-c561541e8cd4:192.168.34.62:42892, 2a93f7e5-ecb9-41da-9c47-70e13ba76d7d:192.168.34.62:35412], old=null
2019-10-17 07:43:05,914 [Datanode State Machine Thread - 0] INFO  impl.RaftServerImpl (RaftServerImpl.java:setRole(184)) - 2a93f7e5-ecb9-41da-9c47-70e13ba76d7d@group-0B27B5B66CFA: changes role from      null to FOLLOWER at term 1 for startAsFollower
2019-10-17 07:43:05,914 [ForkJoinPool.commonPool-worker-0] INFO  impl.RaftServerImpl (RaftServerImpl.java:setRole(184)) - 2a93f7e5-ecb9-41da-9c47-70e13ba76d7d@group-A9EE991D717F: changes role from      null to FOLLOWER at term 5 for startAsFollower
2019-10-17 07:43:05,915 [Datanode State Machine Thread - 0] INFO  impl.RoleInfo (RoleInfo.java:updateAndGet(143)) - 2a93f7e5-ecb9-41da-9c47-70e13ba76d7d: start FollowerState
2019-10-17 07:43:05,915 [ForkJoinPool.commonPool-worker-0] INFO  impl.RoleInfo (RoleInfo.java:updateAndGet(143)) - 2a93f7e5-ecb9-41da-9c47-70e13ba76d7d: start FollowerState
2019-10-17 07:43:05,915 [Datanode State Machine Thread - 0] INFO  util.JmxRegister (JmxRegister.java:tryRegister(44)) - Successfully registered JMX Bean with object name Ratis:service=RaftServer,group=group-0B27B5B66CFA,id=2a93f7e5-ecb9-41da-9c47-70e13ba76d7d
2019-10-17 07:43:05,915 [ForkJoinPool.commonPool-worker-0] INFO  util.JmxRegister (JmxRegister.java:tryRegister(44)) - Successfully registered JMX Bean with object name Ratis:service=RaftServer,group=group-A9EE991D717F,id=2a93f7e5-ecb9-41da-9c47-70e13ba76d7d
2019-10-17 07:43:05,916 [Datanode State Machine Thread - 0] INFO  impl.RaftServerProxy (RaftServerProxy.java:lambda$start$3(299)) - 2a93f7e5-ecb9-41da-9c47-70e13ba76d7d: start RPC server
2019-10-17 07:43:05,917 [Datanode State Machine Thread - 0] INFO  server.GrpcService (GrpcService.java:startImpl(158)) - 2a93f7e5-ecb9-41da-9c47-70e13ba76d7d: GrpcService started, listening on 0.0.0.0/0.0.0.0:35412
2019-10-17 07:43:06,007 [Thread-615] INFO  impl.FollowerState (FollowerState.java:run(108)) - 2a93f7e5-ecb9-41da-9c47-70e13ba76d7d@group-A9EE991D717F-FollowerState: change to CANDIDATE, lastRpcTime:91ms, electionTimeout:91ms
2019-10-17 07:43:06,007 [Thread-615] INFO  impl.RoleInfo (RoleInfo.java:shutdownFollowerState(121)) - 2a93f7e5-ecb9-41da-9c47-70e13ba76d7d: shutdown FollowerState
2019-10-17 07:43:06,007 [Thread-615] INFO  impl.RaftServerImpl (RaftServerImpl.java:setRole(184)) - 2a93f7e5-ecb9-41da-9c47-70e13ba76d7d@group-A9EE991D717F: changes role from  FOLLOWER to CANDIDATE at term 5 for changeToCandidate
2019-10-17 07:43:06,007 [Thread-615] INFO  impl.RoleInfo (RoleInfo.java:updateAndGet(143)) - 2a93f7e5-ecb9-41da-9c47-70e13ba76d7d: start LeaderElection
2019-10-17 07:43:06,043 [2a93f7e5-ecb9-41da-9c47-70e13ba76d7d@group-A9EE991D717F-LeaderElection31] INFO  impl.LeaderElection (LeaderElection.java:askForVotes(178)) - 2a93f7e5-ecb9-41da-9c47-70e13ba76d7d@group-A9EE991D717F-LeaderElection31: begin an election at term 6 for 0: [37bd8e8c-ea68-4b1c-8659-8d001c4f3b5c:192.168.34.62:41632, 24020d0b-ce61-4f5a-b0b0-c561541e8cd4:192.168.34.62:42892, 2a93f7e5-ecb9-41da-9c47-70e13ba76d7d:192.168.34.62:35412], old=null
2019-10-17 07:43:06,054 [grpc-default-executor-1] INFO  impl.RaftServerImpl (RaftServerImpl.java:requestVote(776)) - 24020d0b-ce61-4f5a-b0b0-c561541e8cd4@group-A9EE991D717F-   LEADER: Withhold vote from candidate 2a93f7e5-ecb9-41da-9c47-70e13ba76d7d with term 6. State: leader=24020d0b-ce61-4f5a-b0b0-c561541e8cd4, term=9, lastRpcElapsed=null
2019-10-17 07:43:06,056 [grpc-default-executor-2] INFO  impl.RaftServerImpl (RaftServerImpl.java:requestVote(776)) - 37bd8e8c-ea68-4b1c-8659-8d001c4f3b5c@group-A9EE991D717F- FOLLOWER: Withhold vote from candidate 2a93f7e5-ecb9-41da-9c47-70e13ba76d7d with term 6. State: leader=24020d0b-ce61-4f5a-b0b0-c561541e8cd4, term=9, lastRpcElapsed=1462ms
2019-10-17 07:43:06,058 [2a93f7e5-ecb9-41da-9c47-70e13ba76d7d@group-A9EE991D717F-LeaderElection31] INFO  impl.LeaderElection (LeaderElection.java:logAndReturn(56)) - 2a93f7e5-ecb9-41da-9c47-70e13ba76d7d@group-A9EE991D717F-LeaderElection31: Election DISCOVERED_A_NEW_TERM; received 1 response(s) [2a93f7e5-ecb9-41da-9c47-70e13ba76d7d<-24020d0b-ce61-4f5a-b0b0-c561541e8cd4#0:FAIL-t9] and 0 exception(s); 2a93f7e5-ecb9-41da-9c47-70e13ba76d7d@group-A9EE991D717F:t6, leader=null, voted=2a93f7e5-ecb9-41da-9c47-70e13ba76d7d, raftlog=2a93f7e5-ecb9-41da-9c47-70e13ba76d7d@group-A9EE991D717F-SegmentedRaftLog:OPENED:c-1,f0,i0, conf=0: [37bd8e8c-ea68-4b1c-8659-8d001c4f3b5c:192.168.34.62:41632, 24020d0b-ce61-4f5a-b0b0-c561541e8cd4:192.168.34.62:42892, 2a93f7e5-ecb9-41da-9c47-70e13ba76d7d:192.168.34.62:35412], old=null
2019-10-17 07:43:06,059 [2a93f7e5-ecb9-41da-9c47-70e13ba76d7d@group-A9EE991D717F-LeaderElection31] INFO  impl.RaftServerImpl (RaftServerImpl.java:setRole(184)) - 2a93f7e5-ecb9-41da-9c47-70e13ba76d7d@group-A9EE991D717F: changes role from CANDIDATE to FOLLOWER at term 9 for DISCOVERED_A_NEW_TERM
2019-10-17 07:43:06,059 [2a93f7e5-ecb9-41da-9c47-70e13ba76d7d@group-A9EE991D717F-LeaderElection31] INFO  impl.RoleInfo (RoleInfo.java:shutdownLeaderElection(134)) - 2a93f7e5-ecb9-41da-9c47-70e13ba76d7d: shutdown LeaderElection
2019-10-17 07:43:06,060 [2a93f7e5-ecb9-41da-9c47-70e13ba76d7d@group-A9EE991D717F-LeaderElection31] INFO  impl.RoleInfo (RoleInfo.java:updateAndGet(143)) - 2a93f7e5-ecb9-41da-9c47-70e13ba76d7d: start FollowerState
2019-10-17 07:43:06,085 [Thread-621] INFO  impl.FollowerState (FollowerState.java:run(108)) - 2a93f7e5-ecb9-41da-9c47-70e13ba76d7d@group-A9EE991D717F-FollowerState: change to CANDIDATE, lastRpcTime:25ms, electionTimeout:24ms
2019-10-17 07:43:06,086 [Thread-621] INFO  impl.RoleInfo (RoleInfo.java:shutdownFollowerState(121)) - 2a93f7e5-ecb9-41da-9c47-70e13ba76d7d: shutdown FollowerState
2019-10-17 07:43:06,086 [Thread-621] INFO  impl.RaftServerImpl (RaftServerImpl.java:setRole(184)) - 2a93f7e5-ecb9-41da-9c47-70e13ba76d7d@group-A9EE991D717F: changes role from  FOLLOWER to CANDIDATE at term 9 for changeToCandidate
2019-10-17 07:43:06,086 [Thread-621] INFO  impl.RoleInfo (RoleInfo.java:updateAndGet(143)) - 2a93f7e5-ecb9-41da-9c47-70e13ba76d7d: start LeaderElection
2019-10-17 07:43:06,110 [2a93f7e5-ecb9-41da-9c47-70e13ba76d7d@group-A9EE991D717F-LeaderElection32] INFO  impl.LeaderElection (LeaderElection.java:askForVotes(178)) - 2a93f7e5-ecb9-41da-9c47-70e13ba76d7d@group-A9EE991D717F-LeaderElection32: begin an election at term 10 for 0: [37bd8e8c-ea68-4b1c-8659-8d001c4f3b5c:192.168.34.62:41632, 24020d0b-ce61-4f5a-b0b0-c561541e8cd4:192.168.34.62:42892, 2a93f7e5-ecb9-41da-9c47-70e13ba76d7d:192.168.34.62:35412], old=null
2019-10-17 07:43:06,113 [grpc-default-executor-1] INFO  impl.RaftServerImpl (ServerState.java:setLeader(256)) - 24020d0b-ce61-4f5a-b0b0-c561541e8cd4@group-A9EE991D717F: change Leader from 24020d0b-ce61-4f5a-b0b0-c561541e8cd4 to null at term 10 for updateCurrentTerm
2019-10-17 07:43:06,113 [grpc-default-executor-2] INFO  impl.RaftServerImpl (ServerState.java:setLeader(256)) - 37bd8e8c-ea68-4b1c-8659-8d001c4f3b5c@group-A9EE991D717F: change Leader from 24020d0b-ce61-4f5a-b0b0-c561541e8cd4 to null at term 10 for updateCurrentTerm
2019-10-17 07:43:06,113 [grpc-default-executor-1] INFO  impl.RaftServerImpl (RaftServerImpl.java:setRole(184)) - 24020d0b-ce61-4f5a-b0b0-c561541e8cd4@group-A9EE991D717F: changes role from    LEADER to FOLLOWER at term 10 for recognizeCandidate:2a93f7e5-ecb9-41da-9c47-70e13ba76d7d
2019-10-17 07:43:06,113 [grpc-default-executor-2] INFO  impl.RaftServerImpl (RaftServerImpl.java:setRole(184)) - 37bd8e8c-ea68-4b1c-8659-8d001c4f3b5c@group-A9EE991D717F: changes role from  FOLLOWER to FOLLOWER at term 10 for recognizeCandidate:2a93f7e5-ecb9-41da-9c47-70e13ba76d7d
2019-10-17 07:43:06,114 [grpc-default-executor-1] INFO  impl.RoleInfo (RoleInfo.java:shutdownLeaderState(104)) - 24020d0b-ce61-4f5a-b0b0-c561541e8cd4: shutdown LeaderState
2019-10-17 07:43:06,114 [grpc-default-executor-2] INFO  impl.RoleInfo (RoleInfo.java:shutdownFollowerState(121)) - 37bd8e8c-ea68-4b1c-8659-8d001c4f3b5c: shutdown FollowerState
2019-10-17 07:43:06,116 [org.apache.ratis.server.impl.LogAppender$AppenderDaemon$$Lambda$428/1016678028@682968d8] WARN  server.GrpcLogAppender (GrpcLogAppender.java:mayWait(149)) - 24020d0b-ce61-4f5a-b0b0-c561541e8cd4@group-A9EE991D717F->37bd8e8c-ea68-4b1c-8659-8d001c4f3b5c-GrpcLogAppender: Wait interrupted by java.lang.InterruptedException
2019-10-17 07:43:06,116 [Thread-605] INFO  impl.FollowerState (FollowerState.java:run(117)) - 37bd8e8c-ea68-4b1c-8659-8d001c4f3b5c@group-A9EE991D717F-FollowerState was interrupted: java.lang.InterruptedException: sleep interrupted
2019-10-17 07:43:06,116 [grpc-default-executor-2] INFO  impl.RoleInfo (RoleInfo.java:updateAndGet(143)) - 37bd8e8c-ea68-4b1c-8659-8d001c4f3b5c: start FollowerState
2019-10-17 07:43:06,116 [grpc-default-executor-1] INFO  impl.PendingRequests (PendingRequests.java:sendNotLeaderResponses(202)) - 24020d0b-ce61-4f5a-b0b0-c561541e8cd4@group-A9EE991D717F-PendingRequests: sendNotLeaderResponses
2019-10-17 07:43:06,116 [org.apache.ratis.server.impl.LogAppender$AppenderDaemon$$Lambda$428/1016678028@78f7594e] WARN  server.GrpcLogAppender (GrpcLogAppender.java:mayWait(149)) - 24020d0b-ce61-4f5a-b0b0-c561541e8cd4@group-A9EE991D717F->2a93f7e5-ecb9-41da-9c47-70e13ba76d7d-GrpcLogAppender: Wait interrupted by java.lang.InterruptedException
2019-10-17 07:43:06,115 [Thread-614] INFO  impl.FollowerState (FollowerState.java:run(108)) - 2a93f7e5-ecb9-41da-9c47-70e13ba76d7d@group-0B27B5B66CFA-FollowerState: change to CANDIDATE, lastRpcTime:200ms, electionTimeout:199ms
2019-10-17 07:43:06,118 [grpc-default-executor-1] INFO  impl.RoleInfo (RoleInfo.java:updateAndGet(143)) - 24020d0b-ce61-4f5a-b0b0-c561541e8cd4: start FollowerState
2019-10-17 07:43:06,119 [Thread-614] INFO  impl.RoleInfo (RoleInfo.java:shutdownFollowerState(121)) - 2a93f7e5-ecb9-41da-9c47-70e13ba76d7d: shutdown FollowerState
2019-10-17 07:43:06,119 [Thread-614] INFO  impl.RaftServerImpl (RaftServerImpl.java:setRole(184)) - 2a93f7e5-ecb9-41da-9c47-70e13ba76d7d@group-0B27B5B66CFA: changes role from  FOLLOWER to CANDIDATE at term 1 for changeToCandidate
2019-10-17 07:43:06,119 [Thread-614] INFO  impl.RoleInfo (RoleInfo.java:updateAndGet(143)) - 2a93f7e5-ecb9-41da-9c47-70e13ba76d7d: start LeaderElection
2019-10-17 07:43:06,121 [grpc-default-executor-0] INFO  server.GrpcServerProtocolService (GrpcServerProtocolService.java:onCompleted(113)) - 37bd8e8c-ea68-4b1c-8659-8d001c4f3b5c: Completed APPEND_ENTRIES, lastRequest: 24020d0b-ce61-4f5a-b0b0-c561541e8cd4->37bd8e8c-ea68-4b1c-8659-8d001c4f3b5c#2-t9, previous=(t:9, i:1), leaderCommit=1, initializing? false, entries: size=1, first=(t:9, i:2), METADATAENTRY(c1)
2019-10-17 07:43:06,122 [grpc-default-executor-0] INFO  server.GrpcLogAppender (GrpcLogAppender.java:onCompleted(308)) - 24020d0b-ce61-4f5a-b0b0-c561541e8cd4@group-A9EE991D717F->37bd8e8c-ea68-4b1c-8659-8d001c4f3b5c-AppendLogResponseHandler: follower responses appendEntries COMPLETED
2019-10-17 07:43:06,124 [grpc-default-executor-0] INFO  impl.FollowerInfo (FollowerInfo.java:lambda$new$0(51)) - 24020d0b-ce61-4f5a-b0b0-c561541e8cd4@group-A9EE991D717F->37bd8e8c-ea68-4b1c-8659-8d001c4f3b5c: nextIndex: updateUnconditionally 3 -> 2
2019-10-17 07:43:06,133 [2a93f7e5-ecb9-41da-9c47-70e13ba76d7d@group-0B27B5B66CFA-LeaderElection33] INFO  impl.LeaderElection (LeaderElection.java:askForVotes(178)) - 2a93f7e5-ecb9-41da-9c47-70e13ba76d7d@group-0B27B5B66CFA-LeaderElection33: begin an election at term 2 for 0: [2a93f7e5-ecb9-41da-9c47-70e13ba76d7d:192.168.34.62:35412], old=null
2019-10-17 07:43:06,133 [2a93f7e5-ecb9-41da-9c47-70e13ba76d7d@group-0B27B5B66CFA-LeaderElection33] INFO  impl.RoleInfo (RoleInfo.java:shutdownLeaderElection(134)) - 2a93f7e5-ecb9-41da-9c47-70e13ba76d7d: shutdown LeaderElection
2019-10-17 07:43:06,133 [2a93f7e5-ecb9-41da-9c47-70e13ba76d7d@group-0B27B5B66CFA-LeaderElection33] INFO  impl.RaftServerImpl (RaftServerImpl.java:setRole(184)) - 2a93f7e5-ecb9-41da-9c47-70e13ba76d7d@group-0B27B5B66CFA: changes role from CANDIDATE to LEADER at term 2 for changeToLeader
2019-10-17 07:43:06,134 [2a93f7e5-ecb9-41da-9c47-70e13ba76d7d@group-0B27B5B66CFA-LeaderElection33] INFO  ratis.XceiverServerRatis (XceiverServerRatis.java:handleLeaderChangedNotification(699)) - Leader change notification received for group: group-0B27B5B66CFA with new leaderId: 2a93f7e5-ecb9-41da-9c47-70e13ba76d7d
2019-10-17 07:43:06,134 [2a93f7e5-ecb9-41da-9c47-70e13ba76d7d@group-0B27B5B66CFA-LeaderElection33] INFO  impl.RaftServerImpl (ServerState.java:setLeader(256)) - 2a93f7e5-ecb9-41da-9c47-70e13ba76d7d@group-0B27B5B66CFA: change Leader from null to 2a93f7e5-ecb9-41da-9c47-70e13ba76d7d at term 2 for becomeLeader, leader elected after 4167ms
2019-10-17 07:43:06,134 [2a93f7e5-ecb9-41da-9c47-70e13ba76d7d@group-0B27B5B66CFA-LeaderElection33] INFO  server.RaftServerConfigKeys (ConfUtils.java:logGet(43)) - raft.server.staging.catchup.gap = 1000 (default)
2019-10-17 07:43:06,134 [2a93f7e5-ecb9-41da-9c47-70e13ba76d7d@group-0B27B5B66CFA-LeaderElection33] INFO  server.RaftServerConfigKeys (ConfUtils.java:logGet(43)) - raft.server.rpc.sleep.time = 25ms (default)
2019-10-17 07:43:06,134 [2a93f7e5-ecb9-41da-9c47-70e13ba76d7d@group-0B27B5B66CFA-LeaderElection33] INFO  server.RaftServerConfigKeys (ConfUtils.java:logGet(43)) - raft.server.write.element-limit = 4096 (default)
2019-10-17 07:43:06,135 [2a93f7e5-ecb9-41da-9c47-70e13ba76d7d@group-A9EE991D717F-LeaderElection32] INFO  impl.LeaderElection (LeaderElection.java:logAndReturn(56)) - 2a93f7e5-ecb9-41da-9c47-70e13ba76d7d@group-A9EE991D717F-LeaderElection32: Election REJECTED; received 2 response(s) [2a93f7e5-ecb9-41da-9c47-70e13ba76d7d<-37bd8e8c-ea68-4b1c-8659-8d001c4f3b5c#0:FAIL-t10, 2a93f7e5-ecb9-41da-9c47-70e13ba76d7d<-24020d0b-ce61-4f5a-b0b0-c561541e8cd4#0:FAIL-t10] and 0 exception(s); 2a93f7e5-ecb9-41da-9c47-70e13ba76d7d@group-A9EE991D717F:t10, leader=null, voted=2a93f7e5-ecb9-41da-9c47-70e13ba76d7d, raftlog=2a93f7e5-ecb9-41da-9c47-70e13ba76d7d@group-A9EE991D717F-SegmentedRaftLog:OPENED:c-1,f0,i0, conf=0: [37bd8e8c-ea68-4b1c-8659-8d001c4f3b5c:192.168.34.62:41632, 24020d0b-ce61-4f5a-b0b0-c561541e8cd4:192.168.34.62:42892, 2a93f7e5-ecb9-41da-9c47-70e13ba76d7d:192.168.34.62:35412], old=null
2019-10-17 07:43:06,135 [2a93f7e5-ecb9-41da-9c47-70e13ba76d7d@group-0B27B5B66CFA-LeaderElection33] INFO  server.RaftServerConfigKeys (ConfUtils.java:logGet(43)) - raft.server.watch.timeout = 10s (default)
2019-10-17 07:43:06,135 [2a93f7e5-ecb9-41da-9c47-70e13ba76d7d@group-A9EE991D717F-LeaderElection32] INFO  impl.RaftServerImpl (RaftServerImpl.java:setRole(184)) - 2a93f7e5-ecb9-41da-9c47-70e13ba76d7d@group-A9EE991D717F: changes role from CANDIDATE to FOLLOWER at term 10 for DISCOVERED_A_NEW_TERM
2019-10-17 07:43:06,140 [2a93f7e5-ecb9-41da-9c47-70e13ba76d7d@group-A9EE991D717F-LeaderElection32] INFO  impl.RoleInfo (RoleInfo.java:shutdownLeaderElection(134)) - 2a93f7e5-ecb9-41da-9c47-70e13ba76d7d: shutdown LeaderElection
2019-10-17 07:43:06,135 [2a93f7e5-ecb9-41da-9c47-70e13ba76d7d@group-0B27B5B66CFA-LeaderElection33] INFO  server.RaftServerConfigKeys (ConfUtils.java:logGet(43)) - raft.server.watch.timeout.denomination = 1s (default)
2019-10-17 07:43:06,140 [2a93f7e5-ecb9-41da-9c47-70e13ba76d7d@group-A9EE991D717F-LeaderElection32] INFO  impl.RoleInfo (RoleInfo.java:updateAndGet(143)) - 2a93f7e5-ecb9-41da-9c47-70e13ba76d7d: start FollowerState
2019-10-17 07:43:06,140 [2a93f7e5-ecb9-41da-9c47-70e13ba76d7d@group-0B27B5B66CFA-LeaderElection33] INFO  server.RaftServerConfigKeys (ConfUtils.java:logGet(43)) - raft.server.watch.element-limit = 65536 (default)
2019-10-17 07:43:06,141 [2a93f7e5-ecb9-41da-9c47-70e13ba76d7d@group-0B27B5B66CFA-LeaderElection33] INFO  impl.RoleInfo (RoleInfo.java:updateAndGet(143)) - 2a93f7e5-ecb9-41da-9c47-70e13ba76d7d: start LeaderState
2019-10-17 07:43:06,141 [IPC Server handler 1 on 44367] INFO  net.NetworkTopology (NetworkTopologyImpl.java:add(111)) - Added a new node: /default-rack/2a93f7e5-ecb9-41da-9c47-70e13ba76d7d
2019-10-17 07:43:06,141 [IPC Server handler 1 on 44367] INFO  node.SCMNodeManager (SCMNodeManager.java:register(268)) - Registered Data node : 2a93f7e5-ecb9-41da-9c47-70e13ba76d7d{ip: 192.168.34.62, host: pr-hdds-1868-lzclr-202649289, networkLocation: /default-rack, certSerialId: null}
2019-10-17 07:43:06,141 [2a93f7e5-ecb9-41da-9c47-70e13ba76d7d@group-0B27B5B66CFA-LeaderElection33] INFO  segmented.SegmentedRaftLogWorker (SegmentedRaftLogWorker.java:rollLogSegment(390)) - 2a93f7e5-ecb9-41da-9c47-70e13ba76d7d@group-0B27B5B66CFA-SegmentedRaftLogWorker: Rolling segment log-0_0 to index:0
2019-10-17 07:43:06,146 [2a93f7e5-ecb9-41da-9c47-70e13ba76d7d@group-0B27B5B66CFA-SegmentedRaftLogWorker] INFO  segmented.SegmentedRaftLogWorker (SegmentedRaftLogWorker.java:execute(533)) - 2a93f7e5-ecb9-41da-9c47-70e13ba76d7d@group-0B27B5B66CFA-SegmentedRaftLogWorker: Rolled log segment from /workdir/hadoop-ozone/integration-test/target/test-dir/MiniOzoneClusterImpl-87e8d78b-2c25-4827-9c34-ee9c99992073/datanode-3/data/ratis/d97424e8-73ee-4f68-bd8c-0b27b5b66cfa/current/log_inprogress_0 to /workdir/hadoop-ozone/integration-test/target/test-dir/MiniOzoneClusterImpl-87e8d78b-2c25-4827-9c34-ee9c99992073/datanode-3/data/ratis/d97424e8-73ee-4f68-bd8c-0b27b5b66cfa/current/log_0-0
2019-10-17 07:43:06,146 [EventQueue-PipelineReportForPipelineReportHandler] INFO  pipeline.PipelineReportHandler (PipelineReportHandler.java:processPipelineReport(119)) - Pipeline PipelineID=4019cae6-87b7-45d6-99b0-a9ee991d717f reported by 2a93f7e5-ecb9-41da-9c47-70e13ba76d7d{ip: 192.168.34.62, host: pr-hdds-1868-lzclr-202649289, networkLocation: /default-rack, certSerialId: null} with leaderId 
2019-10-17 07:43:06,146 [2a93f7e5-ecb9-41da-9c47-70e13ba76d7d@group-0B27B5B66CFA-LeaderElection33] INFO  impl.RaftServerImpl (ServerState.java:setRaftConf(357)) - 2a93f7e5-ecb9-41da-9c47-70e13ba76d7d@group-0B27B5B66CFA: set configuration 1: [2a93f7e5-ecb9-41da-9c47-70e13ba76d7d:192.168.34.62:35412], old=null at 1
2019-10-17 07:43:06,147 [EventQueue-PipelineReportForPipelineReportHandler] INFO  pipeline.PipelineReportHandler (PipelineReportHandler.java:processPipelineReport(119)) - Pipeline PipelineID=d97424e8-73ee-4f68-bd8c-0b27b5b66cfa reported by 2a93f7e5-ecb9-41da-9c47-70e13ba76d7d{ip: 192.168.34.62, host: pr-hdds-1868-lzclr-202649289, networkLocation: /default-rack, certSerialId: null} with leaderId 2a93f7e5-ecb9-41da-9c47-70e13ba76d7d
2019-10-17 07:43:06,147 [EventQueue-PipelineReportForPipelineReportHandler] INFO  pipeline.PipelineStateManager (PipelineStateManager.java:openPipeline(134)) - Pipeline Pipeline[ Id: d97424e8-73ee-4f68-bd8c-0b27b5b66cfa, Nodes: 2a93f7e5-ecb9-41da-9c47-70e13ba76d7d{ip: 192.168.34.62, host: pr-hdds-1868-lzclr-202649289, networkLocation: /default-rack, certSerialId: null}, Type:RATIS, Factor:ONE, State:OPEN] moved to OPEN state
2019-10-17 07:43:06,147 [EventQueue-ProcessedPipelineReportForHealthyPipelineSafeModeRule] INFO  safemode.SCMSafeModeManager (HealthyPipelineSafeModeRule.java:process(145)) - SCM in safe mode. Healthy pipelines reported count is 0, required healthy pipeline reported count is 1
2019-10-17 07:43:06,147 [EventQueue-ProcessedPipelineReportForOneReplicaPipelineSafeModeRule] INFO  safemode.SCMSafeModeManager (OneReplicaPipelineSafeModeRule.java:process(134)) - SCM in safe mode. Pipelines with atleast one datanode reported count is 1, required atleast one datanode reported per pipeline count is 2
2019-10-17 07:43:06,195 [Thread-629] INFO  impl.FollowerState (FollowerState.java:run(108)) - 2a93f7e5-ecb9-41da-9c47-70e13ba76d7d@group-A9EE991D717F-FollowerState: change to CANDIDATE, lastRpcTime:54ms, electionTimeout:54ms
2019-10-17 07:43:06,195 [Thread-629] INFO  impl.RoleInfo (RoleInfo.java:shutdownFollowerState(121)) - 2a93f7e5-ecb9-41da-9c47-70e13ba76d7d: shutdown FollowerState
2019-10-17 07:43:06,195 [Thread-629] INFO  impl.RaftServerImpl (RaftServerImpl.java:setRole(184)) - 2a93f7e5-ecb9-41da-9c47-70e13ba76d7d@group-A9EE991D717F: changes role from  FOLLOWER to CANDIDATE at term 10 for changeToCandidate
2019-10-17 07:43:06,195 [Thread-629] INFO  impl.RoleInfo (RoleInfo.java:updateAndGet(143)) - 2a93f7e5-ecb9-41da-9c47-70e13ba76d7d: start LeaderElection
2019-10-17 07:43:06,207 [2a93f7e5-ecb9-41da-9c47-70e13ba76d7d@group-0B27B5B66CFA-SegmentedRaftLogWorker] INFO  segmented.SegmentedRaftLogWorker (SegmentedRaftLogWorker.java:execute(576)) - 2a93f7e5-ecb9-41da-9c47-70e13ba76d7d@group-0B27B5B66CFA-SegmentedRaftLogWorker: created new log segment /workdir/hadoop-ozone/integration-test/target/test-dir/MiniOzoneClusterImpl-87e8d78b-2c25-4827-9c34-ee9c99992073/datanode-3/data/ratis/d97424e8-73ee-4f68-bd8c-0b27b5b66cfa/current/log_inprogress_1
2019-10-17 07:43:06,229 [2a93f7e5-ecb9-41da-9c47-70e13ba76d7d@group-A9EE991D717F-LeaderElection34] INFO  impl.LeaderElection (LeaderElection.java:askForVotes(178)) - 2a93f7e5-ecb9-41da-9c47-70e13ba76d7d@group-A9EE991D717F-LeaderElection34: begin an election at term 11 for 0: [37bd8e8c-ea68-4b1c-8659-8d001c4f3b5c:192.168.34.62:41632, 24020d0b-ce61-4f5a-b0b0-c561541e8cd4:192.168.34.62:42892, 2a93f7e5-ecb9-41da-9c47-70e13ba76d7d:192.168.34.62:35412], old=null
2019-10-17 07:43:06,233 [grpc-default-executor-2] INFO  impl.RaftServerImpl (RaftServerImpl.java:setRole(184)) - 37bd8e8c-ea68-4b1c-8659-8d001c4f3b5c@group-A9EE991D717F: changes role from  FOLLOWER to FOLLOWER at term 11 for recognizeCandidate:2a93f7e5-ecb9-41da-9c47-70e13ba76d7d
2019-10-17 07:43:06,233 [grpc-default-executor-2] INFO  impl.RoleInfo (RoleInfo.java:shutdownFollowerState(121)) - 37bd8e8c-ea68-4b1c-8659-8d001c4f3b5c: shutdown FollowerState
2019-10-17 07:43:06,233 [grpc-default-executor-1] INFO  impl.RaftServerImpl (RaftServerImpl.java:setRole(184)) - 24020d0b-ce61-4f5a-b0b0-c561541e8cd4@group-A9EE991D717F: changes role from  FOLLOWER to FOLLOWER at term 11 for recognizeCandidate:2a93f7e5-ecb9-41da-9c47-70e13ba76d7d
2019-10-17 07:43:06,234 [Thread-625] INFO  impl.FollowerState (FollowerState.java:run(117)) - 37bd8e8c-ea68-4b1c-8659-8d001c4f3b5c@group-A9EE991D717F-FollowerState was interrupted: java.lang.InterruptedException: sleep interrupted
2019-10-17 07:43:06,233 [grpc-default-executor-2] INFO  impl.RoleInfo (RoleInfo.java:updateAndGet(143)) - 37bd8e8c-ea68-4b1c-8659-8d001c4f3b5c: start FollowerState
2019-10-17 07:43:06,234 [grpc-default-executor-1] INFO  impl.RoleInfo (RoleInfo.java:shutdownFollowerState(121)) - 24020d0b-ce61-4f5a-b0b0-c561541e8cd4: shutdown FollowerState
2019-10-17 07:43:06,234 [grpc-default-executor-1] INFO  impl.RoleInfo (RoleInfo.java:updateAndGet(143)) - 24020d0b-ce61-4f5a-b0b0-c561541e8cd4: start FollowerState
2019-10-17 07:43:06,234 [Thread-626] INFO  impl.FollowerState (FollowerState.java:run(117)) - 24020d0b-ce61-4f5a-b0b0-c561541e8cd4@group-A9EE991D717F-FollowerState was interrupted: java.lang.InterruptedException: sleep interrupted
2019-10-17 07:43:06,246 [2a93f7e5-ecb9-41da-9c47-70e13ba76d7d@group-A9EE991D717F-LeaderElection34] INFO  impl.LeaderElection (LeaderElection.java:logAndReturn(56)) - 2a93f7e5-ecb9-41da-9c47-70e13ba76d7d@group-A9EE991D717F-LeaderElection34: Election TIMEOUT; received 0 response(s) [] and 0 exception(s); 2a93f7e5-ecb9-41da-9c47-70e13ba76d7d@group-A9EE991D717F:t11, leader=null, voted=2a93f7e5-ecb9-41da-9c47-70e13ba76d7d, raftlog=2a93f7e5-ecb9-41da-9c47-70e13ba76d7d@group-A9EE991D717F-SegmentedRaftLog:OPENED:c-1,f0,i0, conf=0: [37bd8e8c-ea68-4b1c-8659-8d001c4f3b5c:192.168.34.62:41632, 24020d0b-ce61-4f5a-b0b0-c561541e8cd4:192.168.34.62:42892, 2a93f7e5-ecb9-41da-9c47-70e13ba76d7d:192.168.34.62:35412], old=null
2019-10-17 07:43:06,273 [2a93f7e5-ecb9-41da-9c47-70e13ba76d7d@group-A9EE991D717F-LeaderElection34] INFO  impl.LeaderElection (LeaderElection.java:askForVotes(178)) - 2a93f7e5-ecb9-41da-9c47-70e13ba76d7d@group-A9EE991D717F-LeaderElection34: begin an election at term 12 for 0: [37bd8e8c-ea68-4b1c-8659-8d001c4f3b5c:192.168.34.62:41632, 24020d0b-ce61-4f5a-b0b0-c561541e8cd4:192.168.34.62:42892, 2a93f7e5-ecb9-41da-9c47-70e13ba76d7d:192.168.34.62:35412], old=null
2019-10-17 07:43:06,276 [grpc-default-executor-1] INFO  impl.RaftServerImpl (RaftServerImpl.java:setRole(184)) - 24020d0b-ce61-4f5a-b0b0-c561541e8cd4@group-A9EE991D717F: changes role from  FOLLOWER to FOLLOWER at term 12 for recognizeCandidate:2a93f7e5-ecb9-41da-9c47-70e13ba76d7d
2019-10-17 07:43:06,276 [grpc-default-executor-2] INFO  impl.RaftServerImpl (RaftServerImpl.java:setRole(184)) - 37bd8e8c-ea68-4b1c-8659-8d001c4f3b5c@group-A9EE991D717F: changes role from  FOLLOWER to FOLLOWER at term 12 for recognizeCandidate:2a93f7e5-ecb9-41da-9c47-70e13ba76d7d
2019-10-17 07:43:06,276 [grpc-default-executor-1] INFO  impl.RoleInfo (RoleInfo.java:shutdownFollowerState(121)) - 24020d0b-ce61-4f5a-b0b0-c561541e8cd4: shutdown FollowerState
2019-10-17 07:43:06,276 [grpc-default-executor-2] INFO  impl.RoleInfo (RoleInfo.java:shutdownFollowerState(121)) - 37bd8e8c-ea68-4b1c-8659-8d001c4f3b5c: shutdown FollowerState
2019-10-17 07:43:06,276 [Thread-634] INFO  impl.FollowerState (FollowerState.java:run(117)) - 24020d0b-ce61-4f5a-b0b0-c561541e8cd4@group-A9EE991D717F-FollowerState was interrupted: java.lang.InterruptedException: sleep interrupted
2019-10-17 07:43:06,276 [grpc-default-executor-1] INFO  impl.RoleInfo (RoleInfo.java:updateAndGet(143)) - 24020d0b-ce61-4f5a-b0b0-c561541e8cd4: start FollowerState
2019-10-17 07:43:06,276 [Thread-633] INFO  impl.FollowerState (FollowerState.java:run(117)) - 37bd8e8c-ea68-4b1c-8659-8d001c4f3b5c@group-A9EE991D717F-FollowerState was interrupted: java.lang.InterruptedException: sleep interrupted
2019-10-17 07:43:06,276 [grpc-default-executor-2] INFO  impl.RoleInfo (RoleInfo.java:updateAndGet(143)) - 37bd8e8c-ea68-4b1c-8659-8d001c4f3b5c: start FollowerState
2019-10-17 07:43:06,311 [2a93f7e5-ecb9-41da-9c47-70e13ba76d7d@group-A9EE991D717F-LeaderElection34] INFO  impl.LeaderElection (LeaderElection.java:logAndReturn(56)) - 2a93f7e5-ecb9-41da-9c47-70e13ba76d7d@group-A9EE991D717F-LeaderElection34: Election REJECTED; received 2 response(s) [2a93f7e5-ecb9-41da-9c47-70e13ba76d7d<-37bd8e8c-ea68-4b1c-8659-8d001c4f3b5c#0:FAIL-t12, 2a93f7e5-ecb9-41da-9c47-70e13ba76d7d<-24020d0b-ce61-4f5a-b0b0-c561541e8cd4#0:FAIL-t12] and 0 exception(s); 2a93f7e5-ecb9-41da-9c47-70e13ba76d7d@group-A9EE991D717F:t12, leader=null, voted=2a93f7e5-ecb9-41da-9c47-70e13ba76d7d, raftlog=2a93f7e5-ecb9-41da-9c47-70e13ba76d7d@group-A9EE991D717F-SegmentedRaftLog:OPENED:c-1,f0,i0, conf=0: [37bd8e8c-ea68-4b1c-8659-8d001c4f3b5c:192.168.34.62:41632, 24020d0b-ce61-4f5a-b0b0-c561541e8cd4:192.168.34.62:42892, 2a93f7e5-ecb9-41da-9c47-70e13ba76d7d:192.168.34.62:35412], old=null
2019-10-17 07:43:06,311 [2a93f7e5-ecb9-41da-9c47-70e13ba76d7d@group-A9EE991D717F-LeaderElection34] INFO  impl.RaftServerImpl (RaftServerImpl.java:setRole(184)) - 2a93f7e5-ecb9-41da-9c47-70e13ba76d7d@group-A9EE991D717F: changes role from CANDIDATE to FOLLOWER at term 12 for DISCOVERED_A_NEW_TERM
2019-10-17 07:43:06,311 [2a93f7e5-ecb9-41da-9c47-70e13ba76d7d@group-A9EE991D717F-LeaderElection34] INFO  impl.RoleInfo (RoleInfo.java:shutdownLeaderElection(134)) - 2a93f7e5-ecb9-41da-9c47-70e13ba76d7d: shutdown LeaderElection
2019-10-17 07:43:06,311 [2a93f7e5-ecb9-41da-9c47-70e13ba76d7d@group-A9EE991D717F-LeaderElection34] INFO  impl.RoleInfo (RoleInfo.java:updateAndGet(143)) - 2a93f7e5-ecb9-41da-9c47-70e13ba76d7d: start FollowerState
2019-10-17 07:43:06,379 [Thread-639] INFO  impl.FollowerState (FollowerState.java:run(108)) - 2a93f7e5-ecb9-41da-9c47-70e13ba76d7d@group-A9EE991D717F-FollowerState: change to CANDIDATE, lastRpcTime:67ms, electionTimeout:67ms
2019-10-17 07:43:06,379 [Thread-639] INFO  impl.RoleInfo (RoleInfo.java:shutdownFollowerState(121)) - 2a93f7e5-ecb9-41da-9c47-70e13ba76d7d: shutdown FollowerState
2019-10-17 07:43:06,379 [Thread-639] INFO  impl.RaftServerImpl (RaftServerImpl.java:setRole(184)) - 2a93f7e5-ecb9-41da-9c47-70e13ba76d7d@group-A9EE991D717F: changes role from  FOLLOWER to CANDIDATE at term 12 for changeToCandidate
2019-10-17 07:43:06,379 [Thread-639] INFO  impl.RoleInfo (RoleInfo.java:updateAndGet(143)) - 2a93f7e5-ecb9-41da-9c47-70e13ba76d7d: start LeaderElection
2019-10-17 07:43:06,424 [2a93f7e5-ecb9-41da-9c47-70e13ba76d7d@group-A9EE991D717F-LeaderElection35] INFO  impl.LeaderElection (LeaderElection.java:askForVotes(178)) - 2a93f7e5-ecb9-41da-9c47-70e13ba76d7d@group-A9EE991D717F-LeaderElection35: begin an election at term 13 for 0: [37bd8e8c-ea68-4b1c-8659-8d001c4f3b5c:192.168.34.62:41632, 24020d0b-ce61-4f5a-b0b0-c561541e8cd4:192.168.34.62:42892, 2a93f7e5-ecb9-41da-9c47-70e13ba76d7d:192.168.34.62:35412], old=null
2019-10-17 07:43:06,427 [grpc-default-executor-2] INFO  impl.RaftServerImpl (RaftServerImpl.java:setRole(184)) - 24020d0b-ce61-4f5a-b0b0-c561541e8cd4@group-A9EE991D717F: changes role from  FOLLOWER to FOLLOWER at term 13 for recognizeCandidate:2a93f7e5-ecb9-41da-9c47-70e13ba76d7d
2019-10-17 07:43:06,427 [grpc-default-executor-2] INFO  impl.RoleInfo (RoleInfo.java:shutdownFollowerState(121)) - 24020d0b-ce61-4f5a-b0b0-c561541e8cd4: shutdown FollowerState
2019-10-17 07:43:06,428 [grpc-default-executor-1] INFO  impl.RaftServerImpl (RaftServerImpl.java:setRole(184)) - 37bd8e8c-ea68-4b1c-8659-8d001c4f3b5c@group-A9EE991D717F: changes role from  FOLLOWER to FOLLOWER at term 13 for recognizeCandidate:2a93f7e5-ecb9-41da-9c47-70e13ba76d7d
2019-10-17 07:43:06,428 [Thread-637] INFO  impl.FollowerState (FollowerState.java:run(117)) - 24020d0b-ce61-4f5a-b0b0-c561541e8cd4@group-A9EE991D717F-FollowerState was interrupted: java.lang.InterruptedException: sleep interrupted
2019-10-17 07:43:06,428 [grpc-default-executor-2] INFO  impl.RoleInfo (RoleInfo.java:updateAndGet(143)) - 24020d0b-ce61-4f5a-b0b0-c561541e8cd4: start FollowerState
2019-10-17 07:43:06,428 [grpc-default-executor-1] INFO  impl.RoleInfo (RoleInfo.java:shutdownFollowerState(121)) - 37bd8e8c-ea68-4b1c-8659-8d001c4f3b5c: shutdown FollowerState
2019-10-17 07:43:06,428 [grpc-default-executor-1] INFO  impl.RoleInfo (RoleInfo.java:updateAndGet(143)) - 37bd8e8c-ea68-4b1c-8659-8d001c4f3b5c: start FollowerState
2019-10-17 07:43:06,428 [Thread-638] INFO  impl.FollowerState (FollowerState.java:run(117)) - 37bd8e8c-ea68-4b1c-8659-8d001c4f3b5c@group-A9EE991D717F-FollowerState was interrupted: java.lang.InterruptedException: sleep interrupted
2019-10-17 07:43:06,456 [2a93f7e5-ecb9-41da-9c47-70e13ba76d7d@group-A9EE991D717F-LeaderElection35] INFO  impl.LeaderElection (LeaderElection.java:logAndReturn(56)) - 2a93f7e5-ecb9-41da-9c47-70e13ba76d7d@group-A9EE991D717F-LeaderElection35: Election REJECTED; received 2 response(s) [2a93f7e5-ecb9-41da-9c47-70e13ba76d7d<-37bd8e8c-ea68-4b1c-8659-8d001c4f3b5c#0:FAIL-t13, 2a93f7e5-ecb9-41da-9c47-70e13ba76d7d<-24020d0b-ce61-4f5a-b0b0-c561541e8cd4#0:FAIL-t13] and 0 exception(s); 2a93f7e5-ecb9-41da-9c47-70e13ba76d7d@group-A9EE991D717F:t13, leader=null, voted=2a93f7e5-ecb9-41da-9c47-70e13ba76d7d, raftlog=2a93f7e5-ecb9-41da-9c47-70e13ba76d7d@group-A9EE991D717F-SegmentedRaftLog:OPENED:c-1,f0,i0, conf=0: [37bd8e8c-ea68-4b1c-8659-8d001c4f3b5c:192.168.34.62:41632, 24020d0b-ce61-4f5a-b0b0-c561541e8cd4:192.168.34.62:42892, 2a93f7e5-ecb9-41da-9c47-70e13ba76d7d:192.168.34.62:35412], old=null
2019-10-17 07:43:06,457 [2a93f7e5-ecb9-41da-9c47-70e13ba76d7d@group-A9EE991D717F-LeaderElection35] INFO  impl.RaftServerImpl (RaftServerImpl.java:setRole(184)) - 2a93f7e5-ecb9-41da-9c47-70e13ba76d7d@group-A9EE991D717F: changes role from CANDIDATE to FOLLOWER at term 13 for DISCOVERED_A_NEW_TERM
2019-10-17 07:43:06,457 [2a93f7e5-ecb9-41da-9c47-70e13ba76d7d@group-A9EE991D717F-LeaderElection35] INFO  impl.RoleInfo (RoleInfo.java:shutdownLeaderElection(134)) - 2a93f7e5-ecb9-41da-9c47-70e13ba76d7d: shutdown LeaderElection
2019-10-17 07:43:06,457 [2a93f7e5-ecb9-41da-9c47-70e13ba76d7d@group-A9EE991D717F-LeaderElection35] INFO  impl.RoleInfo (RoleInfo.java:updateAndGet(143)) - 2a93f7e5-ecb9-41da-9c47-70e13ba76d7d: start FollowerState
2019-10-17 07:43:06,581 [Thread-645] INFO  impl.FollowerState (FollowerState.java:run(108)) - 2a93f7e5-ecb9-41da-9c47-70e13ba76d7d@group-A9EE991D717F-FollowerState: change to CANDIDATE, lastRpcTime:123ms, electionTimeout:123ms
2019-10-17 07:43:06,581 [Thread-645] INFO  impl.RoleInfo (RoleInfo.java:shutdownFollowerState(121)) - 2a93f7e5-ecb9-41da-9c47-70e13ba76d7d: shutdown FollowerState
2019-10-17 07:43:06,581 [Thread-645] INFO  impl.RaftServerImpl (RaftServerImpl.java:setRole(184)) - 2a93f7e5-ecb9-41da-9c47-70e13ba76d7d@group-A9EE991D717F: changes role from  FOLLOWER to CANDIDATE at term 13 for changeToCandidate
2019-10-17 07:43:06,581 [Thread-645] INFO  impl.RoleInfo (RoleInfo.java:updateAndGet(143)) - 2a93f7e5-ecb9-41da-9c47-70e13ba76d7d: start LeaderElection
2019-10-17 07:43:06,605 [2a93f7e5-ecb9-41da-9c47-70e13ba76d7d@group-A9EE991D717F-LeaderElection36] INFO  impl.LeaderElection (LeaderElection.java:askForVotes(178)) - 2a93f7e5-ecb9-41da-9c47-70e13ba76d7d@group-A9EE991D717F-LeaderElection36: begin an election at term 14 for 0: [37bd8e8c-ea68-4b1c-8659-8d001c4f3b5c:192.168.34.62:41632, 24020d0b-ce61-4f5a-b0b0-c561541e8cd4:192.168.34.62:42892, 2a93f7e5-ecb9-41da-9c47-70e13ba76d7d:192.168.34.62:35412], old=null
2019-10-17 07:43:06,609 [grpc-default-executor-1] INFO  impl.RaftServerImpl (RaftServerImpl.java:setRole(184)) - 24020d0b-ce61-4f5a-b0b0-c561541e8cd4@group-A9EE991D717F: changes role from  FOLLOWER to FOLLOWER at term 14 for recognizeCandidate:2a93f7e5-ecb9-41da-9c47-70e13ba76d7d
2019-10-17 07:43:06,609 [grpc-default-executor-2] INFO  impl.RaftServerImpl (RaftServerImpl.java:setRole(184)) - 37bd8e8c-ea68-4b1c-8659-8d001c4f3b5c@group-A9EE991D717F: changes role from  FOLLOWER to FOLLOWER at term 14 for recognizeCandidate:2a93f7e5-ecb9-41da-9c47-70e13ba76d7d
2019-10-17 07:43:06,610 [grpc-default-executor-1] INFO  impl.RoleInfo (RoleInfo.java:shutdownFollowerState(121)) - 24020d0b-ce61-4f5a-b0b0-c561541e8cd4: shutdown FollowerState
2019-10-17 07:43:06,610 [grpc-default-executor-2] INFO  impl.RoleInfo (RoleInfo.java:shutdownFollowerState(121)) - 37bd8e8c-ea68-4b1c-8659-8d001c4f3b5c: shutdown FollowerState
2019-10-17 07:43:06,610 [Thread-643] INFO  impl.FollowerState (FollowerState.java:run(117)) - 24020d0b-ce61-4f5a-b0b0-c561541e8cd4@group-A9EE991D717F-FollowerState was interrupted: java.lang.InterruptedException: sleep interrupted
2019-10-17 07:43:06,610 [grpc-default-executor-1] INFO  impl.RoleInfo (RoleInfo.java:updateAndGet(143)) - 24020d0b-ce61-4f5a-b0b0-c561541e8cd4: start FollowerState
2019-10-17 07:43:06,610 [Thread-644] INFO  impl.FollowerState (FollowerState.java:run(117)) - 37bd8e8c-ea68-4b1c-8659-8d001c4f3b5c@group-A9EE991D717F-FollowerState was interrupted: java.lang.InterruptedException: sleep interrupted
2019-10-17 07:43:06,610 [grpc-default-executor-2] INFO  impl.RoleInfo (RoleInfo.java:updateAndGet(143)) - 37bd8e8c-ea68-4b1c-8659-8d001c4f3b5c: start FollowerState
2019-10-17 07:43:06,627 [2a93f7e5-ecb9-41da-9c47-70e13ba76d7d@group-A9EE991D717F-LeaderElection36] INFO  impl.LeaderElection (LeaderElection.java:logAndReturn(56)) - 2a93f7e5-ecb9-41da-9c47-70e13ba76d7d@group-A9EE991D717F-LeaderElection36: Election REJECTED; received 2 response(s) [2a93f7e5-ecb9-41da-9c47-70e13ba76d7d<-37bd8e8c-ea68-4b1c-8659-8d001c4f3b5c#0:FAIL-t14, 2a93f7e5-ecb9-41da-9c47-70e13ba76d7d<-24020d0b-ce61-4f5a-b0b0-c561541e8cd4#0:FAIL-t14] and 0 exception(s); 2a93f7e5-ecb9-41da-9c47-70e13ba76d7d@group-A9EE991D717F:t14, leader=null, voted=2a93f7e5-ecb9-41da-9c47-70e13ba76d7d, raftlog=2a93f7e5-ecb9-41da-9c47-70e13ba76d7d@group-A9EE991D717F-SegmentedRaftLog:OPENED:c-1,f0,i0, conf=0: [37bd8e8c-ea68-4b1c-8659-8d001c4f3b5c:192.168.34.62:41632, 24020d0b-ce61-4f5a-b0b0-c561541e8cd4:192.168.34.62:42892, 2a93f7e5-ecb9-41da-9c47-70e13ba76d7d:192.168.34.62:35412], old=null
2019-10-17 07:43:06,627 [2a93f7e5-ecb9-41da-9c47-70e13ba76d7d@group-A9EE991D717F-LeaderElection36] INFO  impl.RaftServerImpl (RaftServerImpl.java:setRole(184)) - 2a93f7e5-ecb9-41da-9c47-70e13ba76d7d@group-A9EE991D717F: changes role from CANDIDATE to FOLLOWER at term 14 for DISCOVERED_A_NEW_TERM
2019-10-17 07:43:06,627 [2a93f7e5-ecb9-41da-9c47-70e13ba76d7d@group-A9EE991D717F-LeaderElection36] INFO  impl.RoleInfo (RoleInfo.java:shutdownLeaderElection(134)) - 2a93f7e5-ecb9-41da-9c47-70e13ba76d7d: shutdown LeaderElection
2019-10-17 07:43:06,628 [2a93f7e5-ecb9-41da-9c47-70e13ba76d7d@group-A9EE991D717F-LeaderElection36] INFO  impl.RoleInfo (RoleInfo.java:updateAndGet(143)) - 2a93f7e5-ecb9-41da-9c47-70e13ba76d7d: start FollowerState
2019-10-17 07:43:06,662 [Thread-651] INFO  impl.FollowerState (FollowerState.java:run(108)) - 2a93f7e5-ecb9-41da-9c47-70e13ba76d7d@group-A9EE991D717F-FollowerState: change to CANDIDATE, lastRpcTime:34ms, electionTimeout:34ms
2019-10-17 07:43:06,662 [Thread-651] INFO  impl.RoleInfo (RoleInfo.java:shutdownFollowerState(121)) - 2a93f7e5-ecb9-41da-9c47-70e13ba76d7d: shutdown FollowerState
2019-10-17 07:43:06,662 [Thread-651] INFO  impl.RaftServerImpl (RaftServerImpl.java:setRole(184)) - 2a93f7e5-ecb9-41da-9c47-70e13ba76d7d@group-A9EE991D717F: changes role from  FOLLOWER to CANDIDATE at term 14 for changeToCandidate
2019-10-17 07:43:06,663 [Thread-651] INFO  impl.RoleInfo (RoleInfo.java:updateAndGet(143)) - 2a93f7e5-ecb9-41da-9c47-70e13ba76d7d: start LeaderElection
2019-10-17 07:43:06,680 [2a93f7e5-ecb9-41da-9c47-70e13ba76d7d@group-A9EE991D717F-LeaderElection37] INFO  impl.LeaderElection (LeaderElection.java:askForVotes(178)) - 2a93f7e5-ecb9-41da-9c47-70e13ba76d7d@group-A9EE991D717F-LeaderElection37: begin an election at term 15 for 0: [37bd8e8c-ea68-4b1c-8659-8d001c4f3b5c:192.168.34.62:41632, 24020d0b-ce61-4f5a-b0b0-c561541e8cd4:192.168.34.62:42892, 2a93f7e5-ecb9-41da-9c47-70e13ba76d7d:192.168.34.62:35412], old=null
2019-10-17 07:43:06,686 [grpc-default-executor-2] INFO  impl.RaftServerImpl (RaftServerImpl.java:setRole(184)) - 24020d0b-ce61-4f5a-b0b0-c561541e8cd4@group-A9EE991D717F: changes role from  FOLLOWER to FOLLOWER at term 15 for recognizeCandidate:2a93f7e5-ecb9-41da-9c47-70e13ba76d7d
2019-10-17 07:43:06,686 [grpc-default-executor-1] INFO  impl.RaftServerImpl (RaftServerImpl.java:setRole(184)) - 37bd8e8c-ea68-4b1c-8659-8d001c4f3b5c@group-A9EE991D717F: changes role from  FOLLOWER to FOLLOWER at term 15 for recognizeCandidate:2a93f7e5-ecb9-41da-9c47-70e13ba76d7d
2019-10-17 07:43:06,686 [grpc-default-executor-2] INFO  impl.RoleInfo (RoleInfo.java:shutdownFollowerState(121)) - 24020d0b-ce61-4f5a-b0b0-c561541e8cd4: shutdown FollowerState
2019-10-17 07:43:06,686 [grpc-default-executor-1] INFO  impl.RoleInfo (RoleInfo.java:shutdownFollowerState(121)) - 37bd8e8c-ea68-4b1c-8659-8d001c4f3b5c: shutdown FollowerState
2019-10-17 07:43:06,687 [Thread-649] INFO  impl.FollowerState (FollowerState.java:run(117)) - 24020d0b-ce61-4f5a-b0b0-c561541e8cd4@group-A9EE991D717F-FollowerState was interrupted: java.lang.InterruptedException: sleep interrupted
2019-10-17 07:43:06,687 [grpc-default-executor-2] INFO  impl.RoleInfo (RoleInfo.java:updateAndGet(143)) - 24020d0b-ce61-4f5a-b0b0-c561541e8cd4: start FollowerState
2019-10-17 07:43:06,687 [Thread-650] INFO  impl.FollowerState (FollowerState.java:run(117)) - 37bd8e8c-ea68-4b1c-8659-8d001c4f3b5c@group-A9EE991D717F-FollowerState was interrupted: java.lang.InterruptedException: sleep interrupted
2019-10-17 07:43:06,687 [grpc-default-executor-1] INFO  impl.RoleInfo (RoleInfo.java:updateAndGet(143)) - 37bd8e8c-ea68-4b1c-8659-8d001c4f3b5c: start FollowerState
2019-10-17 07:43:06,707 [2a93f7e5-ecb9-41da-9c47-70e13ba76d7d@group-A9EE991D717F-LeaderElection37] INFO  impl.LeaderElection (LeaderElection.java:logAndReturn(56)) - 2a93f7e5-ecb9-41da-9c47-70e13ba76d7d@group-A9EE991D717F-LeaderElection37: Election REJECTED; received 2 response(s) [2a93f7e5-ecb9-41da-9c47-70e13ba76d7d<-37bd8e8c-ea68-4b1c-8659-8d001c4f3b5c#0:FAIL-t15, 2a93f7e5-ecb9-41da-9c47-70e13ba76d7d<-24020d0b-ce61-4f5a-b0b0-c561541e8cd4#0:FAIL-t15] and 0 exception(s); 2a93f7e5-ecb9-41da-9c47-70e13ba76d7d@group-A9EE991D717F:t15, leader=null, voted=2a93f7e5-ecb9-41da-9c47-70e13ba76d7d, raftlog=2a93f7e5-ecb9-41da-9c47-70e13ba76d7d@group-A9EE991D717F-SegmentedRaftLog:OPENED:c-1,f0,i0, conf=0: [37bd8e8c-ea68-4b1c-8659-8d001c4f3b5c:192.168.34.62:41632, 24020d0b-ce61-4f5a-b0b0-c561541e8cd4:192.168.34.62:42892, 2a93f7e5-ecb9-41da-9c47-70e13ba76d7d:192.168.34.62:35412], old=null
2019-10-17 07:43:06,707 [2a93f7e5-ecb9-41da-9c47-70e13ba76d7d@group-A9EE991D717F-LeaderElection37] INFO  impl.RaftServerImpl (RaftServerImpl.java:setRole(184)) - 2a93f7e5-ecb9-41da-9c47-70e13ba76d7d@group-A9EE991D717F: changes role from CANDIDATE to FOLLOWER at term 15 for DISCOVERED_A_NEW_TERM
2019-10-17 07:43:06,707 [2a93f7e5-ecb9-41da-9c47-70e13ba76d7d@group-A9EE991D717F-LeaderElection37] INFO  impl.RoleInfo (RoleInfo.java:shutdownLeaderElection(134)) - 2a93f7e5-ecb9-41da-9c47-70e13ba76d7d: shutdown LeaderElection
2019-10-17 07:43:06,707 [2a93f7e5-ecb9-41da-9c47-70e13ba76d7d@group-A9EE991D717F-LeaderElection37] INFO  impl.RoleInfo (RoleInfo.java:updateAndGet(143)) - 2a93f7e5-ecb9-41da-9c47-70e13ba76d7d: start FollowerState
2019-10-17 07:43:06,780 [Thread-657] INFO  impl.FollowerState (FollowerState.java:run(108)) - 2a93f7e5-ecb9-41da-9c47-70e13ba76d7d@group-A9EE991D717F-FollowerState: change to CANDIDATE, lastRpcTime:72ms, electionTimeout:72ms
2019-10-17 07:43:06,780 [Thread-657] INFO  impl.RoleInfo (RoleInfo.java:shutdownFollowerState(121)) - 2a93f7e5-ecb9-41da-9c47-70e13ba76d7d: shutdown FollowerState
2019-10-17 07:43:06,780 [Thread-657] INFO  impl.RaftServerImpl (RaftServerImpl.java:setRole(184)) - 2a93f7e5-ecb9-41da-9c47-70e13ba76d7d@group-A9EE991D717F: changes role from  FOLLOWER to CANDIDATE at term 15 for changeToCandidate
2019-10-17 07:43:06,780 [Thread-657] INFO  impl.RoleInfo (RoleInfo.java:updateAndGet(143)) - 2a93f7e5-ecb9-41da-9c47-70e13ba76d7d: start LeaderElection
2019-10-17 07:43:06,804 [2a93f7e5-ecb9-41da-9c47-70e13ba76d7d@group-A9EE991D717F-LeaderElection38] INFO  impl.LeaderElection (LeaderElection.java:askForVotes(178)) - 2a93f7e5-ecb9-41da-9c47-70e13ba76d7d@group-A9EE991D717F-LeaderElection38: begin an election at term 16 for 0: [37bd8e8c-ea68-4b1c-8659-8d001c4f3b5c:192.168.34.62:41632, 24020d0b-ce61-4f5a-b0b0-c561541e8cd4:192.168.34.62:42892, 2a93f7e5-ecb9-41da-9c47-70e13ba76d7d:192.168.34.62:35412], old=null
2019-10-17 07:43:06,807 [grpc-default-executor-1] INFO  impl.RaftServerImpl (RaftServerImpl.java:setRole(184)) - 37bd8e8c-ea68-4b1c-8659-8d001c4f3b5c@group-A9EE991D717F: changes role from  FOLLOWER to FOLLOWER at term 16 for recognizeCandidate:2a93f7e5-ecb9-41da-9c47-70e13ba76d7d
2019-10-17 07:43:06,807 [grpc-default-executor-2] INFO  impl.RaftServerImpl (RaftServerImpl.java:setRole(184)) - 24020d0b-ce61-4f5a-b0b0-c561541e8cd4@group-A9EE991D717F: changes role from  FOLLOWER to FOLLOWER at term 16 for recognizeCandidate:2a93f7e5-ecb9-41da-9c47-70e13ba76d7d
2019-10-17 07:43:06,807 [grpc-default-executor-1] INFO  impl.RoleInfo (RoleInfo.java:shutdownFollowerState(121)) - 37bd8e8c-ea68-4b1c-8659-8d001c4f3b5c: shutdown FollowerState
2019-10-17 07:43:06,807 [grpc-default-executor-2] INFO  impl.RoleInfo (RoleInfo.java:shutdownFollowerState(121)) - 24020d0b-ce61-4f5a-b0b0-c561541e8cd4: shutdown FollowerState
2019-10-17 07:43:06,808 [Thread-656] INFO  impl.FollowerState (FollowerState.java:run(117)) - 37bd8e8c-ea68-4b1c-8659-8d001c4f3b5c@group-A9EE991D717F-FollowerState was interrupted: java.lang.InterruptedException: sleep interrupted
2019-10-17 07:43:06,808 [Thread-655] INFO  impl.FollowerState (FollowerState.java:run(117)) - 24020d0b-ce61-4f5a-b0b0-c561541e8cd4@group-A9EE991D717F-FollowerState was interrupted: java.lang.InterruptedException: sleep interrupted
2019-10-17 07:43:06,807 [grpc-default-executor-1] INFO  impl.RoleInfo (RoleInfo.java:updateAndGet(143)) - 37bd8e8c-ea68-4b1c-8659-8d001c4f3b5c: start FollowerState
2019-10-17 07:43:06,808 [grpc-default-executor-2] INFO  impl.RoleInfo (RoleInfo.java:updateAndGet(143)) - 24020d0b-ce61-4f5a-b0b0-c561541e8cd4: start FollowerState
2019-10-17 07:43:06,823 [2a93f7e5-ecb9-41da-9c47-70e13ba76d7d@group-A9EE991D717F-LeaderElection38] INFO  impl.LeaderElection (LeaderElection.java:logAndReturn(56)) - 2a93f7e5-ecb9-41da-9c47-70e13ba76d7d@group-A9EE991D717F-LeaderElection38: Election REJECTED; received 2 response(s) [2a93f7e5-ecb9-41da-9c47-70e13ba76d7d<-37bd8e8c-ea68-4b1c-8659-8d001c4f3b5c#0:FAIL-t16, 2a93f7e5-ecb9-41da-9c47-70e13ba76d7d<-24020d0b-ce61-4f5a-b0b0-c561541e8cd4#0:FAIL-t16] and 0 exception(s); 2a93f7e5-ecb9-41da-9c47-70e13ba76d7d@group-A9EE991D717F:t16, leader=null, voted=2a93f7e5-ecb9-41da-9c47-70e13ba76d7d, raftlog=2a93f7e5-ecb9-41da-9c47-70e13ba76d7d@group-A9EE991D717F-SegmentedRaftLog:OPENED:c-1,f0,i0, conf=0: [37bd8e8c-ea68-4b1c-8659-8d001c4f3b5c:192.168.34.62:41632, 24020d0b-ce61-4f5a-b0b0-c561541e8cd4:192.168.34.62:42892, 2a93f7e5-ecb9-41da-9c47-70e13ba76d7d:192.168.34.62:35412], old=null
2019-10-17 07:43:06,823 [2a93f7e5-ecb9-41da-9c47-70e13ba76d7d@group-A9EE991D717F-LeaderElection38] INFO  impl.RaftServerImpl (RaftServerImpl.java:setRole(184)) - 2a93f7e5-ecb9-41da-9c47-70e13ba76d7d@group-A9EE991D717F: changes role from CANDIDATE to FOLLOWER at term 16 for DISCOVERED_A_NEW_TERM
2019-10-17 07:43:06,823 [2a93f7e5-ecb9-41da-9c47-70e13ba76d7d@group-A9EE991D717F-LeaderElection38] INFO  impl.RoleInfo (RoleInfo.java:shutdownLeaderElection(134)) - 2a93f7e5-ecb9-41da-9c47-70e13ba76d7d: shutdown LeaderElection
2019-10-17 07:43:06,823 [2a93f7e5-ecb9-41da-9c47-70e13ba76d7d@group-A9EE991D717F-LeaderElection38] INFO  impl.RoleInfo (RoleInfo.java:updateAndGet(143)) - 2a93f7e5-ecb9-41da-9c47-70e13ba76d7d: start FollowerState
2019-10-17 07:43:06,956 [Thread-663] INFO  impl.FollowerState (FollowerState.java:run(108)) - 2a93f7e5-ecb9-41da-9c47-70e13ba76d7d@group-A9EE991D717F-FollowerState: change to CANDIDATE, lastRpcTime:132ms, electionTimeout:132ms
2019-10-17 07:43:06,956 [Thread-663] INFO  impl.RoleInfo (RoleInfo.java:shutdownFollowerState(121)) - 2a93f7e5-ecb9-41da-9c47-70e13ba76d7d: shutdown FollowerState
2019-10-17 07:43:06,956 [Thread-663] INFO  impl.RaftServerImpl (RaftServerImpl.java:setRole(184)) - 2a93f7e5-ecb9-41da-9c47-70e13ba76d7d@group-A9EE991D717F: changes role from  FOLLOWER to CANDIDATE at term 16 for changeToCandidate
2019-10-17 07:43:06,956 [Thread-663] INFO  impl.RoleInfo (RoleInfo.java:updateAndGet(143)) - 2a93f7e5-ecb9-41da-9c47-70e13ba76d7d: start LeaderElection
2019-10-17 07:43:06,984 [2a93f7e5-ecb9-41da-9c47-70e13ba76d7d@group-A9EE991D717F-LeaderElection39] INFO  impl.LeaderElection (LeaderElection.java:askForVotes(178)) - 2a93f7e5-ecb9-41da-9c47-70e13ba76d7d@group-A9EE991D717F-LeaderElection39: begin an election at term 17 for 0: [37bd8e8c-ea68-4b1c-8659-8d001c4f3b5c:192.168.34.62:41632, 24020d0b-ce61-4f5a-b0b0-c561541e8cd4:192.168.34.62:42892, 2a93f7e5-ecb9-41da-9c47-70e13ba76d7d:192.168.34.62:35412], old=null
2019-10-17 07:43:06,989 [grpc-default-executor-1] INFO  impl.RaftServerImpl (RaftServerImpl.java:setRole(184)) - 24020d0b-ce61-4f5a-b0b0-c561541e8cd4@group-A9EE991D717F: changes role from  FOLLOWER to FOLLOWER at term 17 for recognizeCandidate:2a93f7e5-ecb9-41da-9c47-70e13ba76d7d
2019-10-17 07:43:06,989 [grpc-default-executor-2] INFO  impl.RaftServerImpl (RaftServerImpl.java:setRole(184)) - 37bd8e8c-ea68-4b1c-8659-8d001c4f3b5c@group-A9EE991D717F: changes role from  FOLLOWER to FOLLOWER at term 17 for recognizeCandidate:2a93f7e5-ecb9-41da-9c47-70e13ba76d7d
2019-10-17 07:43:06,989 [grpc-default-executor-1] INFO  impl.RoleInfo (RoleInfo.java:shutdownFollowerState(121)) - 24020d0b-ce61-4f5a-b0b0-c561541e8cd4: shutdown FollowerState
2019-10-17 07:43:06,989 [grpc-default-executor-2] INFO  impl.RoleInfo (RoleInfo.java:shutdownFollowerState(121)) - 37bd8e8c-ea68-4b1c-8659-8d001c4f3b5c: shutdown FollowerState
2019-10-17 07:43:06,989 [grpc-default-executor-1] INFO  impl.RoleInfo (RoleInfo.java:updateAndGet(143)) - 24020d0b-ce61-4f5a-b0b0-c561541e8cd4: start FollowerState
2019-10-17 07:43:06,990 [Thread-661] INFO  impl.FollowerState (FollowerState.java:run(117)) - 37bd8e8c-ea68-4b1c-8659-8d001c4f3b5c@group-A9EE991D717F-FollowerState was interrupted: java.lang.InterruptedException: sleep interrupted
2019-10-17 07:43:06,989 [grpc-default-executor-2] INFO  impl.RoleInfo (RoleInfo.java:updateAndGet(143)) - 37bd8e8c-ea68-4b1c-8659-8d001c4f3b5c: start FollowerState
2019-10-17 07:43:06,989 [Thread-662] INFO  impl.FollowerState (FollowerState.java:run(117)) - 24020d0b-ce61-4f5a-b0b0-c561541e8cd4@group-A9EE991D717F-FollowerState was interrupted: java.lang.InterruptedException: sleep interrupted
2019-10-17 07:43:07,015 [2a93f7e5-ecb9-41da-9c47-70e13ba76d7d@group-A9EE991D717F-LeaderElection39] INFO  impl.LeaderElection (LeaderElection.java:logAndReturn(56)) - 2a93f7e5-ecb9-41da-9c47-70e13ba76d7d@group-A9EE991D717F-LeaderElection39: Election REJECTED; received 2 response(s) [2a93f7e5-ecb9-41da-9c47-70e13ba76d7d<-37bd8e8c-ea68-4b1c-8659-8d001c4f3b5c#0:FAIL-t17, 2a93f7e5-ecb9-41da-9c47-70e13ba76d7d<-24020d0b-ce61-4f5a-b0b0-c561541e8cd4#0:FAIL-t17] and 0 exception(s); 2a93f7e5-ecb9-41da-9c47-70e13ba76d7d@group-A9EE991D717F:t17, leader=null, voted=2a93f7e5-ecb9-41da-9c47-70e13ba76d7d, raftlog=2a93f7e5-ecb9-41da-9c47-70e13ba76d7d@group-A9EE991D717F-SegmentedRaftLog:OPENED:c-1,f0,i0, conf=0: [37bd8e8c-ea68-4b1c-8659-8d001c4f3b5c:192.168.34.62:41632, 24020d0b-ce61-4f5a-b0b0-c561541e8cd4:192.168.34.62:42892, 2a93f7e5-ecb9-41da-9c47-70e13ba76d7d:192.168.34.62:35412], old=null
2019-10-17 07:43:07,015 [2a93f7e5-ecb9-41da-9c47-70e13ba76d7d@group-A9EE991D717F-LeaderElection39] INFO  impl.RaftServerImpl (RaftServerImpl.java:setRole(184)) - 2a93f7e5-ecb9-41da-9c47-70e13ba76d7d@group-A9EE991D717F: changes role from CANDIDATE to FOLLOWER at term 17 for DISCOVERED_A_NEW_TERM
2019-10-17 07:43:07,015 [2a93f7e5-ecb9-41da-9c47-70e13ba76d7d@group-A9EE991D717F-LeaderElection39] INFO  impl.RoleInfo (RoleInfo.java:shutdownLeaderElection(134)) - 2a93f7e5-ecb9-41da-9c47-70e13ba76d7d: shutdown LeaderElection
2019-10-17 07:43:07,015 [2a93f7e5-ecb9-41da-9c47-70e13ba76d7d@group-A9EE991D717F-LeaderElection39] INFO  impl.RoleInfo (RoleInfo.java:updateAndGet(143)) - 2a93f7e5-ecb9-41da-9c47-70e13ba76d7d: start FollowerState
2019-10-17 07:43:07,179 [Thread-669] INFO  impl.FollowerState (FollowerState.java:run(108)) - 2a93f7e5-ecb9-41da-9c47-70e13ba76d7d@group-A9EE991D717F-FollowerState: change to CANDIDATE, lastRpcTime:163ms, electionTimeout:163ms
2019-10-17 07:43:07,179 [Thread-669] INFO  impl.RoleInfo (RoleInfo.java:shutdownFollowerState(121)) - 2a93f7e5-ecb9-41da-9c47-70e13ba76d7d: shutdown FollowerState
2019-10-17 07:43:07,179 [Thread-669] INFO  impl.RaftServerImpl (RaftServerImpl.java:setRole(184)) - 2a93f7e5-ecb9-41da-9c47-70e13ba76d7d@group-A9EE991D717F: changes role from  FOLLOWER to CANDIDATE at term 17 for changeToCandidate
2019-10-17 07:43:07,180 [Thread-669] INFO  impl.RoleInfo (RoleInfo.java:updateAndGet(143)) - 2a93f7e5-ecb9-41da-9c47-70e13ba76d7d: start LeaderElection
2019-10-17 07:43:07,204 [2a93f7e5-ecb9-41da-9c47-70e13ba76d7d@group-A9EE991D717F-LeaderElection40] INFO  impl.LeaderElection (LeaderElection.java:askForVotes(178)) - 2a93f7e5-ecb9-41da-9c47-70e13ba76d7d@group-A9EE991D717F-LeaderElection40: begin an election at term 18 for 0: [37bd8e8c-ea68-4b1c-8659-8d001c4f3b5c:192.168.34.62:41632, 24020d0b-ce61-4f5a-b0b0-c561541e8cd4:192.168.34.62:42892, 2a93f7e5-ecb9-41da-9c47-70e13ba76d7d:192.168.34.62:35412], old=null
2019-10-17 07:43:07,207 [grpc-default-executor-1] INFO  impl.RaftServerImpl (RaftServerImpl.java:setRole(184)) - 24020d0b-ce61-4f5a-b0b0-c561541e8cd4@group-A9EE991D717F: changes role from  FOLLOWER to FOLLOWER at term 18 for recognizeCandidate:2a93f7e5-ecb9-41da-9c47-70e13ba76d7d
2019-10-17 07:43:07,207 [grpc-default-executor-1] INFO  impl.RoleInfo (RoleInfo.java:shutdownFollowerState(121)) - 24020d0b-ce61-4f5a-b0b0-c561541e8cd4: shutdown FollowerState
2019-10-17 07:43:07,207 [grpc-default-executor-2] INFO  impl.RaftServerImpl (RaftServerImpl.java:setRole(184)) - 37bd8e8c-ea68-4b1c-8659-8d001c4f3b5c@group-A9EE991D717F: changes role from  FOLLOWER to FOLLOWER at term 18 for recognizeCandidate:2a93f7e5-ecb9-41da-9c47-70e13ba76d7d
2019-10-17 07:43:07,208 [Thread-667] INFO  impl.FollowerState (FollowerState.java:run(117)) - 24020d0b-ce61-4f5a-b0b0-c561541e8cd4@group-A9EE991D717F-FollowerState was interrupted: java.lang.InterruptedException: sleep interrupted
2019-10-17 07:43:07,208 [grpc-default-executor-1] INFO  impl.RoleInfo (RoleInfo.java:updateAndGet(143)) - 24020d0b-ce61-4f5a-b0b0-c561541e8cd4: start FollowerState
2019-10-17 07:43:07,208 [grpc-default-executor-2] INFO  impl.RoleInfo (RoleInfo.java:shutdownFollowerState(121)) - 37bd8e8c-ea68-4b1c-8659-8d001c4f3b5c: shutdown FollowerState
2019-10-17 07:43:07,208 [grpc-default-executor-2] INFO  impl.RoleInfo (RoleInfo.java:updateAndGet(143)) - 37bd8e8c-ea68-4b1c-8659-8d001c4f3b5c: start FollowerState
2019-10-17 07:43:07,208 [Thread-668] INFO  impl.FollowerState (FollowerState.java:run(117)) - 37bd8e8c-ea68-4b1c-8659-8d001c4f3b5c@group-A9EE991D717F-FollowerState was interrupted: java.lang.InterruptedException: sleep interrupted
2019-10-17 07:43:07,228 [2a93f7e5-ecb9-41da-9c47-70e13ba76d7d@group-A9EE991D717F-LeaderElection40] INFO  impl.LeaderElection (LeaderElection.java:logAndReturn(56)) - 2a93f7e5-ecb9-41da-9c47-70e13ba76d7d@group-A9EE991D717F-LeaderElection40: Election REJECTED; received 2 response(s) [2a93f7e5-ecb9-41da-9c47-70e13ba76d7d<-37bd8e8c-ea68-4b1c-8659-8d001c4f3b5c#0:FAIL-t18, 2a93f7e5-ecb9-41da-9c47-70e13ba76d7d<-24020d0b-ce61-4f5a-b0b0-c561541e8cd4#0:FAIL-t18] and 0 exception(s); 2a93f7e5-ecb9-41da-9c47-70e13ba76d7d@group-A9EE991D717F:t18, leader=null, voted=2a93f7e5-ecb9-41da-9c47-70e13ba76d7d, raftlog=2a93f7e5-ecb9-41da-9c47-70e13ba76d7d@group-A9EE991D717F-SegmentedRaftLog:OPENED:c-1,f0,i0, conf=0: [37bd8e8c-ea68-4b1c-8659-8d001c4f3b5c:192.168.34.62:41632, 24020d0b-ce61-4f5a-b0b0-c561541e8cd4:192.168.34.62:42892, 2a93f7e5-ecb9-41da-9c47-70e13ba76d7d:192.168.34.62:35412], old=null
2019-10-17 07:43:07,228 [2a93f7e5-ecb9-41da-9c47-70e13ba76d7d@group-A9EE991D717F-LeaderElection40] INFO  impl.RaftServerImpl (RaftServerImpl.java:setRole(184)) - 2a93f7e5-ecb9-41da-9c47-70e13ba76d7d@group-A9EE991D717F: changes role from CANDIDATE to FOLLOWER at term 18 for DISCOVERED_A_NEW_TERM
2019-10-17 07:43:07,228 [2a93f7e5-ecb9-41da-9c47-70e13ba76d7d@group-A9EE991D717F-LeaderElection40] INFO  impl.RoleInfo (RoleInfo.java:shutdownLeaderElection(134)) - 2a93f7e5-ecb9-41da-9c47-70e13ba76d7d: shutdown LeaderElection
2019-10-17 07:43:07,228 [2a93f7e5-ecb9-41da-9c47-70e13ba76d7d@group-A9EE991D717F-LeaderElection40] INFO  impl.RoleInfo (RoleInfo.java:updateAndGet(143)) - 2a93f7e5-ecb9-41da-9c47-70e13ba76d7d: start FollowerState
2019-10-17 07:43:07,388 [Thread-675] INFO  impl.FollowerState (FollowerState.java:run(108)) - 2a93f7e5-ecb9-41da-9c47-70e13ba76d7d@group-A9EE991D717F-FollowerState: change to CANDIDATE, lastRpcTime:159ms, electionTimeout:159ms
2019-10-17 07:43:07,388 [Thread-675] INFO  impl.RoleInfo (RoleInfo.java:shutdownFollowerState(121)) - 2a93f7e5-ecb9-41da-9c47-70e13ba76d7d: shutdown FollowerState
2019-10-17 07:43:07,388 [Thread-675] INFO  impl.RaftServerImpl (RaftServerImpl.java:setRole(184)) - 2a93f7e5-ecb9-41da-9c47-70e13ba76d7d@group-A9EE991D717F: changes role from  FOLLOWER to CANDIDATE at term 18 for changeToCandidate
2019-10-17 07:43:07,388 [Thread-675] INFO  impl.RoleInfo (RoleInfo.java:updateAndGet(143)) - 2a93f7e5-ecb9-41da-9c47-70e13ba76d7d: start LeaderElection
2019-10-17 07:43:07,409 [2a93f7e5-ecb9-41da-9c47-70e13ba76d7d@group-A9EE991D717F-LeaderElection41] INFO  impl.LeaderElection (LeaderElection.java:askForVotes(178)) - 2a93f7e5-ecb9-41da-9c47-70e13ba76d7d@group-A9EE991D717F-LeaderElection41: begin an election at term 19 for 0: [37bd8e8c-ea68-4b1c-8659-8d001c4f3b5c:192.168.34.62:41632, 24020d0b-ce61-4f5a-b0b0-c561541e8cd4:192.168.34.62:42892, 2a93f7e5-ecb9-41da-9c47-70e13ba76d7d:192.168.34.62:35412], old=null
2019-10-17 07:43:07,414 [grpc-default-executor-2] INFO  impl.RaftServerImpl (RaftServerImpl.java:setRole(184)) - 37bd8e8c-ea68-4b1c-8659-8d001c4f3b5c@group-A9EE991D717F: changes role from  FOLLOWER to FOLLOWER at term 19 for recognizeCandidate:2a93f7e5-ecb9-41da-9c47-70e13ba76d7d
2019-10-17 07:43:07,414 [grpc-default-executor-1] INFO  impl.RaftServerImpl (RaftServerImpl.java:setRole(184)) - 24020d0b-ce61-4f5a-b0b0-c561541e8cd4@group-A9EE991D717F: changes role from  FOLLOWER to FOLLOWER at term 19 for recognizeCandidate:2a93f7e5-ecb9-41da-9c47-70e13ba76d7d
2019-10-17 07:43:07,414 [grpc-default-executor-2] INFO  impl.RoleInfo (RoleInfo.java:shutdownFollowerState(121)) - 37bd8e8c-ea68-4b1c-8659-8d001c4f3b5c: shutdown FollowerState
2019-10-17 07:43:07,414 [grpc-default-executor-1] INFO  impl.RoleInfo (RoleInfo.java:shutdownFollowerState(121)) - 24020d0b-ce61-4f5a-b0b0-c561541e8cd4: shutdown FollowerState
2019-10-17 07:43:07,414 [Thread-674] INFO  impl.FollowerState (FollowerState.java:run(117)) - 37bd8e8c-ea68-4b1c-8659-8d001c4f3b5c@group-A9EE991D717F-FollowerState was interrupted: java.lang.InterruptedException: sleep interrupted
2019-10-17 07:43:07,414 [Thread-673] INFO  impl.FollowerState (FollowerState.java:run(117)) - 24020d0b-ce61-4f5a-b0b0-c561541e8cd4@group-A9EE991D717F-FollowerState was interrupted: java.lang.InterruptedException: sleep interrupted
2019-10-17 07:43:07,414 [grpc-default-executor-2] INFO  impl.RoleInfo (RoleInfo.java:updateAndGet(143)) - 37bd8e8c-ea68-4b1c-8659-8d001c4f3b5c: start FollowerState
2019-10-17 07:43:07,414 [grpc-default-executor-1] INFO  impl.RoleInfo (RoleInfo.java:updateAndGet(143)) - 24020d0b-ce61-4f5a-b0b0-c561541e8cd4: start FollowerState
2019-10-17 07:43:07,434 [java.util.concurrent.ThreadPoolExecutor$Worker@5eb858[State = -1, empty queue]] WARN  server.GrpcLogAppender (GrpcLogAppender.java:timeoutAppendRequest(209)) - 24020d0b-ce61-4f5a-b0b0-c561541e8cd4@group-A9EE991D717F->2a93f7e5-ecb9-41da-9c47-70e13ba76d7d-GrpcLogAppender: appendEntries Timeout, request=24020d0b-ce61-4f5a-b0b0-c561541e8cd4->2a93f7e5-ecb9-41da-9c47-70e13ba76d7d#0-t9, previous=(t:5, i:0), leaderCommit=-1, initializing? false, entries: <empty>
2019-10-17 07:43:07,440 [2a93f7e5-ecb9-41da-9c47-70e13ba76d7d@group-A9EE991D717F-LeaderElection41] INFO  impl.LeaderElection (LeaderElection.java:logAndReturn(56)) - 2a93f7e5-ecb9-41da-9c47-70e13ba76d7d@group-A9EE991D717F-LeaderElection41: Election REJECTED; received 2 response(s) [2a93f7e5-ecb9-41da-9c47-70e13ba76d7d<-37bd8e8c-ea68-4b1c-8659-8d001c4f3b5c#0:FAIL-t19, 2a93f7e5-ecb9-41da-9c47-70e13ba76d7d<-24020d0b-ce61-4f5a-b0b0-c561541e8cd4#0:FAIL-t19] and 0 exception(s); 2a93f7e5-ecb9-41da-9c47-70e13ba76d7d@group-A9EE991D717F:t19, leader=null, voted=2a93f7e5-ecb9-41da-9c47-70e13ba76d7d, raftlog=2a93f7e5-ecb9-41da-9c47-70e13ba76d7d@group-A9EE991D717F-SegmentedRaftLog:OPENED:c-1,f0,i0, conf=0: [37bd8e8c-ea68-4b1c-8659-8d001c4f3b5c:192.168.34.62:41632, 24020d0b-ce61-4f5a-b0b0-c561541e8cd4:192.168.34.62:42892, 2a93f7e5-ecb9-41da-9c47-70e13ba76d7d:192.168.34.62:35412], old=null
2019-10-17 07:43:07,440 [2a93f7e5-ecb9-41da-9c47-70e13ba76d7d@group-A9EE991D717F-LeaderElection41] INFO  impl.RaftServerImpl (RaftServerImpl.java:setRole(184)) - 2a93f7e5-ecb9-41da-9c47-70e13ba76d7d@group-A9EE991D717F: changes role from CANDIDATE to FOLLOWER at term 19 for DISCOVERED_A_NEW_TERM
2019-10-17 07:43:07,441 [2a93f7e5-ecb9-41da-9c47-70e13ba76d7d@group-A9EE991D717F-LeaderElection41] INFO  impl.RoleInfo (RoleInfo.java:shutdownLeaderElection(134)) - 2a93f7e5-ecb9-41da-9c47-70e13ba76d7d: shutdown LeaderElection
2019-10-17 07:43:07,441 [2a93f7e5-ecb9-41da-9c47-70e13ba76d7d@group-A9EE991D717F-LeaderElection41] INFO  impl.RoleInfo (RoleInfo.java:updateAndGet(143)) - 2a93f7e5-ecb9-41da-9c47-70e13ba76d7d: start FollowerState
2019-10-17 07:43:07,641 [Thread-681] INFO  impl.FollowerState (FollowerState.java:run(108)) - 2a93f7e5-ecb9-41da-9c47-70e13ba76d7d@group-A9EE991D717F-FollowerState: change to CANDIDATE, lastRpcTime:200ms, electionTimeout:200ms
2019-10-17 07:43:07,641 [Thread-681] INFO  impl.RoleInfo (RoleInfo.java:shutdownFollowerState(121)) - 2a93f7e5-ecb9-41da-9c47-70e13ba76d7d: shutdown FollowerState
2019-10-17 07:43:07,642 [Thread-681] INFO  impl.RaftServerImpl (RaftServerImpl.java:setRole(184)) - 2a93f7e5-ecb9-41da-9c47-70e13ba76d7d@group-A9EE991D717F: changes role from  FOLLOWER to CANDIDATE at term 19 for changeToCandidate
2019-10-17 07:43:07,642 [Thread-681] INFO  impl.RoleInfo (RoleInfo.java:updateAndGet(143)) - 2a93f7e5-ecb9-41da-9c47-70e13ba76d7d: start LeaderElection
2019-10-17 07:43:07,665 [2a93f7e5-ecb9-41da-9c47-70e13ba76d7d@group-A9EE991D717F-LeaderElection42] INFO  impl.LeaderElection (LeaderElection.java:askForVotes(178)) - 2a93f7e5-ecb9-41da-9c47-70e13ba76d7d@group-A9EE991D717F-LeaderElection42: begin an election at term 20 for 0: [37bd8e8c-ea68-4b1c-8659-8d001c4f3b5c:192.168.34.62:41632, 24020d0b-ce61-4f5a-b0b0-c561541e8cd4:192.168.34.62:42892, 2a93f7e5-ecb9-41da-9c47-70e13ba76d7d:192.168.34.62:35412], old=null
2019-10-17 07:43:07,669 [grpc-default-executor-1] INFO  impl.RaftServerImpl (RaftServerImpl.java:setRole(184)) - 37bd8e8c-ea68-4b1c-8659-8d001c4f3b5c@group-A9EE991D717F: changes role from  FOLLOWER to FOLLOWER at term 20 for recognizeCandidate:2a93f7e5-ecb9-41da-9c47-70e13ba76d7d
2019-10-17 07:43:07,669 [grpc-default-executor-2] INFO  impl.RaftServerImpl (RaftServerImpl.java:setRole(184)) - 24020d0b-ce61-4f5a-b0b0-c561541e8cd4@group-A9EE991D717F: changes role from  FOLLOWER to FOLLOWER at term 20 for recognizeCandidate:2a93f7e5-ecb9-41da-9c47-70e13ba76d7d
2019-10-17 07:43:07,669 [grpc-default-executor-1] INFO  impl.RoleInfo (RoleInfo.java:shutdownFollowerState(121)) - 37bd8e8c-ea68-4b1c-8659-8d001c4f3b5c: shutdown FollowerState
2019-10-17 07:43:07,669 [grpc-default-executor-2] INFO  impl.RoleInfo (RoleInfo.java:shutdownFollowerState(121)) - 24020d0b-ce61-4f5a-b0b0-c561541e8cd4: shutdown FollowerState
2019-10-17 07:43:07,669 [Thread-679] INFO  impl.FollowerState (FollowerState.java:run(117)) - 37bd8e8c-ea68-4b1c-8659-8d001c4f3b5c@group-A9EE991D717F-FollowerState was interrupted: java.lang.InterruptedException: sleep interrupted
2019-10-17 07:43:07,669 [Thread-680] INFO  impl.FollowerState (FollowerState.java:run(117)) - 24020d0b-ce61-4f5a-b0b0-c561541e8cd4@group-A9EE991D717F-FollowerState was interrupted: java.lang.InterruptedException: sleep interrupted
2019-10-17 07:43:07,669 [grpc-default-executor-1] INFO  impl.RoleInfo (RoleInfo.java:updateAndGet(143)) - 37bd8e8c-ea68-4b1c-8659-8d001c4f3b5c: start FollowerState
2019-10-17 07:43:07,669 [grpc-default-executor-2] INFO  impl.RoleInfo (RoleInfo.java:updateAndGet(143)) - 24020d0b-ce61-4f5a-b0b0-c561541e8cd4: start FollowerState
2019-10-17 07:43:07,684 [2a93f7e5-ecb9-41da-9c47-70e13ba76d7d@group-A9EE991D717F-LeaderElection42] INFO  impl.LeaderElection (LeaderElection.java:logAndReturn(56)) - 2a93f7e5-ecb9-41da-9c47-70e13ba76d7d@group-A9EE991D717F-LeaderElection42: Election REJECTED; received 2 response(s) [2a93f7e5-ecb9-41da-9c47-70e13ba76d7d<-37bd8e8c-ea68-4b1c-8659-8d001c4f3b5c#0:FAIL-t20, 2a93f7e5-ecb9-41da-9c47-70e13ba76d7d<-24020d0b-ce61-4f5a-b0b0-c561541e8cd4#0:FAIL-t20] and 0 exception(s); 2a93f7e5-ecb9-41da-9c47-70e13ba76d7d@group-A9EE991D717F:t20, leader=null, voted=2a93f7e5-ecb9-41da-9c47-70e13ba76d7d, raftlog=2a93f7e5-ecb9-41da-9c47-70e13ba76d7d@group-A9EE991D717F-SegmentedRaftLog:OPENED:c-1,f0,i0, conf=0: [37bd8e8c-ea68-4b1c-8659-8d001c4f3b5c:192.168.34.62:41632, 24020d0b-ce61-4f5a-b0b0-c561541e8cd4:192.168.34.62:42892, 2a93f7e5-ecb9-41da-9c47-70e13ba76d7d:192.168.34.62:35412], old=null
2019-10-17 07:43:07,685 [2a93f7e5-ecb9-41da-9c47-70e13ba76d7d@group-A9EE991D717F-LeaderElection42] INFO  impl.RaftServerImpl (RaftServerImpl.java:setRole(184)) - 2a93f7e5-ecb9-41da-9c47-70e13ba76d7d@group-A9EE991D717F: changes role from CANDIDATE to FOLLOWER at term 20 for DISCOVERED_A_NEW_TERM
2019-10-17 07:43:07,685 [2a93f7e5-ecb9-41da-9c47-70e13ba76d7d@group-A9EE991D717F-LeaderElection42] INFO  impl.RoleInfo (RoleInfo.java:shutdownLeaderElection(134)) - 2a93f7e5-ecb9-41da-9c47-70e13ba76d7d: shutdown LeaderElection
2019-10-17 07:43:07,685 [2a93f7e5-ecb9-41da-9c47-70e13ba76d7d@group-A9EE991D717F-LeaderElection42] INFO  impl.RoleInfo (RoleInfo.java:updateAndGet(143)) - 2a93f7e5-ecb9-41da-9c47-70e13ba76d7d: start FollowerState
2019-10-17 07:43:07,770 [Thread-687] INFO  impl.FollowerState (FollowerState.java:run(108)) - 2a93f7e5-ecb9-41da-9c47-70e13ba76d7d@group-A9EE991D717F-FollowerState: change to CANDIDATE, lastRpcTime:85ms, electionTimeout:85ms
2019-10-17 07:43:07,771 [Thread-687] INFO  impl.RoleInfo (RoleInfo.java:shutdownFollowerState(121)) - 2a93f7e5-ecb9-41da-9c47-70e13ba76d7d: shutdown FollowerState
2019-10-17 07:43:07,771 [Thread-687] INFO  impl.RaftServerImpl (RaftServerImpl.java:setRole(184)) - 2a93f7e5-ecb9-41da-9c47-70e13ba76d7d@group-A9EE991D717F: changes role from  FOLLOWER to CANDIDATE at term 20 for changeToCandidate
2019-10-17 07:43:07,771 [Thread-687] INFO  impl.RoleInfo (RoleInfo.java:updateAndGet(143)) - 2a93f7e5-ecb9-41da-9c47-70e13ba76d7d: start LeaderElection
2019-10-17 07:43:07,796 [2a93f7e5-ecb9-41da-9c47-70e13ba76d7d@group-A9EE991D717F-LeaderElection43] INFO  impl.LeaderElection (LeaderElection.java:askForVotes(178)) - 2a93f7e5-ecb9-41da-9c47-70e13ba76d7d@group-A9EE991D717F-LeaderElection43: begin an election at term 21 for 0: [37bd8e8c-ea68-4b1c-8659-8d001c4f3b5c:192.168.34.62:41632, 24020d0b-ce61-4f5a-b0b0-c561541e8cd4:192.168.34.62:42892, 2a93f7e5-ecb9-41da-9c47-70e13ba76d7d:192.168.34.62:35412], old=null
2019-10-17 07:43:07,801 [grpc-default-executor-2] INFO  impl.RaftServerImpl (RaftServerImpl.java:setRole(184)) - 37bd8e8c-ea68-4b1c-8659-8d001c4f3b5c@group-A9EE991D717F: changes role from  FOLLOWER to FOLLOWER at term 21 for recognizeCandidate:2a93f7e5-ecb9-41da-9c47-70e13ba76d7d
2019-10-17 07:43:07,801 [grpc-default-executor-1] INFO  impl.RaftServerImpl (RaftServerImpl.java:setRole(184)) - 24020d0b-ce61-4f5a-b0b0-c561541e8cd4@group-A9EE991D717F: changes role from  FOLLOWER to FOLLOWER at term 21 for recognizeCandidate:2a93f7e5-ecb9-41da-9c47-70e13ba76d7d
2019-10-17 07:43:07,801 [grpc-default-executor-2] INFO  impl.RoleInfo (RoleInfo.java:shutdownFollowerState(121)) - 37bd8e8c-ea68-4b1c-8659-8d001c4f3b5c: shutdown FollowerState
2019-10-17 07:43:07,801 [grpc-default-executor-1] INFO  impl.RoleInfo (RoleInfo.java:shutdownFollowerState(121)) - 24020d0b-ce61-4f5a-b0b0-c561541e8cd4: shutdown FollowerState
2019-10-17 07:43:07,801 [Thread-685] INFO  impl.FollowerState (FollowerState.java:run(117)) - 37bd8e8c-ea68-4b1c-8659-8d001c4f3b5c@group-A9EE991D717F-FollowerState was interrupted: java.lang.InterruptedException: sleep interrupted
2019-10-17 07:43:07,801 [grpc-default-executor-2] INFO  impl.RoleInfo (RoleInfo.java:updateAndGet(143)) - 37bd8e8c-ea68-4b1c-8659-8d001c4f3b5c: start FollowerState
2019-10-17 07:43:07,802 [Thread-686] INFO  impl.FollowerState (FollowerState.java:run(117)) - 24020d0b-ce61-4f5a-b0b0-c561541e8cd4@group-A9EE991D717F-FollowerState was interrupted: java.lang.InterruptedException: sleep interrupted
2019-10-17 07:43:07,801 [grpc-default-executor-1] INFO  impl.RoleInfo (RoleInfo.java:updateAndGet(143)) - 24020d0b-ce61-4f5a-b0b0-c561541e8cd4: start FollowerState
2019-10-17 07:43:07,816 [2a93f7e5-ecb9-41da-9c47-70e13ba76d7d@group-A9EE991D717F-LeaderElection43] INFO  impl.LeaderElection (LeaderElection.java:logAndReturn(56)) - 2a93f7e5-ecb9-41da-9c47-70e13ba76d7d@group-A9EE991D717F-LeaderElection43: Election REJECTED; received 2 response(s) [2a93f7e5-ecb9-41da-9c47-70e13ba76d7d<-37bd8e8c-ea68-4b1c-8659-8d001c4f3b5c#0:FAIL-t21, 2a93f7e5-ecb9-41da-9c47-70e13ba76d7d<-24020d0b-ce61-4f5a-b0b0-c561541e8cd4#0:FAIL-t21] and 0 exception(s); 2a93f7e5-ecb9-41da-9c47-70e13ba76d7d@group-A9EE991D717F:t21, leader=null, voted=2a93f7e5-ecb9-41da-9c47-70e13ba76d7d, raftlog=2a93f7e5-ecb9-41da-9c47-70e13ba76d7d@group-A9EE991D717F-SegmentedRaftLog:OPENED:c-1,f0,i0, conf=0: [37bd8e8c-ea68-4b1c-8659-8d001c4f3b5c:192.168.34.62:41632, 24020d0b-ce61-4f5a-b0b0-c561541e8cd4:192.168.34.62:42892, 2a93f7e5-ecb9-41da-9c47-70e13ba76d7d:192.168.34.62:35412], old=null
2019-10-17 07:43:07,816 [2a93f7e5-ecb9-41da-9c47-70e13ba76d7d@group-A9EE991D717F-LeaderElection43] INFO  impl.RaftServerImpl (RaftServerImpl.java:setRole(184)) - 2a93f7e5-ecb9-41da-9c47-70e13ba76d7d@group-A9EE991D717F: changes role from CANDIDATE to FOLLOWER at term 21 for DISCOVERED_A_NEW_TERM
2019-10-17 07:43:07,817 [2a93f7e5-ecb9-41da-9c47-70e13ba76d7d@group-A9EE991D717F-LeaderElection43] INFO  impl.RoleInfo (RoleInfo.java:shutdownLeaderElection(134)) - 2a93f7e5-ecb9-41da-9c47-70e13ba76d7d: shutdown LeaderElection
2019-10-17 07:43:07,817 [2a93f7e5-ecb9-41da-9c47-70e13ba76d7d@group-A9EE991D717F-LeaderElection43] INFO  impl.RoleInfo (RoleInfo.java:updateAndGet(143)) - 2a93f7e5-ecb9-41da-9c47-70e13ba76d7d: start FollowerState
2019-10-17 07:43:07,893 [Thread-693] INFO  impl.FollowerState (FollowerState.java:run(108)) - 2a93f7e5-ecb9-41da-9c47-70e13ba76d7d@group-A9EE991D717F-FollowerState: change to CANDIDATE, lastRpcTime:76ms, electionTimeout:76ms
2019-10-17 07:43:07,893 [Thread-693] INFO  impl.RoleInfo (RoleInfo.java:shutdownFollowerState(121)) - 2a93f7e5-ecb9-41da-9c47-70e13ba76d7d: shutdown FollowerState
2019-10-17 07:43:07,894 [Thread-693] INFO  impl.RaftServerImpl (RaftServerImpl.java:setRole(184)) - 2a93f7e5-ecb9-41da-9c47-70e13ba76d7d@group-A9EE991D717F: changes role from  FOLLOWER to CANDIDATE at term 21 for changeToCandidate
2019-10-17 07:43:07,894 [Thread-693] INFO  impl.RoleInfo (RoleInfo.java:updateAndGet(143)) - 2a93f7e5-ecb9-41da-9c47-70e13ba76d7d: start LeaderElection
2019-10-17 07:43:07,917 [2a93f7e5-ecb9-41da-9c47-70e13ba76d7d@group-A9EE991D717F-LeaderElection44] INFO  impl.LeaderElection (LeaderElection.java:askForVotes(178)) - 2a93f7e5-ecb9-41da-9c47-70e13ba76d7d@group-A9EE991D717F-LeaderElection44: begin an election at term 22 for 0: [37bd8e8c-ea68-4b1c-8659-8d001c4f3b5c:192.168.34.62:41632, 24020d0b-ce61-4f5a-b0b0-c561541e8cd4:192.168.34.62:42892, 2a93f7e5-ecb9-41da-9c47-70e13ba76d7d:192.168.34.62:35412], old=null
2019-10-17 07:43:07,921 [grpc-default-executor-2] INFO  impl.RaftServerImpl (RaftServerImpl.java:setRole(184)) - 37bd8e8c-ea68-4b1c-8659-8d001c4f3b5c@group-A9EE991D717F: changes role from  FOLLOWER to FOLLOWER at term 22 for recognizeCandidate:2a93f7e5-ecb9-41da-9c47-70e13ba76d7d
2019-10-17 07:43:07,921 [grpc-default-executor-1] INFO  impl.RaftServerImpl (RaftServerImpl.java:setRole(184)) - 24020d0b-ce61-4f5a-b0b0-c561541e8cd4@group-A9EE991D717F: changes role from  FOLLOWER to FOLLOWER at term 22 for recognizeCandidate:2a93f7e5-ecb9-41da-9c47-70e13ba76d7d
2019-10-17 07:43:07,921 [grpc-default-executor-2] INFO  impl.RoleInfo (RoleInfo.java:shutdownFollowerState(121)) - 37bd8e8c-ea68-4b1c-8659-8d001c4f3b5c: shutdown FollowerState
2019-10-17 07:43:07,921 [grpc-default-executor-1] INFO  impl.RoleInfo (RoleInfo.java:shutdownFollowerState(121)) - 24020d0b-ce61-4f5a-b0b0-c561541e8cd4: shutdown FollowerState
2019-10-17 07:43:07,921 [Thread-691] INFO  impl.FollowerState (FollowerState.java:run(117)) - 37bd8e8c-ea68-4b1c-8659-8d001c4f3b5c@group-A9EE991D717F-FollowerState was interrupted: java.lang.InterruptedException: sleep interrupted
2019-10-17 07:43:07,922 [Thread-692] INFO  impl.FollowerState (FollowerState.java:run(117)) - 24020d0b-ce61-4f5a-b0b0-c561541e8cd4@group-A9EE991D717F-FollowerState was interrupted: java.lang.InterruptedException: sleep interrupted
2019-10-17 07:43:07,921 [grpc-default-executor-2] INFO  impl.RoleInfo (RoleInfo.java:updateAndGet(143)) - 37bd8e8c-ea68-4b1c-8659-8d001c4f3b5c: start FollowerState
2019-10-17 07:43:07,922 [grpc-default-executor-1] INFO  impl.RoleInfo (RoleInfo.java:updateAndGet(143)) - 24020d0b-ce61-4f5a-b0b0-c561541e8cd4: start FollowerState
2019-10-17 07:43:07,940 [2a93f7e5-ecb9-41da-9c47-70e13ba76d7d@group-A9EE991D717F-LeaderElection44] INFO  impl.LeaderElection (LeaderElection.java:logAndReturn(56)) - 2a93f7e5-ecb9-41da-9c47-70e13ba76d7d@group-A9EE991D717F-LeaderElection44: Election TIMEOUT; received 0 response(s) [] and 0 exception(s); 2a93f7e5-ecb9-41da-9c47-70e13ba76d7d@group-A9EE991D717F:t22, leader=null, voted=2a93f7e5-ecb9-41da-9c47-70e13ba76d7d, raftlog=2a93f7e5-ecb9-41da-9c47-70e13ba76d7d@group-A9EE991D717F-SegmentedRaftLog:OPENED:c-1,f0,i0, conf=0: [37bd8e8c-ea68-4b1c-8659-8d001c4f3b5c:192.168.34.62:41632, 24020d0b-ce61-4f5a-b0b0-c561541e8cd4:192.168.34.62:42892, 2a93f7e5-ecb9-41da-9c47-70e13ba76d7d:192.168.34.62:35412], old=null
2019-10-17 07:43:07,947 [2a93f7e5-ecb9-41da-9c47-70e13ba76d7d@group-A9EE991D717F-LeaderElection44] INFO  impl.LeaderElection (LeaderElection.java:askForVotes(178)) - 2a93f7e5-ecb9-41da-9c47-70e13ba76d7d@group-A9EE991D717F-LeaderElection44: begin an election at term 23 for 0: [37bd8e8c-ea68-4b1c-8659-8d001c4f3b5c:192.168.34.62:41632, 24020d0b-ce61-4f5a-b0b0-c561541e8cd4:192.168.34.62:42892, 2a93f7e5-ecb9-41da-9c47-70e13ba76d7d:192.168.34.62:35412], old=null
2019-10-17 07:43:07,951 [grpc-default-executor-1] INFO  impl.RaftServerImpl (RaftServerImpl.java:setRole(184)) - 37bd8e8c-ea68-4b1c-8659-8d001c4f3b5c@group-A9EE991D717F: changes role from  FOLLOWER to FOLLOWER at term 23 for recognizeCandidate:2a93f7e5-ecb9-41da-9c47-70e13ba76d7d
2019-10-17 07:43:07,951 [grpc-default-executor-1] INFO  impl.RoleInfo (RoleInfo.java:shutdownFollowerState(121)) - 37bd8e8c-ea68-4b1c-8659-8d001c4f3b5c: shutdown FollowerState
2019-10-17 07:43:07,951 [grpc-default-executor-1] INFO  impl.RoleInfo (RoleInfo.java:updateAndGet(143)) - 37bd8e8c-ea68-4b1c-8659-8d001c4f3b5c: start FollowerState
2019-10-17 07:43:07,951 [Thread-697] INFO  impl.FollowerState (FollowerState.java:run(117)) - 37bd8e8c-ea68-4b1c-8659-8d001c4f3b5c@group-A9EE991D717F-FollowerState was interrupted: java.lang.InterruptedException: sleep interrupted
2019-10-17 07:43:07,951 [grpc-default-executor-0] INFO  impl.RaftServerImpl (RaftServerImpl.java:setRole(184)) - 24020d0b-ce61-4f5a-b0b0-c561541e8cd4@group-A9EE991D717F: changes role from  FOLLOWER to FOLLOWER at term 23 for recognizeCandidate:2a93f7e5-ecb9-41da-9c47-70e13ba76d7d
2019-10-17 07:43:07,952 [grpc-default-executor-0] INFO  impl.RoleInfo (RoleInfo.java:shutdownFollowerState(121)) - 24020d0b-ce61-4f5a-b0b0-c561541e8cd4: shutdown FollowerState
2019-10-17 07:43:07,952 [grpc-default-executor-0] INFO  impl.RoleInfo (RoleInfo.java:updateAndGet(143)) - 24020d0b-ce61-4f5a-b0b0-c561541e8cd4: start FollowerState
2019-10-17 07:43:07,952 [Thread-698] INFO  impl.FollowerState (FollowerState.java:run(117)) - 24020d0b-ce61-4f5a-b0b0-c561541e8cd4@group-A9EE991D717F-FollowerState was interrupted: java.lang.InterruptedException: sleep interrupted
2019-10-17 07:43:07,976 [2a93f7e5-ecb9-41da-9c47-70e13ba76d7d@group-A9EE991D717F-LeaderElection44] INFO  impl.LeaderElection (LeaderElection.java:logAndReturn(56)) - 2a93f7e5-ecb9-41da-9c47-70e13ba76d7d@group-A9EE991D717F-LeaderElection44: Election REJECTED; received 2 response(s) [2a93f7e5-ecb9-41da-9c47-70e13ba76d7d<-37bd8e8c-ea68-4b1c-8659-8d001c4f3b5c#0:FAIL-t23, 2a93f7e5-ecb9-41da-9c47-70e13ba76d7d<-24020d0b-ce61-4f5a-b0b0-c561541e8cd4#0:FAIL-t23] and 0 exception(s); 2a93f7e5-ecb9-41da-9c47-70e13ba76d7d@group-A9EE991D717F:t23, leader=null, voted=2a93f7e5-ecb9-41da-9c47-70e13ba76d7d, raftlog=2a93f7e5-ecb9-41da-9c47-70e13ba76d7d@group-A9EE991D717F-SegmentedRaftLog:OPENED:c-1,f0,i0, conf=0: [37bd8e8c-ea68-4b1c-8659-8d001c4f3b5c:192.168.34.62:41632, 24020d0b-ce61-4f5a-b0b0-c561541e8cd4:192.168.34.62:42892, 2a93f7e5-ecb9-41da-9c47-70e13ba76d7d:192.168.34.62:35412], old=null
2019-10-17 07:43:07,976 [2a93f7e5-ecb9-41da-9c47-70e13ba76d7d@group-A9EE991D717F-LeaderElection44] INFO  impl.RaftServerImpl (RaftServerImpl.java:setRole(184)) - 2a93f7e5-ecb9-41da-9c47-70e13ba76d7d@group-A9EE991D717F: changes role from CANDIDATE to FOLLOWER at term 23 for DISCOVERED_A_NEW_TERM
2019-10-17 07:43:07,976 [2a93f7e5-ecb9-41da-9c47-70e13ba76d7d@group-A9EE991D717F-LeaderElection44] INFO  impl.RoleInfo (RoleInfo.java:shutdownLeaderElection(134)) - 2a93f7e5-ecb9-41da-9c47-70e13ba76d7d: shutdown LeaderElection
2019-10-17 07:43:07,976 [2a93f7e5-ecb9-41da-9c47-70e13ba76d7d@group-A9EE991D717F-LeaderElection44] INFO  impl.RoleInfo (RoleInfo.java:updateAndGet(143)) - 2a93f7e5-ecb9-41da-9c47-70e13ba76d7d: start FollowerState
2019-10-17 07:43:08,034 [Thread-703] INFO  impl.FollowerState (FollowerState.java:run(108)) - 2a93f7e5-ecb9-41da-9c47-70e13ba76d7d@group-A9EE991D717F-FollowerState: change to CANDIDATE, lastRpcTime:57ms, electionTimeout:57ms
2019-10-17 07:43:08,034 [Thread-703] INFO  impl.RoleInfo (RoleInfo.java:shutdownFollowerState(121)) - 2a93f7e5-ecb9-41da-9c47-70e13ba76d7d: shutdown FollowerState
2019-10-17 07:43:08,034 [Thread-703] INFO  impl.RaftServerImpl (RaftServerImpl.java:setRole(184)) - 2a93f7e5-ecb9-41da-9c47-70e13ba76d7d@group-A9EE991D717F: changes role from  FOLLOWER to CANDIDATE at term 23 for changeToCandidate
2019-10-17 07:43:08,035 [Thread-703] INFO  impl.RoleInfo (RoleInfo.java:updateAndGet(143)) - 2a93f7e5-ecb9-41da-9c47-70e13ba76d7d: start LeaderElection
2019-10-17 07:43:08,060 [2a93f7e5-ecb9-41da-9c47-70e13ba76d7d@group-A9EE991D717F-LeaderElection45] INFO  impl.LeaderElection (LeaderElection.java:askForVotes(178)) - 2a93f7e5-ecb9-41da-9c47-70e13ba76d7d@group-A9EE991D717F-LeaderElection45: begin an election at term 24 for 0: [37bd8e8c-ea68-4b1c-8659-8d001c4f3b5c:192.168.34.62:41632, 24020d0b-ce61-4f5a-b0b0-c561541e8cd4:192.168.34.62:42892, 2a93f7e5-ecb9-41da-9c47-70e13ba76d7d:192.168.34.62:35412], old=null
2019-10-17 07:43:08,063 [grpc-default-executor-0] INFO  impl.RaftServerImpl (RaftServerImpl.java:setRole(184)) - 37bd8e8c-ea68-4b1c-8659-8d001c4f3b5c@group-A9EE991D717F: changes role from  FOLLOWER to FOLLOWER at term 24 for recognizeCandidate:2a93f7e5-ecb9-41da-9c47-70e13ba76d7d
2019-10-17 07:43:08,063 [grpc-default-executor-0] INFO  impl.RoleInfo (RoleInfo.java:shutdownFollowerState(121)) - 37bd8e8c-ea68-4b1c-8659-8d001c4f3b5c: shutdown FollowerState
2019-10-17 07:43:08,063 [grpc-default-executor-1] INFO  impl.RaftServerImpl (RaftServerImpl.java:setRole(184)) - 24020d0b-ce61-4f5a-b0b0-c561541e8cd4@group-A9EE991D717F: changes role from  FOLLOWER to FOLLOWER at term 24 for recognizeCandidate:2a93f7e5-ecb9-41da-9c47-70e13ba76d7d
2019-10-17 07:43:08,063 [Thread-701] INFO  impl.FollowerState (FollowerState.java:run(117)) - 37bd8e8c-ea68-4b1c-8659-8d001c4f3b5c@group-A9EE991D717F-FollowerState was interrupted: java.lang.InterruptedException: sleep interrupted
2019-10-17 07:43:08,063 [grpc-default-executor-0] INFO  impl.RoleInfo (RoleInfo.java:updateAndGet(143)) - 37bd8e8c-ea68-4b1c-8659-8d001c4f3b5c: start FollowerState
2019-10-17 07:43:08,063 [grpc-default-executor-1] INFO  impl.RoleInfo (RoleInfo.java:shutdownFollowerState(121)) - 24020d0b-ce61-4f5a-b0b0-c561541e8cd4: shutdown FollowerState
2019-10-17 07:43:08,064 [grpc-default-executor-1] INFO  impl.RoleInfo (RoleInfo.java:updateAndGet(143)) - 24020d0b-ce61-4f5a-b0b0-c561541e8cd4: start FollowerState
2019-10-17 07:43:08,064 [Thread-702] INFO  impl.FollowerState (FollowerState.java:run(117)) - 24020d0b-ce61-4f5a-b0b0-c561541e8cd4@group-A9EE991D717F-FollowerState was interrupted: java.lang.InterruptedException: sleep interrupted
2019-10-17 07:43:08,089 [2a93f7e5-ecb9-41da-9c47-70e13ba76d7d@group-A9EE991D717F-LeaderElection45] INFO  impl.LeaderElection (LeaderElection.java:logAndReturn(56)) - 2a93f7e5-ecb9-41da-9c47-70e13ba76d7d@group-A9EE991D717F-LeaderElection45: Election REJECTED; received 2 response(s) [2a93f7e5-ecb9-41da-9c47-70e13ba76d7d<-37bd8e8c-ea68-4b1c-8659-8d001c4f3b5c#0:FAIL-t24, 2a93f7e5-ecb9-41da-9c47-70e13ba76d7d<-24020d0b-ce61-4f5a-b0b0-c561541e8cd4#0:FAIL-t24] and 0 exception(s); 2a93f7e5-ecb9-41da-9c47-70e13ba76d7d@group-A9EE991D717F:t24, leader=null, voted=2a93f7e5-ecb9-41da-9c47-70e13ba76d7d, raftlog=2a93f7e5-ecb9-41da-9c47-70e13ba76d7d@group-A9EE991D717F-SegmentedRaftLog:OPENED:c-1,f0,i0, conf=0: [37bd8e8c-ea68-4b1c-8659-8d001c4f3b5c:192.168.34.62:41632, 24020d0b-ce61-4f5a-b0b0-c561541e8cd4:192.168.34.62:42892, 2a93f7e5-ecb9-41da-9c47-70e13ba76d7d:192.168.34.62:35412], old=null
2019-10-17 07:43:08,089 [2a93f7e5-ecb9-41da-9c47-70e13ba76d7d@group-A9EE991D717F-LeaderElection45] INFO  impl.RaftServerImpl (RaftServerImpl.java:setRole(184)) - 2a93f7e5-ecb9-41da-9c47-70e13ba76d7d@group-A9EE991D717F: changes role from CANDIDATE to FOLLOWER at term 24 for DISCOVERED_A_NEW_TERM
2019-10-17 07:43:08,090 [2a93f7e5-ecb9-41da-9c47-70e13ba76d7d@group-A9EE991D717F-LeaderElection45] INFO  impl.RoleInfo (RoleInfo.java:shutdownLeaderElection(134)) - 2a93f7e5-ecb9-41da-9c47-70e13ba76d7d: shutdown LeaderElection
2019-10-17 07:43:08,090 [2a93f7e5-ecb9-41da-9c47-70e13ba76d7d@group-A9EE991D717F-LeaderElection45] INFO  impl.RoleInfo (RoleInfo.java:updateAndGet(143)) - 2a93f7e5-ecb9-41da-9c47-70e13ba76d7d: start FollowerState
2019-10-17 07:43:08,141 [EventQueue-PipelineReportForPipelineReportHandler] INFO  pipeline.PipelineReportHandler (PipelineReportHandler.java:processPipelineReport(119)) - Pipeline PipelineID=4019cae6-87b7-45d6-99b0-a9ee991d717f reported by 2a93f7e5-ecb9-41da-9c47-70e13ba76d7d{ip: 192.168.34.62, host: pr-hdds-1868-lzclr-202649289, networkLocation: /default-rack, certSerialId: null} with leaderId 
2019-10-17 07:43:08,142 [EventQueue-ProcessedPipelineReportForOneReplicaPipelineSafeModeRule] INFO  safemode.SCMSafeModeManager (OneReplicaPipelineSafeModeRule.java:process(134)) - SCM in safe mode. Pipelines with atleast one datanode reported count is 1, required atleast one datanode reported per pipeline count is 2
2019-10-17 07:43:08,243 [Thread-709] INFO  impl.FollowerState (FollowerState.java:run(108)) - 2a93f7e5-ecb9-41da-9c47-70e13ba76d7d@group-A9EE991D717F-FollowerState: change to CANDIDATE, lastRpcTime:153ms, electionTimeout:153ms
2019-10-17 07:43:08,243 [Thread-709] INFO  impl.RoleInfo (RoleInfo.java:shutdownFollowerState(121)) - 2a93f7e5-ecb9-41da-9c47-70e13ba76d7d: shutdown FollowerState
2019-10-17 07:43:08,243 [Thread-709] INFO  impl.RaftServerImpl (RaftServerImpl.java:setRole(184)) - 2a93f7e5-ecb9-41da-9c47-70e13ba76d7d@group-A9EE991D717F: changes role from  FOLLOWER to CANDIDATE at term 24 for changeToCandidate
2019-10-17 07:43:08,244 [Thread-709] INFO  impl.RoleInfo (RoleInfo.java:updateAndGet(143)) - 2a93f7e5-ecb9-41da-9c47-70e13ba76d7d: start LeaderElection
2019-10-17 07:43:08,267 [2a93f7e5-ecb9-41da-9c47-70e13ba76d7d@group-A9EE991D717F-LeaderElection46] INFO  impl.LeaderElection (LeaderElection.java:askForVotes(178)) - 2a93f7e5-ecb9-41da-9c47-70e13ba76d7d@group-A9EE991D717F-LeaderElection46: begin an election at term 25 for 0: [37bd8e8c-ea68-4b1c-8659-8d001c4f3b5c:192.168.34.62:41632, 24020d0b-ce61-4f5a-b0b0-c561541e8cd4:192.168.34.62:42892, 2a93f7e5-ecb9-41da-9c47-70e13ba76d7d:192.168.34.62:35412], old=null
2019-10-17 07:43:08,272 [grpc-default-executor-0] INFO  impl.RaftServerImpl (RaftServerImpl.java:setRole(184)) - 37bd8e8c-ea68-4b1c-8659-8d001c4f3b5c@group-A9EE991D717F: changes role from  FOLLOWER to FOLLOWER at term 25 for recognizeCandidate:2a93f7e5-ecb9-41da-9c47-70e13ba76d7d
2019-10-17 07:43:08,272 [grpc-default-executor-1] INFO  impl.RaftServerImpl (RaftServerImpl.java:setRole(184)) - 24020d0b-ce61-4f5a-b0b0-c561541e8cd4@group-A9EE991D717F: changes role from  FOLLOWER to FOLLOWER at term 25 for recognizeCandidate:2a93f7e5-ecb9-41da-9c47-70e13ba76d7d
2019-10-17 07:43:08,273 [grpc-default-executor-0] INFO  impl.RoleInfo (RoleInfo.java:shutdownFollowerState(121)) - 37bd8e8c-ea68-4b1c-8659-8d001c4f3b5c: shutdown FollowerState
2019-10-17 07:43:08,273 [grpc-default-executor-1] INFO  impl.RoleInfo (RoleInfo.java:shutdownFollowerState(121)) - 24020d0b-ce61-4f5a-b0b0-c561541e8cd4: shutdown FollowerState
2019-10-17 07:43:08,273 [Thread-707] INFO  impl.FollowerState (FollowerState.java:run(117)) - 37bd8e8c-ea68-4b1c-8659-8d001c4f3b5c@group-A9EE991D717F-FollowerState was interrupted: java.lang.InterruptedException: sleep interrupted
2019-10-17 07:43:08,273 [grpc-default-executor-0] INFO  impl.RoleInfo (RoleInfo.java:updateAndGet(143)) - 37bd8e8c-ea68-4b1c-8659-8d001c4f3b5c: start FollowerState
2019-10-17 07:43:08,273 [Thread-708] INFO  impl.FollowerState (FollowerState.java:run(117)) - 24020d0b-ce61-4f5a-b0b0-c561541e8cd4@group-A9EE991D717F-FollowerState was interrupted: java.lang.InterruptedException: sleep interrupted
2019-10-17 07:43:08,273 [grpc-default-executor-1] INFO  impl.RoleInfo (RoleInfo.java:updateAndGet(143)) - 24020d0b-ce61-4f5a-b0b0-c561541e8cd4: start FollowerState
2019-10-17 07:43:08,316 [2a93f7e5-ecb9-41da-9c47-70e13ba76d7d@group-A9EE991D717F-LeaderElection46] INFO  impl.LeaderElection (LeaderElection.java:logAndReturn(56)) - 2a93f7e5-ecb9-41da-9c47-70e13ba76d7d@group-A9EE991D717F-LeaderElection46: Election REJECTED; received 2 response(s) [2a93f7e5-ecb9-41da-9c47-70e13ba76d7d<-37bd8e8c-ea68-4b1c-8659-8d001c4f3b5c#0:FAIL-t25, 2a93f7e5-ecb9-41da-9c47-70e13ba76d7d<-24020d0b-ce61-4f5a-b0b0-c561541e8cd4#0:FAIL-t25] and 0 exception(s); 2a93f7e5-ecb9-41da-9c47-70e13ba76d7d@group-A9EE991D717F:t25, leader=null, voted=2a93f7e5-ecb9-41da-9c47-70e13ba76d7d, raftlog=2a93f7e5-ecb9-41da-9c47-70e13ba76d7d@group-A9EE991D717F-SegmentedRaftLog:OPENED:c-1,f0,i0, conf=0: [37bd8e8c-ea68-4b1c-8659-8d001c4f3b5c:192.168.34.62:41632, 24020d0b-ce61-4f5a-b0b0-c561541e8cd4:192.168.34.62:42892, 2a93f7e5-ecb9-41da-9c47-70e13ba76d7d:192.168.34.62:35412], old=null
2019-10-17 07:43:08,316 [2a93f7e5-ecb9-41da-9c47-70e13ba76d7d@group-A9EE991D717F-LeaderElection46] INFO  impl.RaftServerImpl (RaftServerImpl.java:setRole(184)) - 2a93f7e5-ecb9-41da-9c47-70e13ba76d7d@group-A9EE991D717F: changes role from CANDIDATE to FOLLOWER at term 25 for DISCOVERED_A_NEW_TERM
2019-10-17 07:43:08,316 [2a93f7e5-ecb9-41da-9c47-70e13ba76d7d@group-A9EE991D717F-LeaderElection46] INFO  impl.RoleInfo (RoleInfo.java:shutdownLeaderElection(134)) - 2a93f7e5-ecb9-41da-9c47-70e13ba76d7d: shutdown LeaderElection
2019-10-17 07:43:08,316 [2a93f7e5-ecb9-41da-9c47-70e13ba76d7d@group-A9EE991D717F-LeaderElection46] INFO  impl.RoleInfo (RoleInfo.java:updateAndGet(143)) - 2a93f7e5-ecb9-41da-9c47-70e13ba76d7d: start FollowerState
2019-10-17 07:43:08,416 [Thread-715] INFO  impl.FollowerState (FollowerState.java:run(108)) - 2a93f7e5-ecb9-41da-9c47-70e13ba76d7d@group-A9EE991D717F-FollowerState: change to CANDIDATE, lastRpcTime:99ms, electionTimeout:99ms
2019-10-17 07:43:08,416 [Thread-715] INFO  impl.RoleInfo (RoleInfo.java:shutdownFollowerState(121)) - 2a93f7e5-ecb9-41da-9c47-70e13ba76d7d: shutdown FollowerState
2019-10-17 07:43:08,416 [Thread-715] INFO  impl.RaftServerImpl (RaftServerImpl.java:setRole(184)) - 2a93f7e5-ecb9-41da-9c47-70e13ba76d7d@group-A9EE991D717F: changes role from  FOLLOWER to CANDIDATE at term 25 for changeToCandidate
2019-10-17 07:43:08,416 [Thread-715] INFO  impl.RoleInfo (RoleInfo.java:updateAndGet(143)) - 2a93f7e5-ecb9-41da-9c47-70e13ba76d7d: start LeaderElection
2019-10-17 07:43:08,439 [2a93f7e5-ecb9-41da-9c47-70e13ba76d7d@group-A9EE991D717F-LeaderElection47] INFO  impl.LeaderElection (LeaderElection.java:askForVotes(178)) - 2a93f7e5-ecb9-41da-9c47-70e13ba76d7d@group-A9EE991D717F-LeaderElection47: begin an election at term 26 for 0: [37bd8e8c-ea68-4b1c-8659-8d001c4f3b5c:192.168.34.62:41632, 24020d0b-ce61-4f5a-b0b0-c561541e8cd4:192.168.34.62:42892, 2a93f7e5-ecb9-41da-9c47-70e13ba76d7d:192.168.34.62:35412], old=null
2019-10-17 07:43:08,441 [grpc-default-executor-0] INFO  impl.RaftServerImpl (RaftServerImpl.java:setRole(184)) - 24020d0b-ce61-4f5a-b0b0-c561541e8cd4@group-A9EE991D717F: changes role from  FOLLOWER to FOLLOWER at term 26 for recognizeCandidate:2a93f7e5-ecb9-41da-9c47-70e13ba76d7d
2019-10-17 07:43:08,441 [grpc-default-executor-1] INFO  impl.RaftServerImpl (RaftServerImpl.java:setRole(184)) - 37bd8e8c-ea68-4b1c-8659-8d001c4f3b5c@group-A9EE991D717F: changes role from  FOLLOWER to FOLLOWER at term 26 for recognizeCandidate:2a93f7e5-ecb9-41da-9c47-70e13ba76d7d
2019-10-17 07:43:08,442 [grpc-default-executor-0] INFO  impl.RoleInfo (RoleInfo.java:shutdownFollowerState(121)) - 24020d0b-ce61-4f5a-b0b0-c561541e8cd4: shutdown FollowerState
2019-10-17 07:43:08,442 [grpc-default-executor-1] INFO  impl.RoleInfo (RoleInfo.java:shutdownFollowerState(121)) - 37bd8e8c-ea68-4b1c-8659-8d001c4f3b5c: shutdown FollowerState
2019-10-17 07:43:08,442 [Thread-714] INFO  impl.FollowerState (FollowerState.java:run(117)) - 24020d0b-ce61-4f5a-b0b0-c561541e8cd4@group-A9EE991D717F-FollowerState was interrupted: java.lang.InterruptedException: sleep interrupted
2019-10-17 07:43:08,442 [grpc-default-executor-0] INFO  impl.RoleInfo (RoleInfo.java:updateAndGet(143)) - 24020d0b-ce61-4f5a-b0b0-c561541e8cd4: start FollowerState
2019-10-17 07:43:08,442 [Thread-713] INFO  impl.FollowerState (FollowerState.java:run(117)) - 37bd8e8c-ea68-4b1c-8659-8d001c4f3b5c@group-A9EE991D717F-FollowerState was interrupted: java.lang.InterruptedException: sleep interrupted
2019-10-17 07:43:08,442 [grpc-default-executor-1] INFO  impl.RoleInfo (RoleInfo.java:updateAndGet(143)) - 37bd8e8c-ea68-4b1c-8659-8d001c4f3b5c: start FollowerState
2019-10-17 07:43:08,465 [2a93f7e5-ecb9-41da-9c47-70e13ba76d7d@group-A9EE991D717F-LeaderElection47] INFO  impl.LeaderElection (LeaderElection.java:logAndReturn(56)) - 2a93f7e5-ecb9-41da-9c47-70e13ba76d7d@group-A9EE991D717F-LeaderElection47: Election REJECTED; received 2 response(s) [2a93f7e5-ecb9-41da-9c47-70e13ba76d7d<-37bd8e8c-ea68-4b1c-8659-8d001c4f3b5c#0:FAIL-t26, 2a93f7e5-ecb9-41da-9c47-70e13ba76d7d<-24020d0b-ce61-4f5a-b0b0-c561541e8cd4#0:FAIL-t26] and 0 exception(s); 2a93f7e5-ecb9-41da-9c47-70e13ba76d7d@group-A9EE991D717F:t26, leader=null, voted=2a93f7e5-ecb9-41da-9c47-70e13ba76d7d, raftlog=2a93f7e5-ecb9-41da-9c47-70e13ba76d7d@group-A9EE991D717F-SegmentedRaftLog:OPENED:c-1,f0,i0, conf=0: [37bd8e8c-ea68-4b1c-8659-8d001c4f3b5c:192.168.34.62:41632, 24020d0b-ce61-4f5a-b0b0-c561541e8cd4:192.168.34.62:42892, 2a93f7e5-ecb9-41da-9c47-70e13ba76d7d:192.168.34.62:35412], old=null
2019-10-17 07:43:08,466 [2a93f7e5-ecb9-41da-9c47-70e13ba76d7d@group-A9EE991D717F-LeaderElection47] INFO  impl.RaftServerImpl (RaftServerImpl.java:setRole(184)) - 2a93f7e5-ecb9-41da-9c47-70e13ba76d7d@group-A9EE991D717F: changes role from CANDIDATE to FOLLOWER at term 26 for DISCOVERED_A_NEW_TERM
2019-10-17 07:43:08,466 [2a93f7e5-ecb9-41da-9c47-70e13ba76d7d@group-A9EE991D717F-LeaderElection47] INFO  impl.RoleInfo (RoleInfo.java:shutdownLeaderElection(134)) - 2a93f7e5-ecb9-41da-9c47-70e13ba76d7d: shutdown LeaderElection
2019-10-17 07:43:08,466 [2a93f7e5-ecb9-41da-9c47-70e13ba76d7d@group-A9EE991D717F-LeaderElection47] INFO  impl.RoleInfo (RoleInfo.java:updateAndGet(143)) - 2a93f7e5-ecb9-41da-9c47-70e13ba76d7d: start FollowerState
2019-10-17 07:43:08,631 [Thread-721] INFO  impl.FollowerState (FollowerState.java:run(108)) - 2a93f7e5-ecb9-41da-9c47-70e13ba76d7d@group-A9EE991D717F-FollowerState: change to CANDIDATE, lastRpcTime:165ms, electionTimeout:165ms
2019-10-17 07:43:08,631 [Thread-721] INFO  impl.RoleInfo (RoleInfo.java:shutdownFollowerState(121)) - 2a93f7e5-ecb9-41da-9c47-70e13ba76d7d: shutdown FollowerState
2019-10-17 07:43:08,632 [Thread-721] INFO  impl.RaftServerImpl (RaftServerImpl.java:setRole(184)) - 2a93f7e5-ecb9-41da-9c47-70e13ba76d7d@group-A9EE991D717F: changes role from  FOLLOWER to CANDIDATE at term 26 for changeToCandidate
2019-10-17 07:43:08,632 [Thread-721] INFO  impl.RoleInfo (RoleInfo.java:updateAndGet(143)) - 2a93f7e5-ecb9-41da-9c47-70e13ba76d7d: start LeaderElection
2019-10-17 07:43:08,655 [2a93f7e5-ecb9-41da-9c47-70e13ba76d7d@group-A9EE991D717F-LeaderElection48] INFO  impl.LeaderElection (LeaderElection.java:askForVotes(178)) - 2a93f7e5-ecb9-41da-9c47-70e13ba76d7d@group-A9EE991D717F-LeaderElection48: begin an election at term 27 for 0: [37bd8e8c-ea68-4b1c-8659-8d001c4f3b5c:192.168.34.62:41632, 24020d0b-ce61-4f5a-b0b0-c561541e8cd4:192.168.34.62:42892, 2a93f7e5-ecb9-41da-9c47-70e13ba76d7d:192.168.34.62:35412], old=null
2019-10-17 07:43:08,660 [grpc-default-executor-1] INFO  impl.RaftServerImpl (RaftServerImpl.java:setRole(184)) - 37bd8e8c-ea68-4b1c-8659-8d001c4f3b5c@group-A9EE991D717F: changes role from  FOLLOWER to FOLLOWER at term 27 for recognizeCandidate:2a93f7e5-ecb9-41da-9c47-70e13ba76d7d
2019-10-17 07:43:08,660 [grpc-default-executor-1] INFO  impl.RoleInfo (RoleInfo.java:shutdownFollowerState(121)) - 37bd8e8c-ea68-4b1c-8659-8d001c4f3b5c: shutdown FollowerState
2019-10-17 07:43:08,660 [grpc-default-executor-1] INFO  impl.RoleInfo (RoleInfo.java:updateAndGet(143)) - 37bd8e8c-ea68-4b1c-8659-8d001c4f3b5c: start FollowerState
2019-10-17 07:43:08,660 [Thread-720] INFO  impl.FollowerState (FollowerState.java:run(117)) - 37bd8e8c-ea68-4b1c-8659-8d001c4f3b5c@group-A9EE991D717F-FollowerState was interrupted: java.lang.InterruptedException: sleep interrupted
2019-10-17 07:43:08,660 [grpc-default-executor-0] INFO  impl.RaftServerImpl (RaftServerImpl.java:setRole(184)) - 24020d0b-ce61-4f5a-b0b0-c561541e8cd4@group-A9EE991D717F: changes role from  FOLLOWER to FOLLOWER at term 27 for recognizeCandidate:2a93f7e5-ecb9-41da-9c47-70e13ba76d7d
2019-10-17 07:43:08,661 [grpc-default-executor-0] INFO  impl.RoleInfo (RoleInfo.java:shutdownFollowerState(121)) - 24020d0b-ce61-4f5a-b0b0-c561541e8cd4: shutdown FollowerState
2019-10-17 07:43:08,661 [grpc-default-executor-0] INFO  impl.RoleInfo (RoleInfo.java:updateAndGet(143)) - 24020d0b-ce61-4f5a-b0b0-c561541e8cd4: start FollowerState
2019-10-17 07:43:08,661 [Thread-719] INFO  impl.FollowerState (FollowerState.java:run(117)) - 24020d0b-ce61-4f5a-b0b0-c561541e8cd4@group-A9EE991D717F-FollowerState was interrupted: java.lang.InterruptedException: sleep interrupted
2019-10-17 07:43:08,676 [2a93f7e5-ecb9-41da-9c47-70e13ba76d7d@group-A9EE991D717F-LeaderElection48] INFO  impl.LeaderElection (LeaderElection.java:logAndReturn(56)) - 2a93f7e5-ecb9-41da-9c47-70e13ba76d7d@group-A9EE991D717F-LeaderElection48: Election REJECTED; received 2 response(s) [2a93f7e5-ecb9-41da-9c47-70e13ba76d7d<-37bd8e8c-ea68-4b1c-8659-8d001c4f3b5c#0:FAIL-t27, 2a93f7e5-ecb9-41da-9c47-70e13ba76d7d<-24020d0b-ce61-4f5a-b0b0-c561541e8cd4#0:FAIL-t27] and 0 exception(s); 2a93f7e5-ecb9-41da-9c47-70e13ba76d7d@group-A9EE991D717F:t27, leader=null, voted=2a93f7e5-ecb9-41da-9c47-70e13ba76d7d, raftlog=2a93f7e5-ecb9-41da-9c47-70e13ba76d7d@group-A9EE991D717F-SegmentedRaftLog:OPENED:c-1,f0,i0, conf=0: [37bd8e8c-ea68-4b1c-8659-8d001c4f3b5c:192.168.34.62:41632, 24020d0b-ce61-4f5a-b0b0-c561541e8cd4:192.168.34.62:42892, 2a93f7e5-ecb9-41da-9c47-70e13ba76d7d:192.168.34.62:35412], old=null
2019-10-17 07:43:08,677 [2a93f7e5-ecb9-41da-9c47-70e13ba76d7d@group-A9EE991D717F-LeaderElection48] INFO  impl.RaftServerImpl (RaftServerImpl.java:setRole(184)) - 2a93f7e5-ecb9-41da-9c47-70e13ba76d7d@group-A9EE991D717F: changes role from CANDIDATE to FOLLOWER at term 27 for DISCOVERED_A_NEW_TERM
2019-10-17 07:43:08,677 [2a93f7e5-ecb9-41da-9c47-70e13ba76d7d@group-A9EE991D717F-LeaderElection48] INFO  impl.RoleInfo (RoleInfo.java:shutdownLeaderElection(134)) - 2a93f7e5-ecb9-41da-9c47-70e13ba76d7d: shutdown LeaderElection
2019-10-17 07:43:08,677 [2a93f7e5-ecb9-41da-9c47-70e13ba76d7d@group-A9EE991D717F-LeaderElection48] INFO  impl.RoleInfo (RoleInfo.java:updateAndGet(143)) - 2a93f7e5-ecb9-41da-9c47-70e13ba76d7d: start FollowerState
2019-10-17 07:43:08,765 [Thread-727] INFO  impl.FollowerState (FollowerState.java:run(108)) - 2a93f7e5-ecb9-41da-9c47-70e13ba76d7d@group-A9EE991D717F-FollowerState: change to CANDIDATE, lastRpcTime:88ms, electionTimeout:88ms
2019-10-17 07:43:08,766 [Thread-727] INFO  impl.RoleInfo (RoleInfo.java:shutdownFollowerState(121)) - 2a93f7e5-ecb9-41da-9c47-70e13ba76d7d: shutdown FollowerState
2019-10-17 07:43:08,766 [Thread-727] INFO  impl.RaftServerImpl (RaftServerImpl.java:setRole(184)) - 2a93f7e5-ecb9-41da-9c47-70e13ba76d7d@group-A9EE991D717F: changes role from  FOLLOWER to CANDIDATE at term 27 for changeToCandidate
2019-10-17 07:43:08,766 [Thread-727] INFO  impl.RoleInfo (RoleInfo.java:updateAndGet(143)) - 2a93f7e5-ecb9-41da-9c47-70e13ba76d7d: start LeaderElection
2019-10-17 07:43:08,790 [2a93f7e5-ecb9-41da-9c47-70e13ba76d7d@group-A9EE991D717F-LeaderElection49] INFO  impl.LeaderElection (LeaderElection.java:askForVotes(178)) - 2a93f7e5-ecb9-41da-9c47-70e13ba76d7d@group-A9EE991D717F-LeaderElection49: begin an election at term 28 for 0: [37bd8e8c-ea68-4b1c-8659-8d001c4f3b5c:192.168.34.62:41632, 24020d0b-ce61-4f5a-b0b0-c561541e8cd4:192.168.34.62:42892, 2a93f7e5-ecb9-41da-9c47-70e13ba76d7d:192.168.34.62:35412], old=null
2019-10-17 07:43:08,793 [grpc-default-executor-0] INFO  impl.RaftServerImpl (RaftServerImpl.java:setRole(184)) - 24020d0b-ce61-4f5a-b0b0-c561541e8cd4@group-A9EE991D717F: changes role from  FOLLOWER to FOLLOWER at term 28 for recognizeCandidate:2a93f7e5-ecb9-41da-9c47-70e13ba76d7d
2019-10-17 07:43:08,793 [grpc-default-executor-1] INFO  impl.RaftServerImpl (RaftServerImpl.java:setRole(184)) - 37bd8e8c-ea68-4b1c-8659-8d001c4f3b5c@group-A9EE991D717F: changes role from  FOLLOWER to FOLLOWER at term 28 for recognizeCandidate:2a93f7e5-ecb9-41da-9c47-70e13ba76d7d
2019-10-17 07:43:08,793 [grpc-default-executor-0] INFO  impl.RoleInfo (RoleInfo.java:shutdownFollowerState(121)) - 24020d0b-ce61-4f5a-b0b0-c561541e8cd4: shutdown FollowerState
2019-10-17 07:43:08,793 [grpc-default-executor-1] INFO  impl.RoleInfo (RoleInfo.java:shutdownFollowerState(121)) - 37bd8e8c-ea68-4b1c-8659-8d001c4f3b5c: shutdown FollowerState
2019-10-17 07:43:08,793 [Thread-726] INFO  impl.FollowerState (FollowerState.java:run(117)) - 24020d0b-ce61-4f5a-b0b0-c561541e8cd4@group-A9EE991D717F-FollowerState was interrupted: java.lang.InterruptedException: sleep interrupted
2019-10-17 07:43:08,794 [Thread-725] INFO  impl.FollowerState (FollowerState.java:run(117)) - 37bd8e8c-ea68-4b1c-8659-8d001c4f3b5c@group-A9EE991D717F-FollowerState was interrupted: java.lang.InterruptedException: sleep interrupted
2019-10-17 07:43:08,793 [grpc-default-executor-0] INFO  impl.RoleInfo (RoleInfo.java:updateAndGet(143)) - 24020d0b-ce61-4f5a-b0b0-c561541e8cd4: start FollowerState
2019-10-17 07:43:08,794 [grpc-default-executor-1] INFO  impl.RoleInfo (RoleInfo.java:updateAndGet(143)) - 37bd8e8c-ea68-4b1c-8659-8d001c4f3b5c: start FollowerState
2019-10-17 07:43:08,827 [2a93f7e5-ecb9-41da-9c47-70e13ba76d7d@group-A9EE991D717F-LeaderElection49] INFO  impl.LeaderElection (LeaderElection.java:logAndReturn(56)) - 2a93f7e5-ecb9-41da-9c47-70e13ba76d7d@group-A9EE991D717F-LeaderElection49: Election REJECTED; received 2 response(s) [2a93f7e5-ecb9-41da-9c47-70e13ba76d7d<-37bd8e8c-ea68-4b1c-8659-8d001c4f3b5c#0:FAIL-t28, 2a93f7e5-ecb9-41da-9c47-70e13ba76d7d<-24020d0b-ce61-4f5a-b0b0-c561541e8cd4#0:FAIL-t28] and 0 exception(s); 2a93f7e5-ecb9-41da-9c47-70e13ba76d7d@group-A9EE991D717F:t28, leader=null, voted=2a93f7e5-ecb9-41da-9c47-70e13ba76d7d, raftlog=2a93f7e5-ecb9-41da-9c47-70e13ba76d7d@group-A9EE991D717F-SegmentedRaftLog:OPENED:c-1,f0,i0, conf=0: [37bd8e8c-ea68-4b1c-8659-8d001c4f3b5c:192.168.34.62:41632, 24020d0b-ce61-4f5a-b0b0-c561541e8cd4:192.168.34.62:42892, 2a93f7e5-ecb9-41da-9c47-70e13ba76d7d:192.168.34.62:35412], old=null
2019-10-17 07:43:08,827 [2a93f7e5-ecb9-41da-9c47-70e13ba76d7d@group-A9EE991D717F-LeaderElection49] INFO  impl.RaftServerImpl (RaftServerImpl.java:setRole(184)) - 2a93f7e5-ecb9-41da-9c47-70e13ba76d7d@group-A9EE991D717F: changes role from CANDIDATE to FOLLOWER at term 28 for DISCOVERED_A_NEW_TERM
2019-10-17 07:43:08,827 [2a93f7e5-ecb9-41da-9c47-70e13ba76d7d@group-A9EE991D717F-LeaderElection49] INFO  impl.RoleInfo (RoleInfo.java:shutdownLeaderElection(134)) - 2a93f7e5-ecb9-41da-9c47-70e13ba76d7d: shutdown LeaderElection
2019-10-17 07:43:08,827 [2a93f7e5-ecb9-41da-9c47-70e13ba76d7d@group-A9EE991D717F-LeaderElection49] INFO  impl.RoleInfo (RoleInfo.java:updateAndGet(143)) - 2a93f7e5-ecb9-41da-9c47-70e13ba76d7d: start FollowerState
2019-10-17 07:43:08,879 [Thread-733] INFO  impl.FollowerState (FollowerState.java:run(108)) - 2a93f7e5-ecb9-41da-9c47-70e13ba76d7d@group-A9EE991D717F-FollowerState: change to CANDIDATE, lastRpcTime:51ms, electionTimeout:51ms
2019-10-17 07:43:08,879 [Thread-733] INFO  impl.RoleInfo (RoleInfo.java:shutdownFollowerState(121)) - 2a93f7e5-ecb9-41da-9c47-70e13ba76d7d: shutdown FollowerState
2019-10-17 07:43:08,879 [Thread-733] INFO  impl.RaftServerImpl (RaftServerImpl.java:setRole(184)) - 2a93f7e5-ecb9-41da-9c47-70e13ba76d7d@group-A9EE991D717F: changes role from  FOLLOWER to CANDIDATE at term 28 for changeToCandidate
2019-10-17 07:43:08,879 [Thread-733] INFO  impl.RoleInfo (RoleInfo.java:updateAndGet(143)) - 2a93f7e5-ecb9-41da-9c47-70e13ba76d7d: start LeaderElection
2019-10-17 07:43:08,907 [2a93f7e5-ecb9-41da-9c47-70e13ba76d7d@group-A9EE991D717F-LeaderElection50] INFO  impl.LeaderElection (LeaderElection.java:askForVotes(178)) - 2a93f7e5-ecb9-41da-9c47-70e13ba76d7d@group-A9EE991D717F-LeaderElection50: begin an election at term 29 for 0: [37bd8e8c-ea68-4b1c-8659-8d001c4f3b5c:192.168.34.62:41632, 24020d0b-ce61-4f5a-b0b0-c561541e8cd4:192.168.34.62:42892, 2a93f7e5-ecb9-41da-9c47-70e13ba76d7d:192.168.34.62:35412], old=null
2019-10-17 07:43:08,912 [grpc-default-executor-0] INFO  impl.RaftServerImpl (RaftServerImpl.java:setRole(184)) - 24020d0b-ce61-4f5a-b0b0-c561541e8cd4@group-A9EE991D717F: changes role from  FOLLOWER to FOLLOWER at term 29 for recognizeCandidate:2a93f7e5-ecb9-41da-9c47-70e13ba76d7d
2019-10-17 07:43:08,912 [grpc-default-executor-1] INFO  impl.RaftServerImpl (RaftServerImpl.java:setRole(184)) - 37bd8e8c-ea68-4b1c-8659-8d001c4f3b5c@group-A9EE991D717F: changes role from  FOLLOWER to FOLLOWER at term 29 for recognizeCandidate:2a93f7e5-ecb9-41da-9c47-70e13ba76d7d
2019-10-17 07:43:08,912 [grpc-default-executor-0] INFO  impl.RoleInfo (RoleInfo.java:shutdownFollowerState(121)) - 24020d0b-ce61-4f5a-b0b0-c561541e8cd4: shutdown FollowerState
2019-10-17 07:43:08,913 [grpc-default-executor-1] INFO  impl.RoleInfo (RoleInfo.java:shutdownFollowerState(121)) - 37bd8e8c-ea68-4b1c-8659-8d001c4f3b5c: shutdown FollowerState
2019-10-17 07:43:08,913 [Thread-731] INFO  impl.FollowerState (FollowerState.java:run(117)) - 24020d0b-ce61-4f5a-b0b0-c561541e8cd4@group-A9EE991D717F-FollowerState was interrupted: java.lang.InterruptedException: sleep interrupted
2019-10-17 07:43:08,913 [grpc-default-executor-0] INFO  impl.RoleInfo (RoleInfo.java:updateAndGet(143)) - 24020d0b-ce61-4f5a-b0b0-c561541e8cd4: start FollowerState
2019-10-17 07:43:08,913 [Thread-732] INFO  impl.FollowerState (FollowerState.java:run(117)) - 37bd8e8c-ea68-4b1c-8659-8d001c4f3b5c@group-A9EE991D717F-FollowerState was interrupted: java.lang.InterruptedException: sleep interrupted
2019-10-17 07:43:08,913 [grpc-default-executor-1] INFO  impl.RoleInfo (RoleInfo.java:updateAndGet(143)) - 37bd8e8c-ea68-4b1c-8659-8d001c4f3b5c: start FollowerState
2019-10-17 07:43:08,940 [2a93f7e5-ecb9-41da-9c47-70e13ba76d7d@group-A9EE991D717F-LeaderElection50] INFO  impl.LeaderElection (LeaderElection.java:logAndReturn(56)) - 2a93f7e5-ecb9-41da-9c47-70e13ba76d7d@group-A9EE991D717F-LeaderElection50: Election REJECTED; received 2 response(s) [2a93f7e5-ecb9-41da-9c47-70e13ba76d7d<-37bd8e8c-ea68-4b1c-8659-8d001c4f3b5c#0:FAIL-t29, 2a93f7e5-ecb9-41da-9c47-70e13ba76d7d<-24020d0b-ce61-4f5a-b0b0-c561541e8cd4#0:FAIL-t29] and 0 exception(s); 2a93f7e5-ecb9-41da-9c47-70e13ba76d7d@group-A9EE991D717F:t29, leader=null, voted=2a93f7e5-ecb9-41da-9c47-70e13ba76d7d, raftlog=2a93f7e5-ecb9-41da-9c47-70e13ba76d7d@group-A9EE991D717F-SegmentedRaftLog:OPENED:c-1,f0,i0, conf=0: [37bd8e8c-ea68-4b1c-8659-8d001c4f3b5c:192.168.34.62:41632, 24020d0b-ce61-4f5a-b0b0-c561541e8cd4:192.168.34.62:42892, 2a93f7e5-ecb9-41da-9c47-70e13ba76d7d:192.168.34.62:35412], old=null
2019-10-17 07:43:08,941 [2a93f7e5-ecb9-41da-9c47-70e13ba76d7d@group-A9EE991D717F-LeaderElection50] INFO  impl.RaftServerImpl (RaftServerImpl.java:setRole(184)) - 2a93f7e5-ecb9-41da-9c47-70e13ba76d7d@group-A9EE991D717F: changes role from CANDIDATE to FOLLOWER at term 29 for DISCOVERED_A_NEW_TERM
2019-10-17 07:43:08,941 [2a93f7e5-ecb9-41da-9c47-70e13ba76d7d@group-A9EE991D717F-LeaderElection50] INFO  impl.RoleInfo (RoleInfo.java:shutdownLeaderElection(134)) - 2a93f7e5-ecb9-41da-9c47-70e13ba76d7d: shutdown LeaderElection
2019-10-17 07:43:08,941 [2a93f7e5-ecb9-41da-9c47-70e13ba76d7d@group-A9EE991D717F-LeaderElection50] INFO  impl.RoleInfo (RoleInfo.java:updateAndGet(143)) - 2a93f7e5-ecb9-41da-9c47-70e13ba76d7d: start FollowerState
2019-10-17 07:43:09,033 [Thread-739] INFO  impl.FollowerState (FollowerState.java:run(108)) - 2a93f7e5-ecb9-41da-9c47-70e13ba76d7d@group-A9EE991D717F-FollowerState: change to CANDIDATE, lastRpcTime:91ms, electionTimeout:91ms
2019-10-17 07:43:09,033 [Thread-739] INFO  impl.RoleInfo (RoleInfo.java:shutdownFollowerState(121)) - 2a93f7e5-ecb9-41da-9c47-70e13ba76d7d: shutdown FollowerState
2019-10-17 07:43:09,033 [Thread-739] INFO  impl.RaftServerImpl (RaftServerImpl.java:setRole(184)) - 2a93f7e5-ecb9-41da-9c47-70e13ba76d7d@group-A9EE991D717F: changes role from  FOLLOWER to CANDIDATE at term 29 for changeToCandidate
2019-10-17 07:43:09,033 [Thread-739] INFO  impl.RoleInfo (RoleInfo.java:updateAndGet(143)) - 2a93f7e5-ecb9-41da-9c47-70e13ba76d7d: start LeaderElection
2019-10-17 07:43:09,067 [2a93f7e5-ecb9-41da-9c47-70e13ba76d7d@group-A9EE991D717F-LeaderElection51] INFO  impl.LeaderElection (LeaderElection.java:askForVotes(178)) - 2a93f7e5-ecb9-41da-9c47-70e13ba76d7d@group-A9EE991D717F-LeaderElection51: begin an election at term 30 for 0: [37bd8e8c-ea68-4b1c-8659-8d001c4f3b5c:192.168.34.62:41632, 24020d0b-ce61-4f5a-b0b0-c561541e8cd4:192.168.34.62:42892, 2a93f7e5-ecb9-41da-9c47-70e13ba76d7d:192.168.34.62:35412], old=null
2019-10-17 07:43:09,072 [grpc-default-executor-1] INFO  impl.RaftServerImpl (RaftServerImpl.java:setRole(184)) - 37bd8e8c-ea68-4b1c-8659-8d001c4f3b5c@group-A9EE991D717F: changes role from  FOLLOWER to FOLLOWER at term 30 for recognizeCandidate:2a93f7e5-ecb9-41da-9c47-70e13ba76d7d
2019-10-17 07:43:09,072 [grpc-default-executor-1] INFO  impl.RoleInfo (RoleInfo.java:shutdownFollowerState(121)) - 37bd8e8c-ea68-4b1c-8659-8d001c4f3b5c: shutdown FollowerState
2019-10-17 07:43:09,072 [grpc-default-executor-0] INFO  impl.RaftServerImpl (RaftServerImpl.java:setRole(184)) - 24020d0b-ce61-4f5a-b0b0-c561541e8cd4@group-A9EE991D717F: changes role from  FOLLOWER to FOLLOWER at term 30 for recognizeCandidate:2a93f7e5-ecb9-41da-9c47-70e13ba76d7d
2019-10-17 07:43:09,072 [grpc-default-executor-0] INFO  impl.RoleInfo (RoleInfo.java:shutdownFollowerState(121)) - 24020d0b-ce61-4f5a-b0b0-c561541e8cd4: shutdown FollowerState
2019-10-17 07:43:09,072 [Thread-738] INFO  impl.FollowerState (FollowerState.java:run(117)) - 37bd8e8c-ea68-4b1c-8659-8d001c4f3b5c@group-A9EE991D717F-FollowerState was interrupted: java.lang.InterruptedException: sleep interrupted
2019-10-17 07:43:09,072 [grpc-default-executor-1] INFO  impl.RoleInfo (RoleInfo.java:updateAndGet(143)) - 37bd8e8c-ea68-4b1c-8659-8d001c4f3b5c: start FollowerState
2019-10-17 07:43:09,073 [Thread-737] INFO  impl.FollowerState (FollowerState.java:run(117)) - 24020d0b-ce61-4f5a-b0b0-c561541e8cd4@group-A9EE991D717F-FollowerState was interrupted: java.lang.InterruptedException: sleep interrupted
2019-10-17 07:43:09,072 [grpc-default-executor-0] INFO  impl.RoleInfo (RoleInfo.java:updateAndGet(143)) - 24020d0b-ce61-4f5a-b0b0-c561541e8cd4: start FollowerState
2019-10-17 07:43:09,072 [2a93f7e5-ecb9-41da-9c47-70e13ba76d7d@group-A9EE991D717F-LeaderElection51] INFO  impl.LeaderElection (LeaderElection.java:logAndReturn(56)) - 2a93f7e5-ecb9-41da-9c47-70e13ba76d7d@group-A9EE991D717F-LeaderElection51: Election TIMEOUT; received 0 response(s) [] and 0 exception(s); 2a93f7e5-ecb9-41da-9c47-70e13ba76d7d@group-A9EE991D717F:t30, leader=null, voted=2a93f7e5-ecb9-41da-9c47-70e13ba76d7d, raftlog=2a93f7e5-ecb9-41da-9c47-70e13ba76d7d@group-A9EE991D717F-SegmentedRaftLog:OPENED:c-1,f0,i0, conf=0: [37bd8e8c-ea68-4b1c-8659-8d001c4f3b5c:192.168.34.62:41632, 24020d0b-ce61-4f5a-b0b0-c561541e8cd4:192.168.34.62:42892, 2a93f7e5-ecb9-41da-9c47-70e13ba76d7d:192.168.34.62:35412], old=null
2019-10-17 07:43:09,109 [2a93f7e5-ecb9-41da-9c47-70e13ba76d7d@group-A9EE991D717F-LeaderElection51] INFO  impl.LeaderElection (LeaderElection.java:askForVotes(178)) - 2a93f7e5-ecb9-41da-9c47-70e13ba76d7d@group-A9EE991D717F-LeaderElection51: begin an election at term 31 for 0: [37bd8e8c-ea68-4b1c-8659-8d001c4f3b5c:192.168.34.62:41632, 24020d0b-ce61-4f5a-b0b0-c561541e8cd4:192.168.34.62:42892, 2a93f7e5-ecb9-41da-9c47-70e13ba76d7d:192.168.34.62:35412], old=null
2019-10-17 07:43:09,113 [grpc-default-executor-0] INFO  impl.RaftServerImpl (RaftServerImpl.java:setRole(184)) - 24020d0b-ce61-4f5a-b0b0-c561541e8cd4@group-A9EE991D717F: changes role from  FOLLOWER to FOLLOWER at term 31 for recognizeCandidate:2a93f7e5-ecb9-41da-9c47-70e13ba76d7d
2019-10-17 07:43:09,114 [grpc-default-executor-0] INFO  impl.RoleInfo (RoleInfo.java:shutdownFollowerState(121)) - 24020d0b-ce61-4f5a-b0b0-c561541e8cd4: shutdown FollowerState
2019-10-17 07:43:09,114 [grpc-default-executor-1] INFO  impl.RaftServerImpl (RaftServerImpl.java:setRole(184)) - 37bd8e8c-ea68-4b1c-8659-8d001c4f3b5c@group-A9EE991D717F: changes role from  FOLLOWER to FOLLOWER at term 31 for recognizeCandidate:2a93f7e5-ecb9-41da-9c47-70e13ba76d7d
2019-10-17 07:43:09,114 [grpc-default-executor-0] INFO  impl.RoleInfo (RoleInfo.java:updateAndGet(143)) - 24020d0b-ce61-4f5a-b0b0-c561541e8cd4: start FollowerState
2019-10-17 07:43:09,114 [grpc-default-executor-1] INFO  impl.RoleInfo (RoleInfo.java:shutdownFollowerState(121)) - 37bd8e8c-ea68-4b1c-8659-8d001c4f3b5c: shutdown FollowerState
2019-10-17 07:43:09,114 [Thread-744] INFO  impl.FollowerState (FollowerState.java:run(117)) - 24020d0b-ce61-4f5a-b0b0-c561541e8cd4@group-A9EE991D717F-FollowerState was interrupted: java.lang.InterruptedException: sleep interrupted
2019-10-17 07:43:09,114 [Thread-743] INFO  impl.FollowerState (FollowerState.java:run(117)) - 37bd8e8c-ea68-4b1c-8659-8d001c4f3b5c@group-A9EE991D717F-FollowerState was interrupted: java.lang.InterruptedException: sleep interrupted
2019-10-17 07:43:09,114 [grpc-default-executor-1] INFO  impl.RoleInfo (RoleInfo.java:updateAndGet(143)) - 37bd8e8c-ea68-4b1c-8659-8d001c4f3b5c: start FollowerState
2019-10-17 07:43:09,132 [2a93f7e5-ecb9-41da-9c47-70e13ba76d7d@group-A9EE991D717F-LeaderElection51] INFO  impl.LeaderElection (LeaderElection.java:logAndReturn(56)) - 2a93f7e5-ecb9-41da-9c47-70e13ba76d7d@group-A9EE991D717F-LeaderElection51: Election REJECTED; received 2 response(s) [2a93f7e5-ecb9-41da-9c47-70e13ba76d7d<-37bd8e8c-ea68-4b1c-8659-8d001c4f3b5c#0:FAIL-t31, 2a93f7e5-ecb9-41da-9c47-70e13ba76d7d<-24020d0b-ce61-4f5a-b0b0-c561541e8cd4#0:FAIL-t31] and 0 exception(s); 2a93f7e5-ecb9-41da-9c47-70e13ba76d7d@group-A9EE991D717F:t31, leader=null, voted=2a93f7e5-ecb9-41da-9c47-70e13ba76d7d, raftlog=2a93f7e5-ecb9-41da-9c47-70e13ba76d7d@group-A9EE991D717F-SegmentedRaftLog:OPENED:c-1,f0,i0, conf=0: [37bd8e8c-ea68-4b1c-8659-8d001c4f3b5c:192.168.34.62:41632, 24020d0b-ce61-4f5a-b0b0-c561541e8cd4:192.168.34.62:42892, 2a93f7e5-ecb9-41da-9c47-70e13ba76d7d:192.168.34.62:35412], old=null
2019-10-17 07:43:09,132 [2a93f7e5-ecb9-41da-9c47-70e13ba76d7d@group-A9EE991D717F-LeaderElection51] INFO  impl.RaftServerImpl (RaftServerImpl.java:setRole(184)) - 2a93f7e5-ecb9-41da-9c47-70e13ba76d7d@group-A9EE991D717F: changes role from CANDIDATE to FOLLOWER at term 31 for DISCOVERED_A_NEW_TERM
2019-10-17 07:43:09,132 [2a93f7e5-ecb9-41da-9c47-70e13ba76d7d@group-A9EE991D717F-LeaderElection51] INFO  impl.RoleInfo (RoleInfo.java:shutdownLeaderElection(134)) - 2a93f7e5-ecb9-41da-9c47-70e13ba76d7d: shutdown LeaderElection
2019-10-17 07:43:09,132 [2a93f7e5-ecb9-41da-9c47-70e13ba76d7d@group-A9EE991D717F-LeaderElection51] INFO  impl.RoleInfo (RoleInfo.java:updateAndGet(143)) - 2a93f7e5-ecb9-41da-9c47-70e13ba76d7d: start FollowerState
2019-10-17 07:43:09,158 [Thread-749] INFO  impl.FollowerState (FollowerState.java:run(108)) - 2a93f7e5-ecb9-41da-9c47-70e13ba76d7d@group-A9EE991D717F-FollowerState: change to CANDIDATE, lastRpcTime:25ms, electionTimeout:25ms
2019-10-17 07:43:09,158 [Thread-749] INFO  impl.RoleInfo (RoleInfo.java:shutdownFollowerState(121)) - 2a93f7e5-ecb9-41da-9c47-70e13ba76d7d: shutdown FollowerState
2019-10-17 07:43:09,158 [Thread-749] INFO  impl.RaftServerImpl (RaftServerImpl.java:setRole(184)) - 2a93f7e5-ecb9-41da-9c47-70e13ba76d7d@group-A9EE991D717F: changes role from  FOLLOWER to CANDIDATE at term 31 for changeToCandidate
2019-10-17 07:43:09,158 [Thread-749] INFO  impl.RoleInfo (RoleInfo.java:updateAndGet(143)) - 2a93f7e5-ecb9-41da-9c47-70e13ba76d7d: start LeaderElection
2019-10-17 07:43:09,183 [2a93f7e5-ecb9-41da-9c47-70e13ba76d7d@group-A9EE991D717F-LeaderElection52] INFO  impl.LeaderElection (LeaderElection.java:askForVotes(178)) - 2a93f7e5-ecb9-41da-9c47-70e13ba76d7d@group-A9EE991D717F-LeaderElection52: begin an election at term 32 for 0: [37bd8e8c-ea68-4b1c-8659-8d001c4f3b5c:192.168.34.62:41632, 24020d0b-ce61-4f5a-b0b0-c561541e8cd4:192.168.34.62:42892, 2a93f7e5-ecb9-41da-9c47-70e13ba76d7d:192.168.34.62:35412], old=null
2019-10-17 07:43:09,186 [grpc-default-executor-1] INFO  impl.RaftServerImpl (RaftServerImpl.java:setRole(184)) - 24020d0b-ce61-4f5a-b0b0-c561541e8cd4@group-A9EE991D717F: changes role from  FOLLOWER to FOLLOWER at term 32 for recognizeCandidate:2a93f7e5-ecb9-41da-9c47-70e13ba76d7d
2019-10-17 07:43:09,186 [grpc-default-executor-0] INFO  impl.RaftServerImpl (RaftServerImpl.java:setRole(184)) - 37bd8e8c-ea68-4b1c-8659-8d001c4f3b5c@group-A9EE991D717F: changes role from  FOLLOWER to FOLLOWER at term 32 for recognizeCandidate:2a93f7e5-ecb9-41da-9c47-70e13ba76d7d
2019-10-17 07:43:09,186 [grpc-default-executor-1] INFO  impl.RoleInfo (RoleInfo.java:shutdownFollowerState(121)) - 24020d0b-ce61-4f5a-b0b0-c561541e8cd4: shutdown FollowerState
2019-10-17 07:43:09,187 [grpc-default-executor-0] INFO  impl.RoleInfo (RoleInfo.java:shutdownFollowerState(121)) - 37bd8e8c-ea68-4b1c-8659-8d001c4f3b5c: shutdown FollowerState
2019-10-17 07:43:09,187 [Thread-747] INFO  impl.FollowerState (FollowerState.java:run(117)) - 24020d0b-ce61-4f5a-b0b0-c561541e8cd4@group-A9EE991D717F-FollowerState was interrupted: java.lang.InterruptedException: sleep interrupted
2019-10-17 07:43:09,187 [Thread-748] INFO  impl.FollowerState (FollowerState.java:run(117)) - 37bd8e8c-ea68-4b1c-8659-8d001c4f3b5c@group-A9EE991D717F-FollowerState was interrupted: java.lang.InterruptedException: sleep interrupted
2019-10-17 07:43:09,187 [grpc-default-executor-1] INFO  impl.RoleInfo (RoleInfo.java:updateAndGet(143)) - 24020d0b-ce61-4f5a-b0b0-c561541e8cd4: start FollowerState
2019-10-17 07:43:09,187 [grpc-default-executor-0] INFO  impl.RoleInfo (RoleInfo.java:updateAndGet(143)) - 37bd8e8c-ea68-4b1c-8659-8d001c4f3b5c: start FollowerState
2019-10-17 07:43:09,213 [2a93f7e5-ecb9-41da-9c47-70e13ba76d7d@group-A9EE991D717F-LeaderElection52] INFO  impl.LeaderElection (LeaderElection.java:logAndReturn(56)) - 2a93f7e5-ecb9-41da-9c47-70e13ba76d7d@group-A9EE991D717F-LeaderElection52: Election REJECTED; received 2 response(s) [2a93f7e5-ecb9-41da-9c47-70e13ba76d7d<-37bd8e8c-ea68-4b1c-8659-8d001c4f3b5c#0:FAIL-t32, 2a93f7e5-ecb9-41da-9c47-70e13ba76d7d<-24020d0b-ce61-4f5a-b0b0-c561541e8cd4#0:FAIL-t32] and 0 exception(s); 2a93f7e5-ecb9-41da-9c47-70e13ba76d7d@group-A9EE991D717F:t32, leader=null, voted=2a93f7e5-ecb9-41da-9c47-70e13ba76d7d, raftlog=2a93f7e5-ecb9-41da-9c47-70e13ba76d7d@group-A9EE991D717F-SegmentedRaftLog:OPENED:c-1,f0,i0, conf=0: [37bd8e8c-ea68-4b1c-8659-8d001c4f3b5c:192.168.34.62:41632, 24020d0b-ce61-4f5a-b0b0-c561541e8cd4:192.168.34.62:42892, 2a93f7e5-ecb9-41da-9c47-70e13ba76d7d:192.168.34.62:35412], old=null
2019-10-17 07:43:09,213 [2a93f7e5-ecb9-41da-9c47-70e13ba76d7d@group-A9EE991D717F-LeaderElection52] INFO  impl.RaftServerImpl (RaftServerImpl.java:setRole(184)) - 2a93f7e5-ecb9-41da-9c47-70e13ba76d7d@group-A9EE991D717F: changes role from CANDIDATE to FOLLOWER at term 32 for DISCOVERED_A_NEW_TERM
2019-10-17 07:43:09,213 [2a93f7e5-ecb9-41da-9c47-70e13ba76d7d@group-A9EE991D717F-LeaderElection52] INFO  impl.RoleInfo (RoleInfo.java:shutdownLeaderElection(134)) - 2a93f7e5-ecb9-41da-9c47-70e13ba76d7d: shutdown LeaderElection
2019-10-17 07:43:09,213 [2a93f7e5-ecb9-41da-9c47-70e13ba76d7d@group-A9EE991D717F-LeaderElection52] INFO  impl.RoleInfo (RoleInfo.java:updateAndGet(143)) - 2a93f7e5-ecb9-41da-9c47-70e13ba76d7d: start FollowerState
2019-10-17 07:43:09,286 [Thread-755] INFO  impl.FollowerState (FollowerState.java:run(108)) - 2a93f7e5-ecb9-41da-9c47-70e13ba76d7d@group-A9EE991D717F-FollowerState: change to CANDIDATE, lastRpcTime:72ms, electionTimeout:72ms
2019-10-17 07:43:09,286 [Thread-755] INFO  impl.RoleInfo (RoleInfo.java:shutdownFollowerState(121)) - 2a93f7e5-ecb9-41da-9c47-70e13ba76d7d: shutdown FollowerState
2019-10-17 07:43:09,286 [Thread-755] INFO  impl.RaftServerImpl (RaftServerImpl.java:setRole(184)) - 2a93f7e5-ecb9-41da-9c47-70e13ba76d7d@group-A9EE991D717F: changes role from  FOLLOWER to CANDIDATE at term 32 for changeToCandidate
2019-10-17 07:43:09,286 [Thread-755] INFO  impl.RoleInfo (RoleInfo.java:updateAndGet(143)) - 2a93f7e5-ecb9-41da-9c47-70e13ba76d7d: start LeaderElection
2019-10-17 07:43:09,310 [2a93f7e5-ecb9-41da-9c47-70e13ba76d7d@group-A9EE991D717F-LeaderElection53] INFO  impl.LeaderElection (LeaderElection.java:askForVotes(178)) - 2a93f7e5-ecb9-41da-9c47-70e13ba76d7d@group-A9EE991D717F-LeaderElection53: begin an election at term 33 for 0: [37bd8e8c-ea68-4b1c-8659-8d001c4f3b5c:192.168.34.62:41632, 24020d0b-ce61-4f5a-b0b0-c561541e8cd4:192.168.34.62:42892, 2a93f7e5-ecb9-41da-9c47-70e13ba76d7d:192.168.34.62:35412], old=null
2019-10-17 07:43:09,315 [2a93f7e5-ecb9-41da-9c47-70e13ba76d7d@group-A9EE991D717F-LeaderElection53] INFO  impl.LeaderElection (LeaderElection.java:logAndReturn(56)) - 2a93f7e5-ecb9-41da-9c47-70e13ba76d7d@group-A9EE991D717F-LeaderElection53: Election TIMEOUT; received 0 response(s) [] and 0 exception(s); 2a93f7e5-ecb9-41da-9c47-70e13ba76d7d@group-A9EE991D717F:t33, leader=null, voted=2a93f7e5-ecb9-41da-9c47-70e13ba76d7d, raftlog=2a93f7e5-ecb9-41da-9c47-70e13ba76d7d@group-A9EE991D717F-SegmentedRaftLog:OPENED:c-1,f0,i0, conf=0: [37bd8e8c-ea68-4b1c-8659-8d001c4f3b5c:192.168.34.62:41632, 24020d0b-ce61-4f5a-b0b0-c561541e8cd4:192.168.34.62:42892, 2a93f7e5-ecb9-41da-9c47-70e13ba76d7d:192.168.34.62:35412], old=null
2019-10-17 07:43:09,315 [grpc-default-executor-1] INFO  impl.RaftServerImpl (RaftServerImpl.java:setRole(184)) - 24020d0b-ce61-4f5a-b0b0-c561541e8cd4@group-A9EE991D717F: changes role from  FOLLOWER to FOLLOWER at term 33 for recognizeCandidate:2a93f7e5-ecb9-41da-9c47-70e13ba76d7d
2019-10-17 07:43:09,315 [grpc-default-executor-0] INFO  impl.RaftServerImpl (RaftServerImpl.java:setRole(184)) - 37bd8e8c-ea68-4b1c-8659-8d001c4f3b5c@group-A9EE991D717F: changes role from  FOLLOWER to FOLLOWER at term 33 for recognizeCandidate:2a93f7e5-ecb9-41da-9c47-70e13ba76d7d
2019-10-17 07:43:09,315 [grpc-default-executor-1] INFO  impl.RoleInfo (RoleInfo.java:shutdownFollowerState(121)) - 24020d0b-ce61-4f5a-b0b0-c561541e8cd4: shutdown FollowerState
2019-10-17 07:43:09,315 [grpc-default-executor-0] INFO  impl.RoleInfo (RoleInfo.java:shutdownFollowerState(121)) - 37bd8e8c-ea68-4b1c-8659-8d001c4f3b5c: shutdown FollowerState
2019-10-17 07:43:09,316 [Thread-753] INFO  impl.FollowerState (FollowerState.java:run(117)) - 24020d0b-ce61-4f5a-b0b0-c561541e8cd4@group-A9EE991D717F-FollowerState was interrupted: java.lang.InterruptedException: sleep interrupted
2019-10-17 07:43:09,316 [grpc-default-executor-1] INFO  impl.RoleInfo (RoleInfo.java:updateAndGet(143)) - 24020d0b-ce61-4f5a-b0b0-c561541e8cd4: start FollowerState
2019-10-17 07:43:09,316 [Thread-754] INFO  impl.FollowerState (FollowerState.java:run(117)) - 37bd8e8c-ea68-4b1c-8659-8d001c4f3b5c@group-A9EE991D717F-FollowerState was interrupted: java.lang.InterruptedException: sleep interrupted
2019-10-17 07:43:09,316 [grpc-default-executor-0] INFO  impl.RoleInfo (RoleInfo.java:updateAndGet(143)) - 37bd8e8c-ea68-4b1c-8659-8d001c4f3b5c: start FollowerState
2019-10-17 07:43:09,331 [2a93f7e5-ecb9-41da-9c47-70e13ba76d7d@group-A9EE991D717F-LeaderElection53] INFO  impl.LeaderElection (LeaderElection.java:askForVotes(178)) - 2a93f7e5-ecb9-41da-9c47-70e13ba76d7d@group-A9EE991D717F-LeaderElection53: begin an election at term 34 for 0: [37bd8e8c-ea68-4b1c-8659-8d001c4f3b5c:192.168.34.62:41632, 24020d0b-ce61-4f5a-b0b0-c561541e8cd4:192.168.34.62:42892, 2a93f7e5-ecb9-41da-9c47-70e13ba76d7d:192.168.34.62:35412], old=null
2019-10-17 07:43:09,334 [grpc-default-executor-1] INFO  impl.RaftServerImpl (RaftServerImpl.java:setRole(184)) - 24020d0b-ce61-4f5a-b0b0-c561541e8cd4@group-A9EE991D717F: changes role from  FOLLOWER to FOLLOWER at term 34 for recognizeCandidate:2a93f7e5-ecb9-41da-9c47-70e13ba76d7d
2019-10-17 07:43:09,334 [grpc-default-executor-0] INFO  impl.RaftServerImpl (RaftServerImpl.java:setRole(184)) - 37bd8e8c-ea68-4b1c-8659-8d001c4f3b5c@group-A9EE991D717F: changes role from  FOLLOWER to FOLLOWER at term 34 for recognizeCandidate:2a93f7e5-ecb9-41da-9c47-70e13ba76d7d
2019-10-17 07:43:09,334 [grpc-default-executor-1] INFO  impl.RoleInfo (RoleInfo.java:shutdownFollowerState(121)) - 24020d0b-ce61-4f5a-b0b0-c561541e8cd4: shutdown FollowerState
2019-10-17 07:43:09,334 [grpc-default-executor-0] INFO  impl.RoleInfo (RoleInfo.java:shutdownFollowerState(121)) - 37bd8e8c-ea68-4b1c-8659-8d001c4f3b5c: shutdown FollowerState
2019-10-17 07:43:09,335 [Thread-759] INFO  impl.FollowerState (FollowerState.java:run(117)) - 24020d0b-ce61-4f5a-b0b0-c561541e8cd4@group-A9EE991D717F-FollowerState was interrupted: java.lang.InterruptedException: sleep interrupted
2019-10-17 07:43:09,335 [Thread-760] INFO  impl.FollowerState (FollowerState.java:run(117)) - 37bd8e8c-ea68-4b1c-8659-8d001c4f3b5c@group-A9EE991D717F-FollowerState was interrupted: java.lang.InterruptedException: sleep interrupted
2019-10-17 07:43:09,335 [grpc-default-executor-1] INFO  impl.RoleInfo (RoleInfo.java:updateAndGet(143)) - 24020d0b-ce61-4f5a-b0b0-c561541e8cd4: start FollowerState
2019-10-17 07:43:09,335 [grpc-default-executor-0] INFO  impl.RoleInfo (RoleInfo.java:updateAndGet(143)) - 37bd8e8c-ea68-4b1c-8659-8d001c4f3b5c: start FollowerState
2019-10-17 07:43:09,360 [2a93f7e5-ecb9-41da-9c47-70e13ba76d7d@group-A9EE991D717F-LeaderElection53] INFO  impl.LeaderElection (LeaderElection.java:logAndReturn(56)) - 2a93f7e5-ecb9-41da-9c47-70e13ba76d7d@group-A9EE991D717F-LeaderElection53: Election REJECTED; received 2 response(s) [2a93f7e5-ecb9-41da-9c47-70e13ba76d7d<-37bd8e8c-ea68-4b1c-8659-8d001c4f3b5c#0:FAIL-t34, 2a93f7e5-ecb9-41da-9c47-70e13ba76d7d<-24020d0b-ce61-4f5a-b0b0-c561541e8cd4#0:FAIL-t34] and 0 exception(s); 2a93f7e5-ecb9-41da-9c47-70e13ba76d7d@group-A9EE991D717F:t34, leader=null, voted=2a93f7e5-ecb9-41da-9c47-70e13ba76d7d, raftlog=2a93f7e5-ecb9-41da-9c47-70e13ba76d7d@group-A9EE991D717F-SegmentedRaftLog:OPENED:c-1,f0,i0, conf=0: [37bd8e8c-ea68-4b1c-8659-8d001c4f3b5c:192.168.34.62:41632, 24020d0b-ce61-4f5a-b0b0-c561541e8cd4:192.168.34.62:42892, 2a93f7e5-ecb9-41da-9c47-70e13ba76d7d:192.168.34.62:35412], old=null
2019-10-17 07:43:09,361 [2a93f7e5-ecb9-41da-9c47-70e13ba76d7d@group-A9EE991D717F-LeaderElection53] INFO  impl.RaftServerImpl (RaftServerImpl.java:setRole(184)) - 2a93f7e5-ecb9-41da-9c47-70e13ba76d7d@group-A9EE991D717F: changes role from CANDIDATE to FOLLOWER at term 34 for DISCOVERED_A_NEW_TERM
2019-10-17 07:43:09,361 [2a93f7e5-ecb9-41da-9c47-70e13ba76d7d@group-A9EE991D717F-LeaderElection53] INFO  impl.RoleInfo (RoleInfo.java:shutdownLeaderElection(134)) - 2a93f7e5-ecb9-41da-9c47-70e13ba76d7d: shutdown LeaderElection
2019-10-17 07:43:09,361 [2a93f7e5-ecb9-41da-9c47-70e13ba76d7d@group-A9EE991D717F-LeaderElection53] INFO  impl.RoleInfo (RoleInfo.java:updateAndGet(143)) - 2a93f7e5-ecb9-41da-9c47-70e13ba76d7d: start FollowerState
2019-10-17 07:43:09,486 [Thread-765] INFO  impl.FollowerState (FollowerState.java:run(108)) - 2a93f7e5-ecb9-41da-9c47-70e13ba76d7d@group-A9EE991D717F-FollowerState: change to CANDIDATE, lastRpcTime:124ms, electionTimeout:124ms
2019-10-17 07:43:09,486 [Thread-765] INFO  impl.RoleInfo (RoleInfo.java:shutdownFollowerState(121)) - 2a93f7e5-ecb9-41da-9c47-70e13ba76d7d: shutdown FollowerState
2019-10-17 07:43:09,503 [Thread-765] INFO  impl.RaftServerImpl (RaftServerImpl.java:setRole(184)) - 2a93f7e5-ecb9-41da-9c47-70e13ba76d7d@group-A9EE991D717F: changes role from  FOLLOWER to CANDIDATE at term 34 for changeToCandidate
2019-10-17 07:43:09,503 [Thread-765] INFO  impl.RoleInfo (RoleInfo.java:updateAndGet(143)) - 2a93f7e5-ecb9-41da-9c47-70e13ba76d7d: start LeaderElection
2019-10-17 07:43:09,541 [2a93f7e5-ecb9-41da-9c47-70e13ba76d7d@group-A9EE991D717F-LeaderElection54] INFO  impl.LeaderElection (LeaderElection.java:askForVotes(178)) - 2a93f7e5-ecb9-41da-9c47-70e13ba76d7d@group-A9EE991D717F-LeaderElection54: begin an election at term 35 for 0: [37bd8e8c-ea68-4b1c-8659-8d001c4f3b5c:192.168.34.62:41632, 24020d0b-ce61-4f5a-b0b0-c561541e8cd4:192.168.34.62:42892, 2a93f7e5-ecb9-41da-9c47-70e13ba76d7d:192.168.34.62:35412], old=null
2019-10-17 07:43:09,546 [grpc-default-executor-0] INFO  impl.RaftServerImpl (RaftServerImpl.java:setRole(184)) - 37bd8e8c-ea68-4b1c-8659-8d001c4f3b5c@group-A9EE991D717F: changes role from  FOLLOWER to FOLLOWER at term 35 for recognizeCandidate:2a93f7e5-ecb9-41da-9c47-70e13ba76d7d
2019-10-17 07:43:09,546 [grpc-default-executor-0] INFO  impl.RoleInfo (RoleInfo.java:shutdownFollowerState(121)) - 37bd8e8c-ea68-4b1c-8659-8d001c4f3b5c: shutdown FollowerState
2019-10-17 07:43:09,546 [grpc-default-executor-1] INFO  impl.RaftServerImpl (RaftServerImpl.java:setRole(184)) - 24020d0b-ce61-4f5a-b0b0-c561541e8cd4@group-A9EE991D717F: changes role from  FOLLOWER to FOLLOWER at term 35 for recognizeCandidate:2a93f7e5-ecb9-41da-9c47-70e13ba76d7d
2019-10-17 07:43:09,547 [Thread-764] INFO  impl.FollowerState (FollowerState.java:run(117)) - 37bd8e8c-ea68-4b1c-8659-8d001c4f3b5c@group-A9EE991D717F-FollowerState was interrupted: java.lang.InterruptedException: sleep interrupted
2019-10-17 07:43:09,547 [grpc-default-executor-0] INFO  impl.RoleInfo (RoleInfo.java:updateAndGet(143)) - 37bd8e8c-ea68-4b1c-8659-8d001c4f3b5c: start FollowerState
2019-10-17 07:43:09,547 [grpc-default-executor-1] INFO  impl.RoleInfo (RoleInfo.java:shutdownFollowerState(121)) - 24020d0b-ce61-4f5a-b0b0-c561541e8cd4: shutdown FollowerState
2019-10-17 07:43:09,547 [grpc-default-executor-1] INFO  impl.RoleInfo (RoleInfo.java:updateAndGet(143)) - 24020d0b-ce61-4f5a-b0b0-c561541e8cd4: start FollowerState
2019-10-17 07:43:09,547 [Thread-763] INFO  impl.FollowerState (FollowerState.java:run(117)) - 24020d0b-ce61-4f5a-b0b0-c561541e8cd4@group-A9EE991D717F-FollowerState was interrupted: java.lang.InterruptedException: sleep interrupted
2019-10-17 07:43:09,566 [2a93f7e5-ecb9-41da-9c47-70e13ba76d7d@group-A9EE991D717F-LeaderElection54] INFO  impl.LeaderElection (LeaderElection.java:logAndReturn(56)) - 2a93f7e5-ecb9-41da-9c47-70e13ba76d7d@group-A9EE991D717F-LeaderElection54: Election REJECTED; received 2 response(s) [2a93f7e5-ecb9-41da-9c47-70e13ba76d7d<-37bd8e8c-ea68-4b1c-8659-8d001c4f3b5c#0:FAIL-t35, 2a93f7e5-ecb9-41da-9c47-70e13ba76d7d<-24020d0b-ce61-4f5a-b0b0-c561541e8cd4#0:FAIL-t35] and 0 exception(s); 2a93f7e5-ecb9-41da-9c47-70e13ba76d7d@group-A9EE991D717F:t35, leader=null, voted=2a93f7e5-ecb9-41da-9c47-70e13ba76d7d, raftlog=2a93f7e5-ecb9-41da-9c47-70e13ba76d7d@group-A9EE991D717F-SegmentedRaftLog:OPENED:c-1,f0,i0, conf=0: [37bd8e8c-ea68-4b1c-8659-8d001c4f3b5c:192.168.34.62:41632, 24020d0b-ce61-4f5a-b0b0-c561541e8cd4:192.168.34.62:42892, 2a93f7e5-ecb9-41da-9c47-70e13ba76d7d:192.168.34.62:35412], old=null
2019-10-17 07:43:09,567 [2a93f7e5-ecb9-41da-9c47-70e13ba76d7d@group-A9EE991D717F-LeaderElection54] INFO  impl.RaftServerImpl (RaftServerImpl.java:setRole(184)) - 2a93f7e5-ecb9-41da-9c47-70e13ba76d7d@group-A9EE991D717F: changes role from CANDIDATE to FOLLOWER at term 35 for DISCOVERED_A_NEW_TERM
2019-10-17 07:43:09,567 [2a93f7e5-ecb9-41da-9c47-70e13ba76d7d@group-A9EE991D717F-LeaderElection54] INFO  impl.RoleInfo (RoleInfo.java:shutdownLeaderElection(134)) - 2a93f7e5-ecb9-41da-9c47-70e13ba76d7d: shutdown LeaderElection
2019-10-17 07:43:09,567 [2a93f7e5-ecb9-41da-9c47-70e13ba76d7d@group-A9EE991D717F-LeaderElection54] INFO  impl.RoleInfo (RoleInfo.java:updateAndGet(143)) - 2a93f7e5-ecb9-41da-9c47-70e13ba76d7d: start FollowerState
2019-10-17 07:43:09,641 [Thread-771] INFO  impl.FollowerState (FollowerState.java:run(108)) - 2a93f7e5-ecb9-41da-9c47-70e13ba76d7d@group-A9EE991D717F-FollowerState: change to CANDIDATE, lastRpcTime:74ms, electionTimeout:74ms
2019-10-17 07:43:09,642 [Thread-771] INFO  impl.RoleInfo (RoleInfo.java:shutdownFollowerState(121)) - 2a93f7e5-ecb9-41da-9c47-70e13ba76d7d: shutdown FollowerState
2019-10-17 07:43:09,642 [Thread-771] INFO  impl.RaftServerImpl (RaftServerImpl.java:setRole(184)) - 2a93f7e5-ecb9-41da-9c47-70e13ba76d7d@group-A9EE991D717F: changes role from  FOLLOWER to CANDIDATE at term 35 for changeToCandidate
2019-10-17 07:43:09,642 [Thread-771] INFO  impl.RoleInfo (RoleInfo.java:updateAndGet(143)) - 2a93f7e5-ecb9-41da-9c47-70e13ba76d7d: start LeaderElection
2019-10-17 07:43:09,660 [2a93f7e5-ecb9-41da-9c47-70e13ba76d7d@group-A9EE991D717F-LeaderElection55] INFO  impl.LeaderElection (LeaderElection.java:askForVotes(178)) - 2a93f7e5-ecb9-41da-9c47-70e13ba76d7d@group-A9EE991D717F-LeaderElection55: begin an election at term 36 for 0: [37bd8e8c-ea68-4b1c-8659-8d001c4f3b5c:192.168.34.62:41632, 24020d0b-ce61-4f5a-b0b0-c561541e8cd4:192.168.34.62:42892, 2a93f7e5-ecb9-41da-9c47-70e13ba76d7d:192.168.34.62:35412], old=null
2019-10-17 07:43:09,663 [grpc-default-executor-0] INFO  impl.RaftServerImpl (RaftServerImpl.java:setRole(184)) - 37bd8e8c-ea68-4b1c-8659-8d001c4f3b5c@group-A9EE991D717F: changes role from  FOLLOWER to FOLLOWER at term 36 for recognizeCandidate:2a93f7e5-ecb9-41da-9c47-70e13ba76d7d
2019-10-17 07:43:09,663 [grpc-default-executor-1] INFO  impl.RaftServerImpl (RaftServerImpl.java:setRole(184)) - 24020d0b-ce61-4f5a-b0b0-c561541e8cd4@group-A9EE991D717F: changes role from  FOLLOWER to FOLLOWER at term 36 for recognizeCandidate:2a93f7e5-ecb9-41da-9c47-70e13ba76d7d
2019-10-17 07:43:09,663 [grpc-default-executor-0] INFO  impl.RoleInfo (RoleInfo.java:shutdownFollowerState(121)) - 37bd8e8c-ea68-4b1c-8659-8d001c4f3b5c: shutdown FollowerState
2019-10-17 07:43:09,663 [grpc-default-executor-1] INFO  impl.RoleInfo (RoleInfo.java:shutdownFollowerState(121)) - 24020d0b-ce61-4f5a-b0b0-c561541e8cd4: shutdown FollowerState
2019-10-17 07:43:09,664 [Thread-769] INFO  impl.FollowerState (FollowerState.java:run(117)) - 37bd8e8c-ea68-4b1c-8659-8d001c4f3b5c@group-A9EE991D717F-FollowerState was interrupted: java.lang.InterruptedException: sleep interrupted
2019-10-17 07:43:09,664 [grpc-default-executor-0] INFO  impl.RoleInfo (RoleInfo.java:updateAndGet(143)) - 37bd8e8c-ea68-4b1c-8659-8d001c4f3b5c: start FollowerState
2019-10-17 07:43:09,664 [Thread-770] INFO  impl.FollowerState (FollowerState.java:run(117)) - 24020d0b-ce61-4f5a-b0b0-c561541e8cd4@group-A9EE991D717F-FollowerState was interrupted: java.lang.InterruptedException: sleep interrupted
2019-10-17 07:43:09,664 [grpc-default-executor-1] INFO  impl.RoleInfo (RoleInfo.java:updateAndGet(143)) - 24020d0b-ce61-4f5a-b0b0-c561541e8cd4: start FollowerState
2019-10-17 07:43:09,670 [2a93f7e5-ecb9-41da-9c47-70e13ba76d7d@group-A9EE991D717F-LeaderElection55] INFO  impl.LeaderElection (LeaderElection.java:logAndReturn(56)) - 2a93f7e5-ecb9-41da-9c47-70e13ba76d7d@group-A9EE991D717F-LeaderElection55: Election TIMEOUT; received 0 response(s) [] and 0 exception(s); 2a93f7e5-ecb9-41da-9c47-70e13ba76d7d@group-A9EE991D717F:t36, leader=null, voted=2a93f7e5-ecb9-41da-9c47-70e13ba76d7d, raftlog=2a93f7e5-ecb9-41da-9c47-70e13ba76d7d@group-A9EE991D717F-SegmentedRaftLog:OPENED:c-1,f0,i0, conf=0: [37bd8e8c-ea68-4b1c-8659-8d001c4f3b5c:192.168.34.62:41632, 24020d0b-ce61-4f5a-b0b0-c561541e8cd4:192.168.34.62:42892, 2a93f7e5-ecb9-41da-9c47-70e13ba76d7d:192.168.34.62:35412], old=null
2019-10-17 07:43:09,691 [2a93f7e5-ecb9-41da-9c47-70e13ba76d7d@group-A9EE991D717F-LeaderElection55] INFO  impl.LeaderElection (LeaderElection.java:askForVotes(178)) - 2a93f7e5-ecb9-41da-9c47-70e13ba76d7d@group-A9EE991D717F-LeaderElection55: begin an election at term 37 for 0: [37bd8e8c-ea68-4b1c-8659-8d001c4f3b5c:192.168.34.62:41632, 24020d0b-ce61-4f5a-b0b0-c561541e8cd4:192.168.34.62:42892, 2a93f7e5-ecb9-41da-9c47-70e13ba76d7d:192.168.34.62:35412], old=null
2019-10-17 07:43:09,696 [grpc-default-executor-1] INFO  impl.RaftServerImpl (RaftServerImpl.java:setRole(184)) - 24020d0b-ce61-4f5a-b0b0-c561541e8cd4@group-A9EE991D717F: changes role from  FOLLOWER to FOLLOWER at term 37 for recognizeCandidate:2a93f7e5-ecb9-41da-9c47-70e13ba76d7d
2019-10-17 07:43:09,697 [grpc-default-executor-0] INFO  impl.RaftServerImpl (RaftServerImpl.java:setRole(184)) - 37bd8e8c-ea68-4b1c-8659-8d001c4f3b5c@group-A9EE991D717F: changes role from  FOLLOWER to FOLLOWER at term 37 for recognizeCandidate:2a93f7e5-ecb9-41da-9c47-70e13ba76d7d
2019-10-17 07:43:09,697 [grpc-default-executor-1] INFO  impl.RoleInfo (RoleInfo.java:shutdownFollowerState(121)) - 24020d0b-ce61-4f5a-b0b0-c561541e8cd4: shutdown FollowerState
2019-10-17 07:43:09,697 [grpc-default-executor-0] INFO  impl.RoleInfo (RoleInfo.java:shutdownFollowerState(121)) - 37bd8e8c-ea68-4b1c-8659-8d001c4f3b5c: shutdown FollowerState
2019-10-17 07:43:09,697 [Thread-776] INFO  impl.FollowerState (FollowerState.java:run(117)) - 24020d0b-ce61-4f5a-b0b0-c561541e8cd4@group-A9EE991D717F-FollowerState was interrupted: java.lang.InterruptedException: sleep interrupted
2019-10-17 07:43:09,697 [grpc-default-executor-1] INFO  impl.RoleInfo (RoleInfo.java:updateAndGet(143)) - 24020d0b-ce61-4f5a-b0b0-c561541e8cd4: start FollowerState
2019-10-17 07:43:09,697 [Thread-775] INFO  impl.FollowerState (FollowerState.java:run(117)) - 37bd8e8c-ea68-4b1c-8659-8d001c4f3b5c@group-A9EE991D717F-FollowerState was interrupted: java.lang.InterruptedException: sleep interrupted
2019-10-17 07:43:09,697 [grpc-default-executor-0] INFO  impl.RoleInfo (RoleInfo.java:updateAndGet(143)) - 37bd8e8c-ea68-4b1c-8659-8d001c4f3b5c: start FollowerState
2019-10-17 07:43:09,722 [2a93f7e5-ecb9-41da-9c47-70e13ba76d7d@group-A9EE991D717F-LeaderElection55] INFO  impl.LeaderElection (LeaderElection.java:logAndReturn(56)) - 2a93f7e5-ecb9-41da-9c47-70e13ba76d7d@group-A9EE991D717F-LeaderElection55: Election REJECTED; received 2 response(s) [2a93f7e5-ecb9-41da-9c47-70e13ba76d7d<-37bd8e8c-ea68-4b1c-8659-8d001c4f3b5c#0:FAIL-t37, 2a93f7e5-ecb9-41da-9c47-70e13ba76d7d<-24020d0b-ce61-4f5a-b0b0-c561541e8cd4#0:FAIL-t37] and 0 exception(s); 2a93f7e5-ecb9-41da-9c47-70e13ba76d7d@group-A9EE991D717F:t37, leader=null, voted=2a93f7e5-ecb9-41da-9c47-70e13ba76d7d, raftlog=2a93f7e5-ecb9-41da-9c47-70e13ba76d7d@group-A9EE991D717F-SegmentedRaftLog:OPENED:c-1,f0,i0, conf=0: [37bd8e8c-ea68-4b1c-8659-8d001c4f3b5c:192.168.34.62:41632, 24020d0b-ce61-4f5a-b0b0-c561541e8cd4:192.168.34.62:42892, 2a93f7e5-ecb9-41da-9c47-70e13ba76d7d:192.168.34.62:35412], old=null
2019-10-17 07:43:09,722 [2a93f7e5-ecb9-41da-9c47-70e13ba76d7d@group-A9EE991D717F-LeaderElection55] INFO  impl.RaftServerImpl (RaftServerImpl.java:setRole(184)) - 2a93f7e5-ecb9-41da-9c47-70e13ba76d7d@group-A9EE991D717F: changes role from CANDIDATE to FOLLOWER at term 37 for DISCOVERED_A_NEW_TERM
2019-10-17 07:43:09,722 [2a93f7e5-ecb9-41da-9c47-70e13ba76d7d@group-A9EE991D717F-LeaderElection55] INFO  impl.RoleInfo (RoleInfo.java:shutdownLeaderElection(134)) - 2a93f7e5-ecb9-41da-9c47-70e13ba76d7d: shutdown LeaderElection
2019-10-17 07:43:09,723 [2a93f7e5-ecb9-41da-9c47-70e13ba76d7d@group-A9EE991D717F-LeaderElection55] INFO  impl.RoleInfo (RoleInfo.java:updateAndGet(143)) - 2a93f7e5-ecb9-41da-9c47-70e13ba76d7d: start FollowerState
2019-10-17 07:43:09,784 [Thread-781] INFO  impl.FollowerState (FollowerState.java:run(108)) - 2a93f7e5-ecb9-41da-9c47-70e13ba76d7d@group-A9EE991D717F-FollowerState: change to CANDIDATE, lastRpcTime:61ms, electionTimeout:61ms
2019-10-17 07:43:09,784 [Thread-781] INFO  impl.RoleInfo (RoleInfo.java:shutdownFollowerState(121)) - 2a93f7e5-ecb9-41da-9c47-70e13ba76d7d: shutdown FollowerState
2019-10-17 07:43:09,784 [Thread-781] INFO  impl.RaftServerImpl (RaftServerImpl.java:setRole(184)) - 2a93f7e5-ecb9-41da-9c47-70e13ba76d7d@group-A9EE991D717F: changes role from  FOLLOWER to CANDIDATE at term 37 for changeToCandidate
2019-10-17 07:43:09,785 [Thread-781] INFO  impl.RoleInfo (RoleInfo.java:updateAndGet(143)) - 2a93f7e5-ecb9-41da-9c47-70e13ba76d7d: start LeaderElection
2019-10-17 07:43:09,807 [2a93f7e5-ecb9-41da-9c47-70e13ba76d7d@group-A9EE991D717F-LeaderElection56] INFO  impl.LeaderElection (LeaderElection.java:askForVotes(178)) - 2a93f7e5-ecb9-41da-9c47-70e13ba76d7d@group-A9EE991D717F-LeaderElection56: begin an election at term 38 for 0: [37bd8e8c-ea68-4b1c-8659-8d001c4f3b5c:192.168.34.62:41632, 24020d0b-ce61-4f5a-b0b0-c561541e8cd4:192.168.34.62:42892, 2a93f7e5-ecb9-41da-9c47-70e13ba76d7d:192.168.34.62:35412], old=null
2019-10-17 07:43:09,811 [grpc-default-executor-1] INFO  impl.RaftServerImpl (RaftServerImpl.java:setRole(184)) - 24020d0b-ce61-4f5a-b0b0-c561541e8cd4@group-A9EE991D717F: changes role from  FOLLOWER to FOLLOWER at term 38 for recognizeCandidate:2a93f7e5-ecb9-41da-9c47-70e13ba76d7d
2019-10-17 07:43:09,811 [grpc-default-executor-0] INFO  impl.RaftServerImpl (RaftServerImpl.java:setRole(184)) - 37bd8e8c-ea68-4b1c-8659-8d001c4f3b5c@group-A9EE991D717F: changes role from  FOLLOWER to FOLLOWER at term 38 for recognizeCandidate:2a93f7e5-ecb9-41da-9c47-70e13ba76d7d
2019-10-17 07:43:09,811 [grpc-default-executor-1] INFO  impl.RoleInfo (RoleInfo.java:shutdownFollowerState(121)) - 24020d0b-ce61-4f5a-b0b0-c561541e8cd4: shutdown FollowerState
2019-10-17 07:43:09,811 [grpc-default-executor-0] INFO  impl.RoleInfo (RoleInfo.java:shutdownFollowerState(121)) - 37bd8e8c-ea68-4b1c-8659-8d001c4f3b5c: shutdown FollowerState
2019-10-17 07:43:09,811 [Thread-779] INFO  impl.FollowerState (FollowerState.java:run(117)) - 24020d0b-ce61-4f5a-b0b0-c561541e8cd4@group-A9EE991D717F-FollowerState was interrupted: java.lang.InterruptedException: sleep interrupted
2019-10-17 07:43:09,811 [grpc-default-executor-1] INFO  impl.RoleInfo (RoleInfo.java:updateAndGet(143)) - 24020d0b-ce61-4f5a-b0b0-c561541e8cd4: start FollowerState
2019-10-17 07:43:09,812 [Thread-780] INFO  impl.FollowerState (FollowerState.java:run(117)) - 37bd8e8c-ea68-4b1c-8659-8d001c4f3b5c@group-A9EE991D717F-FollowerState was interrupted: java.lang.InterruptedException: sleep interrupted
2019-10-17 07:43:09,812 [grpc-default-executor-0] INFO  impl.RoleInfo (RoleInfo.java:updateAndGet(143)) - 37bd8e8c-ea68-4b1c-8659-8d001c4f3b5c: start FollowerState
2019-10-17 07:43:09,837 [2a93f7e5-ecb9-41da-9c47-70e13ba76d7d@group-A9EE991D717F-LeaderElection56] INFO  impl.LeaderElection (LeaderElection.java:logAndReturn(56)) - 2a93f7e5-ecb9-41da-9c47-70e13ba76d7d@group-A9EE991D717F-LeaderElection56: Election REJECTED; received 2 response(s) [2a93f7e5-ecb9-41da-9c47-70e13ba76d7d<-37bd8e8c-ea68-4b1c-8659-8d001c4f3b5c#0:FAIL-t38, 2a93f7e5-ecb9-41da-9c47-70e13ba76d7d<-24020d0b-ce61-4f5a-b0b0-c561541e8cd4#0:FAIL-t38] and 0 exception(s); 2a93f7e5-ecb9-41da-9c47-70e13ba76d7d@group-A9EE991D717F:t38, leader=null, voted=2a93f7e5-ecb9-41da-9c47-70e13ba76d7d, raftlog=2a93f7e5-ecb9-41da-9c47-70e13ba76d7d@group-A9EE991D717F-SegmentedRaftLog:OPENED:c-1,f0,i0, conf=0: [37bd8e8c-ea68-4b1c-8659-8d001c4f3b5c:192.168.34.62:41632, 24020d0b-ce61-4f5a-b0b0-c561541e8cd4:192.168.34.62:42892, 2a93f7e5-ecb9-41da-9c47-70e13ba76d7d:192.168.34.62:35412], old=null
2019-10-17 07:43:09,837 [2a93f7e5-ecb9-41da-9c47-70e13ba76d7d@group-A9EE991D717F-LeaderElection56] INFO  impl.RaftServerImpl (RaftServerImpl.java:setRole(184)) - 2a93f7e5-ecb9-41da-9c47-70e13ba76d7d@group-A9EE991D717F: changes role from CANDIDATE to FOLLOWER at term 38 for DISCOVERED_A_NEW_TERM
2019-10-17 07:43:09,837 [2a93f7e5-ecb9-41da-9c47-70e13ba76d7d@group-A9EE991D717F-LeaderElection56] INFO  impl.RoleInfo (RoleInfo.java:shutdownLeaderElection(134)) - 2a93f7e5-ecb9-41da-9c47-70e13ba76d7d: shutdown LeaderElection
2019-10-17 07:43:09,837 [2a93f7e5-ecb9-41da-9c47-70e13ba76d7d@group-A9EE991D717F-LeaderElection56] INFO  impl.RoleInfo (RoleInfo.java:updateAndGet(143)) - 2a93f7e5-ecb9-41da-9c47-70e13ba76d7d: start FollowerState
2019-10-17 07:43:09,934 [Thread-787] INFO  impl.FollowerState (FollowerState.java:run(108)) - 2a93f7e5-ecb9-41da-9c47-70e13ba76d7d@group-A9EE991D717F-FollowerState: change to CANDIDATE, lastRpcTime:96ms, electionTimeout:96ms
2019-10-17 07:43:09,934 [Thread-787] INFO  impl.RoleInfo (RoleInfo.java:shutdownFollowerState(121)) - 2a93f7e5-ecb9-41da-9c47-70e13ba76d7d: shutdown FollowerState
2019-10-17 07:43:09,934 [Thread-787] INFO  impl.RaftServerImpl (RaftServerImpl.java:setRole(184)) - 2a93f7e5-ecb9-41da-9c47-70e13ba76d7d@group-A9EE991D717F: changes role from  FOLLOWER to CANDIDATE at term 38 for changeToCandidate
2019-10-17 07:43:09,934 [Thread-787] INFO  impl.RoleInfo (RoleInfo.java:updateAndGet(143)) - 2a93f7e5-ecb9-41da-9c47-70e13ba76d7d: start LeaderElection
2019-10-17 07:43:09,958 [2a93f7e5-ecb9-41da-9c47-70e13ba76d7d@group-A9EE991D717F-LeaderElection57] INFO  impl.LeaderElection (LeaderElection.java:askForVotes(178)) - 2a93f7e5-ecb9-41da-9c47-70e13ba76d7d@group-A9EE991D717F-LeaderElection57: begin an election at term 39 for 0: [37bd8e8c-ea68-4b1c-8659-8d001c4f3b5c:192.168.34.62:41632, 24020d0b-ce61-4f5a-b0b0-c561541e8cd4:192.168.34.62:42892, 2a93f7e5-ecb9-41da-9c47-70e13ba76d7d:192.168.34.62:35412], old=null
2019-10-17 07:43:09,963 [grpc-default-executor-1] INFO  impl.RaftServerImpl (RaftServerImpl.java:setRole(184)) - 37bd8e8c-ea68-4b1c-8659-8d001c4f3b5c@group-A9EE991D717F: changes role from  FOLLOWER to FOLLOWER at term 39 for recognizeCandidate:2a93f7e5-ecb9-41da-9c47-70e13ba76d7d
2019-10-17 07:43:09,963 [grpc-default-executor-0] INFO  impl.RaftServerImpl (RaftServerImpl.java:setRole(184)) - 24020d0b-ce61-4f5a-b0b0-c561541e8cd4@group-A9EE991D717F: changes role from  FOLLOWER to FOLLOWER at term 39 for recognizeCandidate:2a93f7e5-ecb9-41da-9c47-70e13ba76d7d
2019-10-17 07:43:09,963 [2a93f7e5-ecb9-41da-9c47-70e13ba76d7d@group-A9EE991D717F-LeaderElection57] INFO  impl.LeaderElection (LeaderElection.java:logAndReturn(56)) - 2a93f7e5-ecb9-41da-9c47-70e13ba76d7d@group-A9EE991D717F-LeaderElection57: Election TIMEOUT; received 0 response(s) [] and 0 exception(s); 2a93f7e5-ecb9-41da-9c47-70e13ba76d7d@group-A9EE991D717F:t39, leader=null, voted=2a93f7e5-ecb9-41da-9c47-70e13ba76d7d, raftlog=2a93f7e5-ecb9-41da-9c47-70e13ba76d7d@group-A9EE991D717F-SegmentedRaftLog:OPENED:c-1,f0,i0, conf=0: [37bd8e8c-ea68-4b1c-8659-8d001c4f3b5c:192.168.34.62:41632, 24020d0b-ce61-4f5a-b0b0-c561541e8cd4:192.168.34.62:42892, 2a93f7e5-ecb9-41da-9c47-70e13ba76d7d:192.168.34.62:35412], old=null
2019-10-17 07:43:09,963 [grpc-default-executor-1] INFO  impl.RoleInfo (RoleInfo.java:shutdownFollowerState(121)) - 37bd8e8c-ea68-4b1c-8659-8d001c4f3b5c: shutdown FollowerState
2019-10-17 07:43:09,963 [grpc-default-executor-0] INFO  impl.RoleInfo (RoleInfo.java:shutdownFollowerState(121)) - 24020d0b-ce61-4f5a-b0b0-c561541e8cd4: shutdown FollowerState
2019-10-17 07:43:09,964 [Thread-786] INFO  impl.FollowerState (FollowerState.java:run(117)) - 37bd8e8c-ea68-4b1c-8659-8d001c4f3b5c@group-A9EE991D717F-FollowerState was interrupted: java.lang.InterruptedException: sleep interrupted
2019-10-17 07:43:09,964 [grpc-default-executor-1] INFO  impl.RoleInfo (RoleInfo.java:updateAndGet(143)) - 37bd8e8c-ea68-4b1c-8659-8d001c4f3b5c: start FollowerState
2019-10-17 07:43:09,964 [Thread-785] INFO  impl.FollowerState (FollowerState.java:run(117)) - 24020d0b-ce61-4f5a-b0b0-c561541e8cd4@group-A9EE991D717F-FollowerState was interrupted: java.lang.InterruptedException: sleep interrupted
2019-10-17 07:43:09,964 [grpc-default-executor-0] INFO  impl.RoleInfo (RoleInfo.java:updateAndGet(143)) - 24020d0b-ce61-4f5a-b0b0-c561541e8cd4: start FollowerState
2019-10-17 07:43:09,987 [2a93f7e5-ecb9-41da-9c47-70e13ba76d7d@group-A9EE991D717F-LeaderElection57] INFO  impl.LeaderElection (LeaderElection.java:askForVotes(178)) - 2a93f7e5-ecb9-41da-9c47-70e13ba76d7d@group-A9EE991D717F-LeaderElection57: begin an election at term 40 for 0: [37bd8e8c-ea68-4b1c-8659-8d001c4f3b5c:192.168.34.62:41632, 24020d0b-ce61-4f5a-b0b0-c561541e8cd4:192.168.34.62:42892, 2a93f7e5-ecb9-41da-9c47-70e13ba76d7d:192.168.34.62:35412], old=null
2019-10-17 07:43:09,989 [grpc-default-executor-0] INFO  impl.RaftServerImpl (RaftServerImpl.java:setRole(184)) - 24020d0b-ce61-4f5a-b0b0-c561541e8cd4@group-A9EE991D717F: changes role from  FOLLOWER to FOLLOWER at term 40 for recognizeCandidate:2a93f7e5-ecb9-41da-9c47-70e13ba76d7d
2019-10-17 07:43:09,989 [grpc-default-executor-1] INFO  impl.RaftServerImpl (RaftServerImpl.java:setRole(184)) - 37bd8e8c-ea68-4b1c-8659-8d001c4f3b5c@group-A9EE991D717F: changes role from  FOLLOWER to FOLLOWER at term 40 for recognizeCandidate:2a93f7e5-ecb9-41da-9c47-70e13ba76d7d
2019-10-17 07:43:09,989 [grpc-default-executor-0] INFO  impl.RoleInfo (RoleInfo.java:shutdownFollowerState(121)) - 24020d0b-ce61-4f5a-b0b0-c561541e8cd4: shutdown FollowerState
2019-10-17 07:43:09,989 [grpc-default-executor-1] INFO  impl.RoleInfo (RoleInfo.java:shutdownFollowerState(121)) - 37bd8e8c-ea68-4b1c-8659-8d001c4f3b5c: shutdown FollowerState
2019-10-17 07:43:09,990 [Thread-792] INFO  impl.FollowerState (FollowerState.java:run(117)) - 24020d0b-ce61-4f5a-b0b0-c561541e8cd4@group-A9EE991D717F-FollowerState was interrupted: java.lang.InterruptedException: sleep interrupted
2019-10-17 07:43:09,990 [grpc-default-executor-0] INFO  impl.RoleInfo (RoleInfo.java:updateAndGet(143)) - 24020d0b-ce61-4f5a-b0b0-c561541e8cd4: start FollowerState
2019-10-17 07:43:09,990 [Thread-791] INFO  impl.FollowerState (FollowerState.java:run(117)) - 37bd8e8c-ea68-4b1c-8659-8d001c4f3b5c@group-A9EE991D717F-FollowerState was interrupted: java.lang.InterruptedException: sleep interrupted
2019-10-17 07:43:09,990 [grpc-default-executor-1] INFO  impl.RoleInfo (RoleInfo.java:updateAndGet(143)) - 37bd8e8c-ea68-4b1c-8659-8d001c4f3b5c: start FollowerState
2019-10-17 07:43:10,015 [2a93f7e5-ecb9-41da-9c47-70e13ba76d7d@group-A9EE991D717F-LeaderElection57] INFO  impl.LeaderElection (LeaderElection.java:logAndReturn(56)) - 2a93f7e5-ecb9-41da-9c47-70e13ba76d7d@group-A9EE991D717F-LeaderElection57: Election REJECTED; received 2 response(s) [2a93f7e5-ecb9-41da-9c47-70e13ba76d7d<-37bd8e8c-ea68-4b1c-8659-8d001c4f3b5c#0:FAIL-t40, 2a93f7e5-ecb9-41da-9c47-70e13ba76d7d<-24020d0b-ce61-4f5a-b0b0-c561541e8cd4#0:FAIL-t40] and 0 exception(s); 2a93f7e5-ecb9-41da-9c47-70e13ba76d7d@group-A9EE991D717F:t40, leader=null, voted=2a93f7e5-ecb9-41da-9c47-70e13ba76d7d, raftlog=2a93f7e5-ecb9-41da-9c47-70e13ba76d7d@group-A9EE991D717F-SegmentedRaftLog:OPENED:c-1,f0,i0, conf=0: [37bd8e8c-ea68-4b1c-8659-8d001c4f3b5c:192.168.34.62:41632, 24020d0b-ce61-4f5a-b0b0-c561541e8cd4:192.168.34.62:42892, 2a93f7e5-ecb9-41da-9c47-70e13ba76d7d:192.168.34.62:35412], old=null
2019-10-17 07:43:10,015 [2a93f7e5-ecb9-41da-9c47-70e13ba76d7d@group-A9EE991D717F-LeaderElection57] INFO  impl.RaftServerImpl (RaftServerImpl.java:setRole(184)) - 2a93f7e5-ecb9-41da-9c47-70e13ba76d7d@group-A9EE991D717F: changes role from CANDIDATE to FOLLOWER at term 40 for DISCOVERED_A_NEW_TERM
2019-10-17 07:43:10,015 [2a93f7e5-ecb9-41da-9c47-70e13ba76d7d@group-A9EE991D717F-LeaderElection57] INFO  impl.RoleInfo (RoleInfo.java:shutdownLeaderElection(134)) - 2a93f7e5-ecb9-41da-9c47-70e13ba76d7d: shutdown LeaderElection
2019-10-17 07:43:10,015 [2a93f7e5-ecb9-41da-9c47-70e13ba76d7d@group-A9EE991D717F-LeaderElection57] INFO  impl.RoleInfo (RoleInfo.java:updateAndGet(143)) - 2a93f7e5-ecb9-41da-9c47-70e13ba76d7d: start FollowerState
2019-10-17 07:43:10,192 [Thread-797] INFO  impl.FollowerState (FollowerState.java:run(108)) - 2a93f7e5-ecb9-41da-9c47-70e13ba76d7d@group-A9EE991D717F-FollowerState: change to CANDIDATE, lastRpcTime:177ms, electionTimeout:177ms
2019-10-17 07:43:10,193 [Thread-797] INFO  impl.RoleInfo (RoleInfo.java:shutdownFollowerState(121)) - 2a93f7e5-ecb9-41da-9c47-70e13ba76d7d: shutdown FollowerState
2019-10-17 07:43:10,193 [Thread-797] INFO  impl.RaftServerImpl (RaftServerImpl.java:setRole(184)) - 2a93f7e5-ecb9-41da-9c47-70e13ba76d7d@group-A9EE991D717F: changes role from  FOLLOWER to CANDIDATE at term 40 for changeToCandidate
2019-10-17 07:43:10,193 [Thread-797] INFO  impl.RoleInfo (RoleInfo.java:updateAndGet(143)) - 2a93f7e5-ecb9-41da-9c47-70e13ba76d7d: start LeaderElection
2019-10-17 07:43:10,229 [2a93f7e5-ecb9-41da-9c47-70e13ba76d7d@group-A9EE991D717F-LeaderElection58] INFO  impl.LeaderElection (LeaderElection.java:askForVotes(178)) - 2a93f7e5-ecb9-41da-9c47-70e13ba76d7d@group-A9EE991D717F-LeaderElection58: begin an election at term 41 for 0: [37bd8e8c-ea68-4b1c-8659-8d001c4f3b5c:192.168.34.62:41632, 24020d0b-ce61-4f5a-b0b0-c561541e8cd4:192.168.34.62:42892, 2a93f7e5-ecb9-41da-9c47-70e13ba76d7d:192.168.34.62:35412], old=null
2019-10-17 07:43:10,233 [grpc-default-executor-1] INFO  impl.RaftServerImpl (RaftServerImpl.java:setRole(184)) - 37bd8e8c-ea68-4b1c-8659-8d001c4f3b5c@group-A9EE991D717F: changes role from  FOLLOWER to FOLLOWER at term 41 for recognizeCandidate:2a93f7e5-ecb9-41da-9c47-70e13ba76d7d
2019-10-17 07:43:10,233 [grpc-default-executor-0] INFO  impl.RaftServerImpl (RaftServerImpl.java:setRole(184)) - 24020d0b-ce61-4f5a-b0b0-c561541e8cd4@group-A9EE991D717F: changes role from  FOLLOWER to FOLLOWER at term 41 for recognizeCandidate:2a93f7e5-ecb9-41da-9c47-70e13ba76d7d
2019-10-17 07:43:10,233 [grpc-default-executor-1] INFO  impl.RoleInfo (RoleInfo.java:shutdownFollowerState(121)) - 37bd8e8c-ea68-4b1c-8659-8d001c4f3b5c: shutdown FollowerState
2019-10-17 07:43:10,233 [grpc-default-executor-0] INFO  impl.RoleInfo (RoleInfo.java:shutdownFollowerState(121)) - 24020d0b-ce61-4f5a-b0b0-c561541e8cd4: shutdown FollowerState
2019-10-17 07:43:10,234 [Thread-796] INFO  impl.FollowerState (FollowerState.java:run(117)) - 37bd8e8c-ea68-4b1c-8659-8d001c4f3b5c@group-A9EE991D717F-FollowerState was interrupted: java.lang.InterruptedException: sleep interrupted
2019-10-17 07:43:10,233 [grpc-default-executor-1] INFO  impl.RoleInfo (RoleInfo.java:updateAndGet(143)) - 37bd8e8c-ea68-4b1c-8659-8d001c4f3b5c: start FollowerState
2019-10-17 07:43:10,234 [Thread-795] INFO  impl.FollowerState (FollowerState.java:run(117)) - 24020d0b-ce61-4f5a-b0b0-c561541e8cd4@group-A9EE991D717F-FollowerState was interrupted: java.lang.InterruptedException: sleep interrupted
2019-10-17 07:43:10,234 [grpc-default-executor-0] INFO  impl.RoleInfo (RoleInfo.java:updateAndGet(143)) - 24020d0b-ce61-4f5a-b0b0-c561541e8cd4: start FollowerState
2019-10-17 07:43:10,264 [2a93f7e5-ecb9-41da-9c47-70e13ba76d7d@group-A9EE991D717F-LeaderElection58] INFO  impl.LeaderElection (LeaderElection.java:logAndReturn(56)) - 2a93f7e5-ecb9-41da-9c47-70e13ba76d7d@group-A9EE991D717F-LeaderElection58: Election REJECTED; received 2 response(s) [2a93f7e5-ecb9-41da-9c47-70e13ba76d7d<-37bd8e8c-ea68-4b1c-8659-8d001c4f3b5c#0:FAIL-t41, 2a93f7e5-ecb9-41da-9c47-70e13ba76d7d<-24020d0b-ce61-4f5a-b0b0-c561541e8cd4#0:FAIL-t41] and 0 exception(s); 2a93f7e5-ecb9-41da-9c47-70e13ba76d7d@group-A9EE991D717F:t41, leader=null, voted=2a93f7e5-ecb9-41da-9c47-70e13ba76d7d, raftlog=2a93f7e5-ecb9-41da-9c47-70e13ba76d7d@group-A9EE991D717F-SegmentedRaftLog:OPENED:c-1,f0,i0, conf=0: [37bd8e8c-ea68-4b1c-8659-8d001c4f3b5c:192.168.34.62:41632, 24020d0b-ce61-4f5a-b0b0-c561541e8cd4:192.168.34.62:42892, 2a93f7e5-ecb9-41da-9c47-70e13ba76d7d:192.168.34.62:35412], old=null
2019-10-17 07:43:10,265 [2a93f7e5-ecb9-41da-9c47-70e13ba76d7d@group-A9EE991D717F-LeaderElection58] INFO  impl.RaftServerImpl (RaftServerImpl.java:setRole(184)) - 2a93f7e5-ecb9-41da-9c47-70e13ba76d7d@group-A9EE991D717F: changes role from CANDIDATE to FOLLOWER at term 41 for DISCOVERED_A_NEW_TERM
2019-10-17 07:43:10,265 [2a93f7e5-ecb9-41da-9c47-70e13ba76d7d@group-A9EE991D717F-LeaderElection58] INFO  impl.RoleInfo (RoleInfo.java:shutdownLeaderElection(134)) - 2a93f7e5-ecb9-41da-9c47-70e13ba76d7d: shutdown LeaderElection
2019-10-17 07:43:10,265 [2a93f7e5-ecb9-41da-9c47-70e13ba76d7d@group-A9EE991D717F-LeaderElection58] INFO  impl.RoleInfo (RoleInfo.java:updateAndGet(143)) - 2a93f7e5-ecb9-41da-9c47-70e13ba76d7d: start FollowerState
2019-10-17 07:43:10,291 [Thread-803] INFO  impl.FollowerState (FollowerState.java:run(108)) - 2a93f7e5-ecb9-41da-9c47-70e13ba76d7d@group-A9EE991D717F-FollowerState: change to CANDIDATE, lastRpcTime:26ms, electionTimeout:26ms
2019-10-17 07:43:10,292 [Thread-803] INFO  impl.RoleInfo (RoleInfo.java:shutdownFollowerState(121)) - 2a93f7e5-ecb9-41da-9c47-70e13ba76d7d: shutdown FollowerState
2019-10-17 07:43:10,292 [Thread-803] INFO  impl.RaftServerImpl (RaftServerImpl.java:setRole(184)) - 2a93f7e5-ecb9-41da-9c47-70e13ba76d7d@group-A9EE991D717F: changes role from  FOLLOWER to CANDIDATE at term 41 for changeToCandidate
2019-10-17 07:43:10,292 [Thread-803] INFO  impl.RoleInfo (RoleInfo.java:updateAndGet(143)) - 2a93f7e5-ecb9-41da-9c47-70e13ba76d7d: start LeaderElection
2019-10-17 07:43:10,314 [2a93f7e5-ecb9-41da-9c47-70e13ba76d7d@group-A9EE991D717F-LeaderElection59] INFO  impl.LeaderElection (LeaderElection.java:askForVotes(178)) - 2a93f7e5-ecb9-41da-9c47-70e13ba76d7d@group-A9EE991D717F-LeaderElection59: begin an election at term 42 for 0: [37bd8e8c-ea68-4b1c-8659-8d001c4f3b5c:192.168.34.62:41632, 24020d0b-ce61-4f5a-b0b0-c561541e8cd4:192.168.34.62:42892, 2a93f7e5-ecb9-41da-9c47-70e13ba76d7d:192.168.34.62:35412], old=null
2019-10-17 07:43:10,317 [grpc-default-executor-0] INFO  impl.RaftServerImpl (RaftServerImpl.java:setRole(184)) - 37bd8e8c-ea68-4b1c-8659-8d001c4f3b5c@group-A9EE991D717F: changes role from  FOLLOWER to FOLLOWER at term 42 for recognizeCandidate:2a93f7e5-ecb9-41da-9c47-70e13ba76d7d
2019-10-17 07:43:10,317 [grpc-default-executor-1] INFO  impl.RaftServerImpl (RaftServerImpl.java:setRole(184)) - 24020d0b-ce61-4f5a-b0b0-c561541e8cd4@group-A9EE991D717F: changes role from  FOLLOWER to FOLLOWER at term 42 for recognizeCandidate:2a93f7e5-ecb9-41da-9c47-70e13ba76d7d
2019-10-17 07:43:10,317 [grpc-default-executor-0] INFO  impl.RoleInfo (RoleInfo.java:shutdownFollowerState(121)) - 37bd8e8c-ea68-4b1c-8659-8d001c4f3b5c: shutdown FollowerState
2019-10-17 07:43:10,317 [grpc-default-executor-1] INFO  impl.RoleInfo (RoleInfo.java:shutdownFollowerState(121)) - 24020d0b-ce61-4f5a-b0b0-c561541e8cd4: shutdown FollowerState
2019-10-17 07:43:10,317 [Thread-801] INFO  impl.FollowerState (FollowerState.java:run(117)) - 37bd8e8c-ea68-4b1c-8659-8d001c4f3b5c@group-A9EE991D717F-FollowerState was interrupted: java.lang.InterruptedException: sleep interrupted
2019-10-17 07:43:10,317 [grpc-default-executor-0] INFO  impl.RoleInfo (RoleInfo.java:updateAndGet(143)) - 37bd8e8c-ea68-4b1c-8659-8d001c4f3b5c: start FollowerState
2019-10-17 07:43:10,318 [Thread-802] INFO  impl.FollowerState (FollowerState.java:run(117)) - 24020d0b-ce61-4f5a-b0b0-c561541e8cd4@group-A9EE991D717F-FollowerState was interrupted: java.lang.InterruptedException: sleep interrupted
2019-10-17 07:43:10,317 [grpc-default-executor-1] INFO  impl.RoleInfo (RoleInfo.java:updateAndGet(143)) - 24020d0b-ce61-4f5a-b0b0-c561541e8cd4: start FollowerState
2019-10-17 07:43:10,327 [2a93f7e5-ecb9-41da-9c47-70e13ba76d7d@group-A9EE991D717F-LeaderElection59] INFO  impl.LeaderElection (LeaderElection.java:logAndReturn(56)) - 2a93f7e5-ecb9-41da-9c47-70e13ba76d7d@group-A9EE991D717F-LeaderElection59: Election TIMEOUT; received 0 response(s) [] and 0 exception(s); 2a93f7e5-ecb9-41da-9c47-70e13ba76d7d@group-A9EE991D717F:t42, leader=null, voted=2a93f7e5-ecb9-41da-9c47-70e13ba76d7d, raftlog=2a93f7e5-ecb9-41da-9c47-70e13ba76d7d@group-A9EE991D717F-SegmentedRaftLog:OPENED:c-1,f0,i0, conf=0: [37bd8e8c-ea68-4b1c-8659-8d001c4f3b5c:192.168.34.62:41632, 24020d0b-ce61-4f5a-b0b0-c561541e8cd4:192.168.34.62:42892, 2a93f7e5-ecb9-41da-9c47-70e13ba76d7d:192.168.34.62:35412], old=null
2019-10-17 07:43:10,339 [2a93f7e5-ecb9-41da-9c47-70e13ba76d7d@group-A9EE991D717F-LeaderElection59] INFO  impl.LeaderElection (LeaderElection.java:askForVotes(178)) - 2a93f7e5-ecb9-41da-9c47-70e13ba76d7d@group-A9EE991D717F-LeaderElection59: begin an election at term 43 for 0: [37bd8e8c-ea68-4b1c-8659-8d001c4f3b5c:192.168.34.62:41632, 24020d0b-ce61-4f5a-b0b0-c561541e8cd4:192.168.34.62:42892, 2a93f7e5-ecb9-41da-9c47-70e13ba76d7d:192.168.34.62:35412], old=null
2019-10-17 07:43:10,343 [grpc-default-executor-0] INFO  impl.RaftServerImpl (RaftServerImpl.java:setRole(184)) - 37bd8e8c-ea68-4b1c-8659-8d001c4f3b5c@group-A9EE991D717F: changes role from  FOLLOWER to FOLLOWER at term 43 for recognizeCandidate:2a93f7e5-ecb9-41da-9c47-70e13ba76d7d
2019-10-17 07:43:10,343 [grpc-default-executor-1] INFO  impl.RaftServerImpl (RaftServerImpl.java:setRole(184)) - 24020d0b-ce61-4f5a-b0b0-c561541e8cd4@group-A9EE991D717F: changes role from  FOLLOWER to FOLLOWER at term 43 for recognizeCandidate:2a93f7e5-ecb9-41da-9c47-70e13ba76d7d
2019-10-17 07:43:10,343 [grpc-default-executor-0] INFO  impl.RoleInfo (RoleInfo.java:shutdownFollowerState(121)) - 37bd8e8c-ea68-4b1c-8659-8d001c4f3b5c: shutdown FollowerState
2019-10-17 07:43:10,343 [grpc-default-executor-1] INFO  impl.RoleInfo (RoleInfo.java:shutdownFollowerState(121)) - 24020d0b-ce61-4f5a-b0b0-c561541e8cd4: shutdown FollowerState
2019-10-17 07:43:10,344 [Thread-807] INFO  impl.FollowerState (FollowerState.java:run(117)) - 37bd8e8c-ea68-4b1c-8659-8d001c4f3b5c@group-A9EE991D717F-FollowerState was interrupted: java.lang.InterruptedException: sleep interrupted
2019-10-17 07:43:10,344 [grpc-default-executor-0] INFO  impl.RoleInfo (RoleInfo.java:updateAndGet(143)) - 37bd8e8c-ea68-4b1c-8659-8d001c4f3b5c: start FollowerState
2019-10-17 07:43:10,344 [Thread-808] INFO  impl.FollowerState (FollowerState.java:run(117)) - 24020d0b-ce61-4f5a-b0b0-c561541e8cd4@group-A9EE991D717F-FollowerState was interrupted: java.lang.InterruptedException: sleep interrupted
2019-10-17 07:43:10,344 [grpc-default-executor-1] INFO  impl.RoleInfo (RoleInfo.java:updateAndGet(143)) - 24020d0b-ce61-4f5a-b0b0-c561541e8cd4: start FollowerState
2019-10-17 07:43:10,374 [2a93f7e5-ecb9-41da-9c47-70e13ba76d7d@group-A9EE991D717F-LeaderElection59] INFO  impl.LeaderElection (LeaderElection.java:logAndReturn(56)) - 2a93f7e5-ecb9-41da-9c47-70e13ba76d7d@group-A9EE991D717F-LeaderElection59: Election REJECTED; received 2 response(s) [2a93f7e5-ecb9-41da-9c47-70e13ba76d7d<-37bd8e8c-ea68-4b1c-8659-8d001c4f3b5c#0:FAIL-t43, 2a93f7e5-ecb9-41da-9c47-70e13ba76d7d<-24020d0b-ce61-4f5a-b0b0-c561541e8cd4#0:FAIL-t43] and 0 exception(s); 2a93f7e5-ecb9-41da-9c47-70e13ba76d7d@group-A9EE991D717F:t43, leader=null, voted=2a93f7e5-ecb9-41da-9c47-70e13ba76d7d, raftlog=2a93f7e5-ecb9-41da-9c47-70e13ba76d7d@group-A9EE991D717F-SegmentedRaftLog:OPENED:c-1,f0,i0, conf=0: [37bd8e8c-ea68-4b1c-8659-8d001c4f3b5c:192.168.34.62:41632, 24020d0b-ce61-4f5a-b0b0-c561541e8cd4:192.168.34.62:42892, 2a93f7e5-ecb9-41da-9c47-70e13ba76d7d:192.168.34.62:35412], old=null
2019-10-17 07:43:10,375 [2a93f7e5-ecb9-41da-9c47-70e13ba76d7d@group-A9EE991D717F-LeaderElection59] INFO  impl.RaftServerImpl (RaftServerImpl.java:setRole(184)) - 2a93f7e5-ecb9-41da-9c47-70e13ba76d7d@group-A9EE991D717F: changes role from CANDIDATE to FOLLOWER at term 43 for DISCOVERED_A_NEW_TERM
2019-10-17 07:43:10,375 [2a93f7e5-ecb9-41da-9c47-70e13ba76d7d@group-A9EE991D717F-LeaderElection59] INFO  impl.RoleInfo (RoleInfo.java:shutdownLeaderElection(134)) - 2a93f7e5-ecb9-41da-9c47-70e13ba76d7d: shutdown LeaderElection
2019-10-17 07:43:10,375 [2a93f7e5-ecb9-41da-9c47-70e13ba76d7d@group-A9EE991D717F-LeaderElection59] INFO  impl.RoleInfo (RoleInfo.java:updateAndGet(143)) - 2a93f7e5-ecb9-41da-9c47-70e13ba76d7d: start FollowerState
2019-10-17 07:43:10,511 [Thread-813] INFO  impl.FollowerState (FollowerState.java:run(108)) - 2a93f7e5-ecb9-41da-9c47-70e13ba76d7d@group-A9EE991D717F-FollowerState: change to CANDIDATE, lastRpcTime:136ms, electionTimeout:136ms
2019-10-17 07:43:10,512 [Thread-813] INFO  impl.RoleInfo (RoleInfo.java:shutdownFollowerState(121)) - 2a93f7e5-ecb9-41da-9c47-70e13ba76d7d: shutdown FollowerState
2019-10-17 07:43:10,512 [Thread-813] INFO  impl.RaftServerImpl (RaftServerImpl.java:setRole(184)) - 2a93f7e5-ecb9-41da-9c47-70e13ba76d7d@group-A9EE991D717F: changes role from  FOLLOWER to CANDIDATE at term 43 for changeToCandidate
2019-10-17 07:43:10,512 [Thread-813] INFO  impl.RoleInfo (RoleInfo.java:updateAndGet(143)) - 2a93f7e5-ecb9-41da-9c47-70e13ba76d7d: start LeaderElection
2019-10-17 07:43:10,536 [2a93f7e5-ecb9-41da-9c47-70e13ba76d7d@group-A9EE991D717F-LeaderElection60] INFO  impl.LeaderElection (LeaderElection.java:askForVotes(178)) - 2a93f7e5-ecb9-41da-9c47-70e13ba76d7d@group-A9EE991D717F-LeaderElection60: begin an election at term 44 for 0: [37bd8e8c-ea68-4b1c-8659-8d001c4f3b5c:192.168.34.62:41632, 24020d0b-ce61-4f5a-b0b0-c561541e8cd4:192.168.34.62:42892, 2a93f7e5-ecb9-41da-9c47-70e13ba76d7d:192.168.34.62:35412], old=null
2019-10-17 07:43:10,539 [grpc-default-executor-1] INFO  impl.RaftServerImpl (RaftServerImpl.java:setRole(184)) - 37bd8e8c-ea68-4b1c-8659-8d001c4f3b5c@group-A9EE991D717F: changes role from  FOLLOWER to FOLLOWER at term 44 for recognizeCandidate:2a93f7e5-ecb9-41da-9c47-70e13ba76d7d
2019-10-17 07:43:10,539 [grpc-default-executor-0] INFO  impl.RaftServerImpl (RaftServerImpl.java:setRole(184)) - 24020d0b-ce61-4f5a-b0b0-c561541e8cd4@group-A9EE991D717F: changes role from  FOLLOWER to FOLLOWER at term 44 for recognizeCandidate:2a93f7e5-ecb9-41da-9c47-70e13ba76d7d
2019-10-17 07:43:10,539 [grpc-default-executor-1] INFO  impl.RoleInfo (RoleInfo.java:shutdownFollowerState(121)) - 37bd8e8c-ea68-4b1c-8659-8d001c4f3b5c: shutdown FollowerState
2019-10-17 07:43:10,539 [grpc-default-executor-0] INFO  impl.RoleInfo (RoleInfo.java:shutdownFollowerState(121)) - 24020d0b-ce61-4f5a-b0b0-c561541e8cd4: shutdown FollowerState
2019-10-17 07:43:10,540 [Thread-811] INFO  impl.FollowerState (FollowerState.java:run(117)) - 37bd8e8c-ea68-4b1c-8659-8d001c4f3b5c@group-A9EE991D717F-FollowerState was interrupted: java.lang.InterruptedException: sleep interrupted
2019-10-17 07:43:10,540 [grpc-default-executor-1] INFO  impl.RoleInfo (RoleInfo.java:updateAndGet(143)) - 37bd8e8c-ea68-4b1c-8659-8d001c4f3b5c: start FollowerState
2019-10-17 07:43:10,540 [Thread-812] INFO  impl.FollowerState (FollowerState.java:run(117)) - 24020d0b-ce61-4f5a-b0b0-c561541e8cd4@group-A9EE991D717F-FollowerState was interrupted: java.lang.InterruptedException: sleep interrupted
2019-10-17 07:43:10,540 [grpc-default-executor-0] INFO  impl.RoleInfo (RoleInfo.java:updateAndGet(143)) - 24020d0b-ce61-4f5a-b0b0-c561541e8cd4: start FollowerState
2019-10-17 07:43:10,566 [2a93f7e5-ecb9-41da-9c47-70e13ba76d7d@group-A9EE991D717F-LeaderElection60] INFO  impl.LeaderElection (LeaderElection.java:logAndReturn(56)) - 2a93f7e5-ecb9-41da-9c47-70e13ba76d7d@group-A9EE991D717F-LeaderElection60: Election REJECTED; received 2 response(s) [2a93f7e5-ecb9-41da-9c47-70e13ba76d7d<-37bd8e8c-ea68-4b1c-8659-8d001c4f3b5c#0:FAIL-t44, 2a93f7e5-ecb9-41da-9c47-70e13ba76d7d<-24020d0b-ce61-4f5a-b0b0-c561541e8cd4#0:FAIL-t44] and 0 exception(s); 2a93f7e5-ecb9-41da-9c47-70e13ba76d7d@group-A9EE991D717F:t44, leader=null, voted=2a93f7e5-ecb9-41da-9c47-70e13ba76d7d, raftlog=2a93f7e5-ecb9-41da-9c47-70e13ba76d7d@group-A9EE991D717F-SegmentedRaftLog:OPENED:c-1,f0,i0, conf=0: [37bd8e8c-ea68-4b1c-8659-8d001c4f3b5c:192.168.34.62:41632, 24020d0b-ce61-4f5a-b0b0-c561541e8cd4:192.168.34.62:42892, 2a93f7e5-ecb9-41da-9c47-70e13ba76d7d:192.168.34.62:35412], old=null
2019-10-17 07:43:10,566 [2a93f7e5-ecb9-41da-9c47-70e13ba76d7d@group-A9EE991D717F-LeaderElection60] INFO  impl.RaftServerImpl (RaftServerImpl.java:setRole(184)) - 2a93f7e5-ecb9-41da-9c47-70e13ba76d7d@group-A9EE991D717F: changes role from CANDIDATE to FOLLOWER at term 44 for DISCOVERED_A_NEW_TERM
2019-10-17 07:43:10,567 [2a93f7e5-ecb9-41da-9c47-70e13ba76d7d@group-A9EE991D717F-LeaderElection60] INFO  impl.RoleInfo (RoleInfo.java:shutdownLeaderElection(134)) - 2a93f7e5-ecb9-41da-9c47-70e13ba76d7d: shutdown LeaderElection
2019-10-17 07:43:10,567 [2a93f7e5-ecb9-41da-9c47-70e13ba76d7d@group-A9EE991D717F-LeaderElection60] INFO  impl.RoleInfo (RoleInfo.java:updateAndGet(143)) - 2a93f7e5-ecb9-41da-9c47-70e13ba76d7d: start FollowerState
2019-10-17 07:43:10,593 [Thread-819] INFO  impl.FollowerState (FollowerState.java:run(108)) - 2a93f7e5-ecb9-41da-9c47-70e13ba76d7d@group-A9EE991D717F-FollowerState: change to CANDIDATE, lastRpcTime:26ms, electionTimeout:26ms
2019-10-17 07:43:10,593 [Thread-819] INFO  impl.RoleInfo (RoleInfo.java:shutdownFollowerState(121)) - 2a93f7e5-ecb9-41da-9c47-70e13ba76d7d: shutdown FollowerState
2019-10-17 07:43:10,593 [Thread-819] INFO  impl.RaftServerImpl (RaftServerImpl.java:setRole(184)) - 2a93f7e5-ecb9-41da-9c47-70e13ba76d7d@group-A9EE991D717F: changes role from  FOLLOWER to CANDIDATE at term 44 for changeToCandidate
2019-10-17 07:43:10,594 [Thread-819] INFO  impl.RoleInfo (RoleInfo.java:updateAndGet(143)) - 2a93f7e5-ecb9-41da-9c47-70e13ba76d7d: start LeaderElection
2019-10-17 07:43:10,617 [2a93f7e5-ecb9-41da-9c47-70e13ba76d7d@group-A9EE991D717F-LeaderElection61] INFO  impl.LeaderElection (LeaderElection.java:askForVotes(178)) - 2a93f7e5-ecb9-41da-9c47-70e13ba76d7d@group-A9EE991D717F-LeaderElection61: begin an election at term 45 for 0: [37bd8e8c-ea68-4b1c-8659-8d001c4f3b5c:192.168.34.62:41632, 24020d0b-ce61-4f5a-b0b0-c561541e8cd4:192.168.34.62:42892, 2a93f7e5-ecb9-41da-9c47-70e13ba76d7d:192.168.34.62:35412], old=null
2019-10-17 07:43:10,621 [grpc-default-executor-0] INFO  impl.RaftServerImpl (RaftServerImpl.java:setRole(184)) - 37bd8e8c-ea68-4b1c-8659-8d001c4f3b5c@group-A9EE991D717F: changes role from  FOLLOWER to FOLLOWER at term 45 for recognizeCandidate:2a93f7e5-ecb9-41da-9c47-70e13ba76d7d
2019-10-17 07:43:10,621 [grpc-default-executor-0] INFO  impl.RoleInfo (RoleInfo.java:shutdownFollowerState(121)) - 37bd8e8c-ea68-4b1c-8659-8d001c4f3b5c: shutdown FollowerState
2019-10-17 07:43:10,621 [grpc-default-executor-0] INFO  impl.RoleInfo (RoleInfo.java:updateAndGet(143)) - 37bd8e8c-ea68-4b1c-8659-8d001c4f3b5c: start FollowerState
2019-10-17 07:43:10,621 [Thread-817] INFO  impl.FollowerState (FollowerState.java:run(117)) - 37bd8e8c-ea68-4b1c-8659-8d001c4f3b5c@group-A9EE991D717F-FollowerState was interrupted: java.lang.InterruptedException: sleep interrupted
2019-10-17 07:43:10,621 [grpc-default-executor-1] INFO  impl.RaftServerImpl (RaftServerImpl.java:setRole(184)) - 24020d0b-ce61-4f5a-b0b0-c561541e8cd4@group-A9EE991D717F: changes role from  FOLLOWER to FOLLOWER at term 45 for recognizeCandidate:2a93f7e5-ecb9-41da-9c47-70e13ba76d7d
2019-10-17 07:43:10,622 [grpc-default-executor-1] INFO  impl.RoleInfo (RoleInfo.java:shutdownFollowerState(121)) - 24020d0b-ce61-4f5a-b0b0-c561541e8cd4: shutdown FollowerState
2019-10-17 07:43:10,622 [grpc-default-executor-1] INFO  impl.RoleInfo (RoleInfo.java:updateAndGet(143)) - 24020d0b-ce61-4f5a-b0b0-c561541e8cd4: start FollowerState
2019-10-17 07:43:10,622 [Thread-818] INFO  impl.FollowerState (FollowerState.java:run(117)) - 24020d0b-ce61-4f5a-b0b0-c561541e8cd4@group-A9EE991D717F-FollowerState was interrupted: java.lang.InterruptedException: sleep interrupted
2019-10-17 07:43:10,646 [2a93f7e5-ecb9-41da-9c47-70e13ba76d7d@group-A9EE991D717F-LeaderElection61] INFO  impl.LeaderElection (LeaderElection.java:logAndReturn(56)) - 2a93f7e5-ecb9-41da-9c47-70e13ba76d7d@group-A9EE991D717F-LeaderElection61: Election REJECTED; received 2 response(s) [2a93f7e5-ecb9-41da-9c47-70e13ba76d7d<-37bd8e8c-ea68-4b1c-8659-8d001c4f3b5c#0:FAIL-t45, 2a93f7e5-ecb9-41da-9c47-70e13ba76d7d<-24020d0b-ce61-4f5a-b0b0-c561541e8cd4#0:FAIL-t45] and 0 exception(s); 2a93f7e5-ecb9-41da-9c47-70e13ba76d7d@group-A9EE991D717F:t45, leader=null, voted=2a93f7e5-ecb9-41da-9c47-70e13ba76d7d, raftlog=2a93f7e5-ecb9-41da-9c47-70e13ba76d7d@group-A9EE991D717F-SegmentedRaftLog:OPENED:c-1,f0,i0, conf=0: [37bd8e8c-ea68-4b1c-8659-8d001c4f3b5c:192.168.34.62:41632, 24020d0b-ce61-4f5a-b0b0-c561541e8cd4:192.168.34.62:42892, 2a93f7e5-ecb9-41da-9c47-70e13ba76d7d:192.168.34.62:35412], old=null
2019-10-17 07:43:10,647 [2a93f7e5-ecb9-41da-9c47-70e13ba76d7d@group-A9EE991D717F-LeaderElection61] INFO  impl.RaftServerImpl (RaftServerImpl.java:setRole(184)) - 2a93f7e5-ecb9-41da-9c47-70e13ba76d7d@group-A9EE991D717F: changes role from CANDIDATE to FOLLOWER at term 45 for DISCOVERED_A_NEW_TERM
2019-10-17 07:43:10,647 [2a93f7e5-ecb9-41da-9c47-70e13ba76d7d@group-A9EE991D717F-LeaderElection61] INFO  impl.RoleInfo (RoleInfo.java:shutdownLeaderElection(134)) - 2a93f7e5-ecb9-41da-9c47-70e13ba76d7d: shutdown LeaderElection
2019-10-17 07:43:10,647 [2a93f7e5-ecb9-41da-9c47-70e13ba76d7d@group-A9EE991D717F-LeaderElection61] INFO  impl.RoleInfo (RoleInfo.java:updateAndGet(143)) - 2a93f7e5-ecb9-41da-9c47-70e13ba76d7d: start FollowerState
2019-10-17 07:43:10,765 [Thread-825] INFO  impl.FollowerState (FollowerState.java:run(108)) - 2a93f7e5-ecb9-41da-9c47-70e13ba76d7d@group-A9EE991D717F-FollowerState: change to CANDIDATE, lastRpcTime:118ms, electionTimeout:118ms
2019-10-17 07:43:10,765 [Thread-825] INFO  impl.RoleInfo (RoleInfo.java:shutdownFollowerState(121)) - 2a93f7e5-ecb9-41da-9c47-70e13ba76d7d: shutdown FollowerState
2019-10-17 07:43:10,766 [Thread-825] INFO  impl.RaftServerImpl (RaftServerImpl.java:setRole(184)) - 2a93f7e5-ecb9-41da-9c47-70e13ba76d7d@group-A9EE991D717F: changes role from  FOLLOWER to CANDIDATE at term 45 for changeToCandidate
2019-10-17 07:43:10,766 [Thread-825] INFO  impl.RoleInfo (RoleInfo.java:updateAndGet(143)) - 2a93f7e5-ecb9-41da-9c47-70e13ba76d7d: start LeaderElection
2019-10-17 07:43:10,785 [2a93f7e5-ecb9-41da-9c47-70e13ba76d7d@group-A9EE991D717F-LeaderElection62] INFO  impl.LeaderElection (LeaderElection.java:askForVotes(178)) - 2a93f7e5-ecb9-41da-9c47-70e13ba76d7d@group-A9EE991D717F-LeaderElection62: begin an election at term 46 for 0: [37bd8e8c-ea68-4b1c-8659-8d001c4f3b5c:192.168.34.62:41632, 24020d0b-ce61-4f5a-b0b0-c561541e8cd4:192.168.34.62:42892, 2a93f7e5-ecb9-41da-9c47-70e13ba76d7d:192.168.34.62:35412], old=null
2019-10-17 07:43:10,787 [grpc-default-executor-0] INFO  impl.RaftServerImpl (RaftServerImpl.java:setRole(184)) - 37bd8e8c-ea68-4b1c-8659-8d001c4f3b5c@group-A9EE991D717F: changes role from  FOLLOWER to FOLLOWER at term 46 for recognizeCandidate:2a93f7e5-ecb9-41da-9c47-70e13ba76d7d
2019-10-17 07:43:10,787 [grpc-default-executor-1] INFO  impl.RaftServerImpl (RaftServerImpl.java:setRole(184)) - 24020d0b-ce61-4f5a-b0b0-c561541e8cd4@group-A9EE991D717F: changes role from  FOLLOWER to FOLLOWER at term 46 for recognizeCandidate:2a93f7e5-ecb9-41da-9c47-70e13ba76d7d
2019-10-17 07:43:10,788 [grpc-default-executor-0] INFO  impl.RoleInfo (RoleInfo.java:shutdownFollowerState(121)) - 37bd8e8c-ea68-4b1c-8659-8d001c4f3b5c: shutdown FollowerState
2019-10-17 07:43:10,788 [grpc-default-executor-1] INFO  impl.RoleInfo (RoleInfo.java:shutdownFollowerState(121)) - 24020d0b-ce61-4f5a-b0b0-c561541e8cd4: shutdown FollowerState
2019-10-17 07:43:10,788 [Thread-823] INFO  impl.FollowerState (FollowerState.java:run(117)) - 37bd8e8c-ea68-4b1c-8659-8d001c4f3b5c@group-A9EE991D717F-FollowerState was interrupted: java.lang.InterruptedException: sleep interrupted
2019-10-17 07:43:10,788 [grpc-default-executor-0] INFO  impl.RoleInfo (RoleInfo.java:updateAndGet(143)) - 37bd8e8c-ea68-4b1c-8659-8d001c4f3b5c: start FollowerState
2019-10-17 07:43:10,788 [Thread-824] INFO  impl.FollowerState (FollowerState.java:run(117)) - 24020d0b-ce61-4f5a-b0b0-c561541e8cd4@group-A9EE991D717F-FollowerState was interrupted: java.lang.InterruptedException: sleep interrupted
2019-10-17 07:43:10,788 [grpc-default-executor-1] INFO  impl.RoleInfo (RoleInfo.java:updateAndGet(143)) - 24020d0b-ce61-4f5a-b0b0-c561541e8cd4: start FollowerState
2019-10-17 07:43:10,828 [2a93f7e5-ecb9-41da-9c47-70e13ba76d7d@group-A9EE991D717F-LeaderElection62] INFO  impl.LeaderElection (LeaderElection.java:logAndReturn(56)) - 2a93f7e5-ecb9-41da-9c47-70e13ba76d7d@group-A9EE991D717F-LeaderElection62: Election TIMEOUT; received 0 response(s) [] and 0 exception(s); 2a93f7e5-ecb9-41da-9c47-70e13ba76d7d@group-A9EE991D717F:t46, leader=null, voted=2a93f7e5-ecb9-41da-9c47-70e13ba76d7d, raftlog=2a93f7e5-ecb9-41da-9c47-70e13ba76d7d@group-A9EE991D717F-SegmentedRaftLog:OPENED:c-1,f0,i0, conf=0: [37bd8e8c-ea68-4b1c-8659-8d001c4f3b5c:192.168.34.62:41632, 24020d0b-ce61-4f5a-b0b0-c561541e8cd4:192.168.34.62:42892, 2a93f7e5-ecb9-41da-9c47-70e13ba76d7d:192.168.34.62:35412], old=null
2019-10-17 07:43:10,852 [2a93f7e5-ecb9-41da-9c47-70e13ba76d7d@group-A9EE991D717F-LeaderElection62] INFO  impl.LeaderElection (LeaderElection.java:askForVotes(178)) - 2a93f7e5-ecb9-41da-9c47-70e13ba76d7d@group-A9EE991D717F-LeaderElection62: begin an election at term 47 for 0: [37bd8e8c-ea68-4b1c-8659-8d001c4f3b5c:192.168.34.62:41632, 24020d0b-ce61-4f5a-b0b0-c561541e8cd4:192.168.34.62:42892, 2a93f7e5-ecb9-41da-9c47-70e13ba76d7d:192.168.34.62:35412], old=null
2019-10-17 07:43:10,857 [grpc-default-executor-0] INFO  impl.RaftServerImpl (RaftServerImpl.java:setRole(184)) - 37bd8e8c-ea68-4b1c-8659-8d001c4f3b5c@group-A9EE991D717F: changes role from  FOLLOWER to FOLLOWER at term 47 for recognizeCandidate:2a93f7e5-ecb9-41da-9c47-70e13ba76d7d
2019-10-17 07:43:10,857 [grpc-default-executor-0] INFO  impl.RoleInfo (RoleInfo.java:shutdownFollowerState(121)) - 37bd8e8c-ea68-4b1c-8659-8d001c4f3b5c: shutdown FollowerState
2019-10-17 07:43:10,857 [grpc-default-executor-0] INFO  impl.RoleInfo (RoleInfo.java:updateAndGet(143)) - 37bd8e8c-ea68-4b1c-8659-8d001c4f3b5c: start FollowerState
2019-10-17 07:43:10,857 [Thread-829] INFO  impl.FollowerState (FollowerState.java:run(117)) - 37bd8e8c-ea68-4b1c-8659-8d001c4f3b5c@group-A9EE991D717F-FollowerState was interrupted: java.lang.InterruptedException: sleep interrupted
2019-10-17 07:43:10,857 [grpc-default-executor-1] INFO  impl.RaftServerImpl (RaftServerImpl.java:setRole(184)) - 24020d0b-ce61-4f5a-b0b0-c561541e8cd4@group-A9EE991D717F: changes role from  FOLLOWER to FOLLOWER at term 47 for recognizeCandidate:2a93f7e5-ecb9-41da-9c47-70e13ba76d7d
2019-10-17 07:43:10,858 [grpc-default-executor-1] INFO  impl.RoleInfo (RoleInfo.java:shutdownFollowerState(121)) - 24020d0b-ce61-4f5a-b0b0-c561541e8cd4: shutdown FollowerState
2019-10-17 07:43:10,858 [grpc-default-executor-1] INFO  impl.RoleInfo (RoleInfo.java:updateAndGet(143)) - 24020d0b-ce61-4f5a-b0b0-c561541e8cd4: start FollowerState
2019-10-17 07:43:10,858 [Thread-830] INFO  impl.FollowerState (FollowerState.java:run(117)) - 24020d0b-ce61-4f5a-b0b0-c561541e8cd4@group-A9EE991D717F-FollowerState was interrupted: java.lang.InterruptedException: sleep interrupted
2019-10-17 07:43:10,888 [2a93f7e5-ecb9-41da-9c47-70e13ba76d7d@group-A9EE991D717F-LeaderElection62] INFO  impl.LeaderElection (LeaderElection.java:logAndReturn(56)) - 2a93f7e5-ecb9-41da-9c47-70e13ba76d7d@group-A9EE991D717F-LeaderElection62: Election REJECTED; received 2 response(s) [2a93f7e5-ecb9-41da-9c47-70e13ba76d7d<-37bd8e8c-ea68-4b1c-8659-8d001c4f3b5c#0:FAIL-t47, 2a93f7e5-ecb9-41da-9c47-70e13ba76d7d<-24020d0b-ce61-4f5a-b0b0-c561541e8cd4#0:FAIL-t47] and 0 exception(s); 2a93f7e5-ecb9-41da-9c47-70e13ba76d7d@group-A9EE991D717F:t47, leader=null, voted=2a93f7e5-ecb9-41da-9c47-70e13ba76d7d, raftlog=2a93f7e5-ecb9-41da-9c47-70e13ba76d7d@group-A9EE991D717F-SegmentedRaftLog:OPENED:c-1,f0,i0, conf=0: [37bd8e8c-ea68-4b1c-8659-8d001c4f3b5c:192.168.34.62:41632, 24020d0b-ce61-4f5a-b0b0-c561541e8cd4:192.168.34.62:42892, 2a93f7e5-ecb9-41da-9c47-70e13ba76d7d:192.168.34.62:35412], old=null
2019-10-17 07:43:10,888 [2a93f7e5-ecb9-41da-9c47-70e13ba76d7d@group-A9EE991D717F-LeaderElection62] INFO  impl.RaftServerImpl (RaftServerImpl.java:setRole(184)) - 2a93f7e5-ecb9-41da-9c47-70e13ba76d7d@group-A9EE991D717F: changes role from CANDIDATE to FOLLOWER at term 47 for DISCOVERED_A_NEW_TERM
2019-10-17 07:43:10,888 [2a93f7e5-ecb9-41da-9c47-70e13ba76d7d@group-A9EE991D717F-LeaderElection62] INFO  impl.RoleInfo (RoleInfo.java:shutdownLeaderElection(134)) - 2a93f7e5-ecb9-41da-9c47-70e13ba76d7d: shutdown LeaderElection
2019-10-17 07:43:10,888 [2a93f7e5-ecb9-41da-9c47-70e13ba76d7d@group-A9EE991D717F-LeaderElection62] INFO  impl.RoleInfo (RoleInfo.java:updateAndGet(143)) - 2a93f7e5-ecb9-41da-9c47-70e13ba76d7d: start FollowerState
2019-10-17 07:43:10,948 [Thread-835] INFO  impl.FollowerState (FollowerState.java:run(108)) - 2a93f7e5-ecb9-41da-9c47-70e13ba76d7d@group-A9EE991D717F-FollowerState: change to CANDIDATE, lastRpcTime:59ms, electionTimeout:59ms
2019-10-17 07:43:10,948 [Thread-835] INFO  impl.RoleInfo (RoleInfo.java:shutdownFollowerState(121)) - 2a93f7e5-ecb9-41da-9c47-70e13ba76d7d: shutdown FollowerState
2019-10-17 07:43:10,948 [Thread-835] INFO  impl.RaftServerImpl (RaftServerImpl.java:setRole(184)) - 2a93f7e5-ecb9-41da-9c47-70e13ba76d7d@group-A9EE991D717F: changes role from  FOLLOWER to CANDIDATE at term 47 for changeToCandidate
2019-10-17 07:43:10,948 [Thread-835] INFO  impl.RoleInfo (RoleInfo.java:updateAndGet(143)) - 2a93f7e5-ecb9-41da-9c47-70e13ba76d7d: start LeaderElection
2019-10-17 07:43:10,979 [2a93f7e5-ecb9-41da-9c47-70e13ba76d7d@group-A9EE991D717F-LeaderElection63] INFO  impl.LeaderElection (LeaderElection.java:askForVotes(178)) - 2a93f7e5-ecb9-41da-9c47-70e13ba76d7d@group-A9EE991D717F-LeaderElection63: begin an election at term 48 for 0: [37bd8e8c-ea68-4b1c-8659-8d001c4f3b5c:192.168.34.62:41632, 24020d0b-ce61-4f5a-b0b0-c561541e8cd4:192.168.34.62:42892, 2a93f7e5-ecb9-41da-9c47-70e13ba76d7d:192.168.34.62:35412], old=null
2019-10-17 07:43:10,982 [grpc-default-executor-1] INFO  impl.RaftServerImpl (RaftServerImpl.java:setRole(184)) - 37bd8e8c-ea68-4b1c-8659-8d001c4f3b5c@group-A9EE991D717F: changes role from  FOLLOWER to FOLLOWER at term 48 for recognizeCandidate:2a93f7e5-ecb9-41da-9c47-70e13ba76d7d
2019-10-17 07:43:10,982 [grpc-default-executor-0] INFO  impl.RaftServerImpl (RaftServerImpl.java:setRole(184)) - 24020d0b-ce61-4f5a-b0b0-c561541e8cd4@group-A9EE991D717F: changes role from  FOLLOWER to FOLLOWER at term 48 for recognizeCandidate:2a93f7e5-ecb9-41da-9c47-70e13ba76d7d
2019-10-17 07:43:10,983 [grpc-default-executor-1] INFO  impl.RoleInfo (RoleInfo.java:shutdownFollowerState(121)) - 37bd8e8c-ea68-4b1c-8659-8d001c4f3b5c: shutdown FollowerState
2019-10-17 07:43:10,983 [grpc-default-executor-0] INFO  impl.RoleInfo (RoleInfo.java:shutdownFollowerState(121)) - 24020d0b-ce61-4f5a-b0b0-c561541e8cd4: shutdown FollowerState
2019-10-17 07:43:10,983 [grpc-default-executor-1] INFO  impl.RoleInfo (RoleInfo.java:updateAndGet(143)) - 37bd8e8c-ea68-4b1c-8659-8d001c4f3b5c: start FollowerState
2019-10-17 07:43:10,983 [Thread-834] INFO  impl.FollowerState (FollowerState.java:run(117)) - 24020d0b-ce61-4f5a-b0b0-c561541e8cd4@group-A9EE991D717F-FollowerState was interrupted: java.lang.InterruptedException: sleep interrupted
2019-10-17 07:43:10,983 [grpc-default-executor-0] INFO  impl.RoleInfo (RoleInfo.java:updateAndGet(143)) - 24020d0b-ce61-4f5a-b0b0-c561541e8cd4: start FollowerState
2019-10-17 07:43:10,983 [Thread-833] INFO  impl.FollowerState (FollowerState.java:run(117)) - 37bd8e8c-ea68-4b1c-8659-8d001c4f3b5c@group-A9EE991D717F-FollowerState was interrupted: java.lang.InterruptedException: sleep interrupted
2019-10-17 07:43:11,014 [2a93f7e5-ecb9-41da-9c47-70e13ba76d7d@group-A9EE991D717F-LeaderElection63] INFO  impl.LeaderElection (LeaderElection.java:logAndReturn(56)) - 2a93f7e5-ecb9-41da-9c47-70e13ba76d7d@group-A9EE991D717F-LeaderElection63: Election REJECTED; received 2 response(s) [2a93f7e5-ecb9-41da-9c47-70e13ba76d7d<-37bd8e8c-ea68-4b1c-8659-8d001c4f3b5c#0:FAIL-t48, 2a93f7e5-ecb9-41da-9c47-70e13ba76d7d<-24020d0b-ce61-4f5a-b0b0-c561541e8cd4#0:FAIL-t48] and 0 exception(s); 2a93f7e5-ecb9-41da-9c47-70e13ba76d7d@group-A9EE991D717F:t48, leader=null, voted=2a93f7e5-ecb9-41da-9c47-70e13ba76d7d, raftlog=2a93f7e5-ecb9-41da-9c47-70e13ba76d7d@group-A9EE991D717F-SegmentedRaftLog:OPENED:c-1,f0,i0, conf=0: [37bd8e8c-ea68-4b1c-8659-8d001c4f3b5c:192.168.34.62:41632, 24020d0b-ce61-4f5a-b0b0-c561541e8cd4:192.168.34.62:42892, 2a93f7e5-ecb9-41da-9c47-70e13ba76d7d:192.168.34.62:35412], old=null
2019-10-17 07:43:11,014 [2a93f7e5-ecb9-41da-9c47-70e13ba76d7d@group-A9EE991D717F-LeaderElection63] INFO  impl.RaftServerImpl (RaftServerImpl.java:setRole(184)) - 2a93f7e5-ecb9-41da-9c47-70e13ba76d7d@group-A9EE991D717F: changes role from CANDIDATE to FOLLOWER at term 48 for DISCOVERED_A_NEW_TERM
2019-10-17 07:43:11,014 [2a93f7e5-ecb9-41da-9c47-70e13ba76d7d@group-A9EE991D717F-LeaderElection63] INFO  impl.RoleInfo (RoleInfo.java:shutdownLeaderElection(134)) - 2a93f7e5-ecb9-41da-9c47-70e13ba76d7d: shutdown LeaderElection
2019-10-17 07:43:11,014 [2a93f7e5-ecb9-41da-9c47-70e13ba76d7d@group-A9EE991D717F-LeaderElection63] INFO  impl.RoleInfo (RoleInfo.java:updateAndGet(143)) - 2a93f7e5-ecb9-41da-9c47-70e13ba76d7d: start FollowerState
2019-10-17 07:43:11,102 [Thread-841] INFO  impl.FollowerState (FollowerState.java:run(108)) - 2a93f7e5-ecb9-41da-9c47-70e13ba76d7d@group-A9EE991D717F-FollowerState: change to CANDIDATE, lastRpcTime:87ms, electionTimeout:87ms
2019-10-17 07:43:11,102 [Thread-841] INFO  impl.RoleInfo (RoleInfo.java:shutdownFollowerState(121)) - 2a93f7e5-ecb9-41da-9c47-70e13ba76d7d: shutdown FollowerState
2019-10-17 07:43:11,102 [Thread-841] INFO  impl.RaftServerImpl (RaftServerImpl.java:setRole(184)) - 2a93f7e5-ecb9-41da-9c47-70e13ba76d7d@group-A9EE991D717F: changes role from  FOLLOWER to CANDIDATE at term 48 for changeToCandidate
2019-10-17 07:43:11,103 [Thread-841] INFO  impl.RoleInfo (RoleInfo.java:updateAndGet(143)) - 2a93f7e5-ecb9-41da-9c47-70e13ba76d7d: start LeaderElection
2019-10-17 07:43:11,138 [2a93f7e5-ecb9-41da-9c47-70e13ba76d7d@group-A9EE991D717F-LeaderElection64] INFO  impl.LeaderElection (LeaderElection.java:askForVotes(178)) - 2a93f7e5-ecb9-41da-9c47-70e13ba76d7d@group-A9EE991D717F-LeaderElection64: begin an election at term 49 for 0: [37bd8e8c-ea68-4b1c-8659-8d001c4f3b5c:192.168.34.62:41632, 24020d0b-ce61-4f5a-b0b0-c561541e8cd4:192.168.34.62:42892, 2a93f7e5-ecb9-41da-9c47-70e13ba76d7d:192.168.34.62:35412], old=null
2019-10-17 07:43:11,148 [grpc-default-executor-1] INFO  impl.RaftServerImpl (RaftServerImpl.java:setRole(184)) - 37bd8e8c-ea68-4b1c-8659-8d001c4f3b5c@group-A9EE991D717F: changes role from  FOLLOWER to FOLLOWER at term 49 for recognizeCandidate:2a93f7e5-ecb9-41da-9c47-70e13ba76d7d
2019-10-17 07:43:11,148 [grpc-default-executor-0] INFO  impl.RaftServerImpl (RaftServerImpl.java:setRole(184)) - 24020d0b-ce61-4f5a-b0b0-c561541e8cd4@group-A9EE991D717F: changes role from  FOLLOWER to FOLLOWER at term 49 for recognizeCandidate:2a93f7e5-ecb9-41da-9c47-70e13ba76d7d
2019-10-17 07:43:11,148 [grpc-default-executor-1] INFO  impl.RoleInfo (RoleInfo.java:shutdownFollowerState(121)) - 37bd8e8c-ea68-4b1c-8659-8d001c4f3b5c: shutdown FollowerState
2019-10-17 07:43:11,148 [grpc-default-executor-0] INFO  impl.RoleInfo (RoleInfo.java:shutdownFollowerState(121)) - 24020d0b-ce61-4f5a-b0b0-c561541e8cd4: shutdown FollowerState
2019-10-17 07:43:11,148 [Thread-839] INFO  impl.FollowerState (FollowerState.java:run(117)) - 37bd8e8c-ea68-4b1c-8659-8d001c4f3b5c@group-A9EE991D717F-FollowerState was interrupted: java.lang.InterruptedException: sleep interrupted
2019-10-17 07:43:11,148 [grpc-default-executor-1] INFO  impl.RoleInfo (RoleInfo.java:updateAndGet(143)) - 37bd8e8c-ea68-4b1c-8659-8d001c4f3b5c: start FollowerState
2019-10-17 07:43:11,148 [Thread-840] INFO  impl.FollowerState (FollowerState.java:run(117)) - 24020d0b-ce61-4f5a-b0b0-c561541e8cd4@group-A9EE991D717F-FollowerState was interrupted: java.lang.InterruptedException: sleep interrupted
2019-10-17 07:43:11,148 [grpc-default-executor-0] INFO  impl.RoleInfo (RoleInfo.java:updateAndGet(143)) - 24020d0b-ce61-4f5a-b0b0-c561541e8cd4: start FollowerState
2019-10-17 07:43:11,169 [2a93f7e5-ecb9-41da-9c47-70e13ba76d7d@group-A9EE991D717F-LeaderElection64] INFO  impl.LeaderElection (LeaderElection.java:logAndReturn(56)) - 2a93f7e5-ecb9-41da-9c47-70e13ba76d7d@group-A9EE991D717F-LeaderElection64: Election TIMEOUT; received 0 response(s) [] and 0 exception(s); 2a93f7e5-ecb9-41da-9c47-70e13ba76d7d@group-A9EE991D717F:t49, leader=null, voted=2a93f7e5-ecb9-41da-9c47-70e13ba76d7d, raftlog=2a93f7e5-ecb9-41da-9c47-70e13ba76d7d@group-A9EE991D717F-SegmentedRaftLog:OPENED:c-1,f0,i0, conf=0: [37bd8e8c-ea68-4b1c-8659-8d001c4f3b5c:192.168.34.62:41632, 24020d0b-ce61-4f5a-b0b0-c561541e8cd4:192.168.34.62:42892, 2a93f7e5-ecb9-41da-9c47-70e13ba76d7d:192.168.34.62:35412], old=null
2019-10-17 07:43:11,197 [2a93f7e5-ecb9-41da-9c47-70e13ba76d7d@group-A9EE991D717F-LeaderElection64] INFO  impl.LeaderElection (LeaderElection.java:askForVotes(178)) - 2a93f7e5-ecb9-41da-9c47-70e13ba76d7d@group-A9EE991D717F-LeaderElection64: begin an election at term 50 for 0: [37bd8e8c-ea68-4b1c-8659-8d001c4f3b5c:192.168.34.62:41632, 24020d0b-ce61-4f5a-b0b0-c561541e8cd4:192.168.34.62:42892, 2a93f7e5-ecb9-41da-9c47-70e13ba76d7d:192.168.34.62:35412], old=null
2019-10-17 07:43:11,199 [grpc-default-executor-0] INFO  impl.RaftServerImpl (RaftServerImpl.java:setRole(184)) - 37bd8e8c-ea68-4b1c-8659-8d001c4f3b5c@group-A9EE991D717F: changes role from  FOLLOWER to FOLLOWER at term 50 for recognizeCandidate:2a93f7e5-ecb9-41da-9c47-70e13ba76d7d
2019-10-17 07:43:11,200 [grpc-default-executor-0] INFO  impl.RoleInfo (RoleInfo.java:shutdownFollowerState(121)) - 37bd8e8c-ea68-4b1c-8659-8d001c4f3b5c: shutdown FollowerState
2019-10-17 07:43:11,200 [grpc-default-executor-1] INFO  impl.RaftServerImpl (RaftServerImpl.java:setRole(184)) - 24020d0b-ce61-4f5a-b0b0-c561541e8cd4@group-A9EE991D717F: changes role from  FOLLOWER to FOLLOWER at term 50 for recognizeCandidate:2a93f7e5-ecb9-41da-9c47-70e13ba76d7d
2019-10-17 07:43:11,200 [Thread-845] INFO  impl.FollowerState (FollowerState.java:run(117)) - 37bd8e8c-ea68-4b1c-8659-8d001c4f3b5c@group-A9EE991D717F-FollowerState was interrupted: java.lang.InterruptedException: sleep interrupted
2019-10-17 07:43:11,200 [grpc-default-executor-0] INFO  impl.RoleInfo (RoleInfo.java:updateAndGet(143)) - 37bd8e8c-ea68-4b1c-8659-8d001c4f3b5c: start FollowerState
2019-10-17 07:43:11,200 [grpc-default-executor-1] INFO  impl.RoleInfo (RoleInfo.java:shutdownFollowerState(121)) - 24020d0b-ce61-4f5a-b0b0-c561541e8cd4: shutdown FollowerState
2019-10-17 07:43:11,201 [grpc-default-executor-1] INFO  impl.RoleInfo (RoleInfo.java:updateAndGet(143)) - 24020d0b-ce61-4f5a-b0b0-c561541e8cd4: start FollowerState
2019-10-17 07:43:11,201 [Thread-846] INFO  impl.FollowerState (FollowerState.java:run(117)) - 24020d0b-ce61-4f5a-b0b0-c561541e8cd4@group-A9EE991D717F-FollowerState was interrupted: java.lang.InterruptedException: sleep interrupted
2019-10-17 07:43:11,223 [2a93f7e5-ecb9-41da-9c47-70e13ba76d7d@group-A9EE991D717F-LeaderElection64] INFO  impl.LeaderElection (LeaderElection.java:logAndReturn(56)) - 2a93f7e5-ecb9-41da-9c47-70e13ba76d7d@group-A9EE991D717F-LeaderElection64: Election REJECTED; received 2 response(s) [2a93f7e5-ecb9-41da-9c47-70e13ba76d7d<-37bd8e8c-ea68-4b1c-8659-8d001c4f3b5c#0:FAIL-t50, 2a93f7e5-ecb9-41da-9c47-70e13ba76d7d<-24020d0b-ce61-4f5a-b0b0-c561541e8cd4#0:FAIL-t50] and 0 exception(s); 2a93f7e5-ecb9-41da-9c47-70e13ba76d7d@group-A9EE991D717F:t50, leader=null, voted=2a93f7e5-ecb9-41da-9c47-70e13ba76d7d, raftlog=2a93f7e5-ecb9-41da-9c47-70e13ba76d7d@group-A9EE991D717F-SegmentedRaftLog:OPENED:c-1,f0,i0, conf=0: [37bd8e8c-ea68-4b1c-8659-8d001c4f3b5c:192.168.34.62:41632, 24020d0b-ce61-4f5a-b0b0-c561541e8cd4:192.168.34.62:42892, 2a93f7e5-ecb9-41da-9c47-70e13ba76d7d:192.168.34.62:35412], old=null
2019-10-17 07:43:11,224 [2a93f7e5-ecb9-41da-9c47-70e13ba76d7d@group-A9EE991D717F-LeaderElection64] INFO  impl.RaftServerImpl (RaftServerImpl.java:setRole(184)) - 2a93f7e5-ecb9-41da-9c47-70e13ba76d7d@group-A9EE991D717F: changes role from CANDIDATE to FOLLOWER at term 50 for DISCOVERED_A_NEW_TERM
2019-10-17 07:43:11,224 [2a93f7e5-ecb9-41da-9c47-70e13ba76d7d@group-A9EE991D717F-LeaderElection64] INFO  impl.RoleInfo (RoleInfo.java:shutdownLeaderElection(134)) - 2a93f7e5-ecb9-41da-9c47-70e13ba76d7d: shutdown LeaderElection
2019-10-17 07:43:11,224 [2a93f7e5-ecb9-41da-9c47-70e13ba76d7d@group-A9EE991D717F-LeaderElection64] INFO  impl.RoleInfo (RoleInfo.java:updateAndGet(143)) - 2a93f7e5-ecb9-41da-9c47-70e13ba76d7d: start FollowerState
2019-10-17 07:43:11,296 [Thread-851] INFO  impl.FollowerState (FollowerState.java:run(108)) - 2a93f7e5-ecb9-41da-9c47-70e13ba76d7d@group-A9EE991D717F-FollowerState: change to CANDIDATE, lastRpcTime:72ms, electionTimeout:72ms
2019-10-17 07:43:11,297 [Thread-851] INFO  impl.RoleInfo (RoleInfo.java:shutdownFollowerState(121)) - 2a93f7e5-ecb9-41da-9c47-70e13ba76d7d: shutdown FollowerState
2019-10-17 07:43:11,297 [Thread-851] INFO  impl.RaftServerImpl (RaftServerImpl.java:setRole(184)) - 2a93f7e5-ecb9-41da-9c47-70e13ba76d7d@group-A9EE991D717F: changes role from  FOLLOWER to CANDIDATE at term 50 for changeToCandidate
2019-10-17 07:43:11,297 [Thread-851] INFO  impl.RoleInfo (RoleInfo.java:updateAndGet(143)) - 2a93f7e5-ecb9-41da-9c47-70e13ba76d7d: start LeaderElection
2019-10-17 07:43:11,354 [2a93f7e5-ecb9-41da-9c47-70e13ba76d7d@group-A9EE991D717F-LeaderElection65] INFO  impl.LeaderElection (LeaderElection.java:askForVotes(178)) - 2a93f7e5-ecb9-41da-9c47-70e13ba76d7d@group-A9EE991D717F-LeaderElection65: begin an election at term 51 for 0: [37bd8e8c-ea68-4b1c-8659-8d001c4f3b5c:192.168.34.62:41632, 24020d0b-ce61-4f5a-b0b0-c561541e8cd4:192.168.34.62:42892, 2a93f7e5-ecb9-41da-9c47-70e13ba76d7d:192.168.34.62:35412], old=null
2019-10-17 07:43:11,356 [grpc-default-executor-0] INFO  impl.RaftServerImpl (RaftServerImpl.java:setRole(184)) - 37bd8e8c-ea68-4b1c-8659-8d001c4f3b5c@group-A9EE991D717F: changes role from  FOLLOWER to FOLLOWER at term 51 for recognizeCandidate:2a93f7e5-ecb9-41da-9c47-70e13ba76d7d
2019-10-17 07:43:11,356 [grpc-default-executor-1] INFO  impl.RaftServerImpl (RaftServerImpl.java:setRole(184)) - 24020d0b-ce61-4f5a-b0b0-c561541e8cd4@group-A9EE991D717F: changes role from  FOLLOWER to FOLLOWER at term 51 for recognizeCandidate:2a93f7e5-ecb9-41da-9c47-70e13ba76d7d
2019-10-17 07:43:11,357 [grpc-default-executor-0] INFO  impl.RoleInfo (RoleInfo.java:shutdownFollowerState(121)) - 37bd8e8c-ea68-4b1c-8659-8d001c4f3b5c: shutdown FollowerState
2019-10-17 07:43:11,357 [grpc-default-executor-1] INFO  impl.RoleInfo (RoleInfo.java:shutdownFollowerState(121)) - 24020d0b-ce61-4f5a-b0b0-c561541e8cd4: shutdown FollowerState
2019-10-17 07:43:11,357 [Thread-849] INFO  impl.FollowerState (FollowerState.java:run(117)) - 37bd8e8c-ea68-4b1c-8659-8d001c4f3b5c@group-A9EE991D717F-FollowerState was interrupted: java.lang.InterruptedException: sleep interrupted
2019-10-17 07:43:11,357 [grpc-default-executor-0] INFO  impl.RoleInfo (RoleInfo.java:updateAndGet(143)) - 37bd8e8c-ea68-4b1c-8659-8d001c4f3b5c: start FollowerState
2019-10-17 07:43:11,357 [Thread-850] INFO  impl.FollowerState (FollowerState.java:run(117)) - 24020d0b-ce61-4f5a-b0b0-c561541e8cd4@group-A9EE991D717F-FollowerState was interrupted: java.lang.InterruptedException: sleep interrupted
2019-10-17 07:43:11,357 [grpc-default-executor-1] INFO  impl.RoleInfo (RoleInfo.java:updateAndGet(143)) - 24020d0b-ce61-4f5a-b0b0-c561541e8cd4: start FollowerState
2019-10-17 07:43:11,382 [2a93f7e5-ecb9-41da-9c47-70e13ba76d7d@group-A9EE991D717F-LeaderElection65] INFO  impl.LeaderElection (LeaderElection.java:logAndReturn(56)) - 2a93f7e5-ecb9-41da-9c47-70e13ba76d7d@group-A9EE991D717F-LeaderElection65: Election REJECTED; received 2 response(s) [2a93f7e5-ecb9-41da-9c47-70e13ba76d7d<-37bd8e8c-ea68-4b1c-8659-8d001c4f3b5c#0:FAIL-t51, 2a93f7e5-ecb9-41da-9c47-70e13ba76d7d<-24020d0b-ce61-4f5a-b0b0-c561541e8cd4#0:FAIL-t51] and 0 exception(s); 2a93f7e5-ecb9-41da-9c47-70e13ba76d7d@group-A9EE991D717F:t51, leader=null, voted=2a93f7e5-ecb9-41da-9c47-70e13ba76d7d, raftlog=2a93f7e5-ecb9-41da-9c47-70e13ba76d7d@group-A9EE991D717F-SegmentedRaftLog:OPENED:c-1,f0,i0, conf=0: [37bd8e8c-ea68-4b1c-8659-8d001c4f3b5c:192.168.34.62:41632, 24020d0b-ce61-4f5a-b0b0-c561541e8cd4:192.168.34.62:42892, 2a93f7e5-ecb9-41da-9c47-70e13ba76d7d:192.168.34.62:35412], old=null
2019-10-17 07:43:11,383 [2a93f7e5-ecb9-41da-9c47-70e13ba76d7d@group-A9EE991D717F-LeaderElection65] INFO  impl.RaftServerImpl (RaftServerImpl.java:setRole(184)) - 2a93f7e5-ecb9-41da-9c47-70e13ba76d7d@group-A9EE991D717F: changes role from CANDIDATE to FOLLOWER at term 51 for DISCOVERED_A_NEW_TERM
2019-10-17 07:43:11,383 [2a93f7e5-ecb9-41da-9c47-70e13ba76d7d@group-A9EE991D717F-LeaderElection65] INFO  impl.RoleInfo (RoleInfo.java:shutdownLeaderElection(134)) - 2a93f7e5-ecb9-41da-9c47-70e13ba76d7d: shutdown LeaderElection
2019-10-17 07:43:11,383 [2a93f7e5-ecb9-41da-9c47-70e13ba76d7d@group-A9EE991D717F-LeaderElection65] INFO  impl.RoleInfo (RoleInfo.java:updateAndGet(143)) - 2a93f7e5-ecb9-41da-9c47-70e13ba76d7d: start FollowerState
2019-10-17 07:43:11,391 [Thread-857] INFO  impl.FollowerState (FollowerState.java:run(108)) - 2a93f7e5-ecb9-41da-9c47-70e13ba76d7d@group-A9EE991D717F-FollowerState: change to CANDIDATE, lastRpcTime:8ms, electionTimeout:8ms
2019-10-17 07:43:11,392 [Thread-857] INFO  impl.RoleInfo (RoleInfo.java:shutdownFollowerState(121)) - 2a93f7e5-ecb9-41da-9c47-70e13ba76d7d: shutdown FollowerState
2019-10-17 07:43:11,392 [Thread-857] INFO  impl.RaftServerImpl (RaftServerImpl.java:setRole(184)) - 2a93f7e5-ecb9-41da-9c47-70e13ba76d7d@group-A9EE991D717F: changes role from  FOLLOWER to CANDIDATE at term 51 for changeToCandidate
2019-10-17 07:43:11,392 [Thread-857] INFO  impl.RoleInfo (RoleInfo.java:updateAndGet(143)) - 2a93f7e5-ecb9-41da-9c47-70e13ba76d7d: start LeaderElection
2019-10-17 07:43:11,416 [2a93f7e5-ecb9-41da-9c47-70e13ba76d7d@group-A9EE991D717F-LeaderElection66] INFO  impl.LeaderElection (LeaderElection.java:askForVotes(178)) - 2a93f7e5-ecb9-41da-9c47-70e13ba76d7d@group-A9EE991D717F-LeaderElection66: begin an election at term 52 for 0: [37bd8e8c-ea68-4b1c-8659-8d001c4f3b5c:192.168.34.62:41632, 24020d0b-ce61-4f5a-b0b0-c561541e8cd4:192.168.34.62:42892, 2a93f7e5-ecb9-41da-9c47-70e13ba76d7d:192.168.34.62:35412], old=null
2019-10-17 07:43:11,418 [grpc-default-executor-0] INFO  impl.RaftServerImpl (RaftServerImpl.java:setRole(184)) - 24020d0b-ce61-4f5a-b0b0-c561541e8cd4@group-A9EE991D717F: changes role from  FOLLOWER to FOLLOWER at term 52 for recognizeCandidate:2a93f7e5-ecb9-41da-9c47-70e13ba76d7d
2019-10-17 07:43:11,418 [grpc-default-executor-1] INFO  impl.RaftServerImpl (RaftServerImpl.java:setRole(184)) - 37bd8e8c-ea68-4b1c-8659-8d001c4f3b5c@group-A9EE991D717F: changes role from  FOLLOWER to FOLLOWER at term 52 for recognizeCandidate:2a93f7e5-ecb9-41da-9c47-70e13ba76d7d
2019-10-17 07:43:11,419 [grpc-default-executor-0] INFO  impl.RoleInfo (RoleInfo.java:shutdownFollowerState(121)) - 24020d0b-ce61-4f5a-b0b0-c561541e8cd4: shutdown FollowerState
2019-10-17 07:43:11,419 [grpc-default-executor-1] INFO  impl.RoleInfo (RoleInfo.java:shutdownFollowerState(121)) - 37bd8e8c-ea68-4b1c-8659-8d001c4f3b5c: shutdown FollowerState
2019-10-17 07:43:11,419 [Thread-856] INFO  impl.FollowerState (FollowerState.java:run(117)) - 24020d0b-ce61-4f5a-b0b0-c561541e8cd4@group-A9EE991D717F-FollowerState was interrupted: java.lang.InterruptedException: sleep interrupted
2019-10-17 07:43:11,419 [grpc-default-executor-0] INFO  impl.RoleInfo (RoleInfo.java:updateAndGet(143)) - 24020d0b-ce61-4f5a-b0b0-c561541e8cd4: start FollowerState
2019-10-17 07:43:11,419 [Thread-855] INFO  impl.FollowerState (FollowerState.java:run(117)) - 37bd8e8c-ea68-4b1c-8659-8d001c4f3b5c@group-A9EE991D717F-FollowerState was interrupted: java.lang.InterruptedException: sleep interrupted
2019-10-17 07:43:11,419 [grpc-default-executor-1] INFO  impl.RoleInfo (RoleInfo.java:updateAndGet(143)) - 37bd8e8c-ea68-4b1c-8659-8d001c4f3b5c: start FollowerState
2019-10-17 07:43:11,435 [2a93f7e5-ecb9-41da-9c47-70e13ba76d7d@group-A9EE991D717F-LeaderElection66] INFO  impl.LeaderElection (LeaderElection.java:logAndReturn(56)) - 2a93f7e5-ecb9-41da-9c47-70e13ba76d7d@group-A9EE991D717F-LeaderElection66: Election REJECTED; received 2 response(s) [2a93f7e5-ecb9-41da-9c47-70e13ba76d7d<-37bd8e8c-ea68-4b1c-8659-8d001c4f3b5c#0:FAIL-t52, 2a93f7e5-ecb9-41da-9c47-70e13ba76d7d<-24020d0b-ce61-4f5a-b0b0-c561541e8cd4#0:FAIL-t52] and 0 exception(s); 2a93f7e5-ecb9-41da-9c47-70e13ba76d7d@group-A9EE991D717F:t52, leader=null, voted=2a93f7e5-ecb9-41da-9c47-70e13ba76d7d, raftlog=2a93f7e5-ecb9-41da-9c47-70e13ba76d7d@group-A9EE991D717F-SegmentedRaftLog:OPENED:c-1,f0,i0, conf=0: [37bd8e8c-ea68-4b1c-8659-8d001c4f3b5c:192.168.34.62:41632, 24020d0b-ce61-4f5a-b0b0-c561541e8cd4:192.168.34.62:42892, 2a93f7e5-ecb9-41da-9c47-70e13ba76d7d:192.168.34.62:35412], old=null
2019-10-17 07:43:11,435 [2a93f7e5-ecb9-41da-9c47-70e13ba76d7d@group-A9EE991D717F-LeaderElection66] INFO  impl.RaftServerImpl (RaftServerImpl.java:setRole(184)) - 2a93f7e5-ecb9-41da-9c47-70e13ba76d7d@group-A9EE991D717F: changes role from CANDIDATE to FOLLOWER at term 52 for DISCOVERED_A_NEW_TERM
2019-10-17 07:43:11,436 [2a93f7e5-ecb9-41da-9c47-70e13ba76d7d@group-A9EE991D717F-LeaderElection66] INFO  impl.RoleInfo (RoleInfo.java:shutdownLeaderElection(134)) - 2a93f7e5-ecb9-41da-9c47-70e13ba76d7d: shutdown LeaderElection
2019-10-17 07:43:11,436 [2a93f7e5-ecb9-41da-9c47-70e13ba76d7d@group-A9EE991D717F-LeaderElection66] INFO  impl.RoleInfo (RoleInfo.java:updateAndGet(143)) - 2a93f7e5-ecb9-41da-9c47-70e13ba76d7d: start FollowerState
2019-10-17 07:43:11,568 [Thread-863] INFO  impl.FollowerState (FollowerState.java:run(108)) - 2a93f7e5-ecb9-41da-9c47-70e13ba76d7d@group-A9EE991D717F-FollowerState: change to CANDIDATE, lastRpcTime:132ms, electionTimeout:132ms
2019-10-17 07:43:11,568 [Thread-863] INFO  impl.RoleInfo (RoleInfo.java:shutdownFollowerState(121)) - 2a93f7e5-ecb9-41da-9c47-70e13ba76d7d: shutdown FollowerState
2019-10-17 07:43:11,569 [Thread-863] INFO  impl.RaftServerImpl (RaftServerImpl.java:setRole(184)) - 2a93f7e5-ecb9-41da-9c47-70e13ba76d7d@group-A9EE991D717F: changes role from  FOLLOWER to CANDIDATE at term 52 for changeToCandidate
2019-10-17 07:43:11,569 [Thread-863] INFO  impl.RoleInfo (RoleInfo.java:updateAndGet(143)) - 2a93f7e5-ecb9-41da-9c47-70e13ba76d7d: start LeaderElection
2019-10-17 07:43:11,594 [2a93f7e5-ecb9-41da-9c47-70e13ba76d7d@group-A9EE991D717F-LeaderElection67] INFO  impl.LeaderElection (LeaderElection.java:askForVotes(178)) - 2a93f7e5-ecb9-41da-9c47-70e13ba76d7d@group-A9EE991D717F-LeaderElection67: begin an election at term 53 for 0: [37bd8e8c-ea68-4b1c-8659-8d001c4f3b5c:192.168.34.62:41632, 24020d0b-ce61-4f5a-b0b0-c561541e8cd4:192.168.34.62:42892, 2a93f7e5-ecb9-41da-9c47-70e13ba76d7d:192.168.34.62:35412], old=null
2019-10-17 07:43:11,598 [grpc-default-executor-0] INFO  impl.RaftServerImpl (RaftServerImpl.java:setRole(184)) - 24020d0b-ce61-4f5a-b0b0-c561541e8cd4@group-A9EE991D717F: changes role from  FOLLOWER to FOLLOWER at term 53 for recognizeCandidate:2a93f7e5-ecb9-41da-9c47-70e13ba76d7d
2019-10-17 07:43:11,598 [grpc-default-executor-1] INFO  impl.RaftServerImpl (RaftServerImpl.java:setRole(184)) - 37bd8e8c-ea68-4b1c-8659-8d001c4f3b5c@group-A9EE991D717F: changes role from  FOLLOWER to FOLLOWER at term 53 for recognizeCandidate:2a93f7e5-ecb9-41da-9c47-70e13ba76d7d
2019-10-17 07:43:11,598 [grpc-default-executor-0] INFO  impl.RoleInfo (RoleInfo.java:shutdownFollowerState(121)) - 24020d0b-ce61-4f5a-b0b0-c561541e8cd4: shutdown FollowerState
2019-10-17 07:43:11,598 [grpc-default-executor-1] INFO  impl.RoleInfo (RoleInfo.java:shutdownFollowerState(121)) - 37bd8e8c-ea68-4b1c-8659-8d001c4f3b5c: shutdown FollowerState
2019-10-17 07:43:11,598 [Thread-861] INFO  impl.FollowerState (FollowerState.java:run(117)) - 24020d0b-ce61-4f5a-b0b0-c561541e8cd4@group-A9EE991D717F-FollowerState was interrupted: java.lang.InterruptedException: sleep interrupted
2019-10-17 07:43:11,599 [Thread-862] INFO  impl.FollowerState (FollowerState.java:run(117)) - 37bd8e8c-ea68-4b1c-8659-8d001c4f3b5c@group-A9EE991D717F-FollowerState was interrupted: java.lang.InterruptedException: sleep interrupted
2019-10-17 07:43:11,598 [grpc-default-executor-0] INFO  impl.RoleInfo (RoleInfo.java:updateAndGet(143)) - 24020d0b-ce61-4f5a-b0b0-c561541e8cd4: start FollowerState
2019-10-17 07:43:11,598 [grpc-default-executor-1] INFO  impl.RoleInfo (RoleInfo.java:updateAndGet(143)) - 37bd8e8c-ea68-4b1c-8659-8d001c4f3b5c: start FollowerState
2019-10-17 07:43:11,620 [2a93f7e5-ecb9-41da-9c47-70e13ba76d7d@group-A9EE991D717F-LeaderElection67] INFO  impl.LeaderElection (LeaderElection.java:logAndReturn(56)) - 2a93f7e5-ecb9-41da-9c47-70e13ba76d7d@group-A9EE991D717F-LeaderElection67: Election REJECTED; received 2 response(s) [2a93f7e5-ecb9-41da-9c47-70e13ba76d7d<-37bd8e8c-ea68-4b1c-8659-8d001c4f3b5c#0:FAIL-t53, 2a93f7e5-ecb9-41da-9c47-70e13ba76d7d<-24020d0b-ce61-4f5a-b0b0-c561541e8cd4#0:FAIL-t53] and 0 exception(s); 2a93f7e5-ecb9-41da-9c47-70e13ba76d7d@group-A9EE991D717F:t53, leader=null, voted=2a93f7e5-ecb9-41da-9c47-70e13ba76d7d, raftlog=2a93f7e5-ecb9-41da-9c47-70e13ba76d7d@group-A9EE991D717F-SegmentedRaftLog:OPENED:c-1,f0,i0, conf=0: [37bd8e8c-ea68-4b1c-8659-8d001c4f3b5c:192.168.34.62:41632, 24020d0b-ce61-4f5a-b0b0-c561541e8cd4:192.168.34.62:42892, 2a93f7e5-ecb9-41da-9c47-70e13ba76d7d:192.168.34.62:35412], old=null
2019-10-17 07:43:11,620 [2a93f7e5-ecb9-41da-9c47-70e13ba76d7d@group-A9EE991D717F-LeaderElection67] INFO  impl.RaftServerImpl (RaftServerImpl.java:setRole(184)) - 2a93f7e5-ecb9-41da-9c47-70e13ba76d7d@group-A9EE991D717F: changes role from CANDIDATE to FOLLOWER at term 53 for DISCOVERED_A_NEW_TERM
2019-10-17 07:43:11,621 [2a93f7e5-ecb9-41da-9c47-70e13ba76d7d@group-A9EE991D717F-LeaderElection67] INFO  impl.RoleInfo (RoleInfo.java:shutdownLeaderElection(134)) - 2a93f7e5-ecb9-41da-9c47-70e13ba76d7d: shutdown LeaderElection
2019-10-17 07:43:11,621 [2a93f7e5-ecb9-41da-9c47-70e13ba76d7d@group-A9EE991D717F-LeaderElection67] INFO  impl.RoleInfo (RoleInfo.java:updateAndGet(143)) - 2a93f7e5-ecb9-41da-9c47-70e13ba76d7d: start FollowerState
2019-10-17 07:43:11,641 [Thread-869] INFO  impl.FollowerState (FollowerState.java:run(108)) - 2a93f7e5-ecb9-41da-9c47-70e13ba76d7d@group-A9EE991D717F-FollowerState: change to CANDIDATE, lastRpcTime:20ms, electionTimeout:20ms
2019-10-17 07:43:11,641 [Thread-869] INFO  impl.RoleInfo (RoleInfo.java:shutdownFollowerState(121)) - 2a93f7e5-ecb9-41da-9c47-70e13ba76d7d: shutdown FollowerState
2019-10-17 07:43:11,642 [Thread-869] INFO  impl.RaftServerImpl (RaftServerImpl.java:setRole(184)) - 2a93f7e5-ecb9-41da-9c47-70e13ba76d7d@group-A9EE991D717F: changes role from  FOLLOWER to CANDIDATE at term 53 for changeToCandidate
2019-10-17 07:43:11,642 [Thread-869] INFO  impl.RoleInfo (RoleInfo.java:updateAndGet(143)) - 2a93f7e5-ecb9-41da-9c47-70e13ba76d7d: start LeaderElection
2019-10-17 07:43:11,666 [2a93f7e5-ecb9-41da-9c47-70e13ba76d7d@group-A9EE991D717F-LeaderElection68] INFO  impl.LeaderElection (LeaderElection.java:askForVotes(178)) - 2a93f7e5-ecb9-41da-9c47-70e13ba76d7d@group-A9EE991D717F-LeaderElection68: begin an election at term 54 for 0: [37bd8e8c-ea68-4b1c-8659-8d001c4f3b5c:192.168.34.62:41632, 24020d0b-ce61-4f5a-b0b0-c561541e8cd4:192.168.34.62:42892, 2a93f7e5-ecb9-41da-9c47-70e13ba76d7d:192.168.34.62:35412], old=null
2019-10-17 07:43:11,668 [grpc-default-executor-0] INFO  impl.RaftServerImpl (RaftServerImpl.java:setRole(184)) - 37bd8e8c-ea68-4b1c-8659-8d001c4f3b5c@group-A9EE991D717F: changes role from  FOLLOWER to FOLLOWER at term 54 for recognizeCandidate:2a93f7e5-ecb9-41da-9c47-70e13ba76d7d
2019-10-17 07:43:11,668 [grpc-default-executor-1] INFO  impl.RaftServerImpl (RaftServerImpl.java:setRole(184)) - 24020d0b-ce61-4f5a-b0b0-c561541e8cd4@group-A9EE991D717F: changes role from  FOLLOWER to FOLLOWER at term 54 for recognizeCandidate:2a93f7e5-ecb9-41da-9c47-70e13ba76d7d
2019-10-17 07:43:11,669 [grpc-default-executor-0] INFO  impl.RoleInfo (RoleInfo.java:shutdownFollowerState(121)) - 37bd8e8c-ea68-4b1c-8659-8d001c4f3b5c: shutdown FollowerState
2019-10-17 07:43:11,669 [grpc-default-executor-1] INFO  impl.RoleInfo (RoleInfo.java:shutdownFollowerState(121)) - 24020d0b-ce61-4f5a-b0b0-c561541e8cd4: shutdown FollowerState
2019-10-17 07:43:11,669 [Thread-868] INFO  impl.FollowerState (FollowerState.java:run(117)) - 37bd8e8c-ea68-4b1c-8659-8d001c4f3b5c@group-A9EE991D717F-FollowerState was interrupted: java.lang.InterruptedException: sleep interrupted
2019-10-17 07:43:11,669 [grpc-default-executor-0] INFO  impl.RoleInfo (RoleInfo.java:updateAndGet(143)) - 37bd8e8c-ea68-4b1c-8659-8d001c4f3b5c: start FollowerState
2019-10-17 07:43:11,669 [Thread-867] INFO  impl.FollowerState (FollowerState.java:run(117)) - 24020d0b-ce61-4f5a-b0b0-c561541e8cd4@group-A9EE991D717F-FollowerState was interrupted: java.lang.InterruptedException: sleep interrupted
2019-10-17 07:43:11,669 [grpc-default-executor-1] INFO  impl.RoleInfo (RoleInfo.java:updateAndGet(143)) - 24020d0b-ce61-4f5a-b0b0-c561541e8cd4: start FollowerState
2019-10-17 07:43:11,685 [2a93f7e5-ecb9-41da-9c47-70e13ba76d7d@group-A9EE991D717F-LeaderElection68] INFO  impl.LeaderElection (LeaderElection.java:logAndReturn(56)) - 2a93f7e5-ecb9-41da-9c47-70e13ba76d7d@group-A9EE991D717F-LeaderElection68: Election REJECTED; received 2 response(s) [2a93f7e5-ecb9-41da-9c47-70e13ba76d7d<-37bd8e8c-ea68-4b1c-8659-8d001c4f3b5c#0:FAIL-t54, 2a93f7e5-ecb9-41da-9c47-70e13ba76d7d<-24020d0b-ce61-4f5a-b0b0-c561541e8cd4#0:FAIL-t54] and 0 exception(s); 2a93f7e5-ecb9-41da-9c47-70e13ba76d7d@group-A9EE991D717F:t54, leader=null, voted=2a93f7e5-ecb9-41da-9c47-70e13ba76d7d, raftlog=2a93f7e5-ecb9-41da-9c47-70e13ba76d7d@group-A9EE991D717F-SegmentedRaftLog:OPENED:c-1,f0,i0, conf=0: [37bd8e8c-ea68-4b1c-8659-8d001c4f3b5c:192.168.34.62:41632, 24020d0b-ce61-4f5a-b0b0-c561541e8cd4:192.168.34.62:42892, 2a93f7e5-ecb9-41da-9c47-70e13ba76d7d:192.168.34.62:35412], old=null
2019-10-17 07:43:11,685 [2a93f7e5-ecb9-41da-9c47-70e13ba76d7d@group-A9EE991D717F-LeaderElection68] INFO  impl.RaftServerImpl (RaftServerImpl.java:setRole(184)) - 2a93f7e5-ecb9-41da-9c47-70e13ba76d7d@group-A9EE991D717F: changes role from CANDIDATE to FOLLOWER at term 54 for DISCOVERED_A_NEW_TERM
2019-10-17 07:43:11,685 [2a93f7e5-ecb9-41da-9c47-70e13ba76d7d@group-A9EE991D717F-LeaderElection68] INFO  impl.RoleInfo (RoleInfo.java:shutdownLeaderElection(134)) - 2a93f7e5-ecb9-41da-9c47-70e13ba76d7d: shutdown LeaderElection
2019-10-17 07:43:11,685 [2a93f7e5-ecb9-41da-9c47-70e13ba76d7d@group-A9EE991D717F-LeaderElection68] INFO  impl.RoleInfo (RoleInfo.java:updateAndGet(143)) - 2a93f7e5-ecb9-41da-9c47-70e13ba76d7d: start FollowerState
2019-10-17 07:43:11,727 [Thread-875] INFO  impl.FollowerState (FollowerState.java:run(108)) - 2a93f7e5-ecb9-41da-9c47-70e13ba76d7d@group-A9EE991D717F-FollowerState: change to CANDIDATE, lastRpcTime:41ms, electionTimeout:41ms
2019-10-17 07:43:11,727 [Thread-875] INFO  impl.RoleInfo (RoleInfo.java:shutdownFollowerState(121)) - 2a93f7e5-ecb9-41da-9c47-70e13ba76d7d: shutdown FollowerState
2019-10-17 07:43:11,727 [Thread-875] INFO  impl.RaftServerImpl (RaftServerImpl.java:setRole(184)) - 2a93f7e5-ecb9-41da-9c47-70e13ba76d7d@group-A9EE991D717F: changes role from  FOLLOWER to CANDIDATE at term 54 for changeToCandidate
2019-10-17 07:43:11,727 [Thread-875] INFO  impl.RoleInfo (RoleInfo.java:updateAndGet(143)) - 2a93f7e5-ecb9-41da-9c47-70e13ba76d7d: start LeaderElection
2019-10-17 07:43:11,751 [2a93f7e5-ecb9-41da-9c47-70e13ba76d7d@group-A9EE991D717F-LeaderElection69] INFO  impl.LeaderElection (LeaderElection.java:askForVotes(178)) - 2a93f7e5-ecb9-41da-9c47-70e13ba76d7d@group-A9EE991D717F-LeaderElection69: begin an election at term 55 for 0: [37bd8e8c-ea68-4b1c-8659-8d001c4f3b5c:192.168.34.62:41632, 24020d0b-ce61-4f5a-b0b0-c561541e8cd4:192.168.34.62:42892, 2a93f7e5-ecb9-41da-9c47-70e13ba76d7d:192.168.34.62:35412], old=null
2019-10-17 07:43:11,754 [grpc-default-executor-1] INFO  impl.RaftServerImpl (RaftServerImpl.java:setRole(184)) - 37bd8e8c-ea68-4b1c-8659-8d001c4f3b5c@group-A9EE991D717F: changes role from  FOLLOWER to FOLLOWER at term 55 for recognizeCandidate:2a93f7e5-ecb9-41da-9c47-70e13ba76d7d
2019-10-17 07:43:11,754 [grpc-default-executor-0] INFO  impl.RaftServerImpl (RaftServerImpl.java:setRole(184)) - 24020d0b-ce61-4f5a-b0b0-c561541e8cd4@group-A9EE991D717F: changes role from  FOLLOWER to FOLLOWER at term 55 for recognizeCandidate:2a93f7e5-ecb9-41da-9c47-70e13ba76d7d
2019-10-17 07:43:11,754 [grpc-default-executor-1] INFO  impl.RoleInfo (RoleInfo.java:shutdownFollowerState(121)) - 37bd8e8c-ea68-4b1c-8659-8d001c4f3b5c: shutdown FollowerState
2019-10-17 07:43:11,754 [grpc-default-executor-0] INFO  impl.RoleInfo (RoleInfo.java:shutdownFollowerState(121)) - 24020d0b-ce61-4f5a-b0b0-c561541e8cd4: shutdown FollowerState
2019-10-17 07:43:11,754 [Thread-873] INFO  impl.FollowerState (FollowerState.java:run(117)) - 37bd8e8c-ea68-4b1c-8659-8d001c4f3b5c@group-A9EE991D717F-FollowerState was interrupted: java.lang.InterruptedException: sleep interrupted
2019-10-17 07:43:11,754 [grpc-default-executor-1] INFO  impl.RoleInfo (RoleInfo.java:updateAndGet(143)) - 37bd8e8c-ea68-4b1c-8659-8d001c4f3b5c: start FollowerState
2019-10-17 07:43:11,755 [Thread-874] INFO  impl.FollowerState (FollowerState.java:run(117)) - 24020d0b-ce61-4f5a-b0b0-c561541e8cd4@group-A9EE991D717F-FollowerState was interrupted: java.lang.InterruptedException: sleep interrupted
2019-10-17 07:43:11,754 [grpc-default-executor-0] INFO  impl.RoleInfo (RoleInfo.java:updateAndGet(143)) - 24020d0b-ce61-4f5a-b0b0-c561541e8cd4: start FollowerState
2019-10-17 07:43:11,771 [2a93f7e5-ecb9-41da-9c47-70e13ba76d7d@group-A9EE991D717F-LeaderElection69] INFO  impl.LeaderElection (LeaderElection.java:logAndReturn(56)) - 2a93f7e5-ecb9-41da-9c47-70e13ba76d7d@group-A9EE991D717F-LeaderElection69: Election REJECTED; received 2 response(s) [2a93f7e5-ecb9-41da-9c47-70e13ba76d7d<-37bd8e8c-ea68-4b1c-8659-8d001c4f3b5c#0:FAIL-t55, 2a93f7e5-ecb9-41da-9c47-70e13ba76d7d<-24020d0b-ce61-4f5a-b0b0-c561541e8cd4#0:FAIL-t55] and 0 exception(s); 2a93f7e5-ecb9-41da-9c47-70e13ba76d7d@group-A9EE991D717F:t55, leader=null, voted=2a93f7e5-ecb9-41da-9c47-70e13ba76d7d, raftlog=2a93f7e5-ecb9-41da-9c47-70e13ba76d7d@group-A9EE991D717F-SegmentedRaftLog:OPENED:c-1,f0,i0, conf=0: [37bd8e8c-ea68-4b1c-8659-8d001c4f3b5c:192.168.34.62:41632, 24020d0b-ce61-4f5a-b0b0-c561541e8cd4:192.168.34.62:42892, 2a93f7e5-ecb9-41da-9c47-70e13ba76d7d:192.168.34.62:35412], old=null
2019-10-17 07:43:11,771 [2a93f7e5-ecb9-41da-9c47-70e13ba76d7d@group-A9EE991D717F-LeaderElection69] INFO  impl.RaftServerImpl (RaftServerImpl.java:setRole(184)) - 2a93f7e5-ecb9-41da-9c47-70e13ba76d7d@group-A9EE991D717F: changes role from CANDIDATE to FOLLOWER at term 55 for DISCOVERED_A_NEW_TERM
2019-10-17 07:43:11,771 [2a93f7e5-ecb9-41da-9c47-70e13ba76d7d@group-A9EE991D717F-LeaderElection69] INFO  impl.RoleInfo (RoleInfo.java:shutdownLeaderElection(134)) - 2a93f7e5-ecb9-41da-9c47-70e13ba76d7d: shutdown LeaderElection
2019-10-17 07:43:11,771 [2a93f7e5-ecb9-41da-9c47-70e13ba76d7d@group-A9EE991D717F-LeaderElection69] INFO  impl.RoleInfo (RoleInfo.java:updateAndGet(143)) - 2a93f7e5-ecb9-41da-9c47-70e13ba76d7d: start FollowerState
2019-10-17 07:43:11,783 [Thread-881] INFO  impl.FollowerState (FollowerState.java:run(108)) - 2a93f7e5-ecb9-41da-9c47-70e13ba76d7d@group-A9EE991D717F-FollowerState: change to CANDIDATE, lastRpcTime:11ms, electionTimeout:11ms
2019-10-17 07:43:11,783 [Thread-881] INFO  impl.RoleInfo (RoleInfo.java:shutdownFollowerState(121)) - 2a93f7e5-ecb9-41da-9c47-70e13ba76d7d: shutdown FollowerState
2019-10-17 07:43:11,783 [Thread-881] INFO  impl.RaftServerImpl (RaftServerImpl.java:setRole(184)) - 2a93f7e5-ecb9-41da-9c47-70e13ba76d7d@group-A9EE991D717F: changes role from  FOLLOWER to CANDIDATE at term 55 for changeToCandidate
2019-10-17 07:43:11,783 [Thread-881] INFO  impl.RoleInfo (RoleInfo.java:updateAndGet(143)) - 2a93f7e5-ecb9-41da-9c47-70e13ba76d7d: start LeaderElection
2019-10-17 07:43:11,807 [2a93f7e5-ecb9-41da-9c47-70e13ba76d7d@group-A9EE991D717F-LeaderElection70] INFO  impl.LeaderElection (LeaderElection.java:askForVotes(178)) - 2a93f7e5-ecb9-41da-9c47-70e13ba76d7d@group-A9EE991D717F-LeaderElection70: begin an election at term 56 for 0: [37bd8e8c-ea68-4b1c-8659-8d001c4f3b5c:192.168.34.62:41632, 24020d0b-ce61-4f5a-b0b0-c561541e8cd4:192.168.34.62:42892, 2a93f7e5-ecb9-41da-9c47-70e13ba76d7d:192.168.34.62:35412], old=null
2019-10-17 07:43:11,810 [grpc-default-executor-0] INFO  impl.RaftServerImpl (RaftServerImpl.java:setRole(184)) - 37bd8e8c-ea68-4b1c-8659-8d001c4f3b5c@group-A9EE991D717F: changes role from  FOLLOWER to FOLLOWER at term 56 for recognizeCandidate:2a93f7e5-ecb9-41da-9c47-70e13ba76d7d
2019-10-17 07:43:11,810 [grpc-default-executor-1] INFO  impl.RaftServerImpl (RaftServerImpl.java:setRole(184)) - 24020d0b-ce61-4f5a-b0b0-c561541e8cd4@group-A9EE991D717F: changes role from  FOLLOWER to FOLLOWER at term 56 for recognizeCandidate:2a93f7e5-ecb9-41da-9c47-70e13ba76d7d
2019-10-17 07:43:11,810 [grpc-default-executor-0] INFO  impl.RoleInfo (RoleInfo.java:shutdownFollowerState(121)) - 37bd8e8c-ea68-4b1c-8659-8d001c4f3b5c: shutdown FollowerState
2019-10-17 07:43:11,810 [grpc-default-executor-1] INFO  impl.RoleInfo (RoleInfo.java:shutdownFollowerState(121)) - 24020d0b-ce61-4f5a-b0b0-c561541e8cd4: shutdown FollowerState
2019-10-17 07:43:11,811 [Thread-879] INFO  impl.FollowerState (FollowerState.java:run(117)) - 37bd8e8c-ea68-4b1c-8659-8d001c4f3b5c@group-A9EE991D717F-FollowerState was interrupted: java.lang.InterruptedException: sleep interrupted
2019-10-17 07:43:11,810 [grpc-default-executor-0] INFO  impl.RoleInfo (RoleInfo.java:updateAndGet(143)) - 37bd8e8c-ea68-4b1c-8659-8d001c4f3b5c: start FollowerState
2019-10-17 07:43:11,811 [Thread-880] INFO  impl.FollowerState (FollowerState.java:run(117)) - 24020d0b-ce61-4f5a-b0b0-c561541e8cd4@group-A9EE991D717F-FollowerState was interrupted: java.lang.InterruptedException: sleep interrupted
2019-10-17 07:43:11,811 [grpc-default-executor-1] INFO  impl.RoleInfo (RoleInfo.java:updateAndGet(143)) - 24020d0b-ce61-4f5a-b0b0-c561541e8cd4: start FollowerState
2019-10-17 07:43:11,825 [2a93f7e5-ecb9-41da-9c47-70e13ba76d7d@group-A9EE991D717F-LeaderElection70] INFO  impl.LeaderElection (LeaderElection.java:logAndReturn(56)) - 2a93f7e5-ecb9-41da-9c47-70e13ba76d7d@group-A9EE991D717F-LeaderElection70: Election REJECTED; received 2 response(s) [2a93f7e5-ecb9-41da-9c47-70e13ba76d7d<-37bd8e8c-ea68-4b1c-8659-8d001c4f3b5c#0:FAIL-t56, 2a93f7e5-ecb9-41da-9c47-70e13ba76d7d<-24020d0b-ce61-4f5a-b0b0-c561541e8cd4#0:FAIL-t56] and 0 exception(s); 2a93f7e5-ecb9-41da-9c47-70e13ba76d7d@group-A9EE991D717F:t56, leader=null, voted=2a93f7e5-ecb9-41da-9c47-70e13ba76d7d, raftlog=2a93f7e5-ecb9-41da-9c47-70e13ba76d7d@group-A9EE991D717F-SegmentedRaftLog:OPENED:c-1,f0,i0, conf=0: [37bd8e8c-ea68-4b1c-8659-8d001c4f3b5c:192.168.34.62:41632, 24020d0b-ce61-4f5a-b0b0-c561541e8cd4:192.168.34.62:42892, 2a93f7e5-ecb9-41da-9c47-70e13ba76d7d:192.168.34.62:35412], old=null
2019-10-17 07:43:11,826 [2a93f7e5-ecb9-41da-9c47-70e13ba76d7d@group-A9EE991D717F-LeaderElection70] INFO  impl.RaftServerImpl (RaftServerImpl.java:setRole(184)) - 2a93f7e5-ecb9-41da-9c47-70e13ba76d7d@group-A9EE991D717F: changes role from CANDIDATE to FOLLOWER at term 56 for DISCOVERED_A_NEW_TERM
2019-10-17 07:43:11,826 [2a93f7e5-ecb9-41da-9c47-70e13ba76d7d@group-A9EE991D717F-LeaderElection70] INFO  impl.RoleInfo (RoleInfo.java:shutdownLeaderElection(134)) - 2a93f7e5-ecb9-41da-9c47-70e13ba76d7d: shutdown LeaderElection
2019-10-17 07:43:11,826 [2a93f7e5-ecb9-41da-9c47-70e13ba76d7d@group-A9EE991D717F-LeaderElection70] INFO  impl.RoleInfo (RoleInfo.java:updateAndGet(143)) - 2a93f7e5-ecb9-41da-9c47-70e13ba76d7d: start FollowerState
2019-10-17 07:43:12,019 [Thread-887] INFO  impl.FollowerState (FollowerState.java:run(108)) - 2a93f7e5-ecb9-41da-9c47-70e13ba76d7d@group-A9EE991D717F-FollowerState: change to CANDIDATE, lastRpcTime:193ms, electionTimeout:193ms
2019-10-17 07:43:12,020 [Thread-887] INFO  impl.RoleInfo (RoleInfo.java:shutdownFollowerState(121)) - 2a93f7e5-ecb9-41da-9c47-70e13ba76d7d: shutdown FollowerState
2019-10-17 07:43:12,020 [Thread-887] INFO  impl.RaftServerImpl (RaftServerImpl.java:setRole(184)) - 2a93f7e5-ecb9-41da-9c47-70e13ba76d7d@group-A9EE991D717F: changes role from  FOLLOWER to CANDIDATE at term 56 for changeToCandidate
2019-10-17 07:43:12,020 [Thread-887] INFO  impl.RoleInfo (RoleInfo.java:updateAndGet(143)) - 2a93f7e5-ecb9-41da-9c47-70e13ba76d7d: start LeaderElection
2019-10-17 07:43:12,044 [2a93f7e5-ecb9-41da-9c47-70e13ba76d7d@group-A9EE991D717F-LeaderElection71] INFO  impl.LeaderElection (LeaderElection.java:askForVotes(178)) - 2a93f7e5-ecb9-41da-9c47-70e13ba76d7d@group-A9EE991D717F-LeaderElection71: begin an election at term 57 for 0: [37bd8e8c-ea68-4b1c-8659-8d001c4f3b5c:192.168.34.62:41632, 24020d0b-ce61-4f5a-b0b0-c561541e8cd4:192.168.34.62:42892, 2a93f7e5-ecb9-41da-9c47-70e13ba76d7d:192.168.34.62:35412], old=null
2019-10-17 07:43:12,047 [grpc-default-executor-1] INFO  impl.RaftServerImpl (RaftServerImpl.java:setRole(184)) - 24020d0b-ce61-4f5a-b0b0-c561541e8cd4@group-A9EE991D717F: changes role from  FOLLOWER to FOLLOWER at term 57 for recognizeCandidate:2a93f7e5-ecb9-41da-9c47-70e13ba76d7d
2019-10-17 07:43:12,047 [grpc-default-executor-1] INFO  impl.RoleInfo (RoleInfo.java:shutdownFollowerState(121)) - 24020d0b-ce61-4f5a-b0b0-c561541e8cd4: shutdown FollowerState
2019-10-17 07:43:12,047 [grpc-default-executor-0] INFO  impl.RaftServerImpl (RaftServerImpl.java:setRole(184)) - 37bd8e8c-ea68-4b1c-8659-8d001c4f3b5c@group-A9EE991D717F: changes role from  FOLLOWER to FOLLOWER at term 57 for recognizeCandidate:2a93f7e5-ecb9-41da-9c47-70e13ba76d7d
2019-10-17 07:43:12,048 [Thread-886] INFO  impl.FollowerState (FollowerState.java:run(117)) - 24020d0b-ce61-4f5a-b0b0-c561541e8cd4@group-A9EE991D717F-FollowerState was interrupted: java.lang.InterruptedException: sleep interrupted
2019-10-17 07:43:12,048 [grpc-default-executor-1] INFO  impl.RoleInfo (RoleInfo.java:updateAndGet(143)) - 24020d0b-ce61-4f5a-b0b0-c561541e8cd4: start FollowerState
2019-10-17 07:43:12,048 [grpc-default-executor-0] INFO  impl.RoleInfo (RoleInfo.java:shutdownFollowerState(121)) - 37bd8e8c-ea68-4b1c-8659-8d001c4f3b5c: shutdown FollowerState
2019-10-17 07:43:12,048 [grpc-default-executor-0] INFO  impl.RoleInfo (RoleInfo.java:updateAndGet(143)) - 37bd8e8c-ea68-4b1c-8659-8d001c4f3b5c: start FollowerState
2019-10-17 07:43:12,048 [Thread-885] INFO  impl.FollowerState (FollowerState.java:run(117)) - 37bd8e8c-ea68-4b1c-8659-8d001c4f3b5c@group-A9EE991D717F-FollowerState was interrupted: java.lang.InterruptedException: sleep interrupted
2019-10-17 07:43:12,067 [2a93f7e5-ecb9-41da-9c47-70e13ba76d7d@group-A9EE991D717F-LeaderElection71] INFO  impl.LeaderElection (LeaderElection.java:logAndReturn(56)) - 2a93f7e5-ecb9-41da-9c47-70e13ba76d7d@group-A9EE991D717F-LeaderElection71: Election REJECTED; received 2 response(s) [2a93f7e5-ecb9-41da-9c47-70e13ba76d7d<-37bd8e8c-ea68-4b1c-8659-8d001c4f3b5c#0:FAIL-t57, 2a93f7e5-ecb9-41da-9c47-70e13ba76d7d<-24020d0b-ce61-4f5a-b0b0-c561541e8cd4#0:FAIL-t57] and 0 exception(s); 2a93f7e5-ecb9-41da-9c47-70e13ba76d7d@group-A9EE991D717F:t57, leader=null, voted=2a93f7e5-ecb9-41da-9c47-70e13ba76d7d, raftlog=2a93f7e5-ecb9-41da-9c47-70e13ba76d7d@group-A9EE991D717F-SegmentedRaftLog:OPENED:c-1,f0,i0, conf=0: [37bd8e8c-ea68-4b1c-8659-8d001c4f3b5c:192.168.34.62:41632, 24020d0b-ce61-4f5a-b0b0-c561541e8cd4:192.168.34.62:42892, 2a93f7e5-ecb9-41da-9c47-70e13ba76d7d:192.168.34.62:35412], old=null
2019-10-17 07:43:12,067 [2a93f7e5-ecb9-41da-9c47-70e13ba76d7d@group-A9EE991D717F-LeaderElection71] INFO  impl.RaftServerImpl (RaftServerImpl.java:setRole(184)) - 2a93f7e5-ecb9-41da-9c47-70e13ba76d7d@group-A9EE991D717F: changes role from CANDIDATE to FOLLOWER at term 57 for DISCOVERED_A_NEW_TERM
2019-10-17 07:43:12,067 [2a93f7e5-ecb9-41da-9c47-70e13ba76d7d@group-A9EE991D717F-LeaderElection71] INFO  impl.RoleInfo (RoleInfo.java:shutdownLeaderElection(134)) - 2a93f7e5-ecb9-41da-9c47-70e13ba76d7d: shutdown LeaderElection
2019-10-17 07:43:12,068 [2a93f7e5-ecb9-41da-9c47-70e13ba76d7d@group-A9EE991D717F-LeaderElection71] INFO  impl.RoleInfo (RoleInfo.java:updateAndGet(143)) - 2a93f7e5-ecb9-41da-9c47-70e13ba76d7d: start FollowerState
2019-10-17 07:43:12,253 [Thread-893] INFO  impl.FollowerState (FollowerState.java:run(108)) - 2a93f7e5-ecb9-41da-9c47-70e13ba76d7d@group-A9EE991D717F-FollowerState: change to CANDIDATE, lastRpcTime:185ms, electionTimeout:185ms
2019-10-17 07:43:12,253 [Thread-893] INFO  impl.RoleInfo (RoleInfo.java:shutdownFollowerState(121)) - 2a93f7e5-ecb9-41da-9c47-70e13ba76d7d: shutdown FollowerState
2019-10-17 07:43:12,253 [Thread-893] INFO  impl.RaftServerImpl (RaftServerImpl.java:setRole(184)) - 2a93f7e5-ecb9-41da-9c47-70e13ba76d7d@group-A9EE991D717F: changes role from  FOLLOWER to CANDIDATE at term 57 for changeToCandidate
2019-10-17 07:43:12,254 [Thread-893] INFO  impl.RoleInfo (RoleInfo.java:updateAndGet(143)) - 2a93f7e5-ecb9-41da-9c47-70e13ba76d7d: start LeaderElection
2019-10-17 07:43:12,277 [2a93f7e5-ecb9-41da-9c47-70e13ba76d7d@group-A9EE991D717F-LeaderElection72] INFO  impl.LeaderElection (LeaderElection.java:askForVotes(178)) - 2a93f7e5-ecb9-41da-9c47-70e13ba76d7d@group-A9EE991D717F-LeaderElection72: begin an election at term 58 for 0: [37bd8e8c-ea68-4b1c-8659-8d001c4f3b5c:192.168.34.62:41632, 24020d0b-ce61-4f5a-b0b0-c561541e8cd4:192.168.34.62:42892, 2a93f7e5-ecb9-41da-9c47-70e13ba76d7d:192.168.34.62:35412], old=null
2019-10-17 07:43:12,280 [grpc-default-executor-1] INFO  impl.RaftServerImpl (RaftServerImpl.java:setRole(184)) - 37bd8e8c-ea68-4b1c-8659-8d001c4f3b5c@group-A9EE991D717F: changes role from  FOLLOWER to FOLLOWER at term 58 for recognizeCandidate:2a93f7e5-ecb9-41da-9c47-70e13ba76d7d
2019-10-17 07:43:12,280 [grpc-default-executor-1] INFO  impl.RoleInfo (RoleInfo.java:shutdownFollowerState(121)) - 37bd8e8c-ea68-4b1c-8659-8d001c4f3b5c: shutdown FollowerState
2019-10-17 07:43:12,280 [grpc-default-executor-0] INFO  impl.RaftServerImpl (RaftServerImpl.java:setRole(184)) - 24020d0b-ce61-4f5a-b0b0-c561541e8cd4@group-A9EE991D717F: changes role from  FOLLOWER to FOLLOWER at term 58 for recognizeCandidate:2a93f7e5-ecb9-41da-9c47-70e13ba76d7d
2019-10-17 07:43:12,280 [Thread-892] INFO  impl.FollowerState (FollowerState.java:run(117)) - 37bd8e8c-ea68-4b1c-8659-8d001c4f3b5c@group-A9EE991D717F-FollowerState was interrupted: java.lang.InterruptedException: sleep interrupted
2019-10-17 07:43:12,280 [grpc-default-executor-1] INFO  impl.RoleInfo (RoleInfo.java:updateAndGet(143)) - 37bd8e8c-ea68-4b1c-8659-8d001c4f3b5c: start FollowerState
2019-10-17 07:43:12,280 [grpc-default-executor-0] INFO  impl.RoleInfo (RoleInfo.java:shutdownFollowerState(121)) - 24020d0b-ce61-4f5a-b0b0-c561541e8cd4: shutdown FollowerState
2019-10-17 07:43:12,281 [grpc-default-executor-0] INFO  impl.RoleInfo (RoleInfo.java:updateAndGet(143)) - 24020d0b-ce61-4f5a-b0b0-c561541e8cd4: start FollowerState
2019-10-17 07:43:12,281 [Thread-891] INFO  impl.FollowerState (FollowerState.java:run(117)) - 24020d0b-ce61-4f5a-b0b0-c561541e8cd4@group-A9EE991D717F-FollowerState was interrupted: java.lang.InterruptedException: sleep interrupted
2019-10-17 07:43:12,306 [2a93f7e5-ecb9-41da-9c47-70e13ba76d7d@group-A9EE991D717F-LeaderElection72] INFO  impl.LeaderElection (LeaderElection.java:logAndReturn(56)) - 2a93f7e5-ecb9-41da-9c47-70e13ba76d7d@group-A9EE991D717F-LeaderElection72: Election REJECTED; received 2 response(s) [2a93f7e5-ecb9-41da-9c47-70e13ba76d7d<-37bd8e8c-ea68-4b1c-8659-8d001c4f3b5c#0:FAIL-t58, 2a93f7e5-ecb9-41da-9c47-70e13ba76d7d<-24020d0b-ce61-4f5a-b0b0-c561541e8cd4#0:FAIL-t58] and 0 exception(s); 2a93f7e5-ecb9-41da-9c47-70e13ba76d7d@group-A9EE991D717F:t58, leader=null, voted=2a93f7e5-ecb9-41da-9c47-70e13ba76d7d, raftlog=2a93f7e5-ecb9-41da-9c47-70e13ba76d7d@group-A9EE991D717F-SegmentedRaftLog:OPENED:c-1,f0,i0, conf=0: [37bd8e8c-ea68-4b1c-8659-8d001c4f3b5c:192.168.34.62:41632, 24020d0b-ce61-4f5a-b0b0-c561541e8cd4:192.168.34.62:42892, 2a93f7e5-ecb9-41da-9c47-70e13ba76d7d:192.168.34.62:35412], old=null
2019-10-17 07:43:12,306 [2a93f7e5-ecb9-41da-9c47-70e13ba76d7d@group-A9EE991D717F-LeaderElection72] INFO  impl.RaftServerImpl (RaftServerImpl.java:setRole(184)) - 2a93f7e5-ecb9-41da-9c47-70e13ba76d7d@group-A9EE991D717F: changes role from CANDIDATE to FOLLOWER at term 58 for DISCOVERED_A_NEW_TERM
2019-10-17 07:43:12,306 [2a93f7e5-ecb9-41da-9c47-70e13ba76d7d@group-A9EE991D717F-LeaderElection72] INFO  impl.RoleInfo (RoleInfo.java:shutdownLeaderElection(134)) - 2a93f7e5-ecb9-41da-9c47-70e13ba76d7d: shutdown LeaderElection
2019-10-17 07:43:12,306 [2a93f7e5-ecb9-41da-9c47-70e13ba76d7d@group-A9EE991D717F-LeaderElection72] INFO  impl.RoleInfo (RoleInfo.java:updateAndGet(143)) - 2a93f7e5-ecb9-41da-9c47-70e13ba76d7d: start FollowerState
2019-10-17 07:43:12,392 [Thread-899] INFO  impl.FollowerState (FollowerState.java:run(108)) - 2a93f7e5-ecb9-41da-9c47-70e13ba76d7d@group-A9EE991D717F-FollowerState: change to CANDIDATE, lastRpcTime:85ms, electionTimeout:85ms
2019-10-17 07:43:12,392 [Thread-899] INFO  impl.RoleInfo (RoleInfo.java:shutdownFollowerState(121)) - 2a93f7e5-ecb9-41da-9c47-70e13ba76d7d: shutdown FollowerState
2019-10-17 07:43:12,392 [Thread-899] INFO  impl.RaftServerImpl (RaftServerImpl.java:setRole(184)) - 2a93f7e5-ecb9-41da-9c47-70e13ba76d7d@group-A9EE991D717F: changes role from  FOLLOWER to CANDIDATE at term 58 for changeToCandidate
2019-10-17 07:43:12,392 [Thread-899] INFO  impl.RoleInfo (RoleInfo.java:updateAndGet(143)) - 2a93f7e5-ecb9-41da-9c47-70e13ba76d7d: start LeaderElection
2019-10-17 07:43:12,424 [2a93f7e5-ecb9-41da-9c47-70e13ba76d7d@group-A9EE991D717F-LeaderElection73] INFO  impl.LeaderElection (LeaderElection.java:askForVotes(178)) - 2a93f7e5-ecb9-41da-9c47-70e13ba76d7d@group-A9EE991D717F-LeaderElection73: begin an election at term 59 for 0: [37bd8e8c-ea68-4b1c-8659-8d001c4f3b5c:192.168.34.62:41632, 24020d0b-ce61-4f5a-b0b0-c561541e8cd4:192.168.34.62:42892, 2a93f7e5-ecb9-41da-9c47-70e13ba76d7d:192.168.34.62:35412], old=null
2019-10-17 07:43:12,427 [grpc-default-executor-1] INFO  impl.RaftServerImpl (RaftServerImpl.java:setRole(184)) - 37bd8e8c-ea68-4b1c-8659-8d001c4f3b5c@group-A9EE991D717F: changes role from  FOLLOWER to FOLLOWER at term 59 for recognizeCandidate:2a93f7e5-ecb9-41da-9c47-70e13ba76d7d
2019-10-17 07:43:12,427 [grpc-default-executor-1] INFO  impl.RoleInfo (RoleInfo.java:shutdownFollowerState(121)) - 37bd8e8c-ea68-4b1c-8659-8d001c4f3b5c: shutdown FollowerState
2019-10-17 07:43:12,427 [grpc-default-executor-1] INFO  impl.RoleInfo (RoleInfo.java:updateAndGet(143)) - 37bd8e8c-ea68-4b1c-8659-8d001c4f3b5c: start FollowerState
2019-10-17 07:43:12,427 [Thread-897] INFO  impl.FollowerState (FollowerState.java:run(117)) - 37bd8e8c-ea68-4b1c-8659-8d001c4f3b5c@group-A9EE991D717F-FollowerState was interrupted: java.lang.InterruptedException: sleep interrupted
2019-10-17 07:43:12,427 [grpc-default-executor-0] INFO  impl.RaftServerImpl (RaftServerImpl.java:setRole(184)) - 24020d0b-ce61-4f5a-b0b0-c561541e8cd4@group-A9EE991D717F: changes role from  FOLLOWER to FOLLOWER at term 59 for recognizeCandidate:2a93f7e5-ecb9-41da-9c47-70e13ba76d7d
2019-10-17 07:43:12,427 [grpc-default-executor-0] INFO  impl.RoleInfo (RoleInfo.java:shutdownFollowerState(121)) - 24020d0b-ce61-4f5a-b0b0-c561541e8cd4: shutdown FollowerState
2019-10-17 07:43:12,428 [grpc-default-executor-0] INFO  impl.RoleInfo (RoleInfo.java:updateAndGet(143)) - 24020d0b-ce61-4f5a-b0b0-c561541e8cd4: start FollowerState
2019-10-17 07:43:12,428 [Thread-898] INFO  impl.FollowerState (FollowerState.java:run(117)) - 24020d0b-ce61-4f5a-b0b0-c561541e8cd4@group-A9EE991D717F-FollowerState was interrupted: java.lang.InterruptedException: sleep interrupted
2019-10-17 07:43:12,454 [2a93f7e5-ecb9-41da-9c47-70e13ba76d7d@group-A9EE991D717F-LeaderElection73] INFO  impl.LeaderElection (LeaderElection.java:logAndReturn(56)) - 2a93f7e5-ecb9-41da-9c47-70e13ba76d7d@group-A9EE991D717F-LeaderElection73: Election REJECTED; received 2 response(s) [2a93f7e5-ecb9-41da-9c47-70e13ba76d7d<-37bd8e8c-ea68-4b1c-8659-8d001c4f3b5c#0:FAIL-t59, 2a93f7e5-ecb9-41da-9c47-70e13ba76d7d<-24020d0b-ce61-4f5a-b0b0-c561541e8cd4#0:FAIL-t59] and 0 exception(s); 2a93f7e5-ecb9-41da-9c47-70e13ba76d7d@group-A9EE991D717F:t59, leader=null, voted=2a93f7e5-ecb9-41da-9c47-70e13ba76d7d, raftlog=2a93f7e5-ecb9-41da-9c47-70e13ba76d7d@group-A9EE991D717F-SegmentedRaftLog:OPENED:c-1,f0,i0, conf=0: [37bd8e8c-ea68-4b1c-8659-8d001c4f3b5c:192.168.34.62:41632, 24020d0b-ce61-4f5a-b0b0-c561541e8cd4:192.168.34.62:42892, 2a93f7e5-ecb9-41da-9c47-70e13ba76d7d:192.168.34.62:35412], old=null
2019-10-17 07:43:12,454 [2a93f7e5-ecb9-41da-9c47-70e13ba76d7d@group-A9EE991D717F-LeaderElection73] INFO  impl.RaftServerImpl (RaftServerImpl.java:setRole(184)) - 2a93f7e5-ecb9-41da-9c47-70e13ba76d7d@group-A9EE991D717F: changes role from CANDIDATE to FOLLOWER at term 59 for DISCOVERED_A_NEW_TERM
2019-10-17 07:43:12,454 [2a93f7e5-ecb9-41da-9c47-70e13ba76d7d@group-A9EE991D717F-LeaderElection73] INFO  impl.RoleInfo (RoleInfo.java:shutdownLeaderElection(134)) - 2a93f7e5-ecb9-41da-9c47-70e13ba76d7d: shutdown LeaderElection
2019-10-17 07:43:12,455 [2a93f7e5-ecb9-41da-9c47-70e13ba76d7d@group-A9EE991D717F-LeaderElection73] INFO  impl.RoleInfo (RoleInfo.java:updateAndGet(143)) - 2a93f7e5-ecb9-41da-9c47-70e13ba76d7d: start FollowerState
2019-10-17 07:43:12,498 [Thread-905] INFO  impl.FollowerState (FollowerState.java:run(108)) - 2a93f7e5-ecb9-41da-9c47-70e13ba76d7d@group-A9EE991D717F-FollowerState: change to CANDIDATE, lastRpcTime:43ms, electionTimeout:43ms
2019-10-17 07:43:12,498 [Thread-905] INFO  impl.RoleInfo (RoleInfo.java:shutdownFollowerState(121)) - 2a93f7e5-ecb9-41da-9c47-70e13ba76d7d: shutdown FollowerState
2019-10-17 07:43:12,498 [Thread-905] INFO  impl.RaftServerImpl (RaftServerImpl.java:setRole(184)) - 2a93f7e5-ecb9-41da-9c47-70e13ba76d7d@group-A9EE991D717F: changes role from  FOLLOWER to CANDIDATE at term 59 for changeToCandidate
2019-10-17 07:43:12,499 [Thread-905] INFO  impl.RoleInfo (RoleInfo.java:updateAndGet(143)) - 2a93f7e5-ecb9-41da-9c47-70e13ba76d7d: start LeaderElection
2019-10-17 07:43:12,523 [2a93f7e5-ecb9-41da-9c47-70e13ba76d7d@group-A9EE991D717F-LeaderElection74] INFO  impl.LeaderElection (LeaderElection.java:askForVotes(178)) - 2a93f7e5-ecb9-41da-9c47-70e13ba76d7d@group-A9EE991D717F-LeaderElection74: begin an election at term 60 for 0: [37bd8e8c-ea68-4b1c-8659-8d001c4f3b5c:192.168.34.62:41632, 24020d0b-ce61-4f5a-b0b0-c561541e8cd4:192.168.34.62:42892, 2a93f7e5-ecb9-41da-9c47-70e13ba76d7d:192.168.34.62:35412], old=null
2019-10-17 07:43:12,526 [grpc-default-executor-0] INFO  impl.RaftServerImpl (RaftServerImpl.java:setRole(184)) - 37bd8e8c-ea68-4b1c-8659-8d001c4f3b5c@group-A9EE991D717F: changes role from  FOLLOWER to FOLLOWER at term 60 for recognizeCandidate:2a93f7e5-ecb9-41da-9c47-70e13ba76d7d
2019-10-17 07:43:12,526 [grpc-default-executor-1] INFO  impl.RaftServerImpl (RaftServerImpl.java:setRole(184)) - 24020d0b-ce61-4f5a-b0b0-c561541e8cd4@group-A9EE991D717F: changes role from  FOLLOWER to FOLLOWER at term 60 for recognizeCandidate:2a93f7e5-ecb9-41da-9c47-70e13ba76d7d
2019-10-17 07:43:12,526 [grpc-default-executor-0] INFO  impl.RoleInfo (RoleInfo.java:shutdownFollowerState(121)) - 37bd8e8c-ea68-4b1c-8659-8d001c4f3b5c: shutdown FollowerState
2019-10-17 07:43:12,526 [grpc-default-executor-1] INFO  impl.RoleInfo (RoleInfo.java:shutdownFollowerState(121)) - 24020d0b-ce61-4f5a-b0b0-c561541e8cd4: shutdown FollowerState
2019-10-17 07:43:12,527 [Thread-903] INFO  impl.FollowerState (FollowerState.java:run(117)) - 37bd8e8c-ea68-4b1c-8659-8d001c4f3b5c@group-A9EE991D717F-FollowerState was interrupted: java.lang.InterruptedException: sleep interrupted
2019-10-17 07:43:12,527 [grpc-default-executor-0] INFO  impl.RoleInfo (RoleInfo.java:updateAndGet(143)) - 37bd8e8c-ea68-4b1c-8659-8d001c4f3b5c: start FollowerState
2019-10-17 07:43:12,527 [Thread-904] INFO  impl.FollowerState (FollowerState.java:run(117)) - 24020d0b-ce61-4f5a-b0b0-c561541e8cd4@group-A9EE991D717F-FollowerState was interrupted: java.lang.InterruptedException: sleep interrupted
2019-10-17 07:43:12,527 [grpc-default-executor-1] INFO  impl.RoleInfo (RoleInfo.java:updateAndGet(143)) - 24020d0b-ce61-4f5a-b0b0-c561541e8cd4: start FollowerState
2019-10-17 07:43:12,545 [2a93f7e5-ecb9-41da-9c47-70e13ba76d7d@group-A9EE991D717F-LeaderElection74] INFO  impl.LeaderElection (LeaderElection.java:logAndReturn(56)) - 2a93f7e5-ecb9-41da-9c47-70e13ba76d7d@group-A9EE991D717F-LeaderElection74: Election REJECTED; received 2 response(s) [2a93f7e5-ecb9-41da-9c47-70e13ba76d7d<-37bd8e8c-ea68-4b1c-8659-8d001c4f3b5c#0:FAIL-t60, 2a93f7e5-ecb9-41da-9c47-70e13ba76d7d<-24020d0b-ce61-4f5a-b0b0-c561541e8cd4#0:FAIL-t60] and 0 exception(s); 2a93f7e5-ecb9-41da-9c47-70e13ba76d7d@group-A9EE991D717F:t60, leader=null, voted=2a93f7e5-ecb9-41da-9c47-70e13ba76d7d, raftlog=2a93f7e5-ecb9-41da-9c47-70e13ba76d7d@group-A9EE991D717F-SegmentedRaftLog:OPENED:c-1,f0,i0, conf=0: [37bd8e8c-ea68-4b1c-8659-8d001c4f3b5c:192.168.34.62:41632, 24020d0b-ce61-4f5a-b0b0-c561541e8cd4:192.168.34.62:42892, 2a93f7e5-ecb9-41da-9c47-70e13ba76d7d:192.168.34.62:35412], old=null
2019-10-17 07:43:12,546 [2a93f7e5-ecb9-41da-9c47-70e13ba76d7d@group-A9EE991D717F-LeaderElection74] INFO  impl.RaftServerImpl (RaftServerImpl.java:setRole(184)) - 2a93f7e5-ecb9-41da-9c47-70e13ba76d7d@group-A9EE991D717F: changes role from CANDIDATE to FOLLOWER at term 60 for DISCOVERED_A_NEW_TERM
2019-10-17 07:43:12,546 [2a93f7e5-ecb9-41da-9c47-70e13ba76d7d@group-A9EE991D717F-LeaderElection74] INFO  impl.RoleInfo (RoleInfo.java:shutdownLeaderElection(134)) - 2a93f7e5-ecb9-41da-9c47-70e13ba76d7d: shutdown LeaderElection
2019-10-17 07:43:12,546 [2a93f7e5-ecb9-41da-9c47-70e13ba76d7d@group-A9EE991D717F-LeaderElection74] INFO  impl.RoleInfo (RoleInfo.java:updateAndGet(143)) - 2a93f7e5-ecb9-41da-9c47-70e13ba76d7d: start FollowerState
2019-10-17 07:43:12,622 [Thread-911] INFO  impl.FollowerState (FollowerState.java:run(108)) - 2a93f7e5-ecb9-41da-9c47-70e13ba76d7d@group-A9EE991D717F-FollowerState: change to CANDIDATE, lastRpcTime:75ms, electionTimeout:75ms
2019-10-17 07:43:12,622 [Thread-911] INFO  impl.RoleInfo (RoleInfo.java:shutdownFollowerState(121)) - 2a93f7e5-ecb9-41da-9c47-70e13ba76d7d: shutdown FollowerState
2019-10-17 07:43:12,622 [Thread-911] INFO  impl.RaftServerImpl (RaftServerImpl.java:setRole(184)) - 2a93f7e5-ecb9-41da-9c47-70e13ba76d7d@group-A9EE991D717F: changes role from  FOLLOWER to CANDIDATE at term 60 for changeToCandidate
2019-10-17 07:43:12,622 [Thread-911] INFO  impl.RoleInfo (RoleInfo.java:updateAndGet(143)) - 2a93f7e5-ecb9-41da-9c47-70e13ba76d7d: start LeaderElection
2019-10-17 07:43:12,646 [2a93f7e5-ecb9-41da-9c47-70e13ba76d7d@group-A9EE991D717F-LeaderElection75] INFO  impl.LeaderElection (LeaderElection.java:askForVotes(178)) - 2a93f7e5-ecb9-41da-9c47-70e13ba76d7d@group-A9EE991D717F-LeaderElection75: begin an election at term 61 for 0: [37bd8e8c-ea68-4b1c-8659-8d001c4f3b5c:192.168.34.62:41632, 24020d0b-ce61-4f5a-b0b0-c561541e8cd4:192.168.34.62:42892, 2a93f7e5-ecb9-41da-9c47-70e13ba76d7d:192.168.34.62:35412], old=null
2019-10-17 07:43:12,650 [grpc-default-executor-1] INFO  impl.RaftServerImpl (RaftServerImpl.java:setRole(184)) - 37bd8e8c-ea68-4b1c-8659-8d001c4f3b5c@group-A9EE991D717F: changes role from  FOLLOWER to FOLLOWER at term 61 for recognizeCandidate:2a93f7e5-ecb9-41da-9c47-70e13ba76d7d
2019-10-17 07:43:12,650 [grpc-default-executor-1] INFO  impl.RoleInfo (RoleInfo.java:shutdownFollowerState(121)) - 37bd8e8c-ea68-4b1c-8659-8d001c4f3b5c: shutdown FollowerState
2019-10-17 07:43:12,651 [grpc-default-executor-1] INFO  impl.RoleInfo (RoleInfo.java:updateAndGet(143)) - 37bd8e8c-ea68-4b1c-8659-8d001c4f3b5c: start FollowerState
2019-10-17 07:43:12,651 [Thread-909] INFO  impl.FollowerState (FollowerState.java:run(117)) - 37bd8e8c-ea68-4b1c-8659-8d001c4f3b5c@group-A9EE991D717F-FollowerState was interrupted: java.lang.InterruptedException: sleep interrupted
2019-10-17 07:43:12,651 [grpc-default-executor-0] INFO  impl.RaftServerImpl (RaftServerImpl.java:setRole(184)) - 24020d0b-ce61-4f5a-b0b0-c561541e8cd4@group-A9EE991D717F: changes role from  FOLLOWER to FOLLOWER at term 61 for recognizeCandidate:2a93f7e5-ecb9-41da-9c47-70e13ba76d7d
2019-10-17 07:43:12,651 [grpc-default-executor-0] INFO  impl.RoleInfo (RoleInfo.java:shutdownFollowerState(121)) - 24020d0b-ce61-4f5a-b0b0-c561541e8cd4: shutdown FollowerState
2019-10-17 07:43:12,651 [grpc-default-executor-0] INFO  impl.RoleInfo (RoleInfo.java:updateAndGet(143)) - 24020d0b-ce61-4f5a-b0b0-c561541e8cd4: start FollowerState
2019-10-17 07:43:12,651 [Thread-910] INFO  impl.FollowerState (FollowerState.java:run(117)) - 24020d0b-ce61-4f5a-b0b0-c561541e8cd4@group-A9EE991D717F-FollowerState was interrupted: java.lang.InterruptedException: sleep interrupted
2019-10-17 07:43:12,673 [2a93f7e5-ecb9-41da-9c47-70e13ba76d7d@group-A9EE991D717F-LeaderElection75] INFO  impl.LeaderElection (LeaderElection.java:logAndReturn(56)) - 2a93f7e5-ecb9-41da-9c47-70e13ba76d7d@group-A9EE991D717F-LeaderElection75: Election REJECTED; received 2 response(s) [2a93f7e5-ecb9-41da-9c47-70e13ba76d7d<-37bd8e8c-ea68-4b1c-8659-8d001c4f3b5c#0:FAIL-t61, 2a93f7e5-ecb9-41da-9c47-70e13ba76d7d<-24020d0b-ce61-4f5a-b0b0-c561541e8cd4#0:FAIL-t61] and 0 exception(s); 2a93f7e5-ecb9-41da-9c47-70e13ba76d7d@group-A9EE991D717F:t61, leader=null, voted=2a93f7e5-ecb9-41da-9c47-70e13ba76d7d, raftlog=2a93f7e5-ecb9-41da-9c47-70e13ba76d7d@group-A9EE991D717F-SegmentedRaftLog:OPENED:c-1,f0,i0, conf=0: [37bd8e8c-ea68-4b1c-8659-8d001c4f3b5c:192.168.34.62:41632, 24020d0b-ce61-4f5a-b0b0-c561541e8cd4:192.168.34.62:42892, 2a93f7e5-ecb9-41da-9c47-70e13ba76d7d:192.168.34.62:35412], old=null
2019-10-17 07:43:12,673 [2a93f7e5-ecb9-41da-9c47-70e13ba76d7d@group-A9EE991D717F-LeaderElection75] INFO  impl.RaftServerImpl (RaftServerImpl.java:setRole(184)) - 2a93f7e5-ecb9-41da-9c47-70e13ba76d7d@group-A9EE991D717F: changes role from CANDIDATE to FOLLOWER at term 61 for DISCOVERED_A_NEW_TERM
2019-10-17 07:43:12,673 [2a93f7e5-ecb9-41da-9c47-70e13ba76d7d@group-A9EE991D717F-LeaderElection75] INFO  impl.RoleInfo (RoleInfo.java:shutdownLeaderElection(134)) - 2a93f7e5-ecb9-41da-9c47-70e13ba76d7d: shutdown LeaderElection
2019-10-17 07:43:12,673 [2a93f7e5-ecb9-41da-9c47-70e13ba76d7d@group-A9EE991D717F-LeaderElection75] INFO  impl.RoleInfo (RoleInfo.java:updateAndGet(143)) - 2a93f7e5-ecb9-41da-9c47-70e13ba76d7d: start FollowerState
2019-10-17 07:43:12,782 [Thread-917] INFO  impl.FollowerState (FollowerState.java:run(108)) - 2a93f7e5-ecb9-41da-9c47-70e13ba76d7d@group-A9EE991D717F-FollowerState: change to CANDIDATE, lastRpcTime:108ms, electionTimeout:108ms
2019-10-17 07:43:12,782 [Thread-917] INFO  impl.RoleInfo (RoleInfo.java:shutdownFollowerState(121)) - 2a93f7e5-ecb9-41da-9c47-70e13ba76d7d: shutdown FollowerState
2019-10-17 07:43:12,782 [Thread-917] INFO  impl.RaftServerImpl (RaftServerImpl.java:setRole(184)) - 2a93f7e5-ecb9-41da-9c47-70e13ba76d7d@group-A9EE991D717F: changes role from  FOLLOWER to CANDIDATE at term 61 for changeToCandidate
2019-10-17 07:43:12,783 [Thread-917] INFO  impl.RoleInfo (RoleInfo.java:updateAndGet(143)) - 2a93f7e5-ecb9-41da-9c47-70e13ba76d7d: start LeaderElection
2019-10-17 07:43:12,808 [2a93f7e5-ecb9-41da-9c47-70e13ba76d7d@group-A9EE991D717F-LeaderElection76] INFO  impl.LeaderElection (LeaderElection.java:askForVotes(178)) - 2a93f7e5-ecb9-41da-9c47-70e13ba76d7d@group-A9EE991D717F-LeaderElection76: begin an election at term 62 for 0: [37bd8e8c-ea68-4b1c-8659-8d001c4f3b5c:192.168.34.62:41632, 24020d0b-ce61-4f5a-b0b0-c561541e8cd4:192.168.34.62:42892, 2a93f7e5-ecb9-41da-9c47-70e13ba76d7d:192.168.34.62:35412], old=null
2019-10-17 07:43:12,812 [grpc-default-executor-0] INFO  impl.RaftServerImpl (RaftServerImpl.java:setRole(184)) - 37bd8e8c-ea68-4b1c-8659-8d001c4f3b5c@group-A9EE991D717F: changes role from  FOLLOWER to FOLLOWER at term 62 for recognizeCandidate:2a93f7e5-ecb9-41da-9c47-70e13ba76d7d
2019-10-17 07:43:12,813 [grpc-default-executor-0] INFO  impl.RoleInfo (RoleInfo.java:shutdownFollowerState(121)) - 37bd8e8c-ea68-4b1c-8659-8d001c4f3b5c: shutdown FollowerState
2019-10-17 07:43:12,813 [grpc-default-executor-0] INFO  impl.RoleInfo (RoleInfo.java:updateAndGet(143)) - 37bd8e8c-ea68-4b1c-8659-8d001c4f3b5c: start FollowerState
2019-10-17 07:43:12,813 [Thread-915] INFO  impl.FollowerState (FollowerState.java:run(117)) - 37bd8e8c-ea68-4b1c-8659-8d001c4f3b5c@group-A9EE991D717F-FollowerState was interrupted: java.lang.InterruptedException: sleep interrupted
2019-10-17 07:43:12,813 [grpc-default-executor-1] INFO  impl.RaftServerImpl (RaftServerImpl.java:setRole(184)) - 24020d0b-ce61-4f5a-b0b0-c561541e8cd4@group-A9EE991D717F: changes role from  FOLLOWER to FOLLOWER at term 62 for recognizeCandidate:2a93f7e5-ecb9-41da-9c47-70e13ba76d7d
2019-10-17 07:43:12,814 [grpc-default-executor-1] INFO  impl.RoleInfo (RoleInfo.java:shutdownFollowerState(121)) - 24020d0b-ce61-4f5a-b0b0-c561541e8cd4: shutdown FollowerState
2019-10-17 07:43:12,814 [grpc-default-executor-1] INFO  impl.RoleInfo (RoleInfo.java:updateAndGet(143)) - 24020d0b-ce61-4f5a-b0b0-c561541e8cd4: start FollowerState
2019-10-17 07:43:12,814 [Thread-916] INFO  impl.FollowerState (FollowerState.java:run(117)) - 24020d0b-ce61-4f5a-b0b0-c561541e8cd4@group-A9EE991D717F-FollowerState was interrupted: java.lang.InterruptedException: sleep interrupted
2019-10-17 07:43:12,838 [2a93f7e5-ecb9-41da-9c47-70e13ba76d7d@group-A9EE991D717F-LeaderElection76] INFO  impl.LeaderElection (LeaderElection.java:logAndReturn(56)) - 2a93f7e5-ecb9-41da-9c47-70e13ba76d7d@group-A9EE991D717F-LeaderElection76: Election REJECTED; received 2 response(s) [2a93f7e5-ecb9-41da-9c47-70e13ba76d7d<-37bd8e8c-ea68-4b1c-8659-8d001c4f3b5c#0:FAIL-t62, 2a93f7e5-ecb9-41da-9c47-70e13ba76d7d<-24020d0b-ce61-4f5a-b0b0-c561541e8cd4#0:FAIL-t62] and 0 exception(s); 2a93f7e5-ecb9-41da-9c47-70e13ba76d7d@group-A9EE991D717F:t62, leader=null, voted=2a93f7e5-ecb9-41da-9c47-70e13ba76d7d, raftlog=2a93f7e5-ecb9-41da-9c47-70e13ba76d7d@group-A9EE991D717F-SegmentedRaftLog:OPENED:c-1,f0,i0, conf=0: [37bd8e8c-ea68-4b1c-8659-8d001c4f3b5c:192.168.34.62:41632, 24020d0b-ce61-4f5a-b0b0-c561541e8cd4:192.168.34.62:42892, 2a93f7e5-ecb9-41da-9c47-70e13ba76d7d:192.168.34.62:35412], old=null
2019-10-17 07:43:12,838 [2a93f7e5-ecb9-41da-9c47-70e13ba76d7d@group-A9EE991D717F-LeaderElection76] INFO  impl.RaftServerImpl (RaftServerImpl.java:setRole(184)) - 2a93f7e5-ecb9-41da-9c47-70e13ba76d7d@group-A9EE991D717F: changes role from CANDIDATE to FOLLOWER at term 62 for DISCOVERED_A_NEW_TERM
2019-10-17 07:43:12,838 [2a93f7e5-ecb9-41da-9c47-70e13ba76d7d@group-A9EE991D717F-LeaderElection76] INFO  impl.RoleInfo (RoleInfo.java:shutdownLeaderElection(134)) - 2a93f7e5-ecb9-41da-9c47-70e13ba76d7d: shutdown LeaderElection
2019-10-17 07:43:12,839 [2a93f7e5-ecb9-41da-9c47-70e13ba76d7d@group-A9EE991D717F-LeaderElection76] INFO  impl.RoleInfo (RoleInfo.java:updateAndGet(143)) - 2a93f7e5-ecb9-41da-9c47-70e13ba76d7d: start FollowerState
2019-10-17 07:43:13,030 [Thread-923] INFO  impl.FollowerState (FollowerState.java:run(108)) - 2a93f7e5-ecb9-41da-9c47-70e13ba76d7d@group-A9EE991D717F-FollowerState: change to CANDIDATE, lastRpcTime:191ms, electionTimeout:191ms
2019-10-17 07:43:13,031 [Thread-923] INFO  impl.RoleInfo (RoleInfo.java:shutdownFollowerState(121)) - 2a93f7e5-ecb9-41da-9c47-70e13ba76d7d: shutdown FollowerState
2019-10-17 07:43:13,031 [Thread-923] INFO  impl.RaftServerImpl (RaftServerImpl.java:setRole(184)) - 2a93f7e5-ecb9-41da-9c47-70e13ba76d7d@group-A9EE991D717F: changes role from  FOLLOWER to CANDIDATE at term 62 for changeToCandidate
2019-10-17 07:43:13,031 [Thread-923] INFO  impl.RoleInfo (RoleInfo.java:updateAndGet(143)) - 2a93f7e5-ecb9-41da-9c47-70e13ba76d7d: start LeaderElection
2019-10-17 07:43:13,056 [2a93f7e5-ecb9-41da-9c47-70e13ba76d7d@group-A9EE991D717F-LeaderElection77] INFO  impl.LeaderElection (LeaderElection.java:askForVotes(178)) - 2a93f7e5-ecb9-41da-9c47-70e13ba76d7d@group-A9EE991D717F-LeaderElection77: begin an election at term 63 for 0: [37bd8e8c-ea68-4b1c-8659-8d001c4f3b5c:192.168.34.62:41632, 24020d0b-ce61-4f5a-b0b0-c561541e8cd4:192.168.34.62:42892, 2a93f7e5-ecb9-41da-9c47-70e13ba76d7d:192.168.34.62:35412], old=null
2019-10-17 07:43:13,060 [grpc-default-executor-1] INFO  impl.RaftServerImpl (RaftServerImpl.java:setRole(184)) - 24020d0b-ce61-4f5a-b0b0-c561541e8cd4@group-A9EE991D717F: changes role from  FOLLOWER to FOLLOWER at term 63 for recognizeCandidate:2a93f7e5-ecb9-41da-9c47-70e13ba76d7d
2019-10-17 07:43:13,060 [grpc-default-executor-0] INFO  impl.RaftServerImpl (RaftServerImpl.java:setRole(184)) - 37bd8e8c-ea68-4b1c-8659-8d001c4f3b5c@group-A9EE991D717F: changes role from  FOLLOWER to FOLLOWER at term 63 for recognizeCandidate:2a93f7e5-ecb9-41da-9c47-70e13ba76d7d
2019-10-17 07:43:13,060 [grpc-default-executor-1] INFO  impl.RoleInfo (RoleInfo.java:shutdownFollowerState(121)) - 24020d0b-ce61-4f5a-b0b0-c561541e8cd4: shutdown FollowerState
2019-10-17 07:43:13,060 [grpc-default-executor-0] INFO  impl.RoleInfo (RoleInfo.java:shutdownFollowerState(121)) - 37bd8e8c-ea68-4b1c-8659-8d001c4f3b5c: shutdown FollowerState
2019-10-17 07:43:13,061 [Thread-922] INFO  impl.FollowerState (FollowerState.java:run(117)) - 24020d0b-ce61-4f5a-b0b0-c561541e8cd4@group-A9EE991D717F-FollowerState was interrupted: java.lang.InterruptedException: sleep interrupted
2019-10-17 07:43:13,061 [grpc-default-executor-1] INFO  impl.RoleInfo (RoleInfo.java:updateAndGet(143)) - 24020d0b-ce61-4f5a-b0b0-c561541e8cd4: start FollowerState
2019-10-17 07:43:13,061 [Thread-921] INFO  impl.FollowerState (FollowerState.java:run(117)) - 37bd8e8c-ea68-4b1c-8659-8d001c4f3b5c@group-A9EE991D717F-FollowerState was interrupted: java.lang.InterruptedException: sleep interrupted
2019-10-17 07:43:13,061 [grpc-default-executor-0] INFO  impl.RoleInfo (RoleInfo.java:updateAndGet(143)) - 37bd8e8c-ea68-4b1c-8659-8d001c4f3b5c: start FollowerState
2019-10-17 07:43:13,066 [2a93f7e5-ecb9-41da-9c47-70e13ba76d7d@group-A9EE991D717F-LeaderElection77] INFO  impl.LeaderElection (LeaderElection.java:logAndReturn(56)) - 2a93f7e5-ecb9-41da-9c47-70e13ba76d7d@group-A9EE991D717F-LeaderElection77: Election TIMEOUT; received 0 response(s) [] and 0 exception(s); 2a93f7e5-ecb9-41da-9c47-70e13ba76d7d@group-A9EE991D717F:t63, leader=null, voted=2a93f7e5-ecb9-41da-9c47-70e13ba76d7d, raftlog=2a93f7e5-ecb9-41da-9c47-70e13ba76d7d@group-A9EE991D717F-SegmentedRaftLog:OPENED:c-1,f0,i0, conf=0: [37bd8e8c-ea68-4b1c-8659-8d001c4f3b5c:192.168.34.62:41632, 24020d0b-ce61-4f5a-b0b0-c561541e8cd4:192.168.34.62:42892, 2a93f7e5-ecb9-41da-9c47-70e13ba76d7d:192.168.34.62:35412], old=null
2019-10-17 07:43:13,085 [2a93f7e5-ecb9-41da-9c47-70e13ba76d7d@group-A9EE991D717F-LeaderElection77] INFO  impl.LeaderElection (LeaderElection.java:askForVotes(178)) - 2a93f7e5-ecb9-41da-9c47-70e13ba76d7d@group-A9EE991D717F-LeaderElection77: begin an election at term 64 for 0: [37bd8e8c-ea68-4b1c-8659-8d001c4f3b5c:192.168.34.62:41632, 24020d0b-ce61-4f5a-b0b0-c561541e8cd4:192.168.34.62:42892, 2a93f7e5-ecb9-41da-9c47-70e13ba76d7d:192.168.34.62:35412], old=null
2019-10-17 07:43:13,087 [grpc-default-executor-0] INFO  impl.RaftServerImpl (RaftServerImpl.java:setRole(184)) - 37bd8e8c-ea68-4b1c-8659-8d001c4f3b5c@group-A9EE991D717F: changes role from  FOLLOWER to FOLLOWER at term 64 for recognizeCandidate:2a93f7e5-ecb9-41da-9c47-70e13ba76d7d
2019-10-17 07:43:13,087 [grpc-default-executor-1] INFO  impl.RaftServerImpl (RaftServerImpl.java:setRole(184)) - 24020d0b-ce61-4f5a-b0b0-c561541e8cd4@group-A9EE991D717F: changes role from  FOLLOWER to FOLLOWER at term 64 for recognizeCandidate:2a93f7e5-ecb9-41da-9c47-70e13ba76d7d
2019-10-17 07:43:13,087 [grpc-default-executor-0] INFO  impl.RoleInfo (RoleInfo.java:shutdownFollowerState(121)) - 37bd8e8c-ea68-4b1c-8659-8d001c4f3b5c: shutdown FollowerState
2019-10-17 07:43:13,087 [grpc-default-executor-1] INFO  impl.RoleInfo (RoleInfo.java:shutdownFollowerState(121)) - 24020d0b-ce61-4f5a-b0b0-c561541e8cd4: shutdown FollowerState
2019-10-17 07:43:13,088 [Thread-928] INFO  impl.FollowerState (FollowerState.java:run(117)) - 37bd8e8c-ea68-4b1c-8659-8d001c4f3b5c@group-A9EE991D717F-FollowerState was interrupted: java.lang.InterruptedException: sleep interrupted
2019-10-17 07:43:13,088 [grpc-default-executor-0] INFO  impl.RoleInfo (RoleInfo.java:updateAndGet(143)) - 37bd8e8c-ea68-4b1c-8659-8d001c4f3b5c: start FollowerState
2019-10-17 07:43:13,088 [Thread-927] INFO  impl.FollowerState (FollowerState.java:run(117)) - 24020d0b-ce61-4f5a-b0b0-c561541e8cd4@group-A9EE991D717F-FollowerState was interrupted: java.lang.InterruptedException: sleep interrupted
2019-10-17 07:43:13,088 [grpc-default-executor-1] INFO  impl.RoleInfo (RoleInfo.java:updateAndGet(143)) - 24020d0b-ce61-4f5a-b0b0-c561541e8cd4: start FollowerState
2019-10-17 07:43:13,123 [2a93f7e5-ecb9-41da-9c47-70e13ba76d7d@group-A9EE991D717F-LeaderElection77] INFO  impl.LeaderElection (LeaderElection.java:logAndReturn(56)) - 2a93f7e5-ecb9-41da-9c47-70e13ba76d7d@group-A9EE991D717F-LeaderElection77: Election REJECTED; received 2 response(s) [2a93f7e5-ecb9-41da-9c47-70e13ba76d7d<-37bd8e8c-ea68-4b1c-8659-8d001c4f3b5c#0:FAIL-t64, 2a93f7e5-ecb9-41da-9c47-70e13ba76d7d<-24020d0b-ce61-4f5a-b0b0-c561541e8cd4#0:FAIL-t64] and 0 exception(s); 2a93f7e5-ecb9-41da-9c47-70e13ba76d7d@group-A9EE991D717F:t64, leader=null, voted=2a93f7e5-ecb9-41da-9c47-70e13ba76d7d, raftlog=2a93f7e5-ecb9-41da-9c47-70e13ba76d7d@group-A9EE991D717F-SegmentedRaftLog:OPENED:c-1,f0,i0, conf=0: [37bd8e8c-ea68-4b1c-8659-8d001c4f3b5c:192.168.34.62:41632, 24020d0b-ce61-4f5a-b0b0-c561541e8cd4:192.168.34.62:42892, 2a93f7e5-ecb9-41da-9c47-70e13ba76d7d:192.168.34.62:35412], old=null
2019-10-17 07:43:13,123 [2a93f7e5-ecb9-41da-9c47-70e13ba76d7d@group-A9EE991D717F-LeaderElection77] INFO  impl.RaftServerImpl (RaftServerImpl.java:setRole(184)) - 2a93f7e5-ecb9-41da-9c47-70e13ba76d7d@group-A9EE991D717F: changes role from CANDIDATE to FOLLOWER at term 64 for DISCOVERED_A_NEW_TERM
2019-10-17 07:43:13,123 [2a93f7e5-ecb9-41da-9c47-70e13ba76d7d@group-A9EE991D717F-LeaderElection77] INFO  impl.RoleInfo (RoleInfo.java:shutdownLeaderElection(134)) - 2a93f7e5-ecb9-41da-9c47-70e13ba76d7d: shutdown LeaderElection
2019-10-17 07:43:13,123 [2a93f7e5-ecb9-41da-9c47-70e13ba76d7d@group-A9EE991D717F-LeaderElection77] INFO  impl.RoleInfo (RoleInfo.java:updateAndGet(143)) - 2a93f7e5-ecb9-41da-9c47-70e13ba76d7d: start FollowerState
2019-10-17 07:43:13,142 [Thread-933] INFO  impl.FollowerState (FollowerState.java:run(108)) - 2a93f7e5-ecb9-41da-9c47-70e13ba76d7d@group-A9EE991D717F-FollowerState: change to CANDIDATE, lastRpcTime:18ms, electionTimeout:18ms
2019-10-17 07:43:13,142 [Thread-933] INFO  impl.RoleInfo (RoleInfo.java:shutdownFollowerState(121)) - 2a93f7e5-ecb9-41da-9c47-70e13ba76d7d: shutdown FollowerState
2019-10-17 07:43:13,142 [Thread-933] INFO  impl.RaftServerImpl (RaftServerImpl.java:setRole(184)) - 2a93f7e5-ecb9-41da-9c47-70e13ba76d7d@group-A9EE991D717F: changes role from  FOLLOWER to CANDIDATE at term 64 for changeToCandidate
2019-10-17 07:43:13,143 [Thread-933] INFO  impl.RoleInfo (RoleInfo.java:updateAndGet(143)) - 2a93f7e5-ecb9-41da-9c47-70e13ba76d7d: start LeaderElection
2019-10-17 07:43:13,166 [2a93f7e5-ecb9-41da-9c47-70e13ba76d7d@group-A9EE991D717F-LeaderElection78] INFO  impl.LeaderElection (LeaderElection.java:askForVotes(178)) - 2a93f7e5-ecb9-41da-9c47-70e13ba76d7d@group-A9EE991D717F-LeaderElection78: begin an election at term 65 for 0: [37bd8e8c-ea68-4b1c-8659-8d001c4f3b5c:192.168.34.62:41632, 24020d0b-ce61-4f5a-b0b0-c561541e8cd4:192.168.34.62:42892, 2a93f7e5-ecb9-41da-9c47-70e13ba76d7d:192.168.34.62:35412], old=null
2019-10-17 07:43:13,169 [grpc-default-executor-0] INFO  impl.RaftServerImpl (RaftServerImpl.java:setRole(184)) - 24020d0b-ce61-4f5a-b0b0-c561541e8cd4@group-A9EE991D717F: changes role from  FOLLOWER to FOLLOWER at term 65 for recognizeCandidate:2a93f7e5-ecb9-41da-9c47-70e13ba76d7d
2019-10-17 07:43:13,169 [grpc-default-executor-1] INFO  impl.RaftServerImpl (RaftServerImpl.java:setRole(184)) - 37bd8e8c-ea68-4b1c-8659-8d001c4f3b5c@group-A9EE991D717F: changes role from  FOLLOWER to FOLLOWER at term 65 for recognizeCandidate:2a93f7e5-ecb9-41da-9c47-70e13ba76d7d
2019-10-17 07:43:13,169 [grpc-default-executor-0] INFO  impl.RoleInfo (RoleInfo.java:shutdownFollowerState(121)) - 24020d0b-ce61-4f5a-b0b0-c561541e8cd4: shutdown FollowerState
2019-10-17 07:43:13,169 [grpc-default-executor-1] INFO  impl.RoleInfo (RoleInfo.java:shutdownFollowerState(121)) - 37bd8e8c-ea68-4b1c-8659-8d001c4f3b5c: shutdown FollowerState
2019-10-17 07:43:13,169 [Thread-932] INFO  impl.FollowerState (FollowerState.java:run(117)) - 24020d0b-ce61-4f5a-b0b0-c561541e8cd4@group-A9EE991D717F-FollowerState was interrupted: java.lang.InterruptedException: sleep interrupted
2019-10-17 07:43:13,169 [grpc-default-executor-0] INFO  impl.RoleInfo (RoleInfo.java:updateAndGet(143)) - 24020d0b-ce61-4f5a-b0b0-c561541e8cd4: start FollowerState
2019-10-17 07:43:13,169 [Thread-931] INFO  impl.FollowerState (FollowerState.java:run(117)) - 37bd8e8c-ea68-4b1c-8659-8d001c4f3b5c@group-A9EE991D717F-FollowerState was interrupted: java.lang.InterruptedException: sleep interrupted
2019-10-17 07:43:13,169 [grpc-default-executor-1] INFO  impl.RoleInfo (RoleInfo.java:updateAndGet(143)) - 37bd8e8c-ea68-4b1c-8659-8d001c4f3b5c: start FollowerState
2019-10-17 07:43:13,189 [2a93f7e5-ecb9-41da-9c47-70e13ba76d7d@group-A9EE991D717F-LeaderElection78] INFO  impl.LeaderElection (LeaderElection.java:logAndReturn(56)) - 2a93f7e5-ecb9-41da-9c47-70e13ba76d7d@group-A9EE991D717F-LeaderElection78: Election TIMEOUT; received 0 response(s) [] and 0 exception(s); 2a93f7e5-ecb9-41da-9c47-70e13ba76d7d@group-A9EE991D717F:t65, leader=null, voted=2a93f7e5-ecb9-41da-9c47-70e13ba76d7d, raftlog=2a93f7e5-ecb9-41da-9c47-70e13ba76d7d@group-A9EE991D717F-SegmentedRaftLog:OPENED:c-1,f0,i0, conf=0: [37bd8e8c-ea68-4b1c-8659-8d001c4f3b5c:192.168.34.62:41632, 24020d0b-ce61-4f5a-b0b0-c561541e8cd4:192.168.34.62:42892, 2a93f7e5-ecb9-41da-9c47-70e13ba76d7d:192.168.34.62:35412], old=null
2019-10-17 07:43:13,240 [2a93f7e5-ecb9-41da-9c47-70e13ba76d7d@group-A9EE991D717F-LeaderElection78] INFO  impl.LeaderElection (LeaderElection.java:askForVotes(178)) - 2a93f7e5-ecb9-41da-9c47-70e13ba76d7d@group-A9EE991D717F-LeaderElection78: begin an election at term 66 for 0: [37bd8e8c-ea68-4b1c-8659-8d001c4f3b5c:192.168.34.62:41632, 24020d0b-ce61-4f5a-b0b0-c561541e8cd4:192.168.34.62:42892, 2a93f7e5-ecb9-41da-9c47-70e13ba76d7d:192.168.34.62:35412], old=null
2019-10-17 07:43:13,242 [grpc-default-executor-0] INFO  impl.RaftServerImpl (RaftServerImpl.java:setRole(184)) - 37bd8e8c-ea68-4b1c-8659-8d001c4f3b5c@group-A9EE991D717F: changes role from  FOLLOWER to FOLLOWER at term 66 for recognizeCandidate:2a93f7e5-ecb9-41da-9c47-70e13ba76d7d
2019-10-17 07:43:13,242 [grpc-default-executor-0] INFO  impl.RoleInfo (RoleInfo.java:shutdownFollowerState(121)) - 37bd8e8c-ea68-4b1c-8659-8d001c4f3b5c: shutdown FollowerState
2019-10-17 07:43:13,242 [grpc-default-executor-1] INFO  impl.RaftServerImpl (RaftServerImpl.java:setRole(184)) - 24020d0b-ce61-4f5a-b0b0-c561541e8cd4@group-A9EE991D717F: changes role from  FOLLOWER to FOLLOWER at term 66 for recognizeCandidate:2a93f7e5-ecb9-41da-9c47-70e13ba76d7d
2019-10-17 07:43:13,242 [Thread-938] INFO  impl.FollowerState (FollowerState.java:run(117)) - 37bd8e8c-ea68-4b1c-8659-8d001c4f3b5c@group-A9EE991D717F-FollowerState was interrupted: java.lang.InterruptedException: sleep interrupted
2019-10-17 07:43:13,242 [grpc-default-executor-0] INFO  impl.RoleInfo (RoleInfo.java:updateAndGet(143)) - 37bd8e8c-ea68-4b1c-8659-8d001c4f3b5c: start FollowerState
2019-10-17 07:43:13,242 [grpc-default-executor-1] INFO  impl.RoleInfo (RoleInfo.java:shutdownFollowerState(121)) - 24020d0b-ce61-4f5a-b0b0-c561541e8cd4: shutdown FollowerState
2019-10-17 07:43:13,243 [grpc-default-executor-1] INFO  impl.RoleInfo (RoleInfo.java:updateAndGet(143)) - 24020d0b-ce61-4f5a-b0b0-c561541e8cd4: start FollowerState
2019-10-17 07:43:13,243 [Thread-937] INFO  impl.FollowerState (FollowerState.java:run(117)) - 24020d0b-ce61-4f5a-b0b0-c561541e8cd4@group-A9EE991D717F-FollowerState was interrupted: java.lang.InterruptedException: sleep interrupted
2019-10-17 07:43:13,266 [2a93f7e5-ecb9-41da-9c47-70e13ba76d7d@group-A9EE991D717F-LeaderElection78] INFO  impl.LeaderElection (LeaderElection.java:logAndReturn(56)) - 2a93f7e5-ecb9-41da-9c47-70e13ba76d7d@group-A9EE991D717F-LeaderElection78: Election REJECTED; received 2 response(s) [2a93f7e5-ecb9-41da-9c47-70e13ba76d7d<-37bd8e8c-ea68-4b1c-8659-8d001c4f3b5c#0:FAIL-t66, 2a93f7e5-ecb9-41da-9c47-70e13ba76d7d<-24020d0b-ce61-4f5a-b0b0-c561541e8cd4#0:FAIL-t66] and 0 exception(s); 2a93f7e5-ecb9-41da-9c47-70e13ba76d7d@group-A9EE991D717F:t66, leader=null, voted=2a93f7e5-ecb9-41da-9c47-70e13ba76d7d, raftlog=2a93f7e5-ecb9-41da-9c47-70e13ba76d7d@group-A9EE991D717F-SegmentedRaftLog:OPENED:c-1,f0,i0, conf=0: [37bd8e8c-ea68-4b1c-8659-8d001c4f3b5c:192.168.34.62:41632, 24020d0b-ce61-4f5a-b0b0-c561541e8cd4:192.168.34.62:42892, 2a93f7e5-ecb9-41da-9c47-70e13ba76d7d:192.168.34.62:35412], old=null
2019-10-17 07:43:13,267 [2a93f7e5-ecb9-41da-9c47-70e13ba76d7d@group-A9EE991D717F-LeaderElection78] INFO  impl.RaftServerImpl (RaftServerImpl.java:setRole(184)) - 2a93f7e5-ecb9-41da-9c47-70e13ba76d7d@group-A9EE991D717F: changes role from CANDIDATE to FOLLOWER at term 66 for DISCOVERED_A_NEW_TERM
2019-10-17 07:43:13,267 [2a93f7e5-ecb9-41da-9c47-70e13ba76d7d@group-A9EE991D717F-LeaderElection78] INFO  impl.RoleInfo (RoleInfo.java:shutdownLeaderElection(134)) - 2a93f7e5-ecb9-41da-9c47-70e13ba76d7d: shutdown LeaderElection
2019-10-17 07:43:13,267 [2a93f7e5-ecb9-41da-9c47-70e13ba76d7d@group-A9EE991D717F-LeaderElection78] INFO  impl.RoleInfo (RoleInfo.java:updateAndGet(143)) - 2a93f7e5-ecb9-41da-9c47-70e13ba76d7d: start FollowerState
2019-10-17 07:43:13,413 [Thread-943] INFO  impl.FollowerState (FollowerState.java:run(108)) - 2a93f7e5-ecb9-41da-9c47-70e13ba76d7d@group-A9EE991D717F-FollowerState: change to CANDIDATE, lastRpcTime:146ms, electionTimeout:146ms
2019-10-17 07:43:13,413 [Thread-943] INFO  impl.RoleInfo (RoleInfo.java:shutdownFollowerState(121)) - 2a93f7e5-ecb9-41da-9c47-70e13ba76d7d: shutdown FollowerState
2019-10-17 07:43:13,414 [Thread-943] INFO  impl.RaftServerImpl (RaftServerImpl.java:setRole(184)) - 2a93f7e5-ecb9-41da-9c47-70e13ba76d7d@group-A9EE991D717F: changes role from  FOLLOWER to CANDIDATE at term 66 for changeToCandidate
2019-10-17 07:43:13,414 [Thread-943] INFO  impl.RoleInfo (RoleInfo.java:updateAndGet(143)) - 2a93f7e5-ecb9-41da-9c47-70e13ba76d7d: start LeaderElection
2019-10-17 07:43:13,427 [2a93f7e5-ecb9-41da-9c47-70e13ba76d7d@group-A9EE991D717F-LeaderElection79] INFO  impl.LeaderElection (LeaderElection.java:askForVotes(178)) - 2a93f7e5-ecb9-41da-9c47-70e13ba76d7d@group-A9EE991D717F-LeaderElection79: begin an election at term 67 for 0: [37bd8e8c-ea68-4b1c-8659-8d001c4f3b5c:192.168.34.62:41632, 24020d0b-ce61-4f5a-b0b0-c561541e8cd4:192.168.34.62:42892, 2a93f7e5-ecb9-41da-9c47-70e13ba76d7d:192.168.34.62:35412], old=null
2019-10-17 07:43:13,430 [grpc-default-executor-1] INFO  impl.RaftServerImpl (RaftServerImpl.java:setRole(184)) - 37bd8e8c-ea68-4b1c-8659-8d001c4f3b5c@group-A9EE991D717F: changes role from  FOLLOWER to FOLLOWER at term 67 for recognizeCandidate:2a93f7e5-ecb9-41da-9c47-70e13ba76d7d
2019-10-17 07:43:13,430 [grpc-default-executor-0] INFO  impl.RaftServerImpl (RaftServerImpl.java:setRole(184)) - 24020d0b-ce61-4f5a-b0b0-c561541e8cd4@group-A9EE991D717F: changes role from  FOLLOWER to FOLLOWER at term 67 for recognizeCandidate:2a93f7e5-ecb9-41da-9c47-70e13ba76d7d
2019-10-17 07:43:13,430 [grpc-default-executor-1] INFO  impl.RoleInfo (RoleInfo.java:shutdownFollowerState(121)) - 37bd8e8c-ea68-4b1c-8659-8d001c4f3b5c: shutdown FollowerState
2019-10-17 07:43:13,430 [grpc-default-executor-0] INFO  impl.RoleInfo (RoleInfo.java:shutdownFollowerState(121)) - 24020d0b-ce61-4f5a-b0b0-c561541e8cd4: shutdown FollowerState
2019-10-17 07:43:13,431 [Thread-941] INFO  impl.FollowerState (FollowerState.java:run(117)) - 37bd8e8c-ea68-4b1c-8659-8d001c4f3b5c@group-A9EE991D717F-FollowerState was interrupted: java.lang.InterruptedException: sleep interrupted
2019-10-17 07:43:13,430 [grpc-default-executor-1] INFO  impl.RoleInfo (RoleInfo.java:updateAndGet(143)) - 37bd8e8c-ea68-4b1c-8659-8d001c4f3b5c: start FollowerState
2019-10-17 07:43:13,431 [Thread-942] INFO  impl.FollowerState (FollowerState.java:run(117)) - 24020d0b-ce61-4f5a-b0b0-c561541e8cd4@group-A9EE991D717F-FollowerState was interrupted: java.lang.InterruptedException: sleep interrupted
2019-10-17 07:43:13,431 [grpc-default-executor-0] INFO  impl.RoleInfo (RoleInfo.java:updateAndGet(143)) - 24020d0b-ce61-4f5a-b0b0-c561541e8cd4: start FollowerState
2019-10-17 07:43:13,449 [2a93f7e5-ecb9-41da-9c47-70e13ba76d7d@group-A9EE991D717F-LeaderElection79] INFO  impl.LeaderElection (LeaderElection.java:logAndReturn(56)) - 2a93f7e5-ecb9-41da-9c47-70e13ba76d7d@group-A9EE991D717F-LeaderElection79: Election REJECTED; received 2 response(s) [2a93f7e5-ecb9-41da-9c47-70e13ba76d7d<-37bd8e8c-ea68-4b1c-8659-8d001c4f3b5c#0:FAIL-t67, 2a93f7e5-ecb9-41da-9c47-70e13ba76d7d<-24020d0b-ce61-4f5a-b0b0-c561541e8cd4#0:FAIL-t67] and 0 exception(s); 2a93f7e5-ecb9-41da-9c47-70e13ba76d7d@group-A9EE991D717F:t67, leader=null, voted=2a93f7e5-ecb9-41da-9c47-70e13ba76d7d, raftlog=2a93f7e5-ecb9-41da-9c47-70e13ba76d7d@group-A9EE991D717F-SegmentedRaftLog:OPENED:c-1,f0,i0, conf=0: [37bd8e8c-ea68-4b1c-8659-8d001c4f3b5c:192.168.34.62:41632, 24020d0b-ce61-4f5a-b0b0-c561541e8cd4:192.168.34.62:42892, 2a93f7e5-ecb9-41da-9c47-70e13ba76d7d:192.168.34.62:35412], old=null
2019-10-17 07:43:13,449 [2a93f7e5-ecb9-41da-9c47-70e13ba76d7d@group-A9EE991D717F-LeaderElection79] INFO  impl.RaftServerImpl (RaftServerImpl.java:setRole(184)) - 2a93f7e5-ecb9-41da-9c47-70e13ba76d7d@group-A9EE991D717F: changes role from CANDIDATE to FOLLOWER at term 67 for DISCOVERED_A_NEW_TERM
2019-10-17 07:43:13,449 [2a93f7e5-ecb9-41da-9c47-70e13ba76d7d@group-A9EE991D717F-LeaderElection79] INFO  impl.RoleInfo (RoleInfo.java:shutdownLeaderElection(134)) - 2a93f7e5-ecb9-41da-9c47-70e13ba76d7d: shutdown LeaderElection
2019-10-17 07:43:13,450 [2a93f7e5-ecb9-41da-9c47-70e13ba76d7d@group-A9EE991D717F-LeaderElection79] INFO  impl.RoleInfo (RoleInfo.java:updateAndGet(143)) - 2a93f7e5-ecb9-41da-9c47-70e13ba76d7d: start FollowerState
2019-10-17 07:43:13,644 [Thread-949] INFO  impl.FollowerState (FollowerState.java:run(108)) - 2a93f7e5-ecb9-41da-9c47-70e13ba76d7d@group-A9EE991D717F-FollowerState: change to CANDIDATE, lastRpcTime:194ms, electionTimeout:194ms
2019-10-17 07:43:13,644 [Thread-949] INFO  impl.RoleInfo (RoleInfo.java:shutdownFollowerState(121)) - 2a93f7e5-ecb9-41da-9c47-70e13ba76d7d: shutdown FollowerState
2019-10-17 07:43:13,644 [Thread-949] INFO  impl.RaftServerImpl (RaftServerImpl.java:setRole(184)) - 2a93f7e5-ecb9-41da-9c47-70e13ba76d7d@group-A9EE991D717F: changes role from  FOLLOWER to CANDIDATE at term 67 for changeToCandidate
2019-10-17 07:43:13,645 [Thread-949] INFO  impl.RoleInfo (RoleInfo.java:updateAndGet(143)) - 2a93f7e5-ecb9-41da-9c47-70e13ba76d7d: start LeaderElection
2019-10-17 07:43:13,669 [2a93f7e5-ecb9-41da-9c47-70e13ba76d7d@group-A9EE991D717F-LeaderElection80] INFO  impl.LeaderElection (LeaderElection.java:askForVotes(178)) - 2a93f7e5-ecb9-41da-9c47-70e13ba76d7d@group-A9EE991D717F-LeaderElection80: begin an election at term 68 for 0: [37bd8e8c-ea68-4b1c-8659-8d001c4f3b5c:192.168.34.62:41632, 24020d0b-ce61-4f5a-b0b0-c561541e8cd4:192.168.34.62:42892, 2a93f7e5-ecb9-41da-9c47-70e13ba76d7d:192.168.34.62:35412], old=null
2019-10-17 07:43:13,671 [grpc-default-executor-0] INFO  impl.RaftServerImpl (RaftServerImpl.java:setRole(184)) - 37bd8e8c-ea68-4b1c-8659-8d001c4f3b5c@group-A9EE991D717F: changes role from  FOLLOWER to FOLLOWER at term 68 for recognizeCandidate:2a93f7e5-ecb9-41da-9c47-70e13ba76d7d
2019-10-17 07:43:13,671 [grpc-default-executor-1] INFO  impl.RaftServerImpl (RaftServerImpl.java:setRole(184)) - 24020d0b-ce61-4f5a-b0b0-c561541e8cd4@group-A9EE991D717F: changes role from  FOLLOWER to FOLLOWER at term 68 for recognizeCandidate:2a93f7e5-ecb9-41da-9c47-70e13ba76d7d
2019-10-17 07:43:13,671 [grpc-default-executor-0] INFO  impl.RoleInfo (RoleInfo.java:shutdownFollowerState(121)) - 37bd8e8c-ea68-4b1c-8659-8d001c4f3b5c: shutdown FollowerState
2019-10-17 07:43:13,672 [grpc-default-executor-1] INFO  impl.RoleInfo (RoleInfo.java:shutdownFollowerState(121)) - 24020d0b-ce61-4f5a-b0b0-c561541e8cd4: shutdown FollowerState
2019-10-17 07:43:13,672 [Thread-947] INFO  impl.FollowerState (FollowerState.java:run(117)) - 37bd8e8c-ea68-4b1c-8659-8d001c4f3b5c@group-A9EE991D717F-FollowerState was interrupted: java.lang.InterruptedException: sleep interrupted
2019-10-17 07:43:13,672 [grpc-default-executor-0] INFO  impl.RoleInfo (RoleInfo.java:updateAndGet(143)) - 37bd8e8c-ea68-4b1c-8659-8d001c4f3b5c: start FollowerState
2019-10-17 07:43:13,672 [Thread-948] INFO  impl.FollowerState (FollowerState.java:run(117)) - 24020d0b-ce61-4f5a-b0b0-c561541e8cd4@group-A9EE991D717F-FollowerState was interrupted: java.lang.InterruptedException: sleep interrupted
2019-10-17 07:43:13,672 [grpc-default-executor-1] INFO  impl.RoleInfo (RoleInfo.java:updateAndGet(143)) - 24020d0b-ce61-4f5a-b0b0-c561541e8cd4: start FollowerState
2019-10-17 07:43:13,697 [2a93f7e5-ecb9-41da-9c47-70e13ba76d7d@group-A9EE991D717F-LeaderElection80] INFO  impl.LeaderElection (LeaderElection.java:logAndReturn(56)) - 2a93f7e5-ecb9-41da-9c47-70e13ba76d7d@group-A9EE991D717F-LeaderElection80: Election REJECTED; received 2 response(s) [2a93f7e5-ecb9-41da-9c47-70e13ba76d7d<-37bd8e8c-ea68-4b1c-8659-8d001c4f3b5c#0:FAIL-t68, 2a93f7e5-ecb9-41da-9c47-70e13ba76d7d<-24020d0b-ce61-4f5a-b0b0-c561541e8cd4#0:FAIL-t68] and 0 exception(s); 2a93f7e5-ecb9-41da-9c47-70e13ba76d7d@group-A9EE991D717F:t68, leader=null, voted=2a93f7e5-ecb9-41da-9c47-70e13ba76d7d, raftlog=2a93f7e5-ecb9-41da-9c47-70e13ba76d7d@group-A9EE991D717F-SegmentedRaftLog:OPENED:c-1,f0,i0, conf=0: [37bd8e8c-ea68-4b1c-8659-8d001c4f3b5c:192.168.34.62:41632, 24020d0b-ce61-4f5a-b0b0-c561541e8cd4:192.168.34.62:42892, 2a93f7e5-ecb9-41da-9c47-70e13ba76d7d:192.168.34.62:35412], old=null
2019-10-17 07:43:13,698 [2a93f7e5-ecb9-41da-9c47-70e13ba76d7d@group-A9EE991D717F-LeaderElection80] INFO  impl.RaftServerImpl (RaftServerImpl.java:setRole(184)) - 2a93f7e5-ecb9-41da-9c47-70e13ba76d7d@group-A9EE991D717F: changes role from CANDIDATE to FOLLOWER at term 68 for DISCOVERED_A_NEW_TERM
2019-10-17 07:43:13,698 [2a93f7e5-ecb9-41da-9c47-70e13ba76d7d@group-A9EE991D717F-LeaderElection80] INFO  impl.RoleInfo (RoleInfo.java:shutdownLeaderElection(134)) - 2a93f7e5-ecb9-41da-9c47-70e13ba76d7d: shutdown LeaderElection
2019-10-17 07:43:13,698 [2a93f7e5-ecb9-41da-9c47-70e13ba76d7d@group-A9EE991D717F-LeaderElection80] INFO  impl.RoleInfo (RoleInfo.java:updateAndGet(143)) - 2a93f7e5-ecb9-41da-9c47-70e13ba76d7d: start FollowerState
2019-10-17 07:43:13,823 [Thread-955] INFO  impl.FollowerState (FollowerState.java:run(108)) - 2a93f7e5-ecb9-41da-9c47-70e13ba76d7d@group-A9EE991D717F-FollowerState: change to CANDIDATE, lastRpcTime:125ms, electionTimeout:125ms
2019-10-17 07:43:13,824 [Thread-955] INFO  impl.RoleInfo (RoleInfo.java:shutdownFollowerState(121)) - 2a93f7e5-ecb9-41da-9c47-70e13ba76d7d: shutdown FollowerState
2019-10-17 07:43:13,824 [Thread-955] INFO  impl.RaftServerImpl (RaftServerImpl.java:setRole(184)) - 2a93f7e5-ecb9-41da-9c47-70e13ba76d7d@group-A9EE991D717F: changes role from  FOLLOWER to CANDIDATE at term 68 for changeToCandidate
2019-10-17 07:43:13,824 [Thread-955] INFO  impl.RoleInfo (RoleInfo.java:updateAndGet(143)) - 2a93f7e5-ecb9-41da-9c47-70e13ba76d7d: start LeaderElection
2019-10-17 07:43:13,851 [2a93f7e5-ecb9-41da-9c47-70e13ba76d7d@group-A9EE991D717F-LeaderElection81] INFO  impl.LeaderElection (LeaderElection.java:askForVotes(178)) - 2a93f7e5-ecb9-41da-9c47-70e13ba76d7d@group-A9EE991D717F-LeaderElection81: begin an election at term 69 for 0: [37bd8e8c-ea68-4b1c-8659-8d001c4f3b5c:192.168.34.62:41632, 24020d0b-ce61-4f5a-b0b0-c561541e8cd4:192.168.34.62:42892, 2a93f7e5-ecb9-41da-9c47-70e13ba76d7d:192.168.34.62:35412], old=null
2019-10-17 07:43:13,854 [grpc-default-executor-0] INFO  impl.RaftServerImpl (RaftServerImpl.java:setRole(184)) - 24020d0b-ce61-4f5a-b0b0-c561541e8cd4@group-A9EE991D717F: changes role from  FOLLOWER to FOLLOWER at term 69 for recognizeCandidate:2a93f7e5-ecb9-41da-9c47-70e13ba76d7d
2019-10-17 07:43:13,854 [grpc-default-executor-0] INFO  impl.RoleInfo (RoleInfo.java:shutdownFollowerState(121)) - 24020d0b-ce61-4f5a-b0b0-c561541e8cd4: shutdown FollowerState
2019-10-17 07:43:13,854 [grpc-default-executor-1] INFO  impl.RaftServerImpl (RaftServerImpl.java:setRole(184)) - 37bd8e8c-ea68-4b1c-8659-8d001c4f3b5c@group-A9EE991D717F: changes role from  FOLLOWER to FOLLOWER at term 69 for recognizeCandidate:2a93f7e5-ecb9-41da-9c47-70e13ba76d7d
2019-10-17 07:43:13,855 [Thread-954] INFO  impl.FollowerState (FollowerState.java:run(117)) - 24020d0b-ce61-4f5a-b0b0-c561541e8cd4@group-A9EE991D717F-FollowerState was interrupted: java.lang.InterruptedException: sleep interrupted
2019-10-17 07:43:13,855 [grpc-default-executor-0] INFO  impl.RoleInfo (RoleInfo.java:updateAndGet(143)) - 24020d0b-ce61-4f5a-b0b0-c561541e8cd4: start FollowerState
2019-10-17 07:43:13,855 [grpc-default-executor-1] INFO  impl.RoleInfo (RoleInfo.java:shutdownFollowerState(121)) - 37bd8e8c-ea68-4b1c-8659-8d001c4f3b5c: shutdown FollowerState
2019-10-17 07:43:13,855 [grpc-default-executor-1] INFO  impl.RoleInfo (RoleInfo.java:updateAndGet(143)) - 37bd8e8c-ea68-4b1c-8659-8d001c4f3b5c: start FollowerState
2019-10-17 07:43:13,855 [Thread-953] INFO  impl.FollowerState (FollowerState.java:run(117)) - 37bd8e8c-ea68-4b1c-8659-8d001c4f3b5c@group-A9EE991D717F-FollowerState was interrupted: java.lang.InterruptedException: sleep interrupted
2019-10-17 07:43:13,873 [2a93f7e5-ecb9-41da-9c47-70e13ba76d7d@group-A9EE991D717F-LeaderElection81] INFO  impl.LeaderElection (LeaderElection.java:logAndReturn(56)) - 2a93f7e5-ecb9-41da-9c47-70e13ba76d7d@group-A9EE991D717F-LeaderElection81: Election REJECTED; received 2 response(s) [2a93f7e5-ecb9-41da-9c47-70e13ba76d7d<-37bd8e8c-ea68-4b1c-8659-8d001c4f3b5c#0:FAIL-t69, 2a93f7e5-ecb9-41da-9c47-70e13ba76d7d<-24020d0b-ce61-4f5a-b0b0-c561541e8cd4#0:FAIL-t69] and 0 exception(s); 2a93f7e5-ecb9-41da-9c47-70e13ba76d7d@group-A9EE991D717F:t69, leader=null, voted=2a93f7e5-ecb9-41da-9c47-70e13ba76d7d, raftlog=2a93f7e5-ecb9-41da-9c47-70e13ba76d7d@group-A9EE991D717F-SegmentedRaftLog:OPENED:c-1,f0,i0, conf=0: [37bd8e8c-ea68-4b1c-8659-8d001c4f3b5c:192.168.34.62:41632, 24020d0b-ce61-4f5a-b0b0-c561541e8cd4:192.168.34.62:42892, 2a93f7e5-ecb9-41da-9c47-70e13ba76d7d:192.168.34.62:35412], old=null
2019-10-17 07:43:13,873 [2a93f7e5-ecb9-41da-9c47-70e13ba76d7d@group-A9EE991D717F-LeaderElection81] INFO  impl.RaftServerImpl (RaftServerImpl.java:setRole(184)) - 2a93f7e5-ecb9-41da-9c47-70e13ba76d7d@group-A9EE991D717F: changes role from CANDIDATE to FOLLOWER at term 69 for DISCOVERED_A_NEW_TERM
2019-10-17 07:43:13,873 [2a93f7e5-ecb9-41da-9c47-70e13ba76d7d@group-A9EE991D717F-LeaderElection81] INFO  impl.RoleInfo (RoleInfo.java:shutdownLeaderElection(134)) - 2a93f7e5-ecb9-41da-9c47-70e13ba76d7d: shutdown LeaderElection
2019-10-17 07:43:13,873 [2a93f7e5-ecb9-41da-9c47-70e13ba76d7d@group-A9EE991D717F-LeaderElection81] INFO  impl.RoleInfo (RoleInfo.java:updateAndGet(143)) - 2a93f7e5-ecb9-41da-9c47-70e13ba76d7d: start FollowerState
2019-10-17 07:43:14,041 [Thread-961] INFO  impl.FollowerState (FollowerState.java:run(108)) - 2a93f7e5-ecb9-41da-9c47-70e13ba76d7d@group-A9EE991D717F-FollowerState: change to CANDIDATE, lastRpcTime:167ms, electionTimeout:167ms
2019-10-17 07:43:14,041 [Thread-961] INFO  impl.RoleInfo (RoleInfo.java:shutdownFollowerState(121)) - 2a93f7e5-ecb9-41da-9c47-70e13ba76d7d: shutdown FollowerState
2019-10-17 07:43:14,041 [Thread-961] INFO  impl.RaftServerImpl (RaftServerImpl.java:setRole(184)) - 2a93f7e5-ecb9-41da-9c47-70e13ba76d7d@group-A9EE991D717F: changes role from  FOLLOWER to CANDIDATE at term 69 for changeToCandidate
2019-10-17 07:43:14,042 [Thread-961] INFO  impl.RoleInfo (RoleInfo.java:updateAndGet(143)) - 2a93f7e5-ecb9-41da-9c47-70e13ba76d7d: start LeaderElection
2019-10-17 07:43:14,065 [2a93f7e5-ecb9-41da-9c47-70e13ba76d7d@group-A9EE991D717F-LeaderElection82] INFO  impl.LeaderElection (LeaderElection.java:askForVotes(178)) - 2a93f7e5-ecb9-41da-9c47-70e13ba76d7d@group-A9EE991D717F-LeaderElection82: begin an election at term 70 for 0: [37bd8e8c-ea68-4b1c-8659-8d001c4f3b5c:192.168.34.62:41632, 24020d0b-ce61-4f5a-b0b0-c561541e8cd4:192.168.34.62:42892, 2a93f7e5-ecb9-41da-9c47-70e13ba76d7d:192.168.34.62:35412], old=null
2019-10-17 07:43:14,069 [grpc-default-executor-1] INFO  impl.RaftServerImpl (RaftServerImpl.java:setRole(184)) - 24020d0b-ce61-4f5a-b0b0-c561541e8cd4@group-A9EE991D717F: changes role from  FOLLOWER to FOLLOWER at term 70 for recognizeCandidate:2a93f7e5-ecb9-41da-9c47-70e13ba76d7d
2019-10-17 07:43:14,069 [grpc-default-executor-1] INFO  impl.RoleInfo (RoleInfo.java:shutdownFollowerState(121)) - 24020d0b-ce61-4f5a-b0b0-c561541e8cd4: shutdown FollowerState
2019-10-17 07:43:14,069 [grpc-default-executor-1] INFO  impl.RoleInfo (RoleInfo.java:updateAndGet(143)) - 24020d0b-ce61-4f5a-b0b0-c561541e8cd4: start FollowerState
2019-10-17 07:43:14,069 [Thread-959] INFO  impl.FollowerState (FollowerState.java:run(117)) - 24020d0b-ce61-4f5a-b0b0-c561541e8cd4@group-A9EE991D717F-FollowerState was interrupted: java.lang.InterruptedException: sleep interrupted
2019-10-17 07:43:14,069 [grpc-default-executor-0] INFO  impl.RaftServerImpl (RaftServerImpl.java:setRole(184)) - 37bd8e8c-ea68-4b1c-8659-8d001c4f3b5c@group-A9EE991D717F: changes role from  FOLLOWER to FOLLOWER at term 70 for recognizeCandidate:2a93f7e5-ecb9-41da-9c47-70e13ba76d7d
2019-10-17 07:43:14,070 [grpc-default-executor-0] INFO  impl.RoleInfo (RoleInfo.java:shutdownFollowerState(121)) - 37bd8e8c-ea68-4b1c-8659-8d001c4f3b5c: shutdown FollowerState
2019-10-17 07:43:14,070 [Thread-960] INFO  impl.FollowerState (FollowerState.java:run(117)) - 37bd8e8c-ea68-4b1c-8659-8d001c4f3b5c@group-A9EE991D717F-FollowerState was interrupted: java.lang.InterruptedException: sleep interrupted
2019-10-17 07:43:14,071 [grpc-default-executor-0] INFO  impl.RoleInfo (RoleInfo.java:updateAndGet(143)) - 37bd8e8c-ea68-4b1c-8659-8d001c4f3b5c: start FollowerState
2019-10-17 07:43:14,085 [2a93f7e5-ecb9-41da-9c47-70e13ba76d7d@group-A9EE991D717F-LeaderElection82] INFO  impl.LeaderElection (LeaderElection.java:logAndReturn(56)) - 2a93f7e5-ecb9-41da-9c47-70e13ba76d7d@group-A9EE991D717F-LeaderElection82: Election REJECTED; received 2 response(s) [2a93f7e5-ecb9-41da-9c47-70e13ba76d7d<-37bd8e8c-ea68-4b1c-8659-8d001c4f3b5c#0:FAIL-t70, 2a93f7e5-ecb9-41da-9c47-70e13ba76d7d<-24020d0b-ce61-4f5a-b0b0-c561541e8cd4#0:FAIL-t70] and 0 exception(s); 2a93f7e5-ecb9-41da-9c47-70e13ba76d7d@group-A9EE991D717F:t70, leader=null, voted=2a93f7e5-ecb9-41da-9c47-70e13ba76d7d, raftlog=2a93f7e5-ecb9-41da-9c47-70e13ba76d7d@group-A9EE991D717F-SegmentedRaftLog:OPENED:c-1,f0,i0, conf=0: [37bd8e8c-ea68-4b1c-8659-8d001c4f3b5c:192.168.34.62:41632, 24020d0b-ce61-4f5a-b0b0-c561541e8cd4:192.168.34.62:42892, 2a93f7e5-ecb9-41da-9c47-70e13ba76d7d:192.168.34.62:35412], old=null
2019-10-17 07:43:14,086 [2a93f7e5-ecb9-41da-9c47-70e13ba76d7d@group-A9EE991D717F-LeaderElection82] INFO  impl.RaftServerImpl (RaftServerImpl.java:setRole(184)) - 2a93f7e5-ecb9-41da-9c47-70e13ba76d7d@group-A9EE991D717F: changes role from CANDIDATE to FOLLOWER at term 70 for DISCOVERED_A_NEW_TERM
2019-10-17 07:43:14,086 [2a93f7e5-ecb9-41da-9c47-70e13ba76d7d@group-A9EE991D717F-LeaderElection82] INFO  impl.RoleInfo (RoleInfo.java:shutdownLeaderElection(134)) - 2a93f7e5-ecb9-41da-9c47-70e13ba76d7d: shutdown LeaderElection
2019-10-17 07:43:14,086 [2a93f7e5-ecb9-41da-9c47-70e13ba76d7d@group-A9EE991D717F-LeaderElection82] INFO  impl.RoleInfo (RoleInfo.java:updateAndGet(143)) - 2a93f7e5-ecb9-41da-9c47-70e13ba76d7d: start FollowerState
2019-10-17 07:43:14,093 [Thread-967] INFO  impl.FollowerState (FollowerState.java:run(108)) - 2a93f7e5-ecb9-41da-9c47-70e13ba76d7d@group-A9EE991D717F-FollowerState: change to CANDIDATE, lastRpcTime:6ms, electionTimeout:6ms
2019-10-17 07:43:14,093 [Thread-967] INFO  impl.RoleInfo (RoleInfo.java:shutdownFollowerState(121)) - 2a93f7e5-ecb9-41da-9c47-70e13ba76d7d: shutdown FollowerState
2019-10-17 07:43:14,093 [Thread-967] INFO  impl.RaftServerImpl (RaftServerImpl.java:setRole(184)) - 2a93f7e5-ecb9-41da-9c47-70e13ba76d7d@group-A9EE991D717F: changes role from  FOLLOWER to CANDIDATE at term 70 for changeToCandidate
2019-10-17 07:43:14,093 [Thread-967] INFO  impl.RoleInfo (RoleInfo.java:updateAndGet(143)) - 2a93f7e5-ecb9-41da-9c47-70e13ba76d7d: start LeaderElection
2019-10-17 07:43:14,107 [2a93f7e5-ecb9-41da-9c47-70e13ba76d7d@group-A9EE991D717F-LeaderElection83] INFO  impl.LeaderElection (LeaderElection.java:askForVotes(178)) - 2a93f7e5-ecb9-41da-9c47-70e13ba76d7d@group-A9EE991D717F-LeaderElection83: begin an election at term 71 for 0: [37bd8e8c-ea68-4b1c-8659-8d001c4f3b5c:192.168.34.62:41632, 24020d0b-ce61-4f5a-b0b0-c561541e8cd4:192.168.34.62:42892, 2a93f7e5-ecb9-41da-9c47-70e13ba76d7d:192.168.34.62:35412], old=null
2019-10-17 07:43:14,110 [grpc-default-executor-1] INFO  impl.RaftServerImpl (RaftServerImpl.java:setRole(184)) - 24020d0b-ce61-4f5a-b0b0-c561541e8cd4@group-A9EE991D717F: changes role from  FOLLOWER to FOLLOWER at term 71 for recognizeCandidate:2a93f7e5-ecb9-41da-9c47-70e13ba76d7d
2019-10-17 07:43:14,110 [grpc-default-executor-0] INFO  impl.RaftServerImpl (RaftServerImpl.java:setRole(184)) - 37bd8e8c-ea68-4b1c-8659-8d001c4f3b5c@group-A9EE991D717F: changes role from  FOLLOWER to FOLLOWER at term 71 for recognizeCandidate:2a93f7e5-ecb9-41da-9c47-70e13ba76d7d
2019-10-17 07:43:14,110 [grpc-default-executor-1] INFO  impl.RoleInfo (RoleInfo.java:shutdownFollowerState(121)) - 24020d0b-ce61-4f5a-b0b0-c561541e8cd4: shutdown FollowerState
2019-10-17 07:43:14,110 [grpc-default-executor-0] INFO  impl.RoleInfo (RoleInfo.java:shutdownFollowerState(121)) - 37bd8e8c-ea68-4b1c-8659-8d001c4f3b5c: shutdown FollowerState
2019-10-17 07:43:14,110 [Thread-965] INFO  impl.FollowerState (FollowerState.java:run(117)) - 24020d0b-ce61-4f5a-b0b0-c561541e8cd4@group-A9EE991D717F-FollowerState was interrupted: java.lang.InterruptedException: sleep interrupted
2019-10-17 07:43:14,111 [Thread-966] INFO  impl.FollowerState (FollowerState.java:run(117)) - 37bd8e8c-ea68-4b1c-8659-8d001c4f3b5c@group-A9EE991D717F-FollowerState was interrupted: java.lang.InterruptedException: sleep interrupted
2019-10-17 07:43:14,110 [grpc-default-executor-1] INFO  impl.RoleInfo (RoleInfo.java:updateAndGet(143)) - 24020d0b-ce61-4f5a-b0b0-c561541e8cd4: start FollowerState
2019-10-17 07:43:14,110 [grpc-default-executor-0] INFO  impl.RoleInfo (RoleInfo.java:updateAndGet(143)) - 37bd8e8c-ea68-4b1c-8659-8d001c4f3b5c: start FollowerState
2019-10-17 07:43:14,127 [2a93f7e5-ecb9-41da-9c47-70e13ba76d7d@group-A9EE991D717F-LeaderElection83] INFO  impl.LeaderElection (LeaderElection.java:logAndReturn(56)) - 2a93f7e5-ecb9-41da-9c47-70e13ba76d7d@group-A9EE991D717F-LeaderElection83: Election REJECTED; received 2 response(s) [2a93f7e5-ecb9-41da-9c47-70e13ba76d7d<-37bd8e8c-ea68-4b1c-8659-8d001c4f3b5c#0:FAIL-t71, 2a93f7e5-ecb9-41da-9c47-70e13ba76d7d<-24020d0b-ce61-4f5a-b0b0-c561541e8cd4#0:FAIL-t71] and 0 exception(s); 2a93f7e5-ecb9-41da-9c47-70e13ba76d7d@group-A9EE991D717F:t71, leader=null, voted=2a93f7e5-ecb9-41da-9c47-70e13ba76d7d, raftlog=2a93f7e5-ecb9-41da-9c47-70e13ba76d7d@group-A9EE991D717F-SegmentedRaftLog:OPENED:c-1,f0,i0, conf=0: [37bd8e8c-ea68-4b1c-8659-8d001c4f3b5c:192.168.34.62:41632, 24020d0b-ce61-4f5a-b0b0-c561541e8cd4:192.168.34.62:42892, 2a93f7e5-ecb9-41da-9c47-70e13ba76d7d:192.168.34.62:35412], old=null
2019-10-17 07:43:14,127 [2a93f7e5-ecb9-41da-9c47-70e13ba76d7d@group-A9EE991D717F-LeaderElection83] INFO  impl.RaftServerImpl (RaftServerImpl.java:setRole(184)) - 2a93f7e5-ecb9-41da-9c47-70e13ba76d7d@group-A9EE991D717F: changes role from CANDIDATE to FOLLOWER at term 71 for DISCOVERED_A_NEW_TERM
2019-10-17 07:43:14,127 [2a93f7e5-ecb9-41da-9c47-70e13ba76d7d@group-A9EE991D717F-LeaderElection83] INFO  impl.RoleInfo (RoleInfo.java:shutdownLeaderElection(134)) - 2a93f7e5-ecb9-41da-9c47-70e13ba76d7d: shutdown LeaderElection
2019-10-17 07:43:14,127 [2a93f7e5-ecb9-41da-9c47-70e13ba76d7d@group-A9EE991D717F-LeaderElection83] INFO  impl.RoleInfo (RoleInfo.java:updateAndGet(143)) - 2a93f7e5-ecb9-41da-9c47-70e13ba76d7d: start FollowerState
2019-10-17 07:43:14,252 [Thread-973] INFO  impl.FollowerState (FollowerState.java:run(108)) - 2a93f7e5-ecb9-41da-9c47-70e13ba76d7d@group-A9EE991D717F-FollowerState: change to CANDIDATE, lastRpcTime:124ms, electionTimeout:124ms
2019-10-17 07:43:14,252 [Thread-973] INFO  impl.RoleInfo (RoleInfo.java:shutdownFollowerState(121)) - 2a93f7e5-ecb9-41da-9c47-70e13ba76d7d: shutdown FollowerState
2019-10-17 07:43:14,252 [Thread-973] INFO  impl.RaftServerImpl (RaftServerImpl.java:setRole(184)) - 2a93f7e5-ecb9-41da-9c47-70e13ba76d7d@group-A9EE991D717F: changes role from  FOLLOWER to CANDIDATE at term 71 for changeToCandidate
2019-10-17 07:43:14,252 [Thread-973] INFO  impl.RoleInfo (RoleInfo.java:updateAndGet(143)) - 2a93f7e5-ecb9-41da-9c47-70e13ba76d7d: start LeaderElection
2019-10-17 07:43:14,276 [2a93f7e5-ecb9-41da-9c47-70e13ba76d7d@group-A9EE991D717F-LeaderElection84] INFO  impl.LeaderElection (LeaderElection.java:askForVotes(178)) - 2a93f7e5-ecb9-41da-9c47-70e13ba76d7d@group-A9EE991D717F-LeaderElection84: begin an election at term 72 for 0: [37bd8e8c-ea68-4b1c-8659-8d001c4f3b5c:192.168.34.62:41632, 24020d0b-ce61-4f5a-b0b0-c561541e8cd4:192.168.34.62:42892, 2a93f7e5-ecb9-41da-9c47-70e13ba76d7d:192.168.34.62:35412], old=null
2019-10-17 07:43:14,279 [grpc-default-executor-0] INFO  impl.RaftServerImpl (RaftServerImpl.java:setRole(184)) - 24020d0b-ce61-4f5a-b0b0-c561541e8cd4@group-A9EE991D717F: changes role from  FOLLOWER to FOLLOWER at term 72 for recognizeCandidate:2a93f7e5-ecb9-41da-9c47-70e13ba76d7d
2019-10-17 07:43:14,280 [grpc-default-executor-1] INFO  impl.RaftServerImpl (RaftServerImpl.java:setRole(184)) - 37bd8e8c-ea68-4b1c-8659-8d001c4f3b5c@group-A9EE991D717F: changes role from  FOLLOWER to FOLLOWER at term 72 for recognizeCandidate:2a93f7e5-ecb9-41da-9c47-70e13ba76d7d
2019-10-17 07:43:14,280 [grpc-default-executor-0] INFO  impl.RoleInfo (RoleInfo.java:shutdownFollowerState(121)) - 24020d0b-ce61-4f5a-b0b0-c561541e8cd4: shutdown FollowerState
2019-10-17 07:43:14,280 [grpc-default-executor-1] INFO  impl.RoleInfo (RoleInfo.java:shutdownFollowerState(121)) - 37bd8e8c-ea68-4b1c-8659-8d001c4f3b5c: shutdown FollowerState
2019-10-17 07:43:14,280 [Thread-971] INFO  impl.FollowerState (FollowerState.java:run(117)) - 24020d0b-ce61-4f5a-b0b0-c561541e8cd4@group-A9EE991D717F-FollowerState was interrupted: java.lang.InterruptedException: sleep interrupted
2019-10-17 07:43:14,280 [grpc-default-executor-0] INFO  impl.RoleInfo (RoleInfo.java:updateAndGet(143)) - 24020d0b-ce61-4f5a-b0b0-c561541e8cd4: start FollowerState
2019-10-17 07:43:14,280 [Thread-972] INFO  impl.FollowerState (FollowerState.java:run(117)) - 37bd8e8c-ea68-4b1c-8659-8d001c4f3b5c@group-A9EE991D717F-FollowerState was interrupted: java.lang.InterruptedException: sleep interrupted
2019-10-17 07:43:14,280 [grpc-default-executor-1] INFO  impl.RoleInfo (RoleInfo.java:updateAndGet(143)) - 37bd8e8c-ea68-4b1c-8659-8d001c4f3b5c: start FollowerState
2019-10-17 07:43:14,295 [2a93f7e5-ecb9-41da-9c47-70e13ba76d7d@group-A9EE991D717F-LeaderElection84] INFO  impl.LeaderElection (LeaderElection.java:logAndReturn(56)) - 2a93f7e5-ecb9-41da-9c47-70e13ba76d7d@group-A9EE991D717F-LeaderElection84: Election REJECTED; received 2 response(s) [2a93f7e5-ecb9-41da-9c47-70e13ba76d7d<-37bd8e8c-ea68-4b1c-8659-8d001c4f3b5c#0:FAIL-t72, 2a93f7e5-ecb9-41da-9c47-70e13ba76d7d<-24020d0b-ce61-4f5a-b0b0-c561541e8cd4#0:FAIL-t72] and 0 exception(s); 2a93f7e5-ecb9-41da-9c47-70e13ba76d7d@group-A9EE991D717F:t72, leader=null, voted=2a93f7e5-ecb9-41da-9c47-70e13ba76d7d, raftlog=2a93f7e5-ecb9-41da-9c47-70e13ba76d7d@group-A9EE991D717F-SegmentedRaftLog:OPENED:c-1,f0,i0, conf=0: [37bd8e8c-ea68-4b1c-8659-8d001c4f3b5c:192.168.34.62:41632, 24020d0b-ce61-4f5a-b0b0-c561541e8cd4:192.168.34.62:42892, 2a93f7e5-ecb9-41da-9c47-70e13ba76d7d:192.168.34.62:35412], old=null
2019-10-17 07:43:14,295 [2a93f7e5-ecb9-41da-9c47-70e13ba76d7d@group-A9EE991D717F-LeaderElection84] INFO  impl.RaftServerImpl (RaftServerImpl.java:setRole(184)) - 2a93f7e5-ecb9-41da-9c47-70e13ba76d7d@group-A9EE991D717F: changes role from CANDIDATE to FOLLOWER at term 72 for DISCOVERED_A_NEW_TERM
2019-10-17 07:43:14,295 [2a93f7e5-ecb9-41da-9c47-70e13ba76d7d@group-A9EE991D717F-LeaderElection84] INFO  impl.RoleInfo (RoleInfo.java:shutdownLeaderElection(134)) - 2a93f7e5-ecb9-41da-9c47-70e13ba76d7d: shutdown LeaderElection
2019-10-17 07:43:14,295 [2a93f7e5-ecb9-41da-9c47-70e13ba76d7d@group-A9EE991D717F-LeaderElection84] INFO  impl.RoleInfo (RoleInfo.java:updateAndGet(143)) - 2a93f7e5-ecb9-41da-9c47-70e13ba76d7d: start FollowerState
2019-10-17 07:43:14,342 [Thread-979] INFO  impl.FollowerState (FollowerState.java:run(108)) - 2a93f7e5-ecb9-41da-9c47-70e13ba76d7d@group-A9EE991D717F-FollowerState: change to CANDIDATE, lastRpcTime:46ms, electionTimeout:46ms
2019-10-17 07:43:14,342 [Thread-979] INFO  impl.RoleInfo (RoleInfo.java:shutdownFollowerState(121)) - 2a93f7e5-ecb9-41da-9c47-70e13ba76d7d: shutdown FollowerState
2019-10-17 07:43:14,342 [Thread-979] INFO  impl.RaftServerImpl (RaftServerImpl.java:setRole(184)) - 2a93f7e5-ecb9-41da-9c47-70e13ba76d7d@group-A9EE991D717F: changes role from  FOLLOWER to CANDIDATE at term 72 for changeToCandidate
2019-10-17 07:43:14,342 [Thread-979] INFO  impl.RoleInfo (RoleInfo.java:updateAndGet(143)) - 2a93f7e5-ecb9-41da-9c47-70e13ba76d7d: start LeaderElection
2019-10-17 07:43:14,366 [2a93f7e5-ecb9-41da-9c47-70e13ba76d7d@group-A9EE991D717F-LeaderElection85] INFO  impl.LeaderElection (LeaderElection.java:askForVotes(178)) - 2a93f7e5-ecb9-41da-9c47-70e13ba76d7d@group-A9EE991D717F-LeaderElection85: begin an election at term 73 for 0: [37bd8e8c-ea68-4b1c-8659-8d001c4f3b5c:192.168.34.62:41632, 24020d0b-ce61-4f5a-b0b0-c561541e8cd4:192.168.34.62:42892, 2a93f7e5-ecb9-41da-9c47-70e13ba76d7d:192.168.34.62:35412], old=null
2019-10-17 07:43:14,369 [grpc-default-executor-0] INFO  impl.RaftServerImpl (RaftServerImpl.java:setRole(184)) - 24020d0b-ce61-4f5a-b0b0-c561541e8cd4@group-A9EE991D717F: changes role from  FOLLOWER to FOLLOWER at term 73 for recognizeCandidate:2a93f7e5-ecb9-41da-9c47-70e13ba76d7d
2019-10-17 07:43:14,369 [grpc-default-executor-0] INFO  impl.RoleInfo (RoleInfo.java:shutdownFollowerState(121)) - 24020d0b-ce61-4f5a-b0b0-c561541e8cd4: shutdown FollowerState
2019-10-17 07:43:14,370 [grpc-default-executor-0] INFO  impl.RoleInfo (RoleInfo.java:updateAndGet(143)) - 24020d0b-ce61-4f5a-b0b0-c561541e8cd4: start FollowerState
2019-10-17 07:43:14,370 [Thread-977] INFO  impl.FollowerState (FollowerState.java:run(117)) - 24020d0b-ce61-4f5a-b0b0-c561541e8cd4@group-A9EE991D717F-FollowerState was interrupted: java.lang.InterruptedException: sleep interrupted
2019-10-17 07:43:14,370 [grpc-default-executor-1] INFO  impl.RaftServerImpl (RaftServerImpl.java:setRole(184)) - 37bd8e8c-ea68-4b1c-8659-8d001c4f3b5c@group-A9EE991D717F: changes role from  FOLLOWER to FOLLOWER at term 73 for recognizeCandidate:2a93f7e5-ecb9-41da-9c47-70e13ba76d7d
2019-10-17 07:43:14,370 [grpc-default-executor-1] INFO  impl.RoleInfo (RoleInfo.java:shutdownFollowerState(121)) - 37bd8e8c-ea68-4b1c-8659-8d001c4f3b5c: shutdown FollowerState
2019-10-17 07:43:14,370 [grpc-default-executor-1] INFO  impl.RoleInfo (RoleInfo.java:updateAndGet(143)) - 37bd8e8c-ea68-4b1c-8659-8d001c4f3b5c: start FollowerState
2019-10-17 07:43:14,370 [Thread-978] INFO  impl.FollowerState (FollowerState.java:run(117)) - 37bd8e8c-ea68-4b1c-8659-8d001c4f3b5c@group-A9EE991D717F-FollowerState was interrupted: java.lang.InterruptedException: sleep interrupted
2019-10-17 07:43:14,385 [2a93f7e5-ecb9-41da-9c47-70e13ba76d7d@group-A9EE991D717F-LeaderElection85] INFO  impl.LeaderElection (LeaderElection.java:logAndReturn(56)) - 2a93f7e5-ecb9-41da-9c47-70e13ba76d7d@group-A9EE991D717F-LeaderElection85: Election REJECTED; received 2 response(s) [2a93f7e5-ecb9-41da-9c47-70e13ba76d7d<-37bd8e8c-ea68-4b1c-8659-8d001c4f3b5c#0:FAIL-t73, 2a93f7e5-ecb9-41da-9c47-70e13ba76d7d<-24020d0b-ce61-4f5a-b0b0-c561541e8cd4#0:FAIL-t73] and 0 exception(s); 2a93f7e5-ecb9-41da-9c47-70e13ba76d7d@group-A9EE991D717F:t73, leader=null, voted=2a93f7e5-ecb9-41da-9c47-70e13ba76d7d, raftlog=2a93f7e5-ecb9-41da-9c47-70e13ba76d7d@group-A9EE991D717F-SegmentedRaftLog:OPENED:c-1,f0,i0, conf=0: [37bd8e8c-ea68-4b1c-8659-8d001c4f3b5c:192.168.34.62:41632, 24020d0b-ce61-4f5a-b0b0-c561541e8cd4:192.168.34.62:42892, 2a93f7e5-ecb9-41da-9c47-70e13ba76d7d:192.168.34.62:35412], old=null
2019-10-17 07:43:14,385 [2a93f7e5-ecb9-41da-9c47-70e13ba76d7d@group-A9EE991D717F-LeaderElection85] INFO  impl.RaftServerImpl (RaftServerImpl.java:setRole(184)) - 2a93f7e5-ecb9-41da-9c47-70e13ba76d7d@group-A9EE991D717F: changes role from CANDIDATE to FOLLOWER at term 73 for DISCOVERED_A_NEW_TERM
2019-10-17 07:43:14,385 [2a93f7e5-ecb9-41da-9c47-70e13ba76d7d@group-A9EE991D717F-LeaderElection85] INFO  impl.RoleInfo (RoleInfo.java:shutdownLeaderElection(134)) - 2a93f7e5-ecb9-41da-9c47-70e13ba76d7d: shutdown LeaderElection
2019-10-17 07:43:14,385 [2a93f7e5-ecb9-41da-9c47-70e13ba76d7d@group-A9EE991D717F-LeaderElection85] INFO  impl.RoleInfo (RoleInfo.java:updateAndGet(143)) - 2a93f7e5-ecb9-41da-9c47-70e13ba76d7d: start FollowerState
2019-10-17 07:43:14,570 [Thread-985] INFO  impl.FollowerState (FollowerState.java:run(108)) - 2a93f7e5-ecb9-41da-9c47-70e13ba76d7d@group-A9EE991D717F-FollowerState: change to CANDIDATE, lastRpcTime:184ms, electionTimeout:184ms
2019-10-17 07:43:14,570 [Thread-985] INFO  impl.RoleInfo (RoleInfo.java:shutdownFollowerState(121)) - 2a93f7e5-ecb9-41da-9c47-70e13ba76d7d: shutdown FollowerState
2019-10-17 07:43:14,570 [Thread-985] INFO  impl.RaftServerImpl (RaftServerImpl.java:setRole(184)) - 2a93f7e5-ecb9-41da-9c47-70e13ba76d7d@group-A9EE991D717F: changes role from  FOLLOWER to CANDIDATE at term 73 for changeToCandidate
2019-10-17 07:43:14,570 [Thread-985] INFO  impl.RoleInfo (RoleInfo.java:updateAndGet(143)) - 2a93f7e5-ecb9-41da-9c47-70e13ba76d7d: start LeaderElection
2019-10-17 07:43:14,594 [2a93f7e5-ecb9-41da-9c47-70e13ba76d7d@group-A9EE991D717F-LeaderElection86] INFO  impl.LeaderElection (LeaderElection.java:askForVotes(178)) - 2a93f7e5-ecb9-41da-9c47-70e13ba76d7d@group-A9EE991D717F-LeaderElection86: begin an election at term 74 for 0: [37bd8e8c-ea68-4b1c-8659-8d001c4f3b5c:192.168.34.62:41632, 24020d0b-ce61-4f5a-b0b0-c561541e8cd4:192.168.34.62:42892, 2a93f7e5-ecb9-41da-9c47-70e13ba76d7d:192.168.34.62:35412], old=null
2019-10-17 07:43:14,597 [grpc-default-executor-1] INFO  impl.RaftServerImpl (RaftServerImpl.java:setRole(184)) - 37bd8e8c-ea68-4b1c-8659-8d001c4f3b5c@group-A9EE991D717F: changes role from  FOLLOWER to FOLLOWER at term 74 for recognizeCandidate:2a93f7e5-ecb9-41da-9c47-70e13ba76d7d
2019-10-17 07:43:14,597 [grpc-default-executor-1] INFO  impl.RoleInfo (RoleInfo.java:shutdownFollowerState(121)) - 37bd8e8c-ea68-4b1c-8659-8d001c4f3b5c: shutdown FollowerState
2019-10-17 07:43:14,597 [grpc-default-executor-0] INFO  impl.RaftServerImpl (RaftServerImpl.java:setRole(184)) - 24020d0b-ce61-4f5a-b0b0-c561541e8cd4@group-A9EE991D717F: changes role from  FOLLOWER to FOLLOWER at term 74 for recognizeCandidate:2a93f7e5-ecb9-41da-9c47-70e13ba76d7d
2019-10-17 07:43:14,597 [Thread-984] INFO  impl.FollowerState (FollowerState.java:run(117)) - 37bd8e8c-ea68-4b1c-8659-8d001c4f3b5c@group-A9EE991D717F-FollowerState was interrupted: java.lang.InterruptedException: sleep interrupted
2019-10-17 07:43:14,597 [grpc-default-executor-1] INFO  impl.RoleInfo (RoleInfo.java:updateAndGet(143)) - 37bd8e8c-ea68-4b1c-8659-8d001c4f3b5c: start FollowerState
2019-10-17 07:43:14,598 [grpc-default-executor-0] INFO  impl.RoleInfo (RoleInfo.java:shutdownFollowerState(121)) - 24020d0b-ce61-4f5a-b0b0-c561541e8cd4: shutdown FollowerState
2019-10-17 07:43:14,598 [grpc-default-executor-0] INFO  impl.RoleInfo (RoleInfo.java:updateAndGet(143)) - 24020d0b-ce61-4f5a-b0b0-c561541e8cd4: start FollowerState
2019-10-17 07:43:14,598 [Thread-983] INFO  impl.FollowerState (FollowerState.java:run(117)) - 24020d0b-ce61-4f5a-b0b0-c561541e8cd4@group-A9EE991D717F-FollowerState was interrupted: java.lang.InterruptedException: sleep interrupted
2019-10-17 07:43:14,623 [2a93f7e5-ecb9-41da-9c47-70e13ba76d7d@group-A9EE991D717F-LeaderElection86] INFO  impl.LeaderElection (LeaderElection.java:logAndReturn(56)) - 2a93f7e5-ecb9-41da-9c47-70e13ba76d7d@group-A9EE991D717F-LeaderElection86: Election REJECTED; received 2 response(s) [2a93f7e5-ecb9-41da-9c47-70e13ba76d7d<-37bd8e8c-ea68-4b1c-8659-8d001c4f3b5c#0:FAIL-t74, 2a93f7e5-ecb9-41da-9c47-70e13ba76d7d<-24020d0b-ce61-4f5a-b0b0-c561541e8cd4#0:FAIL-t74] and 0 exception(s); 2a93f7e5-ecb9-41da-9c47-70e13ba76d7d@group-A9EE991D717F:t74, leader=null, voted=2a93f7e5-ecb9-41da-9c47-70e13ba76d7d, raftlog=2a93f7e5-ecb9-41da-9c47-70e13ba76d7d@group-A9EE991D717F-SegmentedRaftLog:OPENED:c-1,f0,i0, conf=0: [37bd8e8c-ea68-4b1c-8659-8d001c4f3b5c:192.168.34.62:41632, 24020d0b-ce61-4f5a-b0b0-c561541e8cd4:192.168.34.62:42892, 2a93f7e5-ecb9-41da-9c47-70e13ba76d7d:192.168.34.62:35412], old=null
2019-10-17 07:43:14,624 [2a93f7e5-ecb9-41da-9c47-70e13ba76d7d@group-A9EE991D717F-LeaderElection86] INFO  impl.RaftServerImpl (RaftServerImpl.java:setRole(184)) - 2a93f7e5-ecb9-41da-9c47-70e13ba76d7d@group-A9EE991D717F: changes role from CANDIDATE to FOLLOWER at term 74 for DISCOVERED_A_NEW_TERM
2019-10-17 07:43:14,624 [2a93f7e5-ecb9-41da-9c47-70e13ba76d7d@group-A9EE991D717F-LeaderElection86] INFO  impl.RoleInfo (RoleInfo.java:shutdownLeaderElection(134)) - 2a93f7e5-ecb9-41da-9c47-70e13ba76d7d: shutdown LeaderElection
2019-10-17 07:43:14,624 [2a93f7e5-ecb9-41da-9c47-70e13ba76d7d@group-A9EE991D717F-LeaderElection86] INFO  impl.RoleInfo (RoleInfo.java:updateAndGet(143)) - 2a93f7e5-ecb9-41da-9c47-70e13ba76d7d: start FollowerState
2019-10-17 07:43:14,649 [Thread-991] INFO  impl.FollowerState (FollowerState.java:run(108)) - 2a93f7e5-ecb9-41da-9c47-70e13ba76d7d@group-A9EE991D717F-FollowerState: change to CANDIDATE, lastRpcTime:25ms, electionTimeout:25ms
2019-10-17 07:43:14,649 [Thread-991] INFO  impl.RoleInfo (RoleInfo.java:shutdownFollowerState(121)) - 2a93f7e5-ecb9-41da-9c47-70e13ba76d7d: shutdown FollowerState
2019-10-17 07:43:14,650 [Thread-991] INFO  impl.RaftServerImpl (RaftServerImpl.java:setRole(184)) - 2a93f7e5-ecb9-41da-9c47-70e13ba76d7d@group-A9EE991D717F: changes role from  FOLLOWER to CANDIDATE at term 74 for changeToCandidate
2019-10-17 07:43:14,650 [Thread-991] INFO  impl.RoleInfo (RoleInfo.java:updateAndGet(143)) - 2a93f7e5-ecb9-41da-9c47-70e13ba76d7d: start LeaderElection
2019-10-17 07:43:14,666 [2a93f7e5-ecb9-41da-9c47-70e13ba76d7d@group-A9EE991D717F-LeaderElection87] INFO  impl.LeaderElection (LeaderElection.java:askForVotes(178)) - 2a93f7e5-ecb9-41da-9c47-70e13ba76d7d@group-A9EE991D717F-LeaderElection87: begin an election at term 75 for 0: [37bd8e8c-ea68-4b1c-8659-8d001c4f3b5c:192.168.34.62:41632, 24020d0b-ce61-4f5a-b0b0-c561541e8cd4:192.168.34.62:42892, 2a93f7e5-ecb9-41da-9c47-70e13ba76d7d:192.168.34.62:35412], old=null
2019-10-17 07:43:14,669 [grpc-default-executor-1] INFO  impl.RaftServerImpl (RaftServerImpl.java:setRole(184)) - 37bd8e8c-ea68-4b1c-8659-8d001c4f3b5c@group-A9EE991D717F: changes role from  FOLLOWER to FOLLOWER at term 75 for recognizeCandidate:2a93f7e5-ecb9-41da-9c47-70e13ba76d7d
2019-10-17 07:43:14,669 [grpc-default-executor-0] INFO  impl.RaftServerImpl (RaftServerImpl.java:setRole(184)) - 24020d0b-ce61-4f5a-b0b0-c561541e8cd4@group-A9EE991D717F: changes role from  FOLLOWER to FOLLOWER at term 75 for recognizeCandidate:2a93f7e5-ecb9-41da-9c47-70e13ba76d7d
2019-10-17 07:43:14,669 [grpc-default-executor-1] INFO  impl.RoleInfo (RoleInfo.java:shutdownFollowerState(121)) - 37bd8e8c-ea68-4b1c-8659-8d001c4f3b5c: shutdown FollowerState
2019-10-17 07:43:14,670 [grpc-default-executor-0] INFO  impl.RoleInfo (RoleInfo.java:shutdownFollowerState(121)) - 24020d0b-ce61-4f5a-b0b0-c561541e8cd4: shutdown FollowerState
2019-10-17 07:43:14,670 [Thread-989] INFO  impl.FollowerState (FollowerState.java:run(117)) - 37bd8e8c-ea68-4b1c-8659-8d001c4f3b5c@group-A9EE991D717F-FollowerState was interrupted: java.lang.InterruptedException: sleep interrupted
2019-10-17 07:43:14,670 [grpc-default-executor-1] INFO  impl.RoleInfo (RoleInfo.java:updateAndGet(143)) - 37bd8e8c-ea68-4b1c-8659-8d001c4f3b5c: start FollowerState
2019-10-17 07:43:14,670 [Thread-990] INFO  impl.FollowerState (FollowerState.java:run(117)) - 24020d0b-ce61-4f5a-b0b0-c561541e8cd4@group-A9EE991D717F-FollowerState was interrupted: java.lang.InterruptedException: sleep interrupted
2019-10-17 07:43:14,670 [grpc-default-executor-0] INFO  impl.RoleInfo (RoleInfo.java:updateAndGet(143)) - 24020d0b-ce61-4f5a-b0b0-c561541e8cd4: start FollowerState
2019-10-17 07:43:14,704 [2a93f7e5-ecb9-41da-9c47-70e13ba76d7d@group-A9EE991D717F-LeaderElection87] INFO  impl.LeaderElection (LeaderElection.java:logAndReturn(56)) - 2a93f7e5-ecb9-41da-9c47-70e13ba76d7d@group-A9EE991D717F-LeaderElection87: Election REJECTED; received 2 response(s) [2a93f7e5-ecb9-41da-9c47-70e13ba76d7d<-37bd8e8c-ea68-4b1c-8659-8d001c4f3b5c#0:FAIL-t75, 2a93f7e5-ecb9-41da-9c47-70e13ba76d7d<-24020d0b-ce61-4f5a-b0b0-c561541e8cd4#0:FAIL-t75] and 0 exception(s); 2a93f7e5-ecb9-41da-9c47-70e13ba76d7d@group-A9EE991D717F:t75, leader=null, voted=2a93f7e5-ecb9-41da-9c47-70e13ba76d7d, raftlog=2a93f7e5-ecb9-41da-9c47-70e13ba76d7d@group-A9EE991D717F-SegmentedRaftLog:OPENED:c-1,f0,i0, conf=0: [37bd8e8c-ea68-4b1c-8659-8d001c4f3b5c:192.168.34.62:41632, 24020d0b-ce61-4f5a-b0b0-c561541e8cd4:192.168.34.62:42892, 2a93f7e5-ecb9-41da-9c47-70e13ba76d7d:192.168.34.62:35412], old=null
2019-10-17 07:43:14,704 [2a93f7e5-ecb9-41da-9c47-70e13ba76d7d@group-A9EE991D717F-LeaderElection87] INFO  impl.RaftServerImpl (RaftServerImpl.java:setRole(184)) - 2a93f7e5-ecb9-41da-9c47-70e13ba76d7d@group-A9EE991D717F: changes role from CANDIDATE to FOLLOWER at term 75 for DISCOVERED_A_NEW_TERM
2019-10-17 07:43:14,704 [2a93f7e5-ecb9-41da-9c47-70e13ba76d7d@group-A9EE991D717F-LeaderElection87] INFO  impl.RoleInfo (RoleInfo.java:shutdownLeaderElection(134)) - 2a93f7e5-ecb9-41da-9c47-70e13ba76d7d: shutdown LeaderElection
2019-10-17 07:43:14,705 [2a93f7e5-ecb9-41da-9c47-70e13ba76d7d@group-A9EE991D717F-LeaderElection87] INFO  impl.RoleInfo (RoleInfo.java:updateAndGet(143)) - 2a93f7e5-ecb9-41da-9c47-70e13ba76d7d: start FollowerState
2019-10-17 07:43:14,868 [Thread-997] INFO  impl.FollowerState (FollowerState.java:run(108)) - 2a93f7e5-ecb9-41da-9c47-70e13ba76d7d@group-A9EE991D717F-FollowerState: change to CANDIDATE, lastRpcTime:163ms, electionTimeout:163ms
2019-10-17 07:43:14,868 [Thread-997] INFO  impl.RoleInfo (RoleInfo.java:shutdownFollowerState(121)) - 2a93f7e5-ecb9-41da-9c47-70e13ba76d7d: shutdown FollowerState
2019-10-17 07:43:14,868 [Thread-997] INFO  impl.RaftServerImpl (RaftServerImpl.java:setRole(184)) - 2a93f7e5-ecb9-41da-9c47-70e13ba76d7d@group-A9EE991D717F: changes role from  FOLLOWER to CANDIDATE at term 75 for changeToCandidate
2019-10-17 07:43:14,869 [Thread-997] INFO  impl.RoleInfo (RoleInfo.java:updateAndGet(143)) - 2a93f7e5-ecb9-41da-9c47-70e13ba76d7d: start LeaderElection
2019-10-17 07:43:14,893 [2a93f7e5-ecb9-41da-9c47-70e13ba76d7d@group-A9EE991D717F-LeaderElection88] INFO  impl.LeaderElection (LeaderElection.java:askForVotes(178)) - 2a93f7e5-ecb9-41da-9c47-70e13ba76d7d@group-A9EE991D717F-LeaderElection88: begin an election at term 76 for 0: [37bd8e8c-ea68-4b1c-8659-8d001c4f3b5c:192.168.34.62:41632, 24020d0b-ce61-4f5a-b0b0-c561541e8cd4:192.168.34.62:42892, 2a93f7e5-ecb9-41da-9c47-70e13ba76d7d:192.168.34.62:35412], old=null
2019-10-17 07:43:14,896 [grpc-default-executor-1] INFO  impl.RaftServerImpl (RaftServerImpl.java:setRole(184)) - 37bd8e8c-ea68-4b1c-8659-8d001c4f3b5c@group-A9EE991D717F: changes role from  FOLLOWER to FOLLOWER at term 76 for recognizeCandidate:2a93f7e5-ecb9-41da-9c47-70e13ba76d7d
2019-10-17 07:43:14,896 [grpc-default-executor-1] INFO  impl.RoleInfo (RoleInfo.java:shutdownFollowerState(121)) - 37bd8e8c-ea68-4b1c-8659-8d001c4f3b5c: shutdown FollowerState
2019-10-17 07:43:14,896 [grpc-default-executor-1] INFO  impl.RoleInfo (RoleInfo.java:updateAndGet(143)) - 37bd8e8c-ea68-4b1c-8659-8d001c4f3b5c: start FollowerState
2019-10-17 07:43:14,896 [Thread-995] INFO  impl.FollowerState (FollowerState.java:run(117)) - 37bd8e8c-ea68-4b1c-8659-8d001c4f3b5c@group-A9EE991D717F-FollowerState was interrupted: java.lang.InterruptedException: sleep interrupted
2019-10-17 07:43:14,896 [grpc-default-executor-0] INFO  impl.RaftServerImpl (RaftServerImpl.java:setRole(184)) - 24020d0b-ce61-4f5a-b0b0-c561541e8cd4@group-A9EE991D717F: changes role from  FOLLOWER to FOLLOWER at term 76 for recognizeCandidate:2a93f7e5-ecb9-41da-9c47-70e13ba76d7d
2019-10-17 07:43:14,897 [grpc-default-executor-0] INFO  impl.RoleInfo (RoleInfo.java:shutdownFollowerState(121)) - 24020d0b-ce61-4f5a-b0b0-c561541e8cd4: shutdown FollowerState
2019-10-17 07:43:14,897 [grpc-default-executor-0] INFO  impl.RoleInfo (RoleInfo.java:updateAndGet(143)) - 24020d0b-ce61-4f5a-b0b0-c561541e8cd4: start FollowerState
2019-10-17 07:43:14,897 [Thread-996] INFO  impl.FollowerState (FollowerState.java:run(117)) - 24020d0b-ce61-4f5a-b0b0-c561541e8cd4@group-A9EE991D717F-FollowerState was interrupted: java.lang.InterruptedException: sleep interrupted
2019-10-17 07:43:14,910 [2a93f7e5-ecb9-41da-9c47-70e13ba76d7d@group-A9EE991D717F-LeaderElection88] INFO  impl.LeaderElection (LeaderElection.java:logAndReturn(56)) - 2a93f7e5-ecb9-41da-9c47-70e13ba76d7d@group-A9EE991D717F-LeaderElection88: Election REJECTED; received 2 response(s) [2a93f7e5-ecb9-41da-9c47-70e13ba76d7d<-37bd8e8c-ea68-4b1c-8659-8d001c4f3b5c#0:FAIL-t76, 2a93f7e5-ecb9-41da-9c47-70e13ba76d7d<-24020d0b-ce61-4f5a-b0b0-c561541e8cd4#0:FAIL-t76] and 0 exception(s); 2a93f7e5-ecb9-41da-9c47-70e13ba76d7d@group-A9EE991D717F:t76, leader=null, voted=2a93f7e5-ecb9-41da-9c47-70e13ba76d7d, raftlog=2a93f7e5-ecb9-41da-9c47-70e13ba76d7d@group-A9EE991D717F-SegmentedRaftLog:OPENED:c-1,f0,i0, conf=0: [37bd8e8c-ea68-4b1c-8659-8d001c4f3b5c:192.168.34.62:41632, 24020d0b-ce61-4f5a-b0b0-c561541e8cd4:192.168.34.62:42892, 2a93f7e5-ecb9-41da-9c47-70e13ba76d7d:192.168.34.62:35412], old=null
2019-10-17 07:43:14,911 [2a93f7e5-ecb9-41da-9c47-70e13ba76d7d@group-A9EE991D717F-LeaderElection88] INFO  impl.RaftServerImpl (RaftServerImpl.java:setRole(184)) - 2a93f7e5-ecb9-41da-9c47-70e13ba76d7d@group-A9EE991D717F: changes role from CANDIDATE to FOLLOWER at term 76 for DISCOVERED_A_NEW_TERM
2019-10-17 07:43:14,911 [2a93f7e5-ecb9-41da-9c47-70e13ba76d7d@group-A9EE991D717F-LeaderElection88] INFO  impl.RoleInfo (RoleInfo.java:shutdownLeaderElection(134)) - 2a93f7e5-ecb9-41da-9c47-70e13ba76d7d: shutdown LeaderElection
2019-10-17 07:43:14,911 [2a93f7e5-ecb9-41da-9c47-70e13ba76d7d@group-A9EE991D717F-LeaderElection88] INFO  impl.RoleInfo (RoleInfo.java:updateAndGet(143)) - 2a93f7e5-ecb9-41da-9c47-70e13ba76d7d: start FollowerState
2019-10-17 07:43:14,928 [Thread-1003] INFO  impl.FollowerState (FollowerState.java:run(108)) - 2a93f7e5-ecb9-41da-9c47-70e13ba76d7d@group-A9EE991D717F-FollowerState: change to CANDIDATE, lastRpcTime:16ms, electionTimeout:16ms
2019-10-17 07:43:14,928 [Thread-1003] INFO  impl.RoleInfo (RoleInfo.java:shutdownFollowerState(121)) - 2a93f7e5-ecb9-41da-9c47-70e13ba76d7d: shutdown FollowerState
2019-10-17 07:43:14,928 [Thread-1003] INFO  impl.RaftServerImpl (RaftServerImpl.java:setRole(184)) - 2a93f7e5-ecb9-41da-9c47-70e13ba76d7d@group-A9EE991D717F: changes role from  FOLLOWER to CANDIDATE at term 76 for changeToCandidate
2019-10-17 07:43:14,928 [Thread-1003] INFO  impl.RoleInfo (RoleInfo.java:updateAndGet(143)) - 2a93f7e5-ecb9-41da-9c47-70e13ba76d7d: start LeaderElection
2019-10-17 07:43:14,961 [2a93f7e5-ecb9-41da-9c47-70e13ba76d7d@group-A9EE991D717F-LeaderElection89] INFO  impl.LeaderElection (LeaderElection.java:askForVotes(178)) - 2a93f7e5-ecb9-41da-9c47-70e13ba76d7d@group-A9EE991D717F-LeaderElection89: begin an election at term 77 for 0: [37bd8e8c-ea68-4b1c-8659-8d001c4f3b5c:192.168.34.62:41632, 24020d0b-ce61-4f5a-b0b0-c561541e8cd4:192.168.34.62:42892, 2a93f7e5-ecb9-41da-9c47-70e13ba76d7d:192.168.34.62:35412], old=null
2019-10-17 07:43:14,964 [grpc-default-executor-1] INFO  impl.RaftServerImpl (RaftServerImpl.java:setRole(184)) - 37bd8e8c-ea68-4b1c-8659-8d001c4f3b5c@group-A9EE991D717F: changes role from  FOLLOWER to FOLLOWER at term 77 for recognizeCandidate:2a93f7e5-ecb9-41da-9c47-70e13ba76d7d
2019-10-17 07:43:14,964 [grpc-default-executor-1] INFO  impl.RoleInfo (RoleInfo.java:shutdownFollowerState(121)) - 37bd8e8c-ea68-4b1c-8659-8d001c4f3b5c: shutdown FollowerState
2019-10-17 07:43:14,964 [grpc-default-executor-0] INFO  impl.RaftServerImpl (RaftServerImpl.java:setRole(184)) - 24020d0b-ce61-4f5a-b0b0-c561541e8cd4@group-A9EE991D717F: changes role from  FOLLOWER to FOLLOWER at term 77 for recognizeCandidate:2a93f7e5-ecb9-41da-9c47-70e13ba76d7d
2019-10-17 07:43:14,964 [grpc-default-executor-1] INFO  impl.RoleInfo (RoleInfo.java:updateAndGet(143)) - 37bd8e8c-ea68-4b1c-8659-8d001c4f3b5c: start FollowerState
2019-10-17 07:43:14,965 [grpc-default-executor-0] INFO  impl.RoleInfo (RoleInfo.java:shutdownFollowerState(121)) - 24020d0b-ce61-4f5a-b0b0-c561541e8cd4: shutdown FollowerState
2019-10-17 07:43:14,964 [Thread-1001] INFO  impl.FollowerState (FollowerState.java:run(117)) - 37bd8e8c-ea68-4b1c-8659-8d001c4f3b5c@group-A9EE991D717F-FollowerState was interrupted: java.lang.InterruptedException: sleep interrupted
2019-10-17 07:43:14,965 [Thread-1002] INFO  impl.FollowerState (FollowerState.java:run(117)) - 24020d0b-ce61-4f5a-b0b0-c561541e8cd4@group-A9EE991D717F-FollowerState was interrupted: java.lang.InterruptedException: sleep interrupted
2019-10-17 07:43:14,965 [grpc-default-executor-0] INFO  impl.RoleInfo (RoleInfo.java:updateAndGet(143)) - 24020d0b-ce61-4f5a-b0b0-c561541e8cd4: start FollowerState
2019-10-17 07:43:14,991 [2a93f7e5-ecb9-41da-9c47-70e13ba76d7d@group-A9EE991D717F-LeaderElection89] INFO  impl.LeaderElection (LeaderElection.java:logAndReturn(56)) - 2a93f7e5-ecb9-41da-9c47-70e13ba76d7d@group-A9EE991D717F-LeaderElection89: Election REJECTED; received 2 response(s) [2a93f7e5-ecb9-41da-9c47-70e13ba76d7d<-37bd8e8c-ea68-4b1c-8659-8d001c4f3b5c#0:FAIL-t77, 2a93f7e5-ecb9-41da-9c47-70e13ba76d7d<-24020d0b-ce61-4f5a-b0b0-c561541e8cd4#0:FAIL-t77] and 0 exception(s); 2a93f7e5-ecb9-41da-9c47-70e13ba76d7d@group-A9EE991D717F:t77, leader=null, voted=2a93f7e5-ecb9-41da-9c47-70e13ba76d7d, raftlog=2a93f7e5-ecb9-41da-9c47-70e13ba76d7d@group-A9EE991D717F-SegmentedRaftLog:OPENED:c-1,f0,i0, conf=0: [37bd8e8c-ea68-4b1c-8659-8d001c4f3b5c:192.168.34.62:41632, 24020d0b-ce61-4f5a-b0b0-c561541e8cd4:192.168.34.62:42892, 2a93f7e5-ecb9-41da-9c47-70e13ba76d7d:192.168.34.62:35412], old=null
2019-10-17 07:43:14,991 [2a93f7e5-ecb9-41da-9c47-70e13ba76d7d@group-A9EE991D717F-LeaderElection89] INFO  impl.RaftServerImpl (RaftServerImpl.java:setRole(184)) - 2a93f7e5-ecb9-41da-9c47-70e13ba76d7d@group-A9EE991D717F: changes role from CANDIDATE to FOLLOWER at term 77 for DISCOVERED_A_NEW_TERM
2019-10-17 07:43:14,991 [2a93f7e5-ecb9-41da-9c47-70e13ba76d7d@group-A9EE991D717F-LeaderElection89] INFO  impl.RoleInfo (RoleInfo.java:shutdownLeaderElection(134)) - 2a93f7e5-ecb9-41da-9c47-70e13ba76d7d: shutdown LeaderElection
2019-10-17 07:43:14,992 [2a93f7e5-ecb9-41da-9c47-70e13ba76d7d@group-A9EE991D717F-LeaderElection89] INFO  impl.RoleInfo (RoleInfo.java:updateAndGet(143)) - 2a93f7e5-ecb9-41da-9c47-70e13ba76d7d: start FollowerState
2019-10-17 07:43:15,115 [Thread-1009] INFO  impl.FollowerState (FollowerState.java:run(108)) - 2a93f7e5-ecb9-41da-9c47-70e13ba76d7d@group-A9EE991D717F-FollowerState: change to CANDIDATE, lastRpcTime:123ms, electionTimeout:123ms
2019-10-17 07:43:15,116 [Thread-1009] INFO  impl.RoleInfo (RoleInfo.java:shutdownFollowerState(121)) - 2a93f7e5-ecb9-41da-9c47-70e13ba76d7d: shutdown FollowerState
2019-10-17 07:43:15,116 [Thread-1009] INFO  impl.RaftServerImpl (RaftServerImpl.java:setRole(184)) - 2a93f7e5-ecb9-41da-9c47-70e13ba76d7d@group-A9EE991D717F: changes role from  FOLLOWER to CANDIDATE at term 77 for changeToCandidate
2019-10-17 07:43:15,116 [Thread-1009] INFO  impl.RoleInfo (RoleInfo.java:updateAndGet(143)) - 2a93f7e5-ecb9-41da-9c47-70e13ba76d7d: start LeaderElection
2019-10-17 07:43:15,140 [2a93f7e5-ecb9-41da-9c47-70e13ba76d7d@group-A9EE991D717F-LeaderElection90] INFO  impl.LeaderElection (LeaderElection.java:askForVotes(178)) - 2a93f7e5-ecb9-41da-9c47-70e13ba76d7d@group-A9EE991D717F-LeaderElection90: begin an election at term 78 for 0: [37bd8e8c-ea68-4b1c-8659-8d001c4f3b5c:192.168.34.62:41632, 24020d0b-ce61-4f5a-b0b0-c561541e8cd4:192.168.34.62:42892, 2a93f7e5-ecb9-41da-9c47-70e13ba76d7d:192.168.34.62:35412], old=null
2019-10-17 07:43:15,144 [grpc-default-executor-1] INFO  impl.RaftServerImpl (RaftServerImpl.java:setRole(184)) - 37bd8e8c-ea68-4b1c-8659-8d001c4f3b5c@group-A9EE991D717F: changes role from  FOLLOWER to FOLLOWER at term 78 for recognizeCandidate:2a93f7e5-ecb9-41da-9c47-70e13ba76d7d
2019-10-17 07:43:15,144 [grpc-default-executor-1] INFO  impl.RoleInfo (RoleInfo.java:shutdownFollowerState(121)) - 37bd8e8c-ea68-4b1c-8659-8d001c4f3b5c: shutdown FollowerState
2019-10-17 07:43:15,144 [grpc-default-executor-0] INFO  impl.RaftServerImpl (RaftServerImpl.java:setRole(184)) - 24020d0b-ce61-4f5a-b0b0-c561541e8cd4@group-A9EE991D717F: changes role from  FOLLOWER to FOLLOWER at term 78 for recognizeCandidate:2a93f7e5-ecb9-41da-9c47-70e13ba76d7d
2019-10-17 07:43:15,145 [Thread-1007] INFO  impl.FollowerState (FollowerState.java:run(117)) - 37bd8e8c-ea68-4b1c-8659-8d001c4f3b5c@group-A9EE991D717F-FollowerState was interrupted: java.lang.InterruptedException: sleep interrupted
2019-10-17 07:43:15,145 [grpc-default-executor-1] INFO  impl.RoleInfo (RoleInfo.java:updateAndGet(143)) - 37bd8e8c-ea68-4b1c-8659-8d001c4f3b5c: start FollowerState
2019-10-17 07:43:15,145 [grpc-default-executor-0] INFO  impl.RoleInfo (RoleInfo.java:shutdownFollowerState(121)) - 24020d0b-ce61-4f5a-b0b0-c561541e8cd4: shutdown FollowerState
2019-10-17 07:43:15,145 [grpc-default-executor-0] INFO  impl.RoleInfo (RoleInfo.java:updateAndGet(143)) - 24020d0b-ce61-4f5a-b0b0-c561541e8cd4: start FollowerState
2019-10-17 07:43:15,146 [Thread-1008] INFO  impl.FollowerState (FollowerState.java:run(117)) - 24020d0b-ce61-4f5a-b0b0-c561541e8cd4@group-A9EE991D717F-FollowerState was interrupted: java.lang.InterruptedException: sleep interrupted
2019-10-17 07:43:15,165 [2a93f7e5-ecb9-41da-9c47-70e13ba76d7d@group-A9EE991D717F-LeaderElection90] INFO  impl.LeaderElection (LeaderElection.java:logAndReturn(56)) - 2a93f7e5-ecb9-41da-9c47-70e13ba76d7d@group-A9EE991D717F-LeaderElection90: Election REJECTED; received 2 response(s) [2a93f7e5-ecb9-41da-9c47-70e13ba76d7d<-37bd8e8c-ea68-4b1c-8659-8d001c4f3b5c#0:FAIL-t78, 2a93f7e5-ecb9-41da-9c47-70e13ba76d7d<-24020d0b-ce61-4f5a-b0b0-c561541e8cd4#0:FAIL-t78] and 0 exception(s); 2a93f7e5-ecb9-41da-9c47-70e13ba76d7d@group-A9EE991D717F:t78, leader=null, voted=2a93f7e5-ecb9-41da-9c47-70e13ba76d7d, raftlog=2a93f7e5-ecb9-41da-9c47-70e13ba76d7d@group-A9EE991D717F-SegmentedRaftLog:OPENED:c-1,f0,i0, conf=0: [37bd8e8c-ea68-4b1c-8659-8d001c4f3b5c:192.168.34.62:41632, 24020d0b-ce61-4f5a-b0b0-c561541e8cd4:192.168.34.62:42892, 2a93f7e5-ecb9-41da-9c47-70e13ba76d7d:192.168.34.62:35412], old=null
2019-10-17 07:43:15,166 [2a93f7e5-ecb9-41da-9c47-70e13ba76d7d@group-A9EE991D717F-LeaderElection90] INFO  impl.RaftServerImpl (RaftServerImpl.java:setRole(184)) - 2a93f7e5-ecb9-41da-9c47-70e13ba76d7d@group-A9EE991D717F: changes role from CANDIDATE to FOLLOWER at term 78 for DISCOVERED_A_NEW_TERM
2019-10-17 07:43:15,166 [2a93f7e5-ecb9-41da-9c47-70e13ba76d7d@group-A9EE991D717F-LeaderElection90] INFO  impl.RoleInfo (RoleInfo.java:shutdownLeaderElection(134)) - 2a93f7e5-ecb9-41da-9c47-70e13ba76d7d: shutdown LeaderElection
2019-10-17 07:43:15,166 [2a93f7e5-ecb9-41da-9c47-70e13ba76d7d@group-A9EE991D717F-LeaderElection90] INFO  impl.RoleInfo (RoleInfo.java:updateAndGet(143)) - 2a93f7e5-ecb9-41da-9c47-70e13ba76d7d: start FollowerState
2019-10-17 07:43:15,300 [Thread-1015] INFO  impl.FollowerState (FollowerState.java:run(108)) - 2a93f7e5-ecb9-41da-9c47-70e13ba76d7d@group-A9EE991D717F-FollowerState: change to CANDIDATE, lastRpcTime:133ms, electionTimeout:133ms
2019-10-17 07:43:15,300 [Thread-1015] INFO  impl.RoleInfo (RoleInfo.java:shutdownFollowerState(121)) - 2a93f7e5-ecb9-41da-9c47-70e13ba76d7d: shutdown FollowerState
2019-10-17 07:43:15,300 [Thread-1015] INFO  impl.RaftServerImpl (RaftServerImpl.java:setRole(184)) - 2a93f7e5-ecb9-41da-9c47-70e13ba76d7d@group-A9EE991D717F: changes role from  FOLLOWER to CANDIDATE at term 78 for changeToCandidate
2019-10-17 07:43:15,300 [Thread-1015] INFO  impl.RoleInfo (RoleInfo.java:updateAndGet(143)) - 2a93f7e5-ecb9-41da-9c47-70e13ba76d7d: start LeaderElection
2019-10-17 07:43:15,324 [2a93f7e5-ecb9-41da-9c47-70e13ba76d7d@group-A9EE991D717F-LeaderElection91] INFO  impl.LeaderElection (LeaderElection.java:askForVotes(178)) - 2a93f7e5-ecb9-41da-9c47-70e13ba76d7d@group-A9EE991D717F-LeaderElection91: begin an election at term 79 for 0: [37bd8e8c-ea68-4b1c-8659-8d001c4f3b5c:192.168.34.62:41632, 24020d0b-ce61-4f5a-b0b0-c561541e8cd4:192.168.34.62:42892, 2a93f7e5-ecb9-41da-9c47-70e13ba76d7d:192.168.34.62:35412], old=null
2019-10-17 07:43:15,328 [grpc-default-executor-1] INFO  impl.RaftServerImpl (RaftServerImpl.java:setRole(184)) - 37bd8e8c-ea68-4b1c-8659-8d001c4f3b5c@group-A9EE991D717F: changes role from  FOLLOWER to FOLLOWER at term 79 for recognizeCandidate:2a93f7e5-ecb9-41da-9c47-70e13ba76d7d
2019-10-17 07:43:15,328 [grpc-default-executor-0] INFO  impl.RaftServerImpl (RaftServerImpl.java:setRole(184)) - 24020d0b-ce61-4f5a-b0b0-c561541e8cd4@group-A9EE991D717F: changes role from  FOLLOWER to FOLLOWER at term 79 for recognizeCandidate:2a93f7e5-ecb9-41da-9c47-70e13ba76d7d
2019-10-17 07:43:15,328 [grpc-default-executor-1] INFO  impl.RoleInfo (RoleInfo.java:shutdownFollowerState(121)) - 37bd8e8c-ea68-4b1c-8659-8d001c4f3b5c: shutdown FollowerState
2019-10-17 07:43:15,328 [grpc-default-executor-0] INFO  impl.RoleInfo (RoleInfo.java:shutdownFollowerState(121)) - 24020d0b-ce61-4f5a-b0b0-c561541e8cd4: shutdown FollowerState
2019-10-17 07:43:15,328 [Thread-1013] INFO  impl.FollowerState (FollowerState.java:run(117)) - 37bd8e8c-ea68-4b1c-8659-8d001c4f3b5c@group-A9EE991D717F-FollowerState was interrupted: java.lang.InterruptedException: sleep interrupted
2019-10-17 07:43:15,328 [grpc-default-executor-1] INFO  impl.RoleInfo (RoleInfo.java:updateAndGet(143)) - 37bd8e8c-ea68-4b1c-8659-8d001c4f3b5c: start FollowerState
2019-10-17 07:43:15,328 [Thread-1014] INFO  impl.FollowerState (FollowerState.java:run(117)) - 24020d0b-ce61-4f5a-b0b0-c561541e8cd4@group-A9EE991D717F-FollowerState was interrupted: java.lang.InterruptedException: sleep interrupted
2019-10-17 07:43:15,328 [grpc-default-executor-0] INFO  impl.RoleInfo (RoleInfo.java:updateAndGet(143)) - 24020d0b-ce61-4f5a-b0b0-c561541e8cd4: start FollowerState
2019-10-17 07:43:15,350 [2a93f7e5-ecb9-41da-9c47-70e13ba76d7d@group-A9EE991D717F-LeaderElection91] INFO  impl.LeaderElection (LeaderElection.java:logAndReturn(56)) - 2a93f7e5-ecb9-41da-9c47-70e13ba76d7d@group-A9EE991D717F-LeaderElection91: Election REJECTED; received 2 response(s) [2a93f7e5-ecb9-41da-9c47-70e13ba76d7d<-37bd8e8c-ea68-4b1c-8659-8d001c4f3b5c#0:FAIL-t79, 2a93f7e5-ecb9-41da-9c47-70e13ba76d7d<-24020d0b-ce61-4f5a-b0b0-c561541e8cd4#0:FAIL-t79] and 0 exception(s); 2a93f7e5-ecb9-41da-9c47-70e13ba76d7d@group-A9EE991D717F:t79, leader=null, voted=2a93f7e5-ecb9-41da-9c47-70e13ba76d7d, raftlog=2a93f7e5-ecb9-41da-9c47-70e13ba76d7d@group-A9EE991D717F-SegmentedRaftLog:OPENED:c-1,f0,i0, conf=0: [37bd8e8c-ea68-4b1c-8659-8d001c4f3b5c:192.168.34.62:41632, 24020d0b-ce61-4f5a-b0b0-c561541e8cd4:192.168.34.62:42892, 2a93f7e5-ecb9-41da-9c47-70e13ba76d7d:192.168.34.62:35412], old=null
2019-10-17 07:43:15,350 [2a93f7e5-ecb9-41da-9c47-70e13ba76d7d@group-A9EE991D717F-LeaderElection91] INFO  impl.RaftServerImpl (RaftServerImpl.java:setRole(184)) - 2a93f7e5-ecb9-41da-9c47-70e13ba76d7d@group-A9EE991D717F: changes role from CANDIDATE to FOLLOWER at term 79 for DISCOVERED_A_NEW_TERM
2019-10-17 07:43:15,350 [2a93f7e5-ecb9-41da-9c47-70e13ba76d7d@group-A9EE991D717F-LeaderElection91] INFO  impl.RoleInfo (RoleInfo.java:shutdownLeaderElection(134)) - 2a93f7e5-ecb9-41da-9c47-70e13ba76d7d: shutdown LeaderElection
2019-10-17 07:43:15,351 [2a93f7e5-ecb9-41da-9c47-70e13ba76d7d@group-A9EE991D717F-LeaderElection91] INFO  impl.RoleInfo (RoleInfo.java:updateAndGet(143)) - 2a93f7e5-ecb9-41da-9c47-70e13ba76d7d: start FollowerState
2019-10-17 07:43:15,392 [Thread-1021] INFO  impl.FollowerState (FollowerState.java:run(108)) - 2a93f7e5-ecb9-41da-9c47-70e13ba76d7d@group-A9EE991D717F-FollowerState: change to CANDIDATE, lastRpcTime:41ms, electionTimeout:41ms
2019-10-17 07:43:15,392 [Thread-1021] INFO  impl.RoleInfo (RoleInfo.java:shutdownFollowerState(121)) - 2a93f7e5-ecb9-41da-9c47-70e13ba76d7d: shutdown FollowerState
2019-10-17 07:43:15,392 [Thread-1021] INFO  impl.RaftServerImpl (RaftServerImpl.java:setRole(184)) - 2a93f7e5-ecb9-41da-9c47-70e13ba76d7d@group-A9EE991D717F: changes role from  FOLLOWER to CANDIDATE at term 79 for changeToCandidate
2019-10-17 07:43:15,393 [Thread-1021] INFO  impl.RoleInfo (RoleInfo.java:updateAndGet(143)) - 2a93f7e5-ecb9-41da-9c47-70e13ba76d7d: start LeaderElection
2019-10-17 07:43:15,417 [2a93f7e5-ecb9-41da-9c47-70e13ba76d7d@group-A9EE991D717F-LeaderElection92] INFO  impl.LeaderElection (LeaderElection.java:askForVotes(178)) - 2a93f7e5-ecb9-41da-9c47-70e13ba76d7d@group-A9EE991D717F-LeaderElection92: begin an election at term 80 for 0: [37bd8e8c-ea68-4b1c-8659-8d001c4f3b5c:192.168.34.62:41632, 24020d0b-ce61-4f5a-b0b0-c561541e8cd4:192.168.34.62:42892, 2a93f7e5-ecb9-41da-9c47-70e13ba76d7d:192.168.34.62:35412], old=null
2019-10-17 07:43:15,420 [grpc-default-executor-0] INFO  impl.RaftServerImpl (RaftServerImpl.java:setRole(184)) - 37bd8e8c-ea68-4b1c-8659-8d001c4f3b5c@group-A9EE991D717F: changes role from  FOLLOWER to FOLLOWER at term 80 for recognizeCandidate:2a93f7e5-ecb9-41da-9c47-70e13ba76d7d
2019-10-17 07:43:15,420 [grpc-default-executor-0] INFO  impl.RoleInfo (RoleInfo.java:shutdownFollowerState(121)) - 37bd8e8c-ea68-4b1c-8659-8d001c4f3b5c: shutdown FollowerState
2019-10-17 07:43:15,420 [grpc-default-executor-1] INFO  impl.RaftServerImpl (RaftServerImpl.java:setRole(184)) - 24020d0b-ce61-4f5a-b0b0-c561541e8cd4@group-A9EE991D717F: changes role from  FOLLOWER to FOLLOWER at term 80 for recognizeCandidate:2a93f7e5-ecb9-41da-9c47-70e13ba76d7d
2019-10-17 07:43:15,420 [Thread-1019] INFO  impl.FollowerState (FollowerState.java:run(117)) - 37bd8e8c-ea68-4b1c-8659-8d001c4f3b5c@group-A9EE991D717F-FollowerState was interrupted: java.lang.InterruptedException: sleep interrupted
2019-10-17 07:43:15,420 [grpc-default-executor-0] INFO  impl.RoleInfo (RoleInfo.java:updateAndGet(143)) - 37bd8e8c-ea68-4b1c-8659-8d001c4f3b5c: start FollowerState
2019-10-17 07:43:15,420 [grpc-default-executor-1] INFO  impl.RoleInfo (RoleInfo.java:shutdownFollowerState(121)) - 24020d0b-ce61-4f5a-b0b0-c561541e8cd4: shutdown FollowerState
2019-10-17 07:43:15,421 [grpc-default-executor-1] INFO  impl.RoleInfo (RoleInfo.java:updateAndGet(143)) - 24020d0b-ce61-4f5a-b0b0-c561541e8cd4: start FollowerState
2019-10-17 07:43:15,421 [Thread-1020] INFO  impl.FollowerState (FollowerState.java:run(117)) - 24020d0b-ce61-4f5a-b0b0-c561541e8cd4@group-A9EE991D717F-FollowerState was interrupted: java.lang.InterruptedException: sleep interrupted
2019-10-17 07:43:15,446 [2a93f7e5-ecb9-41da-9c47-70e13ba76d7d@group-A9EE991D717F-LeaderElection92] INFO  impl.LeaderElection (LeaderElection.java:logAndReturn(56)) - 2a93f7e5-ecb9-41da-9c47-70e13ba76d7d@group-A9EE991D717F-LeaderElection92: Election REJECTED; received 2 response(s) [2a93f7e5-ecb9-41da-9c47-70e13ba76d7d<-37bd8e8c-ea68-4b1c-8659-8d001c4f3b5c#0:FAIL-t80, 2a93f7e5-ecb9-41da-9c47-70e13ba76d7d<-24020d0b-ce61-4f5a-b0b0-c561541e8cd4#0:FAIL-t80] and 0 exception(s); 2a93f7e5-ecb9-41da-9c47-70e13ba76d7d@group-A9EE991D717F:t80, leader=null, voted=2a93f7e5-ecb9-41da-9c47-70e13ba76d7d, raftlog=2a93f7e5-ecb9-41da-9c47-70e13ba76d7d@group-A9EE991D717F-SegmentedRaftLog:OPENED:c-1,f0,i0, conf=0: [37bd8e8c-ea68-4b1c-8659-8d001c4f3b5c:192.168.34.62:41632, 24020d0b-ce61-4f5a-b0b0-c561541e8cd4:192.168.34.62:42892, 2a93f7e5-ecb9-41da-9c47-70e13ba76d7d:192.168.34.62:35412], old=null
2019-10-17 07:43:15,446 [2a93f7e5-ecb9-41da-9c47-70e13ba76d7d@group-A9EE991D717F-LeaderElection92] INFO  impl.RaftServerImpl (RaftServerImpl.java:setRole(184)) - 2a93f7e5-ecb9-41da-9c47-70e13ba76d7d@group-A9EE991D717F: changes role from CANDIDATE to FOLLOWER at term 80 for DISCOVERED_A_NEW_TERM
2019-10-17 07:43:15,446 [2a93f7e5-ecb9-41da-9c47-70e13ba76d7d@group-A9EE991D717F-LeaderElection92] INFO  impl.RoleInfo (RoleInfo.java:shutdownLeaderElection(134)) - 2a93f7e5-ecb9-41da-9c47-70e13ba76d7d: shutdown LeaderElection
2019-10-17 07:43:15,446 [2a93f7e5-ecb9-41da-9c47-70e13ba76d7d@group-A9EE991D717F-LeaderElection92] INFO  impl.RoleInfo (RoleInfo.java:updateAndGet(143)) - 2a93f7e5-ecb9-41da-9c47-70e13ba76d7d: start FollowerState
2019-10-17 07:43:15,458 [Thread-1027] INFO  impl.FollowerState (FollowerState.java:run(108)) - 2a93f7e5-ecb9-41da-9c47-70e13ba76d7d@group-A9EE991D717F-FollowerState: change to CANDIDATE, lastRpcTime:11ms, electionTimeout:11ms
2019-10-17 07:43:15,458 [Thread-1027] INFO  impl.RoleInfo (RoleInfo.java:shutdownFollowerState(121)) - 2a93f7e5-ecb9-41da-9c47-70e13ba76d7d: shutdown FollowerState
2019-10-17 07:43:15,458 [Thread-1027] INFO  impl.RaftServerImpl (RaftServerImpl.java:setRole(184)) - 2a93f7e5-ecb9-41da-9c47-70e13ba76d7d@group-A9EE991D717F: changes role from  FOLLOWER to CANDIDATE at term 80 for changeToCandidate
2019-10-17 07:43:15,458 [Thread-1027] INFO  impl.RoleInfo (RoleInfo.java:updateAndGet(143)) - 2a93f7e5-ecb9-41da-9c47-70e13ba76d7d: start LeaderElection
2019-10-17 07:43:15,482 [2a93f7e5-ecb9-41da-9c47-70e13ba76d7d@group-A9EE991D717F-LeaderElection93] INFO  impl.LeaderElection (LeaderElection.java:askForVotes(178)) - 2a93f7e5-ecb9-41da-9c47-70e13ba76d7d@group-A9EE991D717F-LeaderElection93: begin an election at term 81 for 0: [37bd8e8c-ea68-4b1c-8659-8d001c4f3b5c:192.168.34.62:41632, 24020d0b-ce61-4f5a-b0b0-c561541e8cd4:192.168.34.62:42892, 2a93f7e5-ecb9-41da-9c47-70e13ba76d7d:192.168.34.62:35412], old=null
2019-10-17 07:43:15,482 [2a93f7e5-ecb9-41da-9c47-70e13ba76d7d@group-A9EE991D717F-LeaderElection93] INFO  impl.LeaderElection (LeaderElection.java:logAndReturn(56)) - 2a93f7e5-ecb9-41da-9c47-70e13ba76d7d@group-A9EE991D717F-LeaderElection93: Election TIMEOUT; received 0 response(s) [] and 0 exception(s); 2a93f7e5-ecb9-41da-9c47-70e13ba76d7d@group-A9EE991D717F:t81, leader=null, voted=2a93f7e5-ecb9-41da-9c47-70e13ba76d7d, raftlog=2a93f7e5-ecb9-41da-9c47-70e13ba76d7d@group-A9EE991D717F-SegmentedRaftLog:OPENED:c-1,f0,i0, conf=0: [37bd8e8c-ea68-4b1c-8659-8d001c4f3b5c:192.168.34.62:41632, 24020d0b-ce61-4f5a-b0b0-c561541e8cd4:192.168.34.62:42892, 2a93f7e5-ecb9-41da-9c47-70e13ba76d7d:192.168.34.62:35412], old=null
2019-10-17 07:43:15,485 [grpc-default-executor-0] INFO  impl.RaftServerImpl (RaftServerImpl.java:setRole(184)) - 24020d0b-ce61-4f5a-b0b0-c561541e8cd4@group-A9EE991D717F: changes role from  FOLLOWER to FOLLOWER at term 81 for recognizeCandidate:2a93f7e5-ecb9-41da-9c47-70e13ba76d7d
2019-10-17 07:43:15,485 [grpc-default-executor-1] INFO  impl.RaftServerImpl (RaftServerImpl.java:setRole(184)) - 37bd8e8c-ea68-4b1c-8659-8d001c4f3b5c@group-A9EE991D717F: changes role from  FOLLOWER to FOLLOWER at term 81 for recognizeCandidate:2a93f7e5-ecb9-41da-9c47-70e13ba76d7d
2019-10-17 07:43:15,485 [grpc-default-executor-0] INFO  impl.RoleInfo (RoleInfo.java:shutdownFollowerState(121)) - 24020d0b-ce61-4f5a-b0b0-c561541e8cd4: shutdown FollowerState
2019-10-17 07:43:15,485 [grpc-default-executor-1] INFO  impl.RoleInfo (RoleInfo.java:shutdownFollowerState(121)) - 37bd8e8c-ea68-4b1c-8659-8d001c4f3b5c: shutdown FollowerState
2019-10-17 07:43:15,486 [Thread-1026] INFO  impl.FollowerState (FollowerState.java:run(117)) - 24020d0b-ce61-4f5a-b0b0-c561541e8cd4@group-A9EE991D717F-FollowerState was interrupted: java.lang.InterruptedException: sleep interrupted
2019-10-17 07:43:15,486 [Thread-1025] INFO  impl.FollowerState (FollowerState.java:run(117)) - 37bd8e8c-ea68-4b1c-8659-8d001c4f3b5c@group-A9EE991D717F-FollowerState was interrupted: java.lang.InterruptedException: sleep interrupted
2019-10-17 07:43:15,486 [grpc-default-executor-0] INFO  impl.RoleInfo (RoleInfo.java:updateAndGet(143)) - 24020d0b-ce61-4f5a-b0b0-c561541e8cd4: start FollowerState
2019-10-17 07:43:15,486 [grpc-default-executor-1] INFO  impl.RoleInfo (RoleInfo.java:updateAndGet(143)) - 37bd8e8c-ea68-4b1c-8659-8d001c4f3b5c: start FollowerState
2019-10-17 07:43:15,506 [2a93f7e5-ecb9-41da-9c47-70e13ba76d7d@group-A9EE991D717F-LeaderElection93] INFO  impl.LeaderElection (LeaderElection.java:askForVotes(178)) - 2a93f7e5-ecb9-41da-9c47-70e13ba76d7d@group-A9EE991D717F-LeaderElection93: begin an election at term 82 for 0: [37bd8e8c-ea68-4b1c-8659-8d001c4f3b5c:192.168.34.62:41632, 24020d0b-ce61-4f5a-b0b0-c561541e8cd4:192.168.34.62:42892, 2a93f7e5-ecb9-41da-9c47-70e13ba76d7d:192.168.34.62:35412], old=null
2019-10-17 07:43:15,508 [grpc-default-executor-0] INFO  impl.RaftServerImpl (RaftServerImpl.java:setRole(184)) - 37bd8e8c-ea68-4b1c-8659-8d001c4f3b5c@group-A9EE991D717F: changes role from  FOLLOWER to FOLLOWER at term 82 for recognizeCandidate:2a93f7e5-ecb9-41da-9c47-70e13ba76d7d
2019-10-17 07:43:15,508 [grpc-default-executor-0] INFO  impl.RoleInfo (RoleInfo.java:shutdownFollowerState(121)) - 37bd8e8c-ea68-4b1c-8659-8d001c4f3b5c: shutdown FollowerState
2019-10-17 07:43:15,508 [grpc-default-executor-1] INFO  impl.RaftServerImpl (RaftServerImpl.java:setRole(184)) - 24020d0b-ce61-4f5a-b0b0-c561541e8cd4@group-A9EE991D717F: changes role from  FOLLOWER to FOLLOWER at term 82 for recognizeCandidate:2a93f7e5-ecb9-41da-9c47-70e13ba76d7d
2019-10-17 07:43:15,509 [Thread-1032] INFO  impl.FollowerState (FollowerState.java:run(117)) - 37bd8e8c-ea68-4b1c-8659-8d001c4f3b5c@group-A9EE991D717F-FollowerState was interrupted: java.lang.InterruptedException: sleep interrupted
2019-10-17 07:43:15,509 [grpc-default-executor-0] INFO  impl.RoleInfo (RoleInfo.java:updateAndGet(143)) - 37bd8e8c-ea68-4b1c-8659-8d001c4f3b5c: start FollowerState
2019-10-17 07:43:15,509 [grpc-default-executor-1] INFO  impl.RoleInfo (RoleInfo.java:shutdownFollowerState(121)) - 24020d0b-ce61-4f5a-b0b0-c561541e8cd4: shutdown FollowerState
2019-10-17 07:43:15,509 [grpc-default-executor-1] INFO  impl.RoleInfo (RoleInfo.java:updateAndGet(143)) - 24020d0b-ce61-4f5a-b0b0-c561541e8cd4: start FollowerState
2019-10-17 07:43:15,509 [Thread-1031] INFO  impl.FollowerState (FollowerState.java:run(117)) - 24020d0b-ce61-4f5a-b0b0-c561541e8cd4@group-A9EE991D717F-FollowerState was interrupted: java.lang.InterruptedException: sleep interrupted
2019-10-17 07:43:15,529 [2a93f7e5-ecb9-41da-9c47-70e13ba76d7d@group-A9EE991D717F-LeaderElection93] INFO  impl.LeaderElection (LeaderElection.java:logAndReturn(56)) - 2a93f7e5-ecb9-41da-9c47-70e13ba76d7d@group-A9EE991D717F-LeaderElection93: Election REJECTED; received 2 response(s) [2a93f7e5-ecb9-41da-9c47-70e13ba76d7d<-37bd8e8c-ea68-4b1c-8659-8d001c4f3b5c#0:FAIL-t82, 2a93f7e5-ecb9-41da-9c47-70e13ba76d7d<-24020d0b-ce61-4f5a-b0b0-c561541e8cd4#0:FAIL-t82] and 0 exception(s); 2a93f7e5-ecb9-41da-9c47-70e13ba76d7d@group-A9EE991D717F:t82, leader=null, voted=2a93f7e5-ecb9-41da-9c47-70e13ba76d7d, raftlog=2a93f7e5-ecb9-41da-9c47-70e13ba76d7d@group-A9EE991D717F-SegmentedRaftLog:OPENED:c-1,f0,i0, conf=0: [37bd8e8c-ea68-4b1c-8659-8d001c4f3b5c:192.168.34.62:41632, 24020d0b-ce61-4f5a-b0b0-c561541e8cd4:192.168.34.62:42892, 2a93f7e5-ecb9-41da-9c47-70e13ba76d7d:192.168.34.62:35412], old=null
2019-10-17 07:43:15,530 [2a93f7e5-ecb9-41da-9c47-70e13ba76d7d@group-A9EE991D717F-LeaderElection93] INFO  impl.RaftServerImpl (RaftServerImpl.java:setRole(184)) - 2a93f7e5-ecb9-41da-9c47-70e13ba76d7d@group-A9EE991D717F: changes role from CANDIDATE to FOLLOWER at term 82 for DISCOVERED_A_NEW_TERM
2019-10-17 07:43:15,530 [2a93f7e5-ecb9-41da-9c47-70e13ba76d7d@group-A9EE991D717F-LeaderElection93] INFO  impl.RoleInfo (RoleInfo.java:shutdownLeaderElection(134)) - 2a93f7e5-ecb9-41da-9c47-70e13ba76d7d: shutdown LeaderElection
2019-10-17 07:43:15,530 [2a93f7e5-ecb9-41da-9c47-70e13ba76d7d@group-A9EE991D717F-LeaderElection93] INFO  impl.RoleInfo (RoleInfo.java:updateAndGet(143)) - 2a93f7e5-ecb9-41da-9c47-70e13ba76d7d: start FollowerState
2019-10-17 07:43:15,634 [Thread-1037] INFO  impl.FollowerState (FollowerState.java:run(108)) - 2a93f7e5-ecb9-41da-9c47-70e13ba76d7d@group-A9EE991D717F-FollowerState: change to CANDIDATE, lastRpcTime:104ms, electionTimeout:104ms
2019-10-17 07:43:15,635 [Thread-1037] INFO  impl.RoleInfo (RoleInfo.java:shutdownFollowerState(121)) - 2a93f7e5-ecb9-41da-9c47-70e13ba76d7d: shutdown FollowerState
2019-10-17 07:43:15,635 [Thread-1037] INFO  impl.RaftServerImpl (RaftServerImpl.java:setRole(184)) - 2a93f7e5-ecb9-41da-9c47-70e13ba76d7d@group-A9EE991D717F: changes role from  FOLLOWER to CANDIDATE at term 82 for changeToCandidate
2019-10-17 07:43:15,635 [Thread-1037] INFO  impl.RoleInfo (RoleInfo.java:updateAndGet(143)) - 2a93f7e5-ecb9-41da-9c47-70e13ba76d7d: start LeaderElection
2019-10-17 07:43:15,658 [2a93f7e5-ecb9-41da-9c47-70e13ba76d7d@group-A9EE991D717F-LeaderElection94] INFO  impl.LeaderElection (LeaderElection.java:askForVotes(178)) - 2a93f7e5-ecb9-41da-9c47-70e13ba76d7d@group-A9EE991D717F-LeaderElection94: begin an election at term 83 for 0: [37bd8e8c-ea68-4b1c-8659-8d001c4f3b5c:192.168.34.62:41632, 24020d0b-ce61-4f5a-b0b0-c561541e8cd4:192.168.34.62:42892, 2a93f7e5-ecb9-41da-9c47-70e13ba76d7d:192.168.34.62:35412], old=null
2019-10-17 07:43:15,661 [grpc-default-executor-1] INFO  impl.RaftServerImpl (RaftServerImpl.java:setRole(184)) - 37bd8e8c-ea68-4b1c-8659-8d001c4f3b5c@group-A9EE991D717F: changes role from  FOLLOWER to FOLLOWER at term 83 for recognizeCandidate:2a93f7e5-ecb9-41da-9c47-70e13ba76d7d
2019-10-17 07:43:15,662 [grpc-default-executor-0] INFO  impl.RaftServerImpl (RaftServerImpl.java:setRole(184)) - 24020d0b-ce61-4f5a-b0b0-c561541e8cd4@group-A9EE991D717F: changes role from  FOLLOWER to FOLLOWER at term 83 for recognizeCandidate:2a93f7e5-ecb9-41da-9c47-70e13ba76d7d
2019-10-17 07:43:15,662 [grpc-default-executor-1] INFO  impl.RoleInfo (RoleInfo.java:shutdownFollowerState(121)) - 37bd8e8c-ea68-4b1c-8659-8d001c4f3b5c: shutdown FollowerState
2019-10-17 07:43:15,662 [grpc-default-executor-0] INFO  impl.RoleInfo (RoleInfo.java:shutdownFollowerState(121)) - 24020d0b-ce61-4f5a-b0b0-c561541e8cd4: shutdown FollowerState
2019-10-17 07:43:15,662 [grpc-default-executor-1] INFO  impl.RoleInfo (RoleInfo.java:updateAndGet(143)) - 37bd8e8c-ea68-4b1c-8659-8d001c4f3b5c: start FollowerState
2019-10-17 07:43:15,662 [Thread-1035] INFO  impl.FollowerState (FollowerState.java:run(117)) - 37bd8e8c-ea68-4b1c-8659-8d001c4f3b5c@group-A9EE991D717F-FollowerState was interrupted: java.lang.InterruptedException: sleep interrupted
2019-10-17 07:43:15,662 [Thread-1036] INFO  impl.FollowerState (FollowerState.java:run(117)) - 24020d0b-ce61-4f5a-b0b0-c561541e8cd4@group-A9EE991D717F-FollowerState was interrupted: java.lang.InterruptedException: sleep interrupted
2019-10-17 07:43:15,662 [grpc-default-executor-0] INFO  impl.RoleInfo (RoleInfo.java:updateAndGet(143)) - 24020d0b-ce61-4f5a-b0b0-c561541e8cd4: start FollowerState
2019-10-17 07:43:15,687 [2a93f7e5-ecb9-41da-9c47-70e13ba76d7d@group-A9EE991D717F-LeaderElection94] INFO  impl.LeaderElection (LeaderElection.java:logAndReturn(56)) - 2a93f7e5-ecb9-41da-9c47-70e13ba76d7d@group-A9EE991D717F-LeaderElection94: Election REJECTED; received 2 response(s) [2a93f7e5-ecb9-41da-9c47-70e13ba76d7d<-37bd8e8c-ea68-4b1c-8659-8d001c4f3b5c#0:FAIL-t83, 2a93f7e5-ecb9-41da-9c47-70e13ba76d7d<-24020d0b-ce61-4f5a-b0b0-c561541e8cd4#0:FAIL-t83] and 0 exception(s); 2a93f7e5-ecb9-41da-9c47-70e13ba76d7d@group-A9EE991D717F:t83, leader=null, voted=2a93f7e5-ecb9-41da-9c47-70e13ba76d7d, raftlog=2a93f7e5-ecb9-41da-9c47-70e13ba76d7d@group-A9EE991D717F-SegmentedRaftLog:OPENED:c-1,f0,i0, conf=0: [37bd8e8c-ea68-4b1c-8659-8d001c4f3b5c:192.168.34.62:41632, 24020d0b-ce61-4f5a-b0b0-c561541e8cd4:192.168.34.62:42892, 2a93f7e5-ecb9-41da-9c47-70e13ba76d7d:192.168.34.62:35412], old=null
2019-10-17 07:43:15,687 [2a93f7e5-ecb9-41da-9c47-70e13ba76d7d@group-A9EE991D717F-LeaderElection94] INFO  impl.RaftServerImpl (RaftServerImpl.java:setRole(184)) - 2a93f7e5-ecb9-41da-9c47-70e13ba76d7d@group-A9EE991D717F: changes role from CANDIDATE to FOLLOWER at term 83 for DISCOVERED_A_NEW_TERM
2019-10-17 07:43:15,688 [2a93f7e5-ecb9-41da-9c47-70e13ba76d7d@group-A9EE991D717F-LeaderElection94] INFO  impl.RoleInfo (RoleInfo.java:shutdownLeaderElection(134)) - 2a93f7e5-ecb9-41da-9c47-70e13ba76d7d: shutdown LeaderElection
2019-10-17 07:43:15,688 [2a93f7e5-ecb9-41da-9c47-70e13ba76d7d@group-A9EE991D717F-LeaderElection94] INFO  impl.RoleInfo (RoleInfo.java:updateAndGet(143)) - 2a93f7e5-ecb9-41da-9c47-70e13ba76d7d: start FollowerState
2019-10-17 07:43:15,807 [Thread-1043] INFO  impl.FollowerState (FollowerState.java:run(108)) - 2a93f7e5-ecb9-41da-9c47-70e13ba76d7d@group-A9EE991D717F-FollowerState: change to CANDIDATE, lastRpcTime:119ms, electionTimeout:119ms
2019-10-17 07:43:15,808 [Thread-1043] INFO  impl.RoleInfo (RoleInfo.java:shutdownFollowerState(121)) - 2a93f7e5-ecb9-41da-9c47-70e13ba76d7d: shutdown FollowerState
2019-10-17 07:43:15,808 [Thread-1043] INFO  impl.RaftServerImpl (RaftServerImpl.java:setRole(184)) - 2a93f7e5-ecb9-41da-9c47-70e13ba76d7d@group-A9EE991D717F: changes role from  FOLLOWER to CANDIDATE at term 83 for changeToCandidate
2019-10-17 07:43:15,808 [Thread-1043] INFO  impl.RoleInfo (RoleInfo.java:updateAndGet(143)) - 2a93f7e5-ecb9-41da-9c47-70e13ba76d7d: start LeaderElection
2019-10-17 07:43:15,844 [2a93f7e5-ecb9-41da-9c47-70e13ba76d7d@group-A9EE991D717F-LeaderElection95] INFO  impl.LeaderElection (LeaderElection.java:askForVotes(178)) - 2a93f7e5-ecb9-41da-9c47-70e13ba76d7d@group-A9EE991D717F-LeaderElection95: begin an election at term 84 for 0: [37bd8e8c-ea68-4b1c-8659-8d001c4f3b5c:192.168.34.62:41632, 24020d0b-ce61-4f5a-b0b0-c561541e8cd4:192.168.34.62:42892, 2a93f7e5-ecb9-41da-9c47-70e13ba76d7d:192.168.34.62:35412], old=null
2019-10-17 07:43:15,848 [grpc-default-executor-0] INFO  impl.RaftServerImpl (RaftServerImpl.java:setRole(184)) - 37bd8e8c-ea68-4b1c-8659-8d001c4f3b5c@group-A9EE991D717F: changes role from  FOLLOWER to FOLLOWER at term 84 for recognizeCandidate:2a93f7e5-ecb9-41da-9c47-70e13ba76d7d
2019-10-17 07:43:15,848 [grpc-default-executor-1] INFO  impl.RaftServerImpl (RaftServerImpl.java:setRole(184)) - 24020d0b-ce61-4f5a-b0b0-c561541e8cd4@group-A9EE991D717F: changes role from  FOLLOWER to FOLLOWER at term 84 for recognizeCandidate:2a93f7e5-ecb9-41da-9c47-70e13ba76d7d
2019-10-17 07:43:15,848 [grpc-default-executor-1] INFO  impl.RoleInfo (RoleInfo.java:shutdownFollowerState(121)) - 24020d0b-ce61-4f5a-b0b0-c561541e8cd4: shutdown FollowerState
2019-10-17 07:43:15,848 [grpc-default-executor-0] INFO  impl.RoleInfo (RoleInfo.java:shutdownFollowerState(121)) - 37bd8e8c-ea68-4b1c-8659-8d001c4f3b5c: shutdown FollowerState
2019-10-17 07:43:15,848 [grpc-default-executor-1] INFO  impl.RoleInfo (RoleInfo.java:updateAndGet(143)) - 24020d0b-ce61-4f5a-b0b0-c561541e8cd4: start FollowerState
2019-10-17 07:43:15,848 [Thread-1042] INFO  impl.FollowerState (FollowerState.java:run(117)) - 24020d0b-ce61-4f5a-b0b0-c561541e8cd4@group-A9EE991D717F-FollowerState was interrupted: java.lang.InterruptedException: sleep interrupted
2019-10-17 07:43:15,849 [Thread-1041] INFO  impl.FollowerState (FollowerState.java:run(117)) - 37bd8e8c-ea68-4b1c-8659-8d001c4f3b5c@group-A9EE991D717F-FollowerState was interrupted: java.lang.InterruptedException: sleep interrupted
2019-10-17 07:43:15,849 [grpc-default-executor-0] INFO  impl.RoleInfo (RoleInfo.java:updateAndGet(143)) - 37bd8e8c-ea68-4b1c-8659-8d001c4f3b5c: start FollowerState
2019-10-17 07:43:15,857 [2a93f7e5-ecb9-41da-9c47-70e13ba76d7d@group-A9EE991D717F-LeaderElection95] INFO  impl.LeaderElection (LeaderElection.java:logAndReturn(56)) - 2a93f7e5-ecb9-41da-9c47-70e13ba76d7d@group-A9EE991D717F-LeaderElection95: Election TIMEOUT; received 0 response(s) [] and 0 exception(s); 2a93f7e5-ecb9-41da-9c47-70e13ba76d7d@group-A9EE991D717F:t84, leader=null, voted=2a93f7e5-ecb9-41da-9c47-70e13ba76d7d, raftlog=2a93f7e5-ecb9-41da-9c47-70e13ba76d7d@group-A9EE991D717F-SegmentedRaftLog:OPENED:c-1,f0,i0, conf=0: [37bd8e8c-ea68-4b1c-8659-8d001c4f3b5c:192.168.34.62:41632, 24020d0b-ce61-4f5a-b0b0-c561541e8cd4:192.168.34.62:42892, 2a93f7e5-ecb9-41da-9c47-70e13ba76d7d:192.168.34.62:35412], old=null
2019-10-17 07:43:15,870 [2a93f7e5-ecb9-41da-9c47-70e13ba76d7d@group-A9EE991D717F-LeaderElection95] INFO  impl.LeaderElection (LeaderElection.java:askForVotes(178)) - 2a93f7e5-ecb9-41da-9c47-70e13ba76d7d@group-A9EE991D717F-LeaderElection95: begin an election at term 85 for 0: [37bd8e8c-ea68-4b1c-8659-8d001c4f3b5c:192.168.34.62:41632, 24020d0b-ce61-4f5a-b0b0-c561541e8cd4:192.168.34.62:42892, 2a93f7e5-ecb9-41da-9c47-70e13ba76d7d:192.168.34.62:35412], old=null
2019-10-17 07:43:15,872 [grpc-default-executor-0] INFO  impl.RaftServerImpl (RaftServerImpl.java:setRole(184)) - 37bd8e8c-ea68-4b1c-8659-8d001c4f3b5c@group-A9EE991D717F: changes role from  FOLLOWER to FOLLOWER at term 85 for recognizeCandidate:2a93f7e5-ecb9-41da-9c47-70e13ba76d7d
2019-10-17 07:43:15,872 [grpc-default-executor-0] INFO  impl.RoleInfo (RoleInfo.java:shutdownFollowerState(121)) - 37bd8e8c-ea68-4b1c-8659-8d001c4f3b5c: shutdown FollowerState
2019-10-17 07:43:15,873 [grpc-default-executor-0] INFO  impl.RoleInfo (RoleInfo.java:updateAndGet(143)) - 37bd8e8c-ea68-4b1c-8659-8d001c4f3b5c: start FollowerState
2019-10-17 07:43:15,873 [Thread-1048] INFO  impl.FollowerState (FollowerState.java:run(117)) - 37bd8e8c-ea68-4b1c-8659-8d001c4f3b5c@group-A9EE991D717F-FollowerState was interrupted: java.lang.InterruptedException: sleep interrupted
2019-10-17 07:43:15,873 [grpc-default-executor-1] INFO  impl.RaftServerImpl (RaftServerImpl.java:setRole(184)) - 24020d0b-ce61-4f5a-b0b0-c561541e8cd4@group-A9EE991D717F: changes role from  FOLLOWER to FOLLOWER at term 85 for recognizeCandidate:2a93f7e5-ecb9-41da-9c47-70e13ba76d7d
2019-10-17 07:43:15,873 [grpc-default-executor-1] INFO  impl.RoleInfo (RoleInfo.java:shutdownFollowerState(121)) - 24020d0b-ce61-4f5a-b0b0-c561541e8cd4: shutdown FollowerState
2019-10-17 07:43:15,874 [grpc-default-executor-1] INFO  impl.RoleInfo (RoleInfo.java:updateAndGet(143)) - 24020d0b-ce61-4f5a-b0b0-c561541e8cd4: start FollowerState
2019-10-17 07:43:15,874 [Thread-1047] INFO  impl.FollowerState (FollowerState.java:run(117)) - 24020d0b-ce61-4f5a-b0b0-c561541e8cd4@group-A9EE991D717F-FollowerState was interrupted: java.lang.InterruptedException: sleep interrupted
2019-10-17 07:43:15,896 [2a93f7e5-ecb9-41da-9c47-70e13ba76d7d@group-A9EE991D717F-LeaderElection95] INFO  impl.LeaderElection (LeaderElection.java:logAndReturn(56)) - 2a93f7e5-ecb9-41da-9c47-70e13ba76d7d@group-A9EE991D717F-LeaderElection95: Election REJECTED; received 2 response(s) [2a93f7e5-ecb9-41da-9c47-70e13ba76d7d<-37bd8e8c-ea68-4b1c-8659-8d001c4f3b5c#0:FAIL-t85, 2a93f7e5-ecb9-41da-9c47-70e13ba76d7d<-24020d0b-ce61-4f5a-b0b0-c561541e8cd4#0:FAIL-t85] and 0 exception(s); 2a93f7e5-ecb9-41da-9c47-70e13ba76d7d@group-A9EE991D717F:t85, leader=null, voted=2a93f7e5-ecb9-41da-9c47-70e13ba76d7d, raftlog=2a93f7e5-ecb9-41da-9c47-70e13ba76d7d@group-A9EE991D717F-SegmentedRaftLog:OPENED:c-1,f0,i0, conf=0: [37bd8e8c-ea68-4b1c-8659-8d001c4f3b5c:192.168.34.62:41632, 24020d0b-ce61-4f5a-b0b0-c561541e8cd4:192.168.34.62:42892, 2a93f7e5-ecb9-41da-9c47-70e13ba76d7d:192.168.34.62:35412], old=null
2019-10-17 07:43:15,896 [2a93f7e5-ecb9-41da-9c47-70e13ba76d7d@group-A9EE991D717F-LeaderElection95] INFO  impl.RaftServerImpl (RaftServerImpl.java:setRole(184)) - 2a93f7e5-ecb9-41da-9c47-70e13ba76d7d@group-A9EE991D717F: changes role from CANDIDATE to FOLLOWER at term 85 for DISCOVERED_A_NEW_TERM
2019-10-17 07:43:15,896 [2a93f7e5-ecb9-41da-9c47-70e13ba76d7d@group-A9EE991D717F-LeaderElection95] INFO  impl.RoleInfo (RoleInfo.java:shutdownLeaderElection(134)) - 2a93f7e5-ecb9-41da-9c47-70e13ba76d7d: shutdown LeaderElection
2019-10-17 07:43:15,897 [2a93f7e5-ecb9-41da-9c47-70e13ba76d7d@group-A9EE991D717F-LeaderElection95] INFO  impl.RoleInfo (RoleInfo.java:updateAndGet(143)) - 2a93f7e5-ecb9-41da-9c47-70e13ba76d7d: start FollowerState
2019-10-17 07:43:16,013 [Thread-1053] INFO  impl.FollowerState (FollowerState.java:run(108)) - 2a93f7e5-ecb9-41da-9c47-70e13ba76d7d@group-A9EE991D717F-FollowerState: change to CANDIDATE, lastRpcTime:116ms, electionTimeout:116ms
2019-10-17 07:43:16,013 [Thread-1053] INFO  impl.RoleInfo (RoleInfo.java:shutdownFollowerState(121)) - 2a93f7e5-ecb9-41da-9c47-70e13ba76d7d: shutdown FollowerState
2019-10-17 07:43:16,014 [Thread-1053] INFO  impl.RaftServerImpl (RaftServerImpl.java:setRole(184)) - 2a93f7e5-ecb9-41da-9c47-70e13ba76d7d@group-A9EE991D717F: changes role from  FOLLOWER to CANDIDATE at term 85 for changeToCandidate
2019-10-17 07:43:16,014 [Thread-1053] INFO  impl.RoleInfo (RoleInfo.java:updateAndGet(143)) - 2a93f7e5-ecb9-41da-9c47-70e13ba76d7d: start LeaderElection
2019-10-17 07:43:16,038 [2a93f7e5-ecb9-41da-9c47-70e13ba76d7d@group-A9EE991D717F-LeaderElection96] INFO  impl.LeaderElection (LeaderElection.java:askForVotes(178)) - 2a93f7e5-ecb9-41da-9c47-70e13ba76d7d@group-A9EE991D717F-LeaderElection96: begin an election at term 86 for 0: [37bd8e8c-ea68-4b1c-8659-8d001c4f3b5c:192.168.34.62:41632, 24020d0b-ce61-4f5a-b0b0-c561541e8cd4:192.168.34.62:42892, 2a93f7e5-ecb9-41da-9c47-70e13ba76d7d:192.168.34.62:35412], old=null
2019-10-17 07:43:16,040 [grpc-default-executor-0] INFO  impl.RaftServerImpl (RaftServerImpl.java:setRole(184)) - 37bd8e8c-ea68-4b1c-8659-8d001c4f3b5c@group-A9EE991D717F: changes role from  FOLLOWER to FOLLOWER at term 86 for recognizeCandidate:2a93f7e5-ecb9-41da-9c47-70e13ba76d7d
2019-10-17 07:43:16,041 [grpc-default-executor-0] INFO  impl.RoleInfo (RoleInfo.java:shutdownFollowerState(121)) - 37bd8e8c-ea68-4b1c-8659-8d001c4f3b5c: shutdown FollowerState
2019-10-17 07:43:16,041 [grpc-default-executor-1] INFO  impl.RaftServerImpl (RaftServerImpl.java:setRole(184)) - 24020d0b-ce61-4f5a-b0b0-c561541e8cd4@group-A9EE991D717F: changes role from  FOLLOWER to FOLLOWER at term 86 for recognizeCandidate:2a93f7e5-ecb9-41da-9c47-70e13ba76d7d
2019-10-17 07:43:16,041 [grpc-default-executor-0] INFO  impl.RoleInfo (RoleInfo.java:updateAndGet(143)) - 37bd8e8c-ea68-4b1c-8659-8d001c4f3b5c: start FollowerState
2019-10-17 07:43:16,041 [Thread-1051] INFO  impl.FollowerState (FollowerState.java:run(117)) - 37bd8e8c-ea68-4b1c-8659-8d001c4f3b5c@group-A9EE991D717F-FollowerState was interrupted: java.lang.InterruptedException: sleep interrupted
2019-10-17 07:43:16,041 [grpc-default-executor-1] INFO  impl.RoleInfo (RoleInfo.java:shutdownFollowerState(121)) - 24020d0b-ce61-4f5a-b0b0-c561541e8cd4: shutdown FollowerState
2019-10-17 07:43:16,042 [grpc-default-executor-1] INFO  impl.RoleInfo (RoleInfo.java:updateAndGet(143)) - 24020d0b-ce61-4f5a-b0b0-c561541e8cd4: start FollowerState
2019-10-17 07:43:16,042 [Thread-1052] INFO  impl.FollowerState (FollowerState.java:run(117)) - 24020d0b-ce61-4f5a-b0b0-c561541e8cd4@group-A9EE991D717F-FollowerState was interrupted: java.lang.InterruptedException: sleep interrupted
2019-10-17 07:43:16,064 [2a93f7e5-ecb9-41da-9c47-70e13ba76d7d@group-A9EE991D717F-LeaderElection96] INFO  impl.LeaderElection (LeaderElection.java:logAndReturn(56)) - 2a93f7e5-ecb9-41da-9c47-70e13ba76d7d@group-A9EE991D717F-LeaderElection96: Election REJECTED; received 2 response(s) [2a93f7e5-ecb9-41da-9c47-70e13ba76d7d<-37bd8e8c-ea68-4b1c-8659-8d001c4f3b5c#0:FAIL-t86, 2a93f7e5-ecb9-41da-9c47-70e13ba76d7d<-24020d0b-ce61-4f5a-b0b0-c561541e8cd4#0:FAIL-t86] and 0 exception(s); 2a93f7e5-ecb9-41da-9c47-70e13ba76d7d@group-A9EE991D717F:t86, leader=null, voted=2a93f7e5-ecb9-41da-9c47-70e13ba76d7d, raftlog=2a93f7e5-ecb9-41da-9c47-70e13ba76d7d@group-A9EE991D717F-SegmentedRaftLog:OPENED:c-1,f0,i0, conf=0: [37bd8e8c-ea68-4b1c-8659-8d001c4f3b5c:192.168.34.62:41632, 24020d0b-ce61-4f5a-b0b0-c561541e8cd4:192.168.34.62:42892, 2a93f7e5-ecb9-41da-9c47-70e13ba76d7d:192.168.34.62:35412], old=null
2019-10-17 07:43:16,064 [2a93f7e5-ecb9-41da-9c47-70e13ba76d7d@group-A9EE991D717F-LeaderElection96] INFO  impl.RaftServerImpl (RaftServerImpl.java:setRole(184)) - 2a93f7e5-ecb9-41da-9c47-70e13ba76d7d@group-A9EE991D717F: changes role from CANDIDATE to FOLLOWER at term 86 for DISCOVERED_A_NEW_TERM
2019-10-17 07:43:16,065 [2a93f7e5-ecb9-41da-9c47-70e13ba76d7d@group-A9EE991D717F-LeaderElection96] INFO  impl.RoleInfo (RoleInfo.java:shutdownLeaderElection(134)) - 2a93f7e5-ecb9-41da-9c47-70e13ba76d7d: shutdown LeaderElection
2019-10-17 07:43:16,065 [2a93f7e5-ecb9-41da-9c47-70e13ba76d7d@group-A9EE991D717F-LeaderElection96] INFO  impl.RoleInfo (RoleInfo.java:updateAndGet(143)) - 2a93f7e5-ecb9-41da-9c47-70e13ba76d7d: start FollowerState
2019-10-17 07:43:16,192 [Thread-1059] INFO  impl.FollowerState (FollowerState.java:run(108)) - 2a93f7e5-ecb9-41da-9c47-70e13ba76d7d@group-A9EE991D717F-FollowerState: change to CANDIDATE, lastRpcTime:127ms, electionTimeout:127ms
2019-10-17 07:43:16,193 [Thread-1059] INFO  impl.RoleInfo (RoleInfo.java:shutdownFollowerState(121)) - 2a93f7e5-ecb9-41da-9c47-70e13ba76d7d: shutdown FollowerState
2019-10-17 07:43:16,193 [Thread-1059] INFO  impl.RaftServerImpl (RaftServerImpl.java:setRole(184)) - 2a93f7e5-ecb9-41da-9c47-70e13ba76d7d@group-A9EE991D717F: changes role from  FOLLOWER to CANDIDATE at term 86 for changeToCandidate
2019-10-17 07:43:16,193 [Thread-1059] INFO  impl.RoleInfo (RoleInfo.java:updateAndGet(143)) - 2a93f7e5-ecb9-41da-9c47-70e13ba76d7d: start LeaderElection
2019-10-17 07:43:16,206 [2a93f7e5-ecb9-41da-9c47-70e13ba76d7d@group-A9EE991D717F-LeaderElection97] INFO  impl.LeaderElection (LeaderElection.java:askForVotes(178)) - 2a93f7e5-ecb9-41da-9c47-70e13ba76d7d@group-A9EE991D717F-LeaderElection97: begin an election at term 87 for 0: [37bd8e8c-ea68-4b1c-8659-8d001c4f3b5c:192.168.34.62:41632, 24020d0b-ce61-4f5a-b0b0-c561541e8cd4:192.168.34.62:42892, 2a93f7e5-ecb9-41da-9c47-70e13ba76d7d:192.168.34.62:35412], old=null
2019-10-17 07:43:16,210 [grpc-default-executor-0] INFO  impl.RaftServerImpl (RaftServerImpl.java:setRole(184)) - 24020d0b-ce61-4f5a-b0b0-c561541e8cd4@group-A9EE991D717F: changes role from  FOLLOWER to FOLLOWER at term 87 for recognizeCandidate:2a93f7e5-ecb9-41da-9c47-70e13ba76d7d
2019-10-17 07:43:16,210 [grpc-default-executor-1] INFO  impl.RaftServerImpl (RaftServerImpl.java:setRole(184)) - 37bd8e8c-ea68-4b1c-8659-8d001c4f3b5c@group-A9EE991D717F: changes role from  FOLLOWER to FOLLOWER at term 87 for recognizeCandidate:2a93f7e5-ecb9-41da-9c47-70e13ba76d7d
2019-10-17 07:43:16,210 [grpc-default-executor-0] INFO  impl.RoleInfo (RoleInfo.java:shutdownFollowerState(121)) - 24020d0b-ce61-4f5a-b0b0-c561541e8cd4: shutdown FollowerState
2019-10-17 07:43:16,210 [grpc-default-executor-1] INFO  impl.RoleInfo (RoleInfo.java:shutdownFollowerState(121)) - 37bd8e8c-ea68-4b1c-8659-8d001c4f3b5c: shutdown FollowerState
2019-10-17 07:43:16,210 [Thread-1058] INFO  impl.FollowerState (FollowerState.java:run(117)) - 24020d0b-ce61-4f5a-b0b0-c561541e8cd4@group-A9EE991D717F-FollowerState was interrupted: java.lang.InterruptedException: sleep interrupted
2019-10-17 07:43:16,210 [grpc-default-executor-0] INFO  impl.RoleInfo (RoleInfo.java:updateAndGet(143)) - 24020d0b-ce61-4f5a-b0b0-c561541e8cd4: start FollowerState
2019-10-17 07:43:16,211 [Thread-1057] INFO  impl.FollowerState (FollowerState.java:run(117)) - 37bd8e8c-ea68-4b1c-8659-8d001c4f3b5c@group-A9EE991D717F-FollowerState was interrupted: java.lang.InterruptedException: sleep interrupted
2019-10-17 07:43:16,210 [grpc-default-executor-1] INFO  impl.RoleInfo (RoleInfo.java:updateAndGet(143)) - 37bd8e8c-ea68-4b1c-8659-8d001c4f3b5c: start FollowerState
2019-10-17 07:43:16,236 [2a93f7e5-ecb9-41da-9c47-70e13ba76d7d@group-A9EE991D717F-LeaderElection97] INFO  impl.LeaderElection (LeaderElection.java:logAndReturn(56)) - 2a93f7e5-ecb9-41da-9c47-70e13ba76d7d@group-A9EE991D717F-LeaderElection97: Election REJECTED; received 2 response(s) [2a93f7e5-ecb9-41da-9c47-70e13ba76d7d<-37bd8e8c-ea68-4b1c-8659-8d001c4f3b5c#0:FAIL-t87, 2a93f7e5-ecb9-41da-9c47-70e13ba76d7d<-24020d0b-ce61-4f5a-b0b0-c561541e8cd4#0:FAIL-t87] and 0 exception(s); 2a93f7e5-ecb9-41da-9c47-70e13ba76d7d@group-A9EE991D717F:t87, leader=null, voted=2a93f7e5-ecb9-41da-9c47-70e13ba76d7d, raftlog=2a93f7e5-ecb9-41da-9c47-70e13ba76d7d@group-A9EE991D717F-SegmentedRaftLog:OPENED:c-1,f0,i0, conf=0: [37bd8e8c-ea68-4b1c-8659-8d001c4f3b5c:192.168.34.62:41632, 24020d0b-ce61-4f5a-b0b0-c561541e8cd4:192.168.34.62:42892, 2a93f7e5-ecb9-41da-9c47-70e13ba76d7d:192.168.34.62:35412], old=null
2019-10-17 07:43:16,237 [2a93f7e5-ecb9-41da-9c47-70e13ba76d7d@group-A9EE991D717F-LeaderElection97] INFO  impl.RaftServerImpl (RaftServerImpl.java:setRole(184)) - 2a93f7e5-ecb9-41da-9c47-70e13ba76d7d@group-A9EE991D717F: changes role from CANDIDATE to FOLLOWER at term 87 for DISCOVERED_A_NEW_TERM
2019-10-17 07:43:16,237 [2a93f7e5-ecb9-41da-9c47-70e13ba76d7d@group-A9EE991D717F-LeaderElection97] INFO  impl.RoleInfo (RoleInfo.java:shutdownLeaderElection(134)) - 2a93f7e5-ecb9-41da-9c47-70e13ba76d7d: shutdown LeaderElection
2019-10-17 07:43:16,237 [2a93f7e5-ecb9-41da-9c47-70e13ba76d7d@group-A9EE991D717F-LeaderElection97] INFO  impl.RoleInfo (RoleInfo.java:updateAndGet(143)) - 2a93f7e5-ecb9-41da-9c47-70e13ba76d7d: start FollowerState
2019-10-17 07:43:16,332 [Thread-1065] INFO  impl.FollowerState (FollowerState.java:run(108)) - 2a93f7e5-ecb9-41da-9c47-70e13ba76d7d@group-A9EE991D717F-FollowerState: change to CANDIDATE, lastRpcTime:94ms, electionTimeout:94ms
2019-10-17 07:43:16,332 [Thread-1065] INFO  impl.RoleInfo (RoleInfo.java:shutdownFollowerState(121)) - 2a93f7e5-ecb9-41da-9c47-70e13ba76d7d: shutdown FollowerState
2019-10-17 07:43:16,332 [Thread-1065] INFO  impl.RaftServerImpl (RaftServerImpl.java:setRole(184)) - 2a93f7e5-ecb9-41da-9c47-70e13ba76d7d@group-A9EE991D717F: changes role from  FOLLOWER to CANDIDATE at term 87 for changeToCandidate
2019-10-17 07:43:16,332 [Thread-1065] INFO  impl.RoleInfo (RoleInfo.java:updateAndGet(143)) - 2a93f7e5-ecb9-41da-9c47-70e13ba76d7d: start LeaderElection
2019-10-17 07:43:16,364 [2a93f7e5-ecb9-41da-9c47-70e13ba76d7d@group-A9EE991D717F-LeaderElection98] INFO  impl.LeaderElection (LeaderElection.java:askForVotes(178)) - 2a93f7e5-ecb9-41da-9c47-70e13ba76d7d@group-A9EE991D717F-LeaderElection98: begin an election at term 88 for 0: [37bd8e8c-ea68-4b1c-8659-8d001c4f3b5c:192.168.34.62:41632, 24020d0b-ce61-4f5a-b0b0-c561541e8cd4:192.168.34.62:42892, 2a93f7e5-ecb9-41da-9c47-70e13ba76d7d:192.168.34.62:35412], old=null
2019-10-17 07:43:16,367 [grpc-default-executor-1] INFO  impl.RaftServerImpl (RaftServerImpl.java:setRole(184)) - 24020d0b-ce61-4f5a-b0b0-c561541e8cd4@group-A9EE991D717F: changes role from  FOLLOWER to FOLLOWER at term 88 for recognizeCandidate:2a93f7e5-ecb9-41da-9c47-70e13ba76d7d
2019-10-17 07:43:16,367 [grpc-default-executor-1] INFO  impl.RoleInfo (RoleInfo.java:shutdownFollowerState(121)) - 24020d0b-ce61-4f5a-b0b0-c561541e8cd4: shutdown FollowerState
2019-10-17 07:43:16,367 [grpc-default-executor-0] INFO  impl.RaftServerImpl (RaftServerImpl.java:setRole(184)) - 37bd8e8c-ea68-4b1c-8659-8d001c4f3b5c@group-A9EE991D717F: changes role from  FOLLOWER to FOLLOWER at term 88 for recognizeCandidate:2a93f7e5-ecb9-41da-9c47-70e13ba76d7d
2019-10-17 07:43:16,368 [grpc-default-executor-0] INFO  impl.RoleInfo (RoleInfo.java:shutdownFollowerState(121)) - 37bd8e8c-ea68-4b1c-8659-8d001c4f3b5c: shutdown FollowerState
2019-10-17 07:43:16,368 [Thread-1063] INFO  impl.FollowerState (FollowerState.java:run(117)) - 24020d0b-ce61-4f5a-b0b0-c561541e8cd4@group-A9EE991D717F-FollowerState was interrupted: java.lang.InterruptedException: sleep interrupted
2019-10-17 07:43:16,368 [grpc-default-executor-1] INFO  impl.RoleInfo (RoleInfo.java:updateAndGet(143)) - 24020d0b-ce61-4f5a-b0b0-c561541e8cd4: start FollowerState
2019-10-17 07:43:16,368 [Thread-1064] INFO  impl.FollowerState (FollowerState.java:run(117)) - 37bd8e8c-ea68-4b1c-8659-8d001c4f3b5c@group-A9EE991D717F-FollowerState was interrupted: java.lang.InterruptedException: sleep interrupted
2019-10-17 07:43:16,368 [grpc-default-executor-0] INFO  impl.RoleInfo (RoleInfo.java:updateAndGet(143)) - 37bd8e8c-ea68-4b1c-8659-8d001c4f3b5c: start FollowerState
2019-10-17 07:43:16,393 [2a93f7e5-ecb9-41da-9c47-70e13ba76d7d@group-A9EE991D717F-LeaderElection98] INFO  impl.LeaderElection (LeaderElection.java:logAndReturn(56)) - 2a93f7e5-ecb9-41da-9c47-70e13ba76d7d@group-A9EE991D717F-LeaderElection98: Election REJECTED; received 2 response(s) [2a93f7e5-ecb9-41da-9c47-70e13ba76d7d<-37bd8e8c-ea68-4b1c-8659-8d001c4f3b5c#0:FAIL-t88, 2a93f7e5-ecb9-41da-9c47-70e13ba76d7d<-24020d0b-ce61-4f5a-b0b0-c561541e8cd4#0:FAIL-t88] and 0 exception(s); 2a93f7e5-ecb9-41da-9c47-70e13ba76d7d@group-A9EE991D717F:t88, leader=null, voted=2a93f7e5-ecb9-41da-9c47-70e13ba76d7d, raftlog=2a93f7e5-ecb9-41da-9c47-70e13ba76d7d@group-A9EE991D717F-SegmentedRaftLog:OPENED:c-1,f0,i0, conf=0: [37bd8e8c-ea68-4b1c-8659-8d001c4f3b5c:192.168.34.62:41632, 24020d0b-ce61-4f5a-b0b0-c561541e8cd4:192.168.34.62:42892, 2a93f7e5-ecb9-41da-9c47-70e13ba76d7d:192.168.34.62:35412], old=null
2019-10-17 07:43:16,393 [2a93f7e5-ecb9-41da-9c47-70e13ba76d7d@group-A9EE991D717F-LeaderElection98] INFO  impl.RaftServerImpl (RaftServerImpl.java:setRole(184)) - 2a93f7e5-ecb9-41da-9c47-70e13ba76d7d@group-A9EE991D717F: changes role from CANDIDATE to FOLLOWER at term 88 for DISCOVERED_A_NEW_TERM
2019-10-17 07:43:16,393 [2a93f7e5-ecb9-41da-9c47-70e13ba76d7d@group-A9EE991D717F-LeaderElection98] INFO  impl.RoleInfo (RoleInfo.java:shutdownLeaderElection(134)) - 2a93f7e5-ecb9-41da-9c47-70e13ba76d7d: shutdown LeaderElection
2019-10-17 07:43:16,393 [2a93f7e5-ecb9-41da-9c47-70e13ba76d7d@group-A9EE991D717F-LeaderElection98] INFO  impl.RoleInfo (RoleInfo.java:updateAndGet(143)) - 2a93f7e5-ecb9-41da-9c47-70e13ba76d7d: start FollowerState
2019-10-17 07:43:16,538 [Thread-1071] INFO  impl.FollowerState (FollowerState.java:run(108)) - 2a93f7e5-ecb9-41da-9c47-70e13ba76d7d@group-A9EE991D717F-FollowerState: change to CANDIDATE, lastRpcTime:144ms, electionTimeout:144ms
2019-10-17 07:43:16,538 [Thread-1071] INFO  impl.RoleInfo (RoleInfo.java:shutdownFollowerState(121)) - 2a93f7e5-ecb9-41da-9c47-70e13ba76d7d: shutdown FollowerState
2019-10-17 07:43:16,538 [Thread-1071] INFO  impl.RaftServerImpl (RaftServerImpl.java:setRole(184)) - 2a93f7e5-ecb9-41da-9c47-70e13ba76d7d@group-A9EE991D717F: changes role from  FOLLOWER to CANDIDATE at term 88 for changeToCandidate
2019-10-17 07:43:16,538 [Thread-1071] INFO  impl.RoleInfo (RoleInfo.java:updateAndGet(143)) - 2a93f7e5-ecb9-41da-9c47-70e13ba76d7d: start LeaderElection
2019-10-17 07:43:16,563 [2a93f7e5-ecb9-41da-9c47-70e13ba76d7d@group-A9EE991D717F-LeaderElection99] INFO  impl.LeaderElection (LeaderElection.java:askForVotes(178)) - 2a93f7e5-ecb9-41da-9c47-70e13ba76d7d@group-A9EE991D717F-LeaderElection99: begin an election at term 89 for 0: [37bd8e8c-ea68-4b1c-8659-8d001c4f3b5c:192.168.34.62:41632, 24020d0b-ce61-4f5a-b0b0-c561541e8cd4:192.168.34.62:42892, 2a93f7e5-ecb9-41da-9c47-70e13ba76d7d:192.168.34.62:35412], old=null
2019-10-17 07:43:16,566 [grpc-default-executor-0] INFO  impl.RaftServerImpl (RaftServerImpl.java:setRole(184)) - 37bd8e8c-ea68-4b1c-8659-8d001c4f3b5c@group-A9EE991D717F: changes role from  FOLLOWER to FOLLOWER at term 89 for recognizeCandidate:2a93f7e5-ecb9-41da-9c47-70e13ba76d7d
2019-10-17 07:43:16,566 [grpc-default-executor-0] INFO  impl.RoleInfo (RoleInfo.java:shutdownFollowerState(121)) - 37bd8e8c-ea68-4b1c-8659-8d001c4f3b5c: shutdown FollowerState
2019-10-17 07:43:16,566 [grpc-default-executor-1] INFO  impl.RaftServerImpl (RaftServerImpl.java:setRole(184)) - 24020d0b-ce61-4f5a-b0b0-c561541e8cd4@group-A9EE991D717F: changes role from  FOLLOWER to FOLLOWER at term 89 for recognizeCandidate:2a93f7e5-ecb9-41da-9c47-70e13ba76d7d
2019-10-17 07:43:16,566 [Thread-1070] INFO  impl.FollowerState (FollowerState.java:run(117)) - 37bd8e8c-ea68-4b1c-8659-8d001c4f3b5c@group-A9EE991D717F-FollowerState was interrupted: java.lang.InterruptedException: sleep interrupted
2019-10-17 07:43:16,566 [grpc-default-executor-0] INFO  impl.RoleInfo (RoleInfo.java:updateAndGet(143)) - 37bd8e8c-ea68-4b1c-8659-8d001c4f3b5c: start FollowerState
2019-10-17 07:43:16,567 [grpc-default-executor-1] INFO  impl.RoleInfo (RoleInfo.java:shutdownFollowerState(121)) - 24020d0b-ce61-4f5a-b0b0-c561541e8cd4: shutdown FollowerState
2019-10-17 07:43:16,567 [grpc-default-executor-1] INFO  impl.RoleInfo (RoleInfo.java:updateAndGet(143)) - 24020d0b-ce61-4f5a-b0b0-c561541e8cd4: start FollowerState
2019-10-17 07:43:16,567 [Thread-1069] INFO  impl.FollowerState (FollowerState.java:run(117)) - 24020d0b-ce61-4f5a-b0b0-c561541e8cd4@group-A9EE991D717F-FollowerState was interrupted: java.lang.InterruptedException: sleep interrupted
2019-10-17 07:43:16,592 [2a93f7e5-ecb9-41da-9c47-70e13ba76d7d@group-A9EE991D717F-LeaderElection99] INFO  impl.LeaderElection (LeaderElection.java:logAndReturn(56)) - 2a93f7e5-ecb9-41da-9c47-70e13ba76d7d@group-A9EE991D717F-LeaderElection99: Election REJECTED; received 2 response(s) [2a93f7e5-ecb9-41da-9c47-70e13ba76d7d<-37bd8e8c-ea68-4b1c-8659-8d001c4f3b5c#0:FAIL-t89, 2a93f7e5-ecb9-41da-9c47-70e13ba76d7d<-24020d0b-ce61-4f5a-b0b0-c561541e8cd4#0:FAIL-t89] and 0 exception(s); 2a93f7e5-ecb9-41da-9c47-70e13ba76d7d@group-A9EE991D717F:t89, leader=null, voted=2a93f7e5-ecb9-41da-9c47-70e13ba76d7d, raftlog=2a93f7e5-ecb9-41da-9c47-70e13ba76d7d@group-A9EE991D717F-SegmentedRaftLog:OPENED:c-1,f0,i0, conf=0: [37bd8e8c-ea68-4b1c-8659-8d001c4f3b5c:192.168.34.62:41632, 24020d0b-ce61-4f5a-b0b0-c561541e8cd4:192.168.34.62:42892, 2a93f7e5-ecb9-41da-9c47-70e13ba76d7d:192.168.34.62:35412], old=null
2019-10-17 07:43:16,592 [2a93f7e5-ecb9-41da-9c47-70e13ba76d7d@group-A9EE991D717F-LeaderElection99] INFO  impl.RaftServerImpl (RaftServerImpl.java:setRole(184)) - 2a93f7e5-ecb9-41da-9c47-70e13ba76d7d@group-A9EE991D717F: changes role from CANDIDATE to FOLLOWER at term 89 for DISCOVERED_A_NEW_TERM
2019-10-17 07:43:16,592 [2a93f7e5-ecb9-41da-9c47-70e13ba76d7d@group-A9EE991D717F-LeaderElection99] INFO  impl.RoleInfo (RoleInfo.java:shutdownLeaderElection(134)) - 2a93f7e5-ecb9-41da-9c47-70e13ba76d7d: shutdown LeaderElection
2019-10-17 07:43:16,592 [2a93f7e5-ecb9-41da-9c47-70e13ba76d7d@group-A9EE991D717F-LeaderElection99] INFO  impl.RoleInfo (RoleInfo.java:updateAndGet(143)) - 2a93f7e5-ecb9-41da-9c47-70e13ba76d7d: start FollowerState
2019-10-17 07:43:16,609 [Thread-1077] INFO  impl.FollowerState (FollowerState.java:run(108)) - 2a93f7e5-ecb9-41da-9c47-70e13ba76d7d@group-A9EE991D717F-FollowerState: change to CANDIDATE, lastRpcTime:16ms, electionTimeout:16ms
2019-10-17 07:43:16,609 [Thread-1077] INFO  impl.RoleInfo (RoleInfo.java:shutdownFollowerState(121)) - 2a93f7e5-ecb9-41da-9c47-70e13ba76d7d: shutdown FollowerState
2019-10-17 07:43:16,609 [Thread-1077] INFO  impl.RaftServerImpl (RaftServerImpl.java:setRole(184)) - 2a93f7e5-ecb9-41da-9c47-70e13ba76d7d@group-A9EE991D717F: changes role from  FOLLOWER to CANDIDATE at term 89 for changeToCandidate
2019-10-17 07:43:16,609 [Thread-1077] INFO  impl.RoleInfo (RoleInfo.java:updateAndGet(143)) - 2a93f7e5-ecb9-41da-9c47-70e13ba76d7d: start LeaderElection
2019-10-17 07:43:16,644 [2a93f7e5-ecb9-41da-9c47-70e13ba76d7d@group-A9EE991D717F-LeaderElection100] INFO  impl.LeaderElection (LeaderElection.java:askForVotes(178)) - 2a93f7e5-ecb9-41da-9c47-70e13ba76d7d@group-A9EE991D717F-LeaderElection100: begin an election at term 90 for 0: [37bd8e8c-ea68-4b1c-8659-8d001c4f3b5c:192.168.34.62:41632, 24020d0b-ce61-4f5a-b0b0-c561541e8cd4:192.168.34.62:42892, 2a93f7e5-ecb9-41da-9c47-70e13ba76d7d:192.168.34.62:35412], old=null
2019-10-17 07:43:16,647 [grpc-default-executor-0] INFO  impl.RaftServerImpl (RaftServerImpl.java:setRole(184)) - 37bd8e8c-ea68-4b1c-8659-8d001c4f3b5c@group-A9EE991D717F: changes role from  FOLLOWER to FOLLOWER at term 90 for recognizeCandidate:2a93f7e5-ecb9-41da-9c47-70e13ba76d7d
2019-10-17 07:43:16,647 [grpc-default-executor-0] INFO  impl.RoleInfo (RoleInfo.java:shutdownFollowerState(121)) - 37bd8e8c-ea68-4b1c-8659-8d001c4f3b5c: shutdown FollowerState
2019-10-17 07:43:16,647 [grpc-default-executor-1] INFO  impl.RaftServerImpl (RaftServerImpl.java:setRole(184)) - 24020d0b-ce61-4f5a-b0b0-c561541e8cd4@group-A9EE991D717F: changes role from  FOLLOWER to FOLLOWER at term 90 for recognizeCandidate:2a93f7e5-ecb9-41da-9c47-70e13ba76d7d
2019-10-17 07:43:16,648 [Thread-1075] INFO  impl.FollowerState (FollowerState.java:run(117)) - 37bd8e8c-ea68-4b1c-8659-8d001c4f3b5c@group-A9EE991D717F-FollowerState was interrupted: java.lang.InterruptedException: sleep interrupted
2019-10-17 07:43:16,648 [grpc-default-executor-0] INFO  impl.RoleInfo (RoleInfo.java:updateAndGet(143)) - 37bd8e8c-ea68-4b1c-8659-8d001c4f3b5c: start FollowerState
2019-10-17 07:43:16,648 [grpc-default-executor-1] INFO  impl.RoleInfo (RoleInfo.java:shutdownFollowerState(121)) - 24020d0b-ce61-4f5a-b0b0-c561541e8cd4: shutdown FollowerState
2019-10-17 07:43:16,648 [grpc-default-executor-1] INFO  impl.RoleInfo (RoleInfo.java:updateAndGet(143)) - 24020d0b-ce61-4f5a-b0b0-c561541e8cd4: start FollowerState
2019-10-17 07:43:16,648 [Thread-1076] INFO  impl.FollowerState (FollowerState.java:run(117)) - 24020d0b-ce61-4f5a-b0b0-c561541e8cd4@group-A9EE991D717F-FollowerState was interrupted: java.lang.InterruptedException: sleep interrupted
2019-10-17 07:43:16,663 [2a93f7e5-ecb9-41da-9c47-70e13ba76d7d@group-A9EE991D717F-LeaderElection100] INFO  impl.LeaderElection (LeaderElection.java:logAndReturn(56)) - 2a93f7e5-ecb9-41da-9c47-70e13ba76d7d@group-A9EE991D717F-LeaderElection100: Election REJECTED; received 2 response(s) [2a93f7e5-ecb9-41da-9c47-70e13ba76d7d<-37bd8e8c-ea68-4b1c-8659-8d001c4f3b5c#0:FAIL-t90, 2a93f7e5-ecb9-41da-9c47-70e13ba76d7d<-24020d0b-ce61-4f5a-b0b0-c561541e8cd4#0:FAIL-t90] and 0 exception(s); 2a93f7e5-ecb9-41da-9c47-70e13ba76d7d@group-A9EE991D717F:t90, leader=null, voted=2a93f7e5-ecb9-41da-9c47-70e13ba76d7d, raftlog=2a93f7e5-ecb9-41da-9c47-70e13ba76d7d@group-A9EE991D717F-SegmentedRaftLog:OPENED:c-1,f0,i0, conf=0: [37bd8e8c-ea68-4b1c-8659-8d001c4f3b5c:192.168.34.62:41632, 24020d0b-ce61-4f5a-b0b0-c561541e8cd4:192.168.34.62:42892, 2a93f7e5-ecb9-41da-9c47-70e13ba76d7d:192.168.34.62:35412], old=null
2019-10-17 07:43:16,663 [2a93f7e5-ecb9-41da-9c47-70e13ba76d7d@group-A9EE991D717F-LeaderElection100] INFO  impl.RaftServerImpl (RaftServerImpl.java:setRole(184)) - 2a93f7e5-ecb9-41da-9c47-70e13ba76d7d@group-A9EE991D717F: changes role from CANDIDATE to FOLLOWER at term 90 for DISCOVERED_A_NEW_TERM
2019-10-17 07:43:16,663 [2a93f7e5-ecb9-41da-9c47-70e13ba76d7d@group-A9EE991D717F-LeaderElection100] INFO  impl.RoleInfo (RoleInfo.java:shutdownLeaderElection(134)) - 2a93f7e5-ecb9-41da-9c47-70e13ba76d7d: shutdown LeaderElection
2019-10-17 07:43:16,663 [2a93f7e5-ecb9-41da-9c47-70e13ba76d7d@group-A9EE991D717F-LeaderElection100] INFO  impl.RoleInfo (RoleInfo.java:updateAndGet(143)) - 2a93f7e5-ecb9-41da-9c47-70e13ba76d7d: start FollowerState
2019-10-17 07:43:16,695 [Thread-1083] INFO  impl.FollowerState (FollowerState.java:run(108)) - 2a93f7e5-ecb9-41da-9c47-70e13ba76d7d@group-A9EE991D717F-FollowerState: change to CANDIDATE, lastRpcTime:31ms, electionTimeout:31ms
2019-10-17 07:43:16,695 [Thread-1083] INFO  impl.RoleInfo (RoleInfo.java:shutdownFollowerState(121)) - 2a93f7e5-ecb9-41da-9c47-70e13ba76d7d: shutdown FollowerState
2019-10-17 07:43:16,695 [Thread-1083] INFO  impl.RaftServerImpl (RaftServerImpl.java:setRole(184)) - 2a93f7e5-ecb9-41da-9c47-70e13ba76d7d@group-A9EE991D717F: changes role from  FOLLOWER to CANDIDATE at term 90 for changeToCandidate
2019-10-17 07:43:16,695 [Thread-1083] INFO  impl.RoleInfo (RoleInfo.java:updateAndGet(143)) - 2a93f7e5-ecb9-41da-9c47-70e13ba76d7d: start LeaderElection
2019-10-17 07:43:16,720 [2a93f7e5-ecb9-41da-9c47-70e13ba76d7d@group-A9EE991D717F-LeaderElection101] INFO  impl.LeaderElection (LeaderElection.java:askForVotes(178)) - 2a93f7e5-ecb9-41da-9c47-70e13ba76d7d@group-A9EE991D717F-LeaderElection101: begin an election at term 91 for 0: [37bd8e8c-ea68-4b1c-8659-8d001c4f3b5c:192.168.34.62:41632, 24020d0b-ce61-4f5a-b0b0-c561541e8cd4:192.168.34.62:42892, 2a93f7e5-ecb9-41da-9c47-70e13ba76d7d:192.168.34.62:35412], old=null
2019-10-17 07:43:16,723 [grpc-default-executor-1] INFO  impl.RaftServerImpl (RaftServerImpl.java:setRole(184)) - 37bd8e8c-ea68-4b1c-8659-8d001c4f3b5c@group-A9EE991D717F: changes role from  FOLLOWER to FOLLOWER at term 91 for recognizeCandidate:2a93f7e5-ecb9-41da-9c47-70e13ba76d7d
2019-10-17 07:43:16,723 [grpc-default-executor-0] INFO  impl.RaftServerImpl (RaftServerImpl.java:setRole(184)) - 24020d0b-ce61-4f5a-b0b0-c561541e8cd4@group-A9EE991D717F: changes role from  FOLLOWER to FOLLOWER at term 91 for recognizeCandidate:2a93f7e5-ecb9-41da-9c47-70e13ba76d7d
2019-10-17 07:43:16,723 [grpc-default-executor-1] INFO  impl.RoleInfo (RoleInfo.java:shutdownFollowerState(121)) - 37bd8e8c-ea68-4b1c-8659-8d001c4f3b5c: shutdown FollowerState
2019-10-17 07:43:16,724 [grpc-default-executor-0] INFO  impl.RoleInfo (RoleInfo.java:shutdownFollowerState(121)) - 24020d0b-ce61-4f5a-b0b0-c561541e8cd4: shutdown FollowerState
2019-10-17 07:43:16,724 [Thread-1081] INFO  impl.FollowerState (FollowerState.java:run(117)) - 37bd8e8c-ea68-4b1c-8659-8d001c4f3b5c@group-A9EE991D717F-FollowerState was interrupted: java.lang.InterruptedException: sleep interrupted
2019-10-17 07:43:16,724 [grpc-default-executor-1] INFO  impl.RoleInfo (RoleInfo.java:updateAndGet(143)) - 37bd8e8c-ea68-4b1c-8659-8d001c4f3b5c: start FollowerState
2019-10-17 07:43:16,724 [Thread-1082] INFO  impl.FollowerState (FollowerState.java:run(117)) - 24020d0b-ce61-4f5a-b0b0-c561541e8cd4@group-A9EE991D717F-FollowerState was interrupted: java.lang.InterruptedException: sleep interrupted
2019-10-17 07:43:16,724 [grpc-default-executor-0] INFO  impl.RoleInfo (RoleInfo.java:updateAndGet(143)) - 24020d0b-ce61-4f5a-b0b0-c561541e8cd4: start FollowerState
2019-10-17 07:43:16,752 [2a93f7e5-ecb9-41da-9c47-70e13ba76d7d@group-A9EE991D717F-LeaderElection101] INFO  impl.LeaderElection (LeaderElection.java:logAndReturn(56)) - 2a93f7e5-ecb9-41da-9c47-70e13ba76d7d@group-A9EE991D717F-LeaderElection101: Election REJECTED; received 2 response(s) [2a93f7e5-ecb9-41da-9c47-70e13ba76d7d<-37bd8e8c-ea68-4b1c-8659-8d001c4f3b5c#0:FAIL-t91, 2a93f7e5-ecb9-41da-9c47-70e13ba76d7d<-24020d0b-ce61-4f5a-b0b0-c561541e8cd4#0:FAIL-t91] and 0 exception(s); 2a93f7e5-ecb9-41da-9c47-70e13ba76d7d@group-A9EE991D717F:t91, leader=null, voted=2a93f7e5-ecb9-41da-9c47-70e13ba76d7d, raftlog=2a93f7e5-ecb9-41da-9c47-70e13ba76d7d@group-A9EE991D717F-SegmentedRaftLog:OPENED:c-1,f0,i0, conf=0: [37bd8e8c-ea68-4b1c-8659-8d001c4f3b5c:192.168.34.62:41632, 24020d0b-ce61-4f5a-b0b0-c561541e8cd4:192.168.34.62:42892, 2a93f7e5-ecb9-41da-9c47-70e13ba76d7d:192.168.34.62:35412], old=null
2019-10-17 07:43:16,753 [2a93f7e5-ecb9-41da-9c47-70e13ba76d7d@group-A9EE991D717F-LeaderElection101] INFO  impl.RaftServerImpl (RaftServerImpl.java:setRole(184)) - 2a93f7e5-ecb9-41da-9c47-70e13ba76d7d@group-A9EE991D717F: changes role from CANDIDATE to FOLLOWER at term 91 for DISCOVERED_A_NEW_TERM
2019-10-17 07:43:16,753 [2a93f7e5-ecb9-41da-9c47-70e13ba76d7d@group-A9EE991D717F-LeaderElection101] INFO  impl.RoleInfo (RoleInfo.java:shutdownLeaderElection(134)) - 2a93f7e5-ecb9-41da-9c47-70e13ba76d7d: shutdown LeaderElection
2019-10-17 07:43:16,753 [2a93f7e5-ecb9-41da-9c47-70e13ba76d7d@group-A9EE991D717F-LeaderElection101] INFO  impl.RoleInfo (RoleInfo.java:updateAndGet(143)) - 2a93f7e5-ecb9-41da-9c47-70e13ba76d7d: start FollowerState
2019-10-17 07:43:16,872 [Thread-1089] INFO  impl.FollowerState (FollowerState.java:run(108)) - 2a93f7e5-ecb9-41da-9c47-70e13ba76d7d@group-A9EE991D717F-FollowerState: change to CANDIDATE, lastRpcTime:118ms, electionTimeout:118ms
2019-10-17 07:43:16,872 [Thread-1089] INFO  impl.RoleInfo (RoleInfo.java:shutdownFollowerState(121)) - 2a93f7e5-ecb9-41da-9c47-70e13ba76d7d: shutdown FollowerState
2019-10-17 07:43:16,872 [Thread-1089] INFO  impl.RaftServerImpl (RaftServerImpl.java:setRole(184)) - 2a93f7e5-ecb9-41da-9c47-70e13ba76d7d@group-A9EE991D717F: changes role from  FOLLOWER to CANDIDATE at term 91 for changeToCandidate
2019-10-17 07:43:16,872 [Thread-1089] INFO  impl.RoleInfo (RoleInfo.java:updateAndGet(143)) - 2a93f7e5-ecb9-41da-9c47-70e13ba76d7d: start LeaderElection
2019-10-17 07:43:16,888 [2a93f7e5-ecb9-41da-9c47-70e13ba76d7d@group-A9EE991D717F-LeaderElection102] INFO  impl.LeaderElection (LeaderElection.java:askForVotes(178)) - 2a93f7e5-ecb9-41da-9c47-70e13ba76d7d@group-A9EE991D717F-LeaderElection102: begin an election at term 92 for 0: [37bd8e8c-ea68-4b1c-8659-8d001c4f3b5c:192.168.34.62:41632, 24020d0b-ce61-4f5a-b0b0-c561541e8cd4:192.168.34.62:42892, 2a93f7e5-ecb9-41da-9c47-70e13ba76d7d:192.168.34.62:35412], old=null
2019-10-17 07:43:16,892 [grpc-default-executor-0] INFO  impl.RaftServerImpl (RaftServerImpl.java:setRole(184)) - 24020d0b-ce61-4f5a-b0b0-c561541e8cd4@group-A9EE991D717F: changes role from  FOLLOWER to FOLLOWER at term 92 for recognizeCandidate:2a93f7e5-ecb9-41da-9c47-70e13ba76d7d
2019-10-17 07:43:16,892 [grpc-default-executor-1] INFO  impl.RaftServerImpl (RaftServerImpl.java:setRole(184)) - 37bd8e8c-ea68-4b1c-8659-8d001c4f3b5c@group-A9EE991D717F: changes role from  FOLLOWER to FOLLOWER at term 92 for recognizeCandidate:2a93f7e5-ecb9-41da-9c47-70e13ba76d7d
2019-10-17 07:43:16,892 [grpc-default-executor-0] INFO  impl.RoleInfo (RoleInfo.java:shutdownFollowerState(121)) - 24020d0b-ce61-4f5a-b0b0-c561541e8cd4: shutdown FollowerState
2019-10-17 07:43:16,892 [grpc-default-executor-1] INFO  impl.RoleInfo (RoleInfo.java:shutdownFollowerState(121)) - 37bd8e8c-ea68-4b1c-8659-8d001c4f3b5c: shutdown FollowerState
2019-10-17 07:43:16,892 [grpc-default-executor-0] INFO  impl.RoleInfo (RoleInfo.java:updateAndGet(143)) - 24020d0b-ce61-4f5a-b0b0-c561541e8cd4: start FollowerState
2019-10-17 07:43:16,893 [Thread-1087] INFO  impl.FollowerState (FollowerState.java:run(117)) - 37bd8e8c-ea68-4b1c-8659-8d001c4f3b5c@group-A9EE991D717F-FollowerState was interrupted: java.lang.InterruptedException: sleep interrupted
2019-10-17 07:43:16,892 [grpc-default-executor-1] INFO  impl.RoleInfo (RoleInfo.java:updateAndGet(143)) - 37bd8e8c-ea68-4b1c-8659-8d001c4f3b5c: start FollowerState
2019-10-17 07:43:16,892 [Thread-1088] INFO  impl.FollowerState (FollowerState.java:run(117)) - 24020d0b-ce61-4f5a-b0b0-c561541e8cd4@group-A9EE991D717F-FollowerState was interrupted: java.lang.InterruptedException: sleep interrupted
2019-10-17 07:43:16,914 [2a93f7e5-ecb9-41da-9c47-70e13ba76d7d@group-A9EE991D717F-LeaderElection102] INFO  impl.LeaderElection (LeaderElection.java:logAndReturn(56)) - 2a93f7e5-ecb9-41da-9c47-70e13ba76d7d@group-A9EE991D717F-LeaderElection102: Election REJECTED; received 2 response(s) [2a93f7e5-ecb9-41da-9c47-70e13ba76d7d<-37bd8e8c-ea68-4b1c-8659-8d001c4f3b5c#0:FAIL-t92, 2a93f7e5-ecb9-41da-9c47-70e13ba76d7d<-24020d0b-ce61-4f5a-b0b0-c561541e8cd4#0:FAIL-t92] and 0 exception(s); 2a93f7e5-ecb9-41da-9c47-70e13ba76d7d@group-A9EE991D717F:t92, leader=null, voted=2a93f7e5-ecb9-41da-9c47-70e13ba76d7d, raftlog=2a93f7e5-ecb9-41da-9c47-70e13ba76d7d@group-A9EE991D717F-SegmentedRaftLog:OPENED:c-1,f0,i0, conf=0: [37bd8e8c-ea68-4b1c-8659-8d001c4f3b5c:192.168.34.62:41632, 24020d0b-ce61-4f5a-b0b0-c561541e8cd4:192.168.34.62:42892, 2a93f7e5-ecb9-41da-9c47-70e13ba76d7d:192.168.34.62:35412], old=null
2019-10-17 07:43:16,915 [2a93f7e5-ecb9-41da-9c47-70e13ba76d7d@group-A9EE991D717F-LeaderElection102] INFO  impl.RaftServerImpl (RaftServerImpl.java:setRole(184)) - 2a93f7e5-ecb9-41da-9c47-70e13ba76d7d@group-A9EE991D717F: changes role from CANDIDATE to FOLLOWER at term 92 for DISCOVERED_A_NEW_TERM
2019-10-17 07:43:16,915 [2a93f7e5-ecb9-41da-9c47-70e13ba76d7d@group-A9EE991D717F-LeaderElection102] INFO  impl.RoleInfo (RoleInfo.java:shutdownLeaderElection(134)) - 2a93f7e5-ecb9-41da-9c47-70e13ba76d7d: shutdown LeaderElection
2019-10-17 07:43:16,915 [2a93f7e5-ecb9-41da-9c47-70e13ba76d7d@group-A9EE991D717F-LeaderElection102] INFO  impl.RoleInfo (RoleInfo.java:updateAndGet(143)) - 2a93f7e5-ecb9-41da-9c47-70e13ba76d7d: start FollowerState
2019-10-17 07:43:16,940 [Thread-1095] INFO  impl.FollowerState (FollowerState.java:run(108)) - 2a93f7e5-ecb9-41da-9c47-70e13ba76d7d@group-A9EE991D717F-FollowerState: change to CANDIDATE, lastRpcTime:25ms, electionTimeout:25ms
2019-10-17 07:43:16,941 [Thread-1095] INFO  impl.RoleInfo (RoleInfo.java:shutdownFollowerState(121)) - 2a93f7e5-ecb9-41da-9c47-70e13ba76d7d: shutdown FollowerState
2019-10-17 07:43:16,941 [Thread-1095] INFO  impl.RaftServerImpl (RaftServerImpl.java:setRole(184)) - 2a93f7e5-ecb9-41da-9c47-70e13ba76d7d@group-A9EE991D717F: changes role from  FOLLOWER to CANDIDATE at term 92 for changeToCandidate
2019-10-17 07:43:16,941 [Thread-1095] INFO  impl.RoleInfo (RoleInfo.java:updateAndGet(143)) - 2a93f7e5-ecb9-41da-9c47-70e13ba76d7d: start LeaderElection
2019-10-17 07:43:16,964 [2a93f7e5-ecb9-41da-9c47-70e13ba76d7d@group-A9EE991D717F-LeaderElection103] INFO  impl.LeaderElection (LeaderElection.java:askForVotes(178)) - 2a93f7e5-ecb9-41da-9c47-70e13ba76d7d@group-A9EE991D717F-LeaderElection103: begin an election at term 93 for 0: [37bd8e8c-ea68-4b1c-8659-8d001c4f3b5c:192.168.34.62:41632, 24020d0b-ce61-4f5a-b0b0-c561541e8cd4:192.168.34.62:42892, 2a93f7e5-ecb9-41da-9c47-70e13ba76d7d:192.168.34.62:35412], old=null
2019-10-17 07:43:16,968 [grpc-default-executor-1] INFO  impl.RaftServerImpl (RaftServerImpl.java:setRole(184)) - 24020d0b-ce61-4f5a-b0b0-c561541e8cd4@group-A9EE991D717F: changes role from  FOLLOWER to FOLLOWER at term 93 for recognizeCandidate:2a93f7e5-ecb9-41da-9c47-70e13ba76d7d
2019-10-17 07:43:16,968 [grpc-default-executor-0] INFO  impl.RaftServerImpl (RaftServerImpl.java:setRole(184)) - 37bd8e8c-ea68-4b1c-8659-8d001c4f3b5c@group-A9EE991D717F: changes role from  FOLLOWER to FOLLOWER at term 93 for recognizeCandidate:2a93f7e5-ecb9-41da-9c47-70e13ba76d7d
2019-10-17 07:43:16,968 [grpc-default-executor-0] INFO  impl.RoleInfo (RoleInfo.java:shutdownFollowerState(121)) - 37bd8e8c-ea68-4b1c-8659-8d001c4f3b5c: shutdown FollowerState
2019-10-17 07:43:16,968 [grpc-default-executor-1] INFO  impl.RoleInfo (RoleInfo.java:shutdownFollowerState(121)) - 24020d0b-ce61-4f5a-b0b0-c561541e8cd4: shutdown FollowerState
2019-10-17 07:43:16,969 [Thread-1094] INFO  impl.FollowerState (FollowerState.java:run(117)) - 37bd8e8c-ea68-4b1c-8659-8d001c4f3b5c@group-A9EE991D717F-FollowerState was interrupted: java.lang.InterruptedException: sleep interrupted
2019-10-17 07:43:16,969 [grpc-default-executor-0] INFO  impl.RoleInfo (RoleInfo.java:updateAndGet(143)) - 37bd8e8c-ea68-4b1c-8659-8d001c4f3b5c: start FollowerState
2019-10-17 07:43:16,969 [Thread-1093] INFO  impl.FollowerState (FollowerState.java:run(117)) - 24020d0b-ce61-4f5a-b0b0-c561541e8cd4@group-A9EE991D717F-FollowerState was interrupted: java.lang.InterruptedException: sleep interrupted
2019-10-17 07:43:16,969 [grpc-default-executor-1] INFO  impl.RoleInfo (RoleInfo.java:updateAndGet(143)) - 24020d0b-ce61-4f5a-b0b0-c561541e8cd4: start FollowerState
2019-10-17 07:43:16,987 [2a93f7e5-ecb9-41da-9c47-70e13ba76d7d@group-A9EE991D717F-LeaderElection103] INFO  impl.LeaderElection (LeaderElection.java:logAndReturn(56)) - 2a93f7e5-ecb9-41da-9c47-70e13ba76d7d@group-A9EE991D717F-LeaderElection103: Election REJECTED; received 2 response(s) [2a93f7e5-ecb9-41da-9c47-70e13ba76d7d<-37bd8e8c-ea68-4b1c-8659-8d001c4f3b5c#0:FAIL-t93, 2a93f7e5-ecb9-41da-9c47-70e13ba76d7d<-24020d0b-ce61-4f5a-b0b0-c561541e8cd4#0:FAIL-t93] and 0 exception(s); 2a93f7e5-ecb9-41da-9c47-70e13ba76d7d@group-A9EE991D717F:t93, leader=null, voted=2a93f7e5-ecb9-41da-9c47-70e13ba76d7d, raftlog=2a93f7e5-ecb9-41da-9c47-70e13ba76d7d@group-A9EE991D717F-SegmentedRaftLog:OPENED:c-1,f0,i0, conf=0: [37bd8e8c-ea68-4b1c-8659-8d001c4f3b5c:192.168.34.62:41632, 24020d0b-ce61-4f5a-b0b0-c561541e8cd4:192.168.34.62:42892, 2a93f7e5-ecb9-41da-9c47-70e13ba76d7d:192.168.34.62:35412], old=null
2019-10-17 07:43:16,987 [2a93f7e5-ecb9-41da-9c47-70e13ba76d7d@group-A9EE991D717F-LeaderElection103] INFO  impl.RaftServerImpl (RaftServerImpl.java:setRole(184)) - 2a93f7e5-ecb9-41da-9c47-70e13ba76d7d@group-A9EE991D717F: changes role from CANDIDATE to FOLLOWER at term 93 for DISCOVERED_A_NEW_TERM
2019-10-17 07:43:16,987 [2a93f7e5-ecb9-41da-9c47-70e13ba76d7d@group-A9EE991D717F-LeaderElection103] INFO  impl.RoleInfo (RoleInfo.java:shutdownLeaderElection(134)) - 2a93f7e5-ecb9-41da-9c47-70e13ba76d7d: shutdown LeaderElection
2019-10-17 07:43:16,987 [2a93f7e5-ecb9-41da-9c47-70e13ba76d7d@group-A9EE991D717F-LeaderElection103] INFO  impl.RoleInfo (RoleInfo.java:updateAndGet(143)) - 2a93f7e5-ecb9-41da-9c47-70e13ba76d7d: start FollowerState
2019-10-17 07:43:17,028 [Thread-1101] INFO  impl.FollowerState (FollowerState.java:run(108)) - 2a93f7e5-ecb9-41da-9c47-70e13ba76d7d@group-A9EE991D717F-FollowerState: change to CANDIDATE, lastRpcTime:40ms, electionTimeout:40ms
2019-10-17 07:43:17,028 [Thread-1101] INFO  impl.RoleInfo (RoleInfo.java:shutdownFollowerState(121)) - 2a93f7e5-ecb9-41da-9c47-70e13ba76d7d: shutdown FollowerState
2019-10-17 07:43:17,028 [Thread-1101] INFO  impl.RaftServerImpl (RaftServerImpl.java:setRole(184)) - 2a93f7e5-ecb9-41da-9c47-70e13ba76d7d@group-A9EE991D717F: changes role from  FOLLOWER to CANDIDATE at term 93 for changeToCandidate
2019-10-17 07:43:17,028 [Thread-1101] INFO  impl.RoleInfo (RoleInfo.java:updateAndGet(143)) - 2a93f7e5-ecb9-41da-9c47-70e13ba76d7d: start LeaderElection
2019-10-17 07:43:17,052 [2a93f7e5-ecb9-41da-9c47-70e13ba76d7d@group-A9EE991D717F-LeaderElection104] INFO  impl.LeaderElection (LeaderElection.java:askForVotes(178)) - 2a93f7e5-ecb9-41da-9c47-70e13ba76d7d@group-A9EE991D717F-LeaderElection104: begin an election at term 94 for 0: [37bd8e8c-ea68-4b1c-8659-8d001c4f3b5c:192.168.34.62:41632, 24020d0b-ce61-4f5a-b0b0-c561541e8cd4:192.168.34.62:42892, 2a93f7e5-ecb9-41da-9c47-70e13ba76d7d:192.168.34.62:35412], old=null
2019-10-17 07:43:17,056 [grpc-default-executor-0] INFO  impl.RaftServerImpl (RaftServerImpl.java:setRole(184)) - 24020d0b-ce61-4f5a-b0b0-c561541e8cd4@group-A9EE991D717F: changes role from  FOLLOWER to FOLLOWER at term 94 for recognizeCandidate:2a93f7e5-ecb9-41da-9c47-70e13ba76d7d
2019-10-17 07:43:17,056 [grpc-default-executor-1] INFO  impl.RaftServerImpl (RaftServerImpl.java:setRole(184)) - 37bd8e8c-ea68-4b1c-8659-8d001c4f3b5c@group-A9EE991D717F: changes role from  FOLLOWER to FOLLOWER at term 94 for recognizeCandidate:2a93f7e5-ecb9-41da-9c47-70e13ba76d7d
2019-10-17 07:43:17,056 [grpc-default-executor-0] INFO  impl.RoleInfo (RoleInfo.java:shutdownFollowerState(121)) - 24020d0b-ce61-4f5a-b0b0-c561541e8cd4: shutdown FollowerState
2019-10-17 07:43:17,057 [grpc-default-executor-1] INFO  impl.RoleInfo (RoleInfo.java:shutdownFollowerState(121)) - 37bd8e8c-ea68-4b1c-8659-8d001c4f3b5c: shutdown FollowerState
2019-10-17 07:43:17,057 [grpc-default-executor-0] INFO  impl.RoleInfo (RoleInfo.java:updateAndGet(143)) - 24020d0b-ce61-4f5a-b0b0-c561541e8cd4: start FollowerState
2019-10-17 07:43:17,057 [Thread-1099] INFO  impl.FollowerState (FollowerState.java:run(117)) - 37bd8e8c-ea68-4b1c-8659-8d001c4f3b5c@group-A9EE991D717F-FollowerState was interrupted: java.lang.InterruptedException: sleep interrupted
2019-10-17 07:43:17,057 [Thread-1100] INFO  impl.FollowerState (FollowerState.java:run(117)) - 24020d0b-ce61-4f5a-b0b0-c561541e8cd4@group-A9EE991D717F-FollowerState was interrupted: java.lang.InterruptedException: sleep interrupted
2019-10-17 07:43:17,057 [grpc-default-executor-1] INFO  impl.RoleInfo (RoleInfo.java:updateAndGet(143)) - 37bd8e8c-ea68-4b1c-8659-8d001c4f3b5c: start FollowerState
2019-10-17 07:43:17,073 [2a93f7e5-ecb9-41da-9c47-70e13ba76d7d@group-A9EE991D717F-LeaderElection104] INFO  impl.LeaderElection (LeaderElection.java:logAndReturn(56)) - 2a93f7e5-ecb9-41da-9c47-70e13ba76d7d@group-A9EE991D717F-LeaderElection104: Election REJECTED; received 2 response(s) [2a93f7e5-ecb9-41da-9c47-70e13ba76d7d<-37bd8e8c-ea68-4b1c-8659-8d001c4f3b5c#0:FAIL-t94, 2a93f7e5-ecb9-41da-9c47-70e13ba76d7d<-24020d0b-ce61-4f5a-b0b0-c561541e8cd4#0:FAIL-t94] and 0 exception(s); 2a93f7e5-ecb9-41da-9c47-70e13ba76d7d@group-A9EE991D717F:t94, leader=null, voted=2a93f7e5-ecb9-41da-9c47-70e13ba76d7d, raftlog=2a93f7e5-ecb9-41da-9c47-70e13ba76d7d@group-A9EE991D717F-SegmentedRaftLog:OPENED:c-1,f0,i0, conf=0: [37bd8e8c-ea68-4b1c-8659-8d001c4f3b5c:192.168.34.62:41632, 24020d0b-ce61-4f5a-b0b0-c561541e8cd4:192.168.34.62:42892, 2a93f7e5-ecb9-41da-9c47-70e13ba76d7d:192.168.34.62:35412], old=null
2019-10-17 07:43:17,073 [2a93f7e5-ecb9-41da-9c47-70e13ba76d7d@group-A9EE991D717F-LeaderElection104] INFO  impl.RaftServerImpl (RaftServerImpl.java:setRole(184)) - 2a93f7e5-ecb9-41da-9c47-70e13ba76d7d@group-A9EE991D717F: changes role from CANDIDATE to FOLLOWER at term 94 for DISCOVERED_A_NEW_TERM
2019-10-17 07:43:17,073 [2a93f7e5-ecb9-41da-9c47-70e13ba76d7d@group-A9EE991D717F-LeaderElection104] INFO  impl.RoleInfo (RoleInfo.java:shutdownLeaderElection(134)) - 2a93f7e5-ecb9-41da-9c47-70e13ba76d7d: shutdown LeaderElection
2019-10-17 07:43:17,073 [2a93f7e5-ecb9-41da-9c47-70e13ba76d7d@group-A9EE991D717F-LeaderElection104] INFO  impl.RoleInfo (RoleInfo.java:updateAndGet(143)) - 2a93f7e5-ecb9-41da-9c47-70e13ba76d7d: start FollowerState
2019-10-17 07:43:17,102 [Thread-1107] INFO  impl.FollowerState (FollowerState.java:run(108)) - 2a93f7e5-ecb9-41da-9c47-70e13ba76d7d@group-A9EE991D717F-FollowerState: change to CANDIDATE, lastRpcTime:28ms, electionTimeout:28ms
2019-10-17 07:43:17,102 [Thread-1107] INFO  impl.RoleInfo (RoleInfo.java:shutdownFollowerState(121)) - 2a93f7e5-ecb9-41da-9c47-70e13ba76d7d: shutdown FollowerState
2019-10-17 07:43:17,102 [Thread-1107] INFO  impl.RaftServerImpl (RaftServerImpl.java:setRole(184)) - 2a93f7e5-ecb9-41da-9c47-70e13ba76d7d@group-A9EE991D717F: changes role from  FOLLOWER to CANDIDATE at term 94 for changeToCandidate
2019-10-17 07:43:17,102 [Thread-1107] INFO  impl.RoleInfo (RoleInfo.java:updateAndGet(143)) - 2a93f7e5-ecb9-41da-9c47-70e13ba76d7d: start LeaderElection
2019-10-17 07:43:17,136 [2a93f7e5-ecb9-41da-9c47-70e13ba76d7d@group-A9EE991D717F-LeaderElection105] INFO  impl.LeaderElection (LeaderElection.java:askForVotes(178)) - 2a93f7e5-ecb9-41da-9c47-70e13ba76d7d@group-A9EE991D717F-LeaderElection105: begin an election at term 95 for 0: [37bd8e8c-ea68-4b1c-8659-8d001c4f3b5c:192.168.34.62:41632, 24020d0b-ce61-4f5a-b0b0-c561541e8cd4:192.168.34.62:42892, 2a93f7e5-ecb9-41da-9c47-70e13ba76d7d:192.168.34.62:35412], old=null
2019-10-17 07:43:17,140 [grpc-default-executor-0] INFO  impl.RaftServerImpl (RaftServerImpl.java:setRole(184)) - 24020d0b-ce61-4f5a-b0b0-c561541e8cd4@group-A9EE991D717F: changes role from  FOLLOWER to FOLLOWER at term 95 for recognizeCandidate:2a93f7e5-ecb9-41da-9c47-70e13ba76d7d
2019-10-17 07:43:17,140 [grpc-default-executor-0] INFO  impl.RoleInfo (RoleInfo.java:shutdownFollowerState(121)) - 24020d0b-ce61-4f5a-b0b0-c561541e8cd4: shutdown FollowerState
2019-10-17 07:43:17,140 [grpc-default-executor-1] INFO  impl.RaftServerImpl (RaftServerImpl.java:setRole(184)) - 37bd8e8c-ea68-4b1c-8659-8d001c4f3b5c@group-A9EE991D717F: changes role from  FOLLOWER to FOLLOWER at term 95 for recognizeCandidate:2a93f7e5-ecb9-41da-9c47-70e13ba76d7d
2019-10-17 07:43:17,140 [grpc-default-executor-1] INFO  impl.RoleInfo (RoleInfo.java:shutdownFollowerState(121)) - 37bd8e8c-ea68-4b1c-8659-8d001c4f3b5c: shutdown FollowerState
2019-10-17 07:43:17,140 [Thread-1105] INFO  impl.FollowerState (FollowerState.java:run(117)) - 24020d0b-ce61-4f5a-b0b0-c561541e8cd4@group-A9EE991D717F-FollowerState was interrupted: java.lang.InterruptedException: sleep interrupted
2019-10-17 07:43:17,140 [grpc-default-executor-0] INFO  impl.RoleInfo (RoleInfo.java:updateAndGet(143)) - 24020d0b-ce61-4f5a-b0b0-c561541e8cd4: start FollowerState
2019-10-17 07:43:17,140 [Thread-1106] INFO  impl.FollowerState (FollowerState.java:run(117)) - 37bd8e8c-ea68-4b1c-8659-8d001c4f3b5c@group-A9EE991D717F-FollowerState was interrupted: java.lang.InterruptedException: sleep interrupted
2019-10-17 07:43:17,140 [grpc-default-executor-1] INFO  impl.RoleInfo (RoleInfo.java:updateAndGet(143)) - 37bd8e8c-ea68-4b1c-8659-8d001c4f3b5c: start FollowerState
2019-10-17 07:43:17,155 [2a93f7e5-ecb9-41da-9c47-70e13ba76d7d@group-A9EE991D717F-LeaderElection105] INFO  impl.LeaderElection (LeaderElection.java:logAndReturn(56)) - 2a93f7e5-ecb9-41da-9c47-70e13ba76d7d@group-A9EE991D717F-LeaderElection105: Election REJECTED; received 2 response(s) [2a93f7e5-ecb9-41da-9c47-70e13ba76d7d<-37bd8e8c-ea68-4b1c-8659-8d001c4f3b5c#0:FAIL-t95, 2a93f7e5-ecb9-41da-9c47-70e13ba76d7d<-24020d0b-ce61-4f5a-b0b0-c561541e8cd4#0:FAIL-t95] and 0 exception(s); 2a93f7e5-ecb9-41da-9c47-70e13ba76d7d@group-A9EE991D717F:t95, leader=null, voted=2a93f7e5-ecb9-41da-9c47-70e13ba76d7d, raftlog=2a93f7e5-ecb9-41da-9c47-70e13ba76d7d@group-A9EE991D717F-SegmentedRaftLog:OPENED:c-1,f0,i0, conf=0: [37bd8e8c-ea68-4b1c-8659-8d001c4f3b5c:192.168.34.62:41632, 24020d0b-ce61-4f5a-b0b0-c561541e8cd4:192.168.34.62:42892, 2a93f7e5-ecb9-41da-9c47-70e13ba76d7d:192.168.34.62:35412], old=null
2019-10-17 07:43:17,155 [2a93f7e5-ecb9-41da-9c47-70e13ba76d7d@group-A9EE991D717F-LeaderElection105] INFO  impl.RaftServerImpl (RaftServerImpl.java:setRole(184)) - 2a93f7e5-ecb9-41da-9c47-70e13ba76d7d@group-A9EE991D717F: changes role from CANDIDATE to FOLLOWER at term 95 for DISCOVERED_A_NEW_TERM
2019-10-17 07:43:17,155 [2a93f7e5-ecb9-41da-9c47-70e13ba76d7d@group-A9EE991D717F-LeaderElection105] INFO  impl.RoleInfo (RoleInfo.java:shutdownLeaderElection(134)) - 2a93f7e5-ecb9-41da-9c47-70e13ba76d7d: shutdown LeaderElection
2019-10-17 07:43:17,155 [2a93f7e5-ecb9-41da-9c47-70e13ba76d7d@group-A9EE991D717F-LeaderElection105] INFO  impl.RoleInfo (RoleInfo.java:updateAndGet(143)) - 2a93f7e5-ecb9-41da-9c47-70e13ba76d7d: start FollowerState
2019-10-17 07:43:17,321 [Thread-1113] INFO  impl.FollowerState (FollowerState.java:run(108)) - 2a93f7e5-ecb9-41da-9c47-70e13ba76d7d@group-A9EE991D717F-FollowerState: change to CANDIDATE, lastRpcTime:165ms, electionTimeout:165ms
2019-10-17 07:43:17,321 [Thread-1113] INFO  impl.RoleInfo (RoleInfo.java:shutdownFollowerState(121)) - 2a93f7e5-ecb9-41da-9c47-70e13ba76d7d: shutdown FollowerState
2019-10-17 07:43:17,321 [Thread-1113] INFO  impl.RaftServerImpl (RaftServerImpl.java:setRole(184)) - 2a93f7e5-ecb9-41da-9c47-70e13ba76d7d@group-A9EE991D717F: changes role from  FOLLOWER to CANDIDATE at term 95 for changeToCandidate
2019-10-17 07:43:17,321 [Thread-1113] INFO  impl.RoleInfo (RoleInfo.java:updateAndGet(143)) - 2a93f7e5-ecb9-41da-9c47-70e13ba76d7d: start LeaderElection
2019-10-17 07:43:17,345 [2a93f7e5-ecb9-41da-9c47-70e13ba76d7d@group-A9EE991D717F-LeaderElection106] INFO  impl.LeaderElection (LeaderElection.java:askForVotes(178)) - 2a93f7e5-ecb9-41da-9c47-70e13ba76d7d@group-A9EE991D717F-LeaderElection106: begin an election at term 96 for 0: [37bd8e8c-ea68-4b1c-8659-8d001c4f3b5c:192.168.34.62:41632, 24020d0b-ce61-4f5a-b0b0-c561541e8cd4:192.168.34.62:42892, 2a93f7e5-ecb9-41da-9c47-70e13ba76d7d:192.168.34.62:35412], old=null
2019-10-17 07:43:17,348 [grpc-default-executor-0] INFO  impl.RaftServerImpl (RaftServerImpl.java:setRole(184)) - 37bd8e8c-ea68-4b1c-8659-8d001c4f3b5c@group-A9EE991D717F: changes role from  FOLLOWER to FOLLOWER at term 96 for recognizeCandidate:2a93f7e5-ecb9-41da-9c47-70e13ba76d7d
2019-10-17 07:43:17,348 [grpc-default-executor-1] INFO  impl.RaftServerImpl (RaftServerImpl.java:setRole(184)) - 24020d0b-ce61-4f5a-b0b0-c561541e8cd4@group-A9EE991D717F: changes role from  FOLLOWER to FOLLOWER at term 96 for recognizeCandidate:2a93f7e5-ecb9-41da-9c47-70e13ba76d7d
2019-10-17 07:43:17,348 [grpc-default-executor-0] INFO  impl.RoleInfo (RoleInfo.java:shutdownFollowerState(121)) - 37bd8e8c-ea68-4b1c-8659-8d001c4f3b5c: shutdown FollowerState
2019-10-17 07:43:17,349 [grpc-default-executor-1] INFO  impl.RoleInfo (RoleInfo.java:shutdownFollowerState(121)) - 24020d0b-ce61-4f5a-b0b0-c561541e8cd4: shutdown FollowerState
2019-10-17 07:43:17,349 [Thread-1112] INFO  impl.FollowerState (FollowerState.java:run(117)) - 37bd8e8c-ea68-4b1c-8659-8d001c4f3b5c@group-A9EE991D717F-FollowerState was interrupted: java.lang.InterruptedException: sleep interrupted
2019-10-17 07:43:17,349 [grpc-default-executor-0] INFO  impl.RoleInfo (RoleInfo.java:updateAndGet(143)) - 37bd8e8c-ea68-4b1c-8659-8d001c4f3b5c: start FollowerState
2019-10-17 07:43:17,349 [Thread-1111] INFO  impl.FollowerState (FollowerState.java:run(117)) - 24020d0b-ce61-4f5a-b0b0-c561541e8cd4@group-A9EE991D717F-FollowerState was interrupted: java.lang.InterruptedException: sleep interrupted
2019-10-17 07:43:17,349 [grpc-default-executor-1] INFO  impl.RoleInfo (RoleInfo.java:updateAndGet(143)) - 24020d0b-ce61-4f5a-b0b0-c561541e8cd4: start FollowerState
2019-10-17 07:43:17,381 [2a93f7e5-ecb9-41da-9c47-70e13ba76d7d@group-A9EE991D717F-LeaderElection106] INFO  impl.LeaderElection (LeaderElection.java:logAndReturn(56)) - 2a93f7e5-ecb9-41da-9c47-70e13ba76d7d@group-A9EE991D717F-LeaderElection106: Election REJECTED; received 2 response(s) [2a93f7e5-ecb9-41da-9c47-70e13ba76d7d<-37bd8e8c-ea68-4b1c-8659-8d001c4f3b5c#0:FAIL-t96, 2a93f7e5-ecb9-41da-9c47-70e13ba76d7d<-24020d0b-ce61-4f5a-b0b0-c561541e8cd4#0:FAIL-t96] and 0 exception(s); 2a93f7e5-ecb9-41da-9c47-70e13ba76d7d@group-A9EE991D717F:t96, leader=null, voted=2a93f7e5-ecb9-41da-9c47-70e13ba76d7d, raftlog=2a93f7e5-ecb9-41da-9c47-70e13ba76d7d@group-A9EE991D717F-SegmentedRaftLog:OPENED:c-1,f0,i0, conf=0: [37bd8e8c-ea68-4b1c-8659-8d001c4f3b5c:192.168.34.62:41632, 24020d0b-ce61-4f5a-b0b0-c561541e8cd4:192.168.34.62:42892, 2a93f7e5-ecb9-41da-9c47-70e13ba76d7d:192.168.34.62:35412], old=null
2019-10-17 07:43:17,381 [2a93f7e5-ecb9-41da-9c47-70e13ba76d7d@group-A9EE991D717F-LeaderElection106] INFO  impl.RaftServerImpl (RaftServerImpl.java:setRole(184)) - 2a93f7e5-ecb9-41da-9c47-70e13ba76d7d@group-A9EE991D717F: changes role from CANDIDATE to FOLLOWER at term 96 for DISCOVERED_A_NEW_TERM
2019-10-17 07:43:17,382 [2a93f7e5-ecb9-41da-9c47-70e13ba76d7d@group-A9EE991D717F-LeaderElection106] INFO  impl.RoleInfo (RoleInfo.java:shutdownLeaderElection(134)) - 2a93f7e5-ecb9-41da-9c47-70e13ba76d7d: shutdown LeaderElection
2019-10-17 07:43:17,382 [2a93f7e5-ecb9-41da-9c47-70e13ba76d7d@group-A9EE991D717F-LeaderElection106] INFO  impl.RoleInfo (RoleInfo.java:updateAndGet(143)) - 2a93f7e5-ecb9-41da-9c47-70e13ba76d7d: start FollowerState
2019-10-17 07:43:17,419 [Thread-1119] INFO  impl.FollowerState (FollowerState.java:run(108)) - 2a93f7e5-ecb9-41da-9c47-70e13ba76d7d@group-A9EE991D717F-FollowerState: change to CANDIDATE, lastRpcTime:37ms, electionTimeout:37ms
2019-10-17 07:43:17,420 [Thread-1119] INFO  impl.RoleInfo (RoleInfo.java:shutdownFollowerState(121)) - 2a93f7e5-ecb9-41da-9c47-70e13ba76d7d: shutdown FollowerState
2019-10-17 07:43:17,420 [Thread-1119] INFO  impl.RaftServerImpl (RaftServerImpl.java:setRole(184)) - 2a93f7e5-ecb9-41da-9c47-70e13ba76d7d@group-A9EE991D717F: changes role from  FOLLOWER to CANDIDATE at term 96 for changeToCandidate
2019-10-17 07:43:17,420 [Thread-1119] INFO  impl.RoleInfo (RoleInfo.java:updateAndGet(143)) - 2a93f7e5-ecb9-41da-9c47-70e13ba76d7d: start LeaderElection
2019-10-17 07:43:17,458 [2a93f7e5-ecb9-41da-9c47-70e13ba76d7d@group-A9EE991D717F-LeaderElection107] INFO  impl.LeaderElection (LeaderElection.java:askForVotes(178)) - 2a93f7e5-ecb9-41da-9c47-70e13ba76d7d@group-A9EE991D717F-LeaderElection107: begin an election at term 97 for 0: [37bd8e8c-ea68-4b1c-8659-8d001c4f3b5c:192.168.34.62:41632, 24020d0b-ce61-4f5a-b0b0-c561541e8cd4:192.168.34.62:42892, 2a93f7e5-ecb9-41da-9c47-70e13ba76d7d:192.168.34.62:35412], old=null
2019-10-17 07:43:17,461 [grpc-default-executor-0] INFO  impl.RaftServerImpl (RaftServerImpl.java:setRole(184)) - 37bd8e8c-ea68-4b1c-8659-8d001c4f3b5c@group-A9EE991D717F: changes role from  FOLLOWER to FOLLOWER at term 97 for recognizeCandidate:2a93f7e5-ecb9-41da-9c47-70e13ba76d7d
2019-10-17 07:43:17,461 [grpc-default-executor-0] INFO  impl.RoleInfo (RoleInfo.java:shutdownFollowerState(121)) - 37bd8e8c-ea68-4b1c-8659-8d001c4f3b5c: shutdown FollowerState
2019-10-17 07:43:17,461 [grpc-default-executor-1] INFO  impl.RaftServerImpl (RaftServerImpl.java:setRole(184)) - 24020d0b-ce61-4f5a-b0b0-c561541e8cd4@group-A9EE991D717F: changes role from  FOLLOWER to FOLLOWER at term 97 for recognizeCandidate:2a93f7e5-ecb9-41da-9c47-70e13ba76d7d
2019-10-17 07:43:17,461 [Thread-1117] INFO  impl.FollowerState (FollowerState.java:run(117)) - 37bd8e8c-ea68-4b1c-8659-8d001c4f3b5c@group-A9EE991D717F-FollowerState was interrupted: java.lang.InterruptedException: sleep interrupted
2019-10-17 07:43:17,461 [grpc-default-executor-0] INFO  impl.RoleInfo (RoleInfo.java:updateAndGet(143)) - 37bd8e8c-ea68-4b1c-8659-8d001c4f3b5c: start FollowerState
2019-10-17 07:43:17,462 [grpc-default-executor-1] INFO  impl.RoleInfo (RoleInfo.java:shutdownFollowerState(121)) - 24020d0b-ce61-4f5a-b0b0-c561541e8cd4: shutdown FollowerState
2019-10-17 07:43:17,462 [grpc-default-executor-1] INFO  impl.RoleInfo (RoleInfo.java:updateAndGet(143)) - 24020d0b-ce61-4f5a-b0b0-c561541e8cd4: start FollowerState
2019-10-17 07:43:17,462 [Thread-1118] INFO  impl.FollowerState (FollowerState.java:run(117)) - 24020d0b-ce61-4f5a-b0b0-c561541e8cd4@group-A9EE991D717F-FollowerState was interrupted: java.lang.InterruptedException: sleep interrupted
2019-10-17 07:43:17,478 [2a93f7e5-ecb9-41da-9c47-70e13ba76d7d@group-A9EE991D717F-LeaderElection107] INFO  impl.LeaderElection (LeaderElection.java:logAndReturn(56)) - 2a93f7e5-ecb9-41da-9c47-70e13ba76d7d@group-A9EE991D717F-LeaderElection107: Election REJECTED; received 2 response(s) [2a93f7e5-ecb9-41da-9c47-70e13ba76d7d<-37bd8e8c-ea68-4b1c-8659-8d001c4f3b5c#0:FAIL-t97, 2a93f7e5-ecb9-41da-9c47-70e13ba76d7d<-24020d0b-ce61-4f5a-b0b0-c561541e8cd4#0:FAIL-t97] and 0 exception(s); 2a93f7e5-ecb9-41da-9c47-70e13ba76d7d@group-A9EE991D717F:t97, leader=null, voted=2a93f7e5-ecb9-41da-9c47-70e13ba76d7d, raftlog=2a93f7e5-ecb9-41da-9c47-70e13ba76d7d@group-A9EE991D717F-SegmentedRaftLog:OPENED:c-1,f0,i0, conf=0: [37bd8e8c-ea68-4b1c-8659-8d001c4f3b5c:192.168.34.62:41632, 24020d0b-ce61-4f5a-b0b0-c561541e8cd4:192.168.34.62:42892, 2a93f7e5-ecb9-41da-9c47-70e13ba76d7d:192.168.34.62:35412], old=null
2019-10-17 07:43:17,478 [2a93f7e5-ecb9-41da-9c47-70e13ba76d7d@group-A9EE991D717F-LeaderElection107] INFO  impl.RaftServerImpl (RaftServerImpl.java:setRole(184)) - 2a93f7e5-ecb9-41da-9c47-70e13ba76d7d@group-A9EE991D717F: changes role from CANDIDATE to FOLLOWER at term 97 for DISCOVERED_A_NEW_TERM
2019-10-17 07:43:17,478 [2a93f7e5-ecb9-41da-9c47-70e13ba76d7d@group-A9EE991D717F-LeaderElection107] INFO  impl.RoleInfo (RoleInfo.java:shutdownLeaderElection(134)) - 2a93f7e5-ecb9-41da-9c47-70e13ba76d7d: shutdown LeaderElection
2019-10-17 07:43:17,479 [2a93f7e5-ecb9-41da-9c47-70e13ba76d7d@group-A9EE991D717F-LeaderElection107] INFO  impl.RoleInfo (RoleInfo.java:updateAndGet(143)) - 2a93f7e5-ecb9-41da-9c47-70e13ba76d7d: start FollowerState
2019-10-17 07:43:17,592 [Thread-1125] INFO  impl.FollowerState (FollowerState.java:run(108)) - 2a93f7e5-ecb9-41da-9c47-70e13ba76d7d@group-A9EE991D717F-FollowerState: change to CANDIDATE, lastRpcTime:113ms, electionTimeout:113ms
2019-10-17 07:43:17,592 [Thread-1125] INFO  impl.RoleInfo (RoleInfo.java:shutdownFollowerState(121)) - 2a93f7e5-ecb9-41da-9c47-70e13ba76d7d: shutdown FollowerState
2019-10-17 07:43:17,592 [Thread-1125] INFO  impl.RaftServerImpl (RaftServerImpl.java:setRole(184)) - 2a93f7e5-ecb9-41da-9c47-70e13ba76d7d@group-A9EE991D717F: changes role from  FOLLOWER to CANDIDATE at term 97 for changeToCandidate
2019-10-17 07:43:17,593 [Thread-1125] INFO  impl.RoleInfo (RoleInfo.java:updateAndGet(143)) - 2a93f7e5-ecb9-41da-9c47-70e13ba76d7d: start LeaderElection
2019-10-17 07:43:17,617 [2a93f7e5-ecb9-41da-9c47-70e13ba76d7d@group-A9EE991D717F-LeaderElection108] INFO  impl.LeaderElection (LeaderElection.java:askForVotes(178)) - 2a93f7e5-ecb9-41da-9c47-70e13ba76d7d@group-A9EE991D717F-LeaderElection108: begin an election at term 98 for 0: [37bd8e8c-ea68-4b1c-8659-8d001c4f3b5c:192.168.34.62:41632, 24020d0b-ce61-4f5a-b0b0-c561541e8cd4:192.168.34.62:42892, 2a93f7e5-ecb9-41da-9c47-70e13ba76d7d:192.168.34.62:35412], old=null
2019-10-17 07:43:17,620 [grpc-default-executor-0] INFO  impl.RaftServerImpl (RaftServerImpl.java:setRole(184)) - 37bd8e8c-ea68-4b1c-8659-8d001c4f3b5c@group-A9EE991D717F: changes role from  FOLLOWER to FOLLOWER at term 98 for recognizeCandidate:2a93f7e5-ecb9-41da-9c47-70e13ba76d7d
2019-10-17 07:43:17,620 [grpc-default-executor-0] INFO  impl.RoleInfo (RoleInfo.java:shutdownFollowerState(121)) - 37bd8e8c-ea68-4b1c-8659-8d001c4f3b5c: shutdown FollowerState
2019-10-17 07:43:17,620 [grpc-default-executor-1] INFO  impl.RaftServerImpl (RaftServerImpl.java:setRole(184)) - 24020d0b-ce61-4f5a-b0b0-c561541e8cd4@group-A9EE991D717F: changes role from  FOLLOWER to FOLLOWER at term 98 for recognizeCandidate:2a93f7e5-ecb9-41da-9c47-70e13ba76d7d
2019-10-17 07:43:17,620 [grpc-default-executor-1] INFO  impl.RoleInfo (RoleInfo.java:shutdownFollowerState(121)) - 24020d0b-ce61-4f5a-b0b0-c561541e8cd4: shutdown FollowerState
2019-10-17 07:43:17,620 [Thread-1123] INFO  impl.FollowerState (FollowerState.java:run(117)) - 37bd8e8c-ea68-4b1c-8659-8d001c4f3b5c@group-A9EE991D717F-FollowerState was interrupted: java.lang.InterruptedException: sleep interrupted
2019-10-17 07:43:17,620 [Thread-1124] INFO  impl.FollowerState (FollowerState.java:run(117)) - 24020d0b-ce61-4f5a-b0b0-c561541e8cd4@group-A9EE991D717F-FollowerState was interrupted: java.lang.InterruptedException: sleep interrupted
2019-10-17 07:43:17,620 [grpc-default-executor-0] INFO  impl.RoleInfo (RoleInfo.java:updateAndGet(143)) - 37bd8e8c-ea68-4b1c-8659-8d001c4f3b5c: start FollowerState
2019-10-17 07:43:17,620 [grpc-default-executor-1] INFO  impl.RoleInfo (RoleInfo.java:updateAndGet(143)) - 24020d0b-ce61-4f5a-b0b0-c561541e8cd4: start FollowerState
2019-10-17 07:43:17,642 [2a93f7e5-ecb9-41da-9c47-70e13ba76d7d@group-A9EE991D717F-LeaderElection108] INFO  impl.LeaderElection (LeaderElection.java:logAndReturn(56)) - 2a93f7e5-ecb9-41da-9c47-70e13ba76d7d@group-A9EE991D717F-LeaderElection108: Election TIMEOUT; received 0 response(s) [] and 0 exception(s); 2a93f7e5-ecb9-41da-9c47-70e13ba76d7d@group-A9EE991D717F:t98, leader=null, voted=2a93f7e5-ecb9-41da-9c47-70e13ba76d7d, raftlog=2a93f7e5-ecb9-41da-9c47-70e13ba76d7d@group-A9EE991D717F-SegmentedRaftLog:OPENED:c-1,f0,i0, conf=0: [37bd8e8c-ea68-4b1c-8659-8d001c4f3b5c:192.168.34.62:41632, 24020d0b-ce61-4f5a-b0b0-c561541e8cd4:192.168.34.62:42892, 2a93f7e5-ecb9-41da-9c47-70e13ba76d7d:192.168.34.62:35412], old=null
2019-10-17 07:43:17,647 [2a93f7e5-ecb9-41da-9c47-70e13ba76d7d@group-A9EE991D717F-LeaderElection108] INFO  impl.LeaderElection (LeaderElection.java:askForVotes(178)) - 2a93f7e5-ecb9-41da-9c47-70e13ba76d7d@group-A9EE991D717F-LeaderElection108: begin an election at term 99 for 0: [37bd8e8c-ea68-4b1c-8659-8d001c4f3b5c:192.168.34.62:41632, 24020d0b-ce61-4f5a-b0b0-c561541e8cd4:192.168.34.62:42892, 2a93f7e5-ecb9-41da-9c47-70e13ba76d7d:192.168.34.62:35412], old=null
2019-10-17 07:43:17,650 [grpc-default-executor-0] INFO  impl.RaftServerImpl (RaftServerImpl.java:setRole(184)) - 37bd8e8c-ea68-4b1c-8659-8d001c4f3b5c@group-A9EE991D717F: changes role from  FOLLOWER to FOLLOWER at term 99 for recognizeCandidate:2a93f7e5-ecb9-41da-9c47-70e13ba76d7d
2019-10-17 07:43:17,650 [grpc-default-executor-0] INFO  impl.RoleInfo (RoleInfo.java:shutdownFollowerState(121)) - 37bd8e8c-ea68-4b1c-8659-8d001c4f3b5c: shutdown FollowerState
2019-10-17 07:43:17,650 [grpc-default-executor-0] INFO  impl.RoleInfo (RoleInfo.java:updateAndGet(143)) - 37bd8e8c-ea68-4b1c-8659-8d001c4f3b5c: start FollowerState
2019-10-17 07:43:17,650 [grpc-default-executor-1] INFO  impl.RaftServerImpl (RaftServerImpl.java:setRole(184)) - 24020d0b-ce61-4f5a-b0b0-c561541e8cd4@group-A9EE991D717F: changes role from  FOLLOWER to FOLLOWER at term 99 for recognizeCandidate:2a93f7e5-ecb9-41da-9c47-70e13ba76d7d
2019-10-17 07:43:17,651 [grpc-default-executor-1] INFO  impl.RoleInfo (RoleInfo.java:shutdownFollowerState(121)) - 24020d0b-ce61-4f5a-b0b0-c561541e8cd4: shutdown FollowerState
2019-10-17 07:43:17,650 [Thread-1129] INFO  impl.FollowerState (FollowerState.java:run(117)) - 37bd8e8c-ea68-4b1c-8659-8d001c4f3b5c@group-A9EE991D717F-FollowerState was interrupted: java.lang.InterruptedException: sleep interrupted
2019-10-17 07:43:17,651 [Thread-1130] INFO  impl.FollowerState (FollowerState.java:run(117)) - 24020d0b-ce61-4f5a-b0b0-c561541e8cd4@group-A9EE991D717F-FollowerState was interrupted: java.lang.InterruptedException: sleep interrupted
2019-10-17 07:43:17,651 [grpc-default-executor-1] INFO  impl.RoleInfo (RoleInfo.java:updateAndGet(143)) - 24020d0b-ce61-4f5a-b0b0-c561541e8cd4: start FollowerState
2019-10-17 07:43:17,675 [2a93f7e5-ecb9-41da-9c47-70e13ba76d7d@group-A9EE991D717F-LeaderElection108] INFO  impl.LeaderElection (LeaderElection.java:logAndReturn(56)) - 2a93f7e5-ecb9-41da-9c47-70e13ba76d7d@group-A9EE991D717F-LeaderElection108: Election REJECTED; received 2 response(s) [2a93f7e5-ecb9-41da-9c47-70e13ba76d7d<-37bd8e8c-ea68-4b1c-8659-8d001c4f3b5c#0:FAIL-t99, 2a93f7e5-ecb9-41da-9c47-70e13ba76d7d<-24020d0b-ce61-4f5a-b0b0-c561541e8cd4#0:FAIL-t99] and 0 exception(s); 2a93f7e5-ecb9-41da-9c47-70e13ba76d7d@group-A9EE991D717F:t99, leader=null, voted=2a93f7e5-ecb9-41da-9c47-70e13ba76d7d, raftlog=2a93f7e5-ecb9-41da-9c47-70e13ba76d7d@group-A9EE991D717F-SegmentedRaftLog:OPENED:c-1,f0,i0, conf=0: [37bd8e8c-ea68-4b1c-8659-8d001c4f3b5c:192.168.34.62:41632, 24020d0b-ce61-4f5a-b0b0-c561541e8cd4:192.168.34.62:42892, 2a93f7e5-ecb9-41da-9c47-70e13ba76d7d:192.168.34.62:35412], old=null
2019-10-17 07:43:17,675 [2a93f7e5-ecb9-41da-9c47-70e13ba76d7d@group-A9EE991D717F-LeaderElection108] INFO  impl.RaftServerImpl (RaftServerImpl.java:setRole(184)) - 2a93f7e5-ecb9-41da-9c47-70e13ba76d7d@group-A9EE991D717F: changes role from CANDIDATE to FOLLOWER at term 99 for DISCOVERED_A_NEW_TERM
2019-10-17 07:43:17,675 [2a93f7e5-ecb9-41da-9c47-70e13ba76d7d@group-A9EE991D717F-LeaderElection108] INFO  impl.RoleInfo (RoleInfo.java:shutdownLeaderElection(134)) - 2a93f7e5-ecb9-41da-9c47-70e13ba76d7d: shutdown LeaderElection
2019-10-17 07:43:17,676 [2a93f7e5-ecb9-41da-9c47-70e13ba76d7d@group-A9EE991D717F-LeaderElection108] INFO  impl.RoleInfo (RoleInfo.java:updateAndGet(143)) - 2a93f7e5-ecb9-41da-9c47-70e13ba76d7d: start FollowerState
2019-10-17 07:43:17,697 [Thread-1135] INFO  impl.FollowerState (FollowerState.java:run(108)) - 2a93f7e5-ecb9-41da-9c47-70e13ba76d7d@group-A9EE991D717F-FollowerState: change to CANDIDATE, lastRpcTime:21ms, electionTimeout:21ms
2019-10-17 07:43:17,697 [Thread-1135] INFO  impl.RoleInfo (RoleInfo.java:shutdownFollowerState(121)) - 2a93f7e5-ecb9-41da-9c47-70e13ba76d7d: shutdown FollowerState
2019-10-17 07:43:17,697 [Thread-1135] INFO  impl.RaftServerImpl (RaftServerImpl.java:setRole(184)) - 2a93f7e5-ecb9-41da-9c47-70e13ba76d7d@group-A9EE991D717F: changes role from  FOLLOWER to CANDIDATE at term 99 for changeToCandidate
2019-10-17 07:43:17,698 [Thread-1135] INFO  impl.RoleInfo (RoleInfo.java:updateAndGet(143)) - 2a93f7e5-ecb9-41da-9c47-70e13ba76d7d: start LeaderElection
2019-10-17 07:43:17,722 [2a93f7e5-ecb9-41da-9c47-70e13ba76d7d@group-A9EE991D717F-LeaderElection109] INFO  impl.LeaderElection (LeaderElection.java:askForVotes(178)) - 2a93f7e5-ecb9-41da-9c47-70e13ba76d7d@group-A9EE991D717F-LeaderElection109: begin an election at term 100 for 0: [37bd8e8c-ea68-4b1c-8659-8d001c4f3b5c:192.168.34.62:41632, 24020d0b-ce61-4f5a-b0b0-c561541e8cd4:192.168.34.62:42892, 2a93f7e5-ecb9-41da-9c47-70e13ba76d7d:192.168.34.62:35412], old=null
2019-10-17 07:43:17,724 [grpc-default-executor-0] INFO  impl.RaftServerImpl (RaftServerImpl.java:setRole(184)) - 37bd8e8c-ea68-4b1c-8659-8d001c4f3b5c@group-A9EE991D717F: changes role from  FOLLOWER to FOLLOWER at term 100 for recognizeCandidate:2a93f7e5-ecb9-41da-9c47-70e13ba76d7d
2019-10-17 07:43:17,725 [grpc-default-executor-0] INFO  impl.RoleInfo (RoleInfo.java:shutdownFollowerState(121)) - 37bd8e8c-ea68-4b1c-8659-8d001c4f3b5c: shutdown FollowerState
2019-10-17 07:43:17,725 [grpc-default-executor-0] INFO  impl.RoleInfo (RoleInfo.java:updateAndGet(143)) - 37bd8e8c-ea68-4b1c-8659-8d001c4f3b5c: start FollowerState
2019-10-17 07:43:17,725 [grpc-default-executor-1] INFO  impl.RaftServerImpl (RaftServerImpl.java:setRole(184)) - 24020d0b-ce61-4f5a-b0b0-c561541e8cd4@group-A9EE991D717F: changes role from  FOLLOWER to FOLLOWER at term 100 for recognizeCandidate:2a93f7e5-ecb9-41da-9c47-70e13ba76d7d
2019-10-17 07:43:17,725 [grpc-default-executor-1] INFO  impl.RoleInfo (RoleInfo.java:shutdownFollowerState(121)) - 24020d0b-ce61-4f5a-b0b0-c561541e8cd4: shutdown FollowerState
2019-10-17 07:43:17,725 [Thread-1133] INFO  impl.FollowerState (FollowerState.java:run(117)) - 37bd8e8c-ea68-4b1c-8659-8d001c4f3b5c@group-A9EE991D717F-FollowerState was interrupted: java.lang.InterruptedException: sleep interrupted
2019-10-17 07:43:17,725 [Thread-1134] INFO  impl.FollowerState (FollowerState.java:run(117)) - 24020d0b-ce61-4f5a-b0b0-c561541e8cd4@group-A9EE991D717F-FollowerState was interrupted: java.lang.InterruptedException: sleep interrupted
2019-10-17 07:43:17,725 [grpc-default-executor-1] INFO  impl.RoleInfo (RoleInfo.java:updateAndGet(143)) - 24020d0b-ce61-4f5a-b0b0-c561541e8cd4: start FollowerState
2019-10-17 07:43:17,743 [2a93f7e5-ecb9-41da-9c47-70e13ba76d7d@group-A9EE991D717F-LeaderElection109] INFO  impl.LeaderElection (LeaderElection.java:logAndReturn(56)) - 2a93f7e5-ecb9-41da-9c47-70e13ba76d7d@group-A9EE991D717F-LeaderElection109: Election TIMEOUT; received 0 response(s) [] and 0 exception(s); 2a93f7e5-ecb9-41da-9c47-70e13ba76d7d@group-A9EE991D717F:t100, leader=null, voted=2a93f7e5-ecb9-41da-9c47-70e13ba76d7d, raftlog=2a93f7e5-ecb9-41da-9c47-70e13ba76d7d@group-A9EE991D717F-SegmentedRaftLog:OPENED:c-1,f0,i0, conf=0: [37bd8e8c-ea68-4b1c-8659-8d001c4f3b5c:192.168.34.62:41632, 24020d0b-ce61-4f5a-b0b0-c561541e8cd4:192.168.34.62:42892, 2a93f7e5-ecb9-41da-9c47-70e13ba76d7d:192.168.34.62:35412], old=null
2019-10-17 07:43:17,768 [2a93f7e5-ecb9-41da-9c47-70e13ba76d7d@group-A9EE991D717F-LeaderElection109] INFO  impl.LeaderElection (LeaderElection.java:askForVotes(178)) - 2a93f7e5-ecb9-41da-9c47-70e13ba76d7d@group-A9EE991D717F-LeaderElection109: begin an election at term 101 for 0: [37bd8e8c-ea68-4b1c-8659-8d001c4f3b5c:192.168.34.62:41632, 24020d0b-ce61-4f5a-b0b0-c561541e8cd4:192.168.34.62:42892, 2a93f7e5-ecb9-41da-9c47-70e13ba76d7d:192.168.34.62:35412], old=null
2019-10-17 07:43:17,771 [grpc-default-executor-0] INFO  impl.RaftServerImpl (RaftServerImpl.java:setRole(184)) - 37bd8e8c-ea68-4b1c-8659-8d001c4f3b5c@group-A9EE991D717F: changes role from  FOLLOWER to FOLLOWER at term 101 for recognizeCandidate:2a93f7e5-ecb9-41da-9c47-70e13ba76d7d
2019-10-17 07:43:17,772 [grpc-default-executor-0] INFO  impl.RoleInfo (RoleInfo.java:shutdownFollowerState(121)) - 37bd8e8c-ea68-4b1c-8659-8d001c4f3b5c: shutdown FollowerState
2019-10-17 07:43:17,772 [grpc-default-executor-0] INFO  impl.RoleInfo (RoleInfo.java:updateAndGet(143)) - 37bd8e8c-ea68-4b1c-8659-8d001c4f3b5c: start FollowerState
2019-10-17 07:43:17,772 [Thread-1139] INFO  impl.FollowerState (FollowerState.java:run(117)) - 37bd8e8c-ea68-4b1c-8659-8d001c4f3b5c@group-A9EE991D717F-FollowerState was interrupted: java.lang.InterruptedException: sleep interrupted
2019-10-17 07:43:17,772 [grpc-default-executor-1] INFO  impl.RaftServerImpl (RaftServerImpl.java:setRole(184)) - 24020d0b-ce61-4f5a-b0b0-c561541e8cd4@group-A9EE991D717F: changes role from  FOLLOWER to FOLLOWER at term 101 for recognizeCandidate:2a93f7e5-ecb9-41da-9c47-70e13ba76d7d
2019-10-17 07:43:17,772 [grpc-default-executor-1] INFO  impl.RoleInfo (RoleInfo.java:shutdownFollowerState(121)) - 24020d0b-ce61-4f5a-b0b0-c561541e8cd4: shutdown FollowerState
2019-10-17 07:43:17,773 [grpc-default-executor-1] INFO  impl.RoleInfo (RoleInfo.java:updateAndGet(143)) - 24020d0b-ce61-4f5a-b0b0-c561541e8cd4: start FollowerState
2019-10-17 07:43:17,773 [Thread-1140] INFO  impl.FollowerState (FollowerState.java:run(117)) - 24020d0b-ce61-4f5a-b0b0-c561541e8cd4@group-A9EE991D717F-FollowerState was interrupted: java.lang.InterruptedException: sleep interrupted
2019-10-17 07:43:17,788 [2a93f7e5-ecb9-41da-9c47-70e13ba76d7d@group-A9EE991D717F-LeaderElection109] INFO  impl.LeaderElection (LeaderElection.java:logAndReturn(56)) - 2a93f7e5-ecb9-41da-9c47-70e13ba76d7d@group-A9EE991D717F-LeaderElection109: Election REJECTED; received 2 response(s) [2a93f7e5-ecb9-41da-9c47-70e13ba76d7d<-37bd8e8c-ea68-4b1c-8659-8d001c4f3b5c#0:FAIL-t101, 2a93f7e5-ecb9-41da-9c47-70e13ba76d7d<-24020d0b-ce61-4f5a-b0b0-c561541e8cd4#0:FAIL-t101] and 0 exception(s); 2a93f7e5-ecb9-41da-9c47-70e13ba76d7d@group-A9EE991D717F:t101, leader=null, voted=2a93f7e5-ecb9-41da-9c47-70e13ba76d7d, raftlog=2a93f7e5-ecb9-41da-9c47-70e13ba76d7d@group-A9EE991D717F-SegmentedRaftLog:OPENED:c-1,f0,i0, conf=0: [37bd8e8c-ea68-4b1c-8659-8d001c4f3b5c:192.168.34.62:41632, 24020d0b-ce61-4f5a-b0b0-c561541e8cd4:192.168.34.62:42892, 2a93f7e5-ecb9-41da-9c47-70e13ba76d7d:192.168.34.62:35412], old=null
2019-10-17 07:43:17,788 [2a93f7e5-ecb9-41da-9c47-70e13ba76d7d@group-A9EE991D717F-LeaderElection109] INFO  impl.RaftServerImpl (RaftServerImpl.java:setRole(184)) - 2a93f7e5-ecb9-41da-9c47-70e13ba76d7d@group-A9EE991D717F: changes role from CANDIDATE to FOLLOWER at term 101 for DISCOVERED_A_NEW_TERM
2019-10-17 07:43:17,789 [2a93f7e5-ecb9-41da-9c47-70e13ba76d7d@group-A9EE991D717F-LeaderElection109] INFO  impl.RoleInfo (RoleInfo.java:shutdownLeaderElection(134)) - 2a93f7e5-ecb9-41da-9c47-70e13ba76d7d: shutdown LeaderElection
2019-10-17 07:43:17,789 [2a93f7e5-ecb9-41da-9c47-70e13ba76d7d@group-A9EE991D717F-LeaderElection109] INFO  impl.RoleInfo (RoleInfo.java:updateAndGet(143)) - 2a93f7e5-ecb9-41da-9c47-70e13ba76d7d: start FollowerState
2019-10-17 07:43:17,975 [Thread-1145] INFO  impl.FollowerState (FollowerState.java:run(108)) - 2a93f7e5-ecb9-41da-9c47-70e13ba76d7d@group-A9EE991D717F-FollowerState: change to CANDIDATE, lastRpcTime:186ms, electionTimeout:186ms
2019-10-17 07:43:17,975 [Thread-1145] INFO  impl.RoleInfo (RoleInfo.java:shutdownFollowerState(121)) - 2a93f7e5-ecb9-41da-9c47-70e13ba76d7d: shutdown FollowerState
2019-10-17 07:43:17,976 [Thread-1145] INFO  impl.RaftServerImpl (RaftServerImpl.java:setRole(184)) - 2a93f7e5-ecb9-41da-9c47-70e13ba76d7d@group-A9EE991D717F: changes role from  FOLLOWER to CANDIDATE at term 101 for changeToCandidate
2019-10-17 07:43:17,976 [Thread-1145] INFO  impl.RoleInfo (RoleInfo.java:updateAndGet(143)) - 2a93f7e5-ecb9-41da-9c47-70e13ba76d7d: start LeaderElection
2019-10-17 07:43:17,991 [2a93f7e5-ecb9-41da-9c47-70e13ba76d7d@group-A9EE991D717F-LeaderElection110] INFO  impl.LeaderElection (LeaderElection.java:askForVotes(178)) - 2a93f7e5-ecb9-41da-9c47-70e13ba76d7d@group-A9EE991D717F-LeaderElection110: begin an election at term 102 for 0: [37bd8e8c-ea68-4b1c-8659-8d001c4f3b5c:192.168.34.62:41632, 24020d0b-ce61-4f5a-b0b0-c561541e8cd4:192.168.34.62:42892, 2a93f7e5-ecb9-41da-9c47-70e13ba76d7d:192.168.34.62:35412], old=null
2019-10-17 07:43:17,995 [grpc-default-executor-0] INFO  impl.RaftServerImpl (RaftServerImpl.java:setRole(184)) - 37bd8e8c-ea68-4b1c-8659-8d001c4f3b5c@group-A9EE991D717F: changes role from  FOLLOWER to FOLLOWER at term 102 for recognizeCandidate:2a93f7e5-ecb9-41da-9c47-70e13ba76d7d
2019-10-17 07:43:17,995 [grpc-default-executor-1] INFO  impl.RaftServerImpl (RaftServerImpl.java:setRole(184)) - 24020d0b-ce61-4f5a-b0b0-c561541e8cd4@group-A9EE991D717F: changes role from  FOLLOWER to FOLLOWER at term 102 for recognizeCandidate:2a93f7e5-ecb9-41da-9c47-70e13ba76d7d
2019-10-17 07:43:17,996 [grpc-default-executor-0] INFO  impl.RoleInfo (RoleInfo.java:shutdownFollowerState(121)) - 37bd8e8c-ea68-4b1c-8659-8d001c4f3b5c: shutdown FollowerState
2019-10-17 07:43:17,996 [grpc-default-executor-1] INFO  impl.RoleInfo (RoleInfo.java:shutdownFollowerState(121)) - 24020d0b-ce61-4f5a-b0b0-c561541e8cd4: shutdown FollowerState
2019-10-17 07:43:17,996 [Thread-1143] INFO  impl.FollowerState (FollowerState.java:run(117)) - 37bd8e8c-ea68-4b1c-8659-8d001c4f3b5c@group-A9EE991D717F-FollowerState was interrupted: java.lang.InterruptedException: sleep interrupted
2019-10-17 07:43:17,996 [grpc-default-executor-0] INFO  impl.RoleInfo (RoleInfo.java:updateAndGet(143)) - 37bd8e8c-ea68-4b1c-8659-8d001c4f3b5c: start FollowerState
2019-10-17 07:43:17,996 [Thread-1144] INFO  impl.FollowerState (FollowerState.java:run(117)) - 24020d0b-ce61-4f5a-b0b0-c561541e8cd4@group-A9EE991D717F-FollowerState was interrupted: java.lang.InterruptedException: sleep interrupted
2019-10-17 07:43:17,996 [grpc-default-executor-1] INFO  impl.RoleInfo (RoleInfo.java:updateAndGet(143)) - 24020d0b-ce61-4f5a-b0b0-c561541e8cd4: start FollowerState
2019-10-17 07:43:18,021 [2a93f7e5-ecb9-41da-9c47-70e13ba76d7d@group-A9EE991D717F-LeaderElection110] INFO  impl.LeaderElection (LeaderElection.java:logAndReturn(56)) - 2a93f7e5-ecb9-41da-9c47-70e13ba76d7d@group-A9EE991D717F-LeaderElection110: Election REJECTED; received 2 response(s) [2a93f7e5-ecb9-41da-9c47-70e13ba76d7d<-37bd8e8c-ea68-4b1c-8659-8d001c4f3b5c#0:FAIL-t102, 2a93f7e5-ecb9-41da-9c47-70e13ba76d7d<-24020d0b-ce61-4f5a-b0b0-c561541e8cd4#0:FAIL-t102] and 0 exception(s); 2a93f7e5-ecb9-41da-9c47-70e13ba76d7d@group-A9EE991D717F:t102, leader=null, voted=2a93f7e5-ecb9-41da-9c47-70e13ba76d7d, raftlog=2a93f7e5-ecb9-41da-9c47-70e13ba76d7d@group-A9EE991D717F-SegmentedRaftLog:OPENED:c-1,f0,i0, conf=0: [37bd8e8c-ea68-4b1c-8659-8d001c4f3b5c:192.168.34.62:41632, 24020d0b-ce61-4f5a-b0b0-c561541e8cd4:192.168.34.62:42892, 2a93f7e5-ecb9-41da-9c47-70e13ba76d7d:192.168.34.62:35412], old=null
2019-10-17 07:43:18,022 [2a93f7e5-ecb9-41da-9c47-70e13ba76d7d@group-A9EE991D717F-LeaderElection110] INFO  impl.RaftServerImpl (RaftServerImpl.java:setRole(184)) - 2a93f7e5-ecb9-41da-9c47-70e13ba76d7d@group-A9EE991D717F: changes role from CANDIDATE to FOLLOWER at term 102 for DISCOVERED_A_NEW_TERM
2019-10-17 07:43:18,022 [2a93f7e5-ecb9-41da-9c47-70e13ba76d7d@group-A9EE991D717F-LeaderElection110] INFO  impl.RoleInfo (RoleInfo.java:shutdownLeaderElection(134)) - 2a93f7e5-ecb9-41da-9c47-70e13ba76d7d: shutdown LeaderElection
2019-10-17 07:43:18,022 [2a93f7e5-ecb9-41da-9c47-70e13ba76d7d@group-A9EE991D717F-LeaderElection110] INFO  impl.RoleInfo (RoleInfo.java:updateAndGet(143)) - 2a93f7e5-ecb9-41da-9c47-70e13ba76d7d: start FollowerState
2019-10-17 07:43:18,204 [Thread-1151] INFO  impl.FollowerState (FollowerState.java:run(108)) - 2a93f7e5-ecb9-41da-9c47-70e13ba76d7d@group-A9EE991D717F-FollowerState: change to CANDIDATE, lastRpcTime:182ms, electionTimeout:182ms
2019-10-17 07:43:18,205 [Thread-1151] INFO  impl.RoleInfo (RoleInfo.java:shutdownFollowerState(121)) - 2a93f7e5-ecb9-41da-9c47-70e13ba76d7d: shutdown FollowerState
2019-10-17 07:43:18,205 [Thread-1151] INFO  impl.RaftServerImpl (RaftServerImpl.java:setRole(184)) - 2a93f7e5-ecb9-41da-9c47-70e13ba76d7d@group-A9EE991D717F: changes role from  FOLLOWER to CANDIDATE at term 102 for changeToCandidate
2019-10-17 07:43:18,205 [Thread-1151] INFO  impl.RoleInfo (RoleInfo.java:updateAndGet(143)) - 2a93f7e5-ecb9-41da-9c47-70e13ba76d7d: start LeaderElection
2019-10-17 07:43:18,229 [2a93f7e5-ecb9-41da-9c47-70e13ba76d7d@group-A9EE991D717F-LeaderElection111] INFO  impl.LeaderElection (LeaderElection.java:askForVotes(178)) - 2a93f7e5-ecb9-41da-9c47-70e13ba76d7d@group-A9EE991D717F-LeaderElection111: begin an election at term 103 for 0: [37bd8e8c-ea68-4b1c-8659-8d001c4f3b5c:192.168.34.62:41632, 24020d0b-ce61-4f5a-b0b0-c561541e8cd4:192.168.34.62:42892, 2a93f7e5-ecb9-41da-9c47-70e13ba76d7d:192.168.34.62:35412], old=null
2019-10-17 07:43:18,232 [grpc-default-executor-1] INFO  impl.RaftServerImpl (RaftServerImpl.java:setRole(184)) - 37bd8e8c-ea68-4b1c-8659-8d001c4f3b5c@group-A9EE991D717F: changes role from  FOLLOWER to FOLLOWER at term 103 for recognizeCandidate:2a93f7e5-ecb9-41da-9c47-70e13ba76d7d
2019-10-17 07:43:18,232 [grpc-default-executor-1] INFO  impl.RoleInfo (RoleInfo.java:shutdownFollowerState(121)) - 37bd8e8c-ea68-4b1c-8659-8d001c4f3b5c: shutdown FollowerState
2019-10-17 07:43:18,232 [grpc-default-executor-0] INFO  impl.RaftServerImpl (RaftServerImpl.java:setRole(184)) - 24020d0b-ce61-4f5a-b0b0-c561541e8cd4@group-A9EE991D717F: changes role from  FOLLOWER to FOLLOWER at term 103 for recognizeCandidate:2a93f7e5-ecb9-41da-9c47-70e13ba76d7d
2019-10-17 07:43:18,232 [grpc-default-executor-0] INFO  impl.RoleInfo (RoleInfo.java:shutdownFollowerState(121)) - 24020d0b-ce61-4f5a-b0b0-c561541e8cd4: shutdown FollowerState
2019-10-17 07:43:18,232 [grpc-default-executor-1] INFO  impl.RoleInfo (RoleInfo.java:updateAndGet(143)) - 37bd8e8c-ea68-4b1c-8659-8d001c4f3b5c: start FollowerState
2019-10-17 07:43:18,232 [Thread-1149] INFO  impl.FollowerState (FollowerState.java:run(117)) - 37bd8e8c-ea68-4b1c-8659-8d001c4f3b5c@group-A9EE991D717F-FollowerState was interrupted: java.lang.InterruptedException: sleep interrupted
2019-10-17 07:43:18,232 [Thread-1150] INFO  impl.FollowerState (FollowerState.java:run(117)) - 24020d0b-ce61-4f5a-b0b0-c561541e8cd4@group-A9EE991D717F-FollowerState was interrupted: java.lang.InterruptedException: sleep interrupted
2019-10-17 07:43:18,232 [grpc-default-executor-0] INFO  impl.RoleInfo (RoleInfo.java:updateAndGet(143)) - 24020d0b-ce61-4f5a-b0b0-c561541e8cd4: start FollowerState
2019-10-17 07:43:18,249 [2a93f7e5-ecb9-41da-9c47-70e13ba76d7d@group-A9EE991D717F-LeaderElection111] INFO  impl.LeaderElection (LeaderElection.java:logAndReturn(56)) - 2a93f7e5-ecb9-41da-9c47-70e13ba76d7d@group-A9EE991D717F-LeaderElection111: Election REJECTED; received 2 response(s) [2a93f7e5-ecb9-41da-9c47-70e13ba76d7d<-37bd8e8c-ea68-4b1c-8659-8d001c4f3b5c#0:FAIL-t103, 2a93f7e5-ecb9-41da-9c47-70e13ba76d7d<-24020d0b-ce61-4f5a-b0b0-c561541e8cd4#0:FAIL-t103] and 0 exception(s); 2a93f7e5-ecb9-41da-9c47-70e13ba76d7d@group-A9EE991D717F:t103, leader=null, voted=2a93f7e5-ecb9-41da-9c47-70e13ba76d7d, raftlog=2a93f7e5-ecb9-41da-9c47-70e13ba76d7d@group-A9EE991D717F-SegmentedRaftLog:OPENED:c-1,f0,i0, conf=0: [37bd8e8c-ea68-4b1c-8659-8d001c4f3b5c:192.168.34.62:41632, 24020d0b-ce61-4f5a-b0b0-c561541e8cd4:192.168.34.62:42892, 2a93f7e5-ecb9-41da-9c47-70e13ba76d7d:192.168.34.62:35412], old=null
2019-10-17 07:43:18,249 [2a93f7e5-ecb9-41da-9c47-70e13ba76d7d@group-A9EE991D717F-LeaderElection111] INFO  impl.RaftServerImpl (RaftServerImpl.java:setRole(184)) - 2a93f7e5-ecb9-41da-9c47-70e13ba76d7d@group-A9EE991D717F: changes role from CANDIDATE to FOLLOWER at term 103 for DISCOVERED_A_NEW_TERM
2019-10-17 07:43:18,249 [2a93f7e5-ecb9-41da-9c47-70e13ba76d7d@group-A9EE991D717F-LeaderElection111] INFO  impl.RoleInfo (RoleInfo.java:shutdownLeaderElection(134)) - 2a93f7e5-ecb9-41da-9c47-70e13ba76d7d: shutdown LeaderElection
2019-10-17 07:43:18,250 [2a93f7e5-ecb9-41da-9c47-70e13ba76d7d@group-A9EE991D717F-LeaderElection111] INFO  impl.RoleInfo (RoleInfo.java:updateAndGet(143)) - 2a93f7e5-ecb9-41da-9c47-70e13ba76d7d: start FollowerState
2019-10-17 07:43:18,305 [Thread-1157] INFO  impl.FollowerState (FollowerState.java:run(108)) - 2a93f7e5-ecb9-41da-9c47-70e13ba76d7d@group-A9EE991D717F-FollowerState: change to CANDIDATE, lastRpcTime:55ms, electionTimeout:55ms
2019-10-17 07:43:18,305 [Thread-1157] INFO  impl.RoleInfo (RoleInfo.java:shutdownFollowerState(121)) - 2a93f7e5-ecb9-41da-9c47-70e13ba76d7d: shutdown FollowerState
2019-10-17 07:43:18,305 [Thread-1157] INFO  impl.RaftServerImpl (RaftServerImpl.java:setRole(184)) - 2a93f7e5-ecb9-41da-9c47-70e13ba76d7d@group-A9EE991D717F: changes role from  FOLLOWER to CANDIDATE at term 103 for changeToCandidate
2019-10-17 07:43:18,305 [Thread-1157] INFO  impl.RoleInfo (RoleInfo.java:updateAndGet(143)) - 2a93f7e5-ecb9-41da-9c47-70e13ba76d7d: start LeaderElection
2019-10-17 07:43:18,330 [2a93f7e5-ecb9-41da-9c47-70e13ba76d7d@group-A9EE991D717F-LeaderElection112] INFO  impl.LeaderElection (LeaderElection.java:askForVotes(178)) - 2a93f7e5-ecb9-41da-9c47-70e13ba76d7d@group-A9EE991D717F-LeaderElection112: begin an election at term 104 for 0: [37bd8e8c-ea68-4b1c-8659-8d001c4f3b5c:192.168.34.62:41632, 24020d0b-ce61-4f5a-b0b0-c561541e8cd4:192.168.34.62:42892, 2a93f7e5-ecb9-41da-9c47-70e13ba76d7d:192.168.34.62:35412], old=null
2019-10-17 07:43:18,333 [grpc-default-executor-1] INFO  impl.RaftServerImpl (RaftServerImpl.java:setRole(184)) - 24020d0b-ce61-4f5a-b0b0-c561541e8cd4@group-A9EE991D717F: changes role from  FOLLOWER to FOLLOWER at term 104 for recognizeCandidate:2a93f7e5-ecb9-41da-9c47-70e13ba76d7d
2019-10-17 07:43:18,333 [grpc-default-executor-1] INFO  impl.RoleInfo (RoleInfo.java:shutdownFollowerState(121)) - 24020d0b-ce61-4f5a-b0b0-c561541e8cd4: shutdown FollowerState
2019-10-17 07:43:18,333 [grpc-default-executor-0] INFO  impl.RaftServerImpl (RaftServerImpl.java:setRole(184)) - 37bd8e8c-ea68-4b1c-8659-8d001c4f3b5c@group-A9EE991D717F: changes role from  FOLLOWER to FOLLOWER at term 104 for recognizeCandidate:2a93f7e5-ecb9-41da-9c47-70e13ba76d7d
2019-10-17 07:43:18,333 [grpc-default-executor-0] INFO  impl.RoleInfo (RoleInfo.java:shutdownFollowerState(121)) - 37bd8e8c-ea68-4b1c-8659-8d001c4f3b5c: shutdown FollowerState
2019-10-17 07:43:18,333 [Thread-1156] INFO  impl.FollowerState (FollowerState.java:run(117)) - 24020d0b-ce61-4f5a-b0b0-c561541e8cd4@group-A9EE991D717F-FollowerState was interrupted: java.lang.InterruptedException: sleep interrupted
2019-10-17 07:43:18,333 [grpc-default-executor-1] INFO  impl.RoleInfo (RoleInfo.java:updateAndGet(143)) - 24020d0b-ce61-4f5a-b0b0-c561541e8cd4: start FollowerState
2019-10-17 07:43:18,334 [Thread-1155] INFO  impl.FollowerState (FollowerState.java:run(117)) - 37bd8e8c-ea68-4b1c-8659-8d001c4f3b5c@group-A9EE991D717F-FollowerState was interrupted: java.lang.InterruptedException: sleep interrupted
2019-10-17 07:43:18,334 [grpc-default-executor-0] INFO  impl.RoleInfo (RoleInfo.java:updateAndGet(143)) - 37bd8e8c-ea68-4b1c-8659-8d001c4f3b5c: start FollowerState
2019-10-17 07:43:18,359 [2a93f7e5-ecb9-41da-9c47-70e13ba76d7d@group-A9EE991D717F-LeaderElection112] INFO  impl.LeaderElection (LeaderElection.java:logAndReturn(56)) - 2a93f7e5-ecb9-41da-9c47-70e13ba76d7d@group-A9EE991D717F-LeaderElection112: Election REJECTED; received 2 response(s) [2a93f7e5-ecb9-41da-9c47-70e13ba76d7d<-37bd8e8c-ea68-4b1c-8659-8d001c4f3b5c#0:FAIL-t104, 2a93f7e5-ecb9-41da-9c47-70e13ba76d7d<-24020d0b-ce61-4f5a-b0b0-c561541e8cd4#0:FAIL-t104] and 0 exception(s); 2a93f7e5-ecb9-41da-9c47-70e13ba76d7d@group-A9EE991D717F:t104, leader=null, voted=2a93f7e5-ecb9-41da-9c47-70e13ba76d7d, raftlog=2a93f7e5-ecb9-41da-9c47-70e13ba76d7d@group-A9EE991D717F-SegmentedRaftLog:OPENED:c-1,f0,i0, conf=0: [37bd8e8c-ea68-4b1c-8659-8d001c4f3b5c:192.168.34.62:41632, 24020d0b-ce61-4f5a-b0b0-c561541e8cd4:192.168.34.62:42892, 2a93f7e5-ecb9-41da-9c47-70e13ba76d7d:192.168.34.62:35412], old=null
2019-10-17 07:43:18,359 [2a93f7e5-ecb9-41da-9c47-70e13ba76d7d@group-A9EE991D717F-LeaderElection112] INFO  impl.RaftServerImpl (RaftServerImpl.java:setRole(184)) - 2a93f7e5-ecb9-41da-9c47-70e13ba76d7d@group-A9EE991D717F: changes role from CANDIDATE to FOLLOWER at term 104 for DISCOVERED_A_NEW_TERM
2019-10-17 07:43:18,360 [2a93f7e5-ecb9-41da-9c47-70e13ba76d7d@group-A9EE991D717F-LeaderElection112] INFO  impl.RoleInfo (RoleInfo.java:shutdownLeaderElection(134)) - 2a93f7e5-ecb9-41da-9c47-70e13ba76d7d: shutdown LeaderElection
2019-10-17 07:43:18,360 [2a93f7e5-ecb9-41da-9c47-70e13ba76d7d@group-A9EE991D717F-LeaderElection112] INFO  impl.RoleInfo (RoleInfo.java:updateAndGet(143)) - 2a93f7e5-ecb9-41da-9c47-70e13ba76d7d: start FollowerState
2019-10-17 07:43:18,542 [Thread-1163] INFO  impl.FollowerState (FollowerState.java:run(108)) - 2a93f7e5-ecb9-41da-9c47-70e13ba76d7d@group-A9EE991D717F-FollowerState: change to CANDIDATE, lastRpcTime:182ms, electionTimeout:182ms
2019-10-17 07:43:18,542 [Thread-1163] INFO  impl.RoleInfo (RoleInfo.java:shutdownFollowerState(121)) - 2a93f7e5-ecb9-41da-9c47-70e13ba76d7d: shutdown FollowerState
2019-10-17 07:43:18,542 [Thread-1163] INFO  impl.RaftServerImpl (RaftServerImpl.java:setRole(184)) - 2a93f7e5-ecb9-41da-9c47-70e13ba76d7d@group-A9EE991D717F: changes role from  FOLLOWER to CANDIDATE at term 104 for changeToCandidate
2019-10-17 07:43:18,543 [Thread-1163] INFO  impl.RoleInfo (RoleInfo.java:updateAndGet(143)) - 2a93f7e5-ecb9-41da-9c47-70e13ba76d7d: start LeaderElection
2019-10-17 07:43:18,567 [2a93f7e5-ecb9-41da-9c47-70e13ba76d7d@group-A9EE991D717F-LeaderElection113] INFO  impl.LeaderElection (LeaderElection.java:askForVotes(178)) - 2a93f7e5-ecb9-41da-9c47-70e13ba76d7d@group-A9EE991D717F-LeaderElection113: begin an election at term 105 for 0: [37bd8e8c-ea68-4b1c-8659-8d001c4f3b5c:192.168.34.62:41632, 24020d0b-ce61-4f5a-b0b0-c561541e8cd4:192.168.34.62:42892, 2a93f7e5-ecb9-41da-9c47-70e13ba76d7d:192.168.34.62:35412], old=null
2019-10-17 07:43:18,571 [grpc-default-executor-1] INFO  impl.RaftServerImpl (RaftServerImpl.java:setRole(184)) - 37bd8e8c-ea68-4b1c-8659-8d001c4f3b5c@group-A9EE991D717F: changes role from  FOLLOWER to FOLLOWER at term 105 for recognizeCandidate:2a93f7e5-ecb9-41da-9c47-70e13ba76d7d
2019-10-17 07:43:18,571 [grpc-default-executor-1] INFO  impl.RoleInfo (RoleInfo.java:shutdownFollowerState(121)) - 37bd8e8c-ea68-4b1c-8659-8d001c4f3b5c: shutdown FollowerState
2019-10-17 07:43:18,571 [grpc-default-executor-0] INFO  impl.RaftServerImpl (RaftServerImpl.java:setRole(184)) - 24020d0b-ce61-4f5a-b0b0-c561541e8cd4@group-A9EE991D717F: changes role from  FOLLOWER to FOLLOWER at term 105 for recognizeCandidate:2a93f7e5-ecb9-41da-9c47-70e13ba76d7d
2019-10-17 07:43:18,571 [Thread-1162] INFO  impl.FollowerState (FollowerState.java:run(117)) - 37bd8e8c-ea68-4b1c-8659-8d001c4f3b5c@group-A9EE991D717F-FollowerState was interrupted: java.lang.InterruptedException: sleep interrupted
2019-10-17 07:43:18,571 [grpc-default-executor-1] INFO  impl.RoleInfo (RoleInfo.java:updateAndGet(143)) - 37bd8e8c-ea68-4b1c-8659-8d001c4f3b5c: start FollowerState
2019-10-17 07:43:18,571 [grpc-default-executor-0] INFO  impl.RoleInfo (RoleInfo.java:shutdownFollowerState(121)) - 24020d0b-ce61-4f5a-b0b0-c561541e8cd4: shutdown FollowerState
2019-10-17 07:43:18,572 [grpc-default-executor-0] INFO  impl.RoleInfo (RoleInfo.java:updateAndGet(143)) - 24020d0b-ce61-4f5a-b0b0-c561541e8cd4: start FollowerState
2019-10-17 07:43:18,572 [Thread-1161] INFO  impl.FollowerState (FollowerState.java:run(117)) - 24020d0b-ce61-4f5a-b0b0-c561541e8cd4@group-A9EE991D717F-FollowerState was interrupted: java.lang.InterruptedException: sleep interrupted
2019-10-17 07:43:18,596 [2a93f7e5-ecb9-41da-9c47-70e13ba76d7d@group-A9EE991D717F-LeaderElection113] INFO  impl.LeaderElection (LeaderElection.java:logAndReturn(56)) - 2a93f7e5-ecb9-41da-9c47-70e13ba76d7d@group-A9EE991D717F-LeaderElection113: Election REJECTED; received 2 response(s) [2a93f7e5-ecb9-41da-9c47-70e13ba76d7d<-37bd8e8c-ea68-4b1c-8659-8d001c4f3b5c#0:FAIL-t105, 2a93f7e5-ecb9-41da-9c47-70e13ba76d7d<-24020d0b-ce61-4f5a-b0b0-c561541e8cd4#0:FAIL-t105] and 0 exception(s); 2a93f7e5-ecb9-41da-9c47-70e13ba76d7d@group-A9EE991D717F:t105, leader=null, voted=2a93f7e5-ecb9-41da-9c47-70e13ba76d7d, raftlog=2a93f7e5-ecb9-41da-9c47-70e13ba76d7d@group-A9EE991D717F-SegmentedRaftLog:OPENED:c-1,f0,i0, conf=0: [37bd8e8c-ea68-4b1c-8659-8d001c4f3b5c:192.168.34.62:41632, 24020d0b-ce61-4f5a-b0b0-c561541e8cd4:192.168.34.62:42892, 2a93f7e5-ecb9-41da-9c47-70e13ba76d7d:192.168.34.62:35412], old=null
2019-10-17 07:43:18,596 [2a93f7e5-ecb9-41da-9c47-70e13ba76d7d@group-A9EE991D717F-LeaderElection113] INFO  impl.RaftServerImpl (RaftServerImpl.java:setRole(184)) - 2a93f7e5-ecb9-41da-9c47-70e13ba76d7d@group-A9EE991D717F: changes role from CANDIDATE to FOLLOWER at term 105 for DISCOVERED_A_NEW_TERM
2019-10-17 07:43:18,596 [2a93f7e5-ecb9-41da-9c47-70e13ba76d7d@group-A9EE991D717F-LeaderElection113] INFO  impl.RoleInfo (RoleInfo.java:shutdownLeaderElection(134)) - 2a93f7e5-ecb9-41da-9c47-70e13ba76d7d: shutdown LeaderElection
2019-10-17 07:43:18,596 [2a93f7e5-ecb9-41da-9c47-70e13ba76d7d@group-A9EE991D717F-LeaderElection113] INFO  impl.RoleInfo (RoleInfo.java:updateAndGet(143)) - 2a93f7e5-ecb9-41da-9c47-70e13ba76d7d: start FollowerState
2019-10-17 07:43:18,617 [Thread-1169] INFO  impl.FollowerState (FollowerState.java:run(108)) - 2a93f7e5-ecb9-41da-9c47-70e13ba76d7d@group-A9EE991D717F-FollowerState: change to CANDIDATE, lastRpcTime:21ms, electionTimeout:21ms
2019-10-17 07:43:18,618 [Thread-1169] INFO  impl.RoleInfo (RoleInfo.java:shutdownFollowerState(121)) - 2a93f7e5-ecb9-41da-9c47-70e13ba76d7d: shutdown FollowerState
2019-10-17 07:43:18,618 [Thread-1169] INFO  impl.RaftServerImpl (RaftServerImpl.java:setRole(184)) - 2a93f7e5-ecb9-41da-9c47-70e13ba76d7d@group-A9EE991D717F: changes role from  FOLLOWER to CANDIDATE at term 105 for changeToCandidate
2019-10-17 07:43:18,618 [Thread-1169] INFO  impl.RoleInfo (RoleInfo.java:updateAndGet(143)) - 2a93f7e5-ecb9-41da-9c47-70e13ba76d7d: start LeaderElection
2019-10-17 07:43:18,637 [2a93f7e5-ecb9-41da-9c47-70e13ba76d7d@group-A9EE991D717F-LeaderElection114] INFO  impl.LeaderElection (LeaderElection.java:askForVotes(178)) - 2a93f7e5-ecb9-41da-9c47-70e13ba76d7d@group-A9EE991D717F-LeaderElection114: begin an election at term 106 for 0: [37bd8e8c-ea68-4b1c-8659-8d001c4f3b5c:192.168.34.62:41632, 24020d0b-ce61-4f5a-b0b0-c561541e8cd4:192.168.34.62:42892, 2a93f7e5-ecb9-41da-9c47-70e13ba76d7d:192.168.34.62:35412], old=null
2019-10-17 07:43:18,640 [grpc-default-executor-1] INFO  impl.RaftServerImpl (RaftServerImpl.java:setRole(184)) - 37bd8e8c-ea68-4b1c-8659-8d001c4f3b5c@group-A9EE991D717F: changes role from  FOLLOWER to FOLLOWER at term 106 for recognizeCandidate:2a93f7e5-ecb9-41da-9c47-70e13ba76d7d
2019-10-17 07:43:18,640 [grpc-default-executor-1] INFO  impl.RoleInfo (RoleInfo.java:shutdownFollowerState(121)) - 37bd8e8c-ea68-4b1c-8659-8d001c4f3b5c: shutdown FollowerState
2019-10-17 07:43:18,640 [grpc-default-executor-1] INFO  impl.RoleInfo (RoleInfo.java:updateAndGet(143)) - 37bd8e8c-ea68-4b1c-8659-8d001c4f3b5c: start FollowerState
2019-10-17 07:43:18,640 [Thread-1167] INFO  impl.FollowerState (FollowerState.java:run(117)) - 37bd8e8c-ea68-4b1c-8659-8d001c4f3b5c@group-A9EE991D717F-FollowerState was interrupted: java.lang.InterruptedException: sleep interrupted
2019-10-17 07:43:18,641 [grpc-default-executor-0] INFO  impl.RaftServerImpl (RaftServerImpl.java:setRole(184)) - 24020d0b-ce61-4f5a-b0b0-c561541e8cd4@group-A9EE991D717F: changes role from  FOLLOWER to FOLLOWER at term 106 for recognizeCandidate:2a93f7e5-ecb9-41da-9c47-70e13ba76d7d
2019-10-17 07:43:18,641 [grpc-default-executor-0] INFO  impl.RoleInfo (RoleInfo.java:shutdownFollowerState(121)) - 24020d0b-ce61-4f5a-b0b0-c561541e8cd4: shutdown FollowerState
2019-10-17 07:43:18,641 [grpc-default-executor-0] INFO  impl.RoleInfo (RoleInfo.java:updateAndGet(143)) - 24020d0b-ce61-4f5a-b0b0-c561541e8cd4: start FollowerState
2019-10-17 07:43:18,641 [Thread-1168] INFO  impl.FollowerState (FollowerState.java:run(117)) - 24020d0b-ce61-4f5a-b0b0-c561541e8cd4@group-A9EE991D717F-FollowerState was interrupted: java.lang.InterruptedException: sleep interrupted
2019-10-17 07:43:18,651 [2a93f7e5-ecb9-41da-9c47-70e13ba76d7d@group-A9EE991D717F-LeaderElection114] INFO  impl.LeaderElection (LeaderElection.java:logAndReturn(56)) - 2a93f7e5-ecb9-41da-9c47-70e13ba76d7d@group-A9EE991D717F-LeaderElection114: Election TIMEOUT; received 0 response(s) [] and 0 exception(s); 2a93f7e5-ecb9-41da-9c47-70e13ba76d7d@group-A9EE991D717F:t106, leader=null, voted=2a93f7e5-ecb9-41da-9c47-70e13ba76d7d, raftlog=2a93f7e5-ecb9-41da-9c47-70e13ba76d7d@group-A9EE991D717F-SegmentedRaftLog:OPENED:c-1,f0,i0, conf=0: [37bd8e8c-ea68-4b1c-8659-8d001c4f3b5c:192.168.34.62:41632, 24020d0b-ce61-4f5a-b0b0-c561541e8cd4:192.168.34.62:42892, 2a93f7e5-ecb9-41da-9c47-70e13ba76d7d:192.168.34.62:35412], old=null
2019-10-17 07:43:18,666 [2a93f7e5-ecb9-41da-9c47-70e13ba76d7d@group-A9EE991D717F-LeaderElection114] INFO  impl.LeaderElection (LeaderElection.java:askForVotes(178)) - 2a93f7e5-ecb9-41da-9c47-70e13ba76d7d@group-A9EE991D717F-LeaderElection114: begin an election at term 107 for 0: [37bd8e8c-ea68-4b1c-8659-8d001c4f3b5c:192.168.34.62:41632, 24020d0b-ce61-4f5a-b0b0-c561541e8cd4:192.168.34.62:42892, 2a93f7e5-ecb9-41da-9c47-70e13ba76d7d:192.168.34.62:35412], old=null
2019-10-17 07:43:18,668 [grpc-default-executor-0] INFO  impl.RaftServerImpl (RaftServerImpl.java:setRole(184)) - 37bd8e8c-ea68-4b1c-8659-8d001c4f3b5c@group-A9EE991D717F: changes role from  FOLLOWER to FOLLOWER at term 107 for recognizeCandidate:2a93f7e5-ecb9-41da-9c47-70e13ba76d7d
2019-10-17 07:43:18,668 [grpc-default-executor-0] INFO  impl.RoleInfo (RoleInfo.java:shutdownFollowerState(121)) - 37bd8e8c-ea68-4b1c-8659-8d001c4f3b5c: shutdown FollowerState
2019-10-17 07:43:18,669 [grpc-default-executor-0] INFO  impl.RoleInfo (RoleInfo.java:updateAndGet(143)) - 37bd8e8c-ea68-4b1c-8659-8d001c4f3b5c: start FollowerState
2019-10-17 07:43:18,669 [Thread-1173] INFO  impl.FollowerState (FollowerState.java:run(117)) - 37bd8e8c-ea68-4b1c-8659-8d001c4f3b5c@group-A9EE991D717F-FollowerState was interrupted: java.lang.InterruptedException: sleep interrupted
2019-10-17 07:43:18,669 [grpc-default-executor-1] INFO  impl.RaftServerImpl (RaftServerImpl.java:setRole(184)) - 24020d0b-ce61-4f5a-b0b0-c561541e8cd4@group-A9EE991D717F: changes role from  FOLLOWER to FOLLOWER at term 107 for recognizeCandidate:2a93f7e5-ecb9-41da-9c47-70e13ba76d7d
2019-10-17 07:43:18,669 [grpc-default-executor-1] INFO  impl.RoleInfo (RoleInfo.java:shutdownFollowerState(121)) - 24020d0b-ce61-4f5a-b0b0-c561541e8cd4: shutdown FollowerState
2019-10-17 07:43:18,669 [grpc-default-executor-1] INFO  impl.RoleInfo (RoleInfo.java:updateAndGet(143)) - 24020d0b-ce61-4f5a-b0b0-c561541e8cd4: start FollowerState
2019-10-17 07:43:18,669 [Thread-1174] INFO  impl.FollowerState (FollowerState.java:run(117)) - 24020d0b-ce61-4f5a-b0b0-c561541e8cd4@group-A9EE991D717F-FollowerState was interrupted: java.lang.InterruptedException: sleep interrupted
2019-10-17 07:43:18,692 [2a93f7e5-ecb9-41da-9c47-70e13ba76d7d@group-A9EE991D717F-LeaderElection114] INFO  impl.LeaderElection (LeaderElection.java:logAndReturn(56)) - 2a93f7e5-ecb9-41da-9c47-70e13ba76d7d@group-A9EE991D717F-LeaderElection114: Election REJECTED; received 2 response(s) [2a93f7e5-ecb9-41da-9c47-70e13ba76d7d<-37bd8e8c-ea68-4b1c-8659-8d001c4f3b5c#0:FAIL-t107, 2a93f7e5-ecb9-41da-9c47-70e13ba76d7d<-24020d0b-ce61-4f5a-b0b0-c561541e8cd4#0:FAIL-t107] and 0 exception(s); 2a93f7e5-ecb9-41da-9c47-70e13ba76d7d@group-A9EE991D717F:t107, leader=null, voted=2a93f7e5-ecb9-41da-9c47-70e13ba76d7d, raftlog=2a93f7e5-ecb9-41da-9c47-70e13ba76d7d@group-A9EE991D717F-SegmentedRaftLog:OPENED:c-1,f0,i0, conf=0: [37bd8e8c-ea68-4b1c-8659-8d001c4f3b5c:192.168.34.62:41632, 24020d0b-ce61-4f5a-b0b0-c561541e8cd4:192.168.34.62:42892, 2a93f7e5-ecb9-41da-9c47-70e13ba76d7d:192.168.34.62:35412], old=null
2019-10-17 07:43:18,693 [2a93f7e5-ecb9-41da-9c47-70e13ba76d7d@group-A9EE991D717F-LeaderElection114] INFO  impl.RaftServerImpl (RaftServerImpl.java:setRole(184)) - 2a93f7e5-ecb9-41da-9c47-70e13ba76d7d@group-A9EE991D717F: changes role from CANDIDATE to FOLLOWER at term 107 for DISCOVERED_A_NEW_TERM
2019-10-17 07:43:18,693 [2a93f7e5-ecb9-41da-9c47-70e13ba76d7d@group-A9EE991D717F-LeaderElection114] INFO  impl.RoleInfo (RoleInfo.java:shutdownLeaderElection(134)) - 2a93f7e5-ecb9-41da-9c47-70e13ba76d7d: shutdown LeaderElection
2019-10-17 07:43:18,693 [2a93f7e5-ecb9-41da-9c47-70e13ba76d7d@group-A9EE991D717F-LeaderElection114] INFO  impl.RoleInfo (RoleInfo.java:updateAndGet(143)) - 2a93f7e5-ecb9-41da-9c47-70e13ba76d7d: start FollowerState
2019-10-17 07:43:18,709 [Thread-1179] INFO  impl.FollowerState (FollowerState.java:run(108)) - 2a93f7e5-ecb9-41da-9c47-70e13ba76d7d@group-A9EE991D717F-FollowerState: change to CANDIDATE, lastRpcTime:15ms, electionTimeout:15ms
2019-10-17 07:43:18,709 [Thread-1179] INFO  impl.RoleInfo (RoleInfo.java:shutdownFollowerState(121)) - 2a93f7e5-ecb9-41da-9c47-70e13ba76d7d: shutdown FollowerState
2019-10-17 07:43:18,709 [Thread-1179] INFO  impl.RaftServerImpl (RaftServerImpl.java:setRole(184)) - 2a93f7e5-ecb9-41da-9c47-70e13ba76d7d@group-A9EE991D717F: changes role from  FOLLOWER to CANDIDATE at term 107 for changeToCandidate
2019-10-17 07:43:18,709 [Thread-1179] INFO  impl.RoleInfo (RoleInfo.java:updateAndGet(143)) - 2a93f7e5-ecb9-41da-9c47-70e13ba76d7d: start LeaderElection
2019-10-17 07:43:18,722 [2a93f7e5-ecb9-41da-9c47-70e13ba76d7d@group-A9EE991D717F-LeaderElection115] INFO  impl.LeaderElection (LeaderElection.java:askForVotes(178)) - 2a93f7e5-ecb9-41da-9c47-70e13ba76d7d@group-A9EE991D717F-LeaderElection115: begin an election at term 108 for 0: [37bd8e8c-ea68-4b1c-8659-8d001c4f3b5c:192.168.34.62:41632, 24020d0b-ce61-4f5a-b0b0-c561541e8cd4:192.168.34.62:42892, 2a93f7e5-ecb9-41da-9c47-70e13ba76d7d:192.168.34.62:35412], old=null
2019-10-17 07:43:18,724 [grpc-default-executor-0] INFO  impl.RaftServerImpl (RaftServerImpl.java:setRole(184)) - 37bd8e8c-ea68-4b1c-8659-8d001c4f3b5c@group-A9EE991D717F: changes role from  FOLLOWER to FOLLOWER at term 108 for recognizeCandidate:2a93f7e5-ecb9-41da-9c47-70e13ba76d7d
2019-10-17 07:43:18,724 [grpc-default-executor-0] INFO  impl.RoleInfo (RoleInfo.java:shutdownFollowerState(121)) - 37bd8e8c-ea68-4b1c-8659-8d001c4f3b5c: shutdown FollowerState
2019-10-17 07:43:18,724 [grpc-default-executor-0] INFO  impl.RoleInfo (RoleInfo.java:updateAndGet(143)) - 37bd8e8c-ea68-4b1c-8659-8d001c4f3b5c: start FollowerState
2019-10-17 07:43:18,725 [Thread-1177] INFO  impl.FollowerState (FollowerState.java:run(117)) - 37bd8e8c-ea68-4b1c-8659-8d001c4f3b5c@group-A9EE991D717F-FollowerState was interrupted: java.lang.InterruptedException: sleep interrupted
2019-10-17 07:43:18,725 [grpc-default-executor-1] INFO  impl.RaftServerImpl (RaftServerImpl.java:setRole(184)) - 24020d0b-ce61-4f5a-b0b0-c561541e8cd4@group-A9EE991D717F: changes role from  FOLLOWER to FOLLOWER at term 108 for recognizeCandidate:2a93f7e5-ecb9-41da-9c47-70e13ba76d7d
2019-10-17 07:43:18,725 [grpc-default-executor-1] INFO  impl.RoleInfo (RoleInfo.java:shutdownFollowerState(121)) - 24020d0b-ce61-4f5a-b0b0-c561541e8cd4: shutdown FollowerState
2019-10-17 07:43:18,725 [grpc-default-executor-1] INFO  impl.RoleInfo (RoleInfo.java:updateAndGet(143)) - 24020d0b-ce61-4f5a-b0b0-c561541e8cd4: start FollowerState
2019-10-17 07:43:18,725 [Thread-1178] INFO  impl.FollowerState (FollowerState.java:run(117)) - 24020d0b-ce61-4f5a-b0b0-c561541e8cd4@group-A9EE991D717F-FollowerState was interrupted: java.lang.InterruptedException: sleep interrupted
2019-10-17 07:43:18,739 [2a93f7e5-ecb9-41da-9c47-70e13ba76d7d@group-A9EE991D717F-LeaderElection115] INFO  impl.LeaderElection (LeaderElection.java:logAndReturn(56)) - 2a93f7e5-ecb9-41da-9c47-70e13ba76d7d@group-A9EE991D717F-LeaderElection115: Election REJECTED; received 2 response(s) [2a93f7e5-ecb9-41da-9c47-70e13ba76d7d<-37bd8e8c-ea68-4b1c-8659-8d001c4f3b5c#0:FAIL-t108, 2a93f7e5-ecb9-41da-9c47-70e13ba76d7d<-24020d0b-ce61-4f5a-b0b0-c561541e8cd4#0:FAIL-t108] and 0 exception(s); 2a93f7e5-ecb9-41da-9c47-70e13ba76d7d@group-A9EE991D717F:t108, leader=null, voted=2a93f7e5-ecb9-41da-9c47-70e13ba76d7d, raftlog=2a93f7e5-ecb9-41da-9c47-70e13ba76d7d@group-A9EE991D717F-SegmentedRaftLog:OPENED:c-1,f0,i0, conf=0: [37bd8e8c-ea68-4b1c-8659-8d001c4f3b5c:192.168.34.62:41632, 24020d0b-ce61-4f5a-b0b0-c561541e8cd4:192.168.34.62:42892, 2a93f7e5-ecb9-41da-9c47-70e13ba76d7d:192.168.34.62:35412], old=null
2019-10-17 07:43:18,739 [2a93f7e5-ecb9-41da-9c47-70e13ba76d7d@group-A9EE991D717F-LeaderElection115] INFO  impl.RaftServerImpl (RaftServerImpl.java:setRole(184)) - 2a93f7e5-ecb9-41da-9c47-70e13ba76d7d@group-A9EE991D717F: changes role from CANDIDATE to FOLLOWER at term 108 for DISCOVERED_A_NEW_TERM
2019-10-17 07:43:18,739 [2a93f7e5-ecb9-41da-9c47-70e13ba76d7d@group-A9EE991D717F-LeaderElection115] INFO  impl.RoleInfo (RoleInfo.java:shutdownLeaderElection(134)) - 2a93f7e5-ecb9-41da-9c47-70e13ba76d7d: shutdown LeaderElection
2019-10-17 07:43:18,739 [2a93f7e5-ecb9-41da-9c47-70e13ba76d7d@group-A9EE991D717F-LeaderElection115] INFO  impl.RoleInfo (RoleInfo.java:updateAndGet(143)) - 2a93f7e5-ecb9-41da-9c47-70e13ba76d7d: start FollowerState
2019-10-17 07:43:18,834 [Thread-1185] INFO  impl.FollowerState (FollowerState.java:run(108)) - 2a93f7e5-ecb9-41da-9c47-70e13ba76d7d@group-A9EE991D717F-FollowerState: change to CANDIDATE, lastRpcTime:94ms, electionTimeout:94ms
2019-10-17 07:43:18,834 [Thread-1185] INFO  impl.RoleInfo (RoleInfo.java:shutdownFollowerState(121)) - 2a93f7e5-ecb9-41da-9c47-70e13ba76d7d: shutdown FollowerState
2019-10-17 07:43:18,834 [Thread-1185] INFO  impl.RaftServerImpl (RaftServerImpl.java:setRole(184)) - 2a93f7e5-ecb9-41da-9c47-70e13ba76d7d@group-A9EE991D717F: changes role from  FOLLOWER to CANDIDATE at term 108 for changeToCandidate
2019-10-17 07:43:18,834 [Thread-1185] INFO  impl.RoleInfo (RoleInfo.java:updateAndGet(143)) - 2a93f7e5-ecb9-41da-9c47-70e13ba76d7d: start LeaderElection
2019-10-17 07:43:18,859 [2a93f7e5-ecb9-41da-9c47-70e13ba76d7d@group-A9EE991D717F-LeaderElection116] INFO  impl.LeaderElection (LeaderElection.java:askForVotes(178)) - 2a93f7e5-ecb9-41da-9c47-70e13ba76d7d@group-A9EE991D717F-LeaderElection116: begin an election at term 109 for 0: [37bd8e8c-ea68-4b1c-8659-8d001c4f3b5c:192.168.34.62:41632, 24020d0b-ce61-4f5a-b0b0-c561541e8cd4:192.168.34.62:42892, 2a93f7e5-ecb9-41da-9c47-70e13ba76d7d:192.168.34.62:35412], old=null
2019-10-17 07:43:18,861 [grpc-default-executor-0] INFO  impl.RaftServerImpl (RaftServerImpl.java:setRole(184)) - 37bd8e8c-ea68-4b1c-8659-8d001c4f3b5c@group-A9EE991D717F: changes role from  FOLLOWER to FOLLOWER at term 109 for recognizeCandidate:2a93f7e5-ecb9-41da-9c47-70e13ba76d7d
2019-10-17 07:43:18,861 [grpc-default-executor-0] INFO  impl.RoleInfo (RoleInfo.java:shutdownFollowerState(121)) - 37bd8e8c-ea68-4b1c-8659-8d001c4f3b5c: shutdown FollowerState
2019-10-17 07:43:18,861 [grpc-default-executor-1] INFO  impl.RaftServerImpl (RaftServerImpl.java:setRole(184)) - 24020d0b-ce61-4f5a-b0b0-c561541e8cd4@group-A9EE991D717F: changes role from  FOLLOWER to FOLLOWER at term 109 for recognizeCandidate:2a93f7e5-ecb9-41da-9c47-70e13ba76d7d
2019-10-17 07:43:18,861 [grpc-default-executor-0] INFO  impl.RoleInfo (RoleInfo.java:updateAndGet(143)) - 37bd8e8c-ea68-4b1c-8659-8d001c4f3b5c: start FollowerState
2019-10-17 07:43:18,861 [Thread-1183] INFO  impl.FollowerState (FollowerState.java:run(117)) - 37bd8e8c-ea68-4b1c-8659-8d001c4f3b5c@group-A9EE991D717F-FollowerState was interrupted: java.lang.InterruptedException: sleep interrupted
2019-10-17 07:43:18,861 [grpc-default-executor-1] INFO  impl.RoleInfo (RoleInfo.java:shutdownFollowerState(121)) - 24020d0b-ce61-4f5a-b0b0-c561541e8cd4: shutdown FollowerState
2019-10-17 07:43:18,862 [grpc-default-executor-1] INFO  impl.RoleInfo (RoleInfo.java:updateAndGet(143)) - 24020d0b-ce61-4f5a-b0b0-c561541e8cd4: start FollowerState
2019-10-17 07:43:18,862 [Thread-1184] INFO  impl.FollowerState (FollowerState.java:run(117)) - 24020d0b-ce61-4f5a-b0b0-c561541e8cd4@group-A9EE991D717F-FollowerState was interrupted: java.lang.InterruptedException: sleep interrupted
2019-10-17 07:43:18,886 [2a93f7e5-ecb9-41da-9c47-70e13ba76d7d@group-A9EE991D717F-LeaderElection116] INFO  impl.LeaderElection (LeaderElection.java:logAndReturn(56)) - 2a93f7e5-ecb9-41da-9c47-70e13ba76d7d@group-A9EE991D717F-LeaderElection116: Election REJECTED; received 2 response(s) [2a93f7e5-ecb9-41da-9c47-70e13ba76d7d<-37bd8e8c-ea68-4b1c-8659-8d001c4f3b5c#0:FAIL-t109, 2a93f7e5-ecb9-41da-9c47-70e13ba76d7d<-24020d0b-ce61-4f5a-b0b0-c561541e8cd4#0:FAIL-t109] and 0 exception(s); 2a93f7e5-ecb9-41da-9c47-70e13ba76d7d@group-A9EE991D717F:t109, leader=null, voted=2a93f7e5-ecb9-41da-9c47-70e13ba76d7d, raftlog=2a93f7e5-ecb9-41da-9c47-70e13ba76d7d@group-A9EE991D717F-SegmentedRaftLog:OPENED:c-1,f0,i0, conf=0: [37bd8e8c-ea68-4b1c-8659-8d001c4f3b5c:192.168.34.62:41632, 24020d0b-ce61-4f5a-b0b0-c561541e8cd4:192.168.34.62:42892, 2a93f7e5-ecb9-41da-9c47-70e13ba76d7d:192.168.34.62:35412], old=null
2019-10-17 07:43:18,886 [2a93f7e5-ecb9-41da-9c47-70e13ba76d7d@group-A9EE991D717F-LeaderElection116] INFO  impl.RaftServerImpl (RaftServerImpl.java:setRole(184)) - 2a93f7e5-ecb9-41da-9c47-70e13ba76d7d@group-A9EE991D717F: changes role from CANDIDATE to FOLLOWER at term 109 for DISCOVERED_A_NEW_TERM
2019-10-17 07:43:18,886 [2a93f7e5-ecb9-41da-9c47-70e13ba76d7d@group-A9EE991D717F-LeaderElection116] INFO  impl.RoleInfo (RoleInfo.java:shutdownLeaderElection(134)) - 2a93f7e5-ecb9-41da-9c47-70e13ba76d7d: shutdown LeaderElection
2019-10-17 07:43:18,886 [2a93f7e5-ecb9-41da-9c47-70e13ba76d7d@group-A9EE991D717F-LeaderElection116] INFO  impl.RoleInfo (RoleInfo.java:updateAndGet(143)) - 2a93f7e5-ecb9-41da-9c47-70e13ba76d7d: start FollowerState
2019-10-17 07:43:18,984 [Thread-1191] INFO  impl.FollowerState (FollowerState.java:run(108)) - 2a93f7e5-ecb9-41da-9c47-70e13ba76d7d@group-A9EE991D717F-FollowerState: change to CANDIDATE, lastRpcTime:98ms, electionTimeout:98ms
2019-10-17 07:43:18,985 [Thread-1191] INFO  impl.RoleInfo (RoleInfo.java:shutdownFollowerState(121)) - 2a93f7e5-ecb9-41da-9c47-70e13ba76d7d: shutdown FollowerState
2019-10-17 07:43:18,985 [Thread-1191] INFO  impl.RaftServerImpl (RaftServerImpl.java:setRole(184)) - 2a93f7e5-ecb9-41da-9c47-70e13ba76d7d@group-A9EE991D717F: changes role from  FOLLOWER to CANDIDATE at term 109 for changeToCandidate
2019-10-17 07:43:18,985 [Thread-1191] INFO  impl.RoleInfo (RoleInfo.java:updateAndGet(143)) - 2a93f7e5-ecb9-41da-9c47-70e13ba76d7d: start LeaderElection
2019-10-17 07:43:19,022 [2a93f7e5-ecb9-41da-9c47-70e13ba76d7d@group-A9EE991D717F-LeaderElection117] INFO  impl.LeaderElection (LeaderElection.java:askForVotes(178)) - 2a93f7e5-ecb9-41da-9c47-70e13ba76d7d@group-A9EE991D717F-LeaderElection117: begin an election at term 110 for 0: [37bd8e8c-ea68-4b1c-8659-8d001c4f3b5c:192.168.34.62:41632, 24020d0b-ce61-4f5a-b0b0-c561541e8cd4:192.168.34.62:42892, 2a93f7e5-ecb9-41da-9c47-70e13ba76d7d:192.168.34.62:35412], old=null
2019-10-17 07:43:19,024 [grpc-default-executor-0] INFO  impl.RaftServerImpl (RaftServerImpl.java:setRole(184)) - 24020d0b-ce61-4f5a-b0b0-c561541e8cd4@group-A9EE991D717F: changes role from  FOLLOWER to FOLLOWER at term 110 for recognizeCandidate:2a93f7e5-ecb9-41da-9c47-70e13ba76d7d
2019-10-17 07:43:19,025 [grpc-default-executor-0] INFO  impl.RoleInfo (RoleInfo.java:shutdownFollowerState(121)) - 24020d0b-ce61-4f5a-b0b0-c561541e8cd4: shutdown FollowerState
2019-10-17 07:43:19,025 [grpc-default-executor-1] INFO  impl.RaftServerImpl (RaftServerImpl.java:setRole(184)) - 37bd8e8c-ea68-4b1c-8659-8d001c4f3b5c@group-A9EE991D717F: changes role from  FOLLOWER to FOLLOWER at term 110 for recognizeCandidate:2a93f7e5-ecb9-41da-9c47-70e13ba76d7d
2019-10-17 07:43:19,025 [Thread-1190] INFO  impl.FollowerState (FollowerState.java:run(117)) - 24020d0b-ce61-4f5a-b0b0-c561541e8cd4@group-A9EE991D717F-FollowerState was interrupted: java.lang.InterruptedException: sleep interrupted
2019-10-17 07:43:19,025 [grpc-default-executor-0] INFO  impl.RoleInfo (RoleInfo.java:updateAndGet(143)) - 24020d0b-ce61-4f5a-b0b0-c561541e8cd4: start FollowerState
2019-10-17 07:43:19,025 [grpc-default-executor-1] INFO  impl.RoleInfo (RoleInfo.java:shutdownFollowerState(121)) - 37bd8e8c-ea68-4b1c-8659-8d001c4f3b5c: shutdown FollowerState
2019-10-17 07:43:19,025 [grpc-default-executor-1] INFO  impl.RoleInfo (RoleInfo.java:updateAndGet(143)) - 37bd8e8c-ea68-4b1c-8659-8d001c4f3b5c: start FollowerState
2019-10-17 07:43:19,025 [Thread-1189] INFO  impl.FollowerState (FollowerState.java:run(117)) - 37bd8e8c-ea68-4b1c-8659-8d001c4f3b5c@group-A9EE991D717F-FollowerState was interrupted: java.lang.InterruptedException: sleep interrupted
2019-10-17 07:43:19,049 [2a93f7e5-ecb9-41da-9c47-70e13ba76d7d@group-A9EE991D717F-LeaderElection117] INFO  impl.LeaderElection (LeaderElection.java:logAndReturn(56)) - 2a93f7e5-ecb9-41da-9c47-70e13ba76d7d@group-A9EE991D717F-LeaderElection117: Election REJECTED; received 2 response(s) [2a93f7e5-ecb9-41da-9c47-70e13ba76d7d<-37bd8e8c-ea68-4b1c-8659-8d001c4f3b5c#0:FAIL-t110, 2a93f7e5-ecb9-41da-9c47-70e13ba76d7d<-24020d0b-ce61-4f5a-b0b0-c561541e8cd4#0:FAIL-t110] and 0 exception(s); 2a93f7e5-ecb9-41da-9c47-70e13ba76d7d@group-A9EE991D717F:t110, leader=null, voted=2a93f7e5-ecb9-41da-9c47-70e13ba76d7d, raftlog=2a93f7e5-ecb9-41da-9c47-70e13ba76d7d@group-A9EE991D717F-SegmentedRaftLog:OPENED:c-1,f0,i0, conf=0: [37bd8e8c-ea68-4b1c-8659-8d001c4f3b5c:192.168.34.62:41632, 24020d0b-ce61-4f5a-b0b0-c561541e8cd4:192.168.34.62:42892, 2a93f7e5-ecb9-41da-9c47-70e13ba76d7d:192.168.34.62:35412], old=null
2019-10-17 07:43:19,049 [2a93f7e5-ecb9-41da-9c47-70e13ba76d7d@group-A9EE991D717F-LeaderElection117] INFO  impl.RaftServerImpl (RaftServerImpl.java:setRole(184)) - 2a93f7e5-ecb9-41da-9c47-70e13ba76d7d@group-A9EE991D717F: changes role from CANDIDATE to FOLLOWER at term 110 for DISCOVERED_A_NEW_TERM
2019-10-17 07:43:19,049 [2a93f7e5-ecb9-41da-9c47-70e13ba76d7d@group-A9EE991D717F-LeaderElection117] INFO  impl.RoleInfo (RoleInfo.java:shutdownLeaderElection(134)) - 2a93f7e5-ecb9-41da-9c47-70e13ba76d7d: shutdown LeaderElection
2019-10-17 07:43:19,050 [2a93f7e5-ecb9-41da-9c47-70e13ba76d7d@group-A9EE991D717F-LeaderElection117] INFO  impl.RoleInfo (RoleInfo.java:updateAndGet(143)) - 2a93f7e5-ecb9-41da-9c47-70e13ba76d7d: start FollowerState
2019-10-17 07:43:19,104 [Thread-1197] INFO  impl.FollowerState (FollowerState.java:run(108)) - 2a93f7e5-ecb9-41da-9c47-70e13ba76d7d@group-A9EE991D717F-FollowerState: change to CANDIDATE, lastRpcTime:54ms, electionTimeout:54ms
2019-10-17 07:43:19,104 [Thread-1197] INFO  impl.RoleInfo (RoleInfo.java:shutdownFollowerState(121)) - 2a93f7e5-ecb9-41da-9c47-70e13ba76d7d: shutdown FollowerState
2019-10-17 07:43:19,104 [Thread-1197] INFO  impl.RaftServerImpl (RaftServerImpl.java:setRole(184)) - 2a93f7e5-ecb9-41da-9c47-70e13ba76d7d@group-A9EE991D717F: changes role from  FOLLOWER to CANDIDATE at term 110 for changeToCandidate
2019-10-17 07:43:19,104 [Thread-1197] INFO  impl.RoleInfo (RoleInfo.java:updateAndGet(143)) - 2a93f7e5-ecb9-41da-9c47-70e13ba76d7d: start LeaderElection
2019-10-17 07:43:19,129 [2a93f7e5-ecb9-41da-9c47-70e13ba76d7d@group-A9EE991D717F-LeaderElection118] INFO  impl.LeaderElection (LeaderElection.java:askForVotes(178)) - 2a93f7e5-ecb9-41da-9c47-70e13ba76d7d@group-A9EE991D717F-LeaderElection118: begin an election at term 111 for 0: [37bd8e8c-ea68-4b1c-8659-8d001c4f3b5c:192.168.34.62:41632, 24020d0b-ce61-4f5a-b0b0-c561541e8cd4:192.168.34.62:42892, 2a93f7e5-ecb9-41da-9c47-70e13ba76d7d:192.168.34.62:35412], old=null
2019-10-17 07:43:19,132 [grpc-default-executor-0] INFO  impl.RaftServerImpl (RaftServerImpl.java:setRole(184)) - 37bd8e8c-ea68-4b1c-8659-8d001c4f3b5c@group-A9EE991D717F: changes role from  FOLLOWER to FOLLOWER at term 111 for recognizeCandidate:2a93f7e5-ecb9-41da-9c47-70e13ba76d7d
2019-10-17 07:43:19,132 [grpc-default-executor-0] INFO  impl.RoleInfo (RoleInfo.java:shutdownFollowerState(121)) - 37bd8e8c-ea68-4b1c-8659-8d001c4f3b5c: shutdown FollowerState
2019-10-17 07:43:19,133 [grpc-default-executor-0] INFO  impl.RoleInfo (RoleInfo.java:updateAndGet(143)) - 37bd8e8c-ea68-4b1c-8659-8d001c4f3b5c: start FollowerState
2019-10-17 07:43:19,133 [Thread-1196] INFO  impl.FollowerState (FollowerState.java:run(117)) - 37bd8e8c-ea68-4b1c-8659-8d001c4f3b5c@group-A9EE991D717F-FollowerState was interrupted: java.lang.InterruptedException: sleep interrupted
2019-10-17 07:43:19,133 [grpc-default-executor-1] INFO  impl.RaftServerImpl (RaftServerImpl.java:setRole(184)) - 24020d0b-ce61-4f5a-b0b0-c561541e8cd4@group-A9EE991D717F: changes role from  FOLLOWER to FOLLOWER at term 111 for recognizeCandidate:2a93f7e5-ecb9-41da-9c47-70e13ba76d7d
2019-10-17 07:43:19,133 [grpc-default-executor-1] INFO  impl.RoleInfo (RoleInfo.java:shutdownFollowerState(121)) - 24020d0b-ce61-4f5a-b0b0-c561541e8cd4: shutdown FollowerState
2019-10-17 07:43:19,133 [grpc-default-executor-1] INFO  impl.RoleInfo (RoleInfo.java:updateAndGet(143)) - 24020d0b-ce61-4f5a-b0b0-c561541e8cd4: start FollowerState
2019-10-17 07:43:19,133 [Thread-1195] INFO  impl.FollowerState (FollowerState.java:run(117)) - 24020d0b-ce61-4f5a-b0b0-c561541e8cd4@group-A9EE991D717F-FollowerState was interrupted: java.lang.InterruptedException: sleep interrupted
2019-10-17 07:43:19,160 [2a93f7e5-ecb9-41da-9c47-70e13ba76d7d@group-A9EE991D717F-LeaderElection118] INFO  impl.LeaderElection (LeaderElection.java:logAndReturn(56)) - 2a93f7e5-ecb9-41da-9c47-70e13ba76d7d@group-A9EE991D717F-LeaderElection118: Election REJECTED; received 2 response(s) [2a93f7e5-ecb9-41da-9c47-70e13ba76d7d<-37bd8e8c-ea68-4b1c-8659-8d001c4f3b5c#0:FAIL-t111, 2a93f7e5-ecb9-41da-9c47-70e13ba76d7d<-24020d0b-ce61-4f5a-b0b0-c561541e8cd4#0:FAIL-t111] and 0 exception(s); 2a93f7e5-ecb9-41da-9c47-70e13ba76d7d@group-A9EE991D717F:t111, leader=null, voted=2a93f7e5-ecb9-41da-9c47-70e13ba76d7d, raftlog=2a93f7e5-ecb9-41da-9c47-70e13ba76d7d@group-A9EE991D717F-SegmentedRaftLog:OPENED:c-1,f0,i0, conf=0: [37bd8e8c-ea68-4b1c-8659-8d001c4f3b5c:192.168.34.62:41632, 24020d0b-ce61-4f5a-b0b0-c561541e8cd4:192.168.34.62:42892, 2a93f7e5-ecb9-41da-9c47-70e13ba76d7d:192.168.34.62:35412], old=null
2019-10-17 07:43:19,160 [2a93f7e5-ecb9-41da-9c47-70e13ba76d7d@group-A9EE991D717F-LeaderElection118] INFO  impl.RaftServerImpl (RaftServerImpl.java:setRole(184)) - 2a93f7e5-ecb9-41da-9c47-70e13ba76d7d@group-A9EE991D717F: changes role from CANDIDATE to FOLLOWER at term 111 for DISCOVERED_A_NEW_TERM
2019-10-17 07:43:19,161 [2a93f7e5-ecb9-41da-9c47-70e13ba76d7d@group-A9EE991D717F-LeaderElection118] INFO  impl.RoleInfo (RoleInfo.java:shutdownLeaderElection(134)) - 2a93f7e5-ecb9-41da-9c47-70e13ba76d7d: shutdown LeaderElection
2019-10-17 07:43:19,161 [2a93f7e5-ecb9-41da-9c47-70e13ba76d7d@group-A9EE991D717F-LeaderElection118] INFO  impl.RoleInfo (RoleInfo.java:updateAndGet(143)) - 2a93f7e5-ecb9-41da-9c47-70e13ba76d7d: start FollowerState
2019-10-17 07:43:19,161 [Thread-1203] INFO  impl.FollowerState (FollowerState.java:run(108)) - 2a93f7e5-ecb9-41da-9c47-70e13ba76d7d@group-A9EE991D717F-FollowerState: change to CANDIDATE, lastRpcTime:0ms, electionTimeout:0ms
2019-10-17 07:43:19,161 [Thread-1203] INFO  impl.RoleInfo (RoleInfo.java:shutdownFollowerState(121)) - 2a93f7e5-ecb9-41da-9c47-70e13ba76d7d: shutdown FollowerState
2019-10-17 07:43:19,161 [Thread-1203] INFO  impl.RaftServerImpl (RaftServerImpl.java:setRole(184)) - 2a93f7e5-ecb9-41da-9c47-70e13ba76d7d@group-A9EE991D717F: changes role from  FOLLOWER to CANDIDATE at term 111 for changeToCandidate
2019-10-17 07:43:19,162 [Thread-1203] INFO  impl.RoleInfo (RoleInfo.java:updateAndGet(143)) - 2a93f7e5-ecb9-41da-9c47-70e13ba76d7d: start LeaderElection
2019-10-17 07:43:19,185 [2a93f7e5-ecb9-41da-9c47-70e13ba76d7d@group-A9EE991D717F-LeaderElection119] INFO  impl.LeaderElection (LeaderElection.java:askForVotes(178)) - 2a93f7e5-ecb9-41da-9c47-70e13ba76d7d@group-A9EE991D717F-LeaderElection119: begin an election at term 112 for 0: [37bd8e8c-ea68-4b1c-8659-8d001c4f3b5c:192.168.34.62:41632, 24020d0b-ce61-4f5a-b0b0-c561541e8cd4:192.168.34.62:42892, 2a93f7e5-ecb9-41da-9c47-70e13ba76d7d:192.168.34.62:35412], old=null
2019-10-17 07:43:19,188 [grpc-default-executor-1] INFO  impl.RaftServerImpl (RaftServerImpl.java:setRole(184)) - 37bd8e8c-ea68-4b1c-8659-8d001c4f3b5c@group-A9EE991D717F: changes role from  FOLLOWER to FOLLOWER at term 112 for recognizeCandidate:2a93f7e5-ecb9-41da-9c47-70e13ba76d7d
2019-10-17 07:43:19,188 [grpc-default-executor-0] INFO  impl.RaftServerImpl (RaftServerImpl.java:setRole(184)) - 24020d0b-ce61-4f5a-b0b0-c561541e8cd4@group-A9EE991D717F: changes role from  FOLLOWER to FOLLOWER at term 112 for recognizeCandidate:2a93f7e5-ecb9-41da-9c47-70e13ba76d7d
2019-10-17 07:43:19,188 [grpc-default-executor-1] INFO  impl.RoleInfo (RoleInfo.java:shutdownFollowerState(121)) - 37bd8e8c-ea68-4b1c-8659-8d001c4f3b5c: shutdown FollowerState
2019-10-17 07:43:19,188 [grpc-default-executor-0] INFO  impl.RoleInfo (RoleInfo.java:shutdownFollowerState(121)) - 24020d0b-ce61-4f5a-b0b0-c561541e8cd4: shutdown FollowerState
2019-10-17 07:43:19,189 [Thread-1201] INFO  impl.FollowerState (FollowerState.java:run(117)) - 37bd8e8c-ea68-4b1c-8659-8d001c4f3b5c@group-A9EE991D717F-FollowerState was interrupted: java.lang.InterruptedException: sleep interrupted
2019-10-17 07:43:19,189 [grpc-default-executor-1] INFO  impl.RoleInfo (RoleInfo.java:updateAndGet(143)) - 37bd8e8c-ea68-4b1c-8659-8d001c4f3b5c: start FollowerState
2019-10-17 07:43:19,189 [Thread-1202] INFO  impl.FollowerState (FollowerState.java:run(117)) - 24020d0b-ce61-4f5a-b0b0-c561541e8cd4@group-A9EE991D717F-FollowerState was interrupted: java.lang.InterruptedException: sleep interrupted
2019-10-17 07:43:19,189 [grpc-default-executor-0] INFO  impl.RoleInfo (RoleInfo.java:updateAndGet(143)) - 24020d0b-ce61-4f5a-b0b0-c561541e8cd4: start FollowerState
2019-10-17 07:43:19,204 [2a93f7e5-ecb9-41da-9c47-70e13ba76d7d@group-A9EE991D717F-LeaderElection119] INFO  impl.LeaderElection (LeaderElection.java:logAndReturn(56)) - 2a93f7e5-ecb9-41da-9c47-70e13ba76d7d@group-A9EE991D717F-LeaderElection119: Election REJECTED; received 2 response(s) [2a93f7e5-ecb9-41da-9c47-70e13ba76d7d<-37bd8e8c-ea68-4b1c-8659-8d001c4f3b5c#0:FAIL-t112, 2a93f7e5-ecb9-41da-9c47-70e13ba76d7d<-24020d0b-ce61-4f5a-b0b0-c561541e8cd4#0:FAIL-t112] and 0 exception(s); 2a93f7e5-ecb9-41da-9c47-70e13ba76d7d@group-A9EE991D717F:t112, leader=null, voted=2a93f7e5-ecb9-41da-9c47-70e13ba76d7d, raftlog=2a93f7e5-ecb9-41da-9c47-70e13ba76d7d@group-A9EE991D717F-SegmentedRaftLog:OPENED:c-1,f0,i0, conf=0: [37bd8e8c-ea68-4b1c-8659-8d001c4f3b5c:192.168.34.62:41632, 24020d0b-ce61-4f5a-b0b0-c561541e8cd4:192.168.34.62:42892, 2a93f7e5-ecb9-41da-9c47-70e13ba76d7d:192.168.34.62:35412], old=null
2019-10-17 07:43:19,204 [2a93f7e5-ecb9-41da-9c47-70e13ba76d7d@group-A9EE991D717F-LeaderElection119] INFO  impl.RaftServerImpl (RaftServerImpl.java:setRole(184)) - 2a93f7e5-ecb9-41da-9c47-70e13ba76d7d@group-A9EE991D717F: changes role from CANDIDATE to FOLLOWER at term 112 for DISCOVERED_A_NEW_TERM
2019-10-17 07:43:19,204 [2a93f7e5-ecb9-41da-9c47-70e13ba76d7d@group-A9EE991D717F-LeaderElection119] INFO  impl.RoleInfo (RoleInfo.java:shutdownLeaderElection(134)) - 2a93f7e5-ecb9-41da-9c47-70e13ba76d7d: shutdown LeaderElection
2019-10-17 07:43:19,204 [2a93f7e5-ecb9-41da-9c47-70e13ba76d7d@group-A9EE991D717F-LeaderElection119] INFO  impl.RoleInfo (RoleInfo.java:updateAndGet(143)) - 2a93f7e5-ecb9-41da-9c47-70e13ba76d7d: start FollowerState
2019-10-17 07:43:19,263 [Thread-1209] INFO  impl.FollowerState (FollowerState.java:run(108)) - 2a93f7e5-ecb9-41da-9c47-70e13ba76d7d@group-A9EE991D717F-FollowerState: change to CANDIDATE, lastRpcTime:58ms, electionTimeout:58ms
2019-10-17 07:43:19,263 [Thread-1209] INFO  impl.RoleInfo (RoleInfo.java:shutdownFollowerState(121)) - 2a93f7e5-ecb9-41da-9c47-70e13ba76d7d: shutdown FollowerState
2019-10-17 07:43:19,263 [Thread-1209] INFO  impl.RaftServerImpl (RaftServerImpl.java:setRole(184)) - 2a93f7e5-ecb9-41da-9c47-70e13ba76d7d@group-A9EE991D717F: changes role from  FOLLOWER to CANDIDATE at term 112 for changeToCandidate
2019-10-17 07:43:19,263 [Thread-1209] INFO  impl.RoleInfo (RoleInfo.java:updateAndGet(143)) - 2a93f7e5-ecb9-41da-9c47-70e13ba76d7d: start LeaderElection
2019-10-17 07:43:19,287 [2a93f7e5-ecb9-41da-9c47-70e13ba76d7d@group-A9EE991D717F-LeaderElection120] INFO  impl.LeaderElection (LeaderElection.java:askForVotes(178)) - 2a93f7e5-ecb9-41da-9c47-70e13ba76d7d@group-A9EE991D717F-LeaderElection120: begin an election at term 113 for 0: [37bd8e8c-ea68-4b1c-8659-8d001c4f3b5c:192.168.34.62:41632, 24020d0b-ce61-4f5a-b0b0-c561541e8cd4:192.168.34.62:42892, 2a93f7e5-ecb9-41da-9c47-70e13ba76d7d:192.168.34.62:35412], old=null
2019-10-17 07:43:19,290 [grpc-default-executor-0] INFO  impl.RaftServerImpl (RaftServerImpl.java:setRole(184)) - 37bd8e8c-ea68-4b1c-8659-8d001c4f3b5c@group-A9EE991D717F: changes role from  FOLLOWER to FOLLOWER at term 113 for recognizeCandidate:2a93f7e5-ecb9-41da-9c47-70e13ba76d7d
2019-10-17 07:43:19,290 [grpc-default-executor-0] INFO  impl.RoleInfo (RoleInfo.java:shutdownFollowerState(121)) - 37bd8e8c-ea68-4b1c-8659-8d001c4f3b5c: shutdown FollowerState
2019-10-17 07:43:19,290 [grpc-default-executor-0] INFO  impl.RoleInfo (RoleInfo.java:updateAndGet(143)) - 37bd8e8c-ea68-4b1c-8659-8d001c4f3b5c: start FollowerState
2019-10-17 07:43:19,290 [grpc-default-executor-1] INFO  impl.RaftServerImpl (RaftServerImpl.java:setRole(184)) - 24020d0b-ce61-4f5a-b0b0-c561541e8cd4@group-A9EE991D717F: changes role from  FOLLOWER to FOLLOWER at term 113 for recognizeCandidate:2a93f7e5-ecb9-41da-9c47-70e13ba76d7d
2019-10-17 07:43:19,291 [grpc-default-executor-1] INFO  impl.RoleInfo (RoleInfo.java:shutdownFollowerState(121)) - 24020d0b-ce61-4f5a-b0b0-c561541e8cd4: shutdown FollowerState
2019-10-17 07:43:19,290 [Thread-1207] INFO  impl.FollowerState (FollowerState.java:run(117)) - 37bd8e8c-ea68-4b1c-8659-8d001c4f3b5c@group-A9EE991D717F-FollowerState was interrupted: java.lang.InterruptedException: sleep interrupted
2019-10-17 07:43:19,291 [grpc-default-executor-1] INFO  impl.RoleInfo (RoleInfo.java:updateAndGet(143)) - 24020d0b-ce61-4f5a-b0b0-c561541e8cd4: start FollowerState
2019-10-17 07:43:19,291 [Thread-1208] INFO  impl.FollowerState (FollowerState.java:run(117)) - 24020d0b-ce61-4f5a-b0b0-c561541e8cd4@group-A9EE991D717F-FollowerState was interrupted: java.lang.InterruptedException: sleep interrupted
2019-10-17 07:43:19,300 [2a93f7e5-ecb9-41da-9c47-70e13ba76d7d@group-A9EE991D717F-LeaderElection120] INFO  impl.LeaderElection (LeaderElection.java:logAndReturn(56)) - 2a93f7e5-ecb9-41da-9c47-70e13ba76d7d@group-A9EE991D717F-LeaderElection120: Election TIMEOUT; received 0 response(s) [] and 0 exception(s); 2a93f7e5-ecb9-41da-9c47-70e13ba76d7d@group-A9EE991D717F:t113, leader=null, voted=2a93f7e5-ecb9-41da-9c47-70e13ba76d7d, raftlog=2a93f7e5-ecb9-41da-9c47-70e13ba76d7d@group-A9EE991D717F-SegmentedRaftLog:OPENED:c-1,f0,i0, conf=0: [37bd8e8c-ea68-4b1c-8659-8d001c4f3b5c:192.168.34.62:41632, 24020d0b-ce61-4f5a-b0b0-c561541e8cd4:192.168.34.62:42892, 2a93f7e5-ecb9-41da-9c47-70e13ba76d7d:192.168.34.62:35412], old=null
2019-10-17 07:43:19,329 [2a93f7e5-ecb9-41da-9c47-70e13ba76d7d@group-A9EE991D717F-LeaderElection120] INFO  impl.LeaderElection (LeaderElection.java:askForVotes(178)) - 2a93f7e5-ecb9-41da-9c47-70e13ba76d7d@group-A9EE991D717F-LeaderElection120: begin an election at term 114 for 0: [37bd8e8c-ea68-4b1c-8659-8d001c4f3b5c:192.168.34.62:41632, 24020d0b-ce61-4f5a-b0b0-c561541e8cd4:192.168.34.62:42892, 2a93f7e5-ecb9-41da-9c47-70e13ba76d7d:192.168.34.62:35412], old=null
2019-10-17 07:43:19,332 [grpc-default-executor-1] INFO  impl.RaftServerImpl (RaftServerImpl.java:setRole(184)) - 37bd8e8c-ea68-4b1c-8659-8d001c4f3b5c@group-A9EE991D717F: changes role from  FOLLOWER to FOLLOWER at term 114 for recognizeCandidate:2a93f7e5-ecb9-41da-9c47-70e13ba76d7d
2019-10-17 07:43:19,332 [grpc-default-executor-0] INFO  impl.RaftServerImpl (RaftServerImpl.java:setRole(184)) - 24020d0b-ce61-4f5a-b0b0-c561541e8cd4@group-A9EE991D717F: changes role from  FOLLOWER to FOLLOWER at term 114 for recognizeCandidate:2a93f7e5-ecb9-41da-9c47-70e13ba76d7d
2019-10-17 07:43:19,332 [grpc-default-executor-1] INFO  impl.RoleInfo (RoleInfo.java:shutdownFollowerState(121)) - 37bd8e8c-ea68-4b1c-8659-8d001c4f3b5c: shutdown FollowerState
2019-10-17 07:43:19,332 [grpc-default-executor-0] INFO  impl.RoleInfo (RoleInfo.java:shutdownFollowerState(121)) - 24020d0b-ce61-4f5a-b0b0-c561541e8cd4: shutdown FollowerState
2019-10-17 07:43:19,332 [Thread-1213] INFO  impl.FollowerState (FollowerState.java:run(117)) - 37bd8e8c-ea68-4b1c-8659-8d001c4f3b5c@group-A9EE991D717F-FollowerState was interrupted: java.lang.InterruptedException: sleep interrupted
2019-10-17 07:43:19,332 [grpc-default-executor-1] INFO  impl.RoleInfo (RoleInfo.java:updateAndGet(143)) - 37bd8e8c-ea68-4b1c-8659-8d001c4f3b5c: start FollowerState
2019-10-17 07:43:19,332 [Thread-1214] INFO  impl.FollowerState (FollowerState.java:run(117)) - 24020d0b-ce61-4f5a-b0b0-c561541e8cd4@group-A9EE991D717F-FollowerState was interrupted: java.lang.InterruptedException: sleep interrupted
2019-10-17 07:43:19,332 [grpc-default-executor-0] INFO  impl.RoleInfo (RoleInfo.java:updateAndGet(143)) - 24020d0b-ce61-4f5a-b0b0-c561541e8cd4: start FollowerState
2019-10-17 07:43:19,359 [2a93f7e5-ecb9-41da-9c47-70e13ba76d7d@group-A9EE991D717F-LeaderElection120] INFO  impl.LeaderElection (LeaderElection.java:logAndReturn(56)) - 2a93f7e5-ecb9-41da-9c47-70e13ba76d7d@group-A9EE991D717F-LeaderElection120: Election REJECTED; received 2 response(s) [2a93f7e5-ecb9-41da-9c47-70e13ba76d7d<-37bd8e8c-ea68-4b1c-8659-8d001c4f3b5c#0:FAIL-t114, 2a93f7e5-ecb9-41da-9c47-70e13ba76d7d<-24020d0b-ce61-4f5a-b0b0-c561541e8cd4#0:FAIL-t114] and 0 exception(s); 2a93f7e5-ecb9-41da-9c47-70e13ba76d7d@group-A9EE991D717F:t114, leader=null, voted=2a93f7e5-ecb9-41da-9c47-70e13ba76d7d, raftlog=2a93f7e5-ecb9-41da-9c47-70e13ba76d7d@group-A9EE991D717F-SegmentedRaftLog:OPENED:c-1,f0,i0, conf=0: [37bd8e8c-ea68-4b1c-8659-8d001c4f3b5c:192.168.34.62:41632, 24020d0b-ce61-4f5a-b0b0-c561541e8cd4:192.168.34.62:42892, 2a93f7e5-ecb9-41da-9c47-70e13ba76d7d:192.168.34.62:35412], old=null
2019-10-17 07:43:19,359 [2a93f7e5-ecb9-41da-9c47-70e13ba76d7d@group-A9EE991D717F-LeaderElection120] INFO  impl.RaftServerImpl (RaftServerImpl.java:setRole(184)) - 2a93f7e5-ecb9-41da-9c47-70e13ba76d7d@group-A9EE991D717F: changes role from CANDIDATE to FOLLOWER at term 114 for DISCOVERED_A_NEW_TERM
2019-10-17 07:43:19,359 [2a93f7e5-ecb9-41da-9c47-70e13ba76d7d@group-A9EE991D717F-LeaderElection120] INFO  impl.RoleInfo (RoleInfo.java:shutdownLeaderElection(134)) - 2a93f7e5-ecb9-41da-9c47-70e13ba76d7d: shutdown LeaderElection
2019-10-17 07:43:19,359 [2a93f7e5-ecb9-41da-9c47-70e13ba76d7d@group-A9EE991D717F-LeaderElection120] INFO  impl.RoleInfo (RoleInfo.java:updateAndGet(143)) - 2a93f7e5-ecb9-41da-9c47-70e13ba76d7d: start FollowerState
2019-10-17 07:43:19,404 [Thread-1219] INFO  impl.FollowerState (FollowerState.java:run(108)) - 2a93f7e5-ecb9-41da-9c47-70e13ba76d7d@group-A9EE991D717F-FollowerState: change to CANDIDATE, lastRpcTime:44ms, electionTimeout:44ms
2019-10-17 07:43:19,404 [Thread-1219] INFO  impl.RoleInfo (RoleInfo.java:shutdownFollowerState(121)) - 2a93f7e5-ecb9-41da-9c47-70e13ba76d7d: shutdown FollowerState
2019-10-17 07:43:19,404 [Thread-1219] INFO  impl.RaftServerImpl (RaftServerImpl.java:setRole(184)) - 2a93f7e5-ecb9-41da-9c47-70e13ba76d7d@group-A9EE991D717F: changes role from  FOLLOWER to CANDIDATE at term 114 for changeToCandidate
2019-10-17 07:43:19,404 [Thread-1219] INFO  impl.RoleInfo (RoleInfo.java:updateAndGet(143)) - 2a93f7e5-ecb9-41da-9c47-70e13ba76d7d: start LeaderElection
2019-10-17 07:43:19,414 [2a93f7e5-ecb9-41da-9c47-70e13ba76d7d@group-A9EE991D717F-LeaderElection121] INFO  impl.LeaderElection (LeaderElection.java:askForVotes(178)) - 2a93f7e5-ecb9-41da-9c47-70e13ba76d7d@group-A9EE991D717F-LeaderElection121: begin an election at term 115 for 0: [37bd8e8c-ea68-4b1c-8659-8d001c4f3b5c:192.168.34.62:41632, 24020d0b-ce61-4f5a-b0b0-c561541e8cd4:192.168.34.62:42892, 2a93f7e5-ecb9-41da-9c47-70e13ba76d7d:192.168.34.62:35412], old=null
2019-10-17 07:43:19,416 [grpc-default-executor-0] INFO  impl.RaftServerImpl (RaftServerImpl.java:setRole(184)) - 37bd8e8c-ea68-4b1c-8659-8d001c4f3b5c@group-A9EE991D717F: changes role from  FOLLOWER to FOLLOWER at term 115 for recognizeCandidate:2a93f7e5-ecb9-41da-9c47-70e13ba76d7d
2019-10-17 07:43:19,416 [grpc-default-executor-0] INFO  impl.RoleInfo (RoleInfo.java:shutdownFollowerState(121)) - 37bd8e8c-ea68-4b1c-8659-8d001c4f3b5c: shutdown FollowerState
2019-10-17 07:43:19,417 [grpc-default-executor-0] INFO  impl.RoleInfo (RoleInfo.java:updateAndGet(143)) - 37bd8e8c-ea68-4b1c-8659-8d001c4f3b5c: start FollowerState
2019-10-17 07:43:19,417 [Thread-1217] INFO  impl.FollowerState (FollowerState.java:run(117)) - 37bd8e8c-ea68-4b1c-8659-8d001c4f3b5c@group-A9EE991D717F-FollowerState was interrupted: java.lang.InterruptedException: sleep interrupted
2019-10-17 07:43:19,417 [grpc-default-executor-1] INFO  impl.RaftServerImpl (RaftServerImpl.java:setRole(184)) - 24020d0b-ce61-4f5a-b0b0-c561541e8cd4@group-A9EE991D717F: changes role from  FOLLOWER to FOLLOWER at term 115 for recognizeCandidate:2a93f7e5-ecb9-41da-9c47-70e13ba76d7d
2019-10-17 07:43:19,417 [grpc-default-executor-1] INFO  impl.RoleInfo (RoleInfo.java:shutdownFollowerState(121)) - 24020d0b-ce61-4f5a-b0b0-c561541e8cd4: shutdown FollowerState
2019-10-17 07:43:19,417 [grpc-default-executor-1] INFO  impl.RoleInfo (RoleInfo.java:updateAndGet(143)) - 24020d0b-ce61-4f5a-b0b0-c561541e8cd4: start FollowerState
2019-10-17 07:43:19,417 [Thread-1218] INFO  impl.FollowerState (FollowerState.java:run(117)) - 24020d0b-ce61-4f5a-b0b0-c561541e8cd4@group-A9EE991D717F-FollowerState was interrupted: java.lang.InterruptedException: sleep interrupted
2019-10-17 07:43:19,422 [2a93f7e5-ecb9-41da-9c47-70e13ba76d7d@group-A9EE991D717F-LeaderElection121] INFO  impl.LeaderElection (LeaderElection.java:logAndReturn(56)) - 2a93f7e5-ecb9-41da-9c47-70e13ba76d7d@group-A9EE991D717F-LeaderElection121: Election TIMEOUT; received 0 response(s) [] and 0 exception(s); 2a93f7e5-ecb9-41da-9c47-70e13ba76d7d@group-A9EE991D717F:t115, leader=null, voted=2a93f7e5-ecb9-41da-9c47-70e13ba76d7d, raftlog=2a93f7e5-ecb9-41da-9c47-70e13ba76d7d@group-A9EE991D717F-SegmentedRaftLog:OPENED:c-1,f0,i0, conf=0: [37bd8e8c-ea68-4b1c-8659-8d001c4f3b5c:192.168.34.62:41632, 24020d0b-ce61-4f5a-b0b0-c561541e8cd4:192.168.34.62:42892, 2a93f7e5-ecb9-41da-9c47-70e13ba76d7d:192.168.34.62:35412], old=null
2019-10-17 07:43:19,433 [2a93f7e5-ecb9-41da-9c47-70e13ba76d7d@group-A9EE991D717F-LeaderElection121] INFO  impl.LeaderElection (LeaderElection.java:askForVotes(178)) - 2a93f7e5-ecb9-41da-9c47-70e13ba76d7d@group-A9EE991D717F-LeaderElection121: begin an election at term 116 for 0: [37bd8e8c-ea68-4b1c-8659-8d001c4f3b5c:192.168.34.62:41632, 24020d0b-ce61-4f5a-b0b0-c561541e8cd4:192.168.34.62:42892, 2a93f7e5-ecb9-41da-9c47-70e13ba76d7d:192.168.34.62:35412], old=null
2019-10-17 07:43:19,438 [grpc-default-executor-1] INFO  impl.RaftServerImpl (RaftServerImpl.java:setRole(184)) - 37bd8e8c-ea68-4b1c-8659-8d001c4f3b5c@group-A9EE991D717F: changes role from  FOLLOWER to FOLLOWER at term 116 for recognizeCandidate:2a93f7e5-ecb9-41da-9c47-70e13ba76d7d
2019-10-17 07:43:19,438 [grpc-default-executor-1] INFO  impl.RoleInfo (RoleInfo.java:shutdownFollowerState(121)) - 37bd8e8c-ea68-4b1c-8659-8d001c4f3b5c: shutdown FollowerState
2019-10-17 07:43:19,439 [grpc-default-executor-1] INFO  impl.RoleInfo (RoleInfo.java:updateAndGet(143)) - 37bd8e8c-ea68-4b1c-8659-8d001c4f3b5c: start FollowerState
2019-10-17 07:43:19,439 [Thread-1223] INFO  impl.FollowerState (FollowerState.java:run(117)) - 37bd8e8c-ea68-4b1c-8659-8d001c4f3b5c@group-A9EE991D717F-FollowerState was interrupted: java.lang.InterruptedException: sleep interrupted
2019-10-17 07:43:19,439 [grpc-default-executor-0] INFO  impl.RaftServerImpl (RaftServerImpl.java:setRole(184)) - 24020d0b-ce61-4f5a-b0b0-c561541e8cd4@group-A9EE991D717F: changes role from  FOLLOWER to FOLLOWER at term 116 for recognizeCandidate:2a93f7e5-ecb9-41da-9c47-70e13ba76d7d
2019-10-17 07:43:19,439 [grpc-default-executor-0] INFO  impl.RoleInfo (RoleInfo.java:shutdownFollowerState(121)) - 24020d0b-ce61-4f5a-b0b0-c561541e8cd4: shutdown FollowerState
2019-10-17 07:43:19,440 [grpc-default-executor-0] INFO  impl.RoleInfo (RoleInfo.java:updateAndGet(143)) - 24020d0b-ce61-4f5a-b0b0-c561541e8cd4: start FollowerState
2019-10-17 07:43:19,440 [Thread-1224] INFO  impl.FollowerState (FollowerState.java:run(117)) - 24020d0b-ce61-4f5a-b0b0-c561541e8cd4@group-A9EE991D717F-FollowerState was interrupted: java.lang.InterruptedException: sleep interrupted
2019-10-17 07:43:19,464 [2a93f7e5-ecb9-41da-9c47-70e13ba76d7d@group-A9EE991D717F-LeaderElection121] INFO  impl.LeaderElection (LeaderElection.java:logAndReturn(56)) - 2a93f7e5-ecb9-41da-9c47-70e13ba76d7d@group-A9EE991D717F-LeaderElection121: Election REJECTED; received 2 response(s) [2a93f7e5-ecb9-41da-9c47-70e13ba76d7d<-37bd8e8c-ea68-4b1c-8659-8d001c4f3b5c#0:FAIL-t116, 2a93f7e5-ecb9-41da-9c47-70e13ba76d7d<-24020d0b-ce61-4f5a-b0b0-c561541e8cd4#0:FAIL-t116] and 0 exception(s); 2a93f7e5-ecb9-41da-9c47-70e13ba76d7d@group-A9EE991D717F:t116, leader=null, voted=2a93f7e5-ecb9-41da-9c47-70e13ba76d7d, raftlog=2a93f7e5-ecb9-41da-9c47-70e13ba76d7d@group-A9EE991D717F-SegmentedRaftLog:OPENED:c-1,f0,i0, conf=0: [37bd8e8c-ea68-4b1c-8659-8d001c4f3b5c:192.168.34.62:41632, 24020d0b-ce61-4f5a-b0b0-c561541e8cd4:192.168.34.62:42892, 2a93f7e5-ecb9-41da-9c47-70e13ba76d7d:192.168.34.62:35412], old=null
2019-10-17 07:43:19,464 [2a93f7e5-ecb9-41da-9c47-70e13ba76d7d@group-A9EE991D717F-LeaderElection121] INFO  impl.RaftServerImpl (RaftServerImpl.java:setRole(184)) - 2a93f7e5-ecb9-41da-9c47-70e13ba76d7d@group-A9EE991D717F: changes role from CANDIDATE to FOLLOWER at term 116 for DISCOVERED_A_NEW_TERM
2019-10-17 07:43:19,465 [2a93f7e5-ecb9-41da-9c47-70e13ba76d7d@group-A9EE991D717F-LeaderElection121] INFO  impl.RoleInfo (RoleInfo.java:shutdownLeaderElection(134)) - 2a93f7e5-ecb9-41da-9c47-70e13ba76d7d: shutdown LeaderElection
2019-10-17 07:43:19,465 [2a93f7e5-ecb9-41da-9c47-70e13ba76d7d@group-A9EE991D717F-LeaderElection121] INFO  impl.RoleInfo (RoleInfo.java:updateAndGet(143)) - 2a93f7e5-ecb9-41da-9c47-70e13ba76d7d: start FollowerState
2019-10-17 07:43:19,525 [Thread-1229] INFO  impl.FollowerState (FollowerState.java:run(108)) - 2a93f7e5-ecb9-41da-9c47-70e13ba76d7d@group-A9EE991D717F-FollowerState: change to CANDIDATE, lastRpcTime:60ms, electionTimeout:60ms
2019-10-17 07:43:19,526 [Thread-1229] INFO  impl.RoleInfo (RoleInfo.java:shutdownFollowerState(121)) - 2a93f7e5-ecb9-41da-9c47-70e13ba76d7d: shutdown FollowerState
2019-10-17 07:43:19,526 [Thread-1229] INFO  impl.RaftServerImpl (RaftServerImpl.java:setRole(184)) - 2a93f7e5-ecb9-41da-9c47-70e13ba76d7d@group-A9EE991D717F: changes role from  FOLLOWER to CANDIDATE at term 116 for changeToCandidate
2019-10-17 07:43:19,526 [Thread-1229] INFO  impl.RoleInfo (RoleInfo.java:updateAndGet(143)) - 2a93f7e5-ecb9-41da-9c47-70e13ba76d7d: start LeaderElection
2019-10-17 07:43:19,601 [2a93f7e5-ecb9-41da-9c47-70e13ba76d7d@group-A9EE991D717F-LeaderElection122] INFO  impl.LeaderElection (LeaderElection.java:askForVotes(178)) - 2a93f7e5-ecb9-41da-9c47-70e13ba76d7d@group-A9EE991D717F-LeaderElection122: begin an election at term 117 for 0: [37bd8e8c-ea68-4b1c-8659-8d001c4f3b5c:192.168.34.62:41632, 24020d0b-ce61-4f5a-b0b0-c561541e8cd4:192.168.34.62:42892, 2a93f7e5-ecb9-41da-9c47-70e13ba76d7d:192.168.34.62:35412], old=null
2019-10-17 07:43:19,604 [grpc-default-executor-1] INFO  impl.RaftServerImpl (RaftServerImpl.java:setRole(184)) - 37bd8e8c-ea68-4b1c-8659-8d001c4f3b5c@group-A9EE991D717F: changes role from  FOLLOWER to FOLLOWER at term 117 for recognizeCandidate:2a93f7e5-ecb9-41da-9c47-70e13ba76d7d
2019-10-17 07:43:19,604 [grpc-default-executor-1] INFO  impl.RoleInfo (RoleInfo.java:shutdownFollowerState(121)) - 37bd8e8c-ea68-4b1c-8659-8d001c4f3b5c: shutdown FollowerState
2019-10-17 07:43:19,604 [grpc-default-executor-0] INFO  impl.RaftServerImpl (RaftServerImpl.java:setRole(184)) - 24020d0b-ce61-4f5a-b0b0-c561541e8cd4@group-A9EE991D717F: changes role from  FOLLOWER to FOLLOWER at term 117 for recognizeCandidate:2a93f7e5-ecb9-41da-9c47-70e13ba76d7d
2019-10-17 07:43:19,604 [grpc-default-executor-0] INFO  impl.RoleInfo (RoleInfo.java:shutdownFollowerState(121)) - 24020d0b-ce61-4f5a-b0b0-c561541e8cd4: shutdown FollowerState
2019-10-17 07:43:19,604 [Thread-1227] INFO  impl.FollowerState (FollowerState.java:run(117)) - 37bd8e8c-ea68-4b1c-8659-8d001c4f3b5c@group-A9EE991D717F-FollowerState was interrupted: java.lang.InterruptedException: sleep interrupted
2019-10-17 07:43:19,604 [grpc-default-executor-1] INFO  impl.RoleInfo (RoleInfo.java:updateAndGet(143)) - 37bd8e8c-ea68-4b1c-8659-8d001c4f3b5c: start FollowerState
2019-10-17 07:43:19,604 [Thread-1228] INFO  impl.FollowerState (FollowerState.java:run(117)) - 24020d0b-ce61-4f5a-b0b0-c561541e8cd4@group-A9EE991D717F-FollowerState was interrupted: java.lang.InterruptedException: sleep interrupted
2019-10-17 07:43:19,604 [grpc-default-executor-0] INFO  impl.RoleInfo (RoleInfo.java:updateAndGet(143)) - 24020d0b-ce61-4f5a-b0b0-c561541e8cd4: start FollowerState
2019-10-17 07:43:19,630 [2a93f7e5-ecb9-41da-9c47-70e13ba76d7d@group-A9EE991D717F-LeaderElection122] INFO  impl.LeaderElection (LeaderElection.java:logAndReturn(56)) - 2a93f7e5-ecb9-41da-9c47-70e13ba76d7d@group-A9EE991D717F-LeaderElection122: Election REJECTED; received 2 response(s) [2a93f7e5-ecb9-41da-9c47-70e13ba76d7d<-37bd8e8c-ea68-4b1c-8659-8d001c4f3b5c#0:FAIL-t117, 2a93f7e5-ecb9-41da-9c47-70e13ba76d7d<-24020d0b-ce61-4f5a-b0b0-c561541e8cd4#0:FAIL-t117] and 0 exception(s); 2a93f7e5-ecb9-41da-9c47-70e13ba76d7d@group-A9EE991D717F:t117, leader=null, voted=2a93f7e5-ecb9-41da-9c47-70e13ba76d7d, raftlog=2a93f7e5-ecb9-41da-9c47-70e13ba76d7d@group-A9EE991D717F-SegmentedRaftLog:OPENED:c-1,f0,i0, conf=0: [37bd8e8c-ea68-4b1c-8659-8d001c4f3b5c:192.168.34.62:41632, 24020d0b-ce61-4f5a-b0b0-c561541e8cd4:192.168.34.62:42892, 2a93f7e5-ecb9-41da-9c47-70e13ba76d7d:192.168.34.62:35412], old=null
2019-10-17 07:43:19,630 [2a93f7e5-ecb9-41da-9c47-70e13ba76d7d@group-A9EE991D717F-LeaderElection122] INFO  impl.RaftServerImpl (RaftServerImpl.java:setRole(184)) - 2a93f7e5-ecb9-41da-9c47-70e13ba76d7d@group-A9EE991D717F: changes role from CANDIDATE to FOLLOWER at term 117 for DISCOVERED_A_NEW_TERM
2019-10-17 07:43:19,630 [2a93f7e5-ecb9-41da-9c47-70e13ba76d7d@group-A9EE991D717F-LeaderElection122] INFO  impl.RoleInfo (RoleInfo.java:shutdownLeaderElection(134)) - 2a93f7e5-ecb9-41da-9c47-70e13ba76d7d: shutdown LeaderElection
2019-10-17 07:43:19,630 [2a93f7e5-ecb9-41da-9c47-70e13ba76d7d@group-A9EE991D717F-LeaderElection122] INFO  impl.RoleInfo (RoleInfo.java:updateAndGet(143)) - 2a93f7e5-ecb9-41da-9c47-70e13ba76d7d: start FollowerState
2019-10-17 07:43:19,809 [Thread-1235] INFO  impl.FollowerState (FollowerState.java:run(108)) - 2a93f7e5-ecb9-41da-9c47-70e13ba76d7d@group-A9EE991D717F-FollowerState: change to CANDIDATE, lastRpcTime:178ms, electionTimeout:178ms
2019-10-17 07:43:19,809 [Thread-1235] INFO  impl.RoleInfo (RoleInfo.java:shutdownFollowerState(121)) - 2a93f7e5-ecb9-41da-9c47-70e13ba76d7d: shutdown FollowerState
2019-10-17 07:43:19,809 [Thread-1235] INFO  impl.RaftServerImpl (RaftServerImpl.java:setRole(184)) - 2a93f7e5-ecb9-41da-9c47-70e13ba76d7d@group-A9EE991D717F: changes role from  FOLLOWER to CANDIDATE at term 117 for changeToCandidate
2019-10-17 07:43:19,809 [Thread-1235] INFO  impl.RoleInfo (RoleInfo.java:updateAndGet(143)) - 2a93f7e5-ecb9-41da-9c47-70e13ba76d7d: start LeaderElection
2019-10-17 07:43:19,833 [2a93f7e5-ecb9-41da-9c47-70e13ba76d7d@group-A9EE991D717F-LeaderElection123] INFO  impl.LeaderElection (LeaderElection.java:askForVotes(178)) - 2a93f7e5-ecb9-41da-9c47-70e13ba76d7d@group-A9EE991D717F-LeaderElection123: begin an election at term 118 for 0: [37bd8e8c-ea68-4b1c-8659-8d001c4f3b5c:192.168.34.62:41632, 24020d0b-ce61-4f5a-b0b0-c561541e8cd4:192.168.34.62:42892, 2a93f7e5-ecb9-41da-9c47-70e13ba76d7d:192.168.34.62:35412], old=null
2019-10-17 07:43:19,837 [grpc-default-executor-1] INFO  impl.RaftServerImpl (RaftServerImpl.java:setRole(184)) - 24020d0b-ce61-4f5a-b0b0-c561541e8cd4@group-A9EE991D717F: changes role from  FOLLOWER to FOLLOWER at term 118 for recognizeCandidate:2a93f7e5-ecb9-41da-9c47-70e13ba76d7d
2019-10-17 07:43:19,837 [grpc-default-executor-1] INFO  impl.RoleInfo (RoleInfo.java:shutdownFollowerState(121)) - 24020d0b-ce61-4f5a-b0b0-c561541e8cd4: shutdown FollowerState
2019-10-17 07:43:19,837 [grpc-default-executor-0] INFO  impl.RaftServerImpl (RaftServerImpl.java:setRole(184)) - 37bd8e8c-ea68-4b1c-8659-8d001c4f3b5c@group-A9EE991D717F: changes role from  FOLLOWER to FOLLOWER at term 118 for recognizeCandidate:2a93f7e5-ecb9-41da-9c47-70e13ba76d7d
2019-10-17 07:43:19,837 [grpc-default-executor-1] INFO  impl.RoleInfo (RoleInfo.java:updateAndGet(143)) - 24020d0b-ce61-4f5a-b0b0-c561541e8cd4: start FollowerState
2019-10-17 07:43:19,837 [Thread-1234] INFO  impl.FollowerState (FollowerState.java:run(117)) - 24020d0b-ce61-4f5a-b0b0-c561541e8cd4@group-A9EE991D717F-FollowerState was interrupted: java.lang.InterruptedException: sleep interrupted
2019-10-17 07:43:19,837 [grpc-default-executor-0] INFO  impl.RoleInfo (RoleInfo.java:shutdownFollowerState(121)) - 37bd8e8c-ea68-4b1c-8659-8d001c4f3b5c: shutdown FollowerState
2019-10-17 07:43:19,838 [grpc-default-executor-0] INFO  impl.RoleInfo (RoleInfo.java:updateAndGet(143)) - 37bd8e8c-ea68-4b1c-8659-8d001c4f3b5c: start FollowerState
2019-10-17 07:43:19,838 [Thread-1233] INFO  impl.FollowerState (FollowerState.java:run(117)) - 37bd8e8c-ea68-4b1c-8659-8d001c4f3b5c@group-A9EE991D717F-FollowerState was interrupted: java.lang.InterruptedException: sleep interrupted
2019-10-17 07:43:19,851 [2a93f7e5-ecb9-41da-9c47-70e13ba76d7d@group-A9EE991D717F-LeaderElection123] INFO  impl.LeaderElection (LeaderElection.java:logAndReturn(56)) - 2a93f7e5-ecb9-41da-9c47-70e13ba76d7d@group-A9EE991D717F-LeaderElection123: Election TIMEOUT; received 0 response(s) [] and 0 exception(s); 2a93f7e5-ecb9-41da-9c47-70e13ba76d7d@group-A9EE991D717F:t118, leader=null, voted=2a93f7e5-ecb9-41da-9c47-70e13ba76d7d, raftlog=2a93f7e5-ecb9-41da-9c47-70e13ba76d7d@group-A9EE991D717F-SegmentedRaftLog:OPENED:c-1,f0,i0, conf=0: [37bd8e8c-ea68-4b1c-8659-8d001c4f3b5c:192.168.34.62:41632, 24020d0b-ce61-4f5a-b0b0-c561541e8cd4:192.168.34.62:42892, 2a93f7e5-ecb9-41da-9c47-70e13ba76d7d:192.168.34.62:35412], old=null
2019-10-17 07:43:19,877 [2a93f7e5-ecb9-41da-9c47-70e13ba76d7d@group-A9EE991D717F-LeaderElection123] INFO  impl.LeaderElection (LeaderElection.java:askForVotes(178)) - 2a93f7e5-ecb9-41da-9c47-70e13ba76d7d@group-A9EE991D717F-LeaderElection123: begin an election at term 119 for 0: [37bd8e8c-ea68-4b1c-8659-8d001c4f3b5c:192.168.34.62:41632, 24020d0b-ce61-4f5a-b0b0-c561541e8cd4:192.168.34.62:42892, 2a93f7e5-ecb9-41da-9c47-70e13ba76d7d:192.168.34.62:35412], old=null
2019-10-17 07:43:19,880 [grpc-default-executor-0] INFO  impl.RaftServerImpl (RaftServerImpl.java:setRole(184)) - 37bd8e8c-ea68-4b1c-8659-8d001c4f3b5c@group-A9EE991D717F: changes role from  FOLLOWER to FOLLOWER at term 119 for recognizeCandidate:2a93f7e5-ecb9-41da-9c47-70e13ba76d7d
2019-10-17 07:43:19,880 [grpc-default-executor-0] INFO  impl.RoleInfo (RoleInfo.java:shutdownFollowerState(121)) - 37bd8e8c-ea68-4b1c-8659-8d001c4f3b5c: shutdown FollowerState
2019-10-17 07:43:19,880 [grpc-default-executor-1] INFO  impl.RaftServerImpl (RaftServerImpl.java:setRole(184)) - 24020d0b-ce61-4f5a-b0b0-c561541e8cd4@group-A9EE991D717F: changes role from  FOLLOWER to FOLLOWER at term 119 for recognizeCandidate:2a93f7e5-ecb9-41da-9c47-70e13ba76d7d
2019-10-17 07:43:19,880 [Thread-1240] INFO  impl.FollowerState (FollowerState.java:run(117)) - 37bd8e8c-ea68-4b1c-8659-8d001c4f3b5c@group-A9EE991D717F-FollowerState was interrupted: java.lang.InterruptedException: sleep interrupted
2019-10-17 07:43:19,880 [grpc-default-executor-0] INFO  impl.RoleInfo (RoleInfo.java:updateAndGet(143)) - 37bd8e8c-ea68-4b1c-8659-8d001c4f3b5c: start FollowerState
2019-10-17 07:43:19,880 [grpc-default-executor-1] INFO  impl.RoleInfo (RoleInfo.java:shutdownFollowerState(121)) - 24020d0b-ce61-4f5a-b0b0-c561541e8cd4: shutdown FollowerState
2019-10-17 07:43:19,881 [grpc-default-executor-1] INFO  impl.RoleInfo (RoleInfo.java:updateAndGet(143)) - 24020d0b-ce61-4f5a-b0b0-c561541e8cd4: start FollowerState
2019-10-17 07:43:19,881 [Thread-1239] INFO  impl.FollowerState (FollowerState.java:run(117)) - 24020d0b-ce61-4f5a-b0b0-c561541e8cd4@group-A9EE991D717F-FollowerState was interrupted: java.lang.InterruptedException: sleep interrupted
2019-10-17 07:43:19,905 [2a93f7e5-ecb9-41da-9c47-70e13ba76d7d@group-A9EE991D717F-LeaderElection123] INFO  impl.LeaderElection (LeaderElection.java:logAndReturn(56)) - 2a93f7e5-ecb9-41da-9c47-70e13ba76d7d@group-A9EE991D717F-LeaderElection123: Election REJECTED; received 2 response(s) [2a93f7e5-ecb9-41da-9c47-70e13ba76d7d<-37bd8e8c-ea68-4b1c-8659-8d001c4f3b5c#0:FAIL-t119, 2a93f7e5-ecb9-41da-9c47-70e13ba76d7d<-24020d0b-ce61-4f5a-b0b0-c561541e8cd4#0:FAIL-t119] and 0 exception(s); 2a93f7e5-ecb9-41da-9c47-70e13ba76d7d@group-A9EE991D717F:t119, leader=null, voted=2a93f7e5-ecb9-41da-9c47-70e13ba76d7d, raftlog=2a93f7e5-ecb9-41da-9c47-70e13ba76d7d@group-A9EE991D717F-SegmentedRaftLog:OPENED:c-1,f0,i0, conf=0: [37bd8e8c-ea68-4b1c-8659-8d001c4f3b5c:192.168.34.62:41632, 24020d0b-ce61-4f5a-b0b0-c561541e8cd4:192.168.34.62:42892, 2a93f7e5-ecb9-41da-9c47-70e13ba76d7d:192.168.34.62:35412], old=null
2019-10-17 07:43:19,905 [2a93f7e5-ecb9-41da-9c47-70e13ba76d7d@group-A9EE991D717F-LeaderElection123] INFO  impl.RaftServerImpl (RaftServerImpl.java:setRole(184)) - 2a93f7e5-ecb9-41da-9c47-70e13ba76d7d@group-A9EE991D717F: changes role from CANDIDATE to FOLLOWER at term 119 for DISCOVERED_A_NEW_TERM
2019-10-17 07:43:19,905 [2a93f7e5-ecb9-41da-9c47-70e13ba76d7d@group-A9EE991D717F-LeaderElection123] INFO  impl.RoleInfo (RoleInfo.java:shutdownLeaderElection(134)) - 2a93f7e5-ecb9-41da-9c47-70e13ba76d7d: shutdown LeaderElection
2019-10-17 07:43:19,905 [2a93f7e5-ecb9-41da-9c47-70e13ba76d7d@group-A9EE991D717F-LeaderElection123] INFO  impl.RoleInfo (RoleInfo.java:updateAndGet(143)) - 2a93f7e5-ecb9-41da-9c47-70e13ba76d7d: start FollowerState
2019-10-17 07:43:20,057 [Thread-1245] INFO  impl.FollowerState (FollowerState.java:run(108)) - 2a93f7e5-ecb9-41da-9c47-70e13ba76d7d@group-A9EE991D717F-FollowerState: change to CANDIDATE, lastRpcTime:151ms, electionTimeout:151ms
2019-10-17 07:43:20,057 [Thread-1245] INFO  impl.RoleInfo (RoleInfo.java:shutdownFollowerState(121)) - 2a93f7e5-ecb9-41da-9c47-70e13ba76d7d: shutdown FollowerState
2019-10-17 07:43:20,058 [Thread-1245] INFO  impl.RaftServerImpl (RaftServerImpl.java:setRole(184)) - 2a93f7e5-ecb9-41da-9c47-70e13ba76d7d@group-A9EE991D717F: changes role from  FOLLOWER to CANDIDATE at term 119 for changeToCandidate
2019-10-17 07:43:20,058 [Thread-1245] INFO  impl.RoleInfo (RoleInfo.java:updateAndGet(143)) - 2a93f7e5-ecb9-41da-9c47-70e13ba76d7d: start LeaderElection
2019-10-17 07:43:20,087 [2a93f7e5-ecb9-41da-9c47-70e13ba76d7d@group-A9EE991D717F-LeaderElection124] INFO  impl.LeaderElection (LeaderElection.java:askForVotes(178)) - 2a93f7e5-ecb9-41da-9c47-70e13ba76d7d@group-A9EE991D717F-LeaderElection124: begin an election at term 120 for 0: [37bd8e8c-ea68-4b1c-8659-8d001c4f3b5c:192.168.34.62:41632, 24020d0b-ce61-4f5a-b0b0-c561541e8cd4:192.168.34.62:42892, 2a93f7e5-ecb9-41da-9c47-70e13ba76d7d:192.168.34.62:35412], old=null
2019-10-17 07:43:20,091 [grpc-default-executor-0] INFO  impl.RaftServerImpl (RaftServerImpl.java:setRole(184)) - 37bd8e8c-ea68-4b1c-8659-8d001c4f3b5c@group-A9EE991D717F: changes role from  FOLLOWER to FOLLOWER at term 120 for recognizeCandidate:2a93f7e5-ecb9-41da-9c47-70e13ba76d7d
2019-10-17 07:43:20,091 [grpc-default-executor-0] INFO  impl.RoleInfo (RoleInfo.java:shutdownFollowerState(121)) - 37bd8e8c-ea68-4b1c-8659-8d001c4f3b5c: shutdown FollowerState
2019-10-17 07:43:20,091 [grpc-default-executor-1] INFO  impl.RaftServerImpl (RaftServerImpl.java:setRole(184)) - 24020d0b-ce61-4f5a-b0b0-c561541e8cd4@group-A9EE991D717F: changes role from  FOLLOWER to FOLLOWER at term 120 for recognizeCandidate:2a93f7e5-ecb9-41da-9c47-70e13ba76d7d
2019-10-17 07:43:20,091 [Thread-1243] INFO  impl.FollowerState (FollowerState.java:run(117)) - 37bd8e8c-ea68-4b1c-8659-8d001c4f3b5c@group-A9EE991D717F-FollowerState was interrupted: java.lang.InterruptedException: sleep interrupted
2019-10-17 07:43:20,091 [grpc-default-executor-0] INFO  impl.RoleInfo (RoleInfo.java:updateAndGet(143)) - 37bd8e8c-ea68-4b1c-8659-8d001c4f3b5c: start FollowerState
2019-10-17 07:43:20,091 [grpc-default-executor-1] INFO  impl.RoleInfo (RoleInfo.java:shutdownFollowerState(121)) - 24020d0b-ce61-4f5a-b0b0-c561541e8cd4: shutdown FollowerState
2019-10-17 07:43:20,092 [grpc-default-executor-1] INFO  impl.RoleInfo (RoleInfo.java:updateAndGet(143)) - 24020d0b-ce61-4f5a-b0b0-c561541e8cd4: start FollowerState
2019-10-17 07:43:20,092 [Thread-1244] INFO  impl.FollowerState (FollowerState.java:run(117)) - 24020d0b-ce61-4f5a-b0b0-c561541e8cd4@group-A9EE991D717F-FollowerState was interrupted: java.lang.InterruptedException: sleep interrupted
2019-10-17 07:43:20,106 [2a93f7e5-ecb9-41da-9c47-70e13ba76d7d@group-A9EE991D717F-LeaderElection124] INFO  impl.LeaderElection (LeaderElection.java:logAndReturn(56)) - 2a93f7e5-ecb9-41da-9c47-70e13ba76d7d@group-A9EE991D717F-LeaderElection124: Election REJECTED; received 2 response(s) [2a93f7e5-ecb9-41da-9c47-70e13ba76d7d<-37bd8e8c-ea68-4b1c-8659-8d001c4f3b5c#0:FAIL-t120, 2a93f7e5-ecb9-41da-9c47-70e13ba76d7d<-24020d0b-ce61-4f5a-b0b0-c561541e8cd4#0:FAIL-t120] and 0 exception(s); 2a93f7e5-ecb9-41da-9c47-70e13ba76d7d@group-A9EE991D717F:t120, leader=null, voted=2a93f7e5-ecb9-41da-9c47-70e13ba76d7d, raftlog=2a93f7e5-ecb9-41da-9c47-70e13ba76d7d@group-A9EE991D717F-SegmentedRaftLog:OPENED:c-1,f0,i0, conf=0: [37bd8e8c-ea68-4b1c-8659-8d001c4f3b5c:192.168.34.62:41632, 24020d0b-ce61-4f5a-b0b0-c561541e8cd4:192.168.34.62:42892, 2a93f7e5-ecb9-41da-9c47-70e13ba76d7d:192.168.34.62:35412], old=null
2019-10-17 07:43:20,106 [2a93f7e5-ecb9-41da-9c47-70e13ba76d7d@group-A9EE991D717F-LeaderElection124] INFO  impl.RaftServerImpl (RaftServerImpl.java:setRole(184)) - 2a93f7e5-ecb9-41da-9c47-70e13ba76d7d@group-A9EE991D717F: changes role from CANDIDATE to FOLLOWER at term 120 for DISCOVERED_A_NEW_TERM
2019-10-17 07:43:20,106 [2a93f7e5-ecb9-41da-9c47-70e13ba76d7d@group-A9EE991D717F-LeaderElection124] INFO  impl.RoleInfo (RoleInfo.java:shutdownLeaderElection(134)) - 2a93f7e5-ecb9-41da-9c47-70e13ba76d7d: shutdown LeaderElection
2019-10-17 07:43:20,106 [2a93f7e5-ecb9-41da-9c47-70e13ba76d7d@group-A9EE991D717F-LeaderElection124] INFO  impl.RoleInfo (RoleInfo.java:updateAndGet(143)) - 2a93f7e5-ecb9-41da-9c47-70e13ba76d7d: start FollowerState
2019-10-17 07:43:20,111 [Thread-1251] INFO  impl.FollowerState (FollowerState.java:run(108)) - 2a93f7e5-ecb9-41da-9c47-70e13ba76d7d@group-A9EE991D717F-FollowerState: change to CANDIDATE, lastRpcTime:4ms, electionTimeout:4ms
2019-10-17 07:43:20,111 [Thread-1251] INFO  impl.RoleInfo (RoleInfo.java:shutdownFollowerState(121)) - 2a93f7e5-ecb9-41da-9c47-70e13ba76d7d: shutdown FollowerState
2019-10-17 07:43:20,111 [Thread-1251] INFO  impl.RaftServerImpl (RaftServerImpl.java:setRole(184)) - 2a93f7e5-ecb9-41da-9c47-70e13ba76d7d@group-A9EE991D717F: changes role from  FOLLOWER to CANDIDATE at term 120 for changeToCandidate
2019-10-17 07:43:20,111 [Thread-1251] INFO  impl.RoleInfo (RoleInfo.java:updateAndGet(143)) - 2a93f7e5-ecb9-41da-9c47-70e13ba76d7d: start LeaderElection
2019-10-17 07:43:20,125 [2a93f7e5-ecb9-41da-9c47-70e13ba76d7d@group-A9EE991D717F-LeaderElection125] INFO  impl.LeaderElection (LeaderElection.java:askForVotes(178)) - 2a93f7e5-ecb9-41da-9c47-70e13ba76d7d@group-A9EE991D717F-LeaderElection125: begin an election at term 121 for 0: [37bd8e8c-ea68-4b1c-8659-8d001c4f3b5c:192.168.34.62:41632, 24020d0b-ce61-4f5a-b0b0-c561541e8cd4:192.168.34.62:42892, 2a93f7e5-ecb9-41da-9c47-70e13ba76d7d:192.168.34.62:35412], old=null
2019-10-17 07:43:20,128 [grpc-default-executor-1] INFO  impl.RaftServerImpl (RaftServerImpl.java:setRole(184)) - 37bd8e8c-ea68-4b1c-8659-8d001c4f3b5c@group-A9EE991D717F: changes role from  FOLLOWER to FOLLOWER at term 121 for recognizeCandidate:2a93f7e5-ecb9-41da-9c47-70e13ba76d7d
2019-10-17 07:43:20,128 [grpc-default-executor-1] INFO  impl.RoleInfo (RoleInfo.java:shutdownFollowerState(121)) - 37bd8e8c-ea68-4b1c-8659-8d001c4f3b5c: shutdown FollowerState
2019-10-17 07:43:20,128 [grpc-default-executor-0] INFO  impl.RaftServerImpl (RaftServerImpl.java:setRole(184)) - 24020d0b-ce61-4f5a-b0b0-c561541e8cd4@group-A9EE991D717F: changes role from  FOLLOWER to FOLLOWER at term 121 for recognizeCandidate:2a93f7e5-ecb9-41da-9c47-70e13ba76d7d
2019-10-17 07:43:20,128 [Thread-1249] INFO  impl.FollowerState (FollowerState.java:run(117)) - 37bd8e8c-ea68-4b1c-8659-8d001c4f3b5c@group-A9EE991D717F-FollowerState was interrupted: java.lang.InterruptedException: sleep interrupted
2019-10-17 07:43:20,128 [grpc-default-executor-1] INFO  impl.RoleInfo (RoleInfo.java:updateAndGet(143)) - 37bd8e8c-ea68-4b1c-8659-8d001c4f3b5c: start FollowerState
2019-10-17 07:43:20,128 [grpc-default-executor-0] INFO  impl.RoleInfo (RoleInfo.java:shutdownFollowerState(121)) - 24020d0b-ce61-4f5a-b0b0-c561541e8cd4: shutdown FollowerState
2019-10-17 07:43:20,129 [grpc-default-executor-0] INFO  impl.RoleInfo (RoleInfo.java:updateAndGet(143)) - 24020d0b-ce61-4f5a-b0b0-c561541e8cd4: start FollowerState
2019-10-17 07:43:20,129 [Thread-1250] INFO  impl.FollowerState (FollowerState.java:run(117)) - 24020d0b-ce61-4f5a-b0b0-c561541e8cd4@group-A9EE991D717F-FollowerState was interrupted: java.lang.InterruptedException: sleep interrupted
2019-10-17 07:43:20,142 [2a93f7e5-ecb9-41da-9c47-70e13ba76d7d@group-A9EE991D717F-LeaderElection125] INFO  impl.LeaderElection (LeaderElection.java:logAndReturn(56)) - 2a93f7e5-ecb9-41da-9c47-70e13ba76d7d@group-A9EE991D717F-LeaderElection125: Election REJECTED; received 2 response(s) [2a93f7e5-ecb9-41da-9c47-70e13ba76d7d<-37bd8e8c-ea68-4b1c-8659-8d001c4f3b5c#0:FAIL-t121, 2a93f7e5-ecb9-41da-9c47-70e13ba76d7d<-24020d0b-ce61-4f5a-b0b0-c561541e8cd4#0:FAIL-t121] and 0 exception(s); 2a93f7e5-ecb9-41da-9c47-70e13ba76d7d@group-A9EE991D717F:t121, leader=null, voted=2a93f7e5-ecb9-41da-9c47-70e13ba76d7d, raftlog=2a93f7e5-ecb9-41da-9c47-70e13ba76d7d@group-A9EE991D717F-SegmentedRaftLog:OPENED:c-1,f0,i0, conf=0: [37bd8e8c-ea68-4b1c-8659-8d001c4f3b5c:192.168.34.62:41632, 24020d0b-ce61-4f5a-b0b0-c561541e8cd4:192.168.34.62:42892, 2a93f7e5-ecb9-41da-9c47-70e13ba76d7d:192.168.34.62:35412], old=null
2019-10-17 07:43:20,143 [2a93f7e5-ecb9-41da-9c47-70e13ba76d7d@group-A9EE991D717F-LeaderElection125] INFO  impl.RaftServerImpl (RaftServerImpl.java:setRole(184)) - 2a93f7e5-ecb9-41da-9c47-70e13ba76d7d@group-A9EE991D717F: changes role from CANDIDATE to FOLLOWER at term 121 for DISCOVERED_A_NEW_TERM
2019-10-17 07:43:20,143 [2a93f7e5-ecb9-41da-9c47-70e13ba76d7d@group-A9EE991D717F-LeaderElection125] INFO  impl.RoleInfo (RoleInfo.java:shutdownLeaderElection(134)) - 2a93f7e5-ecb9-41da-9c47-70e13ba76d7d: shutdown LeaderElection
2019-10-17 07:43:20,143 [2a93f7e5-ecb9-41da-9c47-70e13ba76d7d@group-A9EE991D717F-LeaderElection125] INFO  impl.RoleInfo (RoleInfo.java:updateAndGet(143)) - 2a93f7e5-ecb9-41da-9c47-70e13ba76d7d: start FollowerState
2019-10-17 07:43:20,218 [Thread-1257] INFO  impl.FollowerState (FollowerState.java:run(108)) - 2a93f7e5-ecb9-41da-9c47-70e13ba76d7d@group-A9EE991D717F-FollowerState: change to CANDIDATE, lastRpcTime:75ms, electionTimeout:75ms
2019-10-17 07:43:20,218 [Thread-1257] INFO  impl.RoleInfo (RoleInfo.java:shutdownFollowerState(121)) - 2a93f7e5-ecb9-41da-9c47-70e13ba76d7d: shutdown FollowerState
2019-10-17 07:43:20,219 [Thread-1257] INFO  impl.RaftServerImpl (RaftServerImpl.java:setRole(184)) - 2a93f7e5-ecb9-41da-9c47-70e13ba76d7d@group-A9EE991D717F: changes role from  FOLLOWER to CANDIDATE at term 121 for changeToCandidate
2019-10-17 07:43:20,219 [Thread-1257] INFO  impl.RoleInfo (RoleInfo.java:updateAndGet(143)) - 2a93f7e5-ecb9-41da-9c47-70e13ba76d7d: start LeaderElection
2019-10-17 07:43:20,245 [2a93f7e5-ecb9-41da-9c47-70e13ba76d7d@group-A9EE991D717F-LeaderElection126] INFO  impl.LeaderElection (LeaderElection.java:askForVotes(178)) - 2a93f7e5-ecb9-41da-9c47-70e13ba76d7d@group-A9EE991D717F-LeaderElection126: begin an election at term 122 for 0: [37bd8e8c-ea68-4b1c-8659-8d001c4f3b5c:192.168.34.62:41632, 24020d0b-ce61-4f5a-b0b0-c561541e8cd4:192.168.34.62:42892, 2a93f7e5-ecb9-41da-9c47-70e13ba76d7d:192.168.34.62:35412], old=null
2019-10-17 07:43:20,247 [grpc-default-executor-1] INFO  impl.RaftServerImpl (RaftServerImpl.java:setRole(184)) - 37bd8e8c-ea68-4b1c-8659-8d001c4f3b5c@group-A9EE991D717F: changes role from  FOLLOWER to FOLLOWER at term 122 for recognizeCandidate:2a93f7e5-ecb9-41da-9c47-70e13ba76d7d
2019-10-17 07:43:20,248 [grpc-default-executor-1] INFO  impl.RoleInfo (RoleInfo.java:shutdownFollowerState(121)) - 37bd8e8c-ea68-4b1c-8659-8d001c4f3b5c: shutdown FollowerState
2019-10-17 07:43:20,248 [grpc-default-executor-0] INFO  impl.RaftServerImpl (RaftServerImpl.java:setRole(184)) - 24020d0b-ce61-4f5a-b0b0-c561541e8cd4@group-A9EE991D717F: changes role from  FOLLOWER to FOLLOWER at term 122 for recognizeCandidate:2a93f7e5-ecb9-41da-9c47-70e13ba76d7d
2019-10-17 07:43:20,248 [grpc-default-executor-0] INFO  impl.RoleInfo (RoleInfo.java:shutdownFollowerState(121)) - 24020d0b-ce61-4f5a-b0b0-c561541e8cd4: shutdown FollowerState
2019-10-17 07:43:20,248 [Thread-1255] INFO  impl.FollowerState (FollowerState.java:run(117)) - 37bd8e8c-ea68-4b1c-8659-8d001c4f3b5c@group-A9EE991D717F-FollowerState was interrupted: java.lang.InterruptedException: sleep interrupted
2019-10-17 07:43:20,248 [grpc-default-executor-1] INFO  impl.RoleInfo (RoleInfo.java:updateAndGet(143)) - 37bd8e8c-ea68-4b1c-8659-8d001c4f3b5c: start FollowerState
2019-10-17 07:43:20,249 [Thread-1256] INFO  impl.FollowerState (FollowerState.java:run(117)) - 24020d0b-ce61-4f5a-b0b0-c561541e8cd4@group-A9EE991D717F-FollowerState was interrupted: java.lang.InterruptedException: sleep interrupted
2019-10-17 07:43:20,248 [grpc-default-executor-0] INFO  impl.RoleInfo (RoleInfo.java:updateAndGet(143)) - 24020d0b-ce61-4f5a-b0b0-c561541e8cd4: start FollowerState
2019-10-17 07:43:20,249 [2a93f7e5-ecb9-41da-9c47-70e13ba76d7d@group-A9EE991D717F-LeaderElection126] INFO  impl.LeaderElection (LeaderElection.java:logAndReturn(56)) - 2a93f7e5-ecb9-41da-9c47-70e13ba76d7d@group-A9EE991D717F-LeaderElection126: Election TIMEOUT; received 0 response(s) [] and 0 exception(s); 2a93f7e5-ecb9-41da-9c47-70e13ba76d7d@group-A9EE991D717F:t122, leader=null, voted=2a93f7e5-ecb9-41da-9c47-70e13ba76d7d, raftlog=2a93f7e5-ecb9-41da-9c47-70e13ba76d7d@group-A9EE991D717F-SegmentedRaftLog:OPENED:c-1,f0,i0, conf=0: [37bd8e8c-ea68-4b1c-8659-8d001c4f3b5c:192.168.34.62:41632, 24020d0b-ce61-4f5a-b0b0-c561541e8cd4:192.168.34.62:42892, 2a93f7e5-ecb9-41da-9c47-70e13ba76d7d:192.168.34.62:35412], old=null
2019-10-17 07:43:20,262 [2a93f7e5-ecb9-41da-9c47-70e13ba76d7d@group-A9EE991D717F-LeaderElection126] INFO  impl.LeaderElection (LeaderElection.java:askForVotes(178)) - 2a93f7e5-ecb9-41da-9c47-70e13ba76d7d@group-A9EE991D717F-LeaderElection126: begin an election at term 123 for 0: [37bd8e8c-ea68-4b1c-8659-8d001c4f3b5c:192.168.34.62:41632, 24020d0b-ce61-4f5a-b0b0-c561541e8cd4:192.168.34.62:42892, 2a93f7e5-ecb9-41da-9c47-70e13ba76d7d:192.168.34.62:35412], old=null
2019-10-17 07:43:20,263 [grpc-default-executor-0] INFO  impl.RaftServerImpl (RaftServerImpl.java:setRole(184)) - 37bd8e8c-ea68-4b1c-8659-8d001c4f3b5c@group-A9EE991D717F: changes role from  FOLLOWER to FOLLOWER at term 123 for recognizeCandidate:2a93f7e5-ecb9-41da-9c47-70e13ba76d7d
2019-10-17 07:43:20,263 [grpc-default-executor-0] INFO  impl.RoleInfo (RoleInfo.java:shutdownFollowerState(121)) - 37bd8e8c-ea68-4b1c-8659-8d001c4f3b5c: shutdown FollowerState
2019-10-17 07:43:20,264 [grpc-default-executor-0] INFO  impl.RoleInfo (RoleInfo.java:updateAndGet(143)) - 37bd8e8c-ea68-4b1c-8659-8d001c4f3b5c: start FollowerState
2019-10-17 07:43:20,264 [Thread-1261] INFO  impl.FollowerState (FollowerState.java:run(117)) - 37bd8e8c-ea68-4b1c-8659-8d001c4f3b5c@group-A9EE991D717F-FollowerState was interrupted: java.lang.InterruptedException: sleep interrupted
2019-10-17 07:43:20,264 [grpc-default-executor-1] INFO  impl.RaftServerImpl (RaftServerImpl.java:setRole(184)) - 24020d0b-ce61-4f5a-b0b0-c561541e8cd4@group-A9EE991D717F: changes role from  FOLLOWER to FOLLOWER at term 123 for recognizeCandidate:2a93f7e5-ecb9-41da-9c47-70e13ba76d7d
2019-10-17 07:43:20,264 [grpc-default-executor-1] INFO  impl.RoleInfo (RoleInfo.java:shutdownFollowerState(121)) - 24020d0b-ce61-4f5a-b0b0-c561541e8cd4: shutdown FollowerState
2019-10-17 07:43:20,265 [grpc-default-executor-1] INFO  impl.RoleInfo (RoleInfo.java:updateAndGet(143)) - 24020d0b-ce61-4f5a-b0b0-c561541e8cd4: start FollowerState
2019-10-17 07:43:20,265 [Thread-1262] INFO  impl.FollowerState (FollowerState.java:run(117)) - 24020d0b-ce61-4f5a-b0b0-c561541e8cd4@group-A9EE991D717F-FollowerState was interrupted: java.lang.InterruptedException: sleep interrupted
2019-10-17 07:43:20,288 [2a93f7e5-ecb9-41da-9c47-70e13ba76d7d@group-A9EE991D717F-LeaderElection126] INFO  impl.LeaderElection (LeaderElection.java:logAndReturn(56)) - 2a93f7e5-ecb9-41da-9c47-70e13ba76d7d@group-A9EE991D717F-LeaderElection126: Election REJECTED; received 2 response(s) [2a93f7e5-ecb9-41da-9c47-70e13ba76d7d<-37bd8e8c-ea68-4b1c-8659-8d001c4f3b5c#0:FAIL-t123, 2a93f7e5-ecb9-41da-9c47-70e13ba76d7d<-24020d0b-ce61-4f5a-b0b0-c561541e8cd4#0:FAIL-t123] and 0 exception(s); 2a93f7e5-ecb9-41da-9c47-70e13ba76d7d@group-A9EE991D717F:t123, leader=null, voted=2a93f7e5-ecb9-41da-9c47-70e13ba76d7d, raftlog=2a93f7e5-ecb9-41da-9c47-70e13ba76d7d@group-A9EE991D717F-SegmentedRaftLog:OPENED:c-1,f0,i0, conf=0: [37bd8e8c-ea68-4b1c-8659-8d001c4f3b5c:192.168.34.62:41632, 24020d0b-ce61-4f5a-b0b0-c561541e8cd4:192.168.34.62:42892, 2a93f7e5-ecb9-41da-9c47-70e13ba76d7d:192.168.34.62:35412], old=null
2019-10-17 07:43:20,288 [2a93f7e5-ecb9-41da-9c47-70e13ba76d7d@group-A9EE991D717F-LeaderElection126] INFO  impl.RaftServerImpl (RaftServerImpl.java:setRole(184)) - 2a93f7e5-ecb9-41da-9c47-70e13ba76d7d@group-A9EE991D717F: changes role from CANDIDATE to FOLLOWER at term 123 for DISCOVERED_A_NEW_TERM
2019-10-17 07:43:20,288 [2a93f7e5-ecb9-41da-9c47-70e13ba76d7d@group-A9EE991D717F-LeaderElection126] INFO  impl.RoleInfo (RoleInfo.java:shutdownLeaderElection(134)) - 2a93f7e5-ecb9-41da-9c47-70e13ba76d7d: shutdown LeaderElection
2019-10-17 07:43:20,289 [2a93f7e5-ecb9-41da-9c47-70e13ba76d7d@group-A9EE991D717F-LeaderElection126] INFO  impl.RoleInfo (RoleInfo.java:updateAndGet(143)) - 2a93f7e5-ecb9-41da-9c47-70e13ba76d7d: start FollowerState
2019-10-17 07:43:20,407 [Thread-1267] INFO  impl.FollowerState (FollowerState.java:run(108)) - 2a93f7e5-ecb9-41da-9c47-70e13ba76d7d@group-A9EE991D717F-FollowerState: change to CANDIDATE, lastRpcTime:118ms, electionTimeout:118ms
2019-10-17 07:43:20,407 [Thread-1267] INFO  impl.RoleInfo (RoleInfo.java:shutdownFollowerState(121)) - 2a93f7e5-ecb9-41da-9c47-70e13ba76d7d: shutdown FollowerState
2019-10-17 07:43:20,407 [Thread-1267] INFO  impl.RaftServerImpl (RaftServerImpl.java:setRole(184)) - 2a93f7e5-ecb9-41da-9c47-70e13ba76d7d@group-A9EE991D717F: changes role from  FOLLOWER to CANDIDATE at term 123 for changeToCandidate
2019-10-17 07:43:20,408 [Thread-1267] INFO  impl.RoleInfo (RoleInfo.java:updateAndGet(143)) - 2a93f7e5-ecb9-41da-9c47-70e13ba76d7d: start LeaderElection
2019-10-17 07:43:20,422 [2a93f7e5-ecb9-41da-9c47-70e13ba76d7d@group-A9EE991D717F-LeaderElection127] INFO  impl.LeaderElection (LeaderElection.java:askForVotes(178)) - 2a93f7e5-ecb9-41da-9c47-70e13ba76d7d@group-A9EE991D717F-LeaderElection127: begin an election at term 124 for 0: [37bd8e8c-ea68-4b1c-8659-8d001c4f3b5c:192.168.34.62:41632, 24020d0b-ce61-4f5a-b0b0-c561541e8cd4:192.168.34.62:42892, 2a93f7e5-ecb9-41da-9c47-70e13ba76d7d:192.168.34.62:35412], old=null
2019-10-17 07:43:20,425 [grpc-default-executor-1] INFO  impl.RaftServerImpl (RaftServerImpl.java:setRole(184)) - 37bd8e8c-ea68-4b1c-8659-8d001c4f3b5c@group-A9EE991D717F: changes role from  FOLLOWER to FOLLOWER at term 124 for recognizeCandidate:2a93f7e5-ecb9-41da-9c47-70e13ba76d7d
2019-10-17 07:43:20,425 [grpc-default-executor-0] INFO  impl.RaftServerImpl (RaftServerImpl.java:setRole(184)) - 24020d0b-ce61-4f5a-b0b0-c561541e8cd4@group-A9EE991D717F: changes role from  FOLLOWER to FOLLOWER at term 124 for recognizeCandidate:2a93f7e5-ecb9-41da-9c47-70e13ba76d7d
2019-10-17 07:43:20,425 [grpc-default-executor-1] INFO  impl.RoleInfo (RoleInfo.java:shutdownFollowerState(121)) - 37bd8e8c-ea68-4b1c-8659-8d001c4f3b5c: shutdown FollowerState
2019-10-17 07:43:20,425 [grpc-default-executor-0] INFO  impl.RoleInfo (RoleInfo.java:shutdownFollowerState(121)) - 24020d0b-ce61-4f5a-b0b0-c561541e8cd4: shutdown FollowerState
2019-10-17 07:43:20,425 [Thread-1265] INFO  impl.FollowerState (FollowerState.java:run(117)) - 37bd8e8c-ea68-4b1c-8659-8d001c4f3b5c@group-A9EE991D717F-FollowerState was interrupted: java.lang.InterruptedException: sleep interrupted
2019-10-17 07:43:20,425 [grpc-default-executor-1] INFO  impl.RoleInfo (RoleInfo.java:updateAndGet(143)) - 37bd8e8c-ea68-4b1c-8659-8d001c4f3b5c: start FollowerState
2019-10-17 07:43:20,425 [Thread-1266] INFO  impl.FollowerState (FollowerState.java:run(117)) - 24020d0b-ce61-4f5a-b0b0-c561541e8cd4@group-A9EE991D717F-FollowerState was interrupted: java.lang.InterruptedException: sleep interrupted
2019-10-17 07:43:20,425 [grpc-default-executor-0] INFO  impl.RoleInfo (RoleInfo.java:updateAndGet(143)) - 24020d0b-ce61-4f5a-b0b0-c561541e8cd4: start FollowerState
2019-10-17 07:43:20,450 [2a93f7e5-ecb9-41da-9c47-70e13ba76d7d@group-A9EE991D717F-LeaderElection127] INFO  impl.LeaderElection (LeaderElection.java:logAndReturn(56)) - 2a93f7e5-ecb9-41da-9c47-70e13ba76d7d@group-A9EE991D717F-LeaderElection127: Election REJECTED; received 2 response(s) [2a93f7e5-ecb9-41da-9c47-70e13ba76d7d<-37bd8e8c-ea68-4b1c-8659-8d001c4f3b5c#0:FAIL-t124, 2a93f7e5-ecb9-41da-9c47-70e13ba76d7d<-24020d0b-ce61-4f5a-b0b0-c561541e8cd4#0:FAIL-t124] and 0 exception(s); 2a93f7e5-ecb9-41da-9c47-70e13ba76d7d@group-A9EE991D717F:t124, leader=null, voted=2a93f7e5-ecb9-41da-9c47-70e13ba76d7d, raftlog=2a93f7e5-ecb9-41da-9c47-70e13ba76d7d@group-A9EE991D717F-SegmentedRaftLog:OPENED:c-1,f0,i0, conf=0: [37bd8e8c-ea68-4b1c-8659-8d001c4f3b5c:192.168.34.62:41632, 24020d0b-ce61-4f5a-b0b0-c561541e8cd4:192.168.34.62:42892, 2a93f7e5-ecb9-41da-9c47-70e13ba76d7d:192.168.34.62:35412], old=null
2019-10-17 07:43:20,450 [2a93f7e5-ecb9-41da-9c47-70e13ba76d7d@group-A9EE991D717F-LeaderElection127] INFO  impl.RaftServerImpl (RaftServerImpl.java:setRole(184)) - 2a93f7e5-ecb9-41da-9c47-70e13ba76d7d@group-A9EE991D717F: changes role from CANDIDATE to FOLLOWER at term 124 for DISCOVERED_A_NEW_TERM
2019-10-17 07:43:20,450 [2a93f7e5-ecb9-41da-9c47-70e13ba76d7d@group-A9EE991D717F-LeaderElection127] INFO  impl.RoleInfo (RoleInfo.java:shutdownLeaderElection(134)) - 2a93f7e5-ecb9-41da-9c47-70e13ba76d7d: shutdown LeaderElection
2019-10-17 07:43:20,451 [2a93f7e5-ecb9-41da-9c47-70e13ba76d7d@group-A9EE991D717F-LeaderElection127] INFO  impl.RoleInfo (RoleInfo.java:updateAndGet(143)) - 2a93f7e5-ecb9-41da-9c47-70e13ba76d7d: start FollowerState
2019-10-17 07:43:20,503 [Thread-1273] INFO  impl.FollowerState (FollowerState.java:run(108)) - 2a93f7e5-ecb9-41da-9c47-70e13ba76d7d@group-A9EE991D717F-FollowerState: change to CANDIDATE, lastRpcTime:52ms, electionTimeout:52ms
2019-10-17 07:43:20,503 [Thread-1273] INFO  impl.RoleInfo (RoleInfo.java:shutdownFollowerState(121)) - 2a93f7e5-ecb9-41da-9c47-70e13ba76d7d: shutdown FollowerState
2019-10-17 07:43:20,503 [Thread-1273] INFO  impl.RaftServerImpl (RaftServerImpl.java:setRole(184)) - 2a93f7e5-ecb9-41da-9c47-70e13ba76d7d@group-A9EE991D717F: changes role from  FOLLOWER to CANDIDATE at term 124 for changeToCandidate
2019-10-17 07:43:20,503 [Thread-1273] INFO  impl.RoleInfo (RoleInfo.java:updateAndGet(143)) - 2a93f7e5-ecb9-41da-9c47-70e13ba76d7d: start LeaderElection
2019-10-17 07:43:20,527 [2a93f7e5-ecb9-41da-9c47-70e13ba76d7d@group-A9EE991D717F-LeaderElection128] INFO  impl.LeaderElection (LeaderElection.java:askForVotes(178)) - 2a93f7e5-ecb9-41da-9c47-70e13ba76d7d@group-A9EE991D717F-LeaderElection128: begin an election at term 125 for 0: [37bd8e8c-ea68-4b1c-8659-8d001c4f3b5c:192.168.34.62:41632, 24020d0b-ce61-4f5a-b0b0-c561541e8cd4:192.168.34.62:42892, 2a93f7e5-ecb9-41da-9c47-70e13ba76d7d:192.168.34.62:35412], old=null
2019-10-17 07:43:20,530 [grpc-default-executor-1] INFO  impl.RaftServerImpl (RaftServerImpl.java:setRole(184)) - 24020d0b-ce61-4f5a-b0b0-c561541e8cd4@group-A9EE991D717F: changes role from  FOLLOWER to FOLLOWER at term 125 for recognizeCandidate:2a93f7e5-ecb9-41da-9c47-70e13ba76d7d
2019-10-17 07:43:20,530 [grpc-default-executor-0] INFO  impl.RaftServerImpl (RaftServerImpl.java:setRole(184)) - 37bd8e8c-ea68-4b1c-8659-8d001c4f3b5c@group-A9EE991D717F: changes role from  FOLLOWER to FOLLOWER at term 125 for recognizeCandidate:2a93f7e5-ecb9-41da-9c47-70e13ba76d7d
2019-10-17 07:43:20,530 [grpc-default-executor-1] INFO  impl.RoleInfo (RoleInfo.java:shutdownFollowerState(121)) - 24020d0b-ce61-4f5a-b0b0-c561541e8cd4: shutdown FollowerState
2019-10-17 07:43:20,530 [grpc-default-executor-0] INFO  impl.RoleInfo (RoleInfo.java:shutdownFollowerState(121)) - 37bd8e8c-ea68-4b1c-8659-8d001c4f3b5c: shutdown FollowerState
2019-10-17 07:43:20,531 [Thread-1272] INFO  impl.FollowerState (FollowerState.java:run(117)) - 24020d0b-ce61-4f5a-b0b0-c561541e8cd4@group-A9EE991D717F-FollowerState was interrupted: java.lang.InterruptedException: sleep interrupted
2019-10-17 07:43:20,531 [grpc-default-executor-1] INFO  impl.RoleInfo (RoleInfo.java:updateAndGet(143)) - 24020d0b-ce61-4f5a-b0b0-c561541e8cd4: start FollowerState
2019-10-17 07:43:20,531 [Thread-1271] INFO  impl.FollowerState (FollowerState.java:run(117)) - 37bd8e8c-ea68-4b1c-8659-8d001c4f3b5c@group-A9EE991D717F-FollowerState was interrupted: java.lang.InterruptedException: sleep interrupted
2019-10-17 07:43:20,531 [grpc-default-executor-0] INFO  impl.RoleInfo (RoleInfo.java:updateAndGet(143)) - 37bd8e8c-ea68-4b1c-8659-8d001c4f3b5c: start FollowerState
2019-10-17 07:43:20,557 [2a93f7e5-ecb9-41da-9c47-70e13ba76d7d@group-A9EE991D717F-LeaderElection128] INFO  impl.LeaderElection (LeaderElection.java:logAndReturn(56)) - 2a93f7e5-ecb9-41da-9c47-70e13ba76d7d@group-A9EE991D717F-LeaderElection128: Election REJECTED; received 2 response(s) [2a93f7e5-ecb9-41da-9c47-70e13ba76d7d<-37bd8e8c-ea68-4b1c-8659-8d001c4f3b5c#0:FAIL-t125, 2a93f7e5-ecb9-41da-9c47-70e13ba76d7d<-24020d0b-ce61-4f5a-b0b0-c561541e8cd4#0:FAIL-t125] and 0 exception(s); 2a93f7e5-ecb9-41da-9c47-70e13ba76d7d@group-A9EE991D717F:t125, leader=null, voted=2a93f7e5-ecb9-41da-9c47-70e13ba76d7d, raftlog=2a93f7e5-ecb9-41da-9c47-70e13ba76d7d@group-A9EE991D717F-SegmentedRaftLog:OPENED:c-1,f0,i0, conf=0: [37bd8e8c-ea68-4b1c-8659-8d001c4f3b5c:192.168.34.62:41632, 24020d0b-ce61-4f5a-b0b0-c561541e8cd4:192.168.34.62:42892, 2a93f7e5-ecb9-41da-9c47-70e13ba76d7d:192.168.34.62:35412], old=null
2019-10-17 07:43:20,558 [2a93f7e5-ecb9-41da-9c47-70e13ba76d7d@group-A9EE991D717F-LeaderElection128] INFO  impl.RaftServerImpl (RaftServerImpl.java:setRole(184)) - 2a93f7e5-ecb9-41da-9c47-70e13ba76d7d@group-A9EE991D717F: changes role from CANDIDATE to FOLLOWER at term 125 for DISCOVERED_A_NEW_TERM
2019-10-17 07:43:20,558 [2a93f7e5-ecb9-41da-9c47-70e13ba76d7d@group-A9EE991D717F-LeaderElection128] INFO  impl.RoleInfo (RoleInfo.java:shutdownLeaderElection(134)) - 2a93f7e5-ecb9-41da-9c47-70e13ba76d7d: shutdown LeaderElection
2019-10-17 07:43:20,559 [2a93f7e5-ecb9-41da-9c47-70e13ba76d7d@group-A9EE991D717F-LeaderElection128] INFO  impl.RoleInfo (RoleInfo.java:updateAndGet(143)) - 2a93f7e5-ecb9-41da-9c47-70e13ba76d7d: start FollowerState
2019-10-17 07:43:20,699 [Thread-1279] INFO  impl.FollowerState (FollowerState.java:run(108)) - 2a93f7e5-ecb9-41da-9c47-70e13ba76d7d@group-A9EE991D717F-FollowerState: change to CANDIDATE, lastRpcTime:140ms, electionTimeout:140ms
2019-10-17 07:43:20,700 [Thread-1279] INFO  impl.RoleInfo (RoleInfo.java:shutdownFollowerState(121)) - 2a93f7e5-ecb9-41da-9c47-70e13ba76d7d: shutdown FollowerState
2019-10-17 07:43:20,700 [Thread-1279] INFO  impl.RaftServerImpl (RaftServerImpl.java:setRole(184)) - 2a93f7e5-ecb9-41da-9c47-70e13ba76d7d@group-A9EE991D717F: changes role from  FOLLOWER to CANDIDATE at term 125 for changeToCandidate
2019-10-17 07:43:20,700 [Thread-1279] INFO  impl.RoleInfo (RoleInfo.java:updateAndGet(143)) - 2a93f7e5-ecb9-41da-9c47-70e13ba76d7d: start LeaderElection
2019-10-17 07:43:20,714 [2a93f7e5-ecb9-41da-9c47-70e13ba76d7d@group-A9EE991D717F-LeaderElection129] INFO  impl.LeaderElection (LeaderElection.java:askForVotes(178)) - 2a93f7e5-ecb9-41da-9c47-70e13ba76d7d@group-A9EE991D717F-LeaderElection129: begin an election at term 126 for 0: [37bd8e8c-ea68-4b1c-8659-8d001c4f3b5c:192.168.34.62:41632, 24020d0b-ce61-4f5a-b0b0-c561541e8cd4:192.168.34.62:42892, 2a93f7e5-ecb9-41da-9c47-70e13ba76d7d:192.168.34.62:35412], old=null
2019-10-17 07:43:20,720 [grpc-default-executor-1] INFO  impl.RaftServerImpl (RaftServerImpl.java:setRole(184)) - 24020d0b-ce61-4f5a-b0b0-c561541e8cd4@group-A9EE991D717F: changes role from  FOLLOWER to FOLLOWER at term 126 for recognizeCandidate:2a93f7e5-ecb9-41da-9c47-70e13ba76d7d
2019-10-17 07:43:20,720 [grpc-default-executor-0] INFO  impl.RaftServerImpl (RaftServerImpl.java:setRole(184)) - 37bd8e8c-ea68-4b1c-8659-8d001c4f3b5c@group-A9EE991D717F: changes role from  FOLLOWER to FOLLOWER at term 126 for recognizeCandidate:2a93f7e5-ecb9-41da-9c47-70e13ba76d7d
2019-10-17 07:43:20,720 [grpc-default-executor-1] INFO  impl.RoleInfo (RoleInfo.java:shutdownFollowerState(121)) - 24020d0b-ce61-4f5a-b0b0-c561541e8cd4: shutdown FollowerState
2019-10-17 07:43:20,721 [grpc-default-executor-0] INFO  impl.RoleInfo (RoleInfo.java:shutdownFollowerState(121)) - 37bd8e8c-ea68-4b1c-8659-8d001c4f3b5c: shutdown FollowerState
2019-10-17 07:43:20,721 [Thread-1277] INFO  impl.FollowerState (FollowerState.java:run(117)) - 24020d0b-ce61-4f5a-b0b0-c561541e8cd4@group-A9EE991D717F-FollowerState was interrupted: java.lang.InterruptedException: sleep interrupted
2019-10-17 07:43:20,721 [grpc-default-executor-1] INFO  impl.RoleInfo (RoleInfo.java:updateAndGet(143)) - 24020d0b-ce61-4f5a-b0b0-c561541e8cd4: start FollowerState
2019-10-17 07:43:20,721 [Thread-1278] INFO  impl.FollowerState (FollowerState.java:run(117)) - 37bd8e8c-ea68-4b1c-8659-8d001c4f3b5c@group-A9EE991D717F-FollowerState was interrupted: java.lang.InterruptedException: sleep interrupted
2019-10-17 07:43:20,721 [grpc-default-executor-0] INFO  impl.RoleInfo (RoleInfo.java:updateAndGet(143)) - 37bd8e8c-ea68-4b1c-8659-8d001c4f3b5c: start FollowerState
2019-10-17 07:43:20,744 [2a93f7e5-ecb9-41da-9c47-70e13ba76d7d@group-A9EE991D717F-LeaderElection129] INFO  impl.LeaderElection (LeaderElection.java:logAndReturn(56)) - 2a93f7e5-ecb9-41da-9c47-70e13ba76d7d@group-A9EE991D717F-LeaderElection129: Election REJECTED; received 2 response(s) [2a93f7e5-ecb9-41da-9c47-70e13ba76d7d<-37bd8e8c-ea68-4b1c-8659-8d001c4f3b5c#0:FAIL-t126, 2a93f7e5-ecb9-41da-9c47-70e13ba76d7d<-24020d0b-ce61-4f5a-b0b0-c561541e8cd4#0:FAIL-t126] and 0 exception(s); 2a93f7e5-ecb9-41da-9c47-70e13ba76d7d@group-A9EE991D717F:t126, leader=null, voted=2a93f7e5-ecb9-41da-9c47-70e13ba76d7d, raftlog=2a93f7e5-ecb9-41da-9c47-70e13ba76d7d@group-A9EE991D717F-SegmentedRaftLog:OPENED:c-1,f0,i0, conf=0: [37bd8e8c-ea68-4b1c-8659-8d001c4f3b5c:192.168.34.62:41632, 24020d0b-ce61-4f5a-b0b0-c561541e8cd4:192.168.34.62:42892, 2a93f7e5-ecb9-41da-9c47-70e13ba76d7d:192.168.34.62:35412], old=null
2019-10-17 07:43:20,744 [2a93f7e5-ecb9-41da-9c47-70e13ba76d7d@group-A9EE991D717F-LeaderElection129] INFO  impl.RaftServerImpl (RaftServerImpl.java:setRole(184)) - 2a93f7e5-ecb9-41da-9c47-70e13ba76d7d@group-A9EE991D717F: changes role from CANDIDATE to FOLLOWER at term 126 for DISCOVERED_A_NEW_TERM
2019-10-17 07:43:20,744 [2a93f7e5-ecb9-41da-9c47-70e13ba76d7d@group-A9EE991D717F-LeaderElection129] INFO  impl.RoleInfo (RoleInfo.java:shutdownLeaderElection(134)) - 2a93f7e5-ecb9-41da-9c47-70e13ba76d7d: shutdown LeaderElection
2019-10-17 07:43:20,745 [2a93f7e5-ecb9-41da-9c47-70e13ba76d7d@group-A9EE991D717F-LeaderElection129] INFO  impl.RoleInfo (RoleInfo.java:updateAndGet(143)) - 2a93f7e5-ecb9-41da-9c47-70e13ba76d7d: start FollowerState
2019-10-17 07:43:20,796 [Thread-1285] INFO  impl.FollowerState (FollowerState.java:run(108)) - 2a93f7e5-ecb9-41da-9c47-70e13ba76d7d@group-A9EE991D717F-FollowerState: change to CANDIDATE, lastRpcTime:51ms, electionTimeout:51ms
2019-10-17 07:43:20,797 [Thread-1285] INFO  impl.RoleInfo (RoleInfo.java:shutdownFollowerState(121)) - 2a93f7e5-ecb9-41da-9c47-70e13ba76d7d: shutdown FollowerState
2019-10-17 07:43:20,797 [Thread-1285] INFO  impl.RaftServerImpl (RaftServerImpl.java:setRole(184)) - 2a93f7e5-ecb9-41da-9c47-70e13ba76d7d@group-A9EE991D717F: changes role from  FOLLOWER to CANDIDATE at term 126 for changeToCandidate
2019-10-17 07:43:20,797 [Thread-1285] INFO  impl.RoleInfo (RoleInfo.java:updateAndGet(143)) - 2a93f7e5-ecb9-41da-9c47-70e13ba76d7d: start LeaderElection
2019-10-17 07:43:20,821 [2a93f7e5-ecb9-41da-9c47-70e13ba76d7d@group-A9EE991D717F-LeaderElection130] INFO  impl.LeaderElection (LeaderElection.java:askForVotes(178)) - 2a93f7e5-ecb9-41da-9c47-70e13ba76d7d@group-A9EE991D717F-LeaderElection130: begin an election at term 127 for 0: [37bd8e8c-ea68-4b1c-8659-8d001c4f3b5c:192.168.34.62:41632, 24020d0b-ce61-4f5a-b0b0-c561541e8cd4:192.168.34.62:42892, 2a93f7e5-ecb9-41da-9c47-70e13ba76d7d:192.168.34.62:35412], old=null
2019-10-17 07:43:20,824 [grpc-default-executor-0] INFO  impl.RaftServerImpl (RaftServerImpl.java:setRole(184)) - 37bd8e8c-ea68-4b1c-8659-8d001c4f3b5c@group-A9EE991D717F: changes role from  FOLLOWER to FOLLOWER at term 127 for recognizeCandidate:2a93f7e5-ecb9-41da-9c47-70e13ba76d7d
2019-10-17 07:43:20,824 [grpc-default-executor-0] INFO  impl.RoleInfo (RoleInfo.java:shutdownFollowerState(121)) - 37bd8e8c-ea68-4b1c-8659-8d001c4f3b5c: shutdown FollowerState
2019-10-17 07:43:20,824 [grpc-default-executor-0] INFO  impl.RoleInfo (RoleInfo.java:updateAndGet(143)) - 37bd8e8c-ea68-4b1c-8659-8d001c4f3b5c: start FollowerState
2019-10-17 07:43:20,824 [Thread-1284] INFO  impl.FollowerState (FollowerState.java:run(117)) - 37bd8e8c-ea68-4b1c-8659-8d001c4f3b5c@group-A9EE991D717F-FollowerState was interrupted: java.lang.InterruptedException: sleep interrupted
2019-10-17 07:43:20,824 [grpc-default-executor-1] INFO  impl.RaftServerImpl (RaftServerImpl.java:setRole(184)) - 24020d0b-ce61-4f5a-b0b0-c561541e8cd4@group-A9EE991D717F: changes role from  FOLLOWER to FOLLOWER at term 127 for recognizeCandidate:2a93f7e5-ecb9-41da-9c47-70e13ba76d7d
2019-10-17 07:43:20,825 [grpc-default-executor-1] INFO  impl.RoleInfo (RoleInfo.java:shutdownFollowerState(121)) - 24020d0b-ce61-4f5a-b0b0-c561541e8cd4: shutdown FollowerState
2019-10-17 07:43:20,825 [grpc-default-executor-1] INFO  impl.RoleInfo (RoleInfo.java:updateAndGet(143)) - 24020d0b-ce61-4f5a-b0b0-c561541e8cd4: start FollowerState
2019-10-17 07:43:20,825 [Thread-1283] INFO  impl.FollowerState (FollowerState.java:run(117)) - 24020d0b-ce61-4f5a-b0b0-c561541e8cd4@group-A9EE991D717F-FollowerState was interrupted: java.lang.InterruptedException: sleep interrupted
2019-10-17 07:43:20,899 [2a93f7e5-ecb9-41da-9c47-70e13ba76d7d@group-A9EE991D717F-LeaderElection130] INFO  impl.LeaderElection (LeaderElection.java:logAndReturn(56)) - 2a93f7e5-ecb9-41da-9c47-70e13ba76d7d@group-A9EE991D717F-LeaderElection130: Election TIMEOUT; received 0 response(s) [] and 0 exception(s); 2a93f7e5-ecb9-41da-9c47-70e13ba76d7d@group-A9EE991D717F:t127, leader=null, voted=2a93f7e5-ecb9-41da-9c47-70e13ba76d7d, raftlog=2a93f7e5-ecb9-41da-9c47-70e13ba76d7d@group-A9EE991D717F-SegmentedRaftLog:OPENED:c-1,f0,i0, conf=0: [37bd8e8c-ea68-4b1c-8659-8d001c4f3b5c:192.168.34.62:41632, 24020d0b-ce61-4f5a-b0b0-c561541e8cd4:192.168.34.62:42892, 2a93f7e5-ecb9-41da-9c47-70e13ba76d7d:192.168.34.62:35412], old=null
2019-10-17 07:43:20,923 [2a93f7e5-ecb9-41da-9c47-70e13ba76d7d@group-A9EE991D717F-LeaderElection130] INFO  impl.LeaderElection (LeaderElection.java:askForVotes(178)) - 2a93f7e5-ecb9-41da-9c47-70e13ba76d7d@group-A9EE991D717F-LeaderElection130: begin an election at term 128 for 0: [37bd8e8c-ea68-4b1c-8659-8d001c4f3b5c:192.168.34.62:41632, 24020d0b-ce61-4f5a-b0b0-c561541e8cd4:192.168.34.62:42892, 2a93f7e5-ecb9-41da-9c47-70e13ba76d7d:192.168.34.62:35412], old=null
2019-10-17 07:43:20,926 [grpc-default-executor-0] INFO  impl.RaftServerImpl (RaftServerImpl.java:setRole(184)) - 37bd8e8c-ea68-4b1c-8659-8d001c4f3b5c@group-A9EE991D717F: changes role from  FOLLOWER to FOLLOWER at term 128 for recognizeCandidate:2a93f7e5-ecb9-41da-9c47-70e13ba76d7d
2019-10-17 07:43:20,926 [grpc-default-executor-0] INFO  impl.RoleInfo (RoleInfo.java:shutdownFollowerState(121)) - 37bd8e8c-ea68-4b1c-8659-8d001c4f3b5c: shutdown FollowerState
2019-10-17 07:43:20,926 [grpc-default-executor-1] INFO  impl.RaftServerImpl (RaftServerImpl.java:setRole(184)) - 24020d0b-ce61-4f5a-b0b0-c561541e8cd4@group-A9EE991D717F: changes role from  FOLLOWER to FOLLOWER at term 128 for recognizeCandidate:2a93f7e5-ecb9-41da-9c47-70e13ba76d7d
2019-10-17 07:43:20,926 [grpc-default-executor-0] INFO  impl.RoleInfo (RoleInfo.java:updateAndGet(143)) - 37bd8e8c-ea68-4b1c-8659-8d001c4f3b5c: start FollowerState
2019-10-17 07:43:20,926 [Thread-1289] INFO  impl.FollowerState (FollowerState.java:run(117)) - 37bd8e8c-ea68-4b1c-8659-8d001c4f3b5c@group-A9EE991D717F-FollowerState was interrupted: java.lang.InterruptedException: sleep interrupted
2019-10-17 07:43:20,926 [grpc-default-executor-1] INFO  impl.RoleInfo (RoleInfo.java:shutdownFollowerState(121)) - 24020d0b-ce61-4f5a-b0b0-c561541e8cd4: shutdown FollowerState
2019-10-17 07:43:20,927 [grpc-default-executor-1] INFO  impl.RoleInfo (RoleInfo.java:updateAndGet(143)) - 24020d0b-ce61-4f5a-b0b0-c561541e8cd4: start FollowerState
2019-10-17 07:43:20,927 [Thread-1290] INFO  impl.FollowerState (FollowerState.java:run(117)) - 24020d0b-ce61-4f5a-b0b0-c561541e8cd4@group-A9EE991D717F-FollowerState was interrupted: java.lang.InterruptedException: sleep interrupted
2019-10-17 07:43:20,931 [2a93f7e5-ecb9-41da-9c47-70e13ba76d7d@group-A9EE991D717F-LeaderElection130] INFO  impl.LeaderElection (LeaderElection.java:logAndReturn(56)) - 2a93f7e5-ecb9-41da-9c47-70e13ba76d7d@group-A9EE991D717F-LeaderElection130: Election TIMEOUT; received 0 response(s) [] and 0 exception(s); 2a93f7e5-ecb9-41da-9c47-70e13ba76d7d@group-A9EE991D717F:t128, leader=null, voted=2a93f7e5-ecb9-41da-9c47-70e13ba76d7d, raftlog=2a93f7e5-ecb9-41da-9c47-70e13ba76d7d@group-A9EE991D717F-SegmentedRaftLog:OPENED:c-1,f0,i0, conf=0: [37bd8e8c-ea68-4b1c-8659-8d001c4f3b5c:192.168.34.62:41632, 24020d0b-ce61-4f5a-b0b0-c561541e8cd4:192.168.34.62:42892, 2a93f7e5-ecb9-41da-9c47-70e13ba76d7d:192.168.34.62:35412], old=null
2019-10-17 07:43:20,940 [2a93f7e5-ecb9-41da-9c47-70e13ba76d7d@group-A9EE991D717F-LeaderElection130] INFO  impl.LeaderElection (LeaderElection.java:askForVotes(178)) - 2a93f7e5-ecb9-41da-9c47-70e13ba76d7d@group-A9EE991D717F-LeaderElection130: begin an election at term 129 for 0: [37bd8e8c-ea68-4b1c-8659-8d001c4f3b5c:192.168.34.62:41632, 24020d0b-ce61-4f5a-b0b0-c561541e8cd4:192.168.34.62:42892, 2a93f7e5-ecb9-41da-9c47-70e13ba76d7d:192.168.34.62:35412], old=null
2019-10-17 07:43:20,942 [grpc-default-executor-1] INFO  impl.RaftServerImpl (RaftServerImpl.java:setRole(184)) - 37bd8e8c-ea68-4b1c-8659-8d001c4f3b5c@group-A9EE991D717F: changes role from  FOLLOWER to FOLLOWER at term 129 for recognizeCandidate:2a93f7e5-ecb9-41da-9c47-70e13ba76d7d
2019-10-17 07:43:20,942 [grpc-default-executor-1] INFO  impl.RoleInfo (RoleInfo.java:shutdownFollowerState(121)) - 37bd8e8c-ea68-4b1c-8659-8d001c4f3b5c: shutdown FollowerState
2019-10-17 07:43:20,943 [grpc-default-executor-1] INFO  impl.RoleInfo (RoleInfo.java:updateAndGet(143)) - 37bd8e8c-ea68-4b1c-8659-8d001c4f3b5c: start FollowerState
2019-10-17 07:43:20,943 [Thread-1293] INFO  impl.FollowerState (FollowerState.java:run(117)) - 37bd8e8c-ea68-4b1c-8659-8d001c4f3b5c@group-A9EE991D717F-FollowerState was interrupted: java.lang.InterruptedException: sleep interrupted
2019-10-17 07:43:20,943 [grpc-default-executor-0] INFO  impl.RaftServerImpl (RaftServerImpl.java:setRole(184)) - 24020d0b-ce61-4f5a-b0b0-c561541e8cd4@group-A9EE991D717F: changes role from  FOLLOWER to FOLLOWER at term 129 for recognizeCandidate:2a93f7e5-ecb9-41da-9c47-70e13ba76d7d
2019-10-17 07:43:20,943 [grpc-default-executor-0] INFO  impl.RoleInfo (RoleInfo.java:shutdownFollowerState(121)) - 24020d0b-ce61-4f5a-b0b0-c561541e8cd4: shutdown FollowerState
2019-10-17 07:43:20,943 [grpc-default-executor-0] INFO  impl.RoleInfo (RoleInfo.java:updateAndGet(143)) - 24020d0b-ce61-4f5a-b0b0-c561541e8cd4: start FollowerState
2019-10-17 07:43:20,943 [Thread-1294] INFO  impl.FollowerState (FollowerState.java:run(117)) - 24020d0b-ce61-4f5a-b0b0-c561541e8cd4@group-A9EE991D717F-FollowerState was interrupted: java.lang.InterruptedException: sleep interrupted
2019-10-17 07:43:20,958 [2a93f7e5-ecb9-41da-9c47-70e13ba76d7d@group-A9EE991D717F-LeaderElection130] INFO  impl.LeaderElection (LeaderElection.java:logAndReturn(56)) - 2a93f7e5-ecb9-41da-9c47-70e13ba76d7d@group-A9EE991D717F-LeaderElection130: Election REJECTED; received 2 response(s) [2a93f7e5-ecb9-41da-9c47-70e13ba76d7d<-37bd8e8c-ea68-4b1c-8659-8d001c4f3b5c#0:FAIL-t129, 2a93f7e5-ecb9-41da-9c47-70e13ba76d7d<-24020d0b-ce61-4f5a-b0b0-c561541e8cd4#0:FAIL-t129] and 0 exception(s); 2a93f7e5-ecb9-41da-9c47-70e13ba76d7d@group-A9EE991D717F:t129, leader=null, voted=2a93f7e5-ecb9-41da-9c47-70e13ba76d7d, raftlog=2a93f7e5-ecb9-41da-9c47-70e13ba76d7d@group-A9EE991D717F-SegmentedRaftLog:OPENED:c-1,f0,i0, conf=0: [37bd8e8c-ea68-4b1c-8659-8d001c4f3b5c:192.168.34.62:41632, 24020d0b-ce61-4f5a-b0b0-c561541e8cd4:192.168.34.62:42892, 2a93f7e5-ecb9-41da-9c47-70e13ba76d7d:192.168.34.62:35412], old=null
2019-10-17 07:43:20,958 [2a93f7e5-ecb9-41da-9c47-70e13ba76d7d@group-A9EE991D717F-LeaderElection130] INFO  impl.RaftServerImpl (RaftServerImpl.java:setRole(184)) - 2a93f7e5-ecb9-41da-9c47-70e13ba76d7d@group-A9EE991D717F: changes role from CANDIDATE to FOLLOWER at term 129 for DISCOVERED_A_NEW_TERM
2019-10-17 07:43:20,958 [2a93f7e5-ecb9-41da-9c47-70e13ba76d7d@group-A9EE991D717F-LeaderElection130] INFO  impl.RoleInfo (RoleInfo.java:shutdownLeaderElection(134)) - 2a93f7e5-ecb9-41da-9c47-70e13ba76d7d: shutdown LeaderElection
2019-10-17 07:43:20,958 [2a93f7e5-ecb9-41da-9c47-70e13ba76d7d@group-A9EE991D717F-LeaderElection130] INFO  impl.RoleInfo (RoleInfo.java:updateAndGet(143)) - 2a93f7e5-ecb9-41da-9c47-70e13ba76d7d: start FollowerState
2019-10-17 07:43:21,072 [Thread-1299] INFO  impl.FollowerState (FollowerState.java:run(108)) - 2a93f7e5-ecb9-41da-9c47-70e13ba76d7d@group-A9EE991D717F-FollowerState: change to CANDIDATE, lastRpcTime:113ms, electionTimeout:113ms
2019-10-17 07:43:21,072 [Thread-1299] INFO  impl.RoleInfo (RoleInfo.java:shutdownFollowerState(121)) - 2a93f7e5-ecb9-41da-9c47-70e13ba76d7d: shutdown FollowerState
2019-10-17 07:43:21,072 [Thread-1299] INFO  impl.RaftServerImpl (RaftServerImpl.java:setRole(184)) - 2a93f7e5-ecb9-41da-9c47-70e13ba76d7d@group-A9EE991D717F: changes role from  FOLLOWER to CANDIDATE at term 129 for changeToCandidate
2019-10-17 07:43:21,073 [Thread-1299] INFO  impl.RoleInfo (RoleInfo.java:updateAndGet(143)) - 2a93f7e5-ecb9-41da-9c47-70e13ba76d7d: start LeaderElection
2019-10-17 07:43:21,096 [2a93f7e5-ecb9-41da-9c47-70e13ba76d7d@group-A9EE991D717F-LeaderElection131] INFO  impl.LeaderElection (LeaderElection.java:askForVotes(178)) - 2a93f7e5-ecb9-41da-9c47-70e13ba76d7d@group-A9EE991D717F-LeaderElection131: begin an election at term 130 for 0: [37bd8e8c-ea68-4b1c-8659-8d001c4f3b5c:192.168.34.62:41632, 24020d0b-ce61-4f5a-b0b0-c561541e8cd4:192.168.34.62:42892, 2a93f7e5-ecb9-41da-9c47-70e13ba76d7d:192.168.34.62:35412], old=null
2019-10-17 07:43:21,099 [grpc-default-executor-1] INFO  impl.RaftServerImpl (RaftServerImpl.java:setRole(184)) - 37bd8e8c-ea68-4b1c-8659-8d001c4f3b5c@group-A9EE991D717F: changes role from  FOLLOWER to FOLLOWER at term 130 for recognizeCandidate:2a93f7e5-ecb9-41da-9c47-70e13ba76d7d
2019-10-17 07:43:21,099 [grpc-default-executor-1] INFO  impl.RoleInfo (RoleInfo.java:shutdownFollowerState(121)) - 37bd8e8c-ea68-4b1c-8659-8d001c4f3b5c: shutdown FollowerState
2019-10-17 07:43:21,099 [grpc-default-executor-0] INFO  impl.RaftServerImpl (RaftServerImpl.java:setRole(184)) - 24020d0b-ce61-4f5a-b0b0-c561541e8cd4@group-A9EE991D717F: changes role from  FOLLOWER to FOLLOWER at term 130 for recognizeCandidate:2a93f7e5-ecb9-41da-9c47-70e13ba76d7d
2019-10-17 07:43:21,100 [Thread-1297] INFO  impl.FollowerState (FollowerState.java:run(117)) - 37bd8e8c-ea68-4b1c-8659-8d001c4f3b5c@group-A9EE991D717F-FollowerState was interrupted: java.lang.InterruptedException: sleep interrupted
2019-10-17 07:43:21,099 [grpc-default-executor-1] INFO  impl.RoleInfo (RoleInfo.java:updateAndGet(143)) - 37bd8e8c-ea68-4b1c-8659-8d001c4f3b5c: start FollowerState
2019-10-17 07:43:21,100 [grpc-default-executor-0] INFO  impl.RoleInfo (RoleInfo.java:shutdownFollowerState(121)) - 24020d0b-ce61-4f5a-b0b0-c561541e8cd4: shutdown FollowerState
2019-10-17 07:43:21,100 [grpc-default-executor-0] INFO  impl.RoleInfo (RoleInfo.java:updateAndGet(143)) - 24020d0b-ce61-4f5a-b0b0-c561541e8cd4: start FollowerState
2019-10-17 07:43:21,100 [Thread-1298] INFO  impl.FollowerState (FollowerState.java:run(117)) - 24020d0b-ce61-4f5a-b0b0-c561541e8cd4@group-A9EE991D717F-FollowerState was interrupted: java.lang.InterruptedException: sleep interrupted
2019-10-17 07:43:21,125 [2a93f7e5-ecb9-41da-9c47-70e13ba76d7d@group-A9EE991D717F-LeaderElection131] INFO  impl.LeaderElection (LeaderElection.java:logAndReturn(56)) - 2a93f7e5-ecb9-41da-9c47-70e13ba76d7d@group-A9EE991D717F-LeaderElection131: Election REJECTED; received 2 response(s) [2a93f7e5-ecb9-41da-9c47-70e13ba76d7d<-37bd8e8c-ea68-4b1c-8659-8d001c4f3b5c#0:FAIL-t130, 2a93f7e5-ecb9-41da-9c47-70e13ba76d7d<-24020d0b-ce61-4f5a-b0b0-c561541e8cd4#0:FAIL-t130] and 0 exception(s); 2a93f7e5-ecb9-41da-9c47-70e13ba76d7d@group-A9EE991D717F:t130, leader=null, voted=2a93f7e5-ecb9-41da-9c47-70e13ba76d7d, raftlog=2a93f7e5-ecb9-41da-9c47-70e13ba76d7d@group-A9EE991D717F-SegmentedRaftLog:OPENED:c-1,f0,i0, conf=0: [37bd8e8c-ea68-4b1c-8659-8d001c4f3b5c:192.168.34.62:41632, 24020d0b-ce61-4f5a-b0b0-c561541e8cd4:192.168.34.62:42892, 2a93f7e5-ecb9-41da-9c47-70e13ba76d7d:192.168.34.62:35412], old=null
2019-10-17 07:43:21,125 [2a93f7e5-ecb9-41da-9c47-70e13ba76d7d@group-A9EE991D717F-LeaderElection131] INFO  impl.RaftServerImpl (RaftServerImpl.java:setRole(184)) - 2a93f7e5-ecb9-41da-9c47-70e13ba76d7d@group-A9EE991D717F: changes role from CANDIDATE to FOLLOWER at term 130 for DISCOVERED_A_NEW_TERM
2019-10-17 07:43:21,125 [2a93f7e5-ecb9-41da-9c47-70e13ba76d7d@group-A9EE991D717F-LeaderElection131] INFO  impl.RoleInfo (RoleInfo.java:shutdownLeaderElection(134)) - 2a93f7e5-ecb9-41da-9c47-70e13ba76d7d: shutdown LeaderElection
2019-10-17 07:43:21,125 [2a93f7e5-ecb9-41da-9c47-70e13ba76d7d@group-A9EE991D717F-LeaderElection131] INFO  impl.RoleInfo (RoleInfo.java:updateAndGet(143)) - 2a93f7e5-ecb9-41da-9c47-70e13ba76d7d: start FollowerState
2019-10-17 07:43:21,282 [Thread-1305] INFO  impl.FollowerState (FollowerState.java:run(108)) - 2a93f7e5-ecb9-41da-9c47-70e13ba76d7d@group-A9EE991D717F-FollowerState: change to CANDIDATE, lastRpcTime:156ms, electionTimeout:156ms
2019-10-17 07:43:21,282 [Thread-1305] INFO  impl.RoleInfo (RoleInfo.java:shutdownFollowerState(121)) - 2a93f7e5-ecb9-41da-9c47-70e13ba76d7d: shutdown FollowerState
2019-10-17 07:43:21,282 [Thread-1305] INFO  impl.RaftServerImpl (RaftServerImpl.java:setRole(184)) - 2a93f7e5-ecb9-41da-9c47-70e13ba76d7d@group-A9EE991D717F: changes role from  FOLLOWER to CANDIDATE at term 130 for changeToCandidate
2019-10-17 07:43:21,282 [Thread-1305] INFO  impl.RoleInfo (RoleInfo.java:updateAndGet(143)) - 2a93f7e5-ecb9-41da-9c47-70e13ba76d7d: start LeaderElection
2019-10-17 07:43:21,307 [2a93f7e5-ecb9-41da-9c47-70e13ba76d7d@group-A9EE991D717F-LeaderElection132] INFO  impl.LeaderElection (LeaderElection.java:askForVotes(178)) - 2a93f7e5-ecb9-41da-9c47-70e13ba76d7d@group-A9EE991D717F-LeaderElection132: begin an election at term 131 for 0: [37bd8e8c-ea68-4b1c-8659-8d001c4f3b5c:192.168.34.62:41632, 24020d0b-ce61-4f5a-b0b0-c561541e8cd4:192.168.34.62:42892, 2a93f7e5-ecb9-41da-9c47-70e13ba76d7d:192.168.34.62:35412], old=null
2019-10-17 07:43:21,310 [grpc-default-executor-0] INFO  impl.RaftServerImpl (RaftServerImpl.java:setRole(184)) - 37bd8e8c-ea68-4b1c-8659-8d001c4f3b5c@group-A9EE991D717F: changes role from  FOLLOWER to FOLLOWER at term 131 for recognizeCandidate:2a93f7e5-ecb9-41da-9c47-70e13ba76d7d
2019-10-17 07:43:21,310 [grpc-default-executor-0] INFO  impl.RoleInfo (RoleInfo.java:shutdownFollowerState(121)) - 37bd8e8c-ea68-4b1c-8659-8d001c4f3b5c: shutdown FollowerState
2019-10-17 07:43:21,311 [grpc-default-executor-0] INFO  impl.RoleInfo (RoleInfo.java:updateAndGet(143)) - 37bd8e8c-ea68-4b1c-8659-8d001c4f3b5c: start FollowerState
2019-10-17 07:43:21,311 [Thread-1303] INFO  impl.FollowerState (FollowerState.java:run(117)) - 37bd8e8c-ea68-4b1c-8659-8d001c4f3b5c@group-A9EE991D717F-FollowerState was interrupted: java.lang.InterruptedException: sleep interrupted
2019-10-17 07:43:21,311 [grpc-default-executor-1] INFO  impl.RaftServerImpl (RaftServerImpl.java:setRole(184)) - 24020d0b-ce61-4f5a-b0b0-c561541e8cd4@group-A9EE991D717F: changes role from  FOLLOWER to FOLLOWER at term 131 for recognizeCandidate:2a93f7e5-ecb9-41da-9c47-70e13ba76d7d
2019-10-17 07:43:21,311 [grpc-default-executor-1] INFO  impl.RoleInfo (RoleInfo.java:shutdownFollowerState(121)) - 24020d0b-ce61-4f5a-b0b0-c561541e8cd4: shutdown FollowerState
2019-10-17 07:43:21,311 [grpc-default-executor-1] INFO  impl.RoleInfo (RoleInfo.java:updateAndGet(143)) - 24020d0b-ce61-4f5a-b0b0-c561541e8cd4: start FollowerState
2019-10-17 07:43:21,311 [Thread-1304] INFO  impl.FollowerState (FollowerState.java:run(117)) - 24020d0b-ce61-4f5a-b0b0-c561541e8cd4@group-A9EE991D717F-FollowerState was interrupted: java.lang.InterruptedException: sleep interrupted
2019-10-17 07:43:21,331 [2a93f7e5-ecb9-41da-9c47-70e13ba76d7d@group-A9EE991D717F-LeaderElection132] INFO  impl.LeaderElection (LeaderElection.java:logAndReturn(56)) - 2a93f7e5-ecb9-41da-9c47-70e13ba76d7d@group-A9EE991D717F-LeaderElection132: Election REJECTED; received 2 response(s) [2a93f7e5-ecb9-41da-9c47-70e13ba76d7d<-37bd8e8c-ea68-4b1c-8659-8d001c4f3b5c#0:FAIL-t131, 2a93f7e5-ecb9-41da-9c47-70e13ba76d7d<-24020d0b-ce61-4f5a-b0b0-c561541e8cd4#0:FAIL-t131] and 0 exception(s); 2a93f7e5-ecb9-41da-9c47-70e13ba76d7d@group-A9EE991D717F:t131, leader=null, voted=2a93f7e5-ecb9-41da-9c47-70e13ba76d7d, raftlog=2a93f7e5-ecb9-41da-9c47-70e13ba76d7d@group-A9EE991D717F-SegmentedRaftLog:OPENED:c-1,f0,i0, conf=0: [37bd8e8c-ea68-4b1c-8659-8d001c4f3b5c:192.168.34.62:41632, 24020d0b-ce61-4f5a-b0b0-c561541e8cd4:192.168.34.62:42892, 2a93f7e5-ecb9-41da-9c47-70e13ba76d7d:192.168.34.62:35412], old=null
2019-10-17 07:43:21,332 [2a93f7e5-ecb9-41da-9c47-70e13ba76d7d@group-A9EE991D717F-LeaderElection132] INFO  impl.RaftServerImpl (RaftServerImpl.java:setRole(184)) - 2a93f7e5-ecb9-41da-9c47-70e13ba76d7d@group-A9EE991D717F: changes role from CANDIDATE to FOLLOWER at term 131 for DISCOVERED_A_NEW_TERM
2019-10-17 07:43:21,332 [2a93f7e5-ecb9-41da-9c47-70e13ba76d7d@group-A9EE991D717F-LeaderElection132] INFO  impl.RoleInfo (RoleInfo.java:shutdownLeaderElection(134)) - 2a93f7e5-ecb9-41da-9c47-70e13ba76d7d: shutdown LeaderElection
2019-10-17 07:43:21,332 [2a93f7e5-ecb9-41da-9c47-70e13ba76d7d@group-A9EE991D717F-LeaderElection132] INFO  impl.RoleInfo (RoleInfo.java:updateAndGet(143)) - 2a93f7e5-ecb9-41da-9c47-70e13ba76d7d: start FollowerState
2019-10-17 07:43:21,339 [Thread-1311] INFO  impl.FollowerState (FollowerState.java:run(108)) - 2a93f7e5-ecb9-41da-9c47-70e13ba76d7d@group-A9EE991D717F-FollowerState: change to CANDIDATE, lastRpcTime:7ms, electionTimeout:7ms
2019-10-17 07:43:21,340 [Thread-1311] INFO  impl.RoleInfo (RoleInfo.java:shutdownFollowerState(121)) - 2a93f7e5-ecb9-41da-9c47-70e13ba76d7d: shutdown FollowerState
2019-10-17 07:43:21,340 [Thread-1311] INFO  impl.RaftServerImpl (RaftServerImpl.java:setRole(184)) - 2a93f7e5-ecb9-41da-9c47-70e13ba76d7d@group-A9EE991D717F: changes role from  FOLLOWER to CANDIDATE at term 131 for changeToCandidate
2019-10-17 07:43:21,340 [Thread-1311] INFO  impl.RoleInfo (RoleInfo.java:updateAndGet(143)) - 2a93f7e5-ecb9-41da-9c47-70e13ba76d7d: start LeaderElection
2019-10-17 07:43:21,374 [2a93f7e5-ecb9-41da-9c47-70e13ba76d7d@group-A9EE991D717F-LeaderElection133] INFO  impl.LeaderElection (LeaderElection.java:askForVotes(178)) - 2a93f7e5-ecb9-41da-9c47-70e13ba76d7d@group-A9EE991D717F-LeaderElection133: begin an election at term 132 for 0: [37bd8e8c-ea68-4b1c-8659-8d001c4f3b5c:192.168.34.62:41632, 24020d0b-ce61-4f5a-b0b0-c561541e8cd4:192.168.34.62:42892, 2a93f7e5-ecb9-41da-9c47-70e13ba76d7d:192.168.34.62:35412], old=null
2019-10-17 07:43:21,377 [grpc-default-executor-1] INFO  impl.RaftServerImpl (RaftServerImpl.java:setRole(184)) - 37bd8e8c-ea68-4b1c-8659-8d001c4f3b5c@group-A9EE991D717F: changes role from  FOLLOWER to FOLLOWER at term 132 for recognizeCandidate:2a93f7e5-ecb9-41da-9c47-70e13ba76d7d
2019-10-17 07:43:21,377 [grpc-default-executor-1] INFO  impl.RoleInfo (RoleInfo.java:shutdownFollowerState(121)) - 37bd8e8c-ea68-4b1c-8659-8d001c4f3b5c: shutdown FollowerState
2019-10-17 07:43:21,377 [grpc-default-executor-1] INFO  impl.RoleInfo (RoleInfo.java:updateAndGet(143)) - 37bd8e8c-ea68-4b1c-8659-8d001c4f3b5c: start FollowerState
2019-10-17 07:43:21,377 [Thread-1309] INFO  impl.FollowerState (FollowerState.java:run(117)) - 37bd8e8c-ea68-4b1c-8659-8d001c4f3b5c@group-A9EE991D717F-FollowerState was interrupted: java.lang.InterruptedException: sleep interrupted
2019-10-17 07:43:21,377 [grpc-default-executor-0] INFO  impl.RaftServerImpl (RaftServerImpl.java:setRole(184)) - 24020d0b-ce61-4f5a-b0b0-c561541e8cd4@group-A9EE991D717F: changes role from  FOLLOWER to FOLLOWER at term 132 for recognizeCandidate:2a93f7e5-ecb9-41da-9c47-70e13ba76d7d
2019-10-17 07:43:21,378 [grpc-default-executor-0] INFO  impl.RoleInfo (RoleInfo.java:shutdownFollowerState(121)) - 24020d0b-ce61-4f5a-b0b0-c561541e8cd4: shutdown FollowerState
2019-10-17 07:43:21,378 [grpc-default-executor-0] INFO  impl.RoleInfo (RoleInfo.java:updateAndGet(143)) - 24020d0b-ce61-4f5a-b0b0-c561541e8cd4: start FollowerState
2019-10-17 07:43:21,378 [Thread-1310] INFO  impl.FollowerState (FollowerState.java:run(117)) - 24020d0b-ce61-4f5a-b0b0-c561541e8cd4@group-A9EE991D717F-FollowerState was interrupted: java.lang.InterruptedException: sleep interrupted
2019-10-17 07:43:21,401 [2a93f7e5-ecb9-41da-9c47-70e13ba76d7d@group-A9EE991D717F-LeaderElection133] INFO  impl.LeaderElection (LeaderElection.java:logAndReturn(56)) - 2a93f7e5-ecb9-41da-9c47-70e13ba76d7d@group-A9EE991D717F-LeaderElection133: Election REJECTED; received 2 response(s) [2a93f7e5-ecb9-41da-9c47-70e13ba76d7d<-37bd8e8c-ea68-4b1c-8659-8d001c4f3b5c#0:FAIL-t132, 2a93f7e5-ecb9-41da-9c47-70e13ba76d7d<-24020d0b-ce61-4f5a-b0b0-c561541e8cd4#0:FAIL-t132] and 0 exception(s); 2a93f7e5-ecb9-41da-9c47-70e13ba76d7d@group-A9EE991D717F:t132, leader=null, voted=2a93f7e5-ecb9-41da-9c47-70e13ba76d7d, raftlog=2a93f7e5-ecb9-41da-9c47-70e13ba76d7d@group-A9EE991D717F-SegmentedRaftLog:OPENED:c-1,f0,i0, conf=0: [37bd8e8c-ea68-4b1c-8659-8d001c4f3b5c:192.168.34.62:41632, 24020d0b-ce61-4f5a-b0b0-c561541e8cd4:192.168.34.62:42892, 2a93f7e5-ecb9-41da-9c47-70e13ba76d7d:192.168.34.62:35412], old=null
2019-10-17 07:43:21,401 [2a93f7e5-ecb9-41da-9c47-70e13ba76d7d@group-A9EE991D717F-LeaderElection133] INFO  impl.RaftServerImpl (RaftServerImpl.java:setRole(184)) - 2a93f7e5-ecb9-41da-9c47-70e13ba76d7d@group-A9EE991D717F: changes role from CANDIDATE to FOLLOWER at term 132 for DISCOVERED_A_NEW_TERM
2019-10-17 07:43:21,401 [2a93f7e5-ecb9-41da-9c47-70e13ba76d7d@group-A9EE991D717F-LeaderElection133] INFO  impl.RoleInfo (RoleInfo.java:shutdownLeaderElection(134)) - 2a93f7e5-ecb9-41da-9c47-70e13ba76d7d: shutdown LeaderElection
2019-10-17 07:43:21,401 [2a93f7e5-ecb9-41da-9c47-70e13ba76d7d@group-A9EE991D717F-LeaderElection133] INFO  impl.RoleInfo (RoleInfo.java:updateAndGet(143)) - 2a93f7e5-ecb9-41da-9c47-70e13ba76d7d: start FollowerState
2019-10-17 07:43:21,436 [Thread-1317] INFO  impl.FollowerState (FollowerState.java:run(108)) - 2a93f7e5-ecb9-41da-9c47-70e13ba76d7d@group-A9EE991D717F-FollowerState: change to CANDIDATE, lastRpcTime:34ms, electionTimeout:34ms
2019-10-17 07:43:21,436 [Thread-1317] INFO  impl.RoleInfo (RoleInfo.java:shutdownFollowerState(121)) - 2a93f7e5-ecb9-41da-9c47-70e13ba76d7d: shutdown FollowerState
2019-10-17 07:43:21,436 [Thread-1317] INFO  impl.RaftServerImpl (RaftServerImpl.java:setRole(184)) - 2a93f7e5-ecb9-41da-9c47-70e13ba76d7d@group-A9EE991D717F: changes role from  FOLLOWER to CANDIDATE at term 132 for changeToCandidate
2019-10-17 07:43:21,436 [Thread-1317] INFO  impl.RoleInfo (RoleInfo.java:updateAndGet(143)) - 2a93f7e5-ecb9-41da-9c47-70e13ba76d7d: start LeaderElection
2019-10-17 07:43:21,467 [2a93f7e5-ecb9-41da-9c47-70e13ba76d7d@group-A9EE991D717F-LeaderElection134] INFO  impl.LeaderElection (LeaderElection.java:askForVotes(178)) - 2a93f7e5-ecb9-41da-9c47-70e13ba76d7d@group-A9EE991D717F-LeaderElection134: begin an election at term 133 for 0: [37bd8e8c-ea68-4b1c-8659-8d001c4f3b5c:192.168.34.62:41632, 24020d0b-ce61-4f5a-b0b0-c561541e8cd4:192.168.34.62:42892, 2a93f7e5-ecb9-41da-9c47-70e13ba76d7d:192.168.34.62:35412], old=null
2019-10-17 07:43:21,470 [grpc-default-executor-1] INFO  impl.RaftServerImpl (RaftServerImpl.java:setRole(184)) - 37bd8e8c-ea68-4b1c-8659-8d001c4f3b5c@group-A9EE991D717F: changes role from  FOLLOWER to FOLLOWER at term 133 for recognizeCandidate:2a93f7e5-ecb9-41da-9c47-70e13ba76d7d
2019-10-17 07:43:21,470 [grpc-default-executor-1] INFO  impl.RoleInfo (RoleInfo.java:shutdownFollowerState(121)) - 37bd8e8c-ea68-4b1c-8659-8d001c4f3b5c: shutdown FollowerState
2019-10-17 07:43:21,470 [grpc-default-executor-0] INFO  impl.RaftServerImpl (RaftServerImpl.java:setRole(184)) - 24020d0b-ce61-4f5a-b0b0-c561541e8cd4@group-A9EE991D717F: changes role from  FOLLOWER to FOLLOWER at term 133 for recognizeCandidate:2a93f7e5-ecb9-41da-9c47-70e13ba76d7d
2019-10-17 07:43:21,470 [Thread-1315] INFO  impl.FollowerState (FollowerState.java:run(117)) - 37bd8e8c-ea68-4b1c-8659-8d001c4f3b5c@group-A9EE991D717F-FollowerState was interrupted: java.lang.InterruptedException: sleep interrupted
2019-10-17 07:43:21,470 [grpc-default-executor-1] INFO  impl.RoleInfo (RoleInfo.java:updateAndGet(143)) - 37bd8e8c-ea68-4b1c-8659-8d001c4f3b5c: start FollowerState
2019-10-17 07:43:21,470 [grpc-default-executor-0] INFO  impl.RoleInfo (RoleInfo.java:shutdownFollowerState(121)) - 24020d0b-ce61-4f5a-b0b0-c561541e8cd4: shutdown FollowerState
2019-10-17 07:43:21,471 [grpc-default-executor-0] INFO  impl.RoleInfo (RoleInfo.java:updateAndGet(143)) - 24020d0b-ce61-4f5a-b0b0-c561541e8cd4: start FollowerState
2019-10-17 07:43:21,471 [Thread-1316] INFO  impl.FollowerState (FollowerState.java:run(117)) - 24020d0b-ce61-4f5a-b0b0-c561541e8cd4@group-A9EE991D717F-FollowerState was interrupted: java.lang.InterruptedException: sleep interrupted
2019-10-17 07:43:21,485 [2a93f7e5-ecb9-41da-9c47-70e13ba76d7d@group-A9EE991D717F-LeaderElection134] INFO  impl.LeaderElection (LeaderElection.java:logAndReturn(56)) - 2a93f7e5-ecb9-41da-9c47-70e13ba76d7d@group-A9EE991D717F-LeaderElection134: Election REJECTED; received 2 response(s) [2a93f7e5-ecb9-41da-9c47-70e13ba76d7d<-37bd8e8c-ea68-4b1c-8659-8d001c4f3b5c#0:FAIL-t133, 2a93f7e5-ecb9-41da-9c47-70e13ba76d7d<-24020d0b-ce61-4f5a-b0b0-c561541e8cd4#0:FAIL-t133] and 0 exception(s); 2a93f7e5-ecb9-41da-9c47-70e13ba76d7d@group-A9EE991D717F:t133, leader=null, voted=2a93f7e5-ecb9-41da-9c47-70e13ba76d7d, raftlog=2a93f7e5-ecb9-41da-9c47-70e13ba76d7d@group-A9EE991D717F-SegmentedRaftLog:OPENED:c-1,f0,i0, conf=0: [37bd8e8c-ea68-4b1c-8659-8d001c4f3b5c:192.168.34.62:41632, 24020d0b-ce61-4f5a-b0b0-c561541e8cd4:192.168.34.62:42892, 2a93f7e5-ecb9-41da-9c47-70e13ba76d7d:192.168.34.62:35412], old=null
2019-10-17 07:43:21,485 [2a93f7e5-ecb9-41da-9c47-70e13ba76d7d@group-A9EE991D717F-LeaderElection134] INFO  impl.RaftServerImpl (RaftServerImpl.java:setRole(184)) - 2a93f7e5-ecb9-41da-9c47-70e13ba76d7d@group-A9EE991D717F: changes role from CANDIDATE to FOLLOWER at term 133 for DISCOVERED_A_NEW_TERM
2019-10-17 07:43:21,486 [2a93f7e5-ecb9-41da-9c47-70e13ba76d7d@group-A9EE991D717F-LeaderElection134] INFO  impl.RoleInfo (RoleInfo.java:shutdownLeaderElection(134)) - 2a93f7e5-ecb9-41da-9c47-70e13ba76d7d: shutdown LeaderElection
2019-10-17 07:43:21,486 [2a93f7e5-ecb9-41da-9c47-70e13ba76d7d@group-A9EE991D717F-LeaderElection134] INFO  impl.RoleInfo (RoleInfo.java:updateAndGet(143)) - 2a93f7e5-ecb9-41da-9c47-70e13ba76d7d: start FollowerState
2019-10-17 07:43:21,641 [Thread-1323] INFO  impl.FollowerState (FollowerState.java:run(108)) - 2a93f7e5-ecb9-41da-9c47-70e13ba76d7d@group-A9EE991D717F-FollowerState: change to CANDIDATE, lastRpcTime:155ms, electionTimeout:155ms
2019-10-17 07:43:21,641 [Thread-1323] INFO  impl.RoleInfo (RoleInfo.java:shutdownFollowerState(121)) - 2a93f7e5-ecb9-41da-9c47-70e13ba76d7d: shutdown FollowerState
2019-10-17 07:43:21,642 [Thread-1323] INFO  impl.RaftServerImpl (RaftServerImpl.java:setRole(184)) - 2a93f7e5-ecb9-41da-9c47-70e13ba76d7d@group-A9EE991D717F: changes role from  FOLLOWER to CANDIDATE at term 133 for changeToCandidate
2019-10-17 07:43:21,642 [Thread-1323] INFO  impl.RoleInfo (RoleInfo.java:updateAndGet(143)) - 2a93f7e5-ecb9-41da-9c47-70e13ba76d7d: start LeaderElection
2019-10-17 07:43:21,700 [2a93f7e5-ecb9-41da-9c47-70e13ba76d7d@group-A9EE991D717F-LeaderElection135] INFO  impl.LeaderElection (LeaderElection.java:askForVotes(178)) - 2a93f7e5-ecb9-41da-9c47-70e13ba76d7d@group-A9EE991D717F-LeaderElection135: begin an election at term 134 for 0: [37bd8e8c-ea68-4b1c-8659-8d001c4f3b5c:192.168.34.62:41632, 24020d0b-ce61-4f5a-b0b0-c561541e8cd4:192.168.34.62:42892, 2a93f7e5-ecb9-41da-9c47-70e13ba76d7d:192.168.34.62:35412], old=null
2019-10-17 07:43:21,704 [grpc-default-executor-0] INFO  impl.RaftServerImpl (RaftServerImpl.java:setRole(184)) - 24020d0b-ce61-4f5a-b0b0-c561541e8cd4@group-A9EE991D717F: changes role from  FOLLOWER to FOLLOWER at term 134 for recognizeCandidate:2a93f7e5-ecb9-41da-9c47-70e13ba76d7d
2019-10-17 07:43:21,704 [grpc-default-executor-1] INFO  impl.RaftServerImpl (RaftServerImpl.java:setRole(184)) - 37bd8e8c-ea68-4b1c-8659-8d001c4f3b5c@group-A9EE991D717F: changes role from  FOLLOWER to FOLLOWER at term 134 for recognizeCandidate:2a93f7e5-ecb9-41da-9c47-70e13ba76d7d
2019-10-17 07:43:21,704 [grpc-default-executor-0] INFO  impl.RoleInfo (RoleInfo.java:shutdownFollowerState(121)) - 24020d0b-ce61-4f5a-b0b0-c561541e8cd4: shutdown FollowerState
2019-10-17 07:43:21,704 [grpc-default-executor-1] INFO  impl.RoleInfo (RoleInfo.java:shutdownFollowerState(121)) - 37bd8e8c-ea68-4b1c-8659-8d001c4f3b5c: shutdown FollowerState
2019-10-17 07:43:21,705 [Thread-1322] INFO  impl.FollowerState (FollowerState.java:run(117)) - 24020d0b-ce61-4f5a-b0b0-c561541e8cd4@group-A9EE991D717F-FollowerState was interrupted: java.lang.InterruptedException: sleep interrupted
2019-10-17 07:43:21,705 [grpc-default-executor-0] INFO  impl.RoleInfo (RoleInfo.java:updateAndGet(143)) - 24020d0b-ce61-4f5a-b0b0-c561541e8cd4: start FollowerState
2019-10-17 07:43:21,705 [Thread-1321] INFO  impl.FollowerState (FollowerState.java:run(117)) - 37bd8e8c-ea68-4b1c-8659-8d001c4f3b5c@group-A9EE991D717F-FollowerState was interrupted: java.lang.InterruptedException: sleep interrupted
2019-10-17 07:43:21,705 [grpc-default-executor-1] INFO  impl.RoleInfo (RoleInfo.java:updateAndGet(143)) - 37bd8e8c-ea68-4b1c-8659-8d001c4f3b5c: start FollowerState
2019-10-17 07:43:21,719 [2a93f7e5-ecb9-41da-9c47-70e13ba76d7d@group-A9EE991D717F-LeaderElection135] INFO  impl.LeaderElection (LeaderElection.java:logAndReturn(56)) - 2a93f7e5-ecb9-41da-9c47-70e13ba76d7d@group-A9EE991D717F-LeaderElection135: Election REJECTED; received 2 response(s) [2a93f7e5-ecb9-41da-9c47-70e13ba76d7d<-37bd8e8c-ea68-4b1c-8659-8d001c4f3b5c#0:FAIL-t134, 2a93f7e5-ecb9-41da-9c47-70e13ba76d7d<-24020d0b-ce61-4f5a-b0b0-c561541e8cd4#0:FAIL-t134] and 0 exception(s); 2a93f7e5-ecb9-41da-9c47-70e13ba76d7d@group-A9EE991D717F:t134, leader=null, voted=2a93f7e5-ecb9-41da-9c47-70e13ba76d7d, raftlog=2a93f7e5-ecb9-41da-9c47-70e13ba76d7d@group-A9EE991D717F-SegmentedRaftLog:OPENED:c-1,f0,i0, conf=0: [37bd8e8c-ea68-4b1c-8659-8d001c4f3b5c:192.168.34.62:41632, 24020d0b-ce61-4f5a-b0b0-c561541e8cd4:192.168.34.62:42892, 2a93f7e5-ecb9-41da-9c47-70e13ba76d7d:192.168.34.62:35412], old=null
2019-10-17 07:43:21,720 [2a93f7e5-ecb9-41da-9c47-70e13ba76d7d@group-A9EE991D717F-LeaderElection135] INFO  impl.RaftServerImpl (RaftServerImpl.java:setRole(184)) - 2a93f7e5-ecb9-41da-9c47-70e13ba76d7d@group-A9EE991D717F: changes role from CANDIDATE to FOLLOWER at term 134 for DISCOVERED_A_NEW_TERM
2019-10-17 07:43:21,720 [2a93f7e5-ecb9-41da-9c47-70e13ba76d7d@group-A9EE991D717F-LeaderElection135] INFO  impl.RoleInfo (RoleInfo.java:shutdownLeaderElection(134)) - 2a93f7e5-ecb9-41da-9c47-70e13ba76d7d: shutdown LeaderElection
2019-10-17 07:43:21,720 [2a93f7e5-ecb9-41da-9c47-70e13ba76d7d@group-A9EE991D717F-LeaderElection135] INFO  impl.RoleInfo (RoleInfo.java:updateAndGet(143)) - 2a93f7e5-ecb9-41da-9c47-70e13ba76d7d: start FollowerState
2019-10-17 07:43:21,865 [Thread-1329] INFO  impl.FollowerState (FollowerState.java:run(108)) - 2a93f7e5-ecb9-41da-9c47-70e13ba76d7d@group-A9EE991D717F-FollowerState: change to CANDIDATE, lastRpcTime:145ms, electionTimeout:145ms
2019-10-17 07:43:21,866 [Thread-1329] INFO  impl.RoleInfo (RoleInfo.java:shutdownFollowerState(121)) - 2a93f7e5-ecb9-41da-9c47-70e13ba76d7d: shutdown FollowerState
2019-10-17 07:43:21,866 [Thread-1329] INFO  impl.RaftServerImpl (RaftServerImpl.java:setRole(184)) - 2a93f7e5-ecb9-41da-9c47-70e13ba76d7d@group-A9EE991D717F: changes role from  FOLLOWER to CANDIDATE at term 134 for changeToCandidate
2019-10-17 07:43:21,866 [Thread-1329] INFO  impl.RoleInfo (RoleInfo.java:updateAndGet(143)) - 2a93f7e5-ecb9-41da-9c47-70e13ba76d7d: start LeaderElection
2019-10-17 07:43:21,890 [2a93f7e5-ecb9-41da-9c47-70e13ba76d7d@group-A9EE991D717F-LeaderElection136] INFO  impl.LeaderElection (LeaderElection.java:askForVotes(178)) - 2a93f7e5-ecb9-41da-9c47-70e13ba76d7d@group-A9EE991D717F-LeaderElection136: begin an election at term 135 for 0: [37bd8e8c-ea68-4b1c-8659-8d001c4f3b5c:192.168.34.62:41632, 24020d0b-ce61-4f5a-b0b0-c561541e8cd4:192.168.34.62:42892, 2a93f7e5-ecb9-41da-9c47-70e13ba76d7d:192.168.34.62:35412], old=null
2019-10-17 07:43:21,894 [grpc-default-executor-1] INFO  impl.RaftServerImpl (RaftServerImpl.java:setRole(184)) - 37bd8e8c-ea68-4b1c-8659-8d001c4f3b5c@group-A9EE991D717F: changes role from  FOLLOWER to FOLLOWER at term 135 for recognizeCandidate:2a93f7e5-ecb9-41da-9c47-70e13ba76d7d
2019-10-17 07:43:21,894 [grpc-default-executor-1] INFO  impl.RoleInfo (RoleInfo.java:shutdownFollowerState(121)) - 37bd8e8c-ea68-4b1c-8659-8d001c4f3b5c: shutdown FollowerState
2019-10-17 07:43:21,894 [grpc-default-executor-0] INFO  impl.RaftServerImpl (RaftServerImpl.java:setRole(184)) - 24020d0b-ce61-4f5a-b0b0-c561541e8cd4@group-A9EE991D717F: changes role from  FOLLOWER to FOLLOWER at term 135 for recognizeCandidate:2a93f7e5-ecb9-41da-9c47-70e13ba76d7d
2019-10-17 07:43:21,894 [grpc-default-executor-0] INFO  impl.RoleInfo (RoleInfo.java:shutdownFollowerState(121)) - 24020d0b-ce61-4f5a-b0b0-c561541e8cd4: shutdown FollowerState
2019-10-17 07:43:21,894 [grpc-default-executor-1] INFO  impl.RoleInfo (RoleInfo.java:updateAndGet(143)) - 37bd8e8c-ea68-4b1c-8659-8d001c4f3b5c: start FollowerState
2019-10-17 07:43:21,894 [grpc-default-executor-0] INFO  impl.RoleInfo (RoleInfo.java:updateAndGet(143)) - 24020d0b-ce61-4f5a-b0b0-c561541e8cd4: start FollowerState
2019-10-17 07:43:21,894 [Thread-1328] INFO  impl.FollowerState (FollowerState.java:run(117)) - 37bd8e8c-ea68-4b1c-8659-8d001c4f3b5c@group-A9EE991D717F-FollowerState was interrupted: java.lang.InterruptedException: sleep interrupted
2019-10-17 07:43:21,895 [Thread-1327] INFO  impl.FollowerState (FollowerState.java:run(117)) - 24020d0b-ce61-4f5a-b0b0-c561541e8cd4@group-A9EE991D717F-FollowerState was interrupted: java.lang.InterruptedException: sleep interrupted
2019-10-17 07:43:21,911 [2a93f7e5-ecb9-41da-9c47-70e13ba76d7d@group-A9EE991D717F-LeaderElection136] INFO  impl.LeaderElection (LeaderElection.java:logAndReturn(56)) - 2a93f7e5-ecb9-41da-9c47-70e13ba76d7d@group-A9EE991D717F-LeaderElection136: Election REJECTED; received 2 response(s) [2a93f7e5-ecb9-41da-9c47-70e13ba76d7d<-37bd8e8c-ea68-4b1c-8659-8d001c4f3b5c#0:FAIL-t135, 2a93f7e5-ecb9-41da-9c47-70e13ba76d7d<-24020d0b-ce61-4f5a-b0b0-c561541e8cd4#0:FAIL-t135] and 0 exception(s); 2a93f7e5-ecb9-41da-9c47-70e13ba76d7d@group-A9EE991D717F:t135, leader=null, voted=2a93f7e5-ecb9-41da-9c47-70e13ba76d7d, raftlog=2a93f7e5-ecb9-41da-9c47-70e13ba76d7d@group-A9EE991D717F-SegmentedRaftLog:OPENED:c-1,f0,i0, conf=0: [37bd8e8c-ea68-4b1c-8659-8d001c4f3b5c:192.168.34.62:41632, 24020d0b-ce61-4f5a-b0b0-c561541e8cd4:192.168.34.62:42892, 2a93f7e5-ecb9-41da-9c47-70e13ba76d7d:192.168.34.62:35412], old=null
2019-10-17 07:43:21,911 [2a93f7e5-ecb9-41da-9c47-70e13ba76d7d@group-A9EE991D717F-LeaderElection136] INFO  impl.RaftServerImpl (RaftServerImpl.java:setRole(184)) - 2a93f7e5-ecb9-41da-9c47-70e13ba76d7d@group-A9EE991D717F: changes role from CANDIDATE to FOLLOWER at term 135 for DISCOVERED_A_NEW_TERM
2019-10-17 07:43:21,911 [2a93f7e5-ecb9-41da-9c47-70e13ba76d7d@group-A9EE991D717F-LeaderElection136] INFO  impl.RoleInfo (RoleInfo.java:shutdownLeaderElection(134)) - 2a93f7e5-ecb9-41da-9c47-70e13ba76d7d: shutdown LeaderElection
2019-10-17 07:43:21,911 [2a93f7e5-ecb9-41da-9c47-70e13ba76d7d@group-A9EE991D717F-LeaderElection136] INFO  impl.RoleInfo (RoleInfo.java:updateAndGet(143)) - 2a93f7e5-ecb9-41da-9c47-70e13ba76d7d: start FollowerState
2019-10-17 07:43:22,031 [Thread-1335] INFO  impl.FollowerState (FollowerState.java:run(108)) - 2a93f7e5-ecb9-41da-9c47-70e13ba76d7d@group-A9EE991D717F-FollowerState: change to CANDIDATE, lastRpcTime:119ms, electionTimeout:119ms
2019-10-17 07:43:22,031 [Thread-1335] INFO  impl.RoleInfo (RoleInfo.java:shutdownFollowerState(121)) - 2a93f7e5-ecb9-41da-9c47-70e13ba76d7d: shutdown FollowerState
2019-10-17 07:43:22,031 [Thread-1335] INFO  impl.RaftServerImpl (RaftServerImpl.java:setRole(184)) - 2a93f7e5-ecb9-41da-9c47-70e13ba76d7d@group-A9EE991D717F: changes role from  FOLLOWER to CANDIDATE at term 135 for changeToCandidate
2019-10-17 07:43:22,032 [Thread-1335] INFO  impl.RoleInfo (RoleInfo.java:updateAndGet(143)) - 2a93f7e5-ecb9-41da-9c47-70e13ba76d7d: start LeaderElection
2019-10-17 07:43:22,057 [2a93f7e5-ecb9-41da-9c47-70e13ba76d7d@group-A9EE991D717F-LeaderElection137] INFO  impl.LeaderElection (LeaderElection.java:askForVotes(178)) - 2a93f7e5-ecb9-41da-9c47-70e13ba76d7d@group-A9EE991D717F-LeaderElection137: begin an election at term 136 for 0: [37bd8e8c-ea68-4b1c-8659-8d001c4f3b5c:192.168.34.62:41632, 24020d0b-ce61-4f5a-b0b0-c561541e8cd4:192.168.34.62:42892, 2a93f7e5-ecb9-41da-9c47-70e13ba76d7d:192.168.34.62:35412], old=null
2019-10-17 07:43:22,060 [grpc-default-executor-1] INFO  impl.RaftServerImpl (RaftServerImpl.java:setRole(184)) - 37bd8e8c-ea68-4b1c-8659-8d001c4f3b5c@group-A9EE991D717F: changes role from  FOLLOWER to FOLLOWER at term 136 for recognizeCandidate:2a93f7e5-ecb9-41da-9c47-70e13ba76d7d
2019-10-17 07:43:22,060 [grpc-default-executor-1] INFO  impl.RoleInfo (RoleInfo.java:shutdownFollowerState(121)) - 37bd8e8c-ea68-4b1c-8659-8d001c4f3b5c: shutdown FollowerState
2019-10-17 07:43:22,060 [grpc-default-executor-1] INFO  impl.RoleInfo (RoleInfo.java:updateAndGet(143)) - 37bd8e8c-ea68-4b1c-8659-8d001c4f3b5c: start FollowerState
2019-10-17 07:43:22,060 [grpc-default-executor-0] INFO  impl.RaftServerImpl (RaftServerImpl.java:setRole(184)) - 24020d0b-ce61-4f5a-b0b0-c561541e8cd4@group-A9EE991D717F: changes role from  FOLLOWER to FOLLOWER at term 136 for recognizeCandidate:2a93f7e5-ecb9-41da-9c47-70e13ba76d7d
2019-10-17 07:43:22,061 [grpc-default-executor-0] INFO  impl.RoleInfo (RoleInfo.java:shutdownFollowerState(121)) - 24020d0b-ce61-4f5a-b0b0-c561541e8cd4: shutdown FollowerState
2019-10-17 07:43:22,060 [Thread-1333] INFO  impl.FollowerState (FollowerState.java:run(117)) - 37bd8e8c-ea68-4b1c-8659-8d001c4f3b5c@group-A9EE991D717F-FollowerState was interrupted: java.lang.InterruptedException: sleep interrupted
2019-10-17 07:43:22,061 [grpc-default-executor-0] INFO  impl.RoleInfo (RoleInfo.java:updateAndGet(143)) - 24020d0b-ce61-4f5a-b0b0-c561541e8cd4: start FollowerState
2019-10-17 07:43:22,061 [Thread-1334] INFO  impl.FollowerState (FollowerState.java:run(117)) - 24020d0b-ce61-4f5a-b0b0-c561541e8cd4@group-A9EE991D717F-FollowerState was interrupted: java.lang.InterruptedException: sleep interrupted
2019-10-17 07:43:22,087 [2a93f7e5-ecb9-41da-9c47-70e13ba76d7d@group-A9EE991D717F-LeaderElection137] INFO  impl.LeaderElection (LeaderElection.java:logAndReturn(56)) - 2a93f7e5-ecb9-41da-9c47-70e13ba76d7d@group-A9EE991D717F-LeaderElection137: Election REJECTED; received 2 response(s) [2a93f7e5-ecb9-41da-9c47-70e13ba76d7d<-37bd8e8c-ea68-4b1c-8659-8d001c4f3b5c#0:FAIL-t136, 2a93f7e5-ecb9-41da-9c47-70e13ba76d7d<-24020d0b-ce61-4f5a-b0b0-c561541e8cd4#0:FAIL-t136] and 0 exception(s); 2a93f7e5-ecb9-41da-9c47-70e13ba76d7d@group-A9EE991D717F:t136, leader=null, voted=2a93f7e5-ecb9-41da-9c47-70e13ba76d7d, raftlog=2a93f7e5-ecb9-41da-9c47-70e13ba76d7d@group-A9EE991D717F-SegmentedRaftLog:OPENED:c-1,f0,i0, conf=0: [37bd8e8c-ea68-4b1c-8659-8d001c4f3b5c:192.168.34.62:41632, 24020d0b-ce61-4f5a-b0b0-c561541e8cd4:192.168.34.62:42892, 2a93f7e5-ecb9-41da-9c47-70e13ba76d7d:192.168.34.62:35412], old=null
2019-10-17 07:43:22,087 [2a93f7e5-ecb9-41da-9c47-70e13ba76d7d@group-A9EE991D717F-LeaderElection137] INFO  impl.RaftServerImpl (RaftServerImpl.java:setRole(184)) - 2a93f7e5-ecb9-41da-9c47-70e13ba76d7d@group-A9EE991D717F: changes role from CANDIDATE to FOLLOWER at term 136 for DISCOVERED_A_NEW_TERM
2019-10-17 07:43:22,087 [2a93f7e5-ecb9-41da-9c47-70e13ba76d7d@group-A9EE991D717F-LeaderElection137] INFO  impl.RoleInfo (RoleInfo.java:shutdownLeaderElection(134)) - 2a93f7e5-ecb9-41da-9c47-70e13ba76d7d: shutdown LeaderElection
2019-10-17 07:43:22,087 [2a93f7e5-ecb9-41da-9c47-70e13ba76d7d@group-A9EE991D717F-LeaderElection137] INFO  impl.RoleInfo (RoleInfo.java:updateAndGet(143)) - 2a93f7e5-ecb9-41da-9c47-70e13ba76d7d: start FollowerState
2019-10-17 07:43:22,227 [Thread-1341] INFO  impl.FollowerState (FollowerState.java:run(108)) - 2a93f7e5-ecb9-41da-9c47-70e13ba76d7d@group-A9EE991D717F-FollowerState: change to CANDIDATE, lastRpcTime:139ms, electionTimeout:139ms
2019-10-17 07:43:22,227 [Thread-1341] INFO  impl.RoleInfo (RoleInfo.java:shutdownFollowerState(121)) - 2a93f7e5-ecb9-41da-9c47-70e13ba76d7d: shutdown FollowerState
2019-10-17 07:43:22,227 [Thread-1341] INFO  impl.RaftServerImpl (RaftServerImpl.java:setRole(184)) - 2a93f7e5-ecb9-41da-9c47-70e13ba76d7d@group-A9EE991D717F: changes role from  FOLLOWER to CANDIDATE at term 136 for changeToCandidate
2019-10-17 07:43:22,227 [Thread-1341] INFO  impl.RoleInfo (RoleInfo.java:updateAndGet(143)) - 2a93f7e5-ecb9-41da-9c47-70e13ba76d7d: start LeaderElection
2019-10-17 07:43:22,252 [2a93f7e5-ecb9-41da-9c47-70e13ba76d7d@group-A9EE991D717F-LeaderElection138] INFO  impl.LeaderElection (LeaderElection.java:askForVotes(178)) - 2a93f7e5-ecb9-41da-9c47-70e13ba76d7d@group-A9EE991D717F-LeaderElection138: begin an election at term 137 for 0: [37bd8e8c-ea68-4b1c-8659-8d001c4f3b5c:192.168.34.62:41632, 24020d0b-ce61-4f5a-b0b0-c561541e8cd4:192.168.34.62:42892, 2a93f7e5-ecb9-41da-9c47-70e13ba76d7d:192.168.34.62:35412], old=null
2019-10-17 07:43:22,255 [grpc-default-executor-1] INFO  impl.RaftServerImpl (RaftServerImpl.java:setRole(184)) - 37bd8e8c-ea68-4b1c-8659-8d001c4f3b5c@group-A9EE991D717F: changes role from  FOLLOWER to FOLLOWER at term 137 for recognizeCandidate:2a93f7e5-ecb9-41da-9c47-70e13ba76d7d
2019-10-17 07:43:22,255 [grpc-default-executor-1] INFO  impl.RoleInfo (RoleInfo.java:shutdownFollowerState(121)) - 37bd8e8c-ea68-4b1c-8659-8d001c4f3b5c: shutdown FollowerState
2019-10-17 07:43:22,255 [grpc-default-executor-0] INFO  impl.RaftServerImpl (RaftServerImpl.java:setRole(184)) - 24020d0b-ce61-4f5a-b0b0-c561541e8cd4@group-A9EE991D717F: changes role from  FOLLOWER to FOLLOWER at term 137 for recognizeCandidate:2a93f7e5-ecb9-41da-9c47-70e13ba76d7d
2019-10-17 07:43:22,255 [grpc-default-executor-0] INFO  impl.RoleInfo (RoleInfo.java:shutdownFollowerState(121)) - 24020d0b-ce61-4f5a-b0b0-c561541e8cd4: shutdown FollowerState
2019-10-17 07:43:22,255 [Thread-1339] INFO  impl.FollowerState (FollowerState.java:run(117)) - 37bd8e8c-ea68-4b1c-8659-8d001c4f3b5c@group-A9EE991D717F-FollowerState was interrupted: java.lang.InterruptedException: sleep interrupted
2019-10-17 07:43:22,255 [grpc-default-executor-1] INFO  impl.RoleInfo (RoleInfo.java:updateAndGet(143)) - 37bd8e8c-ea68-4b1c-8659-8d001c4f3b5c: start FollowerState
2019-10-17 07:43:22,255 [grpc-default-executor-0] INFO  impl.RoleInfo (RoleInfo.java:updateAndGet(143)) - 24020d0b-ce61-4f5a-b0b0-c561541e8cd4: start FollowerState
2019-10-17 07:43:22,256 [Thread-1340] INFO  impl.FollowerState (FollowerState.java:run(117)) - 24020d0b-ce61-4f5a-b0b0-c561541e8cd4@group-A9EE991D717F-FollowerState was interrupted: java.lang.InterruptedException: sleep interrupted
2019-10-17 07:43:22,270 [2a93f7e5-ecb9-41da-9c47-70e13ba76d7d@group-A9EE991D717F-LeaderElection138] INFO  impl.LeaderElection (LeaderElection.java:logAndReturn(56)) - 2a93f7e5-ecb9-41da-9c47-70e13ba76d7d@group-A9EE991D717F-LeaderElection138: Election REJECTED; received 2 response(s) [2a93f7e5-ecb9-41da-9c47-70e13ba76d7d<-37bd8e8c-ea68-4b1c-8659-8d001c4f3b5c#0:FAIL-t137, 2a93f7e5-ecb9-41da-9c47-70e13ba76d7d<-24020d0b-ce61-4f5a-b0b0-c561541e8cd4#0:FAIL-t137] and 0 exception(s); 2a93f7e5-ecb9-41da-9c47-70e13ba76d7d@group-A9EE991D717F:t137, leader=null, voted=2a93f7e5-ecb9-41da-9c47-70e13ba76d7d, raftlog=2a93f7e5-ecb9-41da-9c47-70e13ba76d7d@group-A9EE991D717F-SegmentedRaftLog:OPENED:c-1,f0,i0, conf=0: [37bd8e8c-ea68-4b1c-8659-8d001c4f3b5c:192.168.34.62:41632, 24020d0b-ce61-4f5a-b0b0-c561541e8cd4:192.168.34.62:42892, 2a93f7e5-ecb9-41da-9c47-70e13ba76d7d:192.168.34.62:35412], old=null
2019-10-17 07:43:22,270 [2a93f7e5-ecb9-41da-9c47-70e13ba76d7d@group-A9EE991D717F-LeaderElection138] INFO  impl.RaftServerImpl (RaftServerImpl.java:setRole(184)) - 2a93f7e5-ecb9-41da-9c47-70e13ba76d7d@group-A9EE991D717F: changes role from CANDIDATE to FOLLOWER at term 137 for DISCOVERED_A_NEW_TERM
2019-10-17 07:43:22,270 [2a93f7e5-ecb9-41da-9c47-70e13ba76d7d@group-A9EE991D717F-LeaderElection138] INFO  impl.RoleInfo (RoleInfo.java:shutdownLeaderElection(134)) - 2a93f7e5-ecb9-41da-9c47-70e13ba76d7d: shutdown LeaderElection
2019-10-17 07:43:22,271 [2a93f7e5-ecb9-41da-9c47-70e13ba76d7d@group-A9EE991D717F-LeaderElection138] INFO  impl.RoleInfo (RoleInfo.java:updateAndGet(143)) - 2a93f7e5-ecb9-41da-9c47-70e13ba76d7d: start FollowerState
2019-10-17 07:43:22,337 [Thread-1347] INFO  impl.FollowerState (FollowerState.java:run(108)) - 2a93f7e5-ecb9-41da-9c47-70e13ba76d7d@group-A9EE991D717F-FollowerState: change to CANDIDATE, lastRpcTime:66ms, electionTimeout:66ms
2019-10-17 07:43:22,337 [Thread-1347] INFO  impl.RoleInfo (RoleInfo.java:shutdownFollowerState(121)) - 2a93f7e5-ecb9-41da-9c47-70e13ba76d7d: shutdown FollowerState
2019-10-17 07:43:22,337 [Thread-1347] INFO  impl.RaftServerImpl (RaftServerImpl.java:setRole(184)) - 2a93f7e5-ecb9-41da-9c47-70e13ba76d7d@group-A9EE991D717F: changes role from  FOLLOWER to CANDIDATE at term 137 for changeToCandidate
2019-10-17 07:43:22,338 [Thread-1347] INFO  impl.RoleInfo (RoleInfo.java:updateAndGet(143)) - 2a93f7e5-ecb9-41da-9c47-70e13ba76d7d: start LeaderElection
2019-10-17 07:43:22,366 [2a93f7e5-ecb9-41da-9c47-70e13ba76d7d@group-A9EE991D717F-LeaderElection139] INFO  impl.LeaderElection (LeaderElection.java:askForVotes(178)) - 2a93f7e5-ecb9-41da-9c47-70e13ba76d7d@group-A9EE991D717F-LeaderElection139: begin an election at term 138 for 0: [37bd8e8c-ea68-4b1c-8659-8d001c4f3b5c:192.168.34.62:41632, 24020d0b-ce61-4f5a-b0b0-c561541e8cd4:192.168.34.62:42892, 2a93f7e5-ecb9-41da-9c47-70e13ba76d7d:192.168.34.62:35412], old=null
2019-10-17 07:43:22,368 [grpc-default-executor-0] INFO  impl.RaftServerImpl (RaftServerImpl.java:setRole(184)) - 37bd8e8c-ea68-4b1c-8659-8d001c4f3b5c@group-A9EE991D717F: changes role from  FOLLOWER to FOLLOWER at term 138 for recognizeCandidate:2a93f7e5-ecb9-41da-9c47-70e13ba76d7d
2019-10-17 07:43:22,368 [grpc-default-executor-0] INFO  impl.RoleInfo (RoleInfo.java:shutdownFollowerState(121)) - 37bd8e8c-ea68-4b1c-8659-8d001c4f3b5c: shutdown FollowerState
2019-10-17 07:43:22,369 [grpc-default-executor-0] INFO  impl.RoleInfo (RoleInfo.java:updateAndGet(143)) - 37bd8e8c-ea68-4b1c-8659-8d001c4f3b5c: start FollowerState
2019-10-17 07:43:22,369 [Thread-1345] INFO  impl.FollowerState (FollowerState.java:run(117)) - 37bd8e8c-ea68-4b1c-8659-8d001c4f3b5c@group-A9EE991D717F-FollowerState was interrupted: java.lang.InterruptedException: sleep interrupted
2019-10-17 07:43:22,369 [grpc-default-executor-1] INFO  impl.RaftServerImpl (RaftServerImpl.java:setRole(184)) - 24020d0b-ce61-4f5a-b0b0-c561541e8cd4@group-A9EE991D717F: changes role from  FOLLOWER to FOLLOWER at term 138 for recognizeCandidate:2a93f7e5-ecb9-41da-9c47-70e13ba76d7d
2019-10-17 07:43:22,369 [grpc-default-executor-1] INFO  impl.RoleInfo (RoleInfo.java:shutdownFollowerState(121)) - 24020d0b-ce61-4f5a-b0b0-c561541e8cd4: shutdown FollowerState
2019-10-17 07:43:22,369 [grpc-default-executor-1] INFO  impl.RoleInfo (RoleInfo.java:updateAndGet(143)) - 24020d0b-ce61-4f5a-b0b0-c561541e8cd4: start FollowerState
2019-10-17 07:43:22,370 [Thread-1346] INFO  impl.FollowerState (FollowerState.java:run(117)) - 24020d0b-ce61-4f5a-b0b0-c561541e8cd4@group-A9EE991D717F-FollowerState was interrupted: java.lang.InterruptedException: sleep interrupted
2019-10-17 07:43:22,383 [2a93f7e5-ecb9-41da-9c47-70e13ba76d7d@group-A9EE991D717F-LeaderElection139] INFO  impl.LeaderElection (LeaderElection.java:logAndReturn(56)) - 2a93f7e5-ecb9-41da-9c47-70e13ba76d7d@group-A9EE991D717F-LeaderElection139: Election REJECTED; received 2 response(s) [2a93f7e5-ecb9-41da-9c47-70e13ba76d7d<-37bd8e8c-ea68-4b1c-8659-8d001c4f3b5c#0:FAIL-t138, 2a93f7e5-ecb9-41da-9c47-70e13ba76d7d<-24020d0b-ce61-4f5a-b0b0-c561541e8cd4#0:FAIL-t138] and 0 exception(s); 2a93f7e5-ecb9-41da-9c47-70e13ba76d7d@group-A9EE991D717F:t138, leader=null, voted=2a93f7e5-ecb9-41da-9c47-70e13ba76d7d, raftlog=2a93f7e5-ecb9-41da-9c47-70e13ba76d7d@group-A9EE991D717F-SegmentedRaftLog:OPENED:c-1,f0,i0, conf=0: [37bd8e8c-ea68-4b1c-8659-8d001c4f3b5c:192.168.34.62:41632, 24020d0b-ce61-4f5a-b0b0-c561541e8cd4:192.168.34.62:42892, 2a93f7e5-ecb9-41da-9c47-70e13ba76d7d:192.168.34.62:35412], old=null
2019-10-17 07:43:22,383 [2a93f7e5-ecb9-41da-9c47-70e13ba76d7d@group-A9EE991D717F-LeaderElection139] INFO  impl.RaftServerImpl (RaftServerImpl.java:setRole(184)) - 2a93f7e5-ecb9-41da-9c47-70e13ba76d7d@group-A9EE991D717F: changes role from CANDIDATE to FOLLOWER at term 138 for DISCOVERED_A_NEW_TERM
2019-10-17 07:43:22,384 [2a93f7e5-ecb9-41da-9c47-70e13ba76d7d@group-A9EE991D717F-LeaderElection139] INFO  impl.RoleInfo (RoleInfo.java:shutdownLeaderElection(134)) - 2a93f7e5-ecb9-41da-9c47-70e13ba76d7d: shutdown LeaderElection
2019-10-17 07:43:22,384 [2a93f7e5-ecb9-41da-9c47-70e13ba76d7d@group-A9EE991D717F-LeaderElection139] INFO  impl.RoleInfo (RoleInfo.java:updateAndGet(143)) - 2a93f7e5-ecb9-41da-9c47-70e13ba76d7d: start FollowerState
2019-10-17 07:43:22,522 [Thread-1353] INFO  impl.FollowerState (FollowerState.java:run(108)) - 2a93f7e5-ecb9-41da-9c47-70e13ba76d7d@group-A9EE991D717F-FollowerState: change to CANDIDATE, lastRpcTime:138ms, electionTimeout:138ms
2019-10-17 07:43:22,522 [Thread-1353] INFO  impl.RoleInfo (RoleInfo.java:shutdownFollowerState(121)) - 2a93f7e5-ecb9-41da-9c47-70e13ba76d7d: shutdown FollowerState
2019-10-17 07:43:22,523 [Thread-1353] INFO  impl.RaftServerImpl (RaftServerImpl.java:setRole(184)) - 2a93f7e5-ecb9-41da-9c47-70e13ba76d7d@group-A9EE991D717F: changes role from  FOLLOWER to CANDIDATE at term 138 for changeToCandidate
2019-10-17 07:43:22,523 [Thread-1353] INFO  impl.RoleInfo (RoleInfo.java:updateAndGet(143)) - 2a93f7e5-ecb9-41da-9c47-70e13ba76d7d: start LeaderElection
2019-10-17 07:43:22,546 [2a93f7e5-ecb9-41da-9c47-70e13ba76d7d@group-A9EE991D717F-LeaderElection140] INFO  impl.LeaderElection (LeaderElection.java:askForVotes(178)) - 2a93f7e5-ecb9-41da-9c47-70e13ba76d7d@group-A9EE991D717F-LeaderElection140: begin an election at term 139 for 0: [37bd8e8c-ea68-4b1c-8659-8d001c4f3b5c:192.168.34.62:41632, 24020d0b-ce61-4f5a-b0b0-c561541e8cd4:192.168.34.62:42892, 2a93f7e5-ecb9-41da-9c47-70e13ba76d7d:192.168.34.62:35412], old=null
2019-10-17 07:43:22,549 [grpc-default-executor-0] INFO  impl.RaftServerImpl (RaftServerImpl.java:setRole(184)) - 37bd8e8c-ea68-4b1c-8659-8d001c4f3b5c@group-A9EE991D717F: changes role from  FOLLOWER to FOLLOWER at term 139 for recognizeCandidate:2a93f7e5-ecb9-41da-9c47-70e13ba76d7d
2019-10-17 07:43:22,549 [grpc-default-executor-0] INFO  impl.RoleInfo (RoleInfo.java:shutdownFollowerState(121)) - 37bd8e8c-ea68-4b1c-8659-8d001c4f3b5c: shutdown FollowerState
2019-10-17 07:43:22,549 [grpc-default-executor-0] INFO  impl.RoleInfo (RoleInfo.java:updateAndGet(143)) - 37bd8e8c-ea68-4b1c-8659-8d001c4f3b5c: start FollowerState
2019-10-17 07:43:22,549 [grpc-default-executor-1] INFO  impl.RaftServerImpl (RaftServerImpl.java:setRole(184)) - 24020d0b-ce61-4f5a-b0b0-c561541e8cd4@group-A9EE991D717F: changes role from  FOLLOWER to FOLLOWER at term 139 for recognizeCandidate:2a93f7e5-ecb9-41da-9c47-70e13ba76d7d
2019-10-17 07:43:22,550 [grpc-default-executor-1] INFO  impl.RoleInfo (RoleInfo.java:shutdownFollowerState(121)) - 24020d0b-ce61-4f5a-b0b0-c561541e8cd4: shutdown FollowerState
2019-10-17 07:43:22,549 [Thread-1351] INFO  impl.FollowerState (FollowerState.java:run(117)) - 37bd8e8c-ea68-4b1c-8659-8d001c4f3b5c@group-A9EE991D717F-FollowerState was interrupted: java.lang.InterruptedException: sleep interrupted
2019-10-17 07:43:22,550 [grpc-default-executor-1] INFO  impl.RoleInfo (RoleInfo.java:updateAndGet(143)) - 24020d0b-ce61-4f5a-b0b0-c561541e8cd4: start FollowerState
2019-10-17 07:43:22,550 [Thread-1352] INFO  impl.FollowerState (FollowerState.java:run(117)) - 24020d0b-ce61-4f5a-b0b0-c561541e8cd4@group-A9EE991D717F-FollowerState was interrupted: java.lang.InterruptedException: sleep interrupted
2019-10-17 07:43:22,552 [2a93f7e5-ecb9-41da-9c47-70e13ba76d7d@group-A9EE991D717F-LeaderElection140] INFO  impl.LeaderElection (LeaderElection.java:logAndReturn(56)) - 2a93f7e5-ecb9-41da-9c47-70e13ba76d7d@group-A9EE991D717F-LeaderElection140: Election TIMEOUT; received 0 response(s) [] and 0 exception(s); 2a93f7e5-ecb9-41da-9c47-70e13ba76d7d@group-A9EE991D717F:t139, leader=null, voted=2a93f7e5-ecb9-41da-9c47-70e13ba76d7d, raftlog=2a93f7e5-ecb9-41da-9c47-70e13ba76d7d@group-A9EE991D717F-SegmentedRaftLog:OPENED:c-1,f0,i0, conf=0: [37bd8e8c-ea68-4b1c-8659-8d001c4f3b5c:192.168.34.62:41632, 24020d0b-ce61-4f5a-b0b0-c561541e8cd4:192.168.34.62:42892, 2a93f7e5-ecb9-41da-9c47-70e13ba76d7d:192.168.34.62:35412], old=null
2019-10-17 07:43:22,572 [2a93f7e5-ecb9-41da-9c47-70e13ba76d7d@group-A9EE991D717F-LeaderElection140] INFO  impl.LeaderElection (LeaderElection.java:askForVotes(178)) - 2a93f7e5-ecb9-41da-9c47-70e13ba76d7d@group-A9EE991D717F-LeaderElection140: begin an election at term 140 for 0: [37bd8e8c-ea68-4b1c-8659-8d001c4f3b5c:192.168.34.62:41632, 24020d0b-ce61-4f5a-b0b0-c561541e8cd4:192.168.34.62:42892, 2a93f7e5-ecb9-41da-9c47-70e13ba76d7d:192.168.34.62:35412], old=null
2019-10-17 07:43:22,574 [grpc-default-executor-1] INFO  impl.RaftServerImpl (RaftServerImpl.java:setRole(184)) - 37bd8e8c-ea68-4b1c-8659-8d001c4f3b5c@group-A9EE991D717F: changes role from  FOLLOWER to FOLLOWER at term 140 for recognizeCandidate:2a93f7e5-ecb9-41da-9c47-70e13ba76d7d
2019-10-17 07:43:22,574 [grpc-default-executor-1] INFO  impl.RoleInfo (RoleInfo.java:shutdownFollowerState(121)) - 37bd8e8c-ea68-4b1c-8659-8d001c4f3b5c: shutdown FollowerState
2019-10-17 07:43:22,574 [grpc-default-executor-1] INFO  impl.RoleInfo (RoleInfo.java:updateAndGet(143)) - 37bd8e8c-ea68-4b1c-8659-8d001c4f3b5c: start FollowerState
2019-10-17 07:43:22,574 [Thread-1357] INFO  impl.FollowerState (FollowerState.java:run(117)) - 37bd8e8c-ea68-4b1c-8659-8d001c4f3b5c@group-A9EE991D717F-FollowerState was interrupted: java.lang.InterruptedException: sleep interrupted
2019-10-17 07:43:22,575 [grpc-default-executor-0] INFO  impl.RaftServerImpl (RaftServerImpl.java:setRole(184)) - 24020d0b-ce61-4f5a-b0b0-c561541e8cd4@group-A9EE991D717F: changes role from  FOLLOWER to FOLLOWER at term 140 for recognizeCandidate:2a93f7e5-ecb9-41da-9c47-70e13ba76d7d
2019-10-17 07:43:22,575 [grpc-default-executor-0] INFO  impl.RoleInfo (RoleInfo.java:shutdownFollowerState(121)) - 24020d0b-ce61-4f5a-b0b0-c561541e8cd4: shutdown FollowerState
2019-10-17 07:43:22,575 [grpc-default-executor-0] INFO  impl.RoleInfo (RoleInfo.java:updateAndGet(143)) - 24020d0b-ce61-4f5a-b0b0-c561541e8cd4: start FollowerState
2019-10-17 07:43:22,576 [Thread-1358] INFO  impl.FollowerState (FollowerState.java:run(117)) - 24020d0b-ce61-4f5a-b0b0-c561541e8cd4@group-A9EE991D717F-FollowerState was interrupted: java.lang.InterruptedException: sleep interrupted
2019-10-17 07:43:22,588 [2a93f7e5-ecb9-41da-9c47-70e13ba76d7d@group-A9EE991D717F-LeaderElection140] INFO  impl.LeaderElection (LeaderElection.java:logAndReturn(56)) - 2a93f7e5-ecb9-41da-9c47-70e13ba76d7d@group-A9EE991D717F-LeaderElection140: Election REJECTED; received 2 response(s) [2a93f7e5-ecb9-41da-9c47-70e13ba76d7d<-37bd8e8c-ea68-4b1c-8659-8d001c4f3b5c#0:FAIL-t140, 2a93f7e5-ecb9-41da-9c47-70e13ba76d7d<-24020d0b-ce61-4f5a-b0b0-c561541e8cd4#0:FAIL-t140] and 0 exception(s); 2a93f7e5-ecb9-41da-9c47-70e13ba76d7d@group-A9EE991D717F:t140, leader=null, voted=2a93f7e5-ecb9-41da-9c47-70e13ba76d7d, raftlog=2a93f7e5-ecb9-41da-9c47-70e13ba76d7d@group-A9EE991D717F-SegmentedRaftLog:OPENED:c-1,f0,i0, conf=0: [37bd8e8c-ea68-4b1c-8659-8d001c4f3b5c:192.168.34.62:41632, 24020d0b-ce61-4f5a-b0b0-c561541e8cd4:192.168.34.62:42892, 2a93f7e5-ecb9-41da-9c47-70e13ba76d7d:192.168.34.62:35412], old=null
2019-10-17 07:43:22,588 [2a93f7e5-ecb9-41da-9c47-70e13ba76d7d@group-A9EE991D717F-LeaderElection140] INFO  impl.RaftServerImpl (RaftServerImpl.java:setRole(184)) - 2a93f7e5-ecb9-41da-9c47-70e13ba76d7d@group-A9EE991D717F: changes role from CANDIDATE to FOLLOWER at term 140 for DISCOVERED_A_NEW_TERM
2019-10-17 07:43:22,588 [2a93f7e5-ecb9-41da-9c47-70e13ba76d7d@group-A9EE991D717F-LeaderElection140] INFO  impl.RoleInfo (RoleInfo.java:shutdownLeaderElection(134)) - 2a93f7e5-ecb9-41da-9c47-70e13ba76d7d: shutdown LeaderElection
2019-10-17 07:43:22,588 [2a93f7e5-ecb9-41da-9c47-70e13ba76d7d@group-A9EE991D717F-LeaderElection140] INFO  impl.RoleInfo (RoleInfo.java:updateAndGet(143)) - 2a93f7e5-ecb9-41da-9c47-70e13ba76d7d: start FollowerState
2019-10-17 07:43:22,610 [Thread-1363] INFO  impl.FollowerState (FollowerState.java:run(108)) - 2a93f7e5-ecb9-41da-9c47-70e13ba76d7d@group-A9EE991D717F-FollowerState: change to CANDIDATE, lastRpcTime:21ms, electionTimeout:21ms
2019-10-17 07:43:22,610 [Thread-1363] INFO  impl.RoleInfo (RoleInfo.java:shutdownFollowerState(121)) - 2a93f7e5-ecb9-41da-9c47-70e13ba76d7d: shutdown FollowerState
2019-10-17 07:43:22,610 [Thread-1363] INFO  impl.RaftServerImpl (RaftServerImpl.java:setRole(184)) - 2a93f7e5-ecb9-41da-9c47-70e13ba76d7d@group-A9EE991D717F: changes role from  FOLLOWER to CANDIDATE at term 140 for changeToCandidate
2019-10-17 07:43:22,611 [Thread-1363] INFO  impl.RoleInfo (RoleInfo.java:updateAndGet(143)) - 2a93f7e5-ecb9-41da-9c47-70e13ba76d7d: start LeaderElection
2019-10-17 07:43:22,656 [2a93f7e5-ecb9-41da-9c47-70e13ba76d7d@group-A9EE991D717F-LeaderElection141] INFO  impl.LeaderElection (LeaderElection.java:askForVotes(178)) - 2a93f7e5-ecb9-41da-9c47-70e13ba76d7d@group-A9EE991D717F-LeaderElection141: begin an election at term 141 for 0: [37bd8e8c-ea68-4b1c-8659-8d001c4f3b5c:192.168.34.62:41632, 24020d0b-ce61-4f5a-b0b0-c561541e8cd4:192.168.34.62:42892, 2a93f7e5-ecb9-41da-9c47-70e13ba76d7d:192.168.34.62:35412], old=null
2019-10-17 07:43:22,659 [grpc-default-executor-1] INFO  impl.RaftServerImpl (RaftServerImpl.java:setRole(184)) - 37bd8e8c-ea68-4b1c-8659-8d001c4f3b5c@group-A9EE991D717F: changes role from  FOLLOWER to FOLLOWER at term 141 for recognizeCandidate:2a93f7e5-ecb9-41da-9c47-70e13ba76d7d
2019-10-17 07:43:22,659 [grpc-default-executor-0] INFO  impl.RaftServerImpl (RaftServerImpl.java:setRole(184)) - 24020d0b-ce61-4f5a-b0b0-c561541e8cd4@group-A9EE991D717F: changes role from  FOLLOWER to FOLLOWER at term 141 for recognizeCandidate:2a93f7e5-ecb9-41da-9c47-70e13ba76d7d
2019-10-17 07:43:22,659 [grpc-default-executor-1] INFO  impl.RoleInfo (RoleInfo.java:shutdownFollowerState(121)) - 37bd8e8c-ea68-4b1c-8659-8d001c4f3b5c: shutdown FollowerState
2019-10-17 07:43:22,659 [grpc-default-executor-0] INFO  impl.RoleInfo (RoleInfo.java:shutdownFollowerState(121)) - 24020d0b-ce61-4f5a-b0b0-c561541e8cd4: shutdown FollowerState
2019-10-17 07:43:22,659 [grpc-default-executor-1] INFO  impl.RoleInfo (RoleInfo.java:updateAndGet(143)) - 37bd8e8c-ea68-4b1c-8659-8d001c4f3b5c: start FollowerState
2019-10-17 07:43:22,659 [grpc-default-executor-0] INFO  impl.RoleInfo (RoleInfo.java:updateAndGet(143)) - 24020d0b-ce61-4f5a-b0b0-c561541e8cd4: start FollowerState
2019-10-17 07:43:22,659 [Thread-1361] INFO  impl.FollowerState (FollowerState.java:run(117)) - 37bd8e8c-ea68-4b1c-8659-8d001c4f3b5c@group-A9EE991D717F-FollowerState was interrupted: java.lang.InterruptedException: sleep interrupted
2019-10-17 07:43:22,659 [Thread-1362] INFO  impl.FollowerState (FollowerState.java:run(117)) - 24020d0b-ce61-4f5a-b0b0-c561541e8cd4@group-A9EE991D717F-FollowerState was interrupted: java.lang.InterruptedException: sleep interrupted
2019-10-17 07:43:22,674 [2a93f7e5-ecb9-41da-9c47-70e13ba76d7d@group-A9EE991D717F-LeaderElection141] INFO  impl.LeaderElection (LeaderElection.java:logAndReturn(56)) - 2a93f7e5-ecb9-41da-9c47-70e13ba76d7d@group-A9EE991D717F-LeaderElection141: Election REJECTED; received 2 response(s) [2a93f7e5-ecb9-41da-9c47-70e13ba76d7d<-37bd8e8c-ea68-4b1c-8659-8d001c4f3b5c#0:FAIL-t141, 2a93f7e5-ecb9-41da-9c47-70e13ba76d7d<-24020d0b-ce61-4f5a-b0b0-c561541e8cd4#0:FAIL-t141] and 0 exception(s); 2a93f7e5-ecb9-41da-9c47-70e13ba76d7d@group-A9EE991D717F:t141, leader=null, voted=2a93f7e5-ecb9-41da-9c47-70e13ba76d7d, raftlog=2a93f7e5-ecb9-41da-9c47-70e13ba76d7d@group-A9EE991D717F-SegmentedRaftLog:OPENED:c-1,f0,i0, conf=0: [37bd8e8c-ea68-4b1c-8659-8d001c4f3b5c:192.168.34.62:41632, 24020d0b-ce61-4f5a-b0b0-c561541e8cd4:192.168.34.62:42892, 2a93f7e5-ecb9-41da-9c47-70e13ba76d7d:192.168.34.62:35412], old=null
2019-10-17 07:43:22,674 [2a93f7e5-ecb9-41da-9c47-70e13ba76d7d@group-A9EE991D717F-LeaderElection141] INFO  impl.RaftServerImpl (RaftServerImpl.java:setRole(184)) - 2a93f7e5-ecb9-41da-9c47-70e13ba76d7d@group-A9EE991D717F: changes role from CANDIDATE to FOLLOWER at term 141 for DISCOVERED_A_NEW_TERM
2019-10-17 07:43:22,675 [2a93f7e5-ecb9-41da-9c47-70e13ba76d7d@group-A9EE991D717F-LeaderElection141] INFO  impl.RoleInfo (RoleInfo.java:shutdownLeaderElection(134)) - 2a93f7e5-ecb9-41da-9c47-70e13ba76d7d: shutdown LeaderElection
2019-10-17 07:43:22,675 [2a93f7e5-ecb9-41da-9c47-70e13ba76d7d@group-A9EE991D717F-LeaderElection141] INFO  impl.RoleInfo (RoleInfo.java:updateAndGet(143)) - 2a93f7e5-ecb9-41da-9c47-70e13ba76d7d: start FollowerState
2019-10-17 07:43:22,820 [Thread-1369] INFO  impl.FollowerState (FollowerState.java:run(108)) - 2a93f7e5-ecb9-41da-9c47-70e13ba76d7d@group-A9EE991D717F-FollowerState: change to CANDIDATE, lastRpcTime:145ms, electionTimeout:145ms
2019-10-17 07:43:22,820 [Thread-1369] INFO  impl.RoleInfo (RoleInfo.java:shutdownFollowerState(121)) - 2a93f7e5-ecb9-41da-9c47-70e13ba76d7d: shutdown FollowerState
2019-10-17 07:43:22,820 [Thread-1369] INFO  impl.RaftServerImpl (RaftServerImpl.java:setRole(184)) - 2a93f7e5-ecb9-41da-9c47-70e13ba76d7d@group-A9EE991D717F: changes role from  FOLLOWER to CANDIDATE at term 141 for changeToCandidate
2019-10-17 07:43:22,821 [Thread-1369] INFO  impl.RoleInfo (RoleInfo.java:updateAndGet(143)) - 2a93f7e5-ecb9-41da-9c47-70e13ba76d7d: start LeaderElection
2019-10-17 07:43:22,845 [2a93f7e5-ecb9-41da-9c47-70e13ba76d7d@group-A9EE991D717F-LeaderElection142] INFO  impl.LeaderElection (LeaderElection.java:askForVotes(178)) - 2a93f7e5-ecb9-41da-9c47-70e13ba76d7d@group-A9EE991D717F-LeaderElection142: begin an election at term 142 for 0: [37bd8e8c-ea68-4b1c-8659-8d001c4f3b5c:192.168.34.62:41632, 24020d0b-ce61-4f5a-b0b0-c561541e8cd4:192.168.34.62:42892, 2a93f7e5-ecb9-41da-9c47-70e13ba76d7d:192.168.34.62:35412], old=null
2019-10-17 07:43:22,848 [grpc-default-executor-0] INFO  impl.RaftServerImpl (RaftServerImpl.java:setRole(184)) - 37bd8e8c-ea68-4b1c-8659-8d001c4f3b5c@group-A9EE991D717F: changes role from  FOLLOWER to FOLLOWER at term 142 for recognizeCandidate:2a93f7e5-ecb9-41da-9c47-70e13ba76d7d
2019-10-17 07:43:22,848 [grpc-default-executor-0] INFO  impl.RoleInfo (RoleInfo.java:shutdownFollowerState(121)) - 37bd8e8c-ea68-4b1c-8659-8d001c4f3b5c: shutdown FollowerState
2019-10-17 07:43:22,848 [grpc-default-executor-0] INFO  impl.RoleInfo (RoleInfo.java:updateAndGet(143)) - 37bd8e8c-ea68-4b1c-8659-8d001c4f3b5c: start FollowerState
2019-10-17 07:43:22,849 [Thread-1367] INFO  impl.FollowerState (FollowerState.java:run(117)) - 37bd8e8c-ea68-4b1c-8659-8d001c4f3b5c@group-A9EE991D717F-FollowerState was interrupted: java.lang.InterruptedException: sleep interrupted
2019-10-17 07:43:22,849 [grpc-default-executor-1] INFO  impl.RaftServerImpl (RaftServerImpl.java:setRole(184)) - 24020d0b-ce61-4f5a-b0b0-c561541e8cd4@group-A9EE991D717F: changes role from  FOLLOWER to FOLLOWER at term 142 for recognizeCandidate:2a93f7e5-ecb9-41da-9c47-70e13ba76d7d
2019-10-17 07:43:22,849 [grpc-default-executor-1] INFO  impl.RoleInfo (RoleInfo.java:shutdownFollowerState(121)) - 24020d0b-ce61-4f5a-b0b0-c561541e8cd4: shutdown FollowerState
2019-10-17 07:43:22,849 [grpc-default-executor-1] INFO  impl.RoleInfo (RoleInfo.java:updateAndGet(143)) - 24020d0b-ce61-4f5a-b0b0-c561541e8cd4: start FollowerState
2019-10-17 07:43:22,849 [Thread-1368] INFO  impl.FollowerState (FollowerState.java:run(117)) - 24020d0b-ce61-4f5a-b0b0-c561541e8cd4@group-A9EE991D717F-FollowerState was interrupted: java.lang.InterruptedException: sleep interrupted
2019-10-17 07:43:22,875 [2a93f7e5-ecb9-41da-9c47-70e13ba76d7d@group-A9EE991D717F-LeaderElection142] INFO  impl.LeaderElection (LeaderElection.java:logAndReturn(56)) - 2a93f7e5-ecb9-41da-9c47-70e13ba76d7d@group-A9EE991D717F-LeaderElection142: Election REJECTED; received 2 response(s) [2a93f7e5-ecb9-41da-9c47-70e13ba76d7d<-37bd8e8c-ea68-4b1c-8659-8d001c4f3b5c#0:FAIL-t142, 2a93f7e5-ecb9-41da-9c47-70e13ba76d7d<-24020d0b-ce61-4f5a-b0b0-c561541e8cd4#0:FAIL-t142] and 0 exception(s); 2a93f7e5-ecb9-41da-9c47-70e13ba76d7d@group-A9EE991D717F:t142, leader=null, voted=2a93f7e5-ecb9-41da-9c47-70e13ba76d7d, raftlog=2a93f7e5-ecb9-41da-9c47-70e13ba76d7d@group-A9EE991D717F-SegmentedRaftLog:OPENED:c-1,f0,i0, conf=0: [37bd8e8c-ea68-4b1c-8659-8d001c4f3b5c:192.168.34.62:41632, 24020d0b-ce61-4f5a-b0b0-c561541e8cd4:192.168.34.62:42892, 2a93f7e5-ecb9-41da-9c47-70e13ba76d7d:192.168.34.62:35412], old=null
2019-10-17 07:43:22,875 [2a93f7e5-ecb9-41da-9c47-70e13ba76d7d@group-A9EE991D717F-LeaderElection142] INFO  impl.RaftServerImpl (RaftServerImpl.java:setRole(184)) - 2a93f7e5-ecb9-41da-9c47-70e13ba76d7d@group-A9EE991D717F: changes role from CANDIDATE to FOLLOWER at term 142 for DISCOVERED_A_NEW_TERM
2019-10-17 07:43:22,876 [2a93f7e5-ecb9-41da-9c47-70e13ba76d7d@group-A9EE991D717F-LeaderElection142] INFO  impl.RoleInfo (RoleInfo.java:shutdownLeaderElection(134)) - 2a93f7e5-ecb9-41da-9c47-70e13ba76d7d: shutdown LeaderElection
2019-10-17 07:43:22,876 [2a93f7e5-ecb9-41da-9c47-70e13ba76d7d@group-A9EE991D717F-LeaderElection142] INFO  impl.RoleInfo (RoleInfo.java:updateAndGet(143)) - 2a93f7e5-ecb9-41da-9c47-70e13ba76d7d: start FollowerState
2019-10-17 07:43:23,023 [Thread-1375] INFO  impl.FollowerState (FollowerState.java:run(108)) - 2a93f7e5-ecb9-41da-9c47-70e13ba76d7d@group-A9EE991D717F-FollowerState: change to CANDIDATE, lastRpcTime:147ms, electionTimeout:147ms
2019-10-17 07:43:23,024 [Thread-1375] INFO  impl.RoleInfo (RoleInfo.java:shutdownFollowerState(121)) - 2a93f7e5-ecb9-41da-9c47-70e13ba76d7d: shutdown FollowerState
2019-10-17 07:43:23,024 [Thread-1375] INFO  impl.RaftServerImpl (RaftServerImpl.java:setRole(184)) - 2a93f7e5-ecb9-41da-9c47-70e13ba76d7d@group-A9EE991D717F: changes role from  FOLLOWER to CANDIDATE at term 142 for changeToCandidate
2019-10-17 07:43:23,024 [Thread-1375] INFO  impl.RoleInfo (RoleInfo.java:updateAndGet(143)) - 2a93f7e5-ecb9-41da-9c47-70e13ba76d7d: start LeaderElection
2019-10-17 07:43:23,049 [2a93f7e5-ecb9-41da-9c47-70e13ba76d7d@group-A9EE991D717F-LeaderElection143] INFO  impl.LeaderElection (LeaderElection.java:askForVotes(178)) - 2a93f7e5-ecb9-41da-9c47-70e13ba76d7d@group-A9EE991D717F-LeaderElection143: begin an election at term 143 for 0: [37bd8e8c-ea68-4b1c-8659-8d001c4f3b5c:192.168.34.62:41632, 24020d0b-ce61-4f5a-b0b0-c561541e8cd4:192.168.34.62:42892, 2a93f7e5-ecb9-41da-9c47-70e13ba76d7d:192.168.34.62:35412], old=null
2019-10-17 07:43:23,052 [grpc-default-executor-0] INFO  impl.RaftServerImpl (RaftServerImpl.java:setRole(184)) - 37bd8e8c-ea68-4b1c-8659-8d001c4f3b5c@group-A9EE991D717F: changes role from  FOLLOWER to FOLLOWER at term 143 for recognizeCandidate:2a93f7e5-ecb9-41da-9c47-70e13ba76d7d
2019-10-17 07:43:23,052 [grpc-default-executor-0] INFO  impl.RoleInfo (RoleInfo.java:shutdownFollowerState(121)) - 37bd8e8c-ea68-4b1c-8659-8d001c4f3b5c: shutdown FollowerState
2019-10-17 07:43:23,052 [grpc-default-executor-1] INFO  impl.RaftServerImpl (RaftServerImpl.java:setRole(184)) - 24020d0b-ce61-4f5a-b0b0-c561541e8cd4@group-A9EE991D717F: changes role from  FOLLOWER to FOLLOWER at term 143 for recognizeCandidate:2a93f7e5-ecb9-41da-9c47-70e13ba76d7d
2019-10-17 07:43:23,052 [Thread-1373] INFO  impl.FollowerState (FollowerState.java:run(117)) - 37bd8e8c-ea68-4b1c-8659-8d001c4f3b5c@group-A9EE991D717F-FollowerState was interrupted: java.lang.InterruptedException: sleep interrupted
2019-10-17 07:43:23,052 [grpc-default-executor-0] INFO  impl.RoleInfo (RoleInfo.java:updateAndGet(143)) - 37bd8e8c-ea68-4b1c-8659-8d001c4f3b5c: start FollowerState
2019-10-17 07:43:23,052 [grpc-default-executor-1] INFO  impl.RoleInfo (RoleInfo.java:shutdownFollowerState(121)) - 24020d0b-ce61-4f5a-b0b0-c561541e8cd4: shutdown FollowerState
2019-10-17 07:43:23,053 [grpc-default-executor-1] INFO  impl.RoleInfo (RoleInfo.java:updateAndGet(143)) - 24020d0b-ce61-4f5a-b0b0-c561541e8cd4: start FollowerState
2019-10-17 07:43:23,053 [Thread-1374] INFO  impl.FollowerState (FollowerState.java:run(117)) - 24020d0b-ce61-4f5a-b0b0-c561541e8cd4@group-A9EE991D717F-FollowerState was interrupted: java.lang.InterruptedException: sleep interrupted
2019-10-17 07:43:23,069 [2a93f7e5-ecb9-41da-9c47-70e13ba76d7d@group-A9EE991D717F-LeaderElection143] INFO  impl.LeaderElection (LeaderElection.java:logAndReturn(56)) - 2a93f7e5-ecb9-41da-9c47-70e13ba76d7d@group-A9EE991D717F-LeaderElection143: Election REJECTED; received 2 response(s) [2a93f7e5-ecb9-41da-9c47-70e13ba76d7d<-37bd8e8c-ea68-4b1c-8659-8d001c4f3b5c#0:FAIL-t143, 2a93f7e5-ecb9-41da-9c47-70e13ba76d7d<-24020d0b-ce61-4f5a-b0b0-c561541e8cd4#0:FAIL-t143] and 0 exception(s); 2a93f7e5-ecb9-41da-9c47-70e13ba76d7d@group-A9EE991D717F:t143, leader=null, voted=2a93f7e5-ecb9-41da-9c47-70e13ba76d7d, raftlog=2a93f7e5-ecb9-41da-9c47-70e13ba76d7d@group-A9EE991D717F-SegmentedRaftLog:OPENED:c-1,f0,i0, conf=0: [37bd8e8c-ea68-4b1c-8659-8d001c4f3b5c:192.168.34.62:41632, 24020d0b-ce61-4f5a-b0b0-c561541e8cd4:192.168.34.62:42892, 2a93f7e5-ecb9-41da-9c47-70e13ba76d7d:192.168.34.62:35412], old=null
2019-10-17 07:43:23,069 [2a93f7e5-ecb9-41da-9c47-70e13ba76d7d@group-A9EE991D717F-LeaderElection143] INFO  impl.RaftServerImpl (RaftServerImpl.java:setRole(184)) - 2a93f7e5-ecb9-41da-9c47-70e13ba76d7d@group-A9EE991D717F: changes role from CANDIDATE to FOLLOWER at term 143 for DISCOVERED_A_NEW_TERM
2019-10-17 07:43:23,069 [2a93f7e5-ecb9-41da-9c47-70e13ba76d7d@group-A9EE991D717F-LeaderElection143] INFO  impl.RoleInfo (RoleInfo.java:shutdownLeaderElection(134)) - 2a93f7e5-ecb9-41da-9c47-70e13ba76d7d: shutdown LeaderElection
2019-10-17 07:43:23,069 [2a93f7e5-ecb9-41da-9c47-70e13ba76d7d@group-A9EE991D717F-LeaderElection143] INFO  impl.RoleInfo (RoleInfo.java:updateAndGet(143)) - 2a93f7e5-ecb9-41da-9c47-70e13ba76d7d: start FollowerState
2019-10-17 07:43:23,096 [Thread-1381] INFO  impl.FollowerState (FollowerState.java:run(108)) - 2a93f7e5-ecb9-41da-9c47-70e13ba76d7d@group-A9EE991D717F-FollowerState: change to CANDIDATE, lastRpcTime:26ms, electionTimeout:26ms
2019-10-17 07:43:23,096 [Thread-1381] INFO  impl.RoleInfo (RoleInfo.java:shutdownFollowerState(121)) - 2a93f7e5-ecb9-41da-9c47-70e13ba76d7d: shutdown FollowerState
2019-10-17 07:43:23,096 [Thread-1381] INFO  impl.RaftServerImpl (RaftServerImpl.java:setRole(184)) - 2a93f7e5-ecb9-41da-9c47-70e13ba76d7d@group-A9EE991D717F: changes role from  FOLLOWER to CANDIDATE at term 143 for changeToCandidate
2019-10-17 07:43:23,096 [Thread-1381] INFO  impl.RoleInfo (RoleInfo.java:updateAndGet(143)) - 2a93f7e5-ecb9-41da-9c47-70e13ba76d7d: start LeaderElection
2019-10-17 07:43:23,113 [2a93f7e5-ecb9-41da-9c47-70e13ba76d7d@group-A9EE991D717F-LeaderElection144] INFO  impl.LeaderElection (LeaderElection.java:askForVotes(178)) - 2a93f7e5-ecb9-41da-9c47-70e13ba76d7d@group-A9EE991D717F-LeaderElection144: begin an election at term 144 for 0: [37bd8e8c-ea68-4b1c-8659-8d001c4f3b5c:192.168.34.62:41632, 24020d0b-ce61-4f5a-b0b0-c561541e8cd4:192.168.34.62:42892, 2a93f7e5-ecb9-41da-9c47-70e13ba76d7d:192.168.34.62:35412], old=null
2019-10-17 07:43:23,115 [grpc-default-executor-1] INFO  impl.RaftServerImpl (RaftServerImpl.java:setRole(184)) - 37bd8e8c-ea68-4b1c-8659-8d001c4f3b5c@group-A9EE991D717F: changes role from  FOLLOWER to FOLLOWER at term 144 for recognizeCandidate:2a93f7e5-ecb9-41da-9c47-70e13ba76d7d
2019-10-17 07:43:23,115 [grpc-default-executor-1] INFO  impl.RoleInfo (RoleInfo.java:shutdownFollowerState(121)) - 37bd8e8c-ea68-4b1c-8659-8d001c4f3b5c: shutdown FollowerState
2019-10-17 07:43:23,116 [grpc-default-executor-1] INFO  impl.RoleInfo (RoleInfo.java:updateAndGet(143)) - 37bd8e8c-ea68-4b1c-8659-8d001c4f3b5c: start FollowerState
2019-10-17 07:43:23,116 [Thread-1379] INFO  impl.FollowerState (FollowerState.java:run(117)) - 37bd8e8c-ea68-4b1c-8659-8d001c4f3b5c@group-A9EE991D717F-FollowerState was interrupted: java.lang.InterruptedException: sleep interrupted
2019-10-17 07:43:23,116 [grpc-default-executor-0] INFO  impl.RaftServerImpl (RaftServerImpl.java:setRole(184)) - 24020d0b-ce61-4f5a-b0b0-c561541e8cd4@group-A9EE991D717F: changes role from  FOLLOWER to FOLLOWER at term 144 for recognizeCandidate:2a93f7e5-ecb9-41da-9c47-70e13ba76d7d
2019-10-17 07:43:23,116 [grpc-default-executor-0] INFO  impl.RoleInfo (RoleInfo.java:shutdownFollowerState(121)) - 24020d0b-ce61-4f5a-b0b0-c561541e8cd4: shutdown FollowerState
2019-10-17 07:43:23,116 [grpc-default-executor-0] INFO  impl.RoleInfo (RoleInfo.java:updateAndGet(143)) - 24020d0b-ce61-4f5a-b0b0-c561541e8cd4: start FollowerState
2019-10-17 07:43:23,116 [Thread-1380] INFO  impl.FollowerState (FollowerState.java:run(117)) - 24020d0b-ce61-4f5a-b0b0-c561541e8cd4@group-A9EE991D717F-FollowerState was interrupted: java.lang.InterruptedException: sleep interrupted
2019-10-17 07:43:23,130 [2a93f7e5-ecb9-41da-9c47-70e13ba76d7d@group-A9EE991D717F-LeaderElection144] INFO  impl.LeaderElection (LeaderElection.java:logAndReturn(56)) - 2a93f7e5-ecb9-41da-9c47-70e13ba76d7d@group-A9EE991D717F-LeaderElection144: Election REJECTED; received 2 response(s) [2a93f7e5-ecb9-41da-9c47-70e13ba76d7d<-37bd8e8c-ea68-4b1c-8659-8d001c4f3b5c#0:FAIL-t144, 2a93f7e5-ecb9-41da-9c47-70e13ba76d7d<-24020d0b-ce61-4f5a-b0b0-c561541e8cd4#0:FAIL-t144] and 0 exception(s); 2a93f7e5-ecb9-41da-9c47-70e13ba76d7d@group-A9EE991D717F:t144, leader=null, voted=2a93f7e5-ecb9-41da-9c47-70e13ba76d7d, raftlog=2a93f7e5-ecb9-41da-9c47-70e13ba76d7d@group-A9EE991D717F-SegmentedRaftLog:OPENED:c-1,f0,i0, conf=0: [37bd8e8c-ea68-4b1c-8659-8d001c4f3b5c:192.168.34.62:41632, 24020d0b-ce61-4f5a-b0b0-c561541e8cd4:192.168.34.62:42892, 2a93f7e5-ecb9-41da-9c47-70e13ba76d7d:192.168.34.62:35412], old=null
2019-10-17 07:43:23,130 [2a93f7e5-ecb9-41da-9c47-70e13ba76d7d@group-A9EE991D717F-LeaderElection144] INFO  impl.RaftServerImpl (RaftServerImpl.java:setRole(184)) - 2a93f7e5-ecb9-41da-9c47-70e13ba76d7d@group-A9EE991D717F: changes role from CANDIDATE to FOLLOWER at term 144 for DISCOVERED_A_NEW_TERM
2019-10-17 07:43:23,131 [2a93f7e5-ecb9-41da-9c47-70e13ba76d7d@group-A9EE991D717F-LeaderElection144] INFO  impl.RoleInfo (RoleInfo.java:shutdownLeaderElection(134)) - 2a93f7e5-ecb9-41da-9c47-70e13ba76d7d: shutdown LeaderElection
2019-10-17 07:43:23,131 [2a93f7e5-ecb9-41da-9c47-70e13ba76d7d@group-A9EE991D717F-LeaderElection144] INFO  impl.RoleInfo (RoleInfo.java:updateAndGet(143)) - 2a93f7e5-ecb9-41da-9c47-70e13ba76d7d: start FollowerState
2019-10-17 07:43:23,190 [Thread-1387] INFO  impl.FollowerState (FollowerState.java:run(108)) - 2a93f7e5-ecb9-41da-9c47-70e13ba76d7d@group-A9EE991D717F-FollowerState: change to CANDIDATE, lastRpcTime:59ms, electionTimeout:59ms
2019-10-17 07:43:23,191 [Thread-1387] INFO  impl.RoleInfo (RoleInfo.java:shutdownFollowerState(121)) - 2a93f7e5-ecb9-41da-9c47-70e13ba76d7d: shutdown FollowerState
2019-10-17 07:43:23,191 [Thread-1387] INFO  impl.RaftServerImpl (RaftServerImpl.java:setRole(184)) - 2a93f7e5-ecb9-41da-9c47-70e13ba76d7d@group-A9EE991D717F: changes role from  FOLLOWER to CANDIDATE at term 144 for changeToCandidate
2019-10-17 07:43:23,191 [Thread-1387] INFO  impl.RoleInfo (RoleInfo.java:updateAndGet(143)) - 2a93f7e5-ecb9-41da-9c47-70e13ba76d7d: start LeaderElection
2019-10-17 07:43:23,215 [2a93f7e5-ecb9-41da-9c47-70e13ba76d7d@group-A9EE991D717F-LeaderElection145] INFO  impl.LeaderElection (LeaderElection.java:askForVotes(178)) - 2a93f7e5-ecb9-41da-9c47-70e13ba76d7d@group-A9EE991D717F-LeaderElection145: begin an election at term 145 for 0: [37bd8e8c-ea68-4b1c-8659-8d001c4f3b5c:192.168.34.62:41632, 24020d0b-ce61-4f5a-b0b0-c561541e8cd4:192.168.34.62:42892, 2a93f7e5-ecb9-41da-9c47-70e13ba76d7d:192.168.34.62:35412], old=null
2019-10-17 07:43:23,217 [grpc-default-executor-1] INFO  impl.RaftServerImpl (RaftServerImpl.java:setRole(184)) - 37bd8e8c-ea68-4b1c-8659-8d001c4f3b5c@group-A9EE991D717F: changes role from  FOLLOWER to FOLLOWER at term 145 for recognizeCandidate:2a93f7e5-ecb9-41da-9c47-70e13ba76d7d
2019-10-17 07:43:23,217 [grpc-default-executor-1] INFO  impl.RoleInfo (RoleInfo.java:shutdownFollowerState(121)) - 37bd8e8c-ea68-4b1c-8659-8d001c4f3b5c: shutdown FollowerState
2019-10-17 07:43:23,217 [grpc-default-executor-0] INFO  impl.RaftServerImpl (RaftServerImpl.java:setRole(184)) - 24020d0b-ce61-4f5a-b0b0-c561541e8cd4@group-A9EE991D717F: changes role from  FOLLOWER to FOLLOWER at term 145 for recognizeCandidate:2a93f7e5-ecb9-41da-9c47-70e13ba76d7d
2019-10-17 07:43:23,218 [grpc-default-executor-0] INFO  impl.RoleInfo (RoleInfo.java:shutdownFollowerState(121)) - 24020d0b-ce61-4f5a-b0b0-c561541e8cd4: shutdown FollowerState
2019-10-17 07:43:23,218 [Thread-1385] INFO  impl.FollowerState (FollowerState.java:run(117)) - 37bd8e8c-ea68-4b1c-8659-8d001c4f3b5c@group-A9EE991D717F-FollowerState was interrupted: java.lang.InterruptedException: sleep interrupted
2019-10-17 07:43:23,217 [grpc-default-executor-1] INFO  impl.RoleInfo (RoleInfo.java:updateAndGet(143)) - 37bd8e8c-ea68-4b1c-8659-8d001c4f3b5c: start FollowerState
2019-10-17 07:43:23,218 [Thread-1386] INFO  impl.FollowerState (FollowerState.java:run(117)) - 24020d0b-ce61-4f5a-b0b0-c561541e8cd4@group-A9EE991D717F-FollowerState was interrupted: java.lang.InterruptedException: sleep interrupted
2019-10-17 07:43:23,218 [grpc-default-executor-0] INFO  impl.RoleInfo (RoleInfo.java:updateAndGet(143)) - 24020d0b-ce61-4f5a-b0b0-c561541e8cd4: start FollowerState
2019-10-17 07:43:23,243 [2a93f7e5-ecb9-41da-9c47-70e13ba76d7d@group-A9EE991D717F-LeaderElection145] INFO  impl.LeaderElection (LeaderElection.java:logAndReturn(56)) - 2a93f7e5-ecb9-41da-9c47-70e13ba76d7d@group-A9EE991D717F-LeaderElection145: Election REJECTED; received 2 response(s) [2a93f7e5-ecb9-41da-9c47-70e13ba76d7d<-37bd8e8c-ea68-4b1c-8659-8d001c4f3b5c#0:FAIL-t145, 2a93f7e5-ecb9-41da-9c47-70e13ba76d7d<-24020d0b-ce61-4f5a-b0b0-c561541e8cd4#0:FAIL-t145] and 0 exception(s); 2a93f7e5-ecb9-41da-9c47-70e13ba76d7d@group-A9EE991D717F:t145, leader=null, voted=2a93f7e5-ecb9-41da-9c47-70e13ba76d7d, raftlog=2a93f7e5-ecb9-41da-9c47-70e13ba76d7d@group-A9EE991D717F-SegmentedRaftLog:OPENED:c-1,f0,i0, conf=0: [37bd8e8c-ea68-4b1c-8659-8d001c4f3b5c:192.168.34.62:41632, 24020d0b-ce61-4f5a-b0b0-c561541e8cd4:192.168.34.62:42892, 2a93f7e5-ecb9-41da-9c47-70e13ba76d7d:192.168.34.62:35412], old=null
2019-10-17 07:43:23,243 [2a93f7e5-ecb9-41da-9c47-70e13ba76d7d@group-A9EE991D717F-LeaderElection145] INFO  impl.RaftServerImpl (RaftServerImpl.java:setRole(184)) - 2a93f7e5-ecb9-41da-9c47-70e13ba76d7d@group-A9EE991D717F: changes role from CANDIDATE to FOLLOWER at term 145 for DISCOVERED_A_NEW_TERM
2019-10-17 07:43:23,243 [2a93f7e5-ecb9-41da-9c47-70e13ba76d7d@group-A9EE991D717F-LeaderElection145] INFO  impl.RoleInfo (RoleInfo.java:shutdownLeaderElection(134)) - 2a93f7e5-ecb9-41da-9c47-70e13ba76d7d: shutdown LeaderElection
2019-10-17 07:43:23,243 [2a93f7e5-ecb9-41da-9c47-70e13ba76d7d@group-A9EE991D717F-LeaderElection145] INFO  impl.RoleInfo (RoleInfo.java:updateAndGet(143)) - 2a93f7e5-ecb9-41da-9c47-70e13ba76d7d: start FollowerState
2019-10-17 07:43:23,282 [Thread-1393] INFO  impl.FollowerState (FollowerState.java:run(108)) - 2a93f7e5-ecb9-41da-9c47-70e13ba76d7d@group-A9EE991D717F-FollowerState: change to CANDIDATE, lastRpcTime:38ms, electionTimeout:38ms
2019-10-17 07:43:23,282 [Thread-1393] INFO  impl.RoleInfo (RoleInfo.java:shutdownFollowerState(121)) - 2a93f7e5-ecb9-41da-9c47-70e13ba76d7d: shutdown FollowerState
2019-10-17 07:43:23,282 [Thread-1393] INFO  impl.RaftServerImpl (RaftServerImpl.java:setRole(184)) - 2a93f7e5-ecb9-41da-9c47-70e13ba76d7d@group-A9EE991D717F: changes role from  FOLLOWER to CANDIDATE at term 145 for changeToCandidate
2019-10-17 07:43:23,282 [Thread-1393] INFO  impl.RoleInfo (RoleInfo.java:updateAndGet(143)) - 2a93f7e5-ecb9-41da-9c47-70e13ba76d7d: start LeaderElection
2019-10-17 07:43:23,306 [2a93f7e5-ecb9-41da-9c47-70e13ba76d7d@group-A9EE991D717F-LeaderElection146] INFO  impl.LeaderElection (LeaderElection.java:askForVotes(178)) - 2a93f7e5-ecb9-41da-9c47-70e13ba76d7d@group-A9EE991D717F-LeaderElection146: begin an election at term 146 for 0: [37bd8e8c-ea68-4b1c-8659-8d001c4f3b5c:192.168.34.62:41632, 24020d0b-ce61-4f5a-b0b0-c561541e8cd4:192.168.34.62:42892, 2a93f7e5-ecb9-41da-9c47-70e13ba76d7d:192.168.34.62:35412], old=null
2019-10-17 07:43:23,309 [grpc-default-executor-0] INFO  impl.RaftServerImpl (RaftServerImpl.java:setRole(184)) - 24020d0b-ce61-4f5a-b0b0-c561541e8cd4@group-A9EE991D717F: changes role from  FOLLOWER to FOLLOWER at term 146 for recognizeCandidate:2a93f7e5-ecb9-41da-9c47-70e13ba76d7d
2019-10-17 07:43:23,309 [grpc-default-executor-0] INFO  impl.RoleInfo (RoleInfo.java:shutdownFollowerState(121)) - 24020d0b-ce61-4f5a-b0b0-c561541e8cd4: shutdown FollowerState
2019-10-17 07:43:23,309 [grpc-default-executor-1] INFO  impl.RaftServerImpl (RaftServerImpl.java:setRole(184)) - 37bd8e8c-ea68-4b1c-8659-8d001c4f3b5c@group-A9EE991D717F: changes role from  FOLLOWER to FOLLOWER at term 146 for recognizeCandidate:2a93f7e5-ecb9-41da-9c47-70e13ba76d7d
2019-10-17 07:43:23,309 [Thread-1392] INFO  impl.FollowerState (FollowerState.java:run(117)) - 24020d0b-ce61-4f5a-b0b0-c561541e8cd4@group-A9EE991D717F-FollowerState was interrupted: java.lang.InterruptedException: sleep interrupted
2019-10-17 07:43:23,309 [grpc-default-executor-0] INFO  impl.RoleInfo (RoleInfo.java:updateAndGet(143)) - 24020d0b-ce61-4f5a-b0b0-c561541e8cd4: start FollowerState
2019-10-17 07:43:23,309 [grpc-default-executor-1] INFO  impl.RoleInfo (RoleInfo.java:shutdownFollowerState(121)) - 37bd8e8c-ea68-4b1c-8659-8d001c4f3b5c: shutdown FollowerState
2019-10-17 07:43:23,310 [grpc-default-executor-1] INFO  impl.RoleInfo (RoleInfo.java:updateAndGet(143)) - 37bd8e8c-ea68-4b1c-8659-8d001c4f3b5c: start FollowerState
2019-10-17 07:43:23,310 [Thread-1391] INFO  impl.FollowerState (FollowerState.java:run(117)) - 37bd8e8c-ea68-4b1c-8659-8d001c4f3b5c@group-A9EE991D717F-FollowerState was interrupted: java.lang.InterruptedException: sleep interrupted
2019-10-17 07:43:23,324 [2a93f7e5-ecb9-41da-9c47-70e13ba76d7d@group-A9EE991D717F-LeaderElection146] INFO  impl.LeaderElection (LeaderElection.java:logAndReturn(56)) - 2a93f7e5-ecb9-41da-9c47-70e13ba76d7d@group-A9EE991D717F-LeaderElection146: Election REJECTED; received 2 response(s) [2a93f7e5-ecb9-41da-9c47-70e13ba76d7d<-37bd8e8c-ea68-4b1c-8659-8d001c4f3b5c#0:FAIL-t146, 2a93f7e5-ecb9-41da-9c47-70e13ba76d7d<-24020d0b-ce61-4f5a-b0b0-c561541e8cd4#0:FAIL-t146] and 0 exception(s); 2a93f7e5-ecb9-41da-9c47-70e13ba76d7d@group-A9EE991D717F:t146, leader=null, voted=2a93f7e5-ecb9-41da-9c47-70e13ba76d7d, raftlog=2a93f7e5-ecb9-41da-9c47-70e13ba76d7d@group-A9EE991D717F-SegmentedRaftLog:OPENED:c-1,f0,i0, conf=0: [37bd8e8c-ea68-4b1c-8659-8d001c4f3b5c:192.168.34.62:41632, 24020d0b-ce61-4f5a-b0b0-c561541e8cd4:192.168.34.62:42892, 2a93f7e5-ecb9-41da-9c47-70e13ba76d7d:192.168.34.62:35412], old=null
2019-10-17 07:43:23,324 [2a93f7e5-ecb9-41da-9c47-70e13ba76d7d@group-A9EE991D717F-LeaderElection146] INFO  impl.RaftServerImpl (RaftServerImpl.java:setRole(184)) - 2a93f7e5-ecb9-41da-9c47-70e13ba76d7d@group-A9EE991D717F: changes role from CANDIDATE to FOLLOWER at term 146 for DISCOVERED_A_NEW_TERM
2019-10-17 07:43:23,324 [2a93f7e5-ecb9-41da-9c47-70e13ba76d7d@group-A9EE991D717F-LeaderElection146] INFO  impl.RoleInfo (RoleInfo.java:shutdownLeaderElection(134)) - 2a93f7e5-ecb9-41da-9c47-70e13ba76d7d: shutdown LeaderElection
2019-10-17 07:43:23,324 [2a93f7e5-ecb9-41da-9c47-70e13ba76d7d@group-A9EE991D717F-LeaderElection146] INFO  impl.RoleInfo (RoleInfo.java:updateAndGet(143)) - 2a93f7e5-ecb9-41da-9c47-70e13ba76d7d: start FollowerState
2019-10-17 07:43:23,339 [Thread-1399] INFO  impl.FollowerState (FollowerState.java:run(108)) - 2a93f7e5-ecb9-41da-9c47-70e13ba76d7d@group-A9EE991D717F-FollowerState: change to CANDIDATE, lastRpcTime:14ms, electionTimeout:14ms
2019-10-17 07:43:23,339 [Thread-1399] INFO  impl.RoleInfo (RoleInfo.java:shutdownFollowerState(121)) - 2a93f7e5-ecb9-41da-9c47-70e13ba76d7d: shutdown FollowerState
2019-10-17 07:43:23,339 [Thread-1399] INFO  impl.RaftServerImpl (RaftServerImpl.java:setRole(184)) - 2a93f7e5-ecb9-41da-9c47-70e13ba76d7d@group-A9EE991D717F: changes role from  FOLLOWER to CANDIDATE at term 146 for changeToCandidate
2019-10-17 07:43:23,339 [Thread-1399] INFO  impl.RoleInfo (RoleInfo.java:updateAndGet(143)) - 2a93f7e5-ecb9-41da-9c47-70e13ba76d7d: start LeaderElection
2019-10-17 07:43:23,360 [2a93f7e5-ecb9-41da-9c47-70e13ba76d7d@group-A9EE991D717F-LeaderElection147] INFO  impl.LeaderElection (LeaderElection.java:askForVotes(178)) - 2a93f7e5-ecb9-41da-9c47-70e13ba76d7d@group-A9EE991D717F-LeaderElection147: begin an election at term 147 for 0: [37bd8e8c-ea68-4b1c-8659-8d001c4f3b5c:192.168.34.62:41632, 24020d0b-ce61-4f5a-b0b0-c561541e8cd4:192.168.34.62:42892, 2a93f7e5-ecb9-41da-9c47-70e13ba76d7d:192.168.34.62:35412], old=null
2019-10-17 07:43:23,362 [grpc-default-executor-0] INFO  impl.RaftServerImpl (RaftServerImpl.java:setRole(184)) - 37bd8e8c-ea68-4b1c-8659-8d001c4f3b5c@group-A9EE991D717F: changes role from  FOLLOWER to FOLLOWER at term 147 for recognizeCandidate:2a93f7e5-ecb9-41da-9c47-70e13ba76d7d
2019-10-17 07:43:23,363 [grpc-default-executor-0] INFO  impl.RoleInfo (RoleInfo.java:shutdownFollowerState(121)) - 37bd8e8c-ea68-4b1c-8659-8d001c4f3b5c: shutdown FollowerState
2019-10-17 07:43:23,363 [grpc-default-executor-0] INFO  impl.RoleInfo (RoleInfo.java:updateAndGet(143)) - 37bd8e8c-ea68-4b1c-8659-8d001c4f3b5c: start FollowerState
2019-10-17 07:43:23,363 [Thread-1398] INFO  impl.FollowerState (FollowerState.java:run(117)) - 37bd8e8c-ea68-4b1c-8659-8d001c4f3b5c@group-A9EE991D717F-FollowerState was interrupted: java.lang.InterruptedException: sleep interrupted
2019-10-17 07:43:23,363 [grpc-default-executor-1] INFO  impl.RaftServerImpl (RaftServerImpl.java:setRole(184)) - 24020d0b-ce61-4f5a-b0b0-c561541e8cd4@group-A9EE991D717F: changes role from  FOLLOWER to FOLLOWER at term 147 for recognizeCandidate:2a93f7e5-ecb9-41da-9c47-70e13ba76d7d
2019-10-17 07:43:23,363 [grpc-default-executor-1] INFO  impl.RoleInfo (RoleInfo.java:shutdownFollowerState(121)) - 24020d0b-ce61-4f5a-b0b0-c561541e8cd4: shutdown FollowerState
2019-10-17 07:43:23,364 [grpc-default-executor-1] INFO  impl.RoleInfo (RoleInfo.java:updateAndGet(143)) - 24020d0b-ce61-4f5a-b0b0-c561541e8cd4: start FollowerState
2019-10-17 07:43:23,364 [Thread-1397] INFO  impl.FollowerState (FollowerState.java:run(117)) - 24020d0b-ce61-4f5a-b0b0-c561541e8cd4@group-A9EE991D717F-FollowerState was interrupted: java.lang.InterruptedException: sleep interrupted
2019-10-17 07:43:23,396 [2a93f7e5-ecb9-41da-9c47-70e13ba76d7d@group-A9EE991D717F-LeaderElection147] INFO  impl.LeaderElection (LeaderElection.java:logAndReturn(56)) - 2a93f7e5-ecb9-41da-9c47-70e13ba76d7d@group-A9EE991D717F-LeaderElection147: Election REJECTED; received 2 response(s) [2a93f7e5-ecb9-41da-9c47-70e13ba76d7d<-37bd8e8c-ea68-4b1c-8659-8d001c4f3b5c#0:FAIL-t147, 2a93f7e5-ecb9-41da-9c47-70e13ba76d7d<-24020d0b-ce61-4f5a-b0b0-c561541e8cd4#0:FAIL-t147] and 0 exception(s); 2a93f7e5-ecb9-41da-9c47-70e13ba76d7d@group-A9EE991D717F:t147, leader=null, voted=2a93f7e5-ecb9-41da-9c47-70e13ba76d7d, raftlog=2a93f7e5-ecb9-41da-9c47-70e13ba76d7d@group-A9EE991D717F-SegmentedRaftLog:OPENED:c-1,f0,i0, conf=0: [37bd8e8c-ea68-4b1c-8659-8d001c4f3b5c:192.168.34.62:41632, 24020d0b-ce61-4f5a-b0b0-c561541e8cd4:192.168.34.62:42892, 2a93f7e5-ecb9-41da-9c47-70e13ba76d7d:192.168.34.62:35412], old=null
2019-10-17 07:43:23,396 [2a93f7e5-ecb9-41da-9c47-70e13ba76d7d@group-A9EE991D717F-LeaderElection147] INFO  impl.RaftServerImpl (RaftServerImpl.java:setRole(184)) - 2a93f7e5-ecb9-41da-9c47-70e13ba76d7d@group-A9EE991D717F: changes role from CANDIDATE to FOLLOWER at term 147 for DISCOVERED_A_NEW_TERM
2019-10-17 07:43:23,396 [2a93f7e5-ecb9-41da-9c47-70e13ba76d7d@group-A9EE991D717F-LeaderElection147] INFO  impl.RoleInfo (RoleInfo.java:shutdownLeaderElection(134)) - 2a93f7e5-ecb9-41da-9c47-70e13ba76d7d: shutdown LeaderElection
2019-10-17 07:43:23,396 [2a93f7e5-ecb9-41da-9c47-70e13ba76d7d@group-A9EE991D717F-LeaderElection147] INFO  impl.RoleInfo (RoleInfo.java:updateAndGet(143)) - 2a93f7e5-ecb9-41da-9c47-70e13ba76d7d: start FollowerState
2019-10-17 07:43:23,590 [Thread-1405] INFO  impl.FollowerState (FollowerState.java:run(108)) - 2a93f7e5-ecb9-41da-9c47-70e13ba76d7d@group-A9EE991D717F-FollowerState: change to CANDIDATE, lastRpcTime:193ms, electionTimeout:193ms
2019-10-17 07:43:23,590 [Thread-1405] INFO  impl.RoleInfo (RoleInfo.java:shutdownFollowerState(121)) - 2a93f7e5-ecb9-41da-9c47-70e13ba76d7d: shutdown FollowerState
2019-10-17 07:43:23,590 [Thread-1405] INFO  impl.RaftServerImpl (RaftServerImpl.java:setRole(184)) - 2a93f7e5-ecb9-41da-9c47-70e13ba76d7d@group-A9EE991D717F: changes role from  FOLLOWER to CANDIDATE at term 147 for changeToCandidate
2019-10-17 07:43:23,590 [Thread-1405] INFO  impl.RoleInfo (RoleInfo.java:updateAndGet(143)) - 2a93f7e5-ecb9-41da-9c47-70e13ba76d7d: start LeaderElection
2019-10-17 07:43:23,615 [2a93f7e5-ecb9-41da-9c47-70e13ba76d7d@group-A9EE991D717F-LeaderElection148] INFO  impl.LeaderElection (LeaderElection.java:askForVotes(178)) - 2a93f7e5-ecb9-41da-9c47-70e13ba76d7d@group-A9EE991D717F-LeaderElection148: begin an election at term 148 for 0: [37bd8e8c-ea68-4b1c-8659-8d001c4f3b5c:192.168.34.62:41632, 24020d0b-ce61-4f5a-b0b0-c561541e8cd4:192.168.34.62:42892, 2a93f7e5-ecb9-41da-9c47-70e13ba76d7d:192.168.34.62:35412], old=null
2019-10-17 07:43:23,618 [grpc-default-executor-0] INFO  impl.RaftServerImpl (RaftServerImpl.java:setRole(184)) - 37bd8e8c-ea68-4b1c-8659-8d001c4f3b5c@group-A9EE991D717F: changes role from  FOLLOWER to FOLLOWER at term 148 for recognizeCandidate:2a93f7e5-ecb9-41da-9c47-70e13ba76d7d
2019-10-17 07:43:23,618 [grpc-default-executor-0] INFO  impl.RoleInfo (RoleInfo.java:shutdownFollowerState(121)) - 37bd8e8c-ea68-4b1c-8659-8d001c4f3b5c: shutdown FollowerState
2019-10-17 07:43:23,619 [grpc-default-executor-0] INFO  impl.RoleInfo (RoleInfo.java:updateAndGet(143)) - 37bd8e8c-ea68-4b1c-8659-8d001c4f3b5c: start FollowerState
2019-10-17 07:43:23,619 [Thread-1403] INFO  impl.FollowerState (FollowerState.java:run(117)) - 37bd8e8c-ea68-4b1c-8659-8d001c4f3b5c@group-A9EE991D717F-FollowerState was interrupted: java.lang.InterruptedException: sleep interrupted
2019-10-17 07:43:23,619 [grpc-default-executor-1] INFO  impl.RaftServerImpl (RaftServerImpl.java:setRole(184)) - 24020d0b-ce61-4f5a-b0b0-c561541e8cd4@group-A9EE991D717F: changes role from  FOLLOWER to FOLLOWER at term 148 for recognizeCandidate:2a93f7e5-ecb9-41da-9c47-70e13ba76d7d
2019-10-17 07:43:23,619 [grpc-default-executor-1] INFO  impl.RoleInfo (RoleInfo.java:shutdownFollowerState(121)) - 24020d0b-ce61-4f5a-b0b0-c561541e8cd4: shutdown FollowerState
2019-10-17 07:43:23,619 [grpc-default-executor-1] INFO  impl.RoleInfo (RoleInfo.java:updateAndGet(143)) - 24020d0b-ce61-4f5a-b0b0-c561541e8cd4: start FollowerState
2019-10-17 07:43:23,619 [Thread-1404] INFO  impl.FollowerState (FollowerState.java:run(117)) - 24020d0b-ce61-4f5a-b0b0-c561541e8cd4@group-A9EE991D717F-FollowerState was interrupted: java.lang.InterruptedException: sleep interrupted
2019-10-17 07:43:23,635 [2a93f7e5-ecb9-41da-9c47-70e13ba76d7d@group-A9EE991D717F-LeaderElection148] INFO  impl.LeaderElection (LeaderElection.java:logAndReturn(56)) - 2a93f7e5-ecb9-41da-9c47-70e13ba76d7d@group-A9EE991D717F-LeaderElection148: Election REJECTED; received 2 response(s) [2a93f7e5-ecb9-41da-9c47-70e13ba76d7d<-37bd8e8c-ea68-4b1c-8659-8d001c4f3b5c#0:FAIL-t148, 2a93f7e5-ecb9-41da-9c47-70e13ba76d7d<-24020d0b-ce61-4f5a-b0b0-c561541e8cd4#0:FAIL-t148] and 0 exception(s); 2a93f7e5-ecb9-41da-9c47-70e13ba76d7d@group-A9EE991D717F:t148, leader=null, voted=2a93f7e5-ecb9-41da-9c47-70e13ba76d7d, raftlog=2a93f7e5-ecb9-41da-9c47-70e13ba76d7d@group-A9EE991D717F-SegmentedRaftLog:OPENED:c-1,f0,i0, conf=0: [37bd8e8c-ea68-4b1c-8659-8d001c4f3b5c:192.168.34.62:41632, 24020d0b-ce61-4f5a-b0b0-c561541e8cd4:192.168.34.62:42892, 2a93f7e5-ecb9-41da-9c47-70e13ba76d7d:192.168.34.62:35412], old=null
2019-10-17 07:43:23,635 [2a93f7e5-ecb9-41da-9c47-70e13ba76d7d@group-A9EE991D717F-LeaderElection148] INFO  impl.RaftServerImpl (RaftServerImpl.java:setRole(184)) - 2a93f7e5-ecb9-41da-9c47-70e13ba76d7d@group-A9EE991D717F: changes role from CANDIDATE to FOLLOWER at term 148 for DISCOVERED_A_NEW_TERM
2019-10-17 07:43:23,636 [2a93f7e5-ecb9-41da-9c47-70e13ba76d7d@group-A9EE991D717F-LeaderElection148] INFO  impl.RoleInfo (RoleInfo.java:shutdownLeaderElection(134)) - 2a93f7e5-ecb9-41da-9c47-70e13ba76d7d: shutdown LeaderElection
2019-10-17 07:43:23,636 [2a93f7e5-ecb9-41da-9c47-70e13ba76d7d@group-A9EE991D717F-LeaderElection148] INFO  impl.RoleInfo (RoleInfo.java:updateAndGet(143)) - 2a93f7e5-ecb9-41da-9c47-70e13ba76d7d: start FollowerState
2019-10-17 07:43:23,757 [Thread-1411] INFO  impl.FollowerState (FollowerState.java:run(108)) - 2a93f7e5-ecb9-41da-9c47-70e13ba76d7d@group-A9EE991D717F-FollowerState: change to CANDIDATE, lastRpcTime:121ms, electionTimeout:121ms
2019-10-17 07:43:23,758 [Thread-1411] INFO  impl.RoleInfo (RoleInfo.java:shutdownFollowerState(121)) - 2a93f7e5-ecb9-41da-9c47-70e13ba76d7d: shutdown FollowerState
2019-10-17 07:43:23,758 [Thread-1411] INFO  impl.RaftServerImpl (RaftServerImpl.java:setRole(184)) - 2a93f7e5-ecb9-41da-9c47-70e13ba76d7d@group-A9EE991D717F: changes role from  FOLLOWER to CANDIDATE at term 148 for changeToCandidate
2019-10-17 07:43:23,758 [Thread-1411] INFO  impl.RoleInfo (RoleInfo.java:updateAndGet(143)) - 2a93f7e5-ecb9-41da-9c47-70e13ba76d7d: start LeaderElection
2019-10-17 07:43:23,793 [2a93f7e5-ecb9-41da-9c47-70e13ba76d7d@group-A9EE991D717F-LeaderElection149] INFO  impl.LeaderElection (LeaderElection.java:askForVotes(178)) - 2a93f7e5-ecb9-41da-9c47-70e13ba76d7d@group-A9EE991D717F-LeaderElection149: begin an election at term 149 for 0: [37bd8e8c-ea68-4b1c-8659-8d001c4f3b5c:192.168.34.62:41632, 24020d0b-ce61-4f5a-b0b0-c561541e8cd4:192.168.34.62:42892, 2a93f7e5-ecb9-41da-9c47-70e13ba76d7d:192.168.34.62:35412], old=null
2019-10-17 07:43:23,796 [grpc-default-executor-0] INFO  impl.RaftServerImpl (RaftServerImpl.java:setRole(184)) - 37bd8e8c-ea68-4b1c-8659-8d001c4f3b5c@group-A9EE991D717F: changes role from  FOLLOWER to FOLLOWER at term 149 for recognizeCandidate:2a93f7e5-ecb9-41da-9c47-70e13ba76d7d
2019-10-17 07:43:23,796 [grpc-default-executor-1] INFO  impl.RaftServerImpl (RaftServerImpl.java:setRole(184)) - 24020d0b-ce61-4f5a-b0b0-c561541e8cd4@group-A9EE991D717F: changes role from  FOLLOWER to FOLLOWER at term 149 for recognizeCandidate:2a93f7e5-ecb9-41da-9c47-70e13ba76d7d
2019-10-17 07:43:23,796 [grpc-default-executor-0] INFO  impl.RoleInfo (RoleInfo.java:shutdownFollowerState(121)) - 37bd8e8c-ea68-4b1c-8659-8d001c4f3b5c: shutdown FollowerState
2019-10-17 07:43:23,797 [grpc-default-executor-1] INFO  impl.RoleInfo (RoleInfo.java:shutdownFollowerState(121)) - 24020d0b-ce61-4f5a-b0b0-c561541e8cd4: shutdown FollowerState
2019-10-17 07:43:23,797 [Thread-1409] INFO  impl.FollowerState (FollowerState.java:run(117)) - 37bd8e8c-ea68-4b1c-8659-8d001c4f3b5c@group-A9EE991D717F-FollowerState was interrupted: java.lang.InterruptedException: sleep interrupted
2019-10-17 07:43:23,797 [grpc-default-executor-0] INFO  impl.RoleInfo (RoleInfo.java:updateAndGet(143)) - 37bd8e8c-ea68-4b1c-8659-8d001c4f3b5c: start FollowerState
2019-10-17 07:43:23,797 [Thread-1410] INFO  impl.FollowerState (FollowerState.java:run(117)) - 24020d0b-ce61-4f5a-b0b0-c561541e8cd4@group-A9EE991D717F-FollowerState was interrupted: java.lang.InterruptedException: sleep interrupted
2019-10-17 07:43:23,797 [grpc-default-executor-1] INFO  impl.RoleInfo (RoleInfo.java:updateAndGet(143)) - 24020d0b-ce61-4f5a-b0b0-c561541e8cd4: start FollowerState
2019-10-17 07:43:23,813 [2a93f7e5-ecb9-41da-9c47-70e13ba76d7d@group-A9EE991D717F-LeaderElection149] INFO  impl.LeaderElection (LeaderElection.java:logAndReturn(56)) - 2a93f7e5-ecb9-41da-9c47-70e13ba76d7d@group-A9EE991D717F-LeaderElection149: Election REJECTED; received 2 response(s) [2a93f7e5-ecb9-41da-9c47-70e13ba76d7d<-37bd8e8c-ea68-4b1c-8659-8d001c4f3b5c#0:FAIL-t149, 2a93f7e5-ecb9-41da-9c47-70e13ba76d7d<-24020d0b-ce61-4f5a-b0b0-c561541e8cd4#0:FAIL-t149] and 0 exception(s); 2a93f7e5-ecb9-41da-9c47-70e13ba76d7d@group-A9EE991D717F:t149, leader=null, voted=2a93f7e5-ecb9-41da-9c47-70e13ba76d7d, raftlog=2a93f7e5-ecb9-41da-9c47-70e13ba76d7d@group-A9EE991D717F-SegmentedRaftLog:OPENED:c-1,f0,i0, conf=0: [37bd8e8c-ea68-4b1c-8659-8d001c4f3b5c:192.168.34.62:41632, 24020d0b-ce61-4f5a-b0b0-c561541e8cd4:192.168.34.62:42892, 2a93f7e5-ecb9-41da-9c47-70e13ba76d7d:192.168.34.62:35412], old=null
2019-10-17 07:43:23,813 [2a93f7e5-ecb9-41da-9c47-70e13ba76d7d@group-A9EE991D717F-LeaderElection149] INFO  impl.RaftServerImpl (RaftServerImpl.java:setRole(184)) - 2a93f7e5-ecb9-41da-9c47-70e13ba76d7d@group-A9EE991D717F: changes role from CANDIDATE to FOLLOWER at term 149 for DISCOVERED_A_NEW_TERM
2019-10-17 07:43:23,814 [2a93f7e5-ecb9-41da-9c47-70e13ba76d7d@group-A9EE991D717F-LeaderElection149] INFO  impl.RoleInfo (RoleInfo.java:shutdownLeaderElection(134)) - 2a93f7e5-ecb9-41da-9c47-70e13ba76d7d: shutdown LeaderElection
2019-10-17 07:43:23,814 [2a93f7e5-ecb9-41da-9c47-70e13ba76d7d@group-A9EE991D717F-LeaderElection149] INFO  impl.RoleInfo (RoleInfo.java:updateAndGet(143)) - 2a93f7e5-ecb9-41da-9c47-70e13ba76d7d: start FollowerState
2019-10-17 07:43:23,941 [Thread-1417] INFO  impl.FollowerState (FollowerState.java:run(108)) - 2a93f7e5-ecb9-41da-9c47-70e13ba76d7d@group-A9EE991D717F-FollowerState: change to CANDIDATE, lastRpcTime:127ms, electionTimeout:126ms
2019-10-17 07:43:23,941 [Thread-1417] INFO  impl.RoleInfo (RoleInfo.java:shutdownFollowerState(121)) - 2a93f7e5-ecb9-41da-9c47-70e13ba76d7d: shutdown FollowerState
2019-10-17 07:43:23,941 [Thread-1417] INFO  impl.RaftServerImpl (RaftServerImpl.java:setRole(184)) - 2a93f7e5-ecb9-41da-9c47-70e13ba76d7d@group-A9EE991D717F: changes role from  FOLLOWER to CANDIDATE at term 149 for changeToCandidate
2019-10-17 07:43:23,941 [Thread-1417] INFO  impl.RoleInfo (RoleInfo.java:updateAndGet(143)) - 2a93f7e5-ecb9-41da-9c47-70e13ba76d7d: start LeaderElection
2019-10-17 07:43:23,957 [2a93f7e5-ecb9-41da-9c47-70e13ba76d7d@group-A9EE991D717F-LeaderElection150] INFO  impl.LeaderElection (LeaderElection.java:askForVotes(178)) - 2a93f7e5-ecb9-41da-9c47-70e13ba76d7d@group-A9EE991D717F-LeaderElection150: begin an election at term 150 for 0: [37bd8e8c-ea68-4b1c-8659-8d001c4f3b5c:192.168.34.62:41632, 24020d0b-ce61-4f5a-b0b0-c561541e8cd4:192.168.34.62:42892, 2a93f7e5-ecb9-41da-9c47-70e13ba76d7d:192.168.34.62:35412], old=null
2019-10-17 07:43:23,960 [grpc-default-executor-1] INFO  impl.RaftServerImpl (RaftServerImpl.java:setRole(184)) - 37bd8e8c-ea68-4b1c-8659-8d001c4f3b5c@group-A9EE991D717F: changes role from  FOLLOWER to FOLLOWER at term 150 for recognizeCandidate:2a93f7e5-ecb9-41da-9c47-70e13ba76d7d
2019-10-17 07:43:23,960 [grpc-default-executor-1] INFO  impl.RoleInfo (RoleInfo.java:shutdownFollowerState(121)) - 37bd8e8c-ea68-4b1c-8659-8d001c4f3b5c: shutdown FollowerState
2019-10-17 07:43:23,960 [grpc-default-executor-0] INFO  impl.RaftServerImpl (RaftServerImpl.java:setRole(184)) - 24020d0b-ce61-4f5a-b0b0-c561541e8cd4@group-A9EE991D717F: changes role from  FOLLOWER to FOLLOWER at term 150 for recognizeCandidate:2a93f7e5-ecb9-41da-9c47-70e13ba76d7d
2019-10-17 07:43:23,961 [grpc-default-executor-1] INFO  impl.RoleInfo (RoleInfo.java:updateAndGet(143)) - 37bd8e8c-ea68-4b1c-8659-8d001c4f3b5c: start FollowerState
2019-10-17 07:43:23,961 [grpc-default-executor-0] INFO  impl.RoleInfo (RoleInfo.java:shutdownFollowerState(121)) - 24020d0b-ce61-4f5a-b0b0-c561541e8cd4: shutdown FollowerState
2019-10-17 07:43:23,961 [Thread-1415] INFO  impl.FollowerState (FollowerState.java:run(117)) - 37bd8e8c-ea68-4b1c-8659-8d001c4f3b5c@group-A9EE991D717F-FollowerState was interrupted: java.lang.InterruptedException: sleep interrupted
2019-10-17 07:43:23,961 [Thread-1416] INFO  impl.FollowerState (FollowerState.java:run(117)) - 24020d0b-ce61-4f5a-b0b0-c561541e8cd4@group-A9EE991D717F-FollowerState was interrupted: java.lang.InterruptedException: sleep interrupted
2019-10-17 07:43:23,961 [grpc-default-executor-0] INFO  impl.RoleInfo (RoleInfo.java:updateAndGet(143)) - 24020d0b-ce61-4f5a-b0b0-c561541e8cd4: start FollowerState
2019-10-17 07:43:23,976 [2a93f7e5-ecb9-41da-9c47-70e13ba76d7d@group-A9EE991D717F-LeaderElection150] INFO  impl.LeaderElection (LeaderElection.java:logAndReturn(56)) - 2a93f7e5-ecb9-41da-9c47-70e13ba76d7d@group-A9EE991D717F-LeaderElection150: Election REJECTED; received 2 response(s) [2a93f7e5-ecb9-41da-9c47-70e13ba76d7d<-37bd8e8c-ea68-4b1c-8659-8d001c4f3b5c#0:FAIL-t150, 2a93f7e5-ecb9-41da-9c47-70e13ba76d7d<-24020d0b-ce61-4f5a-b0b0-c561541e8cd4#0:FAIL-t150] and 0 exception(s); 2a93f7e5-ecb9-41da-9c47-70e13ba76d7d@group-A9EE991D717F:t150, leader=null, voted=2a93f7e5-ecb9-41da-9c47-70e13ba76d7d, raftlog=2a93f7e5-ecb9-41da-9c47-70e13ba76d7d@group-A9EE991D717F-SegmentedRaftLog:OPENED:c-1,f0,i0, conf=0: [37bd8e8c-ea68-4b1c-8659-8d001c4f3b5c:192.168.34.62:41632, 24020d0b-ce61-4f5a-b0b0-c561541e8cd4:192.168.34.62:42892, 2a93f7e5-ecb9-41da-9c47-70e13ba76d7d:192.168.34.62:35412], old=null
2019-10-17 07:43:23,977 [2a93f7e5-ecb9-41da-9c47-70e13ba76d7d@group-A9EE991D717F-LeaderElection150] INFO  impl.RaftServerImpl (RaftServerImpl.java:setRole(184)) - 2a93f7e5-ecb9-41da-9c47-70e13ba76d7d@group-A9EE991D717F: changes role from CANDIDATE to FOLLOWER at term 150 for DISCOVERED_A_NEW_TERM
2019-10-17 07:43:23,977 [2a93f7e5-ecb9-41da-9c47-70e13ba76d7d@group-A9EE991D717F-LeaderElection150] INFO  impl.RoleInfo (RoleInfo.java:shutdownLeaderElection(134)) - 2a93f7e5-ecb9-41da-9c47-70e13ba76d7d: shutdown LeaderElection
2019-10-17 07:43:23,977 [2a93f7e5-ecb9-41da-9c47-70e13ba76d7d@group-A9EE991D717F-LeaderElection150] INFO  impl.RoleInfo (RoleInfo.java:updateAndGet(143)) - 2a93f7e5-ecb9-41da-9c47-70e13ba76d7d: start FollowerState
2019-10-17 07:43:24,007 [Thread-1423] INFO  impl.FollowerState (FollowerState.java:run(108)) - 2a93f7e5-ecb9-41da-9c47-70e13ba76d7d@group-A9EE991D717F-FollowerState: change to CANDIDATE, lastRpcTime:30ms, electionTimeout:30ms
2019-10-17 07:43:24,007 [Thread-1423] INFO  impl.RoleInfo (RoleInfo.java:shutdownFollowerState(121)) - 2a93f7e5-ecb9-41da-9c47-70e13ba76d7d: shutdown FollowerState
2019-10-17 07:43:24,008 [Thread-1423] INFO  impl.RaftServerImpl (RaftServerImpl.java:setRole(184)) - 2a93f7e5-ecb9-41da-9c47-70e13ba76d7d@group-A9EE991D717F: changes role from  FOLLOWER to CANDIDATE at term 150 for changeToCandidate
2019-10-17 07:43:24,008 [Thread-1423] INFO  impl.RoleInfo (RoleInfo.java:updateAndGet(143)) - 2a93f7e5-ecb9-41da-9c47-70e13ba76d7d: start LeaderElection
2019-10-17 07:43:24,032 [2a93f7e5-ecb9-41da-9c47-70e13ba76d7d@group-A9EE991D717F-LeaderElection151] INFO  impl.LeaderElection (LeaderElection.java:askForVotes(178)) - 2a93f7e5-ecb9-41da-9c47-70e13ba76d7d@group-A9EE991D717F-LeaderElection151: begin an election at term 151 for 0: [37bd8e8c-ea68-4b1c-8659-8d001c4f3b5c:192.168.34.62:41632, 24020d0b-ce61-4f5a-b0b0-c561541e8cd4:192.168.34.62:42892, 2a93f7e5-ecb9-41da-9c47-70e13ba76d7d:192.168.34.62:35412], old=null
2019-10-17 07:43:24,034 [grpc-default-executor-0] INFO  impl.RaftServerImpl (RaftServerImpl.java:setRole(184)) - 37bd8e8c-ea68-4b1c-8659-8d001c4f3b5c@group-A9EE991D717F: changes role from  FOLLOWER to FOLLOWER at term 151 for recognizeCandidate:2a93f7e5-ecb9-41da-9c47-70e13ba76d7d
2019-10-17 07:43:24,035 [grpc-default-executor-0] INFO  impl.RoleInfo (RoleInfo.java:shutdownFollowerState(121)) - 37bd8e8c-ea68-4b1c-8659-8d001c4f3b5c: shutdown FollowerState
2019-10-17 07:43:24,035 [grpc-default-executor-1] INFO  impl.RaftServerImpl (RaftServerImpl.java:setRole(184)) - 24020d0b-ce61-4f5a-b0b0-c561541e8cd4@group-A9EE991D717F: changes role from  FOLLOWER to FOLLOWER at term 151 for recognizeCandidate:2a93f7e5-ecb9-41da-9c47-70e13ba76d7d
2019-10-17 07:43:24,035 [Thread-1421] INFO  impl.FollowerState (FollowerState.java:run(117)) - 37bd8e8c-ea68-4b1c-8659-8d001c4f3b5c@group-A9EE991D717F-FollowerState was interrupted: java.lang.InterruptedException: sleep interrupted
2019-10-17 07:43:24,035 [grpc-default-executor-0] INFO  impl.RoleInfo (RoleInfo.java:updateAndGet(143)) - 37bd8e8c-ea68-4b1c-8659-8d001c4f3b5c: start FollowerState
2019-10-17 07:43:24,035 [grpc-default-executor-1] INFO  impl.RoleInfo (RoleInfo.java:shutdownFollowerState(121)) - 24020d0b-ce61-4f5a-b0b0-c561541e8cd4: shutdown FollowerState
2019-10-17 07:43:24,035 [grpc-default-executor-1] INFO  impl.RoleInfo (RoleInfo.java:updateAndGet(143)) - 24020d0b-ce61-4f5a-b0b0-c561541e8cd4: start FollowerState
2019-10-17 07:43:24,035 [Thread-1422] INFO  impl.FollowerState (FollowerState.java:run(117)) - 24020d0b-ce61-4f5a-b0b0-c561541e8cd4@group-A9EE991D717F-FollowerState was interrupted: java.lang.InterruptedException: sleep interrupted
2019-10-17 07:43:24,059 [2a93f7e5-ecb9-41da-9c47-70e13ba76d7d@group-A9EE991D717F-LeaderElection151] INFO  impl.LeaderElection (LeaderElection.java:logAndReturn(56)) - 2a93f7e5-ecb9-41da-9c47-70e13ba76d7d@group-A9EE991D717F-LeaderElection151: Election REJECTED; received 2 response(s) [2a93f7e5-ecb9-41da-9c47-70e13ba76d7d<-37bd8e8c-ea68-4b1c-8659-8d001c4f3b5c#0:FAIL-t151, 2a93f7e5-ecb9-41da-9c47-70e13ba76d7d<-24020d0b-ce61-4f5a-b0b0-c561541e8cd4#0:FAIL-t151] and 0 exception(s); 2a93f7e5-ecb9-41da-9c47-70e13ba76d7d@group-A9EE991D717F:t151, leader=null, voted=2a93f7e5-ecb9-41da-9c47-70e13ba76d7d, raftlog=2a93f7e5-ecb9-41da-9c47-70e13ba76d7d@group-A9EE991D717F-SegmentedRaftLog:OPENED:c-1,f0,i0, conf=0: [37bd8e8c-ea68-4b1c-8659-8d001c4f3b5c:192.168.34.62:41632, 24020d0b-ce61-4f5a-b0b0-c561541e8cd4:192.168.34.62:42892, 2a93f7e5-ecb9-41da-9c47-70e13ba76d7d:192.168.34.62:35412], old=null
2019-10-17 07:43:24,060 [2a93f7e5-ecb9-41da-9c47-70e13ba76d7d@group-A9EE991D717F-LeaderElection151] INFO  impl.RaftServerImpl (RaftServerImpl.java:setRole(184)) - 2a93f7e5-ecb9-41da-9c47-70e13ba76d7d@group-A9EE991D717F: changes role from CANDIDATE to FOLLOWER at term 151 for DISCOVERED_A_NEW_TERM
2019-10-17 07:43:24,060 [2a93f7e5-ecb9-41da-9c47-70e13ba76d7d@group-A9EE991D717F-LeaderElection151] INFO  impl.RoleInfo (RoleInfo.java:shutdownLeaderElection(134)) - 2a93f7e5-ecb9-41da-9c47-70e13ba76d7d: shutdown LeaderElection
2019-10-17 07:43:24,060 [2a93f7e5-ecb9-41da-9c47-70e13ba76d7d@group-A9EE991D717F-LeaderElection151] INFO  impl.RoleInfo (RoleInfo.java:updateAndGet(143)) - 2a93f7e5-ecb9-41da-9c47-70e13ba76d7d: start FollowerState
2019-10-17 07:43:24,200 [Thread-1429] INFO  impl.FollowerState (FollowerState.java:run(108)) - 2a93f7e5-ecb9-41da-9c47-70e13ba76d7d@group-A9EE991D717F-FollowerState: change to CANDIDATE, lastRpcTime:140ms, electionTimeout:140ms
2019-10-17 07:43:24,200 [Thread-1429] INFO  impl.RoleInfo (RoleInfo.java:shutdownFollowerState(121)) - 2a93f7e5-ecb9-41da-9c47-70e13ba76d7d: shutdown FollowerState
2019-10-17 07:43:24,200 [Thread-1429] INFO  impl.RaftServerImpl (RaftServerImpl.java:setRole(184)) - 2a93f7e5-ecb9-41da-9c47-70e13ba76d7d@group-A9EE991D717F: changes role from  FOLLOWER to CANDIDATE at term 151 for changeToCandidate
2019-10-17 07:43:24,200 [Thread-1429] INFO  impl.RoleInfo (RoleInfo.java:updateAndGet(143)) - 2a93f7e5-ecb9-41da-9c47-70e13ba76d7d: start LeaderElection
2019-10-17 07:43:24,214 [2a93f7e5-ecb9-41da-9c47-70e13ba76d7d@group-A9EE991D717F-LeaderElection152] INFO  impl.LeaderElection (LeaderElection.java:askForVotes(178)) - 2a93f7e5-ecb9-41da-9c47-70e13ba76d7d@group-A9EE991D717F-LeaderElection152: begin an election at term 152 for 0: [37bd8e8c-ea68-4b1c-8659-8d001c4f3b5c:192.168.34.62:41632, 24020d0b-ce61-4f5a-b0b0-c561541e8cd4:192.168.34.62:42892, 2a93f7e5-ecb9-41da-9c47-70e13ba76d7d:192.168.34.62:35412], old=null
2019-10-17 07:43:24,216 [grpc-default-executor-1] INFO  impl.RaftServerImpl (RaftServerImpl.java:setRole(184)) - 37bd8e8c-ea68-4b1c-8659-8d001c4f3b5c@group-A9EE991D717F: changes role from  FOLLOWER to FOLLOWER at term 152 for recognizeCandidate:2a93f7e5-ecb9-41da-9c47-70e13ba76d7d
2019-10-17 07:43:24,217 [grpc-default-executor-1] INFO  impl.RoleInfo (RoleInfo.java:shutdownFollowerState(121)) - 37bd8e8c-ea68-4b1c-8659-8d001c4f3b5c: shutdown FollowerState
2019-10-17 07:43:24,217 [grpc-default-executor-0] INFO  impl.RaftServerImpl (RaftServerImpl.java:setRole(184)) - 24020d0b-ce61-4f5a-b0b0-c561541e8cd4@group-A9EE991D717F: changes role from  FOLLOWER to FOLLOWER at term 152 for recognizeCandidate:2a93f7e5-ecb9-41da-9c47-70e13ba76d7d
2019-10-17 07:43:24,217 [Thread-1427] INFO  impl.FollowerState (FollowerState.java:run(117)) - 37bd8e8c-ea68-4b1c-8659-8d001c4f3b5c@group-A9EE991D717F-FollowerState was interrupted: java.lang.InterruptedException: sleep interrupted
2019-10-17 07:43:24,217 [grpc-default-executor-1] INFO  impl.RoleInfo (RoleInfo.java:updateAndGet(143)) - 37bd8e8c-ea68-4b1c-8659-8d001c4f3b5c: start FollowerState
2019-10-17 07:43:24,217 [grpc-default-executor-0] INFO  impl.RoleInfo (RoleInfo.java:shutdownFollowerState(121)) - 24020d0b-ce61-4f5a-b0b0-c561541e8cd4: shutdown FollowerState
2019-10-17 07:43:24,218 [grpc-default-executor-0] INFO  impl.RoleInfo (RoleInfo.java:updateAndGet(143)) - 24020d0b-ce61-4f5a-b0b0-c561541e8cd4: start FollowerState
2019-10-17 07:43:24,218 [Thread-1428] INFO  impl.FollowerState (FollowerState.java:run(117)) - 24020d0b-ce61-4f5a-b0b0-c561541e8cd4@group-A9EE991D717F-FollowerState was interrupted: java.lang.InterruptedException: sleep interrupted
2019-10-17 07:43:24,244 [2a93f7e5-ecb9-41da-9c47-70e13ba76d7d@group-A9EE991D717F-LeaderElection152] INFO  impl.LeaderElection (LeaderElection.java:logAndReturn(56)) - 2a93f7e5-ecb9-41da-9c47-70e13ba76d7d@group-A9EE991D717F-LeaderElection152: Election REJECTED; received 2 response(s) [2a93f7e5-ecb9-41da-9c47-70e13ba76d7d<-37bd8e8c-ea68-4b1c-8659-8d001c4f3b5c#0:FAIL-t152, 2a93f7e5-ecb9-41da-9c47-70e13ba76d7d<-24020d0b-ce61-4f5a-b0b0-c561541e8cd4#0:FAIL-t152] and 0 exception(s); 2a93f7e5-ecb9-41da-9c47-70e13ba76d7d@group-A9EE991D717F:t152, leader=null, voted=2a93f7e5-ecb9-41da-9c47-70e13ba76d7d, raftlog=2a93f7e5-ecb9-41da-9c47-70e13ba76d7d@group-A9EE991D717F-SegmentedRaftLog:OPENED:c-1,f0,i0, conf=0: [37bd8e8c-ea68-4b1c-8659-8d001c4f3b5c:192.168.34.62:41632, 24020d0b-ce61-4f5a-b0b0-c561541e8cd4:192.168.34.62:42892, 2a93f7e5-ecb9-41da-9c47-70e13ba76d7d:192.168.34.62:35412], old=null
2019-10-17 07:43:24,244 [2a93f7e5-ecb9-41da-9c47-70e13ba76d7d@group-A9EE991D717F-LeaderElection152] INFO  impl.RaftServerImpl (RaftServerImpl.java:setRole(184)) - 2a93f7e5-ecb9-41da-9c47-70e13ba76d7d@group-A9EE991D717F: changes role from CANDIDATE to FOLLOWER at term 152 for DISCOVERED_A_NEW_TERM
2019-10-17 07:43:24,245 [2a93f7e5-ecb9-41da-9c47-70e13ba76d7d@group-A9EE991D717F-LeaderElection152] INFO  impl.RoleInfo (RoleInfo.java:shutdownLeaderElection(134)) - 2a93f7e5-ecb9-41da-9c47-70e13ba76d7d: shutdown LeaderElection
2019-10-17 07:43:24,245 [2a93f7e5-ecb9-41da-9c47-70e13ba76d7d@group-A9EE991D717F-LeaderElection152] INFO  impl.RoleInfo (RoleInfo.java:updateAndGet(143)) - 2a93f7e5-ecb9-41da-9c47-70e13ba76d7d: start FollowerState
2019-10-17 07:43:24,365 [Thread-1435] INFO  impl.FollowerState (FollowerState.java:run(108)) - 2a93f7e5-ecb9-41da-9c47-70e13ba76d7d@group-A9EE991D717F-FollowerState: change to CANDIDATE, lastRpcTime:120ms, electionTimeout:120ms
2019-10-17 07:43:24,365 [Thread-1435] INFO  impl.RoleInfo (RoleInfo.java:shutdownFollowerState(121)) - 2a93f7e5-ecb9-41da-9c47-70e13ba76d7d: shutdown FollowerState
2019-10-17 07:43:24,366 [Thread-1435] INFO  impl.RaftServerImpl (RaftServerImpl.java:setRole(184)) - 2a93f7e5-ecb9-41da-9c47-70e13ba76d7d@group-A9EE991D717F: changes role from  FOLLOWER to CANDIDATE at term 152 for changeToCandidate
2019-10-17 07:43:24,366 [Thread-1435] INFO  impl.RoleInfo (RoleInfo.java:updateAndGet(143)) - 2a93f7e5-ecb9-41da-9c47-70e13ba76d7d: start LeaderElection
2019-10-17 07:43:24,390 [2a93f7e5-ecb9-41da-9c47-70e13ba76d7d@group-A9EE991D717F-LeaderElection153] INFO  impl.LeaderElection (LeaderElection.java:askForVotes(178)) - 2a93f7e5-ecb9-41da-9c47-70e13ba76d7d@group-A9EE991D717F-LeaderElection153: begin an election at term 153 for 0: [37bd8e8c-ea68-4b1c-8659-8d001c4f3b5c:192.168.34.62:41632, 24020d0b-ce61-4f5a-b0b0-c561541e8cd4:192.168.34.62:42892, 2a93f7e5-ecb9-41da-9c47-70e13ba76d7d:192.168.34.62:35412], old=null
2019-10-17 07:43:24,393 [grpc-default-executor-1] INFO  impl.RaftServerImpl (RaftServerImpl.java:setRole(184)) - 37bd8e8c-ea68-4b1c-8659-8d001c4f3b5c@group-A9EE991D717F: changes role from  FOLLOWER to FOLLOWER at term 153 for recognizeCandidate:2a93f7e5-ecb9-41da-9c47-70e13ba76d7d
2019-10-17 07:43:24,393 [grpc-default-executor-1] INFO  impl.RoleInfo (RoleInfo.java:shutdownFollowerState(121)) - 37bd8e8c-ea68-4b1c-8659-8d001c4f3b5c: shutdown FollowerState
2019-10-17 07:43:24,393 [grpc-default-executor-1] INFO  impl.RoleInfo (RoleInfo.java:updateAndGet(143)) - 37bd8e8c-ea68-4b1c-8659-8d001c4f3b5c: start FollowerState
2019-10-17 07:43:24,393 [Thread-1433] INFO  impl.FollowerState (FollowerState.java:run(117)) - 37bd8e8c-ea68-4b1c-8659-8d001c4f3b5c@group-A9EE991D717F-FollowerState was interrupted: java.lang.InterruptedException: sleep interrupted
2019-10-17 07:43:24,393 [grpc-default-executor-0] INFO  impl.RaftServerImpl (RaftServerImpl.java:setRole(184)) - 24020d0b-ce61-4f5a-b0b0-c561541e8cd4@group-A9EE991D717F: changes role from  FOLLOWER to FOLLOWER at term 153 for recognizeCandidate:2a93f7e5-ecb9-41da-9c47-70e13ba76d7d
2019-10-17 07:43:24,394 [grpc-default-executor-0] INFO  impl.RoleInfo (RoleInfo.java:shutdownFollowerState(121)) - 24020d0b-ce61-4f5a-b0b0-c561541e8cd4: shutdown FollowerState
2019-10-17 07:43:24,394 [grpc-default-executor-0] INFO  impl.RoleInfo (RoleInfo.java:updateAndGet(143)) - 24020d0b-ce61-4f5a-b0b0-c561541e8cd4: start FollowerState
2019-10-17 07:43:24,394 [Thread-1434] INFO  impl.FollowerState (FollowerState.java:run(117)) - 24020d0b-ce61-4f5a-b0b0-c561541e8cd4@group-A9EE991D717F-FollowerState was interrupted: java.lang.InterruptedException: sleep interrupted
2019-10-17 07:43:24,417 [2a93f7e5-ecb9-41da-9c47-70e13ba76d7d@group-A9EE991D717F-LeaderElection153] INFO  impl.LeaderElection (LeaderElection.java:logAndReturn(56)) - 2a93f7e5-ecb9-41da-9c47-70e13ba76d7d@group-A9EE991D717F-LeaderElection153: Election REJECTED; received 2 response(s) [2a93f7e5-ecb9-41da-9c47-70e13ba76d7d<-37bd8e8c-ea68-4b1c-8659-8d001c4f3b5c#0:FAIL-t153, 2a93f7e5-ecb9-41da-9c47-70e13ba76d7d<-24020d0b-ce61-4f5a-b0b0-c561541e8cd4#0:FAIL-t153] and 0 exception(s); 2a93f7e5-ecb9-41da-9c47-70e13ba76d7d@group-A9EE991D717F:t153, leader=null, voted=2a93f7e5-ecb9-41da-9c47-70e13ba76d7d, raftlog=2a93f7e5-ecb9-41da-9c47-70e13ba76d7d@group-A9EE991D717F-SegmentedRaftLog:OPENED:c-1,f0,i0, conf=0: [37bd8e8c-ea68-4b1c-8659-8d001c4f3b5c:192.168.34.62:41632, 24020d0b-ce61-4f5a-b0b0-c561541e8cd4:192.168.34.62:42892, 2a93f7e5-ecb9-41da-9c47-70e13ba76d7d:192.168.34.62:35412], old=null
2019-10-17 07:43:24,417 [2a93f7e5-ecb9-41da-9c47-70e13ba76d7d@group-A9EE991D717F-LeaderElection153] INFO  impl.RaftServerImpl (RaftServerImpl.java:setRole(184)) - 2a93f7e5-ecb9-41da-9c47-70e13ba76d7d@group-A9EE991D717F: changes role from CANDIDATE to FOLLOWER at term 153 for DISCOVERED_A_NEW_TERM
2019-10-17 07:43:24,418 [2a93f7e5-ecb9-41da-9c47-70e13ba76d7d@group-A9EE991D717F-LeaderElection153] INFO  impl.RoleInfo (RoleInfo.java:shutdownLeaderElection(134)) - 2a93f7e5-ecb9-41da-9c47-70e13ba76d7d: shutdown LeaderElection
2019-10-17 07:43:24,418 [2a93f7e5-ecb9-41da-9c47-70e13ba76d7d@group-A9EE991D717F-LeaderElection153] INFO  impl.RoleInfo (RoleInfo.java:updateAndGet(143)) - 2a93f7e5-ecb9-41da-9c47-70e13ba76d7d: start FollowerState
2019-10-17 07:43:24,436 [Thread-1441] INFO  impl.FollowerState (FollowerState.java:run(108)) - 2a93f7e5-ecb9-41da-9c47-70e13ba76d7d@group-A9EE991D717F-FollowerState: change to CANDIDATE, lastRpcTime:18ms, electionTimeout:18ms
2019-10-17 07:43:24,436 [Thread-1441] INFO  impl.RoleInfo (RoleInfo.java:shutdownFollowerState(121)) - 2a93f7e5-ecb9-41da-9c47-70e13ba76d7d: shutdown FollowerState
2019-10-17 07:43:24,436 [Thread-1441] INFO  impl.RaftServerImpl (RaftServerImpl.java:setRole(184)) - 2a93f7e5-ecb9-41da-9c47-70e13ba76d7d@group-A9EE991D717F: changes role from  FOLLOWER to CANDIDATE at term 153 for changeToCandidate
2019-10-17 07:43:24,437 [Thread-1441] INFO  impl.RoleInfo (RoleInfo.java:updateAndGet(143)) - 2a93f7e5-ecb9-41da-9c47-70e13ba76d7d: start LeaderElection
2019-10-17 07:43:24,453 [2a93f7e5-ecb9-41da-9c47-70e13ba76d7d@group-A9EE991D717F-LeaderElection154] INFO  impl.LeaderElection (LeaderElection.java:askForVotes(178)) - 2a93f7e5-ecb9-41da-9c47-70e13ba76d7d@group-A9EE991D717F-LeaderElection154: begin an election at term 154 for 0: [37bd8e8c-ea68-4b1c-8659-8d001c4f3b5c:192.168.34.62:41632, 24020d0b-ce61-4f5a-b0b0-c561541e8cd4:192.168.34.62:42892, 2a93f7e5-ecb9-41da-9c47-70e13ba76d7d:192.168.34.62:35412], old=null
2019-10-17 07:43:24,455 [grpc-default-executor-0] INFO  impl.RaftServerImpl (RaftServerImpl.java:setRole(184)) - 37bd8e8c-ea68-4b1c-8659-8d001c4f3b5c@group-A9EE991D717F: changes role from  FOLLOWER to FOLLOWER at term 154 for recognizeCandidate:2a93f7e5-ecb9-41da-9c47-70e13ba76d7d
2019-10-17 07:43:24,455 [grpc-default-executor-0] INFO  impl.RoleInfo (RoleInfo.java:shutdownFollowerState(121)) - 37bd8e8c-ea68-4b1c-8659-8d001c4f3b5c: shutdown FollowerState
2019-10-17 07:43:24,455 [grpc-default-executor-0] INFO  impl.RoleInfo (RoleInfo.java:updateAndGet(143)) - 37bd8e8c-ea68-4b1c-8659-8d001c4f3b5c: start FollowerState
2019-10-17 07:43:24,455 [Thread-1439] INFO  impl.FollowerState (FollowerState.java:run(117)) - 37bd8e8c-ea68-4b1c-8659-8d001c4f3b5c@group-A9EE991D717F-FollowerState was interrupted: java.lang.InterruptedException: sleep interrupted
2019-10-17 07:43:24,456 [grpc-default-executor-1] INFO  impl.RaftServerImpl (RaftServerImpl.java:setRole(184)) - 24020d0b-ce61-4f5a-b0b0-c561541e8cd4@group-A9EE991D717F: changes role from  FOLLOWER to FOLLOWER at term 154 for recognizeCandidate:2a93f7e5-ecb9-41da-9c47-70e13ba76d7d
2019-10-17 07:43:24,456 [grpc-default-executor-1] INFO  impl.RoleInfo (RoleInfo.java:shutdownFollowerState(121)) - 24020d0b-ce61-4f5a-b0b0-c561541e8cd4: shutdown FollowerState
2019-10-17 07:43:24,456 [grpc-default-executor-1] INFO  impl.RoleInfo (RoleInfo.java:updateAndGet(143)) - 24020d0b-ce61-4f5a-b0b0-c561541e8cd4: start FollowerState
2019-10-17 07:43:24,456 [Thread-1440] INFO  impl.FollowerState (FollowerState.java:run(117)) - 24020d0b-ce61-4f5a-b0b0-c561541e8cd4@group-A9EE991D717F-FollowerState was interrupted: java.lang.InterruptedException: sleep interrupted
2019-10-17 07:43:24,478 [2a93f7e5-ecb9-41da-9c47-70e13ba76d7d@group-A9EE991D717F-LeaderElection154] INFO  impl.LeaderElection (LeaderElection.java:logAndReturn(56)) - 2a93f7e5-ecb9-41da-9c47-70e13ba76d7d@group-A9EE991D717F-LeaderElection154: Election REJECTED; received 2 response(s) [2a93f7e5-ecb9-41da-9c47-70e13ba76d7d<-37bd8e8c-ea68-4b1c-8659-8d001c4f3b5c#0:FAIL-t154, 2a93f7e5-ecb9-41da-9c47-70e13ba76d7d<-24020d0b-ce61-4f5a-b0b0-c561541e8cd4#0:FAIL-t154] and 0 exception(s); 2a93f7e5-ecb9-41da-9c47-70e13ba76d7d@group-A9EE991D717F:t154, leader=null, voted=2a93f7e5-ecb9-41da-9c47-70e13ba76d7d, raftlog=2a93f7e5-ecb9-41da-9c47-70e13ba76d7d@group-A9EE991D717F-SegmentedRaftLog:OPENED:c-1,f0,i0, conf=0: [37bd8e8c-ea68-4b1c-8659-8d001c4f3b5c:192.168.34.62:41632, 24020d0b-ce61-4f5a-b0b0-c561541e8cd4:192.168.34.62:42892, 2a93f7e5-ecb9-41da-9c47-70e13ba76d7d:192.168.34.62:35412], old=null
2019-10-17 07:43:24,479 [2a93f7e5-ecb9-41da-9c47-70e13ba76d7d@group-A9EE991D717F-LeaderElection154] INFO  impl.RaftServerImpl (RaftServerImpl.java:setRole(184)) - 2a93f7e5-ecb9-41da-9c47-70e13ba76d7d@group-A9EE991D717F: changes role from CANDIDATE to FOLLOWER at term 154 for DISCOVERED_A_NEW_TERM
2019-10-17 07:43:24,479 [2a93f7e5-ecb9-41da-9c47-70e13ba76d7d@group-A9EE991D717F-LeaderElection154] INFO  impl.RoleInfo (RoleInfo.java:shutdownLeaderElection(134)) - 2a93f7e5-ecb9-41da-9c47-70e13ba76d7d: shutdown LeaderElection
2019-10-17 07:43:24,479 [2a93f7e5-ecb9-41da-9c47-70e13ba76d7d@group-A9EE991D717F-LeaderElection154] INFO  impl.RoleInfo (RoleInfo.java:updateAndGet(143)) - 2a93f7e5-ecb9-41da-9c47-70e13ba76d7d: start FollowerState
2019-10-17 07:43:24,533 [Thread-1447] INFO  impl.FollowerState (FollowerState.java:run(108)) - 2a93f7e5-ecb9-41da-9c47-70e13ba76d7d@group-A9EE991D717F-FollowerState: change to CANDIDATE, lastRpcTime:54ms, electionTimeout:54ms
2019-10-17 07:43:24,534 [Thread-1447] INFO  impl.RoleInfo (RoleInfo.java:shutdownFollowerState(121)) - 2a93f7e5-ecb9-41da-9c47-70e13ba76d7d: shutdown FollowerState
2019-10-17 07:43:24,534 [Thread-1447] INFO  impl.RaftServerImpl (RaftServerImpl.java:setRole(184)) - 2a93f7e5-ecb9-41da-9c47-70e13ba76d7d@group-A9EE991D717F: changes role from  FOLLOWER to CANDIDATE at term 154 for changeToCandidate
2019-10-17 07:43:24,534 [Thread-1447] INFO  impl.RoleInfo (RoleInfo.java:updateAndGet(143)) - 2a93f7e5-ecb9-41da-9c47-70e13ba76d7d: start LeaderElection
2019-10-17 07:43:24,558 [2a93f7e5-ecb9-41da-9c47-70e13ba76d7d@group-A9EE991D717F-LeaderElection155] INFO  impl.LeaderElection (LeaderElection.java:askForVotes(178)) - 2a93f7e5-ecb9-41da-9c47-70e13ba76d7d@group-A9EE991D717F-LeaderElection155: begin an election at term 155 for 0: [37bd8e8c-ea68-4b1c-8659-8d001c4f3b5c:192.168.34.62:41632, 24020d0b-ce61-4f5a-b0b0-c561541e8cd4:192.168.34.62:42892, 2a93f7e5-ecb9-41da-9c47-70e13ba76d7d:192.168.34.62:35412], old=null
2019-10-17 07:43:24,560 [grpc-default-executor-1] INFO  impl.RaftServerImpl (RaftServerImpl.java:setRole(184)) - 37bd8e8c-ea68-4b1c-8659-8d001c4f3b5c@group-A9EE991D717F: changes role from  FOLLOWER to FOLLOWER at term 155 for recognizeCandidate:2a93f7e5-ecb9-41da-9c47-70e13ba76d7d
2019-10-17 07:43:24,561 [grpc-default-executor-1] INFO  impl.RoleInfo (RoleInfo.java:shutdownFollowerState(121)) - 37bd8e8c-ea68-4b1c-8659-8d001c4f3b5c: shutdown FollowerState
2019-10-17 07:43:24,560 [grpc-default-executor-0] INFO  impl.RaftServerImpl (RaftServerImpl.java:setRole(184)) - 24020d0b-ce61-4f5a-b0b0-c561541e8cd4@group-A9EE991D717F: changes role from  FOLLOWER to FOLLOWER at term 155 for recognizeCandidate:2a93f7e5-ecb9-41da-9c47-70e13ba76d7d
2019-10-17 07:43:24,561 [grpc-default-executor-0] INFO  impl.RoleInfo (RoleInfo.java:shutdownFollowerState(121)) - 24020d0b-ce61-4f5a-b0b0-c561541e8cd4: shutdown FollowerState
2019-10-17 07:43:24,561 [Thread-1445] INFO  impl.FollowerState (FollowerState.java:run(117)) - 37bd8e8c-ea68-4b1c-8659-8d001c4f3b5c@group-A9EE991D717F-FollowerState was interrupted: java.lang.InterruptedException: sleep interrupted
2019-10-17 07:43:24,561 [grpc-default-executor-1] INFO  impl.RoleInfo (RoleInfo.java:updateAndGet(143)) - 37bd8e8c-ea68-4b1c-8659-8d001c4f3b5c: start FollowerState
2019-10-17 07:43:24,561 [Thread-1446] INFO  impl.FollowerState (FollowerState.java:run(117)) - 24020d0b-ce61-4f5a-b0b0-c561541e8cd4@group-A9EE991D717F-FollowerState was interrupted: java.lang.InterruptedException: sleep interrupted
2019-10-17 07:43:24,561 [grpc-default-executor-0] INFO  impl.RoleInfo (RoleInfo.java:updateAndGet(143)) - 24020d0b-ce61-4f5a-b0b0-c561541e8cd4: start FollowerState
2019-10-17 07:43:24,581 [2a93f7e5-ecb9-41da-9c47-70e13ba76d7d@group-A9EE991D717F-LeaderElection155] INFO  impl.LeaderElection (LeaderElection.java:logAndReturn(56)) - 2a93f7e5-ecb9-41da-9c47-70e13ba76d7d@group-A9EE991D717F-LeaderElection155: Election REJECTED; received 2 response(s) [2a93f7e5-ecb9-41da-9c47-70e13ba76d7d<-37bd8e8c-ea68-4b1c-8659-8d001c4f3b5c#0:FAIL-t155, 2a93f7e5-ecb9-41da-9c47-70e13ba76d7d<-24020d0b-ce61-4f5a-b0b0-c561541e8cd4#0:FAIL-t155] and 0 exception(s); 2a93f7e5-ecb9-41da-9c47-70e13ba76d7d@group-A9EE991D717F:t155, leader=null, voted=2a93f7e5-ecb9-41da-9c47-70e13ba76d7d, raftlog=2a93f7e5-ecb9-41da-9c47-70e13ba76d7d@group-A9EE991D717F-SegmentedRaftLog:OPENED:c-1,f0,i0, conf=0: [37bd8e8c-ea68-4b1c-8659-8d001c4f3b5c:192.168.34.62:41632, 24020d0b-ce61-4f5a-b0b0-c561541e8cd4:192.168.34.62:42892, 2a93f7e5-ecb9-41da-9c47-70e13ba76d7d:192.168.34.62:35412], old=null
2019-10-17 07:43:24,581 [2a93f7e5-ecb9-41da-9c47-70e13ba76d7d@group-A9EE991D717F-LeaderElection155] INFO  impl.RaftServerImpl (RaftServerImpl.java:setRole(184)) - 2a93f7e5-ecb9-41da-9c47-70e13ba76d7d@group-A9EE991D717F: changes role from CANDIDATE to FOLLOWER at term 155 for DISCOVERED_A_NEW_TERM
2019-10-17 07:43:24,582 [2a93f7e5-ecb9-41da-9c47-70e13ba76d7d@group-A9EE991D717F-LeaderElection155] INFO  impl.RoleInfo (RoleInfo.java:shutdownLeaderElection(134)) - 2a93f7e5-ecb9-41da-9c47-70e13ba76d7d: shutdown LeaderElection
2019-10-17 07:43:24,582 [2a93f7e5-ecb9-41da-9c47-70e13ba76d7d@group-A9EE991D717F-LeaderElection155] INFO  impl.RoleInfo (RoleInfo.java:updateAndGet(143)) - 2a93f7e5-ecb9-41da-9c47-70e13ba76d7d: start FollowerState
2019-10-17 07:43:24,636 [Thread-1453] INFO  impl.FollowerState (FollowerState.java:run(108)) - 2a93f7e5-ecb9-41da-9c47-70e13ba76d7d@group-A9EE991D717F-FollowerState: change to CANDIDATE, lastRpcTime:54ms, electionTimeout:54ms
2019-10-17 07:43:24,637 [Thread-1453] INFO  impl.RoleInfo (RoleInfo.java:shutdownFollowerState(121)) - 2a93f7e5-ecb9-41da-9c47-70e13ba76d7d: shutdown FollowerState
2019-10-17 07:43:24,637 [Thread-1453] INFO  impl.RaftServerImpl (RaftServerImpl.java:setRole(184)) - 2a93f7e5-ecb9-41da-9c47-70e13ba76d7d@group-A9EE991D717F: changes role from  FOLLOWER to CANDIDATE at term 155 for changeToCandidate
2019-10-17 07:43:24,637 [Thread-1453] INFO  impl.RoleInfo (RoleInfo.java:updateAndGet(143)) - 2a93f7e5-ecb9-41da-9c47-70e13ba76d7d: start LeaderElection
2019-10-17 07:43:24,660 [2a93f7e5-ecb9-41da-9c47-70e13ba76d7d@group-A9EE991D717F-LeaderElection156] INFO  impl.LeaderElection (LeaderElection.java:askForVotes(178)) - 2a93f7e5-ecb9-41da-9c47-70e13ba76d7d@group-A9EE991D717F-LeaderElection156: begin an election at term 156 for 0: [37bd8e8c-ea68-4b1c-8659-8d001c4f3b5c:192.168.34.62:41632, 24020d0b-ce61-4f5a-b0b0-c561541e8cd4:192.168.34.62:42892, 2a93f7e5-ecb9-41da-9c47-70e13ba76d7d:192.168.34.62:35412], old=null
2019-10-17 07:43:24,663 [grpc-default-executor-0] INFO  impl.RaftServerImpl (RaftServerImpl.java:setRole(184)) - 37bd8e8c-ea68-4b1c-8659-8d001c4f3b5c@group-A9EE991D717F: changes role from  FOLLOWER to FOLLOWER at term 156 for recognizeCandidate:2a93f7e5-ecb9-41da-9c47-70e13ba76d7d
2019-10-17 07:43:24,663 [grpc-default-executor-0] INFO  impl.RoleInfo (RoleInfo.java:shutdownFollowerState(121)) - 37bd8e8c-ea68-4b1c-8659-8d001c4f3b5c: shutdown FollowerState
2019-10-17 07:43:24,663 [grpc-default-executor-1] INFO  impl.RaftServerImpl (RaftServerImpl.java:setRole(184)) - 24020d0b-ce61-4f5a-b0b0-c561541e8cd4@group-A9EE991D717F: changes role from  FOLLOWER to FOLLOWER at term 156 for recognizeCandidate:2a93f7e5-ecb9-41da-9c47-70e13ba76d7d
2019-10-17 07:43:24,663 [grpc-default-executor-1] INFO  impl.RoleInfo (RoleInfo.java:shutdownFollowerState(121)) - 24020d0b-ce61-4f5a-b0b0-c561541e8cd4: shutdown FollowerState
2019-10-17 07:43:24,663 [Thread-1451] INFO  impl.FollowerState (FollowerState.java:run(117)) - 37bd8e8c-ea68-4b1c-8659-8d001c4f3b5c@group-A9EE991D717F-FollowerState was interrupted: java.lang.InterruptedException: sleep interrupted
2019-10-17 07:43:24,663 [grpc-default-executor-0] INFO  impl.RoleInfo (RoleInfo.java:updateAndGet(143)) - 37bd8e8c-ea68-4b1c-8659-8d001c4f3b5c: start FollowerState
2019-10-17 07:43:24,664 [Thread-1452] INFO  impl.FollowerState (FollowerState.java:run(117)) - 24020d0b-ce61-4f5a-b0b0-c561541e8cd4@group-A9EE991D717F-FollowerState was interrupted: java.lang.InterruptedException: sleep interrupted
2019-10-17 07:43:24,664 [grpc-default-executor-1] INFO  impl.RoleInfo (RoleInfo.java:updateAndGet(143)) - 24020d0b-ce61-4f5a-b0b0-c561541e8cd4: start FollowerState
2019-10-17 07:43:24,687 [2a93f7e5-ecb9-41da-9c47-70e13ba76d7d@group-A9EE991D717F-LeaderElection156] INFO  impl.LeaderElection (LeaderElection.java:logAndReturn(56)) - 2a93f7e5-ecb9-41da-9c47-70e13ba76d7d@group-A9EE991D717F-LeaderElection156: Election REJECTED; received 2 response(s) [2a93f7e5-ecb9-41da-9c47-70e13ba76d7d<-37bd8e8c-ea68-4b1c-8659-8d001c4f3b5c#0:FAIL-t156, 2a93f7e5-ecb9-41da-9c47-70e13ba76d7d<-24020d0b-ce61-4f5a-b0b0-c561541e8cd4#0:FAIL-t156] and 0 exception(s); 2a93f7e5-ecb9-41da-9c47-70e13ba76d7d@group-A9EE991D717F:t156, leader=null, voted=2a93f7e5-ecb9-41da-9c47-70e13ba76d7d, raftlog=2a93f7e5-ecb9-41da-9c47-70e13ba76d7d@group-A9EE991D717F-SegmentedRaftLog:OPENED:c-1,f0,i0, conf=0: [37bd8e8c-ea68-4b1c-8659-8d001c4f3b5c:192.168.34.62:41632, 24020d0b-ce61-4f5a-b0b0-c561541e8cd4:192.168.34.62:42892, 2a93f7e5-ecb9-41da-9c47-70e13ba76d7d:192.168.34.62:35412], old=null
2019-10-17 07:43:24,688 [2a93f7e5-ecb9-41da-9c47-70e13ba76d7d@group-A9EE991D717F-LeaderElection156] INFO  impl.RaftServerImpl (RaftServerImpl.java:setRole(184)) - 2a93f7e5-ecb9-41da-9c47-70e13ba76d7d@group-A9EE991D717F: changes role from CANDIDATE to FOLLOWER at term 156 for DISCOVERED_A_NEW_TERM
2019-10-17 07:43:24,688 [2a93f7e5-ecb9-41da-9c47-70e13ba76d7d@group-A9EE991D717F-LeaderElection156] INFO  impl.RoleInfo (RoleInfo.java:shutdownLeaderElection(134)) - 2a93f7e5-ecb9-41da-9c47-70e13ba76d7d: shutdown LeaderElection
2019-10-17 07:43:24,688 [2a93f7e5-ecb9-41da-9c47-70e13ba76d7d@group-A9EE991D717F-LeaderElection156] INFO  impl.RoleInfo (RoleInfo.java:updateAndGet(143)) - 2a93f7e5-ecb9-41da-9c47-70e13ba76d7d: start FollowerState
2019-10-17 07:43:24,764 [Thread-1459] INFO  impl.FollowerState (FollowerState.java:run(108)) - 2a93f7e5-ecb9-41da-9c47-70e13ba76d7d@group-A9EE991D717F-FollowerState: change to CANDIDATE, lastRpcTime:76ms, electionTimeout:76ms
2019-10-17 07:43:24,765 [Thread-1459] INFO  impl.RoleInfo (RoleInfo.java:shutdownFollowerState(121)) - 2a93f7e5-ecb9-41da-9c47-70e13ba76d7d: shutdown FollowerState
2019-10-17 07:43:24,765 [Thread-1459] INFO  impl.RaftServerImpl (RaftServerImpl.java:setRole(184)) - 2a93f7e5-ecb9-41da-9c47-70e13ba76d7d@group-A9EE991D717F: changes role from  FOLLOWER to CANDIDATE at term 156 for changeToCandidate
2019-10-17 07:43:24,765 [Thread-1459] INFO  impl.RoleInfo (RoleInfo.java:updateAndGet(143)) - 2a93f7e5-ecb9-41da-9c47-70e13ba76d7d: start LeaderElection
2019-10-17 07:43:24,791 [2a93f7e5-ecb9-41da-9c47-70e13ba76d7d@group-A9EE991D717F-LeaderElection157] INFO  impl.LeaderElection (LeaderElection.java:askForVotes(178)) - 2a93f7e5-ecb9-41da-9c47-70e13ba76d7d@group-A9EE991D717F-LeaderElection157: begin an election at term 157 for 0: [37bd8e8c-ea68-4b1c-8659-8d001c4f3b5c:192.168.34.62:41632, 24020d0b-ce61-4f5a-b0b0-c561541e8cd4:192.168.34.62:42892, 2a93f7e5-ecb9-41da-9c47-70e13ba76d7d:192.168.34.62:35412], old=null
2019-10-17 07:43:24,793 [grpc-default-executor-0] INFO  impl.RaftServerImpl (RaftServerImpl.java:setRole(184)) - 37bd8e8c-ea68-4b1c-8659-8d001c4f3b5c@group-A9EE991D717F: changes role from  FOLLOWER to FOLLOWER at term 157 for recognizeCandidate:2a93f7e5-ecb9-41da-9c47-70e13ba76d7d
2019-10-17 07:43:24,793 [grpc-default-executor-0] INFO  impl.RoleInfo (RoleInfo.java:shutdownFollowerState(121)) - 37bd8e8c-ea68-4b1c-8659-8d001c4f3b5c: shutdown FollowerState
2019-10-17 07:43:24,794 [grpc-default-executor-0] INFO  impl.RoleInfo (RoleInfo.java:updateAndGet(143)) - 37bd8e8c-ea68-4b1c-8659-8d001c4f3b5c: start FollowerState
2019-10-17 07:43:24,794 [grpc-default-executor-1] INFO  impl.RaftServerImpl (RaftServerImpl.java:setRole(184)) - 24020d0b-ce61-4f5a-b0b0-c561541e8cd4@group-A9EE991D717F: changes role from  FOLLOWER to FOLLOWER at term 157 for recognizeCandidate:2a93f7e5-ecb9-41da-9c47-70e13ba76d7d
2019-10-17 07:43:24,794 [Thread-1457] INFO  impl.FollowerState (FollowerState.java:run(117)) - 37bd8e8c-ea68-4b1c-8659-8d001c4f3b5c@group-A9EE991D717F-FollowerState was interrupted: java.lang.InterruptedException: sleep interrupted
2019-10-17 07:43:24,794 [grpc-default-executor-1] INFO  impl.RoleInfo (RoleInfo.java:shutdownFollowerState(121)) - 24020d0b-ce61-4f5a-b0b0-c561541e8cd4: shutdown FollowerState
2019-10-17 07:43:24,794 [grpc-default-executor-1] INFO  impl.RoleInfo (RoleInfo.java:updateAndGet(143)) - 24020d0b-ce61-4f5a-b0b0-c561541e8cd4: start FollowerState
2019-10-17 07:43:24,794 [Thread-1458] INFO  impl.FollowerState (FollowerState.java:run(117)) - 24020d0b-ce61-4f5a-b0b0-c561541e8cd4@group-A9EE991D717F-FollowerState was interrupted: java.lang.InterruptedException: sleep interrupted
2019-10-17 07:43:24,810 [2a93f7e5-ecb9-41da-9c47-70e13ba76d7d@group-A9EE991D717F-LeaderElection157] INFO  impl.LeaderElection (LeaderElection.java:logAndReturn(56)) - 2a93f7e5-ecb9-41da-9c47-70e13ba76d7d@group-A9EE991D717F-LeaderElection157: Election REJECTED; received 2 response(s) [2a93f7e5-ecb9-41da-9c47-70e13ba76d7d<-37bd8e8c-ea68-4b1c-8659-8d001c4f3b5c#0:FAIL-t157, 2a93f7e5-ecb9-41da-9c47-70e13ba76d7d<-24020d0b-ce61-4f5a-b0b0-c561541e8cd4#0:FAIL-t157] and 0 exception(s); 2a93f7e5-ecb9-41da-9c47-70e13ba76d7d@group-A9EE991D717F:t157, leader=null, voted=2a93f7e5-ecb9-41da-9c47-70e13ba76d7d, raftlog=2a93f7e5-ecb9-41da-9c47-70e13ba76d7d@group-A9EE991D717F-SegmentedRaftLog:OPENED:c-1,f0,i0, conf=0: [37bd8e8c-ea68-4b1c-8659-8d001c4f3b5c:192.168.34.62:41632, 24020d0b-ce61-4f5a-b0b0-c561541e8cd4:192.168.34.62:42892, 2a93f7e5-ecb9-41da-9c47-70e13ba76d7d:192.168.34.62:35412], old=null
2019-10-17 07:43:24,810 [2a93f7e5-ecb9-41da-9c47-70e13ba76d7d@group-A9EE991D717F-LeaderElection157] INFO  impl.RaftServerImpl (RaftServerImpl.java:setRole(184)) - 2a93f7e5-ecb9-41da-9c47-70e13ba76d7d@group-A9EE991D717F: changes role from CANDIDATE to FOLLOWER at term 157 for DISCOVERED_A_NEW_TERM
2019-10-17 07:43:24,810 [2a93f7e5-ecb9-41da-9c47-70e13ba76d7d@group-A9EE991D717F-LeaderElection157] INFO  impl.RoleInfo (RoleInfo.java:shutdownLeaderElection(134)) - 2a93f7e5-ecb9-41da-9c47-70e13ba76d7d: shutdown LeaderElection
2019-10-17 07:43:24,810 [2a93f7e5-ecb9-41da-9c47-70e13ba76d7d@group-A9EE991D717F-LeaderElection157] INFO  impl.RoleInfo (RoleInfo.java:updateAndGet(143)) - 2a93f7e5-ecb9-41da-9c47-70e13ba76d7d: start FollowerState
2019-10-17 07:43:24,938 [Thread-1465] INFO  impl.FollowerState (FollowerState.java:run(108)) - 2a93f7e5-ecb9-41da-9c47-70e13ba76d7d@group-A9EE991D717F-FollowerState: change to CANDIDATE, lastRpcTime:127ms, electionTimeout:127ms
2019-10-17 07:43:24,938 [Thread-1465] INFO  impl.RoleInfo (RoleInfo.java:shutdownFollowerState(121)) - 2a93f7e5-ecb9-41da-9c47-70e13ba76d7d: shutdown FollowerState
2019-10-17 07:43:24,938 [Thread-1465] INFO  impl.RaftServerImpl (RaftServerImpl.java:setRole(184)) - 2a93f7e5-ecb9-41da-9c47-70e13ba76d7d@group-A9EE991D717F: changes role from  FOLLOWER to CANDIDATE at term 157 for changeToCandidate
2019-10-17 07:43:24,939 [Thread-1465] INFO  impl.RoleInfo (RoleInfo.java:updateAndGet(143)) - 2a93f7e5-ecb9-41da-9c47-70e13ba76d7d: start LeaderElection
2019-10-17 07:43:24,954 [2a93f7e5-ecb9-41da-9c47-70e13ba76d7d@group-A9EE991D717F-LeaderElection158] INFO  impl.LeaderElection (LeaderElection.java:askForVotes(178)) - 2a93f7e5-ecb9-41da-9c47-70e13ba76d7d@group-A9EE991D717F-LeaderElection158: begin an election at term 158 for 0: [37bd8e8c-ea68-4b1c-8659-8d001c4f3b5c:192.168.34.62:41632, 24020d0b-ce61-4f5a-b0b0-c561541e8cd4:192.168.34.62:42892, 2a93f7e5-ecb9-41da-9c47-70e13ba76d7d:192.168.34.62:35412], old=null
2019-10-17 07:43:24,957 [grpc-default-executor-1] INFO  impl.RaftServerImpl (RaftServerImpl.java:setRole(184)) - 37bd8e8c-ea68-4b1c-8659-8d001c4f3b5c@group-A9EE991D717F: changes role from  FOLLOWER to FOLLOWER at term 158 for recognizeCandidate:2a93f7e5-ecb9-41da-9c47-70e13ba76d7d
2019-10-17 07:43:24,958 [grpc-default-executor-0] INFO  impl.RaftServerImpl (RaftServerImpl.java:setRole(184)) - 24020d0b-ce61-4f5a-b0b0-c561541e8cd4@group-A9EE991D717F: changes role from  FOLLOWER to FOLLOWER at term 158 for recognizeCandidate:2a93f7e5-ecb9-41da-9c47-70e13ba76d7d
2019-10-17 07:43:24,958 [grpc-default-executor-1] INFO  impl.RoleInfo (RoleInfo.java:shutdownFollowerState(121)) - 37bd8e8c-ea68-4b1c-8659-8d001c4f3b5c: shutdown FollowerState
2019-10-17 07:43:24,958 [grpc-default-executor-0] INFO  impl.RoleInfo (RoleInfo.java:shutdownFollowerState(121)) - 24020d0b-ce61-4f5a-b0b0-c561541e8cd4: shutdown FollowerState
2019-10-17 07:43:24,958 [grpc-default-executor-1] INFO  impl.RoleInfo (RoleInfo.java:updateAndGet(143)) - 37bd8e8c-ea68-4b1c-8659-8d001c4f3b5c: start FollowerState
2019-10-17 07:43:24,958 [Thread-1463] INFO  impl.FollowerState (FollowerState.java:run(117)) - 37bd8e8c-ea68-4b1c-8659-8d001c4f3b5c@group-A9EE991D717F-FollowerState was interrupted: java.lang.InterruptedException: sleep interrupted
2019-10-17 07:43:24,958 [Thread-1464] INFO  impl.FollowerState (FollowerState.java:run(117)) - 24020d0b-ce61-4f5a-b0b0-c561541e8cd4@group-A9EE991D717F-FollowerState was interrupted: java.lang.InterruptedException: sleep interrupted
2019-10-17 07:43:24,958 [grpc-default-executor-0] INFO  impl.RoleInfo (RoleInfo.java:updateAndGet(143)) - 24020d0b-ce61-4f5a-b0b0-c561541e8cd4: start FollowerState
2019-10-17 07:43:24,963 [2a93f7e5-ecb9-41da-9c47-70e13ba76d7d@group-A9EE991D717F-LeaderElection158] INFO  impl.LeaderElection (LeaderElection.java:logAndReturn(56)) - 2a93f7e5-ecb9-41da-9c47-70e13ba76d7d@group-A9EE991D717F-LeaderElection158: Election TIMEOUT; received 0 response(s) [] and 0 exception(s); 2a93f7e5-ecb9-41da-9c47-70e13ba76d7d@group-A9EE991D717F:t158, leader=null, voted=2a93f7e5-ecb9-41da-9c47-70e13ba76d7d, raftlog=2a93f7e5-ecb9-41da-9c47-70e13ba76d7d@group-A9EE991D717F-SegmentedRaftLog:OPENED:c-1,f0,i0, conf=0: [37bd8e8c-ea68-4b1c-8659-8d001c4f3b5c:192.168.34.62:41632, 24020d0b-ce61-4f5a-b0b0-c561541e8cd4:192.168.34.62:42892, 2a93f7e5-ecb9-41da-9c47-70e13ba76d7d:192.168.34.62:35412], old=null
2019-10-17 07:43:24,984 [2a93f7e5-ecb9-41da-9c47-70e13ba76d7d@group-A9EE991D717F-LeaderElection158] INFO  impl.LeaderElection (LeaderElection.java:askForVotes(178)) - 2a93f7e5-ecb9-41da-9c47-70e13ba76d7d@group-A9EE991D717F-LeaderElection158: begin an election at term 159 for 0: [37bd8e8c-ea68-4b1c-8659-8d001c4f3b5c:192.168.34.62:41632, 24020d0b-ce61-4f5a-b0b0-c561541e8cd4:192.168.34.62:42892, 2a93f7e5-ecb9-41da-9c47-70e13ba76d7d:192.168.34.62:35412], old=null
2019-10-17 07:43:24,987 [grpc-default-executor-0] INFO  impl.RaftServerImpl (RaftServerImpl.java:setRole(184)) - 24020d0b-ce61-4f5a-b0b0-c561541e8cd4@group-A9EE991D717F: changes role from  FOLLOWER to FOLLOWER at term 159 for recognizeCandidate:2a93f7e5-ecb9-41da-9c47-70e13ba76d7d
2019-10-17 07:43:24,987 [grpc-default-executor-0] INFO  impl.RoleInfo (RoleInfo.java:shutdownFollowerState(121)) - 24020d0b-ce61-4f5a-b0b0-c561541e8cd4: shutdown FollowerState
2019-10-17 07:43:24,987 [grpc-default-executor-1] INFO  impl.RaftServerImpl (RaftServerImpl.java:setRole(184)) - 37bd8e8c-ea68-4b1c-8659-8d001c4f3b5c@group-A9EE991D717F: changes role from  FOLLOWER to FOLLOWER at term 159 for recognizeCandidate:2a93f7e5-ecb9-41da-9c47-70e13ba76d7d
2019-10-17 07:43:24,987 [Thread-1470] INFO  impl.FollowerState (FollowerState.java:run(117)) - 24020d0b-ce61-4f5a-b0b0-c561541e8cd4@group-A9EE991D717F-FollowerState was interrupted: java.lang.InterruptedException: sleep interrupted
2019-10-17 07:43:24,987 [grpc-default-executor-0] INFO  impl.RoleInfo (RoleInfo.java:updateAndGet(143)) - 24020d0b-ce61-4f5a-b0b0-c561541e8cd4: start FollowerState
2019-10-17 07:43:24,987 [grpc-default-executor-1] INFO  impl.RoleInfo (RoleInfo.java:shutdownFollowerState(121)) - 37bd8e8c-ea68-4b1c-8659-8d001c4f3b5c: shutdown FollowerState
2019-10-17 07:43:24,988 [grpc-default-executor-1] INFO  impl.RoleInfo (RoleInfo.java:updateAndGet(143)) - 37bd8e8c-ea68-4b1c-8659-8d001c4f3b5c: start FollowerState
2019-10-17 07:43:24,988 [Thread-1469] INFO  impl.FollowerState (FollowerState.java:run(117)) - 37bd8e8c-ea68-4b1c-8659-8d001c4f3b5c@group-A9EE991D717F-FollowerState was interrupted: java.lang.InterruptedException: sleep interrupted
2019-10-17 07:43:25,001 [2a93f7e5-ecb9-41da-9c47-70e13ba76d7d@group-A9EE991D717F-LeaderElection158] INFO  impl.LeaderElection (LeaderElection.java:logAndReturn(56)) - 2a93f7e5-ecb9-41da-9c47-70e13ba76d7d@group-A9EE991D717F-LeaderElection158: Election REJECTED; received 2 response(s) [2a93f7e5-ecb9-41da-9c47-70e13ba76d7d<-37bd8e8c-ea68-4b1c-8659-8d001c4f3b5c#0:FAIL-t159, 2a93f7e5-ecb9-41da-9c47-70e13ba76d7d<-24020d0b-ce61-4f5a-b0b0-c561541e8cd4#0:FAIL-t159] and 0 exception(s); 2a93f7e5-ecb9-41da-9c47-70e13ba76d7d@group-A9EE991D717F:t159, leader=null, voted=2a93f7e5-ecb9-41da-9c47-70e13ba76d7d, raftlog=2a93f7e5-ecb9-41da-9c47-70e13ba76d7d@group-A9EE991D717F-SegmentedRaftLog:OPENED:c-1,f0,i0, conf=0: [37bd8e8c-ea68-4b1c-8659-8d001c4f3b5c:192.168.34.62:41632, 24020d0b-ce61-4f5a-b0b0-c561541e8cd4:192.168.34.62:42892, 2a93f7e5-ecb9-41da-9c47-70e13ba76d7d:192.168.34.62:35412], old=null
2019-10-17 07:43:25,002 [2a93f7e5-ecb9-41da-9c47-70e13ba76d7d@group-A9EE991D717F-LeaderElection158] INFO  impl.RaftServerImpl (RaftServerImpl.java:setRole(184)) - 2a93f7e5-ecb9-41da-9c47-70e13ba76d7d@group-A9EE991D717F: changes role from CANDIDATE to FOLLOWER at term 159 for DISCOVERED_A_NEW_TERM
2019-10-17 07:43:25,002 [2a93f7e5-ecb9-41da-9c47-70e13ba76d7d@group-A9EE991D717F-LeaderElection158] INFO  impl.RoleInfo (RoleInfo.java:shutdownLeaderElection(134)) - 2a93f7e5-ecb9-41da-9c47-70e13ba76d7d: shutdown LeaderElection
2019-10-17 07:43:25,002 [2a93f7e5-ecb9-41da-9c47-70e13ba76d7d@group-A9EE991D717F-LeaderElection158] INFO  impl.RoleInfo (RoleInfo.java:updateAndGet(143)) - 2a93f7e5-ecb9-41da-9c47-70e13ba76d7d: start FollowerState
2019-10-17 07:43:25,181 [Thread-1475] INFO  impl.FollowerState (FollowerState.java:run(108)) - 2a93f7e5-ecb9-41da-9c47-70e13ba76d7d@group-A9EE991D717F-FollowerState: change to CANDIDATE, lastRpcTime:179ms, electionTimeout:179ms
2019-10-17 07:43:25,182 [Thread-1475] INFO  impl.RoleInfo (RoleInfo.java:shutdownFollowerState(121)) - 2a93f7e5-ecb9-41da-9c47-70e13ba76d7d: shutdown FollowerState
2019-10-17 07:43:25,182 [Thread-1475] INFO  impl.RaftServerImpl (RaftServerImpl.java:setRole(184)) - 2a93f7e5-ecb9-41da-9c47-70e13ba76d7d@group-A9EE991D717F: changes role from  FOLLOWER to CANDIDATE at term 159 for changeToCandidate
2019-10-17 07:43:25,182 [Thread-1475] INFO  impl.RoleInfo (RoleInfo.java:updateAndGet(143)) - 2a93f7e5-ecb9-41da-9c47-70e13ba76d7d: start LeaderElection
2019-10-17 07:43:25,206 [2a93f7e5-ecb9-41da-9c47-70e13ba76d7d@group-A9EE991D717F-LeaderElection159] INFO  impl.LeaderElection (LeaderElection.java:askForVotes(178)) - 2a93f7e5-ecb9-41da-9c47-70e13ba76d7d@group-A9EE991D717F-LeaderElection159: begin an election at term 160 for 0: [37bd8e8c-ea68-4b1c-8659-8d001c4f3b5c:192.168.34.62:41632, 24020d0b-ce61-4f5a-b0b0-c561541e8cd4:192.168.34.62:42892, 2a93f7e5-ecb9-41da-9c47-70e13ba76d7d:192.168.34.62:35412], old=null
2019-10-17 07:43:25,210 [grpc-default-executor-0] INFO  impl.RaftServerImpl (RaftServerImpl.java:setRole(184)) - 37bd8e8c-ea68-4b1c-8659-8d001c4f3b5c@group-A9EE991D717F: changes role from  FOLLOWER to FOLLOWER at term 160 for recognizeCandidate:2a93f7e5-ecb9-41da-9c47-70e13ba76d7d
2019-10-17 07:43:25,210 [grpc-default-executor-0] INFO  impl.RoleInfo (RoleInfo.java:shutdownFollowerState(121)) - 37bd8e8c-ea68-4b1c-8659-8d001c4f3b5c: shutdown FollowerState
2019-10-17 07:43:25,210 [grpc-default-executor-0] INFO  impl.RoleInfo (RoleInfo.java:updateAndGet(143)) - 37bd8e8c-ea68-4b1c-8659-8d001c4f3b5c: start FollowerState
2019-10-17 07:43:25,210 [Thread-1474] INFO  impl.FollowerState (FollowerState.java:run(117)) - 37bd8e8c-ea68-4b1c-8659-8d001c4f3b5c@group-A9EE991D717F-FollowerState was interrupted: java.lang.InterruptedException: sleep interrupted
2019-10-17 07:43:25,210 [grpc-default-executor-1] INFO  impl.RaftServerImpl (RaftServerImpl.java:setRole(184)) - 24020d0b-ce61-4f5a-b0b0-c561541e8cd4@group-A9EE991D717F: changes role from  FOLLOWER to FOLLOWER at term 160 for recognizeCandidate:2a93f7e5-ecb9-41da-9c47-70e13ba76d7d
2019-10-17 07:43:25,211 [grpc-default-executor-1] INFO  impl.RoleInfo (RoleInfo.java:shutdownFollowerState(121)) - 24020d0b-ce61-4f5a-b0b0-c561541e8cd4: shutdown FollowerState
2019-10-17 07:43:25,211 [grpc-default-executor-1] INFO  impl.RoleInfo (RoleInfo.java:updateAndGet(143)) - 24020d0b-ce61-4f5a-b0b0-c561541e8cd4: start FollowerState
2019-10-17 07:43:25,211 [Thread-1473] INFO  impl.FollowerState (FollowerState.java:run(117)) - 24020d0b-ce61-4f5a-b0b0-c561541e8cd4@group-A9EE991D717F-FollowerState was interrupted: java.lang.InterruptedException: sleep interrupted
2019-10-17 07:43:25,236 [2a93f7e5-ecb9-41da-9c47-70e13ba76d7d@group-A9EE991D717F-LeaderElection159] INFO  impl.LeaderElection (LeaderElection.java:logAndReturn(56)) - 2a93f7e5-ecb9-41da-9c47-70e13ba76d7d@group-A9EE991D717F-LeaderElection159: Election REJECTED; received 2 response(s) [2a93f7e5-ecb9-41da-9c47-70e13ba76d7d<-37bd8e8c-ea68-4b1c-8659-8d001c4f3b5c#0:FAIL-t160, 2a93f7e5-ecb9-41da-9c47-70e13ba76d7d<-24020d0b-ce61-4f5a-b0b0-c561541e8cd4#0:FAIL-t160] and 0 exception(s); 2a93f7e5-ecb9-41da-9c47-70e13ba76d7d@group-A9EE991D717F:t160, leader=null, voted=2a93f7e5-ecb9-41da-9c47-70e13ba76d7d, raftlog=2a93f7e5-ecb9-41da-9c47-70e13ba76d7d@group-A9EE991D717F-SegmentedRaftLog:OPENED:c-1,f0,i0, conf=0: [37bd8e8c-ea68-4b1c-8659-8d001c4f3b5c:192.168.34.62:41632, 24020d0b-ce61-4f5a-b0b0-c561541e8cd4:192.168.34.62:42892, 2a93f7e5-ecb9-41da-9c47-70e13ba76d7d:192.168.34.62:35412], old=null
2019-10-17 07:43:25,236 [2a93f7e5-ecb9-41da-9c47-70e13ba76d7d@group-A9EE991D717F-LeaderElection159] INFO  impl.RaftServerImpl (RaftServerImpl.java:setRole(184)) - 2a93f7e5-ecb9-41da-9c47-70e13ba76d7d@group-A9EE991D717F: changes role from CANDIDATE to FOLLOWER at term 160 for DISCOVERED_A_NEW_TERM
2019-10-17 07:43:25,236 [2a93f7e5-ecb9-41da-9c47-70e13ba76d7d@group-A9EE991D717F-LeaderElection159] INFO  impl.RoleInfo (RoleInfo.java:shutdownLeaderElection(134)) - 2a93f7e5-ecb9-41da-9c47-70e13ba76d7d: shutdown LeaderElection
2019-10-17 07:43:25,236 [2a93f7e5-ecb9-41da-9c47-70e13ba76d7d@group-A9EE991D717F-LeaderElection159] INFO  impl.RoleInfo (RoleInfo.java:updateAndGet(143)) - 2a93f7e5-ecb9-41da-9c47-70e13ba76d7d: start FollowerState
2019-10-17 07:43:25,395 [Thread-1481] INFO  impl.FollowerState (FollowerState.java:run(108)) - 2a93f7e5-ecb9-41da-9c47-70e13ba76d7d@group-A9EE991D717F-FollowerState: change to CANDIDATE, lastRpcTime:158ms, electionTimeout:158ms
2019-10-17 07:43:25,395 [Thread-1481] INFO  impl.RoleInfo (RoleInfo.java:shutdownFollowerState(121)) - 2a93f7e5-ecb9-41da-9c47-70e13ba76d7d: shutdown FollowerState
2019-10-17 07:43:25,396 [Thread-1481] INFO  impl.RaftServerImpl (RaftServerImpl.java:setRole(184)) - 2a93f7e5-ecb9-41da-9c47-70e13ba76d7d@group-A9EE991D717F: changes role from  FOLLOWER to CANDIDATE at term 160 for changeToCandidate
2019-10-17 07:43:25,396 [Thread-1481] INFO  impl.RoleInfo (RoleInfo.java:updateAndGet(143)) - 2a93f7e5-ecb9-41da-9c47-70e13ba76d7d: start LeaderElection
2019-10-17 07:43:25,422 [2a93f7e5-ecb9-41da-9c47-70e13ba76d7d@group-A9EE991D717F-LeaderElection160] INFO  impl.LeaderElection (LeaderElection.java:askForVotes(178)) - 2a93f7e5-ecb9-41da-9c47-70e13ba76d7d@group-A9EE991D717F-LeaderElection160: begin an election at term 161 for 0: [37bd8e8c-ea68-4b1c-8659-8d001c4f3b5c:192.168.34.62:41632, 24020d0b-ce61-4f5a-b0b0-c561541e8cd4:192.168.34.62:42892, 2a93f7e5-ecb9-41da-9c47-70e13ba76d7d:192.168.34.62:35412], old=null
2019-10-17 07:43:25,425 [grpc-default-executor-1] INFO  impl.RaftServerImpl (RaftServerImpl.java:setRole(184)) - 37bd8e8c-ea68-4b1c-8659-8d001c4f3b5c@group-A9EE991D717F: changes role from  FOLLOWER to FOLLOWER at term 161 for recognizeCandidate:2a93f7e5-ecb9-41da-9c47-70e13ba76d7d
2019-10-17 07:43:25,425 [grpc-default-executor-1] INFO  impl.RoleInfo (RoleInfo.java:shutdownFollowerState(121)) - 37bd8e8c-ea68-4b1c-8659-8d001c4f3b5c: shutdown FollowerState
2019-10-17 07:43:25,425 [grpc-default-executor-0] INFO  impl.RaftServerImpl (RaftServerImpl.java:setRole(184)) - 24020d0b-ce61-4f5a-b0b0-c561541e8cd4@group-A9EE991D717F: changes role from  FOLLOWER to FOLLOWER at term 161 for recognizeCandidate:2a93f7e5-ecb9-41da-9c47-70e13ba76d7d
2019-10-17 07:43:25,425 [Thread-1479] INFO  impl.FollowerState (FollowerState.java:run(117)) - 37bd8e8c-ea68-4b1c-8659-8d001c4f3b5c@group-A9EE991D717F-FollowerState was interrupted: java.lang.InterruptedException: sleep interrupted
2019-10-17 07:43:25,425 [grpc-default-executor-1] INFO  impl.RoleInfo (RoleInfo.java:updateAndGet(143)) - 37bd8e8c-ea68-4b1c-8659-8d001c4f3b5c: start FollowerState
2019-10-17 07:43:25,426 [grpc-default-executor-0] INFO  impl.RoleInfo (RoleInfo.java:shutdownFollowerState(121)) - 24020d0b-ce61-4f5a-b0b0-c561541e8cd4: shutdown FollowerState
2019-10-17 07:43:25,426 [grpc-default-executor-0] INFO  impl.RoleInfo (RoleInfo.java:updateAndGet(143)) - 24020d0b-ce61-4f5a-b0b0-c561541e8cd4: start FollowerState
2019-10-17 07:43:25,426 [Thread-1480] INFO  impl.FollowerState (FollowerState.java:run(117)) - 24020d0b-ce61-4f5a-b0b0-c561541e8cd4@group-A9EE991D717F-FollowerState was interrupted: java.lang.InterruptedException: sleep interrupted
2019-10-17 07:43:25,451 [2a93f7e5-ecb9-41da-9c47-70e13ba76d7d@group-A9EE991D717F-LeaderElection160] INFO  impl.LeaderElection (LeaderElection.java:logAndReturn(56)) - 2a93f7e5-ecb9-41da-9c47-70e13ba76d7d@group-A9EE991D717F-LeaderElection160: Election REJECTED; received 2 response(s) [2a93f7e5-ecb9-41da-9c47-70e13ba76d7d<-37bd8e8c-ea68-4b1c-8659-8d001c4f3b5c#0:FAIL-t161, 2a93f7e5-ecb9-41da-9c47-70e13ba76d7d<-24020d0b-ce61-4f5a-b0b0-c561541e8cd4#0:FAIL-t161] and 0 exception(s); 2a93f7e5-ecb9-41da-9c47-70e13ba76d7d@group-A9EE991D717F:t161, leader=null, voted=2a93f7e5-ecb9-41da-9c47-70e13ba76d7d, raftlog=2a93f7e5-ecb9-41da-9c47-70e13ba76d7d@group-A9EE991D717F-SegmentedRaftLog:OPENED:c-1,f0,i0, conf=0: [37bd8e8c-ea68-4b1c-8659-8d001c4f3b5c:192.168.34.62:41632, 24020d0b-ce61-4f5a-b0b0-c561541e8cd4:192.168.34.62:42892, 2a93f7e5-ecb9-41da-9c47-70e13ba76d7d:192.168.34.62:35412], old=null
2019-10-17 07:43:25,451 [2a93f7e5-ecb9-41da-9c47-70e13ba76d7d@group-A9EE991D717F-LeaderElection160] INFO  impl.RaftServerImpl (RaftServerImpl.java:setRole(184)) - 2a93f7e5-ecb9-41da-9c47-70e13ba76d7d@group-A9EE991D717F: changes role from CANDIDATE to FOLLOWER at term 161 for DISCOVERED_A_NEW_TERM
2019-10-17 07:43:25,451 [2a93f7e5-ecb9-41da-9c47-70e13ba76d7d@group-A9EE991D717F-LeaderElection160] INFO  impl.RoleInfo (RoleInfo.java:shutdownLeaderElection(134)) - 2a93f7e5-ecb9-41da-9c47-70e13ba76d7d: shutdown LeaderElection
2019-10-17 07:43:25,451 [2a93f7e5-ecb9-41da-9c47-70e13ba76d7d@group-A9EE991D717F-LeaderElection160] INFO  impl.RoleInfo (RoleInfo.java:updateAndGet(143)) - 2a93f7e5-ecb9-41da-9c47-70e13ba76d7d: start FollowerState
2019-10-17 07:43:25,521 [Thread-1487] INFO  impl.FollowerState (FollowerState.java:run(108)) - 2a93f7e5-ecb9-41da-9c47-70e13ba76d7d@group-A9EE991D717F-FollowerState: change to CANDIDATE, lastRpcTime:69ms, electionTimeout:69ms
2019-10-17 07:43:25,521 [Thread-1487] INFO  impl.RoleInfo (RoleInfo.java:shutdownFollowerState(121)) - 2a93f7e5-ecb9-41da-9c47-70e13ba76d7d: shutdown FollowerState
2019-10-17 07:43:25,521 [Thread-1487] INFO  impl.RaftServerImpl (RaftServerImpl.java:setRole(184)) - 2a93f7e5-ecb9-41da-9c47-70e13ba76d7d@group-A9EE991D717F: changes role from  FOLLOWER to CANDIDATE at term 161 for changeToCandidate
2019-10-17 07:43:25,521 [Thread-1487] INFO  impl.RoleInfo (RoleInfo.java:updateAndGet(143)) - 2a93f7e5-ecb9-41da-9c47-70e13ba76d7d: start LeaderElection
2019-10-17 07:43:25,534 [2a93f7e5-ecb9-41da-9c47-70e13ba76d7d@group-A9EE991D717F-LeaderElection161] INFO  impl.LeaderElection (LeaderElection.java:askForVotes(178)) - 2a93f7e5-ecb9-41da-9c47-70e13ba76d7d@group-A9EE991D717F-LeaderElection161: begin an election at term 162 for 0: [37bd8e8c-ea68-4b1c-8659-8d001c4f3b5c:192.168.34.62:41632, 24020d0b-ce61-4f5a-b0b0-c561541e8cd4:192.168.34.62:42892, 2a93f7e5-ecb9-41da-9c47-70e13ba76d7d:192.168.34.62:35412], old=null
2019-10-17 07:43:25,537 [grpc-default-executor-1] INFO  impl.RaftServerImpl (RaftServerImpl.java:setRole(184)) - 37bd8e8c-ea68-4b1c-8659-8d001c4f3b5c@group-A9EE991D717F: changes role from  FOLLOWER to FOLLOWER at term 162 for recognizeCandidate:2a93f7e5-ecb9-41da-9c47-70e13ba76d7d
2019-10-17 07:43:25,537 [grpc-default-executor-1] INFO  impl.RoleInfo (RoleInfo.java:shutdownFollowerState(121)) - 37bd8e8c-ea68-4b1c-8659-8d001c4f3b5c: shutdown FollowerState
2019-10-17 07:43:25,537 [grpc-default-executor-0] INFO  impl.RaftServerImpl (RaftServerImpl.java:setRole(184)) - 24020d0b-ce61-4f5a-b0b0-c561541e8cd4@group-A9EE991D717F: changes role from  FOLLOWER to FOLLOWER at term 162 for recognizeCandidate:2a93f7e5-ecb9-41da-9c47-70e13ba76d7d
2019-10-17 07:43:25,538 [grpc-default-executor-1] INFO  impl.RoleInfo (RoleInfo.java:updateAndGet(143)) - 37bd8e8c-ea68-4b1c-8659-8d001c4f3b5c: start FollowerState
2019-10-17 07:43:25,538 [Thread-1485] INFO  impl.FollowerState (FollowerState.java:run(117)) - 37bd8e8c-ea68-4b1c-8659-8d001c4f3b5c@group-A9EE991D717F-FollowerState was interrupted: java.lang.InterruptedException: sleep interrupted
2019-10-17 07:43:25,538 [grpc-default-executor-0] INFO  impl.RoleInfo (RoleInfo.java:shutdownFollowerState(121)) - 24020d0b-ce61-4f5a-b0b0-c561541e8cd4: shutdown FollowerState
2019-10-17 07:43:25,538 [grpc-default-executor-0] INFO  impl.RoleInfo (RoleInfo.java:updateAndGet(143)) - 24020d0b-ce61-4f5a-b0b0-c561541e8cd4: start FollowerState
2019-10-17 07:43:25,538 [Thread-1486] INFO  impl.FollowerState (FollowerState.java:run(117)) - 24020d0b-ce61-4f5a-b0b0-c561541e8cd4@group-A9EE991D717F-FollowerState was interrupted: java.lang.InterruptedException: sleep interrupted
2019-10-17 07:43:25,562 [2a93f7e5-ecb9-41da-9c47-70e13ba76d7d@group-A9EE991D717F-LeaderElection161] INFO  impl.LeaderElection (LeaderElection.java:logAndReturn(56)) - 2a93f7e5-ecb9-41da-9c47-70e13ba76d7d@group-A9EE991D717F-LeaderElection161: Election REJECTED; received 2 response(s) [2a93f7e5-ecb9-41da-9c47-70e13ba76d7d<-37bd8e8c-ea68-4b1c-8659-8d001c4f3b5c#0:FAIL-t162, 2a93f7e5-ecb9-41da-9c47-70e13ba76d7d<-24020d0b-ce61-4f5a-b0b0-c561541e8cd4#0:FAIL-t162] and 0 exception(s); 2a93f7e5-ecb9-41da-9c47-70e13ba76d7d@group-A9EE991D717F:t162, leader=null, voted=2a93f7e5-ecb9-41da-9c47-70e13ba76d7d, raftlog=2a93f7e5-ecb9-41da-9c47-70e13ba76d7d@group-A9EE991D717F-SegmentedRaftLog:OPENED:c-1,f0,i0, conf=0: [37bd8e8c-ea68-4b1c-8659-8d001c4f3b5c:192.168.34.62:41632, 24020d0b-ce61-4f5a-b0b0-c561541e8cd4:192.168.34.62:42892, 2a93f7e5-ecb9-41da-9c47-70e13ba76d7d:192.168.34.62:35412], old=null
2019-10-17 07:43:25,562 [2a93f7e5-ecb9-41da-9c47-70e13ba76d7d@group-A9EE991D717F-LeaderElection161] INFO  impl.RaftServerImpl (RaftServerImpl.java:setRole(184)) - 2a93f7e5-ecb9-41da-9c47-70e13ba76d7d@group-A9EE991D717F: changes role from CANDIDATE to FOLLOWER at term 162 for DISCOVERED_A_NEW_TERM
2019-10-17 07:43:25,562 [2a93f7e5-ecb9-41da-9c47-70e13ba76d7d@group-A9EE991D717F-LeaderElection161] INFO  impl.RoleInfo (RoleInfo.java:shutdownLeaderElection(134)) - 2a93f7e5-ecb9-41da-9c47-70e13ba76d7d: shutdown LeaderElection
2019-10-17 07:43:25,563 [2a93f7e5-ecb9-41da-9c47-70e13ba76d7d@group-A9EE991D717F-LeaderElection161] INFO  impl.RoleInfo (RoleInfo.java:updateAndGet(143)) - 2a93f7e5-ecb9-41da-9c47-70e13ba76d7d: start FollowerState
2019-10-17 07:43:25,654 [Thread-1493] INFO  impl.FollowerState (FollowerState.java:run(108)) - 2a93f7e5-ecb9-41da-9c47-70e13ba76d7d@group-A9EE991D717F-FollowerState: change to CANDIDATE, lastRpcTime:91ms, electionTimeout:91ms
2019-10-17 07:43:25,654 [Thread-1493] INFO  impl.RoleInfo (RoleInfo.java:shutdownFollowerState(121)) - 2a93f7e5-ecb9-41da-9c47-70e13ba76d7d: shutdown FollowerState
2019-10-17 07:43:25,655 [Thread-1493] INFO  impl.RaftServerImpl (RaftServerImpl.java:setRole(184)) - 2a93f7e5-ecb9-41da-9c47-70e13ba76d7d@group-A9EE991D717F: changes role from  FOLLOWER to CANDIDATE at term 162 for changeToCandidate
2019-10-17 07:43:25,655 [Thread-1493] INFO  impl.RoleInfo (RoleInfo.java:updateAndGet(143)) - 2a93f7e5-ecb9-41da-9c47-70e13ba76d7d: start LeaderElection
2019-10-17 07:43:25,678 [2a93f7e5-ecb9-41da-9c47-70e13ba76d7d@group-A9EE991D717F-LeaderElection162] INFO  impl.LeaderElection (LeaderElection.java:askForVotes(178)) - 2a93f7e5-ecb9-41da-9c47-70e13ba76d7d@group-A9EE991D717F-LeaderElection162: begin an election at term 163 for 0: [37bd8e8c-ea68-4b1c-8659-8d001c4f3b5c:192.168.34.62:41632, 24020d0b-ce61-4f5a-b0b0-c561541e8cd4:192.168.34.62:42892, 2a93f7e5-ecb9-41da-9c47-70e13ba76d7d:192.168.34.62:35412], old=null
2019-10-17 07:43:25,681 [grpc-default-executor-0] INFO  impl.RaftServerImpl (RaftServerImpl.java:setRole(184)) - 37bd8e8c-ea68-4b1c-8659-8d001c4f3b5c@group-A9EE991D717F: changes role from  FOLLOWER to FOLLOWER at term 163 for recognizeCandidate:2a93f7e5-ecb9-41da-9c47-70e13ba76d7d
2019-10-17 07:43:25,681 [grpc-default-executor-0] INFO  impl.RoleInfo (RoleInfo.java:shutdownFollowerState(121)) - 37bd8e8c-ea68-4b1c-8659-8d001c4f3b5c: shutdown FollowerState
2019-10-17 07:43:25,681 [grpc-default-executor-0] INFO  impl.RoleInfo (RoleInfo.java:updateAndGet(143)) - 37bd8e8c-ea68-4b1c-8659-8d001c4f3b5c: start FollowerState
2019-10-17 07:43:25,681 [Thread-1491] INFO  impl.FollowerState (FollowerState.java:run(117)) - 37bd8e8c-ea68-4b1c-8659-8d001c4f3b5c@group-A9EE991D717F-FollowerState was interrupted: java.lang.InterruptedException: sleep interrupted
2019-10-17 07:43:25,681 [grpc-default-executor-1] INFO  impl.RaftServerImpl (RaftServerImpl.java:setRole(184)) - 24020d0b-ce61-4f5a-b0b0-c561541e8cd4@group-A9EE991D717F: changes role from  FOLLOWER to FOLLOWER at term 163 for recognizeCandidate:2a93f7e5-ecb9-41da-9c47-70e13ba76d7d
2019-10-17 07:43:25,682 [grpc-default-executor-1] INFO  impl.RoleInfo (RoleInfo.java:shutdownFollowerState(121)) - 24020d0b-ce61-4f5a-b0b0-c561541e8cd4: shutdown FollowerState
2019-10-17 07:43:25,682 [grpc-default-executor-1] INFO  impl.RoleInfo (RoleInfo.java:updateAndGet(143)) - 24020d0b-ce61-4f5a-b0b0-c561541e8cd4: start FollowerState
2019-10-17 07:43:25,682 [Thread-1492] INFO  impl.FollowerState (FollowerState.java:run(117)) - 24020d0b-ce61-4f5a-b0b0-c561541e8cd4@group-A9EE991D717F-FollowerState was interrupted: java.lang.InterruptedException: sleep interrupted
2019-10-17 07:43:25,697 [2a93f7e5-ecb9-41da-9c47-70e13ba76d7d@group-A9EE991D717F-LeaderElection162] INFO  impl.LeaderElection (LeaderElection.java:logAndReturn(56)) - 2a93f7e5-ecb9-41da-9c47-70e13ba76d7d@group-A9EE991D717F-LeaderElection162: Election REJECTED; received 2 response(s) [2a93f7e5-ecb9-41da-9c47-70e13ba76d7d<-37bd8e8c-ea68-4b1c-8659-8d001c4f3b5c#0:FAIL-t163, 2a93f7e5-ecb9-41da-9c47-70e13ba76d7d<-24020d0b-ce61-4f5a-b0b0-c561541e8cd4#0:FAIL-t163] and 0 exception(s); 2a93f7e5-ecb9-41da-9c47-70e13ba76d7d@group-A9EE991D717F:t163, leader=null, voted=2a93f7e5-ecb9-41da-9c47-70e13ba76d7d, raftlog=2a93f7e5-ecb9-41da-9c47-70e13ba76d7d@group-A9EE991D717F-SegmentedRaftLog:OPENED:c-1,f0,i0, conf=0: [37bd8e8c-ea68-4b1c-8659-8d001c4f3b5c:192.168.34.62:41632, 24020d0b-ce61-4f5a-b0b0-c561541e8cd4:192.168.34.62:42892, 2a93f7e5-ecb9-41da-9c47-70e13ba76d7d:192.168.34.62:35412], old=null
2019-10-17 07:43:25,697 [2a93f7e5-ecb9-41da-9c47-70e13ba76d7d@group-A9EE991D717F-LeaderElection162] INFO  impl.RaftServerImpl (RaftServerImpl.java:setRole(184)) - 2a93f7e5-ecb9-41da-9c47-70e13ba76d7d@group-A9EE991D717F: changes role from CANDIDATE to FOLLOWER at term 163 for DISCOVERED_A_NEW_TERM
2019-10-17 07:43:25,697 [2a93f7e5-ecb9-41da-9c47-70e13ba76d7d@group-A9EE991D717F-LeaderElection162] INFO  impl.RoleInfo (RoleInfo.java:shutdownLeaderElection(134)) - 2a93f7e5-ecb9-41da-9c47-70e13ba76d7d: shutdown LeaderElection
2019-10-17 07:43:25,697 [2a93f7e5-ecb9-41da-9c47-70e13ba76d7d@group-A9EE991D717F-LeaderElection162] INFO  impl.RoleInfo (RoleInfo.java:updateAndGet(143)) - 2a93f7e5-ecb9-41da-9c47-70e13ba76d7d: start FollowerState
2019-10-17 07:43:25,892 [Thread-1499] INFO  impl.FollowerState (FollowerState.java:run(108)) - 2a93f7e5-ecb9-41da-9c47-70e13ba76d7d@group-A9EE991D717F-FollowerState: change to CANDIDATE, lastRpcTime:194ms, electionTimeout:194ms
2019-10-17 07:43:25,892 [Thread-1499] INFO  impl.RoleInfo (RoleInfo.java:shutdownFollowerState(121)) - 2a93f7e5-ecb9-41da-9c47-70e13ba76d7d: shutdown FollowerState
2019-10-17 07:43:25,892 [Thread-1499] INFO  impl.RaftServerImpl (RaftServerImpl.java:setRole(184)) - 2a93f7e5-ecb9-41da-9c47-70e13ba76d7d@group-A9EE991D717F: changes role from  FOLLOWER to CANDIDATE at term 163 for changeToCandidate
2019-10-17 07:43:25,893 [Thread-1499] INFO  impl.RoleInfo (RoleInfo.java:updateAndGet(143)) - 2a93f7e5-ecb9-41da-9c47-70e13ba76d7d: start LeaderElection
2019-10-17 07:43:25,917 [2a93f7e5-ecb9-41da-9c47-70e13ba76d7d@group-A9EE991D717F-LeaderElection163] INFO  impl.LeaderElection (LeaderElection.java:askForVotes(178)) - 2a93f7e5-ecb9-41da-9c47-70e13ba76d7d@group-A9EE991D717F-LeaderElection163: begin an election at term 164 for 0: [37bd8e8c-ea68-4b1c-8659-8d001c4f3b5c:192.168.34.62:41632, 24020d0b-ce61-4f5a-b0b0-c561541e8cd4:192.168.34.62:42892, 2a93f7e5-ecb9-41da-9c47-70e13ba76d7d:192.168.34.62:35412], old=null
2019-10-17 07:43:25,920 [grpc-default-executor-1] INFO  impl.RaftServerImpl (RaftServerImpl.java:setRole(184)) - 24020d0b-ce61-4f5a-b0b0-c561541e8cd4@group-A9EE991D717F: changes role from  FOLLOWER to FOLLOWER at term 164 for recognizeCandidate:2a93f7e5-ecb9-41da-9c47-70e13ba76d7d
2019-10-17 07:43:25,921 [grpc-default-executor-1] INFO  impl.RoleInfo (RoleInfo.java:shutdownFollowerState(121)) - 24020d0b-ce61-4f5a-b0b0-c561541e8cd4: shutdown FollowerState
2019-10-17 07:43:25,921 [grpc-default-executor-1] INFO  impl.RoleInfo (RoleInfo.java:updateAndGet(143)) - 24020d0b-ce61-4f5a-b0b0-c561541e8cd4: start FollowerState
2019-10-17 07:43:25,921 [grpc-default-executor-0] INFO  impl.RaftServerImpl (RaftServerImpl.java:setRole(184)) - 37bd8e8c-ea68-4b1c-8659-8d001c4f3b5c@group-A9EE991D717F: changes role from  FOLLOWER to FOLLOWER at term 164 for recognizeCandidate:2a93f7e5-ecb9-41da-9c47-70e13ba76d7d
2019-10-17 07:43:25,921 [grpc-default-executor-0] INFO  impl.RoleInfo (RoleInfo.java:shutdownFollowerState(121)) - 37bd8e8c-ea68-4b1c-8659-8d001c4f3b5c: shutdown FollowerState
2019-10-17 07:43:25,921 [Thread-1498] INFO  impl.FollowerState (FollowerState.java:run(117)) - 24020d0b-ce61-4f5a-b0b0-c561541e8cd4@group-A9EE991D717F-FollowerState was interrupted: java.lang.InterruptedException: sleep interrupted
2019-10-17 07:43:25,922 [Thread-1497] INFO  impl.FollowerState (FollowerState.java:run(117)) - 37bd8e8c-ea68-4b1c-8659-8d001c4f3b5c@group-A9EE991D717F-FollowerState was interrupted: java.lang.InterruptedException: sleep interrupted
2019-10-17 07:43:25,921 [grpc-default-executor-0] INFO  impl.RoleInfo (RoleInfo.java:updateAndGet(143)) - 37bd8e8c-ea68-4b1c-8659-8d001c4f3b5c: start FollowerState
2019-10-17 07:43:25,946 [2a93f7e5-ecb9-41da-9c47-70e13ba76d7d@group-A9EE991D717F-LeaderElection163] INFO  impl.LeaderElection (LeaderElection.java:logAndReturn(56)) - 2a93f7e5-ecb9-41da-9c47-70e13ba76d7d@group-A9EE991D717F-LeaderElection163: Election REJECTED; received 2 response(s) [2a93f7e5-ecb9-41da-9c47-70e13ba76d7d<-37bd8e8c-ea68-4b1c-8659-8d001c4f3b5c#0:FAIL-t164, 2a93f7e5-ecb9-41da-9c47-70e13ba76d7d<-24020d0b-ce61-4f5a-b0b0-c561541e8cd4#0:FAIL-t164] and 0 exception(s); 2a93f7e5-ecb9-41da-9c47-70e13ba76d7d@group-A9EE991D717F:t164, leader=null, voted=2a93f7e5-ecb9-41da-9c47-70e13ba76d7d, raftlog=2a93f7e5-ecb9-41da-9c47-70e13ba76d7d@group-A9EE991D717F-SegmentedRaftLog:OPENED:c-1,f0,i0, conf=0: [37bd8e8c-ea68-4b1c-8659-8d001c4f3b5c:192.168.34.62:41632, 24020d0b-ce61-4f5a-b0b0-c561541e8cd4:192.168.34.62:42892, 2a93f7e5-ecb9-41da-9c47-70e13ba76d7d:192.168.34.62:35412], old=null
2019-10-17 07:43:25,947 [2a93f7e5-ecb9-41da-9c47-70e13ba76d7d@group-A9EE991D717F-LeaderElection163] INFO  impl.RaftServerImpl (RaftServerImpl.java:setRole(184)) - 2a93f7e5-ecb9-41da-9c47-70e13ba76d7d@group-A9EE991D717F: changes role from CANDIDATE to FOLLOWER at term 164 for DISCOVERED_A_NEW_TERM
2019-10-17 07:43:25,947 [2a93f7e5-ecb9-41da-9c47-70e13ba76d7d@group-A9EE991D717F-LeaderElection163] INFO  impl.RoleInfo (RoleInfo.java:shutdownLeaderElection(134)) - 2a93f7e5-ecb9-41da-9c47-70e13ba76d7d: shutdown LeaderElection
2019-10-17 07:43:25,947 [2a93f7e5-ecb9-41da-9c47-70e13ba76d7d@group-A9EE991D717F-LeaderElection163] INFO  impl.RoleInfo (RoleInfo.java:updateAndGet(143)) - 2a93f7e5-ecb9-41da-9c47-70e13ba76d7d: start FollowerState
2019-10-17 07:43:26,027 [Thread-1505] INFO  impl.FollowerState (FollowerState.java:run(108)) - 2a93f7e5-ecb9-41da-9c47-70e13ba76d7d@group-A9EE991D717F-FollowerState: change to CANDIDATE, lastRpcTime:80ms, electionTimeout:80ms
2019-10-17 07:43:26,028 [Thread-1505] INFO  impl.RoleInfo (RoleInfo.java:shutdownFollowerState(121)) - 2a93f7e5-ecb9-41da-9c47-70e13ba76d7d: shutdown FollowerState
2019-10-17 07:43:26,028 [Thread-1505] INFO  impl.RaftServerImpl (RaftServerImpl.java:setRole(184)) - 2a93f7e5-ecb9-41da-9c47-70e13ba76d7d@group-A9EE991D717F: changes role from  FOLLOWER to CANDIDATE at term 164 for changeToCandidate
2019-10-17 07:43:26,028 [Thread-1505] INFO  impl.RoleInfo (RoleInfo.java:updateAndGet(143)) - 2a93f7e5-ecb9-41da-9c47-70e13ba76d7d: start LeaderElection
2019-10-17 07:43:26,052 [2a93f7e5-ecb9-41da-9c47-70e13ba76d7d@group-A9EE991D717F-LeaderElection164] INFO  impl.LeaderElection (LeaderElection.java:askForVotes(178)) - 2a93f7e5-ecb9-41da-9c47-70e13ba76d7d@group-A9EE991D717F-LeaderElection164: begin an election at term 165 for 0: [37bd8e8c-ea68-4b1c-8659-8d001c4f3b5c:192.168.34.62:41632, 24020d0b-ce61-4f5a-b0b0-c561541e8cd4:192.168.34.62:42892, 2a93f7e5-ecb9-41da-9c47-70e13ba76d7d:192.168.34.62:35412], old=null
2019-10-17 07:43:26,055 [grpc-default-executor-1] INFO  impl.RaftServerImpl (RaftServerImpl.java:setRole(184)) - 37bd8e8c-ea68-4b1c-8659-8d001c4f3b5c@group-A9EE991D717F: changes role from  FOLLOWER to FOLLOWER at term 165 for recognizeCandidate:2a93f7e5-ecb9-41da-9c47-70e13ba76d7d
2019-10-17 07:43:26,055 [grpc-default-executor-1] INFO  impl.RoleInfo (RoleInfo.java:shutdownFollowerState(121)) - 37bd8e8c-ea68-4b1c-8659-8d001c4f3b5c: shutdown FollowerState
2019-10-17 07:43:26,055 [grpc-default-executor-0] INFO  impl.RaftServerImpl (RaftServerImpl.java:setRole(184)) - 24020d0b-ce61-4f5a-b0b0-c561541e8cd4@group-A9EE991D717F: changes role from  FOLLOWER to FOLLOWER at term 165 for recognizeCandidate:2a93f7e5-ecb9-41da-9c47-70e13ba76d7d
2019-10-17 07:43:26,056 [grpc-default-executor-0] INFO  impl.RoleInfo (RoleInfo.java:shutdownFollowerState(121)) - 24020d0b-ce61-4f5a-b0b0-c561541e8cd4: shutdown FollowerState
2019-10-17 07:43:26,055 [Thread-1504] INFO  impl.FollowerState (FollowerState.java:run(117)) - 37bd8e8c-ea68-4b1c-8659-8d001c4f3b5c@group-A9EE991D717F-FollowerState was interrupted: java.lang.InterruptedException: sleep interrupted
2019-10-17 07:43:26,055 [grpc-default-executor-1] INFO  impl.RoleInfo (RoleInfo.java:updateAndGet(143)) - 37bd8e8c-ea68-4b1c-8659-8d001c4f3b5c: start FollowerState
2019-10-17 07:43:26,056 [Thread-1503] INFO  impl.FollowerState (FollowerState.java:run(117)) - 24020d0b-ce61-4f5a-b0b0-c561541e8cd4@group-A9EE991D717F-FollowerState was interrupted: java.lang.InterruptedException: sleep interrupted
2019-10-17 07:43:26,056 [grpc-default-executor-0] INFO  impl.RoleInfo (RoleInfo.java:updateAndGet(143)) - 24020d0b-ce61-4f5a-b0b0-c561541e8cd4: start FollowerState
2019-10-17 07:43:26,077 [2a93f7e5-ecb9-41da-9c47-70e13ba76d7d@group-A9EE991D717F-LeaderElection164] INFO  impl.LeaderElection (LeaderElection.java:logAndReturn(56)) - 2a93f7e5-ecb9-41da-9c47-70e13ba76d7d@group-A9EE991D717F-LeaderElection164: Election REJECTED; received 2 response(s) [2a93f7e5-ecb9-41da-9c47-70e13ba76d7d<-37bd8e8c-ea68-4b1c-8659-8d001c4f3b5c#0:FAIL-t165, 2a93f7e5-ecb9-41da-9c47-70e13ba76d7d<-24020d0b-ce61-4f5a-b0b0-c561541e8cd4#0:FAIL-t165] and 0 exception(s); 2a93f7e5-ecb9-41da-9c47-70e13ba76d7d@group-A9EE991D717F:t165, leader=null, voted=2a93f7e5-ecb9-41da-9c47-70e13ba76d7d, raftlog=2a93f7e5-ecb9-41da-9c47-70e13ba76d7d@group-A9EE991D717F-SegmentedRaftLog:OPENED:c-1,f0,i0, conf=0: [37bd8e8c-ea68-4b1c-8659-8d001c4f3b5c:192.168.34.62:41632, 24020d0b-ce61-4f5a-b0b0-c561541e8cd4:192.168.34.62:42892, 2a93f7e5-ecb9-41da-9c47-70e13ba76d7d:192.168.34.62:35412], old=null
2019-10-17 07:43:26,078 [2a93f7e5-ecb9-41da-9c47-70e13ba76d7d@group-A9EE991D717F-LeaderElection164] INFO  impl.RaftServerImpl (RaftServerImpl.java:setRole(184)) - 2a93f7e5-ecb9-41da-9c47-70e13ba76d7d@group-A9EE991D717F: changes role from CANDIDATE to FOLLOWER at term 165 for DISCOVERED_A_NEW_TERM
2019-10-17 07:43:26,078 [2a93f7e5-ecb9-41da-9c47-70e13ba76d7d@group-A9EE991D717F-LeaderElection164] INFO  impl.RoleInfo (RoleInfo.java:shutdownLeaderElection(134)) - 2a93f7e5-ecb9-41da-9c47-70e13ba76d7d: shutdown LeaderElection
2019-10-17 07:43:26,078 [2a93f7e5-ecb9-41da-9c47-70e13ba76d7d@group-A9EE991D717F-LeaderElection164] INFO  impl.RoleInfo (RoleInfo.java:updateAndGet(143)) - 2a93f7e5-ecb9-41da-9c47-70e13ba76d7d: start FollowerState
2019-10-17 07:43:26,128 [Thread-1511] INFO  impl.FollowerState (FollowerState.java:run(108)) - 2a93f7e5-ecb9-41da-9c47-70e13ba76d7d@group-A9EE991D717F-FollowerState: change to CANDIDATE, lastRpcTime:50ms, electionTimeout:50ms
2019-10-17 07:43:26,129 [Thread-1511] INFO  impl.RoleInfo (RoleInfo.java:shutdownFollowerState(121)) - 2a93f7e5-ecb9-41da-9c47-70e13ba76d7d: shutdown FollowerState
2019-10-17 07:43:26,129 [Thread-1511] INFO  impl.RaftServerImpl (RaftServerImpl.java:setRole(184)) - 2a93f7e5-ecb9-41da-9c47-70e13ba76d7d@group-A9EE991D717F: changes role from  FOLLOWER to CANDIDATE at term 165 for changeToCandidate
2019-10-17 07:43:26,129 [Thread-1511] INFO  impl.RoleInfo (RoleInfo.java:updateAndGet(143)) - 2a93f7e5-ecb9-41da-9c47-70e13ba76d7d: start LeaderElection
2019-10-17 07:43:26,160 [2a93f7e5-ecb9-41da-9c47-70e13ba76d7d@group-A9EE991D717F-LeaderElection165] INFO  impl.LeaderElection (LeaderElection.java:askForVotes(178)) - 2a93f7e5-ecb9-41da-9c47-70e13ba76d7d@group-A9EE991D717F-LeaderElection165: begin an election at term 166 for 0: [37bd8e8c-ea68-4b1c-8659-8d001c4f3b5c:192.168.34.62:41632, 24020d0b-ce61-4f5a-b0b0-c561541e8cd4:192.168.34.62:42892, 2a93f7e5-ecb9-41da-9c47-70e13ba76d7d:192.168.34.62:35412], old=null
2019-10-17 07:43:26,164 [grpc-default-executor-1] INFO  impl.RaftServerImpl (RaftServerImpl.java:setRole(184)) - 24020d0b-ce61-4f5a-b0b0-c561541e8cd4@group-A9EE991D717F: changes role from  FOLLOWER to FOLLOWER at term 166 for recognizeCandidate:2a93f7e5-ecb9-41da-9c47-70e13ba76d7d
2019-10-17 07:43:26,164 [grpc-default-executor-1] INFO  impl.RoleInfo (RoleInfo.java:shutdownFollowerState(121)) - 24020d0b-ce61-4f5a-b0b0-c561541e8cd4: shutdown FollowerState
2019-10-17 07:43:26,164 [grpc-default-executor-0] INFO  impl.RaftServerImpl (RaftServerImpl.java:setRole(184)) - 37bd8e8c-ea68-4b1c-8659-8d001c4f3b5c@group-A9EE991D717F: changes role from  FOLLOWER to FOLLOWER at term 166 for recognizeCandidate:2a93f7e5-ecb9-41da-9c47-70e13ba76d7d
2019-10-17 07:43:26,165 [Thread-1510] INFO  impl.FollowerState (FollowerState.java:run(117)) - 24020d0b-ce61-4f5a-b0b0-c561541e8cd4@group-A9EE991D717F-FollowerState was interrupted: java.lang.InterruptedException: sleep interrupted
2019-10-17 07:43:26,164 [grpc-default-executor-1] INFO  impl.RoleInfo (RoleInfo.java:updateAndGet(143)) - 24020d0b-ce61-4f5a-b0b0-c561541e8cd4: start FollowerState
2019-10-17 07:43:26,165 [grpc-default-executor-0] INFO  impl.RoleInfo (RoleInfo.java:shutdownFollowerState(121)) - 37bd8e8c-ea68-4b1c-8659-8d001c4f3b5c: shutdown FollowerState
2019-10-17 07:43:26,165 [grpc-default-executor-0] INFO  impl.RoleInfo (RoleInfo.java:updateAndGet(143)) - 37bd8e8c-ea68-4b1c-8659-8d001c4f3b5c: start FollowerState
2019-10-17 07:43:26,165 [Thread-1509] INFO  impl.FollowerState (FollowerState.java:run(117)) - 37bd8e8c-ea68-4b1c-8659-8d001c4f3b5c@group-A9EE991D717F-FollowerState was interrupted: java.lang.InterruptedException: sleep interrupted
2019-10-17 07:43:26,187 [2a93f7e5-ecb9-41da-9c47-70e13ba76d7d@group-A9EE991D717F-LeaderElection165] INFO  impl.LeaderElection (LeaderElection.java:logAndReturn(56)) - 2a93f7e5-ecb9-41da-9c47-70e13ba76d7d@group-A9EE991D717F-LeaderElection165: Election REJECTED; received 2 response(s) [2a93f7e5-ecb9-41da-9c47-70e13ba76d7d<-37bd8e8c-ea68-4b1c-8659-8d001c4f3b5c#0:FAIL-t166, 2a93f7e5-ecb9-41da-9c47-70e13ba76d7d<-24020d0b-ce61-4f5a-b0b0-c561541e8cd4#0:FAIL-t166] and 0 exception(s); 2a93f7e5-ecb9-41da-9c47-70e13ba76d7d@group-A9EE991D717F:t166, leader=null, voted=2a93f7e5-ecb9-41da-9c47-70e13ba76d7d, raftlog=2a93f7e5-ecb9-41da-9c47-70e13ba76d7d@group-A9EE991D717F-SegmentedRaftLog:OPENED:c-1,f0,i0, conf=0: [37bd8e8c-ea68-4b1c-8659-8d001c4f3b5c:192.168.34.62:41632, 24020d0b-ce61-4f5a-b0b0-c561541e8cd4:192.168.34.62:42892, 2a93f7e5-ecb9-41da-9c47-70e13ba76d7d:192.168.34.62:35412], old=null
2019-10-17 07:43:26,187 [2a93f7e5-ecb9-41da-9c47-70e13ba76d7d@group-A9EE991D717F-LeaderElection165] INFO  impl.RaftServerImpl (RaftServerImpl.java:setRole(184)) - 2a93f7e5-ecb9-41da-9c47-70e13ba76d7d@group-A9EE991D717F: changes role from CANDIDATE to FOLLOWER at term 166 for DISCOVERED_A_NEW_TERM
2019-10-17 07:43:26,187 [2a93f7e5-ecb9-41da-9c47-70e13ba76d7d@group-A9EE991D717F-LeaderElection165] INFO  impl.RoleInfo (RoleInfo.java:shutdownLeaderElection(134)) - 2a93f7e5-ecb9-41da-9c47-70e13ba76d7d: shutdown LeaderElection
2019-10-17 07:43:26,187 [2a93f7e5-ecb9-41da-9c47-70e13ba76d7d@group-A9EE991D717F-LeaderElection165] INFO  impl.RoleInfo (RoleInfo.java:updateAndGet(143)) - 2a93f7e5-ecb9-41da-9c47-70e13ba76d7d: start FollowerState
2019-10-17 07:43:26,211 [Thread-1517] INFO  impl.FollowerState (FollowerState.java:run(108)) - 2a93f7e5-ecb9-41da-9c47-70e13ba76d7d@group-A9EE991D717F-FollowerState: change to CANDIDATE, lastRpcTime:23ms, electionTimeout:23ms
2019-10-17 07:43:26,211 [Thread-1517] INFO  impl.RoleInfo (RoleInfo.java:shutdownFollowerState(121)) - 2a93f7e5-ecb9-41da-9c47-70e13ba76d7d: shutdown FollowerState
2019-10-17 07:43:26,211 [Thread-1517] INFO  impl.RaftServerImpl (RaftServerImpl.java:setRole(184)) - 2a93f7e5-ecb9-41da-9c47-70e13ba76d7d@group-A9EE991D717F: changes role from  FOLLOWER to CANDIDATE at term 166 for changeToCandidate
2019-10-17 07:43:26,211 [Thread-1517] INFO  impl.RoleInfo (RoleInfo.java:updateAndGet(143)) - 2a93f7e5-ecb9-41da-9c47-70e13ba76d7d: start LeaderElection
2019-10-17 07:43:26,236 [2a93f7e5-ecb9-41da-9c47-70e13ba76d7d@group-A9EE991D717F-LeaderElection166] INFO  impl.LeaderElection (LeaderElection.java:askForVotes(178)) - 2a93f7e5-ecb9-41da-9c47-70e13ba76d7d@group-A9EE991D717F-LeaderElection166: begin an election at term 167 for 0: [37bd8e8c-ea68-4b1c-8659-8d001c4f3b5c:192.168.34.62:41632, 24020d0b-ce61-4f5a-b0b0-c561541e8cd4:192.168.34.62:42892, 2a93f7e5-ecb9-41da-9c47-70e13ba76d7d:192.168.34.62:35412], old=null
2019-10-17 07:43:26,239 [grpc-default-executor-0] INFO  impl.RaftServerImpl (RaftServerImpl.java:setRole(184)) - 37bd8e8c-ea68-4b1c-8659-8d001c4f3b5c@group-A9EE991D717F: changes role from  FOLLOWER to FOLLOWER at term 167 for recognizeCandidate:2a93f7e5-ecb9-41da-9c47-70e13ba76d7d
2019-10-17 07:43:26,239 [grpc-default-executor-0] INFO  impl.RoleInfo (RoleInfo.java:shutdownFollowerState(121)) - 37bd8e8c-ea68-4b1c-8659-8d001c4f3b5c: shutdown FollowerState
2019-10-17 07:43:26,239 [grpc-default-executor-1] INFO  impl.RaftServerImpl (RaftServerImpl.java:setRole(184)) - 24020d0b-ce61-4f5a-b0b0-c561541e8cd4@group-A9EE991D717F: changes role from  FOLLOWER to FOLLOWER at term 167 for recognizeCandidate:2a93f7e5-ecb9-41da-9c47-70e13ba76d7d
2019-10-17 07:43:26,239 [grpc-default-executor-1] INFO  impl.RoleInfo (RoleInfo.java:shutdownFollowerState(121)) - 24020d0b-ce61-4f5a-b0b0-c561541e8cd4: shutdown FollowerState
2019-10-17 07:43:26,239 [Thread-1516] INFO  impl.FollowerState (FollowerState.java:run(117)) - 37bd8e8c-ea68-4b1c-8659-8d001c4f3b5c@group-A9EE991D717F-FollowerState was interrupted: java.lang.InterruptedException: sleep interrupted
2019-10-17 07:43:26,239 [grpc-default-executor-0] INFO  impl.RoleInfo (RoleInfo.java:updateAndGet(143)) - 37bd8e8c-ea68-4b1c-8659-8d001c4f3b5c: start FollowerState
2019-10-17 07:43:26,239 [Thread-1515] INFO  impl.FollowerState (FollowerState.java:run(117)) - 24020d0b-ce61-4f5a-b0b0-c561541e8cd4@group-A9EE991D717F-FollowerState was interrupted: java.lang.InterruptedException: sleep interrupted
2019-10-17 07:43:26,239 [grpc-default-executor-1] INFO  impl.RoleInfo (RoleInfo.java:updateAndGet(143)) - 24020d0b-ce61-4f5a-b0b0-c561541e8cd4: start FollowerState
2019-10-17 07:43:26,262 [2a93f7e5-ecb9-41da-9c47-70e13ba76d7d@group-A9EE991D717F-LeaderElection166] INFO  impl.LeaderElection (LeaderElection.java:logAndReturn(56)) - 2a93f7e5-ecb9-41da-9c47-70e13ba76d7d@group-A9EE991D717F-LeaderElection166: Election REJECTED; received 2 response(s) [2a93f7e5-ecb9-41da-9c47-70e13ba76d7d<-37bd8e8c-ea68-4b1c-8659-8d001c4f3b5c#0:FAIL-t167, 2a93f7e5-ecb9-41da-9c47-70e13ba76d7d<-24020d0b-ce61-4f5a-b0b0-c561541e8cd4#0:FAIL-t167] and 0 exception(s); 2a93f7e5-ecb9-41da-9c47-70e13ba76d7d@group-A9EE991D717F:t167, leader=null, voted=2a93f7e5-ecb9-41da-9c47-70e13ba76d7d, raftlog=2a93f7e5-ecb9-41da-9c47-70e13ba76d7d@group-A9EE991D717F-SegmentedRaftLog:OPENED:c-1,f0,i0, conf=0: [37bd8e8c-ea68-4b1c-8659-8d001c4f3b5c:192.168.34.62:41632, 24020d0b-ce61-4f5a-b0b0-c561541e8cd4:192.168.34.62:42892, 2a93f7e5-ecb9-41da-9c47-70e13ba76d7d:192.168.34.62:35412], old=null
2019-10-17 07:43:26,263 [2a93f7e5-ecb9-41da-9c47-70e13ba76d7d@group-A9EE991D717F-LeaderElection166] INFO  impl.RaftServerImpl (RaftServerImpl.java:setRole(184)) - 2a93f7e5-ecb9-41da-9c47-70e13ba76d7d@group-A9EE991D717F: changes role from CANDIDATE to FOLLOWER at term 167 for DISCOVERED_A_NEW_TERM
2019-10-17 07:43:26,263 [2a93f7e5-ecb9-41da-9c47-70e13ba76d7d@group-A9EE991D717F-LeaderElection166] INFO  impl.RoleInfo (RoleInfo.java:shutdownLeaderElection(134)) - 2a93f7e5-ecb9-41da-9c47-70e13ba76d7d: shutdown LeaderElection
2019-10-17 07:43:26,263 [2a93f7e5-ecb9-41da-9c47-70e13ba76d7d@group-A9EE991D717F-LeaderElection166] INFO  impl.RoleInfo (RoleInfo.java:updateAndGet(143)) - 2a93f7e5-ecb9-41da-9c47-70e13ba76d7d: start FollowerState
2019-10-17 07:43:26,286 [Thread-1523] INFO  impl.FollowerState (FollowerState.java:run(108)) - 2a93f7e5-ecb9-41da-9c47-70e13ba76d7d@group-A9EE991D717F-FollowerState: change to CANDIDATE, lastRpcTime:23ms, electionTimeout:23ms
2019-10-17 07:43:26,287 [Thread-1523] INFO  impl.RoleInfo (RoleInfo.java:shutdownFollowerState(121)) - 2a93f7e5-ecb9-41da-9c47-70e13ba76d7d: shutdown FollowerState
2019-10-17 07:43:26,287 [Thread-1523] INFO  impl.RaftServerImpl (RaftServerImpl.java:setRole(184)) - 2a93f7e5-ecb9-41da-9c47-70e13ba76d7d@group-A9EE991D717F: changes role from  FOLLOWER to CANDIDATE at term 167 for changeToCandidate
2019-10-17 07:43:26,287 [Thread-1523] INFO  impl.RoleInfo (RoleInfo.java:updateAndGet(143)) - 2a93f7e5-ecb9-41da-9c47-70e13ba76d7d: start LeaderElection
2019-10-17 07:43:26,312 [2a93f7e5-ecb9-41da-9c47-70e13ba76d7d@group-A9EE991D717F-LeaderElection167] INFO  impl.LeaderElection (LeaderElection.java:askForVotes(178)) - 2a93f7e5-ecb9-41da-9c47-70e13ba76d7d@group-A9EE991D717F-LeaderElection167: begin an election at term 168 for 0: [37bd8e8c-ea68-4b1c-8659-8d001c4f3b5c:192.168.34.62:41632, 24020d0b-ce61-4f5a-b0b0-c561541e8cd4:192.168.34.62:42892, 2a93f7e5-ecb9-41da-9c47-70e13ba76d7d:192.168.34.62:35412], old=null
2019-10-17 07:43:26,314 [grpc-default-executor-1] INFO  impl.RaftServerImpl (RaftServerImpl.java:setRole(184)) - 37bd8e8c-ea68-4b1c-8659-8d001c4f3b5c@group-A9EE991D717F: changes role from  FOLLOWER to FOLLOWER at term 168 for recognizeCandidate:2a93f7e5-ecb9-41da-9c47-70e13ba76d7d
2019-10-17 07:43:26,314 [grpc-default-executor-1] INFO  impl.RoleInfo (RoleInfo.java:shutdownFollowerState(121)) - 37bd8e8c-ea68-4b1c-8659-8d001c4f3b5c: shutdown FollowerState
2019-10-17 07:43:26,314 [grpc-default-executor-0] INFO  impl.RaftServerImpl (RaftServerImpl.java:setRole(184)) - 24020d0b-ce61-4f5a-b0b0-c561541e8cd4@group-A9EE991D717F: changes role from  FOLLOWER to FOLLOWER at term 168 for recognizeCandidate:2a93f7e5-ecb9-41da-9c47-70e13ba76d7d
2019-10-17 07:43:26,314 [grpc-default-executor-0] INFO  impl.RoleInfo (RoleInfo.java:shutdownFollowerState(121)) - 24020d0b-ce61-4f5a-b0b0-c561541e8cd4: shutdown FollowerState
2019-10-17 07:43:26,314 [Thread-1521] INFO  impl.FollowerState (FollowerState.java:run(117)) - 37bd8e8c-ea68-4b1c-8659-8d001c4f3b5c@group-A9EE991D717F-FollowerState was interrupted: java.lang.InterruptedException: sleep interrupted
2019-10-17 07:43:26,314 [grpc-default-executor-1] INFO  impl.RoleInfo (RoleInfo.java:updateAndGet(143)) - 37bd8e8c-ea68-4b1c-8659-8d001c4f3b5c: start FollowerState
2019-10-17 07:43:26,315 [Thread-1522] INFO  impl.FollowerState (FollowerState.java:run(117)) - 24020d0b-ce61-4f5a-b0b0-c561541e8cd4@group-A9EE991D717F-FollowerState was interrupted: java.lang.InterruptedException: sleep interrupted
2019-10-17 07:43:26,315 [grpc-default-executor-0] INFO  impl.RoleInfo (RoleInfo.java:updateAndGet(143)) - 24020d0b-ce61-4f5a-b0b0-c561541e8cd4: start FollowerState
2019-10-17 07:43:26,338 [2a93f7e5-ecb9-41da-9c47-70e13ba76d7d@group-A9EE991D717F-LeaderElection167] INFO  impl.LeaderElection (LeaderElection.java:logAndReturn(56)) - 2a93f7e5-ecb9-41da-9c47-70e13ba76d7d@group-A9EE991D717F-LeaderElection167: Election REJECTED; received 2 response(s) [2a93f7e5-ecb9-41da-9c47-70e13ba76d7d<-37bd8e8c-ea68-4b1c-8659-8d001c4f3b5c#0:FAIL-t168, 2a93f7e5-ecb9-41da-9c47-70e13ba76d7d<-24020d0b-ce61-4f5a-b0b0-c561541e8cd4#0:FAIL-t168] and 0 exception(s); 2a93f7e5-ecb9-41da-9c47-70e13ba76d7d@group-A9EE991D717F:t168, leader=null, voted=2a93f7e5-ecb9-41da-9c47-70e13ba76d7d, raftlog=2a93f7e5-ecb9-41da-9c47-70e13ba76d7d@group-A9EE991D717F-SegmentedRaftLog:OPENED:c-1,f0,i0, conf=0: [37bd8e8c-ea68-4b1c-8659-8d001c4f3b5c:192.168.34.62:41632, 24020d0b-ce61-4f5a-b0b0-c561541e8cd4:192.168.34.62:42892, 2a93f7e5-ecb9-41da-9c47-70e13ba76d7d:192.168.34.62:35412], old=null
2019-10-17 07:43:26,338 [2a93f7e5-ecb9-41da-9c47-70e13ba76d7d@group-A9EE991D717F-LeaderElection167] INFO  impl.RaftServerImpl (RaftServerImpl.java:setRole(184)) - 2a93f7e5-ecb9-41da-9c47-70e13ba76d7d@group-A9EE991D717F: changes role from CANDIDATE to FOLLOWER at term 168 for DISCOVERED_A_NEW_TERM
2019-10-17 07:43:26,338 [2a93f7e5-ecb9-41da-9c47-70e13ba76d7d@group-A9EE991D717F-LeaderElection167] INFO  impl.RoleInfo (RoleInfo.java:shutdownLeaderElection(134)) - 2a93f7e5-ecb9-41da-9c47-70e13ba76d7d: shutdown LeaderElection
2019-10-17 07:43:26,338 [2a93f7e5-ecb9-41da-9c47-70e13ba76d7d@group-A9EE991D717F-LeaderElection167] INFO  impl.RoleInfo (RoleInfo.java:updateAndGet(143)) - 2a93f7e5-ecb9-41da-9c47-70e13ba76d7d: start FollowerState
2019-10-17 07:43:26,469 [Thread-1529] INFO  impl.FollowerState (FollowerState.java:run(108)) - 2a93f7e5-ecb9-41da-9c47-70e13ba76d7d@group-A9EE991D717F-FollowerState: change to CANDIDATE, lastRpcTime:130ms, electionTimeout:130ms
2019-10-17 07:43:26,469 [Thread-1529] INFO  impl.RoleInfo (RoleInfo.java:shutdownFollowerState(121)) - 2a93f7e5-ecb9-41da-9c47-70e13ba76d7d: shutdown FollowerState
2019-10-17 07:43:26,469 [Thread-1529] INFO  impl.RaftServerImpl (RaftServerImpl.java:setRole(184)) - 2a93f7e5-ecb9-41da-9c47-70e13ba76d7d@group-A9EE991D717F: changes role from  FOLLOWER to CANDIDATE at term 168 for changeToCandidate
2019-10-17 07:43:26,469 [Thread-1529] INFO  impl.RoleInfo (RoleInfo.java:updateAndGet(143)) - 2a93f7e5-ecb9-41da-9c47-70e13ba76d7d: start LeaderElection
2019-10-17 07:43:26,496 [2a93f7e5-ecb9-41da-9c47-70e13ba76d7d@group-A9EE991D717F-LeaderElection168] INFO  impl.LeaderElection (LeaderElection.java:askForVotes(178)) - 2a93f7e5-ecb9-41da-9c47-70e13ba76d7d@group-A9EE991D717F-LeaderElection168: begin an election at term 169 for 0: [37bd8e8c-ea68-4b1c-8659-8d001c4f3b5c:192.168.34.62:41632, 24020d0b-ce61-4f5a-b0b0-c561541e8cd4:192.168.34.62:42892, 2a93f7e5-ecb9-41da-9c47-70e13ba76d7d:192.168.34.62:35412], old=null
2019-10-17 07:43:26,499 [grpc-default-executor-1] INFO  impl.RaftServerImpl (RaftServerImpl.java:setRole(184)) - 37bd8e8c-ea68-4b1c-8659-8d001c4f3b5c@group-A9EE991D717F: changes role from  FOLLOWER to FOLLOWER at term 169 for recognizeCandidate:2a93f7e5-ecb9-41da-9c47-70e13ba76d7d
2019-10-17 07:43:26,499 [grpc-default-executor-1] INFO  impl.RoleInfo (RoleInfo.java:shutdownFollowerState(121)) - 37bd8e8c-ea68-4b1c-8659-8d001c4f3b5c: shutdown FollowerState
2019-10-17 07:43:26,499 [grpc-default-executor-1] INFO  impl.RoleInfo (RoleInfo.java:updateAndGet(143)) - 37bd8e8c-ea68-4b1c-8659-8d001c4f3b5c: start FollowerState
2019-10-17 07:43:26,499 [grpc-default-executor-0] INFO  impl.RaftServerImpl (RaftServerImpl.java:setRole(184)) - 24020d0b-ce61-4f5a-b0b0-c561541e8cd4@group-A9EE991D717F: changes role from  FOLLOWER to FOLLOWER at term 169 for recognizeCandidate:2a93f7e5-ecb9-41da-9c47-70e13ba76d7d
2019-10-17 07:43:26,499 [Thread-1527] INFO  impl.FollowerState (FollowerState.java:run(117)) - 37bd8e8c-ea68-4b1c-8659-8d001c4f3b5c@group-A9EE991D717F-FollowerState was interrupted: java.lang.InterruptedException: sleep interrupted
2019-10-17 07:43:26,499 [grpc-default-executor-0] INFO  impl.RoleInfo (RoleInfo.java:shutdownFollowerState(121)) - 24020d0b-ce61-4f5a-b0b0-c561541e8cd4: shutdown FollowerState
2019-10-17 07:43:26,500 [grpc-default-executor-0] INFO  impl.RoleInfo (RoleInfo.java:updateAndGet(143)) - 24020d0b-ce61-4f5a-b0b0-c561541e8cd4: start FollowerState
2019-10-17 07:43:26,500 [Thread-1528] INFO  impl.FollowerState (FollowerState.java:run(117)) - 24020d0b-ce61-4f5a-b0b0-c561541e8cd4@group-A9EE991D717F-FollowerState was interrupted: java.lang.InterruptedException: sleep interrupted
2019-10-17 07:43:26,515 [2a93f7e5-ecb9-41da-9c47-70e13ba76d7d@group-A9EE991D717F-LeaderElection168] INFO  impl.LeaderElection (LeaderElection.java:logAndReturn(56)) - 2a93f7e5-ecb9-41da-9c47-70e13ba76d7d@group-A9EE991D717F-LeaderElection168: Election REJECTED; received 2 response(s) [2a93f7e5-ecb9-41da-9c47-70e13ba76d7d<-37bd8e8c-ea68-4b1c-8659-8d001c4f3b5c#0:FAIL-t169, 2a93f7e5-ecb9-41da-9c47-70e13ba76d7d<-24020d0b-ce61-4f5a-b0b0-c561541e8cd4#0:FAIL-t169] and 0 exception(s); 2a93f7e5-ecb9-41da-9c47-70e13ba76d7d@group-A9EE991D717F:t169, leader=null, voted=2a93f7e5-ecb9-41da-9c47-70e13ba76d7d, raftlog=2a93f7e5-ecb9-41da-9c47-70e13ba76d7d@group-A9EE991D717F-SegmentedRaftLog:OPENED:c-1,f0,i0, conf=0: [37bd8e8c-ea68-4b1c-8659-8d001c4f3b5c:192.168.34.62:41632, 24020d0b-ce61-4f5a-b0b0-c561541e8cd4:192.168.34.62:42892, 2a93f7e5-ecb9-41da-9c47-70e13ba76d7d:192.168.34.62:35412], old=null
2019-10-17 07:43:26,516 [2a93f7e5-ecb9-41da-9c47-70e13ba76d7d@group-A9EE991D717F-LeaderElection168] INFO  impl.RaftServerImpl (RaftServerImpl.java:setRole(184)) - 2a93f7e5-ecb9-41da-9c47-70e13ba76d7d@group-A9EE991D717F: changes role from CANDIDATE to FOLLOWER at term 169 for DISCOVERED_A_NEW_TERM
2019-10-17 07:43:26,516 [2a93f7e5-ecb9-41da-9c47-70e13ba76d7d@group-A9EE991D717F-LeaderElection168] INFO  impl.RoleInfo (RoleInfo.java:shutdownLeaderElection(134)) - 2a93f7e5-ecb9-41da-9c47-70e13ba76d7d: shutdown LeaderElection
2019-10-17 07:43:26,516 [2a93f7e5-ecb9-41da-9c47-70e13ba76d7d@group-A9EE991D717F-LeaderElection168] INFO  impl.RoleInfo (RoleInfo.java:updateAndGet(143)) - 2a93f7e5-ecb9-41da-9c47-70e13ba76d7d: start FollowerState
2019-10-17 07:43:26,607 [Thread-1535] INFO  impl.FollowerState (FollowerState.java:run(108)) - 2a93f7e5-ecb9-41da-9c47-70e13ba76d7d@group-A9EE991D717F-FollowerState: change to CANDIDATE, lastRpcTime:91ms, electionTimeout:91ms
2019-10-17 07:43:26,608 [Thread-1535] INFO  impl.RoleInfo (RoleInfo.java:shutdownFollowerState(121)) - 2a93f7e5-ecb9-41da-9c47-70e13ba76d7d: shutdown FollowerState
2019-10-17 07:43:26,608 [Thread-1535] INFO  impl.RaftServerImpl (RaftServerImpl.java:setRole(184)) - 2a93f7e5-ecb9-41da-9c47-70e13ba76d7d@group-A9EE991D717F: changes role from  FOLLOWER to CANDIDATE at term 169 for changeToCandidate
2019-10-17 07:43:26,608 [Thread-1535] INFO  impl.RoleInfo (RoleInfo.java:updateAndGet(143)) - 2a93f7e5-ecb9-41da-9c47-70e13ba76d7d: start LeaderElection
2019-10-17 07:43:26,631 [2a93f7e5-ecb9-41da-9c47-70e13ba76d7d@group-A9EE991D717F-LeaderElection169] INFO  impl.LeaderElection (LeaderElection.java:askForVotes(178)) - 2a93f7e5-ecb9-41da-9c47-70e13ba76d7d@group-A9EE991D717F-LeaderElection169: begin an election at term 170 for 0: [37bd8e8c-ea68-4b1c-8659-8d001c4f3b5c:192.168.34.62:41632, 24020d0b-ce61-4f5a-b0b0-c561541e8cd4:192.168.34.62:42892, 2a93f7e5-ecb9-41da-9c47-70e13ba76d7d:192.168.34.62:35412], old=null
2019-10-17 07:43:26,634 [grpc-default-executor-0] INFO  impl.RaftServerImpl (RaftServerImpl.java:setRole(184)) - 37bd8e8c-ea68-4b1c-8659-8d001c4f3b5c@group-A9EE991D717F: changes role from  FOLLOWER to FOLLOWER at term 170 for recognizeCandidate:2a93f7e5-ecb9-41da-9c47-70e13ba76d7d
2019-10-17 07:43:26,634 [grpc-default-executor-0] INFO  impl.RoleInfo (RoleInfo.java:shutdownFollowerState(121)) - 37bd8e8c-ea68-4b1c-8659-8d001c4f3b5c: shutdown FollowerState
2019-10-17 07:43:26,634 [grpc-default-executor-1] INFO  impl.RaftServerImpl (RaftServerImpl.java:setRole(184)) - 24020d0b-ce61-4f5a-b0b0-c561541e8cd4@group-A9EE991D717F: changes role from  FOLLOWER to FOLLOWER at term 170 for recognizeCandidate:2a93f7e5-ecb9-41da-9c47-70e13ba76d7d
2019-10-17 07:43:26,634 [Thread-1533] INFO  impl.FollowerState (FollowerState.java:run(117)) - 37bd8e8c-ea68-4b1c-8659-8d001c4f3b5c@group-A9EE991D717F-FollowerState was interrupted: java.lang.InterruptedException: sleep interrupted
2019-10-17 07:43:26,634 [grpc-default-executor-0] INFO  impl.RoleInfo (RoleInfo.java:updateAndGet(143)) - 37bd8e8c-ea68-4b1c-8659-8d001c4f3b5c: start FollowerState
2019-10-17 07:43:26,634 [grpc-default-executor-1] INFO  impl.RoleInfo (RoleInfo.java:shutdownFollowerState(121)) - 24020d0b-ce61-4f5a-b0b0-c561541e8cd4: shutdown FollowerState
2019-10-17 07:43:26,635 [grpc-default-executor-1] INFO  impl.RoleInfo (RoleInfo.java:updateAndGet(143)) - 24020d0b-ce61-4f5a-b0b0-c561541e8cd4: start FollowerState
2019-10-17 07:43:26,635 [Thread-1534] INFO  impl.FollowerState (FollowerState.java:run(117)) - 24020d0b-ce61-4f5a-b0b0-c561541e8cd4@group-A9EE991D717F-FollowerState was interrupted: java.lang.InterruptedException: sleep interrupted
2019-10-17 07:43:26,659 [2a93f7e5-ecb9-41da-9c47-70e13ba76d7d@group-A9EE991D717F-LeaderElection169] INFO  impl.LeaderElection (LeaderElection.java:logAndReturn(56)) - 2a93f7e5-ecb9-41da-9c47-70e13ba76d7d@group-A9EE991D717F-LeaderElection169: Election REJECTED; received 2 response(s) [2a93f7e5-ecb9-41da-9c47-70e13ba76d7d<-37bd8e8c-ea68-4b1c-8659-8d001c4f3b5c#0:FAIL-t170, 2a93f7e5-ecb9-41da-9c47-70e13ba76d7d<-24020d0b-ce61-4f5a-b0b0-c561541e8cd4#0:FAIL-t170] and 0 exception(s); 2a93f7e5-ecb9-41da-9c47-70e13ba76d7d@group-A9EE991D717F:t170, leader=null, voted=2a93f7e5-ecb9-41da-9c47-70e13ba76d7d, raftlog=2a93f7e5-ecb9-41da-9c47-70e13ba76d7d@group-A9EE991D717F-SegmentedRaftLog:OPENED:c-1,f0,i0, conf=0: [37bd8e8c-ea68-4b1c-8659-8d001c4f3b5c:192.168.34.62:41632, 24020d0b-ce61-4f5a-b0b0-c561541e8cd4:192.168.34.62:42892, 2a93f7e5-ecb9-41da-9c47-70e13ba76d7d:192.168.34.62:35412], old=null
2019-10-17 07:43:26,660 [2a93f7e5-ecb9-41da-9c47-70e13ba76d7d@group-A9EE991D717F-LeaderElection169] INFO  impl.RaftServerImpl (RaftServerImpl.java:setRole(184)) - 2a93f7e5-ecb9-41da-9c47-70e13ba76d7d@group-A9EE991D717F: changes role from CANDIDATE to FOLLOWER at term 170 for DISCOVERED_A_NEW_TERM
2019-10-17 07:43:26,660 [2a93f7e5-ecb9-41da-9c47-70e13ba76d7d@group-A9EE991D717F-LeaderElection169] INFO  impl.RoleInfo (RoleInfo.java:shutdownLeaderElection(134)) - 2a93f7e5-ecb9-41da-9c47-70e13ba76d7d: shutdown LeaderElection
2019-10-17 07:43:26,660 [2a93f7e5-ecb9-41da-9c47-70e13ba76d7d@group-A9EE991D717F-LeaderElection169] INFO  impl.RoleInfo (RoleInfo.java:updateAndGet(143)) - 2a93f7e5-ecb9-41da-9c47-70e13ba76d7d: start FollowerState
2019-10-17 07:43:26,793 [Thread-1541] INFO  impl.FollowerState (FollowerState.java:run(108)) - 2a93f7e5-ecb9-41da-9c47-70e13ba76d7d@group-A9EE991D717F-FollowerState: change to CANDIDATE, lastRpcTime:133ms, electionTimeout:133ms
2019-10-17 07:43:26,794 [Thread-1541] INFO  impl.RoleInfo (RoleInfo.java:shutdownFollowerState(121)) - 2a93f7e5-ecb9-41da-9c47-70e13ba76d7d: shutdown FollowerState
2019-10-17 07:43:26,794 [Thread-1541] INFO  impl.RaftServerImpl (RaftServerImpl.java:setRole(184)) - 2a93f7e5-ecb9-41da-9c47-70e13ba76d7d@group-A9EE991D717F: changes role from  FOLLOWER to CANDIDATE at term 170 for changeToCandidate
2019-10-17 07:43:26,794 [Thread-1541] INFO  impl.RoleInfo (RoleInfo.java:updateAndGet(143)) - 2a93f7e5-ecb9-41da-9c47-70e13ba76d7d: start LeaderElection
2019-10-17 07:43:26,818 [2a93f7e5-ecb9-41da-9c47-70e13ba76d7d@group-A9EE991D717F-LeaderElection170] INFO  impl.LeaderElection (LeaderElection.java:askForVotes(178)) - 2a93f7e5-ecb9-41da-9c47-70e13ba76d7d@group-A9EE991D717F-LeaderElection170: begin an election at term 171 for 0: [37bd8e8c-ea68-4b1c-8659-8d001c4f3b5c:192.168.34.62:41632, 24020d0b-ce61-4f5a-b0b0-c561541e8cd4:192.168.34.62:42892, 2a93f7e5-ecb9-41da-9c47-70e13ba76d7d:192.168.34.62:35412], old=null
2019-10-17 07:43:26,821 [grpc-default-executor-1] INFO  impl.RaftServerImpl (RaftServerImpl.java:setRole(184)) - 37bd8e8c-ea68-4b1c-8659-8d001c4f3b5c@group-A9EE991D717F: changes role from  FOLLOWER to FOLLOWER at term 171 for recognizeCandidate:2a93f7e5-ecb9-41da-9c47-70e13ba76d7d
2019-10-17 07:43:26,821 [grpc-default-executor-1] INFO  impl.RoleInfo (RoleInfo.java:shutdownFollowerState(121)) - 37bd8e8c-ea68-4b1c-8659-8d001c4f3b5c: shutdown FollowerState
2019-10-17 07:43:26,821 [grpc-default-executor-1] INFO  impl.RoleInfo (RoleInfo.java:updateAndGet(143)) - 37bd8e8c-ea68-4b1c-8659-8d001c4f3b5c: start FollowerState
2019-10-17 07:43:26,821 [Thread-1539] INFO  impl.FollowerState (FollowerState.java:run(117)) - 37bd8e8c-ea68-4b1c-8659-8d001c4f3b5c@group-A9EE991D717F-FollowerState was interrupted: java.lang.InterruptedException: sleep interrupted
2019-10-17 07:43:26,821 [grpc-default-executor-0] INFO  impl.RaftServerImpl (RaftServerImpl.java:setRole(184)) - 24020d0b-ce61-4f5a-b0b0-c561541e8cd4@group-A9EE991D717F: changes role from  FOLLOWER to FOLLOWER at term 171 for recognizeCandidate:2a93f7e5-ecb9-41da-9c47-70e13ba76d7d
2019-10-17 07:43:26,822 [grpc-default-executor-0] INFO  impl.RoleInfo (RoleInfo.java:shutdownFollowerState(121)) - 24020d0b-ce61-4f5a-b0b0-c561541e8cd4: shutdown FollowerState
2019-10-17 07:43:26,822 [grpc-default-executor-0] INFO  impl.RoleInfo (RoleInfo.java:updateAndGet(143)) - 24020d0b-ce61-4f5a-b0b0-c561541e8cd4: start FollowerState
2019-10-17 07:43:26,822 [Thread-1540] INFO  impl.FollowerState (FollowerState.java:run(117)) - 24020d0b-ce61-4f5a-b0b0-c561541e8cd4@group-A9EE991D717F-FollowerState was interrupted: java.lang.InterruptedException: sleep interrupted
2019-10-17 07:43:26,846 [2a93f7e5-ecb9-41da-9c47-70e13ba76d7d@group-A9EE991D717F-LeaderElection170] INFO  impl.LeaderElection (LeaderElection.java:logAndReturn(56)) - 2a93f7e5-ecb9-41da-9c47-70e13ba76d7d@group-A9EE991D717F-LeaderElection170: Election REJECTED; received 2 response(s) [2a93f7e5-ecb9-41da-9c47-70e13ba76d7d<-37bd8e8c-ea68-4b1c-8659-8d001c4f3b5c#0:FAIL-t171, 2a93f7e5-ecb9-41da-9c47-70e13ba76d7d<-24020d0b-ce61-4f5a-b0b0-c561541e8cd4#0:FAIL-t171] and 0 exception(s); 2a93f7e5-ecb9-41da-9c47-70e13ba76d7d@group-A9EE991D717F:t171, leader=null, voted=2a93f7e5-ecb9-41da-9c47-70e13ba76d7d, raftlog=2a93f7e5-ecb9-41da-9c47-70e13ba76d7d@group-A9EE991D717F-SegmentedRaftLog:OPENED:c-1,f0,i0, conf=0: [37bd8e8c-ea68-4b1c-8659-8d001c4f3b5c:192.168.34.62:41632, 24020d0b-ce61-4f5a-b0b0-c561541e8cd4:192.168.34.62:42892, 2a93f7e5-ecb9-41da-9c47-70e13ba76d7d:192.168.34.62:35412], old=null
2019-10-17 07:43:26,846 [2a93f7e5-ecb9-41da-9c47-70e13ba76d7d@group-A9EE991D717F-LeaderElection170] INFO  impl.RaftServerImpl (RaftServerImpl.java:setRole(184)) - 2a93f7e5-ecb9-41da-9c47-70e13ba76d7d@group-A9EE991D717F: changes role from CANDIDATE to FOLLOWER at term 171 for DISCOVERED_A_NEW_TERM
2019-10-17 07:43:26,846 [2a93f7e5-ecb9-41da-9c47-70e13ba76d7d@group-A9EE991D717F-LeaderElection170] INFO  impl.RoleInfo (RoleInfo.java:shutdownLeaderElection(134)) - 2a93f7e5-ecb9-41da-9c47-70e13ba76d7d: shutdown LeaderElection
2019-10-17 07:43:26,846 [2a93f7e5-ecb9-41da-9c47-70e13ba76d7d@group-A9EE991D717F-LeaderElection170] INFO  impl.RoleInfo (RoleInfo.java:updateAndGet(143)) - 2a93f7e5-ecb9-41da-9c47-70e13ba76d7d: start FollowerState
2019-10-17 07:43:26,921 [Thread-1547] INFO  impl.FollowerState (FollowerState.java:run(108)) - 2a93f7e5-ecb9-41da-9c47-70e13ba76d7d@group-A9EE991D717F-FollowerState: change to CANDIDATE, lastRpcTime:74ms, electionTimeout:74ms
2019-10-17 07:43:26,921 [Thread-1547] INFO  impl.RoleInfo (RoleInfo.java:shutdownFollowerState(121)) - 2a93f7e5-ecb9-41da-9c47-70e13ba76d7d: shutdown FollowerState
2019-10-17 07:43:26,921 [Thread-1547] INFO  impl.RaftServerImpl (RaftServerImpl.java:setRole(184)) - 2a93f7e5-ecb9-41da-9c47-70e13ba76d7d@group-A9EE991D717F: changes role from  FOLLOWER to CANDIDATE at term 171 for changeToCandidate
2019-10-17 07:43:26,921 [Thread-1547] INFO  impl.RoleInfo (RoleInfo.java:updateAndGet(143)) - 2a93f7e5-ecb9-41da-9c47-70e13ba76d7d: start LeaderElection
2019-10-17 07:43:26,958 [2a93f7e5-ecb9-41da-9c47-70e13ba76d7d@group-A9EE991D717F-LeaderElection171] INFO  impl.LeaderElection (LeaderElection.java:askForVotes(178)) - 2a93f7e5-ecb9-41da-9c47-70e13ba76d7d@group-A9EE991D717F-LeaderElection171: begin an election at term 172 for 0: [37bd8e8c-ea68-4b1c-8659-8d001c4f3b5c:192.168.34.62:41632, 24020d0b-ce61-4f5a-b0b0-c561541e8cd4:192.168.34.62:42892, 2a93f7e5-ecb9-41da-9c47-70e13ba76d7d:192.168.34.62:35412], old=null
2019-10-17 07:43:26,962 [grpc-default-executor-0] INFO  impl.RaftServerImpl (RaftServerImpl.java:setRole(184)) - 37bd8e8c-ea68-4b1c-8659-8d001c4f3b5c@group-A9EE991D717F: changes role from  FOLLOWER to FOLLOWER at term 172 for recognizeCandidate:2a93f7e5-ecb9-41da-9c47-70e13ba76d7d
2019-10-17 07:43:26,962 [grpc-default-executor-1] INFO  impl.RaftServerImpl (RaftServerImpl.java:setRole(184)) - 24020d0b-ce61-4f5a-b0b0-c561541e8cd4@group-A9EE991D717F: changes role from  FOLLOWER to FOLLOWER at term 172 for recognizeCandidate:2a93f7e5-ecb9-41da-9c47-70e13ba76d7d
2019-10-17 07:43:26,962 [grpc-default-executor-0] INFO  impl.RoleInfo (RoleInfo.java:shutdownFollowerState(121)) - 37bd8e8c-ea68-4b1c-8659-8d001c4f3b5c: shutdown FollowerState
2019-10-17 07:43:26,963 [grpc-default-executor-1] INFO  impl.RoleInfo (RoleInfo.java:shutdownFollowerState(121)) - 24020d0b-ce61-4f5a-b0b0-c561541e8cd4: shutdown FollowerState
2019-10-17 07:43:26,963 [Thread-1545] INFO  impl.FollowerState (FollowerState.java:run(117)) - 37bd8e8c-ea68-4b1c-8659-8d001c4f3b5c@group-A9EE991D717F-FollowerState was interrupted: java.lang.InterruptedException: sleep interrupted
2019-10-17 07:43:26,963 [grpc-default-executor-0] INFO  impl.RoleInfo (RoleInfo.java:updateAndGet(143)) - 37bd8e8c-ea68-4b1c-8659-8d001c4f3b5c: start FollowerState
2019-10-17 07:43:26,963 [Thread-1546] INFO  impl.FollowerState (FollowerState.java:run(117)) - 24020d0b-ce61-4f5a-b0b0-c561541e8cd4@group-A9EE991D717F-FollowerState was interrupted: java.lang.InterruptedException: sleep interrupted
2019-10-17 07:43:26,963 [grpc-default-executor-1] INFO  impl.RoleInfo (RoleInfo.java:updateAndGet(143)) - 24020d0b-ce61-4f5a-b0b0-c561541e8cd4: start FollowerState
2019-10-17 07:43:26,994 [2a93f7e5-ecb9-41da-9c47-70e13ba76d7d@group-A9EE991D717F-LeaderElection171] INFO  impl.LeaderElection (LeaderElection.java:logAndReturn(56)) - 2a93f7e5-ecb9-41da-9c47-70e13ba76d7d@group-A9EE991D717F-LeaderElection171: Election REJECTED; received 2 response(s) [2a93f7e5-ecb9-41da-9c47-70e13ba76d7d<-37bd8e8c-ea68-4b1c-8659-8d001c4f3b5c#0:FAIL-t172, 2a93f7e5-ecb9-41da-9c47-70e13ba76d7d<-24020d0b-ce61-4f5a-b0b0-c561541e8cd4#0:FAIL-t172] and 0 exception(s); 2a93f7e5-ecb9-41da-9c47-70e13ba76d7d@group-A9EE991D717F:t172, leader=null, voted=2a93f7e5-ecb9-41da-9c47-70e13ba76d7d, raftlog=2a93f7e5-ecb9-41da-9c47-70e13ba76d7d@group-A9EE991D717F-SegmentedRaftLog:OPENED:c-1,f0,i0, conf=0: [37bd8e8c-ea68-4b1c-8659-8d001c4f3b5c:192.168.34.62:41632, 24020d0b-ce61-4f5a-b0b0-c561541e8cd4:192.168.34.62:42892, 2a93f7e5-ecb9-41da-9c47-70e13ba76d7d:192.168.34.62:35412], old=null
2019-10-17 07:43:26,994 [2a93f7e5-ecb9-41da-9c47-70e13ba76d7d@group-A9EE991D717F-LeaderElection171] INFO  impl.RaftServerImpl (RaftServerImpl.java:setRole(184)) - 2a93f7e5-ecb9-41da-9c47-70e13ba76d7d@group-A9EE991D717F: changes role from CANDIDATE to FOLLOWER at term 172 for DISCOVERED_A_NEW_TERM
2019-10-17 07:43:26,994 [2a93f7e5-ecb9-41da-9c47-70e13ba76d7d@group-A9EE991D717F-LeaderElection171] INFO  impl.RoleInfo (RoleInfo.java:shutdownLeaderElection(134)) - 2a93f7e5-ecb9-41da-9c47-70e13ba76d7d: shutdown LeaderElection
2019-10-17 07:43:26,995 [2a93f7e5-ecb9-41da-9c47-70e13ba76d7d@group-A9EE991D717F-LeaderElection171] INFO  impl.RoleInfo (RoleInfo.java:updateAndGet(143)) - 2a93f7e5-ecb9-41da-9c47-70e13ba76d7d: start FollowerState
2019-10-17 07:43:27,155 [Thread-1553] INFO  impl.FollowerState (FollowerState.java:run(108)) - 2a93f7e5-ecb9-41da-9c47-70e13ba76d7d@group-A9EE991D717F-FollowerState: change to CANDIDATE, lastRpcTime:160ms, electionTimeout:160ms
2019-10-17 07:43:27,155 [Thread-1553] INFO  impl.RoleInfo (RoleInfo.java:shutdownFollowerState(121)) - 2a93f7e5-ecb9-41da-9c47-70e13ba76d7d: shutdown FollowerState
2019-10-17 07:43:27,156 [Thread-1553] INFO  impl.RaftServerImpl (RaftServerImpl.java:setRole(184)) - 2a93f7e5-ecb9-41da-9c47-70e13ba76d7d@group-A9EE991D717F: changes role from  FOLLOWER to CANDIDATE at term 172 for changeToCandidate
2019-10-17 07:43:27,156 [Thread-1553] INFO  impl.RoleInfo (RoleInfo.java:updateAndGet(143)) - 2a93f7e5-ecb9-41da-9c47-70e13ba76d7d: start LeaderElection
2019-10-17 07:43:27,185 [2a93f7e5-ecb9-41da-9c47-70e13ba76d7d@group-A9EE991D717F-LeaderElection172] INFO  impl.LeaderElection (LeaderElection.java:askForVotes(178)) - 2a93f7e5-ecb9-41da-9c47-70e13ba76d7d@group-A9EE991D717F-LeaderElection172: begin an election at term 173 for 0: [37bd8e8c-ea68-4b1c-8659-8d001c4f3b5c:192.168.34.62:41632, 24020d0b-ce61-4f5a-b0b0-c561541e8cd4:192.168.34.62:42892, 2a93f7e5-ecb9-41da-9c47-70e13ba76d7d:192.168.34.62:35412], old=null
2019-10-17 07:43:27,188 [grpc-default-executor-1] INFO  impl.RaftServerImpl (RaftServerImpl.java:setRole(184)) - 37bd8e8c-ea68-4b1c-8659-8d001c4f3b5c@group-A9EE991D717F: changes role from  FOLLOWER to FOLLOWER at term 173 for recognizeCandidate:2a93f7e5-ecb9-41da-9c47-70e13ba76d7d
2019-10-17 07:43:27,188 [grpc-default-executor-0] INFO  impl.RaftServerImpl (RaftServerImpl.java:setRole(184)) - 24020d0b-ce61-4f5a-b0b0-c561541e8cd4@group-A9EE991D717F: changes role from  FOLLOWER to FOLLOWER at term 173 for recognizeCandidate:2a93f7e5-ecb9-41da-9c47-70e13ba76d7d
2019-10-17 07:43:27,188 [grpc-default-executor-1] INFO  impl.RoleInfo (RoleInfo.java:shutdownFollowerState(121)) - 37bd8e8c-ea68-4b1c-8659-8d001c4f3b5c: shutdown FollowerState
2019-10-17 07:43:27,189 [grpc-default-executor-0] INFO  impl.RoleInfo (RoleInfo.java:shutdownFollowerState(121)) - 24020d0b-ce61-4f5a-b0b0-c561541e8cd4: shutdown FollowerState
2019-10-17 07:43:27,189 [Thread-1551] INFO  impl.FollowerState (FollowerState.java:run(117)) - 37bd8e8c-ea68-4b1c-8659-8d001c4f3b5c@group-A9EE991D717F-FollowerState was interrupted: java.lang.InterruptedException: sleep interrupted
2019-10-17 07:43:27,189 [grpc-default-executor-1] INFO  impl.RoleInfo (RoleInfo.java:updateAndGet(143)) - 37bd8e8c-ea68-4b1c-8659-8d001c4f3b5c: start FollowerState
2019-10-17 07:43:27,189 [Thread-1552] INFO  impl.FollowerState (FollowerState.java:run(117)) - 24020d0b-ce61-4f5a-b0b0-c561541e8cd4@group-A9EE991D717F-FollowerState was interrupted: java.lang.InterruptedException: sleep interrupted
2019-10-17 07:43:27,189 [grpc-default-executor-0] INFO  impl.RoleInfo (RoleInfo.java:updateAndGet(143)) - 24020d0b-ce61-4f5a-b0b0-c561541e8cd4: start FollowerState
2019-10-17 07:43:27,212 [2a93f7e5-ecb9-41da-9c47-70e13ba76d7d@group-A9EE991D717F-LeaderElection172] INFO  impl.LeaderElection (LeaderElection.java:logAndReturn(56)) - 2a93f7e5-ecb9-41da-9c47-70e13ba76d7d@group-A9EE991D717F-LeaderElection172: Election REJECTED; received 2 response(s) [2a93f7e5-ecb9-41da-9c47-70e13ba76d7d<-37bd8e8c-ea68-4b1c-8659-8d001c4f3b5c#0:FAIL-t173, 2a93f7e5-ecb9-41da-9c47-70e13ba76d7d<-24020d0b-ce61-4f5a-b0b0-c561541e8cd4#0:FAIL-t173] and 0 exception(s); 2a93f7e5-ecb9-41da-9c47-70e13ba76d7d@group-A9EE991D717F:t173, leader=null, voted=2a93f7e5-ecb9-41da-9c47-70e13ba76d7d, raftlog=2a93f7e5-ecb9-41da-9c47-70e13ba76d7d@group-A9EE991D717F-SegmentedRaftLog:OPENED:c-1,f0,i0, conf=0: [37bd8e8c-ea68-4b1c-8659-8d001c4f3b5c:192.168.34.62:41632, 24020d0b-ce61-4f5a-b0b0-c561541e8cd4:192.168.34.62:42892, 2a93f7e5-ecb9-41da-9c47-70e13ba76d7d:192.168.34.62:35412], old=null
2019-10-17 07:43:27,212 [2a93f7e5-ecb9-41da-9c47-70e13ba76d7d@group-A9EE991D717F-LeaderElection172] INFO  impl.RaftServerImpl (RaftServerImpl.java:setRole(184)) - 2a93f7e5-ecb9-41da-9c47-70e13ba76d7d@group-A9EE991D717F: changes role from CANDIDATE to FOLLOWER at term 173 for DISCOVERED_A_NEW_TERM
2019-10-17 07:43:27,212 [2a93f7e5-ecb9-41da-9c47-70e13ba76d7d@group-A9EE991D717F-LeaderElection172] INFO  impl.RoleInfo (RoleInfo.java:shutdownLeaderElection(134)) - 2a93f7e5-ecb9-41da-9c47-70e13ba76d7d: shutdown LeaderElection
2019-10-17 07:43:27,212 [2a93f7e5-ecb9-41da-9c47-70e13ba76d7d@group-A9EE991D717F-LeaderElection172] INFO  impl.RoleInfo (RoleInfo.java:updateAndGet(143)) - 2a93f7e5-ecb9-41da-9c47-70e13ba76d7d: start FollowerState
2019-10-17 07:43:27,272 [Thread-1559] INFO  impl.FollowerState (FollowerState.java:run(108)) - 2a93f7e5-ecb9-41da-9c47-70e13ba76d7d@group-A9EE991D717F-FollowerState: change to CANDIDATE, lastRpcTime:59ms, electionTimeout:59ms
2019-10-17 07:43:27,272 [Thread-1559] INFO  impl.RoleInfo (RoleInfo.java:shutdownFollowerState(121)) - 2a93f7e5-ecb9-41da-9c47-70e13ba76d7d: shutdown FollowerState
2019-10-17 07:43:27,272 [Thread-1559] INFO  impl.RaftServerImpl (RaftServerImpl.java:setRole(184)) - 2a93f7e5-ecb9-41da-9c47-70e13ba76d7d@group-A9EE991D717F: changes role from  FOLLOWER to CANDIDATE at term 173 for changeToCandidate
2019-10-17 07:43:27,272 [Thread-1559] INFO  impl.RoleInfo (RoleInfo.java:updateAndGet(143)) - 2a93f7e5-ecb9-41da-9c47-70e13ba76d7d: start LeaderElection
2019-10-17 07:43:27,303 [2a93f7e5-ecb9-41da-9c47-70e13ba76d7d@group-A9EE991D717F-LeaderElection173] INFO  impl.LeaderElection (LeaderElection.java:askForVotes(178)) - 2a93f7e5-ecb9-41da-9c47-70e13ba76d7d@group-A9EE991D717F-LeaderElection173: begin an election at term 174 for 0: [37bd8e8c-ea68-4b1c-8659-8d001c4f3b5c:192.168.34.62:41632, 24020d0b-ce61-4f5a-b0b0-c561541e8cd4:192.168.34.62:42892, 2a93f7e5-ecb9-41da-9c47-70e13ba76d7d:192.168.34.62:35412], old=null
2019-10-17 07:43:27,305 [grpc-default-executor-0] INFO  impl.RaftServerImpl (RaftServerImpl.java:setRole(184)) - 37bd8e8c-ea68-4b1c-8659-8d001c4f3b5c@group-A9EE991D717F: changes role from  FOLLOWER to FOLLOWER at term 174 for recognizeCandidate:2a93f7e5-ecb9-41da-9c47-70e13ba76d7d
2019-10-17 07:43:27,305 [grpc-default-executor-0] INFO  impl.RoleInfo (RoleInfo.java:shutdownFollowerState(121)) - 37bd8e8c-ea68-4b1c-8659-8d001c4f3b5c: shutdown FollowerState
2019-10-17 07:43:27,305 [grpc-default-executor-1] INFO  impl.RaftServerImpl (RaftServerImpl.java:setRole(184)) - 24020d0b-ce61-4f5a-b0b0-c561541e8cd4@group-A9EE991D717F: changes role from  FOLLOWER to FOLLOWER at term 174 for recognizeCandidate:2a93f7e5-ecb9-41da-9c47-70e13ba76d7d
2019-10-17 07:43:27,306 [Thread-1557] INFO  impl.FollowerState (FollowerState.java:run(117)) - 37bd8e8c-ea68-4b1c-8659-8d001c4f3b5c@group-A9EE991D717F-FollowerState was interrupted: java.lang.InterruptedException: sleep interrupted
2019-10-17 07:43:27,305 [grpc-default-executor-0] INFO  impl.RoleInfo (RoleInfo.java:updateAndGet(143)) - 37bd8e8c-ea68-4b1c-8659-8d001c4f3b5c: start FollowerState
2019-10-17 07:43:27,306 [grpc-default-executor-1] INFO  impl.RoleInfo (RoleInfo.java:shutdownFollowerState(121)) - 24020d0b-ce61-4f5a-b0b0-c561541e8cd4: shutdown FollowerState
2019-10-17 07:43:27,306 [grpc-default-executor-1] INFO  impl.RoleInfo (RoleInfo.java:updateAndGet(143)) - 24020d0b-ce61-4f5a-b0b0-c561541e8cd4: start FollowerState
2019-10-17 07:43:27,306 [Thread-1558] INFO  impl.FollowerState (FollowerState.java:run(117)) - 24020d0b-ce61-4f5a-b0b0-c561541e8cd4@group-A9EE991D717F-FollowerState was interrupted: java.lang.InterruptedException: sleep interrupted
2019-10-17 07:43:27,332 [2a93f7e5-ecb9-41da-9c47-70e13ba76d7d@group-A9EE991D717F-LeaderElection173] INFO  impl.LeaderElection (LeaderElection.java:logAndReturn(56)) - 2a93f7e5-ecb9-41da-9c47-70e13ba76d7d@group-A9EE991D717F-LeaderElection173: Election REJECTED; received 2 response(s) [2a93f7e5-ecb9-41da-9c47-70e13ba76d7d<-37bd8e8c-ea68-4b1c-8659-8d001c4f3b5c#0:FAIL-t174, 2a93f7e5-ecb9-41da-9c47-70e13ba76d7d<-24020d0b-ce61-4f5a-b0b0-c561541e8cd4#0:FAIL-t174] and 0 exception(s); 2a93f7e5-ecb9-41da-9c47-70e13ba76d7d@group-A9EE991D717F:t174, leader=null, voted=2a93f7e5-ecb9-41da-9c47-70e13ba76d7d, raftlog=2a93f7e5-ecb9-41da-9c47-70e13ba76d7d@group-A9EE991D717F-SegmentedRaftLog:OPENED:c-1,f0,i0, conf=0: [37bd8e8c-ea68-4b1c-8659-8d001c4f3b5c:192.168.34.62:41632, 24020d0b-ce61-4f5a-b0b0-c561541e8cd4:192.168.34.62:42892, 2a93f7e5-ecb9-41da-9c47-70e13ba76d7d:192.168.34.62:35412], old=null
2019-10-17 07:43:27,332 [2a93f7e5-ecb9-41da-9c47-70e13ba76d7d@group-A9EE991D717F-LeaderElection173] INFO  impl.RaftServerImpl (RaftServerImpl.java:setRole(184)) - 2a93f7e5-ecb9-41da-9c47-70e13ba76d7d@group-A9EE991D717F: changes role from CANDIDATE to FOLLOWER at term 174 for DISCOVERED_A_NEW_TERM
2019-10-17 07:43:27,332 [2a93f7e5-ecb9-41da-9c47-70e13ba76d7d@group-A9EE991D717F-LeaderElection173] INFO  impl.RoleInfo (RoleInfo.java:shutdownLeaderElection(134)) - 2a93f7e5-ecb9-41da-9c47-70e13ba76d7d: shutdown LeaderElection
2019-10-17 07:43:27,332 [2a93f7e5-ecb9-41da-9c47-70e13ba76d7d@group-A9EE991D717F-LeaderElection173] INFO  impl.RoleInfo (RoleInfo.java:updateAndGet(143)) - 2a93f7e5-ecb9-41da-9c47-70e13ba76d7d: start FollowerState
2019-10-17 07:43:27,454 [Thread-1565] INFO  impl.FollowerState (FollowerState.java:run(108)) - 2a93f7e5-ecb9-41da-9c47-70e13ba76d7d@group-A9EE991D717F-FollowerState: change to CANDIDATE, lastRpcTime:121ms, electionTimeout:121ms
2019-10-17 07:43:27,454 [Thread-1565] INFO  impl.RoleInfo (RoleInfo.java:shutdownFollowerState(121)) - 2a93f7e5-ecb9-41da-9c47-70e13ba76d7d: shutdown FollowerState
2019-10-17 07:43:27,454 [Thread-1565] INFO  impl.RaftServerImpl (RaftServerImpl.java:setRole(184)) - 2a93f7e5-ecb9-41da-9c47-70e13ba76d7d@group-A9EE991D717F: changes role from  FOLLOWER to CANDIDATE at term 174 for changeToCandidate
2019-10-17 07:43:27,454 [Thread-1565] INFO  impl.RoleInfo (RoleInfo.java:updateAndGet(143)) - 2a93f7e5-ecb9-41da-9c47-70e13ba76d7d: start LeaderElection
2019-10-17 07:43:27,468 [2a93f7e5-ecb9-41da-9c47-70e13ba76d7d@group-A9EE991D717F-LeaderElection174] INFO  impl.LeaderElection (LeaderElection.java:askForVotes(178)) - 2a93f7e5-ecb9-41da-9c47-70e13ba76d7d@group-A9EE991D717F-LeaderElection174: begin an election at term 175 for 0: [37bd8e8c-ea68-4b1c-8659-8d001c4f3b5c:192.168.34.62:41632, 24020d0b-ce61-4f5a-b0b0-c561541e8cd4:192.168.34.62:42892, 2a93f7e5-ecb9-41da-9c47-70e13ba76d7d:192.168.34.62:35412], old=null
2019-10-17 07:43:27,470 [grpc-default-executor-0] INFO  impl.RaftServerImpl (RaftServerImpl.java:setRole(184)) - 37bd8e8c-ea68-4b1c-8659-8d001c4f3b5c@group-A9EE991D717F: changes role from  FOLLOWER to FOLLOWER at term 175 for recognizeCandidate:2a93f7e5-ecb9-41da-9c47-70e13ba76d7d
2019-10-17 07:43:27,470 [grpc-default-executor-0] INFO  impl.RoleInfo (RoleInfo.java:shutdownFollowerState(121)) - 37bd8e8c-ea68-4b1c-8659-8d001c4f3b5c: shutdown FollowerState
2019-10-17 07:43:27,470 [grpc-default-executor-0] INFO  impl.RoleInfo (RoleInfo.java:updateAndGet(143)) - 37bd8e8c-ea68-4b1c-8659-8d001c4f3b5c: start FollowerState
2019-10-17 07:43:27,470 [Thread-1563] INFO  impl.FollowerState (FollowerState.java:run(117)) - 37bd8e8c-ea68-4b1c-8659-8d001c4f3b5c@group-A9EE991D717F-FollowerState was interrupted: java.lang.InterruptedException: sleep interrupted
2019-10-17 07:43:27,470 [grpc-default-executor-1] INFO  impl.RaftServerImpl (RaftServerImpl.java:setRole(184)) - 24020d0b-ce61-4f5a-b0b0-c561541e8cd4@group-A9EE991D717F: changes role from  FOLLOWER to FOLLOWER at term 175 for recognizeCandidate:2a93f7e5-ecb9-41da-9c47-70e13ba76d7d
2019-10-17 07:43:27,471 [grpc-default-executor-1] INFO  impl.RoleInfo (RoleInfo.java:shutdownFollowerState(121)) - 24020d0b-ce61-4f5a-b0b0-c561541e8cd4: shutdown FollowerState
2019-10-17 07:43:27,471 [grpc-default-executor-1] INFO  impl.RoleInfo (RoleInfo.java:updateAndGet(143)) - 24020d0b-ce61-4f5a-b0b0-c561541e8cd4: start FollowerState
2019-10-17 07:43:27,471 [Thread-1564] INFO  impl.FollowerState (FollowerState.java:run(117)) - 24020d0b-ce61-4f5a-b0b0-c561541e8cd4@group-A9EE991D717F-FollowerState was interrupted: java.lang.InterruptedException: sleep interrupted
2019-10-17 07:43:27,496 [2a93f7e5-ecb9-41da-9c47-70e13ba76d7d@group-A9EE991D717F-LeaderElection174] INFO  impl.LeaderElection (LeaderElection.java:logAndReturn(56)) - 2a93f7e5-ecb9-41da-9c47-70e13ba76d7d@group-A9EE991D717F-LeaderElection174: Election REJECTED; received 2 response(s) [2a93f7e5-ecb9-41da-9c47-70e13ba76d7d<-37bd8e8c-ea68-4b1c-8659-8d001c4f3b5c#0:FAIL-t175, 2a93f7e5-ecb9-41da-9c47-70e13ba76d7d<-24020d0b-ce61-4f5a-b0b0-c561541e8cd4#0:FAIL-t175] and 0 exception(s); 2a93f7e5-ecb9-41da-9c47-70e13ba76d7d@group-A9EE991D717F:t175, leader=null, voted=2a93f7e5-ecb9-41da-9c47-70e13ba76d7d, raftlog=2a93f7e5-ecb9-41da-9c47-70e13ba76d7d@group-A9EE991D717F-SegmentedRaftLog:OPENED:c-1,f0,i0, conf=0: [37bd8e8c-ea68-4b1c-8659-8d001c4f3b5c:192.168.34.62:41632, 24020d0b-ce61-4f5a-b0b0-c561541e8cd4:192.168.34.62:42892, 2a93f7e5-ecb9-41da-9c47-70e13ba76d7d:192.168.34.62:35412], old=null
2019-10-17 07:43:27,496 [2a93f7e5-ecb9-41da-9c47-70e13ba76d7d@group-A9EE991D717F-LeaderElection174] INFO  impl.RaftServerImpl (RaftServerImpl.java:setRole(184)) - 2a93f7e5-ecb9-41da-9c47-70e13ba76d7d@group-A9EE991D717F: changes role from CANDIDATE to FOLLOWER at term 175 for DISCOVERED_A_NEW_TERM
2019-10-17 07:43:27,497 [2a93f7e5-ecb9-41da-9c47-70e13ba76d7d@group-A9EE991D717F-LeaderElection174] INFO  impl.RoleInfo (RoleInfo.java:shutdownLeaderElection(134)) - 2a93f7e5-ecb9-41da-9c47-70e13ba76d7d: shutdown LeaderElection
2019-10-17 07:43:27,497 [2a93f7e5-ecb9-41da-9c47-70e13ba76d7d@group-A9EE991D717F-LeaderElection174] INFO  impl.RoleInfo (RoleInfo.java:updateAndGet(143)) - 2a93f7e5-ecb9-41da-9c47-70e13ba76d7d: start FollowerState
2019-10-17 07:43:27,635 [Thread-1571] INFO  impl.FollowerState (FollowerState.java:run(108)) - 2a93f7e5-ecb9-41da-9c47-70e13ba76d7d@group-A9EE991D717F-FollowerState: change to CANDIDATE, lastRpcTime:138ms, electionTimeout:138ms
2019-10-17 07:43:27,636 [Thread-1571] INFO  impl.RoleInfo (RoleInfo.java:shutdownFollowerState(121)) - 2a93f7e5-ecb9-41da-9c47-70e13ba76d7d: shutdown FollowerState
2019-10-17 07:43:27,636 [Thread-1571] INFO  impl.RaftServerImpl (RaftServerImpl.java:setRole(184)) - 2a93f7e5-ecb9-41da-9c47-70e13ba76d7d@group-A9EE991D717F: changes role from  FOLLOWER to CANDIDATE at term 175 for changeToCandidate
2019-10-17 07:43:27,636 [Thread-1571] INFO  impl.RoleInfo (RoleInfo.java:updateAndGet(143)) - 2a93f7e5-ecb9-41da-9c47-70e13ba76d7d: start LeaderElection
2019-10-17 07:43:27,657 [2a93f7e5-ecb9-41da-9c47-70e13ba76d7d@group-A9EE991D717F-LeaderElection175] INFO  impl.LeaderElection (LeaderElection.java:askForVotes(178)) - 2a93f7e5-ecb9-41da-9c47-70e13ba76d7d@group-A9EE991D717F-LeaderElection175: begin an election at term 176 for 0: [37bd8e8c-ea68-4b1c-8659-8d001c4f3b5c:192.168.34.62:41632, 24020d0b-ce61-4f5a-b0b0-c561541e8cd4:192.168.34.62:42892, 2a93f7e5-ecb9-41da-9c47-70e13ba76d7d:192.168.34.62:35412], old=null
2019-10-17 07:43:27,661 [grpc-default-executor-0] INFO  impl.RaftServerImpl (RaftServerImpl.java:setRole(184)) - 37bd8e8c-ea68-4b1c-8659-8d001c4f3b5c@group-A9EE991D717F: changes role from  FOLLOWER to FOLLOWER at term 176 for recognizeCandidate:2a93f7e5-ecb9-41da-9c47-70e13ba76d7d
2019-10-17 07:43:27,661 [grpc-default-executor-0] INFO  impl.RoleInfo (RoleInfo.java:shutdownFollowerState(121)) - 37bd8e8c-ea68-4b1c-8659-8d001c4f3b5c: shutdown FollowerState
2019-10-17 07:43:27,661 [grpc-default-executor-1] INFO  impl.RaftServerImpl (RaftServerImpl.java:setRole(184)) - 24020d0b-ce61-4f5a-b0b0-c561541e8cd4@group-A9EE991D717F: changes role from  FOLLOWER to FOLLOWER at term 176 for recognizeCandidate:2a93f7e5-ecb9-41da-9c47-70e13ba76d7d
2019-10-17 07:43:27,661 [grpc-default-executor-1] INFO  impl.RoleInfo (RoleInfo.java:shutdownFollowerState(121)) - 24020d0b-ce61-4f5a-b0b0-c561541e8cd4: shutdown FollowerState
2019-10-17 07:43:27,661 [Thread-1569] INFO  impl.FollowerState (FollowerState.java:run(117)) - 37bd8e8c-ea68-4b1c-8659-8d001c4f3b5c@group-A9EE991D717F-FollowerState was interrupted: java.lang.InterruptedException: sleep interrupted
2019-10-17 07:43:27,661 [grpc-default-executor-0] INFO  impl.RoleInfo (RoleInfo.java:updateAndGet(143)) - 37bd8e8c-ea68-4b1c-8659-8d001c4f3b5c: start FollowerState
2019-10-17 07:43:27,661 [Thread-1570] INFO  impl.FollowerState (FollowerState.java:run(117)) - 24020d0b-ce61-4f5a-b0b0-c561541e8cd4@group-A9EE991D717F-FollowerState was interrupted: java.lang.InterruptedException: sleep interrupted
2019-10-17 07:43:27,661 [grpc-default-executor-1] INFO  impl.RoleInfo (RoleInfo.java:updateAndGet(143)) - 24020d0b-ce61-4f5a-b0b0-c561541e8cd4: start FollowerState
2019-10-17 07:43:27,676 [2a93f7e5-ecb9-41da-9c47-70e13ba76d7d@group-A9EE991D717F-LeaderElection175] INFO  impl.LeaderElection (LeaderElection.java:logAndReturn(56)) - 2a93f7e5-ecb9-41da-9c47-70e13ba76d7d@group-A9EE991D717F-LeaderElection175: Election REJECTED; received 2 response(s) [2a93f7e5-ecb9-41da-9c47-70e13ba76d7d<-37bd8e8c-ea68-4b1c-8659-8d001c4f3b5c#0:FAIL-t176, 2a93f7e5-ecb9-41da-9c47-70e13ba76d7d<-24020d0b-ce61-4f5a-b0b0-c561541e8cd4#0:FAIL-t176] and 0 exception(s); 2a93f7e5-ecb9-41da-9c47-70e13ba76d7d@group-A9EE991D717F:t176, leader=null, voted=2a93f7e5-ecb9-41da-9c47-70e13ba76d7d, raftlog=2a93f7e5-ecb9-41da-9c47-70e13ba76d7d@group-A9EE991D717F-SegmentedRaftLog:OPENED:c-1,f0,i0, conf=0: [37bd8e8c-ea68-4b1c-8659-8d001c4f3b5c:192.168.34.62:41632, 24020d0b-ce61-4f5a-b0b0-c561541e8cd4:192.168.34.62:42892, 2a93f7e5-ecb9-41da-9c47-70e13ba76d7d:192.168.34.62:35412], old=null
2019-10-17 07:43:27,677 [2a93f7e5-ecb9-41da-9c47-70e13ba76d7d@group-A9EE991D717F-LeaderElection175] INFO  impl.RaftServerImpl (RaftServerImpl.java:setRole(184)) - 2a93f7e5-ecb9-41da-9c47-70e13ba76d7d@group-A9EE991D717F: changes role from CANDIDATE to FOLLOWER at term 176 for DISCOVERED_A_NEW_TERM
2019-10-17 07:43:27,677 [2a93f7e5-ecb9-41da-9c47-70e13ba76d7d@group-A9EE991D717F-LeaderElection175] INFO  impl.RoleInfo (RoleInfo.java:shutdownLeaderElection(134)) - 2a93f7e5-ecb9-41da-9c47-70e13ba76d7d: shutdown LeaderElection
2019-10-17 07:43:27,677 [2a93f7e5-ecb9-41da-9c47-70e13ba76d7d@group-A9EE991D717F-LeaderElection175] INFO  impl.RoleInfo (RoleInfo.java:updateAndGet(143)) - 2a93f7e5-ecb9-41da-9c47-70e13ba76d7d: start FollowerState
2019-10-17 07:43:27,694 [Thread-1577] INFO  impl.FollowerState (FollowerState.java:run(108)) - 2a93f7e5-ecb9-41da-9c47-70e13ba76d7d@group-A9EE991D717F-FollowerState: change to CANDIDATE, lastRpcTime:17ms, electionTimeout:17ms
2019-10-17 07:43:27,694 [Thread-1577] INFO  impl.RoleInfo (RoleInfo.java:shutdownFollowerState(121)) - 2a93f7e5-ecb9-41da-9c47-70e13ba76d7d: shutdown FollowerState
2019-10-17 07:43:27,695 [Thread-1577] INFO  impl.RaftServerImpl (RaftServerImpl.java:setRole(184)) - 2a93f7e5-ecb9-41da-9c47-70e13ba76d7d@group-A9EE991D717F: changes role from  FOLLOWER to CANDIDATE at term 176 for changeToCandidate
2019-10-17 07:43:27,695 [Thread-1577] INFO  impl.RoleInfo (RoleInfo.java:updateAndGet(143)) - 2a93f7e5-ecb9-41da-9c47-70e13ba76d7d: start LeaderElection
2019-10-17 07:43:27,718 [2a93f7e5-ecb9-41da-9c47-70e13ba76d7d@group-A9EE991D717F-LeaderElection176] INFO  impl.LeaderElection (LeaderElection.java:askForVotes(178)) - 2a93f7e5-ecb9-41da-9c47-70e13ba76d7d@group-A9EE991D717F-LeaderElection176: begin an election at term 177 for 0: [37bd8e8c-ea68-4b1c-8659-8d001c4f3b5c:192.168.34.62:41632, 24020d0b-ce61-4f5a-b0b0-c561541e8cd4:192.168.34.62:42892, 2a93f7e5-ecb9-41da-9c47-70e13ba76d7d:192.168.34.62:35412], old=null
2019-10-17 07:43:27,720 [grpc-default-executor-1] INFO  impl.RaftServerImpl (RaftServerImpl.java:setRole(184)) - 37bd8e8c-ea68-4b1c-8659-8d001c4f3b5c@group-A9EE991D717F: changes role from  FOLLOWER to FOLLOWER at term 177 for recognizeCandidate:2a93f7e5-ecb9-41da-9c47-70e13ba76d7d
2019-10-17 07:43:27,721 [grpc-default-executor-1] INFO  impl.RoleInfo (RoleInfo.java:shutdownFollowerState(121)) - 37bd8e8c-ea68-4b1c-8659-8d001c4f3b5c: shutdown FollowerState
2019-10-17 07:43:27,721 [grpc-default-executor-0] INFO  impl.RaftServerImpl (RaftServerImpl.java:setRole(184)) - 24020d0b-ce61-4f5a-b0b0-c561541e8cd4@group-A9EE991D717F: changes role from  FOLLOWER to FOLLOWER at term 177 for recognizeCandidate:2a93f7e5-ecb9-41da-9c47-70e13ba76d7d
2019-10-17 07:43:27,721 [Thread-1575] INFO  impl.FollowerState (FollowerState.java:run(117)) - 37bd8e8c-ea68-4b1c-8659-8d001c4f3b5c@group-A9EE991D717F-FollowerState was interrupted: java.lang.InterruptedException: sleep interrupted
2019-10-17 07:43:27,721 [grpc-default-executor-1] INFO  impl.RoleInfo (RoleInfo.java:updateAndGet(143)) - 37bd8e8c-ea68-4b1c-8659-8d001c4f3b5c: start FollowerState
2019-10-17 07:43:27,721 [grpc-default-executor-0] INFO  impl.RoleInfo (RoleInfo.java:shutdownFollowerState(121)) - 24020d0b-ce61-4f5a-b0b0-c561541e8cd4: shutdown FollowerState
2019-10-17 07:43:27,722 [grpc-default-executor-0] INFO  impl.RoleInfo (RoleInfo.java:updateAndGet(143)) - 24020d0b-ce61-4f5a-b0b0-c561541e8cd4: start FollowerState
2019-10-17 07:43:27,722 [Thread-1576] INFO  impl.FollowerState (FollowerState.java:run(117)) - 24020d0b-ce61-4f5a-b0b0-c561541e8cd4@group-A9EE991D717F-FollowerState was interrupted: java.lang.InterruptedException: sleep interrupted
2019-10-17 07:43:27,736 [2a93f7e5-ecb9-41da-9c47-70e13ba76d7d@group-A9EE991D717F-LeaderElection176] INFO  impl.LeaderElection (LeaderElection.java:logAndReturn(56)) - 2a93f7e5-ecb9-41da-9c47-70e13ba76d7d@group-A9EE991D717F-LeaderElection176: Election REJECTED; received 2 response(s) [2a93f7e5-ecb9-41da-9c47-70e13ba76d7d<-37bd8e8c-ea68-4b1c-8659-8d001c4f3b5c#0:FAIL-t177, 2a93f7e5-ecb9-41da-9c47-70e13ba76d7d<-24020d0b-ce61-4f5a-b0b0-c561541e8cd4#0:FAIL-t177] and 0 exception(s); 2a93f7e5-ecb9-41da-9c47-70e13ba76d7d@group-A9EE991D717F:t177, leader=null, voted=2a93f7e5-ecb9-41da-9c47-70e13ba76d7d, raftlog=2a93f7e5-ecb9-41da-9c47-70e13ba76d7d@group-A9EE991D717F-SegmentedRaftLog:OPENED:c-1,f0,i0, conf=0: [37bd8e8c-ea68-4b1c-8659-8d001c4f3b5c:192.168.34.62:41632, 24020d0b-ce61-4f5a-b0b0-c561541e8cd4:192.168.34.62:42892, 2a93f7e5-ecb9-41da-9c47-70e13ba76d7d:192.168.34.62:35412], old=null
2019-10-17 07:43:27,736 [2a93f7e5-ecb9-41da-9c47-70e13ba76d7d@group-A9EE991D717F-LeaderElection176] INFO  impl.RaftServerImpl (RaftServerImpl.java:setRole(184)) - 2a93f7e5-ecb9-41da-9c47-70e13ba76d7d@group-A9EE991D717F: changes role from CANDIDATE to FOLLOWER at term 177 for DISCOVERED_A_NEW_TERM
2019-10-17 07:43:27,737 [2a93f7e5-ecb9-41da-9c47-70e13ba76d7d@group-A9EE991D717F-LeaderElection176] INFO  impl.RoleInfo (RoleInfo.java:shutdownLeaderElection(134)) - 2a93f7e5-ecb9-41da-9c47-70e13ba76d7d: shutdown LeaderElection
2019-10-17 07:43:27,737 [2a93f7e5-ecb9-41da-9c47-70e13ba76d7d@group-A9EE991D717F-LeaderElection176] INFO  impl.RoleInfo (RoleInfo.java:updateAndGet(143)) - 2a93f7e5-ecb9-41da-9c47-70e13ba76d7d: start FollowerState
2019-10-17 07:43:27,818 [Thread-1583] INFO  impl.FollowerState (FollowerState.java:run(108)) - 2a93f7e5-ecb9-41da-9c47-70e13ba76d7d@group-A9EE991D717F-FollowerState: change to CANDIDATE, lastRpcTime:81ms, electionTimeout:81ms
2019-10-17 07:43:27,818 [Thread-1583] INFO  impl.RoleInfo (RoleInfo.java:shutdownFollowerState(121)) - 2a93f7e5-ecb9-41da-9c47-70e13ba76d7d: shutdown FollowerState
2019-10-17 07:43:27,818 [Thread-1583] INFO  impl.RaftServerImpl (RaftServerImpl.java:setRole(184)) - 2a93f7e5-ecb9-41da-9c47-70e13ba76d7d@group-A9EE991D717F: changes role from  FOLLOWER to CANDIDATE at term 177 for changeToCandidate
2019-10-17 07:43:27,819 [Thread-1583] INFO  impl.RoleInfo (RoleInfo.java:updateAndGet(143)) - 2a93f7e5-ecb9-41da-9c47-70e13ba76d7d: start LeaderElection
2019-10-17 07:43:27,832 [2a93f7e5-ecb9-41da-9c47-70e13ba76d7d@group-A9EE991D717F-LeaderElection177] INFO  impl.LeaderElection (LeaderElection.java:askForVotes(178)) - 2a93f7e5-ecb9-41da-9c47-70e13ba76d7d@group-A9EE991D717F-LeaderElection177: begin an election at term 178 for 0: [37bd8e8c-ea68-4b1c-8659-8d001c4f3b5c:192.168.34.62:41632, 24020d0b-ce61-4f5a-b0b0-c561541e8cd4:192.168.34.62:42892, 2a93f7e5-ecb9-41da-9c47-70e13ba76d7d:192.168.34.62:35412], old=null
2019-10-17 07:43:27,834 [grpc-default-executor-0] INFO  impl.RaftServerImpl (RaftServerImpl.java:setRole(184)) - 37bd8e8c-ea68-4b1c-8659-8d001c4f3b5c@group-A9EE991D717F: changes role from  FOLLOWER to FOLLOWER at term 178 for recognizeCandidate:2a93f7e5-ecb9-41da-9c47-70e13ba76d7d
2019-10-17 07:43:27,834 [grpc-default-executor-0] INFO  impl.RoleInfo (RoleInfo.java:shutdownFollowerState(121)) - 37bd8e8c-ea68-4b1c-8659-8d001c4f3b5c: shutdown FollowerState
2019-10-17 07:43:27,834 [grpc-default-executor-1] INFO  impl.RaftServerImpl (RaftServerImpl.java:setRole(184)) - 24020d0b-ce61-4f5a-b0b0-c561541e8cd4@group-A9EE991D717F: changes role from  FOLLOWER to FOLLOWER at term 178 for recognizeCandidate:2a93f7e5-ecb9-41da-9c47-70e13ba76d7d
2019-10-17 07:43:27,834 [Thread-1581] INFO  impl.FollowerState (FollowerState.java:run(117)) - 37bd8e8c-ea68-4b1c-8659-8d001c4f3b5c@group-A9EE991D717F-FollowerState was interrupted: java.lang.InterruptedException: sleep interrupted
2019-10-17 07:43:27,834 [grpc-default-executor-0] INFO  impl.RoleInfo (RoleInfo.java:updateAndGet(143)) - 37bd8e8c-ea68-4b1c-8659-8d001c4f3b5c: start FollowerState
2019-10-17 07:43:27,834 [grpc-default-executor-1] INFO  impl.RoleInfo (RoleInfo.java:shutdownFollowerState(121)) - 24020d0b-ce61-4f5a-b0b0-c561541e8cd4: shutdown FollowerState
2019-10-17 07:43:27,835 [grpc-default-executor-1] INFO  impl.RoleInfo (RoleInfo.java:updateAndGet(143)) - 24020d0b-ce61-4f5a-b0b0-c561541e8cd4: start FollowerState
2019-10-17 07:43:27,835 [Thread-1582] INFO  impl.FollowerState (FollowerState.java:run(117)) - 24020d0b-ce61-4f5a-b0b0-c561541e8cd4@group-A9EE991D717F-FollowerState was interrupted: java.lang.InterruptedException: sleep interrupted
2019-10-17 07:43:27,856 [2a93f7e5-ecb9-41da-9c47-70e13ba76d7d@group-A9EE991D717F-LeaderElection177] INFO  impl.LeaderElection (LeaderElection.java:logAndReturn(56)) - 2a93f7e5-ecb9-41da-9c47-70e13ba76d7d@group-A9EE991D717F-LeaderElection177: Election REJECTED; received 2 response(s) [2a93f7e5-ecb9-41da-9c47-70e13ba76d7d<-37bd8e8c-ea68-4b1c-8659-8d001c4f3b5c#0:FAIL-t178, 2a93f7e5-ecb9-41da-9c47-70e13ba76d7d<-24020d0b-ce61-4f5a-b0b0-c561541e8cd4#0:FAIL-t178] and 0 exception(s); 2a93f7e5-ecb9-41da-9c47-70e13ba76d7d@group-A9EE991D717F:t178, leader=null, voted=2a93f7e5-ecb9-41da-9c47-70e13ba76d7d, raftlog=2a93f7e5-ecb9-41da-9c47-70e13ba76d7d@group-A9EE991D717F-SegmentedRaftLog:OPENED:c-1,f0,i0, conf=0: [37bd8e8c-ea68-4b1c-8659-8d001c4f3b5c:192.168.34.62:41632, 24020d0b-ce61-4f5a-b0b0-c561541e8cd4:192.168.34.62:42892, 2a93f7e5-ecb9-41da-9c47-70e13ba76d7d:192.168.34.62:35412], old=null
2019-10-17 07:43:27,856 [2a93f7e5-ecb9-41da-9c47-70e13ba76d7d@group-A9EE991D717F-LeaderElection177] INFO  impl.RaftServerImpl (RaftServerImpl.java:setRole(184)) - 2a93f7e5-ecb9-41da-9c47-70e13ba76d7d@group-A9EE991D717F: changes role from CANDIDATE to FOLLOWER at term 178 for DISCOVERED_A_NEW_TERM
2019-10-17 07:43:27,857 [2a93f7e5-ecb9-41da-9c47-70e13ba76d7d@group-A9EE991D717F-LeaderElection177] INFO  impl.RoleInfo (RoleInfo.java:shutdownLeaderElection(134)) - 2a93f7e5-ecb9-41da-9c47-70e13ba76d7d: shutdown LeaderElection
2019-10-17 07:43:27,857 [2a93f7e5-ecb9-41da-9c47-70e13ba76d7d@group-A9EE991D717F-LeaderElection177] INFO  impl.RoleInfo (RoleInfo.java:updateAndGet(143)) - 2a93f7e5-ecb9-41da-9c47-70e13ba76d7d: start FollowerState
2019-10-17 07:43:27,933 [Thread-1589] INFO  impl.FollowerState (FollowerState.java:run(108)) - 2a93f7e5-ecb9-41da-9c47-70e13ba76d7d@group-A9EE991D717F-FollowerState: change to CANDIDATE, lastRpcTime:76ms, electionTimeout:76ms
2019-10-17 07:43:27,933 [Thread-1589] INFO  impl.RoleInfo (RoleInfo.java:shutdownFollowerState(121)) - 2a93f7e5-ecb9-41da-9c47-70e13ba76d7d: shutdown FollowerState
2019-10-17 07:43:27,933 [Thread-1589] INFO  impl.RaftServerImpl (RaftServerImpl.java:setRole(184)) - 2a93f7e5-ecb9-41da-9c47-70e13ba76d7d@group-A9EE991D717F: changes role from  FOLLOWER to CANDIDATE at term 178 for changeToCandidate
2019-10-17 07:43:27,934 [Thread-1589] INFO  impl.RoleInfo (RoleInfo.java:updateAndGet(143)) - 2a93f7e5-ecb9-41da-9c47-70e13ba76d7d: start LeaderElection
2019-10-17 07:43:27,954 [2a93f7e5-ecb9-41da-9c47-70e13ba76d7d@group-A9EE991D717F-LeaderElection178] INFO  impl.LeaderElection (LeaderElection.java:askForVotes(178)) - 2a93f7e5-ecb9-41da-9c47-70e13ba76d7d@group-A9EE991D717F-LeaderElection178: begin an election at term 179 for 0: [37bd8e8c-ea68-4b1c-8659-8d001c4f3b5c:192.168.34.62:41632, 24020d0b-ce61-4f5a-b0b0-c561541e8cd4:192.168.34.62:42892, 2a93f7e5-ecb9-41da-9c47-70e13ba76d7d:192.168.34.62:35412], old=null
2019-10-17 07:43:27,956 [2a93f7e5-ecb9-41da-9c47-70e13ba76d7d@group-A9EE991D717F-LeaderElection178] INFO  impl.LeaderElection (LeaderElection.java:logAndReturn(56)) - 2a93f7e5-ecb9-41da-9c47-70e13ba76d7d@group-A9EE991D717F-LeaderElection178: Election TIMEOUT; received 0 response(s) [] and 0 exception(s); 2a93f7e5-ecb9-41da-9c47-70e13ba76d7d@group-A9EE991D717F:t179, leader=null, voted=2a93f7e5-ecb9-41da-9c47-70e13ba76d7d, raftlog=2a93f7e5-ecb9-41da-9c47-70e13ba76d7d@group-A9EE991D717F-SegmentedRaftLog:OPENED:c-1,f0,i0, conf=0: [37bd8e8c-ea68-4b1c-8659-8d001c4f3b5c:192.168.34.62:41632, 24020d0b-ce61-4f5a-b0b0-c561541e8cd4:192.168.34.62:42892, 2a93f7e5-ecb9-41da-9c47-70e13ba76d7d:192.168.34.62:35412], old=null
2019-10-17 07:43:27,957 [grpc-default-executor-1] INFO  impl.RaftServerImpl (RaftServerImpl.java:setRole(184)) - 37bd8e8c-ea68-4b1c-8659-8d001c4f3b5c@group-A9EE991D717F: changes role from  FOLLOWER to FOLLOWER at term 179 for recognizeCandidate:2a93f7e5-ecb9-41da-9c47-70e13ba76d7d
2019-10-17 07:43:27,957 [grpc-default-executor-1] INFO  impl.RoleInfo (RoleInfo.java:shutdownFollowerState(121)) - 37bd8e8c-ea68-4b1c-8659-8d001c4f3b5c: shutdown FollowerState
2019-10-17 07:43:27,957 [grpc-default-executor-0] INFO  impl.RaftServerImpl (RaftServerImpl.java:setRole(184)) - 24020d0b-ce61-4f5a-b0b0-c561541e8cd4@group-A9EE991D717F: changes role from  FOLLOWER to FOLLOWER at term 179 for recognizeCandidate:2a93f7e5-ecb9-41da-9c47-70e13ba76d7d
2019-10-17 07:43:27,957 [Thread-1587] INFO  impl.FollowerState (FollowerState.java:run(117)) - 37bd8e8c-ea68-4b1c-8659-8d001c4f3b5c@group-A9EE991D717F-FollowerState was interrupted: java.lang.InterruptedException: sleep interrupted
2019-10-17 07:43:27,957 [grpc-default-executor-1] INFO  impl.RoleInfo (RoleInfo.java:updateAndGet(143)) - 37bd8e8c-ea68-4b1c-8659-8d001c4f3b5c: start FollowerState
2019-10-17 07:43:27,957 [grpc-default-executor-0] INFO  impl.RoleInfo (RoleInfo.java:shutdownFollowerState(121)) - 24020d0b-ce61-4f5a-b0b0-c561541e8cd4: shutdown FollowerState
2019-10-17 07:43:27,958 [grpc-default-executor-0] INFO  impl.RoleInfo (RoleInfo.java:updateAndGet(143)) - 24020d0b-ce61-4f5a-b0b0-c561541e8cd4: start FollowerState
2019-10-17 07:43:27,958 [Thread-1588] INFO  impl.FollowerState (FollowerState.java:run(117)) - 24020d0b-ce61-4f5a-b0b0-c561541e8cd4@group-A9EE991D717F-FollowerState was interrupted: java.lang.InterruptedException: sleep interrupted
2019-10-17 07:43:27,980 [2a93f7e5-ecb9-41da-9c47-70e13ba76d7d@group-A9EE991D717F-LeaderElection178] INFO  impl.LeaderElection (LeaderElection.java:askForVotes(178)) - 2a93f7e5-ecb9-41da-9c47-70e13ba76d7d@group-A9EE991D717F-LeaderElection178: begin an election at term 180 for 0: [37bd8e8c-ea68-4b1c-8659-8d001c4f3b5c:192.168.34.62:41632, 24020d0b-ce61-4f5a-b0b0-c561541e8cd4:192.168.34.62:42892, 2a93f7e5-ecb9-41da-9c47-70e13ba76d7d:192.168.34.62:35412], old=null
2019-10-17 07:43:27,982 [grpc-default-executor-0] INFO  impl.RaftServerImpl (RaftServerImpl.java:setRole(184)) - 24020d0b-ce61-4f5a-b0b0-c561541e8cd4@group-A9EE991D717F: changes role from  FOLLOWER to FOLLOWER at term 180 for recognizeCandidate:2a93f7e5-ecb9-41da-9c47-70e13ba76d7d
2019-10-17 07:43:27,982 [grpc-default-executor-1] INFO  impl.RaftServerImpl (RaftServerImpl.java:setRole(184)) - 37bd8e8c-ea68-4b1c-8659-8d001c4f3b5c@group-A9EE991D717F: changes role from  FOLLOWER to FOLLOWER at term 180 for recognizeCandidate:2a93f7e5-ecb9-41da-9c47-70e13ba76d7d
2019-10-17 07:43:27,982 [grpc-default-executor-0] INFO  impl.RoleInfo (RoleInfo.java:shutdownFollowerState(121)) - 24020d0b-ce61-4f5a-b0b0-c561541e8cd4: shutdown FollowerState
2019-10-17 07:43:27,983 [grpc-default-executor-1] INFO  impl.RoleInfo (RoleInfo.java:shutdownFollowerState(121)) - 37bd8e8c-ea68-4b1c-8659-8d001c4f3b5c: shutdown FollowerState
2019-10-17 07:43:27,983 [Thread-1594] INFO  impl.FollowerState (FollowerState.java:run(117)) - 24020d0b-ce61-4f5a-b0b0-c561541e8cd4@group-A9EE991D717F-FollowerState was interrupted: java.lang.InterruptedException: sleep interrupted
2019-10-17 07:43:27,983 [grpc-default-executor-0] INFO  impl.RoleInfo (RoleInfo.java:updateAndGet(143)) - 24020d0b-ce61-4f5a-b0b0-c561541e8cd4: start FollowerState
2019-10-17 07:43:27,983 [Thread-1593] INFO  impl.FollowerState (FollowerState.java:run(117)) - 37bd8e8c-ea68-4b1c-8659-8d001c4f3b5c@group-A9EE991D717F-FollowerState was interrupted: java.lang.InterruptedException: sleep interrupted
2019-10-17 07:43:27,983 [grpc-default-executor-1] INFO  impl.RoleInfo (RoleInfo.java:updateAndGet(143)) - 37bd8e8c-ea68-4b1c-8659-8d001c4f3b5c: start FollowerState
2019-10-17 07:43:28,006 [2a93f7e5-ecb9-41da-9c47-70e13ba76d7d@group-A9EE991D717F-LeaderElection178] INFO  impl.LeaderElection (LeaderElection.java:logAndReturn(56)) - 2a93f7e5-ecb9-41da-9c47-70e13ba76d7d@group-A9EE991D717F-LeaderElection178: Election REJECTED; received 2 response(s) [2a93f7e5-ecb9-41da-9c47-70e13ba76d7d<-37bd8e8c-ea68-4b1c-8659-8d001c4f3b5c#0:FAIL-t180, 2a93f7e5-ecb9-41da-9c47-70e13ba76d7d<-24020d0b-ce61-4f5a-b0b0-c561541e8cd4#0:FAIL-t180] and 0 exception(s); 2a93f7e5-ecb9-41da-9c47-70e13ba76d7d@group-A9EE991D717F:t180, leader=null, voted=2a93f7e5-ecb9-41da-9c47-70e13ba76d7d, raftlog=2a93f7e5-ecb9-41da-9c47-70e13ba76d7d@group-A9EE991D717F-SegmentedRaftLog:OPENED:c-1,f0,i0, conf=0: [37bd8e8c-ea68-4b1c-8659-8d001c4f3b5c:192.168.34.62:41632, 24020d0b-ce61-4f5a-b0b0-c561541e8cd4:192.168.34.62:42892, 2a93f7e5-ecb9-41da-9c47-70e13ba76d7d:192.168.34.62:35412], old=null
2019-10-17 07:43:28,007 [2a93f7e5-ecb9-41da-9c47-70e13ba76d7d@group-A9EE991D717F-LeaderElection178] INFO  impl.RaftServerImpl (RaftServerImpl.java:setRole(184)) - 2a93f7e5-ecb9-41da-9c47-70e13ba76d7d@group-A9EE991D717F: changes role from CANDIDATE to FOLLOWER at term 180 for DISCOVERED_A_NEW_TERM
2019-10-17 07:43:28,007 [2a93f7e5-ecb9-41da-9c47-70e13ba76d7d@group-A9EE991D717F-LeaderElection178] INFO  impl.RoleInfo (RoleInfo.java:shutdownLeaderElection(134)) - 2a93f7e5-ecb9-41da-9c47-70e13ba76d7d: shutdown LeaderElection
2019-10-17 07:43:28,007 [2a93f7e5-ecb9-41da-9c47-70e13ba76d7d@group-A9EE991D717F-LeaderElection178] INFO  impl.RoleInfo (RoleInfo.java:updateAndGet(143)) - 2a93f7e5-ecb9-41da-9c47-70e13ba76d7d: start FollowerState
2019-10-17 07:43:28,162 [Thread-1599] INFO  impl.FollowerState (FollowerState.java:run(108)) - 2a93f7e5-ecb9-41da-9c47-70e13ba76d7d@group-A9EE991D717F-FollowerState: change to CANDIDATE, lastRpcTime:155ms, electionTimeout:155ms
2019-10-17 07:43:28,163 [Thread-1599] INFO  impl.RoleInfo (RoleInfo.java:shutdownFollowerState(121)) - 2a93f7e5-ecb9-41da-9c47-70e13ba76d7d: shutdown FollowerState
2019-10-17 07:43:28,163 [Thread-1599] INFO  impl.RaftServerImpl (RaftServerImpl.java:setRole(184)) - 2a93f7e5-ecb9-41da-9c47-70e13ba76d7d@group-A9EE991D717F: changes role from  FOLLOWER to CANDIDATE at term 180 for changeToCandidate
2019-10-17 07:43:28,163 [Thread-1599] INFO  impl.RoleInfo (RoleInfo.java:updateAndGet(143)) - 2a93f7e5-ecb9-41da-9c47-70e13ba76d7d: start LeaderElection
2019-10-17 07:43:28,195 [2a93f7e5-ecb9-41da-9c47-70e13ba76d7d@group-A9EE991D717F-LeaderElection179] INFO  impl.LeaderElection (LeaderElection.java:askForVotes(178)) - 2a93f7e5-ecb9-41da-9c47-70e13ba76d7d@group-A9EE991D717F-LeaderElection179: begin an election at term 181 for 0: [37bd8e8c-ea68-4b1c-8659-8d001c4f3b5c:192.168.34.62:41632, 24020d0b-ce61-4f5a-b0b0-c561541e8cd4:192.168.34.62:42892, 2a93f7e5-ecb9-41da-9c47-70e13ba76d7d:192.168.34.62:35412], old=null
2019-10-17 07:43:28,197 [grpc-default-executor-0] INFO  impl.RaftServerImpl (RaftServerImpl.java:setRole(184)) - 37bd8e8c-ea68-4b1c-8659-8d001c4f3b5c@group-A9EE991D717F: changes role from  FOLLOWER to FOLLOWER at term 181 for recognizeCandidate:2a93f7e5-ecb9-41da-9c47-70e13ba76d7d
2019-10-17 07:43:28,198 [grpc-default-executor-0] INFO  impl.RoleInfo (RoleInfo.java:shutdownFollowerState(121)) - 37bd8e8c-ea68-4b1c-8659-8d001c4f3b5c: shutdown FollowerState
2019-10-17 07:43:28,198 [grpc-default-executor-1] INFO  impl.RaftServerImpl (RaftServerImpl.java:setRole(184)) - 24020d0b-ce61-4f5a-b0b0-c561541e8cd4@group-A9EE991D717F: changes role from  FOLLOWER to FOLLOWER at term 181 for recognizeCandidate:2a93f7e5-ecb9-41da-9c47-70e13ba76d7d
2019-10-17 07:43:28,198 [Thread-1598] INFO  impl.FollowerState (FollowerState.java:run(117)) - 37bd8e8c-ea68-4b1c-8659-8d001c4f3b5c@group-A9EE991D717F-FollowerState was interrupted: java.lang.InterruptedException: sleep interrupted
2019-10-17 07:43:28,198 [grpc-default-executor-0] INFO  impl.RoleInfo (RoleInfo.java:updateAndGet(143)) - 37bd8e8c-ea68-4b1c-8659-8d001c4f3b5c: start FollowerState
2019-10-17 07:43:28,198 [grpc-default-executor-1] INFO  impl.RoleInfo (RoleInfo.java:shutdownFollowerState(121)) - 24020d0b-ce61-4f5a-b0b0-c561541e8cd4: shutdown FollowerState
2019-10-17 07:43:28,199 [grpc-default-executor-1] INFO  impl.RoleInfo (RoleInfo.java:updateAndGet(143)) - 24020d0b-ce61-4f5a-b0b0-c561541e8cd4: start FollowerState
2019-10-17 07:43:28,199 [Thread-1597] INFO  impl.FollowerState (FollowerState.java:run(117)) - 24020d0b-ce61-4f5a-b0b0-c561541e8cd4@group-A9EE991D717F-FollowerState was interrupted: java.lang.InterruptedException: sleep interrupted
2019-10-17 07:43:28,221 [2a93f7e5-ecb9-41da-9c47-70e13ba76d7d@group-A9EE991D717F-LeaderElection179] INFO  impl.LeaderElection (LeaderElection.java:logAndReturn(56)) - 2a93f7e5-ecb9-41da-9c47-70e13ba76d7d@group-A9EE991D717F-LeaderElection179: Election REJECTED; received 2 response(s) [2a93f7e5-ecb9-41da-9c47-70e13ba76d7d<-37bd8e8c-ea68-4b1c-8659-8d001c4f3b5c#0:FAIL-t181, 2a93f7e5-ecb9-41da-9c47-70e13ba76d7d<-24020d0b-ce61-4f5a-b0b0-c561541e8cd4#0:FAIL-t181] and 0 exception(s); 2a93f7e5-ecb9-41da-9c47-70e13ba76d7d@group-A9EE991D717F:t181, leader=null, voted=2a93f7e5-ecb9-41da-9c47-70e13ba76d7d, raftlog=2a93f7e5-ecb9-41da-9c47-70e13ba76d7d@group-A9EE991D717F-SegmentedRaftLog:OPENED:c-1,f0,i0, conf=0: [37bd8e8c-ea68-4b1c-8659-8d001c4f3b5c:192.168.34.62:41632, 24020d0b-ce61-4f5a-b0b0-c561541e8cd4:192.168.34.62:42892, 2a93f7e5-ecb9-41da-9c47-70e13ba76d7d:192.168.34.62:35412], old=null
2019-10-17 07:43:28,221 [2a93f7e5-ecb9-41da-9c47-70e13ba76d7d@group-A9EE991D717F-LeaderElection179] INFO  impl.RaftServerImpl (RaftServerImpl.java:setRole(184)) - 2a93f7e5-ecb9-41da-9c47-70e13ba76d7d@group-A9EE991D717F: changes role from CANDIDATE to FOLLOWER at term 181 for DISCOVERED_A_NEW_TERM
2019-10-17 07:43:28,221 [2a93f7e5-ecb9-41da-9c47-70e13ba76d7d@group-A9EE991D717F-LeaderElection179] INFO  impl.RoleInfo (RoleInfo.java:shutdownLeaderElection(134)) - 2a93f7e5-ecb9-41da-9c47-70e13ba76d7d: shutdown LeaderElection
2019-10-17 07:43:28,222 [2a93f7e5-ecb9-41da-9c47-70e13ba76d7d@group-A9EE991D717F-LeaderElection179] INFO  impl.RoleInfo (RoleInfo.java:updateAndGet(143)) - 2a93f7e5-ecb9-41da-9c47-70e13ba76d7d: start FollowerState
2019-10-17 07:43:28,415 [Thread-1605] INFO  impl.FollowerState (FollowerState.java:run(108)) - 2a93f7e5-ecb9-41da-9c47-70e13ba76d7d@group-A9EE991D717F-FollowerState: change to CANDIDATE, lastRpcTime:193ms, electionTimeout:193ms
2019-10-17 07:43:28,415 [Thread-1605] INFO  impl.RoleInfo (RoleInfo.java:shutdownFollowerState(121)) - 2a93f7e5-ecb9-41da-9c47-70e13ba76d7d: shutdown FollowerState
2019-10-17 07:43:28,415 [Thread-1605] INFO  impl.RaftServerImpl (RaftServerImpl.java:setRole(184)) - 2a93f7e5-ecb9-41da-9c47-70e13ba76d7d@group-A9EE991D717F: changes role from  FOLLOWER to CANDIDATE at term 181 for changeToCandidate
2019-10-17 07:43:28,416 [Thread-1605] INFO  impl.RoleInfo (RoleInfo.java:updateAndGet(143)) - 2a93f7e5-ecb9-41da-9c47-70e13ba76d7d: start LeaderElection
2019-10-17 07:43:28,446 [2a93f7e5-ecb9-41da-9c47-70e13ba76d7d@group-A9EE991D717F-LeaderElection180] INFO  impl.LeaderElection (LeaderElection.java:askForVotes(178)) - 2a93f7e5-ecb9-41da-9c47-70e13ba76d7d@group-A9EE991D717F-LeaderElection180: begin an election at term 182 for 0: [37bd8e8c-ea68-4b1c-8659-8d001c4f3b5c:192.168.34.62:41632, 24020d0b-ce61-4f5a-b0b0-c561541e8cd4:192.168.34.62:42892, 2a93f7e5-ecb9-41da-9c47-70e13ba76d7d:192.168.34.62:35412], old=null
2019-10-17 07:43:28,447 [2a93f7e5-ecb9-41da-9c47-70e13ba76d7d@group-A9EE991D717F-LeaderElection180] INFO  impl.LeaderElection (LeaderElection.java:logAndReturn(56)) - 2a93f7e5-ecb9-41da-9c47-70e13ba76d7d@group-A9EE991D717F-LeaderElection180: Election TIMEOUT; received 0 response(s) [] and 0 exception(s); 2a93f7e5-ecb9-41da-9c47-70e13ba76d7d@group-A9EE991D717F:t182, leader=null, voted=2a93f7e5-ecb9-41da-9c47-70e13ba76d7d, raftlog=2a93f7e5-ecb9-41da-9c47-70e13ba76d7d@group-A9EE991D717F-SegmentedRaftLog:OPENED:c-1,f0,i0, conf=0: [37bd8e8c-ea68-4b1c-8659-8d001c4f3b5c:192.168.34.62:41632, 24020d0b-ce61-4f5a-b0b0-c561541e8cd4:192.168.34.62:42892, 2a93f7e5-ecb9-41da-9c47-70e13ba76d7d:192.168.34.62:35412], old=null
2019-10-17 07:43:28,448 [grpc-default-executor-1] INFO  impl.RaftServerImpl (RaftServerImpl.java:setRole(184)) - 37bd8e8c-ea68-4b1c-8659-8d001c4f3b5c@group-A9EE991D717F: changes role from  FOLLOWER to FOLLOWER at term 182 for recognizeCandidate:2a93f7e5-ecb9-41da-9c47-70e13ba76d7d
2019-10-17 07:43:28,448 [grpc-default-executor-1] INFO  impl.RoleInfo (RoleInfo.java:shutdownFollowerState(121)) - 37bd8e8c-ea68-4b1c-8659-8d001c4f3b5c: shutdown FollowerState
2019-10-17 07:43:28,449 [grpc-default-executor-0] INFO  impl.RaftServerImpl (RaftServerImpl.java:setRole(184)) - 24020d0b-ce61-4f5a-b0b0-c561541e8cd4@group-A9EE991D717F: changes role from  FOLLOWER to FOLLOWER at term 182 for recognizeCandidate:2a93f7e5-ecb9-41da-9c47-70e13ba76d7d
2019-10-17 07:43:28,449 [grpc-default-executor-0] INFO  impl.RoleInfo (RoleInfo.java:shutdownFollowerState(121)) - 24020d0b-ce61-4f5a-b0b0-c561541e8cd4: shutdown FollowerState
2019-10-17 07:43:28,449 [Thread-1603] INFO  impl.FollowerState (FollowerState.java:run(117)) - 37bd8e8c-ea68-4b1c-8659-8d001c4f3b5c@group-A9EE991D717F-FollowerState was interrupted: java.lang.InterruptedException: sleep interrupted
2019-10-17 07:43:28,449 [grpc-default-executor-1] INFO  impl.RoleInfo (RoleInfo.java:updateAndGet(143)) - 37bd8e8c-ea68-4b1c-8659-8d001c4f3b5c: start FollowerState
2019-10-17 07:43:28,449 [grpc-default-executor-0] INFO  impl.RoleInfo (RoleInfo.java:updateAndGet(143)) - 24020d0b-ce61-4f5a-b0b0-c561541e8cd4: start FollowerState
2019-10-17 07:43:28,449 [Thread-1604] INFO  impl.FollowerState (FollowerState.java:run(117)) - 24020d0b-ce61-4f5a-b0b0-c561541e8cd4@group-A9EE991D717F-FollowerState was interrupted: java.lang.InterruptedException: sleep interrupted
2019-10-17 07:43:28,462 [2a93f7e5-ecb9-41da-9c47-70e13ba76d7d@group-A9EE991D717F-LeaderElection180] INFO  impl.LeaderElection (LeaderElection.java:askForVotes(178)) - 2a93f7e5-ecb9-41da-9c47-70e13ba76d7d@group-A9EE991D717F-LeaderElection180: begin an election at term 183 for 0: [37bd8e8c-ea68-4b1c-8659-8d001c4f3b5c:192.168.34.62:41632, 24020d0b-ce61-4f5a-b0b0-c561541e8cd4:192.168.34.62:42892, 2a93f7e5-ecb9-41da-9c47-70e13ba76d7d:192.168.34.62:35412], old=null
2019-10-17 07:43:28,464 [grpc-default-executor-1] INFO  impl.RaftServerImpl (RaftServerImpl.java:setRole(184)) - 37bd8e8c-ea68-4b1c-8659-8d001c4f3b5c@group-A9EE991D717F: changes role from  FOLLOWER to FOLLOWER at term 183 for recognizeCandidate:2a93f7e5-ecb9-41da-9c47-70e13ba76d7d
2019-10-17 07:43:28,464 [grpc-default-executor-1] INFO  impl.RoleInfo (RoleInfo.java:shutdownFollowerState(121)) - 37bd8e8c-ea68-4b1c-8659-8d001c4f3b5c: shutdown FollowerState
2019-10-17 07:43:28,464 [grpc-default-executor-1] INFO  impl.RoleInfo (RoleInfo.java:updateAndGet(143)) - 37bd8e8c-ea68-4b1c-8659-8d001c4f3b5c: start FollowerState
2019-10-17 07:43:28,464 [Thread-1609] INFO  impl.FollowerState (FollowerState.java:run(117)) - 37bd8e8c-ea68-4b1c-8659-8d001c4f3b5c@group-A9EE991D717F-FollowerState was interrupted: java.lang.InterruptedException: sleep interrupted
2019-10-17 07:43:28,465 [grpc-default-executor-0] INFO  impl.RaftServerImpl (RaftServerImpl.java:setRole(184)) - 24020d0b-ce61-4f5a-b0b0-c561541e8cd4@group-A9EE991D717F: changes role from  FOLLOWER to FOLLOWER at term 183 for recognizeCandidate:2a93f7e5-ecb9-41da-9c47-70e13ba76d7d
2019-10-17 07:43:28,465 [grpc-default-executor-0] INFO  impl.RoleInfo (RoleInfo.java:shutdownFollowerState(121)) - 24020d0b-ce61-4f5a-b0b0-c561541e8cd4: shutdown FollowerState
2019-10-17 07:43:28,465 [grpc-default-executor-0] INFO  impl.RoleInfo (RoleInfo.java:updateAndGet(143)) - 24020d0b-ce61-4f5a-b0b0-c561541e8cd4: start FollowerState
2019-10-17 07:43:28,465 [Thread-1610] INFO  impl.FollowerState (FollowerState.java:run(117)) - 24020d0b-ce61-4f5a-b0b0-c561541e8cd4@group-A9EE991D717F-FollowerState was interrupted: java.lang.InterruptedException: sleep interrupted
2019-10-17 07:43:28,489 [2a93f7e5-ecb9-41da-9c47-70e13ba76d7d@group-A9EE991D717F-LeaderElection180] INFO  impl.LeaderElection (LeaderElection.java:logAndReturn(56)) - 2a93f7e5-ecb9-41da-9c47-70e13ba76d7d@group-A9EE991D717F-LeaderElection180: Election REJECTED; received 2 response(s) [2a93f7e5-ecb9-41da-9c47-70e13ba76d7d<-37bd8e8c-ea68-4b1c-8659-8d001c4f3b5c#0:FAIL-t183, 2a93f7e5-ecb9-41da-9c47-70e13ba76d7d<-24020d0b-ce61-4f5a-b0b0-c561541e8cd4#0:FAIL-t183] and 0 exception(s); 2a93f7e5-ecb9-41da-9c47-70e13ba76d7d@group-A9EE991D717F:t183, leader=null, voted=2a93f7e5-ecb9-41da-9c47-70e13ba76d7d, raftlog=2a93f7e5-ecb9-41da-9c47-70e13ba76d7d@group-A9EE991D717F-SegmentedRaftLog:OPENED:c-1,f0,i0, conf=0: [37bd8e8c-ea68-4b1c-8659-8d001c4f3b5c:192.168.34.62:41632, 24020d0b-ce61-4f5a-b0b0-c561541e8cd4:192.168.34.62:42892, 2a93f7e5-ecb9-41da-9c47-70e13ba76d7d:192.168.34.62:35412], old=null
2019-10-17 07:43:28,489 [2a93f7e5-ecb9-41da-9c47-70e13ba76d7d@group-A9EE991D717F-LeaderElection180] INFO  impl.RaftServerImpl (RaftServerImpl.java:setRole(184)) - 2a93f7e5-ecb9-41da-9c47-70e13ba76d7d@group-A9EE991D717F: changes role from CANDIDATE to FOLLOWER at term 183 for DISCOVERED_A_NEW_TERM
2019-10-17 07:43:28,489 [2a93f7e5-ecb9-41da-9c47-70e13ba76d7d@group-A9EE991D717F-LeaderElection180] INFO  impl.RoleInfo (RoleInfo.java:shutdownLeaderElection(134)) - 2a93f7e5-ecb9-41da-9c47-70e13ba76d7d: shutdown LeaderElection
2019-10-17 07:43:28,490 [2a93f7e5-ecb9-41da-9c47-70e13ba76d7d@group-A9EE991D717F-LeaderElection180] INFO  impl.RoleInfo (RoleInfo.java:updateAndGet(143)) - 2a93f7e5-ecb9-41da-9c47-70e13ba76d7d: start FollowerState
2019-10-17 07:43:28,539 [Thread-1615] INFO  impl.FollowerState (FollowerState.java:run(108)) - 2a93f7e5-ecb9-41da-9c47-70e13ba76d7d@group-A9EE991D717F-FollowerState: change to CANDIDATE, lastRpcTime:49ms, electionTimeout:49ms
2019-10-17 07:43:28,539 [Thread-1615] INFO  impl.RoleInfo (RoleInfo.java:shutdownFollowerState(121)) - 2a93f7e5-ecb9-41da-9c47-70e13ba76d7d: shutdown FollowerState
2019-10-17 07:43:28,539 [Thread-1615] INFO  impl.RaftServerImpl (RaftServerImpl.java:setRole(184)) - 2a93f7e5-ecb9-41da-9c47-70e13ba76d7d@group-A9EE991D717F: changes role from  FOLLOWER to CANDIDATE at term 183 for changeToCandidate
2019-10-17 07:43:28,539 [Thread-1615] INFO  impl.RoleInfo (RoleInfo.java:updateAndGet(143)) - 2a93f7e5-ecb9-41da-9c47-70e13ba76d7d: start LeaderElection
2019-10-17 07:43:28,563 [2a93f7e5-ecb9-41da-9c47-70e13ba76d7d@group-A9EE991D717F-LeaderElection181] INFO  impl.LeaderElection (LeaderElection.java:askForVotes(178)) - 2a93f7e5-ecb9-41da-9c47-70e13ba76d7d@group-A9EE991D717F-LeaderElection181: begin an election at term 184 for 0: [37bd8e8c-ea68-4b1c-8659-8d001c4f3b5c:192.168.34.62:41632, 24020d0b-ce61-4f5a-b0b0-c561541e8cd4:192.168.34.62:42892, 2a93f7e5-ecb9-41da-9c47-70e13ba76d7d:192.168.34.62:35412], old=null
2019-10-17 07:43:28,565 [grpc-default-executor-0] INFO  impl.RaftServerImpl (RaftServerImpl.java:setRole(184)) - 37bd8e8c-ea68-4b1c-8659-8d001c4f3b5c@group-A9EE991D717F: changes role from  FOLLOWER to FOLLOWER at term 184 for recognizeCandidate:2a93f7e5-ecb9-41da-9c47-70e13ba76d7d
2019-10-17 07:43:28,566 [grpc-default-executor-0] INFO  impl.RoleInfo (RoleInfo.java:shutdownFollowerState(121)) - 37bd8e8c-ea68-4b1c-8659-8d001c4f3b5c: shutdown FollowerState
2019-10-17 07:43:28,566 [grpc-default-executor-0] INFO  impl.RoleInfo (RoleInfo.java:updateAndGet(143)) - 37bd8e8c-ea68-4b1c-8659-8d001c4f3b5c: start FollowerState
2019-10-17 07:43:28,566 [grpc-default-executor-1] INFO  impl.RaftServerImpl (RaftServerImpl.java:setRole(184)) - 24020d0b-ce61-4f5a-b0b0-c561541e8cd4@group-A9EE991D717F: changes role from  FOLLOWER to FOLLOWER at term 184 for recognizeCandidate:2a93f7e5-ecb9-41da-9c47-70e13ba76d7d
2019-10-17 07:43:28,566 [grpc-default-executor-1] INFO  impl.RoleInfo (RoleInfo.java:shutdownFollowerState(121)) - 24020d0b-ce61-4f5a-b0b0-c561541e8cd4: shutdown FollowerState
2019-10-17 07:43:28,566 [Thread-1613] INFO  impl.FollowerState (FollowerState.java:run(117)) - 37bd8e8c-ea68-4b1c-8659-8d001c4f3b5c@group-A9EE991D717F-FollowerState was interrupted: java.lang.InterruptedException: sleep interrupted
2019-10-17 07:43:28,566 [Thread-1614] INFO  impl.FollowerState (FollowerState.java:run(117)) - 24020d0b-ce61-4f5a-b0b0-c561541e8cd4@group-A9EE991D717F-FollowerState was interrupted: java.lang.InterruptedException: sleep interrupted
2019-10-17 07:43:28,566 [grpc-default-executor-1] INFO  impl.RoleInfo (RoleInfo.java:updateAndGet(143)) - 24020d0b-ce61-4f5a-b0b0-c561541e8cd4: start FollowerState
2019-10-17 07:43:28,590 [2a93f7e5-ecb9-41da-9c47-70e13ba76d7d@group-A9EE991D717F-LeaderElection181] INFO  impl.LeaderElection (LeaderElection.java:logAndReturn(56)) - 2a93f7e5-ecb9-41da-9c47-70e13ba76d7d@group-A9EE991D717F-LeaderElection181: Election REJECTED; received 2 response(s) [2a93f7e5-ecb9-41da-9c47-70e13ba76d7d<-37bd8e8c-ea68-4b1c-8659-8d001c4f3b5c#0:FAIL-t184, 2a93f7e5-ecb9-41da-9c47-70e13ba76d7d<-24020d0b-ce61-4f5a-b0b0-c561541e8cd4#0:FAIL-t184] and 0 exception(s); 2a93f7e5-ecb9-41da-9c47-70e13ba76d7d@group-A9EE991D717F:t184, leader=null, voted=2a93f7e5-ecb9-41da-9c47-70e13ba76d7d, raftlog=2a93f7e5-ecb9-41da-9c47-70e13ba76d7d@group-A9EE991D717F-SegmentedRaftLog:OPENED:c-1,f0,i0, conf=0: [37bd8e8c-ea68-4b1c-8659-8d001c4f3b5c:192.168.34.62:41632, 24020d0b-ce61-4f5a-b0b0-c561541e8cd4:192.168.34.62:42892, 2a93f7e5-ecb9-41da-9c47-70e13ba76d7d:192.168.34.62:35412], old=null
2019-10-17 07:43:28,590 [2a93f7e5-ecb9-41da-9c47-70e13ba76d7d@group-A9EE991D717F-LeaderElection181] INFO  impl.RaftServerImpl (RaftServerImpl.java:setRole(184)) - 2a93f7e5-ecb9-41da-9c47-70e13ba76d7d@group-A9EE991D717F: changes role from CANDIDATE to FOLLOWER at term 184 for DISCOVERED_A_NEW_TERM
2019-10-17 07:43:28,591 [2a93f7e5-ecb9-41da-9c47-70e13ba76d7d@group-A9EE991D717F-LeaderElection181] INFO  impl.RoleInfo (RoleInfo.java:shutdownLeaderElection(134)) - 2a93f7e5-ecb9-41da-9c47-70e13ba76d7d: shutdown LeaderElection
2019-10-17 07:43:28,591 [2a93f7e5-ecb9-41da-9c47-70e13ba76d7d@group-A9EE991D717F-LeaderElection181] INFO  impl.RoleInfo (RoleInfo.java:updateAndGet(143)) - 2a93f7e5-ecb9-41da-9c47-70e13ba76d7d: start FollowerState
2019-10-17 07:43:28,738 [Thread-1621] INFO  impl.FollowerState (FollowerState.java:run(108)) - 2a93f7e5-ecb9-41da-9c47-70e13ba76d7d@group-A9EE991D717F-FollowerState: change to CANDIDATE, lastRpcTime:147ms, electionTimeout:147ms
2019-10-17 07:43:28,738 [Thread-1621] INFO  impl.RoleInfo (RoleInfo.java:shutdownFollowerState(121)) - 2a93f7e5-ecb9-41da-9c47-70e13ba76d7d: shutdown FollowerState
2019-10-17 07:43:28,739 [Thread-1621] INFO  impl.RaftServerImpl (RaftServerImpl.java:setRole(184)) - 2a93f7e5-ecb9-41da-9c47-70e13ba76d7d@group-A9EE991D717F: changes role from  FOLLOWER to CANDIDATE at term 184 for changeToCandidate
2019-10-17 07:43:28,739 [Thread-1621] INFO  impl.RoleInfo (RoleInfo.java:updateAndGet(143)) - 2a93f7e5-ecb9-41da-9c47-70e13ba76d7d: start LeaderElection
2019-10-17 07:43:28,776 [2a93f7e5-ecb9-41da-9c47-70e13ba76d7d@group-A9EE991D717F-LeaderElection182] INFO  impl.LeaderElection (LeaderElection.java:askForVotes(178)) - 2a93f7e5-ecb9-41da-9c47-70e13ba76d7d@group-A9EE991D717F-LeaderElection182: begin an election at term 185 for 0: [37bd8e8c-ea68-4b1c-8659-8d001c4f3b5c:192.168.34.62:41632, 24020d0b-ce61-4f5a-b0b0-c561541e8cd4:192.168.34.62:42892, 2a93f7e5-ecb9-41da-9c47-70e13ba76d7d:192.168.34.62:35412], old=null
2019-10-17 07:43:28,778 [grpc-default-executor-1] INFO  impl.RaftServerImpl (RaftServerImpl.java:setRole(184)) - 37bd8e8c-ea68-4b1c-8659-8d001c4f3b5c@group-A9EE991D717F: changes role from  FOLLOWER to FOLLOWER at term 185 for recognizeCandidate:2a93f7e5-ecb9-41da-9c47-70e13ba76d7d
2019-10-17 07:43:28,778 [grpc-default-executor-1] INFO  impl.RoleInfo (RoleInfo.java:shutdownFollowerState(121)) - 37bd8e8c-ea68-4b1c-8659-8d001c4f3b5c: shutdown FollowerState
2019-10-17 07:43:28,778 [grpc-default-executor-0] INFO  impl.RaftServerImpl (RaftServerImpl.java:setRole(184)) - 24020d0b-ce61-4f5a-b0b0-c561541e8cd4@group-A9EE991D717F: changes role from  FOLLOWER to FOLLOWER at term 185 for recognizeCandidate:2a93f7e5-ecb9-41da-9c47-70e13ba76d7d
2019-10-17 07:43:28,779 [Thread-1619] INFO  impl.FollowerState (FollowerState.java:run(117)) - 37bd8e8c-ea68-4b1c-8659-8d001c4f3b5c@group-A9EE991D717F-FollowerState was interrupted: java.lang.InterruptedException: sleep interrupted
2019-10-17 07:43:28,778 [grpc-default-executor-1] INFO  impl.RoleInfo (RoleInfo.java:updateAndGet(143)) - 37bd8e8c-ea68-4b1c-8659-8d001c4f3b5c: start FollowerState
2019-10-17 07:43:28,779 [grpc-default-executor-0] INFO  impl.RoleInfo (RoleInfo.java:shutdownFollowerState(121)) - 24020d0b-ce61-4f5a-b0b0-c561541e8cd4: shutdown FollowerState
2019-10-17 07:43:28,779 [grpc-default-executor-0] INFO  impl.RoleInfo (RoleInfo.java:updateAndGet(143)) - 24020d0b-ce61-4f5a-b0b0-c561541e8cd4: start FollowerState
2019-10-17 07:43:28,779 [Thread-1620] INFO  impl.FollowerState (FollowerState.java:run(117)) - 24020d0b-ce61-4f5a-b0b0-c561541e8cd4@group-A9EE991D717F-FollowerState was interrupted: java.lang.InterruptedException: sleep interrupted
2019-10-17 07:43:28,800 [2a93f7e5-ecb9-41da-9c47-70e13ba76d7d@group-A9EE991D717F-LeaderElection182] INFO  impl.LeaderElection (LeaderElection.java:logAndReturn(56)) - 2a93f7e5-ecb9-41da-9c47-70e13ba76d7d@group-A9EE991D717F-LeaderElection182: Election REJECTED; received 2 response(s) [2a93f7e5-ecb9-41da-9c47-70e13ba76d7d<-37bd8e8c-ea68-4b1c-8659-8d001c4f3b5c#0:FAIL-t185, 2a93f7e5-ecb9-41da-9c47-70e13ba76d7d<-24020d0b-ce61-4f5a-b0b0-c561541e8cd4#0:FAIL-t185] and 0 exception(s); 2a93f7e5-ecb9-41da-9c47-70e13ba76d7d@group-A9EE991D717F:t185, leader=null, voted=2a93f7e5-ecb9-41da-9c47-70e13ba76d7d, raftlog=2a93f7e5-ecb9-41da-9c47-70e13ba76d7d@group-A9EE991D717F-SegmentedRaftLog:OPENED:c-1,f0,i0, conf=0: [37bd8e8c-ea68-4b1c-8659-8d001c4f3b5c:192.168.34.62:41632, 24020d0b-ce61-4f5a-b0b0-c561541e8cd4:192.168.34.62:42892, 2a93f7e5-ecb9-41da-9c47-70e13ba76d7d:192.168.34.62:35412], old=null
2019-10-17 07:43:28,800 [2a93f7e5-ecb9-41da-9c47-70e13ba76d7d@group-A9EE991D717F-LeaderElection182] INFO  impl.RaftServerImpl (RaftServerImpl.java:setRole(184)) - 2a93f7e5-ecb9-41da-9c47-70e13ba76d7d@group-A9EE991D717F: changes role from CANDIDATE to FOLLOWER at term 185 for DISCOVERED_A_NEW_TERM
2019-10-17 07:43:28,800 [2a93f7e5-ecb9-41da-9c47-70e13ba76d7d@group-A9EE991D717F-LeaderElection182] INFO  impl.RoleInfo (RoleInfo.java:shutdownLeaderElection(134)) - 2a93f7e5-ecb9-41da-9c47-70e13ba76d7d: shutdown LeaderElection
2019-10-17 07:43:28,800 [2a93f7e5-ecb9-41da-9c47-70e13ba76d7d@group-A9EE991D717F-LeaderElection182] INFO  impl.RoleInfo (RoleInfo.java:updateAndGet(143)) - 2a93f7e5-ecb9-41da-9c47-70e13ba76d7d: start FollowerState
2019-10-17 07:43:28,840 [Thread-1627] INFO  impl.FollowerState (FollowerState.java:run(108)) - 2a93f7e5-ecb9-41da-9c47-70e13ba76d7d@group-A9EE991D717F-FollowerState: change to CANDIDATE, lastRpcTime:39ms, electionTimeout:39ms
2019-10-17 07:43:28,840 [Thread-1627] INFO  impl.RoleInfo (RoleInfo.java:shutdownFollowerState(121)) - 2a93f7e5-ecb9-41da-9c47-70e13ba76d7d: shutdown FollowerState
2019-10-17 07:43:28,840 [Thread-1627] INFO  impl.RaftServerImpl (RaftServerImpl.java:setRole(184)) - 2a93f7e5-ecb9-41da-9c47-70e13ba76d7d@group-A9EE991D717F: changes role from  FOLLOWER to CANDIDATE at term 185 for changeToCandidate
2019-10-17 07:43:28,840 [Thread-1627] INFO  impl.RoleInfo (RoleInfo.java:updateAndGet(143)) - 2a93f7e5-ecb9-41da-9c47-70e13ba76d7d: start LeaderElection
2019-10-17 07:43:28,874 [2a93f7e5-ecb9-41da-9c47-70e13ba76d7d@group-A9EE991D717F-LeaderElection183] INFO  impl.LeaderElection (LeaderElection.java:askForVotes(178)) - 2a93f7e5-ecb9-41da-9c47-70e13ba76d7d@group-A9EE991D717F-LeaderElection183: begin an election at term 186 for 0: [37bd8e8c-ea68-4b1c-8659-8d001c4f3b5c:192.168.34.62:41632, 24020d0b-ce61-4f5a-b0b0-c561541e8cd4:192.168.34.62:42892, 2a93f7e5-ecb9-41da-9c47-70e13ba76d7d:192.168.34.62:35412], old=null
2019-10-17 07:43:28,876 [grpc-default-executor-0] INFO  impl.RaftServerImpl (RaftServerImpl.java:setRole(184)) - 37bd8e8c-ea68-4b1c-8659-8d001c4f3b5c@group-A9EE991D717F: changes role from  FOLLOWER to FOLLOWER at term 186 for recognizeCandidate:2a93f7e5-ecb9-41da-9c47-70e13ba76d7d
2019-10-17 07:43:28,876 [grpc-default-executor-0] INFO  impl.RoleInfo (RoleInfo.java:shutdownFollowerState(121)) - 37bd8e8c-ea68-4b1c-8659-8d001c4f3b5c: shutdown FollowerState
2019-10-17 07:43:28,877 [grpc-default-executor-0] INFO  impl.RoleInfo (RoleInfo.java:updateAndGet(143)) - 37bd8e8c-ea68-4b1c-8659-8d001c4f3b5c: start FollowerState
2019-10-17 07:43:28,877 [Thread-1625] INFO  impl.FollowerState (FollowerState.java:run(117)) - 37bd8e8c-ea68-4b1c-8659-8d001c4f3b5c@group-A9EE991D717F-FollowerState was interrupted: java.lang.InterruptedException: sleep interrupted
2019-10-17 07:43:28,877 [grpc-default-executor-1] INFO  impl.RaftServerImpl (RaftServerImpl.java:setRole(184)) - 24020d0b-ce61-4f5a-b0b0-c561541e8cd4@group-A9EE991D717F: changes role from  FOLLOWER to FOLLOWER at term 186 for recognizeCandidate:2a93f7e5-ecb9-41da-9c47-70e13ba76d7d
2019-10-17 07:43:28,877 [grpc-default-executor-1] INFO  impl.RoleInfo (RoleInfo.java:shutdownFollowerState(121)) - 24020d0b-ce61-4f5a-b0b0-c561541e8cd4: shutdown FollowerState
2019-10-17 07:43:28,877 [grpc-default-executor-1] INFO  impl.RoleInfo (RoleInfo.java:updateAndGet(143)) - 24020d0b-ce61-4f5a-b0b0-c561541e8cd4: start FollowerState
2019-10-17 07:43:28,877 [Thread-1626] INFO  impl.FollowerState (FollowerState.java:run(117)) - 24020d0b-ce61-4f5a-b0b0-c561541e8cd4@group-A9EE991D717F-FollowerState was interrupted: java.lang.InterruptedException: sleep interrupted
2019-10-17 07:43:28,896 [2a93f7e5-ecb9-41da-9c47-70e13ba76d7d@group-A9EE991D717F-LeaderElection183] INFO  impl.LeaderElection (LeaderElection.java:logAndReturn(56)) - 2a93f7e5-ecb9-41da-9c47-70e13ba76d7d@group-A9EE991D717F-LeaderElection183: Election TIMEOUT; received 0 response(s) [] and 0 exception(s); 2a93f7e5-ecb9-41da-9c47-70e13ba76d7d@group-A9EE991D717F:t186, leader=null, voted=2a93f7e5-ecb9-41da-9c47-70e13ba76d7d, raftlog=2a93f7e5-ecb9-41da-9c47-70e13ba76d7d@group-A9EE991D717F-SegmentedRaftLog:OPENED:c-1,f0,i0, conf=0: [37bd8e8c-ea68-4b1c-8659-8d001c4f3b5c:192.168.34.62:41632, 24020d0b-ce61-4f5a-b0b0-c561541e8cd4:192.168.34.62:42892, 2a93f7e5-ecb9-41da-9c47-70e13ba76d7d:192.168.34.62:35412], old=null
2019-10-17 07:43:28,919 [2a93f7e5-ecb9-41da-9c47-70e13ba76d7d@group-A9EE991D717F-LeaderElection183] INFO  impl.LeaderElection (LeaderElection.java:askForVotes(178)) - 2a93f7e5-ecb9-41da-9c47-70e13ba76d7d@group-A9EE991D717F-LeaderElection183: begin an election at term 187 for 0: [37bd8e8c-ea68-4b1c-8659-8d001c4f3b5c:192.168.34.62:41632, 24020d0b-ce61-4f5a-b0b0-c561541e8cd4:192.168.34.62:42892, 2a93f7e5-ecb9-41da-9c47-70e13ba76d7d:192.168.34.62:35412], old=null
2019-10-17 07:43:28,921 [grpc-default-executor-1] INFO  impl.RaftServerImpl (RaftServerImpl.java:setRole(184)) - 37bd8e8c-ea68-4b1c-8659-8d001c4f3b5c@group-A9EE991D717F: changes role from  FOLLOWER to FOLLOWER at term 187 for recognizeCandidate:2a93f7e5-ecb9-41da-9c47-70e13ba76d7d
2019-10-17 07:43:28,921 [grpc-default-executor-1] INFO  impl.RoleInfo (RoleInfo.java:shutdownFollowerState(121)) - 37bd8e8c-ea68-4b1c-8659-8d001c4f3b5c: shutdown FollowerState
2019-10-17 07:43:28,921 [grpc-default-executor-1] INFO  impl.RoleInfo (RoleInfo.java:updateAndGet(143)) - 37bd8e8c-ea68-4b1c-8659-8d001c4f3b5c: start FollowerState
2019-10-17 07:43:28,921 [grpc-default-executor-0] INFO  impl.RaftServerImpl (RaftServerImpl.java:setRole(184)) - 24020d0b-ce61-4f5a-b0b0-c561541e8cd4@group-A9EE991D717F: changes role from  FOLLOWER to FOLLOWER at term 187 for recognizeCandidate:2a93f7e5-ecb9-41da-9c47-70e13ba76d7d
2019-10-17 07:43:28,922 [grpc-default-executor-0] INFO  impl.RoleInfo (RoleInfo.java:shutdownFollowerState(121)) - 24020d0b-ce61-4f5a-b0b0-c561541e8cd4: shutdown FollowerState
2019-10-17 07:43:28,921 [Thread-1631] INFO  impl.FollowerState (FollowerState.java:run(117)) - 37bd8e8c-ea68-4b1c-8659-8d001c4f3b5c@group-A9EE991D717F-FollowerState was interrupted: java.lang.InterruptedException: sleep interrupted
2019-10-17 07:43:28,922 [Thread-1632] INFO  impl.FollowerState (FollowerState.java:run(117)) - 24020d0b-ce61-4f5a-b0b0-c561541e8cd4@group-A9EE991D717F-FollowerState was interrupted: java.lang.InterruptedException: sleep interrupted
2019-10-17 07:43:28,922 [grpc-default-executor-0] INFO  impl.RoleInfo (RoleInfo.java:updateAndGet(143)) - 24020d0b-ce61-4f5a-b0b0-c561541e8cd4: start FollowerState
2019-10-17 07:43:28,938 [2a93f7e5-ecb9-41da-9c47-70e13ba76d7d@group-A9EE991D717F-LeaderElection183] INFO  impl.LeaderElection (LeaderElection.java:logAndReturn(56)) - 2a93f7e5-ecb9-41da-9c47-70e13ba76d7d@group-A9EE991D717F-LeaderElection183: Election REJECTED; received 2 response(s) [2a93f7e5-ecb9-41da-9c47-70e13ba76d7d<-37bd8e8c-ea68-4b1c-8659-8d001c4f3b5c#0:FAIL-t187, 2a93f7e5-ecb9-41da-9c47-70e13ba76d7d<-24020d0b-ce61-4f5a-b0b0-c561541e8cd4#0:FAIL-t187] and 0 exception(s); 2a93f7e5-ecb9-41da-9c47-70e13ba76d7d@group-A9EE991D717F:t187, leader=null, voted=2a93f7e5-ecb9-41da-9c47-70e13ba76d7d, raftlog=2a93f7e5-ecb9-41da-9c47-70e13ba76d7d@group-A9EE991D717F-SegmentedRaftLog:OPENED:c-1,f0,i0, conf=0: [37bd8e8c-ea68-4b1c-8659-8d001c4f3b5c:192.168.34.62:41632, 24020d0b-ce61-4f5a-b0b0-c561541e8cd4:192.168.34.62:42892, 2a93f7e5-ecb9-41da-9c47-70e13ba76d7d:192.168.34.62:35412], old=null
2019-10-17 07:43:28,938 [2a93f7e5-ecb9-41da-9c47-70e13ba76d7d@group-A9EE991D717F-LeaderElection183] INFO  impl.RaftServerImpl (RaftServerImpl.java:setRole(184)) - 2a93f7e5-ecb9-41da-9c47-70e13ba76d7d@group-A9EE991D717F: changes role from CANDIDATE to FOLLOWER at term 187 for DISCOVERED_A_NEW_TERM
2019-10-17 07:43:28,938 [2a93f7e5-ecb9-41da-9c47-70e13ba76d7d@group-A9EE991D717F-LeaderElection183] INFO  impl.RoleInfo (RoleInfo.java:shutdownLeaderElection(134)) - 2a93f7e5-ecb9-41da-9c47-70e13ba76d7d: shutdown LeaderElection
2019-10-17 07:43:28,938 [2a93f7e5-ecb9-41da-9c47-70e13ba76d7d@group-A9EE991D717F-LeaderElection183] INFO  impl.RoleInfo (RoleInfo.java:updateAndGet(143)) - 2a93f7e5-ecb9-41da-9c47-70e13ba76d7d: start FollowerState
2019-10-17 07:43:28,990 [Thread-1637] INFO  impl.FollowerState (FollowerState.java:run(108)) - 2a93f7e5-ecb9-41da-9c47-70e13ba76d7d@group-A9EE991D717F-FollowerState: change to CANDIDATE, lastRpcTime:51ms, electionTimeout:51ms
2019-10-17 07:43:28,990 [Thread-1637] INFO  impl.RoleInfo (RoleInfo.java:shutdownFollowerState(121)) - 2a93f7e5-ecb9-41da-9c47-70e13ba76d7d: shutdown FollowerState
2019-10-17 07:43:28,990 [Thread-1637] INFO  impl.RaftServerImpl (RaftServerImpl.java:setRole(184)) - 2a93f7e5-ecb9-41da-9c47-70e13ba76d7d@group-A9EE991D717F: changes role from  FOLLOWER to CANDIDATE at term 187 for changeToCandidate
2019-10-17 07:43:28,990 [Thread-1637] INFO  impl.RoleInfo (RoleInfo.java:updateAndGet(143)) - 2a93f7e5-ecb9-41da-9c47-70e13ba76d7d: start LeaderElection
2019-10-17 07:43:29,014 [2a93f7e5-ecb9-41da-9c47-70e13ba76d7d@group-A9EE991D717F-LeaderElection184] INFO  impl.LeaderElection (LeaderElection.java:askForVotes(178)) - 2a93f7e5-ecb9-41da-9c47-70e13ba76d7d@group-A9EE991D717F-LeaderElection184: begin an election at term 188 for 0: [37bd8e8c-ea68-4b1c-8659-8d001c4f3b5c:192.168.34.62:41632, 24020d0b-ce61-4f5a-b0b0-c561541e8cd4:192.168.34.62:42892, 2a93f7e5-ecb9-41da-9c47-70e13ba76d7d:192.168.34.62:35412], old=null
2019-10-17 07:43:29,017 [grpc-default-executor-0] INFO  impl.RaftServerImpl (RaftServerImpl.java:setRole(184)) - 37bd8e8c-ea68-4b1c-8659-8d001c4f3b5c@group-A9EE991D717F: changes role from  FOLLOWER to FOLLOWER at term 188 for recognizeCandidate:2a93f7e5-ecb9-41da-9c47-70e13ba76d7d
2019-10-17 07:43:29,017 [grpc-default-executor-0] INFO  impl.RoleInfo (RoleInfo.java:shutdownFollowerState(121)) - 37bd8e8c-ea68-4b1c-8659-8d001c4f3b5c: shutdown FollowerState
2019-10-17 07:43:29,017 [grpc-default-executor-1] INFO  impl.RaftServerImpl (RaftServerImpl.java:setRole(184)) - 24020d0b-ce61-4f5a-b0b0-c561541e8cd4@group-A9EE991D717F: changes role from  FOLLOWER to FOLLOWER at term 188 for recognizeCandidate:2a93f7e5-ecb9-41da-9c47-70e13ba76d7d
2019-10-17 07:43:29,018 [Thread-1635] INFO  impl.FollowerState (FollowerState.java:run(117)) - 37bd8e8c-ea68-4b1c-8659-8d001c4f3b5c@group-A9EE991D717F-FollowerState was interrupted: java.lang.InterruptedException: sleep interrupted
2019-10-17 07:43:29,017 [grpc-default-executor-0] INFO  impl.RoleInfo (RoleInfo.java:updateAndGet(143)) - 37bd8e8c-ea68-4b1c-8659-8d001c4f3b5c: start FollowerState
2019-10-17 07:43:29,018 [grpc-default-executor-1] INFO  impl.RoleInfo (RoleInfo.java:shutdownFollowerState(121)) - 24020d0b-ce61-4f5a-b0b0-c561541e8cd4: shutdown FollowerState
2019-10-17 07:43:29,018 [grpc-default-executor-1] INFO  impl.RoleInfo (RoleInfo.java:updateAndGet(143)) - 24020d0b-ce61-4f5a-b0b0-c561541e8cd4: start FollowerState
2019-10-17 07:43:29,018 [Thread-1636] INFO  impl.FollowerState (FollowerState.java:run(117)) - 24020d0b-ce61-4f5a-b0b0-c561541e8cd4@group-A9EE991D717F-FollowerState was interrupted: java.lang.InterruptedException: sleep interrupted
2019-10-17 07:43:29,043 [2a93f7e5-ecb9-41da-9c47-70e13ba76d7d@group-A9EE991D717F-LeaderElection184] INFO  impl.LeaderElection (LeaderElection.java:logAndReturn(56)) - 2a93f7e5-ecb9-41da-9c47-70e13ba76d7d@group-A9EE991D717F-LeaderElection184: Election REJECTED; received 2 response(s) [2a93f7e5-ecb9-41da-9c47-70e13ba76d7d<-37bd8e8c-ea68-4b1c-8659-8d001c4f3b5c#0:FAIL-t188, 2a93f7e5-ecb9-41da-9c47-70e13ba76d7d<-24020d0b-ce61-4f5a-b0b0-c561541e8cd4#0:FAIL-t188] and 0 exception(s); 2a93f7e5-ecb9-41da-9c47-70e13ba76d7d@group-A9EE991D717F:t188, leader=null, voted=2a93f7e5-ecb9-41da-9c47-70e13ba76d7d, raftlog=2a93f7e5-ecb9-41da-9c47-70e13ba76d7d@group-A9EE991D717F-SegmentedRaftLog:OPENED:c-1,f0,i0, conf=0: [37bd8e8c-ea68-4b1c-8659-8d001c4f3b5c:192.168.34.62:41632, 24020d0b-ce61-4f5a-b0b0-c561541e8cd4:192.168.34.62:42892, 2a93f7e5-ecb9-41da-9c47-70e13ba76d7d:192.168.34.62:35412], old=null
2019-10-17 07:43:29,043 [2a93f7e5-ecb9-41da-9c47-70e13ba76d7d@group-A9EE991D717F-LeaderElection184] INFO  impl.RaftServerImpl (RaftServerImpl.java:setRole(184)) - 2a93f7e5-ecb9-41da-9c47-70e13ba76d7d@group-A9EE991D717F: changes role from CANDIDATE to FOLLOWER at term 188 for DISCOVERED_A_NEW_TERM
2019-10-17 07:43:29,043 [2a93f7e5-ecb9-41da-9c47-70e13ba76d7d@group-A9EE991D717F-LeaderElection184] INFO  impl.RoleInfo (RoleInfo.java:shutdownLeaderElection(134)) - 2a93f7e5-ecb9-41da-9c47-70e13ba76d7d: shutdown LeaderElection
2019-10-17 07:43:29,043 [2a93f7e5-ecb9-41da-9c47-70e13ba76d7d@group-A9EE991D717F-LeaderElection184] INFO  impl.RoleInfo (RoleInfo.java:updateAndGet(143)) - 2a93f7e5-ecb9-41da-9c47-70e13ba76d7d: start FollowerState
2019-10-17 07:43:29,111 [Thread-1643] INFO  impl.FollowerState (FollowerState.java:run(108)) - 2a93f7e5-ecb9-41da-9c47-70e13ba76d7d@group-A9EE991D717F-FollowerState: change to CANDIDATE, lastRpcTime:67ms, electionTimeout:67ms
2019-10-17 07:43:29,111 [Thread-1643] INFO  impl.RoleInfo (RoleInfo.java:shutdownFollowerState(121)) - 2a93f7e5-ecb9-41da-9c47-70e13ba76d7d: shutdown FollowerState
2019-10-17 07:43:29,111 [Thread-1643] INFO  impl.RaftServerImpl (RaftServerImpl.java:setRole(184)) - 2a93f7e5-ecb9-41da-9c47-70e13ba76d7d@group-A9EE991D717F: changes role from  FOLLOWER to CANDIDATE at term 188 for changeToCandidate
2019-10-17 07:43:29,111 [Thread-1643] INFO  impl.RoleInfo (RoleInfo.java:updateAndGet(143)) - 2a93f7e5-ecb9-41da-9c47-70e13ba76d7d: start LeaderElection
2019-10-17 07:43:29,136 [2a93f7e5-ecb9-41da-9c47-70e13ba76d7d@group-A9EE991D717F-LeaderElection185] INFO  impl.LeaderElection (LeaderElection.java:askForVotes(178)) - 2a93f7e5-ecb9-41da-9c47-70e13ba76d7d@group-A9EE991D717F-LeaderElection185: begin an election at term 189 for 0: [37bd8e8c-ea68-4b1c-8659-8d001c4f3b5c:192.168.34.62:41632, 24020d0b-ce61-4f5a-b0b0-c561541e8cd4:192.168.34.62:42892, 2a93f7e5-ecb9-41da-9c47-70e13ba76d7d:192.168.34.62:35412], old=null
2019-10-17 07:43:29,139 [grpc-default-executor-0] INFO  impl.RaftServerImpl (RaftServerImpl.java:setRole(184)) - 37bd8e8c-ea68-4b1c-8659-8d001c4f3b5c@group-A9EE991D717F: changes role from  FOLLOWER to FOLLOWER at term 189 for recognizeCandidate:2a93f7e5-ecb9-41da-9c47-70e13ba76d7d
2019-10-17 07:43:29,139 [grpc-default-executor-0] INFO  impl.RoleInfo (RoleInfo.java:shutdownFollowerState(121)) - 37bd8e8c-ea68-4b1c-8659-8d001c4f3b5c: shutdown FollowerState
2019-10-17 07:43:29,139 [grpc-default-executor-1] INFO  impl.RaftServerImpl (RaftServerImpl.java:setRole(184)) - 24020d0b-ce61-4f5a-b0b0-c561541e8cd4@group-A9EE991D717F: changes role from  FOLLOWER to FOLLOWER at term 189 for recognizeCandidate:2a93f7e5-ecb9-41da-9c47-70e13ba76d7d
2019-10-17 07:43:29,139 [Thread-1641] INFO  impl.FollowerState (FollowerState.java:run(117)) - 37bd8e8c-ea68-4b1c-8659-8d001c4f3b5c@group-A9EE991D717F-FollowerState was interrupted: java.lang.InterruptedException: sleep interrupted
2019-10-17 07:43:29,139 [grpc-default-executor-0] INFO  impl.RoleInfo (RoleInfo.java:updateAndGet(143)) - 37bd8e8c-ea68-4b1c-8659-8d001c4f3b5c: start FollowerState
2019-10-17 07:43:29,139 [grpc-default-executor-1] INFO  impl.RoleInfo (RoleInfo.java:shutdownFollowerState(121)) - 24020d0b-ce61-4f5a-b0b0-c561541e8cd4: shutdown FollowerState
2019-10-17 07:43:29,140 [grpc-default-executor-1] INFO  impl.RoleInfo (RoleInfo.java:updateAndGet(143)) - 24020d0b-ce61-4f5a-b0b0-c561541e8cd4: start FollowerState
2019-10-17 07:43:29,140 [Thread-1642] INFO  impl.FollowerState (FollowerState.java:run(117)) - 24020d0b-ce61-4f5a-b0b0-c561541e8cd4@group-A9EE991D717F-FollowerState was interrupted: java.lang.InterruptedException: sleep interrupted
2019-10-17 07:43:29,154 [2a93f7e5-ecb9-41da-9c47-70e13ba76d7d@group-A9EE991D717F-LeaderElection185] INFO  impl.LeaderElection (LeaderElection.java:logAndReturn(56)) - 2a93f7e5-ecb9-41da-9c47-70e13ba76d7d@group-A9EE991D717F-LeaderElection185: Election REJECTED; received 2 response(s) [2a93f7e5-ecb9-41da-9c47-70e13ba76d7d<-37bd8e8c-ea68-4b1c-8659-8d001c4f3b5c#0:FAIL-t189, 2a93f7e5-ecb9-41da-9c47-70e13ba76d7d<-24020d0b-ce61-4f5a-b0b0-c561541e8cd4#0:FAIL-t189] and 0 exception(s); 2a93f7e5-ecb9-41da-9c47-70e13ba76d7d@group-A9EE991D717F:t189, leader=null, voted=2a93f7e5-ecb9-41da-9c47-70e13ba76d7d, raftlog=2a93f7e5-ecb9-41da-9c47-70e13ba76d7d@group-A9EE991D717F-SegmentedRaftLog:OPENED:c-1,f0,i0, conf=0: [37bd8e8c-ea68-4b1c-8659-8d001c4f3b5c:192.168.34.62:41632, 24020d0b-ce61-4f5a-b0b0-c561541e8cd4:192.168.34.62:42892, 2a93f7e5-ecb9-41da-9c47-70e13ba76d7d:192.168.34.62:35412], old=null
2019-10-17 07:43:29,154 [2a93f7e5-ecb9-41da-9c47-70e13ba76d7d@group-A9EE991D717F-LeaderElection185] INFO  impl.RaftServerImpl (RaftServerImpl.java:setRole(184)) - 2a93f7e5-ecb9-41da-9c47-70e13ba76d7d@group-A9EE991D717F: changes role from CANDIDATE to FOLLOWER at term 189 for DISCOVERED_A_NEW_TERM
2019-10-17 07:43:29,154 [2a93f7e5-ecb9-41da-9c47-70e13ba76d7d@group-A9EE991D717F-LeaderElection185] INFO  impl.RoleInfo (RoleInfo.java:shutdownLeaderElection(134)) - 2a93f7e5-ecb9-41da-9c47-70e13ba76d7d: shutdown LeaderElection
2019-10-17 07:43:29,154 [2a93f7e5-ecb9-41da-9c47-70e13ba76d7d@group-A9EE991D717F-LeaderElection185] INFO  impl.RoleInfo (RoleInfo.java:updateAndGet(143)) - 2a93f7e5-ecb9-41da-9c47-70e13ba76d7d: start FollowerState
2019-10-17 07:43:29,324 [Thread-1649] INFO  impl.FollowerState (FollowerState.java:run(108)) - 2a93f7e5-ecb9-41da-9c47-70e13ba76d7d@group-A9EE991D717F-FollowerState: change to CANDIDATE, lastRpcTime:169ms, electionTimeout:169ms
2019-10-17 07:43:29,324 [Thread-1649] INFO  impl.RoleInfo (RoleInfo.java:shutdownFollowerState(121)) - 2a93f7e5-ecb9-41da-9c47-70e13ba76d7d: shutdown FollowerState
2019-10-17 07:43:29,324 [Thread-1649] INFO  impl.RaftServerImpl (RaftServerImpl.java:setRole(184)) - 2a93f7e5-ecb9-41da-9c47-70e13ba76d7d@group-A9EE991D717F: changes role from  FOLLOWER to CANDIDATE at term 189 for changeToCandidate
2019-10-17 07:43:29,324 [Thread-1649] INFO  impl.RoleInfo (RoleInfo.java:updateAndGet(143)) - 2a93f7e5-ecb9-41da-9c47-70e13ba76d7d: start LeaderElection
2019-10-17 07:43:29,338 [2a93f7e5-ecb9-41da-9c47-70e13ba76d7d@group-A9EE991D717F-LeaderElection186] INFO  impl.LeaderElection (LeaderElection.java:askForVotes(178)) - 2a93f7e5-ecb9-41da-9c47-70e13ba76d7d@group-A9EE991D717F-LeaderElection186: begin an election at term 190 for 0: [37bd8e8c-ea68-4b1c-8659-8d001c4f3b5c:192.168.34.62:41632, 24020d0b-ce61-4f5a-b0b0-c561541e8cd4:192.168.34.62:42892, 2a93f7e5-ecb9-41da-9c47-70e13ba76d7d:192.168.34.62:35412], old=null
2019-10-17 07:43:29,340 [grpc-default-executor-0] INFO  impl.RaftServerImpl (RaftServerImpl.java:setRole(184)) - 37bd8e8c-ea68-4b1c-8659-8d001c4f3b5c@group-A9EE991D717F: changes role from  FOLLOWER to FOLLOWER at term 190 for recognizeCandidate:2a93f7e5-ecb9-41da-9c47-70e13ba76d7d
2019-10-17 07:43:29,340 [grpc-default-executor-0] INFO  impl.RoleInfo (RoleInfo.java:shutdownFollowerState(121)) - 37bd8e8c-ea68-4b1c-8659-8d001c4f3b5c: shutdown FollowerState
2019-10-17 07:43:29,340 [grpc-default-executor-0] INFO  impl.RoleInfo (RoleInfo.java:updateAndGet(143)) - 37bd8e8c-ea68-4b1c-8659-8d001c4f3b5c: start FollowerState
2019-10-17 07:43:29,340 [Thread-1647] INFO  impl.FollowerState (FollowerState.java:run(117)) - 37bd8e8c-ea68-4b1c-8659-8d001c4f3b5c@group-A9EE991D717F-FollowerState was interrupted: java.lang.InterruptedException: sleep interrupted
2019-10-17 07:43:29,340 [grpc-default-executor-1] INFO  impl.RaftServerImpl (RaftServerImpl.java:setRole(184)) - 24020d0b-ce61-4f5a-b0b0-c561541e8cd4@group-A9EE991D717F: changes role from  FOLLOWER to FOLLOWER at term 190 for recognizeCandidate:2a93f7e5-ecb9-41da-9c47-70e13ba76d7d
2019-10-17 07:43:29,341 [grpc-default-executor-1] INFO  impl.RoleInfo (RoleInfo.java:shutdownFollowerState(121)) - 24020d0b-ce61-4f5a-b0b0-c561541e8cd4: shutdown FollowerState
2019-10-17 07:43:29,341 [grpc-default-executor-1] INFO  impl.RoleInfo (RoleInfo.java:updateAndGet(143)) - 24020d0b-ce61-4f5a-b0b0-c561541e8cd4: start FollowerState
2019-10-17 07:43:29,341 [Thread-1648] INFO  impl.FollowerState (FollowerState.java:run(117)) - 24020d0b-ce61-4f5a-b0b0-c561541e8cd4@group-A9EE991D717F-FollowerState was interrupted: java.lang.InterruptedException: sleep interrupted
2019-10-17 07:43:29,364 [2a93f7e5-ecb9-41da-9c47-70e13ba76d7d@group-A9EE991D717F-LeaderElection186] INFO  impl.LeaderElection (LeaderElection.java:logAndReturn(56)) - 2a93f7e5-ecb9-41da-9c47-70e13ba76d7d@group-A9EE991D717F-LeaderElection186: Election REJECTED; received 2 response(s) [2a93f7e5-ecb9-41da-9c47-70e13ba76d7d<-37bd8e8c-ea68-4b1c-8659-8d001c4f3b5c#0:FAIL-t190, 2a93f7e5-ecb9-41da-9c47-70e13ba76d7d<-24020d0b-ce61-4f5a-b0b0-c561541e8cd4#0:FAIL-t190] and 0 exception(s); 2a93f7e5-ecb9-41da-9c47-70e13ba76d7d@group-A9EE991D717F:t190, leader=null, voted=2a93f7e5-ecb9-41da-9c47-70e13ba76d7d, raftlog=2a93f7e5-ecb9-41da-9c47-70e13ba76d7d@group-A9EE991D717F-SegmentedRaftLog:OPENED:c-1,f0,i0, conf=0: [37bd8e8c-ea68-4b1c-8659-8d001c4f3b5c:192.168.34.62:41632, 24020d0b-ce61-4f5a-b0b0-c561541e8cd4:192.168.34.62:42892, 2a93f7e5-ecb9-41da-9c47-70e13ba76d7d:192.168.34.62:35412], old=null
2019-10-17 07:43:29,365 [2a93f7e5-ecb9-41da-9c47-70e13ba76d7d@group-A9EE991D717F-LeaderElection186] INFO  impl.RaftServerImpl (RaftServerImpl.java:setRole(184)) - 2a93f7e5-ecb9-41da-9c47-70e13ba76d7d@group-A9EE991D717F: changes role from CANDIDATE to FOLLOWER at term 190 for DISCOVERED_A_NEW_TERM
2019-10-17 07:43:29,365 [2a93f7e5-ecb9-41da-9c47-70e13ba76d7d@group-A9EE991D717F-LeaderElection186] INFO  impl.RoleInfo (RoleInfo.java:shutdownLeaderElection(134)) - 2a93f7e5-ecb9-41da-9c47-70e13ba76d7d: shutdown LeaderElection
2019-10-17 07:43:29,365 [2a93f7e5-ecb9-41da-9c47-70e13ba76d7d@group-A9EE991D717F-LeaderElection186] INFO  impl.RoleInfo (RoleInfo.java:updateAndGet(143)) - 2a93f7e5-ecb9-41da-9c47-70e13ba76d7d: start FollowerState
2019-10-17 07:43:29,452 [Thread-1655] INFO  impl.FollowerState (FollowerState.java:run(108)) - 2a93f7e5-ecb9-41da-9c47-70e13ba76d7d@group-A9EE991D717F-FollowerState: change to CANDIDATE, lastRpcTime:87ms, electionTimeout:87ms
2019-10-17 07:43:29,452 [Thread-1655] INFO  impl.RoleInfo (RoleInfo.java:shutdownFollowerState(121)) - 2a93f7e5-ecb9-41da-9c47-70e13ba76d7d: shutdown FollowerState
2019-10-17 07:43:29,453 [Thread-1655] INFO  impl.RaftServerImpl (RaftServerImpl.java:setRole(184)) - 2a93f7e5-ecb9-41da-9c47-70e13ba76d7d@group-A9EE991D717F: changes role from  FOLLOWER to CANDIDATE at term 190 for changeToCandidate
2019-10-17 07:43:29,453 [Thread-1655] INFO  impl.RoleInfo (RoleInfo.java:updateAndGet(143)) - 2a93f7e5-ecb9-41da-9c47-70e13ba76d7d: start LeaderElection
2019-10-17 07:43:29,477 [2a93f7e5-ecb9-41da-9c47-70e13ba76d7d@group-A9EE991D717F-LeaderElection187] INFO  impl.LeaderElection (LeaderElection.java:askForVotes(178)) - 2a93f7e5-ecb9-41da-9c47-70e13ba76d7d@group-A9EE991D717F-LeaderElection187: begin an election at term 191 for 0: [37bd8e8c-ea68-4b1c-8659-8d001c4f3b5c:192.168.34.62:41632, 24020d0b-ce61-4f5a-b0b0-c561541e8cd4:192.168.34.62:42892, 2a93f7e5-ecb9-41da-9c47-70e13ba76d7d:192.168.34.62:35412], old=null
2019-10-17 07:43:29,479 [grpc-default-executor-1] INFO  impl.RaftServerImpl (RaftServerImpl.java:setRole(184)) - 37bd8e8c-ea68-4b1c-8659-8d001c4f3b5c@group-A9EE991D717F: changes role from  FOLLOWER to FOLLOWER at term 191 for recognizeCandidate:2a93f7e5-ecb9-41da-9c47-70e13ba76d7d
2019-10-17 07:43:29,479 [grpc-default-executor-1] INFO  impl.RoleInfo (RoleInfo.java:shutdownFollowerState(121)) - 37bd8e8c-ea68-4b1c-8659-8d001c4f3b5c: shutdown FollowerState
2019-10-17 07:43:29,479 [grpc-default-executor-0] INFO  impl.RaftServerImpl (RaftServerImpl.java:setRole(184)) - 24020d0b-ce61-4f5a-b0b0-c561541e8cd4@group-A9EE991D717F: changes role from  FOLLOWER to FOLLOWER at term 191 for recognizeCandidate:2a93f7e5-ecb9-41da-9c47-70e13ba76d7d
2019-10-17 07:43:29,480 [grpc-default-executor-0] INFO  impl.RoleInfo (RoleInfo.java:shutdownFollowerState(121)) - 24020d0b-ce61-4f5a-b0b0-c561541e8cd4: shutdown FollowerState
2019-10-17 07:43:29,479 [Thread-1653] INFO  impl.FollowerState (FollowerState.java:run(117)) - 37bd8e8c-ea68-4b1c-8659-8d001c4f3b5c@group-A9EE991D717F-FollowerState was interrupted: java.lang.InterruptedException: sleep interrupted
2019-10-17 07:43:29,479 [grpc-default-executor-1] INFO  impl.RoleInfo (RoleInfo.java:updateAndGet(143)) - 37bd8e8c-ea68-4b1c-8659-8d001c4f3b5c: start FollowerState
2019-10-17 07:43:29,480 [Thread-1654] INFO  impl.FollowerState (FollowerState.java:run(117)) - 24020d0b-ce61-4f5a-b0b0-c561541e8cd4@group-A9EE991D717F-FollowerState was interrupted: java.lang.InterruptedException: sleep interrupted
2019-10-17 07:43:29,480 [grpc-default-executor-0] INFO  impl.RoleInfo (RoleInfo.java:updateAndGet(143)) - 24020d0b-ce61-4f5a-b0b0-c561541e8cd4: start FollowerState
2019-10-17 07:43:29,481 [2a93f7e5-ecb9-41da-9c47-70e13ba76d7d@group-A9EE991D717F-LeaderElection187] INFO  impl.LeaderElection (LeaderElection.java:logAndReturn(56)) - 2a93f7e5-ecb9-41da-9c47-70e13ba76d7d@group-A9EE991D717F-LeaderElection187: Election TIMEOUT; received 0 response(s) [] and 0 exception(s); 2a93f7e5-ecb9-41da-9c47-70e13ba76d7d@group-A9EE991D717F:t191, leader=null, voted=2a93f7e5-ecb9-41da-9c47-70e13ba76d7d, raftlog=2a93f7e5-ecb9-41da-9c47-70e13ba76d7d@group-A9EE991D717F-SegmentedRaftLog:OPENED:c-1,f0,i0, conf=0: [37bd8e8c-ea68-4b1c-8659-8d001c4f3b5c:192.168.34.62:41632, 24020d0b-ce61-4f5a-b0b0-c561541e8cd4:192.168.34.62:42892, 2a93f7e5-ecb9-41da-9c47-70e13ba76d7d:192.168.34.62:35412], old=null
2019-10-17 07:43:29,504 [2a93f7e5-ecb9-41da-9c47-70e13ba76d7d@group-A9EE991D717F-LeaderElection187] INFO  impl.LeaderElection (LeaderElection.java:askForVotes(178)) - 2a93f7e5-ecb9-41da-9c47-70e13ba76d7d@group-A9EE991D717F-LeaderElection187: begin an election at term 192 for 0: [37bd8e8c-ea68-4b1c-8659-8d001c4f3b5c:192.168.34.62:41632, 24020d0b-ce61-4f5a-b0b0-c561541e8cd4:192.168.34.62:42892, 2a93f7e5-ecb9-41da-9c47-70e13ba76d7d:192.168.34.62:35412], old=null
2019-10-17 07:43:29,506 [grpc-default-executor-1] INFO  impl.RaftServerImpl (RaftServerImpl.java:setRole(184)) - 37bd8e8c-ea68-4b1c-8659-8d001c4f3b5c@group-A9EE991D717F: changes role from  FOLLOWER to FOLLOWER at term 192 for recognizeCandidate:2a93f7e5-ecb9-41da-9c47-70e13ba76d7d
2019-10-17 07:43:29,506 [grpc-default-executor-1] INFO  impl.RoleInfo (RoleInfo.java:shutdownFollowerState(121)) - 37bd8e8c-ea68-4b1c-8659-8d001c4f3b5c: shutdown FollowerState
2019-10-17 07:43:29,506 [grpc-default-executor-0] INFO  impl.RaftServerImpl (RaftServerImpl.java:setRole(184)) - 24020d0b-ce61-4f5a-b0b0-c561541e8cd4@group-A9EE991D717F: changes role from  FOLLOWER to FOLLOWER at term 192 for recognizeCandidate:2a93f7e5-ecb9-41da-9c47-70e13ba76d7d
2019-10-17 07:43:29,507 [Thread-1659] INFO  impl.FollowerState (FollowerState.java:run(117)) - 37bd8e8c-ea68-4b1c-8659-8d001c4f3b5c@group-A9EE991D717F-FollowerState was interrupted: java.lang.InterruptedException: sleep interrupted
2019-10-17 07:43:29,507 [grpc-default-executor-1] INFO  impl.RoleInfo (RoleInfo.java:updateAndGet(143)) - 37bd8e8c-ea68-4b1c-8659-8d001c4f3b5c: start FollowerState
2019-10-17 07:43:29,507 [grpc-default-executor-0] INFO  impl.RoleInfo (RoleInfo.java:shutdownFollowerState(121)) - 24020d0b-ce61-4f5a-b0b0-c561541e8cd4: shutdown FollowerState
2019-10-17 07:43:29,507 [grpc-default-executor-0] INFO  impl.RoleInfo (RoleInfo.java:updateAndGet(143)) - 24020d0b-ce61-4f5a-b0b0-c561541e8cd4: start FollowerState
2019-10-17 07:43:29,507 [Thread-1660] INFO  impl.FollowerState (FollowerState.java:run(117)) - 24020d0b-ce61-4f5a-b0b0-c561541e8cd4@group-A9EE991D717F-FollowerState was interrupted: java.lang.InterruptedException: sleep interrupted
2019-10-17 07:43:29,516 [2a93f7e5-ecb9-41da-9c47-70e13ba76d7d@group-A9EE991D717F-LeaderElection187] INFO  impl.LeaderElection (LeaderElection.java:logAndReturn(56)) - 2a93f7e5-ecb9-41da-9c47-70e13ba76d7d@group-A9EE991D717F-LeaderElection187: Election TIMEOUT; received 0 response(s) [] and 0 exception(s); 2a93f7e5-ecb9-41da-9c47-70e13ba76d7d@group-A9EE991D717F:t192, leader=null, voted=2a93f7e5-ecb9-41da-9c47-70e13ba76d7d, raftlog=2a93f7e5-ecb9-41da-9c47-70e13ba76d7d@group-A9EE991D717F-SegmentedRaftLog:OPENED:c-1,f0,i0, conf=0: [37bd8e8c-ea68-4b1c-8659-8d001c4f3b5c:192.168.34.62:41632, 24020d0b-ce61-4f5a-b0b0-c561541e8cd4:192.168.34.62:42892, 2a93f7e5-ecb9-41da-9c47-70e13ba76d7d:192.168.34.62:35412], old=null
2019-10-17 07:43:29,542 [2a93f7e5-ecb9-41da-9c47-70e13ba76d7d@group-A9EE991D717F-LeaderElection187] INFO  impl.LeaderElection (LeaderElection.java:askForVotes(178)) - 2a93f7e5-ecb9-41da-9c47-70e13ba76d7d@group-A9EE991D717F-LeaderElection187: begin an election at term 193 for 0: [37bd8e8c-ea68-4b1c-8659-8d001c4f3b5c:192.168.34.62:41632, 24020d0b-ce61-4f5a-b0b0-c561541e8cd4:192.168.34.62:42892, 2a93f7e5-ecb9-41da-9c47-70e13ba76d7d:192.168.34.62:35412], old=null
2019-10-17 07:43:29,544 [grpc-default-executor-1] INFO  impl.RaftServerImpl (RaftServerImpl.java:setRole(184)) - 37bd8e8c-ea68-4b1c-8659-8d001c4f3b5c@group-A9EE991D717F: changes role from  FOLLOWER to FOLLOWER at term 193 for recognizeCandidate:2a93f7e5-ecb9-41da-9c47-70e13ba76d7d
2019-10-17 07:43:29,544 [grpc-default-executor-1] INFO  impl.RoleInfo (RoleInfo.java:shutdownFollowerState(121)) - 37bd8e8c-ea68-4b1c-8659-8d001c4f3b5c: shutdown FollowerState
2019-10-17 07:43:29,545 [grpc-default-executor-0] INFO  impl.RaftServerImpl (RaftServerImpl.java:setRole(184)) - 24020d0b-ce61-4f5a-b0b0-c561541e8cd4@group-A9EE991D717F: changes role from  FOLLOWER to FOLLOWER at term 193 for recognizeCandidate:2a93f7e5-ecb9-41da-9c47-70e13ba76d7d
2019-10-17 07:43:29,545 [grpc-default-executor-0] INFO  impl.RoleInfo (RoleInfo.java:shutdownFollowerState(121)) - 24020d0b-ce61-4f5a-b0b0-c561541e8cd4: shutdown FollowerState
2019-10-17 07:43:29,545 [Thread-1663] INFO  impl.FollowerState (FollowerState.java:run(117)) - 37bd8e8c-ea68-4b1c-8659-8d001c4f3b5c@group-A9EE991D717F-FollowerState was interrupted: java.lang.InterruptedException: sleep interrupted
2019-10-17 07:43:29,545 [grpc-default-executor-1] INFO  impl.RoleInfo (RoleInfo.java:updateAndGet(143)) - 37bd8e8c-ea68-4b1c-8659-8d001c4f3b5c: start FollowerState
2019-10-17 07:43:29,545 [Thread-1664] INFO  impl.FollowerState (FollowerState.java:run(117)) - 24020d0b-ce61-4f5a-b0b0-c561541e8cd4@group-A9EE991D717F-FollowerState was interrupted: java.lang.InterruptedException: sleep interrupted
2019-10-17 07:43:29,545 [grpc-default-executor-0] INFO  impl.RoleInfo (RoleInfo.java:updateAndGet(143)) - 24020d0b-ce61-4f5a-b0b0-c561541e8cd4: start FollowerState
2019-10-17 07:43:29,583 [2a93f7e5-ecb9-41da-9c47-70e13ba76d7d@group-A9EE991D717F-LeaderElection187] INFO  impl.LeaderElection (LeaderElection.java:logAndReturn(56)) - 2a93f7e5-ecb9-41da-9c47-70e13ba76d7d@group-A9EE991D717F-LeaderElection187: Election REJECTED; received 2 response(s) [2a93f7e5-ecb9-41da-9c47-70e13ba76d7d<-37bd8e8c-ea68-4b1c-8659-8d001c4f3b5c#0:FAIL-t193, 2a93f7e5-ecb9-41da-9c47-70e13ba76d7d<-24020d0b-ce61-4f5a-b0b0-c561541e8cd4#0:FAIL-t193] and 0 exception(s); 2a93f7e5-ecb9-41da-9c47-70e13ba76d7d@group-A9EE991D717F:t193, leader=null, voted=2a93f7e5-ecb9-41da-9c47-70e13ba76d7d, raftlog=2a93f7e5-ecb9-41da-9c47-70e13ba76d7d@group-A9EE991D717F-SegmentedRaftLog:OPENED:c-1,f0,i0, conf=0: [37bd8e8c-ea68-4b1c-8659-8d001c4f3b5c:192.168.34.62:41632, 24020d0b-ce61-4f5a-b0b0-c561541e8cd4:192.168.34.62:42892, 2a93f7e5-ecb9-41da-9c47-70e13ba76d7d:192.168.34.62:35412], old=null
2019-10-17 07:43:29,583 [2a93f7e5-ecb9-41da-9c47-70e13ba76d7d@group-A9EE991D717F-LeaderElection187] INFO  impl.RaftServerImpl (RaftServerImpl.java:setRole(184)) - 2a93f7e5-ecb9-41da-9c47-70e13ba76d7d@group-A9EE991D717F: changes role from CANDIDATE to FOLLOWER at term 193 for DISCOVERED_A_NEW_TERM
2019-10-17 07:43:29,583 [2a93f7e5-ecb9-41da-9c47-70e13ba76d7d@group-A9EE991D717F-LeaderElection187] INFO  impl.RoleInfo (RoleInfo.java:shutdownLeaderElection(134)) - 2a93f7e5-ecb9-41da-9c47-70e13ba76d7d: shutdown LeaderElection
2019-10-17 07:43:29,583 [2a93f7e5-ecb9-41da-9c47-70e13ba76d7d@group-A9EE991D717F-LeaderElection187] INFO  impl.RoleInfo (RoleInfo.java:updateAndGet(143)) - 2a93f7e5-ecb9-41da-9c47-70e13ba76d7d: start FollowerState
2019-10-17 07:43:29,644 [Thread-1669] INFO  impl.FollowerState (FollowerState.java:run(108)) - 2a93f7e5-ecb9-41da-9c47-70e13ba76d7d@group-A9EE991D717F-FollowerState: change to CANDIDATE, lastRpcTime:60ms, electionTimeout:60ms
2019-10-17 07:43:29,644 [Thread-1669] INFO  impl.RoleInfo (RoleInfo.java:shutdownFollowerState(121)) - 2a93f7e5-ecb9-41da-9c47-70e13ba76d7d: shutdown FollowerState
2019-10-17 07:43:29,644 [Thread-1669] INFO  impl.RaftServerImpl (RaftServerImpl.java:setRole(184)) - 2a93f7e5-ecb9-41da-9c47-70e13ba76d7d@group-A9EE991D717F: changes role from  FOLLOWER to CANDIDATE at term 193 for changeToCandidate
2019-10-17 07:43:29,644 [Thread-1669] INFO  impl.RoleInfo (RoleInfo.java:updateAndGet(143)) - 2a93f7e5-ecb9-41da-9c47-70e13ba76d7d: start LeaderElection
2019-10-17 07:43:29,674 [2a93f7e5-ecb9-41da-9c47-70e13ba76d7d@group-A9EE991D717F-LeaderElection188] INFO  impl.LeaderElection (LeaderElection.java:askForVotes(178)) - 2a93f7e5-ecb9-41da-9c47-70e13ba76d7d@group-A9EE991D717F-LeaderElection188: begin an election at term 194 for 0: [37bd8e8c-ea68-4b1c-8659-8d001c4f3b5c:192.168.34.62:41632, 24020d0b-ce61-4f5a-b0b0-c561541e8cd4:192.168.34.62:42892, 2a93f7e5-ecb9-41da-9c47-70e13ba76d7d:192.168.34.62:35412], old=null
2019-10-17 07:43:29,677 [grpc-default-executor-0] INFO  impl.RaftServerImpl (RaftServerImpl.java:setRole(184)) - 37bd8e8c-ea68-4b1c-8659-8d001c4f3b5c@group-A9EE991D717F: changes role from  FOLLOWER to FOLLOWER at term 194 for recognizeCandidate:2a93f7e5-ecb9-41da-9c47-70e13ba76d7d
2019-10-17 07:43:29,677 [grpc-default-executor-0] INFO  impl.RoleInfo (RoleInfo.java:shutdownFollowerState(121)) - 37bd8e8c-ea68-4b1c-8659-8d001c4f3b5c: shutdown FollowerState
2019-10-17 07:43:29,677 [grpc-default-executor-0] INFO  impl.RoleInfo (RoleInfo.java:updateAndGet(143)) - 37bd8e8c-ea68-4b1c-8659-8d001c4f3b5c: start FollowerState
2019-10-17 07:43:29,677 [Thread-1667] INFO  impl.FollowerState (FollowerState.java:run(117)) - 37bd8e8c-ea68-4b1c-8659-8d001c4f3b5c@group-A9EE991D717F-FollowerState was interrupted: java.lang.InterruptedException: sleep interrupted
2019-10-17 07:43:29,677 [grpc-default-executor-1] INFO  impl.RaftServerImpl (RaftServerImpl.java:setRole(184)) - 24020d0b-ce61-4f5a-b0b0-c561541e8cd4@group-A9EE991D717F: changes role from  FOLLOWER to FOLLOWER at term 194 for recognizeCandidate:2a93f7e5-ecb9-41da-9c47-70e13ba76d7d
2019-10-17 07:43:29,678 [grpc-default-executor-1] INFO  impl.RoleInfo (RoleInfo.java:shutdownFollowerState(121)) - 24020d0b-ce61-4f5a-b0b0-c561541e8cd4: shutdown FollowerState
2019-10-17 07:43:29,678 [grpc-default-executor-1] INFO  impl.RoleInfo (RoleInfo.java:updateAndGet(143)) - 24020d0b-ce61-4f5a-b0b0-c561541e8cd4: start FollowerState
2019-10-17 07:43:29,678 [Thread-1668] INFO  impl.FollowerState (FollowerState.java:run(117)) - 24020d0b-ce61-4f5a-b0b0-c561541e8cd4@group-A9EE991D717F-FollowerState was interrupted: java.lang.InterruptedException: sleep interrupted
2019-10-17 07:43:29,701 [2a93f7e5-ecb9-41da-9c47-70e13ba76d7d@group-A9EE991D717F-LeaderElection188] INFO  impl.LeaderElection (LeaderElection.java:logAndReturn(56)) - 2a93f7e5-ecb9-41da-9c47-70e13ba76d7d@group-A9EE991D717F-LeaderElection188: Election REJECTED; received 2 response(s) [2a93f7e5-ecb9-41da-9c47-70e13ba76d7d<-37bd8e8c-ea68-4b1c-8659-8d001c4f3b5c#0:FAIL-t194, 2a93f7e5-ecb9-41da-9c47-70e13ba76d7d<-24020d0b-ce61-4f5a-b0b0-c561541e8cd4#0:FAIL-t194] and 0 exception(s); 2a93f7e5-ecb9-41da-9c47-70e13ba76d7d@group-A9EE991D717F:t194, leader=null, voted=2a93f7e5-ecb9-41da-9c47-70e13ba76d7d, raftlog=2a93f7e5-ecb9-41da-9c47-70e13ba76d7d@group-A9EE991D717F-SegmentedRaftLog:OPENED:c-1,f0,i0, conf=0: [37bd8e8c-ea68-4b1c-8659-8d001c4f3b5c:192.168.34.62:41632, 24020d0b-ce61-4f5a-b0b0-c561541e8cd4:192.168.34.62:42892, 2a93f7e5-ecb9-41da-9c47-70e13ba76d7d:192.168.34.62:35412], old=null
2019-10-17 07:43:29,701 [2a93f7e5-ecb9-41da-9c47-70e13ba76d7d@group-A9EE991D717F-LeaderElection188] INFO  impl.RaftServerImpl (RaftServerImpl.java:setRole(184)) - 2a93f7e5-ecb9-41da-9c47-70e13ba76d7d@group-A9EE991D717F: changes role from CANDIDATE to FOLLOWER at term 194 for DISCOVERED_A_NEW_TERM
2019-10-17 07:43:29,701 [2a93f7e5-ecb9-41da-9c47-70e13ba76d7d@group-A9EE991D717F-LeaderElection188] INFO  impl.RoleInfo (RoleInfo.java:shutdownLeaderElection(134)) - 2a93f7e5-ecb9-41da-9c47-70e13ba76d7d: shutdown LeaderElection
2019-10-17 07:43:29,701 [2a93f7e5-ecb9-41da-9c47-70e13ba76d7d@group-A9EE991D717F-LeaderElection188] INFO  impl.RoleInfo (RoleInfo.java:updateAndGet(143)) - 2a93f7e5-ecb9-41da-9c47-70e13ba76d7d: start FollowerState
2019-10-17 07:43:29,842 [Thread-1675] INFO  impl.FollowerState (FollowerState.java:run(108)) - 2a93f7e5-ecb9-41da-9c47-70e13ba76d7d@group-A9EE991D717F-FollowerState: change to CANDIDATE, lastRpcTime:140ms, electionTimeout:140ms
2019-10-17 07:43:29,842 [Thread-1675] INFO  impl.RoleInfo (RoleInfo.java:shutdownFollowerState(121)) - 2a93f7e5-ecb9-41da-9c47-70e13ba76d7d: shutdown FollowerState
2019-10-17 07:43:29,842 [Thread-1675] INFO  impl.RaftServerImpl (RaftServerImpl.java:setRole(184)) - 2a93f7e5-ecb9-41da-9c47-70e13ba76d7d@group-A9EE991D717F: changes role from  FOLLOWER to CANDIDATE at term 194 for changeToCandidate
2019-10-17 07:43:29,842 [Thread-1675] INFO  impl.RoleInfo (RoleInfo.java:updateAndGet(143)) - 2a93f7e5-ecb9-41da-9c47-70e13ba76d7d: start LeaderElection
2019-10-17 07:43:29,867 [2a93f7e5-ecb9-41da-9c47-70e13ba76d7d@group-A9EE991D717F-LeaderElection189] INFO  impl.LeaderElection (LeaderElection.java:askForVotes(178)) - 2a93f7e5-ecb9-41da-9c47-70e13ba76d7d@group-A9EE991D717F-LeaderElection189: begin an election at term 195 for 0: [37bd8e8c-ea68-4b1c-8659-8d001c4f3b5c:192.168.34.62:41632, 24020d0b-ce61-4f5a-b0b0-c561541e8cd4:192.168.34.62:42892, 2a93f7e5-ecb9-41da-9c47-70e13ba76d7d:192.168.34.62:35412], old=null
2019-10-17 07:43:29,869 [grpc-default-executor-1] INFO  impl.RaftServerImpl (RaftServerImpl.java:setRole(184)) - 37bd8e8c-ea68-4b1c-8659-8d001c4f3b5c@group-A9EE991D717F: changes role from  FOLLOWER to FOLLOWER at term 195 for recognizeCandidate:2a93f7e5-ecb9-41da-9c47-70e13ba76d7d
2019-10-17 07:43:29,870 [grpc-default-executor-1] INFO  impl.RoleInfo (RoleInfo.java:shutdownFollowerState(121)) - 37bd8e8c-ea68-4b1c-8659-8d001c4f3b5c: shutdown FollowerState
2019-10-17 07:43:29,869 [grpc-default-executor-0] INFO  impl.RaftServerImpl (RaftServerImpl.java:setRole(184)) - 24020d0b-ce61-4f5a-b0b0-c561541e8cd4@group-A9EE991D717F: changes role from  FOLLOWER to FOLLOWER at term 195 for recognizeCandidate:2a93f7e5-ecb9-41da-9c47-70e13ba76d7d
2019-10-17 07:43:29,870 [Thread-1673] INFO  impl.FollowerState (FollowerState.java:run(117)) - 37bd8e8c-ea68-4b1c-8659-8d001c4f3b5c@group-A9EE991D717F-FollowerState was interrupted: java.lang.InterruptedException: sleep interrupted
2019-10-17 07:43:29,870 [grpc-default-executor-1] INFO  impl.RoleInfo (RoleInfo.java:updateAndGet(143)) - 37bd8e8c-ea68-4b1c-8659-8d001c4f3b5c: start FollowerState
2019-10-17 07:43:29,870 [grpc-default-executor-0] INFO  impl.RoleInfo (RoleInfo.java:shutdownFollowerState(121)) - 24020d0b-ce61-4f5a-b0b0-c561541e8cd4: shutdown FollowerState
2019-10-17 07:43:29,870 [grpc-default-executor-0] INFO  impl.RoleInfo (RoleInfo.java:updateAndGet(143)) - 24020d0b-ce61-4f5a-b0b0-c561541e8cd4: start FollowerState
2019-10-17 07:43:29,870 [Thread-1674] INFO  impl.FollowerState (FollowerState.java:run(117)) - 24020d0b-ce61-4f5a-b0b0-c561541e8cd4@group-A9EE991D717F-FollowerState was interrupted: java.lang.InterruptedException: sleep interrupted
2019-10-17 07:43:29,902 [2a93f7e5-ecb9-41da-9c47-70e13ba76d7d@group-A9EE991D717F-LeaderElection189] INFO  impl.LeaderElection (LeaderElection.java:logAndReturn(56)) - 2a93f7e5-ecb9-41da-9c47-70e13ba76d7d@group-A9EE991D717F-LeaderElection189: Election REJECTED; received 2 response(s) [2a93f7e5-ecb9-41da-9c47-70e13ba76d7d<-37bd8e8c-ea68-4b1c-8659-8d001c4f3b5c#0:FAIL-t195, 2a93f7e5-ecb9-41da-9c47-70e13ba76d7d<-24020d0b-ce61-4f5a-b0b0-c561541e8cd4#0:FAIL-t195] and 0 exception(s); 2a93f7e5-ecb9-41da-9c47-70e13ba76d7d@group-A9EE991D717F:t195, leader=null, voted=2a93f7e5-ecb9-41da-9c47-70e13ba76d7d, raftlog=2a93f7e5-ecb9-41da-9c47-70e13ba76d7d@group-A9EE991D717F-SegmentedRaftLog:OPENED:c-1,f0,i0, conf=0: [37bd8e8c-ea68-4b1c-8659-8d001c4f3b5c:192.168.34.62:41632, 24020d0b-ce61-4f5a-b0b0-c561541e8cd4:192.168.34.62:42892, 2a93f7e5-ecb9-41da-9c47-70e13ba76d7d:192.168.34.62:35412], old=null
2019-10-17 07:43:29,902 [2a93f7e5-ecb9-41da-9c47-70e13ba76d7d@group-A9EE991D717F-LeaderElection189] INFO  impl.RaftServerImpl (RaftServerImpl.java:setRole(184)) - 2a93f7e5-ecb9-41da-9c47-70e13ba76d7d@group-A9EE991D717F: changes role from CANDIDATE to FOLLOWER at term 195 for DISCOVERED_A_NEW_TERM
2019-10-17 07:43:29,902 [2a93f7e5-ecb9-41da-9c47-70e13ba76d7d@group-A9EE991D717F-LeaderElection189] INFO  impl.RoleInfo (RoleInfo.java:shutdownLeaderElection(134)) - 2a93f7e5-ecb9-41da-9c47-70e13ba76d7d: shutdown LeaderElection
2019-10-17 07:43:29,902 [2a93f7e5-ecb9-41da-9c47-70e13ba76d7d@group-A9EE991D717F-LeaderElection189] INFO  impl.RoleInfo (RoleInfo.java:updateAndGet(143)) - 2a93f7e5-ecb9-41da-9c47-70e13ba76d7d: start FollowerState
2019-10-17 07:43:30,079 [Thread-1681] INFO  impl.FollowerState (FollowerState.java:run(108)) - 2a93f7e5-ecb9-41da-9c47-70e13ba76d7d@group-A9EE991D717F-FollowerState: change to CANDIDATE, lastRpcTime:176ms, electionTimeout:176ms
2019-10-17 07:43:30,079 [Thread-1681] INFO  impl.RoleInfo (RoleInfo.java:shutdownFollowerState(121)) - 2a93f7e5-ecb9-41da-9c47-70e13ba76d7d: shutdown FollowerState
2019-10-17 07:43:30,079 [Thread-1681] INFO  impl.RaftServerImpl (RaftServerImpl.java:setRole(184)) - 2a93f7e5-ecb9-41da-9c47-70e13ba76d7d@group-A9EE991D717F: changes role from  FOLLOWER to CANDIDATE at term 195 for changeToCandidate
2019-10-17 07:43:30,079 [Thread-1681] INFO  impl.RoleInfo (RoleInfo.java:updateAndGet(143)) - 2a93f7e5-ecb9-41da-9c47-70e13ba76d7d: start LeaderElection
2019-10-17 07:43:30,102 [2a93f7e5-ecb9-41da-9c47-70e13ba76d7d@group-A9EE991D717F-LeaderElection190] INFO  impl.LeaderElection (LeaderElection.java:askForVotes(178)) - 2a93f7e5-ecb9-41da-9c47-70e13ba76d7d@group-A9EE991D717F-LeaderElection190: begin an election at term 196 for 0: [37bd8e8c-ea68-4b1c-8659-8d001c4f3b5c:192.168.34.62:41632, 24020d0b-ce61-4f5a-b0b0-c561541e8cd4:192.168.34.62:42892, 2a93f7e5-ecb9-41da-9c47-70e13ba76d7d:192.168.34.62:35412], old=null
2019-10-17 07:43:30,104 [grpc-default-executor-1] INFO  impl.RaftServerImpl (RaftServerImpl.java:setRole(184)) - 37bd8e8c-ea68-4b1c-8659-8d001c4f3b5c@group-A9EE991D717F: changes role from  FOLLOWER to FOLLOWER at term 196 for recognizeCandidate:2a93f7e5-ecb9-41da-9c47-70e13ba76d7d
2019-10-17 07:43:30,105 [grpc-default-executor-1] INFO  impl.RoleInfo (RoleInfo.java:shutdownFollowerState(121)) - 37bd8e8c-ea68-4b1c-8659-8d001c4f3b5c: shutdown FollowerState
2019-10-17 07:43:30,105 [grpc-default-executor-0] INFO  impl.RaftServerImpl (RaftServerImpl.java:setRole(184)) - 24020d0b-ce61-4f5a-b0b0-c561541e8cd4@group-A9EE991D717F: changes role from  FOLLOWER to FOLLOWER at term 196 for recognizeCandidate:2a93f7e5-ecb9-41da-9c47-70e13ba76d7d
2019-10-17 07:43:30,105 [Thread-1679] INFO  impl.FollowerState (FollowerState.java:run(117)) - 37bd8e8c-ea68-4b1c-8659-8d001c4f3b5c@group-A9EE991D717F-FollowerState was interrupted: java.lang.InterruptedException: sleep interrupted
2019-10-17 07:43:30,105 [grpc-default-executor-1] INFO  impl.RoleInfo (RoleInfo.java:updateAndGet(143)) - 37bd8e8c-ea68-4b1c-8659-8d001c4f3b5c: start FollowerState
2019-10-17 07:43:30,105 [grpc-default-executor-0] INFO  impl.RoleInfo (RoleInfo.java:shutdownFollowerState(121)) - 24020d0b-ce61-4f5a-b0b0-c561541e8cd4: shutdown FollowerState
2019-10-17 07:43:30,106 [grpc-default-executor-0] INFO  impl.RoleInfo (RoleInfo.java:updateAndGet(143)) - 24020d0b-ce61-4f5a-b0b0-c561541e8cd4: start FollowerState
2019-10-17 07:43:30,106 [Thread-1680] INFO  impl.FollowerState (FollowerState.java:run(117)) - 24020d0b-ce61-4f5a-b0b0-c561541e8cd4@group-A9EE991D717F-FollowerState was interrupted: java.lang.InterruptedException: sleep interrupted
2019-10-17 07:43:30,128 [2a93f7e5-ecb9-41da-9c47-70e13ba76d7d@group-A9EE991D717F-LeaderElection190] INFO  impl.LeaderElection (LeaderElection.java:logAndReturn(56)) - 2a93f7e5-ecb9-41da-9c47-70e13ba76d7d@group-A9EE991D717F-LeaderElection190: Election REJECTED; received 2 response(s) [2a93f7e5-ecb9-41da-9c47-70e13ba76d7d<-37bd8e8c-ea68-4b1c-8659-8d001c4f3b5c#0:FAIL-t196, 2a93f7e5-ecb9-41da-9c47-70e13ba76d7d<-24020d0b-ce61-4f5a-b0b0-c561541e8cd4#0:FAIL-t196] and 0 exception(s); 2a93f7e5-ecb9-41da-9c47-70e13ba76d7d@group-A9EE991D717F:t196, leader=null, voted=2a93f7e5-ecb9-41da-9c47-70e13ba76d7d, raftlog=2a93f7e5-ecb9-41da-9c47-70e13ba76d7d@group-A9EE991D717F-SegmentedRaftLog:OPENED:c-1,f0,i0, conf=0: [37bd8e8c-ea68-4b1c-8659-8d001c4f3b5c:192.168.34.62:41632, 24020d0b-ce61-4f5a-b0b0-c561541e8cd4:192.168.34.62:42892, 2a93f7e5-ecb9-41da-9c47-70e13ba76d7d:192.168.34.62:35412], old=null
2019-10-17 07:43:30,129 [2a93f7e5-ecb9-41da-9c47-70e13ba76d7d@group-A9EE991D717F-LeaderElection190] INFO  impl.RaftServerImpl (RaftServerImpl.java:setRole(184)) - 2a93f7e5-ecb9-41da-9c47-70e13ba76d7d@group-A9EE991D717F: changes role from CANDIDATE to FOLLOWER at term 196 for DISCOVERED_A_NEW_TERM
2019-10-17 07:43:30,130 [2a93f7e5-ecb9-41da-9c47-70e13ba76d7d@group-A9EE991D717F-LeaderElection190] INFO  impl.RoleInfo (RoleInfo.java:shutdownLeaderElection(134)) - 2a93f7e5-ecb9-41da-9c47-70e13ba76d7d: shutdown LeaderElection
2019-10-17 07:43:30,130 [2a93f7e5-ecb9-41da-9c47-70e13ba76d7d@group-A9EE991D717F-LeaderElection190] INFO  impl.RoleInfo (RoleInfo.java:updateAndGet(143)) - 2a93f7e5-ecb9-41da-9c47-70e13ba76d7d: start FollowerState
2019-10-17 07:43:30,130 [Thread-1687] INFO  impl.FollowerState (FollowerState.java:run(108)) - 2a93f7e5-ecb9-41da-9c47-70e13ba76d7d@group-A9EE991D717F-FollowerState: change to CANDIDATE, lastRpcTime:0ms, electionTimeout:0ms
2019-10-17 07:43:30,131 [Thread-1687] INFO  impl.RoleInfo (RoleInfo.java:shutdownFollowerState(121)) - 2a93f7e5-ecb9-41da-9c47-70e13ba76d7d: shutdown FollowerState
2019-10-17 07:43:30,131 [Thread-1687] INFO  impl.RaftServerImpl (RaftServerImpl.java:setRole(184)) - 2a93f7e5-ecb9-41da-9c47-70e13ba76d7d@group-A9EE991D717F: changes role from  FOLLOWER to CANDIDATE at term 196 for changeToCandidate
2019-10-17 07:43:30,131 [Thread-1687] INFO  impl.RoleInfo (RoleInfo.java:updateAndGet(143)) - 2a93f7e5-ecb9-41da-9c47-70e13ba76d7d: start LeaderElection
2019-10-17 07:43:30,153 [2a93f7e5-ecb9-41da-9c47-70e13ba76d7d@group-A9EE991D717F-LeaderElection191] INFO  impl.LeaderElection (LeaderElection.java:askForVotes(178)) - 2a93f7e5-ecb9-41da-9c47-70e13ba76d7d@group-A9EE991D717F-LeaderElection191: begin an election at term 197 for 0: [37bd8e8c-ea68-4b1c-8659-8d001c4f3b5c:192.168.34.62:41632, 24020d0b-ce61-4f5a-b0b0-c561541e8cd4:192.168.34.62:42892, 2a93f7e5-ecb9-41da-9c47-70e13ba76d7d:192.168.34.62:35412], old=null
2019-10-17 07:43:30,156 [grpc-default-executor-1] INFO  impl.RaftServerImpl (RaftServerImpl.java:setRole(184)) - 24020d0b-ce61-4f5a-b0b0-c561541e8cd4@group-A9EE991D717F: changes role from  FOLLOWER to FOLLOWER at term 197 for recognizeCandidate:2a93f7e5-ecb9-41da-9c47-70e13ba76d7d
2019-10-17 07:43:30,156 [grpc-default-executor-1] INFO  impl.RoleInfo (RoleInfo.java:shutdownFollowerState(121)) - 24020d0b-ce61-4f5a-b0b0-c561541e8cd4: shutdown FollowerState
2019-10-17 07:43:30,156 [grpc-default-executor-0] INFO  impl.RaftServerImpl (RaftServerImpl.java:setRole(184)) - 37bd8e8c-ea68-4b1c-8659-8d001c4f3b5c@group-A9EE991D717F: changes role from  FOLLOWER to FOLLOWER at term 197 for recognizeCandidate:2a93f7e5-ecb9-41da-9c47-70e13ba76d7d
2019-10-17 07:43:30,156 [Thread-1686] INFO  impl.FollowerState (FollowerState.java:run(117)) - 24020d0b-ce61-4f5a-b0b0-c561541e8cd4@group-A9EE991D717F-FollowerState was interrupted: java.lang.InterruptedException: sleep interrupted
2019-10-17 07:43:30,156 [grpc-default-executor-1] INFO  impl.RoleInfo (RoleInfo.java:updateAndGet(143)) - 24020d0b-ce61-4f5a-b0b0-c561541e8cd4: start FollowerState
2019-10-17 07:43:30,156 [grpc-default-executor-0] INFO  impl.RoleInfo (RoleInfo.java:shutdownFollowerState(121)) - 37bd8e8c-ea68-4b1c-8659-8d001c4f3b5c: shutdown FollowerState
2019-10-17 07:43:30,157 [grpc-default-executor-0] INFO  impl.RoleInfo (RoleInfo.java:updateAndGet(143)) - 37bd8e8c-ea68-4b1c-8659-8d001c4f3b5c: start FollowerState
2019-10-17 07:43:30,157 [Thread-1685] INFO  impl.FollowerState (FollowerState.java:run(117)) - 37bd8e8c-ea68-4b1c-8659-8d001c4f3b5c@group-A9EE991D717F-FollowerState was interrupted: java.lang.InterruptedException: sleep interrupted
2019-10-17 07:43:30,166 [2a93f7e5-ecb9-41da-9c47-70e13ba76d7d@group-A9EE991D717F-LeaderElection191] INFO  impl.LeaderElection (LeaderElection.java:logAndReturn(56)) - 2a93f7e5-ecb9-41da-9c47-70e13ba76d7d@group-A9EE991D717F-LeaderElection191: Election TIMEOUT; received 0 response(s) [] and 0 exception(s); 2a93f7e5-ecb9-41da-9c47-70e13ba76d7d@group-A9EE991D717F:t197, leader=null, voted=2a93f7e5-ecb9-41da-9c47-70e13ba76d7d, raftlog=2a93f7e5-ecb9-41da-9c47-70e13ba76d7d@group-A9EE991D717F-SegmentedRaftLog:OPENED:c-1,f0,i0, conf=0: [37bd8e8c-ea68-4b1c-8659-8d001c4f3b5c:192.168.34.62:41632, 24020d0b-ce61-4f5a-b0b0-c561541e8cd4:192.168.34.62:42892, 2a93f7e5-ecb9-41da-9c47-70e13ba76d7d:192.168.34.62:35412], old=null
2019-10-17 07:43:30,179 [2a93f7e5-ecb9-41da-9c47-70e13ba76d7d@group-A9EE991D717F-LeaderElection191] INFO  impl.LeaderElection (LeaderElection.java:askForVotes(178)) - 2a93f7e5-ecb9-41da-9c47-70e13ba76d7d@group-A9EE991D717F-LeaderElection191: begin an election at term 198 for 0: [37bd8e8c-ea68-4b1c-8659-8d001c4f3b5c:192.168.34.62:41632, 24020d0b-ce61-4f5a-b0b0-c561541e8cd4:192.168.34.62:42892, 2a93f7e5-ecb9-41da-9c47-70e13ba76d7d:192.168.34.62:35412], old=null
2019-10-17 07:43:30,181 [grpc-default-executor-0] INFO  impl.RaftServerImpl (RaftServerImpl.java:setRole(184)) - 37bd8e8c-ea68-4b1c-8659-8d001c4f3b5c@group-A9EE991D717F: changes role from  FOLLOWER to FOLLOWER at term 198 for recognizeCandidate:2a93f7e5-ecb9-41da-9c47-70e13ba76d7d
2019-10-17 07:43:30,181 [grpc-default-executor-0] INFO  impl.RoleInfo (RoleInfo.java:shutdownFollowerState(121)) - 37bd8e8c-ea68-4b1c-8659-8d001c4f3b5c: shutdown FollowerState
2019-10-17 07:43:30,181 [grpc-default-executor-1] INFO  impl.RaftServerImpl (RaftServerImpl.java:setRole(184)) - 24020d0b-ce61-4f5a-b0b0-c561541e8cd4@group-A9EE991D717F: changes role from  FOLLOWER to FOLLOWER at term 198 for recognizeCandidate:2a93f7e5-ecb9-41da-9c47-70e13ba76d7d
2019-10-17 07:43:30,181 [grpc-default-executor-1] INFO  impl.RoleInfo (RoleInfo.java:shutdownFollowerState(121)) - 24020d0b-ce61-4f5a-b0b0-c561541e8cd4: shutdown FollowerState
2019-10-17 07:43:30,181 [Thread-1692] INFO  impl.FollowerState (FollowerState.java:run(117)) - 37bd8e8c-ea68-4b1c-8659-8d001c4f3b5c@group-A9EE991D717F-FollowerState was interrupted: java.lang.InterruptedException: sleep interrupted
2019-10-17 07:43:30,181 [grpc-default-executor-0] INFO  impl.RoleInfo (RoleInfo.java:updateAndGet(143)) - 37bd8e8c-ea68-4b1c-8659-8d001c4f3b5c: start FollowerState
2019-10-17 07:43:30,181 [Thread-1691] INFO  impl.FollowerState (FollowerState.java:run(117)) - 24020d0b-ce61-4f5a-b0b0-c561541e8cd4@group-A9EE991D717F-FollowerState was interrupted: java.lang.InterruptedException: sleep interrupted
2019-10-17 07:43:30,181 [grpc-default-executor-1] INFO  impl.RoleInfo (RoleInfo.java:updateAndGet(143)) - 24020d0b-ce61-4f5a-b0b0-c561541e8cd4: start FollowerState
2019-10-17 07:43:30,197 [2a93f7e5-ecb9-41da-9c47-70e13ba76d7d@group-A9EE991D717F-LeaderElection191] INFO  impl.LeaderElection (LeaderElection.java:logAndReturn(56)) - 2a93f7e5-ecb9-41da-9c47-70e13ba76d7d@group-A9EE991D717F-LeaderElection191: Election REJECTED; received 2 response(s) [2a93f7e5-ecb9-41da-9c47-70e13ba76d7d<-37bd8e8c-ea68-4b1c-8659-8d001c4f3b5c#0:FAIL-t198, 2a93f7e5-ecb9-41da-9c47-70e13ba76d7d<-24020d0b-ce61-4f5a-b0b0-c561541e8cd4#0:FAIL-t198] and 0 exception(s); 2a93f7e5-ecb9-41da-9c47-70e13ba76d7d@group-A9EE991D717F:t198, leader=null, voted=2a93f7e5-ecb9-41da-9c47-70e13ba76d7d, raftlog=2a93f7e5-ecb9-41da-9c47-70e13ba76d7d@group-A9EE991D717F-SegmentedRaftLog:OPENED:c-1,f0,i0, conf=0: [37bd8e8c-ea68-4b1c-8659-8d001c4f3b5c:192.168.34.62:41632, 24020d0b-ce61-4f5a-b0b0-c561541e8cd4:192.168.34.62:42892, 2a93f7e5-ecb9-41da-9c47-70e13ba76d7d:192.168.34.62:35412], old=null
2019-10-17 07:43:30,197 [2a93f7e5-ecb9-41da-9c47-70e13ba76d7d@group-A9EE991D717F-LeaderElection191] INFO  impl.RaftServerImpl (RaftServerImpl.java:setRole(184)) - 2a93f7e5-ecb9-41da-9c47-70e13ba76d7d@group-A9EE991D717F: changes role from CANDIDATE to FOLLOWER at term 198 for DISCOVERED_A_NEW_TERM
2019-10-17 07:43:30,197 [2a93f7e5-ecb9-41da-9c47-70e13ba76d7d@group-A9EE991D717F-LeaderElection191] INFO  impl.RoleInfo (RoleInfo.java:shutdownLeaderElection(134)) - 2a93f7e5-ecb9-41da-9c47-70e13ba76d7d: shutdown LeaderElection
2019-10-17 07:43:30,198 [2a93f7e5-ecb9-41da-9c47-70e13ba76d7d@group-A9EE991D717F-LeaderElection191] INFO  impl.RoleInfo (RoleInfo.java:updateAndGet(143)) - 2a93f7e5-ecb9-41da-9c47-70e13ba76d7d: start FollowerState
2019-10-17 07:43:30,198 [Thread-1697] INFO  impl.FollowerState (FollowerState.java:run(108)) - 2a93f7e5-ecb9-41da-9c47-70e13ba76d7d@group-A9EE991D717F-FollowerState: change to CANDIDATE, lastRpcTime:0ms, electionTimeout:0ms
2019-10-17 07:43:30,198 [Thread-1697] INFO  impl.RoleInfo (RoleInfo.java:shutdownFollowerState(121)) - 2a93f7e5-ecb9-41da-9c47-70e13ba76d7d: shutdown FollowerState
2019-10-17 07:43:30,198 [Thread-1697] INFO  impl.RaftServerImpl (RaftServerImpl.java:setRole(184)) - 2a93f7e5-ecb9-41da-9c47-70e13ba76d7d@group-A9EE991D717F: changes role from  FOLLOWER to CANDIDATE at term 198 for changeToCandidate
2019-10-17 07:43:30,198 [Thread-1697] INFO  impl.RoleInfo (RoleInfo.java:updateAndGet(143)) - 2a93f7e5-ecb9-41da-9c47-70e13ba76d7d: start LeaderElection
2019-10-17 07:43:30,212 [2a93f7e5-ecb9-41da-9c47-70e13ba76d7d@group-A9EE991D717F-LeaderElection192] INFO  impl.LeaderElection (LeaderElection.java:askForVotes(178)) - 2a93f7e5-ecb9-41da-9c47-70e13ba76d7d@group-A9EE991D717F-LeaderElection192: begin an election at term 199 for 0: [37bd8e8c-ea68-4b1c-8659-8d001c4f3b5c:192.168.34.62:41632, 24020d0b-ce61-4f5a-b0b0-c561541e8cd4:192.168.34.62:42892, 2a93f7e5-ecb9-41da-9c47-70e13ba76d7d:192.168.34.62:35412], old=null
2019-10-17 07:43:30,214 [grpc-default-executor-1] INFO  impl.RaftServerImpl (RaftServerImpl.java:setRole(184)) - 37bd8e8c-ea68-4b1c-8659-8d001c4f3b5c@group-A9EE991D717F: changes role from  FOLLOWER to FOLLOWER at term 199 for recognizeCandidate:2a93f7e5-ecb9-41da-9c47-70e13ba76d7d
2019-10-17 07:43:30,214 [grpc-default-executor-1] INFO  impl.RoleInfo (RoleInfo.java:shutdownFollowerState(121)) - 37bd8e8c-ea68-4b1c-8659-8d001c4f3b5c: shutdown FollowerState
2019-10-17 07:43:30,446 [grpc-default-executor-1] INFO  impl.RoleInfo (RoleInfo.java:updateAndGet(143)) - 37bd8e8c-ea68-4b1c-8659-8d001c4f3b5c: start FollowerState
2019-10-17 07:43:30,446 [Thread-1695] INFO  impl.FollowerState (FollowerState.java:run(117)) - 37bd8e8c-ea68-4b1c-8659-8d001c4f3b5c@group-A9EE991D717F-FollowerState was interrupted: java.lang.InterruptedException: sleep interrupted
2019-10-17 07:43:30,463 [2a93f7e5-ecb9-41da-9c47-70e13ba76d7d@group-A9EE991D717F-LeaderElection192] INFO  impl.LeaderElection (LeaderElection.java:logAndReturn(56)) - 2a93f7e5-ecb9-41da-9c47-70e13ba76d7d@group-A9EE991D717F-LeaderElection192: Election TIMEOUT; received 0 response(s) [] and 0 exception(s); 2a93f7e5-ecb9-41da-9c47-70e13ba76d7d@group-A9EE991D717F:t199, leader=null, voted=2a93f7e5-ecb9-41da-9c47-70e13ba76d7d, raftlog=2a93f7e5-ecb9-41da-9c47-70e13ba76d7d@group-A9EE991D717F-SegmentedRaftLog:OPENED:c-1,f0,i0, conf=0: [37bd8e8c-ea68-4b1c-8659-8d001c4f3b5c:192.168.34.62:41632, 24020d0b-ce61-4f5a-b0b0-c561541e8cd4:192.168.34.62:42892, 2a93f7e5-ecb9-41da-9c47-70e13ba76d7d:192.168.34.62:35412], old=null
2019-10-17 07:43:30,484 [grpc-default-executor-0] INFO  impl.RaftServerImpl (RaftServerImpl.java:setRole(184)) - 24020d0b-ce61-4f5a-b0b0-c561541e8cd4@group-A9EE991D717F: changes role from  FOLLOWER to FOLLOWER at term 199 for recognizeCandidate:2a93f7e5-ecb9-41da-9c47-70e13ba76d7d
2019-10-17 07:43:30,498 [grpc-default-executor-0] INFO  impl.RoleInfo (RoleInfo.java:shutdownFollowerState(121)) - 24020d0b-ce61-4f5a-b0b0-c561541e8cd4: shutdown FollowerState
2019-10-17 07:43:30,507 [grpc-default-executor-0] INFO  impl.RoleInfo (RoleInfo.java:updateAndGet(143)) - 24020d0b-ce61-4f5a-b0b0-c561541e8cd4: start FollowerState
2019-10-17 07:43:30,516 [Thread-1696] INFO  impl.FollowerState (FollowerState.java:run(117)) - 24020d0b-ce61-4f5a-b0b0-c561541e8cd4@group-A9EE991D717F-FollowerState was interrupted: java.lang.InterruptedException: sleep interrupted
2019-10-17 07:43:30,552 [2a93f7e5-ecb9-41da-9c47-70e13ba76d7d@group-A9EE991D717F-LeaderElection192] INFO  impl.LeaderElection (LeaderElection.java:askForVotes(178)) - 2a93f7e5-ecb9-41da-9c47-70e13ba76d7d@group-A9EE991D717F-LeaderElection192: begin an election at term 200 for 0: [37bd8e8c-ea68-4b1c-8659-8d001c4f3b5c:192.168.34.62:41632, 24020d0b-ce61-4f5a-b0b0-c561541e8cd4:192.168.34.62:42892, 2a93f7e5-ecb9-41da-9c47-70e13ba76d7d:192.168.34.62:35412], old=null
2019-10-17 07:43:30,554 [grpc-default-executor-0] INFO  impl.RaftServerImpl (RaftServerImpl.java:setRole(184)) - 37bd8e8c-ea68-4b1c-8659-8d001c4f3b5c@group-A9EE991D717F: changes role from  FOLLOWER to FOLLOWER at term 200 for recognizeCandidate:2a93f7e5-ecb9-41da-9c47-70e13ba76d7d
2019-10-17 07:43:30,554 [grpc-default-executor-0] INFO  impl.RoleInfo (RoleInfo.java:shutdownFollowerState(121)) - 37bd8e8c-ea68-4b1c-8659-8d001c4f3b5c: shutdown FollowerState
2019-10-17 07:43:30,554 [grpc-default-executor-0] INFO  impl.RoleInfo (RoleInfo.java:updateAndGet(143)) - 37bd8e8c-ea68-4b1c-8659-8d001c4f3b5c: start FollowerState
2019-10-17 07:43:30,554 [Thread-1701] INFO  impl.FollowerState (FollowerState.java:run(117)) - 37bd8e8c-ea68-4b1c-8659-8d001c4f3b5c@group-A9EE991D717F-FollowerState was interrupted: java.lang.InterruptedException: sleep interrupted
2019-10-17 07:43:30,555 [grpc-default-executor-1] INFO  impl.RaftServerImpl (RaftServerImpl.java:setRole(184)) - 24020d0b-ce61-4f5a-b0b0-c561541e8cd4@group-A9EE991D717F: changes role from  FOLLOWER to FOLLOWER at term 200 for recognizeCandidate:2a93f7e5-ecb9-41da-9c47-70e13ba76d7d
2019-10-17 07:43:30,555 [grpc-default-executor-1] INFO  impl.RoleInfo (RoleInfo.java:shutdownFollowerState(121)) - 24020d0b-ce61-4f5a-b0b0-c561541e8cd4: shutdown FollowerState
2019-10-17 07:43:30,555 [grpc-default-executor-1] INFO  impl.RoleInfo (RoleInfo.java:updateAndGet(143)) - 24020d0b-ce61-4f5a-b0b0-c561541e8cd4: start FollowerState
2019-10-17 07:43:30,555 [Thread-1702] INFO  impl.FollowerState (FollowerState.java:run(117)) - 24020d0b-ce61-4f5a-b0b0-c561541e8cd4@group-A9EE991D717F-FollowerState was interrupted: java.lang.InterruptedException: sleep interrupted
2019-10-17 07:43:30,579 [2a93f7e5-ecb9-41da-9c47-70e13ba76d7d@group-A9EE991D717F-LeaderElection192] INFO  impl.LeaderElection (LeaderElection.java:logAndReturn(56)) - 2a93f7e5-ecb9-41da-9c47-70e13ba76d7d@group-A9EE991D717F-LeaderElection192: Election REJECTED; received 2 response(s) [2a93f7e5-ecb9-41da-9c47-70e13ba76d7d<-37bd8e8c-ea68-4b1c-8659-8d001c4f3b5c#0:FAIL-t200, 2a93f7e5-ecb9-41da-9c47-70e13ba76d7d<-24020d0b-ce61-4f5a-b0b0-c561541e8cd4#0:FAIL-t200] and 0 exception(s); 2a93f7e5-ecb9-41da-9c47-70e13ba76d7d@group-A9EE991D717F:t200, leader=null, voted=2a93f7e5-ecb9-41da-9c47-70e13ba76d7d, raftlog=2a93f7e5-ecb9-41da-9c47-70e13ba76d7d@group-A9EE991D717F-SegmentedRaftLog:OPENED:c-1,f0,i0, conf=0: [37bd8e8c-ea68-4b1c-8659-8d001c4f3b5c:192.168.34.62:41632, 24020d0b-ce61-4f5a-b0b0-c561541e8cd4:192.168.34.62:42892, 2a93f7e5-ecb9-41da-9c47-70e13ba76d7d:192.168.34.62:35412], old=null
2019-10-17 07:43:30,579 [2a93f7e5-ecb9-41da-9c47-70e13ba76d7d@group-A9EE991D717F-LeaderElection192] INFO  impl.RaftServerImpl (RaftServerImpl.java:setRole(184)) - 2a93f7e5-ecb9-41da-9c47-70e13ba76d7d@group-A9EE991D717F: changes role from CANDIDATE to FOLLOWER at term 200 for DISCOVERED_A_NEW_TERM
2019-10-17 07:43:30,579 [2a93f7e5-ecb9-41da-9c47-70e13ba76d7d@group-A9EE991D717F-LeaderElection192] INFO  impl.RoleInfo (RoleInfo.java:shutdownLeaderElection(134)) - 2a93f7e5-ecb9-41da-9c47-70e13ba76d7d: shutdown LeaderElection
2019-10-17 07:43:30,579 [2a93f7e5-ecb9-41da-9c47-70e13ba76d7d@group-A9EE991D717F-LeaderElection192] INFO  impl.RoleInfo (RoleInfo.java:updateAndGet(143)) - 2a93f7e5-ecb9-41da-9c47-70e13ba76d7d: start FollowerState
2019-10-17 07:43:30,753 [Thread-1707] INFO  impl.FollowerState (FollowerState.java:run(108)) - 2a93f7e5-ecb9-41da-9c47-70e13ba76d7d@group-A9EE991D717F-FollowerState: change to CANDIDATE, lastRpcTime:174ms, electionTimeout:174ms
2019-10-17 07:43:30,754 [Thread-1707] INFO  impl.RoleInfo (RoleInfo.java:shutdownFollowerState(121)) - 2a93f7e5-ecb9-41da-9c47-70e13ba76d7d: shutdown FollowerState
2019-10-17 07:43:30,754 [Thread-1707] INFO  impl.RaftServerImpl (RaftServerImpl.java:setRole(184)) - 2a93f7e5-ecb9-41da-9c47-70e13ba76d7d@group-A9EE991D717F: changes role from  FOLLOWER to CANDIDATE at term 200 for changeToCandidate
2019-10-17 07:43:30,754 [Thread-1707] INFO  impl.RoleInfo (RoleInfo.java:updateAndGet(143)) - 2a93f7e5-ecb9-41da-9c47-70e13ba76d7d: start LeaderElection
2019-10-17 07:43:30,777 [2a93f7e5-ecb9-41da-9c47-70e13ba76d7d@group-A9EE991D717F-LeaderElection193] INFO  impl.LeaderElection (LeaderElection.java:askForVotes(178)) - 2a93f7e5-ecb9-41da-9c47-70e13ba76d7d@group-A9EE991D717F-LeaderElection193: begin an election at term 201 for 0: [37bd8e8c-ea68-4b1c-8659-8d001c4f3b5c:192.168.34.62:41632, 24020d0b-ce61-4f5a-b0b0-c561541e8cd4:192.168.34.62:42892, 2a93f7e5-ecb9-41da-9c47-70e13ba76d7d:192.168.34.62:35412], old=null
2019-10-17 07:43:30,780 [grpc-default-executor-1] INFO  impl.RaftServerImpl (RaftServerImpl.java:setRole(184)) - 37bd8e8c-ea68-4b1c-8659-8d001c4f3b5c@group-A9EE991D717F: changes role from  FOLLOWER to FOLLOWER at term 201 for recognizeCandidate:2a93f7e5-ecb9-41da-9c47-70e13ba76d7d
2019-10-17 07:43:30,780 [grpc-default-executor-1] INFO  impl.RoleInfo (RoleInfo.java:shutdownFollowerState(121)) - 37bd8e8c-ea68-4b1c-8659-8d001c4f3b5c: shutdown FollowerState
2019-10-17 07:43:30,780 [grpc-default-executor-0] INFO  impl.RaftServerImpl (RaftServerImpl.java:setRole(184)) - 24020d0b-ce61-4f5a-b0b0-c561541e8cd4@group-A9EE991D717F: changes role from  FOLLOWER to FOLLOWER at term 201 for recognizeCandidate:2a93f7e5-ecb9-41da-9c47-70e13ba76d7d
2019-10-17 07:43:30,780 [grpc-default-executor-1] INFO  impl.RoleInfo (RoleInfo.java:updateAndGet(143)) - 37bd8e8c-ea68-4b1c-8659-8d001c4f3b5c: start FollowerState
2019-10-17 07:43:30,780 [Thread-1705] INFO  impl.FollowerState (FollowerState.java:run(117)) - 37bd8e8c-ea68-4b1c-8659-8d001c4f3b5c@group-A9EE991D717F-FollowerState was interrupted: java.lang.InterruptedException: sleep interrupted
2019-10-17 07:43:30,781 [grpc-default-executor-0] INFO  impl.RoleInfo (RoleInfo.java:shutdownFollowerState(121)) - 24020d0b-ce61-4f5a-b0b0-c561541e8cd4: shutdown FollowerState
2019-10-17 07:43:30,781 [grpc-default-executor-0] INFO  impl.RoleInfo (RoleInfo.java:updateAndGet(143)) - 24020d0b-ce61-4f5a-b0b0-c561541e8cd4: start FollowerState
2019-10-17 07:43:30,781 [Thread-1706] INFO  impl.FollowerState (FollowerState.java:run(117)) - 24020d0b-ce61-4f5a-b0b0-c561541e8cd4@group-A9EE991D717F-FollowerState was interrupted: java.lang.InterruptedException: sleep interrupted
2019-10-17 07:43:30,805 [2a93f7e5-ecb9-41da-9c47-70e13ba76d7d@group-A9EE991D717F-LeaderElection193] INFO  impl.LeaderElection (LeaderElection.java:logAndReturn(56)) - 2a93f7e5-ecb9-41da-9c47-70e13ba76d7d@group-A9EE991D717F-LeaderElection193: Election REJECTED; received 2 response(s) [2a93f7e5-ecb9-41da-9c47-70e13ba76d7d<-37bd8e8c-ea68-4b1c-8659-8d001c4f3b5c#0:FAIL-t201, 2a93f7e5-ecb9-41da-9c47-70e13ba76d7d<-24020d0b-ce61-4f5a-b0b0-c561541e8cd4#0:FAIL-t201] and 0 exception(s); 2a93f7e5-ecb9-41da-9c47-70e13ba76d7d@group-A9EE991D717F:t201, leader=null, voted=2a93f7e5-ecb9-41da-9c47-70e13ba76d7d, raftlog=2a93f7e5-ecb9-41da-9c47-70e13ba76d7d@group-A9EE991D717F-SegmentedRaftLog:OPENED:c-1,f0,i0, conf=0: [37bd8e8c-ea68-4b1c-8659-8d001c4f3b5c:192.168.34.62:41632, 24020d0b-ce61-4f5a-b0b0-c561541e8cd4:192.168.34.62:42892, 2a93f7e5-ecb9-41da-9c47-70e13ba76d7d:192.168.34.62:35412], old=null
2019-10-17 07:43:30,805 [2a93f7e5-ecb9-41da-9c47-70e13ba76d7d@group-A9EE991D717F-LeaderElection193] INFO  impl.RaftServerImpl (RaftServerImpl.java:setRole(184)) - 2a93f7e5-ecb9-41da-9c47-70e13ba76d7d@group-A9EE991D717F: changes role from CANDIDATE to FOLLOWER at term 201 for DISCOVERED_A_NEW_TERM
2019-10-17 07:43:30,805 [2a93f7e5-ecb9-41da-9c47-70e13ba76d7d@group-A9EE991D717F-LeaderElection193] INFO  impl.RoleInfo (RoleInfo.java:shutdownLeaderElection(134)) - 2a93f7e5-ecb9-41da-9c47-70e13ba76d7d: shutdown LeaderElection
2019-10-17 07:43:30,805 [2a93f7e5-ecb9-41da-9c47-70e13ba76d7d@group-A9EE991D717F-LeaderElection193] INFO  impl.RoleInfo (RoleInfo.java:updateAndGet(143)) - 2a93f7e5-ecb9-41da-9c47-70e13ba76d7d: start FollowerState
2019-10-17 07:43:30,897 [Thread-1713] INFO  impl.FollowerState (FollowerState.java:run(108)) - 2a93f7e5-ecb9-41da-9c47-70e13ba76d7d@group-A9EE991D717F-FollowerState: change to CANDIDATE, lastRpcTime:91ms, electionTimeout:91ms
2019-10-17 07:43:30,897 [Thread-1713] INFO  impl.RoleInfo (RoleInfo.java:shutdownFollowerState(121)) - 2a93f7e5-ecb9-41da-9c47-70e13ba76d7d: shutdown FollowerState
2019-10-17 07:43:30,897 [Thread-1713] INFO  impl.RaftServerImpl (RaftServerImpl.java:setRole(184)) - 2a93f7e5-ecb9-41da-9c47-70e13ba76d7d@group-A9EE991D717F: changes role from  FOLLOWER to CANDIDATE at term 201 for changeToCandidate
2019-10-17 07:43:30,897 [Thread-1713] INFO  impl.RoleInfo (RoleInfo.java:updateAndGet(143)) - 2a93f7e5-ecb9-41da-9c47-70e13ba76d7d: start LeaderElection
2019-10-17 07:43:30,921 [2a93f7e5-ecb9-41da-9c47-70e13ba76d7d@group-A9EE991D717F-LeaderElection194] INFO  impl.LeaderElection (LeaderElection.java:askForVotes(178)) - 2a93f7e5-ecb9-41da-9c47-70e13ba76d7d@group-A9EE991D717F-LeaderElection194: begin an election at term 202 for 0: [37bd8e8c-ea68-4b1c-8659-8d001c4f3b5c:192.168.34.62:41632, 24020d0b-ce61-4f5a-b0b0-c561541e8cd4:192.168.34.62:42892, 2a93f7e5-ecb9-41da-9c47-70e13ba76d7d:192.168.34.62:35412], old=null
2019-10-17 07:43:30,924 [grpc-default-executor-1] INFO  impl.RaftServerImpl (RaftServerImpl.java:setRole(184)) - 37bd8e8c-ea68-4b1c-8659-8d001c4f3b5c@group-A9EE991D717F: changes role from  FOLLOWER to FOLLOWER at term 202 for recognizeCandidate:2a93f7e5-ecb9-41da-9c47-70e13ba76d7d
2019-10-17 07:43:30,924 [grpc-default-executor-1] INFO  impl.RoleInfo (RoleInfo.java:shutdownFollowerState(121)) - 37bd8e8c-ea68-4b1c-8659-8d001c4f3b5c: shutdown FollowerState
2019-10-17 07:43:30,924 [grpc-default-executor-1] INFO  impl.RoleInfo (RoleInfo.java:updateAndGet(143)) - 37bd8e8c-ea68-4b1c-8659-8d001c4f3b5c: start FollowerState
2019-10-17 07:43:30,924 [Thread-1711] INFO  impl.FollowerState (FollowerState.java:run(117)) - 37bd8e8c-ea68-4b1c-8659-8d001c4f3b5c@group-A9EE991D717F-FollowerState was interrupted: java.lang.InterruptedException: sleep interrupted
2019-10-17 07:43:30,924 [grpc-default-executor-0] INFO  impl.RaftServerImpl (RaftServerImpl.java:setRole(184)) - 24020d0b-ce61-4f5a-b0b0-c561541e8cd4@group-A9EE991D717F: changes role from  FOLLOWER to FOLLOWER at term 202 for recognizeCandidate:2a93f7e5-ecb9-41da-9c47-70e13ba76d7d
2019-10-17 07:43:30,925 [grpc-default-executor-0] INFO  impl.RoleInfo (RoleInfo.java:shutdownFollowerState(121)) - 24020d0b-ce61-4f5a-b0b0-c561541e8cd4: shutdown FollowerState
2019-10-17 07:43:30,925 [grpc-default-executor-0] INFO  impl.RoleInfo (RoleInfo.java:updateAndGet(143)) - 24020d0b-ce61-4f5a-b0b0-c561541e8cd4: start FollowerState
2019-10-17 07:43:30,925 [Thread-1712] INFO  impl.FollowerState (FollowerState.java:run(117)) - 24020d0b-ce61-4f5a-b0b0-c561541e8cd4@group-A9EE991D717F-FollowerState was interrupted: java.lang.InterruptedException: sleep interrupted
2019-10-17 07:43:30,938 [2a93f7e5-ecb9-41da-9c47-70e13ba76d7d@group-A9EE991D717F-LeaderElection194] INFO  impl.LeaderElection (LeaderElection.java:logAndReturn(56)) - 2a93f7e5-ecb9-41da-9c47-70e13ba76d7d@group-A9EE991D717F-LeaderElection194: Election REJECTED; received 2 response(s) [2a93f7e5-ecb9-41da-9c47-70e13ba76d7d<-37bd8e8c-ea68-4b1c-8659-8d001c4f3b5c#0:FAIL-t202, 2a93f7e5-ecb9-41da-9c47-70e13ba76d7d<-24020d0b-ce61-4f5a-b0b0-c561541e8cd4#0:FAIL-t202] and 0 exception(s); 2a93f7e5-ecb9-41da-9c47-70e13ba76d7d@group-A9EE991D717F:t202, leader=null, voted=2a93f7e5-ecb9-41da-9c47-70e13ba76d7d, raftlog=2a93f7e5-ecb9-41da-9c47-70e13ba76d7d@group-A9EE991D717F-SegmentedRaftLog:OPENED:c-1,f0,i0, conf=0: [37bd8e8c-ea68-4b1c-8659-8d001c4f3b5c:192.168.34.62:41632, 24020d0b-ce61-4f5a-b0b0-c561541e8cd4:192.168.34.62:42892, 2a93f7e5-ecb9-41da-9c47-70e13ba76d7d:192.168.34.62:35412], old=null
2019-10-17 07:43:30,938 [2a93f7e5-ecb9-41da-9c47-70e13ba76d7d@group-A9EE991D717F-LeaderElection194] INFO  impl.RaftServerImpl (RaftServerImpl.java:setRole(184)) - 2a93f7e5-ecb9-41da-9c47-70e13ba76d7d@group-A9EE991D717F: changes role from CANDIDATE to FOLLOWER at term 202 for DISCOVERED_A_NEW_TERM
2019-10-17 07:43:30,938 [2a93f7e5-ecb9-41da-9c47-70e13ba76d7d@group-A9EE991D717F-LeaderElection194] INFO  impl.RoleInfo (RoleInfo.java:shutdownLeaderElection(134)) - 2a93f7e5-ecb9-41da-9c47-70e13ba76d7d: shutdown LeaderElection
2019-10-17 07:43:30,938 [2a93f7e5-ecb9-41da-9c47-70e13ba76d7d@group-A9EE991D717F-LeaderElection194] INFO  impl.RoleInfo (RoleInfo.java:updateAndGet(143)) - 2a93f7e5-ecb9-41da-9c47-70e13ba76d7d: start FollowerState
2019-10-17 07:43:31,057 [Thread-1719] INFO  impl.FollowerState (FollowerState.java:run(108)) - 2a93f7e5-ecb9-41da-9c47-70e13ba76d7d@group-A9EE991D717F-FollowerState: change to CANDIDATE, lastRpcTime:118ms, electionTimeout:118ms
2019-10-17 07:43:31,057 [Thread-1719] INFO  impl.RoleInfo (RoleInfo.java:shutdownFollowerState(121)) - 2a93f7e5-ecb9-41da-9c47-70e13ba76d7d: shutdown FollowerState
2019-10-17 07:43:31,057 [Thread-1719] INFO  impl.RaftServerImpl (RaftServerImpl.java:setRole(184)) - 2a93f7e5-ecb9-41da-9c47-70e13ba76d7d@group-A9EE991D717F: changes role from  FOLLOWER to CANDIDATE at term 202 for changeToCandidate
2019-10-17 07:43:31,058 [Thread-1719] INFO  impl.RoleInfo (RoleInfo.java:updateAndGet(143)) - 2a93f7e5-ecb9-41da-9c47-70e13ba76d7d: start LeaderElection
2019-10-17 07:43:31,083 [2a93f7e5-ecb9-41da-9c47-70e13ba76d7d@group-A9EE991D717F-LeaderElection195] INFO  impl.LeaderElection (LeaderElection.java:askForVotes(178)) - 2a93f7e5-ecb9-41da-9c47-70e13ba76d7d@group-A9EE991D717F-LeaderElection195: begin an election at term 203 for 0: [37bd8e8c-ea68-4b1c-8659-8d001c4f3b5c:192.168.34.62:41632, 24020d0b-ce61-4f5a-b0b0-c561541e8cd4:192.168.34.62:42892, 2a93f7e5-ecb9-41da-9c47-70e13ba76d7d:192.168.34.62:35412], old=null
2019-10-17 07:43:31,086 [grpc-default-executor-0] INFO  impl.RaftServerImpl (RaftServerImpl.java:setRole(184)) - 37bd8e8c-ea68-4b1c-8659-8d001c4f3b5c@group-A9EE991D717F: changes role from  FOLLOWER to FOLLOWER at term 203 for recognizeCandidate:2a93f7e5-ecb9-41da-9c47-70e13ba76d7d
2019-10-17 07:43:31,087 [grpc-default-executor-1] INFO  impl.RaftServerImpl (RaftServerImpl.java:setRole(184)) - 24020d0b-ce61-4f5a-b0b0-c561541e8cd4@group-A9EE991D717F: changes role from  FOLLOWER to FOLLOWER at term 203 for recognizeCandidate:2a93f7e5-ecb9-41da-9c47-70e13ba76d7d
2019-10-17 07:43:31,087 [grpc-default-executor-1] INFO  impl.RoleInfo (RoleInfo.java:shutdownFollowerState(121)) - 24020d0b-ce61-4f5a-b0b0-c561541e8cd4: shutdown FollowerState
2019-10-17 07:43:31,087 [grpc-default-executor-0] INFO  impl.RoleInfo (RoleInfo.java:shutdownFollowerState(121)) - 37bd8e8c-ea68-4b1c-8659-8d001c4f3b5c: shutdown FollowerState
2019-10-17 07:43:31,087 [Thread-1718] INFO  impl.FollowerState (FollowerState.java:run(117)) - 24020d0b-ce61-4f5a-b0b0-c561541e8cd4@group-A9EE991D717F-FollowerState was interrupted: java.lang.InterruptedException: sleep interrupted
2019-10-17 07:43:31,087 [grpc-default-executor-1] INFO  impl.RoleInfo (RoleInfo.java:updateAndGet(143)) - 24020d0b-ce61-4f5a-b0b0-c561541e8cd4: start FollowerState
2019-10-17 07:43:31,087 [Thread-1717] INFO  impl.FollowerState (FollowerState.java:run(117)) - 37bd8e8c-ea68-4b1c-8659-8d001c4f3b5c@group-A9EE991D717F-FollowerState was interrupted: java.lang.InterruptedException: sleep interrupted
2019-10-17 07:43:31,087 [grpc-default-executor-0] INFO  impl.RoleInfo (RoleInfo.java:updateAndGet(143)) - 37bd8e8c-ea68-4b1c-8659-8d001c4f3b5c: start FollowerState
2019-10-17 07:43:31,102 [2a93f7e5-ecb9-41da-9c47-70e13ba76d7d@group-A9EE991D717F-LeaderElection195] INFO  impl.LeaderElection (LeaderElection.java:logAndReturn(56)) - 2a93f7e5-ecb9-41da-9c47-70e13ba76d7d@group-A9EE991D717F-LeaderElection195: Election REJECTED; received 2 response(s) [2a93f7e5-ecb9-41da-9c47-70e13ba76d7d<-37bd8e8c-ea68-4b1c-8659-8d001c4f3b5c#0:FAIL-t203, 2a93f7e5-ecb9-41da-9c47-70e13ba76d7d<-24020d0b-ce61-4f5a-b0b0-c561541e8cd4#0:FAIL-t203] and 0 exception(s); 2a93f7e5-ecb9-41da-9c47-70e13ba76d7d@group-A9EE991D717F:t203, leader=null, voted=2a93f7e5-ecb9-41da-9c47-70e13ba76d7d, raftlog=2a93f7e5-ecb9-41da-9c47-70e13ba76d7d@group-A9EE991D717F-SegmentedRaftLog:OPENED:c-1,f0,i0, conf=0: [37bd8e8c-ea68-4b1c-8659-8d001c4f3b5c:192.168.34.62:41632, 24020d0b-ce61-4f5a-b0b0-c561541e8cd4:192.168.34.62:42892, 2a93f7e5-ecb9-41da-9c47-70e13ba76d7d:192.168.34.62:35412], old=null
2019-10-17 07:43:31,102 [2a93f7e5-ecb9-41da-9c47-70e13ba76d7d@group-A9EE991D717F-LeaderElection195] INFO  impl.RaftServerImpl (RaftServerImpl.java:setRole(184)) - 2a93f7e5-ecb9-41da-9c47-70e13ba76d7d@group-A9EE991D717F: changes role from CANDIDATE to FOLLOWER at term 203 for DISCOVERED_A_NEW_TERM
2019-10-17 07:43:31,102 [2a93f7e5-ecb9-41da-9c47-70e13ba76d7d@group-A9EE991D717F-LeaderElection195] INFO  impl.RoleInfo (RoleInfo.java:shutdownLeaderElection(134)) - 2a93f7e5-ecb9-41da-9c47-70e13ba76d7d: shutdown LeaderElection
2019-10-17 07:43:31,103 [2a93f7e5-ecb9-41da-9c47-70e13ba76d7d@group-A9EE991D717F-LeaderElection195] INFO  impl.RoleInfo (RoleInfo.java:updateAndGet(143)) - 2a93f7e5-ecb9-41da-9c47-70e13ba76d7d: start FollowerState
2019-10-17 07:43:31,121 [Thread-1725] INFO  impl.FollowerState (FollowerState.java:run(108)) - 2a93f7e5-ecb9-41da-9c47-70e13ba76d7d@group-A9EE991D717F-FollowerState: change to CANDIDATE, lastRpcTime:18ms, electionTimeout:18ms
2019-10-17 07:43:31,121 [Thread-1725] INFO  impl.RoleInfo (RoleInfo.java:shutdownFollowerState(121)) - 2a93f7e5-ecb9-41da-9c47-70e13ba76d7d: shutdown FollowerState
2019-10-17 07:43:31,121 [Thread-1725] INFO  impl.RaftServerImpl (RaftServerImpl.java:setRole(184)) - 2a93f7e5-ecb9-41da-9c47-70e13ba76d7d@group-A9EE991D717F: changes role from  FOLLOWER to CANDIDATE at term 203 for changeToCandidate
2019-10-17 07:43:31,122 [Thread-1725] INFO  impl.RoleInfo (RoleInfo.java:updateAndGet(143)) - 2a93f7e5-ecb9-41da-9c47-70e13ba76d7d: start LeaderElection
2019-10-17 07:43:31,146 [2a93f7e5-ecb9-41da-9c47-70e13ba76d7d@group-A9EE991D717F-LeaderElection196] INFO  impl.LeaderElection (LeaderElection.java:askForVotes(178)) - 2a93f7e5-ecb9-41da-9c47-70e13ba76d7d@group-A9EE991D717F-LeaderElection196: begin an election at term 204 for 0: [37bd8e8c-ea68-4b1c-8659-8d001c4f3b5c:192.168.34.62:41632, 24020d0b-ce61-4f5a-b0b0-c561541e8cd4:192.168.34.62:42892, 2a93f7e5-ecb9-41da-9c47-70e13ba76d7d:192.168.34.62:35412], old=null
2019-10-17 07:43:31,149 [grpc-default-executor-0] INFO  impl.RaftServerImpl (RaftServerImpl.java:setRole(184)) - 37bd8e8c-ea68-4b1c-8659-8d001c4f3b5c@group-A9EE991D717F: changes role from  FOLLOWER to FOLLOWER at term 204 for recognizeCandidate:2a93f7e5-ecb9-41da-9c47-70e13ba76d7d
2019-10-17 07:43:31,149 [grpc-default-executor-0] INFO  impl.RoleInfo (RoleInfo.java:shutdownFollowerState(121)) - 37bd8e8c-ea68-4b1c-8659-8d001c4f3b5c: shutdown FollowerState
2019-10-17 07:43:31,149 [grpc-default-executor-0] INFO  impl.RoleInfo (RoleInfo.java:updateAndGet(143)) - 37bd8e8c-ea68-4b1c-8659-8d001c4f3b5c: start FollowerState
2019-10-17 07:43:31,149 [Thread-1724] INFO  impl.FollowerState (FollowerState.java:run(117)) - 37bd8e8c-ea68-4b1c-8659-8d001c4f3b5c@group-A9EE991D717F-FollowerState was interrupted: java.lang.InterruptedException: sleep interrupted
2019-10-17 07:43:31,149 [grpc-default-executor-1] INFO  impl.RaftServerImpl (RaftServerImpl.java:setRole(184)) - 24020d0b-ce61-4f5a-b0b0-c561541e8cd4@group-A9EE991D717F: changes role from  FOLLOWER to FOLLOWER at term 204 for recognizeCandidate:2a93f7e5-ecb9-41da-9c47-70e13ba76d7d
2019-10-17 07:43:31,150 [grpc-default-executor-1] INFO  impl.RoleInfo (RoleInfo.java:shutdownFollowerState(121)) - 24020d0b-ce61-4f5a-b0b0-c561541e8cd4: shutdown FollowerState
2019-10-17 07:43:31,150 [grpc-default-executor-1] INFO  impl.RoleInfo (RoleInfo.java:updateAndGet(143)) - 24020d0b-ce61-4f5a-b0b0-c561541e8cd4: start FollowerState
2019-10-17 07:43:31,150 [Thread-1723] INFO  impl.FollowerState (FollowerState.java:run(117)) - 24020d0b-ce61-4f5a-b0b0-c561541e8cd4@group-A9EE991D717F-FollowerState was interrupted: java.lang.InterruptedException: sleep interrupted
2019-10-17 07:43:31,174 [2a93f7e5-ecb9-41da-9c47-70e13ba76d7d@group-A9EE991D717F-LeaderElection196] INFO  impl.LeaderElection (LeaderElection.java:logAndReturn(56)) - 2a93f7e5-ecb9-41da-9c47-70e13ba76d7d@group-A9EE991D717F-LeaderElection196: Election REJECTED; received 2 response(s) [2a93f7e5-ecb9-41da-9c47-70e13ba76d7d<-37bd8e8c-ea68-4b1c-8659-8d001c4f3b5c#0:FAIL-t204, 2a93f7e5-ecb9-41da-9c47-70e13ba76d7d<-24020d0b-ce61-4f5a-b0b0-c561541e8cd4#0:FAIL-t204] and 0 exception(s); 2a93f7e5-ecb9-41da-9c47-70e13ba76d7d@group-A9EE991D717F:t204, leader=null, voted=2a93f7e5-ecb9-41da-9c47-70e13ba76d7d, raftlog=2a93f7e5-ecb9-41da-9c47-70e13ba76d7d@group-A9EE991D717F-SegmentedRaftLog:OPENED:c-1,f0,i0, conf=0: [37bd8e8c-ea68-4b1c-8659-8d001c4f3b5c:192.168.34.62:41632, 24020d0b-ce61-4f5a-b0b0-c561541e8cd4:192.168.34.62:42892, 2a93f7e5-ecb9-41da-9c47-70e13ba76d7d:192.168.34.62:35412], old=null
2019-10-17 07:43:31,174 [2a93f7e5-ecb9-41da-9c47-70e13ba76d7d@group-A9EE991D717F-LeaderElection196] INFO  impl.RaftServerImpl (RaftServerImpl.java:setRole(184)) - 2a93f7e5-ecb9-41da-9c47-70e13ba76d7d@group-A9EE991D717F: changes role from CANDIDATE to FOLLOWER at term 204 for DISCOVERED_A_NEW_TERM
2019-10-17 07:43:31,174 [2a93f7e5-ecb9-41da-9c47-70e13ba76d7d@group-A9EE991D717F-LeaderElection196] INFO  impl.RoleInfo (RoleInfo.java:shutdownLeaderElection(134)) - 2a93f7e5-ecb9-41da-9c47-70e13ba76d7d: shutdown LeaderElection
2019-10-17 07:43:31,174 [2a93f7e5-ecb9-41da-9c47-70e13ba76d7d@group-A9EE991D717F-LeaderElection196] INFO  impl.RoleInfo (RoleInfo.java:updateAndGet(143)) - 2a93f7e5-ecb9-41da-9c47-70e13ba76d7d: start FollowerState
2019-10-17 07:43:31,204 [Thread-1731] INFO  impl.FollowerState (FollowerState.java:run(108)) - 2a93f7e5-ecb9-41da-9c47-70e13ba76d7d@group-A9EE991D717F-FollowerState: change to CANDIDATE, lastRpcTime:29ms, electionTimeout:29ms
2019-10-17 07:43:31,204 [Thread-1731] INFO  impl.RoleInfo (RoleInfo.java:shutdownFollowerState(121)) - 2a93f7e5-ecb9-41da-9c47-70e13ba76d7d: shutdown FollowerState
2019-10-17 07:43:31,204 [Thread-1731] INFO  impl.RaftServerImpl (RaftServerImpl.java:setRole(184)) - 2a93f7e5-ecb9-41da-9c47-70e13ba76d7d@group-A9EE991D717F: changes role from  FOLLOWER to CANDIDATE at term 204 for changeToCandidate
2019-10-17 07:43:31,204 [Thread-1731] INFO  impl.RoleInfo (RoleInfo.java:updateAndGet(143)) - 2a93f7e5-ecb9-41da-9c47-70e13ba76d7d: start LeaderElection
2019-10-17 07:43:31,235 [2a93f7e5-ecb9-41da-9c47-70e13ba76d7d@group-A9EE991D717F-LeaderElection197] INFO  impl.LeaderElection (LeaderElection.java:askForVotes(178)) - 2a93f7e5-ecb9-41da-9c47-70e13ba76d7d@group-A9EE991D717F-LeaderElection197: begin an election at term 205 for 0: [37bd8e8c-ea68-4b1c-8659-8d001c4f3b5c:192.168.34.62:41632, 24020d0b-ce61-4f5a-b0b0-c561541e8cd4:192.168.34.62:42892, 2a93f7e5-ecb9-41da-9c47-70e13ba76d7d:192.168.34.62:35412], old=null
2019-10-17 07:43:31,237 [grpc-default-executor-1] INFO  impl.RaftServerImpl (RaftServerImpl.java:setRole(184)) - 37bd8e8c-ea68-4b1c-8659-8d001c4f3b5c@group-A9EE991D717F: changes role from  FOLLOWER to FOLLOWER at term 205 for recognizeCandidate:2a93f7e5-ecb9-41da-9c47-70e13ba76d7d
2019-10-17 07:43:31,237 [grpc-default-executor-1] INFO  impl.RoleInfo (RoleInfo.java:shutdownFollowerState(121)) - 37bd8e8c-ea68-4b1c-8659-8d001c4f3b5c: shutdown FollowerState
2019-10-17 07:43:31,237 [grpc-default-executor-0] INFO  impl.RaftServerImpl (RaftServerImpl.java:setRole(184)) - 24020d0b-ce61-4f5a-b0b0-c561541e8cd4@group-A9EE991D717F: changes role from  FOLLOWER to FOLLOWER at term 205 for recognizeCandidate:2a93f7e5-ecb9-41da-9c47-70e13ba76d7d
2019-10-17 07:43:31,237 [Thread-1729] INFO  impl.FollowerState (FollowerState.java:run(117)) - 37bd8e8c-ea68-4b1c-8659-8d001c4f3b5c@group-A9EE991D717F-FollowerState was interrupted: java.lang.InterruptedException: sleep interrupted
2019-10-17 07:43:31,237 [grpc-default-executor-1] INFO  impl.RoleInfo (RoleInfo.java:updateAndGet(143)) - 37bd8e8c-ea68-4b1c-8659-8d001c4f3b5c: start FollowerState
2019-10-17 07:43:31,237 [grpc-default-executor-0] INFO  impl.RoleInfo (RoleInfo.java:shutdownFollowerState(121)) - 24020d0b-ce61-4f5a-b0b0-c561541e8cd4: shutdown FollowerState
2019-10-17 07:43:31,238 [grpc-default-executor-0] INFO  impl.RoleInfo (RoleInfo.java:updateAndGet(143)) - 24020d0b-ce61-4f5a-b0b0-c561541e8cd4: start FollowerState
2019-10-17 07:43:31,238 [Thread-1730] INFO  impl.FollowerState (FollowerState.java:run(117)) - 24020d0b-ce61-4f5a-b0b0-c561541e8cd4@group-A9EE991D717F-FollowerState was interrupted: java.lang.InterruptedException: sleep interrupted
2019-10-17 07:43:31,262 [2a93f7e5-ecb9-41da-9c47-70e13ba76d7d@group-A9EE991D717F-LeaderElection197] INFO  impl.LeaderElection (LeaderElection.java:logAndReturn(56)) - 2a93f7e5-ecb9-41da-9c47-70e13ba76d7d@group-A9EE991D717F-LeaderElection197: Election REJECTED; received 2 response(s) [2a93f7e5-ecb9-41da-9c47-70e13ba76d7d<-37bd8e8c-ea68-4b1c-8659-8d001c4f3b5c#0:FAIL-t205, 2a93f7e5-ecb9-41da-9c47-70e13ba76d7d<-24020d0b-ce61-4f5a-b0b0-c561541e8cd4#0:FAIL-t205] and 0 exception(s); 2a93f7e5-ecb9-41da-9c47-70e13ba76d7d@group-A9EE991D717F:t205, leader=null, voted=2a93f7e5-ecb9-41da-9c47-70e13ba76d7d, raftlog=2a93f7e5-ecb9-41da-9c47-70e13ba76d7d@group-A9EE991D717F-SegmentedRaftLog:OPENED:c-1,f0,i0, conf=0: [37bd8e8c-ea68-4b1c-8659-8d001c4f3b5c:192.168.34.62:41632, 24020d0b-ce61-4f5a-b0b0-c561541e8cd4:192.168.34.62:42892, 2a93f7e5-ecb9-41da-9c47-70e13ba76d7d:192.168.34.62:35412], old=null
2019-10-17 07:43:31,262 [2a93f7e5-ecb9-41da-9c47-70e13ba76d7d@group-A9EE991D717F-LeaderElection197] INFO  impl.RaftServerImpl (RaftServerImpl.java:setRole(184)) - 2a93f7e5-ecb9-41da-9c47-70e13ba76d7d@group-A9EE991D717F: changes role from CANDIDATE to FOLLOWER at term 205 for DISCOVERED_A_NEW_TERM
2019-10-17 07:43:31,262 [2a93f7e5-ecb9-41da-9c47-70e13ba76d7d@group-A9EE991D717F-LeaderElection197] INFO  impl.RoleInfo (RoleInfo.java:shutdownLeaderElection(134)) - 2a93f7e5-ecb9-41da-9c47-70e13ba76d7d: shutdown LeaderElection
2019-10-17 07:43:31,262 [2a93f7e5-ecb9-41da-9c47-70e13ba76d7d@group-A9EE991D717F-LeaderElection197] INFO  impl.RoleInfo (RoleInfo.java:updateAndGet(143)) - 2a93f7e5-ecb9-41da-9c47-70e13ba76d7d: start FollowerState
2019-10-17 07:43:31,312 [Thread-1737] INFO  impl.FollowerState (FollowerState.java:run(108)) - 2a93f7e5-ecb9-41da-9c47-70e13ba76d7d@group-A9EE991D717F-FollowerState: change to CANDIDATE, lastRpcTime:49ms, electionTimeout:49ms
2019-10-17 07:43:31,312 [Thread-1737] INFO  impl.RoleInfo (RoleInfo.java:shutdownFollowerState(121)) - 2a93f7e5-ecb9-41da-9c47-70e13ba76d7d: shutdown FollowerState
2019-10-17 07:43:31,312 [Thread-1737] INFO  impl.RaftServerImpl (RaftServerImpl.java:setRole(184)) - 2a93f7e5-ecb9-41da-9c47-70e13ba76d7d@group-A9EE991D717F: changes role from  FOLLOWER to CANDIDATE at term 205 for changeToCandidate
2019-10-17 07:43:31,312 [Thread-1737] INFO  impl.RoleInfo (RoleInfo.java:updateAndGet(143)) - 2a93f7e5-ecb9-41da-9c47-70e13ba76d7d: start LeaderElection
2019-10-17 07:43:31,336 [2a93f7e5-ecb9-41da-9c47-70e13ba76d7d@group-A9EE991D717F-LeaderElection198] INFO  impl.LeaderElection (LeaderElection.java:askForVotes(178)) - 2a93f7e5-ecb9-41da-9c47-70e13ba76d7d@group-A9EE991D717F-LeaderElection198: begin an election at term 206 for 0: [37bd8e8c-ea68-4b1c-8659-8d001c4f3b5c:192.168.34.62:41632, 24020d0b-ce61-4f5a-b0b0-c561541e8cd4:192.168.34.62:42892, 2a93f7e5-ecb9-41da-9c47-70e13ba76d7d:192.168.34.62:35412], old=null
2019-10-17 07:43:31,338 [grpc-default-executor-0] INFO  impl.RaftServerImpl (RaftServerImpl.java:setRole(184)) - 37bd8e8c-ea68-4b1c-8659-8d001c4f3b5c@group-A9EE991D717F: changes role from  FOLLOWER to FOLLOWER at term 206 for recognizeCandidate:2a93f7e5-ecb9-41da-9c47-70e13ba76d7d
2019-10-17 07:43:31,338 [grpc-default-executor-0] INFO  impl.RoleInfo (RoleInfo.java:shutdownFollowerState(121)) - 37bd8e8c-ea68-4b1c-8659-8d001c4f3b5c: shutdown FollowerState
2019-10-17 07:43:31,338 [grpc-default-executor-1] INFO  impl.RaftServerImpl (RaftServerImpl.java:setRole(184)) - 24020d0b-ce61-4f5a-b0b0-c561541e8cd4@group-A9EE991D717F: changes role from  FOLLOWER to FOLLOWER at term 206 for recognizeCandidate:2a93f7e5-ecb9-41da-9c47-70e13ba76d7d
2019-10-17 07:43:31,338 [Thread-1735] INFO  impl.FollowerState (FollowerState.java:run(117)) - 37bd8e8c-ea68-4b1c-8659-8d001c4f3b5c@group-A9EE991D717F-FollowerState was interrupted: java.lang.InterruptedException: sleep interrupted
2019-10-17 07:43:31,338 [grpc-default-executor-0] INFO  impl.RoleInfo (RoleInfo.java:updateAndGet(143)) - 37bd8e8c-ea68-4b1c-8659-8d001c4f3b5c: start FollowerState
2019-10-17 07:43:31,338 [grpc-default-executor-1] INFO  impl.RoleInfo (RoleInfo.java:shutdownFollowerState(121)) - 24020d0b-ce61-4f5a-b0b0-c561541e8cd4: shutdown FollowerState
2019-10-17 07:43:31,339 [grpc-default-executor-1] INFO  impl.RoleInfo (RoleInfo.java:updateAndGet(143)) - 24020d0b-ce61-4f5a-b0b0-c561541e8cd4: start FollowerState
2019-10-17 07:43:31,339 [Thread-1736] INFO  impl.FollowerState (FollowerState.java:run(117)) - 24020d0b-ce61-4f5a-b0b0-c561541e8cd4@group-A9EE991D717F-FollowerState was interrupted: java.lang.InterruptedException: sleep interrupted
2019-10-17 07:43:31,361 [2a93f7e5-ecb9-41da-9c47-70e13ba76d7d@group-A9EE991D717F-LeaderElection198] INFO  impl.LeaderElection (LeaderElection.java:logAndReturn(56)) - 2a93f7e5-ecb9-41da-9c47-70e13ba76d7d@group-A9EE991D717F-LeaderElection198: Election REJECTED; received 2 response(s) [2a93f7e5-ecb9-41da-9c47-70e13ba76d7d<-37bd8e8c-ea68-4b1c-8659-8d001c4f3b5c#0:FAIL-t206, 2a93f7e5-ecb9-41da-9c47-70e13ba76d7d<-24020d0b-ce61-4f5a-b0b0-c561541e8cd4#0:FAIL-t206] and 0 exception(s); 2a93f7e5-ecb9-41da-9c47-70e13ba76d7d@group-A9EE991D717F:t206, leader=null, voted=2a93f7e5-ecb9-41da-9c47-70e13ba76d7d, raftlog=2a93f7e5-ecb9-41da-9c47-70e13ba76d7d@group-A9EE991D717F-SegmentedRaftLog:OPENED:c-1,f0,i0, conf=0: [37bd8e8c-ea68-4b1c-8659-8d001c4f3b5c:192.168.34.62:41632, 24020d0b-ce61-4f5a-b0b0-c561541e8cd4:192.168.34.62:42892, 2a93f7e5-ecb9-41da-9c47-70e13ba76d7d:192.168.34.62:35412], old=null
2019-10-17 07:43:31,361 [2a93f7e5-ecb9-41da-9c47-70e13ba76d7d@group-A9EE991D717F-LeaderElection198] INFO  impl.RaftServerImpl (RaftServerImpl.java:setRole(184)) - 2a93f7e5-ecb9-41da-9c47-70e13ba76d7d@group-A9EE991D717F: changes role from CANDIDATE to FOLLOWER at term 206 for DISCOVERED_A_NEW_TERM
2019-10-17 07:43:31,361 [2a93f7e5-ecb9-41da-9c47-70e13ba76d7d@group-A9EE991D717F-LeaderElection198] INFO  impl.RoleInfo (RoleInfo.java:shutdownLeaderElection(134)) - 2a93f7e5-ecb9-41da-9c47-70e13ba76d7d: shutdown LeaderElection
2019-10-17 07:43:31,361 [2a93f7e5-ecb9-41da-9c47-70e13ba76d7d@group-A9EE991D717F-LeaderElection198] INFO  impl.RoleInfo (RoleInfo.java:updateAndGet(143)) - 2a93f7e5-ecb9-41da-9c47-70e13ba76d7d: start FollowerState
2019-10-17 07:43:31,406 [Thread-1743] INFO  impl.FollowerState (FollowerState.java:run(108)) - 2a93f7e5-ecb9-41da-9c47-70e13ba76d7d@group-A9EE991D717F-FollowerState: change to CANDIDATE, lastRpcTime:44ms, electionTimeout:44ms
2019-10-17 07:43:31,406 [Thread-1743] INFO  impl.RoleInfo (RoleInfo.java:shutdownFollowerState(121)) - 2a93f7e5-ecb9-41da-9c47-70e13ba76d7d: shutdown FollowerState
2019-10-17 07:43:31,406 [Thread-1743] INFO  impl.RaftServerImpl (RaftServerImpl.java:setRole(184)) - 2a93f7e5-ecb9-41da-9c47-70e13ba76d7d@group-A9EE991D717F: changes role from  FOLLOWER to CANDIDATE at term 206 for changeToCandidate
2019-10-17 07:43:31,406 [Thread-1743] INFO  impl.RoleInfo (RoleInfo.java:updateAndGet(143)) - 2a93f7e5-ecb9-41da-9c47-70e13ba76d7d: start LeaderElection
2019-10-17 07:43:31,429 [2a93f7e5-ecb9-41da-9c47-70e13ba76d7d@group-A9EE991D717F-LeaderElection199] INFO  impl.LeaderElection (LeaderElection.java:askForVotes(178)) - 2a93f7e5-ecb9-41da-9c47-70e13ba76d7d@group-A9EE991D717F-LeaderElection199: begin an election at term 207 for 0: [37bd8e8c-ea68-4b1c-8659-8d001c4f3b5c:192.168.34.62:41632, 24020d0b-ce61-4f5a-b0b0-c561541e8cd4:192.168.34.62:42892, 2a93f7e5-ecb9-41da-9c47-70e13ba76d7d:192.168.34.62:35412], old=null
2019-10-17 07:43:31,432 [grpc-default-executor-0] INFO  impl.RaftServerImpl (RaftServerImpl.java:setRole(184)) - 37bd8e8c-ea68-4b1c-8659-8d001c4f3b5c@group-A9EE991D717F: changes role from  FOLLOWER to FOLLOWER at term 207 for recognizeCandidate:2a93f7e5-ecb9-41da-9c47-70e13ba76d7d
2019-10-17 07:43:31,432 [grpc-default-executor-0] INFO  impl.RoleInfo (RoleInfo.java:shutdownFollowerState(121)) - 37bd8e8c-ea68-4b1c-8659-8d001c4f3b5c: shutdown FollowerState
2019-10-17 07:43:31,432 [grpc-default-executor-1] INFO  impl.RaftServerImpl (RaftServerImpl.java:setRole(184)) - 24020d0b-ce61-4f5a-b0b0-c561541e8cd4@group-A9EE991D717F: changes role from  FOLLOWER to FOLLOWER at term 207 for recognizeCandidate:2a93f7e5-ecb9-41da-9c47-70e13ba76d7d
2019-10-17 07:43:31,432 [Thread-1741] INFO  impl.FollowerState (FollowerState.java:run(117)) - 37bd8e8c-ea68-4b1c-8659-8d001c4f3b5c@group-A9EE991D717F-FollowerState was interrupted: java.lang.InterruptedException: sleep interrupted
2019-10-17 07:43:31,432 [grpc-default-executor-0] INFO  impl.RoleInfo (RoleInfo.java:updateAndGet(143)) - 37bd8e8c-ea68-4b1c-8659-8d001c4f3b5c: start FollowerState
2019-10-17 07:43:31,432 [grpc-default-executor-1] INFO  impl.RoleInfo (RoleInfo.java:shutdownFollowerState(121)) - 24020d0b-ce61-4f5a-b0b0-c561541e8cd4: shutdown FollowerState
2019-10-17 07:43:31,433 [grpc-default-executor-1] INFO  impl.RoleInfo (RoleInfo.java:updateAndGet(143)) - 24020d0b-ce61-4f5a-b0b0-c561541e8cd4: start FollowerState
2019-10-17 07:43:31,433 [Thread-1742] INFO  impl.FollowerState (FollowerState.java:run(117)) - 24020d0b-ce61-4f5a-b0b0-c561541e8cd4@group-A9EE991D717F-FollowerState was interrupted: java.lang.InterruptedException: sleep interrupted
2019-10-17 07:43:31,457 [2a93f7e5-ecb9-41da-9c47-70e13ba76d7d@group-A9EE991D717F-LeaderElection199] INFO  impl.LeaderElection (LeaderElection.java:logAndReturn(56)) - 2a93f7e5-ecb9-41da-9c47-70e13ba76d7d@group-A9EE991D717F-LeaderElection199: Election REJECTED; received 2 response(s) [2a93f7e5-ecb9-41da-9c47-70e13ba76d7d<-37bd8e8c-ea68-4b1c-8659-8d001c4f3b5c#0:FAIL-t207, 2a93f7e5-ecb9-41da-9c47-70e13ba76d7d<-24020d0b-ce61-4f5a-b0b0-c561541e8cd4#0:FAIL-t207] and 0 exception(s); 2a93f7e5-ecb9-41da-9c47-70e13ba76d7d@group-A9EE991D717F:t207, leader=null, voted=2a93f7e5-ecb9-41da-9c47-70e13ba76d7d, raftlog=2a93f7e5-ecb9-41da-9c47-70e13ba76d7d@group-A9EE991D717F-SegmentedRaftLog:OPENED:c-1,f0,i0, conf=0: [37bd8e8c-ea68-4b1c-8659-8d001c4f3b5c:192.168.34.62:41632, 24020d0b-ce61-4f5a-b0b0-c561541e8cd4:192.168.34.62:42892, 2a93f7e5-ecb9-41da-9c47-70e13ba76d7d:192.168.34.62:35412], old=null
2019-10-17 07:43:31,457 [2a93f7e5-ecb9-41da-9c47-70e13ba76d7d@group-A9EE991D717F-LeaderElection199] INFO  impl.RaftServerImpl (RaftServerImpl.java:setRole(184)) - 2a93f7e5-ecb9-41da-9c47-70e13ba76d7d@group-A9EE991D717F: changes role from CANDIDATE to FOLLOWER at term 207 for DISCOVERED_A_NEW_TERM
2019-10-17 07:43:31,458 [2a93f7e5-ecb9-41da-9c47-70e13ba76d7d@group-A9EE991D717F-LeaderElection199] INFO  impl.RoleInfo (RoleInfo.java:shutdownLeaderElection(134)) - 2a93f7e5-ecb9-41da-9c47-70e13ba76d7d: shutdown LeaderElection
2019-10-17 07:43:31,458 [2a93f7e5-ecb9-41da-9c47-70e13ba76d7d@group-A9EE991D717F-LeaderElection199] INFO  impl.RoleInfo (RoleInfo.java:updateAndGet(143)) - 2a93f7e5-ecb9-41da-9c47-70e13ba76d7d: start FollowerState
2019-10-17 07:43:31,484 [Thread-1749] INFO  impl.FollowerState (FollowerState.java:run(108)) - 2a93f7e5-ecb9-41da-9c47-70e13ba76d7d@group-A9EE991D717F-FollowerState: change to CANDIDATE, lastRpcTime:26ms, electionTimeout:26ms
2019-10-17 07:43:31,484 [Thread-1749] INFO  impl.RoleInfo (RoleInfo.java:shutdownFollowerState(121)) - 2a93f7e5-ecb9-41da-9c47-70e13ba76d7d: shutdown FollowerState
2019-10-17 07:43:31,485 [Thread-1749] INFO  impl.RaftServerImpl (RaftServerImpl.java:setRole(184)) - 2a93f7e5-ecb9-41da-9c47-70e13ba76d7d@group-A9EE991D717F: changes role from  FOLLOWER to CANDIDATE at term 207 for changeToCandidate
2019-10-17 07:43:31,485 [Thread-1749] INFO  impl.RoleInfo (RoleInfo.java:updateAndGet(143)) - 2a93f7e5-ecb9-41da-9c47-70e13ba76d7d: start LeaderElection
2019-10-17 07:43:31,517 [2a93f7e5-ecb9-41da-9c47-70e13ba76d7d@group-A9EE991D717F-LeaderElection200] INFO  impl.LeaderElection (LeaderElection.java:askForVotes(178)) - 2a93f7e5-ecb9-41da-9c47-70e13ba76d7d@group-A9EE991D717F-LeaderElection200: begin an election at term 208 for 0: [37bd8e8c-ea68-4b1c-8659-8d001c4f3b5c:192.168.34.62:41632, 24020d0b-ce61-4f5a-b0b0-c561541e8cd4:192.168.34.62:42892, 2a93f7e5-ecb9-41da-9c47-70e13ba76d7d:192.168.34.62:35412], old=null
2019-10-17 07:43:31,519 [grpc-default-executor-0] INFO  impl.RaftServerImpl (RaftServerImpl.java:setRole(184)) - 37bd8e8c-ea68-4b1c-8659-8d001c4f3b5c@group-A9EE991D717F: changes role from  FOLLOWER to FOLLOWER at term 208 for recognizeCandidate:2a93f7e5-ecb9-41da-9c47-70e13ba76d7d
2019-10-17 07:43:31,519 [grpc-default-executor-0] INFO  impl.RoleInfo (RoleInfo.java:shutdownFollowerState(121)) - 37bd8e8c-ea68-4b1c-8659-8d001c4f3b5c: shutdown FollowerState
2019-10-17 07:43:31,519 [grpc-default-executor-1] INFO  impl.RaftServerImpl (RaftServerImpl.java:setRole(184)) - 24020d0b-ce61-4f5a-b0b0-c561541e8cd4@group-A9EE991D717F: changes role from  FOLLOWER to FOLLOWER at term 208 for recognizeCandidate:2a93f7e5-ecb9-41da-9c47-70e13ba76d7d
2019-10-17 07:43:31,519 [grpc-default-executor-1] INFO  impl.RoleInfo (RoleInfo.java:shutdownFollowerState(121)) - 24020d0b-ce61-4f5a-b0b0-c561541e8cd4: shutdown FollowerState
2019-10-17 07:43:31,519 [Thread-1747] INFO  impl.FollowerState (FollowerState.java:run(117)) - 37bd8e8c-ea68-4b1c-8659-8d001c4f3b5c@group-A9EE991D717F-FollowerState was interrupted: java.lang.InterruptedException: sleep interrupted
2019-10-17 07:43:31,519 [grpc-default-executor-0] INFO  impl.RoleInfo (RoleInfo.java:updateAndGet(143)) - 37bd8e8c-ea68-4b1c-8659-8d001c4f3b5c: start FollowerState
2019-10-17 07:43:31,520 [Thread-1748] INFO  impl.FollowerState (FollowerState.java:run(117)) - 24020d0b-ce61-4f5a-b0b0-c561541e8cd4@group-A9EE991D717F-FollowerState was interrupted: java.lang.InterruptedException: sleep interrupted
2019-10-17 07:43:31,519 [grpc-default-executor-1] INFO  impl.RoleInfo (RoleInfo.java:updateAndGet(143)) - 24020d0b-ce61-4f5a-b0b0-c561541e8cd4: start FollowerState
2019-10-17 07:43:31,544 [2a93f7e5-ecb9-41da-9c47-70e13ba76d7d@group-A9EE991D717F-LeaderElection200] INFO  impl.LeaderElection (LeaderElection.java:logAndReturn(56)) - 2a93f7e5-ecb9-41da-9c47-70e13ba76d7d@group-A9EE991D717F-LeaderElection200: Election REJECTED; received 2 response(s) [2a93f7e5-ecb9-41da-9c47-70e13ba76d7d<-37bd8e8c-ea68-4b1c-8659-8d001c4f3b5c#0:FAIL-t208, 2a93f7e5-ecb9-41da-9c47-70e13ba76d7d<-24020d0b-ce61-4f5a-b0b0-c561541e8cd4#0:FAIL-t208] and 0 exception(s); 2a93f7e5-ecb9-41da-9c47-70e13ba76d7d@group-A9EE991D717F:t208, leader=null, voted=2a93f7e5-ecb9-41da-9c47-70e13ba76d7d, raftlog=2a93f7e5-ecb9-41da-9c47-70e13ba76d7d@group-A9EE991D717F-SegmentedRaftLog:OPENED:c-1,f0,i0, conf=0: [37bd8e8c-ea68-4b1c-8659-8d001c4f3b5c:192.168.34.62:41632, 24020d0b-ce61-4f5a-b0b0-c561541e8cd4:192.168.34.62:42892, 2a93f7e5-ecb9-41da-9c47-70e13ba76d7d:192.168.34.62:35412], old=null
2019-10-17 07:43:31,544 [2a93f7e5-ecb9-41da-9c47-70e13ba76d7d@group-A9EE991D717F-LeaderElection200] INFO  impl.RaftServerImpl (RaftServerImpl.java:setRole(184)) - 2a93f7e5-ecb9-41da-9c47-70e13ba76d7d@group-A9EE991D717F: changes role from CANDIDATE to FOLLOWER at term 208 for DISCOVERED_A_NEW_TERM
2019-10-17 07:43:31,544 [2a93f7e5-ecb9-41da-9c47-70e13ba76d7d@group-A9EE991D717F-LeaderElection200] INFO  impl.RoleInfo (RoleInfo.java:shutdownLeaderElection(134)) - 2a93f7e5-ecb9-41da-9c47-70e13ba76d7d: shutdown LeaderElection
2019-10-17 07:43:31,544 [2a93f7e5-ecb9-41da-9c47-70e13ba76d7d@group-A9EE991D717F-LeaderElection200] INFO  impl.RoleInfo (RoleInfo.java:updateAndGet(143)) - 2a93f7e5-ecb9-41da-9c47-70e13ba76d7d: start FollowerState
2019-10-17 07:43:31,701 [Thread-1755] INFO  impl.FollowerState (FollowerState.java:run(108)) - 2a93f7e5-ecb9-41da-9c47-70e13ba76d7d@group-A9EE991D717F-FollowerState: change to CANDIDATE, lastRpcTime:157ms, electionTimeout:157ms
2019-10-17 07:43:31,702 [Thread-1755] INFO  impl.RoleInfo (RoleInfo.java:shutdownFollowerState(121)) - 2a93f7e5-ecb9-41da-9c47-70e13ba76d7d: shutdown FollowerState
2019-10-17 07:43:31,702 [Thread-1755] INFO  impl.RaftServerImpl (RaftServerImpl.java:setRole(184)) - 2a93f7e5-ecb9-41da-9c47-70e13ba76d7d@group-A9EE991D717F: changes role from  FOLLOWER to CANDIDATE at term 208 for changeToCandidate
2019-10-17 07:43:31,702 [Thread-1755] INFO  impl.RoleInfo (RoleInfo.java:updateAndGet(143)) - 2a93f7e5-ecb9-41da-9c47-70e13ba76d7d: start LeaderElection
2019-10-17 07:43:31,751 [2a93f7e5-ecb9-41da-9c47-70e13ba76d7d@group-A9EE991D717F-LeaderElection201] INFO  impl.LeaderElection (LeaderElection.java:askForVotes(178)) - 2a93f7e5-ecb9-41da-9c47-70e13ba76d7d@group-A9EE991D717F-LeaderElection201: begin an election at term 209 for 0: [37bd8e8c-ea68-4b1c-8659-8d001c4f3b5c:192.168.34.62:41632, 24020d0b-ce61-4f5a-b0b0-c561541e8cd4:192.168.34.62:42892, 2a93f7e5-ecb9-41da-9c47-70e13ba76d7d:192.168.34.62:35412], old=null
2019-10-17 07:43:31,754 [grpc-default-executor-1] INFO  impl.RaftServerImpl (RaftServerImpl.java:setRole(184)) - 37bd8e8c-ea68-4b1c-8659-8d001c4f3b5c@group-A9EE991D717F: changes role from  FOLLOWER to FOLLOWER at term 209 for recognizeCandidate:2a93f7e5-ecb9-41da-9c47-70e13ba76d7d
2019-10-17 07:43:31,754 [grpc-default-executor-0] INFO  impl.RaftServerImpl (RaftServerImpl.java:setRole(184)) - 24020d0b-ce61-4f5a-b0b0-c561541e8cd4@group-A9EE991D717F: changes role from  FOLLOWER to FOLLOWER at term 209 for recognizeCandidate:2a93f7e5-ecb9-41da-9c47-70e13ba76d7d
2019-10-17 07:43:31,754 [grpc-default-executor-1] INFO  impl.RoleInfo (RoleInfo.java:shutdownFollowerState(121)) - 37bd8e8c-ea68-4b1c-8659-8d001c4f3b5c: shutdown FollowerState
2019-10-17 07:43:31,754 [grpc-default-executor-0] INFO  impl.RoleInfo (RoleInfo.java:shutdownFollowerState(121)) - 24020d0b-ce61-4f5a-b0b0-c561541e8cd4: shutdown FollowerState
2019-10-17 07:43:31,755 [Thread-1753] INFO  impl.FollowerState (FollowerState.java:run(117)) - 37bd8e8c-ea68-4b1c-8659-8d001c4f3b5c@group-A9EE991D717F-FollowerState was interrupted: java.lang.InterruptedException: sleep interrupted
2019-10-17 07:43:31,755 [Thread-1754] INFO  impl.FollowerState (FollowerState.java:run(117)) - 24020d0b-ce61-4f5a-b0b0-c561541e8cd4@group-A9EE991D717F-FollowerState was interrupted: java.lang.InterruptedException: sleep interrupted
2019-10-17 07:43:31,754 [grpc-default-executor-1] INFO  impl.RoleInfo (RoleInfo.java:updateAndGet(143)) - 37bd8e8c-ea68-4b1c-8659-8d001c4f3b5c: start FollowerState
2019-10-17 07:43:31,755 [grpc-default-executor-0] INFO  impl.RoleInfo (RoleInfo.java:updateAndGet(143)) - 24020d0b-ce61-4f5a-b0b0-c561541e8cd4: start FollowerState
2019-10-17 07:43:31,779 [2a93f7e5-ecb9-41da-9c47-70e13ba76d7d@group-A9EE991D717F-LeaderElection201] INFO  impl.LeaderElection (LeaderElection.java:logAndReturn(56)) - 2a93f7e5-ecb9-41da-9c47-70e13ba76d7d@group-A9EE991D717F-LeaderElection201: Election TIMEOUT; received 0 response(s) [] and 0 exception(s); 2a93f7e5-ecb9-41da-9c47-70e13ba76d7d@group-A9EE991D717F:t209, leader=null, voted=2a93f7e5-ecb9-41da-9c47-70e13ba76d7d, raftlog=2a93f7e5-ecb9-41da-9c47-70e13ba76d7d@group-A9EE991D717F-SegmentedRaftLog:OPENED:c-1,f0,i0, conf=0: [37bd8e8c-ea68-4b1c-8659-8d001c4f3b5c:192.168.34.62:41632, 24020d0b-ce61-4f5a-b0b0-c561541e8cd4:192.168.34.62:42892, 2a93f7e5-ecb9-41da-9c47-70e13ba76d7d:192.168.34.62:35412], old=null
2019-10-17 07:43:31,802 [2a93f7e5-ecb9-41da-9c47-70e13ba76d7d@group-A9EE991D717F-LeaderElection201] INFO  impl.LeaderElection (LeaderElection.java:askForVotes(178)) - 2a93f7e5-ecb9-41da-9c47-70e13ba76d7d@group-A9EE991D717F-LeaderElection201: begin an election at term 210 for 0: [37bd8e8c-ea68-4b1c-8659-8d001c4f3b5c:192.168.34.62:41632, 24020d0b-ce61-4f5a-b0b0-c561541e8cd4:192.168.34.62:42892, 2a93f7e5-ecb9-41da-9c47-70e13ba76d7d:192.168.34.62:35412], old=null
2019-10-17 07:43:31,804 [grpc-default-executor-0] INFO  impl.RaftServerImpl (RaftServerImpl.java:setRole(184)) - 37bd8e8c-ea68-4b1c-8659-8d001c4f3b5c@group-A9EE991D717F: changes role from  FOLLOWER to FOLLOWER at term 210 for recognizeCandidate:2a93f7e5-ecb9-41da-9c47-70e13ba76d7d
2019-10-17 07:43:31,804 [grpc-default-executor-0] INFO  impl.RoleInfo (RoleInfo.java:shutdownFollowerState(121)) - 37bd8e8c-ea68-4b1c-8659-8d001c4f3b5c: shutdown FollowerState
2019-10-17 07:43:31,804 [grpc-default-executor-1] INFO  impl.RaftServerImpl (RaftServerImpl.java:setRole(184)) - 24020d0b-ce61-4f5a-b0b0-c561541e8cd4@group-A9EE991D717F: changes role from  FOLLOWER to FOLLOWER at term 210 for recognizeCandidate:2a93f7e5-ecb9-41da-9c47-70e13ba76d7d
2019-10-17 07:43:31,804 [Thread-1759] INFO  impl.FollowerState (FollowerState.java:run(117)) - 37bd8e8c-ea68-4b1c-8659-8d001c4f3b5c@group-A9EE991D717F-FollowerState was interrupted: java.lang.InterruptedException: sleep interrupted
2019-10-17 07:43:31,804 [grpc-default-executor-0] INFO  impl.RoleInfo (RoleInfo.java:updateAndGet(143)) - 37bd8e8c-ea68-4b1c-8659-8d001c4f3b5c: start FollowerState
2019-10-17 07:43:31,804 [grpc-default-executor-1] INFO  impl.RoleInfo (RoleInfo.java:shutdownFollowerState(121)) - 24020d0b-ce61-4f5a-b0b0-c561541e8cd4: shutdown FollowerState
2019-10-17 07:43:31,805 [grpc-default-executor-1] INFO  impl.RoleInfo (RoleInfo.java:updateAndGet(143)) - 24020d0b-ce61-4f5a-b0b0-c561541e8cd4: start FollowerState
2019-10-17 07:43:31,805 [Thread-1760] INFO  impl.FollowerState (FollowerState.java:run(117)) - 24020d0b-ce61-4f5a-b0b0-c561541e8cd4@group-A9EE991D717F-FollowerState was interrupted: java.lang.InterruptedException: sleep interrupted
2019-10-17 07:43:31,828 [2a93f7e5-ecb9-41da-9c47-70e13ba76d7d@group-A9EE991D717F-LeaderElection201] INFO  impl.LeaderElection (LeaderElection.java:logAndReturn(56)) - 2a93f7e5-ecb9-41da-9c47-70e13ba76d7d@group-A9EE991D717F-LeaderElection201: Election REJECTED; received 2 response(s) [2a93f7e5-ecb9-41da-9c47-70e13ba76d7d<-37bd8e8c-ea68-4b1c-8659-8d001c4f3b5c#0:FAIL-t210, 2a93f7e5-ecb9-41da-9c47-70e13ba76d7d<-24020d0b-ce61-4f5a-b0b0-c561541e8cd4#0:FAIL-t210] and 0 exception(s); 2a93f7e5-ecb9-41da-9c47-70e13ba76d7d@group-A9EE991D717F:t210, leader=null, voted=2a93f7e5-ecb9-41da-9c47-70e13ba76d7d, raftlog=2a93f7e5-ecb9-41da-9c47-70e13ba76d7d@group-A9EE991D717F-SegmentedRaftLog:OPENED:c-1,f0,i0, conf=0: [37bd8e8c-ea68-4b1c-8659-8d001c4f3b5c:192.168.34.62:41632, 24020d0b-ce61-4f5a-b0b0-c561541e8cd4:192.168.34.62:42892, 2a93f7e5-ecb9-41da-9c47-70e13ba76d7d:192.168.34.62:35412], old=null
2019-10-17 07:43:31,828 [2a93f7e5-ecb9-41da-9c47-70e13ba76d7d@group-A9EE991D717F-LeaderElection201] INFO  impl.RaftServerImpl (RaftServerImpl.java:setRole(184)) - 2a93f7e5-ecb9-41da-9c47-70e13ba76d7d@group-A9EE991D717F: changes role from CANDIDATE to FOLLOWER at term 210 for DISCOVERED_A_NEW_TERM
2019-10-17 07:43:31,828 [2a93f7e5-ecb9-41da-9c47-70e13ba76d7d@group-A9EE991D717F-LeaderElection201] INFO  impl.RoleInfo (RoleInfo.java:shutdownLeaderElection(134)) - 2a93f7e5-ecb9-41da-9c47-70e13ba76d7d: shutdown LeaderElection
2019-10-17 07:43:31,828 [2a93f7e5-ecb9-41da-9c47-70e13ba76d7d@group-A9EE991D717F-LeaderElection201] INFO  impl.RoleInfo (RoleInfo.java:updateAndGet(143)) - 2a93f7e5-ecb9-41da-9c47-70e13ba76d7d: start FollowerState
2019-10-17 07:43:31,933 [Thread-1765] INFO  impl.FollowerState (FollowerState.java:run(108)) - 2a93f7e5-ecb9-41da-9c47-70e13ba76d7d@group-A9EE991D717F-FollowerState: change to CANDIDATE, lastRpcTime:104ms, electionTimeout:104ms
2019-10-17 07:43:31,933 [Thread-1765] INFO  impl.RoleInfo (RoleInfo.java:shutdownFollowerState(121)) - 2a93f7e5-ecb9-41da-9c47-70e13ba76d7d: shutdown FollowerState
2019-10-17 07:43:31,933 [Thread-1765] INFO  impl.RaftServerImpl (RaftServerImpl.java:setRole(184)) - 2a93f7e5-ecb9-41da-9c47-70e13ba76d7d@group-A9EE991D717F: changes role from  FOLLOWER to CANDIDATE at term 210 for changeToCandidate
2019-10-17 07:43:31,934 [Thread-1765] INFO  impl.RoleInfo (RoleInfo.java:updateAndGet(143)) - 2a93f7e5-ecb9-41da-9c47-70e13ba76d7d: start LeaderElection
2019-10-17 07:43:31,961 [2a93f7e5-ecb9-41da-9c47-70e13ba76d7d@group-A9EE991D717F-LeaderElection202] INFO  impl.LeaderElection (LeaderElection.java:askForVotes(178)) - 2a93f7e5-ecb9-41da-9c47-70e13ba76d7d@group-A9EE991D717F-LeaderElection202: begin an election at term 211 for 0: [37bd8e8c-ea68-4b1c-8659-8d001c4f3b5c:192.168.34.62:41632, 24020d0b-ce61-4f5a-b0b0-c561541e8cd4:192.168.34.62:42892, 2a93f7e5-ecb9-41da-9c47-70e13ba76d7d:192.168.34.62:35412], old=null
2019-10-17 07:43:31,963 [grpc-default-executor-1] INFO  impl.RaftServerImpl (RaftServerImpl.java:setRole(184)) - 37bd8e8c-ea68-4b1c-8659-8d001c4f3b5c@group-A9EE991D717F: changes role from  FOLLOWER to FOLLOWER at term 211 for recognizeCandidate:2a93f7e5-ecb9-41da-9c47-70e13ba76d7d
2019-10-17 07:43:31,963 [grpc-default-executor-1] INFO  impl.RoleInfo (RoleInfo.java:shutdownFollowerState(121)) - 37bd8e8c-ea68-4b1c-8659-8d001c4f3b5c: shutdown FollowerState
2019-10-17 07:43:31,963 [grpc-default-executor-0] INFO  impl.RaftServerImpl (RaftServerImpl.java:setRole(184)) - 24020d0b-ce61-4f5a-b0b0-c561541e8cd4@group-A9EE991D717F: changes role from  FOLLOWER to FOLLOWER at term 211 for recognizeCandidate:2a93f7e5-ecb9-41da-9c47-70e13ba76d7d
2019-10-17 07:43:31,964 [Thread-1763] INFO  impl.FollowerState (FollowerState.java:run(117)) - 37bd8e8c-ea68-4b1c-8659-8d001c4f3b5c@group-A9EE991D717F-FollowerState was interrupted: java.lang.InterruptedException: sleep interrupted
2019-10-17 07:43:31,963 [grpc-default-executor-1] INFO  impl.RoleInfo (RoleInfo.java:updateAndGet(143)) - 37bd8e8c-ea68-4b1c-8659-8d001c4f3b5c: start FollowerState
2019-10-17 07:43:31,964 [grpc-default-executor-0] INFO  impl.RoleInfo (RoleInfo.java:shutdownFollowerState(121)) - 24020d0b-ce61-4f5a-b0b0-c561541e8cd4: shutdown FollowerState
2019-10-17 07:43:31,964 [grpc-default-executor-0] INFO  impl.RoleInfo (RoleInfo.java:updateAndGet(143)) - 24020d0b-ce61-4f5a-b0b0-c561541e8cd4: start FollowerState
2019-10-17 07:43:31,964 [Thread-1764] INFO  impl.FollowerState (FollowerState.java:run(117)) - 24020d0b-ce61-4f5a-b0b0-c561541e8cd4@group-A9EE991D717F-FollowerState was interrupted: java.lang.InterruptedException: sleep interrupted
2019-10-17 07:43:31,988 [2a93f7e5-ecb9-41da-9c47-70e13ba76d7d@group-A9EE991D717F-LeaderElection202] INFO  impl.LeaderElection (LeaderElection.java:logAndReturn(56)) - 2a93f7e5-ecb9-41da-9c47-70e13ba76d7d@group-A9EE991D717F-LeaderElection202: Election TIMEOUT; received 0 response(s) [] and 0 exception(s); 2a93f7e5-ecb9-41da-9c47-70e13ba76d7d@group-A9EE991D717F:t211, leader=null, voted=2a93f7e5-ecb9-41da-9c47-70e13ba76d7d, raftlog=2a93f7e5-ecb9-41da-9c47-70e13ba76d7d@group-A9EE991D717F-SegmentedRaftLog:OPENED:c-1,f0,i0, conf=0: [37bd8e8c-ea68-4b1c-8659-8d001c4f3b5c:192.168.34.62:41632, 24020d0b-ce61-4f5a-b0b0-c561541e8cd4:192.168.34.62:42892, 2a93f7e5-ecb9-41da-9c47-70e13ba76d7d:192.168.34.62:35412], old=null
2019-10-17 07:43:32,012 [2a93f7e5-ecb9-41da-9c47-70e13ba76d7d@group-A9EE991D717F-LeaderElection202] INFO  impl.LeaderElection (LeaderElection.java:askForVotes(178)) - 2a93f7e5-ecb9-41da-9c47-70e13ba76d7d@group-A9EE991D717F-LeaderElection202: begin an election at term 212 for 0: [37bd8e8c-ea68-4b1c-8659-8d001c4f3b5c:192.168.34.62:41632, 24020d0b-ce61-4f5a-b0b0-c561541e8cd4:192.168.34.62:42892, 2a93f7e5-ecb9-41da-9c47-70e13ba76d7d:192.168.34.62:35412], old=null
2019-10-17 07:43:32,014 [grpc-default-executor-0] INFO  impl.RaftServerImpl (RaftServerImpl.java:setRole(184)) - 37bd8e8c-ea68-4b1c-8659-8d001c4f3b5c@group-A9EE991D717F: changes role from  FOLLOWER to FOLLOWER at term 212 for recognizeCandidate:2a93f7e5-ecb9-41da-9c47-70e13ba76d7d
2019-10-17 07:43:32,014 [grpc-default-executor-0] INFO  impl.RoleInfo (RoleInfo.java:shutdownFollowerState(121)) - 37bd8e8c-ea68-4b1c-8659-8d001c4f3b5c: shutdown FollowerState
2019-10-17 07:43:32,014 [grpc-default-executor-1] INFO  impl.RaftServerImpl (RaftServerImpl.java:setRole(184)) - 24020d0b-ce61-4f5a-b0b0-c561541e8cd4@group-A9EE991D717F: changes role from  FOLLOWER to FOLLOWER at term 212 for recognizeCandidate:2a93f7e5-ecb9-41da-9c47-70e13ba76d7d
2019-10-17 07:43:32,014 [Thread-1769] INFO  impl.FollowerState (FollowerState.java:run(117)) - 37bd8e8c-ea68-4b1c-8659-8d001c4f3b5c@group-A9EE991D717F-FollowerState was interrupted: java.lang.InterruptedException: sleep interrupted
2019-10-17 07:43:32,014 [grpc-default-executor-0] INFO  impl.RoleInfo (RoleInfo.java:updateAndGet(143)) - 37bd8e8c-ea68-4b1c-8659-8d001c4f3b5c: start FollowerState
2019-10-17 07:43:32,014 [grpc-default-executor-1] INFO  impl.RoleInfo (RoleInfo.java:shutdownFollowerState(121)) - 24020d0b-ce61-4f5a-b0b0-c561541e8cd4: shutdown FollowerState
2019-10-17 07:43:32,015 [grpc-default-executor-1] INFO  impl.RoleInfo (RoleInfo.java:updateAndGet(143)) - 24020d0b-ce61-4f5a-b0b0-c561541e8cd4: start FollowerState
2019-10-17 07:43:32,015 [Thread-1770] INFO  impl.FollowerState (FollowerState.java:run(117)) - 24020d0b-ce61-4f5a-b0b0-c561541e8cd4@group-A9EE991D717F-FollowerState was interrupted: java.lang.InterruptedException: sleep interrupted
2019-10-17 07:43:32,039 [2a93f7e5-ecb9-41da-9c47-70e13ba76d7d@group-A9EE991D717F-LeaderElection202] INFO  impl.LeaderElection (LeaderElection.java:logAndReturn(56)) - 2a93f7e5-ecb9-41da-9c47-70e13ba76d7d@group-A9EE991D717F-LeaderElection202: Election REJECTED; received 2 response(s) [2a93f7e5-ecb9-41da-9c47-70e13ba76d7d<-37bd8e8c-ea68-4b1c-8659-8d001c4f3b5c#0:FAIL-t212, 2a93f7e5-ecb9-41da-9c47-70e13ba76d7d<-24020d0b-ce61-4f5a-b0b0-c561541e8cd4#0:FAIL-t212] and 0 exception(s); 2a93f7e5-ecb9-41da-9c47-70e13ba76d7d@group-A9EE991D717F:t212, leader=null, voted=2a93f7e5-ecb9-41da-9c47-70e13ba76d7d, raftlog=2a93f7e5-ecb9-41da-9c47-70e13ba76d7d@group-A9EE991D717F-SegmentedRaftLog:OPENED:c-1,f0,i0, conf=0: [37bd8e8c-ea68-4b1c-8659-8d001c4f3b5c:192.168.34.62:41632, 24020d0b-ce61-4f5a-b0b0-c561541e8cd4:192.168.34.62:42892, 2a93f7e5-ecb9-41da-9c47-70e13ba76d7d:192.168.34.62:35412], old=null
2019-10-17 07:43:32,039 [2a93f7e5-ecb9-41da-9c47-70e13ba76d7d@group-A9EE991D717F-LeaderElection202] INFO  impl.RaftServerImpl (RaftServerImpl.java:setRole(184)) - 2a93f7e5-ecb9-41da-9c47-70e13ba76d7d@group-A9EE991D717F: changes role from CANDIDATE to FOLLOWER at term 212 for DISCOVERED_A_NEW_TERM
2019-10-17 07:43:32,039 [2a93f7e5-ecb9-41da-9c47-70e13ba76d7d@group-A9EE991D717F-LeaderElection202] INFO  impl.RoleInfo (RoleInfo.java:shutdownLeaderElection(134)) - 2a93f7e5-ecb9-41da-9c47-70e13ba76d7d: shutdown LeaderElection
2019-10-17 07:43:32,039 [2a93f7e5-ecb9-41da-9c47-70e13ba76d7d@group-A9EE991D717F-LeaderElection202] INFO  impl.RoleInfo (RoleInfo.java:updateAndGet(143)) - 2a93f7e5-ecb9-41da-9c47-70e13ba76d7d: start FollowerState
2019-10-17 07:43:32,195 [Thread-1775] INFO  impl.FollowerState (FollowerState.java:run(108)) - 2a93f7e5-ecb9-41da-9c47-70e13ba76d7d@group-A9EE991D717F-FollowerState: change to CANDIDATE, lastRpcTime:156ms, electionTimeout:156ms
2019-10-17 07:43:32,196 [Thread-1775] INFO  impl.RoleInfo (RoleInfo.java:shutdownFollowerState(121)) - 2a93f7e5-ecb9-41da-9c47-70e13ba76d7d: shutdown FollowerState
2019-10-17 07:43:32,196 [Thread-1775] INFO  impl.RaftServerImpl (RaftServerImpl.java:setRole(184)) - 2a93f7e5-ecb9-41da-9c47-70e13ba76d7d@group-A9EE991D717F: changes role from  FOLLOWER to CANDIDATE at term 212 for changeToCandidate
2019-10-17 07:43:32,196 [Thread-1775] INFO  impl.RoleInfo (RoleInfo.java:updateAndGet(143)) - 2a93f7e5-ecb9-41da-9c47-70e13ba76d7d: start LeaderElection
2019-10-17 07:43:32,231 [2a93f7e5-ecb9-41da-9c47-70e13ba76d7d@group-A9EE991D717F-LeaderElection203] INFO  impl.LeaderElection (LeaderElection.java:askForVotes(178)) - 2a93f7e5-ecb9-41da-9c47-70e13ba76d7d@group-A9EE991D717F-LeaderElection203: begin an election at term 213 for 0: [37bd8e8c-ea68-4b1c-8659-8d001c4f3b5c:192.168.34.62:41632, 24020d0b-ce61-4f5a-b0b0-c561541e8cd4:192.168.34.62:42892, 2a93f7e5-ecb9-41da-9c47-70e13ba76d7d:192.168.34.62:35412], old=null
2019-10-17 07:43:32,233 [grpc-default-executor-0] INFO  impl.RaftServerImpl (RaftServerImpl.java:setRole(184)) - 37bd8e8c-ea68-4b1c-8659-8d001c4f3b5c@group-A9EE991D717F: changes role from  FOLLOWER to FOLLOWER at term 213 for recognizeCandidate:2a93f7e5-ecb9-41da-9c47-70e13ba76d7d
2019-10-17 07:43:32,234 [grpc-default-executor-0] INFO  impl.RoleInfo (RoleInfo.java:shutdownFollowerState(121)) - 37bd8e8c-ea68-4b1c-8659-8d001c4f3b5c: shutdown FollowerState
2019-10-17 07:43:32,233 [grpc-default-executor-1] INFO  impl.RaftServerImpl (RaftServerImpl.java:setRole(184)) - 24020d0b-ce61-4f5a-b0b0-c561541e8cd4@group-A9EE991D717F: changes role from  FOLLOWER to FOLLOWER at term 213 for recognizeCandidate:2a93f7e5-ecb9-41da-9c47-70e13ba76d7d
2019-10-17 07:43:32,234 [Thread-1773] INFO  impl.FollowerState (FollowerState.java:run(117)) - 37bd8e8c-ea68-4b1c-8659-8d001c4f3b5c@group-A9EE991D717F-FollowerState was interrupted: java.lang.InterruptedException: sleep interrupted
2019-10-17 07:43:32,234 [grpc-default-executor-0] INFO  impl.RoleInfo (RoleInfo.java:updateAndGet(143)) - 37bd8e8c-ea68-4b1c-8659-8d001c4f3b5c: start FollowerState
2019-10-17 07:43:32,234 [grpc-default-executor-1] INFO  impl.RoleInfo (RoleInfo.java:shutdownFollowerState(121)) - 24020d0b-ce61-4f5a-b0b0-c561541e8cd4: shutdown FollowerState
2019-10-17 07:43:32,235 [grpc-default-executor-1] INFO  impl.RoleInfo (RoleInfo.java:updateAndGet(143)) - 24020d0b-ce61-4f5a-b0b0-c561541e8cd4: start FollowerState
2019-10-17 07:43:32,235 [Thread-1774] INFO  impl.FollowerState (FollowerState.java:run(117)) - 24020d0b-ce61-4f5a-b0b0-c561541e8cd4@group-A9EE991D717F-FollowerState was interrupted: java.lang.InterruptedException: sleep interrupted
2019-10-17 07:43:32,249 [2a93f7e5-ecb9-41da-9c47-70e13ba76d7d@group-A9EE991D717F-LeaderElection203] INFO  impl.LeaderElection (LeaderElection.java:logAndReturn(56)) - 2a93f7e5-ecb9-41da-9c47-70e13ba76d7d@group-A9EE991D717F-LeaderElection203: Election REJECTED; received 2 response(s) [2a93f7e5-ecb9-41da-9c47-70e13ba76d7d<-37bd8e8c-ea68-4b1c-8659-8d001c4f3b5c#0:FAIL-t213, 2a93f7e5-ecb9-41da-9c47-70e13ba76d7d<-24020d0b-ce61-4f5a-b0b0-c561541e8cd4#0:FAIL-t213] and 0 exception(s); 2a93f7e5-ecb9-41da-9c47-70e13ba76d7d@group-A9EE991D717F:t213, leader=null, voted=2a93f7e5-ecb9-41da-9c47-70e13ba76d7d, raftlog=2a93f7e5-ecb9-41da-9c47-70e13ba76d7d@group-A9EE991D717F-SegmentedRaftLog:OPENED:c-1,f0,i0, conf=0: [37bd8e8c-ea68-4b1c-8659-8d001c4f3b5c:192.168.34.62:41632, 24020d0b-ce61-4f5a-b0b0-c561541e8cd4:192.168.34.62:42892, 2a93f7e5-ecb9-41da-9c47-70e13ba76d7d:192.168.34.62:35412], old=null
2019-10-17 07:43:32,250 [2a93f7e5-ecb9-41da-9c47-70e13ba76d7d@group-A9EE991D717F-LeaderElection203] INFO  impl.RaftServerImpl (RaftServerImpl.java:setRole(184)) - 2a93f7e5-ecb9-41da-9c47-70e13ba76d7d@group-A9EE991D717F: changes role from CANDIDATE to FOLLOWER at term 213 for DISCOVERED_A_NEW_TERM
2019-10-17 07:43:32,250 [2a93f7e5-ecb9-41da-9c47-70e13ba76d7d@group-A9EE991D717F-LeaderElection203] INFO  impl.RoleInfo (RoleInfo.java:shutdownLeaderElection(134)) - 2a93f7e5-ecb9-41da-9c47-70e13ba76d7d: shutdown LeaderElection
2019-10-17 07:43:32,250 [2a93f7e5-ecb9-41da-9c47-70e13ba76d7d@group-A9EE991D717F-LeaderElection203] INFO  impl.RoleInfo (RoleInfo.java:updateAndGet(143)) - 2a93f7e5-ecb9-41da-9c47-70e13ba76d7d: start FollowerState
2019-10-17 07:43:32,255 [Thread-1781] INFO  impl.FollowerState (FollowerState.java:run(108)) - 2a93f7e5-ecb9-41da-9c47-70e13ba76d7d@group-A9EE991D717F-FollowerState: change to CANDIDATE, lastRpcTime:5ms, electionTimeout:5ms
2019-10-17 07:43:32,255 [Thread-1781] INFO  impl.RoleInfo (RoleInfo.java:shutdownFollowerState(121)) - 2a93f7e5-ecb9-41da-9c47-70e13ba76d7d: shutdown FollowerState
2019-10-17 07:43:32,256 [Thread-1781] INFO  impl.RaftServerImpl (RaftServerImpl.java:setRole(184)) - 2a93f7e5-ecb9-41da-9c47-70e13ba76d7d@group-A9EE991D717F: changes role from  FOLLOWER to CANDIDATE at term 213 for changeToCandidate
2019-10-17 07:43:32,256 [Thread-1781] INFO  impl.RoleInfo (RoleInfo.java:updateAndGet(143)) - 2a93f7e5-ecb9-41da-9c47-70e13ba76d7d: start LeaderElection
2019-10-17 07:43:32,279 [2a93f7e5-ecb9-41da-9c47-70e13ba76d7d@group-A9EE991D717F-LeaderElection204] INFO  impl.LeaderElection (LeaderElection.java:askForVotes(178)) - 2a93f7e5-ecb9-41da-9c47-70e13ba76d7d@group-A9EE991D717F-LeaderElection204: begin an election at term 214 for 0: [37bd8e8c-ea68-4b1c-8659-8d001c4f3b5c:192.168.34.62:41632, 24020d0b-ce61-4f5a-b0b0-c561541e8cd4:192.168.34.62:42892, 2a93f7e5-ecb9-41da-9c47-70e13ba76d7d:192.168.34.62:35412], old=null
2019-10-17 07:43:32,281 [grpc-default-executor-1] INFO  impl.RaftServerImpl (RaftServerImpl.java:setRole(184)) - 37bd8e8c-ea68-4b1c-8659-8d001c4f3b5c@group-A9EE991D717F: changes role from  FOLLOWER to FOLLOWER at term 214 for recognizeCandidate:2a93f7e5-ecb9-41da-9c47-70e13ba76d7d
2019-10-17 07:43:32,282 [grpc-default-executor-1] INFO  impl.RoleInfo (RoleInfo.java:shutdownFollowerState(121)) - 37bd8e8c-ea68-4b1c-8659-8d001c4f3b5c: shutdown FollowerState
2019-10-17 07:43:32,282 [grpc-default-executor-1] INFO  impl.RoleInfo (RoleInfo.java:updateAndGet(143)) - 37bd8e8c-ea68-4b1c-8659-8d001c4f3b5c: start FollowerState
2019-10-17 07:43:32,282 [Thread-1779] INFO  impl.FollowerState (FollowerState.java:run(117)) - 37bd8e8c-ea68-4b1c-8659-8d001c4f3b5c@group-A9EE991D717F-FollowerState was interrupted: java.lang.InterruptedException: sleep interrupted
2019-10-17 07:43:32,282 [grpc-default-executor-0] INFO  impl.RaftServerImpl (RaftServerImpl.java:setRole(184)) - 24020d0b-ce61-4f5a-b0b0-c561541e8cd4@group-A9EE991D717F: changes role from  FOLLOWER to FOLLOWER at term 214 for recognizeCandidate:2a93f7e5-ecb9-41da-9c47-70e13ba76d7d
2019-10-17 07:43:32,282 [grpc-default-executor-0] INFO  impl.RoleInfo (RoleInfo.java:shutdownFollowerState(121)) - 24020d0b-ce61-4f5a-b0b0-c561541e8cd4: shutdown FollowerState
2019-10-17 07:43:32,283 [grpc-default-executor-0] INFO  impl.RoleInfo (RoleInfo.java:updateAndGet(143)) - 24020d0b-ce61-4f5a-b0b0-c561541e8cd4: start FollowerState
2019-10-17 07:43:32,283 [Thread-1780] INFO  impl.FollowerState (FollowerState.java:run(117)) - 24020d0b-ce61-4f5a-b0b0-c561541e8cd4@group-A9EE991D717F-FollowerState was interrupted: java.lang.InterruptedException: sleep interrupted
2019-10-17 07:43:32,297 [2a93f7e5-ecb9-41da-9c47-70e13ba76d7d@group-A9EE991D717F-LeaderElection204] INFO  impl.LeaderElection (LeaderElection.java:logAndReturn(56)) - 2a93f7e5-ecb9-41da-9c47-70e13ba76d7d@group-A9EE991D717F-LeaderElection204: Election REJECTED; received 2 response(s) [2a93f7e5-ecb9-41da-9c47-70e13ba76d7d<-37bd8e8c-ea68-4b1c-8659-8d001c4f3b5c#0:FAIL-t214, 2a93f7e5-ecb9-41da-9c47-70e13ba76d7d<-24020d0b-ce61-4f5a-b0b0-c561541e8cd4#0:FAIL-t214] and 0 exception(s); 2a93f7e5-ecb9-41da-9c47-70e13ba76d7d@group-A9EE991D717F:t214, leader=null, voted=2a93f7e5-ecb9-41da-9c47-70e13ba76d7d, raftlog=2a93f7e5-ecb9-41da-9c47-70e13ba76d7d@group-A9EE991D717F-SegmentedRaftLog:OPENED:c-1,f0,i0, conf=0: [37bd8e8c-ea68-4b1c-8659-8d001c4f3b5c:192.168.34.62:41632, 24020d0b-ce61-4f5a-b0b0-c561541e8cd4:192.168.34.62:42892, 2a93f7e5-ecb9-41da-9c47-70e13ba76d7d:192.168.34.62:35412], old=null
2019-10-17 07:43:32,297 [2a93f7e5-ecb9-41da-9c47-70e13ba76d7d@group-A9EE991D717F-LeaderElection204] INFO  impl.RaftServerImpl (RaftServerImpl.java:setRole(184)) - 2a93f7e5-ecb9-41da-9c47-70e13ba76d7d@group-A9EE991D717F: changes role from CANDIDATE to FOLLOWER at term 214 for DISCOVERED_A_NEW_TERM
2019-10-17 07:43:32,297 [2a93f7e5-ecb9-41da-9c47-70e13ba76d7d@group-A9EE991D717F-LeaderElection204] INFO  impl.RoleInfo (RoleInfo.java:shutdownLeaderElection(134)) - 2a93f7e5-ecb9-41da-9c47-70e13ba76d7d: shutdown LeaderElection
2019-10-17 07:43:32,297 [2a93f7e5-ecb9-41da-9c47-70e13ba76d7d@group-A9EE991D717F-LeaderElection204] INFO  impl.RoleInfo (RoleInfo.java:updateAndGet(143)) - 2a93f7e5-ecb9-41da-9c47-70e13ba76d7d: start FollowerState
2019-10-17 07:43:32,433 [Thread-1787] INFO  impl.FollowerState (FollowerState.java:run(108)) - 2a93f7e5-ecb9-41da-9c47-70e13ba76d7d@group-A9EE991D717F-FollowerState: change to CANDIDATE, lastRpcTime:135ms, electionTimeout:135ms
2019-10-17 07:43:32,433 [Thread-1787] INFO  impl.RoleInfo (RoleInfo.java:shutdownFollowerState(121)) - 2a93f7e5-ecb9-41da-9c47-70e13ba76d7d: shutdown FollowerState
2019-10-17 07:43:32,433 [Thread-1787] INFO  impl.RaftServerImpl (RaftServerImpl.java:setRole(184)) - 2a93f7e5-ecb9-41da-9c47-70e13ba76d7d@group-A9EE991D717F: changes role from  FOLLOWER to CANDIDATE at term 214 for changeToCandidate
2019-10-17 07:43:32,433 [Thread-1787] INFO  impl.RoleInfo (RoleInfo.java:updateAndGet(143)) - 2a93f7e5-ecb9-41da-9c47-70e13ba76d7d: start LeaderElection
2019-10-17 07:43:32,457 [2a93f7e5-ecb9-41da-9c47-70e13ba76d7d@group-A9EE991D717F-LeaderElection205] INFO  impl.LeaderElection (LeaderElection.java:askForVotes(178)) - 2a93f7e5-ecb9-41da-9c47-70e13ba76d7d@group-A9EE991D717F-LeaderElection205: begin an election at term 215 for 0: [37bd8e8c-ea68-4b1c-8659-8d001c4f3b5c:192.168.34.62:41632, 24020d0b-ce61-4f5a-b0b0-c561541e8cd4:192.168.34.62:42892, 2a93f7e5-ecb9-41da-9c47-70e13ba76d7d:192.168.34.62:35412], old=null
2019-10-17 07:43:32,459 [grpc-default-executor-0] INFO  impl.RaftServerImpl (RaftServerImpl.java:setRole(184)) - 37bd8e8c-ea68-4b1c-8659-8d001c4f3b5c@group-A9EE991D717F: changes role from  FOLLOWER to FOLLOWER at term 215 for recognizeCandidate:2a93f7e5-ecb9-41da-9c47-70e13ba76d7d
2019-10-17 07:43:32,460 [grpc-default-executor-0] INFO  impl.RoleInfo (RoleInfo.java:shutdownFollowerState(121)) - 37bd8e8c-ea68-4b1c-8659-8d001c4f3b5c: shutdown FollowerState
2019-10-17 07:43:32,460 [grpc-default-executor-0] INFO  impl.RoleInfo (RoleInfo.java:updateAndGet(143)) - 37bd8e8c-ea68-4b1c-8659-8d001c4f3b5c: start FollowerState
2019-10-17 07:43:32,460 [grpc-default-executor-1] INFO  impl.RaftServerImpl (RaftServerImpl.java:setRole(184)) - 24020d0b-ce61-4f5a-b0b0-c561541e8cd4@group-A9EE991D717F: changes role from  FOLLOWER to FOLLOWER at term 215 for recognizeCandidate:2a93f7e5-ecb9-41da-9c47-70e13ba76d7d
2019-10-17 07:43:32,460 [Thread-1785] INFO  impl.FollowerState (FollowerState.java:run(117)) - 37bd8e8c-ea68-4b1c-8659-8d001c4f3b5c@group-A9EE991D717F-FollowerState was interrupted: java.lang.InterruptedException: sleep interrupted
2019-10-17 07:43:32,460 [grpc-default-executor-1] INFO  impl.RoleInfo (RoleInfo.java:shutdownFollowerState(121)) - 24020d0b-ce61-4f5a-b0b0-c561541e8cd4: shutdown FollowerState
2019-10-17 07:43:32,461 [grpc-default-executor-1] INFO  impl.RoleInfo (RoleInfo.java:updateAndGet(143)) - 24020d0b-ce61-4f5a-b0b0-c561541e8cd4: start FollowerState
2019-10-17 07:43:32,461 [Thread-1786] INFO  impl.FollowerState (FollowerState.java:run(117)) - 24020d0b-ce61-4f5a-b0b0-c561541e8cd4@group-A9EE991D717F-FollowerState was interrupted: java.lang.InterruptedException: sleep interrupted
2019-10-17 07:43:32,478 [2a93f7e5-ecb9-41da-9c47-70e13ba76d7d@group-A9EE991D717F-LeaderElection205] INFO  impl.LeaderElection (LeaderElection.java:logAndReturn(56)) - 2a93f7e5-ecb9-41da-9c47-70e13ba76d7d@group-A9EE991D717F-LeaderElection205: Election REJECTED; received 2 response(s) [2a93f7e5-ecb9-41da-9c47-70e13ba76d7d<-37bd8e8c-ea68-4b1c-8659-8d001c4f3b5c#0:FAIL-t215, 2a93f7e5-ecb9-41da-9c47-70e13ba76d7d<-24020d0b-ce61-4f5a-b0b0-c561541e8cd4#0:FAIL-t215] and 0 exception(s); 2a93f7e5-ecb9-41da-9c47-70e13ba76d7d@group-A9EE991D717F:t215, leader=null, voted=2a93f7e5-ecb9-41da-9c47-70e13ba76d7d, raftlog=2a93f7e5-ecb9-41da-9c47-70e13ba76d7d@group-A9EE991D717F-SegmentedRaftLog:OPENED:c-1,f0,i0, conf=0: [37bd8e8c-ea68-4b1c-8659-8d001c4f3b5c:192.168.34.62:41632, 24020d0b-ce61-4f5a-b0b0-c561541e8cd4:192.168.34.62:42892, 2a93f7e5-ecb9-41da-9c47-70e13ba76d7d:192.168.34.62:35412], old=null
2019-10-17 07:43:32,478 [2a93f7e5-ecb9-41da-9c47-70e13ba76d7d@group-A9EE991D717F-LeaderElection205] INFO  impl.RaftServerImpl (RaftServerImpl.java:setRole(184)) - 2a93f7e5-ecb9-41da-9c47-70e13ba76d7d@group-A9EE991D717F: changes role from CANDIDATE to FOLLOWER at term 215 for DISCOVERED_A_NEW_TERM
2019-10-17 07:43:32,478 [2a93f7e5-ecb9-41da-9c47-70e13ba76d7d@group-A9EE991D717F-LeaderElection205] INFO  impl.RoleInfo (RoleInfo.java:shutdownLeaderElection(134)) - 2a93f7e5-ecb9-41da-9c47-70e13ba76d7d: shutdown LeaderElection
2019-10-17 07:43:32,479 [2a93f7e5-ecb9-41da-9c47-70e13ba76d7d@group-A9EE991D717F-LeaderElection205] INFO  impl.RoleInfo (RoleInfo.java:updateAndGet(143)) - 2a93f7e5-ecb9-41da-9c47-70e13ba76d7d: start FollowerState
2019-10-17 07:43:32,532 [Thread-1793] INFO  impl.FollowerState (FollowerState.java:run(108)) - 2a93f7e5-ecb9-41da-9c47-70e13ba76d7d@group-A9EE991D717F-FollowerState: change to CANDIDATE, lastRpcTime:53ms, electionTimeout:53ms
2019-10-17 07:43:32,532 [Thread-1793] INFO  impl.RoleInfo (RoleInfo.java:shutdownFollowerState(121)) - 2a93f7e5-ecb9-41da-9c47-70e13ba76d7d: shutdown FollowerState
2019-10-17 07:43:32,532 [Thread-1793] INFO  impl.RaftServerImpl (RaftServerImpl.java:setRole(184)) - 2a93f7e5-ecb9-41da-9c47-70e13ba76d7d@group-A9EE991D717F: changes role from  FOLLOWER to CANDIDATE at term 215 for changeToCandidate
2019-10-17 07:43:32,533 [Thread-1793] INFO  impl.RoleInfo (RoleInfo.java:updateAndGet(143)) - 2a93f7e5-ecb9-41da-9c47-70e13ba76d7d: start LeaderElection
2019-10-17 07:43:32,546 [2a93f7e5-ecb9-41da-9c47-70e13ba76d7d@group-A9EE991D717F-LeaderElection206] INFO  impl.LeaderElection (LeaderElection.java:askForVotes(178)) - 2a93f7e5-ecb9-41da-9c47-70e13ba76d7d@group-A9EE991D717F-LeaderElection206: begin an election at term 216 for 0: [37bd8e8c-ea68-4b1c-8659-8d001c4f3b5c:192.168.34.62:41632, 24020d0b-ce61-4f5a-b0b0-c561541e8cd4:192.168.34.62:42892, 2a93f7e5-ecb9-41da-9c47-70e13ba76d7d:192.168.34.62:35412], old=null
2019-10-17 07:43:32,548 [grpc-default-executor-1] INFO  impl.RaftServerImpl (RaftServerImpl.java:setRole(184)) - 37bd8e8c-ea68-4b1c-8659-8d001c4f3b5c@group-A9EE991D717F: changes role from  FOLLOWER to FOLLOWER at term 216 for recognizeCandidate:2a93f7e5-ecb9-41da-9c47-70e13ba76d7d
2019-10-17 07:43:32,548 [grpc-default-executor-1] INFO  impl.RoleInfo (RoleInfo.java:shutdownFollowerState(121)) - 37bd8e8c-ea68-4b1c-8659-8d001c4f3b5c: shutdown FollowerState
2019-10-17 07:43:32,548 [grpc-default-executor-0] INFO  impl.RaftServerImpl (RaftServerImpl.java:setRole(184)) - 24020d0b-ce61-4f5a-b0b0-c561541e8cd4@group-A9EE991D717F: changes role from  FOLLOWER to FOLLOWER at term 216 for recognizeCandidate:2a93f7e5-ecb9-41da-9c47-70e13ba76d7d
2019-10-17 07:43:32,548 [Thread-1791] INFO  impl.FollowerState (FollowerState.java:run(117)) - 37bd8e8c-ea68-4b1c-8659-8d001c4f3b5c@group-A9EE991D717F-FollowerState was interrupted: java.lang.InterruptedException: sleep interrupted
2019-10-17 07:43:32,548 [grpc-default-executor-1] INFO  impl.RoleInfo (RoleInfo.java:updateAndGet(143)) - 37bd8e8c-ea68-4b1c-8659-8d001c4f3b5c: start FollowerState
2019-10-17 07:43:32,548 [grpc-default-executor-0] INFO  impl.RoleInfo (RoleInfo.java:shutdownFollowerState(121)) - 24020d0b-ce61-4f5a-b0b0-c561541e8cd4: shutdown FollowerState
2019-10-17 07:43:32,549 [grpc-default-executor-0] INFO  impl.RoleInfo (RoleInfo.java:updateAndGet(143)) - 24020d0b-ce61-4f5a-b0b0-c561541e8cd4: start FollowerState
2019-10-17 07:43:32,549 [Thread-1792] INFO  impl.FollowerState (FollowerState.java:run(117)) - 24020d0b-ce61-4f5a-b0b0-c561541e8cd4@group-A9EE991D717F-FollowerState was interrupted: java.lang.InterruptedException: sleep interrupted
2019-10-17 07:43:32,564 [2a93f7e5-ecb9-41da-9c47-70e13ba76d7d@group-A9EE991D717F-LeaderElection206] INFO  impl.LeaderElection (LeaderElection.java:logAndReturn(56)) - 2a93f7e5-ecb9-41da-9c47-70e13ba76d7d@group-A9EE991D717F-LeaderElection206: Election TIMEOUT; received 0 response(s) [] and 0 exception(s); 2a93f7e5-ecb9-41da-9c47-70e13ba76d7d@group-A9EE991D717F:t216, leader=null, voted=2a93f7e5-ecb9-41da-9c47-70e13ba76d7d, raftlog=2a93f7e5-ecb9-41da-9c47-70e13ba76d7d@group-A9EE991D717F-SegmentedRaftLog:OPENED:c-1,f0,i0, conf=0: [37bd8e8c-ea68-4b1c-8659-8d001c4f3b5c:192.168.34.62:41632, 24020d0b-ce61-4f5a-b0b0-c561541e8cd4:192.168.34.62:42892, 2a93f7e5-ecb9-41da-9c47-70e13ba76d7d:192.168.34.62:35412], old=null
2019-10-17 07:43:32,595 [2a93f7e5-ecb9-41da-9c47-70e13ba76d7d@group-A9EE991D717F-LeaderElection206] INFO  impl.LeaderElection (LeaderElection.java:askForVotes(178)) - 2a93f7e5-ecb9-41da-9c47-70e13ba76d7d@group-A9EE991D717F-LeaderElection206: begin an election at term 217 for 0: [37bd8e8c-ea68-4b1c-8659-8d001c4f3b5c:192.168.34.62:41632, 24020d0b-ce61-4f5a-b0b0-c561541e8cd4:192.168.34.62:42892, 2a93f7e5-ecb9-41da-9c47-70e13ba76d7d:192.168.34.62:35412], old=null
2019-10-17 07:43:32,597 [grpc-default-executor-0] INFO  impl.RaftServerImpl (RaftServerImpl.java:setRole(184)) - 37bd8e8c-ea68-4b1c-8659-8d001c4f3b5c@group-A9EE991D717F: changes role from  FOLLOWER to FOLLOWER at term 217 for recognizeCandidate:2a93f7e5-ecb9-41da-9c47-70e13ba76d7d
2019-10-17 07:43:32,597 [grpc-default-executor-0] INFO  impl.RoleInfo (RoleInfo.java:shutdownFollowerState(121)) - 37bd8e8c-ea68-4b1c-8659-8d001c4f3b5c: shutdown FollowerState
2019-10-17 07:43:32,598 [grpc-default-executor-0] INFO  impl.RoleInfo (RoleInfo.java:updateAndGet(143)) - 37bd8e8c-ea68-4b1c-8659-8d001c4f3b5c: start FollowerState
2019-10-17 07:43:32,598 [Thread-1797] INFO  impl.FollowerState (FollowerState.java:run(117)) - 37bd8e8c-ea68-4b1c-8659-8d001c4f3b5c@group-A9EE991D717F-FollowerState was interrupted: java.lang.InterruptedException: sleep interrupted
2019-10-17 07:43:32,598 [grpc-default-executor-1] INFO  impl.RaftServerImpl (RaftServerImpl.java:setRole(184)) - 24020d0b-ce61-4f5a-b0b0-c561541e8cd4@group-A9EE991D717F: changes role from  FOLLOWER to FOLLOWER at term 217 for recognizeCandidate:2a93f7e5-ecb9-41da-9c47-70e13ba76d7d
2019-10-17 07:43:32,598 [grpc-default-executor-1] INFO  impl.RoleInfo (RoleInfo.java:shutdownFollowerState(121)) - 24020d0b-ce61-4f5a-b0b0-c561541e8cd4: shutdown FollowerState
2019-10-17 07:43:32,598 [grpc-default-executor-1] INFO  impl.RoleInfo (RoleInfo.java:updateAndGet(143)) - 24020d0b-ce61-4f5a-b0b0-c561541e8cd4: start FollowerState
2019-10-17 07:43:32,598 [Thread-1798] INFO  impl.FollowerState (FollowerState.java:run(117)) - 24020d0b-ce61-4f5a-b0b0-c561541e8cd4@group-A9EE991D717F-FollowerState was interrupted: java.lang.InterruptedException: sleep interrupted
2019-10-17 07:43:32,612 [2a93f7e5-ecb9-41da-9c47-70e13ba76d7d@group-A9EE991D717F-LeaderElection206] INFO  impl.LeaderElection (LeaderElection.java:logAndReturn(56)) - 2a93f7e5-ecb9-41da-9c47-70e13ba76d7d@group-A9EE991D717F-LeaderElection206: Election REJECTED; received 2 response(s) [2a93f7e5-ecb9-41da-9c47-70e13ba76d7d<-37bd8e8c-ea68-4b1c-8659-8d001c4f3b5c#0:FAIL-t217, 2a93f7e5-ecb9-41da-9c47-70e13ba76d7d<-24020d0b-ce61-4f5a-b0b0-c561541e8cd4#0:FAIL-t217] and 0 exception(s); 2a93f7e5-ecb9-41da-9c47-70e13ba76d7d@group-A9EE991D717F:t217, leader=null, voted=2a93f7e5-ecb9-41da-9c47-70e13ba76d7d, raftlog=2a93f7e5-ecb9-41da-9c47-70e13ba76d7d@group-A9EE991D717F-SegmentedRaftLog:OPENED:c-1,f0,i0, conf=0: [37bd8e8c-ea68-4b1c-8659-8d001c4f3b5c:192.168.34.62:41632, 24020d0b-ce61-4f5a-b0b0-c561541e8cd4:192.168.34.62:42892, 2a93f7e5-ecb9-41da-9c47-70e13ba76d7d:192.168.34.62:35412], old=null
2019-10-17 07:43:32,612 [2a93f7e5-ecb9-41da-9c47-70e13ba76d7d@group-A9EE991D717F-LeaderElection206] INFO  impl.RaftServerImpl (RaftServerImpl.java:setRole(184)) - 2a93f7e5-ecb9-41da-9c47-70e13ba76d7d@group-A9EE991D717F: changes role from CANDIDATE to FOLLOWER at term 217 for DISCOVERED_A_NEW_TERM
2019-10-17 07:43:32,612 [2a93f7e5-ecb9-41da-9c47-70e13ba76d7d@group-A9EE991D717F-LeaderElection206] INFO  impl.RoleInfo (RoleInfo.java:shutdownLeaderElection(134)) - 2a93f7e5-ecb9-41da-9c47-70e13ba76d7d: shutdown LeaderElection
2019-10-17 07:43:32,613 [2a93f7e5-ecb9-41da-9c47-70e13ba76d7d@group-A9EE991D717F-LeaderElection206] INFO  impl.RoleInfo (RoleInfo.java:updateAndGet(143)) - 2a93f7e5-ecb9-41da-9c47-70e13ba76d7d: start FollowerState
2019-10-17 07:43:32,676 [Thread-1803] INFO  impl.FollowerState (FollowerState.java:run(108)) - 2a93f7e5-ecb9-41da-9c47-70e13ba76d7d@group-A9EE991D717F-FollowerState: change to CANDIDATE, lastRpcTime:63ms, electionTimeout:63ms
2019-10-17 07:43:32,676 [Thread-1803] INFO  impl.RoleInfo (RoleInfo.java:shutdownFollowerState(121)) - 2a93f7e5-ecb9-41da-9c47-70e13ba76d7d: shutdown FollowerState
2019-10-17 07:43:32,676 [Thread-1803] INFO  impl.RaftServerImpl (RaftServerImpl.java:setRole(184)) - 2a93f7e5-ecb9-41da-9c47-70e13ba76d7d@group-A9EE991D717F: changes role from  FOLLOWER to CANDIDATE at term 217 for changeToCandidate
2019-10-17 07:43:32,677 [Thread-1803] INFO  impl.RoleInfo (RoleInfo.java:updateAndGet(143)) - 2a93f7e5-ecb9-41da-9c47-70e13ba76d7d: start LeaderElection
2019-10-17 07:43:32,701 [2a93f7e5-ecb9-41da-9c47-70e13ba76d7d@group-A9EE991D717F-LeaderElection207] INFO  impl.LeaderElection (LeaderElection.java:askForVotes(178)) - 2a93f7e5-ecb9-41da-9c47-70e13ba76d7d@group-A9EE991D717F-LeaderElection207: begin an election at term 218 for 0: [37bd8e8c-ea68-4b1c-8659-8d001c4f3b5c:192.168.34.62:41632, 24020d0b-ce61-4f5a-b0b0-c561541e8cd4:192.168.34.62:42892, 2a93f7e5-ecb9-41da-9c47-70e13ba76d7d:192.168.34.62:35412], old=null
2019-10-17 07:43:32,703 [grpc-default-executor-0] INFO  impl.RaftServerImpl (RaftServerImpl.java:setRole(184)) - 37bd8e8c-ea68-4b1c-8659-8d001c4f3b5c@group-A9EE991D717F: changes role from  FOLLOWER to FOLLOWER at term 218 for recognizeCandidate:2a93f7e5-ecb9-41da-9c47-70e13ba76d7d
2019-10-17 07:43:32,703 [grpc-default-executor-0] INFO  impl.RoleInfo (RoleInfo.java:shutdownFollowerState(121)) - 37bd8e8c-ea68-4b1c-8659-8d001c4f3b5c: shutdown FollowerState
2019-10-17 07:43:32,703 [grpc-default-executor-0] INFO  impl.RoleInfo (RoleInfo.java:updateAndGet(143)) - 37bd8e8c-ea68-4b1c-8659-8d001c4f3b5c: start FollowerState
2019-10-17 07:43:32,703 [Thread-1801] INFO  impl.FollowerState (FollowerState.java:run(117)) - 37bd8e8c-ea68-4b1c-8659-8d001c4f3b5c@group-A9EE991D717F-FollowerState was interrupted: java.lang.InterruptedException: sleep interrupted
2019-10-17 07:43:32,703 [grpc-default-executor-1] INFO  impl.RaftServerImpl (RaftServerImpl.java:setRole(184)) - 24020d0b-ce61-4f5a-b0b0-c561541e8cd4@group-A9EE991D717F: changes role from  FOLLOWER to FOLLOWER at term 218 for recognizeCandidate:2a93f7e5-ecb9-41da-9c47-70e13ba76d7d
2019-10-17 07:43:32,704 [grpc-default-executor-1] INFO  impl.RoleInfo (RoleInfo.java:shutdownFollowerState(121)) - 24020d0b-ce61-4f5a-b0b0-c561541e8cd4: shutdown FollowerState
2019-10-17 07:43:32,704 [grpc-default-executor-1] INFO  impl.RoleInfo (RoleInfo.java:updateAndGet(143)) - 24020d0b-ce61-4f5a-b0b0-c561541e8cd4: start FollowerState
2019-10-17 07:43:32,704 [Thread-1802] INFO  impl.FollowerState (FollowerState.java:run(117)) - 24020d0b-ce61-4f5a-b0b0-c561541e8cd4@group-A9EE991D717F-FollowerState was interrupted: java.lang.InterruptedException: sleep interrupted
2019-10-17 07:43:32,725 [2a93f7e5-ecb9-41da-9c47-70e13ba76d7d@group-A9EE991D717F-LeaderElection207] INFO  impl.LeaderElection (LeaderElection.java:logAndReturn(56)) - 2a93f7e5-ecb9-41da-9c47-70e13ba76d7d@group-A9EE991D717F-LeaderElection207: Election REJECTED; received 2 response(s) [2a93f7e5-ecb9-41da-9c47-70e13ba76d7d<-37bd8e8c-ea68-4b1c-8659-8d001c4f3b5c#0:FAIL-t218, 2a93f7e5-ecb9-41da-9c47-70e13ba76d7d<-24020d0b-ce61-4f5a-b0b0-c561541e8cd4#0:FAIL-t218] and 0 exception(s); 2a93f7e5-ecb9-41da-9c47-70e13ba76d7d@group-A9EE991D717F:t218, leader=null, voted=2a93f7e5-ecb9-41da-9c47-70e13ba76d7d, raftlog=2a93f7e5-ecb9-41da-9c47-70e13ba76d7d@group-A9EE991D717F-SegmentedRaftLog:OPENED:c-1,f0,i0, conf=0: [37bd8e8c-ea68-4b1c-8659-8d001c4f3b5c:192.168.34.62:41632, 24020d0b-ce61-4f5a-b0b0-c561541e8cd4:192.168.34.62:42892, 2a93f7e5-ecb9-41da-9c47-70e13ba76d7d:192.168.34.62:35412], old=null
2019-10-17 07:43:32,725 [2a93f7e5-ecb9-41da-9c47-70e13ba76d7d@group-A9EE991D717F-LeaderElection207] INFO  impl.RaftServerImpl (RaftServerImpl.java:setRole(184)) - 2a93f7e5-ecb9-41da-9c47-70e13ba76d7d@group-A9EE991D717F: changes role from CANDIDATE to FOLLOWER at term 218 for DISCOVERED_A_NEW_TERM
2019-10-17 07:43:32,725 [2a93f7e5-ecb9-41da-9c47-70e13ba76d7d@group-A9EE991D717F-LeaderElection207] INFO  impl.RoleInfo (RoleInfo.java:shutdownLeaderElection(134)) - 2a93f7e5-ecb9-41da-9c47-70e13ba76d7d: shutdown LeaderElection
2019-10-17 07:43:32,725 [2a93f7e5-ecb9-41da-9c47-70e13ba76d7d@group-A9EE991D717F-LeaderElection207] INFO  impl.RoleInfo (RoleInfo.java:updateAndGet(143)) - 2a93f7e5-ecb9-41da-9c47-70e13ba76d7d: start FollowerState
2019-10-17 07:43:32,899 [Thread-1809] INFO  impl.FollowerState (FollowerState.java:run(108)) - 2a93f7e5-ecb9-41da-9c47-70e13ba76d7d@group-A9EE991D717F-FollowerState: change to CANDIDATE, lastRpcTime:173ms, electionTimeout:173ms
2019-10-17 07:43:32,899 [Thread-1809] INFO  impl.RoleInfo (RoleInfo.java:shutdownFollowerState(121)) - 2a93f7e5-ecb9-41da-9c47-70e13ba76d7d: shutdown FollowerState
2019-10-17 07:43:32,899 [Thread-1809] INFO  impl.RaftServerImpl (RaftServerImpl.java:setRole(184)) - 2a93f7e5-ecb9-41da-9c47-70e13ba76d7d@group-A9EE991D717F: changes role from  FOLLOWER to CANDIDATE at term 218 for changeToCandidate
2019-10-17 07:43:32,899 [Thread-1809] INFO  impl.RoleInfo (RoleInfo.java:updateAndGet(143)) - 2a93f7e5-ecb9-41da-9c47-70e13ba76d7d: start LeaderElection
2019-10-17 07:43:32,913 [2a93f7e5-ecb9-41da-9c47-70e13ba76d7d@group-A9EE991D717F-LeaderElection208] INFO  impl.LeaderElection (LeaderElection.java:askForVotes(178)) - 2a93f7e5-ecb9-41da-9c47-70e13ba76d7d@group-A9EE991D717F-LeaderElection208: begin an election at term 219 for 0: [37bd8e8c-ea68-4b1c-8659-8d001c4f3b5c:192.168.34.62:41632, 24020d0b-ce61-4f5a-b0b0-c561541e8cd4:192.168.34.62:42892, 2a93f7e5-ecb9-41da-9c47-70e13ba76d7d:192.168.34.62:35412], old=null
2019-10-17 07:43:32,916 [grpc-default-executor-1] INFO  impl.RaftServerImpl (RaftServerImpl.java:setRole(184)) - 37bd8e8c-ea68-4b1c-8659-8d001c4f3b5c@group-A9EE991D717F: changes role from  FOLLOWER to FOLLOWER at term 219 for recognizeCandidate:2a93f7e5-ecb9-41da-9c47-70e13ba76d7d
2019-10-17 07:43:32,916 [grpc-default-executor-1] INFO  impl.RoleInfo (RoleInfo.java:shutdownFollowerState(121)) - 37bd8e8c-ea68-4b1c-8659-8d001c4f3b5c: shutdown FollowerState
2019-10-17 07:43:32,916 [grpc-default-executor-1] INFO  impl.RoleInfo (RoleInfo.java:updateAndGet(143)) - 37bd8e8c-ea68-4b1c-8659-8d001c4f3b5c: start FollowerState
2019-10-17 07:43:32,916 [grpc-default-executor-0] INFO  impl.RaftServerImpl (RaftServerImpl.java:setRole(184)) - 24020d0b-ce61-4f5a-b0b0-c561541e8cd4@group-A9EE991D717F: changes role from  FOLLOWER to FOLLOWER at term 219 for recognizeCandidate:2a93f7e5-ecb9-41da-9c47-70e13ba76d7d
2019-10-17 07:43:32,916 [Thread-1807] INFO  impl.FollowerState (FollowerState.java:run(117)) - 37bd8e8c-ea68-4b1c-8659-8d001c4f3b5c@group-A9EE991D717F-FollowerState was interrupted: java.lang.InterruptedException: sleep interrupted
2019-10-17 07:43:32,917 [grpc-default-executor-0] INFO  impl.RoleInfo (RoleInfo.java:shutdownFollowerState(121)) - 24020d0b-ce61-4f5a-b0b0-c561541e8cd4: shutdown FollowerState
2019-10-17 07:43:32,917 [grpc-default-executor-0] INFO  impl.RoleInfo (RoleInfo.java:updateAndGet(143)) - 24020d0b-ce61-4f5a-b0b0-c561541e8cd4: start FollowerState
2019-10-17 07:43:32,917 [Thread-1808] INFO  impl.FollowerState (FollowerState.java:run(117)) - 24020d0b-ce61-4f5a-b0b0-c561541e8cd4@group-A9EE991D717F-FollowerState was interrupted: java.lang.InterruptedException: sleep interrupted
2019-10-17 07:43:32,941 [2a93f7e5-ecb9-41da-9c47-70e13ba76d7d@group-A9EE991D717F-LeaderElection208] INFO  impl.LeaderElection (LeaderElection.java:logAndReturn(56)) - 2a93f7e5-ecb9-41da-9c47-70e13ba76d7d@group-A9EE991D717F-LeaderElection208: Election REJECTED; received 2 response(s) [2a93f7e5-ecb9-41da-9c47-70e13ba76d7d<-37bd8e8c-ea68-4b1c-8659-8d001c4f3b5c#0:FAIL-t219, 2a93f7e5-ecb9-41da-9c47-70e13ba76d7d<-24020d0b-ce61-4f5a-b0b0-c561541e8cd4#0:FAIL-t219] and 0 exception(s); 2a93f7e5-ecb9-41da-9c47-70e13ba76d7d@group-A9EE991D717F:t219, leader=null, voted=2a93f7e5-ecb9-41da-9c47-70e13ba76d7d, raftlog=2a93f7e5-ecb9-41da-9c47-70e13ba76d7d@group-A9EE991D717F-SegmentedRaftLog:OPENED:c-1,f0,i0, conf=0: [37bd8e8c-ea68-4b1c-8659-8d001c4f3b5c:192.168.34.62:41632, 24020d0b-ce61-4f5a-b0b0-c561541e8cd4:192.168.34.62:42892, 2a93f7e5-ecb9-41da-9c47-70e13ba76d7d:192.168.34.62:35412], old=null
2019-10-17 07:43:32,941 [2a93f7e5-ecb9-41da-9c47-70e13ba76d7d@group-A9EE991D717F-LeaderElection208] INFO  impl.RaftServerImpl (RaftServerImpl.java:setRole(184)) - 2a93f7e5-ecb9-41da-9c47-70e13ba76d7d@group-A9EE991D717F: changes role from CANDIDATE to FOLLOWER at term 219 for DISCOVERED_A_NEW_TERM
2019-10-17 07:43:32,942 [2a93f7e5-ecb9-41da-9c47-70e13ba76d7d@group-A9EE991D717F-LeaderElection208] INFO  impl.RoleInfo (RoleInfo.java:shutdownLeaderElection(134)) - 2a93f7e5-ecb9-41da-9c47-70e13ba76d7d: shutdown LeaderElection
2019-10-17 07:43:32,942 [2a93f7e5-ecb9-41da-9c47-70e13ba76d7d@group-A9EE991D717F-LeaderElection208] INFO  impl.RoleInfo (RoleInfo.java:updateAndGet(143)) - 2a93f7e5-ecb9-41da-9c47-70e13ba76d7d: start FollowerState
2019-10-17 07:43:33,018 [Thread-1815] INFO  impl.FollowerState (FollowerState.java:run(108)) - 2a93f7e5-ecb9-41da-9c47-70e13ba76d7d@group-A9EE991D717F-FollowerState: change to CANDIDATE, lastRpcTime:76ms, electionTimeout:76ms
2019-10-17 07:43:33,019 [Thread-1815] INFO  impl.RoleInfo (RoleInfo.java:shutdownFollowerState(121)) - 2a93f7e5-ecb9-41da-9c47-70e13ba76d7d: shutdown FollowerState
2019-10-17 07:43:33,019 [Thread-1815] INFO  impl.RaftServerImpl (RaftServerImpl.java:setRole(184)) - 2a93f7e5-ecb9-41da-9c47-70e13ba76d7d@group-A9EE991D717F: changes role from  FOLLOWER to CANDIDATE at term 219 for changeToCandidate
2019-10-17 07:43:33,019 [Thread-1815] INFO  impl.RoleInfo (RoleInfo.java:updateAndGet(143)) - 2a93f7e5-ecb9-41da-9c47-70e13ba76d7d: start LeaderElection
2019-10-17 07:43:33,050 [2a93f7e5-ecb9-41da-9c47-70e13ba76d7d@group-A9EE991D717F-LeaderElection209] INFO  impl.LeaderElection (LeaderElection.java:askForVotes(178)) - 2a93f7e5-ecb9-41da-9c47-70e13ba76d7d@group-A9EE991D717F-LeaderElection209: begin an election at term 220 for 0: [37bd8e8c-ea68-4b1c-8659-8d001c4f3b5c:192.168.34.62:41632, 24020d0b-ce61-4f5a-b0b0-c561541e8cd4:192.168.34.62:42892, 2a93f7e5-ecb9-41da-9c47-70e13ba76d7d:192.168.34.62:35412], old=null
2019-10-17 07:43:33,053 [grpc-default-executor-1] INFO  impl.RaftServerImpl (RaftServerImpl.java:setRole(184)) - 37bd8e8c-ea68-4b1c-8659-8d001c4f3b5c@group-A9EE991D717F: changes role from  FOLLOWER to FOLLOWER at term 220 for recognizeCandidate:2a93f7e5-ecb9-41da-9c47-70e13ba76d7d
2019-10-17 07:43:33,053 [grpc-default-executor-0] INFO  impl.RaftServerImpl (RaftServerImpl.java:setRole(184)) - 24020d0b-ce61-4f5a-b0b0-c561541e8cd4@group-A9EE991D717F: changes role from  FOLLOWER to FOLLOWER at term 220 for recognizeCandidate:2a93f7e5-ecb9-41da-9c47-70e13ba76d7d
2019-10-17 07:43:33,053 [grpc-default-executor-0] INFO  impl.RoleInfo (RoleInfo.java:shutdownFollowerState(121)) - 24020d0b-ce61-4f5a-b0b0-c561541e8cd4: shutdown FollowerState
2019-10-17 07:43:33,053 [grpc-default-executor-1] INFO  impl.RoleInfo (RoleInfo.java:shutdownFollowerState(121)) - 37bd8e8c-ea68-4b1c-8659-8d001c4f3b5c: shutdown FollowerState
2019-10-17 07:43:33,053 [Thread-1814] INFO  impl.FollowerState (FollowerState.java:run(117)) - 24020d0b-ce61-4f5a-b0b0-c561541e8cd4@group-A9EE991D717F-FollowerState was interrupted: java.lang.InterruptedException: sleep interrupted
2019-10-17 07:43:33,053 [grpc-default-executor-0] INFO  impl.RoleInfo (RoleInfo.java:updateAndGet(143)) - 24020d0b-ce61-4f5a-b0b0-c561541e8cd4: start FollowerState
2019-10-17 07:43:33,054 [Thread-1813] INFO  impl.FollowerState (FollowerState.java:run(117)) - 37bd8e8c-ea68-4b1c-8659-8d001c4f3b5c@group-A9EE991D717F-FollowerState was interrupted: java.lang.InterruptedException: sleep interrupted
2019-10-17 07:43:33,054 [grpc-default-executor-1] INFO  impl.RoleInfo (RoleInfo.java:updateAndGet(143)) - 37bd8e8c-ea68-4b1c-8659-8d001c4f3b5c: start FollowerState
2019-10-17 07:43:33,078 [2a93f7e5-ecb9-41da-9c47-70e13ba76d7d@group-A9EE991D717F-LeaderElection209] INFO  impl.LeaderElection (LeaderElection.java:logAndReturn(56)) - 2a93f7e5-ecb9-41da-9c47-70e13ba76d7d@group-A9EE991D717F-LeaderElection209: Election REJECTED; received 2 response(s) [2a93f7e5-ecb9-41da-9c47-70e13ba76d7d<-37bd8e8c-ea68-4b1c-8659-8d001c4f3b5c#0:FAIL-t220, 2a93f7e5-ecb9-41da-9c47-70e13ba76d7d<-24020d0b-ce61-4f5a-b0b0-c561541e8cd4#0:FAIL-t220] and 0 exception(s); 2a93f7e5-ecb9-41da-9c47-70e13ba76d7d@group-A9EE991D717F:t220, leader=null, voted=2a93f7e5-ecb9-41da-9c47-70e13ba76d7d, raftlog=2a93f7e5-ecb9-41da-9c47-70e13ba76d7d@group-A9EE991D717F-SegmentedRaftLog:OPENED:c-1,f0,i0, conf=0: [37bd8e8c-ea68-4b1c-8659-8d001c4f3b5c:192.168.34.62:41632, 24020d0b-ce61-4f5a-b0b0-c561541e8cd4:192.168.34.62:42892, 2a93f7e5-ecb9-41da-9c47-70e13ba76d7d:192.168.34.62:35412], old=null
2019-10-17 07:43:33,079 [2a93f7e5-ecb9-41da-9c47-70e13ba76d7d@group-A9EE991D717F-LeaderElection209] INFO  impl.RaftServerImpl (RaftServerImpl.java:setRole(184)) - 2a93f7e5-ecb9-41da-9c47-70e13ba76d7d@group-A9EE991D717F: changes role from CANDIDATE to FOLLOWER at term 220 for DISCOVERED_A_NEW_TERM
2019-10-17 07:43:33,079 [2a93f7e5-ecb9-41da-9c47-70e13ba76d7d@group-A9EE991D717F-LeaderElection209] INFO  impl.RoleInfo (RoleInfo.java:shutdownLeaderElection(134)) - 2a93f7e5-ecb9-41da-9c47-70e13ba76d7d: shutdown LeaderElection
2019-10-17 07:43:33,079 [2a93f7e5-ecb9-41da-9c47-70e13ba76d7d@group-A9EE991D717F-LeaderElection209] INFO  impl.RoleInfo (RoleInfo.java:updateAndGet(143)) - 2a93f7e5-ecb9-41da-9c47-70e13ba76d7d: start FollowerState
2019-10-17 07:43:33,248 [Thread-1821] INFO  impl.FollowerState (FollowerState.java:run(108)) - 2a93f7e5-ecb9-41da-9c47-70e13ba76d7d@group-A9EE991D717F-FollowerState: change to CANDIDATE, lastRpcTime:169ms, electionTimeout:169ms
2019-10-17 07:43:33,249 [Thread-1821] INFO  impl.RoleInfo (RoleInfo.java:shutdownFollowerState(121)) - 2a93f7e5-ecb9-41da-9c47-70e13ba76d7d: shutdown FollowerState
2019-10-17 07:43:33,249 [Thread-1821] INFO  impl.RaftServerImpl (RaftServerImpl.java:setRole(184)) - 2a93f7e5-ecb9-41da-9c47-70e13ba76d7d@group-A9EE991D717F: changes role from  FOLLOWER to CANDIDATE at term 220 for changeToCandidate
2019-10-17 07:43:33,249 [Thread-1821] INFO  impl.RoleInfo (RoleInfo.java:updateAndGet(143)) - 2a93f7e5-ecb9-41da-9c47-70e13ba76d7d: start LeaderElection
2019-10-17 07:43:33,273 [2a93f7e5-ecb9-41da-9c47-70e13ba76d7d@group-A9EE991D717F-LeaderElection210] INFO  impl.LeaderElection (LeaderElection.java:askForVotes(178)) - 2a93f7e5-ecb9-41da-9c47-70e13ba76d7d@group-A9EE991D717F-LeaderElection210: begin an election at term 221 for 0: [37bd8e8c-ea68-4b1c-8659-8d001c4f3b5c:192.168.34.62:41632, 24020d0b-ce61-4f5a-b0b0-c561541e8cd4:192.168.34.62:42892, 2a93f7e5-ecb9-41da-9c47-70e13ba76d7d:192.168.34.62:35412], old=null
2019-10-17 07:43:33,276 [grpc-default-executor-0] INFO  impl.RaftServerImpl (RaftServerImpl.java:setRole(184)) - 37bd8e8c-ea68-4b1c-8659-8d001c4f3b5c@group-A9EE991D717F: changes role from  FOLLOWER to FOLLOWER at term 221 for recognizeCandidate:2a93f7e5-ecb9-41da-9c47-70e13ba76d7d
2019-10-17 07:43:33,276 [grpc-default-executor-0] INFO  impl.RoleInfo (RoleInfo.java:shutdownFollowerState(121)) - 37bd8e8c-ea68-4b1c-8659-8d001c4f3b5c: shutdown FollowerState
2019-10-17 07:43:33,276 [grpc-default-executor-1] INFO  impl.RaftServerImpl (RaftServerImpl.java:setRole(184)) - 24020d0b-ce61-4f5a-b0b0-c561541e8cd4@group-A9EE991D717F: changes role from  FOLLOWER to FOLLOWER at term 221 for recognizeCandidate:2a93f7e5-ecb9-41da-9c47-70e13ba76d7d
2019-10-17 07:43:33,276 [Thread-1820] INFO  impl.FollowerState (FollowerState.java:run(117)) - 37bd8e8c-ea68-4b1c-8659-8d001c4f3b5c@group-A9EE991D717F-FollowerState was interrupted: java.lang.InterruptedException: sleep interrupted
2019-10-17 07:43:33,276 [grpc-default-executor-0] INFO  impl.RoleInfo (RoleInfo.java:updateAndGet(143)) - 37bd8e8c-ea68-4b1c-8659-8d001c4f3b5c: start FollowerState
2019-10-17 07:43:33,276 [grpc-default-executor-1] INFO  impl.RoleInfo (RoleInfo.java:shutdownFollowerState(121)) - 24020d0b-ce61-4f5a-b0b0-c561541e8cd4: shutdown FollowerState
2019-10-17 07:43:33,277 [grpc-default-executor-1] INFO  impl.RoleInfo (RoleInfo.java:updateAndGet(143)) - 24020d0b-ce61-4f5a-b0b0-c561541e8cd4: start FollowerState
2019-10-17 07:43:33,277 [Thread-1819] INFO  impl.FollowerState (FollowerState.java:run(117)) - 24020d0b-ce61-4f5a-b0b0-c561541e8cd4@group-A9EE991D717F-FollowerState was interrupted: java.lang.InterruptedException: sleep interrupted
2019-10-17 07:43:33,308 [2a93f7e5-ecb9-41da-9c47-70e13ba76d7d@group-A9EE991D717F-LeaderElection210] INFO  impl.LeaderElection (LeaderElection.java:logAndReturn(56)) - 2a93f7e5-ecb9-41da-9c47-70e13ba76d7d@group-A9EE991D717F-LeaderElection210: Election REJECTED; received 2 response(s) [2a93f7e5-ecb9-41da-9c47-70e13ba76d7d<-37bd8e8c-ea68-4b1c-8659-8d001c4f3b5c#0:FAIL-t221, 2a93f7e5-ecb9-41da-9c47-70e13ba76d7d<-24020d0b-ce61-4f5a-b0b0-c561541e8cd4#0:FAIL-t221] and 0 exception(s); 2a93f7e5-ecb9-41da-9c47-70e13ba76d7d@group-A9EE991D717F:t221, leader=null, voted=2a93f7e5-ecb9-41da-9c47-70e13ba76d7d, raftlog=2a93f7e5-ecb9-41da-9c47-70e13ba76d7d@group-A9EE991D717F-SegmentedRaftLog:OPENED:c-1,f0,i0, conf=0: [37bd8e8c-ea68-4b1c-8659-8d001c4f3b5c:192.168.34.62:41632, 24020d0b-ce61-4f5a-b0b0-c561541e8cd4:192.168.34.62:42892, 2a93f7e5-ecb9-41da-9c47-70e13ba76d7d:192.168.34.62:35412], old=null
2019-10-17 07:43:33,308 [2a93f7e5-ecb9-41da-9c47-70e13ba76d7d@group-A9EE991D717F-LeaderElection210] INFO  impl.RaftServerImpl (RaftServerImpl.java:setRole(184)) - 2a93f7e5-ecb9-41da-9c47-70e13ba76d7d@group-A9EE991D717F: changes role from CANDIDATE to FOLLOWER at term 221 for DISCOVERED_A_NEW_TERM
2019-10-17 07:43:33,308 [2a93f7e5-ecb9-41da-9c47-70e13ba76d7d@group-A9EE991D717F-LeaderElection210] INFO  impl.RoleInfo (RoleInfo.java:shutdownLeaderElection(134)) - 2a93f7e5-ecb9-41da-9c47-70e13ba76d7d: shutdown LeaderElection
2019-10-17 07:43:33,308 [2a93f7e5-ecb9-41da-9c47-70e13ba76d7d@group-A9EE991D717F-LeaderElection210] INFO  impl.RoleInfo (RoleInfo.java:updateAndGet(143)) - 2a93f7e5-ecb9-41da-9c47-70e13ba76d7d: start FollowerState
2019-10-17 07:43:33,499 [Thread-1827] INFO  impl.FollowerState (FollowerState.java:run(108)) - 2a93f7e5-ecb9-41da-9c47-70e13ba76d7d@group-A9EE991D717F-FollowerState: change to CANDIDATE, lastRpcTime:190ms, electionTimeout:190ms
2019-10-17 07:43:33,499 [Thread-1827] INFO  impl.RoleInfo (RoleInfo.java:shutdownFollowerState(121)) - 2a93f7e5-ecb9-41da-9c47-70e13ba76d7d: shutdown FollowerState
2019-10-17 07:43:33,499 [Thread-1827] INFO  impl.RaftServerImpl (RaftServerImpl.java:setRole(184)) - 2a93f7e5-ecb9-41da-9c47-70e13ba76d7d@group-A9EE991D717F: changes role from  FOLLOWER to CANDIDATE at term 221 for changeToCandidate
2019-10-17 07:43:33,499 [Thread-1827] INFO  impl.RoleInfo (RoleInfo.java:updateAndGet(143)) - 2a93f7e5-ecb9-41da-9c47-70e13ba76d7d: start LeaderElection
2019-10-17 07:43:33,523 [2a93f7e5-ecb9-41da-9c47-70e13ba76d7d@group-A9EE991D717F-LeaderElection211] INFO  impl.LeaderElection (LeaderElection.java:askForVotes(178)) - 2a93f7e5-ecb9-41da-9c47-70e13ba76d7d@group-A9EE991D717F-LeaderElection211: begin an election at term 222 for 0: [37bd8e8c-ea68-4b1c-8659-8d001c4f3b5c:192.168.34.62:41632, 24020d0b-ce61-4f5a-b0b0-c561541e8cd4:192.168.34.62:42892, 2a93f7e5-ecb9-41da-9c47-70e13ba76d7d:192.168.34.62:35412], old=null
2019-10-17 07:43:33,526 [grpc-default-executor-0] INFO  impl.RaftServerImpl (RaftServerImpl.java:setRole(184)) - 37bd8e8c-ea68-4b1c-8659-8d001c4f3b5c@group-A9EE991D717F: changes role from  FOLLOWER to FOLLOWER at term 222 for recognizeCandidate:2a93f7e5-ecb9-41da-9c47-70e13ba76d7d
2019-10-17 07:43:33,527 [grpc-default-executor-0] INFO  impl.RoleInfo (RoleInfo.java:shutdownFollowerState(121)) - 37bd8e8c-ea68-4b1c-8659-8d001c4f3b5c: shutdown FollowerState
2019-10-17 07:43:33,527 [grpc-default-executor-1] INFO  impl.RaftServerImpl (RaftServerImpl.java:setRole(184)) - 24020d0b-ce61-4f5a-b0b0-c561541e8cd4@group-A9EE991D717F: changes role from  FOLLOWER to FOLLOWER at term 222 for recognizeCandidate:2a93f7e5-ecb9-41da-9c47-70e13ba76d7d
2019-10-17 07:43:33,527 [Thread-1825] INFO  impl.FollowerState (FollowerState.java:run(117)) - 37bd8e8c-ea68-4b1c-8659-8d001c4f3b5c@group-A9EE991D717F-FollowerState was interrupted: java.lang.InterruptedException: sleep interrupted
2019-10-17 07:43:33,527 [grpc-default-executor-0] INFO  impl.RoleInfo (RoleInfo.java:updateAndGet(143)) - 37bd8e8c-ea68-4b1c-8659-8d001c4f3b5c: start FollowerState
2019-10-17 07:43:33,527 [grpc-default-executor-1] INFO  impl.RoleInfo (RoleInfo.java:shutdownFollowerState(121)) - 24020d0b-ce61-4f5a-b0b0-c561541e8cd4: shutdown FollowerState
2019-10-17 07:43:33,527 [grpc-default-executor-1] INFO  impl.RoleInfo (RoleInfo.java:updateAndGet(143)) - 24020d0b-ce61-4f5a-b0b0-c561541e8cd4: start FollowerState
2019-10-17 07:43:33,527 [Thread-1826] INFO  impl.FollowerState (FollowerState.java:run(117)) - 24020d0b-ce61-4f5a-b0b0-c561541e8cd4@group-A9EE991D717F-FollowerState was interrupted: java.lang.InterruptedException: sleep interrupted
2019-10-17 07:43:33,543 [2a93f7e5-ecb9-41da-9c47-70e13ba76d7d@group-A9EE991D717F-LeaderElection211] INFO  impl.LeaderElection (LeaderElection.java:logAndReturn(56)) - 2a93f7e5-ecb9-41da-9c47-70e13ba76d7d@group-A9EE991D717F-LeaderElection211: Election REJECTED; received 2 response(s) [2a93f7e5-ecb9-41da-9c47-70e13ba76d7d<-37bd8e8c-ea68-4b1c-8659-8d001c4f3b5c#0:FAIL-t222, 2a93f7e5-ecb9-41da-9c47-70e13ba76d7d<-24020d0b-ce61-4f5a-b0b0-c561541e8cd4#0:FAIL-t222] and 0 exception(s); 2a93f7e5-ecb9-41da-9c47-70e13ba76d7d@group-A9EE991D717F:t222, leader=null, voted=2a93f7e5-ecb9-41da-9c47-70e13ba76d7d, raftlog=2a93f7e5-ecb9-41da-9c47-70e13ba76d7d@group-A9EE991D717F-SegmentedRaftLog:OPENED:c-1,f0,i0, conf=0: [37bd8e8c-ea68-4b1c-8659-8d001c4f3b5c:192.168.34.62:41632, 24020d0b-ce61-4f5a-b0b0-c561541e8cd4:192.168.34.62:42892, 2a93f7e5-ecb9-41da-9c47-70e13ba76d7d:192.168.34.62:35412], old=null
2019-10-17 07:43:33,543 [2a93f7e5-ecb9-41da-9c47-70e13ba76d7d@group-A9EE991D717F-LeaderElection211] INFO  impl.RaftServerImpl (RaftServerImpl.java:setRole(184)) - 2a93f7e5-ecb9-41da-9c47-70e13ba76d7d@group-A9EE991D717F: changes role from CANDIDATE to FOLLOWER at term 222 for DISCOVERED_A_NEW_TERM
2019-10-17 07:43:33,544 [2a93f7e5-ecb9-41da-9c47-70e13ba76d7d@group-A9EE991D717F-LeaderElection211] INFO  impl.RoleInfo (RoleInfo.java:shutdownLeaderElection(134)) - 2a93f7e5-ecb9-41da-9c47-70e13ba76d7d: shutdown LeaderElection
2019-10-17 07:43:33,544 [2a93f7e5-ecb9-41da-9c47-70e13ba76d7d@group-A9EE991D717F-LeaderElection211] INFO  impl.RoleInfo (RoleInfo.java:updateAndGet(143)) - 2a93f7e5-ecb9-41da-9c47-70e13ba76d7d: start FollowerState
2019-10-17 07:43:33,549 [Thread-1833] INFO  impl.FollowerState (FollowerState.java:run(108)) - 2a93f7e5-ecb9-41da-9c47-70e13ba76d7d@group-A9EE991D717F-FollowerState: change to CANDIDATE, lastRpcTime:5ms, electionTimeout:5ms
2019-10-17 07:43:33,549 [Thread-1833] INFO  impl.RoleInfo (RoleInfo.java:shutdownFollowerState(121)) - 2a93f7e5-ecb9-41da-9c47-70e13ba76d7d: shutdown FollowerState
2019-10-17 07:43:33,550 [Thread-1833] INFO  impl.RaftServerImpl (RaftServerImpl.java:setRole(184)) - 2a93f7e5-ecb9-41da-9c47-70e13ba76d7d@group-A9EE991D717F: changes role from  FOLLOWER to CANDIDATE at term 222 for changeToCandidate
2019-10-17 07:43:33,550 [Thread-1833] INFO  impl.RoleInfo (RoleInfo.java:updateAndGet(143)) - 2a93f7e5-ecb9-41da-9c47-70e13ba76d7d: start LeaderElection
2019-10-17 07:43:33,566 [2a93f7e5-ecb9-41da-9c47-70e13ba76d7d@group-A9EE991D717F-LeaderElection212] INFO  impl.LeaderElection (LeaderElection.java:askForVotes(178)) - 2a93f7e5-ecb9-41da-9c47-70e13ba76d7d@group-A9EE991D717F-LeaderElection212: begin an election at term 223 for 0: [37bd8e8c-ea68-4b1c-8659-8d001c4f3b5c:192.168.34.62:41632, 24020d0b-ce61-4f5a-b0b0-c561541e8cd4:192.168.34.62:42892, 2a93f7e5-ecb9-41da-9c47-70e13ba76d7d:192.168.34.62:35412], old=null
2019-10-17 07:43:33,568 [grpc-default-executor-0] INFO  impl.RaftServerImpl (RaftServerImpl.java:setRole(184)) - 37bd8e8c-ea68-4b1c-8659-8d001c4f3b5c@group-A9EE991D717F: changes role from  FOLLOWER to FOLLOWER at term 223 for recognizeCandidate:2a93f7e5-ecb9-41da-9c47-70e13ba76d7d
2019-10-17 07:43:33,569 [grpc-default-executor-0] INFO  impl.RoleInfo (RoleInfo.java:shutdownFollowerState(121)) - 37bd8e8c-ea68-4b1c-8659-8d001c4f3b5c: shutdown FollowerState
2019-10-17 07:43:33,569 [grpc-default-executor-0] INFO  impl.RoleInfo (RoleInfo.java:updateAndGet(143)) - 37bd8e8c-ea68-4b1c-8659-8d001c4f3b5c: start FollowerState
2019-10-17 07:43:33,569 [Thread-1831] INFO  impl.FollowerState (FollowerState.java:run(117)) - 37bd8e8c-ea68-4b1c-8659-8d001c4f3b5c@group-A9EE991D717F-FollowerState was interrupted: java.lang.InterruptedException: sleep interrupted
2019-10-17 07:43:33,569 [grpc-default-executor-1] INFO  impl.RaftServerImpl (RaftServerImpl.java:setRole(184)) - 24020d0b-ce61-4f5a-b0b0-c561541e8cd4@group-A9EE991D717F: changes role from  FOLLOWER to FOLLOWER at term 223 for recognizeCandidate:2a93f7e5-ecb9-41da-9c47-70e13ba76d7d
2019-10-17 07:43:33,569 [grpc-default-executor-1] INFO  impl.RoleInfo (RoleInfo.java:shutdownFollowerState(121)) - 24020d0b-ce61-4f5a-b0b0-c561541e8cd4: shutdown FollowerState
2019-10-17 07:43:33,570 [grpc-default-executor-1] INFO  impl.RoleInfo (RoleInfo.java:updateAndGet(143)) - 24020d0b-ce61-4f5a-b0b0-c561541e8cd4: start FollowerState
2019-10-17 07:43:33,570 [Thread-1832] INFO  impl.FollowerState (FollowerState.java:run(117)) - 24020d0b-ce61-4f5a-b0b0-c561541e8cd4@group-A9EE991D717F-FollowerState was interrupted: java.lang.InterruptedException: sleep interrupted
2019-10-17 07:43:33,593 [2a93f7e5-ecb9-41da-9c47-70e13ba76d7d@group-A9EE991D717F-LeaderElection212] INFO  impl.LeaderElection (LeaderElection.java:logAndReturn(56)) - 2a93f7e5-ecb9-41da-9c47-70e13ba76d7d@group-A9EE991D717F-LeaderElection212: Election REJECTED; received 2 response(s) [2a93f7e5-ecb9-41da-9c47-70e13ba76d7d<-37bd8e8c-ea68-4b1c-8659-8d001c4f3b5c#0:FAIL-t223, 2a93f7e5-ecb9-41da-9c47-70e13ba76d7d<-24020d0b-ce61-4f5a-b0b0-c561541e8cd4#0:FAIL-t223] and 0 exception(s); 2a93f7e5-ecb9-41da-9c47-70e13ba76d7d@group-A9EE991D717F:t223, leader=null, voted=2a93f7e5-ecb9-41da-9c47-70e13ba76d7d, raftlog=2a93f7e5-ecb9-41da-9c47-70e13ba76d7d@group-A9EE991D717F-SegmentedRaftLog:OPENED:c-1,f0,i0, conf=0: [37bd8e8c-ea68-4b1c-8659-8d001c4f3b5c:192.168.34.62:41632, 24020d0b-ce61-4f5a-b0b0-c561541e8cd4:192.168.34.62:42892, 2a93f7e5-ecb9-41da-9c47-70e13ba76d7d:192.168.34.62:35412], old=null
2019-10-17 07:43:33,593 [2a93f7e5-ecb9-41da-9c47-70e13ba76d7d@group-A9EE991D717F-LeaderElection212] INFO  impl.RaftServerImpl (RaftServerImpl.java:setRole(184)) - 2a93f7e5-ecb9-41da-9c47-70e13ba76d7d@group-A9EE991D717F: changes role from CANDIDATE to FOLLOWER at term 223 for DISCOVERED_A_NEW_TERM
2019-10-17 07:43:33,593 [2a93f7e5-ecb9-41da-9c47-70e13ba76d7d@group-A9EE991D717F-LeaderElection212] INFO  impl.RoleInfo (RoleInfo.java:shutdownLeaderElection(134)) - 2a93f7e5-ecb9-41da-9c47-70e13ba76d7d: shutdown LeaderElection
2019-10-17 07:43:33,594 [2a93f7e5-ecb9-41da-9c47-70e13ba76d7d@group-A9EE991D717F-LeaderElection212] INFO  impl.RoleInfo (RoleInfo.java:updateAndGet(143)) - 2a93f7e5-ecb9-41da-9c47-70e13ba76d7d: start FollowerState
2019-10-17 07:43:33,735 [Thread-1839] INFO  impl.FollowerState (FollowerState.java:run(108)) - 2a93f7e5-ecb9-41da-9c47-70e13ba76d7d@group-A9EE991D717F-FollowerState: change to CANDIDATE, lastRpcTime:141ms, electionTimeout:141ms
2019-10-17 07:43:33,735 [Thread-1839] INFO  impl.RoleInfo (RoleInfo.java:shutdownFollowerState(121)) - 2a93f7e5-ecb9-41da-9c47-70e13ba76d7d: shutdown FollowerState
2019-10-17 07:43:33,735 [Thread-1839] INFO  impl.RaftServerImpl (RaftServerImpl.java:setRole(184)) - 2a93f7e5-ecb9-41da-9c47-70e13ba76d7d@group-A9EE991D717F: changes role from  FOLLOWER to CANDIDATE at term 223 for changeToCandidate
2019-10-17 07:43:33,735 [Thread-1839] INFO  impl.RoleInfo (RoleInfo.java:updateAndGet(143)) - 2a93f7e5-ecb9-41da-9c47-70e13ba76d7d: start LeaderElection
2019-10-17 07:43:33,759 [2a93f7e5-ecb9-41da-9c47-70e13ba76d7d@group-A9EE991D717F-LeaderElection213] INFO  impl.LeaderElection (LeaderElection.java:askForVotes(178)) - 2a93f7e5-ecb9-41da-9c47-70e13ba76d7d@group-A9EE991D717F-LeaderElection213: begin an election at term 224 for 0: [37bd8e8c-ea68-4b1c-8659-8d001c4f3b5c:192.168.34.62:41632, 24020d0b-ce61-4f5a-b0b0-c561541e8cd4:192.168.34.62:42892, 2a93f7e5-ecb9-41da-9c47-70e13ba76d7d:192.168.34.62:35412], old=null
2019-10-17 07:43:33,761 [grpc-default-executor-1] INFO  impl.RaftServerImpl (RaftServerImpl.java:setRole(184)) - 37bd8e8c-ea68-4b1c-8659-8d001c4f3b5c@group-A9EE991D717F: changes role from  FOLLOWER to FOLLOWER at term 224 for recognizeCandidate:2a93f7e5-ecb9-41da-9c47-70e13ba76d7d
2019-10-17 07:43:33,761 [grpc-default-executor-1] INFO  impl.RoleInfo (RoleInfo.java:shutdownFollowerState(121)) - 37bd8e8c-ea68-4b1c-8659-8d001c4f3b5c: shutdown FollowerState
2019-10-17 07:43:33,761 [grpc-default-executor-1] INFO  impl.RoleInfo (RoleInfo.java:updateAndGet(143)) - 37bd8e8c-ea68-4b1c-8659-8d001c4f3b5c: start FollowerState
2019-10-17 07:43:33,761 [Thread-1837] INFO  impl.FollowerState (FollowerState.java:run(117)) - 37bd8e8c-ea68-4b1c-8659-8d001c4f3b5c@group-A9EE991D717F-FollowerState was interrupted: java.lang.InterruptedException: sleep interrupted
2019-10-17 07:43:33,761 [grpc-default-executor-0] INFO  impl.RaftServerImpl (RaftServerImpl.java:setRole(184)) - 24020d0b-ce61-4f5a-b0b0-c561541e8cd4@group-A9EE991D717F: changes role from  FOLLOWER to FOLLOWER at term 224 for recognizeCandidate:2a93f7e5-ecb9-41da-9c47-70e13ba76d7d
2019-10-17 07:43:33,762 [grpc-default-executor-0] INFO  impl.RoleInfo (RoleInfo.java:shutdownFollowerState(121)) - 24020d0b-ce61-4f5a-b0b0-c561541e8cd4: shutdown FollowerState
2019-10-17 07:43:33,762 [grpc-default-executor-0] INFO  impl.RoleInfo (RoleInfo.java:updateAndGet(143)) - 24020d0b-ce61-4f5a-b0b0-c561541e8cd4: start FollowerState
2019-10-17 07:43:33,762 [Thread-1838] INFO  impl.FollowerState (FollowerState.java:run(117)) - 24020d0b-ce61-4f5a-b0b0-c561541e8cd4@group-A9EE991D717F-FollowerState was interrupted: java.lang.InterruptedException: sleep interrupted
2019-10-17 07:43:33,786 [2a93f7e5-ecb9-41da-9c47-70e13ba76d7d@group-A9EE991D717F-LeaderElection213] INFO  impl.LeaderElection (LeaderElection.java:logAndReturn(56)) - 2a93f7e5-ecb9-41da-9c47-70e13ba76d7d@group-A9EE991D717F-LeaderElection213: Election REJECTED; received 2 response(s) [2a93f7e5-ecb9-41da-9c47-70e13ba76d7d<-37bd8e8c-ea68-4b1c-8659-8d001c4f3b5c#0:FAIL-t224, 2a93f7e5-ecb9-41da-9c47-70e13ba76d7d<-24020d0b-ce61-4f5a-b0b0-c561541e8cd4#0:FAIL-t224] and 0 exception(s); 2a93f7e5-ecb9-41da-9c47-70e13ba76d7d@group-A9EE991D717F:t224, leader=null, voted=2a93f7e5-ecb9-41da-9c47-70e13ba76d7d, raftlog=2a93f7e5-ecb9-41da-9c47-70e13ba76d7d@group-A9EE991D717F-SegmentedRaftLog:OPENED:c-1,f0,i0, conf=0: [37bd8e8c-ea68-4b1c-8659-8d001c4f3b5c:192.168.34.62:41632, 24020d0b-ce61-4f5a-b0b0-c561541e8cd4:192.168.34.62:42892, 2a93f7e5-ecb9-41da-9c47-70e13ba76d7d:192.168.34.62:35412], old=null
2019-10-17 07:43:33,786 [2a93f7e5-ecb9-41da-9c47-70e13ba76d7d@group-A9EE991D717F-LeaderElection213] INFO  impl.RaftServerImpl (RaftServerImpl.java:setRole(184)) - 2a93f7e5-ecb9-41da-9c47-70e13ba76d7d@group-A9EE991D717F: changes role from CANDIDATE to FOLLOWER at term 224 for DISCOVERED_A_NEW_TERM
2019-10-17 07:43:33,786 [2a93f7e5-ecb9-41da-9c47-70e13ba76d7d@group-A9EE991D717F-LeaderElection213] INFO  impl.RoleInfo (RoleInfo.java:shutdownLeaderElection(134)) - 2a93f7e5-ecb9-41da-9c47-70e13ba76d7d: shutdown LeaderElection
2019-10-17 07:43:33,786 [2a93f7e5-ecb9-41da-9c47-70e13ba76d7d@group-A9EE991D717F-LeaderElection213] INFO  impl.RoleInfo (RoleInfo.java:updateAndGet(143)) - 2a93f7e5-ecb9-41da-9c47-70e13ba76d7d: start FollowerState
2019-10-17 07:43:33,846 [Thread-1845] INFO  impl.FollowerState (FollowerState.java:run(108)) - 2a93f7e5-ecb9-41da-9c47-70e13ba76d7d@group-A9EE991D717F-FollowerState: change to CANDIDATE, lastRpcTime:59ms, electionTimeout:59ms
2019-10-17 07:43:33,846 [Thread-1845] INFO  impl.RoleInfo (RoleInfo.java:shutdownFollowerState(121)) - 2a93f7e5-ecb9-41da-9c47-70e13ba76d7d: shutdown FollowerState
2019-10-17 07:43:33,846 [Thread-1845] INFO  impl.RaftServerImpl (RaftServerImpl.java:setRole(184)) - 2a93f7e5-ecb9-41da-9c47-70e13ba76d7d@group-A9EE991D717F: changes role from  FOLLOWER to CANDIDATE at term 224 for changeToCandidate
2019-10-17 07:43:33,846 [Thread-1845] INFO  impl.RoleInfo (RoleInfo.java:updateAndGet(143)) - 2a93f7e5-ecb9-41da-9c47-70e13ba76d7d: start LeaderElection
2019-10-17 07:43:33,870 [2a93f7e5-ecb9-41da-9c47-70e13ba76d7d@group-A9EE991D717F-LeaderElection214] INFO  impl.LeaderElection (LeaderElection.java:askForVotes(178)) - 2a93f7e5-ecb9-41da-9c47-70e13ba76d7d@group-A9EE991D717F-LeaderElection214: begin an election at term 225 for 0: [37bd8e8c-ea68-4b1c-8659-8d001c4f3b5c:192.168.34.62:41632, 24020d0b-ce61-4f5a-b0b0-c561541e8cd4:192.168.34.62:42892, 2a93f7e5-ecb9-41da-9c47-70e13ba76d7d:192.168.34.62:35412], old=null
2019-10-17 07:43:33,871 [grpc-default-executor-1] INFO  impl.RaftServerImpl (RaftServerImpl.java:setRole(184)) - 37bd8e8c-ea68-4b1c-8659-8d001c4f3b5c@group-A9EE991D717F: changes role from  FOLLOWER to FOLLOWER at term 225 for recognizeCandidate:2a93f7e5-ecb9-41da-9c47-70e13ba76d7d
2019-10-17 07:43:33,871 [grpc-default-executor-1] INFO  impl.RoleInfo (RoleInfo.java:shutdownFollowerState(121)) - 37bd8e8c-ea68-4b1c-8659-8d001c4f3b5c: shutdown FollowerState
2019-10-17 07:43:33,872 [grpc-default-executor-0] INFO  impl.RaftServerImpl (RaftServerImpl.java:setRole(184)) - 24020d0b-ce61-4f5a-b0b0-c561541e8cd4@group-A9EE991D717F: changes role from  FOLLOWER to FOLLOWER at term 225 for recognizeCandidate:2a93f7e5-ecb9-41da-9c47-70e13ba76d7d
2019-10-17 07:43:33,872 [Thread-1843] INFO  impl.FollowerState (FollowerState.java:run(117)) - 37bd8e8c-ea68-4b1c-8659-8d001c4f3b5c@group-A9EE991D717F-FollowerState was interrupted: java.lang.InterruptedException: sleep interrupted
2019-10-17 07:43:33,872 [grpc-default-executor-1] INFO  impl.RoleInfo (RoleInfo.java:updateAndGet(143)) - 37bd8e8c-ea68-4b1c-8659-8d001c4f3b5c: start FollowerState
2019-10-17 07:43:33,872 [grpc-default-executor-0] INFO  impl.RoleInfo (RoleInfo.java:shutdownFollowerState(121)) - 24020d0b-ce61-4f5a-b0b0-c561541e8cd4: shutdown FollowerState
2019-10-17 07:43:33,872 [grpc-default-executor-0] INFO  impl.RoleInfo (RoleInfo.java:updateAndGet(143)) - 24020d0b-ce61-4f5a-b0b0-c561541e8cd4: start FollowerState
2019-10-17 07:43:33,872 [Thread-1844] INFO  impl.FollowerState (FollowerState.java:run(117)) - 24020d0b-ce61-4f5a-b0b0-c561541e8cd4@group-A9EE991D717F-FollowerState was interrupted: java.lang.InterruptedException: sleep interrupted
2019-10-17 07:43:33,896 [2a93f7e5-ecb9-41da-9c47-70e13ba76d7d@group-A9EE991D717F-LeaderElection214] INFO  impl.LeaderElection (LeaderElection.java:logAndReturn(56)) - 2a93f7e5-ecb9-41da-9c47-70e13ba76d7d@group-A9EE991D717F-LeaderElection214: Election REJECTED; received 2 response(s) [2a93f7e5-ecb9-41da-9c47-70e13ba76d7d<-37bd8e8c-ea68-4b1c-8659-8d001c4f3b5c#0:FAIL-t225, 2a93f7e5-ecb9-41da-9c47-70e13ba76d7d<-24020d0b-ce61-4f5a-b0b0-c561541e8cd4#0:FAIL-t225] and 0 exception(s); 2a93f7e5-ecb9-41da-9c47-70e13ba76d7d@group-A9EE991D717F:t225, leader=null, voted=2a93f7e5-ecb9-41da-9c47-70e13ba76d7d, raftlog=2a93f7e5-ecb9-41da-9c47-70e13ba76d7d@group-A9EE991D717F-SegmentedRaftLog:OPENED:c-1,f0,i0, conf=0: [37bd8e8c-ea68-4b1c-8659-8d001c4f3b5c:192.168.34.62:41632, 24020d0b-ce61-4f5a-b0b0-c561541e8cd4:192.168.34.62:42892, 2a93f7e5-ecb9-41da-9c47-70e13ba76d7d:192.168.34.62:35412], old=null
2019-10-17 07:43:33,896 [2a93f7e5-ecb9-41da-9c47-70e13ba76d7d@group-A9EE991D717F-LeaderElection214] INFO  impl.RaftServerImpl (RaftServerImpl.java:setRole(184)) - 2a93f7e5-ecb9-41da-9c47-70e13ba76d7d@group-A9EE991D717F: changes role from CANDIDATE to FOLLOWER at term 225 for DISCOVERED_A_NEW_TERM
2019-10-17 07:43:33,896 [2a93f7e5-ecb9-41da-9c47-70e13ba76d7d@group-A9EE991D717F-LeaderElection214] INFO  impl.RoleInfo (RoleInfo.java:shutdownLeaderElection(134)) - 2a93f7e5-ecb9-41da-9c47-70e13ba76d7d: shutdown LeaderElection
2019-10-17 07:43:33,896 [2a93f7e5-ecb9-41da-9c47-70e13ba76d7d@group-A9EE991D717F-LeaderElection214] INFO  impl.RoleInfo (RoleInfo.java:updateAndGet(143)) - 2a93f7e5-ecb9-41da-9c47-70e13ba76d7d: start FollowerState
2019-10-17 07:43:34,063 [Thread-1851] INFO  impl.FollowerState (FollowerState.java:run(108)) - 2a93f7e5-ecb9-41da-9c47-70e13ba76d7d@group-A9EE991D717F-FollowerState: change to CANDIDATE, lastRpcTime:166ms, electionTimeout:166ms
2019-10-17 07:43:34,063 [Thread-1851] INFO  impl.RoleInfo (RoleInfo.java:shutdownFollowerState(121)) - 2a93f7e5-ecb9-41da-9c47-70e13ba76d7d: shutdown FollowerState
2019-10-17 07:43:34,063 [Thread-1851] INFO  impl.RaftServerImpl (RaftServerImpl.java:setRole(184)) - 2a93f7e5-ecb9-41da-9c47-70e13ba76d7d@group-A9EE991D717F: changes role from  FOLLOWER to CANDIDATE at term 225 for changeToCandidate
2019-10-17 07:43:34,063 [Thread-1851] INFO  impl.RoleInfo (RoleInfo.java:updateAndGet(143)) - 2a93f7e5-ecb9-41da-9c47-70e13ba76d7d: start LeaderElection
2019-10-17 07:43:34,100 [2a93f7e5-ecb9-41da-9c47-70e13ba76d7d@group-A9EE991D717F-LeaderElection215] INFO  impl.LeaderElection (LeaderElection.java:askForVotes(178)) - 2a93f7e5-ecb9-41da-9c47-70e13ba76d7d@group-A9EE991D717F-LeaderElection215: begin an election at term 226 for 0: [37bd8e8c-ea68-4b1c-8659-8d001c4f3b5c:192.168.34.62:41632, 24020d0b-ce61-4f5a-b0b0-c561541e8cd4:192.168.34.62:42892, 2a93f7e5-ecb9-41da-9c47-70e13ba76d7d:192.168.34.62:35412], old=null
2019-10-17 07:43:34,102 [grpc-default-executor-0] INFO  impl.RaftServerImpl (RaftServerImpl.java:setRole(184)) - 37bd8e8c-ea68-4b1c-8659-8d001c4f3b5c@group-A9EE991D717F: changes role from  FOLLOWER to FOLLOWER at term 226 for recognizeCandidate:2a93f7e5-ecb9-41da-9c47-70e13ba76d7d
2019-10-17 07:43:34,102 [grpc-default-executor-1] INFO  impl.RaftServerImpl (RaftServerImpl.java:setRole(184)) - 24020d0b-ce61-4f5a-b0b0-c561541e8cd4@group-A9EE991D717F: changes role from  FOLLOWER to FOLLOWER at term 226 for recognizeCandidate:2a93f7e5-ecb9-41da-9c47-70e13ba76d7d
2019-10-17 07:43:34,102 [grpc-default-executor-1] INFO  impl.RoleInfo (RoleInfo.java:shutdownFollowerState(121)) - 24020d0b-ce61-4f5a-b0b0-c561541e8cd4: shutdown FollowerState
2019-10-17 07:43:34,102 [grpc-default-executor-0] INFO  impl.RoleInfo (RoleInfo.java:shutdownFollowerState(121)) - 37bd8e8c-ea68-4b1c-8659-8d001c4f3b5c: shutdown FollowerState
2019-10-17 07:43:34,102 [Thread-1850] INFO  impl.FollowerState (FollowerState.java:run(117)) - 24020d0b-ce61-4f5a-b0b0-c561541e8cd4@group-A9EE991D717F-FollowerState was interrupted: java.lang.InterruptedException: sleep interrupted
2019-10-17 07:43:34,102 [Thread-1849] INFO  impl.FollowerState (FollowerState.java:run(117)) - 37bd8e8c-ea68-4b1c-8659-8d001c4f3b5c@group-A9EE991D717F-FollowerState was interrupted: java.lang.InterruptedException: sleep interrupted
2019-10-17 07:43:34,102 [grpc-default-executor-1] INFO  impl.RoleInfo (RoleInfo.java:updateAndGet(143)) - 24020d0b-ce61-4f5a-b0b0-c561541e8cd4: start FollowerState
2019-10-17 07:43:34,102 [grpc-default-executor-0] INFO  impl.RoleInfo (RoleInfo.java:updateAndGet(143)) - 37bd8e8c-ea68-4b1c-8659-8d001c4f3b5c: start FollowerState
2019-10-17 07:43:34,126 [2a93f7e5-ecb9-41da-9c47-70e13ba76d7d@group-A9EE991D717F-LeaderElection215] INFO  impl.LeaderElection (LeaderElection.java:logAndReturn(56)) - 2a93f7e5-ecb9-41da-9c47-70e13ba76d7d@group-A9EE991D717F-LeaderElection215: Election REJECTED; received 2 response(s) [2a93f7e5-ecb9-41da-9c47-70e13ba76d7d<-37bd8e8c-ea68-4b1c-8659-8d001c4f3b5c#0:FAIL-t226, 2a93f7e5-ecb9-41da-9c47-70e13ba76d7d<-24020d0b-ce61-4f5a-b0b0-c561541e8cd4#0:FAIL-t226] and 0 exception(s); 2a93f7e5-ecb9-41da-9c47-70e13ba76d7d@group-A9EE991D717F:t226, leader=null, voted=2a93f7e5-ecb9-41da-9c47-70e13ba76d7d, raftlog=2a93f7e5-ecb9-41da-9c47-70e13ba76d7d@group-A9EE991D717F-SegmentedRaftLog:OPENED:c-1,f0,i0, conf=0: [37bd8e8c-ea68-4b1c-8659-8d001c4f3b5c:192.168.34.62:41632, 24020d0b-ce61-4f5a-b0b0-c561541e8cd4:192.168.34.62:42892, 2a93f7e5-ecb9-41da-9c47-70e13ba76d7d:192.168.34.62:35412], old=null
2019-10-17 07:43:34,126 [2a93f7e5-ecb9-41da-9c47-70e13ba76d7d@group-A9EE991D717F-LeaderElection215] INFO  impl.RaftServerImpl (RaftServerImpl.java:setRole(184)) - 2a93f7e5-ecb9-41da-9c47-70e13ba76d7d@group-A9EE991D717F: changes role from CANDIDATE to FOLLOWER at term 226 for DISCOVERED_A_NEW_TERM
2019-10-17 07:43:34,127 [2a93f7e5-ecb9-41da-9c47-70e13ba76d7d@group-A9EE991D717F-LeaderElection215] INFO  impl.RoleInfo (RoleInfo.java:shutdownLeaderElection(134)) - 2a93f7e5-ecb9-41da-9c47-70e13ba76d7d: shutdown LeaderElection
2019-10-17 07:43:34,127 [2a93f7e5-ecb9-41da-9c47-70e13ba76d7d@group-A9EE991D717F-LeaderElection215] INFO  impl.RoleInfo (RoleInfo.java:updateAndGet(143)) - 2a93f7e5-ecb9-41da-9c47-70e13ba76d7d: start FollowerState
2019-10-17 07:43:34,181 [Thread-1857] INFO  impl.FollowerState (FollowerState.java:run(108)) - 2a93f7e5-ecb9-41da-9c47-70e13ba76d7d@group-A9EE991D717F-FollowerState: change to CANDIDATE, lastRpcTime:54ms, electionTimeout:54ms
2019-10-17 07:43:34,181 [Thread-1857] INFO  impl.RoleInfo (RoleInfo.java:shutdownFollowerState(121)) - 2a93f7e5-ecb9-41da-9c47-70e13ba76d7d: shutdown FollowerState
2019-10-17 07:43:34,181 [Thread-1857] INFO  impl.RaftServerImpl (RaftServerImpl.java:setRole(184)) - 2a93f7e5-ecb9-41da-9c47-70e13ba76d7d@group-A9EE991D717F: changes role from  FOLLOWER to CANDIDATE at term 226 for changeToCandidate
2019-10-17 07:43:34,181 [Thread-1857] INFO  impl.RoleInfo (RoleInfo.java:updateAndGet(143)) - 2a93f7e5-ecb9-41da-9c47-70e13ba76d7d: start LeaderElection
2019-10-17 07:43:34,209 [2a93f7e5-ecb9-41da-9c47-70e13ba76d7d@group-A9EE991D717F-LeaderElection216] INFO  impl.LeaderElection (LeaderElection.java:askForVotes(178)) - 2a93f7e5-ecb9-41da-9c47-70e13ba76d7d@group-A9EE991D717F-LeaderElection216: begin an election at term 227 for 0: [37bd8e8c-ea68-4b1c-8659-8d001c4f3b5c:192.168.34.62:41632, 24020d0b-ce61-4f5a-b0b0-c561541e8cd4:192.168.34.62:42892, 2a93f7e5-ecb9-41da-9c47-70e13ba76d7d:192.168.34.62:35412], old=null
2019-10-17 07:43:34,211 [grpc-default-executor-0] INFO  impl.RaftServerImpl (RaftServerImpl.java:setRole(184)) - 37bd8e8c-ea68-4b1c-8659-8d001c4f3b5c@group-A9EE991D717F: changes role from  FOLLOWER to FOLLOWER at term 227 for recognizeCandidate:2a93f7e5-ecb9-41da-9c47-70e13ba76d7d
2019-10-17 07:43:34,211 [grpc-default-executor-1] INFO  impl.RaftServerImpl (RaftServerImpl.java:setRole(184)) - 24020d0b-ce61-4f5a-b0b0-c561541e8cd4@group-A9EE991D717F: changes role from  FOLLOWER to FOLLOWER at term 227 for recognizeCandidate:2a93f7e5-ecb9-41da-9c47-70e13ba76d7d
2019-10-17 07:43:34,212 [grpc-default-executor-1] INFO  impl.RoleInfo (RoleInfo.java:shutdownFollowerState(121)) - 24020d0b-ce61-4f5a-b0b0-c561541e8cd4: shutdown FollowerState
2019-10-17 07:43:34,212 [grpc-default-executor-0] INFO  impl.RoleInfo (RoleInfo.java:shutdownFollowerState(121)) - 37bd8e8c-ea68-4b1c-8659-8d001c4f3b5c: shutdown FollowerState
2019-10-17 07:43:34,212 [Thread-1855] INFO  impl.FollowerState (FollowerState.java:run(117)) - 24020d0b-ce61-4f5a-b0b0-c561541e8cd4@group-A9EE991D717F-FollowerState was interrupted: java.lang.InterruptedException: sleep interrupted
2019-10-17 07:43:34,212 [Thread-1856] INFO  impl.FollowerState (FollowerState.java:run(117)) - 37bd8e8c-ea68-4b1c-8659-8d001c4f3b5c@group-A9EE991D717F-FollowerState was interrupted: java.lang.InterruptedException: sleep interrupted
2019-10-17 07:43:34,212 [grpc-default-executor-1] INFO  impl.RoleInfo (RoleInfo.java:updateAndGet(143)) - 24020d0b-ce61-4f5a-b0b0-c561541e8cd4: start FollowerState
2019-10-17 07:43:34,212 [grpc-default-executor-0] INFO  impl.RoleInfo (RoleInfo.java:updateAndGet(143)) - 37bd8e8c-ea68-4b1c-8659-8d001c4f3b5c: start FollowerState
2019-10-17 07:43:34,227 [2a93f7e5-ecb9-41da-9c47-70e13ba76d7d@group-A9EE991D717F-LeaderElection216] INFO  impl.LeaderElection (LeaderElection.java:logAndReturn(56)) - 2a93f7e5-ecb9-41da-9c47-70e13ba76d7d@group-A9EE991D717F-LeaderElection216: Election REJECTED; received 2 response(s) [2a93f7e5-ecb9-41da-9c47-70e13ba76d7d<-37bd8e8c-ea68-4b1c-8659-8d001c4f3b5c#0:FAIL-t227, 2a93f7e5-ecb9-41da-9c47-70e13ba76d7d<-24020d0b-ce61-4f5a-b0b0-c561541e8cd4#0:FAIL-t227] and 0 exception(s); 2a93f7e5-ecb9-41da-9c47-70e13ba76d7d@group-A9EE991D717F:t227, leader=null, voted=2a93f7e5-ecb9-41da-9c47-70e13ba76d7d, raftlog=2a93f7e5-ecb9-41da-9c47-70e13ba76d7d@group-A9EE991D717F-SegmentedRaftLog:OPENED:c-1,f0,i0, conf=0: [37bd8e8c-ea68-4b1c-8659-8d001c4f3b5c:192.168.34.62:41632, 24020d0b-ce61-4f5a-b0b0-c561541e8cd4:192.168.34.62:42892, 2a93f7e5-ecb9-41da-9c47-70e13ba76d7d:192.168.34.62:35412], old=null
2019-10-17 07:43:34,227 [2a93f7e5-ecb9-41da-9c47-70e13ba76d7d@group-A9EE991D717F-LeaderElection216] INFO  impl.RaftServerImpl (RaftServerImpl.java:setRole(184)) - 2a93f7e5-ecb9-41da-9c47-70e13ba76d7d@group-A9EE991D717F: changes role from CANDIDATE to FOLLOWER at term 227 for DISCOVERED_A_NEW_TERM
2019-10-17 07:43:34,227 [2a93f7e5-ecb9-41da-9c47-70e13ba76d7d@group-A9EE991D717F-LeaderElection216] INFO  impl.RoleInfo (RoleInfo.java:shutdownLeaderElection(134)) - 2a93f7e5-ecb9-41da-9c47-70e13ba76d7d: shutdown LeaderElection
2019-10-17 07:43:34,227 [2a93f7e5-ecb9-41da-9c47-70e13ba76d7d@group-A9EE991D717F-LeaderElection216] INFO  impl.RoleInfo (RoleInfo.java:updateAndGet(143)) - 2a93f7e5-ecb9-41da-9c47-70e13ba76d7d: start FollowerState
2019-10-17 07:43:34,237 [Thread-1863] INFO  impl.FollowerState (FollowerState.java:run(108)) - 2a93f7e5-ecb9-41da-9c47-70e13ba76d7d@group-A9EE991D717F-FollowerState: change to CANDIDATE, lastRpcTime:10ms, electionTimeout:10ms
2019-10-17 07:43:34,237 [Thread-1863] INFO  impl.RoleInfo (RoleInfo.java:shutdownFollowerState(121)) - 2a93f7e5-ecb9-41da-9c47-70e13ba76d7d: shutdown FollowerState
2019-10-17 07:43:34,238 [Thread-1863] INFO  impl.RaftServerImpl (RaftServerImpl.java:setRole(184)) - 2a93f7e5-ecb9-41da-9c47-70e13ba76d7d@group-A9EE991D717F: changes role from  FOLLOWER to CANDIDATE at term 227 for changeToCandidate
2019-10-17 07:43:34,238 [Thread-1863] INFO  impl.RoleInfo (RoleInfo.java:updateAndGet(143)) - 2a93f7e5-ecb9-41da-9c47-70e13ba76d7d: start LeaderElection
2019-10-17 07:43:34,261 [2a93f7e5-ecb9-41da-9c47-70e13ba76d7d@group-A9EE991D717F-LeaderElection217] INFO  impl.LeaderElection (LeaderElection.java:askForVotes(178)) - 2a93f7e5-ecb9-41da-9c47-70e13ba76d7d@group-A9EE991D717F-LeaderElection217: begin an election at term 228 for 0: [37bd8e8c-ea68-4b1c-8659-8d001c4f3b5c:192.168.34.62:41632, 24020d0b-ce61-4f5a-b0b0-c561541e8cd4:192.168.34.62:42892, 2a93f7e5-ecb9-41da-9c47-70e13ba76d7d:192.168.34.62:35412], old=null
2019-10-17 07:43:34,263 [grpc-default-executor-0] INFO  impl.RaftServerImpl (RaftServerImpl.java:setRole(184)) - 37bd8e8c-ea68-4b1c-8659-8d001c4f3b5c@group-A9EE991D717F: changes role from  FOLLOWER to FOLLOWER at term 228 for recognizeCandidate:2a93f7e5-ecb9-41da-9c47-70e13ba76d7d
2019-10-17 07:43:34,263 [grpc-default-executor-0] INFO  impl.RoleInfo (RoleInfo.java:shutdownFollowerState(121)) - 37bd8e8c-ea68-4b1c-8659-8d001c4f3b5c: shutdown FollowerState
2019-10-17 07:43:34,263 [grpc-default-executor-1] INFO  impl.RaftServerImpl (RaftServerImpl.java:setRole(184)) - 24020d0b-ce61-4f5a-b0b0-c561541e8cd4@group-A9EE991D717F: changes role from  FOLLOWER to FOLLOWER at term 228 for recognizeCandidate:2a93f7e5-ecb9-41da-9c47-70e13ba76d7d
2019-10-17 07:43:34,263 [Thread-1862] INFO  impl.FollowerState (FollowerState.java:run(117)) - 37bd8e8c-ea68-4b1c-8659-8d001c4f3b5c@group-A9EE991D717F-FollowerState was interrupted: java.lang.InterruptedException: sleep interrupted
2019-10-17 07:43:34,263 [grpc-default-executor-0] INFO  impl.RoleInfo (RoleInfo.java:updateAndGet(143)) - 37bd8e8c-ea68-4b1c-8659-8d001c4f3b5c: start FollowerState
2019-10-17 07:43:34,263 [grpc-default-executor-1] INFO  impl.RoleInfo (RoleInfo.java:shutdownFollowerState(121)) - 24020d0b-ce61-4f5a-b0b0-c561541e8cd4: shutdown FollowerState
2019-10-17 07:43:34,264 [grpc-default-executor-1] INFO  impl.RoleInfo (RoleInfo.java:updateAndGet(143)) - 24020d0b-ce61-4f5a-b0b0-c561541e8cd4: start FollowerState
2019-10-17 07:43:34,264 [Thread-1861] INFO  impl.FollowerState (FollowerState.java:run(117)) - 24020d0b-ce61-4f5a-b0b0-c561541e8cd4@group-A9EE991D717F-FollowerState was interrupted: java.lang.InterruptedException: sleep interrupted
2019-10-17 07:43:34,277 [2a93f7e5-ecb9-41da-9c47-70e13ba76d7d@group-A9EE991D717F-LeaderElection217] INFO  impl.LeaderElection (LeaderElection.java:logAndReturn(56)) - 2a93f7e5-ecb9-41da-9c47-70e13ba76d7d@group-A9EE991D717F-LeaderElection217: Election REJECTED; received 2 response(s) [2a93f7e5-ecb9-41da-9c47-70e13ba76d7d<-37bd8e8c-ea68-4b1c-8659-8d001c4f3b5c#0:FAIL-t228, 2a93f7e5-ecb9-41da-9c47-70e13ba76d7d<-24020d0b-ce61-4f5a-b0b0-c561541e8cd4#0:FAIL-t228] and 0 exception(s); 2a93f7e5-ecb9-41da-9c47-70e13ba76d7d@group-A9EE991D717F:t228, leader=null, voted=2a93f7e5-ecb9-41da-9c47-70e13ba76d7d, raftlog=2a93f7e5-ecb9-41da-9c47-70e13ba76d7d@group-A9EE991D717F-SegmentedRaftLog:OPENED:c-1,f0,i0, conf=0: [37bd8e8c-ea68-4b1c-8659-8d001c4f3b5c:192.168.34.62:41632, 24020d0b-ce61-4f5a-b0b0-c561541e8cd4:192.168.34.62:42892, 2a93f7e5-ecb9-41da-9c47-70e13ba76d7d:192.168.34.62:35412], old=null
2019-10-17 07:43:34,277 [2a93f7e5-ecb9-41da-9c47-70e13ba76d7d@group-A9EE991D717F-LeaderElection217] INFO  impl.RaftServerImpl (RaftServerImpl.java:setRole(184)) - 2a93f7e5-ecb9-41da-9c47-70e13ba76d7d@group-A9EE991D717F: changes role from CANDIDATE to FOLLOWER at term 228 for DISCOVERED_A_NEW_TERM
2019-10-17 07:43:34,277 [2a93f7e5-ecb9-41da-9c47-70e13ba76d7d@group-A9EE991D717F-LeaderElection217] INFO  impl.RoleInfo (RoleInfo.java:shutdownLeaderElection(134)) - 2a93f7e5-ecb9-41da-9c47-70e13ba76d7d: shutdown LeaderElection
2019-10-17 07:43:34,277 [2a93f7e5-ecb9-41da-9c47-70e13ba76d7d@group-A9EE991D717F-LeaderElection217] INFO  impl.RoleInfo (RoleInfo.java:updateAndGet(143)) - 2a93f7e5-ecb9-41da-9c47-70e13ba76d7d: start FollowerState
2019-10-17 07:43:34,385 [Thread-1869] INFO  impl.FollowerState (FollowerState.java:run(108)) - 2a93f7e5-ecb9-41da-9c47-70e13ba76d7d@group-A9EE991D717F-FollowerState: change to CANDIDATE, lastRpcTime:107ms, electionTimeout:107ms
2019-10-17 07:43:34,385 [Thread-1869] INFO  impl.RoleInfo (RoleInfo.java:shutdownFollowerState(121)) - 2a93f7e5-ecb9-41da-9c47-70e13ba76d7d: shutdown FollowerState
2019-10-17 07:43:34,385 [Thread-1869] INFO  impl.RaftServerImpl (RaftServerImpl.java:setRole(184)) - 2a93f7e5-ecb9-41da-9c47-70e13ba76d7d@group-A9EE991D717F: changes role from  FOLLOWER to CANDIDATE at term 228 for changeToCandidate
2019-10-17 07:43:34,385 [Thread-1869] INFO  impl.RoleInfo (RoleInfo.java:updateAndGet(143)) - 2a93f7e5-ecb9-41da-9c47-70e13ba76d7d: start LeaderElection
2019-10-17 07:43:34,409 [2a93f7e5-ecb9-41da-9c47-70e13ba76d7d@group-A9EE991D717F-LeaderElection218] INFO  impl.LeaderElection (LeaderElection.java:askForVotes(178)) - 2a93f7e5-ecb9-41da-9c47-70e13ba76d7d@group-A9EE991D717F-LeaderElection218: begin an election at term 229 for 0: [37bd8e8c-ea68-4b1c-8659-8d001c4f3b5c:192.168.34.62:41632, 24020d0b-ce61-4f5a-b0b0-c561541e8cd4:192.168.34.62:42892, 2a93f7e5-ecb9-41da-9c47-70e13ba76d7d:192.168.34.62:35412], old=null
2019-10-17 07:43:34,411 [grpc-default-executor-1] INFO  impl.RaftServerImpl (RaftServerImpl.java:setRole(184)) - 37bd8e8c-ea68-4b1c-8659-8d001c4f3b5c@group-A9EE991D717F: changes role from  FOLLOWER to FOLLOWER at term 229 for recognizeCandidate:2a93f7e5-ecb9-41da-9c47-70e13ba76d7d
2019-10-17 07:43:34,412 [grpc-default-executor-1] INFO  impl.RoleInfo (RoleInfo.java:shutdownFollowerState(121)) - 37bd8e8c-ea68-4b1c-8659-8d001c4f3b5c: shutdown FollowerState
2019-10-17 07:43:34,412 [grpc-default-executor-1] INFO  impl.RoleInfo (RoleInfo.java:updateAndGet(143)) - 37bd8e8c-ea68-4b1c-8659-8d001c4f3b5c: start FollowerState
2019-10-17 07:43:34,412 [Thread-1867] INFO  impl.FollowerState (FollowerState.java:run(117)) - 37bd8e8c-ea68-4b1c-8659-8d001c4f3b5c@group-A9EE991D717F-FollowerState was interrupted: java.lang.InterruptedException: sleep interrupted
2019-10-17 07:43:34,412 [grpc-default-executor-0] INFO  impl.RaftServerImpl (RaftServerImpl.java:setRole(184)) - 24020d0b-ce61-4f5a-b0b0-c561541e8cd4@group-A9EE991D717F: changes role from  FOLLOWER to FOLLOWER at term 229 for recognizeCandidate:2a93f7e5-ecb9-41da-9c47-70e13ba76d7d
2019-10-17 07:43:34,412 [grpc-default-executor-0] INFO  impl.RoleInfo (RoleInfo.java:shutdownFollowerState(121)) - 24020d0b-ce61-4f5a-b0b0-c561541e8cd4: shutdown FollowerState
2019-10-17 07:43:34,413 [grpc-default-executor-0] INFO  impl.RoleInfo (RoleInfo.java:updateAndGet(143)) - 24020d0b-ce61-4f5a-b0b0-c561541e8cd4: start FollowerState
2019-10-17 07:43:34,413 [Thread-1868] INFO  impl.FollowerState (FollowerState.java:run(117)) - 24020d0b-ce61-4f5a-b0b0-c561541e8cd4@group-A9EE991D717F-FollowerState was interrupted: java.lang.InterruptedException: sleep interrupted
2019-10-17 07:43:34,436 [2a93f7e5-ecb9-41da-9c47-70e13ba76d7d@group-A9EE991D717F-LeaderElection218] INFO  impl.LeaderElection (LeaderElection.java:logAndReturn(56)) - 2a93f7e5-ecb9-41da-9c47-70e13ba76d7d@group-A9EE991D717F-LeaderElection218: Election REJECTED; received 2 response(s) [2a93f7e5-ecb9-41da-9c47-70e13ba76d7d<-37bd8e8c-ea68-4b1c-8659-8d001c4f3b5c#0:FAIL-t229, 2a93f7e5-ecb9-41da-9c47-70e13ba76d7d<-24020d0b-ce61-4f5a-b0b0-c561541e8cd4#0:FAIL-t229] and 0 exception(s); 2a93f7e5-ecb9-41da-9c47-70e13ba76d7d@group-A9EE991D717F:t229, leader=null, voted=2a93f7e5-ecb9-41da-9c47-70e13ba76d7d, raftlog=2a93f7e5-ecb9-41da-9c47-70e13ba76d7d@group-A9EE991D717F-SegmentedRaftLog:OPENED:c-1,f0,i0, conf=0: [37bd8e8c-ea68-4b1c-8659-8d001c4f3b5c:192.168.34.62:41632, 24020d0b-ce61-4f5a-b0b0-c561541e8cd4:192.168.34.62:42892, 2a93f7e5-ecb9-41da-9c47-70e13ba76d7d:192.168.34.62:35412], old=null
2019-10-17 07:43:34,437 [2a93f7e5-ecb9-41da-9c47-70e13ba76d7d@group-A9EE991D717F-LeaderElection218] INFO  impl.RaftServerImpl (RaftServerImpl.java:setRole(184)) - 2a93f7e5-ecb9-41da-9c47-70e13ba76d7d@group-A9EE991D717F: changes role from CANDIDATE to FOLLOWER at term 229 for DISCOVERED_A_NEW_TERM
2019-10-17 07:43:34,437 [2a93f7e5-ecb9-41da-9c47-70e13ba76d7d@group-A9EE991D717F-LeaderElection218] INFO  impl.RoleInfo (RoleInfo.java:shutdownLeaderElection(134)) - 2a93f7e5-ecb9-41da-9c47-70e13ba76d7d: shutdown LeaderElection
2019-10-17 07:43:34,437 [2a93f7e5-ecb9-41da-9c47-70e13ba76d7d@group-A9EE991D717F-LeaderElection218] INFO  impl.RoleInfo (RoleInfo.java:updateAndGet(143)) - 2a93f7e5-ecb9-41da-9c47-70e13ba76d7d: start FollowerState
2019-10-17 07:43:34,539 [Thread-1875] INFO  impl.FollowerState (FollowerState.java:run(108)) - 2a93f7e5-ecb9-41da-9c47-70e13ba76d7d@group-A9EE991D717F-FollowerState: change to CANDIDATE, lastRpcTime:102ms, electionTimeout:102ms
2019-10-17 07:43:34,540 [Thread-1875] INFO  impl.RoleInfo (RoleInfo.java:shutdownFollowerState(121)) - 2a93f7e5-ecb9-41da-9c47-70e13ba76d7d: shutdown FollowerState
2019-10-17 07:43:34,540 [Thread-1875] INFO  impl.RaftServerImpl (RaftServerImpl.java:setRole(184)) - 2a93f7e5-ecb9-41da-9c47-70e13ba76d7d@group-A9EE991D717F: changes role from  FOLLOWER to CANDIDATE at term 229 for changeToCandidate
2019-10-17 07:43:34,540 [Thread-1875] INFO  impl.RoleInfo (RoleInfo.java:updateAndGet(143)) - 2a93f7e5-ecb9-41da-9c47-70e13ba76d7d: start LeaderElection
2019-10-17 07:43:34,602 [2a93f7e5-ecb9-41da-9c47-70e13ba76d7d@group-A9EE991D717F-LeaderElection219] INFO  impl.LeaderElection (LeaderElection.java:askForVotes(178)) - 2a93f7e5-ecb9-41da-9c47-70e13ba76d7d@group-A9EE991D717F-LeaderElection219: begin an election at term 230 for 0: [37bd8e8c-ea68-4b1c-8659-8d001c4f3b5c:192.168.34.62:41632, 24020d0b-ce61-4f5a-b0b0-c561541e8cd4:192.168.34.62:42892, 2a93f7e5-ecb9-41da-9c47-70e13ba76d7d:192.168.34.62:35412], old=null
2019-10-17 07:43:34,604 [grpc-default-executor-0] INFO  impl.RaftServerImpl (RaftServerImpl.java:setRole(184)) - 37bd8e8c-ea68-4b1c-8659-8d001c4f3b5c@group-A9EE991D717F: changes role from  FOLLOWER to FOLLOWER at term 230 for recognizeCandidate:2a93f7e5-ecb9-41da-9c47-70e13ba76d7d
2019-10-17 07:43:34,605 [grpc-default-executor-0] INFO  impl.RoleInfo (RoleInfo.java:shutdownFollowerState(121)) - 37bd8e8c-ea68-4b1c-8659-8d001c4f3b5c: shutdown FollowerState
2019-10-17 07:43:34,605 [grpc-default-executor-1] INFO  impl.RaftServerImpl (RaftServerImpl.java:setRole(184)) - 24020d0b-ce61-4f5a-b0b0-c561541e8cd4@group-A9EE991D717F: changes role from  FOLLOWER to FOLLOWER at term 230 for recognizeCandidate:2a93f7e5-ecb9-41da-9c47-70e13ba76d7d
2019-10-17 07:43:34,605 [Thread-1873] INFO  impl.FollowerState (FollowerState.java:run(117)) - 37bd8e8c-ea68-4b1c-8659-8d001c4f3b5c@group-A9EE991D717F-FollowerState was interrupted: java.lang.InterruptedException: sleep interrupted
2019-10-17 07:43:34,605 [grpc-default-executor-0] INFO  impl.RoleInfo (RoleInfo.java:updateAndGet(143)) - 37bd8e8c-ea68-4b1c-8659-8d001c4f3b5c: start FollowerState
2019-10-17 07:43:34,605 [grpc-default-executor-1] INFO  impl.RoleInfo (RoleInfo.java:shutdownFollowerState(121)) - 24020d0b-ce61-4f5a-b0b0-c561541e8cd4: shutdown FollowerState
2019-10-17 07:43:34,606 [grpc-default-executor-1] INFO  impl.RoleInfo (RoleInfo.java:updateAndGet(143)) - 24020d0b-ce61-4f5a-b0b0-c561541e8cd4: start FollowerState
2019-10-17 07:43:34,606 [Thread-1874] INFO  impl.FollowerState (FollowerState.java:run(117)) - 24020d0b-ce61-4f5a-b0b0-c561541e8cd4@group-A9EE991D717F-FollowerState was interrupted: java.lang.InterruptedException: sleep interrupted
2019-10-17 07:43:34,631 [2a93f7e5-ecb9-41da-9c47-70e13ba76d7d@group-A9EE991D717F-LeaderElection219] INFO  impl.LeaderElection (LeaderElection.java:logAndReturn(56)) - 2a93f7e5-ecb9-41da-9c47-70e13ba76d7d@group-A9EE991D717F-LeaderElection219: Election REJECTED; received 2 response(s) [2a93f7e5-ecb9-41da-9c47-70e13ba76d7d<-37bd8e8c-ea68-4b1c-8659-8d001c4f3b5c#0:FAIL-t230, 2a93f7e5-ecb9-41da-9c47-70e13ba76d7d<-24020d0b-ce61-4f5a-b0b0-c561541e8cd4#0:FAIL-t230] and 0 exception(s); 2a93f7e5-ecb9-41da-9c47-70e13ba76d7d@group-A9EE991D717F:t230, leader=null, voted=2a93f7e5-ecb9-41da-9c47-70e13ba76d7d, raftlog=2a93f7e5-ecb9-41da-9c47-70e13ba76d7d@group-A9EE991D717F-SegmentedRaftLog:OPENED:c-1,f0,i0, conf=0: [37bd8e8c-ea68-4b1c-8659-8d001c4f3b5c:192.168.34.62:41632, 24020d0b-ce61-4f5a-b0b0-c561541e8cd4:192.168.34.62:42892, 2a93f7e5-ecb9-41da-9c47-70e13ba76d7d:192.168.34.62:35412], old=null
2019-10-17 07:43:34,631 [2a93f7e5-ecb9-41da-9c47-70e13ba76d7d@group-A9EE991D717F-LeaderElection219] INFO  impl.RaftServerImpl (RaftServerImpl.java:setRole(184)) - 2a93f7e5-ecb9-41da-9c47-70e13ba76d7d@group-A9EE991D717F: changes role from CANDIDATE to FOLLOWER at term 230 for DISCOVERED_A_NEW_TERM
2019-10-17 07:43:34,632 [2a93f7e5-ecb9-41da-9c47-70e13ba76d7d@group-A9EE991D717F-LeaderElection219] INFO  impl.RoleInfo (RoleInfo.java:shutdownLeaderElection(134)) - 2a93f7e5-ecb9-41da-9c47-70e13ba76d7d: shutdown LeaderElection
2019-10-17 07:43:34,632 [2a93f7e5-ecb9-41da-9c47-70e13ba76d7d@group-A9EE991D717F-LeaderElection219] INFO  impl.RoleInfo (RoleInfo.java:updateAndGet(143)) - 2a93f7e5-ecb9-41da-9c47-70e13ba76d7d: start FollowerState
2019-10-17 07:43:34,691 [Thread-1881] INFO  impl.FollowerState (FollowerState.java:run(108)) - 2a93f7e5-ecb9-41da-9c47-70e13ba76d7d@group-A9EE991D717F-FollowerState: change to CANDIDATE, lastRpcTime:59ms, electionTimeout:59ms
2019-10-17 07:43:34,691 [Thread-1881] INFO  impl.RoleInfo (RoleInfo.java:shutdownFollowerState(121)) - 2a93f7e5-ecb9-41da-9c47-70e13ba76d7d: shutdown FollowerState
2019-10-17 07:43:34,692 [Thread-1881] INFO  impl.RaftServerImpl (RaftServerImpl.java:setRole(184)) - 2a93f7e5-ecb9-41da-9c47-70e13ba76d7d@group-A9EE991D717F: changes role from  FOLLOWER to CANDIDATE at term 230 for changeToCandidate
2019-10-17 07:43:34,692 [Thread-1881] INFO  impl.RoleInfo (RoleInfo.java:updateAndGet(143)) - 2a93f7e5-ecb9-41da-9c47-70e13ba76d7d: start LeaderElection
2019-10-17 07:43:34,715 [2a93f7e5-ecb9-41da-9c47-70e13ba76d7d@group-A9EE991D717F-LeaderElection220] INFO  impl.LeaderElection (LeaderElection.java:askForVotes(178)) - 2a93f7e5-ecb9-41da-9c47-70e13ba76d7d@group-A9EE991D717F-LeaderElection220: begin an election at term 231 for 0: [37bd8e8c-ea68-4b1c-8659-8d001c4f3b5c:192.168.34.62:41632, 24020d0b-ce61-4f5a-b0b0-c561541e8cd4:192.168.34.62:42892, 2a93f7e5-ecb9-41da-9c47-70e13ba76d7d:192.168.34.62:35412], old=null
2019-10-17 07:43:34,717 [2a93f7e5-ecb9-41da-9c47-70e13ba76d7d@group-A9EE991D717F-LeaderElection220] INFO  impl.LeaderElection (LeaderElection.java:logAndReturn(56)) - 2a93f7e5-ecb9-41da-9c47-70e13ba76d7d@group-A9EE991D717F-LeaderElection220: Election TIMEOUT; received 0 response(s) [] and 0 exception(s); 2a93f7e5-ecb9-41da-9c47-70e13ba76d7d@group-A9EE991D717F:t231, leader=null, voted=2a93f7e5-ecb9-41da-9c47-70e13ba76d7d, raftlog=2a93f7e5-ecb9-41da-9c47-70e13ba76d7d@group-A9EE991D717F-SegmentedRaftLog:OPENED:c-1,f0,i0, conf=0: [37bd8e8c-ea68-4b1c-8659-8d001c4f3b5c:192.168.34.62:41632, 24020d0b-ce61-4f5a-b0b0-c561541e8cd4:192.168.34.62:42892, 2a93f7e5-ecb9-41da-9c47-70e13ba76d7d:192.168.34.62:35412], old=null
2019-10-17 07:43:34,717 [grpc-default-executor-1] INFO  impl.RaftServerImpl (RaftServerImpl.java:setRole(184)) - 37bd8e8c-ea68-4b1c-8659-8d001c4f3b5c@group-A9EE991D717F: changes role from  FOLLOWER to FOLLOWER at term 231 for recognizeCandidate:2a93f7e5-ecb9-41da-9c47-70e13ba76d7d
2019-10-17 07:43:34,717 [grpc-default-executor-1] INFO  impl.RoleInfo (RoleInfo.java:shutdownFollowerState(121)) - 37bd8e8c-ea68-4b1c-8659-8d001c4f3b5c: shutdown FollowerState
2019-10-17 07:43:34,717 [grpc-default-executor-0] INFO  impl.RaftServerImpl (RaftServerImpl.java:setRole(184)) - 24020d0b-ce61-4f5a-b0b0-c561541e8cd4@group-A9EE991D717F: changes role from  FOLLOWER to FOLLOWER at term 231 for recognizeCandidate:2a93f7e5-ecb9-41da-9c47-70e13ba76d7d
2019-10-17 07:43:34,718 [Thread-1879] INFO  impl.FollowerState (FollowerState.java:run(117)) - 37bd8e8c-ea68-4b1c-8659-8d001c4f3b5c@group-A9EE991D717F-FollowerState was interrupted: java.lang.InterruptedException: sleep interrupted
2019-10-17 07:43:34,718 [grpc-default-executor-1] INFO  impl.RoleInfo (RoleInfo.java:updateAndGet(143)) - 37bd8e8c-ea68-4b1c-8659-8d001c4f3b5c: start FollowerState
2019-10-17 07:43:34,718 [grpc-default-executor-0] INFO  impl.RoleInfo (RoleInfo.java:shutdownFollowerState(121)) - 24020d0b-ce61-4f5a-b0b0-c561541e8cd4: shutdown FollowerState
2019-10-17 07:43:34,718 [grpc-default-executor-0] INFO  impl.RoleInfo (RoleInfo.java:updateAndGet(143)) - 24020d0b-ce61-4f5a-b0b0-c561541e8cd4: start FollowerState
2019-10-17 07:43:34,719 [Thread-1880] INFO  impl.FollowerState (FollowerState.java:run(117)) - 24020d0b-ce61-4f5a-b0b0-c561541e8cd4@group-A9EE991D717F-FollowerState was interrupted: java.lang.InterruptedException: sleep interrupted
2019-10-17 07:43:34,740 [2a93f7e5-ecb9-41da-9c47-70e13ba76d7d@group-A9EE991D717F-LeaderElection220] INFO  impl.LeaderElection (LeaderElection.java:askForVotes(178)) - 2a93f7e5-ecb9-41da-9c47-70e13ba76d7d@group-A9EE991D717F-LeaderElection220: begin an election at term 232 for 0: [37bd8e8c-ea68-4b1c-8659-8d001c4f3b5c:192.168.34.62:41632, 24020d0b-ce61-4f5a-b0b0-c561541e8cd4:192.168.34.62:42892, 2a93f7e5-ecb9-41da-9c47-70e13ba76d7d:192.168.34.62:35412], old=null
2019-10-17 07:43:34,745 [grpc-default-executor-0] INFO  impl.RaftServerImpl (RaftServerImpl.java:setRole(184)) - 37bd8e8c-ea68-4b1c-8659-8d001c4f3b5c@group-A9EE991D717F: changes role from  FOLLOWER to FOLLOWER at term 232 for recognizeCandidate:2a93f7e5-ecb9-41da-9c47-70e13ba76d7d
2019-10-17 07:43:34,746 [grpc-default-executor-0] INFO  impl.RoleInfo (RoleInfo.java:shutdownFollowerState(121)) - 37bd8e8c-ea68-4b1c-8659-8d001c4f3b5c: shutdown FollowerState
2019-10-17 07:43:34,746 [grpc-default-executor-0] INFO  impl.RoleInfo (RoleInfo.java:updateAndGet(143)) - 37bd8e8c-ea68-4b1c-8659-8d001c4f3b5c: start FollowerState
2019-10-17 07:43:34,746 [Thread-1885] INFO  impl.FollowerState (FollowerState.java:run(117)) - 37bd8e8c-ea68-4b1c-8659-8d001c4f3b5c@group-A9EE991D717F-FollowerState was interrupted: java.lang.InterruptedException: sleep interrupted
2019-10-17 07:43:34,746 [grpc-default-executor-1] INFO  impl.RaftServerImpl (RaftServerImpl.java:setRole(184)) - 24020d0b-ce61-4f5a-b0b0-c561541e8cd4@group-A9EE991D717F: changes role from  FOLLOWER to FOLLOWER at term 232 for recognizeCandidate:2a93f7e5-ecb9-41da-9c47-70e13ba76d7d
2019-10-17 07:43:34,746 [grpc-default-executor-1] INFO  impl.RoleInfo (RoleInfo.java:shutdownFollowerState(121)) - 24020d0b-ce61-4f5a-b0b0-c561541e8cd4: shutdown FollowerState
2019-10-17 07:43:34,747 [grpc-default-executor-1] INFO  impl.RoleInfo (RoleInfo.java:updateAndGet(143)) - 24020d0b-ce61-4f5a-b0b0-c561541e8cd4: start FollowerState
2019-10-17 07:43:34,747 [Thread-1886] INFO  impl.FollowerState (FollowerState.java:run(117)) - 24020d0b-ce61-4f5a-b0b0-c561541e8cd4@group-A9EE991D717F-FollowerState was interrupted: java.lang.InterruptedException: sleep interrupted
2019-10-17 07:43:34,770 [2a93f7e5-ecb9-41da-9c47-70e13ba76d7d@group-A9EE991D717F-LeaderElection220] INFO  impl.LeaderElection (LeaderElection.java:logAndReturn(56)) - 2a93f7e5-ecb9-41da-9c47-70e13ba76d7d@group-A9EE991D717F-LeaderElection220: Election REJECTED; received 2 response(s) [2a93f7e5-ecb9-41da-9c47-70e13ba76d7d<-37bd8e8c-ea68-4b1c-8659-8d001c4f3b5c#0:FAIL-t232, 2a93f7e5-ecb9-41da-9c47-70e13ba76d7d<-24020d0b-ce61-4f5a-b0b0-c561541e8cd4#0:FAIL-t232] and 0 exception(s); 2a93f7e5-ecb9-41da-9c47-70e13ba76d7d@group-A9EE991D717F:t232, leader=null, voted=2a93f7e5-ecb9-41da-9c47-70e13ba76d7d, raftlog=2a93f7e5-ecb9-41da-9c47-70e13ba76d7d@group-A9EE991D717F-SegmentedRaftLog:OPENED:c-1,f0,i0, conf=0: [37bd8e8c-ea68-4b1c-8659-8d001c4f3b5c:192.168.34.62:41632, 24020d0b-ce61-4f5a-b0b0-c561541e8cd4:192.168.34.62:42892, 2a93f7e5-ecb9-41da-9c47-70e13ba76d7d:192.168.34.62:35412], old=null
2019-10-17 07:43:34,771 [2a93f7e5-ecb9-41da-9c47-70e13ba76d7d@group-A9EE991D717F-LeaderElection220] INFO  impl.RaftServerImpl (RaftServerImpl.java:setRole(184)) - 2a93f7e5-ecb9-41da-9c47-70e13ba76d7d@group-A9EE991D717F: changes role from CANDIDATE to FOLLOWER at term 232 for DISCOVERED_A_NEW_TERM
2019-10-17 07:43:34,771 [2a93f7e5-ecb9-41da-9c47-70e13ba76d7d@group-A9EE991D717F-LeaderElection220] INFO  impl.RoleInfo (RoleInfo.java:shutdownLeaderElection(134)) - 2a93f7e5-ecb9-41da-9c47-70e13ba76d7d: shutdown LeaderElection
2019-10-17 07:43:34,771 [2a93f7e5-ecb9-41da-9c47-70e13ba76d7d@group-A9EE991D717F-LeaderElection220] INFO  impl.RoleInfo (RoleInfo.java:updateAndGet(143)) - 2a93f7e5-ecb9-41da-9c47-70e13ba76d7d: start FollowerState
2019-10-17 07:43:34,939 [Thread-1891] INFO  impl.FollowerState (FollowerState.java:run(108)) - 2a93f7e5-ecb9-41da-9c47-70e13ba76d7d@group-A9EE991D717F-FollowerState: change to CANDIDATE, lastRpcTime:168ms, electionTimeout:168ms
2019-10-17 07:43:34,940 [Thread-1891] INFO  impl.RoleInfo (RoleInfo.java:shutdownFollowerState(121)) - 2a93f7e5-ecb9-41da-9c47-70e13ba76d7d: shutdown FollowerState
2019-10-17 07:43:34,940 [Thread-1891] INFO  impl.RaftServerImpl (RaftServerImpl.java:setRole(184)) - 2a93f7e5-ecb9-41da-9c47-70e13ba76d7d@group-A9EE991D717F: changes role from  FOLLOWER to CANDIDATE at term 232 for changeToCandidate
2019-10-17 07:43:34,940 [Thread-1891] INFO  impl.RoleInfo (RoleInfo.java:updateAndGet(143)) - 2a93f7e5-ecb9-41da-9c47-70e13ba76d7d: start LeaderElection
2019-10-17 07:43:34,964 [2a93f7e5-ecb9-41da-9c47-70e13ba76d7d@group-A9EE991D717F-LeaderElection221] INFO  impl.LeaderElection (LeaderElection.java:askForVotes(178)) - 2a93f7e5-ecb9-41da-9c47-70e13ba76d7d@group-A9EE991D717F-LeaderElection221: begin an election at term 233 for 0: [37bd8e8c-ea68-4b1c-8659-8d001c4f3b5c:192.168.34.62:41632, 24020d0b-ce61-4f5a-b0b0-c561541e8cd4:192.168.34.62:42892, 2a93f7e5-ecb9-41da-9c47-70e13ba76d7d:192.168.34.62:35412], old=null
2019-10-17 07:43:34,967 [grpc-default-executor-0] INFO  impl.RaftServerImpl (RaftServerImpl.java:setRole(184)) - 37bd8e8c-ea68-4b1c-8659-8d001c4f3b5c@group-A9EE991D717F: changes role from  FOLLOWER to FOLLOWER at term 233 for recognizeCandidate:2a93f7e5-ecb9-41da-9c47-70e13ba76d7d
2019-10-17 07:43:34,968 [grpc-default-executor-1] INFO  impl.RaftServerImpl (RaftServerImpl.java:setRole(184)) - 24020d0b-ce61-4f5a-b0b0-c561541e8cd4@group-A9EE991D717F: changes role from  FOLLOWER to FOLLOWER at term 233 for recognizeCandidate:2a93f7e5-ecb9-41da-9c47-70e13ba76d7d
2019-10-17 07:43:34,968 [grpc-default-executor-1] INFO  impl.RoleInfo (RoleInfo.java:shutdownFollowerState(121)) - 24020d0b-ce61-4f5a-b0b0-c561541e8cd4: shutdown FollowerState
2019-10-17 07:43:34,968 [grpc-default-executor-0] INFO  impl.RoleInfo (RoleInfo.java:shutdownFollowerState(121)) - 37bd8e8c-ea68-4b1c-8659-8d001c4f3b5c: shutdown FollowerState
2019-10-17 07:43:34,968 [Thread-1890] INFO  impl.FollowerState (FollowerState.java:run(117)) - 24020d0b-ce61-4f5a-b0b0-c561541e8cd4@group-A9EE991D717F-FollowerState was interrupted: java.lang.InterruptedException: sleep interrupted
2019-10-17 07:43:34,968 [grpc-default-executor-1] INFO  impl.RoleInfo (RoleInfo.java:updateAndGet(143)) - 24020d0b-ce61-4f5a-b0b0-c561541e8cd4: start FollowerState
2019-10-17 07:43:34,968 [Thread-1889] INFO  impl.FollowerState (FollowerState.java:run(117)) - 37bd8e8c-ea68-4b1c-8659-8d001c4f3b5c@group-A9EE991D717F-FollowerState was interrupted: java.lang.InterruptedException: sleep interrupted
2019-10-17 07:43:34,968 [grpc-default-executor-0] INFO  impl.RoleInfo (RoleInfo.java:updateAndGet(143)) - 37bd8e8c-ea68-4b1c-8659-8d001c4f3b5c: start FollowerState
2019-10-17 07:43:34,993 [2a93f7e5-ecb9-41da-9c47-70e13ba76d7d@group-A9EE991D717F-LeaderElection221] INFO  impl.LeaderElection (LeaderElection.java:logAndReturn(56)) - 2a93f7e5-ecb9-41da-9c47-70e13ba76d7d@group-A9EE991D717F-LeaderElection221: Election REJECTED; received 2 response(s) [2a93f7e5-ecb9-41da-9c47-70e13ba76d7d<-37bd8e8c-ea68-4b1c-8659-8d001c4f3b5c#0:FAIL-t233, 2a93f7e5-ecb9-41da-9c47-70e13ba76d7d<-24020d0b-ce61-4f5a-b0b0-c561541e8cd4#0:FAIL-t233] and 0 exception(s); 2a93f7e5-ecb9-41da-9c47-70e13ba76d7d@group-A9EE991D717F:t233, leader=null, voted=2a93f7e5-ecb9-41da-9c47-70e13ba76d7d, raftlog=2a93f7e5-ecb9-41da-9c47-70e13ba76d7d@group-A9EE991D717F-SegmentedRaftLog:OPENED:c-1,f0,i0, conf=0: [37bd8e8c-ea68-4b1c-8659-8d001c4f3b5c:192.168.34.62:41632, 24020d0b-ce61-4f5a-b0b0-c561541e8cd4:192.168.34.62:42892, 2a93f7e5-ecb9-41da-9c47-70e13ba76d7d:192.168.34.62:35412], old=null
2019-10-17 07:43:34,994 [2a93f7e5-ecb9-41da-9c47-70e13ba76d7d@group-A9EE991D717F-LeaderElection221] INFO  impl.RaftServerImpl (RaftServerImpl.java:setRole(184)) - 2a93f7e5-ecb9-41da-9c47-70e13ba76d7d@group-A9EE991D717F: changes role from CANDIDATE to FOLLOWER at term 233 for DISCOVERED_A_NEW_TERM
2019-10-17 07:43:34,994 [2a93f7e5-ecb9-41da-9c47-70e13ba76d7d@group-A9EE991D717F-LeaderElection221] INFO  impl.RoleInfo (RoleInfo.java:shutdownLeaderElection(134)) - 2a93f7e5-ecb9-41da-9c47-70e13ba76d7d: shutdown LeaderElection
2019-10-17 07:43:34,994 [2a93f7e5-ecb9-41da-9c47-70e13ba76d7d@group-A9EE991D717F-LeaderElection221] INFO  impl.RoleInfo (RoleInfo.java:updateAndGet(143)) - 2a93f7e5-ecb9-41da-9c47-70e13ba76d7d: start FollowerState
2019-10-17 07:43:35,089 [Thread-1897] INFO  impl.FollowerState (FollowerState.java:run(108)) - 2a93f7e5-ecb9-41da-9c47-70e13ba76d7d@group-A9EE991D717F-FollowerState: change to CANDIDATE, lastRpcTime:95ms, electionTimeout:95ms
2019-10-17 07:43:35,090 [Thread-1897] INFO  impl.RoleInfo (RoleInfo.java:shutdownFollowerState(121)) - 2a93f7e5-ecb9-41da-9c47-70e13ba76d7d: shutdown FollowerState
2019-10-17 07:43:35,090 [Thread-1897] INFO  impl.RaftServerImpl (RaftServerImpl.java:setRole(184)) - 2a93f7e5-ecb9-41da-9c47-70e13ba76d7d@group-A9EE991D717F: changes role from  FOLLOWER to CANDIDATE at term 233 for changeToCandidate
2019-10-17 07:43:35,090 [Thread-1897] INFO  impl.RoleInfo (RoleInfo.java:updateAndGet(143)) - 2a93f7e5-ecb9-41da-9c47-70e13ba76d7d: start LeaderElection
2019-10-17 07:43:35,131 [2a93f7e5-ecb9-41da-9c47-70e13ba76d7d@group-A9EE991D717F-LeaderElection222] INFO  impl.LeaderElection (LeaderElection.java:askForVotes(178)) - 2a93f7e5-ecb9-41da-9c47-70e13ba76d7d@group-A9EE991D717F-LeaderElection222: begin an election at term 234 for 0: [37bd8e8c-ea68-4b1c-8659-8d001c4f3b5c:192.168.34.62:41632, 24020d0b-ce61-4f5a-b0b0-c561541e8cd4:192.168.34.62:42892, 2a93f7e5-ecb9-41da-9c47-70e13ba76d7d:192.168.34.62:35412], old=null
2019-10-17 07:43:35,134 [grpc-default-executor-0] INFO  impl.RaftServerImpl (RaftServerImpl.java:setRole(184)) - 37bd8e8c-ea68-4b1c-8659-8d001c4f3b5c@group-A9EE991D717F: changes role from  FOLLOWER to FOLLOWER at term 234 for recognizeCandidate:2a93f7e5-ecb9-41da-9c47-70e13ba76d7d
2019-10-17 07:43:35,134 [grpc-default-executor-0] INFO  impl.RoleInfo (RoleInfo.java:shutdownFollowerState(121)) - 37bd8e8c-ea68-4b1c-8659-8d001c4f3b5c: shutdown FollowerState
2019-10-17 07:43:35,134 [grpc-default-executor-1] INFO  impl.RaftServerImpl (RaftServerImpl.java:setRole(184)) - 24020d0b-ce61-4f5a-b0b0-c561541e8cd4@group-A9EE991D717F: changes role from  FOLLOWER to FOLLOWER at term 234 for recognizeCandidate:2a93f7e5-ecb9-41da-9c47-70e13ba76d7d
2019-10-17 07:43:35,134 [Thread-1896] INFO  impl.FollowerState (FollowerState.java:run(117)) - 37bd8e8c-ea68-4b1c-8659-8d001c4f3b5c@group-A9EE991D717F-FollowerState was interrupted: java.lang.InterruptedException: sleep interrupted
2019-10-17 07:43:35,134 [grpc-default-executor-0] INFO  impl.RoleInfo (RoleInfo.java:updateAndGet(143)) - 37bd8e8c-ea68-4b1c-8659-8d001c4f3b5c: start FollowerState
2019-10-17 07:43:35,134 [grpc-default-executor-1] INFO  impl.RoleInfo (RoleInfo.java:shutdownFollowerState(121)) - 24020d0b-ce61-4f5a-b0b0-c561541e8cd4: shutdown FollowerState
2019-10-17 07:43:35,135 [grpc-default-executor-1] INFO  impl.RoleInfo (RoleInfo.java:updateAndGet(143)) - 24020d0b-ce61-4f5a-b0b0-c561541e8cd4: start FollowerState
2019-10-17 07:43:35,135 [Thread-1895] INFO  impl.FollowerState (FollowerState.java:run(117)) - 24020d0b-ce61-4f5a-b0b0-c561541e8cd4@group-A9EE991D717F-FollowerState was interrupted: java.lang.InterruptedException: sleep interrupted
2019-10-17 07:43:35,174 [2a93f7e5-ecb9-41da-9c47-70e13ba76d7d@group-A9EE991D717F-LeaderElection222] INFO  impl.LeaderElection (LeaderElection.java:logAndReturn(56)) - 2a93f7e5-ecb9-41da-9c47-70e13ba76d7d@group-A9EE991D717F-LeaderElection222: Election REJECTED; received 2 response(s) [2a93f7e5-ecb9-41da-9c47-70e13ba76d7d<-37bd8e8c-ea68-4b1c-8659-8d001c4f3b5c#0:FAIL-t234, 2a93f7e5-ecb9-41da-9c47-70e13ba76d7d<-24020d0b-ce61-4f5a-b0b0-c561541e8cd4#0:FAIL-t234] and 0 exception(s); 2a93f7e5-ecb9-41da-9c47-70e13ba76d7d@group-A9EE991D717F:t234, leader=null, voted=2a93f7e5-ecb9-41da-9c47-70e13ba76d7d, raftlog=2a93f7e5-ecb9-41da-9c47-70e13ba76d7d@group-A9EE991D717F-SegmentedRaftLog:OPENED:c-1,f0,i0, conf=0: [37bd8e8c-ea68-4b1c-8659-8d001c4f3b5c:192.168.34.62:41632, 24020d0b-ce61-4f5a-b0b0-c561541e8cd4:192.168.34.62:42892, 2a93f7e5-ecb9-41da-9c47-70e13ba76d7d:192.168.34.62:35412], old=null
2019-10-17 07:43:35,174 [2a93f7e5-ecb9-41da-9c47-70e13ba76d7d@group-A9EE991D717F-LeaderElection222] INFO  impl.RaftServerImpl (RaftServerImpl.java:setRole(184)) - 2a93f7e5-ecb9-41da-9c47-70e13ba76d7d@group-A9EE991D717F: changes role from CANDIDATE to FOLLOWER at term 234 for DISCOVERED_A_NEW_TERM
2019-10-17 07:43:35,174 [2a93f7e5-ecb9-41da-9c47-70e13ba76d7d@group-A9EE991D717F-LeaderElection222] INFO  impl.RoleInfo (RoleInfo.java:shutdownLeaderElection(134)) - 2a93f7e5-ecb9-41da-9c47-70e13ba76d7d: shutdown LeaderElection
2019-10-17 07:43:35,175 [2a93f7e5-ecb9-41da-9c47-70e13ba76d7d@group-A9EE991D717F-LeaderElection222] INFO  impl.RoleInfo (RoleInfo.java:updateAndGet(143)) - 2a93f7e5-ecb9-41da-9c47-70e13ba76d7d: start FollowerState
2019-10-17 07:43:35,220 [Thread-1903] INFO  impl.FollowerState (FollowerState.java:run(108)) - 2a93f7e5-ecb9-41da-9c47-70e13ba76d7d@group-A9EE991D717F-FollowerState: change to CANDIDATE, lastRpcTime:45ms, electionTimeout:45ms
2019-10-17 07:43:35,220 [Thread-1903] INFO  impl.RoleInfo (RoleInfo.java:shutdownFollowerState(121)) - 2a93f7e5-ecb9-41da-9c47-70e13ba76d7d: shutdown FollowerState
2019-10-17 07:43:35,220 [Thread-1903] INFO  impl.RaftServerImpl (RaftServerImpl.java:setRole(184)) - 2a93f7e5-ecb9-41da-9c47-70e13ba76d7d@group-A9EE991D717F: changes role from  FOLLOWER to CANDIDATE at term 234 for changeToCandidate
2019-10-17 07:43:35,220 [Thread-1903] INFO  impl.RoleInfo (RoleInfo.java:updateAndGet(143)) - 2a93f7e5-ecb9-41da-9c47-70e13ba76d7d: start LeaderElection
2019-10-17 07:43:35,257 [2a93f7e5-ecb9-41da-9c47-70e13ba76d7d@group-A9EE991D717F-LeaderElection223] INFO  impl.LeaderElection (LeaderElection.java:askForVotes(178)) - 2a93f7e5-ecb9-41da-9c47-70e13ba76d7d@group-A9EE991D717F-LeaderElection223: begin an election at term 235 for 0: [37bd8e8c-ea68-4b1c-8659-8d001c4f3b5c:192.168.34.62:41632, 24020d0b-ce61-4f5a-b0b0-c561541e8cd4:192.168.34.62:42892, 2a93f7e5-ecb9-41da-9c47-70e13ba76d7d:192.168.34.62:35412], old=null
2019-10-17 07:43:35,259 [grpc-default-executor-1] INFO  impl.RaftServerImpl (RaftServerImpl.java:setRole(184)) - 37bd8e8c-ea68-4b1c-8659-8d001c4f3b5c@group-A9EE991D717F: changes role from  FOLLOWER to FOLLOWER at term 235 for recognizeCandidate:2a93f7e5-ecb9-41da-9c47-70e13ba76d7d
2019-10-17 07:43:35,259 [grpc-default-executor-1] INFO  impl.RoleInfo (RoleInfo.java:shutdownFollowerState(121)) - 37bd8e8c-ea68-4b1c-8659-8d001c4f3b5c: shutdown FollowerState
2019-10-17 07:43:35,259 [grpc-default-executor-1] INFO  impl.RoleInfo (RoleInfo.java:updateAndGet(143)) - 37bd8e8c-ea68-4b1c-8659-8d001c4f3b5c: start FollowerState
2019-10-17 07:43:35,260 [Thread-1901] INFO  impl.FollowerState (FollowerState.java:run(117)) - 37bd8e8c-ea68-4b1c-8659-8d001c4f3b5c@group-A9EE991D717F-FollowerState was interrupted: java.lang.InterruptedException: sleep interrupted
2019-10-17 07:43:35,260 [grpc-default-executor-0] INFO  impl.RaftServerImpl (RaftServerImpl.java:setRole(184)) - 24020d0b-ce61-4f5a-b0b0-c561541e8cd4@group-A9EE991D717F: changes role from  FOLLOWER to FOLLOWER at term 235 for recognizeCandidate:2a93f7e5-ecb9-41da-9c47-70e13ba76d7d
2019-10-17 07:43:35,260 [grpc-default-executor-0] INFO  impl.RoleInfo (RoleInfo.java:shutdownFollowerState(121)) - 24020d0b-ce61-4f5a-b0b0-c561541e8cd4: shutdown FollowerState
2019-10-17 07:43:35,260 [grpc-default-executor-0] INFO  impl.RoleInfo (RoleInfo.java:updateAndGet(143)) - 24020d0b-ce61-4f5a-b0b0-c561541e8cd4: start FollowerState
2019-10-17 07:43:35,260 [Thread-1902] INFO  impl.FollowerState (FollowerState.java:run(117)) - 24020d0b-ce61-4f5a-b0b0-c561541e8cd4@group-A9EE991D717F-FollowerState was interrupted: java.lang.InterruptedException: sleep interrupted
2019-10-17 07:43:35,286 [2a93f7e5-ecb9-41da-9c47-70e13ba76d7d@group-A9EE991D717F-LeaderElection223] INFO  impl.LeaderElection (LeaderElection.java:logAndReturn(56)) - 2a93f7e5-ecb9-41da-9c47-70e13ba76d7d@group-A9EE991D717F-LeaderElection223: Election REJECTED; received 2 response(s) [2a93f7e5-ecb9-41da-9c47-70e13ba76d7d<-37bd8e8c-ea68-4b1c-8659-8d001c4f3b5c#0:FAIL-t235, 2a93f7e5-ecb9-41da-9c47-70e13ba76d7d<-24020d0b-ce61-4f5a-b0b0-c561541e8cd4#0:FAIL-t235] and 0 exception(s); 2a93f7e5-ecb9-41da-9c47-70e13ba76d7d@group-A9EE991D717F:t235, leader=null, voted=2a93f7e5-ecb9-41da-9c47-70e13ba76d7d, raftlog=2a93f7e5-ecb9-41da-9c47-70e13ba76d7d@group-A9EE991D717F-SegmentedRaftLog:OPENED:c-1,f0,i0, conf=0: [37bd8e8c-ea68-4b1c-8659-8d001c4f3b5c:192.168.34.62:41632, 24020d0b-ce61-4f5a-b0b0-c561541e8cd4:192.168.34.62:42892, 2a93f7e5-ecb9-41da-9c47-70e13ba76d7d:192.168.34.62:35412], old=null
2019-10-17 07:43:35,286 [2a93f7e5-ecb9-41da-9c47-70e13ba76d7d@group-A9EE991D717F-LeaderElection223] INFO  impl.RaftServerImpl (RaftServerImpl.java:setRole(184)) - 2a93f7e5-ecb9-41da-9c47-70e13ba76d7d@group-A9EE991D717F: changes role from CANDIDATE to FOLLOWER at term 235 for DISCOVERED_A_NEW_TERM
2019-10-17 07:43:35,286 [2a93f7e5-ecb9-41da-9c47-70e13ba76d7d@group-A9EE991D717F-LeaderElection223] INFO  impl.RoleInfo (RoleInfo.java:shutdownLeaderElection(134)) - 2a93f7e5-ecb9-41da-9c47-70e13ba76d7d: shutdown LeaderElection
2019-10-17 07:43:35,286 [2a93f7e5-ecb9-41da-9c47-70e13ba76d7d@group-A9EE991D717F-LeaderElection223] INFO  impl.RoleInfo (RoleInfo.java:updateAndGet(143)) - 2a93f7e5-ecb9-41da-9c47-70e13ba76d7d: start FollowerState
2019-10-17 07:43:35,398 [Thread-1909] INFO  impl.FollowerState (FollowerState.java:run(108)) - 2a93f7e5-ecb9-41da-9c47-70e13ba76d7d@group-A9EE991D717F-FollowerState: change to CANDIDATE, lastRpcTime:111ms, electionTimeout:111ms
2019-10-17 07:43:35,398 [Thread-1909] INFO  impl.RoleInfo (RoleInfo.java:shutdownFollowerState(121)) - 2a93f7e5-ecb9-41da-9c47-70e13ba76d7d: shutdown FollowerState
2019-10-17 07:43:35,398 [Thread-1909] INFO  impl.RaftServerImpl (RaftServerImpl.java:setRole(184)) - 2a93f7e5-ecb9-41da-9c47-70e13ba76d7d@group-A9EE991D717F: changes role from  FOLLOWER to CANDIDATE at term 235 for changeToCandidate
2019-10-17 07:43:35,398 [Thread-1909] INFO  impl.RoleInfo (RoleInfo.java:updateAndGet(143)) - 2a93f7e5-ecb9-41da-9c47-70e13ba76d7d: start LeaderElection
2019-10-17 07:43:35,413 [2a93f7e5-ecb9-41da-9c47-70e13ba76d7d@group-A9EE991D717F-LeaderElection224] INFO  impl.LeaderElection (LeaderElection.java:askForVotes(178)) - 2a93f7e5-ecb9-41da-9c47-70e13ba76d7d@group-A9EE991D717F-LeaderElection224: begin an election at term 236 for 0: [37bd8e8c-ea68-4b1c-8659-8d001c4f3b5c:192.168.34.62:41632, 24020d0b-ce61-4f5a-b0b0-c561541e8cd4:192.168.34.62:42892, 2a93f7e5-ecb9-41da-9c47-70e13ba76d7d:192.168.34.62:35412], old=null
2019-10-17 07:43:35,417 [grpc-default-executor-1] INFO  impl.RaftServerImpl (RaftServerImpl.java:setRole(184)) - 37bd8e8c-ea68-4b1c-8659-8d001c4f3b5c@group-A9EE991D717F: changes role from  FOLLOWER to FOLLOWER at term 236 for recognizeCandidate:2a93f7e5-ecb9-41da-9c47-70e13ba76d7d
2019-10-17 07:43:35,417 [grpc-default-executor-0] INFO  impl.RaftServerImpl (RaftServerImpl.java:setRole(184)) - 24020d0b-ce61-4f5a-b0b0-c561541e8cd4@group-A9EE991D717F: changes role from  FOLLOWER to FOLLOWER at term 236 for recognizeCandidate:2a93f7e5-ecb9-41da-9c47-70e13ba76d7d
2019-10-17 07:43:35,417 [grpc-default-executor-0] INFO  impl.RoleInfo (RoleInfo.java:shutdownFollowerState(121)) - 24020d0b-ce61-4f5a-b0b0-c561541e8cd4: shutdown FollowerState
2019-10-17 07:43:35,417 [grpc-default-executor-1] INFO  impl.RoleInfo (RoleInfo.java:shutdownFollowerState(121)) - 37bd8e8c-ea68-4b1c-8659-8d001c4f3b5c: shutdown FollowerState
2019-10-17 07:43:35,417 [Thread-1908] INFO  impl.FollowerState (FollowerState.java:run(117)) - 24020d0b-ce61-4f5a-b0b0-c561541e8cd4@group-A9EE991D717F-FollowerState was interrupted: java.lang.InterruptedException: sleep interrupted
2019-10-17 07:43:35,417 [grpc-default-executor-0] INFO  impl.RoleInfo (RoleInfo.java:updateAndGet(143)) - 24020d0b-ce61-4f5a-b0b0-c561541e8cd4: start FollowerState
2019-10-17 07:43:35,417 [Thread-1907] INFO  impl.FollowerState (FollowerState.java:run(117)) - 37bd8e8c-ea68-4b1c-8659-8d001c4f3b5c@group-A9EE991D717F-FollowerState was interrupted: java.lang.InterruptedException: sleep interrupted
2019-10-17 07:43:35,417 [grpc-default-executor-1] INFO  impl.RoleInfo (RoleInfo.java:updateAndGet(143)) - 37bd8e8c-ea68-4b1c-8659-8d001c4f3b5c: start FollowerState
2019-10-17 07:43:35,432 [2a93f7e5-ecb9-41da-9c47-70e13ba76d7d@group-A9EE991D717F-LeaderElection224] INFO  impl.LeaderElection (LeaderElection.java:logAndReturn(56)) - 2a93f7e5-ecb9-41da-9c47-70e13ba76d7d@group-A9EE991D717F-LeaderElection224: Election REJECTED; received 2 response(s) [2a93f7e5-ecb9-41da-9c47-70e13ba76d7d<-37bd8e8c-ea68-4b1c-8659-8d001c4f3b5c#0:FAIL-t236, 2a93f7e5-ecb9-41da-9c47-70e13ba76d7d<-24020d0b-ce61-4f5a-b0b0-c561541e8cd4#0:FAIL-t236] and 0 exception(s); 2a93f7e5-ecb9-41da-9c47-70e13ba76d7d@group-A9EE991D717F:t236, leader=null, voted=2a93f7e5-ecb9-41da-9c47-70e13ba76d7d, raftlog=2a93f7e5-ecb9-41da-9c47-70e13ba76d7d@group-A9EE991D717F-SegmentedRaftLog:OPENED:c-1,f0,i0, conf=0: [37bd8e8c-ea68-4b1c-8659-8d001c4f3b5c:192.168.34.62:41632, 24020d0b-ce61-4f5a-b0b0-c561541e8cd4:192.168.34.62:42892, 2a93f7e5-ecb9-41da-9c47-70e13ba76d7d:192.168.34.62:35412], old=null
2019-10-17 07:43:35,432 [2a93f7e5-ecb9-41da-9c47-70e13ba76d7d@group-A9EE991D717F-LeaderElection224] INFO  impl.RaftServerImpl (RaftServerImpl.java:setRole(184)) - 2a93f7e5-ecb9-41da-9c47-70e13ba76d7d@group-A9EE991D717F: changes role from CANDIDATE to FOLLOWER at term 236 for DISCOVERED_A_NEW_TERM
2019-10-17 07:43:35,432 [2a93f7e5-ecb9-41da-9c47-70e13ba76d7d@group-A9EE991D717F-LeaderElection224] INFO  impl.RoleInfo (RoleInfo.java:shutdownLeaderElection(134)) - 2a93f7e5-ecb9-41da-9c47-70e13ba76d7d: shutdown LeaderElection
2019-10-17 07:43:35,433 [2a93f7e5-ecb9-41da-9c47-70e13ba76d7d@group-A9EE991D717F-LeaderElection224] INFO  impl.RoleInfo (RoleInfo.java:updateAndGet(143)) - 2a93f7e5-ecb9-41da-9c47-70e13ba76d7d: start FollowerState
2019-10-17 07:43:35,570 [Thread-1915] INFO  impl.FollowerState (FollowerState.java:run(108)) - 2a93f7e5-ecb9-41da-9c47-70e13ba76d7d@group-A9EE991D717F-FollowerState: change to CANDIDATE, lastRpcTime:137ms, electionTimeout:137ms
2019-10-17 07:43:35,570 [Thread-1915] INFO  impl.RoleInfo (RoleInfo.java:shutdownFollowerState(121)) - 2a93f7e5-ecb9-41da-9c47-70e13ba76d7d: shutdown FollowerState
2019-10-17 07:43:35,571 [Thread-1915] INFO  impl.RaftServerImpl (RaftServerImpl.java:setRole(184)) - 2a93f7e5-ecb9-41da-9c47-70e13ba76d7d@group-A9EE991D717F: changes role from  FOLLOWER to CANDIDATE at term 236 for changeToCandidate
2019-10-17 07:43:35,571 [Thread-1915] INFO  impl.RoleInfo (RoleInfo.java:updateAndGet(143)) - 2a93f7e5-ecb9-41da-9c47-70e13ba76d7d: start LeaderElection
2019-10-17 07:43:35,595 [2a93f7e5-ecb9-41da-9c47-70e13ba76d7d@group-A9EE991D717F-LeaderElection225] INFO  impl.LeaderElection (LeaderElection.java:askForVotes(178)) - 2a93f7e5-ecb9-41da-9c47-70e13ba76d7d@group-A9EE991D717F-LeaderElection225: begin an election at term 237 for 0: [37bd8e8c-ea68-4b1c-8659-8d001c4f3b5c:192.168.34.62:41632, 24020d0b-ce61-4f5a-b0b0-c561541e8cd4:192.168.34.62:42892, 2a93f7e5-ecb9-41da-9c47-70e13ba76d7d:192.168.34.62:35412], old=null
2019-10-17 07:43:35,598 [grpc-default-executor-0] INFO  impl.RaftServerImpl (RaftServerImpl.java:setRole(184)) - 24020d0b-ce61-4f5a-b0b0-c561541e8cd4@group-A9EE991D717F: changes role from  FOLLOWER to FOLLOWER at term 237 for recognizeCandidate:2a93f7e5-ecb9-41da-9c47-70e13ba76d7d
2019-10-17 07:43:35,598 [grpc-default-executor-0] INFO  impl.RoleInfo (RoleInfo.java:shutdownFollowerState(121)) - 24020d0b-ce61-4f5a-b0b0-c561541e8cd4: shutdown FollowerState
2019-10-17 07:43:35,598 [grpc-default-executor-1] INFO  impl.RaftServerImpl (RaftServerImpl.java:setRole(184)) - 37bd8e8c-ea68-4b1c-8659-8d001c4f3b5c@group-A9EE991D717F: changes role from  FOLLOWER to FOLLOWER at term 237 for recognizeCandidate:2a93f7e5-ecb9-41da-9c47-70e13ba76d7d
2019-10-17 07:43:35,598 [Thread-1913] INFO  impl.FollowerState (FollowerState.java:run(117)) - 24020d0b-ce61-4f5a-b0b0-c561541e8cd4@group-A9EE991D717F-FollowerState was interrupted: java.lang.InterruptedException: sleep interrupted
2019-10-17 07:43:35,599 [grpc-default-executor-1] INFO  impl.RoleInfo (RoleInfo.java:shutdownFollowerState(121)) - 37bd8e8c-ea68-4b1c-8659-8d001c4f3b5c: shutdown FollowerState
2019-10-17 07:43:35,598 [grpc-default-executor-0] INFO  impl.RoleInfo (RoleInfo.java:updateAndGet(143)) - 24020d0b-ce61-4f5a-b0b0-c561541e8cd4: start FollowerState
2019-10-17 07:43:35,599 [Thread-1914] INFO  impl.FollowerState (FollowerState.java:run(117)) - 37bd8e8c-ea68-4b1c-8659-8d001c4f3b5c@group-A9EE991D717F-FollowerState was interrupted: java.lang.InterruptedException: sleep interrupted
2019-10-17 07:43:35,599 [grpc-default-executor-1] INFO  impl.RoleInfo (RoleInfo.java:updateAndGet(143)) - 37bd8e8c-ea68-4b1c-8659-8d001c4f3b5c: start FollowerState
2019-10-17 07:43:35,625 [2a93f7e5-ecb9-41da-9c47-70e13ba76d7d@group-A9EE991D717F-LeaderElection225] INFO  impl.LeaderElection (LeaderElection.java:logAndReturn(56)) - 2a93f7e5-ecb9-41da-9c47-70e13ba76d7d@group-A9EE991D717F-LeaderElection225: Election REJECTED; received 2 response(s) [2a93f7e5-ecb9-41da-9c47-70e13ba76d7d<-37bd8e8c-ea68-4b1c-8659-8d001c4f3b5c#0:FAIL-t237, 2a93f7e5-ecb9-41da-9c47-70e13ba76d7d<-24020d0b-ce61-4f5a-b0b0-c561541e8cd4#0:FAIL-t237] and 0 exception(s); 2a93f7e5-ecb9-41da-9c47-70e13ba76d7d@group-A9EE991D717F:t237, leader=null, voted=2a93f7e5-ecb9-41da-9c47-70e13ba76d7d, raftlog=2a93f7e5-ecb9-41da-9c47-70e13ba76d7d@group-A9EE991D717F-SegmentedRaftLog:OPENED:c-1,f0,i0, conf=0: [37bd8e8c-ea68-4b1c-8659-8d001c4f3b5c:192.168.34.62:41632, 24020d0b-ce61-4f5a-b0b0-c561541e8cd4:192.168.34.62:42892, 2a93f7e5-ecb9-41da-9c47-70e13ba76d7d:192.168.34.62:35412], old=null
2019-10-17 07:43:35,625 [2a93f7e5-ecb9-41da-9c47-70e13ba76d7d@group-A9EE991D717F-LeaderElection225] INFO  impl.RaftServerImpl (RaftServerImpl.java:setRole(184)) - 2a93f7e5-ecb9-41da-9c47-70e13ba76d7d@group-A9EE991D717F: changes role from CANDIDATE to FOLLOWER at term 237 for DISCOVERED_A_NEW_TERM
2019-10-17 07:43:35,625 [2a93f7e5-ecb9-41da-9c47-70e13ba76d7d@group-A9EE991D717F-LeaderElection225] INFO  impl.RoleInfo (RoleInfo.java:shutdownLeaderElection(134)) - 2a93f7e5-ecb9-41da-9c47-70e13ba76d7d: shutdown LeaderElection
2019-10-17 07:43:35,625 [2a93f7e5-ecb9-41da-9c47-70e13ba76d7d@group-A9EE991D717F-LeaderElection225] INFO  impl.RoleInfo (RoleInfo.java:updateAndGet(143)) - 2a93f7e5-ecb9-41da-9c47-70e13ba76d7d: start FollowerState
2019-10-17 07:43:35,661 [Thread-1921] INFO  impl.FollowerState (FollowerState.java:run(108)) - 2a93f7e5-ecb9-41da-9c47-70e13ba76d7d@group-A9EE991D717F-FollowerState: change to CANDIDATE, lastRpcTime:36ms, electionTimeout:36ms
2019-10-17 07:43:35,662 [Thread-1921] INFO  impl.RoleInfo (RoleInfo.java:shutdownFollowerState(121)) - 2a93f7e5-ecb9-41da-9c47-70e13ba76d7d: shutdown FollowerState
2019-10-17 07:43:35,662 [Thread-1921] INFO  impl.RaftServerImpl (RaftServerImpl.java:setRole(184)) - 2a93f7e5-ecb9-41da-9c47-70e13ba76d7d@group-A9EE991D717F: changes role from  FOLLOWER to CANDIDATE at term 237 for changeToCandidate
2019-10-17 07:43:35,662 [Thread-1921] INFO  impl.RoleInfo (RoleInfo.java:updateAndGet(143)) - 2a93f7e5-ecb9-41da-9c47-70e13ba76d7d: start LeaderElection
2019-10-17 07:43:35,687 [2a93f7e5-ecb9-41da-9c47-70e13ba76d7d@group-A9EE991D717F-LeaderElection226] INFO  impl.LeaderElection (LeaderElection.java:askForVotes(178)) - 2a93f7e5-ecb9-41da-9c47-70e13ba76d7d@group-A9EE991D717F-LeaderElection226: begin an election at term 238 for 0: [37bd8e8c-ea68-4b1c-8659-8d001c4f3b5c:192.168.34.62:41632, 24020d0b-ce61-4f5a-b0b0-c561541e8cd4:192.168.34.62:42892, 2a93f7e5-ecb9-41da-9c47-70e13ba76d7d:192.168.34.62:35412], old=null
2019-10-17 07:43:35,689 [grpc-default-executor-0] INFO  impl.RaftServerImpl (RaftServerImpl.java:setRole(184)) - 37bd8e8c-ea68-4b1c-8659-8d001c4f3b5c@group-A9EE991D717F: changes role from  FOLLOWER to FOLLOWER at term 238 for recognizeCandidate:2a93f7e5-ecb9-41da-9c47-70e13ba76d7d
2019-10-17 07:43:35,689 [grpc-default-executor-0] INFO  impl.RoleInfo (RoleInfo.java:shutdownFollowerState(121)) - 37bd8e8c-ea68-4b1c-8659-8d001c4f3b5c: shutdown FollowerState
2019-10-17 07:43:35,689 [grpc-default-executor-0] INFO  impl.RoleInfo (RoleInfo.java:updateAndGet(143)) - 37bd8e8c-ea68-4b1c-8659-8d001c4f3b5c: start FollowerState
2019-10-17 07:43:35,690 [Thread-1920] INFO  impl.FollowerState (FollowerState.java:run(117)) - 37bd8e8c-ea68-4b1c-8659-8d001c4f3b5c@group-A9EE991D717F-FollowerState was interrupted: java.lang.InterruptedException: sleep interrupted
2019-10-17 07:43:35,690 [grpc-default-executor-1] INFO  impl.RaftServerImpl (RaftServerImpl.java:setRole(184)) - 24020d0b-ce61-4f5a-b0b0-c561541e8cd4@group-A9EE991D717F: changes role from  FOLLOWER to FOLLOWER at term 238 for recognizeCandidate:2a93f7e5-ecb9-41da-9c47-70e13ba76d7d
2019-10-17 07:43:35,690 [grpc-default-executor-1] INFO  impl.RoleInfo (RoleInfo.java:shutdownFollowerState(121)) - 24020d0b-ce61-4f5a-b0b0-c561541e8cd4: shutdown FollowerState
2019-10-17 07:43:35,690 [grpc-default-executor-1] INFO  impl.RoleInfo (RoleInfo.java:updateAndGet(143)) - 24020d0b-ce61-4f5a-b0b0-c561541e8cd4: start FollowerState
2019-10-17 07:43:35,690 [Thread-1919] INFO  impl.FollowerState (FollowerState.java:run(117)) - 24020d0b-ce61-4f5a-b0b0-c561541e8cd4@group-A9EE991D717F-FollowerState was interrupted: java.lang.InterruptedException: sleep interrupted
2019-10-17 07:43:35,709 [2a93f7e5-ecb9-41da-9c47-70e13ba76d7d@group-A9EE991D717F-LeaderElection226] INFO  impl.LeaderElection (LeaderElection.java:logAndReturn(56)) - 2a93f7e5-ecb9-41da-9c47-70e13ba76d7d@group-A9EE991D717F-LeaderElection226: Election REJECTED; received 2 response(s) [2a93f7e5-ecb9-41da-9c47-70e13ba76d7d<-37bd8e8c-ea68-4b1c-8659-8d001c4f3b5c#0:FAIL-t238, 2a93f7e5-ecb9-41da-9c47-70e13ba76d7d<-24020d0b-ce61-4f5a-b0b0-c561541e8cd4#0:FAIL-t238] and 0 exception(s); 2a93f7e5-ecb9-41da-9c47-70e13ba76d7d@group-A9EE991D717F:t238, leader=null, voted=2a93f7e5-ecb9-41da-9c47-70e13ba76d7d, raftlog=2a93f7e5-ecb9-41da-9c47-70e13ba76d7d@group-A9EE991D717F-SegmentedRaftLog:OPENED:c-1,f0,i0, conf=0: [37bd8e8c-ea68-4b1c-8659-8d001c4f3b5c:192.168.34.62:41632, 24020d0b-ce61-4f5a-b0b0-c561541e8cd4:192.168.34.62:42892, 2a93f7e5-ecb9-41da-9c47-70e13ba76d7d:192.168.34.62:35412], old=null
2019-10-17 07:43:35,709 [2a93f7e5-ecb9-41da-9c47-70e13ba76d7d@group-A9EE991D717F-LeaderElection226] INFO  impl.RaftServerImpl (RaftServerImpl.java:setRole(184)) - 2a93f7e5-ecb9-41da-9c47-70e13ba76d7d@group-A9EE991D717F: changes role from CANDIDATE to FOLLOWER at term 238 for DISCOVERED_A_NEW_TERM
2019-10-17 07:43:35,709 [2a93f7e5-ecb9-41da-9c47-70e13ba76d7d@group-A9EE991D717F-LeaderElection226] INFO  impl.RoleInfo (RoleInfo.java:shutdownLeaderElection(134)) - 2a93f7e5-ecb9-41da-9c47-70e13ba76d7d: shutdown LeaderElection
2019-10-17 07:43:35,709 [2a93f7e5-ecb9-41da-9c47-70e13ba76d7d@group-A9EE991D717F-LeaderElection226] INFO  impl.RoleInfo (RoleInfo.java:updateAndGet(143)) - 2a93f7e5-ecb9-41da-9c47-70e13ba76d7d: start FollowerState
2019-10-17 07:43:35,861 [Thread-1927] INFO  impl.FollowerState (FollowerState.java:run(108)) - 2a93f7e5-ecb9-41da-9c47-70e13ba76d7d@group-A9EE991D717F-FollowerState: change to CANDIDATE, lastRpcTime:151ms, electionTimeout:151ms
2019-10-17 07:43:35,862 [Thread-1927] INFO  impl.RoleInfo (RoleInfo.java:shutdownFollowerState(121)) - 2a93f7e5-ecb9-41da-9c47-70e13ba76d7d: shutdown FollowerState
2019-10-17 07:43:35,862 [Thread-1927] INFO  impl.RaftServerImpl (RaftServerImpl.java:setRole(184)) - 2a93f7e5-ecb9-41da-9c47-70e13ba76d7d@group-A9EE991D717F: changes role from  FOLLOWER to CANDIDATE at term 238 for changeToCandidate
2019-10-17 07:43:35,863 [Thread-1927] INFO  impl.RoleInfo (RoleInfo.java:updateAndGet(143)) - 2a93f7e5-ecb9-41da-9c47-70e13ba76d7d: start LeaderElection
2019-10-17 07:43:35,887 [2a93f7e5-ecb9-41da-9c47-70e13ba76d7d@group-A9EE991D717F-LeaderElection227] INFO  impl.LeaderElection (LeaderElection.java:askForVotes(178)) - 2a93f7e5-ecb9-41da-9c47-70e13ba76d7d@group-A9EE991D717F-LeaderElection227: begin an election at term 239 for 0: [37bd8e8c-ea68-4b1c-8659-8d001c4f3b5c:192.168.34.62:41632, 24020d0b-ce61-4f5a-b0b0-c561541e8cd4:192.168.34.62:42892, 2a93f7e5-ecb9-41da-9c47-70e13ba76d7d:192.168.34.62:35412], old=null
2019-10-17 07:43:35,896 [grpc-default-executor-0] INFO  impl.RaftServerImpl (RaftServerImpl.java:setRole(184)) - 24020d0b-ce61-4f5a-b0b0-c561541e8cd4@group-A9EE991D717F: changes role from  FOLLOWER to FOLLOWER at term 239 for recognizeCandidate:2a93f7e5-ecb9-41da-9c47-70e13ba76d7d
2019-10-17 07:43:35,896 [grpc-default-executor-1] INFO  impl.RaftServerImpl (RaftServerImpl.java:setRole(184)) - 37bd8e8c-ea68-4b1c-8659-8d001c4f3b5c@group-A9EE991D717F: changes role from  FOLLOWER to FOLLOWER at term 239 for recognizeCandidate:2a93f7e5-ecb9-41da-9c47-70e13ba76d7d
2019-10-17 07:43:35,896 [grpc-default-executor-0] INFO  impl.RoleInfo (RoleInfo.java:shutdownFollowerState(121)) - 24020d0b-ce61-4f5a-b0b0-c561541e8cd4: shutdown FollowerState
2019-10-17 07:43:35,897 [grpc-default-executor-1] INFO  impl.RoleInfo (RoleInfo.java:shutdownFollowerState(121)) - 37bd8e8c-ea68-4b1c-8659-8d001c4f3b5c: shutdown FollowerState
2019-10-17 07:43:35,897 [Thread-1926] INFO  impl.FollowerState (FollowerState.java:run(117)) - 24020d0b-ce61-4f5a-b0b0-c561541e8cd4@group-A9EE991D717F-FollowerState was interrupted: java.lang.InterruptedException: sleep interrupted
2019-10-17 07:43:35,897 [Thread-1925] INFO  impl.FollowerState (FollowerState.java:run(117)) - 37bd8e8c-ea68-4b1c-8659-8d001c4f3b5c@group-A9EE991D717F-FollowerState was interrupted: java.lang.InterruptedException: sleep interrupted
2019-10-17 07:43:35,897 [grpc-default-executor-0] INFO  impl.RoleInfo (RoleInfo.java:updateAndGet(143)) - 24020d0b-ce61-4f5a-b0b0-c561541e8cd4: start FollowerState
2019-10-17 07:43:35,897 [grpc-default-executor-1] INFO  impl.RoleInfo (RoleInfo.java:updateAndGet(143)) - 37bd8e8c-ea68-4b1c-8659-8d001c4f3b5c: start FollowerState
2019-10-17 07:43:35,923 [2a93f7e5-ecb9-41da-9c47-70e13ba76d7d@group-A9EE991D717F-LeaderElection227] INFO  impl.LeaderElection (LeaderElection.java:logAndReturn(56)) - 2a93f7e5-ecb9-41da-9c47-70e13ba76d7d@group-A9EE991D717F-LeaderElection227: Election REJECTED; received 2 response(s) [2a93f7e5-ecb9-41da-9c47-70e13ba76d7d<-37bd8e8c-ea68-4b1c-8659-8d001c4f3b5c#0:FAIL-t239, 2a93f7e5-ecb9-41da-9c47-70e13ba76d7d<-24020d0b-ce61-4f5a-b0b0-c561541e8cd4#0:FAIL-t239] and 0 exception(s); 2a93f7e5-ecb9-41da-9c47-70e13ba76d7d@group-A9EE991D717F:t239, leader=null, voted=2a93f7e5-ecb9-41da-9c47-70e13ba76d7d, raftlog=2a93f7e5-ecb9-41da-9c47-70e13ba76d7d@group-A9EE991D717F-SegmentedRaftLog:OPENED:c-1,f0,i0, conf=0: [37bd8e8c-ea68-4b1c-8659-8d001c4f3b5c:192.168.34.62:41632, 24020d0b-ce61-4f5a-b0b0-c561541e8cd4:192.168.34.62:42892, 2a93f7e5-ecb9-41da-9c47-70e13ba76d7d:192.168.34.62:35412], old=null
2019-10-17 07:43:35,923 [2a93f7e5-ecb9-41da-9c47-70e13ba76d7d@group-A9EE991D717F-LeaderElection227] INFO  impl.RaftServerImpl (RaftServerImpl.java:setRole(184)) - 2a93f7e5-ecb9-41da-9c47-70e13ba76d7d@group-A9EE991D717F: changes role from CANDIDATE to FOLLOWER at term 239 for DISCOVERED_A_NEW_TERM
2019-10-17 07:43:35,923 [2a93f7e5-ecb9-41da-9c47-70e13ba76d7d@group-A9EE991D717F-LeaderElection227] INFO  impl.RoleInfo (RoleInfo.java:shutdownLeaderElection(134)) - 2a93f7e5-ecb9-41da-9c47-70e13ba76d7d: shutdown LeaderElection
2019-10-17 07:43:35,924 [2a93f7e5-ecb9-41da-9c47-70e13ba76d7d@group-A9EE991D717F-LeaderElection227] INFO  impl.RoleInfo (RoleInfo.java:updateAndGet(143)) - 2a93f7e5-ecb9-41da-9c47-70e13ba76d7d: start FollowerState
2019-10-17 07:43:36,008 [Thread-1933] INFO  impl.FollowerState (FollowerState.java:run(108)) - 2a93f7e5-ecb9-41da-9c47-70e13ba76d7d@group-A9EE991D717F-FollowerState: change to CANDIDATE, lastRpcTime:84ms, electionTimeout:84ms
2019-10-17 07:43:36,008 [Thread-1933] INFO  impl.RoleInfo (RoleInfo.java:shutdownFollowerState(121)) - 2a93f7e5-ecb9-41da-9c47-70e13ba76d7d: shutdown FollowerState
2019-10-17 07:43:36,009 [Thread-1933] INFO  impl.RaftServerImpl (RaftServerImpl.java:setRole(184)) - 2a93f7e5-ecb9-41da-9c47-70e13ba76d7d@group-A9EE991D717F: changes role from  FOLLOWER to CANDIDATE at term 239 for changeToCandidate
2019-10-17 07:43:36,009 [Thread-1933] INFO  impl.RoleInfo (RoleInfo.java:updateAndGet(143)) - 2a93f7e5-ecb9-41da-9c47-70e13ba76d7d: start LeaderElection
2019-10-17 07:43:36,022 [2a93f7e5-ecb9-41da-9c47-70e13ba76d7d@group-A9EE991D717F-LeaderElection228] INFO  impl.LeaderElection (LeaderElection.java:askForVotes(178)) - 2a93f7e5-ecb9-41da-9c47-70e13ba76d7d@group-A9EE991D717F-LeaderElection228: begin an election at term 240 for 0: [37bd8e8c-ea68-4b1c-8659-8d001c4f3b5c:192.168.34.62:41632, 24020d0b-ce61-4f5a-b0b0-c561541e8cd4:192.168.34.62:42892, 2a93f7e5-ecb9-41da-9c47-70e13ba76d7d:192.168.34.62:35412], old=null
2019-10-17 07:43:36,024 [grpc-default-executor-1] INFO  impl.RaftServerImpl (RaftServerImpl.java:setRole(184)) - 37bd8e8c-ea68-4b1c-8659-8d001c4f3b5c@group-A9EE991D717F: changes role from  FOLLOWER to FOLLOWER at term 240 for recognizeCandidate:2a93f7e5-ecb9-41da-9c47-70e13ba76d7d
2019-10-17 07:43:36,025 [grpc-default-executor-1] INFO  impl.RoleInfo (RoleInfo.java:shutdownFollowerState(121)) - 37bd8e8c-ea68-4b1c-8659-8d001c4f3b5c: shutdown FollowerState
2019-10-17 07:43:36,025 [grpc-default-executor-0] INFO  impl.RaftServerImpl (RaftServerImpl.java:setRole(184)) - 24020d0b-ce61-4f5a-b0b0-c561541e8cd4@group-A9EE991D717F: changes role from  FOLLOWER to FOLLOWER at term 240 for recognizeCandidate:2a93f7e5-ecb9-41da-9c47-70e13ba76d7d
2019-10-17 07:43:36,025 [Thread-1932] INFO  impl.FollowerState (FollowerState.java:run(117)) - 37bd8e8c-ea68-4b1c-8659-8d001c4f3b5c@group-A9EE991D717F-FollowerState was interrupted: java.lang.InterruptedException: sleep interrupted
2019-10-17 07:43:36,025 [grpc-default-executor-1] INFO  impl.RoleInfo (RoleInfo.java:updateAndGet(143)) - 37bd8e8c-ea68-4b1c-8659-8d001c4f3b5c: start FollowerState
2019-10-17 07:43:36,025 [grpc-default-executor-0] INFO  impl.RoleInfo (RoleInfo.java:shutdownFollowerState(121)) - 24020d0b-ce61-4f5a-b0b0-c561541e8cd4: shutdown FollowerState
2019-10-17 07:43:36,026 [grpc-default-executor-0] INFO  impl.RoleInfo (RoleInfo.java:updateAndGet(143)) - 24020d0b-ce61-4f5a-b0b0-c561541e8cd4: start FollowerState
2019-10-17 07:43:36,026 [Thread-1931] INFO  impl.FollowerState (FollowerState.java:run(117)) - 24020d0b-ce61-4f5a-b0b0-c561541e8cd4@group-A9EE991D717F-FollowerState was interrupted: java.lang.InterruptedException: sleep interrupted
2019-10-17 07:43:36,040 [2a93f7e5-ecb9-41da-9c47-70e13ba76d7d@group-A9EE991D717F-LeaderElection228] INFO  impl.LeaderElection (LeaderElection.java:logAndReturn(56)) - 2a93f7e5-ecb9-41da-9c47-70e13ba76d7d@group-A9EE991D717F-LeaderElection228: Election TIMEOUT; received 0 response(s) [] and 0 exception(s); 2a93f7e5-ecb9-41da-9c47-70e13ba76d7d@group-A9EE991D717F:t240, leader=null, voted=2a93f7e5-ecb9-41da-9c47-70e13ba76d7d, raftlog=2a93f7e5-ecb9-41da-9c47-70e13ba76d7d@group-A9EE991D717F-SegmentedRaftLog:OPENED:c-1,f0,i0, conf=0: [37bd8e8c-ea68-4b1c-8659-8d001c4f3b5c:192.168.34.62:41632, 24020d0b-ce61-4f5a-b0b0-c561541e8cd4:192.168.34.62:42892, 2a93f7e5-ecb9-41da-9c47-70e13ba76d7d:192.168.34.62:35412], old=null
2019-10-17 07:43:36,071 [2a93f7e5-ecb9-41da-9c47-70e13ba76d7d@group-A9EE991D717F-LeaderElection228] INFO  impl.LeaderElection (LeaderElection.java:askForVotes(178)) - 2a93f7e5-ecb9-41da-9c47-70e13ba76d7d@group-A9EE991D717F-LeaderElection228: begin an election at term 241 for 0: [37bd8e8c-ea68-4b1c-8659-8d001c4f3b5c:192.168.34.62:41632, 24020d0b-ce61-4f5a-b0b0-c561541e8cd4:192.168.34.62:42892, 2a93f7e5-ecb9-41da-9c47-70e13ba76d7d:192.168.34.62:35412], old=null
2019-10-17 07:43:36,073 [grpc-default-executor-1] INFO  impl.RaftServerImpl (RaftServerImpl.java:setRole(184)) - 37bd8e8c-ea68-4b1c-8659-8d001c4f3b5c@group-A9EE991D717F: changes role from  FOLLOWER to FOLLOWER at term 241 for recognizeCandidate:2a93f7e5-ecb9-41da-9c47-70e13ba76d7d
2019-10-17 07:43:36,073 [grpc-default-executor-1] INFO  impl.RoleInfo (RoleInfo.java:shutdownFollowerState(121)) - 37bd8e8c-ea68-4b1c-8659-8d001c4f3b5c: shutdown FollowerState
2019-10-17 07:43:36,074 [grpc-default-executor-1] INFO  impl.RoleInfo (RoleInfo.java:updateAndGet(143)) - 37bd8e8c-ea68-4b1c-8659-8d001c4f3b5c: start FollowerState
2019-10-17 07:43:36,074 [grpc-default-executor-0] INFO  impl.RaftServerImpl (RaftServerImpl.java:setRole(184)) - 24020d0b-ce61-4f5a-b0b0-c561541e8cd4@group-A9EE991D717F: changes role from  FOLLOWER to FOLLOWER at term 241 for recognizeCandidate:2a93f7e5-ecb9-41da-9c47-70e13ba76d7d
2019-10-17 07:43:36,074 [grpc-default-executor-0] INFO  impl.RoleInfo (RoleInfo.java:shutdownFollowerState(121)) - 24020d0b-ce61-4f5a-b0b0-c561541e8cd4: shutdown FollowerState
2019-10-17 07:43:36,074 [Thread-1937] INFO  impl.FollowerState (FollowerState.java:run(117)) - 37bd8e8c-ea68-4b1c-8659-8d001c4f3b5c@group-A9EE991D717F-FollowerState was interrupted: java.lang.InterruptedException: sleep interrupted
2019-10-17 07:43:36,074 [grpc-default-executor-0] INFO  impl.RoleInfo (RoleInfo.java:updateAndGet(143)) - 24020d0b-ce61-4f5a-b0b0-c561541e8cd4: start FollowerState
2019-10-17 07:43:36,074 [Thread-1938] INFO  impl.FollowerState (FollowerState.java:run(117)) - 24020d0b-ce61-4f5a-b0b0-c561541e8cd4@group-A9EE991D717F-FollowerState was interrupted: java.lang.InterruptedException: sleep interrupted
2019-10-17 07:43:36,098 [2a93f7e5-ecb9-41da-9c47-70e13ba76d7d@group-A9EE991D717F-LeaderElection228] INFO  impl.LeaderElection (LeaderElection.java:logAndReturn(56)) - 2a93f7e5-ecb9-41da-9c47-70e13ba76d7d@group-A9EE991D717F-LeaderElection228: Election REJECTED; received 2 response(s) [2a93f7e5-ecb9-41da-9c47-70e13ba76d7d<-37bd8e8c-ea68-4b1c-8659-8d001c4f3b5c#0:FAIL-t241, 2a93f7e5-ecb9-41da-9c47-70e13ba76d7d<-24020d0b-ce61-4f5a-b0b0-c561541e8cd4#0:FAIL-t241] and 0 exception(s); 2a93f7e5-ecb9-41da-9c47-70e13ba76d7d@group-A9EE991D717F:t241, leader=null, voted=2a93f7e5-ecb9-41da-9c47-70e13ba76d7d, raftlog=2a93f7e5-ecb9-41da-9c47-70e13ba76d7d@group-A9EE991D717F-SegmentedRaftLog:OPENED:c-1,f0,i0, conf=0: [37bd8e8c-ea68-4b1c-8659-8d001c4f3b5c:192.168.34.62:41632, 24020d0b-ce61-4f5a-b0b0-c561541e8cd4:192.168.34.62:42892, 2a93f7e5-ecb9-41da-9c47-70e13ba76d7d:192.168.34.62:35412], old=null
2019-10-17 07:43:36,098 [2a93f7e5-ecb9-41da-9c47-70e13ba76d7d@group-A9EE991D717F-LeaderElection228] INFO  impl.RaftServerImpl (RaftServerImpl.java:setRole(184)) - 2a93f7e5-ecb9-41da-9c47-70e13ba76d7d@group-A9EE991D717F: changes role from CANDIDATE to FOLLOWER at term 241 for DISCOVERED_A_NEW_TERM
2019-10-17 07:43:36,098 [2a93f7e5-ecb9-41da-9c47-70e13ba76d7d@group-A9EE991D717F-LeaderElection228] INFO  impl.RoleInfo (RoleInfo.java:shutdownLeaderElection(134)) - 2a93f7e5-ecb9-41da-9c47-70e13ba76d7d: shutdown LeaderElection
2019-10-17 07:43:36,098 [2a93f7e5-ecb9-41da-9c47-70e13ba76d7d@group-A9EE991D717F-LeaderElection228] INFO  impl.RoleInfo (RoleInfo.java:updateAndGet(143)) - 2a93f7e5-ecb9-41da-9c47-70e13ba76d7d: start FollowerState
2019-10-17 07:43:36,191 [Thread-1943] INFO  impl.FollowerState (FollowerState.java:run(108)) - 2a93f7e5-ecb9-41da-9c47-70e13ba76d7d@group-A9EE991D717F-FollowerState: change to CANDIDATE, lastRpcTime:93ms, electionTimeout:93ms
2019-10-17 07:43:36,192 [Thread-1943] INFO  impl.RoleInfo (RoleInfo.java:shutdownFollowerState(121)) - 2a93f7e5-ecb9-41da-9c47-70e13ba76d7d: shutdown FollowerState
2019-10-17 07:43:36,192 [Thread-1943] INFO  impl.RaftServerImpl (RaftServerImpl.java:setRole(184)) - 2a93f7e5-ecb9-41da-9c47-70e13ba76d7d@group-A9EE991D717F: changes role from  FOLLOWER to CANDIDATE at term 241 for changeToCandidate
2019-10-17 07:43:36,192 [Thread-1943] INFO  impl.RoleInfo (RoleInfo.java:updateAndGet(143)) - 2a93f7e5-ecb9-41da-9c47-70e13ba76d7d: start LeaderElection
2019-10-17 07:43:36,215 [2a93f7e5-ecb9-41da-9c47-70e13ba76d7d@group-A9EE991D717F-LeaderElection229] INFO  impl.LeaderElection (LeaderElection.java:askForVotes(178)) - 2a93f7e5-ecb9-41da-9c47-70e13ba76d7d@group-A9EE991D717F-LeaderElection229: begin an election at term 242 for 0: [37bd8e8c-ea68-4b1c-8659-8d001c4f3b5c:192.168.34.62:41632, 24020d0b-ce61-4f5a-b0b0-c561541e8cd4:192.168.34.62:42892, 2a93f7e5-ecb9-41da-9c47-70e13ba76d7d:192.168.34.62:35412], old=null
2019-10-17 07:43:36,218 [grpc-default-executor-1] INFO  impl.RaftServerImpl (RaftServerImpl.java:setRole(184)) - 37bd8e8c-ea68-4b1c-8659-8d001c4f3b5c@group-A9EE991D717F: changes role from  FOLLOWER to FOLLOWER at term 242 for recognizeCandidate:2a93f7e5-ecb9-41da-9c47-70e13ba76d7d
2019-10-17 07:43:36,218 [grpc-default-executor-1] INFO  impl.RoleInfo (RoleInfo.java:shutdownFollowerState(121)) - 37bd8e8c-ea68-4b1c-8659-8d001c4f3b5c: shutdown FollowerState
2019-10-17 07:43:36,218 [grpc-default-executor-0] INFO  impl.RaftServerImpl (RaftServerImpl.java:setRole(184)) - 24020d0b-ce61-4f5a-b0b0-c561541e8cd4@group-A9EE991D717F: changes role from  FOLLOWER to FOLLOWER at term 242 for recognizeCandidate:2a93f7e5-ecb9-41da-9c47-70e13ba76d7d
2019-10-17 07:43:36,218 [Thread-1941] INFO  impl.FollowerState (FollowerState.java:run(117)) - 37bd8e8c-ea68-4b1c-8659-8d001c4f3b5c@group-A9EE991D717F-FollowerState was interrupted: java.lang.InterruptedException: sleep interrupted
2019-10-17 07:43:36,218 [grpc-default-executor-1] INFO  impl.RoleInfo (RoleInfo.java:updateAndGet(143)) - 37bd8e8c-ea68-4b1c-8659-8d001c4f3b5c: start FollowerState
2019-10-17 07:43:36,218 [grpc-default-executor-0] INFO  impl.RoleInfo (RoleInfo.java:shutdownFollowerState(121)) - 24020d0b-ce61-4f5a-b0b0-c561541e8cd4: shutdown FollowerState
2019-10-17 07:43:36,219 [grpc-default-executor-0] INFO  impl.RoleInfo (RoleInfo.java:updateAndGet(143)) - 24020d0b-ce61-4f5a-b0b0-c561541e8cd4: start FollowerState
2019-10-17 07:43:36,219 [Thread-1942] INFO  impl.FollowerState (FollowerState.java:run(117)) - 24020d0b-ce61-4f5a-b0b0-c561541e8cd4@group-A9EE991D717F-FollowerState was interrupted: java.lang.InterruptedException: sleep interrupted
2019-10-17 07:43:36,244 [2a93f7e5-ecb9-41da-9c47-70e13ba76d7d@group-A9EE991D717F-LeaderElection229] INFO  impl.LeaderElection (LeaderElection.java:logAndReturn(56)) - 2a93f7e5-ecb9-41da-9c47-70e13ba76d7d@group-A9EE991D717F-LeaderElection229: Election REJECTED; received 2 response(s) [2a93f7e5-ecb9-41da-9c47-70e13ba76d7d<-37bd8e8c-ea68-4b1c-8659-8d001c4f3b5c#0:FAIL-t242, 2a93f7e5-ecb9-41da-9c47-70e13ba76d7d<-24020d0b-ce61-4f5a-b0b0-c561541e8cd4#0:FAIL-t242] and 0 exception(s); 2a93f7e5-ecb9-41da-9c47-70e13ba76d7d@group-A9EE991D717F:t242, leader=null, voted=2a93f7e5-ecb9-41da-9c47-70e13ba76d7d, raftlog=2a93f7e5-ecb9-41da-9c47-70e13ba76d7d@group-A9EE991D717F-SegmentedRaftLog:OPENED:c-1,f0,i0, conf=0: [37bd8e8c-ea68-4b1c-8659-8d001c4f3b5c:192.168.34.62:41632, 24020d0b-ce61-4f5a-b0b0-c561541e8cd4:192.168.34.62:42892, 2a93f7e5-ecb9-41da-9c47-70e13ba76d7d:192.168.34.62:35412], old=null
2019-10-17 07:43:36,244 [2a93f7e5-ecb9-41da-9c47-70e13ba76d7d@group-A9EE991D717F-LeaderElection229] INFO  impl.RaftServerImpl (RaftServerImpl.java:setRole(184)) - 2a93f7e5-ecb9-41da-9c47-70e13ba76d7d@group-A9EE991D717F: changes role from CANDIDATE to FOLLOWER at term 242 for DISCOVERED_A_NEW_TERM
2019-10-17 07:43:36,244 [2a93f7e5-ecb9-41da-9c47-70e13ba76d7d@group-A9EE991D717F-LeaderElection229] INFO  impl.RoleInfo (RoleInfo.java:shutdownLeaderElection(134)) - 2a93f7e5-ecb9-41da-9c47-70e13ba76d7d: shutdown LeaderElection
2019-10-17 07:43:36,244 [2a93f7e5-ecb9-41da-9c47-70e13ba76d7d@group-A9EE991D717F-LeaderElection229] INFO  impl.RoleInfo (RoleInfo.java:updateAndGet(143)) - 2a93f7e5-ecb9-41da-9c47-70e13ba76d7d: start FollowerState
2019-10-17 07:43:36,338 [Thread-1949] INFO  impl.FollowerState (FollowerState.java:run(108)) - 2a93f7e5-ecb9-41da-9c47-70e13ba76d7d@group-A9EE991D717F-FollowerState: change to CANDIDATE, lastRpcTime:94ms, electionTimeout:94ms
2019-10-17 07:43:36,339 [Thread-1949] INFO  impl.RoleInfo (RoleInfo.java:shutdownFollowerState(121)) - 2a93f7e5-ecb9-41da-9c47-70e13ba76d7d: shutdown FollowerState
2019-10-17 07:43:36,339 [Thread-1949] INFO  impl.RaftServerImpl (RaftServerImpl.java:setRole(184)) - 2a93f7e5-ecb9-41da-9c47-70e13ba76d7d@group-A9EE991D717F: changes role from  FOLLOWER to CANDIDATE at term 242 for changeToCandidate
2019-10-17 07:43:36,339 [Thread-1949] INFO  impl.RoleInfo (RoleInfo.java:updateAndGet(143)) - 2a93f7e5-ecb9-41da-9c47-70e13ba76d7d: start LeaderElection
2019-10-17 07:43:36,379 [2a93f7e5-ecb9-41da-9c47-70e13ba76d7d@group-A9EE991D717F-LeaderElection230] INFO  impl.LeaderElection (LeaderElection.java:askForVotes(178)) - 2a93f7e5-ecb9-41da-9c47-70e13ba76d7d@group-A9EE991D717F-LeaderElection230: begin an election at term 243 for 0: [37bd8e8c-ea68-4b1c-8659-8d001c4f3b5c:192.168.34.62:41632, 24020d0b-ce61-4f5a-b0b0-c561541e8cd4:192.168.34.62:42892, 2a93f7e5-ecb9-41da-9c47-70e13ba76d7d:192.168.34.62:35412], old=null
2019-10-17 07:43:36,382 [grpc-default-executor-1] INFO  impl.RaftServerImpl (RaftServerImpl.java:setRole(184)) - 37bd8e8c-ea68-4b1c-8659-8d001c4f3b5c@group-A9EE991D717F: changes role from  FOLLOWER to FOLLOWER at term 243 for recognizeCandidate:2a93f7e5-ecb9-41da-9c47-70e13ba76d7d
2019-10-17 07:43:36,382 [grpc-default-executor-1] INFO  impl.RoleInfo (RoleInfo.java:shutdownFollowerState(121)) - 37bd8e8c-ea68-4b1c-8659-8d001c4f3b5c: shutdown FollowerState
2019-10-17 07:43:36,382 [grpc-default-executor-0] INFO  impl.RaftServerImpl (RaftServerImpl.java:setRole(184)) - 24020d0b-ce61-4f5a-b0b0-c561541e8cd4@group-A9EE991D717F: changes role from  FOLLOWER to FOLLOWER at term 243 for recognizeCandidate:2a93f7e5-ecb9-41da-9c47-70e13ba76d7d
2019-10-17 07:43:36,382 [grpc-default-executor-0] INFO  impl.RoleInfo (RoleInfo.java:shutdownFollowerState(121)) - 24020d0b-ce61-4f5a-b0b0-c561541e8cd4: shutdown FollowerState
2019-10-17 07:43:36,382 [grpc-default-executor-0] INFO  impl.RoleInfo (RoleInfo.java:updateAndGet(143)) - 24020d0b-ce61-4f5a-b0b0-c561541e8cd4: start FollowerState
2019-10-17 07:43:36,382 [Thread-1947] INFO  impl.FollowerState (FollowerState.java:run(117)) - 37bd8e8c-ea68-4b1c-8659-8d001c4f3b5c@group-A9EE991D717F-FollowerState was interrupted: java.lang.InterruptedException: sleep interrupted
2019-10-17 07:43:36,382 [grpc-default-executor-1] INFO  impl.RoleInfo (RoleInfo.java:updateAndGet(143)) - 37bd8e8c-ea68-4b1c-8659-8d001c4f3b5c: start FollowerState
2019-10-17 07:43:36,382 [Thread-1948] INFO  impl.FollowerState (FollowerState.java:run(117)) - 24020d0b-ce61-4f5a-b0b0-c561541e8cd4@group-A9EE991D717F-FollowerState was interrupted: java.lang.InterruptedException: sleep interrupted
2019-10-17 07:43:36,406 [2a93f7e5-ecb9-41da-9c47-70e13ba76d7d@group-A9EE991D717F-LeaderElection230] INFO  impl.LeaderElection (LeaderElection.java:logAndReturn(56)) - 2a93f7e5-ecb9-41da-9c47-70e13ba76d7d@group-A9EE991D717F-LeaderElection230: Election REJECTED; received 2 response(s) [2a93f7e5-ecb9-41da-9c47-70e13ba76d7d<-37bd8e8c-ea68-4b1c-8659-8d001c4f3b5c#0:FAIL-t243, 2a93f7e5-ecb9-41da-9c47-70e13ba76d7d<-24020d0b-ce61-4f5a-b0b0-c561541e8cd4#0:FAIL-t243] and 0 exception(s); 2a93f7e5-ecb9-41da-9c47-70e13ba76d7d@group-A9EE991D717F:t243, leader=null, voted=2a93f7e5-ecb9-41da-9c47-70e13ba76d7d, raftlog=2a93f7e5-ecb9-41da-9c47-70e13ba76d7d@group-A9EE991D717F-SegmentedRaftLog:OPENED:c-1,f0,i0, conf=0: [37bd8e8c-ea68-4b1c-8659-8d001c4f3b5c:192.168.34.62:41632, 24020d0b-ce61-4f5a-b0b0-c561541e8cd4:192.168.34.62:42892, 2a93f7e5-ecb9-41da-9c47-70e13ba76d7d:192.168.34.62:35412], old=null
2019-10-17 07:43:36,406 [2a93f7e5-ecb9-41da-9c47-70e13ba76d7d@group-A9EE991D717F-LeaderElection230] INFO  impl.RaftServerImpl (RaftServerImpl.java:setRole(184)) - 2a93f7e5-ecb9-41da-9c47-70e13ba76d7d@group-A9EE991D717F: changes role from CANDIDATE to FOLLOWER at term 243 for DISCOVERED_A_NEW_TERM
2019-10-17 07:43:36,407 [2a93f7e5-ecb9-41da-9c47-70e13ba76d7d@group-A9EE991D717F-LeaderElection230] INFO  impl.RoleInfo (RoleInfo.java:shutdownLeaderElection(134)) - 2a93f7e5-ecb9-41da-9c47-70e13ba76d7d: shutdown LeaderElection
2019-10-17 07:43:36,407 [2a93f7e5-ecb9-41da-9c47-70e13ba76d7d@group-A9EE991D717F-LeaderElection230] INFO  impl.RoleInfo (RoleInfo.java:updateAndGet(143)) - 2a93f7e5-ecb9-41da-9c47-70e13ba76d7d: start FollowerState
2019-10-17 07:43:36,568 [Thread-1955] INFO  impl.FollowerState (FollowerState.java:run(108)) - 2a93f7e5-ecb9-41da-9c47-70e13ba76d7d@group-A9EE991D717F-FollowerState: change to CANDIDATE, lastRpcTime:161ms, electionTimeout:161ms
2019-10-17 07:43:36,568 [Thread-1955] INFO  impl.RoleInfo (RoleInfo.java:shutdownFollowerState(121)) - 2a93f7e5-ecb9-41da-9c47-70e13ba76d7d: shutdown FollowerState
2019-10-17 07:43:36,569 [Thread-1955] INFO  impl.RaftServerImpl (RaftServerImpl.java:setRole(184)) - 2a93f7e5-ecb9-41da-9c47-70e13ba76d7d@group-A9EE991D717F: changes role from  FOLLOWER to CANDIDATE at term 243 for changeToCandidate
2019-10-17 07:43:36,569 [Thread-1955] INFO  impl.RoleInfo (RoleInfo.java:updateAndGet(143)) - 2a93f7e5-ecb9-41da-9c47-70e13ba76d7d: start LeaderElection
2019-10-17 07:43:36,597 [2a93f7e5-ecb9-41da-9c47-70e13ba76d7d@group-A9EE991D717F-LeaderElection231] INFO  impl.LeaderElection (LeaderElection.java:askForVotes(178)) - 2a93f7e5-ecb9-41da-9c47-70e13ba76d7d@group-A9EE991D717F-LeaderElection231: begin an election at term 244 for 0: [37bd8e8c-ea68-4b1c-8659-8d001c4f3b5c:192.168.34.62:41632, 24020d0b-ce61-4f5a-b0b0-c561541e8cd4:192.168.34.62:42892, 2a93f7e5-ecb9-41da-9c47-70e13ba76d7d:192.168.34.62:35412], old=null
2019-10-17 07:43:36,599 [grpc-default-executor-1] INFO  impl.RaftServerImpl (RaftServerImpl.java:setRole(184)) - 37bd8e8c-ea68-4b1c-8659-8d001c4f3b5c@group-A9EE991D717F: changes role from  FOLLOWER to FOLLOWER at term 244 for recognizeCandidate:2a93f7e5-ecb9-41da-9c47-70e13ba76d7d
2019-10-17 07:43:36,599 [grpc-default-executor-1] INFO  impl.RoleInfo (RoleInfo.java:shutdownFollowerState(121)) - 37bd8e8c-ea68-4b1c-8659-8d001c4f3b5c: shutdown FollowerState
2019-10-17 07:43:36,599 [grpc-default-executor-0] INFO  impl.RaftServerImpl (RaftServerImpl.java:setRole(184)) - 24020d0b-ce61-4f5a-b0b0-c561541e8cd4@group-A9EE991D717F: changes role from  FOLLOWER to FOLLOWER at term 244 for recognizeCandidate:2a93f7e5-ecb9-41da-9c47-70e13ba76d7d
2019-10-17 07:43:36,600 [grpc-default-executor-0] INFO  impl.RoleInfo (RoleInfo.java:shutdownFollowerState(121)) - 24020d0b-ce61-4f5a-b0b0-c561541e8cd4: shutdown FollowerState
2019-10-17 07:43:36,599 [Thread-1953] INFO  impl.FollowerState (FollowerState.java:run(117)) - 37bd8e8c-ea68-4b1c-8659-8d001c4f3b5c@group-A9EE991D717F-FollowerState was interrupted: java.lang.InterruptedException: sleep interrupted
2019-10-17 07:43:36,599 [grpc-default-executor-1] INFO  impl.RoleInfo (RoleInfo.java:updateAndGet(143)) - 37bd8e8c-ea68-4b1c-8659-8d001c4f3b5c: start FollowerState
2019-10-17 07:43:36,600 [Thread-1954] INFO  impl.FollowerState (FollowerState.java:run(117)) - 24020d0b-ce61-4f5a-b0b0-c561541e8cd4@group-A9EE991D717F-FollowerState was interrupted: java.lang.InterruptedException: sleep interrupted
2019-10-17 07:43:36,600 [grpc-default-executor-0] INFO  impl.RoleInfo (RoleInfo.java:updateAndGet(143)) - 24020d0b-ce61-4f5a-b0b0-c561541e8cd4: start FollowerState
2019-10-17 07:43:36,624 [2a93f7e5-ecb9-41da-9c47-70e13ba76d7d@group-A9EE991D717F-LeaderElection231] INFO  impl.LeaderElection (LeaderElection.java:logAndReturn(56)) - 2a93f7e5-ecb9-41da-9c47-70e13ba76d7d@group-A9EE991D717F-LeaderElection231: Election REJECTED; received 2 response(s) [2a93f7e5-ecb9-41da-9c47-70e13ba76d7d<-37bd8e8c-ea68-4b1c-8659-8d001c4f3b5c#0:FAIL-t244, 2a93f7e5-ecb9-41da-9c47-70e13ba76d7d<-24020d0b-ce61-4f5a-b0b0-c561541e8cd4#0:FAIL-t244] and 0 exception(s); 2a93f7e5-ecb9-41da-9c47-70e13ba76d7d@group-A9EE991D717F:t244, leader=null, voted=2a93f7e5-ecb9-41da-9c47-70e13ba76d7d, raftlog=2a93f7e5-ecb9-41da-9c47-70e13ba76d7d@group-A9EE991D717F-SegmentedRaftLog:OPENED:c-1,f0,i0, conf=0: [37bd8e8c-ea68-4b1c-8659-8d001c4f3b5c:192.168.34.62:41632, 24020d0b-ce61-4f5a-b0b0-c561541e8cd4:192.168.34.62:42892, 2a93f7e5-ecb9-41da-9c47-70e13ba76d7d:192.168.34.62:35412], old=null
2019-10-17 07:43:36,624 [2a93f7e5-ecb9-41da-9c47-70e13ba76d7d@group-A9EE991D717F-LeaderElection231] INFO  impl.RaftServerImpl (RaftServerImpl.java:setRole(184)) - 2a93f7e5-ecb9-41da-9c47-70e13ba76d7d@group-A9EE991D717F: changes role from CANDIDATE to FOLLOWER at term 244 for DISCOVERED_A_NEW_TERM
2019-10-17 07:43:36,625 [2a93f7e5-ecb9-41da-9c47-70e13ba76d7d@group-A9EE991D717F-LeaderElection231] INFO  impl.RoleInfo (RoleInfo.java:shutdownLeaderElection(134)) - 2a93f7e5-ecb9-41da-9c47-70e13ba76d7d: shutdown LeaderElection
2019-10-17 07:43:36,625 [2a93f7e5-ecb9-41da-9c47-70e13ba76d7d@group-A9EE991D717F-LeaderElection231] INFO  impl.RoleInfo (RoleInfo.java:updateAndGet(143)) - 2a93f7e5-ecb9-41da-9c47-70e13ba76d7d: start FollowerState
2019-10-17 07:43:36,811 [Thread-1961] INFO  impl.FollowerState (FollowerState.java:run(108)) - 2a93f7e5-ecb9-41da-9c47-70e13ba76d7d@group-A9EE991D717F-FollowerState: change to CANDIDATE, lastRpcTime:186ms, electionTimeout:186ms
2019-10-17 07:43:36,811 [Thread-1961] INFO  impl.RoleInfo (RoleInfo.java:shutdownFollowerState(121)) - 2a93f7e5-ecb9-41da-9c47-70e13ba76d7d: shutdown FollowerState
2019-10-17 07:43:36,812 [Thread-1961] INFO  impl.RaftServerImpl (RaftServerImpl.java:setRole(184)) - 2a93f7e5-ecb9-41da-9c47-70e13ba76d7d@group-A9EE991D717F: changes role from  FOLLOWER to CANDIDATE at term 244 for changeToCandidate
2019-10-17 07:43:36,812 [Thread-1961] INFO  impl.RoleInfo (RoleInfo.java:updateAndGet(143)) - 2a93f7e5-ecb9-41da-9c47-70e13ba76d7d: start LeaderElection
2019-10-17 07:43:36,836 [2a93f7e5-ecb9-41da-9c47-70e13ba76d7d@group-A9EE991D717F-LeaderElection232] INFO  impl.LeaderElection (LeaderElection.java:askForVotes(178)) - 2a93f7e5-ecb9-41da-9c47-70e13ba76d7d@group-A9EE991D717F-LeaderElection232: begin an election at term 245 for 0: [37bd8e8c-ea68-4b1c-8659-8d001c4f3b5c:192.168.34.62:41632, 24020d0b-ce61-4f5a-b0b0-c561541e8cd4:192.168.34.62:42892, 2a93f7e5-ecb9-41da-9c47-70e13ba76d7d:192.168.34.62:35412], old=null
2019-10-17 07:43:36,838 [grpc-default-executor-0] INFO  impl.RaftServerImpl (RaftServerImpl.java:setRole(184)) - 24020d0b-ce61-4f5a-b0b0-c561541e8cd4@group-A9EE991D717F: changes role from  FOLLOWER to FOLLOWER at term 245 for recognizeCandidate:2a93f7e5-ecb9-41da-9c47-70e13ba76d7d
2019-10-17 07:43:36,838 [grpc-default-executor-1] INFO  impl.RaftServerImpl (RaftServerImpl.java:setRole(184)) - 37bd8e8c-ea68-4b1c-8659-8d001c4f3b5c@group-A9EE991D717F: changes role from  FOLLOWER to FOLLOWER at term 245 for recognizeCandidate:2a93f7e5-ecb9-41da-9c47-70e13ba76d7d
2019-10-17 07:43:36,838 [grpc-default-executor-0] INFO  impl.RoleInfo (RoleInfo.java:shutdownFollowerState(121)) - 24020d0b-ce61-4f5a-b0b0-c561541e8cd4: shutdown FollowerState
2019-10-17 07:43:36,838 [grpc-default-executor-1] INFO  impl.RoleInfo (RoleInfo.java:shutdownFollowerState(121)) - 37bd8e8c-ea68-4b1c-8659-8d001c4f3b5c: shutdown FollowerState
2019-10-17 07:43:36,838 [Thread-1960] INFO  impl.FollowerState (FollowerState.java:run(117)) - 24020d0b-ce61-4f5a-b0b0-c561541e8cd4@group-A9EE991D717F-FollowerState was interrupted: java.lang.InterruptedException: sleep interrupted
2019-10-17 07:43:36,838 [grpc-default-executor-0] INFO  impl.RoleInfo (RoleInfo.java:updateAndGet(143)) - 24020d0b-ce61-4f5a-b0b0-c561541e8cd4: start FollowerState
2019-10-17 07:43:36,839 [Thread-1959] INFO  impl.FollowerState (FollowerState.java:run(117)) - 37bd8e8c-ea68-4b1c-8659-8d001c4f3b5c@group-A9EE991D717F-FollowerState was interrupted: java.lang.InterruptedException: sleep interrupted
2019-10-17 07:43:36,839 [grpc-default-executor-1] INFO  impl.RoleInfo (RoleInfo.java:updateAndGet(143)) - 37bd8e8c-ea68-4b1c-8659-8d001c4f3b5c: start FollowerState
2019-10-17 07:43:36,853 [2a93f7e5-ecb9-41da-9c47-70e13ba76d7d@group-A9EE991D717F-LeaderElection232] INFO  impl.LeaderElection (LeaderElection.java:logAndReturn(56)) - 2a93f7e5-ecb9-41da-9c47-70e13ba76d7d@group-A9EE991D717F-LeaderElection232: Election REJECTED; received 2 response(s) [2a93f7e5-ecb9-41da-9c47-70e13ba76d7d<-37bd8e8c-ea68-4b1c-8659-8d001c4f3b5c#0:FAIL-t245, 2a93f7e5-ecb9-41da-9c47-70e13ba76d7d<-24020d0b-ce61-4f5a-b0b0-c561541e8cd4#0:FAIL-t245] and 0 exception(s); 2a93f7e5-ecb9-41da-9c47-70e13ba76d7d@group-A9EE991D717F:t245, leader=null, voted=2a93f7e5-ecb9-41da-9c47-70e13ba76d7d, raftlog=2a93f7e5-ecb9-41da-9c47-70e13ba76d7d@group-A9EE991D717F-SegmentedRaftLog:OPENED:c-1,f0,i0, conf=0: [37bd8e8c-ea68-4b1c-8659-8d001c4f3b5c:192.168.34.62:41632, 24020d0b-ce61-4f5a-b0b0-c561541e8cd4:192.168.34.62:42892, 2a93f7e5-ecb9-41da-9c47-70e13ba76d7d:192.168.34.62:35412], old=null
2019-10-17 07:43:36,853 [2a93f7e5-ecb9-41da-9c47-70e13ba76d7d@group-A9EE991D717F-LeaderElection232] INFO  impl.RaftServerImpl (RaftServerImpl.java:setRole(184)) - 2a93f7e5-ecb9-41da-9c47-70e13ba76d7d@group-A9EE991D717F: changes role from CANDIDATE to FOLLOWER at term 245 for DISCOVERED_A_NEW_TERM
2019-10-17 07:43:36,853 [2a93f7e5-ecb9-41da-9c47-70e13ba76d7d@group-A9EE991D717F-LeaderElection232] INFO  impl.RoleInfo (RoleInfo.java:shutdownLeaderElection(134)) - 2a93f7e5-ecb9-41da-9c47-70e13ba76d7d: shutdown LeaderElection
2019-10-17 07:43:36,853 [2a93f7e5-ecb9-41da-9c47-70e13ba76d7d@group-A9EE991D717F-LeaderElection232] INFO  impl.RoleInfo (RoleInfo.java:updateAndGet(143)) - 2a93f7e5-ecb9-41da-9c47-70e13ba76d7d: start FollowerState
2019-10-17 07:43:36,951 [Thread-1967] INFO  impl.FollowerState (FollowerState.java:run(108)) - 2a93f7e5-ecb9-41da-9c47-70e13ba76d7d@group-A9EE991D717F-FollowerState: change to CANDIDATE, lastRpcTime:97ms, electionTimeout:97ms
2019-10-17 07:43:36,951 [Thread-1967] INFO  impl.RoleInfo (RoleInfo.java:shutdownFollowerState(121)) - 2a93f7e5-ecb9-41da-9c47-70e13ba76d7d: shutdown FollowerState
2019-10-17 07:43:36,951 [Thread-1967] INFO  impl.RaftServerImpl (RaftServerImpl.java:setRole(184)) - 2a93f7e5-ecb9-41da-9c47-70e13ba76d7d@group-A9EE991D717F: changes role from  FOLLOWER to CANDIDATE at term 245 for changeToCandidate
2019-10-17 07:43:36,952 [Thread-1967] INFO  impl.RoleInfo (RoleInfo.java:updateAndGet(143)) - 2a93f7e5-ecb9-41da-9c47-70e13ba76d7d: start LeaderElection
2019-10-17 07:43:36,965 [2a93f7e5-ecb9-41da-9c47-70e13ba76d7d@group-A9EE991D717F-LeaderElection233] INFO  impl.LeaderElection (LeaderElection.java:askForVotes(178)) - 2a93f7e5-ecb9-41da-9c47-70e13ba76d7d@group-A9EE991D717F-LeaderElection233: begin an election at term 246 for 0: [37bd8e8c-ea68-4b1c-8659-8d001c4f3b5c:192.168.34.62:41632, 24020d0b-ce61-4f5a-b0b0-c561541e8cd4:192.168.34.62:42892, 2a93f7e5-ecb9-41da-9c47-70e13ba76d7d:192.168.34.62:35412], old=null
2019-10-17 07:43:36,968 [grpc-default-executor-1] INFO  impl.RaftServerImpl (RaftServerImpl.java:setRole(184)) - 24020d0b-ce61-4f5a-b0b0-c561541e8cd4@group-A9EE991D717F: changes role from  FOLLOWER to FOLLOWER at term 246 for recognizeCandidate:2a93f7e5-ecb9-41da-9c47-70e13ba76d7d
2019-10-17 07:43:36,968 [grpc-default-executor-0] INFO  impl.RaftServerImpl (RaftServerImpl.java:setRole(184)) - 37bd8e8c-ea68-4b1c-8659-8d001c4f3b5c@group-A9EE991D717F: changes role from  FOLLOWER to FOLLOWER at term 246 for recognizeCandidate:2a93f7e5-ecb9-41da-9c47-70e13ba76d7d
2019-10-17 07:43:36,968 [grpc-default-executor-0] INFO  impl.RoleInfo (RoleInfo.java:shutdownFollowerState(121)) - 37bd8e8c-ea68-4b1c-8659-8d001c4f3b5c: shutdown FollowerState
2019-10-17 07:43:36,968 [grpc-default-executor-1] INFO  impl.RoleInfo (RoleInfo.java:shutdownFollowerState(121)) - 24020d0b-ce61-4f5a-b0b0-c561541e8cd4: shutdown FollowerState
2019-10-17 07:43:36,968 [Thread-1966] INFO  impl.FollowerState (FollowerState.java:run(117)) - 37bd8e8c-ea68-4b1c-8659-8d001c4f3b5c@group-A9EE991D717F-FollowerState was interrupted: java.lang.InterruptedException: sleep interrupted
2019-10-17 07:43:36,968 [grpc-default-executor-0] INFO  impl.RoleInfo (RoleInfo.java:updateAndGet(143)) - 37bd8e8c-ea68-4b1c-8659-8d001c4f3b5c: start FollowerState
2019-10-17 07:43:36,969 [Thread-1965] INFO  impl.FollowerState (FollowerState.java:run(117)) - 24020d0b-ce61-4f5a-b0b0-c561541e8cd4@group-A9EE991D717F-FollowerState was interrupted: java.lang.InterruptedException: sleep interrupted
2019-10-17 07:43:36,968 [grpc-default-executor-1] INFO  impl.RoleInfo (RoleInfo.java:updateAndGet(143)) - 24020d0b-ce61-4f5a-b0b0-c561541e8cd4: start FollowerState
2019-10-17 07:43:36,983 [2a93f7e5-ecb9-41da-9c47-70e13ba76d7d@group-A9EE991D717F-LeaderElection233] INFO  impl.LeaderElection (LeaderElection.java:logAndReturn(56)) - 2a93f7e5-ecb9-41da-9c47-70e13ba76d7d@group-A9EE991D717F-LeaderElection233: Election REJECTED; received 2 response(s) [2a93f7e5-ecb9-41da-9c47-70e13ba76d7d<-37bd8e8c-ea68-4b1c-8659-8d001c4f3b5c#0:FAIL-t246, 2a93f7e5-ecb9-41da-9c47-70e13ba76d7d<-24020d0b-ce61-4f5a-b0b0-c561541e8cd4#0:FAIL-t246] and 0 exception(s); 2a93f7e5-ecb9-41da-9c47-70e13ba76d7d@group-A9EE991D717F:t246, leader=null, voted=2a93f7e5-ecb9-41da-9c47-70e13ba76d7d, raftlog=2a93f7e5-ecb9-41da-9c47-70e13ba76d7d@group-A9EE991D717F-SegmentedRaftLog:OPENED:c-1,f0,i0, conf=0: [37bd8e8c-ea68-4b1c-8659-8d001c4f3b5c:192.168.34.62:41632, 24020d0b-ce61-4f5a-b0b0-c561541e8cd4:192.168.34.62:42892, 2a93f7e5-ecb9-41da-9c47-70e13ba76d7d:192.168.34.62:35412], old=null
2019-10-17 07:43:36,983 [2a93f7e5-ecb9-41da-9c47-70e13ba76d7d@group-A9EE991D717F-LeaderElection233] INFO  impl.RaftServerImpl (RaftServerImpl.java:setRole(184)) - 2a93f7e5-ecb9-41da-9c47-70e13ba76d7d@group-A9EE991D717F: changes role from CANDIDATE to FOLLOWER at term 246 for DISCOVERED_A_NEW_TERM
2019-10-17 07:43:36,983 [2a93f7e5-ecb9-41da-9c47-70e13ba76d7d@group-A9EE991D717F-LeaderElection233] INFO  impl.RoleInfo (RoleInfo.java:shutdownLeaderElection(134)) - 2a93f7e5-ecb9-41da-9c47-70e13ba76d7d: shutdown LeaderElection
2019-10-17 07:43:36,983 [2a93f7e5-ecb9-41da-9c47-70e13ba76d7d@group-A9EE991D717F-LeaderElection233] INFO  impl.RoleInfo (RoleInfo.java:updateAndGet(143)) - 2a93f7e5-ecb9-41da-9c47-70e13ba76d7d: start FollowerState
2019-10-17 07:43:37,112 [Thread-1973] INFO  impl.FollowerState (FollowerState.java:run(108)) - 2a93f7e5-ecb9-41da-9c47-70e13ba76d7d@group-A9EE991D717F-FollowerState: change to CANDIDATE, lastRpcTime:128ms, electionTimeout:128ms
2019-10-17 07:43:37,112 [Thread-1973] INFO  impl.RoleInfo (RoleInfo.java:shutdownFollowerState(121)) - 2a93f7e5-ecb9-41da-9c47-70e13ba76d7d: shutdown FollowerState
2019-10-17 07:43:37,112 [Thread-1973] INFO  impl.RaftServerImpl (RaftServerImpl.java:setRole(184)) - 2a93f7e5-ecb9-41da-9c47-70e13ba76d7d@group-A9EE991D717F: changes role from  FOLLOWER to CANDIDATE at term 246 for changeToCandidate
2019-10-17 07:43:37,112 [Thread-1973] INFO  impl.RoleInfo (RoleInfo.java:updateAndGet(143)) - 2a93f7e5-ecb9-41da-9c47-70e13ba76d7d: start LeaderElection
2019-10-17 07:43:37,137 [2a93f7e5-ecb9-41da-9c47-70e13ba76d7d@group-A9EE991D717F-LeaderElection234] INFO  impl.LeaderElection (LeaderElection.java:askForVotes(178)) - 2a93f7e5-ecb9-41da-9c47-70e13ba76d7d@group-A9EE991D717F-LeaderElection234: begin an election at term 247 for 0: [37bd8e8c-ea68-4b1c-8659-8d001c4f3b5c:192.168.34.62:41632, 24020d0b-ce61-4f5a-b0b0-c561541e8cd4:192.168.34.62:42892, 2a93f7e5-ecb9-41da-9c47-70e13ba76d7d:192.168.34.62:35412], old=null
2019-10-17 07:43:37,140 [grpc-default-executor-0] INFO  impl.RaftServerImpl (RaftServerImpl.java:setRole(184)) - 37bd8e8c-ea68-4b1c-8659-8d001c4f3b5c@group-A9EE991D717F: changes role from  FOLLOWER to FOLLOWER at term 247 for recognizeCandidate:2a93f7e5-ecb9-41da-9c47-70e13ba76d7d
2019-10-17 07:43:37,140 [grpc-default-executor-1] INFO  impl.RaftServerImpl (RaftServerImpl.java:setRole(184)) - 24020d0b-ce61-4f5a-b0b0-c561541e8cd4@group-A9EE991D717F: changes role from  FOLLOWER to FOLLOWER at term 247 for recognizeCandidate:2a93f7e5-ecb9-41da-9c47-70e13ba76d7d
2019-10-17 07:43:37,140 [grpc-default-executor-1] INFO  impl.RoleInfo (RoleInfo.java:shutdownFollowerState(121)) - 24020d0b-ce61-4f5a-b0b0-c561541e8cd4: shutdown FollowerState
2019-10-17 07:43:37,140 [grpc-default-executor-0] INFO  impl.RoleInfo (RoleInfo.java:shutdownFollowerState(121)) - 37bd8e8c-ea68-4b1c-8659-8d001c4f3b5c: shutdown FollowerState
2019-10-17 07:43:37,141 [grpc-default-executor-0] INFO  impl.RoleInfo (RoleInfo.java:updateAndGet(143)) - 37bd8e8c-ea68-4b1c-8659-8d001c4f3b5c: start FollowerState
2019-10-17 07:43:37,140 [Thread-1972] INFO  impl.FollowerState (FollowerState.java:run(117)) - 24020d0b-ce61-4f5a-b0b0-c561541e8cd4@group-A9EE991D717F-FollowerState was interrupted: java.lang.InterruptedException: sleep interrupted
2019-10-17 07:43:37,140 [grpc-default-executor-1] INFO  impl.RoleInfo (RoleInfo.java:updateAndGet(143)) - 24020d0b-ce61-4f5a-b0b0-c561541e8cd4: start FollowerState
2019-10-17 07:43:37,141 [Thread-1971] INFO  impl.FollowerState (FollowerState.java:run(117)) - 37bd8e8c-ea68-4b1c-8659-8d001c4f3b5c@group-A9EE991D717F-FollowerState was interrupted: java.lang.InterruptedException: sleep interrupted
2019-10-17 07:43:37,155 [2a93f7e5-ecb9-41da-9c47-70e13ba76d7d@group-A9EE991D717F-LeaderElection234] INFO  impl.LeaderElection (LeaderElection.java:logAndReturn(56)) - 2a93f7e5-ecb9-41da-9c47-70e13ba76d7d@group-A9EE991D717F-LeaderElection234: Election REJECTED; received 2 response(s) [2a93f7e5-ecb9-41da-9c47-70e13ba76d7d<-37bd8e8c-ea68-4b1c-8659-8d001c4f3b5c#0:FAIL-t247, 2a93f7e5-ecb9-41da-9c47-70e13ba76d7d<-24020d0b-ce61-4f5a-b0b0-c561541e8cd4#0:FAIL-t247] and 0 exception(s); 2a93f7e5-ecb9-41da-9c47-70e13ba76d7d@group-A9EE991D717F:t247, leader=null, voted=2a93f7e5-ecb9-41da-9c47-70e13ba76d7d, raftlog=2a93f7e5-ecb9-41da-9c47-70e13ba76d7d@group-A9EE991D717F-SegmentedRaftLog:OPENED:c-1,f0,i0, conf=0: [37bd8e8c-ea68-4b1c-8659-8d001c4f3b5c:192.168.34.62:41632, 24020d0b-ce61-4f5a-b0b0-c561541e8cd4:192.168.34.62:42892, 2a93f7e5-ecb9-41da-9c47-70e13ba76d7d:192.168.34.62:35412], old=null
2019-10-17 07:43:37,155 [2a93f7e5-ecb9-41da-9c47-70e13ba76d7d@group-A9EE991D717F-LeaderElection234] INFO  impl.RaftServerImpl (RaftServerImpl.java:setRole(184)) - 2a93f7e5-ecb9-41da-9c47-70e13ba76d7d@group-A9EE991D717F: changes role from CANDIDATE to FOLLOWER at term 247 for DISCOVERED_A_NEW_TERM
2019-10-17 07:43:37,155 [2a93f7e5-ecb9-41da-9c47-70e13ba76d7d@group-A9EE991D717F-LeaderElection234] INFO  impl.RoleInfo (RoleInfo.java:shutdownLeaderElection(134)) - 2a93f7e5-ecb9-41da-9c47-70e13ba76d7d: shutdown LeaderElection
2019-10-17 07:43:37,155 [2a93f7e5-ecb9-41da-9c47-70e13ba76d7d@group-A9EE991D717F-LeaderElection234] INFO  impl.RoleInfo (RoleInfo.java:updateAndGet(143)) - 2a93f7e5-ecb9-41da-9c47-70e13ba76d7d: start FollowerState
2019-10-17 07:43:37,261 [Thread-1979] INFO  impl.FollowerState (FollowerState.java:run(108)) - 2a93f7e5-ecb9-41da-9c47-70e13ba76d7d@group-A9EE991D717F-FollowerState: change to CANDIDATE, lastRpcTime:105ms, electionTimeout:105ms
2019-10-17 07:43:37,261 [Thread-1979] INFO  impl.RoleInfo (RoleInfo.java:shutdownFollowerState(121)) - 2a93f7e5-ecb9-41da-9c47-70e13ba76d7d: shutdown FollowerState
2019-10-17 07:43:37,261 [Thread-1979] INFO  impl.RaftServerImpl (RaftServerImpl.java:setRole(184)) - 2a93f7e5-ecb9-41da-9c47-70e13ba76d7d@group-A9EE991D717F: changes role from  FOLLOWER to CANDIDATE at term 247 for changeToCandidate
2019-10-17 07:43:37,261 [Thread-1979] INFO  impl.RoleInfo (RoleInfo.java:updateAndGet(143)) - 2a93f7e5-ecb9-41da-9c47-70e13ba76d7d: start LeaderElection
2019-10-17 07:43:37,275 [2a93f7e5-ecb9-41da-9c47-70e13ba76d7d@group-A9EE991D717F-LeaderElection235] INFO  impl.LeaderElection (LeaderElection.java:askForVotes(178)) - 2a93f7e5-ecb9-41da-9c47-70e13ba76d7d@group-A9EE991D717F-LeaderElection235: begin an election at term 248 for 0: [37bd8e8c-ea68-4b1c-8659-8d001c4f3b5c:192.168.34.62:41632, 24020d0b-ce61-4f5a-b0b0-c561541e8cd4:192.168.34.62:42892, 2a93f7e5-ecb9-41da-9c47-70e13ba76d7d:192.168.34.62:35412], old=null
2019-10-17 07:43:37,277 [grpc-default-executor-0] INFO  impl.RaftServerImpl (RaftServerImpl.java:setRole(184)) - 37bd8e8c-ea68-4b1c-8659-8d001c4f3b5c@group-A9EE991D717F: changes role from  FOLLOWER to FOLLOWER at term 248 for recognizeCandidate:2a93f7e5-ecb9-41da-9c47-70e13ba76d7d
2019-10-17 07:43:37,277 [grpc-default-executor-1] INFO  impl.RaftServerImpl (RaftServerImpl.java:setRole(184)) - 24020d0b-ce61-4f5a-b0b0-c561541e8cd4@group-A9EE991D717F: changes role from  FOLLOWER to FOLLOWER at term 248 for recognizeCandidate:2a93f7e5-ecb9-41da-9c47-70e13ba76d7d
2019-10-17 07:43:37,277 [grpc-default-executor-0] INFO  impl.RoleInfo (RoleInfo.java:shutdownFollowerState(121)) - 37bd8e8c-ea68-4b1c-8659-8d001c4f3b5c: shutdown FollowerState
2019-10-17 07:43:37,277 [grpc-default-executor-1] INFO  impl.RoleInfo (RoleInfo.java:shutdownFollowerState(121)) - 24020d0b-ce61-4f5a-b0b0-c561541e8cd4: shutdown FollowerState
2019-10-17 07:43:37,278 [Thread-1978] INFO  impl.FollowerState (FollowerState.java:run(117)) - 37bd8e8c-ea68-4b1c-8659-8d001c4f3b5c@group-A9EE991D717F-FollowerState was interrupted: java.lang.InterruptedException: sleep interrupted
2019-10-17 07:43:37,278 [grpc-default-executor-0] INFO  impl.RoleInfo (RoleInfo.java:updateAndGet(143)) - 37bd8e8c-ea68-4b1c-8659-8d001c4f3b5c: start FollowerState
2019-10-17 07:43:37,278 [Thread-1977] INFO  impl.FollowerState (FollowerState.java:run(117)) - 24020d0b-ce61-4f5a-b0b0-c561541e8cd4@group-A9EE991D717F-FollowerState was interrupted: java.lang.InterruptedException: sleep interrupted
2019-10-17 07:43:37,278 [grpc-default-executor-1] INFO  impl.RoleInfo (RoleInfo.java:updateAndGet(143)) - 24020d0b-ce61-4f5a-b0b0-c561541e8cd4: start FollowerState
2019-10-17 07:43:37,293 [2a93f7e5-ecb9-41da-9c47-70e13ba76d7d@group-A9EE991D717F-LeaderElection235] INFO  impl.LeaderElection (LeaderElection.java:logAndReturn(56)) - 2a93f7e5-ecb9-41da-9c47-70e13ba76d7d@group-A9EE991D717F-LeaderElection235: Election REJECTED; received 2 response(s) [2a93f7e5-ecb9-41da-9c47-70e13ba76d7d<-37bd8e8c-ea68-4b1c-8659-8d001c4f3b5c#0:FAIL-t248, 2a93f7e5-ecb9-41da-9c47-70e13ba76d7d<-24020d0b-ce61-4f5a-b0b0-c561541e8cd4#0:FAIL-t248] and 0 exception(s); 2a93f7e5-ecb9-41da-9c47-70e13ba76d7d@group-A9EE991D717F:t248, leader=null, voted=2a93f7e5-ecb9-41da-9c47-70e13ba76d7d, raftlog=2a93f7e5-ecb9-41da-9c47-70e13ba76d7d@group-A9EE991D717F-SegmentedRaftLog:OPENED:c-1,f0,i0, conf=0: [37bd8e8c-ea68-4b1c-8659-8d001c4f3b5c:192.168.34.62:41632, 24020d0b-ce61-4f5a-b0b0-c561541e8cd4:192.168.34.62:42892, 2a93f7e5-ecb9-41da-9c47-70e13ba76d7d:192.168.34.62:35412], old=null
2019-10-17 07:43:37,294 [2a93f7e5-ecb9-41da-9c47-70e13ba76d7d@group-A9EE991D717F-LeaderElection235] INFO  impl.RaftServerImpl (RaftServerImpl.java:setRole(184)) - 2a93f7e5-ecb9-41da-9c47-70e13ba76d7d@group-A9EE991D717F: changes role from CANDIDATE to FOLLOWER at term 248 for DISCOVERED_A_NEW_TERM
2019-10-17 07:43:37,294 [2a93f7e5-ecb9-41da-9c47-70e13ba76d7d@group-A9EE991D717F-LeaderElection235] INFO  impl.RoleInfo (RoleInfo.java:shutdownLeaderElection(134)) - 2a93f7e5-ecb9-41da-9c47-70e13ba76d7d: shutdown LeaderElection
2019-10-17 07:43:37,294 [2a93f7e5-ecb9-41da-9c47-70e13ba76d7d@group-A9EE991D717F-LeaderElection235] INFO  impl.RoleInfo (RoleInfo.java:updateAndGet(143)) - 2a93f7e5-ecb9-41da-9c47-70e13ba76d7d: start FollowerState
2019-10-17 07:43:37,344 [Thread-1985] INFO  impl.FollowerState (FollowerState.java:run(108)) - 2a93f7e5-ecb9-41da-9c47-70e13ba76d7d@group-A9EE991D717F-FollowerState: change to CANDIDATE, lastRpcTime:50ms, electionTimeout:50ms
2019-10-17 07:43:37,345 [Thread-1985] INFO  impl.RoleInfo (RoleInfo.java:shutdownFollowerState(121)) - 2a93f7e5-ecb9-41da-9c47-70e13ba76d7d: shutdown FollowerState
2019-10-17 07:43:37,345 [Thread-1985] INFO  impl.RaftServerImpl (RaftServerImpl.java:setRole(184)) - 2a93f7e5-ecb9-41da-9c47-70e13ba76d7d@group-A9EE991D717F: changes role from  FOLLOWER to CANDIDATE at term 248 for changeToCandidate
2019-10-17 07:43:37,345 [Thread-1985] INFO  impl.RoleInfo (RoleInfo.java:updateAndGet(143)) - 2a93f7e5-ecb9-41da-9c47-70e13ba76d7d: start LeaderElection
2019-10-17 07:43:37,369 [2a93f7e5-ecb9-41da-9c47-70e13ba76d7d@group-A9EE991D717F-LeaderElection236] INFO  impl.LeaderElection (LeaderElection.java:askForVotes(178)) - 2a93f7e5-ecb9-41da-9c47-70e13ba76d7d@group-A9EE991D717F-LeaderElection236: begin an election at term 249 for 0: [37bd8e8c-ea68-4b1c-8659-8d001c4f3b5c:192.168.34.62:41632, 24020d0b-ce61-4f5a-b0b0-c561541e8cd4:192.168.34.62:42892, 2a93f7e5-ecb9-41da-9c47-70e13ba76d7d:192.168.34.62:35412], old=null
2019-10-17 07:43:37,371 [grpc-default-executor-0] INFO  impl.RaftServerImpl (RaftServerImpl.java:setRole(184)) - 37bd8e8c-ea68-4b1c-8659-8d001c4f3b5c@group-A9EE991D717F: changes role from  FOLLOWER to FOLLOWER at term 249 for recognizeCandidate:2a93f7e5-ecb9-41da-9c47-70e13ba76d7d
2019-10-17 07:43:37,371 [grpc-default-executor-1] INFO  impl.RaftServerImpl (RaftServerImpl.java:setRole(184)) - 24020d0b-ce61-4f5a-b0b0-c561541e8cd4@group-A9EE991D717F: changes role from  FOLLOWER to FOLLOWER at term 249 for recognizeCandidate:2a93f7e5-ecb9-41da-9c47-70e13ba76d7d
2019-10-17 07:43:37,371 [grpc-default-executor-1] INFO  impl.RoleInfo (RoleInfo.java:shutdownFollowerState(121)) - 24020d0b-ce61-4f5a-b0b0-c561541e8cd4: shutdown FollowerState
2019-10-17 07:43:37,371 [grpc-default-executor-0] INFO  impl.RoleInfo (RoleInfo.java:shutdownFollowerState(121)) - 37bd8e8c-ea68-4b1c-8659-8d001c4f3b5c: shutdown FollowerState
2019-10-17 07:43:37,372 [Thread-1984] INFO  impl.FollowerState (FollowerState.java:run(117)) - 24020d0b-ce61-4f5a-b0b0-c561541e8cd4@group-A9EE991D717F-FollowerState was interrupted: java.lang.InterruptedException: sleep interrupted
2019-10-17 07:43:37,371 [grpc-default-executor-1] INFO  impl.RoleInfo (RoleInfo.java:updateAndGet(143)) - 24020d0b-ce61-4f5a-b0b0-c561541e8cd4: start FollowerState
2019-10-17 07:43:37,372 [Thread-1983] INFO  impl.FollowerState (FollowerState.java:run(117)) - 37bd8e8c-ea68-4b1c-8659-8d001c4f3b5c@group-A9EE991D717F-FollowerState was interrupted: java.lang.InterruptedException: sleep interrupted
2019-10-17 07:43:37,372 [grpc-default-executor-0] INFO  impl.RoleInfo (RoleInfo.java:updateAndGet(143)) - 37bd8e8c-ea68-4b1c-8659-8d001c4f3b5c: start FollowerState
2019-10-17 07:43:37,389 [2a93f7e5-ecb9-41da-9c47-70e13ba76d7d@group-A9EE991D717F-LeaderElection236] INFO  impl.LeaderElection (LeaderElection.java:logAndReturn(56)) - 2a93f7e5-ecb9-41da-9c47-70e13ba76d7d@group-A9EE991D717F-LeaderElection236: Election REJECTED; received 2 response(s) [2a93f7e5-ecb9-41da-9c47-70e13ba76d7d<-37bd8e8c-ea68-4b1c-8659-8d001c4f3b5c#0:FAIL-t249, 2a93f7e5-ecb9-41da-9c47-70e13ba76d7d<-24020d0b-ce61-4f5a-b0b0-c561541e8cd4#0:FAIL-t249] and 0 exception(s); 2a93f7e5-ecb9-41da-9c47-70e13ba76d7d@group-A9EE991D717F:t249, leader=null, voted=2a93f7e5-ecb9-41da-9c47-70e13ba76d7d, raftlog=2a93f7e5-ecb9-41da-9c47-70e13ba76d7d@group-A9EE991D717F-SegmentedRaftLog:OPENED:c-1,f0,i0, conf=0: [37bd8e8c-ea68-4b1c-8659-8d001c4f3b5c:192.168.34.62:41632, 24020d0b-ce61-4f5a-b0b0-c561541e8cd4:192.168.34.62:42892, 2a93f7e5-ecb9-41da-9c47-70e13ba76d7d:192.168.34.62:35412], old=null
2019-10-17 07:43:37,389 [2a93f7e5-ecb9-41da-9c47-70e13ba76d7d@group-A9EE991D717F-LeaderElection236] INFO  impl.RaftServerImpl (RaftServerImpl.java:setRole(184)) - 2a93f7e5-ecb9-41da-9c47-70e13ba76d7d@group-A9EE991D717F: changes role from CANDIDATE to FOLLOWER at term 249 for DISCOVERED_A_NEW_TERM
2019-10-17 07:43:37,389 [2a93f7e5-ecb9-41da-9c47-70e13ba76d7d@group-A9EE991D717F-LeaderElection236] INFO  impl.RoleInfo (RoleInfo.java:shutdownLeaderElection(134)) - 2a93f7e5-ecb9-41da-9c47-70e13ba76d7d: shutdown LeaderElection
2019-10-17 07:43:37,389 [2a93f7e5-ecb9-41da-9c47-70e13ba76d7d@group-A9EE991D717F-LeaderElection236] INFO  impl.RoleInfo (RoleInfo.java:updateAndGet(143)) - 2a93f7e5-ecb9-41da-9c47-70e13ba76d7d: start FollowerState
2019-10-17 07:43:37,508 [Thread-1991] INFO  impl.FollowerState (FollowerState.java:run(108)) - 2a93f7e5-ecb9-41da-9c47-70e13ba76d7d@group-A9EE991D717F-FollowerState: change to CANDIDATE, lastRpcTime:118ms, electionTimeout:118ms
2019-10-17 07:43:37,508 [Thread-1991] INFO  impl.RoleInfo (RoleInfo.java:shutdownFollowerState(121)) - 2a93f7e5-ecb9-41da-9c47-70e13ba76d7d: shutdown FollowerState
2019-10-17 07:43:37,508 [Thread-1991] INFO  impl.RaftServerImpl (RaftServerImpl.java:setRole(184)) - 2a93f7e5-ecb9-41da-9c47-70e13ba76d7d@group-A9EE991D717F: changes role from  FOLLOWER to CANDIDATE at term 249 for changeToCandidate
2019-10-17 07:43:37,509 [Thread-1991] INFO  impl.RoleInfo (RoleInfo.java:updateAndGet(143)) - 2a93f7e5-ecb9-41da-9c47-70e13ba76d7d: start LeaderElection
2019-10-17 07:43:37,534 [2a93f7e5-ecb9-41da-9c47-70e13ba76d7d@group-A9EE991D717F-LeaderElection237] INFO  impl.LeaderElection (LeaderElection.java:askForVotes(178)) - 2a93f7e5-ecb9-41da-9c47-70e13ba76d7d@group-A9EE991D717F-LeaderElection237: begin an election at term 250 for 0: [37bd8e8c-ea68-4b1c-8659-8d001c4f3b5c:192.168.34.62:41632, 24020d0b-ce61-4f5a-b0b0-c561541e8cd4:192.168.34.62:42892, 2a93f7e5-ecb9-41da-9c47-70e13ba76d7d:192.168.34.62:35412], old=null
2019-10-17 07:43:37,536 [grpc-default-executor-1] INFO  impl.RaftServerImpl (RaftServerImpl.java:setRole(184)) - 37bd8e8c-ea68-4b1c-8659-8d001c4f3b5c@group-A9EE991D717F: changes role from  FOLLOWER to FOLLOWER at term 250 for recognizeCandidate:2a93f7e5-ecb9-41da-9c47-70e13ba76d7d
2019-10-17 07:43:37,537 [grpc-default-executor-1] INFO  impl.RoleInfo (RoleInfo.java:shutdownFollowerState(121)) - 37bd8e8c-ea68-4b1c-8659-8d001c4f3b5c: shutdown FollowerState
2019-10-17 07:43:37,537 [grpc-default-executor-0] INFO  impl.RaftServerImpl (RaftServerImpl.java:setRole(184)) - 24020d0b-ce61-4f5a-b0b0-c561541e8cd4@group-A9EE991D717F: changes role from  FOLLOWER to FOLLOWER at term 250 for recognizeCandidate:2a93f7e5-ecb9-41da-9c47-70e13ba76d7d
2019-10-17 07:43:37,537 [Thread-1990] INFO  impl.FollowerState (FollowerState.java:run(117)) - 37bd8e8c-ea68-4b1c-8659-8d001c4f3b5c@group-A9EE991D717F-FollowerState was interrupted: java.lang.InterruptedException: sleep interrupted
2019-10-17 07:43:37,537 [grpc-default-executor-1] INFO  impl.RoleInfo (RoleInfo.java:updateAndGet(143)) - 37bd8e8c-ea68-4b1c-8659-8d001c4f3b5c: start FollowerState
2019-10-17 07:43:37,537 [grpc-default-executor-0] INFO  impl.RoleInfo (RoleInfo.java:shutdownFollowerState(121)) - 24020d0b-ce61-4f5a-b0b0-c561541e8cd4: shutdown FollowerState
2019-10-17 07:43:37,538 [grpc-default-executor-0] INFO  impl.RoleInfo (RoleInfo.java:updateAndGet(143)) - 24020d0b-ce61-4f5a-b0b0-c561541e8cd4: start FollowerState
2019-10-17 07:43:37,538 [Thread-1989] INFO  impl.FollowerState (FollowerState.java:run(117)) - 24020d0b-ce61-4f5a-b0b0-c561541e8cd4@group-A9EE991D717F-FollowerState was interrupted: java.lang.InterruptedException: sleep interrupted
2019-10-17 07:43:37,562 [2a93f7e5-ecb9-41da-9c47-70e13ba76d7d@group-A9EE991D717F-LeaderElection237] INFO  impl.LeaderElection (LeaderElection.java:logAndReturn(56)) - 2a93f7e5-ecb9-41da-9c47-70e13ba76d7d@group-A9EE991D717F-LeaderElection237: Election REJECTED; received 2 response(s) [2a93f7e5-ecb9-41da-9c47-70e13ba76d7d<-37bd8e8c-ea68-4b1c-8659-8d001c4f3b5c#0:FAIL-t250, 2a93f7e5-ecb9-41da-9c47-70e13ba76d7d<-24020d0b-ce61-4f5a-b0b0-c561541e8cd4#0:FAIL-t250] and 0 exception(s); 2a93f7e5-ecb9-41da-9c47-70e13ba76d7d@group-A9EE991D717F:t250, leader=null, voted=2a93f7e5-ecb9-41da-9c47-70e13ba76d7d, raftlog=2a93f7e5-ecb9-41da-9c47-70e13ba76d7d@group-A9EE991D717F-SegmentedRaftLog:OPENED:c-1,f0,i0, conf=0: [37bd8e8c-ea68-4b1c-8659-8d001c4f3b5c:192.168.34.62:41632, 24020d0b-ce61-4f5a-b0b0-c561541e8cd4:192.168.34.62:42892, 2a93f7e5-ecb9-41da-9c47-70e13ba76d7d:192.168.34.62:35412], old=null
2019-10-17 07:43:37,562 [2a93f7e5-ecb9-41da-9c47-70e13ba76d7d@group-A9EE991D717F-LeaderElection237] INFO  impl.RaftServerImpl (RaftServerImpl.java:setRole(184)) - 2a93f7e5-ecb9-41da-9c47-70e13ba76d7d@group-A9EE991D717F: changes role from CANDIDATE to FOLLOWER at term 250 for DISCOVERED_A_NEW_TERM
2019-10-17 07:43:37,562 [2a93f7e5-ecb9-41da-9c47-70e13ba76d7d@group-A9EE991D717F-LeaderElection237] INFO  impl.RoleInfo (RoleInfo.java:shutdownLeaderElection(134)) - 2a93f7e5-ecb9-41da-9c47-70e13ba76d7d: shutdown LeaderElection
2019-10-17 07:43:37,562 [2a93f7e5-ecb9-41da-9c47-70e13ba76d7d@group-A9EE991D717F-LeaderElection237] INFO  impl.RoleInfo (RoleInfo.java:updateAndGet(143)) - 2a93f7e5-ecb9-41da-9c47-70e13ba76d7d: start FollowerState
2019-10-17 07:43:37,721 [Thread-1997] INFO  impl.FollowerState (FollowerState.java:run(108)) - 2a93f7e5-ecb9-41da-9c47-70e13ba76d7d@group-A9EE991D717F-FollowerState: change to CANDIDATE, lastRpcTime:158ms, electionTimeout:158ms
2019-10-17 07:43:37,721 [Thread-1997] INFO  impl.RoleInfo (RoleInfo.java:shutdownFollowerState(121)) - 2a93f7e5-ecb9-41da-9c47-70e13ba76d7d: shutdown FollowerState
2019-10-17 07:43:37,721 [Thread-1997] INFO  impl.RaftServerImpl (RaftServerImpl.java:setRole(184)) - 2a93f7e5-ecb9-41da-9c47-70e13ba76d7d@group-A9EE991D717F: changes role from  FOLLOWER to CANDIDATE at term 250 for changeToCandidate
2019-10-17 07:43:37,721 [Thread-1997] INFO  impl.RoleInfo (RoleInfo.java:updateAndGet(143)) - 2a93f7e5-ecb9-41da-9c47-70e13ba76d7d: start LeaderElection
2019-10-17 07:43:37,745 [2a93f7e5-ecb9-41da-9c47-70e13ba76d7d@group-A9EE991D717F-LeaderElection238] INFO  impl.LeaderElection (LeaderElection.java:askForVotes(178)) - 2a93f7e5-ecb9-41da-9c47-70e13ba76d7d@group-A9EE991D717F-LeaderElection238: begin an election at term 251 for 0: [37bd8e8c-ea68-4b1c-8659-8d001c4f3b5c:192.168.34.62:41632, 24020d0b-ce61-4f5a-b0b0-c561541e8cd4:192.168.34.62:42892, 2a93f7e5-ecb9-41da-9c47-70e13ba76d7d:192.168.34.62:35412], old=null
2019-10-17 07:43:37,747 [grpc-default-executor-1] INFO  impl.RaftServerImpl (RaftServerImpl.java:setRole(184)) - 37bd8e8c-ea68-4b1c-8659-8d001c4f3b5c@group-A9EE991D717F: changes role from  FOLLOWER to FOLLOWER at term 251 for recognizeCandidate:2a93f7e5-ecb9-41da-9c47-70e13ba76d7d
2019-10-17 07:43:37,747 [grpc-default-executor-1] INFO  impl.RoleInfo (RoleInfo.java:shutdownFollowerState(121)) - 37bd8e8c-ea68-4b1c-8659-8d001c4f3b5c: shutdown FollowerState
2019-10-17 07:43:37,747 [grpc-default-executor-1] INFO  impl.RoleInfo (RoleInfo.java:updateAndGet(143)) - 37bd8e8c-ea68-4b1c-8659-8d001c4f3b5c: start FollowerState
2019-10-17 07:43:37,748 [Thread-1995] INFO  impl.FollowerState (FollowerState.java:run(117)) - 37bd8e8c-ea68-4b1c-8659-8d001c4f3b5c@group-A9EE991D717F-FollowerState was interrupted: java.lang.InterruptedException: sleep interrupted
2019-10-17 07:43:37,747 [grpc-default-executor-0] INFO  impl.RaftServerImpl (RaftServerImpl.java:setRole(184)) - 24020d0b-ce61-4f5a-b0b0-c561541e8cd4@group-A9EE991D717F: changes role from  FOLLOWER to FOLLOWER at term 251 for recognizeCandidate:2a93f7e5-ecb9-41da-9c47-70e13ba76d7d
2019-10-17 07:43:37,748 [grpc-default-executor-0] INFO  impl.RoleInfo (RoleInfo.java:shutdownFollowerState(121)) - 24020d0b-ce61-4f5a-b0b0-c561541e8cd4: shutdown FollowerState
2019-10-17 07:43:37,748 [grpc-default-executor-0] INFO  impl.RoleInfo (RoleInfo.java:updateAndGet(143)) - 24020d0b-ce61-4f5a-b0b0-c561541e8cd4: start FollowerState
2019-10-17 07:43:37,748 [Thread-1996] INFO  impl.FollowerState (FollowerState.java:run(117)) - 24020d0b-ce61-4f5a-b0b0-c561541e8cd4@group-A9EE991D717F-FollowerState was interrupted: java.lang.InterruptedException: sleep interrupted
2019-10-17 07:43:37,772 [2a93f7e5-ecb9-41da-9c47-70e13ba76d7d@group-A9EE991D717F-LeaderElection238] INFO  impl.LeaderElection (LeaderElection.java:logAndReturn(56)) - 2a93f7e5-ecb9-41da-9c47-70e13ba76d7d@group-A9EE991D717F-LeaderElection238: Election REJECTED; received 2 response(s) [2a93f7e5-ecb9-41da-9c47-70e13ba76d7d<-37bd8e8c-ea68-4b1c-8659-8d001c4f3b5c#0:FAIL-t251, 2a93f7e5-ecb9-41da-9c47-70e13ba76d7d<-24020d0b-ce61-4f5a-b0b0-c561541e8cd4#0:FAIL-t251] and 0 exception(s); 2a93f7e5-ecb9-41da-9c47-70e13ba76d7d@group-A9EE991D717F:t251, leader=null, voted=2a93f7e5-ecb9-41da-9c47-70e13ba76d7d, raftlog=2a93f7e5-ecb9-41da-9c47-70e13ba76d7d@group-A9EE991D717F-SegmentedRaftLog:OPENED:c-1,f0,i0, conf=0: [37bd8e8c-ea68-4b1c-8659-8d001c4f3b5c:192.168.34.62:41632, 24020d0b-ce61-4f5a-b0b0-c561541e8cd4:192.168.34.62:42892, 2a93f7e5-ecb9-41da-9c47-70e13ba76d7d:192.168.34.62:35412], old=null
2019-10-17 07:43:37,772 [2a93f7e5-ecb9-41da-9c47-70e13ba76d7d@group-A9EE991D717F-LeaderElection238] INFO  impl.RaftServerImpl (RaftServerImpl.java:setRole(184)) - 2a93f7e5-ecb9-41da-9c47-70e13ba76d7d@group-A9EE991D717F: changes role from CANDIDATE to FOLLOWER at term 251 for DISCOVERED_A_NEW_TERM
2019-10-17 07:43:37,772 [2a93f7e5-ecb9-41da-9c47-70e13ba76d7d@group-A9EE991D717F-LeaderElection238] INFO  impl.RoleInfo (RoleInfo.java:shutdownLeaderElection(134)) - 2a93f7e5-ecb9-41da-9c47-70e13ba76d7d: shutdown LeaderElection
2019-10-17 07:43:37,772 [2a93f7e5-ecb9-41da-9c47-70e13ba76d7d@group-A9EE991D717F-LeaderElection238] INFO  impl.RoleInfo (RoleInfo.java:updateAndGet(143)) - 2a93f7e5-ecb9-41da-9c47-70e13ba76d7d: start FollowerState
2019-10-17 07:43:37,958 [Thread-2003] INFO  impl.FollowerState (FollowerState.java:run(108)) - 2a93f7e5-ecb9-41da-9c47-70e13ba76d7d@group-A9EE991D717F-FollowerState: change to CANDIDATE, lastRpcTime:185ms, electionTimeout:185ms
2019-10-17 07:43:37,958 [Thread-2003] INFO  impl.RoleInfo (RoleInfo.java:shutdownFollowerState(121)) - 2a93f7e5-ecb9-41da-9c47-70e13ba76d7d: shutdown FollowerState
2019-10-17 07:43:37,958 [Thread-2003] INFO  impl.RaftServerImpl (RaftServerImpl.java:setRole(184)) - 2a93f7e5-ecb9-41da-9c47-70e13ba76d7d@group-A9EE991D717F: changes role from  FOLLOWER to CANDIDATE at term 251 for changeToCandidate
2019-10-17 07:43:37,958 [Thread-2003] INFO  impl.RoleInfo (RoleInfo.java:updateAndGet(143)) - 2a93f7e5-ecb9-41da-9c47-70e13ba76d7d: start LeaderElection
2019-10-17 07:43:37,973 [2a93f7e5-ecb9-41da-9c47-70e13ba76d7d@group-A9EE991D717F-LeaderElection239] INFO  impl.LeaderElection (LeaderElection.java:askForVotes(178)) - 2a93f7e5-ecb9-41da-9c47-70e13ba76d7d@group-A9EE991D717F-LeaderElection239: begin an election at term 252 for 0: [37bd8e8c-ea68-4b1c-8659-8d001c4f3b5c:192.168.34.62:41632, 24020d0b-ce61-4f5a-b0b0-c561541e8cd4:192.168.34.62:42892, 2a93f7e5-ecb9-41da-9c47-70e13ba76d7d:192.168.34.62:35412], old=null
2019-10-17 07:43:37,977 [grpc-default-executor-0] INFO  impl.RaftServerImpl (RaftServerImpl.java:setRole(184)) - 24020d0b-ce61-4f5a-b0b0-c561541e8cd4@group-A9EE991D717F: changes role from  FOLLOWER to FOLLOWER at term 252 for recognizeCandidate:2a93f7e5-ecb9-41da-9c47-70e13ba76d7d
2019-10-17 07:43:37,977 [grpc-default-executor-0] INFO  impl.RoleInfo (RoleInfo.java:shutdownFollowerState(121)) - 24020d0b-ce61-4f5a-b0b0-c561541e8cd4: shutdown FollowerState
2019-10-17 07:43:37,977 [grpc-default-executor-0] INFO  impl.RoleInfo (RoleInfo.java:updateAndGet(143)) - 24020d0b-ce61-4f5a-b0b0-c561541e8cd4: start FollowerState
2019-10-17 07:43:37,978 [Thread-2002] INFO  impl.FollowerState (FollowerState.java:run(117)) - 24020d0b-ce61-4f5a-b0b0-c561541e8cd4@group-A9EE991D717F-FollowerState was interrupted: java.lang.InterruptedException: sleep interrupted
2019-10-17 07:43:37,978 [grpc-default-executor-1] INFO  impl.RaftServerImpl (RaftServerImpl.java:setRole(184)) - 37bd8e8c-ea68-4b1c-8659-8d001c4f3b5c@group-A9EE991D717F: changes role from  FOLLOWER to FOLLOWER at term 252 for recognizeCandidate:2a93f7e5-ecb9-41da-9c47-70e13ba76d7d
2019-10-17 07:43:37,978 [grpc-default-executor-1] INFO  impl.RoleInfo (RoleInfo.java:shutdownFollowerState(121)) - 37bd8e8c-ea68-4b1c-8659-8d001c4f3b5c: shutdown FollowerState
2019-10-17 07:43:37,979 [grpc-default-executor-1] INFO  impl.RoleInfo (RoleInfo.java:updateAndGet(143)) - 37bd8e8c-ea68-4b1c-8659-8d001c4f3b5c: start FollowerState
2019-10-17 07:43:37,979 [Thread-2001] INFO  impl.FollowerState (FollowerState.java:run(117)) - 37bd8e8c-ea68-4b1c-8659-8d001c4f3b5c@group-A9EE991D717F-FollowerState was interrupted: java.lang.InterruptedException: sleep interrupted
2019-10-17 07:43:38,004 [2a93f7e5-ecb9-41da-9c47-70e13ba76d7d@group-A9EE991D717F-LeaderElection239] INFO  impl.LeaderElection (LeaderElection.java:logAndReturn(56)) - 2a93f7e5-ecb9-41da-9c47-70e13ba76d7d@group-A9EE991D717F-LeaderElection239: Election REJECTED; received 2 response(s) [2a93f7e5-ecb9-41da-9c47-70e13ba76d7d<-37bd8e8c-ea68-4b1c-8659-8d001c4f3b5c#0:FAIL-t252, 2a93f7e5-ecb9-41da-9c47-70e13ba76d7d<-24020d0b-ce61-4f5a-b0b0-c561541e8cd4#0:FAIL-t252] and 0 exception(s); 2a93f7e5-ecb9-41da-9c47-70e13ba76d7d@group-A9EE991D717F:t252, leader=null, voted=2a93f7e5-ecb9-41da-9c47-70e13ba76d7d, raftlog=2a93f7e5-ecb9-41da-9c47-70e13ba76d7d@group-A9EE991D717F-SegmentedRaftLog:OPENED:c-1,f0,i0, conf=0: [37bd8e8c-ea68-4b1c-8659-8d001c4f3b5c:192.168.34.62:41632, 24020d0b-ce61-4f5a-b0b0-c561541e8cd4:192.168.34.62:42892, 2a93f7e5-ecb9-41da-9c47-70e13ba76d7d:192.168.34.62:35412], old=null
2019-10-17 07:43:38,004 [2a93f7e5-ecb9-41da-9c47-70e13ba76d7d@group-A9EE991D717F-LeaderElection239] INFO  impl.RaftServerImpl (RaftServerImpl.java:setRole(184)) - 2a93f7e5-ecb9-41da-9c47-70e13ba76d7d@group-A9EE991D717F: changes role from CANDIDATE to FOLLOWER at term 252 for DISCOVERED_A_NEW_TERM
2019-10-17 07:43:38,004 [2a93f7e5-ecb9-41da-9c47-70e13ba76d7d@group-A9EE991D717F-LeaderElection239] INFO  impl.RoleInfo (RoleInfo.java:shutdownLeaderElection(134)) - 2a93f7e5-ecb9-41da-9c47-70e13ba76d7d: shutdown LeaderElection
2019-10-17 07:43:38,004 [2a93f7e5-ecb9-41da-9c47-70e13ba76d7d@group-A9EE991D717F-LeaderElection239] INFO  impl.RoleInfo (RoleInfo.java:updateAndGet(143)) - 2a93f7e5-ecb9-41da-9c47-70e13ba76d7d: start FollowerState
2019-10-17 07:43:38,014 [Thread-2009] INFO  impl.FollowerState (FollowerState.java:run(108)) - 2a93f7e5-ecb9-41da-9c47-70e13ba76d7d@group-A9EE991D717F-FollowerState: change to CANDIDATE, lastRpcTime:9ms, electionTimeout:9ms
2019-10-17 07:43:38,014 [Thread-2009] INFO  impl.RoleInfo (RoleInfo.java:shutdownFollowerState(121)) - 2a93f7e5-ecb9-41da-9c47-70e13ba76d7d: shutdown FollowerState
2019-10-17 07:43:38,014 [Thread-2009] INFO  impl.RaftServerImpl (RaftServerImpl.java:setRole(184)) - 2a93f7e5-ecb9-41da-9c47-70e13ba76d7d@group-A9EE991D717F: changes role from  FOLLOWER to CANDIDATE at term 252 for changeToCandidate
2019-10-17 07:43:38,014 [Thread-2009] INFO  impl.RoleInfo (RoleInfo.java:updateAndGet(143)) - 2a93f7e5-ecb9-41da-9c47-70e13ba76d7d: start LeaderElection
2019-10-17 07:43:38,038 [2a93f7e5-ecb9-41da-9c47-70e13ba76d7d@group-A9EE991D717F-LeaderElection240] INFO  impl.LeaderElection (LeaderElection.java:askForVotes(178)) - 2a93f7e5-ecb9-41da-9c47-70e13ba76d7d@group-A9EE991D717F-LeaderElection240: begin an election at term 253 for 0: [37bd8e8c-ea68-4b1c-8659-8d001c4f3b5c:192.168.34.62:41632, 24020d0b-ce61-4f5a-b0b0-c561541e8cd4:192.168.34.62:42892, 2a93f7e5-ecb9-41da-9c47-70e13ba76d7d:192.168.34.62:35412], old=null
2019-10-17 07:43:38,040 [grpc-default-executor-1] INFO  impl.RaftServerImpl (RaftServerImpl.java:setRole(184)) - 37bd8e8c-ea68-4b1c-8659-8d001c4f3b5c@group-A9EE991D717F: changes role from  FOLLOWER to FOLLOWER at term 253 for recognizeCandidate:2a93f7e5-ecb9-41da-9c47-70e13ba76d7d
2019-10-17 07:43:38,041 [grpc-default-executor-1] INFO  impl.RoleInfo (RoleInfo.java:shutdownFollowerState(121)) - 37bd8e8c-ea68-4b1c-8659-8d001c4f3b5c: shutdown FollowerState
2019-10-17 07:43:38,040 [grpc-default-executor-0] INFO  impl.RaftServerImpl (RaftServerImpl.java:setRole(184)) - 24020d0b-ce61-4f5a-b0b0-c561541e8cd4@group-A9EE991D717F: changes role from  FOLLOWER to FOLLOWER at term 253 for recognizeCandidate:2a93f7e5-ecb9-41da-9c47-70e13ba76d7d
2019-10-17 07:43:38,041 [grpc-default-executor-0] INFO  impl.RoleInfo (RoleInfo.java:shutdownFollowerState(121)) - 24020d0b-ce61-4f5a-b0b0-c561541e8cd4: shutdown FollowerState
2019-10-17 07:43:38,041 [Thread-2008] INFO  impl.FollowerState (FollowerState.java:run(117)) - 37bd8e8c-ea68-4b1c-8659-8d001c4f3b5c@group-A9EE991D717F-FollowerState was interrupted: java.lang.InterruptedException: sleep interrupted
2019-10-17 07:43:38,041 [grpc-default-executor-1] INFO  impl.RoleInfo (RoleInfo.java:updateAndGet(143)) - 37bd8e8c-ea68-4b1c-8659-8d001c4f3b5c: start FollowerState
2019-10-17 07:43:38,041 [Thread-2007] INFO  impl.FollowerState (FollowerState.java:run(117)) - 24020d0b-ce61-4f5a-b0b0-c561541e8cd4@group-A9EE991D717F-FollowerState was interrupted: java.lang.InterruptedException: sleep interrupted
2019-10-17 07:43:38,041 [grpc-default-executor-0] INFO  impl.RoleInfo (RoleInfo.java:updateAndGet(143)) - 24020d0b-ce61-4f5a-b0b0-c561541e8cd4: start FollowerState
2019-10-17 07:43:38,065 [2a93f7e5-ecb9-41da-9c47-70e13ba76d7d@group-A9EE991D717F-LeaderElection240] INFO  impl.LeaderElection (LeaderElection.java:logAndReturn(56)) - 2a93f7e5-ecb9-41da-9c47-70e13ba76d7d@group-A9EE991D717F-LeaderElection240: Election REJECTED; received 2 response(s) [2a93f7e5-ecb9-41da-9c47-70e13ba76d7d<-37bd8e8c-ea68-4b1c-8659-8d001c4f3b5c#0:FAIL-t253, 2a93f7e5-ecb9-41da-9c47-70e13ba76d7d<-24020d0b-ce61-4f5a-b0b0-c561541e8cd4#0:FAIL-t253] and 0 exception(s); 2a93f7e5-ecb9-41da-9c47-70e13ba76d7d@group-A9EE991D717F:t253, leader=null, voted=2a93f7e5-ecb9-41da-9c47-70e13ba76d7d, raftlog=2a93f7e5-ecb9-41da-9c47-70e13ba76d7d@group-A9EE991D717F-SegmentedRaftLog:OPENED:c-1,f0,i0, conf=0: [37bd8e8c-ea68-4b1c-8659-8d001c4f3b5c:192.168.34.62:41632, 24020d0b-ce61-4f5a-b0b0-c561541e8cd4:192.168.34.62:42892, 2a93f7e5-ecb9-41da-9c47-70e13ba76d7d:192.168.34.62:35412], old=null
2019-10-17 07:43:38,065 [2a93f7e5-ecb9-41da-9c47-70e13ba76d7d@group-A9EE991D717F-LeaderElection240] INFO  impl.RaftServerImpl (RaftServerImpl.java:setRole(184)) - 2a93f7e5-ecb9-41da-9c47-70e13ba76d7d@group-A9EE991D717F: changes role from CANDIDATE to FOLLOWER at term 253 for DISCOVERED_A_NEW_TERM
2019-10-17 07:43:38,065 [2a93f7e5-ecb9-41da-9c47-70e13ba76d7d@group-A9EE991D717F-LeaderElection240] INFO  impl.RoleInfo (RoleInfo.java:shutdownLeaderElection(134)) - 2a93f7e5-ecb9-41da-9c47-70e13ba76d7d: shutdown LeaderElection
2019-10-17 07:43:38,066 [2a93f7e5-ecb9-41da-9c47-70e13ba76d7d@group-A9EE991D717F-LeaderElection240] INFO  impl.RoleInfo (RoleInfo.java:updateAndGet(143)) - 2a93f7e5-ecb9-41da-9c47-70e13ba76d7d: start FollowerState
2019-10-17 07:43:38,185 [Thread-2015] INFO  impl.FollowerState (FollowerState.java:run(108)) - 2a93f7e5-ecb9-41da-9c47-70e13ba76d7d@group-A9EE991D717F-FollowerState: change to CANDIDATE, lastRpcTime:119ms, electionTimeout:119ms
2019-10-17 07:43:38,185 [Thread-2015] INFO  impl.RoleInfo (RoleInfo.java:shutdownFollowerState(121)) - 2a93f7e5-ecb9-41da-9c47-70e13ba76d7d: shutdown FollowerState
2019-10-17 07:43:38,185 [Thread-2015] INFO  impl.RaftServerImpl (RaftServerImpl.java:setRole(184)) - 2a93f7e5-ecb9-41da-9c47-70e13ba76d7d@group-A9EE991D717F: changes role from  FOLLOWER to CANDIDATE at term 253 for changeToCandidate
2019-10-17 07:43:38,185 [Thread-2015] INFO  impl.RoleInfo (RoleInfo.java:updateAndGet(143)) - 2a93f7e5-ecb9-41da-9c47-70e13ba76d7d: start LeaderElection
2019-10-17 07:43:38,210 [2a93f7e5-ecb9-41da-9c47-70e13ba76d7d@group-A9EE991D717F-LeaderElection241] INFO  impl.LeaderElection (LeaderElection.java:askForVotes(178)) - 2a93f7e5-ecb9-41da-9c47-70e13ba76d7d@group-A9EE991D717F-LeaderElection241: begin an election at term 254 for 0: [37bd8e8c-ea68-4b1c-8659-8d001c4f3b5c:192.168.34.62:41632, 24020d0b-ce61-4f5a-b0b0-c561541e8cd4:192.168.34.62:42892, 2a93f7e5-ecb9-41da-9c47-70e13ba76d7d:192.168.34.62:35412], old=null
2019-10-17 07:43:38,212 [grpc-default-executor-1] INFO  impl.RaftServerImpl (RaftServerImpl.java:setRole(184)) - 37bd8e8c-ea68-4b1c-8659-8d001c4f3b5c@group-A9EE991D717F: changes role from  FOLLOWER to FOLLOWER at term 254 for recognizeCandidate:2a93f7e5-ecb9-41da-9c47-70e13ba76d7d
2019-10-17 07:43:38,212 [grpc-default-executor-0] INFO  impl.RaftServerImpl (RaftServerImpl.java:setRole(184)) - 24020d0b-ce61-4f5a-b0b0-c561541e8cd4@group-A9EE991D717F: changes role from  FOLLOWER to FOLLOWER at term 254 for recognizeCandidate:2a93f7e5-ecb9-41da-9c47-70e13ba76d7d
2019-10-17 07:43:38,213 [grpc-default-executor-0] INFO  impl.RoleInfo (RoleInfo.java:shutdownFollowerState(121)) - 24020d0b-ce61-4f5a-b0b0-c561541e8cd4: shutdown FollowerState
2019-10-17 07:43:38,212 [grpc-default-executor-1] INFO  impl.RoleInfo (RoleInfo.java:shutdownFollowerState(121)) - 37bd8e8c-ea68-4b1c-8659-8d001c4f3b5c: shutdown FollowerState
2019-10-17 07:43:38,213 [Thread-2014] INFO  impl.FollowerState (FollowerState.java:run(117)) - 24020d0b-ce61-4f5a-b0b0-c561541e8cd4@group-A9EE991D717F-FollowerState was interrupted: java.lang.InterruptedException: sleep interrupted
2019-10-17 07:43:38,213 [grpc-default-executor-0] INFO  impl.RoleInfo (RoleInfo.java:updateAndGet(143)) - 24020d0b-ce61-4f5a-b0b0-c561541e8cd4: start FollowerState
2019-10-17 07:43:38,213 [Thread-2013] INFO  impl.FollowerState (FollowerState.java:run(117)) - 37bd8e8c-ea68-4b1c-8659-8d001c4f3b5c@group-A9EE991D717F-FollowerState was interrupted: java.lang.InterruptedException: sleep interrupted
2019-10-17 07:43:38,213 [grpc-default-executor-1] INFO  impl.RoleInfo (RoleInfo.java:updateAndGet(143)) - 37bd8e8c-ea68-4b1c-8659-8d001c4f3b5c: start FollowerState
2019-10-17 07:43:38,232 [2a93f7e5-ecb9-41da-9c47-70e13ba76d7d@group-A9EE991D717F-LeaderElection241] INFO  impl.LeaderElection (LeaderElection.java:logAndReturn(56)) - 2a93f7e5-ecb9-41da-9c47-70e13ba76d7d@group-A9EE991D717F-LeaderElection241: Election REJECTED; received 2 response(s) [2a93f7e5-ecb9-41da-9c47-70e13ba76d7d<-37bd8e8c-ea68-4b1c-8659-8d001c4f3b5c#0:FAIL-t254, 2a93f7e5-ecb9-41da-9c47-70e13ba76d7d<-24020d0b-ce61-4f5a-b0b0-c561541e8cd4#0:FAIL-t254] and 0 exception(s); 2a93f7e5-ecb9-41da-9c47-70e13ba76d7d@group-A9EE991D717F:t254, leader=null, voted=2a93f7e5-ecb9-41da-9c47-70e13ba76d7d, raftlog=2a93f7e5-ecb9-41da-9c47-70e13ba76d7d@group-A9EE991D717F-SegmentedRaftLog:OPENED:c-1,f0,i0, conf=0: [37bd8e8c-ea68-4b1c-8659-8d001c4f3b5c:192.168.34.62:41632, 24020d0b-ce61-4f5a-b0b0-c561541e8cd4:192.168.34.62:42892, 2a93f7e5-ecb9-41da-9c47-70e13ba76d7d:192.168.34.62:35412], old=null
2019-10-17 07:43:38,232 [2a93f7e5-ecb9-41da-9c47-70e13ba76d7d@group-A9EE991D717F-LeaderElection241] INFO  impl.RaftServerImpl (RaftServerImpl.java:setRole(184)) - 2a93f7e5-ecb9-41da-9c47-70e13ba76d7d@group-A9EE991D717F: changes role from CANDIDATE to FOLLOWER at term 254 for DISCOVERED_A_NEW_TERM
2019-10-17 07:43:38,233 [2a93f7e5-ecb9-41da-9c47-70e13ba76d7d@group-A9EE991D717F-LeaderElection241] INFO  impl.RoleInfo (RoleInfo.java:shutdownLeaderElection(134)) - 2a93f7e5-ecb9-41da-9c47-70e13ba76d7d: shutdown LeaderElection
2019-10-17 07:43:38,233 [2a93f7e5-ecb9-41da-9c47-70e13ba76d7d@group-A9EE991D717F-LeaderElection241] INFO  impl.RoleInfo (RoleInfo.java:updateAndGet(143)) - 2a93f7e5-ecb9-41da-9c47-70e13ba76d7d: start FollowerState
2019-10-17 07:43:38,353 [Thread-2021] INFO  impl.FollowerState (FollowerState.java:run(108)) - 2a93f7e5-ecb9-41da-9c47-70e13ba76d7d@group-A9EE991D717F-FollowerState: change to CANDIDATE, lastRpcTime:120ms, electionTimeout:120ms
2019-10-17 07:43:38,353 [Thread-2021] INFO  impl.RoleInfo (RoleInfo.java:shutdownFollowerState(121)) - 2a93f7e5-ecb9-41da-9c47-70e13ba76d7d: shutdown FollowerState
2019-10-17 07:43:38,353 [Thread-2021] INFO  impl.RaftServerImpl (RaftServerImpl.java:setRole(184)) - 2a93f7e5-ecb9-41da-9c47-70e13ba76d7d@group-A9EE991D717F: changes role from  FOLLOWER to CANDIDATE at term 254 for changeToCandidate
2019-10-17 07:43:38,354 [Thread-2021] INFO  impl.RoleInfo (RoleInfo.java:updateAndGet(143)) - 2a93f7e5-ecb9-41da-9c47-70e13ba76d7d: start LeaderElection
2019-10-17 07:43:38,385 [2a93f7e5-ecb9-41da-9c47-70e13ba76d7d@group-A9EE991D717F-LeaderElection242] INFO  impl.LeaderElection (LeaderElection.java:askForVotes(178)) - 2a93f7e5-ecb9-41da-9c47-70e13ba76d7d@group-A9EE991D717F-LeaderElection242: begin an election at term 255 for 0: [37bd8e8c-ea68-4b1c-8659-8d001c4f3b5c:192.168.34.62:41632, 24020d0b-ce61-4f5a-b0b0-c561541e8cd4:192.168.34.62:42892, 2a93f7e5-ecb9-41da-9c47-70e13ba76d7d:192.168.34.62:35412], old=null
2019-10-17 07:43:38,388 [grpc-default-executor-1] INFO  impl.RaftServerImpl (RaftServerImpl.java:setRole(184)) - 37bd8e8c-ea68-4b1c-8659-8d001c4f3b5c@group-A9EE991D717F: changes role from  FOLLOWER to FOLLOWER at term 255 for recognizeCandidate:2a93f7e5-ecb9-41da-9c47-70e13ba76d7d
2019-10-17 07:43:38,388 [grpc-default-executor-1] INFO  impl.RoleInfo (RoleInfo.java:shutdownFollowerState(121)) - 37bd8e8c-ea68-4b1c-8659-8d001c4f3b5c: shutdown FollowerState
2019-10-17 07:43:38,388 [grpc-default-executor-1] INFO  impl.RoleInfo (RoleInfo.java:updateAndGet(143)) - 37bd8e8c-ea68-4b1c-8659-8d001c4f3b5c: start FollowerState
2019-10-17 07:43:38,388 [Thread-2020] INFO  impl.FollowerState (FollowerState.java:run(117)) - 37bd8e8c-ea68-4b1c-8659-8d001c4f3b5c@group-A9EE991D717F-FollowerState was interrupted: java.lang.InterruptedException: sleep interrupted
2019-10-17 07:43:38,388 [grpc-default-executor-0] INFO  impl.RaftServerImpl (RaftServerImpl.java:setRole(184)) - 24020d0b-ce61-4f5a-b0b0-c561541e8cd4@group-A9EE991D717F: changes role from  FOLLOWER to FOLLOWER at term 255 for recognizeCandidate:2a93f7e5-ecb9-41da-9c47-70e13ba76d7d
2019-10-17 07:43:38,389 [grpc-default-executor-0] INFO  impl.RoleInfo (RoleInfo.java:shutdownFollowerState(121)) - 24020d0b-ce61-4f5a-b0b0-c561541e8cd4: shutdown FollowerState
2019-10-17 07:43:38,389 [grpc-default-executor-0] INFO  impl.RoleInfo (RoleInfo.java:updateAndGet(143)) - 24020d0b-ce61-4f5a-b0b0-c561541e8cd4: start FollowerState
2019-10-17 07:43:38,389 [Thread-2019] INFO  impl.FollowerState (FollowerState.java:run(117)) - 24020d0b-ce61-4f5a-b0b0-c561541e8cd4@group-A9EE991D717F-FollowerState was interrupted: java.lang.InterruptedException: sleep interrupted
2019-10-17 07:43:38,403 [2a93f7e5-ecb9-41da-9c47-70e13ba76d7d@group-A9EE991D717F-LeaderElection242] INFO  impl.LeaderElection (LeaderElection.java:logAndReturn(56)) - 2a93f7e5-ecb9-41da-9c47-70e13ba76d7d@group-A9EE991D717F-LeaderElection242: Election REJECTED; received 2 response(s) [2a93f7e5-ecb9-41da-9c47-70e13ba76d7d<-37bd8e8c-ea68-4b1c-8659-8d001c4f3b5c#0:FAIL-t255, 2a93f7e5-ecb9-41da-9c47-70e13ba76d7d<-24020d0b-ce61-4f5a-b0b0-c561541e8cd4#0:FAIL-t255] and 0 exception(s); 2a93f7e5-ecb9-41da-9c47-70e13ba76d7d@group-A9EE991D717F:t255, leader=null, voted=2a93f7e5-ecb9-41da-9c47-70e13ba76d7d, raftlog=2a93f7e5-ecb9-41da-9c47-70e13ba76d7d@group-A9EE991D717F-SegmentedRaftLog:OPENED:c-1,f0,i0, conf=0: [37bd8e8c-ea68-4b1c-8659-8d001c4f3b5c:192.168.34.62:41632, 24020d0b-ce61-4f5a-b0b0-c561541e8cd4:192.168.34.62:42892, 2a93f7e5-ecb9-41da-9c47-70e13ba76d7d:192.168.34.62:35412], old=null
2019-10-17 07:43:38,404 [2a93f7e5-ecb9-41da-9c47-70e13ba76d7d@group-A9EE991D717F-LeaderElection242] INFO  impl.RaftServerImpl (RaftServerImpl.java:setRole(184)) - 2a93f7e5-ecb9-41da-9c47-70e13ba76d7d@group-A9EE991D717F: changes role from CANDIDATE to FOLLOWER at term 255 for DISCOVERED_A_NEW_TERM
2019-10-17 07:43:38,404 [2a93f7e5-ecb9-41da-9c47-70e13ba76d7d@group-A9EE991D717F-LeaderElection242] INFO  impl.RoleInfo (RoleInfo.java:shutdownLeaderElection(134)) - 2a93f7e5-ecb9-41da-9c47-70e13ba76d7d: shutdown LeaderElection
2019-10-17 07:43:38,404 [2a93f7e5-ecb9-41da-9c47-70e13ba76d7d@group-A9EE991D717F-LeaderElection242] INFO  impl.RoleInfo (RoleInfo.java:updateAndGet(143)) - 2a93f7e5-ecb9-41da-9c47-70e13ba76d7d: start FollowerState
2019-10-17 07:43:38,430 [Thread-2027] INFO  impl.FollowerState (FollowerState.java:run(108)) - 2a93f7e5-ecb9-41da-9c47-70e13ba76d7d@group-A9EE991D717F-FollowerState: change to CANDIDATE, lastRpcTime:26ms, electionTimeout:26ms
2019-10-17 07:43:38,431 [Thread-2027] INFO  impl.RoleInfo (RoleInfo.java:shutdownFollowerState(121)) - 2a93f7e5-ecb9-41da-9c47-70e13ba76d7d: shutdown FollowerState
2019-10-17 07:43:38,431 [Thread-2027] INFO  impl.RaftServerImpl (RaftServerImpl.java:setRole(184)) - 2a93f7e5-ecb9-41da-9c47-70e13ba76d7d@group-A9EE991D717F: changes role from  FOLLOWER to CANDIDATE at term 255 for changeToCandidate
2019-10-17 07:43:38,431 [Thread-2027] INFO  impl.RoleInfo (RoleInfo.java:updateAndGet(143)) - 2a93f7e5-ecb9-41da-9c47-70e13ba76d7d: start LeaderElection
2019-10-17 07:43:38,455 [2a93f7e5-ecb9-41da-9c47-70e13ba76d7d@group-A9EE991D717F-LeaderElection243] INFO  impl.LeaderElection (LeaderElection.java:askForVotes(178)) - 2a93f7e5-ecb9-41da-9c47-70e13ba76d7d@group-A9EE991D717F-LeaderElection243: begin an election at term 256 for 0: [37bd8e8c-ea68-4b1c-8659-8d001c4f3b5c:192.168.34.62:41632, 24020d0b-ce61-4f5a-b0b0-c561541e8cd4:192.168.34.62:42892, 2a93f7e5-ecb9-41da-9c47-70e13ba76d7d:192.168.34.62:35412], old=null
2019-10-17 07:43:38,456 [grpc-default-executor-0] INFO  impl.RaftServerImpl (RaftServerImpl.java:setRole(184)) - 37bd8e8c-ea68-4b1c-8659-8d001c4f3b5c@group-A9EE991D717F: changes role from  FOLLOWER to FOLLOWER at term 256 for recognizeCandidate:2a93f7e5-ecb9-41da-9c47-70e13ba76d7d
2019-10-17 07:43:38,457 [grpc-default-executor-0] INFO  impl.RoleInfo (RoleInfo.java:shutdownFollowerState(121)) - 37bd8e8c-ea68-4b1c-8659-8d001c4f3b5c: shutdown FollowerState
2019-10-17 07:43:38,457 [grpc-default-executor-1] INFO  impl.RaftServerImpl (RaftServerImpl.java:setRole(184)) - 24020d0b-ce61-4f5a-b0b0-c561541e8cd4@group-A9EE991D717F: changes role from  FOLLOWER to FOLLOWER at term 256 for recognizeCandidate:2a93f7e5-ecb9-41da-9c47-70e13ba76d7d
2019-10-17 07:43:38,457 [Thread-2025] INFO  impl.FollowerState (FollowerState.java:run(117)) - 37bd8e8c-ea68-4b1c-8659-8d001c4f3b5c@group-A9EE991D717F-FollowerState was interrupted: java.lang.InterruptedException: sleep interrupted
2019-10-17 07:43:38,457 [grpc-default-executor-0] INFO  impl.RoleInfo (RoleInfo.java:updateAndGet(143)) - 37bd8e8c-ea68-4b1c-8659-8d001c4f3b5c: start FollowerState
2019-10-17 07:43:38,457 [grpc-default-executor-1] INFO  impl.RoleInfo (RoleInfo.java:shutdownFollowerState(121)) - 24020d0b-ce61-4f5a-b0b0-c561541e8cd4: shutdown FollowerState
2019-10-17 07:43:38,457 [grpc-default-executor-1] INFO  impl.RoleInfo (RoleInfo.java:updateAndGet(143)) - 24020d0b-ce61-4f5a-b0b0-c561541e8cd4: start FollowerState
2019-10-17 07:43:38,457 [Thread-2026] INFO  impl.FollowerState (FollowerState.java:run(117)) - 24020d0b-ce61-4f5a-b0b0-c561541e8cd4@group-A9EE991D717F-FollowerState was interrupted: java.lang.InterruptedException: sleep interrupted
2019-10-17 07:43:38,484 [2a93f7e5-ecb9-41da-9c47-70e13ba76d7d@group-A9EE991D717F-LeaderElection243] INFO  impl.LeaderElection (LeaderElection.java:logAndReturn(56)) - 2a93f7e5-ecb9-41da-9c47-70e13ba76d7d@group-A9EE991D717F-LeaderElection243: Election REJECTED; received 2 response(s) [2a93f7e5-ecb9-41da-9c47-70e13ba76d7d<-37bd8e8c-ea68-4b1c-8659-8d001c4f3b5c#0:FAIL-t256, 2a93f7e5-ecb9-41da-9c47-70e13ba76d7d<-24020d0b-ce61-4f5a-b0b0-c561541e8cd4#0:FAIL-t256] and 0 exception(s); 2a93f7e5-ecb9-41da-9c47-70e13ba76d7d@group-A9EE991D717F:t256, leader=null, voted=2a93f7e5-ecb9-41da-9c47-70e13ba76d7d, raftlog=2a93f7e5-ecb9-41da-9c47-70e13ba76d7d@group-A9EE991D717F-SegmentedRaftLog:OPENED:c-1,f0,i0, conf=0: [37bd8e8c-ea68-4b1c-8659-8d001c4f3b5c:192.168.34.62:41632, 24020d0b-ce61-4f5a-b0b0-c561541e8cd4:192.168.34.62:42892, 2a93f7e5-ecb9-41da-9c47-70e13ba76d7d:192.168.34.62:35412], old=null
2019-10-17 07:43:38,484 [2a93f7e5-ecb9-41da-9c47-70e13ba76d7d@group-A9EE991D717F-LeaderElection243] INFO  impl.RaftServerImpl (RaftServerImpl.java:setRole(184)) - 2a93f7e5-ecb9-41da-9c47-70e13ba76d7d@group-A9EE991D717F: changes role from CANDIDATE to FOLLOWER at term 256 for DISCOVERED_A_NEW_TERM
2019-10-17 07:43:38,484 [2a93f7e5-ecb9-41da-9c47-70e13ba76d7d@group-A9EE991D717F-LeaderElection243] INFO  impl.RoleInfo (RoleInfo.java:shutdownLeaderElection(134)) - 2a93f7e5-ecb9-41da-9c47-70e13ba76d7d: shutdown LeaderElection
2019-10-17 07:43:38,485 [2a93f7e5-ecb9-41da-9c47-70e13ba76d7d@group-A9EE991D717F-LeaderElection243] INFO  impl.RoleInfo (RoleInfo.java:updateAndGet(143)) - 2a93f7e5-ecb9-41da-9c47-70e13ba76d7d: start FollowerState
2019-10-17 07:43:38,508 [Thread-2033] INFO  impl.FollowerState (FollowerState.java:run(108)) - 2a93f7e5-ecb9-41da-9c47-70e13ba76d7d@group-A9EE991D717F-FollowerState: change to CANDIDATE, lastRpcTime:23ms, electionTimeout:23ms
2019-10-17 07:43:38,508 [Thread-2033] INFO  impl.RoleInfo (RoleInfo.java:shutdownFollowerState(121)) - 2a93f7e5-ecb9-41da-9c47-70e13ba76d7d: shutdown FollowerState
2019-10-17 07:43:38,508 [Thread-2033] INFO  impl.RaftServerImpl (RaftServerImpl.java:setRole(184)) - 2a93f7e5-ecb9-41da-9c47-70e13ba76d7d@group-A9EE991D717F: changes role from  FOLLOWER to CANDIDATE at term 256 for changeToCandidate
2019-10-17 07:43:38,508 [Thread-2033] INFO  impl.RoleInfo (RoleInfo.java:updateAndGet(143)) - 2a93f7e5-ecb9-41da-9c47-70e13ba76d7d: start LeaderElection
2019-10-17 07:43:38,533 [2a93f7e5-ecb9-41da-9c47-70e13ba76d7d@group-A9EE991D717F-LeaderElection244] INFO  impl.LeaderElection (LeaderElection.java:askForVotes(178)) - 2a93f7e5-ecb9-41da-9c47-70e13ba76d7d@group-A9EE991D717F-LeaderElection244: begin an election at term 257 for 0: [37bd8e8c-ea68-4b1c-8659-8d001c4f3b5c:192.168.34.62:41632, 24020d0b-ce61-4f5a-b0b0-c561541e8cd4:192.168.34.62:42892, 2a93f7e5-ecb9-41da-9c47-70e13ba76d7d:192.168.34.62:35412], old=null
2019-10-17 07:43:38,535 [grpc-default-executor-1] INFO  impl.RaftServerImpl (RaftServerImpl.java:setRole(184)) - 37bd8e8c-ea68-4b1c-8659-8d001c4f3b5c@group-A9EE991D717F: changes role from  FOLLOWER to FOLLOWER at term 257 for recognizeCandidate:2a93f7e5-ecb9-41da-9c47-70e13ba76d7d
2019-10-17 07:43:38,535 [grpc-default-executor-1] INFO  impl.RoleInfo (RoleInfo.java:shutdownFollowerState(121)) - 37bd8e8c-ea68-4b1c-8659-8d001c4f3b5c: shutdown FollowerState
2019-10-17 07:43:38,536 [grpc-default-executor-0] INFO  impl.RaftServerImpl (RaftServerImpl.java:setRole(184)) - 24020d0b-ce61-4f5a-b0b0-c561541e8cd4@group-A9EE991D717F: changes role from  FOLLOWER to FOLLOWER at term 257 for recognizeCandidate:2a93f7e5-ecb9-41da-9c47-70e13ba76d7d
2019-10-17 07:43:38,536 [Thread-2031] INFO  impl.FollowerState (FollowerState.java:run(117)) - 37bd8e8c-ea68-4b1c-8659-8d001c4f3b5c@group-A9EE991D717F-FollowerState was interrupted: java.lang.InterruptedException: sleep interrupted
2019-10-17 07:43:38,536 [grpc-default-executor-1] INFO  impl.RoleInfo (RoleInfo.java:updateAndGet(143)) - 37bd8e8c-ea68-4b1c-8659-8d001c4f3b5c: start FollowerState
2019-10-17 07:43:38,536 [grpc-default-executor-0] INFO  impl.RoleInfo (RoleInfo.java:shutdownFollowerState(121)) - 24020d0b-ce61-4f5a-b0b0-c561541e8cd4: shutdown FollowerState
2019-10-17 07:43:38,536 [grpc-default-executor-0] INFO  impl.RoleInfo (RoleInfo.java:updateAndGet(143)) - 24020d0b-ce61-4f5a-b0b0-c561541e8cd4: start FollowerState
2019-10-17 07:43:38,536 [Thread-2032] INFO  impl.FollowerState (FollowerState.java:run(117)) - 24020d0b-ce61-4f5a-b0b0-c561541e8cd4@group-A9EE991D717F-FollowerState was interrupted: java.lang.InterruptedException: sleep interrupted
2019-10-17 07:43:38,561 [2a93f7e5-ecb9-41da-9c47-70e13ba76d7d@group-A9EE991D717F-LeaderElection244] INFO  impl.LeaderElection (LeaderElection.java:logAndReturn(56)) - 2a93f7e5-ecb9-41da-9c47-70e13ba76d7d@group-A9EE991D717F-LeaderElection244: Election REJECTED; received 2 response(s) [2a93f7e5-ecb9-41da-9c47-70e13ba76d7d<-37bd8e8c-ea68-4b1c-8659-8d001c4f3b5c#0:FAIL-t257, 2a93f7e5-ecb9-41da-9c47-70e13ba76d7d<-24020d0b-ce61-4f5a-b0b0-c561541e8cd4#0:FAIL-t257] and 0 exception(s); 2a93f7e5-ecb9-41da-9c47-70e13ba76d7d@group-A9EE991D717F:t257, leader=null, voted=2a93f7e5-ecb9-41da-9c47-70e13ba76d7d, raftlog=2a93f7e5-ecb9-41da-9c47-70e13ba76d7d@group-A9EE991D717F-SegmentedRaftLog:OPENED:c-1,f0,i0, conf=0: [37bd8e8c-ea68-4b1c-8659-8d001c4f3b5c:192.168.34.62:41632, 24020d0b-ce61-4f5a-b0b0-c561541e8cd4:192.168.34.62:42892, 2a93f7e5-ecb9-41da-9c47-70e13ba76d7d:192.168.34.62:35412], old=null
2019-10-17 07:43:38,561 [2a93f7e5-ecb9-41da-9c47-70e13ba76d7d@group-A9EE991D717F-LeaderElection244] INFO  impl.RaftServerImpl (RaftServerImpl.java:setRole(184)) - 2a93f7e5-ecb9-41da-9c47-70e13ba76d7d@group-A9EE991D717F: changes role from CANDIDATE to FOLLOWER at term 257 for DISCOVERED_A_NEW_TERM
2019-10-17 07:43:38,561 [2a93f7e5-ecb9-41da-9c47-70e13ba76d7d@group-A9EE991D717F-LeaderElection244] INFO  impl.RoleInfo (RoleInfo.java:shutdownLeaderElection(134)) - 2a93f7e5-ecb9-41da-9c47-70e13ba76d7d: shutdown LeaderElection
2019-10-17 07:43:38,561 [2a93f7e5-ecb9-41da-9c47-70e13ba76d7d@group-A9EE991D717F-LeaderElection244] INFO  impl.RoleInfo (RoleInfo.java:updateAndGet(143)) - 2a93f7e5-ecb9-41da-9c47-70e13ba76d7d: start FollowerState
2019-10-17 07:43:38,676 [Thread-2039] INFO  impl.FollowerState (FollowerState.java:run(108)) - 2a93f7e5-ecb9-41da-9c47-70e13ba76d7d@group-A9EE991D717F-FollowerState: change to CANDIDATE, lastRpcTime:115ms, electionTimeout:115ms
2019-10-17 07:43:38,677 [Thread-2039] INFO  impl.RoleInfo (RoleInfo.java:shutdownFollowerState(121)) - 2a93f7e5-ecb9-41da-9c47-70e13ba76d7d: shutdown FollowerState
2019-10-17 07:43:38,677 [Thread-2039] INFO  impl.RaftServerImpl (RaftServerImpl.java:setRole(184)) - 2a93f7e5-ecb9-41da-9c47-70e13ba76d7d@group-A9EE991D717F: changes role from  FOLLOWER to CANDIDATE at term 257 for changeToCandidate
2019-10-17 07:43:38,677 [Thread-2039] INFO  impl.RoleInfo (RoleInfo.java:updateAndGet(143)) - 2a93f7e5-ecb9-41da-9c47-70e13ba76d7d: start LeaderElection
2019-10-17 07:43:38,701 [2a93f7e5-ecb9-41da-9c47-70e13ba76d7d@group-A9EE991D717F-LeaderElection245] INFO  impl.LeaderElection (LeaderElection.java:askForVotes(178)) - 2a93f7e5-ecb9-41da-9c47-70e13ba76d7d@group-A9EE991D717F-LeaderElection245: begin an election at term 258 for 0: [37bd8e8c-ea68-4b1c-8659-8d001c4f3b5c:192.168.34.62:41632, 24020d0b-ce61-4f5a-b0b0-c561541e8cd4:192.168.34.62:42892, 2a93f7e5-ecb9-41da-9c47-70e13ba76d7d:192.168.34.62:35412], old=null
2019-10-17 07:43:38,703 [grpc-default-executor-0] INFO  impl.RaftServerImpl (RaftServerImpl.java:setRole(184)) - 37bd8e8c-ea68-4b1c-8659-8d001c4f3b5c@group-A9EE991D717F: changes role from  FOLLOWER to FOLLOWER at term 258 for recognizeCandidate:2a93f7e5-ecb9-41da-9c47-70e13ba76d7d
2019-10-17 07:43:38,703 [grpc-default-executor-0] INFO  impl.RoleInfo (RoleInfo.java:shutdownFollowerState(121)) - 37bd8e8c-ea68-4b1c-8659-8d001c4f3b5c: shutdown FollowerState
2019-10-17 07:43:38,703 [grpc-default-executor-0] INFO  impl.RoleInfo (RoleInfo.java:updateAndGet(143)) - 37bd8e8c-ea68-4b1c-8659-8d001c4f3b5c: start FollowerState
2019-10-17 07:43:38,703 [Thread-2037] INFO  impl.FollowerState (FollowerState.java:run(117)) - 37bd8e8c-ea68-4b1c-8659-8d001c4f3b5c@group-A9EE991D717F-FollowerState was interrupted: java.lang.InterruptedException: sleep interrupted
2019-10-17 07:43:38,703 [grpc-default-executor-1] INFO  impl.RaftServerImpl (RaftServerImpl.java:setRole(184)) - 24020d0b-ce61-4f5a-b0b0-c561541e8cd4@group-A9EE991D717F: changes role from  FOLLOWER to FOLLOWER at term 258 for recognizeCandidate:2a93f7e5-ecb9-41da-9c47-70e13ba76d7d
2019-10-17 07:43:38,704 [grpc-default-executor-1] INFO  impl.RoleInfo (RoleInfo.java:shutdownFollowerState(121)) - 24020d0b-ce61-4f5a-b0b0-c561541e8cd4: shutdown FollowerState
2019-10-17 07:43:38,704 [grpc-default-executor-1] INFO  impl.RoleInfo (RoleInfo.java:updateAndGet(143)) - 24020d0b-ce61-4f5a-b0b0-c561541e8cd4: start FollowerState
2019-10-17 07:43:38,704 [Thread-2038] INFO  impl.FollowerState (FollowerState.java:run(117)) - 24020d0b-ce61-4f5a-b0b0-c561541e8cd4@group-A9EE991D717F-FollowerState was interrupted: java.lang.InterruptedException: sleep interrupted
2019-10-17 07:43:38,728 [2a93f7e5-ecb9-41da-9c47-70e13ba76d7d@group-A9EE991D717F-LeaderElection245] INFO  impl.LeaderElection (LeaderElection.java:logAndReturn(56)) - 2a93f7e5-ecb9-41da-9c47-70e13ba76d7d@group-A9EE991D717F-LeaderElection245: Election REJECTED; received 2 response(s) [2a93f7e5-ecb9-41da-9c47-70e13ba76d7d<-37bd8e8c-ea68-4b1c-8659-8d001c4f3b5c#0:FAIL-t258, 2a93f7e5-ecb9-41da-9c47-70e13ba76d7d<-24020d0b-ce61-4f5a-b0b0-c561541e8cd4#0:FAIL-t258] and 0 exception(s); 2a93f7e5-ecb9-41da-9c47-70e13ba76d7d@group-A9EE991D717F:t258, leader=null, voted=2a93f7e5-ecb9-41da-9c47-70e13ba76d7d, raftlog=2a93f7e5-ecb9-41da-9c47-70e13ba76d7d@group-A9EE991D717F-SegmentedRaftLog:OPENED:c-1,f0,i0, conf=0: [37bd8e8c-ea68-4b1c-8659-8d001c4f3b5c:192.168.34.62:41632, 24020d0b-ce61-4f5a-b0b0-c561541e8cd4:192.168.34.62:42892, 2a93f7e5-ecb9-41da-9c47-70e13ba76d7d:192.168.34.62:35412], old=null
2019-10-17 07:43:38,728 [2a93f7e5-ecb9-41da-9c47-70e13ba76d7d@group-A9EE991D717F-LeaderElection245] INFO  impl.RaftServerImpl (RaftServerImpl.java:setRole(184)) - 2a93f7e5-ecb9-41da-9c47-70e13ba76d7d@group-A9EE991D717F: changes role from CANDIDATE to FOLLOWER at term 258 for DISCOVERED_A_NEW_TERM
2019-10-17 07:43:38,728 [2a93f7e5-ecb9-41da-9c47-70e13ba76d7d@group-A9EE991D717F-LeaderElection245] INFO  impl.RoleInfo (RoleInfo.java:shutdownLeaderElection(134)) - 2a93f7e5-ecb9-41da-9c47-70e13ba76d7d: shutdown LeaderElection
2019-10-17 07:43:38,728 [2a93f7e5-ecb9-41da-9c47-70e13ba76d7d@group-A9EE991D717F-LeaderElection245] INFO  impl.RoleInfo (RoleInfo.java:updateAndGet(143)) - 2a93f7e5-ecb9-41da-9c47-70e13ba76d7d: start FollowerState
2019-10-17 07:43:38,804 [Thread-2045] INFO  impl.FollowerState (FollowerState.java:run(108)) - 2a93f7e5-ecb9-41da-9c47-70e13ba76d7d@group-A9EE991D717F-FollowerState: change to CANDIDATE, lastRpcTime:75ms, electionTimeout:75ms
2019-10-17 07:43:38,804 [Thread-2045] INFO  impl.RoleInfo (RoleInfo.java:shutdownFollowerState(121)) - 2a93f7e5-ecb9-41da-9c47-70e13ba76d7d: shutdown FollowerState
2019-10-17 07:43:38,804 [Thread-2045] INFO  impl.RaftServerImpl (RaftServerImpl.java:setRole(184)) - 2a93f7e5-ecb9-41da-9c47-70e13ba76d7d@group-A9EE991D717F: changes role from  FOLLOWER to CANDIDATE at term 258 for changeToCandidate
2019-10-17 07:43:38,804 [Thread-2045] INFO  impl.RoleInfo (RoleInfo.java:updateAndGet(143)) - 2a93f7e5-ecb9-41da-9c47-70e13ba76d7d: start LeaderElection
2019-10-17 07:43:38,828 [2a93f7e5-ecb9-41da-9c47-70e13ba76d7d@group-A9EE991D717F-LeaderElection246] INFO  impl.LeaderElection (LeaderElection.java:askForVotes(178)) - 2a93f7e5-ecb9-41da-9c47-70e13ba76d7d@group-A9EE991D717F-LeaderElection246: begin an election at term 259 for 0: [37bd8e8c-ea68-4b1c-8659-8d001c4f3b5c:192.168.34.62:41632, 24020d0b-ce61-4f5a-b0b0-c561541e8cd4:192.168.34.62:42892, 2a93f7e5-ecb9-41da-9c47-70e13ba76d7d:192.168.34.62:35412], old=null
2019-10-17 07:43:38,830 [grpc-default-executor-0] INFO  impl.RaftServerImpl (RaftServerImpl.java:setRole(184)) - 37bd8e8c-ea68-4b1c-8659-8d001c4f3b5c@group-A9EE991D717F: changes role from  FOLLOWER to FOLLOWER at term 259 for recognizeCandidate:2a93f7e5-ecb9-41da-9c47-70e13ba76d7d
2019-10-17 07:43:38,830 [grpc-default-executor-0] INFO  impl.RoleInfo (RoleInfo.java:shutdownFollowerState(121)) - 37bd8e8c-ea68-4b1c-8659-8d001c4f3b5c: shutdown FollowerState
2019-10-17 07:43:38,831 [grpc-default-executor-0] INFO  impl.RoleInfo (RoleInfo.java:updateAndGet(143)) - 37bd8e8c-ea68-4b1c-8659-8d001c4f3b5c: start FollowerState
2019-10-17 07:43:38,831 [grpc-default-executor-1] INFO  impl.RaftServerImpl (RaftServerImpl.java:setRole(184)) - 24020d0b-ce61-4f5a-b0b0-c561541e8cd4@group-A9EE991D717F: changes role from  FOLLOWER to FOLLOWER at term 259 for recognizeCandidate:2a93f7e5-ecb9-41da-9c47-70e13ba76d7d
2019-10-17 07:43:38,831 [grpc-default-executor-1] INFO  impl.RoleInfo (RoleInfo.java:shutdownFollowerState(121)) - 24020d0b-ce61-4f5a-b0b0-c561541e8cd4: shutdown FollowerState
2019-10-17 07:43:38,831 [Thread-2043] INFO  impl.FollowerState (FollowerState.java:run(117)) - 37bd8e8c-ea68-4b1c-8659-8d001c4f3b5c@group-A9EE991D717F-FollowerState was interrupted: java.lang.InterruptedException: sleep interrupted
2019-10-17 07:43:38,831 [Thread-2044] INFO  impl.FollowerState (FollowerState.java:run(117)) - 24020d0b-ce61-4f5a-b0b0-c561541e8cd4@group-A9EE991D717F-FollowerState was interrupted: java.lang.InterruptedException: sleep interrupted
2019-10-17 07:43:38,831 [grpc-default-executor-1] INFO  impl.RoleInfo (RoleInfo.java:updateAndGet(143)) - 24020d0b-ce61-4f5a-b0b0-c561541e8cd4: start FollowerState
2019-10-17 07:43:38,856 [2a93f7e5-ecb9-41da-9c47-70e13ba76d7d@group-A9EE991D717F-LeaderElection246] INFO  impl.LeaderElection (LeaderElection.java:logAndReturn(56)) - 2a93f7e5-ecb9-41da-9c47-70e13ba76d7d@group-A9EE991D717F-LeaderElection246: Election REJECTED; received 2 response(s) [2a93f7e5-ecb9-41da-9c47-70e13ba76d7d<-37bd8e8c-ea68-4b1c-8659-8d001c4f3b5c#0:FAIL-t259, 2a93f7e5-ecb9-41da-9c47-70e13ba76d7d<-24020d0b-ce61-4f5a-b0b0-c561541e8cd4#0:FAIL-t259] and 0 exception(s); 2a93f7e5-ecb9-41da-9c47-70e13ba76d7d@group-A9EE991D717F:t259, leader=null, voted=2a93f7e5-ecb9-41da-9c47-70e13ba76d7d, raftlog=2a93f7e5-ecb9-41da-9c47-70e13ba76d7d@group-A9EE991D717F-SegmentedRaftLog:OPENED:c-1,f0,i0, conf=0: [37bd8e8c-ea68-4b1c-8659-8d001c4f3b5c:192.168.34.62:41632, 24020d0b-ce61-4f5a-b0b0-c561541e8cd4:192.168.34.62:42892, 2a93f7e5-ecb9-41da-9c47-70e13ba76d7d:192.168.34.62:35412], old=null
2019-10-17 07:43:38,856 [2a93f7e5-ecb9-41da-9c47-70e13ba76d7d@group-A9EE991D717F-LeaderElection246] INFO  impl.RaftServerImpl (RaftServerImpl.java:setRole(184)) - 2a93f7e5-ecb9-41da-9c47-70e13ba76d7d@group-A9EE991D717F: changes role from CANDIDATE to FOLLOWER at term 259 for DISCOVERED_A_NEW_TERM
2019-10-17 07:43:38,857 [2a93f7e5-ecb9-41da-9c47-70e13ba76d7d@group-A9EE991D717F-LeaderElection246] INFO  impl.RoleInfo (RoleInfo.java:shutdownLeaderElection(134)) - 2a93f7e5-ecb9-41da-9c47-70e13ba76d7d: shutdown LeaderElection
2019-10-17 07:43:38,857 [2a93f7e5-ecb9-41da-9c47-70e13ba76d7d@group-A9EE991D717F-LeaderElection246] INFO  impl.RoleInfo (RoleInfo.java:updateAndGet(143)) - 2a93f7e5-ecb9-41da-9c47-70e13ba76d7d: start FollowerState
2019-10-17 07:43:38,945 [Thread-2051] INFO  impl.FollowerState (FollowerState.java:run(108)) - 2a93f7e5-ecb9-41da-9c47-70e13ba76d7d@group-A9EE991D717F-FollowerState: change to CANDIDATE, lastRpcTime:88ms, electionTimeout:88ms
2019-10-17 07:43:38,945 [Thread-2051] INFO  impl.RoleInfo (RoleInfo.java:shutdownFollowerState(121)) - 2a93f7e5-ecb9-41da-9c47-70e13ba76d7d: shutdown FollowerState
2019-10-17 07:43:38,946 [Thread-2051] INFO  impl.RaftServerImpl (RaftServerImpl.java:setRole(184)) - 2a93f7e5-ecb9-41da-9c47-70e13ba76d7d@group-A9EE991D717F: changes role from  FOLLOWER to CANDIDATE at term 259 for changeToCandidate
2019-10-17 07:43:38,946 [Thread-2051] INFO  impl.RoleInfo (RoleInfo.java:updateAndGet(143)) - 2a93f7e5-ecb9-41da-9c47-70e13ba76d7d: start LeaderElection
2019-10-17 07:43:38,970 [2a93f7e5-ecb9-41da-9c47-70e13ba76d7d@group-A9EE991D717F-LeaderElection247] INFO  impl.LeaderElection (LeaderElection.java:askForVotes(178)) - 2a93f7e5-ecb9-41da-9c47-70e13ba76d7d@group-A9EE991D717F-LeaderElection247: begin an election at term 260 for 0: [37bd8e8c-ea68-4b1c-8659-8d001c4f3b5c:192.168.34.62:41632, 24020d0b-ce61-4f5a-b0b0-c561541e8cd4:192.168.34.62:42892, 2a93f7e5-ecb9-41da-9c47-70e13ba76d7d:192.168.34.62:35412], old=null
2019-10-17 07:43:38,973 [grpc-default-executor-1] INFO  impl.RaftServerImpl (RaftServerImpl.java:setRole(184)) - 37bd8e8c-ea68-4b1c-8659-8d001c4f3b5c@group-A9EE991D717F: changes role from  FOLLOWER to FOLLOWER at term 260 for recognizeCandidate:2a93f7e5-ecb9-41da-9c47-70e13ba76d7d
2019-10-17 07:43:38,973 [grpc-default-executor-1] INFO  impl.RoleInfo (RoleInfo.java:shutdownFollowerState(121)) - 37bd8e8c-ea68-4b1c-8659-8d001c4f3b5c: shutdown FollowerState
2019-10-17 07:43:38,973 [grpc-default-executor-0] INFO  impl.RaftServerImpl (RaftServerImpl.java:setRole(184)) - 24020d0b-ce61-4f5a-b0b0-c561541e8cd4@group-A9EE991D717F: changes role from  FOLLOWER to FOLLOWER at term 260 for recognizeCandidate:2a93f7e5-ecb9-41da-9c47-70e13ba76d7d
2019-10-17 07:43:38,973 [Thread-2049] INFO  impl.FollowerState (FollowerState.java:run(117)) - 37bd8e8c-ea68-4b1c-8659-8d001c4f3b5c@group-A9EE991D717F-FollowerState was interrupted: java.lang.InterruptedException: sleep interrupted
2019-10-17 07:43:38,973 [grpc-default-executor-1] INFO  impl.RoleInfo (RoleInfo.java:updateAndGet(143)) - 37bd8e8c-ea68-4b1c-8659-8d001c4f3b5c: start FollowerState
2019-10-17 07:43:38,974 [grpc-default-executor-0] INFO  impl.RoleInfo (RoleInfo.java:shutdownFollowerState(121)) - 24020d0b-ce61-4f5a-b0b0-c561541e8cd4: shutdown FollowerState
2019-10-17 07:43:38,974 [grpc-default-executor-0] INFO  impl.RoleInfo (RoleInfo.java:updateAndGet(143)) - 24020d0b-ce61-4f5a-b0b0-c561541e8cd4: start FollowerState
2019-10-17 07:43:38,974 [Thread-2050] INFO  impl.FollowerState (FollowerState.java:run(117)) - 24020d0b-ce61-4f5a-b0b0-c561541e8cd4@group-A9EE991D717F-FollowerState was interrupted: java.lang.InterruptedException: sleep interrupted
2019-10-17 07:43:39,016 [2a93f7e5-ecb9-41da-9c47-70e13ba76d7d@group-A9EE991D717F-LeaderElection247] INFO  impl.LeaderElection (LeaderElection.java:logAndReturn(56)) - 2a93f7e5-ecb9-41da-9c47-70e13ba76d7d@group-A9EE991D717F-LeaderElection247: Election REJECTED; received 2 response(s) [2a93f7e5-ecb9-41da-9c47-70e13ba76d7d<-37bd8e8c-ea68-4b1c-8659-8d001c4f3b5c#0:FAIL-t260, 2a93f7e5-ecb9-41da-9c47-70e13ba76d7d<-24020d0b-ce61-4f5a-b0b0-c561541e8cd4#0:FAIL-t260] and 0 exception(s); 2a93f7e5-ecb9-41da-9c47-70e13ba76d7d@group-A9EE991D717F:t260, leader=null, voted=2a93f7e5-ecb9-41da-9c47-70e13ba76d7d, raftlog=2a93f7e5-ecb9-41da-9c47-70e13ba76d7d@group-A9EE991D717F-SegmentedRaftLog:OPENED:c-1,f0,i0, conf=0: [37bd8e8c-ea68-4b1c-8659-8d001c4f3b5c:192.168.34.62:41632, 24020d0b-ce61-4f5a-b0b0-c561541e8cd4:192.168.34.62:42892, 2a93f7e5-ecb9-41da-9c47-70e13ba76d7d:192.168.34.62:35412], old=null
2019-10-17 07:43:39,016 [2a93f7e5-ecb9-41da-9c47-70e13ba76d7d@group-A9EE991D717F-LeaderElection247] INFO  impl.RaftServerImpl (RaftServerImpl.java:setRole(184)) - 2a93f7e5-ecb9-41da-9c47-70e13ba76d7d@group-A9EE991D717F: changes role from CANDIDATE to FOLLOWER at term 260 for DISCOVERED_A_NEW_TERM
2019-10-17 07:43:39,016 [2a93f7e5-ecb9-41da-9c47-70e13ba76d7d@group-A9EE991D717F-LeaderElection247] INFO  impl.RoleInfo (RoleInfo.java:shutdownLeaderElection(134)) - 2a93f7e5-ecb9-41da-9c47-70e13ba76d7d: shutdown LeaderElection
2019-10-17 07:43:39,016 [2a93f7e5-ecb9-41da-9c47-70e13ba76d7d@group-A9EE991D717F-LeaderElection247] INFO  impl.RoleInfo (RoleInfo.java:updateAndGet(143)) - 2a93f7e5-ecb9-41da-9c47-70e13ba76d7d: start FollowerState
2019-10-17 07:43:39,094 [Thread-2057] INFO  impl.FollowerState (FollowerState.java:run(108)) - 2a93f7e5-ecb9-41da-9c47-70e13ba76d7d@group-A9EE991D717F-FollowerState: change to CANDIDATE, lastRpcTime:77ms, electionTimeout:77ms
2019-10-17 07:43:39,094 [Thread-2057] INFO  impl.RoleInfo (RoleInfo.java:shutdownFollowerState(121)) - 2a93f7e5-ecb9-41da-9c47-70e13ba76d7d: shutdown FollowerState
2019-10-17 07:43:39,094 [Thread-2057] INFO  impl.RaftServerImpl (RaftServerImpl.java:setRole(184)) - 2a93f7e5-ecb9-41da-9c47-70e13ba76d7d@group-A9EE991D717F: changes role from  FOLLOWER to CANDIDATE at term 260 for changeToCandidate
2019-10-17 07:43:39,094 [Thread-2057] INFO  impl.RoleInfo (RoleInfo.java:updateAndGet(143)) - 2a93f7e5-ecb9-41da-9c47-70e13ba76d7d: start LeaderElection
2019-10-17 07:43:39,108 [2a93f7e5-ecb9-41da-9c47-70e13ba76d7d@group-A9EE991D717F-LeaderElection248] INFO  impl.LeaderElection (LeaderElection.java:askForVotes(178)) - 2a93f7e5-ecb9-41da-9c47-70e13ba76d7d@group-A9EE991D717F-LeaderElection248: begin an election at term 261 for 0: [37bd8e8c-ea68-4b1c-8659-8d001c4f3b5c:192.168.34.62:41632, 24020d0b-ce61-4f5a-b0b0-c561541e8cd4:192.168.34.62:42892, 2a93f7e5-ecb9-41da-9c47-70e13ba76d7d:192.168.34.62:35412], old=null
2019-10-17 07:43:39,110 [grpc-default-executor-0] INFO  impl.RaftServerImpl (RaftServerImpl.java:setRole(184)) - 37bd8e8c-ea68-4b1c-8659-8d001c4f3b5c@group-A9EE991D717F: changes role from  FOLLOWER to FOLLOWER at term 261 for recognizeCandidate:2a93f7e5-ecb9-41da-9c47-70e13ba76d7d
2019-10-17 07:43:39,110 [grpc-default-executor-0] INFO  impl.RoleInfo (RoleInfo.java:shutdownFollowerState(121)) - 37bd8e8c-ea68-4b1c-8659-8d001c4f3b5c: shutdown FollowerState
2019-10-17 07:43:39,110 [grpc-default-executor-1] INFO  impl.RaftServerImpl (RaftServerImpl.java:setRole(184)) - 24020d0b-ce61-4f5a-b0b0-c561541e8cd4@group-A9EE991D717F: changes role from  FOLLOWER to FOLLOWER at term 261 for recognizeCandidate:2a93f7e5-ecb9-41da-9c47-70e13ba76d7d
2019-10-17 07:43:39,110 [Thread-2055] INFO  impl.FollowerState (FollowerState.java:run(117)) - 37bd8e8c-ea68-4b1c-8659-8d001c4f3b5c@group-A9EE991D717F-FollowerState was interrupted: java.lang.InterruptedException: sleep interrupted
2019-10-17 07:43:39,110 [grpc-default-executor-0] INFO  impl.RoleInfo (RoleInfo.java:updateAndGet(143)) - 37bd8e8c-ea68-4b1c-8659-8d001c4f3b5c: start FollowerState
2019-10-17 07:43:39,111 [grpc-default-executor-1] INFO  impl.RoleInfo (RoleInfo.java:shutdownFollowerState(121)) - 24020d0b-ce61-4f5a-b0b0-c561541e8cd4: shutdown FollowerState
2019-10-17 07:43:39,111 [grpc-default-executor-1] INFO  impl.RoleInfo (RoleInfo.java:updateAndGet(143)) - 24020d0b-ce61-4f5a-b0b0-c561541e8cd4: start FollowerState
2019-10-17 07:43:39,111 [Thread-2056] INFO  impl.FollowerState (FollowerState.java:run(117)) - 24020d0b-ce61-4f5a-b0b0-c561541e8cd4@group-A9EE991D717F-FollowerState was interrupted: java.lang.InterruptedException: sleep interrupted
2019-10-17 07:43:39,115 [2a93f7e5-ecb9-41da-9c47-70e13ba76d7d@group-A9EE991D717F-LeaderElection248] INFO  impl.LeaderElection (LeaderElection.java:logAndReturn(56)) - 2a93f7e5-ecb9-41da-9c47-70e13ba76d7d@group-A9EE991D717F-LeaderElection248: Election TIMEOUT; received 0 response(s) [] and 0 exception(s); 2a93f7e5-ecb9-41da-9c47-70e13ba76d7d@group-A9EE991D717F:t261, leader=null, voted=2a93f7e5-ecb9-41da-9c47-70e13ba76d7d, raftlog=2a93f7e5-ecb9-41da-9c47-70e13ba76d7d@group-A9EE991D717F-SegmentedRaftLog:OPENED:c-1,f0,i0, conf=0: [37bd8e8c-ea68-4b1c-8659-8d001c4f3b5c:192.168.34.62:41632, 24020d0b-ce61-4f5a-b0b0-c561541e8cd4:192.168.34.62:42892, 2a93f7e5-ecb9-41da-9c47-70e13ba76d7d:192.168.34.62:35412], old=null
2019-10-17 07:43:39,128 [2a93f7e5-ecb9-41da-9c47-70e13ba76d7d@group-A9EE991D717F-LeaderElection248] INFO  impl.LeaderElection (LeaderElection.java:askForVotes(178)) - 2a93f7e5-ecb9-41da-9c47-70e13ba76d7d@group-A9EE991D717F-LeaderElection248: begin an election at term 262 for 0: [37bd8e8c-ea68-4b1c-8659-8d001c4f3b5c:192.168.34.62:41632, 24020d0b-ce61-4f5a-b0b0-c561541e8cd4:192.168.34.62:42892, 2a93f7e5-ecb9-41da-9c47-70e13ba76d7d:192.168.34.62:35412], old=null
2019-10-17 07:43:39,130 [grpc-default-executor-0] INFO  impl.RaftServerImpl (RaftServerImpl.java:setRole(184)) - 37bd8e8c-ea68-4b1c-8659-8d001c4f3b5c@group-A9EE991D717F: changes role from  FOLLOWER to FOLLOWER at term 262 for recognizeCandidate:2a93f7e5-ecb9-41da-9c47-70e13ba76d7d
2019-10-17 07:43:39,130 [grpc-default-executor-0] INFO  impl.RoleInfo (RoleInfo.java:shutdownFollowerState(121)) - 37bd8e8c-ea68-4b1c-8659-8d001c4f3b5c: shutdown FollowerState
2019-10-17 07:43:39,130 [grpc-default-executor-0] INFO  impl.RoleInfo (RoleInfo.java:updateAndGet(143)) - 37bd8e8c-ea68-4b1c-8659-8d001c4f3b5c: start FollowerState
2019-10-17 07:43:39,130 [Thread-2061] INFO  impl.FollowerState (FollowerState.java:run(117)) - 37bd8e8c-ea68-4b1c-8659-8d001c4f3b5c@group-A9EE991D717F-FollowerState was interrupted: java.lang.InterruptedException: sleep interrupted
2019-10-17 07:43:39,131 [grpc-default-executor-1] INFO  impl.RaftServerImpl (RaftServerImpl.java:setRole(184)) - 24020d0b-ce61-4f5a-b0b0-c561541e8cd4@group-A9EE991D717F: changes role from  FOLLOWER to FOLLOWER at term 262 for recognizeCandidate:2a93f7e5-ecb9-41da-9c47-70e13ba76d7d
2019-10-17 07:43:39,131 [grpc-default-executor-1] INFO  impl.RoleInfo (RoleInfo.java:shutdownFollowerState(121)) - 24020d0b-ce61-4f5a-b0b0-c561541e8cd4: shutdown FollowerState
2019-10-17 07:43:39,131 [grpc-default-executor-1] INFO  impl.RoleInfo (RoleInfo.java:updateAndGet(143)) - 24020d0b-ce61-4f5a-b0b0-c561541e8cd4: start FollowerState
2019-10-17 07:43:39,131 [Thread-2062] INFO  impl.FollowerState (FollowerState.java:run(117)) - 24020d0b-ce61-4f5a-b0b0-c561541e8cd4@group-A9EE991D717F-FollowerState was interrupted: java.lang.InterruptedException: sleep interrupted
2019-10-17 07:43:39,155 [2a93f7e5-ecb9-41da-9c47-70e13ba76d7d@group-A9EE991D717F-LeaderElection248] INFO  impl.LeaderElection (LeaderElection.java:logAndReturn(56)) - 2a93f7e5-ecb9-41da-9c47-70e13ba76d7d@group-A9EE991D717F-LeaderElection248: Election REJECTED; received 2 response(s) [2a93f7e5-ecb9-41da-9c47-70e13ba76d7d<-37bd8e8c-ea68-4b1c-8659-8d001c4f3b5c#0:FAIL-t262, 2a93f7e5-ecb9-41da-9c47-70e13ba76d7d<-24020d0b-ce61-4f5a-b0b0-c561541e8cd4#0:FAIL-t262] and 0 exception(s); 2a93f7e5-ecb9-41da-9c47-70e13ba76d7d@group-A9EE991D717F:t262, leader=null, voted=2a93f7e5-ecb9-41da-9c47-70e13ba76d7d, raftlog=2a93f7e5-ecb9-41da-9c47-70e13ba76d7d@group-A9EE991D717F-SegmentedRaftLog:OPENED:c-1,f0,i0, conf=0: [37bd8e8c-ea68-4b1c-8659-8d001c4f3b5c:192.168.34.62:41632, 24020d0b-ce61-4f5a-b0b0-c561541e8cd4:192.168.34.62:42892, 2a93f7e5-ecb9-41da-9c47-70e13ba76d7d:192.168.34.62:35412], old=null
2019-10-17 07:43:39,155 [2a93f7e5-ecb9-41da-9c47-70e13ba76d7d@group-A9EE991D717F-LeaderElection248] INFO  impl.RaftServerImpl (RaftServerImpl.java:setRole(184)) - 2a93f7e5-ecb9-41da-9c47-70e13ba76d7d@group-A9EE991D717F: changes role from CANDIDATE to FOLLOWER at term 262 for DISCOVERED_A_NEW_TERM
2019-10-17 07:43:39,155 [2a93f7e5-ecb9-41da-9c47-70e13ba76d7d@group-A9EE991D717F-LeaderElection248] INFO  impl.RoleInfo (RoleInfo.java:shutdownLeaderElection(134)) - 2a93f7e5-ecb9-41da-9c47-70e13ba76d7d: shutdown LeaderElection
2019-10-17 07:43:39,155 [2a93f7e5-ecb9-41da-9c47-70e13ba76d7d@group-A9EE991D717F-LeaderElection248] INFO  impl.RoleInfo (RoleInfo.java:updateAndGet(143)) - 2a93f7e5-ecb9-41da-9c47-70e13ba76d7d: start FollowerState
2019-10-17 07:43:39,227 [Thread-2067] INFO  impl.FollowerState (FollowerState.java:run(108)) - 2a93f7e5-ecb9-41da-9c47-70e13ba76d7d@group-A9EE991D717F-FollowerState: change to CANDIDATE, lastRpcTime:71ms, electionTimeout:71ms
2019-10-17 07:43:39,227 [Thread-2067] INFO  impl.RoleInfo (RoleInfo.java:shutdownFollowerState(121)) - 2a93f7e5-ecb9-41da-9c47-70e13ba76d7d: shutdown FollowerState
2019-10-17 07:43:39,227 [Thread-2067] INFO  impl.RaftServerImpl (RaftServerImpl.java:setRole(184)) - 2a93f7e5-ecb9-41da-9c47-70e13ba76d7d@group-A9EE991D717F: changes role from  FOLLOWER to CANDIDATE at term 262 for changeToCandidate
2019-10-17 07:43:39,227 [Thread-2067] INFO  impl.RoleInfo (RoleInfo.java:updateAndGet(143)) - 2a93f7e5-ecb9-41da-9c47-70e13ba76d7d: start LeaderElection
2019-10-17 07:43:39,267 [2a93f7e5-ecb9-41da-9c47-70e13ba76d7d@group-A9EE991D717F-LeaderElection249] INFO  impl.LeaderElection (LeaderElection.java:askForVotes(178)) - 2a93f7e5-ecb9-41da-9c47-70e13ba76d7d@group-A9EE991D717F-LeaderElection249: begin an election at term 263 for 0: [37bd8e8c-ea68-4b1c-8659-8d001c4f3b5c:192.168.34.62:41632, 24020d0b-ce61-4f5a-b0b0-c561541e8cd4:192.168.34.62:42892, 2a93f7e5-ecb9-41da-9c47-70e13ba76d7d:192.168.34.62:35412], old=null
2019-10-17 07:43:39,270 [grpc-default-executor-1] INFO  impl.RaftServerImpl (RaftServerImpl.java:setRole(184)) - 37bd8e8c-ea68-4b1c-8659-8d001c4f3b5c@group-A9EE991D717F: changes role from  FOLLOWER to FOLLOWER at term 263 for recognizeCandidate:2a93f7e5-ecb9-41da-9c47-70e13ba76d7d
2019-10-17 07:43:39,270 [grpc-default-executor-0] INFO  impl.RaftServerImpl (RaftServerImpl.java:setRole(184)) - 24020d0b-ce61-4f5a-b0b0-c561541e8cd4@group-A9EE991D717F: changes role from  FOLLOWER to FOLLOWER at term 263 for recognizeCandidate:2a93f7e5-ecb9-41da-9c47-70e13ba76d7d
2019-10-17 07:43:39,270 [grpc-default-executor-1] INFO  impl.RoleInfo (RoleInfo.java:shutdownFollowerState(121)) - 37bd8e8c-ea68-4b1c-8659-8d001c4f3b5c: shutdown FollowerState
2019-10-17 07:43:39,270 [grpc-default-executor-0] INFO  impl.RoleInfo (RoleInfo.java:shutdownFollowerState(121)) - 24020d0b-ce61-4f5a-b0b0-c561541e8cd4: shutdown FollowerState
2019-10-17 07:43:39,271 [Thread-2065] INFO  impl.FollowerState (FollowerState.java:run(117)) - 37bd8e8c-ea68-4b1c-8659-8d001c4f3b5c@group-A9EE991D717F-FollowerState was interrupted: java.lang.InterruptedException: sleep interrupted
2019-10-17 07:43:39,271 [grpc-default-executor-1] INFO  impl.RoleInfo (RoleInfo.java:updateAndGet(143)) - 37bd8e8c-ea68-4b1c-8659-8d001c4f3b5c: start FollowerState
2019-10-17 07:43:39,271 [Thread-2066] INFO  impl.FollowerState (FollowerState.java:run(117)) - 24020d0b-ce61-4f5a-b0b0-c561541e8cd4@group-A9EE991D717F-FollowerState was interrupted: java.lang.InterruptedException: sleep interrupted
2019-10-17 07:43:39,271 [grpc-default-executor-0] INFO  impl.RoleInfo (RoleInfo.java:updateAndGet(143)) - 24020d0b-ce61-4f5a-b0b0-c561541e8cd4: start FollowerState
2019-10-17 07:43:39,298 [2a93f7e5-ecb9-41da-9c47-70e13ba76d7d@group-A9EE991D717F-LeaderElection249] INFO  impl.LeaderElection (LeaderElection.java:logAndReturn(56)) - 2a93f7e5-ecb9-41da-9c47-70e13ba76d7d@group-A9EE991D717F-LeaderElection249: Election REJECTED; received 2 response(s) [2a93f7e5-ecb9-41da-9c47-70e13ba76d7d<-37bd8e8c-ea68-4b1c-8659-8d001c4f3b5c#0:FAIL-t263, 2a93f7e5-ecb9-41da-9c47-70e13ba76d7d<-24020d0b-ce61-4f5a-b0b0-c561541e8cd4#0:FAIL-t263] and 0 exception(s); 2a93f7e5-ecb9-41da-9c47-70e13ba76d7d@group-A9EE991D717F:t263, leader=null, voted=2a93f7e5-ecb9-41da-9c47-70e13ba76d7d, raftlog=2a93f7e5-ecb9-41da-9c47-70e13ba76d7d@group-A9EE991D717F-SegmentedRaftLog:OPENED:c-1,f0,i0, conf=0: [37bd8e8c-ea68-4b1c-8659-8d001c4f3b5c:192.168.34.62:41632, 24020d0b-ce61-4f5a-b0b0-c561541e8cd4:192.168.34.62:42892, 2a93f7e5-ecb9-41da-9c47-70e13ba76d7d:192.168.34.62:35412], old=null
2019-10-17 07:43:39,298 [2a93f7e5-ecb9-41da-9c47-70e13ba76d7d@group-A9EE991D717F-LeaderElection249] INFO  impl.RaftServerImpl (RaftServerImpl.java:setRole(184)) - 2a93f7e5-ecb9-41da-9c47-70e13ba76d7d@group-A9EE991D717F: changes role from CANDIDATE to FOLLOWER at term 263 for DISCOVERED_A_NEW_TERM
2019-10-17 07:43:39,298 [2a93f7e5-ecb9-41da-9c47-70e13ba76d7d@group-A9EE991D717F-LeaderElection249] INFO  impl.RoleInfo (RoleInfo.java:shutdownLeaderElection(134)) - 2a93f7e5-ecb9-41da-9c47-70e13ba76d7d: shutdown LeaderElection
2019-10-17 07:43:39,298 [2a93f7e5-ecb9-41da-9c47-70e13ba76d7d@group-A9EE991D717F-LeaderElection249] INFO  impl.RoleInfo (RoleInfo.java:updateAndGet(143)) - 2a93f7e5-ecb9-41da-9c47-70e13ba76d7d: start FollowerState
2019-10-17 07:43:39,313 [Thread-2073] INFO  impl.FollowerState (FollowerState.java:run(108)) - 2a93f7e5-ecb9-41da-9c47-70e13ba76d7d@group-A9EE991D717F-FollowerState: change to CANDIDATE, lastRpcTime:14ms, electionTimeout:14ms
2019-10-17 07:43:39,313 [Thread-2073] INFO  impl.RoleInfo (RoleInfo.java:shutdownFollowerState(121)) - 2a93f7e5-ecb9-41da-9c47-70e13ba76d7d: shutdown FollowerState
2019-10-17 07:43:39,313 [Thread-2073] INFO  impl.RaftServerImpl (RaftServerImpl.java:setRole(184)) - 2a93f7e5-ecb9-41da-9c47-70e13ba76d7d@group-A9EE991D717F: changes role from  FOLLOWER to CANDIDATE at term 263 for changeToCandidate
2019-10-17 07:43:39,313 [Thread-2073] INFO  impl.RoleInfo (RoleInfo.java:updateAndGet(143)) - 2a93f7e5-ecb9-41da-9c47-70e13ba76d7d: start LeaderElection
2019-10-17 07:43:39,336 [2a93f7e5-ecb9-41da-9c47-70e13ba76d7d@group-A9EE991D717F-LeaderElection250] INFO  impl.LeaderElection (LeaderElection.java:askForVotes(178)) - 2a93f7e5-ecb9-41da-9c47-70e13ba76d7d@group-A9EE991D717F-LeaderElection250: begin an election at term 264 for 0: [37bd8e8c-ea68-4b1c-8659-8d001c4f3b5c:192.168.34.62:41632, 24020d0b-ce61-4f5a-b0b0-c561541e8cd4:192.168.34.62:42892, 2a93f7e5-ecb9-41da-9c47-70e13ba76d7d:192.168.34.62:35412], old=null
2019-10-17 07:43:39,338 [grpc-default-executor-1] INFO  impl.RaftServerImpl (RaftServerImpl.java:setRole(184)) - 37bd8e8c-ea68-4b1c-8659-8d001c4f3b5c@group-A9EE991D717F: changes role from  FOLLOWER to FOLLOWER at term 264 for recognizeCandidate:2a93f7e5-ecb9-41da-9c47-70e13ba76d7d
2019-10-17 07:43:39,338 [grpc-default-executor-1] INFO  impl.RoleInfo (RoleInfo.java:shutdownFollowerState(121)) - 37bd8e8c-ea68-4b1c-8659-8d001c4f3b5c: shutdown FollowerState
2019-10-17 07:43:39,338 [grpc-default-executor-0] INFO  impl.RaftServerImpl (RaftServerImpl.java:setRole(184)) - 24020d0b-ce61-4f5a-b0b0-c561541e8cd4@group-A9EE991D717F: changes role from  FOLLOWER to FOLLOWER at term 264 for recognizeCandidate:2a93f7e5-ecb9-41da-9c47-70e13ba76d7d
2019-10-17 07:43:39,339 [Thread-2071] INFO  impl.FollowerState (FollowerState.java:run(117)) - 37bd8e8c-ea68-4b1c-8659-8d001c4f3b5c@group-A9EE991D717F-FollowerState was interrupted: java.lang.InterruptedException: sleep interrupted
2019-10-17 07:43:39,339 [grpc-default-executor-1] INFO  impl.RoleInfo (RoleInfo.java:updateAndGet(143)) - 37bd8e8c-ea68-4b1c-8659-8d001c4f3b5c: start FollowerState
2019-10-17 07:43:39,339 [grpc-default-executor-0] INFO  impl.RoleInfo (RoleInfo.java:shutdownFollowerState(121)) - 24020d0b-ce61-4f5a-b0b0-c561541e8cd4: shutdown FollowerState
2019-10-17 07:43:39,339 [grpc-default-executor-0] INFO  impl.RoleInfo (RoleInfo.java:updateAndGet(143)) - 24020d0b-ce61-4f5a-b0b0-c561541e8cd4: start FollowerState
2019-10-17 07:43:39,339 [Thread-2072] INFO  impl.FollowerState (FollowerState.java:run(117)) - 24020d0b-ce61-4f5a-b0b0-c561541e8cd4@group-A9EE991D717F-FollowerState was interrupted: java.lang.InterruptedException: sleep interrupted
2019-10-17 07:43:39,356 [2a93f7e5-ecb9-41da-9c47-70e13ba76d7d@group-A9EE991D717F-LeaderElection250] INFO  impl.LeaderElection (LeaderElection.java:logAndReturn(56)) - 2a93f7e5-ecb9-41da-9c47-70e13ba76d7d@group-A9EE991D717F-LeaderElection250: Election REJECTED; received 2 response(s) [2a93f7e5-ecb9-41da-9c47-70e13ba76d7d<-37bd8e8c-ea68-4b1c-8659-8d001c4f3b5c#0:FAIL-t264, 2a93f7e5-ecb9-41da-9c47-70e13ba76d7d<-24020d0b-ce61-4f5a-b0b0-c561541e8cd4#0:FAIL-t264] and 0 exception(s); 2a93f7e5-ecb9-41da-9c47-70e13ba76d7d@group-A9EE991D717F:t264, leader=null, voted=2a93f7e5-ecb9-41da-9c47-70e13ba76d7d, raftlog=2a93f7e5-ecb9-41da-9c47-70e13ba76d7d@group-A9EE991D717F-SegmentedRaftLog:OPENED:c-1,f0,i0, conf=0: [37bd8e8c-ea68-4b1c-8659-8d001c4f3b5c:192.168.34.62:41632, 24020d0b-ce61-4f5a-b0b0-c561541e8cd4:192.168.34.62:42892, 2a93f7e5-ecb9-41da-9c47-70e13ba76d7d:192.168.34.62:35412], old=null
2019-10-17 07:43:39,356 [2a93f7e5-ecb9-41da-9c47-70e13ba76d7d@group-A9EE991D717F-LeaderElection250] INFO  impl.RaftServerImpl (RaftServerImpl.java:setRole(184)) - 2a93f7e5-ecb9-41da-9c47-70e13ba76d7d@group-A9EE991D717F: changes role from CANDIDATE to FOLLOWER at term 264 for DISCOVERED_A_NEW_TERM
2019-10-17 07:43:39,356 [2a93f7e5-ecb9-41da-9c47-70e13ba76d7d@group-A9EE991D717F-LeaderElection250] INFO  impl.RoleInfo (RoleInfo.java:shutdownLeaderElection(134)) - 2a93f7e5-ecb9-41da-9c47-70e13ba76d7d: shutdown LeaderElection
2019-10-17 07:43:39,356 [2a93f7e5-ecb9-41da-9c47-70e13ba76d7d@group-A9EE991D717F-LeaderElection250] INFO  impl.RoleInfo (RoleInfo.java:updateAndGet(143)) - 2a93f7e5-ecb9-41da-9c47-70e13ba76d7d: start FollowerState
2019-10-17 07:43:39,465 [Thread-2079] INFO  impl.FollowerState (FollowerState.java:run(108)) - 2a93f7e5-ecb9-41da-9c47-70e13ba76d7d@group-A9EE991D717F-FollowerState: change to CANDIDATE, lastRpcTime:108ms, electionTimeout:108ms
2019-10-17 07:43:39,465 [Thread-2079] INFO  impl.RoleInfo (RoleInfo.java:shutdownFollowerState(121)) - 2a93f7e5-ecb9-41da-9c47-70e13ba76d7d: shutdown FollowerState
2019-10-17 07:43:39,465 [Thread-2079] INFO  impl.RaftServerImpl (RaftServerImpl.java:setRole(184)) - 2a93f7e5-ecb9-41da-9c47-70e13ba76d7d@group-A9EE991D717F: changes role from  FOLLOWER to CANDIDATE at term 264 for changeToCandidate
2019-10-17 07:43:39,465 [Thread-2079] INFO  impl.RoleInfo (RoleInfo.java:updateAndGet(143)) - 2a93f7e5-ecb9-41da-9c47-70e13ba76d7d: start LeaderElection
2019-10-17 07:43:39,488 [2a93f7e5-ecb9-41da-9c47-70e13ba76d7d@group-A9EE991D717F-LeaderElection251] INFO  impl.LeaderElection (LeaderElection.java:askForVotes(178)) - 2a93f7e5-ecb9-41da-9c47-70e13ba76d7d@group-A9EE991D717F-LeaderElection251: begin an election at term 265 for 0: [37bd8e8c-ea68-4b1c-8659-8d001c4f3b5c:192.168.34.62:41632, 24020d0b-ce61-4f5a-b0b0-c561541e8cd4:192.168.34.62:42892, 2a93f7e5-ecb9-41da-9c47-70e13ba76d7d:192.168.34.62:35412], old=null
2019-10-17 07:43:39,490 [grpc-default-executor-0] INFO  impl.RaftServerImpl (RaftServerImpl.java:setRole(184)) - 37bd8e8c-ea68-4b1c-8659-8d001c4f3b5c@group-A9EE991D717F: changes role from  FOLLOWER to FOLLOWER at term 265 for recognizeCandidate:2a93f7e5-ecb9-41da-9c47-70e13ba76d7d
2019-10-17 07:43:39,491 [grpc-default-executor-0] INFO  impl.RoleInfo (RoleInfo.java:shutdownFollowerState(121)) - 37bd8e8c-ea68-4b1c-8659-8d001c4f3b5c: shutdown FollowerState
2019-10-17 07:43:39,491 [grpc-default-executor-1] INFO  impl.RaftServerImpl (RaftServerImpl.java:setRole(184)) - 24020d0b-ce61-4f5a-b0b0-c561541e8cd4@group-A9EE991D717F: changes role from  FOLLOWER to FOLLOWER at term 265 for recognizeCandidate:2a93f7e5-ecb9-41da-9c47-70e13ba76d7d
2019-10-17 07:43:39,491 [grpc-default-executor-1] INFO  impl.RoleInfo (RoleInfo.java:shutdownFollowerState(121)) - 24020d0b-ce61-4f5a-b0b0-c561541e8cd4: shutdown FollowerState
2019-10-17 07:43:39,491 [Thread-2077] INFO  impl.FollowerState (FollowerState.java:run(117)) - 37bd8e8c-ea68-4b1c-8659-8d001c4f3b5c@group-A9EE991D717F-FollowerState was interrupted: java.lang.InterruptedException: sleep interrupted
2019-10-17 07:43:39,491 [Thread-2078] INFO  impl.FollowerState (FollowerState.java:run(117)) - 24020d0b-ce61-4f5a-b0b0-c561541e8cd4@group-A9EE991D717F-FollowerState was interrupted: java.lang.InterruptedException: sleep interrupted
2019-10-17 07:43:39,491 [grpc-default-executor-0] INFO  impl.RoleInfo (RoleInfo.java:updateAndGet(143)) - 37bd8e8c-ea68-4b1c-8659-8d001c4f3b5c: start FollowerState
2019-10-17 07:43:39,491 [grpc-default-executor-1] INFO  impl.RoleInfo (RoleInfo.java:updateAndGet(143)) - 24020d0b-ce61-4f5a-b0b0-c561541e8cd4: start FollowerState
2019-10-17 07:43:39,507 [2a93f7e5-ecb9-41da-9c47-70e13ba76d7d@group-A9EE991D717F-LeaderElection251] INFO  impl.LeaderElection (LeaderElection.java:logAndReturn(56)) - 2a93f7e5-ecb9-41da-9c47-70e13ba76d7d@group-A9EE991D717F-LeaderElection251: Election REJECTED; received 2 response(s) [2a93f7e5-ecb9-41da-9c47-70e13ba76d7d<-37bd8e8c-ea68-4b1c-8659-8d001c4f3b5c#0:FAIL-t265, 2a93f7e5-ecb9-41da-9c47-70e13ba76d7d<-24020d0b-ce61-4f5a-b0b0-c561541e8cd4#0:FAIL-t265] and 0 exception(s); 2a93f7e5-ecb9-41da-9c47-70e13ba76d7d@group-A9EE991D717F:t265, leader=null, voted=2a93f7e5-ecb9-41da-9c47-70e13ba76d7d, raftlog=2a93f7e5-ecb9-41da-9c47-70e13ba76d7d@group-A9EE991D717F-SegmentedRaftLog:OPENED:c-1,f0,i0, conf=0: [37bd8e8c-ea68-4b1c-8659-8d001c4f3b5c:192.168.34.62:41632, 24020d0b-ce61-4f5a-b0b0-c561541e8cd4:192.168.34.62:42892, 2a93f7e5-ecb9-41da-9c47-70e13ba76d7d:192.168.34.62:35412], old=null
2019-10-17 07:43:39,508 [2a93f7e5-ecb9-41da-9c47-70e13ba76d7d@group-A9EE991D717F-LeaderElection251] INFO  impl.RaftServerImpl (RaftServerImpl.java:setRole(184)) - 2a93f7e5-ecb9-41da-9c47-70e13ba76d7d@group-A9EE991D717F: changes role from CANDIDATE to FOLLOWER at term 265 for DISCOVERED_A_NEW_TERM
2019-10-17 07:43:39,508 [2a93f7e5-ecb9-41da-9c47-70e13ba76d7d@group-A9EE991D717F-LeaderElection251] INFO  impl.RoleInfo (RoleInfo.java:shutdownLeaderElection(134)) - 2a93f7e5-ecb9-41da-9c47-70e13ba76d7d: shutdown LeaderElection
2019-10-17 07:43:39,508 [2a93f7e5-ecb9-41da-9c47-70e13ba76d7d@group-A9EE991D717F-LeaderElection251] INFO  impl.RoleInfo (RoleInfo.java:updateAndGet(143)) - 2a93f7e5-ecb9-41da-9c47-70e13ba76d7d: start FollowerState
2019-10-17 07:43:39,694 [Thread-2085] INFO  impl.FollowerState (FollowerState.java:run(108)) - 2a93f7e5-ecb9-41da-9c47-70e13ba76d7d@group-A9EE991D717F-FollowerState: change to CANDIDATE, lastRpcTime:186ms, electionTimeout:186ms
2019-10-17 07:43:39,694 [Thread-2085] INFO  impl.RoleInfo (RoleInfo.java:shutdownFollowerState(121)) - 2a93f7e5-ecb9-41da-9c47-70e13ba76d7d: shutdown FollowerState
2019-10-17 07:43:39,695 [Thread-2085] INFO  impl.RaftServerImpl (RaftServerImpl.java:setRole(184)) - 2a93f7e5-ecb9-41da-9c47-70e13ba76d7d@group-A9EE991D717F: changes role from  FOLLOWER to CANDIDATE at term 265 for changeToCandidate
2019-10-17 07:43:39,695 [Thread-2085] INFO  impl.RoleInfo (RoleInfo.java:updateAndGet(143)) - 2a93f7e5-ecb9-41da-9c47-70e13ba76d7d: start LeaderElection
2019-10-17 07:43:39,718 [2a93f7e5-ecb9-41da-9c47-70e13ba76d7d@group-A9EE991D717F-LeaderElection252] INFO  impl.LeaderElection (LeaderElection.java:askForVotes(178)) - 2a93f7e5-ecb9-41da-9c47-70e13ba76d7d@group-A9EE991D717F-LeaderElection252: begin an election at term 266 for 0: [37bd8e8c-ea68-4b1c-8659-8d001c4f3b5c:192.168.34.62:41632, 24020d0b-ce61-4f5a-b0b0-c561541e8cd4:192.168.34.62:42892, 2a93f7e5-ecb9-41da-9c47-70e13ba76d7d:192.168.34.62:35412], old=null
2019-10-17 07:43:39,720 [grpc-default-executor-1] INFO  impl.RaftServerImpl (RaftServerImpl.java:setRole(184)) - 37bd8e8c-ea68-4b1c-8659-8d001c4f3b5c@group-A9EE991D717F: changes role from  FOLLOWER to FOLLOWER at term 266 for recognizeCandidate:2a93f7e5-ecb9-41da-9c47-70e13ba76d7d
2019-10-17 07:43:39,721 [grpc-default-executor-1] INFO  impl.RoleInfo (RoleInfo.java:shutdownFollowerState(121)) - 37bd8e8c-ea68-4b1c-8659-8d001c4f3b5c: shutdown FollowerState
2019-10-17 07:43:39,721 [grpc-default-executor-0] INFO  impl.RaftServerImpl (RaftServerImpl.java:setRole(184)) - 24020d0b-ce61-4f5a-b0b0-c561541e8cd4@group-A9EE991D717F: changes role from  FOLLOWER to FOLLOWER at term 266 for recognizeCandidate:2a93f7e5-ecb9-41da-9c47-70e13ba76d7d
2019-10-17 07:43:39,721 [Thread-2083] INFO  impl.FollowerState (FollowerState.java:run(117)) - 37bd8e8c-ea68-4b1c-8659-8d001c4f3b5c@group-A9EE991D717F-FollowerState was interrupted: java.lang.InterruptedException: sleep interrupted
2019-10-17 07:43:39,721 [grpc-default-executor-1] INFO  impl.RoleInfo (RoleInfo.java:updateAndGet(143)) - 37bd8e8c-ea68-4b1c-8659-8d001c4f3b5c: start FollowerState
2019-10-17 07:43:39,721 [grpc-default-executor-0] INFO  impl.RoleInfo (RoleInfo.java:shutdownFollowerState(121)) - 24020d0b-ce61-4f5a-b0b0-c561541e8cd4: shutdown FollowerState
2019-10-17 07:43:39,722 [grpc-default-executor-0] INFO  impl.RoleInfo (RoleInfo.java:updateAndGet(143)) - 24020d0b-ce61-4f5a-b0b0-c561541e8cd4: start FollowerState
2019-10-17 07:43:39,722 [Thread-2084] INFO  impl.FollowerState (FollowerState.java:run(117)) - 24020d0b-ce61-4f5a-b0b0-c561541e8cd4@group-A9EE991D717F-FollowerState was interrupted: java.lang.InterruptedException: sleep interrupted
2019-10-17 07:43:39,746 [2a93f7e5-ecb9-41da-9c47-70e13ba76d7d@group-A9EE991D717F-LeaderElection252] INFO  impl.LeaderElection (LeaderElection.java:logAndReturn(56)) - 2a93f7e5-ecb9-41da-9c47-70e13ba76d7d@group-A9EE991D717F-LeaderElection252: Election REJECTED; received 2 response(s) [2a93f7e5-ecb9-41da-9c47-70e13ba76d7d<-37bd8e8c-ea68-4b1c-8659-8d001c4f3b5c#0:FAIL-t266, 2a93f7e5-ecb9-41da-9c47-70e13ba76d7d<-24020d0b-ce61-4f5a-b0b0-c561541e8cd4#0:FAIL-t266] and 0 exception(s); 2a93f7e5-ecb9-41da-9c47-70e13ba76d7d@group-A9EE991D717F:t266, leader=null, voted=2a93f7e5-ecb9-41da-9c47-70e13ba76d7d, raftlog=2a93f7e5-ecb9-41da-9c47-70e13ba76d7d@group-A9EE991D717F-SegmentedRaftLog:OPENED:c-1,f0,i0, conf=0: [37bd8e8c-ea68-4b1c-8659-8d001c4f3b5c:192.168.34.62:41632, 24020d0b-ce61-4f5a-b0b0-c561541e8cd4:192.168.34.62:42892, 2a93f7e5-ecb9-41da-9c47-70e13ba76d7d:192.168.34.62:35412], old=null
2019-10-17 07:43:39,746 [2a93f7e5-ecb9-41da-9c47-70e13ba76d7d@group-A9EE991D717F-LeaderElection252] INFO  impl.RaftServerImpl (RaftServerImpl.java:setRole(184)) - 2a93f7e5-ecb9-41da-9c47-70e13ba76d7d@group-A9EE991D717F: changes role from CANDIDATE to FOLLOWER at term 266 for DISCOVERED_A_NEW_TERM
2019-10-17 07:43:39,746 [2a93f7e5-ecb9-41da-9c47-70e13ba76d7d@group-A9EE991D717F-LeaderElection252] INFO  impl.RoleInfo (RoleInfo.java:shutdownLeaderElection(134)) - 2a93f7e5-ecb9-41da-9c47-70e13ba76d7d: shutdown LeaderElection
2019-10-17 07:43:39,746 [2a93f7e5-ecb9-41da-9c47-70e13ba76d7d@group-A9EE991D717F-LeaderElection252] INFO  impl.RoleInfo (RoleInfo.java:updateAndGet(143)) - 2a93f7e5-ecb9-41da-9c47-70e13ba76d7d: start FollowerState
2019-10-17 07:43:39,896 [Thread-2091] INFO  impl.FollowerState (FollowerState.java:run(108)) - 2a93f7e5-ecb9-41da-9c47-70e13ba76d7d@group-A9EE991D717F-FollowerState: change to CANDIDATE, lastRpcTime:149ms, electionTimeout:149ms
2019-10-17 07:43:39,896 [Thread-2091] INFO  impl.RoleInfo (RoleInfo.java:shutdownFollowerState(121)) - 2a93f7e5-ecb9-41da-9c47-70e13ba76d7d: shutdown FollowerState
2019-10-17 07:43:39,896 [Thread-2091] INFO  impl.RaftServerImpl (RaftServerImpl.java:setRole(184)) - 2a93f7e5-ecb9-41da-9c47-70e13ba76d7d@group-A9EE991D717F: changes role from  FOLLOWER to CANDIDATE at term 266 for changeToCandidate
2019-10-17 07:43:39,896 [Thread-2091] INFO  impl.RoleInfo (RoleInfo.java:updateAndGet(143)) - 2a93f7e5-ecb9-41da-9c47-70e13ba76d7d: start LeaderElection
2019-10-17 07:43:39,920 [2a93f7e5-ecb9-41da-9c47-70e13ba76d7d@group-A9EE991D717F-LeaderElection253] INFO  impl.LeaderElection (LeaderElection.java:askForVotes(178)) - 2a93f7e5-ecb9-41da-9c47-70e13ba76d7d@group-A9EE991D717F-LeaderElection253: begin an election at term 267 for 0: [37bd8e8c-ea68-4b1c-8659-8d001c4f3b5c:192.168.34.62:41632, 24020d0b-ce61-4f5a-b0b0-c561541e8cd4:192.168.34.62:42892, 2a93f7e5-ecb9-41da-9c47-70e13ba76d7d:192.168.34.62:35412], old=null
2019-10-17 07:43:39,922 [grpc-default-executor-1] INFO  impl.RaftServerImpl (RaftServerImpl.java:setRole(184)) - 37bd8e8c-ea68-4b1c-8659-8d001c4f3b5c@group-A9EE991D717F: changes role from  FOLLOWER to FOLLOWER at term 267 for recognizeCandidate:2a93f7e5-ecb9-41da-9c47-70e13ba76d7d
2019-10-17 07:43:39,922 [grpc-default-executor-0] INFO  impl.RaftServerImpl (RaftServerImpl.java:setRole(184)) - 24020d0b-ce61-4f5a-b0b0-c561541e8cd4@group-A9EE991D717F: changes role from  FOLLOWER to FOLLOWER at term 267 for recognizeCandidate:2a93f7e5-ecb9-41da-9c47-70e13ba76d7d
2019-10-17 07:43:39,922 [grpc-default-executor-1] INFO  impl.RoleInfo (RoleInfo.java:shutdownFollowerState(121)) - 37bd8e8c-ea68-4b1c-8659-8d001c4f3b5c: shutdown FollowerState
2019-10-17 07:43:39,922 [grpc-default-executor-0] INFO  impl.RoleInfo (RoleInfo.java:shutdownFollowerState(121)) - 24020d0b-ce61-4f5a-b0b0-c561541e8cd4: shutdown FollowerState
2019-10-17 07:43:39,923 [Thread-2089] INFO  impl.FollowerState (FollowerState.java:run(117)) - 37bd8e8c-ea68-4b1c-8659-8d001c4f3b5c@group-A9EE991D717F-FollowerState was interrupted: java.lang.InterruptedException: sleep interrupted
2019-10-17 07:43:39,923 [Thread-2090] INFO  impl.FollowerState (FollowerState.java:run(117)) - 24020d0b-ce61-4f5a-b0b0-c561541e8cd4@group-A9EE991D717F-FollowerState was interrupted: java.lang.InterruptedException: sleep interrupted
2019-10-17 07:43:39,923 [grpc-default-executor-1] INFO  impl.RoleInfo (RoleInfo.java:updateAndGet(143)) - 37bd8e8c-ea68-4b1c-8659-8d001c4f3b5c: start FollowerState
2019-10-17 07:43:39,923 [grpc-default-executor-0] INFO  impl.RoleInfo (RoleInfo.java:updateAndGet(143)) - 24020d0b-ce61-4f5a-b0b0-c561541e8cd4: start FollowerState
2019-10-17 07:43:39,943 [2a93f7e5-ecb9-41da-9c47-70e13ba76d7d@group-A9EE991D717F-LeaderElection253] INFO  impl.LeaderElection (LeaderElection.java:logAndReturn(56)) - 2a93f7e5-ecb9-41da-9c47-70e13ba76d7d@group-A9EE991D717F-LeaderElection253: Election REJECTED; received 2 response(s) [2a93f7e5-ecb9-41da-9c47-70e13ba76d7d<-37bd8e8c-ea68-4b1c-8659-8d001c4f3b5c#0:FAIL-t267, 2a93f7e5-ecb9-41da-9c47-70e13ba76d7d<-24020d0b-ce61-4f5a-b0b0-c561541e8cd4#0:FAIL-t267] and 0 exception(s); 2a93f7e5-ecb9-41da-9c47-70e13ba76d7d@group-A9EE991D717F:t267, leader=null, voted=2a93f7e5-ecb9-41da-9c47-70e13ba76d7d, raftlog=2a93f7e5-ecb9-41da-9c47-70e13ba76d7d@group-A9EE991D717F-SegmentedRaftLog:OPENED:c-1,f0,i0, conf=0: [37bd8e8c-ea68-4b1c-8659-8d001c4f3b5c:192.168.34.62:41632, 24020d0b-ce61-4f5a-b0b0-c561541e8cd4:192.168.34.62:42892, 2a93f7e5-ecb9-41da-9c47-70e13ba76d7d:192.168.34.62:35412], old=null
2019-10-17 07:43:39,943 [2a93f7e5-ecb9-41da-9c47-70e13ba76d7d@group-A9EE991D717F-LeaderElection253] INFO  impl.RaftServerImpl (RaftServerImpl.java:setRole(184)) - 2a93f7e5-ecb9-41da-9c47-70e13ba76d7d@group-A9EE991D717F: changes role from CANDIDATE to FOLLOWER at term 267 for DISCOVERED_A_NEW_TERM
2019-10-17 07:43:39,943 [2a93f7e5-ecb9-41da-9c47-70e13ba76d7d@group-A9EE991D717F-LeaderElection253] INFO  impl.RoleInfo (RoleInfo.java:shutdownLeaderElection(134)) - 2a93f7e5-ecb9-41da-9c47-70e13ba76d7d: shutdown LeaderElection
2019-10-17 07:43:39,943 [2a93f7e5-ecb9-41da-9c47-70e13ba76d7d@group-A9EE991D717F-LeaderElection253] INFO  impl.RoleInfo (RoleInfo.java:updateAndGet(143)) - 2a93f7e5-ecb9-41da-9c47-70e13ba76d7d: start FollowerState
2019-10-17 07:43:39,975 [Thread-2097] INFO  impl.FollowerState (FollowerState.java:run(108)) - 2a93f7e5-ecb9-41da-9c47-70e13ba76d7d@group-A9EE991D717F-FollowerState: change to CANDIDATE, lastRpcTime:31ms, electionTimeout:31ms
2019-10-17 07:43:39,975 [Thread-2097] INFO  impl.RoleInfo (RoleInfo.java:shutdownFollowerState(121)) - 2a93f7e5-ecb9-41da-9c47-70e13ba76d7d: shutdown FollowerState
2019-10-17 07:43:39,975 [Thread-2097] INFO  impl.RaftServerImpl (RaftServerImpl.java:setRole(184)) - 2a93f7e5-ecb9-41da-9c47-70e13ba76d7d@group-A9EE991D717F: changes role from  FOLLOWER to CANDIDATE at term 267 for changeToCandidate
2019-10-17 07:43:39,975 [Thread-2097] INFO  impl.RoleInfo (RoleInfo.java:updateAndGet(143)) - 2a93f7e5-ecb9-41da-9c47-70e13ba76d7d: start LeaderElection
2019-10-17 07:43:39,999 [2a93f7e5-ecb9-41da-9c47-70e13ba76d7d@group-A9EE991D717F-LeaderElection254] INFO  impl.LeaderElection (LeaderElection.java:askForVotes(178)) - 2a93f7e5-ecb9-41da-9c47-70e13ba76d7d@group-A9EE991D717F-LeaderElection254: begin an election at term 268 for 0: [37bd8e8c-ea68-4b1c-8659-8d001c4f3b5c:192.168.34.62:41632, 24020d0b-ce61-4f5a-b0b0-c561541e8cd4:192.168.34.62:42892, 2a93f7e5-ecb9-41da-9c47-70e13ba76d7d:192.168.34.62:35412], old=null
2019-10-17 07:43:40,000 [grpc-default-executor-1] INFO  impl.RaftServerImpl (RaftServerImpl.java:setRole(184)) - 37bd8e8c-ea68-4b1c-8659-8d001c4f3b5c@group-A9EE991D717F: changes role from  FOLLOWER to FOLLOWER at term 268 for recognizeCandidate:2a93f7e5-ecb9-41da-9c47-70e13ba76d7d
2019-10-17 07:43:40,001 [grpc-default-executor-1] INFO  impl.RoleInfo (RoleInfo.java:shutdownFollowerState(121)) - 37bd8e8c-ea68-4b1c-8659-8d001c4f3b5c: shutdown FollowerState
2019-10-17 07:43:40,001 [grpc-default-executor-0] INFO  impl.RaftServerImpl (RaftServerImpl.java:setRole(184)) - 24020d0b-ce61-4f5a-b0b0-c561541e8cd4@group-A9EE991D717F: changes role from  FOLLOWER to FOLLOWER at term 268 for recognizeCandidate:2a93f7e5-ecb9-41da-9c47-70e13ba76d7d
2019-10-17 07:43:40,001 [grpc-default-executor-0] INFO  impl.RoleInfo (RoleInfo.java:shutdownFollowerState(121)) - 24020d0b-ce61-4f5a-b0b0-c561541e8cd4: shutdown FollowerState
2019-10-17 07:43:40,001 [Thread-2095] INFO  impl.FollowerState (FollowerState.java:run(117)) - 37bd8e8c-ea68-4b1c-8659-8d001c4f3b5c@group-A9EE991D717F-FollowerState was interrupted: java.lang.InterruptedException: sleep interrupted
2019-10-17 07:43:40,001 [grpc-default-executor-1] INFO  impl.RoleInfo (RoleInfo.java:updateAndGet(143)) - 37bd8e8c-ea68-4b1c-8659-8d001c4f3b5c: start FollowerState
2019-10-17 07:43:40,001 [Thread-2096] INFO  impl.FollowerState (FollowerState.java:run(117)) - 24020d0b-ce61-4f5a-b0b0-c561541e8cd4@group-A9EE991D717F-FollowerState was interrupted: java.lang.InterruptedException: sleep interrupted
2019-10-17 07:43:40,001 [grpc-default-executor-0] INFO  impl.RoleInfo (RoleInfo.java:updateAndGet(143)) - 24020d0b-ce61-4f5a-b0b0-c561541e8cd4: start FollowerState
2019-10-17 07:43:40,018 [2a93f7e5-ecb9-41da-9c47-70e13ba76d7d@group-A9EE991D717F-LeaderElection254] INFO  impl.LeaderElection (LeaderElection.java:logAndReturn(56)) - 2a93f7e5-ecb9-41da-9c47-70e13ba76d7d@group-A9EE991D717F-LeaderElection254: Election REJECTED; received 2 response(s) [2a93f7e5-ecb9-41da-9c47-70e13ba76d7d<-37bd8e8c-ea68-4b1c-8659-8d001c4f3b5c#0:FAIL-t268, 2a93f7e5-ecb9-41da-9c47-70e13ba76d7d<-24020d0b-ce61-4f5a-b0b0-c561541e8cd4#0:FAIL-t268] and 0 exception(s); 2a93f7e5-ecb9-41da-9c47-70e13ba76d7d@group-A9EE991D717F:t268, leader=null, voted=2a93f7e5-ecb9-41da-9c47-70e13ba76d7d, raftlog=2a93f7e5-ecb9-41da-9c47-70e13ba76d7d@group-A9EE991D717F-SegmentedRaftLog:OPENED:c-1,f0,i0, conf=0: [37bd8e8c-ea68-4b1c-8659-8d001c4f3b5c:192.168.34.62:41632, 24020d0b-ce61-4f5a-b0b0-c561541e8cd4:192.168.34.62:42892, 2a93f7e5-ecb9-41da-9c47-70e13ba76d7d:192.168.34.62:35412], old=null
2019-10-17 07:43:40,018 [2a93f7e5-ecb9-41da-9c47-70e13ba76d7d@group-A9EE991D717F-LeaderElection254] INFO  impl.RaftServerImpl (RaftServerImpl.java:setRole(184)) - 2a93f7e5-ecb9-41da-9c47-70e13ba76d7d@group-A9EE991D717F: changes role from CANDIDATE to FOLLOWER at term 268 for DISCOVERED_A_NEW_TERM
2019-10-17 07:43:40,018 [2a93f7e5-ecb9-41da-9c47-70e13ba76d7d@group-A9EE991D717F-LeaderElection254] INFO  impl.RoleInfo (RoleInfo.java:shutdownLeaderElection(134)) - 2a93f7e5-ecb9-41da-9c47-70e13ba76d7d: shutdown LeaderElection
2019-10-17 07:43:40,019 [2a93f7e5-ecb9-41da-9c47-70e13ba76d7d@group-A9EE991D717F-LeaderElection254] INFO  impl.RoleInfo (RoleInfo.java:updateAndGet(143)) - 2a93f7e5-ecb9-41da-9c47-70e13ba76d7d: start FollowerState
2019-10-17 07:43:40,159 [Thread-2103] INFO  impl.FollowerState (FollowerState.java:run(108)) - 2a93f7e5-ecb9-41da-9c47-70e13ba76d7d@group-A9EE991D717F-FollowerState: change to CANDIDATE, lastRpcTime:140ms, electionTimeout:140ms
2019-10-17 07:43:40,159 [Thread-2103] INFO  impl.RoleInfo (RoleInfo.java:shutdownFollowerState(121)) - 2a93f7e5-ecb9-41da-9c47-70e13ba76d7d: shutdown FollowerState
2019-10-17 07:43:40,159 [Thread-2103] INFO  impl.RaftServerImpl (RaftServerImpl.java:setRole(184)) - 2a93f7e5-ecb9-41da-9c47-70e13ba76d7d@group-A9EE991D717F: changes role from  FOLLOWER to CANDIDATE at term 268 for changeToCandidate
2019-10-17 07:43:40,159 [Thread-2103] INFO  impl.RoleInfo (RoleInfo.java:updateAndGet(143)) - 2a93f7e5-ecb9-41da-9c47-70e13ba76d7d: start LeaderElection
2019-10-17 07:43:40,183 [2a93f7e5-ecb9-41da-9c47-70e13ba76d7d@group-A9EE991D717F-LeaderElection255] INFO  impl.LeaderElection (LeaderElection.java:askForVotes(178)) - 2a93f7e5-ecb9-41da-9c47-70e13ba76d7d@group-A9EE991D717F-LeaderElection255: begin an election at term 269 for 0: [37bd8e8c-ea68-4b1c-8659-8d001c4f3b5c:192.168.34.62:41632, 24020d0b-ce61-4f5a-b0b0-c561541e8cd4:192.168.34.62:42892, 2a93f7e5-ecb9-41da-9c47-70e13ba76d7d:192.168.34.62:35412], old=null
2019-10-17 07:43:40,185 [grpc-default-executor-1] INFO  impl.RaftServerImpl (RaftServerImpl.java:setRole(184)) - 37bd8e8c-ea68-4b1c-8659-8d001c4f3b5c@group-A9EE991D717F: changes role from  FOLLOWER to FOLLOWER at term 269 for recognizeCandidate:2a93f7e5-ecb9-41da-9c47-70e13ba76d7d
2019-10-17 07:43:40,185 [grpc-default-executor-1] INFO  impl.RoleInfo (RoleInfo.java:shutdownFollowerState(121)) - 37bd8e8c-ea68-4b1c-8659-8d001c4f3b5c: shutdown FollowerState
2019-10-17 07:43:40,185 [grpc-default-executor-0] INFO  impl.RaftServerImpl (RaftServerImpl.java:setRole(184)) - 24020d0b-ce61-4f5a-b0b0-c561541e8cd4@group-A9EE991D717F: changes role from  FOLLOWER to FOLLOWER at term 269 for recognizeCandidate:2a93f7e5-ecb9-41da-9c47-70e13ba76d7d
2019-10-17 07:43:40,185 [Thread-2101] INFO  impl.FollowerState (FollowerState.java:run(117)) - 37bd8e8c-ea68-4b1c-8659-8d001c4f3b5c@group-A9EE991D717F-FollowerState was interrupted: java.lang.InterruptedException: sleep interrupted
2019-10-17 07:43:40,185 [grpc-default-executor-1] INFO  impl.RoleInfo (RoleInfo.java:updateAndGet(143)) - 37bd8e8c-ea68-4b1c-8659-8d001c4f3b5c: start FollowerState
2019-10-17 07:43:40,186 [grpc-default-executor-0] INFO  impl.RoleInfo (RoleInfo.java:shutdownFollowerState(121)) - 24020d0b-ce61-4f5a-b0b0-c561541e8cd4: shutdown FollowerState
2019-10-17 07:43:40,186 [grpc-default-executor-0] INFO  impl.RoleInfo (RoleInfo.java:updateAndGet(143)) - 24020d0b-ce61-4f5a-b0b0-c561541e8cd4: start FollowerState
2019-10-17 07:43:40,186 [Thread-2102] INFO  impl.FollowerState (FollowerState.java:run(117)) - 24020d0b-ce61-4f5a-b0b0-c561541e8cd4@group-A9EE991D717F-FollowerState was interrupted: java.lang.InterruptedException: sleep interrupted
2019-10-17 07:43:40,211 [2a93f7e5-ecb9-41da-9c47-70e13ba76d7d@group-A9EE991D717F-LeaderElection255] INFO  impl.LeaderElection (LeaderElection.java:logAndReturn(56)) - 2a93f7e5-ecb9-41da-9c47-70e13ba76d7d@group-A9EE991D717F-LeaderElection255: Election REJECTED; received 2 response(s) [2a93f7e5-ecb9-41da-9c47-70e13ba76d7d<-37bd8e8c-ea68-4b1c-8659-8d001c4f3b5c#0:FAIL-t269, 2a93f7e5-ecb9-41da-9c47-70e13ba76d7d<-24020d0b-ce61-4f5a-b0b0-c561541e8cd4#0:FAIL-t269] and 0 exception(s); 2a93f7e5-ecb9-41da-9c47-70e13ba76d7d@group-A9EE991D717F:t269, leader=null, voted=2a93f7e5-ecb9-41da-9c47-70e13ba76d7d, raftlog=2a93f7e5-ecb9-41da-9c47-70e13ba76d7d@group-A9EE991D717F-SegmentedRaftLog:OPENED:c-1,f0,i0, conf=0: [37bd8e8c-ea68-4b1c-8659-8d001c4f3b5c:192.168.34.62:41632, 24020d0b-ce61-4f5a-b0b0-c561541e8cd4:192.168.34.62:42892, 2a93f7e5-ecb9-41da-9c47-70e13ba76d7d:192.168.34.62:35412], old=null
2019-10-17 07:43:40,211 [2a93f7e5-ecb9-41da-9c47-70e13ba76d7d@group-A9EE991D717F-LeaderElection255] INFO  impl.RaftServerImpl (RaftServerImpl.java:setRole(184)) - 2a93f7e5-ecb9-41da-9c47-70e13ba76d7d@group-A9EE991D717F: changes role from CANDIDATE to FOLLOWER at term 269 for DISCOVERED_A_NEW_TERM
2019-10-17 07:43:40,211 [2a93f7e5-ecb9-41da-9c47-70e13ba76d7d@group-A9EE991D717F-LeaderElection255] INFO  impl.RoleInfo (RoleInfo.java:shutdownLeaderElection(134)) - 2a93f7e5-ecb9-41da-9c47-70e13ba76d7d: shutdown LeaderElection
2019-10-17 07:43:40,211 [2a93f7e5-ecb9-41da-9c47-70e13ba76d7d@group-A9EE991D717F-LeaderElection255] INFO  impl.RoleInfo (RoleInfo.java:updateAndGet(143)) - 2a93f7e5-ecb9-41da-9c47-70e13ba76d7d: start FollowerState
2019-10-17 07:43:40,397 [Thread-2109] INFO  impl.FollowerState (FollowerState.java:run(108)) - 2a93f7e5-ecb9-41da-9c47-70e13ba76d7d@group-A9EE991D717F-FollowerState: change to CANDIDATE, lastRpcTime:186ms, electionTimeout:186ms
2019-10-17 07:43:40,398 [Thread-2109] INFO  impl.RoleInfo (RoleInfo.java:shutdownFollowerState(121)) - 2a93f7e5-ecb9-41da-9c47-70e13ba76d7d: shutdown FollowerState
2019-10-17 07:43:40,398 [Thread-2109] INFO  impl.RaftServerImpl (RaftServerImpl.java:setRole(184)) - 2a93f7e5-ecb9-41da-9c47-70e13ba76d7d@group-A9EE991D717F: changes role from  FOLLOWER to CANDIDATE at term 269 for changeToCandidate
2019-10-17 07:43:40,398 [Thread-2109] INFO  impl.RoleInfo (RoleInfo.java:updateAndGet(143)) - 2a93f7e5-ecb9-41da-9c47-70e13ba76d7d: start LeaderElection
2019-10-17 07:43:40,412 [2a93f7e5-ecb9-41da-9c47-70e13ba76d7d@group-A9EE991D717F-LeaderElection256] INFO  impl.LeaderElection (LeaderElection.java:askForVotes(178)) - 2a93f7e5-ecb9-41da-9c47-70e13ba76d7d@group-A9EE991D717F-LeaderElection256: begin an election at term 270 for 0: [37bd8e8c-ea68-4b1c-8659-8d001c4f3b5c:192.168.34.62:41632, 24020d0b-ce61-4f5a-b0b0-c561541e8cd4:192.168.34.62:42892, 2a93f7e5-ecb9-41da-9c47-70e13ba76d7d:192.168.34.62:35412], old=null
2019-10-17 07:43:40,413 [grpc-default-executor-1] INFO  impl.RaftServerImpl (RaftServerImpl.java:setRole(184)) - 37bd8e8c-ea68-4b1c-8659-8d001c4f3b5c@group-A9EE991D717F: changes role from  FOLLOWER to FOLLOWER at term 270 for recognizeCandidate:2a93f7e5-ecb9-41da-9c47-70e13ba76d7d
2019-10-17 07:43:40,413 [grpc-default-executor-1] INFO  impl.RoleInfo (RoleInfo.java:shutdownFollowerState(121)) - 37bd8e8c-ea68-4b1c-8659-8d001c4f3b5c: shutdown FollowerState
2019-10-17 07:43:40,414 [grpc-default-executor-0] INFO  impl.RaftServerImpl (RaftServerImpl.java:setRole(184)) - 24020d0b-ce61-4f5a-b0b0-c561541e8cd4@group-A9EE991D717F: changes role from  FOLLOWER to FOLLOWER at term 270 for recognizeCandidate:2a93f7e5-ecb9-41da-9c47-70e13ba76d7d
2019-10-17 07:43:40,414 [Thread-2107] INFO  impl.FollowerState (FollowerState.java:run(117)) - 37bd8e8c-ea68-4b1c-8659-8d001c4f3b5c@group-A9EE991D717F-FollowerState was interrupted: java.lang.InterruptedException: sleep interrupted
2019-10-17 07:43:40,414 [grpc-default-executor-1] INFO  impl.RoleInfo (RoleInfo.java:updateAndGet(143)) - 37bd8e8c-ea68-4b1c-8659-8d001c4f3b5c: start FollowerState
2019-10-17 07:43:40,414 [grpc-default-executor-0] INFO  impl.RoleInfo (RoleInfo.java:shutdownFollowerState(121)) - 24020d0b-ce61-4f5a-b0b0-c561541e8cd4: shutdown FollowerState
2019-10-17 07:43:40,414 [grpc-default-executor-0] INFO  impl.RoleInfo (RoleInfo.java:updateAndGet(143)) - 24020d0b-ce61-4f5a-b0b0-c561541e8cd4: start FollowerState
2019-10-17 07:43:40,414 [Thread-2108] INFO  impl.FollowerState (FollowerState.java:run(117)) - 24020d0b-ce61-4f5a-b0b0-c561541e8cd4@group-A9EE991D717F-FollowerState was interrupted: java.lang.InterruptedException: sleep interrupted
2019-10-17 07:43:40,447 [2a93f7e5-ecb9-41da-9c47-70e13ba76d7d@group-A9EE991D717F-LeaderElection256] INFO  impl.LeaderElection (LeaderElection.java:logAndReturn(56)) - 2a93f7e5-ecb9-41da-9c47-70e13ba76d7d@group-A9EE991D717F-LeaderElection256: Election REJECTED; received 2 response(s) [2a93f7e5-ecb9-41da-9c47-70e13ba76d7d<-37bd8e8c-ea68-4b1c-8659-8d001c4f3b5c#0:FAIL-t270, 2a93f7e5-ecb9-41da-9c47-70e13ba76d7d<-24020d0b-ce61-4f5a-b0b0-c561541e8cd4#0:FAIL-t270] and 0 exception(s); 2a93f7e5-ecb9-41da-9c47-70e13ba76d7d@group-A9EE991D717F:t270, leader=null, voted=2a93f7e5-ecb9-41da-9c47-70e13ba76d7d, raftlog=2a93f7e5-ecb9-41da-9c47-70e13ba76d7d@group-A9EE991D717F-SegmentedRaftLog:OPENED:c-1,f0,i0, conf=0: [37bd8e8c-ea68-4b1c-8659-8d001c4f3b5c:192.168.34.62:41632, 24020d0b-ce61-4f5a-b0b0-c561541e8cd4:192.168.34.62:42892, 2a93f7e5-ecb9-41da-9c47-70e13ba76d7d:192.168.34.62:35412], old=null
2019-10-17 07:43:40,447 [2a93f7e5-ecb9-41da-9c47-70e13ba76d7d@group-A9EE991D717F-LeaderElection256] INFO  impl.RaftServerImpl (RaftServerImpl.java:setRole(184)) - 2a93f7e5-ecb9-41da-9c47-70e13ba76d7d@group-A9EE991D717F: changes role from CANDIDATE to FOLLOWER at term 270 for DISCOVERED_A_NEW_TERM
2019-10-17 07:43:40,447 [2a93f7e5-ecb9-41da-9c47-70e13ba76d7d@group-A9EE991D717F-LeaderElection256] INFO  impl.RoleInfo (RoleInfo.java:shutdownLeaderElection(134)) - 2a93f7e5-ecb9-41da-9c47-70e13ba76d7d: shutdown LeaderElection
2019-10-17 07:43:40,447 [2a93f7e5-ecb9-41da-9c47-70e13ba76d7d@group-A9EE991D717F-LeaderElection256] INFO  impl.RoleInfo (RoleInfo.java:updateAndGet(143)) - 2a93f7e5-ecb9-41da-9c47-70e13ba76d7d: start FollowerState
2019-10-17 07:43:40,549 [Thread-2115] INFO  impl.FollowerState (FollowerState.java:run(108)) - 2a93f7e5-ecb9-41da-9c47-70e13ba76d7d@group-A9EE991D717F-FollowerState: change to CANDIDATE, lastRpcTime:101ms, electionTimeout:101ms
2019-10-17 07:43:40,549 [Thread-2115] INFO  impl.RoleInfo (RoleInfo.java:shutdownFollowerState(121)) - 2a93f7e5-ecb9-41da-9c47-70e13ba76d7d: shutdown FollowerState
2019-10-17 07:43:40,549 [Thread-2115] INFO  impl.RaftServerImpl (RaftServerImpl.java:setRole(184)) - 2a93f7e5-ecb9-41da-9c47-70e13ba76d7d@group-A9EE991D717F: changes role from  FOLLOWER to CANDIDATE at term 270 for changeToCandidate
2019-10-17 07:43:40,549 [Thread-2115] INFO  impl.RoleInfo (RoleInfo.java:updateAndGet(143)) - 2a93f7e5-ecb9-41da-9c47-70e13ba76d7d: start LeaderElection
2019-10-17 07:43:40,573 [2a93f7e5-ecb9-41da-9c47-70e13ba76d7d@group-A9EE991D717F-LeaderElection257] INFO  impl.LeaderElection (LeaderElection.java:askForVotes(178)) - 2a93f7e5-ecb9-41da-9c47-70e13ba76d7d@group-A9EE991D717F-LeaderElection257: begin an election at term 271 for 0: [37bd8e8c-ea68-4b1c-8659-8d001c4f3b5c:192.168.34.62:41632, 24020d0b-ce61-4f5a-b0b0-c561541e8cd4:192.168.34.62:42892, 2a93f7e5-ecb9-41da-9c47-70e13ba76d7d:192.168.34.62:35412], old=null
2019-10-17 07:43:40,576 [grpc-default-executor-0] INFO  impl.RaftServerImpl (RaftServerImpl.java:setRole(184)) - 37bd8e8c-ea68-4b1c-8659-8d001c4f3b5c@group-A9EE991D717F: changes role from  FOLLOWER to FOLLOWER at term 271 for recognizeCandidate:2a93f7e5-ecb9-41da-9c47-70e13ba76d7d
2019-10-17 07:43:40,576 [grpc-default-executor-0] INFO  impl.RoleInfo (RoleInfo.java:shutdownFollowerState(121)) - 37bd8e8c-ea68-4b1c-8659-8d001c4f3b5c: shutdown FollowerState
2019-10-17 07:43:40,576 [grpc-default-executor-1] INFO  impl.RaftServerImpl (RaftServerImpl.java:setRole(184)) - 24020d0b-ce61-4f5a-b0b0-c561541e8cd4@group-A9EE991D717F: changes role from  FOLLOWER to FOLLOWER at term 271 for recognizeCandidate:2a93f7e5-ecb9-41da-9c47-70e13ba76d7d
2019-10-17 07:43:40,577 [grpc-default-executor-1] INFO  impl.RoleInfo (RoleInfo.java:shutdownFollowerState(121)) - 24020d0b-ce61-4f5a-b0b0-c561541e8cd4: shutdown FollowerState
2019-10-17 07:43:40,576 [Thread-2113] INFO  impl.FollowerState (FollowerState.java:run(117)) - 37bd8e8c-ea68-4b1c-8659-8d001c4f3b5c@group-A9EE991D717F-FollowerState was interrupted: java.lang.InterruptedException: sleep interrupted
2019-10-17 07:43:40,576 [grpc-default-executor-0] INFO  impl.RoleInfo (RoleInfo.java:updateAndGet(143)) - 37bd8e8c-ea68-4b1c-8659-8d001c4f3b5c: start FollowerState
2019-10-17 07:43:40,577 [Thread-2114] INFO  impl.FollowerState (FollowerState.java:run(117)) - 24020d0b-ce61-4f5a-b0b0-c561541e8cd4@group-A9EE991D717F-FollowerState was interrupted: java.lang.InterruptedException: sleep interrupted
2019-10-17 07:43:40,577 [grpc-default-executor-1] INFO  impl.RoleInfo (RoleInfo.java:updateAndGet(143)) - 24020d0b-ce61-4f5a-b0b0-c561541e8cd4: start FollowerState
2019-10-17 07:43:40,610 [2a93f7e5-ecb9-41da-9c47-70e13ba76d7d@group-A9EE991D717F-LeaderElection257] INFO  impl.LeaderElection (LeaderElection.java:logAndReturn(56)) - 2a93f7e5-ecb9-41da-9c47-70e13ba76d7d@group-A9EE991D717F-LeaderElection257: Election REJECTED; received 2 response(s) [2a93f7e5-ecb9-41da-9c47-70e13ba76d7d<-37bd8e8c-ea68-4b1c-8659-8d001c4f3b5c#0:FAIL-t271, 2a93f7e5-ecb9-41da-9c47-70e13ba76d7d<-24020d0b-ce61-4f5a-b0b0-c561541e8cd4#0:FAIL-t271] and 0 exception(s); 2a93f7e5-ecb9-41da-9c47-70e13ba76d7d@group-A9EE991D717F:t271, leader=null, voted=2a93f7e5-ecb9-41da-9c47-70e13ba76d7d, raftlog=2a93f7e5-ecb9-41da-9c47-70e13ba76d7d@group-A9EE991D717F-SegmentedRaftLog:OPENED:c-1,f0,i0, conf=0: [37bd8e8c-ea68-4b1c-8659-8d001c4f3b5c:192.168.34.62:41632, 24020d0b-ce61-4f5a-b0b0-c561541e8cd4:192.168.34.62:42892, 2a93f7e5-ecb9-41da-9c47-70e13ba76d7d:192.168.34.62:35412], old=null
2019-10-17 07:43:40,610 [2a93f7e5-ecb9-41da-9c47-70e13ba76d7d@group-A9EE991D717F-LeaderElection257] INFO  impl.RaftServerImpl (RaftServerImpl.java:setRole(184)) - 2a93f7e5-ecb9-41da-9c47-70e13ba76d7d@group-A9EE991D717F: changes role from CANDIDATE to FOLLOWER at term 271 for DISCOVERED_A_NEW_TERM
2019-10-17 07:43:40,610 [2a93f7e5-ecb9-41da-9c47-70e13ba76d7d@group-A9EE991D717F-LeaderElection257] INFO  impl.RoleInfo (RoleInfo.java:shutdownLeaderElection(134)) - 2a93f7e5-ecb9-41da-9c47-70e13ba76d7d: shutdown LeaderElection
2019-10-17 07:43:40,611 [2a93f7e5-ecb9-41da-9c47-70e13ba76d7d@group-A9EE991D717F-LeaderElection257] INFO  impl.RoleInfo (RoleInfo.java:updateAndGet(143)) - 2a93f7e5-ecb9-41da-9c47-70e13ba76d7d: start FollowerState
2019-10-17 07:43:40,693 [Thread-2121] INFO  impl.FollowerState (FollowerState.java:run(108)) - 2a93f7e5-ecb9-41da-9c47-70e13ba76d7d@group-A9EE991D717F-FollowerState: change to CANDIDATE, lastRpcTime:82ms, electionTimeout:82ms
2019-10-17 07:43:40,693 [Thread-2121] INFO  impl.RoleInfo (RoleInfo.java:shutdownFollowerState(121)) - 2a93f7e5-ecb9-41da-9c47-70e13ba76d7d: shutdown FollowerState
2019-10-17 07:43:40,693 [Thread-2121] INFO  impl.RaftServerImpl (RaftServerImpl.java:setRole(184)) - 2a93f7e5-ecb9-41da-9c47-70e13ba76d7d@group-A9EE991D717F: changes role from  FOLLOWER to CANDIDATE at term 271 for changeToCandidate
2019-10-17 07:43:40,693 [Thread-2121] INFO  impl.RoleInfo (RoleInfo.java:updateAndGet(143)) - 2a93f7e5-ecb9-41da-9c47-70e13ba76d7d: start LeaderElection
2019-10-17 07:43:40,718 [2a93f7e5-ecb9-41da-9c47-70e13ba76d7d@group-A9EE991D717F-LeaderElection258] INFO  impl.LeaderElection (LeaderElection.java:askForVotes(178)) - 2a93f7e5-ecb9-41da-9c47-70e13ba76d7d@group-A9EE991D717F-LeaderElection258: begin an election at term 272 for 0: [37bd8e8c-ea68-4b1c-8659-8d001c4f3b5c:192.168.34.62:41632, 24020d0b-ce61-4f5a-b0b0-c561541e8cd4:192.168.34.62:42892, 2a93f7e5-ecb9-41da-9c47-70e13ba76d7d:192.168.34.62:35412], old=null
2019-10-17 07:43:40,720 [2a93f7e5-ecb9-41da-9c47-70e13ba76d7d@group-A9EE991D717F-LeaderElection258] INFO  impl.LeaderElection (LeaderElection.java:logAndReturn(56)) - 2a93f7e5-ecb9-41da-9c47-70e13ba76d7d@group-A9EE991D717F-LeaderElection258: Election TIMEOUT; received 0 response(s) [] and 0 exception(s); 2a93f7e5-ecb9-41da-9c47-70e13ba76d7d@group-A9EE991D717F:t272, leader=null, voted=2a93f7e5-ecb9-41da-9c47-70e13ba76d7d, raftlog=2a93f7e5-ecb9-41da-9c47-70e13ba76d7d@group-A9EE991D717F-SegmentedRaftLog:OPENED:c-1,f0,i0, conf=0: [37bd8e8c-ea68-4b1c-8659-8d001c4f3b5c:192.168.34.62:41632, 24020d0b-ce61-4f5a-b0b0-c561541e8cd4:192.168.34.62:42892, 2a93f7e5-ecb9-41da-9c47-70e13ba76d7d:192.168.34.62:35412], old=null
2019-10-17 07:43:40,720 [grpc-default-executor-1] INFO  impl.RaftServerImpl (RaftServerImpl.java:setRole(184)) - 24020d0b-ce61-4f5a-b0b0-c561541e8cd4@group-A9EE991D717F: changes role from  FOLLOWER to FOLLOWER at term 272 for recognizeCandidate:2a93f7e5-ecb9-41da-9c47-70e13ba76d7d
2019-10-17 07:43:40,721 [grpc-default-executor-1] INFO  impl.RoleInfo (RoleInfo.java:shutdownFollowerState(121)) - 24020d0b-ce61-4f5a-b0b0-c561541e8cd4: shutdown FollowerState
2019-10-17 07:43:40,721 [grpc-default-executor-0] INFO  impl.RaftServerImpl (RaftServerImpl.java:setRole(184)) - 37bd8e8c-ea68-4b1c-8659-8d001c4f3b5c@group-A9EE991D717F: changes role from  FOLLOWER to FOLLOWER at term 272 for recognizeCandidate:2a93f7e5-ecb9-41da-9c47-70e13ba76d7d
2019-10-17 07:43:40,721 [grpc-default-executor-0] INFO  impl.RoleInfo (RoleInfo.java:shutdownFollowerState(121)) - 37bd8e8c-ea68-4b1c-8659-8d001c4f3b5c: shutdown FollowerState
2019-10-17 07:43:40,721 [Thread-2120] INFO  impl.FollowerState (FollowerState.java:run(117)) - 24020d0b-ce61-4f5a-b0b0-c561541e8cd4@group-A9EE991D717F-FollowerState was interrupted: java.lang.InterruptedException: sleep interrupted
2019-10-17 07:43:40,721 [grpc-default-executor-1] INFO  impl.RoleInfo (RoleInfo.java:updateAndGet(143)) - 24020d0b-ce61-4f5a-b0b0-c561541e8cd4: start FollowerState
2019-10-17 07:43:40,721 [Thread-2119] INFO  impl.FollowerState (FollowerState.java:run(117)) - 37bd8e8c-ea68-4b1c-8659-8d001c4f3b5c@group-A9EE991D717F-FollowerState was interrupted: java.lang.InterruptedException: sleep interrupted
2019-10-17 07:43:40,721 [grpc-default-executor-0] INFO  impl.RoleInfo (RoleInfo.java:updateAndGet(143)) - 37bd8e8c-ea68-4b1c-8659-8d001c4f3b5c: start FollowerState
2019-10-17 07:43:40,736 [2a93f7e5-ecb9-41da-9c47-70e13ba76d7d@group-A9EE991D717F-LeaderElection258] INFO  impl.LeaderElection (LeaderElection.java:askForVotes(178)) - 2a93f7e5-ecb9-41da-9c47-70e13ba76d7d@group-A9EE991D717F-LeaderElection258: begin an election at term 273 for 0: [37bd8e8c-ea68-4b1c-8659-8d001c4f3b5c:192.168.34.62:41632, 24020d0b-ce61-4f5a-b0b0-c561541e8cd4:192.168.34.62:42892, 2a93f7e5-ecb9-41da-9c47-70e13ba76d7d:192.168.34.62:35412], old=null
2019-10-17 07:43:40,738 [grpc-default-executor-0] INFO  impl.RaftServerImpl (RaftServerImpl.java:setRole(184)) - 37bd8e8c-ea68-4b1c-8659-8d001c4f3b5c@group-A9EE991D717F: changes role from  FOLLOWER to FOLLOWER at term 273 for recognizeCandidate:2a93f7e5-ecb9-41da-9c47-70e13ba76d7d
2019-10-17 07:43:40,738 [grpc-default-executor-0] INFO  impl.RoleInfo (RoleInfo.java:shutdownFollowerState(121)) - 37bd8e8c-ea68-4b1c-8659-8d001c4f3b5c: shutdown FollowerState
2019-10-17 07:43:40,738 [grpc-default-executor-0] INFO  impl.RoleInfo (RoleInfo.java:updateAndGet(143)) - 37bd8e8c-ea68-4b1c-8659-8d001c4f3b5c: start FollowerState
2019-10-17 07:43:40,738 [grpc-default-executor-1] INFO  impl.RaftServerImpl (RaftServerImpl.java:setRole(184)) - 24020d0b-ce61-4f5a-b0b0-c561541e8cd4@group-A9EE991D717F: changes role from  FOLLOWER to FOLLOWER at term 273 for recognizeCandidate:2a93f7e5-ecb9-41da-9c47-70e13ba76d7d
2019-10-17 07:43:40,738 [Thread-2126] INFO  impl.FollowerState (FollowerState.java:run(117)) - 37bd8e8c-ea68-4b1c-8659-8d001c4f3b5c@group-A9EE991D717F-FollowerState was interrupted: java.lang.InterruptedException: sleep interrupted
2019-10-17 07:43:40,739 [grpc-default-executor-1] INFO  impl.RoleInfo (RoleInfo.java:shutdownFollowerState(121)) - 24020d0b-ce61-4f5a-b0b0-c561541e8cd4: shutdown FollowerState
2019-10-17 07:43:40,739 [grpc-default-executor-1] INFO  impl.RoleInfo (RoleInfo.java:updateAndGet(143)) - 24020d0b-ce61-4f5a-b0b0-c561541e8cd4: start FollowerState
2019-10-17 07:43:40,739 [Thread-2125] INFO  impl.FollowerState (FollowerState.java:run(117)) - 24020d0b-ce61-4f5a-b0b0-c561541e8cd4@group-A9EE991D717F-FollowerState was interrupted: java.lang.InterruptedException: sleep interrupted
2019-10-17 07:43:40,762 [2a93f7e5-ecb9-41da-9c47-70e13ba76d7d@group-A9EE991D717F-LeaderElection258] INFO  impl.LeaderElection (LeaderElection.java:logAndReturn(56)) - 2a93f7e5-ecb9-41da-9c47-70e13ba76d7d@group-A9EE991D717F-LeaderElection258: Election REJECTED; received 2 response(s) [2a93f7e5-ecb9-41da-9c47-70e13ba76d7d<-37bd8e8c-ea68-4b1c-8659-8d001c4f3b5c#0:FAIL-t273, 2a93f7e5-ecb9-41da-9c47-70e13ba76d7d<-24020d0b-ce61-4f5a-b0b0-c561541e8cd4#0:FAIL-t273] and 0 exception(s); 2a93f7e5-ecb9-41da-9c47-70e13ba76d7d@group-A9EE991D717F:t273, leader=null, voted=2a93f7e5-ecb9-41da-9c47-70e13ba76d7d, raftlog=2a93f7e5-ecb9-41da-9c47-70e13ba76d7d@group-A9EE991D717F-SegmentedRaftLog:OPENED:c-1,f0,i0, conf=0: [37bd8e8c-ea68-4b1c-8659-8d001c4f3b5c:192.168.34.62:41632, 24020d0b-ce61-4f5a-b0b0-c561541e8cd4:192.168.34.62:42892, 2a93f7e5-ecb9-41da-9c47-70e13ba76d7d:192.168.34.62:35412], old=null
2019-10-17 07:43:40,762 [2a93f7e5-ecb9-41da-9c47-70e13ba76d7d@group-A9EE991D717F-LeaderElection258] INFO  impl.RaftServerImpl (RaftServerImpl.java:setRole(184)) - 2a93f7e5-ecb9-41da-9c47-70e13ba76d7d@group-A9EE991D717F: changes role from CANDIDATE to FOLLOWER at term 273 for DISCOVERED_A_NEW_TERM
2019-10-17 07:43:40,763 [2a93f7e5-ecb9-41da-9c47-70e13ba76d7d@group-A9EE991D717F-LeaderElection258] INFO  impl.RoleInfo (RoleInfo.java:shutdownLeaderElection(134)) - 2a93f7e5-ecb9-41da-9c47-70e13ba76d7d: shutdown LeaderElection
2019-10-17 07:43:40,763 [2a93f7e5-ecb9-41da-9c47-70e13ba76d7d@group-A9EE991D717F-LeaderElection258] INFO  impl.RoleInfo (RoleInfo.java:updateAndGet(143)) - 2a93f7e5-ecb9-41da-9c47-70e13ba76d7d: start FollowerState
2019-10-17 07:43:40,780 [Thread-2131] INFO  impl.FollowerState (FollowerState.java:run(108)) - 2a93f7e5-ecb9-41da-9c47-70e13ba76d7d@group-A9EE991D717F-FollowerState: change to CANDIDATE, lastRpcTime:17ms, electionTimeout:17ms
2019-10-17 07:43:40,780 [Thread-2131] INFO  impl.RoleInfo (RoleInfo.java:shutdownFollowerState(121)) - 2a93f7e5-ecb9-41da-9c47-70e13ba76d7d: shutdown FollowerState
2019-10-17 07:43:40,780 [Thread-2131] INFO  impl.RaftServerImpl (RaftServerImpl.java:setRole(184)) - 2a93f7e5-ecb9-41da-9c47-70e13ba76d7d@group-A9EE991D717F: changes role from  FOLLOWER to CANDIDATE at term 273 for changeToCandidate
2019-10-17 07:43:40,781 [Thread-2131] INFO  impl.RoleInfo (RoleInfo.java:updateAndGet(143)) - 2a93f7e5-ecb9-41da-9c47-70e13ba76d7d: start LeaderElection
2019-10-17 07:43:40,805 [2a93f7e5-ecb9-41da-9c47-70e13ba76d7d@group-A9EE991D717F-LeaderElection259] INFO  impl.LeaderElection (LeaderElection.java:askForVotes(178)) - 2a93f7e5-ecb9-41da-9c47-70e13ba76d7d@group-A9EE991D717F-LeaderElection259: begin an election at term 274 for 0: [37bd8e8c-ea68-4b1c-8659-8d001c4f3b5c:192.168.34.62:41632, 24020d0b-ce61-4f5a-b0b0-c561541e8cd4:192.168.34.62:42892, 2a93f7e5-ecb9-41da-9c47-70e13ba76d7d:192.168.34.62:35412], old=null
2019-10-17 07:43:40,806 [grpc-default-executor-1] INFO  impl.RaftServerImpl (RaftServerImpl.java:setRole(184)) - 37bd8e8c-ea68-4b1c-8659-8d001c4f3b5c@group-A9EE991D717F: changes role from  FOLLOWER to FOLLOWER at term 274 for recognizeCandidate:2a93f7e5-ecb9-41da-9c47-70e13ba76d7d
2019-10-17 07:43:40,806 [grpc-default-executor-0] INFO  impl.RaftServerImpl (RaftServerImpl.java:setRole(184)) - 24020d0b-ce61-4f5a-b0b0-c561541e8cd4@group-A9EE991D717F: changes role from  FOLLOWER to FOLLOWER at term 274 for recognizeCandidate:2a93f7e5-ecb9-41da-9c47-70e13ba76d7d
2019-10-17 07:43:40,807 [grpc-default-executor-1] INFO  impl.RoleInfo (RoleInfo.java:shutdownFollowerState(121)) - 37bd8e8c-ea68-4b1c-8659-8d001c4f3b5c: shutdown FollowerState
2019-10-17 07:43:40,807 [grpc-default-executor-0] INFO  impl.RoleInfo (RoleInfo.java:shutdownFollowerState(121)) - 24020d0b-ce61-4f5a-b0b0-c561541e8cd4: shutdown FollowerState
2019-10-17 07:43:40,807 [Thread-2129] INFO  impl.FollowerState (FollowerState.java:run(117)) - 37bd8e8c-ea68-4b1c-8659-8d001c4f3b5c@group-A9EE991D717F-FollowerState was interrupted: java.lang.InterruptedException: sleep interrupted
2019-10-17 07:43:40,807 [grpc-default-executor-1] INFO  impl.RoleInfo (RoleInfo.java:updateAndGet(143)) - 37bd8e8c-ea68-4b1c-8659-8d001c4f3b5c: start FollowerState
2019-10-17 07:43:40,807 [Thread-2130] INFO  impl.FollowerState (FollowerState.java:run(117)) - 24020d0b-ce61-4f5a-b0b0-c561541e8cd4@group-A9EE991D717F-FollowerState was interrupted: java.lang.InterruptedException: sleep interrupted
2019-10-17 07:43:40,807 [grpc-default-executor-0] INFO  impl.RoleInfo (RoleInfo.java:updateAndGet(143)) - 24020d0b-ce61-4f5a-b0b0-c561541e8cd4: start FollowerState
2019-10-17 07:43:40,831 [2a93f7e5-ecb9-41da-9c47-70e13ba76d7d@group-A9EE991D717F-LeaderElection259] INFO  impl.LeaderElection (LeaderElection.java:logAndReturn(56)) - 2a93f7e5-ecb9-41da-9c47-70e13ba76d7d@group-A9EE991D717F-LeaderElection259: Election REJECTED; received 2 response(s) [2a93f7e5-ecb9-41da-9c47-70e13ba76d7d<-37bd8e8c-ea68-4b1c-8659-8d001c4f3b5c#0:FAIL-t274, 2a93f7e5-ecb9-41da-9c47-70e13ba76d7d<-24020d0b-ce61-4f5a-b0b0-c561541e8cd4#0:FAIL-t274] and 0 exception(s); 2a93f7e5-ecb9-41da-9c47-70e13ba76d7d@group-A9EE991D717F:t274, leader=null, voted=2a93f7e5-ecb9-41da-9c47-70e13ba76d7d, raftlog=2a93f7e5-ecb9-41da-9c47-70e13ba76d7d@group-A9EE991D717F-SegmentedRaftLog:OPENED:c-1,f0,i0, conf=0: [37bd8e8c-ea68-4b1c-8659-8d001c4f3b5c:192.168.34.62:41632, 24020d0b-ce61-4f5a-b0b0-c561541e8cd4:192.168.34.62:42892, 2a93f7e5-ecb9-41da-9c47-70e13ba76d7d:192.168.34.62:35412], old=null
2019-10-17 07:43:40,832 [2a93f7e5-ecb9-41da-9c47-70e13ba76d7d@group-A9EE991D717F-LeaderElection259] INFO  impl.RaftServerImpl (RaftServerImpl.java:setRole(184)) - 2a93f7e5-ecb9-41da-9c47-70e13ba76d7d@group-A9EE991D717F: changes role from CANDIDATE to FOLLOWER at term 274 for DISCOVERED_A_NEW_TERM
2019-10-17 07:43:40,832 [2a93f7e5-ecb9-41da-9c47-70e13ba76d7d@group-A9EE991D717F-LeaderElection259] INFO  impl.RoleInfo (RoleInfo.java:shutdownLeaderElection(134)) - 2a93f7e5-ecb9-41da-9c47-70e13ba76d7d: shutdown LeaderElection
2019-10-17 07:43:40,832 [2a93f7e5-ecb9-41da-9c47-70e13ba76d7d@group-A9EE991D717F-LeaderElection259] INFO  impl.RoleInfo (RoleInfo.java:updateAndGet(143)) - 2a93f7e5-ecb9-41da-9c47-70e13ba76d7d: start FollowerState
2019-10-17 07:43:40,932 [Thread-2137] INFO  impl.FollowerState (FollowerState.java:run(108)) - 2a93f7e5-ecb9-41da-9c47-70e13ba76d7d@group-A9EE991D717F-FollowerState: change to CANDIDATE, lastRpcTime:100ms, electionTimeout:100ms
2019-10-17 07:43:40,932 [Thread-2137] INFO  impl.RoleInfo (RoleInfo.java:shutdownFollowerState(121)) - 2a93f7e5-ecb9-41da-9c47-70e13ba76d7d: shutdown FollowerState
2019-10-17 07:43:40,932 [Thread-2137] INFO  impl.RaftServerImpl (RaftServerImpl.java:setRole(184)) - 2a93f7e5-ecb9-41da-9c47-70e13ba76d7d@group-A9EE991D717F: changes role from  FOLLOWER to CANDIDATE at term 274 for changeToCandidate
2019-10-17 07:43:40,933 [Thread-2137] INFO  impl.RoleInfo (RoleInfo.java:updateAndGet(143)) - 2a93f7e5-ecb9-41da-9c47-70e13ba76d7d: start LeaderElection
2019-10-17 07:43:40,956 [2a93f7e5-ecb9-41da-9c47-70e13ba76d7d@group-A9EE991D717F-LeaderElection260] INFO  impl.LeaderElection (LeaderElection.java:askForVotes(178)) - 2a93f7e5-ecb9-41da-9c47-70e13ba76d7d@group-A9EE991D717F-LeaderElection260: begin an election at term 275 for 0: [37bd8e8c-ea68-4b1c-8659-8d001c4f3b5c:192.168.34.62:41632, 24020d0b-ce61-4f5a-b0b0-c561541e8cd4:192.168.34.62:42892, 2a93f7e5-ecb9-41da-9c47-70e13ba76d7d:192.168.34.62:35412], old=null
2019-10-17 07:43:40,959 [grpc-default-executor-1] INFO  impl.RaftServerImpl (RaftServerImpl.java:setRole(184)) - 24020d0b-ce61-4f5a-b0b0-c561541e8cd4@group-A9EE991D717F: changes role from  FOLLOWER to FOLLOWER at term 275 for recognizeCandidate:2a93f7e5-ecb9-41da-9c47-70e13ba76d7d
2019-10-17 07:43:40,960 [grpc-default-executor-1] INFO  impl.RoleInfo (RoleInfo.java:shutdownFollowerState(121)) - 24020d0b-ce61-4f5a-b0b0-c561541e8cd4: shutdown FollowerState
2019-10-17 07:43:40,960 [grpc-default-executor-1] INFO  impl.RoleInfo (RoleInfo.java:updateAndGet(143)) - 24020d0b-ce61-4f5a-b0b0-c561541e8cd4: start FollowerState
2019-10-17 07:43:40,960 [Thread-2136] INFO  impl.FollowerState (FollowerState.java:run(117)) - 24020d0b-ce61-4f5a-b0b0-c561541e8cd4@group-A9EE991D717F-FollowerState was interrupted: java.lang.InterruptedException: sleep interrupted
2019-10-17 07:43:40,962 [grpc-default-executor-0] INFO  impl.RaftServerImpl (RaftServerImpl.java:setRole(184)) - 37bd8e8c-ea68-4b1c-8659-8d001c4f3b5c@group-A9EE991D717F: changes role from  FOLLOWER to FOLLOWER at term 275 for recognizeCandidate:2a93f7e5-ecb9-41da-9c47-70e13ba76d7d
2019-10-17 07:43:40,962 [grpc-default-executor-0] INFO  impl.RoleInfo (RoleInfo.java:shutdownFollowerState(121)) - 37bd8e8c-ea68-4b1c-8659-8d001c4f3b5c: shutdown FollowerState
2019-10-17 07:43:40,963 [grpc-default-executor-0] INFO  impl.RoleInfo (RoleInfo.java:updateAndGet(143)) - 37bd8e8c-ea68-4b1c-8659-8d001c4f3b5c: start FollowerState
2019-10-17 07:43:40,963 [Thread-2135] INFO  impl.FollowerState (FollowerState.java:run(117)) - 37bd8e8c-ea68-4b1c-8659-8d001c4f3b5c@group-A9EE991D717F-FollowerState was interrupted: java.lang.InterruptedException: sleep interrupted
2019-10-17 07:43:40,982 [2a93f7e5-ecb9-41da-9c47-70e13ba76d7d@group-A9EE991D717F-LeaderElection260] INFO  impl.LeaderElection (LeaderElection.java:logAndReturn(56)) - 2a93f7e5-ecb9-41da-9c47-70e13ba76d7d@group-A9EE991D717F-LeaderElection260: Election REJECTED; received 2 response(s) [2a93f7e5-ecb9-41da-9c47-70e13ba76d7d<-37bd8e8c-ea68-4b1c-8659-8d001c4f3b5c#0:FAIL-t275, 2a93f7e5-ecb9-41da-9c47-70e13ba76d7d<-24020d0b-ce61-4f5a-b0b0-c561541e8cd4#0:FAIL-t275] and 0 exception(s); 2a93f7e5-ecb9-41da-9c47-70e13ba76d7d@group-A9EE991D717F:t275, leader=null, voted=2a93f7e5-ecb9-41da-9c47-70e13ba76d7d, raftlog=2a93f7e5-ecb9-41da-9c47-70e13ba76d7d@group-A9EE991D717F-SegmentedRaftLog:OPENED:c-1,f0,i0, conf=0: [37bd8e8c-ea68-4b1c-8659-8d001c4f3b5c:192.168.34.62:41632, 24020d0b-ce61-4f5a-b0b0-c561541e8cd4:192.168.34.62:42892, 2a93f7e5-ecb9-41da-9c47-70e13ba76d7d:192.168.34.62:35412], old=null
2019-10-17 07:43:40,983 [2a93f7e5-ecb9-41da-9c47-70e13ba76d7d@group-A9EE991D717F-LeaderElection260] INFO  impl.RaftServerImpl (RaftServerImpl.java:setRole(184)) - 2a93f7e5-ecb9-41da-9c47-70e13ba76d7d@group-A9EE991D717F: changes role from CANDIDATE to FOLLOWER at term 275 for DISCOVERED_A_NEW_TERM
2019-10-17 07:43:40,983 [2a93f7e5-ecb9-41da-9c47-70e13ba76d7d@group-A9EE991D717F-LeaderElection260] INFO  impl.RoleInfo (RoleInfo.java:shutdownLeaderElection(134)) - 2a93f7e5-ecb9-41da-9c47-70e13ba76d7d: shutdown LeaderElection
2019-10-17 07:43:40,983 [2a93f7e5-ecb9-41da-9c47-70e13ba76d7d@group-A9EE991D717F-LeaderElection260] INFO  impl.RoleInfo (RoleInfo.java:updateAndGet(143)) - 2a93f7e5-ecb9-41da-9c47-70e13ba76d7d: start FollowerState
2019-10-17 07:43:41,071 [Thread-2143] INFO  impl.FollowerState (FollowerState.java:run(108)) - 2a93f7e5-ecb9-41da-9c47-70e13ba76d7d@group-A9EE991D717F-FollowerState: change to CANDIDATE, lastRpcTime:87ms, electionTimeout:87ms
2019-10-17 07:43:41,071 [Thread-2143] INFO  impl.RoleInfo (RoleInfo.java:shutdownFollowerState(121)) - 2a93f7e5-ecb9-41da-9c47-70e13ba76d7d: shutdown FollowerState
2019-10-17 07:43:41,071 [Thread-2143] INFO  impl.RaftServerImpl (RaftServerImpl.java:setRole(184)) - 2a93f7e5-ecb9-41da-9c47-70e13ba76d7d@group-A9EE991D717F: changes role from  FOLLOWER to CANDIDATE at term 275 for changeToCandidate
2019-10-17 07:43:41,071 [Thread-2143] INFO  impl.RoleInfo (RoleInfo.java:updateAndGet(143)) - 2a93f7e5-ecb9-41da-9c47-70e13ba76d7d: start LeaderElection
2019-10-17 07:43:41,096 [2a93f7e5-ecb9-41da-9c47-70e13ba76d7d@group-A9EE991D717F-LeaderElection261] INFO  impl.LeaderElection (LeaderElection.java:askForVotes(178)) - 2a93f7e5-ecb9-41da-9c47-70e13ba76d7d@group-A9EE991D717F-LeaderElection261: begin an election at term 276 for 0: [37bd8e8c-ea68-4b1c-8659-8d001c4f3b5c:192.168.34.62:41632, 24020d0b-ce61-4f5a-b0b0-c561541e8cd4:192.168.34.62:42892, 2a93f7e5-ecb9-41da-9c47-70e13ba76d7d:192.168.34.62:35412], old=null
2019-10-17 07:43:41,099 [grpc-default-executor-1] INFO  impl.RaftServerImpl (RaftServerImpl.java:setRole(184)) - 37bd8e8c-ea68-4b1c-8659-8d001c4f3b5c@group-A9EE991D717F: changes role from  FOLLOWER to FOLLOWER at term 276 for recognizeCandidate:2a93f7e5-ecb9-41da-9c47-70e13ba76d7d
2019-10-17 07:43:41,099 [grpc-default-executor-0] INFO  impl.RaftServerImpl (RaftServerImpl.java:setRole(184)) - 24020d0b-ce61-4f5a-b0b0-c561541e8cd4@group-A9EE991D717F: changes role from  FOLLOWER to FOLLOWER at term 276 for recognizeCandidate:2a93f7e5-ecb9-41da-9c47-70e13ba76d7d
2019-10-17 07:43:41,099 [grpc-default-executor-1] INFO  impl.RoleInfo (RoleInfo.java:shutdownFollowerState(121)) - 37bd8e8c-ea68-4b1c-8659-8d001c4f3b5c: shutdown FollowerState
2019-10-17 07:43:41,099 [grpc-default-executor-0] INFO  impl.RoleInfo (RoleInfo.java:shutdownFollowerState(121)) - 24020d0b-ce61-4f5a-b0b0-c561541e8cd4: shutdown FollowerState
2019-10-17 07:43:41,100 [Thread-2142] INFO  impl.FollowerState (FollowerState.java:run(117)) - 37bd8e8c-ea68-4b1c-8659-8d001c4f3b5c@group-A9EE991D717F-FollowerState was interrupted: java.lang.InterruptedException: sleep interrupted
2019-10-17 07:43:41,100 [Thread-2141] INFO  impl.FollowerState (FollowerState.java:run(117)) - 24020d0b-ce61-4f5a-b0b0-c561541e8cd4@group-A9EE991D717F-FollowerState was interrupted: java.lang.InterruptedException: sleep interrupted
2019-10-17 07:43:41,099 [grpc-default-executor-1] INFO  impl.RoleInfo (RoleInfo.java:updateAndGet(143)) - 37bd8e8c-ea68-4b1c-8659-8d001c4f3b5c: start FollowerState
2019-10-17 07:43:41,100 [grpc-default-executor-0] INFO  impl.RoleInfo (RoleInfo.java:updateAndGet(143)) - 24020d0b-ce61-4f5a-b0b0-c561541e8cd4: start FollowerState
2019-10-17 07:43:41,136 [2a93f7e5-ecb9-41da-9c47-70e13ba76d7d@group-A9EE991D717F-LeaderElection261] INFO  impl.LeaderElection (LeaderElection.java:logAndReturn(56)) - 2a93f7e5-ecb9-41da-9c47-70e13ba76d7d@group-A9EE991D717F-LeaderElection261: Election REJECTED; received 2 response(s) [2a93f7e5-ecb9-41da-9c47-70e13ba76d7d<-37bd8e8c-ea68-4b1c-8659-8d001c4f3b5c#0:FAIL-t276, 2a93f7e5-ecb9-41da-9c47-70e13ba76d7d<-24020d0b-ce61-4f5a-b0b0-c561541e8cd4#0:FAIL-t276] and 0 exception(s); 2a93f7e5-ecb9-41da-9c47-70e13ba76d7d@group-A9EE991D717F:t276, leader=null, voted=2a93f7e5-ecb9-41da-9c47-70e13ba76d7d, raftlog=2a93f7e5-ecb9-41da-9c47-70e13ba76d7d@group-A9EE991D717F-SegmentedRaftLog:OPENED:c-1,f0,i0, conf=0: [37bd8e8c-ea68-4b1c-8659-8d001c4f3b5c:192.168.34.62:41632, 24020d0b-ce61-4f5a-b0b0-c561541e8cd4:192.168.34.62:42892, 2a93f7e5-ecb9-41da-9c47-70e13ba76d7d:192.168.34.62:35412], old=null
2019-10-17 07:43:41,136 [2a93f7e5-ecb9-41da-9c47-70e13ba76d7d@group-A9EE991D717F-LeaderElection261] INFO  impl.RaftServerImpl (RaftServerImpl.java:setRole(184)) - 2a93f7e5-ecb9-41da-9c47-70e13ba76d7d@group-A9EE991D717F: changes role from CANDIDATE to FOLLOWER at term 276 for DISCOVERED_A_NEW_TERM
2019-10-17 07:43:41,136 [2a93f7e5-ecb9-41da-9c47-70e13ba76d7d@group-A9EE991D717F-LeaderElection261] INFO  impl.RoleInfo (RoleInfo.java:shutdownLeaderElection(134)) - 2a93f7e5-ecb9-41da-9c47-70e13ba76d7d: shutdown LeaderElection
2019-10-17 07:43:41,137 [2a93f7e5-ecb9-41da-9c47-70e13ba76d7d@group-A9EE991D717F-LeaderElection261] INFO  impl.RoleInfo (RoleInfo.java:updateAndGet(143)) - 2a93f7e5-ecb9-41da-9c47-70e13ba76d7d: start FollowerState
2019-10-17 07:43:41,233 [Thread-2149] INFO  impl.FollowerState (FollowerState.java:run(108)) - 2a93f7e5-ecb9-41da-9c47-70e13ba76d7d@group-A9EE991D717F-FollowerState: change to CANDIDATE, lastRpcTime:96ms, electionTimeout:96ms
2019-10-17 07:43:41,233 [Thread-2149] INFO  impl.RoleInfo (RoleInfo.java:shutdownFollowerState(121)) - 2a93f7e5-ecb9-41da-9c47-70e13ba76d7d: shutdown FollowerState
2019-10-17 07:43:41,233 [Thread-2149] INFO  impl.RaftServerImpl (RaftServerImpl.java:setRole(184)) - 2a93f7e5-ecb9-41da-9c47-70e13ba76d7d@group-A9EE991D717F: changes role from  FOLLOWER to CANDIDATE at term 276 for changeToCandidate
2019-10-17 07:43:41,234 [Thread-2149] INFO  impl.RoleInfo (RoleInfo.java:updateAndGet(143)) - 2a93f7e5-ecb9-41da-9c47-70e13ba76d7d: start LeaderElection
2019-10-17 07:43:41,261 [2a93f7e5-ecb9-41da-9c47-70e13ba76d7d@group-A9EE991D717F-LeaderElection262] INFO  impl.LeaderElection (LeaderElection.java:askForVotes(178)) - 2a93f7e5-ecb9-41da-9c47-70e13ba76d7d@group-A9EE991D717F-LeaderElection262: begin an election at term 277 for 0: [37bd8e8c-ea68-4b1c-8659-8d001c4f3b5c:192.168.34.62:41632, 24020d0b-ce61-4f5a-b0b0-c561541e8cd4:192.168.34.62:42892, 2a93f7e5-ecb9-41da-9c47-70e13ba76d7d:192.168.34.62:35412], old=null
2019-10-17 07:43:41,262 [grpc-default-executor-0] INFO  impl.RaftServerImpl (RaftServerImpl.java:setRole(184)) - 37bd8e8c-ea68-4b1c-8659-8d001c4f3b5c@group-A9EE991D717F: changes role from  FOLLOWER to FOLLOWER at term 277 for recognizeCandidate:2a93f7e5-ecb9-41da-9c47-70e13ba76d7d
2019-10-17 07:43:41,263 [grpc-default-executor-0] INFO  impl.RoleInfo (RoleInfo.java:shutdownFollowerState(121)) - 37bd8e8c-ea68-4b1c-8659-8d001c4f3b5c: shutdown FollowerState
2019-10-17 07:43:41,263 [grpc-default-executor-1] INFO  impl.RaftServerImpl (RaftServerImpl.java:setRole(184)) - 24020d0b-ce61-4f5a-b0b0-c561541e8cd4@group-A9EE991D717F: changes role from  FOLLOWER to FOLLOWER at term 277 for recognizeCandidate:2a93f7e5-ecb9-41da-9c47-70e13ba76d7d
2019-10-17 07:43:41,263 [grpc-default-executor-1] INFO  impl.RoleInfo (RoleInfo.java:shutdownFollowerState(121)) - 24020d0b-ce61-4f5a-b0b0-c561541e8cd4: shutdown FollowerState
2019-10-17 07:43:41,263 [Thread-2147] INFO  impl.FollowerState (FollowerState.java:run(117)) - 37bd8e8c-ea68-4b1c-8659-8d001c4f3b5c@group-A9EE991D717F-FollowerState was interrupted: java.lang.InterruptedException: sleep interrupted
2019-10-17 07:43:41,263 [grpc-default-executor-0] INFO  impl.RoleInfo (RoleInfo.java:updateAndGet(143)) - 37bd8e8c-ea68-4b1c-8659-8d001c4f3b5c: start FollowerState
2019-10-17 07:43:41,263 [Thread-2148] INFO  impl.FollowerState (FollowerState.java:run(117)) - 24020d0b-ce61-4f5a-b0b0-c561541e8cd4@group-A9EE991D717F-FollowerState was interrupted: java.lang.InterruptedException: sleep interrupted
2019-10-17 07:43:41,263 [grpc-default-executor-1] INFO  impl.RoleInfo (RoleInfo.java:updateAndGet(143)) - 24020d0b-ce61-4f5a-b0b0-c561541e8cd4: start FollowerState
2019-10-17 07:43:41,288 [2a93f7e5-ecb9-41da-9c47-70e13ba76d7d@group-A9EE991D717F-LeaderElection262] INFO  impl.LeaderElection (LeaderElection.java:logAndReturn(56)) - 2a93f7e5-ecb9-41da-9c47-70e13ba76d7d@group-A9EE991D717F-LeaderElection262: Election REJECTED; received 2 response(s) [2a93f7e5-ecb9-41da-9c47-70e13ba76d7d<-37bd8e8c-ea68-4b1c-8659-8d001c4f3b5c#0:FAIL-t277, 2a93f7e5-ecb9-41da-9c47-70e13ba76d7d<-24020d0b-ce61-4f5a-b0b0-c561541e8cd4#0:FAIL-t277] and 0 exception(s); 2a93f7e5-ecb9-41da-9c47-70e13ba76d7d@group-A9EE991D717F:t277, leader=null, voted=2a93f7e5-ecb9-41da-9c47-70e13ba76d7d, raftlog=2a93f7e5-ecb9-41da-9c47-70e13ba76d7d@group-A9EE991D717F-SegmentedRaftLog:OPENED:c-1,f0,i0, conf=0: [37bd8e8c-ea68-4b1c-8659-8d001c4f3b5c:192.168.34.62:41632, 24020d0b-ce61-4f5a-b0b0-c561541e8cd4:192.168.34.62:42892, 2a93f7e5-ecb9-41da-9c47-70e13ba76d7d:192.168.34.62:35412], old=null
2019-10-17 07:43:41,288 [2a93f7e5-ecb9-41da-9c47-70e13ba76d7d@group-A9EE991D717F-LeaderElection262] INFO  impl.RaftServerImpl (RaftServerImpl.java:setRole(184)) - 2a93f7e5-ecb9-41da-9c47-70e13ba76d7d@group-A9EE991D717F: changes role from CANDIDATE to FOLLOWER at term 277 for DISCOVERED_A_NEW_TERM
2019-10-17 07:43:41,288 [2a93f7e5-ecb9-41da-9c47-70e13ba76d7d@group-A9EE991D717F-LeaderElection262] INFO  impl.RoleInfo (RoleInfo.java:shutdownLeaderElection(134)) - 2a93f7e5-ecb9-41da-9c47-70e13ba76d7d: shutdown LeaderElection
2019-10-17 07:43:41,288 [2a93f7e5-ecb9-41da-9c47-70e13ba76d7d@group-A9EE991D717F-LeaderElection262] INFO  impl.RoleInfo (RoleInfo.java:updateAndGet(143)) - 2a93f7e5-ecb9-41da-9c47-70e13ba76d7d: start FollowerState
2019-10-17 07:43:41,443 [Thread-2155] INFO  impl.FollowerState (FollowerState.java:run(108)) - 2a93f7e5-ecb9-41da-9c47-70e13ba76d7d@group-A9EE991D717F-FollowerState: change to CANDIDATE, lastRpcTime:155ms, electionTimeout:155ms
2019-10-17 07:43:41,444 [Thread-2155] INFO  impl.RoleInfo (RoleInfo.java:shutdownFollowerState(121)) - 2a93f7e5-ecb9-41da-9c47-70e13ba76d7d: shutdown FollowerState
2019-10-17 07:43:41,444 [Thread-2155] INFO  impl.RaftServerImpl (RaftServerImpl.java:setRole(184)) - 2a93f7e5-ecb9-41da-9c47-70e13ba76d7d@group-A9EE991D717F: changes role from  FOLLOWER to CANDIDATE at term 277 for changeToCandidate
2019-10-17 07:43:41,444 [Thread-2155] INFO  impl.RoleInfo (RoleInfo.java:updateAndGet(143)) - 2a93f7e5-ecb9-41da-9c47-70e13ba76d7d: start LeaderElection
2019-10-17 07:43:41,471 [2a93f7e5-ecb9-41da-9c47-70e13ba76d7d@group-A9EE991D717F-LeaderElection263] INFO  impl.LeaderElection (LeaderElection.java:askForVotes(178)) - 2a93f7e5-ecb9-41da-9c47-70e13ba76d7d@group-A9EE991D717F-LeaderElection263: begin an election at term 278 for 0: [37bd8e8c-ea68-4b1c-8659-8d001c4f3b5c:192.168.34.62:41632, 24020d0b-ce61-4f5a-b0b0-c561541e8cd4:192.168.34.62:42892, 2a93f7e5-ecb9-41da-9c47-70e13ba76d7d:192.168.34.62:35412], old=null
2019-10-17 07:43:41,473 [grpc-default-executor-1] INFO  impl.RaftServerImpl (RaftServerImpl.java:setRole(184)) - 37bd8e8c-ea68-4b1c-8659-8d001c4f3b5c@group-A9EE991D717F: changes role from  FOLLOWER to FOLLOWER at term 278 for recognizeCandidate:2a93f7e5-ecb9-41da-9c47-70e13ba76d7d
2019-10-17 07:43:41,473 [grpc-default-executor-1] INFO  impl.RoleInfo (RoleInfo.java:shutdownFollowerState(121)) - 37bd8e8c-ea68-4b1c-8659-8d001c4f3b5c: shutdown FollowerState
2019-10-17 07:43:41,473 [grpc-default-executor-0] INFO  impl.RaftServerImpl (RaftServerImpl.java:setRole(184)) - 24020d0b-ce61-4f5a-b0b0-c561541e8cd4@group-A9EE991D717F: changes role from  FOLLOWER to FOLLOWER at term 278 for recognizeCandidate:2a93f7e5-ecb9-41da-9c47-70e13ba76d7d
2019-10-17 07:43:41,473 [Thread-2153] INFO  impl.FollowerState (FollowerState.java:run(117)) - 37bd8e8c-ea68-4b1c-8659-8d001c4f3b5c@group-A9EE991D717F-FollowerState was interrupted: java.lang.InterruptedException: sleep interrupted
2019-10-17 07:43:41,473 [grpc-default-executor-1] INFO  impl.RoleInfo (RoleInfo.java:updateAndGet(143)) - 37bd8e8c-ea68-4b1c-8659-8d001c4f3b5c: start FollowerState
2019-10-17 07:43:41,473 [grpc-default-executor-0] INFO  impl.RoleInfo (RoleInfo.java:shutdownFollowerState(121)) - 24020d0b-ce61-4f5a-b0b0-c561541e8cd4: shutdown FollowerState
2019-10-17 07:43:41,474 [grpc-default-executor-0] INFO  impl.RoleInfo (RoleInfo.java:updateAndGet(143)) - 24020d0b-ce61-4f5a-b0b0-c561541e8cd4: start FollowerState
2019-10-17 07:43:41,474 [Thread-2154] INFO  impl.FollowerState (FollowerState.java:run(117)) - 24020d0b-ce61-4f5a-b0b0-c561541e8cd4@group-A9EE991D717F-FollowerState was interrupted: java.lang.InterruptedException: sleep interrupted
2019-10-17 07:43:41,487 [2a93f7e5-ecb9-41da-9c47-70e13ba76d7d@group-A9EE991D717F-LeaderElection263] INFO  impl.LeaderElection (LeaderElection.java:logAndReturn(56)) - 2a93f7e5-ecb9-41da-9c47-70e13ba76d7d@group-A9EE991D717F-LeaderElection263: Election REJECTED; received 2 response(s) [2a93f7e5-ecb9-41da-9c47-70e13ba76d7d<-37bd8e8c-ea68-4b1c-8659-8d001c4f3b5c#0:FAIL-t278, 2a93f7e5-ecb9-41da-9c47-70e13ba76d7d<-24020d0b-ce61-4f5a-b0b0-c561541e8cd4#0:FAIL-t278] and 0 exception(s); 2a93f7e5-ecb9-41da-9c47-70e13ba76d7d@group-A9EE991D717F:t278, leader=null, voted=2a93f7e5-ecb9-41da-9c47-70e13ba76d7d, raftlog=2a93f7e5-ecb9-41da-9c47-70e13ba76d7d@group-A9EE991D717F-SegmentedRaftLog:OPENED:c-1,f0,i0, conf=0: [37bd8e8c-ea68-4b1c-8659-8d001c4f3b5c:192.168.34.62:41632, 24020d0b-ce61-4f5a-b0b0-c561541e8cd4:192.168.34.62:42892, 2a93f7e5-ecb9-41da-9c47-70e13ba76d7d:192.168.34.62:35412], old=null
2019-10-17 07:43:41,487 [2a93f7e5-ecb9-41da-9c47-70e13ba76d7d@group-A9EE991D717F-LeaderElection263] INFO  impl.RaftServerImpl (RaftServerImpl.java:setRole(184)) - 2a93f7e5-ecb9-41da-9c47-70e13ba76d7d@group-A9EE991D717F: changes role from CANDIDATE to FOLLOWER at term 278 for DISCOVERED_A_NEW_TERM
2019-10-17 07:43:41,488 [2a93f7e5-ecb9-41da-9c47-70e13ba76d7d@group-A9EE991D717F-LeaderElection263] INFO  impl.RoleInfo (RoleInfo.java:shutdownLeaderElection(134)) - 2a93f7e5-ecb9-41da-9c47-70e13ba76d7d: shutdown LeaderElection
2019-10-17 07:43:41,488 [2a93f7e5-ecb9-41da-9c47-70e13ba76d7d@group-A9EE991D717F-LeaderElection263] INFO  impl.RoleInfo (RoleInfo.java:updateAndGet(143)) - 2a93f7e5-ecb9-41da-9c47-70e13ba76d7d: start FollowerState
2019-10-17 07:43:41,686 [Thread-2161] INFO  impl.FollowerState (FollowerState.java:run(108)) - 2a93f7e5-ecb9-41da-9c47-70e13ba76d7d@group-A9EE991D717F-FollowerState: change to CANDIDATE, lastRpcTime:198ms, electionTimeout:198ms
2019-10-17 07:43:41,686 [Thread-2161] INFO  impl.RoleInfo (RoleInfo.java:shutdownFollowerState(121)) - 2a93f7e5-ecb9-41da-9c47-70e13ba76d7d: shutdown FollowerState
2019-10-17 07:43:41,686 [Thread-2161] INFO  impl.RaftServerImpl (RaftServerImpl.java:setRole(184)) - 2a93f7e5-ecb9-41da-9c47-70e13ba76d7d@group-A9EE991D717F: changes role from  FOLLOWER to CANDIDATE at term 278 for changeToCandidate
2019-10-17 07:43:41,687 [Thread-2161] INFO  impl.RoleInfo (RoleInfo.java:updateAndGet(143)) - 2a93f7e5-ecb9-41da-9c47-70e13ba76d7d: start LeaderElection
2019-10-17 07:43:41,712 [2a93f7e5-ecb9-41da-9c47-70e13ba76d7d@group-A9EE991D717F-LeaderElection264] INFO  impl.LeaderElection (LeaderElection.java:askForVotes(178)) - 2a93f7e5-ecb9-41da-9c47-70e13ba76d7d@group-A9EE991D717F-LeaderElection264: begin an election at term 279 for 0: [37bd8e8c-ea68-4b1c-8659-8d001c4f3b5c:192.168.34.62:41632, 24020d0b-ce61-4f5a-b0b0-c561541e8cd4:192.168.34.62:42892, 2a93f7e5-ecb9-41da-9c47-70e13ba76d7d:192.168.34.62:35412], old=null
2019-10-17 07:43:41,715 [grpc-default-executor-0] INFO  impl.RaftServerImpl (RaftServerImpl.java:setRole(184)) - 24020d0b-ce61-4f5a-b0b0-c561541e8cd4@group-A9EE991D717F: changes role from  FOLLOWER to FOLLOWER at term 279 for recognizeCandidate:2a93f7e5-ecb9-41da-9c47-70e13ba76d7d
2019-10-17 07:43:41,715 [grpc-default-executor-1] INFO  impl.RaftServerImpl (RaftServerImpl.java:setRole(184)) - 37bd8e8c-ea68-4b1c-8659-8d001c4f3b5c@group-A9EE991D717F: changes role from  FOLLOWER to FOLLOWER at term 279 for recognizeCandidate:2a93f7e5-ecb9-41da-9c47-70e13ba76d7d
2019-10-17 07:43:41,715 [grpc-default-executor-0] INFO  impl.RoleInfo (RoleInfo.java:shutdownFollowerState(121)) - 24020d0b-ce61-4f5a-b0b0-c561541e8cd4: shutdown FollowerState
2019-10-17 07:43:41,715 [grpc-default-executor-1] INFO  impl.RoleInfo (RoleInfo.java:shutdownFollowerState(121)) - 37bd8e8c-ea68-4b1c-8659-8d001c4f3b5c: shutdown FollowerState
2019-10-17 07:43:41,716 [Thread-2160] INFO  impl.FollowerState (FollowerState.java:run(117)) - 24020d0b-ce61-4f5a-b0b0-c561541e8cd4@group-A9EE991D717F-FollowerState was interrupted: java.lang.InterruptedException: sleep interrupted
2019-10-17 07:43:41,716 [grpc-default-executor-0] INFO  impl.RoleInfo (RoleInfo.java:updateAndGet(143)) - 24020d0b-ce61-4f5a-b0b0-c561541e8cd4: start FollowerState
2019-10-17 07:43:41,716 [grpc-default-executor-1] INFO  impl.RoleInfo (RoleInfo.java:updateAndGet(143)) - 37bd8e8c-ea68-4b1c-8659-8d001c4f3b5c: start FollowerState
2019-10-17 07:43:41,716 [Thread-2159] INFO  impl.FollowerState (FollowerState.java:run(117)) - 37bd8e8c-ea68-4b1c-8659-8d001c4f3b5c@group-A9EE991D717F-FollowerState was interrupted: java.lang.InterruptedException: sleep interrupted
2019-10-17 07:43:41,732 [2a93f7e5-ecb9-41da-9c47-70e13ba76d7d@group-A9EE991D717F-LeaderElection264] INFO  impl.LeaderElection (LeaderElection.java:logAndReturn(56)) - 2a93f7e5-ecb9-41da-9c47-70e13ba76d7d@group-A9EE991D717F-LeaderElection264: Election TIMEOUT; received 0 response(s) [] and 0 exception(s); 2a93f7e5-ecb9-41da-9c47-70e13ba76d7d@group-A9EE991D717F:t279, leader=null, voted=2a93f7e5-ecb9-41da-9c47-70e13ba76d7d, raftlog=2a93f7e5-ecb9-41da-9c47-70e13ba76d7d@group-A9EE991D717F-SegmentedRaftLog:OPENED:c-1,f0,i0, conf=0: [37bd8e8c-ea68-4b1c-8659-8d001c4f3b5c:192.168.34.62:41632, 24020d0b-ce61-4f5a-b0b0-c561541e8cd4:192.168.34.62:42892, 2a93f7e5-ecb9-41da-9c47-70e13ba76d7d:192.168.34.62:35412], old=null
2019-10-17 07:43:41,758 [2a93f7e5-ecb9-41da-9c47-70e13ba76d7d@group-A9EE991D717F-LeaderElection264] INFO  impl.LeaderElection (LeaderElection.java:askForVotes(178)) - 2a93f7e5-ecb9-41da-9c47-70e13ba76d7d@group-A9EE991D717F-LeaderElection264: begin an election at term 280 for 0: [37bd8e8c-ea68-4b1c-8659-8d001c4f3b5c:192.168.34.62:41632, 24020d0b-ce61-4f5a-b0b0-c561541e8cd4:192.168.34.62:42892, 2a93f7e5-ecb9-41da-9c47-70e13ba76d7d:192.168.34.62:35412], old=null
2019-10-17 07:43:41,760 [grpc-default-executor-1] INFO  impl.RaftServerImpl (RaftServerImpl.java:setRole(184)) - 24020d0b-ce61-4f5a-b0b0-c561541e8cd4@group-A9EE991D717F: changes role from  FOLLOWER to FOLLOWER at term 280 for recognizeCandidate:2a93f7e5-ecb9-41da-9c47-70e13ba76d7d
2019-10-17 07:43:41,760 [grpc-default-executor-0] INFO  impl.RaftServerImpl (RaftServerImpl.java:setRole(184)) - 37bd8e8c-ea68-4b1c-8659-8d001c4f3b5c@group-A9EE991D717F: changes role from  FOLLOWER to FOLLOWER at term 280 for recognizeCandidate:2a93f7e5-ecb9-41da-9c47-70e13ba76d7d
2019-10-17 07:43:41,760 [grpc-default-executor-1] INFO  impl.RoleInfo (RoleInfo.java:shutdownFollowerState(121)) - 24020d0b-ce61-4f5a-b0b0-c561541e8cd4: shutdown FollowerState
2019-10-17 07:43:41,761 [grpc-default-executor-0] INFO  impl.RoleInfo (RoleInfo.java:shutdownFollowerState(121)) - 37bd8e8c-ea68-4b1c-8659-8d001c4f3b5c: shutdown FollowerState
2019-10-17 07:43:41,761 [grpc-default-executor-0] INFO  impl.RoleInfo (RoleInfo.java:updateAndGet(143)) - 37bd8e8c-ea68-4b1c-8659-8d001c4f3b5c: start FollowerState
2019-10-17 07:43:41,761 [Thread-2165] INFO  impl.FollowerState (FollowerState.java:run(117)) - 24020d0b-ce61-4f5a-b0b0-c561541e8cd4@group-A9EE991D717F-FollowerState was interrupted: java.lang.InterruptedException: sleep interrupted
2019-10-17 07:43:41,761 [grpc-default-executor-1] INFO  impl.RoleInfo (RoleInfo.java:updateAndGet(143)) - 24020d0b-ce61-4f5a-b0b0-c561541e8cd4: start FollowerState
2019-10-17 07:43:41,761 [Thread-2166] INFO  impl.FollowerState (FollowerState.java:run(117)) - 37bd8e8c-ea68-4b1c-8659-8d001c4f3b5c@group-A9EE991D717F-FollowerState was interrupted: java.lang.InterruptedException: sleep interrupted
2019-10-17 07:43:41,786 [2a93f7e5-ecb9-41da-9c47-70e13ba76d7d@group-A9EE991D717F-LeaderElection264] INFO  impl.LeaderElection (LeaderElection.java:logAndReturn(56)) - 2a93f7e5-ecb9-41da-9c47-70e13ba76d7d@group-A9EE991D717F-LeaderElection264: Election REJECTED; received 2 response(s) [2a93f7e5-ecb9-41da-9c47-70e13ba76d7d<-37bd8e8c-ea68-4b1c-8659-8d001c4f3b5c#0:FAIL-t280, 2a93f7e5-ecb9-41da-9c47-70e13ba76d7d<-24020d0b-ce61-4f5a-b0b0-c561541e8cd4#0:FAIL-t280] and 0 exception(s); 2a93f7e5-ecb9-41da-9c47-70e13ba76d7d@group-A9EE991D717F:t280, leader=null, voted=2a93f7e5-ecb9-41da-9c47-70e13ba76d7d, raftlog=2a93f7e5-ecb9-41da-9c47-70e13ba76d7d@group-A9EE991D717F-SegmentedRaftLog:OPENED:c-1,f0,i0, conf=0: [37bd8e8c-ea68-4b1c-8659-8d001c4f3b5c:192.168.34.62:41632, 24020d0b-ce61-4f5a-b0b0-c561541e8cd4:192.168.34.62:42892, 2a93f7e5-ecb9-41da-9c47-70e13ba76d7d:192.168.34.62:35412], old=null
2019-10-17 07:43:41,786 [2a93f7e5-ecb9-41da-9c47-70e13ba76d7d@group-A9EE991D717F-LeaderElection264] INFO  impl.RaftServerImpl (RaftServerImpl.java:setRole(184)) - 2a93f7e5-ecb9-41da-9c47-70e13ba76d7d@group-A9EE991D717F: changes role from CANDIDATE to FOLLOWER at term 280 for DISCOVERED_A_NEW_TERM
2019-10-17 07:43:41,786 [2a93f7e5-ecb9-41da-9c47-70e13ba76d7d@group-A9EE991D717F-LeaderElection264] INFO  impl.RoleInfo (RoleInfo.java:shutdownLeaderElection(134)) - 2a93f7e5-ecb9-41da-9c47-70e13ba76d7d: shutdown LeaderElection
2019-10-17 07:43:41,786 [2a93f7e5-ecb9-41da-9c47-70e13ba76d7d@group-A9EE991D717F-LeaderElection264] INFO  impl.RoleInfo (RoleInfo.java:updateAndGet(143)) - 2a93f7e5-ecb9-41da-9c47-70e13ba76d7d: start FollowerState
2019-10-17 07:43:41,865 [Thread-2171] INFO  impl.FollowerState (FollowerState.java:run(108)) - 2a93f7e5-ecb9-41da-9c47-70e13ba76d7d@group-A9EE991D717F-FollowerState: change to CANDIDATE, lastRpcTime:79ms, electionTimeout:79ms
2019-10-17 07:43:41,866 [Thread-2171] INFO  impl.RoleInfo (RoleInfo.java:shutdownFollowerState(121)) - 2a93f7e5-ecb9-41da-9c47-70e13ba76d7d: shutdown FollowerState
2019-10-17 07:43:41,866 [Thread-2171] INFO  impl.RaftServerImpl (RaftServerImpl.java:setRole(184)) - 2a93f7e5-ecb9-41da-9c47-70e13ba76d7d@group-A9EE991D717F: changes role from  FOLLOWER to CANDIDATE at term 280 for changeToCandidate
2019-10-17 07:43:41,866 [Thread-2171] INFO  impl.RoleInfo (RoleInfo.java:updateAndGet(143)) - 2a93f7e5-ecb9-41da-9c47-70e13ba76d7d: start LeaderElection
2019-10-17 07:43:41,890 [2a93f7e5-ecb9-41da-9c47-70e13ba76d7d@group-A9EE991D717F-LeaderElection265] INFO  impl.LeaderElection (LeaderElection.java:askForVotes(178)) - 2a93f7e5-ecb9-41da-9c47-70e13ba76d7d@group-A9EE991D717F-LeaderElection265: begin an election at term 281 for 0: [37bd8e8c-ea68-4b1c-8659-8d001c4f3b5c:192.168.34.62:41632, 24020d0b-ce61-4f5a-b0b0-c561541e8cd4:192.168.34.62:42892, 2a93f7e5-ecb9-41da-9c47-70e13ba76d7d:192.168.34.62:35412], old=null
2019-10-17 07:43:41,892 [grpc-default-executor-0] INFO  impl.RaftServerImpl (RaftServerImpl.java:setRole(184)) - 37bd8e8c-ea68-4b1c-8659-8d001c4f3b5c@group-A9EE991D717F: changes role from  FOLLOWER to FOLLOWER at term 281 for recognizeCandidate:2a93f7e5-ecb9-41da-9c47-70e13ba76d7d
2019-10-17 07:43:41,892 [grpc-default-executor-0] INFO  impl.RoleInfo (RoleInfo.java:shutdownFollowerState(121)) - 37bd8e8c-ea68-4b1c-8659-8d001c4f3b5c: shutdown FollowerState
2019-10-17 07:43:41,892 [grpc-default-executor-1] INFO  impl.RaftServerImpl (RaftServerImpl.java:setRole(184)) - 24020d0b-ce61-4f5a-b0b0-c561541e8cd4@group-A9EE991D717F: changes role from  FOLLOWER to FOLLOWER at term 281 for recognizeCandidate:2a93f7e5-ecb9-41da-9c47-70e13ba76d7d
2019-10-17 07:43:41,892 [Thread-2170] INFO  impl.FollowerState (FollowerState.java:run(117)) - 37bd8e8c-ea68-4b1c-8659-8d001c4f3b5c@group-A9EE991D717F-FollowerState was interrupted: java.lang.InterruptedException: sleep interrupted
2019-10-17 07:43:41,892 [grpc-default-executor-0] INFO  impl.RoleInfo (RoleInfo.java:updateAndGet(143)) - 37bd8e8c-ea68-4b1c-8659-8d001c4f3b5c: start FollowerState
2019-10-17 07:43:41,893 [grpc-default-executor-1] INFO  impl.RoleInfo (RoleInfo.java:shutdownFollowerState(121)) - 24020d0b-ce61-4f5a-b0b0-c561541e8cd4: shutdown FollowerState
2019-10-17 07:43:41,893 [grpc-default-executor-1] INFO  impl.RoleInfo (RoleInfo.java:updateAndGet(143)) - 24020d0b-ce61-4f5a-b0b0-c561541e8cd4: start FollowerState
2019-10-17 07:43:41,893 [Thread-2169] INFO  impl.FollowerState (FollowerState.java:run(117)) - 24020d0b-ce61-4f5a-b0b0-c561541e8cd4@group-A9EE991D717F-FollowerState was interrupted: java.lang.InterruptedException: sleep interrupted
2019-10-17 07:43:41,907 [2a93f7e5-ecb9-41da-9c47-70e13ba76d7d@group-A9EE991D717F-LeaderElection265] INFO  impl.LeaderElection (LeaderElection.java:logAndReturn(56)) - 2a93f7e5-ecb9-41da-9c47-70e13ba76d7d@group-A9EE991D717F-LeaderElection265: Election REJECTED; received 2 response(s) [2a93f7e5-ecb9-41da-9c47-70e13ba76d7d<-37bd8e8c-ea68-4b1c-8659-8d001c4f3b5c#0:FAIL-t281, 2a93f7e5-ecb9-41da-9c47-70e13ba76d7d<-24020d0b-ce61-4f5a-b0b0-c561541e8cd4#0:FAIL-t281] and 0 exception(s); 2a93f7e5-ecb9-41da-9c47-70e13ba76d7d@group-A9EE991D717F:t281, leader=null, voted=2a93f7e5-ecb9-41da-9c47-70e13ba76d7d, raftlog=2a93f7e5-ecb9-41da-9c47-70e13ba76d7d@group-A9EE991D717F-SegmentedRaftLog:OPENED:c-1,f0,i0, conf=0: [37bd8e8c-ea68-4b1c-8659-8d001c4f3b5c:192.168.34.62:41632, 24020d0b-ce61-4f5a-b0b0-c561541e8cd4:192.168.34.62:42892, 2a93f7e5-ecb9-41da-9c47-70e13ba76d7d:192.168.34.62:35412], old=null
2019-10-17 07:43:41,907 [2a93f7e5-ecb9-41da-9c47-70e13ba76d7d@group-A9EE991D717F-LeaderElection265] INFO  impl.RaftServerImpl (RaftServerImpl.java:setRole(184)) - 2a93f7e5-ecb9-41da-9c47-70e13ba76d7d@group-A9EE991D717F: changes role from CANDIDATE to FOLLOWER at term 281 for DISCOVERED_A_NEW_TERM
2019-10-17 07:43:41,907 [2a93f7e5-ecb9-41da-9c47-70e13ba76d7d@group-A9EE991D717F-LeaderElection265] INFO  impl.RoleInfo (RoleInfo.java:shutdownLeaderElection(134)) - 2a93f7e5-ecb9-41da-9c47-70e13ba76d7d: shutdown LeaderElection
2019-10-17 07:43:41,907 [2a93f7e5-ecb9-41da-9c47-70e13ba76d7d@group-A9EE991D717F-LeaderElection265] INFO  impl.RoleInfo (RoleInfo.java:updateAndGet(143)) - 2a93f7e5-ecb9-41da-9c47-70e13ba76d7d: start FollowerState
2019-10-17 07:43:42,010 [Thread-2177] INFO  impl.FollowerState (FollowerState.java:run(108)) - 2a93f7e5-ecb9-41da-9c47-70e13ba76d7d@group-A9EE991D717F-FollowerState: change to CANDIDATE, lastRpcTime:102ms, electionTimeout:102ms
2019-10-17 07:43:42,010 [Thread-2177] INFO  impl.RoleInfo (RoleInfo.java:shutdownFollowerState(121)) - 2a93f7e5-ecb9-41da-9c47-70e13ba76d7d: shutdown FollowerState
2019-10-17 07:43:42,010 [Thread-2177] INFO  impl.RaftServerImpl (RaftServerImpl.java:setRole(184)) - 2a93f7e5-ecb9-41da-9c47-70e13ba76d7d@group-A9EE991D717F: changes role from  FOLLOWER to CANDIDATE at term 281 for changeToCandidate
2019-10-17 07:43:42,010 [Thread-2177] INFO  impl.RoleInfo (RoleInfo.java:updateAndGet(143)) - 2a93f7e5-ecb9-41da-9c47-70e13ba76d7d: start LeaderElection
2019-10-17 07:43:42,034 [2a93f7e5-ecb9-41da-9c47-70e13ba76d7d@group-A9EE991D717F-LeaderElection266] INFO  impl.LeaderElection (LeaderElection.java:askForVotes(178)) - 2a93f7e5-ecb9-41da-9c47-70e13ba76d7d@group-A9EE991D717F-LeaderElection266: begin an election at term 282 for 0: [37bd8e8c-ea68-4b1c-8659-8d001c4f3b5c:192.168.34.62:41632, 24020d0b-ce61-4f5a-b0b0-c561541e8cd4:192.168.34.62:42892, 2a93f7e5-ecb9-41da-9c47-70e13ba76d7d:192.168.34.62:35412], old=null
2019-10-17 07:43:42,036 [grpc-default-executor-1] INFO  impl.RaftServerImpl (RaftServerImpl.java:setRole(184)) - 37bd8e8c-ea68-4b1c-8659-8d001c4f3b5c@group-A9EE991D717F: changes role from  FOLLOWER to FOLLOWER at term 282 for recognizeCandidate:2a93f7e5-ecb9-41da-9c47-70e13ba76d7d
2019-10-17 07:43:42,037 [grpc-default-executor-1] INFO  impl.RoleInfo (RoleInfo.java:shutdownFollowerState(121)) - 37bd8e8c-ea68-4b1c-8659-8d001c4f3b5c: shutdown FollowerState
2019-10-17 07:43:42,037 [grpc-default-executor-0] INFO  impl.RaftServerImpl (RaftServerImpl.java:setRole(184)) - 24020d0b-ce61-4f5a-b0b0-c561541e8cd4@group-A9EE991D717F: changes role from  FOLLOWER to FOLLOWER at term 282 for recognizeCandidate:2a93f7e5-ecb9-41da-9c47-70e13ba76d7d
2019-10-17 07:43:42,037 [Thread-2175] INFO  impl.FollowerState (FollowerState.java:run(117)) - 37bd8e8c-ea68-4b1c-8659-8d001c4f3b5c@group-A9EE991D717F-FollowerState was interrupted: java.lang.InterruptedException: sleep interrupted
2019-10-17 07:43:42,037 [grpc-default-executor-1] INFO  impl.RoleInfo (RoleInfo.java:updateAndGet(143)) - 37bd8e8c-ea68-4b1c-8659-8d001c4f3b5c: start FollowerState
2019-10-17 07:43:42,037 [grpc-default-executor-0] INFO  impl.RoleInfo (RoleInfo.java:shutdownFollowerState(121)) - 24020d0b-ce61-4f5a-b0b0-c561541e8cd4: shutdown FollowerState
2019-10-17 07:43:42,038 [grpc-default-executor-0] INFO  impl.RoleInfo (RoleInfo.java:updateAndGet(143)) - 24020d0b-ce61-4f5a-b0b0-c561541e8cd4: start FollowerState
2019-10-17 07:43:42,038 [Thread-2176] INFO  impl.FollowerState (FollowerState.java:run(117)) - 24020d0b-ce61-4f5a-b0b0-c561541e8cd4@group-A9EE991D717F-FollowerState was interrupted: java.lang.InterruptedException: sleep interrupted
2019-10-17 07:43:42,049 [2a93f7e5-ecb9-41da-9c47-70e13ba76d7d@group-A9EE991D717F-LeaderElection266] INFO  impl.LeaderElection (LeaderElection.java:logAndReturn(56)) - 2a93f7e5-ecb9-41da-9c47-70e13ba76d7d@group-A9EE991D717F-LeaderElection266: Election TIMEOUT; received 0 response(s) [] and 0 exception(s); 2a93f7e5-ecb9-41da-9c47-70e13ba76d7d@group-A9EE991D717F:t282, leader=null, voted=2a93f7e5-ecb9-41da-9c47-70e13ba76d7d, raftlog=2a93f7e5-ecb9-41da-9c47-70e13ba76d7d@group-A9EE991D717F-SegmentedRaftLog:OPENED:c-1,f0,i0, conf=0: [37bd8e8c-ea68-4b1c-8659-8d001c4f3b5c:192.168.34.62:41632, 24020d0b-ce61-4f5a-b0b0-c561541e8cd4:192.168.34.62:42892, 2a93f7e5-ecb9-41da-9c47-70e13ba76d7d:192.168.34.62:35412], old=null
2019-10-17 07:43:42,068 [2a93f7e5-ecb9-41da-9c47-70e13ba76d7d@group-A9EE991D717F-LeaderElection266] INFO  impl.LeaderElection (LeaderElection.java:askForVotes(178)) - 2a93f7e5-ecb9-41da-9c47-70e13ba76d7d@group-A9EE991D717F-LeaderElection266: begin an election at term 283 for 0: [37bd8e8c-ea68-4b1c-8659-8d001c4f3b5c:192.168.34.62:41632, 24020d0b-ce61-4f5a-b0b0-c561541e8cd4:192.168.34.62:42892, 2a93f7e5-ecb9-41da-9c47-70e13ba76d7d:192.168.34.62:35412], old=null
2019-10-17 07:43:42,070 [grpc-default-executor-1] INFO  impl.RaftServerImpl (RaftServerImpl.java:setRole(184)) - 37bd8e8c-ea68-4b1c-8659-8d001c4f3b5c@group-A9EE991D717F: changes role from  FOLLOWER to FOLLOWER at term 283 for recognizeCandidate:2a93f7e5-ecb9-41da-9c47-70e13ba76d7d
2019-10-17 07:43:42,070 [grpc-default-executor-1] INFO  impl.RoleInfo (RoleInfo.java:shutdownFollowerState(121)) - 37bd8e8c-ea68-4b1c-8659-8d001c4f3b5c: shutdown FollowerState
2019-10-17 07:43:42,070 [grpc-default-executor-0] INFO  impl.RaftServerImpl (RaftServerImpl.java:setRole(184)) - 24020d0b-ce61-4f5a-b0b0-c561541e8cd4@group-A9EE991D717F: changes role from  FOLLOWER to FOLLOWER at term 283 for recognizeCandidate:2a93f7e5-ecb9-41da-9c47-70e13ba76d7d
2019-10-17 07:43:42,070 [Thread-2181] INFO  impl.FollowerState (FollowerState.java:run(117)) - 37bd8e8c-ea68-4b1c-8659-8d001c4f3b5c@group-A9EE991D717F-FollowerState was interrupted: java.lang.InterruptedException: sleep interrupted
2019-10-17 07:43:42,070 [grpc-default-executor-1] INFO  impl.RoleInfo (RoleInfo.java:updateAndGet(143)) - 37bd8e8c-ea68-4b1c-8659-8d001c4f3b5c: start FollowerState
2019-10-17 07:43:42,070 [grpc-default-executor-0] INFO  impl.RoleInfo (RoleInfo.java:shutdownFollowerState(121)) - 24020d0b-ce61-4f5a-b0b0-c561541e8cd4: shutdown FollowerState
2019-10-17 07:43:42,071 [grpc-default-executor-0] INFO  impl.RoleInfo (RoleInfo.java:updateAndGet(143)) - 24020d0b-ce61-4f5a-b0b0-c561541e8cd4: start FollowerState
2019-10-17 07:43:42,071 [Thread-2182] INFO  impl.FollowerState (FollowerState.java:run(117)) - 24020d0b-ce61-4f5a-b0b0-c561541e8cd4@group-A9EE991D717F-FollowerState was interrupted: java.lang.InterruptedException: sleep interrupted
2019-10-17 07:43:42,095 [2a93f7e5-ecb9-41da-9c47-70e13ba76d7d@group-A9EE991D717F-LeaderElection266] INFO  impl.LeaderElection (LeaderElection.java:logAndReturn(56)) - 2a93f7e5-ecb9-41da-9c47-70e13ba76d7d@group-A9EE991D717F-LeaderElection266: Election REJECTED; received 2 response(s) [2a93f7e5-ecb9-41da-9c47-70e13ba76d7d<-37bd8e8c-ea68-4b1c-8659-8d001c4f3b5c#0:FAIL-t283, 2a93f7e5-ecb9-41da-9c47-70e13ba76d7d<-24020d0b-ce61-4f5a-b0b0-c561541e8cd4#0:FAIL-t283] and 0 exception(s); 2a93f7e5-ecb9-41da-9c47-70e13ba76d7d@group-A9EE991D717F:t283, leader=null, voted=2a93f7e5-ecb9-41da-9c47-70e13ba76d7d, raftlog=2a93f7e5-ecb9-41da-9c47-70e13ba76d7d@group-A9EE991D717F-SegmentedRaftLog:OPENED:c-1,f0,i0, conf=0: [37bd8e8c-ea68-4b1c-8659-8d001c4f3b5c:192.168.34.62:41632, 24020d0b-ce61-4f5a-b0b0-c561541e8cd4:192.168.34.62:42892, 2a93f7e5-ecb9-41da-9c47-70e13ba76d7d:192.168.34.62:35412], old=null
2019-10-17 07:43:42,095 [2a93f7e5-ecb9-41da-9c47-70e13ba76d7d@group-A9EE991D717F-LeaderElection266] INFO  impl.RaftServerImpl (RaftServerImpl.java:setRole(184)) - 2a93f7e5-ecb9-41da-9c47-70e13ba76d7d@group-A9EE991D717F: changes role from CANDIDATE to FOLLOWER at term 283 for DISCOVERED_A_NEW_TERM
2019-10-17 07:43:42,095 [2a93f7e5-ecb9-41da-9c47-70e13ba76d7d@group-A9EE991D717F-LeaderElection266] INFO  impl.RoleInfo (RoleInfo.java:shutdownLeaderElection(134)) - 2a93f7e5-ecb9-41da-9c47-70e13ba76d7d: shutdown LeaderElection
2019-10-17 07:43:42,096 [2a93f7e5-ecb9-41da-9c47-70e13ba76d7d@group-A9EE991D717F-LeaderElection266] INFO  impl.RoleInfo (RoleInfo.java:updateAndGet(143)) - 2a93f7e5-ecb9-41da-9c47-70e13ba76d7d: start FollowerState
2019-10-17 07:43:42,105 [Thread-2187] INFO  impl.FollowerState (FollowerState.java:run(108)) - 2a93f7e5-ecb9-41da-9c47-70e13ba76d7d@group-A9EE991D717F-FollowerState: change to CANDIDATE, lastRpcTime:9ms, electionTimeout:9ms
2019-10-17 07:43:42,105 [Thread-2187] INFO  impl.RoleInfo (RoleInfo.java:shutdownFollowerState(121)) - 2a93f7e5-ecb9-41da-9c47-70e13ba76d7d: shutdown FollowerState
2019-10-17 07:43:42,105 [Thread-2187] INFO  impl.RaftServerImpl (RaftServerImpl.java:setRole(184)) - 2a93f7e5-ecb9-41da-9c47-70e13ba76d7d@group-A9EE991D717F: changes role from  FOLLOWER to CANDIDATE at term 283 for changeToCandidate
2019-10-17 07:43:42,105 [Thread-2187] INFO  impl.RoleInfo (RoleInfo.java:updateAndGet(143)) - 2a93f7e5-ecb9-41da-9c47-70e13ba76d7d: start LeaderElection
2019-10-17 07:43:42,130 [2a93f7e5-ecb9-41da-9c47-70e13ba76d7d@group-A9EE991D717F-LeaderElection267] INFO  impl.LeaderElection (LeaderElection.java:askForVotes(178)) - 2a93f7e5-ecb9-41da-9c47-70e13ba76d7d@group-A9EE991D717F-LeaderElection267: begin an election at term 284 for 0: [37bd8e8c-ea68-4b1c-8659-8d001c4f3b5c:192.168.34.62:41632, 24020d0b-ce61-4f5a-b0b0-c561541e8cd4:192.168.34.62:42892, 2a93f7e5-ecb9-41da-9c47-70e13ba76d7d:192.168.34.62:35412], old=null
2019-10-17 07:43:42,131 [grpc-default-executor-1] INFO  impl.RaftServerImpl (RaftServerImpl.java:setRole(184)) - 37bd8e8c-ea68-4b1c-8659-8d001c4f3b5c@group-A9EE991D717F: changes role from  FOLLOWER to FOLLOWER at term 284 for recognizeCandidate:2a93f7e5-ecb9-41da-9c47-70e13ba76d7d
2019-10-17 07:43:42,132 [grpc-default-executor-1] INFO  impl.RoleInfo (RoleInfo.java:shutdownFollowerState(121)) - 37bd8e8c-ea68-4b1c-8659-8d001c4f3b5c: shutdown FollowerState
2019-10-17 07:43:42,132 [grpc-default-executor-0] INFO  impl.RaftServerImpl (RaftServerImpl.java:setRole(184)) - 24020d0b-ce61-4f5a-b0b0-c561541e8cd4@group-A9EE991D717F: changes role from  FOLLOWER to FOLLOWER at term 284 for recognizeCandidate:2a93f7e5-ecb9-41da-9c47-70e13ba76d7d
2019-10-17 07:43:42,132 [grpc-default-executor-0] INFO  impl.RoleInfo (RoleInfo.java:shutdownFollowerState(121)) - 24020d0b-ce61-4f5a-b0b0-c561541e8cd4: shutdown FollowerState
2019-10-17 07:43:42,132 [Thread-2185] INFO  impl.FollowerState (FollowerState.java:run(117)) - 37bd8e8c-ea68-4b1c-8659-8d001c4f3b5c@group-A9EE991D717F-FollowerState was interrupted: java.lang.InterruptedException: sleep interrupted
2019-10-17 07:43:42,132 [grpc-default-executor-1] INFO  impl.RoleInfo (RoleInfo.java:updateAndGet(143)) - 37bd8e8c-ea68-4b1c-8659-8d001c4f3b5c: start FollowerState
2019-10-17 07:43:42,132 [Thread-2186] INFO  impl.FollowerState (FollowerState.java:run(117)) - 24020d0b-ce61-4f5a-b0b0-c561541e8cd4@group-A9EE991D717F-FollowerState was interrupted: java.lang.InterruptedException: sleep interrupted
2019-10-17 07:43:42,132 [grpc-default-executor-0] INFO  impl.RoleInfo (RoleInfo.java:updateAndGet(143)) - 24020d0b-ce61-4f5a-b0b0-c561541e8cd4: start FollowerState
2019-10-17 07:43:42,156 [2a93f7e5-ecb9-41da-9c47-70e13ba76d7d@group-A9EE991D717F-LeaderElection267] INFO  impl.LeaderElection (LeaderElection.java:logAndReturn(56)) - 2a93f7e5-ecb9-41da-9c47-70e13ba76d7d@group-A9EE991D717F-LeaderElection267: Election REJECTED; received 2 response(s) [2a93f7e5-ecb9-41da-9c47-70e13ba76d7d<-37bd8e8c-ea68-4b1c-8659-8d001c4f3b5c#0:FAIL-t284, 2a93f7e5-ecb9-41da-9c47-70e13ba76d7d<-24020d0b-ce61-4f5a-b0b0-c561541e8cd4#0:FAIL-t284] and 0 exception(s); 2a93f7e5-ecb9-41da-9c47-70e13ba76d7d@group-A9EE991D717F:t284, leader=null, voted=2a93f7e5-ecb9-41da-9c47-70e13ba76d7d, raftlog=2a93f7e5-ecb9-41da-9c47-70e13ba76d7d@group-A9EE991D717F-SegmentedRaftLog:OPENED:c-1,f0,i0, conf=0: [37bd8e8c-ea68-4b1c-8659-8d001c4f3b5c:192.168.34.62:41632, 24020d0b-ce61-4f5a-b0b0-c561541e8cd4:192.168.34.62:42892, 2a93f7e5-ecb9-41da-9c47-70e13ba76d7d:192.168.34.62:35412], old=null
2019-10-17 07:43:42,157 [2a93f7e5-ecb9-41da-9c47-70e13ba76d7d@group-A9EE991D717F-LeaderElection267] INFO  impl.RaftServerImpl (RaftServerImpl.java:setRole(184)) - 2a93f7e5-ecb9-41da-9c47-70e13ba76d7d@group-A9EE991D717F: changes role from CANDIDATE to FOLLOWER at term 284 for DISCOVERED_A_NEW_TERM
2019-10-17 07:43:42,157 [2a93f7e5-ecb9-41da-9c47-70e13ba76d7d@group-A9EE991D717F-LeaderElection267] INFO  impl.RoleInfo (RoleInfo.java:shutdownLeaderElection(134)) - 2a93f7e5-ecb9-41da-9c47-70e13ba76d7d: shutdown LeaderElection
2019-10-17 07:43:42,157 [2a93f7e5-ecb9-41da-9c47-70e13ba76d7d@group-A9EE991D717F-LeaderElection267] INFO  impl.RoleInfo (RoleInfo.java:updateAndGet(143)) - 2a93f7e5-ecb9-41da-9c47-70e13ba76d7d: start FollowerState
2019-10-17 07:43:42,303 [Thread-2193] INFO  impl.FollowerState (FollowerState.java:run(108)) - 2a93f7e5-ecb9-41da-9c47-70e13ba76d7d@group-A9EE991D717F-FollowerState: change to CANDIDATE, lastRpcTime:145ms, electionTimeout:145ms
2019-10-17 07:43:42,303 [Thread-2193] INFO  impl.RoleInfo (RoleInfo.java:shutdownFollowerState(121)) - 2a93f7e5-ecb9-41da-9c47-70e13ba76d7d: shutdown FollowerState
2019-10-17 07:43:42,303 [Thread-2193] INFO  impl.RaftServerImpl (RaftServerImpl.java:setRole(184)) - 2a93f7e5-ecb9-41da-9c47-70e13ba76d7d@group-A9EE991D717F: changes role from  FOLLOWER to CANDIDATE at term 284 for changeToCandidate
2019-10-17 07:43:42,303 [Thread-2193] INFO  impl.RoleInfo (RoleInfo.java:updateAndGet(143)) - 2a93f7e5-ecb9-41da-9c47-70e13ba76d7d: start LeaderElection
2019-10-17 07:43:42,336 [2a93f7e5-ecb9-41da-9c47-70e13ba76d7d@group-A9EE991D717F-LeaderElection268] INFO  impl.LeaderElection (LeaderElection.java:askForVotes(178)) - 2a93f7e5-ecb9-41da-9c47-70e13ba76d7d@group-A9EE991D717F-LeaderElection268: begin an election at term 285 for 0: [37bd8e8c-ea68-4b1c-8659-8d001c4f3b5c:192.168.34.62:41632, 24020d0b-ce61-4f5a-b0b0-c561541e8cd4:192.168.34.62:42892, 2a93f7e5-ecb9-41da-9c47-70e13ba76d7d:192.168.34.62:35412], old=null
2019-10-17 07:43:42,338 [grpc-default-executor-1] INFO  impl.RaftServerImpl (RaftServerImpl.java:setRole(184)) - 24020d0b-ce61-4f5a-b0b0-c561541e8cd4@group-A9EE991D717F: changes role from  FOLLOWER to FOLLOWER at term 285 for recognizeCandidate:2a93f7e5-ecb9-41da-9c47-70e13ba76d7d
2019-10-17 07:43:42,338 [grpc-default-executor-1] INFO  impl.RoleInfo (RoleInfo.java:shutdownFollowerState(121)) - 24020d0b-ce61-4f5a-b0b0-c561541e8cd4: shutdown FollowerState
2019-10-17 07:43:42,338 [grpc-default-executor-0] INFO  impl.RaftServerImpl (RaftServerImpl.java:setRole(184)) - 37bd8e8c-ea68-4b1c-8659-8d001c4f3b5c@group-A9EE991D717F: changes role from  FOLLOWER to FOLLOWER at term 285 for recognizeCandidate:2a93f7e5-ecb9-41da-9c47-70e13ba76d7d
2019-10-17 07:43:42,339 [Thread-2192] INFO  impl.FollowerState (FollowerState.java:run(117)) - 24020d0b-ce61-4f5a-b0b0-c561541e8cd4@group-A9EE991D717F-FollowerState was interrupted: java.lang.InterruptedException: sleep interrupted
2019-10-17 07:43:42,339 [grpc-default-executor-1] INFO  impl.RoleInfo (RoleInfo.java:updateAndGet(143)) - 24020d0b-ce61-4f5a-b0b0-c561541e8cd4: start FollowerState
2019-10-17 07:43:42,339 [grpc-default-executor-0] INFO  impl.RoleInfo (RoleInfo.java:shutdownFollowerState(121)) - 37bd8e8c-ea68-4b1c-8659-8d001c4f3b5c: shutdown FollowerState
2019-10-17 07:43:42,339 [grpc-default-executor-0] INFO  impl.RoleInfo (RoleInfo.java:updateAndGet(143)) - 37bd8e8c-ea68-4b1c-8659-8d001c4f3b5c: start FollowerState
2019-10-17 07:43:42,339 [Thread-2191] INFO  impl.FollowerState (FollowerState.java:run(117)) - 37bd8e8c-ea68-4b1c-8659-8d001c4f3b5c@group-A9EE991D717F-FollowerState was interrupted: java.lang.InterruptedException: sleep interrupted
2019-10-17 07:43:42,363 [2a93f7e5-ecb9-41da-9c47-70e13ba76d7d@group-A9EE991D717F-LeaderElection268] INFO  impl.LeaderElection (LeaderElection.java:logAndReturn(56)) - 2a93f7e5-ecb9-41da-9c47-70e13ba76d7d@group-A9EE991D717F-LeaderElection268: Election REJECTED; received 2 response(s) [2a93f7e5-ecb9-41da-9c47-70e13ba76d7d<-37bd8e8c-ea68-4b1c-8659-8d001c4f3b5c#0:FAIL-t285, 2a93f7e5-ecb9-41da-9c47-70e13ba76d7d<-24020d0b-ce61-4f5a-b0b0-c561541e8cd4#0:FAIL-t285] and 0 exception(s); 2a93f7e5-ecb9-41da-9c47-70e13ba76d7d@group-A9EE991D717F:t285, leader=null, voted=2a93f7e5-ecb9-41da-9c47-70e13ba76d7d, raftlog=2a93f7e5-ecb9-41da-9c47-70e13ba76d7d@group-A9EE991D717F-SegmentedRaftLog:OPENED:c-1,f0,i0, conf=0: [37bd8e8c-ea68-4b1c-8659-8d001c4f3b5c:192.168.34.62:41632, 24020d0b-ce61-4f5a-b0b0-c561541e8cd4:192.168.34.62:42892, 2a93f7e5-ecb9-41da-9c47-70e13ba76d7d:192.168.34.62:35412], old=null
2019-10-17 07:43:42,364 [2a93f7e5-ecb9-41da-9c47-70e13ba76d7d@group-A9EE991D717F-LeaderElection268] INFO  impl.RaftServerImpl (RaftServerImpl.java:setRole(184)) - 2a93f7e5-ecb9-41da-9c47-70e13ba76d7d@group-A9EE991D717F: changes role from CANDIDATE to FOLLOWER at term 285 for DISCOVERED_A_NEW_TERM
2019-10-17 07:43:42,364 [2a93f7e5-ecb9-41da-9c47-70e13ba76d7d@group-A9EE991D717F-LeaderElection268] INFO  impl.RoleInfo (RoleInfo.java:shutdownLeaderElection(134)) - 2a93f7e5-ecb9-41da-9c47-70e13ba76d7d: shutdown LeaderElection
2019-10-17 07:43:42,364 [2a93f7e5-ecb9-41da-9c47-70e13ba76d7d@group-A9EE991D717F-LeaderElection268] INFO  impl.RoleInfo (RoleInfo.java:updateAndGet(143)) - 2a93f7e5-ecb9-41da-9c47-70e13ba76d7d: start FollowerState
2019-10-17 07:43:42,379 [Thread-2199] INFO  impl.FollowerState (FollowerState.java:run(108)) - 2a93f7e5-ecb9-41da-9c47-70e13ba76d7d@group-A9EE991D717F-FollowerState: change to CANDIDATE, lastRpcTime:15ms, electionTimeout:15ms
2019-10-17 07:43:42,379 [Thread-2199] INFO  impl.RoleInfo (RoleInfo.java:shutdownFollowerState(121)) - 2a93f7e5-ecb9-41da-9c47-70e13ba76d7d: shutdown FollowerState
2019-10-17 07:43:42,379 [Thread-2199] INFO  impl.RaftServerImpl (RaftServerImpl.java:setRole(184)) - 2a93f7e5-ecb9-41da-9c47-70e13ba76d7d@group-A9EE991D717F: changes role from  FOLLOWER to CANDIDATE at term 285 for changeToCandidate
2019-10-17 07:43:42,380 [Thread-2199] INFO  impl.RoleInfo (RoleInfo.java:updateAndGet(143)) - 2a93f7e5-ecb9-41da-9c47-70e13ba76d7d: start LeaderElection
2019-10-17 07:43:42,411 [2a93f7e5-ecb9-41da-9c47-70e13ba76d7d@group-A9EE991D717F-LeaderElection269] INFO  impl.LeaderElection (LeaderElection.java:askForVotes(178)) - 2a93f7e5-ecb9-41da-9c47-70e13ba76d7d@group-A9EE991D717F-LeaderElection269: begin an election at term 286 for 0: [37bd8e8c-ea68-4b1c-8659-8d001c4f3b5c:192.168.34.62:41632, 24020d0b-ce61-4f5a-b0b0-c561541e8cd4:192.168.34.62:42892, 2a93f7e5-ecb9-41da-9c47-70e13ba76d7d:192.168.34.62:35412], old=null
2019-10-17 07:43:42,413 [grpc-default-executor-1] INFO  impl.RaftServerImpl (RaftServerImpl.java:setRole(184)) - 37bd8e8c-ea68-4b1c-8659-8d001c4f3b5c@group-A9EE991D717F: changes role from  FOLLOWER to FOLLOWER at term 286 for recognizeCandidate:2a93f7e5-ecb9-41da-9c47-70e13ba76d7d
2019-10-17 07:43:42,413 [grpc-default-executor-1] INFO  impl.RoleInfo (RoleInfo.java:shutdownFollowerState(121)) - 37bd8e8c-ea68-4b1c-8659-8d001c4f3b5c: shutdown FollowerState
2019-10-17 07:43:42,413 [grpc-default-executor-0] INFO  impl.RaftServerImpl (RaftServerImpl.java:setRole(184)) - 24020d0b-ce61-4f5a-b0b0-c561541e8cd4@group-A9EE991D717F: changes role from  FOLLOWER to FOLLOWER at term 286 for recognizeCandidate:2a93f7e5-ecb9-41da-9c47-70e13ba76d7d
2019-10-17 07:43:42,413 [grpc-default-executor-0] INFO  impl.RoleInfo (RoleInfo.java:shutdownFollowerState(121)) - 24020d0b-ce61-4f5a-b0b0-c561541e8cd4: shutdown FollowerState
2019-10-17 07:43:42,413 [Thread-2198] INFO  impl.FollowerState (FollowerState.java:run(117)) - 37bd8e8c-ea68-4b1c-8659-8d001c4f3b5c@group-A9EE991D717F-FollowerState was interrupted: java.lang.InterruptedException: sleep interrupted
2019-10-17 07:43:42,413 [Thread-2197] INFO  impl.FollowerState (FollowerState.java:run(117)) - 24020d0b-ce61-4f5a-b0b0-c561541e8cd4@group-A9EE991D717F-FollowerState was interrupted: java.lang.InterruptedException: sleep interrupted
2019-10-17 07:43:42,413 [grpc-default-executor-1] INFO  impl.RoleInfo (RoleInfo.java:updateAndGet(143)) - 37bd8e8c-ea68-4b1c-8659-8d001c4f3b5c: start FollowerState
2019-10-17 07:43:42,413 [grpc-default-executor-0] INFO  impl.RoleInfo (RoleInfo.java:updateAndGet(143)) - 24020d0b-ce61-4f5a-b0b0-c561541e8cd4: start FollowerState
2019-10-17 07:43:42,439 [2a93f7e5-ecb9-41da-9c47-70e13ba76d7d@group-A9EE991D717F-LeaderElection269] INFO  impl.LeaderElection (LeaderElection.java:logAndReturn(56)) - 2a93f7e5-ecb9-41da-9c47-70e13ba76d7d@group-A9EE991D717F-LeaderElection269: Election REJECTED; received 2 response(s) [2a93f7e5-ecb9-41da-9c47-70e13ba76d7d<-37bd8e8c-ea68-4b1c-8659-8d001c4f3b5c#0:FAIL-t286, 2a93f7e5-ecb9-41da-9c47-70e13ba76d7d<-24020d0b-ce61-4f5a-b0b0-c561541e8cd4#0:FAIL-t286] and 0 exception(s); 2a93f7e5-ecb9-41da-9c47-70e13ba76d7d@group-A9EE991D717F:t286, leader=null, voted=2a93f7e5-ecb9-41da-9c47-70e13ba76d7d, raftlog=2a93f7e5-ecb9-41da-9c47-70e13ba76d7d@group-A9EE991D717F-SegmentedRaftLog:OPENED:c-1,f0,i0, conf=0: [37bd8e8c-ea68-4b1c-8659-8d001c4f3b5c:192.168.34.62:41632, 24020d0b-ce61-4f5a-b0b0-c561541e8cd4:192.168.34.62:42892, 2a93f7e5-ecb9-41da-9c47-70e13ba76d7d:192.168.34.62:35412], old=null
2019-10-17 07:43:42,440 [2a93f7e5-ecb9-41da-9c47-70e13ba76d7d@group-A9EE991D717F-LeaderElection269] INFO  impl.RaftServerImpl (RaftServerImpl.java:setRole(184)) - 2a93f7e5-ecb9-41da-9c47-70e13ba76d7d@group-A9EE991D717F: changes role from CANDIDATE to FOLLOWER at term 286 for DISCOVERED_A_NEW_TERM
2019-10-17 07:43:42,440 [2a93f7e5-ecb9-41da-9c47-70e13ba76d7d@group-A9EE991D717F-LeaderElection269] INFO  impl.RoleInfo (RoleInfo.java:shutdownLeaderElection(134)) - 2a93f7e5-ecb9-41da-9c47-70e13ba76d7d: shutdown LeaderElection
2019-10-17 07:43:42,440 [2a93f7e5-ecb9-41da-9c47-70e13ba76d7d@group-A9EE991D717F-LeaderElection269] INFO  impl.RoleInfo (RoleInfo.java:updateAndGet(143)) - 2a93f7e5-ecb9-41da-9c47-70e13ba76d7d: start FollowerState
2019-10-17 07:43:42,598 [Thread-2205] INFO  impl.FollowerState (FollowerState.java:run(108)) - 2a93f7e5-ecb9-41da-9c47-70e13ba76d7d@group-A9EE991D717F-FollowerState: change to CANDIDATE, lastRpcTime:158ms, electionTimeout:158ms
2019-10-17 07:43:42,598 [Thread-2205] INFO  impl.RoleInfo (RoleInfo.java:shutdownFollowerState(121)) - 2a93f7e5-ecb9-41da-9c47-70e13ba76d7d: shutdown FollowerState
2019-10-17 07:43:42,599 [Thread-2205] INFO  impl.RaftServerImpl (RaftServerImpl.java:setRole(184)) - 2a93f7e5-ecb9-41da-9c47-70e13ba76d7d@group-A9EE991D717F: changes role from  FOLLOWER to CANDIDATE at term 286 for changeToCandidate
2019-10-17 07:43:42,599 [Thread-2205] INFO  impl.RoleInfo (RoleInfo.java:updateAndGet(143)) - 2a93f7e5-ecb9-41da-9c47-70e13ba76d7d: start LeaderElection
2019-10-17 07:43:42,615 [2a93f7e5-ecb9-41da-9c47-70e13ba76d7d@group-A9EE991D717F-LeaderElection270] INFO  impl.LeaderElection (LeaderElection.java:askForVotes(178)) - 2a93f7e5-ecb9-41da-9c47-70e13ba76d7d@group-A9EE991D717F-LeaderElection270: begin an election at term 287 for 0: [37bd8e8c-ea68-4b1c-8659-8d001c4f3b5c:192.168.34.62:41632, 24020d0b-ce61-4f5a-b0b0-c561541e8cd4:192.168.34.62:42892, 2a93f7e5-ecb9-41da-9c47-70e13ba76d7d:192.168.34.62:35412], old=null
2019-10-17 07:43:42,616 [grpc-default-executor-1] INFO  impl.RaftServerImpl (RaftServerImpl.java:setRole(184)) - 37bd8e8c-ea68-4b1c-8659-8d001c4f3b5c@group-A9EE991D717F: changes role from  FOLLOWER to FOLLOWER at term 287 for recognizeCandidate:2a93f7e5-ecb9-41da-9c47-70e13ba76d7d
2019-10-17 07:43:42,617 [grpc-default-executor-1] INFO  impl.RoleInfo (RoleInfo.java:shutdownFollowerState(121)) - 37bd8e8c-ea68-4b1c-8659-8d001c4f3b5c: shutdown FollowerState
2019-10-17 07:43:42,617 [grpc-default-executor-0] INFO  impl.RaftServerImpl (RaftServerImpl.java:setRole(184)) - 24020d0b-ce61-4f5a-b0b0-c561541e8cd4@group-A9EE991D717F: changes role from  FOLLOWER to FOLLOWER at term 287 for recognizeCandidate:2a93f7e5-ecb9-41da-9c47-70e13ba76d7d
2019-10-17 07:43:42,617 [grpc-default-executor-0] INFO  impl.RoleInfo (RoleInfo.java:shutdownFollowerState(121)) - 24020d0b-ce61-4f5a-b0b0-c561541e8cd4: shutdown FollowerState
2019-10-17 07:43:42,617 [Thread-2203] INFO  impl.FollowerState (FollowerState.java:run(117)) - 37bd8e8c-ea68-4b1c-8659-8d001c4f3b5c@group-A9EE991D717F-FollowerState was interrupted: java.lang.InterruptedException: sleep interrupted
2019-10-17 07:43:42,617 [grpc-default-executor-1] INFO  impl.RoleInfo (RoleInfo.java:updateAndGet(143)) - 37bd8e8c-ea68-4b1c-8659-8d001c4f3b5c: start FollowerState
2019-10-17 07:43:42,617 [Thread-2204] INFO  impl.FollowerState (FollowerState.java:run(117)) - 24020d0b-ce61-4f5a-b0b0-c561541e8cd4@group-A9EE991D717F-FollowerState was interrupted: java.lang.InterruptedException: sleep interrupted
2019-10-17 07:43:42,617 [grpc-default-executor-0] INFO  impl.RoleInfo (RoleInfo.java:updateAndGet(143)) - 24020d0b-ce61-4f5a-b0b0-c561541e8cd4: start FollowerState
2019-10-17 07:43:42,632 [2a93f7e5-ecb9-41da-9c47-70e13ba76d7d@group-A9EE991D717F-LeaderElection270] INFO  impl.LeaderElection (LeaderElection.java:logAndReturn(56)) - 2a93f7e5-ecb9-41da-9c47-70e13ba76d7d@group-A9EE991D717F-LeaderElection270: Election REJECTED; received 2 response(s) [2a93f7e5-ecb9-41da-9c47-70e13ba76d7d<-37bd8e8c-ea68-4b1c-8659-8d001c4f3b5c#0:FAIL-t287, 2a93f7e5-ecb9-41da-9c47-70e13ba76d7d<-24020d0b-ce61-4f5a-b0b0-c561541e8cd4#0:FAIL-t287] and 0 exception(s); 2a93f7e5-ecb9-41da-9c47-70e13ba76d7d@group-A9EE991D717F:t287, leader=null, voted=2a93f7e5-ecb9-41da-9c47-70e13ba76d7d, raftlog=2a93f7e5-ecb9-41da-9c47-70e13ba76d7d@group-A9EE991D717F-SegmentedRaftLog:OPENED:c-1,f0,i0, conf=0: [37bd8e8c-ea68-4b1c-8659-8d001c4f3b5c:192.168.34.62:41632, 24020d0b-ce61-4f5a-b0b0-c561541e8cd4:192.168.34.62:42892, 2a93f7e5-ecb9-41da-9c47-70e13ba76d7d:192.168.34.62:35412], old=null
2019-10-17 07:43:42,632 [2a93f7e5-ecb9-41da-9c47-70e13ba76d7d@group-A9EE991D717F-LeaderElection270] INFO  impl.RaftServerImpl (RaftServerImpl.java:setRole(184)) - 2a93f7e5-ecb9-41da-9c47-70e13ba76d7d@group-A9EE991D717F: changes role from CANDIDATE to FOLLOWER at term 287 for DISCOVERED_A_NEW_TERM
2019-10-17 07:43:42,632 [2a93f7e5-ecb9-41da-9c47-70e13ba76d7d@group-A9EE991D717F-LeaderElection270] INFO  impl.RoleInfo (RoleInfo.java:shutdownLeaderElection(134)) - 2a93f7e5-ecb9-41da-9c47-70e13ba76d7d: shutdown LeaderElection
2019-10-17 07:43:42,632 [2a93f7e5-ecb9-41da-9c47-70e13ba76d7d@group-A9EE991D717F-LeaderElection270] INFO  impl.RoleInfo (RoleInfo.java:updateAndGet(143)) - 2a93f7e5-ecb9-41da-9c47-70e13ba76d7d: start FollowerState
2019-10-17 07:43:42,707 [Thread-2211] INFO  impl.FollowerState (FollowerState.java:run(108)) - 2a93f7e5-ecb9-41da-9c47-70e13ba76d7d@group-A9EE991D717F-FollowerState: change to CANDIDATE, lastRpcTime:75ms, electionTimeout:75ms
2019-10-17 07:43:42,708 [Thread-2211] INFO  impl.RoleInfo (RoleInfo.java:shutdownFollowerState(121)) - 2a93f7e5-ecb9-41da-9c47-70e13ba76d7d: shutdown FollowerState
2019-10-17 07:43:42,708 [Thread-2211] INFO  impl.RaftServerImpl (RaftServerImpl.java:setRole(184)) - 2a93f7e5-ecb9-41da-9c47-70e13ba76d7d@group-A9EE991D717F: changes role from  FOLLOWER to CANDIDATE at term 287 for changeToCandidate
2019-10-17 07:43:42,708 [Thread-2211] INFO  impl.RoleInfo (RoleInfo.java:updateAndGet(143)) - 2a93f7e5-ecb9-41da-9c47-70e13ba76d7d: start LeaderElection
2019-10-17 07:43:42,731 [2a93f7e5-ecb9-41da-9c47-70e13ba76d7d@group-A9EE991D717F-LeaderElection271] INFO  impl.LeaderElection (LeaderElection.java:askForVotes(178)) - 2a93f7e5-ecb9-41da-9c47-70e13ba76d7d@group-A9EE991D717F-LeaderElection271: begin an election at term 288 for 0: [37bd8e8c-ea68-4b1c-8659-8d001c4f3b5c:192.168.34.62:41632, 24020d0b-ce61-4f5a-b0b0-c561541e8cd4:192.168.34.62:42892, 2a93f7e5-ecb9-41da-9c47-70e13ba76d7d:192.168.34.62:35412], old=null
2019-10-17 07:43:42,733 [grpc-default-executor-1] INFO  impl.RaftServerImpl (RaftServerImpl.java:setRole(184)) - 37bd8e8c-ea68-4b1c-8659-8d001c4f3b5c@group-A9EE991D717F: changes role from  FOLLOWER to FOLLOWER at term 288 for recognizeCandidate:2a93f7e5-ecb9-41da-9c47-70e13ba76d7d
2019-10-17 07:43:42,733 [grpc-default-executor-1] INFO  impl.RoleInfo (RoleInfo.java:shutdownFollowerState(121)) - 37bd8e8c-ea68-4b1c-8659-8d001c4f3b5c: shutdown FollowerState
2019-10-17 07:43:42,733 [grpc-default-executor-0] INFO  impl.RaftServerImpl (RaftServerImpl.java:setRole(184)) - 24020d0b-ce61-4f5a-b0b0-c561541e8cd4@group-A9EE991D717F: changes role from  FOLLOWER to FOLLOWER at term 288 for recognizeCandidate:2a93f7e5-ecb9-41da-9c47-70e13ba76d7d
2019-10-17 07:43:42,734 [Thread-2209] INFO  impl.FollowerState (FollowerState.java:run(117)) - 37bd8e8c-ea68-4b1c-8659-8d001c4f3b5c@group-A9EE991D717F-FollowerState was interrupted: java.lang.InterruptedException: sleep interrupted
2019-10-17 07:43:42,733 [grpc-default-executor-1] INFO  impl.RoleInfo (RoleInfo.java:updateAndGet(143)) - 37bd8e8c-ea68-4b1c-8659-8d001c4f3b5c: start FollowerState
2019-10-17 07:43:42,734 [grpc-default-executor-0] INFO  impl.RoleInfo (RoleInfo.java:shutdownFollowerState(121)) - 24020d0b-ce61-4f5a-b0b0-c561541e8cd4: shutdown FollowerState
2019-10-17 07:43:42,734 [grpc-default-executor-0] INFO  impl.RoleInfo (RoleInfo.java:updateAndGet(143)) - 24020d0b-ce61-4f5a-b0b0-c561541e8cd4: start FollowerState
2019-10-17 07:43:42,734 [Thread-2210] INFO  impl.FollowerState (FollowerState.java:run(117)) - 24020d0b-ce61-4f5a-b0b0-c561541e8cd4@group-A9EE991D717F-FollowerState was interrupted: java.lang.InterruptedException: sleep interrupted
2019-10-17 07:43:42,758 [2a93f7e5-ecb9-41da-9c47-70e13ba76d7d@group-A9EE991D717F-LeaderElection271] INFO  impl.LeaderElection (LeaderElection.java:logAndReturn(56)) - 2a93f7e5-ecb9-41da-9c47-70e13ba76d7d@group-A9EE991D717F-LeaderElection271: Election REJECTED; received 2 response(s) [2a93f7e5-ecb9-41da-9c47-70e13ba76d7d<-37bd8e8c-ea68-4b1c-8659-8d001c4f3b5c#0:FAIL-t288, 2a93f7e5-ecb9-41da-9c47-70e13ba76d7d<-24020d0b-ce61-4f5a-b0b0-c561541e8cd4#0:FAIL-t288] and 0 exception(s); 2a93f7e5-ecb9-41da-9c47-70e13ba76d7d@group-A9EE991D717F:t288, leader=null, voted=2a93f7e5-ecb9-41da-9c47-70e13ba76d7d, raftlog=2a93f7e5-ecb9-41da-9c47-70e13ba76d7d@group-A9EE991D717F-SegmentedRaftLog:OPENED:c-1,f0,i0, conf=0: [37bd8e8c-ea68-4b1c-8659-8d001c4f3b5c:192.168.34.62:41632, 24020d0b-ce61-4f5a-b0b0-c561541e8cd4:192.168.34.62:42892, 2a93f7e5-ecb9-41da-9c47-70e13ba76d7d:192.168.34.62:35412], old=null
2019-10-17 07:43:42,758 [2a93f7e5-ecb9-41da-9c47-70e13ba76d7d@group-A9EE991D717F-LeaderElection271] INFO  impl.RaftServerImpl (RaftServerImpl.java:setRole(184)) - 2a93f7e5-ecb9-41da-9c47-70e13ba76d7d@group-A9EE991D717F: changes role from CANDIDATE to FOLLOWER at term 288 for DISCOVERED_A_NEW_TERM
2019-10-17 07:43:42,758 [2a93f7e5-ecb9-41da-9c47-70e13ba76d7d@group-A9EE991D717F-LeaderElection271] INFO  impl.RoleInfo (RoleInfo.java:shutdownLeaderElection(134)) - 2a93f7e5-ecb9-41da-9c47-70e13ba76d7d: shutdown LeaderElection
2019-10-17 07:43:42,758 [2a93f7e5-ecb9-41da-9c47-70e13ba76d7d@group-A9EE991D717F-LeaderElection271] INFO  impl.RoleInfo (RoleInfo.java:updateAndGet(143)) - 2a93f7e5-ecb9-41da-9c47-70e13ba76d7d: start FollowerState
2019-10-17 07:43:42,815 [Thread-2217] INFO  impl.FollowerState (FollowerState.java:run(108)) - 2a93f7e5-ecb9-41da-9c47-70e13ba76d7d@group-A9EE991D717F-FollowerState: change to CANDIDATE, lastRpcTime:56ms, electionTimeout:56ms
2019-10-17 07:43:42,815 [Thread-2217] INFO  impl.RoleInfo (RoleInfo.java:shutdownFollowerState(121)) - 2a93f7e5-ecb9-41da-9c47-70e13ba76d7d: shutdown FollowerState
2019-10-17 07:43:42,815 [Thread-2217] INFO  impl.RaftServerImpl (RaftServerImpl.java:setRole(184)) - 2a93f7e5-ecb9-41da-9c47-70e13ba76d7d@group-A9EE991D717F: changes role from  FOLLOWER to CANDIDATE at term 288 for changeToCandidate
2019-10-17 07:43:42,815 [Thread-2217] INFO  impl.RoleInfo (RoleInfo.java:updateAndGet(143)) - 2a93f7e5-ecb9-41da-9c47-70e13ba76d7d: start LeaderElection
2019-10-17 07:43:42,839 [2a93f7e5-ecb9-41da-9c47-70e13ba76d7d@group-A9EE991D717F-LeaderElection272] INFO  impl.LeaderElection (LeaderElection.java:askForVotes(178)) - 2a93f7e5-ecb9-41da-9c47-70e13ba76d7d@group-A9EE991D717F-LeaderElection272: begin an election at term 289 for 0: [37bd8e8c-ea68-4b1c-8659-8d001c4f3b5c:192.168.34.62:41632, 24020d0b-ce61-4f5a-b0b0-c561541e8cd4:192.168.34.62:42892, 2a93f7e5-ecb9-41da-9c47-70e13ba76d7d:192.168.34.62:35412], old=null
2019-10-17 07:43:42,841 [grpc-default-executor-1] INFO  impl.RaftServerImpl (RaftServerImpl.java:setRole(184)) - 37bd8e8c-ea68-4b1c-8659-8d001c4f3b5c@group-A9EE991D717F: changes role from  FOLLOWER to FOLLOWER at term 289 for recognizeCandidate:2a93f7e5-ecb9-41da-9c47-70e13ba76d7d
2019-10-17 07:43:42,841 [grpc-default-executor-1] INFO  impl.RoleInfo (RoleInfo.java:shutdownFollowerState(121)) - 37bd8e8c-ea68-4b1c-8659-8d001c4f3b5c: shutdown FollowerState
2019-10-17 07:43:42,842 [grpc-default-executor-0] INFO  impl.RaftServerImpl (RaftServerImpl.java:setRole(184)) - 24020d0b-ce61-4f5a-b0b0-c561541e8cd4@group-A9EE991D717F: changes role from  FOLLOWER to FOLLOWER at term 289 for recognizeCandidate:2a93f7e5-ecb9-41da-9c47-70e13ba76d7d
2019-10-17 07:43:42,842 [Thread-2215] INFO  impl.FollowerState (FollowerState.java:run(117)) - 37bd8e8c-ea68-4b1c-8659-8d001c4f3b5c@group-A9EE991D717F-FollowerState was interrupted: java.lang.InterruptedException: sleep interrupted
2019-10-17 07:43:42,842 [grpc-default-executor-1] INFO  impl.RoleInfo (RoleInfo.java:updateAndGet(143)) - 37bd8e8c-ea68-4b1c-8659-8d001c4f3b5c: start FollowerState
2019-10-17 07:43:42,842 [grpc-default-executor-0] INFO  impl.RoleInfo (RoleInfo.java:shutdownFollowerState(121)) - 24020d0b-ce61-4f5a-b0b0-c561541e8cd4: shutdown FollowerState
2019-10-17 07:43:42,842 [grpc-default-executor-0] INFO  impl.RoleInfo (RoleInfo.java:updateAndGet(143)) - 24020d0b-ce61-4f5a-b0b0-c561541e8cd4: start FollowerState
2019-10-17 07:43:42,842 [Thread-2216] INFO  impl.FollowerState (FollowerState.java:run(117)) - 24020d0b-ce61-4f5a-b0b0-c561541e8cd4@group-A9EE991D717F-FollowerState was interrupted: java.lang.InterruptedException: sleep interrupted
2019-10-17 07:43:42,876 [2a93f7e5-ecb9-41da-9c47-70e13ba76d7d@group-A9EE991D717F-LeaderElection272] INFO  impl.LeaderElection (LeaderElection.java:logAndReturn(56)) - 2a93f7e5-ecb9-41da-9c47-70e13ba76d7d@group-A9EE991D717F-LeaderElection272: Election REJECTED; received 2 response(s) [2a93f7e5-ecb9-41da-9c47-70e13ba76d7d<-37bd8e8c-ea68-4b1c-8659-8d001c4f3b5c#0:FAIL-t289, 2a93f7e5-ecb9-41da-9c47-70e13ba76d7d<-24020d0b-ce61-4f5a-b0b0-c561541e8cd4#0:FAIL-t289] and 0 exception(s); 2a93f7e5-ecb9-41da-9c47-70e13ba76d7d@group-A9EE991D717F:t289, leader=null, voted=2a93f7e5-ecb9-41da-9c47-70e13ba76d7d, raftlog=2a93f7e5-ecb9-41da-9c47-70e13ba76d7d@group-A9EE991D717F-SegmentedRaftLog:OPENED:c-1,f0,i0, conf=0: [37bd8e8c-ea68-4b1c-8659-8d001c4f3b5c:192.168.34.62:41632, 24020d0b-ce61-4f5a-b0b0-c561541e8cd4:192.168.34.62:42892, 2a93f7e5-ecb9-41da-9c47-70e13ba76d7d:192.168.34.62:35412], old=null
2019-10-17 07:43:42,876 [2a93f7e5-ecb9-41da-9c47-70e13ba76d7d@group-A9EE991D717F-LeaderElection272] INFO  impl.RaftServerImpl (RaftServerImpl.java:setRole(184)) - 2a93f7e5-ecb9-41da-9c47-70e13ba76d7d@group-A9EE991D717F: changes role from CANDIDATE to FOLLOWER at term 289 for DISCOVERED_A_NEW_TERM
2019-10-17 07:43:42,876 [2a93f7e5-ecb9-41da-9c47-70e13ba76d7d@group-A9EE991D717F-LeaderElection272] INFO  impl.RoleInfo (RoleInfo.java:shutdownLeaderElection(134)) - 2a93f7e5-ecb9-41da-9c47-70e13ba76d7d: shutdown LeaderElection
2019-10-17 07:43:42,876 [2a93f7e5-ecb9-41da-9c47-70e13ba76d7d@group-A9EE991D717F-LeaderElection272] INFO  impl.RoleInfo (RoleInfo.java:updateAndGet(143)) - 2a93f7e5-ecb9-41da-9c47-70e13ba76d7d: start FollowerState
2019-10-17 07:43:42,976 [Thread-2223] INFO  impl.FollowerState (FollowerState.java:run(108)) - 2a93f7e5-ecb9-41da-9c47-70e13ba76d7d@group-A9EE991D717F-FollowerState: change to CANDIDATE, lastRpcTime:99ms, electionTimeout:99ms
2019-10-17 07:43:42,976 [Thread-2223] INFO  impl.RoleInfo (RoleInfo.java:shutdownFollowerState(121)) - 2a93f7e5-ecb9-41da-9c47-70e13ba76d7d: shutdown FollowerState
2019-10-17 07:43:42,976 [Thread-2223] INFO  impl.RaftServerImpl (RaftServerImpl.java:setRole(184)) - 2a93f7e5-ecb9-41da-9c47-70e13ba76d7d@group-A9EE991D717F: changes role from  FOLLOWER to CANDIDATE at term 289 for changeToCandidate
2019-10-17 07:43:42,977 [Thread-2223] INFO  impl.RoleInfo (RoleInfo.java:updateAndGet(143)) - 2a93f7e5-ecb9-41da-9c47-70e13ba76d7d: start LeaderElection
2019-10-17 07:43:43,001 [2a93f7e5-ecb9-41da-9c47-70e13ba76d7d@group-A9EE991D717F-LeaderElection273] INFO  impl.LeaderElection (LeaderElection.java:askForVotes(178)) - 2a93f7e5-ecb9-41da-9c47-70e13ba76d7d@group-A9EE991D717F-LeaderElection273: begin an election at term 290 for 0: [37bd8e8c-ea68-4b1c-8659-8d001c4f3b5c:192.168.34.62:41632, 24020d0b-ce61-4f5a-b0b0-c561541e8cd4:192.168.34.62:42892, 2a93f7e5-ecb9-41da-9c47-70e13ba76d7d:192.168.34.62:35412], old=null
2019-10-17 07:43:43,004 [grpc-default-executor-0] INFO  impl.RaftServerImpl (RaftServerImpl.java:setRole(184)) - 37bd8e8c-ea68-4b1c-8659-8d001c4f3b5c@group-A9EE991D717F: changes role from  FOLLOWER to FOLLOWER at term 290 for recognizeCandidate:2a93f7e5-ecb9-41da-9c47-70e13ba76d7d
2019-10-17 07:43:43,004 [grpc-default-executor-0] INFO  impl.RoleInfo (RoleInfo.java:shutdownFollowerState(121)) - 37bd8e8c-ea68-4b1c-8659-8d001c4f3b5c: shutdown FollowerState
2019-10-17 07:43:43,004 [grpc-default-executor-1] INFO  impl.RaftServerImpl (RaftServerImpl.java:setRole(184)) - 24020d0b-ce61-4f5a-b0b0-c561541e8cd4@group-A9EE991D717F: changes role from  FOLLOWER to FOLLOWER at term 290 for recognizeCandidate:2a93f7e5-ecb9-41da-9c47-70e13ba76d7d
2019-10-17 07:43:43,004 [Thread-2221] INFO  impl.FollowerState (FollowerState.java:run(117)) - 37bd8e8c-ea68-4b1c-8659-8d001c4f3b5c@group-A9EE991D717F-FollowerState was interrupted: java.lang.InterruptedException: sleep interrupted
2019-10-17 07:43:43,004 [grpc-default-executor-0] INFO  impl.RoleInfo (RoleInfo.java:updateAndGet(143)) - 37bd8e8c-ea68-4b1c-8659-8d001c4f3b5c: start FollowerState
2019-10-17 07:43:43,005 [grpc-default-executor-1] INFO  impl.RoleInfo (RoleInfo.java:shutdownFollowerState(121)) - 24020d0b-ce61-4f5a-b0b0-c561541e8cd4: shutdown FollowerState
2019-10-17 07:43:43,005 [grpc-default-executor-1] INFO  impl.RoleInfo (RoleInfo.java:updateAndGet(143)) - 24020d0b-ce61-4f5a-b0b0-c561541e8cd4: start FollowerState
2019-10-17 07:43:43,005 [Thread-2222] INFO  impl.FollowerState (FollowerState.java:run(117)) - 24020d0b-ce61-4f5a-b0b0-c561541e8cd4@group-A9EE991D717F-FollowerState was interrupted: java.lang.InterruptedException: sleep interrupted
2019-10-17 07:43:43,029 [2a93f7e5-ecb9-41da-9c47-70e13ba76d7d@group-A9EE991D717F-LeaderElection273] INFO  impl.LeaderElection (LeaderElection.java:logAndReturn(56)) - 2a93f7e5-ecb9-41da-9c47-70e13ba76d7d@group-A9EE991D717F-LeaderElection273: Election REJECTED; received 2 response(s) [2a93f7e5-ecb9-41da-9c47-70e13ba76d7d<-37bd8e8c-ea68-4b1c-8659-8d001c4f3b5c#0:FAIL-t290, 2a93f7e5-ecb9-41da-9c47-70e13ba76d7d<-24020d0b-ce61-4f5a-b0b0-c561541e8cd4#0:FAIL-t290] and 0 exception(s); 2a93f7e5-ecb9-41da-9c47-70e13ba76d7d@group-A9EE991D717F:t290, leader=null, voted=2a93f7e5-ecb9-41da-9c47-70e13ba76d7d, raftlog=2a93f7e5-ecb9-41da-9c47-70e13ba76d7d@group-A9EE991D717F-SegmentedRaftLog:OPENED:c-1,f0,i0, conf=0: [37bd8e8c-ea68-4b1c-8659-8d001c4f3b5c:192.168.34.62:41632, 24020d0b-ce61-4f5a-b0b0-c561541e8cd4:192.168.34.62:42892, 2a93f7e5-ecb9-41da-9c47-70e13ba76d7d:192.168.34.62:35412], old=null
2019-10-17 07:43:43,029 [2a93f7e5-ecb9-41da-9c47-70e13ba76d7d@group-A9EE991D717F-LeaderElection273] INFO  impl.RaftServerImpl (RaftServerImpl.java:setRole(184)) - 2a93f7e5-ecb9-41da-9c47-70e13ba76d7d@group-A9EE991D717F: changes role from CANDIDATE to FOLLOWER at term 290 for DISCOVERED_A_NEW_TERM
2019-10-17 07:43:43,029 [2a93f7e5-ecb9-41da-9c47-70e13ba76d7d@group-A9EE991D717F-LeaderElection273] INFO  impl.RoleInfo (RoleInfo.java:shutdownLeaderElection(134)) - 2a93f7e5-ecb9-41da-9c47-70e13ba76d7d: shutdown LeaderElection
2019-10-17 07:43:43,029 [2a93f7e5-ecb9-41da-9c47-70e13ba76d7d@group-A9EE991D717F-LeaderElection273] INFO  impl.RoleInfo (RoleInfo.java:updateAndGet(143)) - 2a93f7e5-ecb9-41da-9c47-70e13ba76d7d: start FollowerState
2019-10-17 07:43:43,120 [Thread-2229] INFO  impl.FollowerState (FollowerState.java:run(108)) - 2a93f7e5-ecb9-41da-9c47-70e13ba76d7d@group-A9EE991D717F-FollowerState: change to CANDIDATE, lastRpcTime:90ms, electionTimeout:90ms
2019-10-17 07:43:43,120 [Thread-2229] INFO  impl.RoleInfo (RoleInfo.java:shutdownFollowerState(121)) - 2a93f7e5-ecb9-41da-9c47-70e13ba76d7d: shutdown FollowerState
2019-10-17 07:43:43,120 [Thread-2229] INFO  impl.RaftServerImpl (RaftServerImpl.java:setRole(184)) - 2a93f7e5-ecb9-41da-9c47-70e13ba76d7d@group-A9EE991D717F: changes role from  FOLLOWER to CANDIDATE at term 290 for changeToCandidate
2019-10-17 07:43:43,120 [Thread-2229] INFO  impl.RoleInfo (RoleInfo.java:updateAndGet(143)) - 2a93f7e5-ecb9-41da-9c47-70e13ba76d7d: start LeaderElection
2019-10-17 07:43:43,166 [2a93f7e5-ecb9-41da-9c47-70e13ba76d7d@group-A9EE991D717F-LeaderElection274] INFO  impl.LeaderElection (LeaderElection.java:askForVotes(178)) - 2a93f7e5-ecb9-41da-9c47-70e13ba76d7d@group-A9EE991D717F-LeaderElection274: begin an election at term 291 for 0: [37bd8e8c-ea68-4b1c-8659-8d001c4f3b5c:192.168.34.62:41632, 24020d0b-ce61-4f5a-b0b0-c561541e8cd4:192.168.34.62:42892, 2a93f7e5-ecb9-41da-9c47-70e13ba76d7d:192.168.34.62:35412], old=null
2019-10-17 07:43:43,168 [grpc-default-executor-0] INFO  impl.RaftServerImpl (RaftServerImpl.java:setRole(184)) - 37bd8e8c-ea68-4b1c-8659-8d001c4f3b5c@group-A9EE991D717F: changes role from  FOLLOWER to FOLLOWER at term 291 for recognizeCandidate:2a93f7e5-ecb9-41da-9c47-70e13ba76d7d
2019-10-17 07:43:43,168 [grpc-default-executor-0] INFO  impl.RoleInfo (RoleInfo.java:shutdownFollowerState(121)) - 37bd8e8c-ea68-4b1c-8659-8d001c4f3b5c: shutdown FollowerState
2019-10-17 07:43:43,168 [grpc-default-executor-1] INFO  impl.RaftServerImpl (RaftServerImpl.java:setRole(184)) - 24020d0b-ce61-4f5a-b0b0-c561541e8cd4@group-A9EE991D717F: changes role from  FOLLOWER to FOLLOWER at term 291 for recognizeCandidate:2a93f7e5-ecb9-41da-9c47-70e13ba76d7d
2019-10-17 07:43:43,168 [grpc-default-executor-0] INFO  impl.RoleInfo (RoleInfo.java:updateAndGet(143)) - 37bd8e8c-ea68-4b1c-8659-8d001c4f3b5c: start FollowerState
2019-10-17 07:43:43,168 [grpc-default-executor-1] INFO  impl.RoleInfo (RoleInfo.java:shutdownFollowerState(121)) - 24020d0b-ce61-4f5a-b0b0-c561541e8cd4: shutdown FollowerState
2019-10-17 07:43:43,168 [Thread-2227] INFO  impl.FollowerState (FollowerState.java:run(117)) - 37bd8e8c-ea68-4b1c-8659-8d001c4f3b5c@group-A9EE991D717F-FollowerState was interrupted: java.lang.InterruptedException: sleep interrupted
2019-10-17 07:43:43,169 [Thread-2228] INFO  impl.FollowerState (FollowerState.java:run(117)) - 24020d0b-ce61-4f5a-b0b0-c561541e8cd4@group-A9EE991D717F-FollowerState was interrupted: java.lang.InterruptedException: sleep interrupted
2019-10-17 07:43:43,169 [grpc-default-executor-1] INFO  impl.RoleInfo (RoleInfo.java:updateAndGet(143)) - 24020d0b-ce61-4f5a-b0b0-c561541e8cd4: start FollowerState
2019-10-17 07:43:43,192 [2a93f7e5-ecb9-41da-9c47-70e13ba76d7d@group-A9EE991D717F-LeaderElection274] INFO  impl.LeaderElection (LeaderElection.java:logAndReturn(56)) - 2a93f7e5-ecb9-41da-9c47-70e13ba76d7d@group-A9EE991D717F-LeaderElection274: Election REJECTED; received 2 response(s) [2a93f7e5-ecb9-41da-9c47-70e13ba76d7d<-37bd8e8c-ea68-4b1c-8659-8d001c4f3b5c#0:FAIL-t291, 2a93f7e5-ecb9-41da-9c47-70e13ba76d7d<-24020d0b-ce61-4f5a-b0b0-c561541e8cd4#0:FAIL-t291] and 0 exception(s); 2a93f7e5-ecb9-41da-9c47-70e13ba76d7d@group-A9EE991D717F:t291, leader=null, voted=2a93f7e5-ecb9-41da-9c47-70e13ba76d7d, raftlog=2a93f7e5-ecb9-41da-9c47-70e13ba76d7d@group-A9EE991D717F-SegmentedRaftLog:OPENED:c-1,f0,i0, conf=0: [37bd8e8c-ea68-4b1c-8659-8d001c4f3b5c:192.168.34.62:41632, 24020d0b-ce61-4f5a-b0b0-c561541e8cd4:192.168.34.62:42892, 2a93f7e5-ecb9-41da-9c47-70e13ba76d7d:192.168.34.62:35412], old=null
2019-10-17 07:43:43,192 [2a93f7e5-ecb9-41da-9c47-70e13ba76d7d@group-A9EE991D717F-LeaderElection274] INFO  impl.RaftServerImpl (RaftServerImpl.java:setRole(184)) - 2a93f7e5-ecb9-41da-9c47-70e13ba76d7d@group-A9EE991D717F: changes role from CANDIDATE to FOLLOWER at term 291 for DISCOVERED_A_NEW_TERM
2019-10-17 07:43:43,192 [2a93f7e5-ecb9-41da-9c47-70e13ba76d7d@group-A9EE991D717F-LeaderElection274] INFO  impl.RoleInfo (RoleInfo.java:shutdownLeaderElection(134)) - 2a93f7e5-ecb9-41da-9c47-70e13ba76d7d: shutdown LeaderElection
2019-10-17 07:43:43,192 [2a93f7e5-ecb9-41da-9c47-70e13ba76d7d@group-A9EE991D717F-LeaderElection274] INFO  impl.RoleInfo (RoleInfo.java:updateAndGet(143)) - 2a93f7e5-ecb9-41da-9c47-70e13ba76d7d: start FollowerState
2019-10-17 07:43:43,355 [Thread-2235] INFO  impl.FollowerState (FollowerState.java:run(108)) - 2a93f7e5-ecb9-41da-9c47-70e13ba76d7d@group-A9EE991D717F-FollowerState: change to CANDIDATE, lastRpcTime:163ms, electionTimeout:163ms
2019-10-17 07:43:43,355 [Thread-2235] INFO  impl.RoleInfo (RoleInfo.java:shutdownFollowerState(121)) - 2a93f7e5-ecb9-41da-9c47-70e13ba76d7d: shutdown FollowerState
2019-10-17 07:43:43,356 [Thread-2235] INFO  impl.RaftServerImpl (RaftServerImpl.java:setRole(184)) - 2a93f7e5-ecb9-41da-9c47-70e13ba76d7d@group-A9EE991D717F: changes role from  FOLLOWER to CANDIDATE at term 291 for changeToCandidate
2019-10-17 07:43:43,356 [Thread-2235] INFO  impl.RoleInfo (RoleInfo.java:updateAndGet(143)) - 2a93f7e5-ecb9-41da-9c47-70e13ba76d7d: start LeaderElection
2019-10-17 07:43:43,383 [2a93f7e5-ecb9-41da-9c47-70e13ba76d7d@group-A9EE991D717F-LeaderElection275] INFO  impl.LeaderElection (LeaderElection.java:askForVotes(178)) - 2a93f7e5-ecb9-41da-9c47-70e13ba76d7d@group-A9EE991D717F-LeaderElection275: begin an election at term 292 for 0: [37bd8e8c-ea68-4b1c-8659-8d001c4f3b5c:192.168.34.62:41632, 24020d0b-ce61-4f5a-b0b0-c561541e8cd4:192.168.34.62:42892, 2a93f7e5-ecb9-41da-9c47-70e13ba76d7d:192.168.34.62:35412], old=null
2019-10-17 07:43:43,385 [grpc-default-executor-1] INFO  impl.RaftServerImpl (RaftServerImpl.java:setRole(184)) - 37bd8e8c-ea68-4b1c-8659-8d001c4f3b5c@group-A9EE991D717F: changes role from  FOLLOWER to FOLLOWER at term 292 for recognizeCandidate:2a93f7e5-ecb9-41da-9c47-70e13ba76d7d
2019-10-17 07:43:43,386 [grpc-default-executor-1] INFO  impl.RoleInfo (RoleInfo.java:shutdownFollowerState(121)) - 37bd8e8c-ea68-4b1c-8659-8d001c4f3b5c: shutdown FollowerState
2019-10-17 07:43:43,386 [grpc-default-executor-1] INFO  impl.RoleInfo (RoleInfo.java:updateAndGet(143)) - 37bd8e8c-ea68-4b1c-8659-8d001c4f3b5c: start FollowerState
2019-10-17 07:43:43,386 [grpc-default-executor-0] INFO  impl.RaftServerImpl (RaftServerImpl.java:setRole(184)) - 24020d0b-ce61-4f5a-b0b0-c561541e8cd4@group-A9EE991D717F: changes role from  FOLLOWER to FOLLOWER at term 292 for recognizeCandidate:2a93f7e5-ecb9-41da-9c47-70e13ba76d7d
2019-10-17 07:43:43,386 [grpc-default-executor-0] INFO  impl.RoleInfo (RoleInfo.java:shutdownFollowerState(121)) - 24020d0b-ce61-4f5a-b0b0-c561541e8cd4: shutdown FollowerState
2019-10-17 07:43:43,386 [Thread-2233] INFO  impl.FollowerState (FollowerState.java:run(117)) - 37bd8e8c-ea68-4b1c-8659-8d001c4f3b5c@group-A9EE991D717F-FollowerState was interrupted: java.lang.InterruptedException: sleep interrupted
2019-10-17 07:43:43,386 [Thread-2234] INFO  impl.FollowerState (FollowerState.java:run(117)) - 24020d0b-ce61-4f5a-b0b0-c561541e8cd4@group-A9EE991D717F-FollowerState was interrupted: java.lang.InterruptedException: sleep interrupted
2019-10-17 07:43:43,386 [grpc-default-executor-0] INFO  impl.RoleInfo (RoleInfo.java:updateAndGet(143)) - 24020d0b-ce61-4f5a-b0b0-c561541e8cd4: start FollowerState
2019-10-17 07:43:43,409 [2a93f7e5-ecb9-41da-9c47-70e13ba76d7d@group-A9EE991D717F-LeaderElection275] INFO  impl.LeaderElection (LeaderElection.java:logAndReturn(56)) - 2a93f7e5-ecb9-41da-9c47-70e13ba76d7d@group-A9EE991D717F-LeaderElection275: Election TIMEOUT; received 0 response(s) [] and 0 exception(s); 2a93f7e5-ecb9-41da-9c47-70e13ba76d7d@group-A9EE991D717F:t292, leader=null, voted=2a93f7e5-ecb9-41da-9c47-70e13ba76d7d, raftlog=2a93f7e5-ecb9-41da-9c47-70e13ba76d7d@group-A9EE991D717F-SegmentedRaftLog:OPENED:c-1,f0,i0, conf=0: [37bd8e8c-ea68-4b1c-8659-8d001c4f3b5c:192.168.34.62:41632, 24020d0b-ce61-4f5a-b0b0-c561541e8cd4:192.168.34.62:42892, 2a93f7e5-ecb9-41da-9c47-70e13ba76d7d:192.168.34.62:35412], old=null
2019-10-17 07:43:43,525 [2a93f7e5-ecb9-41da-9c47-70e13ba76d7d@group-A9EE991D717F-LeaderElection275] INFO  impl.LeaderElection (LeaderElection.java:askForVotes(178)) - 2a93f7e5-ecb9-41da-9c47-70e13ba76d7d@group-A9EE991D717F-LeaderElection275: begin an election at term 293 for 0: [37bd8e8c-ea68-4b1c-8659-8d001c4f3b5c:192.168.34.62:41632, 24020d0b-ce61-4f5a-b0b0-c561541e8cd4:192.168.34.62:42892, 2a93f7e5-ecb9-41da-9c47-70e13ba76d7d:192.168.34.62:35412], old=null
2019-10-17 07:43:43,527 [grpc-default-executor-1] INFO  impl.RaftServerImpl (RaftServerImpl.java:setRole(184)) - 37bd8e8c-ea68-4b1c-8659-8d001c4f3b5c@group-A9EE991D717F: changes role from  FOLLOWER to FOLLOWER at term 293 for recognizeCandidate:2a93f7e5-ecb9-41da-9c47-70e13ba76d7d
2019-10-17 07:43:43,528 [grpc-default-executor-1] INFO  impl.RoleInfo (RoleInfo.java:shutdownFollowerState(121)) - 37bd8e8c-ea68-4b1c-8659-8d001c4f3b5c: shutdown FollowerState
2019-10-17 07:43:43,527 [grpc-default-executor-0] INFO  impl.RaftServerImpl (RaftServerImpl.java:setRole(184)) - 24020d0b-ce61-4f5a-b0b0-c561541e8cd4@group-A9EE991D717F: changes role from  FOLLOWER to FOLLOWER at term 293 for recognizeCandidate:2a93f7e5-ecb9-41da-9c47-70e13ba76d7d
2019-10-17 07:43:43,528 [grpc-default-executor-0] INFO  impl.RoleInfo (RoleInfo.java:shutdownFollowerState(121)) - 24020d0b-ce61-4f5a-b0b0-c561541e8cd4: shutdown FollowerState
2019-10-17 07:43:43,528 [Thread-2239] INFO  impl.FollowerState (FollowerState.java:run(117)) - 37bd8e8c-ea68-4b1c-8659-8d001c4f3b5c@group-A9EE991D717F-FollowerState was interrupted: java.lang.InterruptedException: sleep interrupted
2019-10-17 07:43:43,528 [grpc-default-executor-1] INFO  impl.RoleInfo (RoleInfo.java:updateAndGet(143)) - 37bd8e8c-ea68-4b1c-8659-8d001c4f3b5c: start FollowerState
2019-10-17 07:43:43,528 [Thread-2240] INFO  impl.FollowerState (FollowerState.java:run(117)) - 24020d0b-ce61-4f5a-b0b0-c561541e8cd4@group-A9EE991D717F-FollowerState was interrupted: java.lang.InterruptedException: sleep interrupted
2019-10-17 07:43:43,528 [grpc-default-executor-0] INFO  impl.RoleInfo (RoleInfo.java:updateAndGet(143)) - 24020d0b-ce61-4f5a-b0b0-c561541e8cd4: start FollowerState
2019-10-17 07:43:43,551 [2a93f7e5-ecb9-41da-9c47-70e13ba76d7d@group-A9EE991D717F-LeaderElection275] INFO  impl.LeaderElection (LeaderElection.java:logAndReturn(56)) - 2a93f7e5-ecb9-41da-9c47-70e13ba76d7d@group-A9EE991D717F-LeaderElection275: Election REJECTED; received 2 response(s) [2a93f7e5-ecb9-41da-9c47-70e13ba76d7d<-37bd8e8c-ea68-4b1c-8659-8d001c4f3b5c#0:FAIL-t293, 2a93f7e5-ecb9-41da-9c47-70e13ba76d7d<-24020d0b-ce61-4f5a-b0b0-c561541e8cd4#0:FAIL-t293] and 0 exception(s); 2a93f7e5-ecb9-41da-9c47-70e13ba76d7d@group-A9EE991D717F:t293, leader=null, voted=2a93f7e5-ecb9-41da-9c47-70e13ba76d7d, raftlog=2a93f7e5-ecb9-41da-9c47-70e13ba76d7d@group-A9EE991D717F-SegmentedRaftLog:OPENED:c-1,f0,i0, conf=0: [37bd8e8c-ea68-4b1c-8659-8d001c4f3b5c:192.168.34.62:41632, 24020d0b-ce61-4f5a-b0b0-c561541e8cd4:192.168.34.62:42892, 2a93f7e5-ecb9-41da-9c47-70e13ba76d7d:192.168.34.62:35412], old=null
2019-10-17 07:43:43,552 [2a93f7e5-ecb9-41da-9c47-70e13ba76d7d@group-A9EE991D717F-LeaderElection275] INFO  impl.RaftServerImpl (RaftServerImpl.java:setRole(184)) - 2a93f7e5-ecb9-41da-9c47-70e13ba76d7d@group-A9EE991D717F: changes role from CANDIDATE to FOLLOWER at term 293 for DISCOVERED_A_NEW_TERM
2019-10-17 07:43:43,552 [2a93f7e5-ecb9-41da-9c47-70e13ba76d7d@group-A9EE991D717F-LeaderElection275] INFO  impl.RoleInfo (RoleInfo.java:shutdownLeaderElection(134)) - 2a93f7e5-ecb9-41da-9c47-70e13ba76d7d: shutdown LeaderElection
2019-10-17 07:43:43,552 [2a93f7e5-ecb9-41da-9c47-70e13ba76d7d@group-A9EE991D717F-LeaderElection275] INFO  impl.RoleInfo (RoleInfo.java:updateAndGet(143)) - 2a93f7e5-ecb9-41da-9c47-70e13ba76d7d: start FollowerState
2019-10-17 07:43:43,663 [Thread-2245] INFO  impl.FollowerState (FollowerState.java:run(108)) - 2a93f7e5-ecb9-41da-9c47-70e13ba76d7d@group-A9EE991D717F-FollowerState: change to CANDIDATE, lastRpcTime:111ms, electionTimeout:111ms
2019-10-17 07:43:43,663 [Thread-2245] INFO  impl.RoleInfo (RoleInfo.java:shutdownFollowerState(121)) - 2a93f7e5-ecb9-41da-9c47-70e13ba76d7d: shutdown FollowerState
2019-10-17 07:43:43,663 [Thread-2245] INFO  impl.RaftServerImpl (RaftServerImpl.java:setRole(184)) - 2a93f7e5-ecb9-41da-9c47-70e13ba76d7d@group-A9EE991D717F: changes role from  FOLLOWER to CANDIDATE at term 293 for changeToCandidate
2019-10-17 07:43:43,664 [Thread-2245] INFO  impl.RoleInfo (RoleInfo.java:updateAndGet(143)) - 2a93f7e5-ecb9-41da-9c47-70e13ba76d7d: start LeaderElection
2019-10-17 07:43:43,701 [2a93f7e5-ecb9-41da-9c47-70e13ba76d7d@group-A9EE991D717F-LeaderElection276] INFO  impl.LeaderElection (LeaderElection.java:askForVotes(178)) - 2a93f7e5-ecb9-41da-9c47-70e13ba76d7d@group-A9EE991D717F-LeaderElection276: begin an election at term 294 for 0: [37bd8e8c-ea68-4b1c-8659-8d001c4f3b5c:192.168.34.62:41632, 24020d0b-ce61-4f5a-b0b0-c561541e8cd4:192.168.34.62:42892, 2a93f7e5-ecb9-41da-9c47-70e13ba76d7d:192.168.34.62:35412], old=null
2019-10-17 07:43:43,703 [grpc-default-executor-0] INFO  impl.RaftServerImpl (RaftServerImpl.java:setRole(184)) - 37bd8e8c-ea68-4b1c-8659-8d001c4f3b5c@group-A9EE991D717F: changes role from  FOLLOWER to FOLLOWER at term 294 for recognizeCandidate:2a93f7e5-ecb9-41da-9c47-70e13ba76d7d
2019-10-17 07:43:43,703 [grpc-default-executor-1] INFO  impl.RaftServerImpl (RaftServerImpl.java:setRole(184)) - 24020d0b-ce61-4f5a-b0b0-c561541e8cd4@group-A9EE991D717F: changes role from  FOLLOWER to FOLLOWER at term 294 for recognizeCandidate:2a93f7e5-ecb9-41da-9c47-70e13ba76d7d
2019-10-17 07:43:43,704 [grpc-default-executor-0] INFO  impl.RoleInfo (RoleInfo.java:shutdownFollowerState(121)) - 37bd8e8c-ea68-4b1c-8659-8d001c4f3b5c: shutdown FollowerState
2019-10-17 07:43:43,704 [grpc-default-executor-1] INFO  impl.RoleInfo (RoleInfo.java:shutdownFollowerState(121)) - 24020d0b-ce61-4f5a-b0b0-c561541e8cd4: shutdown FollowerState
2019-10-17 07:43:43,704 [Thread-2243] INFO  impl.FollowerState (FollowerState.java:run(117)) - 37bd8e8c-ea68-4b1c-8659-8d001c4f3b5c@group-A9EE991D717F-FollowerState was interrupted: java.lang.InterruptedException: sleep interrupted
2019-10-17 07:43:43,704 [grpc-default-executor-0] INFO  impl.RoleInfo (RoleInfo.java:updateAndGet(143)) - 37bd8e8c-ea68-4b1c-8659-8d001c4f3b5c: start FollowerState
2019-10-17 07:43:43,704 [Thread-2244] INFO  impl.FollowerState (FollowerState.java:run(117)) - 24020d0b-ce61-4f5a-b0b0-c561541e8cd4@group-A9EE991D717F-FollowerState was interrupted: java.lang.InterruptedException: sleep interrupted
2019-10-17 07:43:43,704 [grpc-default-executor-1] INFO  impl.RoleInfo (RoleInfo.java:updateAndGet(143)) - 24020d0b-ce61-4f5a-b0b0-c561541e8cd4: start FollowerState
2019-10-17 07:43:43,727 [2a93f7e5-ecb9-41da-9c47-70e13ba76d7d@group-A9EE991D717F-LeaderElection276] INFO  impl.LeaderElection (LeaderElection.java:logAndReturn(56)) - 2a93f7e5-ecb9-41da-9c47-70e13ba76d7d@group-A9EE991D717F-LeaderElection276: Election REJECTED; received 2 response(s) [2a93f7e5-ecb9-41da-9c47-70e13ba76d7d<-37bd8e8c-ea68-4b1c-8659-8d001c4f3b5c#0:FAIL-t294, 2a93f7e5-ecb9-41da-9c47-70e13ba76d7d<-24020d0b-ce61-4f5a-b0b0-c561541e8cd4#0:FAIL-t294] and 0 exception(s); 2a93f7e5-ecb9-41da-9c47-70e13ba76d7d@group-A9EE991D717F:t294, leader=null, voted=2a93f7e5-ecb9-41da-9c47-70e13ba76d7d, raftlog=2a93f7e5-ecb9-41da-9c47-70e13ba76d7d@group-A9EE991D717F-SegmentedRaftLog:OPENED:c-1,f0,i0, conf=0: [37bd8e8c-ea68-4b1c-8659-8d001c4f3b5c:192.168.34.62:41632, 24020d0b-ce61-4f5a-b0b0-c561541e8cd4:192.168.34.62:42892, 2a93f7e5-ecb9-41da-9c47-70e13ba76d7d:192.168.34.62:35412], old=null
2019-10-17 07:43:43,728 [2a93f7e5-ecb9-41da-9c47-70e13ba76d7d@group-A9EE991D717F-LeaderElection276] INFO  impl.RaftServerImpl (RaftServerImpl.java:setRole(184)) - 2a93f7e5-ecb9-41da-9c47-70e13ba76d7d@group-A9EE991D717F: changes role from CANDIDATE to FOLLOWER at term 294 for DISCOVERED_A_NEW_TERM
2019-10-17 07:43:43,728 [2a93f7e5-ecb9-41da-9c47-70e13ba76d7d@group-A9EE991D717F-LeaderElection276] INFO  impl.RoleInfo (RoleInfo.java:shutdownLeaderElection(134)) - 2a93f7e5-ecb9-41da-9c47-70e13ba76d7d: shutdown LeaderElection
2019-10-17 07:43:43,728 [2a93f7e5-ecb9-41da-9c47-70e13ba76d7d@group-A9EE991D717F-LeaderElection276] INFO  impl.RoleInfo (RoleInfo.java:updateAndGet(143)) - 2a93f7e5-ecb9-41da-9c47-70e13ba76d7d: start FollowerState
2019-10-17 07:43:43,729 [Thread-2251] INFO  impl.FollowerState (FollowerState.java:run(108)) - 2a93f7e5-ecb9-41da-9c47-70e13ba76d7d@group-A9EE991D717F-FollowerState: change to CANDIDATE, lastRpcTime:1ms, electionTimeout:1ms
2019-10-17 07:43:43,729 [Thread-2251] INFO  impl.RoleInfo (RoleInfo.java:shutdownFollowerState(121)) - 2a93f7e5-ecb9-41da-9c47-70e13ba76d7d: shutdown FollowerState
2019-10-17 07:43:43,729 [Thread-2251] INFO  impl.RaftServerImpl (RaftServerImpl.java:setRole(184)) - 2a93f7e5-ecb9-41da-9c47-70e13ba76d7d@group-A9EE991D717F: changes role from  FOLLOWER to CANDIDATE at term 294 for changeToCandidate
2019-10-17 07:43:43,730 [Thread-2251] INFO  impl.RoleInfo (RoleInfo.java:updateAndGet(143)) - 2a93f7e5-ecb9-41da-9c47-70e13ba76d7d: start LeaderElection
2019-10-17 07:43:43,752 [2a93f7e5-ecb9-41da-9c47-70e13ba76d7d@group-A9EE991D717F-LeaderElection277] INFO  impl.LeaderElection (LeaderElection.java:askForVotes(178)) - 2a93f7e5-ecb9-41da-9c47-70e13ba76d7d@group-A9EE991D717F-LeaderElection277: begin an election at term 295 for 0: [37bd8e8c-ea68-4b1c-8659-8d001c4f3b5c:192.168.34.62:41632, 24020d0b-ce61-4f5a-b0b0-c561541e8cd4:192.168.34.62:42892, 2a93f7e5-ecb9-41da-9c47-70e13ba76d7d:192.168.34.62:35412], old=null
2019-10-17 07:43:43,754 [grpc-default-executor-1] INFO  impl.RaftServerImpl (RaftServerImpl.java:setRole(184)) - 37bd8e8c-ea68-4b1c-8659-8d001c4f3b5c@group-A9EE991D717F: changes role from  FOLLOWER to FOLLOWER at term 295 for recognizeCandidate:2a93f7e5-ecb9-41da-9c47-70e13ba76d7d
2019-10-17 07:43:43,754 [grpc-default-executor-1] INFO  impl.RoleInfo (RoleInfo.java:shutdownFollowerState(121)) - 37bd8e8c-ea68-4b1c-8659-8d001c4f3b5c: shutdown FollowerState
2019-10-17 07:43:43,754 [grpc-default-executor-1] INFO  impl.RoleInfo (RoleInfo.java:updateAndGet(143)) - 37bd8e8c-ea68-4b1c-8659-8d001c4f3b5c: start FollowerState
2019-10-17 07:43:43,754 [Thread-2249] INFO  impl.FollowerState (FollowerState.java:run(117)) - 37bd8e8c-ea68-4b1c-8659-8d001c4f3b5c@group-A9EE991D717F-FollowerState was interrupted: java.lang.InterruptedException: sleep interrupted
2019-10-17 07:43:43,754 [grpc-default-executor-0] INFO  impl.RaftServerImpl (RaftServerImpl.java:setRole(184)) - 24020d0b-ce61-4f5a-b0b0-c561541e8cd4@group-A9EE991D717F: changes role from  FOLLOWER to FOLLOWER at term 295 for recognizeCandidate:2a93f7e5-ecb9-41da-9c47-70e13ba76d7d
2019-10-17 07:43:43,755 [grpc-default-executor-0] INFO  impl.RoleInfo (RoleInfo.java:shutdownFollowerState(121)) - 24020d0b-ce61-4f5a-b0b0-c561541e8cd4: shutdown FollowerState
2019-10-17 07:43:43,755 [grpc-default-executor-0] INFO  impl.RoleInfo (RoleInfo.java:updateAndGet(143)) - 24020d0b-ce61-4f5a-b0b0-c561541e8cd4: start FollowerState
2019-10-17 07:43:43,755 [Thread-2250] INFO  impl.FollowerState (FollowerState.java:run(117)) - 24020d0b-ce61-4f5a-b0b0-c561541e8cd4@group-A9EE991D717F-FollowerState was interrupted: java.lang.InterruptedException: sleep interrupted
2019-10-17 07:43:43,769 [2a93f7e5-ecb9-41da-9c47-70e13ba76d7d@group-A9EE991D717F-LeaderElection277] INFO  impl.LeaderElection (LeaderElection.java:logAndReturn(56)) - 2a93f7e5-ecb9-41da-9c47-70e13ba76d7d@group-A9EE991D717F-LeaderElection277: Election REJECTED; received 2 response(s) [2a93f7e5-ecb9-41da-9c47-70e13ba76d7d<-37bd8e8c-ea68-4b1c-8659-8d001c4f3b5c#0:FAIL-t295, 2a93f7e5-ecb9-41da-9c47-70e13ba76d7d<-24020d0b-ce61-4f5a-b0b0-c561541e8cd4#0:FAIL-t295] and 0 exception(s); 2a93f7e5-ecb9-41da-9c47-70e13ba76d7d@group-A9EE991D717F:t295, leader=null, voted=2a93f7e5-ecb9-41da-9c47-70e13ba76d7d, raftlog=2a93f7e5-ecb9-41da-9c47-70e13ba76d7d@group-A9EE991D717F-SegmentedRaftLog:OPENED:c-1,f0,i0, conf=0: [37bd8e8c-ea68-4b1c-8659-8d001c4f3b5c:192.168.34.62:41632, 24020d0b-ce61-4f5a-b0b0-c561541e8cd4:192.168.34.62:42892, 2a93f7e5-ecb9-41da-9c47-70e13ba76d7d:192.168.34.62:35412], old=null
2019-10-17 07:43:43,770 [2a93f7e5-ecb9-41da-9c47-70e13ba76d7d@group-A9EE991D717F-LeaderElection277] INFO  impl.RaftServerImpl (RaftServerImpl.java:setRole(184)) - 2a93f7e5-ecb9-41da-9c47-70e13ba76d7d@group-A9EE991D717F: changes role from CANDIDATE to FOLLOWER at term 295 for DISCOVERED_A_NEW_TERM
2019-10-17 07:43:43,770 [2a93f7e5-ecb9-41da-9c47-70e13ba76d7d@group-A9EE991D717F-LeaderElection277] INFO  impl.RoleInfo (RoleInfo.java:shutdownLeaderElection(134)) - 2a93f7e5-ecb9-41da-9c47-70e13ba76d7d: shutdown LeaderElection
2019-10-17 07:43:43,770 [2a93f7e5-ecb9-41da-9c47-70e13ba76d7d@group-A9EE991D717F-LeaderElection277] INFO  impl.RoleInfo (RoleInfo.java:updateAndGet(143)) - 2a93f7e5-ecb9-41da-9c47-70e13ba76d7d: start FollowerState
2019-10-17 07:43:43,806 [Thread-2257] INFO  impl.FollowerState (FollowerState.java:run(108)) - 2a93f7e5-ecb9-41da-9c47-70e13ba76d7d@group-A9EE991D717F-FollowerState: change to CANDIDATE, lastRpcTime:36ms, electionTimeout:36ms
2019-10-17 07:43:43,806 [Thread-2257] INFO  impl.RoleInfo (RoleInfo.java:shutdownFollowerState(121)) - 2a93f7e5-ecb9-41da-9c47-70e13ba76d7d: shutdown FollowerState
2019-10-17 07:43:43,806 [Thread-2257] INFO  impl.RaftServerImpl (RaftServerImpl.java:setRole(184)) - 2a93f7e5-ecb9-41da-9c47-70e13ba76d7d@group-A9EE991D717F: changes role from  FOLLOWER to CANDIDATE at term 295 for changeToCandidate
2019-10-17 07:43:43,807 [Thread-2257] INFO  impl.RoleInfo (RoleInfo.java:updateAndGet(143)) - 2a93f7e5-ecb9-41da-9c47-70e13ba76d7d: start LeaderElection
2019-10-17 07:43:43,831 [2a93f7e5-ecb9-41da-9c47-70e13ba76d7d@group-A9EE991D717F-LeaderElection278] INFO  impl.LeaderElection (LeaderElection.java:askForVotes(178)) - 2a93f7e5-ecb9-41da-9c47-70e13ba76d7d@group-A9EE991D717F-LeaderElection278: begin an election at term 296 for 0: [37bd8e8c-ea68-4b1c-8659-8d001c4f3b5c:192.168.34.62:41632, 24020d0b-ce61-4f5a-b0b0-c561541e8cd4:192.168.34.62:42892, 2a93f7e5-ecb9-41da-9c47-70e13ba76d7d:192.168.34.62:35412], old=null
2019-10-17 07:43:43,832 [grpc-default-executor-1] INFO  impl.RaftServerImpl (RaftServerImpl.java:setRole(184)) - 37bd8e8c-ea68-4b1c-8659-8d001c4f3b5c@group-A9EE991D717F: changes role from  FOLLOWER to FOLLOWER at term 296 for recognizeCandidate:2a93f7e5-ecb9-41da-9c47-70e13ba76d7d
2019-10-17 07:43:43,833 [grpc-default-executor-1] INFO  impl.RoleInfo (RoleInfo.java:shutdownFollowerState(121)) - 37bd8e8c-ea68-4b1c-8659-8d001c4f3b5c: shutdown FollowerState
2019-10-17 07:43:43,833 [grpc-default-executor-0] INFO  impl.RaftServerImpl (RaftServerImpl.java:setRole(184)) - 24020d0b-ce61-4f5a-b0b0-c561541e8cd4@group-A9EE991D717F: changes role from  FOLLOWER to FOLLOWER at term 296 for recognizeCandidate:2a93f7e5-ecb9-41da-9c47-70e13ba76d7d
2019-10-17 07:43:43,833 [Thread-2255] INFO  impl.FollowerState (FollowerState.java:run(117)) - 37bd8e8c-ea68-4b1c-8659-8d001c4f3b5c@group-A9EE991D717F-FollowerState was interrupted: java.lang.InterruptedException: sleep interrupted
2019-10-17 07:43:43,833 [grpc-default-executor-1] INFO  impl.RoleInfo (RoleInfo.java:updateAndGet(143)) - 37bd8e8c-ea68-4b1c-8659-8d001c4f3b5c: start FollowerState
2019-10-17 07:43:43,833 [grpc-default-executor-0] INFO  impl.RoleInfo (RoleInfo.java:shutdownFollowerState(121)) - 24020d0b-ce61-4f5a-b0b0-c561541e8cd4: shutdown FollowerState
2019-10-17 07:43:43,834 [grpc-default-executor-0] INFO  impl.RoleInfo (RoleInfo.java:updateAndGet(143)) - 24020d0b-ce61-4f5a-b0b0-c561541e8cd4: start FollowerState
2019-10-17 07:43:43,834 [Thread-2256] INFO  impl.FollowerState (FollowerState.java:run(117)) - 24020d0b-ce61-4f5a-b0b0-c561541e8cd4@group-A9EE991D717F-FollowerState was interrupted: java.lang.InterruptedException: sleep interrupted
2019-10-17 07:43:43,848 [2a93f7e5-ecb9-41da-9c47-70e13ba76d7d@group-A9EE991D717F-LeaderElection278] INFO  impl.LeaderElection (LeaderElection.java:logAndReturn(56)) - 2a93f7e5-ecb9-41da-9c47-70e13ba76d7d@group-A9EE991D717F-LeaderElection278: Election REJECTED; received 2 response(s) [2a93f7e5-ecb9-41da-9c47-70e13ba76d7d<-37bd8e8c-ea68-4b1c-8659-8d001c4f3b5c#0:FAIL-t296, 2a93f7e5-ecb9-41da-9c47-70e13ba76d7d<-24020d0b-ce61-4f5a-b0b0-c561541e8cd4#0:FAIL-t296] and 0 exception(s); 2a93f7e5-ecb9-41da-9c47-70e13ba76d7d@group-A9EE991D717F:t296, leader=null, voted=2a93f7e5-ecb9-41da-9c47-70e13ba76d7d, raftlog=2a93f7e5-ecb9-41da-9c47-70e13ba76d7d@group-A9EE991D717F-SegmentedRaftLog:OPENED:c-1,f0,i0, conf=0: [37bd8e8c-ea68-4b1c-8659-8d001c4f3b5c:192.168.34.62:41632, 24020d0b-ce61-4f5a-b0b0-c561541e8cd4:192.168.34.62:42892, 2a93f7e5-ecb9-41da-9c47-70e13ba76d7d:192.168.34.62:35412], old=null
2019-10-17 07:43:43,848 [2a93f7e5-ecb9-41da-9c47-70e13ba76d7d@group-A9EE991D717F-LeaderElection278] INFO  impl.RaftServerImpl (RaftServerImpl.java:setRole(184)) - 2a93f7e5-ecb9-41da-9c47-70e13ba76d7d@group-A9EE991D717F: changes role from CANDIDATE to FOLLOWER at term 296 for DISCOVERED_A_NEW_TERM
2019-10-17 07:43:43,848 [2a93f7e5-ecb9-41da-9c47-70e13ba76d7d@group-A9EE991D717F-LeaderElection278] INFO  impl.RoleInfo (RoleInfo.java:shutdownLeaderElection(134)) - 2a93f7e5-ecb9-41da-9c47-70e13ba76d7d: shutdown LeaderElection
2019-10-17 07:43:43,849 [2a93f7e5-ecb9-41da-9c47-70e13ba76d7d@group-A9EE991D717F-LeaderElection278] INFO  impl.RoleInfo (RoleInfo.java:updateAndGet(143)) - 2a93f7e5-ecb9-41da-9c47-70e13ba76d7d: start FollowerState
2019-10-17 07:43:43,881 [Thread-2263] INFO  impl.FollowerState (FollowerState.java:run(108)) - 2a93f7e5-ecb9-41da-9c47-70e13ba76d7d@group-A9EE991D717F-FollowerState: change to CANDIDATE, lastRpcTime:32ms, electionTimeout:32ms
2019-10-17 07:43:43,881 [Thread-2263] INFO  impl.RoleInfo (RoleInfo.java:shutdownFollowerState(121)) - 2a93f7e5-ecb9-41da-9c47-70e13ba76d7d: shutdown FollowerState
2019-10-17 07:43:43,881 [Thread-2263] INFO  impl.RaftServerImpl (RaftServerImpl.java:setRole(184)) - 2a93f7e5-ecb9-41da-9c47-70e13ba76d7d@group-A9EE991D717F: changes role from  FOLLOWER to CANDIDATE at term 296 for changeToCandidate
2019-10-17 07:43:43,881 [Thread-2263] INFO  impl.RoleInfo (RoleInfo.java:updateAndGet(143)) - 2a93f7e5-ecb9-41da-9c47-70e13ba76d7d: start LeaderElection
2019-10-17 07:43:43,905 [2a93f7e5-ecb9-41da-9c47-70e13ba76d7d@group-A9EE991D717F-LeaderElection279] INFO  impl.LeaderElection (LeaderElection.java:askForVotes(178)) - 2a93f7e5-ecb9-41da-9c47-70e13ba76d7d@group-A9EE991D717F-LeaderElection279: begin an election at term 297 for 0: [37bd8e8c-ea68-4b1c-8659-8d001c4f3b5c:192.168.34.62:41632, 24020d0b-ce61-4f5a-b0b0-c561541e8cd4:192.168.34.62:42892, 2a93f7e5-ecb9-41da-9c47-70e13ba76d7d:192.168.34.62:35412], old=null
2019-10-17 07:43:43,908 [grpc-default-executor-0] INFO  impl.RaftServerImpl (RaftServerImpl.java:setRole(184)) - 37bd8e8c-ea68-4b1c-8659-8d001c4f3b5c@group-A9EE991D717F: changes role from  FOLLOWER to FOLLOWER at term 297 for recognizeCandidate:2a93f7e5-ecb9-41da-9c47-70e13ba76d7d
2019-10-17 07:43:43,908 [grpc-default-executor-0] INFO  impl.RoleInfo (RoleInfo.java:shutdownFollowerState(121)) - 37bd8e8c-ea68-4b1c-8659-8d001c4f3b5c: shutdown FollowerState
2019-10-17 07:43:43,908 [grpc-default-executor-0] INFO  impl.RoleInfo (RoleInfo.java:updateAndGet(143)) - 37bd8e8c-ea68-4b1c-8659-8d001c4f3b5c: start FollowerState
2019-10-17 07:43:43,908 [Thread-2261] INFO  impl.FollowerState (FollowerState.java:run(117)) - 37bd8e8c-ea68-4b1c-8659-8d001c4f3b5c@group-A9EE991D717F-FollowerState was interrupted: java.lang.InterruptedException: sleep interrupted
2019-10-17 07:43:43,908 [grpc-default-executor-1] INFO  impl.RaftServerImpl (RaftServerImpl.java:setRole(184)) - 24020d0b-ce61-4f5a-b0b0-c561541e8cd4@group-A9EE991D717F: changes role from  FOLLOWER to FOLLOWER at term 297 for recognizeCandidate:2a93f7e5-ecb9-41da-9c47-70e13ba76d7d
2019-10-17 07:43:43,909 [grpc-default-executor-1] INFO  impl.RoleInfo (RoleInfo.java:shutdownFollowerState(121)) - 24020d0b-ce61-4f5a-b0b0-c561541e8cd4: shutdown FollowerState
2019-10-17 07:43:43,909 [grpc-default-executor-1] INFO  impl.RoleInfo (RoleInfo.java:updateAndGet(143)) - 24020d0b-ce61-4f5a-b0b0-c561541e8cd4: start FollowerState
2019-10-17 07:43:43,909 [Thread-2262] INFO  impl.FollowerState (FollowerState.java:run(117)) - 24020d0b-ce61-4f5a-b0b0-c561541e8cd4@group-A9EE991D717F-FollowerState was interrupted: java.lang.InterruptedException: sleep interrupted
2019-10-17 07:43:43,932 [2a93f7e5-ecb9-41da-9c47-70e13ba76d7d@group-A9EE991D717F-LeaderElection279] INFO  impl.LeaderElection (LeaderElection.java:logAndReturn(56)) - 2a93f7e5-ecb9-41da-9c47-70e13ba76d7d@group-A9EE991D717F-LeaderElection279: Election REJECTED; received 2 response(s) [2a93f7e5-ecb9-41da-9c47-70e13ba76d7d<-37bd8e8c-ea68-4b1c-8659-8d001c4f3b5c#0:FAIL-t297, 2a93f7e5-ecb9-41da-9c47-70e13ba76d7d<-24020d0b-ce61-4f5a-b0b0-c561541e8cd4#0:FAIL-t297] and 0 exception(s); 2a93f7e5-ecb9-41da-9c47-70e13ba76d7d@group-A9EE991D717F:t297, leader=null, voted=2a93f7e5-ecb9-41da-9c47-70e13ba76d7d, raftlog=2a93f7e5-ecb9-41da-9c47-70e13ba76d7d@group-A9EE991D717F-SegmentedRaftLog:OPENED:c-1,f0,i0, conf=0: [37bd8e8c-ea68-4b1c-8659-8d001c4f3b5c:192.168.34.62:41632, 24020d0b-ce61-4f5a-b0b0-c561541e8cd4:192.168.34.62:42892, 2a93f7e5-ecb9-41da-9c47-70e13ba76d7d:192.168.34.62:35412], old=null
2019-10-17 07:43:43,932 [2a93f7e5-ecb9-41da-9c47-70e13ba76d7d@group-A9EE991D717F-LeaderElection279] INFO  impl.RaftServerImpl (RaftServerImpl.java:setRole(184)) - 2a93f7e5-ecb9-41da-9c47-70e13ba76d7d@group-A9EE991D717F: changes role from CANDIDATE to FOLLOWER at term 297 for DISCOVERED_A_NEW_TERM
2019-10-17 07:43:43,933 [2a93f7e5-ecb9-41da-9c47-70e13ba76d7d@group-A9EE991D717F-LeaderElection279] INFO  impl.RoleInfo (RoleInfo.java:shutdownLeaderElection(134)) - 2a93f7e5-ecb9-41da-9c47-70e13ba76d7d: shutdown LeaderElection
2019-10-17 07:43:43,933 [2a93f7e5-ecb9-41da-9c47-70e13ba76d7d@group-A9EE991D717F-LeaderElection279] INFO  impl.RoleInfo (RoleInfo.java:updateAndGet(143)) - 2a93f7e5-ecb9-41da-9c47-70e13ba76d7d: start FollowerState
2019-10-17 07:43:43,959 [Thread-2269] INFO  impl.FollowerState (FollowerState.java:run(108)) - 2a93f7e5-ecb9-41da-9c47-70e13ba76d7d@group-A9EE991D717F-FollowerState: change to CANDIDATE, lastRpcTime:26ms, electionTimeout:26ms
2019-10-17 07:43:43,959 [Thread-2269] INFO  impl.RoleInfo (RoleInfo.java:shutdownFollowerState(121)) - 2a93f7e5-ecb9-41da-9c47-70e13ba76d7d: shutdown FollowerState
2019-10-17 07:43:43,959 [Thread-2269] INFO  impl.RaftServerImpl (RaftServerImpl.java:setRole(184)) - 2a93f7e5-ecb9-41da-9c47-70e13ba76d7d@group-A9EE991D717F: changes role from  FOLLOWER to CANDIDATE at term 297 for changeToCandidate
2019-10-17 07:43:43,959 [Thread-2269] INFO  impl.RoleInfo (RoleInfo.java:updateAndGet(143)) - 2a93f7e5-ecb9-41da-9c47-70e13ba76d7d: start LeaderElection
2019-10-17 07:43:43,982 [2a93f7e5-ecb9-41da-9c47-70e13ba76d7d@group-A9EE991D717F-LeaderElection280] INFO  impl.LeaderElection (LeaderElection.java:askForVotes(178)) - 2a93f7e5-ecb9-41da-9c47-70e13ba76d7d@group-A9EE991D717F-LeaderElection280: begin an election at term 298 for 0: [37bd8e8c-ea68-4b1c-8659-8d001c4f3b5c:192.168.34.62:41632, 24020d0b-ce61-4f5a-b0b0-c561541e8cd4:192.168.34.62:42892, 2a93f7e5-ecb9-41da-9c47-70e13ba76d7d:192.168.34.62:35412], old=null
2019-10-17 07:43:43,984 [grpc-default-executor-0] INFO  impl.RaftServerImpl (RaftServerImpl.java:setRole(184)) - 37bd8e8c-ea68-4b1c-8659-8d001c4f3b5c@group-A9EE991D717F: changes role from  FOLLOWER to FOLLOWER at term 298 for recognizeCandidate:2a93f7e5-ecb9-41da-9c47-70e13ba76d7d
2019-10-17 07:43:43,984 [grpc-default-executor-0] INFO  impl.RoleInfo (RoleInfo.java:shutdownFollowerState(121)) - 37bd8e8c-ea68-4b1c-8659-8d001c4f3b5c: shutdown FollowerState
2019-10-17 07:43:43,984 [grpc-default-executor-1] INFO  impl.RaftServerImpl (RaftServerImpl.java:setRole(184)) - 24020d0b-ce61-4f5a-b0b0-c561541e8cd4@group-A9EE991D717F: changes role from  FOLLOWER to FOLLOWER at term 298 for recognizeCandidate:2a93f7e5-ecb9-41da-9c47-70e13ba76d7d
2019-10-17 07:43:43,984 [Thread-2267] INFO  impl.FollowerState (FollowerState.java:run(117)) - 37bd8e8c-ea68-4b1c-8659-8d001c4f3b5c@group-A9EE991D717F-FollowerState was interrupted: java.lang.InterruptedException: sleep interrupted
2019-10-17 07:43:43,984 [grpc-default-executor-0] INFO  impl.RoleInfo (RoleInfo.java:updateAndGet(143)) - 37bd8e8c-ea68-4b1c-8659-8d001c4f3b5c: start FollowerState
2019-10-17 07:43:43,984 [grpc-default-executor-1] INFO  impl.RoleInfo (RoleInfo.java:shutdownFollowerState(121)) - 24020d0b-ce61-4f5a-b0b0-c561541e8cd4: shutdown FollowerState
2019-10-17 07:43:43,985 [grpc-default-executor-1] INFO  impl.RoleInfo (RoleInfo.java:updateAndGet(143)) - 24020d0b-ce61-4f5a-b0b0-c561541e8cd4: start FollowerState
2019-10-17 07:43:43,985 [Thread-2268] INFO  impl.FollowerState (FollowerState.java:run(117)) - 24020d0b-ce61-4f5a-b0b0-c561541e8cd4@group-A9EE991D717F-FollowerState was interrupted: java.lang.InterruptedException: sleep interrupted
2019-10-17 07:43:43,999 [2a93f7e5-ecb9-41da-9c47-70e13ba76d7d@group-A9EE991D717F-LeaderElection280] INFO  impl.LeaderElection (LeaderElection.java:logAndReturn(56)) - 2a93f7e5-ecb9-41da-9c47-70e13ba76d7d@group-A9EE991D717F-LeaderElection280: Election REJECTED; received 2 response(s) [2a93f7e5-ecb9-41da-9c47-70e13ba76d7d<-37bd8e8c-ea68-4b1c-8659-8d001c4f3b5c#0:FAIL-t298, 2a93f7e5-ecb9-41da-9c47-70e13ba76d7d<-24020d0b-ce61-4f5a-b0b0-c561541e8cd4#0:FAIL-t298] and 0 exception(s); 2a93f7e5-ecb9-41da-9c47-70e13ba76d7d@group-A9EE991D717F:t298, leader=null, voted=2a93f7e5-ecb9-41da-9c47-70e13ba76d7d, raftlog=2a93f7e5-ecb9-41da-9c47-70e13ba76d7d@group-A9EE991D717F-SegmentedRaftLog:OPENED:c-1,f0,i0, conf=0: [37bd8e8c-ea68-4b1c-8659-8d001c4f3b5c:192.168.34.62:41632, 24020d0b-ce61-4f5a-b0b0-c561541e8cd4:192.168.34.62:42892, 2a93f7e5-ecb9-41da-9c47-70e13ba76d7d:192.168.34.62:35412], old=null
2019-10-17 07:43:43,999 [2a93f7e5-ecb9-41da-9c47-70e13ba76d7d@group-A9EE991D717F-LeaderElection280] INFO  impl.RaftServerImpl (RaftServerImpl.java:setRole(184)) - 2a93f7e5-ecb9-41da-9c47-70e13ba76d7d@group-A9EE991D717F: changes role from CANDIDATE to FOLLOWER at term 298 for DISCOVERED_A_NEW_TERM
2019-10-17 07:43:43,999 [2a93f7e5-ecb9-41da-9c47-70e13ba76d7d@group-A9EE991D717F-LeaderElection280] INFO  impl.RoleInfo (RoleInfo.java:shutdownLeaderElection(134)) - 2a93f7e5-ecb9-41da-9c47-70e13ba76d7d: shutdown LeaderElection
2019-10-17 07:43:43,999 [2a93f7e5-ecb9-41da-9c47-70e13ba76d7d@group-A9EE991D717F-LeaderElection280] INFO  impl.RoleInfo (RoleInfo.java:updateAndGet(143)) - 2a93f7e5-ecb9-41da-9c47-70e13ba76d7d: start FollowerState
2019-10-17 07:43:44,136 [Thread-2275] INFO  impl.FollowerState (FollowerState.java:run(108)) - 2a93f7e5-ecb9-41da-9c47-70e13ba76d7d@group-A9EE991D717F-FollowerState: change to CANDIDATE, lastRpcTime:136ms, electionTimeout:136ms
2019-10-17 07:43:44,136 [Thread-2275] INFO  impl.RoleInfo (RoleInfo.java:shutdownFollowerState(121)) - 2a93f7e5-ecb9-41da-9c47-70e13ba76d7d: shutdown FollowerState
2019-10-17 07:43:44,136 [Thread-2275] INFO  impl.RaftServerImpl (RaftServerImpl.java:setRole(184)) - 2a93f7e5-ecb9-41da-9c47-70e13ba76d7d@group-A9EE991D717F: changes role from  FOLLOWER to CANDIDATE at term 298 for changeToCandidate
2019-10-17 07:43:44,136 [Thread-2275] INFO  impl.RoleInfo (RoleInfo.java:updateAndGet(143)) - 2a93f7e5-ecb9-41da-9c47-70e13ba76d7d: start LeaderElection
2019-10-17 07:43:44,160 [2a93f7e5-ecb9-41da-9c47-70e13ba76d7d@group-A9EE991D717F-LeaderElection281] INFO  impl.LeaderElection (LeaderElection.java:askForVotes(178)) - 2a93f7e5-ecb9-41da-9c47-70e13ba76d7d@group-A9EE991D717F-LeaderElection281: begin an election at term 299 for 0: [37bd8e8c-ea68-4b1c-8659-8d001c4f3b5c:192.168.34.62:41632, 24020d0b-ce61-4f5a-b0b0-c561541e8cd4:192.168.34.62:42892, 2a93f7e5-ecb9-41da-9c47-70e13ba76d7d:192.168.34.62:35412], old=null
2019-10-17 07:43:44,162 [grpc-default-executor-1] INFO  impl.RaftServerImpl (RaftServerImpl.java:setRole(184)) - 37bd8e8c-ea68-4b1c-8659-8d001c4f3b5c@group-A9EE991D717F: changes role from  FOLLOWER to FOLLOWER at term 299 for recognizeCandidate:2a93f7e5-ecb9-41da-9c47-70e13ba76d7d
2019-10-17 07:43:44,162 [grpc-default-executor-1] INFO  impl.RoleInfo (RoleInfo.java:shutdownFollowerState(121)) - 37bd8e8c-ea68-4b1c-8659-8d001c4f3b5c: shutdown FollowerState
2019-10-17 07:43:44,162 [grpc-default-executor-0] INFO  impl.RaftServerImpl (RaftServerImpl.java:setRole(184)) - 24020d0b-ce61-4f5a-b0b0-c561541e8cd4@group-A9EE991D717F: changes role from  FOLLOWER to FOLLOWER at term 299 for recognizeCandidate:2a93f7e5-ecb9-41da-9c47-70e13ba76d7d
2019-10-17 07:43:44,162 [Thread-2273] INFO  impl.FollowerState (FollowerState.java:run(117)) - 37bd8e8c-ea68-4b1c-8659-8d001c4f3b5c@group-A9EE991D717F-FollowerState was interrupted: java.lang.InterruptedException: sleep interrupted
2019-10-17 07:43:44,162 [grpc-default-executor-1] INFO  impl.RoleInfo (RoleInfo.java:updateAndGet(143)) - 37bd8e8c-ea68-4b1c-8659-8d001c4f3b5c: start FollowerState
2019-10-17 07:43:44,162 [grpc-default-executor-0] INFO  impl.RoleInfo (RoleInfo.java:shutdownFollowerState(121)) - 24020d0b-ce61-4f5a-b0b0-c561541e8cd4: shutdown FollowerState
2019-10-17 07:43:44,163 [grpc-default-executor-0] INFO  impl.RoleInfo (RoleInfo.java:updateAndGet(143)) - 24020d0b-ce61-4f5a-b0b0-c561541e8cd4: start FollowerState
2019-10-17 07:43:44,163 [Thread-2274] INFO  impl.FollowerState (FollowerState.java:run(117)) - 24020d0b-ce61-4f5a-b0b0-c561541e8cd4@group-A9EE991D717F-FollowerState was interrupted: java.lang.InterruptedException: sleep interrupted
2019-10-17 07:43:44,187 [2a93f7e5-ecb9-41da-9c47-70e13ba76d7d@group-A9EE991D717F-LeaderElection281] INFO  impl.LeaderElection (LeaderElection.java:logAndReturn(56)) - 2a93f7e5-ecb9-41da-9c47-70e13ba76d7d@group-A9EE991D717F-LeaderElection281: Election REJECTED; received 2 response(s) [2a93f7e5-ecb9-41da-9c47-70e13ba76d7d<-37bd8e8c-ea68-4b1c-8659-8d001c4f3b5c#0:FAIL-t299, 2a93f7e5-ecb9-41da-9c47-70e13ba76d7d<-24020d0b-ce61-4f5a-b0b0-c561541e8cd4#0:FAIL-t299] and 0 exception(s); 2a93f7e5-ecb9-41da-9c47-70e13ba76d7d@group-A9EE991D717F:t299, leader=null, voted=2a93f7e5-ecb9-41da-9c47-70e13ba76d7d, raftlog=2a93f7e5-ecb9-41da-9c47-70e13ba76d7d@group-A9EE991D717F-SegmentedRaftLog:OPENED:c-1,f0,i0, conf=0: [37bd8e8c-ea68-4b1c-8659-8d001c4f3b5c:192.168.34.62:41632, 24020d0b-ce61-4f5a-b0b0-c561541e8cd4:192.168.34.62:42892, 2a93f7e5-ecb9-41da-9c47-70e13ba76d7d:192.168.34.62:35412], old=null
2019-10-17 07:43:44,187 [2a93f7e5-ecb9-41da-9c47-70e13ba76d7d@group-A9EE991D717F-LeaderElection281] INFO  impl.RaftServerImpl (RaftServerImpl.java:setRole(184)) - 2a93f7e5-ecb9-41da-9c47-70e13ba76d7d@group-A9EE991D717F: changes role from CANDIDATE to FOLLOWER at term 299 for DISCOVERED_A_NEW_TERM
2019-10-17 07:43:44,187 [2a93f7e5-ecb9-41da-9c47-70e13ba76d7d@group-A9EE991D717F-LeaderElection281] INFO  impl.RoleInfo (RoleInfo.java:shutdownLeaderElection(134)) - 2a93f7e5-ecb9-41da-9c47-70e13ba76d7d: shutdown LeaderElection
2019-10-17 07:43:44,187 [2a93f7e5-ecb9-41da-9c47-70e13ba76d7d@group-A9EE991D717F-LeaderElection281] INFO  impl.RoleInfo (RoleInfo.java:updateAndGet(143)) - 2a93f7e5-ecb9-41da-9c47-70e13ba76d7d: start FollowerState
2019-10-17 07:43:44,380 [Thread-2281] INFO  impl.FollowerState (FollowerState.java:run(108)) - 2a93f7e5-ecb9-41da-9c47-70e13ba76d7d@group-A9EE991D717F-FollowerState: change to CANDIDATE, lastRpcTime:193ms, electionTimeout:193ms
2019-10-17 07:43:44,380 [Thread-2281] INFO  impl.RoleInfo (RoleInfo.java:shutdownFollowerState(121)) - 2a93f7e5-ecb9-41da-9c47-70e13ba76d7d: shutdown FollowerState
2019-10-17 07:43:44,381 [Thread-2281] INFO  impl.RaftServerImpl (RaftServerImpl.java:setRole(184)) - 2a93f7e5-ecb9-41da-9c47-70e13ba76d7d@group-A9EE991D717F: changes role from  FOLLOWER to CANDIDATE at term 299 for changeToCandidate
2019-10-17 07:43:44,381 [Thread-2281] INFO  impl.RoleInfo (RoleInfo.java:updateAndGet(143)) - 2a93f7e5-ecb9-41da-9c47-70e13ba76d7d: start LeaderElection
2019-10-17 07:43:44,404 [2a93f7e5-ecb9-41da-9c47-70e13ba76d7d@group-A9EE991D717F-LeaderElection282] INFO  impl.LeaderElection (LeaderElection.java:askForVotes(178)) - 2a93f7e5-ecb9-41da-9c47-70e13ba76d7d@group-A9EE991D717F-LeaderElection282: begin an election at term 300 for 0: [37bd8e8c-ea68-4b1c-8659-8d001c4f3b5c:192.168.34.62:41632, 24020d0b-ce61-4f5a-b0b0-c561541e8cd4:192.168.34.62:42892, 2a93f7e5-ecb9-41da-9c47-70e13ba76d7d:192.168.34.62:35412], old=null
2019-10-17 07:43:44,406 [grpc-default-executor-0] INFO  impl.RaftServerImpl (RaftServerImpl.java:setRole(184)) - 37bd8e8c-ea68-4b1c-8659-8d001c4f3b5c@group-A9EE991D717F: changes role from  FOLLOWER to FOLLOWER at term 300 for recognizeCandidate:2a93f7e5-ecb9-41da-9c47-70e13ba76d7d
2019-10-17 07:43:44,407 [grpc-default-executor-0] INFO  impl.RoleInfo (RoleInfo.java:shutdownFollowerState(121)) - 37bd8e8c-ea68-4b1c-8659-8d001c4f3b5c: shutdown FollowerState
2019-10-17 07:43:44,407 [grpc-default-executor-0] INFO  impl.RoleInfo (RoleInfo.java:updateAndGet(143)) - 37bd8e8c-ea68-4b1c-8659-8d001c4f3b5c: start FollowerState
2019-10-17 07:43:44,407 [Thread-2279] INFO  impl.FollowerState (FollowerState.java:run(117)) - 37bd8e8c-ea68-4b1c-8659-8d001c4f3b5c@group-A9EE991D717F-FollowerState was interrupted: java.lang.InterruptedException: sleep interrupted
2019-10-17 07:43:44,407 [grpc-default-executor-1] INFO  impl.RaftServerImpl (RaftServerImpl.java:setRole(184)) - 24020d0b-ce61-4f5a-b0b0-c561541e8cd4@group-A9EE991D717F: changes role from  FOLLOWER to FOLLOWER at term 300 for recognizeCandidate:2a93f7e5-ecb9-41da-9c47-70e13ba76d7d
2019-10-17 07:43:44,407 [grpc-default-executor-1] INFO  impl.RoleInfo (RoleInfo.java:shutdownFollowerState(121)) - 24020d0b-ce61-4f5a-b0b0-c561541e8cd4: shutdown FollowerState
2019-10-17 07:43:44,407 [grpc-default-executor-1] INFO  impl.RoleInfo (RoleInfo.java:updateAndGet(143)) - 24020d0b-ce61-4f5a-b0b0-c561541e8cd4: start FollowerState
2019-10-17 07:43:44,408 [Thread-2280] INFO  impl.FollowerState (FollowerState.java:run(117)) - 24020d0b-ce61-4f5a-b0b0-c561541e8cd4@group-A9EE991D717F-FollowerState was interrupted: java.lang.InterruptedException: sleep interrupted
2019-10-17 07:43:44,421 [2a93f7e5-ecb9-41da-9c47-70e13ba76d7d@group-A9EE991D717F-LeaderElection282] INFO  impl.LeaderElection (LeaderElection.java:logAndReturn(56)) - 2a93f7e5-ecb9-41da-9c47-70e13ba76d7d@group-A9EE991D717F-LeaderElection282: Election REJECTED; received 2 response(s) [2a93f7e5-ecb9-41da-9c47-70e13ba76d7d<-37bd8e8c-ea68-4b1c-8659-8d001c4f3b5c#0:FAIL-t300, 2a93f7e5-ecb9-41da-9c47-70e13ba76d7d<-24020d0b-ce61-4f5a-b0b0-c561541e8cd4#0:FAIL-t300] and 0 exception(s); 2a93f7e5-ecb9-41da-9c47-70e13ba76d7d@group-A9EE991D717F:t300, leader=null, voted=2a93f7e5-ecb9-41da-9c47-70e13ba76d7d, raftlog=2a93f7e5-ecb9-41da-9c47-70e13ba76d7d@group-A9EE991D717F-SegmentedRaftLog:OPENED:c-1,f0,i0, conf=0: [37bd8e8c-ea68-4b1c-8659-8d001c4f3b5c:192.168.34.62:41632, 24020d0b-ce61-4f5a-b0b0-c561541e8cd4:192.168.34.62:42892, 2a93f7e5-ecb9-41da-9c47-70e13ba76d7d:192.168.34.62:35412], old=null
2019-10-17 07:43:44,421 [2a93f7e5-ecb9-41da-9c47-70e13ba76d7d@group-A9EE991D717F-LeaderElection282] INFO  impl.RaftServerImpl (RaftServerImpl.java:setRole(184)) - 2a93f7e5-ecb9-41da-9c47-70e13ba76d7d@group-A9EE991D717F: changes role from CANDIDATE to FOLLOWER at term 300 for DISCOVERED_A_NEW_TERM
2019-10-17 07:43:44,421 [2a93f7e5-ecb9-41da-9c47-70e13ba76d7d@group-A9EE991D717F-LeaderElection282] INFO  impl.RoleInfo (RoleInfo.java:shutdownLeaderElection(134)) - 2a93f7e5-ecb9-41da-9c47-70e13ba76d7d: shutdown LeaderElection
2019-10-17 07:43:44,421 [2a93f7e5-ecb9-41da-9c47-70e13ba76d7d@group-A9EE991D717F-LeaderElection282] INFO  impl.RoleInfo (RoleInfo.java:updateAndGet(143)) - 2a93f7e5-ecb9-41da-9c47-70e13ba76d7d: start FollowerState
2019-10-17 07:43:44,618 [Thread-2287] INFO  impl.FollowerState (FollowerState.java:run(108)) - 2a93f7e5-ecb9-41da-9c47-70e13ba76d7d@group-A9EE991D717F-FollowerState: change to CANDIDATE, lastRpcTime:196ms, electionTimeout:196ms
2019-10-17 07:43:44,618 [Thread-2287] INFO  impl.RoleInfo (RoleInfo.java:shutdownFollowerState(121)) - 2a93f7e5-ecb9-41da-9c47-70e13ba76d7d: shutdown FollowerState
2019-10-17 07:43:44,618 [Thread-2287] INFO  impl.RaftServerImpl (RaftServerImpl.java:setRole(184)) - 2a93f7e5-ecb9-41da-9c47-70e13ba76d7d@group-A9EE991D717F: changes role from  FOLLOWER to CANDIDATE at term 300 for changeToCandidate
2019-10-17 07:43:44,618 [Thread-2287] INFO  impl.RoleInfo (RoleInfo.java:updateAndGet(143)) - 2a93f7e5-ecb9-41da-9c47-70e13ba76d7d: start LeaderElection
2019-10-17 07:43:44,642 [2a93f7e5-ecb9-41da-9c47-70e13ba76d7d@group-A9EE991D717F-LeaderElection283] INFO  impl.LeaderElection (LeaderElection.java:askForVotes(178)) - 2a93f7e5-ecb9-41da-9c47-70e13ba76d7d@group-A9EE991D717F-LeaderElection283: begin an election at term 301 for 0: [37bd8e8c-ea68-4b1c-8659-8d001c4f3b5c:192.168.34.62:41632, 24020d0b-ce61-4f5a-b0b0-c561541e8cd4:192.168.34.62:42892, 2a93f7e5-ecb9-41da-9c47-70e13ba76d7d:192.168.34.62:35412], old=null
2019-10-17 07:43:44,645 [grpc-default-executor-0] INFO  impl.RaftServerImpl (RaftServerImpl.java:setRole(184)) - 37bd8e8c-ea68-4b1c-8659-8d001c4f3b5c@group-A9EE991D717F: changes role from  FOLLOWER to FOLLOWER at term 301 for recognizeCandidate:2a93f7e5-ecb9-41da-9c47-70e13ba76d7d
2019-10-17 07:43:44,645 [grpc-default-executor-0] INFO  impl.RoleInfo (RoleInfo.java:shutdownFollowerState(121)) - 37bd8e8c-ea68-4b1c-8659-8d001c4f3b5c: shutdown FollowerState
2019-10-17 07:43:44,645 [grpc-default-executor-1] INFO  impl.RaftServerImpl (RaftServerImpl.java:setRole(184)) - 24020d0b-ce61-4f5a-b0b0-c561541e8cd4@group-A9EE991D717F: changes role from  FOLLOWER to FOLLOWER at term 301 for recognizeCandidate:2a93f7e5-ecb9-41da-9c47-70e13ba76d7d
2019-10-17 07:43:44,645 [Thread-2285] INFO  impl.FollowerState (FollowerState.java:run(117)) - 37bd8e8c-ea68-4b1c-8659-8d001c4f3b5c@group-A9EE991D717F-FollowerState was interrupted: java.lang.InterruptedException: sleep interrupted
2019-10-17 07:43:44,645 [grpc-default-executor-0] INFO  impl.RoleInfo (RoleInfo.java:updateAndGet(143)) - 37bd8e8c-ea68-4b1c-8659-8d001c4f3b5c: start FollowerState
2019-10-17 07:43:44,645 [grpc-default-executor-1] INFO  impl.RoleInfo (RoleInfo.java:shutdownFollowerState(121)) - 24020d0b-ce61-4f5a-b0b0-c561541e8cd4: shutdown FollowerState
2019-10-17 07:43:44,646 [grpc-default-executor-1] INFO  impl.RoleInfo (RoleInfo.java:updateAndGet(143)) - 24020d0b-ce61-4f5a-b0b0-c561541e8cd4: start FollowerState
2019-10-17 07:43:44,646 [Thread-2286] INFO  impl.FollowerState (FollowerState.java:run(117)) - 24020d0b-ce61-4f5a-b0b0-c561541e8cd4@group-A9EE991D717F-FollowerState was interrupted: java.lang.InterruptedException: sleep interrupted
2019-10-17 07:43:44,666 [2a93f7e5-ecb9-41da-9c47-70e13ba76d7d@group-A9EE991D717F-LeaderElection283] INFO  impl.LeaderElection (LeaderElection.java:logAndReturn(56)) - 2a93f7e5-ecb9-41da-9c47-70e13ba76d7d@group-A9EE991D717F-LeaderElection283: Election TIMEOUT; received 0 response(s) [] and 0 exception(s); 2a93f7e5-ecb9-41da-9c47-70e13ba76d7d@group-A9EE991D717F:t301, leader=null, voted=2a93f7e5-ecb9-41da-9c47-70e13ba76d7d, raftlog=2a93f7e5-ecb9-41da-9c47-70e13ba76d7d@group-A9EE991D717F-SegmentedRaftLog:OPENED:c-1,f0,i0, conf=0: [37bd8e8c-ea68-4b1c-8659-8d001c4f3b5c:192.168.34.62:41632, 24020d0b-ce61-4f5a-b0b0-c561541e8cd4:192.168.34.62:42892, 2a93f7e5-ecb9-41da-9c47-70e13ba76d7d:192.168.34.62:35412], old=null
2019-10-17 07:43:44,691 [2a93f7e5-ecb9-41da-9c47-70e13ba76d7d@group-A9EE991D717F-LeaderElection283] INFO  impl.LeaderElection (LeaderElection.java:askForVotes(178)) - 2a93f7e5-ecb9-41da-9c47-70e13ba76d7d@group-A9EE991D717F-LeaderElection283: begin an election at term 302 for 0: [37bd8e8c-ea68-4b1c-8659-8d001c4f3b5c:192.168.34.62:41632, 24020d0b-ce61-4f5a-b0b0-c561541e8cd4:192.168.34.62:42892, 2a93f7e5-ecb9-41da-9c47-70e13ba76d7d:192.168.34.62:35412], old=null
2019-10-17 07:43:44,693 [grpc-default-executor-1] INFO  impl.RaftServerImpl (RaftServerImpl.java:setRole(184)) - 37bd8e8c-ea68-4b1c-8659-8d001c4f3b5c@group-A9EE991D717F: changes role from  FOLLOWER to FOLLOWER at term 302 for recognizeCandidate:2a93f7e5-ecb9-41da-9c47-70e13ba76d7d
2019-10-17 07:43:44,693 [grpc-default-executor-1] INFO  impl.RoleInfo (RoleInfo.java:shutdownFollowerState(121)) - 37bd8e8c-ea68-4b1c-8659-8d001c4f3b5c: shutdown FollowerState
2019-10-17 07:43:44,694 [grpc-default-executor-0] INFO  impl.RaftServerImpl (RaftServerImpl.java:setRole(184)) - 24020d0b-ce61-4f5a-b0b0-c561541e8cd4@group-A9EE991D717F: changes role from  FOLLOWER to FOLLOWER at term 302 for recognizeCandidate:2a93f7e5-ecb9-41da-9c47-70e13ba76d7d
2019-10-17 07:43:44,694 [Thread-2291] INFO  impl.FollowerState (FollowerState.java:run(117)) - 37bd8e8c-ea68-4b1c-8659-8d001c4f3b5c@group-A9EE991D717F-FollowerState was interrupted: java.lang.InterruptedException: sleep interrupted
2019-10-17 07:43:44,694 [grpc-default-executor-1] INFO  impl.RoleInfo (RoleInfo.java:updateAndGet(143)) - 37bd8e8c-ea68-4b1c-8659-8d001c4f3b5c: start FollowerState
2019-10-17 07:43:44,694 [grpc-default-executor-0] INFO  impl.RoleInfo (RoleInfo.java:shutdownFollowerState(121)) - 24020d0b-ce61-4f5a-b0b0-c561541e8cd4: shutdown FollowerState
2019-10-17 07:43:44,694 [Thread-2292] INFO  impl.FollowerState (FollowerState.java:run(117)) - 24020d0b-ce61-4f5a-b0b0-c561541e8cd4@group-A9EE991D717F-FollowerState was interrupted: java.lang.InterruptedException: sleep interrupted
2019-10-17 07:43:44,694 [grpc-default-executor-0] INFO  impl.RoleInfo (RoleInfo.java:updateAndGet(143)) - 24020d0b-ce61-4f5a-b0b0-c561541e8cd4: start FollowerState
2019-10-17 07:43:44,717 [2a93f7e5-ecb9-41da-9c47-70e13ba76d7d@group-A9EE991D717F-LeaderElection283] INFO  impl.LeaderElection (LeaderElection.java:logAndReturn(56)) - 2a93f7e5-ecb9-41da-9c47-70e13ba76d7d@group-A9EE991D717F-LeaderElection283: Election REJECTED; received 2 response(s) [2a93f7e5-ecb9-41da-9c47-70e13ba76d7d<-37bd8e8c-ea68-4b1c-8659-8d001c4f3b5c#0:FAIL-t302, 2a93f7e5-ecb9-41da-9c47-70e13ba76d7d<-24020d0b-ce61-4f5a-b0b0-c561541e8cd4#0:FAIL-t302] and 0 exception(s); 2a93f7e5-ecb9-41da-9c47-70e13ba76d7d@group-A9EE991D717F:t302, leader=null, voted=2a93f7e5-ecb9-41da-9c47-70e13ba76d7d, raftlog=2a93f7e5-ecb9-41da-9c47-70e13ba76d7d@group-A9EE991D717F-SegmentedRaftLog:OPENED:c-1,f0,i0, conf=0: [37bd8e8c-ea68-4b1c-8659-8d001c4f3b5c:192.168.34.62:41632, 24020d0b-ce61-4f5a-b0b0-c561541e8cd4:192.168.34.62:42892, 2a93f7e5-ecb9-41da-9c47-70e13ba76d7d:192.168.34.62:35412], old=null
2019-10-17 07:43:44,718 [2a93f7e5-ecb9-41da-9c47-70e13ba76d7d@group-A9EE991D717F-LeaderElection283] INFO  impl.RaftServerImpl (RaftServerImpl.java:setRole(184)) - 2a93f7e5-ecb9-41da-9c47-70e13ba76d7d@group-A9EE991D717F: changes role from CANDIDATE to FOLLOWER at term 302 for DISCOVERED_A_NEW_TERM
2019-10-17 07:43:44,718 [2a93f7e5-ecb9-41da-9c47-70e13ba76d7d@group-A9EE991D717F-LeaderElection283] INFO  impl.RoleInfo (RoleInfo.java:shutdownLeaderElection(134)) - 2a93f7e5-ecb9-41da-9c47-70e13ba76d7d: shutdown LeaderElection
2019-10-17 07:43:44,718 [2a93f7e5-ecb9-41da-9c47-70e13ba76d7d@group-A9EE991D717F-LeaderElection283] INFO  impl.RoleInfo (RoleInfo.java:updateAndGet(143)) - 2a93f7e5-ecb9-41da-9c47-70e13ba76d7d: start FollowerState
2019-10-17 07:43:44,836 [Thread-2297] INFO  impl.FollowerState (FollowerState.java:run(108)) - 2a93f7e5-ecb9-41da-9c47-70e13ba76d7d@group-A9EE991D717F-FollowerState: change to CANDIDATE, lastRpcTime:118ms, electionTimeout:118ms
2019-10-17 07:43:44,836 [Thread-2297] INFO  impl.RoleInfo (RoleInfo.java:shutdownFollowerState(121)) - 2a93f7e5-ecb9-41da-9c47-70e13ba76d7d: shutdown FollowerState
2019-10-17 07:43:44,836 [Thread-2297] INFO  impl.RaftServerImpl (RaftServerImpl.java:setRole(184)) - 2a93f7e5-ecb9-41da-9c47-70e13ba76d7d@group-A9EE991D717F: changes role from  FOLLOWER to CANDIDATE at term 302 for changeToCandidate
2019-10-17 07:43:44,837 [Thread-2297] INFO  impl.RoleInfo (RoleInfo.java:updateAndGet(143)) - 2a93f7e5-ecb9-41da-9c47-70e13ba76d7d: start LeaderElection
2019-10-17 07:43:44,860 [2a93f7e5-ecb9-41da-9c47-70e13ba76d7d@group-A9EE991D717F-LeaderElection284] INFO  impl.LeaderElection (LeaderElection.java:askForVotes(178)) - 2a93f7e5-ecb9-41da-9c47-70e13ba76d7d@group-A9EE991D717F-LeaderElection284: begin an election at term 303 for 0: [37bd8e8c-ea68-4b1c-8659-8d001c4f3b5c:192.168.34.62:41632, 24020d0b-ce61-4f5a-b0b0-c561541e8cd4:192.168.34.62:42892, 2a93f7e5-ecb9-41da-9c47-70e13ba76d7d:192.168.34.62:35412], old=null
2019-10-17 07:43:44,862 [grpc-default-executor-1] INFO  impl.RaftServerImpl (RaftServerImpl.java:setRole(184)) - 37bd8e8c-ea68-4b1c-8659-8d001c4f3b5c@group-A9EE991D717F: changes role from  FOLLOWER to FOLLOWER at term 303 for recognizeCandidate:2a93f7e5-ecb9-41da-9c47-70e13ba76d7d
2019-10-17 07:43:44,862 [grpc-default-executor-1] INFO  impl.RoleInfo (RoleInfo.java:shutdownFollowerState(121)) - 37bd8e8c-ea68-4b1c-8659-8d001c4f3b5c: shutdown FollowerState
2019-10-17 07:43:44,862 [grpc-default-executor-0] INFO  impl.RaftServerImpl (RaftServerImpl.java:setRole(184)) - 24020d0b-ce61-4f5a-b0b0-c561541e8cd4@group-A9EE991D717F: changes role from  FOLLOWER to FOLLOWER at term 303 for recognizeCandidate:2a93f7e5-ecb9-41da-9c47-70e13ba76d7d
2019-10-17 07:43:44,863 [Thread-2295] INFO  impl.FollowerState (FollowerState.java:run(117)) - 37bd8e8c-ea68-4b1c-8659-8d001c4f3b5c@group-A9EE991D717F-FollowerState was interrupted: java.lang.InterruptedException: sleep interrupted
2019-10-17 07:43:44,863 [grpc-default-executor-1] INFO  impl.RoleInfo (RoleInfo.java:updateAndGet(143)) - 37bd8e8c-ea68-4b1c-8659-8d001c4f3b5c: start FollowerState
2019-10-17 07:43:44,863 [grpc-default-executor-0] INFO  impl.RoleInfo (RoleInfo.java:shutdownFollowerState(121)) - 24020d0b-ce61-4f5a-b0b0-c561541e8cd4: shutdown FollowerState
2019-10-17 07:43:44,863 [grpc-default-executor-0] INFO  impl.RoleInfo (RoleInfo.java:updateAndGet(143)) - 24020d0b-ce61-4f5a-b0b0-c561541e8cd4: start FollowerState
2019-10-17 07:43:44,863 [Thread-2296] INFO  impl.FollowerState (FollowerState.java:run(117)) - 24020d0b-ce61-4f5a-b0b0-c561541e8cd4@group-A9EE991D717F-FollowerState was interrupted: java.lang.InterruptedException: sleep interrupted
2019-10-17 07:43:44,878 [2a93f7e5-ecb9-41da-9c47-70e13ba76d7d@group-A9EE991D717F-LeaderElection284] INFO  impl.LeaderElection (LeaderElection.java:logAndReturn(56)) - 2a93f7e5-ecb9-41da-9c47-70e13ba76d7d@group-A9EE991D717F-LeaderElection284: Election REJECTED; received 2 response(s) [2a93f7e5-ecb9-41da-9c47-70e13ba76d7d<-37bd8e8c-ea68-4b1c-8659-8d001c4f3b5c#0:FAIL-t303, 2a93f7e5-ecb9-41da-9c47-70e13ba76d7d<-24020d0b-ce61-4f5a-b0b0-c561541e8cd4#0:FAIL-t303] and 0 exception(s); 2a93f7e5-ecb9-41da-9c47-70e13ba76d7d@group-A9EE991D717F:t303, leader=null, voted=2a93f7e5-ecb9-41da-9c47-70e13ba76d7d, raftlog=2a93f7e5-ecb9-41da-9c47-70e13ba76d7d@group-A9EE991D717F-SegmentedRaftLog:OPENED:c-1,f0,i0, conf=0: [37bd8e8c-ea68-4b1c-8659-8d001c4f3b5c:192.168.34.62:41632, 24020d0b-ce61-4f5a-b0b0-c561541e8cd4:192.168.34.62:42892, 2a93f7e5-ecb9-41da-9c47-70e13ba76d7d:192.168.34.62:35412], old=null
2019-10-17 07:43:44,878 [2a93f7e5-ecb9-41da-9c47-70e13ba76d7d@group-A9EE991D717F-LeaderElection284] INFO  impl.RaftServerImpl (RaftServerImpl.java:setRole(184)) - 2a93f7e5-ecb9-41da-9c47-70e13ba76d7d@group-A9EE991D717F: changes role from CANDIDATE to FOLLOWER at term 303 for DISCOVERED_A_NEW_TERM
2019-10-17 07:43:44,878 [2a93f7e5-ecb9-41da-9c47-70e13ba76d7d@group-A9EE991D717F-LeaderElection284] INFO  impl.RoleInfo (RoleInfo.java:shutdownLeaderElection(134)) - 2a93f7e5-ecb9-41da-9c47-70e13ba76d7d: shutdown LeaderElection
2019-10-17 07:43:44,878 [2a93f7e5-ecb9-41da-9c47-70e13ba76d7d@group-A9EE991D717F-LeaderElection284] INFO  impl.RoleInfo (RoleInfo.java:updateAndGet(143)) - 2a93f7e5-ecb9-41da-9c47-70e13ba76d7d: start FollowerState
2019-10-17 07:43:45,069 [Thread-2303] INFO  impl.FollowerState (FollowerState.java:run(108)) - 2a93f7e5-ecb9-41da-9c47-70e13ba76d7d@group-A9EE991D717F-FollowerState: change to CANDIDATE, lastRpcTime:190ms, electionTimeout:190ms
2019-10-17 07:43:45,069 [Thread-2303] INFO  impl.RoleInfo (RoleInfo.java:shutdownFollowerState(121)) - 2a93f7e5-ecb9-41da-9c47-70e13ba76d7d: shutdown FollowerState
2019-10-17 07:43:45,069 [Thread-2303] INFO  impl.RaftServerImpl (RaftServerImpl.java:setRole(184)) - 2a93f7e5-ecb9-41da-9c47-70e13ba76d7d@group-A9EE991D717F: changes role from  FOLLOWER to CANDIDATE at term 303 for changeToCandidate
2019-10-17 07:43:45,069 [Thread-2303] INFO  impl.RoleInfo (RoleInfo.java:updateAndGet(143)) - 2a93f7e5-ecb9-41da-9c47-70e13ba76d7d: start LeaderElection
2019-10-17 07:43:45,091 [2a93f7e5-ecb9-41da-9c47-70e13ba76d7d@group-A9EE991D717F-LeaderElection285] INFO  impl.LeaderElection (LeaderElection.java:askForVotes(178)) - 2a93f7e5-ecb9-41da-9c47-70e13ba76d7d@group-A9EE991D717F-LeaderElection285: begin an election at term 304 for 0: [37bd8e8c-ea68-4b1c-8659-8d001c4f3b5c:192.168.34.62:41632, 24020d0b-ce61-4f5a-b0b0-c561541e8cd4:192.168.34.62:42892, 2a93f7e5-ecb9-41da-9c47-70e13ba76d7d:192.168.34.62:35412], old=null
2019-10-17 07:43:45,094 [grpc-default-executor-1] INFO  impl.RaftServerImpl (RaftServerImpl.java:setRole(184)) - 37bd8e8c-ea68-4b1c-8659-8d001c4f3b5c@group-A9EE991D717F: changes role from  FOLLOWER to FOLLOWER at term 304 for recognizeCandidate:2a93f7e5-ecb9-41da-9c47-70e13ba76d7d
2019-10-17 07:43:45,094 [grpc-default-executor-0] INFO  impl.RaftServerImpl (RaftServerImpl.java:setRole(184)) - 24020d0b-ce61-4f5a-b0b0-c561541e8cd4@group-A9EE991D717F: changes role from  FOLLOWER to FOLLOWER at term 304 for recognizeCandidate:2a93f7e5-ecb9-41da-9c47-70e13ba76d7d
2019-10-17 07:43:45,094 [grpc-default-executor-0] INFO  impl.RoleInfo (RoleInfo.java:shutdownFollowerState(121)) - 24020d0b-ce61-4f5a-b0b0-c561541e8cd4: shutdown FollowerState
2019-10-17 07:43:45,094 [grpc-default-executor-1] INFO  impl.RoleInfo (RoleInfo.java:shutdownFollowerState(121)) - 37bd8e8c-ea68-4b1c-8659-8d001c4f3b5c: shutdown FollowerState
2019-10-17 07:43:45,094 [Thread-2302] INFO  impl.FollowerState (FollowerState.java:run(117)) - 24020d0b-ce61-4f5a-b0b0-c561541e8cd4@group-A9EE991D717F-FollowerState was interrupted: java.lang.InterruptedException: sleep interrupted
2019-10-17 07:43:45,095 [Thread-2301] INFO  impl.FollowerState (FollowerState.java:run(117)) - 37bd8e8c-ea68-4b1c-8659-8d001c4f3b5c@group-A9EE991D717F-FollowerState was interrupted: java.lang.InterruptedException: sleep interrupted
2019-10-17 07:43:45,094 [grpc-default-executor-0] INFO  impl.RoleInfo (RoleInfo.java:updateAndGet(143)) - 24020d0b-ce61-4f5a-b0b0-c561541e8cd4: start FollowerState
2019-10-17 07:43:45,095 [grpc-default-executor-1] INFO  impl.RoleInfo (RoleInfo.java:updateAndGet(143)) - 37bd8e8c-ea68-4b1c-8659-8d001c4f3b5c: start FollowerState
2019-10-17 07:43:45,120 [2a93f7e5-ecb9-41da-9c47-70e13ba76d7d@group-A9EE991D717F-LeaderElection285] INFO  impl.LeaderElection (LeaderElection.java:logAndReturn(56)) - 2a93f7e5-ecb9-41da-9c47-70e13ba76d7d@group-A9EE991D717F-LeaderElection285: Election REJECTED; received 2 response(s) [2a93f7e5-ecb9-41da-9c47-70e13ba76d7d<-37bd8e8c-ea68-4b1c-8659-8d001c4f3b5c#0:FAIL-t304, 2a93f7e5-ecb9-41da-9c47-70e13ba76d7d<-24020d0b-ce61-4f5a-b0b0-c561541e8cd4#0:FAIL-t304] and 0 exception(s); 2a93f7e5-ecb9-41da-9c47-70e13ba76d7d@group-A9EE991D717F:t304, leader=null, voted=2a93f7e5-ecb9-41da-9c47-70e13ba76d7d, raftlog=2a93f7e5-ecb9-41da-9c47-70e13ba76d7d@group-A9EE991D717F-SegmentedRaftLog:OPENED:c-1,f0,i0, conf=0: [37bd8e8c-ea68-4b1c-8659-8d001c4f3b5c:192.168.34.62:41632, 24020d0b-ce61-4f5a-b0b0-c561541e8cd4:192.168.34.62:42892, 2a93f7e5-ecb9-41da-9c47-70e13ba76d7d:192.168.34.62:35412], old=null
2019-10-17 07:43:45,120 [2a93f7e5-ecb9-41da-9c47-70e13ba76d7d@group-A9EE991D717F-LeaderElection285] INFO  impl.RaftServerImpl (RaftServerImpl.java:setRole(184)) - 2a93f7e5-ecb9-41da-9c47-70e13ba76d7d@group-A9EE991D717F: changes role from CANDIDATE to FOLLOWER at term 304 for DISCOVERED_A_NEW_TERM
2019-10-17 07:43:45,120 [2a93f7e5-ecb9-41da-9c47-70e13ba76d7d@group-A9EE991D717F-LeaderElection285] INFO  impl.RoleInfo (RoleInfo.java:shutdownLeaderElection(134)) - 2a93f7e5-ecb9-41da-9c47-70e13ba76d7d: shutdown LeaderElection
2019-10-17 07:43:45,120 [2a93f7e5-ecb9-41da-9c47-70e13ba76d7d@group-A9EE991D717F-LeaderElection285] INFO  impl.RoleInfo (RoleInfo.java:updateAndGet(143)) - 2a93f7e5-ecb9-41da-9c47-70e13ba76d7d: start FollowerState
2019-10-17 07:43:45,258 [Thread-2309] INFO  impl.FollowerState (FollowerState.java:run(108)) - 2a93f7e5-ecb9-41da-9c47-70e13ba76d7d@group-A9EE991D717F-FollowerState: change to CANDIDATE, lastRpcTime:137ms, electionTimeout:137ms
2019-10-17 07:43:45,258 [Thread-2309] INFO  impl.RoleInfo (RoleInfo.java:shutdownFollowerState(121)) - 2a93f7e5-ecb9-41da-9c47-70e13ba76d7d: shutdown FollowerState
2019-10-17 07:43:45,258 [Thread-2309] INFO  impl.RaftServerImpl (RaftServerImpl.java:setRole(184)) - 2a93f7e5-ecb9-41da-9c47-70e13ba76d7d@group-A9EE991D717F: changes role from  FOLLOWER to CANDIDATE at term 304 for changeToCandidate
2019-10-17 07:43:45,258 [Thread-2309] INFO  impl.RoleInfo (RoleInfo.java:updateAndGet(143)) - 2a93f7e5-ecb9-41da-9c47-70e13ba76d7d: start LeaderElection
2019-10-17 07:43:45,281 [2a93f7e5-ecb9-41da-9c47-70e13ba76d7d@group-A9EE991D717F-LeaderElection286] INFO  impl.LeaderElection (LeaderElection.java:askForVotes(178)) - 2a93f7e5-ecb9-41da-9c47-70e13ba76d7d@group-A9EE991D717F-LeaderElection286: begin an election at term 305 for 0: [37bd8e8c-ea68-4b1c-8659-8d001c4f3b5c:192.168.34.62:41632, 24020d0b-ce61-4f5a-b0b0-c561541e8cd4:192.168.34.62:42892, 2a93f7e5-ecb9-41da-9c47-70e13ba76d7d:192.168.34.62:35412], old=null
2019-10-17 07:43:45,283 [grpc-default-executor-0] INFO  impl.RaftServerImpl (RaftServerImpl.java:setRole(184)) - 37bd8e8c-ea68-4b1c-8659-8d001c4f3b5c@group-A9EE991D717F: changes role from  FOLLOWER to FOLLOWER at term 305 for recognizeCandidate:2a93f7e5-ecb9-41da-9c47-70e13ba76d7d
2019-10-17 07:43:45,284 [grpc-default-executor-0] INFO  impl.RoleInfo (RoleInfo.java:shutdownFollowerState(121)) - 37bd8e8c-ea68-4b1c-8659-8d001c4f3b5c: shutdown FollowerState
2019-10-17 07:43:45,284 [grpc-default-executor-1] INFO  impl.RaftServerImpl (RaftServerImpl.java:setRole(184)) - 24020d0b-ce61-4f5a-b0b0-c561541e8cd4@group-A9EE991D717F: changes role from  FOLLOWER to FOLLOWER at term 305 for recognizeCandidate:2a93f7e5-ecb9-41da-9c47-70e13ba76d7d
2019-10-17 07:43:45,284 [grpc-default-executor-1] INFO  impl.RoleInfo (RoleInfo.java:shutdownFollowerState(121)) - 24020d0b-ce61-4f5a-b0b0-c561541e8cd4: shutdown FollowerState
2019-10-17 07:43:45,284 [Thread-2308] INFO  impl.FollowerState (FollowerState.java:run(117)) - 37bd8e8c-ea68-4b1c-8659-8d001c4f3b5c@group-A9EE991D717F-FollowerState was interrupted: java.lang.InterruptedException: sleep interrupted
2019-10-17 07:43:45,284 [grpc-default-executor-0] INFO  impl.RoleInfo (RoleInfo.java:updateAndGet(143)) - 37bd8e8c-ea68-4b1c-8659-8d001c4f3b5c: start FollowerState
2019-10-17 07:43:45,284 [Thread-2307] INFO  impl.FollowerState (FollowerState.java:run(117)) - 24020d0b-ce61-4f5a-b0b0-c561541e8cd4@group-A9EE991D717F-FollowerState was interrupted: java.lang.InterruptedException: sleep interrupted
2019-10-17 07:43:45,284 [grpc-default-executor-1] INFO  impl.RoleInfo (RoleInfo.java:updateAndGet(143)) - 24020d0b-ce61-4f5a-b0b0-c561541e8cd4: start FollowerState
2019-10-17 07:43:45,310 [2a93f7e5-ecb9-41da-9c47-70e13ba76d7d@group-A9EE991D717F-LeaderElection286] INFO  impl.LeaderElection (LeaderElection.java:logAndReturn(56)) - 2a93f7e5-ecb9-41da-9c47-70e13ba76d7d@group-A9EE991D717F-LeaderElection286: Election REJECTED; received 2 response(s) [2a93f7e5-ecb9-41da-9c47-70e13ba76d7d<-37bd8e8c-ea68-4b1c-8659-8d001c4f3b5c#0:FAIL-t305, 2a93f7e5-ecb9-41da-9c47-70e13ba76d7d<-24020d0b-ce61-4f5a-b0b0-c561541e8cd4#0:FAIL-t305] and 0 exception(s); 2a93f7e5-ecb9-41da-9c47-70e13ba76d7d@group-A9EE991D717F:t305, leader=null, voted=2a93f7e5-ecb9-41da-9c47-70e13ba76d7d, raftlog=2a93f7e5-ecb9-41da-9c47-70e13ba76d7d@group-A9EE991D717F-SegmentedRaftLog:OPENED:c-1,f0,i0, conf=0: [37bd8e8c-ea68-4b1c-8659-8d001c4f3b5c:192.168.34.62:41632, 24020d0b-ce61-4f5a-b0b0-c561541e8cd4:192.168.34.62:42892, 2a93f7e5-ecb9-41da-9c47-70e13ba76d7d:192.168.34.62:35412], old=null
2019-10-17 07:43:45,310 [2a93f7e5-ecb9-41da-9c47-70e13ba76d7d@group-A9EE991D717F-LeaderElection286] INFO  impl.RaftServerImpl (RaftServerImpl.java:setRole(184)) - 2a93f7e5-ecb9-41da-9c47-70e13ba76d7d@group-A9EE991D717F: changes role from CANDIDATE to FOLLOWER at term 305 for DISCOVERED_A_NEW_TERM
2019-10-17 07:43:45,310 [2a93f7e5-ecb9-41da-9c47-70e13ba76d7d@group-A9EE991D717F-LeaderElection286] INFO  impl.RoleInfo (RoleInfo.java:shutdownLeaderElection(134)) - 2a93f7e5-ecb9-41da-9c47-70e13ba76d7d: shutdown LeaderElection
2019-10-17 07:43:45,310 [2a93f7e5-ecb9-41da-9c47-70e13ba76d7d@group-A9EE991D717F-LeaderElection286] INFO  impl.RoleInfo (RoleInfo.java:updateAndGet(143)) - 2a93f7e5-ecb9-41da-9c47-70e13ba76d7d: start FollowerState
2019-10-17 07:43:45,508 [Thread-2315] INFO  impl.FollowerState (FollowerState.java:run(108)) - 2a93f7e5-ecb9-41da-9c47-70e13ba76d7d@group-A9EE991D717F-FollowerState: change to CANDIDATE, lastRpcTime:198ms, electionTimeout:198ms
2019-10-17 07:43:45,509 [Thread-2315] INFO  impl.RoleInfo (RoleInfo.java:shutdownFollowerState(121)) - 2a93f7e5-ecb9-41da-9c47-70e13ba76d7d: shutdown FollowerState
2019-10-17 07:43:45,509 [Thread-2315] INFO  impl.RaftServerImpl (RaftServerImpl.java:setRole(184)) - 2a93f7e5-ecb9-41da-9c47-70e13ba76d7d@group-A9EE991D717F: changes role from  FOLLOWER to CANDIDATE at term 305 for changeToCandidate
2019-10-17 07:43:45,509 [Thread-2315] INFO  impl.RoleInfo (RoleInfo.java:updateAndGet(143)) - 2a93f7e5-ecb9-41da-9c47-70e13ba76d7d: start LeaderElection
2019-10-17 07:43:45,533 [2a93f7e5-ecb9-41da-9c47-70e13ba76d7d@group-A9EE991D717F-LeaderElection287] INFO  impl.LeaderElection (LeaderElection.java:askForVotes(178)) - 2a93f7e5-ecb9-41da-9c47-70e13ba76d7d@group-A9EE991D717F-LeaderElection287: begin an election at term 306 for 0: [37bd8e8c-ea68-4b1c-8659-8d001c4f3b5c:192.168.34.62:41632, 24020d0b-ce61-4f5a-b0b0-c561541e8cd4:192.168.34.62:42892, 2a93f7e5-ecb9-41da-9c47-70e13ba76d7d:192.168.34.62:35412], old=null
2019-10-17 07:43:45,535 [grpc-default-executor-0] INFO  impl.RaftServerImpl (RaftServerImpl.java:setRole(184)) - 37bd8e8c-ea68-4b1c-8659-8d001c4f3b5c@group-A9EE991D717F: changes role from  FOLLOWER to FOLLOWER at term 306 for recognizeCandidate:2a93f7e5-ecb9-41da-9c47-70e13ba76d7d
2019-10-17 07:43:45,535 [grpc-default-executor-1] INFO  impl.RaftServerImpl (RaftServerImpl.java:setRole(184)) - 24020d0b-ce61-4f5a-b0b0-c561541e8cd4@group-A9EE991D717F: changes role from  FOLLOWER to FOLLOWER at term 306 for recognizeCandidate:2a93f7e5-ecb9-41da-9c47-70e13ba76d7d
2019-10-17 07:43:45,535 [grpc-default-executor-0] INFO  impl.RoleInfo (RoleInfo.java:shutdownFollowerState(121)) - 37bd8e8c-ea68-4b1c-8659-8d001c4f3b5c: shutdown FollowerState
2019-10-17 07:43:45,535 [grpc-default-executor-1] INFO  impl.RoleInfo (RoleInfo.java:shutdownFollowerState(121)) - 24020d0b-ce61-4f5a-b0b0-c561541e8cd4: shutdown FollowerState
2019-10-17 07:43:45,536 [grpc-default-executor-0] INFO  impl.RoleInfo (RoleInfo.java:updateAndGet(143)) - 37bd8e8c-ea68-4b1c-8659-8d001c4f3b5c: start FollowerState
2019-10-17 07:43:45,536 [Thread-2314] INFO  impl.FollowerState (FollowerState.java:run(117)) - 24020d0b-ce61-4f5a-b0b0-c561541e8cd4@group-A9EE991D717F-FollowerState was interrupted: java.lang.InterruptedException: sleep interrupted
2019-10-17 07:43:45,536 [grpc-default-executor-1] INFO  impl.RoleInfo (RoleInfo.java:updateAndGet(143)) - 24020d0b-ce61-4f5a-b0b0-c561541e8cd4: start FollowerState
2019-10-17 07:43:45,536 [Thread-2313] INFO  impl.FollowerState (FollowerState.java:run(117)) - 37bd8e8c-ea68-4b1c-8659-8d001c4f3b5c@group-A9EE991D717F-FollowerState was interrupted: java.lang.InterruptedException: sleep interrupted
2019-10-17 07:43:45,561 [2a93f7e5-ecb9-41da-9c47-70e13ba76d7d@group-A9EE991D717F-LeaderElection287] INFO  impl.LeaderElection (LeaderElection.java:logAndReturn(56)) - 2a93f7e5-ecb9-41da-9c47-70e13ba76d7d@group-A9EE991D717F-LeaderElection287: Election REJECTED; received 2 response(s) [2a93f7e5-ecb9-41da-9c47-70e13ba76d7d<-37bd8e8c-ea68-4b1c-8659-8d001c4f3b5c#0:FAIL-t306, 2a93f7e5-ecb9-41da-9c47-70e13ba76d7d<-24020d0b-ce61-4f5a-b0b0-c561541e8cd4#0:FAIL-t306] and 0 exception(s); 2a93f7e5-ecb9-41da-9c47-70e13ba76d7d@group-A9EE991D717F:t306, leader=null, voted=2a93f7e5-ecb9-41da-9c47-70e13ba76d7d, raftlog=2a93f7e5-ecb9-41da-9c47-70e13ba76d7d@group-A9EE991D717F-SegmentedRaftLog:OPENED:c-1,f0,i0, conf=0: [37bd8e8c-ea68-4b1c-8659-8d001c4f3b5c:192.168.34.62:41632, 24020d0b-ce61-4f5a-b0b0-c561541e8cd4:192.168.34.62:42892, 2a93f7e5-ecb9-41da-9c47-70e13ba76d7d:192.168.34.62:35412], old=null
2019-10-17 07:43:45,561 [2a93f7e5-ecb9-41da-9c47-70e13ba76d7d@group-A9EE991D717F-LeaderElection287] INFO  impl.RaftServerImpl (RaftServerImpl.java:setRole(184)) - 2a93f7e5-ecb9-41da-9c47-70e13ba76d7d@group-A9EE991D717F: changes role from CANDIDATE to FOLLOWER at term 306 for DISCOVERED_A_NEW_TERM
2019-10-17 07:43:45,561 [2a93f7e5-ecb9-41da-9c47-70e13ba76d7d@group-A9EE991D717F-LeaderElection287] INFO  impl.RoleInfo (RoleInfo.java:shutdownLeaderElection(134)) - 2a93f7e5-ecb9-41da-9c47-70e13ba76d7d: shutdown LeaderElection
2019-10-17 07:43:45,561 [2a93f7e5-ecb9-41da-9c47-70e13ba76d7d@group-A9EE991D717F-LeaderElection287] INFO  impl.RoleInfo (RoleInfo.java:updateAndGet(143)) - 2a93f7e5-ecb9-41da-9c47-70e13ba76d7d: start FollowerState
2019-10-17 07:43:45,567 [Thread-2321] INFO  impl.FollowerState (FollowerState.java:run(108)) - 2a93f7e5-ecb9-41da-9c47-70e13ba76d7d@group-A9EE991D717F-FollowerState: change to CANDIDATE, lastRpcTime:6ms, electionTimeout:6ms
2019-10-17 07:43:45,568 [Thread-2321] INFO  impl.RoleInfo (RoleInfo.java:shutdownFollowerState(121)) - 2a93f7e5-ecb9-41da-9c47-70e13ba76d7d: shutdown FollowerState
2019-10-17 07:43:45,568 [Thread-2321] INFO  impl.RaftServerImpl (RaftServerImpl.java:setRole(184)) - 2a93f7e5-ecb9-41da-9c47-70e13ba76d7d@group-A9EE991D717F: changes role from  FOLLOWER to CANDIDATE at term 306 for changeToCandidate
2019-10-17 07:43:45,568 [Thread-2321] INFO  impl.RoleInfo (RoleInfo.java:updateAndGet(143)) - 2a93f7e5-ecb9-41da-9c47-70e13ba76d7d: start LeaderElection
2019-10-17 07:43:45,604 [2a93f7e5-ecb9-41da-9c47-70e13ba76d7d@group-A9EE991D717F-LeaderElection288] INFO  impl.LeaderElection (LeaderElection.java:askForVotes(178)) - 2a93f7e5-ecb9-41da-9c47-70e13ba76d7d@group-A9EE991D717F-LeaderElection288: begin an election at term 307 for 0: [37bd8e8c-ea68-4b1c-8659-8d001c4f3b5c:192.168.34.62:41632, 24020d0b-ce61-4f5a-b0b0-c561541e8cd4:192.168.34.62:42892, 2a93f7e5-ecb9-41da-9c47-70e13ba76d7d:192.168.34.62:35412], old=null
2019-10-17 07:43:45,607 [grpc-default-executor-0] INFO  impl.RaftServerImpl (RaftServerImpl.java:setRole(184)) - 24020d0b-ce61-4f5a-b0b0-c561541e8cd4@group-A9EE991D717F: changes role from  FOLLOWER to FOLLOWER at term 307 for recognizeCandidate:2a93f7e5-ecb9-41da-9c47-70e13ba76d7d
2019-10-17 07:43:45,607 [grpc-default-executor-0] INFO  impl.RoleInfo (RoleInfo.java:shutdownFollowerState(121)) - 24020d0b-ce61-4f5a-b0b0-c561541e8cd4: shutdown FollowerState
2019-10-17 07:43:45,607 [grpc-default-executor-0] INFO  impl.RoleInfo (RoleInfo.java:updateAndGet(143)) - 24020d0b-ce61-4f5a-b0b0-c561541e8cd4: start FollowerState
2019-10-17 07:43:45,607 [Thread-2320] INFO  impl.FollowerState (FollowerState.java:run(117)) - 24020d0b-ce61-4f5a-b0b0-c561541e8cd4@group-A9EE991D717F-FollowerState was interrupted: java.lang.InterruptedException: sleep interrupted
2019-10-17 07:43:45,608 [grpc-default-executor-1] INFO  impl.RaftServerImpl (RaftServerImpl.java:setRole(184)) - 37bd8e8c-ea68-4b1c-8659-8d001c4f3b5c@group-A9EE991D717F: changes role from  FOLLOWER to FOLLOWER at term 307 for recognizeCandidate:2a93f7e5-ecb9-41da-9c47-70e13ba76d7d
2019-10-17 07:43:45,608 [grpc-default-executor-1] INFO  impl.RoleInfo (RoleInfo.java:shutdownFollowerState(121)) - 37bd8e8c-ea68-4b1c-8659-8d001c4f3b5c: shutdown FollowerState
2019-10-17 07:43:45,608 [grpc-default-executor-1] INFO  impl.RoleInfo (RoleInfo.java:updateAndGet(143)) - 37bd8e8c-ea68-4b1c-8659-8d001c4f3b5c: start FollowerState
2019-10-17 07:43:45,608 [Thread-2319] INFO  impl.FollowerState (FollowerState.java:run(117)) - 37bd8e8c-ea68-4b1c-8659-8d001c4f3b5c@group-A9EE991D717F-FollowerState was interrupted: java.lang.InterruptedException: sleep interrupted
2019-10-17 07:43:45,622 [2a93f7e5-ecb9-41da-9c47-70e13ba76d7d@group-A9EE991D717F-LeaderElection288] INFO  impl.LeaderElection (LeaderElection.java:logAndReturn(56)) - 2a93f7e5-ecb9-41da-9c47-70e13ba76d7d@group-A9EE991D717F-LeaderElection288: Election REJECTED; received 2 response(s) [2a93f7e5-ecb9-41da-9c47-70e13ba76d7d<-37bd8e8c-ea68-4b1c-8659-8d001c4f3b5c#0:FAIL-t307, 2a93f7e5-ecb9-41da-9c47-70e13ba76d7d<-24020d0b-ce61-4f5a-b0b0-c561541e8cd4#0:FAIL-t307] and 0 exception(s); 2a93f7e5-ecb9-41da-9c47-70e13ba76d7d@group-A9EE991D717F:t307, leader=null, voted=2a93f7e5-ecb9-41da-9c47-70e13ba76d7d, raftlog=2a93f7e5-ecb9-41da-9c47-70e13ba76d7d@group-A9EE991D717F-SegmentedRaftLog:OPENED:c-1,f0,i0, conf=0: [37bd8e8c-ea68-4b1c-8659-8d001c4f3b5c:192.168.34.62:41632, 24020d0b-ce61-4f5a-b0b0-c561541e8cd4:192.168.34.62:42892, 2a93f7e5-ecb9-41da-9c47-70e13ba76d7d:192.168.34.62:35412], old=null
2019-10-17 07:43:45,623 [2a93f7e5-ecb9-41da-9c47-70e13ba76d7d@group-A9EE991D717F-LeaderElection288] INFO  impl.RaftServerImpl (RaftServerImpl.java:setRole(184)) - 2a93f7e5-ecb9-41da-9c47-70e13ba76d7d@group-A9EE991D717F: changes role from CANDIDATE to FOLLOWER at term 307 for DISCOVERED_A_NEW_TERM
2019-10-17 07:43:45,623 [2a93f7e5-ecb9-41da-9c47-70e13ba76d7d@group-A9EE991D717F-LeaderElection288] INFO  impl.RoleInfo (RoleInfo.java:shutdownLeaderElection(134)) - 2a93f7e5-ecb9-41da-9c47-70e13ba76d7d: shutdown LeaderElection
2019-10-17 07:43:45,623 [2a93f7e5-ecb9-41da-9c47-70e13ba76d7d@group-A9EE991D717F-LeaderElection288] INFO  impl.RoleInfo (RoleInfo.java:updateAndGet(143)) - 2a93f7e5-ecb9-41da-9c47-70e13ba76d7d: start FollowerState
2019-10-17 07:43:45,776 [Thread-2327] INFO  impl.FollowerState (FollowerState.java:run(108)) - 2a93f7e5-ecb9-41da-9c47-70e13ba76d7d@group-A9EE991D717F-FollowerState: change to CANDIDATE, lastRpcTime:153ms, electionTimeout:153ms
2019-10-17 07:43:45,776 [Thread-2327] INFO  impl.RoleInfo (RoleInfo.java:shutdownFollowerState(121)) - 2a93f7e5-ecb9-41da-9c47-70e13ba76d7d: shutdown FollowerState
2019-10-17 07:43:45,776 [Thread-2327] INFO  impl.RaftServerImpl (RaftServerImpl.java:setRole(184)) - 2a93f7e5-ecb9-41da-9c47-70e13ba76d7d@group-A9EE991D717F: changes role from  FOLLOWER to CANDIDATE at term 307 for changeToCandidate
2019-10-17 07:43:45,777 [Thread-2327] INFO  impl.RoleInfo (RoleInfo.java:updateAndGet(143)) - 2a93f7e5-ecb9-41da-9c47-70e13ba76d7d: start LeaderElection
2019-10-17 07:43:45,809 [2a93f7e5-ecb9-41da-9c47-70e13ba76d7d@group-A9EE991D717F-LeaderElection289] INFO  impl.LeaderElection (LeaderElection.java:askForVotes(178)) - 2a93f7e5-ecb9-41da-9c47-70e13ba76d7d@group-A9EE991D717F-LeaderElection289: begin an election at term 308 for 0: [37bd8e8c-ea68-4b1c-8659-8d001c4f3b5c:192.168.34.62:41632, 24020d0b-ce61-4f5a-b0b0-c561541e8cd4:192.168.34.62:42892, 2a93f7e5-ecb9-41da-9c47-70e13ba76d7d:192.168.34.62:35412], old=null
2019-10-17 07:43:45,811 [grpc-default-executor-0] INFO  impl.RaftServerImpl (RaftServerImpl.java:setRole(184)) - 24020d0b-ce61-4f5a-b0b0-c561541e8cd4@group-A9EE991D717F: changes role from  FOLLOWER to FOLLOWER at term 308 for recognizeCandidate:2a93f7e5-ecb9-41da-9c47-70e13ba76d7d
2019-10-17 07:43:45,811 [grpc-default-executor-0] INFO  impl.RoleInfo (RoleInfo.java:shutdownFollowerState(121)) - 24020d0b-ce61-4f5a-b0b0-c561541e8cd4: shutdown FollowerState
2019-10-17 07:43:45,811 [grpc-default-executor-1] INFO  impl.RaftServerImpl (RaftServerImpl.java:setRole(184)) - 37bd8e8c-ea68-4b1c-8659-8d001c4f3b5c@group-A9EE991D717F: changes role from  FOLLOWER to FOLLOWER at term 308 for recognizeCandidate:2a93f7e5-ecb9-41da-9c47-70e13ba76d7d
2019-10-17 07:43:45,811 [Thread-2325] INFO  impl.FollowerState (FollowerState.java:run(117)) - 24020d0b-ce61-4f5a-b0b0-c561541e8cd4@group-A9EE991D717F-FollowerState was interrupted: java.lang.InterruptedException: sleep interrupted
2019-10-17 07:43:45,811 [grpc-default-executor-0] INFO  impl.RoleInfo (RoleInfo.java:updateAndGet(143)) - 24020d0b-ce61-4f5a-b0b0-c561541e8cd4: start FollowerState
2019-10-17 07:43:45,811 [grpc-default-executor-1] INFO  impl.RoleInfo (RoleInfo.java:shutdownFollowerState(121)) - 37bd8e8c-ea68-4b1c-8659-8d001c4f3b5c: shutdown FollowerState
2019-10-17 07:43:45,812 [grpc-default-executor-1] INFO  impl.RoleInfo (RoleInfo.java:updateAndGet(143)) - 37bd8e8c-ea68-4b1c-8659-8d001c4f3b5c: start FollowerState
2019-10-17 07:43:45,812 [Thread-2326] INFO  impl.FollowerState (FollowerState.java:run(117)) - 37bd8e8c-ea68-4b1c-8659-8d001c4f3b5c@group-A9EE991D717F-FollowerState was interrupted: java.lang.InterruptedException: sleep interrupted
2019-10-17 07:43:45,836 [2a93f7e5-ecb9-41da-9c47-70e13ba76d7d@group-A9EE991D717F-LeaderElection289] INFO  impl.LeaderElection (LeaderElection.java:logAndReturn(56)) - 2a93f7e5-ecb9-41da-9c47-70e13ba76d7d@group-A9EE991D717F-LeaderElection289: Election REJECTED; received 2 response(s) [2a93f7e5-ecb9-41da-9c47-70e13ba76d7d<-37bd8e8c-ea68-4b1c-8659-8d001c4f3b5c#0:FAIL-t308, 2a93f7e5-ecb9-41da-9c47-70e13ba76d7d<-24020d0b-ce61-4f5a-b0b0-c561541e8cd4#0:FAIL-t308] and 0 exception(s); 2a93f7e5-ecb9-41da-9c47-70e13ba76d7d@group-A9EE991D717F:t308, leader=null, voted=2a93f7e5-ecb9-41da-9c47-70e13ba76d7d, raftlog=2a93f7e5-ecb9-41da-9c47-70e13ba76d7d@group-A9EE991D717F-SegmentedRaftLog:OPENED:c-1,f0,i0, conf=0: [37bd8e8c-ea68-4b1c-8659-8d001c4f3b5c:192.168.34.62:41632, 24020d0b-ce61-4f5a-b0b0-c561541e8cd4:192.168.34.62:42892, 2a93f7e5-ecb9-41da-9c47-70e13ba76d7d:192.168.34.62:35412], old=null
2019-10-17 07:43:45,836 [2a93f7e5-ecb9-41da-9c47-70e13ba76d7d@group-A9EE991D717F-LeaderElection289] INFO  impl.RaftServerImpl (RaftServerImpl.java:setRole(184)) - 2a93f7e5-ecb9-41da-9c47-70e13ba76d7d@group-A9EE991D717F: changes role from CANDIDATE to FOLLOWER at term 308 for DISCOVERED_A_NEW_TERM
2019-10-17 07:43:45,836 [2a93f7e5-ecb9-41da-9c47-70e13ba76d7d@group-A9EE991D717F-LeaderElection289] INFO  impl.RoleInfo (RoleInfo.java:shutdownLeaderElection(134)) - 2a93f7e5-ecb9-41da-9c47-70e13ba76d7d: shutdown LeaderElection
2019-10-17 07:43:45,836 [2a93f7e5-ecb9-41da-9c47-70e13ba76d7d@group-A9EE991D717F-LeaderElection289] INFO  impl.RoleInfo (RoleInfo.java:updateAndGet(143)) - 2a93f7e5-ecb9-41da-9c47-70e13ba76d7d: start FollowerState
2019-10-17 07:43:45,939 [Thread-2333] INFO  impl.FollowerState (FollowerState.java:run(108)) - 2a93f7e5-ecb9-41da-9c47-70e13ba76d7d@group-A9EE991D717F-FollowerState: change to CANDIDATE, lastRpcTime:102ms, electionTimeout:102ms
2019-10-17 07:43:45,939 [Thread-2333] INFO  impl.RoleInfo (RoleInfo.java:shutdownFollowerState(121)) - 2a93f7e5-ecb9-41da-9c47-70e13ba76d7d: shutdown FollowerState
2019-10-17 07:43:45,939 [Thread-2333] INFO  impl.RaftServerImpl (RaftServerImpl.java:setRole(184)) - 2a93f7e5-ecb9-41da-9c47-70e13ba76d7d@group-A9EE991D717F: changes role from  FOLLOWER to CANDIDATE at term 308 for changeToCandidate
2019-10-17 07:43:45,939 [Thread-2333] INFO  impl.RoleInfo (RoleInfo.java:updateAndGet(143)) - 2a93f7e5-ecb9-41da-9c47-70e13ba76d7d: start LeaderElection
2019-10-17 07:43:45,964 [2a93f7e5-ecb9-41da-9c47-70e13ba76d7d@group-A9EE991D717F-LeaderElection290] INFO  impl.LeaderElection (LeaderElection.java:askForVotes(178)) - 2a93f7e5-ecb9-41da-9c47-70e13ba76d7d@group-A9EE991D717F-LeaderElection290: begin an election at term 309 for 0: [37bd8e8c-ea68-4b1c-8659-8d001c4f3b5c:192.168.34.62:41632, 24020d0b-ce61-4f5a-b0b0-c561541e8cd4:192.168.34.62:42892, 2a93f7e5-ecb9-41da-9c47-70e13ba76d7d:192.168.34.62:35412], old=null
2019-10-17 07:43:45,966 [grpc-default-executor-0] INFO  impl.RaftServerImpl (RaftServerImpl.java:setRole(184)) - 37bd8e8c-ea68-4b1c-8659-8d001c4f3b5c@group-A9EE991D717F: changes role from  FOLLOWER to FOLLOWER at term 309 for recognizeCandidate:2a93f7e5-ecb9-41da-9c47-70e13ba76d7d
2019-10-17 07:43:45,966 [grpc-default-executor-0] INFO  impl.RoleInfo (RoleInfo.java:shutdownFollowerState(121)) - 37bd8e8c-ea68-4b1c-8659-8d001c4f3b5c: shutdown FollowerState
2019-10-17 07:43:45,966 [grpc-default-executor-0] INFO  impl.RoleInfo (RoleInfo.java:updateAndGet(143)) - 37bd8e8c-ea68-4b1c-8659-8d001c4f3b5c: start FollowerState
2019-10-17 07:43:45,966 [Thread-2332] INFO  impl.FollowerState (FollowerState.java:run(117)) - 37bd8e8c-ea68-4b1c-8659-8d001c4f3b5c@group-A9EE991D717F-FollowerState was interrupted: java.lang.InterruptedException: sleep interrupted
2019-10-17 07:43:45,966 [grpc-default-executor-1] INFO  impl.RaftServerImpl (RaftServerImpl.java:setRole(184)) - 24020d0b-ce61-4f5a-b0b0-c561541e8cd4@group-A9EE991D717F: changes role from  FOLLOWER to FOLLOWER at term 309 for recognizeCandidate:2a93f7e5-ecb9-41da-9c47-70e13ba76d7d
2019-10-17 07:43:45,966 [grpc-default-executor-1] INFO  impl.RoleInfo (RoleInfo.java:shutdownFollowerState(121)) - 24020d0b-ce61-4f5a-b0b0-c561541e8cd4: shutdown FollowerState
2019-10-17 07:43:45,967 [grpc-default-executor-1] INFO  impl.RoleInfo (RoleInfo.java:updateAndGet(143)) - 24020d0b-ce61-4f5a-b0b0-c561541e8cd4: start FollowerState
2019-10-17 07:43:45,967 [Thread-2331] INFO  impl.FollowerState (FollowerState.java:run(117)) - 24020d0b-ce61-4f5a-b0b0-c561541e8cd4@group-A9EE991D717F-FollowerState was interrupted: java.lang.InterruptedException: sleep interrupted
2019-10-17 07:43:45,975 [2a93f7e5-ecb9-41da-9c47-70e13ba76d7d@group-A9EE991D717F-LeaderElection290] INFO  impl.LeaderElection (LeaderElection.java:logAndReturn(56)) - 2a93f7e5-ecb9-41da-9c47-70e13ba76d7d@group-A9EE991D717F-LeaderElection290: Election TIMEOUT; received 0 response(s) [] and 0 exception(s); 2a93f7e5-ecb9-41da-9c47-70e13ba76d7d@group-A9EE991D717F:t309, leader=null, voted=2a93f7e5-ecb9-41da-9c47-70e13ba76d7d, raftlog=2a93f7e5-ecb9-41da-9c47-70e13ba76d7d@group-A9EE991D717F-SegmentedRaftLog:OPENED:c-1,f0,i0, conf=0: [37bd8e8c-ea68-4b1c-8659-8d001c4f3b5c:192.168.34.62:41632, 24020d0b-ce61-4f5a-b0b0-c561541e8cd4:192.168.34.62:42892, 2a93f7e5-ecb9-41da-9c47-70e13ba76d7d:192.168.34.62:35412], old=null
2019-10-17 07:43:45,990 [2a93f7e5-ecb9-41da-9c47-70e13ba76d7d@group-A9EE991D717F-LeaderElection290] INFO  impl.LeaderElection (LeaderElection.java:askForVotes(178)) - 2a93f7e5-ecb9-41da-9c47-70e13ba76d7d@group-A9EE991D717F-LeaderElection290: begin an election at term 310 for 0: [37bd8e8c-ea68-4b1c-8659-8d001c4f3b5c:192.168.34.62:41632, 24020d0b-ce61-4f5a-b0b0-c561541e8cd4:192.168.34.62:42892, 2a93f7e5-ecb9-41da-9c47-70e13ba76d7d:192.168.34.62:35412], old=null
2019-10-17 07:43:45,992 [grpc-default-executor-1] INFO  impl.RaftServerImpl (RaftServerImpl.java:setRole(184)) - 37bd8e8c-ea68-4b1c-8659-8d001c4f3b5c@group-A9EE991D717F: changes role from  FOLLOWER to FOLLOWER at term 310 for recognizeCandidate:2a93f7e5-ecb9-41da-9c47-70e13ba76d7d
2019-10-17 07:43:45,992 [grpc-default-executor-1] INFO  impl.RoleInfo (RoleInfo.java:shutdownFollowerState(121)) - 37bd8e8c-ea68-4b1c-8659-8d001c4f3b5c: shutdown FollowerState
2019-10-17 07:43:45,993 [grpc-default-executor-0] INFO  impl.RaftServerImpl (RaftServerImpl.java:setRole(184)) - 24020d0b-ce61-4f5a-b0b0-c561541e8cd4@group-A9EE991D717F: changes role from  FOLLOWER to FOLLOWER at term 310 for recognizeCandidate:2a93f7e5-ecb9-41da-9c47-70e13ba76d7d
2019-10-17 07:43:45,993 [Thread-2337] INFO  impl.FollowerState (FollowerState.java:run(117)) - 37bd8e8c-ea68-4b1c-8659-8d001c4f3b5c@group-A9EE991D717F-FollowerState was interrupted: java.lang.InterruptedException: sleep interrupted
2019-10-17 07:43:45,993 [grpc-default-executor-1] INFO  impl.RoleInfo (RoleInfo.java:updateAndGet(143)) - 37bd8e8c-ea68-4b1c-8659-8d001c4f3b5c: start FollowerState
2019-10-17 07:43:45,993 [grpc-default-executor-0] INFO  impl.RoleInfo (RoleInfo.java:shutdownFollowerState(121)) - 24020d0b-ce61-4f5a-b0b0-c561541e8cd4: shutdown FollowerState
2019-10-17 07:43:45,993 [grpc-default-executor-0] INFO  impl.RoleInfo (RoleInfo.java:updateAndGet(143)) - 24020d0b-ce61-4f5a-b0b0-c561541e8cd4: start FollowerState
2019-10-17 07:43:45,993 [Thread-2338] INFO  impl.FollowerState (FollowerState.java:run(117)) - 24020d0b-ce61-4f5a-b0b0-c561541e8cd4@group-A9EE991D717F-FollowerState was interrupted: java.lang.InterruptedException: sleep interrupted
2019-10-17 07:43:46,017 [2a93f7e5-ecb9-41da-9c47-70e13ba76d7d@group-A9EE991D717F-LeaderElection290] INFO  impl.LeaderElection (LeaderElection.java:logAndReturn(56)) - 2a93f7e5-ecb9-41da-9c47-70e13ba76d7d@group-A9EE991D717F-LeaderElection290: Election REJECTED; received 2 response(s) [2a93f7e5-ecb9-41da-9c47-70e13ba76d7d<-37bd8e8c-ea68-4b1c-8659-8d001c4f3b5c#0:FAIL-t310, 2a93f7e5-ecb9-41da-9c47-70e13ba76d7d<-24020d0b-ce61-4f5a-b0b0-c561541e8cd4#0:FAIL-t310] and 0 exception(s); 2a93f7e5-ecb9-41da-9c47-70e13ba76d7d@group-A9EE991D717F:t310, leader=null, voted=2a93f7e5-ecb9-41da-9c47-70e13ba76d7d, raftlog=2a93f7e5-ecb9-41da-9c47-70e13ba76d7d@group-A9EE991D717F-SegmentedRaftLog:OPENED:c-1,f0,i0, conf=0: [37bd8e8c-ea68-4b1c-8659-8d001c4f3b5c:192.168.34.62:41632, 24020d0b-ce61-4f5a-b0b0-c561541e8cd4:192.168.34.62:42892, 2a93f7e5-ecb9-41da-9c47-70e13ba76d7d:192.168.34.62:35412], old=null
2019-10-17 07:43:46,018 [2a93f7e5-ecb9-41da-9c47-70e13ba76d7d@group-A9EE991D717F-LeaderElection290] INFO  impl.RaftServerImpl (RaftServerImpl.java:setRole(184)) - 2a93f7e5-ecb9-41da-9c47-70e13ba76d7d@group-A9EE991D717F: changes role from CANDIDATE to FOLLOWER at term 310 for DISCOVERED_A_NEW_TERM
2019-10-17 07:43:46,018 [2a93f7e5-ecb9-41da-9c47-70e13ba76d7d@group-A9EE991D717F-LeaderElection290] INFO  impl.RoleInfo (RoleInfo.java:shutdownLeaderElection(134)) - 2a93f7e5-ecb9-41da-9c47-70e13ba76d7d: shutdown LeaderElection
2019-10-17 07:43:46,018 [2a93f7e5-ecb9-41da-9c47-70e13ba76d7d@group-A9EE991D717F-LeaderElection290] INFO  impl.RoleInfo (RoleInfo.java:updateAndGet(143)) - 2a93f7e5-ecb9-41da-9c47-70e13ba76d7d: start FollowerState
2019-10-17 07:43:46,187 [Thread-2343] INFO  impl.FollowerState (FollowerState.java:run(108)) - 2a93f7e5-ecb9-41da-9c47-70e13ba76d7d@group-A9EE991D717F-FollowerState: change to CANDIDATE, lastRpcTime:169ms, electionTimeout:169ms
2019-10-17 07:43:46,187 [Thread-2343] INFO  impl.RoleInfo (RoleInfo.java:shutdownFollowerState(121)) - 2a93f7e5-ecb9-41da-9c47-70e13ba76d7d: shutdown FollowerState
2019-10-17 07:43:46,188 [Thread-2343] INFO  impl.RaftServerImpl (RaftServerImpl.java:setRole(184)) - 2a93f7e5-ecb9-41da-9c47-70e13ba76d7d@group-A9EE991D717F: changes role from  FOLLOWER to CANDIDATE at term 310 for changeToCandidate
2019-10-17 07:43:46,188 [Thread-2343] INFO  impl.RoleInfo (RoleInfo.java:updateAndGet(143)) - 2a93f7e5-ecb9-41da-9c47-70e13ba76d7d: start LeaderElection
2019-10-17 07:43:46,212 [2a93f7e5-ecb9-41da-9c47-70e13ba76d7d@group-A9EE991D717F-LeaderElection291] INFO  impl.LeaderElection (LeaderElection.java:askForVotes(178)) - 2a93f7e5-ecb9-41da-9c47-70e13ba76d7d@group-A9EE991D717F-LeaderElection291: begin an election at term 311 for 0: [37bd8e8c-ea68-4b1c-8659-8d001c4f3b5c:192.168.34.62:41632, 24020d0b-ce61-4f5a-b0b0-c561541e8cd4:192.168.34.62:42892, 2a93f7e5-ecb9-41da-9c47-70e13ba76d7d:192.168.34.62:35412], old=null
2019-10-17 07:43:46,213 [grpc-default-executor-1] INFO  impl.RaftServerImpl (RaftServerImpl.java:setRole(184)) - 37bd8e8c-ea68-4b1c-8659-8d001c4f3b5c@group-A9EE991D717F: changes role from  FOLLOWER to FOLLOWER at term 311 for recognizeCandidate:2a93f7e5-ecb9-41da-9c47-70e13ba76d7d
2019-10-17 07:43:46,214 [grpc-default-executor-1] INFO  impl.RoleInfo (RoleInfo.java:shutdownFollowerState(121)) - 37bd8e8c-ea68-4b1c-8659-8d001c4f3b5c: shutdown FollowerState
2019-10-17 07:43:46,214 [grpc-default-executor-0] INFO  impl.RaftServerImpl (RaftServerImpl.java:setRole(184)) - 24020d0b-ce61-4f5a-b0b0-c561541e8cd4@group-A9EE991D717F: changes role from  FOLLOWER to FOLLOWER at term 311 for recognizeCandidate:2a93f7e5-ecb9-41da-9c47-70e13ba76d7d
2019-10-17 07:43:46,214 [grpc-default-executor-0] INFO  impl.RoleInfo (RoleInfo.java:shutdownFollowerState(121)) - 24020d0b-ce61-4f5a-b0b0-c561541e8cd4: shutdown FollowerState
2019-10-17 07:43:46,214 [Thread-2341] INFO  impl.FollowerState (FollowerState.java:run(117)) - 37bd8e8c-ea68-4b1c-8659-8d001c4f3b5c@group-A9EE991D717F-FollowerState was interrupted: java.lang.InterruptedException: sleep interrupted
2019-10-17 07:43:46,214 [grpc-default-executor-1] INFO  impl.RoleInfo (RoleInfo.java:updateAndGet(143)) - 37bd8e8c-ea68-4b1c-8659-8d001c4f3b5c: start FollowerState
2019-10-17 07:43:46,214 [Thread-2342] INFO  impl.FollowerState (FollowerState.java:run(117)) - 24020d0b-ce61-4f5a-b0b0-c561541e8cd4@group-A9EE991D717F-FollowerState was interrupted: java.lang.InterruptedException: sleep interrupted
2019-10-17 07:43:46,214 [grpc-default-executor-0] INFO  impl.RoleInfo (RoleInfo.java:updateAndGet(143)) - 24020d0b-ce61-4f5a-b0b0-c561541e8cd4: start FollowerState
2019-10-17 07:43:46,251 [2a93f7e5-ecb9-41da-9c47-70e13ba76d7d@group-A9EE991D717F-LeaderElection291] INFO  impl.LeaderElection (LeaderElection.java:logAndReturn(56)) - 2a93f7e5-ecb9-41da-9c47-70e13ba76d7d@group-A9EE991D717F-LeaderElection291: Election REJECTED; received 2 response(s) [2a93f7e5-ecb9-41da-9c47-70e13ba76d7d<-37bd8e8c-ea68-4b1c-8659-8d001c4f3b5c#0:FAIL-t311, 2a93f7e5-ecb9-41da-9c47-70e13ba76d7d<-24020d0b-ce61-4f5a-b0b0-c561541e8cd4#0:FAIL-t311] and 0 exception(s); 2a93f7e5-ecb9-41da-9c47-70e13ba76d7d@group-A9EE991D717F:t311, leader=null, voted=2a93f7e5-ecb9-41da-9c47-70e13ba76d7d, raftlog=2a93f7e5-ecb9-41da-9c47-70e13ba76d7d@group-A9EE991D717F-SegmentedRaftLog:OPENED:c-1,f0,i0, conf=0: [37bd8e8c-ea68-4b1c-8659-8d001c4f3b5c:192.168.34.62:41632, 24020d0b-ce61-4f5a-b0b0-c561541e8cd4:192.168.34.62:42892, 2a93f7e5-ecb9-41da-9c47-70e13ba76d7d:192.168.34.62:35412], old=null
2019-10-17 07:43:46,251 [2a93f7e5-ecb9-41da-9c47-70e13ba76d7d@group-A9EE991D717F-LeaderElection291] INFO  impl.RaftServerImpl (RaftServerImpl.java:setRole(184)) - 2a93f7e5-ecb9-41da-9c47-70e13ba76d7d@group-A9EE991D717F: changes role from CANDIDATE to FOLLOWER at term 311 for DISCOVERED_A_NEW_TERM
2019-10-17 07:43:46,251 [2a93f7e5-ecb9-41da-9c47-70e13ba76d7d@group-A9EE991D717F-LeaderElection291] INFO  impl.RoleInfo (RoleInfo.java:shutdownLeaderElection(134)) - 2a93f7e5-ecb9-41da-9c47-70e13ba76d7d: shutdown LeaderElection
2019-10-17 07:43:46,251 [2a93f7e5-ecb9-41da-9c47-70e13ba76d7d@group-A9EE991D717F-LeaderElection291] INFO  impl.RoleInfo (RoleInfo.java:updateAndGet(143)) - 2a93f7e5-ecb9-41da-9c47-70e13ba76d7d: start FollowerState
2019-10-17 07:43:46,337 [Thread-2349] INFO  impl.FollowerState (FollowerState.java:run(108)) - 2a93f7e5-ecb9-41da-9c47-70e13ba76d7d@group-A9EE991D717F-FollowerState: change to CANDIDATE, lastRpcTime:85ms, electionTimeout:85ms
2019-10-17 07:43:46,337 [Thread-2349] INFO  impl.RoleInfo (RoleInfo.java:shutdownFollowerState(121)) - 2a93f7e5-ecb9-41da-9c47-70e13ba76d7d: shutdown FollowerState
2019-10-17 07:43:46,337 [Thread-2349] INFO  impl.RaftServerImpl (RaftServerImpl.java:setRole(184)) - 2a93f7e5-ecb9-41da-9c47-70e13ba76d7d@group-A9EE991D717F: changes role from  FOLLOWER to CANDIDATE at term 311 for changeToCandidate
2019-10-17 07:43:46,337 [Thread-2349] INFO  impl.RoleInfo (RoleInfo.java:updateAndGet(143)) - 2a93f7e5-ecb9-41da-9c47-70e13ba76d7d: start LeaderElection
2019-10-17 07:43:46,398 [2a93f7e5-ecb9-41da-9c47-70e13ba76d7d@group-A9EE991D717F-LeaderElection292] INFO  impl.LeaderElection (LeaderElection.java:askForVotes(178)) - 2a93f7e5-ecb9-41da-9c47-70e13ba76d7d@group-A9EE991D717F-LeaderElection292: begin an election at term 312 for 0: [37bd8e8c-ea68-4b1c-8659-8d001c4f3b5c:192.168.34.62:41632, 24020d0b-ce61-4f5a-b0b0-c561541e8cd4:192.168.34.62:42892, 2a93f7e5-ecb9-41da-9c47-70e13ba76d7d:192.168.34.62:35412], old=null
2019-10-17 07:43:46,399 [grpc-default-executor-0] INFO  impl.RaftServerImpl (RaftServerImpl.java:setRole(184)) - 37bd8e8c-ea68-4b1c-8659-8d001c4f3b5c@group-A9EE991D717F: changes role from  FOLLOWER to FOLLOWER at term 312 for recognizeCandidate:2a93f7e5-ecb9-41da-9c47-70e13ba76d7d
2019-10-17 07:43:46,400 [grpc-default-executor-1] INFO  impl.RaftServerImpl (RaftServerImpl.java:setRole(184)) - 24020d0b-ce61-4f5a-b0b0-c561541e8cd4@group-A9EE991D717F: changes role from  FOLLOWER to FOLLOWER at term 312 for recognizeCandidate:2a93f7e5-ecb9-41da-9c47-70e13ba76d7d
2019-10-17 07:43:46,400 [grpc-default-executor-0] INFO  impl.RoleInfo (RoleInfo.java:shutdownFollowerState(121)) - 37bd8e8c-ea68-4b1c-8659-8d001c4f3b5c: shutdown FollowerState
2019-10-17 07:43:46,400 [grpc-default-executor-1] INFO  impl.RoleInfo (RoleInfo.java:shutdownFollowerState(121)) - 24020d0b-ce61-4f5a-b0b0-c561541e8cd4: shutdown FollowerState
2019-10-17 07:43:46,400 [Thread-2347] INFO  impl.FollowerState (FollowerState.java:run(117)) - 37bd8e8c-ea68-4b1c-8659-8d001c4f3b5c@group-A9EE991D717F-FollowerState was interrupted: java.lang.InterruptedException: sleep interrupted
2019-10-17 07:43:46,400 [grpc-default-executor-0] INFO  impl.RoleInfo (RoleInfo.java:updateAndGet(143)) - 37bd8e8c-ea68-4b1c-8659-8d001c4f3b5c: start FollowerState
2019-10-17 07:43:46,400 [Thread-2348] INFO  impl.FollowerState (FollowerState.java:run(117)) - 24020d0b-ce61-4f5a-b0b0-c561541e8cd4@group-A9EE991D717F-FollowerState was interrupted: java.lang.InterruptedException: sleep interrupted
2019-10-17 07:43:46,400 [grpc-default-executor-1] INFO  impl.RoleInfo (RoleInfo.java:updateAndGet(143)) - 24020d0b-ce61-4f5a-b0b0-c561541e8cd4: start FollowerState
2019-10-17 07:43:46,467 [2a93f7e5-ecb9-41da-9c47-70e13ba76d7d@group-A9EE991D717F-LeaderElection292] INFO  impl.LeaderElection (LeaderElection.java:logAndReturn(56)) - 2a93f7e5-ecb9-41da-9c47-70e13ba76d7d@group-A9EE991D717F-LeaderElection292: Election REJECTED; received 2 response(s) [2a93f7e5-ecb9-41da-9c47-70e13ba76d7d<-37bd8e8c-ea68-4b1c-8659-8d001c4f3b5c#0:FAIL-t312, 2a93f7e5-ecb9-41da-9c47-70e13ba76d7d<-24020d0b-ce61-4f5a-b0b0-c561541e8cd4#0:FAIL-t312] and 0 exception(s); 2a93f7e5-ecb9-41da-9c47-70e13ba76d7d@group-A9EE991D717F:t312, leader=null, voted=2a93f7e5-ecb9-41da-9c47-70e13ba76d7d, raftlog=2a93f7e5-ecb9-41da-9c47-70e13ba76d7d@group-A9EE991D717F-SegmentedRaftLog:OPENED:c-1,f0,i0, conf=0: [37bd8e8c-ea68-4b1c-8659-8d001c4f3b5c:192.168.34.62:41632, 24020d0b-ce61-4f5a-b0b0-c561541e8cd4:192.168.34.62:42892, 2a93f7e5-ecb9-41da-9c47-70e13ba76d7d:192.168.34.62:35412], old=null
2019-10-17 07:43:46,467 [2a93f7e5-ecb9-41da-9c47-70e13ba76d7d@group-A9EE991D717F-LeaderElection292] INFO  impl.RaftServerImpl (RaftServerImpl.java:setRole(184)) - 2a93f7e5-ecb9-41da-9c47-70e13ba76d7d@group-A9EE991D717F: changes role from CANDIDATE to FOLLOWER at term 312 for DISCOVERED_A_NEW_TERM
2019-10-17 07:43:46,467 [2a93f7e5-ecb9-41da-9c47-70e13ba76d7d@group-A9EE991D717F-LeaderElection292] INFO  impl.RoleInfo (RoleInfo.java:shutdownLeaderElection(134)) - 2a93f7e5-ecb9-41da-9c47-70e13ba76d7d: shutdown LeaderElection
2019-10-17 07:43:46,467 [2a93f7e5-ecb9-41da-9c47-70e13ba76d7d@group-A9EE991D717F-LeaderElection292] INFO  impl.RoleInfo (RoleInfo.java:updateAndGet(143)) - 2a93f7e5-ecb9-41da-9c47-70e13ba76d7d: start FollowerState
2019-10-17 07:43:46,478 [Thread-2355] INFO  impl.FollowerState (FollowerState.java:run(108)) - 2a93f7e5-ecb9-41da-9c47-70e13ba76d7d@group-A9EE991D717F-FollowerState: change to CANDIDATE, lastRpcTime:11ms, electionTimeout:11ms
2019-10-17 07:43:46,479 [Thread-2355] INFO  impl.RoleInfo (RoleInfo.java:shutdownFollowerState(121)) - 2a93f7e5-ecb9-41da-9c47-70e13ba76d7d: shutdown FollowerState
2019-10-17 07:43:46,479 [Thread-2355] INFO  impl.RaftServerImpl (RaftServerImpl.java:setRole(184)) - 2a93f7e5-ecb9-41da-9c47-70e13ba76d7d@group-A9EE991D717F: changes role from  FOLLOWER to CANDIDATE at term 312 for changeToCandidate
2019-10-17 07:43:46,479 [Thread-2355] INFO  impl.RoleInfo (RoleInfo.java:updateAndGet(143)) - 2a93f7e5-ecb9-41da-9c47-70e13ba76d7d: start LeaderElection
2019-10-17 07:43:46,502 [2a93f7e5-ecb9-41da-9c47-70e13ba76d7d@group-A9EE991D717F-LeaderElection293] INFO  impl.LeaderElection (LeaderElection.java:askForVotes(178)) - 2a93f7e5-ecb9-41da-9c47-70e13ba76d7d@group-A9EE991D717F-LeaderElection293: begin an election at term 313 for 0: [37bd8e8c-ea68-4b1c-8659-8d001c4f3b5c:192.168.34.62:41632, 24020d0b-ce61-4f5a-b0b0-c561541e8cd4:192.168.34.62:42892, 2a93f7e5-ecb9-41da-9c47-70e13ba76d7d:192.168.34.62:35412], old=null
2019-10-17 07:43:46,504 [grpc-default-executor-1] INFO  impl.RaftServerImpl (RaftServerImpl.java:setRole(184)) - 24020d0b-ce61-4f5a-b0b0-c561541e8cd4@group-A9EE991D717F: changes role from  FOLLOWER to FOLLOWER at term 313 for recognizeCandidate:2a93f7e5-ecb9-41da-9c47-70e13ba76d7d
2019-10-17 07:43:46,505 [grpc-default-executor-1] INFO  impl.RoleInfo (RoleInfo.java:shutdownFollowerState(121)) - 24020d0b-ce61-4f5a-b0b0-c561541e8cd4: shutdown FollowerState
2019-10-17 07:43:46,504 [grpc-default-executor-0] INFO  impl.RaftServerImpl (RaftServerImpl.java:setRole(184)) - 37bd8e8c-ea68-4b1c-8659-8d001c4f3b5c@group-A9EE991D717F: changes role from  FOLLOWER to FOLLOWER at term 313 for recognizeCandidate:2a93f7e5-ecb9-41da-9c47-70e13ba76d7d
2019-10-17 07:43:46,505 [grpc-default-executor-0] INFO  impl.RoleInfo (RoleInfo.java:shutdownFollowerState(121)) - 37bd8e8c-ea68-4b1c-8659-8d001c4f3b5c: shutdown FollowerState
2019-10-17 07:43:46,505 [Thread-2354] INFO  impl.FollowerState (FollowerState.java:run(117)) - 24020d0b-ce61-4f5a-b0b0-c561541e8cd4@group-A9EE991D717F-FollowerState was interrupted: java.lang.InterruptedException: sleep interrupted
2019-10-17 07:43:46,505 [grpc-default-executor-1] INFO  impl.RoleInfo (RoleInfo.java:updateAndGet(143)) - 24020d0b-ce61-4f5a-b0b0-c561541e8cd4: start FollowerState
2019-10-17 07:43:46,505 [Thread-2353] INFO  impl.FollowerState (FollowerState.java:run(117)) - 37bd8e8c-ea68-4b1c-8659-8d001c4f3b5c@group-A9EE991D717F-FollowerState was interrupted: java.lang.InterruptedException: sleep interrupted
2019-10-17 07:43:46,505 [grpc-default-executor-0] INFO  impl.RoleInfo (RoleInfo.java:updateAndGet(143)) - 37bd8e8c-ea68-4b1c-8659-8d001c4f3b5c: start FollowerState
2019-10-17 07:43:46,530 [2a93f7e5-ecb9-41da-9c47-70e13ba76d7d@group-A9EE991D717F-LeaderElection293] INFO  impl.LeaderElection (LeaderElection.java:logAndReturn(56)) - 2a93f7e5-ecb9-41da-9c47-70e13ba76d7d@group-A9EE991D717F-LeaderElection293: Election REJECTED; received 2 response(s) [2a93f7e5-ecb9-41da-9c47-70e13ba76d7d<-37bd8e8c-ea68-4b1c-8659-8d001c4f3b5c#0:FAIL-t313, 2a93f7e5-ecb9-41da-9c47-70e13ba76d7d<-24020d0b-ce61-4f5a-b0b0-c561541e8cd4#0:FAIL-t313] and 0 exception(s); 2a93f7e5-ecb9-41da-9c47-70e13ba76d7d@group-A9EE991D717F:t313, leader=null, voted=2a93f7e5-ecb9-41da-9c47-70e13ba76d7d, raftlog=2a93f7e5-ecb9-41da-9c47-70e13ba76d7d@group-A9EE991D717F-SegmentedRaftLog:OPENED:c-1,f0,i0, conf=0: [37bd8e8c-ea68-4b1c-8659-8d001c4f3b5c:192.168.34.62:41632, 24020d0b-ce61-4f5a-b0b0-c561541e8cd4:192.168.34.62:42892, 2a93f7e5-ecb9-41da-9c47-70e13ba76d7d:192.168.34.62:35412], old=null
2019-10-17 07:43:46,530 [2a93f7e5-ecb9-41da-9c47-70e13ba76d7d@group-A9EE991D717F-LeaderElection293] INFO  impl.RaftServerImpl (RaftServerImpl.java:setRole(184)) - 2a93f7e5-ecb9-41da-9c47-70e13ba76d7d@group-A9EE991D717F: changes role from CANDIDATE to FOLLOWER at term 313 for DISCOVERED_A_NEW_TERM
2019-10-17 07:43:46,530 [2a93f7e5-ecb9-41da-9c47-70e13ba76d7d@group-A9EE991D717F-LeaderElection293] INFO  impl.RoleInfo (RoleInfo.java:shutdownLeaderElection(134)) - 2a93f7e5-ecb9-41da-9c47-70e13ba76d7d: shutdown LeaderElection
2019-10-17 07:43:46,530 [2a93f7e5-ecb9-41da-9c47-70e13ba76d7d@group-A9EE991D717F-LeaderElection293] INFO  impl.RoleInfo (RoleInfo.java:updateAndGet(143)) - 2a93f7e5-ecb9-41da-9c47-70e13ba76d7d: start FollowerState
2019-10-17 07:43:46,628 [Thread-2361] INFO  impl.FollowerState (FollowerState.java:run(108)) - 2a93f7e5-ecb9-41da-9c47-70e13ba76d7d@group-A9EE991D717F-FollowerState: change to CANDIDATE, lastRpcTime:97ms, electionTimeout:97ms
2019-10-17 07:43:46,628 [Thread-2361] INFO  impl.RoleInfo (RoleInfo.java:shutdownFollowerState(121)) - 2a93f7e5-ecb9-41da-9c47-70e13ba76d7d: shutdown FollowerState
2019-10-17 07:43:46,628 [Thread-2361] INFO  impl.RaftServerImpl (RaftServerImpl.java:setRole(184)) - 2a93f7e5-ecb9-41da-9c47-70e13ba76d7d@group-A9EE991D717F: changes role from  FOLLOWER to CANDIDATE at term 313 for changeToCandidate
2019-10-17 07:43:46,628 [Thread-2361] INFO  impl.RoleInfo (RoleInfo.java:updateAndGet(143)) - 2a93f7e5-ecb9-41da-9c47-70e13ba76d7d: start LeaderElection
2019-10-17 07:43:46,652 [2a93f7e5-ecb9-41da-9c47-70e13ba76d7d@group-A9EE991D717F-LeaderElection294] INFO  impl.LeaderElection (LeaderElection.java:askForVotes(178)) - 2a93f7e5-ecb9-41da-9c47-70e13ba76d7d@group-A9EE991D717F-LeaderElection294: begin an election at term 314 for 0: [37bd8e8c-ea68-4b1c-8659-8d001c4f3b5c:192.168.34.62:41632, 24020d0b-ce61-4f5a-b0b0-c561541e8cd4:192.168.34.62:42892, 2a93f7e5-ecb9-41da-9c47-70e13ba76d7d:192.168.34.62:35412], old=null
2019-10-17 07:43:46,653 [grpc-default-executor-0] INFO  impl.RaftServerImpl (RaftServerImpl.java:setRole(184)) - 37bd8e8c-ea68-4b1c-8659-8d001c4f3b5c@group-A9EE991D717F: changes role from  FOLLOWER to FOLLOWER at term 314 for recognizeCandidate:2a93f7e5-ecb9-41da-9c47-70e13ba76d7d
2019-10-17 07:43:46,654 [grpc-default-executor-0] INFO  impl.RoleInfo (RoleInfo.java:shutdownFollowerState(121)) - 37bd8e8c-ea68-4b1c-8659-8d001c4f3b5c: shutdown FollowerState
2019-10-17 07:43:46,654 [grpc-default-executor-1] INFO  impl.RaftServerImpl (RaftServerImpl.java:setRole(184)) - 24020d0b-ce61-4f5a-b0b0-c561541e8cd4@group-A9EE991D717F: changes role from  FOLLOWER to FOLLOWER at term 314 for recognizeCandidate:2a93f7e5-ecb9-41da-9c47-70e13ba76d7d
2019-10-17 07:43:46,654 [Thread-2360] INFO  impl.FollowerState (FollowerState.java:run(117)) - 37bd8e8c-ea68-4b1c-8659-8d001c4f3b5c@group-A9EE991D717F-FollowerState was interrupted: java.lang.InterruptedException: sleep interrupted
2019-10-17 07:43:46,654 [grpc-default-executor-1] INFO  impl.RoleInfo (RoleInfo.java:shutdownFollowerState(121)) - 24020d0b-ce61-4f5a-b0b0-c561541e8cd4: shutdown FollowerState
2019-10-17 07:43:46,654 [grpc-default-executor-0] INFO  impl.RoleInfo (RoleInfo.java:updateAndGet(143)) - 37bd8e8c-ea68-4b1c-8659-8d001c4f3b5c: start FollowerState
2019-10-17 07:43:46,654 [Thread-2359] INFO  impl.FollowerState (FollowerState.java:run(117)) - 24020d0b-ce61-4f5a-b0b0-c561541e8cd4@group-A9EE991D717F-FollowerState was interrupted: java.lang.InterruptedException: sleep interrupted
2019-10-17 07:43:46,654 [grpc-default-executor-1] INFO  impl.RoleInfo (RoleInfo.java:updateAndGet(143)) - 24020d0b-ce61-4f5a-b0b0-c561541e8cd4: start FollowerState
2019-10-17 07:43:46,668 [2a93f7e5-ecb9-41da-9c47-70e13ba76d7d@group-A9EE991D717F-LeaderElection294] INFO  impl.LeaderElection (LeaderElection.java:logAndReturn(56)) - 2a93f7e5-ecb9-41da-9c47-70e13ba76d7d@group-A9EE991D717F-LeaderElection294: Election REJECTED; received 2 response(s) [2a93f7e5-ecb9-41da-9c47-70e13ba76d7d<-37bd8e8c-ea68-4b1c-8659-8d001c4f3b5c#0:FAIL-t314, 2a93f7e5-ecb9-41da-9c47-70e13ba76d7d<-24020d0b-ce61-4f5a-b0b0-c561541e8cd4#0:FAIL-t314] and 0 exception(s); 2a93f7e5-ecb9-41da-9c47-70e13ba76d7d@group-A9EE991D717F:t314, leader=null, voted=2a93f7e5-ecb9-41da-9c47-70e13ba76d7d, raftlog=2a93f7e5-ecb9-41da-9c47-70e13ba76d7d@group-A9EE991D717F-SegmentedRaftLog:OPENED:c-1,f0,i0, conf=0: [37bd8e8c-ea68-4b1c-8659-8d001c4f3b5c:192.168.34.62:41632, 24020d0b-ce61-4f5a-b0b0-c561541e8cd4:192.168.34.62:42892, 2a93f7e5-ecb9-41da-9c47-70e13ba76d7d:192.168.34.62:35412], old=null
2019-10-17 07:43:46,668 [2a93f7e5-ecb9-41da-9c47-70e13ba76d7d@group-A9EE991D717F-LeaderElection294] INFO  impl.RaftServerImpl (RaftServerImpl.java:setRole(184)) - 2a93f7e5-ecb9-41da-9c47-70e13ba76d7d@group-A9EE991D717F: changes role from CANDIDATE to FOLLOWER at term 314 for DISCOVERED_A_NEW_TERM
2019-10-17 07:43:46,669 [2a93f7e5-ecb9-41da-9c47-70e13ba76d7d@group-A9EE991D717F-LeaderElection294] INFO  impl.RoleInfo (RoleInfo.java:shutdownLeaderElection(134)) - 2a93f7e5-ecb9-41da-9c47-70e13ba76d7d: shutdown LeaderElection
2019-10-17 07:43:46,669 [2a93f7e5-ecb9-41da-9c47-70e13ba76d7d@group-A9EE991D717F-LeaderElection294] INFO  impl.RoleInfo (RoleInfo.java:updateAndGet(143)) - 2a93f7e5-ecb9-41da-9c47-70e13ba76d7d: start FollowerState
2019-10-17 07:43:46,820 [Thread-2367] INFO  impl.FollowerState (FollowerState.java:run(108)) - 2a93f7e5-ecb9-41da-9c47-70e13ba76d7d@group-A9EE991D717F-FollowerState: change to CANDIDATE, lastRpcTime:151ms, electionTimeout:151ms
2019-10-17 07:43:46,820 [Thread-2367] INFO  impl.RoleInfo (RoleInfo.java:shutdownFollowerState(121)) - 2a93f7e5-ecb9-41da-9c47-70e13ba76d7d: shutdown FollowerState
2019-10-17 07:43:46,820 [Thread-2367] INFO  impl.RaftServerImpl (RaftServerImpl.java:setRole(184)) - 2a93f7e5-ecb9-41da-9c47-70e13ba76d7d@group-A9EE991D717F: changes role from  FOLLOWER to CANDIDATE at term 314 for changeToCandidate
2019-10-17 07:43:46,820 [Thread-2367] INFO  impl.RoleInfo (RoleInfo.java:updateAndGet(143)) - 2a93f7e5-ecb9-41da-9c47-70e13ba76d7d: start LeaderElection
2019-10-17 07:43:46,844 [2a93f7e5-ecb9-41da-9c47-70e13ba76d7d@group-A9EE991D717F-LeaderElection295] INFO  impl.LeaderElection (LeaderElection.java:askForVotes(178)) - 2a93f7e5-ecb9-41da-9c47-70e13ba76d7d@group-A9EE991D717F-LeaderElection295: begin an election at term 315 for 0: [37bd8e8c-ea68-4b1c-8659-8d001c4f3b5c:192.168.34.62:41632, 24020d0b-ce61-4f5a-b0b0-c561541e8cd4:192.168.34.62:42892, 2a93f7e5-ecb9-41da-9c47-70e13ba76d7d:192.168.34.62:35412], old=null
2019-10-17 07:43:46,846 [grpc-default-executor-0] INFO  impl.RaftServerImpl (RaftServerImpl.java:setRole(184)) - 37bd8e8c-ea68-4b1c-8659-8d001c4f3b5c@group-A9EE991D717F: changes role from  FOLLOWER to FOLLOWER at term 315 for recognizeCandidate:2a93f7e5-ecb9-41da-9c47-70e13ba76d7d
2019-10-17 07:43:46,846 [grpc-default-executor-0] INFO  impl.RoleInfo (RoleInfo.java:shutdownFollowerState(121)) - 37bd8e8c-ea68-4b1c-8659-8d001c4f3b5c: shutdown FollowerState
2019-10-17 07:43:46,846 [grpc-default-executor-1] INFO  impl.RaftServerImpl (RaftServerImpl.java:setRole(184)) - 24020d0b-ce61-4f5a-b0b0-c561541e8cd4@group-A9EE991D717F: changes role from  FOLLOWER to FOLLOWER at term 315 for recognizeCandidate:2a93f7e5-ecb9-41da-9c47-70e13ba76d7d
2019-10-17 07:43:46,847 [Thread-2365] INFO  impl.FollowerState (FollowerState.java:run(117)) - 37bd8e8c-ea68-4b1c-8659-8d001c4f3b5c@group-A9EE991D717F-FollowerState was interrupted: java.lang.InterruptedException: sleep interrupted
2019-10-17 07:43:46,847 [grpc-default-executor-0] INFO  impl.RoleInfo (RoleInfo.java:updateAndGet(143)) - 37bd8e8c-ea68-4b1c-8659-8d001c4f3b5c: start FollowerState
2019-10-17 07:43:46,847 [grpc-default-executor-1] INFO  impl.RoleInfo (RoleInfo.java:shutdownFollowerState(121)) - 24020d0b-ce61-4f5a-b0b0-c561541e8cd4: shutdown FollowerState
2019-10-17 07:43:46,847 [grpc-default-executor-1] INFO  impl.RoleInfo (RoleInfo.java:updateAndGet(143)) - 24020d0b-ce61-4f5a-b0b0-c561541e8cd4: start FollowerState
2019-10-17 07:43:46,847 [Thread-2366] INFO  impl.FollowerState (FollowerState.java:run(117)) - 24020d0b-ce61-4f5a-b0b0-c561541e8cd4@group-A9EE991D717F-FollowerState was interrupted: java.lang.InterruptedException: sleep interrupted
2019-10-17 07:43:46,862 [2a93f7e5-ecb9-41da-9c47-70e13ba76d7d@group-A9EE991D717F-LeaderElection295] INFO  impl.LeaderElection (LeaderElection.java:logAndReturn(56)) - 2a93f7e5-ecb9-41da-9c47-70e13ba76d7d@group-A9EE991D717F-LeaderElection295: Election REJECTED; received 2 response(s) [2a93f7e5-ecb9-41da-9c47-70e13ba76d7d<-37bd8e8c-ea68-4b1c-8659-8d001c4f3b5c#0:FAIL-t315, 2a93f7e5-ecb9-41da-9c47-70e13ba76d7d<-24020d0b-ce61-4f5a-b0b0-c561541e8cd4#0:FAIL-t315] and 0 exception(s); 2a93f7e5-ecb9-41da-9c47-70e13ba76d7d@group-A9EE991D717F:t315, leader=null, voted=2a93f7e5-ecb9-41da-9c47-70e13ba76d7d, raftlog=2a93f7e5-ecb9-41da-9c47-70e13ba76d7d@group-A9EE991D717F-SegmentedRaftLog:OPENED:c-1,f0,i0, conf=0: [37bd8e8c-ea68-4b1c-8659-8d001c4f3b5c:192.168.34.62:41632, 24020d0b-ce61-4f5a-b0b0-c561541e8cd4:192.168.34.62:42892, 2a93f7e5-ecb9-41da-9c47-70e13ba76d7d:192.168.34.62:35412], old=null
2019-10-17 07:43:46,863 [2a93f7e5-ecb9-41da-9c47-70e13ba76d7d@group-A9EE991D717F-LeaderElection295] INFO  impl.RaftServerImpl (RaftServerImpl.java:setRole(184)) - 2a93f7e5-ecb9-41da-9c47-70e13ba76d7d@group-A9EE991D717F: changes role from CANDIDATE to FOLLOWER at term 315 for DISCOVERED_A_NEW_TERM
2019-10-17 07:43:46,863 [2a93f7e5-ecb9-41da-9c47-70e13ba76d7d@group-A9EE991D717F-LeaderElection295] INFO  impl.RoleInfo (RoleInfo.java:shutdownLeaderElection(134)) - 2a93f7e5-ecb9-41da-9c47-70e13ba76d7d: shutdown LeaderElection
2019-10-17 07:43:46,863 [2a93f7e5-ecb9-41da-9c47-70e13ba76d7d@group-A9EE991D717F-LeaderElection295] INFO  impl.RoleInfo (RoleInfo.java:updateAndGet(143)) - 2a93f7e5-ecb9-41da-9c47-70e13ba76d7d: start FollowerState
2019-10-17 07:43:46,866 [Thread-2373] INFO  impl.FollowerState (FollowerState.java:run(108)) - 2a93f7e5-ecb9-41da-9c47-70e13ba76d7d@group-A9EE991D717F-FollowerState: change to CANDIDATE, lastRpcTime:3ms, electionTimeout:3ms
2019-10-17 07:43:46,866 [Thread-2373] INFO  impl.RoleInfo (RoleInfo.java:shutdownFollowerState(121)) - 2a93f7e5-ecb9-41da-9c47-70e13ba76d7d: shutdown FollowerState
2019-10-17 07:43:46,866 [Thread-2373] INFO  impl.RaftServerImpl (RaftServerImpl.java:setRole(184)) - 2a93f7e5-ecb9-41da-9c47-70e13ba76d7d@group-A9EE991D717F: changes role from  FOLLOWER to CANDIDATE at term 315 for changeToCandidate
2019-10-17 07:43:46,867 [Thread-2373] INFO  impl.RoleInfo (RoleInfo.java:updateAndGet(143)) - 2a93f7e5-ecb9-41da-9c47-70e13ba76d7d: start LeaderElection
2019-10-17 07:43:46,890 [2a93f7e5-ecb9-41da-9c47-70e13ba76d7d@group-A9EE991D717F-LeaderElection296] INFO  impl.LeaderElection (LeaderElection.java:askForVotes(178)) - 2a93f7e5-ecb9-41da-9c47-70e13ba76d7d@group-A9EE991D717F-LeaderElection296: begin an election at term 316 for 0: [37bd8e8c-ea68-4b1c-8659-8d001c4f3b5c:192.168.34.62:41632, 24020d0b-ce61-4f5a-b0b0-c561541e8cd4:192.168.34.62:42892, 2a93f7e5-ecb9-41da-9c47-70e13ba76d7d:192.168.34.62:35412], old=null
2019-10-17 07:43:46,891 [grpc-default-executor-1] INFO  impl.RaftServerImpl (RaftServerImpl.java:setRole(184)) - 37bd8e8c-ea68-4b1c-8659-8d001c4f3b5c@group-A9EE991D717F: changes role from  FOLLOWER to FOLLOWER at term 316 for recognizeCandidate:2a93f7e5-ecb9-41da-9c47-70e13ba76d7d
2019-10-17 07:43:46,891 [grpc-default-executor-1] INFO  impl.RoleInfo (RoleInfo.java:shutdownFollowerState(121)) - 37bd8e8c-ea68-4b1c-8659-8d001c4f3b5c: shutdown FollowerState
2019-10-17 07:43:46,892 [grpc-default-executor-1] INFO  impl.RoleInfo (RoleInfo.java:updateAndGet(143)) - 37bd8e8c-ea68-4b1c-8659-8d001c4f3b5c: start FollowerState
2019-10-17 07:43:46,892 [Thread-2371] INFO  impl.FollowerState (FollowerState.java:run(117)) - 37bd8e8c-ea68-4b1c-8659-8d001c4f3b5c@group-A9EE991D717F-FollowerState was interrupted: java.lang.InterruptedException: sleep interrupted
2019-10-17 07:43:46,892 [grpc-default-executor-0] INFO  impl.RaftServerImpl (RaftServerImpl.java:setRole(184)) - 24020d0b-ce61-4f5a-b0b0-c561541e8cd4@group-A9EE991D717F: changes role from  FOLLOWER to FOLLOWER at term 316 for recognizeCandidate:2a93f7e5-ecb9-41da-9c47-70e13ba76d7d
2019-10-17 07:43:46,892 [grpc-default-executor-0] INFO  impl.RoleInfo (RoleInfo.java:shutdownFollowerState(121)) - 24020d0b-ce61-4f5a-b0b0-c561541e8cd4: shutdown FollowerState
2019-10-17 07:43:46,892 [grpc-default-executor-0] INFO  impl.RoleInfo (RoleInfo.java:updateAndGet(143)) - 24020d0b-ce61-4f5a-b0b0-c561541e8cd4: start FollowerState
2019-10-17 07:43:46,892 [Thread-2372] INFO  impl.FollowerState (FollowerState.java:run(117)) - 24020d0b-ce61-4f5a-b0b0-c561541e8cd4@group-A9EE991D717F-FollowerState was interrupted: java.lang.InterruptedException: sleep interrupted
2019-10-17 07:43:46,905 [2a93f7e5-ecb9-41da-9c47-70e13ba76d7d@group-A9EE991D717F-LeaderElection296] INFO  impl.LeaderElection (LeaderElection.java:logAndReturn(56)) - 2a93f7e5-ecb9-41da-9c47-70e13ba76d7d@group-A9EE991D717F-LeaderElection296: Election TIMEOUT; received 0 response(s) [] and 0 exception(s); 2a93f7e5-ecb9-41da-9c47-70e13ba76d7d@group-A9EE991D717F:t316, leader=null, voted=2a93f7e5-ecb9-41da-9c47-70e13ba76d7d, raftlog=2a93f7e5-ecb9-41da-9c47-70e13ba76d7d@group-A9EE991D717F-SegmentedRaftLog:OPENED:c-1,f0,i0, conf=0: [37bd8e8c-ea68-4b1c-8659-8d001c4f3b5c:192.168.34.62:41632, 24020d0b-ce61-4f5a-b0b0-c561541e8cd4:192.168.34.62:42892, 2a93f7e5-ecb9-41da-9c47-70e13ba76d7d:192.168.34.62:35412], old=null
2019-10-17 07:43:46,929 [2a93f7e5-ecb9-41da-9c47-70e13ba76d7d@group-A9EE991D717F-LeaderElection296] INFO  impl.LeaderElection (LeaderElection.java:askForVotes(178)) - 2a93f7e5-ecb9-41da-9c47-70e13ba76d7d@group-A9EE991D717F-LeaderElection296: begin an election at term 317 for 0: [37bd8e8c-ea68-4b1c-8659-8d001c4f3b5c:192.168.34.62:41632, 24020d0b-ce61-4f5a-b0b0-c561541e8cd4:192.168.34.62:42892, 2a93f7e5-ecb9-41da-9c47-70e13ba76d7d:192.168.34.62:35412], old=null
2019-10-17 07:43:46,931 [grpc-default-executor-1] INFO  impl.RaftServerImpl (RaftServerImpl.java:setRole(184)) - 24020d0b-ce61-4f5a-b0b0-c561541e8cd4@group-A9EE991D717F: changes role from  FOLLOWER to FOLLOWER at term 317 for recognizeCandidate:2a93f7e5-ecb9-41da-9c47-70e13ba76d7d
2019-10-17 07:43:46,931 [grpc-default-executor-0] INFO  impl.RaftServerImpl (RaftServerImpl.java:setRole(184)) - 37bd8e8c-ea68-4b1c-8659-8d001c4f3b5c@group-A9EE991D717F: changes role from  FOLLOWER to FOLLOWER at term 317 for recognizeCandidate:2a93f7e5-ecb9-41da-9c47-70e13ba76d7d
2019-10-17 07:43:46,932 [grpc-default-executor-1] INFO  impl.RoleInfo (RoleInfo.java:shutdownFollowerState(121)) - 24020d0b-ce61-4f5a-b0b0-c561541e8cd4: shutdown FollowerState
2019-10-17 07:43:46,932 [grpc-default-executor-0] INFO  impl.RoleInfo (RoleInfo.java:shutdownFollowerState(121)) - 37bd8e8c-ea68-4b1c-8659-8d001c4f3b5c: shutdown FollowerState
2019-10-17 07:43:46,932 [grpc-default-executor-1] INFO  impl.RoleInfo (RoleInfo.java:updateAndGet(143)) - 24020d0b-ce61-4f5a-b0b0-c561541e8cd4: start FollowerState
2019-10-17 07:43:46,932 [Thread-2377] INFO  impl.FollowerState (FollowerState.java:run(117)) - 37bd8e8c-ea68-4b1c-8659-8d001c4f3b5c@group-A9EE991D717F-FollowerState was interrupted: java.lang.InterruptedException: sleep interrupted
2019-10-17 07:43:46,932 [grpc-default-executor-0] INFO  impl.RoleInfo (RoleInfo.java:updateAndGet(143)) - 37bd8e8c-ea68-4b1c-8659-8d001c4f3b5c: start FollowerState
2019-10-17 07:43:46,932 [Thread-2378] INFO  impl.FollowerState (FollowerState.java:run(117)) - 24020d0b-ce61-4f5a-b0b0-c561541e8cd4@group-A9EE991D717F-FollowerState was interrupted: java.lang.InterruptedException: sleep interrupted
2019-10-17 07:43:46,948 [2a93f7e5-ecb9-41da-9c47-70e13ba76d7d@group-A9EE991D717F-LeaderElection296] INFO  impl.LeaderElection (LeaderElection.java:logAndReturn(56)) - 2a93f7e5-ecb9-41da-9c47-70e13ba76d7d@group-A9EE991D717F-LeaderElection296: Election REJECTED; received 2 response(s) [2a93f7e5-ecb9-41da-9c47-70e13ba76d7d<-37bd8e8c-ea68-4b1c-8659-8d001c4f3b5c#0:FAIL-t317, 2a93f7e5-ecb9-41da-9c47-70e13ba76d7d<-24020d0b-ce61-4f5a-b0b0-c561541e8cd4#0:FAIL-t317] and 0 exception(s); 2a93f7e5-ecb9-41da-9c47-70e13ba76d7d@group-A9EE991D717F:t317, leader=null, voted=2a93f7e5-ecb9-41da-9c47-70e13ba76d7d, raftlog=2a93f7e5-ecb9-41da-9c47-70e13ba76d7d@group-A9EE991D717F-SegmentedRaftLog:OPENED:c-1,f0,i0, conf=0: [37bd8e8c-ea68-4b1c-8659-8d001c4f3b5c:192.168.34.62:41632, 24020d0b-ce61-4f5a-b0b0-c561541e8cd4:192.168.34.62:42892, 2a93f7e5-ecb9-41da-9c47-70e13ba76d7d:192.168.34.62:35412], old=null
2019-10-17 07:43:46,948 [2a93f7e5-ecb9-41da-9c47-70e13ba76d7d@group-A9EE991D717F-LeaderElection296] INFO  impl.RaftServerImpl (RaftServerImpl.java:setRole(184)) - 2a93f7e5-ecb9-41da-9c47-70e13ba76d7d@group-A9EE991D717F: changes role from CANDIDATE to FOLLOWER at term 317 for DISCOVERED_A_NEW_TERM
2019-10-17 07:43:46,948 [2a93f7e5-ecb9-41da-9c47-70e13ba76d7d@group-A9EE991D717F-LeaderElection296] INFO  impl.RoleInfo (RoleInfo.java:shutdownLeaderElection(134)) - 2a93f7e5-ecb9-41da-9c47-70e13ba76d7d: shutdown LeaderElection
2019-10-17 07:43:46,948 [2a93f7e5-ecb9-41da-9c47-70e13ba76d7d@group-A9EE991D717F-LeaderElection296] INFO  impl.RoleInfo (RoleInfo.java:updateAndGet(143)) - 2a93f7e5-ecb9-41da-9c47-70e13ba76d7d: start FollowerState
2019-10-17 07:43:46,951 [Thread-2383] INFO  impl.FollowerState (FollowerState.java:run(108)) - 2a93f7e5-ecb9-41da-9c47-70e13ba76d7d@group-A9EE991D717F-FollowerState: change to CANDIDATE, lastRpcTime:3ms, electionTimeout:3ms
2019-10-17 07:43:46,952 [Thread-2383] INFO  impl.RoleInfo (RoleInfo.java:shutdownFollowerState(121)) - 2a93f7e5-ecb9-41da-9c47-70e13ba76d7d: shutdown FollowerState
2019-10-17 07:43:46,952 [Thread-2383] INFO  impl.RaftServerImpl (RaftServerImpl.java:setRole(184)) - 2a93f7e5-ecb9-41da-9c47-70e13ba76d7d@group-A9EE991D717F: changes role from  FOLLOWER to CANDIDATE at term 317 for changeToCandidate
2019-10-17 07:43:46,952 [Thread-2383] INFO  impl.RoleInfo (RoleInfo.java:updateAndGet(143)) - 2a93f7e5-ecb9-41da-9c47-70e13ba76d7d: start LeaderElection
2019-10-17 07:43:46,965 [2a93f7e5-ecb9-41da-9c47-70e13ba76d7d@group-A9EE991D717F-LeaderElection297] INFO  impl.LeaderElection (LeaderElection.java:askForVotes(178)) - 2a93f7e5-ecb9-41da-9c47-70e13ba76d7d@group-A9EE991D717F-LeaderElection297: begin an election at term 318 for 0: [37bd8e8c-ea68-4b1c-8659-8d001c4f3b5c:192.168.34.62:41632, 24020d0b-ce61-4f5a-b0b0-c561541e8cd4:192.168.34.62:42892, 2a93f7e5-ecb9-41da-9c47-70e13ba76d7d:192.168.34.62:35412], old=null
2019-10-17 07:43:46,968 [grpc-default-executor-1] INFO  impl.RaftServerImpl (RaftServerImpl.java:setRole(184)) - 24020d0b-ce61-4f5a-b0b0-c561541e8cd4@group-A9EE991D717F: changes role from  FOLLOWER to FOLLOWER at term 318 for recognizeCandidate:2a93f7e5-ecb9-41da-9c47-70e13ba76d7d
2019-10-17 07:43:46,968 [grpc-default-executor-0] INFO  impl.RaftServerImpl (RaftServerImpl.java:setRole(184)) - 37bd8e8c-ea68-4b1c-8659-8d001c4f3b5c@group-A9EE991D717F: changes role from  FOLLOWER to FOLLOWER at term 318 for recognizeCandidate:2a93f7e5-ecb9-41da-9c47-70e13ba76d7d
2019-10-17 07:43:46,968 [grpc-default-executor-1] INFO  impl.RoleInfo (RoleInfo.java:shutdownFollowerState(121)) - 24020d0b-ce61-4f5a-b0b0-c561541e8cd4: shutdown FollowerState
2019-10-17 07:43:46,968 [grpc-default-executor-0] INFO  impl.RoleInfo (RoleInfo.java:shutdownFollowerState(121)) - 37bd8e8c-ea68-4b1c-8659-8d001c4f3b5c: shutdown FollowerState
2019-10-17 07:43:46,968 [Thread-2381] INFO  impl.FollowerState (FollowerState.java:run(117)) - 24020d0b-ce61-4f5a-b0b0-c561541e8cd4@group-A9EE991D717F-FollowerState was interrupted: java.lang.InterruptedException: sleep interrupted
2019-10-17 07:43:46,968 [grpc-default-executor-1] INFO  impl.RoleInfo (RoleInfo.java:updateAndGet(143)) - 24020d0b-ce61-4f5a-b0b0-c561541e8cd4: start FollowerState
2019-10-17 07:43:46,968 [Thread-2382] INFO  impl.FollowerState (FollowerState.java:run(117)) - 37bd8e8c-ea68-4b1c-8659-8d001c4f3b5c@group-A9EE991D717F-FollowerState was interrupted: java.lang.InterruptedException: sleep interrupted
2019-10-17 07:43:46,968 [grpc-default-executor-0] INFO  impl.RoleInfo (RoleInfo.java:updateAndGet(143)) - 37bd8e8c-ea68-4b1c-8659-8d001c4f3b5c: start FollowerState
2019-10-17 07:43:46,982 [2a93f7e5-ecb9-41da-9c47-70e13ba76d7d@group-A9EE991D717F-LeaderElection297] INFO  impl.LeaderElection (LeaderElection.java:logAndReturn(56)) - 2a93f7e5-ecb9-41da-9c47-70e13ba76d7d@group-A9EE991D717F-LeaderElection297: Election REJECTED; received 2 response(s) [2a93f7e5-ecb9-41da-9c47-70e13ba76d7d<-37bd8e8c-ea68-4b1c-8659-8d001c4f3b5c#0:FAIL-t318, 2a93f7e5-ecb9-41da-9c47-70e13ba76d7d<-24020d0b-ce61-4f5a-b0b0-c561541e8cd4#0:FAIL-t318] and 0 exception(s); 2a93f7e5-ecb9-41da-9c47-70e13ba76d7d@group-A9EE991D717F:t318, leader=null, voted=2a93f7e5-ecb9-41da-9c47-70e13ba76d7d, raftlog=2a93f7e5-ecb9-41da-9c47-70e13ba76d7d@group-A9EE991D717F-SegmentedRaftLog:OPENED:c-1,f0,i0, conf=0: [37bd8e8c-ea68-4b1c-8659-8d001c4f3b5c:192.168.34.62:41632, 24020d0b-ce61-4f5a-b0b0-c561541e8cd4:192.168.34.62:42892, 2a93f7e5-ecb9-41da-9c47-70e13ba76d7d:192.168.34.62:35412], old=null
2019-10-17 07:43:46,982 [2a93f7e5-ecb9-41da-9c47-70e13ba76d7d@group-A9EE991D717F-LeaderElection297] INFO  impl.RaftServerImpl (RaftServerImpl.java:setRole(184)) - 2a93f7e5-ecb9-41da-9c47-70e13ba76d7d@group-A9EE991D717F: changes role from CANDIDATE to FOLLOWER at term 318 for DISCOVERED_A_NEW_TERM
2019-10-17 07:43:46,982 [2a93f7e5-ecb9-41da-9c47-70e13ba76d7d@group-A9EE991D717F-LeaderElection297] INFO  impl.RoleInfo (RoleInfo.java:shutdownLeaderElection(134)) - 2a93f7e5-ecb9-41da-9c47-70e13ba76d7d: shutdown LeaderElection
2019-10-17 07:43:46,982 [2a93f7e5-ecb9-41da-9c47-70e13ba76d7d@group-A9EE991D717F-LeaderElection297] INFO  impl.RoleInfo (RoleInfo.java:updateAndGet(143)) - 2a93f7e5-ecb9-41da-9c47-70e13ba76d7d: start FollowerState
2019-10-17 07:43:47,050 [Thread-2389] INFO  impl.FollowerState (FollowerState.java:run(108)) - 2a93f7e5-ecb9-41da-9c47-70e13ba76d7d@group-A9EE991D717F-FollowerState: change to CANDIDATE, lastRpcTime:67ms, electionTimeout:67ms
2019-10-17 07:43:47,050 [Thread-2389] INFO  impl.RoleInfo (RoleInfo.java:shutdownFollowerState(121)) - 2a93f7e5-ecb9-41da-9c47-70e13ba76d7d: shutdown FollowerState
2019-10-17 07:43:47,050 [Thread-2389] INFO  impl.RaftServerImpl (RaftServerImpl.java:setRole(184)) - 2a93f7e5-ecb9-41da-9c47-70e13ba76d7d@group-A9EE991D717F: changes role from  FOLLOWER to CANDIDATE at term 318 for changeToCandidate
2019-10-17 07:43:47,050 [Thread-2389] INFO  impl.RoleInfo (RoleInfo.java:updateAndGet(143)) - 2a93f7e5-ecb9-41da-9c47-70e13ba76d7d: start LeaderElection
2019-10-17 07:43:47,074 [2a93f7e5-ecb9-41da-9c47-70e13ba76d7d@group-A9EE991D717F-LeaderElection298] INFO  impl.LeaderElection (LeaderElection.java:askForVotes(178)) - 2a93f7e5-ecb9-41da-9c47-70e13ba76d7d@group-A9EE991D717F-LeaderElection298: begin an election at term 319 for 0: [37bd8e8c-ea68-4b1c-8659-8d001c4f3b5c:192.168.34.62:41632, 24020d0b-ce61-4f5a-b0b0-c561541e8cd4:192.168.34.62:42892, 2a93f7e5-ecb9-41da-9c47-70e13ba76d7d:192.168.34.62:35412], old=null
2019-10-17 07:43:47,076 [grpc-default-executor-0] INFO  impl.RaftServerImpl (RaftServerImpl.java:setRole(184)) - 37bd8e8c-ea68-4b1c-8659-8d001c4f3b5c@group-A9EE991D717F: changes role from  FOLLOWER to FOLLOWER at term 319 for recognizeCandidate:2a93f7e5-ecb9-41da-9c47-70e13ba76d7d
2019-10-17 07:43:47,076 [grpc-default-executor-0] INFO  impl.RoleInfo (RoleInfo.java:shutdownFollowerState(121)) - 37bd8e8c-ea68-4b1c-8659-8d001c4f3b5c: shutdown FollowerState
2019-10-17 07:43:47,076 [grpc-default-executor-1] INFO  impl.RaftServerImpl (RaftServerImpl.java:setRole(184)) - 24020d0b-ce61-4f5a-b0b0-c561541e8cd4@group-A9EE991D717F: changes role from  FOLLOWER to FOLLOWER at term 319 for recognizeCandidate:2a93f7e5-ecb9-41da-9c47-70e13ba76d7d
2019-10-17 07:43:47,077 [grpc-default-executor-1] INFO  impl.RoleInfo (RoleInfo.java:shutdownFollowerState(121)) - 24020d0b-ce61-4f5a-b0b0-c561541e8cd4: shutdown FollowerState
2019-10-17 07:43:47,077 [Thread-2388] INFO  impl.FollowerState (FollowerState.java:run(117)) - 37bd8e8c-ea68-4b1c-8659-8d001c4f3b5c@group-A9EE991D717F-FollowerState was interrupted: java.lang.InterruptedException: sleep interrupted
2019-10-17 07:43:47,076 [grpc-default-executor-0] INFO  impl.RoleInfo (RoleInfo.java:updateAndGet(143)) - 37bd8e8c-ea68-4b1c-8659-8d001c4f3b5c: start FollowerState
2019-10-17 07:43:47,077 [Thread-2387] INFO  impl.FollowerState (FollowerState.java:run(117)) - 24020d0b-ce61-4f5a-b0b0-c561541e8cd4@group-A9EE991D717F-FollowerState was interrupted: java.lang.InterruptedException: sleep interrupted
2019-10-17 07:43:47,077 [grpc-default-executor-1] INFO  impl.RoleInfo (RoleInfo.java:updateAndGet(143)) - 24020d0b-ce61-4f5a-b0b0-c561541e8cd4: start FollowerState
2019-10-17 07:43:47,097 [2a93f7e5-ecb9-41da-9c47-70e13ba76d7d@group-A9EE991D717F-LeaderElection298] INFO  impl.LeaderElection (LeaderElection.java:logAndReturn(56)) - 2a93f7e5-ecb9-41da-9c47-70e13ba76d7d@group-A9EE991D717F-LeaderElection298: Election REJECTED; received 2 response(s) [2a93f7e5-ecb9-41da-9c47-70e13ba76d7d<-37bd8e8c-ea68-4b1c-8659-8d001c4f3b5c#0:FAIL-t319, 2a93f7e5-ecb9-41da-9c47-70e13ba76d7d<-24020d0b-ce61-4f5a-b0b0-c561541e8cd4#0:FAIL-t319] and 0 exception(s); 2a93f7e5-ecb9-41da-9c47-70e13ba76d7d@group-A9EE991D717F:t319, leader=null, voted=2a93f7e5-ecb9-41da-9c47-70e13ba76d7d, raftlog=2a93f7e5-ecb9-41da-9c47-70e13ba76d7d@group-A9EE991D717F-SegmentedRaftLog:OPENED:c-1,f0,i0, conf=0: [37bd8e8c-ea68-4b1c-8659-8d001c4f3b5c:192.168.34.62:41632, 24020d0b-ce61-4f5a-b0b0-c561541e8cd4:192.168.34.62:42892, 2a93f7e5-ecb9-41da-9c47-70e13ba76d7d:192.168.34.62:35412], old=null
2019-10-17 07:43:47,097 [2a93f7e5-ecb9-41da-9c47-70e13ba76d7d@group-A9EE991D717F-LeaderElection298] INFO  impl.RaftServerImpl (RaftServerImpl.java:setRole(184)) - 2a93f7e5-ecb9-41da-9c47-70e13ba76d7d@group-A9EE991D717F: changes role from CANDIDATE to FOLLOWER at term 319 for DISCOVERED_A_NEW_TERM
2019-10-17 07:43:47,097 [2a93f7e5-ecb9-41da-9c47-70e13ba76d7d@group-A9EE991D717F-LeaderElection298] INFO  impl.RoleInfo (RoleInfo.java:shutdownLeaderElection(134)) - 2a93f7e5-ecb9-41da-9c47-70e13ba76d7d: shutdown LeaderElection
2019-10-17 07:43:47,097 [2a93f7e5-ecb9-41da-9c47-70e13ba76d7d@group-A9EE991D717F-LeaderElection298] INFO  impl.RoleInfo (RoleInfo.java:updateAndGet(143)) - 2a93f7e5-ecb9-41da-9c47-70e13ba76d7d: start FollowerState
2019-10-17 07:43:47,214 [Thread-2395] INFO  impl.FollowerState (FollowerState.java:run(108)) - 2a93f7e5-ecb9-41da-9c47-70e13ba76d7d@group-A9EE991D717F-FollowerState: change to CANDIDATE, lastRpcTime:116ms, electionTimeout:116ms
2019-10-17 07:43:47,214 [Thread-2395] INFO  impl.RoleInfo (RoleInfo.java:shutdownFollowerState(121)) - 2a93f7e5-ecb9-41da-9c47-70e13ba76d7d: shutdown FollowerState
2019-10-17 07:43:47,214 [Thread-2395] INFO  impl.RaftServerImpl (RaftServerImpl.java:setRole(184)) - 2a93f7e5-ecb9-41da-9c47-70e13ba76d7d@group-A9EE991D717F: changes role from  FOLLOWER to CANDIDATE at term 319 for changeToCandidate
2019-10-17 07:43:47,214 [Thread-2395] INFO  impl.RoleInfo (RoleInfo.java:updateAndGet(143)) - 2a93f7e5-ecb9-41da-9c47-70e13ba76d7d: start LeaderElection
2019-10-17 07:43:47,239 [2a93f7e5-ecb9-41da-9c47-70e13ba76d7d@group-A9EE991D717F-LeaderElection299] INFO  impl.LeaderElection (LeaderElection.java:askForVotes(178)) - 2a93f7e5-ecb9-41da-9c47-70e13ba76d7d@group-A9EE991D717F-LeaderElection299: begin an election at term 320 for 0: [37bd8e8c-ea68-4b1c-8659-8d001c4f3b5c:192.168.34.62:41632, 24020d0b-ce61-4f5a-b0b0-c561541e8cd4:192.168.34.62:42892, 2a93f7e5-ecb9-41da-9c47-70e13ba76d7d:192.168.34.62:35412], old=null
2019-10-17 07:43:47,241 [grpc-default-executor-0] INFO  impl.RaftServerImpl (RaftServerImpl.java:setRole(184)) - 37bd8e8c-ea68-4b1c-8659-8d001c4f3b5c@group-A9EE991D717F: changes role from  FOLLOWER to FOLLOWER at term 320 for recognizeCandidate:2a93f7e5-ecb9-41da-9c47-70e13ba76d7d
2019-10-17 07:43:47,241 [grpc-default-executor-0] INFO  impl.RoleInfo (RoleInfo.java:shutdownFollowerState(121)) - 37bd8e8c-ea68-4b1c-8659-8d001c4f3b5c: shutdown FollowerState
2019-10-17 07:43:47,241 [grpc-default-executor-1] INFO  impl.RaftServerImpl (RaftServerImpl.java:setRole(184)) - 24020d0b-ce61-4f5a-b0b0-c561541e8cd4@group-A9EE991D717F: changes role from  FOLLOWER to FOLLOWER at term 320 for recognizeCandidate:2a93f7e5-ecb9-41da-9c47-70e13ba76d7d
2019-10-17 07:43:47,241 [grpc-default-executor-1] INFO  impl.RoleInfo (RoleInfo.java:shutdownFollowerState(121)) - 24020d0b-ce61-4f5a-b0b0-c561541e8cd4: shutdown FollowerState
2019-10-17 07:43:47,241 [Thread-2393] INFO  impl.FollowerState (FollowerState.java:run(117)) - 37bd8e8c-ea68-4b1c-8659-8d001c4f3b5c@group-A9EE991D717F-FollowerState was interrupted: java.lang.InterruptedException: sleep interrupted
2019-10-17 07:43:47,241 [grpc-default-executor-0] INFO  impl.RoleInfo (RoleInfo.java:updateAndGet(143)) - 37bd8e8c-ea68-4b1c-8659-8d001c4f3b5c: start FollowerState
2019-10-17 07:43:47,241 [Thread-2394] INFO  impl.FollowerState (FollowerState.java:run(117)) - 24020d0b-ce61-4f5a-b0b0-c561541e8cd4@group-A9EE991D717F-FollowerState was interrupted: java.lang.InterruptedException: sleep interrupted
2019-10-17 07:43:47,241 [grpc-default-executor-1] INFO  impl.RoleInfo (RoleInfo.java:updateAndGet(143)) - 24020d0b-ce61-4f5a-b0b0-c561541e8cd4: start FollowerState
2019-10-17 07:43:47,266 [2a93f7e5-ecb9-41da-9c47-70e13ba76d7d@group-A9EE991D717F-LeaderElection299] INFO  impl.LeaderElection (LeaderElection.java:logAndReturn(56)) - 2a93f7e5-ecb9-41da-9c47-70e13ba76d7d@group-A9EE991D717F-LeaderElection299: Election REJECTED; received 2 response(s) [2a93f7e5-ecb9-41da-9c47-70e13ba76d7d<-37bd8e8c-ea68-4b1c-8659-8d001c4f3b5c#0:FAIL-t320, 2a93f7e5-ecb9-41da-9c47-70e13ba76d7d<-24020d0b-ce61-4f5a-b0b0-c561541e8cd4#0:FAIL-t320] and 0 exception(s); 2a93f7e5-ecb9-41da-9c47-70e13ba76d7d@group-A9EE991D717F:t320, leader=null, voted=2a93f7e5-ecb9-41da-9c47-70e13ba76d7d, raftlog=2a93f7e5-ecb9-41da-9c47-70e13ba76d7d@group-A9EE991D717F-SegmentedRaftLog:OPENED:c-1,f0,i0, conf=0: [37bd8e8c-ea68-4b1c-8659-8d001c4f3b5c:192.168.34.62:41632, 24020d0b-ce61-4f5a-b0b0-c561541e8cd4:192.168.34.62:42892, 2a93f7e5-ecb9-41da-9c47-70e13ba76d7d:192.168.34.62:35412], old=null
2019-10-17 07:43:47,266 [2a93f7e5-ecb9-41da-9c47-70e13ba76d7d@group-A9EE991D717F-LeaderElection299] INFO  impl.RaftServerImpl (RaftServerImpl.java:setRole(184)) - 2a93f7e5-ecb9-41da-9c47-70e13ba76d7d@group-A9EE991D717F: changes role from CANDIDATE to FOLLOWER at term 320 for DISCOVERED_A_NEW_TERM
2019-10-17 07:43:47,266 [2a93f7e5-ecb9-41da-9c47-70e13ba76d7d@group-A9EE991D717F-LeaderElection299] INFO  impl.RoleInfo (RoleInfo.java:shutdownLeaderElection(134)) - 2a93f7e5-ecb9-41da-9c47-70e13ba76d7d: shutdown LeaderElection
2019-10-17 07:43:47,266 [2a93f7e5-ecb9-41da-9c47-70e13ba76d7d@group-A9EE991D717F-LeaderElection299] INFO  impl.RoleInfo (RoleInfo.java:updateAndGet(143)) - 2a93f7e5-ecb9-41da-9c47-70e13ba76d7d: start FollowerState
2019-10-17 07:43:47,306 [Thread-2401] INFO  impl.FollowerState (FollowerState.java:run(108)) - 2a93f7e5-ecb9-41da-9c47-70e13ba76d7d@group-A9EE991D717F-FollowerState: change to CANDIDATE, lastRpcTime:39ms, electionTimeout:39ms
2019-10-17 07:43:47,306 [Thread-2401] INFO  impl.RoleInfo (RoleInfo.java:shutdownFollowerState(121)) - 2a93f7e5-ecb9-41da-9c47-70e13ba76d7d: shutdown FollowerState
2019-10-17 07:43:47,306 [Thread-2401] INFO  impl.RaftServerImpl (RaftServerImpl.java:setRole(184)) - 2a93f7e5-ecb9-41da-9c47-70e13ba76d7d@group-A9EE991D717F: changes role from  FOLLOWER to CANDIDATE at term 320 for changeToCandidate
2019-10-17 07:43:47,306 [Thread-2401] INFO  impl.RoleInfo (RoleInfo.java:updateAndGet(143)) - 2a93f7e5-ecb9-41da-9c47-70e13ba76d7d: start LeaderElection
2019-10-17 07:43:47,329 [2a93f7e5-ecb9-41da-9c47-70e13ba76d7d@group-A9EE991D717F-LeaderElection300] INFO  impl.LeaderElection (LeaderElection.java:askForVotes(178)) - 2a93f7e5-ecb9-41da-9c47-70e13ba76d7d@group-A9EE991D717F-LeaderElection300: begin an election at term 321 for 0: [37bd8e8c-ea68-4b1c-8659-8d001c4f3b5c:192.168.34.62:41632, 24020d0b-ce61-4f5a-b0b0-c561541e8cd4:192.168.34.62:42892, 2a93f7e5-ecb9-41da-9c47-70e13ba76d7d:192.168.34.62:35412], old=null
2019-10-17 07:43:47,331 [grpc-default-executor-1] INFO  impl.RaftServerImpl (RaftServerImpl.java:setRole(184)) - 37bd8e8c-ea68-4b1c-8659-8d001c4f3b5c@group-A9EE991D717F: changes role from  FOLLOWER to FOLLOWER at term 321 for recognizeCandidate:2a93f7e5-ecb9-41da-9c47-70e13ba76d7d
2019-10-17 07:43:47,331 [grpc-default-executor-1] INFO  impl.RoleInfo (RoleInfo.java:shutdownFollowerState(121)) - 37bd8e8c-ea68-4b1c-8659-8d001c4f3b5c: shutdown FollowerState
2019-10-17 07:43:47,331 [grpc-default-executor-0] INFO  impl.RaftServerImpl (RaftServerImpl.java:setRole(184)) - 24020d0b-ce61-4f5a-b0b0-c561541e8cd4@group-A9EE991D717F: changes role from  FOLLOWER to FOLLOWER at term 321 for recognizeCandidate:2a93f7e5-ecb9-41da-9c47-70e13ba76d7d
2019-10-17 07:43:47,332 [grpc-default-executor-0] INFO  impl.RoleInfo (RoleInfo.java:shutdownFollowerState(121)) - 24020d0b-ce61-4f5a-b0b0-c561541e8cd4: shutdown FollowerState
2019-10-17 07:43:47,332 [Thread-2399] INFO  impl.FollowerState (FollowerState.java:run(117)) - 37bd8e8c-ea68-4b1c-8659-8d001c4f3b5c@group-A9EE991D717F-FollowerState was interrupted: java.lang.InterruptedException: sleep interrupted
2019-10-17 07:43:47,332 [grpc-default-executor-1] INFO  impl.RoleInfo (RoleInfo.java:updateAndGet(143)) - 37bd8e8c-ea68-4b1c-8659-8d001c4f3b5c: start FollowerState
2019-10-17 07:43:47,332 [Thread-2400] INFO  impl.FollowerState (FollowerState.java:run(117)) - 24020d0b-ce61-4f5a-b0b0-c561541e8cd4@group-A9EE991D717F-FollowerState was interrupted: java.lang.InterruptedException: sleep interrupted
2019-10-17 07:43:47,332 [grpc-default-executor-0] INFO  impl.RoleInfo (RoleInfo.java:updateAndGet(143)) - 24020d0b-ce61-4f5a-b0b0-c561541e8cd4: start FollowerState
2019-10-17 07:43:47,369 [2a93f7e5-ecb9-41da-9c47-70e13ba76d7d@group-A9EE991D717F-LeaderElection300] INFO  impl.LeaderElection (LeaderElection.java:logAndReturn(56)) - 2a93f7e5-ecb9-41da-9c47-70e13ba76d7d@group-A9EE991D717F-LeaderElection300: Election REJECTED; received 2 response(s) [2a93f7e5-ecb9-41da-9c47-70e13ba76d7d<-37bd8e8c-ea68-4b1c-8659-8d001c4f3b5c#0:FAIL-t321, 2a93f7e5-ecb9-41da-9c47-70e13ba76d7d<-24020d0b-ce61-4f5a-b0b0-c561541e8cd4#0:FAIL-t321] and 0 exception(s); 2a93f7e5-ecb9-41da-9c47-70e13ba76d7d@group-A9EE991D717F:t321, leader=null, voted=2a93f7e5-ecb9-41da-9c47-70e13ba76d7d, raftlog=2a93f7e5-ecb9-41da-9c47-70e13ba76d7d@group-A9EE991D717F-SegmentedRaftLog:OPENED:c-1,f0,i0, conf=0: [37bd8e8c-ea68-4b1c-8659-8d001c4f3b5c:192.168.34.62:41632, 24020d0b-ce61-4f5a-b0b0-c561541e8cd4:192.168.34.62:42892, 2a93f7e5-ecb9-41da-9c47-70e13ba76d7d:192.168.34.62:35412], old=null
2019-10-17 07:43:47,369 [2a93f7e5-ecb9-41da-9c47-70e13ba76d7d@group-A9EE991D717F-LeaderElection300] INFO  impl.RaftServerImpl (RaftServerImpl.java:setRole(184)) - 2a93f7e5-ecb9-41da-9c47-70e13ba76d7d@group-A9EE991D717F: changes role from CANDIDATE to FOLLOWER at term 321 for DISCOVERED_A_NEW_TERM
2019-10-17 07:43:47,369 [2a93f7e5-ecb9-41da-9c47-70e13ba76d7d@group-A9EE991D717F-LeaderElection300] INFO  impl.RoleInfo (RoleInfo.java:shutdownLeaderElection(134)) - 2a93f7e5-ecb9-41da-9c47-70e13ba76d7d: shutdown LeaderElection
2019-10-17 07:43:47,369 [2a93f7e5-ecb9-41da-9c47-70e13ba76d7d@group-A9EE991D717F-LeaderElection300] INFO  impl.RoleInfo (RoleInfo.java:updateAndGet(143)) - 2a93f7e5-ecb9-41da-9c47-70e13ba76d7d: start FollowerState
2019-10-17 07:43:47,493 [Thread-2407] INFO  impl.FollowerState (FollowerState.java:run(108)) - 2a93f7e5-ecb9-41da-9c47-70e13ba76d7d@group-A9EE991D717F-FollowerState: change to CANDIDATE, lastRpcTime:123ms, electionTimeout:123ms
2019-10-17 07:43:47,493 [Thread-2407] INFO  impl.RoleInfo (RoleInfo.java:shutdownFollowerState(121)) - 2a93f7e5-ecb9-41da-9c47-70e13ba76d7d: shutdown FollowerState
2019-10-17 07:43:47,493 [Thread-2407] INFO  impl.RaftServerImpl (RaftServerImpl.java:setRole(184)) - 2a93f7e5-ecb9-41da-9c47-70e13ba76d7d@group-A9EE991D717F: changes role from  FOLLOWER to CANDIDATE at term 321 for changeToCandidate
2019-10-17 07:43:47,493 [Thread-2407] INFO  impl.RoleInfo (RoleInfo.java:updateAndGet(143)) - 2a93f7e5-ecb9-41da-9c47-70e13ba76d7d: start LeaderElection
2019-10-17 07:43:47,527 [2a93f7e5-ecb9-41da-9c47-70e13ba76d7d@group-A9EE991D717F-LeaderElection301] INFO  impl.LeaderElection (LeaderElection.java:askForVotes(178)) - 2a93f7e5-ecb9-41da-9c47-70e13ba76d7d@group-A9EE991D717F-LeaderElection301: begin an election at term 322 for 0: [37bd8e8c-ea68-4b1c-8659-8d001c4f3b5c:192.168.34.62:41632, 24020d0b-ce61-4f5a-b0b0-c561541e8cd4:192.168.34.62:42892, 2a93f7e5-ecb9-41da-9c47-70e13ba76d7d:192.168.34.62:35412], old=null
2019-10-17 07:43:47,529 [grpc-default-executor-1] INFO  impl.RaftServerImpl (RaftServerImpl.java:setRole(184)) - 37bd8e8c-ea68-4b1c-8659-8d001c4f3b5c@group-A9EE991D717F: changes role from  FOLLOWER to FOLLOWER at term 322 for recognizeCandidate:2a93f7e5-ecb9-41da-9c47-70e13ba76d7d
2019-10-17 07:43:47,529 [grpc-default-executor-1] INFO  impl.RoleInfo (RoleInfo.java:shutdownFollowerState(121)) - 37bd8e8c-ea68-4b1c-8659-8d001c4f3b5c: shutdown FollowerState
2019-10-17 07:43:47,529 [grpc-default-executor-0] INFO  impl.RaftServerImpl (RaftServerImpl.java:setRole(184)) - 24020d0b-ce61-4f5a-b0b0-c561541e8cd4@group-A9EE991D717F: changes role from  FOLLOWER to FOLLOWER at term 322 for recognizeCandidate:2a93f7e5-ecb9-41da-9c47-70e13ba76d7d
2019-10-17 07:43:47,529 [grpc-default-executor-0] INFO  impl.RoleInfo (RoleInfo.java:shutdownFollowerState(121)) - 24020d0b-ce61-4f5a-b0b0-c561541e8cd4: shutdown FollowerState
2019-10-17 07:43:47,529 [Thread-2405] INFO  impl.FollowerState (FollowerState.java:run(117)) - 37bd8e8c-ea68-4b1c-8659-8d001c4f3b5c@group-A9EE991D717F-FollowerState was interrupted: java.lang.InterruptedException: sleep interrupted
2019-10-17 07:43:47,529 [grpc-default-executor-1] INFO  impl.RoleInfo (RoleInfo.java:updateAndGet(143)) - 37bd8e8c-ea68-4b1c-8659-8d001c4f3b5c: start FollowerState
2019-10-17 07:43:47,529 [Thread-2406] INFO  impl.FollowerState (FollowerState.java:run(117)) - 24020d0b-ce61-4f5a-b0b0-c561541e8cd4@group-A9EE991D717F-FollowerState was interrupted: java.lang.InterruptedException: sleep interrupted
2019-10-17 07:43:47,529 [grpc-default-executor-0] INFO  impl.RoleInfo (RoleInfo.java:updateAndGet(143)) - 24020d0b-ce61-4f5a-b0b0-c561541e8cd4: start FollowerState
2019-10-17 07:43:47,553 [2a93f7e5-ecb9-41da-9c47-70e13ba76d7d@group-A9EE991D717F-LeaderElection301] INFO  impl.LeaderElection (LeaderElection.java:logAndReturn(56)) - 2a93f7e5-ecb9-41da-9c47-70e13ba76d7d@group-A9EE991D717F-LeaderElection301: Election REJECTED; received 2 response(s) [2a93f7e5-ecb9-41da-9c47-70e13ba76d7d<-37bd8e8c-ea68-4b1c-8659-8d001c4f3b5c#0:FAIL-t322, 2a93f7e5-ecb9-41da-9c47-70e13ba76d7d<-24020d0b-ce61-4f5a-b0b0-c561541e8cd4#0:FAIL-t322] and 0 exception(s); 2a93f7e5-ecb9-41da-9c47-70e13ba76d7d@group-A9EE991D717F:t322, leader=null, voted=2a93f7e5-ecb9-41da-9c47-70e13ba76d7d, raftlog=2a93f7e5-ecb9-41da-9c47-70e13ba76d7d@group-A9EE991D717F-SegmentedRaftLog:OPENED:c-1,f0,i0, conf=0: [37bd8e8c-ea68-4b1c-8659-8d001c4f3b5c:192.168.34.62:41632, 24020d0b-ce61-4f5a-b0b0-c561541e8cd4:192.168.34.62:42892, 2a93f7e5-ecb9-41da-9c47-70e13ba76d7d:192.168.34.62:35412], old=null
2019-10-17 07:43:47,553 [2a93f7e5-ecb9-41da-9c47-70e13ba76d7d@group-A9EE991D717F-LeaderElection301] INFO  impl.RaftServerImpl (RaftServerImpl.java:setRole(184)) - 2a93f7e5-ecb9-41da-9c47-70e13ba76d7d@group-A9EE991D717F: changes role from CANDIDATE to FOLLOWER at term 322 for DISCOVERED_A_NEW_TERM
2019-10-17 07:43:47,553 [2a93f7e5-ecb9-41da-9c47-70e13ba76d7d@group-A9EE991D717F-LeaderElection301] INFO  impl.RoleInfo (RoleInfo.java:shutdownLeaderElection(134)) - 2a93f7e5-ecb9-41da-9c47-70e13ba76d7d: shutdown LeaderElection
2019-10-17 07:43:47,553 [2a93f7e5-ecb9-41da-9c47-70e13ba76d7d@group-A9EE991D717F-LeaderElection301] INFO  impl.RoleInfo (RoleInfo.java:updateAndGet(143)) - 2a93f7e5-ecb9-41da-9c47-70e13ba76d7d: start FollowerState
2019-10-17 07:43:47,638 [Thread-2413] INFO  impl.FollowerState (FollowerState.java:run(108)) - 2a93f7e5-ecb9-41da-9c47-70e13ba76d7d@group-A9EE991D717F-FollowerState: change to CANDIDATE, lastRpcTime:85ms, electionTimeout:85ms
2019-10-17 07:43:47,639 [Thread-2413] INFO  impl.RoleInfo (RoleInfo.java:shutdownFollowerState(121)) - 2a93f7e5-ecb9-41da-9c47-70e13ba76d7d: shutdown FollowerState
2019-10-17 07:43:47,639 [Thread-2413] INFO  impl.RaftServerImpl (RaftServerImpl.java:setRole(184)) - 2a93f7e5-ecb9-41da-9c47-70e13ba76d7d@group-A9EE991D717F: changes role from  FOLLOWER to CANDIDATE at term 322 for changeToCandidate
2019-10-17 07:43:47,639 [Thread-2413] INFO  impl.RoleInfo (RoleInfo.java:updateAndGet(143)) - 2a93f7e5-ecb9-41da-9c47-70e13ba76d7d: start LeaderElection
2019-10-17 07:43:47,669 [2a93f7e5-ecb9-41da-9c47-70e13ba76d7d@group-A9EE991D717F-LeaderElection302] INFO  impl.LeaderElection (LeaderElection.java:askForVotes(178)) - 2a93f7e5-ecb9-41da-9c47-70e13ba76d7d@group-A9EE991D717F-LeaderElection302: begin an election at term 323 for 0: [37bd8e8c-ea68-4b1c-8659-8d001c4f3b5c:192.168.34.62:41632, 24020d0b-ce61-4f5a-b0b0-c561541e8cd4:192.168.34.62:42892, 2a93f7e5-ecb9-41da-9c47-70e13ba76d7d:192.168.34.62:35412], old=null
2019-10-17 07:43:47,671 [grpc-default-executor-0] INFO  impl.RaftServerImpl (RaftServerImpl.java:setRole(184)) - 37bd8e8c-ea68-4b1c-8659-8d001c4f3b5c@group-A9EE991D717F: changes role from  FOLLOWER to FOLLOWER at term 323 for recognizeCandidate:2a93f7e5-ecb9-41da-9c47-70e13ba76d7d
2019-10-17 07:43:47,671 [grpc-default-executor-0] INFO  impl.RoleInfo (RoleInfo.java:shutdownFollowerState(121)) - 37bd8e8c-ea68-4b1c-8659-8d001c4f3b5c: shutdown FollowerState
2019-10-17 07:43:47,671 [grpc-default-executor-0] INFO  impl.RoleInfo (RoleInfo.java:updateAndGet(143)) - 37bd8e8c-ea68-4b1c-8659-8d001c4f3b5c: start FollowerState
2019-10-17 07:43:47,671 [Thread-2411] INFO  impl.FollowerState (FollowerState.java:run(117)) - 37bd8e8c-ea68-4b1c-8659-8d001c4f3b5c@group-A9EE991D717F-FollowerState was interrupted: java.lang.InterruptedException: sleep interrupted
2019-10-17 07:43:47,671 [grpc-default-executor-1] INFO  impl.RaftServerImpl (RaftServerImpl.java:setRole(184)) - 24020d0b-ce61-4f5a-b0b0-c561541e8cd4@group-A9EE991D717F: changes role from  FOLLOWER to FOLLOWER at term 323 for recognizeCandidate:2a93f7e5-ecb9-41da-9c47-70e13ba76d7d
2019-10-17 07:43:47,672 [grpc-default-executor-1] INFO  impl.RoleInfo (RoleInfo.java:shutdownFollowerState(121)) - 24020d0b-ce61-4f5a-b0b0-c561541e8cd4: shutdown FollowerState
2019-10-17 07:43:47,672 [grpc-default-executor-1] INFO  impl.RoleInfo (RoleInfo.java:updateAndGet(143)) - 24020d0b-ce61-4f5a-b0b0-c561541e8cd4: start FollowerState
2019-10-17 07:43:47,672 [Thread-2412] INFO  impl.FollowerState (FollowerState.java:run(117)) - 24020d0b-ce61-4f5a-b0b0-c561541e8cd4@group-A9EE991D717F-FollowerState was interrupted: java.lang.InterruptedException: sleep interrupted
2019-10-17 07:43:47,680 [2a93f7e5-ecb9-41da-9c47-70e13ba76d7d@group-A9EE991D717F-LeaderElection302] INFO  impl.LeaderElection (LeaderElection.java:logAndReturn(56)) - 2a93f7e5-ecb9-41da-9c47-70e13ba76d7d@group-A9EE991D717F-LeaderElection302: Election TIMEOUT; received 0 response(s) [] and 0 exception(s); 2a93f7e5-ecb9-41da-9c47-70e13ba76d7d@group-A9EE991D717F:t323, leader=null, voted=2a93f7e5-ecb9-41da-9c47-70e13ba76d7d, raftlog=2a93f7e5-ecb9-41da-9c47-70e13ba76d7d@group-A9EE991D717F-SegmentedRaftLog:OPENED:c-1,f0,i0, conf=0: [37bd8e8c-ea68-4b1c-8659-8d001c4f3b5c:192.168.34.62:41632, 24020d0b-ce61-4f5a-b0b0-c561541e8cd4:192.168.34.62:42892, 2a93f7e5-ecb9-41da-9c47-70e13ba76d7d:192.168.34.62:35412], old=null
2019-10-17 07:43:47,694 [2a93f7e5-ecb9-41da-9c47-70e13ba76d7d@group-A9EE991D717F-LeaderElection302] INFO  impl.LeaderElection (LeaderElection.java:askForVotes(178)) - 2a93f7e5-ecb9-41da-9c47-70e13ba76d7d@group-A9EE991D717F-LeaderElection302: begin an election at term 324 for 0: [37bd8e8c-ea68-4b1c-8659-8d001c4f3b5c:192.168.34.62:41632, 24020d0b-ce61-4f5a-b0b0-c561541e8cd4:192.168.34.62:42892, 2a93f7e5-ecb9-41da-9c47-70e13ba76d7d:192.168.34.62:35412], old=null
2019-10-17 07:43:47,696 [grpc-default-executor-0] INFO  impl.RaftServerImpl (RaftServerImpl.java:setRole(184)) - 37bd8e8c-ea68-4b1c-8659-8d001c4f3b5c@group-A9EE991D717F: changes role from  FOLLOWER to FOLLOWER at term 324 for recognizeCandidate:2a93f7e5-ecb9-41da-9c47-70e13ba76d7d
2019-10-17 07:43:47,696 [grpc-default-executor-0] INFO  impl.RoleInfo (RoleInfo.java:shutdownFollowerState(121)) - 37bd8e8c-ea68-4b1c-8659-8d001c4f3b5c: shutdown FollowerState
2019-10-17 07:43:47,696 [grpc-default-executor-1] INFO  impl.RaftServerImpl (RaftServerImpl.java:setRole(184)) - 24020d0b-ce61-4f5a-b0b0-c561541e8cd4@group-A9EE991D717F: changes role from  FOLLOWER to FOLLOWER at term 324 for recognizeCandidate:2a93f7e5-ecb9-41da-9c47-70e13ba76d7d
2019-10-17 07:43:47,697 [Thread-2417] INFO  impl.FollowerState (FollowerState.java:run(117)) - 37bd8e8c-ea68-4b1c-8659-8d001c4f3b5c@group-A9EE991D717F-FollowerState was interrupted: java.lang.InterruptedException: sleep interrupted
2019-10-17 07:43:47,697 [grpc-default-executor-0] INFO  impl.RoleInfo (RoleInfo.java:updateAndGet(143)) - 37bd8e8c-ea68-4b1c-8659-8d001c4f3b5c: start FollowerState
2019-10-17 07:43:47,697 [grpc-default-executor-1] INFO  impl.RoleInfo (RoleInfo.java:shutdownFollowerState(121)) - 24020d0b-ce61-4f5a-b0b0-c561541e8cd4: shutdown FollowerState
2019-10-17 07:43:47,697 [grpc-default-executor-1] INFO  impl.RoleInfo (RoleInfo.java:updateAndGet(143)) - 24020d0b-ce61-4f5a-b0b0-c561541e8cd4: start FollowerState
2019-10-17 07:43:47,697 [Thread-2418] INFO  impl.FollowerState (FollowerState.java:run(117)) - 24020d0b-ce61-4f5a-b0b0-c561541e8cd4@group-A9EE991D717F-FollowerState was interrupted: java.lang.InterruptedException: sleep interrupted
2019-10-17 07:43:47,720 [2a93f7e5-ecb9-41da-9c47-70e13ba76d7d@group-A9EE991D717F-LeaderElection302] INFO  impl.LeaderElection (LeaderElection.java:logAndReturn(56)) - 2a93f7e5-ecb9-41da-9c47-70e13ba76d7d@group-A9EE991D717F-LeaderElection302: Election REJECTED; received 2 response(s) [2a93f7e5-ecb9-41da-9c47-70e13ba76d7d<-37bd8e8c-ea68-4b1c-8659-8d001c4f3b5c#0:FAIL-t324, 2a93f7e5-ecb9-41da-9c47-70e13ba76d7d<-24020d0b-ce61-4f5a-b0b0-c561541e8cd4#0:FAIL-t324] and 0 exception(s); 2a93f7e5-ecb9-41da-9c47-70e13ba76d7d@group-A9EE991D717F:t324, leader=null, voted=2a93f7e5-ecb9-41da-9c47-70e13ba76d7d, raftlog=2a93f7e5-ecb9-41da-9c47-70e13ba76d7d@group-A9EE991D717F-SegmentedRaftLog:OPENED:c-1,f0,i0, conf=0: [37bd8e8c-ea68-4b1c-8659-8d001c4f3b5c:192.168.34.62:41632, 24020d0b-ce61-4f5a-b0b0-c561541e8cd4:192.168.34.62:42892, 2a93f7e5-ecb9-41da-9c47-70e13ba76d7d:192.168.34.62:35412], old=null
2019-10-17 07:43:47,721 [2a93f7e5-ecb9-41da-9c47-70e13ba76d7d@group-A9EE991D717F-LeaderElection302] INFO  impl.RaftServerImpl (RaftServerImpl.java:setRole(184)) - 2a93f7e5-ecb9-41da-9c47-70e13ba76d7d@group-A9EE991D717F: changes role from CANDIDATE to FOLLOWER at term 324 for DISCOVERED_A_NEW_TERM
2019-10-17 07:43:47,721 [2a93f7e5-ecb9-41da-9c47-70e13ba76d7d@group-A9EE991D717F-LeaderElection302] INFO  impl.RoleInfo (RoleInfo.java:shutdownLeaderElection(134)) - 2a93f7e5-ecb9-41da-9c47-70e13ba76d7d: shutdown LeaderElection
2019-10-17 07:43:47,721 [2a93f7e5-ecb9-41da-9c47-70e13ba76d7d@group-A9EE991D717F-LeaderElection302] INFO  impl.RoleInfo (RoleInfo.java:updateAndGet(143)) - 2a93f7e5-ecb9-41da-9c47-70e13ba76d7d: start FollowerState
2019-10-17 07:43:47,841 [Thread-2423] INFO  impl.FollowerState (FollowerState.java:run(108)) - 2a93f7e5-ecb9-41da-9c47-70e13ba76d7d@group-A9EE991D717F-FollowerState: change to CANDIDATE, lastRpcTime:120ms, electionTimeout:120ms
2019-10-17 07:43:47,841 [Thread-2423] INFO  impl.RoleInfo (RoleInfo.java:shutdownFollowerState(121)) - 2a93f7e5-ecb9-41da-9c47-70e13ba76d7d: shutdown FollowerState
2019-10-17 07:43:47,841 [Thread-2423] INFO  impl.RaftServerImpl (RaftServerImpl.java:setRole(184)) - 2a93f7e5-ecb9-41da-9c47-70e13ba76d7d@group-A9EE991D717F: changes role from  FOLLOWER to CANDIDATE at term 324 for changeToCandidate
2019-10-17 07:43:47,842 [Thread-2423] INFO  impl.RoleInfo (RoleInfo.java:updateAndGet(143)) - 2a93f7e5-ecb9-41da-9c47-70e13ba76d7d: start LeaderElection
2019-10-17 07:43:47,870 [2a93f7e5-ecb9-41da-9c47-70e13ba76d7d@group-A9EE991D717F-LeaderElection303] INFO  impl.LeaderElection (LeaderElection.java:askForVotes(178)) - 2a93f7e5-ecb9-41da-9c47-70e13ba76d7d@group-A9EE991D717F-LeaderElection303: begin an election at term 325 for 0: [37bd8e8c-ea68-4b1c-8659-8d001c4f3b5c:192.168.34.62:41632, 24020d0b-ce61-4f5a-b0b0-c561541e8cd4:192.168.34.62:42892, 2a93f7e5-ecb9-41da-9c47-70e13ba76d7d:192.168.34.62:35412], old=null
2019-10-17 07:43:47,872 [grpc-default-executor-0] INFO  impl.RaftServerImpl (RaftServerImpl.java:setRole(184)) - 24020d0b-ce61-4f5a-b0b0-c561541e8cd4@group-A9EE991D717F: changes role from  FOLLOWER to FOLLOWER at term 325 for recognizeCandidate:2a93f7e5-ecb9-41da-9c47-70e13ba76d7d
2019-10-17 07:43:47,872 [grpc-default-executor-1] INFO  impl.RaftServerImpl (RaftServerImpl.java:setRole(184)) - 37bd8e8c-ea68-4b1c-8659-8d001c4f3b5c@group-A9EE991D717F: changes role from  FOLLOWER to FOLLOWER at term 325 for recognizeCandidate:2a93f7e5-ecb9-41da-9c47-70e13ba76d7d
2019-10-17 07:43:47,873 [grpc-default-executor-0] INFO  impl.RoleInfo (RoleInfo.java:shutdownFollowerState(121)) - 24020d0b-ce61-4f5a-b0b0-c561541e8cd4: shutdown FollowerState
2019-10-17 07:43:47,873 [grpc-default-executor-1] INFO  impl.RoleInfo (RoleInfo.java:shutdownFollowerState(121)) - 37bd8e8c-ea68-4b1c-8659-8d001c4f3b5c: shutdown FollowerState
2019-10-17 07:43:47,873 [Thread-2422] INFO  impl.FollowerState (FollowerState.java:run(117)) - 24020d0b-ce61-4f5a-b0b0-c561541e8cd4@group-A9EE991D717F-FollowerState was interrupted: java.lang.InterruptedException: sleep interrupted
2019-10-17 07:43:47,873 [grpc-default-executor-0] INFO  impl.RoleInfo (RoleInfo.java:updateAndGet(143)) - 24020d0b-ce61-4f5a-b0b0-c561541e8cd4: start FollowerState
2019-10-17 07:43:47,873 [Thread-2421] INFO  impl.FollowerState (FollowerState.java:run(117)) - 37bd8e8c-ea68-4b1c-8659-8d001c4f3b5c@group-A9EE991D717F-FollowerState was interrupted: java.lang.InterruptedException: sleep interrupted
2019-10-17 07:43:47,873 [grpc-default-executor-1] INFO  impl.RoleInfo (RoleInfo.java:updateAndGet(143)) - 37bd8e8c-ea68-4b1c-8659-8d001c4f3b5c: start FollowerState
2019-10-17 07:43:47,905 [2a93f7e5-ecb9-41da-9c47-70e13ba76d7d@group-A9EE991D717F-LeaderElection303] INFO  impl.LeaderElection (LeaderElection.java:logAndReturn(56)) - 2a93f7e5-ecb9-41da-9c47-70e13ba76d7d@group-A9EE991D717F-LeaderElection303: Election REJECTED; received 2 response(s) [2a93f7e5-ecb9-41da-9c47-70e13ba76d7d<-37bd8e8c-ea68-4b1c-8659-8d001c4f3b5c#0:FAIL-t325, 2a93f7e5-ecb9-41da-9c47-70e13ba76d7d<-24020d0b-ce61-4f5a-b0b0-c561541e8cd4#0:FAIL-t325] and 0 exception(s); 2a93f7e5-ecb9-41da-9c47-70e13ba76d7d@group-A9EE991D717F:t325, leader=null, voted=2a93f7e5-ecb9-41da-9c47-70e13ba76d7d, raftlog=2a93f7e5-ecb9-41da-9c47-70e13ba76d7d@group-A9EE991D717F-SegmentedRaftLog:OPENED:c-1,f0,i0, conf=0: [37bd8e8c-ea68-4b1c-8659-8d001c4f3b5c:192.168.34.62:41632, 24020d0b-ce61-4f5a-b0b0-c561541e8cd4:192.168.34.62:42892, 2a93f7e5-ecb9-41da-9c47-70e13ba76d7d:192.168.34.62:35412], old=null
2019-10-17 07:43:47,905 [2a93f7e5-ecb9-41da-9c47-70e13ba76d7d@group-A9EE991D717F-LeaderElection303] INFO  impl.RaftServerImpl (RaftServerImpl.java:setRole(184)) - 2a93f7e5-ecb9-41da-9c47-70e13ba76d7d@group-A9EE991D717F: changes role from CANDIDATE to FOLLOWER at term 325 for DISCOVERED_A_NEW_TERM
2019-10-17 07:43:47,905 [2a93f7e5-ecb9-41da-9c47-70e13ba76d7d@group-A9EE991D717F-LeaderElection303] INFO  impl.RoleInfo (RoleInfo.java:shutdownLeaderElection(134)) - 2a93f7e5-ecb9-41da-9c47-70e13ba76d7d: shutdown LeaderElection
2019-10-17 07:43:47,905 [2a93f7e5-ecb9-41da-9c47-70e13ba76d7d@group-A9EE991D717F-LeaderElection303] INFO  impl.RoleInfo (RoleInfo.java:updateAndGet(143)) - 2a93f7e5-ecb9-41da-9c47-70e13ba76d7d: start FollowerState
2019-10-17 07:43:47,963 [Thread-2429] INFO  impl.FollowerState (FollowerState.java:run(108)) - 2a93f7e5-ecb9-41da-9c47-70e13ba76d7d@group-A9EE991D717F-FollowerState: change to CANDIDATE, lastRpcTime:57ms, electionTimeout:57ms
2019-10-17 07:43:47,963 [Thread-2429] INFO  impl.RoleInfo (RoleInfo.java:shutdownFollowerState(121)) - 2a93f7e5-ecb9-41da-9c47-70e13ba76d7d: shutdown FollowerState
2019-10-17 07:43:47,963 [Thread-2429] INFO  impl.RaftServerImpl (RaftServerImpl.java:setRole(184)) - 2a93f7e5-ecb9-41da-9c47-70e13ba76d7d@group-A9EE991D717F: changes role from  FOLLOWER to CANDIDATE at term 325 for changeToCandidate
2019-10-17 07:43:47,963 [Thread-2429] INFO  impl.RoleInfo (RoleInfo.java:updateAndGet(143)) - 2a93f7e5-ecb9-41da-9c47-70e13ba76d7d: start LeaderElection
2019-10-17 07:43:47,988 [2a93f7e5-ecb9-41da-9c47-70e13ba76d7d@group-A9EE991D717F-LeaderElection304] INFO  impl.LeaderElection (LeaderElection.java:askForVotes(178)) - 2a93f7e5-ecb9-41da-9c47-70e13ba76d7d@group-A9EE991D717F-LeaderElection304: begin an election at term 326 for 0: [37bd8e8c-ea68-4b1c-8659-8d001c4f3b5c:192.168.34.62:41632, 24020d0b-ce61-4f5a-b0b0-c561541e8cd4:192.168.34.62:42892, 2a93f7e5-ecb9-41da-9c47-70e13ba76d7d:192.168.34.62:35412], old=null
2019-10-17 07:43:47,990 [grpc-default-executor-1] INFO  impl.RaftServerImpl (RaftServerImpl.java:setRole(184)) - 37bd8e8c-ea68-4b1c-8659-8d001c4f3b5c@group-A9EE991D717F: changes role from  FOLLOWER to FOLLOWER at term 326 for recognizeCandidate:2a93f7e5-ecb9-41da-9c47-70e13ba76d7d
2019-10-17 07:43:47,990 [grpc-default-executor-0] INFO  impl.RaftServerImpl (RaftServerImpl.java:setRole(184)) - 24020d0b-ce61-4f5a-b0b0-c561541e8cd4@group-A9EE991D717F: changes role from  FOLLOWER to FOLLOWER at term 326 for recognizeCandidate:2a93f7e5-ecb9-41da-9c47-70e13ba76d7d
2019-10-17 07:43:47,990 [grpc-default-executor-1] INFO  impl.RoleInfo (RoleInfo.java:shutdownFollowerState(121)) - 37bd8e8c-ea68-4b1c-8659-8d001c4f3b5c: shutdown FollowerState
2019-10-17 07:43:47,990 [grpc-default-executor-0] INFO  impl.RoleInfo (RoleInfo.java:shutdownFollowerState(121)) - 24020d0b-ce61-4f5a-b0b0-c561541e8cd4: shutdown FollowerState
2019-10-17 07:43:47,991 [Thread-2428] INFO  impl.FollowerState (FollowerState.java:run(117)) - 37bd8e8c-ea68-4b1c-8659-8d001c4f3b5c@group-A9EE991D717F-FollowerState was interrupted: java.lang.InterruptedException: sleep interrupted
2019-10-17 07:43:47,991 [grpc-default-executor-1] INFO  impl.RoleInfo (RoleInfo.java:updateAndGet(143)) - 37bd8e8c-ea68-4b1c-8659-8d001c4f3b5c: start FollowerState
2019-10-17 07:43:47,991 [grpc-default-executor-0] INFO  impl.RoleInfo (RoleInfo.java:updateAndGet(143)) - 24020d0b-ce61-4f5a-b0b0-c561541e8cd4: start FollowerState
2019-10-17 07:43:47,991 [Thread-2427] INFO  impl.FollowerState (FollowerState.java:run(117)) - 24020d0b-ce61-4f5a-b0b0-c561541e8cd4@group-A9EE991D717F-FollowerState was interrupted: java.lang.InterruptedException: sleep interrupted
2019-10-17 07:43:48,015 [2a93f7e5-ecb9-41da-9c47-70e13ba76d7d@group-A9EE991D717F-LeaderElection304] INFO  impl.LeaderElection (LeaderElection.java:logAndReturn(56)) - 2a93f7e5-ecb9-41da-9c47-70e13ba76d7d@group-A9EE991D717F-LeaderElection304: Election REJECTED; received 2 response(s) [2a93f7e5-ecb9-41da-9c47-70e13ba76d7d<-37bd8e8c-ea68-4b1c-8659-8d001c4f3b5c#0:FAIL-t326, 2a93f7e5-ecb9-41da-9c47-70e13ba76d7d<-24020d0b-ce61-4f5a-b0b0-c561541e8cd4#0:FAIL-t326] and 0 exception(s); 2a93f7e5-ecb9-41da-9c47-70e13ba76d7d@group-A9EE991D717F:t326, leader=null, voted=2a93f7e5-ecb9-41da-9c47-70e13ba76d7d, raftlog=2a93f7e5-ecb9-41da-9c47-70e13ba76d7d@group-A9EE991D717F-SegmentedRaftLog:OPENED:c-1,f0,i0, conf=0: [37bd8e8c-ea68-4b1c-8659-8d001c4f3b5c:192.168.34.62:41632, 24020d0b-ce61-4f5a-b0b0-c561541e8cd4:192.168.34.62:42892, 2a93f7e5-ecb9-41da-9c47-70e13ba76d7d:192.168.34.62:35412], old=null
2019-10-17 07:43:48,015 [2a93f7e5-ecb9-41da-9c47-70e13ba76d7d@group-A9EE991D717F-LeaderElection304] INFO  impl.RaftServerImpl (RaftServerImpl.java:setRole(184)) - 2a93f7e5-ecb9-41da-9c47-70e13ba76d7d@group-A9EE991D717F: changes role from CANDIDATE to FOLLOWER at term 326 for DISCOVERED_A_NEW_TERM
2019-10-17 07:43:48,015 [2a93f7e5-ecb9-41da-9c47-70e13ba76d7d@group-A9EE991D717F-LeaderElection304] INFO  impl.RoleInfo (RoleInfo.java:shutdownLeaderElection(134)) - 2a93f7e5-ecb9-41da-9c47-70e13ba76d7d: shutdown LeaderElection
2019-10-17 07:43:48,016 [2a93f7e5-ecb9-41da-9c47-70e13ba76d7d@group-A9EE991D717F-LeaderElection304] INFO  impl.RoleInfo (RoleInfo.java:updateAndGet(143)) - 2a93f7e5-ecb9-41da-9c47-70e13ba76d7d: start FollowerState
2019-10-17 07:43:48,144 [Thread-2435] INFO  impl.FollowerState (FollowerState.java:run(108)) - 2a93f7e5-ecb9-41da-9c47-70e13ba76d7d@group-A9EE991D717F-FollowerState: change to CANDIDATE, lastRpcTime:128ms, electionTimeout:128ms
2019-10-17 07:43:48,144 [Thread-2435] INFO  impl.RoleInfo (RoleInfo.java:shutdownFollowerState(121)) - 2a93f7e5-ecb9-41da-9c47-70e13ba76d7d: shutdown FollowerState
2019-10-17 07:43:48,144 [Thread-2435] INFO  impl.RaftServerImpl (RaftServerImpl.java:setRole(184)) - 2a93f7e5-ecb9-41da-9c47-70e13ba76d7d@group-A9EE991D717F: changes role from  FOLLOWER to CANDIDATE at term 326 for changeToCandidate
2019-10-17 07:43:48,145 [Thread-2435] INFO  impl.RoleInfo (RoleInfo.java:updateAndGet(143)) - 2a93f7e5-ecb9-41da-9c47-70e13ba76d7d: start LeaderElection
2019-10-17 07:43:48,168 [2a93f7e5-ecb9-41da-9c47-70e13ba76d7d@group-A9EE991D717F-LeaderElection305] INFO  impl.LeaderElection (LeaderElection.java:askForVotes(178)) - 2a93f7e5-ecb9-41da-9c47-70e13ba76d7d@group-A9EE991D717F-LeaderElection305: begin an election at term 327 for 0: [37bd8e8c-ea68-4b1c-8659-8d001c4f3b5c:192.168.34.62:41632, 24020d0b-ce61-4f5a-b0b0-c561541e8cd4:192.168.34.62:42892, 2a93f7e5-ecb9-41da-9c47-70e13ba76d7d:192.168.34.62:35412], old=null
2019-10-17 07:43:48,170 [grpc-default-executor-0] INFO  impl.RaftServerImpl (RaftServerImpl.java:setRole(184)) - 37bd8e8c-ea68-4b1c-8659-8d001c4f3b5c@group-A9EE991D717F: changes role from  FOLLOWER to FOLLOWER at term 327 for recognizeCandidate:2a93f7e5-ecb9-41da-9c47-70e13ba76d7d
2019-10-17 07:43:48,170 [grpc-default-executor-1] INFO  impl.RaftServerImpl (RaftServerImpl.java:setRole(184)) - 24020d0b-ce61-4f5a-b0b0-c561541e8cd4@group-A9EE991D717F: changes role from  FOLLOWER to FOLLOWER at term 327 for recognizeCandidate:2a93f7e5-ecb9-41da-9c47-70e13ba76d7d
2019-10-17 07:43:48,171 [grpc-default-executor-0] INFO  impl.RoleInfo (RoleInfo.java:shutdownFollowerState(121)) - 37bd8e8c-ea68-4b1c-8659-8d001c4f3b5c: shutdown FollowerState
2019-10-17 07:43:48,171 [grpc-default-executor-1] INFO  impl.RoleInfo (RoleInfo.java:shutdownFollowerState(121)) - 24020d0b-ce61-4f5a-b0b0-c561541e8cd4: shutdown FollowerState
2019-10-17 07:43:48,171 [Thread-2433] INFO  impl.FollowerState (FollowerState.java:run(117)) - 37bd8e8c-ea68-4b1c-8659-8d001c4f3b5c@group-A9EE991D717F-FollowerState was interrupted: java.lang.InterruptedException: sleep interrupted
2019-10-17 07:43:48,171 [grpc-default-executor-0] INFO  impl.RoleInfo (RoleInfo.java:updateAndGet(143)) - 37bd8e8c-ea68-4b1c-8659-8d001c4f3b5c: start FollowerState
2019-10-17 07:43:48,171 [grpc-default-executor-1] INFO  impl.RoleInfo (RoleInfo.java:updateAndGet(143)) - 24020d0b-ce61-4f5a-b0b0-c561541e8cd4: start FollowerState
2019-10-17 07:43:48,171 [Thread-2434] INFO  impl.FollowerState (FollowerState.java:run(117)) - 24020d0b-ce61-4f5a-b0b0-c561541e8cd4@group-A9EE991D717F-FollowerState was interrupted: java.lang.InterruptedException: sleep interrupted
2019-10-17 07:43:48,192 [2a93f7e5-ecb9-41da-9c47-70e13ba76d7d@group-A9EE991D717F-LeaderElection305] INFO  impl.LeaderElection (LeaderElection.java:logAndReturn(56)) - 2a93f7e5-ecb9-41da-9c47-70e13ba76d7d@group-A9EE991D717F-LeaderElection305: Election REJECTED; received 2 response(s) [2a93f7e5-ecb9-41da-9c47-70e13ba76d7d<-37bd8e8c-ea68-4b1c-8659-8d001c4f3b5c#0:FAIL-t327, 2a93f7e5-ecb9-41da-9c47-70e13ba76d7d<-24020d0b-ce61-4f5a-b0b0-c561541e8cd4#0:FAIL-t327] and 0 exception(s); 2a93f7e5-ecb9-41da-9c47-70e13ba76d7d@group-A9EE991D717F:t327, leader=null, voted=2a93f7e5-ecb9-41da-9c47-70e13ba76d7d, raftlog=2a93f7e5-ecb9-41da-9c47-70e13ba76d7d@group-A9EE991D717F-SegmentedRaftLog:OPENED:c-1,f0,i0, conf=0: [37bd8e8c-ea68-4b1c-8659-8d001c4f3b5c:192.168.34.62:41632, 24020d0b-ce61-4f5a-b0b0-c561541e8cd4:192.168.34.62:42892, 2a93f7e5-ecb9-41da-9c47-70e13ba76d7d:192.168.34.62:35412], old=null
2019-10-17 07:43:48,192 [2a93f7e5-ecb9-41da-9c47-70e13ba76d7d@group-A9EE991D717F-LeaderElection305] INFO  impl.RaftServerImpl (RaftServerImpl.java:setRole(184)) - 2a93f7e5-ecb9-41da-9c47-70e13ba76d7d@group-A9EE991D717F: changes role from CANDIDATE to FOLLOWER at term 327 for DISCOVERED_A_NEW_TERM
2019-10-17 07:43:48,192 [2a93f7e5-ecb9-41da-9c47-70e13ba76d7d@group-A9EE991D717F-LeaderElection305] INFO  impl.RoleInfo (RoleInfo.java:shutdownLeaderElection(134)) - 2a93f7e5-ecb9-41da-9c47-70e13ba76d7d: shutdown LeaderElection
2019-10-17 07:43:48,192 [2a93f7e5-ecb9-41da-9c47-70e13ba76d7d@group-A9EE991D717F-LeaderElection305] INFO  impl.RoleInfo (RoleInfo.java:updateAndGet(143)) - 2a93f7e5-ecb9-41da-9c47-70e13ba76d7d: start FollowerState
2019-10-17 07:43:48,280 [Thread-2441] INFO  impl.FollowerState (FollowerState.java:run(108)) - 2a93f7e5-ecb9-41da-9c47-70e13ba76d7d@group-A9EE991D717F-FollowerState: change to CANDIDATE, lastRpcTime:88ms, electionTimeout:88ms
2019-10-17 07:43:48,281 [Thread-2441] INFO  impl.RoleInfo (RoleInfo.java:shutdownFollowerState(121)) - 2a93f7e5-ecb9-41da-9c47-70e13ba76d7d: shutdown FollowerState
2019-10-17 07:43:48,281 [Thread-2441] INFO  impl.RaftServerImpl (RaftServerImpl.java:setRole(184)) - 2a93f7e5-ecb9-41da-9c47-70e13ba76d7d@group-A9EE991D717F: changes role from  FOLLOWER to CANDIDATE at term 327 for changeToCandidate
2019-10-17 07:43:48,281 [Thread-2441] INFO  impl.RoleInfo (RoleInfo.java:updateAndGet(143)) - 2a93f7e5-ecb9-41da-9c47-70e13ba76d7d: start LeaderElection
2019-10-17 07:43:48,306 [2a93f7e5-ecb9-41da-9c47-70e13ba76d7d@group-A9EE991D717F-LeaderElection306] INFO  impl.LeaderElection (LeaderElection.java:askForVotes(178)) - 2a93f7e5-ecb9-41da-9c47-70e13ba76d7d@group-A9EE991D717F-LeaderElection306: begin an election at term 328 for 0: [37bd8e8c-ea68-4b1c-8659-8d001c4f3b5c:192.168.34.62:41632, 24020d0b-ce61-4f5a-b0b0-c561541e8cd4:192.168.34.62:42892, 2a93f7e5-ecb9-41da-9c47-70e13ba76d7d:192.168.34.62:35412], old=null
2019-10-17 07:43:48,308 [grpc-default-executor-0] INFO  impl.RaftServerImpl (RaftServerImpl.java:setRole(184)) - 24020d0b-ce61-4f5a-b0b0-c561541e8cd4@group-A9EE991D717F: changes role from  FOLLOWER to FOLLOWER at term 328 for recognizeCandidate:2a93f7e5-ecb9-41da-9c47-70e13ba76d7d
2019-10-17 07:43:48,308 [grpc-default-executor-1] INFO  impl.RaftServerImpl (RaftServerImpl.java:setRole(184)) - 37bd8e8c-ea68-4b1c-8659-8d001c4f3b5c@group-A9EE991D717F: changes role from  FOLLOWER to FOLLOWER at term 328 for recognizeCandidate:2a93f7e5-ecb9-41da-9c47-70e13ba76d7d
2019-10-17 07:43:48,308 [grpc-default-executor-0] INFO  impl.RoleInfo (RoleInfo.java:shutdownFollowerState(121)) - 24020d0b-ce61-4f5a-b0b0-c561541e8cd4: shutdown FollowerState
2019-10-17 07:43:48,309 [grpc-default-executor-1] INFO  impl.RoleInfo (RoleInfo.java:shutdownFollowerState(121)) - 37bd8e8c-ea68-4b1c-8659-8d001c4f3b5c: shutdown FollowerState
2019-10-17 07:43:48,309 [Thread-2440] INFO  impl.FollowerState (FollowerState.java:run(117)) - 24020d0b-ce61-4f5a-b0b0-c561541e8cd4@group-A9EE991D717F-FollowerState was interrupted: java.lang.InterruptedException: sleep interrupted
2019-10-17 07:43:48,309 [grpc-default-executor-0] INFO  impl.RoleInfo (RoleInfo.java:updateAndGet(143)) - 24020d0b-ce61-4f5a-b0b0-c561541e8cd4: start FollowerState
2019-10-17 07:43:48,309 [Thread-2439] INFO  impl.FollowerState (FollowerState.java:run(117)) - 37bd8e8c-ea68-4b1c-8659-8d001c4f3b5c@group-A9EE991D717F-FollowerState was interrupted: java.lang.InterruptedException: sleep interrupted
2019-10-17 07:43:48,309 [grpc-default-executor-1] INFO  impl.RoleInfo (RoleInfo.java:updateAndGet(143)) - 37bd8e8c-ea68-4b1c-8659-8d001c4f3b5c: start FollowerState
2019-10-17 07:43:48,334 [2a93f7e5-ecb9-41da-9c47-70e13ba76d7d@group-A9EE991D717F-LeaderElection306] INFO  impl.LeaderElection (LeaderElection.java:logAndReturn(56)) - 2a93f7e5-ecb9-41da-9c47-70e13ba76d7d@group-A9EE991D717F-LeaderElection306: Election REJECTED; received 2 response(s) [2a93f7e5-ecb9-41da-9c47-70e13ba76d7d<-37bd8e8c-ea68-4b1c-8659-8d001c4f3b5c#0:FAIL-t328, 2a93f7e5-ecb9-41da-9c47-70e13ba76d7d<-24020d0b-ce61-4f5a-b0b0-c561541e8cd4#0:FAIL-t328] and 0 exception(s); 2a93f7e5-ecb9-41da-9c47-70e13ba76d7d@group-A9EE991D717F:t328, leader=null, voted=2a93f7e5-ecb9-41da-9c47-70e13ba76d7d, raftlog=2a93f7e5-ecb9-41da-9c47-70e13ba76d7d@group-A9EE991D717F-SegmentedRaftLog:OPENED:c-1,f0,i0, conf=0: [37bd8e8c-ea68-4b1c-8659-8d001c4f3b5c:192.168.34.62:41632, 24020d0b-ce61-4f5a-b0b0-c561541e8cd4:192.168.34.62:42892, 2a93f7e5-ecb9-41da-9c47-70e13ba76d7d:192.168.34.62:35412], old=null
2019-10-17 07:43:48,335 [2a93f7e5-ecb9-41da-9c47-70e13ba76d7d@group-A9EE991D717F-LeaderElection306] INFO  impl.RaftServerImpl (RaftServerImpl.java:setRole(184)) - 2a93f7e5-ecb9-41da-9c47-70e13ba76d7d@group-A9EE991D717F: changes role from CANDIDATE to FOLLOWER at term 328 for DISCOVERED_A_NEW_TERM
2019-10-17 07:43:48,335 [2a93f7e5-ecb9-41da-9c47-70e13ba76d7d@group-A9EE991D717F-LeaderElection306] INFO  impl.RoleInfo (RoleInfo.java:shutdownLeaderElection(134)) - 2a93f7e5-ecb9-41da-9c47-70e13ba76d7d: shutdown LeaderElection
2019-10-17 07:43:48,335 [2a93f7e5-ecb9-41da-9c47-70e13ba76d7d@group-A9EE991D717F-LeaderElection306] INFO  impl.RoleInfo (RoleInfo.java:updateAndGet(143)) - 2a93f7e5-ecb9-41da-9c47-70e13ba76d7d: start FollowerState
2019-10-17 07:43:48,348 [Thread-2447] INFO  impl.FollowerState (FollowerState.java:run(108)) - 2a93f7e5-ecb9-41da-9c47-70e13ba76d7d@group-A9EE991D717F-FollowerState: change to CANDIDATE, lastRpcTime:13ms, electionTimeout:13ms
2019-10-17 07:43:48,348 [Thread-2447] INFO  impl.RoleInfo (RoleInfo.java:shutdownFollowerState(121)) - 2a93f7e5-ecb9-41da-9c47-70e13ba76d7d: shutdown FollowerState
2019-10-17 07:43:48,348 [Thread-2447] INFO  impl.RaftServerImpl (RaftServerImpl.java:setRole(184)) - 2a93f7e5-ecb9-41da-9c47-70e13ba76d7d@group-A9EE991D717F: changes role from  FOLLOWER to CANDIDATE at term 328 for changeToCandidate
2019-10-17 07:43:48,349 [Thread-2447] INFO  impl.RoleInfo (RoleInfo.java:updateAndGet(143)) - 2a93f7e5-ecb9-41da-9c47-70e13ba76d7d: start LeaderElection
2019-10-17 07:43:48,382 [2a93f7e5-ecb9-41da-9c47-70e13ba76d7d@group-A9EE991D717F-LeaderElection307] INFO  impl.LeaderElection (LeaderElection.java:askForVotes(178)) - 2a93f7e5-ecb9-41da-9c47-70e13ba76d7d@group-A9EE991D717F-LeaderElection307: begin an election at term 329 for 0: [37bd8e8c-ea68-4b1c-8659-8d001c4f3b5c:192.168.34.62:41632, 24020d0b-ce61-4f5a-b0b0-c561541e8cd4:192.168.34.62:42892, 2a93f7e5-ecb9-41da-9c47-70e13ba76d7d:192.168.34.62:35412], old=null
2019-10-17 07:43:48,384 [grpc-default-executor-1] INFO  impl.RaftServerImpl (RaftServerImpl.java:setRole(184)) - 37bd8e8c-ea68-4b1c-8659-8d001c4f3b5c@group-A9EE991D717F: changes role from  FOLLOWER to FOLLOWER at term 329 for recognizeCandidate:2a93f7e5-ecb9-41da-9c47-70e13ba76d7d
2019-10-17 07:43:48,384 [grpc-default-executor-1] INFO  impl.RoleInfo (RoleInfo.java:shutdownFollowerState(121)) - 37bd8e8c-ea68-4b1c-8659-8d001c4f3b5c: shutdown FollowerState
2019-10-17 07:43:48,384 [grpc-default-executor-0] INFO  impl.RaftServerImpl (RaftServerImpl.java:setRole(184)) - 24020d0b-ce61-4f5a-b0b0-c561541e8cd4@group-A9EE991D717F: changes role from  FOLLOWER to FOLLOWER at term 329 for recognizeCandidate:2a93f7e5-ecb9-41da-9c47-70e13ba76d7d
2019-10-17 07:43:48,385 [grpc-default-executor-0] INFO  impl.RoleInfo (RoleInfo.java:shutdownFollowerState(121)) - 24020d0b-ce61-4f5a-b0b0-c561541e8cd4: shutdown FollowerState
2019-10-17 07:43:48,385 [Thread-2446] INFO  impl.FollowerState (FollowerState.java:run(117)) - 37bd8e8c-ea68-4b1c-8659-8d001c4f3b5c@group-A9EE991D717F-FollowerState was interrupted: java.lang.InterruptedException: sleep interrupted
2019-10-17 07:43:48,384 [grpc-default-executor-1] INFO  impl.RoleInfo (RoleInfo.java:updateAndGet(143)) - 37bd8e8c-ea68-4b1c-8659-8d001c4f3b5c: start FollowerState
2019-10-17 07:43:48,385 [Thread-2445] INFO  impl.FollowerState (FollowerState.java:run(117)) - 24020d0b-ce61-4f5a-b0b0-c561541e8cd4@group-A9EE991D717F-FollowerState was interrupted: java.lang.InterruptedException: sleep interrupted
2019-10-17 07:43:48,385 [grpc-default-executor-0] INFO  impl.RoleInfo (RoleInfo.java:updateAndGet(143)) - 24020d0b-ce61-4f5a-b0b0-c561541e8cd4: start FollowerState
2019-10-17 07:43:48,408 [2a93f7e5-ecb9-41da-9c47-70e13ba76d7d@group-A9EE991D717F-LeaderElection307] INFO  impl.LeaderElection (LeaderElection.java:logAndReturn(56)) - 2a93f7e5-ecb9-41da-9c47-70e13ba76d7d@group-A9EE991D717F-LeaderElection307: Election REJECTED; received 2 response(s) [2a93f7e5-ecb9-41da-9c47-70e13ba76d7d<-37bd8e8c-ea68-4b1c-8659-8d001c4f3b5c#0:FAIL-t329, 2a93f7e5-ecb9-41da-9c47-70e13ba76d7d<-24020d0b-ce61-4f5a-b0b0-c561541e8cd4#0:FAIL-t329] and 0 exception(s); 2a93f7e5-ecb9-41da-9c47-70e13ba76d7d@group-A9EE991D717F:t329, leader=null, voted=2a93f7e5-ecb9-41da-9c47-70e13ba76d7d, raftlog=2a93f7e5-ecb9-41da-9c47-70e13ba76d7d@group-A9EE991D717F-SegmentedRaftLog:OPENED:c-1,f0,i0, conf=0: [37bd8e8c-ea68-4b1c-8659-8d001c4f3b5c:192.168.34.62:41632, 24020d0b-ce61-4f5a-b0b0-c561541e8cd4:192.168.34.62:42892, 2a93f7e5-ecb9-41da-9c47-70e13ba76d7d:192.168.34.62:35412], old=null
2019-10-17 07:43:48,408 [2a93f7e5-ecb9-41da-9c47-70e13ba76d7d@group-A9EE991D717F-LeaderElection307] INFO  impl.RaftServerImpl (RaftServerImpl.java:setRole(184)) - 2a93f7e5-ecb9-41da-9c47-70e13ba76d7d@group-A9EE991D717F: changes role from CANDIDATE to FOLLOWER at term 329 for DISCOVERED_A_NEW_TERM
2019-10-17 07:43:48,408 [2a93f7e5-ecb9-41da-9c47-70e13ba76d7d@group-A9EE991D717F-LeaderElection307] INFO  impl.RoleInfo (RoleInfo.java:shutdownLeaderElection(134)) - 2a93f7e5-ecb9-41da-9c47-70e13ba76d7d: shutdown LeaderElection
2019-10-17 07:43:48,408 [2a93f7e5-ecb9-41da-9c47-70e13ba76d7d@group-A9EE991D717F-LeaderElection307] INFO  impl.RoleInfo (RoleInfo.java:updateAndGet(143)) - 2a93f7e5-ecb9-41da-9c47-70e13ba76d7d: start FollowerState
2019-10-17 07:43:48,450 [Thread-2453] INFO  impl.FollowerState (FollowerState.java:run(108)) - 2a93f7e5-ecb9-41da-9c47-70e13ba76d7d@group-A9EE991D717F-FollowerState: change to CANDIDATE, lastRpcTime:42ms, electionTimeout:42ms
2019-10-17 07:43:48,451 [Thread-2453] INFO  impl.RoleInfo (RoleInfo.java:shutdownFollowerState(121)) - 2a93f7e5-ecb9-41da-9c47-70e13ba76d7d: shutdown FollowerState
2019-10-17 07:43:48,451 [Thread-2453] INFO  impl.RaftServerImpl (RaftServerImpl.java:setRole(184)) - 2a93f7e5-ecb9-41da-9c47-70e13ba76d7d@group-A9EE991D717F: changes role from  FOLLOWER to CANDIDATE at term 329 for changeToCandidate
2019-10-17 07:43:48,451 [Thread-2453] INFO  impl.RoleInfo (RoleInfo.java:updateAndGet(143)) - 2a93f7e5-ecb9-41da-9c47-70e13ba76d7d: start LeaderElection
2019-10-17 07:43:48,474 [2a93f7e5-ecb9-41da-9c47-70e13ba76d7d@group-A9EE991D717F-LeaderElection308] INFO  impl.LeaderElection (LeaderElection.java:askForVotes(178)) - 2a93f7e5-ecb9-41da-9c47-70e13ba76d7d@group-A9EE991D717F-LeaderElection308: begin an election at term 330 for 0: [37bd8e8c-ea68-4b1c-8659-8d001c4f3b5c:192.168.34.62:41632, 24020d0b-ce61-4f5a-b0b0-c561541e8cd4:192.168.34.62:42892, 2a93f7e5-ecb9-41da-9c47-70e13ba76d7d:192.168.34.62:35412], old=null
2019-10-17 07:43:48,476 [grpc-default-executor-0] INFO  impl.RaftServerImpl (RaftServerImpl.java:setRole(184)) - 37bd8e8c-ea68-4b1c-8659-8d001c4f3b5c@group-A9EE991D717F: changes role from  FOLLOWER to FOLLOWER at term 330 for recognizeCandidate:2a93f7e5-ecb9-41da-9c47-70e13ba76d7d
2019-10-17 07:43:48,476 [grpc-default-executor-1] INFO  impl.RaftServerImpl (RaftServerImpl.java:setRole(184)) - 24020d0b-ce61-4f5a-b0b0-c561541e8cd4@group-A9EE991D717F: changes role from  FOLLOWER to FOLLOWER at term 330 for recognizeCandidate:2a93f7e5-ecb9-41da-9c47-70e13ba76d7d
2019-10-17 07:43:48,476 [grpc-default-executor-0] INFO  impl.RoleInfo (RoleInfo.java:shutdownFollowerState(121)) - 37bd8e8c-ea68-4b1c-8659-8d001c4f3b5c: shutdown FollowerState
2019-10-17 07:43:48,476 [grpc-default-executor-1] INFO  impl.RoleInfo (RoleInfo.java:shutdownFollowerState(121)) - 24020d0b-ce61-4f5a-b0b0-c561541e8cd4: shutdown FollowerState
2019-10-17 07:43:48,476 [Thread-2451] INFO  impl.FollowerState (FollowerState.java:run(117)) - 37bd8e8c-ea68-4b1c-8659-8d001c4f3b5c@group-A9EE991D717F-FollowerState was interrupted: java.lang.InterruptedException: sleep interrupted
2019-10-17 07:43:48,476 [grpc-default-executor-0] INFO  impl.RoleInfo (RoleInfo.java:updateAndGet(143)) - 37bd8e8c-ea68-4b1c-8659-8d001c4f3b5c: start FollowerState
2019-10-17 07:43:48,477 [Thread-2452] INFO  impl.FollowerState (FollowerState.java:run(117)) - 24020d0b-ce61-4f5a-b0b0-c561541e8cd4@group-A9EE991D717F-FollowerState was interrupted: java.lang.InterruptedException: sleep interrupted
2019-10-17 07:43:48,477 [grpc-default-executor-1] INFO  impl.RoleInfo (RoleInfo.java:updateAndGet(143)) - 24020d0b-ce61-4f5a-b0b0-c561541e8cd4: start FollowerState
2019-10-17 07:43:48,501 [2a93f7e5-ecb9-41da-9c47-70e13ba76d7d@group-A9EE991D717F-LeaderElection308] INFO  impl.LeaderElection (LeaderElection.java:logAndReturn(56)) - 2a93f7e5-ecb9-41da-9c47-70e13ba76d7d@group-A9EE991D717F-LeaderElection308: Election REJECTED; received 2 response(s) [2a93f7e5-ecb9-41da-9c47-70e13ba76d7d<-37bd8e8c-ea68-4b1c-8659-8d001c4f3b5c#0:FAIL-t330, 2a93f7e5-ecb9-41da-9c47-70e13ba76d7d<-24020d0b-ce61-4f5a-b0b0-c561541e8cd4#0:FAIL-t330] and 0 exception(s); 2a93f7e5-ecb9-41da-9c47-70e13ba76d7d@group-A9EE991D717F:t330, leader=null, voted=2a93f7e5-ecb9-41da-9c47-70e13ba76d7d, raftlog=2a93f7e5-ecb9-41da-9c47-70e13ba76d7d@group-A9EE991D717F-SegmentedRaftLog:OPENED:c-1,f0,i0, conf=0: [37bd8e8c-ea68-4b1c-8659-8d001c4f3b5c:192.168.34.62:41632, 24020d0b-ce61-4f5a-b0b0-c561541e8cd4:192.168.34.62:42892, 2a93f7e5-ecb9-41da-9c47-70e13ba76d7d:192.168.34.62:35412], old=null
2019-10-17 07:43:48,501 [2a93f7e5-ecb9-41da-9c47-70e13ba76d7d@group-A9EE991D717F-LeaderElection308] INFO  impl.RaftServerImpl (RaftServerImpl.java:setRole(184)) - 2a93f7e5-ecb9-41da-9c47-70e13ba76d7d@group-A9EE991D717F: changes role from CANDIDATE to FOLLOWER at term 330 for DISCOVERED_A_NEW_TERM
2019-10-17 07:43:48,501 [2a93f7e5-ecb9-41da-9c47-70e13ba76d7d@group-A9EE991D717F-LeaderElection308] INFO  impl.RoleInfo (RoleInfo.java:shutdownLeaderElection(134)) - 2a93f7e5-ecb9-41da-9c47-70e13ba76d7d: shutdown LeaderElection
2019-10-17 07:43:48,502 [2a93f7e5-ecb9-41da-9c47-70e13ba76d7d@group-A9EE991D717F-LeaderElection308] INFO  impl.RoleInfo (RoleInfo.java:updateAndGet(143)) - 2a93f7e5-ecb9-41da-9c47-70e13ba76d7d: start FollowerState
2019-10-17 07:43:48,629 [Thread-2459] INFO  impl.FollowerState (FollowerState.java:run(108)) - 2a93f7e5-ecb9-41da-9c47-70e13ba76d7d@group-A9EE991D717F-FollowerState: change to CANDIDATE, lastRpcTime:127ms, electionTimeout:127ms
2019-10-17 07:43:48,629 [Thread-2459] INFO  impl.RoleInfo (RoleInfo.java:shutdownFollowerState(121)) - 2a93f7e5-ecb9-41da-9c47-70e13ba76d7d: shutdown FollowerState
2019-10-17 07:43:48,629 [Thread-2459] INFO  impl.RaftServerImpl (RaftServerImpl.java:setRole(184)) - 2a93f7e5-ecb9-41da-9c47-70e13ba76d7d@group-A9EE991D717F: changes role from  FOLLOWER to CANDIDATE at term 330 for changeToCandidate
2019-10-17 07:43:48,629 [Thread-2459] INFO  impl.RoleInfo (RoleInfo.java:updateAndGet(143)) - 2a93f7e5-ecb9-41da-9c47-70e13ba76d7d: start LeaderElection
2019-10-17 07:43:48,659 [2a93f7e5-ecb9-41da-9c47-70e13ba76d7d@group-A9EE991D717F-LeaderElection309] INFO  impl.LeaderElection (LeaderElection.java:askForVotes(178)) - 2a93f7e5-ecb9-41da-9c47-70e13ba76d7d@group-A9EE991D717F-LeaderElection309: begin an election at term 331 for 0: [37bd8e8c-ea68-4b1c-8659-8d001c4f3b5c:192.168.34.62:41632, 24020d0b-ce61-4f5a-b0b0-c561541e8cd4:192.168.34.62:42892, 2a93f7e5-ecb9-41da-9c47-70e13ba76d7d:192.168.34.62:35412], old=null
2019-10-17 07:43:48,661 [grpc-default-executor-0] INFO  impl.RaftServerImpl (RaftServerImpl.java:setRole(184)) - 24020d0b-ce61-4f5a-b0b0-c561541e8cd4@group-A9EE991D717F: changes role from  FOLLOWER to FOLLOWER at term 331 for recognizeCandidate:2a93f7e5-ecb9-41da-9c47-70e13ba76d7d
2019-10-17 07:43:48,661 [grpc-default-executor-0] INFO  impl.RoleInfo (RoleInfo.java:shutdownFollowerState(121)) - 24020d0b-ce61-4f5a-b0b0-c561541e8cd4: shutdown FollowerState
2019-10-17 07:43:48,661 [grpc-default-executor-1] INFO  impl.RaftServerImpl (RaftServerImpl.java:setRole(184)) - 37bd8e8c-ea68-4b1c-8659-8d001c4f3b5c@group-A9EE991D717F: changes role from  FOLLOWER to FOLLOWER at term 331 for recognizeCandidate:2a93f7e5-ecb9-41da-9c47-70e13ba76d7d
2019-10-17 07:43:48,662 [Thread-2458] INFO  impl.FollowerState (FollowerState.java:run(117)) - 24020d0b-ce61-4f5a-b0b0-c561541e8cd4@group-A9EE991D717F-FollowerState was interrupted: java.lang.InterruptedException: sleep interrupted
2019-10-17 07:43:48,661 [grpc-default-executor-0] INFO  impl.RoleInfo (RoleInfo.java:updateAndGet(143)) - 24020d0b-ce61-4f5a-b0b0-c561541e8cd4: start FollowerState
2019-10-17 07:43:48,662 [grpc-default-executor-1] INFO  impl.RoleInfo (RoleInfo.java:shutdownFollowerState(121)) - 37bd8e8c-ea68-4b1c-8659-8d001c4f3b5c: shutdown FollowerState
2019-10-17 07:43:48,662 [grpc-default-executor-1] INFO  impl.RoleInfo (RoleInfo.java:updateAndGet(143)) - 37bd8e8c-ea68-4b1c-8659-8d001c4f3b5c: start FollowerState
2019-10-17 07:43:48,662 [Thread-2457] INFO  impl.FollowerState (FollowerState.java:run(117)) - 37bd8e8c-ea68-4b1c-8659-8d001c4f3b5c@group-A9EE991D717F-FollowerState was interrupted: java.lang.InterruptedException: sleep interrupted
2019-10-17 07:43:48,685 [2a93f7e5-ecb9-41da-9c47-70e13ba76d7d@group-A9EE991D717F-LeaderElection309] INFO  impl.LeaderElection (LeaderElection.java:logAndReturn(56)) - 2a93f7e5-ecb9-41da-9c47-70e13ba76d7d@group-A9EE991D717F-LeaderElection309: Election REJECTED; received 2 response(s) [2a93f7e5-ecb9-41da-9c47-70e13ba76d7d<-37bd8e8c-ea68-4b1c-8659-8d001c4f3b5c#0:FAIL-t331, 2a93f7e5-ecb9-41da-9c47-70e13ba76d7d<-24020d0b-ce61-4f5a-b0b0-c561541e8cd4#0:FAIL-t331] and 0 exception(s); 2a93f7e5-ecb9-41da-9c47-70e13ba76d7d@group-A9EE991D717F:t331, leader=null, voted=2a93f7e5-ecb9-41da-9c47-70e13ba76d7d, raftlog=2a93f7e5-ecb9-41da-9c47-70e13ba76d7d@group-A9EE991D717F-SegmentedRaftLog:OPENED:c-1,f0,i0, conf=0: [37bd8e8c-ea68-4b1c-8659-8d001c4f3b5c:192.168.34.62:41632, 24020d0b-ce61-4f5a-b0b0-c561541e8cd4:192.168.34.62:42892, 2a93f7e5-ecb9-41da-9c47-70e13ba76d7d:192.168.34.62:35412], old=null
2019-10-17 07:43:48,685 [2a93f7e5-ecb9-41da-9c47-70e13ba76d7d@group-A9EE991D717F-LeaderElection309] INFO  impl.RaftServerImpl (RaftServerImpl.java:setRole(184)) - 2a93f7e5-ecb9-41da-9c47-70e13ba76d7d@group-A9EE991D717F: changes role from CANDIDATE to FOLLOWER at term 331 for DISCOVERED_A_NEW_TERM
2019-10-17 07:43:48,685 [2a93f7e5-ecb9-41da-9c47-70e13ba76d7d@group-A9EE991D717F-LeaderElection309] INFO  impl.RoleInfo (RoleInfo.java:shutdownLeaderElection(134)) - 2a93f7e5-ecb9-41da-9c47-70e13ba76d7d: shutdown LeaderElection
2019-10-17 07:43:48,685 [2a93f7e5-ecb9-41da-9c47-70e13ba76d7d@group-A9EE991D717F-LeaderElection309] INFO  impl.RoleInfo (RoleInfo.java:updateAndGet(143)) - 2a93f7e5-ecb9-41da-9c47-70e13ba76d7d: start FollowerState
2019-10-17 07:43:48,706 [Thread-2465] INFO  impl.FollowerState (FollowerState.java:run(108)) - 2a93f7e5-ecb9-41da-9c47-70e13ba76d7d@group-A9EE991D717F-FollowerState: change to CANDIDATE, lastRpcTime:21ms, electionTimeout:21ms
2019-10-17 07:43:48,707 [Thread-2465] INFO  impl.RoleInfo (RoleInfo.java:shutdownFollowerState(121)) - 2a93f7e5-ecb9-41da-9c47-70e13ba76d7d: shutdown FollowerState
2019-10-17 07:43:48,707 [Thread-2465] INFO  impl.RaftServerImpl (RaftServerImpl.java:setRole(184)) - 2a93f7e5-ecb9-41da-9c47-70e13ba76d7d@group-A9EE991D717F: changes role from  FOLLOWER to CANDIDATE at term 331 for changeToCandidate
2019-10-17 07:43:48,707 [Thread-2465] INFO  impl.RoleInfo (RoleInfo.java:updateAndGet(143)) - 2a93f7e5-ecb9-41da-9c47-70e13ba76d7d: start LeaderElection
2019-10-17 07:43:48,735 [2a93f7e5-ecb9-41da-9c47-70e13ba76d7d@group-A9EE991D717F-LeaderElection310] INFO  impl.LeaderElection (LeaderElection.java:askForVotes(178)) - 2a93f7e5-ecb9-41da-9c47-70e13ba76d7d@group-A9EE991D717F-LeaderElection310: begin an election at term 332 for 0: [37bd8e8c-ea68-4b1c-8659-8d001c4f3b5c:192.168.34.62:41632, 24020d0b-ce61-4f5a-b0b0-c561541e8cd4:192.168.34.62:42892, 2a93f7e5-ecb9-41da-9c47-70e13ba76d7d:192.168.34.62:35412], old=null
2019-10-17 07:43:48,736 [grpc-default-executor-1] INFO  impl.RaftServerImpl (RaftServerImpl.java:setRole(184)) - 37bd8e8c-ea68-4b1c-8659-8d001c4f3b5c@group-A9EE991D717F: changes role from  FOLLOWER to FOLLOWER at term 332 for recognizeCandidate:2a93f7e5-ecb9-41da-9c47-70e13ba76d7d
2019-10-17 07:43:48,736 [grpc-default-executor-0] INFO  impl.RaftServerImpl (RaftServerImpl.java:setRole(184)) - 24020d0b-ce61-4f5a-b0b0-c561541e8cd4@group-A9EE991D717F: changes role from  FOLLOWER to FOLLOWER at term 332 for recognizeCandidate:2a93f7e5-ecb9-41da-9c47-70e13ba76d7d
2019-10-17 07:43:48,736 [grpc-default-executor-1] INFO  impl.RoleInfo (RoleInfo.java:shutdownFollowerState(121)) - 37bd8e8c-ea68-4b1c-8659-8d001c4f3b5c: shutdown FollowerState
2019-10-17 07:43:48,737 [grpc-default-executor-0] INFO  impl.RoleInfo (RoleInfo.java:shutdownFollowerState(121)) - 24020d0b-ce61-4f5a-b0b0-c561541e8cd4: shutdown FollowerState
2019-10-17 07:43:48,737 [grpc-default-executor-1] INFO  impl.RoleInfo (RoleInfo.java:updateAndGet(143)) - 37bd8e8c-ea68-4b1c-8659-8d001c4f3b5c: start FollowerState
2019-10-17 07:43:48,737 [Thread-2464] INFO  impl.FollowerState (FollowerState.java:run(117)) - 37bd8e8c-ea68-4b1c-8659-8d001c4f3b5c@group-A9EE991D717F-FollowerState was interrupted: java.lang.InterruptedException: sleep interrupted
2019-10-17 07:43:48,737 [grpc-default-executor-0] INFO  impl.RoleInfo (RoleInfo.java:updateAndGet(143)) - 24020d0b-ce61-4f5a-b0b0-c561541e8cd4: start FollowerState
2019-10-17 07:43:48,737 [Thread-2463] INFO  impl.FollowerState (FollowerState.java:run(117)) - 24020d0b-ce61-4f5a-b0b0-c561541e8cd4@group-A9EE991D717F-FollowerState was interrupted: java.lang.InterruptedException: sleep interrupted
2019-10-17 07:43:48,754 [2a93f7e5-ecb9-41da-9c47-70e13ba76d7d@group-A9EE991D717F-LeaderElection310] INFO  impl.LeaderElection (LeaderElection.java:logAndReturn(56)) - 2a93f7e5-ecb9-41da-9c47-70e13ba76d7d@group-A9EE991D717F-LeaderElection310: Election TIMEOUT; received 0 response(s) [] and 0 exception(s); 2a93f7e5-ecb9-41da-9c47-70e13ba76d7d@group-A9EE991D717F:t332, leader=null, voted=2a93f7e5-ecb9-41da-9c47-70e13ba76d7d, raftlog=2a93f7e5-ecb9-41da-9c47-70e13ba76d7d@group-A9EE991D717F-SegmentedRaftLog:OPENED:c-1,f0,i0, conf=0: [37bd8e8c-ea68-4b1c-8659-8d001c4f3b5c:192.168.34.62:41632, 24020d0b-ce61-4f5a-b0b0-c561541e8cd4:192.168.34.62:42892, 2a93f7e5-ecb9-41da-9c47-70e13ba76d7d:192.168.34.62:35412], old=null
2019-10-17 07:43:48,773 [2a93f7e5-ecb9-41da-9c47-70e13ba76d7d@group-A9EE991D717F-LeaderElection310] INFO  impl.LeaderElection (LeaderElection.java:askForVotes(178)) - 2a93f7e5-ecb9-41da-9c47-70e13ba76d7d@group-A9EE991D717F-LeaderElection310: begin an election at term 333 for 0: [37bd8e8c-ea68-4b1c-8659-8d001c4f3b5c:192.168.34.62:41632, 24020d0b-ce61-4f5a-b0b0-c561541e8cd4:192.168.34.62:42892, 2a93f7e5-ecb9-41da-9c47-70e13ba76d7d:192.168.34.62:35412], old=null
2019-10-17 07:43:48,774 [grpc-default-executor-1] INFO  impl.RaftServerImpl (RaftServerImpl.java:setRole(184)) - 37bd8e8c-ea68-4b1c-8659-8d001c4f3b5c@group-A9EE991D717F: changes role from  FOLLOWER to FOLLOWER at term 333 for recognizeCandidate:2a93f7e5-ecb9-41da-9c47-70e13ba76d7d
2019-10-17 07:43:48,775 [grpc-default-executor-1] INFO  impl.RoleInfo (RoleInfo.java:shutdownFollowerState(121)) - 37bd8e8c-ea68-4b1c-8659-8d001c4f3b5c: shutdown FollowerState
2019-10-17 07:43:48,775 [grpc-default-executor-1] INFO  impl.RoleInfo (RoleInfo.java:updateAndGet(143)) - 37bd8e8c-ea68-4b1c-8659-8d001c4f3b5c: start FollowerState
2019-10-17 07:43:48,775 [Thread-2469] INFO  impl.FollowerState (FollowerState.java:run(117)) - 37bd8e8c-ea68-4b1c-8659-8d001c4f3b5c@group-A9EE991D717F-FollowerState was interrupted: java.lang.InterruptedException: sleep interrupted
2019-10-17 07:43:48,775 [grpc-default-executor-0] INFO  impl.RaftServerImpl (RaftServerImpl.java:setRole(184)) - 24020d0b-ce61-4f5a-b0b0-c561541e8cd4@group-A9EE991D717F: changes role from  FOLLOWER to FOLLOWER at term 333 for recognizeCandidate:2a93f7e5-ecb9-41da-9c47-70e13ba76d7d
2019-10-17 07:43:48,775 [grpc-default-executor-0] INFO  impl.RoleInfo (RoleInfo.java:shutdownFollowerState(121)) - 24020d0b-ce61-4f5a-b0b0-c561541e8cd4: shutdown FollowerState
2019-10-17 07:43:48,775 [grpc-default-executor-0] INFO  impl.RoleInfo (RoleInfo.java:updateAndGet(143)) - 24020d0b-ce61-4f5a-b0b0-c561541e8cd4: start FollowerState
2019-10-17 07:43:48,775 [Thread-2470] INFO  impl.FollowerState (FollowerState.java:run(117)) - 24020d0b-ce61-4f5a-b0b0-c561541e8cd4@group-A9EE991D717F-FollowerState was interrupted: java.lang.InterruptedException: sleep interrupted
2019-10-17 07:43:48,798 [2a93f7e5-ecb9-41da-9c47-70e13ba76d7d@group-A9EE991D717F-LeaderElection310] INFO  impl.LeaderElection (LeaderElection.java:logAndReturn(56)) - 2a93f7e5-ecb9-41da-9c47-70e13ba76d7d@group-A9EE991D717F-LeaderElection310: Election REJECTED; received 2 response(s) [2a93f7e5-ecb9-41da-9c47-70e13ba76d7d<-37bd8e8c-ea68-4b1c-8659-8d001c4f3b5c#0:FAIL-t333, 2a93f7e5-ecb9-41da-9c47-70e13ba76d7d<-24020d0b-ce61-4f5a-b0b0-c561541e8cd4#0:FAIL-t333] and 0 exception(s); 2a93f7e5-ecb9-41da-9c47-70e13ba76d7d@group-A9EE991D717F:t333, leader=null, voted=2a93f7e5-ecb9-41da-9c47-70e13ba76d7d, raftlog=2a93f7e5-ecb9-41da-9c47-70e13ba76d7d@group-A9EE991D717F-SegmentedRaftLog:OPENED:c-1,f0,i0, conf=0: [37bd8e8c-ea68-4b1c-8659-8d001c4f3b5c:192.168.34.62:41632, 24020d0b-ce61-4f5a-b0b0-c561541e8cd4:192.168.34.62:42892, 2a93f7e5-ecb9-41da-9c47-70e13ba76d7d:192.168.34.62:35412], old=null
2019-10-17 07:43:48,799 [2a93f7e5-ecb9-41da-9c47-70e13ba76d7d@group-A9EE991D717F-LeaderElection310] INFO  impl.RaftServerImpl (RaftServerImpl.java:setRole(184)) - 2a93f7e5-ecb9-41da-9c47-70e13ba76d7d@group-A9EE991D717F: changes role from CANDIDATE to FOLLOWER at term 333 for DISCOVERED_A_NEW_TERM
2019-10-17 07:43:48,799 [2a93f7e5-ecb9-41da-9c47-70e13ba76d7d@group-A9EE991D717F-LeaderElection310] INFO  impl.RoleInfo (RoleInfo.java:shutdownLeaderElection(134)) - 2a93f7e5-ecb9-41da-9c47-70e13ba76d7d: shutdown LeaderElection
2019-10-17 07:43:48,799 [2a93f7e5-ecb9-41da-9c47-70e13ba76d7d@group-A9EE991D717F-LeaderElection310] INFO  impl.RoleInfo (RoleInfo.java:updateAndGet(143)) - 2a93f7e5-ecb9-41da-9c47-70e13ba76d7d: start FollowerState
2019-10-17 07:43:48,896 [Thread-2475] INFO  impl.FollowerState (FollowerState.java:run(108)) - 2a93f7e5-ecb9-41da-9c47-70e13ba76d7d@group-A9EE991D717F-FollowerState: change to CANDIDATE, lastRpcTime:97ms, electionTimeout:97ms
2019-10-17 07:43:48,896 [Thread-2475] INFO  impl.RoleInfo (RoleInfo.java:shutdownFollowerState(121)) - 2a93f7e5-ecb9-41da-9c47-70e13ba76d7d: shutdown FollowerState
2019-10-17 07:43:48,896 [Thread-2475] INFO  impl.RaftServerImpl (RaftServerImpl.java:setRole(184)) - 2a93f7e5-ecb9-41da-9c47-70e13ba76d7d@group-A9EE991D717F: changes role from  FOLLOWER to CANDIDATE at term 333 for changeToCandidate
2019-10-17 07:43:48,897 [Thread-2475] INFO  impl.RoleInfo (RoleInfo.java:updateAndGet(143)) - 2a93f7e5-ecb9-41da-9c47-70e13ba76d7d: start LeaderElection
2019-10-17 07:43:48,921 [2a93f7e5-ecb9-41da-9c47-70e13ba76d7d@group-A9EE991D717F-LeaderElection311] INFO  impl.LeaderElection (LeaderElection.java:askForVotes(178)) - 2a93f7e5-ecb9-41da-9c47-70e13ba76d7d@group-A9EE991D717F-LeaderElection311: begin an election at term 334 for 0: [37bd8e8c-ea68-4b1c-8659-8d001c4f3b5c:192.168.34.62:41632, 24020d0b-ce61-4f5a-b0b0-c561541e8cd4:192.168.34.62:42892, 2a93f7e5-ecb9-41da-9c47-70e13ba76d7d:192.168.34.62:35412], old=null
2019-10-17 07:43:48,923 [grpc-default-executor-1] INFO  impl.RaftServerImpl (RaftServerImpl.java:setRole(184)) - 37bd8e8c-ea68-4b1c-8659-8d001c4f3b5c@group-A9EE991D717F: changes role from  FOLLOWER to FOLLOWER at term 334 for recognizeCandidate:2a93f7e5-ecb9-41da-9c47-70e13ba76d7d
2019-10-17 07:43:48,923 [grpc-default-executor-0] INFO  impl.RaftServerImpl (RaftServerImpl.java:setRole(184)) - 24020d0b-ce61-4f5a-b0b0-c561541e8cd4@group-A9EE991D717F: changes role from  FOLLOWER to FOLLOWER at term 334 for recognizeCandidate:2a93f7e5-ecb9-41da-9c47-70e13ba76d7d
2019-10-17 07:43:48,923 [grpc-default-executor-1] INFO  impl.RoleInfo (RoleInfo.java:shutdownFollowerState(121)) - 37bd8e8c-ea68-4b1c-8659-8d001c4f3b5c: shutdown FollowerState
2019-10-17 07:43:48,923 [grpc-default-executor-0] INFO  impl.RoleInfo (RoleInfo.java:shutdownFollowerState(121)) - 24020d0b-ce61-4f5a-b0b0-c561541e8cd4: shutdown FollowerState
2019-10-17 07:43:48,923 [Thread-2473] INFO  impl.FollowerState (FollowerState.java:run(117)) - 37bd8e8c-ea68-4b1c-8659-8d001c4f3b5c@group-A9EE991D717F-FollowerState was interrupted: java.lang.InterruptedException: sleep interrupted
2019-10-17 07:43:48,923 [grpc-default-executor-1] INFO  impl.RoleInfo (RoleInfo.java:updateAndGet(143)) - 37bd8e8c-ea68-4b1c-8659-8d001c4f3b5c: start FollowerState
2019-10-17 07:43:48,924 [Thread-2474] INFO  impl.FollowerState (FollowerState.java:run(117)) - 24020d0b-ce61-4f5a-b0b0-c561541e8cd4@group-A9EE991D717F-FollowerState was interrupted: java.lang.InterruptedException: sleep interrupted
2019-10-17 07:43:48,924 [grpc-default-executor-0] INFO  impl.RoleInfo (RoleInfo.java:updateAndGet(143)) - 24020d0b-ce61-4f5a-b0b0-c561541e8cd4: start FollowerState
2019-10-17 07:43:48,947 [2a93f7e5-ecb9-41da-9c47-70e13ba76d7d@group-A9EE991D717F-LeaderElection311] INFO  impl.LeaderElection (LeaderElection.java:logAndReturn(56)) - 2a93f7e5-ecb9-41da-9c47-70e13ba76d7d@group-A9EE991D717F-LeaderElection311: Election REJECTED; received 2 response(s) [2a93f7e5-ecb9-41da-9c47-70e13ba76d7d<-37bd8e8c-ea68-4b1c-8659-8d001c4f3b5c#0:FAIL-t334, 2a93f7e5-ecb9-41da-9c47-70e13ba76d7d<-24020d0b-ce61-4f5a-b0b0-c561541e8cd4#0:FAIL-t334] and 0 exception(s); 2a93f7e5-ecb9-41da-9c47-70e13ba76d7d@group-A9EE991D717F:t334, leader=null, voted=2a93f7e5-ecb9-41da-9c47-70e13ba76d7d, raftlog=2a93f7e5-ecb9-41da-9c47-70e13ba76d7d@group-A9EE991D717F-SegmentedRaftLog:OPENED:c-1,f0,i0, conf=0: [37bd8e8c-ea68-4b1c-8659-8d001c4f3b5c:192.168.34.62:41632, 24020d0b-ce61-4f5a-b0b0-c561541e8cd4:192.168.34.62:42892, 2a93f7e5-ecb9-41da-9c47-70e13ba76d7d:192.168.34.62:35412], old=null
2019-10-17 07:43:48,947 [2a93f7e5-ecb9-41da-9c47-70e13ba76d7d@group-A9EE991D717F-LeaderElection311] INFO  impl.RaftServerImpl (RaftServerImpl.java:setRole(184)) - 2a93f7e5-ecb9-41da-9c47-70e13ba76d7d@group-A9EE991D717F: changes role from CANDIDATE to FOLLOWER at term 334 for DISCOVERED_A_NEW_TERM
2019-10-17 07:43:48,947 [2a93f7e5-ecb9-41da-9c47-70e13ba76d7d@group-A9EE991D717F-LeaderElection311] INFO  impl.RoleInfo (RoleInfo.java:shutdownLeaderElection(134)) - 2a93f7e5-ecb9-41da-9c47-70e13ba76d7d: shutdown LeaderElection
2019-10-17 07:43:48,948 [2a93f7e5-ecb9-41da-9c47-70e13ba76d7d@group-A9EE991D717F-LeaderElection311] INFO  impl.RoleInfo (RoleInfo.java:updateAndGet(143)) - 2a93f7e5-ecb9-41da-9c47-70e13ba76d7d: start FollowerState
2019-10-17 07:43:49,004 [Thread-2481] INFO  impl.FollowerState (FollowerState.java:run(108)) - 2a93f7e5-ecb9-41da-9c47-70e13ba76d7d@group-A9EE991D717F-FollowerState: change to CANDIDATE, lastRpcTime:56ms, electionTimeout:56ms
2019-10-17 07:43:49,004 [Thread-2481] INFO  impl.RoleInfo (RoleInfo.java:shutdownFollowerState(121)) - 2a93f7e5-ecb9-41da-9c47-70e13ba76d7d: shutdown FollowerState
2019-10-17 07:43:49,004 [Thread-2481] INFO  impl.RaftServerImpl (RaftServerImpl.java:setRole(184)) - 2a93f7e5-ecb9-41da-9c47-70e13ba76d7d@group-A9EE991D717F: changes role from  FOLLOWER to CANDIDATE at term 334 for changeToCandidate
2019-10-17 07:43:49,004 [Thread-2481] INFO  impl.RoleInfo (RoleInfo.java:updateAndGet(143)) - 2a93f7e5-ecb9-41da-9c47-70e13ba76d7d: start LeaderElection
2019-10-17 07:43:49,028 [2a93f7e5-ecb9-41da-9c47-70e13ba76d7d@group-A9EE991D717F-LeaderElection312] INFO  impl.LeaderElection (LeaderElection.java:askForVotes(178)) - 2a93f7e5-ecb9-41da-9c47-70e13ba76d7d@group-A9EE991D717F-LeaderElection312: begin an election at term 335 for 0: [37bd8e8c-ea68-4b1c-8659-8d001c4f3b5c:192.168.34.62:41632, 24020d0b-ce61-4f5a-b0b0-c561541e8cd4:192.168.34.62:42892, 2a93f7e5-ecb9-41da-9c47-70e13ba76d7d:192.168.34.62:35412], old=null
2019-10-17 07:43:49,031 [grpc-default-executor-0] INFO  impl.RaftServerImpl (RaftServerImpl.java:setRole(184)) - 37bd8e8c-ea68-4b1c-8659-8d001c4f3b5c@group-A9EE991D717F: changes role from  FOLLOWER to FOLLOWER at term 335 for recognizeCandidate:2a93f7e5-ecb9-41da-9c47-70e13ba76d7d
2019-10-17 07:43:49,031 [grpc-default-executor-1] INFO  impl.RaftServerImpl (RaftServerImpl.java:setRole(184)) - 24020d0b-ce61-4f5a-b0b0-c561541e8cd4@group-A9EE991D717F: changes role from  FOLLOWER to FOLLOWER at term 335 for recognizeCandidate:2a93f7e5-ecb9-41da-9c47-70e13ba76d7d
2019-10-17 07:43:49,031 [grpc-default-executor-0] INFO  impl.RoleInfo (RoleInfo.java:shutdownFollowerState(121)) - 37bd8e8c-ea68-4b1c-8659-8d001c4f3b5c: shutdown FollowerState
2019-10-17 07:43:49,031 [grpc-default-executor-1] INFO  impl.RoleInfo (RoleInfo.java:shutdownFollowerState(121)) - 24020d0b-ce61-4f5a-b0b0-c561541e8cd4: shutdown FollowerState
2019-10-17 07:43:49,031 [Thread-2479] INFO  impl.FollowerState (FollowerState.java:run(117)) - 37bd8e8c-ea68-4b1c-8659-8d001c4f3b5c@group-A9EE991D717F-FollowerState was interrupted: java.lang.InterruptedException: sleep interrupted
2019-10-17 07:43:49,031 [grpc-default-executor-0] INFO  impl.RoleInfo (RoleInfo.java:updateAndGet(143)) - 37bd8e8c-ea68-4b1c-8659-8d001c4f3b5c: start FollowerState
2019-10-17 07:43:49,031 [Thread-2480] INFO  impl.FollowerState (FollowerState.java:run(117)) - 24020d0b-ce61-4f5a-b0b0-c561541e8cd4@group-A9EE991D717F-FollowerState was interrupted: java.lang.InterruptedException: sleep interrupted
2019-10-17 07:43:49,031 [grpc-default-executor-1] INFO  impl.RoleInfo (RoleInfo.java:updateAndGet(143)) - 24020d0b-ce61-4f5a-b0b0-c561541e8cd4: start FollowerState
2019-10-17 07:43:49,051 [2a93f7e5-ecb9-41da-9c47-70e13ba76d7d@group-A9EE991D717F-LeaderElection312] INFO  impl.LeaderElection (LeaderElection.java:logAndReturn(56)) - 2a93f7e5-ecb9-41da-9c47-70e13ba76d7d@group-A9EE991D717F-LeaderElection312: Election REJECTED; received 2 response(s) [2a93f7e5-ecb9-41da-9c47-70e13ba76d7d<-37bd8e8c-ea68-4b1c-8659-8d001c4f3b5c#0:FAIL-t335, 2a93f7e5-ecb9-41da-9c47-70e13ba76d7d<-24020d0b-ce61-4f5a-b0b0-c561541e8cd4#0:FAIL-t335] and 0 exception(s); 2a93f7e5-ecb9-41da-9c47-70e13ba76d7d@group-A9EE991D717F:t335, leader=null, voted=2a93f7e5-ecb9-41da-9c47-70e13ba76d7d, raftlog=2a93f7e5-ecb9-41da-9c47-70e13ba76d7d@group-A9EE991D717F-SegmentedRaftLog:OPENED:c-1,f0,i0, conf=0: [37bd8e8c-ea68-4b1c-8659-8d001c4f3b5c:192.168.34.62:41632, 24020d0b-ce61-4f5a-b0b0-c561541e8cd4:192.168.34.62:42892, 2a93f7e5-ecb9-41da-9c47-70e13ba76d7d:192.168.34.62:35412], old=null
2019-10-17 07:43:49,051 [2a93f7e5-ecb9-41da-9c47-70e13ba76d7d@group-A9EE991D717F-LeaderElection312] INFO  impl.RaftServerImpl (RaftServerImpl.java:setRole(184)) - 2a93f7e5-ecb9-41da-9c47-70e13ba76d7d@group-A9EE991D717F: changes role from CANDIDATE to FOLLOWER at term 335 for DISCOVERED_A_NEW_TERM
2019-10-17 07:43:49,052 [2a93f7e5-ecb9-41da-9c47-70e13ba76d7d@group-A9EE991D717F-LeaderElection312] INFO  impl.RoleInfo (RoleInfo.java:shutdownLeaderElection(134)) - 2a93f7e5-ecb9-41da-9c47-70e13ba76d7d: shutdown LeaderElection
2019-10-17 07:43:49,052 [2a93f7e5-ecb9-41da-9c47-70e13ba76d7d@group-A9EE991D717F-LeaderElection312] INFO  impl.RoleInfo (RoleInfo.java:updateAndGet(143)) - 2a93f7e5-ecb9-41da-9c47-70e13ba76d7d: start FollowerState
2019-10-17 07:43:49,196 [Thread-2487] INFO  impl.FollowerState (FollowerState.java:run(108)) - 2a93f7e5-ecb9-41da-9c47-70e13ba76d7d@group-A9EE991D717F-FollowerState: change to CANDIDATE, lastRpcTime:144ms, electionTimeout:144ms
2019-10-17 07:43:49,196 [Thread-2487] INFO  impl.RoleInfo (RoleInfo.java:shutdownFollowerState(121)) - 2a93f7e5-ecb9-41da-9c47-70e13ba76d7d: shutdown FollowerState
2019-10-17 07:43:49,196 [Thread-2487] INFO  impl.RaftServerImpl (RaftServerImpl.java:setRole(184)) - 2a93f7e5-ecb9-41da-9c47-70e13ba76d7d@group-A9EE991D717F: changes role from  FOLLOWER to CANDIDATE at term 335 for changeToCandidate
2019-10-17 07:43:49,196 [Thread-2487] INFO  impl.RoleInfo (RoleInfo.java:updateAndGet(143)) - 2a93f7e5-ecb9-41da-9c47-70e13ba76d7d: start LeaderElection
2019-10-17 07:43:49,220 [2a93f7e5-ecb9-41da-9c47-70e13ba76d7d@group-A9EE991D717F-LeaderElection313] INFO  impl.LeaderElection (LeaderElection.java:askForVotes(178)) - 2a93f7e5-ecb9-41da-9c47-70e13ba76d7d@group-A9EE991D717F-LeaderElection313: begin an election at term 336 for 0: [37bd8e8c-ea68-4b1c-8659-8d001c4f3b5c:192.168.34.62:41632, 24020d0b-ce61-4f5a-b0b0-c561541e8cd4:192.168.34.62:42892, 2a93f7e5-ecb9-41da-9c47-70e13ba76d7d:192.168.34.62:35412], old=null
2019-10-17 07:43:49,222 [grpc-default-executor-0] INFO  impl.RaftServerImpl (RaftServerImpl.java:setRole(184)) - 37bd8e8c-ea68-4b1c-8659-8d001c4f3b5c@group-A9EE991D717F: changes role from  FOLLOWER to FOLLOWER at term 336 for recognizeCandidate:2a93f7e5-ecb9-41da-9c47-70e13ba76d7d
2019-10-17 07:43:49,222 [grpc-default-executor-0] INFO  impl.RoleInfo (RoleInfo.java:shutdownFollowerState(121)) - 37bd8e8c-ea68-4b1c-8659-8d001c4f3b5c: shutdown FollowerState
2019-10-17 07:43:49,222 [grpc-default-executor-0] INFO  impl.RoleInfo (RoleInfo.java:updateAndGet(143)) - 37bd8e8c-ea68-4b1c-8659-8d001c4f3b5c: start FollowerState
2019-10-17 07:43:49,222 [Thread-2485] INFO  impl.FollowerState (FollowerState.java:run(117)) - 37bd8e8c-ea68-4b1c-8659-8d001c4f3b5c@group-A9EE991D717F-FollowerState was interrupted: java.lang.InterruptedException: sleep interrupted
2019-10-17 07:43:49,222 [grpc-default-executor-1] INFO  impl.RaftServerImpl (RaftServerImpl.java:setRole(184)) - 24020d0b-ce61-4f5a-b0b0-c561541e8cd4@group-A9EE991D717F: changes role from  FOLLOWER to FOLLOWER at term 336 for recognizeCandidate:2a93f7e5-ecb9-41da-9c47-70e13ba76d7d
2019-10-17 07:43:49,222 [grpc-default-executor-1] INFO  impl.RoleInfo (RoleInfo.java:shutdownFollowerState(121)) - 24020d0b-ce61-4f5a-b0b0-c561541e8cd4: shutdown FollowerState
2019-10-17 07:43:49,223 [grpc-default-executor-1] INFO  impl.RoleInfo (RoleInfo.java:updateAndGet(143)) - 24020d0b-ce61-4f5a-b0b0-c561541e8cd4: start FollowerState
2019-10-17 07:43:49,223 [Thread-2486] INFO  impl.FollowerState (FollowerState.java:run(117)) - 24020d0b-ce61-4f5a-b0b0-c561541e8cd4@group-A9EE991D717F-FollowerState was interrupted: java.lang.InterruptedException: sleep interrupted
2019-10-17 07:43:49,246 [2a93f7e5-ecb9-41da-9c47-70e13ba76d7d@group-A9EE991D717F-LeaderElection313] INFO  impl.LeaderElection (LeaderElection.java:logAndReturn(56)) - 2a93f7e5-ecb9-41da-9c47-70e13ba76d7d@group-A9EE991D717F-LeaderElection313: Election REJECTED; received 2 response(s) [2a93f7e5-ecb9-41da-9c47-70e13ba76d7d<-37bd8e8c-ea68-4b1c-8659-8d001c4f3b5c#0:FAIL-t336, 2a93f7e5-ecb9-41da-9c47-70e13ba76d7d<-24020d0b-ce61-4f5a-b0b0-c561541e8cd4#0:FAIL-t336] and 0 exception(s); 2a93f7e5-ecb9-41da-9c47-70e13ba76d7d@group-A9EE991D717F:t336, leader=null, voted=2a93f7e5-ecb9-41da-9c47-70e13ba76d7d, raftlog=2a93f7e5-ecb9-41da-9c47-70e13ba76d7d@group-A9EE991D717F-SegmentedRaftLog:OPENED:c-1,f0,i0, conf=0: [37bd8e8c-ea68-4b1c-8659-8d001c4f3b5c:192.168.34.62:41632, 24020d0b-ce61-4f5a-b0b0-c561541e8cd4:192.168.34.62:42892, 2a93f7e5-ecb9-41da-9c47-70e13ba76d7d:192.168.34.62:35412], old=null
2019-10-17 07:43:49,246 [2a93f7e5-ecb9-41da-9c47-70e13ba76d7d@group-A9EE991D717F-LeaderElection313] INFO  impl.RaftServerImpl (RaftServerImpl.java:setRole(184)) - 2a93f7e5-ecb9-41da-9c47-70e13ba76d7d@group-A9EE991D717F: changes role from CANDIDATE to FOLLOWER at term 336 for DISCOVERED_A_NEW_TERM
2019-10-17 07:43:49,246 [2a93f7e5-ecb9-41da-9c47-70e13ba76d7d@group-A9EE991D717F-LeaderElection313] INFO  impl.RoleInfo (RoleInfo.java:shutdownLeaderElection(134)) - 2a93f7e5-ecb9-41da-9c47-70e13ba76d7d: shutdown LeaderElection
2019-10-17 07:43:49,246 [2a93f7e5-ecb9-41da-9c47-70e13ba76d7d@group-A9EE991D717F-LeaderElection313] INFO  impl.RoleInfo (RoleInfo.java:updateAndGet(143)) - 2a93f7e5-ecb9-41da-9c47-70e13ba76d7d: start FollowerState
2019-10-17 07:43:49,310 [Thread-2493] INFO  impl.FollowerState (FollowerState.java:run(108)) - 2a93f7e5-ecb9-41da-9c47-70e13ba76d7d@group-A9EE991D717F-FollowerState: change to CANDIDATE, lastRpcTime:63ms, electionTimeout:63ms
2019-10-17 07:43:49,310 [Thread-2493] INFO  impl.RoleInfo (RoleInfo.java:shutdownFollowerState(121)) - 2a93f7e5-ecb9-41da-9c47-70e13ba76d7d: shutdown FollowerState
2019-10-17 07:43:49,310 [Thread-2493] INFO  impl.RaftServerImpl (RaftServerImpl.java:setRole(184)) - 2a93f7e5-ecb9-41da-9c47-70e13ba76d7d@group-A9EE991D717F: changes role from  FOLLOWER to CANDIDATE at term 336 for changeToCandidate
2019-10-17 07:43:49,311 [Thread-2493] INFO  impl.RoleInfo (RoleInfo.java:updateAndGet(143)) - 2a93f7e5-ecb9-41da-9c47-70e13ba76d7d: start LeaderElection
2019-10-17 07:43:49,335 [2a93f7e5-ecb9-41da-9c47-70e13ba76d7d@group-A9EE991D717F-LeaderElection314] INFO  impl.LeaderElection (LeaderElection.java:askForVotes(178)) - 2a93f7e5-ecb9-41da-9c47-70e13ba76d7d@group-A9EE991D717F-LeaderElection314: begin an election at term 337 for 0: [37bd8e8c-ea68-4b1c-8659-8d001c4f3b5c:192.168.34.62:41632, 24020d0b-ce61-4f5a-b0b0-c561541e8cd4:192.168.34.62:42892, 2a93f7e5-ecb9-41da-9c47-70e13ba76d7d:192.168.34.62:35412], old=null
2019-10-17 07:43:49,337 [grpc-default-executor-0] INFO  impl.RaftServerImpl (RaftServerImpl.java:setRole(184)) - 24020d0b-ce61-4f5a-b0b0-c561541e8cd4@group-A9EE991D717F: changes role from  FOLLOWER to FOLLOWER at term 337 for recognizeCandidate:2a93f7e5-ecb9-41da-9c47-70e13ba76d7d
2019-10-17 07:43:49,337 [grpc-default-executor-1] INFO  impl.RaftServerImpl (RaftServerImpl.java:setRole(184)) - 37bd8e8c-ea68-4b1c-8659-8d001c4f3b5c@group-A9EE991D717F: changes role from  FOLLOWER to FOLLOWER at term 337 for recognizeCandidate:2a93f7e5-ecb9-41da-9c47-70e13ba76d7d
2019-10-17 07:43:49,337 [grpc-default-executor-0] INFO  impl.RoleInfo (RoleInfo.java:shutdownFollowerState(121)) - 24020d0b-ce61-4f5a-b0b0-c561541e8cd4: shutdown FollowerState
2019-10-17 07:43:49,338 [grpc-default-executor-1] INFO  impl.RoleInfo (RoleInfo.java:shutdownFollowerState(121)) - 37bd8e8c-ea68-4b1c-8659-8d001c4f3b5c: shutdown FollowerState
2019-10-17 07:43:49,338 [Thread-2492] INFO  impl.FollowerState (FollowerState.java:run(117)) - 24020d0b-ce61-4f5a-b0b0-c561541e8cd4@group-A9EE991D717F-FollowerState was interrupted: java.lang.InterruptedException: sleep interrupted
2019-10-17 07:43:49,338 [grpc-default-executor-0] INFO  impl.RoleInfo (RoleInfo.java:updateAndGet(143)) - 24020d0b-ce61-4f5a-b0b0-c561541e8cd4: start FollowerState
2019-10-17 07:43:49,338 [Thread-2491] INFO  impl.FollowerState (FollowerState.java:run(117)) - 37bd8e8c-ea68-4b1c-8659-8d001c4f3b5c@group-A9EE991D717F-FollowerState was interrupted: java.lang.InterruptedException: sleep interrupted
2019-10-17 07:43:49,338 [grpc-default-executor-1] INFO  impl.RoleInfo (RoleInfo.java:updateAndGet(143)) - 37bd8e8c-ea68-4b1c-8659-8d001c4f3b5c: start FollowerState
2019-10-17 07:43:49,376 [2a93f7e5-ecb9-41da-9c47-70e13ba76d7d@group-A9EE991D717F-LeaderElection314] INFO  impl.LeaderElection (LeaderElection.java:logAndReturn(56)) - 2a93f7e5-ecb9-41da-9c47-70e13ba76d7d@group-A9EE991D717F-LeaderElection314: Election REJECTED; received 2 response(s) [2a93f7e5-ecb9-41da-9c47-70e13ba76d7d<-37bd8e8c-ea68-4b1c-8659-8d001c4f3b5c#0:FAIL-t337, 2a93f7e5-ecb9-41da-9c47-70e13ba76d7d<-24020d0b-ce61-4f5a-b0b0-c561541e8cd4#0:FAIL-t337] and 0 exception(s); 2a93f7e5-ecb9-41da-9c47-70e13ba76d7d@group-A9EE991D717F:t337, leader=null, voted=2a93f7e5-ecb9-41da-9c47-70e13ba76d7d, raftlog=2a93f7e5-ecb9-41da-9c47-70e13ba76d7d@group-A9EE991D717F-SegmentedRaftLog:OPENED:c-1,f0,i0, conf=0: [37bd8e8c-ea68-4b1c-8659-8d001c4f3b5c:192.168.34.62:41632, 24020d0b-ce61-4f5a-b0b0-c561541e8cd4:192.168.34.62:42892, 2a93f7e5-ecb9-41da-9c47-70e13ba76d7d:192.168.34.62:35412], old=null
2019-10-17 07:43:49,377 [2a93f7e5-ecb9-41da-9c47-70e13ba76d7d@group-A9EE991D717F-LeaderElection314] INFO  impl.RaftServerImpl (RaftServerImpl.java:setRole(184)) - 2a93f7e5-ecb9-41da-9c47-70e13ba76d7d@group-A9EE991D717F: changes role from CANDIDATE to FOLLOWER at term 337 for DISCOVERED_A_NEW_TERM
2019-10-17 07:43:49,377 [2a93f7e5-ecb9-41da-9c47-70e13ba76d7d@group-A9EE991D717F-LeaderElection314] INFO  impl.RoleInfo (RoleInfo.java:shutdownLeaderElection(134)) - 2a93f7e5-ecb9-41da-9c47-70e13ba76d7d: shutdown LeaderElection
2019-10-17 07:43:49,377 [2a93f7e5-ecb9-41da-9c47-70e13ba76d7d@group-A9EE991D717F-LeaderElection314] INFO  impl.RoleInfo (RoleInfo.java:updateAndGet(143)) - 2a93f7e5-ecb9-41da-9c47-70e13ba76d7d: start FollowerState
2019-10-17 07:43:49,420 [Thread-2499] INFO  impl.FollowerState (FollowerState.java:run(108)) - 2a93f7e5-ecb9-41da-9c47-70e13ba76d7d@group-A9EE991D717F-FollowerState: change to CANDIDATE, lastRpcTime:43ms, electionTimeout:43ms
2019-10-17 07:43:49,420 [Thread-2499] INFO  impl.RoleInfo (RoleInfo.java:shutdownFollowerState(121)) - 2a93f7e5-ecb9-41da-9c47-70e13ba76d7d: shutdown FollowerState
2019-10-17 07:43:49,421 [Thread-2499] INFO  impl.RaftServerImpl (RaftServerImpl.java:setRole(184)) - 2a93f7e5-ecb9-41da-9c47-70e13ba76d7d@group-A9EE991D717F: changes role from  FOLLOWER to CANDIDATE at term 337 for changeToCandidate
2019-10-17 07:43:49,421 [Thread-2499] INFO  impl.RoleInfo (RoleInfo.java:updateAndGet(143)) - 2a93f7e5-ecb9-41da-9c47-70e13ba76d7d: start LeaderElection
2019-10-17 07:43:49,445 [2a93f7e5-ecb9-41da-9c47-70e13ba76d7d@group-A9EE991D717F-LeaderElection315] INFO  impl.LeaderElection (LeaderElection.java:askForVotes(178)) - 2a93f7e5-ecb9-41da-9c47-70e13ba76d7d@group-A9EE991D717F-LeaderElection315: begin an election at term 338 for 0: [37bd8e8c-ea68-4b1c-8659-8d001c4f3b5c:192.168.34.62:41632, 24020d0b-ce61-4f5a-b0b0-c561541e8cd4:192.168.34.62:42892, 2a93f7e5-ecb9-41da-9c47-70e13ba76d7d:192.168.34.62:35412], old=null
2019-10-17 07:43:49,448 [grpc-default-executor-1] INFO  impl.RaftServerImpl (RaftServerImpl.java:setRole(184)) - 37bd8e8c-ea68-4b1c-8659-8d001c4f3b5c@group-A9EE991D717F: changes role from  FOLLOWER to FOLLOWER at term 338 for recognizeCandidate:2a93f7e5-ecb9-41da-9c47-70e13ba76d7d
2019-10-17 07:43:49,448 [grpc-default-executor-1] INFO  impl.RoleInfo (RoleInfo.java:shutdownFollowerState(121)) - 37bd8e8c-ea68-4b1c-8659-8d001c4f3b5c: shutdown FollowerState
2019-10-17 07:43:49,448 [grpc-default-executor-0] INFO  impl.RaftServerImpl (RaftServerImpl.java:setRole(184)) - 24020d0b-ce61-4f5a-b0b0-c561541e8cd4@group-A9EE991D717F: changes role from  FOLLOWER to FOLLOWER at term 338 for recognizeCandidate:2a93f7e5-ecb9-41da-9c47-70e13ba76d7d
2019-10-17 07:43:49,448 [grpc-default-executor-0] INFO  impl.RoleInfo (RoleInfo.java:shutdownFollowerState(121)) - 24020d0b-ce61-4f5a-b0b0-c561541e8cd4: shutdown FollowerState
2019-10-17 07:43:49,448 [Thread-2498] INFO  impl.FollowerState (FollowerState.java:run(117)) - 37bd8e8c-ea68-4b1c-8659-8d001c4f3b5c@group-A9EE991D717F-FollowerState was interrupted: java.lang.InterruptedException: sleep interrupted
2019-10-17 07:43:49,449 [Thread-2497] INFO  impl.FollowerState (FollowerState.java:run(117)) - 24020d0b-ce61-4f5a-b0b0-c561541e8cd4@group-A9EE991D717F-FollowerState was interrupted: java.lang.InterruptedException: sleep interrupted
2019-10-17 07:43:49,448 [grpc-default-executor-1] INFO  impl.RoleInfo (RoleInfo.java:updateAndGet(143)) - 37bd8e8c-ea68-4b1c-8659-8d001c4f3b5c: start FollowerState
2019-10-17 07:43:49,449 [grpc-default-executor-0] INFO  impl.RoleInfo (RoleInfo.java:updateAndGet(143)) - 24020d0b-ce61-4f5a-b0b0-c561541e8cd4: start FollowerState
2019-10-17 07:43:49,476 [2a93f7e5-ecb9-41da-9c47-70e13ba76d7d@group-A9EE991D717F-LeaderElection315] INFO  impl.LeaderElection (LeaderElection.java:logAndReturn(56)) - 2a93f7e5-ecb9-41da-9c47-70e13ba76d7d@group-A9EE991D717F-LeaderElection315: Election REJECTED; received 2 response(s) [2a93f7e5-ecb9-41da-9c47-70e13ba76d7d<-37bd8e8c-ea68-4b1c-8659-8d001c4f3b5c#0:FAIL-t338, 2a93f7e5-ecb9-41da-9c47-70e13ba76d7d<-24020d0b-ce61-4f5a-b0b0-c561541e8cd4#0:FAIL-t338] and 0 exception(s); 2a93f7e5-ecb9-41da-9c47-70e13ba76d7d@group-A9EE991D717F:t338, leader=null, voted=2a93f7e5-ecb9-41da-9c47-70e13ba76d7d, raftlog=2a93f7e5-ecb9-41da-9c47-70e13ba76d7d@group-A9EE991D717F-SegmentedRaftLog:OPENED:c-1,f0,i0, conf=0: [37bd8e8c-ea68-4b1c-8659-8d001c4f3b5c:192.168.34.62:41632, 24020d0b-ce61-4f5a-b0b0-c561541e8cd4:192.168.34.62:42892, 2a93f7e5-ecb9-41da-9c47-70e13ba76d7d:192.168.34.62:35412], old=null
2019-10-17 07:43:49,476 [2a93f7e5-ecb9-41da-9c47-70e13ba76d7d@group-A9EE991D717F-LeaderElection315] INFO  impl.RaftServerImpl (RaftServerImpl.java:setRole(184)) - 2a93f7e5-ecb9-41da-9c47-70e13ba76d7d@group-A9EE991D717F: changes role from CANDIDATE to FOLLOWER at term 338 for DISCOVERED_A_NEW_TERM
2019-10-17 07:43:49,476 [2a93f7e5-ecb9-41da-9c47-70e13ba76d7d@group-A9EE991D717F-LeaderElection315] INFO  impl.RoleInfo (RoleInfo.java:shutdownLeaderElection(134)) - 2a93f7e5-ecb9-41da-9c47-70e13ba76d7d: shutdown LeaderElection
2019-10-17 07:43:49,476 [2a93f7e5-ecb9-41da-9c47-70e13ba76d7d@group-A9EE991D717F-LeaderElection315] INFO  impl.RoleInfo (RoleInfo.java:updateAndGet(143)) - 2a93f7e5-ecb9-41da-9c47-70e13ba76d7d: start FollowerState
2019-10-17 07:43:49,622 [Thread-2505] INFO  impl.FollowerState (FollowerState.java:run(108)) - 2a93f7e5-ecb9-41da-9c47-70e13ba76d7d@group-A9EE991D717F-FollowerState: change to CANDIDATE, lastRpcTime:145ms, electionTimeout:145ms
2019-10-17 07:43:49,622 [Thread-2505] INFO  impl.RoleInfo (RoleInfo.java:shutdownFollowerState(121)) - 2a93f7e5-ecb9-41da-9c47-70e13ba76d7d: shutdown FollowerState
2019-10-17 07:43:49,622 [Thread-2505] INFO  impl.RaftServerImpl (RaftServerImpl.java:setRole(184)) - 2a93f7e5-ecb9-41da-9c47-70e13ba76d7d@group-A9EE991D717F: changes role from  FOLLOWER to CANDIDATE at term 338 for changeToCandidate
2019-10-17 07:43:49,623 [Thread-2505] INFO  impl.RoleInfo (RoleInfo.java:updateAndGet(143)) - 2a93f7e5-ecb9-41da-9c47-70e13ba76d7d: start LeaderElection
2019-10-17 07:43:49,658 [2a93f7e5-ecb9-41da-9c47-70e13ba76d7d@group-A9EE991D717F-LeaderElection316] INFO  impl.LeaderElection (LeaderElection.java:askForVotes(178)) - 2a93f7e5-ecb9-41da-9c47-70e13ba76d7d@group-A9EE991D717F-LeaderElection316: begin an election at term 339 for 0: [37bd8e8c-ea68-4b1c-8659-8d001c4f3b5c:192.168.34.62:41632, 24020d0b-ce61-4f5a-b0b0-c561541e8cd4:192.168.34.62:42892, 2a93f7e5-ecb9-41da-9c47-70e13ba76d7d:192.168.34.62:35412], old=null
2019-10-17 07:43:49,661 [grpc-default-executor-1] INFO  impl.RaftServerImpl (RaftServerImpl.java:setRole(184)) - 37bd8e8c-ea68-4b1c-8659-8d001c4f3b5c@group-A9EE991D717F: changes role from  FOLLOWER to FOLLOWER at term 339 for recognizeCandidate:2a93f7e5-ecb9-41da-9c47-70e13ba76d7d
2019-10-17 07:43:49,661 [grpc-default-executor-0] INFO  impl.RaftServerImpl (RaftServerImpl.java:setRole(184)) - 24020d0b-ce61-4f5a-b0b0-c561541e8cd4@group-A9EE991D717F: changes role from  FOLLOWER to FOLLOWER at term 339 for recognizeCandidate:2a93f7e5-ecb9-41da-9c47-70e13ba76d7d
2019-10-17 07:43:49,661 [grpc-default-executor-1] INFO  impl.RoleInfo (RoleInfo.java:shutdownFollowerState(121)) - 37bd8e8c-ea68-4b1c-8659-8d001c4f3b5c: shutdown FollowerState
2019-10-17 07:43:49,661 [grpc-default-executor-0] INFO  impl.RoleInfo (RoleInfo.java:shutdownFollowerState(121)) - 24020d0b-ce61-4f5a-b0b0-c561541e8cd4: shutdown FollowerState
2019-10-17 07:43:49,661 [Thread-2503] INFO  impl.FollowerState (FollowerState.java:run(117)) - 37bd8e8c-ea68-4b1c-8659-8d001c4f3b5c@group-A9EE991D717F-FollowerState was interrupted: java.lang.InterruptedException: sleep interrupted
2019-10-17 07:43:49,661 [Thread-2504] INFO  impl.FollowerState (FollowerState.java:run(117)) - 24020d0b-ce61-4f5a-b0b0-c561541e8cd4@group-A9EE991D717F-FollowerState was interrupted: java.lang.InterruptedException: sleep interrupted
2019-10-17 07:43:49,661 [grpc-default-executor-1] INFO  impl.RoleInfo (RoleInfo.java:updateAndGet(143)) - 37bd8e8c-ea68-4b1c-8659-8d001c4f3b5c: start FollowerState
2019-10-17 07:43:49,661 [grpc-default-executor-0] INFO  impl.RoleInfo (RoleInfo.java:updateAndGet(143)) - 24020d0b-ce61-4f5a-b0b0-c561541e8cd4: start FollowerState
2019-10-17 07:43:49,694 [2a93f7e5-ecb9-41da-9c47-70e13ba76d7d@group-A9EE991D717F-LeaderElection316] INFO  impl.LeaderElection (LeaderElection.java:logAndReturn(56)) - 2a93f7e5-ecb9-41da-9c47-70e13ba76d7d@group-A9EE991D717F-LeaderElection316: Election REJECTED; received 2 response(s) [2a93f7e5-ecb9-41da-9c47-70e13ba76d7d<-37bd8e8c-ea68-4b1c-8659-8d001c4f3b5c#0:FAIL-t339, 2a93f7e5-ecb9-41da-9c47-70e13ba76d7d<-24020d0b-ce61-4f5a-b0b0-c561541e8cd4#0:FAIL-t339] and 0 exception(s); 2a93f7e5-ecb9-41da-9c47-70e13ba76d7d@group-A9EE991D717F:t339, leader=null, voted=2a93f7e5-ecb9-41da-9c47-70e13ba76d7d, raftlog=2a93f7e5-ecb9-41da-9c47-70e13ba76d7d@group-A9EE991D717F-SegmentedRaftLog:OPENED:c-1,f0,i0, conf=0: [37bd8e8c-ea68-4b1c-8659-8d001c4f3b5c:192.168.34.62:41632, 24020d0b-ce61-4f5a-b0b0-c561541e8cd4:192.168.34.62:42892, 2a93f7e5-ecb9-41da-9c47-70e13ba76d7d:192.168.34.62:35412], old=null
2019-10-17 07:43:49,694 [2a93f7e5-ecb9-41da-9c47-70e13ba76d7d@group-A9EE991D717F-LeaderElection316] INFO  impl.RaftServerImpl (RaftServerImpl.java:setRole(184)) - 2a93f7e5-ecb9-41da-9c47-70e13ba76d7d@group-A9EE991D717F: changes role from CANDIDATE to FOLLOWER at term 339 for DISCOVERED_A_NEW_TERM
2019-10-17 07:43:49,694 [2a93f7e5-ecb9-41da-9c47-70e13ba76d7d@group-A9EE991D717F-LeaderElection316] INFO  impl.RoleInfo (RoleInfo.java:shutdownLeaderElection(134)) - 2a93f7e5-ecb9-41da-9c47-70e13ba76d7d: shutdown LeaderElection
2019-10-17 07:43:49,694 [2a93f7e5-ecb9-41da-9c47-70e13ba76d7d@group-A9EE991D717F-LeaderElection316] INFO  impl.RoleInfo (RoleInfo.java:updateAndGet(143)) - 2a93f7e5-ecb9-41da-9c47-70e13ba76d7d: start FollowerState
2019-10-17 07:43:49,891 [Thread-2511] INFO  impl.FollowerState (FollowerState.java:run(108)) - 2a93f7e5-ecb9-41da-9c47-70e13ba76d7d@group-A9EE991D717F-FollowerState: change to CANDIDATE, lastRpcTime:196ms, electionTimeout:196ms
2019-10-17 07:43:49,891 [Thread-2511] INFO  impl.RoleInfo (RoleInfo.java:shutdownFollowerState(121)) - 2a93f7e5-ecb9-41da-9c47-70e13ba76d7d: shutdown FollowerState
2019-10-17 07:43:49,891 [Thread-2511] INFO  impl.RaftServerImpl (RaftServerImpl.java:setRole(184)) - 2a93f7e5-ecb9-41da-9c47-70e13ba76d7d@group-A9EE991D717F: changes role from  FOLLOWER to CANDIDATE at term 339 for changeToCandidate
2019-10-17 07:43:49,891 [Thread-2511] INFO  impl.RoleInfo (RoleInfo.java:updateAndGet(143)) - 2a93f7e5-ecb9-41da-9c47-70e13ba76d7d: start LeaderElection
2019-10-17 07:43:49,919 [2a93f7e5-ecb9-41da-9c47-70e13ba76d7d@group-A9EE991D717F-LeaderElection317] INFO  impl.LeaderElection (LeaderElection.java:askForVotes(178)) - 2a93f7e5-ecb9-41da-9c47-70e13ba76d7d@group-A9EE991D717F-LeaderElection317: begin an election at term 340 for 0: [37bd8e8c-ea68-4b1c-8659-8d001c4f3b5c:192.168.34.62:41632, 24020d0b-ce61-4f5a-b0b0-c561541e8cd4:192.168.34.62:42892, 2a93f7e5-ecb9-41da-9c47-70e13ba76d7d:192.168.34.62:35412], old=null
2019-10-17 07:43:49,921 [grpc-default-executor-1] INFO  impl.RaftServerImpl (RaftServerImpl.java:setRole(184)) - 24020d0b-ce61-4f5a-b0b0-c561541e8cd4@group-A9EE991D717F: changes role from  FOLLOWER to FOLLOWER at term 340 for recognizeCandidate:2a93f7e5-ecb9-41da-9c47-70e13ba76d7d
2019-10-17 07:43:49,921 [grpc-default-executor-0] INFO  impl.RaftServerImpl (RaftServerImpl.java:setRole(184)) - 37bd8e8c-ea68-4b1c-8659-8d001c4f3b5c@group-A9EE991D717F: changes role from  FOLLOWER to FOLLOWER at term 340 for recognizeCandidate:2a93f7e5-ecb9-41da-9c47-70e13ba76d7d
2019-10-17 07:43:49,922 [grpc-default-executor-1] INFO  impl.RoleInfo (RoleInfo.java:shutdownFollowerState(121)) - 24020d0b-ce61-4f5a-b0b0-c561541e8cd4: shutdown FollowerState
2019-10-17 07:43:49,922 [grpc-default-executor-0] INFO  impl.RoleInfo (RoleInfo.java:shutdownFollowerState(121)) - 37bd8e8c-ea68-4b1c-8659-8d001c4f3b5c: shutdown FollowerState
2019-10-17 07:43:49,922 [Thread-2510] INFO  impl.FollowerState (FollowerState.java:run(117)) - 24020d0b-ce61-4f5a-b0b0-c561541e8cd4@group-A9EE991D717F-FollowerState was interrupted: java.lang.InterruptedException: sleep interrupted
2019-10-17 07:43:49,922 [grpc-default-executor-1] INFO  impl.RoleInfo (RoleInfo.java:updateAndGet(143)) - 24020d0b-ce61-4f5a-b0b0-c561541e8cd4: start FollowerState
2019-10-17 07:43:49,922 [Thread-2509] INFO  impl.FollowerState (FollowerState.java:run(117)) - 37bd8e8c-ea68-4b1c-8659-8d001c4f3b5c@group-A9EE991D717F-FollowerState was interrupted: java.lang.InterruptedException: sleep interrupted
2019-10-17 07:43:49,922 [grpc-default-executor-0] INFO  impl.RoleInfo (RoleInfo.java:updateAndGet(143)) - 37bd8e8c-ea68-4b1c-8659-8d001c4f3b5c: start FollowerState
2019-10-17 07:43:49,936 [2a93f7e5-ecb9-41da-9c47-70e13ba76d7d@group-A9EE991D717F-LeaderElection317] INFO  impl.LeaderElection (LeaderElection.java:logAndReturn(56)) - 2a93f7e5-ecb9-41da-9c47-70e13ba76d7d@group-A9EE991D717F-LeaderElection317: Election REJECTED; received 2 response(s) [2a93f7e5-ecb9-41da-9c47-70e13ba76d7d<-37bd8e8c-ea68-4b1c-8659-8d001c4f3b5c#0:FAIL-t340, 2a93f7e5-ecb9-41da-9c47-70e13ba76d7d<-24020d0b-ce61-4f5a-b0b0-c561541e8cd4#0:FAIL-t340] and 0 exception(s); 2a93f7e5-ecb9-41da-9c47-70e13ba76d7d@group-A9EE991D717F:t340, leader=null, voted=2a93f7e5-ecb9-41da-9c47-70e13ba76d7d, raftlog=2a93f7e5-ecb9-41da-9c47-70e13ba76d7d@group-A9EE991D717F-SegmentedRaftLog:OPENED:c-1,f0,i0, conf=0: [37bd8e8c-ea68-4b1c-8659-8d001c4f3b5c:192.168.34.62:41632, 24020d0b-ce61-4f5a-b0b0-c561541e8cd4:192.168.34.62:42892, 2a93f7e5-ecb9-41da-9c47-70e13ba76d7d:192.168.34.62:35412], old=null
2019-10-17 07:43:49,936 [2a93f7e5-ecb9-41da-9c47-70e13ba76d7d@group-A9EE991D717F-LeaderElection317] INFO  impl.RaftServerImpl (RaftServerImpl.java:setRole(184)) - 2a93f7e5-ecb9-41da-9c47-70e13ba76d7d@group-A9EE991D717F: changes role from CANDIDATE to FOLLOWER at term 340 for DISCOVERED_A_NEW_TERM
2019-10-17 07:43:49,936 [2a93f7e5-ecb9-41da-9c47-70e13ba76d7d@group-A9EE991D717F-LeaderElection317] INFO  impl.RoleInfo (RoleInfo.java:shutdownLeaderElection(134)) - 2a93f7e5-ecb9-41da-9c47-70e13ba76d7d: shutdown LeaderElection
2019-10-17 07:43:49,937 [2a93f7e5-ecb9-41da-9c47-70e13ba76d7d@group-A9EE991D717F-LeaderElection317] INFO  impl.RoleInfo (RoleInfo.java:updateAndGet(143)) - 2a93f7e5-ecb9-41da-9c47-70e13ba76d7d: start FollowerState
2019-10-17 07:43:50,124 [Thread-2517] INFO  impl.FollowerState (FollowerState.java:run(108)) - 2a93f7e5-ecb9-41da-9c47-70e13ba76d7d@group-A9EE991D717F-FollowerState: change to CANDIDATE, lastRpcTime:187ms, electionTimeout:187ms
2019-10-17 07:43:50,124 [Thread-2517] INFO  impl.RoleInfo (RoleInfo.java:shutdownFollowerState(121)) - 2a93f7e5-ecb9-41da-9c47-70e13ba76d7d: shutdown FollowerState
2019-10-17 07:43:50,124 [Thread-2517] INFO  impl.RaftServerImpl (RaftServerImpl.java:setRole(184)) - 2a93f7e5-ecb9-41da-9c47-70e13ba76d7d@group-A9EE991D717F: changes role from  FOLLOWER to CANDIDATE at term 340 for changeToCandidate
2019-10-17 07:43:50,124 [Thread-2517] INFO  impl.RoleInfo (RoleInfo.java:updateAndGet(143)) - 2a93f7e5-ecb9-41da-9c47-70e13ba76d7d: start LeaderElection
2019-10-17 07:43:50,148 [2a93f7e5-ecb9-41da-9c47-70e13ba76d7d@group-A9EE991D717F-LeaderElection318] INFO  impl.LeaderElection (LeaderElection.java:askForVotes(178)) - 2a93f7e5-ecb9-41da-9c47-70e13ba76d7d@group-A9EE991D717F-LeaderElection318: begin an election at term 341 for 0: [37bd8e8c-ea68-4b1c-8659-8d001c4f3b5c:192.168.34.62:41632, 24020d0b-ce61-4f5a-b0b0-c561541e8cd4:192.168.34.62:42892, 2a93f7e5-ecb9-41da-9c47-70e13ba76d7d:192.168.34.62:35412], old=null
2019-10-17 07:43:50,150 [grpc-default-executor-0] INFO  impl.RaftServerImpl (RaftServerImpl.java:setRole(184)) - 37bd8e8c-ea68-4b1c-8659-8d001c4f3b5c@group-A9EE991D717F: changes role from  FOLLOWER to FOLLOWER at term 341 for recognizeCandidate:2a93f7e5-ecb9-41da-9c47-70e13ba76d7d
2019-10-17 07:43:50,150 [grpc-default-executor-1] INFO  impl.RaftServerImpl (RaftServerImpl.java:setRole(184)) - 24020d0b-ce61-4f5a-b0b0-c561541e8cd4@group-A9EE991D717F: changes role from  FOLLOWER to FOLLOWER at term 341 for recognizeCandidate:2a93f7e5-ecb9-41da-9c47-70e13ba76d7d
2019-10-17 07:43:50,151 [grpc-default-executor-0] INFO  impl.RoleInfo (RoleInfo.java:shutdownFollowerState(121)) - 37bd8e8c-ea68-4b1c-8659-8d001c4f3b5c: shutdown FollowerState
2019-10-17 07:43:50,151 [grpc-default-executor-1] INFO  impl.RoleInfo (RoleInfo.java:shutdownFollowerState(121)) - 24020d0b-ce61-4f5a-b0b0-c561541e8cd4: shutdown FollowerState
2019-10-17 07:43:50,151 [Thread-2516] INFO  impl.FollowerState (FollowerState.java:run(117)) - 37bd8e8c-ea68-4b1c-8659-8d001c4f3b5c@group-A9EE991D717F-FollowerState was interrupted: java.lang.InterruptedException: sleep interrupted
2019-10-17 07:43:50,151 [Thread-2515] INFO  impl.FollowerState (FollowerState.java:run(117)) - 24020d0b-ce61-4f5a-b0b0-c561541e8cd4@group-A9EE991D717F-FollowerState was interrupted: java.lang.InterruptedException: sleep interrupted
2019-10-17 07:43:50,151 [grpc-default-executor-0] INFO  impl.RoleInfo (RoleInfo.java:updateAndGet(143)) - 37bd8e8c-ea68-4b1c-8659-8d001c4f3b5c: start FollowerState
2019-10-17 07:43:50,151 [grpc-default-executor-1] INFO  impl.RoleInfo (RoleInfo.java:updateAndGet(143)) - 24020d0b-ce61-4f5a-b0b0-c561541e8cd4: start FollowerState
2019-10-17 07:43:50,170 [2a93f7e5-ecb9-41da-9c47-70e13ba76d7d@group-A9EE991D717F-LeaderElection318] INFO  impl.LeaderElection (LeaderElection.java:logAndReturn(56)) - 2a93f7e5-ecb9-41da-9c47-70e13ba76d7d@group-A9EE991D717F-LeaderElection318: Election REJECTED; received 2 response(s) [2a93f7e5-ecb9-41da-9c47-70e13ba76d7d<-37bd8e8c-ea68-4b1c-8659-8d001c4f3b5c#0:FAIL-t341, 2a93f7e5-ecb9-41da-9c47-70e13ba76d7d<-24020d0b-ce61-4f5a-b0b0-c561541e8cd4#0:FAIL-t341] and 0 exception(s); 2a93f7e5-ecb9-41da-9c47-70e13ba76d7d@group-A9EE991D717F:t341, leader=null, voted=2a93f7e5-ecb9-41da-9c47-70e13ba76d7d, raftlog=2a93f7e5-ecb9-41da-9c47-70e13ba76d7d@group-A9EE991D717F-SegmentedRaftLog:OPENED:c-1,f0,i0, conf=0: [37bd8e8c-ea68-4b1c-8659-8d001c4f3b5c:192.168.34.62:41632, 24020d0b-ce61-4f5a-b0b0-c561541e8cd4:192.168.34.62:42892, 2a93f7e5-ecb9-41da-9c47-70e13ba76d7d:192.168.34.62:35412], old=null
2019-10-17 07:43:50,171 [2a93f7e5-ecb9-41da-9c47-70e13ba76d7d@group-A9EE991D717F-LeaderElection318] INFO  impl.RaftServerImpl (RaftServerImpl.java:setRole(184)) - 2a93f7e5-ecb9-41da-9c47-70e13ba76d7d@group-A9EE991D717F: changes role from CANDIDATE to FOLLOWER at term 341 for DISCOVERED_A_NEW_TERM
2019-10-17 07:43:50,171 [2a93f7e5-ecb9-41da-9c47-70e13ba76d7d@group-A9EE991D717F-LeaderElection318] INFO  impl.RoleInfo (RoleInfo.java:shutdownLeaderElection(134)) - 2a93f7e5-ecb9-41da-9c47-70e13ba76d7d: shutdown LeaderElection
2019-10-17 07:43:50,171 [2a93f7e5-ecb9-41da-9c47-70e13ba76d7d@group-A9EE991D717F-LeaderElection318] INFO  impl.RoleInfo (RoleInfo.java:updateAndGet(143)) - 2a93f7e5-ecb9-41da-9c47-70e13ba76d7d: start FollowerState
2019-10-17 07:43:50,370 [Thread-2523] INFO  impl.FollowerState (FollowerState.java:run(108)) - 2a93f7e5-ecb9-41da-9c47-70e13ba76d7d@group-A9EE991D717F-FollowerState: change to CANDIDATE, lastRpcTime:199ms, electionTimeout:199ms
2019-10-17 07:43:50,370 [Thread-2523] INFO  impl.RoleInfo (RoleInfo.java:shutdownFollowerState(121)) - 2a93f7e5-ecb9-41da-9c47-70e13ba76d7d: shutdown FollowerState
2019-10-17 07:43:50,371 [Thread-2523] INFO  impl.RaftServerImpl (RaftServerImpl.java:setRole(184)) - 2a93f7e5-ecb9-41da-9c47-70e13ba76d7d@group-A9EE991D717F: changes role from  FOLLOWER to CANDIDATE at term 341 for changeToCandidate
2019-10-17 07:43:50,371 [Thread-2523] INFO  impl.RoleInfo (RoleInfo.java:updateAndGet(143)) - 2a93f7e5-ecb9-41da-9c47-70e13ba76d7d: start LeaderElection
2019-10-17 07:43:50,394 [2a93f7e5-ecb9-41da-9c47-70e13ba76d7d@group-A9EE991D717F-LeaderElection319] INFO  impl.LeaderElection (LeaderElection.java:askForVotes(178)) - 2a93f7e5-ecb9-41da-9c47-70e13ba76d7d@group-A9EE991D717F-LeaderElection319: begin an election at term 342 for 0: [37bd8e8c-ea68-4b1c-8659-8d001c4f3b5c:192.168.34.62:41632, 24020d0b-ce61-4f5a-b0b0-c561541e8cd4:192.168.34.62:42892, 2a93f7e5-ecb9-41da-9c47-70e13ba76d7d:192.168.34.62:35412], old=null
2019-10-17 07:43:50,397 [grpc-default-executor-0] INFO  impl.RaftServerImpl (RaftServerImpl.java:setRole(184)) - 24020d0b-ce61-4f5a-b0b0-c561541e8cd4@group-A9EE991D717F: changes role from  FOLLOWER to FOLLOWER at term 342 for recognizeCandidate:2a93f7e5-ecb9-41da-9c47-70e13ba76d7d
2019-10-17 07:43:50,397 [grpc-default-executor-0] INFO  impl.RoleInfo (RoleInfo.java:shutdownFollowerState(121)) - 24020d0b-ce61-4f5a-b0b0-c561541e8cd4: shutdown FollowerState
2019-10-17 07:43:50,397 [grpc-default-executor-0] INFO  impl.RoleInfo (RoleInfo.java:updateAndGet(143)) - 24020d0b-ce61-4f5a-b0b0-c561541e8cd4: start FollowerState
2019-10-17 07:43:50,397 [grpc-default-executor-1] INFO  impl.RaftServerImpl (RaftServerImpl.java:setRole(184)) - 37bd8e8c-ea68-4b1c-8659-8d001c4f3b5c@group-A9EE991D717F: changes role from  FOLLOWER to FOLLOWER at term 342 for recognizeCandidate:2a93f7e5-ecb9-41da-9c47-70e13ba76d7d
2019-10-17 07:43:50,397 [Thread-2522] INFO  impl.FollowerState (FollowerState.java:run(117)) - 24020d0b-ce61-4f5a-b0b0-c561541e8cd4@group-A9EE991D717F-FollowerState was interrupted: java.lang.InterruptedException: sleep interrupted
2019-10-17 07:43:50,397 [grpc-default-executor-1] INFO  impl.RoleInfo (RoleInfo.java:shutdownFollowerState(121)) - 37bd8e8c-ea68-4b1c-8659-8d001c4f3b5c: shutdown FollowerState
2019-10-17 07:43:50,398 [grpc-default-executor-1] INFO  impl.RoleInfo (RoleInfo.java:updateAndGet(143)) - 37bd8e8c-ea68-4b1c-8659-8d001c4f3b5c: start FollowerState
2019-10-17 07:43:50,398 [Thread-2521] INFO  impl.FollowerState (FollowerState.java:run(117)) - 37bd8e8c-ea68-4b1c-8659-8d001c4f3b5c@group-A9EE991D717F-FollowerState was interrupted: java.lang.InterruptedException: sleep interrupted
2019-10-17 07:43:50,412 [2a93f7e5-ecb9-41da-9c47-70e13ba76d7d@group-A9EE991D717F-LeaderElection319] INFO  impl.LeaderElection (LeaderElection.java:logAndReturn(56)) - 2a93f7e5-ecb9-41da-9c47-70e13ba76d7d@group-A9EE991D717F-LeaderElection319: Election REJECTED; received 2 response(s) [2a93f7e5-ecb9-41da-9c47-70e13ba76d7d<-37bd8e8c-ea68-4b1c-8659-8d001c4f3b5c#0:FAIL-t342, 2a93f7e5-ecb9-41da-9c47-70e13ba76d7d<-24020d0b-ce61-4f5a-b0b0-c561541e8cd4#0:FAIL-t342] and 0 exception(s); 2a93f7e5-ecb9-41da-9c47-70e13ba76d7d@group-A9EE991D717F:t342, leader=null, voted=2a93f7e5-ecb9-41da-9c47-70e13ba76d7d, raftlog=2a93f7e5-ecb9-41da-9c47-70e13ba76d7d@group-A9EE991D717F-SegmentedRaftLog:OPENED:c-1,f0,i0, conf=0: [37bd8e8c-ea68-4b1c-8659-8d001c4f3b5c:192.168.34.62:41632, 24020d0b-ce61-4f5a-b0b0-c561541e8cd4:192.168.34.62:42892, 2a93f7e5-ecb9-41da-9c47-70e13ba76d7d:192.168.34.62:35412], old=null
2019-10-17 07:43:50,412 [2a93f7e5-ecb9-41da-9c47-70e13ba76d7d@group-A9EE991D717F-LeaderElection319] INFO  impl.RaftServerImpl (RaftServerImpl.java:setRole(184)) - 2a93f7e5-ecb9-41da-9c47-70e13ba76d7d@group-A9EE991D717F: changes role from CANDIDATE to FOLLOWER at term 342 for DISCOVERED_A_NEW_TERM
2019-10-17 07:43:50,412 [2a93f7e5-ecb9-41da-9c47-70e13ba76d7d@group-A9EE991D717F-LeaderElection319] INFO  impl.RoleInfo (RoleInfo.java:shutdownLeaderElection(134)) - 2a93f7e5-ecb9-41da-9c47-70e13ba76d7d: shutdown LeaderElection
2019-10-17 07:43:50,412 [2a93f7e5-ecb9-41da-9c47-70e13ba76d7d@group-A9EE991D717F-LeaderElection319] INFO  impl.RoleInfo (RoleInfo.java:updateAndGet(143)) - 2a93f7e5-ecb9-41da-9c47-70e13ba76d7d: start FollowerState
2019-10-17 07:43:50,575 [Thread-2529] INFO  impl.FollowerState (FollowerState.java:run(108)) - 2a93f7e5-ecb9-41da-9c47-70e13ba76d7d@group-A9EE991D717F-FollowerState: change to CANDIDATE, lastRpcTime:163ms, electionTimeout:163ms
2019-10-17 07:43:50,576 [Thread-2529] INFO  impl.RoleInfo (RoleInfo.java:shutdownFollowerState(121)) - 2a93f7e5-ecb9-41da-9c47-70e13ba76d7d: shutdown FollowerState
2019-10-17 07:43:50,576 [Thread-2529] INFO  impl.RaftServerImpl (RaftServerImpl.java:setRole(184)) - 2a93f7e5-ecb9-41da-9c47-70e13ba76d7d@group-A9EE991D717F: changes role from  FOLLOWER to CANDIDATE at term 342 for changeToCandidate
2019-10-17 07:43:50,576 [Thread-2529] INFO  impl.RoleInfo (RoleInfo.java:updateAndGet(143)) - 2a93f7e5-ecb9-41da-9c47-70e13ba76d7d: start LeaderElection
2019-10-17 07:43:50,600 [2a93f7e5-ecb9-41da-9c47-70e13ba76d7d@group-A9EE991D717F-LeaderElection320] INFO  impl.LeaderElection (LeaderElection.java:askForVotes(178)) - 2a93f7e5-ecb9-41da-9c47-70e13ba76d7d@group-A9EE991D717F-LeaderElection320: begin an election at term 343 for 0: [37bd8e8c-ea68-4b1c-8659-8d001c4f3b5c:192.168.34.62:41632, 24020d0b-ce61-4f5a-b0b0-c561541e8cd4:192.168.34.62:42892, 2a93f7e5-ecb9-41da-9c47-70e13ba76d7d:192.168.34.62:35412], old=null
2019-10-17 07:43:50,603 [grpc-default-executor-1] INFO  impl.RaftServerImpl (RaftServerImpl.java:setRole(184)) - 37bd8e8c-ea68-4b1c-8659-8d001c4f3b5c@group-A9EE991D717F: changes role from  FOLLOWER to FOLLOWER at term 343 for recognizeCandidate:2a93f7e5-ecb9-41da-9c47-70e13ba76d7d
2019-10-17 07:43:50,603 [grpc-default-executor-0] INFO  impl.RaftServerImpl (RaftServerImpl.java:setRole(184)) - 24020d0b-ce61-4f5a-b0b0-c561541e8cd4@group-A9EE991D717F: changes role from  FOLLOWER to FOLLOWER at term 343 for recognizeCandidate:2a93f7e5-ecb9-41da-9c47-70e13ba76d7d
2019-10-17 07:43:50,603 [grpc-default-executor-1] INFO  impl.RoleInfo (RoleInfo.java:shutdownFollowerState(121)) - 37bd8e8c-ea68-4b1c-8659-8d001c4f3b5c: shutdown FollowerState
2019-10-17 07:43:50,604 [grpc-default-executor-0] INFO  impl.RoleInfo (RoleInfo.java:shutdownFollowerState(121)) - 24020d0b-ce61-4f5a-b0b0-c561541e8cd4: shutdown FollowerState
2019-10-17 07:43:50,604 [Thread-2528] INFO  impl.FollowerState (FollowerState.java:run(117)) - 37bd8e8c-ea68-4b1c-8659-8d001c4f3b5c@group-A9EE991D717F-FollowerState was interrupted: java.lang.InterruptedException: sleep interrupted
2019-10-17 07:43:50,604 [grpc-default-executor-1] INFO  impl.RoleInfo (RoleInfo.java:updateAndGet(143)) - 37bd8e8c-ea68-4b1c-8659-8d001c4f3b5c: start FollowerState
2019-10-17 07:43:50,604 [Thread-2527] INFO  impl.FollowerState (FollowerState.java:run(117)) - 24020d0b-ce61-4f5a-b0b0-c561541e8cd4@group-A9EE991D717F-FollowerState was interrupted: java.lang.InterruptedException: sleep interrupted
2019-10-17 07:43:50,604 [grpc-default-executor-0] INFO  impl.RoleInfo (RoleInfo.java:updateAndGet(143)) - 24020d0b-ce61-4f5a-b0b0-c561541e8cd4: start FollowerState
2019-10-17 07:43:50,618 [2a93f7e5-ecb9-41da-9c47-70e13ba76d7d@group-A9EE991D717F-LeaderElection320] INFO  impl.LeaderElection (LeaderElection.java:logAndReturn(56)) - 2a93f7e5-ecb9-41da-9c47-70e13ba76d7d@group-A9EE991D717F-LeaderElection320: Election TIMEOUT; received 0 response(s) [] and 0 exception(s); 2a93f7e5-ecb9-41da-9c47-70e13ba76d7d@group-A9EE991D717F:t343, leader=null, voted=2a93f7e5-ecb9-41da-9c47-70e13ba76d7d, raftlog=2a93f7e5-ecb9-41da-9c47-70e13ba76d7d@group-A9EE991D717F-SegmentedRaftLog:OPENED:c-1,f0,i0, conf=0: [37bd8e8c-ea68-4b1c-8659-8d001c4f3b5c:192.168.34.62:41632, 24020d0b-ce61-4f5a-b0b0-c561541e8cd4:192.168.34.62:42892, 2a93f7e5-ecb9-41da-9c47-70e13ba76d7d:192.168.34.62:35412], old=null
2019-10-17 07:43:50,650 [2a93f7e5-ecb9-41da-9c47-70e13ba76d7d@group-A9EE991D717F-LeaderElection320] INFO  impl.LeaderElection (LeaderElection.java:askForVotes(178)) - 2a93f7e5-ecb9-41da-9c47-70e13ba76d7d@group-A9EE991D717F-LeaderElection320: begin an election at term 344 for 0: [37bd8e8c-ea68-4b1c-8659-8d001c4f3b5c:192.168.34.62:41632, 24020d0b-ce61-4f5a-b0b0-c561541e8cd4:192.168.34.62:42892, 2a93f7e5-ecb9-41da-9c47-70e13ba76d7d:192.168.34.62:35412], old=null
2019-10-17 07:43:50,652 [grpc-default-executor-1] INFO  impl.RaftServerImpl (RaftServerImpl.java:setRole(184)) - 37bd8e8c-ea68-4b1c-8659-8d001c4f3b5c@group-A9EE991D717F: changes role from  FOLLOWER to FOLLOWER at term 344 for recognizeCandidate:2a93f7e5-ecb9-41da-9c47-70e13ba76d7d
2019-10-17 07:43:50,652 [grpc-default-executor-1] INFO  impl.RoleInfo (RoleInfo.java:shutdownFollowerState(121)) - 37bd8e8c-ea68-4b1c-8659-8d001c4f3b5c: shutdown FollowerState
2019-10-17 07:43:50,652 [grpc-default-executor-0] INFO  impl.RaftServerImpl (RaftServerImpl.java:setRole(184)) - 24020d0b-ce61-4f5a-b0b0-c561541e8cd4@group-A9EE991D717F: changes role from  FOLLOWER to FOLLOWER at term 344 for recognizeCandidate:2a93f7e5-ecb9-41da-9c47-70e13ba76d7d
2019-10-17 07:43:50,653 [Thread-2533] INFO  impl.FollowerState (FollowerState.java:run(117)) - 37bd8e8c-ea68-4b1c-8659-8d001c4f3b5c@group-A9EE991D717F-FollowerState was interrupted: java.lang.InterruptedException: sleep interrupted
2019-10-17 07:43:50,653 [grpc-default-executor-1] INFO  impl.RoleInfo (RoleInfo.java:updateAndGet(143)) - 37bd8e8c-ea68-4b1c-8659-8d001c4f3b5c: start FollowerState
2019-10-17 07:43:50,653 [grpc-default-executor-0] INFO  impl.RoleInfo (RoleInfo.java:shutdownFollowerState(121)) - 24020d0b-ce61-4f5a-b0b0-c561541e8cd4: shutdown FollowerState
2019-10-17 07:43:50,653 [grpc-default-executor-0] INFO  impl.RoleInfo (RoleInfo.java:updateAndGet(143)) - 24020d0b-ce61-4f5a-b0b0-c561541e8cd4: start FollowerState
2019-10-17 07:43:50,653 [Thread-2534] INFO  impl.FollowerState (FollowerState.java:run(117)) - 24020d0b-ce61-4f5a-b0b0-c561541e8cd4@group-A9EE991D717F-FollowerState was interrupted: java.lang.InterruptedException: sleep interrupted
2019-10-17 07:43:50,671 [2a93f7e5-ecb9-41da-9c47-70e13ba76d7d@group-A9EE991D717F-LeaderElection320] INFO  impl.LeaderElection (LeaderElection.java:logAndReturn(56)) - 2a93f7e5-ecb9-41da-9c47-70e13ba76d7d@group-A9EE991D717F-LeaderElection320: Election REJECTED; received 2 response(s) [2a93f7e5-ecb9-41da-9c47-70e13ba76d7d<-37bd8e8c-ea68-4b1c-8659-8d001c4f3b5c#0:FAIL-t344, 2a93f7e5-ecb9-41da-9c47-70e13ba76d7d<-24020d0b-ce61-4f5a-b0b0-c561541e8cd4#0:FAIL-t344] and 0 exception(s); 2a93f7e5-ecb9-41da-9c47-70e13ba76d7d@group-A9EE991D717F:t344, leader=null, voted=2a93f7e5-ecb9-41da-9c47-70e13ba76d7d, raftlog=2a93f7e5-ecb9-41da-9c47-70e13ba76d7d@group-A9EE991D717F-SegmentedRaftLog:OPENED:c-1,f0,i0, conf=0: [37bd8e8c-ea68-4b1c-8659-8d001c4f3b5c:192.168.34.62:41632, 24020d0b-ce61-4f5a-b0b0-c561541e8cd4:192.168.34.62:42892, 2a93f7e5-ecb9-41da-9c47-70e13ba76d7d:192.168.34.62:35412], old=null
2019-10-17 07:43:50,671 [2a93f7e5-ecb9-41da-9c47-70e13ba76d7d@group-A9EE991D717F-LeaderElection320] INFO  impl.RaftServerImpl (RaftServerImpl.java:setRole(184)) - 2a93f7e5-ecb9-41da-9c47-70e13ba76d7d@group-A9EE991D717F: changes role from CANDIDATE to FOLLOWER at term 344 for DISCOVERED_A_NEW_TERM
2019-10-17 07:43:50,671 [2a93f7e5-ecb9-41da-9c47-70e13ba76d7d@group-A9EE991D717F-LeaderElection320] INFO  impl.RoleInfo (RoleInfo.java:shutdownLeaderElection(134)) - 2a93f7e5-ecb9-41da-9c47-70e13ba76d7d: shutdown LeaderElection
2019-10-17 07:43:50,671 [2a93f7e5-ecb9-41da-9c47-70e13ba76d7d@group-A9EE991D717F-LeaderElection320] INFO  impl.RoleInfo (RoleInfo.java:updateAndGet(143)) - 2a93f7e5-ecb9-41da-9c47-70e13ba76d7d: start FollowerState
2019-10-17 07:43:50,730 [Thread-2539] INFO  impl.FollowerState (FollowerState.java:run(108)) - 2a93f7e5-ecb9-41da-9c47-70e13ba76d7d@group-A9EE991D717F-FollowerState: change to CANDIDATE, lastRpcTime:59ms, electionTimeout:59ms
2019-10-17 07:43:50,730 [Thread-2539] INFO  impl.RoleInfo (RoleInfo.java:shutdownFollowerState(121)) - 2a93f7e5-ecb9-41da-9c47-70e13ba76d7d: shutdown FollowerState
2019-10-17 07:43:50,731 [Thread-2539] INFO  impl.RaftServerImpl (RaftServerImpl.java:setRole(184)) - 2a93f7e5-ecb9-41da-9c47-70e13ba76d7d@group-A9EE991D717F: changes role from  FOLLOWER to CANDIDATE at term 344 for changeToCandidate
2019-10-17 07:43:50,731 [Thread-2539] INFO  impl.RoleInfo (RoleInfo.java:updateAndGet(143)) - 2a93f7e5-ecb9-41da-9c47-70e13ba76d7d: start LeaderElection
2019-10-17 07:43:50,754 [2a93f7e5-ecb9-41da-9c47-70e13ba76d7d@group-A9EE991D717F-LeaderElection321] INFO  impl.LeaderElection (LeaderElection.java:askForVotes(178)) - 2a93f7e5-ecb9-41da-9c47-70e13ba76d7d@group-A9EE991D717F-LeaderElection321: begin an election at term 345 for 0: [37bd8e8c-ea68-4b1c-8659-8d001c4f3b5c:192.168.34.62:41632, 24020d0b-ce61-4f5a-b0b0-c561541e8cd4:192.168.34.62:42892, 2a93f7e5-ecb9-41da-9c47-70e13ba76d7d:192.168.34.62:35412], old=null
2019-10-17 07:43:50,756 [grpc-default-executor-0] INFO  impl.RaftServerImpl (RaftServerImpl.java:setRole(184)) - 37bd8e8c-ea68-4b1c-8659-8d001c4f3b5c@group-A9EE991D717F: changes role from  FOLLOWER to FOLLOWER at term 345 for recognizeCandidate:2a93f7e5-ecb9-41da-9c47-70e13ba76d7d
2019-10-17 07:43:50,756 [grpc-default-executor-0] INFO  impl.RoleInfo (RoleInfo.java:shutdownFollowerState(121)) - 37bd8e8c-ea68-4b1c-8659-8d001c4f3b5c: shutdown FollowerState
2019-10-17 07:43:50,757 [grpc-default-executor-0] INFO  impl.RoleInfo (RoleInfo.java:updateAndGet(143)) - 37bd8e8c-ea68-4b1c-8659-8d001c4f3b5c: start FollowerState
2019-10-17 07:43:50,757 [grpc-default-executor-1] INFO  impl.RaftServerImpl (RaftServerImpl.java:setRole(184)) - 24020d0b-ce61-4f5a-b0b0-c561541e8cd4@group-A9EE991D717F: changes role from  FOLLOWER to FOLLOWER at term 345 for recognizeCandidate:2a93f7e5-ecb9-41da-9c47-70e13ba76d7d
2019-10-17 07:43:50,757 [grpc-default-executor-1] INFO  impl.RoleInfo (RoleInfo.java:shutdownFollowerState(121)) - 24020d0b-ce61-4f5a-b0b0-c561541e8cd4: shutdown FollowerState
2019-10-17 07:43:50,757 [Thread-2537] INFO  impl.FollowerState (FollowerState.java:run(117)) - 37bd8e8c-ea68-4b1c-8659-8d001c4f3b5c@group-A9EE991D717F-FollowerState was interrupted: java.lang.InterruptedException: sleep interrupted
2019-10-17 07:43:50,757 [Thread-2538] INFO  impl.FollowerState (FollowerState.java:run(117)) - 24020d0b-ce61-4f5a-b0b0-c561541e8cd4@group-A9EE991D717F-FollowerState was interrupted: java.lang.InterruptedException: sleep interrupted
2019-10-17 07:43:50,757 [grpc-default-executor-1] INFO  impl.RoleInfo (RoleInfo.java:updateAndGet(143)) - 24020d0b-ce61-4f5a-b0b0-c561541e8cd4: start FollowerState
2019-10-17 07:43:50,781 [2a93f7e5-ecb9-41da-9c47-70e13ba76d7d@group-A9EE991D717F-LeaderElection321] INFO  impl.LeaderElection (LeaderElection.java:logAndReturn(56)) - 2a93f7e5-ecb9-41da-9c47-70e13ba76d7d@group-A9EE991D717F-LeaderElection321: Election REJECTED; received 2 response(s) [2a93f7e5-ecb9-41da-9c47-70e13ba76d7d<-37bd8e8c-ea68-4b1c-8659-8d001c4f3b5c#0:FAIL-t345, 2a93f7e5-ecb9-41da-9c47-70e13ba76d7d<-24020d0b-ce61-4f5a-b0b0-c561541e8cd4#0:FAIL-t345] and 0 exception(s); 2a93f7e5-ecb9-41da-9c47-70e13ba76d7d@group-A9EE991D717F:t345, leader=null, voted=2a93f7e5-ecb9-41da-9c47-70e13ba76d7d, raftlog=2a93f7e5-ecb9-41da-9c47-70e13ba76d7d@group-A9EE991D717F-SegmentedRaftLog:OPENED:c-1,f0,i0, conf=0: [37bd8e8c-ea68-4b1c-8659-8d001c4f3b5c:192.168.34.62:41632, 24020d0b-ce61-4f5a-b0b0-c561541e8cd4:192.168.34.62:42892, 2a93f7e5-ecb9-41da-9c47-70e13ba76d7d:192.168.34.62:35412], old=null
2019-10-17 07:43:50,781 [2a93f7e5-ecb9-41da-9c47-70e13ba76d7d@group-A9EE991D717F-LeaderElection321] INFO  impl.RaftServerImpl (RaftServerImpl.java:setRole(184)) - 2a93f7e5-ecb9-41da-9c47-70e13ba76d7d@group-A9EE991D717F: changes role from CANDIDATE to FOLLOWER at term 345 for DISCOVERED_A_NEW_TERM
2019-10-17 07:43:50,781 [2a93f7e5-ecb9-41da-9c47-70e13ba76d7d@group-A9EE991D717F-LeaderElection321] INFO  impl.RoleInfo (RoleInfo.java:shutdownLeaderElection(134)) - 2a93f7e5-ecb9-41da-9c47-70e13ba76d7d: shutdown LeaderElection
2019-10-17 07:43:50,781 [2a93f7e5-ecb9-41da-9c47-70e13ba76d7d@group-A9EE991D717F-LeaderElection321] INFO  impl.RoleInfo (RoleInfo.java:updateAndGet(143)) - 2a93f7e5-ecb9-41da-9c47-70e13ba76d7d: start FollowerState
2019-10-17 07:43:50,831 [Thread-2545] INFO  impl.FollowerState (FollowerState.java:run(108)) - 2a93f7e5-ecb9-41da-9c47-70e13ba76d7d@group-A9EE991D717F-FollowerState: change to CANDIDATE, lastRpcTime:49ms, electionTimeout:49ms
2019-10-17 07:43:50,831 [Thread-2545] INFO  impl.RoleInfo (RoleInfo.java:shutdownFollowerState(121)) - 2a93f7e5-ecb9-41da-9c47-70e13ba76d7d: shutdown FollowerState
2019-10-17 07:43:50,831 [Thread-2545] INFO  impl.RaftServerImpl (RaftServerImpl.java:setRole(184)) - 2a93f7e5-ecb9-41da-9c47-70e13ba76d7d@group-A9EE991D717F: changes role from  FOLLOWER to CANDIDATE at term 345 for changeToCandidate
2019-10-17 07:43:50,832 [Thread-2545] INFO  impl.RoleInfo (RoleInfo.java:updateAndGet(143)) - 2a93f7e5-ecb9-41da-9c47-70e13ba76d7d: start LeaderElection
2019-10-17 07:43:50,872 [2a93f7e5-ecb9-41da-9c47-70e13ba76d7d@group-A9EE991D717F-LeaderElection322] INFO  impl.LeaderElection (LeaderElection.java:askForVotes(178)) - 2a93f7e5-ecb9-41da-9c47-70e13ba76d7d@group-A9EE991D717F-LeaderElection322: begin an election at term 346 for 0: [37bd8e8c-ea68-4b1c-8659-8d001c4f3b5c:192.168.34.62:41632, 24020d0b-ce61-4f5a-b0b0-c561541e8cd4:192.168.34.62:42892, 2a93f7e5-ecb9-41da-9c47-70e13ba76d7d:192.168.34.62:35412], old=null
2019-10-17 07:43:50,874 [grpc-default-executor-1] INFO  impl.RaftServerImpl (RaftServerImpl.java:setRole(184)) - 37bd8e8c-ea68-4b1c-8659-8d001c4f3b5c@group-A9EE991D717F: changes role from  FOLLOWER to FOLLOWER at term 346 for recognizeCandidate:2a93f7e5-ecb9-41da-9c47-70e13ba76d7d
2019-10-17 07:43:50,874 [grpc-default-executor-1] INFO  impl.RoleInfo (RoleInfo.java:shutdownFollowerState(121)) - 37bd8e8c-ea68-4b1c-8659-8d001c4f3b5c: shutdown FollowerState
2019-10-17 07:43:50,874 [grpc-default-executor-1] INFO  impl.RoleInfo (RoleInfo.java:updateAndGet(143)) - 37bd8e8c-ea68-4b1c-8659-8d001c4f3b5c: start FollowerState
2019-10-17 07:43:50,875 [Thread-2543] INFO  impl.FollowerState (FollowerState.java:run(117)) - 37bd8e8c-ea68-4b1c-8659-8d001c4f3b5c@group-A9EE991D717F-FollowerState was interrupted: java.lang.InterruptedException: sleep interrupted
2019-10-17 07:43:50,875 [grpc-default-executor-0] INFO  impl.RaftServerImpl (RaftServerImpl.java:setRole(184)) - 24020d0b-ce61-4f5a-b0b0-c561541e8cd4@group-A9EE991D717F: changes role from  FOLLOWER to FOLLOWER at term 346 for recognizeCandidate:2a93f7e5-ecb9-41da-9c47-70e13ba76d7d
2019-10-17 07:43:50,875 [grpc-default-executor-0] INFO  impl.RoleInfo (RoleInfo.java:shutdownFollowerState(121)) - 24020d0b-ce61-4f5a-b0b0-c561541e8cd4: shutdown FollowerState
2019-10-17 07:43:50,875 [grpc-default-executor-0] INFO  impl.RoleInfo (RoleInfo.java:updateAndGet(143)) - 24020d0b-ce61-4f5a-b0b0-c561541e8cd4: start FollowerState
2019-10-17 07:43:50,875 [Thread-2544] INFO  impl.FollowerState (FollowerState.java:run(117)) - 24020d0b-ce61-4f5a-b0b0-c561541e8cd4@group-A9EE991D717F-FollowerState was interrupted: java.lang.InterruptedException: sleep interrupted
2019-10-17 07:43:50,898 [2a93f7e5-ecb9-41da-9c47-70e13ba76d7d@group-A9EE991D717F-LeaderElection322] INFO  impl.LeaderElection (LeaderElection.java:logAndReturn(56)) - 2a93f7e5-ecb9-41da-9c47-70e13ba76d7d@group-A9EE991D717F-LeaderElection322: Election REJECTED; received 2 response(s) [2a93f7e5-ecb9-41da-9c47-70e13ba76d7d<-37bd8e8c-ea68-4b1c-8659-8d001c4f3b5c#0:FAIL-t346, 2a93f7e5-ecb9-41da-9c47-70e13ba76d7d<-24020d0b-ce61-4f5a-b0b0-c561541e8cd4#0:FAIL-t346] and 0 exception(s); 2a93f7e5-ecb9-41da-9c47-70e13ba76d7d@group-A9EE991D717F:t346, leader=null, voted=2a93f7e5-ecb9-41da-9c47-70e13ba76d7d, raftlog=2a93f7e5-ecb9-41da-9c47-70e13ba76d7d@group-A9EE991D717F-SegmentedRaftLog:OPENED:c-1,f0,i0, conf=0: [37bd8e8c-ea68-4b1c-8659-8d001c4f3b5c:192.168.34.62:41632, 24020d0b-ce61-4f5a-b0b0-c561541e8cd4:192.168.34.62:42892, 2a93f7e5-ecb9-41da-9c47-70e13ba76d7d:192.168.34.62:35412], old=null
2019-10-17 07:43:50,898 [2a93f7e5-ecb9-41da-9c47-70e13ba76d7d@group-A9EE991D717F-LeaderElection322] INFO  impl.RaftServerImpl (RaftServerImpl.java:setRole(184)) - 2a93f7e5-ecb9-41da-9c47-70e13ba76d7d@group-A9EE991D717F: changes role from CANDIDATE to FOLLOWER at term 346 for DISCOVERED_A_NEW_TERM
2019-10-17 07:43:50,898 [2a93f7e5-ecb9-41da-9c47-70e13ba76d7d@group-A9EE991D717F-LeaderElection322] INFO  impl.RoleInfo (RoleInfo.java:shutdownLeaderElection(134)) - 2a93f7e5-ecb9-41da-9c47-70e13ba76d7d: shutdown LeaderElection
2019-10-17 07:43:50,898 [2a93f7e5-ecb9-41da-9c47-70e13ba76d7d@group-A9EE991D717F-LeaderElection322] INFO  impl.RoleInfo (RoleInfo.java:updateAndGet(143)) - 2a93f7e5-ecb9-41da-9c47-70e13ba76d7d: start FollowerState
2019-10-17 07:43:51,044 [Thread-2551] INFO  impl.FollowerState (FollowerState.java:run(108)) - 2a93f7e5-ecb9-41da-9c47-70e13ba76d7d@group-A9EE991D717F-FollowerState: change to CANDIDATE, lastRpcTime:145ms, electionTimeout:145ms
2019-10-17 07:43:51,044 [Thread-2551] INFO  impl.RoleInfo (RoleInfo.java:shutdownFollowerState(121)) - 2a93f7e5-ecb9-41da-9c47-70e13ba76d7d: shutdown FollowerState
2019-10-17 07:43:51,045 [Thread-2551] INFO  impl.RaftServerImpl (RaftServerImpl.java:setRole(184)) - 2a93f7e5-ecb9-41da-9c47-70e13ba76d7d@group-A9EE991D717F: changes role from  FOLLOWER to CANDIDATE at term 346 for changeToCandidate
2019-10-17 07:43:51,045 [Thread-2551] INFO  impl.RoleInfo (RoleInfo.java:updateAndGet(143)) - 2a93f7e5-ecb9-41da-9c47-70e13ba76d7d: start LeaderElection
2019-10-17 07:43:51,081 [2a93f7e5-ecb9-41da-9c47-70e13ba76d7d@group-A9EE991D717F-LeaderElection323] INFO  impl.LeaderElection (LeaderElection.java:askForVotes(178)) - 2a93f7e5-ecb9-41da-9c47-70e13ba76d7d@group-A9EE991D717F-LeaderElection323: begin an election at term 347 for 0: [37bd8e8c-ea68-4b1c-8659-8d001c4f3b5c:192.168.34.62:41632, 24020d0b-ce61-4f5a-b0b0-c561541e8cd4:192.168.34.62:42892, 2a93f7e5-ecb9-41da-9c47-70e13ba76d7d:192.168.34.62:35412], old=null
2019-10-17 07:43:51,084 [grpc-default-executor-0] INFO  impl.RaftServerImpl (RaftServerImpl.java:setRole(184)) - 37bd8e8c-ea68-4b1c-8659-8d001c4f3b5c@group-A9EE991D717F: changes role from  FOLLOWER to FOLLOWER at term 347 for recognizeCandidate:2a93f7e5-ecb9-41da-9c47-70e13ba76d7d
2019-10-17 07:43:51,084 [grpc-default-executor-0] INFO  impl.RoleInfo (RoleInfo.java:shutdownFollowerState(121)) - 37bd8e8c-ea68-4b1c-8659-8d001c4f3b5c: shutdown FollowerState
2019-10-17 07:43:51,084 [grpc-default-executor-0] INFO  impl.RoleInfo (RoleInfo.java:updateAndGet(143)) - 37bd8e8c-ea68-4b1c-8659-8d001c4f3b5c: start FollowerState
2019-10-17 07:43:51,084 [Thread-2549] INFO  impl.FollowerState (FollowerState.java:run(117)) - 37bd8e8c-ea68-4b1c-8659-8d001c4f3b5c@group-A9EE991D717F-FollowerState was interrupted: java.lang.InterruptedException: sleep interrupted
2019-10-17 07:43:51,084 [grpc-default-executor-1] INFO  impl.RaftServerImpl (RaftServerImpl.java:setRole(184)) - 24020d0b-ce61-4f5a-b0b0-c561541e8cd4@group-A9EE991D717F: changes role from  FOLLOWER to FOLLOWER at term 347 for recognizeCandidate:2a93f7e5-ecb9-41da-9c47-70e13ba76d7d
2019-10-17 07:43:51,085 [grpc-default-executor-1] INFO  impl.RoleInfo (RoleInfo.java:shutdownFollowerState(121)) - 24020d0b-ce61-4f5a-b0b0-c561541e8cd4: shutdown FollowerState
2019-10-17 07:43:51,085 [grpc-default-executor-1] INFO  impl.RoleInfo (RoleInfo.java:updateAndGet(143)) - 24020d0b-ce61-4f5a-b0b0-c561541e8cd4: start FollowerState
2019-10-17 07:43:51,085 [Thread-2550] INFO  impl.FollowerState (FollowerState.java:run(117)) - 24020d0b-ce61-4f5a-b0b0-c561541e8cd4@group-A9EE991D717F-FollowerState was interrupted: java.lang.InterruptedException: sleep interrupted
2019-10-17 07:43:51,107 [2a93f7e5-ecb9-41da-9c47-70e13ba76d7d@group-A9EE991D717F-LeaderElection323] INFO  impl.LeaderElection (LeaderElection.java:logAndReturn(56)) - 2a93f7e5-ecb9-41da-9c47-70e13ba76d7d@group-A9EE991D717F-LeaderElection323: Election REJECTED; received 2 response(s) [2a93f7e5-ecb9-41da-9c47-70e13ba76d7d<-37bd8e8c-ea68-4b1c-8659-8d001c4f3b5c#0:FAIL-t347, 2a93f7e5-ecb9-41da-9c47-70e13ba76d7d<-24020d0b-ce61-4f5a-b0b0-c561541e8cd4#0:FAIL-t347] and 0 exception(s); 2a93f7e5-ecb9-41da-9c47-70e13ba76d7d@group-A9EE991D717F:t347, leader=null, voted=2a93f7e5-ecb9-41da-9c47-70e13ba76d7d, raftlog=2a93f7e5-ecb9-41da-9c47-70e13ba76d7d@group-A9EE991D717F-SegmentedRaftLog:OPENED:c-1,f0,i0, conf=0: [37bd8e8c-ea68-4b1c-8659-8d001c4f3b5c:192.168.34.62:41632, 24020d0b-ce61-4f5a-b0b0-c561541e8cd4:192.168.34.62:42892, 2a93f7e5-ecb9-41da-9c47-70e13ba76d7d:192.168.34.62:35412], old=null
2019-10-17 07:43:51,107 [2a93f7e5-ecb9-41da-9c47-70e13ba76d7d@group-A9EE991D717F-LeaderElection323] INFO  impl.RaftServerImpl (RaftServerImpl.java:setRole(184)) - 2a93f7e5-ecb9-41da-9c47-70e13ba76d7d@group-A9EE991D717F: changes role from CANDIDATE to FOLLOWER at term 347 for DISCOVERED_A_NEW_TERM
2019-10-17 07:43:51,108 [2a93f7e5-ecb9-41da-9c47-70e13ba76d7d@group-A9EE991D717F-LeaderElection323] INFO  impl.RoleInfo (RoleInfo.java:shutdownLeaderElection(134)) - 2a93f7e5-ecb9-41da-9c47-70e13ba76d7d: shutdown LeaderElection
2019-10-17 07:43:51,108 [2a93f7e5-ecb9-41da-9c47-70e13ba76d7d@group-A9EE991D717F-LeaderElection323] INFO  impl.RoleInfo (RoleInfo.java:updateAndGet(143)) - 2a93f7e5-ecb9-41da-9c47-70e13ba76d7d: start FollowerState
2019-10-17 07:43:51,307 [Thread-2557] INFO  impl.FollowerState (FollowerState.java:run(108)) - 2a93f7e5-ecb9-41da-9c47-70e13ba76d7d@group-A9EE991D717F-FollowerState: change to CANDIDATE, lastRpcTime:199ms, electionTimeout:199ms
2019-10-17 07:43:51,308 [Thread-2557] INFO  impl.RoleInfo (RoleInfo.java:shutdownFollowerState(121)) - 2a93f7e5-ecb9-41da-9c47-70e13ba76d7d: shutdown FollowerState
2019-10-17 07:43:51,308 [Thread-2557] INFO  impl.RaftServerImpl (RaftServerImpl.java:setRole(184)) - 2a93f7e5-ecb9-41da-9c47-70e13ba76d7d@group-A9EE991D717F: changes role from  FOLLOWER to CANDIDATE at term 347 for changeToCandidate
2019-10-17 07:43:51,308 [Thread-2557] INFO  impl.RoleInfo (RoleInfo.java:updateAndGet(143)) - 2a93f7e5-ecb9-41da-9c47-70e13ba76d7d: start LeaderElection
2019-10-17 07:43:51,340 [2a93f7e5-ecb9-41da-9c47-70e13ba76d7d@group-A9EE991D717F-LeaderElection324] INFO  impl.LeaderElection (LeaderElection.java:askForVotes(178)) - 2a93f7e5-ecb9-41da-9c47-70e13ba76d7d@group-A9EE991D717F-LeaderElection324: begin an election at term 348 for 0: [37bd8e8c-ea68-4b1c-8659-8d001c4f3b5c:192.168.34.62:41632, 24020d0b-ce61-4f5a-b0b0-c561541e8cd4:192.168.34.62:42892, 2a93f7e5-ecb9-41da-9c47-70e13ba76d7d:192.168.34.62:35412], old=null
2019-10-17 07:43:51,342 [grpc-default-executor-1] INFO  impl.RaftServerImpl (RaftServerImpl.java:setRole(184)) - 37bd8e8c-ea68-4b1c-8659-8d001c4f3b5c@group-A9EE991D717F: changes role from  FOLLOWER to FOLLOWER at term 348 for recognizeCandidate:2a93f7e5-ecb9-41da-9c47-70e13ba76d7d
2019-10-17 07:43:51,342 [grpc-default-executor-1] INFO  impl.RoleInfo (RoleInfo.java:shutdownFollowerState(121)) - 37bd8e8c-ea68-4b1c-8659-8d001c4f3b5c: shutdown FollowerState
2019-10-17 07:43:51,342 [grpc-default-executor-1] INFO  impl.RoleInfo (RoleInfo.java:updateAndGet(143)) - 37bd8e8c-ea68-4b1c-8659-8d001c4f3b5c: start FollowerState
2019-10-17 07:43:51,343 [grpc-default-executor-0] INFO  impl.RaftServerImpl (RaftServerImpl.java:setRole(184)) - 24020d0b-ce61-4f5a-b0b0-c561541e8cd4@group-A9EE991D717F: changes role from  FOLLOWER to FOLLOWER at term 348 for recognizeCandidate:2a93f7e5-ecb9-41da-9c47-70e13ba76d7d
2019-10-17 07:43:51,343 [grpc-default-executor-0] INFO  impl.RoleInfo (RoleInfo.java:shutdownFollowerState(121)) - 24020d0b-ce61-4f5a-b0b0-c561541e8cd4: shutdown FollowerState
2019-10-17 07:43:51,343 [Thread-2555] INFO  impl.FollowerState (FollowerState.java:run(117)) - 37bd8e8c-ea68-4b1c-8659-8d001c4f3b5c@group-A9EE991D717F-FollowerState was interrupted: java.lang.InterruptedException: sleep interrupted
2019-10-17 07:43:51,343 [Thread-2556] INFO  impl.FollowerState (FollowerState.java:run(117)) - 24020d0b-ce61-4f5a-b0b0-c561541e8cd4@group-A9EE991D717F-FollowerState was interrupted: java.lang.InterruptedException: sleep interrupted
2019-10-17 07:43:51,343 [grpc-default-executor-0] INFO  impl.RoleInfo (RoleInfo.java:updateAndGet(143)) - 24020d0b-ce61-4f5a-b0b0-c561541e8cd4: start FollowerState
2019-10-17 07:43:51,366 [2a93f7e5-ecb9-41da-9c47-70e13ba76d7d@group-A9EE991D717F-LeaderElection324] INFO  impl.LeaderElection (LeaderElection.java:logAndReturn(56)) - 2a93f7e5-ecb9-41da-9c47-70e13ba76d7d@group-A9EE991D717F-LeaderElection324: Election REJECTED; received 2 response(s) [2a93f7e5-ecb9-41da-9c47-70e13ba76d7d<-37bd8e8c-ea68-4b1c-8659-8d001c4f3b5c#0:FAIL-t348, 2a93f7e5-ecb9-41da-9c47-70e13ba76d7d<-24020d0b-ce61-4f5a-b0b0-c561541e8cd4#0:FAIL-t348] and 0 exception(s); 2a93f7e5-ecb9-41da-9c47-70e13ba76d7d@group-A9EE991D717F:t348, leader=null, voted=2a93f7e5-ecb9-41da-9c47-70e13ba76d7d, raftlog=2a93f7e5-ecb9-41da-9c47-70e13ba76d7d@group-A9EE991D717F-SegmentedRaftLog:OPENED:c-1,f0,i0, conf=0: [37bd8e8c-ea68-4b1c-8659-8d001c4f3b5c:192.168.34.62:41632, 24020d0b-ce61-4f5a-b0b0-c561541e8cd4:192.168.34.62:42892, 2a93f7e5-ecb9-41da-9c47-70e13ba76d7d:192.168.34.62:35412], old=null
2019-10-17 07:43:51,366 [2a93f7e5-ecb9-41da-9c47-70e13ba76d7d@group-A9EE991D717F-LeaderElection324] INFO  impl.RaftServerImpl (RaftServerImpl.java:setRole(184)) - 2a93f7e5-ecb9-41da-9c47-70e13ba76d7d@group-A9EE991D717F: changes role from CANDIDATE to FOLLOWER at term 348 for DISCOVERED_A_NEW_TERM
2019-10-17 07:43:51,367 [2a93f7e5-ecb9-41da-9c47-70e13ba76d7d@group-A9EE991D717F-LeaderElection324] INFO  impl.RoleInfo (RoleInfo.java:shutdownLeaderElection(134)) - 2a93f7e5-ecb9-41da-9c47-70e13ba76d7d: shutdown LeaderElection
2019-10-17 07:43:51,367 [2a93f7e5-ecb9-41da-9c47-70e13ba76d7d@group-A9EE991D717F-LeaderElection324] INFO  impl.RoleInfo (RoleInfo.java:updateAndGet(143)) - 2a93f7e5-ecb9-41da-9c47-70e13ba76d7d: start FollowerState
2019-10-17 07:43:51,401 [Thread-2563] INFO  impl.FollowerState (FollowerState.java:run(108)) - 2a93f7e5-ecb9-41da-9c47-70e13ba76d7d@group-A9EE991D717F-FollowerState: change to CANDIDATE, lastRpcTime:34ms, electionTimeout:34ms
2019-10-17 07:43:51,401 [Thread-2563] INFO  impl.RoleInfo (RoleInfo.java:shutdownFollowerState(121)) - 2a93f7e5-ecb9-41da-9c47-70e13ba76d7d: shutdown FollowerState
2019-10-17 07:43:51,402 [Thread-2563] INFO  impl.RaftServerImpl (RaftServerImpl.java:setRole(184)) - 2a93f7e5-ecb9-41da-9c47-70e13ba76d7d@group-A9EE991D717F: changes role from  FOLLOWER to CANDIDATE at term 348 for changeToCandidate
2019-10-17 07:43:51,402 [Thread-2563] INFO  impl.RoleInfo (RoleInfo.java:updateAndGet(143)) - 2a93f7e5-ecb9-41da-9c47-70e13ba76d7d: start LeaderElection
2019-10-17 07:43:51,432 [2a93f7e5-ecb9-41da-9c47-70e13ba76d7d@group-A9EE991D717F-LeaderElection325] INFO  impl.LeaderElection (LeaderElection.java:askForVotes(178)) - 2a93f7e5-ecb9-41da-9c47-70e13ba76d7d@group-A9EE991D717F-LeaderElection325: begin an election at term 349 for 0: [37bd8e8c-ea68-4b1c-8659-8d001c4f3b5c:192.168.34.62:41632, 24020d0b-ce61-4f5a-b0b0-c561541e8cd4:192.168.34.62:42892, 2a93f7e5-ecb9-41da-9c47-70e13ba76d7d:192.168.34.62:35412], old=null
2019-10-17 07:43:51,435 [grpc-default-executor-1] INFO  impl.RaftServerImpl (RaftServerImpl.java:setRole(184)) - 37bd8e8c-ea68-4b1c-8659-8d001c4f3b5c@group-A9EE991D717F: changes role from  FOLLOWER to FOLLOWER at term 349 for recognizeCandidate:2a93f7e5-ecb9-41da-9c47-70e13ba76d7d
2019-10-17 07:43:51,435 [grpc-default-executor-1] INFO  impl.RoleInfo (RoleInfo.java:shutdownFollowerState(121)) - 37bd8e8c-ea68-4b1c-8659-8d001c4f3b5c: shutdown FollowerState
2019-10-17 07:43:51,436 [grpc-default-executor-1] INFO  impl.RoleInfo (RoleInfo.java:updateAndGet(143)) - 37bd8e8c-ea68-4b1c-8659-8d001c4f3b5c: start FollowerState
2019-10-17 07:43:51,436 [Thread-2561] INFO  impl.FollowerState (FollowerState.java:run(117)) - 37bd8e8c-ea68-4b1c-8659-8d001c4f3b5c@group-A9EE991D717F-FollowerState was interrupted: java.lang.InterruptedException: sleep interrupted
2019-10-17 07:43:51,439 [grpc-default-executor-0] INFO  impl.RaftServerImpl (RaftServerImpl.java:setRole(184)) - 24020d0b-ce61-4f5a-b0b0-c561541e8cd4@group-A9EE991D717F: changes role from  FOLLOWER to FOLLOWER at term 349 for recognizeCandidate:2a93f7e5-ecb9-41da-9c47-70e13ba76d7d
2019-10-17 07:43:51,439 [grpc-default-executor-0] INFO  impl.RoleInfo (RoleInfo.java:shutdownFollowerState(121)) - 24020d0b-ce61-4f5a-b0b0-c561541e8cd4: shutdown FollowerState
2019-10-17 07:43:51,439 [grpc-default-executor-0] INFO  impl.RoleInfo (RoleInfo.java:updateAndGet(143)) - 24020d0b-ce61-4f5a-b0b0-c561541e8cd4: start FollowerState
2019-10-17 07:43:51,439 [Thread-2562] INFO  impl.FollowerState (FollowerState.java:run(117)) - 24020d0b-ce61-4f5a-b0b0-c561541e8cd4@group-A9EE991D717F-FollowerState was interrupted: java.lang.InterruptedException: sleep interrupted
2019-10-17 07:43:51,467 [2a93f7e5-ecb9-41da-9c47-70e13ba76d7d@group-A9EE991D717F-LeaderElection325] INFO  impl.LeaderElection (LeaderElection.java:logAndReturn(56)) - 2a93f7e5-ecb9-41da-9c47-70e13ba76d7d@group-A9EE991D717F-LeaderElection325: Election REJECTED; received 2 response(s) [2a93f7e5-ecb9-41da-9c47-70e13ba76d7d<-37bd8e8c-ea68-4b1c-8659-8d001c4f3b5c#0:FAIL-t349, 2a93f7e5-ecb9-41da-9c47-70e13ba76d7d<-24020d0b-ce61-4f5a-b0b0-c561541e8cd4#0:FAIL-t349] and 0 exception(s); 2a93f7e5-ecb9-41da-9c47-70e13ba76d7d@group-A9EE991D717F:t349, leader=null, voted=2a93f7e5-ecb9-41da-9c47-70e13ba76d7d, raftlog=2a93f7e5-ecb9-41da-9c47-70e13ba76d7d@group-A9EE991D717F-SegmentedRaftLog:OPENED:c-1,f0,i0, conf=0: [37bd8e8c-ea68-4b1c-8659-8d001c4f3b5c:192.168.34.62:41632, 24020d0b-ce61-4f5a-b0b0-c561541e8cd4:192.168.34.62:42892, 2a93f7e5-ecb9-41da-9c47-70e13ba76d7d:192.168.34.62:35412], old=null
2019-10-17 07:43:51,467 [2a93f7e5-ecb9-41da-9c47-70e13ba76d7d@group-A9EE991D717F-LeaderElection325] INFO  impl.RaftServerImpl (RaftServerImpl.java:setRole(184)) - 2a93f7e5-ecb9-41da-9c47-70e13ba76d7d@group-A9EE991D717F: changes role from CANDIDATE to FOLLOWER at term 349 for DISCOVERED_A_NEW_TERM
2019-10-17 07:43:51,467 [2a93f7e5-ecb9-41da-9c47-70e13ba76d7d@group-A9EE991D717F-LeaderElection325] INFO  impl.RoleInfo (RoleInfo.java:shutdownLeaderElection(134)) - 2a93f7e5-ecb9-41da-9c47-70e13ba76d7d: shutdown LeaderElection
2019-10-17 07:43:51,467 [2a93f7e5-ecb9-41da-9c47-70e13ba76d7d@group-A9EE991D717F-LeaderElection325] INFO  impl.RoleInfo (RoleInfo.java:updateAndGet(143)) - 2a93f7e5-ecb9-41da-9c47-70e13ba76d7d: start FollowerState
2019-10-17 07:43:51,648 [Thread-2569] INFO  impl.FollowerState (FollowerState.java:run(108)) - 2a93f7e5-ecb9-41da-9c47-70e13ba76d7d@group-A9EE991D717F-FollowerState: change to CANDIDATE, lastRpcTime:180ms, electionTimeout:180ms
2019-10-17 07:43:51,648 [Thread-2569] INFO  impl.RoleInfo (RoleInfo.java:shutdownFollowerState(121)) - 2a93f7e5-ecb9-41da-9c47-70e13ba76d7d: shutdown FollowerState
2019-10-17 07:43:51,648 [Thread-2569] INFO  impl.RaftServerImpl (RaftServerImpl.java:setRole(184)) - 2a93f7e5-ecb9-41da-9c47-70e13ba76d7d@group-A9EE991D717F: changes role from  FOLLOWER to CANDIDATE at term 349 for changeToCandidate
2019-10-17 07:43:51,648 [Thread-2569] INFO  impl.RoleInfo (RoleInfo.java:updateAndGet(143)) - 2a93f7e5-ecb9-41da-9c47-70e13ba76d7d: start LeaderElection
2019-10-17 07:43:51,670 [2a93f7e5-ecb9-41da-9c47-70e13ba76d7d@group-A9EE991D717F-LeaderElection326] INFO  impl.LeaderElection (LeaderElection.java:askForVotes(178)) - 2a93f7e5-ecb9-41da-9c47-70e13ba76d7d@group-A9EE991D717F-LeaderElection326: begin an election at term 350 for 0: [37bd8e8c-ea68-4b1c-8659-8d001c4f3b5c:192.168.34.62:41632, 24020d0b-ce61-4f5a-b0b0-c561541e8cd4:192.168.34.62:42892, 2a93f7e5-ecb9-41da-9c47-70e13ba76d7d:192.168.34.62:35412], old=null
2019-10-17 07:43:51,673 [grpc-default-executor-0] INFO  impl.RaftServerImpl (RaftServerImpl.java:setRole(184)) - 37bd8e8c-ea68-4b1c-8659-8d001c4f3b5c@group-A9EE991D717F: changes role from  FOLLOWER to FOLLOWER at term 350 for recognizeCandidate:2a93f7e5-ecb9-41da-9c47-70e13ba76d7d
2019-10-17 07:43:51,673 [grpc-default-executor-0] INFO  impl.RoleInfo (RoleInfo.java:shutdownFollowerState(121)) - 37bd8e8c-ea68-4b1c-8659-8d001c4f3b5c: shutdown FollowerState
2019-10-17 07:43:51,673 [grpc-default-executor-0] INFO  impl.RoleInfo (RoleInfo.java:updateAndGet(143)) - 37bd8e8c-ea68-4b1c-8659-8d001c4f3b5c: start FollowerState
2019-10-17 07:43:51,673 [Thread-2567] INFO  impl.FollowerState (FollowerState.java:run(117)) - 37bd8e8c-ea68-4b1c-8659-8d001c4f3b5c@group-A9EE991D717F-FollowerState was interrupted: java.lang.InterruptedException: sleep interrupted
2019-10-17 07:43:51,673 [grpc-default-executor-1] INFO  impl.RaftServerImpl (RaftServerImpl.java:setRole(184)) - 24020d0b-ce61-4f5a-b0b0-c561541e8cd4@group-A9EE991D717F: changes role from  FOLLOWER to FOLLOWER at term 350 for recognizeCandidate:2a93f7e5-ecb9-41da-9c47-70e13ba76d7d
2019-10-17 07:43:51,673 [grpc-default-executor-1] INFO  impl.RoleInfo (RoleInfo.java:shutdownFollowerState(121)) - 24020d0b-ce61-4f5a-b0b0-c561541e8cd4: shutdown FollowerState
2019-10-17 07:43:51,674 [grpc-default-executor-1] INFO  impl.RoleInfo (RoleInfo.java:updateAndGet(143)) - 24020d0b-ce61-4f5a-b0b0-c561541e8cd4: start FollowerState
2019-10-17 07:43:51,674 [Thread-2568] INFO  impl.FollowerState (FollowerState.java:run(117)) - 24020d0b-ce61-4f5a-b0b0-c561541e8cd4@group-A9EE991D717F-FollowerState was interrupted: java.lang.InterruptedException: sleep interrupted
2019-10-17 07:43:51,688 [2a93f7e5-ecb9-41da-9c47-70e13ba76d7d@group-A9EE991D717F-LeaderElection326] INFO  impl.LeaderElection (LeaderElection.java:logAndReturn(56)) - 2a93f7e5-ecb9-41da-9c47-70e13ba76d7d@group-A9EE991D717F-LeaderElection326: Election REJECTED; received 2 response(s) [2a93f7e5-ecb9-41da-9c47-70e13ba76d7d<-37bd8e8c-ea68-4b1c-8659-8d001c4f3b5c#0:FAIL-t350, 2a93f7e5-ecb9-41da-9c47-70e13ba76d7d<-24020d0b-ce61-4f5a-b0b0-c561541e8cd4#0:FAIL-t350] and 0 exception(s); 2a93f7e5-ecb9-41da-9c47-70e13ba76d7d@group-A9EE991D717F:t350, leader=null, voted=2a93f7e5-ecb9-41da-9c47-70e13ba76d7d, raftlog=2a93f7e5-ecb9-41da-9c47-70e13ba76d7d@group-A9EE991D717F-SegmentedRaftLog:OPENED:c-1,f0,i0, conf=0: [37bd8e8c-ea68-4b1c-8659-8d001c4f3b5c:192.168.34.62:41632, 24020d0b-ce61-4f5a-b0b0-c561541e8cd4:192.168.34.62:42892, 2a93f7e5-ecb9-41da-9c47-70e13ba76d7d:192.168.34.62:35412], old=null
2019-10-17 07:43:51,689 [2a93f7e5-ecb9-41da-9c47-70e13ba76d7d@group-A9EE991D717F-LeaderElection326] INFO  impl.RaftServerImpl (RaftServerImpl.java:setRole(184)) - 2a93f7e5-ecb9-41da-9c47-70e13ba76d7d@group-A9EE991D717F: changes role from CANDIDATE to FOLLOWER at term 350 for DISCOVERED_A_NEW_TERM
2019-10-17 07:43:51,689 [2a93f7e5-ecb9-41da-9c47-70e13ba76d7d@group-A9EE991D717F-LeaderElection326] INFO  impl.RoleInfo (RoleInfo.java:shutdownLeaderElection(134)) - 2a93f7e5-ecb9-41da-9c47-70e13ba76d7d: shutdown LeaderElection
2019-10-17 07:43:51,689 [2a93f7e5-ecb9-41da-9c47-70e13ba76d7d@group-A9EE991D717F-LeaderElection326] INFO  impl.RoleInfo (RoleInfo.java:updateAndGet(143)) - 2a93f7e5-ecb9-41da-9c47-70e13ba76d7d: start FollowerState
2019-10-17 07:43:51,730 [Thread-2575] INFO  impl.FollowerState (FollowerState.java:run(108)) - 2a93f7e5-ecb9-41da-9c47-70e13ba76d7d@group-A9EE991D717F-FollowerState: change to CANDIDATE, lastRpcTime:41ms, electionTimeout:41ms
2019-10-17 07:43:51,730 [Thread-2575] INFO  impl.RoleInfo (RoleInfo.java:shutdownFollowerState(121)) - 2a93f7e5-ecb9-41da-9c47-70e13ba76d7d: shutdown FollowerState
2019-10-17 07:43:51,730 [Thread-2575] INFO  impl.RaftServerImpl (RaftServerImpl.java:setRole(184)) - 2a93f7e5-ecb9-41da-9c47-70e13ba76d7d@group-A9EE991D717F: changes role from  FOLLOWER to CANDIDATE at term 350 for changeToCandidate
2019-10-17 07:43:51,731 [Thread-2575] INFO  impl.RoleInfo (RoleInfo.java:updateAndGet(143)) - 2a93f7e5-ecb9-41da-9c47-70e13ba76d7d: start LeaderElection
2019-10-17 07:43:51,744 [2a93f7e5-ecb9-41da-9c47-70e13ba76d7d@group-A9EE991D717F-LeaderElection327] INFO  impl.LeaderElection (LeaderElection.java:askForVotes(178)) - 2a93f7e5-ecb9-41da-9c47-70e13ba76d7d@group-A9EE991D717F-LeaderElection327: begin an election at term 351 for 0: [37bd8e8c-ea68-4b1c-8659-8d001c4f3b5c:192.168.34.62:41632, 24020d0b-ce61-4f5a-b0b0-c561541e8cd4:192.168.34.62:42892, 2a93f7e5-ecb9-41da-9c47-70e13ba76d7d:192.168.34.62:35412], old=null
2019-10-17 07:43:51,746 [grpc-default-executor-1] INFO  impl.RaftServerImpl (RaftServerImpl.java:setRole(184)) - 37bd8e8c-ea68-4b1c-8659-8d001c4f3b5c@group-A9EE991D717F: changes role from  FOLLOWER to FOLLOWER at term 351 for recognizeCandidate:2a93f7e5-ecb9-41da-9c47-70e13ba76d7d
2019-10-17 07:43:51,747 [grpc-default-executor-1] INFO  impl.RoleInfo (RoleInfo.java:shutdownFollowerState(121)) - 37bd8e8c-ea68-4b1c-8659-8d001c4f3b5c: shutdown FollowerState
2019-10-17 07:43:51,747 [grpc-default-executor-1] INFO  impl.RoleInfo (RoleInfo.java:updateAndGet(143)) - 37bd8e8c-ea68-4b1c-8659-8d001c4f3b5c: start FollowerState
2019-10-17 07:43:51,747 [Thread-2573] INFO  impl.FollowerState (FollowerState.java:run(117)) - 37bd8e8c-ea68-4b1c-8659-8d001c4f3b5c@group-A9EE991D717F-FollowerState was interrupted: java.lang.InterruptedException: sleep interrupted
2019-10-17 07:43:51,747 [grpc-default-executor-0] INFO  impl.RaftServerImpl (RaftServerImpl.java:setRole(184)) - 24020d0b-ce61-4f5a-b0b0-c561541e8cd4@group-A9EE991D717F: changes role from  FOLLOWER to FOLLOWER at term 351 for recognizeCandidate:2a93f7e5-ecb9-41da-9c47-70e13ba76d7d
2019-10-17 07:43:51,747 [grpc-default-executor-0] INFO  impl.RoleInfo (RoleInfo.java:shutdownFollowerState(121)) - 24020d0b-ce61-4f5a-b0b0-c561541e8cd4: shutdown FollowerState
2019-10-17 07:43:51,748 [grpc-default-executor-0] INFO  impl.RoleInfo (RoleInfo.java:updateAndGet(143)) - 24020d0b-ce61-4f5a-b0b0-c561541e8cd4: start FollowerState
2019-10-17 07:43:51,748 [Thread-2574] INFO  impl.FollowerState (FollowerState.java:run(117)) - 24020d0b-ce61-4f5a-b0b0-c561541e8cd4@group-A9EE991D717F-FollowerState was interrupted: java.lang.InterruptedException: sleep interrupted
2019-10-17 07:43:51,763 [2a93f7e5-ecb9-41da-9c47-70e13ba76d7d@group-A9EE991D717F-LeaderElection327] INFO  impl.LeaderElection (LeaderElection.java:logAndReturn(56)) - 2a93f7e5-ecb9-41da-9c47-70e13ba76d7d@group-A9EE991D717F-LeaderElection327: Election REJECTED; received 2 response(s) [2a93f7e5-ecb9-41da-9c47-70e13ba76d7d<-37bd8e8c-ea68-4b1c-8659-8d001c4f3b5c#0:FAIL-t351, 2a93f7e5-ecb9-41da-9c47-70e13ba76d7d<-24020d0b-ce61-4f5a-b0b0-c561541e8cd4#0:FAIL-t351] and 0 exception(s); 2a93f7e5-ecb9-41da-9c47-70e13ba76d7d@group-A9EE991D717F:t351, leader=null, voted=2a93f7e5-ecb9-41da-9c47-70e13ba76d7d, raftlog=2a93f7e5-ecb9-41da-9c47-70e13ba76d7d@group-A9EE991D717F-SegmentedRaftLog:OPENED:c-1,f0,i0, conf=0: [37bd8e8c-ea68-4b1c-8659-8d001c4f3b5c:192.168.34.62:41632, 24020d0b-ce61-4f5a-b0b0-c561541e8cd4:192.168.34.62:42892, 2a93f7e5-ecb9-41da-9c47-70e13ba76d7d:192.168.34.62:35412], old=null
2019-10-17 07:43:51,763 [2a93f7e5-ecb9-41da-9c47-70e13ba76d7d@group-A9EE991D717F-LeaderElection327] INFO  impl.RaftServerImpl (RaftServerImpl.java:setRole(184)) - 2a93f7e5-ecb9-41da-9c47-70e13ba76d7d@group-A9EE991D717F: changes role from CANDIDATE to FOLLOWER at term 351 for DISCOVERED_A_NEW_TERM
2019-10-17 07:43:51,763 [2a93f7e5-ecb9-41da-9c47-70e13ba76d7d@group-A9EE991D717F-LeaderElection327] INFO  impl.RoleInfo (RoleInfo.java:shutdownLeaderElection(134)) - 2a93f7e5-ecb9-41da-9c47-70e13ba76d7d: shutdown LeaderElection
2019-10-17 07:43:51,764 [2a93f7e5-ecb9-41da-9c47-70e13ba76d7d@group-A9EE991D717F-LeaderElection327] INFO  impl.RoleInfo (RoleInfo.java:updateAndGet(143)) - 2a93f7e5-ecb9-41da-9c47-70e13ba76d7d: start FollowerState
2019-10-17 07:43:51,863 [Thread-2581] INFO  impl.FollowerState (FollowerState.java:run(108)) - 2a93f7e5-ecb9-41da-9c47-70e13ba76d7d@group-A9EE991D717F-FollowerState: change to CANDIDATE, lastRpcTime:99ms, electionTimeout:99ms
2019-10-17 07:43:51,863 [Thread-2581] INFO  impl.RoleInfo (RoleInfo.java:shutdownFollowerState(121)) - 2a93f7e5-ecb9-41da-9c47-70e13ba76d7d: shutdown FollowerState
2019-10-17 07:43:51,863 [Thread-2581] INFO  impl.RaftServerImpl (RaftServerImpl.java:setRole(184)) - 2a93f7e5-ecb9-41da-9c47-70e13ba76d7d@group-A9EE991D717F: changes role from  FOLLOWER to CANDIDATE at term 351 for changeToCandidate
2019-10-17 07:43:51,864 [Thread-2581] INFO  impl.RoleInfo (RoleInfo.java:updateAndGet(143)) - 2a93f7e5-ecb9-41da-9c47-70e13ba76d7d: start LeaderElection
2019-10-17 07:43:51,899 [2a93f7e5-ecb9-41da-9c47-70e13ba76d7d@group-A9EE991D717F-LeaderElection328] INFO  impl.LeaderElection (LeaderElection.java:askForVotes(178)) - 2a93f7e5-ecb9-41da-9c47-70e13ba76d7d@group-A9EE991D717F-LeaderElection328: begin an election at term 352 for 0: [37bd8e8c-ea68-4b1c-8659-8d001c4f3b5c:192.168.34.62:41632, 24020d0b-ce61-4f5a-b0b0-c561541e8cd4:192.168.34.62:42892, 2a93f7e5-ecb9-41da-9c47-70e13ba76d7d:192.168.34.62:35412], old=null
2019-10-17 07:43:51,902 [grpc-default-executor-0] INFO  impl.RaftServerImpl (RaftServerImpl.java:setRole(184)) - 37bd8e8c-ea68-4b1c-8659-8d001c4f3b5c@group-A9EE991D717F: changes role from  FOLLOWER to FOLLOWER at term 352 for recognizeCandidate:2a93f7e5-ecb9-41da-9c47-70e13ba76d7d
2019-10-17 07:43:51,902 [grpc-default-executor-1] INFO  impl.RaftServerImpl (RaftServerImpl.java:setRole(184)) - 24020d0b-ce61-4f5a-b0b0-c561541e8cd4@group-A9EE991D717F: changes role from  FOLLOWER to FOLLOWER at term 352 for recognizeCandidate:2a93f7e5-ecb9-41da-9c47-70e13ba76d7d
2019-10-17 07:43:51,902 [grpc-default-executor-0] INFO  impl.RoleInfo (RoleInfo.java:shutdownFollowerState(121)) - 37bd8e8c-ea68-4b1c-8659-8d001c4f3b5c: shutdown FollowerState
2019-10-17 07:43:51,902 [grpc-default-executor-1] INFO  impl.RoleInfo (RoleInfo.java:shutdownFollowerState(121)) - 24020d0b-ce61-4f5a-b0b0-c561541e8cd4: shutdown FollowerState
2019-10-17 07:43:51,902 [Thread-2579] INFO  impl.FollowerState (FollowerState.java:run(117)) - 37bd8e8c-ea68-4b1c-8659-8d001c4f3b5c@group-A9EE991D717F-FollowerState was interrupted: java.lang.InterruptedException: sleep interrupted
2019-10-17 07:43:51,903 [Thread-2580] INFO  impl.FollowerState (FollowerState.java:run(117)) - 24020d0b-ce61-4f5a-b0b0-c561541e8cd4@group-A9EE991D717F-FollowerState was interrupted: java.lang.InterruptedException: sleep interrupted
2019-10-17 07:43:51,902 [grpc-default-executor-0] INFO  impl.RoleInfo (RoleInfo.java:updateAndGet(143)) - 37bd8e8c-ea68-4b1c-8659-8d001c4f3b5c: start FollowerState
2019-10-17 07:43:51,903 [grpc-default-executor-1] INFO  impl.RoleInfo (RoleInfo.java:updateAndGet(143)) - 24020d0b-ce61-4f5a-b0b0-c561541e8cd4: start FollowerState
2019-10-17 07:43:51,927 [2a93f7e5-ecb9-41da-9c47-70e13ba76d7d@group-A9EE991D717F-LeaderElection328] INFO  impl.LeaderElection (LeaderElection.java:logAndReturn(56)) - 2a93f7e5-ecb9-41da-9c47-70e13ba76d7d@group-A9EE991D717F-LeaderElection328: Election REJECTED; received 2 response(s) [2a93f7e5-ecb9-41da-9c47-70e13ba76d7d<-37bd8e8c-ea68-4b1c-8659-8d001c4f3b5c#0:FAIL-t352, 2a93f7e5-ecb9-41da-9c47-70e13ba76d7d<-24020d0b-ce61-4f5a-b0b0-c561541e8cd4#0:FAIL-t352] and 0 exception(s); 2a93f7e5-ecb9-41da-9c47-70e13ba76d7d@group-A9EE991D717F:t352, leader=null, voted=2a93f7e5-ecb9-41da-9c47-70e13ba76d7d, raftlog=2a93f7e5-ecb9-41da-9c47-70e13ba76d7d@group-A9EE991D717F-SegmentedRaftLog:OPENED:c-1,f0,i0, conf=0: [37bd8e8c-ea68-4b1c-8659-8d001c4f3b5c:192.168.34.62:41632, 24020d0b-ce61-4f5a-b0b0-c561541e8cd4:192.168.34.62:42892, 2a93f7e5-ecb9-41da-9c47-70e13ba76d7d:192.168.34.62:35412], old=null
2019-10-17 07:43:51,927 [2a93f7e5-ecb9-41da-9c47-70e13ba76d7d@group-A9EE991D717F-LeaderElection328] INFO  impl.RaftServerImpl (RaftServerImpl.java:setRole(184)) - 2a93f7e5-ecb9-41da-9c47-70e13ba76d7d@group-A9EE991D717F: changes role from CANDIDATE to FOLLOWER at term 352 for DISCOVERED_A_NEW_TERM
2019-10-17 07:43:51,928 [2a93f7e5-ecb9-41da-9c47-70e13ba76d7d@group-A9EE991D717F-LeaderElection328] INFO  impl.RoleInfo (RoleInfo.java:shutdownLeaderElection(134)) - 2a93f7e5-ecb9-41da-9c47-70e13ba76d7d: shutdown LeaderElection
2019-10-17 07:43:51,928 [2a93f7e5-ecb9-41da-9c47-70e13ba76d7d@group-A9EE991D717F-LeaderElection328] INFO  impl.RoleInfo (RoleInfo.java:updateAndGet(143)) - 2a93f7e5-ecb9-41da-9c47-70e13ba76d7d: start FollowerState
2019-10-17 07:43:52,007 [Thread-2587] INFO  impl.FollowerState (FollowerState.java:run(108)) - 2a93f7e5-ecb9-41da-9c47-70e13ba76d7d@group-A9EE991D717F-FollowerState: change to CANDIDATE, lastRpcTime:79ms, electionTimeout:79ms
2019-10-17 07:43:52,007 [Thread-2587] INFO  impl.RoleInfo (RoleInfo.java:shutdownFollowerState(121)) - 2a93f7e5-ecb9-41da-9c47-70e13ba76d7d: shutdown FollowerState
2019-10-17 07:43:52,007 [Thread-2587] INFO  impl.RaftServerImpl (RaftServerImpl.java:setRole(184)) - 2a93f7e5-ecb9-41da-9c47-70e13ba76d7d@group-A9EE991D717F: changes role from  FOLLOWER to CANDIDATE at term 352 for changeToCandidate
2019-10-17 07:43:52,008 [Thread-2587] INFO  impl.RoleInfo (RoleInfo.java:updateAndGet(143)) - 2a93f7e5-ecb9-41da-9c47-70e13ba76d7d: start LeaderElection
2019-10-17 07:43:52,032 [2a93f7e5-ecb9-41da-9c47-70e13ba76d7d@group-A9EE991D717F-LeaderElection329] INFO  impl.LeaderElection (LeaderElection.java:askForVotes(178)) - 2a93f7e5-ecb9-41da-9c47-70e13ba76d7d@group-A9EE991D717F-LeaderElection329: begin an election at term 353 for 0: [37bd8e8c-ea68-4b1c-8659-8d001c4f3b5c:192.168.34.62:41632, 24020d0b-ce61-4f5a-b0b0-c561541e8cd4:192.168.34.62:42892, 2a93f7e5-ecb9-41da-9c47-70e13ba76d7d:192.168.34.62:35412], old=null
2019-10-17 07:43:52,034 [grpc-default-executor-0] INFO  impl.RaftServerImpl (RaftServerImpl.java:setRole(184)) - 37bd8e8c-ea68-4b1c-8659-8d001c4f3b5c@group-A9EE991D717F: changes role from  FOLLOWER to FOLLOWER at term 353 for recognizeCandidate:2a93f7e5-ecb9-41da-9c47-70e13ba76d7d
2019-10-17 07:43:52,034 [grpc-default-executor-1] INFO  impl.RaftServerImpl (RaftServerImpl.java:setRole(184)) - 24020d0b-ce61-4f5a-b0b0-c561541e8cd4@group-A9EE991D717F: changes role from  FOLLOWER to FOLLOWER at term 353 for recognizeCandidate:2a93f7e5-ecb9-41da-9c47-70e13ba76d7d
2019-10-17 07:43:52,035 [grpc-default-executor-1] INFO  impl.RoleInfo (RoleInfo.java:shutdownFollowerState(121)) - 24020d0b-ce61-4f5a-b0b0-c561541e8cd4: shutdown FollowerState
2019-10-17 07:43:52,035 [grpc-default-executor-0] INFO  impl.RoleInfo (RoleInfo.java:shutdownFollowerState(121)) - 37bd8e8c-ea68-4b1c-8659-8d001c4f3b5c: shutdown FollowerState
2019-10-17 07:43:52,035 [Thread-2586] INFO  impl.FollowerState (FollowerState.java:run(117)) - 24020d0b-ce61-4f5a-b0b0-c561541e8cd4@group-A9EE991D717F-FollowerState was interrupted: java.lang.InterruptedException: sleep interrupted
2019-10-17 07:43:52,035 [Thread-2585] INFO  impl.FollowerState (FollowerState.java:run(117)) - 37bd8e8c-ea68-4b1c-8659-8d001c4f3b5c@group-A9EE991D717F-FollowerState was interrupted: java.lang.InterruptedException: sleep interrupted
2019-10-17 07:43:52,035 [grpc-default-executor-1] INFO  impl.RoleInfo (RoleInfo.java:updateAndGet(143)) - 24020d0b-ce61-4f5a-b0b0-c561541e8cd4: start FollowerState
2019-10-17 07:43:52,035 [grpc-default-executor-0] INFO  impl.RoleInfo (RoleInfo.java:updateAndGet(143)) - 37bd8e8c-ea68-4b1c-8659-8d001c4f3b5c: start FollowerState
2019-10-17 07:43:52,060 [2a93f7e5-ecb9-41da-9c47-70e13ba76d7d@group-A9EE991D717F-LeaderElection329] INFO  impl.LeaderElection (LeaderElection.java:logAndReturn(56)) - 2a93f7e5-ecb9-41da-9c47-70e13ba76d7d@group-A9EE991D717F-LeaderElection329: Election REJECTED; received 2 response(s) [2a93f7e5-ecb9-41da-9c47-70e13ba76d7d<-37bd8e8c-ea68-4b1c-8659-8d001c4f3b5c#0:FAIL-t353, 2a93f7e5-ecb9-41da-9c47-70e13ba76d7d<-24020d0b-ce61-4f5a-b0b0-c561541e8cd4#0:FAIL-t353] and 0 exception(s); 2a93f7e5-ecb9-41da-9c47-70e13ba76d7d@group-A9EE991D717F:t353, leader=null, voted=2a93f7e5-ecb9-41da-9c47-70e13ba76d7d, raftlog=2a93f7e5-ecb9-41da-9c47-70e13ba76d7d@group-A9EE991D717F-SegmentedRaftLog:OPENED:c-1,f0,i0, conf=0: [37bd8e8c-ea68-4b1c-8659-8d001c4f3b5c:192.168.34.62:41632, 24020d0b-ce61-4f5a-b0b0-c561541e8cd4:192.168.34.62:42892, 2a93f7e5-ecb9-41da-9c47-70e13ba76d7d:192.168.34.62:35412], old=null
2019-10-17 07:43:52,060 [2a93f7e5-ecb9-41da-9c47-70e13ba76d7d@group-A9EE991D717F-LeaderElection329] INFO  impl.RaftServerImpl (RaftServerImpl.java:setRole(184)) - 2a93f7e5-ecb9-41da-9c47-70e13ba76d7d@group-A9EE991D717F: changes role from CANDIDATE to FOLLOWER at term 353 for DISCOVERED_A_NEW_TERM
2019-10-17 07:43:52,060 [2a93f7e5-ecb9-41da-9c47-70e13ba76d7d@group-A9EE991D717F-LeaderElection329] INFO  impl.RoleInfo (RoleInfo.java:shutdownLeaderElection(134)) - 2a93f7e5-ecb9-41da-9c47-70e13ba76d7d: shutdown LeaderElection
2019-10-17 07:43:52,060 [2a93f7e5-ecb9-41da-9c47-70e13ba76d7d@group-A9EE991D717F-LeaderElection329] INFO  impl.RoleInfo (RoleInfo.java:updateAndGet(143)) - 2a93f7e5-ecb9-41da-9c47-70e13ba76d7d: start FollowerState
2019-10-17 07:43:52,179 [Thread-2593] INFO  impl.FollowerState (FollowerState.java:run(108)) - 2a93f7e5-ecb9-41da-9c47-70e13ba76d7d@group-A9EE991D717F-FollowerState: change to CANDIDATE, lastRpcTime:118ms, electionTimeout:118ms
2019-10-17 07:43:52,179 [Thread-2593] INFO  impl.RoleInfo (RoleInfo.java:shutdownFollowerState(121)) - 2a93f7e5-ecb9-41da-9c47-70e13ba76d7d: shutdown FollowerState
2019-10-17 07:43:52,179 [Thread-2593] INFO  impl.RaftServerImpl (RaftServerImpl.java:setRole(184)) - 2a93f7e5-ecb9-41da-9c47-70e13ba76d7d@group-A9EE991D717F: changes role from  FOLLOWER to CANDIDATE at term 353 for changeToCandidate
2019-10-17 07:43:52,179 [Thread-2593] INFO  impl.RoleInfo (RoleInfo.java:updateAndGet(143)) - 2a93f7e5-ecb9-41da-9c47-70e13ba76d7d: start LeaderElection
2019-10-17 07:43:52,203 [2a93f7e5-ecb9-41da-9c47-70e13ba76d7d@group-A9EE991D717F-LeaderElection330] INFO  impl.LeaderElection (LeaderElection.java:askForVotes(178)) - 2a93f7e5-ecb9-41da-9c47-70e13ba76d7d@group-A9EE991D717F-LeaderElection330: begin an election at term 354 for 0: [37bd8e8c-ea68-4b1c-8659-8d001c4f3b5c:192.168.34.62:41632, 24020d0b-ce61-4f5a-b0b0-c561541e8cd4:192.168.34.62:42892, 2a93f7e5-ecb9-41da-9c47-70e13ba76d7d:192.168.34.62:35412], old=null
2019-10-17 07:43:52,205 [grpc-default-executor-0] INFO  impl.RaftServerImpl (RaftServerImpl.java:setRole(184)) - 37bd8e8c-ea68-4b1c-8659-8d001c4f3b5c@group-A9EE991D717F: changes role from  FOLLOWER to FOLLOWER at term 354 for recognizeCandidate:2a93f7e5-ecb9-41da-9c47-70e13ba76d7d
2019-10-17 07:43:52,205 [grpc-default-executor-0] INFO  impl.RoleInfo (RoleInfo.java:shutdownFollowerState(121)) - 37bd8e8c-ea68-4b1c-8659-8d001c4f3b5c: shutdown FollowerState
2019-10-17 07:43:52,205 [grpc-default-executor-0] INFO  impl.RoleInfo (RoleInfo.java:updateAndGet(143)) - 37bd8e8c-ea68-4b1c-8659-8d001c4f3b5c: start FollowerState
2019-10-17 07:43:52,205 [Thread-2592] INFO  impl.FollowerState (FollowerState.java:run(117)) - 37bd8e8c-ea68-4b1c-8659-8d001c4f3b5c@group-A9EE991D717F-FollowerState was interrupted: java.lang.InterruptedException: sleep interrupted
2019-10-17 07:43:52,205 [grpc-default-executor-1] INFO  impl.RaftServerImpl (RaftServerImpl.java:setRole(184)) - 24020d0b-ce61-4f5a-b0b0-c561541e8cd4@group-A9EE991D717F: changes role from  FOLLOWER to FOLLOWER at term 354 for recognizeCandidate:2a93f7e5-ecb9-41da-9c47-70e13ba76d7d
2019-10-17 07:43:52,206 [grpc-default-executor-1] INFO  impl.RoleInfo (RoleInfo.java:shutdownFollowerState(121)) - 24020d0b-ce61-4f5a-b0b0-c561541e8cd4: shutdown FollowerState
2019-10-17 07:43:52,206 [grpc-default-executor-1] INFO  impl.RoleInfo (RoleInfo.java:updateAndGet(143)) - 24020d0b-ce61-4f5a-b0b0-c561541e8cd4: start FollowerState
2019-10-17 07:43:52,206 [Thread-2591] INFO  impl.FollowerState (FollowerState.java:run(117)) - 24020d0b-ce61-4f5a-b0b0-c561541e8cd4@group-A9EE991D717F-FollowerState was interrupted: java.lang.InterruptedException: sleep interrupted
2019-10-17 07:43:52,230 [2a93f7e5-ecb9-41da-9c47-70e13ba76d7d@group-A9EE991D717F-LeaderElection330] INFO  impl.LeaderElection (LeaderElection.java:logAndReturn(56)) - 2a93f7e5-ecb9-41da-9c47-70e13ba76d7d@group-A9EE991D717F-LeaderElection330: Election REJECTED; received 2 response(s) [2a93f7e5-ecb9-41da-9c47-70e13ba76d7d<-37bd8e8c-ea68-4b1c-8659-8d001c4f3b5c#0:FAIL-t354, 2a93f7e5-ecb9-41da-9c47-70e13ba76d7d<-24020d0b-ce61-4f5a-b0b0-c561541e8cd4#0:FAIL-t354] and 0 exception(s); 2a93f7e5-ecb9-41da-9c47-70e13ba76d7d@group-A9EE991D717F:t354, leader=null, voted=2a93f7e5-ecb9-41da-9c47-70e13ba76d7d, raftlog=2a93f7e5-ecb9-41da-9c47-70e13ba76d7d@group-A9EE991D717F-SegmentedRaftLog:OPENED:c-1,f0,i0, conf=0: [37bd8e8c-ea68-4b1c-8659-8d001c4f3b5c:192.168.34.62:41632, 24020d0b-ce61-4f5a-b0b0-c561541e8cd4:192.168.34.62:42892, 2a93f7e5-ecb9-41da-9c47-70e13ba76d7d:192.168.34.62:35412], old=null
2019-10-17 07:43:52,231 [2a93f7e5-ecb9-41da-9c47-70e13ba76d7d@group-A9EE991D717F-LeaderElection330] INFO  impl.RaftServerImpl (RaftServerImpl.java:setRole(184)) - 2a93f7e5-ecb9-41da-9c47-70e13ba76d7d@group-A9EE991D717F: changes role from CANDIDATE to FOLLOWER at term 354 for DISCOVERED_A_NEW_TERM
2019-10-17 07:43:52,231 [2a93f7e5-ecb9-41da-9c47-70e13ba76d7d@group-A9EE991D717F-LeaderElection330] INFO  impl.RoleInfo (RoleInfo.java:shutdownLeaderElection(134)) - 2a93f7e5-ecb9-41da-9c47-70e13ba76d7d: shutdown LeaderElection
2019-10-17 07:43:52,231 [2a93f7e5-ecb9-41da-9c47-70e13ba76d7d@group-A9EE991D717F-LeaderElection330] INFO  impl.RoleInfo (RoleInfo.java:updateAndGet(143)) - 2a93f7e5-ecb9-41da-9c47-70e13ba76d7d: start FollowerState
2019-10-17 07:43:52,358 [Thread-2599] INFO  impl.FollowerState (FollowerState.java:run(108)) - 2a93f7e5-ecb9-41da-9c47-70e13ba76d7d@group-A9EE991D717F-FollowerState: change to CANDIDATE, lastRpcTime:127ms, electionTimeout:127ms
2019-10-17 07:43:52,359 [Thread-2599] INFO  impl.RoleInfo (RoleInfo.java:shutdownFollowerState(121)) - 2a93f7e5-ecb9-41da-9c47-70e13ba76d7d: shutdown FollowerState
2019-10-17 07:43:52,359 [Thread-2599] INFO  impl.RaftServerImpl (RaftServerImpl.java:setRole(184)) - 2a93f7e5-ecb9-41da-9c47-70e13ba76d7d@group-A9EE991D717F: changes role from  FOLLOWER to CANDIDATE at term 354 for changeToCandidate
2019-10-17 07:43:52,359 [Thread-2599] INFO  impl.RoleInfo (RoleInfo.java:updateAndGet(143)) - 2a93f7e5-ecb9-41da-9c47-70e13ba76d7d: start LeaderElection
2019-10-17 07:43:52,388 [2a93f7e5-ecb9-41da-9c47-70e13ba76d7d@group-A9EE991D717F-LeaderElection331] INFO  impl.LeaderElection (LeaderElection.java:askForVotes(178)) - 2a93f7e5-ecb9-41da-9c47-70e13ba76d7d@group-A9EE991D717F-LeaderElection331: begin an election at term 355 for 0: [37bd8e8c-ea68-4b1c-8659-8d001c4f3b5c:192.168.34.62:41632, 24020d0b-ce61-4f5a-b0b0-c561541e8cd4:192.168.34.62:42892, 2a93f7e5-ecb9-41da-9c47-70e13ba76d7d:192.168.34.62:35412], old=null
2019-10-17 07:43:52,390 [grpc-default-executor-1] INFO  impl.RaftServerImpl (RaftServerImpl.java:setRole(184)) - 37bd8e8c-ea68-4b1c-8659-8d001c4f3b5c@group-A9EE991D717F: changes role from  FOLLOWER to FOLLOWER at term 355 for recognizeCandidate:2a93f7e5-ecb9-41da-9c47-70e13ba76d7d
2019-10-17 07:43:52,390 [grpc-default-executor-1] INFO  impl.RoleInfo (RoleInfo.java:shutdownFollowerState(121)) - 37bd8e8c-ea68-4b1c-8659-8d001c4f3b5c: shutdown FollowerState
2019-10-17 07:43:52,391 [grpc-default-executor-1] INFO  impl.RoleInfo (RoleInfo.java:updateAndGet(143)) - 37bd8e8c-ea68-4b1c-8659-8d001c4f3b5c: start FollowerState
2019-10-17 07:43:52,391 [Thread-2597] INFO  impl.FollowerState (FollowerState.java:run(117)) - 37bd8e8c-ea68-4b1c-8659-8d001c4f3b5c@group-A9EE991D717F-FollowerState was interrupted: java.lang.InterruptedException: sleep interrupted
2019-10-17 07:43:52,391 [grpc-default-executor-0] INFO  impl.RaftServerImpl (RaftServerImpl.java:setRole(184)) - 24020d0b-ce61-4f5a-b0b0-c561541e8cd4@group-A9EE991D717F: changes role from  FOLLOWER to FOLLOWER at term 355 for recognizeCandidate:2a93f7e5-ecb9-41da-9c47-70e13ba76d7d
2019-10-17 07:43:52,391 [grpc-default-executor-0] INFO  impl.RoleInfo (RoleInfo.java:shutdownFollowerState(121)) - 24020d0b-ce61-4f5a-b0b0-c561541e8cd4: shutdown FollowerState
2019-10-17 07:43:52,391 [grpc-default-executor-0] INFO  impl.RoleInfo (RoleInfo.java:updateAndGet(143)) - 24020d0b-ce61-4f5a-b0b0-c561541e8cd4: start FollowerState
2019-10-17 07:43:52,391 [Thread-2598] INFO  impl.FollowerState (FollowerState.java:run(117)) - 24020d0b-ce61-4f5a-b0b0-c561541e8cd4@group-A9EE991D717F-FollowerState was interrupted: java.lang.InterruptedException: sleep interrupted
2019-10-17 07:43:52,431 [2a93f7e5-ecb9-41da-9c47-70e13ba76d7d@group-A9EE991D717F-LeaderElection331] INFO  impl.LeaderElection (LeaderElection.java:logAndReturn(56)) - 2a93f7e5-ecb9-41da-9c47-70e13ba76d7d@group-A9EE991D717F-LeaderElection331: Election REJECTED; received 2 response(s) [2a93f7e5-ecb9-41da-9c47-70e13ba76d7d<-37bd8e8c-ea68-4b1c-8659-8d001c4f3b5c#0:FAIL-t355, 2a93f7e5-ecb9-41da-9c47-70e13ba76d7d<-24020d0b-ce61-4f5a-b0b0-c561541e8cd4#0:FAIL-t355] and 0 exception(s); 2a93f7e5-ecb9-41da-9c47-70e13ba76d7d@group-A9EE991D717F:t355, leader=null, voted=2a93f7e5-ecb9-41da-9c47-70e13ba76d7d, raftlog=2a93f7e5-ecb9-41da-9c47-70e13ba76d7d@group-A9EE991D717F-SegmentedRaftLog:OPENED:c-1,f0,i0, conf=0: [37bd8e8c-ea68-4b1c-8659-8d001c4f3b5c:192.168.34.62:41632, 24020d0b-ce61-4f5a-b0b0-c561541e8cd4:192.168.34.62:42892, 2a93f7e5-ecb9-41da-9c47-70e13ba76d7d:192.168.34.62:35412], old=null
2019-10-17 07:43:52,431 [2a93f7e5-ecb9-41da-9c47-70e13ba76d7d@group-A9EE991D717F-LeaderElection331] INFO  impl.RaftServerImpl (RaftServerImpl.java:setRole(184)) - 2a93f7e5-ecb9-41da-9c47-70e13ba76d7d@group-A9EE991D717F: changes role from CANDIDATE to FOLLOWER at term 355 for DISCOVERED_A_NEW_TERM
2019-10-17 07:43:52,432 [2a93f7e5-ecb9-41da-9c47-70e13ba76d7d@group-A9EE991D717F-LeaderElection331] INFO  impl.RoleInfo (RoleInfo.java:shutdownLeaderElection(134)) - 2a93f7e5-ecb9-41da-9c47-70e13ba76d7d: shutdown LeaderElection
2019-10-17 07:43:52,432 [2a93f7e5-ecb9-41da-9c47-70e13ba76d7d@group-A9EE991D717F-LeaderElection331] INFO  impl.RoleInfo (RoleInfo.java:updateAndGet(143)) - 2a93f7e5-ecb9-41da-9c47-70e13ba76d7d: start FollowerState
2019-10-17 07:43:52,527 [Thread-2605] INFO  impl.FollowerState (FollowerState.java:run(108)) - 2a93f7e5-ecb9-41da-9c47-70e13ba76d7d@group-A9EE991D717F-FollowerState: change to CANDIDATE, lastRpcTime:95ms, electionTimeout:95ms
2019-10-17 07:43:52,527 [Thread-2605] INFO  impl.RoleInfo (RoleInfo.java:shutdownFollowerState(121)) - 2a93f7e5-ecb9-41da-9c47-70e13ba76d7d: shutdown FollowerState
2019-10-17 07:43:52,527 [Thread-2605] INFO  impl.RaftServerImpl (RaftServerImpl.java:setRole(184)) - 2a93f7e5-ecb9-41da-9c47-70e13ba76d7d@group-A9EE991D717F: changes role from  FOLLOWER to CANDIDATE at term 355 for changeToCandidate
2019-10-17 07:43:52,528 [Thread-2605] INFO  impl.RoleInfo (RoleInfo.java:updateAndGet(143)) - 2a93f7e5-ecb9-41da-9c47-70e13ba76d7d: start LeaderElection
2019-10-17 07:43:52,556 [2a93f7e5-ecb9-41da-9c47-70e13ba76d7d@group-A9EE991D717F-LeaderElection332] INFO  impl.LeaderElection (LeaderElection.java:askForVotes(178)) - 2a93f7e5-ecb9-41da-9c47-70e13ba76d7d@group-A9EE991D717F-LeaderElection332: begin an election at term 356 for 0: [37bd8e8c-ea68-4b1c-8659-8d001c4f3b5c:192.168.34.62:41632, 24020d0b-ce61-4f5a-b0b0-c561541e8cd4:192.168.34.62:42892, 2a93f7e5-ecb9-41da-9c47-70e13ba76d7d:192.168.34.62:35412], old=null
2019-10-17 07:43:52,558 [grpc-default-executor-0] INFO  impl.RaftServerImpl (RaftServerImpl.java:setRole(184)) - 37bd8e8c-ea68-4b1c-8659-8d001c4f3b5c@group-A9EE991D717F: changes role from  FOLLOWER to FOLLOWER at term 356 for recognizeCandidate:2a93f7e5-ecb9-41da-9c47-70e13ba76d7d
2019-10-17 07:43:52,558 [grpc-default-executor-1] INFO  impl.RaftServerImpl (RaftServerImpl.java:setRole(184)) - 24020d0b-ce61-4f5a-b0b0-c561541e8cd4@group-A9EE991D717F: changes role from  FOLLOWER to FOLLOWER at term 356 for recognizeCandidate:2a93f7e5-ecb9-41da-9c47-70e13ba76d7d
2019-10-17 07:43:52,558 [grpc-default-executor-0] INFO  impl.RoleInfo (RoleInfo.java:shutdownFollowerState(121)) - 37bd8e8c-ea68-4b1c-8659-8d001c4f3b5c: shutdown FollowerState
2019-10-17 07:43:52,558 [grpc-default-executor-1] INFO  impl.RoleInfo (RoleInfo.java:shutdownFollowerState(121)) - 24020d0b-ce61-4f5a-b0b0-c561541e8cd4: shutdown FollowerState
2019-10-17 07:43:52,558 [Thread-2603] INFO  impl.FollowerState (FollowerState.java:run(117)) - 37bd8e8c-ea68-4b1c-8659-8d001c4f3b5c@group-A9EE991D717F-FollowerState was interrupted: java.lang.InterruptedException: sleep interrupted
2019-10-17 07:43:52,558 [Thread-2604] INFO  impl.FollowerState (FollowerState.java:run(117)) - 24020d0b-ce61-4f5a-b0b0-c561541e8cd4@group-A9EE991D717F-FollowerState was interrupted: java.lang.InterruptedException: sleep interrupted
2019-10-17 07:43:52,558 [grpc-default-executor-0] INFO  impl.RoleInfo (RoleInfo.java:updateAndGet(143)) - 37bd8e8c-ea68-4b1c-8659-8d001c4f3b5c: start FollowerState
2019-10-17 07:43:52,558 [grpc-default-executor-1] INFO  impl.RoleInfo (RoleInfo.java:updateAndGet(143)) - 24020d0b-ce61-4f5a-b0b0-c561541e8cd4: start FollowerState
2019-10-17 07:43:52,582 [2a93f7e5-ecb9-41da-9c47-70e13ba76d7d@group-A9EE991D717F-LeaderElection332] INFO  impl.LeaderElection (LeaderElection.java:logAndReturn(56)) - 2a93f7e5-ecb9-41da-9c47-70e13ba76d7d@group-A9EE991D717F-LeaderElection332: Election REJECTED; received 2 response(s) [2a93f7e5-ecb9-41da-9c47-70e13ba76d7d<-37bd8e8c-ea68-4b1c-8659-8d001c4f3b5c#0:FAIL-t356, 2a93f7e5-ecb9-41da-9c47-70e13ba76d7d<-24020d0b-ce61-4f5a-b0b0-c561541e8cd4#0:FAIL-t356] and 0 exception(s); 2a93f7e5-ecb9-41da-9c47-70e13ba76d7d@group-A9EE991D717F:t356, leader=null, voted=2a93f7e5-ecb9-41da-9c47-70e13ba76d7d, raftlog=2a93f7e5-ecb9-41da-9c47-70e13ba76d7d@group-A9EE991D717F-SegmentedRaftLog:OPENED:c-1,f0,i0, conf=0: [37bd8e8c-ea68-4b1c-8659-8d001c4f3b5c:192.168.34.62:41632, 24020d0b-ce61-4f5a-b0b0-c561541e8cd4:192.168.34.62:42892, 2a93f7e5-ecb9-41da-9c47-70e13ba76d7d:192.168.34.62:35412], old=null
2019-10-17 07:43:52,582 [2a93f7e5-ecb9-41da-9c47-70e13ba76d7d@group-A9EE991D717F-LeaderElection332] INFO  impl.RaftServerImpl (RaftServerImpl.java:setRole(184)) - 2a93f7e5-ecb9-41da-9c47-70e13ba76d7d@group-A9EE991D717F: changes role from CANDIDATE to FOLLOWER at term 356 for DISCOVERED_A_NEW_TERM
2019-10-17 07:43:52,582 [2a93f7e5-ecb9-41da-9c47-70e13ba76d7d@group-A9EE991D717F-LeaderElection332] INFO  impl.RoleInfo (RoleInfo.java:shutdownLeaderElection(134)) - 2a93f7e5-ecb9-41da-9c47-70e13ba76d7d: shutdown LeaderElection
2019-10-17 07:43:52,582 [2a93f7e5-ecb9-41da-9c47-70e13ba76d7d@group-A9EE991D717F-LeaderElection332] INFO  impl.RoleInfo (RoleInfo.java:updateAndGet(143)) - 2a93f7e5-ecb9-41da-9c47-70e13ba76d7d: start FollowerState
2019-10-17 07:43:52,753 [Thread-2611] INFO  impl.FollowerState (FollowerState.java:run(108)) - 2a93f7e5-ecb9-41da-9c47-70e13ba76d7d@group-A9EE991D717F-FollowerState: change to CANDIDATE, lastRpcTime:170ms, electionTimeout:170ms
2019-10-17 07:43:52,753 [Thread-2611] INFO  impl.RoleInfo (RoleInfo.java:shutdownFollowerState(121)) - 2a93f7e5-ecb9-41da-9c47-70e13ba76d7d: shutdown FollowerState
2019-10-17 07:43:52,753 [Thread-2611] INFO  impl.RaftServerImpl (RaftServerImpl.java:setRole(184)) - 2a93f7e5-ecb9-41da-9c47-70e13ba76d7d@group-A9EE991D717F: changes role from  FOLLOWER to CANDIDATE at term 356 for changeToCandidate
2019-10-17 07:43:52,753 [Thread-2611] INFO  impl.RoleInfo (RoleInfo.java:updateAndGet(143)) - 2a93f7e5-ecb9-41da-9c47-70e13ba76d7d: start LeaderElection
2019-10-17 07:43:52,781 [2a93f7e5-ecb9-41da-9c47-70e13ba76d7d@group-A9EE991D717F-LeaderElection333] INFO  impl.LeaderElection (LeaderElection.java:askForVotes(178)) - 2a93f7e5-ecb9-41da-9c47-70e13ba76d7d@group-A9EE991D717F-LeaderElection333: begin an election at term 357 for 0: [37bd8e8c-ea68-4b1c-8659-8d001c4f3b5c:192.168.34.62:41632, 24020d0b-ce61-4f5a-b0b0-c561541e8cd4:192.168.34.62:42892, 2a93f7e5-ecb9-41da-9c47-70e13ba76d7d:192.168.34.62:35412], old=null
2019-10-17 07:43:52,783 [grpc-default-executor-0] INFO  impl.RaftServerImpl (RaftServerImpl.java:setRole(184)) - 37bd8e8c-ea68-4b1c-8659-8d001c4f3b5c@group-A9EE991D717F: changes role from  FOLLOWER to FOLLOWER at term 357 for recognizeCandidate:2a93f7e5-ecb9-41da-9c47-70e13ba76d7d
2019-10-17 07:43:52,783 [grpc-default-executor-0] INFO  impl.RoleInfo (RoleInfo.java:shutdownFollowerState(121)) - 37bd8e8c-ea68-4b1c-8659-8d001c4f3b5c: shutdown FollowerState
2019-10-17 07:43:52,784 [grpc-default-executor-0] INFO  impl.RoleInfo (RoleInfo.java:updateAndGet(143)) - 37bd8e8c-ea68-4b1c-8659-8d001c4f3b5c: start FollowerState
2019-10-17 07:43:52,784 [Thread-2609] INFO  impl.FollowerState (FollowerState.java:run(117)) - 37bd8e8c-ea68-4b1c-8659-8d001c4f3b5c@group-A9EE991D717F-FollowerState was interrupted: java.lang.InterruptedException: sleep interrupted
2019-10-17 07:43:52,784 [grpc-default-executor-1] INFO  impl.RaftServerImpl (RaftServerImpl.java:setRole(184)) - 24020d0b-ce61-4f5a-b0b0-c561541e8cd4@group-A9EE991D717F: changes role from  FOLLOWER to FOLLOWER at term 357 for recognizeCandidate:2a93f7e5-ecb9-41da-9c47-70e13ba76d7d
2019-10-17 07:43:52,784 [grpc-default-executor-1] INFO  impl.RoleInfo (RoleInfo.java:shutdownFollowerState(121)) - 24020d0b-ce61-4f5a-b0b0-c561541e8cd4: shutdown FollowerState
2019-10-17 07:43:52,784 [grpc-default-executor-1] INFO  impl.RoleInfo (RoleInfo.java:updateAndGet(143)) - 24020d0b-ce61-4f5a-b0b0-c561541e8cd4: start FollowerState
2019-10-17 07:43:52,784 [Thread-2610] INFO  impl.FollowerState (FollowerState.java:run(117)) - 24020d0b-ce61-4f5a-b0b0-c561541e8cd4@group-A9EE991D717F-FollowerState was interrupted: java.lang.InterruptedException: sleep interrupted
2019-10-17 07:43:52,799 [2a93f7e5-ecb9-41da-9c47-70e13ba76d7d@group-A9EE991D717F-LeaderElection333] INFO  impl.LeaderElection (LeaderElection.java:logAndReturn(56)) - 2a93f7e5-ecb9-41da-9c47-70e13ba76d7d@group-A9EE991D717F-LeaderElection333: Election REJECTED; received 2 response(s) [2a93f7e5-ecb9-41da-9c47-70e13ba76d7d<-37bd8e8c-ea68-4b1c-8659-8d001c4f3b5c#0:FAIL-t357, 2a93f7e5-ecb9-41da-9c47-70e13ba76d7d<-24020d0b-ce61-4f5a-b0b0-c561541e8cd4#0:FAIL-t357] and 0 exception(s); 2a93f7e5-ecb9-41da-9c47-70e13ba76d7d@group-A9EE991D717F:t357, leader=null, voted=2a93f7e5-ecb9-41da-9c47-70e13ba76d7d, raftlog=2a93f7e5-ecb9-41da-9c47-70e13ba76d7d@group-A9EE991D717F-SegmentedRaftLog:OPENED:c-1,f0,i0, conf=0: [37bd8e8c-ea68-4b1c-8659-8d001c4f3b5c:192.168.34.62:41632, 24020d0b-ce61-4f5a-b0b0-c561541e8cd4:192.168.34.62:42892, 2a93f7e5-ecb9-41da-9c47-70e13ba76d7d:192.168.34.62:35412], old=null
2019-10-17 07:43:52,799 [2a93f7e5-ecb9-41da-9c47-70e13ba76d7d@group-A9EE991D717F-LeaderElection333] INFO  impl.RaftServerImpl (RaftServerImpl.java:setRole(184)) - 2a93f7e5-ecb9-41da-9c47-70e13ba76d7d@group-A9EE991D717F: changes role from CANDIDATE to FOLLOWER at term 357 for DISCOVERED_A_NEW_TERM
2019-10-17 07:43:52,799 [2a93f7e5-ecb9-41da-9c47-70e13ba76d7d@group-A9EE991D717F-LeaderElection333] INFO  impl.RoleInfo (RoleInfo.java:shutdownLeaderElection(134)) - 2a93f7e5-ecb9-41da-9c47-70e13ba76d7d: shutdown LeaderElection
2019-10-17 07:43:52,799 [2a93f7e5-ecb9-41da-9c47-70e13ba76d7d@group-A9EE991D717F-LeaderElection333] INFO  impl.RoleInfo (RoleInfo.java:updateAndGet(143)) - 2a93f7e5-ecb9-41da-9c47-70e13ba76d7d: start FollowerState
2019-10-17 07:43:52,840 [Thread-2617] INFO  impl.FollowerState (FollowerState.java:run(108)) - 2a93f7e5-ecb9-41da-9c47-70e13ba76d7d@group-A9EE991D717F-FollowerState: change to CANDIDATE, lastRpcTime:40ms, electionTimeout:40ms
2019-10-17 07:43:52,840 [Thread-2617] INFO  impl.RoleInfo (RoleInfo.java:shutdownFollowerState(121)) - 2a93f7e5-ecb9-41da-9c47-70e13ba76d7d: shutdown FollowerState
2019-10-17 07:43:52,840 [Thread-2617] INFO  impl.RaftServerImpl (RaftServerImpl.java:setRole(184)) - 2a93f7e5-ecb9-41da-9c47-70e13ba76d7d@group-A9EE991D717F: changes role from  FOLLOWER to CANDIDATE at term 357 for changeToCandidate
2019-10-17 07:43:52,840 [Thread-2617] INFO  impl.RoleInfo (RoleInfo.java:updateAndGet(143)) - 2a93f7e5-ecb9-41da-9c47-70e13ba76d7d: start LeaderElection
2019-10-17 07:43:52,864 [2a93f7e5-ecb9-41da-9c47-70e13ba76d7d@group-A9EE991D717F-LeaderElection334] INFO  impl.LeaderElection (LeaderElection.java:askForVotes(178)) - 2a93f7e5-ecb9-41da-9c47-70e13ba76d7d@group-A9EE991D717F-LeaderElection334: begin an election at term 358 for 0: [37bd8e8c-ea68-4b1c-8659-8d001c4f3b5c:192.168.34.62:41632, 24020d0b-ce61-4f5a-b0b0-c561541e8cd4:192.168.34.62:42892, 2a93f7e5-ecb9-41da-9c47-70e13ba76d7d:192.168.34.62:35412], old=null
2019-10-17 07:43:52,867 [grpc-default-executor-1] INFO  impl.RaftServerImpl (RaftServerImpl.java:setRole(184)) - 37bd8e8c-ea68-4b1c-8659-8d001c4f3b5c@group-A9EE991D717F: changes role from  FOLLOWER to FOLLOWER at term 358 for recognizeCandidate:2a93f7e5-ecb9-41da-9c47-70e13ba76d7d
2019-10-17 07:43:52,867 [grpc-default-executor-1] INFO  impl.RoleInfo (RoleInfo.java:shutdownFollowerState(121)) - 37bd8e8c-ea68-4b1c-8659-8d001c4f3b5c: shutdown FollowerState
2019-10-17 07:43:52,867 [grpc-default-executor-0] INFO  impl.RaftServerImpl (RaftServerImpl.java:setRole(184)) - 24020d0b-ce61-4f5a-b0b0-c561541e8cd4@group-A9EE991D717F: changes role from  FOLLOWER to FOLLOWER at term 358 for recognizeCandidate:2a93f7e5-ecb9-41da-9c47-70e13ba76d7d
2019-10-17 07:43:52,867 [grpc-default-executor-0] INFO  impl.RoleInfo (RoleInfo.java:shutdownFollowerState(121)) - 24020d0b-ce61-4f5a-b0b0-c561541e8cd4: shutdown FollowerState
2019-10-17 07:43:52,867 [Thread-2615] INFO  impl.FollowerState (FollowerState.java:run(117)) - 37bd8e8c-ea68-4b1c-8659-8d001c4f3b5c@group-A9EE991D717F-FollowerState was interrupted: java.lang.InterruptedException: sleep interrupted
2019-10-17 07:43:52,867 [grpc-default-executor-1] INFO  impl.RoleInfo (RoleInfo.java:updateAndGet(143)) - 37bd8e8c-ea68-4b1c-8659-8d001c4f3b5c: start FollowerState
2019-10-17 07:43:52,868 [Thread-2616] INFO  impl.FollowerState (FollowerState.java:run(117)) - 24020d0b-ce61-4f5a-b0b0-c561541e8cd4@group-A9EE991D717F-FollowerState was interrupted: java.lang.InterruptedException: sleep interrupted
2019-10-17 07:43:52,868 [grpc-default-executor-0] INFO  impl.RoleInfo (RoleInfo.java:updateAndGet(143)) - 24020d0b-ce61-4f5a-b0b0-c561541e8cd4: start FollowerState
2019-10-17 07:43:52,888 [2a93f7e5-ecb9-41da-9c47-70e13ba76d7d@group-A9EE991D717F-LeaderElection334] INFO  impl.LeaderElection (LeaderElection.java:logAndReturn(56)) - 2a93f7e5-ecb9-41da-9c47-70e13ba76d7d@group-A9EE991D717F-LeaderElection334: Election TIMEOUT; received 0 response(s) [] and 0 exception(s); 2a93f7e5-ecb9-41da-9c47-70e13ba76d7d@group-A9EE991D717F:t358, leader=null, voted=2a93f7e5-ecb9-41da-9c47-70e13ba76d7d, raftlog=2a93f7e5-ecb9-41da-9c47-70e13ba76d7d@group-A9EE991D717F-SegmentedRaftLog:OPENED:c-1,f0,i0, conf=0: [37bd8e8c-ea68-4b1c-8659-8d001c4f3b5c:192.168.34.62:41632, 24020d0b-ce61-4f5a-b0b0-c561541e8cd4:192.168.34.62:42892, 2a93f7e5-ecb9-41da-9c47-70e13ba76d7d:192.168.34.62:35412], old=null
2019-10-17 07:43:52,914 [2a93f7e5-ecb9-41da-9c47-70e13ba76d7d@group-A9EE991D717F-LeaderElection334] INFO  impl.LeaderElection (LeaderElection.java:askForVotes(178)) - 2a93f7e5-ecb9-41da-9c47-70e13ba76d7d@group-A9EE991D717F-LeaderElection334: begin an election at term 359 for 0: [37bd8e8c-ea68-4b1c-8659-8d001c4f3b5c:192.168.34.62:41632, 24020d0b-ce61-4f5a-b0b0-c561541e8cd4:192.168.34.62:42892, 2a93f7e5-ecb9-41da-9c47-70e13ba76d7d:192.168.34.62:35412], old=null
2019-10-17 07:43:52,916 [grpc-default-executor-0] INFO  impl.RaftServerImpl (RaftServerImpl.java:setRole(184)) - 37bd8e8c-ea68-4b1c-8659-8d001c4f3b5c@group-A9EE991D717F: changes role from  FOLLOWER to FOLLOWER at term 359 for recognizeCandidate:2a93f7e5-ecb9-41da-9c47-70e13ba76d7d
2019-10-17 07:43:52,916 [grpc-default-executor-0] INFO  impl.RoleInfo (RoleInfo.java:shutdownFollowerState(121)) - 37bd8e8c-ea68-4b1c-8659-8d001c4f3b5c: shutdown FollowerState
2019-10-17 07:43:52,916 [grpc-default-executor-1] INFO  impl.RaftServerImpl (RaftServerImpl.java:setRole(184)) - 24020d0b-ce61-4f5a-b0b0-c561541e8cd4@group-A9EE991D717F: changes role from  FOLLOWER to FOLLOWER at term 359 for recognizeCandidate:2a93f7e5-ecb9-41da-9c47-70e13ba76d7d
2019-10-17 07:43:52,917 [grpc-default-executor-1] INFO  impl.RoleInfo (RoleInfo.java:shutdownFollowerState(121)) - 24020d0b-ce61-4f5a-b0b0-c561541e8cd4: shutdown FollowerState
2019-10-17 07:43:52,916 [Thread-2621] INFO  impl.FollowerState (FollowerState.java:run(117)) - 37bd8e8c-ea68-4b1c-8659-8d001c4f3b5c@group-A9EE991D717F-FollowerState was interrupted: java.lang.InterruptedException: sleep interrupted
2019-10-17 07:43:52,916 [grpc-default-executor-0] INFO  impl.RoleInfo (RoleInfo.java:updateAndGet(143)) - 37bd8e8c-ea68-4b1c-8659-8d001c4f3b5c: start FollowerState
2019-10-17 07:43:52,917 [Thread-2622] INFO  impl.FollowerState (FollowerState.java:run(117)) - 24020d0b-ce61-4f5a-b0b0-c561541e8cd4@group-A9EE991D717F-FollowerState was interrupted: java.lang.InterruptedException: sleep interrupted
2019-10-17 07:43:52,917 [grpc-default-executor-1] INFO  impl.RoleInfo (RoleInfo.java:updateAndGet(143)) - 24020d0b-ce61-4f5a-b0b0-c561541e8cd4: start FollowerState
2019-10-17 07:43:52,941 [2a93f7e5-ecb9-41da-9c47-70e13ba76d7d@group-A9EE991D717F-LeaderElection334] INFO  impl.LeaderElection (LeaderElection.java:logAndReturn(56)) - 2a93f7e5-ecb9-41da-9c47-70e13ba76d7d@group-A9EE991D717F-LeaderElection334: Election REJECTED; received 2 response(s) [2a93f7e5-ecb9-41da-9c47-70e13ba76d7d<-37bd8e8c-ea68-4b1c-8659-8d001c4f3b5c#0:FAIL-t359, 2a93f7e5-ecb9-41da-9c47-70e13ba76d7d<-24020d0b-ce61-4f5a-b0b0-c561541e8cd4#0:FAIL-t359] and 0 exception(s); 2a93f7e5-ecb9-41da-9c47-70e13ba76d7d@group-A9EE991D717F:t359, leader=null, voted=2a93f7e5-ecb9-41da-9c47-70e13ba76d7d, raftlog=2a93f7e5-ecb9-41da-9c47-70e13ba76d7d@group-A9EE991D717F-SegmentedRaftLog:OPENED:c-1,f0,i0, conf=0: [37bd8e8c-ea68-4b1c-8659-8d001c4f3b5c:192.168.34.62:41632, 24020d0b-ce61-4f5a-b0b0-c561541e8cd4:192.168.34.62:42892, 2a93f7e5-ecb9-41da-9c47-70e13ba76d7d:192.168.34.62:35412], old=null
2019-10-17 07:43:52,941 [2a93f7e5-ecb9-41da-9c47-70e13ba76d7d@group-A9EE991D717F-LeaderElection334] INFO  impl.RaftServerImpl (RaftServerImpl.java:setRole(184)) - 2a93f7e5-ecb9-41da-9c47-70e13ba76d7d@group-A9EE991D717F: changes role from CANDIDATE to FOLLOWER at term 359 for DISCOVERED_A_NEW_TERM
2019-10-17 07:43:52,941 [2a93f7e5-ecb9-41da-9c47-70e13ba76d7d@group-A9EE991D717F-LeaderElection334] INFO  impl.RoleInfo (RoleInfo.java:shutdownLeaderElection(134)) - 2a93f7e5-ecb9-41da-9c47-70e13ba76d7d: shutdown LeaderElection
2019-10-17 07:43:52,941 [2a93f7e5-ecb9-41da-9c47-70e13ba76d7d@group-A9EE991D717F-LeaderElection334] INFO  impl.RoleInfo (RoleInfo.java:updateAndGet(143)) - 2a93f7e5-ecb9-41da-9c47-70e13ba76d7d: start FollowerState
2019-10-17 07:43:53,023 [Thread-2627] INFO  impl.FollowerState (FollowerState.java:run(108)) - 2a93f7e5-ecb9-41da-9c47-70e13ba76d7d@group-A9EE991D717F-FollowerState: change to CANDIDATE, lastRpcTime:81ms, electionTimeout:81ms
2019-10-17 07:43:53,023 [Thread-2627] INFO  impl.RoleInfo (RoleInfo.java:shutdownFollowerState(121)) - 2a93f7e5-ecb9-41da-9c47-70e13ba76d7d: shutdown FollowerState
2019-10-17 07:43:53,024 [Thread-2627] INFO  impl.RaftServerImpl (RaftServerImpl.java:setRole(184)) - 2a93f7e5-ecb9-41da-9c47-70e13ba76d7d@group-A9EE991D717F: changes role from  FOLLOWER to CANDIDATE at term 359 for changeToCandidate
2019-10-17 07:43:53,024 [Thread-2627] INFO  impl.RoleInfo (RoleInfo.java:updateAndGet(143)) - 2a93f7e5-ecb9-41da-9c47-70e13ba76d7d: start LeaderElection
2019-10-17 07:43:53,047 [2a93f7e5-ecb9-41da-9c47-70e13ba76d7d@group-A9EE991D717F-LeaderElection335] INFO  impl.LeaderElection (LeaderElection.java:askForVotes(178)) - 2a93f7e5-ecb9-41da-9c47-70e13ba76d7d@group-A9EE991D717F-LeaderElection335: begin an election at term 360 for 0: [37bd8e8c-ea68-4b1c-8659-8d001c4f3b5c:192.168.34.62:41632, 24020d0b-ce61-4f5a-b0b0-c561541e8cd4:192.168.34.62:42892, 2a93f7e5-ecb9-41da-9c47-70e13ba76d7d:192.168.34.62:35412], old=null
2019-10-17 07:43:53,050 [grpc-default-executor-0] INFO  impl.RaftServerImpl (RaftServerImpl.java:setRole(184)) - 37bd8e8c-ea68-4b1c-8659-8d001c4f3b5c@group-A9EE991D717F: changes role from  FOLLOWER to FOLLOWER at term 360 for recognizeCandidate:2a93f7e5-ecb9-41da-9c47-70e13ba76d7d
2019-10-17 07:43:53,050 [grpc-default-executor-1] INFO  impl.RaftServerImpl (RaftServerImpl.java:setRole(184)) - 24020d0b-ce61-4f5a-b0b0-c561541e8cd4@group-A9EE991D717F: changes role from  FOLLOWER to FOLLOWER at term 360 for recognizeCandidate:2a93f7e5-ecb9-41da-9c47-70e13ba76d7d
2019-10-17 07:43:53,050 [grpc-default-executor-0] INFO  impl.RoleInfo (RoleInfo.java:shutdownFollowerState(121)) - 37bd8e8c-ea68-4b1c-8659-8d001c4f3b5c: shutdown FollowerState
2019-10-17 07:43:53,050 [grpc-default-executor-1] INFO  impl.RoleInfo (RoleInfo.java:shutdownFollowerState(121)) - 24020d0b-ce61-4f5a-b0b0-c561541e8cd4: shutdown FollowerState
2019-10-17 07:43:53,050 [grpc-default-executor-1] INFO  impl.RoleInfo (RoleInfo.java:updateAndGet(143)) - 24020d0b-ce61-4f5a-b0b0-c561541e8cd4: start FollowerState
2019-10-17 07:43:53,050 [Thread-2625] INFO  impl.FollowerState (FollowerState.java:run(117)) - 37bd8e8c-ea68-4b1c-8659-8d001c4f3b5c@group-A9EE991D717F-FollowerState was interrupted: java.lang.InterruptedException: sleep interrupted
2019-10-17 07:43:53,050 [grpc-default-executor-0] INFO  impl.RoleInfo (RoleInfo.java:updateAndGet(143)) - 37bd8e8c-ea68-4b1c-8659-8d001c4f3b5c: start FollowerState
2019-10-17 07:43:53,050 [Thread-2626] INFO  impl.FollowerState (FollowerState.java:run(117)) - 24020d0b-ce61-4f5a-b0b0-c561541e8cd4@group-A9EE991D717F-FollowerState was interrupted: java.lang.InterruptedException: sleep interrupted
2019-10-17 07:43:53,075 [2a93f7e5-ecb9-41da-9c47-70e13ba76d7d@group-A9EE991D717F-LeaderElection335] INFO  impl.LeaderElection (LeaderElection.java:logAndReturn(56)) - 2a93f7e5-ecb9-41da-9c47-70e13ba76d7d@group-A9EE991D717F-LeaderElection335: Election REJECTED; received 2 response(s) [2a93f7e5-ecb9-41da-9c47-70e13ba76d7d<-37bd8e8c-ea68-4b1c-8659-8d001c4f3b5c#0:FAIL-t360, 2a93f7e5-ecb9-41da-9c47-70e13ba76d7d<-24020d0b-ce61-4f5a-b0b0-c561541e8cd4#0:FAIL-t360] and 0 exception(s); 2a93f7e5-ecb9-41da-9c47-70e13ba76d7d@group-A9EE991D717F:t360, leader=null, voted=2a93f7e5-ecb9-41da-9c47-70e13ba76d7d, raftlog=2a93f7e5-ecb9-41da-9c47-70e13ba76d7d@group-A9EE991D717F-SegmentedRaftLog:OPENED:c-1,f0,i0, conf=0: [37bd8e8c-ea68-4b1c-8659-8d001c4f3b5c:192.168.34.62:41632, 24020d0b-ce61-4f5a-b0b0-c561541e8cd4:192.168.34.62:42892, 2a93f7e5-ecb9-41da-9c47-70e13ba76d7d:192.168.34.62:35412], old=null
2019-10-17 07:43:53,075 [2a93f7e5-ecb9-41da-9c47-70e13ba76d7d@group-A9EE991D717F-LeaderElection335] INFO  impl.RaftServerImpl (RaftServerImpl.java:setRole(184)) - 2a93f7e5-ecb9-41da-9c47-70e13ba76d7d@group-A9EE991D717F: changes role from CANDIDATE to FOLLOWER at term 360 for DISCOVERED_A_NEW_TERM
2019-10-17 07:43:53,075 [2a93f7e5-ecb9-41da-9c47-70e13ba76d7d@group-A9EE991D717F-LeaderElection335] INFO  impl.RoleInfo (RoleInfo.java:shutdownLeaderElection(134)) - 2a93f7e5-ecb9-41da-9c47-70e13ba76d7d: shutdown LeaderElection
2019-10-17 07:43:53,075 [2a93f7e5-ecb9-41da-9c47-70e13ba76d7d@group-A9EE991D717F-LeaderElection335] INFO  impl.RoleInfo (RoleInfo.java:updateAndGet(143)) - 2a93f7e5-ecb9-41da-9c47-70e13ba76d7d: start FollowerState
2019-10-17 07:43:53,168 [Thread-2633] INFO  impl.FollowerState (FollowerState.java:run(108)) - 2a93f7e5-ecb9-41da-9c47-70e13ba76d7d@group-A9EE991D717F-FollowerState: change to CANDIDATE, lastRpcTime:92ms, electionTimeout:92ms
2019-10-17 07:43:53,168 [Thread-2633] INFO  impl.RoleInfo (RoleInfo.java:shutdownFollowerState(121)) - 2a93f7e5-ecb9-41da-9c47-70e13ba76d7d: shutdown FollowerState
2019-10-17 07:43:53,168 [Thread-2633] INFO  impl.RaftServerImpl (RaftServerImpl.java:setRole(184)) - 2a93f7e5-ecb9-41da-9c47-70e13ba76d7d@group-A9EE991D717F: changes role from  FOLLOWER to CANDIDATE at term 360 for changeToCandidate
2019-10-17 07:43:53,168 [Thread-2633] INFO  impl.RoleInfo (RoleInfo.java:updateAndGet(143)) - 2a93f7e5-ecb9-41da-9c47-70e13ba76d7d: start LeaderElection
2019-10-17 07:43:53,194 [2a93f7e5-ecb9-41da-9c47-70e13ba76d7d@group-A9EE991D717F-LeaderElection336] INFO  impl.LeaderElection (LeaderElection.java:askForVotes(178)) - 2a93f7e5-ecb9-41da-9c47-70e13ba76d7d@group-A9EE991D717F-LeaderElection336: begin an election at term 361 for 0: [37bd8e8c-ea68-4b1c-8659-8d001c4f3b5c:192.168.34.62:41632, 24020d0b-ce61-4f5a-b0b0-c561541e8cd4:192.168.34.62:42892, 2a93f7e5-ecb9-41da-9c47-70e13ba76d7d:192.168.34.62:35412], old=null
2019-10-17 07:43:53,196 [grpc-default-executor-0] INFO  impl.RaftServerImpl (RaftServerImpl.java:setRole(184)) - 37bd8e8c-ea68-4b1c-8659-8d001c4f3b5c@group-A9EE991D717F: changes role from  FOLLOWER to FOLLOWER at term 361 for recognizeCandidate:2a93f7e5-ecb9-41da-9c47-70e13ba76d7d
2019-10-17 07:43:53,196 [grpc-default-executor-0] INFO  impl.RoleInfo (RoleInfo.java:shutdownFollowerState(121)) - 37bd8e8c-ea68-4b1c-8659-8d001c4f3b5c: shutdown FollowerState
2019-10-17 07:43:53,196 [grpc-default-executor-0] INFO  impl.RoleInfo (RoleInfo.java:updateAndGet(143)) - 37bd8e8c-ea68-4b1c-8659-8d001c4f3b5c: start FollowerState
2019-10-17 07:43:53,196 [Thread-2631] INFO  impl.FollowerState (FollowerState.java:run(117)) - 37bd8e8c-ea68-4b1c-8659-8d001c4f3b5c@group-A9EE991D717F-FollowerState was interrupted: java.lang.InterruptedException: sleep interrupted
2019-10-17 07:43:53,196 [grpc-default-executor-1] INFO  impl.RaftServerImpl (RaftServerImpl.java:setRole(184)) - 24020d0b-ce61-4f5a-b0b0-c561541e8cd4@group-A9EE991D717F: changes role from  FOLLOWER to FOLLOWER at term 361 for recognizeCandidate:2a93f7e5-ecb9-41da-9c47-70e13ba76d7d
2019-10-17 07:43:53,196 [grpc-default-executor-1] INFO  impl.RoleInfo (RoleInfo.java:shutdownFollowerState(121)) - 24020d0b-ce61-4f5a-b0b0-c561541e8cd4: shutdown FollowerState
2019-10-17 07:43:53,197 [grpc-default-executor-1] INFO  impl.RoleInfo (RoleInfo.java:updateAndGet(143)) - 24020d0b-ce61-4f5a-b0b0-c561541e8cd4: start FollowerState
2019-10-17 07:43:53,197 [Thread-2632] INFO  impl.FollowerState (FollowerState.java:run(117)) - 24020d0b-ce61-4f5a-b0b0-c561541e8cd4@group-A9EE991D717F-FollowerState was interrupted: java.lang.InterruptedException: sleep interrupted
2019-10-17 07:43:53,220 [2a93f7e5-ecb9-41da-9c47-70e13ba76d7d@group-A9EE991D717F-LeaderElection336] INFO  impl.LeaderElection (LeaderElection.java:logAndReturn(56)) - 2a93f7e5-ecb9-41da-9c47-70e13ba76d7d@group-A9EE991D717F-LeaderElection336: Election REJECTED; received 2 response(s) [2a93f7e5-ecb9-41da-9c47-70e13ba76d7d<-37bd8e8c-ea68-4b1c-8659-8d001c4f3b5c#0:FAIL-t361, 2a93f7e5-ecb9-41da-9c47-70e13ba76d7d<-24020d0b-ce61-4f5a-b0b0-c561541e8cd4#0:FAIL-t361] and 0 exception(s); 2a93f7e5-ecb9-41da-9c47-70e13ba76d7d@group-A9EE991D717F:t361, leader=null, voted=2a93f7e5-ecb9-41da-9c47-70e13ba76d7d, raftlog=2a93f7e5-ecb9-41da-9c47-70e13ba76d7d@group-A9EE991D717F-SegmentedRaftLog:OPENED:c-1,f0,i0, conf=0: [37bd8e8c-ea68-4b1c-8659-8d001c4f3b5c:192.168.34.62:41632, 24020d0b-ce61-4f5a-b0b0-c561541e8cd4:192.168.34.62:42892, 2a93f7e5-ecb9-41da-9c47-70e13ba76d7d:192.168.34.62:35412], old=null
2019-10-17 07:43:53,220 [2a93f7e5-ecb9-41da-9c47-70e13ba76d7d@group-A9EE991D717F-LeaderElection336] INFO  impl.RaftServerImpl (RaftServerImpl.java:setRole(184)) - 2a93f7e5-ecb9-41da-9c47-70e13ba76d7d@group-A9EE991D717F: changes role from CANDIDATE to FOLLOWER at term 361 for DISCOVERED_A_NEW_TERM
2019-10-17 07:43:53,220 [2a93f7e5-ecb9-41da-9c47-70e13ba76d7d@group-A9EE991D717F-LeaderElection336] INFO  impl.RoleInfo (RoleInfo.java:shutdownLeaderElection(134)) - 2a93f7e5-ecb9-41da-9c47-70e13ba76d7d: shutdown LeaderElection
2019-10-17 07:43:53,220 [2a93f7e5-ecb9-41da-9c47-70e13ba76d7d@group-A9EE991D717F-LeaderElection336] INFO  impl.RoleInfo (RoleInfo.java:updateAndGet(143)) - 2a93f7e5-ecb9-41da-9c47-70e13ba76d7d: start FollowerState
2019-10-17 07:43:53,318 [Thread-2639] INFO  impl.FollowerState (FollowerState.java:run(108)) - 2a93f7e5-ecb9-41da-9c47-70e13ba76d7d@group-A9EE991D717F-FollowerState: change to CANDIDATE, lastRpcTime:97ms, electionTimeout:97ms
2019-10-17 07:43:53,318 [Thread-2639] INFO  impl.RoleInfo (RoleInfo.java:shutdownFollowerState(121)) - 2a93f7e5-ecb9-41da-9c47-70e13ba76d7d: shutdown FollowerState
2019-10-17 07:43:53,318 [Thread-2639] INFO  impl.RaftServerImpl (RaftServerImpl.java:setRole(184)) - 2a93f7e5-ecb9-41da-9c47-70e13ba76d7d@group-A9EE991D717F: changes role from  FOLLOWER to CANDIDATE at term 361 for changeToCandidate
2019-10-17 07:43:53,318 [Thread-2639] INFO  impl.RoleInfo (RoleInfo.java:updateAndGet(143)) - 2a93f7e5-ecb9-41da-9c47-70e13ba76d7d: start LeaderElection
2019-10-17 07:43:53,349 [2a93f7e5-ecb9-41da-9c47-70e13ba76d7d@group-A9EE991D717F-LeaderElection337] INFO  impl.LeaderElection (LeaderElection.java:askForVotes(178)) - 2a93f7e5-ecb9-41da-9c47-70e13ba76d7d@group-A9EE991D717F-LeaderElection337: begin an election at term 362 for 0: [37bd8e8c-ea68-4b1c-8659-8d001c4f3b5c:192.168.34.62:41632, 24020d0b-ce61-4f5a-b0b0-c561541e8cd4:192.168.34.62:42892, 2a93f7e5-ecb9-41da-9c47-70e13ba76d7d:192.168.34.62:35412], old=null
2019-10-17 07:43:53,352 [grpc-default-executor-1] INFO  impl.RaftServerImpl (RaftServerImpl.java:setRole(184)) - 37bd8e8c-ea68-4b1c-8659-8d001c4f3b5c@group-A9EE991D717F: changes role from  FOLLOWER to FOLLOWER at term 362 for recognizeCandidate:2a93f7e5-ecb9-41da-9c47-70e13ba76d7d
2019-10-17 07:43:53,352 [grpc-default-executor-0] INFO  impl.RaftServerImpl (RaftServerImpl.java:setRole(184)) - 24020d0b-ce61-4f5a-b0b0-c561541e8cd4@group-A9EE991D717F: changes role from  FOLLOWER to FOLLOWER at term 362 for recognizeCandidate:2a93f7e5-ecb9-41da-9c47-70e13ba76d7d
2019-10-17 07:43:53,352 [grpc-default-executor-0] INFO  impl.RoleInfo (RoleInfo.java:shutdownFollowerState(121)) - 24020d0b-ce61-4f5a-b0b0-c561541e8cd4: shutdown FollowerState
2019-10-17 07:43:53,352 [grpc-default-executor-1] INFO  impl.RoleInfo (RoleInfo.java:shutdownFollowerState(121)) - 37bd8e8c-ea68-4b1c-8659-8d001c4f3b5c: shutdown FollowerState
2019-10-17 07:43:53,352 [Thread-2638] INFO  impl.FollowerState (FollowerState.java:run(117)) - 24020d0b-ce61-4f5a-b0b0-c561541e8cd4@group-A9EE991D717F-FollowerState was interrupted: java.lang.InterruptedException: sleep interrupted
2019-10-17 07:43:53,352 [grpc-default-executor-0] INFO  impl.RoleInfo (RoleInfo.java:updateAndGet(143)) - 24020d0b-ce61-4f5a-b0b0-c561541e8cd4: start FollowerState
2019-10-17 07:43:53,353 [Thread-2637] INFO  impl.FollowerState (FollowerState.java:run(117)) - 37bd8e8c-ea68-4b1c-8659-8d001c4f3b5c@group-A9EE991D717F-FollowerState was interrupted: java.lang.InterruptedException: sleep interrupted
2019-10-17 07:43:53,353 [grpc-default-executor-1] INFO  impl.RoleInfo (RoleInfo.java:updateAndGet(143)) - 37bd8e8c-ea68-4b1c-8659-8d001c4f3b5c: start FollowerState
2019-10-17 07:43:53,377 [2a93f7e5-ecb9-41da-9c47-70e13ba76d7d@group-A9EE991D717F-LeaderElection337] INFO  impl.LeaderElection (LeaderElection.java:logAndReturn(56)) - 2a93f7e5-ecb9-41da-9c47-70e13ba76d7d@group-A9EE991D717F-LeaderElection337: Election REJECTED; received 2 response(s) [2a93f7e5-ecb9-41da-9c47-70e13ba76d7d<-37bd8e8c-ea68-4b1c-8659-8d001c4f3b5c#0:FAIL-t362, 2a93f7e5-ecb9-41da-9c47-70e13ba76d7d<-24020d0b-ce61-4f5a-b0b0-c561541e8cd4#0:FAIL-t362] and 0 exception(s); 2a93f7e5-ecb9-41da-9c47-70e13ba76d7d@group-A9EE991D717F:t362, leader=null, voted=2a93f7e5-ecb9-41da-9c47-70e13ba76d7d, raftlog=2a93f7e5-ecb9-41da-9c47-70e13ba76d7d@group-A9EE991D717F-SegmentedRaftLog:OPENED:c-1,f0,i0, conf=0: [37bd8e8c-ea68-4b1c-8659-8d001c4f3b5c:192.168.34.62:41632, 24020d0b-ce61-4f5a-b0b0-c561541e8cd4:192.168.34.62:42892, 2a93f7e5-ecb9-41da-9c47-70e13ba76d7d:192.168.34.62:35412], old=null
2019-10-17 07:43:53,377 [2a93f7e5-ecb9-41da-9c47-70e13ba76d7d@group-A9EE991D717F-LeaderElection337] INFO  impl.RaftServerImpl (RaftServerImpl.java:setRole(184)) - 2a93f7e5-ecb9-41da-9c47-70e13ba76d7d@group-A9EE991D717F: changes role from CANDIDATE to FOLLOWER at term 362 for DISCOVERED_A_NEW_TERM
2019-10-17 07:43:53,377 [2a93f7e5-ecb9-41da-9c47-70e13ba76d7d@group-A9EE991D717F-LeaderElection337] INFO  impl.RoleInfo (RoleInfo.java:shutdownLeaderElection(134)) - 2a93f7e5-ecb9-41da-9c47-70e13ba76d7d: shutdown LeaderElection
2019-10-17 07:43:53,378 [2a93f7e5-ecb9-41da-9c47-70e13ba76d7d@group-A9EE991D717F-LeaderElection337] INFO  impl.RoleInfo (RoleInfo.java:updateAndGet(143)) - 2a93f7e5-ecb9-41da-9c47-70e13ba76d7d: start FollowerState
2019-10-17 07:43:53,491 [Thread-2645] INFO  impl.FollowerState (FollowerState.java:run(108)) - 2a93f7e5-ecb9-41da-9c47-70e13ba76d7d@group-A9EE991D717F-FollowerState: change to CANDIDATE, lastRpcTime:113ms, electionTimeout:113ms
2019-10-17 07:43:53,491 [Thread-2645] INFO  impl.RoleInfo (RoleInfo.java:shutdownFollowerState(121)) - 2a93f7e5-ecb9-41da-9c47-70e13ba76d7d: shutdown FollowerState
2019-10-17 07:43:53,491 [Thread-2645] INFO  impl.RaftServerImpl (RaftServerImpl.java:setRole(184)) - 2a93f7e5-ecb9-41da-9c47-70e13ba76d7d@group-A9EE991D717F: changes role from  FOLLOWER to CANDIDATE at term 362 for changeToCandidate
2019-10-17 07:43:53,492 [Thread-2645] INFO  impl.RoleInfo (RoleInfo.java:updateAndGet(143)) - 2a93f7e5-ecb9-41da-9c47-70e13ba76d7d: start LeaderElection
2019-10-17 07:43:53,516 [2a93f7e5-ecb9-41da-9c47-70e13ba76d7d@group-A9EE991D717F-LeaderElection338] INFO  impl.LeaderElection (LeaderElection.java:askForVotes(178)) - 2a93f7e5-ecb9-41da-9c47-70e13ba76d7d@group-A9EE991D717F-LeaderElection338: begin an election at term 363 for 0: [37bd8e8c-ea68-4b1c-8659-8d001c4f3b5c:192.168.34.62:41632, 24020d0b-ce61-4f5a-b0b0-c561541e8cd4:192.168.34.62:42892, 2a93f7e5-ecb9-41da-9c47-70e13ba76d7d:192.168.34.62:35412], old=null
2019-10-17 07:43:53,519 [grpc-default-executor-0] INFO  impl.RaftServerImpl (RaftServerImpl.java:setRole(184)) - 37bd8e8c-ea68-4b1c-8659-8d001c4f3b5c@group-A9EE991D717F: changes role from  FOLLOWER to FOLLOWER at term 363 for recognizeCandidate:2a93f7e5-ecb9-41da-9c47-70e13ba76d7d
2019-10-17 07:43:53,519 [grpc-default-executor-0] INFO  impl.RoleInfo (RoleInfo.java:shutdownFollowerState(121)) - 37bd8e8c-ea68-4b1c-8659-8d001c4f3b5c: shutdown FollowerState
2019-10-17 07:43:53,519 [grpc-default-executor-0] INFO  impl.RoleInfo (RoleInfo.java:updateAndGet(143)) - 37bd8e8c-ea68-4b1c-8659-8d001c4f3b5c: start FollowerState
2019-10-17 07:43:53,520 [Thread-2644] INFO  impl.FollowerState (FollowerState.java:run(117)) - 37bd8e8c-ea68-4b1c-8659-8d001c4f3b5c@group-A9EE991D717F-FollowerState was interrupted: java.lang.InterruptedException: sleep interrupted
2019-10-17 07:43:53,520 [grpc-default-executor-1] INFO  impl.RaftServerImpl (RaftServerImpl.java:setRole(184)) - 24020d0b-ce61-4f5a-b0b0-c561541e8cd4@group-A9EE991D717F: changes role from  FOLLOWER to FOLLOWER at term 363 for recognizeCandidate:2a93f7e5-ecb9-41da-9c47-70e13ba76d7d
2019-10-17 07:43:53,520 [grpc-default-executor-1] INFO  impl.RoleInfo (RoleInfo.java:shutdownFollowerState(121)) - 24020d0b-ce61-4f5a-b0b0-c561541e8cd4: shutdown FollowerState
2019-10-17 07:43:53,520 [grpc-default-executor-1] INFO  impl.RoleInfo (RoleInfo.java:updateAndGet(143)) - 24020d0b-ce61-4f5a-b0b0-c561541e8cd4: start FollowerState
2019-10-17 07:43:53,520 [Thread-2643] INFO  impl.FollowerState (FollowerState.java:run(117)) - 24020d0b-ce61-4f5a-b0b0-c561541e8cd4@group-A9EE991D717F-FollowerState was interrupted: java.lang.InterruptedException: sleep interrupted
2019-10-17 07:43:53,534 [2a93f7e5-ecb9-41da-9c47-70e13ba76d7d@group-A9EE991D717F-LeaderElection338] INFO  impl.LeaderElection (LeaderElection.java:logAndReturn(56)) - 2a93f7e5-ecb9-41da-9c47-70e13ba76d7d@group-A9EE991D717F-LeaderElection338: Election REJECTED; received 2 response(s) [2a93f7e5-ecb9-41da-9c47-70e13ba76d7d<-37bd8e8c-ea68-4b1c-8659-8d001c4f3b5c#0:FAIL-t363, 2a93f7e5-ecb9-41da-9c47-70e13ba76d7d<-24020d0b-ce61-4f5a-b0b0-c561541e8cd4#0:FAIL-t363] and 0 exception(s); 2a93f7e5-ecb9-41da-9c47-70e13ba76d7d@group-A9EE991D717F:t363, leader=null, voted=2a93f7e5-ecb9-41da-9c47-70e13ba76d7d, raftlog=2a93f7e5-ecb9-41da-9c47-70e13ba76d7d@group-A9EE991D717F-SegmentedRaftLog:OPENED:c-1,f0,i0, conf=0: [37bd8e8c-ea68-4b1c-8659-8d001c4f3b5c:192.168.34.62:41632, 24020d0b-ce61-4f5a-b0b0-c561541e8cd4:192.168.34.62:42892, 2a93f7e5-ecb9-41da-9c47-70e13ba76d7d:192.168.34.62:35412], old=null
2019-10-17 07:43:53,535 [2a93f7e5-ecb9-41da-9c47-70e13ba76d7d@group-A9EE991D717F-LeaderElection338] INFO  impl.RaftServerImpl (RaftServerImpl.java:setRole(184)) - 2a93f7e5-ecb9-41da-9c47-70e13ba76d7d@group-A9EE991D717F: changes role from CANDIDATE to FOLLOWER at term 363 for DISCOVERED_A_NEW_TERM
2019-10-17 07:43:53,535 [2a93f7e5-ecb9-41da-9c47-70e13ba76d7d@group-A9EE991D717F-LeaderElection338] INFO  impl.RoleInfo (RoleInfo.java:shutdownLeaderElection(134)) - 2a93f7e5-ecb9-41da-9c47-70e13ba76d7d: shutdown LeaderElection
2019-10-17 07:43:53,535 [2a93f7e5-ecb9-41da-9c47-70e13ba76d7d@group-A9EE991D717F-LeaderElection338] INFO  impl.RoleInfo (RoleInfo.java:updateAndGet(143)) - 2a93f7e5-ecb9-41da-9c47-70e13ba76d7d: start FollowerState
2019-10-17 07:43:53,689 [Thread-2651] INFO  impl.FollowerState (FollowerState.java:run(108)) - 2a93f7e5-ecb9-41da-9c47-70e13ba76d7d@group-A9EE991D717F-FollowerState: change to CANDIDATE, lastRpcTime:154ms, electionTimeout:154ms
2019-10-17 07:43:53,690 [Thread-2651] INFO  impl.RoleInfo (RoleInfo.java:shutdownFollowerState(121)) - 2a93f7e5-ecb9-41da-9c47-70e13ba76d7d: shutdown FollowerState
2019-10-17 07:43:53,690 [Thread-2651] INFO  impl.RaftServerImpl (RaftServerImpl.java:setRole(184)) - 2a93f7e5-ecb9-41da-9c47-70e13ba76d7d@group-A9EE991D717F: changes role from  FOLLOWER to CANDIDATE at term 363 for changeToCandidate
2019-10-17 07:43:53,690 [Thread-2651] INFO  impl.RoleInfo (RoleInfo.java:updateAndGet(143)) - 2a93f7e5-ecb9-41da-9c47-70e13ba76d7d: start LeaderElection
2019-10-17 07:43:53,714 [2a93f7e5-ecb9-41da-9c47-70e13ba76d7d@group-A9EE991D717F-LeaderElection339] INFO  impl.LeaderElection (LeaderElection.java:askForVotes(178)) - 2a93f7e5-ecb9-41da-9c47-70e13ba76d7d@group-A9EE991D717F-LeaderElection339: begin an election at term 364 for 0: [37bd8e8c-ea68-4b1c-8659-8d001c4f3b5c:192.168.34.62:41632, 24020d0b-ce61-4f5a-b0b0-c561541e8cd4:192.168.34.62:42892, 2a93f7e5-ecb9-41da-9c47-70e13ba76d7d:192.168.34.62:35412], old=null
2019-10-17 07:43:53,717 [grpc-default-executor-1] INFO  impl.RaftServerImpl (RaftServerImpl.java:setRole(184)) - 37bd8e8c-ea68-4b1c-8659-8d001c4f3b5c@group-A9EE991D717F: changes role from  FOLLOWER to FOLLOWER at term 364 for recognizeCandidate:2a93f7e5-ecb9-41da-9c47-70e13ba76d7d
2019-10-17 07:43:53,717 [grpc-default-executor-0] INFO  impl.RaftServerImpl (RaftServerImpl.java:setRole(184)) - 24020d0b-ce61-4f5a-b0b0-c561541e8cd4@group-A9EE991D717F: changes role from  FOLLOWER to FOLLOWER at term 364 for recognizeCandidate:2a93f7e5-ecb9-41da-9c47-70e13ba76d7d
2019-10-17 07:43:53,717 [grpc-default-executor-0] INFO  impl.RoleInfo (RoleInfo.java:shutdownFollowerState(121)) - 24020d0b-ce61-4f5a-b0b0-c561541e8cd4: shutdown FollowerState
2019-10-17 07:43:53,717 [grpc-default-executor-1] INFO  impl.RoleInfo (RoleInfo.java:shutdownFollowerState(121)) - 37bd8e8c-ea68-4b1c-8659-8d001c4f3b5c: shutdown FollowerState
2019-10-17 07:43:53,717 [Thread-2650] INFO  impl.FollowerState (FollowerState.java:run(117)) - 24020d0b-ce61-4f5a-b0b0-c561541e8cd4@group-A9EE991D717F-FollowerState was interrupted: java.lang.InterruptedException: sleep interrupted
2019-10-17 07:43:53,717 [grpc-default-executor-0] INFO  impl.RoleInfo (RoleInfo.java:updateAndGet(143)) - 24020d0b-ce61-4f5a-b0b0-c561541e8cd4: start FollowerState
2019-10-17 07:43:53,717 [Thread-2649] INFO  impl.FollowerState (FollowerState.java:run(117)) - 37bd8e8c-ea68-4b1c-8659-8d001c4f3b5c@group-A9EE991D717F-FollowerState was interrupted: java.lang.InterruptedException: sleep interrupted
2019-10-17 07:43:53,717 [grpc-default-executor-1] INFO  impl.RoleInfo (RoleInfo.java:updateAndGet(143)) - 37bd8e8c-ea68-4b1c-8659-8d001c4f3b5c: start FollowerState
2019-10-17 07:43:53,742 [2a93f7e5-ecb9-41da-9c47-70e13ba76d7d@group-A9EE991D717F-LeaderElection339] INFO  impl.LeaderElection (LeaderElection.java:logAndReturn(56)) - 2a93f7e5-ecb9-41da-9c47-70e13ba76d7d@group-A9EE991D717F-LeaderElection339: Election REJECTED; received 2 response(s) [2a93f7e5-ecb9-41da-9c47-70e13ba76d7d<-37bd8e8c-ea68-4b1c-8659-8d001c4f3b5c#0:FAIL-t364, 2a93f7e5-ecb9-41da-9c47-70e13ba76d7d<-24020d0b-ce61-4f5a-b0b0-c561541e8cd4#0:FAIL-t364] and 0 exception(s); 2a93f7e5-ecb9-41da-9c47-70e13ba76d7d@group-A9EE991D717F:t364, leader=null, voted=2a93f7e5-ecb9-41da-9c47-70e13ba76d7d, raftlog=2a93f7e5-ecb9-41da-9c47-70e13ba76d7d@group-A9EE991D717F-SegmentedRaftLog:OPENED:c-1,f0,i0, conf=0: [37bd8e8c-ea68-4b1c-8659-8d001c4f3b5c:192.168.34.62:41632, 24020d0b-ce61-4f5a-b0b0-c561541e8cd4:192.168.34.62:42892, 2a93f7e5-ecb9-41da-9c47-70e13ba76d7d:192.168.34.62:35412], old=null
2019-10-17 07:43:53,742 [2a93f7e5-ecb9-41da-9c47-70e13ba76d7d@group-A9EE991D717F-LeaderElection339] INFO  impl.RaftServerImpl (RaftServerImpl.java:setRole(184)) - 2a93f7e5-ecb9-41da-9c47-70e13ba76d7d@group-A9EE991D717F: changes role from CANDIDATE to FOLLOWER at term 364 for DISCOVERED_A_NEW_TERM
2019-10-17 07:43:53,742 [2a93f7e5-ecb9-41da-9c47-70e13ba76d7d@group-A9EE991D717F-LeaderElection339] INFO  impl.RoleInfo (RoleInfo.java:shutdownLeaderElection(134)) - 2a93f7e5-ecb9-41da-9c47-70e13ba76d7d: shutdown LeaderElection
2019-10-17 07:43:53,742 [2a93f7e5-ecb9-41da-9c47-70e13ba76d7d@group-A9EE991D717F-LeaderElection339] INFO  impl.RoleInfo (RoleInfo.java:updateAndGet(143)) - 2a93f7e5-ecb9-41da-9c47-70e13ba76d7d: start FollowerState
2019-10-17 07:43:53,928 [Thread-2657] INFO  impl.FollowerState (FollowerState.java:run(108)) - 2a93f7e5-ecb9-41da-9c47-70e13ba76d7d@group-A9EE991D717F-FollowerState: change to CANDIDATE, lastRpcTime:185ms, electionTimeout:185ms
2019-10-17 07:43:53,928 [Thread-2657] INFO  impl.RoleInfo (RoleInfo.java:shutdownFollowerState(121)) - 2a93f7e5-ecb9-41da-9c47-70e13ba76d7d: shutdown FollowerState
2019-10-17 07:43:53,928 [Thread-2657] INFO  impl.RaftServerImpl (RaftServerImpl.java:setRole(184)) - 2a93f7e5-ecb9-41da-9c47-70e13ba76d7d@group-A9EE991D717F: changes role from  FOLLOWER to CANDIDATE at term 364 for changeToCandidate
2019-10-17 07:43:53,928 [Thread-2657] INFO  impl.RoleInfo (RoleInfo.java:updateAndGet(143)) - 2a93f7e5-ecb9-41da-9c47-70e13ba76d7d: start LeaderElection
2019-10-17 07:43:53,952 [2a93f7e5-ecb9-41da-9c47-70e13ba76d7d@group-A9EE991D717F-LeaderElection340] INFO  impl.LeaderElection (LeaderElection.java:askForVotes(178)) - 2a93f7e5-ecb9-41da-9c47-70e13ba76d7d@group-A9EE991D717F-LeaderElection340: begin an election at term 365 for 0: [37bd8e8c-ea68-4b1c-8659-8d001c4f3b5c:192.168.34.62:41632, 24020d0b-ce61-4f5a-b0b0-c561541e8cd4:192.168.34.62:42892, 2a93f7e5-ecb9-41da-9c47-70e13ba76d7d:192.168.34.62:35412], old=null
2019-10-17 07:43:53,954 [grpc-default-executor-0] INFO  impl.RaftServerImpl (RaftServerImpl.java:setRole(184)) - 24020d0b-ce61-4f5a-b0b0-c561541e8cd4@group-A9EE991D717F: changes role from  FOLLOWER to FOLLOWER at term 365 for recognizeCandidate:2a93f7e5-ecb9-41da-9c47-70e13ba76d7d
2019-10-17 07:43:53,955 [grpc-default-executor-0] INFO  impl.RoleInfo (RoleInfo.java:shutdownFollowerState(121)) - 24020d0b-ce61-4f5a-b0b0-c561541e8cd4: shutdown FollowerState
2019-10-17 07:43:53,954 [grpc-default-executor-1] INFO  impl.RaftServerImpl (RaftServerImpl.java:setRole(184)) - 37bd8e8c-ea68-4b1c-8659-8d001c4f3b5c@group-A9EE991D717F: changes role from  FOLLOWER to FOLLOWER at term 365 for recognizeCandidate:2a93f7e5-ecb9-41da-9c47-70e13ba76d7d
2019-10-17 07:43:53,955 [grpc-default-executor-1] INFO  impl.RoleInfo (RoleInfo.java:shutdownFollowerState(121)) - 37bd8e8c-ea68-4b1c-8659-8d001c4f3b5c: shutdown FollowerState
2019-10-17 07:43:53,955 [Thread-2655] INFO  impl.FollowerState (FollowerState.java:run(117)) - 24020d0b-ce61-4f5a-b0b0-c561541e8cd4@group-A9EE991D717F-FollowerState was interrupted: java.lang.InterruptedException: sleep interrupted
2019-10-17 07:43:53,955 [Thread-2656] INFO  impl.FollowerState (FollowerState.java:run(117)) - 37bd8e8c-ea68-4b1c-8659-8d001c4f3b5c@group-A9EE991D717F-FollowerState was interrupted: java.lang.InterruptedException: sleep interrupted
2019-10-17 07:43:53,955 [grpc-default-executor-0] INFO  impl.RoleInfo (RoleInfo.java:updateAndGet(143)) - 24020d0b-ce61-4f5a-b0b0-c561541e8cd4: start FollowerState
2019-10-17 07:43:53,955 [grpc-default-executor-1] INFO  impl.RoleInfo (RoleInfo.java:updateAndGet(143)) - 37bd8e8c-ea68-4b1c-8659-8d001c4f3b5c: start FollowerState
2019-10-17 07:43:53,967 [2a93f7e5-ecb9-41da-9c47-70e13ba76d7d@group-A9EE991D717F-LeaderElection340] INFO  impl.LeaderElection (LeaderElection.java:logAndReturn(56)) - 2a93f7e5-ecb9-41da-9c47-70e13ba76d7d@group-A9EE991D717F-LeaderElection340: Election TIMEOUT; received 0 response(s) [] and 0 exception(s); 2a93f7e5-ecb9-41da-9c47-70e13ba76d7d@group-A9EE991D717F:t365, leader=null, voted=2a93f7e5-ecb9-41da-9c47-70e13ba76d7d, raftlog=2a93f7e5-ecb9-41da-9c47-70e13ba76d7d@group-A9EE991D717F-SegmentedRaftLog:OPENED:c-1,f0,i0, conf=0: [37bd8e8c-ea68-4b1c-8659-8d001c4f3b5c:192.168.34.62:41632, 24020d0b-ce61-4f5a-b0b0-c561541e8cd4:192.168.34.62:42892, 2a93f7e5-ecb9-41da-9c47-70e13ba76d7d:192.168.34.62:35412], old=null
2019-10-17 07:43:54,010 [2a93f7e5-ecb9-41da-9c47-70e13ba76d7d@group-A9EE991D717F-LeaderElection340] INFO  impl.LeaderElection (LeaderElection.java:askForVotes(178)) - 2a93f7e5-ecb9-41da-9c47-70e13ba76d7d@group-A9EE991D717F-LeaderElection340: begin an election at term 366 for 0: [37bd8e8c-ea68-4b1c-8659-8d001c4f3b5c:192.168.34.62:41632, 24020d0b-ce61-4f5a-b0b0-c561541e8cd4:192.168.34.62:42892, 2a93f7e5-ecb9-41da-9c47-70e13ba76d7d:192.168.34.62:35412], old=null
2019-10-17 07:43:54,012 [grpc-default-executor-0] INFO  impl.RaftServerImpl (RaftServerImpl.java:setRole(184)) - 37bd8e8c-ea68-4b1c-8659-8d001c4f3b5c@group-A9EE991D717F: changes role from  FOLLOWER to FOLLOWER at term 366 for recognizeCandidate:2a93f7e5-ecb9-41da-9c47-70e13ba76d7d
2019-10-17 07:43:54,012 [grpc-default-executor-0] INFO  impl.RoleInfo (RoleInfo.java:shutdownFollowerState(121)) - 37bd8e8c-ea68-4b1c-8659-8d001c4f3b5c: shutdown FollowerState
2019-10-17 07:43:54,012 [grpc-default-executor-0] INFO  impl.RoleInfo (RoleInfo.java:updateAndGet(143)) - 37bd8e8c-ea68-4b1c-8659-8d001c4f3b5c: start FollowerState
2019-10-17 07:43:54,012 [Thread-2662] INFO  impl.FollowerState (FollowerState.java:run(117)) - 37bd8e8c-ea68-4b1c-8659-8d001c4f3b5c@group-A9EE991D717F-FollowerState was interrupted: java.lang.InterruptedException: sleep interrupted
2019-10-17 07:43:54,012 [grpc-default-executor-1] INFO  impl.RaftServerImpl (RaftServerImpl.java:setRole(184)) - 24020d0b-ce61-4f5a-b0b0-c561541e8cd4@group-A9EE991D717F: changes role from  FOLLOWER to FOLLOWER at term 366 for recognizeCandidate:2a93f7e5-ecb9-41da-9c47-70e13ba76d7d
2019-10-17 07:43:54,012 [grpc-default-executor-1] INFO  impl.RoleInfo (RoleInfo.java:shutdownFollowerState(121)) - 24020d0b-ce61-4f5a-b0b0-c561541e8cd4: shutdown FollowerState
2019-10-17 07:43:54,012 [grpc-default-executor-1] INFO  impl.RoleInfo (RoleInfo.java:updateAndGet(143)) - 24020d0b-ce61-4f5a-b0b0-c561541e8cd4: start FollowerState
2019-10-17 07:43:54,013 [Thread-2661] INFO  impl.FollowerState (FollowerState.java:run(117)) - 24020d0b-ce61-4f5a-b0b0-c561541e8cd4@group-A9EE991D717F-FollowerState was interrupted: java.lang.InterruptedException: sleep interrupted
2019-10-17 07:43:54,037 [2a93f7e5-ecb9-41da-9c47-70e13ba76d7d@group-A9EE991D717F-LeaderElection340] INFO  impl.LeaderElection (LeaderElection.java:logAndReturn(56)) - 2a93f7e5-ecb9-41da-9c47-70e13ba76d7d@group-A9EE991D717F-LeaderElection340: Election REJECTED; received 2 response(s) [2a93f7e5-ecb9-41da-9c47-70e13ba76d7d<-37bd8e8c-ea68-4b1c-8659-8d001c4f3b5c#0:FAIL-t366, 2a93f7e5-ecb9-41da-9c47-70e13ba76d7d<-24020d0b-ce61-4f5a-b0b0-c561541e8cd4#0:FAIL-t366] and 0 exception(s); 2a93f7e5-ecb9-41da-9c47-70e13ba76d7d@group-A9EE991D717F:t366, leader=null, voted=2a93f7e5-ecb9-41da-9c47-70e13ba76d7d, raftlog=2a93f7e5-ecb9-41da-9c47-70e13ba76d7d@group-A9EE991D717F-SegmentedRaftLog:OPENED:c-1,f0,i0, conf=0: [37bd8e8c-ea68-4b1c-8659-8d001c4f3b5c:192.168.34.62:41632, 24020d0b-ce61-4f5a-b0b0-c561541e8cd4:192.168.34.62:42892, 2a93f7e5-ecb9-41da-9c47-70e13ba76d7d:192.168.34.62:35412], old=null
2019-10-17 07:43:54,037 [2a93f7e5-ecb9-41da-9c47-70e13ba76d7d@group-A9EE991D717F-LeaderElection340] INFO  impl.RaftServerImpl (RaftServerImpl.java:setRole(184)) - 2a93f7e5-ecb9-41da-9c47-70e13ba76d7d@group-A9EE991D717F: changes role from CANDIDATE to FOLLOWER at term 366 for DISCOVERED_A_NEW_TERM
2019-10-17 07:43:54,037 [2a93f7e5-ecb9-41da-9c47-70e13ba76d7d@group-A9EE991D717F-LeaderElection340] INFO  impl.RoleInfo (RoleInfo.java:shutdownLeaderElection(134)) - 2a93f7e5-ecb9-41da-9c47-70e13ba76d7d: shutdown LeaderElection
2019-10-17 07:43:54,037 [2a93f7e5-ecb9-41da-9c47-70e13ba76d7d@group-A9EE991D717F-LeaderElection340] INFO  impl.RoleInfo (RoleInfo.java:updateAndGet(143)) - 2a93f7e5-ecb9-41da-9c47-70e13ba76d7d: start FollowerState
2019-10-17 07:43:54,149 [Thread-2667] INFO  impl.FollowerState (FollowerState.java:run(108)) - 2a93f7e5-ecb9-41da-9c47-70e13ba76d7d@group-A9EE991D717F-FollowerState: change to CANDIDATE, lastRpcTime:111ms, electionTimeout:111ms
2019-10-17 07:43:54,149 [Thread-2667] INFO  impl.RoleInfo (RoleInfo.java:shutdownFollowerState(121)) - 2a93f7e5-ecb9-41da-9c47-70e13ba76d7d: shutdown FollowerState
2019-10-17 07:43:54,149 [Thread-2667] INFO  impl.RaftServerImpl (RaftServerImpl.java:setRole(184)) - 2a93f7e5-ecb9-41da-9c47-70e13ba76d7d@group-A9EE991D717F: changes role from  FOLLOWER to CANDIDATE at term 366 for changeToCandidate
2019-10-17 07:43:54,150 [Thread-2667] INFO  impl.RoleInfo (RoleInfo.java:updateAndGet(143)) - 2a93f7e5-ecb9-41da-9c47-70e13ba76d7d: start LeaderElection
2019-10-17 07:43:54,163 [2a93f7e5-ecb9-41da-9c47-70e13ba76d7d@group-A9EE991D717F-LeaderElection341] INFO  impl.LeaderElection (LeaderElection.java:askForVotes(178)) - 2a93f7e5-ecb9-41da-9c47-70e13ba76d7d@group-A9EE991D717F-LeaderElection341: begin an election at term 367 for 0: [37bd8e8c-ea68-4b1c-8659-8d001c4f3b5c:192.168.34.62:41632, 24020d0b-ce61-4f5a-b0b0-c561541e8cd4:192.168.34.62:42892, 2a93f7e5-ecb9-41da-9c47-70e13ba76d7d:192.168.34.62:35412], old=null
2019-10-17 07:43:54,165 [grpc-default-executor-0] INFO  impl.RaftServerImpl (RaftServerImpl.java:setRole(184)) - 37bd8e8c-ea68-4b1c-8659-8d001c4f3b5c@group-A9EE991D717F: changes role from  FOLLOWER to FOLLOWER at term 367 for recognizeCandidate:2a93f7e5-ecb9-41da-9c47-70e13ba76d7d
2019-10-17 07:43:54,165 [grpc-default-executor-0] INFO  impl.RoleInfo (RoleInfo.java:shutdownFollowerState(121)) - 37bd8e8c-ea68-4b1c-8659-8d001c4f3b5c: shutdown FollowerState
2019-10-17 07:43:54,166 [grpc-default-executor-0] INFO  impl.RoleInfo (RoleInfo.java:updateAndGet(143)) - 37bd8e8c-ea68-4b1c-8659-8d001c4f3b5c: start FollowerState
2019-10-17 07:43:54,166 [Thread-2665] INFO  impl.FollowerState (FollowerState.java:run(117)) - 37bd8e8c-ea68-4b1c-8659-8d001c4f3b5c@group-A9EE991D717F-FollowerState was interrupted: java.lang.InterruptedException: sleep interrupted
2019-10-17 07:43:54,166 [grpc-default-executor-1] INFO  impl.RaftServerImpl (RaftServerImpl.java:setRole(184)) - 24020d0b-ce61-4f5a-b0b0-c561541e8cd4@group-A9EE991D717F: changes role from  FOLLOWER to FOLLOWER at term 367 for recognizeCandidate:2a93f7e5-ecb9-41da-9c47-70e13ba76d7d
2019-10-17 07:43:54,166 [grpc-default-executor-1] INFO  impl.RoleInfo (RoleInfo.java:shutdownFollowerState(121)) - 24020d0b-ce61-4f5a-b0b0-c561541e8cd4: shutdown FollowerState
2019-10-17 07:43:54,166 [grpc-default-executor-1] INFO  impl.RoleInfo (RoleInfo.java:updateAndGet(143)) - 24020d0b-ce61-4f5a-b0b0-c561541e8cd4: start FollowerState
2019-10-17 07:43:54,166 [Thread-2666] INFO  impl.FollowerState (FollowerState.java:run(117)) - 24020d0b-ce61-4f5a-b0b0-c561541e8cd4@group-A9EE991D717F-FollowerState was interrupted: java.lang.InterruptedException: sleep interrupted
2019-10-17 07:43:54,190 [2a93f7e5-ecb9-41da-9c47-70e13ba76d7d@group-A9EE991D717F-LeaderElection341] INFO  impl.LeaderElection (LeaderElection.java:logAndReturn(56)) - 2a93f7e5-ecb9-41da-9c47-70e13ba76d7d@group-A9EE991D717F-LeaderElection341: Election REJECTED; received 2 response(s) [2a93f7e5-ecb9-41da-9c47-70e13ba76d7d<-37bd8e8c-ea68-4b1c-8659-8d001c4f3b5c#0:FAIL-t367, 2a93f7e5-ecb9-41da-9c47-70e13ba76d7d<-24020d0b-ce61-4f5a-b0b0-c561541e8cd4#0:FAIL-t367] and 0 exception(s); 2a93f7e5-ecb9-41da-9c47-70e13ba76d7d@group-A9EE991D717F:t367, leader=null, voted=2a93f7e5-ecb9-41da-9c47-70e13ba76d7d, raftlog=2a93f7e5-ecb9-41da-9c47-70e13ba76d7d@group-A9EE991D717F-SegmentedRaftLog:OPENED:c-1,f0,i0, conf=0: [37bd8e8c-ea68-4b1c-8659-8d001c4f3b5c:192.168.34.62:41632, 24020d0b-ce61-4f5a-b0b0-c561541e8cd4:192.168.34.62:42892, 2a93f7e5-ecb9-41da-9c47-70e13ba76d7d:192.168.34.62:35412], old=null
2019-10-17 07:43:54,190 [2a93f7e5-ecb9-41da-9c47-70e13ba76d7d@group-A9EE991D717F-LeaderElection341] INFO  impl.RaftServerImpl (RaftServerImpl.java:setRole(184)) - 2a93f7e5-ecb9-41da-9c47-70e13ba76d7d@group-A9EE991D717F: changes role from CANDIDATE to FOLLOWER at term 367 for DISCOVERED_A_NEW_TERM
2019-10-17 07:43:54,190 [2a93f7e5-ecb9-41da-9c47-70e13ba76d7d@group-A9EE991D717F-LeaderElection341] INFO  impl.RoleInfo (RoleInfo.java:shutdownLeaderElection(134)) - 2a93f7e5-ecb9-41da-9c47-70e13ba76d7d: shutdown LeaderElection
2019-10-17 07:43:54,190 [2a93f7e5-ecb9-41da-9c47-70e13ba76d7d@group-A9EE991D717F-LeaderElection341] INFO  impl.RoleInfo (RoleInfo.java:updateAndGet(143)) - 2a93f7e5-ecb9-41da-9c47-70e13ba76d7d: start FollowerState
2019-10-17 07:43:54,291 [Thread-2673] INFO  impl.FollowerState (FollowerState.java:run(108)) - 2a93f7e5-ecb9-41da-9c47-70e13ba76d7d@group-A9EE991D717F-FollowerState: change to CANDIDATE, lastRpcTime:100ms, electionTimeout:100ms
2019-10-17 07:43:54,291 [Thread-2673] INFO  impl.RoleInfo (RoleInfo.java:shutdownFollowerState(121)) - 2a93f7e5-ecb9-41da-9c47-70e13ba76d7d: shutdown FollowerState
2019-10-17 07:43:54,291 [Thread-2673] INFO  impl.RaftServerImpl (RaftServerImpl.java:setRole(184)) - 2a93f7e5-ecb9-41da-9c47-70e13ba76d7d@group-A9EE991D717F: changes role from  FOLLOWER to CANDIDATE at term 367 for changeToCandidate
2019-10-17 07:43:54,291 [Thread-2673] INFO  impl.RoleInfo (RoleInfo.java:updateAndGet(143)) - 2a93f7e5-ecb9-41da-9c47-70e13ba76d7d: start LeaderElection
2019-10-17 07:43:54,315 [2a93f7e5-ecb9-41da-9c47-70e13ba76d7d@group-A9EE991D717F-LeaderElection342] INFO  impl.LeaderElection (LeaderElection.java:askForVotes(178)) - 2a93f7e5-ecb9-41da-9c47-70e13ba76d7d@group-A9EE991D717F-LeaderElection342: begin an election at term 368 for 0: [37bd8e8c-ea68-4b1c-8659-8d001c4f3b5c:192.168.34.62:41632, 24020d0b-ce61-4f5a-b0b0-c561541e8cd4:192.168.34.62:42892, 2a93f7e5-ecb9-41da-9c47-70e13ba76d7d:192.168.34.62:35412], old=null
2019-10-17 07:43:54,317 [grpc-default-executor-1] INFO  impl.RaftServerImpl (RaftServerImpl.java:setRole(184)) - 37bd8e8c-ea68-4b1c-8659-8d001c4f3b5c@group-A9EE991D717F: changes role from  FOLLOWER to FOLLOWER at term 368 for recognizeCandidate:2a93f7e5-ecb9-41da-9c47-70e13ba76d7d
2019-10-17 07:43:54,317 [grpc-default-executor-0] INFO  impl.RaftServerImpl (RaftServerImpl.java:setRole(184)) - 24020d0b-ce61-4f5a-b0b0-c561541e8cd4@group-A9EE991D717F: changes role from  FOLLOWER to FOLLOWER at term 368 for recognizeCandidate:2a93f7e5-ecb9-41da-9c47-70e13ba76d7d
2019-10-17 07:43:54,318 [grpc-default-executor-0] INFO  impl.RoleInfo (RoleInfo.java:shutdownFollowerState(121)) - 24020d0b-ce61-4f5a-b0b0-c561541e8cd4: shutdown FollowerState
2019-10-17 07:43:54,318 [grpc-default-executor-1] INFO  impl.RoleInfo (RoleInfo.java:shutdownFollowerState(121)) - 37bd8e8c-ea68-4b1c-8659-8d001c4f3b5c: shutdown FollowerState
2019-10-17 07:43:54,318 [Thread-2672] INFO  impl.FollowerState (FollowerState.java:run(117)) - 24020d0b-ce61-4f5a-b0b0-c561541e8cd4@group-A9EE991D717F-FollowerState was interrupted: java.lang.InterruptedException: sleep interrupted
2019-10-17 07:43:54,318 [grpc-default-executor-0] INFO  impl.RoleInfo (RoleInfo.java:updateAndGet(143)) - 24020d0b-ce61-4f5a-b0b0-c561541e8cd4: start FollowerState
2019-10-17 07:43:54,318 [Thread-2671] INFO  impl.FollowerState (FollowerState.java:run(117)) - 37bd8e8c-ea68-4b1c-8659-8d001c4f3b5c@group-A9EE991D717F-FollowerState was interrupted: java.lang.InterruptedException: sleep interrupted
2019-10-17 07:43:54,318 [grpc-default-executor-1] INFO  impl.RoleInfo (RoleInfo.java:updateAndGet(143)) - 37bd8e8c-ea68-4b1c-8659-8d001c4f3b5c: start FollowerState
2019-10-17 07:43:54,343 [2a93f7e5-ecb9-41da-9c47-70e13ba76d7d@group-A9EE991D717F-LeaderElection342] INFO  impl.LeaderElection (LeaderElection.java:logAndReturn(56)) - 2a93f7e5-ecb9-41da-9c47-70e13ba76d7d@group-A9EE991D717F-LeaderElection342: Election REJECTED; received 2 response(s) [2a93f7e5-ecb9-41da-9c47-70e13ba76d7d<-37bd8e8c-ea68-4b1c-8659-8d001c4f3b5c#0:FAIL-t368, 2a93f7e5-ecb9-41da-9c47-70e13ba76d7d<-24020d0b-ce61-4f5a-b0b0-c561541e8cd4#0:FAIL-t368] and 0 exception(s); 2a93f7e5-ecb9-41da-9c47-70e13ba76d7d@group-A9EE991D717F:t368, leader=null, voted=2a93f7e5-ecb9-41da-9c47-70e13ba76d7d, raftlog=2a93f7e5-ecb9-41da-9c47-70e13ba76d7d@group-A9EE991D717F-SegmentedRaftLog:OPENED:c-1,f0,i0, conf=0: [37bd8e8c-ea68-4b1c-8659-8d001c4f3b5c:192.168.34.62:41632, 24020d0b-ce61-4f5a-b0b0-c561541e8cd4:192.168.34.62:42892, 2a93f7e5-ecb9-41da-9c47-70e13ba76d7d:192.168.34.62:35412], old=null
2019-10-17 07:43:54,343 [2a93f7e5-ecb9-41da-9c47-70e13ba76d7d@group-A9EE991D717F-LeaderElection342] INFO  impl.RaftServerImpl (RaftServerImpl.java:setRole(184)) - 2a93f7e5-ecb9-41da-9c47-70e13ba76d7d@group-A9EE991D717F: changes role from CANDIDATE to FOLLOWER at term 368 for DISCOVERED_A_NEW_TERM
2019-10-17 07:43:54,344 [2a93f7e5-ecb9-41da-9c47-70e13ba76d7d@group-A9EE991D717F-LeaderElection342] INFO  impl.RoleInfo (RoleInfo.java:shutdownLeaderElection(134)) - 2a93f7e5-ecb9-41da-9c47-70e13ba76d7d: shutdown LeaderElection
2019-10-17 07:43:54,344 [2a93f7e5-ecb9-41da-9c47-70e13ba76d7d@group-A9EE991D717F-LeaderElection342] INFO  impl.RoleInfo (RoleInfo.java:updateAndGet(143)) - 2a93f7e5-ecb9-41da-9c47-70e13ba76d7d: start FollowerState
2019-10-17 07:43:54,459 [Thread-2679] INFO  impl.FollowerState (FollowerState.java:run(108)) - 2a93f7e5-ecb9-41da-9c47-70e13ba76d7d@group-A9EE991D717F-FollowerState: change to CANDIDATE, lastRpcTime:115ms, electionTimeout:115ms
2019-10-17 07:43:54,459 [Thread-2679] INFO  impl.RoleInfo (RoleInfo.java:shutdownFollowerState(121)) - 2a93f7e5-ecb9-41da-9c47-70e13ba76d7d: shutdown FollowerState
2019-10-17 07:43:54,459 [Thread-2679] INFO  impl.RaftServerImpl (RaftServerImpl.java:setRole(184)) - 2a93f7e5-ecb9-41da-9c47-70e13ba76d7d@group-A9EE991D717F: changes role from  FOLLOWER to CANDIDATE at term 368 for changeToCandidate
2019-10-17 07:43:54,460 [Thread-2679] INFO  impl.RoleInfo (RoleInfo.java:updateAndGet(143)) - 2a93f7e5-ecb9-41da-9c47-70e13ba76d7d: start LeaderElection
2019-10-17 07:43:54,484 [2a93f7e5-ecb9-41da-9c47-70e13ba76d7d@group-A9EE991D717F-LeaderElection343] INFO  impl.LeaderElection (LeaderElection.java:askForVotes(178)) - 2a93f7e5-ecb9-41da-9c47-70e13ba76d7d@group-A9EE991D717F-LeaderElection343: begin an election at term 369 for 0: [37bd8e8c-ea68-4b1c-8659-8d001c4f3b5c:192.168.34.62:41632, 24020d0b-ce61-4f5a-b0b0-c561541e8cd4:192.168.34.62:42892, 2a93f7e5-ecb9-41da-9c47-70e13ba76d7d:192.168.34.62:35412], old=null
2019-10-17 07:43:54,486 [grpc-default-executor-1] INFO  impl.RaftServerImpl (RaftServerImpl.java:setRole(184)) - 37bd8e8c-ea68-4b1c-8659-8d001c4f3b5c@group-A9EE991D717F: changes role from  FOLLOWER to FOLLOWER at term 369 for recognizeCandidate:2a93f7e5-ecb9-41da-9c47-70e13ba76d7d
2019-10-17 07:43:54,486 [grpc-default-executor-1] INFO  impl.RoleInfo (RoleInfo.java:shutdownFollowerState(121)) - 37bd8e8c-ea68-4b1c-8659-8d001c4f3b5c: shutdown FollowerState
2019-10-17 07:43:54,486 [grpc-default-executor-1] INFO  impl.RoleInfo (RoleInfo.java:updateAndGet(143)) - 37bd8e8c-ea68-4b1c-8659-8d001c4f3b5c: start FollowerState
2019-10-17 07:43:54,486 [Thread-2678] INFO  impl.FollowerState (FollowerState.java:run(117)) - 37bd8e8c-ea68-4b1c-8659-8d001c4f3b5c@group-A9EE991D717F-FollowerState was interrupted: java.lang.InterruptedException: sleep interrupted
2019-10-17 07:43:54,486 [grpc-default-executor-0] INFO  impl.RaftServerImpl (RaftServerImpl.java:setRole(184)) - 24020d0b-ce61-4f5a-b0b0-c561541e8cd4@group-A9EE991D717F: changes role from  FOLLOWER to FOLLOWER at term 369 for recognizeCandidate:2a93f7e5-ecb9-41da-9c47-70e13ba76d7d
2019-10-17 07:43:54,486 [grpc-default-executor-0] INFO  impl.RoleInfo (RoleInfo.java:shutdownFollowerState(121)) - 24020d0b-ce61-4f5a-b0b0-c561541e8cd4: shutdown FollowerState
2019-10-17 07:43:54,487 [grpc-default-executor-0] INFO  impl.RoleInfo (RoleInfo.java:updateAndGet(143)) - 24020d0b-ce61-4f5a-b0b0-c561541e8cd4: start FollowerState
2019-10-17 07:43:54,487 [Thread-2677] INFO  impl.FollowerState (FollowerState.java:run(117)) - 24020d0b-ce61-4f5a-b0b0-c561541e8cd4@group-A9EE991D717F-FollowerState was interrupted: java.lang.InterruptedException: sleep interrupted
2019-10-17 07:43:54,510 [2a93f7e5-ecb9-41da-9c47-70e13ba76d7d@group-A9EE991D717F-LeaderElection343] INFO  impl.LeaderElection (LeaderElection.java:logAndReturn(56)) - 2a93f7e5-ecb9-41da-9c47-70e13ba76d7d@group-A9EE991D717F-LeaderElection343: Election REJECTED; received 2 response(s) [2a93f7e5-ecb9-41da-9c47-70e13ba76d7d<-37bd8e8c-ea68-4b1c-8659-8d001c4f3b5c#0:FAIL-t369, 2a93f7e5-ecb9-41da-9c47-70e13ba76d7d<-24020d0b-ce61-4f5a-b0b0-c561541e8cd4#0:FAIL-t369] and 0 exception(s); 2a93f7e5-ecb9-41da-9c47-70e13ba76d7d@group-A9EE991D717F:t369, leader=null, voted=2a93f7e5-ecb9-41da-9c47-70e13ba76d7d, raftlog=2a93f7e5-ecb9-41da-9c47-70e13ba76d7d@group-A9EE991D717F-SegmentedRaftLog:OPENED:c-1,f0,i0, conf=0: [37bd8e8c-ea68-4b1c-8659-8d001c4f3b5c:192.168.34.62:41632, 24020d0b-ce61-4f5a-b0b0-c561541e8cd4:192.168.34.62:42892, 2a93f7e5-ecb9-41da-9c47-70e13ba76d7d:192.168.34.62:35412], old=null
2019-10-17 07:43:54,511 [2a93f7e5-ecb9-41da-9c47-70e13ba76d7d@group-A9EE991D717F-LeaderElection343] INFO  impl.RaftServerImpl (RaftServerImpl.java:setRole(184)) - 2a93f7e5-ecb9-41da-9c47-70e13ba76d7d@group-A9EE991D717F: changes role from CANDIDATE to FOLLOWER at term 369 for DISCOVERED_A_NEW_TERM
2019-10-17 07:43:54,511 [2a93f7e5-ecb9-41da-9c47-70e13ba76d7d@group-A9EE991D717F-LeaderElection343] INFO  impl.RoleInfo (RoleInfo.java:shutdownLeaderElection(134)) - 2a93f7e5-ecb9-41da-9c47-70e13ba76d7d: shutdown LeaderElection
2019-10-17 07:43:54,511 [2a93f7e5-ecb9-41da-9c47-70e13ba76d7d@group-A9EE991D717F-LeaderElection343] INFO  impl.RoleInfo (RoleInfo.java:updateAndGet(143)) - 2a93f7e5-ecb9-41da-9c47-70e13ba76d7d: start FollowerState
2019-10-17 07:43:54,539 [Thread-2685] INFO  impl.FollowerState (FollowerState.java:run(108)) - 2a93f7e5-ecb9-41da-9c47-70e13ba76d7d@group-A9EE991D717F-FollowerState: change to CANDIDATE, lastRpcTime:28ms, electionTimeout:28ms
2019-10-17 07:43:54,539 [Thread-2685] INFO  impl.RoleInfo (RoleInfo.java:shutdownFollowerState(121)) - 2a93f7e5-ecb9-41da-9c47-70e13ba76d7d: shutdown FollowerState
2019-10-17 07:43:54,539 [Thread-2685] INFO  impl.RaftServerImpl (RaftServerImpl.java:setRole(184)) - 2a93f7e5-ecb9-41da-9c47-70e13ba76d7d@group-A9EE991D717F: changes role from  FOLLOWER to CANDIDATE at term 369 for changeToCandidate
2019-10-17 07:43:54,540 [Thread-2685] INFO  impl.RoleInfo (RoleInfo.java:updateAndGet(143)) - 2a93f7e5-ecb9-41da-9c47-70e13ba76d7d: start LeaderElection
2019-10-17 07:43:54,563 [2a93f7e5-ecb9-41da-9c47-70e13ba76d7d@group-A9EE991D717F-LeaderElection344] INFO  impl.LeaderElection (LeaderElection.java:askForVotes(178)) - 2a93f7e5-ecb9-41da-9c47-70e13ba76d7d@group-A9EE991D717F-LeaderElection344: begin an election at term 370 for 0: [37bd8e8c-ea68-4b1c-8659-8d001c4f3b5c:192.168.34.62:41632, 24020d0b-ce61-4f5a-b0b0-c561541e8cd4:192.168.34.62:42892, 2a93f7e5-ecb9-41da-9c47-70e13ba76d7d:192.168.34.62:35412], old=null
2019-10-17 07:43:54,565 [grpc-default-executor-0] INFO  impl.RaftServerImpl (RaftServerImpl.java:setRole(184)) - 37bd8e8c-ea68-4b1c-8659-8d001c4f3b5c@group-A9EE991D717F: changes role from  FOLLOWER to FOLLOWER at term 370 for recognizeCandidate:2a93f7e5-ecb9-41da-9c47-70e13ba76d7d
2019-10-17 07:43:54,565 [grpc-default-executor-0] INFO  impl.RoleInfo (RoleInfo.java:shutdownFollowerState(121)) - 37bd8e8c-ea68-4b1c-8659-8d001c4f3b5c: shutdown FollowerState
2019-10-17 07:43:54,565 [grpc-default-executor-1] INFO  impl.RaftServerImpl (RaftServerImpl.java:setRole(184)) - 24020d0b-ce61-4f5a-b0b0-c561541e8cd4@group-A9EE991D717F: changes role from  FOLLOWER to FOLLOWER at term 370 for recognizeCandidate:2a93f7e5-ecb9-41da-9c47-70e13ba76d7d
2019-10-17 07:43:54,565 [grpc-default-executor-1] INFO  impl.RoleInfo (RoleInfo.java:shutdownFollowerState(121)) - 24020d0b-ce61-4f5a-b0b0-c561541e8cd4: shutdown FollowerState
2019-10-17 07:43:54,565 [Thread-2683] INFO  impl.FollowerState (FollowerState.java:run(117)) - 37bd8e8c-ea68-4b1c-8659-8d001c4f3b5c@group-A9EE991D717F-FollowerState was interrupted: java.lang.InterruptedException: sleep interrupted
2019-10-17 07:43:54,565 [grpc-default-executor-0] INFO  impl.RoleInfo (RoleInfo.java:updateAndGet(143)) - 37bd8e8c-ea68-4b1c-8659-8d001c4f3b5c: start FollowerState
2019-10-17 07:43:54,566 [Thread-2684] INFO  impl.FollowerState (FollowerState.java:run(117)) - 24020d0b-ce61-4f5a-b0b0-c561541e8cd4@group-A9EE991D717F-FollowerState was interrupted: java.lang.InterruptedException: sleep interrupted
2019-10-17 07:43:54,566 [grpc-default-executor-1] INFO  impl.RoleInfo (RoleInfo.java:updateAndGet(143)) - 24020d0b-ce61-4f5a-b0b0-c561541e8cd4: start FollowerState
2019-10-17 07:43:54,594 [2a93f7e5-ecb9-41da-9c47-70e13ba76d7d@group-A9EE991D717F-LeaderElection344] INFO  impl.LeaderElection (LeaderElection.java:logAndReturn(56)) - 2a93f7e5-ecb9-41da-9c47-70e13ba76d7d@group-A9EE991D717F-LeaderElection344: Election REJECTED; received 2 response(s) [2a93f7e5-ecb9-41da-9c47-70e13ba76d7d<-37bd8e8c-ea68-4b1c-8659-8d001c4f3b5c#0:FAIL-t370, 2a93f7e5-ecb9-41da-9c47-70e13ba76d7d<-24020d0b-ce61-4f5a-b0b0-c561541e8cd4#0:FAIL-t370] and 0 exception(s); 2a93f7e5-ecb9-41da-9c47-70e13ba76d7d@group-A9EE991D717F:t370, leader=null, voted=2a93f7e5-ecb9-41da-9c47-70e13ba76d7d, raftlog=2a93f7e5-ecb9-41da-9c47-70e13ba76d7d@group-A9EE991D717F-SegmentedRaftLog:OPENED:c-1,f0,i0, conf=0: [37bd8e8c-ea68-4b1c-8659-8d001c4f3b5c:192.168.34.62:41632, 24020d0b-ce61-4f5a-b0b0-c561541e8cd4:192.168.34.62:42892, 2a93f7e5-ecb9-41da-9c47-70e13ba76d7d:192.168.34.62:35412], old=null
2019-10-17 07:43:54,595 [2a93f7e5-ecb9-41da-9c47-70e13ba76d7d@group-A9EE991D717F-LeaderElection344] INFO  impl.RaftServerImpl (RaftServerImpl.java:setRole(184)) - 2a93f7e5-ecb9-41da-9c47-70e13ba76d7d@group-A9EE991D717F: changes role from CANDIDATE to FOLLOWER at term 370 for DISCOVERED_A_NEW_TERM
2019-10-17 07:43:54,595 [2a93f7e5-ecb9-41da-9c47-70e13ba76d7d@group-A9EE991D717F-LeaderElection344] INFO  impl.RoleInfo (RoleInfo.java:shutdownLeaderElection(134)) - 2a93f7e5-ecb9-41da-9c47-70e13ba76d7d: shutdown LeaderElection
2019-10-17 07:43:54,595 [2a93f7e5-ecb9-41da-9c47-70e13ba76d7d@group-A9EE991D717F-LeaderElection344] INFO  impl.RoleInfo (RoleInfo.java:updateAndGet(143)) - 2a93f7e5-ecb9-41da-9c47-70e13ba76d7d: start FollowerState
2019-10-17 07:43:54,728 [Thread-2691] INFO  impl.FollowerState (FollowerState.java:run(108)) - 2a93f7e5-ecb9-41da-9c47-70e13ba76d7d@group-A9EE991D717F-FollowerState: change to CANDIDATE, lastRpcTime:133ms, electionTimeout:133ms
2019-10-17 07:43:54,728 [Thread-2691] INFO  impl.RoleInfo (RoleInfo.java:shutdownFollowerState(121)) - 2a93f7e5-ecb9-41da-9c47-70e13ba76d7d: shutdown FollowerState
2019-10-17 07:43:54,728 [Thread-2691] INFO  impl.RaftServerImpl (RaftServerImpl.java:setRole(184)) - 2a93f7e5-ecb9-41da-9c47-70e13ba76d7d@group-A9EE991D717F: changes role from  FOLLOWER to CANDIDATE at term 370 for changeToCandidate
2019-10-17 07:43:54,729 [Thread-2691] INFO  impl.RoleInfo (RoleInfo.java:updateAndGet(143)) - 2a93f7e5-ecb9-41da-9c47-70e13ba76d7d: start LeaderElection
2019-10-17 07:43:54,742 [2a93f7e5-ecb9-41da-9c47-70e13ba76d7d@group-A9EE991D717F-LeaderElection345] INFO  impl.LeaderElection (LeaderElection.java:askForVotes(178)) - 2a93f7e5-ecb9-41da-9c47-70e13ba76d7d@group-A9EE991D717F-LeaderElection345: begin an election at term 371 for 0: [37bd8e8c-ea68-4b1c-8659-8d001c4f3b5c:192.168.34.62:41632, 24020d0b-ce61-4f5a-b0b0-c561541e8cd4:192.168.34.62:42892, 2a93f7e5-ecb9-41da-9c47-70e13ba76d7d:192.168.34.62:35412], old=null
2019-10-17 07:43:54,744 [grpc-default-executor-1] INFO  impl.RaftServerImpl (RaftServerImpl.java:setRole(184)) - 24020d0b-ce61-4f5a-b0b0-c561541e8cd4@group-A9EE991D717F: changes role from  FOLLOWER to FOLLOWER at term 371 for recognizeCandidate:2a93f7e5-ecb9-41da-9c47-70e13ba76d7d
2019-10-17 07:43:54,744 [grpc-default-executor-1] INFO  impl.RoleInfo (RoleInfo.java:shutdownFollowerState(121)) - 24020d0b-ce61-4f5a-b0b0-c561541e8cd4: shutdown FollowerState
2019-10-17 07:43:54,744 [grpc-default-executor-1] INFO  impl.RoleInfo (RoleInfo.java:updateAndGet(143)) - 24020d0b-ce61-4f5a-b0b0-c561541e8cd4: start FollowerState
2019-10-17 07:43:54,744 [grpc-default-executor-0] INFO  impl.RaftServerImpl (RaftServerImpl.java:setRole(184)) - 37bd8e8c-ea68-4b1c-8659-8d001c4f3b5c@group-A9EE991D717F: changes role from  FOLLOWER to FOLLOWER at term 371 for recognizeCandidate:2a93f7e5-ecb9-41da-9c47-70e13ba76d7d
2019-10-17 07:43:54,745 [grpc-default-executor-0] INFO  impl.RoleInfo (RoleInfo.java:shutdownFollowerState(121)) - 37bd8e8c-ea68-4b1c-8659-8d001c4f3b5c: shutdown FollowerState
2019-10-17 07:43:54,744 [Thread-2690] INFO  impl.FollowerState (FollowerState.java:run(117)) - 24020d0b-ce61-4f5a-b0b0-c561541e8cd4@group-A9EE991D717F-FollowerState was interrupted: java.lang.InterruptedException: sleep interrupted
2019-10-17 07:43:54,745 [Thread-2689] INFO  impl.FollowerState (FollowerState.java:run(117)) - 37bd8e8c-ea68-4b1c-8659-8d001c4f3b5c@group-A9EE991D717F-FollowerState was interrupted: java.lang.InterruptedException: sleep interrupted
2019-10-17 07:43:54,745 [grpc-default-executor-0] INFO  impl.RoleInfo (RoleInfo.java:updateAndGet(143)) - 37bd8e8c-ea68-4b1c-8659-8d001c4f3b5c: start FollowerState
2019-10-17 07:43:54,769 [2a93f7e5-ecb9-41da-9c47-70e13ba76d7d@group-A9EE991D717F-LeaderElection345] INFO  impl.LeaderElection (LeaderElection.java:logAndReturn(56)) - 2a93f7e5-ecb9-41da-9c47-70e13ba76d7d@group-A9EE991D717F-LeaderElection345: Election REJECTED; received 2 response(s) [2a93f7e5-ecb9-41da-9c47-70e13ba76d7d<-37bd8e8c-ea68-4b1c-8659-8d001c4f3b5c#0:FAIL-t371, 2a93f7e5-ecb9-41da-9c47-70e13ba76d7d<-24020d0b-ce61-4f5a-b0b0-c561541e8cd4#0:FAIL-t371] and 0 exception(s); 2a93f7e5-ecb9-41da-9c47-70e13ba76d7d@group-A9EE991D717F:t371, leader=null, voted=2a93f7e5-ecb9-41da-9c47-70e13ba76d7d, raftlog=2a93f7e5-ecb9-41da-9c47-70e13ba76d7d@group-A9EE991D717F-SegmentedRaftLog:OPENED:c-1,f0,i0, conf=0: [37bd8e8c-ea68-4b1c-8659-8d001c4f3b5c:192.168.34.62:41632, 24020d0b-ce61-4f5a-b0b0-c561541e8cd4:192.168.34.62:42892, 2a93f7e5-ecb9-41da-9c47-70e13ba76d7d:192.168.34.62:35412], old=null
2019-10-17 07:43:54,769 [2a93f7e5-ecb9-41da-9c47-70e13ba76d7d@group-A9EE991D717F-LeaderElection345] INFO  impl.RaftServerImpl (RaftServerImpl.java:setRole(184)) - 2a93f7e5-ecb9-41da-9c47-70e13ba76d7d@group-A9EE991D717F: changes role from CANDIDATE to FOLLOWER at term 371 for DISCOVERED_A_NEW_TERM
2019-10-17 07:43:54,769 [2a93f7e5-ecb9-41da-9c47-70e13ba76d7d@group-A9EE991D717F-LeaderElection345] INFO  impl.RoleInfo (RoleInfo.java:shutdownLeaderElection(134)) - 2a93f7e5-ecb9-41da-9c47-70e13ba76d7d: shutdown LeaderElection
2019-10-17 07:43:54,769 [2a93f7e5-ecb9-41da-9c47-70e13ba76d7d@group-A9EE991D717F-LeaderElection345] INFO  impl.RoleInfo (RoleInfo.java:updateAndGet(143)) - 2a93f7e5-ecb9-41da-9c47-70e13ba76d7d: start FollowerState
2019-10-17 07:43:54,775 [Thread-2697] INFO  impl.FollowerState (FollowerState.java:run(108)) - 2a93f7e5-ecb9-41da-9c47-70e13ba76d7d@group-A9EE991D717F-FollowerState: change to CANDIDATE, lastRpcTime:5ms, electionTimeout:5ms
2019-10-17 07:43:54,775 [Thread-2697] INFO  impl.RoleInfo (RoleInfo.java:shutdownFollowerState(121)) - 2a93f7e5-ecb9-41da-9c47-70e13ba76d7d: shutdown FollowerState
2019-10-17 07:43:54,775 [Thread-2697] INFO  impl.RaftServerImpl (RaftServerImpl.java:setRole(184)) - 2a93f7e5-ecb9-41da-9c47-70e13ba76d7d@group-A9EE991D717F: changes role from  FOLLOWER to CANDIDATE at term 371 for changeToCandidate
2019-10-17 07:43:54,775 [Thread-2697] INFO  impl.RoleInfo (RoleInfo.java:updateAndGet(143)) - 2a93f7e5-ecb9-41da-9c47-70e13ba76d7d: start LeaderElection
2019-10-17 07:43:54,790 [2a93f7e5-ecb9-41da-9c47-70e13ba76d7d@group-A9EE991D717F-LeaderElection346] INFO  impl.LeaderElection (LeaderElection.java:askForVotes(178)) - 2a93f7e5-ecb9-41da-9c47-70e13ba76d7d@group-A9EE991D717F-LeaderElection346: begin an election at term 372 for 0: [37bd8e8c-ea68-4b1c-8659-8d001c4f3b5c:192.168.34.62:41632, 24020d0b-ce61-4f5a-b0b0-c561541e8cd4:192.168.34.62:42892, 2a93f7e5-ecb9-41da-9c47-70e13ba76d7d:192.168.34.62:35412], old=null
2019-10-17 07:43:54,792 [grpc-default-executor-0] INFO  impl.RaftServerImpl (RaftServerImpl.java:setRole(184)) - 37bd8e8c-ea68-4b1c-8659-8d001c4f3b5c@group-A9EE991D717F: changes role from  FOLLOWER to FOLLOWER at term 372 for recognizeCandidate:2a93f7e5-ecb9-41da-9c47-70e13ba76d7d
2019-10-17 07:43:54,792 [grpc-default-executor-0] INFO  impl.RoleInfo (RoleInfo.java:shutdownFollowerState(121)) - 37bd8e8c-ea68-4b1c-8659-8d001c4f3b5c: shutdown FollowerState
2019-10-17 07:43:54,792 [grpc-default-executor-1] INFO  impl.RaftServerImpl (RaftServerImpl.java:setRole(184)) - 24020d0b-ce61-4f5a-b0b0-c561541e8cd4@group-A9EE991D717F: changes role from  FOLLOWER to FOLLOWER at term 372 for recognizeCandidate:2a93f7e5-ecb9-41da-9c47-70e13ba76d7d
2019-10-17 07:43:54,793 [grpc-default-executor-1] INFO  impl.RoleInfo (RoleInfo.java:shutdownFollowerState(121)) - 24020d0b-ce61-4f5a-b0b0-c561541e8cd4: shutdown FollowerState
2019-10-17 07:43:54,793 [Thread-2696] INFO  impl.FollowerState (FollowerState.java:run(117)) - 37bd8e8c-ea68-4b1c-8659-8d001c4f3b5c@group-A9EE991D717F-FollowerState was interrupted: java.lang.InterruptedException: sleep interrupted
2019-10-17 07:43:54,792 [grpc-default-executor-0] INFO  impl.RoleInfo (RoleInfo.java:updateAndGet(143)) - 37bd8e8c-ea68-4b1c-8659-8d001c4f3b5c: start FollowerState
2019-10-17 07:43:54,793 [Thread-2695] INFO  impl.FollowerState (FollowerState.java:run(117)) - 24020d0b-ce61-4f5a-b0b0-c561541e8cd4@group-A9EE991D717F-FollowerState was interrupted: java.lang.InterruptedException: sleep interrupted
2019-10-17 07:43:54,793 [grpc-default-executor-1] INFO  impl.RoleInfo (RoleInfo.java:updateAndGet(143)) - 24020d0b-ce61-4f5a-b0b0-c561541e8cd4: start FollowerState
2019-10-17 07:43:54,817 [2a93f7e5-ecb9-41da-9c47-70e13ba76d7d@group-A9EE991D717F-LeaderElection346] INFO  impl.LeaderElection (LeaderElection.java:logAndReturn(56)) - 2a93f7e5-ecb9-41da-9c47-70e13ba76d7d@group-A9EE991D717F-LeaderElection346: Election REJECTED; received 2 response(s) [2a93f7e5-ecb9-41da-9c47-70e13ba76d7d<-37bd8e8c-ea68-4b1c-8659-8d001c4f3b5c#0:FAIL-t372, 2a93f7e5-ecb9-41da-9c47-70e13ba76d7d<-24020d0b-ce61-4f5a-b0b0-c561541e8cd4#0:FAIL-t372] and 0 exception(s); 2a93f7e5-ecb9-41da-9c47-70e13ba76d7d@group-A9EE991D717F:t372, leader=null, voted=2a93f7e5-ecb9-41da-9c47-70e13ba76d7d, raftlog=2a93f7e5-ecb9-41da-9c47-70e13ba76d7d@group-A9EE991D717F-SegmentedRaftLog:OPENED:c-1,f0,i0, conf=0: [37bd8e8c-ea68-4b1c-8659-8d001c4f3b5c:192.168.34.62:41632, 24020d0b-ce61-4f5a-b0b0-c561541e8cd4:192.168.34.62:42892, 2a93f7e5-ecb9-41da-9c47-70e13ba76d7d:192.168.34.62:35412], old=null
2019-10-17 07:43:54,817 [2a93f7e5-ecb9-41da-9c47-70e13ba76d7d@group-A9EE991D717F-LeaderElection346] INFO  impl.RaftServerImpl (RaftServerImpl.java:setRole(184)) - 2a93f7e5-ecb9-41da-9c47-70e13ba76d7d@group-A9EE991D717F: changes role from CANDIDATE to FOLLOWER at term 372 for DISCOVERED_A_NEW_TERM
2019-10-17 07:43:54,817 [2a93f7e5-ecb9-41da-9c47-70e13ba76d7d@group-A9EE991D717F-LeaderElection346] INFO  impl.RoleInfo (RoleInfo.java:shutdownLeaderElection(134)) - 2a93f7e5-ecb9-41da-9c47-70e13ba76d7d: shutdown LeaderElection
2019-10-17 07:43:54,818 [2a93f7e5-ecb9-41da-9c47-70e13ba76d7d@group-A9EE991D717F-LeaderElection346] INFO  impl.RoleInfo (RoleInfo.java:updateAndGet(143)) - 2a93f7e5-ecb9-41da-9c47-70e13ba76d7d: start FollowerState
2019-10-17 07:43:54,977 [Thread-2703] INFO  impl.FollowerState (FollowerState.java:run(108)) - 2a93f7e5-ecb9-41da-9c47-70e13ba76d7d@group-A9EE991D717F-FollowerState: change to CANDIDATE, lastRpcTime:159ms, electionTimeout:159ms
2019-10-17 07:43:54,977 [Thread-2703] INFO  impl.RoleInfo (RoleInfo.java:shutdownFollowerState(121)) - 2a93f7e5-ecb9-41da-9c47-70e13ba76d7d: shutdown FollowerState
2019-10-17 07:43:54,978 [Thread-2703] INFO  impl.RaftServerImpl (RaftServerImpl.java:setRole(184)) - 2a93f7e5-ecb9-41da-9c47-70e13ba76d7d@group-A9EE991D717F: changes role from  FOLLOWER to CANDIDATE at term 372 for changeToCandidate
2019-10-17 07:43:54,978 [Thread-2703] INFO  impl.RoleInfo (RoleInfo.java:updateAndGet(143)) - 2a93f7e5-ecb9-41da-9c47-70e13ba76d7d: start LeaderElection
2019-10-17 07:43:55,002 [2a93f7e5-ecb9-41da-9c47-70e13ba76d7d@group-A9EE991D717F-LeaderElection347] INFO  impl.LeaderElection (LeaderElection.java:askForVotes(178)) - 2a93f7e5-ecb9-41da-9c47-70e13ba76d7d@group-A9EE991D717F-LeaderElection347: begin an election at term 373 for 0: [37bd8e8c-ea68-4b1c-8659-8d001c4f3b5c:192.168.34.62:41632, 24020d0b-ce61-4f5a-b0b0-c561541e8cd4:192.168.34.62:42892, 2a93f7e5-ecb9-41da-9c47-70e13ba76d7d:192.168.34.62:35412], old=null
2019-10-17 07:43:55,005 [grpc-default-executor-1] INFO  impl.RaftServerImpl (RaftServerImpl.java:setRole(184)) - 37bd8e8c-ea68-4b1c-8659-8d001c4f3b5c@group-A9EE991D717F: changes role from  FOLLOWER to FOLLOWER at term 373 for recognizeCandidate:2a93f7e5-ecb9-41da-9c47-70e13ba76d7d
2019-10-17 07:43:55,005 [grpc-default-executor-0] INFO  impl.RaftServerImpl (RaftServerImpl.java:setRole(184)) - 24020d0b-ce61-4f5a-b0b0-c561541e8cd4@group-A9EE991D717F: changes role from  FOLLOWER to FOLLOWER at term 373 for recognizeCandidate:2a93f7e5-ecb9-41da-9c47-70e13ba76d7d
2019-10-17 07:43:55,005 [grpc-default-executor-1] INFO  impl.RoleInfo (RoleInfo.java:shutdownFollowerState(121)) - 37bd8e8c-ea68-4b1c-8659-8d001c4f3b5c: shutdown FollowerState
2019-10-17 07:43:55,006 [grpc-default-executor-0] INFO  impl.RoleInfo (RoleInfo.java:shutdownFollowerState(121)) - 24020d0b-ce61-4f5a-b0b0-c561541e8cd4: shutdown FollowerState
2019-10-17 07:43:55,006 [Thread-2701] INFO  impl.FollowerState (FollowerState.java:run(117)) - 37bd8e8c-ea68-4b1c-8659-8d001c4f3b5c@group-A9EE991D717F-FollowerState was interrupted: java.lang.InterruptedException: sleep interrupted
2019-10-17 07:43:55,006 [Thread-2702] INFO  impl.FollowerState (FollowerState.java:run(117)) - 24020d0b-ce61-4f5a-b0b0-c561541e8cd4@group-A9EE991D717F-FollowerState was interrupted: java.lang.InterruptedException: sleep interrupted
2019-10-17 07:43:55,006 [grpc-default-executor-1] INFO  impl.RoleInfo (RoleInfo.java:updateAndGet(143)) - 37bd8e8c-ea68-4b1c-8659-8d001c4f3b5c: start FollowerState
2019-10-17 07:43:55,006 [grpc-default-executor-0] INFO  impl.RoleInfo (RoleInfo.java:updateAndGet(143)) - 24020d0b-ce61-4f5a-b0b0-c561541e8cd4: start FollowerState
2019-10-17 07:43:55,024 [2a93f7e5-ecb9-41da-9c47-70e13ba76d7d@group-A9EE991D717F-LeaderElection347] INFO  impl.LeaderElection (LeaderElection.java:logAndReturn(56)) - 2a93f7e5-ecb9-41da-9c47-70e13ba76d7d@group-A9EE991D717F-LeaderElection347: Election REJECTED; received 2 response(s) [2a93f7e5-ecb9-41da-9c47-70e13ba76d7d<-37bd8e8c-ea68-4b1c-8659-8d001c4f3b5c#0:FAIL-t373, 2a93f7e5-ecb9-41da-9c47-70e13ba76d7d<-24020d0b-ce61-4f5a-b0b0-c561541e8cd4#0:FAIL-t373] and 0 exception(s); 2a93f7e5-ecb9-41da-9c47-70e13ba76d7d@group-A9EE991D717F:t373, leader=null, voted=2a93f7e5-ecb9-41da-9c47-70e13ba76d7d, raftlog=2a93f7e5-ecb9-41da-9c47-70e13ba76d7d@group-A9EE991D717F-SegmentedRaftLog:OPENED:c-1,f0,i0, conf=0: [37bd8e8c-ea68-4b1c-8659-8d001c4f3b5c:192.168.34.62:41632, 24020d0b-ce61-4f5a-b0b0-c561541e8cd4:192.168.34.62:42892, 2a93f7e5-ecb9-41da-9c47-70e13ba76d7d:192.168.34.62:35412], old=null
2019-10-17 07:43:55,024 [2a93f7e5-ecb9-41da-9c47-70e13ba76d7d@group-A9EE991D717F-LeaderElection347] INFO  impl.RaftServerImpl (RaftServerImpl.java:setRole(184)) - 2a93f7e5-ecb9-41da-9c47-70e13ba76d7d@group-A9EE991D717F: changes role from CANDIDATE to FOLLOWER at term 373 for DISCOVERED_A_NEW_TERM
2019-10-17 07:43:55,024 [2a93f7e5-ecb9-41da-9c47-70e13ba76d7d@group-A9EE991D717F-LeaderElection347] INFO  impl.RoleInfo (RoleInfo.java:shutdownLeaderElection(134)) - 2a93f7e5-ecb9-41da-9c47-70e13ba76d7d: shutdown LeaderElection
2019-10-17 07:43:55,025 [2a93f7e5-ecb9-41da-9c47-70e13ba76d7d@group-A9EE991D717F-LeaderElection347] INFO  impl.RoleInfo (RoleInfo.java:updateAndGet(143)) - 2a93f7e5-ecb9-41da-9c47-70e13ba76d7d: start FollowerState
2019-10-17 07:43:55,190 [Thread-2709] INFO  impl.FollowerState (FollowerState.java:run(108)) - 2a93f7e5-ecb9-41da-9c47-70e13ba76d7d@group-A9EE991D717F-FollowerState: change to CANDIDATE, lastRpcTime:165ms, electionTimeout:165ms
2019-10-17 07:43:55,190 [Thread-2709] INFO  impl.RoleInfo (RoleInfo.java:shutdownFollowerState(121)) - 2a93f7e5-ecb9-41da-9c47-70e13ba76d7d: shutdown FollowerState
2019-10-17 07:43:55,191 [Thread-2709] INFO  impl.RaftServerImpl (RaftServerImpl.java:setRole(184)) - 2a93f7e5-ecb9-41da-9c47-70e13ba76d7d@group-A9EE991D717F: changes role from  FOLLOWER to CANDIDATE at term 373 for changeToCandidate
2019-10-17 07:43:55,191 [Thread-2709] INFO  impl.RoleInfo (RoleInfo.java:updateAndGet(143)) - 2a93f7e5-ecb9-41da-9c47-70e13ba76d7d: start LeaderElection
2019-10-17 07:43:55,215 [2a93f7e5-ecb9-41da-9c47-70e13ba76d7d@group-A9EE991D717F-LeaderElection348] INFO  impl.LeaderElection (LeaderElection.java:askForVotes(178)) - 2a93f7e5-ecb9-41da-9c47-70e13ba76d7d@group-A9EE991D717F-LeaderElection348: begin an election at term 374 for 0: [37bd8e8c-ea68-4b1c-8659-8d001c4f3b5c:192.168.34.62:41632, 24020d0b-ce61-4f5a-b0b0-c561541e8cd4:192.168.34.62:42892, 2a93f7e5-ecb9-41da-9c47-70e13ba76d7d:192.168.34.62:35412], old=null
2019-10-17 07:43:55,218 [grpc-default-executor-1] INFO  impl.RaftServerImpl (RaftServerImpl.java:setRole(184)) - 37bd8e8c-ea68-4b1c-8659-8d001c4f3b5c@group-A9EE991D717F: changes role from  FOLLOWER to FOLLOWER at term 374 for recognizeCandidate:2a93f7e5-ecb9-41da-9c47-70e13ba76d7d
2019-10-17 07:43:55,218 [grpc-default-executor-1] INFO  impl.RoleInfo (RoleInfo.java:shutdownFollowerState(121)) - 37bd8e8c-ea68-4b1c-8659-8d001c4f3b5c: shutdown FollowerState
2019-10-17 07:43:55,218 [grpc-default-executor-1] INFO  impl.RoleInfo (RoleInfo.java:updateAndGet(143)) - 37bd8e8c-ea68-4b1c-8659-8d001c4f3b5c: start FollowerState
2019-10-17 07:43:55,218 [Thread-2707] INFO  impl.FollowerState (FollowerState.java:run(117)) - 37bd8e8c-ea68-4b1c-8659-8d001c4f3b5c@group-A9EE991D717F-FollowerState was interrupted: java.lang.InterruptedException: sleep interrupted
2019-10-17 07:43:55,218 [grpc-default-executor-0] INFO  impl.RaftServerImpl (RaftServerImpl.java:setRole(184)) - 24020d0b-ce61-4f5a-b0b0-c561541e8cd4@group-A9EE991D717F: changes role from  FOLLOWER to FOLLOWER at term 374 for recognizeCandidate:2a93f7e5-ecb9-41da-9c47-70e13ba76d7d
2019-10-17 07:43:55,218 [grpc-default-executor-0] INFO  impl.RoleInfo (RoleInfo.java:shutdownFollowerState(121)) - 24020d0b-ce61-4f5a-b0b0-c561541e8cd4: shutdown FollowerState
2019-10-17 07:43:55,219 [grpc-default-executor-0] INFO  impl.RoleInfo (RoleInfo.java:updateAndGet(143)) - 24020d0b-ce61-4f5a-b0b0-c561541e8cd4: start FollowerState
2019-10-17 07:43:55,219 [Thread-2708] INFO  impl.FollowerState (FollowerState.java:run(117)) - 24020d0b-ce61-4f5a-b0b0-c561541e8cd4@group-A9EE991D717F-FollowerState was interrupted: java.lang.InterruptedException: sleep interrupted
2019-10-17 07:43:55,242 [2a93f7e5-ecb9-41da-9c47-70e13ba76d7d@group-A9EE991D717F-LeaderElection348] INFO  impl.LeaderElection (LeaderElection.java:logAndReturn(56)) - 2a93f7e5-ecb9-41da-9c47-70e13ba76d7d@group-A9EE991D717F-LeaderElection348: Election REJECTED; received 2 response(s) [2a93f7e5-ecb9-41da-9c47-70e13ba76d7d<-37bd8e8c-ea68-4b1c-8659-8d001c4f3b5c#0:FAIL-t374, 2a93f7e5-ecb9-41da-9c47-70e13ba76d7d<-24020d0b-ce61-4f5a-b0b0-c561541e8cd4#0:FAIL-t374] and 0 exception(s); 2a93f7e5-ecb9-41da-9c47-70e13ba76d7d@group-A9EE991D717F:t374, leader=null, voted=2a93f7e5-ecb9-41da-9c47-70e13ba76d7d, raftlog=2a93f7e5-ecb9-41da-9c47-70e13ba76d7d@group-A9EE991D717F-SegmentedRaftLog:OPENED:c-1,f0,i0, conf=0: [37bd8e8c-ea68-4b1c-8659-8d001c4f3b5c:192.168.34.62:41632, 24020d0b-ce61-4f5a-b0b0-c561541e8cd4:192.168.34.62:42892, 2a93f7e5-ecb9-41da-9c47-70e13ba76d7d:192.168.34.62:35412], old=null
2019-10-17 07:43:55,243 [2a93f7e5-ecb9-41da-9c47-70e13ba76d7d@group-A9EE991D717F-LeaderElection348] INFO  impl.RaftServerImpl (RaftServerImpl.java:setRole(184)) - 2a93f7e5-ecb9-41da-9c47-70e13ba76d7d@group-A9EE991D717F: changes role from CANDIDATE to FOLLOWER at term 374 for DISCOVERED_A_NEW_TERM
2019-10-17 07:43:55,243 [2a93f7e5-ecb9-41da-9c47-70e13ba76d7d@group-A9EE991D717F-LeaderElection348] INFO  impl.RoleInfo (RoleInfo.java:shutdownLeaderElection(134)) - 2a93f7e5-ecb9-41da-9c47-70e13ba76d7d: shutdown LeaderElection
2019-10-17 07:43:55,243 [2a93f7e5-ecb9-41da-9c47-70e13ba76d7d@group-A9EE991D717F-LeaderElection348] INFO  impl.RoleInfo (RoleInfo.java:updateAndGet(143)) - 2a93f7e5-ecb9-41da-9c47-70e13ba76d7d: start FollowerState
2019-10-17 07:43:55,385 [Thread-2715] INFO  impl.FollowerState (FollowerState.java:run(108)) - 2a93f7e5-ecb9-41da-9c47-70e13ba76d7d@group-A9EE991D717F-FollowerState: change to CANDIDATE, lastRpcTime:141ms, electionTimeout:141ms
2019-10-17 07:43:55,385 [Thread-2715] INFO  impl.RoleInfo (RoleInfo.java:shutdownFollowerState(121)) - 2a93f7e5-ecb9-41da-9c47-70e13ba76d7d: shutdown FollowerState
2019-10-17 07:43:55,385 [Thread-2715] INFO  impl.RaftServerImpl (RaftServerImpl.java:setRole(184)) - 2a93f7e5-ecb9-41da-9c47-70e13ba76d7d@group-A9EE991D717F: changes role from  FOLLOWER to CANDIDATE at term 374 for changeToCandidate
2019-10-17 07:43:55,385 [Thread-2715] INFO  impl.RoleInfo (RoleInfo.java:updateAndGet(143)) - 2a93f7e5-ecb9-41da-9c47-70e13ba76d7d: start LeaderElection
2019-10-17 07:43:55,409 [2a93f7e5-ecb9-41da-9c47-70e13ba76d7d@group-A9EE991D717F-LeaderElection349] INFO  impl.LeaderElection (LeaderElection.java:askForVotes(178)) - 2a93f7e5-ecb9-41da-9c47-70e13ba76d7d@group-A9EE991D717F-LeaderElection349: begin an election at term 375 for 0: [37bd8e8c-ea68-4b1c-8659-8d001c4f3b5c:192.168.34.62:41632, 24020d0b-ce61-4f5a-b0b0-c561541e8cd4:192.168.34.62:42892, 2a93f7e5-ecb9-41da-9c47-70e13ba76d7d:192.168.34.62:35412], old=null
2019-10-17 07:43:55,410 [grpc-default-executor-0] INFO  impl.RaftServerImpl (RaftServerImpl.java:setRole(184)) - 37bd8e8c-ea68-4b1c-8659-8d001c4f3b5c@group-A9EE991D717F: changes role from  FOLLOWER to FOLLOWER at term 375 for recognizeCandidate:2a93f7e5-ecb9-41da-9c47-70e13ba76d7d
2019-10-17 07:43:55,410 [grpc-default-executor-0] INFO  impl.RoleInfo (RoleInfo.java:shutdownFollowerState(121)) - 37bd8e8c-ea68-4b1c-8659-8d001c4f3b5c: shutdown FollowerState
2019-10-17 07:43:55,411 [grpc-default-executor-0] INFO  impl.RoleInfo (RoleInfo.java:updateAndGet(143)) - 37bd8e8c-ea68-4b1c-8659-8d001c4f3b5c: start FollowerState
2019-10-17 07:43:55,411 [Thread-2713] INFO  impl.FollowerState (FollowerState.java:run(117)) - 37bd8e8c-ea68-4b1c-8659-8d001c4f3b5c@group-A9EE991D717F-FollowerState was interrupted: java.lang.InterruptedException: sleep interrupted
2019-10-17 07:43:55,411 [grpc-default-executor-1] INFO  impl.RaftServerImpl (RaftServerImpl.java:setRole(184)) - 24020d0b-ce61-4f5a-b0b0-c561541e8cd4@group-A9EE991D717F: changes role from  FOLLOWER to FOLLOWER at term 375 for recognizeCandidate:2a93f7e5-ecb9-41da-9c47-70e13ba76d7d
2019-10-17 07:43:55,411 [grpc-default-executor-1] INFO  impl.RoleInfo (RoleInfo.java:shutdownFollowerState(121)) - 24020d0b-ce61-4f5a-b0b0-c561541e8cd4: shutdown FollowerState
2019-10-17 07:43:55,411 [grpc-default-executor-1] INFO  impl.RoleInfo (RoleInfo.java:updateAndGet(143)) - 24020d0b-ce61-4f5a-b0b0-c561541e8cd4: start FollowerState
2019-10-17 07:43:55,411 [Thread-2714] INFO  impl.FollowerState (FollowerState.java:run(117)) - 24020d0b-ce61-4f5a-b0b0-c561541e8cd4@group-A9EE991D717F-FollowerState was interrupted: java.lang.InterruptedException: sleep interrupted
2019-10-17 07:43:55,441 [2a93f7e5-ecb9-41da-9c47-70e13ba76d7d@group-A9EE991D717F-LeaderElection349] INFO  impl.LeaderElection (LeaderElection.java:logAndReturn(56)) - 2a93f7e5-ecb9-41da-9c47-70e13ba76d7d@group-A9EE991D717F-LeaderElection349: Election REJECTED; received 2 response(s) [2a93f7e5-ecb9-41da-9c47-70e13ba76d7d<-37bd8e8c-ea68-4b1c-8659-8d001c4f3b5c#0:FAIL-t375, 2a93f7e5-ecb9-41da-9c47-70e13ba76d7d<-24020d0b-ce61-4f5a-b0b0-c561541e8cd4#0:FAIL-t375] and 0 exception(s); 2a93f7e5-ecb9-41da-9c47-70e13ba76d7d@group-A9EE991D717F:t375, leader=null, voted=2a93f7e5-ecb9-41da-9c47-70e13ba76d7d, raftlog=2a93f7e5-ecb9-41da-9c47-70e13ba76d7d@group-A9EE991D717F-SegmentedRaftLog:OPENED:c-1,f0,i0, conf=0: [37bd8e8c-ea68-4b1c-8659-8d001c4f3b5c:192.168.34.62:41632, 24020d0b-ce61-4f5a-b0b0-c561541e8cd4:192.168.34.62:42892, 2a93f7e5-ecb9-41da-9c47-70e13ba76d7d:192.168.34.62:35412], old=null
2019-10-17 07:43:55,441 [2a93f7e5-ecb9-41da-9c47-70e13ba76d7d@group-A9EE991D717F-LeaderElection349] INFO  impl.RaftServerImpl (RaftServerImpl.java:setRole(184)) - 2a93f7e5-ecb9-41da-9c47-70e13ba76d7d@group-A9EE991D717F: changes role from CANDIDATE to FOLLOWER at term 375 for DISCOVERED_A_NEW_TERM
2019-10-17 07:43:55,441 [2a93f7e5-ecb9-41da-9c47-70e13ba76d7d@group-A9EE991D717F-LeaderElection349] INFO  impl.RoleInfo (RoleInfo.java:shutdownLeaderElection(134)) - 2a93f7e5-ecb9-41da-9c47-70e13ba76d7d: shutdown LeaderElection
2019-10-17 07:43:55,441 [2a93f7e5-ecb9-41da-9c47-70e13ba76d7d@group-A9EE991D717F-LeaderElection349] INFO  impl.RoleInfo (RoleInfo.java:updateAndGet(143)) - 2a93f7e5-ecb9-41da-9c47-70e13ba76d7d: start FollowerState
2019-10-17 07:43:55,468 [Thread-2721] INFO  impl.FollowerState (FollowerState.java:run(108)) - 2a93f7e5-ecb9-41da-9c47-70e13ba76d7d@group-A9EE991D717F-FollowerState: change to CANDIDATE, lastRpcTime:27ms, electionTimeout:27ms
2019-10-17 07:43:55,469 [Thread-2721] INFO  impl.RoleInfo (RoleInfo.java:shutdownFollowerState(121)) - 2a93f7e5-ecb9-41da-9c47-70e13ba76d7d: shutdown FollowerState
2019-10-17 07:43:55,469 [Thread-2721] INFO  impl.RaftServerImpl (RaftServerImpl.java:setRole(184)) - 2a93f7e5-ecb9-41da-9c47-70e13ba76d7d@group-A9EE991D717F: changes role from  FOLLOWER to CANDIDATE at term 375 for changeToCandidate
2019-10-17 07:43:55,469 [Thread-2721] INFO  impl.RoleInfo (RoleInfo.java:updateAndGet(143)) - 2a93f7e5-ecb9-41da-9c47-70e13ba76d7d: start LeaderElection
2019-10-17 07:43:55,499 [2a93f7e5-ecb9-41da-9c47-70e13ba76d7d@group-A9EE991D717F-LeaderElection350] INFO  impl.LeaderElection (LeaderElection.java:askForVotes(178)) - 2a93f7e5-ecb9-41da-9c47-70e13ba76d7d@group-A9EE991D717F-LeaderElection350: begin an election at term 376 for 0: [37bd8e8c-ea68-4b1c-8659-8d001c4f3b5c:192.168.34.62:41632, 24020d0b-ce61-4f5a-b0b0-c561541e8cd4:192.168.34.62:42892, 2a93f7e5-ecb9-41da-9c47-70e13ba76d7d:192.168.34.62:35412], old=null
2019-10-17 07:43:55,500 [grpc-default-executor-1] INFO  impl.RaftServerImpl (RaftServerImpl.java:setRole(184)) - 37bd8e8c-ea68-4b1c-8659-8d001c4f3b5c@group-A9EE991D717F: changes role from  FOLLOWER to FOLLOWER at term 376 for recognizeCandidate:2a93f7e5-ecb9-41da-9c47-70e13ba76d7d
2019-10-17 07:43:55,500 [grpc-default-executor-0] INFO  impl.RaftServerImpl (RaftServerImpl.java:setRole(184)) - 24020d0b-ce61-4f5a-b0b0-c561541e8cd4@group-A9EE991D717F: changes role from  FOLLOWER to FOLLOWER at term 376 for recognizeCandidate:2a93f7e5-ecb9-41da-9c47-70e13ba76d7d
2019-10-17 07:43:55,501 [grpc-default-executor-1] INFO  impl.RoleInfo (RoleInfo.java:shutdownFollowerState(121)) - 37bd8e8c-ea68-4b1c-8659-8d001c4f3b5c: shutdown FollowerState
2019-10-17 07:43:55,501 [grpc-default-executor-0] INFO  impl.RoleInfo (RoleInfo.java:shutdownFollowerState(121)) - 24020d0b-ce61-4f5a-b0b0-c561541e8cd4: shutdown FollowerState
2019-10-17 07:43:55,501 [grpc-default-executor-1] INFO  impl.RoleInfo (RoleInfo.java:updateAndGet(143)) - 37bd8e8c-ea68-4b1c-8659-8d001c4f3b5c: start FollowerState
2019-10-17 07:43:55,501 [Thread-2719] INFO  impl.FollowerState (FollowerState.java:run(117)) - 37bd8e8c-ea68-4b1c-8659-8d001c4f3b5c@group-A9EE991D717F-FollowerState was interrupted: java.lang.InterruptedException: sleep interrupted
2019-10-17 07:43:55,501 [Thread-2720] INFO  impl.FollowerState (FollowerState.java:run(117)) - 24020d0b-ce61-4f5a-b0b0-c561541e8cd4@group-A9EE991D717F-FollowerState was interrupted: java.lang.InterruptedException: sleep interrupted
2019-10-17 07:43:55,501 [grpc-default-executor-0] INFO  impl.RoleInfo (RoleInfo.java:updateAndGet(143)) - 24020d0b-ce61-4f5a-b0b0-c561541e8cd4: start FollowerState
2019-10-17 07:43:55,525 [2a93f7e5-ecb9-41da-9c47-70e13ba76d7d@group-A9EE991D717F-LeaderElection350] INFO  impl.LeaderElection (LeaderElection.java:logAndReturn(56)) - 2a93f7e5-ecb9-41da-9c47-70e13ba76d7d@group-A9EE991D717F-LeaderElection350: Election REJECTED; received 2 response(s) [2a93f7e5-ecb9-41da-9c47-70e13ba76d7d<-37bd8e8c-ea68-4b1c-8659-8d001c4f3b5c#0:FAIL-t376, 2a93f7e5-ecb9-41da-9c47-70e13ba76d7d<-24020d0b-ce61-4f5a-b0b0-c561541e8cd4#0:FAIL-t376] and 0 exception(s); 2a93f7e5-ecb9-41da-9c47-70e13ba76d7d@group-A9EE991D717F:t376, leader=null, voted=2a93f7e5-ecb9-41da-9c47-70e13ba76d7d, raftlog=2a93f7e5-ecb9-41da-9c47-70e13ba76d7d@group-A9EE991D717F-SegmentedRaftLog:OPENED:c-1,f0,i0, conf=0: [37bd8e8c-ea68-4b1c-8659-8d001c4f3b5c:192.168.34.62:41632, 24020d0b-ce61-4f5a-b0b0-c561541e8cd4:192.168.34.62:42892, 2a93f7e5-ecb9-41da-9c47-70e13ba76d7d:192.168.34.62:35412], old=null
2019-10-17 07:43:55,525 [2a93f7e5-ecb9-41da-9c47-70e13ba76d7d@group-A9EE991D717F-LeaderElection350] INFO  impl.RaftServerImpl (RaftServerImpl.java:setRole(184)) - 2a93f7e5-ecb9-41da-9c47-70e13ba76d7d@group-A9EE991D717F: changes role from CANDIDATE to FOLLOWER at term 376 for DISCOVERED_A_NEW_TERM
2019-10-17 07:43:55,525 [2a93f7e5-ecb9-41da-9c47-70e13ba76d7d@group-A9EE991D717F-LeaderElection350] INFO  impl.RoleInfo (RoleInfo.java:shutdownLeaderElection(134)) - 2a93f7e5-ecb9-41da-9c47-70e13ba76d7d: shutdown LeaderElection
2019-10-17 07:43:55,525 [2a93f7e5-ecb9-41da-9c47-70e13ba76d7d@group-A9EE991D717F-LeaderElection350] INFO  impl.RoleInfo (RoleInfo.java:updateAndGet(143)) - 2a93f7e5-ecb9-41da-9c47-70e13ba76d7d: start FollowerState
2019-10-17 07:43:55,665 [Thread-2727] INFO  impl.FollowerState (FollowerState.java:run(108)) - 2a93f7e5-ecb9-41da-9c47-70e13ba76d7d@group-A9EE991D717F-FollowerState: change to CANDIDATE, lastRpcTime:139ms, electionTimeout:139ms
2019-10-17 07:43:55,665 [Thread-2727] INFO  impl.RoleInfo (RoleInfo.java:shutdownFollowerState(121)) - 2a93f7e5-ecb9-41da-9c47-70e13ba76d7d: shutdown FollowerState
2019-10-17 07:43:55,665 [Thread-2727] INFO  impl.RaftServerImpl (RaftServerImpl.java:setRole(184)) - 2a93f7e5-ecb9-41da-9c47-70e13ba76d7d@group-A9EE991D717F: changes role from  FOLLOWER to CANDIDATE at term 376 for changeToCandidate
2019-10-17 07:43:55,665 [Thread-2727] INFO  impl.RoleInfo (RoleInfo.java:updateAndGet(143)) - 2a93f7e5-ecb9-41da-9c47-70e13ba76d7d: start LeaderElection
2019-10-17 07:43:55,699 [2a93f7e5-ecb9-41da-9c47-70e13ba76d7d@group-A9EE991D717F-LeaderElection351] INFO  impl.LeaderElection (LeaderElection.java:askForVotes(178)) - 2a93f7e5-ecb9-41da-9c47-70e13ba76d7d@group-A9EE991D717F-LeaderElection351: begin an election at term 377 for 0: [37bd8e8c-ea68-4b1c-8659-8d001c4f3b5c:192.168.34.62:41632, 24020d0b-ce61-4f5a-b0b0-c561541e8cd4:192.168.34.62:42892, 2a93f7e5-ecb9-41da-9c47-70e13ba76d7d:192.168.34.62:35412], old=null
2019-10-17 07:43:55,702 [grpc-default-executor-0] INFO  impl.RaftServerImpl (RaftServerImpl.java:setRole(184)) - 24020d0b-ce61-4f5a-b0b0-c561541e8cd4@group-A9EE991D717F: changes role from  FOLLOWER to FOLLOWER at term 377 for recognizeCandidate:2a93f7e5-ecb9-41da-9c47-70e13ba76d7d
2019-10-17 07:43:55,702 [grpc-default-executor-0] INFO  impl.RoleInfo (RoleInfo.java:shutdownFollowerState(121)) - 24020d0b-ce61-4f5a-b0b0-c561541e8cd4: shutdown FollowerState
2019-10-17 07:43:55,702 [grpc-default-executor-1] INFO  impl.RaftServerImpl (RaftServerImpl.java:setRole(184)) - 37bd8e8c-ea68-4b1c-8659-8d001c4f3b5c@group-A9EE991D717F: changes role from  FOLLOWER to FOLLOWER at term 377 for recognizeCandidate:2a93f7e5-ecb9-41da-9c47-70e13ba76d7d
2019-10-17 07:43:55,702 [grpc-default-executor-1] INFO  impl.RoleInfo (RoleInfo.java:shutdownFollowerState(121)) - 37bd8e8c-ea68-4b1c-8659-8d001c4f3b5c: shutdown FollowerState
2019-10-17 07:43:55,702 [Thread-2726] INFO  impl.FollowerState (FollowerState.java:run(117)) - 24020d0b-ce61-4f5a-b0b0-c561541e8cd4@group-A9EE991D717F-FollowerState was interrupted: java.lang.InterruptedException: sleep interrupted
2019-10-17 07:43:55,702 [grpc-default-executor-0] INFO  impl.RoleInfo (RoleInfo.java:updateAndGet(143)) - 24020d0b-ce61-4f5a-b0b0-c561541e8cd4: start FollowerState
2019-10-17 07:43:55,703 [Thread-2725] INFO  impl.FollowerState (FollowerState.java:run(117)) - 37bd8e8c-ea68-4b1c-8659-8d001c4f3b5c@group-A9EE991D717F-FollowerState was interrupted: java.lang.InterruptedException: sleep interrupted
2019-10-17 07:43:55,703 [grpc-default-executor-1] INFO  impl.RoleInfo (RoleInfo.java:updateAndGet(143)) - 37bd8e8c-ea68-4b1c-8659-8d001c4f3b5c: start FollowerState
2019-10-17 07:43:55,725 [2a93f7e5-ecb9-41da-9c47-70e13ba76d7d@group-A9EE991D717F-LeaderElection351] INFO  impl.LeaderElection (LeaderElection.java:logAndReturn(56)) - 2a93f7e5-ecb9-41da-9c47-70e13ba76d7d@group-A9EE991D717F-LeaderElection351: Election REJECTED; received 2 response(s) [2a93f7e5-ecb9-41da-9c47-70e13ba76d7d<-37bd8e8c-ea68-4b1c-8659-8d001c4f3b5c#0:FAIL-t377, 2a93f7e5-ecb9-41da-9c47-70e13ba76d7d<-24020d0b-ce61-4f5a-b0b0-c561541e8cd4#0:FAIL-t377] and 0 exception(s); 2a93f7e5-ecb9-41da-9c47-70e13ba76d7d@group-A9EE991D717F:t377, leader=null, voted=2a93f7e5-ecb9-41da-9c47-70e13ba76d7d, raftlog=2a93f7e5-ecb9-41da-9c47-70e13ba76d7d@group-A9EE991D717F-SegmentedRaftLog:OPENED:c-1,f0,i0, conf=0: [37bd8e8c-ea68-4b1c-8659-8d001c4f3b5c:192.168.34.62:41632, 24020d0b-ce61-4f5a-b0b0-c561541e8cd4:192.168.34.62:42892, 2a93f7e5-ecb9-41da-9c47-70e13ba76d7d:192.168.34.62:35412], old=null
2019-10-17 07:43:55,726 [2a93f7e5-ecb9-41da-9c47-70e13ba76d7d@group-A9EE991D717F-LeaderElection351] INFO  impl.RaftServerImpl (RaftServerImpl.java:setRole(184)) - 2a93f7e5-ecb9-41da-9c47-70e13ba76d7d@group-A9EE991D717F: changes role from CANDIDATE to FOLLOWER at term 377 for DISCOVERED_A_NEW_TERM
2019-10-17 07:43:55,726 [2a93f7e5-ecb9-41da-9c47-70e13ba76d7d@group-A9EE991D717F-LeaderElection351] INFO  impl.RoleInfo (RoleInfo.java:shutdownLeaderElection(134)) - 2a93f7e5-ecb9-41da-9c47-70e13ba76d7d: shutdown LeaderElection
2019-10-17 07:43:55,726 [2a93f7e5-ecb9-41da-9c47-70e13ba76d7d@group-A9EE991D717F-LeaderElection351] INFO  impl.RoleInfo (RoleInfo.java:updateAndGet(143)) - 2a93f7e5-ecb9-41da-9c47-70e13ba76d7d: start FollowerState
2019-10-17 07:43:55,796 [Thread-2733] INFO  impl.FollowerState (FollowerState.java:run(108)) - 2a93f7e5-ecb9-41da-9c47-70e13ba76d7d@group-A9EE991D717F-FollowerState: change to CANDIDATE, lastRpcTime:70ms, electionTimeout:70ms
2019-10-17 07:43:55,796 [Thread-2733] INFO  impl.RoleInfo (RoleInfo.java:shutdownFollowerState(121)) - 2a93f7e5-ecb9-41da-9c47-70e13ba76d7d: shutdown FollowerState
2019-10-17 07:43:55,797 [Thread-2733] INFO  impl.RaftServerImpl (RaftServerImpl.java:setRole(184)) - 2a93f7e5-ecb9-41da-9c47-70e13ba76d7d@group-A9EE991D717F: changes role from  FOLLOWER to CANDIDATE at term 377 for changeToCandidate
2019-10-17 07:43:55,797 [Thread-2733] INFO  impl.RoleInfo (RoleInfo.java:updateAndGet(143)) - 2a93f7e5-ecb9-41da-9c47-70e13ba76d7d: start LeaderElection
2019-10-17 07:43:55,825 [2a93f7e5-ecb9-41da-9c47-70e13ba76d7d@group-A9EE991D717F-LeaderElection352] INFO  impl.LeaderElection (LeaderElection.java:askForVotes(178)) - 2a93f7e5-ecb9-41da-9c47-70e13ba76d7d@group-A9EE991D717F-LeaderElection352: begin an election at term 378 for 0: [37bd8e8c-ea68-4b1c-8659-8d001c4f3b5c:192.168.34.62:41632, 24020d0b-ce61-4f5a-b0b0-c561541e8cd4:192.168.34.62:42892, 2a93f7e5-ecb9-41da-9c47-70e13ba76d7d:192.168.34.62:35412], old=null
2019-10-17 07:43:55,827 [grpc-default-executor-1] INFO  impl.RaftServerImpl (RaftServerImpl.java:setRole(184)) - 37bd8e8c-ea68-4b1c-8659-8d001c4f3b5c@group-A9EE991D717F: changes role from  FOLLOWER to FOLLOWER at term 378 for recognizeCandidate:2a93f7e5-ecb9-41da-9c47-70e13ba76d7d
2019-10-17 07:43:55,827 [grpc-default-executor-1] INFO  impl.RoleInfo (RoleInfo.java:shutdownFollowerState(121)) - 37bd8e8c-ea68-4b1c-8659-8d001c4f3b5c: shutdown FollowerState
2019-10-17 07:43:55,827 [grpc-default-executor-0] INFO  impl.RaftServerImpl (RaftServerImpl.java:setRole(184)) - 24020d0b-ce61-4f5a-b0b0-c561541e8cd4@group-A9EE991D717F: changes role from  FOLLOWER to FOLLOWER at term 378 for recognizeCandidate:2a93f7e5-ecb9-41da-9c47-70e13ba76d7d
2019-10-17 07:43:55,828 [Thread-2732] INFO  impl.FollowerState (FollowerState.java:run(117)) - 37bd8e8c-ea68-4b1c-8659-8d001c4f3b5c@group-A9EE991D717F-FollowerState was interrupted: java.lang.InterruptedException: sleep interrupted
2019-10-17 07:43:55,828 [grpc-default-executor-0] INFO  impl.RoleInfo (RoleInfo.java:shutdownFollowerState(121)) - 24020d0b-ce61-4f5a-b0b0-c561541e8cd4: shutdown FollowerState
2019-10-17 07:43:55,827 [grpc-default-executor-1] INFO  impl.RoleInfo (RoleInfo.java:updateAndGet(143)) - 37bd8e8c-ea68-4b1c-8659-8d001c4f3b5c: start FollowerState
2019-10-17 07:43:55,828 [Thread-2731] INFO  impl.FollowerState (FollowerState.java:run(117)) - 24020d0b-ce61-4f5a-b0b0-c561541e8cd4@group-A9EE991D717F-FollowerState was interrupted: java.lang.InterruptedException: sleep interrupted
2019-10-17 07:43:55,828 [grpc-default-executor-0] INFO  impl.RoleInfo (RoleInfo.java:updateAndGet(143)) - 24020d0b-ce61-4f5a-b0b0-c561541e8cd4: start FollowerState
2019-10-17 07:43:55,851 [2a93f7e5-ecb9-41da-9c47-70e13ba76d7d@group-A9EE991D717F-LeaderElection352] INFO  impl.LeaderElection (LeaderElection.java:logAndReturn(56)) - 2a93f7e5-ecb9-41da-9c47-70e13ba76d7d@group-A9EE991D717F-LeaderElection352: Election REJECTED; received 2 response(s) [2a93f7e5-ecb9-41da-9c47-70e13ba76d7d<-37bd8e8c-ea68-4b1c-8659-8d001c4f3b5c#0:FAIL-t378, 2a93f7e5-ecb9-41da-9c47-70e13ba76d7d<-24020d0b-ce61-4f5a-b0b0-c561541e8cd4#0:FAIL-t378] and 0 exception(s); 2a93f7e5-ecb9-41da-9c47-70e13ba76d7d@group-A9EE991D717F:t378, leader=null, voted=2a93f7e5-ecb9-41da-9c47-70e13ba76d7d, raftlog=2a93f7e5-ecb9-41da-9c47-70e13ba76d7d@group-A9EE991D717F-SegmentedRaftLog:OPENED:c-1,f0,i0, conf=0: [37bd8e8c-ea68-4b1c-8659-8d001c4f3b5c:192.168.34.62:41632, 24020d0b-ce61-4f5a-b0b0-c561541e8cd4:192.168.34.62:42892, 2a93f7e5-ecb9-41da-9c47-70e13ba76d7d:192.168.34.62:35412], old=null
2019-10-17 07:43:55,851 [2a93f7e5-ecb9-41da-9c47-70e13ba76d7d@group-A9EE991D717F-LeaderElection352] INFO  impl.RaftServerImpl (RaftServerImpl.java:setRole(184)) - 2a93f7e5-ecb9-41da-9c47-70e13ba76d7d@group-A9EE991D717F: changes role from CANDIDATE to FOLLOWER at term 378 for DISCOVERED_A_NEW_TERM
2019-10-17 07:43:55,851 [2a93f7e5-ecb9-41da-9c47-70e13ba76d7d@group-A9EE991D717F-LeaderElection352] INFO  impl.RoleInfo (RoleInfo.java:shutdownLeaderElection(134)) - 2a93f7e5-ecb9-41da-9c47-70e13ba76d7d: shutdown LeaderElection
2019-10-17 07:43:55,851 [2a93f7e5-ecb9-41da-9c47-70e13ba76d7d@group-A9EE991D717F-LeaderElection352] INFO  impl.RoleInfo (RoleInfo.java:updateAndGet(143)) - 2a93f7e5-ecb9-41da-9c47-70e13ba76d7d: start FollowerState
2019-10-17 07:43:56,037 [Thread-2739] INFO  impl.FollowerState (FollowerState.java:run(108)) - 2a93f7e5-ecb9-41da-9c47-70e13ba76d7d@group-A9EE991D717F-FollowerState: change to CANDIDATE, lastRpcTime:185ms, electionTimeout:185ms
2019-10-17 07:43:56,037 [Thread-2739] INFO  impl.RoleInfo (RoleInfo.java:shutdownFollowerState(121)) - 2a93f7e5-ecb9-41da-9c47-70e13ba76d7d: shutdown FollowerState
2019-10-17 07:43:56,037 [Thread-2739] INFO  impl.RaftServerImpl (RaftServerImpl.java:setRole(184)) - 2a93f7e5-ecb9-41da-9c47-70e13ba76d7d@group-A9EE991D717F: changes role from  FOLLOWER to CANDIDATE at term 378 for changeToCandidate
2019-10-17 07:43:56,037 [Thread-2739] INFO  impl.RoleInfo (RoleInfo.java:updateAndGet(143)) - 2a93f7e5-ecb9-41da-9c47-70e13ba76d7d: start LeaderElection
2019-10-17 07:43:56,052 [2a93f7e5-ecb9-41da-9c47-70e13ba76d7d@group-A9EE991D717F-LeaderElection353] INFO  impl.LeaderElection (LeaderElection.java:askForVotes(178)) - 2a93f7e5-ecb9-41da-9c47-70e13ba76d7d@group-A9EE991D717F-LeaderElection353: begin an election at term 379 for 0: [37bd8e8c-ea68-4b1c-8659-8d001c4f3b5c:192.168.34.62:41632, 24020d0b-ce61-4f5a-b0b0-c561541e8cd4:192.168.34.62:42892, 2a93f7e5-ecb9-41da-9c47-70e13ba76d7d:192.168.34.62:35412], old=null
2019-10-17 07:43:56,054 [grpc-default-executor-1] INFO  impl.RaftServerImpl (RaftServerImpl.java:setRole(184)) - 37bd8e8c-ea68-4b1c-8659-8d001c4f3b5c@group-A9EE991D717F: changes role from  FOLLOWER to FOLLOWER at term 379 for recognizeCandidate:2a93f7e5-ecb9-41da-9c47-70e13ba76d7d
2019-10-17 07:43:56,054 [grpc-default-executor-1] INFO  impl.RoleInfo (RoleInfo.java:shutdownFollowerState(121)) - 37bd8e8c-ea68-4b1c-8659-8d001c4f3b5c: shutdown FollowerState
2019-10-17 07:43:56,054 [grpc-default-executor-1] INFO  impl.RoleInfo (RoleInfo.java:updateAndGet(143)) - 37bd8e8c-ea68-4b1c-8659-8d001c4f3b5c: start FollowerState
2019-10-17 07:43:56,054 [Thread-2737] INFO  impl.FollowerState (FollowerState.java:run(117)) - 37bd8e8c-ea68-4b1c-8659-8d001c4f3b5c@group-A9EE991D717F-FollowerState was interrupted: java.lang.InterruptedException: sleep interrupted
2019-10-17 07:43:56,054 [grpc-default-executor-0] INFO  impl.RaftServerImpl (RaftServerImpl.java:setRole(184)) - 24020d0b-ce61-4f5a-b0b0-c561541e8cd4@group-A9EE991D717F: changes role from  FOLLOWER to FOLLOWER at term 379 for recognizeCandidate:2a93f7e5-ecb9-41da-9c47-70e13ba76d7d
2019-10-17 07:43:56,055 [grpc-default-executor-0] INFO  impl.RoleInfo (RoleInfo.java:shutdownFollowerState(121)) - 24020d0b-ce61-4f5a-b0b0-c561541e8cd4: shutdown FollowerState
2019-10-17 07:43:56,055 [grpc-default-executor-0] INFO  impl.RoleInfo (RoleInfo.java:updateAndGet(143)) - 24020d0b-ce61-4f5a-b0b0-c561541e8cd4: start FollowerState
2019-10-17 07:43:56,055 [Thread-2738] INFO  impl.FollowerState (FollowerState.java:run(117)) - 24020d0b-ce61-4f5a-b0b0-c561541e8cd4@group-A9EE991D717F-FollowerState was interrupted: java.lang.InterruptedException: sleep interrupted
2019-10-17 07:43:56,078 [2a93f7e5-ecb9-41da-9c47-70e13ba76d7d@group-A9EE991D717F-LeaderElection353] INFO  impl.LeaderElection (LeaderElection.java:logAndReturn(56)) - 2a93f7e5-ecb9-41da-9c47-70e13ba76d7d@group-A9EE991D717F-LeaderElection353: Election REJECTED; received 2 response(s) [2a93f7e5-ecb9-41da-9c47-70e13ba76d7d<-37bd8e8c-ea68-4b1c-8659-8d001c4f3b5c#0:FAIL-t379, 2a93f7e5-ecb9-41da-9c47-70e13ba76d7d<-24020d0b-ce61-4f5a-b0b0-c561541e8cd4#0:FAIL-t379] and 0 exception(s); 2a93f7e5-ecb9-41da-9c47-70e13ba76d7d@group-A9EE991D717F:t379, leader=null, voted=2a93f7e5-ecb9-41da-9c47-70e13ba76d7d, raftlog=2a93f7e5-ecb9-41da-9c47-70e13ba76d7d@group-A9EE991D717F-SegmentedRaftLog:OPENED:c-1,f0,i0, conf=0: [37bd8e8c-ea68-4b1c-8659-8d001c4f3b5c:192.168.34.62:41632, 24020d0b-ce61-4f5a-b0b0-c561541e8cd4:192.168.34.62:42892, 2a93f7e5-ecb9-41da-9c47-70e13ba76d7d:192.168.34.62:35412], old=null
2019-10-17 07:43:56,078 [2a93f7e5-ecb9-41da-9c47-70e13ba76d7d@group-A9EE991D717F-LeaderElection353] INFO  impl.RaftServerImpl (RaftServerImpl.java:setRole(184)) - 2a93f7e5-ecb9-41da-9c47-70e13ba76d7d@group-A9EE991D717F: changes role from CANDIDATE to FOLLOWER at term 379 for DISCOVERED_A_NEW_TERM
2019-10-17 07:43:56,079 [2a93f7e5-ecb9-41da-9c47-70e13ba76d7d@group-A9EE991D717F-LeaderElection353] INFO  impl.RoleInfo (RoleInfo.java:shutdownLeaderElection(134)) - 2a93f7e5-ecb9-41da-9c47-70e13ba76d7d: shutdown LeaderElection
2019-10-17 07:43:56,079 [2a93f7e5-ecb9-41da-9c47-70e13ba76d7d@group-A9EE991D717F-LeaderElection353] INFO  impl.RoleInfo (RoleInfo.java:updateAndGet(143)) - 2a93f7e5-ecb9-41da-9c47-70e13ba76d7d: start FollowerState
2019-10-17 07:43:56,128 [Thread-2745] INFO  impl.FollowerState (FollowerState.java:run(108)) - 2a93f7e5-ecb9-41da-9c47-70e13ba76d7d@group-A9EE991D717F-FollowerState: change to CANDIDATE, lastRpcTime:49ms, electionTimeout:49ms
2019-10-17 07:43:56,128 [Thread-2745] INFO  impl.RoleInfo (RoleInfo.java:shutdownFollowerState(121)) - 2a93f7e5-ecb9-41da-9c47-70e13ba76d7d: shutdown FollowerState
2019-10-17 07:43:56,128 [Thread-2745] INFO  impl.RaftServerImpl (RaftServerImpl.java:setRole(184)) - 2a93f7e5-ecb9-41da-9c47-70e13ba76d7d@group-A9EE991D717F: changes role from  FOLLOWER to CANDIDATE at term 379 for changeToCandidate
2019-10-17 07:43:56,129 [Thread-2745] INFO  impl.RoleInfo (RoleInfo.java:updateAndGet(143)) - 2a93f7e5-ecb9-41da-9c47-70e13ba76d7d: start LeaderElection
2019-10-17 07:43:56,153 [2a93f7e5-ecb9-41da-9c47-70e13ba76d7d@group-A9EE991D717F-LeaderElection354] INFO  impl.LeaderElection (LeaderElection.java:askForVotes(178)) - 2a93f7e5-ecb9-41da-9c47-70e13ba76d7d@group-A9EE991D717F-LeaderElection354: begin an election at term 380 for 0: [37bd8e8c-ea68-4b1c-8659-8d001c4f3b5c:192.168.34.62:41632, 24020d0b-ce61-4f5a-b0b0-c561541e8cd4:192.168.34.62:42892, 2a93f7e5-ecb9-41da-9c47-70e13ba76d7d:192.168.34.62:35412], old=null
2019-10-17 07:43:56,155 [grpc-default-executor-0] INFO  impl.RaftServerImpl (RaftServerImpl.java:setRole(184)) - 37bd8e8c-ea68-4b1c-8659-8d001c4f3b5c@group-A9EE991D717F: changes role from  FOLLOWER to FOLLOWER at term 380 for recognizeCandidate:2a93f7e5-ecb9-41da-9c47-70e13ba76d7d
2019-10-17 07:43:56,155 [grpc-default-executor-0] INFO  impl.RoleInfo (RoleInfo.java:shutdownFollowerState(121)) - 37bd8e8c-ea68-4b1c-8659-8d001c4f3b5c: shutdown FollowerState
2019-10-17 07:43:56,155 [grpc-default-executor-1] INFO  impl.RaftServerImpl (RaftServerImpl.java:setRole(184)) - 24020d0b-ce61-4f5a-b0b0-c561541e8cd4@group-A9EE991D717F: changes role from  FOLLOWER to FOLLOWER at term 380 for recognizeCandidate:2a93f7e5-ecb9-41da-9c47-70e13ba76d7d
2019-10-17 07:43:56,155 [grpc-default-executor-1] INFO  impl.RoleInfo (RoleInfo.java:shutdownFollowerState(121)) - 24020d0b-ce61-4f5a-b0b0-c561541e8cd4: shutdown FollowerState
2019-10-17 07:43:56,155 [Thread-2743] INFO  impl.FollowerState (FollowerState.java:run(117)) - 37bd8e8c-ea68-4b1c-8659-8d001c4f3b5c@group-A9EE991D717F-FollowerState was interrupted: java.lang.InterruptedException: sleep interrupted
2019-10-17 07:43:56,155 [grpc-default-executor-0] INFO  impl.RoleInfo (RoleInfo.java:updateAndGet(143)) - 37bd8e8c-ea68-4b1c-8659-8d001c4f3b5c: start FollowerState
2019-10-17 07:43:56,156 [Thread-2744] INFO  impl.FollowerState (FollowerState.java:run(117)) - 24020d0b-ce61-4f5a-b0b0-c561541e8cd4@group-A9EE991D717F-FollowerState was interrupted: java.lang.InterruptedException: sleep interrupted
2019-10-17 07:43:56,156 [grpc-default-executor-1] INFO  impl.RoleInfo (RoleInfo.java:updateAndGet(143)) - 24020d0b-ce61-4f5a-b0b0-c561541e8cd4: start FollowerState
2019-10-17 07:43:56,180 [2a93f7e5-ecb9-41da-9c47-70e13ba76d7d@group-A9EE991D717F-LeaderElection354] INFO  impl.LeaderElection (LeaderElection.java:logAndReturn(56)) - 2a93f7e5-ecb9-41da-9c47-70e13ba76d7d@group-A9EE991D717F-LeaderElection354: Election REJECTED; received 2 response(s) [2a93f7e5-ecb9-41da-9c47-70e13ba76d7d<-37bd8e8c-ea68-4b1c-8659-8d001c4f3b5c#0:FAIL-t380, 2a93f7e5-ecb9-41da-9c47-70e13ba76d7d<-24020d0b-ce61-4f5a-b0b0-c561541e8cd4#0:FAIL-t380] and 0 exception(s); 2a93f7e5-ecb9-41da-9c47-70e13ba76d7d@group-A9EE991D717F:t380, leader=null, voted=2a93f7e5-ecb9-41da-9c47-70e13ba76d7d, raftlog=2a93f7e5-ecb9-41da-9c47-70e13ba76d7d@group-A9EE991D717F-SegmentedRaftLog:OPENED:c-1,f0,i0, conf=0: [37bd8e8c-ea68-4b1c-8659-8d001c4f3b5c:192.168.34.62:41632, 24020d0b-ce61-4f5a-b0b0-c561541e8cd4:192.168.34.62:42892, 2a93f7e5-ecb9-41da-9c47-70e13ba76d7d:192.168.34.62:35412], old=null
2019-10-17 07:43:56,180 [2a93f7e5-ecb9-41da-9c47-70e13ba76d7d@group-A9EE991D717F-LeaderElection354] INFO  impl.RaftServerImpl (RaftServerImpl.java:setRole(184)) - 2a93f7e5-ecb9-41da-9c47-70e13ba76d7d@group-A9EE991D717F: changes role from CANDIDATE to FOLLOWER at term 380 for DISCOVERED_A_NEW_TERM
2019-10-17 07:43:56,180 [2a93f7e5-ecb9-41da-9c47-70e13ba76d7d@group-A9EE991D717F-LeaderElection354] INFO  impl.RoleInfo (RoleInfo.java:shutdownLeaderElection(134)) - 2a93f7e5-ecb9-41da-9c47-70e13ba76d7d: shutdown LeaderElection
2019-10-17 07:43:56,180 [2a93f7e5-ecb9-41da-9c47-70e13ba76d7d@group-A9EE991D717F-LeaderElection354] INFO  impl.RoleInfo (RoleInfo.java:updateAndGet(143)) - 2a93f7e5-ecb9-41da-9c47-70e13ba76d7d: start FollowerState
2019-10-17 07:43:56,343 [Thread-2751] INFO  impl.FollowerState (FollowerState.java:run(108)) - 2a93f7e5-ecb9-41da-9c47-70e13ba76d7d@group-A9EE991D717F-FollowerState: change to CANDIDATE, lastRpcTime:162ms, electionTimeout:162ms
2019-10-17 07:43:56,343 [Thread-2751] INFO  impl.RoleInfo (RoleInfo.java:shutdownFollowerState(121)) - 2a93f7e5-ecb9-41da-9c47-70e13ba76d7d: shutdown FollowerState
2019-10-17 07:43:56,343 [Thread-2751] INFO  impl.RaftServerImpl (RaftServerImpl.java:setRole(184)) - 2a93f7e5-ecb9-41da-9c47-70e13ba76d7d@group-A9EE991D717F: changes role from  FOLLOWER to CANDIDATE at term 380 for changeToCandidate
2019-10-17 07:43:56,343 [Thread-2751] INFO  impl.RoleInfo (RoleInfo.java:updateAndGet(143)) - 2a93f7e5-ecb9-41da-9c47-70e13ba76d7d: start LeaderElection
2019-10-17 07:43:56,366 [2a93f7e5-ecb9-41da-9c47-70e13ba76d7d@group-A9EE991D717F-LeaderElection355] INFO  impl.LeaderElection (LeaderElection.java:askForVotes(178)) - 2a93f7e5-ecb9-41da-9c47-70e13ba76d7d@group-A9EE991D717F-LeaderElection355: begin an election at term 381 for 0: [37bd8e8c-ea68-4b1c-8659-8d001c4f3b5c:192.168.34.62:41632, 24020d0b-ce61-4f5a-b0b0-c561541e8cd4:192.168.34.62:42892, 2a93f7e5-ecb9-41da-9c47-70e13ba76d7d:192.168.34.62:35412], old=null
2019-10-17 07:43:56,368 [grpc-default-executor-1] INFO  impl.RaftServerImpl (RaftServerImpl.java:setRole(184)) - 37bd8e8c-ea68-4b1c-8659-8d001c4f3b5c@group-A9EE991D717F: changes role from  FOLLOWER to FOLLOWER at term 381 for recognizeCandidate:2a93f7e5-ecb9-41da-9c47-70e13ba76d7d
2019-10-17 07:43:56,368 [grpc-default-executor-1] INFO  impl.RoleInfo (RoleInfo.java:shutdownFollowerState(121)) - 37bd8e8c-ea68-4b1c-8659-8d001c4f3b5c: shutdown FollowerState
2019-10-17 07:43:56,368 [grpc-default-executor-1] INFO  impl.RoleInfo (RoleInfo.java:updateAndGet(143)) - 37bd8e8c-ea68-4b1c-8659-8d001c4f3b5c: start FollowerState
2019-10-17 07:43:56,368 [Thread-2749] INFO  impl.FollowerState (FollowerState.java:run(117)) - 37bd8e8c-ea68-4b1c-8659-8d001c4f3b5c@group-A9EE991D717F-FollowerState was interrupted: java.lang.InterruptedException: sleep interrupted
2019-10-17 07:43:56,368 [grpc-default-executor-0] INFO  impl.RaftServerImpl (RaftServerImpl.java:setRole(184)) - 24020d0b-ce61-4f5a-b0b0-c561541e8cd4@group-A9EE991D717F: changes role from  FOLLOWER to FOLLOWER at term 381 for recognizeCandidate:2a93f7e5-ecb9-41da-9c47-70e13ba76d7d
2019-10-17 07:43:56,368 [grpc-default-executor-0] INFO  impl.RoleInfo (RoleInfo.java:shutdownFollowerState(121)) - 24020d0b-ce61-4f5a-b0b0-c561541e8cd4: shutdown FollowerState
2019-10-17 07:43:56,369 [grpc-default-executor-0] INFO  impl.RoleInfo (RoleInfo.java:updateAndGet(143)) - 24020d0b-ce61-4f5a-b0b0-c561541e8cd4: start FollowerState
2019-10-17 07:43:56,369 [Thread-2750] INFO  impl.FollowerState (FollowerState.java:run(117)) - 24020d0b-ce61-4f5a-b0b0-c561541e8cd4@group-A9EE991D717F-FollowerState was interrupted: java.lang.InterruptedException: sleep interrupted
2019-10-17 07:43:56,393 [2a93f7e5-ecb9-41da-9c47-70e13ba76d7d@group-A9EE991D717F-LeaderElection355] INFO  impl.LeaderElection (LeaderElection.java:logAndReturn(56)) - 2a93f7e5-ecb9-41da-9c47-70e13ba76d7d@group-A9EE991D717F-LeaderElection355: Election REJECTED; received 2 response(s) [2a93f7e5-ecb9-41da-9c47-70e13ba76d7d<-37bd8e8c-ea68-4b1c-8659-8d001c4f3b5c#0:FAIL-t381, 2a93f7e5-ecb9-41da-9c47-70e13ba76d7d<-24020d0b-ce61-4f5a-b0b0-c561541e8cd4#0:FAIL-t381] and 0 exception(s); 2a93f7e5-ecb9-41da-9c47-70e13ba76d7d@group-A9EE991D717F:t381, leader=null, voted=2a93f7e5-ecb9-41da-9c47-70e13ba76d7d, raftlog=2a93f7e5-ecb9-41da-9c47-70e13ba76d7d@group-A9EE991D717F-SegmentedRaftLog:OPENED:c-1,f0,i0, conf=0: [37bd8e8c-ea68-4b1c-8659-8d001c4f3b5c:192.168.34.62:41632, 24020d0b-ce61-4f5a-b0b0-c561541e8cd4:192.168.34.62:42892, 2a93f7e5-ecb9-41da-9c47-70e13ba76d7d:192.168.34.62:35412], old=null
2019-10-17 07:43:56,393 [2a93f7e5-ecb9-41da-9c47-70e13ba76d7d@group-A9EE991D717F-LeaderElection355] INFO  impl.RaftServerImpl (RaftServerImpl.java:setRole(184)) - 2a93f7e5-ecb9-41da-9c47-70e13ba76d7d@group-A9EE991D717F: changes role from CANDIDATE to FOLLOWER at term 381 for DISCOVERED_A_NEW_TERM
2019-10-17 07:43:56,393 [2a93f7e5-ecb9-41da-9c47-70e13ba76d7d@group-A9EE991D717F-LeaderElection355] INFO  impl.RoleInfo (RoleInfo.java:shutdownLeaderElection(134)) - 2a93f7e5-ecb9-41da-9c47-70e13ba76d7d: shutdown LeaderElection
2019-10-17 07:43:56,393 [2a93f7e5-ecb9-41da-9c47-70e13ba76d7d@group-A9EE991D717F-LeaderElection355] INFO  impl.RoleInfo (RoleInfo.java:updateAndGet(143)) - 2a93f7e5-ecb9-41da-9c47-70e13ba76d7d: start FollowerState
2019-10-17 07:43:56,541 [Thread-2757] INFO  impl.FollowerState (FollowerState.java:run(108)) - 2a93f7e5-ecb9-41da-9c47-70e13ba76d7d@group-A9EE991D717F-FollowerState: change to CANDIDATE, lastRpcTime:148ms, electionTimeout:148ms
2019-10-17 07:43:56,542 [Thread-2757] INFO  impl.RoleInfo (RoleInfo.java:shutdownFollowerState(121)) - 2a93f7e5-ecb9-41da-9c47-70e13ba76d7d: shutdown FollowerState
2019-10-17 07:43:56,542 [Thread-2757] INFO  impl.RaftServerImpl (RaftServerImpl.java:setRole(184)) - 2a93f7e5-ecb9-41da-9c47-70e13ba76d7d@group-A9EE991D717F: changes role from  FOLLOWER to CANDIDATE at term 381 for changeToCandidate
2019-10-17 07:43:56,542 [Thread-2757] INFO  impl.RoleInfo (RoleInfo.java:updateAndGet(143)) - 2a93f7e5-ecb9-41da-9c47-70e13ba76d7d: start LeaderElection
2019-10-17 07:43:56,568 [2a93f7e5-ecb9-41da-9c47-70e13ba76d7d@group-A9EE991D717F-LeaderElection356] INFO  impl.LeaderElection (LeaderElection.java:askForVotes(178)) - 2a93f7e5-ecb9-41da-9c47-70e13ba76d7d@group-A9EE991D717F-LeaderElection356: begin an election at term 382 for 0: [37bd8e8c-ea68-4b1c-8659-8d001c4f3b5c:192.168.34.62:41632, 24020d0b-ce61-4f5a-b0b0-c561541e8cd4:192.168.34.62:42892, 2a93f7e5-ecb9-41da-9c47-70e13ba76d7d:192.168.34.62:35412], old=null
2019-10-17 07:43:56,570 [grpc-default-executor-1] INFO  impl.RaftServerImpl (RaftServerImpl.java:setRole(184)) - 37bd8e8c-ea68-4b1c-8659-8d001c4f3b5c@group-A9EE991D717F: changes role from  FOLLOWER to FOLLOWER at term 382 for recognizeCandidate:2a93f7e5-ecb9-41da-9c47-70e13ba76d7d
2019-10-17 07:43:56,570 [grpc-default-executor-1] INFO  impl.RoleInfo (RoleInfo.java:shutdownFollowerState(121)) - 37bd8e8c-ea68-4b1c-8659-8d001c4f3b5c: shutdown FollowerState
2019-10-17 07:43:56,570 [grpc-default-executor-0] INFO  impl.RaftServerImpl (RaftServerImpl.java:setRole(184)) - 24020d0b-ce61-4f5a-b0b0-c561541e8cd4@group-A9EE991D717F: changes role from  FOLLOWER to FOLLOWER at term 382 for recognizeCandidate:2a93f7e5-ecb9-41da-9c47-70e13ba76d7d
2019-10-17 07:43:56,571 [grpc-default-executor-0] INFO  impl.RoleInfo (RoleInfo.java:shutdownFollowerState(121)) - 24020d0b-ce61-4f5a-b0b0-c561541e8cd4: shutdown FollowerState
2019-10-17 07:43:56,570 [Thread-2755] INFO  impl.FollowerState (FollowerState.java:run(117)) - 37bd8e8c-ea68-4b1c-8659-8d001c4f3b5c@group-A9EE991D717F-FollowerState was interrupted: java.lang.InterruptedException: sleep interrupted
2019-10-17 07:43:56,570 [grpc-default-executor-1] INFO  impl.RoleInfo (RoleInfo.java:updateAndGet(143)) - 37bd8e8c-ea68-4b1c-8659-8d001c4f3b5c: start FollowerState
2019-10-17 07:43:56,571 [Thread-2756] INFO  impl.FollowerState (FollowerState.java:run(117)) - 24020d0b-ce61-4f5a-b0b0-c561541e8cd4@group-A9EE991D717F-FollowerState was interrupted: java.lang.InterruptedException: sleep interrupted
2019-10-17 07:43:56,571 [grpc-default-executor-0] INFO  impl.RoleInfo (RoleInfo.java:updateAndGet(143)) - 24020d0b-ce61-4f5a-b0b0-c561541e8cd4: start FollowerState
2019-10-17 07:43:56,595 [2a93f7e5-ecb9-41da-9c47-70e13ba76d7d@group-A9EE991D717F-LeaderElection356] INFO  impl.LeaderElection (LeaderElection.java:logAndReturn(56)) - 2a93f7e5-ecb9-41da-9c47-70e13ba76d7d@group-A9EE991D717F-LeaderElection356: Election REJECTED; received 2 response(s) [2a93f7e5-ecb9-41da-9c47-70e13ba76d7d<-37bd8e8c-ea68-4b1c-8659-8d001c4f3b5c#0:FAIL-t382, 2a93f7e5-ecb9-41da-9c47-70e13ba76d7d<-24020d0b-ce61-4f5a-b0b0-c561541e8cd4#0:FAIL-t382] and 0 exception(s); 2a93f7e5-ecb9-41da-9c47-70e13ba76d7d@group-A9EE991D717F:t382, leader=null, voted=2a93f7e5-ecb9-41da-9c47-70e13ba76d7d, raftlog=2a93f7e5-ecb9-41da-9c47-70e13ba76d7d@group-A9EE991D717F-SegmentedRaftLog:OPENED:c-1,f0,i0, conf=0: [37bd8e8c-ea68-4b1c-8659-8d001c4f3b5c:192.168.34.62:41632, 24020d0b-ce61-4f5a-b0b0-c561541e8cd4:192.168.34.62:42892, 2a93f7e5-ecb9-41da-9c47-70e13ba76d7d:192.168.34.62:35412], old=null
2019-10-17 07:43:56,595 [2a93f7e5-ecb9-41da-9c47-70e13ba76d7d@group-A9EE991D717F-LeaderElection356] INFO  impl.RaftServerImpl (RaftServerImpl.java:setRole(184)) - 2a93f7e5-ecb9-41da-9c47-70e13ba76d7d@group-A9EE991D717F: changes role from CANDIDATE to FOLLOWER at term 382 for DISCOVERED_A_NEW_TERM
2019-10-17 07:43:56,595 [2a93f7e5-ecb9-41da-9c47-70e13ba76d7d@group-A9EE991D717F-LeaderElection356] INFO  impl.RoleInfo (RoleInfo.java:shutdownLeaderElection(134)) - 2a93f7e5-ecb9-41da-9c47-70e13ba76d7d: shutdown LeaderElection
2019-10-17 07:43:56,595 [2a93f7e5-ecb9-41da-9c47-70e13ba76d7d@group-A9EE991D717F-LeaderElection356] INFO  impl.RoleInfo (RoleInfo.java:updateAndGet(143)) - 2a93f7e5-ecb9-41da-9c47-70e13ba76d7d: start FollowerState
2019-10-17 07:43:56,657 [Thread-2763] INFO  impl.FollowerState (FollowerState.java:run(108)) - 2a93f7e5-ecb9-41da-9c47-70e13ba76d7d@group-A9EE991D717F-FollowerState: change to CANDIDATE, lastRpcTime:61ms, electionTimeout:61ms
2019-10-17 07:43:56,657 [Thread-2763] INFO  impl.RoleInfo (RoleInfo.java:shutdownFollowerState(121)) - 2a93f7e5-ecb9-41da-9c47-70e13ba76d7d: shutdown FollowerState
2019-10-17 07:43:56,657 [Thread-2763] INFO  impl.RaftServerImpl (RaftServerImpl.java:setRole(184)) - 2a93f7e5-ecb9-41da-9c47-70e13ba76d7d@group-A9EE991D717F: changes role from  FOLLOWER to CANDIDATE at term 382 for changeToCandidate
2019-10-17 07:43:56,657 [Thread-2763] INFO  impl.RoleInfo (RoleInfo.java:updateAndGet(143)) - 2a93f7e5-ecb9-41da-9c47-70e13ba76d7d: start LeaderElection
2019-10-17 07:43:56,675 [2a93f7e5-ecb9-41da-9c47-70e13ba76d7d@group-A9EE991D717F-LeaderElection357] INFO  impl.LeaderElection (LeaderElection.java:askForVotes(178)) - 2a93f7e5-ecb9-41da-9c47-70e13ba76d7d@group-A9EE991D717F-LeaderElection357: begin an election at term 383 for 0: [37bd8e8c-ea68-4b1c-8659-8d001c4f3b5c:192.168.34.62:41632, 24020d0b-ce61-4f5a-b0b0-c561541e8cd4:192.168.34.62:42892, 2a93f7e5-ecb9-41da-9c47-70e13ba76d7d:192.168.34.62:35412], old=null
2019-10-17 07:43:56,677 [grpc-default-executor-0] INFO  impl.RaftServerImpl (RaftServerImpl.java:setRole(184)) - 37bd8e8c-ea68-4b1c-8659-8d001c4f3b5c@group-A9EE991D717F: changes role from  FOLLOWER to FOLLOWER at term 383 for recognizeCandidate:2a93f7e5-ecb9-41da-9c47-70e13ba76d7d
2019-10-17 07:43:56,677 [grpc-default-executor-0] INFO  impl.RoleInfo (RoleInfo.java:shutdownFollowerState(121)) - 37bd8e8c-ea68-4b1c-8659-8d001c4f3b5c: shutdown FollowerState
2019-10-17 07:43:56,677 [grpc-default-executor-0] INFO  impl.RoleInfo (RoleInfo.java:updateAndGet(143)) - 37bd8e8c-ea68-4b1c-8659-8d001c4f3b5c: start FollowerState
2019-10-17 07:43:56,677 [Thread-2761] INFO  impl.FollowerState (FollowerState.java:run(117)) - 37bd8e8c-ea68-4b1c-8659-8d001c4f3b5c@group-A9EE991D717F-FollowerState was interrupted: java.lang.InterruptedException: sleep interrupted
2019-10-17 07:43:56,678 [grpc-default-executor-1] INFO  impl.RaftServerImpl (RaftServerImpl.java:setRole(184)) - 24020d0b-ce61-4f5a-b0b0-c561541e8cd4@group-A9EE991D717F: changes role from  FOLLOWER to FOLLOWER at term 383 for recognizeCandidate:2a93f7e5-ecb9-41da-9c47-70e13ba76d7d
2019-10-17 07:43:56,678 [grpc-default-executor-1] INFO  impl.RoleInfo (RoleInfo.java:shutdownFollowerState(121)) - 24020d0b-ce61-4f5a-b0b0-c561541e8cd4: shutdown FollowerState
2019-10-17 07:43:56,678 [grpc-default-executor-1] INFO  impl.RoleInfo (RoleInfo.java:updateAndGet(143)) - 24020d0b-ce61-4f5a-b0b0-c561541e8cd4: start FollowerState
2019-10-17 07:43:56,678 [Thread-2762] INFO  impl.FollowerState (FollowerState.java:run(117)) - 24020d0b-ce61-4f5a-b0b0-c561541e8cd4@group-A9EE991D717F-FollowerState was interrupted: java.lang.InterruptedException: sleep interrupted
2019-10-17 07:43:56,702 [2a93f7e5-ecb9-41da-9c47-70e13ba76d7d@group-A9EE991D717F-LeaderElection357] INFO  impl.LeaderElection (LeaderElection.java:logAndReturn(56)) - 2a93f7e5-ecb9-41da-9c47-70e13ba76d7d@group-A9EE991D717F-LeaderElection357: Election REJECTED; received 2 response(s) [2a93f7e5-ecb9-41da-9c47-70e13ba76d7d<-37bd8e8c-ea68-4b1c-8659-8d001c4f3b5c#0:FAIL-t383, 2a93f7e5-ecb9-41da-9c47-70e13ba76d7d<-24020d0b-ce61-4f5a-b0b0-c561541e8cd4#0:FAIL-t383] and 0 exception(s); 2a93f7e5-ecb9-41da-9c47-70e13ba76d7d@group-A9EE991D717F:t383, leader=null, voted=2a93f7e5-ecb9-41da-9c47-70e13ba76d7d, raftlog=2a93f7e5-ecb9-41da-9c47-70e13ba76d7d@group-A9EE991D717F-SegmentedRaftLog:OPENED:c-1,f0,i0, conf=0: [37bd8e8c-ea68-4b1c-8659-8d001c4f3b5c:192.168.34.62:41632, 24020d0b-ce61-4f5a-b0b0-c561541e8cd4:192.168.34.62:42892, 2a93f7e5-ecb9-41da-9c47-70e13ba76d7d:192.168.34.62:35412], old=null
2019-10-17 07:43:56,703 [2a93f7e5-ecb9-41da-9c47-70e13ba76d7d@group-A9EE991D717F-LeaderElection357] INFO  impl.RaftServerImpl (RaftServerImpl.java:setRole(184)) - 2a93f7e5-ecb9-41da-9c47-70e13ba76d7d@group-A9EE991D717F: changes role from CANDIDATE to FOLLOWER at term 383 for DISCOVERED_A_NEW_TERM
2019-10-17 07:43:56,703 [2a93f7e5-ecb9-41da-9c47-70e13ba76d7d@group-A9EE991D717F-LeaderElection357] INFO  impl.RoleInfo (RoleInfo.java:shutdownLeaderElection(134)) - 2a93f7e5-ecb9-41da-9c47-70e13ba76d7d: shutdown LeaderElection
2019-10-17 07:43:56,703 [2a93f7e5-ecb9-41da-9c47-70e13ba76d7d@group-A9EE991D717F-LeaderElection357] INFO  impl.RoleInfo (RoleInfo.java:updateAndGet(143)) - 2a93f7e5-ecb9-41da-9c47-70e13ba76d7d: start FollowerState
2019-10-17 07:43:56,703 [Thread-2769] INFO  impl.FollowerState (FollowerState.java:run(108)) - 2a93f7e5-ecb9-41da-9c47-70e13ba76d7d@group-A9EE991D717F-FollowerState: change to CANDIDATE, lastRpcTime:0ms, electionTimeout:0ms
2019-10-17 07:43:56,703 [Thread-2769] INFO  impl.RoleInfo (RoleInfo.java:shutdownFollowerState(121)) - 2a93f7e5-ecb9-41da-9c47-70e13ba76d7d: shutdown FollowerState
2019-10-17 07:43:56,703 [Thread-2769] INFO  impl.RaftServerImpl (RaftServerImpl.java:setRole(184)) - 2a93f7e5-ecb9-41da-9c47-70e13ba76d7d@group-A9EE991D717F: changes role from  FOLLOWER to CANDIDATE at term 383 for changeToCandidate
2019-10-17 07:43:56,704 [Thread-2769] INFO  impl.RoleInfo (RoleInfo.java:updateAndGet(143)) - 2a93f7e5-ecb9-41da-9c47-70e13ba76d7d: start LeaderElection
2019-10-17 07:43:56,738 [2a93f7e5-ecb9-41da-9c47-70e13ba76d7d@group-A9EE991D717F-LeaderElection358] INFO  impl.LeaderElection (LeaderElection.java:askForVotes(178)) - 2a93f7e5-ecb9-41da-9c47-70e13ba76d7d@group-A9EE991D717F-LeaderElection358: begin an election at term 384 for 0: [37bd8e8c-ea68-4b1c-8659-8d001c4f3b5c:192.168.34.62:41632, 24020d0b-ce61-4f5a-b0b0-c561541e8cd4:192.168.34.62:42892, 2a93f7e5-ecb9-41da-9c47-70e13ba76d7d:192.168.34.62:35412], old=null
2019-10-17 07:43:56,740 [grpc-default-executor-1] INFO  impl.RaftServerImpl (RaftServerImpl.java:setRole(184)) - 37bd8e8c-ea68-4b1c-8659-8d001c4f3b5c@group-A9EE991D717F: changes role from  FOLLOWER to FOLLOWER at term 384 for recognizeCandidate:2a93f7e5-ecb9-41da-9c47-70e13ba76d7d
2019-10-17 07:43:56,740 [grpc-default-executor-1] INFO  impl.RoleInfo (RoleInfo.java:shutdownFollowerState(121)) - 37bd8e8c-ea68-4b1c-8659-8d001c4f3b5c: shutdown FollowerState
2019-10-17 07:43:56,740 [grpc-default-executor-1] INFO  impl.RoleInfo (RoleInfo.java:updateAndGet(143)) - 37bd8e8c-ea68-4b1c-8659-8d001c4f3b5c: start FollowerState
2019-10-17 07:43:56,740 [Thread-2767] INFO  impl.FollowerState (FollowerState.java:run(117)) - 37bd8e8c-ea68-4b1c-8659-8d001c4f3b5c@group-A9EE991D717F-FollowerState was interrupted: java.lang.InterruptedException: sleep interrupted
2019-10-17 07:43:56,740 [grpc-default-executor-0] INFO  impl.RaftServerImpl (RaftServerImpl.java:setRole(184)) - 24020d0b-ce61-4f5a-b0b0-c561541e8cd4@group-A9EE991D717F: changes role from  FOLLOWER to FOLLOWER at term 384 for recognizeCandidate:2a93f7e5-ecb9-41da-9c47-70e13ba76d7d
2019-10-17 07:43:56,741 [grpc-default-executor-0] INFO  impl.RoleInfo (RoleInfo.java:shutdownFollowerState(121)) - 24020d0b-ce61-4f5a-b0b0-c561541e8cd4: shutdown FollowerState
2019-10-17 07:43:56,741 [grpc-default-executor-0] INFO  impl.RoleInfo (RoleInfo.java:updateAndGet(143)) - 24020d0b-ce61-4f5a-b0b0-c561541e8cd4: start FollowerState
2019-10-17 07:43:56,741 [Thread-2768] INFO  impl.FollowerState (FollowerState.java:run(117)) - 24020d0b-ce61-4f5a-b0b0-c561541e8cd4@group-A9EE991D717F-FollowerState was interrupted: java.lang.InterruptedException: sleep interrupted
2019-10-17 07:43:56,764 [2a93f7e5-ecb9-41da-9c47-70e13ba76d7d@group-A9EE991D717F-LeaderElection358] INFO  impl.LeaderElection (LeaderElection.java:logAndReturn(56)) - 2a93f7e5-ecb9-41da-9c47-70e13ba76d7d@group-A9EE991D717F-LeaderElection358: Election REJECTED; received 2 response(s) [2a93f7e5-ecb9-41da-9c47-70e13ba76d7d<-37bd8e8c-ea68-4b1c-8659-8d001c4f3b5c#0:FAIL-t384, 2a93f7e5-ecb9-41da-9c47-70e13ba76d7d<-24020d0b-ce61-4f5a-b0b0-c561541e8cd4#0:FAIL-t384] and 0 exception(s); 2a93f7e5-ecb9-41da-9c47-70e13ba76d7d@group-A9EE991D717F:t384, leader=null, voted=2a93f7e5-ecb9-41da-9c47-70e13ba76d7d, raftlog=2a93f7e5-ecb9-41da-9c47-70e13ba76d7d@group-A9EE991D717F-SegmentedRaftLog:OPENED:c-1,f0,i0, conf=0: [37bd8e8c-ea68-4b1c-8659-8d001c4f3b5c:192.168.34.62:41632, 24020d0b-ce61-4f5a-b0b0-c561541e8cd4:192.168.34.62:42892, 2a93f7e5-ecb9-41da-9c47-70e13ba76d7d:192.168.34.62:35412], old=null
2019-10-17 07:43:56,764 [2a93f7e5-ecb9-41da-9c47-70e13ba76d7d@group-A9EE991D717F-LeaderElection358] INFO  impl.RaftServerImpl (RaftServerImpl.java:setRole(184)) - 2a93f7e5-ecb9-41da-9c47-70e13ba76d7d@group-A9EE991D717F: changes role from CANDIDATE to FOLLOWER at term 384 for DISCOVERED_A_NEW_TERM
2019-10-17 07:43:56,765 [2a93f7e5-ecb9-41da-9c47-70e13ba76d7d@group-A9EE991D717F-LeaderElection358] INFO  impl.RoleInfo (RoleInfo.java:shutdownLeaderElection(134)) - 2a93f7e5-ecb9-41da-9c47-70e13ba76d7d: shutdown LeaderElection
2019-10-17 07:43:56,765 [2a93f7e5-ecb9-41da-9c47-70e13ba76d7d@group-A9EE991D717F-LeaderElection358] INFO  impl.RoleInfo (RoleInfo.java:updateAndGet(143)) - 2a93f7e5-ecb9-41da-9c47-70e13ba76d7d: start FollowerState
2019-10-17 07:43:56,915 [Thread-2775] INFO  impl.FollowerState (FollowerState.java:run(108)) - 2a93f7e5-ecb9-41da-9c47-70e13ba76d7d@group-A9EE991D717F-FollowerState: change to CANDIDATE, lastRpcTime:150ms, electionTimeout:150ms
2019-10-17 07:43:56,915 [Thread-2775] INFO  impl.RoleInfo (RoleInfo.java:shutdownFollowerState(121)) - 2a93f7e5-ecb9-41da-9c47-70e13ba76d7d: shutdown FollowerState
2019-10-17 07:43:56,916 [Thread-2775] INFO  impl.RaftServerImpl (RaftServerImpl.java:setRole(184)) - 2a93f7e5-ecb9-41da-9c47-70e13ba76d7d@group-A9EE991D717F: changes role from  FOLLOWER to CANDIDATE at term 384 for changeToCandidate
2019-10-17 07:43:56,916 [Thread-2775] INFO  impl.RoleInfo (RoleInfo.java:updateAndGet(143)) - 2a93f7e5-ecb9-41da-9c47-70e13ba76d7d: start LeaderElection
2019-10-17 07:43:56,940 [2a93f7e5-ecb9-41da-9c47-70e13ba76d7d@group-A9EE991D717F-LeaderElection359] INFO  impl.LeaderElection (LeaderElection.java:askForVotes(178)) - 2a93f7e5-ecb9-41da-9c47-70e13ba76d7d@group-A9EE991D717F-LeaderElection359: begin an election at term 385 for 0: [37bd8e8c-ea68-4b1c-8659-8d001c4f3b5c:192.168.34.62:41632, 24020d0b-ce61-4f5a-b0b0-c561541e8cd4:192.168.34.62:42892, 2a93f7e5-ecb9-41da-9c47-70e13ba76d7d:192.168.34.62:35412], old=null
2019-10-17 07:43:56,942 [grpc-default-executor-0] INFO  impl.RaftServerImpl (RaftServerImpl.java:setRole(184)) - 24020d0b-ce61-4f5a-b0b0-c561541e8cd4@group-A9EE991D717F: changes role from  FOLLOWER to FOLLOWER at term 385 for recognizeCandidate:2a93f7e5-ecb9-41da-9c47-70e13ba76d7d
2019-10-17 07:43:56,943 [grpc-default-executor-0] INFO  impl.RoleInfo (RoleInfo.java:shutdownFollowerState(121)) - 24020d0b-ce61-4f5a-b0b0-c561541e8cd4: shutdown FollowerState
2019-10-17 07:43:56,942 [grpc-default-executor-1] INFO  impl.RaftServerImpl (RaftServerImpl.java:setRole(184)) - 37bd8e8c-ea68-4b1c-8659-8d001c4f3b5c@group-A9EE991D717F: changes role from  FOLLOWER to FOLLOWER at term 385 for recognizeCandidate:2a93f7e5-ecb9-41da-9c47-70e13ba76d7d
2019-10-17 07:43:56,943 [grpc-default-executor-1] INFO  impl.RoleInfo (RoleInfo.java:shutdownFollowerState(121)) - 37bd8e8c-ea68-4b1c-8659-8d001c4f3b5c: shutdown FollowerState
2019-10-17 07:43:56,943 [grpc-default-executor-1] INFO  impl.RoleInfo (RoleInfo.java:updateAndGet(143)) - 37bd8e8c-ea68-4b1c-8659-8d001c4f3b5c: start FollowerState
2019-10-17 07:43:56,943 [Thread-2774] INFO  impl.FollowerState (FollowerState.java:run(117)) - 24020d0b-ce61-4f5a-b0b0-c561541e8cd4@group-A9EE991D717F-FollowerState was interrupted: java.lang.InterruptedException: sleep interrupted
2019-10-17 07:43:56,943 [grpc-default-executor-0] INFO  impl.RoleInfo (RoleInfo.java:updateAndGet(143)) - 24020d0b-ce61-4f5a-b0b0-c561541e8cd4: start FollowerState
2019-10-17 07:43:56,943 [Thread-2773] INFO  impl.FollowerState (FollowerState.java:run(117)) - 37bd8e8c-ea68-4b1c-8659-8d001c4f3b5c@group-A9EE991D717F-FollowerState was interrupted: java.lang.InterruptedException: sleep interrupted
2019-10-17 07:43:56,974 [2a93f7e5-ecb9-41da-9c47-70e13ba76d7d@group-A9EE991D717F-LeaderElection359] INFO  impl.LeaderElection (LeaderElection.java:logAndReturn(56)) - 2a93f7e5-ecb9-41da-9c47-70e13ba76d7d@group-A9EE991D717F-LeaderElection359: Election REJECTED; received 2 response(s) [2a93f7e5-ecb9-41da-9c47-70e13ba76d7d<-37bd8e8c-ea68-4b1c-8659-8d001c4f3b5c#0:FAIL-t385, 2a93f7e5-ecb9-41da-9c47-70e13ba76d7d<-24020d0b-ce61-4f5a-b0b0-c561541e8cd4#0:FAIL-t385] and 0 exception(s); 2a93f7e5-ecb9-41da-9c47-70e13ba76d7d@group-A9EE991D717F:t385, leader=null, voted=2a93f7e5-ecb9-41da-9c47-70e13ba76d7d, raftlog=2a93f7e5-ecb9-41da-9c47-70e13ba76d7d@group-A9EE991D717F-SegmentedRaftLog:OPENED:c-1,f0,i0, conf=0: [37bd8e8c-ea68-4b1c-8659-8d001c4f3b5c:192.168.34.62:41632, 24020d0b-ce61-4f5a-b0b0-c561541e8cd4:192.168.34.62:42892, 2a93f7e5-ecb9-41da-9c47-70e13ba76d7d:192.168.34.62:35412], old=null
2019-10-17 07:43:56,975 [2a93f7e5-ecb9-41da-9c47-70e13ba76d7d@group-A9EE991D717F-LeaderElection359] INFO  impl.RaftServerImpl (RaftServerImpl.java:setRole(184)) - 2a93f7e5-ecb9-41da-9c47-70e13ba76d7d@group-A9EE991D717F: changes role from CANDIDATE to FOLLOWER at term 385 for DISCOVERED_A_NEW_TERM
2019-10-17 07:43:56,975 [2a93f7e5-ecb9-41da-9c47-70e13ba76d7d@group-A9EE991D717F-LeaderElection359] INFO  impl.RoleInfo (RoleInfo.java:shutdownLeaderElection(134)) - 2a93f7e5-ecb9-41da-9c47-70e13ba76d7d: shutdown LeaderElection
2019-10-17 07:43:56,975 [2a93f7e5-ecb9-41da-9c47-70e13ba76d7d@group-A9EE991D717F-LeaderElection359] INFO  impl.RoleInfo (RoleInfo.java:updateAndGet(143)) - 2a93f7e5-ecb9-41da-9c47-70e13ba76d7d: start FollowerState
2019-10-17 07:43:57,010 [Thread-2781] INFO  impl.FollowerState (FollowerState.java:run(108)) - 2a93f7e5-ecb9-41da-9c47-70e13ba76d7d@group-A9EE991D717F-FollowerState: change to CANDIDATE, lastRpcTime:35ms, electionTimeout:35ms
2019-10-17 07:43:57,011 [Thread-2781] INFO  impl.RoleInfo (RoleInfo.java:shutdownFollowerState(121)) - 2a93f7e5-ecb9-41da-9c47-70e13ba76d7d: shutdown FollowerState
2019-10-17 07:43:57,011 [Thread-2781] INFO  impl.RaftServerImpl (RaftServerImpl.java:setRole(184)) - 2a93f7e5-ecb9-41da-9c47-70e13ba76d7d@group-A9EE991D717F: changes role from  FOLLOWER to CANDIDATE at term 385 for changeToCandidate
2019-10-17 07:43:57,011 [Thread-2781] INFO  impl.RoleInfo (RoleInfo.java:updateAndGet(143)) - 2a93f7e5-ecb9-41da-9c47-70e13ba76d7d: start LeaderElection
2019-10-17 07:43:57,041 [2a93f7e5-ecb9-41da-9c47-70e13ba76d7d@group-A9EE991D717F-LeaderElection360] INFO  impl.LeaderElection (LeaderElection.java:askForVotes(178)) - 2a93f7e5-ecb9-41da-9c47-70e13ba76d7d@group-A9EE991D717F-LeaderElection360: begin an election at term 386 for 0: [37bd8e8c-ea68-4b1c-8659-8d001c4f3b5c:192.168.34.62:41632, 24020d0b-ce61-4f5a-b0b0-c561541e8cd4:192.168.34.62:42892, 2a93f7e5-ecb9-41da-9c47-70e13ba76d7d:192.168.34.62:35412], old=null
2019-10-17 07:43:57,043 [grpc-default-executor-0] INFO  impl.RaftServerImpl (RaftServerImpl.java:setRole(184)) - 37bd8e8c-ea68-4b1c-8659-8d001c4f3b5c@group-A9EE991D717F: changes role from  FOLLOWER to FOLLOWER at term 386 for recognizeCandidate:2a93f7e5-ecb9-41da-9c47-70e13ba76d7d
2019-10-17 07:43:57,043 [grpc-default-executor-0] INFO  impl.RoleInfo (RoleInfo.java:shutdownFollowerState(121)) - 37bd8e8c-ea68-4b1c-8659-8d001c4f3b5c: shutdown FollowerState
2019-10-17 07:43:57,043 [grpc-default-executor-1] INFO  impl.RaftServerImpl (RaftServerImpl.java:setRole(184)) - 24020d0b-ce61-4f5a-b0b0-c561541e8cd4@group-A9EE991D717F: changes role from  FOLLOWER to FOLLOWER at term 386 for recognizeCandidate:2a93f7e5-ecb9-41da-9c47-70e13ba76d7d
2019-10-17 07:43:57,043 [Thread-2780] INFO  impl.FollowerState (FollowerState.java:run(117)) - 37bd8e8c-ea68-4b1c-8659-8d001c4f3b5c@group-A9EE991D717F-FollowerState was interrupted: java.lang.InterruptedException: sleep interrupted
2019-10-17 07:43:57,043 [grpc-default-executor-0] INFO  impl.RoleInfo (RoleInfo.java:updateAndGet(143)) - 37bd8e8c-ea68-4b1c-8659-8d001c4f3b5c: start FollowerState
2019-10-17 07:43:57,043 [grpc-default-executor-1] INFO  impl.RoleInfo (RoleInfo.java:shutdownFollowerState(121)) - 24020d0b-ce61-4f5a-b0b0-c561541e8cd4: shutdown FollowerState
2019-10-17 07:43:57,044 [grpc-default-executor-1] INFO  impl.RoleInfo (RoleInfo.java:updateAndGet(143)) - 24020d0b-ce61-4f5a-b0b0-c561541e8cd4: start FollowerState
2019-10-17 07:43:57,044 [Thread-2779] INFO  impl.FollowerState (FollowerState.java:run(117)) - 24020d0b-ce61-4f5a-b0b0-c561541e8cd4@group-A9EE991D717F-FollowerState was interrupted: java.lang.InterruptedException: sleep interrupted
2019-10-17 07:43:57,067 [2a93f7e5-ecb9-41da-9c47-70e13ba76d7d@group-A9EE991D717F-LeaderElection360] INFO  impl.LeaderElection (LeaderElection.java:logAndReturn(56)) - 2a93f7e5-ecb9-41da-9c47-70e13ba76d7d@group-A9EE991D717F-LeaderElection360: Election REJECTED; received 2 response(s) [2a93f7e5-ecb9-41da-9c47-70e13ba76d7d<-37bd8e8c-ea68-4b1c-8659-8d001c4f3b5c#0:FAIL-t386, 2a93f7e5-ecb9-41da-9c47-70e13ba76d7d<-24020d0b-ce61-4f5a-b0b0-c561541e8cd4#0:FAIL-t386] and 0 exception(s); 2a93f7e5-ecb9-41da-9c47-70e13ba76d7d@group-A9EE991D717F:t386, leader=null, voted=2a93f7e5-ecb9-41da-9c47-70e13ba76d7d, raftlog=2a93f7e5-ecb9-41da-9c47-70e13ba76d7d@group-A9EE991D717F-SegmentedRaftLog:OPENED:c-1,f0,i0, conf=0: [37bd8e8c-ea68-4b1c-8659-8d001c4f3b5c:192.168.34.62:41632, 24020d0b-ce61-4f5a-b0b0-c561541e8cd4:192.168.34.62:42892, 2a93f7e5-ecb9-41da-9c47-70e13ba76d7d:192.168.34.62:35412], old=null
2019-10-17 07:43:57,067 [2a93f7e5-ecb9-41da-9c47-70e13ba76d7d@group-A9EE991D717F-LeaderElection360] INFO  impl.RaftServerImpl (RaftServerImpl.java:setRole(184)) - 2a93f7e5-ecb9-41da-9c47-70e13ba76d7d@group-A9EE991D717F: changes role from CANDIDATE to FOLLOWER at term 386 for DISCOVERED_A_NEW_TERM
2019-10-17 07:43:57,067 [2a93f7e5-ecb9-41da-9c47-70e13ba76d7d@group-A9EE991D717F-LeaderElection360] INFO  impl.RoleInfo (RoleInfo.java:shutdownLeaderElection(134)) - 2a93f7e5-ecb9-41da-9c47-70e13ba76d7d: shutdown LeaderElection
2019-10-17 07:43:57,067 [2a93f7e5-ecb9-41da-9c47-70e13ba76d7d@group-A9EE991D717F-LeaderElection360] INFO  impl.RoleInfo (RoleInfo.java:updateAndGet(143)) - 2a93f7e5-ecb9-41da-9c47-70e13ba76d7d: start FollowerState
2019-10-17 07:43:57,145 [Thread-2787] INFO  impl.FollowerState (FollowerState.java:run(108)) - 2a93f7e5-ecb9-41da-9c47-70e13ba76d7d@group-A9EE991D717F-FollowerState: change to CANDIDATE, lastRpcTime:78ms, electionTimeout:78ms
2019-10-17 07:43:57,145 [Thread-2787] INFO  impl.RoleInfo (RoleInfo.java:shutdownFollowerState(121)) - 2a93f7e5-ecb9-41da-9c47-70e13ba76d7d: shutdown FollowerState
2019-10-17 07:43:57,146 [Thread-2787] INFO  impl.RaftServerImpl (RaftServerImpl.java:setRole(184)) - 2a93f7e5-ecb9-41da-9c47-70e13ba76d7d@group-A9EE991D717F: changes role from  FOLLOWER to CANDIDATE at term 386 for changeToCandidate
2019-10-17 07:43:57,146 [Thread-2787] INFO  impl.RoleInfo (RoleInfo.java:updateAndGet(143)) - 2a93f7e5-ecb9-41da-9c47-70e13ba76d7d: start LeaderElection
2019-10-17 07:43:57,175 [2a93f7e5-ecb9-41da-9c47-70e13ba76d7d@group-A9EE991D717F-LeaderElection361] INFO  impl.LeaderElection (LeaderElection.java:askForVotes(178)) - 2a93f7e5-ecb9-41da-9c47-70e13ba76d7d@group-A9EE991D717F-LeaderElection361: begin an election at term 387 for 0: [37bd8e8c-ea68-4b1c-8659-8d001c4f3b5c:192.168.34.62:41632, 24020d0b-ce61-4f5a-b0b0-c561541e8cd4:192.168.34.62:42892, 2a93f7e5-ecb9-41da-9c47-70e13ba76d7d:192.168.34.62:35412], old=null
2019-10-17 07:43:57,177 [grpc-default-executor-1] INFO  impl.RaftServerImpl (RaftServerImpl.java:setRole(184)) - 24020d0b-ce61-4f5a-b0b0-c561541e8cd4@group-A9EE991D717F: changes role from  FOLLOWER to FOLLOWER at term 387 for recognizeCandidate:2a93f7e5-ecb9-41da-9c47-70e13ba76d7d
2019-10-17 07:43:57,177 [grpc-default-executor-1] INFO  impl.RoleInfo (RoleInfo.java:shutdownFollowerState(121)) - 24020d0b-ce61-4f5a-b0b0-c561541e8cd4: shutdown FollowerState
2019-10-17 07:43:57,177 [grpc-default-executor-1] INFO  impl.RoleInfo (RoleInfo.java:updateAndGet(143)) - 24020d0b-ce61-4f5a-b0b0-c561541e8cd4: start FollowerState
2019-10-17 07:43:57,177 [Thread-2786] INFO  impl.FollowerState (FollowerState.java:run(117)) - 24020d0b-ce61-4f5a-b0b0-c561541e8cd4@group-A9EE991D717F-FollowerState was interrupted: java.lang.InterruptedException: sleep interrupted
2019-10-17 07:43:57,177 [grpc-default-executor-0] INFO  impl.RaftServerImpl (RaftServerImpl.java:setRole(184)) - 37bd8e8c-ea68-4b1c-8659-8d001c4f3b5c@group-A9EE991D717F: changes role from  FOLLOWER to FOLLOWER at term 387 for recognizeCandidate:2a93f7e5-ecb9-41da-9c47-70e13ba76d7d
2019-10-17 07:43:57,178 [grpc-default-executor-0] INFO  impl.RoleInfo (RoleInfo.java:shutdownFollowerState(121)) - 37bd8e8c-ea68-4b1c-8659-8d001c4f3b5c: shutdown FollowerState
2019-10-17 07:43:57,178 [grpc-default-executor-0] INFO  impl.RoleInfo (RoleInfo.java:updateAndGet(143)) - 37bd8e8c-ea68-4b1c-8659-8d001c4f3b5c: start FollowerState
2019-10-17 07:43:57,178 [Thread-2785] INFO  impl.FollowerState (FollowerState.java:run(117)) - 37bd8e8c-ea68-4b1c-8659-8d001c4f3b5c@group-A9EE991D717F-FollowerState was interrupted: java.lang.InterruptedException: sleep interrupted
2019-10-17 07:43:57,201 [2a93f7e5-ecb9-41da-9c47-70e13ba76d7d@group-A9EE991D717F-LeaderElection361] INFO  impl.LeaderElection (LeaderElection.java:logAndReturn(56)) - 2a93f7e5-ecb9-41da-9c47-70e13ba76d7d@group-A9EE991D717F-LeaderElection361: Election REJECTED; received 2 response(s) [2a93f7e5-ecb9-41da-9c47-70e13ba76d7d<-37bd8e8c-ea68-4b1c-8659-8d001c4f3b5c#0:FAIL-t387, 2a93f7e5-ecb9-41da-9c47-70e13ba76d7d<-24020d0b-ce61-4f5a-b0b0-c561541e8cd4#0:FAIL-t387] and 0 exception(s); 2a93f7e5-ecb9-41da-9c47-70e13ba76d7d@group-A9EE991D717F:t387, leader=null, voted=2a93f7e5-ecb9-41da-9c47-70e13ba76d7d, raftlog=2a93f7e5-ecb9-41da-9c47-70e13ba76d7d@group-A9EE991D717F-SegmentedRaftLog:OPENED:c-1,f0,i0, conf=0: [37bd8e8c-ea68-4b1c-8659-8d001c4f3b5c:192.168.34.62:41632, 24020d0b-ce61-4f5a-b0b0-c561541e8cd4:192.168.34.62:42892, 2a93f7e5-ecb9-41da-9c47-70e13ba76d7d:192.168.34.62:35412], old=null
2019-10-17 07:43:57,201 [2a93f7e5-ecb9-41da-9c47-70e13ba76d7d@group-A9EE991D717F-LeaderElection361] INFO  impl.RaftServerImpl (RaftServerImpl.java:setRole(184)) - 2a93f7e5-ecb9-41da-9c47-70e13ba76d7d@group-A9EE991D717F: changes role from CANDIDATE to FOLLOWER at term 387 for DISCOVERED_A_NEW_TERM
2019-10-17 07:43:57,201 [2a93f7e5-ecb9-41da-9c47-70e13ba76d7d@group-A9EE991D717F-LeaderElection361] INFO  impl.RoleInfo (RoleInfo.java:shutdownLeaderElection(134)) - 2a93f7e5-ecb9-41da-9c47-70e13ba76d7d: shutdown LeaderElection
2019-10-17 07:43:57,201 [2a93f7e5-ecb9-41da-9c47-70e13ba76d7d@group-A9EE991D717F-LeaderElection361] INFO  impl.RoleInfo (RoleInfo.java:updateAndGet(143)) - 2a93f7e5-ecb9-41da-9c47-70e13ba76d7d: start FollowerState
2019-10-17 07:43:57,359 [Thread-2793] INFO  impl.FollowerState (FollowerState.java:run(108)) - 2a93f7e5-ecb9-41da-9c47-70e13ba76d7d@group-A9EE991D717F-FollowerState: change to CANDIDATE, lastRpcTime:157ms, electionTimeout:157ms
2019-10-17 07:43:57,359 [Thread-2793] INFO  impl.RoleInfo (RoleInfo.java:shutdownFollowerState(121)) - 2a93f7e5-ecb9-41da-9c47-70e13ba76d7d: shutdown FollowerState
2019-10-17 07:43:57,359 [Thread-2793] INFO  impl.RaftServerImpl (RaftServerImpl.java:setRole(184)) - 2a93f7e5-ecb9-41da-9c47-70e13ba76d7d@group-A9EE991D717F: changes role from  FOLLOWER to CANDIDATE at term 387 for changeToCandidate
2019-10-17 07:43:57,360 [Thread-2793] INFO  impl.RoleInfo (RoleInfo.java:updateAndGet(143)) - 2a93f7e5-ecb9-41da-9c47-70e13ba76d7d: start LeaderElection
2019-10-17 07:43:57,384 [2a93f7e5-ecb9-41da-9c47-70e13ba76d7d@group-A9EE991D717F-LeaderElection362] INFO  impl.LeaderElection (LeaderElection.java:askForVotes(178)) - 2a93f7e5-ecb9-41da-9c47-70e13ba76d7d@group-A9EE991D717F-LeaderElection362: begin an election at term 388 for 0: [37bd8e8c-ea68-4b1c-8659-8d001c4f3b5c:192.168.34.62:41632, 24020d0b-ce61-4f5a-b0b0-c561541e8cd4:192.168.34.62:42892, 2a93f7e5-ecb9-41da-9c47-70e13ba76d7d:192.168.34.62:35412], old=null
2019-10-17 07:43:57,386 [grpc-default-executor-0] INFO  impl.RaftServerImpl (RaftServerImpl.java:setRole(184)) - 37bd8e8c-ea68-4b1c-8659-8d001c4f3b5c@group-A9EE991D717F: changes role from  FOLLOWER to FOLLOWER at term 388 for recognizeCandidate:2a93f7e5-ecb9-41da-9c47-70e13ba76d7d
2019-10-17 07:43:57,386 [grpc-default-executor-0] INFO  impl.RoleInfo (RoleInfo.java:shutdownFollowerState(121)) - 37bd8e8c-ea68-4b1c-8659-8d001c4f3b5c: shutdown FollowerState
2019-10-17 07:43:57,386 [grpc-default-executor-1] INFO  impl.RaftServerImpl (RaftServerImpl.java:setRole(184)) - 24020d0b-ce61-4f5a-b0b0-c561541e8cd4@group-A9EE991D717F: changes role from  FOLLOWER to FOLLOWER at term 388 for recognizeCandidate:2a93f7e5-ecb9-41da-9c47-70e13ba76d7d
2019-10-17 07:43:57,386 [Thread-2792] INFO  impl.FollowerState (FollowerState.java:run(117)) - 37bd8e8c-ea68-4b1c-8659-8d001c4f3b5c@group-A9EE991D717F-FollowerState was interrupted: java.lang.InterruptedException: sleep interrupted
2019-10-17 07:43:57,386 [grpc-default-executor-0] INFO  impl.RoleInfo (RoleInfo.java:updateAndGet(143)) - 37bd8e8c-ea68-4b1c-8659-8d001c4f3b5c: start FollowerState
2019-10-17 07:43:57,386 [grpc-default-executor-1] INFO  impl.RoleInfo (RoleInfo.java:shutdownFollowerState(121)) - 24020d0b-ce61-4f5a-b0b0-c561541e8cd4: shutdown FollowerState
2019-10-17 07:43:57,387 [grpc-default-executor-1] INFO  impl.RoleInfo (RoleInfo.java:updateAndGet(143)) - 24020d0b-ce61-4f5a-b0b0-c561541e8cd4: start FollowerState
2019-10-17 07:43:57,387 [Thread-2791] INFO  impl.FollowerState (FollowerState.java:run(117)) - 24020d0b-ce61-4f5a-b0b0-c561541e8cd4@group-A9EE991D717F-FollowerState was interrupted: java.lang.InterruptedException: sleep interrupted
2019-10-17 07:43:57,410 [2a93f7e5-ecb9-41da-9c47-70e13ba76d7d@group-A9EE991D717F-LeaderElection362] INFO  impl.LeaderElection (LeaderElection.java:logAndReturn(56)) - 2a93f7e5-ecb9-41da-9c47-70e13ba76d7d@group-A9EE991D717F-LeaderElection362: Election REJECTED; received 2 response(s) [2a93f7e5-ecb9-41da-9c47-70e13ba76d7d<-37bd8e8c-ea68-4b1c-8659-8d001c4f3b5c#0:FAIL-t388, 2a93f7e5-ecb9-41da-9c47-70e13ba76d7d<-24020d0b-ce61-4f5a-b0b0-c561541e8cd4#0:FAIL-t388] and 0 exception(s); 2a93f7e5-ecb9-41da-9c47-70e13ba76d7d@group-A9EE991D717F:t388, leader=null, voted=2a93f7e5-ecb9-41da-9c47-70e13ba76d7d, raftlog=2a93f7e5-ecb9-41da-9c47-70e13ba76d7d@group-A9EE991D717F-SegmentedRaftLog:OPENED:c-1,f0,i0, conf=0: [37bd8e8c-ea68-4b1c-8659-8d001c4f3b5c:192.168.34.62:41632, 24020d0b-ce61-4f5a-b0b0-c561541e8cd4:192.168.34.62:42892, 2a93f7e5-ecb9-41da-9c47-70e13ba76d7d:192.168.34.62:35412], old=null
2019-10-17 07:43:57,410 [2a93f7e5-ecb9-41da-9c47-70e13ba76d7d@group-A9EE991D717F-LeaderElection362] INFO  impl.RaftServerImpl (RaftServerImpl.java:setRole(184)) - 2a93f7e5-ecb9-41da-9c47-70e13ba76d7d@group-A9EE991D717F: changes role from CANDIDATE to FOLLOWER at term 388 for DISCOVERED_A_NEW_TERM
2019-10-17 07:43:57,410 [2a93f7e5-ecb9-41da-9c47-70e13ba76d7d@group-A9EE991D717F-LeaderElection362] INFO  impl.RoleInfo (RoleInfo.java:shutdownLeaderElection(134)) - 2a93f7e5-ecb9-41da-9c47-70e13ba76d7d: shutdown LeaderElection
2019-10-17 07:43:57,410 [2a93f7e5-ecb9-41da-9c47-70e13ba76d7d@group-A9EE991D717F-LeaderElection362] INFO  impl.RoleInfo (RoleInfo.java:updateAndGet(143)) - 2a93f7e5-ecb9-41da-9c47-70e13ba76d7d: start FollowerState
2019-10-17 07:43:57,548 [Thread-2799] INFO  impl.FollowerState (FollowerState.java:run(108)) - 2a93f7e5-ecb9-41da-9c47-70e13ba76d7d@group-A9EE991D717F-FollowerState: change to CANDIDATE, lastRpcTime:137ms, electionTimeout:137ms
2019-10-17 07:43:57,548 [Thread-2799] INFO  impl.RoleInfo (RoleInfo.java:shutdownFollowerState(121)) - 2a93f7e5-ecb9-41da-9c47-70e13ba76d7d: shutdown FollowerState
2019-10-17 07:43:57,548 [Thread-2799] INFO  impl.RaftServerImpl (RaftServerImpl.java:setRole(184)) - 2a93f7e5-ecb9-41da-9c47-70e13ba76d7d@group-A9EE991D717F: changes role from  FOLLOWER to CANDIDATE at term 388 for changeToCandidate
2019-10-17 07:43:57,548 [Thread-2799] INFO  impl.RoleInfo (RoleInfo.java:updateAndGet(143)) - 2a93f7e5-ecb9-41da-9c47-70e13ba76d7d: start LeaderElection
2019-10-17 07:43:57,576 [2a93f7e5-ecb9-41da-9c47-70e13ba76d7d@group-A9EE991D717F-LeaderElection363] INFO  impl.LeaderElection (LeaderElection.java:askForVotes(178)) - 2a93f7e5-ecb9-41da-9c47-70e13ba76d7d@group-A9EE991D717F-LeaderElection363: begin an election at term 389 for 0: [37bd8e8c-ea68-4b1c-8659-8d001c4f3b5c:192.168.34.62:41632, 24020d0b-ce61-4f5a-b0b0-c561541e8cd4:192.168.34.62:42892, 2a93f7e5-ecb9-41da-9c47-70e13ba76d7d:192.168.34.62:35412], old=null
2019-10-17 07:43:57,578 [2a93f7e5-ecb9-41da-9c47-70e13ba76d7d@group-A9EE991D717F-LeaderElection363] INFO  impl.LeaderElection (LeaderElection.java:logAndReturn(56)) - 2a93f7e5-ecb9-41da-9c47-70e13ba76d7d@group-A9EE991D717F-LeaderElection363: Election TIMEOUT; received 0 response(s) [] and 0 exception(s); 2a93f7e5-ecb9-41da-9c47-70e13ba76d7d@group-A9EE991D717F:t389, leader=null, voted=2a93f7e5-ecb9-41da-9c47-70e13ba76d7d, raftlog=2a93f7e5-ecb9-41da-9c47-70e13ba76d7d@group-A9EE991D717F-SegmentedRaftLog:OPENED:c-1,f0,i0, conf=0: [37bd8e8c-ea68-4b1c-8659-8d001c4f3b5c:192.168.34.62:41632, 24020d0b-ce61-4f5a-b0b0-c561541e8cd4:192.168.34.62:42892, 2a93f7e5-ecb9-41da-9c47-70e13ba76d7d:192.168.34.62:35412], old=null
2019-10-17 07:43:57,578 [grpc-default-executor-0] INFO  impl.RaftServerImpl (RaftServerImpl.java:setRole(184)) - 37bd8e8c-ea68-4b1c-8659-8d001c4f3b5c@group-A9EE991D717F: changes role from  FOLLOWER to FOLLOWER at term 389 for recognizeCandidate:2a93f7e5-ecb9-41da-9c47-70e13ba76d7d
2019-10-17 07:43:57,578 [grpc-default-executor-1] INFO  impl.RaftServerImpl (RaftServerImpl.java:setRole(184)) - 24020d0b-ce61-4f5a-b0b0-c561541e8cd4@group-A9EE991D717F: changes role from  FOLLOWER to FOLLOWER at term 389 for recognizeCandidate:2a93f7e5-ecb9-41da-9c47-70e13ba76d7d
2019-10-17 07:43:57,578 [grpc-default-executor-0] INFO  impl.RoleInfo (RoleInfo.java:shutdownFollowerState(121)) - 37bd8e8c-ea68-4b1c-8659-8d001c4f3b5c: shutdown FollowerState
2019-10-17 07:43:57,579 [grpc-default-executor-1] INFO  impl.RoleInfo (RoleInfo.java:shutdownFollowerState(121)) - 24020d0b-ce61-4f5a-b0b0-c561541e8cd4: shutdown FollowerState
2019-10-17 07:43:57,579 [Thread-2797] INFO  impl.FollowerState (FollowerState.java:run(117)) - 37bd8e8c-ea68-4b1c-8659-8d001c4f3b5c@group-A9EE991D717F-FollowerState was interrupted: java.lang.InterruptedException: sleep interrupted
2019-10-17 07:43:57,579 [grpc-default-executor-0] INFO  impl.RoleInfo (RoleInfo.java:updateAndGet(143)) - 37bd8e8c-ea68-4b1c-8659-8d001c4f3b5c: start FollowerState
2019-10-17 07:43:57,579 [Thread-2798] INFO  impl.FollowerState (FollowerState.java:run(117)) - 24020d0b-ce61-4f5a-b0b0-c561541e8cd4@group-A9EE991D717F-FollowerState was interrupted: java.lang.InterruptedException: sleep interrupted
2019-10-17 07:43:57,579 [grpc-default-executor-1] INFO  impl.RoleInfo (RoleInfo.java:updateAndGet(143)) - 24020d0b-ce61-4f5a-b0b0-c561541e8cd4: start FollowerState
2019-10-17 07:43:57,602 [2a93f7e5-ecb9-41da-9c47-70e13ba76d7d@group-A9EE991D717F-LeaderElection363] INFO  impl.LeaderElection (LeaderElection.java:askForVotes(178)) - 2a93f7e5-ecb9-41da-9c47-70e13ba76d7d@group-A9EE991D717F-LeaderElection363: begin an election at term 390 for 0: [37bd8e8c-ea68-4b1c-8659-8d001c4f3b5c:192.168.34.62:41632, 24020d0b-ce61-4f5a-b0b0-c561541e8cd4:192.168.34.62:42892, 2a93f7e5-ecb9-41da-9c47-70e13ba76d7d:192.168.34.62:35412], old=null
2019-10-17 07:43:57,604 [grpc-default-executor-1] INFO  impl.RaftServerImpl (RaftServerImpl.java:setRole(184)) - 37bd8e8c-ea68-4b1c-8659-8d001c4f3b5c@group-A9EE991D717F: changes role from  FOLLOWER to FOLLOWER at term 390 for recognizeCandidate:2a93f7e5-ecb9-41da-9c47-70e13ba76d7d
2019-10-17 07:43:57,604 [grpc-default-executor-1] INFO  impl.RoleInfo (RoleInfo.java:shutdownFollowerState(121)) - 37bd8e8c-ea68-4b1c-8659-8d001c4f3b5c: shutdown FollowerState
2019-10-17 07:43:57,604 [grpc-default-executor-1] INFO  impl.RoleInfo (RoleInfo.java:updateAndGet(143)) - 37bd8e8c-ea68-4b1c-8659-8d001c4f3b5c: start FollowerState
2019-10-17 07:43:57,604 [Thread-2803] INFO  impl.FollowerState (FollowerState.java:run(117)) - 37bd8e8c-ea68-4b1c-8659-8d001c4f3b5c@group-A9EE991D717F-FollowerState was interrupted: java.lang.InterruptedException: sleep interrupted
2019-10-17 07:43:57,605 [grpc-default-executor-0] INFO  impl.RaftServerImpl (RaftServerImpl.java:setRole(184)) - 24020d0b-ce61-4f5a-b0b0-c561541e8cd4@group-A9EE991D717F: changes role from  FOLLOWER to FOLLOWER at term 390 for recognizeCandidate:2a93f7e5-ecb9-41da-9c47-70e13ba76d7d
2019-10-17 07:43:57,605 [grpc-default-executor-0] INFO  impl.RoleInfo (RoleInfo.java:shutdownFollowerState(121)) - 24020d0b-ce61-4f5a-b0b0-c561541e8cd4: shutdown FollowerState
2019-10-17 07:43:57,605 [grpc-default-executor-0] INFO  impl.RoleInfo (RoleInfo.java:updateAndGet(143)) - 24020d0b-ce61-4f5a-b0b0-c561541e8cd4: start FollowerState
2019-10-17 07:43:57,605 [Thread-2804] INFO  impl.FollowerState (FollowerState.java:run(117)) - 24020d0b-ce61-4f5a-b0b0-c561541e8cd4@group-A9EE991D717F-FollowerState was interrupted: java.lang.InterruptedException: sleep interrupted
2019-10-17 07:43:57,628 [2a93f7e5-ecb9-41da-9c47-70e13ba76d7d@group-A9EE991D717F-LeaderElection363] INFO  impl.LeaderElection (LeaderElection.java:logAndReturn(56)) - 2a93f7e5-ecb9-41da-9c47-70e13ba76d7d@group-A9EE991D717F-LeaderElection363: Election REJECTED; received 2 response(s) [2a93f7e5-ecb9-41da-9c47-70e13ba76d7d<-37bd8e8c-ea68-4b1c-8659-8d001c4f3b5c#0:FAIL-t390, 2a93f7e5-ecb9-41da-9c47-70e13ba76d7d<-24020d0b-ce61-4f5a-b0b0-c561541e8cd4#0:FAIL-t390] and 0 exception(s); 2a93f7e5-ecb9-41da-9c47-70e13ba76d7d@group-A9EE991D717F:t390, leader=null, voted=2a93f7e5-ecb9-41da-9c47-70e13ba76d7d, raftlog=2a93f7e5-ecb9-41da-9c47-70e13ba76d7d@group-A9EE991D717F-SegmentedRaftLog:OPENED:c-1,f0,i0, conf=0: [37bd8e8c-ea68-4b1c-8659-8d001c4f3b5c:192.168.34.62:41632, 24020d0b-ce61-4f5a-b0b0-c561541e8cd4:192.168.34.62:42892, 2a93f7e5-ecb9-41da-9c47-70e13ba76d7d:192.168.34.62:35412], old=null
2019-10-17 07:43:57,628 [2a93f7e5-ecb9-41da-9c47-70e13ba76d7d@group-A9EE991D717F-LeaderElection363] INFO  impl.RaftServerImpl (RaftServerImpl.java:setRole(184)) - 2a93f7e5-ecb9-41da-9c47-70e13ba76d7d@group-A9EE991D717F: changes role from CANDIDATE to FOLLOWER at term 390 for DISCOVERED_A_NEW_TERM
2019-10-17 07:43:57,628 [2a93f7e5-ecb9-41da-9c47-70e13ba76d7d@group-A9EE991D717F-LeaderElection363] INFO  impl.RoleInfo (RoleInfo.java:shutdownLeaderElection(134)) - 2a93f7e5-ecb9-41da-9c47-70e13ba76d7d: shutdown LeaderElection
2019-10-17 07:43:57,628 [2a93f7e5-ecb9-41da-9c47-70e13ba76d7d@group-A9EE991D717F-LeaderElection363] INFO  impl.RoleInfo (RoleInfo.java:updateAndGet(143)) - 2a93f7e5-ecb9-41da-9c47-70e13ba76d7d: start FollowerState
2019-10-17 07:43:57,814 [Thread-2809] INFO  impl.FollowerState (FollowerState.java:run(108)) - 2a93f7e5-ecb9-41da-9c47-70e13ba76d7d@group-A9EE991D717F-FollowerState: change to CANDIDATE, lastRpcTime:185ms, electionTimeout:185ms
2019-10-17 07:43:57,814 [Thread-2809] INFO  impl.RoleInfo (RoleInfo.java:shutdownFollowerState(121)) - 2a93f7e5-ecb9-41da-9c47-70e13ba76d7d: shutdown FollowerState
2019-10-17 07:43:57,814 [Thread-2809] INFO  impl.RaftServerImpl (RaftServerImpl.java:setRole(184)) - 2a93f7e5-ecb9-41da-9c47-70e13ba76d7d@group-A9EE991D717F: changes role from  FOLLOWER to CANDIDATE at term 390 for changeToCandidate
2019-10-17 07:43:57,814 [Thread-2809] INFO  impl.RoleInfo (RoleInfo.java:updateAndGet(143)) - 2a93f7e5-ecb9-41da-9c47-70e13ba76d7d: start LeaderElection
2019-10-17 07:43:57,840 [2a93f7e5-ecb9-41da-9c47-70e13ba76d7d@group-A9EE991D717F-LeaderElection364] INFO  impl.LeaderElection (LeaderElection.java:askForVotes(178)) - 2a93f7e5-ecb9-41da-9c47-70e13ba76d7d@group-A9EE991D717F-LeaderElection364: begin an election at term 391 for 0: [37bd8e8c-ea68-4b1c-8659-8d001c4f3b5c:192.168.34.62:41632, 24020d0b-ce61-4f5a-b0b0-c561541e8cd4:192.168.34.62:42892, 2a93f7e5-ecb9-41da-9c47-70e13ba76d7d:192.168.34.62:35412], old=null
2019-10-17 07:43:57,843 [grpc-default-executor-1] INFO  impl.RaftServerImpl (RaftServerImpl.java:setRole(184)) - 24020d0b-ce61-4f5a-b0b0-c561541e8cd4@group-A9EE991D717F: changes role from  FOLLOWER to FOLLOWER at term 391 for recognizeCandidate:2a93f7e5-ecb9-41da-9c47-70e13ba76d7d
2019-10-17 07:43:57,843 [grpc-default-executor-0] INFO  impl.RaftServerImpl (RaftServerImpl.java:setRole(184)) - 37bd8e8c-ea68-4b1c-8659-8d001c4f3b5c@group-A9EE991D717F: changes role from  FOLLOWER to FOLLOWER at term 391 for recognizeCandidate:2a93f7e5-ecb9-41da-9c47-70e13ba76d7d
2019-10-17 07:43:57,843 [grpc-default-executor-0] INFO  impl.RoleInfo (RoleInfo.java:shutdownFollowerState(121)) - 37bd8e8c-ea68-4b1c-8659-8d001c4f3b5c: shutdown FollowerState
2019-10-17 07:43:57,843 [grpc-default-executor-1] INFO  impl.RoleInfo (RoleInfo.java:shutdownFollowerState(121)) - 24020d0b-ce61-4f5a-b0b0-c561541e8cd4: shutdown FollowerState
2019-10-17 07:43:57,843 [Thread-2807] INFO  impl.FollowerState (FollowerState.java:run(117)) - 37bd8e8c-ea68-4b1c-8659-8d001c4f3b5c@group-A9EE991D717F-FollowerState was interrupted: java.lang.InterruptedException: sleep interrupted
2019-10-17 07:43:57,843 [grpc-default-executor-0] INFO  impl.RoleInfo (RoleInfo.java:updateAndGet(143)) - 37bd8e8c-ea68-4b1c-8659-8d001c4f3b5c: start FollowerState
2019-10-17 07:43:57,843 [Thread-2808] INFO  impl.FollowerState (FollowerState.java:run(117)) - 24020d0b-ce61-4f5a-b0b0-c561541e8cd4@group-A9EE991D717F-FollowerState was interrupted: java.lang.InterruptedException: sleep interrupted
2019-10-17 07:43:57,843 [grpc-default-executor-1] INFO  impl.RoleInfo (RoleInfo.java:updateAndGet(143)) - 24020d0b-ce61-4f5a-b0b0-c561541e8cd4: start FollowerState
2019-10-17 07:43:57,868 [2a93f7e5-ecb9-41da-9c47-70e13ba76d7d@group-A9EE991D717F-LeaderElection364] INFO  impl.LeaderElection (LeaderElection.java:logAndReturn(56)) - 2a93f7e5-ecb9-41da-9c47-70e13ba76d7d@group-A9EE991D717F-LeaderElection364: Election REJECTED; received 2 response(s) [2a93f7e5-ecb9-41da-9c47-70e13ba76d7d<-37bd8e8c-ea68-4b1c-8659-8d001c4f3b5c#0:FAIL-t391, 2a93f7e5-ecb9-41da-9c47-70e13ba76d7d<-24020d0b-ce61-4f5a-b0b0-c561541e8cd4#0:FAIL-t391] and 0 exception(s); 2a93f7e5-ecb9-41da-9c47-70e13ba76d7d@group-A9EE991D717F:t391, leader=null, voted=2a93f7e5-ecb9-41da-9c47-70e13ba76d7d, raftlog=2a93f7e5-ecb9-41da-9c47-70e13ba76d7d@group-A9EE991D717F-SegmentedRaftLog:OPENED:c-1,f0,i0, conf=0: [37bd8e8c-ea68-4b1c-8659-8d001c4f3b5c:192.168.34.62:41632, 24020d0b-ce61-4f5a-b0b0-c561541e8cd4:192.168.34.62:42892, 2a93f7e5-ecb9-41da-9c47-70e13ba76d7d:192.168.34.62:35412], old=null
2019-10-17 07:43:57,868 [2a93f7e5-ecb9-41da-9c47-70e13ba76d7d@group-A9EE991D717F-LeaderElection364] INFO  impl.RaftServerImpl (RaftServerImpl.java:setRole(184)) - 2a93f7e5-ecb9-41da-9c47-70e13ba76d7d@group-A9EE991D717F: changes role from CANDIDATE to FOLLOWER at term 391 for DISCOVERED_A_NEW_TERM
2019-10-17 07:43:57,868 [2a93f7e5-ecb9-41da-9c47-70e13ba76d7d@group-A9EE991D717F-LeaderElection364] INFO  impl.RoleInfo (RoleInfo.java:shutdownLeaderElection(134)) - 2a93f7e5-ecb9-41da-9c47-70e13ba76d7d: shutdown LeaderElection
2019-10-17 07:43:57,868 [2a93f7e5-ecb9-41da-9c47-70e13ba76d7d@group-A9EE991D717F-LeaderElection364] INFO  impl.RoleInfo (RoleInfo.java:updateAndGet(143)) - 2a93f7e5-ecb9-41da-9c47-70e13ba76d7d: start FollowerState
2019-10-17 07:43:58,040 [Thread-2815] INFO  impl.FollowerState (FollowerState.java:run(108)) - 2a93f7e5-ecb9-41da-9c47-70e13ba76d7d@group-A9EE991D717F-FollowerState: change to CANDIDATE, lastRpcTime:171ms, electionTimeout:171ms
2019-10-17 07:43:58,040 [Thread-2815] INFO  impl.RoleInfo (RoleInfo.java:shutdownFollowerState(121)) - 2a93f7e5-ecb9-41da-9c47-70e13ba76d7d: shutdown FollowerState
2019-10-17 07:43:58,040 [Thread-2815] INFO  impl.RaftServerImpl (RaftServerImpl.java:setRole(184)) - 2a93f7e5-ecb9-41da-9c47-70e13ba76d7d@group-A9EE991D717F: changes role from  FOLLOWER to CANDIDATE at term 391 for changeToCandidate
2019-10-17 07:43:58,040 [Thread-2815] INFO  impl.RoleInfo (RoleInfo.java:updateAndGet(143)) - 2a93f7e5-ecb9-41da-9c47-70e13ba76d7d: start LeaderElection
2019-10-17 07:43:58,064 [2a93f7e5-ecb9-41da-9c47-70e13ba76d7d@group-A9EE991D717F-LeaderElection365] INFO  impl.LeaderElection (LeaderElection.java:askForVotes(178)) - 2a93f7e5-ecb9-41da-9c47-70e13ba76d7d@group-A9EE991D717F-LeaderElection365: begin an election at term 392 for 0: [37bd8e8c-ea68-4b1c-8659-8d001c4f3b5c:192.168.34.62:41632, 24020d0b-ce61-4f5a-b0b0-c561541e8cd4:192.168.34.62:42892, 2a93f7e5-ecb9-41da-9c47-70e13ba76d7d:192.168.34.62:35412], old=null
2019-10-17 07:43:58,066 [grpc-default-executor-0] INFO  impl.RaftServerImpl (RaftServerImpl.java:setRole(184)) - 37bd8e8c-ea68-4b1c-8659-8d001c4f3b5c@group-A9EE991D717F: changes role from  FOLLOWER to FOLLOWER at term 392 for recognizeCandidate:2a93f7e5-ecb9-41da-9c47-70e13ba76d7d
2019-10-17 07:43:58,066 [grpc-default-executor-0] INFO  impl.RoleInfo (RoleInfo.java:shutdownFollowerState(121)) - 37bd8e8c-ea68-4b1c-8659-8d001c4f3b5c: shutdown FollowerState
2019-10-17 07:43:58,066 [grpc-default-executor-1] INFO  impl.RaftServerImpl (RaftServerImpl.java:setRole(184)) - 24020d0b-ce61-4f5a-b0b0-c561541e8cd4@group-A9EE991D717F: changes role from  FOLLOWER to FOLLOWER at term 392 for recognizeCandidate:2a93f7e5-ecb9-41da-9c47-70e13ba76d7d
2019-10-17 07:43:58,067 [Thread-2813] INFO  impl.FollowerState (FollowerState.java:run(117)) - 37bd8e8c-ea68-4b1c-8659-8d001c4f3b5c@group-A9EE991D717F-FollowerState was interrupted: java.lang.InterruptedException: sleep interrupted
2019-10-17 07:43:58,067 [grpc-default-executor-0] INFO  impl.RoleInfo (RoleInfo.java:updateAndGet(143)) - 37bd8e8c-ea68-4b1c-8659-8d001c4f3b5c: start FollowerState
2019-10-17 07:43:58,067 [grpc-default-executor-1] INFO  impl.RoleInfo (RoleInfo.java:shutdownFollowerState(121)) - 24020d0b-ce61-4f5a-b0b0-c561541e8cd4: shutdown FollowerState
2019-10-17 07:43:58,067 [grpc-default-executor-1] INFO  impl.RoleInfo (RoleInfo.java:updateAndGet(143)) - 24020d0b-ce61-4f5a-b0b0-c561541e8cd4: start FollowerState
2019-10-17 07:43:58,067 [Thread-2814] INFO  impl.FollowerState (FollowerState.java:run(117)) - 24020d0b-ce61-4f5a-b0b0-c561541e8cd4@group-A9EE991D717F-FollowerState was interrupted: java.lang.InterruptedException: sleep interrupted
2019-10-17 07:43:58,084 [2a93f7e5-ecb9-41da-9c47-70e13ba76d7d@group-A9EE991D717F-LeaderElection365] INFO  impl.LeaderElection (LeaderElection.java:logAndReturn(56)) - 2a93f7e5-ecb9-41da-9c47-70e13ba76d7d@group-A9EE991D717F-LeaderElection365: Election TIMEOUT; received 0 response(s) [] and 0 exception(s); 2a93f7e5-ecb9-41da-9c47-70e13ba76d7d@group-A9EE991D717F:t392, leader=null, voted=2a93f7e5-ecb9-41da-9c47-70e13ba76d7d, raftlog=2a93f7e5-ecb9-41da-9c47-70e13ba76d7d@group-A9EE991D717F-SegmentedRaftLog:OPENED:c-1,f0,i0, conf=0: [37bd8e8c-ea68-4b1c-8659-8d001c4f3b5c:192.168.34.62:41632, 24020d0b-ce61-4f5a-b0b0-c561541e8cd4:192.168.34.62:42892, 2a93f7e5-ecb9-41da-9c47-70e13ba76d7d:192.168.34.62:35412], old=null
2019-10-17 07:43:58,111 [2a93f7e5-ecb9-41da-9c47-70e13ba76d7d@group-A9EE991D717F-LeaderElection365] INFO  impl.LeaderElection (LeaderElection.java:askForVotes(178)) - 2a93f7e5-ecb9-41da-9c47-70e13ba76d7d@group-A9EE991D717F-LeaderElection365: begin an election at term 393 for 0: [37bd8e8c-ea68-4b1c-8659-8d001c4f3b5c:192.168.34.62:41632, 24020d0b-ce61-4f5a-b0b0-c561541e8cd4:192.168.34.62:42892, 2a93f7e5-ecb9-41da-9c47-70e13ba76d7d:192.168.34.62:35412], old=null
2019-10-17 07:43:58,113 [grpc-default-executor-1] INFO  impl.RaftServerImpl (RaftServerImpl.java:setRole(184)) - 37bd8e8c-ea68-4b1c-8659-8d001c4f3b5c@group-A9EE991D717F: changes role from  FOLLOWER to FOLLOWER at term 393 for recognizeCandidate:2a93f7e5-ecb9-41da-9c47-70e13ba76d7d
2019-10-17 07:43:58,113 [grpc-default-executor-1] INFO  impl.RoleInfo (RoleInfo.java:shutdownFollowerState(121)) - 37bd8e8c-ea68-4b1c-8659-8d001c4f3b5c: shutdown FollowerState
2019-10-17 07:43:58,113 [grpc-default-executor-1] INFO  impl.RoleInfo (RoleInfo.java:updateAndGet(143)) - 37bd8e8c-ea68-4b1c-8659-8d001c4f3b5c: start FollowerState
2019-10-17 07:43:58,113 [Thread-2819] INFO  impl.FollowerState (FollowerState.java:run(117)) - 37bd8e8c-ea68-4b1c-8659-8d001c4f3b5c@group-A9EE991D717F-FollowerState was interrupted: java.lang.InterruptedException: sleep interrupted
2019-10-17 07:43:58,113 [grpc-default-executor-0] INFO  impl.RaftServerImpl (RaftServerImpl.java:setRole(184)) - 24020d0b-ce61-4f5a-b0b0-c561541e8cd4@group-A9EE991D717F: changes role from  FOLLOWER to FOLLOWER at term 393 for recognizeCandidate:2a93f7e5-ecb9-41da-9c47-70e13ba76d7d
2019-10-17 07:43:58,114 [grpc-default-executor-0] INFO  impl.RoleInfo (RoleInfo.java:shutdownFollowerState(121)) - 24020d0b-ce61-4f5a-b0b0-c561541e8cd4: shutdown FollowerState
2019-10-17 07:43:58,114 [grpc-default-executor-0] INFO  impl.RoleInfo (RoleInfo.java:updateAndGet(143)) - 24020d0b-ce61-4f5a-b0b0-c561541e8cd4: start FollowerState
2019-10-17 07:43:58,114 [Thread-2820] INFO  impl.FollowerState (FollowerState.java:run(117)) - 24020d0b-ce61-4f5a-b0b0-c561541e8cd4@group-A9EE991D717F-FollowerState was interrupted: java.lang.InterruptedException: sleep interrupted
2019-10-17 07:43:58,138 [2a93f7e5-ecb9-41da-9c47-70e13ba76d7d@group-A9EE991D717F-LeaderElection365] INFO  impl.LeaderElection (LeaderElection.java:logAndReturn(56)) - 2a93f7e5-ecb9-41da-9c47-70e13ba76d7d@group-A9EE991D717F-LeaderElection365: Election REJECTED; received 2 response(s) [2a93f7e5-ecb9-41da-9c47-70e13ba76d7d<-37bd8e8c-ea68-4b1c-8659-8d001c4f3b5c#0:FAIL-t393, 2a93f7e5-ecb9-41da-9c47-70e13ba76d7d<-24020d0b-ce61-4f5a-b0b0-c561541e8cd4#0:FAIL-t393] and 0 exception(s); 2a93f7e5-ecb9-41da-9c47-70e13ba76d7d@group-A9EE991D717F:t393, leader=null, voted=2a93f7e5-ecb9-41da-9c47-70e13ba76d7d, raftlog=2a93f7e5-ecb9-41da-9c47-70e13ba76d7d@group-A9EE991D717F-SegmentedRaftLog:OPENED:c-1,f0,i0, conf=0: [37bd8e8c-ea68-4b1c-8659-8d001c4f3b5c:192.168.34.62:41632, 24020d0b-ce61-4f5a-b0b0-c561541e8cd4:192.168.34.62:42892, 2a93f7e5-ecb9-41da-9c47-70e13ba76d7d:192.168.34.62:35412], old=null
2019-10-17 07:43:58,138 [2a93f7e5-ecb9-41da-9c47-70e13ba76d7d@group-A9EE991D717F-LeaderElection365] INFO  impl.RaftServerImpl (RaftServerImpl.java:setRole(184)) - 2a93f7e5-ecb9-41da-9c47-70e13ba76d7d@group-A9EE991D717F: changes role from CANDIDATE to FOLLOWER at term 393 for DISCOVERED_A_NEW_TERM
2019-10-17 07:43:58,138 [2a93f7e5-ecb9-41da-9c47-70e13ba76d7d@group-A9EE991D717F-LeaderElection365] INFO  impl.RoleInfo (RoleInfo.java:shutdownLeaderElection(134)) - 2a93f7e5-ecb9-41da-9c47-70e13ba76d7d: shutdown LeaderElection
2019-10-17 07:43:58,138 [2a93f7e5-ecb9-41da-9c47-70e13ba76d7d@group-A9EE991D717F-LeaderElection365] INFO  impl.RoleInfo (RoleInfo.java:updateAndGet(143)) - 2a93f7e5-ecb9-41da-9c47-70e13ba76d7d: start FollowerState
2019-10-17 07:43:58,263 [Thread-2825] INFO  impl.FollowerState (FollowerState.java:run(108)) - 2a93f7e5-ecb9-41da-9c47-70e13ba76d7d@group-A9EE991D717F-FollowerState: change to CANDIDATE, lastRpcTime:124ms, electionTimeout:124ms
2019-10-17 07:43:58,263 [Thread-2825] INFO  impl.RoleInfo (RoleInfo.java:shutdownFollowerState(121)) - 2a93f7e5-ecb9-41da-9c47-70e13ba76d7d: shutdown FollowerState
2019-10-17 07:43:58,263 [Thread-2825] INFO  impl.RaftServerImpl (RaftServerImpl.java:setRole(184)) - 2a93f7e5-ecb9-41da-9c47-70e13ba76d7d@group-A9EE991D717F: changes role from  FOLLOWER to CANDIDATE at term 393 for changeToCandidate
2019-10-17 07:43:58,263 [Thread-2825] INFO  impl.RoleInfo (RoleInfo.java:updateAndGet(143)) - 2a93f7e5-ecb9-41da-9c47-70e13ba76d7d: start LeaderElection
2019-10-17 07:43:58,308 [2a93f7e5-ecb9-41da-9c47-70e13ba76d7d@group-A9EE991D717F-LeaderElection366] INFO  impl.LeaderElection (LeaderElection.java:askForVotes(178)) - 2a93f7e5-ecb9-41da-9c47-70e13ba76d7d@group-A9EE991D717F-LeaderElection366: begin an election at term 394 for 0: [37bd8e8c-ea68-4b1c-8659-8d001c4f3b5c:192.168.34.62:41632, 24020d0b-ce61-4f5a-b0b0-c561541e8cd4:192.168.34.62:42892, 2a93f7e5-ecb9-41da-9c47-70e13ba76d7d:192.168.34.62:35412], old=null
2019-10-17 07:43:58,311 [grpc-default-executor-1] INFO  impl.RaftServerImpl (RaftServerImpl.java:setRole(184)) - 24020d0b-ce61-4f5a-b0b0-c561541e8cd4@group-A9EE991D717F: changes role from  FOLLOWER to FOLLOWER at term 394 for recognizeCandidate:2a93f7e5-ecb9-41da-9c47-70e13ba76d7d
2019-10-17 07:43:58,311 [grpc-default-executor-0] INFO  impl.RaftServerImpl (RaftServerImpl.java:setRole(184)) - 37bd8e8c-ea68-4b1c-8659-8d001c4f3b5c@group-A9EE991D717F: changes role from  FOLLOWER to FOLLOWER at term 394 for recognizeCandidate:2a93f7e5-ecb9-41da-9c47-70e13ba76d7d
2019-10-17 07:43:58,311 [grpc-default-executor-0] INFO  impl.RoleInfo (RoleInfo.java:shutdownFollowerState(121)) - 37bd8e8c-ea68-4b1c-8659-8d001c4f3b5c: shutdown FollowerState
2019-10-17 07:43:58,311 [grpc-default-executor-1] INFO  impl.RoleInfo (RoleInfo.java:shutdownFollowerState(121)) - 24020d0b-ce61-4f5a-b0b0-c561541e8cd4: shutdown FollowerState
2019-10-17 07:43:58,311 [Thread-2823] INFO  impl.FollowerState (FollowerState.java:run(117)) - 37bd8e8c-ea68-4b1c-8659-8d001c4f3b5c@group-A9EE991D717F-FollowerState was interrupted: java.lang.InterruptedException: sleep interrupted
2019-10-17 07:43:58,311 [grpc-default-executor-0] INFO  impl.RoleInfo (RoleInfo.java:updateAndGet(143)) - 37bd8e8c-ea68-4b1c-8659-8d001c4f3b5c: start FollowerState
2019-10-17 07:43:58,311 [Thread-2824] INFO  impl.FollowerState (FollowerState.java:run(117)) - 24020d0b-ce61-4f5a-b0b0-c561541e8cd4@group-A9EE991D717F-FollowerState was interrupted: java.lang.InterruptedException: sleep interrupted
2019-10-17 07:43:58,311 [grpc-default-executor-1] INFO  impl.RoleInfo (RoleInfo.java:updateAndGet(143)) - 24020d0b-ce61-4f5a-b0b0-c561541e8cd4: start FollowerState
2019-10-17 07:43:58,348 [2a93f7e5-ecb9-41da-9c47-70e13ba76d7d@group-A9EE991D717F-LeaderElection366] INFO  impl.LeaderElection (LeaderElection.java:logAndReturn(56)) - 2a93f7e5-ecb9-41da-9c47-70e13ba76d7d@group-A9EE991D717F-LeaderElection366: Election REJECTED; received 2 response(s) [2a93f7e5-ecb9-41da-9c47-70e13ba76d7d<-37bd8e8c-ea68-4b1c-8659-8d001c4f3b5c#0:FAIL-t394, 2a93f7e5-ecb9-41da-9c47-70e13ba76d7d<-24020d0b-ce61-4f5a-b0b0-c561541e8cd4#0:FAIL-t394] and 0 exception(s); 2a93f7e5-ecb9-41da-9c47-70e13ba76d7d@group-A9EE991D717F:t394, leader=null, voted=2a93f7e5-ecb9-41da-9c47-70e13ba76d7d, raftlog=2a93f7e5-ecb9-41da-9c47-70e13ba76d7d@group-A9EE991D717F-SegmentedRaftLog:OPENED:c-1,f0,i0, conf=0: [37bd8e8c-ea68-4b1c-8659-8d001c4f3b5c:192.168.34.62:41632, 24020d0b-ce61-4f5a-b0b0-c561541e8cd4:192.168.34.62:42892, 2a93f7e5-ecb9-41da-9c47-70e13ba76d7d:192.168.34.62:35412], old=null
2019-10-17 07:43:58,349 [2a93f7e5-ecb9-41da-9c47-70e13ba76d7d@group-A9EE991D717F-LeaderElection366] INFO  impl.RaftServerImpl (RaftServerImpl.java:setRole(184)) - 2a93f7e5-ecb9-41da-9c47-70e13ba76d7d@group-A9EE991D717F: changes role from CANDIDATE to FOLLOWER at term 394 for DISCOVERED_A_NEW_TERM
2019-10-17 07:43:58,349 [2a93f7e5-ecb9-41da-9c47-70e13ba76d7d@group-A9EE991D717F-LeaderElection366] INFO  impl.RoleInfo (RoleInfo.java:shutdownLeaderElection(134)) - 2a93f7e5-ecb9-41da-9c47-70e13ba76d7d: shutdown LeaderElection
2019-10-17 07:43:58,349 [2a93f7e5-ecb9-41da-9c47-70e13ba76d7d@group-A9EE991D717F-LeaderElection366] INFO  impl.RoleInfo (RoleInfo.java:updateAndGet(143)) - 2a93f7e5-ecb9-41da-9c47-70e13ba76d7d: start FollowerState
2019-10-17 07:43:58,538 [Thread-2831] INFO  impl.FollowerState (FollowerState.java:run(108)) - 2a93f7e5-ecb9-41da-9c47-70e13ba76d7d@group-A9EE991D717F-FollowerState: change to CANDIDATE, lastRpcTime:189ms, electionTimeout:189ms
2019-10-17 07:43:58,538 [Thread-2831] INFO  impl.RoleInfo (RoleInfo.java:shutdownFollowerState(121)) - 2a93f7e5-ecb9-41da-9c47-70e13ba76d7d: shutdown FollowerState
2019-10-17 07:43:58,539 [Thread-2831] INFO  impl.RaftServerImpl (RaftServerImpl.java:setRole(184)) - 2a93f7e5-ecb9-41da-9c47-70e13ba76d7d@group-A9EE991D717F: changes role from  FOLLOWER to CANDIDATE at term 394 for changeToCandidate
2019-10-17 07:43:58,539 [Thread-2831] INFO  impl.RoleInfo (RoleInfo.java:updateAndGet(143)) - 2a93f7e5-ecb9-41da-9c47-70e13ba76d7d: start LeaderElection
2019-10-17 07:43:58,565 [2a93f7e5-ecb9-41da-9c47-70e13ba76d7d@group-A9EE991D717F-LeaderElection367] INFO  impl.LeaderElection (LeaderElection.java:askForVotes(178)) - 2a93f7e5-ecb9-41da-9c47-70e13ba76d7d@group-A9EE991D717F-LeaderElection367: begin an election at term 395 for 0: [37bd8e8c-ea68-4b1c-8659-8d001c4f3b5c:192.168.34.62:41632, 24020d0b-ce61-4f5a-b0b0-c561541e8cd4:192.168.34.62:42892, 2a93f7e5-ecb9-41da-9c47-70e13ba76d7d:192.168.34.62:35412], old=null
2019-10-17 07:43:58,567 [grpc-default-executor-0] INFO  impl.RaftServerImpl (RaftServerImpl.java:setRole(184)) - 37bd8e8c-ea68-4b1c-8659-8d001c4f3b5c@group-A9EE991D717F: changes role from  FOLLOWER to FOLLOWER at term 395 for recognizeCandidate:2a93f7e5-ecb9-41da-9c47-70e13ba76d7d
2019-10-17 07:43:58,567 [grpc-default-executor-0] INFO  impl.RoleInfo (RoleInfo.java:shutdownFollowerState(121)) - 37bd8e8c-ea68-4b1c-8659-8d001c4f3b5c: shutdown FollowerState
2019-10-17 07:43:58,568 [grpc-default-executor-1] INFO  impl.RaftServerImpl (RaftServerImpl.java:setRole(184)) - 24020d0b-ce61-4f5a-b0b0-c561541e8cd4@group-A9EE991D717F: changes role from  FOLLOWER to FOLLOWER at term 395 for recognizeCandidate:2a93f7e5-ecb9-41da-9c47-70e13ba76d7d
2019-10-17 07:43:58,568 [grpc-default-executor-1] INFO  impl.RoleInfo (RoleInfo.java:shutdownFollowerState(121)) - 24020d0b-ce61-4f5a-b0b0-c561541e8cd4: shutdown FollowerState
2019-10-17 07:43:58,568 [Thread-2829] INFO  impl.FollowerState (FollowerState.java:run(117)) - 37bd8e8c-ea68-4b1c-8659-8d001c4f3b5c@group-A9EE991D717F-FollowerState was interrupted: java.lang.InterruptedException: sleep interrupted
2019-10-17 07:43:58,568 [grpc-default-executor-0] INFO  impl.RoleInfo (RoleInfo.java:updateAndGet(143)) - 37bd8e8c-ea68-4b1c-8659-8d001c4f3b5c: start FollowerState
2019-10-17 07:43:58,568 [Thread-2830] INFO  impl.FollowerState (FollowerState.java:run(117)) - 24020d0b-ce61-4f5a-b0b0-c561541e8cd4@group-A9EE991D717F-FollowerState was interrupted: java.lang.InterruptedException: sleep interrupted
2019-10-17 07:43:58,568 [grpc-default-executor-1] INFO  impl.RoleInfo (RoleInfo.java:updateAndGet(143)) - 24020d0b-ce61-4f5a-b0b0-c561541e8cd4: start FollowerState
2019-10-17 07:43:58,583 [2a93f7e5-ecb9-41da-9c47-70e13ba76d7d@group-A9EE991D717F-LeaderElection367] INFO  impl.LeaderElection (LeaderElection.java:logAndReturn(56)) - 2a93f7e5-ecb9-41da-9c47-70e13ba76d7d@group-A9EE991D717F-LeaderElection367: Election REJECTED; received 2 response(s) [2a93f7e5-ecb9-41da-9c47-70e13ba76d7d<-37bd8e8c-ea68-4b1c-8659-8d001c4f3b5c#0:FAIL-t395, 2a93f7e5-ecb9-41da-9c47-70e13ba76d7d<-24020d0b-ce61-4f5a-b0b0-c561541e8cd4#0:FAIL-t395] and 0 exception(s); 2a93f7e5-ecb9-41da-9c47-70e13ba76d7d@group-A9EE991D717F:t395, leader=null, voted=2a93f7e5-ecb9-41da-9c47-70e13ba76d7d, raftlog=2a93f7e5-ecb9-41da-9c47-70e13ba76d7d@group-A9EE991D717F-SegmentedRaftLog:OPENED:c-1,f0,i0, conf=0: [37bd8e8c-ea68-4b1c-8659-8d001c4f3b5c:192.168.34.62:41632, 24020d0b-ce61-4f5a-b0b0-c561541e8cd4:192.168.34.62:42892, 2a93f7e5-ecb9-41da-9c47-70e13ba76d7d:192.168.34.62:35412], old=null
2019-10-17 07:43:58,583 [2a93f7e5-ecb9-41da-9c47-70e13ba76d7d@group-A9EE991D717F-LeaderElection367] INFO  impl.RaftServerImpl (RaftServerImpl.java:setRole(184)) - 2a93f7e5-ecb9-41da-9c47-70e13ba76d7d@group-A9EE991D717F: changes role from CANDIDATE to FOLLOWER at term 395 for DISCOVERED_A_NEW_TERM
2019-10-17 07:43:58,583 [2a93f7e5-ecb9-41da-9c47-70e13ba76d7d@group-A9EE991D717F-LeaderElection367] INFO  impl.RoleInfo (RoleInfo.java:shutdownLeaderElection(134)) - 2a93f7e5-ecb9-41da-9c47-70e13ba76d7d: shutdown LeaderElection
2019-10-17 07:43:58,583 [2a93f7e5-ecb9-41da-9c47-70e13ba76d7d@group-A9EE991D717F-LeaderElection367] INFO  impl.RoleInfo (RoleInfo.java:updateAndGet(143)) - 2a93f7e5-ecb9-41da-9c47-70e13ba76d7d: start FollowerState
2019-10-17 07:43:58,633 [Thread-2837] INFO  impl.FollowerState (FollowerState.java:run(108)) - 2a93f7e5-ecb9-41da-9c47-70e13ba76d7d@group-A9EE991D717F-FollowerState: change to CANDIDATE, lastRpcTime:50ms, electionTimeout:50ms
2019-10-17 07:43:58,634 [Thread-2837] INFO  impl.RoleInfo (RoleInfo.java:shutdownFollowerState(121)) - 2a93f7e5-ecb9-41da-9c47-70e13ba76d7d: shutdown FollowerState
2019-10-17 07:43:58,634 [Thread-2837] INFO  impl.RaftServerImpl (RaftServerImpl.java:setRole(184)) - 2a93f7e5-ecb9-41da-9c47-70e13ba76d7d@group-A9EE991D717F: changes role from  FOLLOWER to CANDIDATE at term 395 for changeToCandidate
2019-10-17 07:43:58,634 [Thread-2837] INFO  impl.RoleInfo (RoleInfo.java:updateAndGet(143)) - 2a93f7e5-ecb9-41da-9c47-70e13ba76d7d: start LeaderElection
2019-10-17 07:43:58,657 [2a93f7e5-ecb9-41da-9c47-70e13ba76d7d@group-A9EE991D717F-LeaderElection368] INFO  impl.LeaderElection (LeaderElection.java:askForVotes(178)) - 2a93f7e5-ecb9-41da-9c47-70e13ba76d7d@group-A9EE991D717F-LeaderElection368: begin an election at term 396 for 0: [37bd8e8c-ea68-4b1c-8659-8d001c4f3b5c:192.168.34.62:41632, 24020d0b-ce61-4f5a-b0b0-c561541e8cd4:192.168.34.62:42892, 2a93f7e5-ecb9-41da-9c47-70e13ba76d7d:192.168.34.62:35412], old=null
2019-10-17 07:43:58,659 [grpc-default-executor-0] INFO  impl.RaftServerImpl (RaftServerImpl.java:setRole(184)) - 37bd8e8c-ea68-4b1c-8659-8d001c4f3b5c@group-A9EE991D717F: changes role from  FOLLOWER to FOLLOWER at term 396 for recognizeCandidate:2a93f7e5-ecb9-41da-9c47-70e13ba76d7d
2019-10-17 07:43:58,659 [grpc-default-executor-0] INFO  impl.RoleInfo (RoleInfo.java:shutdownFollowerState(121)) - 37bd8e8c-ea68-4b1c-8659-8d001c4f3b5c: shutdown FollowerState
2019-10-17 07:43:58,660 [grpc-default-executor-0] INFO  impl.RoleInfo (RoleInfo.java:updateAndGet(143)) - 37bd8e8c-ea68-4b1c-8659-8d001c4f3b5c: start FollowerState
2019-10-17 07:43:58,660 [grpc-default-executor-1] INFO  impl.RaftServerImpl (RaftServerImpl.java:setRole(184)) - 24020d0b-ce61-4f5a-b0b0-c561541e8cd4@group-A9EE991D717F: changes role from  FOLLOWER to FOLLOWER at term 396 for recognizeCandidate:2a93f7e5-ecb9-41da-9c47-70e13ba76d7d
2019-10-17 07:43:58,660 [grpc-default-executor-1] INFO  impl.RoleInfo (RoleInfo.java:shutdownFollowerState(121)) - 24020d0b-ce61-4f5a-b0b0-c561541e8cd4: shutdown FollowerState
2019-10-17 07:43:58,660 [Thread-2835] INFO  impl.FollowerState (FollowerState.java:run(117)) - 37bd8e8c-ea68-4b1c-8659-8d001c4f3b5c@group-A9EE991D717F-FollowerState was interrupted: java.lang.InterruptedException: sleep interrupted
2019-10-17 07:43:58,660 [Thread-2836] INFO  impl.FollowerState (FollowerState.java:run(117)) - 24020d0b-ce61-4f5a-b0b0-c561541e8cd4@group-A9EE991D717F-FollowerState was interrupted: java.lang.InterruptedException: sleep interrupted
2019-10-17 07:43:58,660 [grpc-default-executor-1] INFO  impl.RoleInfo (RoleInfo.java:updateAndGet(143)) - 24020d0b-ce61-4f5a-b0b0-c561541e8cd4: start FollowerState
2019-10-17 07:43:58,672 [2a93f7e5-ecb9-41da-9c47-70e13ba76d7d@group-A9EE991D717F-LeaderElection368] INFO  impl.LeaderElection (LeaderElection.java:logAndReturn(56)) - 2a93f7e5-ecb9-41da-9c47-70e13ba76d7d@group-A9EE991D717F-LeaderElection368: Election TIMEOUT; received 0 response(s) [] and 0 exception(s); 2a93f7e5-ecb9-41da-9c47-70e13ba76d7d@group-A9EE991D717F:t396, leader=null, voted=2a93f7e5-ecb9-41da-9c47-70e13ba76d7d, raftlog=2a93f7e5-ecb9-41da-9c47-70e13ba76d7d@group-A9EE991D717F-SegmentedRaftLog:OPENED:c-1,f0,i0, conf=0: [37bd8e8c-ea68-4b1c-8659-8d001c4f3b5c:192.168.34.62:41632, 24020d0b-ce61-4f5a-b0b0-c561541e8cd4:192.168.34.62:42892, 2a93f7e5-ecb9-41da-9c47-70e13ba76d7d:192.168.34.62:35412], old=null
2019-10-17 07:43:58,700 [2a93f7e5-ecb9-41da-9c47-70e13ba76d7d@group-A9EE991D717F-LeaderElection368] INFO  impl.LeaderElection (LeaderElection.java:askForVotes(178)) - 2a93f7e5-ecb9-41da-9c47-70e13ba76d7d@group-A9EE991D717F-LeaderElection368: begin an election at term 397 for 0: [37bd8e8c-ea68-4b1c-8659-8d001c4f3b5c:192.168.34.62:41632, 24020d0b-ce61-4f5a-b0b0-c561541e8cd4:192.168.34.62:42892, 2a93f7e5-ecb9-41da-9c47-70e13ba76d7d:192.168.34.62:35412], old=null
2019-10-17 07:43:58,702 [grpc-default-executor-0] INFO  impl.RaftServerImpl (RaftServerImpl.java:setRole(184)) - 37bd8e8c-ea68-4b1c-8659-8d001c4f3b5c@group-A9EE991D717F: changes role from  FOLLOWER to FOLLOWER at term 397 for recognizeCandidate:2a93f7e5-ecb9-41da-9c47-70e13ba76d7d
2019-10-17 07:43:58,702 [grpc-default-executor-0] INFO  impl.RoleInfo (RoleInfo.java:shutdownFollowerState(121)) - 37bd8e8c-ea68-4b1c-8659-8d001c4f3b5c: shutdown FollowerState
2019-10-17 07:43:58,702 [grpc-default-executor-1] INFO  impl.RaftServerImpl (RaftServerImpl.java:setRole(184)) - 24020d0b-ce61-4f5a-b0b0-c561541e8cd4@group-A9EE991D717F: changes role from  FOLLOWER to FOLLOWER at term 397 for recognizeCandidate:2a93f7e5-ecb9-41da-9c47-70e13ba76d7d
2019-10-17 07:43:58,702 [grpc-default-executor-1] INFO  impl.RoleInfo (RoleInfo.java:shutdownFollowerState(121)) - 24020d0b-ce61-4f5a-b0b0-c561541e8cd4: shutdown FollowerState
2019-10-17 07:43:58,702 [Thread-2841] INFO  impl.FollowerState (FollowerState.java:run(117)) - 37bd8e8c-ea68-4b1c-8659-8d001c4f3b5c@group-A9EE991D717F-FollowerState was interrupted: java.lang.InterruptedException: sleep interrupted
2019-10-17 07:43:58,702 [grpc-default-executor-0] INFO  impl.RoleInfo (RoleInfo.java:updateAndGet(143)) - 37bd8e8c-ea68-4b1c-8659-8d001c4f3b5c: start FollowerState
2019-10-17 07:43:58,702 [Thread-2842] INFO  impl.FollowerState (FollowerState.java:run(117)) - 24020d0b-ce61-4f5a-b0b0-c561541e8cd4@group-A9EE991D717F-FollowerState was interrupted: java.lang.InterruptedException: sleep interrupted
2019-10-17 07:43:58,702 [grpc-default-executor-1] INFO  impl.RoleInfo (RoleInfo.java:updateAndGet(143)) - 24020d0b-ce61-4f5a-b0b0-c561541e8cd4: start FollowerState
2019-10-17 07:43:58,726 [2a93f7e5-ecb9-41da-9c47-70e13ba76d7d@group-A9EE991D717F-LeaderElection368] INFO  impl.LeaderElection (LeaderElection.java:logAndReturn(56)) - 2a93f7e5-ecb9-41da-9c47-70e13ba76d7d@group-A9EE991D717F-LeaderElection368: Election REJECTED; received 2 response(s) [2a93f7e5-ecb9-41da-9c47-70e13ba76d7d<-37bd8e8c-ea68-4b1c-8659-8d001c4f3b5c#0:FAIL-t397, 2a93f7e5-ecb9-41da-9c47-70e13ba76d7d<-24020d0b-ce61-4f5a-b0b0-c561541e8cd4#0:FAIL-t397] and 0 exception(s); 2a93f7e5-ecb9-41da-9c47-70e13ba76d7d@group-A9EE991D717F:t397, leader=null, voted=2a93f7e5-ecb9-41da-9c47-70e13ba76d7d, raftlog=2a93f7e5-ecb9-41da-9c47-70e13ba76d7d@group-A9EE991D717F-SegmentedRaftLog:OPENED:c-1,f0,i0, conf=0: [37bd8e8c-ea68-4b1c-8659-8d001c4f3b5c:192.168.34.62:41632, 24020d0b-ce61-4f5a-b0b0-c561541e8cd4:192.168.34.62:42892, 2a93f7e5-ecb9-41da-9c47-70e13ba76d7d:192.168.34.62:35412], old=null
2019-10-17 07:43:58,726 [2a93f7e5-ecb9-41da-9c47-70e13ba76d7d@group-A9EE991D717F-LeaderElection368] INFO  impl.RaftServerImpl (RaftServerImpl.java:setRole(184)) - 2a93f7e5-ecb9-41da-9c47-70e13ba76d7d@group-A9EE991D717F: changes role from CANDIDATE to FOLLOWER at term 397 for DISCOVERED_A_NEW_TERM
2019-10-17 07:43:58,726 [2a93f7e5-ecb9-41da-9c47-70e13ba76d7d@group-A9EE991D717F-LeaderElection368] INFO  impl.RoleInfo (RoleInfo.java:shutdownLeaderElection(134)) - 2a93f7e5-ecb9-41da-9c47-70e13ba76d7d: shutdown LeaderElection
2019-10-17 07:43:58,726 [2a93f7e5-ecb9-41da-9c47-70e13ba76d7d@group-A9EE991D717F-LeaderElection368] INFO  impl.RoleInfo (RoleInfo.java:updateAndGet(143)) - 2a93f7e5-ecb9-41da-9c47-70e13ba76d7d: start FollowerState
2019-10-17 07:43:58,740 [Thread-2847] INFO  impl.FollowerState (FollowerState.java:run(108)) - 2a93f7e5-ecb9-41da-9c47-70e13ba76d7d@group-A9EE991D717F-FollowerState: change to CANDIDATE, lastRpcTime:14ms, electionTimeout:14ms
2019-10-17 07:43:58,741 [Thread-2847] INFO  impl.RoleInfo (RoleInfo.java:shutdownFollowerState(121)) - 2a93f7e5-ecb9-41da-9c47-70e13ba76d7d: shutdown FollowerState
2019-10-17 07:43:58,741 [Thread-2847] INFO  impl.RaftServerImpl (RaftServerImpl.java:setRole(184)) - 2a93f7e5-ecb9-41da-9c47-70e13ba76d7d@group-A9EE991D717F: changes role from  FOLLOWER to CANDIDATE at term 397 for changeToCandidate
2019-10-17 07:43:58,741 [Thread-2847] INFO  impl.RoleInfo (RoleInfo.java:updateAndGet(143)) - 2a93f7e5-ecb9-41da-9c47-70e13ba76d7d: start LeaderElection
2019-10-17 07:43:58,767 [2a93f7e5-ecb9-41da-9c47-70e13ba76d7d@group-A9EE991D717F-LeaderElection369] INFO  impl.LeaderElection (LeaderElection.java:askForVotes(178)) - 2a93f7e5-ecb9-41da-9c47-70e13ba76d7d@group-A9EE991D717F-LeaderElection369: begin an election at term 398 for 0: [37bd8e8c-ea68-4b1c-8659-8d001c4f3b5c:192.168.34.62:41632, 24020d0b-ce61-4f5a-b0b0-c561541e8cd4:192.168.34.62:42892, 2a93f7e5-ecb9-41da-9c47-70e13ba76d7d:192.168.34.62:35412], old=null
2019-10-17 07:43:58,769 [grpc-default-executor-1] INFO  impl.RaftServerImpl (RaftServerImpl.java:setRole(184)) - 37bd8e8c-ea68-4b1c-8659-8d001c4f3b5c@group-A9EE991D717F: changes role from  FOLLOWER to FOLLOWER at term 398 for recognizeCandidate:2a93f7e5-ecb9-41da-9c47-70e13ba76d7d
2019-10-17 07:43:58,769 [grpc-default-executor-1] INFO  impl.RoleInfo (RoleInfo.java:shutdownFollowerState(121)) - 37bd8e8c-ea68-4b1c-8659-8d001c4f3b5c: shutdown FollowerState
2019-10-17 07:43:58,769 [grpc-default-executor-1] INFO  impl.RoleInfo (RoleInfo.java:updateAndGet(143)) - 37bd8e8c-ea68-4b1c-8659-8d001c4f3b5c: start FollowerState
2019-10-17 07:43:58,769 [Thread-2845] INFO  impl.FollowerState (FollowerState.java:run(117)) - 37bd8e8c-ea68-4b1c-8659-8d001c4f3b5c@group-A9EE991D717F-FollowerState was interrupted: java.lang.InterruptedException: sleep interrupted
2019-10-17 07:43:58,769 [grpc-default-executor-0] INFO  impl.RaftServerImpl (RaftServerImpl.java:setRole(184)) - 24020d0b-ce61-4f5a-b0b0-c561541e8cd4@group-A9EE991D717F: changes role from  FOLLOWER to FOLLOWER at term 398 for recognizeCandidate:2a93f7e5-ecb9-41da-9c47-70e13ba76d7d
2019-10-17 07:43:58,770 [grpc-default-executor-0] INFO  impl.RoleInfo (RoleInfo.java:shutdownFollowerState(121)) - 24020d0b-ce61-4f5a-b0b0-c561541e8cd4: shutdown FollowerState
2019-10-17 07:43:58,770 [grpc-default-executor-0] INFO  impl.RoleInfo (RoleInfo.java:updateAndGet(143)) - 24020d0b-ce61-4f5a-b0b0-c561541e8cd4: start FollowerState
2019-10-17 07:43:58,770 [Thread-2846] INFO  impl.FollowerState (FollowerState.java:run(117)) - 24020d0b-ce61-4f5a-b0b0-c561541e8cd4@group-A9EE991D717F-FollowerState was interrupted: java.lang.InterruptedException: sleep interrupted
2019-10-17 07:43:58,793 [2a93f7e5-ecb9-41da-9c47-70e13ba76d7d@group-A9EE991D717F-LeaderElection369] INFO  impl.LeaderElection (LeaderElection.java:logAndReturn(56)) - 2a93f7e5-ecb9-41da-9c47-70e13ba76d7d@group-A9EE991D717F-LeaderElection369: Election REJECTED; received 2 response(s) [2a93f7e5-ecb9-41da-9c47-70e13ba76d7d<-37bd8e8c-ea68-4b1c-8659-8d001c4f3b5c#0:FAIL-t398, 2a93f7e5-ecb9-41da-9c47-70e13ba76d7d<-24020d0b-ce61-4f5a-b0b0-c561541e8cd4#0:FAIL-t398] and 0 exception(s); 2a93f7e5-ecb9-41da-9c47-70e13ba76d7d@group-A9EE991D717F:t398, leader=null, voted=2a93f7e5-ecb9-41da-9c47-70e13ba76d7d, raftlog=2a93f7e5-ecb9-41da-9c47-70e13ba76d7d@group-A9EE991D717F-SegmentedRaftLog:OPENED:c-1,f0,i0, conf=0: [37bd8e8c-ea68-4b1c-8659-8d001c4f3b5c:192.168.34.62:41632, 24020d0b-ce61-4f5a-b0b0-c561541e8cd4:192.168.34.62:42892, 2a93f7e5-ecb9-41da-9c47-70e13ba76d7d:192.168.34.62:35412], old=null
2019-10-17 07:43:58,793 [2a93f7e5-ecb9-41da-9c47-70e13ba76d7d@group-A9EE991D717F-LeaderElection369] INFO  impl.RaftServerImpl (RaftServerImpl.java:setRole(184)) - 2a93f7e5-ecb9-41da-9c47-70e13ba76d7d@group-A9EE991D717F: changes role from CANDIDATE to FOLLOWER at term 398 for DISCOVERED_A_NEW_TERM
2019-10-17 07:43:58,794 [2a93f7e5-ecb9-41da-9c47-70e13ba76d7d@group-A9EE991D717F-LeaderElection369] INFO  impl.RoleInfo (RoleInfo.java:shutdownLeaderElection(134)) - 2a93f7e5-ecb9-41da-9c47-70e13ba76d7d: shutdown LeaderElection
2019-10-17 07:43:58,794 [2a93f7e5-ecb9-41da-9c47-70e13ba76d7d@group-A9EE991D717F-LeaderElection369] INFO  impl.RoleInfo (RoleInfo.java:updateAndGet(143)) - 2a93f7e5-ecb9-41da-9c47-70e13ba76d7d: start FollowerState
2019-10-17 07:43:58,960 [Thread-2853] INFO  impl.FollowerState (FollowerState.java:run(108)) - 2a93f7e5-ecb9-41da-9c47-70e13ba76d7d@group-A9EE991D717F-FollowerState: change to CANDIDATE, lastRpcTime:166ms, electionTimeout:166ms
2019-10-17 07:43:58,960 [Thread-2853] INFO  impl.RoleInfo (RoleInfo.java:shutdownFollowerState(121)) - 2a93f7e5-ecb9-41da-9c47-70e13ba76d7d: shutdown FollowerState
2019-10-17 07:43:58,960 [Thread-2853] INFO  impl.RaftServerImpl (RaftServerImpl.java:setRole(184)) - 2a93f7e5-ecb9-41da-9c47-70e13ba76d7d@group-A9EE991D717F: changes role from  FOLLOWER to CANDIDATE at term 398 for changeToCandidate
2019-10-17 07:43:58,961 [Thread-2853] INFO  impl.RoleInfo (RoleInfo.java:updateAndGet(143)) - 2a93f7e5-ecb9-41da-9c47-70e13ba76d7d: start LeaderElection
2019-10-17 07:43:58,985 [2a93f7e5-ecb9-41da-9c47-70e13ba76d7d@group-A9EE991D717F-LeaderElection370] INFO  impl.LeaderElection (LeaderElection.java:askForVotes(178)) - 2a93f7e5-ecb9-41da-9c47-70e13ba76d7d@group-A9EE991D717F-LeaderElection370: begin an election at term 399 for 0: [37bd8e8c-ea68-4b1c-8659-8d001c4f3b5c:192.168.34.62:41632, 24020d0b-ce61-4f5a-b0b0-c561541e8cd4:192.168.34.62:42892, 2a93f7e5-ecb9-41da-9c47-70e13ba76d7d:192.168.34.62:35412], old=null
2019-10-17 07:43:58,987 [grpc-default-executor-0] INFO  impl.RaftServerImpl (RaftServerImpl.java:setRole(184)) - 37bd8e8c-ea68-4b1c-8659-8d001c4f3b5c@group-A9EE991D717F: changes role from  FOLLOWER to FOLLOWER at term 399 for recognizeCandidate:2a93f7e5-ecb9-41da-9c47-70e13ba76d7d
2019-10-17 07:43:58,987 [grpc-default-executor-1] INFO  impl.RaftServerImpl (RaftServerImpl.java:setRole(184)) - 24020d0b-ce61-4f5a-b0b0-c561541e8cd4@group-A9EE991D717F: changes role from  FOLLOWER to FOLLOWER at term 399 for recognizeCandidate:2a93f7e5-ecb9-41da-9c47-70e13ba76d7d
2019-10-17 07:43:58,987 [grpc-default-executor-0] INFO  impl.RoleInfo (RoleInfo.java:shutdownFollowerState(121)) - 37bd8e8c-ea68-4b1c-8659-8d001c4f3b5c: shutdown FollowerState
2019-10-17 07:43:58,987 [grpc-default-executor-1] INFO  impl.RoleInfo (RoleInfo.java:shutdownFollowerState(121)) - 24020d0b-ce61-4f5a-b0b0-c561541e8cd4: shutdown FollowerState
2019-10-17 07:43:58,987 [grpc-default-executor-0] INFO  impl.RoleInfo (RoleInfo.java:updateAndGet(143)) - 37bd8e8c-ea68-4b1c-8659-8d001c4f3b5c: start FollowerState
2019-10-17 07:43:58,988 [Thread-2852] INFO  impl.FollowerState (FollowerState.java:run(117)) - 24020d0b-ce61-4f5a-b0b0-c561541e8cd4@group-A9EE991D717F-FollowerState was interrupted: java.lang.InterruptedException: sleep interrupted
2019-10-17 07:43:58,988 [Thread-2851] INFO  impl.FollowerState (FollowerState.java:run(117)) - 37bd8e8c-ea68-4b1c-8659-8d001c4f3b5c@group-A9EE991D717F-FollowerState was interrupted: java.lang.InterruptedException: sleep interrupted
2019-10-17 07:43:58,988 [grpc-default-executor-1] INFO  impl.RoleInfo (RoleInfo.java:updateAndGet(143)) - 24020d0b-ce61-4f5a-b0b0-c561541e8cd4: start FollowerState
2019-10-17 07:43:59,019 [2a93f7e5-ecb9-41da-9c47-70e13ba76d7d@group-A9EE991D717F-LeaderElection370] INFO  impl.LeaderElection (LeaderElection.java:logAndReturn(56)) - 2a93f7e5-ecb9-41da-9c47-70e13ba76d7d@group-A9EE991D717F-LeaderElection370: Election REJECTED; received 2 response(s) [2a93f7e5-ecb9-41da-9c47-70e13ba76d7d<-37bd8e8c-ea68-4b1c-8659-8d001c4f3b5c#0:FAIL-t399, 2a93f7e5-ecb9-41da-9c47-70e13ba76d7d<-24020d0b-ce61-4f5a-b0b0-c561541e8cd4#0:FAIL-t399] and 0 exception(s); 2a93f7e5-ecb9-41da-9c47-70e13ba76d7d@group-A9EE991D717F:t399, leader=null, voted=2a93f7e5-ecb9-41da-9c47-70e13ba76d7d, raftlog=2a93f7e5-ecb9-41da-9c47-70e13ba76d7d@group-A9EE991D717F-SegmentedRaftLog:OPENED:c-1,f0,i0, conf=0: [37bd8e8c-ea68-4b1c-8659-8d001c4f3b5c:192.168.34.62:41632, 24020d0b-ce61-4f5a-b0b0-c561541e8cd4:192.168.34.62:42892, 2a93f7e5-ecb9-41da-9c47-70e13ba76d7d:192.168.34.62:35412], old=null
2019-10-17 07:43:59,019 [2a93f7e5-ecb9-41da-9c47-70e13ba76d7d@group-A9EE991D717F-LeaderElection370] INFO  impl.RaftServerImpl (RaftServerImpl.java:setRole(184)) - 2a93f7e5-ecb9-41da-9c47-70e13ba76d7d@group-A9EE991D717F: changes role from CANDIDATE to FOLLOWER at term 399 for DISCOVERED_A_NEW_TERM
2019-10-17 07:43:59,019 [2a93f7e5-ecb9-41da-9c47-70e13ba76d7d@group-A9EE991D717F-LeaderElection370] INFO  impl.RoleInfo (RoleInfo.java:shutdownLeaderElection(134)) - 2a93f7e5-ecb9-41da-9c47-70e13ba76d7d: shutdown LeaderElection
2019-10-17 07:43:59,020 [2a93f7e5-ecb9-41da-9c47-70e13ba76d7d@group-A9EE991D717F-LeaderElection370] INFO  impl.RoleInfo (RoleInfo.java:updateAndGet(143)) - 2a93f7e5-ecb9-41da-9c47-70e13ba76d7d: start FollowerState
2019-10-17 07:43:59,147 [Thread-2859] INFO  impl.FollowerState (FollowerState.java:run(108)) - 2a93f7e5-ecb9-41da-9c47-70e13ba76d7d@group-A9EE991D717F-FollowerState: change to CANDIDATE, lastRpcTime:127ms, electionTimeout:127ms
2019-10-17 07:43:59,147 [Thread-2859] INFO  impl.RoleInfo (RoleInfo.java:shutdownFollowerState(121)) - 2a93f7e5-ecb9-41da-9c47-70e13ba76d7d: shutdown FollowerState
2019-10-17 07:43:59,147 [Thread-2859] INFO  impl.RaftServerImpl (RaftServerImpl.java:setRole(184)) - 2a93f7e5-ecb9-41da-9c47-70e13ba76d7d@group-A9EE991D717F: changes role from  FOLLOWER to CANDIDATE at term 399 for changeToCandidate
2019-10-17 07:43:59,148 [Thread-2859] INFO  impl.RoleInfo (RoleInfo.java:updateAndGet(143)) - 2a93f7e5-ecb9-41da-9c47-70e13ba76d7d: start LeaderElection
2019-10-17 07:43:59,177 [2a93f7e5-ecb9-41da-9c47-70e13ba76d7d@group-A9EE991D717F-LeaderElection371] INFO  impl.LeaderElection (LeaderElection.java:askForVotes(178)) - 2a93f7e5-ecb9-41da-9c47-70e13ba76d7d@group-A9EE991D717F-LeaderElection371: begin an election at term 400 for 0: [37bd8e8c-ea68-4b1c-8659-8d001c4f3b5c:192.168.34.62:41632, 24020d0b-ce61-4f5a-b0b0-c561541e8cd4:192.168.34.62:42892, 2a93f7e5-ecb9-41da-9c47-70e13ba76d7d:192.168.34.62:35412], old=null
2019-10-17 07:43:59,179 [grpc-default-executor-1] INFO  impl.RaftServerImpl (RaftServerImpl.java:setRole(184)) - 37bd8e8c-ea68-4b1c-8659-8d001c4f3b5c@group-A9EE991D717F: changes role from  FOLLOWER to FOLLOWER at term 400 for recognizeCandidate:2a93f7e5-ecb9-41da-9c47-70e13ba76d7d
2019-10-17 07:43:59,179 [grpc-default-executor-1] INFO  impl.RoleInfo (RoleInfo.java:shutdownFollowerState(121)) - 37bd8e8c-ea68-4b1c-8659-8d001c4f3b5c: shutdown FollowerState
2019-10-17 07:43:59,179 [grpc-default-executor-0] INFO  impl.RaftServerImpl (RaftServerImpl.java:setRole(184)) - 24020d0b-ce61-4f5a-b0b0-c561541e8cd4@group-A9EE991D717F: changes role from  FOLLOWER to FOLLOWER at term 400 for recognizeCandidate:2a93f7e5-ecb9-41da-9c47-70e13ba76d7d
2019-10-17 07:43:59,179 [grpc-default-executor-0] INFO  impl.RoleInfo (RoleInfo.java:shutdownFollowerState(121)) - 24020d0b-ce61-4f5a-b0b0-c561541e8cd4: shutdown FollowerState
2019-10-17 07:43:59,179 [Thread-2857] INFO  impl.FollowerState (FollowerState.java:run(117)) - 37bd8e8c-ea68-4b1c-8659-8d001c4f3b5c@group-A9EE991D717F-FollowerState was interrupted: java.lang.InterruptedException: sleep interrupted
2019-10-17 07:43:59,179 [Thread-2858] INFO  impl.FollowerState (FollowerState.java:run(117)) - 24020d0b-ce61-4f5a-b0b0-c561541e8cd4@group-A9EE991D717F-FollowerState was interrupted: java.lang.InterruptedException: sleep interrupted
2019-10-17 07:43:59,179 [grpc-default-executor-1] INFO  impl.RoleInfo (RoleInfo.java:updateAndGet(143)) - 37bd8e8c-ea68-4b1c-8659-8d001c4f3b5c: start FollowerState
2019-10-17 07:43:59,179 [grpc-default-executor-0] INFO  impl.RoleInfo (RoleInfo.java:updateAndGet(143)) - 24020d0b-ce61-4f5a-b0b0-c561541e8cd4: start FollowerState
2019-10-17 07:43:59,200 [2a93f7e5-ecb9-41da-9c47-70e13ba76d7d@group-A9EE991D717F-LeaderElection371] INFO  impl.LeaderElection (LeaderElection.java:logAndReturn(56)) - 2a93f7e5-ecb9-41da-9c47-70e13ba76d7d@group-A9EE991D717F-LeaderElection371: Election TIMEOUT; received 0 response(s) [] and 0 exception(s); 2a93f7e5-ecb9-41da-9c47-70e13ba76d7d@group-A9EE991D717F:t400, leader=null, voted=2a93f7e5-ecb9-41da-9c47-70e13ba76d7d, raftlog=2a93f7e5-ecb9-41da-9c47-70e13ba76d7d@group-A9EE991D717F-SegmentedRaftLog:OPENED:c-1,f0,i0, conf=0: [37bd8e8c-ea68-4b1c-8659-8d001c4f3b5c:192.168.34.62:41632, 24020d0b-ce61-4f5a-b0b0-c561541e8cd4:192.168.34.62:42892, 2a93f7e5-ecb9-41da-9c47-70e13ba76d7d:192.168.34.62:35412], old=null
2019-10-17 07:43:59,228 [2a93f7e5-ecb9-41da-9c47-70e13ba76d7d@group-A9EE991D717F-LeaderElection371] INFO  impl.LeaderElection (LeaderElection.java:askForVotes(178)) - 2a93f7e5-ecb9-41da-9c47-70e13ba76d7d@group-A9EE991D717F-LeaderElection371: begin an election at term 401 for 0: [37bd8e8c-ea68-4b1c-8659-8d001c4f3b5c:192.168.34.62:41632, 24020d0b-ce61-4f5a-b0b0-c561541e8cd4:192.168.34.62:42892, 2a93f7e5-ecb9-41da-9c47-70e13ba76d7d:192.168.34.62:35412], old=null
2019-10-17 07:43:59,230 [grpc-default-executor-0] INFO  impl.RaftServerImpl (RaftServerImpl.java:setRole(184)) - 37bd8e8c-ea68-4b1c-8659-8d001c4f3b5c@group-A9EE991D717F: changes role from  FOLLOWER to FOLLOWER at term 401 for recognizeCandidate:2a93f7e5-ecb9-41da-9c47-70e13ba76d7d
2019-10-17 07:43:59,230 [grpc-default-executor-0] INFO  impl.RoleInfo (RoleInfo.java:shutdownFollowerState(121)) - 37bd8e8c-ea68-4b1c-8659-8d001c4f3b5c: shutdown FollowerState
2019-10-17 07:43:59,230 [grpc-default-executor-0] INFO  impl.RoleInfo (RoleInfo.java:updateAndGet(143)) - 37bd8e8c-ea68-4b1c-8659-8d001c4f3b5c: start FollowerState
2019-10-17 07:43:59,230 [grpc-default-executor-1] INFO  impl.RaftServerImpl (RaftServerImpl.java:setRole(184)) - 24020d0b-ce61-4f5a-b0b0-c561541e8cd4@group-A9EE991D717F: changes role from  FOLLOWER to FOLLOWER at term 401 for recognizeCandidate:2a93f7e5-ecb9-41da-9c47-70e13ba76d7d
2019-10-17 07:43:59,230 [grpc-default-executor-1] INFO  impl.RoleInfo (RoleInfo.java:shutdownFollowerState(121)) - 24020d0b-ce61-4f5a-b0b0-c561541e8cd4: shutdown FollowerState
2019-10-17 07:43:59,230 [Thread-2863] INFO  impl.FollowerState (FollowerState.java:run(117)) - 37bd8e8c-ea68-4b1c-8659-8d001c4f3b5c@group-A9EE991D717F-FollowerState was interrupted: java.lang.InterruptedException: sleep interrupted
2019-10-17 07:43:59,230 [Thread-2864] INFO  impl.FollowerState (FollowerState.java:run(117)) - 24020d0b-ce61-4f5a-b0b0-c561541e8cd4@group-A9EE991D717F-FollowerState was interrupted: java.lang.InterruptedException: sleep interrupted
2019-10-17 07:43:59,230 [grpc-default-executor-1] INFO  impl.RoleInfo (RoleInfo.java:updateAndGet(143)) - 24020d0b-ce61-4f5a-b0b0-c561541e8cd4: start FollowerState
2019-10-17 07:43:59,252 [2a93f7e5-ecb9-41da-9c47-70e13ba76d7d@group-A9EE991D717F-LeaderElection371] INFO  impl.LeaderElection (LeaderElection.java:logAndReturn(56)) - 2a93f7e5-ecb9-41da-9c47-70e13ba76d7d@group-A9EE991D717F-LeaderElection371: Election TIMEOUT; received 0 response(s) [] and 0 exception(s); 2a93f7e5-ecb9-41da-9c47-70e13ba76d7d@group-A9EE991D717F:t401, leader=null, voted=2a93f7e5-ecb9-41da-9c47-70e13ba76d7d, raftlog=2a93f7e5-ecb9-41da-9c47-70e13ba76d7d@group-A9EE991D717F-SegmentedRaftLog:OPENED:c-1,f0,i0, conf=0: [37bd8e8c-ea68-4b1c-8659-8d001c4f3b5c:192.168.34.62:41632, 24020d0b-ce61-4f5a-b0b0-c561541e8cd4:192.168.34.62:42892, 2a93f7e5-ecb9-41da-9c47-70e13ba76d7d:192.168.34.62:35412], old=null
2019-10-17 07:43:59,278 [2a93f7e5-ecb9-41da-9c47-70e13ba76d7d@group-A9EE991D717F-LeaderElection371] INFO  impl.LeaderElection (LeaderElection.java:askForVotes(178)) - 2a93f7e5-ecb9-41da-9c47-70e13ba76d7d@group-A9EE991D717F-LeaderElection371: begin an election at term 402 for 0: [37bd8e8c-ea68-4b1c-8659-8d001c4f3b5c:192.168.34.62:41632, 24020d0b-ce61-4f5a-b0b0-c561541e8cd4:192.168.34.62:42892, 2a93f7e5-ecb9-41da-9c47-70e13ba76d7d:192.168.34.62:35412], old=null
2019-10-17 07:43:59,280 [grpc-default-executor-1] INFO  impl.RaftServerImpl (RaftServerImpl.java:setRole(184)) - 37bd8e8c-ea68-4b1c-8659-8d001c4f3b5c@group-A9EE991D717F: changes role from  FOLLOWER to FOLLOWER at term 402 for recognizeCandidate:2a93f7e5-ecb9-41da-9c47-70e13ba76d7d
2019-10-17 07:43:59,280 [grpc-default-executor-1] INFO  impl.RoleInfo (RoleInfo.java:shutdownFollowerState(121)) - 37bd8e8c-ea68-4b1c-8659-8d001c4f3b5c: shutdown FollowerState
2019-10-17 07:43:59,281 [grpc-default-executor-1] INFO  impl.RoleInfo (RoleInfo.java:updateAndGet(143)) - 37bd8e8c-ea68-4b1c-8659-8d001c4f3b5c: start FollowerState
2019-10-17 07:43:59,281 [Thread-2867] INFO  impl.FollowerState (FollowerState.java:run(117)) - 37bd8e8c-ea68-4b1c-8659-8d001c4f3b5c@group-A9EE991D717F-FollowerState was interrupted: java.lang.InterruptedException: sleep interrupted
2019-10-17 07:43:59,281 [grpc-default-executor-0] INFO  impl.RaftServerImpl (RaftServerImpl.java:setRole(184)) - 24020d0b-ce61-4f5a-b0b0-c561541e8cd4@group-A9EE991D717F: changes role from  FOLLOWER to FOLLOWER at term 402 for recognizeCandidate:2a93f7e5-ecb9-41da-9c47-70e13ba76d7d
2019-10-17 07:43:59,281 [grpc-default-executor-0] INFO  impl.RoleInfo (RoleInfo.java:shutdownFollowerState(121)) - 24020d0b-ce61-4f5a-b0b0-c561541e8cd4: shutdown FollowerState
2019-10-17 07:43:59,281 [grpc-default-executor-0] INFO  impl.RoleInfo (RoleInfo.java:updateAndGet(143)) - 24020d0b-ce61-4f5a-b0b0-c561541e8cd4: start FollowerState
2019-10-17 07:43:59,281 [Thread-2868] INFO  impl.FollowerState (FollowerState.java:run(117)) - 24020d0b-ce61-4f5a-b0b0-c561541e8cd4@group-A9EE991D717F-FollowerState was interrupted: java.lang.InterruptedException: sleep interrupted
2019-10-17 07:43:59,305 [2a93f7e5-ecb9-41da-9c47-70e13ba76d7d@group-A9EE991D717F-LeaderElection371] INFO  impl.LeaderElection (LeaderElection.java:logAndReturn(56)) - 2a93f7e5-ecb9-41da-9c47-70e13ba76d7d@group-A9EE991D717F-LeaderElection371: Election REJECTED; received 2 response(s) [2a93f7e5-ecb9-41da-9c47-70e13ba76d7d<-37bd8e8c-ea68-4b1c-8659-8d001c4f3b5c#0:FAIL-t402, 2a93f7e5-ecb9-41da-9c47-70e13ba76d7d<-24020d0b-ce61-4f5a-b0b0-c561541e8cd4#0:FAIL-t402] and 0 exception(s); 2a93f7e5-ecb9-41da-9c47-70e13ba76d7d@group-A9EE991D717F:t402, leader=null, voted=2a93f7e5-ecb9-41da-9c47-70e13ba76d7d, raftlog=2a93f7e5-ecb9-41da-9c47-70e13ba76d7d@group-A9EE991D717F-SegmentedRaftLog:OPENED:c-1,f0,i0, conf=0: [37bd8e8c-ea68-4b1c-8659-8d001c4f3b5c:192.168.34.62:41632, 24020d0b-ce61-4f5a-b0b0-c561541e8cd4:192.168.34.62:42892, 2a93f7e5-ecb9-41da-9c47-70e13ba76d7d:192.168.34.62:35412], old=null
2019-10-17 07:43:59,305 [2a93f7e5-ecb9-41da-9c47-70e13ba76d7d@group-A9EE991D717F-LeaderElection371] INFO  impl.RaftServerImpl (RaftServerImpl.java:setRole(184)) - 2a93f7e5-ecb9-41da-9c47-70e13ba76d7d@group-A9EE991D717F: changes role from CANDIDATE to FOLLOWER at term 402 for DISCOVERED_A_NEW_TERM
2019-10-17 07:43:59,305 [2a93f7e5-ecb9-41da-9c47-70e13ba76d7d@group-A9EE991D717F-LeaderElection371] INFO  impl.RoleInfo (RoleInfo.java:shutdownLeaderElection(134)) - 2a93f7e5-ecb9-41da-9c47-70e13ba76d7d: shutdown LeaderElection
2019-10-17 07:43:59,305 [2a93f7e5-ecb9-41da-9c47-70e13ba76d7d@group-A9EE991D717F-LeaderElection371] INFO  impl.RoleInfo (RoleInfo.java:updateAndGet(143)) - 2a93f7e5-ecb9-41da-9c47-70e13ba76d7d: start FollowerState
2019-10-17 07:43:59,488 [Thread-2873] INFO  impl.FollowerState (FollowerState.java:run(108)) - 2a93f7e5-ecb9-41da-9c47-70e13ba76d7d@group-A9EE991D717F-FollowerState: change to CANDIDATE, lastRpcTime:182ms, electionTimeout:182ms
2019-10-17 07:43:59,488 [Thread-2873] INFO  impl.RoleInfo (RoleInfo.java:shutdownFollowerState(121)) - 2a93f7e5-ecb9-41da-9c47-70e13ba76d7d: shutdown FollowerState
2019-10-17 07:43:59,488 [Thread-2873] INFO  impl.RaftServerImpl (RaftServerImpl.java:setRole(184)) - 2a93f7e5-ecb9-41da-9c47-70e13ba76d7d@group-A9EE991D717F: changes role from  FOLLOWER to CANDIDATE at term 402 for changeToCandidate
2019-10-17 07:43:59,488 [Thread-2873] INFO  impl.RoleInfo (RoleInfo.java:updateAndGet(143)) - 2a93f7e5-ecb9-41da-9c47-70e13ba76d7d: start LeaderElection
2019-10-17 07:43:59,521 [2a93f7e5-ecb9-41da-9c47-70e13ba76d7d@group-A9EE991D717F-LeaderElection372] INFO  impl.LeaderElection (LeaderElection.java:askForVotes(178)) - 2a93f7e5-ecb9-41da-9c47-70e13ba76d7d@group-A9EE991D717F-LeaderElection372: begin an election at term 403 for 0: [37bd8e8c-ea68-4b1c-8659-8d001c4f3b5c:192.168.34.62:41632, 24020d0b-ce61-4f5a-b0b0-c561541e8cd4:192.168.34.62:42892, 2a93f7e5-ecb9-41da-9c47-70e13ba76d7d:192.168.34.62:35412], old=null
2019-10-17 07:43:59,524 [grpc-default-executor-1] INFO  impl.RaftServerImpl (RaftServerImpl.java:setRole(184)) - 37bd8e8c-ea68-4b1c-8659-8d001c4f3b5c@group-A9EE991D717F: changes role from  FOLLOWER to FOLLOWER at term 403 for recognizeCandidate:2a93f7e5-ecb9-41da-9c47-70e13ba76d7d
2019-10-17 07:43:59,524 [grpc-default-executor-1] INFO  impl.RoleInfo (RoleInfo.java:shutdownFollowerState(121)) - 37bd8e8c-ea68-4b1c-8659-8d001c4f3b5c: shutdown FollowerState
2019-10-17 07:43:59,524 [grpc-default-executor-0] INFO  impl.RaftServerImpl (RaftServerImpl.java:setRole(184)) - 24020d0b-ce61-4f5a-b0b0-c561541e8cd4@group-A9EE991D717F: changes role from  FOLLOWER to FOLLOWER at term 403 for recognizeCandidate:2a93f7e5-ecb9-41da-9c47-70e13ba76d7d
2019-10-17 07:43:59,524 [Thread-2871] INFO  impl.FollowerState (FollowerState.java:run(117)) - 37bd8e8c-ea68-4b1c-8659-8d001c4f3b5c@group-A9EE991D717F-FollowerState was interrupted: java.lang.InterruptedException: sleep interrupted
2019-10-17 07:43:59,524 [grpc-default-executor-1] INFO  impl.RoleInfo (RoleInfo.java:updateAndGet(143)) - 37bd8e8c-ea68-4b1c-8659-8d001c4f3b5c: start FollowerState
2019-10-17 07:43:59,524 [grpc-default-executor-0] INFO  impl.RoleInfo (RoleInfo.java:shutdownFollowerState(121)) - 24020d0b-ce61-4f5a-b0b0-c561541e8cd4: shutdown FollowerState
2019-10-17 07:43:59,525 [grpc-default-executor-0] INFO  impl.RoleInfo (RoleInfo.java:updateAndGet(143)) - 24020d0b-ce61-4f5a-b0b0-c561541e8cd4: start FollowerState
2019-10-17 07:43:59,525 [Thread-2872] INFO  impl.FollowerState (FollowerState.java:run(117)) - 24020d0b-ce61-4f5a-b0b0-c561541e8cd4@group-A9EE991D717F-FollowerState was interrupted: java.lang.InterruptedException: sleep interrupted
2019-10-17 07:43:59,547 [2a93f7e5-ecb9-41da-9c47-70e13ba76d7d@group-A9EE991D717F-LeaderElection372] INFO  impl.LeaderElection (LeaderElection.java:logAndReturn(56)) - 2a93f7e5-ecb9-41da-9c47-70e13ba76d7d@group-A9EE991D717F-LeaderElection372: Election REJECTED; received 2 response(s) [2a93f7e5-ecb9-41da-9c47-70e13ba76d7d<-37bd8e8c-ea68-4b1c-8659-8d001c4f3b5c#0:FAIL-t403, 2a93f7e5-ecb9-41da-9c47-70e13ba76d7d<-24020d0b-ce61-4f5a-b0b0-c561541e8cd4#0:FAIL-t403] and 0 exception(s); 2a93f7e5-ecb9-41da-9c47-70e13ba76d7d@group-A9EE991D717F:t403, leader=null, voted=2a93f7e5-ecb9-41da-9c47-70e13ba76d7d, raftlog=2a93f7e5-ecb9-41da-9c47-70e13ba76d7d@group-A9EE991D717F-SegmentedRaftLog:OPENED:c-1,f0,i0, conf=0: [37bd8e8c-ea68-4b1c-8659-8d001c4f3b5c:192.168.34.62:41632, 24020d0b-ce61-4f5a-b0b0-c561541e8cd4:192.168.34.62:42892, 2a93f7e5-ecb9-41da-9c47-70e13ba76d7d:192.168.34.62:35412], old=null
2019-10-17 07:43:59,547 [2a93f7e5-ecb9-41da-9c47-70e13ba76d7d@group-A9EE991D717F-LeaderElection372] INFO  impl.RaftServerImpl (RaftServerImpl.java:setRole(184)) - 2a93f7e5-ecb9-41da-9c47-70e13ba76d7d@group-A9EE991D717F: changes role from CANDIDATE to FOLLOWER at term 403 for DISCOVERED_A_NEW_TERM
2019-10-17 07:43:59,548 [2a93f7e5-ecb9-41da-9c47-70e13ba76d7d@group-A9EE991D717F-LeaderElection372] INFO  impl.RoleInfo (RoleInfo.java:shutdownLeaderElection(134)) - 2a93f7e5-ecb9-41da-9c47-70e13ba76d7d: shutdown LeaderElection
2019-10-17 07:43:59,548 [2a93f7e5-ecb9-41da-9c47-70e13ba76d7d@group-A9EE991D717F-LeaderElection372] INFO  impl.RoleInfo (RoleInfo.java:updateAndGet(143)) - 2a93f7e5-ecb9-41da-9c47-70e13ba76d7d: start FollowerState
2019-10-17 07:43:59,569 [Thread-2879] INFO  impl.FollowerState (FollowerState.java:run(108)) - 2a93f7e5-ecb9-41da-9c47-70e13ba76d7d@group-A9EE991D717F-FollowerState: change to CANDIDATE, lastRpcTime:21ms, electionTimeout:21ms
2019-10-17 07:43:59,569 [Thread-2879] INFO  impl.RoleInfo (RoleInfo.java:shutdownFollowerState(121)) - 2a93f7e5-ecb9-41da-9c47-70e13ba76d7d: shutdown FollowerState
2019-10-17 07:43:59,569 [Thread-2879] INFO  impl.RaftServerImpl (RaftServerImpl.java:setRole(184)) - 2a93f7e5-ecb9-41da-9c47-70e13ba76d7d@group-A9EE991D717F: changes role from  FOLLOWER to CANDIDATE at term 403 for changeToCandidate
2019-10-17 07:43:59,570 [Thread-2879] INFO  impl.RoleInfo (RoleInfo.java:updateAndGet(143)) - 2a93f7e5-ecb9-41da-9c47-70e13ba76d7d: start LeaderElection
2019-10-17 07:43:59,597 [2a93f7e5-ecb9-41da-9c47-70e13ba76d7d@group-A9EE991D717F-LeaderElection373] INFO  impl.LeaderElection (LeaderElection.java:askForVotes(178)) - 2a93f7e5-ecb9-41da-9c47-70e13ba76d7d@group-A9EE991D717F-LeaderElection373: begin an election at term 404 for 0: [37bd8e8c-ea68-4b1c-8659-8d001c4f3b5c:192.168.34.62:41632, 24020d0b-ce61-4f5a-b0b0-c561541e8cd4:192.168.34.62:42892, 2a93f7e5-ecb9-41da-9c47-70e13ba76d7d:192.168.34.62:35412], old=null
2019-10-17 07:43:59,599 [grpc-default-executor-0] INFO  impl.RaftServerImpl (RaftServerImpl.java:setRole(184)) - 37bd8e8c-ea68-4b1c-8659-8d001c4f3b5c@group-A9EE991D717F: changes role from  FOLLOWER to FOLLOWER at term 404 for recognizeCandidate:2a93f7e5-ecb9-41da-9c47-70e13ba76d7d
2019-10-17 07:43:59,599 [grpc-default-executor-0] INFO  impl.RoleInfo (RoleInfo.java:shutdownFollowerState(121)) - 37bd8e8c-ea68-4b1c-8659-8d001c4f3b5c: shutdown FollowerState
2019-10-17 07:43:59,599 [grpc-default-executor-1] INFO  impl.RaftServerImpl (RaftServerImpl.java:setRole(184)) - 24020d0b-ce61-4f5a-b0b0-c561541e8cd4@group-A9EE991D717F: changes role from  FOLLOWER to FOLLOWER at term 404 for recognizeCandidate:2a93f7e5-ecb9-41da-9c47-70e13ba76d7d
2019-10-17 07:43:59,599 [grpc-default-executor-1] INFO  impl.RoleInfo (RoleInfo.java:shutdownFollowerState(121)) - 24020d0b-ce61-4f5a-b0b0-c561541e8cd4: shutdown FollowerState
2019-10-17 07:43:59,599 [Thread-2877] INFO  impl.FollowerState (FollowerState.java:run(117)) - 37bd8e8c-ea68-4b1c-8659-8d001c4f3b5c@group-A9EE991D717F-FollowerState was interrupted: java.lang.InterruptedException: sleep interrupted
2019-10-17 07:43:59,600 [Thread-2878] INFO  impl.FollowerState (FollowerState.java:run(117)) - 24020d0b-ce61-4f5a-b0b0-c561541e8cd4@group-A9EE991D717F-FollowerState was interrupted: java.lang.InterruptedException: sleep interrupted
2019-10-17 07:43:59,599 [grpc-default-executor-0] INFO  impl.RoleInfo (RoleInfo.java:updateAndGet(143)) - 37bd8e8c-ea68-4b1c-8659-8d001c4f3b5c: start FollowerState
2019-10-17 07:43:59,600 [grpc-default-executor-1] INFO  impl.RoleInfo (RoleInfo.java:updateAndGet(143)) - 24020d0b-ce61-4f5a-b0b0-c561541e8cd4: start FollowerState
2019-10-17 07:43:59,623 [2a93f7e5-ecb9-41da-9c47-70e13ba76d7d@group-A9EE991D717F-LeaderElection373] INFO  impl.LeaderElection (LeaderElection.java:logAndReturn(56)) - 2a93f7e5-ecb9-41da-9c47-70e13ba76d7d@group-A9EE991D717F-LeaderElection373: Election REJECTED; received 2 response(s) [2a93f7e5-ecb9-41da-9c47-70e13ba76d7d<-37bd8e8c-ea68-4b1c-8659-8d001c4f3b5c#0:FAIL-t404, 2a93f7e5-ecb9-41da-9c47-70e13ba76d7d<-24020d0b-ce61-4f5a-b0b0-c561541e8cd4#0:FAIL-t404] and 0 exception(s); 2a93f7e5-ecb9-41da-9c47-70e13ba76d7d@group-A9EE991D717F:t404, leader=null, voted=2a93f7e5-ecb9-41da-9c47-70e13ba76d7d, raftlog=2a93f7e5-ecb9-41da-9c47-70e13ba76d7d@group-A9EE991D717F-SegmentedRaftLog:OPENED:c-1,f0,i0, conf=0: [37bd8e8c-ea68-4b1c-8659-8d001c4f3b5c:192.168.34.62:41632, 24020d0b-ce61-4f5a-b0b0-c561541e8cd4:192.168.34.62:42892, 2a93f7e5-ecb9-41da-9c47-70e13ba76d7d:192.168.34.62:35412], old=null
2019-10-17 07:43:59,623 [2a93f7e5-ecb9-41da-9c47-70e13ba76d7d@group-A9EE991D717F-LeaderElection373] INFO  impl.RaftServerImpl (RaftServerImpl.java:setRole(184)) - 2a93f7e5-ecb9-41da-9c47-70e13ba76d7d@group-A9EE991D717F: changes role from CANDIDATE to FOLLOWER at term 404 for DISCOVERED_A_NEW_TERM
2019-10-17 07:43:59,623 [2a93f7e5-ecb9-41da-9c47-70e13ba76d7d@group-A9EE991D717F-LeaderElection373] INFO  impl.RoleInfo (RoleInfo.java:shutdownLeaderElection(134)) - 2a93f7e5-ecb9-41da-9c47-70e13ba76d7d: shutdown LeaderElection
2019-10-17 07:43:59,624 [2a93f7e5-ecb9-41da-9c47-70e13ba76d7d@group-A9EE991D717F-LeaderElection373] INFO  impl.RoleInfo (RoleInfo.java:updateAndGet(143)) - 2a93f7e5-ecb9-41da-9c47-70e13ba76d7d: start FollowerState
2019-10-17 07:43:59,659 [Thread-2885] INFO  impl.FollowerState (FollowerState.java:run(108)) - 2a93f7e5-ecb9-41da-9c47-70e13ba76d7d@group-A9EE991D717F-FollowerState: change to CANDIDATE, lastRpcTime:35ms, electionTimeout:35ms
2019-10-17 07:43:59,659 [Thread-2885] INFO  impl.RoleInfo (RoleInfo.java:shutdownFollowerState(121)) - 2a93f7e5-ecb9-41da-9c47-70e13ba76d7d: shutdown FollowerState
2019-10-17 07:43:59,659 [Thread-2885] INFO  impl.RaftServerImpl (RaftServerImpl.java:setRole(184)) - 2a93f7e5-ecb9-41da-9c47-70e13ba76d7d@group-A9EE991D717F: changes role from  FOLLOWER to CANDIDATE at term 404 for changeToCandidate
2019-10-17 07:43:59,660 [Thread-2885] INFO  impl.RoleInfo (RoleInfo.java:updateAndGet(143)) - 2a93f7e5-ecb9-41da-9c47-70e13ba76d7d: start LeaderElection
2019-10-17 07:43:59,689 [2a93f7e5-ecb9-41da-9c47-70e13ba76d7d@group-A9EE991D717F-LeaderElection374] INFO  impl.LeaderElection (LeaderElection.java:askForVotes(178)) - 2a93f7e5-ecb9-41da-9c47-70e13ba76d7d@group-A9EE991D717F-LeaderElection374: begin an election at term 405 for 0: [37bd8e8c-ea68-4b1c-8659-8d001c4f3b5c:192.168.34.62:41632, 24020d0b-ce61-4f5a-b0b0-c561541e8cd4:192.168.34.62:42892, 2a93f7e5-ecb9-41da-9c47-70e13ba76d7d:192.168.34.62:35412], old=null
2019-10-17 07:43:59,691 [grpc-default-executor-0] INFO  impl.RaftServerImpl (RaftServerImpl.java:setRole(184)) - 37bd8e8c-ea68-4b1c-8659-8d001c4f3b5c@group-A9EE991D717F: changes role from  FOLLOWER to FOLLOWER at term 405 for recognizeCandidate:2a93f7e5-ecb9-41da-9c47-70e13ba76d7d
2019-10-17 07:43:59,691 [grpc-default-executor-1] INFO  impl.RaftServerImpl (RaftServerImpl.java:setRole(184)) - 24020d0b-ce61-4f5a-b0b0-c561541e8cd4@group-A9EE991D717F: changes role from  FOLLOWER to FOLLOWER at term 405 for recognizeCandidate:2a93f7e5-ecb9-41da-9c47-70e13ba76d7d
2019-10-17 07:43:59,692 [grpc-default-executor-1] INFO  impl.RoleInfo (RoleInfo.java:shutdownFollowerState(121)) - 24020d0b-ce61-4f5a-b0b0-c561541e8cd4: shutdown FollowerState
2019-10-17 07:43:59,692 [grpc-default-executor-0] INFO  impl.RoleInfo (RoleInfo.java:shutdownFollowerState(121)) - 37bd8e8c-ea68-4b1c-8659-8d001c4f3b5c: shutdown FollowerState
2019-10-17 07:43:59,692 [grpc-default-executor-0] INFO  impl.RoleInfo (RoleInfo.java:updateAndGet(143)) - 37bd8e8c-ea68-4b1c-8659-8d001c4f3b5c: start FollowerState
2019-10-17 07:43:59,692 [Thread-2884] INFO  impl.FollowerState (FollowerState.java:run(117)) - 24020d0b-ce61-4f5a-b0b0-c561541e8cd4@group-A9EE991D717F-FollowerState was interrupted: java.lang.InterruptedException: sleep interrupted
2019-10-17 07:43:59,692 [grpc-default-executor-1] INFO  impl.RoleInfo (RoleInfo.java:updateAndGet(143)) - 24020d0b-ce61-4f5a-b0b0-c561541e8cd4: start FollowerState
2019-10-17 07:43:59,692 [Thread-2883] INFO  impl.FollowerState (FollowerState.java:run(117)) - 37bd8e8c-ea68-4b1c-8659-8d001c4f3b5c@group-A9EE991D717F-FollowerState was interrupted: java.lang.InterruptedException: sleep interrupted
2019-10-17 07:43:59,707 [2a93f7e5-ecb9-41da-9c47-70e13ba76d7d@group-A9EE991D717F-LeaderElection374] INFO  impl.LeaderElection (LeaderElection.java:logAndReturn(56)) - 2a93f7e5-ecb9-41da-9c47-70e13ba76d7d@group-A9EE991D717F-LeaderElection374: Election REJECTED; received 2 response(s) [2a93f7e5-ecb9-41da-9c47-70e13ba76d7d<-37bd8e8c-ea68-4b1c-8659-8d001c4f3b5c#0:FAIL-t405, 2a93f7e5-ecb9-41da-9c47-70e13ba76d7d<-24020d0b-ce61-4f5a-b0b0-c561541e8cd4#0:FAIL-t405] and 0 exception(s); 2a93f7e5-ecb9-41da-9c47-70e13ba76d7d@group-A9EE991D717F:t405, leader=null, voted=2a93f7e5-ecb9-41da-9c47-70e13ba76d7d, raftlog=2a93f7e5-ecb9-41da-9c47-70e13ba76d7d@group-A9EE991D717F-SegmentedRaftLog:OPENED:c-1,f0,i0, conf=0: [37bd8e8c-ea68-4b1c-8659-8d001c4f3b5c:192.168.34.62:41632, 24020d0b-ce61-4f5a-b0b0-c561541e8cd4:192.168.34.62:42892, 2a93f7e5-ecb9-41da-9c47-70e13ba76d7d:192.168.34.62:35412], old=null
2019-10-17 07:43:59,708 [2a93f7e5-ecb9-41da-9c47-70e13ba76d7d@group-A9EE991D717F-LeaderElection374] INFO  impl.RaftServerImpl (RaftServerImpl.java:setRole(184)) - 2a93f7e5-ecb9-41da-9c47-70e13ba76d7d@group-A9EE991D717F: changes role from CANDIDATE to FOLLOWER at term 405 for DISCOVERED_A_NEW_TERM
2019-10-17 07:43:59,708 [2a93f7e5-ecb9-41da-9c47-70e13ba76d7d@group-A9EE991D717F-LeaderElection374] INFO  impl.RoleInfo (RoleInfo.java:shutdownLeaderElection(134)) - 2a93f7e5-ecb9-41da-9c47-70e13ba76d7d: shutdown LeaderElection
2019-10-17 07:43:59,708 [2a93f7e5-ecb9-41da-9c47-70e13ba76d7d@group-A9EE991D717F-LeaderElection374] INFO  impl.RoleInfo (RoleInfo.java:updateAndGet(143)) - 2a93f7e5-ecb9-41da-9c47-70e13ba76d7d: start FollowerState
2019-10-17 07:43:59,744 [Thread-2891] INFO  impl.FollowerState (FollowerState.java:run(108)) - 2a93f7e5-ecb9-41da-9c47-70e13ba76d7d@group-A9EE991D717F-FollowerState: change to CANDIDATE, lastRpcTime:36ms, electionTimeout:36ms
2019-10-17 07:43:59,744 [Thread-2891] INFO  impl.RoleInfo (RoleInfo.java:shutdownFollowerState(121)) - 2a93f7e5-ecb9-41da-9c47-70e13ba76d7d: shutdown FollowerState
2019-10-17 07:43:59,744 [Thread-2891] INFO  impl.RaftServerImpl (RaftServerImpl.java:setRole(184)) - 2a93f7e5-ecb9-41da-9c47-70e13ba76d7d@group-A9EE991D717F: changes role from  FOLLOWER to CANDIDATE at term 405 for changeToCandidate
2019-10-17 07:43:59,744 [Thread-2891] INFO  impl.RoleInfo (RoleInfo.java:updateAndGet(143)) - 2a93f7e5-ecb9-41da-9c47-70e13ba76d7d: start LeaderElection
2019-10-17 07:43:59,769 [2a93f7e5-ecb9-41da-9c47-70e13ba76d7d@group-A9EE991D717F-LeaderElection375] INFO  impl.LeaderElection (LeaderElection.java:askForVotes(178)) - 2a93f7e5-ecb9-41da-9c47-70e13ba76d7d@group-A9EE991D717F-LeaderElection375: begin an election at term 406 for 0: [37bd8e8c-ea68-4b1c-8659-8d001c4f3b5c:192.168.34.62:41632, 24020d0b-ce61-4f5a-b0b0-c561541e8cd4:192.168.34.62:42892, 2a93f7e5-ecb9-41da-9c47-70e13ba76d7d:192.168.34.62:35412], old=null
2019-10-17 07:43:59,770 [grpc-default-executor-0] INFO  impl.RaftServerImpl (RaftServerImpl.java:setRole(184)) - 37bd8e8c-ea68-4b1c-8659-8d001c4f3b5c@group-A9EE991D717F: changes role from  FOLLOWER to FOLLOWER at term 406 for recognizeCandidate:2a93f7e5-ecb9-41da-9c47-70e13ba76d7d
2019-10-17 07:43:59,771 [grpc-default-executor-0] INFO  impl.RoleInfo (RoleInfo.java:shutdownFollowerState(121)) - 37bd8e8c-ea68-4b1c-8659-8d001c4f3b5c: shutdown FollowerState
2019-10-17 07:43:59,771 [grpc-default-executor-0] INFO  impl.RoleInfo (RoleInfo.java:updateAndGet(143)) - 37bd8e8c-ea68-4b1c-8659-8d001c4f3b5c: start FollowerState
2019-10-17 07:43:59,771 [grpc-default-executor-1] INFO  impl.RaftServerImpl (RaftServerImpl.java:setRole(184)) - 24020d0b-ce61-4f5a-b0b0-c561541e8cd4@group-A9EE991D717F: changes role from  FOLLOWER to FOLLOWER at term 406 for recognizeCandidate:2a93f7e5-ecb9-41da-9c47-70e13ba76d7d
2019-10-17 07:43:59,771 [grpc-default-executor-1] INFO  impl.RoleInfo (RoleInfo.java:shutdownFollowerState(121)) - 24020d0b-ce61-4f5a-b0b0-c561541e8cd4: shutdown FollowerState
2019-10-17 07:43:59,771 [Thread-2890] INFO  impl.FollowerState (FollowerState.java:run(117)) - 37bd8e8c-ea68-4b1c-8659-8d001c4f3b5c@group-A9EE991D717F-FollowerState was interrupted: java.lang.InterruptedException: sleep interrupted
2019-10-17 07:43:59,771 [Thread-2889] INFO  impl.FollowerState (FollowerState.java:run(117)) - 24020d0b-ce61-4f5a-b0b0-c561541e8cd4@group-A9EE991D717F-FollowerState was interrupted: java.lang.InterruptedException: sleep interrupted
2019-10-17 07:43:59,771 [grpc-default-executor-1] INFO  impl.RoleInfo (RoleInfo.java:updateAndGet(143)) - 24020d0b-ce61-4f5a-b0b0-c561541e8cd4: start FollowerState
2019-10-17 07:43:59,787 [2a93f7e5-ecb9-41da-9c47-70e13ba76d7d@group-A9EE991D717F-LeaderElection375] INFO  impl.LeaderElection (LeaderElection.java:logAndReturn(56)) - 2a93f7e5-ecb9-41da-9c47-70e13ba76d7d@group-A9EE991D717F-LeaderElection375: Election REJECTED; received 2 response(s) [2a93f7e5-ecb9-41da-9c47-70e13ba76d7d<-37bd8e8c-ea68-4b1c-8659-8d001c4f3b5c#0:FAIL-t406, 2a93f7e5-ecb9-41da-9c47-70e13ba76d7d<-24020d0b-ce61-4f5a-b0b0-c561541e8cd4#0:FAIL-t406] and 0 exception(s); 2a93f7e5-ecb9-41da-9c47-70e13ba76d7d@group-A9EE991D717F:t406, leader=null, voted=2a93f7e5-ecb9-41da-9c47-70e13ba76d7d, raftlog=2a93f7e5-ecb9-41da-9c47-70e13ba76d7d@group-A9EE991D717F-SegmentedRaftLog:OPENED:c-1,f0,i0, conf=0: [37bd8e8c-ea68-4b1c-8659-8d001c4f3b5c:192.168.34.62:41632, 24020d0b-ce61-4f5a-b0b0-c561541e8cd4:192.168.34.62:42892, 2a93f7e5-ecb9-41da-9c47-70e13ba76d7d:192.168.34.62:35412], old=null
2019-10-17 07:43:59,787 [2a93f7e5-ecb9-41da-9c47-70e13ba76d7d@group-A9EE991D717F-LeaderElection375] INFO  impl.RaftServerImpl (RaftServerImpl.java:setRole(184)) - 2a93f7e5-ecb9-41da-9c47-70e13ba76d7d@group-A9EE991D717F: changes role from CANDIDATE to FOLLOWER at term 406 for DISCOVERED_A_NEW_TERM
2019-10-17 07:43:59,787 [2a93f7e5-ecb9-41da-9c47-70e13ba76d7d@group-A9EE991D717F-LeaderElection375] INFO  impl.RoleInfo (RoleInfo.java:shutdownLeaderElection(134)) - 2a93f7e5-ecb9-41da-9c47-70e13ba76d7d: shutdown LeaderElection
2019-10-17 07:43:59,787 [2a93f7e5-ecb9-41da-9c47-70e13ba76d7d@group-A9EE991D717F-LeaderElection375] INFO  impl.RoleInfo (RoleInfo.java:updateAndGet(143)) - 2a93f7e5-ecb9-41da-9c47-70e13ba76d7d: start FollowerState
2019-10-17 07:43:59,791 [Thread-2897] INFO  impl.FollowerState (FollowerState.java:run(108)) - 2a93f7e5-ecb9-41da-9c47-70e13ba76d7d@group-A9EE991D717F-FollowerState: change to CANDIDATE, lastRpcTime:3ms, electionTimeout:3ms
2019-10-17 07:43:59,791 [Thread-2897] INFO  impl.RoleInfo (RoleInfo.java:shutdownFollowerState(121)) - 2a93f7e5-ecb9-41da-9c47-70e13ba76d7d: shutdown FollowerState
2019-10-17 07:43:59,791 [Thread-2897] INFO  impl.RaftServerImpl (RaftServerImpl.java:setRole(184)) - 2a93f7e5-ecb9-41da-9c47-70e13ba76d7d@group-A9EE991D717F: changes role from  FOLLOWER to CANDIDATE at term 406 for changeToCandidate
2019-10-17 07:43:59,791 [Thread-2897] INFO  impl.RoleInfo (RoleInfo.java:updateAndGet(143)) - 2a93f7e5-ecb9-41da-9c47-70e13ba76d7d: start LeaderElection
2019-10-17 07:43:59,815 [2a93f7e5-ecb9-41da-9c47-70e13ba76d7d@group-A9EE991D717F-LeaderElection376] INFO  impl.LeaderElection (LeaderElection.java:askForVotes(178)) - 2a93f7e5-ecb9-41da-9c47-70e13ba76d7d@group-A9EE991D717F-LeaderElection376: begin an election at term 407 for 0: [37bd8e8c-ea68-4b1c-8659-8d001c4f3b5c:192.168.34.62:41632, 24020d0b-ce61-4f5a-b0b0-c561541e8cd4:192.168.34.62:42892, 2a93f7e5-ecb9-41da-9c47-70e13ba76d7d:192.168.34.62:35412], old=null
2019-10-17 07:43:59,816 [grpc-default-executor-0] INFO  impl.RaftServerImpl (RaftServerImpl.java:setRole(184)) - 37bd8e8c-ea68-4b1c-8659-8d001c4f3b5c@group-A9EE991D717F: changes role from  FOLLOWER to FOLLOWER at term 407 for recognizeCandidate:2a93f7e5-ecb9-41da-9c47-70e13ba76d7d
2019-10-17 07:43:59,816 [grpc-default-executor-0] INFO  impl.RoleInfo (RoleInfo.java:shutdownFollowerState(121)) - 37bd8e8c-ea68-4b1c-8659-8d001c4f3b5c: shutdown FollowerState
2019-10-17 07:43:59,817 [grpc-default-executor-1] INFO  impl.RaftServerImpl (RaftServerImpl.java:setRole(184)) - 24020d0b-ce61-4f5a-b0b0-c561541e8cd4@group-A9EE991D717F: changes role from  FOLLOWER to FOLLOWER at term 407 for recognizeCandidate:2a93f7e5-ecb9-41da-9c47-70e13ba76d7d
2019-10-17 07:43:59,817 [grpc-default-executor-1] INFO  impl.RoleInfo (RoleInfo.java:shutdownFollowerState(121)) - 24020d0b-ce61-4f5a-b0b0-c561541e8cd4: shutdown FollowerState
2019-10-17 07:43:59,817 [Thread-2895] INFO  impl.FollowerState (FollowerState.java:run(117)) - 37bd8e8c-ea68-4b1c-8659-8d001c4f3b5c@group-A9EE991D717F-FollowerState was interrupted: java.lang.InterruptedException: sleep interrupted
2019-10-17 07:43:59,817 [Thread-2896] INFO  impl.FollowerState (FollowerState.java:run(117)) - 24020d0b-ce61-4f5a-b0b0-c561541e8cd4@group-A9EE991D717F-FollowerState was interrupted: java.lang.InterruptedException: sleep interrupted
2019-10-17 07:43:59,817 [grpc-default-executor-0] INFO  impl.RoleInfo (RoleInfo.java:updateAndGet(143)) - 37bd8e8c-ea68-4b1c-8659-8d001c4f3b5c: start FollowerState
2019-10-17 07:43:59,817 [grpc-default-executor-1] INFO  impl.RoleInfo (RoleInfo.java:updateAndGet(143)) - 24020d0b-ce61-4f5a-b0b0-c561541e8cd4: start FollowerState
2019-10-17 07:43:59,842 [2a93f7e5-ecb9-41da-9c47-70e13ba76d7d@group-A9EE991D717F-LeaderElection376] INFO  impl.LeaderElection (LeaderElection.java:logAndReturn(56)) - 2a93f7e5-ecb9-41da-9c47-70e13ba76d7d@group-A9EE991D717F-LeaderElection376: Election REJECTED; received 2 response(s) [2a93f7e5-ecb9-41da-9c47-70e13ba76d7d<-37bd8e8c-ea68-4b1c-8659-8d001c4f3b5c#0:FAIL-t407, 2a93f7e5-ecb9-41da-9c47-70e13ba76d7d<-24020d0b-ce61-4f5a-b0b0-c561541e8cd4#0:FAIL-t407] and 0 exception(s); 2a93f7e5-ecb9-41da-9c47-70e13ba76d7d@group-A9EE991D717F:t407, leader=null, voted=2a93f7e5-ecb9-41da-9c47-70e13ba76d7d, raftlog=2a93f7e5-ecb9-41da-9c47-70e13ba76d7d@group-A9EE991D717F-SegmentedRaftLog:OPENED:c-1,f0,i0, conf=0: [37bd8e8c-ea68-4b1c-8659-8d001c4f3b5c:192.168.34.62:41632, 24020d0b-ce61-4f5a-b0b0-c561541e8cd4:192.168.34.62:42892, 2a93f7e5-ecb9-41da-9c47-70e13ba76d7d:192.168.34.62:35412], old=null
2019-10-17 07:43:59,842 [2a93f7e5-ecb9-41da-9c47-70e13ba76d7d@group-A9EE991D717F-LeaderElection376] INFO  impl.RaftServerImpl (RaftServerImpl.java:setRole(184)) - 2a93f7e5-ecb9-41da-9c47-70e13ba76d7d@group-A9EE991D717F: changes role from CANDIDATE to FOLLOWER at term 407 for DISCOVERED_A_NEW_TERM
2019-10-17 07:43:59,842 [2a93f7e5-ecb9-41da-9c47-70e13ba76d7d@group-A9EE991D717F-LeaderElection376] INFO  impl.RoleInfo (RoleInfo.java:shutdownLeaderElection(134)) - 2a93f7e5-ecb9-41da-9c47-70e13ba76d7d: shutdown LeaderElection
2019-10-17 07:43:59,843 [2a93f7e5-ecb9-41da-9c47-70e13ba76d7d@group-A9EE991D717F-LeaderElection376] INFO  impl.RoleInfo (RoleInfo.java:updateAndGet(143)) - 2a93f7e5-ecb9-41da-9c47-70e13ba76d7d: start FollowerState
2019-10-17 07:44:00,024 [Thread-2903] INFO  impl.FollowerState (FollowerState.java:run(108)) - 2a93f7e5-ecb9-41da-9c47-70e13ba76d7d@group-A9EE991D717F-FollowerState: change to CANDIDATE, lastRpcTime:181ms, electionTimeout:181ms
2019-10-17 07:44:00,024 [Thread-2903] INFO  impl.RoleInfo (RoleInfo.java:shutdownFollowerState(121)) - 2a93f7e5-ecb9-41da-9c47-70e13ba76d7d: shutdown FollowerState
2019-10-17 07:44:00,024 [Thread-2903] INFO  impl.RaftServerImpl (RaftServerImpl.java:setRole(184)) - 2a93f7e5-ecb9-41da-9c47-70e13ba76d7d@group-A9EE991D717F: changes role from  FOLLOWER to CANDIDATE at term 407 for changeToCandidate
2019-10-17 07:44:00,025 [Thread-2903] INFO  impl.RoleInfo (RoleInfo.java:updateAndGet(143)) - 2a93f7e5-ecb9-41da-9c47-70e13ba76d7d: start LeaderElection
2019-10-17 07:44:00,049 [2a93f7e5-ecb9-41da-9c47-70e13ba76d7d@group-A9EE991D717F-LeaderElection377] INFO  impl.LeaderElection (LeaderElection.java:askForVotes(178)) - 2a93f7e5-ecb9-41da-9c47-70e13ba76d7d@group-A9EE991D717F-LeaderElection377: begin an election at term 408 for 0: [37bd8e8c-ea68-4b1c-8659-8d001c4f3b5c:192.168.34.62:41632, 24020d0b-ce61-4f5a-b0b0-c561541e8cd4:192.168.34.62:42892, 2a93f7e5-ecb9-41da-9c47-70e13ba76d7d:192.168.34.62:35412], old=null
2019-10-17 07:44:00,051 [grpc-default-executor-0] INFO  impl.RaftServerImpl (RaftServerImpl.java:setRole(184)) - 24020d0b-ce61-4f5a-b0b0-c561541e8cd4@group-A9EE991D717F: changes role from  FOLLOWER to FOLLOWER at term 408 for recognizeCandidate:2a93f7e5-ecb9-41da-9c47-70e13ba76d7d
2019-10-17 07:44:00,051 [grpc-default-executor-0] INFO  impl.RoleInfo (RoleInfo.java:shutdownFollowerState(121)) - 24020d0b-ce61-4f5a-b0b0-c561541e8cd4: shutdown FollowerState
2019-10-17 07:44:00,051 [grpc-default-executor-1] INFO  impl.RaftServerImpl (RaftServerImpl.java:setRole(184)) - 37bd8e8c-ea68-4b1c-8659-8d001c4f3b5c@group-A9EE991D717F: changes role from  FOLLOWER to FOLLOWER at term 408 for recognizeCandidate:2a93f7e5-ecb9-41da-9c47-70e13ba76d7d
2019-10-17 07:44:00,051 [grpc-default-executor-1] INFO  impl.RoleInfo (RoleInfo.java:shutdownFollowerState(121)) - 37bd8e8c-ea68-4b1c-8659-8d001c4f3b5c: shutdown FollowerState
2019-10-17 07:44:00,051 [Thread-2902] INFO  impl.FollowerState (FollowerState.java:run(117)) - 24020d0b-ce61-4f5a-b0b0-c561541e8cd4@group-A9EE991D717F-FollowerState was interrupted: java.lang.InterruptedException: sleep interrupted
2019-10-17 07:44:00,052 [Thread-2901] INFO  impl.FollowerState (FollowerState.java:run(117)) - 37bd8e8c-ea68-4b1c-8659-8d001c4f3b5c@group-A9EE991D717F-FollowerState was interrupted: java.lang.InterruptedException: sleep interrupted
2019-10-17 07:44:00,051 [grpc-default-executor-0] INFO  impl.RoleInfo (RoleInfo.java:updateAndGet(143)) - 24020d0b-ce61-4f5a-b0b0-c561541e8cd4: start FollowerState
2019-10-17 07:44:00,051 [grpc-default-executor-1] INFO  impl.RoleInfo (RoleInfo.java:updateAndGet(143)) - 37bd8e8c-ea68-4b1c-8659-8d001c4f3b5c: start FollowerState
2019-10-17 07:44:00,076 [2a93f7e5-ecb9-41da-9c47-70e13ba76d7d@group-A9EE991D717F-LeaderElection377] INFO  impl.LeaderElection (LeaderElection.java:logAndReturn(56)) - 2a93f7e5-ecb9-41da-9c47-70e13ba76d7d@group-A9EE991D717F-LeaderElection377: Election REJECTED; received 2 response(s) [2a93f7e5-ecb9-41da-9c47-70e13ba76d7d<-37bd8e8c-ea68-4b1c-8659-8d001c4f3b5c#0:FAIL-t408, 2a93f7e5-ecb9-41da-9c47-70e13ba76d7d<-24020d0b-ce61-4f5a-b0b0-c561541e8cd4#0:FAIL-t408] and 0 exception(s); 2a93f7e5-ecb9-41da-9c47-70e13ba76d7d@group-A9EE991D717F:t408, leader=null, voted=2a93f7e5-ecb9-41da-9c47-70e13ba76d7d, raftlog=2a93f7e5-ecb9-41da-9c47-70e13ba76d7d@group-A9EE991D717F-SegmentedRaftLog:OPENED:c-1,f0,i0, conf=0: [37bd8e8c-ea68-4b1c-8659-8d001c4f3b5c:192.168.34.62:41632, 24020d0b-ce61-4f5a-b0b0-c561541e8cd4:192.168.34.62:42892, 2a93f7e5-ecb9-41da-9c47-70e13ba76d7d:192.168.34.62:35412], old=null
2019-10-17 07:44:00,076 [2a93f7e5-ecb9-41da-9c47-70e13ba76d7d@group-A9EE991D717F-LeaderElection377] INFO  impl.RaftServerImpl (RaftServerImpl.java:setRole(184)) - 2a93f7e5-ecb9-41da-9c47-70e13ba76d7d@group-A9EE991D717F: changes role from CANDIDATE to FOLLOWER at term 408 for DISCOVERED_A_NEW_TERM
2019-10-17 07:44:00,077 [2a93f7e5-ecb9-41da-9c47-70e13ba76d7d@group-A9EE991D717F-LeaderElection377] INFO  impl.RoleInfo (RoleInfo.java:shutdownLeaderElection(134)) - 2a93f7e5-ecb9-41da-9c47-70e13ba76d7d: shutdown LeaderElection
2019-10-17 07:44:00,077 [2a93f7e5-ecb9-41da-9c47-70e13ba76d7d@group-A9EE991D717F-LeaderElection377] INFO  impl.RoleInfo (RoleInfo.java:updateAndGet(143)) - 2a93f7e5-ecb9-41da-9c47-70e13ba76d7d: start FollowerState
2019-10-17 07:44:00,129 [Thread-2909] INFO  impl.FollowerState (FollowerState.java:run(108)) - 2a93f7e5-ecb9-41da-9c47-70e13ba76d7d@group-A9EE991D717F-FollowerState: change to CANDIDATE, lastRpcTime:52ms, electionTimeout:52ms
2019-10-17 07:44:00,129 [Thread-2909] INFO  impl.RoleInfo (RoleInfo.java:shutdownFollowerState(121)) - 2a93f7e5-ecb9-41da-9c47-70e13ba76d7d: shutdown FollowerState
2019-10-17 07:44:00,129 [Thread-2909] INFO  impl.RaftServerImpl (RaftServerImpl.java:setRole(184)) - 2a93f7e5-ecb9-41da-9c47-70e13ba76d7d@group-A9EE991D717F: changes role from  FOLLOWER to CANDIDATE at term 408 for changeToCandidate
2019-10-17 07:44:00,130 [Thread-2909] INFO  impl.RoleInfo (RoleInfo.java:updateAndGet(143)) - 2a93f7e5-ecb9-41da-9c47-70e13ba76d7d: start LeaderElection
2019-10-17 07:44:00,143 [2a93f7e5-ecb9-41da-9c47-70e13ba76d7d@group-A9EE991D717F-LeaderElection378] INFO  impl.LeaderElection (LeaderElection.java:askForVotes(178)) - 2a93f7e5-ecb9-41da-9c47-70e13ba76d7d@group-A9EE991D717F-LeaderElection378: begin an election at term 409 for 0: [37bd8e8c-ea68-4b1c-8659-8d001c4f3b5c:192.168.34.62:41632, 24020d0b-ce61-4f5a-b0b0-c561541e8cd4:192.168.34.62:42892, 2a93f7e5-ecb9-41da-9c47-70e13ba76d7d:192.168.34.62:35412], old=null
2019-10-17 07:44:00,144 [grpc-default-executor-1] INFO  impl.RaftServerImpl (RaftServerImpl.java:setRole(184)) - 37bd8e8c-ea68-4b1c-8659-8d001c4f3b5c@group-A9EE991D717F: changes role from  FOLLOWER to FOLLOWER at term 409 for recognizeCandidate:2a93f7e5-ecb9-41da-9c47-70e13ba76d7d
2019-10-17 07:44:00,145 [grpc-default-executor-1] INFO  impl.RoleInfo (RoleInfo.java:shutdownFollowerState(121)) - 37bd8e8c-ea68-4b1c-8659-8d001c4f3b5c: shutdown FollowerState
2019-10-17 07:44:00,145 [grpc-default-executor-0] INFO  impl.RaftServerImpl (RaftServerImpl.java:setRole(184)) - 24020d0b-ce61-4f5a-b0b0-c561541e8cd4@group-A9EE991D717F: changes role from  FOLLOWER to FOLLOWER at term 409 for recognizeCandidate:2a93f7e5-ecb9-41da-9c47-70e13ba76d7d
2019-10-17 07:44:00,145 [grpc-default-executor-0] INFO  impl.RoleInfo (RoleInfo.java:shutdownFollowerState(121)) - 24020d0b-ce61-4f5a-b0b0-c561541e8cd4: shutdown FollowerState
2019-10-17 07:44:00,145 [Thread-2908] INFO  impl.FollowerState (FollowerState.java:run(117)) - 37bd8e8c-ea68-4b1c-8659-8d001c4f3b5c@group-A9EE991D717F-FollowerState was interrupted: java.lang.InterruptedException: sleep interrupted
2019-10-17 07:44:00,145 [grpc-default-executor-1] INFO  impl.RoleInfo (RoleInfo.java:updateAndGet(143)) - 37bd8e8c-ea68-4b1c-8659-8d001c4f3b5c: start FollowerState
2019-10-17 07:44:00,145 [Thread-2907] INFO  impl.FollowerState (FollowerState.java:run(117)) - 24020d0b-ce61-4f5a-b0b0-c561541e8cd4@group-A9EE991D717F-FollowerState was interrupted: java.lang.InterruptedException: sleep interrupted
2019-10-17 07:44:00,145 [grpc-default-executor-0] INFO  impl.RoleInfo (RoleInfo.java:updateAndGet(143)) - 24020d0b-ce61-4f5a-b0b0-c561541e8cd4: start FollowerState
2019-10-17 07:44:00,170 [2a93f7e5-ecb9-41da-9c47-70e13ba76d7d@group-A9EE991D717F-LeaderElection378] INFO  impl.LeaderElection (LeaderElection.java:logAndReturn(56)) - 2a93f7e5-ecb9-41da-9c47-70e13ba76d7d@group-A9EE991D717F-LeaderElection378: Election REJECTED; received 2 response(s) [2a93f7e5-ecb9-41da-9c47-70e13ba76d7d<-37bd8e8c-ea68-4b1c-8659-8d001c4f3b5c#0:FAIL-t409, 2a93f7e5-ecb9-41da-9c47-70e13ba76d7d<-24020d0b-ce61-4f5a-b0b0-c561541e8cd4#0:FAIL-t409] and 0 exception(s); 2a93f7e5-ecb9-41da-9c47-70e13ba76d7d@group-A9EE991D717F:t409, leader=null, voted=2a93f7e5-ecb9-41da-9c47-70e13ba76d7d, raftlog=2a93f7e5-ecb9-41da-9c47-70e13ba76d7d@group-A9EE991D717F-SegmentedRaftLog:OPENED:c-1,f0,i0, conf=0: [37bd8e8c-ea68-4b1c-8659-8d001c4f3b5c:192.168.34.62:41632, 24020d0b-ce61-4f5a-b0b0-c561541e8cd4:192.168.34.62:42892, 2a93f7e5-ecb9-41da-9c47-70e13ba76d7d:192.168.34.62:35412], old=null
2019-10-17 07:44:00,170 [2a93f7e5-ecb9-41da-9c47-70e13ba76d7d@group-A9EE991D717F-LeaderElection378] INFO  impl.RaftServerImpl (RaftServerImpl.java:setRole(184)) - 2a93f7e5-ecb9-41da-9c47-70e13ba76d7d@group-A9EE991D717F: changes role from CANDIDATE to FOLLOWER at term 409 for DISCOVERED_A_NEW_TERM
2019-10-17 07:44:00,170 [2a93f7e5-ecb9-41da-9c47-70e13ba76d7d@group-A9EE991D717F-LeaderElection378] INFO  impl.RoleInfo (RoleInfo.java:shutdownLeaderElection(134)) - 2a93f7e5-ecb9-41da-9c47-70e13ba76d7d: shutdown LeaderElection
2019-10-17 07:44:00,170 [2a93f7e5-ecb9-41da-9c47-70e13ba76d7d@group-A9EE991D717F-LeaderElection378] INFO  impl.RoleInfo (RoleInfo.java:updateAndGet(143)) - 2a93f7e5-ecb9-41da-9c47-70e13ba76d7d: start FollowerState
2019-10-17 07:44:00,247 [Thread-2915] INFO  impl.FollowerState (FollowerState.java:run(108)) - 2a93f7e5-ecb9-41da-9c47-70e13ba76d7d@group-A9EE991D717F-FollowerState: change to CANDIDATE, lastRpcTime:77ms, electionTimeout:77ms
2019-10-17 07:44:00,247 [Thread-2915] INFO  impl.RoleInfo (RoleInfo.java:shutdownFollowerState(121)) - 2a93f7e5-ecb9-41da-9c47-70e13ba76d7d: shutdown FollowerState
2019-10-17 07:44:00,248 [Thread-2915] INFO  impl.RaftServerImpl (RaftServerImpl.java:setRole(184)) - 2a93f7e5-ecb9-41da-9c47-70e13ba76d7d@group-A9EE991D717F: changes role from  FOLLOWER to CANDIDATE at term 409 for changeToCandidate
2019-10-17 07:44:00,248 [Thread-2915] INFO  impl.RoleInfo (RoleInfo.java:updateAndGet(143)) - 2a93f7e5-ecb9-41da-9c47-70e13ba76d7d: start LeaderElection
2019-10-17 07:44:00,271 [2a93f7e5-ecb9-41da-9c47-70e13ba76d7d@group-A9EE991D717F-LeaderElection379] INFO  impl.LeaderElection (LeaderElection.java:askForVotes(178)) - 2a93f7e5-ecb9-41da-9c47-70e13ba76d7d@group-A9EE991D717F-LeaderElection379: begin an election at term 410 for 0: [37bd8e8c-ea68-4b1c-8659-8d001c4f3b5c:192.168.34.62:41632, 24020d0b-ce61-4f5a-b0b0-c561541e8cd4:192.168.34.62:42892, 2a93f7e5-ecb9-41da-9c47-70e13ba76d7d:192.168.34.62:35412], old=null
2019-10-17 07:44:00,273 [grpc-default-executor-1] INFO  impl.RaftServerImpl (RaftServerImpl.java:setRole(184)) - 37bd8e8c-ea68-4b1c-8659-8d001c4f3b5c@group-A9EE991D717F: changes role from  FOLLOWER to FOLLOWER at term 410 for recognizeCandidate:2a93f7e5-ecb9-41da-9c47-70e13ba76d7d
2019-10-17 07:44:00,273 [grpc-default-executor-1] INFO  impl.RoleInfo (RoleInfo.java:shutdownFollowerState(121)) - 37bd8e8c-ea68-4b1c-8659-8d001c4f3b5c: shutdown FollowerState
2019-10-17 07:44:00,273 [grpc-default-executor-0] INFO  impl.RaftServerImpl (RaftServerImpl.java:setRole(184)) - 24020d0b-ce61-4f5a-b0b0-c561541e8cd4@group-A9EE991D717F: changes role from  FOLLOWER to FOLLOWER at term 410 for recognizeCandidate:2a93f7e5-ecb9-41da-9c47-70e13ba76d7d
2019-10-17 07:44:00,273 [grpc-default-executor-0] INFO  impl.RoleInfo (RoleInfo.java:shutdownFollowerState(121)) - 24020d0b-ce61-4f5a-b0b0-c561541e8cd4: shutdown FollowerState
2019-10-17 07:44:00,273 [Thread-2913] INFO  impl.FollowerState (FollowerState.java:run(117)) - 37bd8e8c-ea68-4b1c-8659-8d001c4f3b5c@group-A9EE991D717F-FollowerState was interrupted: java.lang.InterruptedException: sleep interrupted
2019-10-17 07:44:00,273 [grpc-default-executor-1] INFO  impl.RoleInfo (RoleInfo.java:updateAndGet(143)) - 37bd8e8c-ea68-4b1c-8659-8d001c4f3b5c: start FollowerState
2019-10-17 07:44:00,274 [Thread-2914] INFO  impl.FollowerState (FollowerState.java:run(117)) - 24020d0b-ce61-4f5a-b0b0-c561541e8cd4@group-A9EE991D717F-FollowerState was interrupted: java.lang.InterruptedException: sleep interrupted
2019-10-17 07:44:00,274 [grpc-default-executor-0] INFO  impl.RoleInfo (RoleInfo.java:updateAndGet(143)) - 24020d0b-ce61-4f5a-b0b0-c561541e8cd4: start FollowerState
2019-10-17 07:44:00,307 [2a93f7e5-ecb9-41da-9c47-70e13ba76d7d@group-A9EE991D717F-LeaderElection379] INFO  impl.LeaderElection (LeaderElection.java:logAndReturn(56)) - 2a93f7e5-ecb9-41da-9c47-70e13ba76d7d@group-A9EE991D717F-LeaderElection379: Election REJECTED; received 2 response(s) [2a93f7e5-ecb9-41da-9c47-70e13ba76d7d<-37bd8e8c-ea68-4b1c-8659-8d001c4f3b5c#0:FAIL-t410, 2a93f7e5-ecb9-41da-9c47-70e13ba76d7d<-24020d0b-ce61-4f5a-b0b0-c561541e8cd4#0:FAIL-t410] and 0 exception(s); 2a93f7e5-ecb9-41da-9c47-70e13ba76d7d@group-A9EE991D717F:t410, leader=null, voted=2a93f7e5-ecb9-41da-9c47-70e13ba76d7d, raftlog=2a93f7e5-ecb9-41da-9c47-70e13ba76d7d@group-A9EE991D717F-SegmentedRaftLog:OPENED:c-1,f0,i0, conf=0: [37bd8e8c-ea68-4b1c-8659-8d001c4f3b5c:192.168.34.62:41632, 24020d0b-ce61-4f5a-b0b0-c561541e8cd4:192.168.34.62:42892, 2a93f7e5-ecb9-41da-9c47-70e13ba76d7d:192.168.34.62:35412], old=null
2019-10-17 07:44:00,307 [2a93f7e5-ecb9-41da-9c47-70e13ba76d7d@group-A9EE991D717F-LeaderElection379] INFO  impl.RaftServerImpl (RaftServerImpl.java:setRole(184)) - 2a93f7e5-ecb9-41da-9c47-70e13ba76d7d@group-A9EE991D717F: changes role from CANDIDATE to FOLLOWER at term 410 for DISCOVERED_A_NEW_TERM
2019-10-17 07:44:00,307 [2a93f7e5-ecb9-41da-9c47-70e13ba76d7d@group-A9EE991D717F-LeaderElection379] INFO  impl.RoleInfo (RoleInfo.java:shutdownLeaderElection(134)) - 2a93f7e5-ecb9-41da-9c47-70e13ba76d7d: shutdown LeaderElection
2019-10-17 07:44:00,307 [2a93f7e5-ecb9-41da-9c47-70e13ba76d7d@group-A9EE991D717F-LeaderElection379] INFO  impl.RoleInfo (RoleInfo.java:updateAndGet(143)) - 2a93f7e5-ecb9-41da-9c47-70e13ba76d7d: start FollowerState
2019-10-17 07:44:00,390 [Thread-2921] INFO  impl.FollowerState (FollowerState.java:run(108)) - 2a93f7e5-ecb9-41da-9c47-70e13ba76d7d@group-A9EE991D717F-FollowerState: change to CANDIDATE, lastRpcTime:82ms, electionTimeout:82ms
2019-10-17 07:44:00,390 [Thread-2921] INFO  impl.RoleInfo (RoleInfo.java:shutdownFollowerState(121)) - 2a93f7e5-ecb9-41da-9c47-70e13ba76d7d: shutdown FollowerState
2019-10-17 07:44:00,390 [Thread-2921] INFO  impl.RaftServerImpl (RaftServerImpl.java:setRole(184)) - 2a93f7e5-ecb9-41da-9c47-70e13ba76d7d@group-A9EE991D717F: changes role from  FOLLOWER to CANDIDATE at term 410 for changeToCandidate
2019-10-17 07:44:00,390 [Thread-2921] INFO  impl.RoleInfo (RoleInfo.java:updateAndGet(143)) - 2a93f7e5-ecb9-41da-9c47-70e13ba76d7d: start LeaderElection
2019-10-17 07:44:00,414 [2a93f7e5-ecb9-41da-9c47-70e13ba76d7d@group-A9EE991D717F-LeaderElection380] INFO  impl.LeaderElection (LeaderElection.java:askForVotes(178)) - 2a93f7e5-ecb9-41da-9c47-70e13ba76d7d@group-A9EE991D717F-LeaderElection380: begin an election at term 411 for 0: [37bd8e8c-ea68-4b1c-8659-8d001c4f3b5c:192.168.34.62:41632, 24020d0b-ce61-4f5a-b0b0-c561541e8cd4:192.168.34.62:42892, 2a93f7e5-ecb9-41da-9c47-70e13ba76d7d:192.168.34.62:35412], old=null
2019-10-17 07:44:00,416 [grpc-default-executor-1] INFO  impl.RaftServerImpl (RaftServerImpl.java:setRole(184)) - 37bd8e8c-ea68-4b1c-8659-8d001c4f3b5c@group-A9EE991D717F: changes role from  FOLLOWER to FOLLOWER at term 411 for recognizeCandidate:2a93f7e5-ecb9-41da-9c47-70e13ba76d7d
2019-10-17 07:44:00,416 [grpc-default-executor-1] INFO  impl.RoleInfo (RoleInfo.java:shutdownFollowerState(121)) - 37bd8e8c-ea68-4b1c-8659-8d001c4f3b5c: shutdown FollowerState
2019-10-17 07:44:00,416 [grpc-default-executor-1] INFO  impl.RoleInfo (RoleInfo.java:updateAndGet(143)) - 37bd8e8c-ea68-4b1c-8659-8d001c4f3b5c: start FollowerState
2019-10-17 07:44:00,416 [Thread-2919] INFO  impl.FollowerState (FollowerState.java:run(117)) - 37bd8e8c-ea68-4b1c-8659-8d001c4f3b5c@group-A9EE991D717F-FollowerState was interrupted: java.lang.InterruptedException: sleep interrupted
2019-10-17 07:44:00,416 [grpc-default-executor-0] INFO  impl.RaftServerImpl (RaftServerImpl.java:setRole(184)) - 24020d0b-ce61-4f5a-b0b0-c561541e8cd4@group-A9EE991D717F: changes role from  FOLLOWER to FOLLOWER at term 411 for recognizeCandidate:2a93f7e5-ecb9-41da-9c47-70e13ba76d7d
2019-10-17 07:44:00,416 [grpc-default-executor-0] INFO  impl.RoleInfo (RoleInfo.java:shutdownFollowerState(121)) - 24020d0b-ce61-4f5a-b0b0-c561541e8cd4: shutdown FollowerState
2019-10-17 07:44:00,417 [grpc-default-executor-0] INFO  impl.RoleInfo (RoleInfo.java:updateAndGet(143)) - 24020d0b-ce61-4f5a-b0b0-c561541e8cd4: start FollowerState
2019-10-17 07:44:00,417 [Thread-2920] INFO  impl.FollowerState (FollowerState.java:run(117)) - 24020d0b-ce61-4f5a-b0b0-c561541e8cd4@group-A9EE991D717F-FollowerState was interrupted: java.lang.InterruptedException: sleep interrupted
2019-10-17 07:44:00,441 [2a93f7e5-ecb9-41da-9c47-70e13ba76d7d@group-A9EE991D717F-LeaderElection380] INFO  impl.LeaderElection (LeaderElection.java:logAndReturn(56)) - 2a93f7e5-ecb9-41da-9c47-70e13ba76d7d@group-A9EE991D717F-LeaderElection380: Election REJECTED; received 2 response(s) [2a93f7e5-ecb9-41da-9c47-70e13ba76d7d<-37bd8e8c-ea68-4b1c-8659-8d001c4f3b5c#0:FAIL-t411, 2a93f7e5-ecb9-41da-9c47-70e13ba76d7d<-24020d0b-ce61-4f5a-b0b0-c561541e8cd4#0:FAIL-t411] and 0 exception(s); 2a93f7e5-ecb9-41da-9c47-70e13ba76d7d@group-A9EE991D717F:t411, leader=null, voted=2a93f7e5-ecb9-41da-9c47-70e13ba76d7d, raftlog=2a93f7e5-ecb9-41da-9c47-70e13ba76d7d@group-A9EE991D717F-SegmentedRaftLog:OPENED:c-1,f0,i0, conf=0: [37bd8e8c-ea68-4b1c-8659-8d001c4f3b5c:192.168.34.62:41632, 24020d0b-ce61-4f5a-b0b0-c561541e8cd4:192.168.34.62:42892, 2a93f7e5-ecb9-41da-9c47-70e13ba76d7d:192.168.34.62:35412], old=null
2019-10-17 07:44:00,441 [2a93f7e5-ecb9-41da-9c47-70e13ba76d7d@group-A9EE991D717F-LeaderElection380] INFO  impl.RaftServerImpl (RaftServerImpl.java:setRole(184)) - 2a93f7e5-ecb9-41da-9c47-70e13ba76d7d@group-A9EE991D717F: changes role from CANDIDATE to FOLLOWER at term 411 for DISCOVERED_A_NEW_TERM
2019-10-17 07:44:00,441 [2a93f7e5-ecb9-41da-9c47-70e13ba76d7d@group-A9EE991D717F-LeaderElection380] INFO  impl.RoleInfo (RoleInfo.java:shutdownLeaderElection(134)) - 2a93f7e5-ecb9-41da-9c47-70e13ba76d7d: shutdown LeaderElection
2019-10-17 07:44:00,441 [2a93f7e5-ecb9-41da-9c47-70e13ba76d7d@group-A9EE991D717F-LeaderElection380] INFO  impl.RoleInfo (RoleInfo.java:updateAndGet(143)) - 2a93f7e5-ecb9-41da-9c47-70e13ba76d7d: start FollowerState
2019-10-17 07:44:00,514 [Thread-2927] INFO  impl.FollowerState (FollowerState.java:run(108)) - 2a93f7e5-ecb9-41da-9c47-70e13ba76d7d@group-A9EE991D717F-FollowerState: change to CANDIDATE, lastRpcTime:72ms, electionTimeout:72ms
2019-10-17 07:44:00,514 [Thread-2927] INFO  impl.RoleInfo (RoleInfo.java:shutdownFollowerState(121)) - 2a93f7e5-ecb9-41da-9c47-70e13ba76d7d: shutdown FollowerState
2019-10-17 07:44:00,514 [Thread-2927] INFO  impl.RaftServerImpl (RaftServerImpl.java:setRole(184)) - 2a93f7e5-ecb9-41da-9c47-70e13ba76d7d@group-A9EE991D717F: changes role from  FOLLOWER to CANDIDATE at term 411 for changeToCandidate
2019-10-17 07:44:00,514 [Thread-2927] INFO  impl.RoleInfo (RoleInfo.java:updateAndGet(143)) - 2a93f7e5-ecb9-41da-9c47-70e13ba76d7d: start LeaderElection
2019-10-17 07:44:00,549 [2a93f7e5-ecb9-41da-9c47-70e13ba76d7d@group-A9EE991D717F-LeaderElection381] INFO  impl.LeaderElection (LeaderElection.java:askForVotes(178)) - 2a93f7e5-ecb9-41da-9c47-70e13ba76d7d@group-A9EE991D717F-LeaderElection381: begin an election at term 412 for 0: [37bd8e8c-ea68-4b1c-8659-8d001c4f3b5c:192.168.34.62:41632, 24020d0b-ce61-4f5a-b0b0-c561541e8cd4:192.168.34.62:42892, 2a93f7e5-ecb9-41da-9c47-70e13ba76d7d:192.168.34.62:35412], old=null
2019-10-17 07:44:00,551 [grpc-default-executor-1] INFO  impl.RaftServerImpl (RaftServerImpl.java:setRole(184)) - 37bd8e8c-ea68-4b1c-8659-8d001c4f3b5c@group-A9EE991D717F: changes role from  FOLLOWER to FOLLOWER at term 412 for recognizeCandidate:2a93f7e5-ecb9-41da-9c47-70e13ba76d7d
2019-10-17 07:44:00,551 [grpc-default-executor-0] INFO  impl.RaftServerImpl (RaftServerImpl.java:setRole(184)) - 24020d0b-ce61-4f5a-b0b0-c561541e8cd4@group-A9EE991D717F: changes role from  FOLLOWER to FOLLOWER at term 412 for recognizeCandidate:2a93f7e5-ecb9-41da-9c47-70e13ba76d7d
2019-10-17 07:44:00,551 [grpc-default-executor-1] INFO  impl.RoleInfo (RoleInfo.java:shutdownFollowerState(121)) - 37bd8e8c-ea68-4b1c-8659-8d001c4f3b5c: shutdown FollowerState
2019-10-17 07:44:00,551 [grpc-default-executor-0] INFO  impl.RoleInfo (RoleInfo.java:shutdownFollowerState(121)) - 24020d0b-ce61-4f5a-b0b0-c561541e8cd4: shutdown FollowerState
2019-10-17 07:44:00,552 [Thread-2925] INFO  impl.FollowerState (FollowerState.java:run(117)) - 37bd8e8c-ea68-4b1c-8659-8d001c4f3b5c@group-A9EE991D717F-FollowerState was interrupted: java.lang.InterruptedException: sleep interrupted
2019-10-17 07:44:00,552 [grpc-default-executor-1] INFO  impl.RoleInfo (RoleInfo.java:updateAndGet(143)) - 37bd8e8c-ea68-4b1c-8659-8d001c4f3b5c: start FollowerState
2019-10-17 07:44:00,552 [Thread-2926] INFO  impl.FollowerState (FollowerState.java:run(117)) - 24020d0b-ce61-4f5a-b0b0-c561541e8cd4@group-A9EE991D717F-FollowerState was interrupted: java.lang.InterruptedException: sleep interrupted
2019-10-17 07:44:00,552 [grpc-default-executor-0] INFO  impl.RoleInfo (RoleInfo.java:updateAndGet(143)) - 24020d0b-ce61-4f5a-b0b0-c561541e8cd4: start FollowerState
2019-10-17 07:44:00,570 [2a93f7e5-ecb9-41da-9c47-70e13ba76d7d@group-A9EE991D717F-LeaderElection381] INFO  impl.LeaderElection (LeaderElection.java:logAndReturn(56)) - 2a93f7e5-ecb9-41da-9c47-70e13ba76d7d@group-A9EE991D717F-LeaderElection381: Election TIMEOUT; received 0 response(s) [] and 0 exception(s); 2a93f7e5-ecb9-41da-9c47-70e13ba76d7d@group-A9EE991D717F:t412, leader=null, voted=2a93f7e5-ecb9-41da-9c47-70e13ba76d7d, raftlog=2a93f7e5-ecb9-41da-9c47-70e13ba76d7d@group-A9EE991D717F-SegmentedRaftLog:OPENED:c-1,f0,i0, conf=0: [37bd8e8c-ea68-4b1c-8659-8d001c4f3b5c:192.168.34.62:41632, 24020d0b-ce61-4f5a-b0b0-c561541e8cd4:192.168.34.62:42892, 2a93f7e5-ecb9-41da-9c47-70e13ba76d7d:192.168.34.62:35412], old=null
2019-10-17 07:44:00,613 [2a93f7e5-ecb9-41da-9c47-70e13ba76d7d@group-A9EE991D717F-LeaderElection381] INFO  impl.LeaderElection (LeaderElection.java:askForVotes(178)) - 2a93f7e5-ecb9-41da-9c47-70e13ba76d7d@group-A9EE991D717F-LeaderElection381: begin an election at term 413 for 0: [37bd8e8c-ea68-4b1c-8659-8d001c4f3b5c:192.168.34.62:41632, 24020d0b-ce61-4f5a-b0b0-c561541e8cd4:192.168.34.62:42892, 2a93f7e5-ecb9-41da-9c47-70e13ba76d7d:192.168.34.62:35412], old=null
2019-10-17 07:44:00,616 [grpc-default-executor-0] INFO  impl.RaftServerImpl (RaftServerImpl.java:setRole(184)) - 24020d0b-ce61-4f5a-b0b0-c561541e8cd4@group-A9EE991D717F: changes role from  FOLLOWER to FOLLOWER at term 413 for recognizeCandidate:2a93f7e5-ecb9-41da-9c47-70e13ba76d7d
2019-10-17 07:44:00,616 [grpc-default-executor-1] INFO  impl.RaftServerImpl (RaftServerImpl.java:setRole(184)) - 37bd8e8c-ea68-4b1c-8659-8d001c4f3b5c@group-A9EE991D717F: changes role from  FOLLOWER to FOLLOWER at term 413 for recognizeCandidate:2a93f7e5-ecb9-41da-9c47-70e13ba76d7d
2019-10-17 07:44:00,617 [grpc-default-executor-0] INFO  impl.RoleInfo (RoleInfo.java:shutdownFollowerState(121)) - 24020d0b-ce61-4f5a-b0b0-c561541e8cd4: shutdown FollowerState
2019-10-17 07:44:00,617 [grpc-default-executor-1] INFO  impl.RoleInfo (RoleInfo.java:shutdownFollowerState(121)) - 37bd8e8c-ea68-4b1c-8659-8d001c4f3b5c: shutdown FollowerState
2019-10-17 07:44:00,617 [Thread-2932] INFO  impl.FollowerState (FollowerState.java:run(117)) - 24020d0b-ce61-4f5a-b0b0-c561541e8cd4@group-A9EE991D717F-FollowerState was interrupted: java.lang.InterruptedException: sleep interrupted
2019-10-17 07:44:00,617 [Thread-2931] INFO  impl.FollowerState (FollowerState.java:run(117)) - 37bd8e8c-ea68-4b1c-8659-8d001c4f3b5c@group-A9EE991D717F-FollowerState was interrupted: java.lang.InterruptedException: sleep interrupted
2019-10-17 07:44:00,617 [grpc-default-executor-0] INFO  impl.RoleInfo (RoleInfo.java:updateAndGet(143)) - 24020d0b-ce61-4f5a-b0b0-c561541e8cd4: start FollowerState
2019-10-17 07:44:00,617 [grpc-default-executor-1] INFO  impl.RoleInfo (RoleInfo.java:updateAndGet(143)) - 37bd8e8c-ea68-4b1c-8659-8d001c4f3b5c: start FollowerState
2019-10-17 07:44:00,648 [2a93f7e5-ecb9-41da-9c47-70e13ba76d7d@group-A9EE991D717F-LeaderElection381] INFO  impl.LeaderElection (LeaderElection.java:logAndReturn(56)) - 2a93f7e5-ecb9-41da-9c47-70e13ba76d7d@group-A9EE991D717F-LeaderElection381: Election REJECTED; received 2 response(s) [2a93f7e5-ecb9-41da-9c47-70e13ba76d7d<-37bd8e8c-ea68-4b1c-8659-8d001c4f3b5c#0:FAIL-t413, 2a93f7e5-ecb9-41da-9c47-70e13ba76d7d<-24020d0b-ce61-4f5a-b0b0-c561541e8cd4#0:FAIL-t413] and 0 exception(s); 2a93f7e5-ecb9-41da-9c47-70e13ba76d7d@group-A9EE991D717F:t413, leader=null, voted=2a93f7e5-ecb9-41da-9c47-70e13ba76d7d, raftlog=2a93f7e5-ecb9-41da-9c47-70e13ba76d7d@group-A9EE991D717F-SegmentedRaftLog:OPENED:c-1,f0,i0, conf=0: [37bd8e8c-ea68-4b1c-8659-8d001c4f3b5c:192.168.34.62:41632, 24020d0b-ce61-4f5a-b0b0-c561541e8cd4:192.168.34.62:42892, 2a93f7e5-ecb9-41da-9c47-70e13ba76d7d:192.168.34.62:35412], old=null
2019-10-17 07:44:00,648 [2a93f7e5-ecb9-41da-9c47-70e13ba76d7d@group-A9EE991D717F-LeaderElection381] INFO  impl.RaftServerImpl (RaftServerImpl.java:setRole(184)) - 2a93f7e5-ecb9-41da-9c47-70e13ba76d7d@group-A9EE991D717F: changes role from CANDIDATE to FOLLOWER at term 413 for DISCOVERED_A_NEW_TERM
2019-10-17 07:44:00,648 [2a93f7e5-ecb9-41da-9c47-70e13ba76d7d@group-A9EE991D717F-LeaderElection381] INFO  impl.RoleInfo (RoleInfo.java:shutdownLeaderElection(134)) - 2a93f7e5-ecb9-41da-9c47-70e13ba76d7d: shutdown LeaderElection
2019-10-17 07:44:00,648 [2a93f7e5-ecb9-41da-9c47-70e13ba76d7d@group-A9EE991D717F-LeaderElection381] INFO  impl.RoleInfo (RoleInfo.java:updateAndGet(143)) - 2a93f7e5-ecb9-41da-9c47-70e13ba76d7d: start FollowerState
2019-10-17 07:44:00,727 [Thread-2937] INFO  impl.FollowerState (FollowerState.java:run(108)) - 2a93f7e5-ecb9-41da-9c47-70e13ba76d7d@group-A9EE991D717F-FollowerState: change to CANDIDATE, lastRpcTime:78ms, electionTimeout:78ms
2019-10-17 07:44:00,727 [Thread-2937] INFO  impl.RoleInfo (RoleInfo.java:shutdownFollowerState(121)) - 2a93f7e5-ecb9-41da-9c47-70e13ba76d7d: shutdown FollowerState
2019-10-17 07:44:00,727 [Thread-2937] INFO  impl.RaftServerImpl (RaftServerImpl.java:setRole(184)) - 2a93f7e5-ecb9-41da-9c47-70e13ba76d7d@group-A9EE991D717F: changes role from  FOLLOWER to CANDIDATE at term 413 for changeToCandidate
2019-10-17 07:44:00,727 [Thread-2937] INFO  impl.RoleInfo (RoleInfo.java:updateAndGet(143)) - 2a93f7e5-ecb9-41da-9c47-70e13ba76d7d: start LeaderElection
2019-10-17 07:44:00,756 [2a93f7e5-ecb9-41da-9c47-70e13ba76d7d@group-A9EE991D717F-LeaderElection382] INFO  impl.LeaderElection (LeaderElection.java:askForVotes(178)) - 2a93f7e5-ecb9-41da-9c47-70e13ba76d7d@group-A9EE991D717F-LeaderElection382: begin an election at term 414 for 0: [37bd8e8c-ea68-4b1c-8659-8d001c4f3b5c:192.168.34.62:41632, 24020d0b-ce61-4f5a-b0b0-c561541e8cd4:192.168.34.62:42892, 2a93f7e5-ecb9-41da-9c47-70e13ba76d7d:192.168.34.62:35412], old=null
2019-10-17 07:44:00,757 [grpc-default-executor-0] INFO  impl.RaftServerImpl (RaftServerImpl.java:setRole(184)) - 37bd8e8c-ea68-4b1c-8659-8d001c4f3b5c@group-A9EE991D717F: changes role from  FOLLOWER to FOLLOWER at term 414 for recognizeCandidate:2a93f7e5-ecb9-41da-9c47-70e13ba76d7d
2019-10-17 07:44:00,758 [grpc-default-executor-0] INFO  impl.RoleInfo (RoleInfo.java:shutdownFollowerState(121)) - 37bd8e8c-ea68-4b1c-8659-8d001c4f3b5c: shutdown FollowerState
2019-10-17 07:44:00,758 [grpc-default-executor-0] INFO  impl.RoleInfo (RoleInfo.java:updateAndGet(143)) - 37bd8e8c-ea68-4b1c-8659-8d001c4f3b5c: start FollowerState
2019-10-17 07:44:00,758 [grpc-default-executor-1] INFO  impl.RaftServerImpl (RaftServerImpl.java:setRole(184)) - 24020d0b-ce61-4f5a-b0b0-c561541e8cd4@group-A9EE991D717F: changes role from  FOLLOWER to FOLLOWER at term 414 for recognizeCandidate:2a93f7e5-ecb9-41da-9c47-70e13ba76d7d
2019-10-17 07:44:00,758 [grpc-default-executor-1] INFO  impl.RoleInfo (RoleInfo.java:shutdownFollowerState(121)) - 24020d0b-ce61-4f5a-b0b0-c561541e8cd4: shutdown FollowerState
2019-10-17 07:44:00,758 [Thread-2936] INFO  impl.FollowerState (FollowerState.java:run(117)) - 37bd8e8c-ea68-4b1c-8659-8d001c4f3b5c@group-A9EE991D717F-FollowerState was interrupted: java.lang.InterruptedException: sleep interrupted
2019-10-17 07:44:00,758 [Thread-2935] INFO  impl.FollowerState (FollowerState.java:run(117)) - 24020d0b-ce61-4f5a-b0b0-c561541e8cd4@group-A9EE991D717F-FollowerState was interrupted: java.lang.InterruptedException: sleep interrupted
2019-10-17 07:44:00,758 [grpc-default-executor-1] INFO  impl.RoleInfo (RoleInfo.java:updateAndGet(143)) - 24020d0b-ce61-4f5a-b0b0-c561541e8cd4: start FollowerState
2019-10-17 07:44:00,782 [2a93f7e5-ecb9-41da-9c47-70e13ba76d7d@group-A9EE991D717F-LeaderElection382] INFO  impl.LeaderElection (LeaderElection.java:logAndReturn(56)) - 2a93f7e5-ecb9-41da-9c47-70e13ba76d7d@group-A9EE991D717F-LeaderElection382: Election REJECTED; received 2 response(s) [2a93f7e5-ecb9-41da-9c47-70e13ba76d7d<-37bd8e8c-ea68-4b1c-8659-8d001c4f3b5c#0:FAIL-t414, 2a93f7e5-ecb9-41da-9c47-70e13ba76d7d<-24020d0b-ce61-4f5a-b0b0-c561541e8cd4#0:FAIL-t414] and 0 exception(s); 2a93f7e5-ecb9-41da-9c47-70e13ba76d7d@group-A9EE991D717F:t414, leader=null, voted=2a93f7e5-ecb9-41da-9c47-70e13ba76d7d, raftlog=2a93f7e5-ecb9-41da-9c47-70e13ba76d7d@group-A9EE991D717F-SegmentedRaftLog:OPENED:c-1,f0,i0, conf=0: [37bd8e8c-ea68-4b1c-8659-8d001c4f3b5c:192.168.34.62:41632, 24020d0b-ce61-4f5a-b0b0-c561541e8cd4:192.168.34.62:42892, 2a93f7e5-ecb9-41da-9c47-70e13ba76d7d:192.168.34.62:35412], old=null
2019-10-17 07:44:00,782 [2a93f7e5-ecb9-41da-9c47-70e13ba76d7d@group-A9EE991D717F-LeaderElection382] INFO  impl.RaftServerImpl (RaftServerImpl.java:setRole(184)) - 2a93f7e5-ecb9-41da-9c47-70e13ba76d7d@group-A9EE991D717F: changes role from CANDIDATE to FOLLOWER at term 414 for DISCOVERED_A_NEW_TERM
2019-10-17 07:44:00,782 [2a93f7e5-ecb9-41da-9c47-70e13ba76d7d@group-A9EE991D717F-LeaderElection382] INFO  impl.RoleInfo (RoleInfo.java:shutdownLeaderElection(134)) - 2a93f7e5-ecb9-41da-9c47-70e13ba76d7d: shutdown LeaderElection
2019-10-17 07:44:00,782 [2a93f7e5-ecb9-41da-9c47-70e13ba76d7d@group-A9EE991D717F-LeaderElection382] INFO  impl.RoleInfo (RoleInfo.java:updateAndGet(143)) - 2a93f7e5-ecb9-41da-9c47-70e13ba76d7d: start FollowerState
2019-10-17 07:44:00,925 [Thread-2943] INFO  impl.FollowerState (FollowerState.java:run(108)) - 2a93f7e5-ecb9-41da-9c47-70e13ba76d7d@group-A9EE991D717F-FollowerState: change to CANDIDATE, lastRpcTime:142ms, electionTimeout:142ms
2019-10-17 07:44:00,925 [Thread-2943] INFO  impl.RoleInfo (RoleInfo.java:shutdownFollowerState(121)) - 2a93f7e5-ecb9-41da-9c47-70e13ba76d7d: shutdown FollowerState
2019-10-17 07:44:00,925 [Thread-2943] INFO  impl.RaftServerImpl (RaftServerImpl.java:setRole(184)) - 2a93f7e5-ecb9-41da-9c47-70e13ba76d7d@group-A9EE991D717F: changes role from  FOLLOWER to CANDIDATE at term 414 for changeToCandidate
2019-10-17 07:44:00,925 [Thread-2943] INFO  impl.RoleInfo (RoleInfo.java:updateAndGet(143)) - 2a93f7e5-ecb9-41da-9c47-70e13ba76d7d: start LeaderElection
2019-10-17 07:44:00,948 [2a93f7e5-ecb9-41da-9c47-70e13ba76d7d@group-A9EE991D717F-LeaderElection383] INFO  impl.LeaderElection (LeaderElection.java:askForVotes(178)) - 2a93f7e5-ecb9-41da-9c47-70e13ba76d7d@group-A9EE991D717F-LeaderElection383: begin an election at term 415 for 0: [37bd8e8c-ea68-4b1c-8659-8d001c4f3b5c:192.168.34.62:41632, 24020d0b-ce61-4f5a-b0b0-c561541e8cd4:192.168.34.62:42892, 2a93f7e5-ecb9-41da-9c47-70e13ba76d7d:192.168.34.62:35412], old=null
2019-10-17 07:44:00,950 [grpc-default-executor-0] INFO  impl.RaftServerImpl (RaftServerImpl.java:setRole(184)) - 37bd8e8c-ea68-4b1c-8659-8d001c4f3b5c@group-A9EE991D717F: changes role from  FOLLOWER to FOLLOWER at term 415 for recognizeCandidate:2a93f7e5-ecb9-41da-9c47-70e13ba76d7d
2019-10-17 07:44:00,950 [grpc-default-executor-0] INFO  impl.RoleInfo (RoleInfo.java:shutdownFollowerState(121)) - 37bd8e8c-ea68-4b1c-8659-8d001c4f3b5c: shutdown FollowerState
2019-10-17 07:44:00,950 [grpc-default-executor-1] INFO  impl.RaftServerImpl (RaftServerImpl.java:setRole(184)) - 24020d0b-ce61-4f5a-b0b0-c561541e8cd4@group-A9EE991D717F: changes role from  FOLLOWER to FOLLOWER at term 415 for recognizeCandidate:2a93f7e5-ecb9-41da-9c47-70e13ba76d7d
2019-10-17 07:44:00,951 [grpc-default-executor-1] INFO  impl.RoleInfo (RoleInfo.java:shutdownFollowerState(121)) - 24020d0b-ce61-4f5a-b0b0-c561541e8cd4: shutdown FollowerState
2019-10-17 07:44:00,950 [Thread-2941] INFO  impl.FollowerState (FollowerState.java:run(117)) - 37bd8e8c-ea68-4b1c-8659-8d001c4f3b5c@group-A9EE991D717F-FollowerState was interrupted: java.lang.InterruptedException: sleep interrupted
2019-10-17 07:44:00,951 [Thread-2942] INFO  impl.FollowerState (FollowerState.java:run(117)) - 24020d0b-ce61-4f5a-b0b0-c561541e8cd4@group-A9EE991D717F-FollowerState was interrupted: java.lang.InterruptedException: sleep interrupted
2019-10-17 07:44:00,950 [grpc-default-executor-0] INFO  impl.RoleInfo (RoleInfo.java:updateAndGet(143)) - 37bd8e8c-ea68-4b1c-8659-8d001c4f3b5c: start FollowerState
2019-10-17 07:44:00,951 [grpc-default-executor-1] INFO  impl.RoleInfo (RoleInfo.java:updateAndGet(143)) - 24020d0b-ce61-4f5a-b0b0-c561541e8cd4: start FollowerState
2019-10-17 07:44:00,965 [2a93f7e5-ecb9-41da-9c47-70e13ba76d7d@group-A9EE991D717F-LeaderElection383] INFO  impl.LeaderElection (LeaderElection.java:logAndReturn(56)) - 2a93f7e5-ecb9-41da-9c47-70e13ba76d7d@group-A9EE991D717F-LeaderElection383: Election TIMEOUT; received 0 response(s) [] and 0 exception(s); 2a93f7e5-ecb9-41da-9c47-70e13ba76d7d@group-A9EE991D717F:t415, leader=null, voted=2a93f7e5-ecb9-41da-9c47-70e13ba76d7d, raftlog=2a93f7e5-ecb9-41da-9c47-70e13ba76d7d@group-A9EE991D717F-SegmentedRaftLog:OPENED:c-1,f0,i0, conf=0: [37bd8e8c-ea68-4b1c-8659-8d001c4f3b5c:192.168.34.62:41632, 24020d0b-ce61-4f5a-b0b0-c561541e8cd4:192.168.34.62:42892, 2a93f7e5-ecb9-41da-9c47-70e13ba76d7d:192.168.34.62:35412], old=null
2019-10-17 07:44:00,992 [2a93f7e5-ecb9-41da-9c47-70e13ba76d7d@group-A9EE991D717F-LeaderElection383] INFO  impl.LeaderElection (LeaderElection.java:askForVotes(178)) - 2a93f7e5-ecb9-41da-9c47-70e13ba76d7d@group-A9EE991D717F-LeaderElection383: begin an election at term 416 for 0: [37bd8e8c-ea68-4b1c-8659-8d001c4f3b5c:192.168.34.62:41632, 24020d0b-ce61-4f5a-b0b0-c561541e8cd4:192.168.34.62:42892, 2a93f7e5-ecb9-41da-9c47-70e13ba76d7d:192.168.34.62:35412], old=null
2019-10-17 07:44:00,993 [grpc-default-executor-1] INFO  impl.RaftServerImpl (RaftServerImpl.java:setRole(184)) - 37bd8e8c-ea68-4b1c-8659-8d001c4f3b5c@group-A9EE991D717F: changes role from  FOLLOWER to FOLLOWER at term 416 for recognizeCandidate:2a93f7e5-ecb9-41da-9c47-70e13ba76d7d
2019-10-17 07:44:00,994 [grpc-default-executor-1] INFO  impl.RoleInfo (RoleInfo.java:shutdownFollowerState(121)) - 37bd8e8c-ea68-4b1c-8659-8d001c4f3b5c: shutdown FollowerState
2019-10-17 07:44:00,994 [grpc-default-executor-0] INFO  impl.RaftServerImpl (RaftServerImpl.java:setRole(184)) - 24020d0b-ce61-4f5a-b0b0-c561541e8cd4@group-A9EE991D717F: changes role from  FOLLOWER to FOLLOWER at term 416 for recognizeCandidate:2a93f7e5-ecb9-41da-9c47-70e13ba76d7d
2019-10-17 07:44:00,994 [grpc-default-executor-0] INFO  impl.RoleInfo (RoleInfo.java:shutdownFollowerState(121)) - 24020d0b-ce61-4f5a-b0b0-c561541e8cd4: shutdown FollowerState
2019-10-17 07:44:00,994 [Thread-2947] INFO  impl.FollowerState (FollowerState.java:run(117)) - 37bd8e8c-ea68-4b1c-8659-8d001c4f3b5c@group-A9EE991D717F-FollowerState was interrupted: java.lang.InterruptedException: sleep interrupted
2019-10-17 07:44:00,994 [grpc-default-executor-1] INFO  impl.RoleInfo (RoleInfo.java:updateAndGet(143)) - 37bd8e8c-ea68-4b1c-8659-8d001c4f3b5c: start FollowerState
2019-10-17 07:44:00,994 [Thread-2948] INFO  impl.FollowerState (FollowerState.java:run(117)) - 24020d0b-ce61-4f5a-b0b0-c561541e8cd4@group-A9EE991D717F-FollowerState was interrupted: java.lang.InterruptedException: sleep interrupted
2019-10-17 07:44:00,994 [grpc-default-executor-0] INFO  impl.RoleInfo (RoleInfo.java:updateAndGet(143)) - 24020d0b-ce61-4f5a-b0b0-c561541e8cd4: start FollowerState
2019-10-17 07:44:01,018 [2a93f7e5-ecb9-41da-9c47-70e13ba76d7d@group-A9EE991D717F-LeaderElection383] INFO  impl.LeaderElection (LeaderElection.java:logAndReturn(56)) - 2a93f7e5-ecb9-41da-9c47-70e13ba76d7d@group-A9EE991D717F-LeaderElection383: Election REJECTED; received 2 response(s) [2a93f7e5-ecb9-41da-9c47-70e13ba76d7d<-37bd8e8c-ea68-4b1c-8659-8d001c4f3b5c#0:FAIL-t416, 2a93f7e5-ecb9-41da-9c47-70e13ba76d7d<-24020d0b-ce61-4f5a-b0b0-c561541e8cd4#0:FAIL-t416] and 0 exception(s); 2a93f7e5-ecb9-41da-9c47-70e13ba76d7d@group-A9EE991D717F:t416, leader=null, voted=2a93f7e5-ecb9-41da-9c47-70e13ba76d7d, raftlog=2a93f7e5-ecb9-41da-9c47-70e13ba76d7d@group-A9EE991D717F-SegmentedRaftLog:OPENED:c-1,f0,i0, conf=0: [37bd8e8c-ea68-4b1c-8659-8d001c4f3b5c:192.168.34.62:41632, 24020d0b-ce61-4f5a-b0b0-c561541e8cd4:192.168.34.62:42892, 2a93f7e5-ecb9-41da-9c47-70e13ba76d7d:192.168.34.62:35412], old=null
2019-10-17 07:44:01,018 [2a93f7e5-ecb9-41da-9c47-70e13ba76d7d@group-A9EE991D717F-LeaderElection383] INFO  impl.RaftServerImpl (RaftServerImpl.java:setRole(184)) - 2a93f7e5-ecb9-41da-9c47-70e13ba76d7d@group-A9EE991D717F: changes role from CANDIDATE to FOLLOWER at term 416 for DISCOVERED_A_NEW_TERM
2019-10-17 07:44:01,018 [2a93f7e5-ecb9-41da-9c47-70e13ba76d7d@group-A9EE991D717F-LeaderElection383] INFO  impl.RoleInfo (RoleInfo.java:shutdownLeaderElection(134)) - 2a93f7e5-ecb9-41da-9c47-70e13ba76d7d: shutdown LeaderElection
2019-10-17 07:44:01,018 [2a93f7e5-ecb9-41da-9c47-70e13ba76d7d@group-A9EE991D717F-LeaderElection383] INFO  impl.RoleInfo (RoleInfo.java:updateAndGet(143)) - 2a93f7e5-ecb9-41da-9c47-70e13ba76d7d: start FollowerState
2019-10-17 07:44:01,081 [Thread-2953] INFO  impl.FollowerState (FollowerState.java:run(108)) - 2a93f7e5-ecb9-41da-9c47-70e13ba76d7d@group-A9EE991D717F-FollowerState: change to CANDIDATE, lastRpcTime:62ms, electionTimeout:62ms
2019-10-17 07:44:01,081 [Thread-2953] INFO  impl.RoleInfo (RoleInfo.java:shutdownFollowerState(121)) - 2a93f7e5-ecb9-41da-9c47-70e13ba76d7d: shutdown FollowerState
2019-10-17 07:44:01,081 [Thread-2953] INFO  impl.RaftServerImpl (RaftServerImpl.java:setRole(184)) - 2a93f7e5-ecb9-41da-9c47-70e13ba76d7d@group-A9EE991D717F: changes role from  FOLLOWER to CANDIDATE at term 416 for changeToCandidate
2019-10-17 07:44:01,081 [Thread-2953] INFO  impl.RoleInfo (RoleInfo.java:updateAndGet(143)) - 2a93f7e5-ecb9-41da-9c47-70e13ba76d7d: start LeaderElection
2019-10-17 07:44:01,109 [2a93f7e5-ecb9-41da-9c47-70e13ba76d7d@group-A9EE991D717F-LeaderElection384] INFO  impl.LeaderElection (LeaderElection.java:askForVotes(178)) - 2a93f7e5-ecb9-41da-9c47-70e13ba76d7d@group-A9EE991D717F-LeaderElection384: begin an election at term 417 for 0: [37bd8e8c-ea68-4b1c-8659-8d001c4f3b5c:192.168.34.62:41632, 24020d0b-ce61-4f5a-b0b0-c561541e8cd4:192.168.34.62:42892, 2a93f7e5-ecb9-41da-9c47-70e13ba76d7d:192.168.34.62:35412], old=null
2019-10-17 07:44:01,111 [grpc-default-executor-0] INFO  impl.RaftServerImpl (RaftServerImpl.java:setRole(184)) - 37bd8e8c-ea68-4b1c-8659-8d001c4f3b5c@group-A9EE991D717F: changes role from  FOLLOWER to FOLLOWER at term 417 for recognizeCandidate:2a93f7e5-ecb9-41da-9c47-70e13ba76d7d
2019-10-17 07:44:01,111 [grpc-default-executor-0] INFO  impl.RoleInfo (RoleInfo.java:shutdownFollowerState(121)) - 37bd8e8c-ea68-4b1c-8659-8d001c4f3b5c: shutdown FollowerState
2019-10-17 07:44:01,112 [grpc-default-executor-0] INFO  impl.RoleInfo (RoleInfo.java:updateAndGet(143)) - 37bd8e8c-ea68-4b1c-8659-8d001c4f3b5c: start FollowerState
2019-10-17 07:44:01,112 [grpc-default-executor-1] INFO  impl.RaftServerImpl (RaftServerImpl.java:setRole(184)) - 24020d0b-ce61-4f5a-b0b0-c561541e8cd4@group-A9EE991D717F: changes role from  FOLLOWER to FOLLOWER at term 417 for recognizeCandidate:2a93f7e5-ecb9-41da-9c47-70e13ba76d7d
2019-10-17 07:44:01,112 [Thread-2951] INFO  impl.FollowerState (FollowerState.java:run(117)) - 37bd8e8c-ea68-4b1c-8659-8d001c4f3b5c@group-A9EE991D717F-FollowerState was interrupted: java.lang.InterruptedException: sleep interrupted
2019-10-17 07:44:01,112 [grpc-default-executor-1] INFO  impl.RoleInfo (RoleInfo.java:shutdownFollowerState(121)) - 24020d0b-ce61-4f5a-b0b0-c561541e8cd4: shutdown FollowerState
2019-10-17 07:44:01,112 [grpc-default-executor-1] INFO  impl.RoleInfo (RoleInfo.java:updateAndGet(143)) - 24020d0b-ce61-4f5a-b0b0-c561541e8cd4: start FollowerState
2019-10-17 07:44:01,113 [Thread-2952] INFO  impl.FollowerState (FollowerState.java:run(117)) - 24020d0b-ce61-4f5a-b0b0-c561541e8cd4@group-A9EE991D717F-FollowerState was interrupted: java.lang.InterruptedException: sleep interrupted
2019-10-17 07:44:01,135 [2a93f7e5-ecb9-41da-9c47-70e13ba76d7d@group-A9EE991D717F-LeaderElection384] INFO  impl.LeaderElection (LeaderElection.java:logAndReturn(56)) - 2a93f7e5-ecb9-41da-9c47-70e13ba76d7d@group-A9EE991D717F-LeaderElection384: Election REJECTED; received 2 response(s) [2a93f7e5-ecb9-41da-9c47-70e13ba76d7d<-37bd8e8c-ea68-4b1c-8659-8d001c4f3b5c#0:FAIL-t417, 2a93f7e5-ecb9-41da-9c47-70e13ba76d7d<-24020d0b-ce61-4f5a-b0b0-c561541e8cd4#0:FAIL-t417] and 0 exception(s); 2a93f7e5-ecb9-41da-9c47-70e13ba76d7d@group-A9EE991D717F:t417, leader=null, voted=2a93f7e5-ecb9-41da-9c47-70e13ba76d7d, raftlog=2a93f7e5-ecb9-41da-9c47-70e13ba76d7d@group-A9EE991D717F-SegmentedRaftLog:OPENED:c-1,f0,i0, conf=0: [37bd8e8c-ea68-4b1c-8659-8d001c4f3b5c:192.168.34.62:41632, 24020d0b-ce61-4f5a-b0b0-c561541e8cd4:192.168.34.62:42892, 2a93f7e5-ecb9-41da-9c47-70e13ba76d7d:192.168.34.62:35412], old=null
2019-10-17 07:44:01,135 [2a93f7e5-ecb9-41da-9c47-70e13ba76d7d@group-A9EE991D717F-LeaderElection384] INFO  impl.RaftServerImpl (RaftServerImpl.java:setRole(184)) - 2a93f7e5-ecb9-41da-9c47-70e13ba76d7d@group-A9EE991D717F: changes role from CANDIDATE to FOLLOWER at term 417 for DISCOVERED_A_NEW_TERM
2019-10-17 07:44:01,135 [2a93f7e5-ecb9-41da-9c47-70e13ba76d7d@group-A9EE991D717F-LeaderElection384] INFO  impl.RoleInfo (RoleInfo.java:shutdownLeaderElection(134)) - 2a93f7e5-ecb9-41da-9c47-70e13ba76d7d: shutdown LeaderElection
2019-10-17 07:44:01,136 [2a93f7e5-ecb9-41da-9c47-70e13ba76d7d@group-A9EE991D717F-LeaderElection384] INFO  impl.RoleInfo (RoleInfo.java:updateAndGet(143)) - 2a93f7e5-ecb9-41da-9c47-70e13ba76d7d: start FollowerState
2019-10-17 07:44:01,222 [Thread-2959] INFO  impl.FollowerState (FollowerState.java:run(108)) - 2a93f7e5-ecb9-41da-9c47-70e13ba76d7d@group-A9EE991D717F-FollowerState: change to CANDIDATE, lastRpcTime:86ms, electionTimeout:86ms
2019-10-17 07:44:01,222 [Thread-2959] INFO  impl.RoleInfo (RoleInfo.java:shutdownFollowerState(121)) - 2a93f7e5-ecb9-41da-9c47-70e13ba76d7d: shutdown FollowerState
2019-10-17 07:44:01,222 [Thread-2959] INFO  impl.RaftServerImpl (RaftServerImpl.java:setRole(184)) - 2a93f7e5-ecb9-41da-9c47-70e13ba76d7d@group-A9EE991D717F: changes role from  FOLLOWER to CANDIDATE at term 417 for changeToCandidate
2019-10-17 07:44:01,223 [Thread-2959] INFO  impl.RoleInfo (RoleInfo.java:updateAndGet(143)) - 2a93f7e5-ecb9-41da-9c47-70e13ba76d7d: start LeaderElection
2019-10-17 07:44:01,251 [2a93f7e5-ecb9-41da-9c47-70e13ba76d7d@group-A9EE991D717F-LeaderElection385] INFO  impl.LeaderElection (LeaderElection.java:askForVotes(178)) - 2a93f7e5-ecb9-41da-9c47-70e13ba76d7d@group-A9EE991D717F-LeaderElection385: begin an election at term 418 for 0: [37bd8e8c-ea68-4b1c-8659-8d001c4f3b5c:192.168.34.62:41632, 24020d0b-ce61-4f5a-b0b0-c561541e8cd4:192.168.34.62:42892, 2a93f7e5-ecb9-41da-9c47-70e13ba76d7d:192.168.34.62:35412], old=null
2019-10-17 07:44:01,254 [grpc-default-executor-1] INFO  impl.RaftServerImpl (RaftServerImpl.java:setRole(184)) - 37bd8e8c-ea68-4b1c-8659-8d001c4f3b5c@group-A9EE991D717F: changes role from  FOLLOWER to FOLLOWER at term 418 for recognizeCandidate:2a93f7e5-ecb9-41da-9c47-70e13ba76d7d
2019-10-17 07:44:01,254 [grpc-default-executor-1] INFO  impl.RoleInfo (RoleInfo.java:shutdownFollowerState(121)) - 37bd8e8c-ea68-4b1c-8659-8d001c4f3b5c: shutdown FollowerState
2019-10-17 07:44:01,254 [Thread-2957] INFO  impl.FollowerState (FollowerState.java:run(117)) - 37bd8e8c-ea68-4b1c-8659-8d001c4f3b5c@group-A9EE991D717F-FollowerState was interrupted: java.lang.InterruptedException: sleep interrupted
2019-10-17 07:44:01,254 [grpc-default-executor-0] INFO  impl.RaftServerImpl (RaftServerImpl.java:setRole(184)) - 24020d0b-ce61-4f5a-b0b0-c561541e8cd4@group-A9EE991D717F: changes role from  FOLLOWER to FOLLOWER at term 418 for recognizeCandidate:2a93f7e5-ecb9-41da-9c47-70e13ba76d7d
2019-10-17 07:44:01,254 [grpc-default-executor-0] INFO  impl.RoleInfo (RoleInfo.java:shutdownFollowerState(121)) - 24020d0b-ce61-4f5a-b0b0-c561541e8cd4: shutdown FollowerState
2019-10-17 07:44:01,255 [grpc-default-executor-1] INFO  impl.RoleInfo (RoleInfo.java:updateAndGet(143)) - 37bd8e8c-ea68-4b1c-8659-8d001c4f3b5c: start FollowerState
2019-10-17 07:44:01,255 [Thread-2958] INFO  impl.FollowerState (FollowerState.java:run(117)) - 24020d0b-ce61-4f5a-b0b0-c561541e8cd4@group-A9EE991D717F-FollowerState was interrupted: java.lang.InterruptedException: sleep interrupted
2019-10-17 07:44:01,255 [grpc-default-executor-0] INFO  impl.RoleInfo (RoleInfo.java:updateAndGet(143)) - 24020d0b-ce61-4f5a-b0b0-c561541e8cd4: start FollowerState
2019-10-17 07:44:01,278 [2a93f7e5-ecb9-41da-9c47-70e13ba76d7d@group-A9EE991D717F-LeaderElection385] INFO  impl.LeaderElection (LeaderElection.java:logAndReturn(56)) - 2a93f7e5-ecb9-41da-9c47-70e13ba76d7d@group-A9EE991D717F-LeaderElection385: Election REJECTED; received 2 response(s) [2a93f7e5-ecb9-41da-9c47-70e13ba76d7d<-37bd8e8c-ea68-4b1c-8659-8d001c4f3b5c#0:FAIL-t418, 2a93f7e5-ecb9-41da-9c47-70e13ba76d7d<-24020d0b-ce61-4f5a-b0b0-c561541e8cd4#0:FAIL-t418] and 0 exception(s); 2a93f7e5-ecb9-41da-9c47-70e13ba76d7d@group-A9EE991D717F:t418, leader=null, voted=2a93f7e5-ecb9-41da-9c47-70e13ba76d7d, raftlog=2a93f7e5-ecb9-41da-9c47-70e13ba76d7d@group-A9EE991D717F-SegmentedRaftLog:OPENED:c-1,f0,i0, conf=0: [37bd8e8c-ea68-4b1c-8659-8d001c4f3b5c:192.168.34.62:41632, 24020d0b-ce61-4f5a-b0b0-c561541e8cd4:192.168.34.62:42892, 2a93f7e5-ecb9-41da-9c47-70e13ba76d7d:192.168.34.62:35412], old=null
2019-10-17 07:44:01,278 [2a93f7e5-ecb9-41da-9c47-70e13ba76d7d@group-A9EE991D717F-LeaderElection385] INFO  impl.RaftServerImpl (RaftServerImpl.java:setRole(184)) - 2a93f7e5-ecb9-41da-9c47-70e13ba76d7d@group-A9EE991D717F: changes role from CANDIDATE to FOLLOWER at term 418 for DISCOVERED_A_NEW_TERM
2019-10-17 07:44:01,278 [2a93f7e5-ecb9-41da-9c47-70e13ba76d7d@group-A9EE991D717F-LeaderElection385] INFO  impl.RoleInfo (RoleInfo.java:shutdownLeaderElection(134)) - 2a93f7e5-ecb9-41da-9c47-70e13ba76d7d: shutdown LeaderElection
2019-10-17 07:44:01,278 [2a93f7e5-ecb9-41da-9c47-70e13ba76d7d@group-A9EE991D717F-LeaderElection385] INFO  impl.RoleInfo (RoleInfo.java:updateAndGet(143)) - 2a93f7e5-ecb9-41da-9c47-70e13ba76d7d: start FollowerState
2019-10-17 07:44:01,357 [Thread-2965] INFO  impl.FollowerState (FollowerState.java:run(108)) - 2a93f7e5-ecb9-41da-9c47-70e13ba76d7d@group-A9EE991D717F-FollowerState: change to CANDIDATE, lastRpcTime:78ms, electionTimeout:78ms
2019-10-17 07:44:01,357 [Thread-2965] INFO  impl.RoleInfo (RoleInfo.java:shutdownFollowerState(121)) - 2a93f7e5-ecb9-41da-9c47-70e13ba76d7d: shutdown FollowerState
2019-10-17 07:44:01,357 [Thread-2965] INFO  impl.RaftServerImpl (RaftServerImpl.java:setRole(184)) - 2a93f7e5-ecb9-41da-9c47-70e13ba76d7d@group-A9EE991D717F: changes role from  FOLLOWER to CANDIDATE at term 418 for changeToCandidate
2019-10-17 07:44:01,357 [Thread-2965] INFO  impl.RoleInfo (RoleInfo.java:updateAndGet(143)) - 2a93f7e5-ecb9-41da-9c47-70e13ba76d7d: start LeaderElection
2019-10-17 07:44:01,385 [2a93f7e5-ecb9-41da-9c47-70e13ba76d7d@group-A9EE991D717F-LeaderElection386] INFO  impl.LeaderElection (LeaderElection.java:askForVotes(178)) - 2a93f7e5-ecb9-41da-9c47-70e13ba76d7d@group-A9EE991D717F-LeaderElection386: begin an election at term 419 for 0: [37bd8e8c-ea68-4b1c-8659-8d001c4f3b5c:192.168.34.62:41632, 24020d0b-ce61-4f5a-b0b0-c561541e8cd4:192.168.34.62:42892, 2a93f7e5-ecb9-41da-9c47-70e13ba76d7d:192.168.34.62:35412], old=null
2019-10-17 07:44:01,387 [grpc-default-executor-0] INFO  impl.RaftServerImpl (RaftServerImpl.java:setRole(184)) - 37bd8e8c-ea68-4b1c-8659-8d001c4f3b5c@group-A9EE991D717F: changes role from  FOLLOWER to FOLLOWER at term 419 for recognizeCandidate:2a93f7e5-ecb9-41da-9c47-70e13ba76d7d
2019-10-17 07:44:01,388 [grpc-default-executor-0] INFO  impl.RoleInfo (RoleInfo.java:shutdownFollowerState(121)) - 37bd8e8c-ea68-4b1c-8659-8d001c4f3b5c: shutdown FollowerState
2019-10-17 07:44:01,388 [grpc-default-executor-0] INFO  impl.RoleInfo (RoleInfo.java:updateAndGet(143)) - 37bd8e8c-ea68-4b1c-8659-8d001c4f3b5c: start FollowerState
2019-10-17 07:44:01,388 [Thread-2963] INFO  impl.FollowerState (FollowerState.java:run(117)) - 37bd8e8c-ea68-4b1c-8659-8d001c4f3b5c@group-A9EE991D717F-FollowerState was interrupted: java.lang.InterruptedException: sleep interrupted
2019-10-17 07:44:01,388 [grpc-default-executor-1] INFO  impl.RaftServerImpl (RaftServerImpl.java:setRole(184)) - 24020d0b-ce61-4f5a-b0b0-c561541e8cd4@group-A9EE991D717F: changes role from  FOLLOWER to FOLLOWER at term 419 for recognizeCandidate:2a93f7e5-ecb9-41da-9c47-70e13ba76d7d
2019-10-17 07:44:01,388 [grpc-default-executor-1] INFO  impl.RoleInfo (RoleInfo.java:shutdownFollowerState(121)) - 24020d0b-ce61-4f5a-b0b0-c561541e8cd4: shutdown FollowerState
2019-10-17 07:44:01,388 [grpc-default-executor-1] INFO  impl.RoleInfo (RoleInfo.java:updateAndGet(143)) - 24020d0b-ce61-4f5a-b0b0-c561541e8cd4: start FollowerState
2019-10-17 07:44:01,388 [Thread-2964] INFO  impl.FollowerState (FollowerState.java:run(117)) - 24020d0b-ce61-4f5a-b0b0-c561541e8cd4@group-A9EE991D717F-FollowerState was interrupted: java.lang.InterruptedException: sleep interrupted
2019-10-17 07:44:01,397 [2a93f7e5-ecb9-41da-9c47-70e13ba76d7d@group-A9EE991D717F-LeaderElection386] INFO  impl.LeaderElection (LeaderElection.java:logAndReturn(56)) - 2a93f7e5-ecb9-41da-9c47-70e13ba76d7d@group-A9EE991D717F-LeaderElection386: Election TIMEOUT; received 0 response(s) [] and 0 exception(s); 2a93f7e5-ecb9-41da-9c47-70e13ba76d7d@group-A9EE991D717F:t419, leader=null, voted=2a93f7e5-ecb9-41da-9c47-70e13ba76d7d, raftlog=2a93f7e5-ecb9-41da-9c47-70e13ba76d7d@group-A9EE991D717F-SegmentedRaftLog:OPENED:c-1,f0,i0, conf=0: [37bd8e8c-ea68-4b1c-8659-8d001c4f3b5c:192.168.34.62:41632, 24020d0b-ce61-4f5a-b0b0-c561541e8cd4:192.168.34.62:42892, 2a93f7e5-ecb9-41da-9c47-70e13ba76d7d:192.168.34.62:35412], old=null
2019-10-17 07:44:01,428 [2a93f7e5-ecb9-41da-9c47-70e13ba76d7d@group-A9EE991D717F-LeaderElection386] INFO  impl.LeaderElection (LeaderElection.java:askForVotes(178)) - 2a93f7e5-ecb9-41da-9c47-70e13ba76d7d@group-A9EE991D717F-LeaderElection386: begin an election at term 420 for 0: [37bd8e8c-ea68-4b1c-8659-8d001c4f3b5c:192.168.34.62:41632, 24020d0b-ce61-4f5a-b0b0-c561541e8cd4:192.168.34.62:42892, 2a93f7e5-ecb9-41da-9c47-70e13ba76d7d:192.168.34.62:35412], old=null
2019-10-17 07:44:01,430 [grpc-default-executor-1] INFO  impl.RaftServerImpl (RaftServerImpl.java:setRole(184)) - 37bd8e8c-ea68-4b1c-8659-8d001c4f3b5c@group-A9EE991D717F: changes role from  FOLLOWER to FOLLOWER at term 420 for recognizeCandidate:2a93f7e5-ecb9-41da-9c47-70e13ba76d7d
2019-10-17 07:44:01,430 [grpc-default-executor-1] INFO  impl.RoleInfo (RoleInfo.java:shutdownFollowerState(121)) - 37bd8e8c-ea68-4b1c-8659-8d001c4f3b5c: shutdown FollowerState
2019-10-17 07:44:01,430 [grpc-default-executor-0] INFO  impl.RaftServerImpl (RaftServerImpl.java:setRole(184)) - 24020d0b-ce61-4f5a-b0b0-c561541e8cd4@group-A9EE991D717F: changes role from  FOLLOWER to FOLLOWER at term 420 for recognizeCandidate:2a93f7e5-ecb9-41da-9c47-70e13ba76d7d
2019-10-17 07:44:01,431 [grpc-default-executor-0] INFO  impl.RoleInfo (RoleInfo.java:shutdownFollowerState(121)) - 24020d0b-ce61-4f5a-b0b0-c561541e8cd4: shutdown FollowerState
2019-10-17 07:44:01,431 [Thread-2969] INFO  impl.FollowerState (FollowerState.java:run(117)) - 37bd8e8c-ea68-4b1c-8659-8d001c4f3b5c@group-A9EE991D717F-FollowerState was interrupted: java.lang.InterruptedException: sleep interrupted
2019-10-17 07:44:01,430 [grpc-default-executor-1] INFO  impl.RoleInfo (RoleInfo.java:updateAndGet(143)) - 37bd8e8c-ea68-4b1c-8659-8d001c4f3b5c: start FollowerState
2019-10-17 07:44:01,431 [Thread-2970] INFO  impl.FollowerState (FollowerState.java:run(117)) - 24020d0b-ce61-4f5a-b0b0-c561541e8cd4@group-A9EE991D717F-FollowerState was interrupted: java.lang.InterruptedException: sleep interrupted
2019-10-17 07:44:01,431 [grpc-default-executor-0] INFO  impl.RoleInfo (RoleInfo.java:updateAndGet(143)) - 24020d0b-ce61-4f5a-b0b0-c561541e8cd4: start FollowerState
2019-10-17 07:44:01,454 [2a93f7e5-ecb9-41da-9c47-70e13ba76d7d@group-A9EE991D717F-LeaderElection386] INFO  impl.LeaderElection (LeaderElection.java:logAndReturn(56)) - 2a93f7e5-ecb9-41da-9c47-70e13ba76d7d@group-A9EE991D717F-LeaderElection386: Election REJECTED; received 2 response(s) [2a93f7e5-ecb9-41da-9c47-70e13ba76d7d<-37bd8e8c-ea68-4b1c-8659-8d001c4f3b5c#0:FAIL-t420, 2a93f7e5-ecb9-41da-9c47-70e13ba76d7d<-24020d0b-ce61-4f5a-b0b0-c561541e8cd4#0:FAIL-t420] and 0 exception(s); 2a93f7e5-ecb9-41da-9c47-70e13ba76d7d@group-A9EE991D717F:t420, leader=null, voted=2a93f7e5-ecb9-41da-9c47-70e13ba76d7d, raftlog=2a93f7e5-ecb9-41da-9c47-70e13ba76d7d@group-A9EE991D717F-SegmentedRaftLog:OPENED:c-1,f0,i0, conf=0: [37bd8e8c-ea68-4b1c-8659-8d001c4f3b5c:192.168.34.62:41632, 24020d0b-ce61-4f5a-b0b0-c561541e8cd4:192.168.34.62:42892, 2a93f7e5-ecb9-41da-9c47-70e13ba76d7d:192.168.34.62:35412], old=null
2019-10-17 07:44:01,454 [2a93f7e5-ecb9-41da-9c47-70e13ba76d7d@group-A9EE991D717F-LeaderElection386] INFO  impl.RaftServerImpl (RaftServerImpl.java:setRole(184)) - 2a93f7e5-ecb9-41da-9c47-70e13ba76d7d@group-A9EE991D717F: changes role from CANDIDATE to FOLLOWER at term 420 for DISCOVERED_A_NEW_TERM
2019-10-17 07:44:01,454 [2a93f7e5-ecb9-41da-9c47-70e13ba76d7d@group-A9EE991D717F-LeaderElection386] INFO  impl.RoleInfo (RoleInfo.java:shutdownLeaderElection(134)) - 2a93f7e5-ecb9-41da-9c47-70e13ba76d7d: shutdown LeaderElection
2019-10-17 07:44:01,455 [2a93f7e5-ecb9-41da-9c47-70e13ba76d7d@group-A9EE991D717F-LeaderElection386] INFO  impl.RoleInfo (RoleInfo.java:updateAndGet(143)) - 2a93f7e5-ecb9-41da-9c47-70e13ba76d7d: start FollowerState
2019-10-17 07:44:01,612 [Thread-2975] INFO  impl.FollowerState (FollowerState.java:run(108)) - 2a93f7e5-ecb9-41da-9c47-70e13ba76d7d@group-A9EE991D717F-FollowerState: change to CANDIDATE, lastRpcTime:157ms, electionTimeout:157ms
2019-10-17 07:44:01,612 [Thread-2975] INFO  impl.RoleInfo (RoleInfo.java:shutdownFollowerState(121)) - 2a93f7e5-ecb9-41da-9c47-70e13ba76d7d: shutdown FollowerState
2019-10-17 07:44:01,612 [Thread-2975] INFO  impl.RaftServerImpl (RaftServerImpl.java:setRole(184)) - 2a93f7e5-ecb9-41da-9c47-70e13ba76d7d@group-A9EE991D717F: changes role from  FOLLOWER to CANDIDATE at term 420 for changeToCandidate
2019-10-17 07:44:01,613 [Thread-2975] INFO  impl.RoleInfo (RoleInfo.java:updateAndGet(143)) - 2a93f7e5-ecb9-41da-9c47-70e13ba76d7d: start LeaderElection
2019-10-17 07:44:01,645 [2a93f7e5-ecb9-41da-9c47-70e13ba76d7d@group-A9EE991D717F-LeaderElection387] INFO  impl.LeaderElection (LeaderElection.java:askForVotes(178)) - 2a93f7e5-ecb9-41da-9c47-70e13ba76d7d@group-A9EE991D717F-LeaderElection387: begin an election at term 421 for 0: [37bd8e8c-ea68-4b1c-8659-8d001c4f3b5c:192.168.34.62:41632, 24020d0b-ce61-4f5a-b0b0-c561541e8cd4:192.168.34.62:42892, 2a93f7e5-ecb9-41da-9c47-70e13ba76d7d:192.168.34.62:35412], old=null
2019-10-17 07:44:01,648 [grpc-default-executor-0] INFO  impl.RaftServerImpl (RaftServerImpl.java:setRole(184)) - 37bd8e8c-ea68-4b1c-8659-8d001c4f3b5c@group-A9EE991D717F: changes role from  FOLLOWER to FOLLOWER at term 421 for recognizeCandidate:2a93f7e5-ecb9-41da-9c47-70e13ba76d7d
2019-10-17 07:44:01,648 [grpc-default-executor-0] INFO  impl.RoleInfo (RoleInfo.java:shutdownFollowerState(121)) - 37bd8e8c-ea68-4b1c-8659-8d001c4f3b5c: shutdown FollowerState
2019-10-17 07:44:01,648 [grpc-default-executor-0] INFO  impl.RoleInfo (RoleInfo.java:updateAndGet(143)) - 37bd8e8c-ea68-4b1c-8659-8d001c4f3b5c: start FollowerState
2019-10-17 07:44:01,648 [Thread-2973] INFO  impl.FollowerState (FollowerState.java:run(117)) - 37bd8e8c-ea68-4b1c-8659-8d001c4f3b5c@group-A9EE991D717F-FollowerState was interrupted: java.lang.InterruptedException: sleep interrupted
2019-10-17 07:44:01,648 [grpc-default-executor-1] INFO  impl.RaftServerImpl (RaftServerImpl.java:setRole(184)) - 24020d0b-ce61-4f5a-b0b0-c561541e8cd4@group-A9EE991D717F: changes role from  FOLLOWER to FOLLOWER at term 421 for recognizeCandidate:2a93f7e5-ecb9-41da-9c47-70e13ba76d7d
2019-10-17 07:44:01,649 [grpc-default-executor-1] INFO  impl.RoleInfo (RoleInfo.java:shutdownFollowerState(121)) - 24020d0b-ce61-4f5a-b0b0-c561541e8cd4: shutdown FollowerState
2019-10-17 07:44:01,649 [grpc-default-executor-1] INFO  impl.RoleInfo (RoleInfo.java:updateAndGet(143)) - 24020d0b-ce61-4f5a-b0b0-c561541e8cd4: start FollowerState
2019-10-17 07:44:01,649 [Thread-2974] INFO  impl.FollowerState (FollowerState.java:run(117)) - 24020d0b-ce61-4f5a-b0b0-c561541e8cd4@group-A9EE991D717F-FollowerState was interrupted: java.lang.InterruptedException: sleep interrupted
2019-10-17 07:44:01,672 [2a93f7e5-ecb9-41da-9c47-70e13ba76d7d@group-A9EE991D717F-LeaderElection387] INFO  impl.LeaderElection (LeaderElection.java:logAndReturn(56)) - 2a93f7e5-ecb9-41da-9c47-70e13ba76d7d@group-A9EE991D717F-LeaderElection387: Election REJECTED; received 2 response(s) [2a93f7e5-ecb9-41da-9c47-70e13ba76d7d<-37bd8e8c-ea68-4b1c-8659-8d001c4f3b5c#0:FAIL-t421, 2a93f7e5-ecb9-41da-9c47-70e13ba76d7d<-24020d0b-ce61-4f5a-b0b0-c561541e8cd4#0:FAIL-t421] and 0 exception(s); 2a93f7e5-ecb9-41da-9c47-70e13ba76d7d@group-A9EE991D717F:t421, leader=null, voted=2a93f7e5-ecb9-41da-9c47-70e13ba76d7d, raftlog=2a93f7e5-ecb9-41da-9c47-70e13ba76d7d@group-A9EE991D717F-SegmentedRaftLog:OPENED:c-1,f0,i0, conf=0: [37bd8e8c-ea68-4b1c-8659-8d001c4f3b5c:192.168.34.62:41632, 24020d0b-ce61-4f5a-b0b0-c561541e8cd4:192.168.34.62:42892, 2a93f7e5-ecb9-41da-9c47-70e13ba76d7d:192.168.34.62:35412], old=null
2019-10-17 07:44:01,672 [2a93f7e5-ecb9-41da-9c47-70e13ba76d7d@group-A9EE991D717F-LeaderElection387] INFO  impl.RaftServerImpl (RaftServerImpl.java:setRole(184)) - 2a93f7e5-ecb9-41da-9c47-70e13ba76d7d@group-A9EE991D717F: changes role from CANDIDATE to FOLLOWER at term 421 for DISCOVERED_A_NEW_TERM
2019-10-17 07:44:01,673 [2a93f7e5-ecb9-41da-9c47-70e13ba76d7d@group-A9EE991D717F-LeaderElection387] INFO  impl.RoleInfo (RoleInfo.java:shutdownLeaderElection(134)) - 2a93f7e5-ecb9-41da-9c47-70e13ba76d7d: shutdown LeaderElection
2019-10-17 07:44:01,673 [2a93f7e5-ecb9-41da-9c47-70e13ba76d7d@group-A9EE991D717F-LeaderElection387] INFO  impl.RoleInfo (RoleInfo.java:updateAndGet(143)) - 2a93f7e5-ecb9-41da-9c47-70e13ba76d7d: start FollowerState
2019-10-17 07:44:01,871 [Thread-2981] INFO  impl.FollowerState (FollowerState.java:run(108)) - 2a93f7e5-ecb9-41da-9c47-70e13ba76d7d@group-A9EE991D717F-FollowerState: change to CANDIDATE, lastRpcTime:198ms, electionTimeout:198ms
2019-10-17 07:44:01,871 [Thread-2981] INFO  impl.RoleInfo (RoleInfo.java:shutdownFollowerState(121)) - 2a93f7e5-ecb9-41da-9c47-70e13ba76d7d: shutdown FollowerState
2019-10-17 07:44:01,872 [Thread-2981] INFO  impl.RaftServerImpl (RaftServerImpl.java:setRole(184)) - 2a93f7e5-ecb9-41da-9c47-70e13ba76d7d@group-A9EE991D717F: changes role from  FOLLOWER to CANDIDATE at term 421 for changeToCandidate
2019-10-17 07:44:01,872 [Thread-2981] INFO  impl.RoleInfo (RoleInfo.java:updateAndGet(143)) - 2a93f7e5-ecb9-41da-9c47-70e13ba76d7d: start LeaderElection
2019-10-17 07:44:01,896 [2a93f7e5-ecb9-41da-9c47-70e13ba76d7d@group-A9EE991D717F-LeaderElection388] INFO  impl.LeaderElection (LeaderElection.java:askForVotes(178)) - 2a93f7e5-ecb9-41da-9c47-70e13ba76d7d@group-A9EE991D717F-LeaderElection388: begin an election at term 422 for 0: [37bd8e8c-ea68-4b1c-8659-8d001c4f3b5c:192.168.34.62:41632, 24020d0b-ce61-4f5a-b0b0-c561541e8cd4:192.168.34.62:42892, 2a93f7e5-ecb9-41da-9c47-70e13ba76d7d:192.168.34.62:35412], old=null
2019-10-17 07:44:01,900 [grpc-default-executor-0] INFO  impl.RaftServerImpl (RaftServerImpl.java:setRole(184)) - 37bd8e8c-ea68-4b1c-8659-8d001c4f3b5c@group-A9EE991D717F: changes role from  FOLLOWER to FOLLOWER at term 422 for recognizeCandidate:2a93f7e5-ecb9-41da-9c47-70e13ba76d7d
2019-10-17 07:44:01,900 [grpc-default-executor-0] INFO  impl.RoleInfo (RoleInfo.java:shutdownFollowerState(121)) - 37bd8e8c-ea68-4b1c-8659-8d001c4f3b5c: shutdown FollowerState
2019-10-17 07:44:01,900 [grpc-default-executor-1] INFO  impl.RaftServerImpl (RaftServerImpl.java:setRole(184)) - 24020d0b-ce61-4f5a-b0b0-c561541e8cd4@group-A9EE991D717F: changes role from  FOLLOWER to FOLLOWER at term 422 for recognizeCandidate:2a93f7e5-ecb9-41da-9c47-70e13ba76d7d
2019-10-17 07:44:01,900 [Thread-2979] INFO  impl.FollowerState (FollowerState.java:run(117)) - 37bd8e8c-ea68-4b1c-8659-8d001c4f3b5c@group-A9EE991D717F-FollowerState was interrupted: java.lang.InterruptedException: sleep interrupted
2019-10-17 07:44:01,900 [grpc-default-executor-1] INFO  impl.RoleInfo (RoleInfo.java:shutdownFollowerState(121)) - 24020d0b-ce61-4f5a-b0b0-c561541e8cd4: shutdown FollowerState
2019-10-17 07:44:01,900 [grpc-default-executor-0] INFO  impl.RoleInfo (RoleInfo.java:updateAndGet(143)) - 37bd8e8c-ea68-4b1c-8659-8d001c4f3b5c: start FollowerState
2019-10-17 07:44:01,901 [Thread-2980] INFO  impl.FollowerState (FollowerState.java:run(117)) - 24020d0b-ce61-4f5a-b0b0-c561541e8cd4@group-A9EE991D717F-FollowerState was interrupted: java.lang.InterruptedException: sleep interrupted
2019-10-17 07:44:01,901 [grpc-default-executor-1] INFO  impl.RoleInfo (RoleInfo.java:updateAndGet(143)) - 24020d0b-ce61-4f5a-b0b0-c561541e8cd4: start FollowerState
2019-10-17 07:44:01,931 [2a93f7e5-ecb9-41da-9c47-70e13ba76d7d@group-A9EE991D717F-LeaderElection388] INFO  impl.LeaderElection (LeaderElection.java:logAndReturn(56)) - 2a93f7e5-ecb9-41da-9c47-70e13ba76d7d@group-A9EE991D717F-LeaderElection388: Election REJECTED; received 2 response(s) [2a93f7e5-ecb9-41da-9c47-70e13ba76d7d<-37bd8e8c-ea68-4b1c-8659-8d001c4f3b5c#0:FAIL-t422, 2a93f7e5-ecb9-41da-9c47-70e13ba76d7d<-24020d0b-ce61-4f5a-b0b0-c561541e8cd4#0:FAIL-t422] and 0 exception(s); 2a93f7e5-ecb9-41da-9c47-70e13ba76d7d@group-A9EE991D717F:t422, leader=null, voted=2a93f7e5-ecb9-41da-9c47-70e13ba76d7d, raftlog=2a93f7e5-ecb9-41da-9c47-70e13ba76d7d@group-A9EE991D717F-SegmentedRaftLog:OPENED:c-1,f0,i0, conf=0: [37bd8e8c-ea68-4b1c-8659-8d001c4f3b5c:192.168.34.62:41632, 24020d0b-ce61-4f5a-b0b0-c561541e8cd4:192.168.34.62:42892, 2a93f7e5-ecb9-41da-9c47-70e13ba76d7d:192.168.34.62:35412], old=null
2019-10-17 07:44:01,931 [2a93f7e5-ecb9-41da-9c47-70e13ba76d7d@group-A9EE991D717F-LeaderElection388] INFO  impl.RaftServerImpl (RaftServerImpl.java:setRole(184)) - 2a93f7e5-ecb9-41da-9c47-70e13ba76d7d@group-A9EE991D717F: changes role from CANDIDATE to FOLLOWER at term 422 for DISCOVERED_A_NEW_TERM
2019-10-17 07:44:01,931 [2a93f7e5-ecb9-41da-9c47-70e13ba76d7d@group-A9EE991D717F-LeaderElection388] INFO  impl.RoleInfo (RoleInfo.java:shutdownLeaderElection(134)) - 2a93f7e5-ecb9-41da-9c47-70e13ba76d7d: shutdown LeaderElection
2019-10-17 07:44:01,931 [2a93f7e5-ecb9-41da-9c47-70e13ba76d7d@group-A9EE991D717F-LeaderElection388] INFO  impl.RoleInfo (RoleInfo.java:updateAndGet(143)) - 2a93f7e5-ecb9-41da-9c47-70e13ba76d7d: start FollowerState
2019-10-17 07:44:02,027 [Thread-2987] INFO  impl.FollowerState (FollowerState.java:run(108)) - 2a93f7e5-ecb9-41da-9c47-70e13ba76d7d@group-A9EE991D717F-FollowerState: change to CANDIDATE, lastRpcTime:95ms, electionTimeout:95ms
2019-10-17 07:44:02,027 [Thread-2987] INFO  impl.RoleInfo (RoleInfo.java:shutdownFollowerState(121)) - 2a93f7e5-ecb9-41da-9c47-70e13ba76d7d: shutdown FollowerState
2019-10-17 07:44:02,027 [Thread-2987] INFO  impl.RaftServerImpl (RaftServerImpl.java:setRole(184)) - 2a93f7e5-ecb9-41da-9c47-70e13ba76d7d@group-A9EE991D717F: changes role from  FOLLOWER to CANDIDATE at term 422 for changeToCandidate
2019-10-17 07:44:02,027 [Thread-2987] INFO  impl.RoleInfo (RoleInfo.java:updateAndGet(143)) - 2a93f7e5-ecb9-41da-9c47-70e13ba76d7d: start LeaderElection
2019-10-17 07:44:02,055 [2a93f7e5-ecb9-41da-9c47-70e13ba76d7d@group-A9EE991D717F-LeaderElection389] INFO  impl.LeaderElection (LeaderElection.java:askForVotes(178)) - 2a93f7e5-ecb9-41da-9c47-70e13ba76d7d@group-A9EE991D717F-LeaderElection389: begin an election at term 423 for 0: [37bd8e8c-ea68-4b1c-8659-8d001c4f3b5c:192.168.34.62:41632, 24020d0b-ce61-4f5a-b0b0-c561541e8cd4:192.168.34.62:42892, 2a93f7e5-ecb9-41da-9c47-70e13ba76d7d:192.168.34.62:35412], old=null
2019-10-17 07:44:02,057 [grpc-default-executor-1] INFO  impl.RaftServerImpl (RaftServerImpl.java:setRole(184)) - 24020d0b-ce61-4f5a-b0b0-c561541e8cd4@group-A9EE991D717F: changes role from  FOLLOWER to FOLLOWER at term 423 for recognizeCandidate:2a93f7e5-ecb9-41da-9c47-70e13ba76d7d
2019-10-17 07:44:02,057 [grpc-default-executor-1] INFO  impl.RoleInfo (RoleInfo.java:shutdownFollowerState(121)) - 24020d0b-ce61-4f5a-b0b0-c561541e8cd4: shutdown FollowerState
2019-10-17 07:44:02,058 [grpc-default-executor-1] INFO  impl.RoleInfo (RoleInfo.java:updateAndGet(143)) - 24020d0b-ce61-4f5a-b0b0-c561541e8cd4: start FollowerState
2019-10-17 07:44:02,058 [Thread-2986] INFO  impl.FollowerState (FollowerState.java:run(117)) - 24020d0b-ce61-4f5a-b0b0-c561541e8cd4@group-A9EE991D717F-FollowerState was interrupted: java.lang.InterruptedException: sleep interrupted
2019-10-17 07:44:02,058 [grpc-default-executor-0] INFO  impl.RaftServerImpl (RaftServerImpl.java:setRole(184)) - 37bd8e8c-ea68-4b1c-8659-8d001c4f3b5c@group-A9EE991D717F: changes role from  FOLLOWER to FOLLOWER at term 423 for recognizeCandidate:2a93f7e5-ecb9-41da-9c47-70e13ba76d7d
2019-10-17 07:44:02,058 [grpc-default-executor-0] INFO  impl.RoleInfo (RoleInfo.java:shutdownFollowerState(121)) - 37bd8e8c-ea68-4b1c-8659-8d001c4f3b5c: shutdown FollowerState
2019-10-17 07:44:02,058 [grpc-default-executor-0] INFO  impl.RoleInfo (RoleInfo.java:updateAndGet(143)) - 37bd8e8c-ea68-4b1c-8659-8d001c4f3b5c: start FollowerState
2019-10-17 07:44:02,058 [Thread-2985] INFO  impl.FollowerState (FollowerState.java:run(117)) - 37bd8e8c-ea68-4b1c-8659-8d001c4f3b5c@group-A9EE991D717F-FollowerState was interrupted: java.lang.InterruptedException: sleep interrupted
2019-10-17 07:44:02,081 [2a93f7e5-ecb9-41da-9c47-70e13ba76d7d@group-A9EE991D717F-LeaderElection389] INFO  impl.LeaderElection (LeaderElection.java:logAndReturn(56)) - 2a93f7e5-ecb9-41da-9c47-70e13ba76d7d@group-A9EE991D717F-LeaderElection389: Election REJECTED; received 2 response(s) [2a93f7e5-ecb9-41da-9c47-70e13ba76d7d<-37bd8e8c-ea68-4b1c-8659-8d001c4f3b5c#0:FAIL-t423, 2a93f7e5-ecb9-41da-9c47-70e13ba76d7d<-24020d0b-ce61-4f5a-b0b0-c561541e8cd4#0:FAIL-t423] and 0 exception(s); 2a93f7e5-ecb9-41da-9c47-70e13ba76d7d@group-A9EE991D717F:t423, leader=null, voted=2a93f7e5-ecb9-41da-9c47-70e13ba76d7d, raftlog=2a93f7e5-ecb9-41da-9c47-70e13ba76d7d@group-A9EE991D717F-SegmentedRaftLog:OPENED:c-1,f0,i0, conf=0: [37bd8e8c-ea68-4b1c-8659-8d001c4f3b5c:192.168.34.62:41632, 24020d0b-ce61-4f5a-b0b0-c561541e8cd4:192.168.34.62:42892, 2a93f7e5-ecb9-41da-9c47-70e13ba76d7d:192.168.34.62:35412], old=null
2019-10-17 07:44:02,081 [2a93f7e5-ecb9-41da-9c47-70e13ba76d7d@group-A9EE991D717F-LeaderElection389] INFO  impl.RaftServerImpl (RaftServerImpl.java:setRole(184)) - 2a93f7e5-ecb9-41da-9c47-70e13ba76d7d@group-A9EE991D717F: changes role from CANDIDATE to FOLLOWER at term 423 for DISCOVERED_A_NEW_TERM
2019-10-17 07:44:02,082 [2a93f7e5-ecb9-41da-9c47-70e13ba76d7d@group-A9EE991D717F-LeaderElection389] INFO  impl.RoleInfo (RoleInfo.java:shutdownLeaderElection(134)) - 2a93f7e5-ecb9-41da-9c47-70e13ba76d7d: shutdown LeaderElection
2019-10-17 07:44:02,082 [2a93f7e5-ecb9-41da-9c47-70e13ba76d7d@group-A9EE991D717F-LeaderElection389] INFO  impl.RoleInfo (RoleInfo.java:updateAndGet(143)) - 2a93f7e5-ecb9-41da-9c47-70e13ba76d7d: start FollowerState
2019-10-17 07:44:02,114 [Thread-2993] INFO  impl.FollowerState (FollowerState.java:run(108)) - 2a93f7e5-ecb9-41da-9c47-70e13ba76d7d@group-A9EE991D717F-FollowerState: change to CANDIDATE, lastRpcTime:32ms, electionTimeout:32ms
2019-10-17 07:44:02,114 [Thread-2993] INFO  impl.RoleInfo (RoleInfo.java:shutdownFollowerState(121)) - 2a93f7e5-ecb9-41da-9c47-70e13ba76d7d: shutdown FollowerState
2019-10-17 07:44:02,114 [Thread-2993] INFO  impl.RaftServerImpl (RaftServerImpl.java:setRole(184)) - 2a93f7e5-ecb9-41da-9c47-70e13ba76d7d@group-A9EE991D717F: changes role from  FOLLOWER to CANDIDATE at term 423 for changeToCandidate
2019-10-17 07:44:02,115 [Thread-2993] INFO  impl.RoleInfo (RoleInfo.java:updateAndGet(143)) - 2a93f7e5-ecb9-41da-9c47-70e13ba76d7d: start LeaderElection
2019-10-17 07:44:02,139 [2a93f7e5-ecb9-41da-9c47-70e13ba76d7d@group-A9EE991D717F-LeaderElection390] INFO  impl.LeaderElection (LeaderElection.java:askForVotes(178)) - 2a93f7e5-ecb9-41da-9c47-70e13ba76d7d@group-A9EE991D717F-LeaderElection390: begin an election at term 424 for 0: [37bd8e8c-ea68-4b1c-8659-8d001c4f3b5c:192.168.34.62:41632, 24020d0b-ce61-4f5a-b0b0-c561541e8cd4:192.168.34.62:42892, 2a93f7e5-ecb9-41da-9c47-70e13ba76d7d:192.168.34.62:35412], old=null
2019-10-17 07:44:02,141 [grpc-default-executor-0] INFO  impl.RaftServerImpl (RaftServerImpl.java:setRole(184)) - 37bd8e8c-ea68-4b1c-8659-8d001c4f3b5c@group-A9EE991D717F: changes role from  FOLLOWER to FOLLOWER at term 424 for recognizeCandidate:2a93f7e5-ecb9-41da-9c47-70e13ba76d7d
2019-10-17 07:44:02,141 [grpc-default-executor-0] INFO  impl.RoleInfo (RoleInfo.java:shutdownFollowerState(121)) - 37bd8e8c-ea68-4b1c-8659-8d001c4f3b5c: shutdown FollowerState
2019-10-17 07:44:02,141 [grpc-default-executor-1] INFO  impl.RaftServerImpl (RaftServerImpl.java:setRole(184)) - 24020d0b-ce61-4f5a-b0b0-c561541e8cd4@group-A9EE991D717F: changes role from  FOLLOWER to FOLLOWER at term 424 for recognizeCandidate:2a93f7e5-ecb9-41da-9c47-70e13ba76d7d
2019-10-17 07:44:02,142 [grpc-default-executor-1] INFO  impl.RoleInfo (RoleInfo.java:shutdownFollowerState(121)) - 24020d0b-ce61-4f5a-b0b0-c561541e8cd4: shutdown FollowerState
2019-10-17 07:44:02,141 [Thread-2992] INFO  impl.FollowerState (FollowerState.java:run(117)) - 37bd8e8c-ea68-4b1c-8659-8d001c4f3b5c@group-A9EE991D717F-FollowerState was interrupted: java.lang.InterruptedException: sleep interrupted
2019-10-17 07:44:02,141 [grpc-default-executor-0] INFO  impl.RoleInfo (RoleInfo.java:updateAndGet(143)) - 37bd8e8c-ea68-4b1c-8659-8d001c4f3b5c: start FollowerState
2019-10-17 07:44:02,142 [Thread-2991] INFO  impl.FollowerState (FollowerState.java:run(117)) - 24020d0b-ce61-4f5a-b0b0-c561541e8cd4@group-A9EE991D717F-FollowerState was interrupted: java.lang.InterruptedException: sleep interrupted
2019-10-17 07:44:02,142 [grpc-default-executor-1] INFO  impl.RoleInfo (RoleInfo.java:updateAndGet(143)) - 24020d0b-ce61-4f5a-b0b0-c561541e8cd4: start FollowerState
2019-10-17 07:44:02,165 [2a93f7e5-ecb9-41da-9c47-70e13ba76d7d@group-A9EE991D717F-LeaderElection390] INFO  impl.LeaderElection (LeaderElection.java:logAndReturn(56)) - 2a93f7e5-ecb9-41da-9c47-70e13ba76d7d@group-A9EE991D717F-LeaderElection390: Election REJECTED; received 2 response(s) [2a93f7e5-ecb9-41da-9c47-70e13ba76d7d<-37bd8e8c-ea68-4b1c-8659-8d001c4f3b5c#0:FAIL-t424, 2a93f7e5-ecb9-41da-9c47-70e13ba76d7d<-24020d0b-ce61-4f5a-b0b0-c561541e8cd4#0:FAIL-t424] and 0 exception(s); 2a93f7e5-ecb9-41da-9c47-70e13ba76d7d@group-A9EE991D717F:t424, leader=null, voted=2a93f7e5-ecb9-41da-9c47-70e13ba76d7d, raftlog=2a93f7e5-ecb9-41da-9c47-70e13ba76d7d@group-A9EE991D717F-SegmentedRaftLog:OPENED:c-1,f0,i0, conf=0: [37bd8e8c-ea68-4b1c-8659-8d001c4f3b5c:192.168.34.62:41632, 24020d0b-ce61-4f5a-b0b0-c561541e8cd4:192.168.34.62:42892, 2a93f7e5-ecb9-41da-9c47-70e13ba76d7d:192.168.34.62:35412], old=null
2019-10-17 07:44:02,166 [2a93f7e5-ecb9-41da-9c47-70e13ba76d7d@group-A9EE991D717F-LeaderElection390] INFO  impl.RaftServerImpl (RaftServerImpl.java:setRole(184)) - 2a93f7e5-ecb9-41da-9c47-70e13ba76d7d@group-A9EE991D717F: changes role from CANDIDATE to FOLLOWER at term 424 for DISCOVERED_A_NEW_TERM
2019-10-17 07:44:02,166 [2a93f7e5-ecb9-41da-9c47-70e13ba76d7d@group-A9EE991D717F-LeaderElection390] INFO  impl.RoleInfo (RoleInfo.java:shutdownLeaderElection(134)) - 2a93f7e5-ecb9-41da-9c47-70e13ba76d7d: shutdown LeaderElection
2019-10-17 07:44:02,166 [2a93f7e5-ecb9-41da-9c47-70e13ba76d7d@group-A9EE991D717F-LeaderElection390] INFO  impl.RoleInfo (RoleInfo.java:updateAndGet(143)) - 2a93f7e5-ecb9-41da-9c47-70e13ba76d7d: start FollowerState
2019-10-17 07:44:02,244 [main] INFO  ozone.MiniOzoneClusterImpl (MiniOzoneClusterImpl.java:shutdown(352)) - Shutting down the Mini Ozone Cluster
2019-10-17 07:44:02,245 [main] INFO  ozone.MiniOzoneClusterImpl (MiniOzoneClusterImpl.java:stop(368)) - Stopping the Mini Ozone Cluster
2019-10-17 07:44:02,245 [main] INFO  ozone.MiniOzoneClusterImpl (MiniOzoneClusterImpl.java:stopOM(438)) - Stopping the OzoneManager
2019-10-17 07:44:02,245 [main] INFO  ipc.Server (Server.java:stop(3082)) - Stopping server on 34783
2019-10-17 07:44:02,248 [IPC Server listener on 34783] INFO  ipc.Server (Server.java:run(1185)) - Stopping IPC Server listener on 34783
2019-10-17 07:44:02,248 [main] INFO  ratis.OzoneManagerDoubleBuffer (OzoneManagerDoubleBuffer.java:stop(250)) - Stopping OMDoubleBuffer flush thread
2019-10-17 07:44:02,248 [IPC Server Responder] INFO  ipc.Server (Server.java:run(1319)) - Stopping IPC Server Responder
2019-10-17 07:44:02,249 [OMDoubleBufferFlushThread] INFO  ratis.OzoneManagerDoubleBuffer (OzoneManagerDoubleBuffer.java:flushTransactions(193)) - OMDoubleBuffer flush thread OMDoubleBufferFlushThread is interrupted and will exit. OMDoubleBufferFlushThread
2019-10-17 07:44:02,251 [main] INFO  handler.ContextHandler (ContextHandler.java:doStop(910)) - Stopped o.e.j.w.WebAppContext@7afc4db9{/,null,UNAVAILABLE}{/ozoneManager}
2019-10-17 07:44:02,252 [main] INFO  server.AbstractConnector (AbstractConnector.java:doStop(318)) - Stopped ServerConnector@1a1f5f71{HTTP/1.1,[http/1.1]}{0.0.0.0:45613}
2019-10-17 07:44:02,252 [main] INFO  handler.ContextHandler (ContextHandler.java:doStop(910)) - Stopped o.e.j.s.ServletContextHandler@52f57666{/static,file:///workdir/hadoop-ozone/integration-test/target/test-classes/webapps/static,UNAVAILABLE}
2019-10-17 07:44:02,252 [main] INFO  handler.ContextHandler (ContextHandler.java:doStop(910)) - Stopped o.e.j.s.ServletContextHandler@b887730{/logs,file:///workdir/hadoop-ozone/integration-test/target/log,UNAVAILABLE}
2019-10-17 07:44:02,256 [main] INFO  ozone.MiniOzoneClusterImpl (MiniOzoneClusterImpl.java:stopDatanodes(415)) - Stopping the HddsDatanodes
2019-10-17 07:44:02,267 [Thread-3000] INFO  impl.FollowerState (FollowerState.java:run(108)) - 2a93f7e5-ecb9-41da-9c47-70e13ba76d7d@group-A9EE991D717F-FollowerState: change to CANDIDATE, lastRpcTime:101ms, electionTimeout:101ms
2019-10-17 07:44:02,267 [Thread-3000] INFO  impl.RoleInfo (RoleInfo.java:shutdownFollowerState(121)) - 2a93f7e5-ecb9-41da-9c47-70e13ba76d7d: shutdown FollowerState
2019-10-17 07:44:02,267 [Thread-3000] INFO  impl.RaftServerImpl (RaftServerImpl.java:setRole(184)) - 2a93f7e5-ecb9-41da-9c47-70e13ba76d7d@group-A9EE991D717F: changes role from  FOLLOWER to CANDIDATE at term 424 for changeToCandidate
2019-10-17 07:44:02,268 [Thread-3000] INFO  impl.RoleInfo (RoleInfo.java:updateAndGet(143)) - 2a93f7e5-ecb9-41da-9c47-70e13ba76d7d: start LeaderElection
2019-10-17 07:44:02,292 [2a93f7e5-ecb9-41da-9c47-70e13ba76d7d@group-A9EE991D717F-LeaderElection391] INFO  impl.LeaderElection (LeaderElection.java:askForVotes(178)) - 2a93f7e5-ecb9-41da-9c47-70e13ba76d7d@group-A9EE991D717F-LeaderElection391: begin an election at term 425 for 0: [37bd8e8c-ea68-4b1c-8659-8d001c4f3b5c:192.168.34.62:41632, 24020d0b-ce61-4f5a-b0b0-c561541e8cd4:192.168.34.62:42892, 2a93f7e5-ecb9-41da-9c47-70e13ba76d7d:192.168.34.62:35412], old=null
2019-10-17 07:44:02,294 [grpc-default-executor-1] INFO  impl.RaftServerImpl (RaftServerImpl.java:setRole(184)) - 37bd8e8c-ea68-4b1c-8659-8d001c4f3b5c@group-A9EE991D717F: changes role from  FOLLOWER to FOLLOWER at term 425 for recognizeCandidate:2a93f7e5-ecb9-41da-9c47-70e13ba76d7d
2019-10-17 07:44:02,294 [grpc-default-executor-0] INFO  impl.RaftServerImpl (RaftServerImpl.java:setRole(184)) - 24020d0b-ce61-4f5a-b0b0-c561541e8cd4@group-A9EE991D717F: changes role from  FOLLOWER to FOLLOWER at term 425 for recognizeCandidate:2a93f7e5-ecb9-41da-9c47-70e13ba76d7d
2019-10-17 07:44:02,295 [grpc-default-executor-1] INFO  impl.RoleInfo (RoleInfo.java:shutdownFollowerState(121)) - 37bd8e8c-ea68-4b1c-8659-8d001c4f3b5c: shutdown FollowerState
2019-10-17 07:44:02,295 [grpc-default-executor-0] INFO  impl.RoleInfo (RoleInfo.java:shutdownFollowerState(121)) - 24020d0b-ce61-4f5a-b0b0-c561541e8cd4: shutdown FollowerState
2019-10-17 07:44:02,295 [Thread-2997] INFO  impl.FollowerState (FollowerState.java:run(117)) - 37bd8e8c-ea68-4b1c-8659-8d001c4f3b5c@group-A9EE991D717F-FollowerState was interrupted: java.lang.InterruptedException: sleep interrupted
2019-10-17 07:44:02,295 [Thread-2998] INFO  impl.FollowerState (FollowerState.java:run(117)) - 24020d0b-ce61-4f5a-b0b0-c561541e8cd4@group-A9EE991D717F-FollowerState was interrupted: java.lang.InterruptedException: sleep interrupted
2019-10-17 07:44:02,295 [grpc-default-executor-1] INFO  impl.RoleInfo (RoleInfo.java:updateAndGet(143)) - 37bd8e8c-ea68-4b1c-8659-8d001c4f3b5c: start FollowerState
2019-10-17 07:44:02,295 [grpc-default-executor-0] INFO  impl.RoleInfo (RoleInfo.java:updateAndGet(143)) - 24020d0b-ce61-4f5a-b0b0-c561541e8cd4: start FollowerState
2019-10-17 07:44:02,320 [2a93f7e5-ecb9-41da-9c47-70e13ba76d7d@group-A9EE991D717F-LeaderElection391] INFO  impl.LeaderElection (LeaderElection.java:logAndReturn(56)) - 2a93f7e5-ecb9-41da-9c47-70e13ba76d7d@group-A9EE991D717F-LeaderElection391: Election REJECTED; received 2 response(s) [2a93f7e5-ecb9-41da-9c47-70e13ba76d7d<-37bd8e8c-ea68-4b1c-8659-8d001c4f3b5c#0:FAIL-t425, 2a93f7e5-ecb9-41da-9c47-70e13ba76d7d<-24020d0b-ce61-4f5a-b0b0-c561541e8cd4#0:FAIL-t425] and 0 exception(s); 2a93f7e5-ecb9-41da-9c47-70e13ba76d7d@group-A9EE991D717F:t425, leader=null, voted=2a93f7e5-ecb9-41da-9c47-70e13ba76d7d, raftlog=2a93f7e5-ecb9-41da-9c47-70e13ba76d7d@group-A9EE991D717F-SegmentedRaftLog:OPENED:c-1,f0,i0, conf=0: [37bd8e8c-ea68-4b1c-8659-8d001c4f3b5c:192.168.34.62:41632, 24020d0b-ce61-4f5a-b0b0-c561541e8cd4:192.168.34.62:42892, 2a93f7e5-ecb9-41da-9c47-70e13ba76d7d:192.168.34.62:35412], old=null
2019-10-17 07:44:02,320 [2a93f7e5-ecb9-41da-9c47-70e13ba76d7d@group-A9EE991D717F-LeaderElection391] INFO  impl.RaftServerImpl (RaftServerImpl.java:setRole(184)) - 2a93f7e5-ecb9-41da-9c47-70e13ba76d7d@group-A9EE991D717F: changes role from CANDIDATE to FOLLOWER at term 425 for DISCOVERED_A_NEW_TERM
2019-10-17 07:44:02,320 [2a93f7e5-ecb9-41da-9c47-70e13ba76d7d@group-A9EE991D717F-LeaderElection391] INFO  impl.RoleInfo (RoleInfo.java:shutdownLeaderElection(134)) - 2a93f7e5-ecb9-41da-9c47-70e13ba76d7d: shutdown LeaderElection
2019-10-17 07:44:02,320 [2a93f7e5-ecb9-41da-9c47-70e13ba76d7d@group-A9EE991D717F-LeaderElection391] INFO  impl.RoleInfo (RoleInfo.java:updateAndGet(143)) - 2a93f7e5-ecb9-41da-9c47-70e13ba76d7d: start FollowerState
2019-10-17 07:44:02,468 [Thread-3006] INFO  impl.FollowerState (FollowerState.java:run(108)) - 2a93f7e5-ecb9-41da-9c47-70e13ba76d7d@group-A9EE991D717F-FollowerState: change to CANDIDATE, lastRpcTime:147ms, electionTimeout:147ms
2019-10-17 07:44:02,468 [Thread-3006] INFO  impl.RoleInfo (RoleInfo.java:shutdownFollowerState(121)) - 2a93f7e5-ecb9-41da-9c47-70e13ba76d7d: shutdown FollowerState
2019-10-17 07:44:02,468 [Thread-3006] INFO  impl.RaftServerImpl (RaftServerImpl.java:setRole(184)) - 2a93f7e5-ecb9-41da-9c47-70e13ba76d7d@group-A9EE991D717F: changes role from  FOLLOWER to CANDIDATE at term 425 for changeToCandidate
2019-10-17 07:44:02,468 [Thread-3006] INFO  impl.RoleInfo (RoleInfo.java:updateAndGet(143)) - 2a93f7e5-ecb9-41da-9c47-70e13ba76d7d: start LeaderElection
2019-10-17 07:44:02,481 [Datanode State Machine Thread - 0] INFO  statemachine.DatanodeStateMachine (DatanodeStateMachine.java:lambda$startDaemon$0(350)) - Ozone container server started.
2019-10-17 07:44:02,492 [2a93f7e5-ecb9-41da-9c47-70e13ba76d7d@group-A9EE991D717F-LeaderElection392] INFO  impl.LeaderElection (LeaderElection.java:askForVotes(178)) - 2a93f7e5-ecb9-41da-9c47-70e13ba76d7d@group-A9EE991D717F-LeaderElection392: begin an election at term 426 for 0: [37bd8e8c-ea68-4b1c-8659-8d001c4f3b5c:192.168.34.62:41632, 24020d0b-ce61-4f5a-b0b0-c561541e8cd4:192.168.34.62:42892, 2a93f7e5-ecb9-41da-9c47-70e13ba76d7d:192.168.34.62:35412], old=null
2019-10-17 07:44:02,494 [grpc-default-executor-1] INFO  impl.RaftServerImpl (RaftServerImpl.java:setRole(184)) - 37bd8e8c-ea68-4b1c-8659-8d001c4f3b5c@group-A9EE991D717F: changes role from  FOLLOWER to FOLLOWER at term 426 for recognizeCandidate:2a93f7e5-ecb9-41da-9c47-70e13ba76d7d
2019-10-17 07:44:02,495 [grpc-default-executor-1] INFO  impl.RoleInfo (RoleInfo.java:shutdownFollowerState(121)) - 37bd8e8c-ea68-4b1c-8659-8d001c4f3b5c: shutdown FollowerState
2019-10-17 07:44:02,495 [grpc-default-executor-0] INFO  impl.RaftServerImpl (RaftServerImpl.java:setRole(184)) - 24020d0b-ce61-4f5a-b0b0-c561541e8cd4@group-A9EE991D717F: changes role from  FOLLOWER to FOLLOWER at term 426 for recognizeCandidate:2a93f7e5-ecb9-41da-9c47-70e13ba76d7d
2019-10-17 07:44:02,495 [grpc-default-executor-0] INFO  impl.RoleInfo (RoleInfo.java:shutdownFollowerState(121)) - 24020d0b-ce61-4f5a-b0b0-c561541e8cd4: shutdown FollowerState
2019-10-17 07:44:02,495 [grpc-default-executor-0] INFO  impl.RoleInfo (RoleInfo.java:updateAndGet(143)) - 24020d0b-ce61-4f5a-b0b0-c561541e8cd4: start FollowerState
2019-10-17 07:44:02,495 [Thread-3004] INFO  impl.FollowerState (FollowerState.java:run(117)) - 37bd8e8c-ea68-4b1c-8659-8d001c4f3b5c@group-A9EE991D717F-FollowerState was interrupted: java.lang.InterruptedException: sleep interrupted
2019-10-17 07:44:02,495 [grpc-default-executor-1] INFO  impl.RoleInfo (RoleInfo.java:updateAndGet(143)) - 37bd8e8c-ea68-4b1c-8659-8d001c4f3b5c: start FollowerState
2019-10-17 07:44:02,495 [Thread-3005] INFO  impl.FollowerState (FollowerState.java:run(117)) - 24020d0b-ce61-4f5a-b0b0-c561541e8cd4@group-A9EE991D717F-FollowerState was interrupted: java.lang.InterruptedException: sleep interrupted
2019-10-17 07:44:02,519 [2a93f7e5-ecb9-41da-9c47-70e13ba76d7d@group-A9EE991D717F-LeaderElection392] INFO  impl.LeaderElection (LeaderElection.java:logAndReturn(56)) - 2a93f7e5-ecb9-41da-9c47-70e13ba76d7d@group-A9EE991D717F-LeaderElection392: Election REJECTED; received 2 response(s) [2a93f7e5-ecb9-41da-9c47-70e13ba76d7d<-37bd8e8c-ea68-4b1c-8659-8d001c4f3b5c#0:FAIL-t426, 2a93f7e5-ecb9-41da-9c47-70e13ba76d7d<-24020d0b-ce61-4f5a-b0b0-c561541e8cd4#0:FAIL-t426] and 0 exception(s); 2a93f7e5-ecb9-41da-9c47-70e13ba76d7d@group-A9EE991D717F:t426, leader=null, voted=2a93f7e5-ecb9-41da-9c47-70e13ba76d7d, raftlog=2a93f7e5-ecb9-41da-9c47-70e13ba76d7d@group-A9EE991D717F-SegmentedRaftLog:OPENED:c-1,f0,i0, conf=0: [37bd8e8c-ea68-4b1c-8659-8d001c4f3b5c:192.168.34.62:41632, 24020d0b-ce61-4f5a-b0b0-c561541e8cd4:192.168.34.62:42892, 2a93f7e5-ecb9-41da-9c47-70e13ba76d7d:192.168.34.62:35412], old=null
2019-10-17 07:44:02,520 [2a93f7e5-ecb9-41da-9c47-70e13ba76d7d@group-A9EE991D717F-LeaderElection392] INFO  impl.RaftServerImpl (RaftServerImpl.java:setRole(184)) - 2a93f7e5-ecb9-41da-9c47-70e13ba76d7d@group-A9EE991D717F: changes role from CANDIDATE to FOLLOWER at term 426 for DISCOVERED_A_NEW_TERM
2019-10-17 07:44:02,520 [2a93f7e5-ecb9-41da-9c47-70e13ba76d7d@group-A9EE991D717F-LeaderElection392] INFO  impl.RoleInfo (RoleInfo.java:shutdownLeaderElection(134)) - 2a93f7e5-ecb9-41da-9c47-70e13ba76d7d: shutdown LeaderElection
2019-10-17 07:44:02,520 [2a93f7e5-ecb9-41da-9c47-70e13ba76d7d@group-A9EE991D717F-LeaderElection392] INFO  impl.RoleInfo (RoleInfo.java:updateAndGet(143)) - 2a93f7e5-ecb9-41da-9c47-70e13ba76d7d: start FollowerState
2019-10-17 07:44:02,631 [Thread-3012] INFO  impl.FollowerState (FollowerState.java:run(108)) - 2a93f7e5-ecb9-41da-9c47-70e13ba76d7d@group-A9EE991D717F-FollowerState: change to CANDIDATE, lastRpcTime:111ms, electionTimeout:111ms
2019-10-17 07:44:02,631 [Thread-3012] INFO  impl.RoleInfo (RoleInfo.java:shutdownFollowerState(121)) - 2a93f7e5-ecb9-41da-9c47-70e13ba76d7d: shutdown FollowerState
2019-10-17 07:44:02,632 [Thread-3012] INFO  impl.RaftServerImpl (RaftServerImpl.java:setRole(184)) - 2a93f7e5-ecb9-41da-9c47-70e13ba76d7d@group-A9EE991D717F: changes role from  FOLLOWER to CANDIDATE at term 426 for changeToCandidate
2019-10-17 07:44:02,632 [Thread-3012] INFO  impl.RoleInfo (RoleInfo.java:updateAndGet(143)) - 2a93f7e5-ecb9-41da-9c47-70e13ba76d7d: start LeaderElection
2019-10-17 07:44:02,656 [2a93f7e5-ecb9-41da-9c47-70e13ba76d7d@group-A9EE991D717F-LeaderElection393] INFO  impl.LeaderElection (LeaderElection.java:askForVotes(178)) - 2a93f7e5-ecb9-41da-9c47-70e13ba76d7d@group-A9EE991D717F-LeaderElection393: begin an election at term 427 for 0: [37bd8e8c-ea68-4b1c-8659-8d001c4f3b5c:192.168.34.62:41632, 24020d0b-ce61-4f5a-b0b0-c561541e8cd4:192.168.34.62:42892, 2a93f7e5-ecb9-41da-9c47-70e13ba76d7d:192.168.34.62:35412], old=null
2019-10-17 07:44:02,658 [grpc-default-executor-1] INFO  impl.RaftServerImpl (RaftServerImpl.java:setRole(184)) - 37bd8e8c-ea68-4b1c-8659-8d001c4f3b5c@group-A9EE991D717F: changes role from  FOLLOWER to FOLLOWER at term 427 for recognizeCandidate:2a93f7e5-ecb9-41da-9c47-70e13ba76d7d
2019-10-17 07:44:02,659 [grpc-default-executor-1] INFO  impl.RoleInfo (RoleInfo.java:shutdownFollowerState(121)) - 37bd8e8c-ea68-4b1c-8659-8d001c4f3b5c: shutdown FollowerState
2019-10-17 07:44:02,659 [grpc-default-executor-0] INFO  impl.RaftServerImpl (RaftServerImpl.java:setRole(184)) - 24020d0b-ce61-4f5a-b0b0-c561541e8cd4@group-A9EE991D717F: changes role from  FOLLOWER to FOLLOWER at term 427 for recognizeCandidate:2a93f7e5-ecb9-41da-9c47-70e13ba76d7d
2019-10-17 07:44:02,659 [grpc-default-executor-0] INFO  impl.RoleInfo (RoleInfo.java:shutdownFollowerState(121)) - 24020d0b-ce61-4f5a-b0b0-c561541e8cd4: shutdown FollowerState
2019-10-17 07:44:02,659 [Thread-3010] INFO  impl.FollowerState (FollowerState.java:run(117)) - 37bd8e8c-ea68-4b1c-8659-8d001c4f3b5c@group-A9EE991D717F-FollowerState was interrupted: java.lang.InterruptedException: sleep interrupted
2019-10-17 07:44:02,659 [Thread-3011] INFO  impl.FollowerState (FollowerState.java:run(117)) - 24020d0b-ce61-4f5a-b0b0-c561541e8cd4@group-A9EE991D717F-FollowerState was interrupted: java.lang.InterruptedException: sleep interrupted
2019-10-17 07:44:02,659 [grpc-default-executor-1] INFO  impl.RoleInfo (RoleInfo.java:updateAndGet(143)) - 37bd8e8c-ea68-4b1c-8659-8d001c4f3b5c: start FollowerState
2019-10-17 07:44:02,659 [grpc-default-executor-0] INFO  impl.RoleInfo (RoleInfo.java:updateAndGet(143)) - 24020d0b-ce61-4f5a-b0b0-c561541e8cd4: start FollowerState
2019-10-17 07:44:02,684 [2a93f7e5-ecb9-41da-9c47-70e13ba76d7d@group-A9EE991D717F-LeaderElection393] INFO  impl.LeaderElection (LeaderElection.java:logAndReturn(56)) - 2a93f7e5-ecb9-41da-9c47-70e13ba76d7d@group-A9EE991D717F-LeaderElection393: Election REJECTED; received 2 response(s) [2a93f7e5-ecb9-41da-9c47-70e13ba76d7d<-37bd8e8c-ea68-4b1c-8659-8d001c4f3b5c#0:FAIL-t427, 2a93f7e5-ecb9-41da-9c47-70e13ba76d7d<-24020d0b-ce61-4f5a-b0b0-c561541e8cd4#0:FAIL-t427] and 0 exception(s); 2a93f7e5-ecb9-41da-9c47-70e13ba76d7d@group-A9EE991D717F:t427, leader=null, voted=2a93f7e5-ecb9-41da-9c47-70e13ba76d7d, raftlog=2a93f7e5-ecb9-41da-9c47-70e13ba76d7d@group-A9EE991D717F-SegmentedRaftLog:OPENED:c-1,f0,i0, conf=0: [37bd8e8c-ea68-4b1c-8659-8d001c4f3b5c:192.168.34.62:41632, 24020d0b-ce61-4f5a-b0b0-c561541e8cd4:192.168.34.62:42892, 2a93f7e5-ecb9-41da-9c47-70e13ba76d7d:192.168.34.62:35412], old=null
2019-10-17 07:44:02,685 [2a93f7e5-ecb9-41da-9c47-70e13ba76d7d@group-A9EE991D717F-LeaderElection393] INFO  impl.RaftServerImpl (RaftServerImpl.java:setRole(184)) - 2a93f7e5-ecb9-41da-9c47-70e13ba76d7d@group-A9EE991D717F: changes role from CANDIDATE to FOLLOWER at term 427 for DISCOVERED_A_NEW_TERM
2019-10-17 07:44:02,685 [2a93f7e5-ecb9-41da-9c47-70e13ba76d7d@group-A9EE991D717F-LeaderElection393] INFO  impl.RoleInfo (RoleInfo.java:shutdownLeaderElection(134)) - 2a93f7e5-ecb9-41da-9c47-70e13ba76d7d: shutdown LeaderElection
2019-10-17 07:44:02,685 [2a93f7e5-ecb9-41da-9c47-70e13ba76d7d@group-A9EE991D717F-LeaderElection393] INFO  impl.RoleInfo (RoleInfo.java:updateAndGet(143)) - 2a93f7e5-ecb9-41da-9c47-70e13ba76d7d: start FollowerState
2019-10-17 07:44:02,753 [Thread-3018] INFO  impl.FollowerState (FollowerState.java:run(108)) - 2a93f7e5-ecb9-41da-9c47-70e13ba76d7d@group-A9EE991D717F-FollowerState: change to CANDIDATE, lastRpcTime:68ms, electionTimeout:68ms
2019-10-17 07:44:02,753 [Thread-3018] INFO  impl.RoleInfo (RoleInfo.java:shutdownFollowerState(121)) - 2a93f7e5-ecb9-41da-9c47-70e13ba76d7d: shutdown FollowerState
2019-10-17 07:44:02,754 [Thread-3018] INFO  impl.RaftServerImpl (RaftServerImpl.java:setRole(184)) - 2a93f7e5-ecb9-41da-9c47-70e13ba76d7d@group-A9EE991D717F: changes role from  FOLLOWER to CANDIDATE at term 427 for changeToCandidate
2019-10-17 07:44:02,754 [Thread-3018] INFO  impl.RoleInfo (RoleInfo.java:updateAndGet(143)) - 2a93f7e5-ecb9-41da-9c47-70e13ba76d7d: start LeaderElection
2019-10-17 07:44:02,777 [2a93f7e5-ecb9-41da-9c47-70e13ba76d7d@group-A9EE991D717F-LeaderElection394] INFO  impl.LeaderElection (LeaderElection.java:askForVotes(178)) - 2a93f7e5-ecb9-41da-9c47-70e13ba76d7d@group-A9EE991D717F-LeaderElection394: begin an election at term 428 for 0: [37bd8e8c-ea68-4b1c-8659-8d001c4f3b5c:192.168.34.62:41632, 24020d0b-ce61-4f5a-b0b0-c561541e8cd4:192.168.34.62:42892, 2a93f7e5-ecb9-41da-9c47-70e13ba76d7d:192.168.34.62:35412], old=null
2019-10-17 07:44:02,779 [grpc-default-executor-0] INFO  impl.RaftServerImpl (RaftServerImpl.java:setRole(184)) - 37bd8e8c-ea68-4b1c-8659-8d001c4f3b5c@group-A9EE991D717F: changes role from  FOLLOWER to FOLLOWER at term 428 for recognizeCandidate:2a93f7e5-ecb9-41da-9c47-70e13ba76d7d
2019-10-17 07:44:02,779 [grpc-default-executor-0] INFO  impl.RoleInfo (RoleInfo.java:shutdownFollowerState(121)) - 37bd8e8c-ea68-4b1c-8659-8d001c4f3b5c: shutdown FollowerState
2019-10-17 07:44:02,779 [grpc-default-executor-0] INFO  impl.RoleInfo (RoleInfo.java:updateAndGet(143)) - 37bd8e8c-ea68-4b1c-8659-8d001c4f3b5c: start FollowerState
2019-10-17 07:44:02,779 [Thread-3016] INFO  impl.FollowerState (FollowerState.java:run(117)) - 37bd8e8c-ea68-4b1c-8659-8d001c4f3b5c@group-A9EE991D717F-FollowerState was interrupted: java.lang.InterruptedException: sleep interrupted
2019-10-17 07:44:02,780 [grpc-default-executor-1] INFO  impl.RaftServerImpl (RaftServerImpl.java:setRole(184)) - 24020d0b-ce61-4f5a-b0b0-c561541e8cd4@group-A9EE991D717F: changes role from  FOLLOWER to FOLLOWER at term 428 for recognizeCandidate:2a93f7e5-ecb9-41da-9c47-70e13ba76d7d
2019-10-17 07:44:02,780 [grpc-default-executor-1] INFO  impl.RoleInfo (RoleInfo.java:shutdownFollowerState(121)) - 24020d0b-ce61-4f5a-b0b0-c561541e8cd4: shutdown FollowerState
2019-10-17 07:44:02,780 [grpc-default-executor-1] INFO  impl.RoleInfo (RoleInfo.java:updateAndGet(143)) - 24020d0b-ce61-4f5a-b0b0-c561541e8cd4: start FollowerState
2019-10-17 07:44:02,780 [Thread-3017] INFO  impl.FollowerState (FollowerState.java:run(117)) - 24020d0b-ce61-4f5a-b0b0-c561541e8cd4@group-A9EE991D717F-FollowerState was interrupted: java.lang.InterruptedException: sleep interrupted
2019-10-17 07:44:02,811 [2a93f7e5-ecb9-41da-9c47-70e13ba76d7d@group-A9EE991D717F-LeaderElection394] INFO  impl.LeaderElection (LeaderElection.java:logAndReturn(56)) - 2a93f7e5-ecb9-41da-9c47-70e13ba76d7d@group-A9EE991D717F-LeaderElection394: Election REJECTED; received 2 response(s) [2a93f7e5-ecb9-41da-9c47-70e13ba76d7d<-37bd8e8c-ea68-4b1c-8659-8d001c4f3b5c#0:FAIL-t428, 2a93f7e5-ecb9-41da-9c47-70e13ba76d7d<-24020d0b-ce61-4f5a-b0b0-c561541e8cd4#0:FAIL-t428] and 0 exception(s); 2a93f7e5-ecb9-41da-9c47-70e13ba76d7d@group-A9EE991D717F:t428, leader=null, voted=2a93f7e5-ecb9-41da-9c47-70e13ba76d7d, raftlog=2a93f7e5-ecb9-41da-9c47-70e13ba76d7d@group-A9EE991D717F-SegmentedRaftLog:OPENED:c-1,f0,i0, conf=0: [37bd8e8c-ea68-4b1c-8659-8d001c4f3b5c:192.168.34.62:41632, 24020d0b-ce61-4f5a-b0b0-c561541e8cd4:192.168.34.62:42892, 2a93f7e5-ecb9-41da-9c47-70e13ba76d7d:192.168.34.62:35412], old=null
2019-10-17 07:44:02,811 [2a93f7e5-ecb9-41da-9c47-70e13ba76d7d@group-A9EE991D717F-LeaderElection394] INFO  impl.RaftServerImpl (RaftServerImpl.java:setRole(184)) - 2a93f7e5-ecb9-41da-9c47-70e13ba76d7d@group-A9EE991D717F: changes role from CANDIDATE to FOLLOWER at term 428 for DISCOVERED_A_NEW_TERM
2019-10-17 07:44:02,812 [2a93f7e5-ecb9-41da-9c47-70e13ba76d7d@group-A9EE991D717F-LeaderElection394] INFO  impl.RoleInfo (RoleInfo.java:shutdownLeaderElection(134)) - 2a93f7e5-ecb9-41da-9c47-70e13ba76d7d: shutdown LeaderElection
2019-10-17 07:44:02,812 [2a93f7e5-ecb9-41da-9c47-70e13ba76d7d@group-A9EE991D717F-LeaderElection394] INFO  impl.RoleInfo (RoleInfo.java:updateAndGet(143)) - 2a93f7e5-ecb9-41da-9c47-70e13ba76d7d: start FollowerState
2019-10-17 07:44:02,940 [Thread-3024] INFO  impl.FollowerState (FollowerState.java:run(108)) - 2a93f7e5-ecb9-41da-9c47-70e13ba76d7d@group-A9EE991D717F-FollowerState: change to CANDIDATE, lastRpcTime:128ms, electionTimeout:128ms
2019-10-17 07:44:02,940 [Thread-3024] INFO  impl.RoleInfo (RoleInfo.java:shutdownFollowerState(121)) - 2a93f7e5-ecb9-41da-9c47-70e13ba76d7d: shutdown FollowerState
2019-10-17 07:44:02,941 [Thread-3024] INFO  impl.RaftServerImpl (RaftServerImpl.java:setRole(184)) - 2a93f7e5-ecb9-41da-9c47-70e13ba76d7d@group-A9EE991D717F: changes role from  FOLLOWER to CANDIDATE at term 428 for changeToCandidate
2019-10-17 07:44:02,941 [Thread-3024] INFO  impl.RoleInfo (RoleInfo.java:updateAndGet(143)) - 2a93f7e5-ecb9-41da-9c47-70e13ba76d7d: start LeaderElection
2019-10-17 07:44:02,969 [2a93f7e5-ecb9-41da-9c47-70e13ba76d7d@group-A9EE991D717F-LeaderElection395] INFO  impl.LeaderElection (LeaderElection.java:askForVotes(178)) - 2a93f7e5-ecb9-41da-9c47-70e13ba76d7d@group-A9EE991D717F-LeaderElection395: begin an election at term 429 for 0: [37bd8e8c-ea68-4b1c-8659-8d001c4f3b5c:192.168.34.62:41632, 24020d0b-ce61-4f5a-b0b0-c561541e8cd4:192.168.34.62:42892, 2a93f7e5-ecb9-41da-9c47-70e13ba76d7d:192.168.34.62:35412], old=null
2019-10-17 07:44:02,972 [grpc-default-executor-0] INFO  impl.RaftServerImpl (RaftServerImpl.java:setRole(184)) - 37bd8e8c-ea68-4b1c-8659-8d001c4f3b5c@group-A9EE991D717F: changes role from  FOLLOWER to FOLLOWER at term 429 for recognizeCandidate:2a93f7e5-ecb9-41da-9c47-70e13ba76d7d
2019-10-17 07:44:02,972 [grpc-default-executor-0] INFO  impl.RoleInfo (RoleInfo.java:shutdownFollowerState(121)) - 37bd8e8c-ea68-4b1c-8659-8d001c4f3b5c: shutdown FollowerState
2019-10-17 07:44:02,972 [grpc-default-executor-1] INFO  impl.RaftServerImpl (RaftServerImpl.java:setRole(184)) - 24020d0b-ce61-4f5a-b0b0-c561541e8cd4@group-A9EE991D717F: changes role from  FOLLOWER to FOLLOWER at term 429 for recognizeCandidate:2a93f7e5-ecb9-41da-9c47-70e13ba76d7d
2019-10-17 07:44:02,972 [Thread-3022] INFO  impl.FollowerState (FollowerState.java:run(117)) - 37bd8e8c-ea68-4b1c-8659-8d001c4f3b5c@group-A9EE991D717F-FollowerState was interrupted: java.lang.InterruptedException: sleep interrupted
2019-10-17 07:44:02,972 [grpc-default-executor-0] INFO  impl.RoleInfo (RoleInfo.java:updateAndGet(143)) - 37bd8e8c-ea68-4b1c-8659-8d001c4f3b5c: start FollowerState
2019-10-17 07:44:02,972 [grpc-default-executor-1] INFO  impl.RoleInfo (RoleInfo.java:shutdownFollowerState(121)) - 24020d0b-ce61-4f5a-b0b0-c561541e8cd4: shutdown FollowerState
2019-10-17 07:44:02,973 [grpc-default-executor-1] INFO  impl.RoleInfo (RoleInfo.java:updateAndGet(143)) - 24020d0b-ce61-4f5a-b0b0-c561541e8cd4: start FollowerState
2019-10-17 07:44:02,973 [Thread-3023] INFO  impl.FollowerState (FollowerState.java:run(117)) - 24020d0b-ce61-4f5a-b0b0-c561541e8cd4@group-A9EE991D717F-FollowerState was interrupted: java.lang.InterruptedException: sleep interrupted
2019-10-17 07:44:02,995 [2a93f7e5-ecb9-41da-9c47-70e13ba76d7d@group-A9EE991D717F-LeaderElection395] INFO  impl.LeaderElection (LeaderElection.java:logAndReturn(56)) - 2a93f7e5-ecb9-41da-9c47-70e13ba76d7d@group-A9EE991D717F-LeaderElection395: Election REJECTED; received 2 response(s) [2a93f7e5-ecb9-41da-9c47-70e13ba76d7d<-37bd8e8c-ea68-4b1c-8659-8d001c4f3b5c#0:FAIL-t429, 2a93f7e5-ecb9-41da-9c47-70e13ba76d7d<-24020d0b-ce61-4f5a-b0b0-c561541e8cd4#0:FAIL-t429] and 0 exception(s); 2a93f7e5-ecb9-41da-9c47-70e13ba76d7d@group-A9EE991D717F:t429, leader=null, voted=2a93f7e5-ecb9-41da-9c47-70e13ba76d7d, raftlog=2a93f7e5-ecb9-41da-9c47-70e13ba76d7d@group-A9EE991D717F-SegmentedRaftLog:OPENED:c-1,f0,i0, conf=0: [37bd8e8c-ea68-4b1c-8659-8d001c4f3b5c:192.168.34.62:41632, 24020d0b-ce61-4f5a-b0b0-c561541e8cd4:192.168.34.62:42892, 2a93f7e5-ecb9-41da-9c47-70e13ba76d7d:192.168.34.62:35412], old=null
2019-10-17 07:44:02,996 [2a93f7e5-ecb9-41da-9c47-70e13ba76d7d@group-A9EE991D717F-LeaderElection395] INFO  impl.RaftServerImpl (RaftServerImpl.java:setRole(184)) - 2a93f7e5-ecb9-41da-9c47-70e13ba76d7d@group-A9EE991D717F: changes role from CANDIDATE to FOLLOWER at term 429 for DISCOVERED_A_NEW_TERM
2019-10-17 07:44:02,996 [2a93f7e5-ecb9-41da-9c47-70e13ba76d7d@group-A9EE991D717F-LeaderElection395] INFO  impl.RoleInfo (RoleInfo.java:shutdownLeaderElection(134)) - 2a93f7e5-ecb9-41da-9c47-70e13ba76d7d: shutdown LeaderElection
2019-10-17 07:44:02,996 [2a93f7e5-ecb9-41da-9c47-70e13ba76d7d@group-A9EE991D717F-LeaderElection395] INFO  impl.RoleInfo (RoleInfo.java:updateAndGet(143)) - 2a93f7e5-ecb9-41da-9c47-70e13ba76d7d: start FollowerState
2019-10-17 07:44:03,091 [Thread-3030] INFO  impl.FollowerState (FollowerState.java:run(108)) - 2a93f7e5-ecb9-41da-9c47-70e13ba76d7d@group-A9EE991D717F-FollowerState: change to CANDIDATE, lastRpcTime:95ms, electionTimeout:95ms
2019-10-17 07:44:03,092 [Thread-3030] INFO  impl.RoleInfo (RoleInfo.java:shutdownFollowerState(121)) - 2a93f7e5-ecb9-41da-9c47-70e13ba76d7d: shutdown FollowerState
2019-10-17 07:44:03,092 [Thread-3030] INFO  impl.RaftServerImpl (RaftServerImpl.java:setRole(184)) - 2a93f7e5-ecb9-41da-9c47-70e13ba76d7d@group-A9EE991D717F: changes role from  FOLLOWER to CANDIDATE at term 429 for changeToCandidate
2019-10-17 07:44:03,092 [Thread-3030] INFO  impl.RoleInfo (RoleInfo.java:updateAndGet(143)) - 2a93f7e5-ecb9-41da-9c47-70e13ba76d7d: start LeaderElection
2019-10-17 07:44:03,120 [2a93f7e5-ecb9-41da-9c47-70e13ba76d7d@group-A9EE991D717F-LeaderElection396] INFO  impl.LeaderElection (LeaderElection.java:askForVotes(178)) - 2a93f7e5-ecb9-41da-9c47-70e13ba76d7d@group-A9EE991D717F-LeaderElection396: begin an election at term 430 for 0: [37bd8e8c-ea68-4b1c-8659-8d001c4f3b5c:192.168.34.62:41632, 24020d0b-ce61-4f5a-b0b0-c561541e8cd4:192.168.34.62:42892, 2a93f7e5-ecb9-41da-9c47-70e13ba76d7d:192.168.34.62:35412], old=null
2019-10-17 07:44:03,122 [grpc-default-executor-0] INFO  impl.RaftServerImpl (RaftServerImpl.java:setRole(184)) - 37bd8e8c-ea68-4b1c-8659-8d001c4f3b5c@group-A9EE991D717F: changes role from  FOLLOWER to FOLLOWER at term 430 for recognizeCandidate:2a93f7e5-ecb9-41da-9c47-70e13ba76d7d
2019-10-17 07:44:03,122 [grpc-default-executor-1] INFO  impl.RaftServerImpl (RaftServerImpl.java:setRole(184)) - 24020d0b-ce61-4f5a-b0b0-c561541e8cd4@group-A9EE991D717F: changes role from  FOLLOWER to FOLLOWER at term 430 for recognizeCandidate:2a93f7e5-ecb9-41da-9c47-70e13ba76d7d
2019-10-17 07:44:03,122 [grpc-default-executor-0] INFO  impl.RoleInfo (RoleInfo.java:shutdownFollowerState(121)) - 37bd8e8c-ea68-4b1c-8659-8d001c4f3b5c: shutdown FollowerState
2019-10-17 07:44:03,122 [grpc-default-executor-1] INFO  impl.RoleInfo (RoleInfo.java:shutdownFollowerState(121)) - 24020d0b-ce61-4f5a-b0b0-c561541e8cd4: shutdown FollowerState
2019-10-17 07:44:03,122 [Thread-3028] INFO  impl.FollowerState (FollowerState.java:run(117)) - 37bd8e8c-ea68-4b1c-8659-8d001c4f3b5c@group-A9EE991D717F-FollowerState was interrupted: java.lang.InterruptedException: sleep interrupted
2019-10-17 07:44:03,123 [Thread-3029] INFO  impl.FollowerState (FollowerState.java:run(117)) - 24020d0b-ce61-4f5a-b0b0-c561541e8cd4@group-A9EE991D717F-FollowerState was interrupted: java.lang.InterruptedException: sleep interrupted
2019-10-17 07:44:03,122 [grpc-default-executor-0] INFO  impl.RoleInfo (RoleInfo.java:updateAndGet(143)) - 37bd8e8c-ea68-4b1c-8659-8d001c4f3b5c: start FollowerState
2019-10-17 07:44:03,123 [grpc-default-executor-1] INFO  impl.RoleInfo (RoleInfo.java:updateAndGet(143)) - 24020d0b-ce61-4f5a-b0b0-c561541e8cd4: start FollowerState
2019-10-17 07:44:03,143 [Datanode State Machine Thread - 0] INFO  statemachine.DatanodeStateMachine (DatanodeStateMachine.java:lambda$startDaemon$0(350)) - Ozone container server started.
2019-10-17 07:44:03,146 [2a93f7e5-ecb9-41da-9c47-70e13ba76d7d@group-A9EE991D717F-LeaderElection396] INFO  impl.LeaderElection (LeaderElection.java:logAndReturn(56)) - 2a93f7e5-ecb9-41da-9c47-70e13ba76d7d@group-A9EE991D717F-LeaderElection396: Election REJECTED; received 2 response(s) [2a93f7e5-ecb9-41da-9c47-70e13ba76d7d<-37bd8e8c-ea68-4b1c-8659-8d001c4f3b5c#0:FAIL-t430, 2a93f7e5-ecb9-41da-9c47-70e13ba76d7d<-24020d0b-ce61-4f5a-b0b0-c561541e8cd4#0:FAIL-t430] and 0 exception(s); 2a93f7e5-ecb9-41da-9c47-70e13ba76d7d@group-A9EE991D717F:t430, leader=null, voted=2a93f7e5-ecb9-41da-9c47-70e13ba76d7d, raftlog=2a93f7e5-ecb9-41da-9c47-70e13ba76d7d@group-A9EE991D717F-SegmentedRaftLog:OPENED:c-1,f0,i0, conf=0: [37bd8e8c-ea68-4b1c-8659-8d001c4f3b5c:192.168.34.62:41632, 24020d0b-ce61-4f5a-b0b0-c561541e8cd4:192.168.34.62:42892, 2a93f7e5-ecb9-41da-9c47-70e13ba76d7d:192.168.34.62:35412], old=null
2019-10-17 07:44:03,146 [2a93f7e5-ecb9-41da-9c47-70e13ba76d7d@group-A9EE991D717F-LeaderElection396] INFO  impl.RaftServerImpl (RaftServerImpl.java:setRole(184)) - 2a93f7e5-ecb9-41da-9c47-70e13ba76d7d@group-A9EE991D717F: changes role from CANDIDATE to FOLLOWER at term 430 for DISCOVERED_A_NEW_TERM
2019-10-17 07:44:03,146 [2a93f7e5-ecb9-41da-9c47-70e13ba76d7d@group-A9EE991D717F-LeaderElection396] INFO  impl.RoleInfo (RoleInfo.java:shutdownLeaderElection(134)) - 2a93f7e5-ecb9-41da-9c47-70e13ba76d7d: shutdown LeaderElection
2019-10-17 07:44:03,146 [2a93f7e5-ecb9-41da-9c47-70e13ba76d7d@group-A9EE991D717F-LeaderElection396] INFO  impl.RoleInfo (RoleInfo.java:updateAndGet(143)) - 2a93f7e5-ecb9-41da-9c47-70e13ba76d7d: start FollowerState
2019-10-17 07:44:03,274 [Thread-3036] INFO  impl.FollowerState (FollowerState.java:run(108)) - 2a93f7e5-ecb9-41da-9c47-70e13ba76d7d@group-A9EE991D717F-FollowerState: change to CANDIDATE, lastRpcTime:127ms, electionTimeout:127ms
2019-10-17 07:44:03,274 [Thread-3036] INFO  impl.RoleInfo (RoleInfo.java:shutdownFollowerState(121)) - 2a93f7e5-ecb9-41da-9c47-70e13ba76d7d: shutdown FollowerState
2019-10-17 07:44:03,274 [Thread-3036] INFO  impl.RaftServerImpl (RaftServerImpl.java:setRole(184)) - 2a93f7e5-ecb9-41da-9c47-70e13ba76d7d@group-A9EE991D717F: changes role from  FOLLOWER to CANDIDATE at term 430 for changeToCandidate
2019-10-17 07:44:03,274 [Thread-3036] INFO  impl.RoleInfo (RoleInfo.java:updateAndGet(143)) - 2a93f7e5-ecb9-41da-9c47-70e13ba76d7d: start LeaderElection
2019-10-17 07:44:03,304 [2a93f7e5-ecb9-41da-9c47-70e13ba76d7d@group-A9EE991D717F-LeaderElection397] INFO  impl.LeaderElection (LeaderElection.java:askForVotes(178)) - 2a93f7e5-ecb9-41da-9c47-70e13ba76d7d@group-A9EE991D717F-LeaderElection397: begin an election at term 431 for 0: [37bd8e8c-ea68-4b1c-8659-8d001c4f3b5c:192.168.34.62:41632, 24020d0b-ce61-4f5a-b0b0-c561541e8cd4:192.168.34.62:42892, 2a93f7e5-ecb9-41da-9c47-70e13ba76d7d:192.168.34.62:35412], old=null
2019-10-17 07:44:03,306 [grpc-default-executor-0] INFO  impl.RaftServerImpl (RaftServerImpl.java:setRole(184)) - 37bd8e8c-ea68-4b1c-8659-8d001c4f3b5c@group-A9EE991D717F: changes role from  FOLLOWER to FOLLOWER at term 431 for recognizeCandidate:2a93f7e5-ecb9-41da-9c47-70e13ba76d7d
2019-10-17 07:44:03,306 [grpc-default-executor-0] INFO  impl.RoleInfo (RoleInfo.java:shutdownFollowerState(121)) - 37bd8e8c-ea68-4b1c-8659-8d001c4f3b5c: shutdown FollowerState
2019-10-17 07:44:03,307 [grpc-default-executor-0] INFO  impl.RoleInfo (RoleInfo.java:updateAndGet(143)) - 37bd8e8c-ea68-4b1c-8659-8d001c4f3b5c: start FollowerState
2019-10-17 07:44:03,307 [Thread-3034] INFO  impl.FollowerState (FollowerState.java:run(117)) - 37bd8e8c-ea68-4b1c-8659-8d001c4f3b5c@group-A9EE991D717F-FollowerState was interrupted: java.lang.InterruptedException: sleep interrupted
2019-10-17 07:44:03,307 [grpc-default-executor-1] INFO  impl.RaftServerImpl (RaftServerImpl.java:setRole(184)) - 24020d0b-ce61-4f5a-b0b0-c561541e8cd4@group-A9EE991D717F: changes role from  FOLLOWER to FOLLOWER at term 431 for recognizeCandidate:2a93f7e5-ecb9-41da-9c47-70e13ba76d7d
2019-10-17 07:44:03,307 [grpc-default-executor-1] INFO  impl.RoleInfo (RoleInfo.java:shutdownFollowerState(121)) - 24020d0b-ce61-4f5a-b0b0-c561541e8cd4: shutdown FollowerState
2019-10-17 07:44:03,307 [grpc-default-executor-1] INFO  impl.RoleInfo (RoleInfo.java:updateAndGet(143)) - 24020d0b-ce61-4f5a-b0b0-c561541e8cd4: start FollowerState
2019-10-17 07:44:03,307 [Thread-3035] INFO  impl.FollowerState (FollowerState.java:run(117)) - 24020d0b-ce61-4f5a-b0b0-c561541e8cd4@group-A9EE991D717F-FollowerState was interrupted: java.lang.InterruptedException: sleep interrupted
2019-10-17 07:44:03,330 [2a93f7e5-ecb9-41da-9c47-70e13ba76d7d@group-A9EE991D717F-LeaderElection397] INFO  impl.LeaderElection (LeaderElection.java:logAndReturn(56)) - 2a93f7e5-ecb9-41da-9c47-70e13ba76d7d@group-A9EE991D717F-LeaderElection397: Election REJECTED; received 2 response(s) [2a93f7e5-ecb9-41da-9c47-70e13ba76d7d<-37bd8e8c-ea68-4b1c-8659-8d001c4f3b5c#0:FAIL-t431, 2a93f7e5-ecb9-41da-9c47-70e13ba76d7d<-24020d0b-ce61-4f5a-b0b0-c561541e8cd4#0:FAIL-t431] and 0 exception(s); 2a93f7e5-ecb9-41da-9c47-70e13ba76d7d@group-A9EE991D717F:t431, leader=null, voted=2a93f7e5-ecb9-41da-9c47-70e13ba76d7d, raftlog=2a93f7e5-ecb9-41da-9c47-70e13ba76d7d@group-A9EE991D717F-SegmentedRaftLog:OPENED:c-1,f0,i0, conf=0: [37bd8e8c-ea68-4b1c-8659-8d001c4f3b5c:192.168.34.62:41632, 24020d0b-ce61-4f5a-b0b0-c561541e8cd4:192.168.34.62:42892, 2a93f7e5-ecb9-41da-9c47-70e13ba76d7d:192.168.34.62:35412], old=null
2019-10-17 07:44:03,330 [2a93f7e5-ecb9-41da-9c47-70e13ba76d7d@group-A9EE991D717F-LeaderElection397] INFO  impl.RaftServerImpl (RaftServerImpl.java:setRole(184)) - 2a93f7e5-ecb9-41da-9c47-70e13ba76d7d@group-A9EE991D717F: changes role from CANDIDATE to FOLLOWER at term 431 for DISCOVERED_A_NEW_TERM
2019-10-17 07:44:03,330 [2a93f7e5-ecb9-41da-9c47-70e13ba76d7d@group-A9EE991D717F-LeaderElection397] INFO  impl.RoleInfo (RoleInfo.java:shutdownLeaderElection(134)) - 2a93f7e5-ecb9-41da-9c47-70e13ba76d7d: shutdown LeaderElection
2019-10-17 07:44:03,330 [2a93f7e5-ecb9-41da-9c47-70e13ba76d7d@group-A9EE991D717F-LeaderElection397] INFO  impl.RoleInfo (RoleInfo.java:updateAndGet(143)) - 2a93f7e5-ecb9-41da-9c47-70e13ba76d7d: start FollowerState
2019-10-17 07:44:03,473 [Thread-3042] INFO  impl.FollowerState (FollowerState.java:run(108)) - 2a93f7e5-ecb9-41da-9c47-70e13ba76d7d@group-A9EE991D717F-FollowerState: change to CANDIDATE, lastRpcTime:142ms, electionTimeout:142ms
2019-10-17 07:44:03,473 [Thread-3042] INFO  impl.RoleInfo (RoleInfo.java:shutdownFollowerState(121)) - 2a93f7e5-ecb9-41da-9c47-70e13ba76d7d: shutdown FollowerState
2019-10-17 07:44:03,473 [Thread-3042] INFO  impl.RaftServerImpl (RaftServerImpl.java:setRole(184)) - 2a93f7e5-ecb9-41da-9c47-70e13ba76d7d@group-A9EE991D717F: changes role from  FOLLOWER to CANDIDATE at term 431 for changeToCandidate
2019-10-17 07:44:03,473 [Thread-3042] INFO  impl.RoleInfo (RoleInfo.java:updateAndGet(143)) - 2a93f7e5-ecb9-41da-9c47-70e13ba76d7d: start LeaderElection
2019-10-17 07:44:03,496 [2a93f7e5-ecb9-41da-9c47-70e13ba76d7d@group-A9EE991D717F-LeaderElection398] INFO  impl.LeaderElection (LeaderElection.java:askForVotes(178)) - 2a93f7e5-ecb9-41da-9c47-70e13ba76d7d@group-A9EE991D717F-LeaderElection398: begin an election at term 432 for 0: [37bd8e8c-ea68-4b1c-8659-8d001c4f3b5c:192.168.34.62:41632, 24020d0b-ce61-4f5a-b0b0-c561541e8cd4:192.168.34.62:42892, 2a93f7e5-ecb9-41da-9c47-70e13ba76d7d:192.168.34.62:35412], old=null
2019-10-17 07:44:03,498 [grpc-default-executor-0] INFO  impl.RaftServerImpl (RaftServerImpl.java:setRole(184)) - 37bd8e8c-ea68-4b1c-8659-8d001c4f3b5c@group-A9EE991D717F: changes role from  FOLLOWER to FOLLOWER at term 432 for recognizeCandidate:2a93f7e5-ecb9-41da-9c47-70e13ba76d7d
2019-10-17 07:44:03,499 [grpc-default-executor-0] INFO  impl.RoleInfo (RoleInfo.java:shutdownFollowerState(121)) - 37bd8e8c-ea68-4b1c-8659-8d001c4f3b5c: shutdown FollowerState
2019-10-17 07:44:03,498 [grpc-default-executor-1] INFO  impl.RaftServerImpl (RaftServerImpl.java:setRole(184)) - 24020d0b-ce61-4f5a-b0b0-c561541e8cd4@group-A9EE991D717F: changes role from  FOLLOWER to FOLLOWER at term 432 for recognizeCandidate:2a93f7e5-ecb9-41da-9c47-70e13ba76d7d
2019-10-17 07:44:03,499 [Thread-3040] INFO  impl.FollowerState (FollowerState.java:run(117)) - 37bd8e8c-ea68-4b1c-8659-8d001c4f3b5c@group-A9EE991D717F-FollowerState was interrupted: java.lang.InterruptedException: sleep interrupted
2019-10-17 07:44:03,499 [grpc-default-executor-0] INFO  impl.RoleInfo (RoleInfo.java:updateAndGet(143)) - 37bd8e8c-ea68-4b1c-8659-8d001c4f3b5c: start FollowerState
2019-10-17 07:44:03,499 [grpc-default-executor-1] INFO  impl.RoleInfo (RoleInfo.java:shutdownFollowerState(121)) - 24020d0b-ce61-4f5a-b0b0-c561541e8cd4: shutdown FollowerState
2019-10-17 07:44:03,499 [grpc-default-executor-1] INFO  impl.RoleInfo (RoleInfo.java:updateAndGet(143)) - 24020d0b-ce61-4f5a-b0b0-c561541e8cd4: start FollowerState
2019-10-17 07:44:03,499 [Thread-3041] INFO  impl.FollowerState (FollowerState.java:run(117)) - 24020d0b-ce61-4f5a-b0b0-c561541e8cd4@group-A9EE991D717F-FollowerState was interrupted: java.lang.InterruptedException: sleep interrupted
2019-10-17 07:44:03,522 [2a93f7e5-ecb9-41da-9c47-70e13ba76d7d@group-A9EE991D717F-LeaderElection398] INFO  impl.LeaderElection (LeaderElection.java:logAndReturn(56)) - 2a93f7e5-ecb9-41da-9c47-70e13ba76d7d@group-A9EE991D717F-LeaderElection398: Election REJECTED; received 2 response(s) [2a93f7e5-ecb9-41da-9c47-70e13ba76d7d<-37bd8e8c-ea68-4b1c-8659-8d001c4f3b5c#0:FAIL-t432, 2a93f7e5-ecb9-41da-9c47-70e13ba76d7d<-24020d0b-ce61-4f5a-b0b0-c561541e8cd4#0:FAIL-t432] and 0 exception(s); 2a93f7e5-ecb9-41da-9c47-70e13ba76d7d@group-A9EE991D717F:t432, leader=null, voted=2a93f7e5-ecb9-41da-9c47-70e13ba76d7d, raftlog=2a93f7e5-ecb9-41da-9c47-70e13ba76d7d@group-A9EE991D717F-SegmentedRaftLog:OPENED:c-1,f0,i0, conf=0: [37bd8e8c-ea68-4b1c-8659-8d001c4f3b5c:192.168.34.62:41632, 24020d0b-ce61-4f5a-b0b0-c561541e8cd4:192.168.34.62:42892, 2a93f7e5-ecb9-41da-9c47-70e13ba76d7d:192.168.34.62:35412], old=null
2019-10-17 07:44:03,523 [2a93f7e5-ecb9-41da-9c47-70e13ba76d7d@group-A9EE991D717F-LeaderElection398] INFO  impl.RaftServerImpl (RaftServerImpl.java:setRole(184)) - 2a93f7e5-ecb9-41da-9c47-70e13ba76d7d@group-A9EE991D717F: changes role from CANDIDATE to FOLLOWER at term 432 for DISCOVERED_A_NEW_TERM
2019-10-17 07:44:03,523 [2a93f7e5-ecb9-41da-9c47-70e13ba76d7d@group-A9EE991D717F-LeaderElection398] INFO  impl.RoleInfo (RoleInfo.java:shutdownLeaderElection(134)) - 2a93f7e5-ecb9-41da-9c47-70e13ba76d7d: shutdown LeaderElection
2019-10-17 07:44:03,523 [2a93f7e5-ecb9-41da-9c47-70e13ba76d7d@group-A9EE991D717F-LeaderElection398] INFO  impl.RoleInfo (RoleInfo.java:updateAndGet(143)) - 2a93f7e5-ecb9-41da-9c47-70e13ba76d7d: start FollowerState
2019-10-17 07:44:03,688 [Thread-3048] INFO  impl.FollowerState (FollowerState.java:run(108)) - 2a93f7e5-ecb9-41da-9c47-70e13ba76d7d@group-A9EE991D717F-FollowerState: change to CANDIDATE, lastRpcTime:165ms, electionTimeout:165ms
2019-10-17 07:44:03,688 [Thread-3048] INFO  impl.RoleInfo (RoleInfo.java:shutdownFollowerState(121)) - 2a93f7e5-ecb9-41da-9c47-70e13ba76d7d: shutdown FollowerState
2019-10-17 07:44:03,688 [Thread-3048] INFO  impl.RaftServerImpl (RaftServerImpl.java:setRole(184)) - 2a93f7e5-ecb9-41da-9c47-70e13ba76d7d@group-A9EE991D717F: changes role from  FOLLOWER to CANDIDATE at term 432 for changeToCandidate
2019-10-17 07:44:03,689 [Thread-3048] INFO  impl.RoleInfo (RoleInfo.java:updateAndGet(143)) - 2a93f7e5-ecb9-41da-9c47-70e13ba76d7d: start LeaderElection
2019-10-17 07:44:03,714 [2a93f7e5-ecb9-41da-9c47-70e13ba76d7d@group-A9EE991D717F-LeaderElection399] INFO  impl.LeaderElection (LeaderElection.java:askForVotes(178)) - 2a93f7e5-ecb9-41da-9c47-70e13ba76d7d@group-A9EE991D717F-LeaderElection399: begin an election at term 433 for 0: [37bd8e8c-ea68-4b1c-8659-8d001c4f3b5c:192.168.34.62:41632, 24020d0b-ce61-4f5a-b0b0-c561541e8cd4:192.168.34.62:42892, 2a93f7e5-ecb9-41da-9c47-70e13ba76d7d:192.168.34.62:35412], old=null
2019-10-17 07:44:03,716 [grpc-default-executor-0] INFO  impl.RaftServerImpl (RaftServerImpl.java:setRole(184)) - 37bd8e8c-ea68-4b1c-8659-8d001c4f3b5c@group-A9EE991D717F: changes role from  FOLLOWER to FOLLOWER at term 433 for recognizeCandidate:2a93f7e5-ecb9-41da-9c47-70e13ba76d7d
2019-10-17 07:44:03,716 [grpc-default-executor-0] INFO  impl.RoleInfo (RoleInfo.java:shutdownFollowerState(121)) - 37bd8e8c-ea68-4b1c-8659-8d001c4f3b5c: shutdown FollowerState
2019-10-17 07:44:03,716 [grpc-default-executor-1] INFO  impl.RaftServerImpl (RaftServerImpl.java:setRole(184)) - 24020d0b-ce61-4f5a-b0b0-c561541e8cd4@group-A9EE991D717F: changes role from  FOLLOWER to FOLLOWER at term 433 for recognizeCandidate:2a93f7e5-ecb9-41da-9c47-70e13ba76d7d
2019-10-17 07:44:03,716 [Thread-3046] INFO  impl.FollowerState (FollowerState.java:run(117)) - 37bd8e8c-ea68-4b1c-8659-8d001c4f3b5c@group-A9EE991D717F-FollowerState was interrupted: java.lang.InterruptedException: sleep interrupted
2019-10-17 07:44:03,716 [grpc-default-executor-0] INFO  impl.RoleInfo (RoleInfo.java:updateAndGet(143)) - 37bd8e8c-ea68-4b1c-8659-8d001c4f3b5c: start FollowerState
2019-10-17 07:44:03,717 [grpc-default-executor-1] INFO  impl.RoleInfo (RoleInfo.java:shutdownFollowerState(121)) - 24020d0b-ce61-4f5a-b0b0-c561541e8cd4: shutdown FollowerState
2019-10-17 07:44:03,717 [grpc-default-executor-1] INFO  impl.RoleInfo (RoleInfo.java:updateAndGet(143)) - 24020d0b-ce61-4f5a-b0b0-c561541e8cd4: start FollowerState
2019-10-17 07:44:03,717 [Thread-3047] INFO  impl.FollowerState (FollowerState.java:run(117)) - 24020d0b-ce61-4f5a-b0b0-c561541e8cd4@group-A9EE991D717F-FollowerState was interrupted: java.lang.InterruptedException: sleep interrupted
2019-10-17 07:44:03,740 [2a93f7e5-ecb9-41da-9c47-70e13ba76d7d@group-A9EE991D717F-LeaderElection399] INFO  impl.LeaderElection (LeaderElection.java:logAndReturn(56)) - 2a93f7e5-ecb9-41da-9c47-70e13ba76d7d@group-A9EE991D717F-LeaderElection399: Election REJECTED; received 2 response(s) [2a93f7e5-ecb9-41da-9c47-70e13ba76d7d<-37bd8e8c-ea68-4b1c-8659-8d001c4f3b5c#0:FAIL-t433, 2a93f7e5-ecb9-41da-9c47-70e13ba76d7d<-24020d0b-ce61-4f5a-b0b0-c561541e8cd4#0:FAIL-t433] and 0 exception(s); 2a93f7e5-ecb9-41da-9c47-70e13ba76d7d@group-A9EE991D717F:t433, leader=null, voted=2a93f7e5-ecb9-41da-9c47-70e13ba76d7d, raftlog=2a93f7e5-ecb9-41da-9c47-70e13ba76d7d@group-A9EE991D717F-SegmentedRaftLog:OPENED:c-1,f0,i0, conf=0: [37bd8e8c-ea68-4b1c-8659-8d001c4f3b5c:192.168.34.62:41632, 24020d0b-ce61-4f5a-b0b0-c561541e8cd4:192.168.34.62:42892, 2a93f7e5-ecb9-41da-9c47-70e13ba76d7d:192.168.34.62:35412], old=null
2019-10-17 07:44:03,740 [2a93f7e5-ecb9-41da-9c47-70e13ba76d7d@group-A9EE991D717F-LeaderElection399] INFO  impl.RaftServerImpl (RaftServerImpl.java:setRole(184)) - 2a93f7e5-ecb9-41da-9c47-70e13ba76d7d@group-A9EE991D717F: changes role from CANDIDATE to FOLLOWER at term 433 for DISCOVERED_A_NEW_TERM
2019-10-17 07:44:03,740 [2a93f7e5-ecb9-41da-9c47-70e13ba76d7d@group-A9EE991D717F-LeaderElection399] INFO  impl.RoleInfo (RoleInfo.java:shutdownLeaderElection(134)) - 2a93f7e5-ecb9-41da-9c47-70e13ba76d7d: shutdown LeaderElection
2019-10-17 07:44:03,740 [2a93f7e5-ecb9-41da-9c47-70e13ba76d7d@group-A9EE991D717F-LeaderElection399] INFO  impl.RoleInfo (RoleInfo.java:updateAndGet(143)) - 2a93f7e5-ecb9-41da-9c47-70e13ba76d7d: start FollowerState
2019-10-17 07:44:03,935 [Thread-3054] INFO  impl.FollowerState (FollowerState.java:run(108)) - 2a93f7e5-ecb9-41da-9c47-70e13ba76d7d@group-A9EE991D717F-FollowerState: change to CANDIDATE, lastRpcTime:194ms, electionTimeout:194ms
2019-10-17 07:44:03,935 [Thread-3054] INFO  impl.RoleInfo (RoleInfo.java:shutdownFollowerState(121)) - 2a93f7e5-ecb9-41da-9c47-70e13ba76d7d: shutdown FollowerState
2019-10-17 07:44:03,935 [Thread-3054] INFO  impl.RaftServerImpl (RaftServerImpl.java:setRole(184)) - 2a93f7e5-ecb9-41da-9c47-70e13ba76d7d@group-A9EE991D717F: changes role from  FOLLOWER to CANDIDATE at term 433 for changeToCandidate
2019-10-17 07:44:03,935 [Thread-3054] INFO  impl.RoleInfo (RoleInfo.java:updateAndGet(143)) - 2a93f7e5-ecb9-41da-9c47-70e13ba76d7d: start LeaderElection
2019-10-17 07:44:03,965 [2a93f7e5-ecb9-41da-9c47-70e13ba76d7d@group-A9EE991D717F-LeaderElection400] INFO  impl.LeaderElection (LeaderElection.java:askForVotes(178)) - 2a93f7e5-ecb9-41da-9c47-70e13ba76d7d@group-A9EE991D717F-LeaderElection400: begin an election at term 434 for 0: [37bd8e8c-ea68-4b1c-8659-8d001c4f3b5c:192.168.34.62:41632, 24020d0b-ce61-4f5a-b0b0-c561541e8cd4:192.168.34.62:42892, 2a93f7e5-ecb9-41da-9c47-70e13ba76d7d:192.168.34.62:35412], old=null
2019-10-17 07:44:03,966 [grpc-default-executor-0] INFO  impl.RaftServerImpl (RaftServerImpl.java:setRole(184)) - 37bd8e8c-ea68-4b1c-8659-8d001c4f3b5c@group-A9EE991D717F: changes role from  FOLLOWER to FOLLOWER at term 434 for recognizeCandidate:2a93f7e5-ecb9-41da-9c47-70e13ba76d7d
2019-10-17 07:44:03,966 [grpc-default-executor-1] INFO  impl.RaftServerImpl (RaftServerImpl.java:setRole(184)) - 24020d0b-ce61-4f5a-b0b0-c561541e8cd4@group-A9EE991D717F: changes role from  FOLLOWER to FOLLOWER at term 434 for recognizeCandidate:2a93f7e5-ecb9-41da-9c47-70e13ba76d7d
2019-10-17 07:44:03,966 [grpc-default-executor-0] INFO  impl.RoleInfo (RoleInfo.java:shutdownFollowerState(121)) - 37bd8e8c-ea68-4b1c-8659-8d001c4f3b5c: shutdown FollowerState
2019-10-17 07:44:03,966 [grpc-default-executor-1] INFO  impl.RoleInfo (RoleInfo.java:shutdownFollowerState(121)) - 24020d0b-ce61-4f5a-b0b0-c561541e8cd4: shutdown FollowerState
2019-10-17 07:44:03,967 [Thread-3052] INFO  impl.FollowerState (FollowerState.java:run(117)) - 37bd8e8c-ea68-4b1c-8659-8d001c4f3b5c@group-A9EE991D717F-FollowerState was interrupted: java.lang.InterruptedException: sleep interrupted
2019-10-17 07:44:03,967 [Thread-3053] INFO  impl.FollowerState (FollowerState.java:run(117)) - 24020d0b-ce61-4f5a-b0b0-c561541e8cd4@group-A9EE991D717F-FollowerState was interrupted: java.lang.InterruptedException: sleep interrupted
2019-10-17 07:44:03,967 [grpc-default-executor-0] INFO  impl.RoleInfo (RoleInfo.java:updateAndGet(143)) - 37bd8e8c-ea68-4b1c-8659-8d001c4f3b5c: start FollowerState
2019-10-17 07:44:03,967 [grpc-default-executor-1] INFO  impl.RoleInfo (RoleInfo.java:updateAndGet(143)) - 24020d0b-ce61-4f5a-b0b0-c561541e8cd4: start FollowerState
2019-10-17 07:44:03,990 [2a93f7e5-ecb9-41da-9c47-70e13ba76d7d@group-A9EE991D717F-LeaderElection400] INFO  impl.LeaderElection (LeaderElection.java:logAndReturn(56)) - 2a93f7e5-ecb9-41da-9c47-70e13ba76d7d@group-A9EE991D717F-LeaderElection400: Election REJECTED; received 2 response(s) [2a93f7e5-ecb9-41da-9c47-70e13ba76d7d<-37bd8e8c-ea68-4b1c-8659-8d001c4f3b5c#0:FAIL-t434, 2a93f7e5-ecb9-41da-9c47-70e13ba76d7d<-24020d0b-ce61-4f5a-b0b0-c561541e8cd4#0:FAIL-t434] and 0 exception(s); 2a93f7e5-ecb9-41da-9c47-70e13ba76d7d@group-A9EE991D717F:t434, leader=null, voted=2a93f7e5-ecb9-41da-9c47-70e13ba76d7d, raftlog=2a93f7e5-ecb9-41da-9c47-70e13ba76d7d@group-A9EE991D717F-SegmentedRaftLog:OPENED:c-1,f0,i0, conf=0: [37bd8e8c-ea68-4b1c-8659-8d001c4f3b5c:192.168.34.62:41632, 24020d0b-ce61-4f5a-b0b0-c561541e8cd4:192.168.34.62:42892, 2a93f7e5-ecb9-41da-9c47-70e13ba76d7d:192.168.34.62:35412], old=null
2019-10-17 07:44:03,991 [2a93f7e5-ecb9-41da-9c47-70e13ba76d7d@group-A9EE991D717F-LeaderElection400] INFO  impl.RaftServerImpl (RaftServerImpl.java:setRole(184)) - 2a93f7e5-ecb9-41da-9c47-70e13ba76d7d@group-A9EE991D717F: changes role from CANDIDATE to FOLLOWER at term 434 for DISCOVERED_A_NEW_TERM
2019-10-17 07:44:03,991 [2a93f7e5-ecb9-41da-9c47-70e13ba76d7d@group-A9EE991D717F-LeaderElection400] INFO  impl.RoleInfo (RoleInfo.java:shutdownLeaderElection(134)) - 2a93f7e5-ecb9-41da-9c47-70e13ba76d7d: shutdown LeaderElection
2019-10-17 07:44:03,991 [2a93f7e5-ecb9-41da-9c47-70e13ba76d7d@group-A9EE991D717F-LeaderElection400] INFO  impl.RoleInfo (RoleInfo.java:updateAndGet(143)) - 2a93f7e5-ecb9-41da-9c47-70e13ba76d7d: start FollowerState
2019-10-17 07:44:04,059 [Thread-3060] INFO  impl.FollowerState (FollowerState.java:run(108)) - 2a93f7e5-ecb9-41da-9c47-70e13ba76d7d@group-A9EE991D717F-FollowerState: change to CANDIDATE, lastRpcTime:68ms, electionTimeout:68ms
2019-10-17 07:44:04,059 [Thread-3060] INFO  impl.RoleInfo (RoleInfo.java:shutdownFollowerState(121)) - 2a93f7e5-ecb9-41da-9c47-70e13ba76d7d: shutdown FollowerState
2019-10-17 07:44:04,059 [Thread-3060] INFO  impl.RaftServerImpl (RaftServerImpl.java:setRole(184)) - 2a93f7e5-ecb9-41da-9c47-70e13ba76d7d@group-A9EE991D717F: changes role from  FOLLOWER to CANDIDATE at term 434 for changeToCandidate
2019-10-17 07:44:04,060 [Thread-3060] INFO  impl.RoleInfo (RoleInfo.java:updateAndGet(143)) - 2a93f7e5-ecb9-41da-9c47-70e13ba76d7d: start LeaderElection
2019-10-17 07:44:04,090 [2a93f7e5-ecb9-41da-9c47-70e13ba76d7d@group-A9EE991D717F-LeaderElection401] INFO  impl.LeaderElection (LeaderElection.java:askForVotes(178)) - 2a93f7e5-ecb9-41da-9c47-70e13ba76d7d@group-A9EE991D717F-LeaderElection401: begin an election at term 435 for 0: [37bd8e8c-ea68-4b1c-8659-8d001c4f3b5c:192.168.34.62:41632, 24020d0b-ce61-4f5a-b0b0-c561541e8cd4:192.168.34.62:42892, 2a93f7e5-ecb9-41da-9c47-70e13ba76d7d:192.168.34.62:35412], old=null
2019-10-17 07:44:04,092 [grpc-default-executor-1] INFO  impl.RaftServerImpl (RaftServerImpl.java:setRole(184)) - 24020d0b-ce61-4f5a-b0b0-c561541e8cd4@group-A9EE991D717F: changes role from  FOLLOWER to FOLLOWER at term 435 for recognizeCandidate:2a93f7e5-ecb9-41da-9c47-70e13ba76d7d
2019-10-17 07:44:04,092 [grpc-default-executor-1] INFO  impl.RoleInfo (RoleInfo.java:shutdownFollowerState(121)) - 24020d0b-ce61-4f5a-b0b0-c561541e8cd4: shutdown FollowerState
2019-10-17 07:44:04,092 [grpc-default-executor-0] INFO  impl.RaftServerImpl (RaftServerImpl.java:setRole(184)) - 37bd8e8c-ea68-4b1c-8659-8d001c4f3b5c@group-A9EE991D717F: changes role from  FOLLOWER to FOLLOWER at term 435 for recognizeCandidate:2a93f7e5-ecb9-41da-9c47-70e13ba76d7d
2019-10-17 07:44:04,093 [Thread-3059] INFO  impl.FollowerState (FollowerState.java:run(117)) - 24020d0b-ce61-4f5a-b0b0-c561541e8cd4@group-A9EE991D717F-FollowerState was interrupted: java.lang.InterruptedException: sleep interrupted
2019-10-17 07:44:04,092 [grpc-default-executor-1] INFO  impl.RoleInfo (RoleInfo.java:updateAndGet(143)) - 24020d0b-ce61-4f5a-b0b0-c561541e8cd4: start FollowerState
2019-10-17 07:44:04,093 [grpc-default-executor-0] INFO  impl.RoleInfo (RoleInfo.java:shutdownFollowerState(121)) - 37bd8e8c-ea68-4b1c-8659-8d001c4f3b5c: shutdown FollowerState
2019-10-17 07:44:04,093 [grpc-default-executor-0] INFO  impl.RoleInfo (RoleInfo.java:updateAndGet(143)) - 37bd8e8c-ea68-4b1c-8659-8d001c4f3b5c: start FollowerState
2019-10-17 07:44:04,093 [Thread-3058] INFO  impl.FollowerState (FollowerState.java:run(117)) - 37bd8e8c-ea68-4b1c-8659-8d001c4f3b5c@group-A9EE991D717F-FollowerState was interrupted: java.lang.InterruptedException: sleep interrupted
2019-10-17 07:44:04,116 [2a93f7e5-ecb9-41da-9c47-70e13ba76d7d@group-A9EE991D717F-LeaderElection401] INFO  impl.LeaderElection (LeaderElection.java:logAndReturn(56)) - 2a93f7e5-ecb9-41da-9c47-70e13ba76d7d@group-A9EE991D717F-LeaderElection401: Election REJECTED; received 2 response(s) [2a93f7e5-ecb9-41da-9c47-70e13ba76d7d<-37bd8e8c-ea68-4b1c-8659-8d001c4f3b5c#0:FAIL-t435, 2a93f7e5-ecb9-41da-9c47-70e13ba76d7d<-24020d0b-ce61-4f5a-b0b0-c561541e8cd4#0:FAIL-t435] and 0 exception(s); 2a93f7e5-ecb9-41da-9c47-70e13ba76d7d@group-A9EE991D717F:t435, leader=null, voted=2a93f7e5-ecb9-41da-9c47-70e13ba76d7d, raftlog=2a93f7e5-ecb9-41da-9c47-70e13ba76d7d@group-A9EE991D717F-SegmentedRaftLog:OPENED:c-1,f0,i0, conf=0: [37bd8e8c-ea68-4b1c-8659-8d001c4f3b5c:192.168.34.62:41632, 24020d0b-ce61-4f5a-b0b0-c561541e8cd4:192.168.34.62:42892, 2a93f7e5-ecb9-41da-9c47-70e13ba76d7d:192.168.34.62:35412], old=null
2019-10-17 07:44:04,116 [2a93f7e5-ecb9-41da-9c47-70e13ba76d7d@group-A9EE991D717F-LeaderElection401] INFO  impl.RaftServerImpl (RaftServerImpl.java:setRole(184)) - 2a93f7e5-ecb9-41da-9c47-70e13ba76d7d@group-A9EE991D717F: changes role from CANDIDATE to FOLLOWER at term 435 for DISCOVERED_A_NEW_TERM
2019-10-17 07:44:04,117 [2a93f7e5-ecb9-41da-9c47-70e13ba76d7d@group-A9EE991D717F-LeaderElection401] INFO  impl.RoleInfo (RoleInfo.java:shutdownLeaderElection(134)) - 2a93f7e5-ecb9-41da-9c47-70e13ba76d7d: shutdown LeaderElection
2019-10-17 07:44:04,117 [2a93f7e5-ecb9-41da-9c47-70e13ba76d7d@group-A9EE991D717F-LeaderElection401] INFO  impl.RoleInfo (RoleInfo.java:updateAndGet(143)) - 2a93f7e5-ecb9-41da-9c47-70e13ba76d7d: start FollowerState
2019-10-17 07:44:04,149 [Thread-3067] INFO  impl.FollowerState (FollowerState.java:run(108)) - 2a93f7e5-ecb9-41da-9c47-70e13ba76d7d@group-A9EE991D717F-FollowerState: change to CANDIDATE, lastRpcTime:32ms, electionTimeout:32ms
2019-10-17 07:44:04,149 [Thread-3067] INFO  impl.RoleInfo (RoleInfo.java:shutdownFollowerState(121)) - 2a93f7e5-ecb9-41da-9c47-70e13ba76d7d: shutdown FollowerState
2019-10-17 07:44:04,149 [Thread-3067] INFO  impl.RaftServerImpl (RaftServerImpl.java:setRole(184)) - 2a93f7e5-ecb9-41da-9c47-70e13ba76d7d@group-A9EE991D717F: changes role from  FOLLOWER to CANDIDATE at term 435 for changeToCandidate
2019-10-17 07:44:04,149 [Thread-3067] INFO  impl.RoleInfo (RoleInfo.java:updateAndGet(143)) - 2a93f7e5-ecb9-41da-9c47-70e13ba76d7d: start LeaderElection
2019-10-17 07:44:04,174 [2a93f7e5-ecb9-41da-9c47-70e13ba76d7d@group-A9EE991D717F-LeaderElection402] INFO  impl.LeaderElection (LeaderElection.java:askForVotes(178)) - 2a93f7e5-ecb9-41da-9c47-70e13ba76d7d@group-A9EE991D717F-LeaderElection402: begin an election at term 436 for 0: [37bd8e8c-ea68-4b1c-8659-8d001c4f3b5c:192.168.34.62:41632, 24020d0b-ce61-4f5a-b0b0-c561541e8cd4:192.168.34.62:42892, 2a93f7e5-ecb9-41da-9c47-70e13ba76d7d:192.168.34.62:35412], old=null
2019-10-17 07:44:04,176 [grpc-default-executor-1] INFO  impl.RaftServerImpl (RaftServerImpl.java:setRole(184)) - 37bd8e8c-ea68-4b1c-8659-8d001c4f3b5c@group-A9EE991D717F: changes role from  FOLLOWER to FOLLOWER at term 436 for recognizeCandidate:2a93f7e5-ecb9-41da-9c47-70e13ba76d7d
2019-10-17 07:44:04,176 [grpc-default-executor-1] INFO  impl.RoleInfo (RoleInfo.java:shutdownFollowerState(121)) - 37bd8e8c-ea68-4b1c-8659-8d001c4f3b5c: shutdown FollowerState
2019-10-17 07:44:04,176 [grpc-default-executor-1] INFO  impl.RoleInfo (RoleInfo.java:updateAndGet(143)) - 37bd8e8c-ea68-4b1c-8659-8d001c4f3b5c: start FollowerState
2019-10-17 07:44:04,176 [Thread-3066] INFO  impl.FollowerState (FollowerState.java:run(117)) - 37bd8e8c-ea68-4b1c-8659-8d001c4f3b5c@group-A9EE991D717F-FollowerState was interrupted: java.lang.InterruptedException: sleep interrupted
2019-10-17 07:44:04,177 [grpc-default-executor-0] INFO  impl.RaftServerImpl (RaftServerImpl.java:setRole(184)) - 24020d0b-ce61-4f5a-b0b0-c561541e8cd4@group-A9EE991D717F: changes role from  FOLLOWER to FOLLOWER at term 436 for recognizeCandidate:2a93f7e5-ecb9-41da-9c47-70e13ba76d7d
2019-10-17 07:44:04,177 [grpc-default-executor-0] INFO  impl.RoleInfo (RoleInfo.java:shutdownFollowerState(121)) - 24020d0b-ce61-4f5a-b0b0-c561541e8cd4: shutdown FollowerState
2019-10-17 07:44:04,177 [grpc-default-executor-0] INFO  impl.RoleInfo (RoleInfo.java:updateAndGet(143)) - 24020d0b-ce61-4f5a-b0b0-c561541e8cd4: start FollowerState
2019-10-17 07:44:04,177 [Thread-3065] INFO  impl.FollowerState (FollowerState.java:run(117)) - 24020d0b-ce61-4f5a-b0b0-c561541e8cd4@group-A9EE991D717F-FollowerState was interrupted: java.lang.InterruptedException: sleep interrupted
2019-10-17 07:44:04,200 [2a93f7e5-ecb9-41da-9c47-70e13ba76d7d@group-A9EE991D717F-LeaderElection402] INFO  impl.LeaderElection (LeaderElection.java:logAndReturn(56)) - 2a93f7e5-ecb9-41da-9c47-70e13ba76d7d@group-A9EE991D717F-LeaderElection402: Election REJECTED; received 2 response(s) [2a93f7e5-ecb9-41da-9c47-70e13ba76d7d<-37bd8e8c-ea68-4b1c-8659-8d001c4f3b5c#0:FAIL-t436, 2a93f7e5-ecb9-41da-9c47-70e13ba76d7d<-24020d0b-ce61-4f5a-b0b0-c561541e8cd4#0:FAIL-t436] and 0 exception(s); 2a93f7e5-ecb9-41da-9c47-70e13ba76d7d@group-A9EE991D717F:t436, leader=null, voted=2a93f7e5-ecb9-41da-9c47-70e13ba76d7d, raftlog=2a93f7e5-ecb9-41da-9c47-70e13ba76d7d@group-A9EE991D717F-SegmentedRaftLog:OPENED:c-1,f0,i0, conf=0: [37bd8e8c-ea68-4b1c-8659-8d001c4f3b5c:192.168.34.62:41632, 24020d0b-ce61-4f5a-b0b0-c561541e8cd4:192.168.34.62:42892, 2a93f7e5-ecb9-41da-9c47-70e13ba76d7d:192.168.34.62:35412], old=null
2019-10-17 07:44:04,201 [2a93f7e5-ecb9-41da-9c47-70e13ba76d7d@group-A9EE991D717F-LeaderElection402] INFO  impl.RaftServerImpl (RaftServerImpl.java:setRole(184)) - 2a93f7e5-ecb9-41da-9c47-70e13ba76d7d@group-A9EE991D717F: changes role from CANDIDATE to FOLLOWER at term 436 for DISCOVERED_A_NEW_TERM
2019-10-17 07:44:04,201 [2a93f7e5-ecb9-41da-9c47-70e13ba76d7d@group-A9EE991D717F-LeaderElection402] INFO  impl.RoleInfo (RoleInfo.java:shutdownLeaderElection(134)) - 2a93f7e5-ecb9-41da-9c47-70e13ba76d7d: shutdown LeaderElection
2019-10-17 07:44:04,201 [2a93f7e5-ecb9-41da-9c47-70e13ba76d7d@group-A9EE991D717F-LeaderElection402] INFO  impl.RoleInfo (RoleInfo.java:updateAndGet(143)) - 2a93f7e5-ecb9-41da-9c47-70e13ba76d7d: start FollowerState
2019-10-17 07:44:04,318 [Thread-3074] INFO  impl.FollowerState (FollowerState.java:run(108)) - 2a93f7e5-ecb9-41da-9c47-70e13ba76d7d@group-A9EE991D717F-FollowerState: change to CANDIDATE, lastRpcTime:117ms, electionTimeout:117ms
2019-10-17 07:44:04,318 [Thread-3074] INFO  impl.RoleInfo (RoleInfo.java:shutdownFollowerState(121)) - 2a93f7e5-ecb9-41da-9c47-70e13ba76d7d: shutdown FollowerState
2019-10-17 07:44:04,319 [Thread-3074] INFO  impl.RaftServerImpl (RaftServerImpl.java:setRole(184)) - 2a93f7e5-ecb9-41da-9c47-70e13ba76d7d@group-A9EE991D717F: changes role from  FOLLOWER to CANDIDATE at term 436 for changeToCandidate
2019-10-17 07:44:04,319 [Thread-3074] INFO  impl.RoleInfo (RoleInfo.java:updateAndGet(143)) - 2a93f7e5-ecb9-41da-9c47-70e13ba76d7d: start LeaderElection
2019-10-17 07:44:04,342 [2a93f7e5-ecb9-41da-9c47-70e13ba76d7d@group-A9EE991D717F-LeaderElection403] INFO  impl.LeaderElection (LeaderElection.java:askForVotes(178)) - 2a93f7e5-ecb9-41da-9c47-70e13ba76d7d@group-A9EE991D717F-LeaderElection403: begin an election at term 437 for 0: [37bd8e8c-ea68-4b1c-8659-8d001c4f3b5c:192.168.34.62:41632, 24020d0b-ce61-4f5a-b0b0-c561541e8cd4:192.168.34.62:42892, 2a93f7e5-ecb9-41da-9c47-70e13ba76d7d:192.168.34.62:35412], old=null
2019-10-17 07:44:04,344 [grpc-default-executor-1] INFO  impl.RaftServerImpl (RaftServerImpl.java:setRole(184)) - 37bd8e8c-ea68-4b1c-8659-8d001c4f3b5c@group-A9EE991D717F: changes role from  FOLLOWER to FOLLOWER at term 437 for recognizeCandidate:2a93f7e5-ecb9-41da-9c47-70e13ba76d7d
2019-10-17 07:44:04,344 [grpc-default-executor-1] INFO  impl.RoleInfo (RoleInfo.java:shutdownFollowerState(121)) - 37bd8e8c-ea68-4b1c-8659-8d001c4f3b5c: shutdown FollowerState
2019-10-17 07:44:04,344 [grpc-default-executor-0] INFO  impl.RaftServerImpl (RaftServerImpl.java:setRole(184)) - 24020d0b-ce61-4f5a-b0b0-c561541e8cd4@group-A9EE991D717F: changes role from  FOLLOWER to FOLLOWER at term 437 for recognizeCandidate:2a93f7e5-ecb9-41da-9c47-70e13ba76d7d
2019-10-17 07:44:04,344 [grpc-default-executor-0] INFO  impl.RoleInfo (RoleInfo.java:shutdownFollowerState(121)) - 24020d0b-ce61-4f5a-b0b0-c561541e8cd4: shutdown FollowerState
2019-10-17 07:44:04,344 [Thread-3071] INFO  impl.FollowerState (FollowerState.java:run(117)) - 37bd8e8c-ea68-4b1c-8659-8d001c4f3b5c@group-A9EE991D717F-FollowerState was interrupted: java.lang.InterruptedException: sleep interrupted
2019-10-17 07:44:04,345 [Thread-3072] INFO  impl.FollowerState (FollowerState.java:run(117)) - 24020d0b-ce61-4f5a-b0b0-c561541e8cd4@group-A9EE991D717F-FollowerState was interrupted: java.lang.InterruptedException: sleep interrupted
2019-10-17 07:44:04,344 [grpc-default-executor-1] INFO  impl.RoleInfo (RoleInfo.java:updateAndGet(143)) - 37bd8e8c-ea68-4b1c-8659-8d001c4f3b5c: start FollowerState
2019-10-17 07:44:04,345 [grpc-default-executor-0] INFO  impl.RoleInfo (RoleInfo.java:updateAndGet(143)) - 24020d0b-ce61-4f5a-b0b0-c561541e8cd4: start FollowerState
2019-10-17 07:44:04,368 [2a93f7e5-ecb9-41da-9c47-70e13ba76d7d@group-A9EE991D717F-LeaderElection403] INFO  impl.LeaderElection (LeaderElection.java:logAndReturn(56)) - 2a93f7e5-ecb9-41da-9c47-70e13ba76d7d@group-A9EE991D717F-LeaderElection403: Election REJECTED; received 2 response(s) [2a93f7e5-ecb9-41da-9c47-70e13ba76d7d<-37bd8e8c-ea68-4b1c-8659-8d001c4f3b5c#0:FAIL-t437, 2a93f7e5-ecb9-41da-9c47-70e13ba76d7d<-24020d0b-ce61-4f5a-b0b0-c561541e8cd4#0:FAIL-t437] and 0 exception(s); 2a93f7e5-ecb9-41da-9c47-70e13ba76d7d@group-A9EE991D717F:t437, leader=null, voted=2a93f7e5-ecb9-41da-9c47-70e13ba76d7d, raftlog=2a93f7e5-ecb9-41da-9c47-70e13ba76d7d@group-A9EE991D717F-SegmentedRaftLog:OPENED:c-1,f0,i0, conf=0: [37bd8e8c-ea68-4b1c-8659-8d001c4f3b5c:192.168.34.62:41632, 24020d0b-ce61-4f5a-b0b0-c561541e8cd4:192.168.34.62:42892, 2a93f7e5-ecb9-41da-9c47-70e13ba76d7d:192.168.34.62:35412], old=null
2019-10-17 07:44:04,368 [2a93f7e5-ecb9-41da-9c47-70e13ba76d7d@group-A9EE991D717F-LeaderElection403] INFO  impl.RaftServerImpl (RaftServerImpl.java:setRole(184)) - 2a93f7e5-ecb9-41da-9c47-70e13ba76d7d@group-A9EE991D717F: changes role from CANDIDATE to FOLLOWER at term 437 for DISCOVERED_A_NEW_TERM
2019-10-17 07:44:04,368 [2a93f7e5-ecb9-41da-9c47-70e13ba76d7d@group-A9EE991D717F-LeaderElection403] INFO  impl.RoleInfo (RoleInfo.java:shutdownLeaderElection(134)) - 2a93f7e5-ecb9-41da-9c47-70e13ba76d7d: shutdown LeaderElection
2019-10-17 07:44:04,368 [2a93f7e5-ecb9-41da-9c47-70e13ba76d7d@group-A9EE991D717F-LeaderElection403] INFO  impl.RoleInfo (RoleInfo.java:updateAndGet(143)) - 2a93f7e5-ecb9-41da-9c47-70e13ba76d7d: start FollowerState
2019-10-17 07:44:04,490 [Thread-3080] INFO  impl.FollowerState (FollowerState.java:run(108)) - 2a93f7e5-ecb9-41da-9c47-70e13ba76d7d@group-A9EE991D717F-FollowerState: change to CANDIDATE, lastRpcTime:121ms, electionTimeout:121ms
2019-10-17 07:44:04,490 [Thread-3080] INFO  impl.RoleInfo (RoleInfo.java:shutdownFollowerState(121)) - 2a93f7e5-ecb9-41da-9c47-70e13ba76d7d: shutdown FollowerState
2019-10-17 07:44:04,490 [Thread-3080] INFO  impl.RaftServerImpl (RaftServerImpl.java:setRole(184)) - 2a93f7e5-ecb9-41da-9c47-70e13ba76d7d@group-A9EE991D717F: changes role from  FOLLOWER to CANDIDATE at term 437 for changeToCandidate
2019-10-17 07:44:04,490 [Thread-3080] INFO  impl.RoleInfo (RoleInfo.java:updateAndGet(143)) - 2a93f7e5-ecb9-41da-9c47-70e13ba76d7d: start LeaderElection
2019-10-17 07:44:04,512 [2a93f7e5-ecb9-41da-9c47-70e13ba76d7d@group-A9EE991D717F-LeaderElection404] INFO  impl.LeaderElection (LeaderElection.java:askForVotes(178)) - 2a93f7e5-ecb9-41da-9c47-70e13ba76d7d@group-A9EE991D717F-LeaderElection404: begin an election at term 438 for 0: [37bd8e8c-ea68-4b1c-8659-8d001c4f3b5c:192.168.34.62:41632, 24020d0b-ce61-4f5a-b0b0-c561541e8cd4:192.168.34.62:42892, 2a93f7e5-ecb9-41da-9c47-70e13ba76d7d:192.168.34.62:35412], old=null
2019-10-17 07:44:04,514 [grpc-default-executor-0] INFO  impl.RaftServerImpl (RaftServerImpl.java:setRole(184)) - 37bd8e8c-ea68-4b1c-8659-8d001c4f3b5c@group-A9EE991D717F: changes role from  FOLLOWER to FOLLOWER at term 438 for recognizeCandidate:2a93f7e5-ecb9-41da-9c47-70e13ba76d7d
2019-10-17 07:44:04,514 [grpc-default-executor-0] INFO  impl.RoleInfo (RoleInfo.java:shutdownFollowerState(121)) - 37bd8e8c-ea68-4b1c-8659-8d001c4f3b5c: shutdown FollowerState
2019-10-17 07:44:04,514 [grpc-default-executor-1] INFO  impl.RaftServerImpl (RaftServerImpl.java:setRole(184)) - 24020d0b-ce61-4f5a-b0b0-c561541e8cd4@group-A9EE991D717F: changes role from  FOLLOWER to FOLLOWER at term 438 for recognizeCandidate:2a93f7e5-ecb9-41da-9c47-70e13ba76d7d
2019-10-17 07:44:04,515 [Thread-3078] INFO  impl.FollowerState (FollowerState.java:run(117)) - 37bd8e8c-ea68-4b1c-8659-8d001c4f3b5c@group-A9EE991D717F-FollowerState was interrupted: java.lang.InterruptedException: sleep interrupted
2019-10-17 07:44:04,515 [grpc-default-executor-0] INFO  impl.RoleInfo (RoleInfo.java:updateAndGet(143)) - 37bd8e8c-ea68-4b1c-8659-8d001c4f3b5c: start FollowerState
2019-10-17 07:44:04,515 [grpc-default-executor-1] INFO  impl.RoleInfo (RoleInfo.java:shutdownFollowerState(121)) - 24020d0b-ce61-4f5a-b0b0-c561541e8cd4: shutdown FollowerState
2019-10-17 07:44:04,515 [grpc-default-executor-1] INFO  impl.RoleInfo (RoleInfo.java:updateAndGet(143)) - 24020d0b-ce61-4f5a-b0b0-c561541e8cd4: start FollowerState
2019-10-17 07:44:04,515 [Thread-3079] INFO  impl.FollowerState (FollowerState.java:run(117)) - 24020d0b-ce61-4f5a-b0b0-c561541e8cd4@group-A9EE991D717F-FollowerState was interrupted: java.lang.InterruptedException: sleep interrupted
2019-10-17 07:44:04,539 [2a93f7e5-ecb9-41da-9c47-70e13ba76d7d@group-A9EE991D717F-LeaderElection404] INFO  impl.LeaderElection (LeaderElection.java:logAndReturn(56)) - 2a93f7e5-ecb9-41da-9c47-70e13ba76d7d@group-A9EE991D717F-LeaderElection404: Election REJECTED; received 2 response(s) [2a93f7e5-ecb9-41da-9c47-70e13ba76d7d<-37bd8e8c-ea68-4b1c-8659-8d001c4f3b5c#0:FAIL-t438, 2a93f7e5-ecb9-41da-9c47-70e13ba76d7d<-24020d0b-ce61-4f5a-b0b0-c561541e8cd4#0:FAIL-t438] and 0 exception(s); 2a93f7e5-ecb9-41da-9c47-70e13ba76d7d@group-A9EE991D717F:t438, leader=null, voted=2a93f7e5-ecb9-41da-9c47-70e13ba76d7d, raftlog=2a93f7e5-ecb9-41da-9c47-70e13ba76d7d@group-A9EE991D717F-SegmentedRaftLog:OPENED:c-1,f0,i0, conf=0: [37bd8e8c-ea68-4b1c-8659-8d001c4f3b5c:192.168.34.62:41632, 24020d0b-ce61-4f5a-b0b0-c561541e8cd4:192.168.34.62:42892, 2a93f7e5-ecb9-41da-9c47-70e13ba76d7d:192.168.34.62:35412], old=null
2019-10-17 07:44:04,539 [2a93f7e5-ecb9-41da-9c47-70e13ba76d7d@group-A9EE991D717F-LeaderElection404] INFO  impl.RaftServerImpl (RaftServerImpl.java:setRole(184)) - 2a93f7e5-ecb9-41da-9c47-70e13ba76d7d@group-A9EE991D717F: changes role from CANDIDATE to FOLLOWER at term 438 for DISCOVERED_A_NEW_TERM
2019-10-17 07:44:04,539 [2a93f7e5-ecb9-41da-9c47-70e13ba76d7d@group-A9EE991D717F-LeaderElection404] INFO  impl.RoleInfo (RoleInfo.java:shutdownLeaderElection(134)) - 2a93f7e5-ecb9-41da-9c47-70e13ba76d7d: shutdown LeaderElection
2019-10-17 07:44:04,540 [2a93f7e5-ecb9-41da-9c47-70e13ba76d7d@group-A9EE991D717F-LeaderElection404] INFO  impl.RoleInfo (RoleInfo.java:updateAndGet(143)) - 2a93f7e5-ecb9-41da-9c47-70e13ba76d7d: start FollowerState
2019-10-17 07:44:04,567 [Thread-3086] INFO  impl.FollowerState (FollowerState.java:run(108)) - 2a93f7e5-ecb9-41da-9c47-70e13ba76d7d@group-A9EE991D717F-FollowerState: change to CANDIDATE, lastRpcTime:27ms, electionTimeout:27ms
2019-10-17 07:44:04,567 [Thread-3086] INFO  impl.RoleInfo (RoleInfo.java:shutdownFollowerState(121)) - 2a93f7e5-ecb9-41da-9c47-70e13ba76d7d: shutdown FollowerState
2019-10-17 07:44:04,567 [Thread-3086] INFO  impl.RaftServerImpl (RaftServerImpl.java:setRole(184)) - 2a93f7e5-ecb9-41da-9c47-70e13ba76d7d@group-A9EE991D717F: changes role from  FOLLOWER to CANDIDATE at term 438 for changeToCandidate
2019-10-17 07:44:04,567 [Thread-3086] INFO  impl.RoleInfo (RoleInfo.java:updateAndGet(143)) - 2a93f7e5-ecb9-41da-9c47-70e13ba76d7d: start LeaderElection
2019-10-17 07:44:04,592 [2a93f7e5-ecb9-41da-9c47-70e13ba76d7d@group-A9EE991D717F-LeaderElection405] INFO  impl.LeaderElection (LeaderElection.java:askForVotes(178)) - 2a93f7e5-ecb9-41da-9c47-70e13ba76d7d@group-A9EE991D717F-LeaderElection405: begin an election at term 439 for 0: [37bd8e8c-ea68-4b1c-8659-8d001c4f3b5c:192.168.34.62:41632, 24020d0b-ce61-4f5a-b0b0-c561541e8cd4:192.168.34.62:42892, 2a93f7e5-ecb9-41da-9c47-70e13ba76d7d:192.168.34.62:35412], old=null
2019-10-17 07:44:04,594 [grpc-default-executor-1] INFO  impl.RaftServerImpl (RaftServerImpl.java:setRole(184)) - 37bd8e8c-ea68-4b1c-8659-8d001c4f3b5c@group-A9EE991D717F: changes role from  FOLLOWER to FOLLOWER at term 439 for recognizeCandidate:2a93f7e5-ecb9-41da-9c47-70e13ba76d7d
2019-10-17 07:44:04,594 [grpc-default-executor-1] INFO  impl.RoleInfo (RoleInfo.java:shutdownFollowerState(121)) - 37bd8e8c-ea68-4b1c-8659-8d001c4f3b5c: shutdown FollowerState
2019-10-17 07:44:04,594 [grpc-default-executor-1] INFO  impl.RoleInfo (RoleInfo.java:updateAndGet(143)) - 37bd8e8c-ea68-4b1c-8659-8d001c4f3b5c: start FollowerState
2019-10-17 07:44:04,594 [Thread-3084] INFO  impl.FollowerState (FollowerState.java:run(117)) - 37bd8e8c-ea68-4b1c-8659-8d001c4f3b5c@group-A9EE991D717F-FollowerState was interrupted: java.lang.InterruptedException: sleep interrupted
2019-10-17 07:44:04,594 [grpc-default-executor-0] INFO  impl.RaftServerImpl (RaftServerImpl.java:setRole(184)) - 24020d0b-ce61-4f5a-b0b0-c561541e8cd4@group-A9EE991D717F: changes role from  FOLLOWER to FOLLOWER at term 439 for recognizeCandidate:2a93f7e5-ecb9-41da-9c47-70e13ba76d7d
2019-10-17 07:44:04,594 [grpc-default-executor-0] INFO  impl.RoleInfo (RoleInfo.java:shutdownFollowerState(121)) - 24020d0b-ce61-4f5a-b0b0-c561541e8cd4: shutdown FollowerState
2019-10-17 07:44:04,595 [grpc-default-executor-0] INFO  impl.RoleInfo (RoleInfo.java:updateAndGet(143)) - 24020d0b-ce61-4f5a-b0b0-c561541e8cd4: start FollowerState
2019-10-17 07:44:04,595 [Thread-3085] INFO  impl.FollowerState (FollowerState.java:run(117)) - 24020d0b-ce61-4f5a-b0b0-c561541e8cd4@group-A9EE991D717F-FollowerState was interrupted: java.lang.InterruptedException: sleep interrupted
2019-10-17 07:44:04,618 [2a93f7e5-ecb9-41da-9c47-70e13ba76d7d@group-A9EE991D717F-LeaderElection405] INFO  impl.LeaderElection (LeaderElection.java:logAndReturn(56)) - 2a93f7e5-ecb9-41da-9c47-70e13ba76d7d@group-A9EE991D717F-LeaderElection405: Election REJECTED; received 2 response(s) [2a93f7e5-ecb9-41da-9c47-70e13ba76d7d<-37bd8e8c-ea68-4b1c-8659-8d001c4f3b5c#0:FAIL-t439, 2a93f7e5-ecb9-41da-9c47-70e13ba76d7d<-24020d0b-ce61-4f5a-b0b0-c561541e8cd4#0:FAIL-t439] and 0 exception(s); 2a93f7e5-ecb9-41da-9c47-70e13ba76d7d@group-A9EE991D717F:t439, leader=null, voted=2a93f7e5-ecb9-41da-9c47-70e13ba76d7d, raftlog=2a93f7e5-ecb9-41da-9c47-70e13ba76d7d@group-A9EE991D717F-SegmentedRaftLog:OPENED:c-1,f0,i0, conf=0: [37bd8e8c-ea68-4b1c-8659-8d001c4f3b5c:192.168.34.62:41632, 24020d0b-ce61-4f5a-b0b0-c561541e8cd4:192.168.34.62:42892, 2a93f7e5-ecb9-41da-9c47-70e13ba76d7d:192.168.34.62:35412], old=null
2019-10-17 07:44:04,618 [2a93f7e5-ecb9-41da-9c47-70e13ba76d7d@group-A9EE991D717F-LeaderElection405] INFO  impl.RaftServerImpl (RaftServerImpl.java:setRole(184)) - 2a93f7e5-ecb9-41da-9c47-70e13ba76d7d@group-A9EE991D717F: changes role from CANDIDATE to FOLLOWER at term 439 for DISCOVERED_A_NEW_TERM
2019-10-17 07:44:04,618 [2a93f7e5-ecb9-41da-9c47-70e13ba76d7d@group-A9EE991D717F-LeaderElection405] INFO  impl.RoleInfo (RoleInfo.java:shutdownLeaderElection(134)) - 2a93f7e5-ecb9-41da-9c47-70e13ba76d7d: shutdown LeaderElection
2019-10-17 07:44:04,618 [2a93f7e5-ecb9-41da-9c47-70e13ba76d7d@group-A9EE991D717F-LeaderElection405] INFO  impl.RoleInfo (RoleInfo.java:updateAndGet(143)) - 2a93f7e5-ecb9-41da-9c47-70e13ba76d7d: start FollowerState
2019-10-17 07:44:04,776 [Thread-3092] INFO  impl.FollowerState (FollowerState.java:run(108)) - 2a93f7e5-ecb9-41da-9c47-70e13ba76d7d@group-A9EE991D717F-FollowerState: change to CANDIDATE, lastRpcTime:157ms, electionTimeout:157ms
2019-10-17 07:44:04,776 [Thread-3092] INFO  impl.RoleInfo (RoleInfo.java:shutdownFollowerState(121)) - 2a93f7e5-ecb9-41da-9c47-70e13ba76d7d: shutdown FollowerState
2019-10-17 07:44:04,776 [Thread-3092] INFO  impl.RaftServerImpl (RaftServerImpl.java:setRole(184)) - 2a93f7e5-ecb9-41da-9c47-70e13ba76d7d@group-A9EE991D717F: changes role from  FOLLOWER to CANDIDATE at term 439 for changeToCandidate
2019-10-17 07:44:04,776 [Thread-3092] INFO  impl.RoleInfo (RoleInfo.java:updateAndGet(143)) - 2a93f7e5-ecb9-41da-9c47-70e13ba76d7d: start LeaderElection
2019-10-17 07:44:04,800 [2a93f7e5-ecb9-41da-9c47-70e13ba76d7d@group-A9EE991D717F-LeaderElection406] INFO  impl.LeaderElection (LeaderElection.java:askForVotes(178)) - 2a93f7e5-ecb9-41da-9c47-70e13ba76d7d@group-A9EE991D717F-LeaderElection406: begin an election at term 440 for 0: [37bd8e8c-ea68-4b1c-8659-8d001c4f3b5c:192.168.34.62:41632, 24020d0b-ce61-4f5a-b0b0-c561541e8cd4:192.168.34.62:42892, 2a93f7e5-ecb9-41da-9c47-70e13ba76d7d:192.168.34.62:35412], old=null
2019-10-17 07:44:04,802 [grpc-default-executor-0] INFO  impl.RaftServerImpl (RaftServerImpl.java:setRole(184)) - 37bd8e8c-ea68-4b1c-8659-8d001c4f3b5c@group-A9EE991D717F: changes role from  FOLLOWER to FOLLOWER at term 440 for recognizeCandidate:2a93f7e5-ecb9-41da-9c47-70e13ba76d7d
2019-10-17 07:44:04,802 [grpc-default-executor-1] INFO  impl.RaftServerImpl (RaftServerImpl.java:setRole(184)) - 24020d0b-ce61-4f5a-b0b0-c561541e8cd4@group-A9EE991D717F: changes role from  FOLLOWER to FOLLOWER at term 440 for recognizeCandidate:2a93f7e5-ecb9-41da-9c47-70e13ba76d7d
2019-10-17 07:44:04,803 [grpc-default-executor-0] INFO  impl.RoleInfo (RoleInfo.java:shutdownFollowerState(121)) - 37bd8e8c-ea68-4b1c-8659-8d001c4f3b5c: shutdown FollowerState
2019-10-17 07:44:04,803 [grpc-default-executor-1] INFO  impl.RoleInfo (RoleInfo.java:shutdownFollowerState(121)) - 24020d0b-ce61-4f5a-b0b0-c561541e8cd4: shutdown FollowerState
2019-10-17 07:44:04,803 [Thread-3090] INFO  impl.FollowerState (FollowerState.java:run(117)) - 37bd8e8c-ea68-4b1c-8659-8d001c4f3b5c@group-A9EE991D717F-FollowerState was interrupted: java.lang.InterruptedException: sleep interrupted
2019-10-17 07:44:04,803 [grpc-default-executor-0] INFO  impl.RoleInfo (RoleInfo.java:updateAndGet(143)) - 37bd8e8c-ea68-4b1c-8659-8d001c4f3b5c: start FollowerState
2019-10-17 07:44:04,803 [Thread-3091] INFO  impl.FollowerState (FollowerState.java:run(117)) - 24020d0b-ce61-4f5a-b0b0-c561541e8cd4@group-A9EE991D717F-FollowerState was interrupted: java.lang.InterruptedException: sleep interrupted
2019-10-17 07:44:04,803 [grpc-default-executor-1] INFO  impl.RoleInfo (RoleInfo.java:updateAndGet(143)) - 24020d0b-ce61-4f5a-b0b0-c561541e8cd4: start FollowerState
2019-10-17 07:44:04,829 [2a93f7e5-ecb9-41da-9c47-70e13ba76d7d@group-A9EE991D717F-LeaderElection406] INFO  impl.LeaderElection (LeaderElection.java:logAndReturn(56)) - 2a93f7e5-ecb9-41da-9c47-70e13ba76d7d@group-A9EE991D717F-LeaderElection406: Election REJECTED; received 2 response(s) [2a93f7e5-ecb9-41da-9c47-70e13ba76d7d<-37bd8e8c-ea68-4b1c-8659-8d001c4f3b5c#0:FAIL-t440, 2a93f7e5-ecb9-41da-9c47-70e13ba76d7d<-24020d0b-ce61-4f5a-b0b0-c561541e8cd4#0:FAIL-t440] and 0 exception(s); 2a93f7e5-ecb9-41da-9c47-70e13ba76d7d@group-A9EE991D717F:t440, leader=null, voted=2a93f7e5-ecb9-41da-9c47-70e13ba76d7d, raftlog=2a93f7e5-ecb9-41da-9c47-70e13ba76d7d@group-A9EE991D717F-SegmentedRaftLog:OPENED:c-1,f0,i0, conf=0: [37bd8e8c-ea68-4b1c-8659-8d001c4f3b5c:192.168.34.62:41632, 24020d0b-ce61-4f5a-b0b0-c561541e8cd4:192.168.34.62:42892, 2a93f7e5-ecb9-41da-9c47-70e13ba76d7d:192.168.34.62:35412], old=null
2019-10-17 07:44:04,829 [2a93f7e5-ecb9-41da-9c47-70e13ba76d7d@group-A9EE991D717F-LeaderElection406] INFO  impl.RaftServerImpl (RaftServerImpl.java:setRole(184)) - 2a93f7e5-ecb9-41da-9c47-70e13ba76d7d@group-A9EE991D717F: changes role from CANDIDATE to FOLLOWER at term 440 for DISCOVERED_A_NEW_TERM
2019-10-17 07:44:04,829 [2a93f7e5-ecb9-41da-9c47-70e13ba76d7d@group-A9EE991D717F-LeaderElection406] INFO  impl.RoleInfo (RoleInfo.java:shutdownLeaderElection(134)) - 2a93f7e5-ecb9-41da-9c47-70e13ba76d7d: shutdown LeaderElection
2019-10-17 07:44:04,829 [2a93f7e5-ecb9-41da-9c47-70e13ba76d7d@group-A9EE991D717F-LeaderElection406] INFO  impl.RoleInfo (RoleInfo.java:updateAndGet(143)) - 2a93f7e5-ecb9-41da-9c47-70e13ba76d7d: start FollowerState
2019-10-17 07:44:04,855 [Thread-3098] INFO  impl.FollowerState (FollowerState.java:run(108)) - 2a93f7e5-ecb9-41da-9c47-70e13ba76d7d@group-A9EE991D717F-FollowerState: change to CANDIDATE, lastRpcTime:25ms, electionTimeout:25ms
2019-10-17 07:44:04,855 [Thread-3098] INFO  impl.RoleInfo (RoleInfo.java:shutdownFollowerState(121)) - 2a93f7e5-ecb9-41da-9c47-70e13ba76d7d: shutdown FollowerState
2019-10-17 07:44:04,855 [Thread-3098] INFO  impl.RaftServerImpl (RaftServerImpl.java:setRole(184)) - 2a93f7e5-ecb9-41da-9c47-70e13ba76d7d@group-A9EE991D717F: changes role from  FOLLOWER to CANDIDATE at term 440 for changeToCandidate
2019-10-17 07:44:04,855 [Thread-3098] INFO  impl.RoleInfo (RoleInfo.java:updateAndGet(143)) - 2a93f7e5-ecb9-41da-9c47-70e13ba76d7d: start LeaderElection
2019-10-17 07:44:04,878 [2a93f7e5-ecb9-41da-9c47-70e13ba76d7d@group-A9EE991D717F-LeaderElection407] INFO  impl.LeaderElection (LeaderElection.java:askForVotes(178)) - 2a93f7e5-ecb9-41da-9c47-70e13ba76d7d@group-A9EE991D717F-LeaderElection407: begin an election at term 441 for 0: [37bd8e8c-ea68-4b1c-8659-8d001c4f3b5c:192.168.34.62:41632, 24020d0b-ce61-4f5a-b0b0-c561541e8cd4:192.168.34.62:42892, 2a93f7e5-ecb9-41da-9c47-70e13ba76d7d:192.168.34.62:35412], old=null
2019-10-17 07:44:04,880 [grpc-default-executor-0] INFO  impl.RaftServerImpl (RaftServerImpl.java:setRole(184)) - 37bd8e8c-ea68-4b1c-8659-8d001c4f3b5c@group-A9EE991D717F: changes role from  FOLLOWER to FOLLOWER at term 441 for recognizeCandidate:2a93f7e5-ecb9-41da-9c47-70e13ba76d7d
2019-10-17 07:44:04,880 [grpc-default-executor-0] INFO  impl.RoleInfo (RoleInfo.java:shutdownFollowerState(121)) - 37bd8e8c-ea68-4b1c-8659-8d001c4f3b5c: shutdown FollowerState
2019-10-17 07:44:04,880 [grpc-default-executor-1] INFO  impl.RaftServerImpl (RaftServerImpl.java:setRole(184)) - 24020d0b-ce61-4f5a-b0b0-c561541e8cd4@group-A9EE991D717F: changes role from  FOLLOWER to FOLLOWER at term 441 for recognizeCandidate:2a93f7e5-ecb9-41da-9c47-70e13ba76d7d
2019-10-17 07:44:04,881 [grpc-default-executor-1] INFO  impl.RoleInfo (RoleInfo.java:shutdownFollowerState(121)) - 24020d0b-ce61-4f5a-b0b0-c561541e8cd4: shutdown FollowerState
2019-10-17 07:44:04,881 [Thread-3096] INFO  impl.FollowerState (FollowerState.java:run(117)) - 37bd8e8c-ea68-4b1c-8659-8d001c4f3b5c@group-A9EE991D717F-FollowerState was interrupted: java.lang.InterruptedException: sleep interrupted
2019-10-17 07:44:04,881 [grpc-default-executor-0] INFO  impl.RoleInfo (RoleInfo.java:updateAndGet(143)) - 37bd8e8c-ea68-4b1c-8659-8d001c4f3b5c: start FollowerState
2019-10-17 07:44:04,881 [Thread-3097] INFO  impl.FollowerState (FollowerState.java:run(117)) - 24020d0b-ce61-4f5a-b0b0-c561541e8cd4@group-A9EE991D717F-FollowerState was interrupted: java.lang.InterruptedException: sleep interrupted
2019-10-17 07:44:04,881 [grpc-default-executor-1] INFO  impl.RoleInfo (RoleInfo.java:updateAndGet(143)) - 24020d0b-ce61-4f5a-b0b0-c561541e8cd4: start FollowerState
2019-10-17 07:44:04,906 [2a93f7e5-ecb9-41da-9c47-70e13ba76d7d@group-A9EE991D717F-LeaderElection407] INFO  impl.LeaderElection (LeaderElection.java:logAndReturn(56)) - 2a93f7e5-ecb9-41da-9c47-70e13ba76d7d@group-A9EE991D717F-LeaderElection407: Election REJECTED; received 2 response(s) [2a93f7e5-ecb9-41da-9c47-70e13ba76d7d<-37bd8e8c-ea68-4b1c-8659-8d001c4f3b5c#0:FAIL-t441, 2a93f7e5-ecb9-41da-9c47-70e13ba76d7d<-24020d0b-ce61-4f5a-b0b0-c561541e8cd4#0:FAIL-t441] and 0 exception(s); 2a93f7e5-ecb9-41da-9c47-70e13ba76d7d@group-A9EE991D717F:t441, leader=null, voted=2a93f7e5-ecb9-41da-9c47-70e13ba76d7d, raftlog=2a93f7e5-ecb9-41da-9c47-70e13ba76d7d@group-A9EE991D717F-SegmentedRaftLog:OPENED:c-1,f0,i0, conf=0: [37bd8e8c-ea68-4b1c-8659-8d001c4f3b5c:192.168.34.62:41632, 24020d0b-ce61-4f5a-b0b0-c561541e8cd4:192.168.34.62:42892, 2a93f7e5-ecb9-41da-9c47-70e13ba76d7d:192.168.34.62:35412], old=null
2019-10-17 07:44:04,906 [2a93f7e5-ecb9-41da-9c47-70e13ba76d7d@group-A9EE991D717F-LeaderElection407] INFO  impl.RaftServerImpl (RaftServerImpl.java:setRole(184)) - 2a93f7e5-ecb9-41da-9c47-70e13ba76d7d@group-A9EE991D717F: changes role from CANDIDATE to FOLLOWER at term 441 for DISCOVERED_A_NEW_TERM
2019-10-17 07:44:04,906 [2a93f7e5-ecb9-41da-9c47-70e13ba76d7d@group-A9EE991D717F-LeaderElection407] INFO  impl.RoleInfo (RoleInfo.java:shutdownLeaderElection(134)) - 2a93f7e5-ecb9-41da-9c47-70e13ba76d7d: shutdown LeaderElection
2019-10-17 07:44:04,907 [2a93f7e5-ecb9-41da-9c47-70e13ba76d7d@group-A9EE991D717F-LeaderElection407] INFO  impl.RoleInfo (RoleInfo.java:updateAndGet(143)) - 2a93f7e5-ecb9-41da-9c47-70e13ba76d7d: start FollowerState
2019-10-17 07:44:05,048 [Thread-3104] INFO  impl.FollowerState (FollowerState.java:run(108)) - 2a93f7e5-ecb9-41da-9c47-70e13ba76d7d@group-A9EE991D717F-FollowerState: change to CANDIDATE, lastRpcTime:141ms, electionTimeout:141ms
2019-10-17 07:44:05,048 [Thread-3104] INFO  impl.RoleInfo (RoleInfo.java:shutdownFollowerState(121)) - 2a93f7e5-ecb9-41da-9c47-70e13ba76d7d: shutdown FollowerState
2019-10-17 07:44:05,049 [Thread-3104] INFO  impl.RaftServerImpl (RaftServerImpl.java:setRole(184)) - 2a93f7e5-ecb9-41da-9c47-70e13ba76d7d@group-A9EE991D717F: changes role from  FOLLOWER to CANDIDATE at term 441 for changeToCandidate
2019-10-17 07:44:05,049 [Thread-3104] INFO  impl.RoleInfo (RoleInfo.java:updateAndGet(143)) - 2a93f7e5-ecb9-41da-9c47-70e13ba76d7d: start LeaderElection
2019-10-17 07:44:05,073 [2a93f7e5-ecb9-41da-9c47-70e13ba76d7d@group-A9EE991D717F-LeaderElection408] INFO  impl.LeaderElection (LeaderElection.java:askForVotes(178)) - 2a93f7e5-ecb9-41da-9c47-70e13ba76d7d@group-A9EE991D717F-LeaderElection408: begin an election at term 442 for 0: [37bd8e8c-ea68-4b1c-8659-8d001c4f3b5c:192.168.34.62:41632, 24020d0b-ce61-4f5a-b0b0-c561541e8cd4:192.168.34.62:42892, 2a93f7e5-ecb9-41da-9c47-70e13ba76d7d:192.168.34.62:35412], old=null
2019-10-17 07:44:05,075 [grpc-default-executor-0] INFO  impl.RaftServerImpl (RaftServerImpl.java:setRole(184)) - 37bd8e8c-ea68-4b1c-8659-8d001c4f3b5c@group-A9EE991D717F: changes role from  FOLLOWER to FOLLOWER at term 442 for recognizeCandidate:2a93f7e5-ecb9-41da-9c47-70e13ba76d7d
2019-10-17 07:44:05,075 [grpc-default-executor-0] INFO  impl.RoleInfo (RoleInfo.java:shutdownFollowerState(121)) - 37bd8e8c-ea68-4b1c-8659-8d001c4f3b5c: shutdown FollowerState
2019-10-17 07:44:05,075 [grpc-default-executor-1] INFO  impl.RaftServerImpl (RaftServerImpl.java:setRole(184)) - 24020d0b-ce61-4f5a-b0b0-c561541e8cd4@group-A9EE991D717F: changes role from  FOLLOWER to FOLLOWER at term 442 for recognizeCandidate:2a93f7e5-ecb9-41da-9c47-70e13ba76d7d
2019-10-17 07:44:05,076 [grpc-default-executor-1] INFO  impl.RoleInfo (RoleInfo.java:shutdownFollowerState(121)) - 24020d0b-ce61-4f5a-b0b0-c561541e8cd4: shutdown FollowerState
2019-10-17 07:44:05,076 [Thread-3102] INFO  impl.FollowerState (FollowerState.java:run(117)) - 37bd8e8c-ea68-4b1c-8659-8d001c4f3b5c@group-A9EE991D717F-FollowerState was interrupted: java.lang.InterruptedException: sleep interrupted
2019-10-17 07:44:05,076 [grpc-default-executor-0] INFO  impl.RoleInfo (RoleInfo.java:updateAndGet(143)) - 37bd8e8c-ea68-4b1c-8659-8d001c4f3b5c: start FollowerState
2019-10-17 07:44:05,076 [Thread-3103] INFO  impl.FollowerState (FollowerState.java:run(117)) - 24020d0b-ce61-4f5a-b0b0-c561541e8cd4@group-A9EE991D717F-FollowerState was interrupted: java.lang.InterruptedException: sleep interrupted
2019-10-17 07:44:05,076 [grpc-default-executor-1] INFO  impl.RoleInfo (RoleInfo.java:updateAndGet(143)) - 24020d0b-ce61-4f5a-b0b0-c561541e8cd4: start FollowerState
2019-10-17 07:44:05,088 [2a93f7e5-ecb9-41da-9c47-70e13ba76d7d@group-A9EE991D717F-LeaderElection408] INFO  impl.LeaderElection (LeaderElection.java:logAndReturn(56)) - 2a93f7e5-ecb9-41da-9c47-70e13ba76d7d@group-A9EE991D717F-LeaderElection408: Election REJECTED; received 2 response(s) [2a93f7e5-ecb9-41da-9c47-70e13ba76d7d<-37bd8e8c-ea68-4b1c-8659-8d001c4f3b5c#0:FAIL-t442, 2a93f7e5-ecb9-41da-9c47-70e13ba76d7d<-24020d0b-ce61-4f5a-b0b0-c561541e8cd4#0:FAIL-t442] and 0 exception(s); 2a93f7e5-ecb9-41da-9c47-70e13ba76d7d@group-A9EE991D717F:t442, leader=null, voted=2a93f7e5-ecb9-41da-9c47-70e13ba76d7d, raftlog=2a93f7e5-ecb9-41da-9c47-70e13ba76d7d@group-A9EE991D717F-SegmentedRaftLog:OPENED:c-1,f0,i0, conf=0: [37bd8e8c-ea68-4b1c-8659-8d001c4f3b5c:192.168.34.62:41632, 24020d0b-ce61-4f5a-b0b0-c561541e8cd4:192.168.34.62:42892, 2a93f7e5-ecb9-41da-9c47-70e13ba76d7d:192.168.34.62:35412], old=null
2019-10-17 07:44:05,089 [2a93f7e5-ecb9-41da-9c47-70e13ba76d7d@group-A9EE991D717F-LeaderElection408] INFO  impl.RaftServerImpl (RaftServerImpl.java:setRole(184)) - 2a93f7e5-ecb9-41da-9c47-70e13ba76d7d@group-A9EE991D717F: changes role from CANDIDATE to FOLLOWER at term 442 for DISCOVERED_A_NEW_TERM
2019-10-17 07:44:05,089 [2a93f7e5-ecb9-41da-9c47-70e13ba76d7d@group-A9EE991D717F-LeaderElection408] INFO  impl.RoleInfo (RoleInfo.java:shutdownLeaderElection(134)) - 2a93f7e5-ecb9-41da-9c47-70e13ba76d7d: shutdown LeaderElection
2019-10-17 07:44:05,089 [2a93f7e5-ecb9-41da-9c47-70e13ba76d7d@group-A9EE991D717F-LeaderElection408] INFO  impl.RoleInfo (RoleInfo.java:updateAndGet(143)) - 2a93f7e5-ecb9-41da-9c47-70e13ba76d7d: start FollowerState
2019-10-17 07:44:05,270 [Thread-3110] INFO  impl.FollowerState (FollowerState.java:run(108)) - 2a93f7e5-ecb9-41da-9c47-70e13ba76d7d@group-A9EE991D717F-FollowerState: change to CANDIDATE, lastRpcTime:181ms, electionTimeout:181ms
2019-10-17 07:44:05,271 [Thread-3110] INFO  impl.RoleInfo (RoleInfo.java:shutdownFollowerState(121)) - 2a93f7e5-ecb9-41da-9c47-70e13ba76d7d: shutdown FollowerState
2019-10-17 07:44:05,271 [Thread-3110] INFO  impl.RaftServerImpl (RaftServerImpl.java:setRole(184)) - 2a93f7e5-ecb9-41da-9c47-70e13ba76d7d@group-A9EE991D717F: changes role from  FOLLOWER to CANDIDATE at term 442 for changeToCandidate
2019-10-17 07:44:05,271 [Thread-3110] INFO  impl.RoleInfo (RoleInfo.java:updateAndGet(143)) - 2a93f7e5-ecb9-41da-9c47-70e13ba76d7d: start LeaderElection
2019-10-17 07:44:05,295 [2a93f7e5-ecb9-41da-9c47-70e13ba76d7d@group-A9EE991D717F-LeaderElection409] INFO  impl.LeaderElection (LeaderElection.java:askForVotes(178)) - 2a93f7e5-ecb9-41da-9c47-70e13ba76d7d@group-A9EE991D717F-LeaderElection409: begin an election at term 443 for 0: [37bd8e8c-ea68-4b1c-8659-8d001c4f3b5c:192.168.34.62:41632, 24020d0b-ce61-4f5a-b0b0-c561541e8cd4:192.168.34.62:42892, 2a93f7e5-ecb9-41da-9c47-70e13ba76d7d:192.168.34.62:35412], old=null
2019-10-17 07:44:05,296 [grpc-default-executor-1] INFO  impl.RaftServerImpl (RaftServerImpl.java:setRole(184)) - 37bd8e8c-ea68-4b1c-8659-8d001c4f3b5c@group-A9EE991D717F: changes role from  FOLLOWER to FOLLOWER at term 443 for recognizeCandidate:2a93f7e5-ecb9-41da-9c47-70e13ba76d7d
2019-10-17 07:44:05,297 [grpc-default-executor-1] INFO  impl.RoleInfo (RoleInfo.java:shutdownFollowerState(121)) - 37bd8e8c-ea68-4b1c-8659-8d001c4f3b5c: shutdown FollowerState
2019-10-17 07:44:05,297 [grpc-default-executor-1] INFO  impl.RoleInfo (RoleInfo.java:updateAndGet(143)) - 37bd8e8c-ea68-4b1c-8659-8d001c4f3b5c: start FollowerState
2019-10-17 07:44:05,297 [Thread-3108] INFO  impl.FollowerState (FollowerState.java:run(117)) - 37bd8e8c-ea68-4b1c-8659-8d001c4f3b5c@group-A9EE991D717F-FollowerState was interrupted: java.lang.InterruptedException: sleep interrupted
2019-10-17 07:44:05,297 [grpc-default-executor-0] INFO  impl.RaftServerImpl (RaftServerImpl.java:setRole(184)) - 24020d0b-ce61-4f5a-b0b0-c561541e8cd4@group-A9EE991D717F: changes role from  FOLLOWER to FOLLOWER at term 443 for recognizeCandidate:2a93f7e5-ecb9-41da-9c47-70e13ba76d7d
2019-10-17 07:44:05,297 [grpc-default-executor-0] INFO  impl.RoleInfo (RoleInfo.java:shutdownFollowerState(121)) - 24020d0b-ce61-4f5a-b0b0-c561541e8cd4: shutdown FollowerState
2019-10-17 07:44:05,297 [grpc-default-executor-0] INFO  impl.RoleInfo (RoleInfo.java:updateAndGet(143)) - 24020d0b-ce61-4f5a-b0b0-c561541e8cd4: start FollowerState
2019-10-17 07:44:05,297 [Thread-3109] INFO  impl.FollowerState (FollowerState.java:run(117)) - 24020d0b-ce61-4f5a-b0b0-c561541e8cd4@group-A9EE991D717F-FollowerState was interrupted: java.lang.InterruptedException: sleep interrupted
2019-10-17 07:44:05,340 [2a93f7e5-ecb9-41da-9c47-70e13ba76d7d@group-A9EE991D717F-LeaderElection409] INFO  impl.LeaderElection (LeaderElection.java:logAndReturn(56)) - 2a93f7e5-ecb9-41da-9c47-70e13ba76d7d@group-A9EE991D717F-LeaderElection409: Election REJECTED; received 2 response(s) [2a93f7e5-ecb9-41da-9c47-70e13ba76d7d<-37bd8e8c-ea68-4b1c-8659-8d001c4f3b5c#0:FAIL-t443, 2a93f7e5-ecb9-41da-9c47-70e13ba76d7d<-24020d0b-ce61-4f5a-b0b0-c561541e8cd4#0:FAIL-t443] and 0 exception(s); 2a93f7e5-ecb9-41da-9c47-70e13ba76d7d@group-A9EE991D717F:t443, leader=null, voted=2a93f7e5-ecb9-41da-9c47-70e13ba76d7d, raftlog=2a93f7e5-ecb9-41da-9c47-70e13ba76d7d@group-A9EE991D717F-SegmentedRaftLog:OPENED:c-1,f0,i0, conf=0: [37bd8e8c-ea68-4b1c-8659-8d001c4f3b5c:192.168.34.62:41632, 24020d0b-ce61-4f5a-b0b0-c561541e8cd4:192.168.34.62:42892, 2a93f7e5-ecb9-41da-9c47-70e13ba76d7d:192.168.34.62:35412], old=null
2019-10-17 07:44:05,340 [2a93f7e5-ecb9-41da-9c47-70e13ba76d7d@group-A9EE991D717F-LeaderElection409] INFO  impl.RaftServerImpl (RaftServerImpl.java:setRole(184)) - 2a93f7e5-ecb9-41da-9c47-70e13ba76d7d@group-A9EE991D717F: changes role from CANDIDATE to FOLLOWER at term 443 for DISCOVERED_A_NEW_TERM
2019-10-17 07:44:05,340 [2a93f7e5-ecb9-41da-9c47-70e13ba76d7d@group-A9EE991D717F-LeaderElection409] INFO  impl.RoleInfo (RoleInfo.java:shutdownLeaderElection(134)) - 2a93f7e5-ecb9-41da-9c47-70e13ba76d7d: shutdown LeaderElection
2019-10-17 07:44:05,341 [2a93f7e5-ecb9-41da-9c47-70e13ba76d7d@group-A9EE991D717F-LeaderElection409] INFO  impl.RoleInfo (RoleInfo.java:updateAndGet(143)) - 2a93f7e5-ecb9-41da-9c47-70e13ba76d7d: start FollowerState
2019-10-17 07:44:05,446 [Thread-3116] INFO  impl.FollowerState (FollowerState.java:run(108)) - 2a93f7e5-ecb9-41da-9c47-70e13ba76d7d@group-A9EE991D717F-FollowerState: change to CANDIDATE, lastRpcTime:105ms, electionTimeout:105ms
2019-10-17 07:44:05,446 [Thread-3116] INFO  impl.RoleInfo (RoleInfo.java:shutdownFollowerState(121)) - 2a93f7e5-ecb9-41da-9c47-70e13ba76d7d: shutdown FollowerState
2019-10-17 07:44:05,446 [Thread-3116] INFO  impl.RaftServerImpl (RaftServerImpl.java:setRole(184)) - 2a93f7e5-ecb9-41da-9c47-70e13ba76d7d@group-A9EE991D717F: changes role from  FOLLOWER to CANDIDATE at term 443 for changeToCandidate
2019-10-17 07:44:05,447 [Thread-3116] INFO  impl.RoleInfo (RoleInfo.java:updateAndGet(143)) - 2a93f7e5-ecb9-41da-9c47-70e13ba76d7d: start LeaderElection
2019-10-17 07:44:05,481 [2a93f7e5-ecb9-41da-9c47-70e13ba76d7d@group-A9EE991D717F-LeaderElection410] INFO  impl.LeaderElection (LeaderElection.java:askForVotes(178)) - 2a93f7e5-ecb9-41da-9c47-70e13ba76d7d@group-A9EE991D717F-LeaderElection410: begin an election at term 444 for 0: [37bd8e8c-ea68-4b1c-8659-8d001c4f3b5c:192.168.34.62:41632, 24020d0b-ce61-4f5a-b0b0-c561541e8cd4:192.168.34.62:42892, 2a93f7e5-ecb9-41da-9c47-70e13ba76d7d:192.168.34.62:35412], old=null
2019-10-17 07:44:05,483 [grpc-default-executor-1] INFO  impl.RaftServerImpl (RaftServerImpl.java:setRole(184)) - 37bd8e8c-ea68-4b1c-8659-8d001c4f3b5c@group-A9EE991D717F: changes role from  FOLLOWER to FOLLOWER at term 444 for recognizeCandidate:2a93f7e5-ecb9-41da-9c47-70e13ba76d7d
2019-10-17 07:44:05,483 [grpc-default-executor-1] INFO  impl.RoleInfo (RoleInfo.java:shutdownFollowerState(121)) - 37bd8e8c-ea68-4b1c-8659-8d001c4f3b5c: shutdown FollowerState
2019-10-17 07:44:05,484 [grpc-default-executor-0] INFO  impl.RaftServerImpl (RaftServerImpl.java:setRole(184)) - 24020d0b-ce61-4f5a-b0b0-c561541e8cd4@group-A9EE991D717F: changes role from  FOLLOWER to FOLLOWER at term 444 for recognizeCandidate:2a93f7e5-ecb9-41da-9c47-70e13ba76d7d
2019-10-17 07:44:05,484 [grpc-default-executor-0] INFO  impl.RoleInfo (RoleInfo.java:shutdownFollowerState(121)) - 24020d0b-ce61-4f5a-b0b0-c561541e8cd4: shutdown FollowerState
2019-10-17 07:44:05,484 [Thread-3114] INFO  impl.FollowerState (FollowerState.java:run(117)) - 37bd8e8c-ea68-4b1c-8659-8d001c4f3b5c@group-A9EE991D717F-FollowerState was interrupted: java.lang.InterruptedException: sleep interrupted
2019-10-17 07:44:05,484 [grpc-default-executor-1] INFO  impl.RoleInfo (RoleInfo.java:updateAndGet(143)) - 37bd8e8c-ea68-4b1c-8659-8d001c4f3b5c: start FollowerState
2019-10-17 07:44:05,484 [Thread-3115] INFO  impl.FollowerState (FollowerState.java:run(117)) - 24020d0b-ce61-4f5a-b0b0-c561541e8cd4@group-A9EE991D717F-FollowerState was interrupted: java.lang.InterruptedException: sleep interrupted
2019-10-17 07:44:05,484 [grpc-default-executor-0] INFO  impl.RoleInfo (RoleInfo.java:updateAndGet(143)) - 24020d0b-ce61-4f5a-b0b0-c561541e8cd4: start FollowerState
2019-10-17 07:44:05,507 [2a93f7e5-ecb9-41da-9c47-70e13ba76d7d@group-A9EE991D717F-LeaderElection410] INFO  impl.LeaderElection (LeaderElection.java:logAndReturn(56)) - 2a93f7e5-ecb9-41da-9c47-70e13ba76d7d@group-A9EE991D717F-LeaderElection410: Election REJECTED; received 2 response(s) [2a93f7e5-ecb9-41da-9c47-70e13ba76d7d<-37bd8e8c-ea68-4b1c-8659-8d001c4f3b5c#0:FAIL-t444, 2a93f7e5-ecb9-41da-9c47-70e13ba76d7d<-24020d0b-ce61-4f5a-b0b0-c561541e8cd4#0:FAIL-t444] and 0 exception(s); 2a93f7e5-ecb9-41da-9c47-70e13ba76d7d@group-A9EE991D717F:t444, leader=null, voted=2a93f7e5-ecb9-41da-9c47-70e13ba76d7d, raftlog=2a93f7e5-ecb9-41da-9c47-70e13ba76d7d@group-A9EE991D717F-SegmentedRaftLog:OPENED:c-1,f0,i0, conf=0: [37bd8e8c-ea68-4b1c-8659-8d001c4f3b5c:192.168.34.62:41632, 24020d0b-ce61-4f5a-b0b0-c561541e8cd4:192.168.34.62:42892, 2a93f7e5-ecb9-41da-9c47-70e13ba76d7d:192.168.34.62:35412], old=null
2019-10-17 07:44:05,508 [2a93f7e5-ecb9-41da-9c47-70e13ba76d7d@group-A9EE991D717F-LeaderElection410] INFO  impl.RaftServerImpl (RaftServerImpl.java:setRole(184)) - 2a93f7e5-ecb9-41da-9c47-70e13ba76d7d@group-A9EE991D717F: changes role from CANDIDATE to FOLLOWER at term 444 for DISCOVERED_A_NEW_TERM
2019-10-17 07:44:05,508 [2a93f7e5-ecb9-41da-9c47-70e13ba76d7d@group-A9EE991D717F-LeaderElection410] INFO  impl.RoleInfo (RoleInfo.java:shutdownLeaderElection(134)) - 2a93f7e5-ecb9-41da-9c47-70e13ba76d7d: shutdown LeaderElection
2019-10-17 07:44:05,508 [2a93f7e5-ecb9-41da-9c47-70e13ba76d7d@group-A9EE991D717F-LeaderElection410] INFO  impl.RoleInfo (RoleInfo.java:updateAndGet(143)) - 2a93f7e5-ecb9-41da-9c47-70e13ba76d7d: start FollowerState
2019-10-17 07:44:05,580 [Thread-3122] INFO  impl.FollowerState (FollowerState.java:run(108)) - 2a93f7e5-ecb9-41da-9c47-70e13ba76d7d@group-A9EE991D717F-FollowerState: change to CANDIDATE, lastRpcTime:72ms, electionTimeout:72ms
2019-10-17 07:44:05,580 [Thread-3122] INFO  impl.RoleInfo (RoleInfo.java:shutdownFollowerState(121)) - 2a93f7e5-ecb9-41da-9c47-70e13ba76d7d: shutdown FollowerState
2019-10-17 07:44:05,581 [Thread-3122] INFO  impl.RaftServerImpl (RaftServerImpl.java:setRole(184)) - 2a93f7e5-ecb9-41da-9c47-70e13ba76d7d@group-A9EE991D717F: changes role from  FOLLOWER to CANDIDATE at term 444 for changeToCandidate
2019-10-17 07:44:05,581 [Thread-3122] INFO  impl.RoleInfo (RoleInfo.java:updateAndGet(143)) - 2a93f7e5-ecb9-41da-9c47-70e13ba76d7d: start LeaderElection
2019-10-17 07:44:05,599 [2a93f7e5-ecb9-41da-9c47-70e13ba76d7d@group-A9EE991D717F-LeaderElection411] INFO  impl.LeaderElection (LeaderElection.java:askForVotes(178)) - 2a93f7e5-ecb9-41da-9c47-70e13ba76d7d@group-A9EE991D717F-LeaderElection411: begin an election at term 445 for 0: [37bd8e8c-ea68-4b1c-8659-8d001c4f3b5c:192.168.34.62:41632, 24020d0b-ce61-4f5a-b0b0-c561541e8cd4:192.168.34.62:42892, 2a93f7e5-ecb9-41da-9c47-70e13ba76d7d:192.168.34.62:35412], old=null
2019-10-17 07:44:05,600 [grpc-default-executor-0] INFO  impl.RaftServerImpl (RaftServerImpl.java:setRole(184)) - 37bd8e8c-ea68-4b1c-8659-8d001c4f3b5c@group-A9EE991D717F: changes role from  FOLLOWER to FOLLOWER at term 445 for recognizeCandidate:2a93f7e5-ecb9-41da-9c47-70e13ba76d7d
2019-10-17 07:44:05,601 [grpc-default-executor-0] INFO  impl.RoleInfo (RoleInfo.java:shutdownFollowerState(121)) - 37bd8e8c-ea68-4b1c-8659-8d001c4f3b5c: shutdown FollowerState
2019-10-17 07:44:05,601 [grpc-default-executor-0] INFO  impl.RoleInfo (RoleInfo.java:updateAndGet(143)) - 37bd8e8c-ea68-4b1c-8659-8d001c4f3b5c: start FollowerState
2019-10-17 07:44:05,601 [Thread-3120] INFO  impl.FollowerState (FollowerState.java:run(117)) - 37bd8e8c-ea68-4b1c-8659-8d001c4f3b5c@group-A9EE991D717F-FollowerState was interrupted: java.lang.InterruptedException: sleep interrupted
2019-10-17 07:44:05,601 [grpc-default-executor-1] INFO  impl.RaftServerImpl (RaftServerImpl.java:setRole(184)) - 24020d0b-ce61-4f5a-b0b0-c561541e8cd4@group-A9EE991D717F: changes role from  FOLLOWER to FOLLOWER at term 445 for recognizeCandidate:2a93f7e5-ecb9-41da-9c47-70e13ba76d7d
2019-10-17 07:44:05,601 [grpc-default-executor-1] INFO  impl.RoleInfo (RoleInfo.java:shutdownFollowerState(121)) - 24020d0b-ce61-4f5a-b0b0-c561541e8cd4: shutdown FollowerState
2019-10-17 07:44:05,601 [grpc-default-executor-1] INFO  impl.RoleInfo (RoleInfo.java:updateAndGet(143)) - 24020d0b-ce61-4f5a-b0b0-c561541e8cd4: start FollowerState
2019-10-17 07:44:05,601 [Thread-3121] INFO  impl.FollowerState (FollowerState.java:run(117)) - 24020d0b-ce61-4f5a-b0b0-c561541e8cd4@group-A9EE991D717F-FollowerState was interrupted: java.lang.InterruptedException: sleep interrupted
2019-10-17 07:44:05,630 [2a93f7e5-ecb9-41da-9c47-70e13ba76d7d@group-A9EE991D717F-LeaderElection411] INFO  impl.LeaderElection (LeaderElection.java:logAndReturn(56)) - 2a93f7e5-ecb9-41da-9c47-70e13ba76d7d@group-A9EE991D717F-LeaderElection411: Election TIMEOUT; received 0 response(s) [] and 0 exception(s); 2a93f7e5-ecb9-41da-9c47-70e13ba76d7d@group-A9EE991D717F:t445, leader=null, voted=2a93f7e5-ecb9-41da-9c47-70e13ba76d7d, raftlog=2a93f7e5-ecb9-41da-9c47-70e13ba76d7d@group-A9EE991D717F-SegmentedRaftLog:OPENED:c-1,f0,i0, conf=0: [37bd8e8c-ea68-4b1c-8659-8d001c4f3b5c:192.168.34.62:41632, 24020d0b-ce61-4f5a-b0b0-c561541e8cd4:192.168.34.62:42892, 2a93f7e5-ecb9-41da-9c47-70e13ba76d7d:192.168.34.62:35412], old=null
2019-10-17 07:44:05,666 [2a93f7e5-ecb9-41da-9c47-70e13ba76d7d@group-A9EE991D717F-LeaderElection411] INFO  impl.LeaderElection (LeaderElection.java:askForVotes(178)) - 2a93f7e5-ecb9-41da-9c47-70e13ba76d7d@group-A9EE991D717F-LeaderElection411: begin an election at term 446 for 0: [37bd8e8c-ea68-4b1c-8659-8d001c4f3b5c:192.168.34.62:41632, 24020d0b-ce61-4f5a-b0b0-c561541e8cd4:192.168.34.62:42892, 2a93f7e5-ecb9-41da-9c47-70e13ba76d7d:192.168.34.62:35412], old=null
2019-10-17 07:44:05,668 [grpc-default-executor-0] INFO  impl.RaftServerImpl (RaftServerImpl.java:setRole(184)) - 37bd8e8c-ea68-4b1c-8659-8d001c4f3b5c@group-A9EE991D717F: changes role from  FOLLOWER to FOLLOWER at term 446 for recognizeCandidate:2a93f7e5-ecb9-41da-9c47-70e13ba76d7d
2019-10-17 07:44:05,668 [grpc-default-executor-0] INFO  impl.RoleInfo (RoleInfo.java:shutdownFollowerState(121)) - 37bd8e8c-ea68-4b1c-8659-8d001c4f3b5c: shutdown FollowerState
2019-10-17 07:44:05,668 [grpc-default-executor-0] INFO  impl.RoleInfo (RoleInfo.java:updateAndGet(143)) - 37bd8e8c-ea68-4b1c-8659-8d001c4f3b5c: start FollowerState
2019-10-17 07:44:05,668 [Thread-3126] INFO  impl.FollowerState (FollowerState.java:run(117)) - 37bd8e8c-ea68-4b1c-8659-8d001c4f3b5c@group-A9EE991D717F-FollowerState was interrupted: java.lang.InterruptedException: sleep interrupted
2019-10-17 07:44:05,668 [grpc-default-executor-1] INFO  impl.RaftServerImpl (RaftServerImpl.java:setRole(184)) - 24020d0b-ce61-4f5a-b0b0-c561541e8cd4@group-A9EE991D717F: changes role from  FOLLOWER to FOLLOWER at term 446 for recognizeCandidate:2a93f7e5-ecb9-41da-9c47-70e13ba76d7d
2019-10-17 07:44:05,669 [grpc-default-executor-1] INFO  impl.RoleInfo (RoleInfo.java:shutdownFollowerState(121)) - 24020d0b-ce61-4f5a-b0b0-c561541e8cd4: shutdown FollowerState
2019-10-17 07:44:05,669 [grpc-default-executor-1] INFO  impl.RoleInfo (RoleInfo.java:updateAndGet(143)) - 24020d0b-ce61-4f5a-b0b0-c561541e8cd4: start FollowerState
2019-10-17 07:44:05,669 [Thread-3127] INFO  impl.FollowerState (FollowerState.java:run(117)) - 24020d0b-ce61-4f5a-b0b0-c561541e8cd4@group-A9EE991D717F-FollowerState was interrupted: java.lang.InterruptedException: sleep interrupted
2019-10-17 07:44:05,692 [2a93f7e5-ecb9-41da-9c47-70e13ba76d7d@group-A9EE991D717F-LeaderElection411] INFO  impl.LeaderElection (LeaderElection.java:logAndReturn(56)) - 2a93f7e5-ecb9-41da-9c47-70e13ba76d7d@group-A9EE991D717F-LeaderElection411: Election REJECTED; received 2 response(s) [2a93f7e5-ecb9-41da-9c47-70e13ba76d7d<-37bd8e8c-ea68-4b1c-8659-8d001c4f3b5c#0:FAIL-t446, 2a93f7e5-ecb9-41da-9c47-70e13ba76d7d<-24020d0b-ce61-4f5a-b0b0-c561541e8cd4#0:FAIL-t446] and 0 exception(s); 2a93f7e5-ecb9-41da-9c47-70e13ba76d7d@group-A9EE991D717F:t446, leader=null, voted=2a93f7e5-ecb9-41da-9c47-70e13ba76d7d, raftlog=2a93f7e5-ecb9-41da-9c47-70e13ba76d7d@group-A9EE991D717F-SegmentedRaftLog:OPENED:c-1,f0,i0, conf=0: [37bd8e8c-ea68-4b1c-8659-8d001c4f3b5c:192.168.34.62:41632, 24020d0b-ce61-4f5a-b0b0-c561541e8cd4:192.168.34.62:42892, 2a93f7e5-ecb9-41da-9c47-70e13ba76d7d:192.168.34.62:35412], old=null
2019-10-17 07:44:05,693 [2a93f7e5-ecb9-41da-9c47-70e13ba76d7d@group-A9EE991D717F-LeaderElection411] INFO  impl.RaftServerImpl (RaftServerImpl.java:setRole(184)) - 2a93f7e5-ecb9-41da-9c47-70e13ba76d7d@group-A9EE991D717F: changes role from CANDIDATE to FOLLOWER at term 446 for DISCOVERED_A_NEW_TERM
2019-10-17 07:44:05,693 [2a93f7e5-ecb9-41da-9c47-70e13ba76d7d@group-A9EE991D717F-LeaderElection411] INFO  impl.RoleInfo (RoleInfo.java:shutdownLeaderElection(134)) - 2a93f7e5-ecb9-41da-9c47-70e13ba76d7d: shutdown LeaderElection
2019-10-17 07:44:05,693 [2a93f7e5-ecb9-41da-9c47-70e13ba76d7d@group-A9EE991D717F-LeaderElection411] INFO  impl.RoleInfo (RoleInfo.java:updateAndGet(143)) - 2a93f7e5-ecb9-41da-9c47-70e13ba76d7d: start FollowerState
2019-10-17 07:44:05,758 [Thread-3132] INFO  impl.FollowerState (FollowerState.java:run(108)) - 2a93f7e5-ecb9-41da-9c47-70e13ba76d7d@group-A9EE991D717F-FollowerState: change to CANDIDATE, lastRpcTime:65ms, electionTimeout:65ms
2019-10-17 07:44:05,758 [Thread-3132] INFO  impl.RoleInfo (RoleInfo.java:shutdownFollowerState(121)) - 2a93f7e5-ecb9-41da-9c47-70e13ba76d7d: shutdown FollowerState
2019-10-17 07:44:05,758 [Thread-3132] INFO  impl.RaftServerImpl (RaftServerImpl.java:setRole(184)) - 2a93f7e5-ecb9-41da-9c47-70e13ba76d7d@group-A9EE991D717F: changes role from  FOLLOWER to CANDIDATE at term 446 for changeToCandidate
2019-10-17 07:44:05,758 [Thread-3132] INFO  impl.RoleInfo (RoleInfo.java:updateAndGet(143)) - 2a93f7e5-ecb9-41da-9c47-70e13ba76d7d: start LeaderElection
2019-10-17 07:44:05,784 [2a93f7e5-ecb9-41da-9c47-70e13ba76d7d@group-A9EE991D717F-LeaderElection412] INFO  impl.LeaderElection (LeaderElection.java:askForVotes(178)) - 2a93f7e5-ecb9-41da-9c47-70e13ba76d7d@group-A9EE991D717F-LeaderElection412: begin an election at term 447 for 0: [37bd8e8c-ea68-4b1c-8659-8d001c4f3b5c:192.168.34.62:41632, 24020d0b-ce61-4f5a-b0b0-c561541e8cd4:192.168.34.62:42892, 2a93f7e5-ecb9-41da-9c47-70e13ba76d7d:192.168.34.62:35412], old=null
2019-10-17 07:44:05,785 [grpc-default-executor-1] INFO  impl.RaftServerImpl (RaftServerImpl.java:setRole(184)) - 37bd8e8c-ea68-4b1c-8659-8d001c4f3b5c@group-A9EE991D717F: changes role from  FOLLOWER to FOLLOWER at term 447 for recognizeCandidate:2a93f7e5-ecb9-41da-9c47-70e13ba76d7d
2019-10-17 07:44:05,786 [grpc-default-executor-1] INFO  impl.RoleInfo (RoleInfo.java:shutdownFollowerState(121)) - 37bd8e8c-ea68-4b1c-8659-8d001c4f3b5c: shutdown FollowerState
2019-10-17 07:44:05,786 [grpc-default-executor-1] INFO  impl.RoleInfo (RoleInfo.java:updateAndGet(143)) - 37bd8e8c-ea68-4b1c-8659-8d001c4f3b5c: start FollowerState
2019-10-17 07:44:05,786 [Thread-3130] INFO  impl.FollowerState (FollowerState.java:run(117)) - 37bd8e8c-ea68-4b1c-8659-8d001c4f3b5c@group-A9EE991D717F-FollowerState was interrupted: java.lang.InterruptedException: sleep interrupted
2019-10-17 07:44:05,786 [grpc-default-executor-0] INFO  impl.RaftServerImpl (RaftServerImpl.java:setRole(184)) - 24020d0b-ce61-4f5a-b0b0-c561541e8cd4@group-A9EE991D717F: changes role from  FOLLOWER to FOLLOWER at term 447 for recognizeCandidate:2a93f7e5-ecb9-41da-9c47-70e13ba76d7d
2019-10-17 07:44:05,786 [grpc-default-executor-0] INFO  impl.RoleInfo (RoleInfo.java:shutdownFollowerState(121)) - 24020d0b-ce61-4f5a-b0b0-c561541e8cd4: shutdown FollowerState
2019-10-17 07:44:05,787 [grpc-default-executor-0] INFO  impl.RoleInfo (RoleInfo.java:updateAndGet(143)) - 24020d0b-ce61-4f5a-b0b0-c561541e8cd4: start FollowerState
2019-10-17 07:44:05,787 [Thread-3131] INFO  impl.FollowerState (FollowerState.java:run(117)) - 24020d0b-ce61-4f5a-b0b0-c561541e8cd4@group-A9EE991D717F-FollowerState was interrupted: java.lang.InterruptedException: sleep interrupted
2019-10-17 07:44:05,795 [2a93f7e5-ecb9-41da-9c47-70e13ba76d7d@group-A9EE991D717F-LeaderElection412] INFO  impl.LeaderElection (LeaderElection.java:logAndReturn(56)) - 2a93f7e5-ecb9-41da-9c47-70e13ba76d7d@group-A9EE991D717F-LeaderElection412: Election TIMEOUT; received 0 response(s) [] and 0 exception(s); 2a93f7e5-ecb9-41da-9c47-70e13ba76d7d@group-A9EE991D717F:t447, leader=null, voted=2a93f7e5-ecb9-41da-9c47-70e13ba76d7d, raftlog=2a93f7e5-ecb9-41da-9c47-70e13ba76d7d@group-A9EE991D717F-SegmentedRaftLog:OPENED:c-1,f0,i0, conf=0: [37bd8e8c-ea68-4b1c-8659-8d001c4f3b5c:192.168.34.62:41632, 24020d0b-ce61-4f5a-b0b0-c561541e8cd4:192.168.34.62:42892, 2a93f7e5-ecb9-41da-9c47-70e13ba76d7d:192.168.34.62:35412], old=null
2019-10-17 07:44:05,809 [2a93f7e5-ecb9-41da-9c47-70e13ba76d7d@group-A9EE991D717F-LeaderElection412] INFO  impl.LeaderElection (LeaderElection.java:askForVotes(178)) - 2a93f7e5-ecb9-41da-9c47-70e13ba76d7d@group-A9EE991D717F-LeaderElection412: begin an election at term 448 for 0: [37bd8e8c-ea68-4b1c-8659-8d001c4f3b5c:192.168.34.62:41632, 24020d0b-ce61-4f5a-b0b0-c561541e8cd4:192.168.34.62:42892, 2a93f7e5-ecb9-41da-9c47-70e13ba76d7d:192.168.34.62:35412], old=null
2019-10-17 07:44:05,811 [grpc-default-executor-0] INFO  impl.RaftServerImpl (RaftServerImpl.java:setRole(184)) - 37bd8e8c-ea68-4b1c-8659-8d001c4f3b5c@group-A9EE991D717F: changes role from  FOLLOWER to FOLLOWER at term 448 for recognizeCandidate:2a93f7e5-ecb9-41da-9c47-70e13ba76d7d
2019-10-17 07:44:05,811 [grpc-default-executor-0] INFO  impl.RoleInfo (RoleInfo.java:shutdownFollowerState(121)) - 37bd8e8c-ea68-4b1c-8659-8d001c4f3b5c: shutdown FollowerState
2019-10-17 07:44:05,811 [grpc-default-executor-0] INFO  impl.RoleInfo (RoleInfo.java:updateAndGet(143)) - 37bd8e8c-ea68-4b1c-8659-8d001c4f3b5c: start FollowerState
2019-10-17 07:44:05,811 [Thread-3136] INFO  impl.FollowerState (FollowerState.java:run(117)) - 37bd8e8c-ea68-4b1c-8659-8d001c4f3b5c@group-A9EE991D717F-FollowerState was interrupted: java.lang.InterruptedException: sleep interrupted
2019-10-17 07:44:05,811 [grpc-default-executor-1] INFO  impl.RaftServerImpl (RaftServerImpl.java:setRole(184)) - 24020d0b-ce61-4f5a-b0b0-c561541e8cd4@group-A9EE991D717F: changes role from  FOLLOWER to FOLLOWER at term 448 for recognizeCandidate:2a93f7e5-ecb9-41da-9c47-70e13ba76d7d
2019-10-17 07:44:05,811 [grpc-default-executor-1] INFO  impl.RoleInfo (RoleInfo.java:shutdownFollowerState(121)) - 24020d0b-ce61-4f5a-b0b0-c561541e8cd4: shutdown FollowerState
2019-10-17 07:44:05,812 [grpc-default-executor-1] INFO  impl.RoleInfo (RoleInfo.java:updateAndGet(143)) - 24020d0b-ce61-4f5a-b0b0-c561541e8cd4: start FollowerState
2019-10-17 07:44:05,812 [Thread-3137] INFO  impl.FollowerState (FollowerState.java:run(117)) - 24020d0b-ce61-4f5a-b0b0-c561541e8cd4@group-A9EE991D717F-FollowerState was interrupted: java.lang.InterruptedException: sleep interrupted
2019-10-17 07:44:05,835 [2a93f7e5-ecb9-41da-9c47-70e13ba76d7d@group-A9EE991D717F-LeaderElection412] INFO  impl.LeaderElection (LeaderElection.java:logAndReturn(56)) - 2a93f7e5-ecb9-41da-9c47-70e13ba76d7d@group-A9EE991D717F-LeaderElection412: Election REJECTED; received 2 response(s) [2a93f7e5-ecb9-41da-9c47-70e13ba76d7d<-37bd8e8c-ea68-4b1c-8659-8d001c4f3b5c#0:FAIL-t448, 2a93f7e5-ecb9-41da-9c47-70e13ba76d7d<-24020d0b-ce61-4f5a-b0b0-c561541e8cd4#0:FAIL-t448] and 0 exception(s); 2a93f7e5-ecb9-41da-9c47-70e13ba76d7d@group-A9EE991D717F:t448, leader=null, voted=2a93f7e5-ecb9-41da-9c47-70e13ba76d7d, raftlog=2a93f7e5-ecb9-41da-9c47-70e13ba76d7d@group-A9EE991D717F-SegmentedRaftLog:OPENED:c-1,f0,i0, conf=0: [37bd8e8c-ea68-4b1c-8659-8d001c4f3b5c:192.168.34.62:41632, 24020d0b-ce61-4f5a-b0b0-c561541e8cd4:192.168.34.62:42892, 2a93f7e5-ecb9-41da-9c47-70e13ba76d7d:192.168.34.62:35412], old=null
2019-10-17 07:44:05,835 [2a93f7e5-ecb9-41da-9c47-70e13ba76d7d@group-A9EE991D717F-LeaderElection412] INFO  impl.RaftServerImpl (RaftServerImpl.java:setRole(184)) - 2a93f7e5-ecb9-41da-9c47-70e13ba76d7d@group-A9EE991D717F: changes role from CANDIDATE to FOLLOWER at term 448 for DISCOVERED_A_NEW_TERM
2019-10-17 07:44:05,836 [2a93f7e5-ecb9-41da-9c47-70e13ba76d7d@group-A9EE991D717F-LeaderElection412] INFO  impl.RoleInfo (RoleInfo.java:shutdownLeaderElection(134)) - 2a93f7e5-ecb9-41da-9c47-70e13ba76d7d: shutdown LeaderElection
2019-10-17 07:44:05,836 [2a93f7e5-ecb9-41da-9c47-70e13ba76d7d@group-A9EE991D717F-LeaderElection412] INFO  impl.RoleInfo (RoleInfo.java:updateAndGet(143)) - 2a93f7e5-ecb9-41da-9c47-70e13ba76d7d: start FollowerState
2019-10-17 07:44:05,979 [Thread-3142] INFO  impl.FollowerState (FollowerState.java:run(108)) - 2a93f7e5-ecb9-41da-9c47-70e13ba76d7d@group-A9EE991D717F-FollowerState: change to CANDIDATE, lastRpcTime:143ms, electionTimeout:143ms
2019-10-17 07:44:05,979 [Thread-3142] INFO  impl.RoleInfo (RoleInfo.java:shutdownFollowerState(121)) - 2a93f7e5-ecb9-41da-9c47-70e13ba76d7d: shutdown FollowerState
2019-10-17 07:44:05,980 [Thread-3142] INFO  impl.RaftServerImpl (RaftServerImpl.java:setRole(184)) - 2a93f7e5-ecb9-41da-9c47-70e13ba76d7d@group-A9EE991D717F: changes role from  FOLLOWER to CANDIDATE at term 448 for changeToCandidate
2019-10-17 07:44:05,980 [Thread-3142] INFO  impl.RoleInfo (RoleInfo.java:updateAndGet(143)) - 2a93f7e5-ecb9-41da-9c47-70e13ba76d7d: start LeaderElection
2019-10-17 07:44:06,011 [2a93f7e5-ecb9-41da-9c47-70e13ba76d7d@group-A9EE991D717F-LeaderElection413] INFO  impl.LeaderElection (LeaderElection.java:askForVotes(178)) - 2a93f7e5-ecb9-41da-9c47-70e13ba76d7d@group-A9EE991D717F-LeaderElection413: begin an election at term 449 for 0: [37bd8e8c-ea68-4b1c-8659-8d001c4f3b5c:192.168.34.62:41632, 24020d0b-ce61-4f5a-b0b0-c561541e8cd4:192.168.34.62:42892, 2a93f7e5-ecb9-41da-9c47-70e13ba76d7d:192.168.34.62:35412], old=null
2019-10-17 07:44:06,013 [grpc-default-executor-0] INFO  impl.RaftServerImpl (RaftServerImpl.java:setRole(184)) - 24020d0b-ce61-4f5a-b0b0-c561541e8cd4@group-A9EE991D717F: changes role from  FOLLOWER to FOLLOWER at term 449 for recognizeCandidate:2a93f7e5-ecb9-41da-9c47-70e13ba76d7d
2019-10-17 07:44:06,014 [grpc-default-executor-0] INFO  impl.RoleInfo (RoleInfo.java:shutdownFollowerState(121)) - 24020d0b-ce61-4f5a-b0b0-c561541e8cd4: shutdown FollowerState
2019-10-17 07:44:06,013 [grpc-default-executor-1] INFO  impl.RaftServerImpl (RaftServerImpl.java:setRole(184)) - 37bd8e8c-ea68-4b1c-8659-8d001c4f3b5c@group-A9EE991D717F: changes role from  FOLLOWER to FOLLOWER at term 449 for recognizeCandidate:2a93f7e5-ecb9-41da-9c47-70e13ba76d7d
2019-10-17 07:44:06,014 [grpc-default-executor-1] INFO  impl.RoleInfo (RoleInfo.java:shutdownFollowerState(121)) - 37bd8e8c-ea68-4b1c-8659-8d001c4f3b5c: shutdown FollowerState
2019-10-17 07:44:06,014 [Thread-3141] INFO  impl.FollowerState (FollowerState.java:run(117)) - 24020d0b-ce61-4f5a-b0b0-c561541e8cd4@group-A9EE991D717F-FollowerState was interrupted: java.lang.InterruptedException: sleep interrupted
2019-10-17 07:44:06,014 [Thread-3140] INFO  impl.FollowerState (FollowerState.java:run(117)) - 37bd8e8c-ea68-4b1c-8659-8d001c4f3b5c@group-A9EE991D717F-FollowerState was interrupted: java.lang.InterruptedException: sleep interrupted
2019-10-17 07:44:06,014 [grpc-default-executor-0] INFO  impl.RoleInfo (RoleInfo.java:updateAndGet(143)) - 24020d0b-ce61-4f5a-b0b0-c561541e8cd4: start FollowerState
2019-10-17 07:44:06,014 [grpc-default-executor-1] INFO  impl.RoleInfo (RoleInfo.java:updateAndGet(143)) - 37bd8e8c-ea68-4b1c-8659-8d001c4f3b5c: start FollowerState
2019-10-17 07:44:06,037 [2a93f7e5-ecb9-41da-9c47-70e13ba76d7d@group-A9EE991D717F-LeaderElection413] INFO  impl.LeaderElection (LeaderElection.java:logAndReturn(56)) - 2a93f7e5-ecb9-41da-9c47-70e13ba76d7d@group-A9EE991D717F-LeaderElection413: Election REJECTED; received 2 response(s) [2a93f7e5-ecb9-41da-9c47-70e13ba76d7d<-37bd8e8c-ea68-4b1c-8659-8d001c4f3b5c#0:FAIL-t449, 2a93f7e5-ecb9-41da-9c47-70e13ba76d7d<-24020d0b-ce61-4f5a-b0b0-c561541e8cd4#0:FAIL-t449] and 0 exception(s); 2a93f7e5-ecb9-41da-9c47-70e13ba76d7d@group-A9EE991D717F:t449, leader=null, voted=2a93f7e5-ecb9-41da-9c47-70e13ba76d7d, raftlog=2a93f7e5-ecb9-41da-9c47-70e13ba76d7d@group-A9EE991D717F-SegmentedRaftLog:OPENED:c-1,f0,i0, conf=0: [37bd8e8c-ea68-4b1c-8659-8d001c4f3b5c:192.168.34.62:41632, 24020d0b-ce61-4f5a-b0b0-c561541e8cd4:192.168.34.62:42892, 2a93f7e5-ecb9-41da-9c47-70e13ba76d7d:192.168.34.62:35412], old=null
2019-10-17 07:44:06,037 [2a93f7e5-ecb9-41da-9c47-70e13ba76d7d@group-A9EE991D717F-LeaderElection413] INFO  impl.RaftServerImpl (RaftServerImpl.java:setRole(184)) - 2a93f7e5-ecb9-41da-9c47-70e13ba76d7d@group-A9EE991D717F: changes role from CANDIDATE to FOLLOWER at term 449 for DISCOVERED_A_NEW_TERM
2019-10-17 07:44:06,037 [2a93f7e5-ecb9-41da-9c47-70e13ba76d7d@group-A9EE991D717F-LeaderElection413] INFO  impl.RoleInfo (RoleInfo.java:shutdownLeaderElection(134)) - 2a93f7e5-ecb9-41da-9c47-70e13ba76d7d: shutdown LeaderElection
2019-10-17 07:44:06,037 [2a93f7e5-ecb9-41da-9c47-70e13ba76d7d@group-A9EE991D717F-LeaderElection413] INFO  impl.RoleInfo (RoleInfo.java:updateAndGet(143)) - 2a93f7e5-ecb9-41da-9c47-70e13ba76d7d: start FollowerState
2019-10-17 07:44:06,104 [Thread-3149] INFO  impl.FollowerState (FollowerState.java:run(108)) - 2a93f7e5-ecb9-41da-9c47-70e13ba76d7d@group-A9EE991D717F-FollowerState: change to CANDIDATE, lastRpcTime:66ms, electionTimeout:66ms
2019-10-17 07:44:06,104 [Thread-3149] INFO  impl.RoleInfo (RoleInfo.java:shutdownFollowerState(121)) - 2a93f7e5-ecb9-41da-9c47-70e13ba76d7d: shutdown FollowerState
2019-10-17 07:44:06,104 [Thread-3149] INFO  impl.RaftServerImpl (RaftServerImpl.java:setRole(184)) - 2a93f7e5-ecb9-41da-9c47-70e13ba76d7d@group-A9EE991D717F: changes role from  FOLLOWER to CANDIDATE at term 449 for changeToCandidate
2019-10-17 07:44:06,104 [Thread-3149] INFO  impl.RoleInfo (RoleInfo.java:updateAndGet(143)) - 2a93f7e5-ecb9-41da-9c47-70e13ba76d7d: start LeaderElection
2019-10-17 07:44:06,128 [2a93f7e5-ecb9-41da-9c47-70e13ba76d7d@group-A9EE991D717F-LeaderElection414] INFO  impl.LeaderElection (LeaderElection.java:askForVotes(178)) - 2a93f7e5-ecb9-41da-9c47-70e13ba76d7d@group-A9EE991D717F-LeaderElection414: begin an election at term 450 for 0: [37bd8e8c-ea68-4b1c-8659-8d001c4f3b5c:192.168.34.62:41632, 24020d0b-ce61-4f5a-b0b0-c561541e8cd4:192.168.34.62:42892, 2a93f7e5-ecb9-41da-9c47-70e13ba76d7d:192.168.34.62:35412], old=null
2019-10-17 07:44:06,130 [grpc-default-executor-1] INFO  impl.RaftServerImpl (RaftServerImpl.java:setRole(184)) - 37bd8e8c-ea68-4b1c-8659-8d001c4f3b5c@group-A9EE991D717F: changes role from  FOLLOWER to FOLLOWER at term 450 for recognizeCandidate:2a93f7e5-ecb9-41da-9c47-70e13ba76d7d
2019-10-17 07:44:06,130 [grpc-default-executor-1] INFO  impl.RoleInfo (RoleInfo.java:shutdownFollowerState(121)) - 37bd8e8c-ea68-4b1c-8659-8d001c4f3b5c: shutdown FollowerState
2019-10-17 07:44:06,130 [grpc-default-executor-1] INFO  impl.RoleInfo (RoleInfo.java:updateAndGet(143)) - 37bd8e8c-ea68-4b1c-8659-8d001c4f3b5c: start FollowerState
2019-10-17 07:44:06,130 [Thread-3148] INFO  impl.FollowerState (FollowerState.java:run(117)) - 37bd8e8c-ea68-4b1c-8659-8d001c4f3b5c@group-A9EE991D717F-FollowerState was interrupted: java.lang.InterruptedException: sleep interrupted
2019-10-17 07:44:06,130 [grpc-default-executor-0] INFO  impl.RaftServerImpl (RaftServerImpl.java:setRole(184)) - 24020d0b-ce61-4f5a-b0b0-c561541e8cd4@group-A9EE991D717F: changes role from  FOLLOWER to FOLLOWER at term 450 for recognizeCandidate:2a93f7e5-ecb9-41da-9c47-70e13ba76d7d
2019-10-17 07:44:06,131 [grpc-default-executor-0] INFO  impl.RoleInfo (RoleInfo.java:shutdownFollowerState(121)) - 24020d0b-ce61-4f5a-b0b0-c561541e8cd4: shutdown FollowerState
2019-10-17 07:44:06,131 [grpc-default-executor-0] INFO  impl.RoleInfo (RoleInfo.java:updateAndGet(143)) - 24020d0b-ce61-4f5a-b0b0-c561541e8cd4: start FollowerState
2019-10-17 07:44:06,131 [Thread-3147] INFO  impl.FollowerState (FollowerState.java:run(117)) - 24020d0b-ce61-4f5a-b0b0-c561541e8cd4@group-A9EE991D717F-FollowerState was interrupted: java.lang.InterruptedException: sleep interrupted
2019-10-17 07:44:06,171 [2a93f7e5-ecb9-41da-9c47-70e13ba76d7d@group-A9EE991D717F-LeaderElection414] INFO  impl.LeaderElection (LeaderElection.java:logAndReturn(56)) - 2a93f7e5-ecb9-41da-9c47-70e13ba76d7d@group-A9EE991D717F-LeaderElection414: Election REJECTED; received 2 response(s) [2a93f7e5-ecb9-41da-9c47-70e13ba76d7d<-37bd8e8c-ea68-4b1c-8659-8d001c4f3b5c#0:FAIL-t450, 2a93f7e5-ecb9-41da-9c47-70e13ba76d7d<-24020d0b-ce61-4f5a-b0b0-c561541e8cd4#0:FAIL-t450] and 0 exception(s); 2a93f7e5-ecb9-41da-9c47-70e13ba76d7d@group-A9EE991D717F:t450, leader=null, voted=2a93f7e5-ecb9-41da-9c47-70e13ba76d7d, raftlog=2a93f7e5-ecb9-41da-9c47-70e13ba76d7d@group-A9EE991D717F-SegmentedRaftLog:OPENED:c-1,f0,i0, conf=0: [37bd8e8c-ea68-4b1c-8659-8d001c4f3b5c:192.168.34.62:41632, 24020d0b-ce61-4f5a-b0b0-c561541e8cd4:192.168.34.62:42892, 2a93f7e5-ecb9-41da-9c47-70e13ba76d7d:192.168.34.62:35412], old=null
2019-10-17 07:44:06,171 [2a93f7e5-ecb9-41da-9c47-70e13ba76d7d@group-A9EE991D717F-LeaderElection414] INFO  impl.RaftServerImpl (RaftServerImpl.java:setRole(184)) - 2a93f7e5-ecb9-41da-9c47-70e13ba76d7d@group-A9EE991D717F: changes role from CANDIDATE to FOLLOWER at term 450 for DISCOVERED_A_NEW_TERM
2019-10-17 07:44:06,171 [2a93f7e5-ecb9-41da-9c47-70e13ba76d7d@group-A9EE991D717F-LeaderElection414] INFO  impl.RoleInfo (RoleInfo.java:shutdownLeaderElection(134)) - 2a93f7e5-ecb9-41da-9c47-70e13ba76d7d: shutdown LeaderElection
2019-10-17 07:44:06,172 [2a93f7e5-ecb9-41da-9c47-70e13ba76d7d@group-A9EE991D717F-LeaderElection414] INFO  impl.RoleInfo (RoleInfo.java:updateAndGet(143)) - 2a93f7e5-ecb9-41da-9c47-70e13ba76d7d: start FollowerState
2019-10-17 07:44:06,352 [Thread-3155] INFO  impl.FollowerState (FollowerState.java:run(108)) - 2a93f7e5-ecb9-41da-9c47-70e13ba76d7d@group-A9EE991D717F-FollowerState: change to CANDIDATE, lastRpcTime:180ms, electionTimeout:180ms
2019-10-17 07:44:06,352 [Thread-3155] INFO  impl.RoleInfo (RoleInfo.java:shutdownFollowerState(121)) - 2a93f7e5-ecb9-41da-9c47-70e13ba76d7d: shutdown FollowerState
2019-10-17 07:44:06,352 [Thread-3155] INFO  impl.RaftServerImpl (RaftServerImpl.java:setRole(184)) - 2a93f7e5-ecb9-41da-9c47-70e13ba76d7d@group-A9EE991D717F: changes role from  FOLLOWER to CANDIDATE at term 450 for changeToCandidate
2019-10-17 07:44:06,352 [Thread-3155] INFO  impl.RoleInfo (RoleInfo.java:updateAndGet(143)) - 2a93f7e5-ecb9-41da-9c47-70e13ba76d7d: start LeaderElection
2019-10-17 07:44:06,379 [2a93f7e5-ecb9-41da-9c47-70e13ba76d7d@group-A9EE991D717F-LeaderElection415] INFO  impl.LeaderElection (LeaderElection.java:askForVotes(178)) - 2a93f7e5-ecb9-41da-9c47-70e13ba76d7d@group-A9EE991D717F-LeaderElection415: begin an election at term 451 for 0: [37bd8e8c-ea68-4b1c-8659-8d001c4f3b5c:192.168.34.62:41632, 24020d0b-ce61-4f5a-b0b0-c561541e8cd4:192.168.34.62:42892, 2a93f7e5-ecb9-41da-9c47-70e13ba76d7d:192.168.34.62:35412], old=null
2019-10-17 07:44:06,381 [grpc-default-executor-0] INFO  impl.RaftServerImpl (RaftServerImpl.java:setRole(184)) - 37bd8e8c-ea68-4b1c-8659-8d001c4f3b5c@group-A9EE991D717F: changes role from  FOLLOWER to FOLLOWER at term 451 for recognizeCandidate:2a93f7e5-ecb9-41da-9c47-70e13ba76d7d
2019-10-17 07:44:06,381 [grpc-default-executor-0] INFO  impl.RoleInfo (RoleInfo.java:shutdownFollowerState(121)) - 37bd8e8c-ea68-4b1c-8659-8d001c4f3b5c: shutdown FollowerState
2019-10-17 07:44:06,381 [grpc-default-executor-0] INFO  impl.RoleInfo (RoleInfo.java:updateAndGet(143)) - 37bd8e8c-ea68-4b1c-8659-8d001c4f3b5c: start FollowerState
2019-10-17 07:44:06,381 [Thread-3153] INFO  impl.FollowerState (FollowerState.java:run(117)) - 37bd8e8c-ea68-4b1c-8659-8d001c4f3b5c@group-A9EE991D717F-FollowerState was interrupted: java.lang.InterruptedException: sleep interrupted
2019-10-17 07:44:06,381 [grpc-default-executor-1] INFO  impl.RaftServerImpl (RaftServerImpl.java:setRole(184)) - 24020d0b-ce61-4f5a-b0b0-c561541e8cd4@group-A9EE991D717F: changes role from  FOLLOWER to FOLLOWER at term 451 for recognizeCandidate:2a93f7e5-ecb9-41da-9c47-70e13ba76d7d
2019-10-17 07:44:06,381 [grpc-default-executor-1] INFO  impl.RoleInfo (RoleInfo.java:shutdownFollowerState(121)) - 24020d0b-ce61-4f5a-b0b0-c561541e8cd4: shutdown FollowerState
2019-10-17 07:44:06,382 [grpc-default-executor-1] INFO  impl.RoleInfo (RoleInfo.java:updateAndGet(143)) - 24020d0b-ce61-4f5a-b0b0-c561541e8cd4: start FollowerState
2019-10-17 07:44:06,382 [Thread-3154] INFO  impl.FollowerState (FollowerState.java:run(117)) - 24020d0b-ce61-4f5a-b0b0-c561541e8cd4@group-A9EE991D717F-FollowerState was interrupted: java.lang.InterruptedException: sleep interrupted
2019-10-17 07:44:06,408 [2a93f7e5-ecb9-41da-9c47-70e13ba76d7d@group-A9EE991D717F-LeaderElection415] INFO  impl.LeaderElection (LeaderElection.java:logAndReturn(56)) - 2a93f7e5-ecb9-41da-9c47-70e13ba76d7d@group-A9EE991D717F-LeaderElection415: Election REJECTED; received 2 response(s) [2a93f7e5-ecb9-41da-9c47-70e13ba76d7d<-37bd8e8c-ea68-4b1c-8659-8d001c4f3b5c#0:FAIL-t451, 2a93f7e5-ecb9-41da-9c47-70e13ba76d7d<-24020d0b-ce61-4f5a-b0b0-c561541e8cd4#0:FAIL-t451] and 0 exception(s); 2a93f7e5-ecb9-41da-9c47-70e13ba76d7d@group-A9EE991D717F:t451, leader=null, voted=2a93f7e5-ecb9-41da-9c47-70e13ba76d7d, raftlog=2a93f7e5-ecb9-41da-9c47-70e13ba76d7d@group-A9EE991D717F-SegmentedRaftLog:OPENED:c-1,f0,i0, conf=0: [37bd8e8c-ea68-4b1c-8659-8d001c4f3b5c:192.168.34.62:41632, 24020d0b-ce61-4f5a-b0b0-c561541e8cd4:192.168.34.62:42892, 2a93f7e5-ecb9-41da-9c47-70e13ba76d7d:192.168.34.62:35412], old=null
2019-10-17 07:44:06,408 [2a93f7e5-ecb9-41da-9c47-70e13ba76d7d@group-A9EE991D717F-LeaderElection415] INFO  impl.RaftServerImpl (RaftServerImpl.java:setRole(184)) - 2a93f7e5-ecb9-41da-9c47-70e13ba76d7d@group-A9EE991D717F: changes role from CANDIDATE to FOLLOWER at term 451 for DISCOVERED_A_NEW_TERM
2019-10-17 07:44:06,408 [2a93f7e5-ecb9-41da-9c47-70e13ba76d7d@group-A9EE991D717F-LeaderElection415] INFO  impl.RoleInfo (RoleInfo.java:shutdownLeaderElection(134)) - 2a93f7e5-ecb9-41da-9c47-70e13ba76d7d: shutdown LeaderElection
2019-10-17 07:44:06,408 [2a93f7e5-ecb9-41da-9c47-70e13ba76d7d@group-A9EE991D717F-LeaderElection415] INFO  impl.RoleInfo (RoleInfo.java:updateAndGet(143)) - 2a93f7e5-ecb9-41da-9c47-70e13ba76d7d: start FollowerState
2019-10-17 07:44:06,550 [Thread-3161] INFO  impl.FollowerState (FollowerState.java:run(108)) - 2a93f7e5-ecb9-41da-9c47-70e13ba76d7d@group-A9EE991D717F-FollowerState: change to CANDIDATE, lastRpcTime:141ms, electionTimeout:141ms
2019-10-17 07:44:06,550 [Thread-3161] INFO  impl.RoleInfo (RoleInfo.java:shutdownFollowerState(121)) - 2a93f7e5-ecb9-41da-9c47-70e13ba76d7d: shutdown FollowerState
2019-10-17 07:44:06,550 [Thread-3161] INFO  impl.RaftServerImpl (RaftServerImpl.java:setRole(184)) - 2a93f7e5-ecb9-41da-9c47-70e13ba76d7d@group-A9EE991D717F: changes role from  FOLLOWER to CANDIDATE at term 451 for changeToCandidate
2019-10-17 07:44:06,550 [Thread-3161] INFO  impl.RoleInfo (RoleInfo.java:updateAndGet(143)) - 2a93f7e5-ecb9-41da-9c47-70e13ba76d7d: start LeaderElection
2019-10-17 07:44:06,574 [2a93f7e5-ecb9-41da-9c47-70e13ba76d7d@group-A9EE991D717F-LeaderElection416] INFO  impl.LeaderElection (LeaderElection.java:askForVotes(178)) - 2a93f7e5-ecb9-41da-9c47-70e13ba76d7d@group-A9EE991D717F-LeaderElection416: begin an election at term 452 for 0: [37bd8e8c-ea68-4b1c-8659-8d001c4f3b5c:192.168.34.62:41632, 24020d0b-ce61-4f5a-b0b0-c561541e8cd4:192.168.34.62:42892, 2a93f7e5-ecb9-41da-9c47-70e13ba76d7d:192.168.34.62:35412], old=null
2019-10-17 07:44:06,576 [grpc-default-executor-1] INFO  impl.RaftServerImpl (RaftServerImpl.java:setRole(184)) - 37bd8e8c-ea68-4b1c-8659-8d001c4f3b5c@group-A9EE991D717F: changes role from  FOLLOWER to FOLLOWER at term 452 for recognizeCandidate:2a93f7e5-ecb9-41da-9c47-70e13ba76d7d
2019-10-17 07:44:06,576 [grpc-default-executor-1] INFO  impl.RoleInfo (RoleInfo.java:shutdownFollowerState(121)) - 37bd8e8c-ea68-4b1c-8659-8d001c4f3b5c: shutdown FollowerState
2019-10-17 07:44:06,576 [grpc-default-executor-0] INFO  impl.RaftServerImpl (RaftServerImpl.java:setRole(184)) - 24020d0b-ce61-4f5a-b0b0-c561541e8cd4@group-A9EE991D717F: changes role from  FOLLOWER to FOLLOWER at term 452 for recognizeCandidate:2a93f7e5-ecb9-41da-9c47-70e13ba76d7d
2019-10-17 07:44:06,576 [grpc-default-executor-0] INFO  impl.RoleInfo (RoleInfo.java:shutdownFollowerState(121)) - 24020d0b-ce61-4f5a-b0b0-c561541e8cd4: shutdown FollowerState
2019-10-17 07:44:06,576 [Thread-3159] INFO  impl.FollowerState (FollowerState.java:run(117)) - 37bd8e8c-ea68-4b1c-8659-8d001c4f3b5c@group-A9EE991D717F-FollowerState was interrupted: java.lang.InterruptedException: sleep interrupted
2019-10-17 07:44:06,576 [grpc-default-executor-1] INFO  impl.RoleInfo (RoleInfo.java:updateAndGet(143)) - 37bd8e8c-ea68-4b1c-8659-8d001c4f3b5c: start FollowerState
2019-10-17 07:44:06,577 [Thread-3160] INFO  impl.FollowerState (FollowerState.java:run(117)) - 24020d0b-ce61-4f5a-b0b0-c561541e8cd4@group-A9EE991D717F-FollowerState was interrupted: java.lang.InterruptedException: sleep interrupted
2019-10-17 07:44:06,577 [grpc-default-executor-0] INFO  impl.RoleInfo (RoleInfo.java:updateAndGet(143)) - 24020d0b-ce61-4f5a-b0b0-c561541e8cd4: start FollowerState
2019-10-17 07:44:06,602 [2a93f7e5-ecb9-41da-9c47-70e13ba76d7d@group-A9EE991D717F-LeaderElection416] INFO  impl.LeaderElection (LeaderElection.java:logAndReturn(56)) - 2a93f7e5-ecb9-41da-9c47-70e13ba76d7d@group-A9EE991D717F-LeaderElection416: Election REJECTED; received 2 response(s) [2a93f7e5-ecb9-41da-9c47-70e13ba76d7d<-37bd8e8c-ea68-4b1c-8659-8d001c4f3b5c#0:FAIL-t452, 2a93f7e5-ecb9-41da-9c47-70e13ba76d7d<-24020d0b-ce61-4f5a-b0b0-c561541e8cd4#0:FAIL-t452] and 0 exception(s); 2a93f7e5-ecb9-41da-9c47-70e13ba76d7d@group-A9EE991D717F:t452, leader=null, voted=2a93f7e5-ecb9-41da-9c47-70e13ba76d7d, raftlog=2a93f7e5-ecb9-41da-9c47-70e13ba76d7d@group-A9EE991D717F-SegmentedRaftLog:OPENED:c-1,f0,i0, conf=0: [37bd8e8c-ea68-4b1c-8659-8d001c4f3b5c:192.168.34.62:41632, 24020d0b-ce61-4f5a-b0b0-c561541e8cd4:192.168.34.62:42892, 2a93f7e5-ecb9-41da-9c47-70e13ba76d7d:192.168.34.62:35412], old=null
2019-10-17 07:44:06,602 [2a93f7e5-ecb9-41da-9c47-70e13ba76d7d@group-A9EE991D717F-LeaderElection416] INFO  impl.RaftServerImpl (RaftServerImpl.java:setRole(184)) - 2a93f7e5-ecb9-41da-9c47-70e13ba76d7d@group-A9EE991D717F: changes role from CANDIDATE to FOLLOWER at term 452 for DISCOVERED_A_NEW_TERM
2019-10-17 07:44:06,602 [2a93f7e5-ecb9-41da-9c47-70e13ba76d7d@group-A9EE991D717F-LeaderElection416] INFO  impl.RoleInfo (RoleInfo.java:shutdownLeaderElection(134)) - 2a93f7e5-ecb9-41da-9c47-70e13ba76d7d: shutdown LeaderElection
2019-10-17 07:44:06,603 [2a93f7e5-ecb9-41da-9c47-70e13ba76d7d@group-A9EE991D717F-LeaderElection416] INFO  impl.RoleInfo (RoleInfo.java:updateAndGet(143)) - 2a93f7e5-ecb9-41da-9c47-70e13ba76d7d: start FollowerState
2019-10-17 07:44:06,733 [Thread-3167] INFO  impl.FollowerState (FollowerState.java:run(108)) - 2a93f7e5-ecb9-41da-9c47-70e13ba76d7d@group-A9EE991D717F-FollowerState: change to CANDIDATE, lastRpcTime:130ms, electionTimeout:130ms
2019-10-17 07:44:06,733 [Thread-3167] INFO  impl.RoleInfo (RoleInfo.java:shutdownFollowerState(121)) - 2a93f7e5-ecb9-41da-9c47-70e13ba76d7d: shutdown FollowerState
2019-10-17 07:44:06,733 [Thread-3167] INFO  impl.RaftServerImpl (RaftServerImpl.java:setRole(184)) - 2a93f7e5-ecb9-41da-9c47-70e13ba76d7d@group-A9EE991D717F: changes role from  FOLLOWER to CANDIDATE at term 452 for changeToCandidate
2019-10-17 07:44:06,733 [Thread-3167] INFO  impl.RoleInfo (RoleInfo.java:updateAndGet(143)) - 2a93f7e5-ecb9-41da-9c47-70e13ba76d7d: start LeaderElection
2019-10-17 07:44:06,757 [2a93f7e5-ecb9-41da-9c47-70e13ba76d7d@group-A9EE991D717F-LeaderElection417] INFO  impl.LeaderElection (LeaderElection.java:askForVotes(178)) - 2a93f7e5-ecb9-41da-9c47-70e13ba76d7d@group-A9EE991D717F-LeaderElection417: begin an election at term 453 for 0: [37bd8e8c-ea68-4b1c-8659-8d001c4f3b5c:192.168.34.62:41632, 24020d0b-ce61-4f5a-b0b0-c561541e8cd4:192.168.34.62:42892, 2a93f7e5-ecb9-41da-9c47-70e13ba76d7d:192.168.34.62:35412], old=null
2019-10-17 07:44:06,759 [grpc-default-executor-0] INFO  impl.RaftServerImpl (RaftServerImpl.java:setRole(184)) - 37bd8e8c-ea68-4b1c-8659-8d001c4f3b5c@group-A9EE991D717F: changes role from  FOLLOWER to FOLLOWER at term 453 for recognizeCandidate:2a93f7e5-ecb9-41da-9c47-70e13ba76d7d
2019-10-17 07:44:06,759 [grpc-default-executor-1] INFO  impl.RaftServerImpl (RaftServerImpl.java:setRole(184)) - 24020d0b-ce61-4f5a-b0b0-c561541e8cd4@group-A9EE991D717F: changes role from  FOLLOWER to FOLLOWER at term 453 for recognizeCandidate:2a93f7e5-ecb9-41da-9c47-70e13ba76d7d
2019-10-17 07:44:06,759 [grpc-default-executor-0] INFO  impl.RoleInfo (RoleInfo.java:shutdownFollowerState(121)) - 37bd8e8c-ea68-4b1c-8659-8d001c4f3b5c: shutdown FollowerState
2019-10-17 07:44:06,760 [grpc-default-executor-1] INFO  impl.RoleInfo (RoleInfo.java:shutdownFollowerState(121)) - 24020d0b-ce61-4f5a-b0b0-c561541e8cd4: shutdown FollowerState
2019-10-17 07:44:06,760 [grpc-default-executor-1] INFO  impl.RoleInfo (RoleInfo.java:updateAndGet(143)) - 24020d0b-ce61-4f5a-b0b0-c561541e8cd4: start FollowerState
2019-10-17 07:44:06,760 [Thread-3165] INFO  impl.FollowerState (FollowerState.java:run(117)) - 37bd8e8c-ea68-4b1c-8659-8d001c4f3b5c@group-A9EE991D717F-FollowerState was interrupted: java.lang.InterruptedException: sleep interrupted
2019-10-17 07:44:06,760 [grpc-default-executor-0] INFO  impl.RoleInfo (RoleInfo.java:updateAndGet(143)) - 37bd8e8c-ea68-4b1c-8659-8d001c4f3b5c: start FollowerState
2019-10-17 07:44:06,760 [Thread-3166] INFO  impl.FollowerState (FollowerState.java:run(117)) - 24020d0b-ce61-4f5a-b0b0-c561541e8cd4@group-A9EE991D717F-FollowerState was interrupted: java.lang.InterruptedException: sleep interrupted
2019-10-17 07:44:06,785 [2a93f7e5-ecb9-41da-9c47-70e13ba76d7d@group-A9EE991D717F-LeaderElection417] INFO  impl.LeaderElection (LeaderElection.java:logAndReturn(56)) - 2a93f7e5-ecb9-41da-9c47-70e13ba76d7d@group-A9EE991D717F-LeaderElection417: Election REJECTED; received 2 response(s) [2a93f7e5-ecb9-41da-9c47-70e13ba76d7d<-37bd8e8c-ea68-4b1c-8659-8d001c4f3b5c#0:FAIL-t453, 2a93f7e5-ecb9-41da-9c47-70e13ba76d7d<-24020d0b-ce61-4f5a-b0b0-c561541e8cd4#0:FAIL-t453] and 0 exception(s); 2a93f7e5-ecb9-41da-9c47-70e13ba76d7d@group-A9EE991D717F:t453, leader=null, voted=2a93f7e5-ecb9-41da-9c47-70e13ba76d7d, raftlog=2a93f7e5-ecb9-41da-9c47-70e13ba76d7d@group-A9EE991D717F-SegmentedRaftLog:OPENED:c-1,f0,i0, conf=0: [37bd8e8c-ea68-4b1c-8659-8d001c4f3b5c:192.168.34.62:41632, 24020d0b-ce61-4f5a-b0b0-c561541e8cd4:192.168.34.62:42892, 2a93f7e5-ecb9-41da-9c47-70e13ba76d7d:192.168.34.62:35412], old=null
2019-10-17 07:44:06,785 [2a93f7e5-ecb9-41da-9c47-70e13ba76d7d@group-A9EE991D717F-LeaderElection417] INFO  impl.RaftServerImpl (RaftServerImpl.java:setRole(184)) - 2a93f7e5-ecb9-41da-9c47-70e13ba76d7d@group-A9EE991D717F: changes role from CANDIDATE to FOLLOWER at term 453 for DISCOVERED_A_NEW_TERM
2019-10-17 07:44:06,785 [2a93f7e5-ecb9-41da-9c47-70e13ba76d7d@group-A9EE991D717F-LeaderElection417] INFO  impl.RoleInfo (RoleInfo.java:shutdownLeaderElection(134)) - 2a93f7e5-ecb9-41da-9c47-70e13ba76d7d: shutdown LeaderElection
2019-10-17 07:44:06,785 [2a93f7e5-ecb9-41da-9c47-70e13ba76d7d@group-A9EE991D717F-LeaderElection417] INFO  impl.RoleInfo (RoleInfo.java:updateAndGet(143)) - 2a93f7e5-ecb9-41da-9c47-70e13ba76d7d: start FollowerState
2019-10-17 07:44:06,804 [Thread-3173] INFO  impl.FollowerState (FollowerState.java:run(108)) - 2a93f7e5-ecb9-41da-9c47-70e13ba76d7d@group-A9EE991D717F-FollowerState: change to CANDIDATE, lastRpcTime:18ms, electionTimeout:18ms
2019-10-17 07:44:06,804 [Thread-3173] INFO  impl.RoleInfo (RoleInfo.java:shutdownFollowerState(121)) - 2a93f7e5-ecb9-41da-9c47-70e13ba76d7d: shutdown FollowerState
2019-10-17 07:44:06,804 [Thread-3173] INFO  impl.RaftServerImpl (RaftServerImpl.java:setRole(184)) - 2a93f7e5-ecb9-41da-9c47-70e13ba76d7d@group-A9EE991D717F: changes role from  FOLLOWER to CANDIDATE at term 453 for changeToCandidate
2019-10-17 07:44:06,804 [Thread-3173] INFO  impl.RoleInfo (RoleInfo.java:updateAndGet(143)) - 2a93f7e5-ecb9-41da-9c47-70e13ba76d7d: start LeaderElection
2019-10-17 07:44:06,829 [2a93f7e5-ecb9-41da-9c47-70e13ba76d7d@group-A9EE991D717F-LeaderElection418] INFO  impl.LeaderElection (LeaderElection.java:askForVotes(178)) - 2a93f7e5-ecb9-41da-9c47-70e13ba76d7d@group-A9EE991D717F-LeaderElection418: begin an election at term 454 for 0: [37bd8e8c-ea68-4b1c-8659-8d001c4f3b5c:192.168.34.62:41632, 24020d0b-ce61-4f5a-b0b0-c561541e8cd4:192.168.34.62:42892, 2a93f7e5-ecb9-41da-9c47-70e13ba76d7d:192.168.34.62:35412], old=null
2019-10-17 07:44:06,831 [grpc-default-executor-1] INFO  impl.RaftServerImpl (RaftServerImpl.java:setRole(184)) - 37bd8e8c-ea68-4b1c-8659-8d001c4f3b5c@group-A9EE991D717F: changes role from  FOLLOWER to FOLLOWER at term 454 for recognizeCandidate:2a93f7e5-ecb9-41da-9c47-70e13ba76d7d
2019-10-17 07:44:06,831 [grpc-default-executor-1] INFO  impl.RoleInfo (RoleInfo.java:shutdownFollowerState(121)) - 37bd8e8c-ea68-4b1c-8659-8d001c4f3b5c: shutdown FollowerState
2019-10-17 07:44:06,831 [grpc-default-executor-0] INFO  impl.RaftServerImpl (RaftServerImpl.java:setRole(184)) - 24020d0b-ce61-4f5a-b0b0-c561541e8cd4@group-A9EE991D717F: changes role from  FOLLOWER to FOLLOWER at term 454 for recognizeCandidate:2a93f7e5-ecb9-41da-9c47-70e13ba76d7d
2019-10-17 07:44:06,832 [grpc-default-executor-0] INFO  impl.RoleInfo (RoleInfo.java:shutdownFollowerState(121)) - 24020d0b-ce61-4f5a-b0b0-c561541e8cd4: shutdown FollowerState
2019-10-17 07:44:06,832 [Thread-3171] INFO  impl.FollowerState (FollowerState.java:run(117)) - 37bd8e8c-ea68-4b1c-8659-8d001c4f3b5c@group-A9EE991D717F-FollowerState was interrupted: java.lang.InterruptedException: sleep interrupted
2019-10-17 07:44:06,832 [grpc-default-executor-1] INFO  impl.RoleInfo (RoleInfo.java:updateAndGet(143)) - 37bd8e8c-ea68-4b1c-8659-8d001c4f3b5c: start FollowerState
2019-10-17 07:44:06,832 [Thread-3172] INFO  impl.FollowerState (FollowerState.java:run(117)) - 24020d0b-ce61-4f5a-b0b0-c561541e8cd4@group-A9EE991D717F-FollowerState was interrupted: java.lang.InterruptedException: sleep interrupted
2019-10-17 07:44:06,832 [grpc-default-executor-0] INFO  impl.RoleInfo (RoleInfo.java:updateAndGet(143)) - 24020d0b-ce61-4f5a-b0b0-c561541e8cd4: start FollowerState
2019-10-17 07:44:06,858 [2a93f7e5-ecb9-41da-9c47-70e13ba76d7d@group-A9EE991D717F-LeaderElection418] INFO  impl.LeaderElection (LeaderElection.java:logAndReturn(56)) - 2a93f7e5-ecb9-41da-9c47-70e13ba76d7d@group-A9EE991D717F-LeaderElection418: Election REJECTED; received 2 response(s) [2a93f7e5-ecb9-41da-9c47-70e13ba76d7d<-37bd8e8c-ea68-4b1c-8659-8d001c4f3b5c#0:FAIL-t454, 2a93f7e5-ecb9-41da-9c47-70e13ba76d7d<-24020d0b-ce61-4f5a-b0b0-c561541e8cd4#0:FAIL-t454] and 0 exception(s); 2a93f7e5-ecb9-41da-9c47-70e13ba76d7d@group-A9EE991D717F:t454, leader=null, voted=2a93f7e5-ecb9-41da-9c47-70e13ba76d7d, raftlog=2a93f7e5-ecb9-41da-9c47-70e13ba76d7d@group-A9EE991D717F-SegmentedRaftLog:OPENED:c-1,f0,i0, conf=0: [37bd8e8c-ea68-4b1c-8659-8d001c4f3b5c:192.168.34.62:41632, 24020d0b-ce61-4f5a-b0b0-c561541e8cd4:192.168.34.62:42892, 2a93f7e5-ecb9-41da-9c47-70e13ba76d7d:192.168.34.62:35412], old=null
2019-10-17 07:44:06,858 [2a93f7e5-ecb9-41da-9c47-70e13ba76d7d@group-A9EE991D717F-LeaderElection418] INFO  impl.RaftServerImpl (RaftServerImpl.java:setRole(184)) - 2a93f7e5-ecb9-41da-9c47-70e13ba76d7d@group-A9EE991D717F: changes role from CANDIDATE to FOLLOWER at term 454 for DISCOVERED_A_NEW_TERM
2019-10-17 07:44:06,858 [2a93f7e5-ecb9-41da-9c47-70e13ba76d7d@group-A9EE991D717F-LeaderElection418] INFO  impl.RoleInfo (RoleInfo.java:shutdownLeaderElection(134)) - 2a93f7e5-ecb9-41da-9c47-70e13ba76d7d: shutdown LeaderElection
2019-10-17 07:44:06,858 [2a93f7e5-ecb9-41da-9c47-70e13ba76d7d@group-A9EE991D717F-LeaderElection418] INFO  impl.RoleInfo (RoleInfo.java:updateAndGet(143)) - 2a93f7e5-ecb9-41da-9c47-70e13ba76d7d: start FollowerState
2019-10-17 07:44:06,925 [Thread-3179] INFO  impl.FollowerState (FollowerState.java:run(108)) - 2a93f7e5-ecb9-41da-9c47-70e13ba76d7d@group-A9EE991D717F-FollowerState: change to CANDIDATE, lastRpcTime:66ms, electionTimeout:66ms
2019-10-17 07:44:06,925 [Thread-3179] INFO  impl.RoleInfo (RoleInfo.java:shutdownFollowerState(121)) - 2a93f7e5-ecb9-41da-9c47-70e13ba76d7d: shutdown FollowerState
2019-10-17 07:44:06,925 [Thread-3179] INFO  impl.RaftServerImpl (RaftServerImpl.java:setRole(184)) - 2a93f7e5-ecb9-41da-9c47-70e13ba76d7d@group-A9EE991D717F: changes role from  FOLLOWER to CANDIDATE at term 454 for changeToCandidate
2019-10-17 07:44:06,925 [Thread-3179] INFO  impl.RoleInfo (RoleInfo.java:updateAndGet(143)) - 2a93f7e5-ecb9-41da-9c47-70e13ba76d7d: start LeaderElection
2019-10-17 07:44:06,950 [2a93f7e5-ecb9-41da-9c47-70e13ba76d7d@group-A9EE991D717F-LeaderElection419] INFO  impl.LeaderElection (LeaderElection.java:askForVotes(178)) - 2a93f7e5-ecb9-41da-9c47-70e13ba76d7d@group-A9EE991D717F-LeaderElection419: begin an election at term 455 for 0: [37bd8e8c-ea68-4b1c-8659-8d001c4f3b5c:192.168.34.62:41632, 24020d0b-ce61-4f5a-b0b0-c561541e8cd4:192.168.34.62:42892, 2a93f7e5-ecb9-41da-9c47-70e13ba76d7d:192.168.34.62:35412], old=null
2019-10-17 07:44:06,951 [grpc-default-executor-1] INFO  impl.RaftServerImpl (RaftServerImpl.java:setRole(184)) - 37bd8e8c-ea68-4b1c-8659-8d001c4f3b5c@group-A9EE991D717F: changes role from  FOLLOWER to FOLLOWER at term 455 for recognizeCandidate:2a93f7e5-ecb9-41da-9c47-70e13ba76d7d
2019-10-17 07:44:06,951 [grpc-default-executor-1] INFO  impl.RoleInfo (RoleInfo.java:shutdownFollowerState(121)) - 37bd8e8c-ea68-4b1c-8659-8d001c4f3b5c: shutdown FollowerState
2019-10-17 07:44:06,952 [grpc-default-executor-1] INFO  impl.RoleInfo (RoleInfo.java:updateAndGet(143)) - 37bd8e8c-ea68-4b1c-8659-8d001c4f3b5c: start FollowerState
2019-10-17 07:44:06,952 [Thread-3177] INFO  impl.FollowerState (FollowerState.java:run(117)) - 37bd8e8c-ea68-4b1c-8659-8d001c4f3b5c@group-A9EE991D717F-FollowerState was interrupted: java.lang.InterruptedException: sleep interrupted
2019-10-17 07:44:06,952 [grpc-default-executor-0] INFO  impl.RaftServerImpl (RaftServerImpl.java:setRole(184)) - 24020d0b-ce61-4f5a-b0b0-c561541e8cd4@group-A9EE991D717F: changes role from  FOLLOWER to FOLLOWER at term 455 for recognizeCandidate:2a93f7e5-ecb9-41da-9c47-70e13ba76d7d
2019-10-17 07:44:06,952 [grpc-default-executor-0] INFO  impl.RoleInfo (RoleInfo.java:shutdownFollowerState(121)) - 24020d0b-ce61-4f5a-b0b0-c561541e8cd4: shutdown FollowerState
2019-10-17 07:44:06,952 [grpc-default-executor-0] INFO  impl.RoleInfo (RoleInfo.java:updateAndGet(143)) - 24020d0b-ce61-4f5a-b0b0-c561541e8cd4: start FollowerState
2019-10-17 07:44:06,952 [Thread-3178] INFO  impl.FollowerState (FollowerState.java:run(117)) - 24020d0b-ce61-4f5a-b0b0-c561541e8cd4@group-A9EE991D717F-FollowerState was interrupted: java.lang.InterruptedException: sleep interrupted
2019-10-17 07:44:06,959 [2a93f7e5-ecb9-41da-9c47-70e13ba76d7d@group-A9EE991D717F-LeaderElection419] INFO  impl.LeaderElection (LeaderElection.java:logAndReturn(56)) - 2a93f7e5-ecb9-41da-9c47-70e13ba76d7d@group-A9EE991D717F-LeaderElection419: Election TIMEOUT; received 0 response(s) [] and 0 exception(s); 2a93f7e5-ecb9-41da-9c47-70e13ba76d7d@group-A9EE991D717F:t455, leader=null, voted=2a93f7e5-ecb9-41da-9c47-70e13ba76d7d, raftlog=2a93f7e5-ecb9-41da-9c47-70e13ba76d7d@group-A9EE991D717F-SegmentedRaftLog:OPENED:c-1,f0,i0, conf=0: [37bd8e8c-ea68-4b1c-8659-8d001c4f3b5c:192.168.34.62:41632, 24020d0b-ce61-4f5a-b0b0-c561541e8cd4:192.168.34.62:42892, 2a93f7e5-ecb9-41da-9c47-70e13ba76d7d:192.168.34.62:35412], old=null
2019-10-17 07:44:07,000 [2a93f7e5-ecb9-41da-9c47-70e13ba76d7d@group-A9EE991D717F-LeaderElection419] INFO  impl.LeaderElection (LeaderElection.java:askForVotes(178)) - 2a93f7e5-ecb9-41da-9c47-70e13ba76d7d@group-A9EE991D717F-LeaderElection419: begin an election at term 456 for 0: [37bd8e8c-ea68-4b1c-8659-8d001c4f3b5c:192.168.34.62:41632, 24020d0b-ce61-4f5a-b0b0-c561541e8cd4:192.168.34.62:42892, 2a93f7e5-ecb9-41da-9c47-70e13ba76d7d:192.168.34.62:35412], old=null
2019-10-17 07:44:07,002 [grpc-default-executor-0] INFO  impl.RaftServerImpl (RaftServerImpl.java:setRole(184)) - 37bd8e8c-ea68-4b1c-8659-8d001c4f3b5c@group-A9EE991D717F: changes role from  FOLLOWER to FOLLOWER at term 456 for recognizeCandidate:2a93f7e5-ecb9-41da-9c47-70e13ba76d7d
2019-10-17 07:44:07,002 [grpc-default-executor-1] INFO  impl.RaftServerImpl (RaftServerImpl.java:setRole(184)) - 24020d0b-ce61-4f5a-b0b0-c561541e8cd4@group-A9EE991D717F: changes role from  FOLLOWER to FOLLOWER at term 456 for recognizeCandidate:2a93f7e5-ecb9-41da-9c47-70e13ba76d7d
2019-10-17 07:44:07,003 [grpc-default-executor-0] INFO  impl.RoleInfo (RoleInfo.java:shutdownFollowerState(121)) - 37bd8e8c-ea68-4b1c-8659-8d001c4f3b5c: shutdown FollowerState
2019-10-17 07:44:07,003 [grpc-default-executor-1] INFO  impl.RoleInfo (RoleInfo.java:shutdownFollowerState(121)) - 24020d0b-ce61-4f5a-b0b0-c561541e8cd4: shutdown FollowerState
2019-10-17 07:44:07,003 [Thread-3183] INFO  impl.FollowerState (FollowerState.java:run(117)) - 37bd8e8c-ea68-4b1c-8659-8d001c4f3b5c@group-A9EE991D717F-FollowerState was interrupted: java.lang.InterruptedException: sleep interrupted
2019-10-17 07:44:07,003 [grpc-default-executor-0] INFO  impl.RoleInfo (RoleInfo.java:updateAndGet(143)) - 37bd8e8c-ea68-4b1c-8659-8d001c4f3b5c: start FollowerState
2019-10-17 07:44:07,003 [Thread-3184] INFO  impl.FollowerState (FollowerState.java:run(117)) - 24020d0b-ce61-4f5a-b0b0-c561541e8cd4@group-A9EE991D717F-FollowerState was interrupted: java.lang.InterruptedException: sleep interrupted
2019-10-17 07:44:07,003 [grpc-default-executor-1] INFO  impl.RoleInfo (RoleInfo.java:updateAndGet(143)) - 24020d0b-ce61-4f5a-b0b0-c561541e8cd4: start FollowerState
2019-10-17 07:44:07,026 [2a93f7e5-ecb9-41da-9c47-70e13ba76d7d@group-A9EE991D717F-LeaderElection419] INFO  impl.LeaderElection (LeaderElection.java:logAndReturn(56)) - 2a93f7e5-ecb9-41da-9c47-70e13ba76d7d@group-A9EE991D717F-LeaderElection419: Election REJECTED; received 2 response(s) [2a93f7e5-ecb9-41da-9c47-70e13ba76d7d<-37bd8e8c-ea68-4b1c-8659-8d001c4f3b5c#0:FAIL-t456, 2a93f7e5-ecb9-41da-9c47-70e13ba76d7d<-24020d0b-ce61-4f5a-b0b0-c561541e8cd4#0:FAIL-t456] and 0 exception(s); 2a93f7e5-ecb9-41da-9c47-70e13ba76d7d@group-A9EE991D717F:t456, leader=null, voted=2a93f7e5-ecb9-41da-9c47-70e13ba76d7d, raftlog=2a93f7e5-ecb9-41da-9c47-70e13ba76d7d@group-A9EE991D717F-SegmentedRaftLog:OPENED:c-1,f0,i0, conf=0: [37bd8e8c-ea68-4b1c-8659-8d001c4f3b5c:192.168.34.62:41632, 24020d0b-ce61-4f5a-b0b0-c561541e8cd4:192.168.34.62:42892, 2a93f7e5-ecb9-41da-9c47-70e13ba76d7d:192.168.34.62:35412], old=null
2019-10-17 07:44:07,026 [2a93f7e5-ecb9-41da-9c47-70e13ba76d7d@group-A9EE991D717F-LeaderElection419] INFO  impl.RaftServerImpl (RaftServerImpl.java:setRole(184)) - 2a93f7e5-ecb9-41da-9c47-70e13ba76d7d@group-A9EE991D717F: changes role from CANDIDATE to FOLLOWER at term 456 for DISCOVERED_A_NEW_TERM
2019-10-17 07:44:07,026 [2a93f7e5-ecb9-41da-9c47-70e13ba76d7d@group-A9EE991D717F-LeaderElection419] INFO  impl.RoleInfo (RoleInfo.java:shutdownLeaderElection(134)) - 2a93f7e5-ecb9-41da-9c47-70e13ba76d7d: shutdown LeaderElection
2019-10-17 07:44:07,026 [2a93f7e5-ecb9-41da-9c47-70e13ba76d7d@group-A9EE991D717F-LeaderElection419] INFO  impl.RoleInfo (RoleInfo.java:updateAndGet(143)) - 2a93f7e5-ecb9-41da-9c47-70e13ba76d7d: start FollowerState
2019-10-17 07:44:07,152 [Thread-3189] INFO  impl.FollowerState (FollowerState.java:run(108)) - 2a93f7e5-ecb9-41da-9c47-70e13ba76d7d@group-A9EE991D717F-FollowerState: change to CANDIDATE, lastRpcTime:125ms, electionTimeout:125ms
2019-10-17 07:44:07,152 [Thread-3189] INFO  impl.RoleInfo (RoleInfo.java:shutdownFollowerState(121)) - 2a93f7e5-ecb9-41da-9c47-70e13ba76d7d: shutdown FollowerState
2019-10-17 07:44:07,152 [Thread-3189] INFO  impl.RaftServerImpl (RaftServerImpl.java:setRole(184)) - 2a93f7e5-ecb9-41da-9c47-70e13ba76d7d@group-A9EE991D717F: changes role from  FOLLOWER to CANDIDATE at term 456 for changeToCandidate
2019-10-17 07:44:07,152 [Thread-3189] INFO  impl.RoleInfo (RoleInfo.java:updateAndGet(143)) - 2a93f7e5-ecb9-41da-9c47-70e13ba76d7d: start LeaderElection
2019-10-17 07:44:07,175 [2a93f7e5-ecb9-41da-9c47-70e13ba76d7d@group-A9EE991D717F-LeaderElection420] INFO  impl.LeaderElection (LeaderElection.java:askForVotes(178)) - 2a93f7e5-ecb9-41da-9c47-70e13ba76d7d@group-A9EE991D717F-LeaderElection420: begin an election at term 457 for 0: [37bd8e8c-ea68-4b1c-8659-8d001c4f3b5c:192.168.34.62:41632, 24020d0b-ce61-4f5a-b0b0-c561541e8cd4:192.168.34.62:42892, 2a93f7e5-ecb9-41da-9c47-70e13ba76d7d:192.168.34.62:35412], old=null
2019-10-17 07:44:07,177 [grpc-default-executor-0] INFO  impl.RaftServerImpl (RaftServerImpl.java:setRole(184)) - 37bd8e8c-ea68-4b1c-8659-8d001c4f3b5c@group-A9EE991D717F: changes role from  FOLLOWER to FOLLOWER at term 457 for recognizeCandidate:2a93f7e5-ecb9-41da-9c47-70e13ba76d7d
2019-10-17 07:44:07,178 [grpc-default-executor-0] INFO  impl.RoleInfo (RoleInfo.java:shutdownFollowerState(121)) - 37bd8e8c-ea68-4b1c-8659-8d001c4f3b5c: shutdown FollowerState
2019-10-17 07:44:07,178 [grpc-default-executor-0] INFO  impl.RoleInfo (RoleInfo.java:updateAndGet(143)) - 37bd8e8c-ea68-4b1c-8659-8d001c4f3b5c: start FollowerState
2019-10-17 07:44:07,178 [Thread-3187] INFO  impl.FollowerState (FollowerState.java:run(117)) - 37bd8e8c-ea68-4b1c-8659-8d001c4f3b5c@group-A9EE991D717F-FollowerState was interrupted: java.lang.InterruptedException: sleep interrupted
2019-10-17 07:44:07,178 [grpc-default-executor-1] INFO  impl.RaftServerImpl (RaftServerImpl.java:setRole(184)) - 24020d0b-ce61-4f5a-b0b0-c561541e8cd4@group-A9EE991D717F: changes role from  FOLLOWER to FOLLOWER at term 457 for recognizeCandidate:2a93f7e5-ecb9-41da-9c47-70e13ba76d7d
2019-10-17 07:44:07,178 [grpc-default-executor-1] INFO  impl.RoleInfo (RoleInfo.java:shutdownFollowerState(121)) - 24020d0b-ce61-4f5a-b0b0-c561541e8cd4: shutdown FollowerState
2019-10-17 07:44:07,178 [grpc-default-executor-1] INFO  impl.RoleInfo (RoleInfo.java:updateAndGet(143)) - 24020d0b-ce61-4f5a-b0b0-c561541e8cd4: start FollowerState
2019-10-17 07:44:07,178 [Thread-3188] INFO  impl.FollowerState (FollowerState.java:run(117)) - 24020d0b-ce61-4f5a-b0b0-c561541e8cd4@group-A9EE991D717F-FollowerState was interrupted: java.lang.InterruptedException: sleep interrupted
2019-10-17 07:44:07,226 [2a93f7e5-ecb9-41da-9c47-70e13ba76d7d@group-A9EE991D717F-LeaderElection420] INFO  impl.LeaderElection (LeaderElection.java:logAndReturn(56)) - 2a93f7e5-ecb9-41da-9c47-70e13ba76d7d@group-A9EE991D717F-LeaderElection420: Election REJECTED; received 2 response(s) [2a93f7e5-ecb9-41da-9c47-70e13ba76d7d<-37bd8e8c-ea68-4b1c-8659-8d001c4f3b5c#0:FAIL-t457, 2a93f7e5-ecb9-41da-9c47-70e13ba76d7d<-24020d0b-ce61-4f5a-b0b0-c561541e8cd4#0:FAIL-t457] and 0 exception(s); 2a93f7e5-ecb9-41da-9c47-70e13ba76d7d@group-A9EE991D717F:t457, leader=null, voted=2a93f7e5-ecb9-41da-9c47-70e13ba76d7d, raftlog=2a93f7e5-ecb9-41da-9c47-70e13ba76d7d@group-A9EE991D717F-SegmentedRaftLog:OPENED:c-1,f0,i0, conf=0: [37bd8e8c-ea68-4b1c-8659-8d001c4f3b5c:192.168.34.62:41632, 24020d0b-ce61-4f5a-b0b0-c561541e8cd4:192.168.34.62:42892, 2a93f7e5-ecb9-41da-9c47-70e13ba76d7d:192.168.34.62:35412], old=null
2019-10-17 07:44:07,227 [2a93f7e5-ecb9-41da-9c47-70e13ba76d7d@group-A9EE991D717F-LeaderElection420] INFO  impl.RaftServerImpl (RaftServerImpl.java:setRole(184)) - 2a93f7e5-ecb9-41da-9c47-70e13ba76d7d@group-A9EE991D717F: changes role from CANDIDATE to FOLLOWER at term 457 for DISCOVERED_A_NEW_TERM
2019-10-17 07:44:07,227 [2a93f7e5-ecb9-41da-9c47-70e13ba76d7d@group-A9EE991D717F-LeaderElection420] INFO  impl.RoleInfo (RoleInfo.java:shutdownLeaderElection(134)) - 2a93f7e5-ecb9-41da-9c47-70e13ba76d7d: shutdown LeaderElection
2019-10-17 07:44:07,227 [2a93f7e5-ecb9-41da-9c47-70e13ba76d7d@group-A9EE991D717F-LeaderElection420] INFO  impl.RoleInfo (RoleInfo.java:updateAndGet(143)) - 2a93f7e5-ecb9-41da-9c47-70e13ba76d7d: start FollowerState
2019-10-17 07:44:07,258 [main] INFO  ozoneimpl.OzoneContainer (OzoneContainer.java:stop(227)) - Attempting to stop container services.
2019-10-17 07:44:07,258 [ForkJoinPool.commonPool-worker-1] INFO  ozoneimpl.OzoneContainer (OzoneContainer.java:stop(227)) - Attempting to stop container services.
2019-10-17 07:44:07,259 [main] INFO  impl.RaftServerProxy (RaftServerProxy.java:lambda$close$4(314)) - 2a93f7e5-ecb9-41da-9c47-70e13ba76d7d: close
2019-10-17 07:44:07,259 [ForkJoinPool.commonPool-worker-1] INFO  impl.RaftServerProxy (RaftServerProxy.java:lambda$close$4(314)) - 37bd8e8c-ea68-4b1c-8659-8d001c4f3b5c: close
2019-10-17 07:44:07,259 [main] INFO  impl.RaftServerImpl (RaftServerImpl.java:lambda$shutdown$3(261)) - 2a93f7e5-ecb9-41da-9c47-70e13ba76d7d@group-A9EE991D717F: shutdown
2019-10-17 07:44:07,259 [ForkJoinPool.commonPool-worker-1] INFO  impl.RaftServerImpl (RaftServerImpl.java:lambda$shutdown$3(261)) - 37bd8e8c-ea68-4b1c-8659-8d001c4f3b5c@group-A9EE991D717F: shutdown
2019-10-17 07:44:07,259 [main] INFO  util.JmxRegister (JmxRegister.java:unregister(73)) - Successfully un-registered JMX Bean with object name Ratis:service=RaftServer,group=group-A9EE991D717F,id=2a93f7e5-ecb9-41da-9c47-70e13ba76d7d
2019-10-17 07:44:07,260 [main] INFO  impl.RoleInfo (RoleInfo.java:shutdownFollowerState(121)) - 2a93f7e5-ecb9-41da-9c47-70e13ba76d7d: shutdown FollowerState
2019-10-17 07:44:07,260 [ForkJoinPool.commonPool-worker-1] INFO  util.JmxRegister (JmxRegister.java:unregister(73)) - Successfully un-registered JMX Bean with object name Ratis:service=RaftServer,group=group-A9EE991D717F,id=37bd8e8c-ea68-4b1c-8659-8d001c4f3b5c
2019-10-17 07:44:07,261 [ForkJoinPool.commonPool-worker-1] INFO  impl.RoleInfo (RoleInfo.java:shutdownFollowerState(121)) - 37bd8e8c-ea68-4b1c-8659-8d001c4f3b5c: shutdown FollowerState
2019-10-17 07:44:07,260 [Thread-3195] INFO  impl.FollowerState (FollowerState.java:run(117)) - 2a93f7e5-ecb9-41da-9c47-70e13ba76d7d@group-A9EE991D717F-FollowerState was interrupted: java.lang.InterruptedException: sleep interrupted
2019-10-17 07:44:07,260 [main] INFO  impl.StateMachineUpdater (StateMachineUpdater.java:stopAndJoin(136)) - 2a93f7e5-ecb9-41da-9c47-70e13ba76d7d@group-A9EE991D717F-StateMachineUpdater: set stopIndex = -1
2019-10-17 07:44:07,262 [main] INFO  impl.RaftServerImpl (ServerState.java:close(388)) - 2a93f7e5-ecb9-41da-9c47-70e13ba76d7d@group-A9EE991D717F: closes. applyIndex: -1
2019-10-17 07:44:07,261 [Thread-3193] INFO  impl.FollowerState (FollowerState.java:run(117)) - 37bd8e8c-ea68-4b1c-8659-8d001c4f3b5c@group-A9EE991D717F-FollowerState was interrupted: java.lang.InterruptedException: sleep interrupted
2019-10-17 07:44:07,261 [ForkJoinPool.commonPool-worker-1] INFO  impl.StateMachineUpdater (StateMachineUpdater.java:stopAndJoin(136)) - 37bd8e8c-ea68-4b1c-8659-8d001c4f3b5c@group-A9EE991D717F-StateMachineUpdater: set stopIndex = 1
2019-10-17 07:44:07,263 [ForkJoinPool.commonPool-worker-1] INFO  impl.RaftServerImpl (ServerState.java:close(388)) - 37bd8e8c-ea68-4b1c-8659-8d001c4f3b5c@group-A9EE991D717F: closes. applyIndex: 1
2019-10-17 07:44:07,263 [2a93f7e5-ecb9-41da-9c47-70e13ba76d7d@group-A9EE991D717F-SegmentedRaftLogWorker] INFO  segmented.SegmentedRaftLogWorker (SegmentedRaftLogWorker.java:run(316)) - 2a93f7e5-ecb9-41da-9c47-70e13ba76d7d@group-A9EE991D717F-SegmentedRaftLogWorker was interrupted, exiting. There are 0 tasks remaining in the queue.
2019-10-17 07:44:07,265 [main] INFO  segmented.SegmentedRaftLogWorker (SegmentedRaftLogWorker.java:close(224)) - 2a93f7e5-ecb9-41da-9c47-70e13ba76d7d@group-A9EE991D717F-SegmentedRaftLogWorker close()
2019-10-17 07:44:07,265 [37bd8e8c-ea68-4b1c-8659-8d001c4f3b5c@group-A9EE991D717F-SegmentedRaftLogWorker] INFO  segmented.SegmentedRaftLogWorker (SegmentedRaftLogWorker.java:run(316)) - 37bd8e8c-ea68-4b1c-8659-8d001c4f3b5c@group-A9EE991D717F-SegmentedRaftLogWorker was interrupted, exiting. There are 0 tasks remaining in the queue.
2019-10-17 07:44:07,269 [main] INFO  impl.RaftServerImpl (RaftServerImpl.java:lambda$shutdown$3(261)) - 2a93f7e5-ecb9-41da-9c47-70e13ba76d7d@group-0B27B5B66CFA: shutdown
2019-10-17 07:44:07,269 [ForkJoinPool.commonPool-worker-1] INFO  segmented.SegmentedRaftLogWorker (SegmentedRaftLogWorker.java:close(224)) - 37bd8e8c-ea68-4b1c-8659-8d001c4f3b5c@group-A9EE991D717F-SegmentedRaftLogWorker close()
2019-10-17 07:44:07,269 [main] INFO  util.JmxRegister (JmxRegister.java:unregister(73)) - Successfully un-registered JMX Bean with object name Ratis:service=RaftServer,group=group-0B27B5B66CFA,id=2a93f7e5-ecb9-41da-9c47-70e13ba76d7d
2019-10-17 07:44:07,271 [ForkJoinPool.commonPool-worker-1] INFO  impl.RaftServerImpl (RaftServerImpl.java:lambda$shutdown$3(261)) - 37bd8e8c-ea68-4b1c-8659-8d001c4f3b5c@group-BBCCAFE5DB64: shutdown
2019-10-17 07:44:07,272 [main] INFO  impl.RoleInfo (RoleInfo.java:shutdownLeaderState(104)) - 2a93f7e5-ecb9-41da-9c47-70e13ba76d7d: shutdown LeaderState
2019-10-17 07:44:07,272 [ForkJoinPool.commonPool-worker-1] INFO  util.JmxRegister (JmxRegister.java:unregister(73)) - Successfully un-registered JMX Bean with object name Ratis:service=RaftServer,group=group-BBCCAFE5DB64,id=37bd8e8c-ea68-4b1c-8659-8d001c4f3b5c
2019-10-17 07:44:07,272 [ForkJoinPool.commonPool-worker-1] INFO  impl.RoleInfo (RoleInfo.java:shutdownLeaderState(104)) - 37bd8e8c-ea68-4b1c-8659-8d001c4f3b5c: shutdown LeaderState
2019-10-17 07:44:07,272 [main] INFO  impl.PendingRequests (PendingRequests.java:sendNotLeaderResponses(202)) - 2a93f7e5-ecb9-41da-9c47-70e13ba76d7d@group-0B27B5B66CFA-PendingRequests: sendNotLeaderResponses
2019-10-17 07:44:07,273 [ForkJoinPool.commonPool-worker-1] INFO  impl.PendingRequests (PendingRequests.java:sendNotLeaderResponses(202)) - 37bd8e8c-ea68-4b1c-8659-8d001c4f3b5c@group-BBCCAFE5DB64-PendingRequests: sendNotLeaderResponses
2019-10-17 07:44:07,278 [main] INFO  impl.StateMachineUpdater (StateMachineUpdater.java:stopAndJoin(136)) - 2a93f7e5-ecb9-41da-9c47-70e13ba76d7d@group-0B27B5B66CFA-StateMachineUpdater: set stopIndex = 2
2019-10-17 07:44:07,280 [ForkJoinPool.commonPool-worker-1] INFO  impl.StateMachineUpdater (StateMachineUpdater.java:stopAndJoin(136)) - 37bd8e8c-ea68-4b1c-8659-8d001c4f3b5c@group-BBCCAFE5DB64-StateMachineUpdater: set stopIndex = 2
2019-10-17 07:44:07,280 [main] INFO  impl.RaftServerImpl (ServerState.java:close(388)) - 2a93f7e5-ecb9-41da-9c47-70e13ba76d7d@group-0B27B5B66CFA: closes. applyIndex: 2
2019-10-17 07:44:07,281 [ForkJoinPool.commonPool-worker-1] INFO  impl.RaftServerImpl (ServerState.java:close(388)) - 37bd8e8c-ea68-4b1c-8659-8d001c4f3b5c@group-BBCCAFE5DB64: closes. applyIndex: 2
2019-10-17 07:44:07,281 [2a93f7e5-ecb9-41da-9c47-70e13ba76d7d@group-0B27B5B66CFA-SegmentedRaftLogWorker] INFO  segmented.SegmentedRaftLogWorker (SegmentedRaftLogWorker.java:run(316)) - 2a93f7e5-ecb9-41da-9c47-70e13ba76d7d@group-0B27B5B66CFA-SegmentedRaftLogWorker was interrupted, exiting. There are 0 tasks remaining in the queue.
2019-10-17 07:44:07,283 [37bd8e8c-ea68-4b1c-8659-8d001c4f3b5c@group-BBCCAFE5DB64-SegmentedRaftLogWorker] INFO  segmented.SegmentedRaftLogWorker (SegmentedRaftLogWorker.java:run(316)) - 37bd8e8c-ea68-4b1c-8659-8d001c4f3b5c@group-BBCCAFE5DB64-SegmentedRaftLogWorker was interrupted, exiting. There are 0 tasks remaining in the queue.
2019-10-17 07:44:07,283 [main] INFO  segmented.SegmentedRaftLogWorker (SegmentedRaftLogWorker.java:close(224)) - 2a93f7e5-ecb9-41da-9c47-70e13ba76d7d@group-0B27B5B66CFA-SegmentedRaftLogWorker close()
2019-10-17 07:44:07,284 [ForkJoinPool.commonPool-worker-1] INFO  segmented.SegmentedRaftLogWorker (SegmentedRaftLogWorker.java:close(224)) - 37bd8e8c-ea68-4b1c-8659-8d001c4f3b5c@group-BBCCAFE5DB64-SegmentedRaftLogWorker close()
2019-10-17 07:44:07,286 [main] INFO  server.GrpcService (GrpcService.java:closeImpl(164)) - 2a93f7e5-ecb9-41da-9c47-70e13ba76d7d: shutdown server with port 35412 now
2019-10-17 07:44:07,288 [ForkJoinPool.commonPool-worker-1] INFO  server.GrpcService (GrpcService.java:closeImpl(164)) - 37bd8e8c-ea68-4b1c-8659-8d001c4f3b5c: shutdown server with port 41632 now
2019-10-17 07:44:07,295 [main] INFO  server.GrpcService (GrpcService.java:closeImpl(172)) - 2a93f7e5-ecb9-41da-9c47-70e13ba76d7d: shutdown server with port 35412 successfully
2019-10-17 07:44:07,296 [ForkJoinPool.commonPool-worker-1] INFO  server.GrpcService (GrpcService.java:closeImpl(172)) - 37bd8e8c-ea68-4b1c-8659-8d001c4f3b5c: shutdown server with port 41632 successfully
2019-10-17 07:44:07,298 [refreshUsed-/workdir/hadoop-ozone/integration-test/target/test-dir/MiniOzoneClusterImpl-87e8d78b-2c25-4827-9c34-ee9c99992073/datanode-3/data/containers] WARN  fs.CachingGetSpaceUsed (CachingGetSpaceUsed.java:run(183)) - Thread Interrupted waiting to refresh disk information: sleep interrupted
2019-10-17 07:44:07,306 [refreshUsed-/workdir/hadoop-ozone/integration-test/target/test-dir/MiniOzoneClusterImpl-87e8d78b-2c25-4827-9c34-ee9c99992073/datanode-0/data/containers] WARN  fs.CachingGetSpaceUsed (CachingGetSpaceUsed.java:run(183)) - Thread Interrupted waiting to refresh disk information: sleep interrupted
2019-10-17 07:44:07,321 [main] INFO  utils.BackgroundService (BackgroundService.java:shutdown(151)) - Shutting down service BlockDeletingService
2019-10-17 07:44:07,324 [main] INFO  statemachine.DatanodeStateMachine (DatanodeStateMachine.java:stopDaemon(395)) - Ozone container server stopped.
2019-10-17 07:44:07,325 [main] INFO  handler.ContextHandler (ContextHandler.java:doStop(910)) - Stopped o.e.j.w.WebAppContext@4aa21f9d{/,null,UNAVAILABLE}{/hddsDatanode}
2019-10-17 07:44:07,325 [main] INFO  server.AbstractConnector (AbstractConnector.java:doStop(318)) - Stopped ServerConnector@71c17a57{HTTP/1.1,[http/1.1]}{0.0.0.0:33290}
2019-10-17 07:44:07,326 [main] INFO  handler.ContextHandler (ContextHandler.java:doStop(910)) - Stopped o.e.j.s.ServletContextHandler@77049094{/static,jar:file:/home/user/.m2/repository/org/apache/hadoop/hadoop-hdds-container-service/0.5.0-SNAPSHOT/hadoop-hdds-container-service-0.5.0-SNAPSHOT.jar!/webapps/static,UNAVAILABLE}
2019-10-17 07:44:07,326 [main] INFO  handler.ContextHandler (ContextHandler.java:doStop(910)) - Stopped o.e.j.s.ServletContextHandler@6fa13e6{/logs,file:///workdir/hadoop-ozone/integration-test/target/log,UNAVAILABLE}
2019-10-17 07:44:07,327 [ForkJoinPool.commonPool-worker-1] INFO  utils.BackgroundService (BackgroundService.java:shutdown(151)) - Shutting down service BlockDeletingService
2019-10-17 07:44:07,329 [ForkJoinPool.commonPool-worker-1] INFO  statemachine.DatanodeStateMachine (DatanodeStateMachine.java:stopDaemon(395)) - Ozone container server stopped.
2019-10-17 07:44:07,331 [ForkJoinPool.commonPool-worker-1] INFO  handler.ContextHandler (ContextHandler.java:doStop(910)) - Stopped o.e.j.w.WebAppContext@4f94e148{/,null,UNAVAILABLE}{/hddsDatanode}
2019-10-17 07:44:07,332 [ForkJoinPool.commonPool-worker-1] INFO  server.AbstractConnector (AbstractConnector.java:doStop(318)) - Stopped ServerConnector@7ff8a9dc{HTTP/1.1,[http/1.1]}{0.0.0.0:34051}
2019-10-17 07:44:07,332 [ForkJoinPool.commonPool-worker-1] INFO  handler.ContextHandler (ContextHandler.java:doStop(910)) - Stopped o.e.j.s.ServletContextHandler@670b3ca{/static,jar:file:/home/user/.m2/repository/org/apache/hadoop/hadoop-hdds-container-service/0.5.0-SNAPSHOT/hadoop-hdds-container-service-0.5.0-SNAPSHOT.jar!/webapps/static,UNAVAILABLE}
2019-10-17 07:44:07,333 [ForkJoinPool.commonPool-worker-1] INFO  handler.ContextHandler (ContextHandler.java:doStop(910)) - Stopped o.e.j.s.ServletContextHandler@3fd9e827{/logs,file:///workdir/hadoop-ozone/integration-test/target/log,UNAVAILABLE}
2019-10-17 07:44:07,454 [Datanode State Machine Thread - 0] INFO  statemachine.DatanodeStateMachine (DatanodeStateMachine.java:lambda$startDaemon$0(350)) - Ozone container server started.
2019-10-17 07:44:12,324 [Thread-3194] INFO  impl.FollowerState (FollowerState.java:run(108)) - 24020d0b-ce61-4f5a-b0b0-c561541e8cd4@group-A9EE991D717F-FollowerState: change to CANDIDATE, lastRpcTime:5145ms, electionTimeout:5145ms
2019-10-17 07:44:12,324 [Thread-3194] INFO  impl.RoleInfo (RoleInfo.java:shutdownFollowerState(121)) - 24020d0b-ce61-4f5a-b0b0-c561541e8cd4: shutdown FollowerState
2019-10-17 07:44:12,325 [Thread-3194] INFO  impl.RaftServerImpl (RaftServerImpl.java:setRole(184)) - 24020d0b-ce61-4f5a-b0b0-c561541e8cd4@group-A9EE991D717F: changes role from  FOLLOWER to CANDIDATE at term 457 for changeToCandidate
2019-10-17 07:44:12,325 [Thread-3194] INFO  impl.RoleInfo (RoleInfo.java:updateAndGet(143)) - 24020d0b-ce61-4f5a-b0b0-c561541e8cd4: start LeaderElection
2019-10-17 07:44:12,329 [main] INFO  ozoneimpl.OzoneContainer (OzoneContainer.java:stop(227)) - Attempting to stop container services.
2019-10-17 07:44:12,330 [main] INFO  impl.RaftServerProxy (RaftServerProxy.java:lambda$close$4(314)) - 24020d0b-ce61-4f5a-b0b0-c561541e8cd4: close
2019-10-17 07:44:12,331 [main] INFO  impl.RaftServerImpl (RaftServerImpl.java:lambda$shutdown$3(261)) - 24020d0b-ce61-4f5a-b0b0-c561541e8cd4@group-A9EE991D717F: shutdown
2019-10-17 07:44:12,331 [ForkJoinPool.commonPool-worker-0] INFO  impl.RaftServerImpl (RaftServerImpl.java:lambda$shutdown$3(261)) - 24020d0b-ce61-4f5a-b0b0-c561541e8cd4@group-FEB16DB33BA8: shutdown
2019-10-17 07:44:12,331 [main] INFO  util.JmxRegister (JmxRegister.java:unregister(73)) - Successfully un-registered JMX Bean with object name Ratis:service=RaftServer,group=group-A9EE991D717F,id=24020d0b-ce61-4f5a-b0b0-c561541e8cd4
2019-10-17 07:44:12,331 [ForkJoinPool.commonPool-worker-0] INFO  util.JmxRegister (JmxRegister.java:unregister(73)) - Successfully un-registered JMX Bean with object name Ratis:service=RaftServer,group=group-FEB16DB33BA8,id=24020d0b-ce61-4f5a-b0b0-c561541e8cd4
2019-10-17 07:44:12,331 [main] INFO  impl.RoleInfo (RoleInfo.java:shutdownLeaderElection(134)) - 24020d0b-ce61-4f5a-b0b0-c561541e8cd4: shutdown LeaderElection
2019-10-17 07:44:12,332 [ForkJoinPool.commonPool-worker-0] INFO  impl.RoleInfo (RoleInfo.java:shutdownLeaderState(104)) - 24020d0b-ce61-4f5a-b0b0-c561541e8cd4: shutdown LeaderState
2019-10-17 07:44:12,332 [main] INFO  impl.StateMachineUpdater (StateMachineUpdater.java:stopAndJoin(136)) - 24020d0b-ce61-4f5a-b0b0-c561541e8cd4@group-A9EE991D717F-StateMachineUpdater: set stopIndex = 2
2019-10-17 07:44:12,332 [ForkJoinPool.commonPool-worker-0] INFO  impl.PendingRequests (PendingRequests.java:sendNotLeaderResponses(202)) - 24020d0b-ce61-4f5a-b0b0-c561541e8cd4@group-FEB16DB33BA8-PendingRequests: sendNotLeaderResponses
2019-10-17 07:44:12,334 [main] INFO  impl.RaftServerImpl (ServerState.java:close(388)) - 24020d0b-ce61-4f5a-b0b0-c561541e8cd4@group-A9EE991D717F: closes. applyIndex: 2
2019-10-17 07:44:12,336 [ForkJoinPool.commonPool-worker-0] INFO  impl.StateMachineUpdater (StateMachineUpdater.java:stopAndJoin(136)) - 24020d0b-ce61-4f5a-b0b0-c561541e8cd4@group-FEB16DB33BA8-StateMachineUpdater: set stopIndex = 2
2019-10-17 07:44:12,336 [ForkJoinPool.commonPool-worker-0] INFO  impl.RaftServerImpl (ServerState.java:close(388)) - 24020d0b-ce61-4f5a-b0b0-c561541e8cd4@group-FEB16DB33BA8: closes. applyIndex: 2
2019-10-17 07:44:12,337 [24020d0b-ce61-4f5a-b0b0-c561541e8cd4@group-A9EE991D717F-SegmentedRaftLogWorker] INFO  segmented.SegmentedRaftLogWorker (SegmentedRaftLogWorker.java:run(316)) - 24020d0b-ce61-4f5a-b0b0-c561541e8cd4@group-A9EE991D717F-SegmentedRaftLogWorker was interrupted, exiting. There are 0 tasks remaining in the queue.
2019-10-17 07:44:12,338 [24020d0b-ce61-4f5a-b0b0-c561541e8cd4@group-FEB16DB33BA8-SegmentedRaftLogWorker] INFO  segmented.SegmentedRaftLogWorker (SegmentedRaftLogWorker.java:run(316)) - 24020d0b-ce61-4f5a-b0b0-c561541e8cd4@group-FEB16DB33BA8-SegmentedRaftLogWorker was interrupted, exiting. There are 0 tasks remaining in the queue.
2019-10-17 07:44:12,345 [ForkJoinPool.commonPool-worker-0] INFO  segmented.SegmentedRaftLogWorker (SegmentedRaftLogWorker.java:close(224)) - 24020d0b-ce61-4f5a-b0b0-c561541e8cd4@group-FEB16DB33BA8-SegmentedRaftLogWorker close()
2019-10-17 07:44:12,345 [main] INFO  segmented.SegmentedRaftLogWorker (SegmentedRaftLogWorker.java:close(224)) - 24020d0b-ce61-4f5a-b0b0-c561541e8cd4@group-A9EE991D717F-SegmentedRaftLogWorker close()
2019-10-17 07:44:12,348 [main] INFO  server.GrpcService (GrpcService.java:closeImpl(164)) - 24020d0b-ce61-4f5a-b0b0-c561541e8cd4: shutdown server with port 42892 now
2019-10-17 07:44:12,349 [main] INFO  server.GrpcService (GrpcService.java:closeImpl(172)) - 24020d0b-ce61-4f5a-b0b0-c561541e8cd4: shutdown server with port 42892 successfully
2019-10-17 07:44:12,359 [24020d0b-ce61-4f5a-b0b0-c561541e8cd4@group-A9EE991D717F-LeaderElection421] INFO  impl.LeaderElection (LeaderElection.java:askForVotes(178)) - 24020d0b-ce61-4f5a-b0b0-c561541e8cd4@group-A9EE991D717F-LeaderElection421: begin an election at term 458 for 1: [37bd8e8c-ea68-4b1c-8659-8d001c4f3b5c:192.168.34.62:41632, 24020d0b-ce61-4f5a-b0b0-c561541e8cd4:192.168.34.62:42892, 2a93f7e5-ecb9-41da-9c47-70e13ba76d7d:192.168.34.62:35412], old=null
2019-10-17 07:44:12,359 [refreshUsed-/workdir/hadoop-ozone/integration-test/target/test-dir/MiniOzoneClusterImpl-87e8d78b-2c25-4827-9c34-ee9c99992073/datanode-5/data/containers] WARN  fs.CachingGetSpaceUsed (CachingGetSpaceUsed.java:run(183)) - Thread Interrupted waiting to refresh disk information: sleep interrupted
2019-10-17 07:44:12,360 [24020d0b-ce61-4f5a-b0b0-c561541e8cd4@group-A9EE991D717F-LeaderElection421] INFO  impl.LeaderElection (LeaderElection.java:run(137)) - 24020d0b-ce61-4f5a-b0b0-c561541e8cd4@group-A9EE991D717F-LeaderElection421: IllegalArgumentException is safely ignored since this is already CLOSING
java.lang.IllegalArgumentException: 24020d0b-ce61-4f5a-b0b0-c561541e8cd4@group-A9EE991D717F-SegmentedRaftLog is expected to be opened but it is CLOSED
	at org.apache.ratis.util.OpenCloseState.assertOpen(OpenCloseState.java:63)
	at org.apache.ratis.server.raftlog.RaftLog.checkLogState(RaftLog.java:102)
	at org.apache.ratis.server.raftlog.segmented.SegmentedRaftLog.getLastEntryTermIndex(SegmentedRaftLog.java:345)
	at org.apache.ratis.server.impl.LeaderElection.askForVotes(LeaderElection.java:180)
	at org.apache.ratis.server.impl.LeaderElection.run(LeaderElection.java:133)
	at java.lang.Thread.run(Thread.java:748)
Caused by: org.apache.ratis.util.OpenCloseState$CloseTrace: Close 24020d0b-ce61-4f5a-b0b0-c561541e8cd4@group-A9EE991D717F-SegmentedRaftLog
	at org.apache.ratis.util.OpenCloseState.lambda$close$1(OpenCloseState.java:109)
	at java.util.concurrent.atomic.AtomicReference.getAndUpdate(AtomicReference.java:160)
	at org.apache.ratis.util.OpenCloseState.close(OpenCloseState.java:109)
	at org.apache.ratis.server.raftlog.RaftLog.close(RaftLog.java:437)
	at org.apache.ratis.server.raftlog.segmented.SegmentedRaftLog.close(SegmentedRaftLog.java:500)
	at org.apache.ratis.server.impl.ServerState.close(ServerState.java:390)
	at org.apache.ratis.server.impl.RaftServerImpl.lambda$shutdown$3(RaftServerImpl.java:283)
	at org.apache.ratis.util.LifeCycle.lambda$checkStateAndClose$2(LifeCycle.java:231)
	at org.apache.ratis.util.LifeCycle.checkStateAndClose(LifeCycle.java:251)
	at org.apache.ratis.util.LifeCycle.checkStateAndClose(LifeCycle.java:229)
	at org.apache.ratis.server.impl.RaftServerImpl.shutdown(RaftServerImpl.java:260)
	at org.apache.ratis.server.impl.RaftServerProxy$ImplMap.lambda$close$0(RaftServerProxy.java:107)
	at java.util.stream.ForEachOps$ForEachOp$OfRef.accept(ForEachOps.java:183)
	at java.util.stream.ReferencePipeline$3$1.accept(ReferencePipeline.java:193)
	at java.util.concurrent.ConcurrentHashMap$ValueSpliterator.forEachRemaining(ConcurrentHashMap.java:3566)
	at java.util.stream.AbstractPipeline.copyInto(AbstractPipeline.java:482)
	at java.util.stream.ForEachOps$ForEachTask.compute(ForEachOps.java:290)
	at java.util.concurrent.CountedCompleter.exec(CountedCompleter.java:731)
	at java.util.concurrent.ForkJoinTask.doExec(ForkJoinTask.java:289)
	at java.util.concurrent.ForkJoinTask.doInvoke(ForkJoinTask.java:401)
	at java.util.concurrent.ForkJoinTask.invoke(ForkJoinTask.java:734)
	at java.util.stream.ForEachOps$ForEachOp.evaluateParallel(ForEachOps.java:159)
	at java.util.stream.ForEachOps$ForEachOp$OfRef.evaluateParallel(ForEachOps.java:173)
	at java.util.stream.AbstractPipeline.evaluate(AbstractPipeline.java:233)
	at java.util.stream.ReferencePipeline.forEach(ReferencePipeline.java:485)
	at org.apache.ratis.server.impl.RaftServerProxy$ImplMap.close(RaftServerProxy.java:107)
	at org.apache.ratis.server.impl.RaftServerProxy.lambda$close$4(RaftServerProxy.java:315)
	at org.apache.ratis.util.LifeCycle.lambda$checkStateAndClose$2(LifeCycle.java:231)
	at org.apache.ratis.util.LifeCycle.checkStateAndClose(LifeCycle.java:251)
	at org.apache.ratis.util.LifeCycle.checkStateAndClose(LifeCycle.java:229)
	at org.apache.ratis.server.impl.RaftServerProxy.close(RaftServerProxy.java:313)
	at org.apache.hadoop.ozone.container.common.transport.server.ratis.XceiverServerRatis.stop(XceiverServerRatis.java:454)
	at org.apache.hadoop.ozone.container.ozoneimpl.OzoneContainer.stop(OzoneContainer.java:229)
	at org.apache.hadoop.ozone.container.common.statemachine.DatanodeStateMachine.close(DatanodeStateMachine.java:270)
	at org.apache.hadoop.ozone.container.common.statemachine.DatanodeStateMachine.stopDaemon(DatanodeStateMachine.java:394)
	at org.apache.hadoop.ozone.HddsDatanodeService.stop(HddsDatanodeService.java:457)
	at org.apache.hadoop.ozone.MiniOzoneClusterImpl.stopDatanode(MiniOzoneClusterImpl.java:423)
	at java.util.stream.ForEachOps$ForEachOp$OfRef.accept(ForEachOps.java:183)
	at java.util.ArrayList$ArrayListSpliterator.forEachRemaining(ArrayList.java:1382)
	at java.util.stream.AbstractPipeline.copyInto(AbstractPipeline.java:482)
	at java.util.stream.ForEachOps$ForEachTask.compute(ForEachOps.java:290)
	at java.util.concurrent.CountedCompleter.exec(CountedCompleter.java:731)
	at java.util.concurrent.ForkJoinTask.doExec(ForkJoinTask.java:289)
	at java.util.concurrent.ForkJoinPool.helpComplete(ForkJoinPool.java:1870)
	at java.util.concurrent.ForkJoinPool.externalHelpComplete(ForkJoinPool.java:2467)
	at java.util.concurrent.ForkJoinTask.externalAwaitDone(ForkJoinTask.java:324)
	at java.util.concurrent.ForkJoinTask.doInvoke(ForkJoinTask.java:405)
	at java.util.concurrent.ForkJoinTask.invoke(ForkJoinTask.java:734)
	at java.util.stream.ForEachOps$ForEachOp.evaluateParallel(ForEachOps.java:159)
	at java.util.stream.ForEachOps$ForEachOp$OfRef.evaluateParallel(ForEachOps.java:173)
	at java.util.stream.AbstractPipeline.evaluate(AbstractPipeline.java:233)
	at java.util.stream.ReferencePipeline.forEach(ReferencePipeline.java:485)
	at java.util.stream.ReferencePipeline$Head.forEach(ReferencePipeline.java:650)
	at org.apache.hadoop.ozone.MiniOzoneClusterImpl.stopDatanodes(MiniOzoneClusterImpl.java:417)
	at org.apache.hadoop.ozone.MiniOzoneClusterImpl.stop(MiniOzoneClusterImpl.java:370)
	at org.apache.hadoop.ozone.MiniOzoneClusterImpl.shutdown(MiniOzoneClusterImpl.java:357)
	at org.apache.hadoop.hdds.scm.safemode.TestSCMSafeModeWithPipelineRules.tearDown(TestSCMSafeModeWithPipelineRules.java:182)
	at sun.reflect.NativeMethodAccessorImpl.invoke0(Native Method)
	at sun.reflect.NativeMethodAccessorImpl.invoke(NativeMethodAccessorImpl.java:62)
	at sun.reflect.DelegatingMethodAccessorImpl.invoke(DelegatingMethodAccessorImpl.java:43)
	at java.lang.reflect.Method.invoke(Method.java:498)
	at org.junit.runners.model.FrameworkMethod$1.runReflectiveCall(FrameworkMethod.java:47)
	at org.junit.internal.runners.model.ReflectiveCallable.run(ReflectiveCallable.java:12)
	at org.junit.runners.model.FrameworkMethod.invokeExplosively(FrameworkMethod.java:44)
	at org.junit.internal.runners.statements.RunAfters.evaluate(RunAfters.java:33)
	at org.junit.rules.ExternalResource$1.evaluate(ExternalResource.java:48)
	at org.junit.rules.RunRules.evaluate(RunRules.java:20)
	at org.junit.runners.ParentRunner.runLeaf(ParentRunner.java:271)
	at org.junit.runners.BlockJUnit4ClassRunner.runChild(BlockJUnit4ClassRunner.java:70)
	at org.junit.runners.BlockJUnit4ClassRunner.runChild(BlockJUnit4ClassRunner.java:50)
	at org.junit.runners.ParentRunner$3.run(ParentRunner.java:238)
	at org.junit.runners.ParentRunner$1.schedule(ParentRunner.java:63)
	at org.junit.runners.ParentRunner.runChildren(ParentRunner.java:236)
	at org.junit.runners.ParentRunner.access$000(ParentRunner.java:53)
	at org.junit.runners.ParentRunner$2.evaluate(ParentRunner.java:229)
	at org.junit.runners.ParentRunner.run(ParentRunner.java:309)
	at org.apache.maven.surefire.junit4.JUnit4Provider.execute(JUnit4Provider.java:365)
	at org.apache.maven.surefire.junit4.JUnit4Provider.executeWithRerun(JUnit4Provider.java:273)
	at org.apache.maven.surefire.junit4.JUnit4Provider.executeTestSet(JUnit4Provider.java:238)
	at org.apache.maven.surefire.junit4.JUnit4Provider.invoke(JUnit4Provider.java:159)
	at org.apache.maven.surefire.booter.ForkedBooter.invokeProviderInSameClassLoader(ForkedBooter.java:384)
	at org.apache.maven.surefire.booter.ForkedBooter.runSuitesInProcess(ForkedBooter.java:345)
	at org.apache.maven.surefire.booter.ForkedBooter.execute(ForkedBooter.java:126)
	at org.apache.maven.surefire.booter.ForkedBooter.main(ForkedBooter.java:418)
2019-10-17 07:44:12,376 [main] INFO  utils.BackgroundService (BackgroundService.java:shutdown(151)) - Shutting down service BlockDeletingService
2019-10-17 07:44:12,378 [main] INFO  statemachine.DatanodeStateMachine (DatanodeStateMachine.java:stopDaemon(395)) - Ozone container server stopped.
2019-10-17 07:44:12,379 [main] INFO  handler.ContextHandler (ContextHandler.java:doStop(910)) - Stopped o.e.j.w.WebAppContext@5875de6a{/,null,UNAVAILABLE}{/hddsDatanode}
2019-10-17 07:44:12,380 [main] INFO  server.AbstractConnector (AbstractConnector.java:doStop(318)) - Stopped ServerConnector@608fe01f{HTTP/1.1,[http/1.1]}{0.0.0.0:44874}
2019-10-17 07:44:12,380 [main] INFO  handler.ContextHandler (ContextHandler.java:doStop(910)) - Stopped o.e.j.s.ServletContextHandler@3bbf6abe{/static,jar:file:/home/user/.m2/repository/org/apache/hadoop/hadoop-hdds-container-service/0.5.0-SNAPSHOT/hadoop-hdds-container-service-0.5.0-SNAPSHOT.jar!/webapps/static,UNAVAILABLE}
2019-10-17 07:44:12,381 [main] INFO  handler.ContextHandler (ContextHandler.java:doStop(910)) - Stopped o.e.j.s.ServletContextHandler@1f03fba0{/logs,file:///workdir/hadoop-ozone/integration-test/target/log,UNAVAILABLE}
2019-10-17 07:44:12,382 [main] INFO  ozone.MiniOzoneClusterImpl (MiniOzoneClusterImpl.java:stopSCM(430)) - Stopping the StorageContainerManager
2019-10-17 07:44:12,382 [main] INFO  server.StorageContainerManager (StorageContainerManager.java:stop(810)) - Stopping Replication Manager Service.
2019-10-17 07:44:12,382 [main] INFO  container.ReplicationManager (ReplicationManager.java:stop(209)) - Replication Monitor Thread is not running.
2019-10-17 07:44:12,382 [main] INFO  server.StorageContainerManager (StorageContainerManager.java:stop(817)) - Stopping Lease Manager of the command watchers
2019-10-17 07:44:12,382 [main] INFO  server.StorageContainerManager (StorageContainerManager.java:stop(824)) - Stopping datanode service RPC server
2019-10-17 07:44:12,382 [main] INFO  server.SCMDatanodeProtocolServer (SCMDatanodeProtocolServer.java:stop(346)) - Stopping the RPC server for DataNodes
2019-10-17 07:44:12,383 [main] INFO  ipc.Server (Server.java:stop(3082)) - Stopping server on 44367
2019-10-17 07:44:12,384 [IPC Server listener on 44367] INFO  ipc.Server (Server.java:run(1185)) - Stopping IPC Server listener on 44367
2019-10-17 07:44:12,385 [IPC Server Responder] INFO  ipc.Server (Server.java:run(1319)) - Stopping IPC Server Responder
2019-10-17 07:44:12,529 [SCM Heartbeat Processing Thread - 0] WARN  node.NodeStateManager (NodeStateManager.java:scheduleNextHealthCheck(646)) - Current Thread is interrupted, shutting down HB processing thread for Node Manager.
2019-10-17 07:44:12,530 [main] INFO  server.StorageContainerManager (StorageContainerManager.java:stop(832)) - Stopping block service RPC server
2019-10-17 07:44:12,530 [main] INFO  server.SCMBlockProtocolServer (SCMBlockProtocolServer.java:stop(155)) - Stopping the RPC server for Block Protocol
2019-10-17 07:44:12,530 [main] INFO  ipc.Server (Server.java:stop(3082)) - Stopping server on 41574
2019-10-17 07:44:12,533 [IPC Server listener on 41574] INFO  ipc.Server (Server.java:run(1185)) - Stopping IPC Server listener on 41574
2019-10-17 07:44:12,533 [main] INFO  server.StorageContainerManager (StorageContainerManager.java:stop(839)) - Stopping the StorageContainerLocationProtocol RPC server
2019-10-17 07:44:12,534 [IPC Server Responder] INFO  ipc.Server (Server.java:run(1319)) - Stopping IPC Server Responder
2019-10-17 07:44:12,534 [main] INFO  server.SCMClientProtocolServer (SCMClientProtocolServer.java:stop(168)) - Stopping the RPC server for Client Protocol
2019-10-17 07:44:12,534 [main] INFO  ipc.Server (Server.java:stop(3082)) - Stopping server on 42245
2019-10-17 07:44:12,537 [IPC Server listener on 42245] INFO  ipc.Server (Server.java:run(1185)) - Stopping IPC Server listener on 42245
2019-10-17 07:44:12,537 [main] INFO  server.StorageContainerManager (StorageContainerManager.java:stop(846)) - Stopping Storage Container Manager HTTP server.
2019-10-17 07:44:12,538 [IPC Server Responder] INFO  ipc.Server (Server.java:run(1319)) - Stopping IPC Server Responder
2019-10-17 07:44:12,539 [main] INFO  handler.ContextHandler (ContextHandler.java:doStop(910)) - Stopped o.e.j.w.WebAppContext@29a98d9f{/,null,UNAVAILABLE}{/scm}
2019-10-17 07:44:12,540 [main] INFO  server.AbstractConnector (AbstractConnector.java:doStop(318)) - Stopped ServerConnector@2da3b078{HTTP/1.1,[http/1.1]}{0.0.0.0:37830}
2019-10-17 07:44:12,540 [main] INFO  handler.ContextHandler (ContextHandler.java:doStop(910)) - Stopped o.e.j.s.ServletContextHandler@574a89e2{/static,file:///workdir/hadoop-ozone/integration-test/target/test-classes/webapps/static,UNAVAILABLE}
2019-10-17 07:44:12,541 [main] INFO  handler.ContextHandler (ContextHandler.java:doStop(910)) - Stopped o.e.j.s.ServletContextHandler@753aca85{/logs,file:///workdir/hadoop-ozone/integration-test/target/log,UNAVAILABLE}
2019-10-17 07:44:12,541 [main] INFO  server.StorageContainerManager (StorageContainerManager.java:stop(857)) - Stopping Block Manager Service.
2019-10-17 07:44:12,542 [main] INFO  utils.BackgroundService (BackgroundService.java:shutdown(151)) - Shutting down service SCMBlockDeletingService
2019-10-17 07:44:12,542 [main] INFO  utils.BackgroundService (BackgroundService.java:shutdown(151)) - Shutting down service SCMBlockDeletingService
2019-10-17 07:44:12,542 [main] INFO  server.StorageContainerManager (StorageContainerManager.java:stop(879)) - Stopping SCM Event Queue.
2019-10-17 07:44:12,548 [main] INFO  impl.MetricsSystemImpl (MetricsSystemImpl.java:stop(210)) - Stopping HddsDatanode metrics system...
2019-10-17 07:44:12,554 [main] INFO  impl.MetricsSystemImpl (MetricsSystemImpl.java:stop(216)) - HddsDatanode metrics system stopped.
]]></system-out>
    <system-err><![CDATA[ERROR StatusLogger No Log4j 2 configuration file found. Using default configuration (logging only errors to the console), or user programmatically provided configurations. Set system property 'log4j2.debug' to show Log4j 2 internal initialization logging. See https://logging.apache.org/log4j/2.x/manual/configuration.html for instructions on how to configure Log4j 2
Oct 17, 2019 7:42:50 AM org.apache.ratis.thirdparty.io.grpc.internal.SerializingExecutor run
SEVERE: Exception while executing runnable org.apache.ratis.thirdparty.io.grpc.internal.ClientCallImpl$ClientStreamListenerImpl$1StreamClosed@1b4f5ab0
java.lang.NullPointerException
	at org.apache.ratis.grpc.server.GrpcLogAppender$AppendLogResponseHandler.onError(GrpcLogAppender.java:303)
	at org.apache.ratis.thirdparty.io.grpc.stub.ClientCalls$StreamObserverToCallListenerAdapter.onClose(ClientCalls.java:434)
	at org.apache.ratis.thirdparty.io.grpc.PartialForwardingClientCallListener.onClose(PartialForwardingClientCallListener.java:39)
	at org.apache.ratis.thirdparty.io.grpc.ForwardingClientCallListener.onClose(ForwardingClientCallListener.java:23)
	at org.apache.ratis.thirdparty.io.grpc.ForwardingClientCallListener$SimpleForwardingClientCallListener.onClose(ForwardingClientCallListener.java:40)
	at org.apache.ratis.thirdparty.io.grpc.internal.CensusStatsModule$StatsClientInterceptor$1$1.onClose(CensusStatsModule.java:678)
	at org.apache.ratis.thirdparty.io.grpc.PartialForwardingClientCallListener.onClose(PartialForwardingClientCallListener.java:39)
	at org.apache.ratis.thirdparty.io.grpc.ForwardingClientCallListener.onClose(ForwardingClientCallListener.java:23)
	at org.apache.ratis.thirdparty.io.grpc.ForwardingClientCallListener$SimpleForwardingClientCallListener.onClose(ForwardingClientCallListener.java:40)
	at org.apache.ratis.thirdparty.io.grpc.internal.CensusTracingModule$TracingClientInterceptor$1$1.onClose(CensusTracingModule.java:397)
	at org.apache.ratis.thirdparty.io.grpc.internal.ClientCallImpl.closeObserver(ClientCallImpl.java:459)
	at org.apache.ratis.thirdparty.io.grpc.internal.ClientCallImpl.access$300(ClientCallImpl.java:63)
	at org.apache.ratis.thirdparty.io.grpc.internal.ClientCallImpl$ClientStreamListenerImpl.close(ClientCallImpl.java:546)
	at org.apache.ratis.thirdparty.io.grpc.internal.ClientCallImpl$ClientStreamListenerImpl.access$600(ClientCallImpl.java:467)
	at org.apache.ratis.thirdparty.io.grpc.internal.ClientCallImpl$ClientStreamListenerImpl$1StreamClosed.runInContext(ClientCallImpl.java:584)
	at org.apache.ratis.thirdparty.io.grpc.internal.ContextRunnable.run(ContextRunnable.java:37)
	at org.apache.ratis.thirdparty.io.grpc.internal.SerializingExecutor.run(SerializingExecutor.java:123)
	at java.util.concurrent.ThreadPoolExecutor.runWorker(ThreadPoolExecutor.java:1149)
	at java.util.concurrent.ThreadPoolExecutor$Worker.run(ThreadPoolExecutor.java:624)
	at java.lang.Thread.run(Thread.java:748)

Oct 17, 2019 7:42:50 AM org.apache.ratis.thirdparty.io.grpc.internal.SerializingExecutor run
SEVERE: Exception while executing runnable org.apache.ratis.thirdparty.io.grpc.internal.ServerImpl$JumpToApplicationThreadServerStreamListener$1Closed@69e60629
org.apache.ratis.thirdparty.io.grpc.StatusRuntimeException: CANCELLED: call already cancelled
	at org.apache.ratis.thirdparty.io.grpc.Status.asRuntimeException(Status.java:517)
	at org.apache.ratis.thirdparty.io.grpc.stub.ServerCalls$ServerCallStreamObserverImpl.onCompleted(ServerCalls.java:356)
	at org.apache.ratis.grpc.server.GrpcServerProtocolService$ServerRequestStreamObserver.onError(GrpcServerProtocolService.java:121)
	at org.apache.ratis.thirdparty.io.grpc.stub.ServerCalls$StreamingServerCallHandler$StreamingServerCallListener.onCancel(ServerCalls.java:269)
	at org.apache.ratis.thirdparty.io.grpc.internal.ServerCallImpl$ServerStreamListenerImpl.closed(ServerCallImpl.java:293)
	at org.apache.ratis.thirdparty.io.grpc.internal.ServerImpl$JumpToApplicationThreadServerStreamListener$1Closed.runInContext(ServerImpl.java:741)
	at org.apache.ratis.thirdparty.io.grpc.internal.ContextRunnable.run(ContextRunnable.java:37)
	at org.apache.ratis.thirdparty.io.grpc.internal.SerializingExecutor.run(SerializingExecutor.java:123)
	at java.util.concurrent.ThreadPoolExecutor.runWorker(ThreadPoolExecutor.java:1149)
	at java.util.concurrent.ThreadPoolExecutor$Worker.run(ThreadPoolExecutor.java:624)
	at java.lang.Thread.run(Thread.java:748)

Oct 17, 2019 7:43:04 AM org.apache.ratis.thirdparty.io.grpc.internal.SerializingExecutor run
SEVERE: Exception while executing runnable org.apache.ratis.thirdparty.io.grpc.internal.ClientCallImpl$ClientStreamListenerImpl$1StreamClosed@4264ca75
java.lang.NullPointerException
	at org.apache.ratis.grpc.server.GrpcLogAppender$AppendLogResponseHandler.onError(GrpcLogAppender.java:303)
	at org.apache.ratis.thirdparty.io.grpc.stub.ClientCalls$StreamObserverToCallListenerAdapter.onClose(ClientCalls.java:434)
	at org.apache.ratis.thirdparty.io.grpc.PartialForwardingClientCallListener.onClose(PartialForwardingClientCallListener.java:39)
	at org.apache.ratis.thirdparty.io.grpc.ForwardingClientCallListener.onClose(ForwardingClientCallListener.java:23)
	at org.apache.ratis.thirdparty.io.grpc.ForwardingClientCallListener$SimpleForwardingClientCallListener.onClose(ForwardingClientCallListener.java:40)
	at org.apache.ratis.thirdparty.io.grpc.internal.CensusStatsModule$StatsClientInterceptor$1$1.onClose(CensusStatsModule.java:678)
	at org.apache.ratis.thirdparty.io.grpc.PartialForwardingClientCallListener.onClose(PartialForwardingClientCallListener.java:39)
	at org.apache.ratis.thirdparty.io.grpc.ForwardingClientCallListener.onClose(ForwardingClientCallListener.java:23)
	at org.apache.ratis.thirdparty.io.grpc.ForwardingClientCallListener$SimpleForwardingClientCallListener.onClose(ForwardingClientCallListener.java:40)
	at org.apache.ratis.thirdparty.io.grpc.internal.CensusTracingModule$TracingClientInterceptor$1$1.onClose(CensusTracingModule.java:397)
	at org.apache.ratis.thirdparty.io.grpc.internal.ClientCallImpl.closeObserver(ClientCallImpl.java:459)
	at org.apache.ratis.thirdparty.io.grpc.internal.ClientCallImpl.access$300(ClientCallImpl.java:63)
	at org.apache.ratis.thirdparty.io.grpc.internal.ClientCallImpl$ClientStreamListenerImpl.close(ClientCallImpl.java:546)
	at org.apache.ratis.thirdparty.io.grpc.internal.ClientCallImpl$ClientStreamListenerImpl.access$600(ClientCallImpl.java:467)
	at org.apache.ratis.thirdparty.io.grpc.internal.ClientCallImpl$ClientStreamListenerImpl$1StreamClosed.runInContext(ClientCallImpl.java:584)
	at org.apache.ratis.thirdparty.io.grpc.internal.ContextRunnable.run(ContextRunnable.java:37)
	at org.apache.ratis.thirdparty.io.grpc.internal.SerializingExecutor.run(SerializingExecutor.java:123)
	at java.util.concurrent.ThreadPoolExecutor.runWorker(ThreadPoolExecutor.java:1149)
	at java.util.concurrent.ThreadPoolExecutor$Worker.run(ThreadPoolExecutor.java:624)
	at java.lang.Thread.run(Thread.java:748)

]]></system-err>
  </testcase>
</testsuite>