<?xml version="1.0" encoding="UTF-8"?>
<testsuite xmlns:xsi="http://www.w3.org/2001/XMLSchema-instance" xsi:noNamespaceSchemaLocation="https://maven.apache.org/surefire/maven-surefire-plugin/xsd/surefire-test-report.xsd" name="org.apache.hadoop.ozone.TestStorageContainerManager" time="242.733" tests="9" errors="1" skipped="0" failures="0">
  <properties>
    <property name="awt.toolkit" value="sun.awt.X11.XToolkit"/>
    <property name="file.encoding.pkg" value="sun.io"/>
    <property name="java.specification.version" value="1.8"/>
    <property name="sun.cpu.isalist" value=""/>
    <property name="sun.jnu.encoding" value="ANSI_X3.4-1968"/>
    <property name="java.class.path" value="/workdir/hadoop-ozone/integration-test/target/test-classes:/workdir/hadoop-ozone/integration-test/target/classes:/home/user/.m2/repository/org/apache/hadoop/hadoop-ozone-common/0.5.0-SNAPSHOT/hadoop-ozone-common-0.5.0-SNAPSHOT.jar:/home/user/.m2/repository/org/apache/commons/commons-compress/1.4.1/commons-compress-1.4.1.jar:/home/user/.m2/repository/org/tukaani/xz/1.0/xz-1.0.jar:/home/user/.m2/repository/org/apache/hadoop/hadoop-common/3.2.0/hadoop-common-3.2.0.jar:/home/user/.m2/repository/org/apache/hadoop/hadoop-hdfs/3.2.0/hadoop-hdfs-3.2.0.jar:/home/user/.m2/repository/org/apache/hadoop/hadoop-hdfs-client/3.2.0/hadoop-hdfs-client-3.2.0.jar:/home/user/.m2/repository/com/fasterxml/jackson/core/jackson-annotations/2.9.9/jackson-annotations-2.9.9.jar:/home/user/.m2/repository/org/apache/hadoop/hadoop-hdds-common/0.5.0-SNAPSHOT/hadoop-hdds-common-0.5.0-SNAPSHOT.jar:/home/user/.m2/repository/javax/annotation/javax.annotation-api/1.2/javax.annotation-api-1.2.jar:/home/user/.m2/repository/org/apache/ratis/ratis-server/0.5.0-3f446aa-SNAPSHOT/ratis-server-0.5.0-3f446aa-SNAPSHOT.jar:/home/user/.m2/repository/org/apache/ratis/ratis-thirdparty-misc/0.2.0/ratis-thirdparty-misc-0.2.0.jar:/home/user/.m2/repository/org/apache/ratis/ratis-proto/0.5.0-3f446aa-SNAPSHOT/ratis-proto-0.5.0-3f446aa-SNAPSHOT.jar:/home/user/.m2/repository/org/apache/ratis/ratis-common/0.5.0-3f446aa-SNAPSHOT/ratis-common-0.5.0-3f446aa-SNAPSHOT.jar:/home/user/.m2/repository/org/apache/ratis/ratis-client/0.5.0-3f446aa-SNAPSHOT/ratis-client-0.5.0-3f446aa-SNAPSHOT.jar:/home/user/.m2/repository/org/apache/ratis/ratis-metrics/0.5.0-3f446aa-SNAPSHOT/ratis-metrics-0.5.0-3f446aa-SNAPSHOT.jar:/home/user/.m2/repository/com/github/joshelser/dropwizard-metrics-hadoop-metrics2-reporter/0.1.2/dropwizard-metrics-hadoop-metrics2-reporter-0.1.2.jar:/home/user/.m2/repository/io/dropwizard/metrics/metrics-jvm/3.2.5/metrics-jvm-3.2.5.jar:/home/user/.m2/repository/io/dropwizard/metrics/metrics-ganglia/3.2.5/metrics-ganglia-3.2.5.jar:/home/user/.m2/repository/info/ganglia/gmetric4j/gmetric4j/1.0.7/gmetric4j-1.0.7.jar:/home/user/.m2/repository/org/apache/ratis/ratis-netty/0.5.0-3f446aa-SNAPSHOT/ratis-netty-0.5.0-3f446aa-SNAPSHOT.jar:/home/user/.m2/repository/org/apache/ratis/ratis-grpc/0.5.0-3f446aa-SNAPSHOT/ratis-grpc-0.5.0-3f446aa-SNAPSHOT.jar:/home/user/.m2/repository/org/rocksdb/rocksdbjni/6.0.1/rocksdbjni-6.0.1.jar:/home/user/.m2/repository/org/apache/logging/log4j/log4j-api/2.11.0/log4j-api-2.11.0.jar:/home/user/.m2/repository/org/apache/logging/log4j/log4j-core/2.11.0/log4j-core-2.11.0.jar:/home/user/.m2/repository/com/lmax/disruptor/3.4.2/disruptor-3.4.2.jar:/home/user/.m2/repository/org/apache/commons/commons-pool2/2.6.0/commons-pool2-2.6.0.jar:/home/user/.m2/repository/org/bouncycastle/bcpkix-jdk15on/1.60/bcpkix-jdk15on-1.60.jar:/home/user/.m2/repository/commons-validator/commons-validator/1.6/commons-validator-1.6.jar:/home/user/.m2/repository/commons-digester/commons-digester/1.8.1/commons-digester-1.8.1.jar:/home/user/.m2/repository/io/jaegertracing/jaeger-client/0.34.0/jaeger-client-0.34.0.jar:/home/user/.m2/repository/io/jaegertracing/jaeger-thrift/0.34.0/jaeger-thrift-0.34.0.jar:/home/user/.m2/repository/org/apache/thrift/libthrift/0.12.0/libthrift-0.12.0.jar:/home/user/.m2/repository/com/squareup/okhttp3/okhttp/3.9.0/okhttp-3.9.0.jar:/home/user/.m2/repository/com/squareup/okio/okio/1.13.0/okio-1.13.0.jar:/home/user/.m2/repository/io/jaegertracing/jaeger-core/0.34.0/jaeger-core-0.34.0.jar:/home/user/.m2/repository/io/jaegertracing/jaeger-tracerresolver/0.34.0/jaeger-tracerresolver-0.34.0.jar:/home/user/.m2/repository/io/opentracing/contrib/opentracing-tracerresolver/0.1.5/opentracing-tracerresolver-0.1.5.jar:/home/user/.m2/repository/io/opentracing/opentracing-util/0.31.0/opentracing-util-0.31.0.jar:/home/user/.m2/repository/io/opentracing/opentracing-api/0.31.0/opentracing-api-0.31.0.jar:/home/user/.m2/repository/io/opentracing/opentracing-noop/0.31.0/opentracing-noop-0.31.0.jar:/home/user/.m2/repository/org/apache/hadoop/hadoop-hdds-server-framework/0.5.0-SNAPSHOT/hadoop-hdds-server-framework-0.5.0-SNAPSHOT.jar:/home/user/.m2/repository/org/apache/hadoop/hadoop-hdds-container-service/0.5.0-SNAPSHOT/hadoop-hdds-container-service-0.5.0-SNAPSHOT.jar:/home/user/.m2/repository/org/apache/hadoop/hadoop-hdds-client/0.5.0-SNAPSHOT/hadoop-hdds-client-0.5.0-SNAPSHOT.jar:/home/user/.m2/repository/org/apache/hadoop/hadoop-hdds-tools/0.5.0-SNAPSHOT/hadoop-hdds-tools-0.5.0-SNAPSHOT.jar:/home/user/.m2/repository/org/apache/hadoop/hadoop-hdds-server-scm/0.5.0-SNAPSHOT/hadoop-hdds-server-scm-0.5.0-SNAPSHOT.jar:/home/user/.m2/repository/org/apache/hadoop/hadoop-hdds-docs/0.5.0-SNAPSHOT/hadoop-hdds-docs-0.5.0-SNAPSHOT.jar:/home/user/.m2/repository/io/dropwizard/metrics/metrics-core/3.2.4/metrics-core-3.2.4.jar:/home/user/.m2/repository/org/hamcrest/hamcrest-all/1.3/hamcrest-all-1.3.jar:/home/user/.m2/repository/org/bouncycastle/bcprov-jdk15on/1.60/bcprov-jdk15on-1.60.jar:/home/user/.m2/repository/info/picocli/picocli/3.9.6/picocli-3.9.6.jar:/home/user/.m2/repository/com/google/protobuf/protobuf-java/2.5.0/protobuf-java-2.5.0.jar:/home/user/.m2/repository/com/google/guava/guava/11.0.2/guava-11.0.2.jar:/home/user/.m2/repository/org/apache/hadoop/hadoop-ozone-ozone-manager/0.5.0-SNAPSHOT/hadoop-ozone-ozone-manager-0.5.0-SNAPSHOT.jar:/home/user/.m2/repository/org/apache/hadoop/hadoop-minikdc/3.2.0/hadoop-minikdc-3.2.0.jar:/home/user/.m2/repository/commons-io/commons-io/2.5/commons-io-2.5.jar:/home/user/.m2/repository/org/apache/kerby/kerb-simplekdc/1.0.1/kerb-simplekdc-1.0.1.jar:/home/user/.m2/repository/org/apache/kerby/kerb-client/1.0.1/kerb-client-1.0.1.jar:/home/user/.m2/repository/org/apache/kerby/kerby-config/1.0.1/kerby-config-1.0.1.jar:/home/user/.m2/repository/org/apache/kerby/kerb-core/1.0.1/kerb-core-1.0.1.jar:/home/user/.m2/repository/org/apache/kerby/kerby-pkix/1.0.1/kerby-pkix-1.0.1.jar:/home/user/.m2/repository/org/apache/kerby/kerby-asn1/1.0.1/kerby-asn1-1.0.1.jar:/home/user/.m2/repository/org/apache/kerby/kerby-util/1.0.1/kerby-util-1.0.1.jar:/home/user/.m2/repository/org/apache/kerby/kerb-common/1.0.1/kerb-common-1.0.1.jar:/home/user/.m2/repository/org/apache/kerby/kerb-crypto/1.0.1/kerb-crypto-1.0.1.jar:/home/user/.m2/repository/org/apache/kerby/kerb-util/1.0.1/kerb-util-1.0.1.jar:/home/user/.m2/repository/org/apache/kerby/token-provider/1.0.1/token-provider-1.0.1.jar:/home/user/.m2/repository/org/apache/kerby/kerb-admin/1.0.1/kerb-admin-1.0.1.jar:/home/user/.m2/repository/org/apache/kerby/kerb-server/1.0.1/kerb-server-1.0.1.jar:/home/user/.m2/repository/org/apache/kerby/kerb-identity/1.0.1/kerb-identity-1.0.1.jar:/home/user/.m2/repository/org/apache/kerby/kerby-xdr/1.0.1/kerby-xdr-1.0.1.jar:/home/user/.m2/repository/org/slf4j/slf4j-log4j12/1.7.25/slf4j-log4j12-1.7.25.jar:/home/user/.m2/repository/org/apache/hadoop/hadoop-ozone-s3gateway/0.5.0-SNAPSHOT/hadoop-ozone-s3gateway-0.5.0-SNAPSHOT.jar:/home/user/.m2/repository/org/jboss/weld/servlet/weld-servlet/2.4.7.Final/weld-servlet-2.4.7.Final.jar:/home/user/.m2/repository/org/glassfish/jersey/containers/jersey-container-servlet-core/2.27/jersey-container-servlet-core-2.27.jar:/home/user/.m2/repository/org/glassfish/hk2/external/javax.inject/2.5.0-b42/javax.inject-2.5.0-b42.jar:/home/user/.m2/repository/org/glassfish/jersey/core/jersey-common/2.27/jersey-common-2.27.jar:/home/user/.m2/repository/org/glassfish/hk2/osgi-resource-locator/1.0.1/osgi-resource-locator-1.0.1.jar:/home/user/.m2/repository/javax/ws/rs/javax.ws.rs-api/2.1/javax.ws.rs-api-2.1.jar:/home/user/.m2/repository/org/glassfish/jersey/ext/cdi/jersey-cdi1x/2.27/jersey-cdi1x-2.27.jar:/home/user/.m2/repository/org/glassfish/jersey/inject/jersey-hk2/2.27/jersey-hk2-2.27.jar:/home/user/.m2/repository/org/glassfish/hk2/hk2-locator/2.5.0-b42/hk2-locator-2.5.0-b42.jar:/home/user/.m2/repository/org/javassist/javassist/3.22.0-CR2/javassist-3.22.0-CR2.jar:/home/user/.m2/repository/org/glassfish/hk2/hk2-api/2.5.0/hk2-api-2.5.0.jar:/home/user/.m2/repository/org/glassfish/hk2/external/jakarta.inject/2.5.0/jakarta.inject-2.5.0.jar:/home/user/.m2/repository/org/glassfish/hk2/hk2-utils/2.5.0/hk2-utils-2.5.0.jar:/home/user/.m2/repository/jakarta/annotation/jakarta.annotation-api/1.3.4/jakarta.annotation-api-1.3.4.jar:/home/user/.m2/repository/org/glassfish/hk2/external/aopalliance-repackaged/2.5.0/aopalliance-repackaged-2.5.0.jar:/home/user/.m2/repository/com/fasterxml/jackson/dataformat/jackson-dataformat-xml/2.9.0/jackson-dataformat-xml-2.9.0.jar:/home/user/.m2/repository/com/fasterxml/jackson/core/jackson-core/2.9.9/jackson-core-2.9.9.jar:/home/user/.m2/repository/com/fasterxml/jackson/module/jackson-module-jaxb-annotations/2.9.9/jackson-module-jaxb-annotations-2.9.9.jar:/home/user/.m2/repository/javax/enterprise/cdi-api/1.2/cdi-api-1.2.jar:/home/user/.m2/repository/javax/el/javax.el-api/3.0.0/javax.el-api-3.0.0.jar:/home/user/.m2/repository/javax/interceptor/javax.interceptor-api/1.2/javax.interceptor-api-1.2.jar:/home/user/.m2/repository/javax/inject/javax.inject/1/javax.inject-1.jar:/home/user/.m2/repository/com/sun/xml/bind/jaxb-impl/2.3.0.1/jaxb-impl-2.3.0.1.jar:/home/user/.m2/repository/com/sun/xml/bind/jaxb-core/2.3.0.1/jaxb-core-2.3.0.1.jar:/home/user/.m2/repository/javax/xml/bind/jaxb-api/2.3.0/jaxb-api-2.3.0.jar:/home/user/.m2/repository/javax/activation/activation/1.1.1/activation-1.1.1.jar:/home/user/.m2/repository/org/apache/hadoop/hadoop-ozone-csi/0.5.0-SNAPSHOT/hadoop-ozone-csi-0.5.0-SNAPSHOT.jar:/home/user/.m2/repository/com/google/protobuf/protobuf-java-util/3.5.1/protobuf-java-util-3.5.1.jar:/home/user/.m2/repository/org/apache/hadoop/hadoop-hdds-config/0.5.0-SNAPSHOT/hadoop-hdds-config-0.5.0-SNAPSHOT.jar:/home/user/.m2/repository/io/grpc/grpc-netty/1.17.1/grpc-netty-1.17.1.jar:/home/user/.m2/repository/io/grpc/grpc-core/1.17.1/grpc-core-1.17.1.jar:/home/user/.m2/repository/io/grpc/grpc-context/1.17.1/grpc-context-1.17.1.jar:/home/user/.m2/repository/com/google/errorprone/error_prone_annotations/2.2.0/error_prone_annotations-2.2.0.jar:/home/user/.m2/repository/org/codehaus/mojo/animal-sniffer-annotations/1.17/animal-sniffer-annotations-1.17.jar:/home/user/.m2/repository/io/opencensus/opencensus-api/0.17.0/opencensus-api-0.17.0.jar:/home/user/.m2/repository/io/opencensus/opencensus-contrib-grpc-metrics/0.17.0/opencensus-contrib-grpc-metrics-0.17.0.jar:/home/user/.m2/repository/io/netty/netty-codec-http2/4.1.30.Final/netty-codec-http2-4.1.30.Final.jar:/home/user/.m2/repository/io/netty/netty-codec-http/4.1.30.Final/netty-codec-http-4.1.30.Final.jar:/home/user/.m2/repository/io/netty/netty-codec/4.1.30.Final/netty-codec-4.1.30.Final.jar:/home/user/.m2/repository/io/netty/netty-handler/4.1.30.Final/netty-handler-4.1.30.Final.jar:/home/user/.m2/repository/io/netty/netty-handler-proxy/4.1.30.Final/netty-handler-proxy-4.1.30.Final.jar:/home/user/.m2/repository/io/netty/netty-codec-socks/4.1.30.Final/netty-codec-socks-4.1.30.Final.jar:/home/user/.m2/repository/io/netty/netty-transport-native-epoll/4.1.30.Final/netty-transport-native-epoll-4.1.30.Final.jar:/home/user/.m2/repository/io/netty/netty-common/4.1.30.Final/netty-common-4.1.30.Final.jar:/home/user/.m2/repository/io/netty/netty-buffer/4.1.30.Final/netty-buffer-4.1.30.Final.jar:/home/user/.m2/repository/io/netty/netty-transport/4.1.30.Final/netty-transport-4.1.30.Final.jar:/home/user/.m2/repository/io/netty/netty-resolver/4.1.30.Final/netty-resolver-4.1.30.Final.jar:/home/user/.m2/repository/io/netty/netty-transport-native-unix-common/4.1.30.Final/netty-transport-native-unix-common-4.1.30.Final.jar:/home/user/.m2/repository/io/grpc/grpc-protobuf/1.17.1/grpc-protobuf-1.17.1.jar:/home/user/.m2/repository/com/google/api/grpc/proto-google-common-protos/1.0.0/proto-google-common-protos-1.0.0.jar:/home/user/.m2/repository/io/grpc/grpc-protobuf-lite/1.17.1/grpc-protobuf-lite-1.17.1.jar:/home/user/.m2/repository/io/grpc/grpc-stub/1.17.1/grpc-stub-1.17.1.jar:/home/user/.m2/repository/org/apache/hadoop/hadoop-ozone-recon/0.5.0-SNAPSHOT/hadoop-ozone-recon-0.5.0-SNAPSHOT.jar:/home/user/.m2/repository/org/apache/hadoop/hadoop-ozone-reconcodegen/0.5.0-SNAPSHOT/hadoop-ozone-reconcodegen-0.5.0-SNAPSHOT.jar:/home/user/.m2/repository/com/google/inject/extensions/guice-multibindings/4.0/guice-multibindings-4.0.jar:/home/user/.m2/repository/com/google/inject/guice/4.0/guice-4.0.jar:/home/user/.m2/repository/aopalliance/aopalliance/1.0/aopalliance-1.0.jar:/home/user/.m2/repository/com/google/inject/extensions/guice-servlet/4.0/guice-servlet-4.0.jar:/home/user/.m2/repository/org/glassfish/jersey/containers/jersey-container-servlet/2.27/jersey-container-servlet-2.27.jar:/home/user/.m2/repository/org/glassfish/hk2/guice-bridge/2.5.0/guice-bridge-2.5.0.jar:/home/user/.m2/repository/org/glassfish/jersey/core/jersey-server/2.27/jersey-server-2.27.jar:/home/user/.m2/repository/org/glassfish/jersey/core/jersey-client/2.27/jersey-client-2.27.jar:/home/user/.m2/repository/org/glassfish/jersey/media/jersey-media-jaxb/2.27/jersey-media-jaxb-2.27.jar:/home/user/.m2/repository/javax/validation/validation-api/1.1.0.Final/validation-api-1.1.0.Final.jar:/home/user/.m2/repository/org/glassfish/jersey/media/jersey-media-json-jackson/2.27/jersey-media-json-jackson-2.27.jar:/home/user/.m2/repository/org/glassfish/jersey/ext/jersey-entity-filtering/2.27/jersey-entity-filtering-2.27.jar:/home/user/.m2/repository/com/google/inject/extensions/guice-assistedinject/4.0/guice-assistedinject-4.0.jar:/home/user/.m2/repository/org/jooq/jooq/3.11.10/jooq-3.11.10.jar:/home/user/.m2/repository/org/jooq/jooq-meta/3.11.10/jooq-meta-3.11.10.jar:/home/user/.m2/repository/org/jooq/jooq-codegen/3.11.10/jooq-codegen-3.11.10.jar:/home/user/.m2/repository/com/jolbox/bonecp/0.8.0.RELEASE/bonecp-0.8.0.RELEASE.jar:/home/user/.m2/repository/org/xerial/sqlite-jdbc/3.25.2/sqlite-jdbc-3.25.2.jar:/home/user/.m2/repository/org/springframework/spring-jdbc/5.1.3.RELEASE/spring-jdbc-5.1.3.RELEASE.jar:/home/user/.m2/repository/org/springframework/spring-beans/5.1.3.RELEASE/spring-beans-5.1.3.RELEASE.jar:/home/user/.m2/repository/org/springframework/spring-core/5.1.3.RELEASE/spring-core-5.1.3.RELEASE.jar:/home/user/.m2/repository/org/springframework/spring-jcl/5.1.3.RELEASE/spring-jcl-5.1.3.RELEASE.jar:/home/user/.m2/repository/org/springframework/spring-tx/5.1.3.RELEASE/spring-tx-5.1.3.RELEASE.jar:/home/user/.m2/repository/org/apache/hadoop/hadoop-ozone-client/0.5.0-SNAPSHOT/hadoop-ozone-client-0.5.0-SNAPSHOT.jar:/home/user/.m2/repository/commons-lang/commons-lang/2.6/commons-lang-2.6.jar:/home/user/.m2/repository/org/apache/hadoop/hadoop-ozone-ozone-manager/0.5.0-SNAPSHOT/hadoop-ozone-ozone-manager-0.5.0-SNAPSHOT-tests.jar:/home/user/.m2/repository/junit/junit/4.11/junit-4.11.jar:/home/user/.m2/repository/org/hamcrest/hamcrest-core/1.3/hamcrest-core-1.3.jar:/home/user/.m2/repository/org/openjdk/jmh/jmh-core/1.19/jmh-core-1.19.jar:/home/user/.m2/repository/net/sf/jopt-simple/jopt-simple/4.6/jopt-simple-4.6.jar:/home/user/.m2/repository/org/apache/commons/commons-math3/3.1.1/commons-math3-3.1.1.jar:/home/user/.m2/repository/org/openjdk/jmh/jmh-generator-annprocess/1.19/jmh-generator-annprocess-1.19.jar:/home/user/.m2/repository/org/mockito/mockito-all/1.8.5/mockito-all-1.8.5.jar:/home/user/.m2/repository/org/apache/hadoop/hadoop-kms/3.2.0/hadoop-kms-3.2.0.jar:/home/user/.m2/repository/org/apache/hadoop/hadoop-auth/3.2.0/hadoop-auth-3.2.0.jar:/home/user/.m2/repository/com/nimbusds/nimbus-jose-jwt/4.41.1/nimbus-jose-jwt-4.41.1.jar:/home/user/.m2/repository/com/github/stephenc/jcip/jcip-annotations/1.0-1/jcip-annotations-1.0-1.jar:/home/user/.m2/repository/net/minidev/json-smart/2.3/json-smart-2.3.jar:/home/user/.m2/repository/net/minidev/accessors-smart/1.2/accessors-smart-1.2.jar:/home/user/.m2/repository/org/ow2/asm/asm/5.0.4/asm-5.0.4.jar:/home/user/.m2/repository/org/apache/curator/curator-framework/2.12.0/curator-framework-2.12.0.jar:/home/user/.m2/repository/com/sun/jersey/jersey-core/1.19/jersey-core-1.19.jar:/home/user/.m2/repository/javax/ws/rs/jsr311-api/1.1.1/jsr311-api-1.1.1.jar:/home/user/.m2/repository/com/sun/jersey/jersey-server/1.19/jersey-server-1.19.jar:/home/user/.m2/repository/javax/servlet/javax.servlet-api/3.1.0/javax.servlet-api-3.1.0.jar:/home/user/.m2/repository/org/eclipse/jetty/jetty-server/9.3.25.v20180904/jetty-server-9.3.25.v20180904.jar:/home/user/.m2/repository/org/eclipse/jetty/jetty-http/9.3.25.v20180904/jetty-http-9.3.25.v20180904.jar:/home/user/.m2/repository/org/eclipse/jetty/jetty-io/9.3.25.v20180904/jetty-io-9.3.25.v20180904.jar:/home/user/.m2/repository/org/eclipse/jetty/jetty-webapp/9.3.25.v20180904/jetty-webapp-9.3.25.v20180904.jar:/home/user/.m2/repository/org/eclipse/jetty/jetty-xml/9.3.25.v20180904/jetty-xml-9.3.25.v20180904.jar:/home/user/.m2/repository/log4j/log4j/1.2.17/log4j-1.2.17.jar:/home/user/.m2/repository/org/slf4j/slf4j-api/1.7.25/slf4j-api-1.7.25.jar:/home/user/.m2/repository/org/slf4j/jul-to-slf4j/1.7.25/jul-to-slf4j-1.7.25.jar:/home/user/.m2/repository/org/eclipse/jetty/jetty-util/9.3.25.v20180904/jetty-util-9.3.25.v20180904.jar:/home/user/.m2/repository/com/fasterxml/jackson/core/jackson-databind/2.9.9/jackson-databind-2.9.9.jar:/home/user/.m2/repository/org/apache/hadoop/hadoop-kms/3.2.0/hadoop-kms-3.2.0-tests.jar:/home/user/.m2/repository/org/apache/hadoop/hadoop-hdds-server-scm/0.5.0-SNAPSHOT/hadoop-hdds-server-scm-0.5.0-SNAPSHOT-tests.jar:/home/user/.m2/repository/org/apache/hadoop/hadoop-hdds-container-service/0.5.0-SNAPSHOT/hadoop-hdds-container-service-0.5.0-SNAPSHOT-tests.jar:/home/user/.m2/repository/org/yaml/snakeyaml/1.16/snakeyaml-1.16.jar:/home/user/.m2/repository/org/apache/hadoop/hadoop-common/3.2.0/hadoop-common-3.2.0-tests.jar:/home/user/.m2/repository/org/apache/hadoop/hadoop-annotations/3.2.0/hadoop-annotations-3.2.0.jar:/usr/lib/jvm/java-1.8.0-openjdk-1.8.0.222.b10-1.el7_7.x86_64/jre/../lib/tools.jar:/home/user/.m2/repository/commons-cli/commons-cli/1.2/commons-cli-1.2.jar:/home/user/.m2/repository/org/apache/httpcomponents/httpclient/4.5.2/httpclient-4.5.2.jar:/home/user/.m2/repository/org/apache/httpcomponents/httpcore/4.4.4/httpcore-4.4.4.jar:/home/user/.m2/repository/commons-codec/commons-codec/1.11/commons-codec-1.11.jar:/home/user/.m2/repository/commons-net/commons-net/3.6/commons-net-3.6.jar:/home/user/.m2/repository/commons-collections/commons-collections/3.2.2/commons-collections-3.2.2.jar:/home/user/.m2/repository/org/eclipse/jetty/jetty-servlet/9.3.25.v20180904/jetty-servlet-9.3.25.v20180904.jar:/home/user/.m2/repository/org/eclipse/jetty/jetty-security/9.3.25.v20180904/jetty-security-9.3.25.v20180904.jar:/home/user/.m2/repository/javax/servlet/jsp/jsp-api/2.1/jsp-api-2.1.jar:/home/user/.m2/repository/com/sun/jersey/jersey-servlet/1.19/jersey-servlet-1.19.jar:/home/user/.m2/repository/com/sun/jersey/jersey-json/1.19/jersey-json-1.19.jar:/home/user/.m2/repository/org/codehaus/jettison/jettison/1.1/jettison-1.1.jar:/home/user/.m2/repository/org/codehaus/jackson/jackson-core-asl/1.9.13/jackson-core-asl-1.9.13.jar:/home/user/.m2/repository/org/codehaus/jackson/jackson-mapper-asl/1.9.13/jackson-mapper-asl-1.9.13.jar:/home/user/.m2/repository/org/codehaus/jackson/jackson-jaxrs/1.9.13/jackson-jaxrs-1.9.13.jar:/home/user/.m2/repository/org/codehaus/jackson/jackson-xc/1.9.13/jackson-xc-1.9.13.jar:/home/user/.m2/repository/commons-logging/commons-logging/1.1.3/commons-logging-1.1.3.jar:/home/user/.m2/repository/commons-beanutils/commons-beanutils/1.9.4/commons-beanutils-1.9.4.jar:/home/user/.m2/repository/org/apache/commons/commons-configuration2/2.1.1/commons-configuration2-2.1.1.jar:/home/user/.m2/repository/org/apache/commons/commons-lang3/3.7/commons-lang3-3.7.jar:/home/user/.m2/repository/org/apache/commons/commons-text/1.4/commons-text-1.4.jar:/home/user/.m2/repository/org/apache/avro/avro/1.7.7/avro-1.7.7.jar:/home/user/.m2/repository/com/thoughtworks/paranamer/paranamer/2.3/paranamer-2.3.jar:/home/user/.m2/repository/org/xerial/snappy/snappy-java/1.0.5/snappy-java-1.0.5.jar:/home/user/.m2/repository/com/google/re2j/re2j/1.1/re2j-1.1.jar:/home/user/.m2/repository/com/google/code/gson/gson/2.2.4/gson-2.2.4.jar:/home/user/.m2/repository/com/jcraft/jsch/0.1.54/jsch-0.1.54.jar:/home/user/.m2/repository/org/apache/curator/curator-client/2.12.0/curator-client-2.12.0.jar:/home/user/.m2/repository/org/apache/curator/curator-recipes/2.12.0/curator-recipes-2.12.0.jar:/home/user/.m2/repository/com/google/code/findbugs/jsr305/3.0.0/jsr305-3.0.0.jar:/home/user/.m2/repository/org/apache/htrace/htrace-core4/4.1.0-incubating/htrace-core4-4.1.0-incubating.jar:/home/user/.m2/repository/org/apache/zookeeper/zookeeper/3.4.13/zookeeper-3.4.13.jar:/home/user/.m2/repository/jline/jline/0.9.94/jline-0.9.94.jar:/home/user/.m2/repository/org/apache/yetus/audience-annotations/0.5.0/audience-annotations-0.5.0.jar:/home/user/.m2/repository/org/codehaus/woodstox/stax2-api/3.1.4/stax2-api-3.1.4.jar:/home/user/.m2/repository/com/fasterxml/woodstox/woodstox-core/5.0.3/woodstox-core-5.0.3.jar:/home/user/.m2/repository/dnsjava/dnsjava/2.1.7/dnsjava-2.1.7.jar:/home/user/.m2/repository/org/apache/hadoop/hadoop-hdfs/3.2.0/hadoop-hdfs-3.2.0-tests.jar:/home/user/.m2/repository/org/eclipse/jetty/jetty-util-ajax/9.3.25.v20180904/jetty-util-ajax-9.3.25.v20180904.jar:/home/user/.m2/repository/commons-daemon/commons-daemon/1.0.13/commons-daemon-1.0.13.jar:/home/user/.m2/repository/io/netty/netty/3.10.5.Final/netty-3.10.5.Final.jar:/home/user/.m2/repository/io/netty/netty-all/4.0.52.Final/netty-all-4.0.52.Final.jar:/home/user/.m2/repository/org/fusesource/leveldbjni/leveldbjni-all/1.8/leveldbjni-all-1.8.jar:"/>
    <property name="java.vm.vendor" value="Oracle Corporation"/>
    <property name="sun.arch.data.model" value="64"/>
    <property name="test.build.dir" value="/workdir/hadoop-ozone/integration-test/target/test-dir"/>
    <property name="test.cache.data" value=""/>
    <property name="java.vendor.url" value="http://java.oracle.com/"/>
    <property name="user.timezone" value=""/>
    <property name="java.vm.specification.version" value="1.8"/>
    <property name="os.name" value="Linux"/>
    <property name="test.build.data" value="/workdir/hadoop-ozone/integration-test/target/test-dir"/>
    <property name="user.country" value="US"/>
    <property name="sun.java.launcher" value="SUN_STANDARD"/>
    <property name="sun.boot.library.path" value="/usr/lib/jvm/java-1.8.0-openjdk-1.8.0.222.b10-1.el7_7.x86_64/jre/lib/amd64"/>
    <property name="sun.java.command" value="/workdir/hadoop-ozone/integration-test/target/surefire/surefirebooter3909412361959029857.jar /workdir/hadoop-ozone/integration-test/target/surefire 2019-10-17T06-25-58_183-jvmRun1 surefire1637446788575780961tmp surefire_32978666383665787041tmp"/>
    <property name="surefire.test.class.path" value="/workdir/hadoop-ozone/integration-test/target/test-classes:/workdir/hadoop-ozone/integration-test/target/classes:/home/user/.m2/repository/org/apache/hadoop/hadoop-ozone-common/0.5.0-SNAPSHOT/hadoop-ozone-common-0.5.0-SNAPSHOT.jar:/home/user/.m2/repository/org/apache/commons/commons-compress/1.4.1/commons-compress-1.4.1.jar:/home/user/.m2/repository/org/tukaani/xz/1.0/xz-1.0.jar:/home/user/.m2/repository/org/apache/hadoop/hadoop-common/3.2.0/hadoop-common-3.2.0.jar:/home/user/.m2/repository/org/apache/hadoop/hadoop-hdfs/3.2.0/hadoop-hdfs-3.2.0.jar:/home/user/.m2/repository/org/apache/hadoop/hadoop-hdfs-client/3.2.0/hadoop-hdfs-client-3.2.0.jar:/home/user/.m2/repository/com/fasterxml/jackson/core/jackson-annotations/2.9.9/jackson-annotations-2.9.9.jar:/home/user/.m2/repository/org/apache/hadoop/hadoop-hdds-common/0.5.0-SNAPSHOT/hadoop-hdds-common-0.5.0-SNAPSHOT.jar:/home/user/.m2/repository/javax/annotation/javax.annotation-api/1.2/javax.annotation-api-1.2.jar:/home/user/.m2/repository/org/apache/ratis/ratis-server/0.5.0-3f446aa-SNAPSHOT/ratis-server-0.5.0-3f446aa-SNAPSHOT.jar:/home/user/.m2/repository/org/apache/ratis/ratis-thirdparty-misc/0.2.0/ratis-thirdparty-misc-0.2.0.jar:/home/user/.m2/repository/org/apache/ratis/ratis-proto/0.5.0-3f446aa-SNAPSHOT/ratis-proto-0.5.0-3f446aa-SNAPSHOT.jar:/home/user/.m2/repository/org/apache/ratis/ratis-common/0.5.0-3f446aa-SNAPSHOT/ratis-common-0.5.0-3f446aa-SNAPSHOT.jar:/home/user/.m2/repository/org/apache/ratis/ratis-client/0.5.0-3f446aa-SNAPSHOT/ratis-client-0.5.0-3f446aa-SNAPSHOT.jar:/home/user/.m2/repository/org/apache/ratis/ratis-metrics/0.5.0-3f446aa-SNAPSHOT/ratis-metrics-0.5.0-3f446aa-SNAPSHOT.jar:/home/user/.m2/repository/com/github/joshelser/dropwizard-metrics-hadoop-metrics2-reporter/0.1.2/dropwizard-metrics-hadoop-metrics2-reporter-0.1.2.jar:/home/user/.m2/repository/io/dropwizard/metrics/metrics-jvm/3.2.5/metrics-jvm-3.2.5.jar:/home/user/.m2/repository/io/dropwizard/metrics/metrics-ganglia/3.2.5/metrics-ganglia-3.2.5.jar:/home/user/.m2/repository/info/ganglia/gmetric4j/gmetric4j/1.0.7/gmetric4j-1.0.7.jar:/home/user/.m2/repository/org/apache/ratis/ratis-netty/0.5.0-3f446aa-SNAPSHOT/ratis-netty-0.5.0-3f446aa-SNAPSHOT.jar:/home/user/.m2/repository/org/apache/ratis/ratis-grpc/0.5.0-3f446aa-SNAPSHOT/ratis-grpc-0.5.0-3f446aa-SNAPSHOT.jar:/home/user/.m2/repository/org/rocksdb/rocksdbjni/6.0.1/rocksdbjni-6.0.1.jar:/home/user/.m2/repository/org/apache/logging/log4j/log4j-api/2.11.0/log4j-api-2.11.0.jar:/home/user/.m2/repository/org/apache/logging/log4j/log4j-core/2.11.0/log4j-core-2.11.0.jar:/home/user/.m2/repository/com/lmax/disruptor/3.4.2/disruptor-3.4.2.jar:/home/user/.m2/repository/org/apache/commons/commons-pool2/2.6.0/commons-pool2-2.6.0.jar:/home/user/.m2/repository/org/bouncycastle/bcpkix-jdk15on/1.60/bcpkix-jdk15on-1.60.jar:/home/user/.m2/repository/commons-validator/commons-validator/1.6/commons-validator-1.6.jar:/home/user/.m2/repository/commons-digester/commons-digester/1.8.1/commons-digester-1.8.1.jar:/home/user/.m2/repository/io/jaegertracing/jaeger-client/0.34.0/jaeger-client-0.34.0.jar:/home/user/.m2/repository/io/jaegertracing/jaeger-thrift/0.34.0/jaeger-thrift-0.34.0.jar:/home/user/.m2/repository/org/apache/thrift/libthrift/0.12.0/libthrift-0.12.0.jar:/home/user/.m2/repository/com/squareup/okhttp3/okhttp/3.9.0/okhttp-3.9.0.jar:/home/user/.m2/repository/com/squareup/okio/okio/1.13.0/okio-1.13.0.jar:/home/user/.m2/repository/io/jaegertracing/jaeger-core/0.34.0/jaeger-core-0.34.0.jar:/home/user/.m2/repository/io/jaegertracing/jaeger-tracerresolver/0.34.0/jaeger-tracerresolver-0.34.0.jar:/home/user/.m2/repository/io/opentracing/contrib/opentracing-tracerresolver/0.1.5/opentracing-tracerresolver-0.1.5.jar:/home/user/.m2/repository/io/opentracing/opentracing-util/0.31.0/opentracing-util-0.31.0.jar:/home/user/.m2/repository/io/opentracing/opentracing-api/0.31.0/opentracing-api-0.31.0.jar:/home/user/.m2/repository/io/opentracing/opentracing-noop/0.31.0/opentracing-noop-0.31.0.jar:/home/user/.m2/repository/org/apache/hadoop/hadoop-hdds-server-framework/0.5.0-SNAPSHOT/hadoop-hdds-server-framework-0.5.0-SNAPSHOT.jar:/home/user/.m2/repository/org/apache/hadoop/hadoop-hdds-container-service/0.5.0-SNAPSHOT/hadoop-hdds-container-service-0.5.0-SNAPSHOT.jar:/home/user/.m2/repository/org/apache/hadoop/hadoop-hdds-client/0.5.0-SNAPSHOT/hadoop-hdds-client-0.5.0-SNAPSHOT.jar:/home/user/.m2/repository/org/apache/hadoop/hadoop-hdds-tools/0.5.0-SNAPSHOT/hadoop-hdds-tools-0.5.0-SNAPSHOT.jar:/home/user/.m2/repository/org/apache/hadoop/hadoop-hdds-server-scm/0.5.0-SNAPSHOT/hadoop-hdds-server-scm-0.5.0-SNAPSHOT.jar:/home/user/.m2/repository/org/apache/hadoop/hadoop-hdds-docs/0.5.0-SNAPSHOT/hadoop-hdds-docs-0.5.0-SNAPSHOT.jar:/home/user/.m2/repository/io/dropwizard/metrics/metrics-core/3.2.4/metrics-core-3.2.4.jar:/home/user/.m2/repository/org/hamcrest/hamcrest-all/1.3/hamcrest-all-1.3.jar:/home/user/.m2/repository/org/bouncycastle/bcprov-jdk15on/1.60/bcprov-jdk15on-1.60.jar:/home/user/.m2/repository/info/picocli/picocli/3.9.6/picocli-3.9.6.jar:/home/user/.m2/repository/com/google/protobuf/protobuf-java/2.5.0/protobuf-java-2.5.0.jar:/home/user/.m2/repository/com/google/guava/guava/11.0.2/guava-11.0.2.jar:/home/user/.m2/repository/org/apache/hadoop/hadoop-ozone-ozone-manager/0.5.0-SNAPSHOT/hadoop-ozone-ozone-manager-0.5.0-SNAPSHOT.jar:/home/user/.m2/repository/org/apache/hadoop/hadoop-minikdc/3.2.0/hadoop-minikdc-3.2.0.jar:/home/user/.m2/repository/commons-io/commons-io/2.5/commons-io-2.5.jar:/home/user/.m2/repository/org/apache/kerby/kerb-simplekdc/1.0.1/kerb-simplekdc-1.0.1.jar:/home/user/.m2/repository/org/apache/kerby/kerb-client/1.0.1/kerb-client-1.0.1.jar:/home/user/.m2/repository/org/apache/kerby/kerby-config/1.0.1/kerby-config-1.0.1.jar:/home/user/.m2/repository/org/apache/kerby/kerb-core/1.0.1/kerb-core-1.0.1.jar:/home/user/.m2/repository/org/apache/kerby/kerby-pkix/1.0.1/kerby-pkix-1.0.1.jar:/home/user/.m2/repository/org/apache/kerby/kerby-asn1/1.0.1/kerby-asn1-1.0.1.jar:/home/user/.m2/repository/org/apache/kerby/kerby-util/1.0.1/kerby-util-1.0.1.jar:/home/user/.m2/repository/org/apache/kerby/kerb-common/1.0.1/kerb-common-1.0.1.jar:/home/user/.m2/repository/org/apache/kerby/kerb-crypto/1.0.1/kerb-crypto-1.0.1.jar:/home/user/.m2/repository/org/apache/kerby/kerb-util/1.0.1/kerb-util-1.0.1.jar:/home/user/.m2/repository/org/apache/kerby/token-provider/1.0.1/token-provider-1.0.1.jar:/home/user/.m2/repository/org/apache/kerby/kerb-admin/1.0.1/kerb-admin-1.0.1.jar:/home/user/.m2/repository/org/apache/kerby/kerb-server/1.0.1/kerb-server-1.0.1.jar:/home/user/.m2/repository/org/apache/kerby/kerb-identity/1.0.1/kerb-identity-1.0.1.jar:/home/user/.m2/repository/org/apache/kerby/kerby-xdr/1.0.1/kerby-xdr-1.0.1.jar:/home/user/.m2/repository/org/slf4j/slf4j-log4j12/1.7.25/slf4j-log4j12-1.7.25.jar:/home/user/.m2/repository/org/apache/hadoop/hadoop-ozone-s3gateway/0.5.0-SNAPSHOT/hadoop-ozone-s3gateway-0.5.0-SNAPSHOT.jar:/home/user/.m2/repository/org/jboss/weld/servlet/weld-servlet/2.4.7.Final/weld-servlet-2.4.7.Final.jar:/home/user/.m2/repository/org/glassfish/jersey/containers/jersey-container-servlet-core/2.27/jersey-container-servlet-core-2.27.jar:/home/user/.m2/repository/org/glassfish/hk2/external/javax.inject/2.5.0-b42/javax.inject-2.5.0-b42.jar:/home/user/.m2/repository/org/glassfish/jersey/core/jersey-common/2.27/jersey-common-2.27.jar:/home/user/.m2/repository/org/glassfish/hk2/osgi-resource-locator/1.0.1/osgi-resource-locator-1.0.1.jar:/home/user/.m2/repository/javax/ws/rs/javax.ws.rs-api/2.1/javax.ws.rs-api-2.1.jar:/home/user/.m2/repository/org/glassfish/jersey/ext/cdi/jersey-cdi1x/2.27/jersey-cdi1x-2.27.jar:/home/user/.m2/repository/org/glassfish/jersey/inject/jersey-hk2/2.27/jersey-hk2-2.27.jar:/home/user/.m2/repository/org/glassfish/hk2/hk2-locator/2.5.0-b42/hk2-locator-2.5.0-b42.jar:/home/user/.m2/repository/org/javassist/javassist/3.22.0-CR2/javassist-3.22.0-CR2.jar:/home/user/.m2/repository/org/glassfish/hk2/hk2-api/2.5.0/hk2-api-2.5.0.jar:/home/user/.m2/repository/org/glassfish/hk2/external/jakarta.inject/2.5.0/jakarta.inject-2.5.0.jar:/home/user/.m2/repository/org/glassfish/hk2/hk2-utils/2.5.0/hk2-utils-2.5.0.jar:/home/user/.m2/repository/jakarta/annotation/jakarta.annotation-api/1.3.4/jakarta.annotation-api-1.3.4.jar:/home/user/.m2/repository/org/glassfish/hk2/external/aopalliance-repackaged/2.5.0/aopalliance-repackaged-2.5.0.jar:/home/user/.m2/repository/com/fasterxml/jackson/dataformat/jackson-dataformat-xml/2.9.0/jackson-dataformat-xml-2.9.0.jar:/home/user/.m2/repository/com/fasterxml/jackson/core/jackson-core/2.9.9/jackson-core-2.9.9.jar:/home/user/.m2/repository/com/fasterxml/jackson/module/jackson-module-jaxb-annotations/2.9.9/jackson-module-jaxb-annotations-2.9.9.jar:/home/user/.m2/repository/javax/enterprise/cdi-api/1.2/cdi-api-1.2.jar:/home/user/.m2/repository/javax/el/javax.el-api/3.0.0/javax.el-api-3.0.0.jar:/home/user/.m2/repository/javax/interceptor/javax.interceptor-api/1.2/javax.interceptor-api-1.2.jar:/home/user/.m2/repository/javax/inject/javax.inject/1/javax.inject-1.jar:/home/user/.m2/repository/com/sun/xml/bind/jaxb-impl/2.3.0.1/jaxb-impl-2.3.0.1.jar:/home/user/.m2/repository/com/sun/xml/bind/jaxb-core/2.3.0.1/jaxb-core-2.3.0.1.jar:/home/user/.m2/repository/javax/xml/bind/jaxb-api/2.3.0/jaxb-api-2.3.0.jar:/home/user/.m2/repository/javax/activation/activation/1.1.1/activation-1.1.1.jar:/home/user/.m2/repository/org/apache/hadoop/hadoop-ozone-csi/0.5.0-SNAPSHOT/hadoop-ozone-csi-0.5.0-SNAPSHOT.jar:/home/user/.m2/repository/com/google/protobuf/protobuf-java-util/3.5.1/protobuf-java-util-3.5.1.jar:/home/user/.m2/repository/org/apache/hadoop/hadoop-hdds-config/0.5.0-SNAPSHOT/hadoop-hdds-config-0.5.0-SNAPSHOT.jar:/home/user/.m2/repository/io/grpc/grpc-netty/1.17.1/grpc-netty-1.17.1.jar:/home/user/.m2/repository/io/grpc/grpc-core/1.17.1/grpc-core-1.17.1.jar:/home/user/.m2/repository/io/grpc/grpc-context/1.17.1/grpc-context-1.17.1.jar:/home/user/.m2/repository/com/google/errorprone/error_prone_annotations/2.2.0/error_prone_annotations-2.2.0.jar:/home/user/.m2/repository/org/codehaus/mojo/animal-sniffer-annotations/1.17/animal-sniffer-annotations-1.17.jar:/home/user/.m2/repository/io/opencensus/opencensus-api/0.17.0/opencensus-api-0.17.0.jar:/home/user/.m2/repository/io/opencensus/opencensus-contrib-grpc-metrics/0.17.0/opencensus-contrib-grpc-metrics-0.17.0.jar:/home/user/.m2/repository/io/netty/netty-codec-http2/4.1.30.Final/netty-codec-http2-4.1.30.Final.jar:/home/user/.m2/repository/io/netty/netty-codec-http/4.1.30.Final/netty-codec-http-4.1.30.Final.jar:/home/user/.m2/repository/io/netty/netty-codec/4.1.30.Final/netty-codec-4.1.30.Final.jar:/home/user/.m2/repository/io/netty/netty-handler/4.1.30.Final/netty-handler-4.1.30.Final.jar:/home/user/.m2/repository/io/netty/netty-handler-proxy/4.1.30.Final/netty-handler-proxy-4.1.30.Final.jar:/home/user/.m2/repository/io/netty/netty-codec-socks/4.1.30.Final/netty-codec-socks-4.1.30.Final.jar:/home/user/.m2/repository/io/netty/netty-transport-native-epoll/4.1.30.Final/netty-transport-native-epoll-4.1.30.Final.jar:/home/user/.m2/repository/io/netty/netty-common/4.1.30.Final/netty-common-4.1.30.Final.jar:/home/user/.m2/repository/io/netty/netty-buffer/4.1.30.Final/netty-buffer-4.1.30.Final.jar:/home/user/.m2/repository/io/netty/netty-transport/4.1.30.Final/netty-transport-4.1.30.Final.jar:/home/user/.m2/repository/io/netty/netty-resolver/4.1.30.Final/netty-resolver-4.1.30.Final.jar:/home/user/.m2/repository/io/netty/netty-transport-native-unix-common/4.1.30.Final/netty-transport-native-unix-common-4.1.30.Final.jar:/home/user/.m2/repository/io/grpc/grpc-protobuf/1.17.1/grpc-protobuf-1.17.1.jar:/home/user/.m2/repository/com/google/api/grpc/proto-google-common-protos/1.0.0/proto-google-common-protos-1.0.0.jar:/home/user/.m2/repository/io/grpc/grpc-protobuf-lite/1.17.1/grpc-protobuf-lite-1.17.1.jar:/home/user/.m2/repository/io/grpc/grpc-stub/1.17.1/grpc-stub-1.17.1.jar:/home/user/.m2/repository/org/apache/hadoop/hadoop-ozone-recon/0.5.0-SNAPSHOT/hadoop-ozone-recon-0.5.0-SNAPSHOT.jar:/home/user/.m2/repository/org/apache/hadoop/hadoop-ozone-reconcodegen/0.5.0-SNAPSHOT/hadoop-ozone-reconcodegen-0.5.0-SNAPSHOT.jar:/home/user/.m2/repository/com/google/inject/extensions/guice-multibindings/4.0/guice-multibindings-4.0.jar:/home/user/.m2/repository/com/google/inject/guice/4.0/guice-4.0.jar:/home/user/.m2/repository/aopalliance/aopalliance/1.0/aopalliance-1.0.jar:/home/user/.m2/repository/com/google/inject/extensions/guice-servlet/4.0/guice-servlet-4.0.jar:/home/user/.m2/repository/org/glassfish/jersey/containers/jersey-container-servlet/2.27/jersey-container-servlet-2.27.jar:/home/user/.m2/repository/org/glassfish/hk2/guice-bridge/2.5.0/guice-bridge-2.5.0.jar:/home/user/.m2/repository/org/glassfish/jersey/core/jersey-server/2.27/jersey-server-2.27.jar:/home/user/.m2/repository/org/glassfish/jersey/core/jersey-client/2.27/jersey-client-2.27.jar:/home/user/.m2/repository/org/glassfish/jersey/media/jersey-media-jaxb/2.27/jersey-media-jaxb-2.27.jar:/home/user/.m2/repository/javax/validation/validation-api/1.1.0.Final/validation-api-1.1.0.Final.jar:/home/user/.m2/repository/org/glassfish/jersey/media/jersey-media-json-jackson/2.27/jersey-media-json-jackson-2.27.jar:/home/user/.m2/repository/org/glassfish/jersey/ext/jersey-entity-filtering/2.27/jersey-entity-filtering-2.27.jar:/home/user/.m2/repository/com/google/inject/extensions/guice-assistedinject/4.0/guice-assistedinject-4.0.jar:/home/user/.m2/repository/org/jooq/jooq/3.11.10/jooq-3.11.10.jar:/home/user/.m2/repository/org/jooq/jooq-meta/3.11.10/jooq-meta-3.11.10.jar:/home/user/.m2/repository/org/jooq/jooq-codegen/3.11.10/jooq-codegen-3.11.10.jar:/home/user/.m2/repository/com/jolbox/bonecp/0.8.0.RELEASE/bonecp-0.8.0.RELEASE.jar:/home/user/.m2/repository/org/xerial/sqlite-jdbc/3.25.2/sqlite-jdbc-3.25.2.jar:/home/user/.m2/repository/org/springframework/spring-jdbc/5.1.3.RELEASE/spring-jdbc-5.1.3.RELEASE.jar:/home/user/.m2/repository/org/springframework/spring-beans/5.1.3.RELEASE/spring-beans-5.1.3.RELEASE.jar:/home/user/.m2/repository/org/springframework/spring-core/5.1.3.RELEASE/spring-core-5.1.3.RELEASE.jar:/home/user/.m2/repository/org/springframework/spring-jcl/5.1.3.RELEASE/spring-jcl-5.1.3.RELEASE.jar:/home/user/.m2/repository/org/springframework/spring-tx/5.1.3.RELEASE/spring-tx-5.1.3.RELEASE.jar:/home/user/.m2/repository/org/apache/hadoop/hadoop-ozone-client/0.5.0-SNAPSHOT/hadoop-ozone-client-0.5.0-SNAPSHOT.jar:/home/user/.m2/repository/commons-lang/commons-lang/2.6/commons-lang-2.6.jar:/home/user/.m2/repository/org/apache/hadoop/hadoop-ozone-ozone-manager/0.5.0-SNAPSHOT/hadoop-ozone-ozone-manager-0.5.0-SNAPSHOT-tests.jar:/home/user/.m2/repository/junit/junit/4.11/junit-4.11.jar:/home/user/.m2/repository/org/hamcrest/hamcrest-core/1.3/hamcrest-core-1.3.jar:/home/user/.m2/repository/org/openjdk/jmh/jmh-core/1.19/jmh-core-1.19.jar:/home/user/.m2/repository/net/sf/jopt-simple/jopt-simple/4.6/jopt-simple-4.6.jar:/home/user/.m2/repository/org/apache/commons/commons-math3/3.1.1/commons-math3-3.1.1.jar:/home/user/.m2/repository/org/openjdk/jmh/jmh-generator-annprocess/1.19/jmh-generator-annprocess-1.19.jar:/home/user/.m2/repository/org/mockito/mockito-all/1.8.5/mockito-all-1.8.5.jar:/home/user/.m2/repository/org/apache/hadoop/hadoop-kms/3.2.0/hadoop-kms-3.2.0.jar:/home/user/.m2/repository/org/apache/hadoop/hadoop-auth/3.2.0/hadoop-auth-3.2.0.jar:/home/user/.m2/repository/com/nimbusds/nimbus-jose-jwt/4.41.1/nimbus-jose-jwt-4.41.1.jar:/home/user/.m2/repository/com/github/stephenc/jcip/jcip-annotations/1.0-1/jcip-annotations-1.0-1.jar:/home/user/.m2/repository/net/minidev/json-smart/2.3/json-smart-2.3.jar:/home/user/.m2/repository/net/minidev/accessors-smart/1.2/accessors-smart-1.2.jar:/home/user/.m2/repository/org/ow2/asm/asm/5.0.4/asm-5.0.4.jar:/home/user/.m2/repository/org/apache/curator/curator-framework/2.12.0/curator-framework-2.12.0.jar:/home/user/.m2/repository/com/sun/jersey/jersey-core/1.19/jersey-core-1.19.jar:/home/user/.m2/repository/javax/ws/rs/jsr311-api/1.1.1/jsr311-api-1.1.1.jar:/home/user/.m2/repository/com/sun/jersey/jersey-server/1.19/jersey-server-1.19.jar:/home/user/.m2/repository/javax/servlet/javax.servlet-api/3.1.0/javax.servlet-api-3.1.0.jar:/home/user/.m2/repository/org/eclipse/jetty/jetty-server/9.3.25.v20180904/jetty-server-9.3.25.v20180904.jar:/home/user/.m2/repository/org/eclipse/jetty/jetty-http/9.3.25.v20180904/jetty-http-9.3.25.v20180904.jar:/home/user/.m2/repository/org/eclipse/jetty/jetty-io/9.3.25.v20180904/jetty-io-9.3.25.v20180904.jar:/home/user/.m2/repository/org/eclipse/jetty/jetty-webapp/9.3.25.v20180904/jetty-webapp-9.3.25.v20180904.jar:/home/user/.m2/repository/org/eclipse/jetty/jetty-xml/9.3.25.v20180904/jetty-xml-9.3.25.v20180904.jar:/home/user/.m2/repository/log4j/log4j/1.2.17/log4j-1.2.17.jar:/home/user/.m2/repository/org/slf4j/slf4j-api/1.7.25/slf4j-api-1.7.25.jar:/home/user/.m2/repository/org/slf4j/jul-to-slf4j/1.7.25/jul-to-slf4j-1.7.25.jar:/home/user/.m2/repository/org/eclipse/jetty/jetty-util/9.3.25.v20180904/jetty-util-9.3.25.v20180904.jar:/home/user/.m2/repository/com/fasterxml/jackson/core/jackson-databind/2.9.9/jackson-databind-2.9.9.jar:/home/user/.m2/repository/org/apache/hadoop/hadoop-kms/3.2.0/hadoop-kms-3.2.0-tests.jar:/home/user/.m2/repository/org/apache/hadoop/hadoop-hdds-server-scm/0.5.0-SNAPSHOT/hadoop-hdds-server-scm-0.5.0-SNAPSHOT-tests.jar:/home/user/.m2/repository/org/apache/hadoop/hadoop-hdds-container-service/0.5.0-SNAPSHOT/hadoop-hdds-container-service-0.5.0-SNAPSHOT-tests.jar:/home/user/.m2/repository/org/yaml/snakeyaml/1.16/snakeyaml-1.16.jar:/home/user/.m2/repository/org/apache/hadoop/hadoop-common/3.2.0/hadoop-common-3.2.0-tests.jar:/home/user/.m2/repository/org/apache/hadoop/hadoop-annotations/3.2.0/hadoop-annotations-3.2.0.jar:/usr/lib/jvm/java-1.8.0-openjdk-1.8.0.222.b10-1.el7_7.x86_64/jre/../lib/tools.jar:/home/user/.m2/repository/commons-cli/commons-cli/1.2/commons-cli-1.2.jar:/home/user/.m2/repository/org/apache/httpcomponents/httpclient/4.5.2/httpclient-4.5.2.jar:/home/user/.m2/repository/org/apache/httpcomponents/httpcore/4.4.4/httpcore-4.4.4.jar:/home/user/.m2/repository/commons-codec/commons-codec/1.11/commons-codec-1.11.jar:/home/user/.m2/repository/commons-net/commons-net/3.6/commons-net-3.6.jar:/home/user/.m2/repository/commons-collections/commons-collections/3.2.2/commons-collections-3.2.2.jar:/home/user/.m2/repository/org/eclipse/jetty/jetty-servlet/9.3.25.v20180904/jetty-servlet-9.3.25.v20180904.jar:/home/user/.m2/repository/org/eclipse/jetty/jetty-security/9.3.25.v20180904/jetty-security-9.3.25.v20180904.jar:/home/user/.m2/repository/javax/servlet/jsp/jsp-api/2.1/jsp-api-2.1.jar:/home/user/.m2/repository/com/sun/jersey/jersey-servlet/1.19/jersey-servlet-1.19.jar:/home/user/.m2/repository/com/sun/jersey/jersey-json/1.19/jersey-json-1.19.jar:/home/user/.m2/repository/org/codehaus/jettison/jettison/1.1/jettison-1.1.jar:/home/user/.m2/repository/org/codehaus/jackson/jackson-core-asl/1.9.13/jackson-core-asl-1.9.13.jar:/home/user/.m2/repository/org/codehaus/jackson/jackson-mapper-asl/1.9.13/jackson-mapper-asl-1.9.13.jar:/home/user/.m2/repository/org/codehaus/jackson/jackson-jaxrs/1.9.13/jackson-jaxrs-1.9.13.jar:/home/user/.m2/repository/org/codehaus/jackson/jackson-xc/1.9.13/jackson-xc-1.9.13.jar:/home/user/.m2/repository/commons-logging/commons-logging/1.1.3/commons-logging-1.1.3.jar:/home/user/.m2/repository/commons-beanutils/commons-beanutils/1.9.4/commons-beanutils-1.9.4.jar:/home/user/.m2/repository/org/apache/commons/commons-configuration2/2.1.1/commons-configuration2-2.1.1.jar:/home/user/.m2/repository/org/apache/commons/commons-lang3/3.7/commons-lang3-3.7.jar:/home/user/.m2/repository/org/apache/commons/commons-text/1.4/commons-text-1.4.jar:/home/user/.m2/repository/org/apache/avro/avro/1.7.7/avro-1.7.7.jar:/home/user/.m2/repository/com/thoughtworks/paranamer/paranamer/2.3/paranamer-2.3.jar:/home/user/.m2/repository/org/xerial/snappy/snappy-java/1.0.5/snappy-java-1.0.5.jar:/home/user/.m2/repository/com/google/re2j/re2j/1.1/re2j-1.1.jar:/home/user/.m2/repository/com/google/code/gson/gson/2.2.4/gson-2.2.4.jar:/home/user/.m2/repository/com/jcraft/jsch/0.1.54/jsch-0.1.54.jar:/home/user/.m2/repository/org/apache/curator/curator-client/2.12.0/curator-client-2.12.0.jar:/home/user/.m2/repository/org/apache/curator/curator-recipes/2.12.0/curator-recipes-2.12.0.jar:/home/user/.m2/repository/com/google/code/findbugs/jsr305/3.0.0/jsr305-3.0.0.jar:/home/user/.m2/repository/org/apache/htrace/htrace-core4/4.1.0-incubating/htrace-core4-4.1.0-incubating.jar:/home/user/.m2/repository/org/apache/zookeeper/zookeeper/3.4.13/zookeeper-3.4.13.jar:/home/user/.m2/repository/jline/jline/0.9.94/jline-0.9.94.jar:/home/user/.m2/repository/org/apache/yetus/audience-annotations/0.5.0/audience-annotations-0.5.0.jar:/home/user/.m2/repository/org/codehaus/woodstox/stax2-api/3.1.4/stax2-api-3.1.4.jar:/home/user/.m2/repository/com/fasterxml/woodstox/woodstox-core/5.0.3/woodstox-core-5.0.3.jar:/home/user/.m2/repository/dnsjava/dnsjava/2.1.7/dnsjava-2.1.7.jar:/home/user/.m2/repository/org/apache/hadoop/hadoop-hdfs/3.2.0/hadoop-hdfs-3.2.0-tests.jar:/home/user/.m2/repository/org/eclipse/jetty/jetty-util-ajax/9.3.25.v20180904/jetty-util-ajax-9.3.25.v20180904.jar:/home/user/.m2/repository/commons-daemon/commons-daemon/1.0.13/commons-daemon-1.0.13.jar:/home/user/.m2/repository/io/netty/netty/3.10.5.Final/netty-3.10.5.Final.jar:/home/user/.m2/repository/io/netty/netty-all/4.0.52.Final/netty-all-4.0.52.Final.jar:/home/user/.m2/repository/org/fusesource/leveldbjni/leveldbjni-all/1.8/leveldbjni-all-1.8.jar:"/>
    <property name="sun.cpu.endian" value="little"/>
    <property name="user.home" value="/home/user"/>
    <property name="user.language" value="en"/>
    <property name="java.specification.vendor" value="Oracle Corporation"/>
    <property name="java.home" value="/usr/lib/jvm/java-1.8.0-openjdk-1.8.0.222.b10-1.el7_7.x86_64/jre"/>
    <property name="surefire.excludesFile" value="/tools/ozone-bad-unit-tests"/>
    <property name="java.security.krb5.conf" value="/workdir/hadoop-ozone/integration-test/target/test-classes/krb5.conf"/>
    <property name="basedir" value="/workdir/hadoop-ozone/integration-test"/>
    <property name="file.separator" value="/"/>
    <property name="line.separator" value="&#10;"/>
    <property name="java.vm.specification.vendor" value="Oracle Corporation"/>
    <property name="java.specification.name" value="Java Platform API Specification"/>
    <property name="java.awt.graphicsenv" value="sun.awt.X11GraphicsEnvironment"/>
    <property name="surefire.real.class.path" value="/workdir/hadoop-ozone/integration-test/target/surefire/surefirebooter3909412361959029857.jar"/>
    <property name="hadoop.log.dir" value="/workdir/hadoop-ozone/integration-test/target/log"/>
    <property name="sun.boot.class.path" value="/usr/lib/jvm/java-1.8.0-openjdk-1.8.0.222.b10-1.el7_7.x86_64/jre/lib/resources.jar:/usr/lib/jvm/java-1.8.0-openjdk-1.8.0.222.b10-1.el7_7.x86_64/jre/lib/rt.jar:/usr/lib/jvm/java-1.8.0-openjdk-1.8.0.222.b10-1.el7_7.x86_64/jre/lib/sunrsasign.jar:/usr/lib/jvm/java-1.8.0-openjdk-1.8.0.222.b10-1.el7_7.x86_64/jre/lib/jsse.jar:/usr/lib/jvm/java-1.8.0-openjdk-1.8.0.222.b10-1.el7_7.x86_64/jre/lib/jce.jar:/usr/lib/jvm/java-1.8.0-openjdk-1.8.0.222.b10-1.el7_7.x86_64/jre/lib/charsets.jar:/usr/lib/jvm/java-1.8.0-openjdk-1.8.0.222.b10-1.el7_7.x86_64/jre/lib/jfr.jar:/usr/lib/jvm/java-1.8.0-openjdk-1.8.0.222.b10-1.el7_7.x86_64/jre/classes"/>
    <property name="sun.management.compiler" value="HotSpot 64-Bit Tiered Compilers"/>
    <property name="java.runtime.version" value="1.8.0_222-b10"/>
    <property name="java.net.preferIPv4Stack" value="true"/>
    <property name="user.name" value="jenkins1000"/>
    <property name="path.separator" value=":"/>
    <property name="java.security.egd" value="file:///dev/urandom"/>
    <property name="os.version" value="3.10.0-957.12.2.el7.x86_64"/>
    <property name="java.endorsed.dirs" value="/usr/lib/jvm/java-1.8.0-openjdk-1.8.0.222.b10-1.el7_7.x86_64/jre/lib/endorsed"/>
    <property name="java.runtime.name" value="OpenJDK Runtime Environment"/>
    <property name="file.encoding" value="ANSI_X3.4-1968"/>
    <property name="java.vm.name" value="OpenJDK 64-Bit Server VM"/>
    <property name="test.build.webapps" value=""/>
    <property name="localRepository" value="/home/user/.m2/repository"/>
    <property name="java.vendor.url.bug" value="http://bugreport.sun.com/bugreport/"/>
    <property name="java.io.tmpdir" value="/tmp"/>
    <property name="require.test.libhadoop" value=""/>
    <property name="java.version" value="1.8.0_222"/>
    <property name="user.dir" value="/workdir/hadoop-ozone/integration-test"/>
    <property name="os.arch" value="amd64"/>
    <property name="java.vm.specification.name" value="Java Virtual Machine Specification"/>
    <property name="test.build.classes" value="/workdir/hadoop-ozone/integration-test/target/test-classes"/>
    <property name="java.awt.printerjob" value="sun.print.PSPrinterJob"/>
    <property name="sun.os.patch.level" value="unknown"/>
    <property name="hadoop.tmp.dir" value="/workdir/hadoop-ozone/integration-test/target/tmp"/>
    <property name="java.library.path" value="/usr/lib:/workdir/hadoop-ozone/integration-test/target/native/target/usr/local/lib:/workdir/hadoop-ozone/integration-test/../../hadoop-common-project/hadoop-common/target/native/target/usr/local/lib:/usr/java/packages/lib/amd64:/usr/lib64:/lib64:/lib:/usr/lib"/>
    <property name="java.vm.info" value="mixed mode"/>
    <property name="java.vendor" value="Oracle Corporation"/>
    <property name="java.vm.version" value="25.222-b10"/>
    <property name="java.ext.dirs" value="/usr/lib/jvm/java-1.8.0-openjdk-1.8.0.222.b10-1.el7_7.x86_64/jre/lib/ext:/usr/java/packages/lib/ext"/>
    <property name="sun.io.unicode.encoding" value="UnicodeLittle"/>
    <property name="java.class.version" value="52.0"/>
  </properties>
  <testcase name="testBlockDeletionTransactions" classname="org.apache.hadoop.ozone.TestStorageContainerManager" time="61.216"/>
  <testcase name="testBlockDeletingThrottling" classname="org.apache.hadoop.ozone.TestStorageContainerManager" time="24.407"/>
  <testcase name="testSCMReinitialization" classname="org.apache.hadoop.ozone.TestStorageContainerManager" time="10.953"/>
  <testcase name="testCloseContainerCommandOnRestart" classname="org.apache.hadoop.ozone.TestStorageContainerManager" time="27.77"/>
  <testcase name="testRpcPermission" classname="org.apache.hadoop.ozone.TestStorageContainerManager" time="36.194"/>
  <testcase name="testSCMInitializationFailure" classname="org.apache.hadoop.ozone.TestStorageContainerManager" time="0.027"/>
  <testcase name="testSCMInitialization" classname="org.apache.hadoop.ozone.TestStorageContainerManager" time="3.436"/>
  <testcase name="testScmProcessDatanodeHeartbeat" classname="org.apache.hadoop.ozone.TestStorageContainerManager" time="60.013">
    <error message="test timed out after 60000 milliseconds" type="java.lang.Exception">java.lang.Exception: test timed out after 60000 milliseconds
	at java.lang.Thread.sleep(Native Method)
	at org.apache.hadoop.test.GenericTestUtils.waitFor(GenericTestUtils.java:382)
	at org.apache.hadoop.ozone.MiniOzoneClusterImpl.waitForClusterToBeReady(MiniOzoneClusterImpl.java:149)
	at org.apache.hadoop.ozone.TestStorageContainerManager.testScmProcessDatanodeHeartbeat(TestStorageContainerManager.java:536)
	at sun.reflect.NativeMethodAccessorImpl.invoke0(Native Method)
	at sun.reflect.NativeMethodAccessorImpl.invoke(NativeMethodAccessorImpl.java:62)
	at sun.reflect.DelegatingMethodAccessorImpl.invoke(DelegatingMethodAccessorImpl.java:43)
	at java.lang.reflect.Method.invoke(Method.java:498)
	at org.junit.runners.model.FrameworkMethod$1.runReflectiveCall(FrameworkMethod.java:47)
	at org.junit.internal.runners.model.ReflectiveCallable.run(ReflectiveCallable.java:12)
	at org.junit.runners.model.FrameworkMethod.invokeExplosively(FrameworkMethod.java:44)
	at org.junit.internal.runners.statements.InvokeMethod.evaluate(InvokeMethod.java:17)
	at org.junit.internal.runners.statements.FailOnTimeout$StatementThread.run(FailOnTimeout.java:74)
</error>
    <system-out><![CDATA[2019-10-17 06:30:35,101 [Thread-1202] WARN  server.ServerUtils (ServerUtils.java:getScmDbDir(145)) - ozone.scm.db.dirs is not configured. We recommend adding this setting. Falling back to ozone.metadata.dirs instead.
2019-10-17 06:30:35,275 [Thread-1202] WARN  server.ServerUtils (ServerUtils.java:getScmDbDir(145)) - ozone.scm.db.dirs is not configured. We recommend adding this setting. Falling back to ozone.metadata.dirs instead.
2019-10-17 06:30:35,275 [Thread-1202] WARN  server.ServerUtils (ServerUtils.java:getScmDbDir(145)) - ozone.scm.db.dirs is not configured. We recommend adding this setting. Falling back to ozone.metadata.dirs instead.
2019-10-17 06:30:35,277 [Thread-1202] INFO  db.DBStoreBuilder (DBStoreBuilder.java:addTable(117)) - using custom profile for table: deletedBlocks
2019-10-17 06:30:35,277 [Thread-1202] INFO  db.DBStoreBuilder (DBStoreBuilder.java:processTables(168)) - Using default column profile:DBProfile.DISK for Table:deletedBlocks
2019-10-17 06:30:35,277 [Thread-1202] INFO  db.DBStoreBuilder (DBStoreBuilder.java:addTable(117)) - using custom profile for table: validCerts
2019-10-17 06:30:35,278 [Thread-1202] INFO  db.DBStoreBuilder (DBStoreBuilder.java:processTables(168)) - Using default column profile:DBProfile.DISK for Table:validCerts
2019-10-17 06:30:35,278 [Thread-1202] INFO  db.DBStoreBuilder (DBStoreBuilder.java:addTable(117)) - using custom profile for table: revokedCerts
2019-10-17 06:30:35,278 [Thread-1202] INFO  db.DBStoreBuilder (DBStoreBuilder.java:processTables(168)) - Using default column profile:DBProfile.DISK for Table:revokedCerts
2019-10-17 06:30:35,278 [Thread-1202] INFO  db.DBStoreBuilder (DBStoreBuilder.java:addTable(117)) - using custom profile for table: default
2019-10-17 06:30:35,278 [Thread-1202] INFO  db.DBStoreBuilder (DBStoreBuilder.java:processTables(174)) - Using default column profile:DBProfile.DISK for Table:default
2019-10-17 06:30:35,279 [Thread-1202] INFO  db.DBStoreBuilder (DBStoreBuilder.java:getDbProfile(205)) - Using default options. DBProfile.DISK
2019-10-17 06:30:35,905 [Thread-1202] INFO  net.NodeSchemaLoader (NodeSchemaLoader.java:loadSchemaFromFile(125)) - Loading file from sun.misc.CompoundEnumeration@3ad0eee9
2019-10-17 06:30:35,905 [Thread-1202] INFO  net.NodeSchemaLoader (NodeSchemaLoader.java:loadSchema(171)) - Loading network topology layer schema file
2019-10-17 06:30:35,911 [Thread-1202] WARN  server.ServerUtils (ServerUtils.java:sanitizeUserArgs(70)) - ozone.scm.stale.node.interval value = 300000 is larger than max = 100000 based on the key value of ozone.scm.heartbeat.thread.interval, reset to the max value 100000.
2019-10-17 06:30:35,911 [Thread-1202] WARN  server.ServerUtils (ServerUtils.java:sanitizeUserArgs(70)) - ozone.scm.stale.node.interval value = 300000 is larger than max = 100000 based on the key value of ozone.scm.heartbeat.thread.interval, reset to the max value 100000.
2019-10-17 06:30:35,911 [Thread-1202] INFO  node.SCMNodeManager (SCMNodeManager.java:<init>(116)) - Entering startup safe mode.
2019-10-17 06:30:35,912 [Thread-1202] INFO  Configuration.deprecation (Configuration.java:logDeprecation(1394)) - hadoop.configured.node.mapping is deprecated. Instead, use net.topology.configured.node.mapping
2019-10-17 06:30:35,913 [Thread-1202] INFO  algorithms.ContainerPlacementPolicyFactory (ContainerPlacementPolicyFactory.java:getPolicy(57)) - Create container placement policy of type org.apache.hadoop.hdds.scm.container.placement.algorithms.SCMContainerPlacementRandom
2019-10-17 06:30:35,913 [Thread-1202] WARN  server.ServerUtils (ServerUtils.java:getScmDbDir(145)) - ozone.scm.db.dirs is not configured. We recommend adding this setting. Falling back to ozone.metadata.dirs instead.
2019-10-17 06:30:36,053 [Thread-1202] INFO  pipeline.SCMPipelineManager (SCMPipelineManager.java:initializePipelineState(132)) - No pipeline exists in current db
2019-10-17 06:30:36,053 [Thread-1202] WARN  server.ServerUtils (ServerUtils.java:getScmDbDir(145)) - ozone.scm.db.dirs is not configured. We recommend adding this setting. Falling back to ozone.metadata.dirs instead.
2019-10-17 06:30:36,247 [Thread-1202] WARN  events.EventQueue (EventQueue.java:fireEvent(183)) - No event handler registered for event TypedEvent{payloadType=SafeModeStatus, name='SafeModeStatus'}
2019-10-17 06:30:36,248 [Thread-1202] INFO  ipc.CallQueueManager (CallQueueManager.java:<init>(84)) - Using callQueue: class java.util.concurrent.LinkedBlockingQueue, queueCapacity: 2000, scheduler: class org.apache.hadoop.ipc.DefaultRpcScheduler, ipcBackoff: false.
2019-10-17 06:30:36,249 [Socket Reader #1 for port 41444] INFO  ipc.Server (Server.java:run(1074)) - Starting Socket Reader #1 for port 41444
2019-10-17 06:30:36,251 [Thread-1202] INFO  ipc.CallQueueManager (CallQueueManager.java:<init>(84)) - Using callQueue: class java.util.concurrent.LinkedBlockingQueue, queueCapacity: 2000, scheduler: class org.apache.hadoop.ipc.DefaultRpcScheduler, ipcBackoff: false.
2019-10-17 06:30:36,251 [Socket Reader #1 for port 35603] INFO  ipc.Server (Server.java:run(1074)) - Starting Socket Reader #1 for port 35603
2019-10-17 06:30:36,253 [Thread-1202] INFO  ipc.CallQueueManager (CallQueueManager.java:<init>(84)) - Using callQueue: class java.util.concurrent.LinkedBlockingQueue, queueCapacity: 2000, scheduler: class org.apache.hadoop.ipc.DefaultRpcScheduler, ipcBackoff: false.
2019-10-17 06:30:36,254 [Socket Reader #1 for port 37641] INFO  ipc.Server (Server.java:run(1074)) - Starting Socket Reader #1 for port 37641
2019-10-17 06:30:36,256 [Thread-1202] INFO  hdfs.DFSUtil (DFSUtil.java:httpServerTemplateForNNAndJN(1641)) - Starting Web-server for scm at: http://0.0.0.0:0
2019-10-17 06:30:36,259 [Thread-1202] INFO  server.AuthenticationFilter (AuthenticationFilter.java:constructSecretProvider(240)) - Unable to initialize FileSignerSecretProvider, falling back to use random secrets.
2019-10-17 06:30:36,259 [Thread-1202] WARN  http.HttpRequestLog (HttpRequestLog.java:getRequestLog(97)) - Jetty request log can only be enabled using Log4j
2019-10-17 06:30:36,262 [Thread-1202] INFO  http.HttpServer2 (HttpServer2.java:addGlobalFilter(975)) - Added global filter 'safety' (class=org.apache.hadoop.http.HttpServer2$QuotingInputFilter)
2019-10-17 06:30:36,263 [Thread-1202] INFO  http.HttpServer2 (HttpServer2.java:addFilter(948)) - Added filter static_user_filter (class=org.apache.hadoop.http.lib.StaticUserWebFilter$StaticUserFilter) to context scm
2019-10-17 06:30:36,263 [Thread-1202] INFO  http.HttpServer2 (HttpServer2.java:addFilter(958)) - Added filter static_user_filter (class=org.apache.hadoop.http.lib.StaticUserWebFilter$StaticUserFilter) to context static
2019-10-17 06:30:36,263 [Thread-1202] INFO  http.HttpServer2 (HttpServer2.java:addFilter(958)) - Added filter static_user_filter (class=org.apache.hadoop.http.lib.StaticUserWebFilter$StaticUserFilter) to context logs
2019-10-17 06:30:36,266 [Thread-1202] INFO  server.StorageContainerManager (StorageContainerManager.java:start(772)) - StorageContainerLocationProtocol RPC server is listening at /0.0.0.0:37641
2019-10-17 06:30:36,269 [Thread-1202] WARN  impl.MetricsConfig (MetricsConfig.java:loadFirst(134)) - Cannot locate configuration: tried hadoop-metrics2-storagecontainermanager.properties,hadoop-metrics2.properties
2019-10-17 06:30:36,270 [Thread-1202] INFO  impl.MetricsSystemImpl (MetricsSystemImpl.java:startTimer(374)) - Scheduled Metric snapshot period at 10 second(s).
2019-10-17 06:30:36,270 [Thread-1202] INFO  impl.MetricsSystemImpl (MetricsSystemImpl.java:start(191)) - StorageContainerManager metrics system started
2019-10-17 06:30:36,302 [Thread-1202] WARN  impl.MetricsSystemImpl (MetricsSystemImpl.java:register(276)) - Sink prometheus already exists!
2019-10-17 06:30:36,312 [Thread-1202] INFO  server.SCMClientProtocolServer (SCMClientProtocolServer.java:start(159)) - RPC server for Client  is listening at /0.0.0.0:37641
2019-10-17 06:30:36,312 [IPC Server Responder] INFO  ipc.Server (Server.java:run(1314)) - IPC Server Responder: starting
2019-10-17 06:30:36,313 [IPC Server listener on 37641] INFO  ipc.Server (Server.java:run(1153)) - IPC Server listener on 37641: starting
2019-10-17 06:30:36,316 [Thread-1202] INFO  server.StorageContainerManager (StorageContainerManager.java:start(782)) - ScmBlockLocationProtocol RPC server is listening at /0.0.0.0:35603
2019-10-17 06:30:36,316 [Thread-1202] INFO  server.SCMBlockProtocolServer (SCMBlockProtocolServer.java:start(146)) - RPC server for Block Protocol is listening at /0.0.0.0:35603
2019-10-17 06:30:36,317 [IPC Server Responder] INFO  ipc.Server (Server.java:run(1314)) - IPC Server Responder: starting
2019-10-17 06:30:36,317 [IPC Server listener on 35603] INFO  ipc.Server (Server.java:run(1153)) - IPC Server listener on 35603: starting
2019-10-17 06:30:36,320 [Thread-1202] INFO  server.StorageContainerManager (StorageContainerManager.java:start(786)) - ScmDatanodeProtocl RPC server is listening at /0.0.0.0:41444
2019-10-17 06:30:36,320 [Thread-1202] INFO  server.SCMDatanodeProtocolServer (SCMDatanodeProtocolServer.java:start(169)) - RPC server for DataNodes is listening at /0.0.0.0:41444
2019-10-17 06:30:36,321 [IPC Server Responder] INFO  ipc.Server (Server.java:run(1314)) - IPC Server Responder: starting
2019-10-17 06:30:36,321 [IPC Server listener on 41444] INFO  ipc.Server (Server.java:run(1153)) - IPC Server listener on 41444: starting
2019-10-17 06:30:36,324 [Thread-1202] INFO  http.HttpServer2 (HttpServer2.java:bindListener(1191)) - Jetty bound to port 45266
2019-10-17 06:30:36,324 [Thread-1202] INFO  server.Server (Server.java:doStart(351)) - jetty-9.3.25.v20180904, build timestamp: 2018-09-04T21:11:46Z, git hash: 3ce520221d0240229c862b122d2b06c12a625732
2019-10-17 06:30:36,326 [Thread-1202] INFO  handler.ContextHandler (ContextHandler.java:doStart(781)) - Started o.e.j.s.ServletContextHandler@4cb2a558{/logs,file:///workdir/hadoop-ozone/integration-test/target/log,AVAILABLE}
2019-10-17 06:30:36,327 [Thread-1202] INFO  handler.ContextHandler (ContextHandler.java:doStart(781)) - Started o.e.j.s.ServletContextHandler@1c21beb5{/static,file:///workdir/hadoop-ozone/integration-test/target/test-classes/webapps/static,AVAILABLE}
2019-10-17 06:30:36,331 [Thread-1202] INFO  handler.ContextHandler (ContextHandler.java:doStart(781)) - Started o.e.j.w.WebAppContext@50a2fe7e{/,file:///workdir/hadoop-ozone/integration-test/target/test-classes/webapps/scm/,AVAILABLE}{/scm}
2019-10-17 06:30:36,332 [Thread-1202] INFO  server.AbstractConnector (AbstractConnector.java:doStart(278)) - Started ServerConnector@4638e9c5{HTTP/1.1,[http/1.1]}{0.0.0.0:45266}
2019-10-17 06:30:36,333 [Thread-1202] INFO  server.Server (Server.java:doStart(419)) - Started @165954ms
2019-10-17 06:30:36,333 [Thread-1202] WARN  impl.MetricsSystemImpl (MetricsSystemImpl.java:register(276)) - Sink prometheus already exists!
2019-10-17 06:30:36,334 [Thread-1202] INFO  server.BaseHttpServer (BaseHttpServer.java:updateConnectorAddress(215)) - HTTP server of SCM is listening at http://0.0.0.0:45266
2019-10-17 06:30:36,335 [Thread-1202] WARN  server.ServerUtils (ServerUtils.java:getDBPath(222)) - ozone.om.db.dirs is not configured. We recommend adding this setting. Falling back to ozone.metadata.dirs instead.
2019-10-17 06:30:36,335 [org.apache.hadoop.util.JvmPauseMonitor$Monitor@7dfb34d5] INFO  util.JvmPauseMonitor (JvmPauseMonitor.java:run(188)) - Starting JVM pause monitor
2019-10-17 06:30:36,394 [Thread-1202] INFO  ha.OMHANodeDetails (OMHANodeDetails.java:loadOMHAConfig(190)) - Configuration either no ozone.om.address set. Falling back to the default OM address /127.0.0.1:0
2019-10-17 06:30:36,394 [Thread-1202] INFO  ha.OMHANodeDetails (OMHANodeDetails.java:getOMNodeDetails(220)) - OM Service ID is not set. Setting it to the default ID: omServiceIdDefault
2019-10-17 06:30:36,395 [Thread-1202] WARN  server.ServerUtils (ServerUtils.java:getDBPath(222)) - ozone.om.db.dirs is not configured. We recommend adding this setting. Falling back to ozone.metadata.dirs instead.
2019-10-17 06:30:36,395 [Thread-1202] WARN  server.ServerUtils (ServerUtils.java:getDBPath(222)) - ozone.om.db.dirs is not configured. We recommend adding this setting. Falling back to ozone.metadata.dirs instead.
2019-10-17 06:30:36,402 [Thread-1202] WARN  server.ServerUtils (ServerUtils.java:getDBPath(222)) - ozone.om.db.dirs is not configured. We recommend adding this setting. Falling back to ozone.metadata.dirs instead.
2019-10-17 06:30:36,403 [Thread-1202] INFO  db.DBStoreBuilder (DBStoreBuilder.java:addTable(117)) - using custom profile for table: userTable
2019-10-17 06:30:36,403 [Thread-1202] INFO  db.DBStoreBuilder (DBStoreBuilder.java:processTables(168)) - Using default column profile:DBProfile.DISK for Table:userTable
2019-10-17 06:30:36,403 [Thread-1202] INFO  db.DBStoreBuilder (DBStoreBuilder.java:addTable(117)) - using custom profile for table: volumeTable
2019-10-17 06:30:36,403 [Thread-1202] INFO  db.DBStoreBuilder (DBStoreBuilder.java:processTables(168)) - Using default column profile:DBProfile.DISK for Table:volumeTable
2019-10-17 06:30:36,403 [Thread-1202] INFO  db.DBStoreBuilder (DBStoreBuilder.java:addTable(117)) - using custom profile for table: bucketTable
2019-10-17 06:30:36,403 [Thread-1202] INFO  db.DBStoreBuilder (DBStoreBuilder.java:processTables(168)) - Using default column profile:DBProfile.DISK for Table:bucketTable
2019-10-17 06:30:36,403 [Thread-1202] INFO  db.DBStoreBuilder (DBStoreBuilder.java:addTable(117)) - using custom profile for table: keyTable
2019-10-17 06:30:36,403 [Thread-1202] INFO  db.DBStoreBuilder (DBStoreBuilder.java:processTables(168)) - Using default column profile:DBProfile.DISK for Table:keyTable
2019-10-17 06:30:36,403 [Thread-1202] INFO  db.DBStoreBuilder (DBStoreBuilder.java:addTable(117)) - using custom profile for table: deletedTable
2019-10-17 06:30:36,404 [Thread-1202] INFO  db.DBStoreBuilder (DBStoreBuilder.java:processTables(168)) - Using default column profile:DBProfile.DISK for Table:deletedTable
2019-10-17 06:30:36,404 [Thread-1202] INFO  db.DBStoreBuilder (DBStoreBuilder.java:addTable(117)) - using custom profile for table: openKeyTable
2019-10-17 06:30:36,404 [Thread-1202] INFO  db.DBStoreBuilder (DBStoreBuilder.java:processTables(168)) - Using default column profile:DBProfile.DISK for Table:openKeyTable
2019-10-17 06:30:36,404 [Thread-1202] INFO  db.DBStoreBuilder (DBStoreBuilder.java:addTable(117)) - using custom profile for table: s3Table
2019-10-17 06:30:36,404 [Thread-1202] INFO  db.DBStoreBuilder (DBStoreBuilder.java:processTables(168)) - Using default column profile:DBProfile.DISK for Table:s3Table
2019-10-17 06:30:36,404 [Thread-1202] INFO  db.DBStoreBuilder (DBStoreBuilder.java:addTable(117)) - using custom profile for table: multipartInfoTable
2019-10-17 06:30:36,404 [Thread-1202] INFO  db.DBStoreBuilder (DBStoreBuilder.java:processTables(168)) - Using default column profile:DBProfile.DISK for Table:multipartInfoTable
2019-10-17 06:30:36,404 [Thread-1202] INFO  db.DBStoreBuilder (DBStoreBuilder.java:addTable(117)) - using custom profile for table: dTokenTable
2019-10-17 06:30:36,404 [Thread-1202] INFO  db.DBStoreBuilder (DBStoreBuilder.java:processTables(168)) - Using default column profile:DBProfile.DISK for Table:dTokenTable
2019-10-17 06:30:36,404 [Thread-1202] INFO  db.DBStoreBuilder (DBStoreBuilder.java:addTable(117)) - using custom profile for table: s3SecretTable
2019-10-17 06:30:36,405 [Thread-1202] INFO  db.DBStoreBuilder (DBStoreBuilder.java:processTables(168)) - Using default column profile:DBProfile.DISK for Table:s3SecretTable
2019-10-17 06:30:36,405 [Thread-1202] INFO  db.DBStoreBuilder (DBStoreBuilder.java:addTable(117)) - using custom profile for table: prefixTable
2019-10-17 06:30:36,405 [Thread-1202] INFO  db.DBStoreBuilder (DBStoreBuilder.java:processTables(168)) - Using default column profile:DBProfile.DISK for Table:prefixTable
2019-10-17 06:30:36,405 [Thread-1202] INFO  db.DBStoreBuilder (DBStoreBuilder.java:addTable(117)) - using custom profile for table: default
2019-10-17 06:30:36,405 [Thread-1202] INFO  db.DBStoreBuilder (DBStoreBuilder.java:processTables(174)) - Using default column profile:DBProfile.DISK for Table:default
2019-10-17 06:30:36,405 [Thread-1202] INFO  db.DBStoreBuilder (DBStoreBuilder.java:getDbProfile(205)) - Using default options. DBProfile.DISK
2019-10-17 06:30:37,977 [Thread-1202] INFO  ipc.CallQueueManager (CallQueueManager.java:<init>(84)) - Using callQueue: class java.util.concurrent.LinkedBlockingQueue, queueCapacity: 2000, scheduler: class org.apache.hadoop.ipc.DefaultRpcScheduler, ipcBackoff: false.
2019-10-17 06:30:37,978 [Socket Reader #1 for port 38488] INFO  ipc.Server (Server.java:run(1074)) - Starting Socket Reader #1 for port 38488
2019-10-17 06:30:37,995 [Thread-1202] INFO  om.OzoneManager (OzoneManager.java:start(1071)) - OzoneManager RPC server is listening at localhost/127.0.0.1:38488
2019-10-17 06:30:37,995 [Thread-1202] INFO  impl.MetricsSystemImpl (MetricsSystemImpl.java:init(158)) - OzoneManager metrics system started (again)
2019-10-17 06:30:37,997 [IPC Server listener on 38488] INFO  ipc.Server (Server.java:run(1153)) - IPC Server listener on 38488: starting
2019-10-17 06:30:37,997 [IPC Server Responder] INFO  ipc.Server (Server.java:run(1314)) - IPC Server Responder: starting
2019-10-17 06:30:38,002 [Thread-1202] INFO  hdfs.DFSUtil (DFSUtil.java:httpServerTemplateForNNAndJN(1641)) - Starting Web-server for ozoneManager at: http://0.0.0.0:0
2019-10-17 06:30:38,004 [Thread-1202] INFO  server.AuthenticationFilter (AuthenticationFilter.java:constructSecretProvider(240)) - Unable to initialize FileSignerSecretProvider, falling back to use random secrets.
2019-10-17 06:30:38,005 [Thread-1202] WARN  http.HttpRequestLog (HttpRequestLog.java:getRequestLog(97)) - Jetty request log can only be enabled using Log4j
2019-10-17 06:30:38,007 [Thread-1202] INFO  http.HttpServer2 (HttpServer2.java:addGlobalFilter(975)) - Added global filter 'safety' (class=org.apache.hadoop.http.HttpServer2$QuotingInputFilter)
2019-10-17 06:30:38,007 [Thread-1202] INFO  http.HttpServer2 (HttpServer2.java:addFilter(948)) - Added filter static_user_filter (class=org.apache.hadoop.http.lib.StaticUserWebFilter$StaticUserFilter) to context ozoneManager
2019-10-17 06:30:38,008 [Thread-1202] INFO  http.HttpServer2 (HttpServer2.java:addFilter(958)) - Added filter static_user_filter (class=org.apache.hadoop.http.lib.StaticUserWebFilter$StaticUserFilter) to context logs
2019-10-17 06:30:38,008 [Thread-1202] INFO  http.HttpServer2 (HttpServer2.java:addFilter(958)) - Added filter static_user_filter (class=org.apache.hadoop.http.lib.StaticUserWebFilter$StaticUserFilter) to context static
2019-10-17 06:30:38,009 [Thread-1202] INFO  http.HttpServer2 (HttpServer2.java:bindListener(1191)) - Jetty bound to port 33835
2019-10-17 06:30:38,009 [Thread-1202] INFO  server.Server (Server.java:doStart(351)) - jetty-9.3.25.v20180904, build timestamp: 2018-09-04T21:11:46Z, git hash: 3ce520221d0240229c862b122d2b06c12a625732
2019-10-17 06:30:38,011 [Thread-1202] INFO  handler.ContextHandler (ContextHandler.java:doStart(781)) - Started o.e.j.s.ServletContextHandler@1cb102a2{/logs,file:///workdir/hadoop-ozone/integration-test/target/log,AVAILABLE}
2019-10-17 06:30:38,011 [Thread-1202] INFO  handler.ContextHandler (ContextHandler.java:doStart(781)) - Started o.e.j.s.ServletContextHandler@5939d33c{/static,file:///workdir/hadoop-ozone/integration-test/target/test-classes/webapps/static,AVAILABLE}
2019-10-17 06:30:38,015 [Thread-1202] INFO  handler.ContextHandler (ContextHandler.java:doStart(781)) - Started o.e.j.w.WebAppContext@e905340{/,file:///workdir/hadoop-ozone/integration-test/target/test-classes/webapps/ozoneManager/,AVAILABLE}{/ozoneManager}
2019-10-17 06:30:38,017 [Thread-1202] INFO  server.AbstractConnector (AbstractConnector.java:doStart(278)) - Started ServerConnector@78e556e9{HTTP/1.1,[http/1.1]}{0.0.0.0:33835}
2019-10-17 06:30:38,017 [Thread-1202] INFO  server.Server (Server.java:doStart(419)) - Started @167638ms
2019-10-17 06:30:38,017 [Thread-1202] WARN  impl.MetricsSystemImpl (MetricsSystemImpl.java:register(276)) - Sink prometheus already exists!
2019-10-17 06:30:38,018 [Thread-1202] INFO  server.BaseHttpServer (BaseHttpServer.java:updateConnectorAddress(215)) - HTTP server of OZONEMANAGER is listening at http://0.0.0.0:33835
2019-10-17 06:30:38,031 [Thread-1202] INFO  impl.MetricsSystemImpl (MetricsSystemImpl.java:init(158)) - HddsDatanode metrics system started (again)
2019-10-17 06:30:38,033 [Thread-1202] INFO  ozone.HddsDatanodeService (HddsDatanodeService.java:start(184)) - HddsDatanodeService host:pr-hdds-1868-lzclr-202649289 ip:192.168.34.62
2019-10-17 06:30:38,039 [Thread-1202] INFO  volume.HddsVolume (HddsVolume.java:<init>(176)) - Creating Volume: /workdir/hadoop-ozone/integration-test/target/test-dir/MiniOzoneClusterImpl-c6a2a26f-5c7a-4fdf-95bb-7d3ef4a0bc37/datanode-0/data/containers/hdds of  storage type : DISK and capacity : 1482555576320
2019-10-17 06:30:38,091 [Thread-1202] INFO  volume.VolumeSet (VolumeSet.java:initializeVolumeSet(170)) - Added Volume : /workdir/hadoop-ozone/integration-test/target/test-dir/MiniOzoneClusterImpl-c6a2a26f-5c7a-4fdf-95bb-7d3ef4a0bc37/datanode-0/data/containers/hdds to VolumeSet
2019-10-17 06:30:38,092 [Thread-1202] INFO  volume.ThrottledAsyncChecker (ThrottledAsyncChecker.java:schedule(141)) - Scheduling a check for /workdir/hadoop-ozone/integration-test/target/test-dir/MiniOzoneClusterImpl-c6a2a26f-5c7a-4fdf-95bb-7d3ef4a0bc37/datanode-0/data/containers/hdds
2019-10-17 06:30:38,092 [Thread-1202] INFO  volume.HddsVolumeChecker (HddsVolumeChecker.java:checkAllVolumes(204)) - Scheduled health check for volume /workdir/hadoop-ozone/integration-test/target/test-dir/MiniOzoneClusterImpl-c6a2a26f-5c7a-4fdf-95bb-7d3ef4a0bc37/datanode-0/data/containers/hdds
2019-10-17 06:30:38,106 [Thread-1202] INFO  impl.RaftServerProxy (ConfUtils.java:logGet(43)) - raft.rpc.type = GRPC (default)
2019-10-17 06:30:38,107 [Thread-1202] INFO  grpc.GrpcFactory (GrpcFactory.java:checkPooledByteBufAllocatorUseCacheForAllThreads(45)) - PERFORMANCE WARNING: useCacheForAllThreads is true that may cause Netty to create a lot garbage objects and, as a result, trigger GC.
	It is recommended to disable useCacheForAllThreads by setting -Dorg.apache.ratis.thirdparty.io.netty.allocator.useCacheForAllThreads=false in command line.
2019-10-17 06:30:38,107 [Thread-1202] INFO  grpc.GrpcConfigKeys$Server (ConfUtils.java:logGet(43)) - raft.grpc.server.port = 0 (default)
2019-10-17 06:30:38,107 [Thread-1202] INFO  server.GrpcService (ConfUtils.java:logGet(43)) - raft.grpc.message.size.max = 33570816 (custom)
2019-10-17 06:30:38,107 [Thread-1202] INFO  server.RaftServerConfigKeys (ConfUtils.java:logGet(43)) - raft.server.log.appender.buffer.byte-limit = 33554432 (custom)
2019-10-17 06:30:38,107 [Thread-1202] INFO  server.GrpcService (ConfUtils.java:logGet(43)) - raft.grpc.flow.control.window = 1MB (=1048576) (default)
2019-10-17 06:30:38,107 [Thread-1202] INFO  server.RaftServerConfigKeys (ConfUtils.java:logGet(43)) - raft.server.rpc.request.timeout = 3000ms (default)
2019-10-17 06:30:38,108 [Thread-1202] INFO  server.RaftServerConfigKeys (ConfUtils.java:logGet(43)) - raft.server.storage.dir = [/workdir/hadoop-ozone/integration-test/target/test-dir/MiniOzoneClusterImpl-c6a2a26f-5c7a-4fdf-95bb-7d3ef4a0bc37/datanode-0/data/ratis] (custom)
2019-10-17 06:30:38,110 [Thread-1202] INFO  hdfs.DFSUtil (DFSUtil.java:httpServerTemplateForNNAndJN(1641)) - Starting Web-server for hddsDatanode at: http://0.0.0.0:0
2019-10-17 06:30:38,111 [Thread-1202] INFO  server.AuthenticationFilter (AuthenticationFilter.java:constructSecretProvider(240)) - Unable to initialize FileSignerSecretProvider, falling back to use random secrets.
2019-10-17 06:30:38,112 [Thread-1202] WARN  http.HttpRequestLog (HttpRequestLog.java:getRequestLog(97)) - Jetty request log can only be enabled using Log4j
2019-10-17 06:30:38,113 [Thread-1202] INFO  http.HttpServer2 (HttpServer2.java:addGlobalFilter(975)) - Added global filter 'safety' (class=org.apache.hadoop.http.HttpServer2$QuotingInputFilter)
2019-10-17 06:30:38,113 [Thread-1202] INFO  http.HttpServer2 (HttpServer2.java:addFilter(948)) - Added filter static_user_filter (class=org.apache.hadoop.http.lib.StaticUserWebFilter$StaticUserFilter) to context hddsDatanode
2019-10-17 06:30:38,113 [Thread-1202] INFO  http.HttpServer2 (HttpServer2.java:addFilter(958)) - Added filter static_user_filter (class=org.apache.hadoop.http.lib.StaticUserWebFilter$StaticUserFilter) to context static
2019-10-17 06:30:38,114 [Thread-1202] INFO  http.HttpServer2 (HttpServer2.java:addFilter(958)) - Added filter static_user_filter (class=org.apache.hadoop.http.lib.StaticUserWebFilter$StaticUserFilter) to context logs
2019-10-17 06:30:38,114 [Thread-1202] INFO  http.HttpServer2 (HttpServer2.java:bindListener(1191)) - Jetty bound to port 35001
2019-10-17 06:30:38,114 [Thread-1202] INFO  server.Server (Server.java:doStart(351)) - jetty-9.3.25.v20180904, build timestamp: 2018-09-04T21:11:46Z, git hash: 3ce520221d0240229c862b122d2b06c12a625732
2019-10-17 06:30:38,118 [Thread-1202] INFO  handler.ContextHandler (ContextHandler.java:doStart(781)) - Started o.e.j.s.ServletContextHandler@42133da9{/logs,file:///workdir/hadoop-ozone/integration-test/target/log,AVAILABLE}
2019-10-17 06:30:38,118 [Thread-1202] INFO  handler.ContextHandler (ContextHandler.java:doStart(781)) - Started o.e.j.s.ServletContextHandler@f5ff08d{/static,jar:file:/home/user/.m2/repository/org/apache/hadoop/hadoop-hdds-container-service/0.5.0-SNAPSHOT/hadoop-hdds-container-service-0.5.0-SNAPSHOT.jar!/webapps/static,AVAILABLE}
2019-10-17 06:30:38,145 [Thread-1202] INFO  handler.ContextHandler (ContextHandler.java:doStart(781)) - Started o.e.j.w.WebAppContext@6d4f88cd{/,file:///tmp/jetty-0.0.0.0-35001-hddsDatanode-_-any-1479772013204520980.dir/webapp/,AVAILABLE}{/hddsDatanode}
2019-10-17 06:30:38,146 [Thread-1202] INFO  server.AbstractConnector (AbstractConnector.java:doStart(278)) - Started ServerConnector@6f3feca7{HTTP/1.1,[http/1.1]}{0.0.0.0:35001}
2019-10-17 06:30:38,147 [Thread-1202] INFO  server.Server (Server.java:doStart(419)) - Started @167768ms
2019-10-17 06:30:38,147 [Thread-1202] WARN  impl.MetricsSystemImpl (MetricsSystemImpl.java:register(276)) - Sink prometheus already exists!
2019-10-17 06:30:38,147 [Thread-1202] INFO  server.BaseHttpServer (BaseHttpServer.java:updateConnectorAddress(215)) - HTTP server of HDDSDATANODE is listening at http://0.0.0.0:35001
2019-10-17 06:30:38,148 [Thread-1202] INFO  impl.MetricsSystemImpl (MetricsSystemImpl.java:init(158)) - HddsDatanode metrics system started (again)
2019-10-17 06:30:38,150 [Thread-1202] INFO  ozone.HddsDatanodeService (HddsDatanodeService.java:start(184)) - HddsDatanodeService host:pr-hdds-1868-lzclr-202649289 ip:192.168.34.62
2019-10-17 06:30:38,151 [org.apache.hadoop.util.JvmPauseMonitor$Monitor@2a1edf94] INFO  util.JvmPauseMonitor (JvmPauseMonitor.java:run(188)) - Starting JVM pause monitor
2019-10-17 06:30:38,153 [Datanode State Machine Thread - 0] INFO  datanode.InitDatanodeState (InitDatanodeState.java:persistContainerDatanodeDetails(140)) - DatanodeDetails is persisted to /workdir/hadoop-ozone/integration-test/target/test-dir/MiniOzoneClusterImpl-c6a2a26f-5c7a-4fdf-95bb-7d3ef4a0bc37/datanode-0/meta/datanode.id
2019-10-17 06:30:38,156 [Thread-1202] INFO  volume.HddsVolume (HddsVolume.java:<init>(176)) - Creating Volume: /workdir/hadoop-ozone/integration-test/target/test-dir/MiniOzoneClusterImpl-c6a2a26f-5c7a-4fdf-95bb-7d3ef4a0bc37/datanode-1/data/containers/hdds of  storage type : DISK and capacity : 1482555576320
2019-10-17 06:30:38,157 [Thread-1202] INFO  volume.VolumeSet (VolumeSet.java:initializeVolumeSet(170)) - Added Volume : /workdir/hadoop-ozone/integration-test/target/test-dir/MiniOzoneClusterImpl-c6a2a26f-5c7a-4fdf-95bb-7d3ef4a0bc37/datanode-1/data/containers/hdds to VolumeSet
2019-10-17 06:30:38,157 [Thread-1202] INFO  volume.ThrottledAsyncChecker (ThrottledAsyncChecker.java:schedule(141)) - Scheduling a check for /workdir/hadoop-ozone/integration-test/target/test-dir/MiniOzoneClusterImpl-c6a2a26f-5c7a-4fdf-95bb-7d3ef4a0bc37/datanode-1/data/containers/hdds
2019-10-17 06:30:38,157 [Thread-1202] INFO  volume.HddsVolumeChecker (HddsVolumeChecker.java:checkAllVolumes(204)) - Scheduled health check for volume /workdir/hadoop-ozone/integration-test/target/test-dir/MiniOzoneClusterImpl-c6a2a26f-5c7a-4fdf-95bb-7d3ef4a0bc37/datanode-1/data/containers/hdds
2019-10-17 06:30:38,182 [Thread-1202] INFO  impl.RaftServerProxy (ConfUtils.java:logGet(43)) - raft.rpc.type = GRPC (default)
2019-10-17 06:30:38,182 [Thread-1202] INFO  grpc.GrpcFactory (GrpcFactory.java:checkPooledByteBufAllocatorUseCacheForAllThreads(45)) - PERFORMANCE WARNING: useCacheForAllThreads is true that may cause Netty to create a lot garbage objects and, as a result, trigger GC.
	It is recommended to disable useCacheForAllThreads by setting -Dorg.apache.ratis.thirdparty.io.netty.allocator.useCacheForAllThreads=false in command line.
2019-10-17 06:30:38,182 [Thread-1202] INFO  grpc.GrpcConfigKeys$Server (ConfUtils.java:logGet(43)) - raft.grpc.server.port = 0 (default)
2019-10-17 06:30:38,182 [Thread-1202] INFO  server.GrpcService (ConfUtils.java:logGet(43)) - raft.grpc.message.size.max = 33570816 (custom)
2019-10-17 06:30:38,183 [Thread-1202] INFO  server.RaftServerConfigKeys (ConfUtils.java:logGet(43)) - raft.server.log.appender.buffer.byte-limit = 33554432 (custom)
2019-10-17 06:30:38,183 [Thread-1202] INFO  server.GrpcService (ConfUtils.java:logGet(43)) - raft.grpc.flow.control.window = 1MB (=1048576) (default)
2019-10-17 06:30:38,183 [Thread-1202] INFO  server.RaftServerConfigKeys (ConfUtils.java:logGet(43)) - raft.server.rpc.request.timeout = 3000ms (default)
2019-10-17 06:30:38,183 [Thread-1202] INFO  server.RaftServerConfigKeys (ConfUtils.java:logGet(43)) - raft.server.storage.dir = [/workdir/hadoop-ozone/integration-test/target/test-dir/MiniOzoneClusterImpl-c6a2a26f-5c7a-4fdf-95bb-7d3ef4a0bc37/datanode-1/data/ratis] (custom)
2019-10-17 06:30:38,185 [Thread-1202] INFO  hdfs.DFSUtil (DFSUtil.java:httpServerTemplateForNNAndJN(1641)) - Starting Web-server for hddsDatanode at: http://0.0.0.0:0
2019-10-17 06:30:38,186 [Thread-1202] INFO  server.AuthenticationFilter (AuthenticationFilter.java:constructSecretProvider(240)) - Unable to initialize FileSignerSecretProvider, falling back to use random secrets.
2019-10-17 06:30:38,186 [Thread-1202] WARN  http.HttpRequestLog (HttpRequestLog.java:getRequestLog(97)) - Jetty request log can only be enabled using Log4j
2019-10-17 06:30:38,187 [Thread-1202] INFO  http.HttpServer2 (HttpServer2.java:addGlobalFilter(975)) - Added global filter 'safety' (class=org.apache.hadoop.http.HttpServer2$QuotingInputFilter)
2019-10-17 06:30:38,188 [Thread-1202] INFO  http.HttpServer2 (HttpServer2.java:addFilter(948)) - Added filter static_user_filter (class=org.apache.hadoop.http.lib.StaticUserWebFilter$StaticUserFilter) to context hddsDatanode
2019-10-17 06:30:38,188 [Thread-1202] INFO  http.HttpServer2 (HttpServer2.java:addFilter(958)) - Added filter static_user_filter (class=org.apache.hadoop.http.lib.StaticUserWebFilter$StaticUserFilter) to context logs
2019-10-17 06:30:38,188 [Thread-1202] INFO  http.HttpServer2 (HttpServer2.java:addFilter(958)) - Added filter static_user_filter (class=org.apache.hadoop.http.lib.StaticUserWebFilter$StaticUserFilter) to context static
2019-10-17 06:30:38,188 [Thread-1202] INFO  http.HttpServer2 (HttpServer2.java:bindListener(1191)) - Jetty bound to port 44560
2019-10-17 06:30:38,188 [Thread-1202] INFO  server.Server (Server.java:doStart(351)) - jetty-9.3.25.v20180904, build timestamp: 2018-09-04T21:11:46Z, git hash: 3ce520221d0240229c862b122d2b06c12a625732
2019-10-17 06:30:38,190 [Thread-1202] INFO  handler.ContextHandler (ContextHandler.java:doStart(781)) - Started o.e.j.s.ServletContextHandler@4a692ec3{/logs,file:///workdir/hadoop-ozone/integration-test/target/log,AVAILABLE}
2019-10-17 06:30:38,190 [Thread-1202] INFO  handler.ContextHandler (ContextHandler.java:doStart(781)) - Started o.e.j.s.ServletContextHandler@7dd71d38{/static,jar:file:/home/user/.m2/repository/org/apache/hadoop/hadoop-hdds-container-service/0.5.0-SNAPSHOT/hadoop-hdds-container-service-0.5.0-SNAPSHOT.jar!/webapps/static,AVAILABLE}
2019-10-17 06:30:38,217 [Thread-1202] INFO  handler.ContextHandler (ContextHandler.java:doStart(781)) - Started o.e.j.w.WebAppContext@685c9630{/,file:///tmp/jetty-0.0.0.0-44560-hddsDatanode-_-any-2162217319794340236.dir/webapp/,AVAILABLE}{/hddsDatanode}
2019-10-17 06:30:38,218 [Thread-1202] INFO  server.AbstractConnector (AbstractConnector.java:doStart(278)) - Started ServerConnector@3ef13d0b{HTTP/1.1,[http/1.1]}{0.0.0.0:44560}
2019-10-17 06:30:38,218 [Thread-1202] INFO  server.Server (Server.java:doStart(419)) - Started @167840ms
2019-10-17 06:30:38,218 [Thread-1202] WARN  impl.MetricsSystemImpl (MetricsSystemImpl.java:register(276)) - Sink prometheus already exists!
2019-10-17 06:30:38,219 [Thread-1202] INFO  server.BaseHttpServer (BaseHttpServer.java:updateConnectorAddress(215)) - HTTP server of HDDSDATANODE is listening at http://0.0.0.0:44560
2019-10-17 06:30:38,220 [Thread-1202] INFO  impl.MetricsSystemImpl (MetricsSystemImpl.java:init(158)) - HddsDatanode metrics system started (again)
2019-10-17 06:30:38,222 [Thread-1202] INFO  ozone.HddsDatanodeService (HddsDatanodeService.java:start(184)) - HddsDatanodeService host:pr-hdds-1868-lzclr-202649289 ip:192.168.34.62
2019-10-17 06:30:38,222 [org.apache.hadoop.util.JvmPauseMonitor$Monitor@709f9215] INFO  util.JvmPauseMonitor (JvmPauseMonitor.java:run(188)) - Starting JVM pause monitor
2019-10-17 06:30:38,223 [Datanode State Machine Thread - 0] INFO  datanode.InitDatanodeState (InitDatanodeState.java:persistContainerDatanodeDetails(140)) - DatanodeDetails is persisted to /workdir/hadoop-ozone/integration-test/target/test-dir/MiniOzoneClusterImpl-c6a2a26f-5c7a-4fdf-95bb-7d3ef4a0bc37/datanode-1/meta/datanode.id
2019-10-17 06:30:38,227 [Thread-1202] INFO  volume.HddsVolume (HddsVolume.java:<init>(176)) - Creating Volume: /workdir/hadoop-ozone/integration-test/target/test-dir/MiniOzoneClusterImpl-c6a2a26f-5c7a-4fdf-95bb-7d3ef4a0bc37/datanode-2/data/containers/hdds of  storage type : DISK and capacity : 1482555576320
2019-10-17 06:30:38,227 [Thread-1202] INFO  volume.VolumeSet (VolumeSet.java:initializeVolumeSet(170)) - Added Volume : /workdir/hadoop-ozone/integration-test/target/test-dir/MiniOzoneClusterImpl-c6a2a26f-5c7a-4fdf-95bb-7d3ef4a0bc37/datanode-2/data/containers/hdds to VolumeSet
2019-10-17 06:30:38,227 [Thread-1202] INFO  volume.ThrottledAsyncChecker (ThrottledAsyncChecker.java:schedule(141)) - Scheduling a check for /workdir/hadoop-ozone/integration-test/target/test-dir/MiniOzoneClusterImpl-c6a2a26f-5c7a-4fdf-95bb-7d3ef4a0bc37/datanode-2/data/containers/hdds
2019-10-17 06:30:38,228 [Thread-1202] INFO  volume.HddsVolumeChecker (HddsVolumeChecker.java:checkAllVolumes(204)) - Scheduled health check for volume /workdir/hadoop-ozone/integration-test/target/test-dir/MiniOzoneClusterImpl-c6a2a26f-5c7a-4fdf-95bb-7d3ef4a0bc37/datanode-2/data/containers/hdds
2019-10-17 06:30:38,241 [Thread-1202] INFO  impl.RaftServerProxy (ConfUtils.java:logGet(43)) - raft.rpc.type = GRPC (default)
2019-10-17 06:30:38,241 [Thread-1202] INFO  grpc.GrpcFactory (GrpcFactory.java:checkPooledByteBufAllocatorUseCacheForAllThreads(45)) - PERFORMANCE WARNING: useCacheForAllThreads is true that may cause Netty to create a lot garbage objects and, as a result, trigger GC.
	It is recommended to disable useCacheForAllThreads by setting -Dorg.apache.ratis.thirdparty.io.netty.allocator.useCacheForAllThreads=false in command line.
2019-10-17 06:30:38,241 [Thread-1202] INFO  grpc.GrpcConfigKeys$Server (ConfUtils.java:logGet(43)) - raft.grpc.server.port = 0 (default)
2019-10-17 06:30:38,242 [Thread-1202] INFO  server.GrpcService (ConfUtils.java:logGet(43)) - raft.grpc.message.size.max = 33570816 (custom)
2019-10-17 06:30:38,242 [Thread-1202] INFO  server.RaftServerConfigKeys (ConfUtils.java:logGet(43)) - raft.server.log.appender.buffer.byte-limit = 33554432 (custom)
2019-10-17 06:30:38,242 [Thread-1202] INFO  server.GrpcService (ConfUtils.java:logGet(43)) - raft.grpc.flow.control.window = 1MB (=1048576) (default)
2019-10-17 06:30:38,242 [Thread-1202] INFO  server.RaftServerConfigKeys (ConfUtils.java:logGet(43)) - raft.server.rpc.request.timeout = 3000ms (default)
2019-10-17 06:30:38,242 [Thread-1202] INFO  server.RaftServerConfigKeys (ConfUtils.java:logGet(43)) - raft.server.storage.dir = [/workdir/hadoop-ozone/integration-test/target/test-dir/MiniOzoneClusterImpl-c6a2a26f-5c7a-4fdf-95bb-7d3ef4a0bc37/datanode-2/data/ratis] (custom)
2019-10-17 06:30:38,244 [Thread-1202] INFO  hdfs.DFSUtil (DFSUtil.java:httpServerTemplateForNNAndJN(1641)) - Starting Web-server for hddsDatanode at: http://0.0.0.0:0
2019-10-17 06:30:38,245 [Thread-1202] INFO  server.AuthenticationFilter (AuthenticationFilter.java:constructSecretProvider(240)) - Unable to initialize FileSignerSecretProvider, falling back to use random secrets.
2019-10-17 06:30:38,246 [Thread-1202] WARN  http.HttpRequestLog (HttpRequestLog.java:getRequestLog(97)) - Jetty request log can only be enabled using Log4j
2019-10-17 06:30:38,247 [Thread-1202] INFO  http.HttpServer2 (HttpServer2.java:addGlobalFilter(975)) - Added global filter 'safety' (class=org.apache.hadoop.http.HttpServer2$QuotingInputFilter)
2019-10-17 06:30:38,247 [Thread-1202] INFO  http.HttpServer2 (HttpServer2.java:addFilter(948)) - Added filter static_user_filter (class=org.apache.hadoop.http.lib.StaticUserWebFilter$StaticUserFilter) to context hddsDatanode
2019-10-17 06:30:38,247 [Thread-1202] INFO  http.HttpServer2 (HttpServer2.java:addFilter(958)) - Added filter static_user_filter (class=org.apache.hadoop.http.lib.StaticUserWebFilter$StaticUserFilter) to context logs
2019-10-17 06:30:38,248 [Thread-1202] INFO  http.HttpServer2 (HttpServer2.java:addFilter(958)) - Added filter static_user_filter (class=org.apache.hadoop.http.lib.StaticUserWebFilter$StaticUserFilter) to context static
2019-10-17 06:30:38,248 [Thread-1202] INFO  http.HttpServer2 (HttpServer2.java:bindListener(1191)) - Jetty bound to port 45093
2019-10-17 06:30:38,248 [Thread-1202] INFO  server.Server (Server.java:doStart(351)) - jetty-9.3.25.v20180904, build timestamp: 2018-09-04T21:11:46Z, git hash: 3ce520221d0240229c862b122d2b06c12a625732
2019-10-17 06:30:38,250 [Thread-1202] INFO  handler.ContextHandler (ContextHandler.java:doStart(781)) - Started o.e.j.s.ServletContextHandler@4eb1bc82{/logs,file:///workdir/hadoop-ozone/integration-test/target/log,AVAILABLE}
2019-10-17 06:30:38,250 [Thread-1202] INFO  handler.ContextHandler (ContextHandler.java:doStart(781)) - Started o.e.j.s.ServletContextHandler@5401d996{/static,jar:file:/home/user/.m2/repository/org/apache/hadoop/hadoop-hdds-container-service/0.5.0-SNAPSHOT/hadoop-hdds-container-service-0.5.0-SNAPSHOT.jar!/webapps/static,AVAILABLE}
2019-10-17 06:30:38,324 [Thread-1202] INFO  handler.ContextHandler (ContextHandler.java:doStart(781)) - Started o.e.j.w.WebAppContext@5cdf3270{/,file:///tmp/jetty-0.0.0.0-45093-hddsDatanode-_-any-4793392582466050607.dir/webapp/,AVAILABLE}{/hddsDatanode}
2019-10-17 06:30:38,324 [Thread-1202] INFO  server.AbstractConnector (AbstractConnector.java:doStart(278)) - Started ServerConnector@564cdf1{HTTP/1.1,[http/1.1]}{0.0.0.0:45093}
2019-10-17 06:30:38,325 [Thread-1202] INFO  server.Server (Server.java:doStart(419)) - Started @167947ms
2019-10-17 06:30:38,325 [Thread-1202] WARN  impl.MetricsSystemImpl (MetricsSystemImpl.java:register(276)) - Sink prometheus already exists!
2019-10-17 06:30:38,326 [Thread-1202] INFO  server.BaseHttpServer (BaseHttpServer.java:updateConnectorAddress(215)) - HTTP server of HDDSDATANODE is listening at http://0.0.0.0:45093
2019-10-17 06:30:38,326 [Thread-1202] INFO  ozone.MiniOzoneClusterImpl (MiniOzoneClusterImpl.java:lambda$waitForClusterToBeReady$2(172)) - Waiting for cluster to be ready. Got 0 of 3 DN Heartbeats.
2019-10-17 06:30:38,328 [org.apache.hadoop.util.JvmPauseMonitor$Monitor@1e0ac94d] INFO  util.JvmPauseMonitor (JvmPauseMonitor.java:run(188)) - Starting JVM pause monitor
2019-10-17 06:30:38,329 [Datanode State Machine Thread - 0] INFO  datanode.InitDatanodeState (InitDatanodeState.java:persistContainerDatanodeDetails(140)) - DatanodeDetails is persisted to /workdir/hadoop-ozone/integration-test/target/test-dir/MiniOzoneClusterImpl-c6a2a26f-5c7a-4fdf-95bb-7d3ef4a0bc37/datanode-2/meta/datanode.id
2019-10-17 06:30:39,327 [Thread-1202] INFO  ozone.MiniOzoneClusterImpl (MiniOzoneClusterImpl.java:lambda$waitForClusterToBeReady$2(172)) - Waiting for cluster to be ready. Got 0 of 3 DN Heartbeats.
2019-10-17 06:30:40,197 [Datanode State Machine Thread - 0] INFO  ozoneimpl.OzoneContainer (OzoneContainer.java:start(213)) - Attempting to start container services.
2019-10-17 06:30:40,199 [Datanode State Machine Thread - 0] INFO  ozoneimpl.OzoneContainer (OzoneContainer.java:startContainerScrub(177)) - Background container scanner has been disabled.
2019-10-17 06:30:40,199 [Datanode State Machine Thread - 0] INFO  ratis.XceiverServerRatis (XceiverServerRatis.java:start(424)) - Starting XceiverServerRatis 0f256f10-8056-416e-a2a4-dd085f6c7864 at port 0
2019-10-17 06:30:40,205 [Datanode State Machine Thread - 0] INFO  impl.RaftServerProxy (RaftServerProxy.java:lambda$start$3(299)) - 0f256f10-8056-416e-a2a4-dd085f6c7864: start RPC server
2019-10-17 06:30:40,207 [Datanode State Machine Thread - 0] INFO  server.GrpcService (GrpcService.java:startImpl(158)) - 0f256f10-8056-416e-a2a4-dd085f6c7864: GrpcService started, listening on 0.0.0.0/0.0.0.0:35674
2019-10-17 06:30:40,207 [Datanode State Machine Thread - 0] INFO  ratis.XceiverServerRatis (XceiverServerRatis.java:start(434)) - XceiverServerRatis 0f256f10-8056-416e-a2a4-dd085f6c7864 is started using port 35674
2019-10-17 06:30:40,211 [Datanode State Machine Thread - 0] INFO  server.XceiverServerGrpc (XceiverServerGrpc.java:start(149)) - XceiverServerGrpc 0f256f10-8056-416e-a2a4-dd085f6c7864 is started using port 37947
2019-10-17 06:30:40,260 [Datanode State Machine Thread - 0] INFO  ozoneimpl.OzoneContainer (OzoneContainer.java:start(213)) - Attempting to start container services.
2019-10-17 06:30:40,261 [Datanode State Machine Thread - 0] INFO  ozoneimpl.OzoneContainer (OzoneContainer.java:startContainerScrub(177)) - Background container scanner has been disabled.
2019-10-17 06:30:40,261 [Datanode State Machine Thread - 0] INFO  ratis.XceiverServerRatis (XceiverServerRatis.java:start(424)) - Starting XceiverServerRatis 2f64f904-2283-4e96-b4e2-6c9018f13084 at port 0
2019-10-17 06:30:40,266 [Datanode State Machine Thread - 0] INFO  impl.RaftServerProxy (RaftServerProxy.java:lambda$start$3(299)) - 2f64f904-2283-4e96-b4e2-6c9018f13084: start RPC server
2019-10-17 06:30:40,268 [Datanode State Machine Thread - 0] INFO  server.GrpcService (GrpcService.java:startImpl(158)) - 2f64f904-2283-4e96-b4e2-6c9018f13084: GrpcService started, listening on 0.0.0.0/0.0.0.0:40373
2019-10-17 06:30:40,268 [Datanode State Machine Thread - 0] INFO  ratis.XceiverServerRatis (XceiverServerRatis.java:start(434)) - XceiverServerRatis 2f64f904-2283-4e96-b4e2-6c9018f13084 is started using port 40373
2019-10-17 06:30:40,269 [Datanode State Machine Thread - 0] INFO  server.XceiverServerGrpc (XceiverServerGrpc.java:start(149)) - XceiverServerGrpc 2f64f904-2283-4e96-b4e2-6c9018f13084 is started using port 40030
2019-10-17 06:30:40,328 [Thread-1202] INFO  ozone.MiniOzoneClusterImpl (MiniOzoneClusterImpl.java:lambda$waitForClusterToBeReady$2(172)) - Waiting for cluster to be ready. Got 0 of 3 DN Heartbeats.
2019-10-17 06:30:40,382 [Datanode State Machine Thread - 0] INFO  ozoneimpl.OzoneContainer (OzoneContainer.java:start(213)) - Attempting to start container services.
2019-10-17 06:30:40,384 [Datanode State Machine Thread - 0] INFO  ozoneimpl.OzoneContainer (OzoneContainer.java:startContainerScrub(177)) - Background container scanner has been disabled.
2019-10-17 06:30:40,384 [Datanode State Machine Thread - 0] INFO  ratis.XceiverServerRatis (XceiverServerRatis.java:start(424)) - Starting XceiverServerRatis 07fb1a7b-fe02-4a56-ac24-3020e88d4db0 at port 0
2019-10-17 06:30:40,389 [Datanode State Machine Thread - 0] INFO  impl.RaftServerProxy (RaftServerProxy.java:lambda$start$3(299)) - 07fb1a7b-fe02-4a56-ac24-3020e88d4db0: start RPC server
2019-10-17 06:30:40,391 [Datanode State Machine Thread - 0] INFO  server.GrpcService (GrpcService.java:startImpl(158)) - 07fb1a7b-fe02-4a56-ac24-3020e88d4db0: GrpcService started, listening on 0.0.0.0/0.0.0.0:46434
2019-10-17 06:30:40,391 [Datanode State Machine Thread - 0] INFO  ratis.XceiverServerRatis (XceiverServerRatis.java:start(434)) - XceiverServerRatis 07fb1a7b-fe02-4a56-ac24-3020e88d4db0 is started using port 46434
2019-10-17 06:30:40,395 [Datanode State Machine Thread - 0] INFO  server.XceiverServerGrpc (XceiverServerGrpc.java:start(149)) - XceiverServerGrpc 07fb1a7b-fe02-4a56-ac24-3020e88d4db0 is started using port 45084
2019-10-17 06:30:41,328 [Thread-1202] INFO  ozone.MiniOzoneClusterImpl (MiniOzoneClusterImpl.java:lambda$waitForClusterToBeReady$2(172)) - Waiting for cluster to be ready. Got 0 of 3 DN Heartbeats.
2019-10-17 06:30:42,155 [IPC Server handler 1 on 41444] INFO  net.NetworkTopology (NetworkTopologyImpl.java:add(111)) - Added a new node: /rack1/0f256f10-8056-416e-a2a4-dd085f6c7864
2019-10-17 06:30:42,156 [IPC Server handler 1 on 41444] INFO  node.SCMNodeManager (SCMNodeManager.java:register(268)) - Registered Data node : 0f256f10-8056-416e-a2a4-dd085f6c7864{ip: 192.168.34.62, host: pr-hdds-1868-lzclr-202649289, networkLocation: /rack1, certSerialId: null}
2019-10-17 06:30:42,158 [EventQueue-NodeRegistrationContainerReportForDataNodeSafeModeRule] INFO  safemode.SCMSafeModeManager (DataNodeSafeModeRule.java:process(71)) - SCM in safe mode. 1 DataNodes registered, 1 required.
2019-10-17 06:30:42,159 [EventQueue-NodeRegistrationContainerReportForDataNodeSafeModeRule] INFO  safemode.SCMSafeModeManager (SCMSafeModeManager.java:validateSafeModeExitRules(177)) - ScmSafeModeManager, all rules are successfully validated
2019-10-17 06:30:42,159 [EventQueue-NodeRegistrationContainerReportForDataNodeSafeModeRule] INFO  safemode.SCMSafeModeManager (SCMSafeModeManager.java:exitSafeMode(193)) - SCM exiting safe mode.
2019-10-17 06:30:42,173 [grpc-default-executor-1] INFO  impl.RaftServerProxy (RaftServerProxy.java:addNew(89)) - 0f256f10-8056-416e-a2a4-dd085f6c7864: addNew group-A0937F581285:[0f256f10-8056-416e-a2a4-dd085f6c7864:192.168.34.62:35674] returns group-A0937F581285:java.util.concurrent.CompletableFuture@53fde83c[Not completed]
2019-10-17 06:30:42,175 [pool-261-thread-1] INFO  impl.RaftServerImpl (RaftServerImpl.java:<init>(104)) - 0f256f10-8056-416e-a2a4-dd085f6c7864: new RaftServerImpl for group-A0937F581285:[0f256f10-8056-416e-a2a4-dd085f6c7864:192.168.34.62:35674] with ContainerStateMachine:uninitialized
2019-10-17 06:30:42,175 [pool-261-thread-1] INFO  server.RaftServerConfigKeys (ConfUtils.java:logGet(43)) - raft.server.rpc.timeout.min = 5s (custom)
2019-10-17 06:30:42,176 [pool-261-thread-1] INFO  server.RaftServerConfigKeys (ConfUtils.java:logGet(43)) - raft.server.rpc.timeout.max = 5200ms (custom)
2019-10-17 06:30:42,176 [pool-261-thread-1] INFO  server.RaftServerConfigKeys (ConfUtils.java:logGet(43)) - raft.server.rpcslowness.timeout = 120s (custom)
2019-10-17 06:30:42,176 [pool-261-thread-1] INFO  server.RaftServerConfigKeys (ConfUtils.java:logGet(43)) - raft.server.sleep.deviation.threshold = 300 (default)
2019-10-17 06:30:42,176 [pool-261-thread-1] INFO  server.RaftServerConfigKeys (ConfUtils.java:logGet(43)) - raft.server.log.appender.install.snapshot.enabled = false (custom)
2019-10-17 06:30:42,176 [pool-261-thread-1] INFO  impl.RaftServerImpl (ServerState.java:<init>(103)) - 0f256f10-8056-416e-a2a4-dd085f6c7864@group-A0937F581285: ConfigurationManager, init=-1: [0f256f10-8056-416e-a2a4-dd085f6c7864:192.168.34.62:35674], old=null, confs=<EMPTY_MAP>
2019-10-17 06:30:42,176 [pool-261-thread-1] INFO  server.RaftServerConfigKeys (ConfUtils.java:logGet(43)) - raft.server.storage.dir = [/workdir/hadoop-ozone/integration-test/target/test-dir/MiniOzoneClusterImpl-c6a2a26f-5c7a-4fdf-95bb-7d3ef4a0bc37/datanode-0/data/ratis] (custom)
2019-10-17 06:30:42,177 [pool-261-thread-1] INFO  server.RaftServerConfigKeys (ConfUtils.java:logGet(43)) - raft.server.log.corruption.policy = EXCEPTION (default)
2019-10-17 06:30:42,177 [pool-261-thread-1] INFO  storage.RaftStorageDirectory (RaftStorageDirectory.java:analyzeStorage(246)) - The storage directory /workdir/hadoop-ozone/integration-test/target/test-dir/MiniOzoneClusterImpl-c6a2a26f-5c7a-4fdf-95bb-7d3ef4a0bc37/datanode-0/data/ratis/7896f087-1291-451d-8426-a0937f581285 does not exist. Creating ...
2019-10-17 06:30:42,224 [IPC Server handler 2 on 41444] INFO  net.NetworkTopology (NetworkTopologyImpl.java:add(111)) - Added a new node: /rack1/2f64f904-2283-4e96-b4e2-6c9018f13084
2019-10-17 06:30:42,224 [IPC Server handler 2 on 41444] INFO  node.SCMNodeManager (SCMNodeManager.java:register(268)) - Registered Data node : 2f64f904-2283-4e96-b4e2-6c9018f13084{ip: 192.168.34.62, host: pr-hdds-1868-lzclr-202649289, networkLocation: /rack1, certSerialId: null}
2019-10-17 06:30:42,243 [pool-261-thread-1] INFO  storage.RaftStorageDirectory (RaftStorageDirectory.java:tryLock(328)) - Lock on /workdir/hadoop-ozone/integration-test/target/test-dir/MiniOzoneClusterImpl-c6a2a26f-5c7a-4fdf-95bb-7d3ef4a0bc37/datanode-0/data/ratis/7896f087-1291-451d-8426-a0937f581285/in_use.lock acquired by nodename 2880@pr-hdds-1868-lzclr-202649289
2019-10-17 06:30:42,292 [pool-261-thread-1] INFO  storage.RaftStorage (RaftStorage.java:format(84)) - Storage directory /workdir/hadoop-ozone/integration-test/target/test-dir/MiniOzoneClusterImpl-c6a2a26f-5c7a-4fdf-95bb-7d3ef4a0bc37/datanode-0/data/ratis/7896f087-1291-451d-8426-a0937f581285 has been successfully formatted.
2019-10-17 06:30:42,292 [pool-261-thread-1] INFO  ratis.ContainerStateMachine (ContainerStateMachine.java:loadSnapshot(233)) - group-A0937F581285: The snapshot info is null. Setting the last applied indexto:(t:0, i:~)
2019-10-17 06:30:42,292 [pool-261-thread-1] INFO  server.RaftServerConfigKeys (ConfUtils.java:logGet(43)) - raft.server.notification.no-leader.timeout = 120s (custom)
2019-10-17 06:30:42,292 [pool-261-thread-1] INFO  server.RaftServerConfigKeys (ConfUtils.java:logGet(43)) - raft.server.log.use.memory = false (default)
2019-10-17 06:30:42,293 [pool-261-thread-1] INFO  server.RaftServerConfigKeys (ConfUtils.java:logGet(43)) - raft.server.log.purge.gap = 1000000 (custom)
2019-10-17 06:30:42,293 [pool-261-thread-1] INFO  server.RaftServerConfigKeys (ConfUtils.java:logGet(43)) - raft.server.log.appender.buffer.byte-limit = 33554432 (custom)
2019-10-17 06:30:42,293 [pool-261-thread-1] INFO  server.RaftServerConfigKeys (ConfUtils.java:logGet(43)) - raft.server.log.segment.size.max = 1048576 (custom)
2019-10-17 06:30:42,295 [pool-261-thread-1] INFO  server.RaftServerConfigKeys (ConfUtils.java:logGet(43)) - raft.server.log.segment.cache.num.max = 2 (custom)
2019-10-17 06:30:42,295 [pool-261-thread-1] INFO  segmented.SegmentedRaftLogWorker (SegmentedRaftLogWorker.java:<init>(173)) - new 0f256f10-8056-416e-a2a4-dd085f6c7864@group-A0937F581285-SegmentedRaftLogWorker for RaftStorage:Storage Directory /workdir/hadoop-ozone/integration-test/target/test-dir/MiniOzoneClusterImpl-c6a2a26f-5c7a-4fdf-95bb-7d3ef4a0bc37/datanode-0/data/ratis/7896f087-1291-451d-8426-a0937f581285
2019-10-17 06:30:42,295 [pool-261-thread-1] INFO  server.RaftServerConfigKeys (ConfUtils.java:logGet(43)) - raft.server.log.queue.byte-limit = 2147483647 (custom)
2019-10-17 06:30:42,295 [pool-261-thread-1] INFO  server.RaftServerConfigKeys (ConfUtils.java:logGet(43)) - raft.server.log.queue.element-limit = 1024 (custom)
2019-10-17 06:30:42,295 [pool-261-thread-1] INFO  server.RaftServerConfigKeys (ConfUtils.java:logGet(43)) - raft.server.log.segment.size.max = 1048576 (custom)
2019-10-17 06:30:42,296 [pool-261-thread-1] INFO  server.RaftServerConfigKeys (ConfUtils.java:logGet(43)) - raft.server.log.preallocated.size = 16384 (custom)
2019-10-17 06:30:42,296 [pool-261-thread-1] INFO  server.RaftServerConfigKeys (ConfUtils.java:logGet(43)) - raft.server.log.write.buffer.size = 33554432 (custom)
2019-10-17 06:30:42,296 [pool-261-thread-1] INFO  server.RaftServerConfigKeys (ConfUtils.java:logGet(43)) - raft.server.log.force.sync.num = 128 (default)
2019-10-17 06:30:42,296 [pool-261-thread-1] INFO  server.RaftServerConfigKeys (ConfUtils.java:logGet(43)) - raft.server.log.statemachine.data.sync = true (default)
2019-10-17 06:30:42,296 [pool-261-thread-1] INFO  server.RaftServerConfigKeys (ConfUtils.java:logGet(43)) - raft.server.log.statemachine.data.sync.timeout = 10s (default)
2019-10-17 06:30:42,296 [pool-261-thread-1] INFO  server.RaftServerConfigKeys (ConfUtils.java:logGet(43)) - raft.server.log.statemachine.data.sync.timeout.retry = -1 (default)
2019-10-17 06:30:42,296 [pool-261-thread-1] INFO  server.RaftServerConfigKeys (ConfUtils.java:logGet(43)) - raft.server.log.statemachine.data.caching.enabled = true (custom)
2019-10-17 06:30:42,297 [pool-261-thread-1] INFO  segmented.SegmentedRaftLogWorker (SegmentedRaftLogWorker.java:lambda$new$0(128)) - 0f256f10-8056-416e-a2a4-dd085f6c7864@group-A0937F581285-SegmentedRaftLogWorker: flushIndex: setUnconditionally 0 -> -1
2019-10-17 06:30:42,297 [pool-261-thread-1] INFO  server.RaftServerConfigKeys (ConfUtils.java:logGet(43)) - raft.server.snapshot.auto.trigger.enabled = true (custom)
2019-10-17 06:30:42,297 [pool-261-thread-1] INFO  server.RaftServerConfigKeys (ConfUtils.java:logGet(43)) - raft.server.snapshot.auto.trigger.threshold = 10000 (custom)
2019-10-17 06:30:42,297 [pool-261-thread-1] INFO  server.RaftServerConfigKeys (ConfUtils.java:logGet(43)) - raft.server.snapshot.retention.file.num = 5 (custom)
2019-10-17 06:30:42,297 [pool-261-thread-1] INFO  server.RaftServerConfigKeys (ConfUtils.java:logGet(43)) - raft.server.retrycache.expirytime = 600000ms (custom)
2019-10-17 06:30:42,301 [pool-261-thread-1] INFO  impl.RaftServerImpl (RaftServerImpl.java:start(195)) - 0f256f10-8056-416e-a2a4-dd085f6c7864@group-A0937F581285: start as a follower, conf=-1: [0f256f10-8056-416e-a2a4-dd085f6c7864:192.168.34.62:35674], old=null
2019-10-17 06:30:42,301 [pool-261-thread-1] INFO  impl.RaftServerImpl (RaftServerImpl.java:setRole(184)) - 0f256f10-8056-416e-a2a4-dd085f6c7864@group-A0937F581285: changes role from      null to FOLLOWER at term 0 for startAsFollower
2019-10-17 06:30:42,301 [pool-261-thread-1] INFO  impl.RoleInfo (RoleInfo.java:updateAndGet(143)) - 0f256f10-8056-416e-a2a4-dd085f6c7864: start FollowerState
2019-10-17 06:30:42,302 [pool-261-thread-1] INFO  util.JmxRegister (JmxRegister.java:tryRegister(44)) - Successfully registered JMX Bean with object name Ratis:service=RaftServer,group=group-A0937F581285,id=0f256f10-8056-416e-a2a4-dd085f6c7864
2019-10-17 06:30:42,310 [RatisPipelineUtilsThread] INFO  pipeline.PipelineStateManager (PipelineStateManager.java:addPipeline(55)) - Created pipeline Pipeline[ Id: 7896f087-1291-451d-8426-a0937f581285, Nodes: 0f256f10-8056-416e-a2a4-dd085f6c7864{ip: 192.168.34.62, host: pr-hdds-1868-lzclr-202649289, networkLocation: /rack1, certSerialId: null}, Type:RATIS, Factor:ONE, State:ALLOCATED]
2019-10-17 06:30:42,320 [grpc-default-executor-1] INFO  impl.RaftServerProxy (RaftServerProxy.java:addNew(89)) - 2f64f904-2283-4e96-b4e2-6c9018f13084: addNew group-E2270722199D:[2f64f904-2283-4e96-b4e2-6c9018f13084:192.168.34.62:40373] returns group-E2270722199D:java.util.concurrent.CompletableFuture@245bcc21[Not completed]
2019-10-17 06:30:42,322 [pool-271-thread-1] INFO  impl.RaftServerImpl (RaftServerImpl.java:<init>(104)) - 2f64f904-2283-4e96-b4e2-6c9018f13084: new RaftServerImpl for group-E2270722199D:[2f64f904-2283-4e96-b4e2-6c9018f13084:192.168.34.62:40373] with ContainerStateMachine:uninitialized
2019-10-17 06:30:42,325 [pool-271-thread-1] INFO  server.RaftServerConfigKeys (ConfUtils.java:logGet(43)) - raft.server.rpc.timeout.min = 5s (custom)
2019-10-17 06:30:42,325 [pool-271-thread-1] INFO  server.RaftServerConfigKeys (ConfUtils.java:logGet(43)) - raft.server.rpc.timeout.max = 5200ms (custom)
2019-10-17 06:30:42,325 [pool-271-thread-1] INFO  server.RaftServerConfigKeys (ConfUtils.java:logGet(43)) - raft.server.rpcslowness.timeout = 120s (custom)
2019-10-17 06:30:42,325 [pool-271-thread-1] INFO  server.RaftServerConfigKeys (ConfUtils.java:logGet(43)) - raft.server.sleep.deviation.threshold = 300 (default)
2019-10-17 06:30:42,325 [pool-271-thread-1] INFO  server.RaftServerConfigKeys (ConfUtils.java:logGet(43)) - raft.server.log.appender.install.snapshot.enabled = false (custom)
2019-10-17 06:30:42,325 [pool-271-thread-1] INFO  impl.RaftServerImpl (ServerState.java:<init>(103)) - 2f64f904-2283-4e96-b4e2-6c9018f13084@group-E2270722199D: ConfigurationManager, init=-1: [2f64f904-2283-4e96-b4e2-6c9018f13084:192.168.34.62:40373], old=null, confs=<EMPTY_MAP>
2019-10-17 06:30:42,325 [pool-271-thread-1] INFO  server.RaftServerConfigKeys (ConfUtils.java:logGet(43)) - raft.server.storage.dir = [/workdir/hadoop-ozone/integration-test/target/test-dir/MiniOzoneClusterImpl-c6a2a26f-5c7a-4fdf-95bb-7d3ef4a0bc37/datanode-1/data/ratis] (custom)
2019-10-17 06:30:42,325 [pool-271-thread-1] INFO  server.RaftServerConfigKeys (ConfUtils.java:logGet(43)) - raft.server.log.corruption.policy = EXCEPTION (default)
2019-10-17 06:30:42,325 [pool-271-thread-1] INFO  storage.RaftStorageDirectory (RaftStorageDirectory.java:analyzeStorage(246)) - The storage directory /workdir/hadoop-ozone/integration-test/target/test-dir/MiniOzoneClusterImpl-c6a2a26f-5c7a-4fdf-95bb-7d3ef4a0bc37/datanode-1/data/ratis/0aee66ec-d44b-4798-81e5-e2270722199d does not exist. Creating ...
2019-10-17 06:30:42,328 [IPC Server handler 0 on 41444] INFO  net.NetworkTopology (NetworkTopologyImpl.java:add(111)) - Added a new node: /rack1/07fb1a7b-fe02-4a56-ac24-3020e88d4db0
2019-10-17 06:30:42,328 [IPC Server handler 0 on 41444] INFO  node.SCMNodeManager (SCMNodeManager.java:register(268)) - Registered Data node : 07fb1a7b-fe02-4a56-ac24-3020e88d4db0{ip: 192.168.34.62, host: pr-hdds-1868-lzclr-202649289, networkLocation: /rack1, certSerialId: null}
2019-10-17 06:30:42,373 [pool-271-thread-1] INFO  storage.RaftStorageDirectory (RaftStorageDirectory.java:tryLock(328)) - Lock on /workdir/hadoop-ozone/integration-test/target/test-dir/MiniOzoneClusterImpl-c6a2a26f-5c7a-4fdf-95bb-7d3ef4a0bc37/datanode-1/data/ratis/0aee66ec-d44b-4798-81e5-e2270722199d/in_use.lock acquired by nodename 2880@pr-hdds-1868-lzclr-202649289
2019-10-17 06:30:42,420 [pool-271-thread-1] INFO  storage.RaftStorage (RaftStorage.java:format(84)) - Storage directory /workdir/hadoop-ozone/integration-test/target/test-dir/MiniOzoneClusterImpl-c6a2a26f-5c7a-4fdf-95bb-7d3ef4a0bc37/datanode-1/data/ratis/0aee66ec-d44b-4798-81e5-e2270722199d has been successfully formatted.
2019-10-17 06:30:42,420 [pool-271-thread-1] INFO  ratis.ContainerStateMachine (ContainerStateMachine.java:loadSnapshot(233)) - group-E2270722199D: The snapshot info is null. Setting the last applied indexto:(t:0, i:~)
2019-10-17 06:30:42,420 [pool-271-thread-1] INFO  server.RaftServerConfigKeys (ConfUtils.java:logGet(43)) - raft.server.notification.no-leader.timeout = 120s (custom)
2019-10-17 06:30:42,420 [pool-271-thread-1] INFO  server.RaftServerConfigKeys (ConfUtils.java:logGet(43)) - raft.server.log.use.memory = false (default)
2019-10-17 06:30:42,420 [pool-271-thread-1] INFO  server.RaftServerConfigKeys (ConfUtils.java:logGet(43)) - raft.server.log.purge.gap = 1000000 (custom)
2019-10-17 06:30:42,420 [pool-271-thread-1] INFO  server.RaftServerConfigKeys (ConfUtils.java:logGet(43)) - raft.server.log.appender.buffer.byte-limit = 33554432 (custom)
2019-10-17 06:30:42,421 [pool-271-thread-1] INFO  server.RaftServerConfigKeys (ConfUtils.java:logGet(43)) - raft.server.log.segment.size.max = 1048576 (custom)
2019-10-17 06:30:42,422 [pool-271-thread-1] INFO  server.RaftServerConfigKeys (ConfUtils.java:logGet(43)) - raft.server.log.segment.cache.num.max = 2 (custom)
2019-10-17 06:30:42,422 [pool-271-thread-1] INFO  segmented.SegmentedRaftLogWorker (SegmentedRaftLogWorker.java:<init>(173)) - new 2f64f904-2283-4e96-b4e2-6c9018f13084@group-E2270722199D-SegmentedRaftLogWorker for RaftStorage:Storage Directory /workdir/hadoop-ozone/integration-test/target/test-dir/MiniOzoneClusterImpl-c6a2a26f-5c7a-4fdf-95bb-7d3ef4a0bc37/datanode-1/data/ratis/0aee66ec-d44b-4798-81e5-e2270722199d
2019-10-17 06:30:42,422 [pool-271-thread-1] INFO  server.RaftServerConfigKeys (ConfUtils.java:logGet(43)) - raft.server.log.queue.byte-limit = 2147483647 (custom)
2019-10-17 06:30:42,422 [pool-271-thread-1] INFO  server.RaftServerConfigKeys (ConfUtils.java:logGet(43)) - raft.server.log.queue.element-limit = 1024 (custom)
2019-10-17 06:30:42,422 [pool-271-thread-1] INFO  server.RaftServerConfigKeys (ConfUtils.java:logGet(43)) - raft.server.log.segment.size.max = 1048576 (custom)
2019-10-17 06:30:42,423 [pool-271-thread-1] INFO  server.RaftServerConfigKeys (ConfUtils.java:logGet(43)) - raft.server.log.preallocated.size = 16384 (custom)
2019-10-17 06:30:42,423 [pool-271-thread-1] INFO  server.RaftServerConfigKeys (ConfUtils.java:logGet(43)) - raft.server.log.write.buffer.size = 33554432 (custom)
2019-10-17 06:30:42,423 [pool-271-thread-1] INFO  server.RaftServerConfigKeys (ConfUtils.java:logGet(43)) - raft.server.log.force.sync.num = 128 (default)
2019-10-17 06:30:42,423 [pool-271-thread-1] INFO  server.RaftServerConfigKeys (ConfUtils.java:logGet(43)) - raft.server.log.statemachine.data.sync = true (default)
2019-10-17 06:30:42,423 [pool-271-thread-1] INFO  server.RaftServerConfigKeys (ConfUtils.java:logGet(43)) - raft.server.log.statemachine.data.sync.timeout = 10s (default)
2019-10-17 06:30:42,423 [pool-271-thread-1] INFO  server.RaftServerConfigKeys (ConfUtils.java:logGet(43)) - raft.server.log.statemachine.data.sync.timeout.retry = -1 (default)
2019-10-17 06:30:42,424 [pool-271-thread-1] INFO  server.RaftServerConfigKeys (ConfUtils.java:logGet(43)) - raft.server.log.statemachine.data.caching.enabled = true (custom)
2019-10-17 06:30:42,424 [pool-271-thread-1] INFO  segmented.SegmentedRaftLogWorker (SegmentedRaftLogWorker.java:lambda$new$0(128)) - 2f64f904-2283-4e96-b4e2-6c9018f13084@group-E2270722199D-SegmentedRaftLogWorker: flushIndex: setUnconditionally 0 -> -1
2019-10-17 06:30:42,424 [pool-271-thread-1] INFO  server.RaftServerConfigKeys (ConfUtils.java:logGet(43)) - raft.server.snapshot.auto.trigger.enabled = true (custom)
2019-10-17 06:30:42,424 [pool-271-thread-1] INFO  server.RaftServerConfigKeys (ConfUtils.java:logGet(43)) - raft.server.snapshot.auto.trigger.threshold = 10000 (custom)
2019-10-17 06:30:42,424 [pool-271-thread-1] INFO  server.RaftServerConfigKeys (ConfUtils.java:logGet(43)) - raft.server.snapshot.retention.file.num = 5 (custom)
2019-10-17 06:30:42,425 [pool-271-thread-1] INFO  server.RaftServerConfigKeys (ConfUtils.java:logGet(43)) - raft.server.retrycache.expirytime = 600000ms (custom)
2019-10-17 06:30:42,427 [pool-271-thread-1] INFO  impl.RaftServerImpl (RaftServerImpl.java:start(195)) - 2f64f904-2283-4e96-b4e2-6c9018f13084@group-E2270722199D: start as a follower, conf=-1: [2f64f904-2283-4e96-b4e2-6c9018f13084:192.168.34.62:40373], old=null
2019-10-17 06:30:42,427 [pool-271-thread-1] INFO  impl.RaftServerImpl (RaftServerImpl.java:setRole(184)) - 2f64f904-2283-4e96-b4e2-6c9018f13084@group-E2270722199D: changes role from      null to FOLLOWER at term 0 for startAsFollower
2019-10-17 06:30:42,427 [pool-271-thread-1] INFO  impl.RoleInfo (RoleInfo.java:updateAndGet(143)) - 2f64f904-2283-4e96-b4e2-6c9018f13084: start FollowerState
2019-10-17 06:30:42,427 [pool-271-thread-1] INFO  util.JmxRegister (JmxRegister.java:tryRegister(44)) - Successfully registered JMX Bean with object name Ratis:service=RaftServer,group=group-E2270722199D,id=2f64f904-2283-4e96-b4e2-6c9018f13084
2019-10-17 06:30:42,436 [RatisPipelineUtilsThread] INFO  pipeline.PipelineStateManager (PipelineStateManager.java:addPipeline(55)) - Created pipeline Pipeline[ Id: 0aee66ec-d44b-4798-81e5-e2270722199d, Nodes: 2f64f904-2283-4e96-b4e2-6c9018f13084{ip: 192.168.34.62, host: pr-hdds-1868-lzclr-202649289, networkLocation: /rack1, certSerialId: null}, Type:RATIS, Factor:ONE, State:ALLOCATED]
2019-10-17 06:30:42,437 [Thread-1376] INFO  impl.FollowerState (FollowerState.java:run(108)) - 0f256f10-8056-416e-a2a4-dd085f6c7864@group-A0937F581285-FollowerState: change to CANDIDATE, lastRpcTime:135ms, electionTimeout:135ms
2019-10-17 06:30:42,437 [Thread-1376] INFO  impl.RoleInfo (RoleInfo.java:shutdownFollowerState(121)) - 0f256f10-8056-416e-a2a4-dd085f6c7864: shutdown FollowerState
2019-10-17 06:30:42,438 [Thread-1376] INFO  impl.RaftServerImpl (RaftServerImpl.java:setRole(184)) - 0f256f10-8056-416e-a2a4-dd085f6c7864@group-A0937F581285: changes role from  FOLLOWER to CANDIDATE at term 0 for changeToCandidate
2019-10-17 06:30:42,438 [Thread-1376] INFO  impl.RoleInfo (RoleInfo.java:updateAndGet(143)) - 0f256f10-8056-416e-a2a4-dd085f6c7864: start LeaderElection
2019-10-17 06:30:42,450 [grpc-default-executor-1] INFO  impl.RaftServerProxy (RaftServerProxy.java:addNew(89)) - 07fb1a7b-fe02-4a56-ac24-3020e88d4db0: addNew group-6E60404CAEBE:[07fb1a7b-fe02-4a56-ac24-3020e88d4db0:192.168.34.62:46434] returns group-6E60404CAEBE:java.util.concurrent.CompletableFuture@6b962110[Not completed]
2019-10-17 06:30:42,451 [pool-281-thread-1] INFO  impl.RaftServerImpl (RaftServerImpl.java:<init>(104)) - 07fb1a7b-fe02-4a56-ac24-3020e88d4db0: new RaftServerImpl for group-6E60404CAEBE:[07fb1a7b-fe02-4a56-ac24-3020e88d4db0:192.168.34.62:46434] with ContainerStateMachine:uninitialized
2019-10-17 06:30:42,451 [pool-281-thread-1] INFO  server.RaftServerConfigKeys (ConfUtils.java:logGet(43)) - raft.server.rpc.timeout.min = 5s (custom)
2019-10-17 06:30:42,451 [pool-281-thread-1] INFO  server.RaftServerConfigKeys (ConfUtils.java:logGet(43)) - raft.server.rpc.timeout.max = 5200ms (custom)
2019-10-17 06:30:42,451 [pool-281-thread-1] INFO  server.RaftServerConfigKeys (ConfUtils.java:logGet(43)) - raft.server.rpcslowness.timeout = 120s (custom)
2019-10-17 06:30:42,451 [pool-281-thread-1] INFO  server.RaftServerConfigKeys (ConfUtils.java:logGet(43)) - raft.server.sleep.deviation.threshold = 300 (default)
2019-10-17 06:30:42,451 [pool-281-thread-1] INFO  server.RaftServerConfigKeys (ConfUtils.java:logGet(43)) - raft.server.log.appender.install.snapshot.enabled = false (custom)
2019-10-17 06:30:42,451 [pool-281-thread-1] INFO  impl.RaftServerImpl (ServerState.java:<init>(103)) - 07fb1a7b-fe02-4a56-ac24-3020e88d4db0@group-6E60404CAEBE: ConfigurationManager, init=-1: [07fb1a7b-fe02-4a56-ac24-3020e88d4db0:192.168.34.62:46434], old=null, confs=<EMPTY_MAP>
2019-10-17 06:30:42,451 [pool-281-thread-1] INFO  server.RaftServerConfigKeys (ConfUtils.java:logGet(43)) - raft.server.storage.dir = [/workdir/hadoop-ozone/integration-test/target/test-dir/MiniOzoneClusterImpl-c6a2a26f-5c7a-4fdf-95bb-7d3ef4a0bc37/datanode-2/data/ratis] (custom)
2019-10-17 06:30:42,452 [pool-281-thread-1] INFO  server.RaftServerConfigKeys (ConfUtils.java:logGet(43)) - raft.server.log.corruption.policy = EXCEPTION (default)
2019-10-17 06:30:42,452 [pool-281-thread-1] INFO  storage.RaftStorageDirectory (RaftStorageDirectory.java:analyzeStorage(246)) - The storage directory /workdir/hadoop-ozone/integration-test/target/test-dir/MiniOzoneClusterImpl-c6a2a26f-5c7a-4fdf-95bb-7d3ef4a0bc37/datanode-2/data/ratis/95a34eeb-6878-4a2d-b1c1-6e60404caebe does not exist. Creating ...
2019-10-17 06:30:42,470 [Thread-1379] INFO  impl.FollowerState (FollowerState.java:run(108)) - 2f64f904-2283-4e96-b4e2-6c9018f13084@group-E2270722199D-FollowerState: change to CANDIDATE, lastRpcTime:42ms, electionTimeout:42ms
2019-10-17 06:30:42,470 [Thread-1379] INFO  impl.RoleInfo (RoleInfo.java:shutdownFollowerState(121)) - 2f64f904-2283-4e96-b4e2-6c9018f13084: shutdown FollowerState
2019-10-17 06:30:42,470 [Thread-1379] INFO  impl.RaftServerImpl (RaftServerImpl.java:setRole(184)) - 2f64f904-2283-4e96-b4e2-6c9018f13084@group-E2270722199D: changes role from  FOLLOWER to CANDIDATE at term 0 for changeToCandidate
2019-10-17 06:30:42,470 [Thread-1379] INFO  impl.RoleInfo (RoleInfo.java:updateAndGet(143)) - 2f64f904-2283-4e96-b4e2-6c9018f13084: start LeaderElection
2019-10-17 06:30:42,534 [0f256f10-8056-416e-a2a4-dd085f6c7864@group-A0937F581285-LeaderElection9] INFO  impl.LeaderElection (LeaderElection.java:askForVotes(178)) - 0f256f10-8056-416e-a2a4-dd085f6c7864@group-A0937F581285-LeaderElection9: begin an election at term 1 for -1: [0f256f10-8056-416e-a2a4-dd085f6c7864:192.168.34.62:35674], old=null
2019-10-17 06:30:42,534 [0f256f10-8056-416e-a2a4-dd085f6c7864@group-A0937F581285-LeaderElection9] INFO  impl.RoleInfo (RoleInfo.java:shutdownLeaderElection(134)) - 0f256f10-8056-416e-a2a4-dd085f6c7864: shutdown LeaderElection
2019-10-17 06:30:42,534 [0f256f10-8056-416e-a2a4-dd085f6c7864@group-A0937F581285-LeaderElection9] INFO  impl.RaftServerImpl (RaftServerImpl.java:setRole(184)) - 0f256f10-8056-416e-a2a4-dd085f6c7864@group-A0937F581285: changes role from CANDIDATE to LEADER at term 1 for changeToLeader
2019-10-17 06:30:42,535 [0f256f10-8056-416e-a2a4-dd085f6c7864@group-A0937F581285-LeaderElection9] INFO  ratis.XceiverServerRatis (XceiverServerRatis.java:handleLeaderChangedNotification(699)) - Leader change notification received for group: group-A0937F581285 with new leaderId: 0f256f10-8056-416e-a2a4-dd085f6c7864
2019-10-17 06:30:42,535 [0f256f10-8056-416e-a2a4-dd085f6c7864@group-A0937F581285-LeaderElection9] INFO  impl.RaftServerImpl (ServerState.java:setLeader(256)) - 0f256f10-8056-416e-a2a4-dd085f6c7864@group-A0937F581285: change Leader from null to 0f256f10-8056-416e-a2a4-dd085f6c7864 at term 1 for becomeLeader, leader elected after 242ms
2019-10-17 06:30:42,535 [0f256f10-8056-416e-a2a4-dd085f6c7864@group-A0937F581285-LeaderElection9] INFO  server.RaftServerConfigKeys (ConfUtils.java:logGet(43)) - raft.server.staging.catchup.gap = 1000 (default)
2019-10-17 06:30:42,537 [0f256f10-8056-416e-a2a4-dd085f6c7864@group-A0937F581285-LeaderElection9] INFO  server.RaftServerConfigKeys (ConfUtils.java:logGet(43)) - raft.server.rpc.sleep.time = 25ms (default)
2019-10-17 06:30:42,537 [0f256f10-8056-416e-a2a4-dd085f6c7864@group-A0937F581285-LeaderElection9] INFO  server.RaftServerConfigKeys (ConfUtils.java:logGet(43)) - raft.server.write.element-limit = 4096 (default)
2019-10-17 06:30:42,537 [0f256f10-8056-416e-a2a4-dd085f6c7864@group-A0937F581285-LeaderElection9] INFO  server.RaftServerConfigKeys (ConfUtils.java:logGet(43)) - raft.server.watch.timeout = 10s (default)
2019-10-17 06:30:42,537 [0f256f10-8056-416e-a2a4-dd085f6c7864@group-A0937F581285-LeaderElection9] INFO  server.RaftServerConfigKeys (ConfUtils.java:logGet(43)) - raft.server.watch.timeout.denomination = 1s (default)
2019-10-17 06:30:42,537 [0f256f10-8056-416e-a2a4-dd085f6c7864@group-A0937F581285-LeaderElection9] INFO  server.RaftServerConfigKeys (ConfUtils.java:logGet(43)) - raft.server.watch.element-limit = 65536 (default)
2019-10-17 06:30:42,540 [0f256f10-8056-416e-a2a4-dd085f6c7864@group-A0937F581285-LeaderElection9] INFO  impl.RoleInfo (RoleInfo.java:updateAndGet(143)) - 0f256f10-8056-416e-a2a4-dd085f6c7864: start LeaderState
2019-10-17 06:30:42,540 [0f256f10-8056-416e-a2a4-dd085f6c7864@group-A0937F581285-LeaderElection9] INFO  segmented.SegmentedRaftLogWorker (SegmentedRaftLogWorker.java:startLogSegment(385)) - 0f256f10-8056-416e-a2a4-dd085f6c7864@group-A0937F581285-SegmentedRaftLogWorker: Starting segment from index:0
2019-10-17 06:30:42,541 [0f256f10-8056-416e-a2a4-dd085f6c7864@group-A0937F581285-LeaderElection9] INFO  impl.RaftServerImpl (ServerState.java:setRaftConf(357)) - 0f256f10-8056-416e-a2a4-dd085f6c7864@group-A0937F581285: set configuration 0: [0f256f10-8056-416e-a2a4-dd085f6c7864:192.168.34.62:35674], old=null at 0
2019-10-17 06:30:42,565 [pool-281-thread-1] INFO  storage.RaftStorageDirectory (RaftStorageDirectory.java:tryLock(328)) - Lock on /workdir/hadoop-ozone/integration-test/target/test-dir/MiniOzoneClusterImpl-c6a2a26f-5c7a-4fdf-95bb-7d3ef4a0bc37/datanode-2/data/ratis/95a34eeb-6878-4a2d-b1c1-6e60404caebe/in_use.lock acquired by nodename 2880@pr-hdds-1868-lzclr-202649289
2019-10-17 06:30:42,565 [2f64f904-2283-4e96-b4e2-6c9018f13084@group-E2270722199D-LeaderElection10] INFO  impl.LeaderElection (LeaderElection.java:askForVotes(178)) - 2f64f904-2283-4e96-b4e2-6c9018f13084@group-E2270722199D-LeaderElection10: begin an election at term 1 for -1: [2f64f904-2283-4e96-b4e2-6c9018f13084:192.168.34.62:40373], old=null
2019-10-17 06:30:42,566 [2f64f904-2283-4e96-b4e2-6c9018f13084@group-E2270722199D-LeaderElection10] INFO  impl.RoleInfo (RoleInfo.java:shutdownLeaderElection(134)) - 2f64f904-2283-4e96-b4e2-6c9018f13084: shutdown LeaderElection
2019-10-17 06:30:42,566 [2f64f904-2283-4e96-b4e2-6c9018f13084@group-E2270722199D-LeaderElection10] INFO  impl.RaftServerImpl (RaftServerImpl.java:setRole(184)) - 2f64f904-2283-4e96-b4e2-6c9018f13084@group-E2270722199D: changes role from CANDIDATE to LEADER at term 1 for changeToLeader
2019-10-17 06:30:42,566 [2f64f904-2283-4e96-b4e2-6c9018f13084@group-E2270722199D-LeaderElection10] INFO  ratis.XceiverServerRatis (XceiverServerRatis.java:handleLeaderChangedNotification(699)) - Leader change notification received for group: group-E2270722199D with new leaderId: 2f64f904-2283-4e96-b4e2-6c9018f13084
2019-10-17 06:30:42,566 [2f64f904-2283-4e96-b4e2-6c9018f13084@group-E2270722199D-LeaderElection10] INFO  impl.RaftServerImpl (ServerState.java:setLeader(256)) - 2f64f904-2283-4e96-b4e2-6c9018f13084@group-E2270722199D: change Leader from null to 2f64f904-2283-4e96-b4e2-6c9018f13084 at term 1 for becomeLeader, leader elected after 145ms
2019-10-17 06:30:42,566 [2f64f904-2283-4e96-b4e2-6c9018f13084@group-E2270722199D-LeaderElection10] INFO  server.RaftServerConfigKeys (ConfUtils.java:logGet(43)) - raft.server.staging.catchup.gap = 1000 (default)
2019-10-17 06:30:42,567 [2f64f904-2283-4e96-b4e2-6c9018f13084@group-E2270722199D-LeaderElection10] INFO  server.RaftServerConfigKeys (ConfUtils.java:logGet(43)) - raft.server.rpc.sleep.time = 25ms (default)
2019-10-17 06:30:42,567 [2f64f904-2283-4e96-b4e2-6c9018f13084@group-E2270722199D-LeaderElection10] INFO  server.RaftServerConfigKeys (ConfUtils.java:logGet(43)) - raft.server.write.element-limit = 4096 (default)
2019-10-17 06:30:42,567 [2f64f904-2283-4e96-b4e2-6c9018f13084@group-E2270722199D-LeaderElection10] INFO  server.RaftServerConfigKeys (ConfUtils.java:logGet(43)) - raft.server.watch.timeout = 10s (default)
2019-10-17 06:30:42,567 [2f64f904-2283-4e96-b4e2-6c9018f13084@group-E2270722199D-LeaderElection10] INFO  server.RaftServerConfigKeys (ConfUtils.java:logGet(43)) - raft.server.watch.timeout.denomination = 1s (default)
2019-10-17 06:30:42,567 [2f64f904-2283-4e96-b4e2-6c9018f13084@group-E2270722199D-LeaderElection10] INFO  server.RaftServerConfigKeys (ConfUtils.java:logGet(43)) - raft.server.watch.element-limit = 65536 (default)
2019-10-17 06:30:42,569 [2f64f904-2283-4e96-b4e2-6c9018f13084@group-E2270722199D-LeaderElection10] INFO  impl.RoleInfo (RoleInfo.java:updateAndGet(143)) - 2f64f904-2283-4e96-b4e2-6c9018f13084: start LeaderState
2019-10-17 06:30:42,569 [2f64f904-2283-4e96-b4e2-6c9018f13084@group-E2270722199D-LeaderElection10] INFO  segmented.SegmentedRaftLogWorker (SegmentedRaftLogWorker.java:startLogSegment(385)) - 2f64f904-2283-4e96-b4e2-6c9018f13084@group-E2270722199D-SegmentedRaftLogWorker: Starting segment from index:0
2019-10-17 06:30:42,570 [2f64f904-2283-4e96-b4e2-6c9018f13084@group-E2270722199D-LeaderElection10] INFO  impl.RaftServerImpl (ServerState.java:setRaftConf(357)) - 2f64f904-2283-4e96-b4e2-6c9018f13084@group-E2270722199D: set configuration 0: [2f64f904-2283-4e96-b4e2-6c9018f13084:192.168.34.62:40373], old=null at 0
2019-10-17 06:30:42,608 [0f256f10-8056-416e-a2a4-dd085f6c7864@group-A0937F581285-SegmentedRaftLogWorker] INFO  segmented.SegmentedRaftLogWorker (SegmentedRaftLogWorker.java:execute(576)) - 0f256f10-8056-416e-a2a4-dd085f6c7864@group-A0937F581285-SegmentedRaftLogWorker: created new log segment /workdir/hadoop-ozone/integration-test/target/test-dir/MiniOzoneClusterImpl-c6a2a26f-5c7a-4fdf-95bb-7d3ef4a0bc37/datanode-0/data/ratis/7896f087-1291-451d-8426-a0937f581285/current/log_inprogress_0
2019-10-17 06:30:42,608 [pool-281-thread-1] INFO  storage.RaftStorage (RaftStorage.java:format(84)) - Storage directory /workdir/hadoop-ozone/integration-test/target/test-dir/MiniOzoneClusterImpl-c6a2a26f-5c7a-4fdf-95bb-7d3ef4a0bc37/datanode-2/data/ratis/95a34eeb-6878-4a2d-b1c1-6e60404caebe has been successfully formatted.
2019-10-17 06:30:42,609 [pool-281-thread-1] INFO  ratis.ContainerStateMachine (ContainerStateMachine.java:loadSnapshot(233)) - group-6E60404CAEBE: The snapshot info is null. Setting the last applied indexto:(t:0, i:~)
2019-10-17 06:30:42,609 [pool-281-thread-1] INFO  server.RaftServerConfigKeys (ConfUtils.java:logGet(43)) - raft.server.notification.no-leader.timeout = 120s (custom)
2019-10-17 06:30:42,609 [pool-281-thread-1] INFO  server.RaftServerConfigKeys (ConfUtils.java:logGet(43)) - raft.server.log.use.memory = false (default)
2019-10-17 06:30:42,609 [pool-281-thread-1] INFO  server.RaftServerConfigKeys (ConfUtils.java:logGet(43)) - raft.server.log.purge.gap = 1000000 (custom)
2019-10-17 06:30:42,610 [pool-281-thread-1] INFO  server.RaftServerConfigKeys (ConfUtils.java:logGet(43)) - raft.server.log.appender.buffer.byte-limit = 33554432 (custom)
2019-10-17 06:30:42,610 [pool-281-thread-1] INFO  server.RaftServerConfigKeys (ConfUtils.java:logGet(43)) - raft.server.log.segment.size.max = 1048576 (custom)
2019-10-17 06:30:42,610 [2f64f904-2283-4e96-b4e2-6c9018f13084@group-E2270722199D-SegmentedRaftLogWorker] INFO  segmented.SegmentedRaftLogWorker (SegmentedRaftLogWorker.java:execute(576)) - 2f64f904-2283-4e96-b4e2-6c9018f13084@group-E2270722199D-SegmentedRaftLogWorker: created new log segment /workdir/hadoop-ozone/integration-test/target/test-dir/MiniOzoneClusterImpl-c6a2a26f-5c7a-4fdf-95bb-7d3ef4a0bc37/datanode-1/data/ratis/0aee66ec-d44b-4798-81e5-e2270722199d/current/log_inprogress_0
2019-10-17 06:30:42,612 [pool-281-thread-1] INFO  server.RaftServerConfigKeys (ConfUtils.java:logGet(43)) - raft.server.log.segment.cache.num.max = 2 (custom)
2019-10-17 06:30:42,612 [pool-281-thread-1] INFO  segmented.SegmentedRaftLogWorker (SegmentedRaftLogWorker.java:<init>(173)) - new 07fb1a7b-fe02-4a56-ac24-3020e88d4db0@group-6E60404CAEBE-SegmentedRaftLogWorker for RaftStorage:Storage Directory /workdir/hadoop-ozone/integration-test/target/test-dir/MiniOzoneClusterImpl-c6a2a26f-5c7a-4fdf-95bb-7d3ef4a0bc37/datanode-2/data/ratis/95a34eeb-6878-4a2d-b1c1-6e60404caebe
2019-10-17 06:30:42,612 [pool-281-thread-1] INFO  server.RaftServerConfigKeys (ConfUtils.java:logGet(43)) - raft.server.log.queue.byte-limit = 2147483647 (custom)
2019-10-17 06:30:42,613 [pool-281-thread-1] INFO  server.RaftServerConfigKeys (ConfUtils.java:logGet(43)) - raft.server.log.queue.element-limit = 1024 (custom)
2019-10-17 06:30:42,613 [pool-281-thread-1] INFO  server.RaftServerConfigKeys (ConfUtils.java:logGet(43)) - raft.server.log.segment.size.max = 1048576 (custom)
2019-10-17 06:30:42,613 [pool-281-thread-1] INFO  server.RaftServerConfigKeys (ConfUtils.java:logGet(43)) - raft.server.log.preallocated.size = 16384 (custom)
2019-10-17 06:30:42,613 [pool-281-thread-1] INFO  server.RaftServerConfigKeys (ConfUtils.java:logGet(43)) - raft.server.log.write.buffer.size = 33554432 (custom)
2019-10-17 06:30:42,613 [pool-281-thread-1] INFO  server.RaftServerConfigKeys (ConfUtils.java:logGet(43)) - raft.server.log.force.sync.num = 128 (default)
2019-10-17 06:30:42,613 [pool-281-thread-1] INFO  server.RaftServerConfigKeys (ConfUtils.java:logGet(43)) - raft.server.log.statemachine.data.sync = true (default)
2019-10-17 06:30:42,613 [pool-281-thread-1] INFO  server.RaftServerConfigKeys (ConfUtils.java:logGet(43)) - raft.server.log.statemachine.data.sync.timeout = 10s (default)
2019-10-17 06:30:42,613 [pool-281-thread-1] INFO  server.RaftServerConfigKeys (ConfUtils.java:logGet(43)) - raft.server.log.statemachine.data.sync.timeout.retry = -1 (default)
2019-10-17 06:30:42,614 [pool-281-thread-1] INFO  server.RaftServerConfigKeys (ConfUtils.java:logGet(43)) - raft.server.log.statemachine.data.caching.enabled = true (custom)
2019-10-17 06:30:42,614 [pool-281-thread-1] INFO  segmented.SegmentedRaftLogWorker (SegmentedRaftLogWorker.java:lambda$new$0(128)) - 07fb1a7b-fe02-4a56-ac24-3020e88d4db0@group-6E60404CAEBE-SegmentedRaftLogWorker: flushIndex: setUnconditionally 0 -> -1
2019-10-17 06:30:42,614 [pool-281-thread-1] INFO  server.RaftServerConfigKeys (ConfUtils.java:logGet(43)) - raft.server.snapshot.auto.trigger.enabled = true (custom)
2019-10-17 06:30:42,614 [pool-281-thread-1] INFO  server.RaftServerConfigKeys (ConfUtils.java:logGet(43)) - raft.server.snapshot.auto.trigger.threshold = 10000 (custom)
2019-10-17 06:30:42,614 [pool-281-thread-1] INFO  server.RaftServerConfigKeys (ConfUtils.java:logGet(43)) - raft.server.snapshot.retention.file.num = 5 (custom)
2019-10-17 06:30:42,615 [pool-281-thread-1] INFO  server.RaftServerConfigKeys (ConfUtils.java:logGet(43)) - raft.server.retrycache.expirytime = 600000ms (custom)
2019-10-17 06:30:42,618 [pool-281-thread-1] INFO  impl.RaftServerImpl (RaftServerImpl.java:start(195)) - 07fb1a7b-fe02-4a56-ac24-3020e88d4db0@group-6E60404CAEBE: start as a follower, conf=-1: [07fb1a7b-fe02-4a56-ac24-3020e88d4db0:192.168.34.62:46434], old=null
2019-10-17 06:30:42,618 [pool-281-thread-1] INFO  impl.RaftServerImpl (RaftServerImpl.java:setRole(184)) - 07fb1a7b-fe02-4a56-ac24-3020e88d4db0@group-6E60404CAEBE: changes role from      null to FOLLOWER at term 0 for startAsFollower
2019-10-17 06:30:42,618 [pool-281-thread-1] INFO  impl.RoleInfo (RoleInfo.java:updateAndGet(143)) - 07fb1a7b-fe02-4a56-ac24-3020e88d4db0: start FollowerState
2019-10-17 06:30:42,618 [pool-281-thread-1] INFO  util.JmxRegister (JmxRegister.java:tryRegister(44)) - Successfully registered JMX Bean with object name Ratis:service=RaftServer,group=group-6E60404CAEBE,id=07fb1a7b-fe02-4a56-ac24-3020e88d4db0
2019-10-17 06:30:42,626 [RatisPipelineUtilsThread] INFO  pipeline.PipelineStateManager (PipelineStateManager.java:addPipeline(55)) - Created pipeline Pipeline[ Id: 95a34eeb-6878-4a2d-b1c1-6e60404caebe, Nodes: 07fb1a7b-fe02-4a56-ac24-3020e88d4db0{ip: 192.168.34.62, host: pr-hdds-1868-lzclr-202649289, networkLocation: /rack1, certSerialId: null}, Type:RATIS, Factor:ONE, State:ALLOCATED]
2019-10-17 06:30:42,627 [Thread-1202] INFO  ozone.MiniOzoneClusterImpl (MiniOzoneClusterImpl.java:lambda$waitForClusterToBeReady$2(164)) - Waiting for 3 number of pipelines out of 3, to report a leader.
2019-10-17 06:30:42,627 [EventQueue-PipelineReportForPipelineReportHandler] INFO  pipeline.PipelineReportHandler (PipelineReportHandler.java:processPipelineReport(119)) - Pipeline PipelineID=7896f087-1291-451d-8426-a0937f581285 reported by 0f256f10-8056-416e-a2a4-dd085f6c7864{ip: 192.168.34.62, host: pr-hdds-1868-lzclr-202649289, networkLocation: /rack1, certSerialId: null} with leaderId 0f256f10-8056-416e-a2a4-dd085f6c7864
2019-10-17 06:30:42,638 [Thread-1386] INFO  impl.FollowerState (FollowerState.java:run(108)) - 07fb1a7b-fe02-4a56-ac24-3020e88d4db0@group-6E60404CAEBE-FollowerState: change to CANDIDATE, lastRpcTime:18ms, electionTimeout:18ms
2019-10-17 06:30:42,639 [Thread-1386] INFO  impl.RoleInfo (RoleInfo.java:shutdownFollowerState(121)) - 07fb1a7b-fe02-4a56-ac24-3020e88d4db0: shutdown FollowerState
2019-10-17 06:30:42,639 [Thread-1386] INFO  impl.RaftServerImpl (RaftServerImpl.java:setRole(184)) - 07fb1a7b-fe02-4a56-ac24-3020e88d4db0@group-6E60404CAEBE: changes role from  FOLLOWER to CANDIDATE at term 0 for changeToCandidate
2019-10-17 06:30:42,639 [Thread-1386] INFO  impl.RoleInfo (RoleInfo.java:updateAndGet(143)) - 07fb1a7b-fe02-4a56-ac24-3020e88d4db0: start LeaderElection
2019-10-17 06:30:42,645 [grpc-default-executor-1] INFO  impl.RaftServerProxy (RaftServerProxy.java:addNew(89)) - 2f64f904-2283-4e96-b4e2-6c9018f13084: addNew group-2352D94BEA88:[2f64f904-2283-4e96-b4e2-6c9018f13084:192.168.34.62:40373, 0f256f10-8056-416e-a2a4-dd085f6c7864:192.168.34.62:35674, 07fb1a7b-fe02-4a56-ac24-3020e88d4db0:192.168.34.62:46434] returns group-2352D94BEA88:java.util.concurrent.CompletableFuture@52aaf3bf[Not completed]
2019-10-17 06:30:42,649 [grpc-default-executor-3] INFO  impl.RaftServerProxy (RaftServerProxy.java:addNew(89)) - 07fb1a7b-fe02-4a56-ac24-3020e88d4db0: addNew group-2352D94BEA88:[2f64f904-2283-4e96-b4e2-6c9018f13084:192.168.34.62:40373, 0f256f10-8056-416e-a2a4-dd085f6c7864:192.168.34.62:35674, 07fb1a7b-fe02-4a56-ac24-3020e88d4db0:192.168.34.62:46434] returns group-2352D94BEA88:java.util.concurrent.CompletableFuture@d7300de[Not completed]
2019-10-17 06:30:42,649 [grpc-default-executor-2] INFO  impl.RaftServerProxy (RaftServerProxy.java:addNew(89)) - 0f256f10-8056-416e-a2a4-dd085f6c7864: addNew group-2352D94BEA88:[2f64f904-2283-4e96-b4e2-6c9018f13084:192.168.34.62:40373, 0f256f10-8056-416e-a2a4-dd085f6c7864:192.168.34.62:35674, 07fb1a7b-fe02-4a56-ac24-3020e88d4db0:192.168.34.62:46434] returns group-2352D94BEA88:java.util.concurrent.CompletableFuture@1d6c7d16[Not completed]
2019-10-17 06:30:42,650 [pool-271-thread-1] INFO  impl.RaftServerImpl (RaftServerImpl.java:<init>(104)) - 2f64f904-2283-4e96-b4e2-6c9018f13084: new RaftServerImpl for group-2352D94BEA88:[2f64f904-2283-4e96-b4e2-6c9018f13084:192.168.34.62:40373, 0f256f10-8056-416e-a2a4-dd085f6c7864:192.168.34.62:35674, 07fb1a7b-fe02-4a56-ac24-3020e88d4db0:192.168.34.62:46434] with ContainerStateMachine:uninitialized
2019-10-17 06:30:42,650 [pool-271-thread-1] INFO  server.RaftServerConfigKeys (ConfUtils.java:logGet(43)) - raft.server.rpc.timeout.min = 5s (custom)
2019-10-17 06:30:42,650 [pool-271-thread-1] INFO  server.RaftServerConfigKeys (ConfUtils.java:logGet(43)) - raft.server.rpc.timeout.max = 5200ms (custom)
2019-10-17 06:30:42,650 [pool-261-thread-1] INFO  impl.RaftServerImpl (RaftServerImpl.java:<init>(104)) - 0f256f10-8056-416e-a2a4-dd085f6c7864: new RaftServerImpl for group-2352D94BEA88:[2f64f904-2283-4e96-b4e2-6c9018f13084:192.168.34.62:40373, 0f256f10-8056-416e-a2a4-dd085f6c7864:192.168.34.62:35674, 07fb1a7b-fe02-4a56-ac24-3020e88d4db0:192.168.34.62:46434] with ContainerStateMachine:uninitialized
2019-10-17 06:30:42,650 [pool-271-thread-1] INFO  server.RaftServerConfigKeys (ConfUtils.java:logGet(43)) - raft.server.rpcslowness.timeout = 120s (custom)
2019-10-17 06:30:42,650 [pool-261-thread-1] INFO  server.RaftServerConfigKeys (ConfUtils.java:logGet(43)) - raft.server.rpc.timeout.min = 5s (custom)
2019-10-17 06:30:42,650 [pool-271-thread-1] INFO  server.RaftServerConfigKeys (ConfUtils.java:logGet(43)) - raft.server.sleep.deviation.threshold = 300 (default)
2019-10-17 06:30:42,650 [pool-261-thread-1] INFO  server.RaftServerConfigKeys (ConfUtils.java:logGet(43)) - raft.server.rpc.timeout.max = 5200ms (custom)
2019-10-17 06:30:42,650 [pool-271-thread-1] INFO  server.RaftServerConfigKeys (ConfUtils.java:logGet(43)) - raft.server.log.appender.install.snapshot.enabled = false (custom)
2019-10-17 06:30:42,650 [pool-281-thread-1] INFO  impl.RaftServerImpl (RaftServerImpl.java:<init>(104)) - 07fb1a7b-fe02-4a56-ac24-3020e88d4db0: new RaftServerImpl for group-2352D94BEA88:[2f64f904-2283-4e96-b4e2-6c9018f13084:192.168.34.62:40373, 0f256f10-8056-416e-a2a4-dd085f6c7864:192.168.34.62:35674, 07fb1a7b-fe02-4a56-ac24-3020e88d4db0:192.168.34.62:46434] with ContainerStateMachine:uninitialized
2019-10-17 06:30:42,650 [pool-261-thread-1] INFO  server.RaftServerConfigKeys (ConfUtils.java:logGet(43)) - raft.server.rpcslowness.timeout = 120s (custom)
2019-10-17 06:30:42,651 [pool-281-thread-1] INFO  server.RaftServerConfigKeys (ConfUtils.java:logGet(43)) - raft.server.rpc.timeout.min = 5s (custom)
2019-10-17 06:30:42,650 [pool-271-thread-1] INFO  impl.RaftServerImpl (ServerState.java:<init>(103)) - 2f64f904-2283-4e96-b4e2-6c9018f13084@group-2352D94BEA88: ConfigurationManager, init=-1: [2f64f904-2283-4e96-b4e2-6c9018f13084:192.168.34.62:40373, 0f256f10-8056-416e-a2a4-dd085f6c7864:192.168.34.62:35674, 07fb1a7b-fe02-4a56-ac24-3020e88d4db0:192.168.34.62:46434], old=null, confs=<EMPTY_MAP>
2019-10-17 06:30:42,651 [pool-281-thread-1] INFO  server.RaftServerConfigKeys (ConfUtils.java:logGet(43)) - raft.server.rpc.timeout.max = 5200ms (custom)
2019-10-17 06:30:42,651 [pool-261-thread-1] INFO  server.RaftServerConfigKeys (ConfUtils.java:logGet(43)) - raft.server.sleep.deviation.threshold = 300 (default)
2019-10-17 06:30:42,651 [pool-281-thread-1] INFO  server.RaftServerConfigKeys (ConfUtils.java:logGet(43)) - raft.server.rpcslowness.timeout = 120s (custom)
2019-10-17 06:30:42,651 [pool-271-thread-1] INFO  server.RaftServerConfigKeys (ConfUtils.java:logGet(43)) - raft.server.storage.dir = [/workdir/hadoop-ozone/integration-test/target/test-dir/MiniOzoneClusterImpl-c6a2a26f-5c7a-4fdf-95bb-7d3ef4a0bc37/datanode-1/data/ratis] (custom)
2019-10-17 06:30:42,651 [pool-281-thread-1] INFO  server.RaftServerConfigKeys (ConfUtils.java:logGet(43)) - raft.server.sleep.deviation.threshold = 300 (default)
2019-10-17 06:30:42,651 [pool-261-thread-1] INFO  server.RaftServerConfigKeys (ConfUtils.java:logGet(43)) - raft.server.log.appender.install.snapshot.enabled = false (custom)
2019-10-17 06:30:42,651 [pool-281-thread-1] INFO  server.RaftServerConfigKeys (ConfUtils.java:logGet(43)) - raft.server.log.appender.install.snapshot.enabled = false (custom)
2019-10-17 06:30:42,651 [pool-271-thread-1] INFO  server.RaftServerConfigKeys (ConfUtils.java:logGet(43)) - raft.server.log.corruption.policy = EXCEPTION (default)
2019-10-17 06:30:42,651 [pool-261-thread-1] INFO  impl.RaftServerImpl (ServerState.java:<init>(103)) - 0f256f10-8056-416e-a2a4-dd085f6c7864@group-2352D94BEA88: ConfigurationManager, init=-1: [2f64f904-2283-4e96-b4e2-6c9018f13084:192.168.34.62:40373, 0f256f10-8056-416e-a2a4-dd085f6c7864:192.168.34.62:35674, 07fb1a7b-fe02-4a56-ac24-3020e88d4db0:192.168.34.62:46434], old=null, confs=<EMPTY_MAP>
2019-10-17 06:30:42,651 [pool-281-thread-1] INFO  impl.RaftServerImpl (ServerState.java:<init>(103)) - 07fb1a7b-fe02-4a56-ac24-3020e88d4db0@group-2352D94BEA88: ConfigurationManager, init=-1: [2f64f904-2283-4e96-b4e2-6c9018f13084:192.168.34.62:40373, 0f256f10-8056-416e-a2a4-dd085f6c7864:192.168.34.62:35674, 07fb1a7b-fe02-4a56-ac24-3020e88d4db0:192.168.34.62:46434], old=null, confs=<EMPTY_MAP>
2019-10-17 06:30:42,652 [pool-261-thread-1] INFO  server.RaftServerConfigKeys (ConfUtils.java:logGet(43)) - raft.server.storage.dir = [/workdir/hadoop-ozone/integration-test/target/test-dir/MiniOzoneClusterImpl-c6a2a26f-5c7a-4fdf-95bb-7d3ef4a0bc37/datanode-0/data/ratis] (custom)
2019-10-17 06:30:42,652 [pool-281-thread-1] INFO  server.RaftServerConfigKeys (ConfUtils.java:logGet(43)) - raft.server.storage.dir = [/workdir/hadoop-ozone/integration-test/target/test-dir/MiniOzoneClusterImpl-c6a2a26f-5c7a-4fdf-95bb-7d3ef4a0bc37/datanode-2/data/ratis] (custom)
2019-10-17 06:30:42,652 [pool-271-thread-1] INFO  storage.RaftStorageDirectory (RaftStorageDirectory.java:analyzeStorage(246)) - The storage directory /workdir/hadoop-ozone/integration-test/target/test-dir/MiniOzoneClusterImpl-c6a2a26f-5c7a-4fdf-95bb-7d3ef4a0bc37/datanode-1/data/ratis/ef53814e-ecea-48bb-8fc9-2352d94bea88 does not exist. Creating ...
2019-10-17 06:30:42,652 [pool-261-thread-1] INFO  server.RaftServerConfigKeys (ConfUtils.java:logGet(43)) - raft.server.log.corruption.policy = EXCEPTION (default)
2019-10-17 06:30:42,652 [pool-281-thread-1] INFO  server.RaftServerConfigKeys (ConfUtils.java:logGet(43)) - raft.server.log.corruption.policy = EXCEPTION (default)
2019-10-17 06:30:42,652 [pool-261-thread-1] INFO  storage.RaftStorageDirectory (RaftStorageDirectory.java:analyzeStorage(246)) - The storage directory /workdir/hadoop-ozone/integration-test/target/test-dir/MiniOzoneClusterImpl-c6a2a26f-5c7a-4fdf-95bb-7d3ef4a0bc37/datanode-0/data/ratis/ef53814e-ecea-48bb-8fc9-2352d94bea88 does not exist. Creating ...
2019-10-17 06:30:42,652 [pool-281-thread-1] INFO  storage.RaftStorageDirectory (RaftStorageDirectory.java:analyzeStorage(246)) - The storage directory /workdir/hadoop-ozone/integration-test/target/test-dir/MiniOzoneClusterImpl-c6a2a26f-5c7a-4fdf-95bb-7d3ef4a0bc37/datanode-2/data/ratis/ef53814e-ecea-48bb-8fc9-2352d94bea88 does not exist. Creating ...
2019-10-17 06:30:42,698 [pool-271-thread-1] INFO  storage.RaftStorageDirectory (RaftStorageDirectory.java:tryLock(328)) - Lock on /workdir/hadoop-ozone/integration-test/target/test-dir/MiniOzoneClusterImpl-c6a2a26f-5c7a-4fdf-95bb-7d3ef4a0bc37/datanode-1/data/ratis/ef53814e-ecea-48bb-8fc9-2352d94bea88/in_use.lock acquired by nodename 2880@pr-hdds-1868-lzclr-202649289
2019-10-17 06:30:42,698 [pool-261-thread-1] INFO  storage.RaftStorageDirectory (RaftStorageDirectory.java:tryLock(328)) - Lock on /workdir/hadoop-ozone/integration-test/target/test-dir/MiniOzoneClusterImpl-c6a2a26f-5c7a-4fdf-95bb-7d3ef4a0bc37/datanode-0/data/ratis/ef53814e-ecea-48bb-8fc9-2352d94bea88/in_use.lock acquired by nodename 2880@pr-hdds-1868-lzclr-202649289
2019-10-17 06:30:42,698 [pool-281-thread-1] INFO  storage.RaftStorageDirectory (RaftStorageDirectory.java:tryLock(328)) - Lock on /workdir/hadoop-ozone/integration-test/target/test-dir/MiniOzoneClusterImpl-c6a2a26f-5c7a-4fdf-95bb-7d3ef4a0bc37/datanode-2/data/ratis/ef53814e-ecea-48bb-8fc9-2352d94bea88/in_use.lock acquired by nodename 2880@pr-hdds-1868-lzclr-202649289
2019-10-17 06:30:42,698 [07fb1a7b-fe02-4a56-ac24-3020e88d4db0@group-6E60404CAEBE-LeaderElection11] INFO  impl.LeaderElection (LeaderElection.java:askForVotes(178)) - 07fb1a7b-fe02-4a56-ac24-3020e88d4db0@group-6E60404CAEBE-LeaderElection11: begin an election at term 1 for -1: [07fb1a7b-fe02-4a56-ac24-3020e88d4db0:192.168.34.62:46434], old=null
2019-10-17 06:30:42,699 [07fb1a7b-fe02-4a56-ac24-3020e88d4db0@group-6E60404CAEBE-LeaderElection11] INFO  impl.RoleInfo (RoleInfo.java:shutdownLeaderElection(134)) - 07fb1a7b-fe02-4a56-ac24-3020e88d4db0: shutdown LeaderElection
2019-10-17 06:30:42,699 [07fb1a7b-fe02-4a56-ac24-3020e88d4db0@group-6E60404CAEBE-LeaderElection11] INFO  impl.RaftServerImpl (RaftServerImpl.java:setRole(184)) - 07fb1a7b-fe02-4a56-ac24-3020e88d4db0@group-6E60404CAEBE: changes role from CANDIDATE to LEADER at term 1 for changeToLeader
2019-10-17 06:30:42,699 [07fb1a7b-fe02-4a56-ac24-3020e88d4db0@group-6E60404CAEBE-LeaderElection11] INFO  ratis.XceiverServerRatis (XceiverServerRatis.java:handleLeaderChangedNotification(699)) - Leader change notification received for group: group-6E60404CAEBE with new leaderId: 07fb1a7b-fe02-4a56-ac24-3020e88d4db0
2019-10-17 06:30:42,699 [07fb1a7b-fe02-4a56-ac24-3020e88d4db0@group-6E60404CAEBE-LeaderElection11] INFO  impl.RaftServerImpl (ServerState.java:setLeader(256)) - 07fb1a7b-fe02-4a56-ac24-3020e88d4db0@group-6E60404CAEBE: change Leader from null to 07fb1a7b-fe02-4a56-ac24-3020e88d4db0 at term 1 for becomeLeader, leader elected after 90ms
2019-10-17 06:30:42,699 [07fb1a7b-fe02-4a56-ac24-3020e88d4db0@group-6E60404CAEBE-LeaderElection11] INFO  server.RaftServerConfigKeys (ConfUtils.java:logGet(43)) - raft.server.staging.catchup.gap = 1000 (default)
2019-10-17 06:30:42,701 [07fb1a7b-fe02-4a56-ac24-3020e88d4db0@group-6E60404CAEBE-LeaderElection11] INFO  server.RaftServerConfigKeys (ConfUtils.java:logGet(43)) - raft.server.rpc.sleep.time = 25ms (default)
2019-10-17 06:30:42,701 [07fb1a7b-fe02-4a56-ac24-3020e88d4db0@group-6E60404CAEBE-LeaderElection11] INFO  server.RaftServerConfigKeys (ConfUtils.java:logGet(43)) - raft.server.write.element-limit = 4096 (default)
2019-10-17 06:30:42,701 [07fb1a7b-fe02-4a56-ac24-3020e88d4db0@group-6E60404CAEBE-LeaderElection11] INFO  server.RaftServerConfigKeys (ConfUtils.java:logGet(43)) - raft.server.watch.timeout = 10s (default)
2019-10-17 06:30:42,701 [07fb1a7b-fe02-4a56-ac24-3020e88d4db0@group-6E60404CAEBE-LeaderElection11] INFO  server.RaftServerConfigKeys (ConfUtils.java:logGet(43)) - raft.server.watch.timeout.denomination = 1s (default)
2019-10-17 06:30:42,702 [07fb1a7b-fe02-4a56-ac24-3020e88d4db0@group-6E60404CAEBE-LeaderElection11] INFO  server.RaftServerConfigKeys (ConfUtils.java:logGet(43)) - raft.server.watch.element-limit = 65536 (default)
2019-10-17 06:30:42,704 [07fb1a7b-fe02-4a56-ac24-3020e88d4db0@group-6E60404CAEBE-LeaderElection11] INFO  impl.RoleInfo (RoleInfo.java:updateAndGet(143)) - 07fb1a7b-fe02-4a56-ac24-3020e88d4db0: start LeaderState
2019-10-17 06:30:42,704 [07fb1a7b-fe02-4a56-ac24-3020e88d4db0@group-6E60404CAEBE-LeaderElection11] INFO  segmented.SegmentedRaftLogWorker (SegmentedRaftLogWorker.java:startLogSegment(385)) - 07fb1a7b-fe02-4a56-ac24-3020e88d4db0@group-6E60404CAEBE-SegmentedRaftLogWorker: Starting segment from index:0
2019-10-17 06:30:42,705 [07fb1a7b-fe02-4a56-ac24-3020e88d4db0@group-6E60404CAEBE-LeaderElection11] INFO  impl.RaftServerImpl (ServerState.java:setRaftConf(357)) - 07fb1a7b-fe02-4a56-ac24-3020e88d4db0@group-6E60404CAEBE: set configuration 0: [07fb1a7b-fe02-4a56-ac24-3020e88d4db0:192.168.34.62:46434], old=null at 0
2019-10-17 06:30:42,751 [07fb1a7b-fe02-4a56-ac24-3020e88d4db0@group-6E60404CAEBE-SegmentedRaftLogWorker] INFO  segmented.SegmentedRaftLogWorker (SegmentedRaftLogWorker.java:execute(576)) - 07fb1a7b-fe02-4a56-ac24-3020e88d4db0@group-6E60404CAEBE-SegmentedRaftLogWorker: created new log segment /workdir/hadoop-ozone/integration-test/target/test-dir/MiniOzoneClusterImpl-c6a2a26f-5c7a-4fdf-95bb-7d3ef4a0bc37/datanode-2/data/ratis/95a34eeb-6878-4a2d-b1c1-6e60404caebe/current/log_inprogress_0
2019-10-17 06:30:42,751 [pool-281-thread-1] INFO  storage.RaftStorage (RaftStorage.java:format(84)) - Storage directory /workdir/hadoop-ozone/integration-test/target/test-dir/MiniOzoneClusterImpl-c6a2a26f-5c7a-4fdf-95bb-7d3ef4a0bc37/datanode-2/data/ratis/ef53814e-ecea-48bb-8fc9-2352d94bea88 has been successfully formatted.
2019-10-17 06:30:42,751 [pool-271-thread-1] INFO  storage.RaftStorage (RaftStorage.java:format(84)) - Storage directory /workdir/hadoop-ozone/integration-test/target/test-dir/MiniOzoneClusterImpl-c6a2a26f-5c7a-4fdf-95bb-7d3ef4a0bc37/datanode-1/data/ratis/ef53814e-ecea-48bb-8fc9-2352d94bea88 has been successfully formatted.
2019-10-17 06:30:42,751 [pool-261-thread-1] INFO  storage.RaftStorage (RaftStorage.java:format(84)) - Storage directory /workdir/hadoop-ozone/integration-test/target/test-dir/MiniOzoneClusterImpl-c6a2a26f-5c7a-4fdf-95bb-7d3ef4a0bc37/datanode-0/data/ratis/ef53814e-ecea-48bb-8fc9-2352d94bea88 has been successfully formatted.
2019-10-17 06:30:42,752 [pool-271-thread-1] INFO  ratis.ContainerStateMachine (ContainerStateMachine.java:loadSnapshot(233)) - group-2352D94BEA88: The snapshot info is null. Setting the last applied indexto:(t:0, i:~)
2019-10-17 06:30:42,752 [pool-281-thread-1] INFO  ratis.ContainerStateMachine (ContainerStateMachine.java:loadSnapshot(233)) - group-2352D94BEA88: The snapshot info is null. Setting the last applied indexto:(t:0, i:~)
2019-10-17 06:30:42,752 [pool-271-thread-1] INFO  server.RaftServerConfigKeys (ConfUtils.java:logGet(43)) - raft.server.notification.no-leader.timeout = 120s (custom)
2019-10-17 06:30:42,752 [pool-261-thread-1] INFO  ratis.ContainerStateMachine (ContainerStateMachine.java:loadSnapshot(233)) - group-2352D94BEA88: The snapshot info is null. Setting the last applied indexto:(t:0, i:~)
2019-10-17 06:30:42,752 [pool-271-thread-1] INFO  server.RaftServerConfigKeys (ConfUtils.java:logGet(43)) - raft.server.log.use.memory = false (default)
2019-10-17 06:30:42,752 [pool-281-thread-1] INFO  server.RaftServerConfigKeys (ConfUtils.java:logGet(43)) - raft.server.notification.no-leader.timeout = 120s (custom)
2019-10-17 06:30:42,753 [pool-271-thread-1] INFO  server.RaftServerConfigKeys (ConfUtils.java:logGet(43)) - raft.server.log.purge.gap = 1000000 (custom)
2019-10-17 06:30:42,752 [pool-261-thread-1] INFO  server.RaftServerConfigKeys (ConfUtils.java:logGet(43)) - raft.server.notification.no-leader.timeout = 120s (custom)
2019-10-17 06:30:42,753 [pool-271-thread-1] INFO  server.RaftServerConfigKeys (ConfUtils.java:logGet(43)) - raft.server.log.appender.buffer.byte-limit = 33554432 (custom)
2019-10-17 06:30:42,753 [pool-281-thread-1] INFO  server.RaftServerConfigKeys (ConfUtils.java:logGet(43)) - raft.server.log.use.memory = false (default)
2019-10-17 06:30:42,753 [pool-271-thread-1] INFO  server.RaftServerConfigKeys (ConfUtils.java:logGet(43)) - raft.server.log.segment.size.max = 1048576 (custom)
2019-10-17 06:30:42,753 [pool-261-thread-1] INFO  server.RaftServerConfigKeys (ConfUtils.java:logGet(43)) - raft.server.log.use.memory = false (default)
2019-10-17 06:30:42,753 [pool-271-thread-1] INFO  server.RaftServerConfigKeys (ConfUtils.java:logGet(43)) - raft.server.log.segment.cache.num.max = 2 (custom)
2019-10-17 06:30:42,753 [pool-281-thread-1] INFO  server.RaftServerConfigKeys (ConfUtils.java:logGet(43)) - raft.server.log.purge.gap = 1000000 (custom)
2019-10-17 06:30:42,753 [pool-271-thread-1] INFO  segmented.SegmentedRaftLogWorker (SegmentedRaftLogWorker.java:<init>(173)) - new 2f64f904-2283-4e96-b4e2-6c9018f13084@group-2352D94BEA88-SegmentedRaftLogWorker for RaftStorage:Storage Directory /workdir/hadoop-ozone/integration-test/target/test-dir/MiniOzoneClusterImpl-c6a2a26f-5c7a-4fdf-95bb-7d3ef4a0bc37/datanode-1/data/ratis/ef53814e-ecea-48bb-8fc9-2352d94bea88
2019-10-17 06:30:42,753 [pool-261-thread-1] INFO  server.RaftServerConfigKeys (ConfUtils.java:logGet(43)) - raft.server.log.purge.gap = 1000000 (custom)
2019-10-17 06:30:42,753 [pool-271-thread-1] INFO  server.RaftServerConfigKeys (ConfUtils.java:logGet(43)) - raft.server.log.queue.byte-limit = 2147483647 (custom)
2019-10-17 06:30:42,753 [pool-281-thread-1] INFO  server.RaftServerConfigKeys (ConfUtils.java:logGet(43)) - raft.server.log.appender.buffer.byte-limit = 33554432 (custom)
2019-10-17 06:30:42,754 [pool-271-thread-1] INFO  server.RaftServerConfigKeys (ConfUtils.java:logGet(43)) - raft.server.log.queue.element-limit = 1024 (custom)
2019-10-17 06:30:42,754 [pool-261-thread-1] INFO  server.RaftServerConfigKeys (ConfUtils.java:logGet(43)) - raft.server.log.appender.buffer.byte-limit = 33554432 (custom)
2019-10-17 06:30:42,754 [pool-271-thread-1] INFO  server.RaftServerConfigKeys (ConfUtils.java:logGet(43)) - raft.server.log.segment.size.max = 1048576 (custom)
2019-10-17 06:30:42,754 [pool-281-thread-1] INFO  server.RaftServerConfigKeys (ConfUtils.java:logGet(43)) - raft.server.log.segment.size.max = 1048576 (custom)
2019-10-17 06:30:42,754 [pool-271-thread-1] INFO  server.RaftServerConfigKeys (ConfUtils.java:logGet(43)) - raft.server.log.preallocated.size = 16384 (custom)
2019-10-17 06:30:42,754 [pool-261-thread-1] INFO  server.RaftServerConfigKeys (ConfUtils.java:logGet(43)) - raft.server.log.segment.size.max = 1048576 (custom)
2019-10-17 06:30:42,754 [pool-271-thread-1] INFO  server.RaftServerConfigKeys (ConfUtils.java:logGet(43)) - raft.server.log.write.buffer.size = 33554432 (custom)
2019-10-17 06:30:42,754 [pool-261-thread-1] INFO  server.RaftServerConfigKeys (ConfUtils.java:logGet(43)) - raft.server.log.segment.cache.num.max = 2 (custom)
2019-10-17 06:30:42,754 [pool-281-thread-1] INFO  server.RaftServerConfigKeys (ConfUtils.java:logGet(43)) - raft.server.log.segment.cache.num.max = 2 (custom)
2019-10-17 06:30:42,755 [pool-261-thread-1] INFO  segmented.SegmentedRaftLogWorker (SegmentedRaftLogWorker.java:<init>(173)) - new 0f256f10-8056-416e-a2a4-dd085f6c7864@group-2352D94BEA88-SegmentedRaftLogWorker for RaftStorage:Storage Directory /workdir/hadoop-ozone/integration-test/target/test-dir/MiniOzoneClusterImpl-c6a2a26f-5c7a-4fdf-95bb-7d3ef4a0bc37/datanode-0/data/ratis/ef53814e-ecea-48bb-8fc9-2352d94bea88
2019-10-17 06:30:42,754 [pool-271-thread-1] INFO  server.RaftServerConfigKeys (ConfUtils.java:logGet(43)) - raft.server.log.force.sync.num = 128 (default)
2019-10-17 06:30:42,755 [pool-261-thread-1] INFO  server.RaftServerConfigKeys (ConfUtils.java:logGet(43)) - raft.server.log.queue.byte-limit = 2147483647 (custom)
2019-10-17 06:30:42,755 [pool-281-thread-1] INFO  segmented.SegmentedRaftLogWorker (SegmentedRaftLogWorker.java:<init>(173)) - new 07fb1a7b-fe02-4a56-ac24-3020e88d4db0@group-2352D94BEA88-SegmentedRaftLogWorker for RaftStorage:Storage Directory /workdir/hadoop-ozone/integration-test/target/test-dir/MiniOzoneClusterImpl-c6a2a26f-5c7a-4fdf-95bb-7d3ef4a0bc37/datanode-2/data/ratis/ef53814e-ecea-48bb-8fc9-2352d94bea88
2019-10-17 06:30:42,755 [pool-261-thread-1] INFO  server.RaftServerConfigKeys (ConfUtils.java:logGet(43)) - raft.server.log.queue.element-limit = 1024 (custom)
2019-10-17 06:30:42,755 [pool-271-thread-1] INFO  server.RaftServerConfigKeys (ConfUtils.java:logGet(43)) - raft.server.log.statemachine.data.sync = true (default)
2019-10-17 06:30:42,755 [pool-261-thread-1] INFO  server.RaftServerConfigKeys (ConfUtils.java:logGet(43)) - raft.server.log.segment.size.max = 1048576 (custom)
2019-10-17 06:30:42,755 [pool-281-thread-1] INFO  server.RaftServerConfigKeys (ConfUtils.java:logGet(43)) - raft.server.log.queue.byte-limit = 2147483647 (custom)
2019-10-17 06:30:42,756 [pool-261-thread-1] INFO  server.RaftServerConfigKeys (ConfUtils.java:logGet(43)) - raft.server.log.preallocated.size = 16384 (custom)
2019-10-17 06:30:42,755 [pool-271-thread-1] INFO  server.RaftServerConfigKeys (ConfUtils.java:logGet(43)) - raft.server.log.statemachine.data.sync.timeout = 10s (default)
2019-10-17 06:30:42,756 [pool-261-thread-1] INFO  server.RaftServerConfigKeys (ConfUtils.java:logGet(43)) - raft.server.log.write.buffer.size = 33554432 (custom)
2019-10-17 06:30:42,756 [pool-281-thread-1] INFO  server.RaftServerConfigKeys (ConfUtils.java:logGet(43)) - raft.server.log.queue.element-limit = 1024 (custom)
2019-10-17 06:30:42,756 [pool-261-thread-1] INFO  server.RaftServerConfigKeys (ConfUtils.java:logGet(43)) - raft.server.log.force.sync.num = 128 (default)
2019-10-17 06:30:42,756 [pool-271-thread-1] INFO  server.RaftServerConfigKeys (ConfUtils.java:logGet(43)) - raft.server.log.statemachine.data.sync.timeout.retry = -1 (default)
2019-10-17 06:30:42,756 [pool-261-thread-1] INFO  server.RaftServerConfigKeys (ConfUtils.java:logGet(43)) - raft.server.log.statemachine.data.sync = true (default)
2019-10-17 06:30:42,756 [pool-281-thread-1] INFO  server.RaftServerConfigKeys (ConfUtils.java:logGet(43)) - raft.server.log.segment.size.max = 1048576 (custom)
2019-10-17 06:30:42,756 [pool-261-thread-1] INFO  server.RaftServerConfigKeys (ConfUtils.java:logGet(43)) - raft.server.log.statemachine.data.sync.timeout = 10s (default)
2019-10-17 06:30:42,756 [pool-271-thread-1] INFO  server.RaftServerConfigKeys (ConfUtils.java:logGet(43)) - raft.server.log.statemachine.data.caching.enabled = true (custom)
2019-10-17 06:30:42,757 [pool-261-thread-1] INFO  server.RaftServerConfigKeys (ConfUtils.java:logGet(43)) - raft.server.log.statemachine.data.sync.timeout.retry = -1 (default)
2019-10-17 06:30:42,757 [pool-281-thread-1] INFO  server.RaftServerConfigKeys (ConfUtils.java:logGet(43)) - raft.server.log.preallocated.size = 16384 (custom)
2019-10-17 06:30:42,757 [pool-261-thread-1] INFO  server.RaftServerConfigKeys (ConfUtils.java:logGet(43)) - raft.server.log.statemachine.data.caching.enabled = true (custom)
2019-10-17 06:30:42,757 [pool-271-thread-1] INFO  segmented.SegmentedRaftLogWorker (SegmentedRaftLogWorker.java:lambda$new$0(128)) - 2f64f904-2283-4e96-b4e2-6c9018f13084@group-2352D94BEA88-SegmentedRaftLogWorker: flushIndex: setUnconditionally 0 -> -1
2019-10-17 06:30:42,757 [pool-281-thread-1] INFO  server.RaftServerConfigKeys (ConfUtils.java:logGet(43)) - raft.server.log.write.buffer.size = 33554432 (custom)
2019-10-17 06:30:42,757 [pool-261-thread-1] INFO  segmented.SegmentedRaftLogWorker (SegmentedRaftLogWorker.java:lambda$new$0(128)) - 0f256f10-8056-416e-a2a4-dd085f6c7864@group-2352D94BEA88-SegmentedRaftLogWorker: flushIndex: setUnconditionally 0 -> -1
2019-10-17 06:30:42,757 [pool-281-thread-1] INFO  server.RaftServerConfigKeys (ConfUtils.java:logGet(43)) - raft.server.log.force.sync.num = 128 (default)
2019-10-17 06:30:42,757 [pool-271-thread-1] INFO  server.RaftServerConfigKeys (ConfUtils.java:logGet(43)) - raft.server.snapshot.auto.trigger.enabled = true (custom)
2019-10-17 06:30:42,758 [pool-261-thread-1] INFO  server.RaftServerConfigKeys (ConfUtils.java:logGet(43)) - raft.server.snapshot.auto.trigger.enabled = true (custom)
2019-10-17 06:30:42,758 [pool-281-thread-1] INFO  server.RaftServerConfigKeys (ConfUtils.java:logGet(43)) - raft.server.log.statemachine.data.sync = true (default)
2019-10-17 06:30:42,758 [pool-261-thread-1] INFO  server.RaftServerConfigKeys (ConfUtils.java:logGet(43)) - raft.server.snapshot.auto.trigger.threshold = 10000 (custom)
2019-10-17 06:30:42,758 [pool-271-thread-1] INFO  server.RaftServerConfigKeys (ConfUtils.java:logGet(43)) - raft.server.snapshot.auto.trigger.threshold = 10000 (custom)
2019-10-17 06:30:42,758 [pool-261-thread-1] INFO  server.RaftServerConfigKeys (ConfUtils.java:logGet(43)) - raft.server.snapshot.retention.file.num = 5 (custom)
2019-10-17 06:30:42,758 [pool-281-thread-1] INFO  server.RaftServerConfigKeys (ConfUtils.java:logGet(43)) - raft.server.log.statemachine.data.sync.timeout = 10s (default)
2019-10-17 06:30:42,758 [pool-261-thread-1] INFO  server.RaftServerConfigKeys (ConfUtils.java:logGet(43)) - raft.server.retrycache.expirytime = 600000ms (custom)
2019-10-17 06:30:42,758 [pool-281-thread-1] INFO  server.RaftServerConfigKeys (ConfUtils.java:logGet(43)) - raft.server.log.statemachine.data.sync.timeout.retry = -1 (default)
2019-10-17 06:30:42,758 [pool-271-thread-1] INFO  server.RaftServerConfigKeys (ConfUtils.java:logGet(43)) - raft.server.snapshot.retention.file.num = 5 (custom)
2019-10-17 06:30:42,759 [pool-281-thread-1] INFO  server.RaftServerConfigKeys (ConfUtils.java:logGet(43)) - raft.server.log.statemachine.data.caching.enabled = true (custom)
2019-10-17 06:30:42,759 [pool-271-thread-1] INFO  server.RaftServerConfigKeys (ConfUtils.java:logGet(43)) - raft.server.retrycache.expirytime = 600000ms (custom)
2019-10-17 06:30:42,759 [pool-281-thread-1] INFO  segmented.SegmentedRaftLogWorker (SegmentedRaftLogWorker.java:lambda$new$0(128)) - 07fb1a7b-fe02-4a56-ac24-3020e88d4db0@group-2352D94BEA88-SegmentedRaftLogWorker: flushIndex: setUnconditionally 0 -> -1
2019-10-17 06:30:42,759 [pool-281-thread-1] INFO  server.RaftServerConfigKeys (ConfUtils.java:logGet(43)) - raft.server.snapshot.auto.trigger.enabled = true (custom)
2019-10-17 06:30:42,759 [pool-281-thread-1] INFO  server.RaftServerConfigKeys (ConfUtils.java:logGet(43)) - raft.server.snapshot.auto.trigger.threshold = 10000 (custom)
2019-10-17 06:30:42,759 [pool-281-thread-1] INFO  server.RaftServerConfigKeys (ConfUtils.java:logGet(43)) - raft.server.snapshot.retention.file.num = 5 (custom)
2019-10-17 06:30:42,759 [pool-281-thread-1] INFO  server.RaftServerConfigKeys (ConfUtils.java:logGet(43)) - raft.server.retrycache.expirytime = 600000ms (custom)
2019-10-17 06:30:42,762 [pool-271-thread-1] INFO  impl.RaftServerImpl (RaftServerImpl.java:start(195)) - 2f64f904-2283-4e96-b4e2-6c9018f13084@group-2352D94BEA88: start as a follower, conf=-1: [2f64f904-2283-4e96-b4e2-6c9018f13084:192.168.34.62:40373, 0f256f10-8056-416e-a2a4-dd085f6c7864:192.168.34.62:35674, 07fb1a7b-fe02-4a56-ac24-3020e88d4db0:192.168.34.62:46434], old=null
2019-10-17 06:30:42,762 [pool-261-thread-1] INFO  impl.RaftServerImpl (RaftServerImpl.java:start(195)) - 0f256f10-8056-416e-a2a4-dd085f6c7864@group-2352D94BEA88: start as a follower, conf=-1: [2f64f904-2283-4e96-b4e2-6c9018f13084:192.168.34.62:40373, 0f256f10-8056-416e-a2a4-dd085f6c7864:192.168.34.62:35674, 07fb1a7b-fe02-4a56-ac24-3020e88d4db0:192.168.34.62:46434], old=null
2019-10-17 06:30:42,762 [pool-281-thread-1] INFO  impl.RaftServerImpl (RaftServerImpl.java:start(195)) - 07fb1a7b-fe02-4a56-ac24-3020e88d4db0@group-2352D94BEA88: start as a follower, conf=-1: [2f64f904-2283-4e96-b4e2-6c9018f13084:192.168.34.62:40373, 0f256f10-8056-416e-a2a4-dd085f6c7864:192.168.34.62:35674, 07fb1a7b-fe02-4a56-ac24-3020e88d4db0:192.168.34.62:46434], old=null
2019-10-17 06:30:42,762 [pool-271-thread-1] INFO  impl.RaftServerImpl (RaftServerImpl.java:setRole(184)) - 2f64f904-2283-4e96-b4e2-6c9018f13084@group-2352D94BEA88: changes role from      null to FOLLOWER at term 0 for startAsFollower
2019-10-17 06:30:42,762 [pool-281-thread-1] INFO  impl.RaftServerImpl (RaftServerImpl.java:setRole(184)) - 07fb1a7b-fe02-4a56-ac24-3020e88d4db0@group-2352D94BEA88: changes role from      null to FOLLOWER at term 0 for startAsFollower
2019-10-17 06:30:42,762 [pool-261-thread-1] INFO  impl.RaftServerImpl (RaftServerImpl.java:setRole(184)) - 0f256f10-8056-416e-a2a4-dd085f6c7864@group-2352D94BEA88: changes role from      null to FOLLOWER at term 0 for startAsFollower
2019-10-17 06:30:42,763 [pool-281-thread-1] INFO  impl.RoleInfo (RoleInfo.java:updateAndGet(143)) - 07fb1a7b-fe02-4a56-ac24-3020e88d4db0: start FollowerState
2019-10-17 06:30:42,763 [pool-271-thread-1] INFO  impl.RoleInfo (RoleInfo.java:updateAndGet(143)) - 2f64f904-2283-4e96-b4e2-6c9018f13084: start FollowerState
2019-10-17 06:30:42,763 [pool-261-thread-1] INFO  impl.RoleInfo (RoleInfo.java:updateAndGet(143)) - 0f256f10-8056-416e-a2a4-dd085f6c7864: start FollowerState
2019-10-17 06:30:42,763 [pool-281-thread-1] INFO  util.JmxRegister (JmxRegister.java:tryRegister(44)) - Successfully registered JMX Bean with object name Ratis:service=RaftServer,group=group-2352D94BEA88,id=07fb1a7b-fe02-4a56-ac24-3020e88d4db0
2019-10-17 06:30:42,763 [pool-271-thread-1] INFO  util.JmxRegister (JmxRegister.java:tryRegister(44)) - Successfully registered JMX Bean with object name Ratis:service=RaftServer,group=group-2352D94BEA88,id=2f64f904-2283-4e96-b4e2-6c9018f13084
2019-10-17 06:30:42,763 [pool-261-thread-1] INFO  util.JmxRegister (JmxRegister.java:tryRegister(44)) - Successfully registered JMX Bean with object name Ratis:service=RaftServer,group=group-2352D94BEA88,id=0f256f10-8056-416e-a2a4-dd085f6c7864
2019-10-17 06:30:42,784 [RatisPipelineUtilsThread] INFO  pipeline.PipelineStateManager (PipelineStateManager.java:addPipeline(55)) - Created pipeline Pipeline[ Id: ef53814e-ecea-48bb-8fc9-2352d94bea88, Nodes: 2f64f904-2283-4e96-b4e2-6c9018f13084{ip: 192.168.34.62, host: pr-hdds-1868-lzclr-202649289, networkLocation: /rack1, certSerialId: null}0f256f10-8056-416e-a2a4-dd085f6c7864{ip: 192.168.34.62, host: pr-hdds-1868-lzclr-202649289, networkLocation: /rack1, certSerialId: null}07fb1a7b-fe02-4a56-ac24-3020e88d4db0{ip: 192.168.34.62, host: pr-hdds-1868-lzclr-202649289, networkLocation: /rack1, certSerialId: null}, Type:RATIS, Factor:THREE, State:ALLOCATED]
2019-10-17 06:30:42,785 [EventQueue-PipelineReportForPipelineReportHandler] INFO  pipeline.PipelineStateManager (PipelineStateManager.java:openPipeline(134)) - Pipeline Pipeline[ Id: 7896f087-1291-451d-8426-a0937f581285, Nodes: 0f256f10-8056-416e-a2a4-dd085f6c7864{ip: 192.168.34.62, host: pr-hdds-1868-lzclr-202649289, networkLocation: /rack1, certSerialId: null}, Type:RATIS, Factor:ONE, State:OPEN] moved to OPEN state
2019-10-17 06:30:42,786 [EventQueue-PipelineReportForPipelineReportHandler] INFO  pipeline.PipelineReportHandler (PipelineReportHandler.java:processPipelineReport(119)) - Pipeline PipelineID=0aee66ec-d44b-4798-81e5-e2270722199d reported by 2f64f904-2283-4e96-b4e2-6c9018f13084{ip: 192.168.34.62, host: pr-hdds-1868-lzclr-202649289, networkLocation: /rack1, certSerialId: null} with leaderId 2f64f904-2283-4e96-b4e2-6c9018f13084
2019-10-17 06:30:42,786 [EventQueue-PipelineReportForPipelineReportHandler] INFO  pipeline.PipelineStateManager (PipelineStateManager.java:openPipeline(134)) - Pipeline Pipeline[ Id: 0aee66ec-d44b-4798-81e5-e2270722199d, Nodes: 2f64f904-2283-4e96-b4e2-6c9018f13084{ip: 192.168.34.62, host: pr-hdds-1868-lzclr-202649289, networkLocation: /rack1, certSerialId: null}, Type:RATIS, Factor:ONE, State:OPEN] moved to OPEN state
2019-10-17 06:30:42,786 [EventQueue-PipelineReportForPipelineReportHandler] INFO  pipeline.PipelineReportHandler (PipelineReportHandler.java:processPipelineReport(119)) - Pipeline PipelineID=ef53814e-ecea-48bb-8fc9-2352d94bea88 reported by 07fb1a7b-fe02-4a56-ac24-3020e88d4db0{ip: 192.168.34.62, host: pr-hdds-1868-lzclr-202649289, networkLocation: /rack1, certSerialId: null} with leaderId 
2019-10-17 06:30:42,786 [EventQueue-PipelineReportForPipelineReportHandler] INFO  pipeline.PipelineReportHandler (PipelineReportHandler.java:processPipelineReport(119)) - Pipeline PipelineID=95a34eeb-6878-4a2d-b1c1-6e60404caebe reported by 07fb1a7b-fe02-4a56-ac24-3020e88d4db0{ip: 192.168.34.62, host: pr-hdds-1868-lzclr-202649289, networkLocation: /rack1, certSerialId: null} with leaderId 07fb1a7b-fe02-4a56-ac24-3020e88d4db0
2019-10-17 06:30:42,786 [EventQueue-PipelineReportForPipelineReportHandler] INFO  pipeline.PipelineStateManager (PipelineStateManager.java:openPipeline(134)) - Pipeline Pipeline[ Id: 95a34eeb-6878-4a2d-b1c1-6e60404caebe, Nodes: 07fb1a7b-fe02-4a56-ac24-3020e88d4db0{ip: 192.168.34.62, host: pr-hdds-1868-lzclr-202649289, networkLocation: /rack1, certSerialId: null}, Type:RATIS, Factor:ONE, State:OPEN] moved to OPEN state
2019-10-17 06:30:42,853 [Thread-1395] INFO  impl.FollowerState (FollowerState.java:run(108)) - 0f256f10-8056-416e-a2a4-dd085f6c7864@group-2352D94BEA88-FollowerState: change to CANDIDATE, lastRpcTime:89ms, electionTimeout:89ms
2019-10-17 06:30:42,854 [Thread-1395] INFO  impl.RoleInfo (RoleInfo.java:shutdownFollowerState(121)) - 0f256f10-8056-416e-a2a4-dd085f6c7864: shutdown FollowerState
2019-10-17 06:30:42,854 [Thread-1395] INFO  impl.RaftServerImpl (RaftServerImpl.java:setRole(184)) - 0f256f10-8056-416e-a2a4-dd085f6c7864@group-2352D94BEA88: changes role from  FOLLOWER to CANDIDATE at term 0 for changeToCandidate
2019-10-17 06:30:42,855 [Thread-1395] INFO  impl.RoleInfo (RoleInfo.java:updateAndGet(143)) - 0f256f10-8056-416e-a2a4-dd085f6c7864: start LeaderElection
2019-10-17 06:30:42,914 [0f256f10-8056-416e-a2a4-dd085f6c7864@group-2352D94BEA88-LeaderElection12] INFO  impl.LeaderElection (LeaderElection.java:askForVotes(178)) - 0f256f10-8056-416e-a2a4-dd085f6c7864@group-2352D94BEA88-LeaderElection12: begin an election at term 1 for -1: [2f64f904-2283-4e96-b4e2-6c9018f13084:192.168.34.62:40373, 0f256f10-8056-416e-a2a4-dd085f6c7864:192.168.34.62:35674, 07fb1a7b-fe02-4a56-ac24-3020e88d4db0:192.168.34.62:46434], old=null
2019-10-17 06:30:42,920 [Thread-1393] INFO  impl.FollowerState (FollowerState.java:run(108)) - 2f64f904-2283-4e96-b4e2-6c9018f13084@group-2352D94BEA88-FollowerState: change to CANDIDATE, lastRpcTime:157ms, electionTimeout:157ms
2019-10-17 06:30:42,921 [Thread-1393] INFO  impl.RoleInfo (RoleInfo.java:shutdownFollowerState(121)) - 2f64f904-2283-4e96-b4e2-6c9018f13084: shutdown FollowerState
2019-10-17 06:30:42,921 [Thread-1393] INFO  impl.RaftServerImpl (RaftServerImpl.java:setRole(184)) - 2f64f904-2283-4e96-b4e2-6c9018f13084@group-2352D94BEA88: changes role from  FOLLOWER to CANDIDATE at term 0 for changeToCandidate
2019-10-17 06:30:42,921 [Thread-1393] INFO  impl.RoleInfo (RoleInfo.java:updateAndGet(143)) - 2f64f904-2283-4e96-b4e2-6c9018f13084: start LeaderElection
2019-10-17 06:30:42,926 [Thread-1394] INFO  impl.FollowerState (FollowerState.java:run(108)) - 07fb1a7b-fe02-4a56-ac24-3020e88d4db0@group-2352D94BEA88-FollowerState: change to CANDIDATE, lastRpcTime:162ms, electionTimeout:161ms
2019-10-17 06:30:42,926 [Thread-1394] INFO  impl.RoleInfo (RoleInfo.java:shutdownFollowerState(121)) - 07fb1a7b-fe02-4a56-ac24-3020e88d4db0: shutdown FollowerState
2019-10-17 06:30:42,928 [Thread-1394] INFO  impl.RaftServerImpl (RaftServerImpl.java:setRole(184)) - 07fb1a7b-fe02-4a56-ac24-3020e88d4db0@group-2352D94BEA88: changes role from  FOLLOWER to CANDIDATE at term 0 for changeToCandidate
2019-10-17 06:30:42,930 [Thread-1394] INFO  impl.RoleInfo (RoleInfo.java:updateAndGet(143)) - 07fb1a7b-fe02-4a56-ac24-3020e88d4db0: start LeaderElection
2019-10-17 06:30:42,937 [0f256f10-8056-416e-a2a4-dd085f6c7864@group-2352D94BEA88-LeaderElection12] INFO  impl.LeaderElection (LeaderElection.java:logAndReturn(56)) - 0f256f10-8056-416e-a2a4-dd085f6c7864@group-2352D94BEA88-LeaderElection12: Election TIMEOUT; received 0 response(s) [] and 0 exception(s); 0f256f10-8056-416e-a2a4-dd085f6c7864@group-2352D94BEA88:t1, leader=null, voted=0f256f10-8056-416e-a2a4-dd085f6c7864, raftlog=0f256f10-8056-416e-a2a4-dd085f6c7864@group-2352D94BEA88-SegmentedRaftLog:OPENED:c-1,f-1,i0, conf=-1: [2f64f904-2283-4e96-b4e2-6c9018f13084:192.168.34.62:40373, 0f256f10-8056-416e-a2a4-dd085f6c7864:192.168.34.62:35674, 07fb1a7b-fe02-4a56-ac24-3020e88d4db0:192.168.34.62:46434], old=null
2019-10-17 06:30:42,975 [2f64f904-2283-4e96-b4e2-6c9018f13084@group-2352D94BEA88-LeaderElection13] INFO  impl.LeaderElection (LeaderElection.java:askForVotes(178)) - 2f64f904-2283-4e96-b4e2-6c9018f13084@group-2352D94BEA88-LeaderElection13: begin an election at term 1 for -1: [2f64f904-2283-4e96-b4e2-6c9018f13084:192.168.34.62:40373, 0f256f10-8056-416e-a2a4-dd085f6c7864:192.168.34.62:35674, 07fb1a7b-fe02-4a56-ac24-3020e88d4db0:192.168.34.62:46434], old=null
2019-10-17 06:30:42,975 [07fb1a7b-fe02-4a56-ac24-3020e88d4db0@group-2352D94BEA88-LeaderElection14] INFO  impl.LeaderElection (LeaderElection.java:askForVotes(178)) - 07fb1a7b-fe02-4a56-ac24-3020e88d4db0@group-2352D94BEA88-LeaderElection14: begin an election at term 1 for -1: [2f64f904-2283-4e96-b4e2-6c9018f13084:192.168.34.62:40373, 0f256f10-8056-416e-a2a4-dd085f6c7864:192.168.34.62:35674, 07fb1a7b-fe02-4a56-ac24-3020e88d4db0:192.168.34.62:46434], old=null
2019-10-17 06:30:42,975 [0f256f10-8056-416e-a2a4-dd085f6c7864@group-2352D94BEA88-LeaderElection12] INFO  impl.LeaderElection (LeaderElection.java:askForVotes(178)) - 0f256f10-8056-416e-a2a4-dd085f6c7864@group-2352D94BEA88-LeaderElection12: begin an election at term 2 for -1: [2f64f904-2283-4e96-b4e2-6c9018f13084:192.168.34.62:40373, 0f256f10-8056-416e-a2a4-dd085f6c7864:192.168.34.62:35674, 07fb1a7b-fe02-4a56-ac24-3020e88d4db0:192.168.34.62:46434], old=null
2019-10-17 06:30:42,983 [grpc-default-executor-1] INFO  impl.RaftServerImpl (RaftServerImpl.java:setRole(184)) - 07fb1a7b-fe02-4a56-ac24-3020e88d4db0@group-2352D94BEA88: changes role from CANDIDATE to FOLLOWER at term 2 for recognizeCandidate:0f256f10-8056-416e-a2a4-dd085f6c7864
2019-10-17 06:30:42,983 [grpc-default-executor-2] INFO  impl.RaftServerImpl (RaftServerImpl.java:setRole(184)) - 2f64f904-2283-4e96-b4e2-6c9018f13084@group-2352D94BEA88: changes role from CANDIDATE to FOLLOWER at term 2 for recognizeCandidate:0f256f10-8056-416e-a2a4-dd085f6c7864
2019-10-17 06:30:42,983 [grpc-default-executor-1] INFO  impl.RoleInfo (RoleInfo.java:shutdownLeaderElection(134)) - 07fb1a7b-fe02-4a56-ac24-3020e88d4db0: shutdown LeaderElection
2019-10-17 06:30:42,983 [grpc-default-executor-2] INFO  impl.RoleInfo (RoleInfo.java:shutdownLeaderElection(134)) - 2f64f904-2283-4e96-b4e2-6c9018f13084: shutdown LeaderElection
2019-10-17 06:30:42,984 [grpc-default-executor-1] INFO  impl.RoleInfo (RoleInfo.java:updateAndGet(143)) - 07fb1a7b-fe02-4a56-ac24-3020e88d4db0: start FollowerState
2019-10-17 06:30:42,985 [grpc-default-executor-2] INFO  impl.RoleInfo (RoleInfo.java:updateAndGet(143)) - 2f64f904-2283-4e96-b4e2-6c9018f13084: start FollowerState
2019-10-17 06:30:42,998 [2f64f904-2283-4e96-b4e2-6c9018f13084@group-2352D94BEA88-LeaderElection13] INFO  impl.LeaderElection (LeaderElection.java:logAndReturn(56)) - 2f64f904-2283-4e96-b4e2-6c9018f13084@group-2352D94BEA88-LeaderElection13: Election DISCOVERED_A_NEW_TERM; received 1 response(s) [2f64f904-2283-4e96-b4e2-6c9018f13084<-0f256f10-8056-416e-a2a4-dd085f6c7864#0:FAIL-t2] and 0 exception(s); 2f64f904-2283-4e96-b4e2-6c9018f13084@group-2352D94BEA88:t2, leader=null, voted=null, raftlog=2f64f904-2283-4e96-b4e2-6c9018f13084@group-2352D94BEA88-SegmentedRaftLog:OPENED:c-1,f-1,i0, conf=-1: [2f64f904-2283-4e96-b4e2-6c9018f13084:192.168.34.62:40373, 0f256f10-8056-416e-a2a4-dd085f6c7864:192.168.34.62:35674, 07fb1a7b-fe02-4a56-ac24-3020e88d4db0:192.168.34.62:46434], old=null
2019-10-17 06:30:42,999 [07fb1a7b-fe02-4a56-ac24-3020e88d4db0@group-2352D94BEA88-LeaderElection14] INFO  impl.LeaderElection (LeaderElection.java:logAndReturn(56)) - 07fb1a7b-fe02-4a56-ac24-3020e88d4db0@group-2352D94BEA88-LeaderElection14: Election DISCOVERED_A_NEW_TERM; received 1 response(s) [07fb1a7b-fe02-4a56-ac24-3020e88d4db0<-0f256f10-8056-416e-a2a4-dd085f6c7864#0:FAIL-t2] and 0 exception(s); 07fb1a7b-fe02-4a56-ac24-3020e88d4db0@group-2352D94BEA88:t2, leader=null, voted=null, raftlog=07fb1a7b-fe02-4a56-ac24-3020e88d4db0@group-2352D94BEA88-SegmentedRaftLog:OPENED:c-1,f-1,i0, conf=-1: [2f64f904-2283-4e96-b4e2-6c9018f13084:192.168.34.62:40373, 0f256f10-8056-416e-a2a4-dd085f6c7864:192.168.34.62:35674, 07fb1a7b-fe02-4a56-ac24-3020e88d4db0:192.168.34.62:46434], old=null
2019-10-17 06:30:43,009 [0f256f10-8056-416e-a2a4-dd085f6c7864@group-2352D94BEA88-LeaderElection12] INFO  impl.LeaderElection (LeaderElection.java:logAndReturn(56)) - 0f256f10-8056-416e-a2a4-dd085f6c7864@group-2352D94BEA88-LeaderElection12: Election REJECTED; received 2 response(s) [0f256f10-8056-416e-a2a4-dd085f6c7864<-2f64f904-2283-4e96-b4e2-6c9018f13084#0:FAIL-t2, 0f256f10-8056-416e-a2a4-dd085f6c7864<-07fb1a7b-fe02-4a56-ac24-3020e88d4db0#0:FAIL-t2] and 0 exception(s); 0f256f10-8056-416e-a2a4-dd085f6c7864@group-2352D94BEA88:t2, leader=null, voted=0f256f10-8056-416e-a2a4-dd085f6c7864, raftlog=0f256f10-8056-416e-a2a4-dd085f6c7864@group-2352D94BEA88-SegmentedRaftLog:OPENED:c-1,f-1,i0, conf=-1: [2f64f904-2283-4e96-b4e2-6c9018f13084:192.168.34.62:40373, 0f256f10-8056-416e-a2a4-dd085f6c7864:192.168.34.62:35674, 07fb1a7b-fe02-4a56-ac24-3020e88d4db0:192.168.34.62:46434], old=null
2019-10-17 06:30:43,015 [0f256f10-8056-416e-a2a4-dd085f6c7864@group-2352D94BEA88-LeaderElection12] INFO  impl.RaftServerImpl (RaftServerImpl.java:setRole(184)) - 0f256f10-8056-416e-a2a4-dd085f6c7864@group-2352D94BEA88: changes role from CANDIDATE to FOLLOWER at term 2 for DISCOVERED_A_NEW_TERM
2019-10-17 06:30:43,015 [0f256f10-8056-416e-a2a4-dd085f6c7864@group-2352D94BEA88-LeaderElection12] INFO  impl.RoleInfo (RoleInfo.java:shutdownLeaderElection(134)) - 0f256f10-8056-416e-a2a4-dd085f6c7864: shutdown LeaderElection
2019-10-17 06:30:43,016 [0f256f10-8056-416e-a2a4-dd085f6c7864@group-2352D94BEA88-LeaderElection12] INFO  impl.RoleInfo (RoleInfo.java:updateAndGet(143)) - 0f256f10-8056-416e-a2a4-dd085f6c7864: start FollowerState
2019-10-17 06:30:43,139 [Thread-1410] INFO  impl.FollowerState (FollowerState.java:run(108)) - 07fb1a7b-fe02-4a56-ac24-3020e88d4db0@group-2352D94BEA88-FollowerState: change to CANDIDATE, lastRpcTime:154ms, electionTimeout:153ms
2019-10-17 06:30:43,140 [Thread-1410] INFO  impl.RoleInfo (RoleInfo.java:shutdownFollowerState(121)) - 07fb1a7b-fe02-4a56-ac24-3020e88d4db0: shutdown FollowerState
2019-10-17 06:30:43,141 [Thread-1410] INFO  impl.RaftServerImpl (RaftServerImpl.java:setRole(184)) - 07fb1a7b-fe02-4a56-ac24-3020e88d4db0@group-2352D94BEA88: changes role from  FOLLOWER to CANDIDATE at term 2 for changeToCandidate
2019-10-17 06:30:43,141 [Thread-1410] INFO  impl.RoleInfo (RoleInfo.java:updateAndGet(143)) - 07fb1a7b-fe02-4a56-ac24-3020e88d4db0: start LeaderElection
2019-10-17 06:30:43,155 [07fb1a7b-fe02-4a56-ac24-3020e88d4db0@group-2352D94BEA88-LeaderElection15] INFO  impl.LeaderElection (LeaderElection.java:askForVotes(178)) - 07fb1a7b-fe02-4a56-ac24-3020e88d4db0@group-2352D94BEA88-LeaderElection15: begin an election at term 3 for -1: [2f64f904-2283-4e96-b4e2-6c9018f13084:192.168.34.62:40373, 0f256f10-8056-416e-a2a4-dd085f6c7864:192.168.34.62:35674, 07fb1a7b-fe02-4a56-ac24-3020e88d4db0:192.168.34.62:46434], old=null
2019-10-17 06:30:43,161 [grpc-default-executor-6] INFO  impl.RaftServerImpl (RaftServerImpl.java:setRole(184)) - 0f256f10-8056-416e-a2a4-dd085f6c7864@group-2352D94BEA88: changes role from  FOLLOWER to FOLLOWER at term 3 for recognizeCandidate:07fb1a7b-fe02-4a56-ac24-3020e88d4db0
2019-10-17 06:30:43,161 [grpc-default-executor-6] INFO  impl.RoleInfo (RoleInfo.java:shutdownFollowerState(121)) - 0f256f10-8056-416e-a2a4-dd085f6c7864: shutdown FollowerState
2019-10-17 06:30:43,161 [grpc-default-executor-5] INFO  impl.RaftServerImpl (RaftServerImpl.java:setRole(184)) - 2f64f904-2283-4e96-b4e2-6c9018f13084@group-2352D94BEA88: changes role from  FOLLOWER to FOLLOWER at term 3 for recognizeCandidate:07fb1a7b-fe02-4a56-ac24-3020e88d4db0
2019-10-17 06:30:43,161 [Thread-1412] INFO  impl.FollowerState (FollowerState.java:run(117)) - 0f256f10-8056-416e-a2a4-dd085f6c7864@group-2352D94BEA88-FollowerState was interrupted: java.lang.InterruptedException: sleep interrupted
2019-10-17 06:30:43,161 [grpc-default-executor-6] INFO  impl.RoleInfo (RoleInfo.java:updateAndGet(143)) - 0f256f10-8056-416e-a2a4-dd085f6c7864: start FollowerState
2019-10-17 06:30:43,161 [grpc-default-executor-5] INFO  impl.RoleInfo (RoleInfo.java:shutdownFollowerState(121)) - 2f64f904-2283-4e96-b4e2-6c9018f13084: shutdown FollowerState
2019-10-17 06:30:43,162 [grpc-default-executor-5] INFO  impl.RoleInfo (RoleInfo.java:updateAndGet(143)) - 2f64f904-2283-4e96-b4e2-6c9018f13084: start FollowerState
2019-10-17 06:30:43,162 [Thread-1411] INFO  impl.FollowerState (FollowerState.java:run(117)) - 2f64f904-2283-4e96-b4e2-6c9018f13084@group-2352D94BEA88-FollowerState was interrupted: java.lang.InterruptedException: sleep interrupted
2019-10-17 06:30:43,190 [07fb1a7b-fe02-4a56-ac24-3020e88d4db0@group-2352D94BEA88-LeaderElection15] INFO  impl.LeaderElection (LeaderElection.java:logAndReturn(56)) - 07fb1a7b-fe02-4a56-ac24-3020e88d4db0@group-2352D94BEA88-LeaderElection15: Election PASSED; received 1 response(s) [07fb1a7b-fe02-4a56-ac24-3020e88d4db0<-2f64f904-2283-4e96-b4e2-6c9018f13084#0:OK-t3] and 0 exception(s); 07fb1a7b-fe02-4a56-ac24-3020e88d4db0@group-2352D94BEA88:t3, leader=null, voted=07fb1a7b-fe02-4a56-ac24-3020e88d4db0, raftlog=07fb1a7b-fe02-4a56-ac24-3020e88d4db0@group-2352D94BEA88-SegmentedRaftLog:OPENED:c-1,f-1,i0, conf=-1: [2f64f904-2283-4e96-b4e2-6c9018f13084:192.168.34.62:40373, 0f256f10-8056-416e-a2a4-dd085f6c7864:192.168.34.62:35674, 07fb1a7b-fe02-4a56-ac24-3020e88d4db0:192.168.34.62:46434], old=null
2019-10-17 06:30:43,190 [07fb1a7b-fe02-4a56-ac24-3020e88d4db0@group-2352D94BEA88-LeaderElection15] INFO  impl.RoleInfo (RoleInfo.java:shutdownLeaderElection(134)) - 07fb1a7b-fe02-4a56-ac24-3020e88d4db0: shutdown LeaderElection
2019-10-17 06:30:43,192 [07fb1a7b-fe02-4a56-ac24-3020e88d4db0@group-2352D94BEA88-LeaderElection15] INFO  impl.RaftServerImpl (RaftServerImpl.java:setRole(184)) - 07fb1a7b-fe02-4a56-ac24-3020e88d4db0@group-2352D94BEA88: changes role from CANDIDATE to LEADER at term 3 for changeToLeader
2019-10-17 06:30:43,192 [07fb1a7b-fe02-4a56-ac24-3020e88d4db0@group-2352D94BEA88-LeaderElection15] INFO  ratis.XceiverServerRatis (XceiverServerRatis.java:handleLeaderChangedNotification(699)) - Leader change notification received for group: group-2352D94BEA88 with new leaderId: 07fb1a7b-fe02-4a56-ac24-3020e88d4db0
2019-10-17 06:30:43,192 [07fb1a7b-fe02-4a56-ac24-3020e88d4db0@group-2352D94BEA88-LeaderElection15] INFO  impl.RaftServerImpl (ServerState.java:setLeader(256)) - 07fb1a7b-fe02-4a56-ac24-3020e88d4db0@group-2352D94BEA88: change Leader from null to 07fb1a7b-fe02-4a56-ac24-3020e88d4db0 at term 3 for becomeLeader, leader elected after 440ms
2019-10-17 06:30:43,193 [07fb1a7b-fe02-4a56-ac24-3020e88d4db0@group-2352D94BEA88-LeaderElection15] INFO  server.RaftServerConfigKeys (ConfUtils.java:logGet(43)) - raft.server.staging.catchup.gap = 1000 (default)
2019-10-17 06:30:43,193 [07fb1a7b-fe02-4a56-ac24-3020e88d4db0@group-2352D94BEA88-LeaderElection15] INFO  server.RaftServerConfigKeys (ConfUtils.java:logGet(43)) - raft.server.rpc.sleep.time = 25ms (default)
2019-10-17 06:30:43,193 [07fb1a7b-fe02-4a56-ac24-3020e88d4db0@group-2352D94BEA88-LeaderElection15] INFO  server.RaftServerConfigKeys (ConfUtils.java:logGet(43)) - raft.server.write.element-limit = 4096 (default)
2019-10-17 06:30:43,193 [07fb1a7b-fe02-4a56-ac24-3020e88d4db0@group-2352D94BEA88-LeaderElection15] INFO  server.RaftServerConfigKeys (ConfUtils.java:logGet(43)) - raft.server.watch.timeout = 10s (default)
2019-10-17 06:30:43,193 [07fb1a7b-fe02-4a56-ac24-3020e88d4db0@group-2352D94BEA88-LeaderElection15] INFO  server.RaftServerConfigKeys (ConfUtils.java:logGet(43)) - raft.server.watch.timeout.denomination = 1s (default)
2019-10-17 06:30:43,193 [07fb1a7b-fe02-4a56-ac24-3020e88d4db0@group-2352D94BEA88-LeaderElection15] INFO  server.RaftServerConfigKeys (ConfUtils.java:logGet(43)) - raft.server.watch.element-limit = 65536 (default)
2019-10-17 06:30:43,193 [EventQueue-PipelineReportForPipelineReportHandler] INFO  pipeline.PipelineReportHandler (PipelineReportHandler.java:processPipelineReport(119)) - Pipeline PipelineID=ef53814e-ecea-48bb-8fc9-2352d94bea88 reported by 07fb1a7b-fe02-4a56-ac24-3020e88d4db0{ip: 192.168.34.62, host: pr-hdds-1868-lzclr-202649289, networkLocation: /rack1, certSerialId: null} with leaderId 07fb1a7b-fe02-4a56-ac24-3020e88d4db0
2019-10-17 06:30:43,198 [07fb1a7b-fe02-4a56-ac24-3020e88d4db0@group-2352D94BEA88-LeaderElection15] INFO  server.RaftServerConfigKeys (ConfUtils.java:logGet(43)) - raft.server.log.appender.snapshot.chunk.size.max = 16MB (=16777216) (default)
2019-10-17 06:30:43,198 [07fb1a7b-fe02-4a56-ac24-3020e88d4db0@group-2352D94BEA88-LeaderElection15] INFO  server.RaftServerConfigKeys (ConfUtils.java:logGet(43)) - raft.server.log.appender.buffer.byte-limit = 33554432 (custom)
2019-10-17 06:30:43,199 [07fb1a7b-fe02-4a56-ac24-3020e88d4db0@group-2352D94BEA88-LeaderElection15] INFO  server.RaftServerConfigKeys (ConfUtils.java:logGet(43)) - raft.server.log.appender.buffer.element-limit = 1 (custom)
2019-10-17 06:30:43,201 [07fb1a7b-fe02-4a56-ac24-3020e88d4db0@group-2352D94BEA88-LeaderElection15] INFO  grpc.GrpcConfigKeys$Server (ConfUtils.java:logGet(43)) - raft.grpc.server.leader.outstanding.appends.max = 128 (default)
2019-10-17 06:30:43,202 [07fb1a7b-fe02-4a56-ac24-3020e88d4db0@group-2352D94BEA88-LeaderElection15] INFO  server.RaftServerConfigKeys (ConfUtils.java:logGet(43)) - raft.server.rpc.request.timeout = 3000ms (default)
2019-10-17 06:30:43,202 [07fb1a7b-fe02-4a56-ac24-3020e88d4db0@group-2352D94BEA88-LeaderElection15] INFO  server.RaftServerConfigKeys (ConfUtils.java:logGet(43)) - raft.server.log.appender.install.snapshot.enabled = false (custom)
2019-10-17 06:30:43,204 [07fb1a7b-fe02-4a56-ac24-3020e88d4db0@group-2352D94BEA88-LeaderElection15] INFO  server.RaftServerConfigKeys (ConfUtils.java:logGet(43)) - raft.server.log.appender.snapshot.chunk.size.max = 16MB (=16777216) (default)
2019-10-17 06:30:43,205 [07fb1a7b-fe02-4a56-ac24-3020e88d4db0@group-2352D94BEA88-LeaderElection15] INFO  server.RaftServerConfigKeys (ConfUtils.java:logGet(43)) - raft.server.log.appender.buffer.byte-limit = 33554432 (custom)
2019-10-17 06:30:43,205 [07fb1a7b-fe02-4a56-ac24-3020e88d4db0@group-2352D94BEA88-LeaderElection15] INFO  server.RaftServerConfigKeys (ConfUtils.java:logGet(43)) - raft.server.log.appender.buffer.element-limit = 1 (custom)
2019-10-17 06:30:43,205 [07fb1a7b-fe02-4a56-ac24-3020e88d4db0@group-2352D94BEA88-LeaderElection15] INFO  grpc.GrpcConfigKeys$Server (ConfUtils.java:logGet(43)) - raft.grpc.server.leader.outstanding.appends.max = 128 (default)
2019-10-17 06:30:43,205 [07fb1a7b-fe02-4a56-ac24-3020e88d4db0@group-2352D94BEA88-LeaderElection15] INFO  server.RaftServerConfigKeys (ConfUtils.java:logGet(43)) - raft.server.rpc.request.timeout = 3000ms (default)
2019-10-17 06:30:43,205 [07fb1a7b-fe02-4a56-ac24-3020e88d4db0@group-2352D94BEA88-LeaderElection15] INFO  server.RaftServerConfigKeys (ConfUtils.java:logGet(43)) - raft.server.log.appender.install.snapshot.enabled = false (custom)
2019-10-17 06:30:43,207 [Thread-1416] INFO  impl.FollowerState (FollowerState.java:run(108)) - 0f256f10-8056-416e-a2a4-dd085f6c7864@group-2352D94BEA88-FollowerState: change to CANDIDATE, lastRpcTime:45ms, electionTimeout:44ms
2019-10-17 06:30:43,207 [Thread-1416] INFO  impl.RoleInfo (RoleInfo.java:shutdownFollowerState(121)) - 0f256f10-8056-416e-a2a4-dd085f6c7864: shutdown FollowerState
2019-10-17 06:30:43,207 [Thread-1416] INFO  impl.RaftServerImpl (RaftServerImpl.java:setRole(184)) - 0f256f10-8056-416e-a2a4-dd085f6c7864@group-2352D94BEA88: changes role from  FOLLOWER to CANDIDATE at term 3 for changeToCandidate
2019-10-17 06:30:43,207 [Thread-1416] INFO  impl.RoleInfo (RoleInfo.java:updateAndGet(143)) - 0f256f10-8056-416e-a2a4-dd085f6c7864: start LeaderElection
2019-10-17 06:30:43,207 [07fb1a7b-fe02-4a56-ac24-3020e88d4db0@group-2352D94BEA88-LeaderElection15] INFO  impl.RoleInfo (RoleInfo.java:updateAndGet(143)) - 07fb1a7b-fe02-4a56-ac24-3020e88d4db0: start LeaderState
2019-10-17 06:30:43,209 [07fb1a7b-fe02-4a56-ac24-3020e88d4db0@group-2352D94BEA88-LeaderElection15] INFO  segmented.SegmentedRaftLogWorker (SegmentedRaftLogWorker.java:startLogSegment(385)) - 07fb1a7b-fe02-4a56-ac24-3020e88d4db0@group-2352D94BEA88-SegmentedRaftLogWorker: Starting segment from index:0
2019-10-17 06:30:43,209 [07fb1a7b-fe02-4a56-ac24-3020e88d4db0@group-2352D94BEA88-LeaderElection15] INFO  impl.RaftServerImpl (ServerState.java:setRaftConf(357)) - 07fb1a7b-fe02-4a56-ac24-3020e88d4db0@group-2352D94BEA88: set configuration 0: [2f64f904-2283-4e96-b4e2-6c9018f13084:192.168.34.62:40373, 0f256f10-8056-416e-a2a4-dd085f6c7864:192.168.34.62:35674, 07fb1a7b-fe02-4a56-ac24-3020e88d4db0:192.168.34.62:46434], old=null at 0
2019-10-17 06:30:43,236 [0f256f10-8056-416e-a2a4-dd085f6c7864@group-2352D94BEA88-LeaderElection16] INFO  impl.LeaderElection (LeaderElection.java:askForVotes(178)) - 0f256f10-8056-416e-a2a4-dd085f6c7864@group-2352D94BEA88-LeaderElection16: begin an election at term 4 for -1: [2f64f904-2283-4e96-b4e2-6c9018f13084:192.168.34.62:40373, 0f256f10-8056-416e-a2a4-dd085f6c7864:192.168.34.62:35674, 07fb1a7b-fe02-4a56-ac24-3020e88d4db0:192.168.34.62:46434], old=null
2019-10-17 06:30:43,243 [grpc-default-executor-6] INFO  impl.RaftServerImpl (RaftServerImpl.java:setRole(184)) - 2f64f904-2283-4e96-b4e2-6c9018f13084@group-2352D94BEA88: changes role from  FOLLOWER to FOLLOWER at term 4 for recognizeCandidate:0f256f10-8056-416e-a2a4-dd085f6c7864
2019-10-17 06:30:43,243 [grpc-default-executor-6] INFO  impl.RoleInfo (RoleInfo.java:shutdownFollowerState(121)) - 2f64f904-2283-4e96-b4e2-6c9018f13084: shutdown FollowerState
2019-10-17 06:30:43,243 [grpc-default-executor-5] INFO  impl.RaftServerImpl (ServerState.java:setLeader(256)) - 07fb1a7b-fe02-4a56-ac24-3020e88d4db0@group-2352D94BEA88: change Leader from 07fb1a7b-fe02-4a56-ac24-3020e88d4db0 to null at term 4 for updateCurrentTerm
2019-10-17 06:30:43,243 [Thread-1417] INFO  impl.FollowerState (FollowerState.java:run(117)) - 2f64f904-2283-4e96-b4e2-6c9018f13084@group-2352D94BEA88-FollowerState was interrupted: java.lang.InterruptedException: sleep interrupted
2019-10-17 06:30:43,243 [grpc-default-executor-5] INFO  impl.RaftServerImpl (RaftServerImpl.java:setRole(184)) - 07fb1a7b-fe02-4a56-ac24-3020e88d4db0@group-2352D94BEA88: changes role from    LEADER to FOLLOWER at term 4 for recognizeCandidate:0f256f10-8056-416e-a2a4-dd085f6c7864
2019-10-17 06:30:43,243 [grpc-default-executor-6] INFO  impl.RoleInfo (RoleInfo.java:updateAndGet(143)) - 2f64f904-2283-4e96-b4e2-6c9018f13084: start FollowerState
2019-10-17 06:30:43,244 [grpc-default-executor-5] INFO  impl.RoleInfo (RoleInfo.java:shutdownLeaderState(104)) - 07fb1a7b-fe02-4a56-ac24-3020e88d4db0: shutdown LeaderState
2019-10-17 06:30:43,246 [grpc-default-executor-5] INFO  impl.PendingRequests (PendingRequests.java:sendNotLeaderResponses(202)) - 07fb1a7b-fe02-4a56-ac24-3020e88d4db0@group-2352D94BEA88-PendingRequests: sendNotLeaderResponses
2019-10-17 06:30:43,246 [grpc-default-executor-5] INFO  impl.RoleInfo (RoleInfo.java:updateAndGet(143)) - 07fb1a7b-fe02-4a56-ac24-3020e88d4db0: start FollowerState
2019-10-17 06:30:43,247 [org.apache.ratis.server.impl.LogAppender$AppenderDaemon$$Lambda$562/1004315470@5c01d37b] WARN  server.GrpcLogAppender (GrpcLogAppender.java:mayWait(149)) - 07fb1a7b-fe02-4a56-ac24-3020e88d4db0@group-2352D94BEA88->2f64f904-2283-4e96-b4e2-6c9018f13084-GrpcLogAppender: Wait interrupted by java.lang.InterruptedException
2019-10-17 06:30:43,247 [org.apache.ratis.server.impl.LogAppender$AppenderDaemon$$Lambda$562/1004315470@548e34a8] WARN  server.GrpcLogAppender (GrpcLogAppender.java:mayWait(149)) - 07fb1a7b-fe02-4a56-ac24-3020e88d4db0@group-2352D94BEA88->0f256f10-8056-416e-a2a4-dd085f6c7864-GrpcLogAppender: Wait interrupted by java.lang.InterruptedException
2019-10-17 06:30:43,251 [grpc-default-executor-1] INFO  server.GrpcServerProtocolService (GrpcServerProtocolService.java:onCompleted(113)) - 2f64f904-2283-4e96-b4e2-6c9018f13084: Completed APPEND_ENTRIES, lastRequest: null
2019-10-17 06:30:43,251 [grpc-default-executor-2] INFO  server.GrpcServerProtocolService (GrpcServerProtocolService.java:onCompleted(113)) - 0f256f10-8056-416e-a2a4-dd085f6c7864: Completed APPEND_ENTRIES, lastRequest: null
2019-10-17 06:30:43,254 [grpc-default-executor-2] INFO  server.GrpcLogAppender (GrpcLogAppender.java:onCompleted(308)) - 07fb1a7b-fe02-4a56-ac24-3020e88d4db0@group-2352D94BEA88->2f64f904-2283-4e96-b4e2-6c9018f13084-AppendLogResponseHandler: follower responses appendEntries COMPLETED
2019-10-17 06:30:43,254 [grpc-default-executor-1] INFO  server.GrpcLogAppender (GrpcLogAppender.java:onCompleted(308)) - 07fb1a7b-fe02-4a56-ac24-3020e88d4db0@group-2352D94BEA88->0f256f10-8056-416e-a2a4-dd085f6c7864-AppendLogResponseHandler: follower responses appendEntries COMPLETED
2019-10-17 06:30:43,257 [grpc-default-executor-2] INFO  impl.FollowerInfo (FollowerInfo.java:lambda$new$0(51)) - 07fb1a7b-fe02-4a56-ac24-3020e88d4db0@group-2352D94BEA88->2f64f904-2283-4e96-b4e2-6c9018f13084: nextIndex: updateUnconditionally 0 -> 0
2019-10-17 06:30:43,257 [grpc-default-executor-1] INFO  impl.FollowerInfo (FollowerInfo.java:lambda$new$0(51)) - 07fb1a7b-fe02-4a56-ac24-3020e88d4db0@group-2352D94BEA88->0f256f10-8056-416e-a2a4-dd085f6c7864: nextIndex: updateUnconditionally 0 -> 0
2019-10-17 06:30:43,259 [07fb1a7b-fe02-4a56-ac24-3020e88d4db0@group-2352D94BEA88-SegmentedRaftLogWorker] INFO  segmented.SegmentedRaftLogWorker (SegmentedRaftLogWorker.java:execute(576)) - 07fb1a7b-fe02-4a56-ac24-3020e88d4db0@group-2352D94BEA88-SegmentedRaftLogWorker: created new log segment /workdir/hadoop-ozone/integration-test/target/test-dir/MiniOzoneClusterImpl-c6a2a26f-5c7a-4fdf-95bb-7d3ef4a0bc37/datanode-2/data/ratis/ef53814e-ecea-48bb-8fc9-2352d94bea88/current/log_inprogress_0
2019-10-17 06:30:43,259 [Thread-1424] INFO  impl.FollowerState (FollowerState.java:run(108)) - 2f64f904-2283-4e96-b4e2-6c9018f13084@group-2352D94BEA88-FollowerState: change to CANDIDATE, lastRpcTime:16ms, electionTimeout:3ms
2019-10-17 06:30:43,259 [Thread-1424] INFO  impl.RoleInfo (RoleInfo.java:shutdownFollowerState(121)) - 2f64f904-2283-4e96-b4e2-6c9018f13084: shutdown FollowerState
2019-10-17 06:30:43,259 [Thread-1424] INFO  impl.RaftServerImpl (RaftServerImpl.java:setRole(184)) - 2f64f904-2283-4e96-b4e2-6c9018f13084@group-2352D94BEA88: changes role from  FOLLOWER to CANDIDATE at term 4 for changeToCandidate
2019-10-17 06:30:43,259 [Thread-1424] INFO  impl.RoleInfo (RoleInfo.java:updateAndGet(143)) - 2f64f904-2283-4e96-b4e2-6c9018f13084: start LeaderElection
2019-10-17 06:30:43,264 [0f256f10-8056-416e-a2a4-dd085f6c7864@group-2352D94BEA88-LeaderElection16] INFO  impl.LeaderElection (LeaderElection.java:logAndReturn(56)) - 0f256f10-8056-416e-a2a4-dd085f6c7864@group-2352D94BEA88-LeaderElection16: Election PASSED; received 2 response(s) [0f256f10-8056-416e-a2a4-dd085f6c7864<-2f64f904-2283-4e96-b4e2-6c9018f13084#0:OK-t4, 0f256f10-8056-416e-a2a4-dd085f6c7864<-07fb1a7b-fe02-4a56-ac24-3020e88d4db0#0:FAIL-t4] and 0 exception(s); 0f256f10-8056-416e-a2a4-dd085f6c7864@group-2352D94BEA88:t4, leader=null, voted=0f256f10-8056-416e-a2a4-dd085f6c7864, raftlog=0f256f10-8056-416e-a2a4-dd085f6c7864@group-2352D94BEA88-SegmentedRaftLog:OPENED:c-1,f-1,i0, conf=-1: [2f64f904-2283-4e96-b4e2-6c9018f13084:192.168.34.62:40373, 0f256f10-8056-416e-a2a4-dd085f6c7864:192.168.34.62:35674, 07fb1a7b-fe02-4a56-ac24-3020e88d4db0:192.168.34.62:46434], old=null
2019-10-17 06:30:43,264 [0f256f10-8056-416e-a2a4-dd085f6c7864@group-2352D94BEA88-LeaderElection16] INFO  impl.RoleInfo (RoleInfo.java:shutdownLeaderElection(134)) - 0f256f10-8056-416e-a2a4-dd085f6c7864: shutdown LeaderElection
2019-10-17 06:30:43,265 [0f256f10-8056-416e-a2a4-dd085f6c7864@group-2352D94BEA88-LeaderElection16] INFO  impl.RaftServerImpl (RaftServerImpl.java:setRole(184)) - 0f256f10-8056-416e-a2a4-dd085f6c7864@group-2352D94BEA88: changes role from CANDIDATE to LEADER at term 4 for changeToLeader
2019-10-17 06:30:43,265 [0f256f10-8056-416e-a2a4-dd085f6c7864@group-2352D94BEA88-LeaderElection16] INFO  ratis.XceiverServerRatis (XceiverServerRatis.java:handleLeaderChangedNotification(699)) - Leader change notification received for group: group-2352D94BEA88 with new leaderId: 0f256f10-8056-416e-a2a4-dd085f6c7864
2019-10-17 06:30:43,265 [0f256f10-8056-416e-a2a4-dd085f6c7864@group-2352D94BEA88-LeaderElection16] INFO  impl.RaftServerImpl (ServerState.java:setLeader(256)) - 0f256f10-8056-416e-a2a4-dd085f6c7864@group-2352D94BEA88: change Leader from null to 0f256f10-8056-416e-a2a4-dd085f6c7864 at term 4 for becomeLeader, leader elected after 512ms
2019-10-17 06:30:43,266 [0f256f10-8056-416e-a2a4-dd085f6c7864@group-2352D94BEA88-LeaderElection16] INFO  server.RaftServerConfigKeys (ConfUtils.java:logGet(43)) - raft.server.staging.catchup.gap = 1000 (default)
2019-10-17 06:30:43,266 [0f256f10-8056-416e-a2a4-dd085f6c7864@group-2352D94BEA88-LeaderElection16] INFO  server.RaftServerConfigKeys (ConfUtils.java:logGet(43)) - raft.server.rpc.sleep.time = 25ms (default)
2019-10-17 06:30:43,266 [0f256f10-8056-416e-a2a4-dd085f6c7864@group-2352D94BEA88-LeaderElection16] INFO  server.RaftServerConfigKeys (ConfUtils.java:logGet(43)) - raft.server.write.element-limit = 4096 (default)
2019-10-17 06:30:43,266 [0f256f10-8056-416e-a2a4-dd085f6c7864@group-2352D94BEA88-LeaderElection16] INFO  server.RaftServerConfigKeys (ConfUtils.java:logGet(43)) - raft.server.watch.timeout = 10s (default)
2019-10-17 06:30:43,266 [0f256f10-8056-416e-a2a4-dd085f6c7864@group-2352D94BEA88-LeaderElection16] INFO  server.RaftServerConfigKeys (ConfUtils.java:logGet(43)) - raft.server.watch.timeout.denomination = 1s (default)
2019-10-17 06:30:43,266 [0f256f10-8056-416e-a2a4-dd085f6c7864@group-2352D94BEA88-LeaderElection16] INFO  server.RaftServerConfigKeys (ConfUtils.java:logGet(43)) - raft.server.watch.element-limit = 65536 (default)
2019-10-17 06:30:43,266 [EventQueue-PipelineReportForPipelineReportHandler] INFO  pipeline.PipelineReportHandler (PipelineReportHandler.java:processPipelineReport(119)) - Pipeline PipelineID=ef53814e-ecea-48bb-8fc9-2352d94bea88 reported by 0f256f10-8056-416e-a2a4-dd085f6c7864{ip: 192.168.34.62, host: pr-hdds-1868-lzclr-202649289, networkLocation: /rack1, certSerialId: null} with leaderId 0f256f10-8056-416e-a2a4-dd085f6c7864
2019-10-17 06:30:43,269 [0f256f10-8056-416e-a2a4-dd085f6c7864@group-2352D94BEA88-LeaderElection16] INFO  server.RaftServerConfigKeys (ConfUtils.java:logGet(43)) - raft.server.log.appender.snapshot.chunk.size.max = 16MB (=16777216) (default)
2019-10-17 06:30:43,269 [0f256f10-8056-416e-a2a4-dd085f6c7864@group-2352D94BEA88-LeaderElection16] INFO  server.RaftServerConfigKeys (ConfUtils.java:logGet(43)) - raft.server.log.appender.buffer.byte-limit = 33554432 (custom)
2019-10-17 06:30:43,269 [0f256f10-8056-416e-a2a4-dd085f6c7864@group-2352D94BEA88-LeaderElection16] INFO  server.RaftServerConfigKeys (ConfUtils.java:logGet(43)) - raft.server.log.appender.buffer.element-limit = 1 (custom)
2019-10-17 06:30:43,269 [0f256f10-8056-416e-a2a4-dd085f6c7864@group-2352D94BEA88-LeaderElection16] INFO  grpc.GrpcConfigKeys$Server (ConfUtils.java:logGet(43)) - raft.grpc.server.leader.outstanding.appends.max = 128 (default)
2019-10-17 06:30:43,269 [0f256f10-8056-416e-a2a4-dd085f6c7864@group-2352D94BEA88-LeaderElection16] INFO  server.RaftServerConfigKeys (ConfUtils.java:logGet(43)) - raft.server.rpc.request.timeout = 3000ms (default)
2019-10-17 06:30:43,269 [0f256f10-8056-416e-a2a4-dd085f6c7864@group-2352D94BEA88-LeaderElection16] INFO  server.RaftServerConfigKeys (ConfUtils.java:logGet(43)) - raft.server.log.appender.install.snapshot.enabled = false (custom)
2019-10-17 06:30:43,271 [0f256f10-8056-416e-a2a4-dd085f6c7864@group-2352D94BEA88-LeaderElection16] INFO  server.RaftServerConfigKeys (ConfUtils.java:logGet(43)) - raft.server.log.appender.snapshot.chunk.size.max = 16MB (=16777216) (default)
2019-10-17 06:30:43,271 [0f256f10-8056-416e-a2a4-dd085f6c7864@group-2352D94BEA88-LeaderElection16] INFO  server.RaftServerConfigKeys (ConfUtils.java:logGet(43)) - raft.server.log.appender.buffer.byte-limit = 33554432 (custom)
2019-10-17 06:30:43,271 [0f256f10-8056-416e-a2a4-dd085f6c7864@group-2352D94BEA88-LeaderElection16] INFO  server.RaftServerConfigKeys (ConfUtils.java:logGet(43)) - raft.server.log.appender.buffer.element-limit = 1 (custom)
2019-10-17 06:30:43,271 [0f256f10-8056-416e-a2a4-dd085f6c7864@group-2352D94BEA88-LeaderElection16] INFO  grpc.GrpcConfigKeys$Server (ConfUtils.java:logGet(43)) - raft.grpc.server.leader.outstanding.appends.max = 128 (default)
2019-10-17 06:30:43,272 [0f256f10-8056-416e-a2a4-dd085f6c7864@group-2352D94BEA88-LeaderElection16] INFO  server.RaftServerConfigKeys (ConfUtils.java:logGet(43)) - raft.server.rpc.request.timeout = 3000ms (default)
2019-10-17 06:30:43,272 [0f256f10-8056-416e-a2a4-dd085f6c7864@group-2352D94BEA88-LeaderElection16] INFO  server.RaftServerConfigKeys (ConfUtils.java:logGet(43)) - raft.server.log.appender.install.snapshot.enabled = false (custom)
2019-10-17 06:30:43,273 [0f256f10-8056-416e-a2a4-dd085f6c7864@group-2352D94BEA88-LeaderElection16] INFO  impl.RoleInfo (RoleInfo.java:updateAndGet(143)) - 0f256f10-8056-416e-a2a4-dd085f6c7864: start LeaderState
2019-10-17 06:30:43,274 [0f256f10-8056-416e-a2a4-dd085f6c7864@group-2352D94BEA88-LeaderElection16] INFO  segmented.SegmentedRaftLogWorker (SegmentedRaftLogWorker.java:startLogSegment(385)) - 0f256f10-8056-416e-a2a4-dd085f6c7864@group-2352D94BEA88-SegmentedRaftLogWorker: Starting segment from index:0
2019-10-17 06:30:43,274 [0f256f10-8056-416e-a2a4-dd085f6c7864@group-2352D94BEA88-LeaderElection16] INFO  impl.RaftServerImpl (ServerState.java:setRaftConf(357)) - 0f256f10-8056-416e-a2a4-dd085f6c7864@group-2352D94BEA88: set configuration 0: [2f64f904-2283-4e96-b4e2-6c9018f13084:192.168.34.62:40373, 0f256f10-8056-416e-a2a4-dd085f6c7864:192.168.34.62:35674, 07fb1a7b-fe02-4a56-ac24-3020e88d4db0:192.168.34.62:46434], old=null at 0
2019-10-17 06:30:43,306 [2f64f904-2283-4e96-b4e2-6c9018f13084@group-2352D94BEA88-LeaderElection17] INFO  impl.LeaderElection (LeaderElection.java:askForVotes(178)) - 2f64f904-2283-4e96-b4e2-6c9018f13084@group-2352D94BEA88-LeaderElection17: begin an election at term 5 for -1: [2f64f904-2283-4e96-b4e2-6c9018f13084:192.168.34.62:40373, 0f256f10-8056-416e-a2a4-dd085f6c7864:192.168.34.62:35674, 07fb1a7b-fe02-4a56-ac24-3020e88d4db0:192.168.34.62:46434], old=null
2019-10-17 06:30:43,310 [grpc-default-executor-5] INFO  ratis.XceiverServerRatis (XceiverServerRatis.java:handleLeaderChangedNotification(699)) - Leader change notification received for group: group-2352D94BEA88 with new leaderId: 0f256f10-8056-416e-a2a4-dd085f6c7864
2019-10-17 06:30:43,310 [grpc-default-executor-5] INFO  impl.RaftServerImpl (ServerState.java:setLeader(256)) - 07fb1a7b-fe02-4a56-ac24-3020e88d4db0@group-2352D94BEA88: change Leader from null to 0f256f10-8056-416e-a2a4-dd085f6c7864 at term 4 for appendEntries, leader elected after 66ms
2019-10-17 06:30:43,312 [grpc-default-executor-1] INFO  impl.RaftServerImpl (ServerState.java:setLeader(256)) - 07fb1a7b-fe02-4a56-ac24-3020e88d4db0@group-2352D94BEA88: change Leader from 0f256f10-8056-416e-a2a4-dd085f6c7864 to null at term 5 for updateCurrentTerm
2019-10-17 06:30:43,313 [grpc-default-executor-1] INFO  impl.RaftServerImpl (RaftServerImpl.java:setRole(184)) - 07fb1a7b-fe02-4a56-ac24-3020e88d4db0@group-2352D94BEA88: changes role from  FOLLOWER to FOLLOWER at term 5 for recognizeCandidate:2f64f904-2283-4e96-b4e2-6c9018f13084
2019-10-17 06:30:43,313 [grpc-default-executor-2] INFO  impl.RaftServerImpl (ServerState.java:setLeader(256)) - 0f256f10-8056-416e-a2a4-dd085f6c7864@group-2352D94BEA88: change Leader from 0f256f10-8056-416e-a2a4-dd085f6c7864 to null at term 5 for updateCurrentTerm
2019-10-17 06:30:43,313 [EventQueue-PipelineReportForPipelineReportHandler] INFO  pipeline.PipelineReportHandler (PipelineReportHandler.java:processPipelineReport(119)) - Pipeline PipelineID=ef53814e-ecea-48bb-8fc9-2352d94bea88 reported by 07fb1a7b-fe02-4a56-ac24-3020e88d4db0{ip: 192.168.34.62, host: pr-hdds-1868-lzclr-202649289, networkLocation: /rack1, certSerialId: null} with leaderId 0f256f10-8056-416e-a2a4-dd085f6c7864
2019-10-17 06:30:43,313 [grpc-default-executor-1] INFO  impl.RoleInfo (RoleInfo.java:shutdownFollowerState(121)) - 07fb1a7b-fe02-4a56-ac24-3020e88d4db0: shutdown FollowerState
2019-10-17 06:30:43,313 [grpc-default-executor-2] INFO  impl.RaftServerImpl (RaftServerImpl.java:setRole(184)) - 0f256f10-8056-416e-a2a4-dd085f6c7864@group-2352D94BEA88: changes role from    LEADER to FOLLOWER at term 5 for recognizeCandidate:2f64f904-2283-4e96-b4e2-6c9018f13084
2019-10-17 06:30:43,314 [Thread-1425] INFO  impl.FollowerState (FollowerState.java:run(117)) - 07fb1a7b-fe02-4a56-ac24-3020e88d4db0@group-2352D94BEA88-FollowerState was interrupted: java.lang.InterruptedException: sleep interrupted
2019-10-17 06:30:43,314 [grpc-default-executor-1] INFO  impl.RoleInfo (RoleInfo.java:updateAndGet(143)) - 07fb1a7b-fe02-4a56-ac24-3020e88d4db0: start FollowerState
2019-10-17 06:30:43,314 [grpc-default-executor-2] INFO  impl.RoleInfo (RoleInfo.java:shutdownLeaderState(104)) - 0f256f10-8056-416e-a2a4-dd085f6c7864: shutdown LeaderState
2019-10-17 06:30:43,316 [org.apache.ratis.server.impl.LogAppender$AppenderDaemon$$Lambda$562/1004315470@2e8f7e48] WARN  server.GrpcLogAppender (GrpcLogAppender.java:mayWait(149)) - 0f256f10-8056-416e-a2a4-dd085f6c7864@group-2352D94BEA88->07fb1a7b-fe02-4a56-ac24-3020e88d4db0-GrpcLogAppender: Wait interrupted by java.lang.InterruptedException
2019-10-17 06:30:43,316 [grpc-default-executor-2] INFO  impl.PendingRequests (PendingRequests.java:sendNotLeaderResponses(202)) - 0f256f10-8056-416e-a2a4-dd085f6c7864@group-2352D94BEA88-PendingRequests: sendNotLeaderResponses
2019-10-17 06:30:43,316 [grpc-default-executor-2] INFO  impl.RoleInfo (RoleInfo.java:updateAndGet(143)) - 0f256f10-8056-416e-a2a4-dd085f6c7864: start FollowerState
2019-10-17 06:30:43,317 [org.apache.ratis.server.impl.LogAppender$AppenderDaemon$$Lambda$562/1004315470@1fdac44c] WARN  server.GrpcLogAppender (GrpcLogAppender.java:mayWait(149)) - 0f256f10-8056-416e-a2a4-dd085f6c7864@group-2352D94BEA88->2f64f904-2283-4e96-b4e2-6c9018f13084-GrpcLogAppender: Wait interrupted by java.lang.InterruptedException
2019-10-17 06:30:43,317 [grpc-default-executor-4] INFO  server.GrpcServerProtocolService (GrpcServerProtocolService.java:onCompleted(113)) - 2f64f904-2283-4e96-b4e2-6c9018f13084: Completed APPEND_ENTRIES, lastRequest: 0f256f10-8056-416e-a2a4-dd085f6c7864->2f64f904-2283-4e96-b4e2-6c9018f13084#0-t4, previous=(t:0, i:0), leaderCommit=-1, initializing? false, entries: <empty>
2019-10-17 06:30:43,327 [0f256f10-8056-416e-a2a4-dd085f6c7864@group-2352D94BEA88-SegmentedRaftLogWorker] INFO  segmented.SegmentedRaftLogWorker (SegmentedRaftLogWorker.java:execute(576)) - 0f256f10-8056-416e-a2a4-dd085f6c7864@group-2352D94BEA88-SegmentedRaftLogWorker: created new log segment /workdir/hadoop-ozone/integration-test/target/test-dir/MiniOzoneClusterImpl-c6a2a26f-5c7a-4fdf-95bb-7d3ef4a0bc37/datanode-0/data/ratis/ef53814e-ecea-48bb-8fc9-2352d94bea88/current/log_inprogress_0
2019-10-17 06:30:43,327 [grpc-default-executor-6] INFO  server.GrpcLogAppender (GrpcLogAppender.java:onCompleted(308)) - 0f256f10-8056-416e-a2a4-dd085f6c7864@group-2352D94BEA88->2f64f904-2283-4e96-b4e2-6c9018f13084-AppendLogResponseHandler: follower responses appendEntries COMPLETED
2019-10-17 06:30:43,329 [grpc-default-executor-6] INFO  impl.FollowerInfo (FollowerInfo.java:lambda$new$0(51)) - 0f256f10-8056-416e-a2a4-dd085f6c7864@group-2352D94BEA88->2f64f904-2283-4e96-b4e2-6c9018f13084: nextIndex: updateUnconditionally 0 -> 0
2019-10-17 06:30:43,329 [grpc-default-executor-5] INFO  server.GrpcServerProtocolService (GrpcServerProtocolService.java:onCompleted(113)) - 07fb1a7b-fe02-4a56-ac24-3020e88d4db0: Completed APPEND_ENTRIES, lastRequest: 0f256f10-8056-416e-a2a4-dd085f6c7864->07fb1a7b-fe02-4a56-ac24-3020e88d4db0#0-t4, previous=(t:0, i:0), leaderCommit=-1, initializing? false, entries: <empty>
2019-10-17 06:30:43,330 [2f64f904-2283-4e96-b4e2-6c9018f13084@group-2352D94BEA88-LeaderElection17] INFO  impl.LeaderElection (LeaderElection.java:logAndReturn(56)) - 2f64f904-2283-4e96-b4e2-6c9018f13084@group-2352D94BEA88-LeaderElection17: Election REJECTED; received 2 response(s) [2f64f904-2283-4e96-b4e2-6c9018f13084<-0f256f10-8056-416e-a2a4-dd085f6c7864#0:FAIL-t5, 2f64f904-2283-4e96-b4e2-6c9018f13084<-07fb1a7b-fe02-4a56-ac24-3020e88d4db0#0:FAIL-t5] and 0 exception(s); 2f64f904-2283-4e96-b4e2-6c9018f13084@group-2352D94BEA88:t5, leader=null, voted=2f64f904-2283-4e96-b4e2-6c9018f13084, raftlog=2f64f904-2283-4e96-b4e2-6c9018f13084@group-2352D94BEA88-SegmentedRaftLog:OPENED:c-1,f-1,i0, conf=-1: [2f64f904-2283-4e96-b4e2-6c9018f13084:192.168.34.62:40373, 0f256f10-8056-416e-a2a4-dd085f6c7864:192.168.34.62:35674, 07fb1a7b-fe02-4a56-ac24-3020e88d4db0:192.168.34.62:46434], old=null
2019-10-17 06:30:43,330 [2f64f904-2283-4e96-b4e2-6c9018f13084@group-2352D94BEA88-LeaderElection17] INFO  impl.RaftServerImpl (RaftServerImpl.java:setRole(184)) - 2f64f904-2283-4e96-b4e2-6c9018f13084@group-2352D94BEA88: changes role from CANDIDATE to FOLLOWER at term 5 for DISCOVERED_A_NEW_TERM
2019-10-17 06:30:43,331 [2f64f904-2283-4e96-b4e2-6c9018f13084@group-2352D94BEA88-LeaderElection17] INFO  impl.RoleInfo (RoleInfo.java:shutdownLeaderElection(134)) - 2f64f904-2283-4e96-b4e2-6c9018f13084: shutdown LeaderElection
2019-10-17 06:30:43,331 [2f64f904-2283-4e96-b4e2-6c9018f13084@group-2352D94BEA88-LeaderElection17] INFO  impl.RoleInfo (RoleInfo.java:updateAndGet(143)) - 2f64f904-2283-4e96-b4e2-6c9018f13084: start FollowerState
2019-10-17 06:30:43,334 [grpc-default-executor-5] INFO  server.GrpcLogAppender (GrpcLogAppender.java:onCompleted(308)) - 0f256f10-8056-416e-a2a4-dd085f6c7864@group-2352D94BEA88->07fb1a7b-fe02-4a56-ac24-3020e88d4db0-AppendLogResponseHandler: follower responses appendEntries COMPLETED
2019-10-17 06:30:43,336 [grpc-default-executor-5] INFO  impl.FollowerInfo (FollowerInfo.java:lambda$new$0(51)) - 0f256f10-8056-416e-a2a4-dd085f6c7864@group-2352D94BEA88->07fb1a7b-fe02-4a56-ac24-3020e88d4db0: nextIndex: updateUnconditionally 0 -> 0
2019-10-17 06:30:43,348 [Thread-1437] INFO  impl.FollowerState (FollowerState.java:run(108)) - 2f64f904-2283-4e96-b4e2-6c9018f13084@group-2352D94BEA88-FollowerState: change to CANDIDATE, lastRpcTime:16ms, electionTimeout:16ms
2019-10-17 06:30:43,348 [Thread-1437] INFO  impl.RoleInfo (RoleInfo.java:shutdownFollowerState(121)) - 2f64f904-2283-4e96-b4e2-6c9018f13084: shutdown FollowerState
2019-10-17 06:30:43,348 [Thread-1437] INFO  impl.RaftServerImpl (RaftServerImpl.java:setRole(184)) - 2f64f904-2283-4e96-b4e2-6c9018f13084@group-2352D94BEA88: changes role from  FOLLOWER to CANDIDATE at term 5 for changeToCandidate
2019-10-17 06:30:43,348 [Thread-1437] INFO  impl.RoleInfo (RoleInfo.java:updateAndGet(143)) - 2f64f904-2283-4e96-b4e2-6c9018f13084: start LeaderElection
2019-10-17 06:30:43,353 [2f64f904-2283-4e96-b4e2-6c9018f13084@group-2352D94BEA88-LeaderElection18] INFO  impl.LeaderElection (LeaderElection.java:askForVotes(178)) - 2f64f904-2283-4e96-b4e2-6c9018f13084@group-2352D94BEA88-LeaderElection18: begin an election at term 6 for -1: [2f64f904-2283-4e96-b4e2-6c9018f13084:192.168.34.62:40373, 0f256f10-8056-416e-a2a4-dd085f6c7864:192.168.34.62:35674, 07fb1a7b-fe02-4a56-ac24-3020e88d4db0:192.168.34.62:46434], old=null
2019-10-17 06:30:43,359 [grpc-default-executor-5] INFO  impl.RaftServerImpl (RaftServerImpl.java:setRole(184)) - 0f256f10-8056-416e-a2a4-dd085f6c7864@group-2352D94BEA88: changes role from  FOLLOWER to FOLLOWER at term 6 for recognizeCandidate:2f64f904-2283-4e96-b4e2-6c9018f13084
2019-10-17 06:30:43,359 [grpc-default-executor-6] INFO  impl.RaftServerImpl (RaftServerImpl.java:setRole(184)) - 07fb1a7b-fe02-4a56-ac24-3020e88d4db0@group-2352D94BEA88: changes role from  FOLLOWER to FOLLOWER at term 6 for recognizeCandidate:2f64f904-2283-4e96-b4e2-6c9018f13084
2019-10-17 06:30:43,359 [grpc-default-executor-5] INFO  impl.RoleInfo (RoleInfo.java:shutdownFollowerState(121)) - 0f256f10-8056-416e-a2a4-dd085f6c7864: shutdown FollowerState
2019-10-17 06:30:43,360 [grpc-default-executor-6] INFO  impl.RoleInfo (RoleInfo.java:shutdownFollowerState(121)) - 07fb1a7b-fe02-4a56-ac24-3020e88d4db0: shutdown FollowerState
2019-10-17 06:30:43,360 [Thread-1436] INFO  impl.FollowerState (FollowerState.java:run(117)) - 0f256f10-8056-416e-a2a4-dd085f6c7864@group-2352D94BEA88-FollowerState was interrupted: java.lang.InterruptedException: sleep interrupted
2019-10-17 06:30:43,360 [grpc-default-executor-5] INFO  impl.RoleInfo (RoleInfo.java:updateAndGet(143)) - 0f256f10-8056-416e-a2a4-dd085f6c7864: start FollowerState
2019-10-17 06:30:43,360 [Thread-1435] INFO  impl.FollowerState (FollowerState.java:run(117)) - 07fb1a7b-fe02-4a56-ac24-3020e88d4db0@group-2352D94BEA88-FollowerState was interrupted: java.lang.InterruptedException: sleep interrupted
2019-10-17 06:30:43,360 [grpc-default-executor-6] INFO  impl.RoleInfo (RoleInfo.java:updateAndGet(143)) - 07fb1a7b-fe02-4a56-ac24-3020e88d4db0: start FollowerState
2019-10-17 06:30:43,388 [2f64f904-2283-4e96-b4e2-6c9018f13084@group-2352D94BEA88-LeaderElection18] INFO  impl.LeaderElection (LeaderElection.java:logAndReturn(56)) - 2f64f904-2283-4e96-b4e2-6c9018f13084@group-2352D94BEA88-LeaderElection18: Election REJECTED; received 2 response(s) [2f64f904-2283-4e96-b4e2-6c9018f13084<-0f256f10-8056-416e-a2a4-dd085f6c7864#0:FAIL-t6, 2f64f904-2283-4e96-b4e2-6c9018f13084<-07fb1a7b-fe02-4a56-ac24-3020e88d4db0#0:FAIL-t6] and 0 exception(s); 2f64f904-2283-4e96-b4e2-6c9018f13084@group-2352D94BEA88:t6, leader=null, voted=2f64f904-2283-4e96-b4e2-6c9018f13084, raftlog=2f64f904-2283-4e96-b4e2-6c9018f13084@group-2352D94BEA88-SegmentedRaftLog:OPENED:c-1,f-1,i0, conf=-1: [2f64f904-2283-4e96-b4e2-6c9018f13084:192.168.34.62:40373, 0f256f10-8056-416e-a2a4-dd085f6c7864:192.168.34.62:35674, 07fb1a7b-fe02-4a56-ac24-3020e88d4db0:192.168.34.62:46434], old=null
2019-10-17 06:30:43,388 [2f64f904-2283-4e96-b4e2-6c9018f13084@group-2352D94BEA88-LeaderElection18] INFO  impl.RaftServerImpl (RaftServerImpl.java:setRole(184)) - 2f64f904-2283-4e96-b4e2-6c9018f13084@group-2352D94BEA88: changes role from CANDIDATE to FOLLOWER at term 6 for DISCOVERED_A_NEW_TERM
2019-10-17 06:30:43,389 [2f64f904-2283-4e96-b4e2-6c9018f13084@group-2352D94BEA88-LeaderElection18] INFO  impl.RoleInfo (RoleInfo.java:shutdownLeaderElection(134)) - 2f64f904-2283-4e96-b4e2-6c9018f13084: shutdown LeaderElection
2019-10-17 06:30:43,389 [2f64f904-2283-4e96-b4e2-6c9018f13084@group-2352D94BEA88-LeaderElection18] INFO  impl.RoleInfo (RoleInfo.java:updateAndGet(143)) - 2f64f904-2283-4e96-b4e2-6c9018f13084: start FollowerState
2019-10-17 06:30:43,540 [Thread-1443] INFO  impl.FollowerState (FollowerState.java:run(108)) - 2f64f904-2283-4e96-b4e2-6c9018f13084@group-2352D94BEA88-FollowerState: change to CANDIDATE, lastRpcTime:151ms, electionTimeout:151ms
2019-10-17 06:30:43,542 [Thread-1443] INFO  impl.RoleInfo (RoleInfo.java:shutdownFollowerState(121)) - 2f64f904-2283-4e96-b4e2-6c9018f13084: shutdown FollowerState
2019-10-17 06:30:43,542 [Thread-1443] INFO  impl.RaftServerImpl (RaftServerImpl.java:setRole(184)) - 2f64f904-2283-4e96-b4e2-6c9018f13084@group-2352D94BEA88: changes role from  FOLLOWER to CANDIDATE at term 6 for changeToCandidate
2019-10-17 06:30:43,542 [Thread-1443] INFO  impl.RoleInfo (RoleInfo.java:updateAndGet(143)) - 2f64f904-2283-4e96-b4e2-6c9018f13084: start LeaderElection
2019-10-17 06:30:43,600 [2f64f904-2283-4e96-b4e2-6c9018f13084@group-2352D94BEA88-LeaderElection19] INFO  impl.LeaderElection (LeaderElection.java:askForVotes(178)) - 2f64f904-2283-4e96-b4e2-6c9018f13084@group-2352D94BEA88-LeaderElection19: begin an election at term 7 for -1: [2f64f904-2283-4e96-b4e2-6c9018f13084:192.168.34.62:40373, 0f256f10-8056-416e-a2a4-dd085f6c7864:192.168.34.62:35674, 07fb1a7b-fe02-4a56-ac24-3020e88d4db0:192.168.34.62:46434], old=null
2019-10-17 06:30:43,604 [grpc-default-executor-5] INFO  impl.RaftServerImpl (RaftServerImpl.java:setRole(184)) - 07fb1a7b-fe02-4a56-ac24-3020e88d4db0@group-2352D94BEA88: changes role from  FOLLOWER to FOLLOWER at term 7 for recognizeCandidate:2f64f904-2283-4e96-b4e2-6c9018f13084
2019-10-17 06:30:43,604 [grpc-default-executor-6] INFO  impl.RaftServerImpl (RaftServerImpl.java:setRole(184)) - 0f256f10-8056-416e-a2a4-dd085f6c7864@group-2352D94BEA88: changes role from  FOLLOWER to FOLLOWER at term 7 for recognizeCandidate:2f64f904-2283-4e96-b4e2-6c9018f13084
2019-10-17 06:30:43,604 [grpc-default-executor-5] INFO  impl.RoleInfo (RoleInfo.java:shutdownFollowerState(121)) - 07fb1a7b-fe02-4a56-ac24-3020e88d4db0: shutdown FollowerState
2019-10-17 06:30:43,604 [grpc-default-executor-6] INFO  impl.RoleInfo (RoleInfo.java:shutdownFollowerState(121)) - 0f256f10-8056-416e-a2a4-dd085f6c7864: shutdown FollowerState
2019-10-17 06:30:43,604 [Thread-1442] INFO  impl.FollowerState (FollowerState.java:run(117)) - 07fb1a7b-fe02-4a56-ac24-3020e88d4db0@group-2352D94BEA88-FollowerState was interrupted: java.lang.InterruptedException: sleep interrupted
2019-10-17 06:30:43,604 [grpc-default-executor-5] INFO  impl.RoleInfo (RoleInfo.java:updateAndGet(143)) - 07fb1a7b-fe02-4a56-ac24-3020e88d4db0: start FollowerState
2019-10-17 06:30:43,604 [Thread-1441] INFO  impl.FollowerState (FollowerState.java:run(117)) - 0f256f10-8056-416e-a2a4-dd085f6c7864@group-2352D94BEA88-FollowerState was interrupted: java.lang.InterruptedException: sleep interrupted
2019-10-17 06:30:43,604 [grpc-default-executor-6] INFO  impl.RoleInfo (RoleInfo.java:updateAndGet(143)) - 0f256f10-8056-416e-a2a4-dd085f6c7864: start FollowerState
2019-10-17 06:30:43,627 [Thread-1202] INFO  ozone.MiniOzoneClusterImpl (MiniOzoneClusterImpl.java:lambda$waitForClusterToBeReady$2(164)) - Waiting for 1 number of pipelines out of 4, to report a leader.
2019-10-17 06:30:43,656 [2f64f904-2283-4e96-b4e2-6c9018f13084@group-2352D94BEA88-LeaderElection19] INFO  impl.LeaderElection (LeaderElection.java:logAndReturn(56)) - 2f64f904-2283-4e96-b4e2-6c9018f13084@group-2352D94BEA88-LeaderElection19: Election REJECTED; received 2 response(s) [2f64f904-2283-4e96-b4e2-6c9018f13084<-0f256f10-8056-416e-a2a4-dd085f6c7864#0:FAIL-t7, 2f64f904-2283-4e96-b4e2-6c9018f13084<-07fb1a7b-fe02-4a56-ac24-3020e88d4db0#0:FAIL-t7] and 0 exception(s); 2f64f904-2283-4e96-b4e2-6c9018f13084@group-2352D94BEA88:t7, leader=null, voted=2f64f904-2283-4e96-b4e2-6c9018f13084, raftlog=2f64f904-2283-4e96-b4e2-6c9018f13084@group-2352D94BEA88-SegmentedRaftLog:OPENED:c-1,f-1,i0, conf=-1: [2f64f904-2283-4e96-b4e2-6c9018f13084:192.168.34.62:40373, 0f256f10-8056-416e-a2a4-dd085f6c7864:192.168.34.62:35674, 07fb1a7b-fe02-4a56-ac24-3020e88d4db0:192.168.34.62:46434], old=null
2019-10-17 06:30:43,656 [2f64f904-2283-4e96-b4e2-6c9018f13084@group-2352D94BEA88-LeaderElection19] INFO  impl.RaftServerImpl (RaftServerImpl.java:setRole(184)) - 2f64f904-2283-4e96-b4e2-6c9018f13084@group-2352D94BEA88: changes role from CANDIDATE to FOLLOWER at term 7 for DISCOVERED_A_NEW_TERM
2019-10-17 06:30:43,656 [2f64f904-2283-4e96-b4e2-6c9018f13084@group-2352D94BEA88-LeaderElection19] INFO  impl.RoleInfo (RoleInfo.java:shutdownLeaderElection(134)) - 2f64f904-2283-4e96-b4e2-6c9018f13084: shutdown LeaderElection
2019-10-17 06:30:43,657 [2f64f904-2283-4e96-b4e2-6c9018f13084@group-2352D94BEA88-LeaderElection19] INFO  impl.RoleInfo (RoleInfo.java:updateAndGet(143)) - 2f64f904-2283-4e96-b4e2-6c9018f13084: start FollowerState
2019-10-17 06:30:43,706 [Thread-1449] INFO  impl.FollowerState (FollowerState.java:run(108)) - 2f64f904-2283-4e96-b4e2-6c9018f13084@group-2352D94BEA88-FollowerState: change to CANDIDATE, lastRpcTime:49ms, electionTimeout:49ms
2019-10-17 06:30:43,707 [Thread-1449] INFO  impl.RoleInfo (RoleInfo.java:shutdownFollowerState(121)) - 2f64f904-2283-4e96-b4e2-6c9018f13084: shutdown FollowerState
2019-10-17 06:30:43,707 [Thread-1449] INFO  impl.RaftServerImpl (RaftServerImpl.java:setRole(184)) - 2f64f904-2283-4e96-b4e2-6c9018f13084@group-2352D94BEA88: changes role from  FOLLOWER to CANDIDATE at term 7 for changeToCandidate
2019-10-17 06:30:43,708 [Thread-1449] INFO  impl.RoleInfo (RoleInfo.java:updateAndGet(143)) - 2f64f904-2283-4e96-b4e2-6c9018f13084: start LeaderElection
2019-10-17 06:30:43,751 [2f64f904-2283-4e96-b4e2-6c9018f13084@group-2352D94BEA88-LeaderElection20] INFO  impl.LeaderElection (LeaderElection.java:askForVotes(178)) - 2f64f904-2283-4e96-b4e2-6c9018f13084@group-2352D94BEA88-LeaderElection20: begin an election at term 8 for -1: [2f64f904-2283-4e96-b4e2-6c9018f13084:192.168.34.62:40373, 0f256f10-8056-416e-a2a4-dd085f6c7864:192.168.34.62:35674, 07fb1a7b-fe02-4a56-ac24-3020e88d4db0:192.168.34.62:46434], old=null
2019-10-17 06:30:43,754 [grpc-default-executor-5] INFO  impl.RaftServerImpl (RaftServerImpl.java:setRole(184)) - 07fb1a7b-fe02-4a56-ac24-3020e88d4db0@group-2352D94BEA88: changes role from  FOLLOWER to FOLLOWER at term 8 for recognizeCandidate:2f64f904-2283-4e96-b4e2-6c9018f13084
2019-10-17 06:30:43,754 [grpc-default-executor-6] INFO  impl.RaftServerImpl (RaftServerImpl.java:setRole(184)) - 0f256f10-8056-416e-a2a4-dd085f6c7864@group-2352D94BEA88: changes role from  FOLLOWER to FOLLOWER at term 8 for recognizeCandidate:2f64f904-2283-4e96-b4e2-6c9018f13084
2019-10-17 06:30:43,754 [grpc-default-executor-5] INFO  impl.RoleInfo (RoleInfo.java:shutdownFollowerState(121)) - 07fb1a7b-fe02-4a56-ac24-3020e88d4db0: shutdown FollowerState
2019-10-17 06:30:43,754 [grpc-default-executor-6] INFO  impl.RoleInfo (RoleInfo.java:shutdownFollowerState(121)) - 0f256f10-8056-416e-a2a4-dd085f6c7864: shutdown FollowerState
2019-10-17 06:30:43,754 [Thread-1447] INFO  impl.FollowerState (FollowerState.java:run(117)) - 07fb1a7b-fe02-4a56-ac24-3020e88d4db0@group-2352D94BEA88-FollowerState was interrupted: java.lang.InterruptedException: sleep interrupted
2019-10-17 06:30:43,754 [grpc-default-executor-5] INFO  impl.RoleInfo (RoleInfo.java:updateAndGet(143)) - 07fb1a7b-fe02-4a56-ac24-3020e88d4db0: start FollowerState
2019-10-17 06:30:43,754 [Thread-1448] INFO  impl.FollowerState (FollowerState.java:run(117)) - 0f256f10-8056-416e-a2a4-dd085f6c7864@group-2352D94BEA88-FollowerState was interrupted: java.lang.InterruptedException: sleep interrupted
2019-10-17 06:30:43,754 [grpc-default-executor-6] INFO  impl.RoleInfo (RoleInfo.java:updateAndGet(143)) - 0f256f10-8056-416e-a2a4-dd085f6c7864: start FollowerState
2019-10-17 06:30:43,803 [2f64f904-2283-4e96-b4e2-6c9018f13084@group-2352D94BEA88-LeaderElection20] INFO  impl.LeaderElection (LeaderElection.java:logAndReturn(56)) - 2f64f904-2283-4e96-b4e2-6c9018f13084@group-2352D94BEA88-LeaderElection20: Election REJECTED; received 2 response(s) [2f64f904-2283-4e96-b4e2-6c9018f13084<-0f256f10-8056-416e-a2a4-dd085f6c7864#0:FAIL-t8, 2f64f904-2283-4e96-b4e2-6c9018f13084<-07fb1a7b-fe02-4a56-ac24-3020e88d4db0#0:FAIL-t8] and 0 exception(s); 2f64f904-2283-4e96-b4e2-6c9018f13084@group-2352D94BEA88:t8, leader=null, voted=2f64f904-2283-4e96-b4e2-6c9018f13084, raftlog=2f64f904-2283-4e96-b4e2-6c9018f13084@group-2352D94BEA88-SegmentedRaftLog:OPENED:c-1,f-1,i0, conf=-1: [2f64f904-2283-4e96-b4e2-6c9018f13084:192.168.34.62:40373, 0f256f10-8056-416e-a2a4-dd085f6c7864:192.168.34.62:35674, 07fb1a7b-fe02-4a56-ac24-3020e88d4db0:192.168.34.62:46434], old=null
2019-10-17 06:30:43,803 [2f64f904-2283-4e96-b4e2-6c9018f13084@group-2352D94BEA88-LeaderElection20] INFO  impl.RaftServerImpl (RaftServerImpl.java:setRole(184)) - 2f64f904-2283-4e96-b4e2-6c9018f13084@group-2352D94BEA88: changes role from CANDIDATE to FOLLOWER at term 8 for DISCOVERED_A_NEW_TERM
2019-10-17 06:30:43,803 [2f64f904-2283-4e96-b4e2-6c9018f13084@group-2352D94BEA88-LeaderElection20] INFO  impl.RoleInfo (RoleInfo.java:shutdownLeaderElection(134)) - 2f64f904-2283-4e96-b4e2-6c9018f13084: shutdown LeaderElection
2019-10-17 06:30:43,803 [2f64f904-2283-4e96-b4e2-6c9018f13084@group-2352D94BEA88-LeaderElection20] INFO  impl.RoleInfo (RoleInfo.java:updateAndGet(143)) - 2f64f904-2283-4e96-b4e2-6c9018f13084: start FollowerState
2019-10-17 06:30:43,942 [Thread-1455] INFO  impl.FollowerState (FollowerState.java:run(108)) - 2f64f904-2283-4e96-b4e2-6c9018f13084@group-2352D94BEA88-FollowerState: change to CANDIDATE, lastRpcTime:139ms, electionTimeout:139ms
2019-10-17 06:30:43,944 [Thread-1455] INFO  impl.RoleInfo (RoleInfo.java:shutdownFollowerState(121)) - 2f64f904-2283-4e96-b4e2-6c9018f13084: shutdown FollowerState
2019-10-17 06:30:43,945 [Thread-1455] INFO  impl.RaftServerImpl (RaftServerImpl.java:setRole(184)) - 2f64f904-2283-4e96-b4e2-6c9018f13084@group-2352D94BEA88: changes role from  FOLLOWER to CANDIDATE at term 8 for changeToCandidate
2019-10-17 06:30:43,946 [Thread-1455] INFO  impl.RoleInfo (RoleInfo.java:updateAndGet(143)) - 2f64f904-2283-4e96-b4e2-6c9018f13084: start LeaderElection
2019-10-17 06:30:43,961 [2f64f904-2283-4e96-b4e2-6c9018f13084@group-2352D94BEA88-LeaderElection21] INFO  impl.LeaderElection (LeaderElection.java:askForVotes(178)) - 2f64f904-2283-4e96-b4e2-6c9018f13084@group-2352D94BEA88-LeaderElection21: begin an election at term 9 for -1: [2f64f904-2283-4e96-b4e2-6c9018f13084:192.168.34.62:40373, 0f256f10-8056-416e-a2a4-dd085f6c7864:192.168.34.62:35674, 07fb1a7b-fe02-4a56-ac24-3020e88d4db0:192.168.34.62:46434], old=null
2019-10-17 06:30:43,964 [grpc-default-executor-5] INFO  impl.RaftServerImpl (RaftServerImpl.java:setRole(184)) - 0f256f10-8056-416e-a2a4-dd085f6c7864@group-2352D94BEA88: changes role from  FOLLOWER to FOLLOWER at term 9 for recognizeCandidate:2f64f904-2283-4e96-b4e2-6c9018f13084
2019-10-17 06:30:43,964 [grpc-default-executor-5] INFO  impl.RoleInfo (RoleInfo.java:shutdownFollowerState(121)) - 0f256f10-8056-416e-a2a4-dd085f6c7864: shutdown FollowerState
2019-10-17 06:30:43,964 [grpc-default-executor-5] INFO  impl.RoleInfo (RoleInfo.java:updateAndGet(143)) - 0f256f10-8056-416e-a2a4-dd085f6c7864: start FollowerState
2019-10-17 06:30:43,964 [Thread-1454] INFO  impl.FollowerState (FollowerState.java:run(117)) - 0f256f10-8056-416e-a2a4-dd085f6c7864@group-2352D94BEA88-FollowerState was interrupted: java.lang.InterruptedException: sleep interrupted
2019-10-17 06:30:43,966 [grpc-default-executor-6] INFO  impl.RaftServerImpl (RaftServerImpl.java:setRole(184)) - 07fb1a7b-fe02-4a56-ac24-3020e88d4db0@group-2352D94BEA88: changes role from  FOLLOWER to FOLLOWER at term 9 for recognizeCandidate:2f64f904-2283-4e96-b4e2-6c9018f13084
2019-10-17 06:30:43,967 [grpc-default-executor-6] INFO  impl.RoleInfo (RoleInfo.java:shutdownFollowerState(121)) - 07fb1a7b-fe02-4a56-ac24-3020e88d4db0: shutdown FollowerState
2019-10-17 06:30:43,967 [grpc-default-executor-6] INFO  impl.RoleInfo (RoleInfo.java:updateAndGet(143)) - 07fb1a7b-fe02-4a56-ac24-3020e88d4db0: start FollowerState
2019-10-17 06:30:43,967 [Thread-1453] INFO  impl.FollowerState (FollowerState.java:run(117)) - 07fb1a7b-fe02-4a56-ac24-3020e88d4db0@group-2352D94BEA88-FollowerState was interrupted: java.lang.InterruptedException: sleep interrupted
2019-10-17 06:30:44,010 [2f64f904-2283-4e96-b4e2-6c9018f13084@group-2352D94BEA88-LeaderElection21] INFO  impl.LeaderElection (LeaderElection.java:logAndReturn(56)) - 2f64f904-2283-4e96-b4e2-6c9018f13084@group-2352D94BEA88-LeaderElection21: Election REJECTED; received 2 response(s) [2f64f904-2283-4e96-b4e2-6c9018f13084<-0f256f10-8056-416e-a2a4-dd085f6c7864#0:FAIL-t9, 2f64f904-2283-4e96-b4e2-6c9018f13084<-07fb1a7b-fe02-4a56-ac24-3020e88d4db0#0:FAIL-t9] and 0 exception(s); 2f64f904-2283-4e96-b4e2-6c9018f13084@group-2352D94BEA88:t9, leader=null, voted=2f64f904-2283-4e96-b4e2-6c9018f13084, raftlog=2f64f904-2283-4e96-b4e2-6c9018f13084@group-2352D94BEA88-SegmentedRaftLog:OPENED:c-1,f-1,i0, conf=-1: [2f64f904-2283-4e96-b4e2-6c9018f13084:192.168.34.62:40373, 0f256f10-8056-416e-a2a4-dd085f6c7864:192.168.34.62:35674, 07fb1a7b-fe02-4a56-ac24-3020e88d4db0:192.168.34.62:46434], old=null
2019-10-17 06:30:44,010 [2f64f904-2283-4e96-b4e2-6c9018f13084@group-2352D94BEA88-LeaderElection21] INFO  impl.RaftServerImpl (RaftServerImpl.java:setRole(184)) - 2f64f904-2283-4e96-b4e2-6c9018f13084@group-2352D94BEA88: changes role from CANDIDATE to FOLLOWER at term 9 for DISCOVERED_A_NEW_TERM
2019-10-17 06:30:44,011 [2f64f904-2283-4e96-b4e2-6c9018f13084@group-2352D94BEA88-LeaderElection21] INFO  impl.RoleInfo (RoleInfo.java:shutdownLeaderElection(134)) - 2f64f904-2283-4e96-b4e2-6c9018f13084: shutdown LeaderElection
2019-10-17 06:30:44,011 [2f64f904-2283-4e96-b4e2-6c9018f13084@group-2352D94BEA88-LeaderElection21] INFO  impl.RoleInfo (RoleInfo.java:updateAndGet(143)) - 2f64f904-2283-4e96-b4e2-6c9018f13084: start FollowerState
2019-10-17 06:30:44,112 [Thread-1461] INFO  impl.FollowerState (FollowerState.java:run(108)) - 2f64f904-2283-4e96-b4e2-6c9018f13084@group-2352D94BEA88-FollowerState: change to CANDIDATE, lastRpcTime:101ms, electionTimeout:101ms
2019-10-17 06:30:44,114 [Thread-1461] INFO  impl.RoleInfo (RoleInfo.java:shutdownFollowerState(121)) - 2f64f904-2283-4e96-b4e2-6c9018f13084: shutdown FollowerState
2019-10-17 06:30:44,114 [Thread-1461] INFO  impl.RaftServerImpl (RaftServerImpl.java:setRole(184)) - 2f64f904-2283-4e96-b4e2-6c9018f13084@group-2352D94BEA88: changes role from  FOLLOWER to CANDIDATE at term 9 for changeToCandidate
2019-10-17 06:30:44,114 [Thread-1461] INFO  impl.RoleInfo (RoleInfo.java:updateAndGet(143)) - 2f64f904-2283-4e96-b4e2-6c9018f13084: start LeaderElection
2019-10-17 06:30:44,153 [2f64f904-2283-4e96-b4e2-6c9018f13084@group-2352D94BEA88-LeaderElection22] INFO  impl.LeaderElection (LeaderElection.java:askForVotes(178)) - 2f64f904-2283-4e96-b4e2-6c9018f13084@group-2352D94BEA88-LeaderElection22: begin an election at term 10 for -1: [2f64f904-2283-4e96-b4e2-6c9018f13084:192.168.34.62:40373, 0f256f10-8056-416e-a2a4-dd085f6c7864:192.168.34.62:35674, 07fb1a7b-fe02-4a56-ac24-3020e88d4db0:192.168.34.62:46434], old=null
2019-10-17 06:30:44,156 [grpc-default-executor-5] INFO  impl.RaftServerImpl (RaftServerImpl.java:setRole(184)) - 07fb1a7b-fe02-4a56-ac24-3020e88d4db0@group-2352D94BEA88: changes role from  FOLLOWER to FOLLOWER at term 10 for recognizeCandidate:2f64f904-2283-4e96-b4e2-6c9018f13084
2019-10-17 06:30:44,156 [grpc-default-executor-6] INFO  impl.RaftServerImpl (RaftServerImpl.java:setRole(184)) - 0f256f10-8056-416e-a2a4-dd085f6c7864@group-2352D94BEA88: changes role from  FOLLOWER to FOLLOWER at term 10 for recognizeCandidate:2f64f904-2283-4e96-b4e2-6c9018f13084
2019-10-17 06:30:44,156 [grpc-default-executor-5] INFO  impl.RoleInfo (RoleInfo.java:shutdownFollowerState(121)) - 07fb1a7b-fe02-4a56-ac24-3020e88d4db0: shutdown FollowerState
2019-10-17 06:30:44,156 [grpc-default-executor-6] INFO  impl.RoleInfo (RoleInfo.java:shutdownFollowerState(121)) - 0f256f10-8056-416e-a2a4-dd085f6c7864: shutdown FollowerState
2019-10-17 06:30:44,156 [Thread-1460] INFO  impl.FollowerState (FollowerState.java:run(117)) - 07fb1a7b-fe02-4a56-ac24-3020e88d4db0@group-2352D94BEA88-FollowerState was interrupted: java.lang.InterruptedException: sleep interrupted
2019-10-17 06:30:44,156 [grpc-default-executor-5] INFO  impl.RoleInfo (RoleInfo.java:updateAndGet(143)) - 07fb1a7b-fe02-4a56-ac24-3020e88d4db0: start FollowerState
2019-10-17 06:30:44,157 [Thread-1459] INFO  impl.FollowerState (FollowerState.java:run(117)) - 0f256f10-8056-416e-a2a4-dd085f6c7864@group-2352D94BEA88-FollowerState was interrupted: java.lang.InterruptedException: sleep interrupted
2019-10-17 06:30:44,156 [grpc-default-executor-6] INFO  impl.RoleInfo (RoleInfo.java:updateAndGet(143)) - 0f256f10-8056-416e-a2a4-dd085f6c7864: start FollowerState
2019-10-17 06:30:44,189 [2f64f904-2283-4e96-b4e2-6c9018f13084@group-2352D94BEA88-LeaderElection22] INFO  impl.LeaderElection (LeaderElection.java:logAndReturn(56)) - 2f64f904-2283-4e96-b4e2-6c9018f13084@group-2352D94BEA88-LeaderElection22: Election REJECTED; received 2 response(s) [2f64f904-2283-4e96-b4e2-6c9018f13084<-0f256f10-8056-416e-a2a4-dd085f6c7864#0:FAIL-t10, 2f64f904-2283-4e96-b4e2-6c9018f13084<-07fb1a7b-fe02-4a56-ac24-3020e88d4db0#0:FAIL-t10] and 0 exception(s); 2f64f904-2283-4e96-b4e2-6c9018f13084@group-2352D94BEA88:t10, leader=null, voted=2f64f904-2283-4e96-b4e2-6c9018f13084, raftlog=2f64f904-2283-4e96-b4e2-6c9018f13084@group-2352D94BEA88-SegmentedRaftLog:OPENED:c-1,f-1,i0, conf=-1: [2f64f904-2283-4e96-b4e2-6c9018f13084:192.168.34.62:40373, 0f256f10-8056-416e-a2a4-dd085f6c7864:192.168.34.62:35674, 07fb1a7b-fe02-4a56-ac24-3020e88d4db0:192.168.34.62:46434], old=null
2019-10-17 06:30:44,190 [2f64f904-2283-4e96-b4e2-6c9018f13084@group-2352D94BEA88-LeaderElection22] INFO  impl.RaftServerImpl (RaftServerImpl.java:setRole(184)) - 2f64f904-2283-4e96-b4e2-6c9018f13084@group-2352D94BEA88: changes role from CANDIDATE to FOLLOWER at term 10 for DISCOVERED_A_NEW_TERM
2019-10-17 06:30:44,190 [2f64f904-2283-4e96-b4e2-6c9018f13084@group-2352D94BEA88-LeaderElection22] INFO  impl.RoleInfo (RoleInfo.java:shutdownLeaderElection(134)) - 2f64f904-2283-4e96-b4e2-6c9018f13084: shutdown LeaderElection
2019-10-17 06:30:44,190 [2f64f904-2283-4e96-b4e2-6c9018f13084@group-2352D94BEA88-LeaderElection22] INFO  impl.RoleInfo (RoleInfo.java:updateAndGet(143)) - 2f64f904-2283-4e96-b4e2-6c9018f13084: start FollowerState
2019-10-17 06:30:44,222 [Thread-1467] INFO  impl.FollowerState (FollowerState.java:run(108)) - 2f64f904-2283-4e96-b4e2-6c9018f13084@group-2352D94BEA88-FollowerState: change to CANDIDATE, lastRpcTime:32ms, electionTimeout:32ms
2019-10-17 06:30:44,224 [Thread-1467] INFO  impl.RoleInfo (RoleInfo.java:shutdownFollowerState(121)) - 2f64f904-2283-4e96-b4e2-6c9018f13084: shutdown FollowerState
2019-10-17 06:30:44,224 [Thread-1467] INFO  impl.RaftServerImpl (RaftServerImpl.java:setRole(184)) - 2f64f904-2283-4e96-b4e2-6c9018f13084@group-2352D94BEA88: changes role from  FOLLOWER to CANDIDATE at term 10 for changeToCandidate
2019-10-17 06:30:44,224 [Thread-1467] INFO  impl.RoleInfo (RoleInfo.java:updateAndGet(143)) - 2f64f904-2283-4e96-b4e2-6c9018f13084: start LeaderElection
2019-10-17 06:30:44,273 [2f64f904-2283-4e96-b4e2-6c9018f13084@group-2352D94BEA88-LeaderElection23] INFO  impl.LeaderElection (LeaderElection.java:askForVotes(178)) - 2f64f904-2283-4e96-b4e2-6c9018f13084@group-2352D94BEA88-LeaderElection23: begin an election at term 11 for -1: [2f64f904-2283-4e96-b4e2-6c9018f13084:192.168.34.62:40373, 0f256f10-8056-416e-a2a4-dd085f6c7864:192.168.34.62:35674, 07fb1a7b-fe02-4a56-ac24-3020e88d4db0:192.168.34.62:46434], old=null
2019-10-17 06:30:44,276 [grpc-default-executor-5] INFO  impl.RaftServerImpl (RaftServerImpl.java:setRole(184)) - 07fb1a7b-fe02-4a56-ac24-3020e88d4db0@group-2352D94BEA88: changes role from  FOLLOWER to FOLLOWER at term 11 for recognizeCandidate:2f64f904-2283-4e96-b4e2-6c9018f13084
2019-10-17 06:30:44,277 [grpc-default-executor-6] INFO  impl.RaftServerImpl (RaftServerImpl.java:setRole(184)) - 0f256f10-8056-416e-a2a4-dd085f6c7864@group-2352D94BEA88: changes role from  FOLLOWER to FOLLOWER at term 11 for recognizeCandidate:2f64f904-2283-4e96-b4e2-6c9018f13084
2019-10-17 06:30:44,277 [grpc-default-executor-5] INFO  impl.RoleInfo (RoleInfo.java:shutdownFollowerState(121)) - 07fb1a7b-fe02-4a56-ac24-3020e88d4db0: shutdown FollowerState
2019-10-17 06:30:44,277 [grpc-default-executor-6] INFO  impl.RoleInfo (RoleInfo.java:shutdownFollowerState(121)) - 0f256f10-8056-416e-a2a4-dd085f6c7864: shutdown FollowerState
2019-10-17 06:30:44,277 [grpc-default-executor-5] INFO  impl.RoleInfo (RoleInfo.java:updateAndGet(143)) - 07fb1a7b-fe02-4a56-ac24-3020e88d4db0: start FollowerState
2019-10-17 06:30:44,277 [Thread-1466] INFO  impl.FollowerState (FollowerState.java:run(117)) - 0f256f10-8056-416e-a2a4-dd085f6c7864@group-2352D94BEA88-FollowerState was interrupted: java.lang.InterruptedException: sleep interrupted
2019-10-17 06:30:44,277 [Thread-1465] INFO  impl.FollowerState (FollowerState.java:run(117)) - 07fb1a7b-fe02-4a56-ac24-3020e88d4db0@group-2352D94BEA88-FollowerState was interrupted: java.lang.InterruptedException: sleep interrupted
2019-10-17 06:30:44,277 [grpc-default-executor-6] INFO  impl.RoleInfo (RoleInfo.java:updateAndGet(143)) - 0f256f10-8056-416e-a2a4-dd085f6c7864: start FollowerState
2019-10-17 06:30:44,352 [2f64f904-2283-4e96-b4e2-6c9018f13084@group-2352D94BEA88-LeaderElection23] INFO  impl.LeaderElection (LeaderElection.java:logAndReturn(56)) - 2f64f904-2283-4e96-b4e2-6c9018f13084@group-2352D94BEA88-LeaderElection23: Election REJECTED; received 2 response(s) [2f64f904-2283-4e96-b4e2-6c9018f13084<-0f256f10-8056-416e-a2a4-dd085f6c7864#0:FAIL-t11, 2f64f904-2283-4e96-b4e2-6c9018f13084<-07fb1a7b-fe02-4a56-ac24-3020e88d4db0#0:FAIL-t11] and 0 exception(s); 2f64f904-2283-4e96-b4e2-6c9018f13084@group-2352D94BEA88:t11, leader=null, voted=2f64f904-2283-4e96-b4e2-6c9018f13084, raftlog=2f64f904-2283-4e96-b4e2-6c9018f13084@group-2352D94BEA88-SegmentedRaftLog:OPENED:c-1,f-1,i0, conf=-1: [2f64f904-2283-4e96-b4e2-6c9018f13084:192.168.34.62:40373, 0f256f10-8056-416e-a2a4-dd085f6c7864:192.168.34.62:35674, 07fb1a7b-fe02-4a56-ac24-3020e88d4db0:192.168.34.62:46434], old=null
2019-10-17 06:30:44,352 [2f64f904-2283-4e96-b4e2-6c9018f13084@group-2352D94BEA88-LeaderElection23] INFO  impl.RaftServerImpl (RaftServerImpl.java:setRole(184)) - 2f64f904-2283-4e96-b4e2-6c9018f13084@group-2352D94BEA88: changes role from CANDIDATE to FOLLOWER at term 11 for DISCOVERED_A_NEW_TERM
2019-10-17 06:30:44,352 [2f64f904-2283-4e96-b4e2-6c9018f13084@group-2352D94BEA88-LeaderElection23] INFO  impl.RoleInfo (RoleInfo.java:shutdownLeaderElection(134)) - 2f64f904-2283-4e96-b4e2-6c9018f13084: shutdown LeaderElection
2019-10-17 06:30:44,352 [2f64f904-2283-4e96-b4e2-6c9018f13084@group-2352D94BEA88-LeaderElection23] INFO  impl.RoleInfo (RoleInfo.java:updateAndGet(143)) - 2f64f904-2283-4e96-b4e2-6c9018f13084: start FollowerState
2019-10-17 06:30:44,450 [Thread-1473] INFO  impl.FollowerState (FollowerState.java:run(108)) - 2f64f904-2283-4e96-b4e2-6c9018f13084@group-2352D94BEA88-FollowerState: change to CANDIDATE, lastRpcTime:97ms, electionTimeout:97ms
2019-10-17 06:30:44,452 [Thread-1473] INFO  impl.RoleInfo (RoleInfo.java:shutdownFollowerState(121)) - 2f64f904-2283-4e96-b4e2-6c9018f13084: shutdown FollowerState
2019-10-17 06:30:44,452 [Thread-1473] INFO  impl.RaftServerImpl (RaftServerImpl.java:setRole(184)) - 2f64f904-2283-4e96-b4e2-6c9018f13084@group-2352D94BEA88: changes role from  FOLLOWER to CANDIDATE at term 11 for changeToCandidate
2019-10-17 06:30:44,452 [Thread-1473] INFO  impl.RoleInfo (RoleInfo.java:updateAndGet(143)) - 2f64f904-2283-4e96-b4e2-6c9018f13084: start LeaderElection
2019-10-17 06:30:44,512 [2f64f904-2283-4e96-b4e2-6c9018f13084@group-2352D94BEA88-LeaderElection24] INFO  impl.LeaderElection (LeaderElection.java:askForVotes(178)) - 2f64f904-2283-4e96-b4e2-6c9018f13084@group-2352D94BEA88-LeaderElection24: begin an election at term 12 for -1: [2f64f904-2283-4e96-b4e2-6c9018f13084:192.168.34.62:40373, 0f256f10-8056-416e-a2a4-dd085f6c7864:192.168.34.62:35674, 07fb1a7b-fe02-4a56-ac24-3020e88d4db0:192.168.34.62:46434], old=null
2019-10-17 06:30:44,516 [grpc-default-executor-6] INFO  impl.RaftServerImpl (RaftServerImpl.java:setRole(184)) - 0f256f10-8056-416e-a2a4-dd085f6c7864@group-2352D94BEA88: changes role from  FOLLOWER to FOLLOWER at term 12 for recognizeCandidate:2f64f904-2283-4e96-b4e2-6c9018f13084
2019-10-17 06:30:44,516 [grpc-default-executor-5] INFO  impl.RaftServerImpl (RaftServerImpl.java:setRole(184)) - 07fb1a7b-fe02-4a56-ac24-3020e88d4db0@group-2352D94BEA88: changes role from  FOLLOWER to FOLLOWER at term 12 for recognizeCandidate:2f64f904-2283-4e96-b4e2-6c9018f13084
2019-10-17 06:30:44,517 [grpc-default-executor-6] INFO  impl.RoleInfo (RoleInfo.java:shutdownFollowerState(121)) - 0f256f10-8056-416e-a2a4-dd085f6c7864: shutdown FollowerState
2019-10-17 06:30:44,517 [grpc-default-executor-5] INFO  impl.RoleInfo (RoleInfo.java:shutdownFollowerState(121)) - 07fb1a7b-fe02-4a56-ac24-3020e88d4db0: shutdown FollowerState
2019-10-17 06:30:44,517 [Thread-1472] INFO  impl.FollowerState (FollowerState.java:run(117)) - 0f256f10-8056-416e-a2a4-dd085f6c7864@group-2352D94BEA88-FollowerState was interrupted: java.lang.InterruptedException: sleep interrupted
2019-10-17 06:30:44,517 [grpc-default-executor-6] INFO  impl.RoleInfo (RoleInfo.java:updateAndGet(143)) - 0f256f10-8056-416e-a2a4-dd085f6c7864: start FollowerState
2019-10-17 06:30:44,517 [Thread-1471] INFO  impl.FollowerState (FollowerState.java:run(117)) - 07fb1a7b-fe02-4a56-ac24-3020e88d4db0@group-2352D94BEA88-FollowerState was interrupted: java.lang.InterruptedException: sleep interrupted
2019-10-17 06:30:44,517 [grpc-default-executor-5] INFO  impl.RoleInfo (RoleInfo.java:updateAndGet(143)) - 07fb1a7b-fe02-4a56-ac24-3020e88d4db0: start FollowerState
2019-10-17 06:30:44,554 [2f64f904-2283-4e96-b4e2-6c9018f13084@group-2352D94BEA88-LeaderElection24] INFO  impl.LeaderElection (LeaderElection.java:logAndReturn(56)) - 2f64f904-2283-4e96-b4e2-6c9018f13084@group-2352D94BEA88-LeaderElection24: Election TIMEOUT; received 0 response(s) [] and 0 exception(s); 2f64f904-2283-4e96-b4e2-6c9018f13084@group-2352D94BEA88:t12, leader=null, voted=2f64f904-2283-4e96-b4e2-6c9018f13084, raftlog=2f64f904-2283-4e96-b4e2-6c9018f13084@group-2352D94BEA88-SegmentedRaftLog:OPENED:c-1,f-1,i0, conf=-1: [2f64f904-2283-4e96-b4e2-6c9018f13084:192.168.34.62:40373, 0f256f10-8056-416e-a2a4-dd085f6c7864:192.168.34.62:35674, 07fb1a7b-fe02-4a56-ac24-3020e88d4db0:192.168.34.62:46434], old=null
2019-10-17 06:30:44,602 [2f64f904-2283-4e96-b4e2-6c9018f13084@group-2352D94BEA88-LeaderElection24] INFO  impl.LeaderElection (LeaderElection.java:askForVotes(178)) - 2f64f904-2283-4e96-b4e2-6c9018f13084@group-2352D94BEA88-LeaderElection24: begin an election at term 13 for -1: [2f64f904-2283-4e96-b4e2-6c9018f13084:192.168.34.62:40373, 0f256f10-8056-416e-a2a4-dd085f6c7864:192.168.34.62:35674, 07fb1a7b-fe02-4a56-ac24-3020e88d4db0:192.168.34.62:46434], old=null
2019-10-17 06:30:44,606 [grpc-default-executor-5] INFO  impl.RaftServerImpl (RaftServerImpl.java:setRole(184)) - 0f256f10-8056-416e-a2a4-dd085f6c7864@group-2352D94BEA88: changes role from  FOLLOWER to FOLLOWER at term 13 for recognizeCandidate:2f64f904-2283-4e96-b4e2-6c9018f13084
2019-10-17 06:30:44,608 [grpc-default-executor-6] INFO  impl.RaftServerImpl (RaftServerImpl.java:setRole(184)) - 07fb1a7b-fe02-4a56-ac24-3020e88d4db0@group-2352D94BEA88: changes role from  FOLLOWER to FOLLOWER at term 13 for recognizeCandidate:2f64f904-2283-4e96-b4e2-6c9018f13084
2019-10-17 06:30:44,608 [grpc-default-executor-5] INFO  impl.RoleInfo (RoleInfo.java:shutdownFollowerState(121)) - 0f256f10-8056-416e-a2a4-dd085f6c7864: shutdown FollowerState
2019-10-17 06:30:44,608 [grpc-default-executor-6] INFO  impl.RoleInfo (RoleInfo.java:shutdownFollowerState(121)) - 07fb1a7b-fe02-4a56-ac24-3020e88d4db0: shutdown FollowerState
2019-10-17 06:30:44,608 [grpc-default-executor-5] INFO  impl.RoleInfo (RoleInfo.java:updateAndGet(143)) - 0f256f10-8056-416e-a2a4-dd085f6c7864: start FollowerState
2019-10-17 06:30:44,608 [Thread-1478] INFO  impl.FollowerState (FollowerState.java:run(117)) - 07fb1a7b-fe02-4a56-ac24-3020e88d4db0@group-2352D94BEA88-FollowerState was interrupted: java.lang.InterruptedException: sleep interrupted
2019-10-17 06:30:44,608 [grpc-default-executor-6] INFO  impl.RoleInfo (RoleInfo.java:updateAndGet(143)) - 07fb1a7b-fe02-4a56-ac24-3020e88d4db0: start FollowerState
2019-10-17 06:30:44,608 [Thread-1477] INFO  impl.FollowerState (FollowerState.java:run(117)) - 0f256f10-8056-416e-a2a4-dd085f6c7864@group-2352D94BEA88-FollowerState was interrupted: java.lang.InterruptedException: sleep interrupted
2019-10-17 06:30:44,628 [Thread-1202] INFO  ozone.MiniOzoneClusterImpl (MiniOzoneClusterImpl.java:lambda$waitForClusterToBeReady$2(164)) - Waiting for 1 number of pipelines out of 4, to report a leader.
2019-10-17 06:30:44,651 [2f64f904-2283-4e96-b4e2-6c9018f13084@group-2352D94BEA88-LeaderElection24] INFO  impl.LeaderElection (LeaderElection.java:logAndReturn(56)) - 2f64f904-2283-4e96-b4e2-6c9018f13084@group-2352D94BEA88-LeaderElection24: Election REJECTED; received 2 response(s) [2f64f904-2283-4e96-b4e2-6c9018f13084<-0f256f10-8056-416e-a2a4-dd085f6c7864#0:FAIL-t13, 2f64f904-2283-4e96-b4e2-6c9018f13084<-07fb1a7b-fe02-4a56-ac24-3020e88d4db0#0:FAIL-t13] and 0 exception(s); 2f64f904-2283-4e96-b4e2-6c9018f13084@group-2352D94BEA88:t13, leader=null, voted=2f64f904-2283-4e96-b4e2-6c9018f13084, raftlog=2f64f904-2283-4e96-b4e2-6c9018f13084@group-2352D94BEA88-SegmentedRaftLog:OPENED:c-1,f-1,i0, conf=-1: [2f64f904-2283-4e96-b4e2-6c9018f13084:192.168.34.62:40373, 0f256f10-8056-416e-a2a4-dd085f6c7864:192.168.34.62:35674, 07fb1a7b-fe02-4a56-ac24-3020e88d4db0:192.168.34.62:46434], old=null
2019-10-17 06:30:44,652 [2f64f904-2283-4e96-b4e2-6c9018f13084@group-2352D94BEA88-LeaderElection24] INFO  impl.RaftServerImpl (RaftServerImpl.java:setRole(184)) - 2f64f904-2283-4e96-b4e2-6c9018f13084@group-2352D94BEA88: changes role from CANDIDATE to FOLLOWER at term 13 for DISCOVERED_A_NEW_TERM
2019-10-17 06:30:44,652 [2f64f904-2283-4e96-b4e2-6c9018f13084@group-2352D94BEA88-LeaderElection24] INFO  impl.RoleInfo (RoleInfo.java:shutdownLeaderElection(134)) - 2f64f904-2283-4e96-b4e2-6c9018f13084: shutdown LeaderElection
2019-10-17 06:30:44,652 [2f64f904-2283-4e96-b4e2-6c9018f13084@group-2352D94BEA88-LeaderElection24] INFO  impl.RoleInfo (RoleInfo.java:updateAndGet(143)) - 2f64f904-2283-4e96-b4e2-6c9018f13084: start FollowerState
2019-10-17 06:30:44,795 [Thread-1483] INFO  impl.FollowerState (FollowerState.java:run(108)) - 2f64f904-2283-4e96-b4e2-6c9018f13084@group-2352D94BEA88-FollowerState: change to CANDIDATE, lastRpcTime:143ms, electionTimeout:143ms
2019-10-17 06:30:44,797 [Thread-1483] INFO  impl.RoleInfo (RoleInfo.java:shutdownFollowerState(121)) - 2f64f904-2283-4e96-b4e2-6c9018f13084: shutdown FollowerState
2019-10-17 06:30:44,797 [Thread-1483] INFO  impl.RaftServerImpl (RaftServerImpl.java:setRole(184)) - 2f64f904-2283-4e96-b4e2-6c9018f13084@group-2352D94BEA88: changes role from  FOLLOWER to CANDIDATE at term 13 for changeToCandidate
2019-10-17 06:30:44,797 [Thread-1483] INFO  impl.RoleInfo (RoleInfo.java:updateAndGet(143)) - 2f64f904-2283-4e96-b4e2-6c9018f13084: start LeaderElection
2019-10-17 06:30:45,160 [Thread-1374] INFO  container.ReplicationManager (ReplicationManager.java:start(162)) - Starting Replication Monitor Thread.
2019-10-17 06:30:45,161 [Thread-1374] INFO  pipeline.SCMPipelineManager (SCMPipelineManager.java:finalizeAndDestroyPipeline(315)) - destroying pipeline:Pipeline[ Id: ef53814e-ecea-48bb-8fc9-2352d94bea88, Nodes: 2f64f904-2283-4e96-b4e2-6c9018f13084{ip: 192.168.34.62, host: pr-hdds-1868-lzclr-202649289, networkLocation: /rack1, certSerialId: null}0f256f10-8056-416e-a2a4-dd085f6c7864{ip: 192.168.34.62, host: pr-hdds-1868-lzclr-202649289, networkLocation: /rack1, certSerialId: null}07fb1a7b-fe02-4a56-ac24-3020e88d4db0{ip: 192.168.34.62, host: pr-hdds-1868-lzclr-202649289, networkLocation: /rack1, certSerialId: null}, Type:RATIS, Factor:THREE, State:ALLOCATED]
2019-10-17 06:30:45,163 [ReplicationMonitor] INFO  container.ReplicationManager (ReplicationManager.java:run(225)) - Replication Monitor Thread took 0 milliseconds for processing 0 containers.
2019-10-17 06:30:45,163 [Thread-1374] INFO  pipeline.PipelineStateManager (PipelineStateManager.java:finalizePipeline(121)) - Pipeline Pipeline[ Id: ef53814e-ecea-48bb-8fc9-2352d94bea88, Nodes: 2f64f904-2283-4e96-b4e2-6c9018f13084{ip: 192.168.34.62, host: pr-hdds-1868-lzclr-202649289, networkLocation: /rack1, certSerialId: null}0f256f10-8056-416e-a2a4-dd085f6c7864{ip: 192.168.34.62, host: pr-hdds-1868-lzclr-202649289, networkLocation: /rack1, certSerialId: null}07fb1a7b-fe02-4a56-ac24-3020e88d4db0{ip: 192.168.34.62, host: pr-hdds-1868-lzclr-202649289, networkLocation: /rack1, certSerialId: null}, Type:RATIS, Factor:THREE, State:CLOSED] moved to CLOSED state
2019-10-17 06:30:45,172 [grpc-default-executor-5] INFO  impl.RaftServerProxy (RaftServerProxy.java:remove(95)) - 2f64f904-2283-4e96-b4e2-6c9018f13084: remove CANDIDATE 2f64f904-2283-4e96-b4e2-6c9018f13084@group-2352D94BEA88:t14, leader=null, voted=2f64f904-2283-4e96-b4e2-6c9018f13084, raftlog=2f64f904-2283-4e96-b4e2-6c9018f13084@group-2352D94BEA88-SegmentedRaftLog:OPENED:c-1,f-1,i0, conf=-1: [2f64f904-2283-4e96-b4e2-6c9018f13084:192.168.34.62:40373, 0f256f10-8056-416e-a2a4-dd085f6c7864:192.168.34.62:35674, 07fb1a7b-fe02-4a56-ac24-3020e88d4db0:192.168.34.62:46434], old=null RUNNING
2019-10-17 06:30:45,172 [grpc-default-executor-5] INFO  impl.RaftServerImpl (RaftServerImpl.java:lambda$shutdown$3(261)) - 2f64f904-2283-4e96-b4e2-6c9018f13084@group-2352D94BEA88: shutdown
2019-10-17 06:30:45,172 [grpc-default-executor-5] INFO  util.JmxRegister (JmxRegister.java:unregister(73)) - Successfully un-registered JMX Bean with object name Ratis:service=RaftServer,group=group-2352D94BEA88,id=2f64f904-2283-4e96-b4e2-6c9018f13084
2019-10-17 06:30:45,172 [grpc-default-executor-5] INFO  impl.RoleInfo (RoleInfo.java:shutdownLeaderElection(134)) - 2f64f904-2283-4e96-b4e2-6c9018f13084: shutdown LeaderElection
2019-10-17 06:30:45,173 [grpc-default-executor-5] INFO  impl.StateMachineUpdater (StateMachineUpdater.java:stopAndJoin(136)) - 2f64f904-2283-4e96-b4e2-6c9018f13084@group-2352D94BEA88-StateMachineUpdater: set stopIndex = -1
2019-10-17 06:30:45,173 [grpc-default-executor-5] INFO  impl.RaftServerImpl (ServerState.java:close(388)) - 2f64f904-2283-4e96-b4e2-6c9018f13084@group-2352D94BEA88: closes. applyIndex: -1
2019-10-17 06:30:45,173 [2f64f904-2283-4e96-b4e2-6c9018f13084@group-2352D94BEA88-SegmentedRaftLogWorker] INFO  segmented.SegmentedRaftLogWorker (SegmentedRaftLogWorker.java:run(316)) - 2f64f904-2283-4e96-b4e2-6c9018f13084@group-2352D94BEA88-SegmentedRaftLogWorker was interrupted, exiting. There are 0 tasks remaining in the queue.
2019-10-17 06:30:45,178 [grpc-default-executor-5] INFO  segmented.SegmentedRaftLogWorker (SegmentedRaftLogWorker.java:close(224)) - 2f64f904-2283-4e96-b4e2-6c9018f13084@group-2352D94BEA88-SegmentedRaftLogWorker close()
2019-10-17 06:30:45,284 [grpc-default-executor-5] INFO  impl.RaftServerProxy (RaftServerProxy.java:remove(95)) - 0f256f10-8056-416e-a2a4-dd085f6c7864: remove  FOLLOWER 0f256f10-8056-416e-a2a4-dd085f6c7864@group-2352D94BEA88:t13, leader=null, voted=null, raftlog=0f256f10-8056-416e-a2a4-dd085f6c7864@group-2352D94BEA88-SegmentedRaftLog:OPENED:c-1,f0,i0, conf=0: [2f64f904-2283-4e96-b4e2-6c9018f13084:192.168.34.62:40373, 0f256f10-8056-416e-a2a4-dd085f6c7864:192.168.34.62:35674, 07fb1a7b-fe02-4a56-ac24-3020e88d4db0:192.168.34.62:46434], old=null RUNNING
2019-10-17 06:30:45,284 [grpc-default-executor-5] INFO  impl.RaftServerImpl (RaftServerImpl.java:lambda$shutdown$3(261)) - 0f256f10-8056-416e-a2a4-dd085f6c7864@group-2352D94BEA88: shutdown
2019-10-17 06:30:45,285 [grpc-default-executor-5] INFO  util.JmxRegister (JmxRegister.java:unregister(73)) - Successfully un-registered JMX Bean with object name Ratis:service=RaftServer,group=group-2352D94BEA88,id=0f256f10-8056-416e-a2a4-dd085f6c7864
2019-10-17 06:30:45,285 [grpc-default-executor-5] INFO  impl.RoleInfo (RoleInfo.java:shutdownFollowerState(121)) - 0f256f10-8056-416e-a2a4-dd085f6c7864: shutdown FollowerState
2019-10-17 06:30:45,285 [grpc-default-executor-5] INFO  impl.StateMachineUpdater (StateMachineUpdater.java:stopAndJoin(136)) - 0f256f10-8056-416e-a2a4-dd085f6c7864@group-2352D94BEA88-StateMachineUpdater: set stopIndex = -1
2019-10-17 06:30:45,285 [Thread-1481] INFO  impl.FollowerState (FollowerState.java:run(117)) - 0f256f10-8056-416e-a2a4-dd085f6c7864@group-2352D94BEA88-FollowerState was interrupted: java.lang.InterruptedException: sleep interrupted
2019-10-17 06:30:45,285 [grpc-default-executor-5] INFO  impl.RaftServerImpl (ServerState.java:close(388)) - 0f256f10-8056-416e-a2a4-dd085f6c7864@group-2352D94BEA88: closes. applyIndex: -1
2019-10-17 06:30:45,287 [0f256f10-8056-416e-a2a4-dd085f6c7864@group-2352D94BEA88-SegmentedRaftLogWorker] INFO  segmented.SegmentedRaftLogWorker (SegmentedRaftLogWorker.java:run(316)) - 0f256f10-8056-416e-a2a4-dd085f6c7864@group-2352D94BEA88-SegmentedRaftLogWorker was interrupted, exiting. There are 0 tasks remaining in the queue.
2019-10-17 06:30:45,289 [grpc-default-executor-5] INFO  segmented.SegmentedRaftLogWorker (SegmentedRaftLogWorker.java:close(224)) - 0f256f10-8056-416e-a2a4-dd085f6c7864@group-2352D94BEA88-SegmentedRaftLogWorker close()
2019-10-17 06:30:45,301 [grpc-default-executor-5] INFO  impl.RaftServerProxy (RaftServerProxy.java:remove(95)) - 07fb1a7b-fe02-4a56-ac24-3020e88d4db0: remove  FOLLOWER 07fb1a7b-fe02-4a56-ac24-3020e88d4db0@group-2352D94BEA88:t13, leader=null, voted=null, raftlog=07fb1a7b-fe02-4a56-ac24-3020e88d4db0@group-2352D94BEA88-SegmentedRaftLog:OPENED:c-1,f0,i0, conf=0: [2f64f904-2283-4e96-b4e2-6c9018f13084:192.168.34.62:40373, 0f256f10-8056-416e-a2a4-dd085f6c7864:192.168.34.62:35674, 07fb1a7b-fe02-4a56-ac24-3020e88d4db0:192.168.34.62:46434], old=null RUNNING
2019-10-17 06:30:45,302 [grpc-default-executor-5] INFO  impl.RaftServerImpl (RaftServerImpl.java:lambda$shutdown$3(261)) - 07fb1a7b-fe02-4a56-ac24-3020e88d4db0@group-2352D94BEA88: shutdown
2019-10-17 06:30:45,302 [grpc-default-executor-5] INFO  util.JmxRegister (JmxRegister.java:unregister(73)) - Successfully un-registered JMX Bean with object name Ratis:service=RaftServer,group=group-2352D94BEA88,id=07fb1a7b-fe02-4a56-ac24-3020e88d4db0
2019-10-17 06:30:45,302 [grpc-default-executor-5] INFO  impl.RoleInfo (RoleInfo.java:shutdownFollowerState(121)) - 07fb1a7b-fe02-4a56-ac24-3020e88d4db0: shutdown FollowerState
2019-10-17 06:30:45,302 [grpc-default-executor-5] INFO  impl.StateMachineUpdater (StateMachineUpdater.java:stopAndJoin(136)) - 07fb1a7b-fe02-4a56-ac24-3020e88d4db0@group-2352D94BEA88-StateMachineUpdater: set stopIndex = -1
2019-10-17 06:30:45,302 [Thread-1482] INFO  impl.FollowerState (FollowerState.java:run(117)) - 07fb1a7b-fe02-4a56-ac24-3020e88d4db0@group-2352D94BEA88-FollowerState was interrupted: java.lang.InterruptedException: sleep interrupted
2019-10-17 06:30:45,302 [grpc-default-executor-5] INFO  impl.RaftServerImpl (ServerState.java:close(388)) - 07fb1a7b-fe02-4a56-ac24-3020e88d4db0@group-2352D94BEA88: closes. applyIndex: -1
2019-10-17 06:30:45,304 [07fb1a7b-fe02-4a56-ac24-3020e88d4db0@group-2352D94BEA88-SegmentedRaftLogWorker] INFO  segmented.SegmentedRaftLogWorker (SegmentedRaftLogWorker.java:run(316)) - 07fb1a7b-fe02-4a56-ac24-3020e88d4db0@group-2352D94BEA88-SegmentedRaftLogWorker was interrupted, exiting. There are 0 tasks remaining in the queue.
2019-10-17 06:30:45,305 [grpc-default-executor-5] INFO  segmented.SegmentedRaftLogWorker (SegmentedRaftLogWorker.java:close(224)) - 07fb1a7b-fe02-4a56-ac24-3020e88d4db0@group-2352D94BEA88-SegmentedRaftLogWorker close()
2019-10-17 06:30:45,310 [Thread-1374] INFO  pipeline.PipelineStateManager (PipelineStateManager.java:removePipeline(106)) - Pipeline Pipeline[ Id: ef53814e-ecea-48bb-8fc9-2352d94bea88, Nodes: 2f64f904-2283-4e96-b4e2-6c9018f13084{ip: 192.168.34.62, host: pr-hdds-1868-lzclr-202649289, networkLocation: /rack1, certSerialId: null}0f256f10-8056-416e-a2a4-dd085f6c7864{ip: 192.168.34.62, host: pr-hdds-1868-lzclr-202649289, networkLocation: /rack1, certSerialId: null}07fb1a7b-fe02-4a56-ac24-3020e88d4db0{ip: 192.168.34.62, host: pr-hdds-1868-lzclr-202649289, networkLocation: /rack1, certSerialId: null}, Type:RATIS, Factor:THREE, State:CLOSED] removed from db
2019-10-17 06:30:45,320 [2f64f904-2283-4e96-b4e2-6c9018f13084@group-2352D94BEA88-LeaderElection25] WARN  util.FileUtils (LogUtils.java:runAndLog(55)) - Failed to Files.move /workdir/hadoop-ozone/integration-test/target/test-dir/MiniOzoneClusterImpl-c6a2a26f-5c7a-4fdf-95bb-7d3ef4a0bc37/datanode-1/data/ratis/ef53814e-ecea-48bb-8fc9-2352d94bea88/current/raft-meta.tmp to /workdir/hadoop-ozone/integration-test/target/test-dir/MiniOzoneClusterImpl-c6a2a26f-5c7a-4fdf-95bb-7d3ef4a0bc37/datanode-1/data/ratis/ef53814e-ecea-48bb-8fc9-2352d94bea88/current/raft-meta: java.nio.file.NoSuchFileException: /workdir/hadoop-ozone/integration-test/target/test-dir/MiniOzoneClusterImpl-c6a2a26f-5c7a-4fdf-95bb-7d3ef4a0bc37/datanode-1/data/ratis/ef53814e-ecea-48bb-8fc9-2352d94bea88/current/raft-meta.tmp
2019-10-17 06:30:45,321 [grpc-default-executor-5] INFO  impl.RaftServerProxy (RaftServerProxy.java:addNew(89)) - 0f256f10-8056-416e-a2a4-dd085f6c7864: addNew group-9ED9FEE0098D:[2f64f904-2283-4e96-b4e2-6c9018f13084:192.168.34.62:40373, 0f256f10-8056-416e-a2a4-dd085f6c7864:192.168.34.62:35674, 07fb1a7b-fe02-4a56-ac24-3020e88d4db0:192.168.34.62:46434] returns group-9ED9FEE0098D:java.util.concurrent.CompletableFuture@2db43ca0[Not completed]
2019-10-17 06:30:45,321 [2f64f904-2283-4e96-b4e2-6c9018f13084@group-2352D94BEA88-LeaderElection25] WARN  util.AtomicFileOutputStream (AtomicFileOutputStream.java:abort(100)) - Unable to delete tmp file during abort /workdir/hadoop-ozone/integration-test/target/test-dir/MiniOzoneClusterImpl-c6a2a26f-5c7a-4fdf-95bb-7d3ef4a0bc37/datanode-1/data/ratis/ef53814e-ecea-48bb-8fc9-2352d94bea88/current/raft-meta.tmp
2019-10-17 06:30:45,323 [grpc-default-executor-6] INFO  impl.RaftServerProxy (RaftServerProxy.java:addNew(89)) - 07fb1a7b-fe02-4a56-ac24-3020e88d4db0: addNew group-9ED9FEE0098D:[2f64f904-2283-4e96-b4e2-6c9018f13084:192.168.34.62:40373, 0f256f10-8056-416e-a2a4-dd085f6c7864:192.168.34.62:35674, 07fb1a7b-fe02-4a56-ac24-3020e88d4db0:192.168.34.62:46434] returns group-9ED9FEE0098D:java.util.concurrent.CompletableFuture@4eed2e01[Not completed]
2019-10-17 06:30:45,323 [grpc-default-executor-1] INFO  impl.RaftServerProxy (RaftServerProxy.java:addNew(89)) - 2f64f904-2283-4e96-b4e2-6c9018f13084: addNew group-9ED9FEE0098D:[2f64f904-2283-4e96-b4e2-6c9018f13084:192.168.34.62:40373, 0f256f10-8056-416e-a2a4-dd085f6c7864:192.168.34.62:35674, 07fb1a7b-fe02-4a56-ac24-3020e88d4db0:192.168.34.62:46434] returns group-9ED9FEE0098D:java.util.concurrent.CompletableFuture@d54c84a[Not completed]
2019-10-17 06:30:45,323 [2f64f904-2283-4e96-b4e2-6c9018f13084@group-2352D94BEA88-LeaderElection25] INFO  impl.LeaderElection (LeaderElection.java:run(137)) - 2f64f904-2283-4e96-b4e2-6c9018f13084@group-2352D94BEA88-LeaderElection25: NoSuchFileException is safely ignored since this is already CLOSING
java.nio.file.NoSuchFileException: /workdir/hadoop-ozone/integration-test/target/test-dir/MiniOzoneClusterImpl-c6a2a26f-5c7a-4fdf-95bb-7d3ef4a0bc37/datanode-1/data/ratis/ef53814e-ecea-48bb-8fc9-2352d94bea88/current/raft-meta.tmp
	at sun.nio.fs.UnixException.translateToIOException(UnixException.java:86)
	at sun.nio.fs.UnixException.rethrowAsIOException(UnixException.java:102)
	at sun.nio.fs.UnixException.rethrowAsIOException(UnixException.java:107)
	at sun.nio.fs.UnixCopyFile.move(UnixCopyFile.java:409)
	at sun.nio.fs.UnixFileSystemProvider.move(UnixFileSystemProvider.java:262)
	at java.nio.file.Files.move(Files.java:1395)
	at org.apache.ratis.util.FileUtils.lambda$move$6(FileUtils.java:65)
	at org.apache.ratis.util.LogUtils.runAndLog(LogUtils.java:50)
	at org.apache.ratis.util.FileUtils.move(FileUtils.java:64)
	at org.apache.ratis.util.FileUtils.move(FileUtils.java:60)
	at org.apache.ratis.util.AtomicFileOutputStream.close(AtomicFileOutputStream.java:73)
	at org.apache.ratis.server.storage.MetaFile.writeFile(MetaFile.java:96)
	at org.apache.ratis.server.storage.MetaFile.set(MetaFile.java:75)
	at org.apache.ratis.server.raftlog.segmented.SegmentedRaftLog.writeMetadata(SegmentedRaftLog.java:473)
	at org.apache.ratis.server.impl.ServerState.persistMetadata(ServerState.java:231)
	at org.apache.ratis.server.impl.LeaderElection.askForVotes(LeaderElection.java:176)
	at org.apache.ratis.server.impl.LeaderElection.run(LeaderElection.java:133)
	at java.lang.Thread.run(Thread.java:748)
2019-10-17 06:30:45,324 [pool-261-thread-1] INFO  impl.RaftServerImpl (RaftServerImpl.java:<init>(104)) - 0f256f10-8056-416e-a2a4-dd085f6c7864: new RaftServerImpl for group-9ED9FEE0098D:[2f64f904-2283-4e96-b4e2-6c9018f13084:192.168.34.62:40373, 0f256f10-8056-416e-a2a4-dd085f6c7864:192.168.34.62:35674, 07fb1a7b-fe02-4a56-ac24-3020e88d4db0:192.168.34.62:46434] with ContainerStateMachine:uninitialized
2019-10-17 06:30:45,324 [pool-261-thread-1] INFO  server.RaftServerConfigKeys (ConfUtils.java:logGet(43)) - raft.server.rpc.timeout.min = 5s (custom)
2019-10-17 06:30:45,324 [pool-271-thread-1] INFO  impl.RaftServerImpl (RaftServerImpl.java:<init>(104)) - 2f64f904-2283-4e96-b4e2-6c9018f13084: new RaftServerImpl for group-9ED9FEE0098D:[2f64f904-2283-4e96-b4e2-6c9018f13084:192.168.34.62:40373, 0f256f10-8056-416e-a2a4-dd085f6c7864:192.168.34.62:35674, 07fb1a7b-fe02-4a56-ac24-3020e88d4db0:192.168.34.62:46434] with ContainerStateMachine:uninitialized
2019-10-17 06:30:45,324 [pool-261-thread-1] INFO  server.RaftServerConfigKeys (ConfUtils.java:logGet(43)) - raft.server.rpc.timeout.max = 5200ms (custom)
2019-10-17 06:30:45,325 [pool-271-thread-1] INFO  server.RaftServerConfigKeys (ConfUtils.java:logGet(43)) - raft.server.rpc.timeout.min = 5s (custom)
2019-10-17 06:30:45,325 [pool-261-thread-1] INFO  server.RaftServerConfigKeys (ConfUtils.java:logGet(43)) - raft.server.rpcslowness.timeout = 120s (custom)
2019-10-17 06:30:45,325 [pool-281-thread-1] INFO  impl.RaftServerImpl (RaftServerImpl.java:<init>(104)) - 07fb1a7b-fe02-4a56-ac24-3020e88d4db0: new RaftServerImpl for group-9ED9FEE0098D:[2f64f904-2283-4e96-b4e2-6c9018f13084:192.168.34.62:40373, 0f256f10-8056-416e-a2a4-dd085f6c7864:192.168.34.62:35674, 07fb1a7b-fe02-4a56-ac24-3020e88d4db0:192.168.34.62:46434] with ContainerStateMachine:uninitialized
2019-10-17 06:30:45,325 [pool-271-thread-1] INFO  server.RaftServerConfigKeys (ConfUtils.java:logGet(43)) - raft.server.rpc.timeout.max = 5200ms (custom)
2019-10-17 06:30:45,325 [pool-281-thread-1] INFO  server.RaftServerConfigKeys (ConfUtils.java:logGet(43)) - raft.server.rpc.timeout.min = 5s (custom)
2019-10-17 06:30:45,325 [pool-261-thread-1] INFO  server.RaftServerConfigKeys (ConfUtils.java:logGet(43)) - raft.server.sleep.deviation.threshold = 300 (default)
2019-10-17 06:30:45,325 [pool-281-thread-1] INFO  server.RaftServerConfigKeys (ConfUtils.java:logGet(43)) - raft.server.rpc.timeout.max = 5200ms (custom)
2019-10-17 06:30:45,325 [pool-271-thread-1] INFO  server.RaftServerConfigKeys (ConfUtils.java:logGet(43)) - raft.server.rpcslowness.timeout = 120s (custom)
2019-10-17 06:30:45,325 [pool-281-thread-1] INFO  server.RaftServerConfigKeys (ConfUtils.java:logGet(43)) - raft.server.rpcslowness.timeout = 120s (custom)
2019-10-17 06:30:45,325 [pool-261-thread-1] INFO  server.RaftServerConfigKeys (ConfUtils.java:logGet(43)) - raft.server.log.appender.install.snapshot.enabled = false (custom)
2019-10-17 06:30:45,326 [pool-281-thread-1] INFO  server.RaftServerConfigKeys (ConfUtils.java:logGet(43)) - raft.server.sleep.deviation.threshold = 300 (default)
2019-10-17 06:30:45,326 [pool-261-thread-1] INFO  impl.RaftServerImpl (ServerState.java:<init>(103)) - 0f256f10-8056-416e-a2a4-dd085f6c7864@group-9ED9FEE0098D: ConfigurationManager, init=-1: [2f64f904-2283-4e96-b4e2-6c9018f13084:192.168.34.62:40373, 0f256f10-8056-416e-a2a4-dd085f6c7864:192.168.34.62:35674, 07fb1a7b-fe02-4a56-ac24-3020e88d4db0:192.168.34.62:46434], old=null, confs=<EMPTY_MAP>
2019-10-17 06:30:45,326 [pool-271-thread-1] INFO  server.RaftServerConfigKeys (ConfUtils.java:logGet(43)) - raft.server.sleep.deviation.threshold = 300 (default)
2019-10-17 06:30:45,326 [pool-261-thread-1] INFO  server.RaftServerConfigKeys (ConfUtils.java:logGet(43)) - raft.server.storage.dir = [/workdir/hadoop-ozone/integration-test/target/test-dir/MiniOzoneClusterImpl-c6a2a26f-5c7a-4fdf-95bb-7d3ef4a0bc37/datanode-0/data/ratis] (custom)
2019-10-17 06:30:45,326 [pool-281-thread-1] INFO  server.RaftServerConfigKeys (ConfUtils.java:logGet(43)) - raft.server.log.appender.install.snapshot.enabled = false (custom)
2019-10-17 06:30:45,326 [pool-271-thread-1] INFO  server.RaftServerConfigKeys (ConfUtils.java:logGet(43)) - raft.server.log.appender.install.snapshot.enabled = false (custom)
2019-10-17 06:30:45,326 [pool-281-thread-1] INFO  impl.RaftServerImpl (ServerState.java:<init>(103)) - 07fb1a7b-fe02-4a56-ac24-3020e88d4db0@group-9ED9FEE0098D: ConfigurationManager, init=-1: [2f64f904-2283-4e96-b4e2-6c9018f13084:192.168.34.62:40373, 0f256f10-8056-416e-a2a4-dd085f6c7864:192.168.34.62:35674, 07fb1a7b-fe02-4a56-ac24-3020e88d4db0:192.168.34.62:46434], old=null, confs=<EMPTY_MAP>
2019-10-17 06:30:45,326 [pool-271-thread-1] INFO  impl.RaftServerImpl (ServerState.java:<init>(103)) - 2f64f904-2283-4e96-b4e2-6c9018f13084@group-9ED9FEE0098D: ConfigurationManager, init=-1: [2f64f904-2283-4e96-b4e2-6c9018f13084:192.168.34.62:40373, 0f256f10-8056-416e-a2a4-dd085f6c7864:192.168.34.62:35674, 07fb1a7b-fe02-4a56-ac24-3020e88d4db0:192.168.34.62:46434], old=null, confs=<EMPTY_MAP>
2019-10-17 06:30:45,326 [pool-261-thread-1] INFO  server.RaftServerConfigKeys (ConfUtils.java:logGet(43)) - raft.server.log.corruption.policy = EXCEPTION (default)
2019-10-17 06:30:45,327 [pool-271-thread-1] INFO  server.RaftServerConfigKeys (ConfUtils.java:logGet(43)) - raft.server.storage.dir = [/workdir/hadoop-ozone/integration-test/target/test-dir/MiniOzoneClusterImpl-c6a2a26f-5c7a-4fdf-95bb-7d3ef4a0bc37/datanode-1/data/ratis] (custom)
2019-10-17 06:30:45,327 [pool-281-thread-1] INFO  server.RaftServerConfigKeys (ConfUtils.java:logGet(43)) - raft.server.storage.dir = [/workdir/hadoop-ozone/integration-test/target/test-dir/MiniOzoneClusterImpl-c6a2a26f-5c7a-4fdf-95bb-7d3ef4a0bc37/datanode-2/data/ratis] (custom)
2019-10-17 06:30:45,327 [pool-261-thread-1] INFO  storage.RaftStorageDirectory (RaftStorageDirectory.java:analyzeStorage(246)) - The storage directory /workdir/hadoop-ozone/integration-test/target/test-dir/MiniOzoneClusterImpl-c6a2a26f-5c7a-4fdf-95bb-7d3ef4a0bc37/datanode-0/data/ratis/0b0409e3-bfdd-4515-8bec-9ed9fee0098d does not exist. Creating ...
2019-10-17 06:30:45,327 [pool-281-thread-1] INFO  server.RaftServerConfigKeys (ConfUtils.java:logGet(43)) - raft.server.log.corruption.policy = EXCEPTION (default)
2019-10-17 06:30:45,327 [pool-271-thread-1] INFO  server.RaftServerConfigKeys (ConfUtils.java:logGet(43)) - raft.server.log.corruption.policy = EXCEPTION (default)
2019-10-17 06:30:45,327 [pool-281-thread-1] INFO  storage.RaftStorageDirectory (RaftStorageDirectory.java:analyzeStorage(246)) - The storage directory /workdir/hadoop-ozone/integration-test/target/test-dir/MiniOzoneClusterImpl-c6a2a26f-5c7a-4fdf-95bb-7d3ef4a0bc37/datanode-2/data/ratis/0b0409e3-bfdd-4515-8bec-9ed9fee0098d does not exist. Creating ...
2019-10-17 06:30:45,327 [pool-271-thread-1] INFO  storage.RaftStorageDirectory (RaftStorageDirectory.java:analyzeStorage(246)) - The storage directory /workdir/hadoop-ozone/integration-test/target/test-dir/MiniOzoneClusterImpl-c6a2a26f-5c7a-4fdf-95bb-7d3ef4a0bc37/datanode-1/data/ratis/0b0409e3-bfdd-4515-8bec-9ed9fee0098d does not exist. Creating ...
2019-10-17 06:30:45,400 [pool-261-thread-1] INFO  storage.RaftStorageDirectory (RaftStorageDirectory.java:tryLock(328)) - Lock on /workdir/hadoop-ozone/integration-test/target/test-dir/MiniOzoneClusterImpl-c6a2a26f-5c7a-4fdf-95bb-7d3ef4a0bc37/datanode-0/data/ratis/0b0409e3-bfdd-4515-8bec-9ed9fee0098d/in_use.lock acquired by nodename 2880@pr-hdds-1868-lzclr-202649289
2019-10-17 06:30:45,400 [pool-271-thread-1] INFO  storage.RaftStorageDirectory (RaftStorageDirectory.java:tryLock(328)) - Lock on /workdir/hadoop-ozone/integration-test/target/test-dir/MiniOzoneClusterImpl-c6a2a26f-5c7a-4fdf-95bb-7d3ef4a0bc37/datanode-1/data/ratis/0b0409e3-bfdd-4515-8bec-9ed9fee0098d/in_use.lock acquired by nodename 2880@pr-hdds-1868-lzclr-202649289
2019-10-17 06:30:45,400 [pool-281-thread-1] INFO  storage.RaftStorageDirectory (RaftStorageDirectory.java:tryLock(328)) - Lock on /workdir/hadoop-ozone/integration-test/target/test-dir/MiniOzoneClusterImpl-c6a2a26f-5c7a-4fdf-95bb-7d3ef4a0bc37/datanode-2/data/ratis/0b0409e3-bfdd-4515-8bec-9ed9fee0098d/in_use.lock acquired by nodename 2880@pr-hdds-1868-lzclr-202649289
2019-10-17 06:30:45,482 [pool-261-thread-1] INFO  storage.RaftStorage (RaftStorage.java:format(84)) - Storage directory /workdir/hadoop-ozone/integration-test/target/test-dir/MiniOzoneClusterImpl-c6a2a26f-5c7a-4fdf-95bb-7d3ef4a0bc37/datanode-0/data/ratis/0b0409e3-bfdd-4515-8bec-9ed9fee0098d has been successfully formatted.
2019-10-17 06:30:45,482 [pool-281-thread-1] INFO  storage.RaftStorage (RaftStorage.java:format(84)) - Storage directory /workdir/hadoop-ozone/integration-test/target/test-dir/MiniOzoneClusterImpl-c6a2a26f-5c7a-4fdf-95bb-7d3ef4a0bc37/datanode-2/data/ratis/0b0409e3-bfdd-4515-8bec-9ed9fee0098d has been successfully formatted.
2019-10-17 06:30:45,482 [pool-271-thread-1] INFO  storage.RaftStorage (RaftStorage.java:format(84)) - Storage directory /workdir/hadoop-ozone/integration-test/target/test-dir/MiniOzoneClusterImpl-c6a2a26f-5c7a-4fdf-95bb-7d3ef4a0bc37/datanode-1/data/ratis/0b0409e3-bfdd-4515-8bec-9ed9fee0098d has been successfully formatted.
2019-10-17 06:30:45,482 [pool-261-thread-1] INFO  ratis.ContainerStateMachine (ContainerStateMachine.java:loadSnapshot(233)) - group-9ED9FEE0098D: The snapshot info is null. Setting the last applied indexto:(t:0, i:~)
2019-10-17 06:30:45,482 [pool-271-thread-1] INFO  ratis.ContainerStateMachine (ContainerStateMachine.java:loadSnapshot(233)) - group-9ED9FEE0098D: The snapshot info is null. Setting the last applied indexto:(t:0, i:~)
2019-10-17 06:30:45,482 [pool-281-thread-1] INFO  ratis.ContainerStateMachine (ContainerStateMachine.java:loadSnapshot(233)) - group-9ED9FEE0098D: The snapshot info is null. Setting the last applied indexto:(t:0, i:~)
2019-10-17 06:30:45,483 [pool-271-thread-1] INFO  server.RaftServerConfigKeys (ConfUtils.java:logGet(43)) - raft.server.notification.no-leader.timeout = 120s (custom)
2019-10-17 06:30:45,482 [pool-261-thread-1] INFO  server.RaftServerConfigKeys (ConfUtils.java:logGet(43)) - raft.server.notification.no-leader.timeout = 120s (custom)
2019-10-17 06:30:45,483 [pool-271-thread-1] INFO  server.RaftServerConfigKeys (ConfUtils.java:logGet(43)) - raft.server.log.use.memory = false (default)
2019-10-17 06:30:45,483 [pool-281-thread-1] INFO  server.RaftServerConfigKeys (ConfUtils.java:logGet(43)) - raft.server.notification.no-leader.timeout = 120s (custom)
2019-10-17 06:30:45,483 [pool-271-thread-1] INFO  server.RaftServerConfigKeys (ConfUtils.java:logGet(43)) - raft.server.log.purge.gap = 1000000 (custom)
2019-10-17 06:30:45,483 [pool-261-thread-1] INFO  server.RaftServerConfigKeys (ConfUtils.java:logGet(43)) - raft.server.log.use.memory = false (default)
2019-10-17 06:30:45,483 [pool-271-thread-1] INFO  server.RaftServerConfigKeys (ConfUtils.java:logGet(43)) - raft.server.log.appender.buffer.byte-limit = 33554432 (custom)
2019-10-17 06:30:45,483 [pool-281-thread-1] INFO  server.RaftServerConfigKeys (ConfUtils.java:logGet(43)) - raft.server.log.use.memory = false (default)
2019-10-17 06:30:45,483 [pool-271-thread-1] INFO  server.RaftServerConfigKeys (ConfUtils.java:logGet(43)) - raft.server.log.segment.size.max = 1048576 (custom)
2019-10-17 06:30:45,483 [pool-261-thread-1] INFO  server.RaftServerConfigKeys (ConfUtils.java:logGet(43)) - raft.server.log.purge.gap = 1000000 (custom)
2019-10-17 06:30:45,484 [pool-271-thread-1] INFO  server.RaftServerConfigKeys (ConfUtils.java:logGet(43)) - raft.server.log.segment.cache.num.max = 2 (custom)
2019-10-17 06:30:45,483 [pool-281-thread-1] INFO  server.RaftServerConfigKeys (ConfUtils.java:logGet(43)) - raft.server.log.purge.gap = 1000000 (custom)
2019-10-17 06:30:45,484 [pool-271-thread-1] INFO  segmented.SegmentedRaftLogWorker (SegmentedRaftLogWorker.java:<init>(173)) - new 2f64f904-2283-4e96-b4e2-6c9018f13084@group-9ED9FEE0098D-SegmentedRaftLogWorker for RaftStorage:Storage Directory /workdir/hadoop-ozone/integration-test/target/test-dir/MiniOzoneClusterImpl-c6a2a26f-5c7a-4fdf-95bb-7d3ef4a0bc37/datanode-1/data/ratis/0b0409e3-bfdd-4515-8bec-9ed9fee0098d
2019-10-17 06:30:45,484 [pool-261-thread-1] INFO  server.RaftServerConfigKeys (ConfUtils.java:logGet(43)) - raft.server.log.appender.buffer.byte-limit = 33554432 (custom)
2019-10-17 06:30:45,484 [pool-271-thread-1] INFO  server.RaftServerConfigKeys (ConfUtils.java:logGet(43)) - raft.server.log.queue.byte-limit = 2147483647 (custom)
2019-10-17 06:30:45,484 [pool-281-thread-1] INFO  server.RaftServerConfigKeys (ConfUtils.java:logGet(43)) - raft.server.log.appender.buffer.byte-limit = 33554432 (custom)
2019-10-17 06:30:45,484 [pool-271-thread-1] INFO  server.RaftServerConfigKeys (ConfUtils.java:logGet(43)) - raft.server.log.queue.element-limit = 1024 (custom)
2019-10-17 06:30:45,484 [pool-261-thread-1] INFO  server.RaftServerConfigKeys (ConfUtils.java:logGet(43)) - raft.server.log.segment.size.max = 1048576 (custom)
2019-10-17 06:30:45,484 [pool-271-thread-1] INFO  server.RaftServerConfigKeys (ConfUtils.java:logGet(43)) - raft.server.log.segment.size.max = 1048576 (custom)
2019-10-17 06:30:45,484 [pool-281-thread-1] INFO  server.RaftServerConfigKeys (ConfUtils.java:logGet(43)) - raft.server.log.segment.size.max = 1048576 (custom)
2019-10-17 06:30:45,485 [pool-271-thread-1] INFO  server.RaftServerConfigKeys (ConfUtils.java:logGet(43)) - raft.server.log.preallocated.size = 16384 (custom)
2019-10-17 06:30:45,485 [pool-261-thread-1] INFO  server.RaftServerConfigKeys (ConfUtils.java:logGet(43)) - raft.server.log.segment.cache.num.max = 2 (custom)
2019-10-17 06:30:45,485 [pool-271-thread-1] INFO  server.RaftServerConfigKeys (ConfUtils.java:logGet(43)) - raft.server.log.write.buffer.size = 33554432 (custom)
2019-10-17 06:30:45,485 [pool-281-thread-1] INFO  server.RaftServerConfigKeys (ConfUtils.java:logGet(43)) - raft.server.log.segment.cache.num.max = 2 (custom)
2019-10-17 06:30:45,485 [pool-271-thread-1] INFO  server.RaftServerConfigKeys (ConfUtils.java:logGet(43)) - raft.server.log.force.sync.num = 128 (default)
2019-10-17 06:30:45,485 [pool-261-thread-1] INFO  segmented.SegmentedRaftLogWorker (SegmentedRaftLogWorker.java:<init>(173)) - new 0f256f10-8056-416e-a2a4-dd085f6c7864@group-9ED9FEE0098D-SegmentedRaftLogWorker for RaftStorage:Storage Directory /workdir/hadoop-ozone/integration-test/target/test-dir/MiniOzoneClusterImpl-c6a2a26f-5c7a-4fdf-95bb-7d3ef4a0bc37/datanode-0/data/ratis/0b0409e3-bfdd-4515-8bec-9ed9fee0098d
2019-10-17 06:30:45,485 [pool-271-thread-1] INFO  server.RaftServerConfigKeys (ConfUtils.java:logGet(43)) - raft.server.log.statemachine.data.sync = true (default)
2019-10-17 06:30:45,485 [pool-281-thread-1] INFO  segmented.SegmentedRaftLogWorker (SegmentedRaftLogWorker.java:<init>(173)) - new 07fb1a7b-fe02-4a56-ac24-3020e88d4db0@group-9ED9FEE0098D-SegmentedRaftLogWorker for RaftStorage:Storage Directory /workdir/hadoop-ozone/integration-test/target/test-dir/MiniOzoneClusterImpl-c6a2a26f-5c7a-4fdf-95bb-7d3ef4a0bc37/datanode-2/data/ratis/0b0409e3-bfdd-4515-8bec-9ed9fee0098d
2019-10-17 06:30:45,485 [pool-271-thread-1] INFO  server.RaftServerConfigKeys (ConfUtils.java:logGet(43)) - raft.server.log.statemachine.data.sync.timeout = 10s (default)
2019-10-17 06:30:45,485 [pool-261-thread-1] INFO  server.RaftServerConfigKeys (ConfUtils.java:logGet(43)) - raft.server.log.queue.byte-limit = 2147483647 (custom)
2019-10-17 06:30:45,486 [pool-271-thread-1] INFO  server.RaftServerConfigKeys (ConfUtils.java:logGet(43)) - raft.server.log.statemachine.data.sync.timeout.retry = -1 (default)
2019-10-17 06:30:45,486 [pool-281-thread-1] INFO  server.RaftServerConfigKeys (ConfUtils.java:logGet(43)) - raft.server.log.queue.byte-limit = 2147483647 (custom)
2019-10-17 06:30:45,486 [pool-271-thread-1] INFO  server.RaftServerConfigKeys (ConfUtils.java:logGet(43)) - raft.server.log.statemachine.data.caching.enabled = true (custom)
2019-10-17 06:30:45,486 [pool-261-thread-1] INFO  server.RaftServerConfigKeys (ConfUtils.java:logGet(43)) - raft.server.log.queue.element-limit = 1024 (custom)
2019-10-17 06:30:45,486 [pool-281-thread-1] INFO  server.RaftServerConfigKeys (ConfUtils.java:logGet(43)) - raft.server.log.queue.element-limit = 1024 (custom)
2019-10-17 06:30:45,486 [pool-271-thread-1] INFO  segmented.SegmentedRaftLogWorker (SegmentedRaftLogWorker.java:lambda$new$0(128)) - 2f64f904-2283-4e96-b4e2-6c9018f13084@group-9ED9FEE0098D-SegmentedRaftLogWorker: flushIndex: setUnconditionally 0 -> -1
2019-10-17 06:30:45,486 [pool-261-thread-1] INFO  server.RaftServerConfigKeys (ConfUtils.java:logGet(43)) - raft.server.log.segment.size.max = 1048576 (custom)
2019-10-17 06:30:45,486 [pool-281-thread-1] INFO  server.RaftServerConfigKeys (ConfUtils.java:logGet(43)) - raft.server.log.segment.size.max = 1048576 (custom)
2019-10-17 06:30:45,486 [pool-271-thread-1] INFO  server.RaftServerConfigKeys (ConfUtils.java:logGet(43)) - raft.server.snapshot.auto.trigger.enabled = true (custom)
2019-10-17 06:30:45,486 [pool-261-thread-1] INFO  server.RaftServerConfigKeys (ConfUtils.java:logGet(43)) - raft.server.log.preallocated.size = 16384 (custom)
2019-10-17 06:30:45,487 [pool-271-thread-1] INFO  server.RaftServerConfigKeys (ConfUtils.java:logGet(43)) - raft.server.snapshot.auto.trigger.threshold = 10000 (custom)
2019-10-17 06:30:45,487 [pool-281-thread-1] INFO  server.RaftServerConfigKeys (ConfUtils.java:logGet(43)) - raft.server.log.preallocated.size = 16384 (custom)
2019-10-17 06:30:45,487 [pool-271-thread-1] INFO  server.RaftServerConfigKeys (ConfUtils.java:logGet(43)) - raft.server.snapshot.retention.file.num = 5 (custom)
2019-10-17 06:30:45,487 [pool-261-thread-1] INFO  server.RaftServerConfigKeys (ConfUtils.java:logGet(43)) - raft.server.log.write.buffer.size = 33554432 (custom)
2019-10-17 06:30:45,487 [pool-271-thread-1] INFO  server.RaftServerConfigKeys (ConfUtils.java:logGet(43)) - raft.server.retrycache.expirytime = 600000ms (custom)
2019-10-17 06:30:45,487 [pool-281-thread-1] INFO  server.RaftServerConfigKeys (ConfUtils.java:logGet(43)) - raft.server.log.write.buffer.size = 33554432 (custom)
2019-10-17 06:30:45,487 [pool-261-thread-1] INFO  server.RaftServerConfigKeys (ConfUtils.java:logGet(43)) - raft.server.log.force.sync.num = 128 (default)
2019-10-17 06:30:45,487 [pool-281-thread-1] INFO  server.RaftServerConfigKeys (ConfUtils.java:logGet(43)) - raft.server.log.force.sync.num = 128 (default)
2019-10-17 06:30:45,488 [pool-261-thread-1] INFO  server.RaftServerConfigKeys (ConfUtils.java:logGet(43)) - raft.server.log.statemachine.data.sync = true (default)
2019-10-17 06:30:45,488 [pool-281-thread-1] INFO  server.RaftServerConfigKeys (ConfUtils.java:logGet(43)) - raft.server.log.statemachine.data.sync = true (default)
2019-10-17 06:30:45,488 [pool-261-thread-1] INFO  server.RaftServerConfigKeys (ConfUtils.java:logGet(43)) - raft.server.log.statemachine.data.sync.timeout = 10s (default)
2019-10-17 06:30:45,488 [pool-281-thread-1] INFO  server.RaftServerConfigKeys (ConfUtils.java:logGet(43)) - raft.server.log.statemachine.data.sync.timeout = 10s (default)
2019-10-17 06:30:45,488 [pool-261-thread-1] INFO  server.RaftServerConfigKeys (ConfUtils.java:logGet(43)) - raft.server.log.statemachine.data.sync.timeout.retry = -1 (default)
2019-10-17 06:30:45,488 [pool-281-thread-1] INFO  server.RaftServerConfigKeys (ConfUtils.java:logGet(43)) - raft.server.log.statemachine.data.sync.timeout.retry = -1 (default)
2019-10-17 06:30:45,488 [pool-261-thread-1] INFO  server.RaftServerConfigKeys (ConfUtils.java:logGet(43)) - raft.server.log.statemachine.data.caching.enabled = true (custom)
2019-10-17 06:30:45,488 [pool-281-thread-1] INFO  server.RaftServerConfigKeys (ConfUtils.java:logGet(43)) - raft.server.log.statemachine.data.caching.enabled = true (custom)
2019-10-17 06:30:45,489 [pool-261-thread-1] INFO  segmented.SegmentedRaftLogWorker (SegmentedRaftLogWorker.java:lambda$new$0(128)) - 0f256f10-8056-416e-a2a4-dd085f6c7864@group-9ED9FEE0098D-SegmentedRaftLogWorker: flushIndex: setUnconditionally 0 -> -1
2019-10-17 06:30:45,489 [pool-281-thread-1] INFO  segmented.SegmentedRaftLogWorker (SegmentedRaftLogWorker.java:lambda$new$0(128)) - 07fb1a7b-fe02-4a56-ac24-3020e88d4db0@group-9ED9FEE0098D-SegmentedRaftLogWorker: flushIndex: setUnconditionally 0 -> -1
2019-10-17 06:30:45,489 [pool-261-thread-1] INFO  server.RaftServerConfigKeys (ConfUtils.java:logGet(43)) - raft.server.snapshot.auto.trigger.enabled = true (custom)
2019-10-17 06:30:45,489 [pool-281-thread-1] INFO  server.RaftServerConfigKeys (ConfUtils.java:logGet(43)) - raft.server.snapshot.auto.trigger.enabled = true (custom)
2019-10-17 06:30:45,489 [pool-261-thread-1] INFO  server.RaftServerConfigKeys (ConfUtils.java:logGet(43)) - raft.server.snapshot.auto.trigger.threshold = 10000 (custom)
2019-10-17 06:30:45,489 [pool-281-thread-1] INFO  server.RaftServerConfigKeys (ConfUtils.java:logGet(43)) - raft.server.snapshot.auto.trigger.threshold = 10000 (custom)
2019-10-17 06:30:45,489 [pool-261-thread-1] INFO  server.RaftServerConfigKeys (ConfUtils.java:logGet(43)) - raft.server.snapshot.retention.file.num = 5 (custom)
2019-10-17 06:30:45,489 [pool-271-thread-1] INFO  impl.RaftServerImpl (RaftServerImpl.java:start(195)) - 2f64f904-2283-4e96-b4e2-6c9018f13084@group-9ED9FEE0098D: start as a follower, conf=-1: [2f64f904-2283-4e96-b4e2-6c9018f13084:192.168.34.62:40373, 0f256f10-8056-416e-a2a4-dd085f6c7864:192.168.34.62:35674, 07fb1a7b-fe02-4a56-ac24-3020e88d4db0:192.168.34.62:46434], old=null
2019-10-17 06:30:45,489 [pool-281-thread-1] INFO  server.RaftServerConfigKeys (ConfUtils.java:logGet(43)) - raft.server.snapshot.retention.file.num = 5 (custom)
2019-10-17 06:30:45,489 [pool-271-thread-1] INFO  impl.RaftServerImpl (RaftServerImpl.java:setRole(184)) - 2f64f904-2283-4e96-b4e2-6c9018f13084@group-9ED9FEE0098D: changes role from      null to FOLLOWER at term 0 for startAsFollower
2019-10-17 06:30:45,489 [pool-261-thread-1] INFO  server.RaftServerConfigKeys (ConfUtils.java:logGet(43)) - raft.server.retrycache.expirytime = 600000ms (custom)
2019-10-17 06:30:45,490 [pool-271-thread-1] INFO  impl.RoleInfo (RoleInfo.java:updateAndGet(143)) - 2f64f904-2283-4e96-b4e2-6c9018f13084: start FollowerState
2019-10-17 06:30:45,490 [pool-281-thread-1] INFO  server.RaftServerConfigKeys (ConfUtils.java:logGet(43)) - raft.server.retrycache.expirytime = 600000ms (custom)
2019-10-17 06:30:45,490 [pool-271-thread-1] INFO  util.JmxRegister (JmxRegister.java:tryRegister(44)) - Successfully registered JMX Bean with object name Ratis:service=RaftServer,group=group-9ED9FEE0098D,id=2f64f904-2283-4e96-b4e2-6c9018f13084
2019-10-17 06:30:45,493 [pool-261-thread-1] INFO  impl.RaftServerImpl (RaftServerImpl.java:start(195)) - 0f256f10-8056-416e-a2a4-dd085f6c7864@group-9ED9FEE0098D: start as a follower, conf=-1: [2f64f904-2283-4e96-b4e2-6c9018f13084:192.168.34.62:40373, 0f256f10-8056-416e-a2a4-dd085f6c7864:192.168.34.62:35674, 07fb1a7b-fe02-4a56-ac24-3020e88d4db0:192.168.34.62:46434], old=null
2019-10-17 06:30:45,493 [pool-261-thread-1] INFO  impl.RaftServerImpl (RaftServerImpl.java:setRole(184)) - 0f256f10-8056-416e-a2a4-dd085f6c7864@group-9ED9FEE0098D: changes role from      null to FOLLOWER at term 0 for startAsFollower
2019-10-17 06:30:45,493 [pool-281-thread-1] INFO  impl.RaftServerImpl (RaftServerImpl.java:start(195)) - 07fb1a7b-fe02-4a56-ac24-3020e88d4db0@group-9ED9FEE0098D: start as a follower, conf=-1: [2f64f904-2283-4e96-b4e2-6c9018f13084:192.168.34.62:40373, 0f256f10-8056-416e-a2a4-dd085f6c7864:192.168.34.62:35674, 07fb1a7b-fe02-4a56-ac24-3020e88d4db0:192.168.34.62:46434], old=null
2019-10-17 06:30:45,494 [pool-261-thread-1] INFO  impl.RoleInfo (RoleInfo.java:updateAndGet(143)) - 0f256f10-8056-416e-a2a4-dd085f6c7864: start FollowerState
2019-10-17 06:30:45,494 [pool-281-thread-1] INFO  impl.RaftServerImpl (RaftServerImpl.java:setRole(184)) - 07fb1a7b-fe02-4a56-ac24-3020e88d4db0@group-9ED9FEE0098D: changes role from      null to FOLLOWER at term 0 for startAsFollower
2019-10-17 06:30:45,494 [pool-281-thread-1] INFO  impl.RoleInfo (RoleInfo.java:updateAndGet(143)) - 07fb1a7b-fe02-4a56-ac24-3020e88d4db0: start FollowerState
2019-10-17 06:30:45,494 [pool-261-thread-1] INFO  util.JmxRegister (JmxRegister.java:tryRegister(44)) - Successfully registered JMX Bean with object name Ratis:service=RaftServer,group=group-9ED9FEE0098D,id=0f256f10-8056-416e-a2a4-dd085f6c7864
2019-10-17 06:30:45,494 [pool-281-thread-1] INFO  util.JmxRegister (JmxRegister.java:tryRegister(44)) - Successfully registered JMX Bean with object name Ratis:service=RaftServer,group=group-9ED9FEE0098D,id=07fb1a7b-fe02-4a56-ac24-3020e88d4db0
2019-10-17 06:30:45,501 [Thread-1492] INFO  impl.FollowerState (FollowerState.java:run(108)) - 2f64f904-2283-4e96-b4e2-6c9018f13084@group-9ED9FEE0098D-FollowerState: change to CANDIDATE, lastRpcTime:11ms, electionTimeout:10ms
2019-10-17 06:30:45,501 [Thread-1492] INFO  impl.RoleInfo (RoleInfo.java:shutdownFollowerState(121)) - 2f64f904-2283-4e96-b4e2-6c9018f13084: shutdown FollowerState
2019-10-17 06:30:45,502 [Thread-1492] INFO  impl.RaftServerImpl (RaftServerImpl.java:setRole(184)) - 2f64f904-2283-4e96-b4e2-6c9018f13084@group-9ED9FEE0098D: changes role from  FOLLOWER to CANDIDATE at term 0 for changeToCandidate
2019-10-17 06:30:45,502 [Thread-1492] INFO  impl.RoleInfo (RoleInfo.java:updateAndGet(143)) - 2f64f904-2283-4e96-b4e2-6c9018f13084: start LeaderElection
2019-10-17 06:30:45,505 [RatisPipelineUtilsThread] INFO  pipeline.PipelineStateManager (PipelineStateManager.java:addPipeline(55)) - Created pipeline Pipeline[ Id: 0b0409e3-bfdd-4515-8bec-9ed9fee0098d, Nodes: 2f64f904-2283-4e96-b4e2-6c9018f13084{ip: 192.168.34.62, host: pr-hdds-1868-lzclr-202649289, networkLocation: /rack1, certSerialId: null}0f256f10-8056-416e-a2a4-dd085f6c7864{ip: 192.168.34.62, host: pr-hdds-1868-lzclr-202649289, networkLocation: /rack1, certSerialId: null}07fb1a7b-fe02-4a56-ac24-3020e88d4db0{ip: 192.168.34.62, host: pr-hdds-1868-lzclr-202649289, networkLocation: /rack1, certSerialId: null}, Type:RATIS, Factor:THREE, State:ALLOCATED]
2019-10-17 06:30:45,549 [2f64f904-2283-4e96-b4e2-6c9018f13084@group-9ED9FEE0098D-LeaderElection26] INFO  impl.LeaderElection (LeaderElection.java:askForVotes(178)) - 2f64f904-2283-4e96-b4e2-6c9018f13084@group-9ED9FEE0098D-LeaderElection26: begin an election at term 1 for -1: [2f64f904-2283-4e96-b4e2-6c9018f13084:192.168.34.62:40373, 0f256f10-8056-416e-a2a4-dd085f6c7864:192.168.34.62:35674, 07fb1a7b-fe02-4a56-ac24-3020e88d4db0:192.168.34.62:46434], old=null
2019-10-17 06:30:45,554 [grpc-default-executor-6] INFO  impl.RaftServerImpl (RaftServerImpl.java:setRole(184)) - 07fb1a7b-fe02-4a56-ac24-3020e88d4db0@group-9ED9FEE0098D: changes role from  FOLLOWER to FOLLOWER at term 1 for recognizeCandidate:2f64f904-2283-4e96-b4e2-6c9018f13084
2019-10-17 06:30:45,555 [grpc-default-executor-1] INFO  impl.RaftServerImpl (RaftServerImpl.java:setRole(184)) - 0f256f10-8056-416e-a2a4-dd085f6c7864@group-9ED9FEE0098D: changes role from  FOLLOWER to FOLLOWER at term 1 for recognizeCandidate:2f64f904-2283-4e96-b4e2-6c9018f13084
2019-10-17 06:30:45,555 [grpc-default-executor-6] INFO  impl.RoleInfo (RoleInfo.java:shutdownFollowerState(121)) - 07fb1a7b-fe02-4a56-ac24-3020e88d4db0: shutdown FollowerState
2019-10-17 06:30:45,556 [grpc-default-executor-1] INFO  impl.RoleInfo (RoleInfo.java:shutdownFollowerState(121)) - 0f256f10-8056-416e-a2a4-dd085f6c7864: shutdown FollowerState
2019-10-17 06:30:45,556 [grpc-default-executor-6] INFO  impl.RoleInfo (RoleInfo.java:updateAndGet(143)) - 07fb1a7b-fe02-4a56-ac24-3020e88d4db0: start FollowerState
2019-10-17 06:30:45,556 [Thread-1495] INFO  impl.FollowerState (FollowerState.java:run(117)) - 07fb1a7b-fe02-4a56-ac24-3020e88d4db0@group-9ED9FEE0098D-FollowerState was interrupted: java.lang.InterruptedException: sleep interrupted
2019-10-17 06:30:45,556 [grpc-default-executor-1] INFO  impl.RoleInfo (RoleInfo.java:updateAndGet(143)) - 0f256f10-8056-416e-a2a4-dd085f6c7864: start FollowerState
2019-10-17 06:30:45,556 [Thread-1493] INFO  impl.FollowerState (FollowerState.java:run(117)) - 0f256f10-8056-416e-a2a4-dd085f6c7864@group-9ED9FEE0098D-FollowerState was interrupted: java.lang.InterruptedException: sleep interrupted
2019-10-17 06:30:45,597 [Thread-1502] INFO  impl.FollowerState (FollowerState.java:run(108)) - 0f256f10-8056-416e-a2a4-dd085f6c7864@group-9ED9FEE0098D-FollowerState: change to CANDIDATE, lastRpcTime:40ms, electionTimeout:7ms
2019-10-17 06:30:45,597 [Thread-1502] INFO  impl.RoleInfo (RoleInfo.java:shutdownFollowerState(121)) - 0f256f10-8056-416e-a2a4-dd085f6c7864: shutdown FollowerState
2019-10-17 06:30:45,597 [Thread-1502] INFO  impl.RaftServerImpl (RaftServerImpl.java:setRole(184)) - 0f256f10-8056-416e-a2a4-dd085f6c7864@group-9ED9FEE0098D: changes role from  FOLLOWER to CANDIDATE at term 1 for changeToCandidate
2019-10-17 06:30:45,598 [Thread-1502] INFO  impl.RoleInfo (RoleInfo.java:updateAndGet(143)) - 0f256f10-8056-416e-a2a4-dd085f6c7864: start LeaderElection
2019-10-17 06:30:45,600 [2f64f904-2283-4e96-b4e2-6c9018f13084@group-9ED9FEE0098D-LeaderElection26] INFO  impl.LeaderElection (LeaderElection.java:logAndReturn(56)) - 2f64f904-2283-4e96-b4e2-6c9018f13084@group-9ED9FEE0098D-LeaderElection26: Election PASSED; received 1 response(s) [2f64f904-2283-4e96-b4e2-6c9018f13084<-0f256f10-8056-416e-a2a4-dd085f6c7864#0:OK-t1] and 0 exception(s); 2f64f904-2283-4e96-b4e2-6c9018f13084@group-9ED9FEE0098D:t1, leader=null, voted=2f64f904-2283-4e96-b4e2-6c9018f13084, raftlog=2f64f904-2283-4e96-b4e2-6c9018f13084@group-9ED9FEE0098D-SegmentedRaftLog:OPENED:c-1,f-1,i0, conf=-1: [2f64f904-2283-4e96-b4e2-6c9018f13084:192.168.34.62:40373, 0f256f10-8056-416e-a2a4-dd085f6c7864:192.168.34.62:35674, 07fb1a7b-fe02-4a56-ac24-3020e88d4db0:192.168.34.62:46434], old=null
2019-10-17 06:30:45,601 [2f64f904-2283-4e96-b4e2-6c9018f13084@group-9ED9FEE0098D-LeaderElection26] INFO  impl.RoleInfo (RoleInfo.java:shutdownLeaderElection(134)) - 2f64f904-2283-4e96-b4e2-6c9018f13084: shutdown LeaderElection
2019-10-17 06:30:45,601 [2f64f904-2283-4e96-b4e2-6c9018f13084@group-9ED9FEE0098D-LeaderElection26] INFO  impl.RaftServerImpl (RaftServerImpl.java:setRole(184)) - 2f64f904-2283-4e96-b4e2-6c9018f13084@group-9ED9FEE0098D: changes role from CANDIDATE to LEADER at term 1 for changeToLeader
2019-10-17 06:30:45,601 [2f64f904-2283-4e96-b4e2-6c9018f13084@group-9ED9FEE0098D-LeaderElection26] INFO  ratis.XceiverServerRatis (XceiverServerRatis.java:handleLeaderChangedNotification(699)) - Leader change notification received for group: group-9ED9FEE0098D with new leaderId: 2f64f904-2283-4e96-b4e2-6c9018f13084
2019-10-17 06:30:45,601 [2f64f904-2283-4e96-b4e2-6c9018f13084@group-9ED9FEE0098D-LeaderElection26] INFO  impl.RaftServerImpl (ServerState.java:setLeader(256)) - 2f64f904-2283-4e96-b4e2-6c9018f13084@group-9ED9FEE0098D: change Leader from null to 2f64f904-2283-4e96-b4e2-6c9018f13084 at term 1 for becomeLeader, leader elected after 118ms
2019-10-17 06:30:45,602 [2f64f904-2283-4e96-b4e2-6c9018f13084@group-9ED9FEE0098D-LeaderElection26] INFO  server.RaftServerConfigKeys (ConfUtils.java:logGet(43)) - raft.server.staging.catchup.gap = 1000 (default)
2019-10-17 06:30:45,602 [2f64f904-2283-4e96-b4e2-6c9018f13084@group-9ED9FEE0098D-LeaderElection26] INFO  server.RaftServerConfigKeys (ConfUtils.java:logGet(43)) - raft.server.rpc.sleep.time = 25ms (default)
2019-10-17 06:30:45,602 [2f64f904-2283-4e96-b4e2-6c9018f13084@group-9ED9FEE0098D-LeaderElection26] INFO  server.RaftServerConfigKeys (ConfUtils.java:logGet(43)) - raft.server.write.element-limit = 4096 (default)
2019-10-17 06:30:45,602 [2f64f904-2283-4e96-b4e2-6c9018f13084@group-9ED9FEE0098D-LeaderElection26] INFO  server.RaftServerConfigKeys (ConfUtils.java:logGet(43)) - raft.server.watch.timeout = 10s (default)
2019-10-17 06:30:45,602 [2f64f904-2283-4e96-b4e2-6c9018f13084@group-9ED9FEE0098D-LeaderElection26] INFO  server.RaftServerConfigKeys (ConfUtils.java:logGet(43)) - raft.server.watch.timeout.denomination = 1s (default)
2019-10-17 06:30:45,602 [2f64f904-2283-4e96-b4e2-6c9018f13084@group-9ED9FEE0098D-LeaderElection26] INFO  server.RaftServerConfigKeys (ConfUtils.java:logGet(43)) - raft.server.watch.element-limit = 65536 (default)
2019-10-17 06:30:45,603 [EventQueue-PipelineReportForPipelineReportHandler] INFO  pipeline.PipelineReportHandler (PipelineReportHandler.java:processPipelineReport(119)) - Pipeline PipelineID=0b0409e3-bfdd-4515-8bec-9ed9fee0098d reported by 2f64f904-2283-4e96-b4e2-6c9018f13084{ip: 192.168.34.62, host: pr-hdds-1868-lzclr-202649289, networkLocation: /rack1, certSerialId: null} with leaderId 2f64f904-2283-4e96-b4e2-6c9018f13084
2019-10-17 06:30:45,607 [2f64f904-2283-4e96-b4e2-6c9018f13084@group-9ED9FEE0098D-LeaderElection26] INFO  server.RaftServerConfigKeys (ConfUtils.java:logGet(43)) - raft.server.log.appender.snapshot.chunk.size.max = 16MB (=16777216) (default)
2019-10-17 06:30:45,607 [2f64f904-2283-4e96-b4e2-6c9018f13084@group-9ED9FEE0098D-LeaderElection26] INFO  server.RaftServerConfigKeys (ConfUtils.java:logGet(43)) - raft.server.log.appender.buffer.byte-limit = 33554432 (custom)
2019-10-17 06:30:45,607 [2f64f904-2283-4e96-b4e2-6c9018f13084@group-9ED9FEE0098D-LeaderElection26] INFO  server.RaftServerConfigKeys (ConfUtils.java:logGet(43)) - raft.server.log.appender.buffer.element-limit = 1 (custom)
2019-10-17 06:30:45,607 [2f64f904-2283-4e96-b4e2-6c9018f13084@group-9ED9FEE0098D-LeaderElection26] INFO  grpc.GrpcConfigKeys$Server (ConfUtils.java:logGet(43)) - raft.grpc.server.leader.outstanding.appends.max = 128 (default)
2019-10-17 06:30:45,607 [2f64f904-2283-4e96-b4e2-6c9018f13084@group-9ED9FEE0098D-LeaderElection26] INFO  server.RaftServerConfigKeys (ConfUtils.java:logGet(43)) - raft.server.rpc.request.timeout = 3000ms (default)
2019-10-17 06:30:45,607 [2f64f904-2283-4e96-b4e2-6c9018f13084@group-9ED9FEE0098D-LeaderElection26] INFO  server.RaftServerConfigKeys (ConfUtils.java:logGet(43)) - raft.server.log.appender.install.snapshot.enabled = false (custom)
2019-10-17 06:30:45,609 [2f64f904-2283-4e96-b4e2-6c9018f13084@group-9ED9FEE0098D-LeaderElection26] INFO  server.RaftServerConfigKeys (ConfUtils.java:logGet(43)) - raft.server.log.appender.snapshot.chunk.size.max = 16MB (=16777216) (default)
2019-10-17 06:30:45,609 [2f64f904-2283-4e96-b4e2-6c9018f13084@group-9ED9FEE0098D-LeaderElection26] INFO  server.RaftServerConfigKeys (ConfUtils.java:logGet(43)) - raft.server.log.appender.buffer.byte-limit = 33554432 (custom)
2019-10-17 06:30:45,609 [2f64f904-2283-4e96-b4e2-6c9018f13084@group-9ED9FEE0098D-LeaderElection26] INFO  server.RaftServerConfigKeys (ConfUtils.java:logGet(43)) - raft.server.log.appender.buffer.element-limit = 1 (custom)
2019-10-17 06:30:45,609 [2f64f904-2283-4e96-b4e2-6c9018f13084@group-9ED9FEE0098D-LeaderElection26] INFO  grpc.GrpcConfigKeys$Server (ConfUtils.java:logGet(43)) - raft.grpc.server.leader.outstanding.appends.max = 128 (default)
2019-10-17 06:30:45,609 [2f64f904-2283-4e96-b4e2-6c9018f13084@group-9ED9FEE0098D-LeaderElection26] INFO  server.RaftServerConfigKeys (ConfUtils.java:logGet(43)) - raft.server.rpc.request.timeout = 3000ms (default)
2019-10-17 06:30:45,609 [2f64f904-2283-4e96-b4e2-6c9018f13084@group-9ED9FEE0098D-LeaderElection26] INFO  server.RaftServerConfigKeys (ConfUtils.java:logGet(43)) - raft.server.log.appender.install.snapshot.enabled = false (custom)
2019-10-17 06:30:45,610 [2f64f904-2283-4e96-b4e2-6c9018f13084@group-9ED9FEE0098D-LeaderElection26] INFO  impl.RoleInfo (RoleInfo.java:updateAndGet(143)) - 2f64f904-2283-4e96-b4e2-6c9018f13084: start LeaderState
2019-10-17 06:30:45,611 [2f64f904-2283-4e96-b4e2-6c9018f13084@group-9ED9FEE0098D-LeaderElection26] INFO  segmented.SegmentedRaftLogWorker (SegmentedRaftLogWorker.java:startLogSegment(385)) - 2f64f904-2283-4e96-b4e2-6c9018f13084@group-9ED9FEE0098D-SegmentedRaftLogWorker: Starting segment from index:0
2019-10-17 06:30:45,611 [2f64f904-2283-4e96-b4e2-6c9018f13084@group-9ED9FEE0098D-LeaderElection26] INFO  impl.RaftServerImpl (ServerState.java:setRaftConf(357)) - 2f64f904-2283-4e96-b4e2-6c9018f13084@group-9ED9FEE0098D: set configuration 0: [2f64f904-2283-4e96-b4e2-6c9018f13084:192.168.34.62:40373, 0f256f10-8056-416e-a2a4-dd085f6c7864:192.168.34.62:35674, 07fb1a7b-fe02-4a56-ac24-3020e88d4db0:192.168.34.62:46434], old=null at 0
2019-10-17 06:30:45,614 [grpc-default-executor-6] INFO  ratis.XceiverServerRatis (XceiverServerRatis.java:handleLeaderChangedNotification(699)) - Leader change notification received for group: group-9ED9FEE0098D with new leaderId: 2f64f904-2283-4e96-b4e2-6c9018f13084
2019-10-17 06:30:45,614 [grpc-default-executor-6] INFO  impl.RaftServerImpl (ServerState.java:setLeader(256)) - 07fb1a7b-fe02-4a56-ac24-3020e88d4db0@group-9ED9FEE0098D: change Leader from null to 2f64f904-2283-4e96-b4e2-6c9018f13084 at term 1 for appendEntries, leader elected after 130ms
2019-10-17 06:30:45,618 [EventQueue-PipelineReportForPipelineReportHandler] INFO  pipeline.PipelineReportHandler (PipelineReportHandler.java:processPipelineReport(119)) - Pipeline PipelineID=0b0409e3-bfdd-4515-8bec-9ed9fee0098d reported by 07fb1a7b-fe02-4a56-ac24-3020e88d4db0{ip: 192.168.34.62, host: pr-hdds-1868-lzclr-202649289, networkLocation: /rack1, certSerialId: null} with leaderId 2f64f904-2283-4e96-b4e2-6c9018f13084
2019-10-17 06:30:45,626 [grpc-default-executor-6] INFO  impl.RaftServerImpl (ServerState.java:setRaftConf(357)) - 07fb1a7b-fe02-4a56-ac24-3020e88d4db0@group-9ED9FEE0098D: set configuration 0: [2f64f904-2283-4e96-b4e2-6c9018f13084:192.168.34.62:40373, 0f256f10-8056-416e-a2a4-dd085f6c7864:192.168.34.62:35674, 07fb1a7b-fe02-4a56-ac24-3020e88d4db0:192.168.34.62:46434], old=null at 0
2019-10-17 06:30:45,626 [grpc-default-executor-6] INFO  segmented.SegmentedRaftLogWorker (SegmentedRaftLogWorker.java:startLogSegment(385)) - 07fb1a7b-fe02-4a56-ac24-3020e88d4db0@group-9ED9FEE0098D-SegmentedRaftLogWorker: Starting segment from index:0
2019-10-17 06:30:45,628 [Thread-1202] INFO  ozone.MiniOzoneClusterImpl (MiniOzoneClusterImpl.java:lambda$waitForClusterToBeReady$2(164)) - Waiting for 1 number of pipelines out of 4, to report a leader.
2019-10-17 06:30:45,645 [0f256f10-8056-416e-a2a4-dd085f6c7864@group-9ED9FEE0098D-LeaderElection27] INFO  impl.LeaderElection (LeaderElection.java:askForVotes(178)) - 0f256f10-8056-416e-a2a4-dd085f6c7864@group-9ED9FEE0098D-LeaderElection27: begin an election at term 2 for -1: [2f64f904-2283-4e96-b4e2-6c9018f13084:192.168.34.62:40373, 0f256f10-8056-416e-a2a4-dd085f6c7864:192.168.34.62:35674, 07fb1a7b-fe02-4a56-ac24-3020e88d4db0:192.168.34.62:46434], old=null
2019-10-17 06:30:45,654 [Thread-1504] INFO  impl.RaftServerImpl (ServerState.java:setLeader(256)) - 2f64f904-2283-4e96-b4e2-6c9018f13084@group-9ED9FEE0098D: change Leader from 2f64f904-2283-4e96-b4e2-6c9018f13084 to null at term 2 for updateCurrentTerm
2019-10-17 06:30:45,654 [Thread-1504] INFO  impl.RaftServerImpl (RaftServerImpl.java:setRole(184)) - 2f64f904-2283-4e96-b4e2-6c9018f13084@group-9ED9FEE0098D: changes role from    LEADER to FOLLOWER at term 2 for stepDown
2019-10-17 06:30:45,655 [Thread-1504] INFO  impl.RoleInfo (RoleInfo.java:shutdownLeaderState(104)) - 2f64f904-2283-4e96-b4e2-6c9018f13084: shutdown LeaderState
2019-10-17 06:30:45,656 [org.apache.ratis.server.impl.LogAppender$AppenderDaemon$$Lambda$562/1004315470@3b631f2f] WARN  server.GrpcLogAppender (GrpcLogAppender.java:mayWait(149)) - 2f64f904-2283-4e96-b4e2-6c9018f13084@group-9ED9FEE0098D->07fb1a7b-fe02-4a56-ac24-3020e88d4db0-GrpcLogAppender: Wait interrupted by java.lang.InterruptedException
2019-10-17 06:30:45,656 [org.apache.ratis.server.impl.LogAppender$AppenderDaemon$$Lambda$562/1004315470@aa351cd] WARN  server.GrpcLogAppender (GrpcLogAppender.java:mayWait(149)) - 2f64f904-2283-4e96-b4e2-6c9018f13084@group-9ED9FEE0098D->0f256f10-8056-416e-a2a4-dd085f6c7864-GrpcLogAppender: Wait interrupted by java.lang.InterruptedException
2019-10-17 06:30:45,657 [Thread-1504] INFO  impl.PendingRequests (PendingRequests.java:sendNotLeaderResponses(202)) - 2f64f904-2283-4e96-b4e2-6c9018f13084@group-9ED9FEE0098D-PendingRequests: sendNotLeaderResponses
2019-10-17 06:30:45,657 [Thread-1504] INFO  impl.RoleInfo (RoleInfo.java:updateAndGet(143)) - 2f64f904-2283-4e96-b4e2-6c9018f13084: start FollowerState
2019-10-17 06:30:45,657 [grpc-default-executor-6] INFO  server.GrpcServerProtocolService (GrpcServerProtocolService.java:onCompleted(113)) - 0f256f10-8056-416e-a2a4-dd085f6c7864: Completed APPEND_ENTRIES, lastRequest: 2f64f904-2283-4e96-b4e2-6c9018f13084->0f256f10-8056-416e-a2a4-dd085f6c7864#0-t1, previous=(t:0, i:0), leaderCommit=-1, initializing? false, entries: <empty>
2019-10-17 06:30:45,658 [grpc-default-executor-6] INFO  server.GrpcLogAppender (GrpcLogAppender.java:onCompleted(308)) - 2f64f904-2283-4e96-b4e2-6c9018f13084@group-9ED9FEE0098D->0f256f10-8056-416e-a2a4-dd085f6c7864-AppendLogResponseHandler: follower responses appendEntries COMPLETED
2019-10-17 06:30:45,659 [grpc-default-executor-5] INFO  server.GrpcServerProtocolService (GrpcServerProtocolService.java:onCompleted(113)) - 07fb1a7b-fe02-4a56-ac24-3020e88d4db0: Completed APPEND_ENTRIES, lastRequest: 2f64f904-2283-4e96-b4e2-6c9018f13084->07fb1a7b-fe02-4a56-ac24-3020e88d4db0#1-t1, previous=(t:0, i:0), leaderCommit=-1, initializing? false, entries: size=1, first=(t:1, i:0), CONFIGURATIONENTRY
2019-10-17 06:30:45,660 [grpc-default-executor-6] INFO  impl.FollowerInfo (FollowerInfo.java:lambda$new$0(51)) - 2f64f904-2283-4e96-b4e2-6c9018f13084@group-9ED9FEE0098D->0f256f10-8056-416e-a2a4-dd085f6c7864: nextIndex: updateUnconditionally 0 -> 0
2019-10-17 06:30:45,660 [grpc-default-executor-1] INFO  impl.RaftServerImpl (ServerState.java:setLeader(256)) - 07fb1a7b-fe02-4a56-ac24-3020e88d4db0@group-9ED9FEE0098D: change Leader from 2f64f904-2283-4e96-b4e2-6c9018f13084 to null at term 2 for updateCurrentTerm
2019-10-17 06:30:45,660 [grpc-default-executor-2] INFO  server.GrpcLogAppender (GrpcLogAppender.java:onCompleted(308)) - 2f64f904-2283-4e96-b4e2-6c9018f13084@group-9ED9FEE0098D->07fb1a7b-fe02-4a56-ac24-3020e88d4db0-AppendLogResponseHandler: follower responses appendEntries COMPLETED
2019-10-17 06:30:45,660 [grpc-default-executor-1] INFO  impl.RaftServerImpl (RaftServerImpl.java:setRole(184)) - 07fb1a7b-fe02-4a56-ac24-3020e88d4db0@group-9ED9FEE0098D: changes role from  FOLLOWER to FOLLOWER at term 2 for recognizeCandidate:0f256f10-8056-416e-a2a4-dd085f6c7864
2019-10-17 06:30:45,661 [grpc-default-executor-1] INFO  impl.RoleInfo (RoleInfo.java:shutdownFollowerState(121)) - 07fb1a7b-fe02-4a56-ac24-3020e88d4db0: shutdown FollowerState
2019-10-17 06:30:45,661 [grpc-default-executor-1] INFO  impl.RoleInfo (RoleInfo.java:updateAndGet(143)) - 07fb1a7b-fe02-4a56-ac24-3020e88d4db0: start FollowerState
2019-10-17 06:30:45,661 [Thread-1501] INFO  impl.FollowerState (FollowerState.java:run(117)) - 07fb1a7b-fe02-4a56-ac24-3020e88d4db0@group-9ED9FEE0098D-FollowerState was interrupted: java.lang.InterruptedException: sleep interrupted
2019-10-17 06:30:45,661 [grpc-default-executor-2] INFO  impl.FollowerInfo (FollowerInfo.java:lambda$new$0(51)) - 2f64f904-2283-4e96-b4e2-6c9018f13084@group-9ED9FEE0098D->07fb1a7b-fe02-4a56-ac24-3020e88d4db0: nextIndex: updateUnconditionally 1 -> 0
2019-10-17 06:30:45,671 [07fb1a7b-fe02-4a56-ac24-3020e88d4db0@group-9ED9FEE0098D-SegmentedRaftLogWorker] INFO  segmented.SegmentedRaftLogWorker (SegmentedRaftLogWorker.java:execute(576)) - 07fb1a7b-fe02-4a56-ac24-3020e88d4db0@group-9ED9FEE0098D-SegmentedRaftLogWorker: created new log segment /workdir/hadoop-ozone/integration-test/target/test-dir/MiniOzoneClusterImpl-c6a2a26f-5c7a-4fdf-95bb-7d3ef4a0bc37/datanode-2/data/ratis/0b0409e3-bfdd-4515-8bec-9ed9fee0098d/current/log_inprogress_0
2019-10-17 06:30:45,671 [2f64f904-2283-4e96-b4e2-6c9018f13084@group-9ED9FEE0098D-SegmentedRaftLogWorker] INFO  segmented.SegmentedRaftLogWorker (SegmentedRaftLogWorker.java:execute(576)) - 2f64f904-2283-4e96-b4e2-6c9018f13084@group-9ED9FEE0098D-SegmentedRaftLogWorker: created new log segment /workdir/hadoop-ozone/integration-test/target/test-dir/MiniOzoneClusterImpl-c6a2a26f-5c7a-4fdf-95bb-7d3ef4a0bc37/datanode-1/data/ratis/0b0409e3-bfdd-4515-8bec-9ed9fee0098d/current/log_inprogress_0
2019-10-17 06:30:45,708 [grpc-default-executor-5] INFO  impl.RaftServerImpl (RaftServerImpl.java:setRole(184)) - 2f64f904-2283-4e96-b4e2-6c9018f13084@group-9ED9FEE0098D: changes role from  FOLLOWER to FOLLOWER at term 2 for recognizeCandidate:0f256f10-8056-416e-a2a4-dd085f6c7864
2019-10-17 06:30:45,709 [grpc-default-executor-5] INFO  impl.RoleInfo (RoleInfo.java:shutdownFollowerState(121)) - 2f64f904-2283-4e96-b4e2-6c9018f13084: shutdown FollowerState
2019-10-17 06:30:45,709 [grpc-default-executor-5] INFO  impl.RoleInfo (RoleInfo.java:updateAndGet(143)) - 2f64f904-2283-4e96-b4e2-6c9018f13084: start FollowerState
2019-10-17 06:30:45,709 [Thread-1512] INFO  impl.FollowerState (FollowerState.java:run(117)) - 2f64f904-2283-4e96-b4e2-6c9018f13084@group-9ED9FEE0098D-FollowerState was interrupted: java.lang.InterruptedException: sleep interrupted
2019-10-17 06:30:45,712 [0f256f10-8056-416e-a2a4-dd085f6c7864@group-9ED9FEE0098D-LeaderElection27] INFO  impl.LeaderElection (LeaderElection.java:logAndReturn(56)) - 0f256f10-8056-416e-a2a4-dd085f6c7864@group-9ED9FEE0098D-LeaderElection27: Election REJECTED; received 2 response(s) [0f256f10-8056-416e-a2a4-dd085f6c7864<-2f64f904-2283-4e96-b4e2-6c9018f13084#0:FAIL-t2, 0f256f10-8056-416e-a2a4-dd085f6c7864<-07fb1a7b-fe02-4a56-ac24-3020e88d4db0#0:FAIL-t2] and 0 exception(s); 0f256f10-8056-416e-a2a4-dd085f6c7864@group-9ED9FEE0098D:t2, leader=null, voted=0f256f10-8056-416e-a2a4-dd085f6c7864, raftlog=0f256f10-8056-416e-a2a4-dd085f6c7864@group-9ED9FEE0098D-SegmentedRaftLog:OPENED:c-1,f-1,i0, conf=-1: [2f64f904-2283-4e96-b4e2-6c9018f13084:192.168.34.62:40373, 0f256f10-8056-416e-a2a4-dd085f6c7864:192.168.34.62:35674, 07fb1a7b-fe02-4a56-ac24-3020e88d4db0:192.168.34.62:46434], old=null
2019-10-17 06:30:45,712 [0f256f10-8056-416e-a2a4-dd085f6c7864@group-9ED9FEE0098D-LeaderElection27] INFO  impl.RaftServerImpl (RaftServerImpl.java:setRole(184)) - 0f256f10-8056-416e-a2a4-dd085f6c7864@group-9ED9FEE0098D: changes role from CANDIDATE to FOLLOWER at term 2 for DISCOVERED_A_NEW_TERM
2019-10-17 06:30:45,712 [0f256f10-8056-416e-a2a4-dd085f6c7864@group-9ED9FEE0098D-LeaderElection27] INFO  impl.RoleInfo (RoleInfo.java:shutdownLeaderElection(134)) - 0f256f10-8056-416e-a2a4-dd085f6c7864: shutdown LeaderElection
2019-10-17 06:30:45,712 [0f256f10-8056-416e-a2a4-dd085f6c7864@group-9ED9FEE0098D-LeaderElection27] INFO  impl.RoleInfo (RoleInfo.java:updateAndGet(143)) - 0f256f10-8056-416e-a2a4-dd085f6c7864: start FollowerState
2019-10-17 06:30:45,788 [Thread-1516] INFO  impl.FollowerState (FollowerState.java:run(108)) - 0f256f10-8056-416e-a2a4-dd085f6c7864@group-9ED9FEE0098D-FollowerState: change to CANDIDATE, lastRpcTime:76ms, electionTimeout:76ms
2019-10-17 06:30:45,790 [Thread-1516] INFO  impl.RoleInfo (RoleInfo.java:shutdownFollowerState(121)) - 0f256f10-8056-416e-a2a4-dd085f6c7864: shutdown FollowerState
2019-10-17 06:30:45,790 [Thread-1516] INFO  impl.RaftServerImpl (RaftServerImpl.java:setRole(184)) - 0f256f10-8056-416e-a2a4-dd085f6c7864@group-9ED9FEE0098D: changes role from  FOLLOWER to CANDIDATE at term 2 for changeToCandidate
2019-10-17 06:30:45,790 [Thread-1516] INFO  impl.RoleInfo (RoleInfo.java:updateAndGet(143)) - 0f256f10-8056-416e-a2a4-dd085f6c7864: start LeaderElection
2019-10-17 06:30:45,808 [0f256f10-8056-416e-a2a4-dd085f6c7864@group-9ED9FEE0098D-LeaderElection28] INFO  impl.LeaderElection (LeaderElection.java:askForVotes(178)) - 0f256f10-8056-416e-a2a4-dd085f6c7864@group-9ED9FEE0098D-LeaderElection28: begin an election at term 3 for -1: [2f64f904-2283-4e96-b4e2-6c9018f13084:192.168.34.62:40373, 0f256f10-8056-416e-a2a4-dd085f6c7864:192.168.34.62:35674, 07fb1a7b-fe02-4a56-ac24-3020e88d4db0:192.168.34.62:46434], old=null
2019-10-17 06:30:45,810 [grpc-default-executor-1] INFO  impl.RaftServerImpl (RaftServerImpl.java:setRole(184)) - 07fb1a7b-fe02-4a56-ac24-3020e88d4db0@group-9ED9FEE0098D: changes role from  FOLLOWER to FOLLOWER at term 3 for recognizeCandidate:0f256f10-8056-416e-a2a4-dd085f6c7864
2019-10-17 06:30:45,811 [grpc-default-executor-1] INFO  impl.RoleInfo (RoleInfo.java:shutdownFollowerState(121)) - 07fb1a7b-fe02-4a56-ac24-3020e88d4db0: shutdown FollowerState
2019-10-17 06:30:45,811 [grpc-default-executor-1] INFO  impl.RoleInfo (RoleInfo.java:updateAndGet(143)) - 07fb1a7b-fe02-4a56-ac24-3020e88d4db0: start FollowerState
2019-10-17 06:30:45,811 [Thread-1513] INFO  impl.FollowerState (FollowerState.java:run(117)) - 07fb1a7b-fe02-4a56-ac24-3020e88d4db0@group-9ED9FEE0098D-FollowerState was interrupted: java.lang.InterruptedException: sleep interrupted
2019-10-17 06:30:45,811 [grpc-default-executor-5] INFO  impl.RaftServerImpl (RaftServerImpl.java:setRole(184)) - 2f64f904-2283-4e96-b4e2-6c9018f13084@group-9ED9FEE0098D: changes role from  FOLLOWER to FOLLOWER at term 3 for recognizeCandidate:0f256f10-8056-416e-a2a4-dd085f6c7864
2019-10-17 06:30:45,811 [grpc-default-executor-5] INFO  impl.RoleInfo (RoleInfo.java:shutdownFollowerState(121)) - 2f64f904-2283-4e96-b4e2-6c9018f13084: shutdown FollowerState
2019-10-17 06:30:45,811 [grpc-default-executor-5] INFO  impl.RoleInfo (RoleInfo.java:updateAndGet(143)) - 2f64f904-2283-4e96-b4e2-6c9018f13084: start FollowerState
2019-10-17 06:30:45,811 [Thread-1515] INFO  impl.FollowerState (FollowerState.java:run(117)) - 2f64f904-2283-4e96-b4e2-6c9018f13084@group-9ED9FEE0098D-FollowerState was interrupted: java.lang.InterruptedException: sleep interrupted
2019-10-17 06:30:45,837 [0f256f10-8056-416e-a2a4-dd085f6c7864@group-9ED9FEE0098D-LeaderElection28] INFO  impl.LeaderElection (LeaderElection.java:logAndReturn(56)) - 0f256f10-8056-416e-a2a4-dd085f6c7864@group-9ED9FEE0098D-LeaderElection28: Election REJECTED; received 2 response(s) [0f256f10-8056-416e-a2a4-dd085f6c7864<-2f64f904-2283-4e96-b4e2-6c9018f13084#0:FAIL-t3, 0f256f10-8056-416e-a2a4-dd085f6c7864<-07fb1a7b-fe02-4a56-ac24-3020e88d4db0#0:FAIL-t3] and 0 exception(s); 0f256f10-8056-416e-a2a4-dd085f6c7864@group-9ED9FEE0098D:t3, leader=null, voted=0f256f10-8056-416e-a2a4-dd085f6c7864, raftlog=0f256f10-8056-416e-a2a4-dd085f6c7864@group-9ED9FEE0098D-SegmentedRaftLog:OPENED:c-1,f-1,i0, conf=-1: [2f64f904-2283-4e96-b4e2-6c9018f13084:192.168.34.62:40373, 0f256f10-8056-416e-a2a4-dd085f6c7864:192.168.34.62:35674, 07fb1a7b-fe02-4a56-ac24-3020e88d4db0:192.168.34.62:46434], old=null
2019-10-17 06:30:45,837 [0f256f10-8056-416e-a2a4-dd085f6c7864@group-9ED9FEE0098D-LeaderElection28] INFO  impl.RaftServerImpl (RaftServerImpl.java:setRole(184)) - 0f256f10-8056-416e-a2a4-dd085f6c7864@group-9ED9FEE0098D: changes role from CANDIDATE to FOLLOWER at term 3 for DISCOVERED_A_NEW_TERM
2019-10-17 06:30:45,837 [0f256f10-8056-416e-a2a4-dd085f6c7864@group-9ED9FEE0098D-LeaderElection28] INFO  impl.RoleInfo (RoleInfo.java:shutdownLeaderElection(134)) - 0f256f10-8056-416e-a2a4-dd085f6c7864: shutdown LeaderElection
2019-10-17 06:30:45,837 [0f256f10-8056-416e-a2a4-dd085f6c7864@group-9ED9FEE0098D-LeaderElection28] INFO  impl.RoleInfo (RoleInfo.java:updateAndGet(143)) - 0f256f10-8056-416e-a2a4-dd085f6c7864: start FollowerState
2019-10-17 06:30:46,019 [Thread-1522] INFO  impl.FollowerState (FollowerState.java:run(108)) - 0f256f10-8056-416e-a2a4-dd085f6c7864@group-9ED9FEE0098D-FollowerState: change to CANDIDATE, lastRpcTime:181ms, electionTimeout:181ms
2019-10-17 06:30:46,020 [Thread-1522] INFO  impl.RoleInfo (RoleInfo.java:shutdownFollowerState(121)) - 0f256f10-8056-416e-a2a4-dd085f6c7864: shutdown FollowerState
2019-10-17 06:30:46,020 [Thread-1522] INFO  impl.RaftServerImpl (RaftServerImpl.java:setRole(184)) - 0f256f10-8056-416e-a2a4-dd085f6c7864@group-9ED9FEE0098D: changes role from  FOLLOWER to CANDIDATE at term 3 for changeToCandidate
2019-10-17 06:30:46,020 [Thread-1522] INFO  impl.RoleInfo (RoleInfo.java:updateAndGet(143)) - 0f256f10-8056-416e-a2a4-dd085f6c7864: start LeaderElection
2019-10-17 06:30:46,035 [0f256f10-8056-416e-a2a4-dd085f6c7864@group-9ED9FEE0098D-LeaderElection29] INFO  impl.LeaderElection (LeaderElection.java:askForVotes(178)) - 0f256f10-8056-416e-a2a4-dd085f6c7864@group-9ED9FEE0098D-LeaderElection29: begin an election at term 4 for -1: [2f64f904-2283-4e96-b4e2-6c9018f13084:192.168.34.62:40373, 0f256f10-8056-416e-a2a4-dd085f6c7864:192.168.34.62:35674, 07fb1a7b-fe02-4a56-ac24-3020e88d4db0:192.168.34.62:46434], old=null
2019-10-17 06:30:46,038 [grpc-default-executor-1] INFO  impl.RaftServerImpl (RaftServerImpl.java:setRole(184)) - 2f64f904-2283-4e96-b4e2-6c9018f13084@group-9ED9FEE0098D: changes role from  FOLLOWER to FOLLOWER at term 4 for recognizeCandidate:0f256f10-8056-416e-a2a4-dd085f6c7864
2019-10-17 06:30:46,038 [grpc-default-executor-1] INFO  impl.RoleInfo (RoleInfo.java:shutdownFollowerState(121)) - 2f64f904-2283-4e96-b4e2-6c9018f13084: shutdown FollowerState
2019-10-17 06:30:46,038 [grpc-default-executor-5] INFO  impl.RaftServerImpl (RaftServerImpl.java:setRole(184)) - 07fb1a7b-fe02-4a56-ac24-3020e88d4db0@group-9ED9FEE0098D: changes role from  FOLLOWER to FOLLOWER at term 4 for recognizeCandidate:0f256f10-8056-416e-a2a4-dd085f6c7864
2019-10-17 06:30:46,038 [Thread-1521] INFO  impl.FollowerState (FollowerState.java:run(117)) - 2f64f904-2283-4e96-b4e2-6c9018f13084@group-9ED9FEE0098D-FollowerState was interrupted: java.lang.InterruptedException: sleep interrupted
2019-10-17 06:30:46,038 [grpc-default-executor-1] INFO  impl.RoleInfo (RoleInfo.java:updateAndGet(143)) - 2f64f904-2283-4e96-b4e2-6c9018f13084: start FollowerState
2019-10-17 06:30:46,038 [grpc-default-executor-5] INFO  impl.RoleInfo (RoleInfo.java:shutdownFollowerState(121)) - 07fb1a7b-fe02-4a56-ac24-3020e88d4db0: shutdown FollowerState
2019-10-17 06:30:46,039 [Thread-1520] INFO  impl.FollowerState (FollowerState.java:run(117)) - 07fb1a7b-fe02-4a56-ac24-3020e88d4db0@group-9ED9FEE0098D-FollowerState was interrupted: java.lang.InterruptedException: sleep interrupted
2019-10-17 06:30:46,039 [grpc-default-executor-5] INFO  impl.RoleInfo (RoleInfo.java:updateAndGet(143)) - 07fb1a7b-fe02-4a56-ac24-3020e88d4db0: start FollowerState
2019-10-17 06:30:46,055 [0f256f10-8056-416e-a2a4-dd085f6c7864@group-9ED9FEE0098D-LeaderElection29] INFO  impl.LeaderElection (LeaderElection.java:logAndReturn(56)) - 0f256f10-8056-416e-a2a4-dd085f6c7864@group-9ED9FEE0098D-LeaderElection29: Election REJECTED; received 2 response(s) [0f256f10-8056-416e-a2a4-dd085f6c7864<-2f64f904-2283-4e96-b4e2-6c9018f13084#0:FAIL-t4, 0f256f10-8056-416e-a2a4-dd085f6c7864<-07fb1a7b-fe02-4a56-ac24-3020e88d4db0#0:FAIL-t4] and 0 exception(s); 0f256f10-8056-416e-a2a4-dd085f6c7864@group-9ED9FEE0098D:t4, leader=null, voted=0f256f10-8056-416e-a2a4-dd085f6c7864, raftlog=0f256f10-8056-416e-a2a4-dd085f6c7864@group-9ED9FEE0098D-SegmentedRaftLog:OPENED:c-1,f-1,i0, conf=-1: [2f64f904-2283-4e96-b4e2-6c9018f13084:192.168.34.62:40373, 0f256f10-8056-416e-a2a4-dd085f6c7864:192.168.34.62:35674, 07fb1a7b-fe02-4a56-ac24-3020e88d4db0:192.168.34.62:46434], old=null
2019-10-17 06:30:46,055 [0f256f10-8056-416e-a2a4-dd085f6c7864@group-9ED9FEE0098D-LeaderElection29] INFO  impl.RaftServerImpl (RaftServerImpl.java:setRole(184)) - 0f256f10-8056-416e-a2a4-dd085f6c7864@group-9ED9FEE0098D: changes role from CANDIDATE to FOLLOWER at term 4 for DISCOVERED_A_NEW_TERM
2019-10-17 06:30:46,055 [0f256f10-8056-416e-a2a4-dd085f6c7864@group-9ED9FEE0098D-LeaderElection29] INFO  impl.RoleInfo (RoleInfo.java:shutdownLeaderElection(134)) - 0f256f10-8056-416e-a2a4-dd085f6c7864: shutdown LeaderElection
2019-10-17 06:30:46,055 [0f256f10-8056-416e-a2a4-dd085f6c7864@group-9ED9FEE0098D-LeaderElection29] INFO  impl.RoleInfo (RoleInfo.java:updateAndGet(143)) - 0f256f10-8056-416e-a2a4-dd085f6c7864: start FollowerState
2019-10-17 06:30:46,157 [Thread-1528] INFO  impl.FollowerState (FollowerState.java:run(108)) - 0f256f10-8056-416e-a2a4-dd085f6c7864@group-9ED9FEE0098D-FollowerState: change to CANDIDATE, lastRpcTime:101ms, electionTimeout:101ms
2019-10-17 06:30:46,158 [Thread-1528] INFO  impl.RoleInfo (RoleInfo.java:shutdownFollowerState(121)) - 0f256f10-8056-416e-a2a4-dd085f6c7864: shutdown FollowerState
2019-10-17 06:30:46,158 [Thread-1528] INFO  impl.RaftServerImpl (RaftServerImpl.java:setRole(184)) - 0f256f10-8056-416e-a2a4-dd085f6c7864@group-9ED9FEE0098D: changes role from  FOLLOWER to CANDIDATE at term 4 for changeToCandidate
2019-10-17 06:30:46,158 [Thread-1528] INFO  impl.RoleInfo (RoleInfo.java:updateAndGet(143)) - 0f256f10-8056-416e-a2a4-dd085f6c7864: start LeaderElection
2019-10-17 06:30:46,199 [0f256f10-8056-416e-a2a4-dd085f6c7864@group-9ED9FEE0098D-LeaderElection30] INFO  impl.LeaderElection (LeaderElection.java:askForVotes(178)) - 0f256f10-8056-416e-a2a4-dd085f6c7864@group-9ED9FEE0098D-LeaderElection30: begin an election at term 5 for -1: [2f64f904-2283-4e96-b4e2-6c9018f13084:192.168.34.62:40373, 0f256f10-8056-416e-a2a4-dd085f6c7864:192.168.34.62:35674, 07fb1a7b-fe02-4a56-ac24-3020e88d4db0:192.168.34.62:46434], old=null
2019-10-17 06:30:46,203 [grpc-default-executor-5] INFO  impl.RaftServerImpl (RaftServerImpl.java:setRole(184)) - 2f64f904-2283-4e96-b4e2-6c9018f13084@group-9ED9FEE0098D: changes role from  FOLLOWER to FOLLOWER at term 5 for recognizeCandidate:0f256f10-8056-416e-a2a4-dd085f6c7864
2019-10-17 06:30:46,203 [grpc-default-executor-1] INFO  impl.RaftServerImpl (RaftServerImpl.java:setRole(184)) - 07fb1a7b-fe02-4a56-ac24-3020e88d4db0@group-9ED9FEE0098D: changes role from  FOLLOWER to FOLLOWER at term 5 for recognizeCandidate:0f256f10-8056-416e-a2a4-dd085f6c7864
2019-10-17 06:30:46,203 [grpc-default-executor-5] INFO  impl.RoleInfo (RoleInfo.java:shutdownFollowerState(121)) - 2f64f904-2283-4e96-b4e2-6c9018f13084: shutdown FollowerState
2019-10-17 06:30:46,203 [grpc-default-executor-1] INFO  impl.RoleInfo (RoleInfo.java:shutdownFollowerState(121)) - 07fb1a7b-fe02-4a56-ac24-3020e88d4db0: shutdown FollowerState
2019-10-17 06:30:46,203 [Thread-1526] INFO  impl.FollowerState (FollowerState.java:run(117)) - 2f64f904-2283-4e96-b4e2-6c9018f13084@group-9ED9FEE0098D-FollowerState was interrupted: java.lang.InterruptedException: sleep interrupted
2019-10-17 06:30:46,203 [grpc-default-executor-5] INFO  impl.RoleInfo (RoleInfo.java:updateAndGet(143)) - 2f64f904-2283-4e96-b4e2-6c9018f13084: start FollowerState
2019-10-17 06:30:46,203 [grpc-default-executor-1] INFO  impl.RoleInfo (RoleInfo.java:updateAndGet(143)) - 07fb1a7b-fe02-4a56-ac24-3020e88d4db0: start FollowerState
2019-10-17 06:30:46,203 [Thread-1527] INFO  impl.FollowerState (FollowerState.java:run(117)) - 07fb1a7b-fe02-4a56-ac24-3020e88d4db0@group-9ED9FEE0098D-FollowerState was interrupted: java.lang.InterruptedException: sleep interrupted
2019-10-17 06:30:46,262 [0f256f10-8056-416e-a2a4-dd085f6c7864@group-9ED9FEE0098D-LeaderElection30] INFO  impl.LeaderElection (LeaderElection.java:logAndReturn(56)) - 0f256f10-8056-416e-a2a4-dd085f6c7864@group-9ED9FEE0098D-LeaderElection30: Election REJECTED; received 2 response(s) [0f256f10-8056-416e-a2a4-dd085f6c7864<-2f64f904-2283-4e96-b4e2-6c9018f13084#0:FAIL-t5, 0f256f10-8056-416e-a2a4-dd085f6c7864<-07fb1a7b-fe02-4a56-ac24-3020e88d4db0#0:FAIL-t5] and 0 exception(s); 0f256f10-8056-416e-a2a4-dd085f6c7864@group-9ED9FEE0098D:t5, leader=null, voted=0f256f10-8056-416e-a2a4-dd085f6c7864, raftlog=0f256f10-8056-416e-a2a4-dd085f6c7864@group-9ED9FEE0098D-SegmentedRaftLog:OPENED:c-1,f-1,i0, conf=-1: [2f64f904-2283-4e96-b4e2-6c9018f13084:192.168.34.62:40373, 0f256f10-8056-416e-a2a4-dd085f6c7864:192.168.34.62:35674, 07fb1a7b-fe02-4a56-ac24-3020e88d4db0:192.168.34.62:46434], old=null
2019-10-17 06:30:46,262 [0f256f10-8056-416e-a2a4-dd085f6c7864@group-9ED9FEE0098D-LeaderElection30] INFO  impl.RaftServerImpl (RaftServerImpl.java:setRole(184)) - 0f256f10-8056-416e-a2a4-dd085f6c7864@group-9ED9FEE0098D: changes role from CANDIDATE to FOLLOWER at term 5 for DISCOVERED_A_NEW_TERM
2019-10-17 06:30:46,262 [0f256f10-8056-416e-a2a4-dd085f6c7864@group-9ED9FEE0098D-LeaderElection30] INFO  impl.RoleInfo (RoleInfo.java:shutdownLeaderElection(134)) - 0f256f10-8056-416e-a2a4-dd085f6c7864: shutdown LeaderElection
2019-10-17 06:30:46,262 [0f256f10-8056-416e-a2a4-dd085f6c7864@group-9ED9FEE0098D-LeaderElection30] INFO  impl.RoleInfo (RoleInfo.java:updateAndGet(143)) - 0f256f10-8056-416e-a2a4-dd085f6c7864: start FollowerState
2019-10-17 06:30:46,382 [Thread-1534] INFO  impl.FollowerState (FollowerState.java:run(108)) - 0f256f10-8056-416e-a2a4-dd085f6c7864@group-9ED9FEE0098D-FollowerState: change to CANDIDATE, lastRpcTime:119ms, electionTimeout:119ms
2019-10-17 06:30:46,384 [Thread-1534] INFO  impl.RoleInfo (RoleInfo.java:shutdownFollowerState(121)) - 0f256f10-8056-416e-a2a4-dd085f6c7864: shutdown FollowerState
2019-10-17 06:30:46,384 [Thread-1534] INFO  impl.RaftServerImpl (RaftServerImpl.java:setRole(184)) - 0f256f10-8056-416e-a2a4-dd085f6c7864@group-9ED9FEE0098D: changes role from  FOLLOWER to CANDIDATE at term 5 for changeToCandidate
2019-10-17 06:30:46,384 [Thread-1534] INFO  impl.RoleInfo (RoleInfo.java:updateAndGet(143)) - 0f256f10-8056-416e-a2a4-dd085f6c7864: start LeaderElection
2019-10-17 06:30:46,428 [0f256f10-8056-416e-a2a4-dd085f6c7864@group-9ED9FEE0098D-LeaderElection31] INFO  impl.LeaderElection (LeaderElection.java:askForVotes(178)) - 0f256f10-8056-416e-a2a4-dd085f6c7864@group-9ED9FEE0098D-LeaderElection31: begin an election at term 6 for -1: [2f64f904-2283-4e96-b4e2-6c9018f13084:192.168.34.62:40373, 0f256f10-8056-416e-a2a4-dd085f6c7864:192.168.34.62:35674, 07fb1a7b-fe02-4a56-ac24-3020e88d4db0:192.168.34.62:46434], old=null
2019-10-17 06:30:46,432 [grpc-default-executor-5] INFO  impl.RaftServerImpl (RaftServerImpl.java:setRole(184)) - 07fb1a7b-fe02-4a56-ac24-3020e88d4db0@group-9ED9FEE0098D: changes role from  FOLLOWER to FOLLOWER at term 6 for recognizeCandidate:0f256f10-8056-416e-a2a4-dd085f6c7864
2019-10-17 06:30:46,432 [grpc-default-executor-1] INFO  impl.RaftServerImpl (RaftServerImpl.java:setRole(184)) - 2f64f904-2283-4e96-b4e2-6c9018f13084@group-9ED9FEE0098D: changes role from  FOLLOWER to FOLLOWER at term 6 for recognizeCandidate:0f256f10-8056-416e-a2a4-dd085f6c7864
2019-10-17 06:30:46,432 [grpc-default-executor-5] INFO  impl.RoleInfo (RoleInfo.java:shutdownFollowerState(121)) - 07fb1a7b-fe02-4a56-ac24-3020e88d4db0: shutdown FollowerState
2019-10-17 06:30:46,433 [grpc-default-executor-1] INFO  impl.RoleInfo (RoleInfo.java:shutdownFollowerState(121)) - 2f64f904-2283-4e96-b4e2-6c9018f13084: shutdown FollowerState
2019-10-17 06:30:46,433 [Thread-1533] INFO  impl.FollowerState (FollowerState.java:run(117)) - 07fb1a7b-fe02-4a56-ac24-3020e88d4db0@group-9ED9FEE0098D-FollowerState was interrupted: java.lang.InterruptedException: sleep interrupted
2019-10-17 06:30:46,433 [grpc-default-executor-5] INFO  impl.RoleInfo (RoleInfo.java:updateAndGet(143)) - 07fb1a7b-fe02-4a56-ac24-3020e88d4db0: start FollowerState
2019-10-17 06:30:46,433 [Thread-1532] INFO  impl.FollowerState (FollowerState.java:run(117)) - 2f64f904-2283-4e96-b4e2-6c9018f13084@group-9ED9FEE0098D-FollowerState was interrupted: java.lang.InterruptedException: sleep interrupted
2019-10-17 06:30:46,433 [grpc-default-executor-1] INFO  impl.RoleInfo (RoleInfo.java:updateAndGet(143)) - 2f64f904-2283-4e96-b4e2-6c9018f13084: start FollowerState
2019-10-17 06:30:46,447 [0f256f10-8056-416e-a2a4-dd085f6c7864@group-9ED9FEE0098D-LeaderElection31] INFO  impl.LeaderElection (LeaderElection.java:logAndReturn(56)) - 0f256f10-8056-416e-a2a4-dd085f6c7864@group-9ED9FEE0098D-LeaderElection31: Election REJECTED; received 2 response(s) [0f256f10-8056-416e-a2a4-dd085f6c7864<-2f64f904-2283-4e96-b4e2-6c9018f13084#0:FAIL-t6, 0f256f10-8056-416e-a2a4-dd085f6c7864<-07fb1a7b-fe02-4a56-ac24-3020e88d4db0#0:FAIL-t6] and 0 exception(s); 0f256f10-8056-416e-a2a4-dd085f6c7864@group-9ED9FEE0098D:t6, leader=null, voted=0f256f10-8056-416e-a2a4-dd085f6c7864, raftlog=0f256f10-8056-416e-a2a4-dd085f6c7864@group-9ED9FEE0098D-SegmentedRaftLog:OPENED:c-1,f-1,i0, conf=-1: [2f64f904-2283-4e96-b4e2-6c9018f13084:192.168.34.62:40373, 0f256f10-8056-416e-a2a4-dd085f6c7864:192.168.34.62:35674, 07fb1a7b-fe02-4a56-ac24-3020e88d4db0:192.168.34.62:46434], old=null
2019-10-17 06:30:46,448 [0f256f10-8056-416e-a2a4-dd085f6c7864@group-9ED9FEE0098D-LeaderElection31] INFO  impl.RaftServerImpl (RaftServerImpl.java:setRole(184)) - 0f256f10-8056-416e-a2a4-dd085f6c7864@group-9ED9FEE0098D: changes role from CANDIDATE to FOLLOWER at term 6 for DISCOVERED_A_NEW_TERM
2019-10-17 06:30:46,448 [0f256f10-8056-416e-a2a4-dd085f6c7864@group-9ED9FEE0098D-LeaderElection31] INFO  impl.RoleInfo (RoleInfo.java:shutdownLeaderElection(134)) - 0f256f10-8056-416e-a2a4-dd085f6c7864: shutdown LeaderElection
2019-10-17 06:30:46,448 [0f256f10-8056-416e-a2a4-dd085f6c7864@group-9ED9FEE0098D-LeaderElection31] INFO  impl.RoleInfo (RoleInfo.java:updateAndGet(143)) - 0f256f10-8056-416e-a2a4-dd085f6c7864: start FollowerState
2019-10-17 06:30:46,599 [Thread-1540] INFO  impl.FollowerState (FollowerState.java:run(108)) - 0f256f10-8056-416e-a2a4-dd085f6c7864@group-9ED9FEE0098D-FollowerState: change to CANDIDATE, lastRpcTime:151ms, electionTimeout:151ms
2019-10-17 06:30:46,602 [Thread-1540] INFO  impl.RoleInfo (RoleInfo.java:shutdownFollowerState(121)) - 0f256f10-8056-416e-a2a4-dd085f6c7864: shutdown FollowerState
2019-10-17 06:30:46,602 [Thread-1540] INFO  impl.RaftServerImpl (RaftServerImpl.java:setRole(184)) - 0f256f10-8056-416e-a2a4-dd085f6c7864@group-9ED9FEE0098D: changes role from  FOLLOWER to CANDIDATE at term 6 for changeToCandidate
2019-10-17 06:30:46,602 [Thread-1540] INFO  impl.RoleInfo (RoleInfo.java:updateAndGet(143)) - 0f256f10-8056-416e-a2a4-dd085f6c7864: start LeaderElection
2019-10-17 06:30:46,628 [Thread-1202] INFO  ozone.MiniOzoneClusterImpl (MiniOzoneClusterImpl.java:lambda$waitForClusterToBeReady$2(164)) - Waiting for 1 number of pipelines out of 4, to report a leader.
2019-10-17 06:30:46,653 [0f256f10-8056-416e-a2a4-dd085f6c7864@group-9ED9FEE0098D-LeaderElection32] INFO  impl.LeaderElection (LeaderElection.java:askForVotes(178)) - 0f256f10-8056-416e-a2a4-dd085f6c7864@group-9ED9FEE0098D-LeaderElection32: begin an election at term 7 for -1: [2f64f904-2283-4e96-b4e2-6c9018f13084:192.168.34.62:40373, 0f256f10-8056-416e-a2a4-dd085f6c7864:192.168.34.62:35674, 07fb1a7b-fe02-4a56-ac24-3020e88d4db0:192.168.34.62:46434], old=null
2019-10-17 06:30:46,656 [grpc-default-executor-5] INFO  impl.RaftServerImpl (RaftServerImpl.java:setRole(184)) - 07fb1a7b-fe02-4a56-ac24-3020e88d4db0@group-9ED9FEE0098D: changes role from  FOLLOWER to FOLLOWER at term 7 for recognizeCandidate:0f256f10-8056-416e-a2a4-dd085f6c7864
2019-10-17 06:30:46,656 [grpc-default-executor-1] INFO  impl.RaftServerImpl (RaftServerImpl.java:setRole(184)) - 2f64f904-2283-4e96-b4e2-6c9018f13084@group-9ED9FEE0098D: changes role from  FOLLOWER to FOLLOWER at term 7 for recognizeCandidate:0f256f10-8056-416e-a2a4-dd085f6c7864
2019-10-17 06:30:46,656 [grpc-default-executor-5] INFO  impl.RoleInfo (RoleInfo.java:shutdownFollowerState(121)) - 07fb1a7b-fe02-4a56-ac24-3020e88d4db0: shutdown FollowerState
2019-10-17 06:30:46,657 [grpc-default-executor-1] INFO  impl.RoleInfo (RoleInfo.java:shutdownFollowerState(121)) - 2f64f904-2283-4e96-b4e2-6c9018f13084: shutdown FollowerState
2019-10-17 06:30:46,657 [Thread-1538] INFO  impl.FollowerState (FollowerState.java:run(117)) - 07fb1a7b-fe02-4a56-ac24-3020e88d4db0@group-9ED9FEE0098D-FollowerState was interrupted: java.lang.InterruptedException: sleep interrupted
2019-10-17 06:30:46,657 [grpc-default-executor-5] INFO  impl.RoleInfo (RoleInfo.java:updateAndGet(143)) - 07fb1a7b-fe02-4a56-ac24-3020e88d4db0: start FollowerState
2019-10-17 06:30:46,657 [grpc-default-executor-1] INFO  impl.RoleInfo (RoleInfo.java:updateAndGet(143)) - 2f64f904-2283-4e96-b4e2-6c9018f13084: start FollowerState
2019-10-17 06:30:46,657 [Thread-1539] INFO  impl.FollowerState (FollowerState.java:run(117)) - 2f64f904-2283-4e96-b4e2-6c9018f13084@group-9ED9FEE0098D-FollowerState was interrupted: java.lang.InterruptedException: sleep interrupted
2019-10-17 06:30:46,701 [0f256f10-8056-416e-a2a4-dd085f6c7864@group-9ED9FEE0098D-LeaderElection32] INFO  impl.LeaderElection (LeaderElection.java:logAndReturn(56)) - 0f256f10-8056-416e-a2a4-dd085f6c7864@group-9ED9FEE0098D-LeaderElection32: Election REJECTED; received 2 response(s) [0f256f10-8056-416e-a2a4-dd085f6c7864<-2f64f904-2283-4e96-b4e2-6c9018f13084#0:FAIL-t7, 0f256f10-8056-416e-a2a4-dd085f6c7864<-07fb1a7b-fe02-4a56-ac24-3020e88d4db0#0:FAIL-t7] and 0 exception(s); 0f256f10-8056-416e-a2a4-dd085f6c7864@group-9ED9FEE0098D:t7, leader=null, voted=0f256f10-8056-416e-a2a4-dd085f6c7864, raftlog=0f256f10-8056-416e-a2a4-dd085f6c7864@group-9ED9FEE0098D-SegmentedRaftLog:OPENED:c-1,f-1,i0, conf=-1: [2f64f904-2283-4e96-b4e2-6c9018f13084:192.168.34.62:40373, 0f256f10-8056-416e-a2a4-dd085f6c7864:192.168.34.62:35674, 07fb1a7b-fe02-4a56-ac24-3020e88d4db0:192.168.34.62:46434], old=null
2019-10-17 06:30:46,702 [0f256f10-8056-416e-a2a4-dd085f6c7864@group-9ED9FEE0098D-LeaderElection32] INFO  impl.RaftServerImpl (RaftServerImpl.java:setRole(184)) - 0f256f10-8056-416e-a2a4-dd085f6c7864@group-9ED9FEE0098D: changes role from CANDIDATE to FOLLOWER at term 7 for DISCOVERED_A_NEW_TERM
2019-10-17 06:30:46,702 [0f256f10-8056-416e-a2a4-dd085f6c7864@group-9ED9FEE0098D-LeaderElection32] INFO  impl.RoleInfo (RoleInfo.java:shutdownLeaderElection(134)) - 0f256f10-8056-416e-a2a4-dd085f6c7864: shutdown LeaderElection
2019-10-17 06:30:46,702 [0f256f10-8056-416e-a2a4-dd085f6c7864@group-9ED9FEE0098D-LeaderElection32] INFO  impl.RoleInfo (RoleInfo.java:updateAndGet(143)) - 0f256f10-8056-416e-a2a4-dd085f6c7864: start FollowerState
2019-10-17 06:30:46,724 [Thread-1546] INFO  impl.FollowerState (FollowerState.java:run(108)) - 0f256f10-8056-416e-a2a4-dd085f6c7864@group-9ED9FEE0098D-FollowerState: change to CANDIDATE, lastRpcTime:22ms, electionTimeout:22ms
2019-10-17 06:30:46,726 [Thread-1546] INFO  impl.RoleInfo (RoleInfo.java:shutdownFollowerState(121)) - 0f256f10-8056-416e-a2a4-dd085f6c7864: shutdown FollowerState
2019-10-17 06:30:46,726 [Thread-1546] INFO  impl.RaftServerImpl (RaftServerImpl.java:setRole(184)) - 0f256f10-8056-416e-a2a4-dd085f6c7864@group-9ED9FEE0098D: changes role from  FOLLOWER to CANDIDATE at term 7 for changeToCandidate
2019-10-17 06:30:46,726 [Thread-1546] INFO  impl.RoleInfo (RoleInfo.java:updateAndGet(143)) - 0f256f10-8056-416e-a2a4-dd085f6c7864: start LeaderElection
2019-10-17 06:30:46,777 [0f256f10-8056-416e-a2a4-dd085f6c7864@group-9ED9FEE0098D-LeaderElection33] INFO  impl.LeaderElection (LeaderElection.java:askForVotes(178)) - 0f256f10-8056-416e-a2a4-dd085f6c7864@group-9ED9FEE0098D-LeaderElection33: begin an election at term 8 for -1: [2f64f904-2283-4e96-b4e2-6c9018f13084:192.168.34.62:40373, 0f256f10-8056-416e-a2a4-dd085f6c7864:192.168.34.62:35674, 07fb1a7b-fe02-4a56-ac24-3020e88d4db0:192.168.34.62:46434], old=null
2019-10-17 06:30:46,780 [grpc-default-executor-5] INFO  impl.RaftServerImpl (RaftServerImpl.java:setRole(184)) - 2f64f904-2283-4e96-b4e2-6c9018f13084@group-9ED9FEE0098D: changes role from  FOLLOWER to FOLLOWER at term 8 for recognizeCandidate:0f256f10-8056-416e-a2a4-dd085f6c7864
2019-10-17 06:30:46,780 [grpc-default-executor-1] INFO  impl.RaftServerImpl (RaftServerImpl.java:setRole(184)) - 07fb1a7b-fe02-4a56-ac24-3020e88d4db0@group-9ED9FEE0098D: changes role from  FOLLOWER to FOLLOWER at term 8 for recognizeCandidate:0f256f10-8056-416e-a2a4-dd085f6c7864
2019-10-17 06:30:46,780 [grpc-default-executor-5] INFO  impl.RoleInfo (RoleInfo.java:shutdownFollowerState(121)) - 2f64f904-2283-4e96-b4e2-6c9018f13084: shutdown FollowerState
2019-10-17 06:30:46,781 [grpc-default-executor-1] INFO  impl.RoleInfo (RoleInfo.java:shutdownFollowerState(121)) - 07fb1a7b-fe02-4a56-ac24-3020e88d4db0: shutdown FollowerState
2019-10-17 06:30:46,781 [Thread-1545] INFO  impl.FollowerState (FollowerState.java:run(117)) - 2f64f904-2283-4e96-b4e2-6c9018f13084@group-9ED9FEE0098D-FollowerState was interrupted: java.lang.InterruptedException: sleep interrupted
2019-10-17 06:30:46,781 [grpc-default-executor-5] INFO  impl.RoleInfo (RoleInfo.java:updateAndGet(143)) - 2f64f904-2283-4e96-b4e2-6c9018f13084: start FollowerState
2019-10-17 06:30:46,781 [grpc-default-executor-1] INFO  impl.RoleInfo (RoleInfo.java:updateAndGet(143)) - 07fb1a7b-fe02-4a56-ac24-3020e88d4db0: start FollowerState
2019-10-17 06:30:46,781 [Thread-1544] INFO  impl.FollowerState (FollowerState.java:run(117)) - 07fb1a7b-fe02-4a56-ac24-3020e88d4db0@group-9ED9FEE0098D-FollowerState was interrupted: java.lang.InterruptedException: sleep interrupted
2019-10-17 06:30:46,822 [0f256f10-8056-416e-a2a4-dd085f6c7864@group-9ED9FEE0098D-LeaderElection33] INFO  impl.LeaderElection (LeaderElection.java:logAndReturn(56)) - 0f256f10-8056-416e-a2a4-dd085f6c7864@group-9ED9FEE0098D-LeaderElection33: Election REJECTED; received 2 response(s) [0f256f10-8056-416e-a2a4-dd085f6c7864<-2f64f904-2283-4e96-b4e2-6c9018f13084#0:FAIL-t8, 0f256f10-8056-416e-a2a4-dd085f6c7864<-07fb1a7b-fe02-4a56-ac24-3020e88d4db0#0:FAIL-t8] and 0 exception(s); 0f256f10-8056-416e-a2a4-dd085f6c7864@group-9ED9FEE0098D:t8, leader=null, voted=0f256f10-8056-416e-a2a4-dd085f6c7864, raftlog=0f256f10-8056-416e-a2a4-dd085f6c7864@group-9ED9FEE0098D-SegmentedRaftLog:OPENED:c-1,f-1,i0, conf=-1: [2f64f904-2283-4e96-b4e2-6c9018f13084:192.168.34.62:40373, 0f256f10-8056-416e-a2a4-dd085f6c7864:192.168.34.62:35674, 07fb1a7b-fe02-4a56-ac24-3020e88d4db0:192.168.34.62:46434], old=null
2019-10-17 06:30:46,822 [0f256f10-8056-416e-a2a4-dd085f6c7864@group-9ED9FEE0098D-LeaderElection33] INFO  impl.RaftServerImpl (RaftServerImpl.java:setRole(184)) - 0f256f10-8056-416e-a2a4-dd085f6c7864@group-9ED9FEE0098D: changes role from CANDIDATE to FOLLOWER at term 8 for DISCOVERED_A_NEW_TERM
2019-10-17 06:30:46,823 [0f256f10-8056-416e-a2a4-dd085f6c7864@group-9ED9FEE0098D-LeaderElection33] INFO  impl.RoleInfo (RoleInfo.java:shutdownLeaderElection(134)) - 0f256f10-8056-416e-a2a4-dd085f6c7864: shutdown LeaderElection
2019-10-17 06:30:46,823 [0f256f10-8056-416e-a2a4-dd085f6c7864@group-9ED9FEE0098D-LeaderElection33] INFO  impl.RoleInfo (RoleInfo.java:updateAndGet(143)) - 0f256f10-8056-416e-a2a4-dd085f6c7864: start FollowerState
2019-10-17 06:30:46,924 [Thread-1552] INFO  impl.FollowerState (FollowerState.java:run(108)) - 0f256f10-8056-416e-a2a4-dd085f6c7864@group-9ED9FEE0098D-FollowerState: change to CANDIDATE, lastRpcTime:101ms, electionTimeout:101ms
2019-10-17 06:30:46,926 [Thread-1552] INFO  impl.RoleInfo (RoleInfo.java:shutdownFollowerState(121)) - 0f256f10-8056-416e-a2a4-dd085f6c7864: shutdown FollowerState
2019-10-17 06:30:46,926 [Thread-1552] INFO  impl.RaftServerImpl (RaftServerImpl.java:setRole(184)) - 0f256f10-8056-416e-a2a4-dd085f6c7864@group-9ED9FEE0098D: changes role from  FOLLOWER to CANDIDATE at term 8 for changeToCandidate
2019-10-17 06:30:46,927 [Thread-1552] INFO  impl.RoleInfo (RoleInfo.java:updateAndGet(143)) - 0f256f10-8056-416e-a2a4-dd085f6c7864: start LeaderElection
2019-10-17 06:30:46,976 [0f256f10-8056-416e-a2a4-dd085f6c7864@group-9ED9FEE0098D-LeaderElection34] INFO  impl.LeaderElection (LeaderElection.java:askForVotes(178)) - 0f256f10-8056-416e-a2a4-dd085f6c7864@group-9ED9FEE0098D-LeaderElection34: begin an election at term 9 for -1: [2f64f904-2283-4e96-b4e2-6c9018f13084:192.168.34.62:40373, 0f256f10-8056-416e-a2a4-dd085f6c7864:192.168.34.62:35674, 07fb1a7b-fe02-4a56-ac24-3020e88d4db0:192.168.34.62:46434], old=null
2019-10-17 06:30:46,979 [grpc-default-executor-1] INFO  impl.RaftServerImpl (RaftServerImpl.java:setRole(184)) - 2f64f904-2283-4e96-b4e2-6c9018f13084@group-9ED9FEE0098D: changes role from  FOLLOWER to FOLLOWER at term 9 for recognizeCandidate:0f256f10-8056-416e-a2a4-dd085f6c7864
2019-10-17 06:30:46,979 [grpc-default-executor-1] INFO  impl.RoleInfo (RoleInfo.java:shutdownFollowerState(121)) - 2f64f904-2283-4e96-b4e2-6c9018f13084: shutdown FollowerState
2019-10-17 06:30:46,979 [grpc-default-executor-5] INFO  impl.RaftServerImpl (RaftServerImpl.java:setRole(184)) - 07fb1a7b-fe02-4a56-ac24-3020e88d4db0@group-9ED9FEE0098D: changes role from  FOLLOWER to FOLLOWER at term 9 for recognizeCandidate:0f256f10-8056-416e-a2a4-dd085f6c7864
2019-10-17 06:30:46,980 [Thread-1550] INFO  impl.FollowerState (FollowerState.java:run(117)) - 2f64f904-2283-4e96-b4e2-6c9018f13084@group-9ED9FEE0098D-FollowerState was interrupted: java.lang.InterruptedException: sleep interrupted
2019-10-17 06:30:46,979 [grpc-default-executor-1] INFO  impl.RoleInfo (RoleInfo.java:updateAndGet(143)) - 2f64f904-2283-4e96-b4e2-6c9018f13084: start FollowerState
2019-10-17 06:30:46,980 [grpc-default-executor-5] INFO  impl.RoleInfo (RoleInfo.java:shutdownFollowerState(121)) - 07fb1a7b-fe02-4a56-ac24-3020e88d4db0: shutdown FollowerState
2019-10-17 06:30:46,980 [Thread-1551] INFO  impl.FollowerState (FollowerState.java:run(117)) - 07fb1a7b-fe02-4a56-ac24-3020e88d4db0@group-9ED9FEE0098D-FollowerState was interrupted: java.lang.InterruptedException: sleep interrupted
2019-10-17 06:30:46,980 [grpc-default-executor-5] INFO  impl.RoleInfo (RoleInfo.java:updateAndGet(143)) - 07fb1a7b-fe02-4a56-ac24-3020e88d4db0: start FollowerState
2019-10-17 06:30:46,984 [0f256f10-8056-416e-a2a4-dd085f6c7864@group-9ED9FEE0098D-LeaderElection34] INFO  impl.LeaderElection (LeaderElection.java:logAndReturn(56)) - 0f256f10-8056-416e-a2a4-dd085f6c7864@group-9ED9FEE0098D-LeaderElection34: Election TIMEOUT; received 0 response(s) [] and 0 exception(s); 0f256f10-8056-416e-a2a4-dd085f6c7864@group-9ED9FEE0098D:t9, leader=null, voted=0f256f10-8056-416e-a2a4-dd085f6c7864, raftlog=0f256f10-8056-416e-a2a4-dd085f6c7864@group-9ED9FEE0098D-SegmentedRaftLog:OPENED:c-1,f-1,i0, conf=-1: [2f64f904-2283-4e96-b4e2-6c9018f13084:192.168.34.62:40373, 0f256f10-8056-416e-a2a4-dd085f6c7864:192.168.34.62:35674, 07fb1a7b-fe02-4a56-ac24-3020e88d4db0:192.168.34.62:46434], old=null
2019-10-17 06:30:47,027 [0f256f10-8056-416e-a2a4-dd085f6c7864@group-9ED9FEE0098D-LeaderElection34] INFO  impl.LeaderElection (LeaderElection.java:askForVotes(178)) - 0f256f10-8056-416e-a2a4-dd085f6c7864@group-9ED9FEE0098D-LeaderElection34: begin an election at term 10 for -1: [2f64f904-2283-4e96-b4e2-6c9018f13084:192.168.34.62:40373, 0f256f10-8056-416e-a2a4-dd085f6c7864:192.168.34.62:35674, 07fb1a7b-fe02-4a56-ac24-3020e88d4db0:192.168.34.62:46434], old=null
2019-10-17 06:30:47,029 [grpc-default-executor-1] INFO  impl.RaftServerImpl (RaftServerImpl.java:setRole(184)) - 07fb1a7b-fe02-4a56-ac24-3020e88d4db0@group-9ED9FEE0098D: changes role from  FOLLOWER to FOLLOWER at term 10 for recognizeCandidate:0f256f10-8056-416e-a2a4-dd085f6c7864
2019-10-17 06:30:47,031 [grpc-default-executor-1] INFO  impl.RoleInfo (RoleInfo.java:shutdownFollowerState(121)) - 07fb1a7b-fe02-4a56-ac24-3020e88d4db0: shutdown FollowerState
2019-10-17 06:30:47,031 [grpc-default-executor-5] INFO  impl.RaftServerImpl (RaftServerImpl.java:setRole(184)) - 2f64f904-2283-4e96-b4e2-6c9018f13084@group-9ED9FEE0098D: changes role from  FOLLOWER to FOLLOWER at term 10 for recognizeCandidate:0f256f10-8056-416e-a2a4-dd085f6c7864
2019-10-17 06:30:47,031 [Thread-1557] INFO  impl.FollowerState (FollowerState.java:run(117)) - 07fb1a7b-fe02-4a56-ac24-3020e88d4db0@group-9ED9FEE0098D-FollowerState was interrupted: java.lang.InterruptedException: sleep interrupted
2019-10-17 06:30:47,031 [grpc-default-executor-1] INFO  impl.RoleInfo (RoleInfo.java:updateAndGet(143)) - 07fb1a7b-fe02-4a56-ac24-3020e88d4db0: start FollowerState
2019-10-17 06:30:47,031 [grpc-default-executor-5] INFO  impl.RoleInfo (RoleInfo.java:shutdownFollowerState(121)) - 2f64f904-2283-4e96-b4e2-6c9018f13084: shutdown FollowerState
2019-10-17 06:30:47,032 [grpc-default-executor-5] INFO  impl.RoleInfo (RoleInfo.java:updateAndGet(143)) - 2f64f904-2283-4e96-b4e2-6c9018f13084: start FollowerState
2019-10-17 06:30:47,032 [Thread-1556] INFO  impl.FollowerState (FollowerState.java:run(117)) - 2f64f904-2283-4e96-b4e2-6c9018f13084@group-9ED9FEE0098D-FollowerState was interrupted: java.lang.InterruptedException: sleep interrupted
2019-10-17 06:30:47,083 [0f256f10-8056-416e-a2a4-dd085f6c7864@group-9ED9FEE0098D-LeaderElection34] INFO  impl.LeaderElection (LeaderElection.java:logAndReturn(56)) - 0f256f10-8056-416e-a2a4-dd085f6c7864@group-9ED9FEE0098D-LeaderElection34: Election REJECTED; received 2 response(s) [0f256f10-8056-416e-a2a4-dd085f6c7864<-2f64f904-2283-4e96-b4e2-6c9018f13084#0:FAIL-t10, 0f256f10-8056-416e-a2a4-dd085f6c7864<-07fb1a7b-fe02-4a56-ac24-3020e88d4db0#0:FAIL-t10] and 0 exception(s); 0f256f10-8056-416e-a2a4-dd085f6c7864@group-9ED9FEE0098D:t10, leader=null, voted=0f256f10-8056-416e-a2a4-dd085f6c7864, raftlog=0f256f10-8056-416e-a2a4-dd085f6c7864@group-9ED9FEE0098D-SegmentedRaftLog:OPENED:c-1,f-1,i0, conf=-1: [2f64f904-2283-4e96-b4e2-6c9018f13084:192.168.34.62:40373, 0f256f10-8056-416e-a2a4-dd085f6c7864:192.168.34.62:35674, 07fb1a7b-fe02-4a56-ac24-3020e88d4db0:192.168.34.62:46434], old=null
2019-10-17 06:30:47,083 [0f256f10-8056-416e-a2a4-dd085f6c7864@group-9ED9FEE0098D-LeaderElection34] INFO  impl.RaftServerImpl (RaftServerImpl.java:setRole(184)) - 0f256f10-8056-416e-a2a4-dd085f6c7864@group-9ED9FEE0098D: changes role from CANDIDATE to FOLLOWER at term 10 for DISCOVERED_A_NEW_TERM
2019-10-17 06:30:47,083 [0f256f10-8056-416e-a2a4-dd085f6c7864@group-9ED9FEE0098D-LeaderElection34] INFO  impl.RoleInfo (RoleInfo.java:shutdownLeaderElection(134)) - 0f256f10-8056-416e-a2a4-dd085f6c7864: shutdown LeaderElection
2019-10-17 06:30:47,084 [0f256f10-8056-416e-a2a4-dd085f6c7864@group-9ED9FEE0098D-LeaderElection34] INFO  impl.RoleInfo (RoleInfo.java:updateAndGet(143)) - 0f256f10-8056-416e-a2a4-dd085f6c7864: start FollowerState
2019-10-17 06:30:47,138 [Thread-1562] INFO  impl.FollowerState (FollowerState.java:run(108)) - 0f256f10-8056-416e-a2a4-dd085f6c7864@group-9ED9FEE0098D-FollowerState: change to CANDIDATE, lastRpcTime:54ms, electionTimeout:54ms
2019-10-17 06:30:47,139 [Thread-1562] INFO  impl.RoleInfo (RoleInfo.java:shutdownFollowerState(121)) - 0f256f10-8056-416e-a2a4-dd085f6c7864: shutdown FollowerState
2019-10-17 06:30:47,140 [Thread-1562] INFO  impl.RaftServerImpl (RaftServerImpl.java:setRole(184)) - 0f256f10-8056-416e-a2a4-dd085f6c7864@group-9ED9FEE0098D: changes role from  FOLLOWER to CANDIDATE at term 10 for changeToCandidate
2019-10-17 06:30:47,140 [Thread-1562] INFO  impl.RoleInfo (RoleInfo.java:updateAndGet(143)) - 0f256f10-8056-416e-a2a4-dd085f6c7864: start LeaderElection
2019-10-17 06:30:47,199 [0f256f10-8056-416e-a2a4-dd085f6c7864@group-9ED9FEE0098D-LeaderElection35] INFO  impl.LeaderElection (LeaderElection.java:askForVotes(178)) - 0f256f10-8056-416e-a2a4-dd085f6c7864@group-9ED9FEE0098D-LeaderElection35: begin an election at term 11 for -1: [2f64f904-2283-4e96-b4e2-6c9018f13084:192.168.34.62:40373, 0f256f10-8056-416e-a2a4-dd085f6c7864:192.168.34.62:35674, 07fb1a7b-fe02-4a56-ac24-3020e88d4db0:192.168.34.62:46434], old=null
2019-10-17 06:30:47,203 [grpc-default-executor-1] INFO  impl.RaftServerImpl (RaftServerImpl.java:setRole(184)) - 2f64f904-2283-4e96-b4e2-6c9018f13084@group-9ED9FEE0098D: changes role from  FOLLOWER to FOLLOWER at term 11 for recognizeCandidate:0f256f10-8056-416e-a2a4-dd085f6c7864
2019-10-17 06:30:47,203 [grpc-default-executor-5] INFO  impl.RaftServerImpl (RaftServerImpl.java:setRole(184)) - 07fb1a7b-fe02-4a56-ac24-3020e88d4db0@group-9ED9FEE0098D: changes role from  FOLLOWER to FOLLOWER at term 11 for recognizeCandidate:0f256f10-8056-416e-a2a4-dd085f6c7864
2019-10-17 06:30:47,203 [grpc-default-executor-1] INFO  impl.RoleInfo (RoleInfo.java:shutdownFollowerState(121)) - 2f64f904-2283-4e96-b4e2-6c9018f13084: shutdown FollowerState
2019-10-17 06:30:47,203 [grpc-default-executor-5] INFO  impl.RoleInfo (RoleInfo.java:shutdownFollowerState(121)) - 07fb1a7b-fe02-4a56-ac24-3020e88d4db0: shutdown FollowerState
2019-10-17 06:30:47,204 [Thread-1561] INFO  impl.FollowerState (FollowerState.java:run(117)) - 2f64f904-2283-4e96-b4e2-6c9018f13084@group-9ED9FEE0098D-FollowerState was interrupted: java.lang.InterruptedException: sleep interrupted
2019-10-17 06:30:47,204 [Thread-1560] INFO  impl.FollowerState (FollowerState.java:run(117)) - 07fb1a7b-fe02-4a56-ac24-3020e88d4db0@group-9ED9FEE0098D-FollowerState was interrupted: java.lang.InterruptedException: sleep interrupted
2019-10-17 06:30:47,204 [grpc-default-executor-1] INFO  impl.RoleInfo (RoleInfo.java:updateAndGet(143)) - 2f64f904-2283-4e96-b4e2-6c9018f13084: start FollowerState
2019-10-17 06:30:47,204 [grpc-default-executor-5] INFO  impl.RoleInfo (RoleInfo.java:updateAndGet(143)) - 07fb1a7b-fe02-4a56-ac24-3020e88d4db0: start FollowerState
2019-10-17 06:30:47,248 [0f256f10-8056-416e-a2a4-dd085f6c7864@group-9ED9FEE0098D-LeaderElection35] INFO  impl.LeaderElection (LeaderElection.java:logAndReturn(56)) - 0f256f10-8056-416e-a2a4-dd085f6c7864@group-9ED9FEE0098D-LeaderElection35: Election REJECTED; received 2 response(s) [0f256f10-8056-416e-a2a4-dd085f6c7864<-2f64f904-2283-4e96-b4e2-6c9018f13084#0:FAIL-t11, 0f256f10-8056-416e-a2a4-dd085f6c7864<-07fb1a7b-fe02-4a56-ac24-3020e88d4db0#0:FAIL-t11] and 0 exception(s); 0f256f10-8056-416e-a2a4-dd085f6c7864@group-9ED9FEE0098D:t11, leader=null, voted=0f256f10-8056-416e-a2a4-dd085f6c7864, raftlog=0f256f10-8056-416e-a2a4-dd085f6c7864@group-9ED9FEE0098D-SegmentedRaftLog:OPENED:c-1,f-1,i0, conf=-1: [2f64f904-2283-4e96-b4e2-6c9018f13084:192.168.34.62:40373, 0f256f10-8056-416e-a2a4-dd085f6c7864:192.168.34.62:35674, 07fb1a7b-fe02-4a56-ac24-3020e88d4db0:192.168.34.62:46434], old=null
2019-10-17 06:30:47,249 [0f256f10-8056-416e-a2a4-dd085f6c7864@group-9ED9FEE0098D-LeaderElection35] INFO  impl.RaftServerImpl (RaftServerImpl.java:setRole(184)) - 0f256f10-8056-416e-a2a4-dd085f6c7864@group-9ED9FEE0098D: changes role from CANDIDATE to FOLLOWER at term 11 for DISCOVERED_A_NEW_TERM
2019-10-17 06:30:47,251 [0f256f10-8056-416e-a2a4-dd085f6c7864@group-9ED9FEE0098D-LeaderElection35] INFO  impl.RoleInfo (RoleInfo.java:shutdownLeaderElection(134)) - 0f256f10-8056-416e-a2a4-dd085f6c7864: shutdown LeaderElection
2019-10-17 06:30:47,251 [0f256f10-8056-416e-a2a4-dd085f6c7864@group-9ED9FEE0098D-LeaderElection35] INFO  impl.RoleInfo (RoleInfo.java:updateAndGet(143)) - 0f256f10-8056-416e-a2a4-dd085f6c7864: start FollowerState
2019-10-17 06:30:47,253 [Thread-1568] INFO  impl.FollowerState (FollowerState.java:run(108)) - 0f256f10-8056-416e-a2a4-dd085f6c7864@group-9ED9FEE0098D-FollowerState: change to CANDIDATE, lastRpcTime:1ms, electionTimeout:1ms
2019-10-17 06:30:47,255 [Thread-1568] INFO  impl.RoleInfo (RoleInfo.java:shutdownFollowerState(121)) - 0f256f10-8056-416e-a2a4-dd085f6c7864: shutdown FollowerState
2019-10-17 06:30:47,255 [Thread-1568] INFO  impl.RaftServerImpl (RaftServerImpl.java:setRole(184)) - 0f256f10-8056-416e-a2a4-dd085f6c7864@group-9ED9FEE0098D: changes role from  FOLLOWER to CANDIDATE at term 11 for changeToCandidate
2019-10-17 06:30:47,255 [Thread-1568] INFO  impl.RoleInfo (RoleInfo.java:updateAndGet(143)) - 0f256f10-8056-416e-a2a4-dd085f6c7864: start LeaderElection
2019-10-17 06:30:47,268 [0f256f10-8056-416e-a2a4-dd085f6c7864@group-9ED9FEE0098D-LeaderElection36] INFO  impl.LeaderElection (LeaderElection.java:askForVotes(178)) - 0f256f10-8056-416e-a2a4-dd085f6c7864@group-9ED9FEE0098D-LeaderElection36: begin an election at term 12 for -1: [2f64f904-2283-4e96-b4e2-6c9018f13084:192.168.34.62:40373, 0f256f10-8056-416e-a2a4-dd085f6c7864:192.168.34.62:35674, 07fb1a7b-fe02-4a56-ac24-3020e88d4db0:192.168.34.62:46434], old=null
2019-10-17 06:30:47,272 [grpc-default-executor-1] INFO  impl.RaftServerImpl (RaftServerImpl.java:setRole(184)) - 07fb1a7b-fe02-4a56-ac24-3020e88d4db0@group-9ED9FEE0098D: changes role from  FOLLOWER to FOLLOWER at term 12 for recognizeCandidate:0f256f10-8056-416e-a2a4-dd085f6c7864
2019-10-17 06:30:47,272 [grpc-default-executor-1] INFO  impl.RoleInfo (RoleInfo.java:shutdownFollowerState(121)) - 07fb1a7b-fe02-4a56-ac24-3020e88d4db0: shutdown FollowerState
2019-10-17 06:30:47,272 [grpc-default-executor-1] INFO  impl.RoleInfo (RoleInfo.java:updateAndGet(143)) - 07fb1a7b-fe02-4a56-ac24-3020e88d4db0: start FollowerState
2019-10-17 06:30:47,272 [Thread-1567] INFO  impl.FollowerState (FollowerState.java:run(117)) - 07fb1a7b-fe02-4a56-ac24-3020e88d4db0@group-9ED9FEE0098D-FollowerState was interrupted: java.lang.InterruptedException: sleep interrupted
2019-10-17 06:30:47,273 [grpc-default-executor-5] INFO  impl.RaftServerImpl (RaftServerImpl.java:setRole(184)) - 2f64f904-2283-4e96-b4e2-6c9018f13084@group-9ED9FEE0098D: changes role from  FOLLOWER to FOLLOWER at term 12 for recognizeCandidate:0f256f10-8056-416e-a2a4-dd085f6c7864
2019-10-17 06:30:47,273 [grpc-default-executor-5] INFO  impl.RoleInfo (RoleInfo.java:shutdownFollowerState(121)) - 2f64f904-2283-4e96-b4e2-6c9018f13084: shutdown FollowerState
2019-10-17 06:30:47,273 [Thread-1566] INFO  impl.FollowerState (FollowerState.java:run(117)) - 2f64f904-2283-4e96-b4e2-6c9018f13084@group-9ED9FEE0098D-FollowerState was interrupted: java.lang.InterruptedException: sleep interrupted
2019-10-17 06:30:47,273 [grpc-default-executor-5] INFO  impl.RoleInfo (RoleInfo.java:updateAndGet(143)) - 2f64f904-2283-4e96-b4e2-6c9018f13084: start FollowerState
2019-10-17 06:30:47,345 [0f256f10-8056-416e-a2a4-dd085f6c7864@group-9ED9FEE0098D-LeaderElection36] INFO  impl.LeaderElection (LeaderElection.java:logAndReturn(56)) - 0f256f10-8056-416e-a2a4-dd085f6c7864@group-9ED9FEE0098D-LeaderElection36: Election REJECTED; received 2 response(s) [0f256f10-8056-416e-a2a4-dd085f6c7864<-2f64f904-2283-4e96-b4e2-6c9018f13084#0:FAIL-t12, 0f256f10-8056-416e-a2a4-dd085f6c7864<-07fb1a7b-fe02-4a56-ac24-3020e88d4db0#0:FAIL-t12] and 0 exception(s); 0f256f10-8056-416e-a2a4-dd085f6c7864@group-9ED9FEE0098D:t12, leader=null, voted=0f256f10-8056-416e-a2a4-dd085f6c7864, raftlog=0f256f10-8056-416e-a2a4-dd085f6c7864@group-9ED9FEE0098D-SegmentedRaftLog:OPENED:c-1,f-1,i0, conf=-1: [2f64f904-2283-4e96-b4e2-6c9018f13084:192.168.34.62:40373, 0f256f10-8056-416e-a2a4-dd085f6c7864:192.168.34.62:35674, 07fb1a7b-fe02-4a56-ac24-3020e88d4db0:192.168.34.62:46434], old=null
2019-10-17 06:30:47,345 [0f256f10-8056-416e-a2a4-dd085f6c7864@group-9ED9FEE0098D-LeaderElection36] INFO  impl.RaftServerImpl (RaftServerImpl.java:setRole(184)) - 0f256f10-8056-416e-a2a4-dd085f6c7864@group-9ED9FEE0098D: changes role from CANDIDATE to FOLLOWER at term 12 for DISCOVERED_A_NEW_TERM
2019-10-17 06:30:47,345 [0f256f10-8056-416e-a2a4-dd085f6c7864@group-9ED9FEE0098D-LeaderElection36] INFO  impl.RoleInfo (RoleInfo.java:shutdownLeaderElection(134)) - 0f256f10-8056-416e-a2a4-dd085f6c7864: shutdown LeaderElection
2019-10-17 06:30:47,345 [0f256f10-8056-416e-a2a4-dd085f6c7864@group-9ED9FEE0098D-LeaderElection36] INFO  impl.RoleInfo (RoleInfo.java:updateAndGet(143)) - 0f256f10-8056-416e-a2a4-dd085f6c7864: start FollowerState
2019-10-17 06:30:47,463 [Thread-1574] INFO  impl.FollowerState (FollowerState.java:run(108)) - 0f256f10-8056-416e-a2a4-dd085f6c7864@group-9ED9FEE0098D-FollowerState: change to CANDIDATE, lastRpcTime:117ms, electionTimeout:117ms
2019-10-17 06:30:47,464 [Thread-1574] INFO  impl.RoleInfo (RoleInfo.java:shutdownFollowerState(121)) - 0f256f10-8056-416e-a2a4-dd085f6c7864: shutdown FollowerState
2019-10-17 06:30:47,464 [Thread-1574] INFO  impl.RaftServerImpl (RaftServerImpl.java:setRole(184)) - 0f256f10-8056-416e-a2a4-dd085f6c7864@group-9ED9FEE0098D: changes role from  FOLLOWER to CANDIDATE at term 12 for changeToCandidate
2019-10-17 06:30:47,465 [Thread-1574] INFO  impl.RoleInfo (RoleInfo.java:updateAndGet(143)) - 0f256f10-8056-416e-a2a4-dd085f6c7864: start LeaderElection
2019-10-17 06:30:47,489 [0f256f10-8056-416e-a2a4-dd085f6c7864@group-9ED9FEE0098D-LeaderElection37] INFO  impl.LeaderElection (LeaderElection.java:askForVotes(178)) - 0f256f10-8056-416e-a2a4-dd085f6c7864@group-9ED9FEE0098D-LeaderElection37: begin an election at term 13 for -1: [2f64f904-2283-4e96-b4e2-6c9018f13084:192.168.34.62:40373, 0f256f10-8056-416e-a2a4-dd085f6c7864:192.168.34.62:35674, 07fb1a7b-fe02-4a56-ac24-3020e88d4db0:192.168.34.62:46434], old=null
2019-10-17 06:30:47,493 [grpc-default-executor-1] INFO  impl.RaftServerImpl (RaftServerImpl.java:setRole(184)) - 07fb1a7b-fe02-4a56-ac24-3020e88d4db0@group-9ED9FEE0098D: changes role from  FOLLOWER to FOLLOWER at term 13 for recognizeCandidate:0f256f10-8056-416e-a2a4-dd085f6c7864
2019-10-17 06:30:47,493 [grpc-default-executor-5] INFO  impl.RaftServerImpl (RaftServerImpl.java:setRole(184)) - 2f64f904-2283-4e96-b4e2-6c9018f13084@group-9ED9FEE0098D: changes role from  FOLLOWER to FOLLOWER at term 13 for recognizeCandidate:0f256f10-8056-416e-a2a4-dd085f6c7864
2019-10-17 06:30:47,493 [grpc-default-executor-1] INFO  impl.RoleInfo (RoleInfo.java:shutdownFollowerState(121)) - 07fb1a7b-fe02-4a56-ac24-3020e88d4db0: shutdown FollowerState
2019-10-17 06:30:47,493 [grpc-default-executor-5] INFO  impl.RoleInfo (RoleInfo.java:shutdownFollowerState(121)) - 2f64f904-2283-4e96-b4e2-6c9018f13084: shutdown FollowerState
2019-10-17 06:30:47,493 [Thread-1572] INFO  impl.FollowerState (FollowerState.java:run(117)) - 07fb1a7b-fe02-4a56-ac24-3020e88d4db0@group-9ED9FEE0098D-FollowerState was interrupted: java.lang.InterruptedException: sleep interrupted
2019-10-17 06:30:47,493 [grpc-default-executor-1] INFO  impl.RoleInfo (RoleInfo.java:updateAndGet(143)) - 07fb1a7b-fe02-4a56-ac24-3020e88d4db0: start FollowerState
2019-10-17 06:30:47,494 [Thread-1573] INFO  impl.FollowerState (FollowerState.java:run(117)) - 2f64f904-2283-4e96-b4e2-6c9018f13084@group-9ED9FEE0098D-FollowerState was interrupted: java.lang.InterruptedException: sleep interrupted
2019-10-17 06:30:47,493 [grpc-default-executor-5] INFO  impl.RoleInfo (RoleInfo.java:updateAndGet(143)) - 2f64f904-2283-4e96-b4e2-6c9018f13084: start FollowerState
2019-10-17 06:30:47,524 [0f256f10-8056-416e-a2a4-dd085f6c7864@group-9ED9FEE0098D-LeaderElection37] INFO  impl.LeaderElection (LeaderElection.java:logAndReturn(56)) - 0f256f10-8056-416e-a2a4-dd085f6c7864@group-9ED9FEE0098D-LeaderElection37: Election REJECTED; received 2 response(s) [0f256f10-8056-416e-a2a4-dd085f6c7864<-2f64f904-2283-4e96-b4e2-6c9018f13084#0:FAIL-t13, 0f256f10-8056-416e-a2a4-dd085f6c7864<-07fb1a7b-fe02-4a56-ac24-3020e88d4db0#0:FAIL-t13] and 0 exception(s); 0f256f10-8056-416e-a2a4-dd085f6c7864@group-9ED9FEE0098D:t13, leader=null, voted=0f256f10-8056-416e-a2a4-dd085f6c7864, raftlog=0f256f10-8056-416e-a2a4-dd085f6c7864@group-9ED9FEE0098D-SegmentedRaftLog:OPENED:c-1,f-1,i0, conf=-1: [2f64f904-2283-4e96-b4e2-6c9018f13084:192.168.34.62:40373, 0f256f10-8056-416e-a2a4-dd085f6c7864:192.168.34.62:35674, 07fb1a7b-fe02-4a56-ac24-3020e88d4db0:192.168.34.62:46434], old=null
2019-10-17 06:30:47,524 [0f256f10-8056-416e-a2a4-dd085f6c7864@group-9ED9FEE0098D-LeaderElection37] INFO  impl.RaftServerImpl (RaftServerImpl.java:setRole(184)) - 0f256f10-8056-416e-a2a4-dd085f6c7864@group-9ED9FEE0098D: changes role from CANDIDATE to FOLLOWER at term 13 for DISCOVERED_A_NEW_TERM
2019-10-17 06:30:47,525 [0f256f10-8056-416e-a2a4-dd085f6c7864@group-9ED9FEE0098D-LeaderElection37] INFO  impl.RoleInfo (RoleInfo.java:shutdownLeaderElection(134)) - 0f256f10-8056-416e-a2a4-dd085f6c7864: shutdown LeaderElection
2019-10-17 06:30:47,525 [0f256f10-8056-416e-a2a4-dd085f6c7864@group-9ED9FEE0098D-LeaderElection37] INFO  impl.RoleInfo (RoleInfo.java:updateAndGet(143)) - 0f256f10-8056-416e-a2a4-dd085f6c7864: start FollowerState
2019-10-17 06:30:47,629 [Thread-1202] INFO  ozone.MiniOzoneClusterImpl (MiniOzoneClusterImpl.java:lambda$waitForClusterToBeReady$2(164)) - Waiting for 1 number of pipelines out of 4, to report a leader.
2019-10-17 06:30:47,706 [Thread-1580] INFO  impl.FollowerState (FollowerState.java:run(108)) - 0f256f10-8056-416e-a2a4-dd085f6c7864@group-9ED9FEE0098D-FollowerState: change to CANDIDATE, lastRpcTime:181ms, electionTimeout:181ms
2019-10-17 06:30:47,706 [Thread-1580] INFO  impl.RoleInfo (RoleInfo.java:shutdownFollowerState(121)) - 0f256f10-8056-416e-a2a4-dd085f6c7864: shutdown FollowerState
2019-10-17 06:30:47,706 [Thread-1580] INFO  impl.RaftServerImpl (RaftServerImpl.java:setRole(184)) - 0f256f10-8056-416e-a2a4-dd085f6c7864@group-9ED9FEE0098D: changes role from  FOLLOWER to CANDIDATE at term 13 for changeToCandidate
2019-10-17 06:30:47,706 [Thread-1580] INFO  impl.RoleInfo (RoleInfo.java:updateAndGet(143)) - 0f256f10-8056-416e-a2a4-dd085f6c7864: start LeaderElection
2019-10-17 06:30:47,730 [0f256f10-8056-416e-a2a4-dd085f6c7864@group-9ED9FEE0098D-LeaderElection38] INFO  impl.LeaderElection (LeaderElection.java:askForVotes(178)) - 0f256f10-8056-416e-a2a4-dd085f6c7864@group-9ED9FEE0098D-LeaderElection38: begin an election at term 14 for -1: [2f64f904-2283-4e96-b4e2-6c9018f13084:192.168.34.62:40373, 0f256f10-8056-416e-a2a4-dd085f6c7864:192.168.34.62:35674, 07fb1a7b-fe02-4a56-ac24-3020e88d4db0:192.168.34.62:46434], old=null
2019-10-17 06:30:47,733 [grpc-default-executor-5] INFO  impl.RaftServerImpl (RaftServerImpl.java:setRole(184)) - 07fb1a7b-fe02-4a56-ac24-3020e88d4db0@group-9ED9FEE0098D: changes role from  FOLLOWER to FOLLOWER at term 14 for recognizeCandidate:0f256f10-8056-416e-a2a4-dd085f6c7864
2019-10-17 06:30:47,733 [grpc-default-executor-1] INFO  impl.RaftServerImpl (RaftServerImpl.java:setRole(184)) - 2f64f904-2283-4e96-b4e2-6c9018f13084@group-9ED9FEE0098D: changes role from  FOLLOWER to FOLLOWER at term 14 for recognizeCandidate:0f256f10-8056-416e-a2a4-dd085f6c7864
2019-10-17 06:30:47,733 [grpc-default-executor-5] INFO  impl.RoleInfo (RoleInfo.java:shutdownFollowerState(121)) - 07fb1a7b-fe02-4a56-ac24-3020e88d4db0: shutdown FollowerState
2019-10-17 06:30:47,733 [grpc-default-executor-1] INFO  impl.RoleInfo (RoleInfo.java:shutdownFollowerState(121)) - 2f64f904-2283-4e96-b4e2-6c9018f13084: shutdown FollowerState
2019-10-17 06:30:47,733 [Thread-1578] INFO  impl.FollowerState (FollowerState.java:run(117)) - 07fb1a7b-fe02-4a56-ac24-3020e88d4db0@group-9ED9FEE0098D-FollowerState was interrupted: java.lang.InterruptedException: sleep interrupted
2019-10-17 06:30:47,733 [grpc-default-executor-5] INFO  impl.RoleInfo (RoleInfo.java:updateAndGet(143)) - 07fb1a7b-fe02-4a56-ac24-3020e88d4db0: start FollowerState
2019-10-17 06:30:47,733 [Thread-1579] INFO  impl.FollowerState (FollowerState.java:run(117)) - 2f64f904-2283-4e96-b4e2-6c9018f13084@group-9ED9FEE0098D-FollowerState was interrupted: java.lang.InterruptedException: sleep interrupted
2019-10-17 06:30:47,733 [grpc-default-executor-1] INFO  impl.RoleInfo (RoleInfo.java:updateAndGet(143)) - 2f64f904-2283-4e96-b4e2-6c9018f13084: start FollowerState
2019-10-17 06:30:47,759 [0f256f10-8056-416e-a2a4-dd085f6c7864@group-9ED9FEE0098D-LeaderElection38] INFO  impl.LeaderElection (LeaderElection.java:logAndReturn(56)) - 0f256f10-8056-416e-a2a4-dd085f6c7864@group-9ED9FEE0098D-LeaderElection38: Election REJECTED; received 2 response(s) [0f256f10-8056-416e-a2a4-dd085f6c7864<-2f64f904-2283-4e96-b4e2-6c9018f13084#0:FAIL-t14, 0f256f10-8056-416e-a2a4-dd085f6c7864<-07fb1a7b-fe02-4a56-ac24-3020e88d4db0#0:FAIL-t14] and 0 exception(s); 0f256f10-8056-416e-a2a4-dd085f6c7864@group-9ED9FEE0098D:t14, leader=null, voted=0f256f10-8056-416e-a2a4-dd085f6c7864, raftlog=0f256f10-8056-416e-a2a4-dd085f6c7864@group-9ED9FEE0098D-SegmentedRaftLog:OPENED:c-1,f-1,i0, conf=-1: [2f64f904-2283-4e96-b4e2-6c9018f13084:192.168.34.62:40373, 0f256f10-8056-416e-a2a4-dd085f6c7864:192.168.34.62:35674, 07fb1a7b-fe02-4a56-ac24-3020e88d4db0:192.168.34.62:46434], old=null
2019-10-17 06:30:47,759 [0f256f10-8056-416e-a2a4-dd085f6c7864@group-9ED9FEE0098D-LeaderElection38] INFO  impl.RaftServerImpl (RaftServerImpl.java:setRole(184)) - 0f256f10-8056-416e-a2a4-dd085f6c7864@group-9ED9FEE0098D: changes role from CANDIDATE to FOLLOWER at term 14 for DISCOVERED_A_NEW_TERM
2019-10-17 06:30:47,759 [0f256f10-8056-416e-a2a4-dd085f6c7864@group-9ED9FEE0098D-LeaderElection38] INFO  impl.RoleInfo (RoleInfo.java:shutdownLeaderElection(134)) - 0f256f10-8056-416e-a2a4-dd085f6c7864: shutdown LeaderElection
2019-10-17 06:30:47,759 [0f256f10-8056-416e-a2a4-dd085f6c7864@group-9ED9FEE0098D-LeaderElection38] INFO  impl.RoleInfo (RoleInfo.java:updateAndGet(143)) - 0f256f10-8056-416e-a2a4-dd085f6c7864: start FollowerState
2019-10-17 06:30:47,841 [Thread-1586] INFO  impl.FollowerState (FollowerState.java:run(108)) - 0f256f10-8056-416e-a2a4-dd085f6c7864@group-9ED9FEE0098D-FollowerState: change to CANDIDATE, lastRpcTime:81ms, electionTimeout:81ms
2019-10-17 06:30:47,846 [Thread-1586] INFO  impl.RoleInfo (RoleInfo.java:shutdownFollowerState(121)) - 0f256f10-8056-416e-a2a4-dd085f6c7864: shutdown FollowerState
2019-10-17 06:30:47,846 [Thread-1586] INFO  impl.RaftServerImpl (RaftServerImpl.java:setRole(184)) - 0f256f10-8056-416e-a2a4-dd085f6c7864@group-9ED9FEE0098D: changes role from  FOLLOWER to CANDIDATE at term 14 for changeToCandidate
2019-10-17 06:30:47,846 [Thread-1586] INFO  impl.RoleInfo (RoleInfo.java:updateAndGet(143)) - 0f256f10-8056-416e-a2a4-dd085f6c7864: start LeaderElection
2019-10-17 06:30:47,865 [0f256f10-8056-416e-a2a4-dd085f6c7864@group-9ED9FEE0098D-LeaderElection39] INFO  impl.LeaderElection (LeaderElection.java:askForVotes(178)) - 0f256f10-8056-416e-a2a4-dd085f6c7864@group-9ED9FEE0098D-LeaderElection39: begin an election at term 15 for -1: [2f64f904-2283-4e96-b4e2-6c9018f13084:192.168.34.62:40373, 0f256f10-8056-416e-a2a4-dd085f6c7864:192.168.34.62:35674, 07fb1a7b-fe02-4a56-ac24-3020e88d4db0:192.168.34.62:46434], old=null
2019-10-17 06:30:47,867 [grpc-default-executor-1] INFO  impl.RaftServerImpl (RaftServerImpl.java:setRole(184)) - 07fb1a7b-fe02-4a56-ac24-3020e88d4db0@group-9ED9FEE0098D: changes role from  FOLLOWER to FOLLOWER at term 15 for recognizeCandidate:0f256f10-8056-416e-a2a4-dd085f6c7864
2019-10-17 06:30:47,867 [grpc-default-executor-5] INFO  impl.RaftServerImpl (RaftServerImpl.java:setRole(184)) - 2f64f904-2283-4e96-b4e2-6c9018f13084@group-9ED9FEE0098D: changes role from  FOLLOWER to FOLLOWER at term 15 for recognizeCandidate:0f256f10-8056-416e-a2a4-dd085f6c7864
2019-10-17 06:30:47,867 [grpc-default-executor-1] INFO  impl.RoleInfo (RoleInfo.java:shutdownFollowerState(121)) - 07fb1a7b-fe02-4a56-ac24-3020e88d4db0: shutdown FollowerState
2019-10-17 06:30:47,868 [grpc-default-executor-5] INFO  impl.RoleInfo (RoleInfo.java:shutdownFollowerState(121)) - 2f64f904-2283-4e96-b4e2-6c9018f13084: shutdown FollowerState
2019-10-17 06:30:47,868 [Thread-1584] INFO  impl.FollowerState (FollowerState.java:run(117)) - 07fb1a7b-fe02-4a56-ac24-3020e88d4db0@group-9ED9FEE0098D-FollowerState was interrupted: java.lang.InterruptedException: sleep interrupted
2019-10-17 06:30:47,868 [grpc-default-executor-1] INFO  impl.RoleInfo (RoleInfo.java:updateAndGet(143)) - 07fb1a7b-fe02-4a56-ac24-3020e88d4db0: start FollowerState
2019-10-17 06:30:47,868 [Thread-1585] INFO  impl.FollowerState (FollowerState.java:run(117)) - 2f64f904-2283-4e96-b4e2-6c9018f13084@group-9ED9FEE0098D-FollowerState was interrupted: java.lang.InterruptedException: sleep interrupted
2019-10-17 06:30:47,868 [grpc-default-executor-5] INFO  impl.RoleInfo (RoleInfo.java:updateAndGet(143)) - 2f64f904-2283-4e96-b4e2-6c9018f13084: start FollowerState
2019-10-17 06:30:47,887 [0f256f10-8056-416e-a2a4-dd085f6c7864@group-9ED9FEE0098D-LeaderElection39] INFO  impl.LeaderElection (LeaderElection.java:logAndReturn(56)) - 0f256f10-8056-416e-a2a4-dd085f6c7864@group-9ED9FEE0098D-LeaderElection39: Election REJECTED; received 2 response(s) [0f256f10-8056-416e-a2a4-dd085f6c7864<-2f64f904-2283-4e96-b4e2-6c9018f13084#0:FAIL-t15, 0f256f10-8056-416e-a2a4-dd085f6c7864<-07fb1a7b-fe02-4a56-ac24-3020e88d4db0#0:FAIL-t15] and 0 exception(s); 0f256f10-8056-416e-a2a4-dd085f6c7864@group-9ED9FEE0098D:t15, leader=null, voted=0f256f10-8056-416e-a2a4-dd085f6c7864, raftlog=0f256f10-8056-416e-a2a4-dd085f6c7864@group-9ED9FEE0098D-SegmentedRaftLog:OPENED:c-1,f-1,i0, conf=-1: [2f64f904-2283-4e96-b4e2-6c9018f13084:192.168.34.62:40373, 0f256f10-8056-416e-a2a4-dd085f6c7864:192.168.34.62:35674, 07fb1a7b-fe02-4a56-ac24-3020e88d4db0:192.168.34.62:46434], old=null
2019-10-17 06:30:47,887 [0f256f10-8056-416e-a2a4-dd085f6c7864@group-9ED9FEE0098D-LeaderElection39] INFO  impl.RaftServerImpl (RaftServerImpl.java:setRole(184)) - 0f256f10-8056-416e-a2a4-dd085f6c7864@group-9ED9FEE0098D: changes role from CANDIDATE to FOLLOWER at term 15 for DISCOVERED_A_NEW_TERM
2019-10-17 06:30:47,887 [0f256f10-8056-416e-a2a4-dd085f6c7864@group-9ED9FEE0098D-LeaderElection39] INFO  impl.RoleInfo (RoleInfo.java:shutdownLeaderElection(134)) - 0f256f10-8056-416e-a2a4-dd085f6c7864: shutdown LeaderElection
2019-10-17 06:30:47,887 [0f256f10-8056-416e-a2a4-dd085f6c7864@group-9ED9FEE0098D-LeaderElection39] INFO  impl.RoleInfo (RoleInfo.java:updateAndGet(143)) - 0f256f10-8056-416e-a2a4-dd085f6c7864: start FollowerState
2019-10-17 06:30:48,023 [Thread-1592] INFO  impl.FollowerState (FollowerState.java:run(108)) - 0f256f10-8056-416e-a2a4-dd085f6c7864@group-9ED9FEE0098D-FollowerState: change to CANDIDATE, lastRpcTime:135ms, electionTimeout:135ms
2019-10-17 06:30:48,023 [Thread-1592] INFO  impl.RoleInfo (RoleInfo.java:shutdownFollowerState(121)) - 0f256f10-8056-416e-a2a4-dd085f6c7864: shutdown FollowerState
2019-10-17 06:30:48,023 [Thread-1592] INFO  impl.RaftServerImpl (RaftServerImpl.java:setRole(184)) - 0f256f10-8056-416e-a2a4-dd085f6c7864@group-9ED9FEE0098D: changes role from  FOLLOWER to CANDIDATE at term 15 for changeToCandidate
2019-10-17 06:30:48,023 [Thread-1592] INFO  impl.RoleInfo (RoleInfo.java:updateAndGet(143)) - 0f256f10-8056-416e-a2a4-dd085f6c7864: start LeaderElection
2019-10-17 06:30:48,046 [0f256f10-8056-416e-a2a4-dd085f6c7864@group-9ED9FEE0098D-LeaderElection40] INFO  impl.LeaderElection (LeaderElection.java:askForVotes(178)) - 0f256f10-8056-416e-a2a4-dd085f6c7864@group-9ED9FEE0098D-LeaderElection40: begin an election at term 16 for -1: [2f64f904-2283-4e96-b4e2-6c9018f13084:192.168.34.62:40373, 0f256f10-8056-416e-a2a4-dd085f6c7864:192.168.34.62:35674, 07fb1a7b-fe02-4a56-ac24-3020e88d4db0:192.168.34.62:46434], old=null
2019-10-17 06:30:48,049 [grpc-default-executor-5] INFO  impl.RaftServerImpl (RaftServerImpl.java:setRole(184)) - 07fb1a7b-fe02-4a56-ac24-3020e88d4db0@group-9ED9FEE0098D: changes role from  FOLLOWER to FOLLOWER at term 16 for recognizeCandidate:0f256f10-8056-416e-a2a4-dd085f6c7864
2019-10-17 06:30:48,049 [grpc-default-executor-1] INFO  impl.RaftServerImpl (RaftServerImpl.java:setRole(184)) - 2f64f904-2283-4e96-b4e2-6c9018f13084@group-9ED9FEE0098D: changes role from  FOLLOWER to FOLLOWER at term 16 for recognizeCandidate:0f256f10-8056-416e-a2a4-dd085f6c7864
2019-10-17 06:30:48,049 [grpc-default-executor-5] INFO  impl.RoleInfo (RoleInfo.java:shutdownFollowerState(121)) - 07fb1a7b-fe02-4a56-ac24-3020e88d4db0: shutdown FollowerState
2019-10-17 06:30:48,049 [grpc-default-executor-1] INFO  impl.RoleInfo (RoleInfo.java:shutdownFollowerState(121)) - 2f64f904-2283-4e96-b4e2-6c9018f13084: shutdown FollowerState
2019-10-17 06:30:48,049 [Thread-1590] INFO  impl.FollowerState (FollowerState.java:run(117)) - 07fb1a7b-fe02-4a56-ac24-3020e88d4db0@group-9ED9FEE0098D-FollowerState was interrupted: java.lang.InterruptedException: sleep interrupted
2019-10-17 06:30:48,049 [grpc-default-executor-5] INFO  impl.RoleInfo (RoleInfo.java:updateAndGet(143)) - 07fb1a7b-fe02-4a56-ac24-3020e88d4db0: start FollowerState
2019-10-17 06:30:48,050 [Thread-1591] INFO  impl.FollowerState (FollowerState.java:run(117)) - 2f64f904-2283-4e96-b4e2-6c9018f13084@group-9ED9FEE0098D-FollowerState was interrupted: java.lang.InterruptedException: sleep interrupted
2019-10-17 06:30:48,050 [grpc-default-executor-1] INFO  impl.RoleInfo (RoleInfo.java:updateAndGet(143)) - 2f64f904-2283-4e96-b4e2-6c9018f13084: start FollowerState
2019-10-17 06:30:48,092 [0f256f10-8056-416e-a2a4-dd085f6c7864@group-9ED9FEE0098D-LeaderElection40] INFO  impl.LeaderElection (LeaderElection.java:logAndReturn(56)) - 0f256f10-8056-416e-a2a4-dd085f6c7864@group-9ED9FEE0098D-LeaderElection40: Election REJECTED; received 2 response(s) [0f256f10-8056-416e-a2a4-dd085f6c7864<-2f64f904-2283-4e96-b4e2-6c9018f13084#0:FAIL-t16, 0f256f10-8056-416e-a2a4-dd085f6c7864<-07fb1a7b-fe02-4a56-ac24-3020e88d4db0#0:FAIL-t16] and 0 exception(s); 0f256f10-8056-416e-a2a4-dd085f6c7864@group-9ED9FEE0098D:t16, leader=null, voted=0f256f10-8056-416e-a2a4-dd085f6c7864, raftlog=0f256f10-8056-416e-a2a4-dd085f6c7864@group-9ED9FEE0098D-SegmentedRaftLog:OPENED:c-1,f-1,i0, conf=-1: [2f64f904-2283-4e96-b4e2-6c9018f13084:192.168.34.62:40373, 0f256f10-8056-416e-a2a4-dd085f6c7864:192.168.34.62:35674, 07fb1a7b-fe02-4a56-ac24-3020e88d4db0:192.168.34.62:46434], old=null
2019-10-17 06:30:48,092 [0f256f10-8056-416e-a2a4-dd085f6c7864@group-9ED9FEE0098D-LeaderElection40] INFO  impl.RaftServerImpl (RaftServerImpl.java:setRole(184)) - 0f256f10-8056-416e-a2a4-dd085f6c7864@group-9ED9FEE0098D: changes role from CANDIDATE to FOLLOWER at term 16 for DISCOVERED_A_NEW_TERM
2019-10-17 06:30:48,092 [0f256f10-8056-416e-a2a4-dd085f6c7864@group-9ED9FEE0098D-LeaderElection40] INFO  impl.RoleInfo (RoleInfo.java:shutdownLeaderElection(134)) - 0f256f10-8056-416e-a2a4-dd085f6c7864: shutdown LeaderElection
2019-10-17 06:30:48,092 [0f256f10-8056-416e-a2a4-dd085f6c7864@group-9ED9FEE0098D-LeaderElection40] INFO  impl.RoleInfo (RoleInfo.java:updateAndGet(143)) - 0f256f10-8056-416e-a2a4-dd085f6c7864: start FollowerState
2019-10-17 06:30:48,291 [Thread-1598] INFO  impl.FollowerState (FollowerState.java:run(108)) - 0f256f10-8056-416e-a2a4-dd085f6c7864@group-9ED9FEE0098D-FollowerState: change to CANDIDATE, lastRpcTime:198ms, electionTimeout:198ms
2019-10-17 06:30:48,291 [Thread-1598] INFO  impl.RoleInfo (RoleInfo.java:shutdownFollowerState(121)) - 0f256f10-8056-416e-a2a4-dd085f6c7864: shutdown FollowerState
2019-10-17 06:30:48,291 [Thread-1598] INFO  impl.RaftServerImpl (RaftServerImpl.java:setRole(184)) - 0f256f10-8056-416e-a2a4-dd085f6c7864@group-9ED9FEE0098D: changes role from  FOLLOWER to CANDIDATE at term 16 for changeToCandidate
2019-10-17 06:30:48,291 [Thread-1598] INFO  impl.RoleInfo (RoleInfo.java:updateAndGet(143)) - 0f256f10-8056-416e-a2a4-dd085f6c7864: start LeaderElection
2019-10-17 06:30:48,309 [0f256f10-8056-416e-a2a4-dd085f6c7864@group-9ED9FEE0098D-LeaderElection41] INFO  impl.LeaderElection (LeaderElection.java:askForVotes(178)) - 0f256f10-8056-416e-a2a4-dd085f6c7864@group-9ED9FEE0098D-LeaderElection41: begin an election at term 17 for -1: [2f64f904-2283-4e96-b4e2-6c9018f13084:192.168.34.62:40373, 0f256f10-8056-416e-a2a4-dd085f6c7864:192.168.34.62:35674, 07fb1a7b-fe02-4a56-ac24-3020e88d4db0:192.168.34.62:46434], old=null
2019-10-17 06:30:48,312 [grpc-default-executor-5] INFO  impl.RaftServerImpl (RaftServerImpl.java:setRole(184)) - 07fb1a7b-fe02-4a56-ac24-3020e88d4db0@group-9ED9FEE0098D: changes role from  FOLLOWER to FOLLOWER at term 17 for recognizeCandidate:0f256f10-8056-416e-a2a4-dd085f6c7864
2019-10-17 06:30:48,312 [grpc-default-executor-1] INFO  impl.RaftServerImpl (RaftServerImpl.java:setRole(184)) - 2f64f904-2283-4e96-b4e2-6c9018f13084@group-9ED9FEE0098D: changes role from  FOLLOWER to FOLLOWER at term 17 for recognizeCandidate:0f256f10-8056-416e-a2a4-dd085f6c7864
2019-10-17 06:30:48,312 [grpc-default-executor-5] INFO  impl.RoleInfo (RoleInfo.java:shutdownFollowerState(121)) - 07fb1a7b-fe02-4a56-ac24-3020e88d4db0: shutdown FollowerState
2019-10-17 06:30:48,313 [grpc-default-executor-1] INFO  impl.RoleInfo (RoleInfo.java:shutdownFollowerState(121)) - 2f64f904-2283-4e96-b4e2-6c9018f13084: shutdown FollowerState
2019-10-17 06:30:48,313 [grpc-default-executor-5] INFO  impl.RoleInfo (RoleInfo.java:updateAndGet(143)) - 07fb1a7b-fe02-4a56-ac24-3020e88d4db0: start FollowerState
2019-10-17 06:30:48,313 [Thread-1597] INFO  impl.FollowerState (FollowerState.java:run(117)) - 2f64f904-2283-4e96-b4e2-6c9018f13084@group-9ED9FEE0098D-FollowerState was interrupted: java.lang.InterruptedException: sleep interrupted
2019-10-17 06:30:48,313 [grpc-default-executor-1] INFO  impl.RoleInfo (RoleInfo.java:updateAndGet(143)) - 2f64f904-2283-4e96-b4e2-6c9018f13084: start FollowerState
2019-10-17 06:30:48,313 [Thread-1596] INFO  impl.FollowerState (FollowerState.java:run(117)) - 07fb1a7b-fe02-4a56-ac24-3020e88d4db0@group-9ED9FEE0098D-FollowerState was interrupted: java.lang.InterruptedException: sleep interrupted
2019-10-17 06:30:48,334 [0f256f10-8056-416e-a2a4-dd085f6c7864@group-9ED9FEE0098D-LeaderElection41] INFO  impl.LeaderElection (LeaderElection.java:logAndReturn(56)) - 0f256f10-8056-416e-a2a4-dd085f6c7864@group-9ED9FEE0098D-LeaderElection41: Election TIMEOUT; received 0 response(s) [] and 0 exception(s); 0f256f10-8056-416e-a2a4-dd085f6c7864@group-9ED9FEE0098D:t17, leader=null, voted=0f256f10-8056-416e-a2a4-dd085f6c7864, raftlog=0f256f10-8056-416e-a2a4-dd085f6c7864@group-9ED9FEE0098D-SegmentedRaftLog:OPENED:c-1,f-1,i0, conf=-1: [2f64f904-2283-4e96-b4e2-6c9018f13084:192.168.34.62:40373, 0f256f10-8056-416e-a2a4-dd085f6c7864:192.168.34.62:35674, 07fb1a7b-fe02-4a56-ac24-3020e88d4db0:192.168.34.62:46434], old=null
2019-10-17 06:30:48,378 [0f256f10-8056-416e-a2a4-dd085f6c7864@group-9ED9FEE0098D-LeaderElection41] INFO  impl.LeaderElection (LeaderElection.java:askForVotes(178)) - 0f256f10-8056-416e-a2a4-dd085f6c7864@group-9ED9FEE0098D-LeaderElection41: begin an election at term 18 for -1: [2f64f904-2283-4e96-b4e2-6c9018f13084:192.168.34.62:40373, 0f256f10-8056-416e-a2a4-dd085f6c7864:192.168.34.62:35674, 07fb1a7b-fe02-4a56-ac24-3020e88d4db0:192.168.34.62:46434], old=null
2019-10-17 06:30:48,380 [grpc-default-executor-5] INFO  impl.RaftServerImpl (RaftServerImpl.java:setRole(184)) - 07fb1a7b-fe02-4a56-ac24-3020e88d4db0@group-9ED9FEE0098D: changes role from  FOLLOWER to FOLLOWER at term 18 for recognizeCandidate:0f256f10-8056-416e-a2a4-dd085f6c7864
2019-10-17 06:30:48,380 [grpc-default-executor-5] INFO  impl.RoleInfo (RoleInfo.java:shutdownFollowerState(121)) - 07fb1a7b-fe02-4a56-ac24-3020e88d4db0: shutdown FollowerState
2019-10-17 06:30:48,380 [grpc-default-executor-5] INFO  impl.RoleInfo (RoleInfo.java:updateAndGet(143)) - 07fb1a7b-fe02-4a56-ac24-3020e88d4db0: start FollowerState
2019-10-17 06:30:48,380 [Thread-1602] INFO  impl.FollowerState (FollowerState.java:run(117)) - 07fb1a7b-fe02-4a56-ac24-3020e88d4db0@group-9ED9FEE0098D-FollowerState was interrupted: java.lang.InterruptedException: sleep interrupted
2019-10-17 06:30:48,381 [grpc-default-executor-1] INFO  impl.RaftServerImpl (RaftServerImpl.java:setRole(184)) - 2f64f904-2283-4e96-b4e2-6c9018f13084@group-9ED9FEE0098D: changes role from  FOLLOWER to FOLLOWER at term 18 for recognizeCandidate:0f256f10-8056-416e-a2a4-dd085f6c7864
2019-10-17 06:30:48,381 [grpc-default-executor-1] INFO  impl.RoleInfo (RoleInfo.java:shutdownFollowerState(121)) - 2f64f904-2283-4e96-b4e2-6c9018f13084: shutdown FollowerState
2019-10-17 06:30:48,381 [grpc-default-executor-1] INFO  impl.RoleInfo (RoleInfo.java:updateAndGet(143)) - 2f64f904-2283-4e96-b4e2-6c9018f13084: start FollowerState
2019-10-17 06:30:48,381 [Thread-1603] INFO  impl.FollowerState (FollowerState.java:run(117)) - 2f64f904-2283-4e96-b4e2-6c9018f13084@group-9ED9FEE0098D-FollowerState was interrupted: java.lang.InterruptedException: sleep interrupted
2019-10-17 06:30:48,440 [0f256f10-8056-416e-a2a4-dd085f6c7864@group-9ED9FEE0098D-LeaderElection41] INFO  impl.LeaderElection (LeaderElection.java:logAndReturn(56)) - 0f256f10-8056-416e-a2a4-dd085f6c7864@group-9ED9FEE0098D-LeaderElection41: Election REJECTED; received 2 response(s) [0f256f10-8056-416e-a2a4-dd085f6c7864<-2f64f904-2283-4e96-b4e2-6c9018f13084#0:FAIL-t18, 0f256f10-8056-416e-a2a4-dd085f6c7864<-07fb1a7b-fe02-4a56-ac24-3020e88d4db0#0:FAIL-t18] and 0 exception(s); 0f256f10-8056-416e-a2a4-dd085f6c7864@group-9ED9FEE0098D:t18, leader=null, voted=0f256f10-8056-416e-a2a4-dd085f6c7864, raftlog=0f256f10-8056-416e-a2a4-dd085f6c7864@group-9ED9FEE0098D-SegmentedRaftLog:OPENED:c-1,f-1,i0, conf=-1: [2f64f904-2283-4e96-b4e2-6c9018f13084:192.168.34.62:40373, 0f256f10-8056-416e-a2a4-dd085f6c7864:192.168.34.62:35674, 07fb1a7b-fe02-4a56-ac24-3020e88d4db0:192.168.34.62:46434], old=null
2019-10-17 06:30:48,440 [0f256f10-8056-416e-a2a4-dd085f6c7864@group-9ED9FEE0098D-LeaderElection41] INFO  impl.RaftServerImpl (RaftServerImpl.java:setRole(184)) - 0f256f10-8056-416e-a2a4-dd085f6c7864@group-9ED9FEE0098D: changes role from CANDIDATE to FOLLOWER at term 18 for DISCOVERED_A_NEW_TERM
2019-10-17 06:30:48,440 [0f256f10-8056-416e-a2a4-dd085f6c7864@group-9ED9FEE0098D-LeaderElection41] INFO  impl.RoleInfo (RoleInfo.java:shutdownLeaderElection(134)) - 0f256f10-8056-416e-a2a4-dd085f6c7864: shutdown LeaderElection
2019-10-17 06:30:48,440 [0f256f10-8056-416e-a2a4-dd085f6c7864@group-9ED9FEE0098D-LeaderElection41] INFO  impl.RoleInfo (RoleInfo.java:updateAndGet(143)) - 0f256f10-8056-416e-a2a4-dd085f6c7864: start FollowerState
2019-10-17 06:30:48,563 [Thread-1608] INFO  impl.FollowerState (FollowerState.java:run(108)) - 0f256f10-8056-416e-a2a4-dd085f6c7864@group-9ED9FEE0098D-FollowerState: change to CANDIDATE, lastRpcTime:122ms, electionTimeout:122ms
2019-10-17 06:30:48,563 [Thread-1608] INFO  impl.RoleInfo (RoleInfo.java:shutdownFollowerState(121)) - 0f256f10-8056-416e-a2a4-dd085f6c7864: shutdown FollowerState
2019-10-17 06:30:48,563 [Thread-1608] INFO  impl.RaftServerImpl (RaftServerImpl.java:setRole(184)) - 0f256f10-8056-416e-a2a4-dd085f6c7864@group-9ED9FEE0098D: changes role from  FOLLOWER to CANDIDATE at term 18 for changeToCandidate
2019-10-17 06:30:48,563 [Thread-1608] INFO  impl.RoleInfo (RoleInfo.java:updateAndGet(143)) - 0f256f10-8056-416e-a2a4-dd085f6c7864: start LeaderElection
2019-10-17 06:30:48,587 [0f256f10-8056-416e-a2a4-dd085f6c7864@group-9ED9FEE0098D-LeaderElection42] INFO  impl.LeaderElection (LeaderElection.java:askForVotes(178)) - 0f256f10-8056-416e-a2a4-dd085f6c7864@group-9ED9FEE0098D-LeaderElection42: begin an election at term 19 for -1: [2f64f904-2283-4e96-b4e2-6c9018f13084:192.168.34.62:40373, 0f256f10-8056-416e-a2a4-dd085f6c7864:192.168.34.62:35674, 07fb1a7b-fe02-4a56-ac24-3020e88d4db0:192.168.34.62:46434], old=null
2019-10-17 06:30:48,589 [grpc-default-executor-1] INFO  impl.RaftServerImpl (RaftServerImpl.java:setRole(184)) - 2f64f904-2283-4e96-b4e2-6c9018f13084@group-9ED9FEE0098D: changes role from  FOLLOWER to FOLLOWER at term 19 for recognizeCandidate:0f256f10-8056-416e-a2a4-dd085f6c7864
2019-10-17 06:30:48,589 [grpc-default-executor-5] INFO  impl.RaftServerImpl (RaftServerImpl.java:setRole(184)) - 07fb1a7b-fe02-4a56-ac24-3020e88d4db0@group-9ED9FEE0098D: changes role from  FOLLOWER to FOLLOWER at term 19 for recognizeCandidate:0f256f10-8056-416e-a2a4-dd085f6c7864
2019-10-17 06:30:48,590 [grpc-default-executor-1] INFO  impl.RoleInfo (RoleInfo.java:shutdownFollowerState(121)) - 2f64f904-2283-4e96-b4e2-6c9018f13084: shutdown FollowerState
2019-10-17 06:30:48,590 [grpc-default-executor-5] INFO  impl.RoleInfo (RoleInfo.java:shutdownFollowerState(121)) - 07fb1a7b-fe02-4a56-ac24-3020e88d4db0: shutdown FollowerState
2019-10-17 06:30:48,590 [Thread-1607] INFO  impl.FollowerState (FollowerState.java:run(117)) - 2f64f904-2283-4e96-b4e2-6c9018f13084@group-9ED9FEE0098D-FollowerState was interrupted: java.lang.InterruptedException: sleep interrupted
2019-10-17 06:30:48,590 [grpc-default-executor-1] INFO  impl.RoleInfo (RoleInfo.java:updateAndGet(143)) - 2f64f904-2283-4e96-b4e2-6c9018f13084: start FollowerState
2019-10-17 06:30:48,590 [Thread-1606] INFO  impl.FollowerState (FollowerState.java:run(117)) - 07fb1a7b-fe02-4a56-ac24-3020e88d4db0@group-9ED9FEE0098D-FollowerState was interrupted: java.lang.InterruptedException: sleep interrupted
2019-10-17 06:30:48,590 [grpc-default-executor-5] INFO  impl.RoleInfo (RoleInfo.java:updateAndGet(143)) - 07fb1a7b-fe02-4a56-ac24-3020e88d4db0: start FollowerState
2019-10-17 06:30:48,631 [Thread-1202] INFO  ozone.MiniOzoneClusterImpl (MiniOzoneClusterImpl.java:lambda$waitForClusterToBeReady$2(164)) - Waiting for 1 number of pipelines out of 4, to report a leader.
2019-10-17 06:30:48,642 [0f256f10-8056-416e-a2a4-dd085f6c7864@group-9ED9FEE0098D-LeaderElection42] INFO  impl.LeaderElection (LeaderElection.java:logAndReturn(56)) - 0f256f10-8056-416e-a2a4-dd085f6c7864@group-9ED9FEE0098D-LeaderElection42: Election REJECTED; received 2 response(s) [0f256f10-8056-416e-a2a4-dd085f6c7864<-2f64f904-2283-4e96-b4e2-6c9018f13084#0:FAIL-t19, 0f256f10-8056-416e-a2a4-dd085f6c7864<-07fb1a7b-fe02-4a56-ac24-3020e88d4db0#0:FAIL-t19] and 0 exception(s); 0f256f10-8056-416e-a2a4-dd085f6c7864@group-9ED9FEE0098D:t19, leader=null, voted=0f256f10-8056-416e-a2a4-dd085f6c7864, raftlog=0f256f10-8056-416e-a2a4-dd085f6c7864@group-9ED9FEE0098D-SegmentedRaftLog:OPENED:c-1,f-1,i0, conf=-1: [2f64f904-2283-4e96-b4e2-6c9018f13084:192.168.34.62:40373, 0f256f10-8056-416e-a2a4-dd085f6c7864:192.168.34.62:35674, 07fb1a7b-fe02-4a56-ac24-3020e88d4db0:192.168.34.62:46434], old=null
2019-10-17 06:30:48,642 [0f256f10-8056-416e-a2a4-dd085f6c7864@group-9ED9FEE0098D-LeaderElection42] INFO  impl.RaftServerImpl (RaftServerImpl.java:setRole(184)) - 0f256f10-8056-416e-a2a4-dd085f6c7864@group-9ED9FEE0098D: changes role from CANDIDATE to FOLLOWER at term 19 for DISCOVERED_A_NEW_TERM
2019-10-17 06:30:48,642 [0f256f10-8056-416e-a2a4-dd085f6c7864@group-9ED9FEE0098D-LeaderElection42] INFO  impl.RoleInfo (RoleInfo.java:shutdownLeaderElection(134)) - 0f256f10-8056-416e-a2a4-dd085f6c7864: shutdown LeaderElection
2019-10-17 06:30:48,642 [0f256f10-8056-416e-a2a4-dd085f6c7864@group-9ED9FEE0098D-LeaderElection42] INFO  impl.RoleInfo (RoleInfo.java:updateAndGet(143)) - 0f256f10-8056-416e-a2a4-dd085f6c7864: start FollowerState
2019-10-17 06:30:48,653 [Thread-1614] INFO  impl.FollowerState (FollowerState.java:run(108)) - 0f256f10-8056-416e-a2a4-dd085f6c7864@group-9ED9FEE0098D-FollowerState: change to CANDIDATE, lastRpcTime:10ms, electionTimeout:10ms
2019-10-17 06:30:48,653 [Thread-1614] INFO  impl.RoleInfo (RoleInfo.java:shutdownFollowerState(121)) - 0f256f10-8056-416e-a2a4-dd085f6c7864: shutdown FollowerState
2019-10-17 06:30:48,653 [Thread-1614] INFO  impl.RaftServerImpl (RaftServerImpl.java:setRole(184)) - 0f256f10-8056-416e-a2a4-dd085f6c7864@group-9ED9FEE0098D: changes role from  FOLLOWER to CANDIDATE at term 19 for changeToCandidate
2019-10-17 06:30:48,653 [Thread-1614] INFO  impl.RoleInfo (RoleInfo.java:updateAndGet(143)) - 0f256f10-8056-416e-a2a4-dd085f6c7864: start LeaderElection
2019-10-17 06:30:48,699 [0f256f10-8056-416e-a2a4-dd085f6c7864@group-9ED9FEE0098D-LeaderElection43] INFO  impl.LeaderElection (LeaderElection.java:askForVotes(178)) - 0f256f10-8056-416e-a2a4-dd085f6c7864@group-9ED9FEE0098D-LeaderElection43: begin an election at term 20 for -1: [2f64f904-2283-4e96-b4e2-6c9018f13084:192.168.34.62:40373, 0f256f10-8056-416e-a2a4-dd085f6c7864:192.168.34.62:35674, 07fb1a7b-fe02-4a56-ac24-3020e88d4db0:192.168.34.62:46434], old=null
2019-10-17 06:30:48,702 [grpc-default-executor-5] INFO  impl.RaftServerImpl (RaftServerImpl.java:setRole(184)) - 07fb1a7b-fe02-4a56-ac24-3020e88d4db0@group-9ED9FEE0098D: changes role from  FOLLOWER to FOLLOWER at term 20 for recognizeCandidate:0f256f10-8056-416e-a2a4-dd085f6c7864
2019-10-17 06:30:48,702 [grpc-default-executor-5] INFO  impl.RoleInfo (RoleInfo.java:shutdownFollowerState(121)) - 07fb1a7b-fe02-4a56-ac24-3020e88d4db0: shutdown FollowerState
2019-10-17 06:30:48,702 [grpc-default-executor-1] INFO  impl.RaftServerImpl (RaftServerImpl.java:setRole(184)) - 2f64f904-2283-4e96-b4e2-6c9018f13084@group-9ED9FEE0098D: changes role from  FOLLOWER to FOLLOWER at term 20 for recognizeCandidate:0f256f10-8056-416e-a2a4-dd085f6c7864
2019-10-17 06:30:48,702 [grpc-default-executor-1] INFO  impl.RoleInfo (RoleInfo.java:shutdownFollowerState(121)) - 2f64f904-2283-4e96-b4e2-6c9018f13084: shutdown FollowerState
2019-10-17 06:30:48,702 [Thread-1613] INFO  impl.FollowerState (FollowerState.java:run(117)) - 07fb1a7b-fe02-4a56-ac24-3020e88d4db0@group-9ED9FEE0098D-FollowerState was interrupted: java.lang.InterruptedException: sleep interrupted
2019-10-17 06:30:48,702 [grpc-default-executor-5] INFO  impl.RoleInfo (RoleInfo.java:updateAndGet(143)) - 07fb1a7b-fe02-4a56-ac24-3020e88d4db0: start FollowerState
2019-10-17 06:30:48,703 [Thread-1612] INFO  impl.FollowerState (FollowerState.java:run(117)) - 2f64f904-2283-4e96-b4e2-6c9018f13084@group-9ED9FEE0098D-FollowerState was interrupted: java.lang.InterruptedException: sleep interrupted
2019-10-17 06:30:48,702 [grpc-default-executor-1] INFO  impl.RoleInfo (RoleInfo.java:updateAndGet(143)) - 2f64f904-2283-4e96-b4e2-6c9018f13084: start FollowerState
2019-10-17 06:30:48,746 [0f256f10-8056-416e-a2a4-dd085f6c7864@group-9ED9FEE0098D-LeaderElection43] INFO  impl.LeaderElection (LeaderElection.java:logAndReturn(56)) - 0f256f10-8056-416e-a2a4-dd085f6c7864@group-9ED9FEE0098D-LeaderElection43: Election REJECTED; received 2 response(s) [0f256f10-8056-416e-a2a4-dd085f6c7864<-2f64f904-2283-4e96-b4e2-6c9018f13084#0:FAIL-t20, 0f256f10-8056-416e-a2a4-dd085f6c7864<-07fb1a7b-fe02-4a56-ac24-3020e88d4db0#0:FAIL-t20] and 0 exception(s); 0f256f10-8056-416e-a2a4-dd085f6c7864@group-9ED9FEE0098D:t20, leader=null, voted=0f256f10-8056-416e-a2a4-dd085f6c7864, raftlog=0f256f10-8056-416e-a2a4-dd085f6c7864@group-9ED9FEE0098D-SegmentedRaftLog:OPENED:c-1,f-1,i0, conf=-1: [2f64f904-2283-4e96-b4e2-6c9018f13084:192.168.34.62:40373, 0f256f10-8056-416e-a2a4-dd085f6c7864:192.168.34.62:35674, 07fb1a7b-fe02-4a56-ac24-3020e88d4db0:192.168.34.62:46434], old=null
2019-10-17 06:30:48,746 [0f256f10-8056-416e-a2a4-dd085f6c7864@group-9ED9FEE0098D-LeaderElection43] INFO  impl.RaftServerImpl (RaftServerImpl.java:setRole(184)) - 0f256f10-8056-416e-a2a4-dd085f6c7864@group-9ED9FEE0098D: changes role from CANDIDATE to FOLLOWER at term 20 for DISCOVERED_A_NEW_TERM
2019-10-17 06:30:48,747 [0f256f10-8056-416e-a2a4-dd085f6c7864@group-9ED9FEE0098D-LeaderElection43] INFO  impl.RoleInfo (RoleInfo.java:shutdownLeaderElection(134)) - 0f256f10-8056-416e-a2a4-dd085f6c7864: shutdown LeaderElection
2019-10-17 06:30:48,747 [0f256f10-8056-416e-a2a4-dd085f6c7864@group-9ED9FEE0098D-LeaderElection43] INFO  impl.RoleInfo (RoleInfo.java:updateAndGet(143)) - 0f256f10-8056-416e-a2a4-dd085f6c7864: start FollowerState
2019-10-17 06:30:48,924 [Thread-1620] INFO  impl.FollowerState (FollowerState.java:run(108)) - 0f256f10-8056-416e-a2a4-dd085f6c7864@group-9ED9FEE0098D-FollowerState: change to CANDIDATE, lastRpcTime:177ms, electionTimeout:177ms
2019-10-17 06:30:48,924 [Thread-1620] INFO  impl.RoleInfo (RoleInfo.java:shutdownFollowerState(121)) - 0f256f10-8056-416e-a2a4-dd085f6c7864: shutdown FollowerState
2019-10-17 06:30:48,924 [Thread-1620] INFO  impl.RaftServerImpl (RaftServerImpl.java:setRole(184)) - 0f256f10-8056-416e-a2a4-dd085f6c7864@group-9ED9FEE0098D: changes role from  FOLLOWER to CANDIDATE at term 20 for changeToCandidate
2019-10-17 06:30:48,924 [Thread-1620] INFO  impl.RoleInfo (RoleInfo.java:updateAndGet(143)) - 0f256f10-8056-416e-a2a4-dd085f6c7864: start LeaderElection
2019-10-17 06:30:48,976 [0f256f10-8056-416e-a2a4-dd085f6c7864@group-9ED9FEE0098D-LeaderElection44] INFO  impl.LeaderElection (LeaderElection.java:askForVotes(178)) - 0f256f10-8056-416e-a2a4-dd085f6c7864@group-9ED9FEE0098D-LeaderElection44: begin an election at term 21 for -1: [2f64f904-2283-4e96-b4e2-6c9018f13084:192.168.34.62:40373, 0f256f10-8056-416e-a2a4-dd085f6c7864:192.168.34.62:35674, 07fb1a7b-fe02-4a56-ac24-3020e88d4db0:192.168.34.62:46434], old=null
2019-10-17 06:30:48,978 [grpc-default-executor-1] INFO  impl.RaftServerImpl (RaftServerImpl.java:setRole(184)) - 2f64f904-2283-4e96-b4e2-6c9018f13084@group-9ED9FEE0098D: changes role from  FOLLOWER to FOLLOWER at term 21 for recognizeCandidate:0f256f10-8056-416e-a2a4-dd085f6c7864
2019-10-17 06:30:48,978 [grpc-default-executor-5] INFO  impl.RaftServerImpl (RaftServerImpl.java:setRole(184)) - 07fb1a7b-fe02-4a56-ac24-3020e88d4db0@group-9ED9FEE0098D: changes role from  FOLLOWER to FOLLOWER at term 21 for recognizeCandidate:0f256f10-8056-416e-a2a4-dd085f6c7864
2019-10-17 06:30:48,978 [grpc-default-executor-1] INFO  impl.RoleInfo (RoleInfo.java:shutdownFollowerState(121)) - 2f64f904-2283-4e96-b4e2-6c9018f13084: shutdown FollowerState
2019-10-17 06:30:48,979 [grpc-default-executor-1] INFO  impl.RoleInfo (RoleInfo.java:updateAndGet(143)) - 2f64f904-2283-4e96-b4e2-6c9018f13084: start FollowerState
2019-10-17 06:30:48,978 [grpc-default-executor-5] INFO  impl.RoleInfo (RoleInfo.java:shutdownFollowerState(121)) - 07fb1a7b-fe02-4a56-ac24-3020e88d4db0: shutdown FollowerState
2019-10-17 06:30:48,979 [Thread-1619] INFO  impl.FollowerState (FollowerState.java:run(117)) - 2f64f904-2283-4e96-b4e2-6c9018f13084@group-9ED9FEE0098D-FollowerState was interrupted: java.lang.InterruptedException: sleep interrupted
2019-10-17 06:30:48,979 [Thread-1618] INFO  impl.FollowerState (FollowerState.java:run(117)) - 07fb1a7b-fe02-4a56-ac24-3020e88d4db0@group-9ED9FEE0098D-FollowerState was interrupted: java.lang.InterruptedException: sleep interrupted
2019-10-17 06:30:48,979 [grpc-default-executor-5] INFO  impl.RoleInfo (RoleInfo.java:updateAndGet(143)) - 07fb1a7b-fe02-4a56-ac24-3020e88d4db0: start FollowerState
2019-10-17 06:30:49,032 [0f256f10-8056-416e-a2a4-dd085f6c7864@group-9ED9FEE0098D-LeaderElection44] INFO  impl.LeaderElection (LeaderElection.java:logAndReturn(56)) - 0f256f10-8056-416e-a2a4-dd085f6c7864@group-9ED9FEE0098D-LeaderElection44: Election REJECTED; received 2 response(s) [0f256f10-8056-416e-a2a4-dd085f6c7864<-2f64f904-2283-4e96-b4e2-6c9018f13084#0:FAIL-t21, 0f256f10-8056-416e-a2a4-dd085f6c7864<-07fb1a7b-fe02-4a56-ac24-3020e88d4db0#0:FAIL-t21] and 0 exception(s); 0f256f10-8056-416e-a2a4-dd085f6c7864@group-9ED9FEE0098D:t21, leader=null, voted=0f256f10-8056-416e-a2a4-dd085f6c7864, raftlog=0f256f10-8056-416e-a2a4-dd085f6c7864@group-9ED9FEE0098D-SegmentedRaftLog:OPENED:c-1,f-1,i0, conf=-1: [2f64f904-2283-4e96-b4e2-6c9018f13084:192.168.34.62:40373, 0f256f10-8056-416e-a2a4-dd085f6c7864:192.168.34.62:35674, 07fb1a7b-fe02-4a56-ac24-3020e88d4db0:192.168.34.62:46434], old=null
2019-10-17 06:30:49,032 [0f256f10-8056-416e-a2a4-dd085f6c7864@group-9ED9FEE0098D-LeaderElection44] INFO  impl.RaftServerImpl (RaftServerImpl.java:setRole(184)) - 0f256f10-8056-416e-a2a4-dd085f6c7864@group-9ED9FEE0098D: changes role from CANDIDATE to FOLLOWER at term 21 for DISCOVERED_A_NEW_TERM
2019-10-17 06:30:49,032 [0f256f10-8056-416e-a2a4-dd085f6c7864@group-9ED9FEE0098D-LeaderElection44] INFO  impl.RoleInfo (RoleInfo.java:shutdownLeaderElection(134)) - 0f256f10-8056-416e-a2a4-dd085f6c7864: shutdown LeaderElection
2019-10-17 06:30:49,032 [0f256f10-8056-416e-a2a4-dd085f6c7864@group-9ED9FEE0098D-LeaderElection44] INFO  impl.RoleInfo (RoleInfo.java:updateAndGet(143)) - 0f256f10-8056-416e-a2a4-dd085f6c7864: start FollowerState
2019-10-17 06:30:49,219 [Thread-1626] INFO  impl.FollowerState (FollowerState.java:run(108)) - 0f256f10-8056-416e-a2a4-dd085f6c7864@group-9ED9FEE0098D-FollowerState: change to CANDIDATE, lastRpcTime:187ms, electionTimeout:187ms
2019-10-17 06:30:49,220 [Thread-1626] INFO  impl.RoleInfo (RoleInfo.java:shutdownFollowerState(121)) - 0f256f10-8056-416e-a2a4-dd085f6c7864: shutdown FollowerState
2019-10-17 06:30:49,220 [Thread-1626] INFO  impl.RaftServerImpl (RaftServerImpl.java:setRole(184)) - 0f256f10-8056-416e-a2a4-dd085f6c7864@group-9ED9FEE0098D: changes role from  FOLLOWER to CANDIDATE at term 21 for changeToCandidate
2019-10-17 06:30:49,220 [Thread-1626] INFO  impl.RoleInfo (RoleInfo.java:updateAndGet(143)) - 0f256f10-8056-416e-a2a4-dd085f6c7864: start LeaderElection
2019-10-17 06:30:49,294 [0f256f10-8056-416e-a2a4-dd085f6c7864@group-9ED9FEE0098D-LeaderElection45] INFO  impl.LeaderElection (LeaderElection.java:askForVotes(178)) - 0f256f10-8056-416e-a2a4-dd085f6c7864@group-9ED9FEE0098D-LeaderElection45: begin an election at term 22 for -1: [2f64f904-2283-4e96-b4e2-6c9018f13084:192.168.34.62:40373, 0f256f10-8056-416e-a2a4-dd085f6c7864:192.168.34.62:35674, 07fb1a7b-fe02-4a56-ac24-3020e88d4db0:192.168.34.62:46434], old=null
2019-10-17 06:30:49,296 [grpc-default-executor-1] INFO  impl.RaftServerImpl (RaftServerImpl.java:setRole(184)) - 07fb1a7b-fe02-4a56-ac24-3020e88d4db0@group-9ED9FEE0098D: changes role from  FOLLOWER to FOLLOWER at term 22 for recognizeCandidate:0f256f10-8056-416e-a2a4-dd085f6c7864
2019-10-17 06:30:49,297 [grpc-default-executor-1] INFO  impl.RoleInfo (RoleInfo.java:shutdownFollowerState(121)) - 07fb1a7b-fe02-4a56-ac24-3020e88d4db0: shutdown FollowerState
2019-10-17 06:30:49,297 [grpc-default-executor-5] INFO  impl.RaftServerImpl (RaftServerImpl.java:setRole(184)) - 2f64f904-2283-4e96-b4e2-6c9018f13084@group-9ED9FEE0098D: changes role from  FOLLOWER to FOLLOWER at term 22 for recognizeCandidate:0f256f10-8056-416e-a2a4-dd085f6c7864
2019-10-17 06:30:49,297 [Thread-1625] INFO  impl.FollowerState (FollowerState.java:run(117)) - 07fb1a7b-fe02-4a56-ac24-3020e88d4db0@group-9ED9FEE0098D-FollowerState was interrupted: java.lang.InterruptedException: sleep interrupted
2019-10-17 06:30:49,297 [grpc-default-executor-1] INFO  impl.RoleInfo (RoleInfo.java:updateAndGet(143)) - 07fb1a7b-fe02-4a56-ac24-3020e88d4db0: start FollowerState
2019-10-17 06:30:49,297 [grpc-default-executor-5] INFO  impl.RoleInfo (RoleInfo.java:shutdownFollowerState(121)) - 2f64f904-2283-4e96-b4e2-6c9018f13084: shutdown FollowerState
2019-10-17 06:30:49,297 [grpc-default-executor-5] INFO  impl.RoleInfo (RoleInfo.java:updateAndGet(143)) - 2f64f904-2283-4e96-b4e2-6c9018f13084: start FollowerState
2019-10-17 06:30:49,297 [Thread-1624] INFO  impl.FollowerState (FollowerState.java:run(117)) - 2f64f904-2283-4e96-b4e2-6c9018f13084@group-9ED9FEE0098D-FollowerState was interrupted: java.lang.InterruptedException: sleep interrupted
2019-10-17 06:30:49,349 [0f256f10-8056-416e-a2a4-dd085f6c7864@group-9ED9FEE0098D-LeaderElection45] INFO  impl.LeaderElection (LeaderElection.java:logAndReturn(56)) - 0f256f10-8056-416e-a2a4-dd085f6c7864@group-9ED9FEE0098D-LeaderElection45: Election REJECTED; received 2 response(s) [0f256f10-8056-416e-a2a4-dd085f6c7864<-2f64f904-2283-4e96-b4e2-6c9018f13084#0:FAIL-t22, 0f256f10-8056-416e-a2a4-dd085f6c7864<-07fb1a7b-fe02-4a56-ac24-3020e88d4db0#0:FAIL-t22] and 0 exception(s); 0f256f10-8056-416e-a2a4-dd085f6c7864@group-9ED9FEE0098D:t22, leader=null, voted=0f256f10-8056-416e-a2a4-dd085f6c7864, raftlog=0f256f10-8056-416e-a2a4-dd085f6c7864@group-9ED9FEE0098D-SegmentedRaftLog:OPENED:c-1,f-1,i0, conf=-1: [2f64f904-2283-4e96-b4e2-6c9018f13084:192.168.34.62:40373, 0f256f10-8056-416e-a2a4-dd085f6c7864:192.168.34.62:35674, 07fb1a7b-fe02-4a56-ac24-3020e88d4db0:192.168.34.62:46434], old=null
2019-10-17 06:30:49,349 [0f256f10-8056-416e-a2a4-dd085f6c7864@group-9ED9FEE0098D-LeaderElection45] INFO  impl.RaftServerImpl (RaftServerImpl.java:setRole(184)) - 0f256f10-8056-416e-a2a4-dd085f6c7864@group-9ED9FEE0098D: changes role from CANDIDATE to FOLLOWER at term 22 for DISCOVERED_A_NEW_TERM
2019-10-17 06:30:49,349 [0f256f10-8056-416e-a2a4-dd085f6c7864@group-9ED9FEE0098D-LeaderElection45] INFO  impl.RoleInfo (RoleInfo.java:shutdownLeaderElection(134)) - 0f256f10-8056-416e-a2a4-dd085f6c7864: shutdown LeaderElection
2019-10-17 06:30:49,349 [0f256f10-8056-416e-a2a4-dd085f6c7864@group-9ED9FEE0098D-LeaderElection45] INFO  impl.RoleInfo (RoleInfo.java:updateAndGet(143)) - 0f256f10-8056-416e-a2a4-dd085f6c7864: start FollowerState
2019-10-17 06:30:49,351 [Thread-1632] INFO  impl.FollowerState (FollowerState.java:run(108)) - 0f256f10-8056-416e-a2a4-dd085f6c7864@group-9ED9FEE0098D-FollowerState: change to CANDIDATE, lastRpcTime:1ms, electionTimeout:1ms
2019-10-17 06:30:49,351 [Thread-1632] INFO  impl.RoleInfo (RoleInfo.java:shutdownFollowerState(121)) - 0f256f10-8056-416e-a2a4-dd085f6c7864: shutdown FollowerState
2019-10-17 06:30:49,351 [Thread-1632] INFO  impl.RaftServerImpl (RaftServerImpl.java:setRole(184)) - 0f256f10-8056-416e-a2a4-dd085f6c7864@group-9ED9FEE0098D: changes role from  FOLLOWER to CANDIDATE at term 22 for changeToCandidate
2019-10-17 06:30:49,351 [Thread-1632] INFO  impl.RoleInfo (RoleInfo.java:updateAndGet(143)) - 0f256f10-8056-416e-a2a4-dd085f6c7864: start LeaderElection
2019-10-17 06:30:49,365 [0f256f10-8056-416e-a2a4-dd085f6c7864@group-9ED9FEE0098D-LeaderElection46] INFO  impl.LeaderElection (LeaderElection.java:askForVotes(178)) - 0f256f10-8056-416e-a2a4-dd085f6c7864@group-9ED9FEE0098D-LeaderElection46: begin an election at term 23 for -1: [2f64f904-2283-4e96-b4e2-6c9018f13084:192.168.34.62:40373, 0f256f10-8056-416e-a2a4-dd085f6c7864:192.168.34.62:35674, 07fb1a7b-fe02-4a56-ac24-3020e88d4db0:192.168.34.62:46434], old=null
2019-10-17 06:30:49,367 [grpc-default-executor-1] INFO  impl.RaftServerImpl (RaftServerImpl.java:setRole(184)) - 07fb1a7b-fe02-4a56-ac24-3020e88d4db0@group-9ED9FEE0098D: changes role from  FOLLOWER to FOLLOWER at term 23 for recognizeCandidate:0f256f10-8056-416e-a2a4-dd085f6c7864
2019-10-17 06:30:49,367 [grpc-default-executor-1] INFO  impl.RoleInfo (RoleInfo.java:shutdownFollowerState(121)) - 07fb1a7b-fe02-4a56-ac24-3020e88d4db0: shutdown FollowerState
2019-10-17 06:30:49,367 [grpc-default-executor-5] INFO  impl.RaftServerImpl (RaftServerImpl.java:setRole(184)) - 2f64f904-2283-4e96-b4e2-6c9018f13084@group-9ED9FEE0098D: changes role from  FOLLOWER to FOLLOWER at term 23 for recognizeCandidate:0f256f10-8056-416e-a2a4-dd085f6c7864
2019-10-17 06:30:49,367 [Thread-1630] INFO  impl.FollowerState (FollowerState.java:run(117)) - 07fb1a7b-fe02-4a56-ac24-3020e88d4db0@group-9ED9FEE0098D-FollowerState was interrupted: java.lang.InterruptedException: sleep interrupted
2019-10-17 06:30:49,367 [grpc-default-executor-1] INFO  impl.RoleInfo (RoleInfo.java:updateAndGet(143)) - 07fb1a7b-fe02-4a56-ac24-3020e88d4db0: start FollowerState
2019-10-17 06:30:49,367 [grpc-default-executor-5] INFO  impl.RoleInfo (RoleInfo.java:shutdownFollowerState(121)) - 2f64f904-2283-4e96-b4e2-6c9018f13084: shutdown FollowerState
2019-10-17 06:30:49,368 [grpc-default-executor-5] INFO  impl.RoleInfo (RoleInfo.java:updateAndGet(143)) - 2f64f904-2283-4e96-b4e2-6c9018f13084: start FollowerState
2019-10-17 06:30:49,368 [Thread-1631] INFO  impl.FollowerState (FollowerState.java:run(117)) - 2f64f904-2283-4e96-b4e2-6c9018f13084@group-9ED9FEE0098D-FollowerState was interrupted: java.lang.InterruptedException: sleep interrupted
2019-10-17 06:30:49,430 [0f256f10-8056-416e-a2a4-dd085f6c7864@group-9ED9FEE0098D-LeaderElection46] INFO  impl.LeaderElection (LeaderElection.java:logAndReturn(56)) - 0f256f10-8056-416e-a2a4-dd085f6c7864@group-9ED9FEE0098D-LeaderElection46: Election TIMEOUT; received 1 response(s) [0f256f10-8056-416e-a2a4-dd085f6c7864<-07fb1a7b-fe02-4a56-ac24-3020e88d4db0#0:FAIL-t23] and 0 exception(s); 0f256f10-8056-416e-a2a4-dd085f6c7864@group-9ED9FEE0098D:t23, leader=null, voted=0f256f10-8056-416e-a2a4-dd085f6c7864, raftlog=0f256f10-8056-416e-a2a4-dd085f6c7864@group-9ED9FEE0098D-SegmentedRaftLog:OPENED:c-1,f-1,i0, conf=-1: [2f64f904-2283-4e96-b4e2-6c9018f13084:192.168.34.62:40373, 0f256f10-8056-416e-a2a4-dd085f6c7864:192.168.34.62:35674, 07fb1a7b-fe02-4a56-ac24-3020e88d4db0:192.168.34.62:46434], old=null
2019-10-17 06:30:49,484 [0f256f10-8056-416e-a2a4-dd085f6c7864@group-9ED9FEE0098D-LeaderElection46] INFO  impl.LeaderElection (LeaderElection.java:askForVotes(178)) - 0f256f10-8056-416e-a2a4-dd085f6c7864@group-9ED9FEE0098D-LeaderElection46: begin an election at term 24 for -1: [2f64f904-2283-4e96-b4e2-6c9018f13084:192.168.34.62:40373, 0f256f10-8056-416e-a2a4-dd085f6c7864:192.168.34.62:35674, 07fb1a7b-fe02-4a56-ac24-3020e88d4db0:192.168.34.62:46434], old=null
2019-10-17 06:30:49,488 [grpc-default-executor-5] INFO  impl.RaftServerImpl (RaftServerImpl.java:setRole(184)) - 07fb1a7b-fe02-4a56-ac24-3020e88d4db0@group-9ED9FEE0098D: changes role from  FOLLOWER to FOLLOWER at term 24 for recognizeCandidate:0f256f10-8056-416e-a2a4-dd085f6c7864
2019-10-17 06:30:49,488 [grpc-default-executor-5] INFO  impl.RoleInfo (RoleInfo.java:shutdownFollowerState(121)) - 07fb1a7b-fe02-4a56-ac24-3020e88d4db0: shutdown FollowerState
2019-10-17 06:30:49,488 [grpc-default-executor-5] INFO  impl.RoleInfo (RoleInfo.java:updateAndGet(143)) - 07fb1a7b-fe02-4a56-ac24-3020e88d4db0: start FollowerState
2019-10-17 06:30:49,488 [Thread-1636] INFO  impl.FollowerState (FollowerState.java:run(117)) - 07fb1a7b-fe02-4a56-ac24-3020e88d4db0@group-9ED9FEE0098D-FollowerState was interrupted: java.lang.InterruptedException: sleep interrupted
2019-10-17 06:30:49,489 [grpc-default-executor-1] INFO  impl.RaftServerImpl (RaftServerImpl.java:setRole(184)) - 2f64f904-2283-4e96-b4e2-6c9018f13084@group-9ED9FEE0098D: changes role from  FOLLOWER to FOLLOWER at term 24 for recognizeCandidate:0f256f10-8056-416e-a2a4-dd085f6c7864
2019-10-17 06:30:49,489 [grpc-default-executor-1] INFO  impl.RoleInfo (RoleInfo.java:shutdownFollowerState(121)) - 2f64f904-2283-4e96-b4e2-6c9018f13084: shutdown FollowerState
2019-10-17 06:30:49,489 [grpc-default-executor-1] INFO  impl.RoleInfo (RoleInfo.java:updateAndGet(143)) - 2f64f904-2283-4e96-b4e2-6c9018f13084: start FollowerState
2019-10-17 06:30:49,489 [Thread-1637] INFO  impl.FollowerState (FollowerState.java:run(117)) - 2f64f904-2283-4e96-b4e2-6c9018f13084@group-9ED9FEE0098D-FollowerState was interrupted: java.lang.InterruptedException: sleep interrupted
2019-10-17 06:30:49,533 [0f256f10-8056-416e-a2a4-dd085f6c7864@group-9ED9FEE0098D-LeaderElection46] INFO  impl.LeaderElection (LeaderElection.java:logAndReturn(56)) - 0f256f10-8056-416e-a2a4-dd085f6c7864@group-9ED9FEE0098D-LeaderElection46: Election TIMEOUT; received 0 response(s) [] and 0 exception(s); 0f256f10-8056-416e-a2a4-dd085f6c7864@group-9ED9FEE0098D:t24, leader=null, voted=0f256f10-8056-416e-a2a4-dd085f6c7864, raftlog=0f256f10-8056-416e-a2a4-dd085f6c7864@group-9ED9FEE0098D-SegmentedRaftLog:OPENED:c-1,f-1,i0, conf=-1: [2f64f904-2283-4e96-b4e2-6c9018f13084:192.168.34.62:40373, 0f256f10-8056-416e-a2a4-dd085f6c7864:192.168.34.62:35674, 07fb1a7b-fe02-4a56-ac24-3020e88d4db0:192.168.34.62:46434], old=null
2019-10-17 06:30:49,565 [0f256f10-8056-416e-a2a4-dd085f6c7864@group-9ED9FEE0098D-LeaderElection46] INFO  impl.LeaderElection (LeaderElection.java:askForVotes(178)) - 0f256f10-8056-416e-a2a4-dd085f6c7864@group-9ED9FEE0098D-LeaderElection46: begin an election at term 25 for -1: [2f64f904-2283-4e96-b4e2-6c9018f13084:192.168.34.62:40373, 0f256f10-8056-416e-a2a4-dd085f6c7864:192.168.34.62:35674, 07fb1a7b-fe02-4a56-ac24-3020e88d4db0:192.168.34.62:46434], old=null
2019-10-17 06:30:49,568 [grpc-default-executor-5] INFO  impl.RaftServerImpl (RaftServerImpl.java:setRole(184)) - 07fb1a7b-fe02-4a56-ac24-3020e88d4db0@group-9ED9FEE0098D: changes role from  FOLLOWER to FOLLOWER at term 25 for recognizeCandidate:0f256f10-8056-416e-a2a4-dd085f6c7864
2019-10-17 06:30:49,568 [grpc-default-executor-5] INFO  impl.RoleInfo (RoleInfo.java:shutdownFollowerState(121)) - 07fb1a7b-fe02-4a56-ac24-3020e88d4db0: shutdown FollowerState
2019-10-17 06:30:49,568 [grpc-default-executor-5] INFO  impl.RoleInfo (RoleInfo.java:updateAndGet(143)) - 07fb1a7b-fe02-4a56-ac24-3020e88d4db0: start FollowerState
2019-10-17 06:30:49,568 [Thread-1640] INFO  impl.FollowerState (FollowerState.java:run(117)) - 07fb1a7b-fe02-4a56-ac24-3020e88d4db0@group-9ED9FEE0098D-FollowerState was interrupted: java.lang.InterruptedException: sleep interrupted
2019-10-17 06:30:49,569 [grpc-default-executor-1] INFO  impl.RaftServerImpl (RaftServerImpl.java:setRole(184)) - 2f64f904-2283-4e96-b4e2-6c9018f13084@group-9ED9FEE0098D: changes role from  FOLLOWER to FOLLOWER at term 25 for recognizeCandidate:0f256f10-8056-416e-a2a4-dd085f6c7864
2019-10-17 06:30:49,569 [grpc-default-executor-1] INFO  impl.RoleInfo (RoleInfo.java:shutdownFollowerState(121)) - 2f64f904-2283-4e96-b4e2-6c9018f13084: shutdown FollowerState
2019-10-17 06:30:49,569 [grpc-default-executor-1] INFO  impl.RoleInfo (RoleInfo.java:updateAndGet(143)) - 2f64f904-2283-4e96-b4e2-6c9018f13084: start FollowerState
2019-10-17 06:30:49,569 [Thread-1641] INFO  impl.FollowerState (FollowerState.java:run(117)) - 2f64f904-2283-4e96-b4e2-6c9018f13084@group-9ED9FEE0098D-FollowerState was interrupted: java.lang.InterruptedException: sleep interrupted
2019-10-17 06:30:49,620 [0f256f10-8056-416e-a2a4-dd085f6c7864@group-9ED9FEE0098D-LeaderElection46] INFO  impl.LeaderElection (LeaderElection.java:logAndReturn(56)) - 0f256f10-8056-416e-a2a4-dd085f6c7864@group-9ED9FEE0098D-LeaderElection46: Election REJECTED; received 2 response(s) [0f256f10-8056-416e-a2a4-dd085f6c7864<-2f64f904-2283-4e96-b4e2-6c9018f13084#0:FAIL-t25, 0f256f10-8056-416e-a2a4-dd085f6c7864<-07fb1a7b-fe02-4a56-ac24-3020e88d4db0#0:FAIL-t25] and 0 exception(s); 0f256f10-8056-416e-a2a4-dd085f6c7864@group-9ED9FEE0098D:t25, leader=null, voted=0f256f10-8056-416e-a2a4-dd085f6c7864, raftlog=0f256f10-8056-416e-a2a4-dd085f6c7864@group-9ED9FEE0098D-SegmentedRaftLog:OPENED:c-1,f-1,i0, conf=-1: [2f64f904-2283-4e96-b4e2-6c9018f13084:192.168.34.62:40373, 0f256f10-8056-416e-a2a4-dd085f6c7864:192.168.34.62:35674, 07fb1a7b-fe02-4a56-ac24-3020e88d4db0:192.168.34.62:46434], old=null
2019-10-17 06:30:49,621 [0f256f10-8056-416e-a2a4-dd085f6c7864@group-9ED9FEE0098D-LeaderElection46] INFO  impl.RaftServerImpl (RaftServerImpl.java:setRole(184)) - 0f256f10-8056-416e-a2a4-dd085f6c7864@group-9ED9FEE0098D: changes role from CANDIDATE to FOLLOWER at term 25 for DISCOVERED_A_NEW_TERM
2019-10-17 06:30:49,621 [0f256f10-8056-416e-a2a4-dd085f6c7864@group-9ED9FEE0098D-LeaderElection46] INFO  impl.RoleInfo (RoleInfo.java:shutdownLeaderElection(134)) - 0f256f10-8056-416e-a2a4-dd085f6c7864: shutdown LeaderElection
2019-10-17 06:30:49,621 [0f256f10-8056-416e-a2a4-dd085f6c7864@group-9ED9FEE0098D-LeaderElection46] INFO  impl.RoleInfo (RoleInfo.java:updateAndGet(143)) - 0f256f10-8056-416e-a2a4-dd085f6c7864: start FollowerState
2019-10-17 06:30:49,631 [Thread-1202] INFO  ozone.MiniOzoneClusterImpl (MiniOzoneClusterImpl.java:lambda$waitForClusterToBeReady$2(164)) - Waiting for 1 number of pipelines out of 4, to report a leader.
2019-10-17 06:30:49,765 [Thread-1646] INFO  impl.FollowerState (FollowerState.java:run(108)) - 0f256f10-8056-416e-a2a4-dd085f6c7864@group-9ED9FEE0098D-FollowerState: change to CANDIDATE, lastRpcTime:144ms, electionTimeout:144ms
2019-10-17 06:30:49,766 [Thread-1646] INFO  impl.RoleInfo (RoleInfo.java:shutdownFollowerState(121)) - 0f256f10-8056-416e-a2a4-dd085f6c7864: shutdown FollowerState
2019-10-17 06:30:49,766 [Thread-1646] INFO  impl.RaftServerImpl (RaftServerImpl.java:setRole(184)) - 0f256f10-8056-416e-a2a4-dd085f6c7864@group-9ED9FEE0098D: changes role from  FOLLOWER to CANDIDATE at term 25 for changeToCandidate
2019-10-17 06:30:49,766 [Thread-1646] INFO  impl.RoleInfo (RoleInfo.java:updateAndGet(143)) - 0f256f10-8056-416e-a2a4-dd085f6c7864: start LeaderElection
2019-10-17 06:30:49,815 [0f256f10-8056-416e-a2a4-dd085f6c7864@group-9ED9FEE0098D-LeaderElection47] INFO  impl.LeaderElection (LeaderElection.java:askForVotes(178)) - 0f256f10-8056-416e-a2a4-dd085f6c7864@group-9ED9FEE0098D-LeaderElection47: begin an election at term 26 for -1: [2f64f904-2283-4e96-b4e2-6c9018f13084:192.168.34.62:40373, 0f256f10-8056-416e-a2a4-dd085f6c7864:192.168.34.62:35674, 07fb1a7b-fe02-4a56-ac24-3020e88d4db0:192.168.34.62:46434], old=null
2019-10-17 06:30:49,818 [grpc-default-executor-1] INFO  impl.RaftServerImpl (RaftServerImpl.java:setRole(184)) - 2f64f904-2283-4e96-b4e2-6c9018f13084@group-9ED9FEE0098D: changes role from  FOLLOWER to FOLLOWER at term 26 for recognizeCandidate:0f256f10-8056-416e-a2a4-dd085f6c7864
2019-10-17 06:30:49,818 [grpc-default-executor-5] INFO  impl.RaftServerImpl (RaftServerImpl.java:setRole(184)) - 07fb1a7b-fe02-4a56-ac24-3020e88d4db0@group-9ED9FEE0098D: changes role from  FOLLOWER to FOLLOWER at term 26 for recognizeCandidate:0f256f10-8056-416e-a2a4-dd085f6c7864
2019-10-17 06:30:49,818 [grpc-default-executor-1] INFO  impl.RoleInfo (RoleInfo.java:shutdownFollowerState(121)) - 2f64f904-2283-4e96-b4e2-6c9018f13084: shutdown FollowerState
2019-10-17 06:30:49,818 [grpc-default-executor-5] INFO  impl.RoleInfo (RoleInfo.java:shutdownFollowerState(121)) - 07fb1a7b-fe02-4a56-ac24-3020e88d4db0: shutdown FollowerState
2019-10-17 06:30:49,818 [grpc-default-executor-1] INFO  impl.RoleInfo (RoleInfo.java:updateAndGet(143)) - 2f64f904-2283-4e96-b4e2-6c9018f13084: start FollowerState
2019-10-17 06:30:49,818 [grpc-default-executor-5] INFO  impl.RoleInfo (RoleInfo.java:updateAndGet(143)) - 07fb1a7b-fe02-4a56-ac24-3020e88d4db0: start FollowerState
2019-10-17 06:30:49,819 [Thread-1644] INFO  impl.FollowerState (FollowerState.java:run(117)) - 07fb1a7b-fe02-4a56-ac24-3020e88d4db0@group-9ED9FEE0098D-FollowerState was interrupted: java.lang.InterruptedException: sleep interrupted
2019-10-17 06:30:49,820 [Thread-1645] INFO  impl.FollowerState (FollowerState.java:run(117)) - 2f64f904-2283-4e96-b4e2-6c9018f13084@group-9ED9FEE0098D-FollowerState was interrupted: java.lang.InterruptedException: sleep interrupted
2019-10-17 06:30:49,843 [0f256f10-8056-416e-a2a4-dd085f6c7864@group-9ED9FEE0098D-LeaderElection47] INFO  impl.LeaderElection (LeaderElection.java:logAndReturn(56)) - 0f256f10-8056-416e-a2a4-dd085f6c7864@group-9ED9FEE0098D-LeaderElection47: Election REJECTED; received 2 response(s) [0f256f10-8056-416e-a2a4-dd085f6c7864<-2f64f904-2283-4e96-b4e2-6c9018f13084#0:FAIL-t26, 0f256f10-8056-416e-a2a4-dd085f6c7864<-07fb1a7b-fe02-4a56-ac24-3020e88d4db0#0:FAIL-t26] and 0 exception(s); 0f256f10-8056-416e-a2a4-dd085f6c7864@group-9ED9FEE0098D:t26, leader=null, voted=0f256f10-8056-416e-a2a4-dd085f6c7864, raftlog=0f256f10-8056-416e-a2a4-dd085f6c7864@group-9ED9FEE0098D-SegmentedRaftLog:OPENED:c-1,f-1,i0, conf=-1: [2f64f904-2283-4e96-b4e2-6c9018f13084:192.168.34.62:40373, 0f256f10-8056-416e-a2a4-dd085f6c7864:192.168.34.62:35674, 07fb1a7b-fe02-4a56-ac24-3020e88d4db0:192.168.34.62:46434], old=null
2019-10-17 06:30:49,843 [0f256f10-8056-416e-a2a4-dd085f6c7864@group-9ED9FEE0098D-LeaderElection47] INFO  impl.RaftServerImpl (RaftServerImpl.java:setRole(184)) - 0f256f10-8056-416e-a2a4-dd085f6c7864@group-9ED9FEE0098D: changes role from CANDIDATE to FOLLOWER at term 26 for DISCOVERED_A_NEW_TERM
2019-10-17 06:30:49,843 [0f256f10-8056-416e-a2a4-dd085f6c7864@group-9ED9FEE0098D-LeaderElection47] INFO  impl.RoleInfo (RoleInfo.java:shutdownLeaderElection(134)) - 0f256f10-8056-416e-a2a4-dd085f6c7864: shutdown LeaderElection
2019-10-17 06:30:49,843 [0f256f10-8056-416e-a2a4-dd085f6c7864@group-9ED9FEE0098D-LeaderElection47] INFO  impl.RoleInfo (RoleInfo.java:updateAndGet(143)) - 0f256f10-8056-416e-a2a4-dd085f6c7864: start FollowerState
2019-10-17 06:30:50,019 [Thread-1652] INFO  impl.FollowerState (FollowerState.java:run(108)) - 0f256f10-8056-416e-a2a4-dd085f6c7864@group-9ED9FEE0098D-FollowerState: change to CANDIDATE, lastRpcTime:175ms, electionTimeout:175ms
2019-10-17 06:30:50,019 [Thread-1652] INFO  impl.RoleInfo (RoleInfo.java:shutdownFollowerState(121)) - 0f256f10-8056-416e-a2a4-dd085f6c7864: shutdown FollowerState
2019-10-17 06:30:50,019 [Thread-1652] INFO  impl.RaftServerImpl (RaftServerImpl.java:setRole(184)) - 0f256f10-8056-416e-a2a4-dd085f6c7864@group-9ED9FEE0098D: changes role from  FOLLOWER to CANDIDATE at term 26 for changeToCandidate
2019-10-17 06:30:50,019 [Thread-1652] INFO  impl.RoleInfo (RoleInfo.java:updateAndGet(143)) - 0f256f10-8056-416e-a2a4-dd085f6c7864: start LeaderElection
2019-10-17 06:30:50,392 [0f256f10-8056-416e-a2a4-dd085f6c7864@group-9ED9FEE0098D-LeaderElection48] INFO  impl.LeaderElection (LeaderElection.java:askForVotes(178)) - 0f256f10-8056-416e-a2a4-dd085f6c7864@group-9ED9FEE0098D-LeaderElection48: begin an election at term 27 for -1: [2f64f904-2283-4e96-b4e2-6c9018f13084:192.168.34.62:40373, 0f256f10-8056-416e-a2a4-dd085f6c7864:192.168.34.62:35674, 07fb1a7b-fe02-4a56-ac24-3020e88d4db0:192.168.34.62:46434], old=null
2019-10-17 06:30:50,395 [grpc-default-executor-1] INFO  impl.RaftServerImpl (RaftServerImpl.java:setRole(184)) - 2f64f904-2283-4e96-b4e2-6c9018f13084@group-9ED9FEE0098D: changes role from  FOLLOWER to FOLLOWER at term 27 for recognizeCandidate:0f256f10-8056-416e-a2a4-dd085f6c7864
2019-10-17 06:30:50,395 [grpc-default-executor-5] INFO  impl.RaftServerImpl (RaftServerImpl.java:setRole(184)) - 07fb1a7b-fe02-4a56-ac24-3020e88d4db0@group-9ED9FEE0098D: changes role from  FOLLOWER to FOLLOWER at term 27 for recognizeCandidate:0f256f10-8056-416e-a2a4-dd085f6c7864
2019-10-17 06:30:50,395 [grpc-default-executor-1] INFO  impl.RoleInfo (RoleInfo.java:shutdownFollowerState(121)) - 2f64f904-2283-4e96-b4e2-6c9018f13084: shutdown FollowerState
2019-10-17 06:30:50,395 [grpc-default-executor-5] INFO  impl.RoleInfo (RoleInfo.java:shutdownFollowerState(121)) - 07fb1a7b-fe02-4a56-ac24-3020e88d4db0: shutdown FollowerState
2019-10-17 06:30:50,395 [Thread-1650] INFO  impl.FollowerState (FollowerState.java:run(117)) - 2f64f904-2283-4e96-b4e2-6c9018f13084@group-9ED9FEE0098D-FollowerState was interrupted: java.lang.InterruptedException: sleep interrupted
2019-10-17 06:30:50,395 [grpc-default-executor-1] INFO  impl.RoleInfo (RoleInfo.java:updateAndGet(143)) - 2f64f904-2283-4e96-b4e2-6c9018f13084: start FollowerState
2019-10-17 06:30:50,395 [Thread-1651] INFO  impl.FollowerState (FollowerState.java:run(117)) - 07fb1a7b-fe02-4a56-ac24-3020e88d4db0@group-9ED9FEE0098D-FollowerState was interrupted: java.lang.InterruptedException: sleep interrupted
2019-10-17 06:30:50,395 [grpc-default-executor-5] INFO  impl.RoleInfo (RoleInfo.java:updateAndGet(143)) - 07fb1a7b-fe02-4a56-ac24-3020e88d4db0: start FollowerState
2019-10-17 06:30:50,501 [0f256f10-8056-416e-a2a4-dd085f6c7864@group-9ED9FEE0098D-LeaderElection48] INFO  impl.LeaderElection (LeaderElection.java:logAndReturn(56)) - 0f256f10-8056-416e-a2a4-dd085f6c7864@group-9ED9FEE0098D-LeaderElection48: Election TIMEOUT; received 0 response(s) [] and 0 exception(s); 0f256f10-8056-416e-a2a4-dd085f6c7864@group-9ED9FEE0098D:t27, leader=null, voted=0f256f10-8056-416e-a2a4-dd085f6c7864, raftlog=0f256f10-8056-416e-a2a4-dd085f6c7864@group-9ED9FEE0098D-SegmentedRaftLog:OPENED:c-1,f-1,i0, conf=-1: [2f64f904-2283-4e96-b4e2-6c9018f13084:192.168.34.62:40373, 0f256f10-8056-416e-a2a4-dd085f6c7864:192.168.34.62:35674, 07fb1a7b-fe02-4a56-ac24-3020e88d4db0:192.168.34.62:46434], old=null
2019-10-17 06:30:50,631 [Thread-1202] INFO  ozone.MiniOzoneClusterImpl (MiniOzoneClusterImpl.java:lambda$waitForClusterToBeReady$2(164)) - Waiting for 1 number of pipelines out of 4, to report a leader.
2019-10-17 06:30:51,109 [0f256f10-8056-416e-a2a4-dd085f6c7864@group-9ED9FEE0098D-LeaderElection48] INFO  impl.LeaderElection (LeaderElection.java:askForVotes(178)) - 0f256f10-8056-416e-a2a4-dd085f6c7864@group-9ED9FEE0098D-LeaderElection48: begin an election at term 28 for -1: [2f64f904-2283-4e96-b4e2-6c9018f13084:192.168.34.62:40373, 0f256f10-8056-416e-a2a4-dd085f6c7864:192.168.34.62:35674, 07fb1a7b-fe02-4a56-ac24-3020e88d4db0:192.168.34.62:46434], old=null
2019-10-17 06:30:51,111 [grpc-default-executor-1] INFO  impl.RaftServerImpl (RaftServerImpl.java:setRole(184)) - 2f64f904-2283-4e96-b4e2-6c9018f13084@group-9ED9FEE0098D: changes role from  FOLLOWER to FOLLOWER at term 28 for recognizeCandidate:0f256f10-8056-416e-a2a4-dd085f6c7864
2019-10-17 06:30:51,111 [grpc-default-executor-5] INFO  impl.RaftServerImpl (RaftServerImpl.java:setRole(184)) - 07fb1a7b-fe02-4a56-ac24-3020e88d4db0@group-9ED9FEE0098D: changes role from  FOLLOWER to FOLLOWER at term 28 for recognizeCandidate:0f256f10-8056-416e-a2a4-dd085f6c7864
2019-10-17 06:30:51,112 [grpc-default-executor-1] INFO  impl.RoleInfo (RoleInfo.java:shutdownFollowerState(121)) - 2f64f904-2283-4e96-b4e2-6c9018f13084: shutdown FollowerState
2019-10-17 06:30:51,112 [grpc-default-executor-5] INFO  impl.RoleInfo (RoleInfo.java:shutdownFollowerState(121)) - 07fb1a7b-fe02-4a56-ac24-3020e88d4db0: shutdown FollowerState
2019-10-17 06:30:51,112 [Thread-1656] INFO  impl.FollowerState (FollowerState.java:run(117)) - 2f64f904-2283-4e96-b4e2-6c9018f13084@group-9ED9FEE0098D-FollowerState was interrupted: java.lang.InterruptedException: sleep interrupted
2019-10-17 06:30:51,112 [grpc-default-executor-1] INFO  impl.RoleInfo (RoleInfo.java:updateAndGet(143)) - 2f64f904-2283-4e96-b4e2-6c9018f13084: start FollowerState
2019-10-17 06:30:51,112 [Thread-1657] INFO  impl.FollowerState (FollowerState.java:run(117)) - 07fb1a7b-fe02-4a56-ac24-3020e88d4db0@group-9ED9FEE0098D-FollowerState was interrupted: java.lang.InterruptedException: sleep interrupted
2019-10-17 06:30:51,112 [grpc-default-executor-5] INFO  impl.RoleInfo (RoleInfo.java:updateAndGet(143)) - 07fb1a7b-fe02-4a56-ac24-3020e88d4db0: start FollowerState
2019-10-17 06:30:51,169 [0f256f10-8056-416e-a2a4-dd085f6c7864@group-9ED9FEE0098D-LeaderElection48] INFO  impl.LeaderElection (LeaderElection.java:logAndReturn(56)) - 0f256f10-8056-416e-a2a4-dd085f6c7864@group-9ED9FEE0098D-LeaderElection48: Election TIMEOUT; received 0 response(s) [] and 0 exception(s); 0f256f10-8056-416e-a2a4-dd085f6c7864@group-9ED9FEE0098D:t28, leader=null, voted=0f256f10-8056-416e-a2a4-dd085f6c7864, raftlog=0f256f10-8056-416e-a2a4-dd085f6c7864@group-9ED9FEE0098D-SegmentedRaftLog:OPENED:c-1,f-1,i0, conf=-1: [2f64f904-2283-4e96-b4e2-6c9018f13084:192.168.34.62:40373, 0f256f10-8056-416e-a2a4-dd085f6c7864:192.168.34.62:35674, 07fb1a7b-fe02-4a56-ac24-3020e88d4db0:192.168.34.62:46434], old=null
2019-10-17 06:30:51,632 [Thread-1202] INFO  ozone.MiniOzoneClusterImpl (MiniOzoneClusterImpl.java:lambda$waitForClusterToBeReady$2(164)) - Waiting for 1 number of pipelines out of 4, to report a leader.
2019-10-17 06:30:52,059 [0f256f10-8056-416e-a2a4-dd085f6c7864@group-9ED9FEE0098D-LeaderElection48] INFO  impl.LeaderElection (LeaderElection.java:askForVotes(178)) - 0f256f10-8056-416e-a2a4-dd085f6c7864@group-9ED9FEE0098D-LeaderElection48: begin an election at term 29 for -1: [2f64f904-2283-4e96-b4e2-6c9018f13084:192.168.34.62:40373, 0f256f10-8056-416e-a2a4-dd085f6c7864:192.168.34.62:35674, 07fb1a7b-fe02-4a56-ac24-3020e88d4db0:192.168.34.62:46434], old=null
2019-10-17 06:30:52,062 [grpc-default-executor-1] INFO  impl.RaftServerImpl (RaftServerImpl.java:setRole(184)) - 07fb1a7b-fe02-4a56-ac24-3020e88d4db0@group-9ED9FEE0098D: changes role from  FOLLOWER to FOLLOWER at term 29 for recognizeCandidate:0f256f10-8056-416e-a2a4-dd085f6c7864
2019-10-17 06:30:52,062 [grpc-default-executor-5] INFO  impl.RaftServerImpl (RaftServerImpl.java:setRole(184)) - 2f64f904-2283-4e96-b4e2-6c9018f13084@group-9ED9FEE0098D: changes role from  FOLLOWER to FOLLOWER at term 29 for recognizeCandidate:0f256f10-8056-416e-a2a4-dd085f6c7864
2019-10-17 06:30:52,062 [grpc-default-executor-1] INFO  impl.RoleInfo (RoleInfo.java:shutdownFollowerState(121)) - 07fb1a7b-fe02-4a56-ac24-3020e88d4db0: shutdown FollowerState
2019-10-17 06:30:52,063 [grpc-default-executor-5] INFO  impl.RoleInfo (RoleInfo.java:shutdownFollowerState(121)) - 2f64f904-2283-4e96-b4e2-6c9018f13084: shutdown FollowerState
2019-10-17 06:30:52,063 [Thread-1661] INFO  impl.FollowerState (FollowerState.java:run(117)) - 07fb1a7b-fe02-4a56-ac24-3020e88d4db0@group-9ED9FEE0098D-FollowerState was interrupted: java.lang.InterruptedException: sleep interrupted
2019-10-17 06:30:52,063 [grpc-default-executor-1] INFO  impl.RoleInfo (RoleInfo.java:updateAndGet(143)) - 07fb1a7b-fe02-4a56-ac24-3020e88d4db0: start FollowerState
2019-10-17 06:30:52,063 [Thread-1660] INFO  impl.FollowerState (FollowerState.java:run(117)) - 2f64f904-2283-4e96-b4e2-6c9018f13084@group-9ED9FEE0098D-FollowerState was interrupted: java.lang.InterruptedException: sleep interrupted
2019-10-17 06:30:52,063 [grpc-default-executor-5] INFO  impl.RoleInfo (RoleInfo.java:updateAndGet(143)) - 2f64f904-2283-4e96-b4e2-6c9018f13084: start FollowerState
2019-10-17 06:30:52,233 [0f256f10-8056-416e-a2a4-dd085f6c7864@group-9ED9FEE0098D-LeaderElection48] INFO  impl.LeaderElection (LeaderElection.java:logAndReturn(56)) - 0f256f10-8056-416e-a2a4-dd085f6c7864@group-9ED9FEE0098D-LeaderElection48: Election TIMEOUT; received 0 response(s) [] and 0 exception(s); 0f256f10-8056-416e-a2a4-dd085f6c7864@group-9ED9FEE0098D:t29, leader=null, voted=0f256f10-8056-416e-a2a4-dd085f6c7864, raftlog=0f256f10-8056-416e-a2a4-dd085f6c7864@group-9ED9FEE0098D-SegmentedRaftLog:OPENED:c-1,f-1,i0, conf=-1: [2f64f904-2283-4e96-b4e2-6c9018f13084:192.168.34.62:40373, 0f256f10-8056-416e-a2a4-dd085f6c7864:192.168.34.62:35674, 07fb1a7b-fe02-4a56-ac24-3020e88d4db0:192.168.34.62:46434], old=null
2019-10-17 06:30:52,632 [Thread-1202] INFO  ozone.MiniOzoneClusterImpl (MiniOzoneClusterImpl.java:lambda$waitForClusterToBeReady$2(164)) - Waiting for 1 number of pipelines out of 4, to report a leader.
2019-10-17 06:30:53,053 [0f256f10-8056-416e-a2a4-dd085f6c7864@group-9ED9FEE0098D-LeaderElection48] INFO  impl.LeaderElection (LeaderElection.java:askForVotes(178)) - 0f256f10-8056-416e-a2a4-dd085f6c7864@group-9ED9FEE0098D-LeaderElection48: begin an election at term 30 for -1: [2f64f904-2283-4e96-b4e2-6c9018f13084:192.168.34.62:40373, 0f256f10-8056-416e-a2a4-dd085f6c7864:192.168.34.62:35674, 07fb1a7b-fe02-4a56-ac24-3020e88d4db0:192.168.34.62:46434], old=null
2019-10-17 06:30:53,056 [grpc-default-executor-1] INFO  impl.RaftServerImpl (RaftServerImpl.java:setRole(184)) - 2f64f904-2283-4e96-b4e2-6c9018f13084@group-9ED9FEE0098D: changes role from  FOLLOWER to FOLLOWER at term 30 for recognizeCandidate:0f256f10-8056-416e-a2a4-dd085f6c7864
2019-10-17 06:30:53,056 [grpc-default-executor-5] INFO  impl.RaftServerImpl (RaftServerImpl.java:setRole(184)) - 07fb1a7b-fe02-4a56-ac24-3020e88d4db0@group-9ED9FEE0098D: changes role from  FOLLOWER to FOLLOWER at term 30 for recognizeCandidate:0f256f10-8056-416e-a2a4-dd085f6c7864
2019-10-17 06:30:53,056 [grpc-default-executor-1] INFO  impl.RoleInfo (RoleInfo.java:shutdownFollowerState(121)) - 2f64f904-2283-4e96-b4e2-6c9018f13084: shutdown FollowerState
2019-10-17 06:30:53,056 [grpc-default-executor-5] INFO  impl.RoleInfo (RoleInfo.java:shutdownFollowerState(121)) - 07fb1a7b-fe02-4a56-ac24-3020e88d4db0: shutdown FollowerState
2019-10-17 06:30:53,056 [grpc-default-executor-1] INFO  impl.RoleInfo (RoleInfo.java:updateAndGet(143)) - 2f64f904-2283-4e96-b4e2-6c9018f13084: start FollowerState
2019-10-17 06:30:53,056 [Thread-1665] INFO  impl.FollowerState (FollowerState.java:run(117)) - 2f64f904-2283-4e96-b4e2-6c9018f13084@group-9ED9FEE0098D-FollowerState was interrupted: java.lang.InterruptedException: sleep interrupted
2019-10-17 06:30:53,056 [Thread-1664] INFO  impl.FollowerState (FollowerState.java:run(117)) - 07fb1a7b-fe02-4a56-ac24-3020e88d4db0@group-9ED9FEE0098D-FollowerState was interrupted: java.lang.InterruptedException: sleep interrupted
2019-10-17 06:30:53,056 [grpc-default-executor-5] INFO  impl.RoleInfo (RoleInfo.java:updateAndGet(143)) - 07fb1a7b-fe02-4a56-ac24-3020e88d4db0: start FollowerState
2019-10-17 06:30:53,093 [0f256f10-8056-416e-a2a4-dd085f6c7864@group-9ED9FEE0098D-LeaderElection48] INFO  impl.LeaderElection (LeaderElection.java:logAndReturn(56)) - 0f256f10-8056-416e-a2a4-dd085f6c7864@group-9ED9FEE0098D-LeaderElection48: Election REJECTED; received 2 response(s) [0f256f10-8056-416e-a2a4-dd085f6c7864<-2f64f904-2283-4e96-b4e2-6c9018f13084#0:FAIL-t30, 0f256f10-8056-416e-a2a4-dd085f6c7864<-07fb1a7b-fe02-4a56-ac24-3020e88d4db0#0:FAIL-t30] and 0 exception(s); 0f256f10-8056-416e-a2a4-dd085f6c7864@group-9ED9FEE0098D:t30, leader=null, voted=0f256f10-8056-416e-a2a4-dd085f6c7864, raftlog=0f256f10-8056-416e-a2a4-dd085f6c7864@group-9ED9FEE0098D-SegmentedRaftLog:OPENED:c-1,f-1,i0, conf=-1: [2f64f904-2283-4e96-b4e2-6c9018f13084:192.168.34.62:40373, 0f256f10-8056-416e-a2a4-dd085f6c7864:192.168.34.62:35674, 07fb1a7b-fe02-4a56-ac24-3020e88d4db0:192.168.34.62:46434], old=null
2019-10-17 06:30:53,093 [0f256f10-8056-416e-a2a4-dd085f6c7864@group-9ED9FEE0098D-LeaderElection48] INFO  impl.RaftServerImpl (RaftServerImpl.java:setRole(184)) - 0f256f10-8056-416e-a2a4-dd085f6c7864@group-9ED9FEE0098D: changes role from CANDIDATE to FOLLOWER at term 30 for DISCOVERED_A_NEW_TERM
2019-10-17 06:30:53,094 [0f256f10-8056-416e-a2a4-dd085f6c7864@group-9ED9FEE0098D-LeaderElection48] INFO  impl.RoleInfo (RoleInfo.java:shutdownLeaderElection(134)) - 0f256f10-8056-416e-a2a4-dd085f6c7864: shutdown LeaderElection
2019-10-17 06:30:53,094 [0f256f10-8056-416e-a2a4-dd085f6c7864@group-9ED9FEE0098D-LeaderElection48] INFO  impl.RoleInfo (RoleInfo.java:updateAndGet(143)) - 0f256f10-8056-416e-a2a4-dd085f6c7864: start FollowerState
2019-10-17 06:30:53,243 [Thread-1670] INFO  impl.FollowerState (FollowerState.java:run(108)) - 0f256f10-8056-416e-a2a4-dd085f6c7864@group-9ED9FEE0098D-FollowerState: change to CANDIDATE, lastRpcTime:149ms, electionTimeout:149ms
2019-10-17 06:30:53,243 [Thread-1670] INFO  impl.RoleInfo (RoleInfo.java:shutdownFollowerState(121)) - 0f256f10-8056-416e-a2a4-dd085f6c7864: shutdown FollowerState
2019-10-17 06:30:53,243 [Thread-1670] INFO  impl.RaftServerImpl (RaftServerImpl.java:setRole(184)) - 0f256f10-8056-416e-a2a4-dd085f6c7864@group-9ED9FEE0098D: changes role from  FOLLOWER to CANDIDATE at term 30 for changeToCandidate
2019-10-17 06:30:53,244 [Thread-1670] INFO  impl.RoleInfo (RoleInfo.java:updateAndGet(143)) - 0f256f10-8056-416e-a2a4-dd085f6c7864: start LeaderElection
2019-10-17 06:30:53,284 [0f256f10-8056-416e-a2a4-dd085f6c7864@group-9ED9FEE0098D-LeaderElection49] INFO  impl.LeaderElection (LeaderElection.java:askForVotes(178)) - 0f256f10-8056-416e-a2a4-dd085f6c7864@group-9ED9FEE0098D-LeaderElection49: begin an election at term 31 for -1: [2f64f904-2283-4e96-b4e2-6c9018f13084:192.168.34.62:40373, 0f256f10-8056-416e-a2a4-dd085f6c7864:192.168.34.62:35674, 07fb1a7b-fe02-4a56-ac24-3020e88d4db0:192.168.34.62:46434], old=null
2019-10-17 06:30:53,288 [grpc-default-executor-1] INFO  impl.RaftServerImpl (RaftServerImpl.java:setRole(184)) - 2f64f904-2283-4e96-b4e2-6c9018f13084@group-9ED9FEE0098D: changes role from  FOLLOWER to FOLLOWER at term 31 for recognizeCandidate:0f256f10-8056-416e-a2a4-dd085f6c7864
2019-10-17 06:30:53,288 [grpc-default-executor-1] INFO  impl.RoleInfo (RoleInfo.java:shutdownFollowerState(121)) - 2f64f904-2283-4e96-b4e2-6c9018f13084: shutdown FollowerState
2019-10-17 06:30:53,288 [grpc-default-executor-1] INFO  impl.RoleInfo (RoleInfo.java:updateAndGet(143)) - 2f64f904-2283-4e96-b4e2-6c9018f13084: start FollowerState
2019-10-17 06:30:53,288 [Thread-1668] INFO  impl.FollowerState (FollowerState.java:run(117)) - 2f64f904-2283-4e96-b4e2-6c9018f13084@group-9ED9FEE0098D-FollowerState was interrupted: java.lang.InterruptedException: sleep interrupted
2019-10-17 06:30:53,289 [grpc-default-executor-5] INFO  impl.RaftServerImpl (RaftServerImpl.java:setRole(184)) - 07fb1a7b-fe02-4a56-ac24-3020e88d4db0@group-9ED9FEE0098D: changes role from  FOLLOWER to FOLLOWER at term 31 for recognizeCandidate:0f256f10-8056-416e-a2a4-dd085f6c7864
2019-10-17 06:30:53,289 [grpc-default-executor-5] INFO  impl.RoleInfo (RoleInfo.java:shutdownFollowerState(121)) - 07fb1a7b-fe02-4a56-ac24-3020e88d4db0: shutdown FollowerState
2019-10-17 06:30:53,289 [grpc-default-executor-5] INFO  impl.RoleInfo (RoleInfo.java:updateAndGet(143)) - 07fb1a7b-fe02-4a56-ac24-3020e88d4db0: start FollowerState
2019-10-17 06:30:53,289 [Thread-1669] INFO  impl.FollowerState (FollowerState.java:run(117)) - 07fb1a7b-fe02-4a56-ac24-3020e88d4db0@group-9ED9FEE0098D-FollowerState was interrupted: java.lang.InterruptedException: sleep interrupted
2019-10-17 06:30:53,342 [0f256f10-8056-416e-a2a4-dd085f6c7864@group-9ED9FEE0098D-LeaderElection49] INFO  impl.LeaderElection (LeaderElection.java:logAndReturn(56)) - 0f256f10-8056-416e-a2a4-dd085f6c7864@group-9ED9FEE0098D-LeaderElection49: Election REJECTED; received 2 response(s) [0f256f10-8056-416e-a2a4-dd085f6c7864<-2f64f904-2283-4e96-b4e2-6c9018f13084#0:FAIL-t31, 0f256f10-8056-416e-a2a4-dd085f6c7864<-07fb1a7b-fe02-4a56-ac24-3020e88d4db0#0:FAIL-t31] and 0 exception(s); 0f256f10-8056-416e-a2a4-dd085f6c7864@group-9ED9FEE0098D:t31, leader=null, voted=0f256f10-8056-416e-a2a4-dd085f6c7864, raftlog=0f256f10-8056-416e-a2a4-dd085f6c7864@group-9ED9FEE0098D-SegmentedRaftLog:OPENED:c-1,f-1,i0, conf=-1: [2f64f904-2283-4e96-b4e2-6c9018f13084:192.168.34.62:40373, 0f256f10-8056-416e-a2a4-dd085f6c7864:192.168.34.62:35674, 07fb1a7b-fe02-4a56-ac24-3020e88d4db0:192.168.34.62:46434], old=null
2019-10-17 06:30:53,342 [0f256f10-8056-416e-a2a4-dd085f6c7864@group-9ED9FEE0098D-LeaderElection49] INFO  impl.RaftServerImpl (RaftServerImpl.java:setRole(184)) - 0f256f10-8056-416e-a2a4-dd085f6c7864@group-9ED9FEE0098D: changes role from CANDIDATE to FOLLOWER at term 31 for DISCOVERED_A_NEW_TERM
2019-10-17 06:30:53,342 [0f256f10-8056-416e-a2a4-dd085f6c7864@group-9ED9FEE0098D-LeaderElection49] INFO  impl.RoleInfo (RoleInfo.java:shutdownLeaderElection(134)) - 0f256f10-8056-416e-a2a4-dd085f6c7864: shutdown LeaderElection
2019-10-17 06:30:53,342 [0f256f10-8056-416e-a2a4-dd085f6c7864@group-9ED9FEE0098D-LeaderElection49] INFO  impl.RoleInfo (RoleInfo.java:updateAndGet(143)) - 0f256f10-8056-416e-a2a4-dd085f6c7864: start FollowerState
2019-10-17 06:30:53,418 [Thread-1676] INFO  impl.FollowerState (FollowerState.java:run(108)) - 0f256f10-8056-416e-a2a4-dd085f6c7864@group-9ED9FEE0098D-FollowerState: change to CANDIDATE, lastRpcTime:76ms, electionTimeout:76ms
2019-10-17 06:30:53,419 [Thread-1676] INFO  impl.RoleInfo (RoleInfo.java:shutdownFollowerState(121)) - 0f256f10-8056-416e-a2a4-dd085f6c7864: shutdown FollowerState
2019-10-17 06:30:53,419 [Thread-1676] INFO  impl.RaftServerImpl (RaftServerImpl.java:setRole(184)) - 0f256f10-8056-416e-a2a4-dd085f6c7864@group-9ED9FEE0098D: changes role from  FOLLOWER to CANDIDATE at term 31 for changeToCandidate
2019-10-17 06:30:53,419 [Thread-1676] INFO  impl.RoleInfo (RoleInfo.java:updateAndGet(143)) - 0f256f10-8056-416e-a2a4-dd085f6c7864: start LeaderElection
2019-10-17 06:30:53,472 [0f256f10-8056-416e-a2a4-dd085f6c7864@group-9ED9FEE0098D-LeaderElection50] INFO  impl.LeaderElection (LeaderElection.java:askForVotes(178)) - 0f256f10-8056-416e-a2a4-dd085f6c7864@group-9ED9FEE0098D-LeaderElection50: begin an election at term 32 for -1: [2f64f904-2283-4e96-b4e2-6c9018f13084:192.168.34.62:40373, 0f256f10-8056-416e-a2a4-dd085f6c7864:192.168.34.62:35674, 07fb1a7b-fe02-4a56-ac24-3020e88d4db0:192.168.34.62:46434], old=null
2019-10-17 06:30:53,475 [grpc-default-executor-5] INFO  impl.RaftServerImpl (RaftServerImpl.java:setRole(184)) - 2f64f904-2283-4e96-b4e2-6c9018f13084@group-9ED9FEE0098D: changes role from  FOLLOWER to FOLLOWER at term 32 for recognizeCandidate:0f256f10-8056-416e-a2a4-dd085f6c7864
2019-10-17 06:30:53,475 [grpc-default-executor-5] INFO  impl.RoleInfo (RoleInfo.java:shutdownFollowerState(121)) - 2f64f904-2283-4e96-b4e2-6c9018f13084: shutdown FollowerState
2019-10-17 06:30:53,475 [grpc-default-executor-1] INFO  impl.RaftServerImpl (RaftServerImpl.java:setRole(184)) - 07fb1a7b-fe02-4a56-ac24-3020e88d4db0@group-9ED9FEE0098D: changes role from  FOLLOWER to FOLLOWER at term 32 for recognizeCandidate:0f256f10-8056-416e-a2a4-dd085f6c7864
2019-10-17 06:30:53,475 [Thread-1674] INFO  impl.FollowerState (FollowerState.java:run(117)) - 2f64f904-2283-4e96-b4e2-6c9018f13084@group-9ED9FEE0098D-FollowerState was interrupted: java.lang.InterruptedException: sleep interrupted
2019-10-17 06:30:53,475 [grpc-default-executor-5] INFO  impl.RoleInfo (RoleInfo.java:updateAndGet(143)) - 2f64f904-2283-4e96-b4e2-6c9018f13084: start FollowerState
2019-10-17 06:30:53,475 [grpc-default-executor-1] INFO  impl.RoleInfo (RoleInfo.java:shutdownFollowerState(121)) - 07fb1a7b-fe02-4a56-ac24-3020e88d4db0: shutdown FollowerState
2019-10-17 06:30:53,476 [grpc-default-executor-1] INFO  impl.RoleInfo (RoleInfo.java:updateAndGet(143)) - 07fb1a7b-fe02-4a56-ac24-3020e88d4db0: start FollowerState
2019-10-17 06:30:53,476 [Thread-1675] INFO  impl.FollowerState (FollowerState.java:run(117)) - 07fb1a7b-fe02-4a56-ac24-3020e88d4db0@group-9ED9FEE0098D-FollowerState was interrupted: java.lang.InterruptedException: sleep interrupted
2019-10-17 06:30:53,500 [0f256f10-8056-416e-a2a4-dd085f6c7864@group-9ED9FEE0098D-LeaderElection50] INFO  impl.LeaderElection (LeaderElection.java:logAndReturn(56)) - 0f256f10-8056-416e-a2a4-dd085f6c7864@group-9ED9FEE0098D-LeaderElection50: Election REJECTED; received 2 response(s) [0f256f10-8056-416e-a2a4-dd085f6c7864<-2f64f904-2283-4e96-b4e2-6c9018f13084#0:FAIL-t32, 0f256f10-8056-416e-a2a4-dd085f6c7864<-07fb1a7b-fe02-4a56-ac24-3020e88d4db0#0:FAIL-t32] and 0 exception(s); 0f256f10-8056-416e-a2a4-dd085f6c7864@group-9ED9FEE0098D:t32, leader=null, voted=0f256f10-8056-416e-a2a4-dd085f6c7864, raftlog=0f256f10-8056-416e-a2a4-dd085f6c7864@group-9ED9FEE0098D-SegmentedRaftLog:OPENED:c-1,f-1,i0, conf=-1: [2f64f904-2283-4e96-b4e2-6c9018f13084:192.168.34.62:40373, 0f256f10-8056-416e-a2a4-dd085f6c7864:192.168.34.62:35674, 07fb1a7b-fe02-4a56-ac24-3020e88d4db0:192.168.34.62:46434], old=null
2019-10-17 06:30:53,501 [0f256f10-8056-416e-a2a4-dd085f6c7864@group-9ED9FEE0098D-LeaderElection50] INFO  impl.RaftServerImpl (RaftServerImpl.java:setRole(184)) - 0f256f10-8056-416e-a2a4-dd085f6c7864@group-9ED9FEE0098D: changes role from CANDIDATE to FOLLOWER at term 32 for DISCOVERED_A_NEW_TERM
2019-10-17 06:30:53,501 [0f256f10-8056-416e-a2a4-dd085f6c7864@group-9ED9FEE0098D-LeaderElection50] INFO  impl.RoleInfo (RoleInfo.java:shutdownLeaderElection(134)) - 0f256f10-8056-416e-a2a4-dd085f6c7864: shutdown LeaderElection
2019-10-17 06:30:53,501 [0f256f10-8056-416e-a2a4-dd085f6c7864@group-9ED9FEE0098D-LeaderElection50] INFO  impl.RoleInfo (RoleInfo.java:updateAndGet(143)) - 0f256f10-8056-416e-a2a4-dd085f6c7864: start FollowerState
2019-10-17 06:30:53,555 [Thread-1682] INFO  impl.FollowerState (FollowerState.java:run(108)) - 0f256f10-8056-416e-a2a4-dd085f6c7864@group-9ED9FEE0098D-FollowerState: change to CANDIDATE, lastRpcTime:54ms, electionTimeout:54ms
2019-10-17 06:30:53,556 [Thread-1682] INFO  impl.RoleInfo (RoleInfo.java:shutdownFollowerState(121)) - 0f256f10-8056-416e-a2a4-dd085f6c7864: shutdown FollowerState
2019-10-17 06:30:53,556 [Thread-1682] INFO  impl.RaftServerImpl (RaftServerImpl.java:setRole(184)) - 0f256f10-8056-416e-a2a4-dd085f6c7864@group-9ED9FEE0098D: changes role from  FOLLOWER to CANDIDATE at term 32 for changeToCandidate
2019-10-17 06:30:53,556 [Thread-1682] INFO  impl.RoleInfo (RoleInfo.java:updateAndGet(143)) - 0f256f10-8056-416e-a2a4-dd085f6c7864: start LeaderElection
2019-10-17 06:30:53,576 [0f256f10-8056-416e-a2a4-dd085f6c7864@group-9ED9FEE0098D-LeaderElection51] INFO  impl.LeaderElection (LeaderElection.java:askForVotes(178)) - 0f256f10-8056-416e-a2a4-dd085f6c7864@group-9ED9FEE0098D-LeaderElection51: begin an election at term 33 for -1: [2f64f904-2283-4e96-b4e2-6c9018f13084:192.168.34.62:40373, 0f256f10-8056-416e-a2a4-dd085f6c7864:192.168.34.62:35674, 07fb1a7b-fe02-4a56-ac24-3020e88d4db0:192.168.34.62:46434], old=null
2019-10-17 06:30:53,579 [grpc-default-executor-1] INFO  impl.RaftServerImpl (RaftServerImpl.java:setRole(184)) - 2f64f904-2283-4e96-b4e2-6c9018f13084@group-9ED9FEE0098D: changes role from  FOLLOWER to FOLLOWER at term 33 for recognizeCandidate:0f256f10-8056-416e-a2a4-dd085f6c7864
2019-10-17 06:30:53,579 [grpc-default-executor-1] INFO  impl.RoleInfo (RoleInfo.java:shutdownFollowerState(121)) - 2f64f904-2283-4e96-b4e2-6c9018f13084: shutdown FollowerState
2019-10-17 06:30:53,579 [grpc-default-executor-1] INFO  impl.RoleInfo (RoleInfo.java:updateAndGet(143)) - 2f64f904-2283-4e96-b4e2-6c9018f13084: start FollowerState
2019-10-17 06:30:53,579 [grpc-default-executor-5] INFO  impl.RaftServerImpl (RaftServerImpl.java:setRole(184)) - 07fb1a7b-fe02-4a56-ac24-3020e88d4db0@group-9ED9FEE0098D: changes role from  FOLLOWER to FOLLOWER at term 33 for recognizeCandidate:0f256f10-8056-416e-a2a4-dd085f6c7864
2019-10-17 06:30:53,579 [grpc-default-executor-5] INFO  impl.RoleInfo (RoleInfo.java:shutdownFollowerState(121)) - 07fb1a7b-fe02-4a56-ac24-3020e88d4db0: shutdown FollowerState
2019-10-17 06:30:53,579 [Thread-1680] INFO  impl.FollowerState (FollowerState.java:run(117)) - 2f64f904-2283-4e96-b4e2-6c9018f13084@group-9ED9FEE0098D-FollowerState was interrupted: java.lang.InterruptedException: sleep interrupted
2019-10-17 06:30:53,579 [grpc-default-executor-5] INFO  impl.RoleInfo (RoleInfo.java:updateAndGet(143)) - 07fb1a7b-fe02-4a56-ac24-3020e88d4db0: start FollowerState
2019-10-17 06:30:53,579 [Thread-1681] INFO  impl.FollowerState (FollowerState.java:run(117)) - 07fb1a7b-fe02-4a56-ac24-3020e88d4db0@group-9ED9FEE0098D-FollowerState was interrupted: java.lang.InterruptedException: sleep interrupted
2019-10-17 06:30:53,629 [0f256f10-8056-416e-a2a4-dd085f6c7864@group-9ED9FEE0098D-LeaderElection51] INFO  impl.LeaderElection (LeaderElection.java:logAndReturn(56)) - 0f256f10-8056-416e-a2a4-dd085f6c7864@group-9ED9FEE0098D-LeaderElection51: Election TIMEOUT; received 0 response(s) [] and 0 exception(s); 0f256f10-8056-416e-a2a4-dd085f6c7864@group-9ED9FEE0098D:t33, leader=null, voted=0f256f10-8056-416e-a2a4-dd085f6c7864, raftlog=0f256f10-8056-416e-a2a4-dd085f6c7864@group-9ED9FEE0098D-SegmentedRaftLog:OPENED:c-1,f-1,i0, conf=-1: [2f64f904-2283-4e96-b4e2-6c9018f13084:192.168.34.62:40373, 0f256f10-8056-416e-a2a4-dd085f6c7864:192.168.34.62:35674, 07fb1a7b-fe02-4a56-ac24-3020e88d4db0:192.168.34.62:46434], old=null
2019-10-17 06:30:53,632 [Thread-1202] INFO  ozone.MiniOzoneClusterImpl (MiniOzoneClusterImpl.java:lambda$waitForClusterToBeReady$2(164)) - Waiting for 1 number of pipelines out of 4, to report a leader.
2019-10-17 06:30:53,648 [0f256f10-8056-416e-a2a4-dd085f6c7864@group-9ED9FEE0098D-LeaderElection51] INFO  impl.LeaderElection (LeaderElection.java:askForVotes(178)) - 0f256f10-8056-416e-a2a4-dd085f6c7864@group-9ED9FEE0098D-LeaderElection51: begin an election at term 34 for -1: [2f64f904-2283-4e96-b4e2-6c9018f13084:192.168.34.62:40373, 0f256f10-8056-416e-a2a4-dd085f6c7864:192.168.34.62:35674, 07fb1a7b-fe02-4a56-ac24-3020e88d4db0:192.168.34.62:46434], old=null
2019-10-17 06:30:53,650 [grpc-default-executor-5] INFO  impl.RaftServerImpl (RaftServerImpl.java:setRole(184)) - 07fb1a7b-fe02-4a56-ac24-3020e88d4db0@group-9ED9FEE0098D: changes role from  FOLLOWER to FOLLOWER at term 34 for recognizeCandidate:0f256f10-8056-416e-a2a4-dd085f6c7864
2019-10-17 06:30:53,650 [grpc-default-executor-1] INFO  impl.RaftServerImpl (RaftServerImpl.java:setRole(184)) - 2f64f904-2283-4e96-b4e2-6c9018f13084@group-9ED9FEE0098D: changes role from  FOLLOWER to FOLLOWER at term 34 for recognizeCandidate:0f256f10-8056-416e-a2a4-dd085f6c7864
2019-10-17 06:30:53,651 [grpc-default-executor-5] INFO  impl.RoleInfo (RoleInfo.java:shutdownFollowerState(121)) - 07fb1a7b-fe02-4a56-ac24-3020e88d4db0: shutdown FollowerState
2019-10-17 06:30:53,651 [grpc-default-executor-1] INFO  impl.RoleInfo (RoleInfo.java:shutdownFollowerState(121)) - 2f64f904-2283-4e96-b4e2-6c9018f13084: shutdown FollowerState
2019-10-17 06:30:53,651 [grpc-default-executor-1] INFO  impl.RoleInfo (RoleInfo.java:updateAndGet(143)) - 2f64f904-2283-4e96-b4e2-6c9018f13084: start FollowerState
2019-10-17 06:30:53,651 [Thread-1687] INFO  impl.FollowerState (FollowerState.java:run(117)) - 07fb1a7b-fe02-4a56-ac24-3020e88d4db0@group-9ED9FEE0098D-FollowerState was interrupted: java.lang.InterruptedException: sleep interrupted
2019-10-17 06:30:53,651 [grpc-default-executor-5] INFO  impl.RoleInfo (RoleInfo.java:updateAndGet(143)) - 07fb1a7b-fe02-4a56-ac24-3020e88d4db0: start FollowerState
2019-10-17 06:30:53,651 [Thread-1686] INFO  impl.FollowerState (FollowerState.java:run(117)) - 2f64f904-2283-4e96-b4e2-6c9018f13084@group-9ED9FEE0098D-FollowerState was interrupted: java.lang.InterruptedException: sleep interrupted
2019-10-17 06:30:53,678 [0f256f10-8056-416e-a2a4-dd085f6c7864@group-9ED9FEE0098D-LeaderElection51] INFO  impl.LeaderElection (LeaderElection.java:logAndReturn(56)) - 0f256f10-8056-416e-a2a4-dd085f6c7864@group-9ED9FEE0098D-LeaderElection51: Election REJECTED; received 2 response(s) [0f256f10-8056-416e-a2a4-dd085f6c7864<-2f64f904-2283-4e96-b4e2-6c9018f13084#0:FAIL-t34, 0f256f10-8056-416e-a2a4-dd085f6c7864<-07fb1a7b-fe02-4a56-ac24-3020e88d4db0#0:FAIL-t34] and 0 exception(s); 0f256f10-8056-416e-a2a4-dd085f6c7864@group-9ED9FEE0098D:t34, leader=null, voted=0f256f10-8056-416e-a2a4-dd085f6c7864, raftlog=0f256f10-8056-416e-a2a4-dd085f6c7864@group-9ED9FEE0098D-SegmentedRaftLog:OPENED:c-1,f-1,i0, conf=-1: [2f64f904-2283-4e96-b4e2-6c9018f13084:192.168.34.62:40373, 0f256f10-8056-416e-a2a4-dd085f6c7864:192.168.34.62:35674, 07fb1a7b-fe02-4a56-ac24-3020e88d4db0:192.168.34.62:46434], old=null
2019-10-17 06:30:53,678 [0f256f10-8056-416e-a2a4-dd085f6c7864@group-9ED9FEE0098D-LeaderElection51] INFO  impl.RaftServerImpl (RaftServerImpl.java:setRole(184)) - 0f256f10-8056-416e-a2a4-dd085f6c7864@group-9ED9FEE0098D: changes role from CANDIDATE to FOLLOWER at term 34 for DISCOVERED_A_NEW_TERM
2019-10-17 06:30:53,678 [0f256f10-8056-416e-a2a4-dd085f6c7864@group-9ED9FEE0098D-LeaderElection51] INFO  impl.RoleInfo (RoleInfo.java:shutdownLeaderElection(134)) - 0f256f10-8056-416e-a2a4-dd085f6c7864: shutdown LeaderElection
2019-10-17 06:30:53,679 [0f256f10-8056-416e-a2a4-dd085f6c7864@group-9ED9FEE0098D-LeaderElection51] INFO  impl.RoleInfo (RoleInfo.java:updateAndGet(143)) - 0f256f10-8056-416e-a2a4-dd085f6c7864: start FollowerState
2019-10-17 06:30:53,686 [Thread-1692] INFO  impl.FollowerState (FollowerState.java:run(108)) - 0f256f10-8056-416e-a2a4-dd085f6c7864@group-9ED9FEE0098D-FollowerState: change to CANDIDATE, lastRpcTime:7ms, electionTimeout:7ms
2019-10-17 06:30:53,686 [Thread-1692] INFO  impl.RoleInfo (RoleInfo.java:shutdownFollowerState(121)) - 0f256f10-8056-416e-a2a4-dd085f6c7864: shutdown FollowerState
2019-10-17 06:30:53,686 [Thread-1692] INFO  impl.RaftServerImpl (RaftServerImpl.java:setRole(184)) - 0f256f10-8056-416e-a2a4-dd085f6c7864@group-9ED9FEE0098D: changes role from  FOLLOWER to CANDIDATE at term 34 for changeToCandidate
2019-10-17 06:30:53,687 [Thread-1692] INFO  impl.RoleInfo (RoleInfo.java:updateAndGet(143)) - 0f256f10-8056-416e-a2a4-dd085f6c7864: start LeaderElection
2019-10-17 06:30:53,712 [0f256f10-8056-416e-a2a4-dd085f6c7864@group-9ED9FEE0098D-LeaderElection52] INFO  impl.LeaderElection (LeaderElection.java:askForVotes(178)) - 0f256f10-8056-416e-a2a4-dd085f6c7864@group-9ED9FEE0098D-LeaderElection52: begin an election at term 35 for -1: [2f64f904-2283-4e96-b4e2-6c9018f13084:192.168.34.62:40373, 0f256f10-8056-416e-a2a4-dd085f6c7864:192.168.34.62:35674, 07fb1a7b-fe02-4a56-ac24-3020e88d4db0:192.168.34.62:46434], old=null
2019-10-17 06:30:53,716 [grpc-default-executor-1] INFO  impl.RaftServerImpl (RaftServerImpl.java:setRole(184)) - 2f64f904-2283-4e96-b4e2-6c9018f13084@group-9ED9FEE0098D: changes role from  FOLLOWER to FOLLOWER at term 35 for recognizeCandidate:0f256f10-8056-416e-a2a4-dd085f6c7864
2019-10-17 06:30:53,716 [grpc-default-executor-5] INFO  impl.RaftServerImpl (RaftServerImpl.java:setRole(184)) - 07fb1a7b-fe02-4a56-ac24-3020e88d4db0@group-9ED9FEE0098D: changes role from  FOLLOWER to FOLLOWER at term 35 for recognizeCandidate:0f256f10-8056-416e-a2a4-dd085f6c7864
2019-10-17 06:30:53,716 [grpc-default-executor-1] INFO  impl.RoleInfo (RoleInfo.java:shutdownFollowerState(121)) - 2f64f904-2283-4e96-b4e2-6c9018f13084: shutdown FollowerState
2019-10-17 06:30:53,716 [grpc-default-executor-5] INFO  impl.RoleInfo (RoleInfo.java:shutdownFollowerState(121)) - 07fb1a7b-fe02-4a56-ac24-3020e88d4db0: shutdown FollowerState
2019-10-17 06:30:53,716 [grpc-default-executor-1] INFO  impl.RoleInfo (RoleInfo.java:updateAndGet(143)) - 2f64f904-2283-4e96-b4e2-6c9018f13084: start FollowerState
2019-10-17 06:30:53,717 [Thread-1690] INFO  impl.FollowerState (FollowerState.java:run(117)) - 07fb1a7b-fe02-4a56-ac24-3020e88d4db0@group-9ED9FEE0098D-FollowerState was interrupted: java.lang.InterruptedException: sleep interrupted
2019-10-17 06:30:53,717 [grpc-default-executor-5] INFO  impl.RoleInfo (RoleInfo.java:updateAndGet(143)) - 07fb1a7b-fe02-4a56-ac24-3020e88d4db0: start FollowerState
2019-10-17 06:30:53,717 [Thread-1691] INFO  impl.FollowerState (FollowerState.java:run(117)) - 2f64f904-2283-4e96-b4e2-6c9018f13084@group-9ED9FEE0098D-FollowerState was interrupted: java.lang.InterruptedException: sleep interrupted
2019-10-17 06:30:53,723 [0f256f10-8056-416e-a2a4-dd085f6c7864@group-9ED9FEE0098D-LeaderElection52] INFO  impl.LeaderElection (LeaderElection.java:logAndReturn(56)) - 0f256f10-8056-416e-a2a4-dd085f6c7864@group-9ED9FEE0098D-LeaderElection52: Election TIMEOUT; received 0 response(s) [] and 0 exception(s); 0f256f10-8056-416e-a2a4-dd085f6c7864@group-9ED9FEE0098D:t35, leader=null, voted=0f256f10-8056-416e-a2a4-dd085f6c7864, raftlog=0f256f10-8056-416e-a2a4-dd085f6c7864@group-9ED9FEE0098D-SegmentedRaftLog:OPENED:c-1,f-1,i0, conf=-1: [2f64f904-2283-4e96-b4e2-6c9018f13084:192.168.34.62:40373, 0f256f10-8056-416e-a2a4-dd085f6c7864:192.168.34.62:35674, 07fb1a7b-fe02-4a56-ac24-3020e88d4db0:192.168.34.62:46434], old=null
2019-10-17 06:30:53,762 [0f256f10-8056-416e-a2a4-dd085f6c7864@group-9ED9FEE0098D-LeaderElection52] INFO  impl.LeaderElection (LeaderElection.java:askForVotes(178)) - 0f256f10-8056-416e-a2a4-dd085f6c7864@group-9ED9FEE0098D-LeaderElection52: begin an election at term 36 for -1: [2f64f904-2283-4e96-b4e2-6c9018f13084:192.168.34.62:40373, 0f256f10-8056-416e-a2a4-dd085f6c7864:192.168.34.62:35674, 07fb1a7b-fe02-4a56-ac24-3020e88d4db0:192.168.34.62:46434], old=null
2019-10-17 06:30:53,765 [grpc-default-executor-1] INFO  impl.RaftServerImpl (RaftServerImpl.java:setRole(184)) - 07fb1a7b-fe02-4a56-ac24-3020e88d4db0@group-9ED9FEE0098D: changes role from  FOLLOWER to FOLLOWER at term 36 for recognizeCandidate:0f256f10-8056-416e-a2a4-dd085f6c7864
2019-10-17 06:30:53,765 [grpc-default-executor-1] INFO  impl.RoleInfo (RoleInfo.java:shutdownFollowerState(121)) - 07fb1a7b-fe02-4a56-ac24-3020e88d4db0: shutdown FollowerState
2019-10-17 06:30:53,765 [grpc-default-executor-5] INFO  impl.RaftServerImpl (RaftServerImpl.java:setRole(184)) - 2f64f904-2283-4e96-b4e2-6c9018f13084@group-9ED9FEE0098D: changes role from  FOLLOWER to FOLLOWER at term 36 for recognizeCandidate:0f256f10-8056-416e-a2a4-dd085f6c7864
2019-10-17 06:30:53,765 [Thread-1697] INFO  impl.FollowerState (FollowerState.java:run(117)) - 07fb1a7b-fe02-4a56-ac24-3020e88d4db0@group-9ED9FEE0098D-FollowerState was interrupted: java.lang.InterruptedException: sleep interrupted
2019-10-17 06:30:53,765 [grpc-default-executor-1] INFO  impl.RoleInfo (RoleInfo.java:updateAndGet(143)) - 07fb1a7b-fe02-4a56-ac24-3020e88d4db0: start FollowerState
2019-10-17 06:30:53,765 [grpc-default-executor-5] INFO  impl.RoleInfo (RoleInfo.java:shutdownFollowerState(121)) - 2f64f904-2283-4e96-b4e2-6c9018f13084: shutdown FollowerState
2019-10-17 06:30:53,765 [grpc-default-executor-5] INFO  impl.RoleInfo (RoleInfo.java:updateAndGet(143)) - 2f64f904-2283-4e96-b4e2-6c9018f13084: start FollowerState
2019-10-17 06:30:53,765 [Thread-1696] INFO  impl.FollowerState (FollowerState.java:run(117)) - 2f64f904-2283-4e96-b4e2-6c9018f13084@group-9ED9FEE0098D-FollowerState was interrupted: java.lang.InterruptedException: sleep interrupted
2019-10-17 06:30:53,801 [0f256f10-8056-416e-a2a4-dd085f6c7864@group-9ED9FEE0098D-LeaderElection52] INFO  impl.LeaderElection (LeaderElection.java:logAndReturn(56)) - 0f256f10-8056-416e-a2a4-dd085f6c7864@group-9ED9FEE0098D-LeaderElection52: Election REJECTED; received 2 response(s) [0f256f10-8056-416e-a2a4-dd085f6c7864<-2f64f904-2283-4e96-b4e2-6c9018f13084#0:FAIL-t36, 0f256f10-8056-416e-a2a4-dd085f6c7864<-07fb1a7b-fe02-4a56-ac24-3020e88d4db0#0:FAIL-t36] and 0 exception(s); 0f256f10-8056-416e-a2a4-dd085f6c7864@group-9ED9FEE0098D:t36, leader=null, voted=0f256f10-8056-416e-a2a4-dd085f6c7864, raftlog=0f256f10-8056-416e-a2a4-dd085f6c7864@group-9ED9FEE0098D-SegmentedRaftLog:OPENED:c-1,f-1,i0, conf=-1: [2f64f904-2283-4e96-b4e2-6c9018f13084:192.168.34.62:40373, 0f256f10-8056-416e-a2a4-dd085f6c7864:192.168.34.62:35674, 07fb1a7b-fe02-4a56-ac24-3020e88d4db0:192.168.34.62:46434], old=null
2019-10-17 06:30:53,802 [0f256f10-8056-416e-a2a4-dd085f6c7864@group-9ED9FEE0098D-LeaderElection52] INFO  impl.RaftServerImpl (RaftServerImpl.java:setRole(184)) - 0f256f10-8056-416e-a2a4-dd085f6c7864@group-9ED9FEE0098D: changes role from CANDIDATE to FOLLOWER at term 36 for DISCOVERED_A_NEW_TERM
2019-10-17 06:30:53,802 [0f256f10-8056-416e-a2a4-dd085f6c7864@group-9ED9FEE0098D-LeaderElection52] INFO  impl.RoleInfo (RoleInfo.java:shutdownLeaderElection(134)) - 0f256f10-8056-416e-a2a4-dd085f6c7864: shutdown LeaderElection
2019-10-17 06:30:53,802 [0f256f10-8056-416e-a2a4-dd085f6c7864@group-9ED9FEE0098D-LeaderElection52] INFO  impl.RoleInfo (RoleInfo.java:updateAndGet(143)) - 0f256f10-8056-416e-a2a4-dd085f6c7864: start FollowerState
2019-10-17 06:30:53,964 [Thread-1702] INFO  impl.FollowerState (FollowerState.java:run(108)) - 0f256f10-8056-416e-a2a4-dd085f6c7864@group-9ED9FEE0098D-FollowerState: change to CANDIDATE, lastRpcTime:162ms, electionTimeout:162ms
2019-10-17 06:30:53,964 [Thread-1702] INFO  impl.RoleInfo (RoleInfo.java:shutdownFollowerState(121)) - 0f256f10-8056-416e-a2a4-dd085f6c7864: shutdown FollowerState
2019-10-17 06:30:53,964 [Thread-1702] INFO  impl.RaftServerImpl (RaftServerImpl.java:setRole(184)) - 0f256f10-8056-416e-a2a4-dd085f6c7864@group-9ED9FEE0098D: changes role from  FOLLOWER to CANDIDATE at term 36 for changeToCandidate
2019-10-17 06:30:53,965 [Thread-1702] INFO  impl.RoleInfo (RoleInfo.java:updateAndGet(143)) - 0f256f10-8056-416e-a2a4-dd085f6c7864: start LeaderElection
2019-10-17 06:30:54,009 [0f256f10-8056-416e-a2a4-dd085f6c7864@group-9ED9FEE0098D-LeaderElection53] INFO  impl.LeaderElection (LeaderElection.java:askForVotes(178)) - 0f256f10-8056-416e-a2a4-dd085f6c7864@group-9ED9FEE0098D-LeaderElection53: begin an election at term 37 for -1: [2f64f904-2283-4e96-b4e2-6c9018f13084:192.168.34.62:40373, 0f256f10-8056-416e-a2a4-dd085f6c7864:192.168.34.62:35674, 07fb1a7b-fe02-4a56-ac24-3020e88d4db0:192.168.34.62:46434], old=null
2019-10-17 06:30:54,013 [grpc-default-executor-5] INFO  impl.RaftServerImpl (RaftServerImpl.java:setRole(184)) - 07fb1a7b-fe02-4a56-ac24-3020e88d4db0@group-9ED9FEE0098D: changes role from  FOLLOWER to FOLLOWER at term 37 for recognizeCandidate:0f256f10-8056-416e-a2a4-dd085f6c7864
2019-10-17 06:30:54,013 [grpc-default-executor-1] INFO  impl.RaftServerImpl (RaftServerImpl.java:setRole(184)) - 2f64f904-2283-4e96-b4e2-6c9018f13084@group-9ED9FEE0098D: changes role from  FOLLOWER to FOLLOWER at term 37 for recognizeCandidate:0f256f10-8056-416e-a2a4-dd085f6c7864
2019-10-17 06:30:54,013 [grpc-default-executor-5] INFO  impl.RoleInfo (RoleInfo.java:shutdownFollowerState(121)) - 07fb1a7b-fe02-4a56-ac24-3020e88d4db0: shutdown FollowerState
2019-10-17 06:30:54,013 [grpc-default-executor-1] INFO  impl.RoleInfo (RoleInfo.java:shutdownFollowerState(121)) - 2f64f904-2283-4e96-b4e2-6c9018f13084: shutdown FollowerState
2019-10-17 06:30:54,013 [Thread-1700] INFO  impl.FollowerState (FollowerState.java:run(117)) - 07fb1a7b-fe02-4a56-ac24-3020e88d4db0@group-9ED9FEE0098D-FollowerState was interrupted: java.lang.InterruptedException: sleep interrupted
2019-10-17 06:30:54,013 [grpc-default-executor-5] INFO  impl.RoleInfo (RoleInfo.java:updateAndGet(143)) - 07fb1a7b-fe02-4a56-ac24-3020e88d4db0: start FollowerState
2019-10-17 06:30:54,013 [Thread-1701] INFO  impl.FollowerState (FollowerState.java:run(117)) - 2f64f904-2283-4e96-b4e2-6c9018f13084@group-9ED9FEE0098D-FollowerState was interrupted: java.lang.InterruptedException: sleep interrupted
2019-10-17 06:30:54,013 [grpc-default-executor-1] INFO  impl.RoleInfo (RoleInfo.java:updateAndGet(143)) - 2f64f904-2283-4e96-b4e2-6c9018f13084: start FollowerState
2019-10-17 06:30:54,053 [0f256f10-8056-416e-a2a4-dd085f6c7864@group-9ED9FEE0098D-LeaderElection53] INFO  impl.LeaderElection (LeaderElection.java:logAndReturn(56)) - 0f256f10-8056-416e-a2a4-dd085f6c7864@group-9ED9FEE0098D-LeaderElection53: Election REJECTED; received 2 response(s) [0f256f10-8056-416e-a2a4-dd085f6c7864<-2f64f904-2283-4e96-b4e2-6c9018f13084#0:FAIL-t37, 0f256f10-8056-416e-a2a4-dd085f6c7864<-07fb1a7b-fe02-4a56-ac24-3020e88d4db0#0:FAIL-t37] and 0 exception(s); 0f256f10-8056-416e-a2a4-dd085f6c7864@group-9ED9FEE0098D:t37, leader=null, voted=0f256f10-8056-416e-a2a4-dd085f6c7864, raftlog=0f256f10-8056-416e-a2a4-dd085f6c7864@group-9ED9FEE0098D-SegmentedRaftLog:OPENED:c-1,f-1,i0, conf=-1: [2f64f904-2283-4e96-b4e2-6c9018f13084:192.168.34.62:40373, 0f256f10-8056-416e-a2a4-dd085f6c7864:192.168.34.62:35674, 07fb1a7b-fe02-4a56-ac24-3020e88d4db0:192.168.34.62:46434], old=null
2019-10-17 06:30:54,054 [0f256f10-8056-416e-a2a4-dd085f6c7864@group-9ED9FEE0098D-LeaderElection53] INFO  impl.RaftServerImpl (RaftServerImpl.java:setRole(184)) - 0f256f10-8056-416e-a2a4-dd085f6c7864@group-9ED9FEE0098D: changes role from CANDIDATE to FOLLOWER at term 37 for DISCOVERED_A_NEW_TERM
2019-10-17 06:30:54,054 [0f256f10-8056-416e-a2a4-dd085f6c7864@group-9ED9FEE0098D-LeaderElection53] INFO  impl.RoleInfo (RoleInfo.java:shutdownLeaderElection(134)) - 0f256f10-8056-416e-a2a4-dd085f6c7864: shutdown LeaderElection
2019-10-17 06:30:54,054 [0f256f10-8056-416e-a2a4-dd085f6c7864@group-9ED9FEE0098D-LeaderElection53] INFO  impl.RoleInfo (RoleInfo.java:updateAndGet(143)) - 0f256f10-8056-416e-a2a4-dd085f6c7864: start FollowerState
2019-10-17 06:30:54,201 [Thread-1708] INFO  impl.FollowerState (FollowerState.java:run(108)) - 0f256f10-8056-416e-a2a4-dd085f6c7864@group-9ED9FEE0098D-FollowerState: change to CANDIDATE, lastRpcTime:147ms, electionTimeout:147ms
2019-10-17 06:30:54,201 [Thread-1708] INFO  impl.RoleInfo (RoleInfo.java:shutdownFollowerState(121)) - 0f256f10-8056-416e-a2a4-dd085f6c7864: shutdown FollowerState
2019-10-17 06:30:54,201 [Thread-1708] INFO  impl.RaftServerImpl (RaftServerImpl.java:setRole(184)) - 0f256f10-8056-416e-a2a4-dd085f6c7864@group-9ED9FEE0098D: changes role from  FOLLOWER to CANDIDATE at term 37 for changeToCandidate
2019-10-17 06:30:54,202 [Thread-1708] INFO  impl.RoleInfo (RoleInfo.java:updateAndGet(143)) - 0f256f10-8056-416e-a2a4-dd085f6c7864: start LeaderElection
2019-10-17 06:30:54,274 [0f256f10-8056-416e-a2a4-dd085f6c7864@group-9ED9FEE0098D-LeaderElection54] INFO  impl.LeaderElection (LeaderElection.java:askForVotes(178)) - 0f256f10-8056-416e-a2a4-dd085f6c7864@group-9ED9FEE0098D-LeaderElection54: begin an election at term 38 for -1: [2f64f904-2283-4e96-b4e2-6c9018f13084:192.168.34.62:40373, 0f256f10-8056-416e-a2a4-dd085f6c7864:192.168.34.62:35674, 07fb1a7b-fe02-4a56-ac24-3020e88d4db0:192.168.34.62:46434], old=null
2019-10-17 06:30:54,277 [grpc-default-executor-1] INFO  impl.RaftServerImpl (RaftServerImpl.java:setRole(184)) - 07fb1a7b-fe02-4a56-ac24-3020e88d4db0@group-9ED9FEE0098D: changes role from  FOLLOWER to FOLLOWER at term 38 for recognizeCandidate:0f256f10-8056-416e-a2a4-dd085f6c7864
2019-10-17 06:30:54,277 [grpc-default-executor-5] INFO  impl.RaftServerImpl (RaftServerImpl.java:setRole(184)) - 2f64f904-2283-4e96-b4e2-6c9018f13084@group-9ED9FEE0098D: changes role from  FOLLOWER to FOLLOWER at term 38 for recognizeCandidate:0f256f10-8056-416e-a2a4-dd085f6c7864
2019-10-17 06:30:54,277 [grpc-default-executor-1] INFO  impl.RoleInfo (RoleInfo.java:shutdownFollowerState(121)) - 07fb1a7b-fe02-4a56-ac24-3020e88d4db0: shutdown FollowerState
2019-10-17 06:30:54,277 [grpc-default-executor-5] INFO  impl.RoleInfo (RoleInfo.java:shutdownFollowerState(121)) - 2f64f904-2283-4e96-b4e2-6c9018f13084: shutdown FollowerState
2019-10-17 06:30:54,278 [Thread-1706] INFO  impl.FollowerState (FollowerState.java:run(117)) - 07fb1a7b-fe02-4a56-ac24-3020e88d4db0@group-9ED9FEE0098D-FollowerState was interrupted: java.lang.InterruptedException: sleep interrupted
2019-10-17 06:30:54,278 [grpc-default-executor-1] INFO  impl.RoleInfo (RoleInfo.java:updateAndGet(143)) - 07fb1a7b-fe02-4a56-ac24-3020e88d4db0: start FollowerState
2019-10-17 06:30:54,278 [Thread-1707] INFO  impl.FollowerState (FollowerState.java:run(117)) - 2f64f904-2283-4e96-b4e2-6c9018f13084@group-9ED9FEE0098D-FollowerState was interrupted: java.lang.InterruptedException: sleep interrupted
2019-10-17 06:30:54,278 [grpc-default-executor-5] INFO  impl.RoleInfo (RoleInfo.java:updateAndGet(143)) - 2f64f904-2283-4e96-b4e2-6c9018f13084: start FollowerState
2019-10-17 06:30:54,347 [0f256f10-8056-416e-a2a4-dd085f6c7864@group-9ED9FEE0098D-LeaderElection54] INFO  impl.LeaderElection (LeaderElection.java:logAndReturn(56)) - 0f256f10-8056-416e-a2a4-dd085f6c7864@group-9ED9FEE0098D-LeaderElection54: Election TIMEOUT; received 0 response(s) [] and 0 exception(s); 0f256f10-8056-416e-a2a4-dd085f6c7864@group-9ED9FEE0098D:t38, leader=null, voted=0f256f10-8056-416e-a2a4-dd085f6c7864, raftlog=0f256f10-8056-416e-a2a4-dd085f6c7864@group-9ED9FEE0098D-SegmentedRaftLog:OPENED:c-1,f-1,i0, conf=-1: [2f64f904-2283-4e96-b4e2-6c9018f13084:192.168.34.62:40373, 0f256f10-8056-416e-a2a4-dd085f6c7864:192.168.34.62:35674, 07fb1a7b-fe02-4a56-ac24-3020e88d4db0:192.168.34.62:46434], old=null
2019-10-17 06:30:54,421 [0f256f10-8056-416e-a2a4-dd085f6c7864@group-9ED9FEE0098D-LeaderElection54] INFO  impl.LeaderElection (LeaderElection.java:askForVotes(178)) - 0f256f10-8056-416e-a2a4-dd085f6c7864@group-9ED9FEE0098D-LeaderElection54: begin an election at term 39 for -1: [2f64f904-2283-4e96-b4e2-6c9018f13084:192.168.34.62:40373, 0f256f10-8056-416e-a2a4-dd085f6c7864:192.168.34.62:35674, 07fb1a7b-fe02-4a56-ac24-3020e88d4db0:192.168.34.62:46434], old=null
2019-10-17 06:30:54,426 [grpc-default-executor-1] INFO  impl.RaftServerImpl (RaftServerImpl.java:setRole(184)) - 2f64f904-2283-4e96-b4e2-6c9018f13084@group-9ED9FEE0098D: changes role from  FOLLOWER to FOLLOWER at term 39 for recognizeCandidate:0f256f10-8056-416e-a2a4-dd085f6c7864
2019-10-17 06:30:54,426 [grpc-default-executor-5] INFO  impl.RaftServerImpl (RaftServerImpl.java:setRole(184)) - 07fb1a7b-fe02-4a56-ac24-3020e88d4db0@group-9ED9FEE0098D: changes role from  FOLLOWER to FOLLOWER at term 39 for recognizeCandidate:0f256f10-8056-416e-a2a4-dd085f6c7864
2019-10-17 06:30:54,426 [grpc-default-executor-1] INFO  impl.RoleInfo (RoleInfo.java:shutdownFollowerState(121)) - 2f64f904-2283-4e96-b4e2-6c9018f13084: shutdown FollowerState
2019-10-17 06:30:54,426 [grpc-default-executor-5] INFO  impl.RoleInfo (RoleInfo.java:shutdownFollowerState(121)) - 07fb1a7b-fe02-4a56-ac24-3020e88d4db0: shutdown FollowerState
2019-10-17 06:30:54,426 [Thread-1713] INFO  impl.FollowerState (FollowerState.java:run(117)) - 2f64f904-2283-4e96-b4e2-6c9018f13084@group-9ED9FEE0098D-FollowerState was interrupted: java.lang.InterruptedException: sleep interrupted
2019-10-17 06:30:54,426 [grpc-default-executor-1] INFO  impl.RoleInfo (RoleInfo.java:updateAndGet(143)) - 2f64f904-2283-4e96-b4e2-6c9018f13084: start FollowerState
2019-10-17 06:30:54,426 [grpc-default-executor-5] INFO  impl.RoleInfo (RoleInfo.java:updateAndGet(143)) - 07fb1a7b-fe02-4a56-ac24-3020e88d4db0: start FollowerState
2019-10-17 06:30:54,426 [Thread-1712] INFO  impl.FollowerState (FollowerState.java:run(117)) - 07fb1a7b-fe02-4a56-ac24-3020e88d4db0@group-9ED9FEE0098D-FollowerState was interrupted: java.lang.InterruptedException: sleep interrupted
2019-10-17 06:30:54,442 [0f256f10-8056-416e-a2a4-dd085f6c7864@group-9ED9FEE0098D-LeaderElection54] INFO  impl.LeaderElection (LeaderElection.java:logAndReturn(56)) - 0f256f10-8056-416e-a2a4-dd085f6c7864@group-9ED9FEE0098D-LeaderElection54: Election REJECTED; received 2 response(s) [0f256f10-8056-416e-a2a4-dd085f6c7864<-2f64f904-2283-4e96-b4e2-6c9018f13084#0:FAIL-t39, 0f256f10-8056-416e-a2a4-dd085f6c7864<-07fb1a7b-fe02-4a56-ac24-3020e88d4db0#0:FAIL-t39] and 0 exception(s); 0f256f10-8056-416e-a2a4-dd085f6c7864@group-9ED9FEE0098D:t39, leader=null, voted=0f256f10-8056-416e-a2a4-dd085f6c7864, raftlog=0f256f10-8056-416e-a2a4-dd085f6c7864@group-9ED9FEE0098D-SegmentedRaftLog:OPENED:c-1,f-1,i0, conf=-1: [2f64f904-2283-4e96-b4e2-6c9018f13084:192.168.34.62:40373, 0f256f10-8056-416e-a2a4-dd085f6c7864:192.168.34.62:35674, 07fb1a7b-fe02-4a56-ac24-3020e88d4db0:192.168.34.62:46434], old=null
2019-10-17 06:30:54,443 [0f256f10-8056-416e-a2a4-dd085f6c7864@group-9ED9FEE0098D-LeaderElection54] INFO  impl.RaftServerImpl (RaftServerImpl.java:setRole(184)) - 0f256f10-8056-416e-a2a4-dd085f6c7864@group-9ED9FEE0098D: changes role from CANDIDATE to FOLLOWER at term 39 for DISCOVERED_A_NEW_TERM
2019-10-17 06:30:54,443 [0f256f10-8056-416e-a2a4-dd085f6c7864@group-9ED9FEE0098D-LeaderElection54] INFO  impl.RoleInfo (RoleInfo.java:shutdownLeaderElection(134)) - 0f256f10-8056-416e-a2a4-dd085f6c7864: shutdown LeaderElection
2019-10-17 06:30:54,443 [0f256f10-8056-416e-a2a4-dd085f6c7864@group-9ED9FEE0098D-LeaderElection54] INFO  impl.RoleInfo (RoleInfo.java:updateAndGet(143)) - 0f256f10-8056-416e-a2a4-dd085f6c7864: start FollowerState
2019-10-17 06:30:54,485 [Thread-1718] INFO  impl.FollowerState (FollowerState.java:run(108)) - 0f256f10-8056-416e-a2a4-dd085f6c7864@group-9ED9FEE0098D-FollowerState: change to CANDIDATE, lastRpcTime:42ms, electionTimeout:42ms
2019-10-17 06:30:54,485 [Thread-1718] INFO  impl.RoleInfo (RoleInfo.java:shutdownFollowerState(121)) - 0f256f10-8056-416e-a2a4-dd085f6c7864: shutdown FollowerState
2019-10-17 06:30:54,486 [Thread-1718] INFO  impl.RaftServerImpl (RaftServerImpl.java:setRole(184)) - 0f256f10-8056-416e-a2a4-dd085f6c7864@group-9ED9FEE0098D: changes role from  FOLLOWER to CANDIDATE at term 39 for changeToCandidate
2019-10-17 06:30:54,486 [Thread-1718] INFO  impl.RoleInfo (RoleInfo.java:updateAndGet(143)) - 0f256f10-8056-416e-a2a4-dd085f6c7864: start LeaderElection
2019-10-17 06:30:54,520 [0f256f10-8056-416e-a2a4-dd085f6c7864@group-9ED9FEE0098D-LeaderElection55] INFO  impl.LeaderElection (LeaderElection.java:askForVotes(178)) - 0f256f10-8056-416e-a2a4-dd085f6c7864@group-9ED9FEE0098D-LeaderElection55: begin an election at term 40 for -1: [2f64f904-2283-4e96-b4e2-6c9018f13084:192.168.34.62:40373, 0f256f10-8056-416e-a2a4-dd085f6c7864:192.168.34.62:35674, 07fb1a7b-fe02-4a56-ac24-3020e88d4db0:192.168.34.62:46434], old=null
2019-10-17 06:30:54,523 [grpc-default-executor-5] INFO  impl.RaftServerImpl (RaftServerImpl.java:setRole(184)) - 07fb1a7b-fe02-4a56-ac24-3020e88d4db0@group-9ED9FEE0098D: changes role from  FOLLOWER to FOLLOWER at term 40 for recognizeCandidate:0f256f10-8056-416e-a2a4-dd085f6c7864
2019-10-17 06:30:54,523 [grpc-default-executor-1] INFO  impl.RaftServerImpl (RaftServerImpl.java:setRole(184)) - 2f64f904-2283-4e96-b4e2-6c9018f13084@group-9ED9FEE0098D: changes role from  FOLLOWER to FOLLOWER at term 40 for recognizeCandidate:0f256f10-8056-416e-a2a4-dd085f6c7864
2019-10-17 06:30:54,523 [grpc-default-executor-5] INFO  impl.RoleInfo (RoleInfo.java:shutdownFollowerState(121)) - 07fb1a7b-fe02-4a56-ac24-3020e88d4db0: shutdown FollowerState
2019-10-17 06:30:54,523 [grpc-default-executor-1] INFO  impl.RoleInfo (RoleInfo.java:shutdownFollowerState(121)) - 2f64f904-2283-4e96-b4e2-6c9018f13084: shutdown FollowerState
2019-10-17 06:30:54,523 [Thread-1717] INFO  impl.FollowerState (FollowerState.java:run(117)) - 07fb1a7b-fe02-4a56-ac24-3020e88d4db0@group-9ED9FEE0098D-FollowerState was interrupted: java.lang.InterruptedException: sleep interrupted
2019-10-17 06:30:54,523 [grpc-default-executor-5] INFO  impl.RoleInfo (RoleInfo.java:updateAndGet(143)) - 07fb1a7b-fe02-4a56-ac24-3020e88d4db0: start FollowerState
2019-10-17 06:30:54,523 [Thread-1716] INFO  impl.FollowerState (FollowerState.java:run(117)) - 2f64f904-2283-4e96-b4e2-6c9018f13084@group-9ED9FEE0098D-FollowerState was interrupted: java.lang.InterruptedException: sleep interrupted
2019-10-17 06:30:54,523 [grpc-default-executor-1] INFO  impl.RoleInfo (RoleInfo.java:updateAndGet(143)) - 2f64f904-2283-4e96-b4e2-6c9018f13084: start FollowerState
2019-10-17 06:30:54,555 [0f256f10-8056-416e-a2a4-dd085f6c7864@group-9ED9FEE0098D-LeaderElection55] INFO  impl.LeaderElection (LeaderElection.java:logAndReturn(56)) - 0f256f10-8056-416e-a2a4-dd085f6c7864@group-9ED9FEE0098D-LeaderElection55: Election REJECTED; received 2 response(s) [0f256f10-8056-416e-a2a4-dd085f6c7864<-2f64f904-2283-4e96-b4e2-6c9018f13084#0:FAIL-t40, 0f256f10-8056-416e-a2a4-dd085f6c7864<-07fb1a7b-fe02-4a56-ac24-3020e88d4db0#0:FAIL-t40] and 0 exception(s); 0f256f10-8056-416e-a2a4-dd085f6c7864@group-9ED9FEE0098D:t40, leader=null, voted=0f256f10-8056-416e-a2a4-dd085f6c7864, raftlog=0f256f10-8056-416e-a2a4-dd085f6c7864@group-9ED9FEE0098D-SegmentedRaftLog:OPENED:c-1,f-1,i0, conf=-1: [2f64f904-2283-4e96-b4e2-6c9018f13084:192.168.34.62:40373, 0f256f10-8056-416e-a2a4-dd085f6c7864:192.168.34.62:35674, 07fb1a7b-fe02-4a56-ac24-3020e88d4db0:192.168.34.62:46434], old=null
2019-10-17 06:30:54,555 [0f256f10-8056-416e-a2a4-dd085f6c7864@group-9ED9FEE0098D-LeaderElection55] INFO  impl.RaftServerImpl (RaftServerImpl.java:setRole(184)) - 0f256f10-8056-416e-a2a4-dd085f6c7864@group-9ED9FEE0098D: changes role from CANDIDATE to FOLLOWER at term 40 for DISCOVERED_A_NEW_TERM
2019-10-17 06:30:54,555 [0f256f10-8056-416e-a2a4-dd085f6c7864@group-9ED9FEE0098D-LeaderElection55] INFO  impl.RoleInfo (RoleInfo.java:shutdownLeaderElection(134)) - 0f256f10-8056-416e-a2a4-dd085f6c7864: shutdown LeaderElection
2019-10-17 06:30:54,555 [0f256f10-8056-416e-a2a4-dd085f6c7864@group-9ED9FEE0098D-LeaderElection55] INFO  impl.RoleInfo (RoleInfo.java:updateAndGet(143)) - 0f256f10-8056-416e-a2a4-dd085f6c7864: start FollowerState
2019-10-17 06:30:54,633 [Thread-1202] INFO  ozone.MiniOzoneClusterImpl (MiniOzoneClusterImpl.java:lambda$waitForClusterToBeReady$2(164)) - Waiting for 1 number of pipelines out of 4, to report a leader.
2019-10-17 06:30:54,669 [Thread-1724] INFO  impl.FollowerState (FollowerState.java:run(108)) - 0f256f10-8056-416e-a2a4-dd085f6c7864@group-9ED9FEE0098D-FollowerState: change to CANDIDATE, lastRpcTime:113ms, electionTimeout:113ms
2019-10-17 06:30:54,669 [Thread-1724] INFO  impl.RoleInfo (RoleInfo.java:shutdownFollowerState(121)) - 0f256f10-8056-416e-a2a4-dd085f6c7864: shutdown FollowerState
2019-10-17 06:30:54,669 [Thread-1724] INFO  impl.RaftServerImpl (RaftServerImpl.java:setRole(184)) - 0f256f10-8056-416e-a2a4-dd085f6c7864@group-9ED9FEE0098D: changes role from  FOLLOWER to CANDIDATE at term 40 for changeToCandidate
2019-10-17 06:30:54,669 [Thread-1724] INFO  impl.RoleInfo (RoleInfo.java:updateAndGet(143)) - 0f256f10-8056-416e-a2a4-dd085f6c7864: start LeaderElection
2019-10-17 06:30:54,675 [0f256f10-8056-416e-a2a4-dd085f6c7864@group-9ED9FEE0098D-LeaderElection56] INFO  impl.LeaderElection (LeaderElection.java:askForVotes(178)) - 0f256f10-8056-416e-a2a4-dd085f6c7864@group-9ED9FEE0098D-LeaderElection56: begin an election at term 41 for -1: [2f64f904-2283-4e96-b4e2-6c9018f13084:192.168.34.62:40373, 0f256f10-8056-416e-a2a4-dd085f6c7864:192.168.34.62:35674, 07fb1a7b-fe02-4a56-ac24-3020e88d4db0:192.168.34.62:46434], old=null
2019-10-17 06:30:54,680 [grpc-default-executor-1] INFO  impl.RaftServerImpl (RaftServerImpl.java:setRole(184)) - 2f64f904-2283-4e96-b4e2-6c9018f13084@group-9ED9FEE0098D: changes role from  FOLLOWER to FOLLOWER at term 41 for recognizeCandidate:0f256f10-8056-416e-a2a4-dd085f6c7864
2019-10-17 06:30:54,680 [grpc-default-executor-5] INFO  impl.RaftServerImpl (RaftServerImpl.java:setRole(184)) - 07fb1a7b-fe02-4a56-ac24-3020e88d4db0@group-9ED9FEE0098D: changes role from  FOLLOWER to FOLLOWER at term 41 for recognizeCandidate:0f256f10-8056-416e-a2a4-dd085f6c7864
2019-10-17 06:30:54,680 [grpc-default-executor-1] INFO  impl.RoleInfo (RoleInfo.java:shutdownFollowerState(121)) - 2f64f904-2283-4e96-b4e2-6c9018f13084: shutdown FollowerState
2019-10-17 06:30:54,680 [grpc-default-executor-5] INFO  impl.RoleInfo (RoleInfo.java:shutdownFollowerState(121)) - 07fb1a7b-fe02-4a56-ac24-3020e88d4db0: shutdown FollowerState
2019-10-17 06:30:54,680 [Thread-1723] INFO  impl.FollowerState (FollowerState.java:run(117)) - 2f64f904-2283-4e96-b4e2-6c9018f13084@group-9ED9FEE0098D-FollowerState was interrupted: java.lang.InterruptedException: sleep interrupted
2019-10-17 06:30:54,680 [grpc-default-executor-1] INFO  impl.RoleInfo (RoleInfo.java:updateAndGet(143)) - 2f64f904-2283-4e96-b4e2-6c9018f13084: start FollowerState
2019-10-17 06:30:54,680 [Thread-1722] INFO  impl.FollowerState (FollowerState.java:run(117)) - 07fb1a7b-fe02-4a56-ac24-3020e88d4db0@group-9ED9FEE0098D-FollowerState was interrupted: java.lang.InterruptedException: sleep interrupted
2019-10-17 06:30:54,680 [grpc-default-executor-5] INFO  impl.RoleInfo (RoleInfo.java:updateAndGet(143)) - 07fb1a7b-fe02-4a56-ac24-3020e88d4db0: start FollowerState
2019-10-17 06:30:54,696 [0f256f10-8056-416e-a2a4-dd085f6c7864@group-9ED9FEE0098D-LeaderElection56] INFO  impl.LeaderElection (LeaderElection.java:logAndReturn(56)) - 0f256f10-8056-416e-a2a4-dd085f6c7864@group-9ED9FEE0098D-LeaderElection56: Election REJECTED; received 2 response(s) [0f256f10-8056-416e-a2a4-dd085f6c7864<-2f64f904-2283-4e96-b4e2-6c9018f13084#0:FAIL-t41, 0f256f10-8056-416e-a2a4-dd085f6c7864<-07fb1a7b-fe02-4a56-ac24-3020e88d4db0#0:FAIL-t41] and 0 exception(s); 0f256f10-8056-416e-a2a4-dd085f6c7864@group-9ED9FEE0098D:t41, leader=null, voted=0f256f10-8056-416e-a2a4-dd085f6c7864, raftlog=0f256f10-8056-416e-a2a4-dd085f6c7864@group-9ED9FEE0098D-SegmentedRaftLog:OPENED:c-1,f-1,i0, conf=-1: [2f64f904-2283-4e96-b4e2-6c9018f13084:192.168.34.62:40373, 0f256f10-8056-416e-a2a4-dd085f6c7864:192.168.34.62:35674, 07fb1a7b-fe02-4a56-ac24-3020e88d4db0:192.168.34.62:46434], old=null
2019-10-17 06:30:54,697 [0f256f10-8056-416e-a2a4-dd085f6c7864@group-9ED9FEE0098D-LeaderElection56] INFO  impl.RaftServerImpl (RaftServerImpl.java:setRole(184)) - 0f256f10-8056-416e-a2a4-dd085f6c7864@group-9ED9FEE0098D: changes role from CANDIDATE to FOLLOWER at term 41 for DISCOVERED_A_NEW_TERM
2019-10-17 06:30:54,697 [0f256f10-8056-416e-a2a4-dd085f6c7864@group-9ED9FEE0098D-LeaderElection56] INFO  impl.RoleInfo (RoleInfo.java:shutdownLeaderElection(134)) - 0f256f10-8056-416e-a2a4-dd085f6c7864: shutdown LeaderElection
2019-10-17 06:30:54,697 [0f256f10-8056-416e-a2a4-dd085f6c7864@group-9ED9FEE0098D-LeaderElection56] INFO  impl.RoleInfo (RoleInfo.java:updateAndGet(143)) - 0f256f10-8056-416e-a2a4-dd085f6c7864: start FollowerState
2019-10-17 06:30:54,739 [Thread-1730] INFO  impl.FollowerState (FollowerState.java:run(108)) - 0f256f10-8056-416e-a2a4-dd085f6c7864@group-9ED9FEE0098D-FollowerState: change to CANDIDATE, lastRpcTime:42ms, electionTimeout:42ms
2019-10-17 06:30:54,740 [Thread-1730] INFO  impl.RoleInfo (RoleInfo.java:shutdownFollowerState(121)) - 0f256f10-8056-416e-a2a4-dd085f6c7864: shutdown FollowerState
2019-10-17 06:30:54,740 [Thread-1730] INFO  impl.RaftServerImpl (RaftServerImpl.java:setRole(184)) - 0f256f10-8056-416e-a2a4-dd085f6c7864@group-9ED9FEE0098D: changes role from  FOLLOWER to CANDIDATE at term 41 for changeToCandidate
2019-10-17 06:30:54,740 [Thread-1730] INFO  impl.RoleInfo (RoleInfo.java:updateAndGet(143)) - 0f256f10-8056-416e-a2a4-dd085f6c7864: start LeaderElection
2019-10-17 06:30:54,771 [0f256f10-8056-416e-a2a4-dd085f6c7864@group-9ED9FEE0098D-LeaderElection57] INFO  impl.LeaderElection (LeaderElection.java:askForVotes(178)) - 0f256f10-8056-416e-a2a4-dd085f6c7864@group-9ED9FEE0098D-LeaderElection57: begin an election at term 42 for -1: [2f64f904-2283-4e96-b4e2-6c9018f13084:192.168.34.62:40373, 0f256f10-8056-416e-a2a4-dd085f6c7864:192.168.34.62:35674, 07fb1a7b-fe02-4a56-ac24-3020e88d4db0:192.168.34.62:46434], old=null
2019-10-17 06:30:54,774 [grpc-default-executor-5] INFO  impl.RaftServerImpl (RaftServerImpl.java:setRole(184)) - 07fb1a7b-fe02-4a56-ac24-3020e88d4db0@group-9ED9FEE0098D: changes role from  FOLLOWER to FOLLOWER at term 42 for recognizeCandidate:0f256f10-8056-416e-a2a4-dd085f6c7864
2019-10-17 06:30:54,774 [grpc-default-executor-5] INFO  impl.RoleInfo (RoleInfo.java:shutdownFollowerState(121)) - 07fb1a7b-fe02-4a56-ac24-3020e88d4db0: shutdown FollowerState
2019-10-17 06:30:54,774 [grpc-default-executor-5] INFO  impl.RoleInfo (RoleInfo.java:updateAndGet(143)) - 07fb1a7b-fe02-4a56-ac24-3020e88d4db0: start FollowerState
2019-10-17 06:30:54,775 [grpc-default-executor-1] INFO  impl.RaftServerImpl (RaftServerImpl.java:setRole(184)) - 2f64f904-2283-4e96-b4e2-6c9018f13084@group-9ED9FEE0098D: changes role from  FOLLOWER to FOLLOWER at term 42 for recognizeCandidate:0f256f10-8056-416e-a2a4-dd085f6c7864
2019-10-17 06:30:54,775 [Thread-1729] INFO  impl.FollowerState (FollowerState.java:run(117)) - 07fb1a7b-fe02-4a56-ac24-3020e88d4db0@group-9ED9FEE0098D-FollowerState was interrupted: java.lang.InterruptedException: sleep interrupted
2019-10-17 06:30:54,775 [grpc-default-executor-1] INFO  impl.RoleInfo (RoleInfo.java:shutdownFollowerState(121)) - 2f64f904-2283-4e96-b4e2-6c9018f13084: shutdown FollowerState
2019-10-17 06:30:54,775 [Thread-1728] INFO  impl.FollowerState (FollowerState.java:run(117)) - 2f64f904-2283-4e96-b4e2-6c9018f13084@group-9ED9FEE0098D-FollowerState was interrupted: java.lang.InterruptedException: sleep interrupted
2019-10-17 06:30:54,775 [grpc-default-executor-1] INFO  impl.RoleInfo (RoleInfo.java:updateAndGet(143)) - 2f64f904-2283-4e96-b4e2-6c9018f13084: start FollowerState
2019-10-17 06:30:54,806 [0f256f10-8056-416e-a2a4-dd085f6c7864@group-9ED9FEE0098D-LeaderElection57] INFO  impl.LeaderElection (LeaderElection.java:logAndReturn(56)) - 0f256f10-8056-416e-a2a4-dd085f6c7864@group-9ED9FEE0098D-LeaderElection57: Election TIMEOUT; received 0 response(s) [] and 0 exception(s); 0f256f10-8056-416e-a2a4-dd085f6c7864@group-9ED9FEE0098D:t42, leader=null, voted=0f256f10-8056-416e-a2a4-dd085f6c7864, raftlog=0f256f10-8056-416e-a2a4-dd085f6c7864@group-9ED9FEE0098D-SegmentedRaftLog:OPENED:c-1,f-1,i0, conf=-1: [2f64f904-2283-4e96-b4e2-6c9018f13084:192.168.34.62:40373, 0f256f10-8056-416e-a2a4-dd085f6c7864:192.168.34.62:35674, 07fb1a7b-fe02-4a56-ac24-3020e88d4db0:192.168.34.62:46434], old=null
2019-10-17 06:30:54,848 [0f256f10-8056-416e-a2a4-dd085f6c7864@group-9ED9FEE0098D-LeaderElection57] INFO  impl.LeaderElection (LeaderElection.java:askForVotes(178)) - 0f256f10-8056-416e-a2a4-dd085f6c7864@group-9ED9FEE0098D-LeaderElection57: begin an election at term 43 for -1: [2f64f904-2283-4e96-b4e2-6c9018f13084:192.168.34.62:40373, 0f256f10-8056-416e-a2a4-dd085f6c7864:192.168.34.62:35674, 07fb1a7b-fe02-4a56-ac24-3020e88d4db0:192.168.34.62:46434], old=null
2019-10-17 06:30:54,858 [grpc-default-executor-5] INFO  impl.RaftServerImpl (RaftServerImpl.java:setRole(184)) - 2f64f904-2283-4e96-b4e2-6c9018f13084@group-9ED9FEE0098D: changes role from  FOLLOWER to FOLLOWER at term 43 for recognizeCandidate:0f256f10-8056-416e-a2a4-dd085f6c7864
2019-10-17 06:30:54,858 [grpc-default-executor-1] INFO  impl.RaftServerImpl (RaftServerImpl.java:setRole(184)) - 07fb1a7b-fe02-4a56-ac24-3020e88d4db0@group-9ED9FEE0098D: changes role from  FOLLOWER to FOLLOWER at term 43 for recognizeCandidate:0f256f10-8056-416e-a2a4-dd085f6c7864
2019-10-17 06:30:54,858 [grpc-default-executor-5] INFO  impl.RoleInfo (RoleInfo.java:shutdownFollowerState(121)) - 2f64f904-2283-4e96-b4e2-6c9018f13084: shutdown FollowerState
2019-10-17 06:30:54,859 [grpc-default-executor-1] INFO  impl.RoleInfo (RoleInfo.java:shutdownFollowerState(121)) - 07fb1a7b-fe02-4a56-ac24-3020e88d4db0: shutdown FollowerState
2019-10-17 06:30:54,859 [Thread-1735] INFO  impl.FollowerState (FollowerState.java:run(117)) - 2f64f904-2283-4e96-b4e2-6c9018f13084@group-9ED9FEE0098D-FollowerState was interrupted: java.lang.InterruptedException: sleep interrupted
2019-10-17 06:30:54,859 [grpc-default-executor-5] INFO  impl.RoleInfo (RoleInfo.java:updateAndGet(143)) - 2f64f904-2283-4e96-b4e2-6c9018f13084: start FollowerState
2019-10-17 06:30:54,859 [Thread-1734] INFO  impl.FollowerState (FollowerState.java:run(117)) - 07fb1a7b-fe02-4a56-ac24-3020e88d4db0@group-9ED9FEE0098D-FollowerState was interrupted: java.lang.InterruptedException: sleep interrupted
2019-10-17 06:30:54,859 [grpc-default-executor-1] INFO  impl.RoleInfo (RoleInfo.java:updateAndGet(143)) - 07fb1a7b-fe02-4a56-ac24-3020e88d4db0: start FollowerState
2019-10-17 06:30:54,901 [0f256f10-8056-416e-a2a4-dd085f6c7864@group-9ED9FEE0098D-LeaderElection57] INFO  impl.LeaderElection (LeaderElection.java:logAndReturn(56)) - 0f256f10-8056-416e-a2a4-dd085f6c7864@group-9ED9FEE0098D-LeaderElection57: Election TIMEOUT; received 0 response(s) [] and 0 exception(s); 0f256f10-8056-416e-a2a4-dd085f6c7864@group-9ED9FEE0098D:t43, leader=null, voted=0f256f10-8056-416e-a2a4-dd085f6c7864, raftlog=0f256f10-8056-416e-a2a4-dd085f6c7864@group-9ED9FEE0098D-SegmentedRaftLog:OPENED:c-1,f-1,i0, conf=-1: [2f64f904-2283-4e96-b4e2-6c9018f13084:192.168.34.62:40373, 0f256f10-8056-416e-a2a4-dd085f6c7864:192.168.34.62:35674, 07fb1a7b-fe02-4a56-ac24-3020e88d4db0:192.168.34.62:46434], old=null
2019-10-17 06:30:54,953 [0f256f10-8056-416e-a2a4-dd085f6c7864@group-9ED9FEE0098D-LeaderElection57] INFO  impl.LeaderElection (LeaderElection.java:askForVotes(178)) - 0f256f10-8056-416e-a2a4-dd085f6c7864@group-9ED9FEE0098D-LeaderElection57: begin an election at term 44 for -1: [2f64f904-2283-4e96-b4e2-6c9018f13084:192.168.34.62:40373, 0f256f10-8056-416e-a2a4-dd085f6c7864:192.168.34.62:35674, 07fb1a7b-fe02-4a56-ac24-3020e88d4db0:192.168.34.62:46434], old=null
2019-10-17 06:30:54,955 [grpc-default-executor-1] INFO  impl.RaftServerImpl (RaftServerImpl.java:setRole(184)) - 07fb1a7b-fe02-4a56-ac24-3020e88d4db0@group-9ED9FEE0098D: changes role from  FOLLOWER to FOLLOWER at term 44 for recognizeCandidate:0f256f10-8056-416e-a2a4-dd085f6c7864
2019-10-17 06:30:54,955 [grpc-default-executor-1] INFO  impl.RoleInfo (RoleInfo.java:shutdownFollowerState(121)) - 07fb1a7b-fe02-4a56-ac24-3020e88d4db0: shutdown FollowerState
2019-10-17 06:30:54,955 [grpc-default-executor-1] INFO  impl.RoleInfo (RoleInfo.java:updateAndGet(143)) - 07fb1a7b-fe02-4a56-ac24-3020e88d4db0: start FollowerState
2019-10-17 06:30:54,955 [Thread-1739] INFO  impl.FollowerState (FollowerState.java:run(117)) - 07fb1a7b-fe02-4a56-ac24-3020e88d4db0@group-9ED9FEE0098D-FollowerState was interrupted: java.lang.InterruptedException: sleep interrupted
2019-10-17 06:30:54,956 [grpc-default-executor-5] INFO  impl.RaftServerImpl (RaftServerImpl.java:setRole(184)) - 2f64f904-2283-4e96-b4e2-6c9018f13084@group-9ED9FEE0098D: changes role from  FOLLOWER to FOLLOWER at term 44 for recognizeCandidate:0f256f10-8056-416e-a2a4-dd085f6c7864
2019-10-17 06:30:54,956 [grpc-default-executor-5] INFO  impl.RoleInfo (RoleInfo.java:shutdownFollowerState(121)) - 2f64f904-2283-4e96-b4e2-6c9018f13084: shutdown FollowerState
2019-10-17 06:30:54,956 [grpc-default-executor-5] INFO  impl.RoleInfo (RoleInfo.java:updateAndGet(143)) - 2f64f904-2283-4e96-b4e2-6c9018f13084: start FollowerState
2019-10-17 06:30:54,957 [Thread-1738] INFO  impl.FollowerState (FollowerState.java:run(117)) - 2f64f904-2283-4e96-b4e2-6c9018f13084@group-9ED9FEE0098D-FollowerState was interrupted: java.lang.InterruptedException: sleep interrupted
2019-10-17 06:30:55,004 [0f256f10-8056-416e-a2a4-dd085f6c7864@group-9ED9FEE0098D-LeaderElection57] INFO  impl.LeaderElection (LeaderElection.java:logAndReturn(56)) - 0f256f10-8056-416e-a2a4-dd085f6c7864@group-9ED9FEE0098D-LeaderElection57: Election REJECTED; received 2 response(s) [0f256f10-8056-416e-a2a4-dd085f6c7864<-2f64f904-2283-4e96-b4e2-6c9018f13084#0:FAIL-t44, 0f256f10-8056-416e-a2a4-dd085f6c7864<-07fb1a7b-fe02-4a56-ac24-3020e88d4db0#0:FAIL-t44] and 0 exception(s); 0f256f10-8056-416e-a2a4-dd085f6c7864@group-9ED9FEE0098D:t44, leader=null, voted=0f256f10-8056-416e-a2a4-dd085f6c7864, raftlog=0f256f10-8056-416e-a2a4-dd085f6c7864@group-9ED9FEE0098D-SegmentedRaftLog:OPENED:c-1,f-1,i0, conf=-1: [2f64f904-2283-4e96-b4e2-6c9018f13084:192.168.34.62:40373, 0f256f10-8056-416e-a2a4-dd085f6c7864:192.168.34.62:35674, 07fb1a7b-fe02-4a56-ac24-3020e88d4db0:192.168.34.62:46434], old=null
2019-10-17 06:30:55,004 [0f256f10-8056-416e-a2a4-dd085f6c7864@group-9ED9FEE0098D-LeaderElection57] INFO  impl.RaftServerImpl (RaftServerImpl.java:setRole(184)) - 0f256f10-8056-416e-a2a4-dd085f6c7864@group-9ED9FEE0098D: changes role from CANDIDATE to FOLLOWER at term 44 for DISCOVERED_A_NEW_TERM
2019-10-17 06:30:55,004 [0f256f10-8056-416e-a2a4-dd085f6c7864@group-9ED9FEE0098D-LeaderElection57] INFO  impl.RoleInfo (RoleInfo.java:shutdownLeaderElection(134)) - 0f256f10-8056-416e-a2a4-dd085f6c7864: shutdown LeaderElection
2019-10-17 06:30:55,004 [0f256f10-8056-416e-a2a4-dd085f6c7864@group-9ED9FEE0098D-LeaderElection57] INFO  impl.RoleInfo (RoleInfo.java:updateAndGet(143)) - 0f256f10-8056-416e-a2a4-dd085f6c7864: start FollowerState
2019-10-17 06:30:55,134 [Thread-1744] INFO  impl.FollowerState (FollowerState.java:run(108)) - 0f256f10-8056-416e-a2a4-dd085f6c7864@group-9ED9FEE0098D-FollowerState: change to CANDIDATE, lastRpcTime:129ms, electionTimeout:129ms
2019-10-17 06:30:55,134 [Thread-1744] INFO  impl.RoleInfo (RoleInfo.java:shutdownFollowerState(121)) - 0f256f10-8056-416e-a2a4-dd085f6c7864: shutdown FollowerState
2019-10-17 06:30:55,134 [Thread-1744] INFO  impl.RaftServerImpl (RaftServerImpl.java:setRole(184)) - 0f256f10-8056-416e-a2a4-dd085f6c7864@group-9ED9FEE0098D: changes role from  FOLLOWER to CANDIDATE at term 44 for changeToCandidate
2019-10-17 06:30:55,134 [Thread-1744] INFO  impl.RoleInfo (RoleInfo.java:updateAndGet(143)) - 0f256f10-8056-416e-a2a4-dd085f6c7864: start LeaderElection
2019-10-17 06:30:55,148 [0f256f10-8056-416e-a2a4-dd085f6c7864@group-9ED9FEE0098D-LeaderElection58] INFO  impl.LeaderElection (LeaderElection.java:askForVotes(178)) - 0f256f10-8056-416e-a2a4-dd085f6c7864@group-9ED9FEE0098D-LeaderElection58: begin an election at term 45 for -1: [2f64f904-2283-4e96-b4e2-6c9018f13084:192.168.34.62:40373, 0f256f10-8056-416e-a2a4-dd085f6c7864:192.168.34.62:35674, 07fb1a7b-fe02-4a56-ac24-3020e88d4db0:192.168.34.62:46434], old=null
2019-10-17 06:30:55,151 [grpc-default-executor-1] INFO  impl.RaftServerImpl (RaftServerImpl.java:setRole(184)) - 07fb1a7b-fe02-4a56-ac24-3020e88d4db0@group-9ED9FEE0098D: changes role from  FOLLOWER to FOLLOWER at term 45 for recognizeCandidate:0f256f10-8056-416e-a2a4-dd085f6c7864
2019-10-17 06:30:55,151 [grpc-default-executor-5] INFO  impl.RaftServerImpl (RaftServerImpl.java:setRole(184)) - 2f64f904-2283-4e96-b4e2-6c9018f13084@group-9ED9FEE0098D: changes role from  FOLLOWER to FOLLOWER at term 45 for recognizeCandidate:0f256f10-8056-416e-a2a4-dd085f6c7864
2019-10-17 06:30:55,151 [grpc-default-executor-1] INFO  impl.RoleInfo (RoleInfo.java:shutdownFollowerState(121)) - 07fb1a7b-fe02-4a56-ac24-3020e88d4db0: shutdown FollowerState
2019-10-17 06:30:55,151 [grpc-default-executor-5] INFO  impl.RoleInfo (RoleInfo.java:shutdownFollowerState(121)) - 2f64f904-2283-4e96-b4e2-6c9018f13084: shutdown FollowerState
2019-10-17 06:30:55,151 [Thread-1742] INFO  impl.FollowerState (FollowerState.java:run(117)) - 07fb1a7b-fe02-4a56-ac24-3020e88d4db0@group-9ED9FEE0098D-FollowerState was interrupted: java.lang.InterruptedException: sleep interrupted
2019-10-17 06:30:55,151 [grpc-default-executor-1] INFO  impl.RoleInfo (RoleInfo.java:updateAndGet(143)) - 07fb1a7b-fe02-4a56-ac24-3020e88d4db0: start FollowerState
2019-10-17 06:30:55,151 [Thread-1743] INFO  impl.FollowerState (FollowerState.java:run(117)) - 2f64f904-2283-4e96-b4e2-6c9018f13084@group-9ED9FEE0098D-FollowerState was interrupted: java.lang.InterruptedException: sleep interrupted
2019-10-17 06:30:55,151 [grpc-default-executor-5] INFO  impl.RoleInfo (RoleInfo.java:updateAndGet(143)) - 2f64f904-2283-4e96-b4e2-6c9018f13084: start FollowerState
2019-10-17 06:30:55,169 [0f256f10-8056-416e-a2a4-dd085f6c7864@group-9ED9FEE0098D-LeaderElection58] INFO  impl.LeaderElection (LeaderElection.java:logAndReturn(56)) - 0f256f10-8056-416e-a2a4-dd085f6c7864@group-9ED9FEE0098D-LeaderElection58: Election REJECTED; received 2 response(s) [0f256f10-8056-416e-a2a4-dd085f6c7864<-2f64f904-2283-4e96-b4e2-6c9018f13084#0:FAIL-t45, 0f256f10-8056-416e-a2a4-dd085f6c7864<-07fb1a7b-fe02-4a56-ac24-3020e88d4db0#0:FAIL-t45] and 0 exception(s); 0f256f10-8056-416e-a2a4-dd085f6c7864@group-9ED9FEE0098D:t45, leader=null, voted=0f256f10-8056-416e-a2a4-dd085f6c7864, raftlog=0f256f10-8056-416e-a2a4-dd085f6c7864@group-9ED9FEE0098D-SegmentedRaftLog:OPENED:c-1,f-1,i0, conf=-1: [2f64f904-2283-4e96-b4e2-6c9018f13084:192.168.34.62:40373, 0f256f10-8056-416e-a2a4-dd085f6c7864:192.168.34.62:35674, 07fb1a7b-fe02-4a56-ac24-3020e88d4db0:192.168.34.62:46434], old=null
2019-10-17 06:30:55,169 [0f256f10-8056-416e-a2a4-dd085f6c7864@group-9ED9FEE0098D-LeaderElection58] INFO  impl.RaftServerImpl (RaftServerImpl.java:setRole(184)) - 0f256f10-8056-416e-a2a4-dd085f6c7864@group-9ED9FEE0098D: changes role from CANDIDATE to FOLLOWER at term 45 for DISCOVERED_A_NEW_TERM
2019-10-17 06:30:55,169 [0f256f10-8056-416e-a2a4-dd085f6c7864@group-9ED9FEE0098D-LeaderElection58] INFO  impl.RoleInfo (RoleInfo.java:shutdownLeaderElection(134)) - 0f256f10-8056-416e-a2a4-dd085f6c7864: shutdown LeaderElection
2019-10-17 06:30:55,169 [0f256f10-8056-416e-a2a4-dd085f6c7864@group-9ED9FEE0098D-LeaderElection58] INFO  impl.RoleInfo (RoleInfo.java:updateAndGet(143)) - 0f256f10-8056-416e-a2a4-dd085f6c7864: start FollowerState
2019-10-17 06:30:55,196 [Thread-1750] INFO  impl.FollowerState (FollowerState.java:run(108)) - 0f256f10-8056-416e-a2a4-dd085f6c7864@group-9ED9FEE0098D-FollowerState: change to CANDIDATE, lastRpcTime:26ms, electionTimeout:26ms
2019-10-17 06:30:55,196 [Thread-1750] INFO  impl.RoleInfo (RoleInfo.java:shutdownFollowerState(121)) - 0f256f10-8056-416e-a2a4-dd085f6c7864: shutdown FollowerState
2019-10-17 06:30:55,196 [Thread-1750] INFO  impl.RaftServerImpl (RaftServerImpl.java:setRole(184)) - 0f256f10-8056-416e-a2a4-dd085f6c7864@group-9ED9FEE0098D: changes role from  FOLLOWER to CANDIDATE at term 45 for changeToCandidate
2019-10-17 06:30:55,196 [Thread-1750] INFO  impl.RoleInfo (RoleInfo.java:updateAndGet(143)) - 0f256f10-8056-416e-a2a4-dd085f6c7864: start LeaderElection
2019-10-17 06:30:55,219 [0f256f10-8056-416e-a2a4-dd085f6c7864@group-9ED9FEE0098D-LeaderElection59] INFO  impl.LeaderElection (LeaderElection.java:askForVotes(178)) - 0f256f10-8056-416e-a2a4-dd085f6c7864@group-9ED9FEE0098D-LeaderElection59: begin an election at term 46 for -1: [2f64f904-2283-4e96-b4e2-6c9018f13084:192.168.34.62:40373, 0f256f10-8056-416e-a2a4-dd085f6c7864:192.168.34.62:35674, 07fb1a7b-fe02-4a56-ac24-3020e88d4db0:192.168.34.62:46434], old=null
2019-10-17 06:30:55,222 [grpc-default-executor-5] INFO  impl.RaftServerImpl (RaftServerImpl.java:setRole(184)) - 2f64f904-2283-4e96-b4e2-6c9018f13084@group-9ED9FEE0098D: changes role from  FOLLOWER to FOLLOWER at term 46 for recognizeCandidate:0f256f10-8056-416e-a2a4-dd085f6c7864
2019-10-17 06:30:55,222 [grpc-default-executor-1] INFO  impl.RaftServerImpl (RaftServerImpl.java:setRole(184)) - 07fb1a7b-fe02-4a56-ac24-3020e88d4db0@group-9ED9FEE0098D: changes role from  FOLLOWER to FOLLOWER at term 46 for recognizeCandidate:0f256f10-8056-416e-a2a4-dd085f6c7864
2019-10-17 06:30:55,222 [grpc-default-executor-5] INFO  impl.RoleInfo (RoleInfo.java:shutdownFollowerState(121)) - 2f64f904-2283-4e96-b4e2-6c9018f13084: shutdown FollowerState
2019-10-17 06:30:55,222 [grpc-default-executor-1] INFO  impl.RoleInfo (RoleInfo.java:shutdownFollowerState(121)) - 07fb1a7b-fe02-4a56-ac24-3020e88d4db0: shutdown FollowerState
2019-10-17 06:30:55,222 [Thread-1749] INFO  impl.FollowerState (FollowerState.java:run(117)) - 2f64f904-2283-4e96-b4e2-6c9018f13084@group-9ED9FEE0098D-FollowerState was interrupted: java.lang.InterruptedException: sleep interrupted
2019-10-17 06:30:55,222 [grpc-default-executor-5] INFO  impl.RoleInfo (RoleInfo.java:updateAndGet(143)) - 2f64f904-2283-4e96-b4e2-6c9018f13084: start FollowerState
2019-10-17 06:30:55,222 [Thread-1748] INFO  impl.FollowerState (FollowerState.java:run(117)) - 07fb1a7b-fe02-4a56-ac24-3020e88d4db0@group-9ED9FEE0098D-FollowerState was interrupted: java.lang.InterruptedException: sleep interrupted
2019-10-17 06:30:55,222 [grpc-default-executor-1] INFO  impl.RoleInfo (RoleInfo.java:updateAndGet(143)) - 07fb1a7b-fe02-4a56-ac24-3020e88d4db0: start FollowerState
2019-10-17 06:30:55,242 [0f256f10-8056-416e-a2a4-dd085f6c7864@group-9ED9FEE0098D-LeaderElection59] INFO  impl.LeaderElection (LeaderElection.java:logAndReturn(56)) - 0f256f10-8056-416e-a2a4-dd085f6c7864@group-9ED9FEE0098D-LeaderElection59: Election REJECTED; received 2 response(s) [0f256f10-8056-416e-a2a4-dd085f6c7864<-2f64f904-2283-4e96-b4e2-6c9018f13084#0:FAIL-t46, 0f256f10-8056-416e-a2a4-dd085f6c7864<-07fb1a7b-fe02-4a56-ac24-3020e88d4db0#0:FAIL-t46] and 0 exception(s); 0f256f10-8056-416e-a2a4-dd085f6c7864@group-9ED9FEE0098D:t46, leader=null, voted=0f256f10-8056-416e-a2a4-dd085f6c7864, raftlog=0f256f10-8056-416e-a2a4-dd085f6c7864@group-9ED9FEE0098D-SegmentedRaftLog:OPENED:c-1,f-1,i0, conf=-1: [2f64f904-2283-4e96-b4e2-6c9018f13084:192.168.34.62:40373, 0f256f10-8056-416e-a2a4-dd085f6c7864:192.168.34.62:35674, 07fb1a7b-fe02-4a56-ac24-3020e88d4db0:192.168.34.62:46434], old=null
2019-10-17 06:30:55,242 [0f256f10-8056-416e-a2a4-dd085f6c7864@group-9ED9FEE0098D-LeaderElection59] INFO  impl.RaftServerImpl (RaftServerImpl.java:setRole(184)) - 0f256f10-8056-416e-a2a4-dd085f6c7864@group-9ED9FEE0098D: changes role from CANDIDATE to FOLLOWER at term 46 for DISCOVERED_A_NEW_TERM
2019-10-17 06:30:55,242 [0f256f10-8056-416e-a2a4-dd085f6c7864@group-9ED9FEE0098D-LeaderElection59] INFO  impl.RoleInfo (RoleInfo.java:shutdownLeaderElection(134)) - 0f256f10-8056-416e-a2a4-dd085f6c7864: shutdown LeaderElection
2019-10-17 06:30:55,242 [0f256f10-8056-416e-a2a4-dd085f6c7864@group-9ED9FEE0098D-LeaderElection59] INFO  impl.RoleInfo (RoleInfo.java:updateAndGet(143)) - 0f256f10-8056-416e-a2a4-dd085f6c7864: start FollowerState
2019-10-17 06:30:55,331 [Thread-1756] INFO  impl.FollowerState (FollowerState.java:run(108)) - 0f256f10-8056-416e-a2a4-dd085f6c7864@group-9ED9FEE0098D-FollowerState: change to CANDIDATE, lastRpcTime:88ms, electionTimeout:88ms
2019-10-17 06:30:55,331 [Thread-1756] INFO  impl.RoleInfo (RoleInfo.java:shutdownFollowerState(121)) - 0f256f10-8056-416e-a2a4-dd085f6c7864: shutdown FollowerState
2019-10-17 06:30:55,331 [Thread-1756] INFO  impl.RaftServerImpl (RaftServerImpl.java:setRole(184)) - 0f256f10-8056-416e-a2a4-dd085f6c7864@group-9ED9FEE0098D: changes role from  FOLLOWER to CANDIDATE at term 46 for changeToCandidate
2019-10-17 06:30:55,331 [Thread-1756] INFO  impl.RoleInfo (RoleInfo.java:updateAndGet(143)) - 0f256f10-8056-416e-a2a4-dd085f6c7864: start LeaderElection
2019-10-17 06:30:55,404 [0f256f10-8056-416e-a2a4-dd085f6c7864@group-9ED9FEE0098D-LeaderElection60] INFO  impl.LeaderElection (LeaderElection.java:askForVotes(178)) - 0f256f10-8056-416e-a2a4-dd085f6c7864@group-9ED9FEE0098D-LeaderElection60: begin an election at term 47 for -1: [2f64f904-2283-4e96-b4e2-6c9018f13084:192.168.34.62:40373, 0f256f10-8056-416e-a2a4-dd085f6c7864:192.168.34.62:35674, 07fb1a7b-fe02-4a56-ac24-3020e88d4db0:192.168.34.62:46434], old=null
2019-10-17 06:30:55,407 [grpc-default-executor-5] INFO  impl.RaftServerImpl (RaftServerImpl.java:setRole(184)) - 07fb1a7b-fe02-4a56-ac24-3020e88d4db0@group-9ED9FEE0098D: changes role from  FOLLOWER to FOLLOWER at term 47 for recognizeCandidate:0f256f10-8056-416e-a2a4-dd085f6c7864
2019-10-17 06:30:55,407 [grpc-default-executor-1] INFO  impl.RaftServerImpl (RaftServerImpl.java:setRole(184)) - 2f64f904-2283-4e96-b4e2-6c9018f13084@group-9ED9FEE0098D: changes role from  FOLLOWER to FOLLOWER at term 47 for recognizeCandidate:0f256f10-8056-416e-a2a4-dd085f6c7864
2019-10-17 06:30:55,407 [grpc-default-executor-5] INFO  impl.RoleInfo (RoleInfo.java:shutdownFollowerState(121)) - 07fb1a7b-fe02-4a56-ac24-3020e88d4db0: shutdown FollowerState
2019-10-17 06:30:55,407 [grpc-default-executor-1] INFO  impl.RoleInfo (RoleInfo.java:shutdownFollowerState(121)) - 2f64f904-2283-4e96-b4e2-6c9018f13084: shutdown FollowerState
2019-10-17 06:30:55,407 [Thread-1755] INFO  impl.FollowerState (FollowerState.java:run(117)) - 07fb1a7b-fe02-4a56-ac24-3020e88d4db0@group-9ED9FEE0098D-FollowerState was interrupted: java.lang.InterruptedException: sleep interrupted
2019-10-17 06:30:55,407 [Thread-1754] INFO  impl.FollowerState (FollowerState.java:run(117)) - 2f64f904-2283-4e96-b4e2-6c9018f13084@group-9ED9FEE0098D-FollowerState was interrupted: java.lang.InterruptedException: sleep interrupted
2019-10-17 06:30:55,407 [grpc-default-executor-5] INFO  impl.RoleInfo (RoleInfo.java:updateAndGet(143)) - 07fb1a7b-fe02-4a56-ac24-3020e88d4db0: start FollowerState
2019-10-17 06:30:55,407 [grpc-default-executor-1] INFO  impl.RoleInfo (RoleInfo.java:updateAndGet(143)) - 2f64f904-2283-4e96-b4e2-6c9018f13084: start FollowerState
2019-10-17 06:30:55,423 [0f256f10-8056-416e-a2a4-dd085f6c7864@group-9ED9FEE0098D-LeaderElection60] INFO  impl.LeaderElection (LeaderElection.java:logAndReturn(56)) - 0f256f10-8056-416e-a2a4-dd085f6c7864@group-9ED9FEE0098D-LeaderElection60: Election REJECTED; received 2 response(s) [0f256f10-8056-416e-a2a4-dd085f6c7864<-2f64f904-2283-4e96-b4e2-6c9018f13084#0:FAIL-t47, 0f256f10-8056-416e-a2a4-dd085f6c7864<-07fb1a7b-fe02-4a56-ac24-3020e88d4db0#0:FAIL-t47] and 0 exception(s); 0f256f10-8056-416e-a2a4-dd085f6c7864@group-9ED9FEE0098D:t47, leader=null, voted=0f256f10-8056-416e-a2a4-dd085f6c7864, raftlog=0f256f10-8056-416e-a2a4-dd085f6c7864@group-9ED9FEE0098D-SegmentedRaftLog:OPENED:c-1,f-1,i0, conf=-1: [2f64f904-2283-4e96-b4e2-6c9018f13084:192.168.34.62:40373, 0f256f10-8056-416e-a2a4-dd085f6c7864:192.168.34.62:35674, 07fb1a7b-fe02-4a56-ac24-3020e88d4db0:192.168.34.62:46434], old=null
2019-10-17 06:30:55,423 [0f256f10-8056-416e-a2a4-dd085f6c7864@group-9ED9FEE0098D-LeaderElection60] INFO  impl.RaftServerImpl (RaftServerImpl.java:setRole(184)) - 0f256f10-8056-416e-a2a4-dd085f6c7864@group-9ED9FEE0098D: changes role from CANDIDATE to FOLLOWER at term 47 for DISCOVERED_A_NEW_TERM
2019-10-17 06:30:55,424 [0f256f10-8056-416e-a2a4-dd085f6c7864@group-9ED9FEE0098D-LeaderElection60] INFO  impl.RoleInfo (RoleInfo.java:shutdownLeaderElection(134)) - 0f256f10-8056-416e-a2a4-dd085f6c7864: shutdown LeaderElection
2019-10-17 06:30:55,424 [0f256f10-8056-416e-a2a4-dd085f6c7864@group-9ED9FEE0098D-LeaderElection60] INFO  impl.RoleInfo (RoleInfo.java:updateAndGet(143)) - 0f256f10-8056-416e-a2a4-dd085f6c7864: start FollowerState
2019-10-17 06:30:55,623 [Thread-1762] INFO  impl.FollowerState (FollowerState.java:run(108)) - 0f256f10-8056-416e-a2a4-dd085f6c7864@group-9ED9FEE0098D-FollowerState: change to CANDIDATE, lastRpcTime:199ms, electionTimeout:199ms
2019-10-17 06:30:55,623 [Thread-1762] INFO  impl.RoleInfo (RoleInfo.java:shutdownFollowerState(121)) - 0f256f10-8056-416e-a2a4-dd085f6c7864: shutdown FollowerState
2019-10-17 06:30:55,624 [Thread-1762] INFO  impl.RaftServerImpl (RaftServerImpl.java:setRole(184)) - 0f256f10-8056-416e-a2a4-dd085f6c7864@group-9ED9FEE0098D: changes role from  FOLLOWER to CANDIDATE at term 47 for changeToCandidate
2019-10-17 06:30:55,624 [Thread-1762] INFO  impl.RoleInfo (RoleInfo.java:updateAndGet(143)) - 0f256f10-8056-416e-a2a4-dd085f6c7864: start LeaderElection
2019-10-17 06:30:55,633 [Thread-1202] INFO  ozone.MiniOzoneClusterImpl (MiniOzoneClusterImpl.java:lambda$waitForClusterToBeReady$2(164)) - Waiting for 1 number of pipelines out of 4, to report a leader.
2019-10-17 06:30:55,668 [0f256f10-8056-416e-a2a4-dd085f6c7864@group-9ED9FEE0098D-LeaderElection61] INFO  impl.LeaderElection (LeaderElection.java:askForVotes(178)) - 0f256f10-8056-416e-a2a4-dd085f6c7864@group-9ED9FEE0098D-LeaderElection61: begin an election at term 48 for -1: [2f64f904-2283-4e96-b4e2-6c9018f13084:192.168.34.62:40373, 0f256f10-8056-416e-a2a4-dd085f6c7864:192.168.34.62:35674, 07fb1a7b-fe02-4a56-ac24-3020e88d4db0:192.168.34.62:46434], old=null
2019-10-17 06:30:55,670 [grpc-default-executor-5] INFO  impl.RaftServerImpl (RaftServerImpl.java:setRole(184)) - 07fb1a7b-fe02-4a56-ac24-3020e88d4db0@group-9ED9FEE0098D: changes role from  FOLLOWER to FOLLOWER at term 48 for recognizeCandidate:0f256f10-8056-416e-a2a4-dd085f6c7864
2019-10-17 06:30:55,670 [grpc-default-executor-1] INFO  impl.RaftServerImpl (RaftServerImpl.java:setRole(184)) - 2f64f904-2283-4e96-b4e2-6c9018f13084@group-9ED9FEE0098D: changes role from  FOLLOWER to FOLLOWER at term 48 for recognizeCandidate:0f256f10-8056-416e-a2a4-dd085f6c7864
2019-10-17 06:30:55,670 [grpc-default-executor-5] INFO  impl.RoleInfo (RoleInfo.java:shutdownFollowerState(121)) - 07fb1a7b-fe02-4a56-ac24-3020e88d4db0: shutdown FollowerState
2019-10-17 06:30:55,670 [grpc-default-executor-1] INFO  impl.RoleInfo (RoleInfo.java:shutdownFollowerState(121)) - 2f64f904-2283-4e96-b4e2-6c9018f13084: shutdown FollowerState
2019-10-17 06:30:55,670 [grpc-default-executor-5] INFO  impl.RoleInfo (RoleInfo.java:updateAndGet(143)) - 07fb1a7b-fe02-4a56-ac24-3020e88d4db0: start FollowerState
2019-10-17 06:30:55,671 [grpc-default-executor-1] INFO  impl.RoleInfo (RoleInfo.java:updateAndGet(143)) - 2f64f904-2283-4e96-b4e2-6c9018f13084: start FollowerState
2019-10-17 06:30:55,671 [Thread-1761] INFO  impl.FollowerState (FollowerState.java:run(117)) - 2f64f904-2283-4e96-b4e2-6c9018f13084@group-9ED9FEE0098D-FollowerState was interrupted: java.lang.InterruptedException: sleep interrupted
2019-10-17 06:30:55,671 [Thread-1760] INFO  impl.FollowerState (FollowerState.java:run(117)) - 07fb1a7b-fe02-4a56-ac24-3020e88d4db0@group-9ED9FEE0098D-FollowerState was interrupted: java.lang.InterruptedException: sleep interrupted
2019-10-17 06:30:55,710 [0f256f10-8056-416e-a2a4-dd085f6c7864@group-9ED9FEE0098D-LeaderElection61] INFO  impl.LeaderElection (LeaderElection.java:logAndReturn(56)) - 0f256f10-8056-416e-a2a4-dd085f6c7864@group-9ED9FEE0098D-LeaderElection61: Election REJECTED; received 2 response(s) [0f256f10-8056-416e-a2a4-dd085f6c7864<-2f64f904-2283-4e96-b4e2-6c9018f13084#0:FAIL-t48, 0f256f10-8056-416e-a2a4-dd085f6c7864<-07fb1a7b-fe02-4a56-ac24-3020e88d4db0#0:FAIL-t48] and 0 exception(s); 0f256f10-8056-416e-a2a4-dd085f6c7864@group-9ED9FEE0098D:t48, leader=null, voted=0f256f10-8056-416e-a2a4-dd085f6c7864, raftlog=0f256f10-8056-416e-a2a4-dd085f6c7864@group-9ED9FEE0098D-SegmentedRaftLog:OPENED:c-1,f-1,i0, conf=-1: [2f64f904-2283-4e96-b4e2-6c9018f13084:192.168.34.62:40373, 0f256f10-8056-416e-a2a4-dd085f6c7864:192.168.34.62:35674, 07fb1a7b-fe02-4a56-ac24-3020e88d4db0:192.168.34.62:46434], old=null
2019-10-17 06:30:55,710 [0f256f10-8056-416e-a2a4-dd085f6c7864@group-9ED9FEE0098D-LeaderElection61] INFO  impl.RaftServerImpl (RaftServerImpl.java:setRole(184)) - 0f256f10-8056-416e-a2a4-dd085f6c7864@group-9ED9FEE0098D: changes role from CANDIDATE to FOLLOWER at term 48 for DISCOVERED_A_NEW_TERM
2019-10-17 06:30:55,710 [0f256f10-8056-416e-a2a4-dd085f6c7864@group-9ED9FEE0098D-LeaderElection61] INFO  impl.RoleInfo (RoleInfo.java:shutdownLeaderElection(134)) - 0f256f10-8056-416e-a2a4-dd085f6c7864: shutdown LeaderElection
2019-10-17 06:30:55,710 [0f256f10-8056-416e-a2a4-dd085f6c7864@group-9ED9FEE0098D-LeaderElection61] INFO  impl.RoleInfo (RoleInfo.java:updateAndGet(143)) - 0f256f10-8056-416e-a2a4-dd085f6c7864: start FollowerState
2019-10-17 06:30:55,780 [Thread-1768] INFO  impl.FollowerState (FollowerState.java:run(108)) - 0f256f10-8056-416e-a2a4-dd085f6c7864@group-9ED9FEE0098D-FollowerState: change to CANDIDATE, lastRpcTime:69ms, electionTimeout:69ms
2019-10-17 06:30:55,780 [Thread-1768] INFO  impl.RoleInfo (RoleInfo.java:shutdownFollowerState(121)) - 0f256f10-8056-416e-a2a4-dd085f6c7864: shutdown FollowerState
2019-10-17 06:30:55,780 [Thread-1768] INFO  impl.RaftServerImpl (RaftServerImpl.java:setRole(184)) - 0f256f10-8056-416e-a2a4-dd085f6c7864@group-9ED9FEE0098D: changes role from  FOLLOWER to CANDIDATE at term 48 for changeToCandidate
2019-10-17 06:30:55,780 [Thread-1768] INFO  impl.RoleInfo (RoleInfo.java:updateAndGet(143)) - 0f256f10-8056-416e-a2a4-dd085f6c7864: start LeaderElection
2019-10-17 06:30:55,809 [0f256f10-8056-416e-a2a4-dd085f6c7864@group-9ED9FEE0098D-LeaderElection62] INFO  impl.LeaderElection (LeaderElection.java:askForVotes(178)) - 0f256f10-8056-416e-a2a4-dd085f6c7864@group-9ED9FEE0098D-LeaderElection62: begin an election at term 49 for -1: [2f64f904-2283-4e96-b4e2-6c9018f13084:192.168.34.62:40373, 0f256f10-8056-416e-a2a4-dd085f6c7864:192.168.34.62:35674, 07fb1a7b-fe02-4a56-ac24-3020e88d4db0:192.168.34.62:46434], old=null
2019-10-17 06:30:55,812 [grpc-default-executor-5] INFO  impl.RaftServerImpl (RaftServerImpl.java:setRole(184)) - 07fb1a7b-fe02-4a56-ac24-3020e88d4db0@group-9ED9FEE0098D: changes role from  FOLLOWER to FOLLOWER at term 49 for recognizeCandidate:0f256f10-8056-416e-a2a4-dd085f6c7864
2019-10-17 06:30:55,812 [grpc-default-executor-1] INFO  impl.RaftServerImpl (RaftServerImpl.java:setRole(184)) - 2f64f904-2283-4e96-b4e2-6c9018f13084@group-9ED9FEE0098D: changes role from  FOLLOWER to FOLLOWER at term 49 for recognizeCandidate:0f256f10-8056-416e-a2a4-dd085f6c7864
2019-10-17 06:30:55,812 [grpc-default-executor-5] INFO  impl.RoleInfo (RoleInfo.java:shutdownFollowerState(121)) - 07fb1a7b-fe02-4a56-ac24-3020e88d4db0: shutdown FollowerState
2019-10-17 06:30:55,812 [grpc-default-executor-1] INFO  impl.RoleInfo (RoleInfo.java:shutdownFollowerState(121)) - 2f64f904-2283-4e96-b4e2-6c9018f13084: shutdown FollowerState
2019-10-17 06:30:55,812 [grpc-default-executor-5] INFO  impl.RoleInfo (RoleInfo.java:updateAndGet(143)) - 07fb1a7b-fe02-4a56-ac24-3020e88d4db0: start FollowerState
2019-10-17 06:30:55,812 [grpc-default-executor-1] INFO  impl.RoleInfo (RoleInfo.java:updateAndGet(143)) - 2f64f904-2283-4e96-b4e2-6c9018f13084: start FollowerState
2019-10-17 06:30:55,812 [Thread-1766] INFO  impl.FollowerState (FollowerState.java:run(117)) - 07fb1a7b-fe02-4a56-ac24-3020e88d4db0@group-9ED9FEE0098D-FollowerState was interrupted: java.lang.InterruptedException: sleep interrupted
2019-10-17 06:30:55,812 [Thread-1767] INFO  impl.FollowerState (FollowerState.java:run(117)) - 2f64f904-2283-4e96-b4e2-6c9018f13084@group-9ED9FEE0098D-FollowerState was interrupted: java.lang.InterruptedException: sleep interrupted
2019-10-17 06:30:55,826 [0f256f10-8056-416e-a2a4-dd085f6c7864@group-9ED9FEE0098D-LeaderElection62] INFO  impl.LeaderElection (LeaderElection.java:logAndReturn(56)) - 0f256f10-8056-416e-a2a4-dd085f6c7864@group-9ED9FEE0098D-LeaderElection62: Election REJECTED; received 2 response(s) [0f256f10-8056-416e-a2a4-dd085f6c7864<-2f64f904-2283-4e96-b4e2-6c9018f13084#0:FAIL-t49, 0f256f10-8056-416e-a2a4-dd085f6c7864<-07fb1a7b-fe02-4a56-ac24-3020e88d4db0#0:FAIL-t49] and 0 exception(s); 0f256f10-8056-416e-a2a4-dd085f6c7864@group-9ED9FEE0098D:t49, leader=null, voted=0f256f10-8056-416e-a2a4-dd085f6c7864, raftlog=0f256f10-8056-416e-a2a4-dd085f6c7864@group-9ED9FEE0098D-SegmentedRaftLog:OPENED:c-1,f-1,i0, conf=-1: [2f64f904-2283-4e96-b4e2-6c9018f13084:192.168.34.62:40373, 0f256f10-8056-416e-a2a4-dd085f6c7864:192.168.34.62:35674, 07fb1a7b-fe02-4a56-ac24-3020e88d4db0:192.168.34.62:46434], old=null
2019-10-17 06:30:55,826 [0f256f10-8056-416e-a2a4-dd085f6c7864@group-9ED9FEE0098D-LeaderElection62] INFO  impl.RaftServerImpl (RaftServerImpl.java:setRole(184)) - 0f256f10-8056-416e-a2a4-dd085f6c7864@group-9ED9FEE0098D: changes role from CANDIDATE to FOLLOWER at term 49 for DISCOVERED_A_NEW_TERM
2019-10-17 06:30:55,826 [0f256f10-8056-416e-a2a4-dd085f6c7864@group-9ED9FEE0098D-LeaderElection62] INFO  impl.RoleInfo (RoleInfo.java:shutdownLeaderElection(134)) - 0f256f10-8056-416e-a2a4-dd085f6c7864: shutdown LeaderElection
2019-10-17 06:30:55,826 [0f256f10-8056-416e-a2a4-dd085f6c7864@group-9ED9FEE0098D-LeaderElection62] INFO  impl.RoleInfo (RoleInfo.java:updateAndGet(143)) - 0f256f10-8056-416e-a2a4-dd085f6c7864: start FollowerState
2019-10-17 06:30:55,842 [Thread-1774] INFO  impl.FollowerState (FollowerState.java:run(108)) - 0f256f10-8056-416e-a2a4-dd085f6c7864@group-9ED9FEE0098D-FollowerState: change to CANDIDATE, lastRpcTime:15ms, electionTimeout:15ms
2019-10-17 06:30:55,842 [Thread-1774] INFO  impl.RoleInfo (RoleInfo.java:shutdownFollowerState(121)) - 0f256f10-8056-416e-a2a4-dd085f6c7864: shutdown FollowerState
2019-10-17 06:30:55,842 [Thread-1774] INFO  impl.RaftServerImpl (RaftServerImpl.java:setRole(184)) - 0f256f10-8056-416e-a2a4-dd085f6c7864@group-9ED9FEE0098D: changes role from  FOLLOWER to CANDIDATE at term 49 for changeToCandidate
2019-10-17 06:30:55,842 [Thread-1774] INFO  impl.RoleInfo (RoleInfo.java:updateAndGet(143)) - 0f256f10-8056-416e-a2a4-dd085f6c7864: start LeaderElection
2019-10-17 06:30:55,859 [0f256f10-8056-416e-a2a4-dd085f6c7864@group-9ED9FEE0098D-LeaderElection63] INFO  impl.LeaderElection (LeaderElection.java:askForVotes(178)) - 0f256f10-8056-416e-a2a4-dd085f6c7864@group-9ED9FEE0098D-LeaderElection63: begin an election at term 50 for -1: [2f64f904-2283-4e96-b4e2-6c9018f13084:192.168.34.62:40373, 0f256f10-8056-416e-a2a4-dd085f6c7864:192.168.34.62:35674, 07fb1a7b-fe02-4a56-ac24-3020e88d4db0:192.168.34.62:46434], old=null
2019-10-17 06:30:55,862 [grpc-default-executor-5] INFO  impl.RaftServerImpl (RaftServerImpl.java:setRole(184)) - 07fb1a7b-fe02-4a56-ac24-3020e88d4db0@group-9ED9FEE0098D: changes role from  FOLLOWER to FOLLOWER at term 50 for recognizeCandidate:0f256f10-8056-416e-a2a4-dd085f6c7864
2019-10-17 06:30:55,862 [grpc-default-executor-1] INFO  impl.RaftServerImpl (RaftServerImpl.java:setRole(184)) - 2f64f904-2283-4e96-b4e2-6c9018f13084@group-9ED9FEE0098D: changes role from  FOLLOWER to FOLLOWER at term 50 for recognizeCandidate:0f256f10-8056-416e-a2a4-dd085f6c7864
2019-10-17 06:30:55,862 [grpc-default-executor-5] INFO  impl.RoleInfo (RoleInfo.java:shutdownFollowerState(121)) - 07fb1a7b-fe02-4a56-ac24-3020e88d4db0: shutdown FollowerState
2019-10-17 06:30:55,862 [grpc-default-executor-1] INFO  impl.RoleInfo (RoleInfo.java:shutdownFollowerState(121)) - 2f64f904-2283-4e96-b4e2-6c9018f13084: shutdown FollowerState
2019-10-17 06:30:55,862 [grpc-default-executor-5] INFO  impl.RoleInfo (RoleInfo.java:updateAndGet(143)) - 07fb1a7b-fe02-4a56-ac24-3020e88d4db0: start FollowerState
2019-10-17 06:30:55,862 [Thread-1773] INFO  impl.FollowerState (FollowerState.java:run(117)) - 2f64f904-2283-4e96-b4e2-6c9018f13084@group-9ED9FEE0098D-FollowerState was interrupted: java.lang.InterruptedException: sleep interrupted
2019-10-17 06:30:55,862 [grpc-default-executor-1] INFO  impl.RoleInfo (RoleInfo.java:updateAndGet(143)) - 2f64f904-2283-4e96-b4e2-6c9018f13084: start FollowerState
2019-10-17 06:30:55,862 [Thread-1772] INFO  impl.FollowerState (FollowerState.java:run(117)) - 07fb1a7b-fe02-4a56-ac24-3020e88d4db0@group-9ED9FEE0098D-FollowerState was interrupted: java.lang.InterruptedException: sleep interrupted
2019-10-17 06:30:55,864 [0f256f10-8056-416e-a2a4-dd085f6c7864@group-9ED9FEE0098D-LeaderElection63] INFO  impl.LeaderElection (LeaderElection.java:logAndReturn(56)) - 0f256f10-8056-416e-a2a4-dd085f6c7864@group-9ED9FEE0098D-LeaderElection63: Election TIMEOUT; received 0 response(s) [] and 0 exception(s); 0f256f10-8056-416e-a2a4-dd085f6c7864@group-9ED9FEE0098D:t50, leader=null, voted=0f256f10-8056-416e-a2a4-dd085f6c7864, raftlog=0f256f10-8056-416e-a2a4-dd085f6c7864@group-9ED9FEE0098D-SegmentedRaftLog:OPENED:c-1,f-1,i0, conf=-1: [2f64f904-2283-4e96-b4e2-6c9018f13084:192.168.34.62:40373, 0f256f10-8056-416e-a2a4-dd085f6c7864:192.168.34.62:35674, 07fb1a7b-fe02-4a56-ac24-3020e88d4db0:192.168.34.62:46434], old=null
2019-10-17 06:30:55,879 [0f256f10-8056-416e-a2a4-dd085f6c7864@group-9ED9FEE0098D-LeaderElection63] INFO  impl.LeaderElection (LeaderElection.java:askForVotes(178)) - 0f256f10-8056-416e-a2a4-dd085f6c7864@group-9ED9FEE0098D-LeaderElection63: begin an election at term 51 for -1: [2f64f904-2283-4e96-b4e2-6c9018f13084:192.168.34.62:40373, 0f256f10-8056-416e-a2a4-dd085f6c7864:192.168.34.62:35674, 07fb1a7b-fe02-4a56-ac24-3020e88d4db0:192.168.34.62:46434], old=null
2019-10-17 06:30:55,883 [grpc-default-executor-1] INFO  impl.RaftServerImpl (RaftServerImpl.java:setRole(184)) - 2f64f904-2283-4e96-b4e2-6c9018f13084@group-9ED9FEE0098D: changes role from  FOLLOWER to FOLLOWER at term 51 for recognizeCandidate:0f256f10-8056-416e-a2a4-dd085f6c7864
2019-10-17 06:30:55,883 [grpc-default-executor-5] INFO  impl.RaftServerImpl (RaftServerImpl.java:setRole(184)) - 07fb1a7b-fe02-4a56-ac24-3020e88d4db0@group-9ED9FEE0098D: changes role from  FOLLOWER to FOLLOWER at term 51 for recognizeCandidate:0f256f10-8056-416e-a2a4-dd085f6c7864
2019-10-17 06:30:55,883 [grpc-default-executor-1] INFO  impl.RoleInfo (RoleInfo.java:shutdownFollowerState(121)) - 2f64f904-2283-4e96-b4e2-6c9018f13084: shutdown FollowerState
2019-10-17 06:30:55,883 [grpc-default-executor-5] INFO  impl.RoleInfo (RoleInfo.java:shutdownFollowerState(121)) - 07fb1a7b-fe02-4a56-ac24-3020e88d4db0: shutdown FollowerState
2019-10-17 06:30:55,883 [Thread-1779] INFO  impl.FollowerState (FollowerState.java:run(117)) - 2f64f904-2283-4e96-b4e2-6c9018f13084@group-9ED9FEE0098D-FollowerState was interrupted: java.lang.InterruptedException: sleep interrupted
2019-10-17 06:30:55,883 [grpc-default-executor-1] INFO  impl.RoleInfo (RoleInfo.java:updateAndGet(143)) - 2f64f904-2283-4e96-b4e2-6c9018f13084: start FollowerState
2019-10-17 06:30:55,883 [Thread-1778] INFO  impl.FollowerState (FollowerState.java:run(117)) - 07fb1a7b-fe02-4a56-ac24-3020e88d4db0@group-9ED9FEE0098D-FollowerState was interrupted: java.lang.InterruptedException: sleep interrupted
2019-10-17 06:30:55,883 [grpc-default-executor-5] INFO  impl.RoleInfo (RoleInfo.java:updateAndGet(143)) - 07fb1a7b-fe02-4a56-ac24-3020e88d4db0: start FollowerState
2019-10-17 06:30:55,924 [0f256f10-8056-416e-a2a4-dd085f6c7864@group-9ED9FEE0098D-LeaderElection63] INFO  impl.LeaderElection (LeaderElection.java:logAndReturn(56)) - 0f256f10-8056-416e-a2a4-dd085f6c7864@group-9ED9FEE0098D-LeaderElection63: Election REJECTED; received 2 response(s) [0f256f10-8056-416e-a2a4-dd085f6c7864<-2f64f904-2283-4e96-b4e2-6c9018f13084#0:FAIL-t51, 0f256f10-8056-416e-a2a4-dd085f6c7864<-07fb1a7b-fe02-4a56-ac24-3020e88d4db0#0:FAIL-t51] and 0 exception(s); 0f256f10-8056-416e-a2a4-dd085f6c7864@group-9ED9FEE0098D:t51, leader=null, voted=0f256f10-8056-416e-a2a4-dd085f6c7864, raftlog=0f256f10-8056-416e-a2a4-dd085f6c7864@group-9ED9FEE0098D-SegmentedRaftLog:OPENED:c-1,f-1,i0, conf=-1: [2f64f904-2283-4e96-b4e2-6c9018f13084:192.168.34.62:40373, 0f256f10-8056-416e-a2a4-dd085f6c7864:192.168.34.62:35674, 07fb1a7b-fe02-4a56-ac24-3020e88d4db0:192.168.34.62:46434], old=null
2019-10-17 06:30:55,924 [0f256f10-8056-416e-a2a4-dd085f6c7864@group-9ED9FEE0098D-LeaderElection63] INFO  impl.RaftServerImpl (RaftServerImpl.java:setRole(184)) - 0f256f10-8056-416e-a2a4-dd085f6c7864@group-9ED9FEE0098D: changes role from CANDIDATE to FOLLOWER at term 51 for DISCOVERED_A_NEW_TERM
2019-10-17 06:30:55,924 [0f256f10-8056-416e-a2a4-dd085f6c7864@group-9ED9FEE0098D-LeaderElection63] INFO  impl.RoleInfo (RoleInfo.java:shutdownLeaderElection(134)) - 0f256f10-8056-416e-a2a4-dd085f6c7864: shutdown LeaderElection
2019-10-17 06:30:55,924 [0f256f10-8056-416e-a2a4-dd085f6c7864@group-9ED9FEE0098D-LeaderElection63] INFO  impl.RoleInfo (RoleInfo.java:updateAndGet(143)) - 0f256f10-8056-416e-a2a4-dd085f6c7864: start FollowerState
2019-10-17 06:30:56,103 [Thread-1784] INFO  impl.FollowerState (FollowerState.java:run(108)) - 0f256f10-8056-416e-a2a4-dd085f6c7864@group-9ED9FEE0098D-FollowerState: change to CANDIDATE, lastRpcTime:178ms, electionTimeout:178ms
2019-10-17 06:30:56,103 [Thread-1784] INFO  impl.RoleInfo (RoleInfo.java:shutdownFollowerState(121)) - 0f256f10-8056-416e-a2a4-dd085f6c7864: shutdown FollowerState
2019-10-17 06:30:56,103 [Thread-1784] INFO  impl.RaftServerImpl (RaftServerImpl.java:setRole(184)) - 0f256f10-8056-416e-a2a4-dd085f6c7864@group-9ED9FEE0098D: changes role from  FOLLOWER to CANDIDATE at term 51 for changeToCandidate
2019-10-17 06:30:56,103 [Thread-1784] INFO  impl.RoleInfo (RoleInfo.java:updateAndGet(143)) - 0f256f10-8056-416e-a2a4-dd085f6c7864: start LeaderElection
2019-10-17 06:30:56,149 [0f256f10-8056-416e-a2a4-dd085f6c7864@group-9ED9FEE0098D-LeaderElection64] INFO  impl.LeaderElection (LeaderElection.java:askForVotes(178)) - 0f256f10-8056-416e-a2a4-dd085f6c7864@group-9ED9FEE0098D-LeaderElection64: begin an election at term 52 for -1: [2f64f904-2283-4e96-b4e2-6c9018f13084:192.168.34.62:40373, 0f256f10-8056-416e-a2a4-dd085f6c7864:192.168.34.62:35674, 07fb1a7b-fe02-4a56-ac24-3020e88d4db0:192.168.34.62:46434], old=null
2019-10-17 06:30:56,151 [grpc-default-executor-5] INFO  impl.RaftServerImpl (RaftServerImpl.java:setRole(184)) - 2f64f904-2283-4e96-b4e2-6c9018f13084@group-9ED9FEE0098D: changes role from  FOLLOWER to FOLLOWER at term 52 for recognizeCandidate:0f256f10-8056-416e-a2a4-dd085f6c7864
2019-10-17 06:30:56,151 [grpc-default-executor-5] INFO  impl.RoleInfo (RoleInfo.java:shutdownFollowerState(121)) - 2f64f904-2283-4e96-b4e2-6c9018f13084: shutdown FollowerState
2019-10-17 06:30:56,151 [grpc-default-executor-5] INFO  impl.RoleInfo (RoleInfo.java:updateAndGet(143)) - 2f64f904-2283-4e96-b4e2-6c9018f13084: start FollowerState
2019-10-17 06:30:56,151 [Thread-1782] INFO  impl.FollowerState (FollowerState.java:run(117)) - 2f64f904-2283-4e96-b4e2-6c9018f13084@group-9ED9FEE0098D-FollowerState was interrupted: java.lang.InterruptedException: sleep interrupted
2019-10-17 06:30:56,151 [grpc-default-executor-1] INFO  impl.RaftServerImpl (RaftServerImpl.java:setRole(184)) - 07fb1a7b-fe02-4a56-ac24-3020e88d4db0@group-9ED9FEE0098D: changes role from  FOLLOWER to FOLLOWER at term 52 for recognizeCandidate:0f256f10-8056-416e-a2a4-dd085f6c7864
2019-10-17 06:30:56,152 [grpc-default-executor-1] INFO  impl.RoleInfo (RoleInfo.java:shutdownFollowerState(121)) - 07fb1a7b-fe02-4a56-ac24-3020e88d4db0: shutdown FollowerState
2019-10-17 06:30:56,152 [grpc-default-executor-1] INFO  impl.RoleInfo (RoleInfo.java:updateAndGet(143)) - 07fb1a7b-fe02-4a56-ac24-3020e88d4db0: start FollowerState
2019-10-17 06:30:56,152 [Thread-1783] INFO  impl.FollowerState (FollowerState.java:run(117)) - 07fb1a7b-fe02-4a56-ac24-3020e88d4db0@group-9ED9FEE0098D-FollowerState was interrupted: java.lang.InterruptedException: sleep interrupted
2019-10-17 06:30:56,207 [0f256f10-8056-416e-a2a4-dd085f6c7864@group-9ED9FEE0098D-LeaderElection64] INFO  impl.LeaderElection (LeaderElection.java:logAndReturn(56)) - 0f256f10-8056-416e-a2a4-dd085f6c7864@group-9ED9FEE0098D-LeaderElection64: Election REJECTED; received 2 response(s) [0f256f10-8056-416e-a2a4-dd085f6c7864<-2f64f904-2283-4e96-b4e2-6c9018f13084#0:FAIL-t52, 0f256f10-8056-416e-a2a4-dd085f6c7864<-07fb1a7b-fe02-4a56-ac24-3020e88d4db0#0:FAIL-t52] and 0 exception(s); 0f256f10-8056-416e-a2a4-dd085f6c7864@group-9ED9FEE0098D:t52, leader=null, voted=0f256f10-8056-416e-a2a4-dd085f6c7864, raftlog=0f256f10-8056-416e-a2a4-dd085f6c7864@group-9ED9FEE0098D-SegmentedRaftLog:OPENED:c-1,f-1,i0, conf=-1: [2f64f904-2283-4e96-b4e2-6c9018f13084:192.168.34.62:40373, 0f256f10-8056-416e-a2a4-dd085f6c7864:192.168.34.62:35674, 07fb1a7b-fe02-4a56-ac24-3020e88d4db0:192.168.34.62:46434], old=null
2019-10-17 06:30:56,207 [0f256f10-8056-416e-a2a4-dd085f6c7864@group-9ED9FEE0098D-LeaderElection64] INFO  impl.RaftServerImpl (RaftServerImpl.java:setRole(184)) - 0f256f10-8056-416e-a2a4-dd085f6c7864@group-9ED9FEE0098D: changes role from CANDIDATE to FOLLOWER at term 52 for DISCOVERED_A_NEW_TERM
2019-10-17 06:30:56,207 [0f256f10-8056-416e-a2a4-dd085f6c7864@group-9ED9FEE0098D-LeaderElection64] INFO  impl.RoleInfo (RoleInfo.java:shutdownLeaderElection(134)) - 0f256f10-8056-416e-a2a4-dd085f6c7864: shutdown LeaderElection
2019-10-17 06:30:56,207 [0f256f10-8056-416e-a2a4-dd085f6c7864@group-9ED9FEE0098D-LeaderElection64] INFO  impl.RoleInfo (RoleInfo.java:updateAndGet(143)) - 0f256f10-8056-416e-a2a4-dd085f6c7864: start FollowerState
2019-10-17 06:30:56,323 [Thread-1790] INFO  impl.FollowerState (FollowerState.java:run(108)) - 0f256f10-8056-416e-a2a4-dd085f6c7864@group-9ED9FEE0098D-FollowerState: change to CANDIDATE, lastRpcTime:115ms, electionTimeout:115ms
2019-10-17 06:30:56,323 [Thread-1790] INFO  impl.RoleInfo (RoleInfo.java:shutdownFollowerState(121)) - 0f256f10-8056-416e-a2a4-dd085f6c7864: shutdown FollowerState
2019-10-17 06:30:56,323 [Thread-1790] INFO  impl.RaftServerImpl (RaftServerImpl.java:setRole(184)) - 0f256f10-8056-416e-a2a4-dd085f6c7864@group-9ED9FEE0098D: changes role from  FOLLOWER to CANDIDATE at term 52 for changeToCandidate
2019-10-17 06:30:56,323 [Thread-1790] INFO  impl.RoleInfo (RoleInfo.java:updateAndGet(143)) - 0f256f10-8056-416e-a2a4-dd085f6c7864: start LeaderElection
2019-10-17 06:30:56,379 [0f256f10-8056-416e-a2a4-dd085f6c7864@group-9ED9FEE0098D-LeaderElection65] INFO  impl.LeaderElection (LeaderElection.java:askForVotes(178)) - 0f256f10-8056-416e-a2a4-dd085f6c7864@group-9ED9FEE0098D-LeaderElection65: begin an election at term 53 for -1: [2f64f904-2283-4e96-b4e2-6c9018f13084:192.168.34.62:40373, 0f256f10-8056-416e-a2a4-dd085f6c7864:192.168.34.62:35674, 07fb1a7b-fe02-4a56-ac24-3020e88d4db0:192.168.34.62:46434], old=null
2019-10-17 06:30:56,381 [grpc-default-executor-1] INFO  impl.RaftServerImpl (RaftServerImpl.java:setRole(184)) - 07fb1a7b-fe02-4a56-ac24-3020e88d4db0@group-9ED9FEE0098D: changes role from  FOLLOWER to FOLLOWER at term 53 for recognizeCandidate:0f256f10-8056-416e-a2a4-dd085f6c7864
2019-10-17 06:30:56,382 [grpc-default-executor-5] INFO  impl.RaftServerImpl (RaftServerImpl.java:setRole(184)) - 2f64f904-2283-4e96-b4e2-6c9018f13084@group-9ED9FEE0098D: changes role from  FOLLOWER to FOLLOWER at term 53 for recognizeCandidate:0f256f10-8056-416e-a2a4-dd085f6c7864
2019-10-17 06:30:56,382 [grpc-default-executor-1] INFO  impl.RoleInfo (RoleInfo.java:shutdownFollowerState(121)) - 07fb1a7b-fe02-4a56-ac24-3020e88d4db0: shutdown FollowerState
2019-10-17 06:30:56,382 [grpc-default-executor-5] INFO  impl.RoleInfo (RoleInfo.java:shutdownFollowerState(121)) - 2f64f904-2283-4e96-b4e2-6c9018f13084: shutdown FollowerState
2019-10-17 06:30:56,382 [grpc-default-executor-1] INFO  impl.RoleInfo (RoleInfo.java:updateAndGet(143)) - 07fb1a7b-fe02-4a56-ac24-3020e88d4db0: start FollowerState
2019-10-17 06:30:56,382 [Thread-1788] INFO  impl.FollowerState (FollowerState.java:run(117)) - 2f64f904-2283-4e96-b4e2-6c9018f13084@group-9ED9FEE0098D-FollowerState was interrupted: java.lang.InterruptedException: sleep interrupted
2019-10-17 06:30:56,382 [grpc-default-executor-5] INFO  impl.RoleInfo (RoleInfo.java:updateAndGet(143)) - 2f64f904-2283-4e96-b4e2-6c9018f13084: start FollowerState
2019-10-17 06:30:56,382 [Thread-1789] INFO  impl.FollowerState (FollowerState.java:run(117)) - 07fb1a7b-fe02-4a56-ac24-3020e88d4db0@group-9ED9FEE0098D-FollowerState was interrupted: java.lang.InterruptedException: sleep interrupted
2019-10-17 06:30:56,424 [0f256f10-8056-416e-a2a4-dd085f6c7864@group-9ED9FEE0098D-LeaderElection65] INFO  impl.LeaderElection (LeaderElection.java:logAndReturn(56)) - 0f256f10-8056-416e-a2a4-dd085f6c7864@group-9ED9FEE0098D-LeaderElection65: Election REJECTED; received 2 response(s) [0f256f10-8056-416e-a2a4-dd085f6c7864<-2f64f904-2283-4e96-b4e2-6c9018f13084#0:FAIL-t53, 0f256f10-8056-416e-a2a4-dd085f6c7864<-07fb1a7b-fe02-4a56-ac24-3020e88d4db0#0:FAIL-t53] and 0 exception(s); 0f256f10-8056-416e-a2a4-dd085f6c7864@group-9ED9FEE0098D:t53, leader=null, voted=0f256f10-8056-416e-a2a4-dd085f6c7864, raftlog=0f256f10-8056-416e-a2a4-dd085f6c7864@group-9ED9FEE0098D-SegmentedRaftLog:OPENED:c-1,f-1,i0, conf=-1: [2f64f904-2283-4e96-b4e2-6c9018f13084:192.168.34.62:40373, 0f256f10-8056-416e-a2a4-dd085f6c7864:192.168.34.62:35674, 07fb1a7b-fe02-4a56-ac24-3020e88d4db0:192.168.34.62:46434], old=null
2019-10-17 06:30:56,425 [0f256f10-8056-416e-a2a4-dd085f6c7864@group-9ED9FEE0098D-LeaderElection65] INFO  impl.RaftServerImpl (RaftServerImpl.java:setRole(184)) - 0f256f10-8056-416e-a2a4-dd085f6c7864@group-9ED9FEE0098D: changes role from CANDIDATE to FOLLOWER at term 53 for DISCOVERED_A_NEW_TERM
2019-10-17 06:30:56,425 [0f256f10-8056-416e-a2a4-dd085f6c7864@group-9ED9FEE0098D-LeaderElection65] INFO  impl.RoleInfo (RoleInfo.java:shutdownLeaderElection(134)) - 0f256f10-8056-416e-a2a4-dd085f6c7864: shutdown LeaderElection
2019-10-17 06:30:56,425 [0f256f10-8056-416e-a2a4-dd085f6c7864@group-9ED9FEE0098D-LeaderElection65] INFO  impl.RoleInfo (RoleInfo.java:updateAndGet(143)) - 0f256f10-8056-416e-a2a4-dd085f6c7864: start FollowerState
2019-10-17 06:30:56,485 [Thread-1796] INFO  impl.FollowerState (FollowerState.java:run(108)) - 0f256f10-8056-416e-a2a4-dd085f6c7864@group-9ED9FEE0098D-FollowerState: change to CANDIDATE, lastRpcTime:60ms, electionTimeout:60ms
2019-10-17 06:30:56,486 [Thread-1796] INFO  impl.RoleInfo (RoleInfo.java:shutdownFollowerState(121)) - 0f256f10-8056-416e-a2a4-dd085f6c7864: shutdown FollowerState
2019-10-17 06:30:56,486 [Thread-1796] INFO  impl.RaftServerImpl (RaftServerImpl.java:setRole(184)) - 0f256f10-8056-416e-a2a4-dd085f6c7864@group-9ED9FEE0098D: changes role from  FOLLOWER to CANDIDATE at term 53 for changeToCandidate
2019-10-17 06:30:56,486 [Thread-1796] INFO  impl.RoleInfo (RoleInfo.java:updateAndGet(143)) - 0f256f10-8056-416e-a2a4-dd085f6c7864: start LeaderElection
2019-10-17 06:30:56,541 [0f256f10-8056-416e-a2a4-dd085f6c7864@group-9ED9FEE0098D-LeaderElection66] INFO  impl.LeaderElection (LeaderElection.java:askForVotes(178)) - 0f256f10-8056-416e-a2a4-dd085f6c7864@group-9ED9FEE0098D-LeaderElection66: begin an election at term 54 for -1: [2f64f904-2283-4e96-b4e2-6c9018f13084:192.168.34.62:40373, 0f256f10-8056-416e-a2a4-dd085f6c7864:192.168.34.62:35674, 07fb1a7b-fe02-4a56-ac24-3020e88d4db0:192.168.34.62:46434], old=null
2019-10-17 06:30:56,544 [grpc-default-executor-5] INFO  impl.RaftServerImpl (RaftServerImpl.java:setRole(184)) - 2f64f904-2283-4e96-b4e2-6c9018f13084@group-9ED9FEE0098D: changes role from  FOLLOWER to FOLLOWER at term 54 for recognizeCandidate:0f256f10-8056-416e-a2a4-dd085f6c7864
2019-10-17 06:30:56,544 [grpc-default-executor-5] INFO  impl.RoleInfo (RoleInfo.java:shutdownFollowerState(121)) - 2f64f904-2283-4e96-b4e2-6c9018f13084: shutdown FollowerState
2019-10-17 06:30:56,544 [grpc-default-executor-5] INFO  impl.RoleInfo (RoleInfo.java:updateAndGet(143)) - 2f64f904-2283-4e96-b4e2-6c9018f13084: start FollowerState
2019-10-17 06:30:56,544 [grpc-default-executor-1] INFO  impl.RaftServerImpl (RaftServerImpl.java:setRole(184)) - 07fb1a7b-fe02-4a56-ac24-3020e88d4db0@group-9ED9FEE0098D: changes role from  FOLLOWER to FOLLOWER at term 54 for recognizeCandidate:0f256f10-8056-416e-a2a4-dd085f6c7864
2019-10-17 06:30:56,544 [Thread-1795] INFO  impl.FollowerState (FollowerState.java:run(117)) - 2f64f904-2283-4e96-b4e2-6c9018f13084@group-9ED9FEE0098D-FollowerState was interrupted: java.lang.InterruptedException: sleep interrupted
2019-10-17 06:30:56,545 [grpc-default-executor-1] INFO  impl.RoleInfo (RoleInfo.java:shutdownFollowerState(121)) - 07fb1a7b-fe02-4a56-ac24-3020e88d4db0: shutdown FollowerState
2019-10-17 06:30:56,545 [grpc-default-executor-1] INFO  impl.RoleInfo (RoleInfo.java:updateAndGet(143)) - 07fb1a7b-fe02-4a56-ac24-3020e88d4db0: start FollowerState
2019-10-17 06:30:56,545 [Thread-1794] INFO  impl.FollowerState (FollowerState.java:run(117)) - 07fb1a7b-fe02-4a56-ac24-3020e88d4db0@group-9ED9FEE0098D-FollowerState was interrupted: java.lang.InterruptedException: sleep interrupted
2019-10-17 06:30:56,595 [0f256f10-8056-416e-a2a4-dd085f6c7864@group-9ED9FEE0098D-LeaderElection66] INFO  impl.LeaderElection (LeaderElection.java:logAndReturn(56)) - 0f256f10-8056-416e-a2a4-dd085f6c7864@group-9ED9FEE0098D-LeaderElection66: Election REJECTED; received 2 response(s) [0f256f10-8056-416e-a2a4-dd085f6c7864<-2f64f904-2283-4e96-b4e2-6c9018f13084#0:FAIL-t54, 0f256f10-8056-416e-a2a4-dd085f6c7864<-07fb1a7b-fe02-4a56-ac24-3020e88d4db0#0:FAIL-t54] and 0 exception(s); 0f256f10-8056-416e-a2a4-dd085f6c7864@group-9ED9FEE0098D:t54, leader=null, voted=0f256f10-8056-416e-a2a4-dd085f6c7864, raftlog=0f256f10-8056-416e-a2a4-dd085f6c7864@group-9ED9FEE0098D-SegmentedRaftLog:OPENED:c-1,f-1,i0, conf=-1: [2f64f904-2283-4e96-b4e2-6c9018f13084:192.168.34.62:40373, 0f256f10-8056-416e-a2a4-dd085f6c7864:192.168.34.62:35674, 07fb1a7b-fe02-4a56-ac24-3020e88d4db0:192.168.34.62:46434], old=null
2019-10-17 06:30:56,596 [0f256f10-8056-416e-a2a4-dd085f6c7864@group-9ED9FEE0098D-LeaderElection66] INFO  impl.RaftServerImpl (RaftServerImpl.java:setRole(184)) - 0f256f10-8056-416e-a2a4-dd085f6c7864@group-9ED9FEE0098D: changes role from CANDIDATE to FOLLOWER at term 54 for DISCOVERED_A_NEW_TERM
2019-10-17 06:30:56,596 [0f256f10-8056-416e-a2a4-dd085f6c7864@group-9ED9FEE0098D-LeaderElection66] INFO  impl.RoleInfo (RoleInfo.java:shutdownLeaderElection(134)) - 0f256f10-8056-416e-a2a4-dd085f6c7864: shutdown LeaderElection
2019-10-17 06:30:56,596 [0f256f10-8056-416e-a2a4-dd085f6c7864@group-9ED9FEE0098D-LeaderElection66] INFO  impl.RoleInfo (RoleInfo.java:updateAndGet(143)) - 0f256f10-8056-416e-a2a4-dd085f6c7864: start FollowerState
2019-10-17 06:30:56,634 [Thread-1202] INFO  ozone.MiniOzoneClusterImpl (MiniOzoneClusterImpl.java:lambda$waitForClusterToBeReady$2(164)) - Waiting for 1 number of pipelines out of 4, to report a leader.
2019-10-17 06:30:56,659 [Thread-1802] INFO  impl.FollowerState (FollowerState.java:run(108)) - 0f256f10-8056-416e-a2a4-dd085f6c7864@group-9ED9FEE0098D-FollowerState: change to CANDIDATE, lastRpcTime:62ms, electionTimeout:62ms
2019-10-17 06:30:56,659 [Thread-1802] INFO  impl.RoleInfo (RoleInfo.java:shutdownFollowerState(121)) - 0f256f10-8056-416e-a2a4-dd085f6c7864: shutdown FollowerState
2019-10-17 06:30:56,659 [Thread-1802] INFO  impl.RaftServerImpl (RaftServerImpl.java:setRole(184)) - 0f256f10-8056-416e-a2a4-dd085f6c7864@group-9ED9FEE0098D: changes role from  FOLLOWER to CANDIDATE at term 54 for changeToCandidate
2019-10-17 06:30:56,659 [Thread-1802] INFO  impl.RoleInfo (RoleInfo.java:updateAndGet(143)) - 0f256f10-8056-416e-a2a4-dd085f6c7864: start LeaderElection
2019-10-17 06:30:56,711 [0f256f10-8056-416e-a2a4-dd085f6c7864@group-9ED9FEE0098D-LeaderElection67] INFO  impl.LeaderElection (LeaderElection.java:askForVotes(178)) - 0f256f10-8056-416e-a2a4-dd085f6c7864@group-9ED9FEE0098D-LeaderElection67: begin an election at term 55 for -1: [2f64f904-2283-4e96-b4e2-6c9018f13084:192.168.34.62:40373, 0f256f10-8056-416e-a2a4-dd085f6c7864:192.168.34.62:35674, 07fb1a7b-fe02-4a56-ac24-3020e88d4db0:192.168.34.62:46434], old=null
2019-10-17 06:30:56,714 [grpc-default-executor-5] INFO  impl.RaftServerImpl (RaftServerImpl.java:setRole(184)) - 2f64f904-2283-4e96-b4e2-6c9018f13084@group-9ED9FEE0098D: changes role from  FOLLOWER to FOLLOWER at term 55 for recognizeCandidate:0f256f10-8056-416e-a2a4-dd085f6c7864
2019-10-17 06:30:56,714 [grpc-default-executor-1] INFO  impl.RaftServerImpl (RaftServerImpl.java:setRole(184)) - 07fb1a7b-fe02-4a56-ac24-3020e88d4db0@group-9ED9FEE0098D: changes role from  FOLLOWER to FOLLOWER at term 55 for recognizeCandidate:0f256f10-8056-416e-a2a4-dd085f6c7864
2019-10-17 06:30:56,714 [grpc-default-executor-5] INFO  impl.RoleInfo (RoleInfo.java:shutdownFollowerState(121)) - 2f64f904-2283-4e96-b4e2-6c9018f13084: shutdown FollowerState
2019-10-17 06:30:56,714 [grpc-default-executor-1] INFO  impl.RoleInfo (RoleInfo.java:shutdownFollowerState(121)) - 07fb1a7b-fe02-4a56-ac24-3020e88d4db0: shutdown FollowerState
2019-10-17 06:30:56,715 [Thread-1800] INFO  impl.FollowerState (FollowerState.java:run(117)) - 2f64f904-2283-4e96-b4e2-6c9018f13084@group-9ED9FEE0098D-FollowerState was interrupted: java.lang.InterruptedException: sleep interrupted
2019-10-17 06:30:56,715 [grpc-default-executor-5] INFO  impl.RoleInfo (RoleInfo.java:updateAndGet(143)) - 2f64f904-2283-4e96-b4e2-6c9018f13084: start FollowerState
2019-10-17 06:30:56,715 [Thread-1801] INFO  impl.FollowerState (FollowerState.java:run(117)) - 07fb1a7b-fe02-4a56-ac24-3020e88d4db0@group-9ED9FEE0098D-FollowerState was interrupted: java.lang.InterruptedException: sleep interrupted
2019-10-17 06:30:56,715 [grpc-default-executor-1] INFO  impl.RoleInfo (RoleInfo.java:updateAndGet(143)) - 07fb1a7b-fe02-4a56-ac24-3020e88d4db0: start FollowerState
2019-10-17 06:30:56,734 [0f256f10-8056-416e-a2a4-dd085f6c7864@group-9ED9FEE0098D-LeaderElection67] INFO  impl.LeaderElection (LeaderElection.java:logAndReturn(56)) - 0f256f10-8056-416e-a2a4-dd085f6c7864@group-9ED9FEE0098D-LeaderElection67: Election REJECTED; received 2 response(s) [0f256f10-8056-416e-a2a4-dd085f6c7864<-2f64f904-2283-4e96-b4e2-6c9018f13084#0:FAIL-t55, 0f256f10-8056-416e-a2a4-dd085f6c7864<-07fb1a7b-fe02-4a56-ac24-3020e88d4db0#0:FAIL-t55] and 0 exception(s); 0f256f10-8056-416e-a2a4-dd085f6c7864@group-9ED9FEE0098D:t55, leader=null, voted=0f256f10-8056-416e-a2a4-dd085f6c7864, raftlog=0f256f10-8056-416e-a2a4-dd085f6c7864@group-9ED9FEE0098D-SegmentedRaftLog:OPENED:c-1,f-1,i0, conf=-1: [2f64f904-2283-4e96-b4e2-6c9018f13084:192.168.34.62:40373, 0f256f10-8056-416e-a2a4-dd085f6c7864:192.168.34.62:35674, 07fb1a7b-fe02-4a56-ac24-3020e88d4db0:192.168.34.62:46434], old=null
2019-10-17 06:30:56,735 [0f256f10-8056-416e-a2a4-dd085f6c7864@group-9ED9FEE0098D-LeaderElection67] INFO  impl.RaftServerImpl (RaftServerImpl.java:setRole(184)) - 0f256f10-8056-416e-a2a4-dd085f6c7864@group-9ED9FEE0098D: changes role from CANDIDATE to FOLLOWER at term 55 for DISCOVERED_A_NEW_TERM
2019-10-17 06:30:56,735 [0f256f10-8056-416e-a2a4-dd085f6c7864@group-9ED9FEE0098D-LeaderElection67] INFO  impl.RoleInfo (RoleInfo.java:shutdownLeaderElection(134)) - 0f256f10-8056-416e-a2a4-dd085f6c7864: shutdown LeaderElection
2019-10-17 06:30:56,735 [0f256f10-8056-416e-a2a4-dd085f6c7864@group-9ED9FEE0098D-LeaderElection67] INFO  impl.RoleInfo (RoleInfo.java:updateAndGet(143)) - 0f256f10-8056-416e-a2a4-dd085f6c7864: start FollowerState
2019-10-17 06:30:56,934 [Thread-1808] INFO  impl.FollowerState (FollowerState.java:run(108)) - 0f256f10-8056-416e-a2a4-dd085f6c7864@group-9ED9FEE0098D-FollowerState: change to CANDIDATE, lastRpcTime:199ms, electionTimeout:199ms
2019-10-17 06:30:56,934 [Thread-1808] INFO  impl.RoleInfo (RoleInfo.java:shutdownFollowerState(121)) - 0f256f10-8056-416e-a2a4-dd085f6c7864: shutdown FollowerState
2019-10-17 06:30:56,935 [Thread-1808] INFO  impl.RaftServerImpl (RaftServerImpl.java:setRole(184)) - 0f256f10-8056-416e-a2a4-dd085f6c7864@group-9ED9FEE0098D: changes role from  FOLLOWER to CANDIDATE at term 55 for changeToCandidate
2019-10-17 06:30:56,935 [Thread-1808] INFO  impl.RoleInfo (RoleInfo.java:updateAndGet(143)) - 0f256f10-8056-416e-a2a4-dd085f6c7864: start LeaderElection
2019-10-17 06:30:56,955 [0f256f10-8056-416e-a2a4-dd085f6c7864@group-9ED9FEE0098D-LeaderElection68] INFO  impl.LeaderElection (LeaderElection.java:askForVotes(178)) - 0f256f10-8056-416e-a2a4-dd085f6c7864@group-9ED9FEE0098D-LeaderElection68: begin an election at term 56 for -1: [2f64f904-2283-4e96-b4e2-6c9018f13084:192.168.34.62:40373, 0f256f10-8056-416e-a2a4-dd085f6c7864:192.168.34.62:35674, 07fb1a7b-fe02-4a56-ac24-3020e88d4db0:192.168.34.62:46434], old=null
2019-10-17 06:30:56,958 [grpc-default-executor-5] INFO  impl.RaftServerImpl (RaftServerImpl.java:setRole(184)) - 2f64f904-2283-4e96-b4e2-6c9018f13084@group-9ED9FEE0098D: changes role from  FOLLOWER to FOLLOWER at term 56 for recognizeCandidate:0f256f10-8056-416e-a2a4-dd085f6c7864
2019-10-17 06:30:56,958 [grpc-default-executor-1] INFO  impl.RaftServerImpl (RaftServerImpl.java:setRole(184)) - 07fb1a7b-fe02-4a56-ac24-3020e88d4db0@group-9ED9FEE0098D: changes role from  FOLLOWER to FOLLOWER at term 56 for recognizeCandidate:0f256f10-8056-416e-a2a4-dd085f6c7864
2019-10-17 06:30:56,958 [grpc-default-executor-5] INFO  impl.RoleInfo (RoleInfo.java:shutdownFollowerState(121)) - 2f64f904-2283-4e96-b4e2-6c9018f13084: shutdown FollowerState
2019-10-17 06:30:56,958 [grpc-default-executor-1] INFO  impl.RoleInfo (RoleInfo.java:shutdownFollowerState(121)) - 07fb1a7b-fe02-4a56-ac24-3020e88d4db0: shutdown FollowerState
2019-10-17 06:30:56,958 [Thread-1806] INFO  impl.FollowerState (FollowerState.java:run(117)) - 2f64f904-2283-4e96-b4e2-6c9018f13084@group-9ED9FEE0098D-FollowerState was interrupted: java.lang.InterruptedException: sleep interrupted
2019-10-17 06:30:56,958 [Thread-1807] INFO  impl.FollowerState (FollowerState.java:run(117)) - 07fb1a7b-fe02-4a56-ac24-3020e88d4db0@group-9ED9FEE0098D-FollowerState was interrupted: java.lang.InterruptedException: sleep interrupted
2019-10-17 06:30:56,958 [grpc-default-executor-1] INFO  impl.RoleInfo (RoleInfo.java:updateAndGet(143)) - 07fb1a7b-fe02-4a56-ac24-3020e88d4db0: start FollowerState
2019-10-17 06:30:56,958 [grpc-default-executor-5] INFO  impl.RoleInfo (RoleInfo.java:updateAndGet(143)) - 2f64f904-2283-4e96-b4e2-6c9018f13084: start FollowerState
2019-10-17 06:30:56,989 [0f256f10-8056-416e-a2a4-dd085f6c7864@group-9ED9FEE0098D-LeaderElection68] INFO  impl.LeaderElection (LeaderElection.java:logAndReturn(56)) - 0f256f10-8056-416e-a2a4-dd085f6c7864@group-9ED9FEE0098D-LeaderElection68: Election TIMEOUT; received 0 response(s) [] and 0 exception(s); 0f256f10-8056-416e-a2a4-dd085f6c7864@group-9ED9FEE0098D:t56, leader=null, voted=0f256f10-8056-416e-a2a4-dd085f6c7864, raftlog=0f256f10-8056-416e-a2a4-dd085f6c7864@group-9ED9FEE0098D-SegmentedRaftLog:OPENED:c-1,f-1,i0, conf=-1: [2f64f904-2283-4e96-b4e2-6c9018f13084:192.168.34.62:40373, 0f256f10-8056-416e-a2a4-dd085f6c7864:192.168.34.62:35674, 07fb1a7b-fe02-4a56-ac24-3020e88d4db0:192.168.34.62:46434], old=null
2019-10-17 06:30:57,033 [0f256f10-8056-416e-a2a4-dd085f6c7864@group-9ED9FEE0098D-LeaderElection68] INFO  impl.LeaderElection (LeaderElection.java:askForVotes(178)) - 0f256f10-8056-416e-a2a4-dd085f6c7864@group-9ED9FEE0098D-LeaderElection68: begin an election at term 57 for -1: [2f64f904-2283-4e96-b4e2-6c9018f13084:192.168.34.62:40373, 0f256f10-8056-416e-a2a4-dd085f6c7864:192.168.34.62:35674, 07fb1a7b-fe02-4a56-ac24-3020e88d4db0:192.168.34.62:46434], old=null
2019-10-17 06:30:57,035 [grpc-default-executor-1] INFO  impl.RaftServerImpl (RaftServerImpl.java:setRole(184)) - 2f64f904-2283-4e96-b4e2-6c9018f13084@group-9ED9FEE0098D: changes role from  FOLLOWER to FOLLOWER at term 57 for recognizeCandidate:0f256f10-8056-416e-a2a4-dd085f6c7864
2019-10-17 06:30:57,035 [grpc-default-executor-5] INFO  impl.RaftServerImpl (RaftServerImpl.java:setRole(184)) - 07fb1a7b-fe02-4a56-ac24-3020e88d4db0@group-9ED9FEE0098D: changes role from  FOLLOWER to FOLLOWER at term 57 for recognizeCandidate:0f256f10-8056-416e-a2a4-dd085f6c7864
2019-10-17 06:30:57,035 [grpc-default-executor-1] INFO  impl.RoleInfo (RoleInfo.java:shutdownFollowerState(121)) - 2f64f904-2283-4e96-b4e2-6c9018f13084: shutdown FollowerState
2019-10-17 06:30:57,036 [grpc-default-executor-5] INFO  impl.RoleInfo (RoleInfo.java:shutdownFollowerState(121)) - 07fb1a7b-fe02-4a56-ac24-3020e88d4db0: shutdown FollowerState
2019-10-17 06:30:57,036 [Thread-1812] INFO  impl.FollowerState (FollowerState.java:run(117)) - 2f64f904-2283-4e96-b4e2-6c9018f13084@group-9ED9FEE0098D-FollowerState was interrupted: java.lang.InterruptedException: sleep interrupted
2019-10-17 06:30:57,036 [grpc-default-executor-1] INFO  impl.RoleInfo (RoleInfo.java:updateAndGet(143)) - 2f64f904-2283-4e96-b4e2-6c9018f13084: start FollowerState
2019-10-17 06:30:57,036 [Thread-1813] INFO  impl.FollowerState (FollowerState.java:run(117)) - 07fb1a7b-fe02-4a56-ac24-3020e88d4db0@group-9ED9FEE0098D-FollowerState was interrupted: java.lang.InterruptedException: sleep interrupted
2019-10-17 06:30:57,036 [grpc-default-executor-5] INFO  impl.RoleInfo (RoleInfo.java:updateAndGet(143)) - 07fb1a7b-fe02-4a56-ac24-3020e88d4db0: start FollowerState
2019-10-17 06:30:57,084 [0f256f10-8056-416e-a2a4-dd085f6c7864@group-9ED9FEE0098D-LeaderElection68] INFO  impl.LeaderElection (LeaderElection.java:logAndReturn(56)) - 0f256f10-8056-416e-a2a4-dd085f6c7864@group-9ED9FEE0098D-LeaderElection68: Election REJECTED; received 2 response(s) [0f256f10-8056-416e-a2a4-dd085f6c7864<-2f64f904-2283-4e96-b4e2-6c9018f13084#0:FAIL-t57, 0f256f10-8056-416e-a2a4-dd085f6c7864<-07fb1a7b-fe02-4a56-ac24-3020e88d4db0#0:FAIL-t57] and 0 exception(s); 0f256f10-8056-416e-a2a4-dd085f6c7864@group-9ED9FEE0098D:t57, leader=null, voted=0f256f10-8056-416e-a2a4-dd085f6c7864, raftlog=0f256f10-8056-416e-a2a4-dd085f6c7864@group-9ED9FEE0098D-SegmentedRaftLog:OPENED:c-1,f-1,i0, conf=-1: [2f64f904-2283-4e96-b4e2-6c9018f13084:192.168.34.62:40373, 0f256f10-8056-416e-a2a4-dd085f6c7864:192.168.34.62:35674, 07fb1a7b-fe02-4a56-ac24-3020e88d4db0:192.168.34.62:46434], old=null
2019-10-17 06:30:57,084 [0f256f10-8056-416e-a2a4-dd085f6c7864@group-9ED9FEE0098D-LeaderElection68] INFO  impl.RaftServerImpl (RaftServerImpl.java:setRole(184)) - 0f256f10-8056-416e-a2a4-dd085f6c7864@group-9ED9FEE0098D: changes role from CANDIDATE to FOLLOWER at term 57 for DISCOVERED_A_NEW_TERM
2019-10-17 06:30:57,084 [0f256f10-8056-416e-a2a4-dd085f6c7864@group-9ED9FEE0098D-LeaderElection68] INFO  impl.RoleInfo (RoleInfo.java:shutdownLeaderElection(134)) - 0f256f10-8056-416e-a2a4-dd085f6c7864: shutdown LeaderElection
2019-10-17 06:30:57,084 [0f256f10-8056-416e-a2a4-dd085f6c7864@group-9ED9FEE0098D-LeaderElection68] INFO  impl.RoleInfo (RoleInfo.java:updateAndGet(143)) - 0f256f10-8056-416e-a2a4-dd085f6c7864: start FollowerState
2019-10-17 06:30:57,199 [Thread-1818] INFO  impl.FollowerState (FollowerState.java:run(108)) - 0f256f10-8056-416e-a2a4-dd085f6c7864@group-9ED9FEE0098D-FollowerState: change to CANDIDATE, lastRpcTime:114ms, electionTimeout:114ms
2019-10-17 06:30:57,199 [Thread-1818] INFO  impl.RoleInfo (RoleInfo.java:shutdownFollowerState(121)) - 0f256f10-8056-416e-a2a4-dd085f6c7864: shutdown FollowerState
2019-10-17 06:30:57,199 [Thread-1818] INFO  impl.RaftServerImpl (RaftServerImpl.java:setRole(184)) - 0f256f10-8056-416e-a2a4-dd085f6c7864@group-9ED9FEE0098D: changes role from  FOLLOWER to CANDIDATE at term 57 for changeToCandidate
2019-10-17 06:30:57,199 [Thread-1818] INFO  impl.RoleInfo (RoleInfo.java:updateAndGet(143)) - 0f256f10-8056-416e-a2a4-dd085f6c7864: start LeaderElection
2019-10-17 06:30:57,217 [0f256f10-8056-416e-a2a4-dd085f6c7864@group-9ED9FEE0098D-LeaderElection69] INFO  impl.LeaderElection (LeaderElection.java:askForVotes(178)) - 0f256f10-8056-416e-a2a4-dd085f6c7864@group-9ED9FEE0098D-LeaderElection69: begin an election at term 58 for -1: [2f64f904-2283-4e96-b4e2-6c9018f13084:192.168.34.62:40373, 0f256f10-8056-416e-a2a4-dd085f6c7864:192.168.34.62:35674, 07fb1a7b-fe02-4a56-ac24-3020e88d4db0:192.168.34.62:46434], old=null
2019-10-17 06:30:57,219 [grpc-default-executor-5] INFO  impl.RaftServerImpl (RaftServerImpl.java:setRole(184)) - 2f64f904-2283-4e96-b4e2-6c9018f13084@group-9ED9FEE0098D: changes role from  FOLLOWER to FOLLOWER at term 58 for recognizeCandidate:0f256f10-8056-416e-a2a4-dd085f6c7864
2019-10-17 06:30:57,219 [grpc-default-executor-1] INFO  impl.RaftServerImpl (RaftServerImpl.java:setRole(184)) - 07fb1a7b-fe02-4a56-ac24-3020e88d4db0@group-9ED9FEE0098D: changes role from  FOLLOWER to FOLLOWER at term 58 for recognizeCandidate:0f256f10-8056-416e-a2a4-dd085f6c7864
2019-10-17 06:30:57,219 [grpc-default-executor-5] INFO  impl.RoleInfo (RoleInfo.java:shutdownFollowerState(121)) - 2f64f904-2283-4e96-b4e2-6c9018f13084: shutdown FollowerState
2019-10-17 06:30:57,219 [grpc-default-executor-1] INFO  impl.RoleInfo (RoleInfo.java:shutdownFollowerState(121)) - 07fb1a7b-fe02-4a56-ac24-3020e88d4db0: shutdown FollowerState
2019-10-17 06:30:57,219 [Thread-1816] INFO  impl.FollowerState (FollowerState.java:run(117)) - 2f64f904-2283-4e96-b4e2-6c9018f13084@group-9ED9FEE0098D-FollowerState was interrupted: java.lang.InterruptedException: sleep interrupted
2019-10-17 06:30:57,219 [grpc-default-executor-1] INFO  impl.RoleInfo (RoleInfo.java:updateAndGet(143)) - 07fb1a7b-fe02-4a56-ac24-3020e88d4db0: start FollowerState
2019-10-17 06:30:57,219 [grpc-default-executor-5] INFO  impl.RoleInfo (RoleInfo.java:updateAndGet(143)) - 2f64f904-2283-4e96-b4e2-6c9018f13084: start FollowerState
2019-10-17 06:30:57,220 [Thread-1817] INFO  impl.FollowerState (FollowerState.java:run(117)) - 07fb1a7b-fe02-4a56-ac24-3020e88d4db0@group-9ED9FEE0098D-FollowerState was interrupted: java.lang.InterruptedException: sleep interrupted
2019-10-17 06:30:57,241 [0f256f10-8056-416e-a2a4-dd085f6c7864@group-9ED9FEE0098D-LeaderElection69] INFO  impl.LeaderElection (LeaderElection.java:logAndReturn(56)) - 0f256f10-8056-416e-a2a4-dd085f6c7864@group-9ED9FEE0098D-LeaderElection69: Election REJECTED; received 2 response(s) [0f256f10-8056-416e-a2a4-dd085f6c7864<-2f64f904-2283-4e96-b4e2-6c9018f13084#0:FAIL-t58, 0f256f10-8056-416e-a2a4-dd085f6c7864<-07fb1a7b-fe02-4a56-ac24-3020e88d4db0#0:FAIL-t58] and 0 exception(s); 0f256f10-8056-416e-a2a4-dd085f6c7864@group-9ED9FEE0098D:t58, leader=null, voted=0f256f10-8056-416e-a2a4-dd085f6c7864, raftlog=0f256f10-8056-416e-a2a4-dd085f6c7864@group-9ED9FEE0098D-SegmentedRaftLog:OPENED:c-1,f-1,i0, conf=-1: [2f64f904-2283-4e96-b4e2-6c9018f13084:192.168.34.62:40373, 0f256f10-8056-416e-a2a4-dd085f6c7864:192.168.34.62:35674, 07fb1a7b-fe02-4a56-ac24-3020e88d4db0:192.168.34.62:46434], old=null
2019-10-17 06:30:57,241 [0f256f10-8056-416e-a2a4-dd085f6c7864@group-9ED9FEE0098D-LeaderElection69] INFO  impl.RaftServerImpl (RaftServerImpl.java:setRole(184)) - 0f256f10-8056-416e-a2a4-dd085f6c7864@group-9ED9FEE0098D: changes role from CANDIDATE to FOLLOWER at term 58 for DISCOVERED_A_NEW_TERM
2019-10-17 06:30:57,241 [0f256f10-8056-416e-a2a4-dd085f6c7864@group-9ED9FEE0098D-LeaderElection69] INFO  impl.RoleInfo (RoleInfo.java:shutdownLeaderElection(134)) - 0f256f10-8056-416e-a2a4-dd085f6c7864: shutdown LeaderElection
2019-10-17 06:30:57,241 [0f256f10-8056-416e-a2a4-dd085f6c7864@group-9ED9FEE0098D-LeaderElection69] INFO  impl.RoleInfo (RoleInfo.java:updateAndGet(143)) - 0f256f10-8056-416e-a2a4-dd085f6c7864: start FollowerState
2019-10-17 06:30:57,322 [Thread-1824] INFO  impl.FollowerState (FollowerState.java:run(108)) - 0f256f10-8056-416e-a2a4-dd085f6c7864@group-9ED9FEE0098D-FollowerState: change to CANDIDATE, lastRpcTime:80ms, electionTimeout:80ms
2019-10-17 06:30:57,322 [Thread-1824] INFO  impl.RoleInfo (RoleInfo.java:shutdownFollowerState(121)) - 0f256f10-8056-416e-a2a4-dd085f6c7864: shutdown FollowerState
2019-10-17 06:30:57,322 [Thread-1824] INFO  impl.RaftServerImpl (RaftServerImpl.java:setRole(184)) - 0f256f10-8056-416e-a2a4-dd085f6c7864@group-9ED9FEE0098D: changes role from  FOLLOWER to CANDIDATE at term 58 for changeToCandidate
2019-10-17 06:30:57,322 [Thread-1824] INFO  impl.RoleInfo (RoleInfo.java:updateAndGet(143)) - 0f256f10-8056-416e-a2a4-dd085f6c7864: start LeaderElection
2019-10-17 06:30:57,342 [0f256f10-8056-416e-a2a4-dd085f6c7864@group-9ED9FEE0098D-LeaderElection70] INFO  impl.LeaderElection (LeaderElection.java:askForVotes(178)) - 0f256f10-8056-416e-a2a4-dd085f6c7864@group-9ED9FEE0098D-LeaderElection70: begin an election at term 59 for -1: [2f64f904-2283-4e96-b4e2-6c9018f13084:192.168.34.62:40373, 0f256f10-8056-416e-a2a4-dd085f6c7864:192.168.34.62:35674, 07fb1a7b-fe02-4a56-ac24-3020e88d4db0:192.168.34.62:46434], old=null
2019-10-17 06:30:57,345 [grpc-default-executor-1] INFO  impl.RaftServerImpl (RaftServerImpl.java:setRole(184)) - 2f64f904-2283-4e96-b4e2-6c9018f13084@group-9ED9FEE0098D: changes role from  FOLLOWER to FOLLOWER at term 59 for recognizeCandidate:0f256f10-8056-416e-a2a4-dd085f6c7864
2019-10-17 06:30:57,345 [grpc-default-executor-5] INFO  impl.RaftServerImpl (RaftServerImpl.java:setRole(184)) - 07fb1a7b-fe02-4a56-ac24-3020e88d4db0@group-9ED9FEE0098D: changes role from  FOLLOWER to FOLLOWER at term 59 for recognizeCandidate:0f256f10-8056-416e-a2a4-dd085f6c7864
2019-10-17 06:30:57,345 [grpc-default-executor-1] INFO  impl.RoleInfo (RoleInfo.java:shutdownFollowerState(121)) - 2f64f904-2283-4e96-b4e2-6c9018f13084: shutdown FollowerState
2019-10-17 06:30:57,345 [grpc-default-executor-5] INFO  impl.RoleInfo (RoleInfo.java:shutdownFollowerState(121)) - 07fb1a7b-fe02-4a56-ac24-3020e88d4db0: shutdown FollowerState
2019-10-17 06:30:57,345 [Thread-1822] INFO  impl.FollowerState (FollowerState.java:run(117)) - 2f64f904-2283-4e96-b4e2-6c9018f13084@group-9ED9FEE0098D-FollowerState was interrupted: java.lang.InterruptedException: sleep interrupted
2019-10-17 06:30:57,345 [grpc-default-executor-5] INFO  impl.RoleInfo (RoleInfo.java:updateAndGet(143)) - 07fb1a7b-fe02-4a56-ac24-3020e88d4db0: start FollowerState
2019-10-17 06:30:57,345 [grpc-default-executor-1] INFO  impl.RoleInfo (RoleInfo.java:updateAndGet(143)) - 2f64f904-2283-4e96-b4e2-6c9018f13084: start FollowerState
2019-10-17 06:30:57,345 [Thread-1823] INFO  impl.FollowerState (FollowerState.java:run(117)) - 07fb1a7b-fe02-4a56-ac24-3020e88d4db0@group-9ED9FEE0098D-FollowerState was interrupted: java.lang.InterruptedException: sleep interrupted
2019-10-17 06:30:57,364 [0f256f10-8056-416e-a2a4-dd085f6c7864@group-9ED9FEE0098D-LeaderElection70] INFO  impl.LeaderElection (LeaderElection.java:logAndReturn(56)) - 0f256f10-8056-416e-a2a4-dd085f6c7864@group-9ED9FEE0098D-LeaderElection70: Election REJECTED; received 2 response(s) [0f256f10-8056-416e-a2a4-dd085f6c7864<-2f64f904-2283-4e96-b4e2-6c9018f13084#0:FAIL-t59, 0f256f10-8056-416e-a2a4-dd085f6c7864<-07fb1a7b-fe02-4a56-ac24-3020e88d4db0#0:FAIL-t59] and 0 exception(s); 0f256f10-8056-416e-a2a4-dd085f6c7864@group-9ED9FEE0098D:t59, leader=null, voted=0f256f10-8056-416e-a2a4-dd085f6c7864, raftlog=0f256f10-8056-416e-a2a4-dd085f6c7864@group-9ED9FEE0098D-SegmentedRaftLog:OPENED:c-1,f-1,i0, conf=-1: [2f64f904-2283-4e96-b4e2-6c9018f13084:192.168.34.62:40373, 0f256f10-8056-416e-a2a4-dd085f6c7864:192.168.34.62:35674, 07fb1a7b-fe02-4a56-ac24-3020e88d4db0:192.168.34.62:46434], old=null
2019-10-17 06:30:57,364 [0f256f10-8056-416e-a2a4-dd085f6c7864@group-9ED9FEE0098D-LeaderElection70] INFO  impl.RaftServerImpl (RaftServerImpl.java:setRole(184)) - 0f256f10-8056-416e-a2a4-dd085f6c7864@group-9ED9FEE0098D: changes role from CANDIDATE to FOLLOWER at term 59 for DISCOVERED_A_NEW_TERM
2019-10-17 06:30:57,364 [0f256f10-8056-416e-a2a4-dd085f6c7864@group-9ED9FEE0098D-LeaderElection70] INFO  impl.RoleInfo (RoleInfo.java:shutdownLeaderElection(134)) - 0f256f10-8056-416e-a2a4-dd085f6c7864: shutdown LeaderElection
2019-10-17 06:30:57,364 [0f256f10-8056-416e-a2a4-dd085f6c7864@group-9ED9FEE0098D-LeaderElection70] INFO  impl.RoleInfo (RoleInfo.java:updateAndGet(143)) - 0f256f10-8056-416e-a2a4-dd085f6c7864: start FollowerState
2019-10-17 06:30:57,368 [Thread-1830] INFO  impl.FollowerState (FollowerState.java:run(108)) - 0f256f10-8056-416e-a2a4-dd085f6c7864@group-9ED9FEE0098D-FollowerState: change to CANDIDATE, lastRpcTime:4ms, electionTimeout:4ms
2019-10-17 06:30:57,368 [Thread-1830] INFO  impl.RoleInfo (RoleInfo.java:shutdownFollowerState(121)) - 0f256f10-8056-416e-a2a4-dd085f6c7864: shutdown FollowerState
2019-10-17 06:30:57,368 [Thread-1830] INFO  impl.RaftServerImpl (RaftServerImpl.java:setRole(184)) - 0f256f10-8056-416e-a2a4-dd085f6c7864@group-9ED9FEE0098D: changes role from  FOLLOWER to CANDIDATE at term 59 for changeToCandidate
2019-10-17 06:30:57,368 [Thread-1830] INFO  impl.RoleInfo (RoleInfo.java:updateAndGet(143)) - 0f256f10-8056-416e-a2a4-dd085f6c7864: start LeaderElection
2019-10-17 06:30:57,388 [0f256f10-8056-416e-a2a4-dd085f6c7864@group-9ED9FEE0098D-LeaderElection71] INFO  impl.LeaderElection (LeaderElection.java:askForVotes(178)) - 0f256f10-8056-416e-a2a4-dd085f6c7864@group-9ED9FEE0098D-LeaderElection71: begin an election at term 60 for -1: [2f64f904-2283-4e96-b4e2-6c9018f13084:192.168.34.62:40373, 0f256f10-8056-416e-a2a4-dd085f6c7864:192.168.34.62:35674, 07fb1a7b-fe02-4a56-ac24-3020e88d4db0:192.168.34.62:46434], old=null
2019-10-17 06:30:57,389 [grpc-default-executor-5] INFO  impl.RaftServerImpl (RaftServerImpl.java:setRole(184)) - 2f64f904-2283-4e96-b4e2-6c9018f13084@group-9ED9FEE0098D: changes role from  FOLLOWER to FOLLOWER at term 60 for recognizeCandidate:0f256f10-8056-416e-a2a4-dd085f6c7864
2019-10-17 06:30:57,389 [grpc-default-executor-1] INFO  impl.RaftServerImpl (RaftServerImpl.java:setRole(184)) - 07fb1a7b-fe02-4a56-ac24-3020e88d4db0@group-9ED9FEE0098D: changes role from  FOLLOWER to FOLLOWER at term 60 for recognizeCandidate:0f256f10-8056-416e-a2a4-dd085f6c7864
2019-10-17 06:30:57,390 [grpc-default-executor-5] INFO  impl.RoleInfo (RoleInfo.java:shutdownFollowerState(121)) - 2f64f904-2283-4e96-b4e2-6c9018f13084: shutdown FollowerState
2019-10-17 06:30:57,390 [grpc-default-executor-1] INFO  impl.RoleInfo (RoleInfo.java:shutdownFollowerState(121)) - 07fb1a7b-fe02-4a56-ac24-3020e88d4db0: shutdown FollowerState
2019-10-17 06:30:57,390 [Thread-1828] INFO  impl.FollowerState (FollowerState.java:run(117)) - 2f64f904-2283-4e96-b4e2-6c9018f13084@group-9ED9FEE0098D-FollowerState was interrupted: java.lang.InterruptedException: sleep interrupted
2019-10-17 06:30:57,390 [grpc-default-executor-5] INFO  impl.RoleInfo (RoleInfo.java:updateAndGet(143)) - 2f64f904-2283-4e96-b4e2-6c9018f13084: start FollowerState
2019-10-17 06:30:57,390 [Thread-1829] INFO  impl.FollowerState (FollowerState.java:run(117)) - 07fb1a7b-fe02-4a56-ac24-3020e88d4db0@group-9ED9FEE0098D-FollowerState was interrupted: java.lang.InterruptedException: sleep interrupted
2019-10-17 06:30:57,390 [grpc-default-executor-1] INFO  impl.RoleInfo (RoleInfo.java:updateAndGet(143)) - 07fb1a7b-fe02-4a56-ac24-3020e88d4db0: start FollowerState
2019-10-17 06:30:57,426 [0f256f10-8056-416e-a2a4-dd085f6c7864@group-9ED9FEE0098D-LeaderElection71] INFO  impl.LeaderElection (LeaderElection.java:logAndReturn(56)) - 0f256f10-8056-416e-a2a4-dd085f6c7864@group-9ED9FEE0098D-LeaderElection71: Election REJECTED; received 2 response(s) [0f256f10-8056-416e-a2a4-dd085f6c7864<-2f64f904-2283-4e96-b4e2-6c9018f13084#0:FAIL-t60, 0f256f10-8056-416e-a2a4-dd085f6c7864<-07fb1a7b-fe02-4a56-ac24-3020e88d4db0#0:FAIL-t60] and 0 exception(s); 0f256f10-8056-416e-a2a4-dd085f6c7864@group-9ED9FEE0098D:t60, leader=null, voted=0f256f10-8056-416e-a2a4-dd085f6c7864, raftlog=0f256f10-8056-416e-a2a4-dd085f6c7864@group-9ED9FEE0098D-SegmentedRaftLog:OPENED:c-1,f-1,i0, conf=-1: [2f64f904-2283-4e96-b4e2-6c9018f13084:192.168.34.62:40373, 0f256f10-8056-416e-a2a4-dd085f6c7864:192.168.34.62:35674, 07fb1a7b-fe02-4a56-ac24-3020e88d4db0:192.168.34.62:46434], old=null
2019-10-17 06:30:57,426 [0f256f10-8056-416e-a2a4-dd085f6c7864@group-9ED9FEE0098D-LeaderElection71] INFO  impl.RaftServerImpl (RaftServerImpl.java:setRole(184)) - 0f256f10-8056-416e-a2a4-dd085f6c7864@group-9ED9FEE0098D: changes role from CANDIDATE to FOLLOWER at term 60 for DISCOVERED_A_NEW_TERM
2019-10-17 06:30:57,426 [0f256f10-8056-416e-a2a4-dd085f6c7864@group-9ED9FEE0098D-LeaderElection71] INFO  impl.RoleInfo (RoleInfo.java:shutdownLeaderElection(134)) - 0f256f10-8056-416e-a2a4-dd085f6c7864: shutdown LeaderElection
2019-10-17 06:30:57,427 [0f256f10-8056-416e-a2a4-dd085f6c7864@group-9ED9FEE0098D-LeaderElection71] INFO  impl.RoleInfo (RoleInfo.java:updateAndGet(143)) - 0f256f10-8056-416e-a2a4-dd085f6c7864: start FollowerState
2019-10-17 06:30:57,482 [Thread-1836] INFO  impl.FollowerState (FollowerState.java:run(108)) - 0f256f10-8056-416e-a2a4-dd085f6c7864@group-9ED9FEE0098D-FollowerState: change to CANDIDATE, lastRpcTime:55ms, electionTimeout:55ms
2019-10-17 06:30:57,482 [Thread-1836] INFO  impl.RoleInfo (RoleInfo.java:shutdownFollowerState(121)) - 0f256f10-8056-416e-a2a4-dd085f6c7864: shutdown FollowerState
2019-10-17 06:30:57,482 [Thread-1836] INFO  impl.RaftServerImpl (RaftServerImpl.java:setRole(184)) - 0f256f10-8056-416e-a2a4-dd085f6c7864@group-9ED9FEE0098D: changes role from  FOLLOWER to CANDIDATE at term 60 for changeToCandidate
2019-10-17 06:30:57,483 [Thread-1836] INFO  impl.RoleInfo (RoleInfo.java:updateAndGet(143)) - 0f256f10-8056-416e-a2a4-dd085f6c7864: start LeaderElection
2019-10-17 06:30:57,634 [Thread-1202] INFO  ozone.MiniOzoneClusterImpl (MiniOzoneClusterImpl.java:lambda$waitForClusterToBeReady$2(164)) - Waiting for 1 number of pipelines out of 4, to report a leader.
2019-10-17 06:30:57,852 [0f256f10-8056-416e-a2a4-dd085f6c7864@group-9ED9FEE0098D-LeaderElection72] INFO  impl.LeaderElection (LeaderElection.java:askForVotes(178)) - 0f256f10-8056-416e-a2a4-dd085f6c7864@group-9ED9FEE0098D-LeaderElection72: begin an election at term 61 for -1: [2f64f904-2283-4e96-b4e2-6c9018f13084:192.168.34.62:40373, 0f256f10-8056-416e-a2a4-dd085f6c7864:192.168.34.62:35674, 07fb1a7b-fe02-4a56-ac24-3020e88d4db0:192.168.34.62:46434], old=null
2019-10-17 06:30:57,855 [grpc-default-executor-5] INFO  impl.RaftServerImpl (RaftServerImpl.java:setRole(184)) - 2f64f904-2283-4e96-b4e2-6c9018f13084@group-9ED9FEE0098D: changes role from  FOLLOWER to FOLLOWER at term 61 for recognizeCandidate:0f256f10-8056-416e-a2a4-dd085f6c7864
2019-10-17 06:30:57,855 [grpc-default-executor-5] INFO  impl.RoleInfo (RoleInfo.java:shutdownFollowerState(121)) - 2f64f904-2283-4e96-b4e2-6c9018f13084: shutdown FollowerState
2019-10-17 06:30:57,855 [grpc-default-executor-5] INFO  impl.RoleInfo (RoleInfo.java:updateAndGet(143)) - 2f64f904-2283-4e96-b4e2-6c9018f13084: start FollowerState
2019-10-17 06:30:57,855 [Thread-1834] INFO  impl.FollowerState (FollowerState.java:run(117)) - 2f64f904-2283-4e96-b4e2-6c9018f13084@group-9ED9FEE0098D-FollowerState was interrupted: java.lang.InterruptedException: sleep interrupted
2019-10-17 06:30:57,855 [grpc-default-executor-1] INFO  impl.RaftServerImpl (RaftServerImpl.java:setRole(184)) - 07fb1a7b-fe02-4a56-ac24-3020e88d4db0@group-9ED9FEE0098D: changes role from  FOLLOWER to FOLLOWER at term 61 for recognizeCandidate:0f256f10-8056-416e-a2a4-dd085f6c7864
2019-10-17 06:30:57,856 [grpc-default-executor-1] INFO  impl.RoleInfo (RoleInfo.java:shutdownFollowerState(121)) - 07fb1a7b-fe02-4a56-ac24-3020e88d4db0: shutdown FollowerState
2019-10-17 06:30:57,856 [grpc-default-executor-1] INFO  impl.RoleInfo (RoleInfo.java:updateAndGet(143)) - 07fb1a7b-fe02-4a56-ac24-3020e88d4db0: start FollowerState
2019-10-17 06:30:57,856 [Thread-1835] INFO  impl.FollowerState (FollowerState.java:run(117)) - 07fb1a7b-fe02-4a56-ac24-3020e88d4db0@group-9ED9FEE0098D-FollowerState was interrupted: java.lang.InterruptedException: sleep interrupted
2019-10-17 06:30:57,878 [0f256f10-8056-416e-a2a4-dd085f6c7864@group-9ED9FEE0098D-LeaderElection72] INFO  impl.LeaderElection (LeaderElection.java:logAndReturn(56)) - 0f256f10-8056-416e-a2a4-dd085f6c7864@group-9ED9FEE0098D-LeaderElection72: Election REJECTED; received 2 response(s) [0f256f10-8056-416e-a2a4-dd085f6c7864<-2f64f904-2283-4e96-b4e2-6c9018f13084#0:FAIL-t61, 0f256f10-8056-416e-a2a4-dd085f6c7864<-07fb1a7b-fe02-4a56-ac24-3020e88d4db0#0:FAIL-t61] and 0 exception(s); 0f256f10-8056-416e-a2a4-dd085f6c7864@group-9ED9FEE0098D:t61, leader=null, voted=0f256f10-8056-416e-a2a4-dd085f6c7864, raftlog=0f256f10-8056-416e-a2a4-dd085f6c7864@group-9ED9FEE0098D-SegmentedRaftLog:OPENED:c-1,f-1,i0, conf=-1: [2f64f904-2283-4e96-b4e2-6c9018f13084:192.168.34.62:40373, 0f256f10-8056-416e-a2a4-dd085f6c7864:192.168.34.62:35674, 07fb1a7b-fe02-4a56-ac24-3020e88d4db0:192.168.34.62:46434], old=null
2019-10-17 06:30:57,878 [0f256f10-8056-416e-a2a4-dd085f6c7864@group-9ED9FEE0098D-LeaderElection72] INFO  impl.RaftServerImpl (RaftServerImpl.java:setRole(184)) - 0f256f10-8056-416e-a2a4-dd085f6c7864@group-9ED9FEE0098D: changes role from CANDIDATE to FOLLOWER at term 61 for DISCOVERED_A_NEW_TERM
2019-10-17 06:30:57,878 [0f256f10-8056-416e-a2a4-dd085f6c7864@group-9ED9FEE0098D-LeaderElection72] INFO  impl.RoleInfo (RoleInfo.java:shutdownLeaderElection(134)) - 0f256f10-8056-416e-a2a4-dd085f6c7864: shutdown LeaderElection
2019-10-17 06:30:57,878 [0f256f10-8056-416e-a2a4-dd085f6c7864@group-9ED9FEE0098D-LeaderElection72] INFO  impl.RoleInfo (RoleInfo.java:updateAndGet(143)) - 0f256f10-8056-416e-a2a4-dd085f6c7864: start FollowerState
2019-10-17 06:30:57,905 [Thread-1842] INFO  impl.FollowerState (FollowerState.java:run(108)) - 0f256f10-8056-416e-a2a4-dd085f6c7864@group-9ED9FEE0098D-FollowerState: change to CANDIDATE, lastRpcTime:26ms, electionTimeout:26ms
2019-10-17 06:30:57,905 [Thread-1842] INFO  impl.RoleInfo (RoleInfo.java:shutdownFollowerState(121)) - 0f256f10-8056-416e-a2a4-dd085f6c7864: shutdown FollowerState
2019-10-17 06:30:57,905 [Thread-1842] INFO  impl.RaftServerImpl (RaftServerImpl.java:setRole(184)) - 0f256f10-8056-416e-a2a4-dd085f6c7864@group-9ED9FEE0098D: changes role from  FOLLOWER to CANDIDATE at term 61 for changeToCandidate
2019-10-17 06:30:57,905 [Thread-1842] INFO  impl.RoleInfo (RoleInfo.java:updateAndGet(143)) - 0f256f10-8056-416e-a2a4-dd085f6c7864: start LeaderElection
2019-10-17 06:30:57,922 [0f256f10-8056-416e-a2a4-dd085f6c7864@group-9ED9FEE0098D-LeaderElection73] INFO  impl.LeaderElection (LeaderElection.java:askForVotes(178)) - 0f256f10-8056-416e-a2a4-dd085f6c7864@group-9ED9FEE0098D-LeaderElection73: begin an election at term 62 for -1: [2f64f904-2283-4e96-b4e2-6c9018f13084:192.168.34.62:40373, 0f256f10-8056-416e-a2a4-dd085f6c7864:192.168.34.62:35674, 07fb1a7b-fe02-4a56-ac24-3020e88d4db0:192.168.34.62:46434], old=null
2019-10-17 06:30:57,924 [grpc-default-executor-1] INFO  impl.RaftServerImpl (RaftServerImpl.java:setRole(184)) - 2f64f904-2283-4e96-b4e2-6c9018f13084@group-9ED9FEE0098D: changes role from  FOLLOWER to FOLLOWER at term 62 for recognizeCandidate:0f256f10-8056-416e-a2a4-dd085f6c7864
2019-10-17 06:30:57,924 [grpc-default-executor-5] INFO  impl.RaftServerImpl (RaftServerImpl.java:setRole(184)) - 07fb1a7b-fe02-4a56-ac24-3020e88d4db0@group-9ED9FEE0098D: changes role from  FOLLOWER to FOLLOWER at term 62 for recognizeCandidate:0f256f10-8056-416e-a2a4-dd085f6c7864
2019-10-17 06:30:57,925 [grpc-default-executor-1] INFO  impl.RoleInfo (RoleInfo.java:shutdownFollowerState(121)) - 2f64f904-2283-4e96-b4e2-6c9018f13084: shutdown FollowerState
2019-10-17 06:30:57,925 [grpc-default-executor-5] INFO  impl.RoleInfo (RoleInfo.java:shutdownFollowerState(121)) - 07fb1a7b-fe02-4a56-ac24-3020e88d4db0: shutdown FollowerState
2019-10-17 06:30:57,925 [grpc-default-executor-1] INFO  impl.RoleInfo (RoleInfo.java:updateAndGet(143)) - 2f64f904-2283-4e96-b4e2-6c9018f13084: start FollowerState
2019-10-17 06:30:57,925 [Thread-1841] INFO  impl.FollowerState (FollowerState.java:run(117)) - 07fb1a7b-fe02-4a56-ac24-3020e88d4db0@group-9ED9FEE0098D-FollowerState was interrupted: java.lang.InterruptedException: sleep interrupted
2019-10-17 06:30:57,925 [grpc-default-executor-5] INFO  impl.RoleInfo (RoleInfo.java:updateAndGet(143)) - 07fb1a7b-fe02-4a56-ac24-3020e88d4db0: start FollowerState
2019-10-17 06:30:57,925 [Thread-1840] INFO  impl.FollowerState (FollowerState.java:run(117)) - 2f64f904-2283-4e96-b4e2-6c9018f13084@group-9ED9FEE0098D-FollowerState was interrupted: java.lang.InterruptedException: sleep interrupted
2019-10-17 06:30:57,948 [0f256f10-8056-416e-a2a4-dd085f6c7864@group-9ED9FEE0098D-LeaderElection73] INFO  impl.LeaderElection (LeaderElection.java:logAndReturn(56)) - 0f256f10-8056-416e-a2a4-dd085f6c7864@group-9ED9FEE0098D-LeaderElection73: Election REJECTED; received 2 response(s) [0f256f10-8056-416e-a2a4-dd085f6c7864<-2f64f904-2283-4e96-b4e2-6c9018f13084#0:FAIL-t62, 0f256f10-8056-416e-a2a4-dd085f6c7864<-07fb1a7b-fe02-4a56-ac24-3020e88d4db0#0:FAIL-t62] and 0 exception(s); 0f256f10-8056-416e-a2a4-dd085f6c7864@group-9ED9FEE0098D:t62, leader=null, voted=0f256f10-8056-416e-a2a4-dd085f6c7864, raftlog=0f256f10-8056-416e-a2a4-dd085f6c7864@group-9ED9FEE0098D-SegmentedRaftLog:OPENED:c-1,f-1,i0, conf=-1: [2f64f904-2283-4e96-b4e2-6c9018f13084:192.168.34.62:40373, 0f256f10-8056-416e-a2a4-dd085f6c7864:192.168.34.62:35674, 07fb1a7b-fe02-4a56-ac24-3020e88d4db0:192.168.34.62:46434], old=null
2019-10-17 06:30:57,948 [0f256f10-8056-416e-a2a4-dd085f6c7864@group-9ED9FEE0098D-LeaderElection73] INFO  impl.RaftServerImpl (RaftServerImpl.java:setRole(184)) - 0f256f10-8056-416e-a2a4-dd085f6c7864@group-9ED9FEE0098D: changes role from CANDIDATE to FOLLOWER at term 62 for DISCOVERED_A_NEW_TERM
2019-10-17 06:30:57,948 [0f256f10-8056-416e-a2a4-dd085f6c7864@group-9ED9FEE0098D-LeaderElection73] INFO  impl.RoleInfo (RoleInfo.java:shutdownLeaderElection(134)) - 0f256f10-8056-416e-a2a4-dd085f6c7864: shutdown LeaderElection
2019-10-17 06:30:57,948 [0f256f10-8056-416e-a2a4-dd085f6c7864@group-9ED9FEE0098D-LeaderElection73] INFO  impl.RoleInfo (RoleInfo.java:updateAndGet(143)) - 0f256f10-8056-416e-a2a4-dd085f6c7864: start FollowerState
2019-10-17 06:30:57,990 [Thread-1848] INFO  impl.FollowerState (FollowerState.java:run(108)) - 0f256f10-8056-416e-a2a4-dd085f6c7864@group-9ED9FEE0098D-FollowerState: change to CANDIDATE, lastRpcTime:41ms, electionTimeout:41ms
2019-10-17 06:30:57,990 [Thread-1848] INFO  impl.RoleInfo (RoleInfo.java:shutdownFollowerState(121)) - 0f256f10-8056-416e-a2a4-dd085f6c7864: shutdown FollowerState
2019-10-17 06:30:57,990 [Thread-1848] INFO  impl.RaftServerImpl (RaftServerImpl.java:setRole(184)) - 0f256f10-8056-416e-a2a4-dd085f6c7864@group-9ED9FEE0098D: changes role from  FOLLOWER to CANDIDATE at term 62 for changeToCandidate
2019-10-17 06:30:57,990 [Thread-1848] INFO  impl.RoleInfo (RoleInfo.java:updateAndGet(143)) - 0f256f10-8056-416e-a2a4-dd085f6c7864: start LeaderElection
2019-10-17 06:30:58,039 [0f256f10-8056-416e-a2a4-dd085f6c7864@group-9ED9FEE0098D-LeaderElection74] INFO  impl.LeaderElection (LeaderElection.java:askForVotes(178)) - 0f256f10-8056-416e-a2a4-dd085f6c7864@group-9ED9FEE0098D-LeaderElection74: begin an election at term 63 for -1: [2f64f904-2283-4e96-b4e2-6c9018f13084:192.168.34.62:40373, 0f256f10-8056-416e-a2a4-dd085f6c7864:192.168.34.62:35674, 07fb1a7b-fe02-4a56-ac24-3020e88d4db0:192.168.34.62:46434], old=null
2019-10-17 06:30:58,042 [grpc-default-executor-5] INFO  impl.RaftServerImpl (RaftServerImpl.java:setRole(184)) - 2f64f904-2283-4e96-b4e2-6c9018f13084@group-9ED9FEE0098D: changes role from  FOLLOWER to FOLLOWER at term 63 for recognizeCandidate:0f256f10-8056-416e-a2a4-dd085f6c7864
2019-10-17 06:30:58,042 [grpc-default-executor-5] INFO  impl.RoleInfo (RoleInfo.java:shutdownFollowerState(121)) - 2f64f904-2283-4e96-b4e2-6c9018f13084: shutdown FollowerState
2019-10-17 06:30:58,042 [grpc-default-executor-5] INFO  impl.RoleInfo (RoleInfo.java:updateAndGet(143)) - 2f64f904-2283-4e96-b4e2-6c9018f13084: start FollowerState
2019-10-17 06:30:58,042 [Thread-1846] INFO  impl.FollowerState (FollowerState.java:run(117)) - 2f64f904-2283-4e96-b4e2-6c9018f13084@group-9ED9FEE0098D-FollowerState was interrupted: java.lang.InterruptedException: sleep interrupted
2019-10-17 06:30:58,042 [grpc-default-executor-1] INFO  impl.RaftServerImpl (RaftServerImpl.java:setRole(184)) - 07fb1a7b-fe02-4a56-ac24-3020e88d4db0@group-9ED9FEE0098D: changes role from  FOLLOWER to FOLLOWER at term 63 for recognizeCandidate:0f256f10-8056-416e-a2a4-dd085f6c7864
2019-10-17 06:30:58,043 [grpc-default-executor-1] INFO  impl.RoleInfo (RoleInfo.java:shutdownFollowerState(121)) - 07fb1a7b-fe02-4a56-ac24-3020e88d4db0: shutdown FollowerState
2019-10-17 06:30:58,043 [grpc-default-executor-1] INFO  impl.RoleInfo (RoleInfo.java:updateAndGet(143)) - 07fb1a7b-fe02-4a56-ac24-3020e88d4db0: start FollowerState
2019-10-17 06:30:58,043 [Thread-1847] INFO  impl.FollowerState (FollowerState.java:run(117)) - 07fb1a7b-fe02-4a56-ac24-3020e88d4db0@group-9ED9FEE0098D-FollowerState was interrupted: java.lang.InterruptedException: sleep interrupted
2019-10-17 06:30:58,087 [0f256f10-8056-416e-a2a4-dd085f6c7864@group-9ED9FEE0098D-LeaderElection74] INFO  impl.LeaderElection (LeaderElection.java:logAndReturn(56)) - 0f256f10-8056-416e-a2a4-dd085f6c7864@group-9ED9FEE0098D-LeaderElection74: Election REJECTED; received 2 response(s) [0f256f10-8056-416e-a2a4-dd085f6c7864<-2f64f904-2283-4e96-b4e2-6c9018f13084#0:FAIL-t63, 0f256f10-8056-416e-a2a4-dd085f6c7864<-07fb1a7b-fe02-4a56-ac24-3020e88d4db0#0:FAIL-t63] and 0 exception(s); 0f256f10-8056-416e-a2a4-dd085f6c7864@group-9ED9FEE0098D:t63, leader=null, voted=0f256f10-8056-416e-a2a4-dd085f6c7864, raftlog=0f256f10-8056-416e-a2a4-dd085f6c7864@group-9ED9FEE0098D-SegmentedRaftLog:OPENED:c-1,f-1,i0, conf=-1: [2f64f904-2283-4e96-b4e2-6c9018f13084:192.168.34.62:40373, 0f256f10-8056-416e-a2a4-dd085f6c7864:192.168.34.62:35674, 07fb1a7b-fe02-4a56-ac24-3020e88d4db0:192.168.34.62:46434], old=null
2019-10-17 06:30:58,087 [0f256f10-8056-416e-a2a4-dd085f6c7864@group-9ED9FEE0098D-LeaderElection74] INFO  impl.RaftServerImpl (RaftServerImpl.java:setRole(184)) - 0f256f10-8056-416e-a2a4-dd085f6c7864@group-9ED9FEE0098D: changes role from CANDIDATE to FOLLOWER at term 63 for DISCOVERED_A_NEW_TERM
2019-10-17 06:30:58,087 [0f256f10-8056-416e-a2a4-dd085f6c7864@group-9ED9FEE0098D-LeaderElection74] INFO  impl.RoleInfo (RoleInfo.java:shutdownLeaderElection(134)) - 0f256f10-8056-416e-a2a4-dd085f6c7864: shutdown LeaderElection
2019-10-17 06:30:58,087 [0f256f10-8056-416e-a2a4-dd085f6c7864@group-9ED9FEE0098D-LeaderElection74] INFO  impl.RoleInfo (RoleInfo.java:updateAndGet(143)) - 0f256f10-8056-416e-a2a4-dd085f6c7864: start FollowerState
2019-10-17 06:30:58,178 [Thread-1854] INFO  impl.FollowerState (FollowerState.java:run(108)) - 0f256f10-8056-416e-a2a4-dd085f6c7864@group-9ED9FEE0098D-FollowerState: change to CANDIDATE, lastRpcTime:90ms, electionTimeout:90ms
2019-10-17 06:30:58,178 [Thread-1854] INFO  impl.RoleInfo (RoleInfo.java:shutdownFollowerState(121)) - 0f256f10-8056-416e-a2a4-dd085f6c7864: shutdown FollowerState
2019-10-17 06:30:58,178 [Thread-1854] INFO  impl.RaftServerImpl (RaftServerImpl.java:setRole(184)) - 0f256f10-8056-416e-a2a4-dd085f6c7864@group-9ED9FEE0098D: changes role from  FOLLOWER to CANDIDATE at term 63 for changeToCandidate
2019-10-17 06:30:58,178 [Thread-1854] INFO  impl.RoleInfo (RoleInfo.java:updateAndGet(143)) - 0f256f10-8056-416e-a2a4-dd085f6c7864: start LeaderElection
2019-10-17 06:30:58,212 [0f256f10-8056-416e-a2a4-dd085f6c7864@group-9ED9FEE0098D-LeaderElection75] INFO  impl.LeaderElection (LeaderElection.java:askForVotes(178)) - 0f256f10-8056-416e-a2a4-dd085f6c7864@group-9ED9FEE0098D-LeaderElection75: begin an election at term 64 for -1: [2f64f904-2283-4e96-b4e2-6c9018f13084:192.168.34.62:40373, 0f256f10-8056-416e-a2a4-dd085f6c7864:192.168.34.62:35674, 07fb1a7b-fe02-4a56-ac24-3020e88d4db0:192.168.34.62:46434], old=null
2019-10-17 06:30:58,214 [grpc-default-executor-5] INFO  impl.RaftServerImpl (RaftServerImpl.java:setRole(184)) - 2f64f904-2283-4e96-b4e2-6c9018f13084@group-9ED9FEE0098D: changes role from  FOLLOWER to FOLLOWER at term 64 for recognizeCandidate:0f256f10-8056-416e-a2a4-dd085f6c7864
2019-10-17 06:30:58,214 [grpc-default-executor-5] INFO  impl.RoleInfo (RoleInfo.java:shutdownFollowerState(121)) - 2f64f904-2283-4e96-b4e2-6c9018f13084: shutdown FollowerState
2019-10-17 06:30:58,215 [grpc-default-executor-5] INFO  impl.RoleInfo (RoleInfo.java:updateAndGet(143)) - 2f64f904-2283-4e96-b4e2-6c9018f13084: start FollowerState
2019-10-17 06:30:58,215 [grpc-default-executor-1] INFO  impl.RaftServerImpl (RaftServerImpl.java:setRole(184)) - 07fb1a7b-fe02-4a56-ac24-3020e88d4db0@group-9ED9FEE0098D: changes role from  FOLLOWER to FOLLOWER at term 64 for recognizeCandidate:0f256f10-8056-416e-a2a4-dd085f6c7864
2019-10-17 06:30:58,215 [grpc-default-executor-1] INFO  impl.RoleInfo (RoleInfo.java:shutdownFollowerState(121)) - 07fb1a7b-fe02-4a56-ac24-3020e88d4db0: shutdown FollowerState
2019-10-17 06:30:58,215 [Thread-1852] INFO  impl.FollowerState (FollowerState.java:run(117)) - 2f64f904-2283-4e96-b4e2-6c9018f13084@group-9ED9FEE0098D-FollowerState was interrupted: java.lang.InterruptedException: sleep interrupted
2019-10-17 06:30:58,215 [Thread-1853] INFO  impl.FollowerState (FollowerState.java:run(117)) - 07fb1a7b-fe02-4a56-ac24-3020e88d4db0@group-9ED9FEE0098D-FollowerState was interrupted: java.lang.InterruptedException: sleep interrupted
2019-10-17 06:30:58,215 [grpc-default-executor-1] INFO  impl.RoleInfo (RoleInfo.java:updateAndGet(143)) - 07fb1a7b-fe02-4a56-ac24-3020e88d4db0: start FollowerState
2019-10-17 06:30:58,286 [0f256f10-8056-416e-a2a4-dd085f6c7864@group-9ED9FEE0098D-LeaderElection75] INFO  impl.LeaderElection (LeaderElection.java:logAndReturn(56)) - 0f256f10-8056-416e-a2a4-dd085f6c7864@group-9ED9FEE0098D-LeaderElection75: Election REJECTED; received 2 response(s) [0f256f10-8056-416e-a2a4-dd085f6c7864<-2f64f904-2283-4e96-b4e2-6c9018f13084#0:FAIL-t64, 0f256f10-8056-416e-a2a4-dd085f6c7864<-07fb1a7b-fe02-4a56-ac24-3020e88d4db0#0:FAIL-t64] and 0 exception(s); 0f256f10-8056-416e-a2a4-dd085f6c7864@group-9ED9FEE0098D:t64, leader=null, voted=0f256f10-8056-416e-a2a4-dd085f6c7864, raftlog=0f256f10-8056-416e-a2a4-dd085f6c7864@group-9ED9FEE0098D-SegmentedRaftLog:OPENED:c-1,f-1,i0, conf=-1: [2f64f904-2283-4e96-b4e2-6c9018f13084:192.168.34.62:40373, 0f256f10-8056-416e-a2a4-dd085f6c7864:192.168.34.62:35674, 07fb1a7b-fe02-4a56-ac24-3020e88d4db0:192.168.34.62:46434], old=null
2019-10-17 06:30:58,286 [0f256f10-8056-416e-a2a4-dd085f6c7864@group-9ED9FEE0098D-LeaderElection75] INFO  impl.RaftServerImpl (RaftServerImpl.java:setRole(184)) - 0f256f10-8056-416e-a2a4-dd085f6c7864@group-9ED9FEE0098D: changes role from CANDIDATE to FOLLOWER at term 64 for DISCOVERED_A_NEW_TERM
2019-10-17 06:30:58,287 [0f256f10-8056-416e-a2a4-dd085f6c7864@group-9ED9FEE0098D-LeaderElection75] INFO  impl.RoleInfo (RoleInfo.java:shutdownLeaderElection(134)) - 0f256f10-8056-416e-a2a4-dd085f6c7864: shutdown LeaderElection
2019-10-17 06:30:58,287 [0f256f10-8056-416e-a2a4-dd085f6c7864@group-9ED9FEE0098D-LeaderElection75] INFO  impl.RoleInfo (RoleInfo.java:updateAndGet(143)) - 0f256f10-8056-416e-a2a4-dd085f6c7864: start FollowerState
2019-10-17 06:30:58,440 [Thread-1860] INFO  impl.FollowerState (FollowerState.java:run(108)) - 0f256f10-8056-416e-a2a4-dd085f6c7864@group-9ED9FEE0098D-FollowerState: change to CANDIDATE, lastRpcTime:153ms, electionTimeout:153ms
2019-10-17 06:30:58,440 [Thread-1860] INFO  impl.RoleInfo (RoleInfo.java:shutdownFollowerState(121)) - 0f256f10-8056-416e-a2a4-dd085f6c7864: shutdown FollowerState
2019-10-17 06:30:58,441 [Thread-1860] INFO  impl.RaftServerImpl (RaftServerImpl.java:setRole(184)) - 0f256f10-8056-416e-a2a4-dd085f6c7864@group-9ED9FEE0098D: changes role from  FOLLOWER to CANDIDATE at term 64 for changeToCandidate
2019-10-17 06:30:58,441 [Thread-1860] INFO  impl.RoleInfo (RoleInfo.java:updateAndGet(143)) - 0f256f10-8056-416e-a2a4-dd085f6c7864: start LeaderElection
2019-10-17 06:30:58,498 [0f256f10-8056-416e-a2a4-dd085f6c7864@group-9ED9FEE0098D-LeaderElection76] INFO  impl.LeaderElection (LeaderElection.java:askForVotes(178)) - 0f256f10-8056-416e-a2a4-dd085f6c7864@group-9ED9FEE0098D-LeaderElection76: begin an election at term 65 for -1: [2f64f904-2283-4e96-b4e2-6c9018f13084:192.168.34.62:40373, 0f256f10-8056-416e-a2a4-dd085f6c7864:192.168.34.62:35674, 07fb1a7b-fe02-4a56-ac24-3020e88d4db0:192.168.34.62:46434], old=null
2019-10-17 06:30:58,501 [grpc-default-executor-5] INFO  impl.RaftServerImpl (RaftServerImpl.java:setRole(184)) - 07fb1a7b-fe02-4a56-ac24-3020e88d4db0@group-9ED9FEE0098D: changes role from  FOLLOWER to FOLLOWER at term 65 for recognizeCandidate:0f256f10-8056-416e-a2a4-dd085f6c7864
2019-10-17 06:30:58,501 [grpc-default-executor-5] INFO  impl.RoleInfo (RoleInfo.java:shutdownFollowerState(121)) - 07fb1a7b-fe02-4a56-ac24-3020e88d4db0: shutdown FollowerState
2019-10-17 06:30:58,501 [grpc-default-executor-1] INFO  impl.RaftServerImpl (RaftServerImpl.java:setRole(184)) - 2f64f904-2283-4e96-b4e2-6c9018f13084@group-9ED9FEE0098D: changes role from  FOLLOWER to FOLLOWER at term 65 for recognizeCandidate:0f256f10-8056-416e-a2a4-dd085f6c7864
2019-10-17 06:30:58,501 [Thread-1859] INFO  impl.FollowerState (FollowerState.java:run(117)) - 07fb1a7b-fe02-4a56-ac24-3020e88d4db0@group-9ED9FEE0098D-FollowerState was interrupted: java.lang.InterruptedException: sleep interrupted
2019-10-17 06:30:58,501 [grpc-default-executor-5] INFO  impl.RoleInfo (RoleInfo.java:updateAndGet(143)) - 07fb1a7b-fe02-4a56-ac24-3020e88d4db0: start FollowerState
2019-10-17 06:30:58,501 [grpc-default-executor-1] INFO  impl.RoleInfo (RoleInfo.java:shutdownFollowerState(121)) - 2f64f904-2283-4e96-b4e2-6c9018f13084: shutdown FollowerState
2019-10-17 06:30:58,502 [grpc-default-executor-1] INFO  impl.RoleInfo (RoleInfo.java:updateAndGet(143)) - 2f64f904-2283-4e96-b4e2-6c9018f13084: start FollowerState
2019-10-17 06:30:58,502 [Thread-1858] INFO  impl.FollowerState (FollowerState.java:run(117)) - 2f64f904-2283-4e96-b4e2-6c9018f13084@group-9ED9FEE0098D-FollowerState was interrupted: java.lang.InterruptedException: sleep interrupted
2019-10-17 06:30:58,527 [0f256f10-8056-416e-a2a4-dd085f6c7864@group-9ED9FEE0098D-LeaderElection76] INFO  impl.LeaderElection (LeaderElection.java:logAndReturn(56)) - 0f256f10-8056-416e-a2a4-dd085f6c7864@group-9ED9FEE0098D-LeaderElection76: Election TIMEOUT; received 0 response(s) [] and 0 exception(s); 0f256f10-8056-416e-a2a4-dd085f6c7864@group-9ED9FEE0098D:t65, leader=null, voted=0f256f10-8056-416e-a2a4-dd085f6c7864, raftlog=0f256f10-8056-416e-a2a4-dd085f6c7864@group-9ED9FEE0098D-SegmentedRaftLog:OPENED:c-1,f-1,i0, conf=-1: [2f64f904-2283-4e96-b4e2-6c9018f13084:192.168.34.62:40373, 0f256f10-8056-416e-a2a4-dd085f6c7864:192.168.34.62:35674, 07fb1a7b-fe02-4a56-ac24-3020e88d4db0:192.168.34.62:46434], old=null
2019-10-17 06:30:58,569 [0f256f10-8056-416e-a2a4-dd085f6c7864@group-9ED9FEE0098D-LeaderElection76] INFO  impl.LeaderElection (LeaderElection.java:askForVotes(178)) - 0f256f10-8056-416e-a2a4-dd085f6c7864@group-9ED9FEE0098D-LeaderElection76: begin an election at term 66 for -1: [2f64f904-2283-4e96-b4e2-6c9018f13084:192.168.34.62:40373, 0f256f10-8056-416e-a2a4-dd085f6c7864:192.168.34.62:35674, 07fb1a7b-fe02-4a56-ac24-3020e88d4db0:192.168.34.62:46434], old=null
2019-10-17 06:30:58,571 [grpc-default-executor-1] INFO  impl.RaftServerImpl (RaftServerImpl.java:setRole(184)) - 07fb1a7b-fe02-4a56-ac24-3020e88d4db0@group-9ED9FEE0098D: changes role from  FOLLOWER to FOLLOWER at term 66 for recognizeCandidate:0f256f10-8056-416e-a2a4-dd085f6c7864
2019-10-17 06:30:58,571 [grpc-default-executor-1] INFO  impl.RoleInfo (RoleInfo.java:shutdownFollowerState(121)) - 07fb1a7b-fe02-4a56-ac24-3020e88d4db0: shutdown FollowerState
2019-10-17 06:30:58,572 [grpc-default-executor-1] INFO  impl.RoleInfo (RoleInfo.java:updateAndGet(143)) - 07fb1a7b-fe02-4a56-ac24-3020e88d4db0: start FollowerState
2019-10-17 06:30:58,572 [Thread-1864] INFO  impl.FollowerState (FollowerState.java:run(117)) - 07fb1a7b-fe02-4a56-ac24-3020e88d4db0@group-9ED9FEE0098D-FollowerState was interrupted: java.lang.InterruptedException: sleep interrupted
2019-10-17 06:30:58,572 [grpc-default-executor-5] INFO  impl.RaftServerImpl (RaftServerImpl.java:setRole(184)) - 2f64f904-2283-4e96-b4e2-6c9018f13084@group-9ED9FEE0098D: changes role from  FOLLOWER to FOLLOWER at term 66 for recognizeCandidate:0f256f10-8056-416e-a2a4-dd085f6c7864
2019-10-17 06:30:58,572 [grpc-default-executor-5] INFO  impl.RoleInfo (RoleInfo.java:shutdownFollowerState(121)) - 2f64f904-2283-4e96-b4e2-6c9018f13084: shutdown FollowerState
2019-10-17 06:30:58,572 [grpc-default-executor-5] INFO  impl.RoleInfo (RoleInfo.java:updateAndGet(143)) - 2f64f904-2283-4e96-b4e2-6c9018f13084: start FollowerState
2019-10-17 06:30:58,572 [Thread-1865] INFO  impl.FollowerState (FollowerState.java:run(117)) - 2f64f904-2283-4e96-b4e2-6c9018f13084@group-9ED9FEE0098D-FollowerState was interrupted: java.lang.InterruptedException: sleep interrupted
2019-10-17 06:30:58,590 [0f256f10-8056-416e-a2a4-dd085f6c7864@group-9ED9FEE0098D-LeaderElection76] INFO  impl.LeaderElection (LeaderElection.java:logAndReturn(56)) - 0f256f10-8056-416e-a2a4-dd085f6c7864@group-9ED9FEE0098D-LeaderElection76: Election REJECTED; received 2 response(s) [0f256f10-8056-416e-a2a4-dd085f6c7864<-2f64f904-2283-4e96-b4e2-6c9018f13084#0:FAIL-t66, 0f256f10-8056-416e-a2a4-dd085f6c7864<-07fb1a7b-fe02-4a56-ac24-3020e88d4db0#0:FAIL-t66] and 0 exception(s); 0f256f10-8056-416e-a2a4-dd085f6c7864@group-9ED9FEE0098D:t66, leader=null, voted=0f256f10-8056-416e-a2a4-dd085f6c7864, raftlog=0f256f10-8056-416e-a2a4-dd085f6c7864@group-9ED9FEE0098D-SegmentedRaftLog:OPENED:c-1,f-1,i0, conf=-1: [2f64f904-2283-4e96-b4e2-6c9018f13084:192.168.34.62:40373, 0f256f10-8056-416e-a2a4-dd085f6c7864:192.168.34.62:35674, 07fb1a7b-fe02-4a56-ac24-3020e88d4db0:192.168.34.62:46434], old=null
2019-10-17 06:30:58,590 [0f256f10-8056-416e-a2a4-dd085f6c7864@group-9ED9FEE0098D-LeaderElection76] INFO  impl.RaftServerImpl (RaftServerImpl.java:setRole(184)) - 0f256f10-8056-416e-a2a4-dd085f6c7864@group-9ED9FEE0098D: changes role from CANDIDATE to FOLLOWER at term 66 for DISCOVERED_A_NEW_TERM
2019-10-17 06:30:58,590 [0f256f10-8056-416e-a2a4-dd085f6c7864@group-9ED9FEE0098D-LeaderElection76] INFO  impl.RoleInfo (RoleInfo.java:shutdownLeaderElection(134)) - 0f256f10-8056-416e-a2a4-dd085f6c7864: shutdown LeaderElection
2019-10-17 06:30:58,590 [0f256f10-8056-416e-a2a4-dd085f6c7864@group-9ED9FEE0098D-LeaderElection76] INFO  impl.RoleInfo (RoleInfo.java:updateAndGet(143)) - 0f256f10-8056-416e-a2a4-dd085f6c7864: start FollowerState
2019-10-17 06:30:58,635 [Thread-1202] INFO  ozone.MiniOzoneClusterImpl (MiniOzoneClusterImpl.java:lambda$waitForClusterToBeReady$2(164)) - Waiting for 1 number of pipelines out of 4, to report a leader.
2019-10-17 06:30:58,735 [Thread-1870] INFO  impl.FollowerState (FollowerState.java:run(108)) - 0f256f10-8056-416e-a2a4-dd085f6c7864@group-9ED9FEE0098D-FollowerState: change to CANDIDATE, lastRpcTime:144ms, electionTimeout:144ms
2019-10-17 06:30:58,735 [Thread-1870] INFO  impl.RoleInfo (RoleInfo.java:shutdownFollowerState(121)) - 0f256f10-8056-416e-a2a4-dd085f6c7864: shutdown FollowerState
2019-10-17 06:30:58,735 [Thread-1870] INFO  impl.RaftServerImpl (RaftServerImpl.java:setRole(184)) - 0f256f10-8056-416e-a2a4-dd085f6c7864@group-9ED9FEE0098D: changes role from  FOLLOWER to CANDIDATE at term 66 for changeToCandidate
2019-10-17 06:30:58,736 [Thread-1870] INFO  impl.RoleInfo (RoleInfo.java:updateAndGet(143)) - 0f256f10-8056-416e-a2a4-dd085f6c7864: start LeaderElection
2019-10-17 06:30:58,764 [0f256f10-8056-416e-a2a4-dd085f6c7864@group-9ED9FEE0098D-LeaderElection77] INFO  impl.LeaderElection (LeaderElection.java:askForVotes(178)) - 0f256f10-8056-416e-a2a4-dd085f6c7864@group-9ED9FEE0098D-LeaderElection77: begin an election at term 67 for -1: [2f64f904-2283-4e96-b4e2-6c9018f13084:192.168.34.62:40373, 0f256f10-8056-416e-a2a4-dd085f6c7864:192.168.34.62:35674, 07fb1a7b-fe02-4a56-ac24-3020e88d4db0:192.168.34.62:46434], old=null
2019-10-17 06:30:58,767 [grpc-default-executor-5] INFO  impl.RaftServerImpl (RaftServerImpl.java:setRole(184)) - 2f64f904-2283-4e96-b4e2-6c9018f13084@group-9ED9FEE0098D: changes role from  FOLLOWER to FOLLOWER at term 67 for recognizeCandidate:0f256f10-8056-416e-a2a4-dd085f6c7864
2019-10-17 06:30:58,767 [grpc-default-executor-1] INFO  impl.RaftServerImpl (RaftServerImpl.java:setRole(184)) - 07fb1a7b-fe02-4a56-ac24-3020e88d4db0@group-9ED9FEE0098D: changes role from  FOLLOWER to FOLLOWER at term 67 for recognizeCandidate:0f256f10-8056-416e-a2a4-dd085f6c7864
2019-10-17 06:30:58,767 [grpc-default-executor-5] INFO  impl.RoleInfo (RoleInfo.java:shutdownFollowerState(121)) - 2f64f904-2283-4e96-b4e2-6c9018f13084: shutdown FollowerState
2019-10-17 06:30:58,767 [grpc-default-executor-1] INFO  impl.RoleInfo (RoleInfo.java:shutdownFollowerState(121)) - 07fb1a7b-fe02-4a56-ac24-3020e88d4db0: shutdown FollowerState
2019-10-17 06:30:58,767 [grpc-default-executor-5] INFO  impl.RoleInfo (RoleInfo.java:updateAndGet(143)) - 2f64f904-2283-4e96-b4e2-6c9018f13084: start FollowerState
2019-10-17 06:30:58,767 [Thread-1868] INFO  impl.FollowerState (FollowerState.java:run(117)) - 07fb1a7b-fe02-4a56-ac24-3020e88d4db0@group-9ED9FEE0098D-FollowerState was interrupted: java.lang.InterruptedException: sleep interrupted
2019-10-17 06:30:58,767 [Thread-1869] INFO  impl.FollowerState (FollowerState.java:run(117)) - 2f64f904-2283-4e96-b4e2-6c9018f13084@group-9ED9FEE0098D-FollowerState was interrupted: java.lang.InterruptedException: sleep interrupted
2019-10-17 06:30:58,767 [grpc-default-executor-1] INFO  impl.RoleInfo (RoleInfo.java:updateAndGet(143)) - 07fb1a7b-fe02-4a56-ac24-3020e88d4db0: start FollowerState
2019-10-17 06:30:58,824 [0f256f10-8056-416e-a2a4-dd085f6c7864@group-9ED9FEE0098D-LeaderElection77] INFO  impl.LeaderElection (LeaderElection.java:logAndReturn(56)) - 0f256f10-8056-416e-a2a4-dd085f6c7864@group-9ED9FEE0098D-LeaderElection77: Election TIMEOUT; received 0 response(s) [] and 0 exception(s); 0f256f10-8056-416e-a2a4-dd085f6c7864@group-9ED9FEE0098D:t67, leader=null, voted=0f256f10-8056-416e-a2a4-dd085f6c7864, raftlog=0f256f10-8056-416e-a2a4-dd085f6c7864@group-9ED9FEE0098D-SegmentedRaftLog:OPENED:c-1,f-1,i0, conf=-1: [2f64f904-2283-4e96-b4e2-6c9018f13084:192.168.34.62:40373, 0f256f10-8056-416e-a2a4-dd085f6c7864:192.168.34.62:35674, 07fb1a7b-fe02-4a56-ac24-3020e88d4db0:192.168.34.62:46434], old=null
2019-10-17 06:30:58,868 [0f256f10-8056-416e-a2a4-dd085f6c7864@group-9ED9FEE0098D-LeaderElection77] INFO  impl.LeaderElection (LeaderElection.java:askForVotes(178)) - 0f256f10-8056-416e-a2a4-dd085f6c7864@group-9ED9FEE0098D-LeaderElection77: begin an election at term 68 for -1: [2f64f904-2283-4e96-b4e2-6c9018f13084:192.168.34.62:40373, 0f256f10-8056-416e-a2a4-dd085f6c7864:192.168.34.62:35674, 07fb1a7b-fe02-4a56-ac24-3020e88d4db0:192.168.34.62:46434], old=null
2019-10-17 06:30:58,871 [grpc-default-executor-1] INFO  impl.RaftServerImpl (RaftServerImpl.java:setRole(184)) - 07fb1a7b-fe02-4a56-ac24-3020e88d4db0@group-9ED9FEE0098D: changes role from  FOLLOWER to FOLLOWER at term 68 for recognizeCandidate:0f256f10-8056-416e-a2a4-dd085f6c7864
2019-10-17 06:30:58,871 [grpc-default-executor-5] INFO  impl.RaftServerImpl (RaftServerImpl.java:setRole(184)) - 2f64f904-2283-4e96-b4e2-6c9018f13084@group-9ED9FEE0098D: changes role from  FOLLOWER to FOLLOWER at term 68 for recognizeCandidate:0f256f10-8056-416e-a2a4-dd085f6c7864
2019-10-17 06:30:58,871 [grpc-default-executor-5] INFO  impl.RoleInfo (RoleInfo.java:shutdownFollowerState(121)) - 2f64f904-2283-4e96-b4e2-6c9018f13084: shutdown FollowerState
2019-10-17 06:30:58,871 [grpc-default-executor-1] INFO  impl.RoleInfo (RoleInfo.java:shutdownFollowerState(121)) - 07fb1a7b-fe02-4a56-ac24-3020e88d4db0: shutdown FollowerState
2019-10-17 06:30:58,871 [Thread-1874] INFO  impl.FollowerState (FollowerState.java:run(117)) - 2f64f904-2283-4e96-b4e2-6c9018f13084@group-9ED9FEE0098D-FollowerState was interrupted: java.lang.InterruptedException: sleep interrupted
2019-10-17 06:30:58,871 [Thread-1875] INFO  impl.FollowerState (FollowerState.java:run(117)) - 07fb1a7b-fe02-4a56-ac24-3020e88d4db0@group-9ED9FEE0098D-FollowerState was interrupted: java.lang.InterruptedException: sleep interrupted
2019-10-17 06:30:58,871 [grpc-default-executor-1] INFO  impl.RoleInfo (RoleInfo.java:updateAndGet(143)) - 07fb1a7b-fe02-4a56-ac24-3020e88d4db0: start FollowerState
2019-10-17 06:30:58,871 [grpc-default-executor-5] INFO  impl.RoleInfo (RoleInfo.java:updateAndGet(143)) - 2f64f904-2283-4e96-b4e2-6c9018f13084: start FollowerState
2019-10-17 06:30:58,932 [0f256f10-8056-416e-a2a4-dd085f6c7864@group-9ED9FEE0098D-LeaderElection77] INFO  impl.LeaderElection (LeaderElection.java:logAndReturn(56)) - 0f256f10-8056-416e-a2a4-dd085f6c7864@group-9ED9FEE0098D-LeaderElection77: Election REJECTED; received 2 response(s) [0f256f10-8056-416e-a2a4-dd085f6c7864<-2f64f904-2283-4e96-b4e2-6c9018f13084#0:FAIL-t68, 0f256f10-8056-416e-a2a4-dd085f6c7864<-07fb1a7b-fe02-4a56-ac24-3020e88d4db0#0:FAIL-t68] and 0 exception(s); 0f256f10-8056-416e-a2a4-dd085f6c7864@group-9ED9FEE0098D:t68, leader=null, voted=0f256f10-8056-416e-a2a4-dd085f6c7864, raftlog=0f256f10-8056-416e-a2a4-dd085f6c7864@group-9ED9FEE0098D-SegmentedRaftLog:OPENED:c-1,f-1,i0, conf=-1: [2f64f904-2283-4e96-b4e2-6c9018f13084:192.168.34.62:40373, 0f256f10-8056-416e-a2a4-dd085f6c7864:192.168.34.62:35674, 07fb1a7b-fe02-4a56-ac24-3020e88d4db0:192.168.34.62:46434], old=null
2019-10-17 06:30:58,932 [0f256f10-8056-416e-a2a4-dd085f6c7864@group-9ED9FEE0098D-LeaderElection77] INFO  impl.RaftServerImpl (RaftServerImpl.java:setRole(184)) - 0f256f10-8056-416e-a2a4-dd085f6c7864@group-9ED9FEE0098D: changes role from CANDIDATE to FOLLOWER at term 68 for DISCOVERED_A_NEW_TERM
2019-10-17 06:30:58,932 [0f256f10-8056-416e-a2a4-dd085f6c7864@group-9ED9FEE0098D-LeaderElection77] INFO  impl.RoleInfo (RoleInfo.java:shutdownLeaderElection(134)) - 0f256f10-8056-416e-a2a4-dd085f6c7864: shutdown LeaderElection
2019-10-17 06:30:58,932 [0f256f10-8056-416e-a2a4-dd085f6c7864@group-9ED9FEE0098D-LeaderElection77] INFO  impl.RoleInfo (RoleInfo.java:updateAndGet(143)) - 0f256f10-8056-416e-a2a4-dd085f6c7864: start FollowerState
2019-10-17 06:30:59,036 [Thread-1880] INFO  impl.FollowerState (FollowerState.java:run(108)) - 0f256f10-8056-416e-a2a4-dd085f6c7864@group-9ED9FEE0098D-FollowerState: change to CANDIDATE, lastRpcTime:103ms, electionTimeout:103ms
2019-10-17 06:30:59,036 [Thread-1880] INFO  impl.RoleInfo (RoleInfo.java:shutdownFollowerState(121)) - 0f256f10-8056-416e-a2a4-dd085f6c7864: shutdown FollowerState
2019-10-17 06:30:59,036 [Thread-1880] INFO  impl.RaftServerImpl (RaftServerImpl.java:setRole(184)) - 0f256f10-8056-416e-a2a4-dd085f6c7864@group-9ED9FEE0098D: changes role from  FOLLOWER to CANDIDATE at term 68 for changeToCandidate
2019-10-17 06:30:59,036 [Thread-1880] INFO  impl.RoleInfo (RoleInfo.java:updateAndGet(143)) - 0f256f10-8056-416e-a2a4-dd085f6c7864: start LeaderElection
2019-10-17 06:30:59,101 [0f256f10-8056-416e-a2a4-dd085f6c7864@group-9ED9FEE0098D-LeaderElection78] INFO  impl.LeaderElection (LeaderElection.java:askForVotes(178)) - 0f256f10-8056-416e-a2a4-dd085f6c7864@group-9ED9FEE0098D-LeaderElection78: begin an election at term 69 for -1: [2f64f904-2283-4e96-b4e2-6c9018f13084:192.168.34.62:40373, 0f256f10-8056-416e-a2a4-dd085f6c7864:192.168.34.62:35674, 07fb1a7b-fe02-4a56-ac24-3020e88d4db0:192.168.34.62:46434], old=null
2019-10-17 06:30:59,104 [grpc-default-executor-1] INFO  impl.RaftServerImpl (RaftServerImpl.java:setRole(184)) - 07fb1a7b-fe02-4a56-ac24-3020e88d4db0@group-9ED9FEE0098D: changes role from  FOLLOWER to FOLLOWER at term 69 for recognizeCandidate:0f256f10-8056-416e-a2a4-dd085f6c7864
2019-10-17 06:30:59,104 [grpc-default-executor-5] INFO  impl.RaftServerImpl (RaftServerImpl.java:setRole(184)) - 2f64f904-2283-4e96-b4e2-6c9018f13084@group-9ED9FEE0098D: changes role from  FOLLOWER to FOLLOWER at term 69 for recognizeCandidate:0f256f10-8056-416e-a2a4-dd085f6c7864
2019-10-17 06:30:59,104 [grpc-default-executor-1] INFO  impl.RoleInfo (RoleInfo.java:shutdownFollowerState(121)) - 07fb1a7b-fe02-4a56-ac24-3020e88d4db0: shutdown FollowerState
2019-10-17 06:30:59,105 [grpc-default-executor-5] INFO  impl.RoleInfo (RoleInfo.java:shutdownFollowerState(121)) - 2f64f904-2283-4e96-b4e2-6c9018f13084: shutdown FollowerState
2019-10-17 06:30:59,105 [Thread-1879] INFO  impl.FollowerState (FollowerState.java:run(117)) - 07fb1a7b-fe02-4a56-ac24-3020e88d4db0@group-9ED9FEE0098D-FollowerState was interrupted: java.lang.InterruptedException: sleep interrupted
2019-10-17 06:30:59,105 [grpc-default-executor-1] INFO  impl.RoleInfo (RoleInfo.java:updateAndGet(143)) - 07fb1a7b-fe02-4a56-ac24-3020e88d4db0: start FollowerState
2019-10-17 06:30:59,105 [Thread-1878] INFO  impl.FollowerState (FollowerState.java:run(117)) - 2f64f904-2283-4e96-b4e2-6c9018f13084@group-9ED9FEE0098D-FollowerState was interrupted: java.lang.InterruptedException: sleep interrupted
2019-10-17 06:30:59,105 [grpc-default-executor-5] INFO  impl.RoleInfo (RoleInfo.java:updateAndGet(143)) - 2f64f904-2283-4e96-b4e2-6c9018f13084: start FollowerState
2019-10-17 06:30:59,144 [0f256f10-8056-416e-a2a4-dd085f6c7864@group-9ED9FEE0098D-LeaderElection78] INFO  impl.LeaderElection (LeaderElection.java:logAndReturn(56)) - 0f256f10-8056-416e-a2a4-dd085f6c7864@group-9ED9FEE0098D-LeaderElection78: Election TIMEOUT; received 0 response(s) [] and 0 exception(s); 0f256f10-8056-416e-a2a4-dd085f6c7864@group-9ED9FEE0098D:t69, leader=null, voted=0f256f10-8056-416e-a2a4-dd085f6c7864, raftlog=0f256f10-8056-416e-a2a4-dd085f6c7864@group-9ED9FEE0098D-SegmentedRaftLog:OPENED:c-1,f-1,i0, conf=-1: [2f64f904-2283-4e96-b4e2-6c9018f13084:192.168.34.62:40373, 0f256f10-8056-416e-a2a4-dd085f6c7864:192.168.34.62:35674, 07fb1a7b-fe02-4a56-ac24-3020e88d4db0:192.168.34.62:46434], old=null
2019-10-17 06:30:59,205 [0f256f10-8056-416e-a2a4-dd085f6c7864@group-9ED9FEE0098D-LeaderElection78] INFO  impl.LeaderElection (LeaderElection.java:askForVotes(178)) - 0f256f10-8056-416e-a2a4-dd085f6c7864@group-9ED9FEE0098D-LeaderElection78: begin an election at term 70 for -1: [2f64f904-2283-4e96-b4e2-6c9018f13084:192.168.34.62:40373, 0f256f10-8056-416e-a2a4-dd085f6c7864:192.168.34.62:35674, 07fb1a7b-fe02-4a56-ac24-3020e88d4db0:192.168.34.62:46434], old=null
2019-10-17 06:30:59,207 [grpc-default-executor-1] INFO  impl.RaftServerImpl (RaftServerImpl.java:setRole(184)) - 07fb1a7b-fe02-4a56-ac24-3020e88d4db0@group-9ED9FEE0098D: changes role from  FOLLOWER to FOLLOWER at term 70 for recognizeCandidate:0f256f10-8056-416e-a2a4-dd085f6c7864
2019-10-17 06:30:59,207 [grpc-default-executor-5] INFO  impl.RaftServerImpl (RaftServerImpl.java:setRole(184)) - 2f64f904-2283-4e96-b4e2-6c9018f13084@group-9ED9FEE0098D: changes role from  FOLLOWER to FOLLOWER at term 70 for recognizeCandidate:0f256f10-8056-416e-a2a4-dd085f6c7864
2019-10-17 06:30:59,207 [grpc-default-executor-5] INFO  impl.RoleInfo (RoleInfo.java:shutdownFollowerState(121)) - 2f64f904-2283-4e96-b4e2-6c9018f13084: shutdown FollowerState
2019-10-17 06:30:59,207 [grpc-default-executor-1] INFO  impl.RoleInfo (RoleInfo.java:shutdownFollowerState(121)) - 07fb1a7b-fe02-4a56-ac24-3020e88d4db0: shutdown FollowerState
2019-10-17 06:30:59,208 [Thread-1885] INFO  impl.FollowerState (FollowerState.java:run(117)) - 2f64f904-2283-4e96-b4e2-6c9018f13084@group-9ED9FEE0098D-FollowerState was interrupted: java.lang.InterruptedException: sleep interrupted
2019-10-17 06:30:59,208 [grpc-default-executor-5] INFO  impl.RoleInfo (RoleInfo.java:updateAndGet(143)) - 2f64f904-2283-4e96-b4e2-6c9018f13084: start FollowerState
2019-10-17 06:30:59,208 [grpc-default-executor-1] INFO  impl.RoleInfo (RoleInfo.java:updateAndGet(143)) - 07fb1a7b-fe02-4a56-ac24-3020e88d4db0: start FollowerState
2019-10-17 06:30:59,208 [Thread-1884] INFO  impl.FollowerState (FollowerState.java:run(117)) - 07fb1a7b-fe02-4a56-ac24-3020e88d4db0@group-9ED9FEE0098D-FollowerState was interrupted: java.lang.InterruptedException: sleep interrupted
2019-10-17 06:30:59,252 [0f256f10-8056-416e-a2a4-dd085f6c7864@group-9ED9FEE0098D-LeaderElection78] INFO  impl.LeaderElection (LeaderElection.java:logAndReturn(56)) - 0f256f10-8056-416e-a2a4-dd085f6c7864@group-9ED9FEE0098D-LeaderElection78: Election REJECTED; received 2 response(s) [0f256f10-8056-416e-a2a4-dd085f6c7864<-2f64f904-2283-4e96-b4e2-6c9018f13084#0:FAIL-t70, 0f256f10-8056-416e-a2a4-dd085f6c7864<-07fb1a7b-fe02-4a56-ac24-3020e88d4db0#0:FAIL-t70] and 0 exception(s); 0f256f10-8056-416e-a2a4-dd085f6c7864@group-9ED9FEE0098D:t70, leader=null, voted=0f256f10-8056-416e-a2a4-dd085f6c7864, raftlog=0f256f10-8056-416e-a2a4-dd085f6c7864@group-9ED9FEE0098D-SegmentedRaftLog:OPENED:c-1,f-1,i0, conf=-1: [2f64f904-2283-4e96-b4e2-6c9018f13084:192.168.34.62:40373, 0f256f10-8056-416e-a2a4-dd085f6c7864:192.168.34.62:35674, 07fb1a7b-fe02-4a56-ac24-3020e88d4db0:192.168.34.62:46434], old=null
2019-10-17 06:30:59,252 [0f256f10-8056-416e-a2a4-dd085f6c7864@group-9ED9FEE0098D-LeaderElection78] INFO  impl.RaftServerImpl (RaftServerImpl.java:setRole(184)) - 0f256f10-8056-416e-a2a4-dd085f6c7864@group-9ED9FEE0098D: changes role from CANDIDATE to FOLLOWER at term 70 for DISCOVERED_A_NEW_TERM
2019-10-17 06:30:59,252 [0f256f10-8056-416e-a2a4-dd085f6c7864@group-9ED9FEE0098D-LeaderElection78] INFO  impl.RoleInfo (RoleInfo.java:shutdownLeaderElection(134)) - 0f256f10-8056-416e-a2a4-dd085f6c7864: shutdown LeaderElection
2019-10-17 06:30:59,253 [0f256f10-8056-416e-a2a4-dd085f6c7864@group-9ED9FEE0098D-LeaderElection78] INFO  impl.RoleInfo (RoleInfo.java:updateAndGet(143)) - 0f256f10-8056-416e-a2a4-dd085f6c7864: start FollowerState
2019-10-17 06:30:59,342 [Thread-1890] INFO  impl.FollowerState (FollowerState.java:run(108)) - 0f256f10-8056-416e-a2a4-dd085f6c7864@group-9ED9FEE0098D-FollowerState: change to CANDIDATE, lastRpcTime:89ms, electionTimeout:89ms
2019-10-17 06:30:59,342 [Thread-1890] INFO  impl.RoleInfo (RoleInfo.java:shutdownFollowerState(121)) - 0f256f10-8056-416e-a2a4-dd085f6c7864: shutdown FollowerState
2019-10-17 06:30:59,342 [Thread-1890] INFO  impl.RaftServerImpl (RaftServerImpl.java:setRole(184)) - 0f256f10-8056-416e-a2a4-dd085f6c7864@group-9ED9FEE0098D: changes role from  FOLLOWER to CANDIDATE at term 70 for changeToCandidate
2019-10-17 06:30:59,343 [Thread-1890] INFO  impl.RoleInfo (RoleInfo.java:updateAndGet(143)) - 0f256f10-8056-416e-a2a4-dd085f6c7864: start LeaderElection
2019-10-17 06:30:59,415 [0f256f10-8056-416e-a2a4-dd085f6c7864@group-9ED9FEE0098D-LeaderElection79] INFO  impl.LeaderElection (LeaderElection.java:askForVotes(178)) - 0f256f10-8056-416e-a2a4-dd085f6c7864@group-9ED9FEE0098D-LeaderElection79: begin an election at term 71 for -1: [2f64f904-2283-4e96-b4e2-6c9018f13084:192.168.34.62:40373, 0f256f10-8056-416e-a2a4-dd085f6c7864:192.168.34.62:35674, 07fb1a7b-fe02-4a56-ac24-3020e88d4db0:192.168.34.62:46434], old=null
2019-10-17 06:30:59,418 [grpc-default-executor-5] INFO  impl.RaftServerImpl (RaftServerImpl.java:setRole(184)) - 2f64f904-2283-4e96-b4e2-6c9018f13084@group-9ED9FEE0098D: changes role from  FOLLOWER to FOLLOWER at term 71 for recognizeCandidate:0f256f10-8056-416e-a2a4-dd085f6c7864
2019-10-17 06:30:59,418 [grpc-default-executor-1] INFO  impl.RaftServerImpl (RaftServerImpl.java:setRole(184)) - 07fb1a7b-fe02-4a56-ac24-3020e88d4db0@group-9ED9FEE0098D: changes role from  FOLLOWER to FOLLOWER at term 71 for recognizeCandidate:0f256f10-8056-416e-a2a4-dd085f6c7864
2019-10-17 06:30:59,418 [grpc-default-executor-5] INFO  impl.RoleInfo (RoleInfo.java:shutdownFollowerState(121)) - 2f64f904-2283-4e96-b4e2-6c9018f13084: shutdown FollowerState
2019-10-17 06:30:59,419 [grpc-default-executor-1] INFO  impl.RoleInfo (RoleInfo.java:shutdownFollowerState(121)) - 07fb1a7b-fe02-4a56-ac24-3020e88d4db0: shutdown FollowerState
2019-10-17 06:30:59,419 [Thread-1888] INFO  impl.FollowerState (FollowerState.java:run(117)) - 2f64f904-2283-4e96-b4e2-6c9018f13084@group-9ED9FEE0098D-FollowerState was interrupted: java.lang.InterruptedException: sleep interrupted
2019-10-17 06:30:59,419 [grpc-default-executor-5] INFO  impl.RoleInfo (RoleInfo.java:updateAndGet(143)) - 2f64f904-2283-4e96-b4e2-6c9018f13084: start FollowerState
2019-10-17 06:30:59,419 [Thread-1889] INFO  impl.FollowerState (FollowerState.java:run(117)) - 07fb1a7b-fe02-4a56-ac24-3020e88d4db0@group-9ED9FEE0098D-FollowerState was interrupted: java.lang.InterruptedException: sleep interrupted
2019-10-17 06:30:59,419 [grpc-default-executor-1] INFO  impl.RoleInfo (RoleInfo.java:updateAndGet(143)) - 07fb1a7b-fe02-4a56-ac24-3020e88d4db0: start FollowerState
2019-10-17 06:30:59,432 [0f256f10-8056-416e-a2a4-dd085f6c7864@group-9ED9FEE0098D-LeaderElection79] INFO  impl.LeaderElection (LeaderElection.java:logAndReturn(56)) - 0f256f10-8056-416e-a2a4-dd085f6c7864@group-9ED9FEE0098D-LeaderElection79: Election TIMEOUT; received 0 response(s) [] and 0 exception(s); 0f256f10-8056-416e-a2a4-dd085f6c7864@group-9ED9FEE0098D:t71, leader=null, voted=0f256f10-8056-416e-a2a4-dd085f6c7864, raftlog=0f256f10-8056-416e-a2a4-dd085f6c7864@group-9ED9FEE0098D-SegmentedRaftLog:OPENED:c-1,f-1,i0, conf=-1: [2f64f904-2283-4e96-b4e2-6c9018f13084:192.168.34.62:40373, 0f256f10-8056-416e-a2a4-dd085f6c7864:192.168.34.62:35674, 07fb1a7b-fe02-4a56-ac24-3020e88d4db0:192.168.34.62:46434], old=null
2019-10-17 06:30:59,524 [0f256f10-8056-416e-a2a4-dd085f6c7864@group-9ED9FEE0098D-LeaderElection79] INFO  impl.LeaderElection (LeaderElection.java:askForVotes(178)) - 0f256f10-8056-416e-a2a4-dd085f6c7864@group-9ED9FEE0098D-LeaderElection79: begin an election at term 72 for -1: [2f64f904-2283-4e96-b4e2-6c9018f13084:192.168.34.62:40373, 0f256f10-8056-416e-a2a4-dd085f6c7864:192.168.34.62:35674, 07fb1a7b-fe02-4a56-ac24-3020e88d4db0:192.168.34.62:46434], old=null
2019-10-17 06:30:59,526 [grpc-default-executor-5] INFO  impl.RaftServerImpl (RaftServerImpl.java:setRole(184)) - 07fb1a7b-fe02-4a56-ac24-3020e88d4db0@group-9ED9FEE0098D: changes role from  FOLLOWER to FOLLOWER at term 72 for recognizeCandidate:0f256f10-8056-416e-a2a4-dd085f6c7864
2019-10-17 06:30:59,526 [grpc-default-executor-1] INFO  impl.RaftServerImpl (RaftServerImpl.java:setRole(184)) - 2f64f904-2283-4e96-b4e2-6c9018f13084@group-9ED9FEE0098D: changes role from  FOLLOWER to FOLLOWER at term 72 for recognizeCandidate:0f256f10-8056-416e-a2a4-dd085f6c7864
2019-10-17 06:30:59,526 [grpc-default-executor-5] INFO  impl.RoleInfo (RoleInfo.java:shutdownFollowerState(121)) - 07fb1a7b-fe02-4a56-ac24-3020e88d4db0: shutdown FollowerState
2019-10-17 06:30:59,527 [grpc-default-executor-1] INFO  impl.RoleInfo (RoleInfo.java:shutdownFollowerState(121)) - 2f64f904-2283-4e96-b4e2-6c9018f13084: shutdown FollowerState
2019-10-17 06:30:59,527 [Thread-1895] INFO  impl.FollowerState (FollowerState.java:run(117)) - 07fb1a7b-fe02-4a56-ac24-3020e88d4db0@group-9ED9FEE0098D-FollowerState was interrupted: java.lang.InterruptedException: sleep interrupted
2019-10-17 06:30:59,527 [grpc-default-executor-5] INFO  impl.RoleInfo (RoleInfo.java:updateAndGet(143)) - 07fb1a7b-fe02-4a56-ac24-3020e88d4db0: start FollowerState
2019-10-17 06:30:59,527 [Thread-1894] INFO  impl.FollowerState (FollowerState.java:run(117)) - 2f64f904-2283-4e96-b4e2-6c9018f13084@group-9ED9FEE0098D-FollowerState was interrupted: java.lang.InterruptedException: sleep interrupted
2019-10-17 06:30:59,527 [grpc-default-executor-1] INFO  impl.RoleInfo (RoleInfo.java:updateAndGet(143)) - 2f64f904-2283-4e96-b4e2-6c9018f13084: start FollowerState
2019-10-17 06:30:59,553 [0f256f10-8056-416e-a2a4-dd085f6c7864@group-9ED9FEE0098D-LeaderElection79] INFO  impl.LeaderElection (LeaderElection.java:logAndReturn(56)) - 0f256f10-8056-416e-a2a4-dd085f6c7864@group-9ED9FEE0098D-LeaderElection79: Election TIMEOUT; received 0 response(s) [] and 0 exception(s); 0f256f10-8056-416e-a2a4-dd085f6c7864@group-9ED9FEE0098D:t72, leader=null, voted=0f256f10-8056-416e-a2a4-dd085f6c7864, raftlog=0f256f10-8056-416e-a2a4-dd085f6c7864@group-9ED9FEE0098D-SegmentedRaftLog:OPENED:c-1,f-1,i0, conf=-1: [2f64f904-2283-4e96-b4e2-6c9018f13084:192.168.34.62:40373, 0f256f10-8056-416e-a2a4-dd085f6c7864:192.168.34.62:35674, 07fb1a7b-fe02-4a56-ac24-3020e88d4db0:192.168.34.62:46434], old=null
2019-10-17 06:30:59,578 [0f256f10-8056-416e-a2a4-dd085f6c7864@group-9ED9FEE0098D-LeaderElection79] INFO  impl.LeaderElection (LeaderElection.java:askForVotes(178)) - 0f256f10-8056-416e-a2a4-dd085f6c7864@group-9ED9FEE0098D-LeaderElection79: begin an election at term 73 for -1: [2f64f904-2283-4e96-b4e2-6c9018f13084:192.168.34.62:40373, 0f256f10-8056-416e-a2a4-dd085f6c7864:192.168.34.62:35674, 07fb1a7b-fe02-4a56-ac24-3020e88d4db0:192.168.34.62:46434], old=null
2019-10-17 06:30:59,582 [grpc-default-executor-1] INFO  impl.RaftServerImpl (RaftServerImpl.java:setRole(184)) - 07fb1a7b-fe02-4a56-ac24-3020e88d4db0@group-9ED9FEE0098D: changes role from  FOLLOWER to FOLLOWER at term 73 for recognizeCandidate:0f256f10-8056-416e-a2a4-dd085f6c7864
2019-10-17 06:30:59,582 [grpc-default-executor-5] INFO  impl.RaftServerImpl (RaftServerImpl.java:setRole(184)) - 2f64f904-2283-4e96-b4e2-6c9018f13084@group-9ED9FEE0098D: changes role from  FOLLOWER to FOLLOWER at term 73 for recognizeCandidate:0f256f10-8056-416e-a2a4-dd085f6c7864
2019-10-17 06:30:59,582 [grpc-default-executor-1] INFO  impl.RoleInfo (RoleInfo.java:shutdownFollowerState(121)) - 07fb1a7b-fe02-4a56-ac24-3020e88d4db0: shutdown FollowerState
2019-10-17 06:30:59,582 [grpc-default-executor-5] INFO  impl.RoleInfo (RoleInfo.java:shutdownFollowerState(121)) - 2f64f904-2283-4e96-b4e2-6c9018f13084: shutdown FollowerState
2019-10-17 06:30:59,582 [Thread-1898] INFO  impl.FollowerState (FollowerState.java:run(117)) - 07fb1a7b-fe02-4a56-ac24-3020e88d4db0@group-9ED9FEE0098D-FollowerState was interrupted: java.lang.InterruptedException: sleep interrupted
2019-10-17 06:30:59,582 [grpc-default-executor-1] INFO  impl.RoleInfo (RoleInfo.java:updateAndGet(143)) - 07fb1a7b-fe02-4a56-ac24-3020e88d4db0: start FollowerState
2019-10-17 06:30:59,582 [Thread-1899] INFO  impl.FollowerState (FollowerState.java:run(117)) - 2f64f904-2283-4e96-b4e2-6c9018f13084@group-9ED9FEE0098D-FollowerState was interrupted: java.lang.InterruptedException: sleep interrupted
2019-10-17 06:30:59,582 [grpc-default-executor-5] INFO  impl.RoleInfo (RoleInfo.java:updateAndGet(143)) - 2f64f904-2283-4e96-b4e2-6c9018f13084: start FollowerState
2019-10-17 06:30:59,635 [Thread-1202] INFO  ozone.MiniOzoneClusterImpl (MiniOzoneClusterImpl.java:lambda$waitForClusterToBeReady$2(164)) - Waiting for 1 number of pipelines out of 4, to report a leader.
2019-10-17 06:30:59,649 [0f256f10-8056-416e-a2a4-dd085f6c7864@group-9ED9FEE0098D-LeaderElection79] INFO  impl.LeaderElection (LeaderElection.java:logAndReturn(56)) - 0f256f10-8056-416e-a2a4-dd085f6c7864@group-9ED9FEE0098D-LeaderElection79: Election REJECTED; received 2 response(s) [0f256f10-8056-416e-a2a4-dd085f6c7864<-2f64f904-2283-4e96-b4e2-6c9018f13084#0:FAIL-t73, 0f256f10-8056-416e-a2a4-dd085f6c7864<-07fb1a7b-fe02-4a56-ac24-3020e88d4db0#0:FAIL-t73] and 0 exception(s); 0f256f10-8056-416e-a2a4-dd085f6c7864@group-9ED9FEE0098D:t73, leader=null, voted=0f256f10-8056-416e-a2a4-dd085f6c7864, raftlog=0f256f10-8056-416e-a2a4-dd085f6c7864@group-9ED9FEE0098D-SegmentedRaftLog:OPENED:c-1,f-1,i0, conf=-1: [2f64f904-2283-4e96-b4e2-6c9018f13084:192.168.34.62:40373, 0f256f10-8056-416e-a2a4-dd085f6c7864:192.168.34.62:35674, 07fb1a7b-fe02-4a56-ac24-3020e88d4db0:192.168.34.62:46434], old=null
2019-10-17 06:30:59,649 [0f256f10-8056-416e-a2a4-dd085f6c7864@group-9ED9FEE0098D-LeaderElection79] INFO  impl.RaftServerImpl (RaftServerImpl.java:setRole(184)) - 0f256f10-8056-416e-a2a4-dd085f6c7864@group-9ED9FEE0098D: changes role from CANDIDATE to FOLLOWER at term 73 for DISCOVERED_A_NEW_TERM
2019-10-17 06:30:59,649 [0f256f10-8056-416e-a2a4-dd085f6c7864@group-9ED9FEE0098D-LeaderElection79] INFO  impl.RoleInfo (RoleInfo.java:shutdownLeaderElection(134)) - 0f256f10-8056-416e-a2a4-dd085f6c7864: shutdown LeaderElection
2019-10-17 06:30:59,650 [0f256f10-8056-416e-a2a4-dd085f6c7864@group-9ED9FEE0098D-LeaderElection79] INFO  impl.RoleInfo (RoleInfo.java:updateAndGet(143)) - 0f256f10-8056-416e-a2a4-dd085f6c7864: start FollowerState
2019-10-17 06:30:59,717 [Thread-1904] INFO  impl.FollowerState (FollowerState.java:run(108)) - 0f256f10-8056-416e-a2a4-dd085f6c7864@group-9ED9FEE0098D-FollowerState: change to CANDIDATE, lastRpcTime:67ms, electionTimeout:67ms
2019-10-17 06:30:59,717 [Thread-1904] INFO  impl.RoleInfo (RoleInfo.java:shutdownFollowerState(121)) - 0f256f10-8056-416e-a2a4-dd085f6c7864: shutdown FollowerState
2019-10-17 06:30:59,717 [Thread-1904] INFO  impl.RaftServerImpl (RaftServerImpl.java:setRole(184)) - 0f256f10-8056-416e-a2a4-dd085f6c7864@group-9ED9FEE0098D: changes role from  FOLLOWER to CANDIDATE at term 73 for changeToCandidate
2019-10-17 06:30:59,717 [Thread-1904] INFO  impl.RoleInfo (RoleInfo.java:updateAndGet(143)) - 0f256f10-8056-416e-a2a4-dd085f6c7864: start LeaderElection
2019-10-17 06:30:59,736 [0f256f10-8056-416e-a2a4-dd085f6c7864@group-9ED9FEE0098D-LeaderElection80] INFO  impl.LeaderElection (LeaderElection.java:askForVotes(178)) - 0f256f10-8056-416e-a2a4-dd085f6c7864@group-9ED9FEE0098D-LeaderElection80: begin an election at term 74 for -1: [2f64f904-2283-4e96-b4e2-6c9018f13084:192.168.34.62:40373, 0f256f10-8056-416e-a2a4-dd085f6c7864:192.168.34.62:35674, 07fb1a7b-fe02-4a56-ac24-3020e88d4db0:192.168.34.62:46434], old=null
2019-10-17 06:30:59,739 [grpc-default-executor-1] INFO  impl.RaftServerImpl (RaftServerImpl.java:setRole(184)) - 07fb1a7b-fe02-4a56-ac24-3020e88d4db0@group-9ED9FEE0098D: changes role from  FOLLOWER to FOLLOWER at term 74 for recognizeCandidate:0f256f10-8056-416e-a2a4-dd085f6c7864
2019-10-17 06:30:59,739 [grpc-default-executor-5] INFO  impl.RaftServerImpl (RaftServerImpl.java:setRole(184)) - 2f64f904-2283-4e96-b4e2-6c9018f13084@group-9ED9FEE0098D: changes role from  FOLLOWER to FOLLOWER at term 74 for recognizeCandidate:0f256f10-8056-416e-a2a4-dd085f6c7864
2019-10-17 06:30:59,739 [grpc-default-executor-1] INFO  impl.RoleInfo (RoleInfo.java:shutdownFollowerState(121)) - 07fb1a7b-fe02-4a56-ac24-3020e88d4db0: shutdown FollowerState
2019-10-17 06:30:59,739 [grpc-default-executor-5] INFO  impl.RoleInfo (RoleInfo.java:shutdownFollowerState(121)) - 2f64f904-2283-4e96-b4e2-6c9018f13084: shutdown FollowerState
2019-10-17 06:30:59,739 [Thread-1902] INFO  impl.FollowerState (FollowerState.java:run(117)) - 07fb1a7b-fe02-4a56-ac24-3020e88d4db0@group-9ED9FEE0098D-FollowerState was interrupted: java.lang.InterruptedException: sleep interrupted
2019-10-17 06:30:59,739 [grpc-default-executor-1] INFO  impl.RoleInfo (RoleInfo.java:updateAndGet(143)) - 07fb1a7b-fe02-4a56-ac24-3020e88d4db0: start FollowerState
2019-10-17 06:30:59,739 [grpc-default-executor-5] INFO  impl.RoleInfo (RoleInfo.java:updateAndGet(143)) - 2f64f904-2283-4e96-b4e2-6c9018f13084: start FollowerState
2019-10-17 06:30:59,739 [Thread-1903] INFO  impl.FollowerState (FollowerState.java:run(117)) - 2f64f904-2283-4e96-b4e2-6c9018f13084@group-9ED9FEE0098D-FollowerState was interrupted: java.lang.InterruptedException: sleep interrupted
2019-10-17 06:30:59,790 [0f256f10-8056-416e-a2a4-dd085f6c7864@group-9ED9FEE0098D-LeaderElection80] INFO  impl.LeaderElection (LeaderElection.java:logAndReturn(56)) - 0f256f10-8056-416e-a2a4-dd085f6c7864@group-9ED9FEE0098D-LeaderElection80: Election REJECTED; received 2 response(s) [0f256f10-8056-416e-a2a4-dd085f6c7864<-2f64f904-2283-4e96-b4e2-6c9018f13084#0:FAIL-t74, 0f256f10-8056-416e-a2a4-dd085f6c7864<-07fb1a7b-fe02-4a56-ac24-3020e88d4db0#0:FAIL-t74] and 0 exception(s); 0f256f10-8056-416e-a2a4-dd085f6c7864@group-9ED9FEE0098D:t74, leader=null, voted=0f256f10-8056-416e-a2a4-dd085f6c7864, raftlog=0f256f10-8056-416e-a2a4-dd085f6c7864@group-9ED9FEE0098D-SegmentedRaftLog:OPENED:c-1,f-1,i0, conf=-1: [2f64f904-2283-4e96-b4e2-6c9018f13084:192.168.34.62:40373, 0f256f10-8056-416e-a2a4-dd085f6c7864:192.168.34.62:35674, 07fb1a7b-fe02-4a56-ac24-3020e88d4db0:192.168.34.62:46434], old=null
2019-10-17 06:30:59,790 [0f256f10-8056-416e-a2a4-dd085f6c7864@group-9ED9FEE0098D-LeaderElection80] INFO  impl.RaftServerImpl (RaftServerImpl.java:setRole(184)) - 0f256f10-8056-416e-a2a4-dd085f6c7864@group-9ED9FEE0098D: changes role from CANDIDATE to FOLLOWER at term 74 for DISCOVERED_A_NEW_TERM
2019-10-17 06:30:59,791 [0f256f10-8056-416e-a2a4-dd085f6c7864@group-9ED9FEE0098D-LeaderElection80] INFO  impl.RoleInfo (RoleInfo.java:shutdownLeaderElection(134)) - 0f256f10-8056-416e-a2a4-dd085f6c7864: shutdown LeaderElection
2019-10-17 06:30:59,791 [0f256f10-8056-416e-a2a4-dd085f6c7864@group-9ED9FEE0098D-LeaderElection80] INFO  impl.RoleInfo (RoleInfo.java:updateAndGet(143)) - 0f256f10-8056-416e-a2a4-dd085f6c7864: start FollowerState
2019-10-17 06:30:59,840 [Thread-1910] INFO  impl.FollowerState (FollowerState.java:run(108)) - 0f256f10-8056-416e-a2a4-dd085f6c7864@group-9ED9FEE0098D-FollowerState: change to CANDIDATE, lastRpcTime:48ms, electionTimeout:48ms
2019-10-17 06:30:59,840 [Thread-1910] INFO  impl.RoleInfo (RoleInfo.java:shutdownFollowerState(121)) - 0f256f10-8056-416e-a2a4-dd085f6c7864: shutdown FollowerState
2019-10-17 06:30:59,840 [Thread-1910] INFO  impl.RaftServerImpl (RaftServerImpl.java:setRole(184)) - 0f256f10-8056-416e-a2a4-dd085f6c7864@group-9ED9FEE0098D: changes role from  FOLLOWER to CANDIDATE at term 74 for changeToCandidate
2019-10-17 06:30:59,840 [Thread-1910] INFO  impl.RoleInfo (RoleInfo.java:updateAndGet(143)) - 0f256f10-8056-416e-a2a4-dd085f6c7864: start LeaderElection
2019-10-17 06:30:59,864 [0f256f10-8056-416e-a2a4-dd085f6c7864@group-9ED9FEE0098D-LeaderElection81] INFO  impl.LeaderElection (LeaderElection.java:askForVotes(178)) - 0f256f10-8056-416e-a2a4-dd085f6c7864@group-9ED9FEE0098D-LeaderElection81: begin an election at term 75 for -1: [2f64f904-2283-4e96-b4e2-6c9018f13084:192.168.34.62:40373, 0f256f10-8056-416e-a2a4-dd085f6c7864:192.168.34.62:35674, 07fb1a7b-fe02-4a56-ac24-3020e88d4db0:192.168.34.62:46434], old=null
2019-10-17 06:30:59,867 [grpc-default-executor-1] INFO  impl.RaftServerImpl (RaftServerImpl.java:setRole(184)) - 2f64f904-2283-4e96-b4e2-6c9018f13084@group-9ED9FEE0098D: changes role from  FOLLOWER to FOLLOWER at term 75 for recognizeCandidate:0f256f10-8056-416e-a2a4-dd085f6c7864
2019-10-17 06:30:59,867 [grpc-default-executor-5] INFO  impl.RaftServerImpl (RaftServerImpl.java:setRole(184)) - 07fb1a7b-fe02-4a56-ac24-3020e88d4db0@group-9ED9FEE0098D: changes role from  FOLLOWER to FOLLOWER at term 75 for recognizeCandidate:0f256f10-8056-416e-a2a4-dd085f6c7864
2019-10-17 06:30:59,867 [grpc-default-executor-1] INFO  impl.RoleInfo (RoleInfo.java:shutdownFollowerState(121)) - 2f64f904-2283-4e96-b4e2-6c9018f13084: shutdown FollowerState
2019-10-17 06:30:59,867 [0f256f10-8056-416e-a2a4-dd085f6c7864@group-9ED9FEE0098D-LeaderElection81] INFO  impl.LeaderElection (LeaderElection.java:logAndReturn(56)) - 0f256f10-8056-416e-a2a4-dd085f6c7864@group-9ED9FEE0098D-LeaderElection81: Election TIMEOUT; received 0 response(s) [] and 0 exception(s); 0f256f10-8056-416e-a2a4-dd085f6c7864@group-9ED9FEE0098D:t75, leader=null, voted=0f256f10-8056-416e-a2a4-dd085f6c7864, raftlog=0f256f10-8056-416e-a2a4-dd085f6c7864@group-9ED9FEE0098D-SegmentedRaftLog:OPENED:c-1,f-1,i0, conf=-1: [2f64f904-2283-4e96-b4e2-6c9018f13084:192.168.34.62:40373, 0f256f10-8056-416e-a2a4-dd085f6c7864:192.168.34.62:35674, 07fb1a7b-fe02-4a56-ac24-3020e88d4db0:192.168.34.62:46434], old=null
2019-10-17 06:30:59,867 [grpc-default-executor-5] INFO  impl.RoleInfo (RoleInfo.java:shutdownFollowerState(121)) - 07fb1a7b-fe02-4a56-ac24-3020e88d4db0: shutdown FollowerState
2019-10-17 06:30:59,867 [Thread-1909] INFO  impl.FollowerState (FollowerState.java:run(117)) - 2f64f904-2283-4e96-b4e2-6c9018f13084@group-9ED9FEE0098D-FollowerState was interrupted: java.lang.InterruptedException: sleep interrupted
2019-10-17 06:30:59,867 [grpc-default-executor-1] INFO  impl.RoleInfo (RoleInfo.java:updateAndGet(143)) - 2f64f904-2283-4e96-b4e2-6c9018f13084: start FollowerState
2019-10-17 06:30:59,868 [Thread-1908] INFO  impl.FollowerState (FollowerState.java:run(117)) - 07fb1a7b-fe02-4a56-ac24-3020e88d4db0@group-9ED9FEE0098D-FollowerState was interrupted: java.lang.InterruptedException: sleep interrupted
2019-10-17 06:30:59,868 [grpc-default-executor-5] INFO  impl.RoleInfo (RoleInfo.java:updateAndGet(143)) - 07fb1a7b-fe02-4a56-ac24-3020e88d4db0: start FollowerState
2019-10-17 06:30:59,907 [0f256f10-8056-416e-a2a4-dd085f6c7864@group-9ED9FEE0098D-LeaderElection81] INFO  impl.LeaderElection (LeaderElection.java:askForVotes(178)) - 0f256f10-8056-416e-a2a4-dd085f6c7864@group-9ED9FEE0098D-LeaderElection81: begin an election at term 76 for -1: [2f64f904-2283-4e96-b4e2-6c9018f13084:192.168.34.62:40373, 0f256f10-8056-416e-a2a4-dd085f6c7864:192.168.34.62:35674, 07fb1a7b-fe02-4a56-ac24-3020e88d4db0:192.168.34.62:46434], old=null
2019-10-17 06:30:59,909 [grpc-default-executor-1] INFO  impl.RaftServerImpl (RaftServerImpl.java:setRole(184)) - 2f64f904-2283-4e96-b4e2-6c9018f13084@group-9ED9FEE0098D: changes role from  FOLLOWER to FOLLOWER at term 76 for recognizeCandidate:0f256f10-8056-416e-a2a4-dd085f6c7864
2019-10-17 06:30:59,909 [grpc-default-executor-5] INFO  impl.RaftServerImpl (RaftServerImpl.java:setRole(184)) - 07fb1a7b-fe02-4a56-ac24-3020e88d4db0@group-9ED9FEE0098D: changes role from  FOLLOWER to FOLLOWER at term 76 for recognizeCandidate:0f256f10-8056-416e-a2a4-dd085f6c7864
2019-10-17 06:30:59,910 [grpc-default-executor-5] INFO  impl.RoleInfo (RoleInfo.java:shutdownFollowerState(121)) - 07fb1a7b-fe02-4a56-ac24-3020e88d4db0: shutdown FollowerState
2019-10-17 06:30:59,910 [grpc-default-executor-1] INFO  impl.RoleInfo (RoleInfo.java:shutdownFollowerState(121)) - 2f64f904-2283-4e96-b4e2-6c9018f13084: shutdown FollowerState
2019-10-17 06:30:59,910 [Thread-1915] INFO  impl.FollowerState (FollowerState.java:run(117)) - 07fb1a7b-fe02-4a56-ac24-3020e88d4db0@group-9ED9FEE0098D-FollowerState was interrupted: java.lang.InterruptedException: sleep interrupted
2019-10-17 06:30:59,910 [grpc-default-executor-5] INFO  impl.RoleInfo (RoleInfo.java:updateAndGet(143)) - 07fb1a7b-fe02-4a56-ac24-3020e88d4db0: start FollowerState
2019-10-17 06:30:59,910 [Thread-1914] INFO  impl.FollowerState (FollowerState.java:run(117)) - 2f64f904-2283-4e96-b4e2-6c9018f13084@group-9ED9FEE0098D-FollowerState was interrupted: java.lang.InterruptedException: sleep interrupted
2019-10-17 06:30:59,910 [grpc-default-executor-1] INFO  impl.RoleInfo (RoleInfo.java:updateAndGet(143)) - 2f64f904-2283-4e96-b4e2-6c9018f13084: start FollowerState
2019-10-17 06:30:59,936 [0f256f10-8056-416e-a2a4-dd085f6c7864@group-9ED9FEE0098D-LeaderElection81] INFO  impl.LeaderElection (LeaderElection.java:logAndReturn(56)) - 0f256f10-8056-416e-a2a4-dd085f6c7864@group-9ED9FEE0098D-LeaderElection81: Election TIMEOUT; received 0 response(s) [] and 0 exception(s); 0f256f10-8056-416e-a2a4-dd085f6c7864@group-9ED9FEE0098D:t76, leader=null, voted=0f256f10-8056-416e-a2a4-dd085f6c7864, raftlog=0f256f10-8056-416e-a2a4-dd085f6c7864@group-9ED9FEE0098D-SegmentedRaftLog:OPENED:c-1,f-1,i0, conf=-1: [2f64f904-2283-4e96-b4e2-6c9018f13084:192.168.34.62:40373, 0f256f10-8056-416e-a2a4-dd085f6c7864:192.168.34.62:35674, 07fb1a7b-fe02-4a56-ac24-3020e88d4db0:192.168.34.62:46434], old=null
2019-10-17 06:30:59,956 [0f256f10-8056-416e-a2a4-dd085f6c7864@group-9ED9FEE0098D-LeaderElection81] INFO  impl.LeaderElection (LeaderElection.java:askForVotes(178)) - 0f256f10-8056-416e-a2a4-dd085f6c7864@group-9ED9FEE0098D-LeaderElection81: begin an election at term 77 for -1: [2f64f904-2283-4e96-b4e2-6c9018f13084:192.168.34.62:40373, 0f256f10-8056-416e-a2a4-dd085f6c7864:192.168.34.62:35674, 07fb1a7b-fe02-4a56-ac24-3020e88d4db0:192.168.34.62:46434], old=null
2019-10-17 06:30:59,959 [grpc-default-executor-1] INFO  impl.RaftServerImpl (RaftServerImpl.java:setRole(184)) - 2f64f904-2283-4e96-b4e2-6c9018f13084@group-9ED9FEE0098D: changes role from  FOLLOWER to FOLLOWER at term 77 for recognizeCandidate:0f256f10-8056-416e-a2a4-dd085f6c7864
2019-10-17 06:30:59,959 [grpc-default-executor-5] INFO  impl.RaftServerImpl (RaftServerImpl.java:setRole(184)) - 07fb1a7b-fe02-4a56-ac24-3020e88d4db0@group-9ED9FEE0098D: changes role from  FOLLOWER to FOLLOWER at term 77 for recognizeCandidate:0f256f10-8056-416e-a2a4-dd085f6c7864
2019-10-17 06:30:59,959 [grpc-default-executor-1] INFO  impl.RoleInfo (RoleInfo.java:shutdownFollowerState(121)) - 2f64f904-2283-4e96-b4e2-6c9018f13084: shutdown FollowerState
2019-10-17 06:30:59,959 [grpc-default-executor-5] INFO  impl.RoleInfo (RoleInfo.java:shutdownFollowerState(121)) - 07fb1a7b-fe02-4a56-ac24-3020e88d4db0: shutdown FollowerState
2019-10-17 06:30:59,959 [Thread-1919] INFO  impl.FollowerState (FollowerState.java:run(117)) - 2f64f904-2283-4e96-b4e2-6c9018f13084@group-9ED9FEE0098D-FollowerState was interrupted: java.lang.InterruptedException: sleep interrupted
2019-10-17 06:30:59,959 [grpc-default-executor-1] INFO  impl.RoleInfo (RoleInfo.java:updateAndGet(143)) - 2f64f904-2283-4e96-b4e2-6c9018f13084: start FollowerState
2019-10-17 06:30:59,959 [grpc-default-executor-5] INFO  impl.RoleInfo (RoleInfo.java:updateAndGet(143)) - 07fb1a7b-fe02-4a56-ac24-3020e88d4db0: start FollowerState
2019-10-17 06:30:59,959 [Thread-1918] INFO  impl.FollowerState (FollowerState.java:run(117)) - 07fb1a7b-fe02-4a56-ac24-3020e88d4db0@group-9ED9FEE0098D-FollowerState was interrupted: java.lang.InterruptedException: sleep interrupted
2019-10-17 06:30:59,971 [0f256f10-8056-416e-a2a4-dd085f6c7864@group-9ED9FEE0098D-LeaderElection81] INFO  impl.LeaderElection (LeaderElection.java:logAndReturn(56)) - 0f256f10-8056-416e-a2a4-dd085f6c7864@group-9ED9FEE0098D-LeaderElection81: Election REJECTED; received 2 response(s) [0f256f10-8056-416e-a2a4-dd085f6c7864<-2f64f904-2283-4e96-b4e2-6c9018f13084#0:FAIL-t77, 0f256f10-8056-416e-a2a4-dd085f6c7864<-07fb1a7b-fe02-4a56-ac24-3020e88d4db0#0:FAIL-t77] and 0 exception(s); 0f256f10-8056-416e-a2a4-dd085f6c7864@group-9ED9FEE0098D:t77, leader=null, voted=0f256f10-8056-416e-a2a4-dd085f6c7864, raftlog=0f256f10-8056-416e-a2a4-dd085f6c7864@group-9ED9FEE0098D-SegmentedRaftLog:OPENED:c-1,f-1,i0, conf=-1: [2f64f904-2283-4e96-b4e2-6c9018f13084:192.168.34.62:40373, 0f256f10-8056-416e-a2a4-dd085f6c7864:192.168.34.62:35674, 07fb1a7b-fe02-4a56-ac24-3020e88d4db0:192.168.34.62:46434], old=null
2019-10-17 06:30:59,971 [0f256f10-8056-416e-a2a4-dd085f6c7864@group-9ED9FEE0098D-LeaderElection81] INFO  impl.RaftServerImpl (RaftServerImpl.java:setRole(184)) - 0f256f10-8056-416e-a2a4-dd085f6c7864@group-9ED9FEE0098D: changes role from CANDIDATE to FOLLOWER at term 77 for DISCOVERED_A_NEW_TERM
2019-10-17 06:30:59,971 [0f256f10-8056-416e-a2a4-dd085f6c7864@group-9ED9FEE0098D-LeaderElection81] INFO  impl.RoleInfo (RoleInfo.java:shutdownLeaderElection(134)) - 0f256f10-8056-416e-a2a4-dd085f6c7864: shutdown LeaderElection
2019-10-17 06:30:59,971 [0f256f10-8056-416e-a2a4-dd085f6c7864@group-9ED9FEE0098D-LeaderElection81] INFO  impl.RoleInfo (RoleInfo.java:updateAndGet(143)) - 0f256f10-8056-416e-a2a4-dd085f6c7864: start FollowerState
2019-10-17 06:30:59,986 [Thread-1924] INFO  impl.FollowerState (FollowerState.java:run(108)) - 0f256f10-8056-416e-a2a4-dd085f6c7864@group-9ED9FEE0098D-FollowerState: change to CANDIDATE, lastRpcTime:15ms, electionTimeout:15ms
2019-10-17 06:30:59,986 [Thread-1924] INFO  impl.RoleInfo (RoleInfo.java:shutdownFollowerState(121)) - 0f256f10-8056-416e-a2a4-dd085f6c7864: shutdown FollowerState
2019-10-17 06:30:59,987 [Thread-1924] INFO  impl.RaftServerImpl (RaftServerImpl.java:setRole(184)) - 0f256f10-8056-416e-a2a4-dd085f6c7864@group-9ED9FEE0098D: changes role from  FOLLOWER to CANDIDATE at term 77 for changeToCandidate
2019-10-17 06:30:59,987 [Thread-1924] INFO  impl.RoleInfo (RoleInfo.java:updateAndGet(143)) - 0f256f10-8056-416e-a2a4-dd085f6c7864: start LeaderElection
2019-10-17 06:31:00,004 [0f256f10-8056-416e-a2a4-dd085f6c7864@group-9ED9FEE0098D-LeaderElection82] INFO  impl.LeaderElection (LeaderElection.java:askForVotes(178)) - 0f256f10-8056-416e-a2a4-dd085f6c7864@group-9ED9FEE0098D-LeaderElection82: begin an election at term 78 for -1: [2f64f904-2283-4e96-b4e2-6c9018f13084:192.168.34.62:40373, 0f256f10-8056-416e-a2a4-dd085f6c7864:192.168.34.62:35674, 07fb1a7b-fe02-4a56-ac24-3020e88d4db0:192.168.34.62:46434], old=null
2019-10-17 06:31:00,006 [grpc-default-executor-5] INFO  impl.RaftServerImpl (RaftServerImpl.java:setRole(184)) - 2f64f904-2283-4e96-b4e2-6c9018f13084@group-9ED9FEE0098D: changes role from  FOLLOWER to FOLLOWER at term 78 for recognizeCandidate:0f256f10-8056-416e-a2a4-dd085f6c7864
2019-10-17 06:31:00,006 [grpc-default-executor-5] INFO  impl.RoleInfo (RoleInfo.java:shutdownFollowerState(121)) - 2f64f904-2283-4e96-b4e2-6c9018f13084: shutdown FollowerState
2019-10-17 06:31:00,006 [grpc-default-executor-5] INFO  impl.RoleInfo (RoleInfo.java:updateAndGet(143)) - 2f64f904-2283-4e96-b4e2-6c9018f13084: start FollowerState
2019-10-17 06:31:00,006 [Thread-1922] INFO  impl.FollowerState (FollowerState.java:run(117)) - 2f64f904-2283-4e96-b4e2-6c9018f13084@group-9ED9FEE0098D-FollowerState was interrupted: java.lang.InterruptedException: sleep interrupted
2019-10-17 06:31:00,006 [grpc-default-executor-1] INFO  impl.RaftServerImpl (RaftServerImpl.java:setRole(184)) - 07fb1a7b-fe02-4a56-ac24-3020e88d4db0@group-9ED9FEE0098D: changes role from  FOLLOWER to FOLLOWER at term 78 for recognizeCandidate:0f256f10-8056-416e-a2a4-dd085f6c7864
2019-10-17 06:31:00,006 [grpc-default-executor-1] INFO  impl.RoleInfo (RoleInfo.java:shutdownFollowerState(121)) - 07fb1a7b-fe02-4a56-ac24-3020e88d4db0: shutdown FollowerState
2019-10-17 06:31:00,006 [grpc-default-executor-1] INFO  impl.RoleInfo (RoleInfo.java:updateAndGet(143)) - 07fb1a7b-fe02-4a56-ac24-3020e88d4db0: start FollowerState
2019-10-17 06:31:00,006 [Thread-1923] INFO  impl.FollowerState (FollowerState.java:run(117)) - 07fb1a7b-fe02-4a56-ac24-3020e88d4db0@group-9ED9FEE0098D-FollowerState was interrupted: java.lang.InterruptedException: sleep interrupted
2019-10-17 06:31:00,022 [0f256f10-8056-416e-a2a4-dd085f6c7864@group-9ED9FEE0098D-LeaderElection82] INFO  impl.LeaderElection (LeaderElection.java:logAndReturn(56)) - 0f256f10-8056-416e-a2a4-dd085f6c7864@group-9ED9FEE0098D-LeaderElection82: Election REJECTED; received 2 response(s) [0f256f10-8056-416e-a2a4-dd085f6c7864<-2f64f904-2283-4e96-b4e2-6c9018f13084#0:FAIL-t78, 0f256f10-8056-416e-a2a4-dd085f6c7864<-07fb1a7b-fe02-4a56-ac24-3020e88d4db0#0:FAIL-t78] and 0 exception(s); 0f256f10-8056-416e-a2a4-dd085f6c7864@group-9ED9FEE0098D:t78, leader=null, voted=0f256f10-8056-416e-a2a4-dd085f6c7864, raftlog=0f256f10-8056-416e-a2a4-dd085f6c7864@group-9ED9FEE0098D-SegmentedRaftLog:OPENED:c-1,f-1,i0, conf=-1: [2f64f904-2283-4e96-b4e2-6c9018f13084:192.168.34.62:40373, 0f256f10-8056-416e-a2a4-dd085f6c7864:192.168.34.62:35674, 07fb1a7b-fe02-4a56-ac24-3020e88d4db0:192.168.34.62:46434], old=null
2019-10-17 06:31:00,022 [0f256f10-8056-416e-a2a4-dd085f6c7864@group-9ED9FEE0098D-LeaderElection82] INFO  impl.RaftServerImpl (RaftServerImpl.java:setRole(184)) - 0f256f10-8056-416e-a2a4-dd085f6c7864@group-9ED9FEE0098D: changes role from CANDIDATE to FOLLOWER at term 78 for DISCOVERED_A_NEW_TERM
2019-10-17 06:31:00,023 [0f256f10-8056-416e-a2a4-dd085f6c7864@group-9ED9FEE0098D-LeaderElection82] INFO  impl.RoleInfo (RoleInfo.java:shutdownLeaderElection(134)) - 0f256f10-8056-416e-a2a4-dd085f6c7864: shutdown LeaderElection
2019-10-17 06:31:00,023 [0f256f10-8056-416e-a2a4-dd085f6c7864@group-9ED9FEE0098D-LeaderElection82] INFO  impl.RoleInfo (RoleInfo.java:updateAndGet(143)) - 0f256f10-8056-416e-a2a4-dd085f6c7864: start FollowerState
2019-10-17 06:31:00,155 [Thread-1930] INFO  impl.FollowerState (FollowerState.java:run(108)) - 0f256f10-8056-416e-a2a4-dd085f6c7864@group-9ED9FEE0098D-FollowerState: change to CANDIDATE, lastRpcTime:132ms, electionTimeout:132ms
2019-10-17 06:31:00,155 [Thread-1930] INFO  impl.RoleInfo (RoleInfo.java:shutdownFollowerState(121)) - 0f256f10-8056-416e-a2a4-dd085f6c7864: shutdown FollowerState
2019-10-17 06:31:00,155 [Thread-1930] INFO  impl.RaftServerImpl (RaftServerImpl.java:setRole(184)) - 0f256f10-8056-416e-a2a4-dd085f6c7864@group-9ED9FEE0098D: changes role from  FOLLOWER to CANDIDATE at term 78 for changeToCandidate
2019-10-17 06:31:00,156 [Thread-1930] INFO  impl.RoleInfo (RoleInfo.java:updateAndGet(143)) - 0f256f10-8056-416e-a2a4-dd085f6c7864: start LeaderElection
2019-10-17 06:31:00,380 [0f256f10-8056-416e-a2a4-dd085f6c7864@group-9ED9FEE0098D-LeaderElection83] INFO  impl.LeaderElection (LeaderElection.java:askForVotes(178)) - 0f256f10-8056-416e-a2a4-dd085f6c7864@group-9ED9FEE0098D-LeaderElection83: begin an election at term 79 for -1: [2f64f904-2283-4e96-b4e2-6c9018f13084:192.168.34.62:40373, 0f256f10-8056-416e-a2a4-dd085f6c7864:192.168.34.62:35674, 07fb1a7b-fe02-4a56-ac24-3020e88d4db0:192.168.34.62:46434], old=null
2019-10-17 06:31:00,383 [grpc-default-executor-1] INFO  impl.RaftServerImpl (RaftServerImpl.java:setRole(184)) - 07fb1a7b-fe02-4a56-ac24-3020e88d4db0@group-9ED9FEE0098D: changes role from  FOLLOWER to FOLLOWER at term 79 for recognizeCandidate:0f256f10-8056-416e-a2a4-dd085f6c7864
2019-10-17 06:31:00,383 [grpc-default-executor-5] INFO  impl.RaftServerImpl (RaftServerImpl.java:setRole(184)) - 2f64f904-2283-4e96-b4e2-6c9018f13084@group-9ED9FEE0098D: changes role from  FOLLOWER to FOLLOWER at term 79 for recognizeCandidate:0f256f10-8056-416e-a2a4-dd085f6c7864
2019-10-17 06:31:00,383 [grpc-default-executor-1] INFO  impl.RoleInfo (RoleInfo.java:shutdownFollowerState(121)) - 07fb1a7b-fe02-4a56-ac24-3020e88d4db0: shutdown FollowerState
2019-10-17 06:31:00,383 [grpc-default-executor-5] INFO  impl.RoleInfo (RoleInfo.java:shutdownFollowerState(121)) - 2f64f904-2283-4e96-b4e2-6c9018f13084: shutdown FollowerState
2019-10-17 06:31:00,383 [Thread-1929] INFO  impl.FollowerState (FollowerState.java:run(117)) - 07fb1a7b-fe02-4a56-ac24-3020e88d4db0@group-9ED9FEE0098D-FollowerState was interrupted: java.lang.InterruptedException: sleep interrupted
2019-10-17 06:31:00,383 [Thread-1928] INFO  impl.FollowerState (FollowerState.java:run(117)) - 2f64f904-2283-4e96-b4e2-6c9018f13084@group-9ED9FEE0098D-FollowerState was interrupted: java.lang.InterruptedException: sleep interrupted
2019-10-17 06:31:00,383 [grpc-default-executor-1] INFO  impl.RoleInfo (RoleInfo.java:updateAndGet(143)) - 07fb1a7b-fe02-4a56-ac24-3020e88d4db0: start FollowerState
2019-10-17 06:31:00,383 [grpc-default-executor-5] INFO  impl.RoleInfo (RoleInfo.java:updateAndGet(143)) - 2f64f904-2283-4e96-b4e2-6c9018f13084: start FollowerState
2019-10-17 06:31:00,399 [0f256f10-8056-416e-a2a4-dd085f6c7864@group-9ED9FEE0098D-LeaderElection83] INFO  impl.LeaderElection (LeaderElection.java:logAndReturn(56)) - 0f256f10-8056-416e-a2a4-dd085f6c7864@group-9ED9FEE0098D-LeaderElection83: Election REJECTED; received 2 response(s) [0f256f10-8056-416e-a2a4-dd085f6c7864<-2f64f904-2283-4e96-b4e2-6c9018f13084#0:FAIL-t79, 0f256f10-8056-416e-a2a4-dd085f6c7864<-07fb1a7b-fe02-4a56-ac24-3020e88d4db0#0:FAIL-t79] and 0 exception(s); 0f256f10-8056-416e-a2a4-dd085f6c7864@group-9ED9FEE0098D:t79, leader=null, voted=0f256f10-8056-416e-a2a4-dd085f6c7864, raftlog=0f256f10-8056-416e-a2a4-dd085f6c7864@group-9ED9FEE0098D-SegmentedRaftLog:OPENED:c-1,f-1,i0, conf=-1: [2f64f904-2283-4e96-b4e2-6c9018f13084:192.168.34.62:40373, 0f256f10-8056-416e-a2a4-dd085f6c7864:192.168.34.62:35674, 07fb1a7b-fe02-4a56-ac24-3020e88d4db0:192.168.34.62:46434], old=null
2019-10-17 06:31:00,399 [0f256f10-8056-416e-a2a4-dd085f6c7864@group-9ED9FEE0098D-LeaderElection83] INFO  impl.RaftServerImpl (RaftServerImpl.java:setRole(184)) - 0f256f10-8056-416e-a2a4-dd085f6c7864@group-9ED9FEE0098D: changes role from CANDIDATE to FOLLOWER at term 79 for DISCOVERED_A_NEW_TERM
2019-10-17 06:31:00,399 [0f256f10-8056-416e-a2a4-dd085f6c7864@group-9ED9FEE0098D-LeaderElection83] INFO  impl.RoleInfo (RoleInfo.java:shutdownLeaderElection(134)) - 0f256f10-8056-416e-a2a4-dd085f6c7864: shutdown LeaderElection
2019-10-17 06:31:00,399 [0f256f10-8056-416e-a2a4-dd085f6c7864@group-9ED9FEE0098D-LeaderElection83] INFO  impl.RoleInfo (RoleInfo.java:updateAndGet(143)) - 0f256f10-8056-416e-a2a4-dd085f6c7864: start FollowerState
2019-10-17 06:31:00,487 [Thread-1936] INFO  impl.FollowerState (FollowerState.java:run(108)) - 0f256f10-8056-416e-a2a4-dd085f6c7864@group-9ED9FEE0098D-FollowerState: change to CANDIDATE, lastRpcTime:87ms, electionTimeout:87ms
2019-10-17 06:31:00,487 [Thread-1936] INFO  impl.RoleInfo (RoleInfo.java:shutdownFollowerState(121)) - 0f256f10-8056-416e-a2a4-dd085f6c7864: shutdown FollowerState
2019-10-17 06:31:00,487 [Thread-1936] INFO  impl.RaftServerImpl (RaftServerImpl.java:setRole(184)) - 0f256f10-8056-416e-a2a4-dd085f6c7864@group-9ED9FEE0098D: changes role from  FOLLOWER to CANDIDATE at term 79 for changeToCandidate
2019-10-17 06:31:00,487 [Thread-1936] INFO  impl.RoleInfo (RoleInfo.java:updateAndGet(143)) - 0f256f10-8056-416e-a2a4-dd085f6c7864: start LeaderElection
2019-10-17 06:31:00,552 [0f256f10-8056-416e-a2a4-dd085f6c7864@group-9ED9FEE0098D-LeaderElection84] INFO  impl.LeaderElection (LeaderElection.java:askForVotes(178)) - 0f256f10-8056-416e-a2a4-dd085f6c7864@group-9ED9FEE0098D-LeaderElection84: begin an election at term 80 for -1: [2f64f904-2283-4e96-b4e2-6c9018f13084:192.168.34.62:40373, 0f256f10-8056-416e-a2a4-dd085f6c7864:192.168.34.62:35674, 07fb1a7b-fe02-4a56-ac24-3020e88d4db0:192.168.34.62:46434], old=null
2019-10-17 06:31:00,554 [grpc-default-executor-1] INFO  impl.RaftServerImpl (RaftServerImpl.java:setRole(184)) - 2f64f904-2283-4e96-b4e2-6c9018f13084@group-9ED9FEE0098D: changes role from  FOLLOWER to FOLLOWER at term 80 for recognizeCandidate:0f256f10-8056-416e-a2a4-dd085f6c7864
2019-10-17 06:31:00,554 [grpc-default-executor-5] INFO  impl.RaftServerImpl (RaftServerImpl.java:setRole(184)) - 07fb1a7b-fe02-4a56-ac24-3020e88d4db0@group-9ED9FEE0098D: changes role from  FOLLOWER to FOLLOWER at term 80 for recognizeCandidate:0f256f10-8056-416e-a2a4-dd085f6c7864
2019-10-17 06:31:00,554 [grpc-default-executor-1] INFO  impl.RoleInfo (RoleInfo.java:shutdownFollowerState(121)) - 2f64f904-2283-4e96-b4e2-6c9018f13084: shutdown FollowerState
2019-10-17 06:31:00,555 [grpc-default-executor-5] INFO  impl.RoleInfo (RoleInfo.java:shutdownFollowerState(121)) - 07fb1a7b-fe02-4a56-ac24-3020e88d4db0: shutdown FollowerState
2019-10-17 06:31:00,555 [grpc-default-executor-1] INFO  impl.RoleInfo (RoleInfo.java:updateAndGet(143)) - 2f64f904-2283-4e96-b4e2-6c9018f13084: start FollowerState
2019-10-17 06:31:00,555 [grpc-default-executor-5] INFO  impl.RoleInfo (RoleInfo.java:updateAndGet(143)) - 07fb1a7b-fe02-4a56-ac24-3020e88d4db0: start FollowerState
2019-10-17 06:31:00,555 [Thread-1935] INFO  impl.FollowerState (FollowerState.java:run(117)) - 2f64f904-2283-4e96-b4e2-6c9018f13084@group-9ED9FEE0098D-FollowerState was interrupted: java.lang.InterruptedException: sleep interrupted
2019-10-17 06:31:00,555 [Thread-1934] INFO  impl.FollowerState (FollowerState.java:run(117)) - 07fb1a7b-fe02-4a56-ac24-3020e88d4db0@group-9ED9FEE0098D-FollowerState was interrupted: java.lang.InterruptedException: sleep interrupted
2019-10-17 06:31:00,591 [0f256f10-8056-416e-a2a4-dd085f6c7864@group-9ED9FEE0098D-LeaderElection84] INFO  impl.LeaderElection (LeaderElection.java:logAndReturn(56)) - 0f256f10-8056-416e-a2a4-dd085f6c7864@group-9ED9FEE0098D-LeaderElection84: Election REJECTED; received 2 response(s) [0f256f10-8056-416e-a2a4-dd085f6c7864<-2f64f904-2283-4e96-b4e2-6c9018f13084#0:FAIL-t80, 0f256f10-8056-416e-a2a4-dd085f6c7864<-07fb1a7b-fe02-4a56-ac24-3020e88d4db0#0:FAIL-t80] and 0 exception(s); 0f256f10-8056-416e-a2a4-dd085f6c7864@group-9ED9FEE0098D:t80, leader=null, voted=0f256f10-8056-416e-a2a4-dd085f6c7864, raftlog=0f256f10-8056-416e-a2a4-dd085f6c7864@group-9ED9FEE0098D-SegmentedRaftLog:OPENED:c-1,f-1,i0, conf=-1: [2f64f904-2283-4e96-b4e2-6c9018f13084:192.168.34.62:40373, 0f256f10-8056-416e-a2a4-dd085f6c7864:192.168.34.62:35674, 07fb1a7b-fe02-4a56-ac24-3020e88d4db0:192.168.34.62:46434], old=null
2019-10-17 06:31:00,592 [0f256f10-8056-416e-a2a4-dd085f6c7864@group-9ED9FEE0098D-LeaderElection84] INFO  impl.RaftServerImpl (RaftServerImpl.java:setRole(184)) - 0f256f10-8056-416e-a2a4-dd085f6c7864@group-9ED9FEE0098D: changes role from CANDIDATE to FOLLOWER at term 80 for DISCOVERED_A_NEW_TERM
2019-10-17 06:31:00,592 [0f256f10-8056-416e-a2a4-dd085f6c7864@group-9ED9FEE0098D-LeaderElection84] INFO  impl.RoleInfo (RoleInfo.java:shutdownLeaderElection(134)) - 0f256f10-8056-416e-a2a4-dd085f6c7864: shutdown LeaderElection
2019-10-17 06:31:00,592 [0f256f10-8056-416e-a2a4-dd085f6c7864@group-9ED9FEE0098D-LeaderElection84] INFO  impl.RoleInfo (RoleInfo.java:updateAndGet(143)) - 0f256f10-8056-416e-a2a4-dd085f6c7864: start FollowerState
2019-10-17 06:31:00,635 [Thread-1202] INFO  ozone.MiniOzoneClusterImpl (MiniOzoneClusterImpl.java:lambda$waitForClusterToBeReady$2(164)) - Waiting for 1 number of pipelines out of 4, to report a leader.
2019-10-17 06:31:00,703 [Thread-1942] INFO  impl.FollowerState (FollowerState.java:run(108)) - 0f256f10-8056-416e-a2a4-dd085f6c7864@group-9ED9FEE0098D-FollowerState: change to CANDIDATE, lastRpcTime:111ms, electionTimeout:111ms
2019-10-17 06:31:00,703 [Thread-1942] INFO  impl.RoleInfo (RoleInfo.java:shutdownFollowerState(121)) - 0f256f10-8056-416e-a2a4-dd085f6c7864: shutdown FollowerState
2019-10-17 06:31:00,704 [Thread-1942] INFO  impl.RaftServerImpl (RaftServerImpl.java:setRole(184)) - 0f256f10-8056-416e-a2a4-dd085f6c7864@group-9ED9FEE0098D: changes role from  FOLLOWER to CANDIDATE at term 80 for changeToCandidate
2019-10-17 06:31:00,704 [Thread-1942] INFO  impl.RoleInfo (RoleInfo.java:updateAndGet(143)) - 0f256f10-8056-416e-a2a4-dd085f6c7864: start LeaderElection
2019-10-17 06:31:00,723 [0f256f10-8056-416e-a2a4-dd085f6c7864@group-9ED9FEE0098D-LeaderElection85] INFO  impl.LeaderElection (LeaderElection.java:askForVotes(178)) - 0f256f10-8056-416e-a2a4-dd085f6c7864@group-9ED9FEE0098D-LeaderElection85: begin an election at term 81 for -1: [2f64f904-2283-4e96-b4e2-6c9018f13084:192.168.34.62:40373, 0f256f10-8056-416e-a2a4-dd085f6c7864:192.168.34.62:35674, 07fb1a7b-fe02-4a56-ac24-3020e88d4db0:192.168.34.62:46434], old=null
2019-10-17 06:31:00,725 [grpc-default-executor-1] INFO  impl.RaftServerImpl (RaftServerImpl.java:setRole(184)) - 2f64f904-2283-4e96-b4e2-6c9018f13084@group-9ED9FEE0098D: changes role from  FOLLOWER to FOLLOWER at term 81 for recognizeCandidate:0f256f10-8056-416e-a2a4-dd085f6c7864
2019-10-17 06:31:00,725 [grpc-default-executor-1] INFO  impl.RoleInfo (RoleInfo.java:shutdownFollowerState(121)) - 2f64f904-2283-4e96-b4e2-6c9018f13084: shutdown FollowerState
2019-10-17 06:31:00,725 [grpc-default-executor-1] INFO  impl.RoleInfo (RoleInfo.java:updateAndGet(143)) - 2f64f904-2283-4e96-b4e2-6c9018f13084: start FollowerState
2019-10-17 06:31:00,725 [Thread-1940] INFO  impl.FollowerState (FollowerState.java:run(117)) - 2f64f904-2283-4e96-b4e2-6c9018f13084@group-9ED9FEE0098D-FollowerState was interrupted: java.lang.InterruptedException: sleep interrupted
2019-10-17 06:31:00,726 [grpc-default-executor-5] INFO  impl.RaftServerImpl (RaftServerImpl.java:setRole(184)) - 07fb1a7b-fe02-4a56-ac24-3020e88d4db0@group-9ED9FEE0098D: changes role from  FOLLOWER to FOLLOWER at term 81 for recognizeCandidate:0f256f10-8056-416e-a2a4-dd085f6c7864
2019-10-17 06:31:00,726 [grpc-default-executor-5] INFO  impl.RoleInfo (RoleInfo.java:shutdownFollowerState(121)) - 07fb1a7b-fe02-4a56-ac24-3020e88d4db0: shutdown FollowerState
2019-10-17 06:31:00,726 [grpc-default-executor-5] INFO  impl.RoleInfo (RoleInfo.java:updateAndGet(143)) - 07fb1a7b-fe02-4a56-ac24-3020e88d4db0: start FollowerState
2019-10-17 06:31:00,726 [Thread-1941] INFO  impl.FollowerState (FollowerState.java:run(117)) - 07fb1a7b-fe02-4a56-ac24-3020e88d4db0@group-9ED9FEE0098D-FollowerState was interrupted: java.lang.InterruptedException: sleep interrupted
2019-10-17 06:31:00,772 [0f256f10-8056-416e-a2a4-dd085f6c7864@group-9ED9FEE0098D-LeaderElection85] INFO  impl.LeaderElection (LeaderElection.java:logAndReturn(56)) - 0f256f10-8056-416e-a2a4-dd085f6c7864@group-9ED9FEE0098D-LeaderElection85: Election REJECTED; received 2 response(s) [0f256f10-8056-416e-a2a4-dd085f6c7864<-2f64f904-2283-4e96-b4e2-6c9018f13084#0:FAIL-t81, 0f256f10-8056-416e-a2a4-dd085f6c7864<-07fb1a7b-fe02-4a56-ac24-3020e88d4db0#0:FAIL-t81] and 0 exception(s); 0f256f10-8056-416e-a2a4-dd085f6c7864@group-9ED9FEE0098D:t81, leader=null, voted=0f256f10-8056-416e-a2a4-dd085f6c7864, raftlog=0f256f10-8056-416e-a2a4-dd085f6c7864@group-9ED9FEE0098D-SegmentedRaftLog:OPENED:c-1,f-1,i0, conf=-1: [2f64f904-2283-4e96-b4e2-6c9018f13084:192.168.34.62:40373, 0f256f10-8056-416e-a2a4-dd085f6c7864:192.168.34.62:35674, 07fb1a7b-fe02-4a56-ac24-3020e88d4db0:192.168.34.62:46434], old=null
2019-10-17 06:31:00,772 [0f256f10-8056-416e-a2a4-dd085f6c7864@group-9ED9FEE0098D-LeaderElection85] INFO  impl.RaftServerImpl (RaftServerImpl.java:setRole(184)) - 0f256f10-8056-416e-a2a4-dd085f6c7864@group-9ED9FEE0098D: changes role from CANDIDATE to FOLLOWER at term 81 for DISCOVERED_A_NEW_TERM
2019-10-17 06:31:00,773 [0f256f10-8056-416e-a2a4-dd085f6c7864@group-9ED9FEE0098D-LeaderElection85] INFO  impl.RoleInfo (RoleInfo.java:shutdownLeaderElection(134)) - 0f256f10-8056-416e-a2a4-dd085f6c7864: shutdown LeaderElection
2019-10-17 06:31:00,773 [0f256f10-8056-416e-a2a4-dd085f6c7864@group-9ED9FEE0098D-LeaderElection85] INFO  impl.RoleInfo (RoleInfo.java:updateAndGet(143)) - 0f256f10-8056-416e-a2a4-dd085f6c7864: start FollowerState
2019-10-17 06:31:00,967 [Thread-1948] INFO  impl.FollowerState (FollowerState.java:run(108)) - 0f256f10-8056-416e-a2a4-dd085f6c7864@group-9ED9FEE0098D-FollowerState: change to CANDIDATE, lastRpcTime:194ms, electionTimeout:194ms
2019-10-17 06:31:00,967 [Thread-1948] INFO  impl.RoleInfo (RoleInfo.java:shutdownFollowerState(121)) - 0f256f10-8056-416e-a2a4-dd085f6c7864: shutdown FollowerState
2019-10-17 06:31:00,968 [Thread-1948] INFO  impl.RaftServerImpl (RaftServerImpl.java:setRole(184)) - 0f256f10-8056-416e-a2a4-dd085f6c7864@group-9ED9FEE0098D: changes role from  FOLLOWER to CANDIDATE at term 81 for changeToCandidate
2019-10-17 06:31:00,968 [Thread-1948] INFO  impl.RoleInfo (RoleInfo.java:updateAndGet(143)) - 0f256f10-8056-416e-a2a4-dd085f6c7864: start LeaderElection
2019-10-17 06:31:01,000 [0f256f10-8056-416e-a2a4-dd085f6c7864@group-9ED9FEE0098D-LeaderElection86] INFO  impl.LeaderElection (LeaderElection.java:askForVotes(178)) - 0f256f10-8056-416e-a2a4-dd085f6c7864@group-9ED9FEE0098D-LeaderElection86: begin an election at term 82 for -1: [2f64f904-2283-4e96-b4e2-6c9018f13084:192.168.34.62:40373, 0f256f10-8056-416e-a2a4-dd085f6c7864:192.168.34.62:35674, 07fb1a7b-fe02-4a56-ac24-3020e88d4db0:192.168.34.62:46434], old=null
2019-10-17 06:31:01,003 [grpc-default-executor-1] INFO  impl.RaftServerImpl (RaftServerImpl.java:setRole(184)) - 2f64f904-2283-4e96-b4e2-6c9018f13084@group-9ED9FEE0098D: changes role from  FOLLOWER to FOLLOWER at term 82 for recognizeCandidate:0f256f10-8056-416e-a2a4-dd085f6c7864
2019-10-17 06:31:01,003 [grpc-default-executor-5] INFO  impl.RaftServerImpl (RaftServerImpl.java:setRole(184)) - 07fb1a7b-fe02-4a56-ac24-3020e88d4db0@group-9ED9FEE0098D: changes role from  FOLLOWER to FOLLOWER at term 82 for recognizeCandidate:0f256f10-8056-416e-a2a4-dd085f6c7864
2019-10-17 06:31:01,003 [grpc-default-executor-5] INFO  impl.RoleInfo (RoleInfo.java:shutdownFollowerState(121)) - 07fb1a7b-fe02-4a56-ac24-3020e88d4db0: shutdown FollowerState
2019-10-17 06:31:01,003 [grpc-default-executor-1] INFO  impl.RoleInfo (RoleInfo.java:shutdownFollowerState(121)) - 2f64f904-2283-4e96-b4e2-6c9018f13084: shutdown FollowerState
2019-10-17 06:31:01,003 [Thread-1947] INFO  impl.FollowerState (FollowerState.java:run(117)) - 07fb1a7b-fe02-4a56-ac24-3020e88d4db0@group-9ED9FEE0098D-FollowerState was interrupted: java.lang.InterruptedException: sleep interrupted
2019-10-17 06:31:01,003 [grpc-default-executor-5] INFO  impl.RoleInfo (RoleInfo.java:updateAndGet(143)) - 07fb1a7b-fe02-4a56-ac24-3020e88d4db0: start FollowerState
2019-10-17 06:31:01,003 [Thread-1946] INFO  impl.FollowerState (FollowerState.java:run(117)) - 2f64f904-2283-4e96-b4e2-6c9018f13084@group-9ED9FEE0098D-FollowerState was interrupted: java.lang.InterruptedException: sleep interrupted
2019-10-17 06:31:01,003 [grpc-default-executor-1] INFO  impl.RoleInfo (RoleInfo.java:updateAndGet(143)) - 2f64f904-2283-4e96-b4e2-6c9018f13084: start FollowerState
2019-10-17 06:31:01,022 [0f256f10-8056-416e-a2a4-dd085f6c7864@group-9ED9FEE0098D-LeaderElection86] INFO  impl.LeaderElection (LeaderElection.java:logAndReturn(56)) - 0f256f10-8056-416e-a2a4-dd085f6c7864@group-9ED9FEE0098D-LeaderElection86: Election REJECTED; received 2 response(s) [0f256f10-8056-416e-a2a4-dd085f6c7864<-2f64f904-2283-4e96-b4e2-6c9018f13084#0:FAIL-t82, 0f256f10-8056-416e-a2a4-dd085f6c7864<-07fb1a7b-fe02-4a56-ac24-3020e88d4db0#0:FAIL-t82] and 0 exception(s); 0f256f10-8056-416e-a2a4-dd085f6c7864@group-9ED9FEE0098D:t82, leader=null, voted=0f256f10-8056-416e-a2a4-dd085f6c7864, raftlog=0f256f10-8056-416e-a2a4-dd085f6c7864@group-9ED9FEE0098D-SegmentedRaftLog:OPENED:c-1,f-1,i0, conf=-1: [2f64f904-2283-4e96-b4e2-6c9018f13084:192.168.34.62:40373, 0f256f10-8056-416e-a2a4-dd085f6c7864:192.168.34.62:35674, 07fb1a7b-fe02-4a56-ac24-3020e88d4db0:192.168.34.62:46434], old=null
2019-10-17 06:31:01,022 [0f256f10-8056-416e-a2a4-dd085f6c7864@group-9ED9FEE0098D-LeaderElection86] INFO  impl.RaftServerImpl (RaftServerImpl.java:setRole(184)) - 0f256f10-8056-416e-a2a4-dd085f6c7864@group-9ED9FEE0098D: changes role from CANDIDATE to FOLLOWER at term 82 for DISCOVERED_A_NEW_TERM
2019-10-17 06:31:01,023 [0f256f10-8056-416e-a2a4-dd085f6c7864@group-9ED9FEE0098D-LeaderElection86] INFO  impl.RoleInfo (RoleInfo.java:shutdownLeaderElection(134)) - 0f256f10-8056-416e-a2a4-dd085f6c7864: shutdown LeaderElection
2019-10-17 06:31:01,023 [0f256f10-8056-416e-a2a4-dd085f6c7864@group-9ED9FEE0098D-LeaderElection86] INFO  impl.RoleInfo (RoleInfo.java:updateAndGet(143)) - 0f256f10-8056-416e-a2a4-dd085f6c7864: start FollowerState
2019-10-17 06:31:01,216 [Thread-1954] INFO  impl.FollowerState (FollowerState.java:run(108)) - 0f256f10-8056-416e-a2a4-dd085f6c7864@group-9ED9FEE0098D-FollowerState: change to CANDIDATE, lastRpcTime:193ms, electionTimeout:193ms
2019-10-17 06:31:01,216 [Thread-1954] INFO  impl.RoleInfo (RoleInfo.java:shutdownFollowerState(121)) - 0f256f10-8056-416e-a2a4-dd085f6c7864: shutdown FollowerState
2019-10-17 06:31:01,217 [Thread-1954] INFO  impl.RaftServerImpl (RaftServerImpl.java:setRole(184)) - 0f256f10-8056-416e-a2a4-dd085f6c7864@group-9ED9FEE0098D: changes role from  FOLLOWER to CANDIDATE at term 82 for changeToCandidate
2019-10-17 06:31:01,217 [Thread-1954] INFO  impl.RoleInfo (RoleInfo.java:updateAndGet(143)) - 0f256f10-8056-416e-a2a4-dd085f6c7864: start LeaderElection
2019-10-17 06:31:01,260 [0f256f10-8056-416e-a2a4-dd085f6c7864@group-9ED9FEE0098D-LeaderElection87] INFO  impl.LeaderElection (LeaderElection.java:askForVotes(178)) - 0f256f10-8056-416e-a2a4-dd085f6c7864@group-9ED9FEE0098D-LeaderElection87: begin an election at term 83 for -1: [2f64f904-2283-4e96-b4e2-6c9018f13084:192.168.34.62:40373, 0f256f10-8056-416e-a2a4-dd085f6c7864:192.168.34.62:35674, 07fb1a7b-fe02-4a56-ac24-3020e88d4db0:192.168.34.62:46434], old=null
2019-10-17 06:31:01,263 [grpc-default-executor-5] INFO  impl.RaftServerImpl (RaftServerImpl.java:setRole(184)) - 07fb1a7b-fe02-4a56-ac24-3020e88d4db0@group-9ED9FEE0098D: changes role from  FOLLOWER to FOLLOWER at term 83 for recognizeCandidate:0f256f10-8056-416e-a2a4-dd085f6c7864
2019-10-17 06:31:01,263 [grpc-default-executor-5] INFO  impl.RoleInfo (RoleInfo.java:shutdownFollowerState(121)) - 07fb1a7b-fe02-4a56-ac24-3020e88d4db0: shutdown FollowerState
2019-10-17 06:31:01,263 [grpc-default-executor-1] INFO  impl.RaftServerImpl (RaftServerImpl.java:setRole(184)) - 2f64f904-2283-4e96-b4e2-6c9018f13084@group-9ED9FEE0098D: changes role from  FOLLOWER to FOLLOWER at term 83 for recognizeCandidate:0f256f10-8056-416e-a2a4-dd085f6c7864
2019-10-17 06:31:01,263 [Thread-1952] INFO  impl.FollowerState (FollowerState.java:run(117)) - 07fb1a7b-fe02-4a56-ac24-3020e88d4db0@group-9ED9FEE0098D-FollowerState was interrupted: java.lang.InterruptedException: sleep interrupted
2019-10-17 06:31:01,263 [grpc-default-executor-5] INFO  impl.RoleInfo (RoleInfo.java:updateAndGet(143)) - 07fb1a7b-fe02-4a56-ac24-3020e88d4db0: start FollowerState
2019-10-17 06:31:01,263 [grpc-default-executor-1] INFO  impl.RoleInfo (RoleInfo.java:shutdownFollowerState(121)) - 2f64f904-2283-4e96-b4e2-6c9018f13084: shutdown FollowerState
2019-10-17 06:31:01,264 [grpc-default-executor-1] INFO  impl.RoleInfo (RoleInfo.java:updateAndGet(143)) - 2f64f904-2283-4e96-b4e2-6c9018f13084: start FollowerState
2019-10-17 06:31:01,264 [Thread-1953] INFO  impl.FollowerState (FollowerState.java:run(117)) - 2f64f904-2283-4e96-b4e2-6c9018f13084@group-9ED9FEE0098D-FollowerState was interrupted: java.lang.InterruptedException: sleep interrupted
2019-10-17 06:31:01,319 [0f256f10-8056-416e-a2a4-dd085f6c7864@group-9ED9FEE0098D-LeaderElection87] INFO  impl.LeaderElection (LeaderElection.java:logAndReturn(56)) - 0f256f10-8056-416e-a2a4-dd085f6c7864@group-9ED9FEE0098D-LeaderElection87: Election REJECTED; received 2 response(s) [0f256f10-8056-416e-a2a4-dd085f6c7864<-2f64f904-2283-4e96-b4e2-6c9018f13084#0:FAIL-t83, 0f256f10-8056-416e-a2a4-dd085f6c7864<-07fb1a7b-fe02-4a56-ac24-3020e88d4db0#0:FAIL-t83] and 0 exception(s); 0f256f10-8056-416e-a2a4-dd085f6c7864@group-9ED9FEE0098D:t83, leader=null, voted=0f256f10-8056-416e-a2a4-dd085f6c7864, raftlog=0f256f10-8056-416e-a2a4-dd085f6c7864@group-9ED9FEE0098D-SegmentedRaftLog:OPENED:c-1,f-1,i0, conf=-1: [2f64f904-2283-4e96-b4e2-6c9018f13084:192.168.34.62:40373, 0f256f10-8056-416e-a2a4-dd085f6c7864:192.168.34.62:35674, 07fb1a7b-fe02-4a56-ac24-3020e88d4db0:192.168.34.62:46434], old=null
2019-10-17 06:31:01,319 [0f256f10-8056-416e-a2a4-dd085f6c7864@group-9ED9FEE0098D-LeaderElection87] INFO  impl.RaftServerImpl (RaftServerImpl.java:setRole(184)) - 0f256f10-8056-416e-a2a4-dd085f6c7864@group-9ED9FEE0098D: changes role from CANDIDATE to FOLLOWER at term 83 for DISCOVERED_A_NEW_TERM
2019-10-17 06:31:01,319 [0f256f10-8056-416e-a2a4-dd085f6c7864@group-9ED9FEE0098D-LeaderElection87] INFO  impl.RoleInfo (RoleInfo.java:shutdownLeaderElection(134)) - 0f256f10-8056-416e-a2a4-dd085f6c7864: shutdown LeaderElection
2019-10-17 06:31:01,319 [0f256f10-8056-416e-a2a4-dd085f6c7864@group-9ED9FEE0098D-LeaderElection87] INFO  impl.RoleInfo (RoleInfo.java:updateAndGet(143)) - 0f256f10-8056-416e-a2a4-dd085f6c7864: start FollowerState
2019-10-17 06:31:01,430 [Thread-1960] INFO  impl.FollowerState (FollowerState.java:run(108)) - 0f256f10-8056-416e-a2a4-dd085f6c7864@group-9ED9FEE0098D-FollowerState: change to CANDIDATE, lastRpcTime:111ms, electionTimeout:111ms
2019-10-17 06:31:01,431 [Thread-1960] INFO  impl.RoleInfo (RoleInfo.java:shutdownFollowerState(121)) - 0f256f10-8056-416e-a2a4-dd085f6c7864: shutdown FollowerState
2019-10-17 06:31:01,431 [Thread-1960] INFO  impl.RaftServerImpl (RaftServerImpl.java:setRole(184)) - 0f256f10-8056-416e-a2a4-dd085f6c7864@group-9ED9FEE0098D: changes role from  FOLLOWER to CANDIDATE at term 83 for changeToCandidate
2019-10-17 06:31:01,431 [Thread-1960] INFO  impl.RoleInfo (RoleInfo.java:updateAndGet(143)) - 0f256f10-8056-416e-a2a4-dd085f6c7864: start LeaderElection
2019-10-17 06:31:01,491 [0f256f10-8056-416e-a2a4-dd085f6c7864@group-9ED9FEE0098D-LeaderElection88] INFO  impl.LeaderElection (LeaderElection.java:askForVotes(178)) - 0f256f10-8056-416e-a2a4-dd085f6c7864@group-9ED9FEE0098D-LeaderElection88: begin an election at term 84 for -1: [2f64f904-2283-4e96-b4e2-6c9018f13084:192.168.34.62:40373, 0f256f10-8056-416e-a2a4-dd085f6c7864:192.168.34.62:35674, 07fb1a7b-fe02-4a56-ac24-3020e88d4db0:192.168.34.62:46434], old=null
2019-10-17 06:31:01,494 [grpc-default-executor-5] INFO  impl.RaftServerImpl (RaftServerImpl.java:setRole(184)) - 2f64f904-2283-4e96-b4e2-6c9018f13084@group-9ED9FEE0098D: changes role from  FOLLOWER to FOLLOWER at term 84 for recognizeCandidate:0f256f10-8056-416e-a2a4-dd085f6c7864
2019-10-17 06:31:01,494 [grpc-default-executor-1] INFO  impl.RaftServerImpl (RaftServerImpl.java:setRole(184)) - 07fb1a7b-fe02-4a56-ac24-3020e88d4db0@group-9ED9FEE0098D: changes role from  FOLLOWER to FOLLOWER at term 84 for recognizeCandidate:0f256f10-8056-416e-a2a4-dd085f6c7864
2019-10-17 06:31:01,494 [grpc-default-executor-5] INFO  impl.RoleInfo (RoleInfo.java:shutdownFollowerState(121)) - 2f64f904-2283-4e96-b4e2-6c9018f13084: shutdown FollowerState
2019-10-17 06:31:01,494 [grpc-default-executor-1] INFO  impl.RoleInfo (RoleInfo.java:shutdownFollowerState(121)) - 07fb1a7b-fe02-4a56-ac24-3020e88d4db0: shutdown FollowerState
2019-10-17 06:31:01,495 [Thread-1959] INFO  impl.FollowerState (FollowerState.java:run(117)) - 2f64f904-2283-4e96-b4e2-6c9018f13084@group-9ED9FEE0098D-FollowerState was interrupted: java.lang.InterruptedException: sleep interrupted
2019-10-17 06:31:01,495 [Thread-1958] INFO  impl.FollowerState (FollowerState.java:run(117)) - 07fb1a7b-fe02-4a56-ac24-3020e88d4db0@group-9ED9FEE0098D-FollowerState was interrupted: java.lang.InterruptedException: sleep interrupted
2019-10-17 06:31:01,495 [grpc-default-executor-5] INFO  impl.RoleInfo (RoleInfo.java:updateAndGet(143)) - 2f64f904-2283-4e96-b4e2-6c9018f13084: start FollowerState
2019-10-17 06:31:01,495 [grpc-default-executor-1] INFO  impl.RoleInfo (RoleInfo.java:updateAndGet(143)) - 07fb1a7b-fe02-4a56-ac24-3020e88d4db0: start FollowerState
2019-10-17 06:31:01,534 [0f256f10-8056-416e-a2a4-dd085f6c7864@group-9ED9FEE0098D-LeaderElection88] INFO  impl.LeaderElection (LeaderElection.java:logAndReturn(56)) - 0f256f10-8056-416e-a2a4-dd085f6c7864@group-9ED9FEE0098D-LeaderElection88: Election REJECTED; received 2 response(s) [0f256f10-8056-416e-a2a4-dd085f6c7864<-2f64f904-2283-4e96-b4e2-6c9018f13084#0:FAIL-t84, 0f256f10-8056-416e-a2a4-dd085f6c7864<-07fb1a7b-fe02-4a56-ac24-3020e88d4db0#0:FAIL-t84] and 0 exception(s); 0f256f10-8056-416e-a2a4-dd085f6c7864@group-9ED9FEE0098D:t84, leader=null, voted=0f256f10-8056-416e-a2a4-dd085f6c7864, raftlog=0f256f10-8056-416e-a2a4-dd085f6c7864@group-9ED9FEE0098D-SegmentedRaftLog:OPENED:c-1,f-1,i0, conf=-1: [2f64f904-2283-4e96-b4e2-6c9018f13084:192.168.34.62:40373, 0f256f10-8056-416e-a2a4-dd085f6c7864:192.168.34.62:35674, 07fb1a7b-fe02-4a56-ac24-3020e88d4db0:192.168.34.62:46434], old=null
2019-10-17 06:31:01,535 [0f256f10-8056-416e-a2a4-dd085f6c7864@group-9ED9FEE0098D-LeaderElection88] INFO  impl.RaftServerImpl (RaftServerImpl.java:setRole(184)) - 0f256f10-8056-416e-a2a4-dd085f6c7864@group-9ED9FEE0098D: changes role from CANDIDATE to FOLLOWER at term 84 for DISCOVERED_A_NEW_TERM
2019-10-17 06:31:01,535 [0f256f10-8056-416e-a2a4-dd085f6c7864@group-9ED9FEE0098D-LeaderElection88] INFO  impl.RoleInfo (RoleInfo.java:shutdownLeaderElection(134)) - 0f256f10-8056-416e-a2a4-dd085f6c7864: shutdown LeaderElection
2019-10-17 06:31:01,535 [0f256f10-8056-416e-a2a4-dd085f6c7864@group-9ED9FEE0098D-LeaderElection88] INFO  impl.RoleInfo (RoleInfo.java:updateAndGet(143)) - 0f256f10-8056-416e-a2a4-dd085f6c7864: start FollowerState
2019-10-17 06:31:01,636 [Thread-1202] INFO  ozone.MiniOzoneClusterImpl (MiniOzoneClusterImpl.java:lambda$waitForClusterToBeReady$2(164)) - Waiting for 1 number of pipelines out of 4, to report a leader.
2019-10-17 06:31:01,659 [Thread-1966] INFO  impl.FollowerState (FollowerState.java:run(108)) - 0f256f10-8056-416e-a2a4-dd085f6c7864@group-9ED9FEE0098D-FollowerState: change to CANDIDATE, lastRpcTime:124ms, electionTimeout:124ms
2019-10-17 06:31:01,659 [Thread-1966] INFO  impl.RoleInfo (RoleInfo.java:shutdownFollowerState(121)) - 0f256f10-8056-416e-a2a4-dd085f6c7864: shutdown FollowerState
2019-10-17 06:31:01,660 [Thread-1966] INFO  impl.RaftServerImpl (RaftServerImpl.java:setRole(184)) - 0f256f10-8056-416e-a2a4-dd085f6c7864@group-9ED9FEE0098D: changes role from  FOLLOWER to CANDIDATE at term 84 for changeToCandidate
2019-10-17 06:31:01,660 [Thread-1966] INFO  impl.RoleInfo (RoleInfo.java:updateAndGet(143)) - 0f256f10-8056-416e-a2a4-dd085f6c7864: start LeaderElection
2019-10-17 06:31:01,704 [0f256f10-8056-416e-a2a4-dd085f6c7864@group-9ED9FEE0098D-LeaderElection89] INFO  impl.LeaderElection (LeaderElection.java:askForVotes(178)) - 0f256f10-8056-416e-a2a4-dd085f6c7864@group-9ED9FEE0098D-LeaderElection89: begin an election at term 85 for -1: [2f64f904-2283-4e96-b4e2-6c9018f13084:192.168.34.62:40373, 0f256f10-8056-416e-a2a4-dd085f6c7864:192.168.34.62:35674, 07fb1a7b-fe02-4a56-ac24-3020e88d4db0:192.168.34.62:46434], old=null
2019-10-17 06:31:01,706 [grpc-default-executor-5] INFO  impl.RaftServerImpl (RaftServerImpl.java:setRole(184)) - 07fb1a7b-fe02-4a56-ac24-3020e88d4db0@group-9ED9FEE0098D: changes role from  FOLLOWER to FOLLOWER at term 85 for recognizeCandidate:0f256f10-8056-416e-a2a4-dd085f6c7864
2019-10-17 06:31:01,706 [grpc-default-executor-1] INFO  impl.RaftServerImpl (RaftServerImpl.java:setRole(184)) - 2f64f904-2283-4e96-b4e2-6c9018f13084@group-9ED9FEE0098D: changes role from  FOLLOWER to FOLLOWER at term 85 for recognizeCandidate:0f256f10-8056-416e-a2a4-dd085f6c7864
2019-10-17 06:31:01,706 [grpc-default-executor-5] INFO  impl.RoleInfo (RoleInfo.java:shutdownFollowerState(121)) - 07fb1a7b-fe02-4a56-ac24-3020e88d4db0: shutdown FollowerState
2019-10-17 06:31:01,707 [grpc-default-executor-1] INFO  impl.RoleInfo (RoleInfo.java:shutdownFollowerState(121)) - 2f64f904-2283-4e96-b4e2-6c9018f13084: shutdown FollowerState
2019-10-17 06:31:01,707 [Thread-1965] INFO  impl.FollowerState (FollowerState.java:run(117)) - 07fb1a7b-fe02-4a56-ac24-3020e88d4db0@group-9ED9FEE0098D-FollowerState was interrupted: java.lang.InterruptedException: sleep interrupted
2019-10-17 06:31:01,707 [grpc-default-executor-5] INFO  impl.RoleInfo (RoleInfo.java:updateAndGet(143)) - 07fb1a7b-fe02-4a56-ac24-3020e88d4db0: start FollowerState
2019-10-17 06:31:01,707 [Thread-1964] INFO  impl.FollowerState (FollowerState.java:run(117)) - 2f64f904-2283-4e96-b4e2-6c9018f13084@group-9ED9FEE0098D-FollowerState was interrupted: java.lang.InterruptedException: sleep interrupted
2019-10-17 06:31:01,707 [grpc-default-executor-1] INFO  impl.RoleInfo (RoleInfo.java:updateAndGet(143)) - 2f64f904-2283-4e96-b4e2-6c9018f13084: start FollowerState
2019-10-17 06:31:01,726 [0f256f10-8056-416e-a2a4-dd085f6c7864@group-9ED9FEE0098D-LeaderElection89] INFO  impl.LeaderElection (LeaderElection.java:logAndReturn(56)) - 0f256f10-8056-416e-a2a4-dd085f6c7864@group-9ED9FEE0098D-LeaderElection89: Election REJECTED; received 2 response(s) [0f256f10-8056-416e-a2a4-dd085f6c7864<-2f64f904-2283-4e96-b4e2-6c9018f13084#0:FAIL-t85, 0f256f10-8056-416e-a2a4-dd085f6c7864<-07fb1a7b-fe02-4a56-ac24-3020e88d4db0#0:FAIL-t85] and 0 exception(s); 0f256f10-8056-416e-a2a4-dd085f6c7864@group-9ED9FEE0098D:t85, leader=null, voted=0f256f10-8056-416e-a2a4-dd085f6c7864, raftlog=0f256f10-8056-416e-a2a4-dd085f6c7864@group-9ED9FEE0098D-SegmentedRaftLog:OPENED:c-1,f-1,i0, conf=-1: [2f64f904-2283-4e96-b4e2-6c9018f13084:192.168.34.62:40373, 0f256f10-8056-416e-a2a4-dd085f6c7864:192.168.34.62:35674, 07fb1a7b-fe02-4a56-ac24-3020e88d4db0:192.168.34.62:46434], old=null
2019-10-17 06:31:01,726 [0f256f10-8056-416e-a2a4-dd085f6c7864@group-9ED9FEE0098D-LeaderElection89] INFO  impl.RaftServerImpl (RaftServerImpl.java:setRole(184)) - 0f256f10-8056-416e-a2a4-dd085f6c7864@group-9ED9FEE0098D: changes role from CANDIDATE to FOLLOWER at term 85 for DISCOVERED_A_NEW_TERM
2019-10-17 06:31:01,726 [0f256f10-8056-416e-a2a4-dd085f6c7864@group-9ED9FEE0098D-LeaderElection89] INFO  impl.RoleInfo (RoleInfo.java:shutdownLeaderElection(134)) - 0f256f10-8056-416e-a2a4-dd085f6c7864: shutdown LeaderElection
2019-10-17 06:31:01,727 [0f256f10-8056-416e-a2a4-dd085f6c7864@group-9ED9FEE0098D-LeaderElection89] INFO  impl.RoleInfo (RoleInfo.java:updateAndGet(143)) - 0f256f10-8056-416e-a2a4-dd085f6c7864: start FollowerState
2019-10-17 06:31:01,738 [Thread-1972] INFO  impl.FollowerState (FollowerState.java:run(108)) - 0f256f10-8056-416e-a2a4-dd085f6c7864@group-9ED9FEE0098D-FollowerState: change to CANDIDATE, lastRpcTime:11ms, electionTimeout:11ms
2019-10-17 06:31:01,738 [Thread-1972] INFO  impl.RoleInfo (RoleInfo.java:shutdownFollowerState(121)) - 0f256f10-8056-416e-a2a4-dd085f6c7864: shutdown FollowerState
2019-10-17 06:31:01,738 [Thread-1972] INFO  impl.RaftServerImpl (RaftServerImpl.java:setRole(184)) - 0f256f10-8056-416e-a2a4-dd085f6c7864@group-9ED9FEE0098D: changes role from  FOLLOWER to CANDIDATE at term 85 for changeToCandidate
2019-10-17 06:31:01,738 [Thread-1972] INFO  impl.RoleInfo (RoleInfo.java:updateAndGet(143)) - 0f256f10-8056-416e-a2a4-dd085f6c7864: start LeaderElection
2019-10-17 06:31:01,783 [0f256f10-8056-416e-a2a4-dd085f6c7864@group-9ED9FEE0098D-LeaderElection90] INFO  impl.LeaderElection (LeaderElection.java:askForVotes(178)) - 0f256f10-8056-416e-a2a4-dd085f6c7864@group-9ED9FEE0098D-LeaderElection90: begin an election at term 86 for -1: [2f64f904-2283-4e96-b4e2-6c9018f13084:192.168.34.62:40373, 0f256f10-8056-416e-a2a4-dd085f6c7864:192.168.34.62:35674, 07fb1a7b-fe02-4a56-ac24-3020e88d4db0:192.168.34.62:46434], old=null
2019-10-17 06:31:01,785 [grpc-default-executor-5] INFO  impl.RaftServerImpl (RaftServerImpl.java:setRole(184)) - 2f64f904-2283-4e96-b4e2-6c9018f13084@group-9ED9FEE0098D: changes role from  FOLLOWER to FOLLOWER at term 86 for recognizeCandidate:0f256f10-8056-416e-a2a4-dd085f6c7864
2019-10-17 06:31:01,785 [grpc-default-executor-1] INFO  impl.RaftServerImpl (RaftServerImpl.java:setRole(184)) - 07fb1a7b-fe02-4a56-ac24-3020e88d4db0@group-9ED9FEE0098D: changes role from  FOLLOWER to FOLLOWER at term 86 for recognizeCandidate:0f256f10-8056-416e-a2a4-dd085f6c7864
2019-10-17 06:31:01,786 [grpc-default-executor-1] INFO  impl.RoleInfo (RoleInfo.java:shutdownFollowerState(121)) - 07fb1a7b-fe02-4a56-ac24-3020e88d4db0: shutdown FollowerState
2019-10-17 06:31:01,785 [grpc-default-executor-5] INFO  impl.RoleInfo (RoleInfo.java:shutdownFollowerState(121)) - 2f64f904-2283-4e96-b4e2-6c9018f13084: shutdown FollowerState
2019-10-17 06:31:01,786 [Thread-1970] INFO  impl.FollowerState (FollowerState.java:run(117)) - 07fb1a7b-fe02-4a56-ac24-3020e88d4db0@group-9ED9FEE0098D-FollowerState was interrupted: java.lang.InterruptedException: sleep interrupted
2019-10-17 06:31:01,786 [grpc-default-executor-1] INFO  impl.RoleInfo (RoleInfo.java:updateAndGet(143)) - 07fb1a7b-fe02-4a56-ac24-3020e88d4db0: start FollowerState
2019-10-17 06:31:01,786 [Thread-1971] INFO  impl.FollowerState (FollowerState.java:run(117)) - 2f64f904-2283-4e96-b4e2-6c9018f13084@group-9ED9FEE0098D-FollowerState was interrupted: java.lang.InterruptedException: sleep interrupted
2019-10-17 06:31:01,786 [grpc-default-executor-5] INFO  impl.RoleInfo (RoleInfo.java:updateAndGet(143)) - 2f64f904-2283-4e96-b4e2-6c9018f13084: start FollowerState
2019-10-17 06:31:01,808 [0f256f10-8056-416e-a2a4-dd085f6c7864@group-9ED9FEE0098D-LeaderElection90] INFO  impl.LeaderElection (LeaderElection.java:logAndReturn(56)) - 0f256f10-8056-416e-a2a4-dd085f6c7864@group-9ED9FEE0098D-LeaderElection90: Election REJECTED; received 2 response(s) [0f256f10-8056-416e-a2a4-dd085f6c7864<-2f64f904-2283-4e96-b4e2-6c9018f13084#0:FAIL-t86, 0f256f10-8056-416e-a2a4-dd085f6c7864<-07fb1a7b-fe02-4a56-ac24-3020e88d4db0#0:FAIL-t86] and 0 exception(s); 0f256f10-8056-416e-a2a4-dd085f6c7864@group-9ED9FEE0098D:t86, leader=null, voted=0f256f10-8056-416e-a2a4-dd085f6c7864, raftlog=0f256f10-8056-416e-a2a4-dd085f6c7864@group-9ED9FEE0098D-SegmentedRaftLog:OPENED:c-1,f-1,i0, conf=-1: [2f64f904-2283-4e96-b4e2-6c9018f13084:192.168.34.62:40373, 0f256f10-8056-416e-a2a4-dd085f6c7864:192.168.34.62:35674, 07fb1a7b-fe02-4a56-ac24-3020e88d4db0:192.168.34.62:46434], old=null
2019-10-17 06:31:01,808 [0f256f10-8056-416e-a2a4-dd085f6c7864@group-9ED9FEE0098D-LeaderElection90] INFO  impl.RaftServerImpl (RaftServerImpl.java:setRole(184)) - 0f256f10-8056-416e-a2a4-dd085f6c7864@group-9ED9FEE0098D: changes role from CANDIDATE to FOLLOWER at term 86 for DISCOVERED_A_NEW_TERM
2019-10-17 06:31:01,809 [0f256f10-8056-416e-a2a4-dd085f6c7864@group-9ED9FEE0098D-LeaderElection90] INFO  impl.RoleInfo (RoleInfo.java:shutdownLeaderElection(134)) - 0f256f10-8056-416e-a2a4-dd085f6c7864: shutdown LeaderElection
2019-10-17 06:31:01,809 [0f256f10-8056-416e-a2a4-dd085f6c7864@group-9ED9FEE0098D-LeaderElection90] INFO  impl.RoleInfo (RoleInfo.java:updateAndGet(143)) - 0f256f10-8056-416e-a2a4-dd085f6c7864: start FollowerState
2019-10-17 06:31:01,821 [Thread-1978] INFO  impl.FollowerState (FollowerState.java:run(108)) - 0f256f10-8056-416e-a2a4-dd085f6c7864@group-9ED9FEE0098D-FollowerState: change to CANDIDATE, lastRpcTime:11ms, electionTimeout:11ms
2019-10-17 06:31:01,821 [Thread-1978] INFO  impl.RoleInfo (RoleInfo.java:shutdownFollowerState(121)) - 0f256f10-8056-416e-a2a4-dd085f6c7864: shutdown FollowerState
2019-10-17 06:31:01,821 [Thread-1978] INFO  impl.RaftServerImpl (RaftServerImpl.java:setRole(184)) - 0f256f10-8056-416e-a2a4-dd085f6c7864@group-9ED9FEE0098D: changes role from  FOLLOWER to CANDIDATE at term 86 for changeToCandidate
2019-10-17 06:31:01,821 [Thread-1978] INFO  impl.RoleInfo (RoleInfo.java:updateAndGet(143)) - 0f256f10-8056-416e-a2a4-dd085f6c7864: start LeaderElection
2019-10-17 06:31:01,872 [0f256f10-8056-416e-a2a4-dd085f6c7864@group-9ED9FEE0098D-LeaderElection91] INFO  impl.LeaderElection (LeaderElection.java:askForVotes(178)) - 0f256f10-8056-416e-a2a4-dd085f6c7864@group-9ED9FEE0098D-LeaderElection91: begin an election at term 87 for -1: [2f64f904-2283-4e96-b4e2-6c9018f13084:192.168.34.62:40373, 0f256f10-8056-416e-a2a4-dd085f6c7864:192.168.34.62:35674, 07fb1a7b-fe02-4a56-ac24-3020e88d4db0:192.168.34.62:46434], old=null
2019-10-17 06:31:01,876 [grpc-default-executor-1] INFO  impl.RaftServerImpl (RaftServerImpl.java:setRole(184)) - 07fb1a7b-fe02-4a56-ac24-3020e88d4db0@group-9ED9FEE0098D: changes role from  FOLLOWER to FOLLOWER at term 87 for recognizeCandidate:0f256f10-8056-416e-a2a4-dd085f6c7864
2019-10-17 06:31:01,876 [grpc-default-executor-5] INFO  impl.RaftServerImpl (RaftServerImpl.java:setRole(184)) - 2f64f904-2283-4e96-b4e2-6c9018f13084@group-9ED9FEE0098D: changes role from  FOLLOWER to FOLLOWER at term 87 for recognizeCandidate:0f256f10-8056-416e-a2a4-dd085f6c7864
2019-10-17 06:31:01,876 [grpc-default-executor-1] INFO  impl.RoleInfo (RoleInfo.java:shutdownFollowerState(121)) - 07fb1a7b-fe02-4a56-ac24-3020e88d4db0: shutdown FollowerState
2019-10-17 06:31:01,876 [grpc-default-executor-5] INFO  impl.RoleInfo (RoleInfo.java:shutdownFollowerState(121)) - 2f64f904-2283-4e96-b4e2-6c9018f13084: shutdown FollowerState
2019-10-17 06:31:01,876 [grpc-default-executor-1] INFO  impl.RoleInfo (RoleInfo.java:updateAndGet(143)) - 07fb1a7b-fe02-4a56-ac24-3020e88d4db0: start FollowerState
2019-10-17 06:31:01,876 [Thread-1977] INFO  impl.FollowerState (FollowerState.java:run(117)) - 2f64f904-2283-4e96-b4e2-6c9018f13084@group-9ED9FEE0098D-FollowerState was interrupted: java.lang.InterruptedException: sleep interrupted
2019-10-17 06:31:01,876 [grpc-default-executor-5] INFO  impl.RoleInfo (RoleInfo.java:updateAndGet(143)) - 2f64f904-2283-4e96-b4e2-6c9018f13084: start FollowerState
2019-10-17 06:31:01,876 [Thread-1976] INFO  impl.FollowerState (FollowerState.java:run(117)) - 07fb1a7b-fe02-4a56-ac24-3020e88d4db0@group-9ED9FEE0098D-FollowerState was interrupted: java.lang.InterruptedException: sleep interrupted
2019-10-17 06:31:01,934 [0f256f10-8056-416e-a2a4-dd085f6c7864@group-9ED9FEE0098D-LeaderElection91] INFO  impl.LeaderElection (LeaderElection.java:logAndReturn(56)) - 0f256f10-8056-416e-a2a4-dd085f6c7864@group-9ED9FEE0098D-LeaderElection91: Election REJECTED; received 2 response(s) [0f256f10-8056-416e-a2a4-dd085f6c7864<-2f64f904-2283-4e96-b4e2-6c9018f13084#0:FAIL-t87, 0f256f10-8056-416e-a2a4-dd085f6c7864<-07fb1a7b-fe02-4a56-ac24-3020e88d4db0#0:FAIL-t87] and 0 exception(s); 0f256f10-8056-416e-a2a4-dd085f6c7864@group-9ED9FEE0098D:t87, leader=null, voted=0f256f10-8056-416e-a2a4-dd085f6c7864, raftlog=0f256f10-8056-416e-a2a4-dd085f6c7864@group-9ED9FEE0098D-SegmentedRaftLog:OPENED:c-1,f-1,i0, conf=-1: [2f64f904-2283-4e96-b4e2-6c9018f13084:192.168.34.62:40373, 0f256f10-8056-416e-a2a4-dd085f6c7864:192.168.34.62:35674, 07fb1a7b-fe02-4a56-ac24-3020e88d4db0:192.168.34.62:46434], old=null
2019-10-17 06:31:01,934 [0f256f10-8056-416e-a2a4-dd085f6c7864@group-9ED9FEE0098D-LeaderElection91] INFO  impl.RaftServerImpl (RaftServerImpl.java:setRole(184)) - 0f256f10-8056-416e-a2a4-dd085f6c7864@group-9ED9FEE0098D: changes role from CANDIDATE to FOLLOWER at term 87 for DISCOVERED_A_NEW_TERM
2019-10-17 06:31:01,934 [0f256f10-8056-416e-a2a4-dd085f6c7864@group-9ED9FEE0098D-LeaderElection91] INFO  impl.RoleInfo (RoleInfo.java:shutdownLeaderElection(134)) - 0f256f10-8056-416e-a2a4-dd085f6c7864: shutdown LeaderElection
2019-10-17 06:31:01,934 [0f256f10-8056-416e-a2a4-dd085f6c7864@group-9ED9FEE0098D-LeaderElection91] INFO  impl.RoleInfo (RoleInfo.java:updateAndGet(143)) - 0f256f10-8056-416e-a2a4-dd085f6c7864: start FollowerState
2019-10-17 06:31:02,103 [Thread-1984] INFO  impl.FollowerState (FollowerState.java:run(108)) - 0f256f10-8056-416e-a2a4-dd085f6c7864@group-9ED9FEE0098D-FollowerState: change to CANDIDATE, lastRpcTime:168ms, electionTimeout:168ms
2019-10-17 06:31:02,103 [Thread-1984] INFO  impl.RoleInfo (RoleInfo.java:shutdownFollowerState(121)) - 0f256f10-8056-416e-a2a4-dd085f6c7864: shutdown FollowerState
2019-10-17 06:31:02,103 [Thread-1984] INFO  impl.RaftServerImpl (RaftServerImpl.java:setRole(184)) - 0f256f10-8056-416e-a2a4-dd085f6c7864@group-9ED9FEE0098D: changes role from  FOLLOWER to CANDIDATE at term 87 for changeToCandidate
2019-10-17 06:31:02,103 [Thread-1984] INFO  impl.RoleInfo (RoleInfo.java:updateAndGet(143)) - 0f256f10-8056-416e-a2a4-dd085f6c7864: start LeaderElection
2019-10-17 06:31:02,162 [0f256f10-8056-416e-a2a4-dd085f6c7864@group-9ED9FEE0098D-LeaderElection92] INFO  impl.LeaderElection (LeaderElection.java:askForVotes(178)) - 0f256f10-8056-416e-a2a4-dd085f6c7864@group-9ED9FEE0098D-LeaderElection92: begin an election at term 88 for -1: [2f64f904-2283-4e96-b4e2-6c9018f13084:192.168.34.62:40373, 0f256f10-8056-416e-a2a4-dd085f6c7864:192.168.34.62:35674, 07fb1a7b-fe02-4a56-ac24-3020e88d4db0:192.168.34.62:46434], old=null
2019-10-17 06:31:02,165 [grpc-default-executor-1] INFO  impl.RaftServerImpl (RaftServerImpl.java:setRole(184)) - 2f64f904-2283-4e96-b4e2-6c9018f13084@group-9ED9FEE0098D: changes role from  FOLLOWER to FOLLOWER at term 88 for recognizeCandidate:0f256f10-8056-416e-a2a4-dd085f6c7864
2019-10-17 06:31:02,165 [grpc-default-executor-5] INFO  impl.RaftServerImpl (RaftServerImpl.java:setRole(184)) - 07fb1a7b-fe02-4a56-ac24-3020e88d4db0@group-9ED9FEE0098D: changes role from  FOLLOWER to FOLLOWER at term 88 for recognizeCandidate:0f256f10-8056-416e-a2a4-dd085f6c7864
2019-10-17 06:31:02,165 [grpc-default-executor-1] INFO  impl.RoleInfo (RoleInfo.java:shutdownFollowerState(121)) - 2f64f904-2283-4e96-b4e2-6c9018f13084: shutdown FollowerState
2019-10-17 06:31:02,165 [grpc-default-executor-5] INFO  impl.RoleInfo (RoleInfo.java:shutdownFollowerState(121)) - 07fb1a7b-fe02-4a56-ac24-3020e88d4db0: shutdown FollowerState
2019-10-17 06:31:02,165 [Thread-1983] INFO  impl.FollowerState (FollowerState.java:run(117)) - 2f64f904-2283-4e96-b4e2-6c9018f13084@group-9ED9FEE0098D-FollowerState was interrupted: java.lang.InterruptedException: sleep interrupted
2019-10-17 06:31:02,165 [grpc-default-executor-1] INFO  impl.RoleInfo (RoleInfo.java:updateAndGet(143)) - 2f64f904-2283-4e96-b4e2-6c9018f13084: start FollowerState
2019-10-17 06:31:02,165 [Thread-1982] INFO  impl.FollowerState (FollowerState.java:run(117)) - 07fb1a7b-fe02-4a56-ac24-3020e88d4db0@group-9ED9FEE0098D-FollowerState was interrupted: java.lang.InterruptedException: sleep interrupted
2019-10-17 06:31:02,165 [grpc-default-executor-5] INFO  impl.RoleInfo (RoleInfo.java:updateAndGet(143)) - 07fb1a7b-fe02-4a56-ac24-3020e88d4db0: start FollowerState
2019-10-17 06:31:02,221 [0f256f10-8056-416e-a2a4-dd085f6c7864@group-9ED9FEE0098D-LeaderElection92] INFO  impl.LeaderElection (LeaderElection.java:logAndReturn(56)) - 0f256f10-8056-416e-a2a4-dd085f6c7864@group-9ED9FEE0098D-LeaderElection92: Election REJECTED; received 2 response(s) [0f256f10-8056-416e-a2a4-dd085f6c7864<-2f64f904-2283-4e96-b4e2-6c9018f13084#0:FAIL-t88, 0f256f10-8056-416e-a2a4-dd085f6c7864<-07fb1a7b-fe02-4a56-ac24-3020e88d4db0#0:FAIL-t88] and 0 exception(s); 0f256f10-8056-416e-a2a4-dd085f6c7864@group-9ED9FEE0098D:t88, leader=null, voted=0f256f10-8056-416e-a2a4-dd085f6c7864, raftlog=0f256f10-8056-416e-a2a4-dd085f6c7864@group-9ED9FEE0098D-SegmentedRaftLog:OPENED:c-1,f-1,i0, conf=-1: [2f64f904-2283-4e96-b4e2-6c9018f13084:192.168.34.62:40373, 0f256f10-8056-416e-a2a4-dd085f6c7864:192.168.34.62:35674, 07fb1a7b-fe02-4a56-ac24-3020e88d4db0:192.168.34.62:46434], old=null
2019-10-17 06:31:02,221 [0f256f10-8056-416e-a2a4-dd085f6c7864@group-9ED9FEE0098D-LeaderElection92] INFO  impl.RaftServerImpl (RaftServerImpl.java:setRole(184)) - 0f256f10-8056-416e-a2a4-dd085f6c7864@group-9ED9FEE0098D: changes role from CANDIDATE to FOLLOWER at term 88 for DISCOVERED_A_NEW_TERM
2019-10-17 06:31:02,221 [0f256f10-8056-416e-a2a4-dd085f6c7864@group-9ED9FEE0098D-LeaderElection92] INFO  impl.RoleInfo (RoleInfo.java:shutdownLeaderElection(134)) - 0f256f10-8056-416e-a2a4-dd085f6c7864: shutdown LeaderElection
2019-10-17 06:31:02,221 [0f256f10-8056-416e-a2a4-dd085f6c7864@group-9ED9FEE0098D-LeaderElection92] INFO  impl.RoleInfo (RoleInfo.java:updateAndGet(143)) - 0f256f10-8056-416e-a2a4-dd085f6c7864: start FollowerState
2019-10-17 06:31:02,394 [Thread-1990] INFO  impl.FollowerState (FollowerState.java:run(108)) - 0f256f10-8056-416e-a2a4-dd085f6c7864@group-9ED9FEE0098D-FollowerState: change to CANDIDATE, lastRpcTime:172ms, electionTimeout:172ms
2019-10-17 06:31:02,394 [Thread-1990] INFO  impl.RoleInfo (RoleInfo.java:shutdownFollowerState(121)) - 0f256f10-8056-416e-a2a4-dd085f6c7864: shutdown FollowerState
2019-10-17 06:31:02,394 [Thread-1990] INFO  impl.RaftServerImpl (RaftServerImpl.java:setRole(184)) - 0f256f10-8056-416e-a2a4-dd085f6c7864@group-9ED9FEE0098D: changes role from  FOLLOWER to CANDIDATE at term 88 for changeToCandidate
2019-10-17 06:31:02,394 [Thread-1990] INFO  impl.RoleInfo (RoleInfo.java:updateAndGet(143)) - 0f256f10-8056-416e-a2a4-dd085f6c7864: start LeaderElection
2019-10-17 06:31:02,412 [0f256f10-8056-416e-a2a4-dd085f6c7864@group-9ED9FEE0098D-LeaderElection93] INFO  impl.LeaderElection (LeaderElection.java:askForVotes(178)) - 0f256f10-8056-416e-a2a4-dd085f6c7864@group-9ED9FEE0098D-LeaderElection93: begin an election at term 89 for -1: [2f64f904-2283-4e96-b4e2-6c9018f13084:192.168.34.62:40373, 0f256f10-8056-416e-a2a4-dd085f6c7864:192.168.34.62:35674, 07fb1a7b-fe02-4a56-ac24-3020e88d4db0:192.168.34.62:46434], old=null
2019-10-17 06:31:02,415 [grpc-default-executor-1] INFO  impl.RaftServerImpl (RaftServerImpl.java:setRole(184)) - 07fb1a7b-fe02-4a56-ac24-3020e88d4db0@group-9ED9FEE0098D: changes role from  FOLLOWER to FOLLOWER at term 89 for recognizeCandidate:0f256f10-8056-416e-a2a4-dd085f6c7864
2019-10-17 06:31:02,415 [grpc-default-executor-1] INFO  impl.RoleInfo (RoleInfo.java:shutdownFollowerState(121)) - 07fb1a7b-fe02-4a56-ac24-3020e88d4db0: shutdown FollowerState
2019-10-17 06:31:02,415 [grpc-default-executor-1] INFO  impl.RoleInfo (RoleInfo.java:updateAndGet(143)) - 07fb1a7b-fe02-4a56-ac24-3020e88d4db0: start FollowerState
2019-10-17 06:31:02,415 [Thread-1989] INFO  impl.FollowerState (FollowerState.java:run(117)) - 07fb1a7b-fe02-4a56-ac24-3020e88d4db0@group-9ED9FEE0098D-FollowerState was interrupted: java.lang.InterruptedException: sleep interrupted
2019-10-17 06:31:02,415 [grpc-default-executor-5] INFO  impl.RaftServerImpl (RaftServerImpl.java:setRole(184)) - 2f64f904-2283-4e96-b4e2-6c9018f13084@group-9ED9FEE0098D: changes role from  FOLLOWER to FOLLOWER at term 89 for recognizeCandidate:0f256f10-8056-416e-a2a4-dd085f6c7864
2019-10-17 06:31:02,415 [grpc-default-executor-5] INFO  impl.RoleInfo (RoleInfo.java:shutdownFollowerState(121)) - 2f64f904-2283-4e96-b4e2-6c9018f13084: shutdown FollowerState
2019-10-17 06:31:02,415 [grpc-default-executor-5] INFO  impl.RoleInfo (RoleInfo.java:updateAndGet(143)) - 2f64f904-2283-4e96-b4e2-6c9018f13084: start FollowerState
2019-10-17 06:31:02,415 [Thread-1988] INFO  impl.FollowerState (FollowerState.java:run(117)) - 2f64f904-2283-4e96-b4e2-6c9018f13084@group-9ED9FEE0098D-FollowerState was interrupted: java.lang.InterruptedException: sleep interrupted
2019-10-17 06:31:02,427 [0f256f10-8056-416e-a2a4-dd085f6c7864@group-9ED9FEE0098D-LeaderElection93] INFO  impl.LeaderElection (LeaderElection.java:logAndReturn(56)) - 0f256f10-8056-416e-a2a4-dd085f6c7864@group-9ED9FEE0098D-LeaderElection93: Election TIMEOUT; received 0 response(s) [] and 0 exception(s); 0f256f10-8056-416e-a2a4-dd085f6c7864@group-9ED9FEE0098D:t89, leader=null, voted=0f256f10-8056-416e-a2a4-dd085f6c7864, raftlog=0f256f10-8056-416e-a2a4-dd085f6c7864@group-9ED9FEE0098D-SegmentedRaftLog:OPENED:c-1,f-1,i0, conf=-1: [2f64f904-2283-4e96-b4e2-6c9018f13084:192.168.34.62:40373, 0f256f10-8056-416e-a2a4-dd085f6c7864:192.168.34.62:35674, 07fb1a7b-fe02-4a56-ac24-3020e88d4db0:192.168.34.62:46434], old=null
2019-10-17 06:31:02,445 [0f256f10-8056-416e-a2a4-dd085f6c7864@group-9ED9FEE0098D-LeaderElection93] INFO  impl.LeaderElection (LeaderElection.java:askForVotes(178)) - 0f256f10-8056-416e-a2a4-dd085f6c7864@group-9ED9FEE0098D-LeaderElection93: begin an election at term 90 for -1: [2f64f904-2283-4e96-b4e2-6c9018f13084:192.168.34.62:40373, 0f256f10-8056-416e-a2a4-dd085f6c7864:192.168.34.62:35674, 07fb1a7b-fe02-4a56-ac24-3020e88d4db0:192.168.34.62:46434], old=null
2019-10-17 06:31:02,448 [grpc-default-executor-1] INFO  impl.RaftServerImpl (RaftServerImpl.java:setRole(184)) - 07fb1a7b-fe02-4a56-ac24-3020e88d4db0@group-9ED9FEE0098D: changes role from  FOLLOWER to FOLLOWER at term 90 for recognizeCandidate:0f256f10-8056-416e-a2a4-dd085f6c7864
2019-10-17 06:31:02,448 [grpc-default-executor-5] INFO  impl.RaftServerImpl (RaftServerImpl.java:setRole(184)) - 2f64f904-2283-4e96-b4e2-6c9018f13084@group-9ED9FEE0098D: changes role from  FOLLOWER to FOLLOWER at term 90 for recognizeCandidate:0f256f10-8056-416e-a2a4-dd085f6c7864
2019-10-17 06:31:02,448 [grpc-default-executor-1] INFO  impl.RoleInfo (RoleInfo.java:shutdownFollowerState(121)) - 07fb1a7b-fe02-4a56-ac24-3020e88d4db0: shutdown FollowerState
2019-10-17 06:31:02,448 [grpc-default-executor-5] INFO  impl.RoleInfo (RoleInfo.java:shutdownFollowerState(121)) - 2f64f904-2283-4e96-b4e2-6c9018f13084: shutdown FollowerState
2019-10-17 06:31:02,448 [Thread-1994] INFO  impl.FollowerState (FollowerState.java:run(117)) - 07fb1a7b-fe02-4a56-ac24-3020e88d4db0@group-9ED9FEE0098D-FollowerState was interrupted: java.lang.InterruptedException: sleep interrupted
2019-10-17 06:31:02,448 [grpc-default-executor-1] INFO  impl.RoleInfo (RoleInfo.java:updateAndGet(143)) - 07fb1a7b-fe02-4a56-ac24-3020e88d4db0: start FollowerState
2019-10-17 06:31:02,448 [grpc-default-executor-5] INFO  impl.RoleInfo (RoleInfo.java:updateAndGet(143)) - 2f64f904-2283-4e96-b4e2-6c9018f13084: start FollowerState
2019-10-17 06:31:02,448 [Thread-1995] INFO  impl.FollowerState (FollowerState.java:run(117)) - 2f64f904-2283-4e96-b4e2-6c9018f13084@group-9ED9FEE0098D-FollowerState was interrupted: java.lang.InterruptedException: sleep interrupted
2019-10-17 06:31:02,466 [0f256f10-8056-416e-a2a4-dd085f6c7864@group-9ED9FEE0098D-LeaderElection93] INFO  impl.LeaderElection (LeaderElection.java:logAndReturn(56)) - 0f256f10-8056-416e-a2a4-dd085f6c7864@group-9ED9FEE0098D-LeaderElection93: Election REJECTED; received 2 response(s) [0f256f10-8056-416e-a2a4-dd085f6c7864<-2f64f904-2283-4e96-b4e2-6c9018f13084#0:FAIL-t90, 0f256f10-8056-416e-a2a4-dd085f6c7864<-07fb1a7b-fe02-4a56-ac24-3020e88d4db0#0:FAIL-t90] and 0 exception(s); 0f256f10-8056-416e-a2a4-dd085f6c7864@group-9ED9FEE0098D:t90, leader=null, voted=0f256f10-8056-416e-a2a4-dd085f6c7864, raftlog=0f256f10-8056-416e-a2a4-dd085f6c7864@group-9ED9FEE0098D-SegmentedRaftLog:OPENED:c-1,f-1,i0, conf=-1: [2f64f904-2283-4e96-b4e2-6c9018f13084:192.168.34.62:40373, 0f256f10-8056-416e-a2a4-dd085f6c7864:192.168.34.62:35674, 07fb1a7b-fe02-4a56-ac24-3020e88d4db0:192.168.34.62:46434], old=null
2019-10-17 06:31:02,466 [0f256f10-8056-416e-a2a4-dd085f6c7864@group-9ED9FEE0098D-LeaderElection93] INFO  impl.RaftServerImpl (RaftServerImpl.java:setRole(184)) - 0f256f10-8056-416e-a2a4-dd085f6c7864@group-9ED9FEE0098D: changes role from CANDIDATE to FOLLOWER at term 90 for DISCOVERED_A_NEW_TERM
2019-10-17 06:31:02,466 [0f256f10-8056-416e-a2a4-dd085f6c7864@group-9ED9FEE0098D-LeaderElection93] INFO  impl.RoleInfo (RoleInfo.java:shutdownLeaderElection(134)) - 0f256f10-8056-416e-a2a4-dd085f6c7864: shutdown LeaderElection
2019-10-17 06:31:02,466 [0f256f10-8056-416e-a2a4-dd085f6c7864@group-9ED9FEE0098D-LeaderElection93] INFO  impl.RoleInfo (RoleInfo.java:updateAndGet(143)) - 0f256f10-8056-416e-a2a4-dd085f6c7864: start FollowerState
2019-10-17 06:31:02,547 [Thread-2000] INFO  impl.FollowerState (FollowerState.java:run(108)) - 0f256f10-8056-416e-a2a4-dd085f6c7864@group-9ED9FEE0098D-FollowerState: change to CANDIDATE, lastRpcTime:80ms, electionTimeout:80ms
2019-10-17 06:31:02,547 [Thread-2000] INFO  impl.RoleInfo (RoleInfo.java:shutdownFollowerState(121)) - 0f256f10-8056-416e-a2a4-dd085f6c7864: shutdown FollowerState
2019-10-17 06:31:02,547 [Thread-2000] INFO  impl.RaftServerImpl (RaftServerImpl.java:setRole(184)) - 0f256f10-8056-416e-a2a4-dd085f6c7864@group-9ED9FEE0098D: changes role from  FOLLOWER to CANDIDATE at term 90 for changeToCandidate
2019-10-17 06:31:02,547 [Thread-2000] INFO  impl.RoleInfo (RoleInfo.java:updateAndGet(143)) - 0f256f10-8056-416e-a2a4-dd085f6c7864: start LeaderElection
2019-10-17 06:31:02,564 [0f256f10-8056-416e-a2a4-dd085f6c7864@group-9ED9FEE0098D-LeaderElection94] INFO  impl.LeaderElection (LeaderElection.java:askForVotes(178)) - 0f256f10-8056-416e-a2a4-dd085f6c7864@group-9ED9FEE0098D-LeaderElection94: begin an election at term 91 for -1: [2f64f904-2283-4e96-b4e2-6c9018f13084:192.168.34.62:40373, 0f256f10-8056-416e-a2a4-dd085f6c7864:192.168.34.62:35674, 07fb1a7b-fe02-4a56-ac24-3020e88d4db0:192.168.34.62:46434], old=null
2019-10-17 06:31:02,566 [grpc-default-executor-1] INFO  impl.RaftServerImpl (RaftServerImpl.java:setRole(184)) - 2f64f904-2283-4e96-b4e2-6c9018f13084@group-9ED9FEE0098D: changes role from  FOLLOWER to FOLLOWER at term 91 for recognizeCandidate:0f256f10-8056-416e-a2a4-dd085f6c7864
2019-10-17 06:31:02,566 [grpc-default-executor-5] INFO  impl.RaftServerImpl (RaftServerImpl.java:setRole(184)) - 07fb1a7b-fe02-4a56-ac24-3020e88d4db0@group-9ED9FEE0098D: changes role from  FOLLOWER to FOLLOWER at term 91 for recognizeCandidate:0f256f10-8056-416e-a2a4-dd085f6c7864
2019-10-17 06:31:02,566 [grpc-default-executor-1] INFO  impl.RoleInfo (RoleInfo.java:shutdownFollowerState(121)) - 2f64f904-2283-4e96-b4e2-6c9018f13084: shutdown FollowerState
2019-10-17 06:31:02,566 [grpc-default-executor-5] INFO  impl.RoleInfo (RoleInfo.java:shutdownFollowerState(121)) - 07fb1a7b-fe02-4a56-ac24-3020e88d4db0: shutdown FollowerState
2019-10-17 06:31:02,566 [Thread-1999] INFO  impl.FollowerState (FollowerState.java:run(117)) - 2f64f904-2283-4e96-b4e2-6c9018f13084@group-9ED9FEE0098D-FollowerState was interrupted: java.lang.InterruptedException: sleep interrupted
2019-10-17 06:31:02,566 [grpc-default-executor-1] INFO  impl.RoleInfo (RoleInfo.java:updateAndGet(143)) - 2f64f904-2283-4e96-b4e2-6c9018f13084: start FollowerState
2019-10-17 06:31:02,566 [Thread-1998] INFO  impl.FollowerState (FollowerState.java:run(117)) - 07fb1a7b-fe02-4a56-ac24-3020e88d4db0@group-9ED9FEE0098D-FollowerState was interrupted: java.lang.InterruptedException: sleep interrupted
2019-10-17 06:31:02,566 [grpc-default-executor-5] INFO  impl.RoleInfo (RoleInfo.java:updateAndGet(143)) - 07fb1a7b-fe02-4a56-ac24-3020e88d4db0: start FollowerState
2019-10-17 06:31:02,585 [0f256f10-8056-416e-a2a4-dd085f6c7864@group-9ED9FEE0098D-LeaderElection94] INFO  impl.LeaderElection (LeaderElection.java:logAndReturn(56)) - 0f256f10-8056-416e-a2a4-dd085f6c7864@group-9ED9FEE0098D-LeaderElection94: Election REJECTED; received 2 response(s) [0f256f10-8056-416e-a2a4-dd085f6c7864<-2f64f904-2283-4e96-b4e2-6c9018f13084#0:FAIL-t91, 0f256f10-8056-416e-a2a4-dd085f6c7864<-07fb1a7b-fe02-4a56-ac24-3020e88d4db0#0:FAIL-t91] and 0 exception(s); 0f256f10-8056-416e-a2a4-dd085f6c7864@group-9ED9FEE0098D:t91, leader=null, voted=0f256f10-8056-416e-a2a4-dd085f6c7864, raftlog=0f256f10-8056-416e-a2a4-dd085f6c7864@group-9ED9FEE0098D-SegmentedRaftLog:OPENED:c-1,f-1,i0, conf=-1: [2f64f904-2283-4e96-b4e2-6c9018f13084:192.168.34.62:40373, 0f256f10-8056-416e-a2a4-dd085f6c7864:192.168.34.62:35674, 07fb1a7b-fe02-4a56-ac24-3020e88d4db0:192.168.34.62:46434], old=null
2019-10-17 06:31:02,585 [0f256f10-8056-416e-a2a4-dd085f6c7864@group-9ED9FEE0098D-LeaderElection94] INFO  impl.RaftServerImpl (RaftServerImpl.java:setRole(184)) - 0f256f10-8056-416e-a2a4-dd085f6c7864@group-9ED9FEE0098D: changes role from CANDIDATE to FOLLOWER at term 91 for DISCOVERED_A_NEW_TERM
2019-10-17 06:31:02,585 [0f256f10-8056-416e-a2a4-dd085f6c7864@group-9ED9FEE0098D-LeaderElection94] INFO  impl.RoleInfo (RoleInfo.java:shutdownLeaderElection(134)) - 0f256f10-8056-416e-a2a4-dd085f6c7864: shutdown LeaderElection
2019-10-17 06:31:02,585 [0f256f10-8056-416e-a2a4-dd085f6c7864@group-9ED9FEE0098D-LeaderElection94] INFO  impl.RoleInfo (RoleInfo.java:updateAndGet(143)) - 0f256f10-8056-416e-a2a4-dd085f6c7864: start FollowerState
2019-10-17 06:31:02,636 [Thread-1202] INFO  ozone.MiniOzoneClusterImpl (MiniOzoneClusterImpl.java:lambda$waitForClusterToBeReady$2(164)) - Waiting for 1 number of pipelines out of 4, to report a leader.
2019-10-17 06:31:02,639 [Thread-2006] INFO  impl.FollowerState (FollowerState.java:run(108)) - 0f256f10-8056-416e-a2a4-dd085f6c7864@group-9ED9FEE0098D-FollowerState: change to CANDIDATE, lastRpcTime:53ms, electionTimeout:53ms
2019-10-17 06:31:02,639 [Thread-2006] INFO  impl.RoleInfo (RoleInfo.java:shutdownFollowerState(121)) - 0f256f10-8056-416e-a2a4-dd085f6c7864: shutdown FollowerState
2019-10-17 06:31:02,639 [Thread-2006] INFO  impl.RaftServerImpl (RaftServerImpl.java:setRole(184)) - 0f256f10-8056-416e-a2a4-dd085f6c7864@group-9ED9FEE0098D: changes role from  FOLLOWER to CANDIDATE at term 91 for changeToCandidate
2019-10-17 06:31:02,639 [Thread-2006] INFO  impl.RoleInfo (RoleInfo.java:updateAndGet(143)) - 0f256f10-8056-416e-a2a4-dd085f6c7864: start LeaderElection
2019-10-17 06:31:02,658 [0f256f10-8056-416e-a2a4-dd085f6c7864@group-9ED9FEE0098D-LeaderElection95] INFO  impl.LeaderElection (LeaderElection.java:askForVotes(178)) - 0f256f10-8056-416e-a2a4-dd085f6c7864@group-9ED9FEE0098D-LeaderElection95: begin an election at term 92 for -1: [2f64f904-2283-4e96-b4e2-6c9018f13084:192.168.34.62:40373, 0f256f10-8056-416e-a2a4-dd085f6c7864:192.168.34.62:35674, 07fb1a7b-fe02-4a56-ac24-3020e88d4db0:192.168.34.62:46434], old=null
2019-10-17 06:31:02,660 [grpc-default-executor-1] INFO  impl.RaftServerImpl (RaftServerImpl.java:setRole(184)) - 07fb1a7b-fe02-4a56-ac24-3020e88d4db0@group-9ED9FEE0098D: changes role from  FOLLOWER to FOLLOWER at term 92 for recognizeCandidate:0f256f10-8056-416e-a2a4-dd085f6c7864
2019-10-17 06:31:02,660 [grpc-default-executor-1] INFO  impl.RoleInfo (RoleInfo.java:shutdownFollowerState(121)) - 07fb1a7b-fe02-4a56-ac24-3020e88d4db0: shutdown FollowerState
2019-10-17 06:31:02,660 [grpc-default-executor-1] INFO  impl.RoleInfo (RoleInfo.java:updateAndGet(143)) - 07fb1a7b-fe02-4a56-ac24-3020e88d4db0: start FollowerState
2019-10-17 06:31:02,660 [Thread-2005] INFO  impl.FollowerState (FollowerState.java:run(117)) - 07fb1a7b-fe02-4a56-ac24-3020e88d4db0@group-9ED9FEE0098D-FollowerState was interrupted: java.lang.InterruptedException: sleep interrupted
2019-10-17 06:31:02,660 [grpc-default-executor-5] INFO  impl.RaftServerImpl (RaftServerImpl.java:setRole(184)) - 2f64f904-2283-4e96-b4e2-6c9018f13084@group-9ED9FEE0098D: changes role from  FOLLOWER to FOLLOWER at term 92 for recognizeCandidate:0f256f10-8056-416e-a2a4-dd085f6c7864
2019-10-17 06:31:02,661 [grpc-default-executor-5] INFO  impl.RoleInfo (RoleInfo.java:shutdownFollowerState(121)) - 2f64f904-2283-4e96-b4e2-6c9018f13084: shutdown FollowerState
2019-10-17 06:31:02,661 [grpc-default-executor-5] INFO  impl.RoleInfo (RoleInfo.java:updateAndGet(143)) - 2f64f904-2283-4e96-b4e2-6c9018f13084: start FollowerState
2019-10-17 06:31:02,661 [Thread-2004] INFO  impl.FollowerState (FollowerState.java:run(117)) - 2f64f904-2283-4e96-b4e2-6c9018f13084@group-9ED9FEE0098D-FollowerState was interrupted: java.lang.InterruptedException: sleep interrupted
2019-10-17 06:31:02,674 [0f256f10-8056-416e-a2a4-dd085f6c7864@group-9ED9FEE0098D-LeaderElection95] INFO  impl.LeaderElection (LeaderElection.java:logAndReturn(56)) - 0f256f10-8056-416e-a2a4-dd085f6c7864@group-9ED9FEE0098D-LeaderElection95: Election TIMEOUT; received 0 response(s) [] and 0 exception(s); 0f256f10-8056-416e-a2a4-dd085f6c7864@group-9ED9FEE0098D:t92, leader=null, voted=0f256f10-8056-416e-a2a4-dd085f6c7864, raftlog=0f256f10-8056-416e-a2a4-dd085f6c7864@group-9ED9FEE0098D-SegmentedRaftLog:OPENED:c-1,f-1,i0, conf=-1: [2f64f904-2283-4e96-b4e2-6c9018f13084:192.168.34.62:40373, 0f256f10-8056-416e-a2a4-dd085f6c7864:192.168.34.62:35674, 07fb1a7b-fe02-4a56-ac24-3020e88d4db0:192.168.34.62:46434], old=null
2019-10-17 06:31:02,695 [0f256f10-8056-416e-a2a4-dd085f6c7864@group-9ED9FEE0098D-LeaderElection95] INFO  impl.LeaderElection (LeaderElection.java:askForVotes(178)) - 0f256f10-8056-416e-a2a4-dd085f6c7864@group-9ED9FEE0098D-LeaderElection95: begin an election at term 93 for -1: [2f64f904-2283-4e96-b4e2-6c9018f13084:192.168.34.62:40373, 0f256f10-8056-416e-a2a4-dd085f6c7864:192.168.34.62:35674, 07fb1a7b-fe02-4a56-ac24-3020e88d4db0:192.168.34.62:46434], old=null
2019-10-17 06:31:02,697 [grpc-default-executor-1] INFO  impl.RaftServerImpl (RaftServerImpl.java:setRole(184)) - 07fb1a7b-fe02-4a56-ac24-3020e88d4db0@group-9ED9FEE0098D: changes role from  FOLLOWER to FOLLOWER at term 93 for recognizeCandidate:0f256f10-8056-416e-a2a4-dd085f6c7864
2019-10-17 06:31:02,697 [grpc-default-executor-5] INFO  impl.RaftServerImpl (RaftServerImpl.java:setRole(184)) - 2f64f904-2283-4e96-b4e2-6c9018f13084@group-9ED9FEE0098D: changes role from  FOLLOWER to FOLLOWER at term 93 for recognizeCandidate:0f256f10-8056-416e-a2a4-dd085f6c7864
2019-10-17 06:31:02,697 [grpc-default-executor-1] INFO  impl.RoleInfo (RoleInfo.java:shutdownFollowerState(121)) - 07fb1a7b-fe02-4a56-ac24-3020e88d4db0: shutdown FollowerState
2019-10-17 06:31:02,697 [grpc-default-executor-5] INFO  impl.RoleInfo (RoleInfo.java:shutdownFollowerState(121)) - 2f64f904-2283-4e96-b4e2-6c9018f13084: shutdown FollowerState
2019-10-17 06:31:02,698 [Thread-2010] INFO  impl.FollowerState (FollowerState.java:run(117)) - 07fb1a7b-fe02-4a56-ac24-3020e88d4db0@group-9ED9FEE0098D-FollowerState was interrupted: java.lang.InterruptedException: sleep interrupted
2019-10-17 06:31:02,698 [grpc-default-executor-1] INFO  impl.RoleInfo (RoleInfo.java:updateAndGet(143)) - 07fb1a7b-fe02-4a56-ac24-3020e88d4db0: start FollowerState
2019-10-17 06:31:02,698 [Thread-2011] INFO  impl.FollowerState (FollowerState.java:run(117)) - 2f64f904-2283-4e96-b4e2-6c9018f13084@group-9ED9FEE0098D-FollowerState was interrupted: java.lang.InterruptedException: sleep interrupted
2019-10-17 06:31:02,698 [grpc-default-executor-5] INFO  impl.RoleInfo (RoleInfo.java:updateAndGet(143)) - 2f64f904-2283-4e96-b4e2-6c9018f13084: start FollowerState
2019-10-17 06:31:02,711 [0f256f10-8056-416e-a2a4-dd085f6c7864@group-9ED9FEE0098D-LeaderElection95] INFO  impl.LeaderElection (LeaderElection.java:logAndReturn(56)) - 0f256f10-8056-416e-a2a4-dd085f6c7864@group-9ED9FEE0098D-LeaderElection95: Election REJECTED; received 2 response(s) [0f256f10-8056-416e-a2a4-dd085f6c7864<-2f64f904-2283-4e96-b4e2-6c9018f13084#0:FAIL-t93, 0f256f10-8056-416e-a2a4-dd085f6c7864<-07fb1a7b-fe02-4a56-ac24-3020e88d4db0#0:FAIL-t93] and 0 exception(s); 0f256f10-8056-416e-a2a4-dd085f6c7864@group-9ED9FEE0098D:t93, leader=null, voted=0f256f10-8056-416e-a2a4-dd085f6c7864, raftlog=0f256f10-8056-416e-a2a4-dd085f6c7864@group-9ED9FEE0098D-SegmentedRaftLog:OPENED:c-1,f-1,i0, conf=-1: [2f64f904-2283-4e96-b4e2-6c9018f13084:192.168.34.62:40373, 0f256f10-8056-416e-a2a4-dd085f6c7864:192.168.34.62:35674, 07fb1a7b-fe02-4a56-ac24-3020e88d4db0:192.168.34.62:46434], old=null
2019-10-17 06:31:02,711 [0f256f10-8056-416e-a2a4-dd085f6c7864@group-9ED9FEE0098D-LeaderElection95] INFO  impl.RaftServerImpl (RaftServerImpl.java:setRole(184)) - 0f256f10-8056-416e-a2a4-dd085f6c7864@group-9ED9FEE0098D: changes role from CANDIDATE to FOLLOWER at term 93 for DISCOVERED_A_NEW_TERM
2019-10-17 06:31:02,711 [0f256f10-8056-416e-a2a4-dd085f6c7864@group-9ED9FEE0098D-LeaderElection95] INFO  impl.RoleInfo (RoleInfo.java:shutdownLeaderElection(134)) - 0f256f10-8056-416e-a2a4-dd085f6c7864: shutdown LeaderElection
2019-10-17 06:31:02,711 [0f256f10-8056-416e-a2a4-dd085f6c7864@group-9ED9FEE0098D-LeaderElection95] INFO  impl.RoleInfo (RoleInfo.java:updateAndGet(143)) - 0f256f10-8056-416e-a2a4-dd085f6c7864: start FollowerState
2019-10-17 06:31:02,753 [Thread-2016] INFO  impl.FollowerState (FollowerState.java:run(108)) - 0f256f10-8056-416e-a2a4-dd085f6c7864@group-9ED9FEE0098D-FollowerState: change to CANDIDATE, lastRpcTime:42ms, electionTimeout:42ms
2019-10-17 06:31:02,754 [Thread-2016] INFO  impl.RoleInfo (RoleInfo.java:shutdownFollowerState(121)) - 0f256f10-8056-416e-a2a4-dd085f6c7864: shutdown FollowerState
2019-10-17 06:31:02,754 [Thread-2016] INFO  impl.RaftServerImpl (RaftServerImpl.java:setRole(184)) - 0f256f10-8056-416e-a2a4-dd085f6c7864@group-9ED9FEE0098D: changes role from  FOLLOWER to CANDIDATE at term 93 for changeToCandidate
2019-10-17 06:31:02,754 [Thread-2016] INFO  impl.RoleInfo (RoleInfo.java:updateAndGet(143)) - 0f256f10-8056-416e-a2a4-dd085f6c7864: start LeaderElection
2019-10-17 06:31:02,799 [0f256f10-8056-416e-a2a4-dd085f6c7864@group-9ED9FEE0098D-LeaderElection96] INFO  impl.LeaderElection (LeaderElection.java:askForVotes(178)) - 0f256f10-8056-416e-a2a4-dd085f6c7864@group-9ED9FEE0098D-LeaderElection96: begin an election at term 94 for -1: [2f64f904-2283-4e96-b4e2-6c9018f13084:192.168.34.62:40373, 0f256f10-8056-416e-a2a4-dd085f6c7864:192.168.34.62:35674, 07fb1a7b-fe02-4a56-ac24-3020e88d4db0:192.168.34.62:46434], old=null
2019-10-17 06:31:02,802 [grpc-default-executor-1] INFO  impl.RaftServerImpl (RaftServerImpl.java:setRole(184)) - 2f64f904-2283-4e96-b4e2-6c9018f13084@group-9ED9FEE0098D: changes role from  FOLLOWER to FOLLOWER at term 94 for recognizeCandidate:0f256f10-8056-416e-a2a4-dd085f6c7864
2019-10-17 06:31:02,802 [grpc-default-executor-5] INFO  impl.RaftServerImpl (RaftServerImpl.java:setRole(184)) - 07fb1a7b-fe02-4a56-ac24-3020e88d4db0@group-9ED9FEE0098D: changes role from  FOLLOWER to FOLLOWER at term 94 for recognizeCandidate:0f256f10-8056-416e-a2a4-dd085f6c7864
2019-10-17 06:31:02,802 [grpc-default-executor-1] INFO  impl.RoleInfo (RoleInfo.java:shutdownFollowerState(121)) - 2f64f904-2283-4e96-b4e2-6c9018f13084: shutdown FollowerState
2019-10-17 06:31:02,802 [grpc-default-executor-5] INFO  impl.RoleInfo (RoleInfo.java:shutdownFollowerState(121)) - 07fb1a7b-fe02-4a56-ac24-3020e88d4db0: shutdown FollowerState
2019-10-17 06:31:02,802 [Thread-2015] INFO  impl.FollowerState (FollowerState.java:run(117)) - 2f64f904-2283-4e96-b4e2-6c9018f13084@group-9ED9FEE0098D-FollowerState was interrupted: java.lang.InterruptedException: sleep interrupted
2019-10-17 06:31:02,802 [grpc-default-executor-1] INFO  impl.RoleInfo (RoleInfo.java:updateAndGet(143)) - 2f64f904-2283-4e96-b4e2-6c9018f13084: start FollowerState
2019-10-17 06:31:02,802 [Thread-2014] INFO  impl.FollowerState (FollowerState.java:run(117)) - 07fb1a7b-fe02-4a56-ac24-3020e88d4db0@group-9ED9FEE0098D-FollowerState was interrupted: java.lang.InterruptedException: sleep interrupted
2019-10-17 06:31:02,802 [grpc-default-executor-5] INFO  impl.RoleInfo (RoleInfo.java:updateAndGet(143)) - 07fb1a7b-fe02-4a56-ac24-3020e88d4db0: start FollowerState
2019-10-17 06:31:02,834 [0f256f10-8056-416e-a2a4-dd085f6c7864@group-9ED9FEE0098D-LeaderElection96] INFO  impl.LeaderElection (LeaderElection.java:logAndReturn(56)) - 0f256f10-8056-416e-a2a4-dd085f6c7864@group-9ED9FEE0098D-LeaderElection96: Election REJECTED; received 2 response(s) [0f256f10-8056-416e-a2a4-dd085f6c7864<-2f64f904-2283-4e96-b4e2-6c9018f13084#0:FAIL-t94, 0f256f10-8056-416e-a2a4-dd085f6c7864<-07fb1a7b-fe02-4a56-ac24-3020e88d4db0#0:FAIL-t94] and 0 exception(s); 0f256f10-8056-416e-a2a4-dd085f6c7864@group-9ED9FEE0098D:t94, leader=null, voted=0f256f10-8056-416e-a2a4-dd085f6c7864, raftlog=0f256f10-8056-416e-a2a4-dd085f6c7864@group-9ED9FEE0098D-SegmentedRaftLog:OPENED:c-1,f-1,i0, conf=-1: [2f64f904-2283-4e96-b4e2-6c9018f13084:192.168.34.62:40373, 0f256f10-8056-416e-a2a4-dd085f6c7864:192.168.34.62:35674, 07fb1a7b-fe02-4a56-ac24-3020e88d4db0:192.168.34.62:46434], old=null
2019-10-17 06:31:02,835 [0f256f10-8056-416e-a2a4-dd085f6c7864@group-9ED9FEE0098D-LeaderElection96] INFO  impl.RaftServerImpl (RaftServerImpl.java:setRole(184)) - 0f256f10-8056-416e-a2a4-dd085f6c7864@group-9ED9FEE0098D: changes role from CANDIDATE to FOLLOWER at term 94 for DISCOVERED_A_NEW_TERM
2019-10-17 06:31:02,835 [0f256f10-8056-416e-a2a4-dd085f6c7864@group-9ED9FEE0098D-LeaderElection96] INFO  impl.RoleInfo (RoleInfo.java:shutdownLeaderElection(134)) - 0f256f10-8056-416e-a2a4-dd085f6c7864: shutdown LeaderElection
2019-10-17 06:31:02,835 [0f256f10-8056-416e-a2a4-dd085f6c7864@group-9ED9FEE0098D-LeaderElection96] INFO  impl.RoleInfo (RoleInfo.java:updateAndGet(143)) - 0f256f10-8056-416e-a2a4-dd085f6c7864: start FollowerState
2019-10-17 06:31:02,851 [Thread-2022] INFO  impl.FollowerState (FollowerState.java:run(108)) - 0f256f10-8056-416e-a2a4-dd085f6c7864@group-9ED9FEE0098D-FollowerState: change to CANDIDATE, lastRpcTime:16ms, electionTimeout:16ms
2019-10-17 06:31:02,852 [Thread-2022] INFO  impl.RoleInfo (RoleInfo.java:shutdownFollowerState(121)) - 0f256f10-8056-416e-a2a4-dd085f6c7864: shutdown FollowerState
2019-10-17 06:31:02,852 [Thread-2022] INFO  impl.RaftServerImpl (RaftServerImpl.java:setRole(184)) - 0f256f10-8056-416e-a2a4-dd085f6c7864@group-9ED9FEE0098D: changes role from  FOLLOWER to CANDIDATE at term 94 for changeToCandidate
2019-10-17 06:31:02,852 [Thread-2022] INFO  impl.RoleInfo (RoleInfo.java:updateAndGet(143)) - 0f256f10-8056-416e-a2a4-dd085f6c7864: start LeaderElection
2019-10-17 06:31:02,884 [0f256f10-8056-416e-a2a4-dd085f6c7864@group-9ED9FEE0098D-LeaderElection97] INFO  impl.LeaderElection (LeaderElection.java:askForVotes(178)) - 0f256f10-8056-416e-a2a4-dd085f6c7864@group-9ED9FEE0098D-LeaderElection97: begin an election at term 95 for -1: [2f64f904-2283-4e96-b4e2-6c9018f13084:192.168.34.62:40373, 0f256f10-8056-416e-a2a4-dd085f6c7864:192.168.34.62:35674, 07fb1a7b-fe02-4a56-ac24-3020e88d4db0:192.168.34.62:46434], old=null
2019-10-17 06:31:02,886 [grpc-default-executor-1] INFO  impl.RaftServerImpl (RaftServerImpl.java:setRole(184)) - 2f64f904-2283-4e96-b4e2-6c9018f13084@group-9ED9FEE0098D: changes role from  FOLLOWER to FOLLOWER at term 95 for recognizeCandidate:0f256f10-8056-416e-a2a4-dd085f6c7864
2019-10-17 06:31:02,886 [grpc-default-executor-5] INFO  impl.RaftServerImpl (RaftServerImpl.java:setRole(184)) - 07fb1a7b-fe02-4a56-ac24-3020e88d4db0@group-9ED9FEE0098D: changes role from  FOLLOWER to FOLLOWER at term 95 for recognizeCandidate:0f256f10-8056-416e-a2a4-dd085f6c7864
2019-10-17 06:31:02,886 [grpc-default-executor-1] INFO  impl.RoleInfo (RoleInfo.java:shutdownFollowerState(121)) - 2f64f904-2283-4e96-b4e2-6c9018f13084: shutdown FollowerState
2019-10-17 06:31:02,886 [grpc-default-executor-5] INFO  impl.RoleInfo (RoleInfo.java:shutdownFollowerState(121)) - 07fb1a7b-fe02-4a56-ac24-3020e88d4db0: shutdown FollowerState
2019-10-17 06:31:02,887 [Thread-2020] INFO  impl.FollowerState (FollowerState.java:run(117)) - 2f64f904-2283-4e96-b4e2-6c9018f13084@group-9ED9FEE0098D-FollowerState was interrupted: java.lang.InterruptedException: sleep interrupted
2019-10-17 06:31:02,886 [grpc-default-executor-1] INFO  impl.RoleInfo (RoleInfo.java:updateAndGet(143)) - 2f64f904-2283-4e96-b4e2-6c9018f13084: start FollowerState
2019-10-17 06:31:02,887 [Thread-2021] INFO  impl.FollowerState (FollowerState.java:run(117)) - 07fb1a7b-fe02-4a56-ac24-3020e88d4db0@group-9ED9FEE0098D-FollowerState was interrupted: java.lang.InterruptedException: sleep interrupted
2019-10-17 06:31:02,887 [grpc-default-executor-5] INFO  impl.RoleInfo (RoleInfo.java:updateAndGet(143)) - 07fb1a7b-fe02-4a56-ac24-3020e88d4db0: start FollowerState
2019-10-17 06:31:02,917 [0f256f10-8056-416e-a2a4-dd085f6c7864@group-9ED9FEE0098D-LeaderElection97] INFO  impl.LeaderElection (LeaderElection.java:logAndReturn(56)) - 0f256f10-8056-416e-a2a4-dd085f6c7864@group-9ED9FEE0098D-LeaderElection97: Election TIMEOUT; received 0 response(s) [] and 0 exception(s); 0f256f10-8056-416e-a2a4-dd085f6c7864@group-9ED9FEE0098D:t95, leader=null, voted=0f256f10-8056-416e-a2a4-dd085f6c7864, raftlog=0f256f10-8056-416e-a2a4-dd085f6c7864@group-9ED9FEE0098D-SegmentedRaftLog:OPENED:c-1,f-1,i0, conf=-1: [2f64f904-2283-4e96-b4e2-6c9018f13084:192.168.34.62:40373, 0f256f10-8056-416e-a2a4-dd085f6c7864:192.168.34.62:35674, 07fb1a7b-fe02-4a56-ac24-3020e88d4db0:192.168.34.62:46434], old=null
2019-10-17 06:31:02,968 [0f256f10-8056-416e-a2a4-dd085f6c7864@group-9ED9FEE0098D-LeaderElection97] INFO  impl.LeaderElection (LeaderElection.java:askForVotes(178)) - 0f256f10-8056-416e-a2a4-dd085f6c7864@group-9ED9FEE0098D-LeaderElection97: begin an election at term 96 for -1: [2f64f904-2283-4e96-b4e2-6c9018f13084:192.168.34.62:40373, 0f256f10-8056-416e-a2a4-dd085f6c7864:192.168.34.62:35674, 07fb1a7b-fe02-4a56-ac24-3020e88d4db0:192.168.34.62:46434], old=null
2019-10-17 06:31:02,970 [grpc-default-executor-5] INFO  impl.RaftServerImpl (RaftServerImpl.java:setRole(184)) - 07fb1a7b-fe02-4a56-ac24-3020e88d4db0@group-9ED9FEE0098D: changes role from  FOLLOWER to FOLLOWER at term 96 for recognizeCandidate:0f256f10-8056-416e-a2a4-dd085f6c7864
2019-10-17 06:31:02,971 [grpc-default-executor-5] INFO  impl.RoleInfo (RoleInfo.java:shutdownFollowerState(121)) - 07fb1a7b-fe02-4a56-ac24-3020e88d4db0: shutdown FollowerState
2019-10-17 06:31:02,970 [grpc-default-executor-1] INFO  impl.RaftServerImpl (RaftServerImpl.java:setRole(184)) - 2f64f904-2283-4e96-b4e2-6c9018f13084@group-9ED9FEE0098D: changes role from  FOLLOWER to FOLLOWER at term 96 for recognizeCandidate:0f256f10-8056-416e-a2a4-dd085f6c7864
2019-10-17 06:31:02,971 [grpc-default-executor-5] INFO  impl.RoleInfo (RoleInfo.java:updateAndGet(143)) - 07fb1a7b-fe02-4a56-ac24-3020e88d4db0: start FollowerState
2019-10-17 06:31:02,971 [Thread-2027] INFO  impl.FollowerState (FollowerState.java:run(117)) - 07fb1a7b-fe02-4a56-ac24-3020e88d4db0@group-9ED9FEE0098D-FollowerState was interrupted: java.lang.InterruptedException: sleep interrupted
2019-10-17 06:31:02,971 [grpc-default-executor-1] INFO  impl.RoleInfo (RoleInfo.java:shutdownFollowerState(121)) - 2f64f904-2283-4e96-b4e2-6c9018f13084: shutdown FollowerState
2019-10-17 06:31:02,971 [grpc-default-executor-1] INFO  impl.RoleInfo (RoleInfo.java:updateAndGet(143)) - 2f64f904-2283-4e96-b4e2-6c9018f13084: start FollowerState
2019-10-17 06:31:02,971 [Thread-2026] INFO  impl.FollowerState (FollowerState.java:run(117)) - 2f64f904-2283-4e96-b4e2-6c9018f13084@group-9ED9FEE0098D-FollowerState was interrupted: java.lang.InterruptedException: sleep interrupted
2019-10-17 06:31:02,989 [0f256f10-8056-416e-a2a4-dd085f6c7864@group-9ED9FEE0098D-LeaderElection97] INFO  impl.LeaderElection (LeaderElection.java:logAndReturn(56)) - 0f256f10-8056-416e-a2a4-dd085f6c7864@group-9ED9FEE0098D-LeaderElection97: Election REJECTED; received 2 response(s) [0f256f10-8056-416e-a2a4-dd085f6c7864<-2f64f904-2283-4e96-b4e2-6c9018f13084#0:FAIL-t96, 0f256f10-8056-416e-a2a4-dd085f6c7864<-07fb1a7b-fe02-4a56-ac24-3020e88d4db0#0:FAIL-t96] and 0 exception(s); 0f256f10-8056-416e-a2a4-dd085f6c7864@group-9ED9FEE0098D:t96, leader=null, voted=0f256f10-8056-416e-a2a4-dd085f6c7864, raftlog=0f256f10-8056-416e-a2a4-dd085f6c7864@group-9ED9FEE0098D-SegmentedRaftLog:OPENED:c-1,f-1,i0, conf=-1: [2f64f904-2283-4e96-b4e2-6c9018f13084:192.168.34.62:40373, 0f256f10-8056-416e-a2a4-dd085f6c7864:192.168.34.62:35674, 07fb1a7b-fe02-4a56-ac24-3020e88d4db0:192.168.34.62:46434], old=null
2019-10-17 06:31:02,989 [0f256f10-8056-416e-a2a4-dd085f6c7864@group-9ED9FEE0098D-LeaderElection97] INFO  impl.RaftServerImpl (RaftServerImpl.java:setRole(184)) - 0f256f10-8056-416e-a2a4-dd085f6c7864@group-9ED9FEE0098D: changes role from CANDIDATE to FOLLOWER at term 96 for DISCOVERED_A_NEW_TERM
2019-10-17 06:31:02,989 [0f256f10-8056-416e-a2a4-dd085f6c7864@group-9ED9FEE0098D-LeaderElection97] INFO  impl.RoleInfo (RoleInfo.java:shutdownLeaderElection(134)) - 0f256f10-8056-416e-a2a4-dd085f6c7864: shutdown LeaderElection
2019-10-17 06:31:02,989 [0f256f10-8056-416e-a2a4-dd085f6c7864@group-9ED9FEE0098D-LeaderElection97] INFO  impl.RoleInfo (RoleInfo.java:updateAndGet(143)) - 0f256f10-8056-416e-a2a4-dd085f6c7864: start FollowerState
2019-10-17 06:31:03,050 [Thread-2032] INFO  impl.FollowerState (FollowerState.java:run(108)) - 0f256f10-8056-416e-a2a4-dd085f6c7864@group-9ED9FEE0098D-FollowerState: change to CANDIDATE, lastRpcTime:60ms, electionTimeout:60ms
2019-10-17 06:31:03,050 [Thread-2032] INFO  impl.RoleInfo (RoleInfo.java:shutdownFollowerState(121)) - 0f256f10-8056-416e-a2a4-dd085f6c7864: shutdown FollowerState
2019-10-17 06:31:03,050 [Thread-2032] INFO  impl.RaftServerImpl (RaftServerImpl.java:setRole(184)) - 0f256f10-8056-416e-a2a4-dd085f6c7864@group-9ED9FEE0098D: changes role from  FOLLOWER to CANDIDATE at term 96 for changeToCandidate
2019-10-17 06:31:03,050 [Thread-2032] INFO  impl.RoleInfo (RoleInfo.java:updateAndGet(143)) - 0f256f10-8056-416e-a2a4-dd085f6c7864: start LeaderElection
2019-10-17 06:31:03,074 [0f256f10-8056-416e-a2a4-dd085f6c7864@group-9ED9FEE0098D-LeaderElection98] INFO  impl.LeaderElection (LeaderElection.java:askForVotes(178)) - 0f256f10-8056-416e-a2a4-dd085f6c7864@group-9ED9FEE0098D-LeaderElection98: begin an election at term 97 for -1: [2f64f904-2283-4e96-b4e2-6c9018f13084:192.168.34.62:40373, 0f256f10-8056-416e-a2a4-dd085f6c7864:192.168.34.62:35674, 07fb1a7b-fe02-4a56-ac24-3020e88d4db0:192.168.34.62:46434], old=null
2019-10-17 06:31:03,077 [grpc-default-executor-5] INFO  impl.RaftServerImpl (RaftServerImpl.java:setRole(184)) - 07fb1a7b-fe02-4a56-ac24-3020e88d4db0@group-9ED9FEE0098D: changes role from  FOLLOWER to FOLLOWER at term 97 for recognizeCandidate:0f256f10-8056-416e-a2a4-dd085f6c7864
2019-10-17 06:31:03,077 [grpc-default-executor-5] INFO  impl.RoleInfo (RoleInfo.java:shutdownFollowerState(121)) - 07fb1a7b-fe02-4a56-ac24-3020e88d4db0: shutdown FollowerState
2019-10-17 06:31:03,077 [grpc-default-executor-1] INFO  impl.RaftServerImpl (RaftServerImpl.java:setRole(184)) - 2f64f904-2283-4e96-b4e2-6c9018f13084@group-9ED9FEE0098D: changes role from  FOLLOWER to FOLLOWER at term 97 for recognizeCandidate:0f256f10-8056-416e-a2a4-dd085f6c7864
2019-10-17 06:31:03,077 [Thread-2030] INFO  impl.FollowerState (FollowerState.java:run(117)) - 07fb1a7b-fe02-4a56-ac24-3020e88d4db0@group-9ED9FEE0098D-FollowerState was interrupted: java.lang.InterruptedException: sleep interrupted
2019-10-17 06:31:03,077 [grpc-default-executor-5] INFO  impl.RoleInfo (RoleInfo.java:updateAndGet(143)) - 07fb1a7b-fe02-4a56-ac24-3020e88d4db0: start FollowerState
2019-10-17 06:31:03,077 [grpc-default-executor-1] INFO  impl.RoleInfo (RoleInfo.java:shutdownFollowerState(121)) - 2f64f904-2283-4e96-b4e2-6c9018f13084: shutdown FollowerState
2019-10-17 06:31:03,077 [grpc-default-executor-1] INFO  impl.RoleInfo (RoleInfo.java:updateAndGet(143)) - 2f64f904-2283-4e96-b4e2-6c9018f13084: start FollowerState
2019-10-17 06:31:03,077 [Thread-2031] INFO  impl.FollowerState (FollowerState.java:run(117)) - 2f64f904-2283-4e96-b4e2-6c9018f13084@group-9ED9FEE0098D-FollowerState was interrupted: java.lang.InterruptedException: sleep interrupted
2019-10-17 06:31:03,078 [0f256f10-8056-416e-a2a4-dd085f6c7864@group-9ED9FEE0098D-LeaderElection98] INFO  impl.LeaderElection (LeaderElection.java:logAndReturn(56)) - 0f256f10-8056-416e-a2a4-dd085f6c7864@group-9ED9FEE0098D-LeaderElection98: Election TIMEOUT; received 0 response(s) [] and 0 exception(s); 0f256f10-8056-416e-a2a4-dd085f6c7864@group-9ED9FEE0098D:t97, leader=null, voted=0f256f10-8056-416e-a2a4-dd085f6c7864, raftlog=0f256f10-8056-416e-a2a4-dd085f6c7864@group-9ED9FEE0098D-SegmentedRaftLog:OPENED:c-1,f-1,i0, conf=-1: [2f64f904-2283-4e96-b4e2-6c9018f13084:192.168.34.62:40373, 0f256f10-8056-416e-a2a4-dd085f6c7864:192.168.34.62:35674, 07fb1a7b-fe02-4a56-ac24-3020e88d4db0:192.168.34.62:46434], old=null
2019-10-17 06:31:03,101 [0f256f10-8056-416e-a2a4-dd085f6c7864@group-9ED9FEE0098D-LeaderElection98] INFO  impl.LeaderElection (LeaderElection.java:askForVotes(178)) - 0f256f10-8056-416e-a2a4-dd085f6c7864@group-9ED9FEE0098D-LeaderElection98: begin an election at term 98 for -1: [2f64f904-2283-4e96-b4e2-6c9018f13084:192.168.34.62:40373, 0f256f10-8056-416e-a2a4-dd085f6c7864:192.168.34.62:35674, 07fb1a7b-fe02-4a56-ac24-3020e88d4db0:192.168.34.62:46434], old=null
2019-10-17 06:31:03,103 [grpc-default-executor-1] INFO  impl.RaftServerImpl (RaftServerImpl.java:setRole(184)) - 07fb1a7b-fe02-4a56-ac24-3020e88d4db0@group-9ED9FEE0098D: changes role from  FOLLOWER to FOLLOWER at term 98 for recognizeCandidate:0f256f10-8056-416e-a2a4-dd085f6c7864
2019-10-17 06:31:03,103 [grpc-default-executor-5] INFO  impl.RaftServerImpl (RaftServerImpl.java:setRole(184)) - 2f64f904-2283-4e96-b4e2-6c9018f13084@group-9ED9FEE0098D: changes role from  FOLLOWER to FOLLOWER at term 98 for recognizeCandidate:0f256f10-8056-416e-a2a4-dd085f6c7864
2019-10-17 06:31:03,103 [grpc-default-executor-1] INFO  impl.RoleInfo (RoleInfo.java:shutdownFollowerState(121)) - 07fb1a7b-fe02-4a56-ac24-3020e88d4db0: shutdown FollowerState
2019-10-17 06:31:03,103 [grpc-default-executor-5] INFO  impl.RoleInfo (RoleInfo.java:shutdownFollowerState(121)) - 2f64f904-2283-4e96-b4e2-6c9018f13084: shutdown FollowerState
2019-10-17 06:31:03,103 [Thread-2036] INFO  impl.FollowerState (FollowerState.java:run(117)) - 07fb1a7b-fe02-4a56-ac24-3020e88d4db0@group-9ED9FEE0098D-FollowerState was interrupted: java.lang.InterruptedException: sleep interrupted
2019-10-17 06:31:03,103 [Thread-2037] INFO  impl.FollowerState (FollowerState.java:run(117)) - 2f64f904-2283-4e96-b4e2-6c9018f13084@group-9ED9FEE0098D-FollowerState was interrupted: java.lang.InterruptedException: sleep interrupted
2019-10-17 06:31:03,103 [grpc-default-executor-1] INFO  impl.RoleInfo (RoleInfo.java:updateAndGet(143)) - 07fb1a7b-fe02-4a56-ac24-3020e88d4db0: start FollowerState
2019-10-17 06:31:03,103 [grpc-default-executor-5] INFO  impl.RoleInfo (RoleInfo.java:updateAndGet(143)) - 2f64f904-2283-4e96-b4e2-6c9018f13084: start FollowerState
2019-10-17 06:31:03,128 [0f256f10-8056-416e-a2a4-dd085f6c7864@group-9ED9FEE0098D-LeaderElection98] INFO  impl.LeaderElection (LeaderElection.java:logAndReturn(56)) - 0f256f10-8056-416e-a2a4-dd085f6c7864@group-9ED9FEE0098D-LeaderElection98: Election REJECTED; received 2 response(s) [0f256f10-8056-416e-a2a4-dd085f6c7864<-2f64f904-2283-4e96-b4e2-6c9018f13084#0:FAIL-t98, 0f256f10-8056-416e-a2a4-dd085f6c7864<-07fb1a7b-fe02-4a56-ac24-3020e88d4db0#0:FAIL-t98] and 0 exception(s); 0f256f10-8056-416e-a2a4-dd085f6c7864@group-9ED9FEE0098D:t98, leader=null, voted=0f256f10-8056-416e-a2a4-dd085f6c7864, raftlog=0f256f10-8056-416e-a2a4-dd085f6c7864@group-9ED9FEE0098D-SegmentedRaftLog:OPENED:c-1,f-1,i0, conf=-1: [2f64f904-2283-4e96-b4e2-6c9018f13084:192.168.34.62:40373, 0f256f10-8056-416e-a2a4-dd085f6c7864:192.168.34.62:35674, 07fb1a7b-fe02-4a56-ac24-3020e88d4db0:192.168.34.62:46434], old=null
2019-10-17 06:31:03,128 [0f256f10-8056-416e-a2a4-dd085f6c7864@group-9ED9FEE0098D-LeaderElection98] INFO  impl.RaftServerImpl (RaftServerImpl.java:setRole(184)) - 0f256f10-8056-416e-a2a4-dd085f6c7864@group-9ED9FEE0098D: changes role from CANDIDATE to FOLLOWER at term 98 for DISCOVERED_A_NEW_TERM
2019-10-17 06:31:03,128 [0f256f10-8056-416e-a2a4-dd085f6c7864@group-9ED9FEE0098D-LeaderElection98] INFO  impl.RoleInfo (RoleInfo.java:shutdownLeaderElection(134)) - 0f256f10-8056-416e-a2a4-dd085f6c7864: shutdown LeaderElection
2019-10-17 06:31:03,129 [0f256f10-8056-416e-a2a4-dd085f6c7864@group-9ED9FEE0098D-LeaderElection98] INFO  impl.RoleInfo (RoleInfo.java:updateAndGet(143)) - 0f256f10-8056-416e-a2a4-dd085f6c7864: start FollowerState
2019-10-17 06:31:03,306 [Thread-2042] INFO  impl.FollowerState (FollowerState.java:run(108)) - 0f256f10-8056-416e-a2a4-dd085f6c7864@group-9ED9FEE0098D-FollowerState: change to CANDIDATE, lastRpcTime:177ms, electionTimeout:177ms
2019-10-17 06:31:03,306 [Thread-2042] INFO  impl.RoleInfo (RoleInfo.java:shutdownFollowerState(121)) - 0f256f10-8056-416e-a2a4-dd085f6c7864: shutdown FollowerState
2019-10-17 06:31:03,307 [Thread-2042] INFO  impl.RaftServerImpl (RaftServerImpl.java:setRole(184)) - 0f256f10-8056-416e-a2a4-dd085f6c7864@group-9ED9FEE0098D: changes role from  FOLLOWER to CANDIDATE at term 98 for changeToCandidate
2019-10-17 06:31:03,307 [Thread-2042] INFO  impl.RoleInfo (RoleInfo.java:updateAndGet(143)) - 0f256f10-8056-416e-a2a4-dd085f6c7864: start LeaderElection
2019-10-17 06:31:03,331 [0f256f10-8056-416e-a2a4-dd085f6c7864@group-9ED9FEE0098D-LeaderElection99] INFO  impl.LeaderElection (LeaderElection.java:askForVotes(178)) - 0f256f10-8056-416e-a2a4-dd085f6c7864@group-9ED9FEE0098D-LeaderElection99: begin an election at term 99 for -1: [2f64f904-2283-4e96-b4e2-6c9018f13084:192.168.34.62:40373, 0f256f10-8056-416e-a2a4-dd085f6c7864:192.168.34.62:35674, 07fb1a7b-fe02-4a56-ac24-3020e88d4db0:192.168.34.62:46434], old=null
2019-10-17 06:31:03,335 [grpc-default-executor-1] INFO  impl.RaftServerImpl (RaftServerImpl.java:setRole(184)) - 2f64f904-2283-4e96-b4e2-6c9018f13084@group-9ED9FEE0098D: changes role from  FOLLOWER to FOLLOWER at term 99 for recognizeCandidate:0f256f10-8056-416e-a2a4-dd085f6c7864
2019-10-17 06:31:03,335 [grpc-default-executor-5] INFO  impl.RaftServerImpl (RaftServerImpl.java:setRole(184)) - 07fb1a7b-fe02-4a56-ac24-3020e88d4db0@group-9ED9FEE0098D: changes role from  FOLLOWER to FOLLOWER at term 99 for recognizeCandidate:0f256f10-8056-416e-a2a4-dd085f6c7864
2019-10-17 06:31:03,335 [grpc-default-executor-1] INFO  impl.RoleInfo (RoleInfo.java:shutdownFollowerState(121)) - 2f64f904-2283-4e96-b4e2-6c9018f13084: shutdown FollowerState
2019-10-17 06:31:03,335 [grpc-default-executor-5] INFO  impl.RoleInfo (RoleInfo.java:shutdownFollowerState(121)) - 07fb1a7b-fe02-4a56-ac24-3020e88d4db0: shutdown FollowerState
2019-10-17 06:31:03,336 [grpc-default-executor-1] INFO  impl.RoleInfo (RoleInfo.java:updateAndGet(143)) - 2f64f904-2283-4e96-b4e2-6c9018f13084: start FollowerState
2019-10-17 06:31:03,336 [Thread-2040] INFO  impl.FollowerState (FollowerState.java:run(117)) - 07fb1a7b-fe02-4a56-ac24-3020e88d4db0@group-9ED9FEE0098D-FollowerState was interrupted: java.lang.InterruptedException: sleep interrupted
2019-10-17 06:31:03,336 [grpc-default-executor-5] INFO  impl.RoleInfo (RoleInfo.java:updateAndGet(143)) - 07fb1a7b-fe02-4a56-ac24-3020e88d4db0: start FollowerState
2019-10-17 06:31:03,336 [Thread-2041] INFO  impl.FollowerState (FollowerState.java:run(117)) - 2f64f904-2283-4e96-b4e2-6c9018f13084@group-9ED9FEE0098D-FollowerState was interrupted: java.lang.InterruptedException: sleep interrupted
2019-10-17 06:31:03,351 [0f256f10-8056-416e-a2a4-dd085f6c7864@group-9ED9FEE0098D-LeaderElection99] INFO  impl.LeaderElection (LeaderElection.java:logAndReturn(56)) - 0f256f10-8056-416e-a2a4-dd085f6c7864@group-9ED9FEE0098D-LeaderElection99: Election REJECTED; received 2 response(s) [0f256f10-8056-416e-a2a4-dd085f6c7864<-2f64f904-2283-4e96-b4e2-6c9018f13084#0:FAIL-t99, 0f256f10-8056-416e-a2a4-dd085f6c7864<-07fb1a7b-fe02-4a56-ac24-3020e88d4db0#0:FAIL-t99] and 0 exception(s); 0f256f10-8056-416e-a2a4-dd085f6c7864@group-9ED9FEE0098D:t99, leader=null, voted=0f256f10-8056-416e-a2a4-dd085f6c7864, raftlog=0f256f10-8056-416e-a2a4-dd085f6c7864@group-9ED9FEE0098D-SegmentedRaftLog:OPENED:c-1,f-1,i0, conf=-1: [2f64f904-2283-4e96-b4e2-6c9018f13084:192.168.34.62:40373, 0f256f10-8056-416e-a2a4-dd085f6c7864:192.168.34.62:35674, 07fb1a7b-fe02-4a56-ac24-3020e88d4db0:192.168.34.62:46434], old=null
2019-10-17 06:31:03,351 [0f256f10-8056-416e-a2a4-dd085f6c7864@group-9ED9FEE0098D-LeaderElection99] INFO  impl.RaftServerImpl (RaftServerImpl.java:setRole(184)) - 0f256f10-8056-416e-a2a4-dd085f6c7864@group-9ED9FEE0098D: changes role from CANDIDATE to FOLLOWER at term 99 for DISCOVERED_A_NEW_TERM
2019-10-17 06:31:03,351 [0f256f10-8056-416e-a2a4-dd085f6c7864@group-9ED9FEE0098D-LeaderElection99] INFO  impl.RoleInfo (RoleInfo.java:shutdownLeaderElection(134)) - 0f256f10-8056-416e-a2a4-dd085f6c7864: shutdown LeaderElection
2019-10-17 06:31:03,351 [0f256f10-8056-416e-a2a4-dd085f6c7864@group-9ED9FEE0098D-LeaderElection99] INFO  impl.RoleInfo (RoleInfo.java:updateAndGet(143)) - 0f256f10-8056-416e-a2a4-dd085f6c7864: start FollowerState
2019-10-17 06:31:03,373 [Thread-2048] INFO  impl.FollowerState (FollowerState.java:run(108)) - 0f256f10-8056-416e-a2a4-dd085f6c7864@group-9ED9FEE0098D-FollowerState: change to CANDIDATE, lastRpcTime:22ms, electionTimeout:22ms
2019-10-17 06:31:03,373 [Thread-2048] INFO  impl.RoleInfo (RoleInfo.java:shutdownFollowerState(121)) - 0f256f10-8056-416e-a2a4-dd085f6c7864: shutdown FollowerState
2019-10-17 06:31:03,374 [Thread-2048] INFO  impl.RaftServerImpl (RaftServerImpl.java:setRole(184)) - 0f256f10-8056-416e-a2a4-dd085f6c7864@group-9ED9FEE0098D: changes role from  FOLLOWER to CANDIDATE at term 99 for changeToCandidate
2019-10-17 06:31:03,374 [Thread-2048] INFO  impl.RoleInfo (RoleInfo.java:updateAndGet(143)) - 0f256f10-8056-416e-a2a4-dd085f6c7864: start LeaderElection
2019-10-17 06:31:03,388 [0f256f10-8056-416e-a2a4-dd085f6c7864@group-9ED9FEE0098D-LeaderElection100] INFO  impl.LeaderElection (LeaderElection.java:askForVotes(178)) - 0f256f10-8056-416e-a2a4-dd085f6c7864@group-9ED9FEE0098D-LeaderElection100: begin an election at term 100 for -1: [2f64f904-2283-4e96-b4e2-6c9018f13084:192.168.34.62:40373, 0f256f10-8056-416e-a2a4-dd085f6c7864:192.168.34.62:35674, 07fb1a7b-fe02-4a56-ac24-3020e88d4db0:192.168.34.62:46434], old=null
2019-10-17 06:31:03,390 [grpc-default-executor-5] INFO  impl.RaftServerImpl (RaftServerImpl.java:setRole(184)) - 07fb1a7b-fe02-4a56-ac24-3020e88d4db0@group-9ED9FEE0098D: changes role from  FOLLOWER to FOLLOWER at term 100 for recognizeCandidate:0f256f10-8056-416e-a2a4-dd085f6c7864
2019-10-17 06:31:03,390 [grpc-default-executor-1] INFO  impl.RaftServerImpl (RaftServerImpl.java:setRole(184)) - 2f64f904-2283-4e96-b4e2-6c9018f13084@group-9ED9FEE0098D: changes role from  FOLLOWER to FOLLOWER at term 100 for recognizeCandidate:0f256f10-8056-416e-a2a4-dd085f6c7864
2019-10-17 06:31:03,390 [grpc-default-executor-5] INFO  impl.RoleInfo (RoleInfo.java:shutdownFollowerState(121)) - 07fb1a7b-fe02-4a56-ac24-3020e88d4db0: shutdown FollowerState
2019-10-17 06:31:03,390 [grpc-default-executor-1] INFO  impl.RoleInfo (RoleInfo.java:shutdownFollowerState(121)) - 2f64f904-2283-4e96-b4e2-6c9018f13084: shutdown FollowerState
2019-10-17 06:31:03,390 [Thread-2047] INFO  impl.FollowerState (FollowerState.java:run(117)) - 07fb1a7b-fe02-4a56-ac24-3020e88d4db0@group-9ED9FEE0098D-FollowerState was interrupted: java.lang.InterruptedException: sleep interrupted
2019-10-17 06:31:03,390 [grpc-default-executor-5] INFO  impl.RoleInfo (RoleInfo.java:updateAndGet(143)) - 07fb1a7b-fe02-4a56-ac24-3020e88d4db0: start FollowerState
2019-10-17 06:31:03,390 [Thread-2046] INFO  impl.FollowerState (FollowerState.java:run(117)) - 2f64f904-2283-4e96-b4e2-6c9018f13084@group-9ED9FEE0098D-FollowerState was interrupted: java.lang.InterruptedException: sleep interrupted
2019-10-17 06:31:03,390 [grpc-default-executor-1] INFO  impl.RoleInfo (RoleInfo.java:updateAndGet(143)) - 2f64f904-2283-4e96-b4e2-6c9018f13084: start FollowerState
2019-10-17 06:31:03,405 [0f256f10-8056-416e-a2a4-dd085f6c7864@group-9ED9FEE0098D-LeaderElection100] INFO  impl.LeaderElection (LeaderElection.java:logAndReturn(56)) - 0f256f10-8056-416e-a2a4-dd085f6c7864@group-9ED9FEE0098D-LeaderElection100: Election REJECTED; received 2 response(s) [0f256f10-8056-416e-a2a4-dd085f6c7864<-2f64f904-2283-4e96-b4e2-6c9018f13084#0:FAIL-t100, 0f256f10-8056-416e-a2a4-dd085f6c7864<-07fb1a7b-fe02-4a56-ac24-3020e88d4db0#0:FAIL-t100] and 0 exception(s); 0f256f10-8056-416e-a2a4-dd085f6c7864@group-9ED9FEE0098D:t100, leader=null, voted=0f256f10-8056-416e-a2a4-dd085f6c7864, raftlog=0f256f10-8056-416e-a2a4-dd085f6c7864@group-9ED9FEE0098D-SegmentedRaftLog:OPENED:c-1,f-1,i0, conf=-1: [2f64f904-2283-4e96-b4e2-6c9018f13084:192.168.34.62:40373, 0f256f10-8056-416e-a2a4-dd085f6c7864:192.168.34.62:35674, 07fb1a7b-fe02-4a56-ac24-3020e88d4db0:192.168.34.62:46434], old=null
2019-10-17 06:31:03,405 [0f256f10-8056-416e-a2a4-dd085f6c7864@group-9ED9FEE0098D-LeaderElection100] INFO  impl.RaftServerImpl (RaftServerImpl.java:setRole(184)) - 0f256f10-8056-416e-a2a4-dd085f6c7864@group-9ED9FEE0098D: changes role from CANDIDATE to FOLLOWER at term 100 for DISCOVERED_A_NEW_TERM
2019-10-17 06:31:03,405 [0f256f10-8056-416e-a2a4-dd085f6c7864@group-9ED9FEE0098D-LeaderElection100] INFO  impl.RoleInfo (RoleInfo.java:shutdownLeaderElection(134)) - 0f256f10-8056-416e-a2a4-dd085f6c7864: shutdown LeaderElection
2019-10-17 06:31:03,405 [0f256f10-8056-416e-a2a4-dd085f6c7864@group-9ED9FEE0098D-LeaderElection100] INFO  impl.RoleInfo (RoleInfo.java:updateAndGet(143)) - 0f256f10-8056-416e-a2a4-dd085f6c7864: start FollowerState
2019-10-17 06:31:03,540 [Thread-2054] INFO  impl.FollowerState (FollowerState.java:run(108)) - 0f256f10-8056-416e-a2a4-dd085f6c7864@group-9ED9FEE0098D-FollowerState: change to CANDIDATE, lastRpcTime:135ms, electionTimeout:135ms
2019-10-17 06:31:03,541 [Thread-2054] INFO  impl.RoleInfo (RoleInfo.java:shutdownFollowerState(121)) - 0f256f10-8056-416e-a2a4-dd085f6c7864: shutdown FollowerState
2019-10-17 06:31:03,541 [Thread-2054] INFO  impl.RaftServerImpl (RaftServerImpl.java:setRole(184)) - 0f256f10-8056-416e-a2a4-dd085f6c7864@group-9ED9FEE0098D: changes role from  FOLLOWER to CANDIDATE at term 100 for changeToCandidate
2019-10-17 06:31:03,541 [Thread-2054] INFO  impl.RoleInfo (RoleInfo.java:updateAndGet(143)) - 0f256f10-8056-416e-a2a4-dd085f6c7864: start LeaderElection
2019-10-17 06:31:03,555 [0f256f10-8056-416e-a2a4-dd085f6c7864@group-9ED9FEE0098D-LeaderElection101] INFO  impl.LeaderElection (LeaderElection.java:askForVotes(178)) - 0f256f10-8056-416e-a2a4-dd085f6c7864@group-9ED9FEE0098D-LeaderElection101: begin an election at term 101 for -1: [2f64f904-2283-4e96-b4e2-6c9018f13084:192.168.34.62:40373, 0f256f10-8056-416e-a2a4-dd085f6c7864:192.168.34.62:35674, 07fb1a7b-fe02-4a56-ac24-3020e88d4db0:192.168.34.62:46434], old=null
2019-10-17 06:31:03,558 [grpc-default-executor-5] INFO  impl.RaftServerImpl (RaftServerImpl.java:setRole(184)) - 07fb1a7b-fe02-4a56-ac24-3020e88d4db0@group-9ED9FEE0098D: changes role from  FOLLOWER to FOLLOWER at term 101 for recognizeCandidate:0f256f10-8056-416e-a2a4-dd085f6c7864
2019-10-17 06:31:03,559 [grpc-default-executor-5] INFO  impl.RoleInfo (RoleInfo.java:shutdownFollowerState(121)) - 07fb1a7b-fe02-4a56-ac24-3020e88d4db0: shutdown FollowerState
2019-10-17 06:31:03,559 [grpc-default-executor-5] INFO  impl.RoleInfo (RoleInfo.java:updateAndGet(143)) - 07fb1a7b-fe02-4a56-ac24-3020e88d4db0: start FollowerState
2019-10-17 06:31:03,559 [Thread-2052] INFO  impl.FollowerState (FollowerState.java:run(117)) - 07fb1a7b-fe02-4a56-ac24-3020e88d4db0@group-9ED9FEE0098D-FollowerState was interrupted: java.lang.InterruptedException: sleep interrupted
2019-10-17 06:31:03,559 [grpc-default-executor-1] INFO  impl.RaftServerImpl (RaftServerImpl.java:setRole(184)) - 2f64f904-2283-4e96-b4e2-6c9018f13084@group-9ED9FEE0098D: changes role from  FOLLOWER to FOLLOWER at term 101 for recognizeCandidate:0f256f10-8056-416e-a2a4-dd085f6c7864
2019-10-17 06:31:03,559 [grpc-default-executor-1] INFO  impl.RoleInfo (RoleInfo.java:shutdownFollowerState(121)) - 2f64f904-2283-4e96-b4e2-6c9018f13084: shutdown FollowerState
2019-10-17 06:31:03,559 [grpc-default-executor-1] INFO  impl.RoleInfo (RoleInfo.java:updateAndGet(143)) - 2f64f904-2283-4e96-b4e2-6c9018f13084: start FollowerState
2019-10-17 06:31:03,559 [Thread-2053] INFO  impl.FollowerState (FollowerState.java:run(117)) - 2f64f904-2283-4e96-b4e2-6c9018f13084@group-9ED9FEE0098D-FollowerState was interrupted: java.lang.InterruptedException: sleep interrupted
2019-10-17 06:31:03,574 [0f256f10-8056-416e-a2a4-dd085f6c7864@group-9ED9FEE0098D-LeaderElection101] INFO  impl.LeaderElection (LeaderElection.java:logAndReturn(56)) - 0f256f10-8056-416e-a2a4-dd085f6c7864@group-9ED9FEE0098D-LeaderElection101: Election REJECTED; received 2 response(s) [0f256f10-8056-416e-a2a4-dd085f6c7864<-2f64f904-2283-4e96-b4e2-6c9018f13084#0:FAIL-t101, 0f256f10-8056-416e-a2a4-dd085f6c7864<-07fb1a7b-fe02-4a56-ac24-3020e88d4db0#0:FAIL-t101] and 0 exception(s); 0f256f10-8056-416e-a2a4-dd085f6c7864@group-9ED9FEE0098D:t101, leader=null, voted=0f256f10-8056-416e-a2a4-dd085f6c7864, raftlog=0f256f10-8056-416e-a2a4-dd085f6c7864@group-9ED9FEE0098D-SegmentedRaftLog:OPENED:c-1,f-1,i0, conf=-1: [2f64f904-2283-4e96-b4e2-6c9018f13084:192.168.34.62:40373, 0f256f10-8056-416e-a2a4-dd085f6c7864:192.168.34.62:35674, 07fb1a7b-fe02-4a56-ac24-3020e88d4db0:192.168.34.62:46434], old=null
2019-10-17 06:31:03,574 [0f256f10-8056-416e-a2a4-dd085f6c7864@group-9ED9FEE0098D-LeaderElection101] INFO  impl.RaftServerImpl (RaftServerImpl.java:setRole(184)) - 0f256f10-8056-416e-a2a4-dd085f6c7864@group-9ED9FEE0098D: changes role from CANDIDATE to FOLLOWER at term 101 for DISCOVERED_A_NEW_TERM
2019-10-17 06:31:03,574 [0f256f10-8056-416e-a2a4-dd085f6c7864@group-9ED9FEE0098D-LeaderElection101] INFO  impl.RoleInfo (RoleInfo.java:shutdownLeaderElection(134)) - 0f256f10-8056-416e-a2a4-dd085f6c7864: shutdown LeaderElection
2019-10-17 06:31:03,575 [0f256f10-8056-416e-a2a4-dd085f6c7864@group-9ED9FEE0098D-LeaderElection101] INFO  impl.RoleInfo (RoleInfo.java:updateAndGet(143)) - 0f256f10-8056-416e-a2a4-dd085f6c7864: start FollowerState
2019-10-17 06:31:03,636 [Thread-1202] INFO  ozone.MiniOzoneClusterImpl (MiniOzoneClusterImpl.java:lambda$waitForClusterToBeReady$2(164)) - Waiting for 1 number of pipelines out of 4, to report a leader.
2019-10-17 06:31:03,696 [Thread-2060] INFO  impl.FollowerState (FollowerState.java:run(108)) - 0f256f10-8056-416e-a2a4-dd085f6c7864@group-9ED9FEE0098D-FollowerState: change to CANDIDATE, lastRpcTime:121ms, electionTimeout:121ms
2019-10-17 06:31:03,696 [Thread-2060] INFO  impl.RoleInfo (RoleInfo.java:shutdownFollowerState(121)) - 0f256f10-8056-416e-a2a4-dd085f6c7864: shutdown FollowerState
2019-10-17 06:31:03,696 [Thread-2060] INFO  impl.RaftServerImpl (RaftServerImpl.java:setRole(184)) - 0f256f10-8056-416e-a2a4-dd085f6c7864@group-9ED9FEE0098D: changes role from  FOLLOWER to CANDIDATE at term 101 for changeToCandidate
2019-10-17 06:31:03,696 [Thread-2060] INFO  impl.RoleInfo (RoleInfo.java:updateAndGet(143)) - 0f256f10-8056-416e-a2a4-dd085f6c7864: start LeaderElection
2019-10-17 06:31:03,720 [0f256f10-8056-416e-a2a4-dd085f6c7864@group-9ED9FEE0098D-LeaderElection102] INFO  impl.LeaderElection (LeaderElection.java:askForVotes(178)) - 0f256f10-8056-416e-a2a4-dd085f6c7864@group-9ED9FEE0098D-LeaderElection102: begin an election at term 102 for -1: [2f64f904-2283-4e96-b4e2-6c9018f13084:192.168.34.62:40373, 0f256f10-8056-416e-a2a4-dd085f6c7864:192.168.34.62:35674, 07fb1a7b-fe02-4a56-ac24-3020e88d4db0:192.168.34.62:46434], old=null
2019-10-17 06:31:03,723 [grpc-default-executor-5] INFO  impl.RaftServerImpl (RaftServerImpl.java:setRole(184)) - 2f64f904-2283-4e96-b4e2-6c9018f13084@group-9ED9FEE0098D: changes role from  FOLLOWER to FOLLOWER at term 102 for recognizeCandidate:0f256f10-8056-416e-a2a4-dd085f6c7864
2019-10-17 06:31:03,723 [grpc-default-executor-5] INFO  impl.RoleInfo (RoleInfo.java:shutdownFollowerState(121)) - 2f64f904-2283-4e96-b4e2-6c9018f13084: shutdown FollowerState
2019-10-17 06:31:03,723 [grpc-default-executor-1] INFO  impl.RaftServerImpl (RaftServerImpl.java:setRole(184)) - 07fb1a7b-fe02-4a56-ac24-3020e88d4db0@group-9ED9FEE0098D: changes role from  FOLLOWER to FOLLOWER at term 102 for recognizeCandidate:0f256f10-8056-416e-a2a4-dd085f6c7864
2019-10-17 06:31:03,723 [Thread-2059] INFO  impl.FollowerState (FollowerState.java:run(117)) - 2f64f904-2283-4e96-b4e2-6c9018f13084@group-9ED9FEE0098D-FollowerState was interrupted: java.lang.InterruptedException: sleep interrupted
2019-10-17 06:31:03,723 [grpc-default-executor-5] INFO  impl.RoleInfo (RoleInfo.java:updateAndGet(143)) - 2f64f904-2283-4e96-b4e2-6c9018f13084: start FollowerState
2019-10-17 06:31:03,723 [grpc-default-executor-1] INFO  impl.RoleInfo (RoleInfo.java:shutdownFollowerState(121)) - 07fb1a7b-fe02-4a56-ac24-3020e88d4db0: shutdown FollowerState
2019-10-17 06:31:03,724 [grpc-default-executor-1] INFO  impl.RoleInfo (RoleInfo.java:updateAndGet(143)) - 07fb1a7b-fe02-4a56-ac24-3020e88d4db0: start FollowerState
2019-10-17 06:31:03,724 [Thread-2058] INFO  impl.FollowerState (FollowerState.java:run(117)) - 07fb1a7b-fe02-4a56-ac24-3020e88d4db0@group-9ED9FEE0098D-FollowerState was interrupted: java.lang.InterruptedException: sleep interrupted
2019-10-17 06:31:03,749 [0f256f10-8056-416e-a2a4-dd085f6c7864@group-9ED9FEE0098D-LeaderElection102] INFO  impl.LeaderElection (LeaderElection.java:logAndReturn(56)) - 0f256f10-8056-416e-a2a4-dd085f6c7864@group-9ED9FEE0098D-LeaderElection102: Election REJECTED; received 2 response(s) [0f256f10-8056-416e-a2a4-dd085f6c7864<-2f64f904-2283-4e96-b4e2-6c9018f13084#0:FAIL-t102, 0f256f10-8056-416e-a2a4-dd085f6c7864<-07fb1a7b-fe02-4a56-ac24-3020e88d4db0#0:FAIL-t102] and 0 exception(s); 0f256f10-8056-416e-a2a4-dd085f6c7864@group-9ED9FEE0098D:t102, leader=null, voted=0f256f10-8056-416e-a2a4-dd085f6c7864, raftlog=0f256f10-8056-416e-a2a4-dd085f6c7864@group-9ED9FEE0098D-SegmentedRaftLog:OPENED:c-1,f-1,i0, conf=-1: [2f64f904-2283-4e96-b4e2-6c9018f13084:192.168.34.62:40373, 0f256f10-8056-416e-a2a4-dd085f6c7864:192.168.34.62:35674, 07fb1a7b-fe02-4a56-ac24-3020e88d4db0:192.168.34.62:46434], old=null
2019-10-17 06:31:03,749 [0f256f10-8056-416e-a2a4-dd085f6c7864@group-9ED9FEE0098D-LeaderElection102] INFO  impl.RaftServerImpl (RaftServerImpl.java:setRole(184)) - 0f256f10-8056-416e-a2a4-dd085f6c7864@group-9ED9FEE0098D: changes role from CANDIDATE to FOLLOWER at term 102 for DISCOVERED_A_NEW_TERM
2019-10-17 06:31:03,749 [0f256f10-8056-416e-a2a4-dd085f6c7864@group-9ED9FEE0098D-LeaderElection102] INFO  impl.RoleInfo (RoleInfo.java:shutdownLeaderElection(134)) - 0f256f10-8056-416e-a2a4-dd085f6c7864: shutdown LeaderElection
2019-10-17 06:31:03,749 [0f256f10-8056-416e-a2a4-dd085f6c7864@group-9ED9FEE0098D-LeaderElection102] INFO  impl.RoleInfo (RoleInfo.java:updateAndGet(143)) - 0f256f10-8056-416e-a2a4-dd085f6c7864: start FollowerState
2019-10-17 06:31:03,913 [Thread-2066] INFO  impl.FollowerState (FollowerState.java:run(108)) - 0f256f10-8056-416e-a2a4-dd085f6c7864@group-9ED9FEE0098D-FollowerState: change to CANDIDATE, lastRpcTime:163ms, electionTimeout:163ms
2019-10-17 06:31:03,913 [Thread-2066] INFO  impl.RoleInfo (RoleInfo.java:shutdownFollowerState(121)) - 0f256f10-8056-416e-a2a4-dd085f6c7864: shutdown FollowerState
2019-10-17 06:31:03,913 [Thread-2066] INFO  impl.RaftServerImpl (RaftServerImpl.java:setRole(184)) - 0f256f10-8056-416e-a2a4-dd085f6c7864@group-9ED9FEE0098D: changes role from  FOLLOWER to CANDIDATE at term 102 for changeToCandidate
2019-10-17 06:31:03,913 [Thread-2066] INFO  impl.RoleInfo (RoleInfo.java:updateAndGet(143)) - 0f256f10-8056-416e-a2a4-dd085f6c7864: start LeaderElection
2019-10-17 06:31:03,951 [0f256f10-8056-416e-a2a4-dd085f6c7864@group-9ED9FEE0098D-LeaderElection103] INFO  impl.LeaderElection (LeaderElection.java:askForVotes(178)) - 0f256f10-8056-416e-a2a4-dd085f6c7864@group-9ED9FEE0098D-LeaderElection103: begin an election at term 103 for -1: [2f64f904-2283-4e96-b4e2-6c9018f13084:192.168.34.62:40373, 0f256f10-8056-416e-a2a4-dd085f6c7864:192.168.34.62:35674, 07fb1a7b-fe02-4a56-ac24-3020e88d4db0:192.168.34.62:46434], old=null
2019-10-17 06:31:03,955 [grpc-default-executor-1] INFO  impl.RaftServerImpl (RaftServerImpl.java:setRole(184)) - 2f64f904-2283-4e96-b4e2-6c9018f13084@group-9ED9FEE0098D: changes role from  FOLLOWER to FOLLOWER at term 103 for recognizeCandidate:0f256f10-8056-416e-a2a4-dd085f6c7864
2019-10-17 06:31:03,955 [grpc-default-executor-5] INFO  impl.RaftServerImpl (RaftServerImpl.java:setRole(184)) - 07fb1a7b-fe02-4a56-ac24-3020e88d4db0@group-9ED9FEE0098D: changes role from  FOLLOWER to FOLLOWER at term 103 for recognizeCandidate:0f256f10-8056-416e-a2a4-dd085f6c7864
2019-10-17 06:31:03,955 [grpc-default-executor-5] INFO  impl.RoleInfo (RoleInfo.java:shutdownFollowerState(121)) - 07fb1a7b-fe02-4a56-ac24-3020e88d4db0: shutdown FollowerState
2019-10-17 06:31:03,955 [grpc-default-executor-1] INFO  impl.RoleInfo (RoleInfo.java:shutdownFollowerState(121)) - 2f64f904-2283-4e96-b4e2-6c9018f13084: shutdown FollowerState
2019-10-17 06:31:03,955 [Thread-2065] INFO  impl.FollowerState (FollowerState.java:run(117)) - 07fb1a7b-fe02-4a56-ac24-3020e88d4db0@group-9ED9FEE0098D-FollowerState was interrupted: java.lang.InterruptedException: sleep interrupted
2019-10-17 06:31:03,955 [grpc-default-executor-5] INFO  impl.RoleInfo (RoleInfo.java:updateAndGet(143)) - 07fb1a7b-fe02-4a56-ac24-3020e88d4db0: start FollowerState
2019-10-17 06:31:03,955 [Thread-2064] INFO  impl.FollowerState (FollowerState.java:run(117)) - 2f64f904-2283-4e96-b4e2-6c9018f13084@group-9ED9FEE0098D-FollowerState was interrupted: java.lang.InterruptedException: sleep interrupted
2019-10-17 06:31:03,955 [grpc-default-executor-1] INFO  impl.RoleInfo (RoleInfo.java:updateAndGet(143)) - 2f64f904-2283-4e96-b4e2-6c9018f13084: start FollowerState
2019-10-17 06:31:03,970 [0f256f10-8056-416e-a2a4-dd085f6c7864@group-9ED9FEE0098D-LeaderElection103] INFO  impl.LeaderElection (LeaderElection.java:logAndReturn(56)) - 0f256f10-8056-416e-a2a4-dd085f6c7864@group-9ED9FEE0098D-LeaderElection103: Election REJECTED; received 2 response(s) [0f256f10-8056-416e-a2a4-dd085f6c7864<-2f64f904-2283-4e96-b4e2-6c9018f13084#0:FAIL-t103, 0f256f10-8056-416e-a2a4-dd085f6c7864<-07fb1a7b-fe02-4a56-ac24-3020e88d4db0#0:FAIL-t103] and 0 exception(s); 0f256f10-8056-416e-a2a4-dd085f6c7864@group-9ED9FEE0098D:t103, leader=null, voted=0f256f10-8056-416e-a2a4-dd085f6c7864, raftlog=0f256f10-8056-416e-a2a4-dd085f6c7864@group-9ED9FEE0098D-SegmentedRaftLog:OPENED:c-1,f-1,i0, conf=-1: [2f64f904-2283-4e96-b4e2-6c9018f13084:192.168.34.62:40373, 0f256f10-8056-416e-a2a4-dd085f6c7864:192.168.34.62:35674, 07fb1a7b-fe02-4a56-ac24-3020e88d4db0:192.168.34.62:46434], old=null
2019-10-17 06:31:03,970 [0f256f10-8056-416e-a2a4-dd085f6c7864@group-9ED9FEE0098D-LeaderElection103] INFO  impl.RaftServerImpl (RaftServerImpl.java:setRole(184)) - 0f256f10-8056-416e-a2a4-dd085f6c7864@group-9ED9FEE0098D: changes role from CANDIDATE to FOLLOWER at term 103 for DISCOVERED_A_NEW_TERM
2019-10-17 06:31:03,970 [0f256f10-8056-416e-a2a4-dd085f6c7864@group-9ED9FEE0098D-LeaderElection103] INFO  impl.RoleInfo (RoleInfo.java:shutdownLeaderElection(134)) - 0f256f10-8056-416e-a2a4-dd085f6c7864: shutdown LeaderElection
2019-10-17 06:31:03,971 [0f256f10-8056-416e-a2a4-dd085f6c7864@group-9ED9FEE0098D-LeaderElection103] INFO  impl.RoleInfo (RoleInfo.java:updateAndGet(143)) - 0f256f10-8056-416e-a2a4-dd085f6c7864: start FollowerState
2019-10-17 06:31:03,989 [Thread-2072] INFO  impl.FollowerState (FollowerState.java:run(108)) - 0f256f10-8056-416e-a2a4-dd085f6c7864@group-9ED9FEE0098D-FollowerState: change to CANDIDATE, lastRpcTime:18ms, electionTimeout:18ms
2019-10-17 06:31:03,989 [Thread-2072] INFO  impl.RoleInfo (RoleInfo.java:shutdownFollowerState(121)) - 0f256f10-8056-416e-a2a4-dd085f6c7864: shutdown FollowerState
2019-10-17 06:31:03,990 [Thread-2072] INFO  impl.RaftServerImpl (RaftServerImpl.java:setRole(184)) - 0f256f10-8056-416e-a2a4-dd085f6c7864@group-9ED9FEE0098D: changes role from  FOLLOWER to CANDIDATE at term 103 for changeToCandidate
2019-10-17 06:31:03,990 [Thread-2072] INFO  impl.RoleInfo (RoleInfo.java:updateAndGet(143)) - 0f256f10-8056-416e-a2a4-dd085f6c7864: start LeaderElection
2019-10-17 06:31:04,013 [0f256f10-8056-416e-a2a4-dd085f6c7864@group-9ED9FEE0098D-LeaderElection104] INFO  impl.LeaderElection (LeaderElection.java:askForVotes(178)) - 0f256f10-8056-416e-a2a4-dd085f6c7864@group-9ED9FEE0098D-LeaderElection104: begin an election at term 104 for -1: [2f64f904-2283-4e96-b4e2-6c9018f13084:192.168.34.62:40373, 0f256f10-8056-416e-a2a4-dd085f6c7864:192.168.34.62:35674, 07fb1a7b-fe02-4a56-ac24-3020e88d4db0:192.168.34.62:46434], old=null
2019-10-17 06:31:04,015 [grpc-default-executor-5] INFO  impl.RaftServerImpl (RaftServerImpl.java:setRole(184)) - 2f64f904-2283-4e96-b4e2-6c9018f13084@group-9ED9FEE0098D: changes role from  FOLLOWER to FOLLOWER at term 104 for recognizeCandidate:0f256f10-8056-416e-a2a4-dd085f6c7864
2019-10-17 06:31:04,015 [grpc-default-executor-1] INFO  impl.RaftServerImpl (RaftServerImpl.java:setRole(184)) - 07fb1a7b-fe02-4a56-ac24-3020e88d4db0@group-9ED9FEE0098D: changes role from  FOLLOWER to FOLLOWER at term 104 for recognizeCandidate:0f256f10-8056-416e-a2a4-dd085f6c7864
2019-10-17 06:31:04,016 [grpc-default-executor-5] INFO  impl.RoleInfo (RoleInfo.java:shutdownFollowerState(121)) - 2f64f904-2283-4e96-b4e2-6c9018f13084: shutdown FollowerState
2019-10-17 06:31:04,016 [grpc-default-executor-1] INFO  impl.RoleInfo (RoleInfo.java:shutdownFollowerState(121)) - 07fb1a7b-fe02-4a56-ac24-3020e88d4db0: shutdown FollowerState
2019-10-17 06:31:04,016 [grpc-default-executor-5] INFO  impl.RoleInfo (RoleInfo.java:updateAndGet(143)) - 2f64f904-2283-4e96-b4e2-6c9018f13084: start FollowerState
2019-10-17 06:31:04,016 [Thread-2070] INFO  impl.FollowerState (FollowerState.java:run(117)) - 07fb1a7b-fe02-4a56-ac24-3020e88d4db0@group-9ED9FEE0098D-FollowerState was interrupted: java.lang.InterruptedException: sleep interrupted
2019-10-17 06:31:04,016 [grpc-default-executor-1] INFO  impl.RoleInfo (RoleInfo.java:updateAndGet(143)) - 07fb1a7b-fe02-4a56-ac24-3020e88d4db0: start FollowerState
2019-10-17 06:31:04,016 [Thread-2071] INFO  impl.FollowerState (FollowerState.java:run(117)) - 2f64f904-2283-4e96-b4e2-6c9018f13084@group-9ED9FEE0098D-FollowerState was interrupted: java.lang.InterruptedException: sleep interrupted
2019-10-17 06:31:04,033 [0f256f10-8056-416e-a2a4-dd085f6c7864@group-9ED9FEE0098D-LeaderElection104] INFO  impl.LeaderElection (LeaderElection.java:logAndReturn(56)) - 0f256f10-8056-416e-a2a4-dd085f6c7864@group-9ED9FEE0098D-LeaderElection104: Election REJECTED; received 2 response(s) [0f256f10-8056-416e-a2a4-dd085f6c7864<-2f64f904-2283-4e96-b4e2-6c9018f13084#0:FAIL-t104, 0f256f10-8056-416e-a2a4-dd085f6c7864<-07fb1a7b-fe02-4a56-ac24-3020e88d4db0#0:FAIL-t104] and 0 exception(s); 0f256f10-8056-416e-a2a4-dd085f6c7864@group-9ED9FEE0098D:t104, leader=null, voted=0f256f10-8056-416e-a2a4-dd085f6c7864, raftlog=0f256f10-8056-416e-a2a4-dd085f6c7864@group-9ED9FEE0098D-SegmentedRaftLog:OPENED:c-1,f-1,i0, conf=-1: [2f64f904-2283-4e96-b4e2-6c9018f13084:192.168.34.62:40373, 0f256f10-8056-416e-a2a4-dd085f6c7864:192.168.34.62:35674, 07fb1a7b-fe02-4a56-ac24-3020e88d4db0:192.168.34.62:46434], old=null
2019-10-17 06:31:04,033 [0f256f10-8056-416e-a2a4-dd085f6c7864@group-9ED9FEE0098D-LeaderElection104] INFO  impl.RaftServerImpl (RaftServerImpl.java:setRole(184)) - 0f256f10-8056-416e-a2a4-dd085f6c7864@group-9ED9FEE0098D: changes role from CANDIDATE to FOLLOWER at term 104 for DISCOVERED_A_NEW_TERM
2019-10-17 06:31:04,033 [0f256f10-8056-416e-a2a4-dd085f6c7864@group-9ED9FEE0098D-LeaderElection104] INFO  impl.RoleInfo (RoleInfo.java:shutdownLeaderElection(134)) - 0f256f10-8056-416e-a2a4-dd085f6c7864: shutdown LeaderElection
2019-10-17 06:31:04,034 [0f256f10-8056-416e-a2a4-dd085f6c7864@group-9ED9FEE0098D-LeaderElection104] INFO  impl.RoleInfo (RoleInfo.java:updateAndGet(143)) - 0f256f10-8056-416e-a2a4-dd085f6c7864: start FollowerState
2019-10-17 06:31:04,223 [Thread-2078] INFO  impl.FollowerState (FollowerState.java:run(108)) - 0f256f10-8056-416e-a2a4-dd085f6c7864@group-9ED9FEE0098D-FollowerState: change to CANDIDATE, lastRpcTime:189ms, electionTimeout:189ms
2019-10-17 06:31:04,223 [Thread-2078] INFO  impl.RoleInfo (RoleInfo.java:shutdownFollowerState(121)) - 0f256f10-8056-416e-a2a4-dd085f6c7864: shutdown FollowerState
2019-10-17 06:31:04,223 [Thread-2078] INFO  impl.RaftServerImpl (RaftServerImpl.java:setRole(184)) - 0f256f10-8056-416e-a2a4-dd085f6c7864@group-9ED9FEE0098D: changes role from  FOLLOWER to CANDIDATE at term 104 for changeToCandidate
2019-10-17 06:31:04,223 [Thread-2078] INFO  impl.RoleInfo (RoleInfo.java:updateAndGet(143)) - 0f256f10-8056-416e-a2a4-dd085f6c7864: start LeaderElection
2019-10-17 06:31:04,248 [0f256f10-8056-416e-a2a4-dd085f6c7864@group-9ED9FEE0098D-LeaderElection105] INFO  impl.LeaderElection (LeaderElection.java:askForVotes(178)) - 0f256f10-8056-416e-a2a4-dd085f6c7864@group-9ED9FEE0098D-LeaderElection105: begin an election at term 105 for -1: [2f64f904-2283-4e96-b4e2-6c9018f13084:192.168.34.62:40373, 0f256f10-8056-416e-a2a4-dd085f6c7864:192.168.34.62:35674, 07fb1a7b-fe02-4a56-ac24-3020e88d4db0:192.168.34.62:46434], old=null
2019-10-17 06:31:04,250 [grpc-default-executor-5] INFO  impl.RaftServerImpl (RaftServerImpl.java:setRole(184)) - 07fb1a7b-fe02-4a56-ac24-3020e88d4db0@group-9ED9FEE0098D: changes role from  FOLLOWER to FOLLOWER at term 105 for recognizeCandidate:0f256f10-8056-416e-a2a4-dd085f6c7864
2019-10-17 06:31:04,250 [grpc-default-executor-5] INFO  impl.RoleInfo (RoleInfo.java:shutdownFollowerState(121)) - 07fb1a7b-fe02-4a56-ac24-3020e88d4db0: shutdown FollowerState
2019-10-17 06:31:04,250 [grpc-default-executor-1] INFO  impl.RaftServerImpl (RaftServerImpl.java:setRole(184)) - 2f64f904-2283-4e96-b4e2-6c9018f13084@group-9ED9FEE0098D: changes role from  FOLLOWER to FOLLOWER at term 105 for recognizeCandidate:0f256f10-8056-416e-a2a4-dd085f6c7864
2019-10-17 06:31:04,250 [Thread-2077] INFO  impl.FollowerState (FollowerState.java:run(117)) - 07fb1a7b-fe02-4a56-ac24-3020e88d4db0@group-9ED9FEE0098D-FollowerState was interrupted: java.lang.InterruptedException: sleep interrupted
2019-10-17 06:31:04,250 [grpc-default-executor-1] INFO  impl.RoleInfo (RoleInfo.java:shutdownFollowerState(121)) - 2f64f904-2283-4e96-b4e2-6c9018f13084: shutdown FollowerState
2019-10-17 06:31:04,250 [grpc-default-executor-5] INFO  impl.RoleInfo (RoleInfo.java:updateAndGet(143)) - 07fb1a7b-fe02-4a56-ac24-3020e88d4db0: start FollowerState
2019-10-17 06:31:04,250 [Thread-2076] INFO  impl.FollowerState (FollowerState.java:run(117)) - 2f64f904-2283-4e96-b4e2-6c9018f13084@group-9ED9FEE0098D-FollowerState was interrupted: java.lang.InterruptedException: sleep interrupted
2019-10-17 06:31:04,250 [grpc-default-executor-1] INFO  impl.RoleInfo (RoleInfo.java:updateAndGet(143)) - 2f64f904-2283-4e96-b4e2-6c9018f13084: start FollowerState
2019-10-17 06:31:04,264 [0f256f10-8056-416e-a2a4-dd085f6c7864@group-9ED9FEE0098D-LeaderElection105] INFO  impl.LeaderElection (LeaderElection.java:logAndReturn(56)) - 0f256f10-8056-416e-a2a4-dd085f6c7864@group-9ED9FEE0098D-LeaderElection105: Election REJECTED; received 2 response(s) [0f256f10-8056-416e-a2a4-dd085f6c7864<-2f64f904-2283-4e96-b4e2-6c9018f13084#0:FAIL-t105, 0f256f10-8056-416e-a2a4-dd085f6c7864<-07fb1a7b-fe02-4a56-ac24-3020e88d4db0#0:FAIL-t105] and 0 exception(s); 0f256f10-8056-416e-a2a4-dd085f6c7864@group-9ED9FEE0098D:t105, leader=null, voted=0f256f10-8056-416e-a2a4-dd085f6c7864, raftlog=0f256f10-8056-416e-a2a4-dd085f6c7864@group-9ED9FEE0098D-SegmentedRaftLog:OPENED:c-1,f-1,i0, conf=-1: [2f64f904-2283-4e96-b4e2-6c9018f13084:192.168.34.62:40373, 0f256f10-8056-416e-a2a4-dd085f6c7864:192.168.34.62:35674, 07fb1a7b-fe02-4a56-ac24-3020e88d4db0:192.168.34.62:46434], old=null
2019-10-17 06:31:04,265 [0f256f10-8056-416e-a2a4-dd085f6c7864@group-9ED9FEE0098D-LeaderElection105] INFO  impl.RaftServerImpl (RaftServerImpl.java:setRole(184)) - 0f256f10-8056-416e-a2a4-dd085f6c7864@group-9ED9FEE0098D: changes role from CANDIDATE to FOLLOWER at term 105 for DISCOVERED_A_NEW_TERM
2019-10-17 06:31:04,265 [0f256f10-8056-416e-a2a4-dd085f6c7864@group-9ED9FEE0098D-LeaderElection105] INFO  impl.RoleInfo (RoleInfo.java:shutdownLeaderElection(134)) - 0f256f10-8056-416e-a2a4-dd085f6c7864: shutdown LeaderElection
2019-10-17 06:31:04,265 [0f256f10-8056-416e-a2a4-dd085f6c7864@group-9ED9FEE0098D-LeaderElection105] INFO  impl.RoleInfo (RoleInfo.java:updateAndGet(143)) - 0f256f10-8056-416e-a2a4-dd085f6c7864: start FollowerState
2019-10-17 06:31:04,383 [Thread-2084] INFO  impl.FollowerState (FollowerState.java:run(108)) - 0f256f10-8056-416e-a2a4-dd085f6c7864@group-9ED9FEE0098D-FollowerState: change to CANDIDATE, lastRpcTime:118ms, electionTimeout:118ms
2019-10-17 06:31:04,384 [Thread-2084] INFO  impl.RoleInfo (RoleInfo.java:shutdownFollowerState(121)) - 0f256f10-8056-416e-a2a4-dd085f6c7864: shutdown FollowerState
2019-10-17 06:31:04,384 [Thread-2084] INFO  impl.RaftServerImpl (RaftServerImpl.java:setRole(184)) - 0f256f10-8056-416e-a2a4-dd085f6c7864@group-9ED9FEE0098D: changes role from  FOLLOWER to CANDIDATE at term 105 for changeToCandidate
2019-10-17 06:31:04,384 [Thread-2084] INFO  impl.RoleInfo (RoleInfo.java:updateAndGet(143)) - 0f256f10-8056-416e-a2a4-dd085f6c7864: start LeaderElection
2019-10-17 06:31:04,637 [Thread-1202] INFO  ozone.MiniOzoneClusterImpl (MiniOzoneClusterImpl.java:lambda$waitForClusterToBeReady$2(164)) - Waiting for 1 number of pipelines out of 4, to report a leader.
2019-10-17 06:31:05,637 [Thread-1202] INFO  ozone.MiniOzoneClusterImpl (MiniOzoneClusterImpl.java:lambda$waitForClusterToBeReady$2(164)) - Waiting for 1 number of pipelines out of 4, to report a leader.
2019-10-17 06:31:06,638 [Thread-1202] INFO  ozone.MiniOzoneClusterImpl (MiniOzoneClusterImpl.java:lambda$waitForClusterToBeReady$2(164)) - Waiting for 1 number of pipelines out of 4, to report a leader.
2019-10-17 06:31:07,638 [Thread-1202] INFO  ozone.MiniOzoneClusterImpl (MiniOzoneClusterImpl.java:lambda$waitForClusterToBeReady$2(164)) - Waiting for 1 number of pipelines out of 4, to report a leader.
2019-10-17 06:31:08,638 [Thread-1202] INFO  ozone.MiniOzoneClusterImpl (MiniOzoneClusterImpl.java:lambda$waitForClusterToBeReady$2(164)) - Waiting for 1 number of pipelines out of 4, to report a leader.
2019-10-17 06:31:09,285 [Thread-2083] INFO  impl.FollowerState (FollowerState.java:run(108)) - 2f64f904-2283-4e96-b4e2-6c9018f13084@group-9ED9FEE0098D-FollowerState: change to CANDIDATE, lastRpcTime:5034ms, electionTimeout:5034ms
2019-10-17 06:31:09,285 [Thread-2083] INFO  impl.RoleInfo (RoleInfo.java:shutdownFollowerState(121)) - 2f64f904-2283-4e96-b4e2-6c9018f13084: shutdown FollowerState
2019-10-17 06:31:09,285 [Thread-2083] INFO  impl.RaftServerImpl (RaftServerImpl.java:setRole(184)) - 2f64f904-2283-4e96-b4e2-6c9018f13084@group-9ED9FEE0098D: changes role from  FOLLOWER to CANDIDATE at term 105 for changeToCandidate
2019-10-17 06:31:09,286 [Thread-2083] INFO  impl.RoleInfo (RoleInfo.java:updateAndGet(143)) - 2f64f904-2283-4e96-b4e2-6c9018f13084: start LeaderElection
2019-10-17 06:31:09,332 [Thread-2082] INFO  impl.FollowerState (FollowerState.java:run(108)) - 07fb1a7b-fe02-4a56-ac24-3020e88d4db0@group-9ED9FEE0098D-FollowerState: change to CANDIDATE, lastRpcTime:5081ms, electionTimeout:5081ms
2019-10-17 06:31:09,332 [Thread-2082] INFO  impl.RoleInfo (RoleInfo.java:shutdownFollowerState(121)) - 07fb1a7b-fe02-4a56-ac24-3020e88d4db0: shutdown FollowerState
2019-10-17 06:31:09,332 [Thread-2082] INFO  impl.RaftServerImpl (RaftServerImpl.java:setRole(184)) - 07fb1a7b-fe02-4a56-ac24-3020e88d4db0@group-9ED9FEE0098D: changes role from  FOLLOWER to CANDIDATE at term 105 for changeToCandidate
2019-10-17 06:31:09,332 [Thread-2082] INFO  impl.RoleInfo (RoleInfo.java:updateAndGet(143)) - 07fb1a7b-fe02-4a56-ac24-3020e88d4db0: start LeaderElection
2019-10-17 06:31:09,639 [Thread-1202] INFO  ozone.MiniOzoneClusterImpl (MiniOzoneClusterImpl.java:lambda$waitForClusterToBeReady$2(164)) - Waiting for 1 number of pipelines out of 4, to report a leader.
2019-10-17 06:31:10,639 [Thread-1202] INFO  ozone.MiniOzoneClusterImpl (MiniOzoneClusterImpl.java:lambda$waitForClusterToBeReady$2(164)) - Waiting for 1 number of pipelines out of 4, to report a leader.
2019-10-17 06:31:11,640 [Thread-1202] INFO  ozone.MiniOzoneClusterImpl (MiniOzoneClusterImpl.java:lambda$waitForClusterToBeReady$2(164)) - Waiting for 1 number of pipelines out of 4, to report a leader.
2019-10-17 06:31:12,211 [0f256f10-8056-416e-a2a4-dd085f6c7864@group-9ED9FEE0098D-LeaderElection106] INFO  impl.LeaderElection (LeaderElection.java:askForVotes(178)) - 0f256f10-8056-416e-a2a4-dd085f6c7864@group-9ED9FEE0098D-LeaderElection106: begin an election at term 106 for -1: [2f64f904-2283-4e96-b4e2-6c9018f13084:192.168.34.62:40373, 0f256f10-8056-416e-a2a4-dd085f6c7864:192.168.34.62:35674, 07fb1a7b-fe02-4a56-ac24-3020e88d4db0:192.168.34.62:46434], old=null
2019-10-17 06:31:12,400 [0f256f10-8056-416e-a2a4-dd085f6c7864@group-9ED9FEE0098D-LeaderElection106] INFO  impl.LeaderElection (LeaderElection.java:logAndReturn(56)) - 0f256f10-8056-416e-a2a4-dd085f6c7864@group-9ED9FEE0098D-LeaderElection106: Election TIMEOUT; received 0 response(s) [] and 0 exception(s); 0f256f10-8056-416e-a2a4-dd085f6c7864@group-9ED9FEE0098D:t106, leader=null, voted=0f256f10-8056-416e-a2a4-dd085f6c7864, raftlog=0f256f10-8056-416e-a2a4-dd085f6c7864@group-9ED9FEE0098D-SegmentedRaftLog:OPENED:c-1,f-1,i0, conf=-1: [2f64f904-2283-4e96-b4e2-6c9018f13084:192.168.34.62:40373, 0f256f10-8056-416e-a2a4-dd085f6c7864:192.168.34.62:35674, 07fb1a7b-fe02-4a56-ac24-3020e88d4db0:192.168.34.62:46434], old=null
2019-10-17 06:31:12,640 [Thread-1202] INFO  ozone.MiniOzoneClusterImpl (MiniOzoneClusterImpl.java:lambda$waitForClusterToBeReady$2(164)) - Waiting for 1 number of pipelines out of 4, to report a leader.
2019-10-17 06:31:13,641 [Thread-1202] INFO  ozone.MiniOzoneClusterImpl (MiniOzoneClusterImpl.java:lambda$waitForClusterToBeReady$2(164)) - Waiting for 1 number of pipelines out of 4, to report a leader.
2019-10-17 06:31:14,319 [2f64f904-2283-4e96-b4e2-6c9018f13084@group-9ED9FEE0098D-LeaderElection107] INFO  impl.LeaderElection (LeaderElection.java:askForVotes(178)) - 2f64f904-2283-4e96-b4e2-6c9018f13084@group-9ED9FEE0098D-LeaderElection107: begin an election at term 106 for 0: [2f64f904-2283-4e96-b4e2-6c9018f13084:192.168.34.62:40373, 0f256f10-8056-416e-a2a4-dd085f6c7864:192.168.34.62:35674, 07fb1a7b-fe02-4a56-ac24-3020e88d4db0:192.168.34.62:46434], old=null
2019-10-17 06:31:14,319 [07fb1a7b-fe02-4a56-ac24-3020e88d4db0@group-9ED9FEE0098D-LeaderElection108] INFO  impl.LeaderElection (LeaderElection.java:askForVotes(178)) - 07fb1a7b-fe02-4a56-ac24-3020e88d4db0@group-9ED9FEE0098D-LeaderElection108: begin an election at term 106 for 0: [2f64f904-2283-4e96-b4e2-6c9018f13084:192.168.34.62:40373, 0f256f10-8056-416e-a2a4-dd085f6c7864:192.168.34.62:35674, 07fb1a7b-fe02-4a56-ac24-3020e88d4db0:192.168.34.62:46434], old=null
2019-10-17 06:31:14,641 [Thread-1202] INFO  ozone.MiniOzoneClusterImpl (MiniOzoneClusterImpl.java:lambda$waitForClusterToBeReady$2(164)) - Waiting for 1 number of pipelines out of 4, to report a leader.
2019-10-17 06:31:15,417 [0f256f10-8056-416e-a2a4-dd085f6c7864@group-9ED9FEE0098D-LeaderElection106] INFO  impl.LeaderElection (LeaderElection.java:askForVotes(178)) - 0f256f10-8056-416e-a2a4-dd085f6c7864@group-9ED9FEE0098D-LeaderElection106: begin an election at term 107 for -1: [2f64f904-2283-4e96-b4e2-6c9018f13084:192.168.34.62:40373, 0f256f10-8056-416e-a2a4-dd085f6c7864:192.168.34.62:35674, 07fb1a7b-fe02-4a56-ac24-3020e88d4db0:192.168.34.62:46434], old=null
2019-10-17 06:31:15,420 [07fb1a7b-fe02-4a56-ac24-3020e88d4db0@group-9ED9FEE0098D-LeaderElection108] INFO  impl.LeaderElection (LeaderElection.java:logAndReturn(56)) - 07fb1a7b-fe02-4a56-ac24-3020e88d4db0@group-9ED9FEE0098D-LeaderElection108: Election DISCOVERED_A_NEW_TERM; received 2 response(s) [07fb1a7b-fe02-4a56-ac24-3020e88d4db0<-2f64f904-2283-4e96-b4e2-6c9018f13084#0:FAIL-t106, 07fb1a7b-fe02-4a56-ac24-3020e88d4db0<-0f256f10-8056-416e-a2a4-dd085f6c7864#0:FAIL-t107] and 0 exception(s); 07fb1a7b-fe02-4a56-ac24-3020e88d4db0@group-9ED9FEE0098D:t106, leader=null, voted=07fb1a7b-fe02-4a56-ac24-3020e88d4db0, raftlog=07fb1a7b-fe02-4a56-ac24-3020e88d4db0@group-9ED9FEE0098D-SegmentedRaftLog:OPENED:c-1,f0,i0, conf=0: [2f64f904-2283-4e96-b4e2-6c9018f13084:192.168.34.62:40373, 0f256f10-8056-416e-a2a4-dd085f6c7864:192.168.34.62:35674, 07fb1a7b-fe02-4a56-ac24-3020e88d4db0:192.168.34.62:46434], old=null
2019-10-17 06:31:15,420 [2f64f904-2283-4e96-b4e2-6c9018f13084@group-9ED9FEE0098D-LeaderElection107] INFO  impl.LeaderElection (LeaderElection.java:logAndReturn(56)) - 2f64f904-2283-4e96-b4e2-6c9018f13084@group-9ED9FEE0098D-LeaderElection107: Election DISCOVERED_A_NEW_TERM; received 2 response(s) [2f64f904-2283-4e96-b4e2-6c9018f13084<-0f256f10-8056-416e-a2a4-dd085f6c7864#0:FAIL-t107, 2f64f904-2283-4e96-b4e2-6c9018f13084<-07fb1a7b-fe02-4a56-ac24-3020e88d4db0#0:FAIL-t106] and 0 exception(s); 2f64f904-2283-4e96-b4e2-6c9018f13084@group-9ED9FEE0098D:t106, leader=null, voted=2f64f904-2283-4e96-b4e2-6c9018f13084, raftlog=2f64f904-2283-4e96-b4e2-6c9018f13084@group-9ED9FEE0098D-SegmentedRaftLog:OPENED:c-1,f0,i0, conf=0: [2f64f904-2283-4e96-b4e2-6c9018f13084:192.168.34.62:40373, 0f256f10-8056-416e-a2a4-dd085f6c7864:192.168.34.62:35674, 07fb1a7b-fe02-4a56-ac24-3020e88d4db0:192.168.34.62:46434], old=null
2019-10-17 06:31:15,421 [07fb1a7b-fe02-4a56-ac24-3020e88d4db0@group-9ED9FEE0098D-LeaderElection108] INFO  impl.RaftServerImpl (RaftServerImpl.java:setRole(184)) - 07fb1a7b-fe02-4a56-ac24-3020e88d4db0@group-9ED9FEE0098D: changes role from CANDIDATE to FOLLOWER at term 107 for DISCOVERED_A_NEW_TERM
2019-10-17 06:31:15,421 [2f64f904-2283-4e96-b4e2-6c9018f13084@group-9ED9FEE0098D-LeaderElection107] INFO  impl.RaftServerImpl (RaftServerImpl.java:setRole(184)) - 2f64f904-2283-4e96-b4e2-6c9018f13084@group-9ED9FEE0098D: changes role from CANDIDATE to FOLLOWER at term 107 for DISCOVERED_A_NEW_TERM
2019-10-17 06:31:15,421 [2f64f904-2283-4e96-b4e2-6c9018f13084@group-9ED9FEE0098D-LeaderElection107] INFO  impl.RoleInfo (RoleInfo.java:shutdownLeaderElection(134)) - 2f64f904-2283-4e96-b4e2-6c9018f13084: shutdown LeaderElection
2019-10-17 06:31:15,421 [07fb1a7b-fe02-4a56-ac24-3020e88d4db0@group-9ED9FEE0098D-LeaderElection108] INFO  impl.RoleInfo (RoleInfo.java:shutdownLeaderElection(134)) - 07fb1a7b-fe02-4a56-ac24-3020e88d4db0: shutdown LeaderElection
2019-10-17 06:31:15,421 [2f64f904-2283-4e96-b4e2-6c9018f13084@group-9ED9FEE0098D-LeaderElection107] INFO  impl.RoleInfo (RoleInfo.java:updateAndGet(143)) - 2f64f904-2283-4e96-b4e2-6c9018f13084: start FollowerState
2019-10-17 06:31:15,421 [07fb1a7b-fe02-4a56-ac24-3020e88d4db0@group-9ED9FEE0098D-LeaderElection108] INFO  impl.RoleInfo (RoleInfo.java:updateAndGet(143)) - 07fb1a7b-fe02-4a56-ac24-3020e88d4db0: start FollowerState
2019-10-17 06:31:15,448 [grpc-default-executor-1] INFO  impl.RaftServerImpl (RaftServerImpl.java:setRole(184)) - 2f64f904-2283-4e96-b4e2-6c9018f13084@group-9ED9FEE0098D: changes role from  FOLLOWER to FOLLOWER at term 107 for recognizeCandidate:0f256f10-8056-416e-a2a4-dd085f6c7864
2019-10-17 06:31:15,448 [grpc-default-executor-6] INFO  impl.RaftServerImpl (RaftServerImpl.java:setRole(184)) - 07fb1a7b-fe02-4a56-ac24-3020e88d4db0@group-9ED9FEE0098D: changes role from  FOLLOWER to FOLLOWER at term 107 for recognizeCandidate:0f256f10-8056-416e-a2a4-dd085f6c7864
2019-10-17 06:31:15,448 [grpc-default-executor-1] INFO  impl.RoleInfo (RoleInfo.java:shutdownFollowerState(121)) - 2f64f904-2283-4e96-b4e2-6c9018f13084: shutdown FollowerState
2019-10-17 06:31:15,448 [grpc-default-executor-6] INFO  impl.RoleInfo (RoleInfo.java:shutdownFollowerState(121)) - 07fb1a7b-fe02-4a56-ac24-3020e88d4db0: shutdown FollowerState
2019-10-17 06:31:15,448 [grpc-default-executor-1] INFO  impl.RoleInfo (RoleInfo.java:updateAndGet(143)) - 2f64f904-2283-4e96-b4e2-6c9018f13084: start FollowerState
2019-10-17 06:31:15,448 [Thread-2096] INFO  impl.FollowerState (FollowerState.java:run(117)) - 2f64f904-2283-4e96-b4e2-6c9018f13084@group-9ED9FEE0098D-FollowerState was interrupted: java.lang.InterruptedException: sleep interrupted
2019-10-17 06:31:15,448 [grpc-default-executor-6] INFO  impl.RoleInfo (RoleInfo.java:updateAndGet(143)) - 07fb1a7b-fe02-4a56-ac24-3020e88d4db0: start FollowerState
2019-10-17 06:31:15,448 [Thread-2097] INFO  impl.FollowerState (FollowerState.java:run(117)) - 07fb1a7b-fe02-4a56-ac24-3020e88d4db0@group-9ED9FEE0098D-FollowerState was interrupted: java.lang.InterruptedException: sleep interrupted
2019-10-17 06:31:15,449 [0f256f10-8056-416e-a2a4-dd085f6c7864@group-9ED9FEE0098D-LeaderElection106] INFO  impl.LeaderElection (LeaderElection.java:logAndReturn(56)) - 0f256f10-8056-416e-a2a4-dd085f6c7864@group-9ED9FEE0098D-LeaderElection106: Election REJECTED; received 2 response(s) [0f256f10-8056-416e-a2a4-dd085f6c7864<-2f64f904-2283-4e96-b4e2-6c9018f13084#0:FAIL-t107, 0f256f10-8056-416e-a2a4-dd085f6c7864<-07fb1a7b-fe02-4a56-ac24-3020e88d4db0#0:FAIL-t107] and 0 exception(s); 0f256f10-8056-416e-a2a4-dd085f6c7864@group-9ED9FEE0098D:t107, leader=null, voted=0f256f10-8056-416e-a2a4-dd085f6c7864, raftlog=0f256f10-8056-416e-a2a4-dd085f6c7864@group-9ED9FEE0098D-SegmentedRaftLog:OPENED:c-1,f-1,i0, conf=-1: [2f64f904-2283-4e96-b4e2-6c9018f13084:192.168.34.62:40373, 0f256f10-8056-416e-a2a4-dd085f6c7864:192.168.34.62:35674, 07fb1a7b-fe02-4a56-ac24-3020e88d4db0:192.168.34.62:46434], old=null
2019-10-17 06:31:15,449 [0f256f10-8056-416e-a2a4-dd085f6c7864@group-9ED9FEE0098D-LeaderElection106] INFO  impl.RaftServerImpl (RaftServerImpl.java:setRole(184)) - 0f256f10-8056-416e-a2a4-dd085f6c7864@group-9ED9FEE0098D: changes role from CANDIDATE to FOLLOWER at term 107 for DISCOVERED_A_NEW_TERM
2019-10-17 06:31:15,449 [0f256f10-8056-416e-a2a4-dd085f6c7864@group-9ED9FEE0098D-LeaderElection106] INFO  impl.RoleInfo (RoleInfo.java:shutdownLeaderElection(134)) - 0f256f10-8056-416e-a2a4-dd085f6c7864: shutdown LeaderElection
2019-10-17 06:31:15,449 [0f256f10-8056-416e-a2a4-dd085f6c7864@group-9ED9FEE0098D-LeaderElection106] INFO  impl.RoleInfo (RoleInfo.java:updateAndGet(143)) - 0f256f10-8056-416e-a2a4-dd085f6c7864: start FollowerState
2019-10-17 06:31:15,451 [Thread-2100] INFO  impl.FollowerState (FollowerState.java:run(108)) - 0f256f10-8056-416e-a2a4-dd085f6c7864@group-9ED9FEE0098D-FollowerState: change to CANDIDATE, lastRpcTime:1ms, electionTimeout:1ms
2019-10-17 06:31:15,451 [Thread-2100] INFO  impl.RoleInfo (RoleInfo.java:shutdownFollowerState(121)) - 0f256f10-8056-416e-a2a4-dd085f6c7864: shutdown FollowerState
2019-10-17 06:31:15,451 [Thread-2100] INFO  impl.RaftServerImpl (RaftServerImpl.java:setRole(184)) - 0f256f10-8056-416e-a2a4-dd085f6c7864@group-9ED9FEE0098D: changes role from  FOLLOWER to CANDIDATE at term 107 for changeToCandidate
2019-10-17 06:31:15,451 [Thread-2100] INFO  impl.RoleInfo (RoleInfo.java:updateAndGet(143)) - 0f256f10-8056-416e-a2a4-dd085f6c7864: start LeaderElection
2019-10-17 06:31:15,472 [0f256f10-8056-416e-a2a4-dd085f6c7864@group-9ED9FEE0098D-LeaderElection109] INFO  impl.LeaderElection (LeaderElection.java:askForVotes(178)) - 0f256f10-8056-416e-a2a4-dd085f6c7864@group-9ED9FEE0098D-LeaderElection109: begin an election at term 108 for -1: [2f64f904-2283-4e96-b4e2-6c9018f13084:192.168.34.62:40373, 0f256f10-8056-416e-a2a4-dd085f6c7864:192.168.34.62:35674, 07fb1a7b-fe02-4a56-ac24-3020e88d4db0:192.168.34.62:46434], old=null
2019-10-17 06:31:15,474 [grpc-default-executor-6] INFO  impl.RaftServerImpl (RaftServerImpl.java:setRole(184)) - 07fb1a7b-fe02-4a56-ac24-3020e88d4db0@group-9ED9FEE0098D: changes role from  FOLLOWER to FOLLOWER at term 108 for recognizeCandidate:0f256f10-8056-416e-a2a4-dd085f6c7864
2019-10-17 06:31:15,474 [grpc-default-executor-6] INFO  impl.RoleInfo (RoleInfo.java:shutdownFollowerState(121)) - 07fb1a7b-fe02-4a56-ac24-3020e88d4db0: shutdown FollowerState
2019-10-17 06:31:15,474 [grpc-default-executor-1] INFO  impl.RaftServerImpl (RaftServerImpl.java:setRole(184)) - 2f64f904-2283-4e96-b4e2-6c9018f13084@group-9ED9FEE0098D: changes role from  FOLLOWER to FOLLOWER at term 108 for recognizeCandidate:0f256f10-8056-416e-a2a4-dd085f6c7864
2019-10-17 06:31:15,474 [grpc-default-executor-6] INFO  impl.RoleInfo (RoleInfo.java:updateAndGet(143)) - 07fb1a7b-fe02-4a56-ac24-3020e88d4db0: start FollowerState
2019-10-17 06:31:15,474 [Thread-2099] INFO  impl.FollowerState (FollowerState.java:run(117)) - 07fb1a7b-fe02-4a56-ac24-3020e88d4db0@group-9ED9FEE0098D-FollowerState was interrupted: java.lang.InterruptedException: sleep interrupted
2019-10-17 06:31:15,474 [grpc-default-executor-1] INFO  impl.RoleInfo (RoleInfo.java:shutdownFollowerState(121)) - 2f64f904-2283-4e96-b4e2-6c9018f13084: shutdown FollowerState
2019-10-17 06:31:15,475 [grpc-default-executor-1] INFO  impl.RoleInfo (RoleInfo.java:updateAndGet(143)) - 2f64f904-2283-4e96-b4e2-6c9018f13084: start FollowerState
2019-10-17 06:31:15,475 [Thread-2098] INFO  impl.FollowerState (FollowerState.java:run(117)) - 2f64f904-2283-4e96-b4e2-6c9018f13084@group-9ED9FEE0098D-FollowerState was interrupted: java.lang.InterruptedException: sleep interrupted
2019-10-17 06:31:15,491 [0f256f10-8056-416e-a2a4-dd085f6c7864@group-9ED9FEE0098D-LeaderElection109] INFO  impl.LeaderElection (LeaderElection.java:logAndReturn(56)) - 0f256f10-8056-416e-a2a4-dd085f6c7864@group-9ED9FEE0098D-LeaderElection109: Election REJECTED; received 2 response(s) [0f256f10-8056-416e-a2a4-dd085f6c7864<-2f64f904-2283-4e96-b4e2-6c9018f13084#0:FAIL-t108, 0f256f10-8056-416e-a2a4-dd085f6c7864<-07fb1a7b-fe02-4a56-ac24-3020e88d4db0#0:FAIL-t108] and 0 exception(s); 0f256f10-8056-416e-a2a4-dd085f6c7864@group-9ED9FEE0098D:t108, leader=null, voted=0f256f10-8056-416e-a2a4-dd085f6c7864, raftlog=0f256f10-8056-416e-a2a4-dd085f6c7864@group-9ED9FEE0098D-SegmentedRaftLog:OPENED:c-1,f-1,i0, conf=-1: [2f64f904-2283-4e96-b4e2-6c9018f13084:192.168.34.62:40373, 0f256f10-8056-416e-a2a4-dd085f6c7864:192.168.34.62:35674, 07fb1a7b-fe02-4a56-ac24-3020e88d4db0:192.168.34.62:46434], old=null
2019-10-17 06:31:15,491 [0f256f10-8056-416e-a2a4-dd085f6c7864@group-9ED9FEE0098D-LeaderElection109] INFO  impl.RaftServerImpl (RaftServerImpl.java:setRole(184)) - 0f256f10-8056-416e-a2a4-dd085f6c7864@group-9ED9FEE0098D: changes role from CANDIDATE to FOLLOWER at term 108 for DISCOVERED_A_NEW_TERM
2019-10-17 06:31:15,491 [0f256f10-8056-416e-a2a4-dd085f6c7864@group-9ED9FEE0098D-LeaderElection109] INFO  impl.RoleInfo (RoleInfo.java:shutdownLeaderElection(134)) - 0f256f10-8056-416e-a2a4-dd085f6c7864: shutdown LeaderElection
2019-10-17 06:31:15,491 [0f256f10-8056-416e-a2a4-dd085f6c7864@group-9ED9FEE0098D-LeaderElection109] INFO  impl.RoleInfo (RoleInfo.java:updateAndGet(143)) - 0f256f10-8056-416e-a2a4-dd085f6c7864: start FollowerState
2019-10-17 06:31:15,642 [Thread-1202] INFO  ozone.MiniOzoneClusterImpl (MiniOzoneClusterImpl.java:lambda$waitForClusterToBeReady$2(164)) - Waiting for 1 number of pipelines out of 4, to report a leader.
2019-10-17 06:31:15,670 [Thread-2106] INFO  impl.FollowerState (FollowerState.java:run(108)) - 0f256f10-8056-416e-a2a4-dd085f6c7864@group-9ED9FEE0098D-FollowerState: change to CANDIDATE, lastRpcTime:178ms, electionTimeout:178ms
2019-10-17 06:31:15,670 [Thread-2106] INFO  impl.RoleInfo (RoleInfo.java:shutdownFollowerState(121)) - 0f256f10-8056-416e-a2a4-dd085f6c7864: shutdown FollowerState
2019-10-17 06:31:15,670 [Thread-2106] INFO  impl.RaftServerImpl (RaftServerImpl.java:setRole(184)) - 0f256f10-8056-416e-a2a4-dd085f6c7864@group-9ED9FEE0098D: changes role from  FOLLOWER to CANDIDATE at term 108 for changeToCandidate
2019-10-17 06:31:15,670 [Thread-2106] INFO  impl.RoleInfo (RoleInfo.java:updateAndGet(143)) - 0f256f10-8056-416e-a2a4-dd085f6c7864: start LeaderElection
2019-10-17 06:31:15,689 [0f256f10-8056-416e-a2a4-dd085f6c7864@group-9ED9FEE0098D-LeaderElection110] INFO  impl.LeaderElection (LeaderElection.java:askForVotes(178)) - 0f256f10-8056-416e-a2a4-dd085f6c7864@group-9ED9FEE0098D-LeaderElection110: begin an election at term 109 for -1: [2f64f904-2283-4e96-b4e2-6c9018f13084:192.168.34.62:40373, 0f256f10-8056-416e-a2a4-dd085f6c7864:192.168.34.62:35674, 07fb1a7b-fe02-4a56-ac24-3020e88d4db0:192.168.34.62:46434], old=null
2019-10-17 06:31:15,691 [grpc-default-executor-1] INFO  impl.RaftServerImpl (RaftServerImpl.java:setRole(184)) - 2f64f904-2283-4e96-b4e2-6c9018f13084@group-9ED9FEE0098D: changes role from  FOLLOWER to FOLLOWER at term 109 for recognizeCandidate:0f256f10-8056-416e-a2a4-dd085f6c7864
2019-10-17 06:31:15,691 [grpc-default-executor-6] INFO  impl.RaftServerImpl (RaftServerImpl.java:setRole(184)) - 07fb1a7b-fe02-4a56-ac24-3020e88d4db0@group-9ED9FEE0098D: changes role from  FOLLOWER to FOLLOWER at term 109 for recognizeCandidate:0f256f10-8056-416e-a2a4-dd085f6c7864
2019-10-17 06:31:15,691 [grpc-default-executor-1] INFO  impl.RoleInfo (RoleInfo.java:shutdownFollowerState(121)) - 2f64f904-2283-4e96-b4e2-6c9018f13084: shutdown FollowerState
2019-10-17 06:31:15,691 [grpc-default-executor-6] INFO  impl.RoleInfo (RoleInfo.java:shutdownFollowerState(121)) - 07fb1a7b-fe02-4a56-ac24-3020e88d4db0: shutdown FollowerState
2019-10-17 06:31:15,692 [Thread-2105] INFO  impl.FollowerState (FollowerState.java:run(117)) - 2f64f904-2283-4e96-b4e2-6c9018f13084@group-9ED9FEE0098D-FollowerState was interrupted: java.lang.InterruptedException: sleep interrupted
2019-10-17 06:31:15,692 [Thread-2104] INFO  impl.FollowerState (FollowerState.java:run(117)) - 07fb1a7b-fe02-4a56-ac24-3020e88d4db0@group-9ED9FEE0098D-FollowerState was interrupted: java.lang.InterruptedException: sleep interrupted
2019-10-17 06:31:15,691 [grpc-default-executor-1] INFO  impl.RoleInfo (RoleInfo.java:updateAndGet(143)) - 2f64f904-2283-4e96-b4e2-6c9018f13084: start FollowerState
2019-10-17 06:31:15,692 [grpc-default-executor-6] INFO  impl.RoleInfo (RoleInfo.java:updateAndGet(143)) - 07fb1a7b-fe02-4a56-ac24-3020e88d4db0: start FollowerState
2019-10-17 06:31:15,722 [0f256f10-8056-416e-a2a4-dd085f6c7864@group-9ED9FEE0098D-LeaderElection110] INFO  impl.LeaderElection (LeaderElection.java:logAndReturn(56)) - 0f256f10-8056-416e-a2a4-dd085f6c7864@group-9ED9FEE0098D-LeaderElection110: Election TIMEOUT; received 0 response(s) [] and 0 exception(s); 0f256f10-8056-416e-a2a4-dd085f6c7864@group-9ED9FEE0098D:t109, leader=null, voted=0f256f10-8056-416e-a2a4-dd085f6c7864, raftlog=0f256f10-8056-416e-a2a4-dd085f6c7864@group-9ED9FEE0098D-SegmentedRaftLog:OPENED:c-1,f-1,i0, conf=-1: [2f64f904-2283-4e96-b4e2-6c9018f13084:192.168.34.62:40373, 0f256f10-8056-416e-a2a4-dd085f6c7864:192.168.34.62:35674, 07fb1a7b-fe02-4a56-ac24-3020e88d4db0:192.168.34.62:46434], old=null
2019-10-17 06:31:15,800 [0f256f10-8056-416e-a2a4-dd085f6c7864@group-9ED9FEE0098D-LeaderElection110] INFO  impl.LeaderElection (LeaderElection.java:askForVotes(178)) - 0f256f10-8056-416e-a2a4-dd085f6c7864@group-9ED9FEE0098D-LeaderElection110: begin an election at term 110 for -1: [2f64f904-2283-4e96-b4e2-6c9018f13084:192.168.34.62:40373, 0f256f10-8056-416e-a2a4-dd085f6c7864:192.168.34.62:35674, 07fb1a7b-fe02-4a56-ac24-3020e88d4db0:192.168.34.62:46434], old=null
2019-10-17 06:31:15,803 [grpc-default-executor-1] INFO  impl.RaftServerImpl (RaftServerImpl.java:setRole(184)) - 2f64f904-2283-4e96-b4e2-6c9018f13084@group-9ED9FEE0098D: changes role from  FOLLOWER to FOLLOWER at term 110 for recognizeCandidate:0f256f10-8056-416e-a2a4-dd085f6c7864
2019-10-17 06:31:15,803 [grpc-default-executor-6] INFO  impl.RaftServerImpl (RaftServerImpl.java:setRole(184)) - 07fb1a7b-fe02-4a56-ac24-3020e88d4db0@group-9ED9FEE0098D: changes role from  FOLLOWER to FOLLOWER at term 110 for recognizeCandidate:0f256f10-8056-416e-a2a4-dd085f6c7864
2019-10-17 06:31:15,803 [grpc-default-executor-1] INFO  impl.RoleInfo (RoleInfo.java:shutdownFollowerState(121)) - 2f64f904-2283-4e96-b4e2-6c9018f13084: shutdown FollowerState
2019-10-17 06:31:15,803 [grpc-default-executor-6] INFO  impl.RoleInfo (RoleInfo.java:shutdownFollowerState(121)) - 07fb1a7b-fe02-4a56-ac24-3020e88d4db0: shutdown FollowerState
2019-10-17 06:31:15,804 [Thread-2110] INFO  impl.FollowerState (FollowerState.java:run(117)) - 2f64f904-2283-4e96-b4e2-6c9018f13084@group-9ED9FEE0098D-FollowerState was interrupted: java.lang.InterruptedException: sleep interrupted
2019-10-17 06:31:15,804 [grpc-default-executor-1] INFO  impl.RoleInfo (RoleInfo.java:updateAndGet(143)) - 2f64f904-2283-4e96-b4e2-6c9018f13084: start FollowerState
2019-10-17 06:31:15,804 [Thread-2111] INFO  impl.FollowerState (FollowerState.java:run(117)) - 07fb1a7b-fe02-4a56-ac24-3020e88d4db0@group-9ED9FEE0098D-FollowerState was interrupted: java.lang.InterruptedException: sleep interrupted
2019-10-17 06:31:15,804 [grpc-default-executor-6] INFO  impl.RoleInfo (RoleInfo.java:updateAndGet(143)) - 07fb1a7b-fe02-4a56-ac24-3020e88d4db0: start FollowerState
2019-10-17 06:31:15,836 [0f256f10-8056-416e-a2a4-dd085f6c7864@group-9ED9FEE0098D-LeaderElection110] INFO  impl.LeaderElection (LeaderElection.java:logAndReturn(56)) - 0f256f10-8056-416e-a2a4-dd085f6c7864@group-9ED9FEE0098D-LeaderElection110: Election REJECTED; received 2 response(s) [0f256f10-8056-416e-a2a4-dd085f6c7864<-2f64f904-2283-4e96-b4e2-6c9018f13084#0:FAIL-t110, 0f256f10-8056-416e-a2a4-dd085f6c7864<-07fb1a7b-fe02-4a56-ac24-3020e88d4db0#0:FAIL-t110] and 0 exception(s); 0f256f10-8056-416e-a2a4-dd085f6c7864@group-9ED9FEE0098D:t110, leader=null, voted=0f256f10-8056-416e-a2a4-dd085f6c7864, raftlog=0f256f10-8056-416e-a2a4-dd085f6c7864@group-9ED9FEE0098D-SegmentedRaftLog:OPENED:c-1,f-1,i0, conf=-1: [2f64f904-2283-4e96-b4e2-6c9018f13084:192.168.34.62:40373, 0f256f10-8056-416e-a2a4-dd085f6c7864:192.168.34.62:35674, 07fb1a7b-fe02-4a56-ac24-3020e88d4db0:192.168.34.62:46434], old=null
2019-10-17 06:31:15,837 [0f256f10-8056-416e-a2a4-dd085f6c7864@group-9ED9FEE0098D-LeaderElection110] INFO  impl.RaftServerImpl (RaftServerImpl.java:setRole(184)) - 0f256f10-8056-416e-a2a4-dd085f6c7864@group-9ED9FEE0098D: changes role from CANDIDATE to FOLLOWER at term 110 for DISCOVERED_A_NEW_TERM
2019-10-17 06:31:15,837 [0f256f10-8056-416e-a2a4-dd085f6c7864@group-9ED9FEE0098D-LeaderElection110] INFO  impl.RoleInfo (RoleInfo.java:shutdownLeaderElection(134)) - 0f256f10-8056-416e-a2a4-dd085f6c7864: shutdown LeaderElection
2019-10-17 06:31:15,837 [0f256f10-8056-416e-a2a4-dd085f6c7864@group-9ED9FEE0098D-LeaderElection110] INFO  impl.RoleInfo (RoleInfo.java:updateAndGet(143)) - 0f256f10-8056-416e-a2a4-dd085f6c7864: start FollowerState
2019-10-17 06:31:15,885 [Thread-2116] INFO  impl.FollowerState (FollowerState.java:run(108)) - 0f256f10-8056-416e-a2a4-dd085f6c7864@group-9ED9FEE0098D-FollowerState: change to CANDIDATE, lastRpcTime:48ms, electionTimeout:48ms
2019-10-17 06:31:15,886 [Thread-2116] INFO  impl.RoleInfo (RoleInfo.java:shutdownFollowerState(121)) - 0f256f10-8056-416e-a2a4-dd085f6c7864: shutdown FollowerState
2019-10-17 06:31:15,886 [Thread-2116] INFO  impl.RaftServerImpl (RaftServerImpl.java:setRole(184)) - 0f256f10-8056-416e-a2a4-dd085f6c7864@group-9ED9FEE0098D: changes role from  FOLLOWER to CANDIDATE at term 110 for changeToCandidate
2019-10-17 06:31:15,886 [Thread-2116] INFO  impl.RoleInfo (RoleInfo.java:updateAndGet(143)) - 0f256f10-8056-416e-a2a4-dd085f6c7864: start LeaderElection
2019-10-17 06:31:15,940 [0f256f10-8056-416e-a2a4-dd085f6c7864@group-9ED9FEE0098D-LeaderElection111] INFO  impl.LeaderElection (LeaderElection.java:askForVotes(178)) - 0f256f10-8056-416e-a2a4-dd085f6c7864@group-9ED9FEE0098D-LeaderElection111: begin an election at term 111 for -1: [2f64f904-2283-4e96-b4e2-6c9018f13084:192.168.34.62:40373, 0f256f10-8056-416e-a2a4-dd085f6c7864:192.168.34.62:35674, 07fb1a7b-fe02-4a56-ac24-3020e88d4db0:192.168.34.62:46434], old=null
2019-10-17 06:31:15,944 [grpc-default-executor-1] INFO  impl.RaftServerImpl (RaftServerImpl.java:setRole(184)) - 07fb1a7b-fe02-4a56-ac24-3020e88d4db0@group-9ED9FEE0098D: changes role from  FOLLOWER to FOLLOWER at term 111 for recognizeCandidate:0f256f10-8056-416e-a2a4-dd085f6c7864
2019-10-17 06:31:15,944 [grpc-default-executor-1] INFO  impl.RoleInfo (RoleInfo.java:shutdownFollowerState(121)) - 07fb1a7b-fe02-4a56-ac24-3020e88d4db0: shutdown FollowerState
2019-10-17 06:31:15,944 [grpc-default-executor-6] INFO  impl.RaftServerImpl (RaftServerImpl.java:setRole(184)) - 2f64f904-2283-4e96-b4e2-6c9018f13084@group-9ED9FEE0098D: changes role from  FOLLOWER to FOLLOWER at term 111 for recognizeCandidate:0f256f10-8056-416e-a2a4-dd085f6c7864
2019-10-17 06:31:15,944 [grpc-default-executor-1] INFO  impl.RoleInfo (RoleInfo.java:updateAndGet(143)) - 07fb1a7b-fe02-4a56-ac24-3020e88d4db0: start FollowerState
2019-10-17 06:31:15,944 [Thread-2115] INFO  impl.FollowerState (FollowerState.java:run(117)) - 07fb1a7b-fe02-4a56-ac24-3020e88d4db0@group-9ED9FEE0098D-FollowerState was interrupted: java.lang.InterruptedException: sleep interrupted
2019-10-17 06:31:15,944 [grpc-default-executor-6] INFO  impl.RoleInfo (RoleInfo.java:shutdownFollowerState(121)) - 2f64f904-2283-4e96-b4e2-6c9018f13084: shutdown FollowerState
2019-10-17 06:31:15,945 [grpc-default-executor-6] INFO  impl.RoleInfo (RoleInfo.java:updateAndGet(143)) - 2f64f904-2283-4e96-b4e2-6c9018f13084: start FollowerState
2019-10-17 06:31:15,945 [Thread-2114] INFO  impl.FollowerState (FollowerState.java:run(117)) - 2f64f904-2283-4e96-b4e2-6c9018f13084@group-9ED9FEE0098D-FollowerState was interrupted: java.lang.InterruptedException: sleep interrupted
2019-10-17 06:31:15,968 [0f256f10-8056-416e-a2a4-dd085f6c7864@group-9ED9FEE0098D-LeaderElection111] INFO  impl.LeaderElection (LeaderElection.java:logAndReturn(56)) - 0f256f10-8056-416e-a2a4-dd085f6c7864@group-9ED9FEE0098D-LeaderElection111: Election REJECTED; received 2 response(s) [0f256f10-8056-416e-a2a4-dd085f6c7864<-2f64f904-2283-4e96-b4e2-6c9018f13084#0:FAIL-t111, 0f256f10-8056-416e-a2a4-dd085f6c7864<-07fb1a7b-fe02-4a56-ac24-3020e88d4db0#0:FAIL-t111] and 0 exception(s); 0f256f10-8056-416e-a2a4-dd085f6c7864@group-9ED9FEE0098D:t111, leader=null, voted=0f256f10-8056-416e-a2a4-dd085f6c7864, raftlog=0f256f10-8056-416e-a2a4-dd085f6c7864@group-9ED9FEE0098D-SegmentedRaftLog:OPENED:c-1,f-1,i0, conf=-1: [2f64f904-2283-4e96-b4e2-6c9018f13084:192.168.34.62:40373, 0f256f10-8056-416e-a2a4-dd085f6c7864:192.168.34.62:35674, 07fb1a7b-fe02-4a56-ac24-3020e88d4db0:192.168.34.62:46434], old=null
2019-10-17 06:31:15,968 [0f256f10-8056-416e-a2a4-dd085f6c7864@group-9ED9FEE0098D-LeaderElection111] INFO  impl.RaftServerImpl (RaftServerImpl.java:setRole(184)) - 0f256f10-8056-416e-a2a4-dd085f6c7864@group-9ED9FEE0098D: changes role from CANDIDATE to FOLLOWER at term 111 for DISCOVERED_A_NEW_TERM
2019-10-17 06:31:15,968 [0f256f10-8056-416e-a2a4-dd085f6c7864@group-9ED9FEE0098D-LeaderElection111] INFO  impl.RoleInfo (RoleInfo.java:shutdownLeaderElection(134)) - 0f256f10-8056-416e-a2a4-dd085f6c7864: shutdown LeaderElection
2019-10-17 06:31:15,969 [0f256f10-8056-416e-a2a4-dd085f6c7864@group-9ED9FEE0098D-LeaderElection111] INFO  impl.RoleInfo (RoleInfo.java:updateAndGet(143)) - 0f256f10-8056-416e-a2a4-dd085f6c7864: start FollowerState
2019-10-17 06:31:16,039 [Thread-2122] INFO  impl.FollowerState (FollowerState.java:run(108)) - 0f256f10-8056-416e-a2a4-dd085f6c7864@group-9ED9FEE0098D-FollowerState: change to CANDIDATE, lastRpcTime:70ms, electionTimeout:70ms
2019-10-17 06:31:16,039 [Thread-2122] INFO  impl.RoleInfo (RoleInfo.java:shutdownFollowerState(121)) - 0f256f10-8056-416e-a2a4-dd085f6c7864: shutdown FollowerState
2019-10-17 06:31:16,039 [Thread-2122] INFO  impl.RaftServerImpl (RaftServerImpl.java:setRole(184)) - 0f256f10-8056-416e-a2a4-dd085f6c7864@group-9ED9FEE0098D: changes role from  FOLLOWER to CANDIDATE at term 111 for changeToCandidate
2019-10-17 06:31:16,040 [Thread-2122] INFO  impl.RoleInfo (RoleInfo.java:updateAndGet(143)) - 0f256f10-8056-416e-a2a4-dd085f6c7864: start LeaderElection
2019-10-17 06:31:16,122 [0f256f10-8056-416e-a2a4-dd085f6c7864@group-9ED9FEE0098D-LeaderElection112] INFO  impl.LeaderElection (LeaderElection.java:askForVotes(178)) - 0f256f10-8056-416e-a2a4-dd085f6c7864@group-9ED9FEE0098D-LeaderElection112: begin an election at term 112 for -1: [2f64f904-2283-4e96-b4e2-6c9018f13084:192.168.34.62:40373, 0f256f10-8056-416e-a2a4-dd085f6c7864:192.168.34.62:35674, 07fb1a7b-fe02-4a56-ac24-3020e88d4db0:192.168.34.62:46434], old=null
2019-10-17 06:31:16,125 [grpc-default-executor-6] INFO  impl.RaftServerImpl (RaftServerImpl.java:setRole(184)) - 07fb1a7b-fe02-4a56-ac24-3020e88d4db0@group-9ED9FEE0098D: changes role from  FOLLOWER to FOLLOWER at term 112 for recognizeCandidate:0f256f10-8056-416e-a2a4-dd085f6c7864
2019-10-17 06:31:16,125 [grpc-default-executor-1] INFO  impl.RaftServerImpl (RaftServerImpl.java:setRole(184)) - 2f64f904-2283-4e96-b4e2-6c9018f13084@group-9ED9FEE0098D: changes role from  FOLLOWER to FOLLOWER at term 112 for recognizeCandidate:0f256f10-8056-416e-a2a4-dd085f6c7864
2019-10-17 06:31:16,125 [grpc-default-executor-1] INFO  impl.RoleInfo (RoleInfo.java:shutdownFollowerState(121)) - 2f64f904-2283-4e96-b4e2-6c9018f13084: shutdown FollowerState
2019-10-17 06:31:16,125 [grpc-default-executor-6] INFO  impl.RoleInfo (RoleInfo.java:shutdownFollowerState(121)) - 07fb1a7b-fe02-4a56-ac24-3020e88d4db0: shutdown FollowerState
2019-10-17 06:31:16,126 [Thread-2121] INFO  impl.FollowerState (FollowerState.java:run(117)) - 2f64f904-2283-4e96-b4e2-6c9018f13084@group-9ED9FEE0098D-FollowerState was interrupted: java.lang.InterruptedException: sleep interrupted
2019-10-17 06:31:16,126 [grpc-default-executor-1] INFO  impl.RoleInfo (RoleInfo.java:updateAndGet(143)) - 2f64f904-2283-4e96-b4e2-6c9018f13084: start FollowerState
2019-10-17 06:31:16,126 [Thread-2120] INFO  impl.FollowerState (FollowerState.java:run(117)) - 07fb1a7b-fe02-4a56-ac24-3020e88d4db0@group-9ED9FEE0098D-FollowerState was interrupted: java.lang.InterruptedException: sleep interrupted
2019-10-17 06:31:16,126 [grpc-default-executor-6] INFO  impl.RoleInfo (RoleInfo.java:updateAndGet(143)) - 07fb1a7b-fe02-4a56-ac24-3020e88d4db0: start FollowerState
2019-10-17 06:31:16,179 [0f256f10-8056-416e-a2a4-dd085f6c7864@group-9ED9FEE0098D-LeaderElection112] INFO  impl.LeaderElection (LeaderElection.java:logAndReturn(56)) - 0f256f10-8056-416e-a2a4-dd085f6c7864@group-9ED9FEE0098D-LeaderElection112: Election REJECTED; received 2 response(s) [0f256f10-8056-416e-a2a4-dd085f6c7864<-2f64f904-2283-4e96-b4e2-6c9018f13084#0:FAIL-t112, 0f256f10-8056-416e-a2a4-dd085f6c7864<-07fb1a7b-fe02-4a56-ac24-3020e88d4db0#0:FAIL-t112] and 0 exception(s); 0f256f10-8056-416e-a2a4-dd085f6c7864@group-9ED9FEE0098D:t112, leader=null, voted=0f256f10-8056-416e-a2a4-dd085f6c7864, raftlog=0f256f10-8056-416e-a2a4-dd085f6c7864@group-9ED9FEE0098D-SegmentedRaftLog:OPENED:c-1,f-1,i0, conf=-1: [2f64f904-2283-4e96-b4e2-6c9018f13084:192.168.34.62:40373, 0f256f10-8056-416e-a2a4-dd085f6c7864:192.168.34.62:35674, 07fb1a7b-fe02-4a56-ac24-3020e88d4db0:192.168.34.62:46434], old=null
2019-10-17 06:31:16,180 [0f256f10-8056-416e-a2a4-dd085f6c7864@group-9ED9FEE0098D-LeaderElection112] INFO  impl.RaftServerImpl (RaftServerImpl.java:setRole(184)) - 0f256f10-8056-416e-a2a4-dd085f6c7864@group-9ED9FEE0098D: changes role from CANDIDATE to FOLLOWER at term 112 for DISCOVERED_A_NEW_TERM
2019-10-17 06:31:16,180 [0f256f10-8056-416e-a2a4-dd085f6c7864@group-9ED9FEE0098D-LeaderElection112] INFO  impl.RoleInfo (RoleInfo.java:shutdownLeaderElection(134)) - 0f256f10-8056-416e-a2a4-dd085f6c7864: shutdown LeaderElection
2019-10-17 06:31:16,180 [0f256f10-8056-416e-a2a4-dd085f6c7864@group-9ED9FEE0098D-LeaderElection112] INFO  impl.RoleInfo (RoleInfo.java:updateAndGet(143)) - 0f256f10-8056-416e-a2a4-dd085f6c7864: start FollowerState
2019-10-17 06:31:16,312 [Thread-2128] INFO  impl.FollowerState (FollowerState.java:run(108)) - 0f256f10-8056-416e-a2a4-dd085f6c7864@group-9ED9FEE0098D-FollowerState: change to CANDIDATE, lastRpcTime:132ms, electionTimeout:132ms
2019-10-17 06:31:16,313 [Thread-2128] INFO  impl.RoleInfo (RoleInfo.java:shutdownFollowerState(121)) - 0f256f10-8056-416e-a2a4-dd085f6c7864: shutdown FollowerState
2019-10-17 06:31:16,313 [Thread-2128] INFO  impl.RaftServerImpl (RaftServerImpl.java:setRole(184)) - 0f256f10-8056-416e-a2a4-dd085f6c7864@group-9ED9FEE0098D: changes role from  FOLLOWER to CANDIDATE at term 112 for changeToCandidate
2019-10-17 06:31:16,313 [Thread-2128] INFO  impl.RoleInfo (RoleInfo.java:updateAndGet(143)) - 0f256f10-8056-416e-a2a4-dd085f6c7864: start LeaderElection
2019-10-17 06:31:16,361 [0f256f10-8056-416e-a2a4-dd085f6c7864@group-9ED9FEE0098D-LeaderElection113] INFO  impl.LeaderElection (LeaderElection.java:askForVotes(178)) - 0f256f10-8056-416e-a2a4-dd085f6c7864@group-9ED9FEE0098D-LeaderElection113: begin an election at term 113 for -1: [2f64f904-2283-4e96-b4e2-6c9018f13084:192.168.34.62:40373, 0f256f10-8056-416e-a2a4-dd085f6c7864:192.168.34.62:35674, 07fb1a7b-fe02-4a56-ac24-3020e88d4db0:192.168.34.62:46434], old=null
2019-10-17 06:31:16,364 [grpc-default-executor-1] INFO  impl.RaftServerImpl (RaftServerImpl.java:setRole(184)) - 07fb1a7b-fe02-4a56-ac24-3020e88d4db0@group-9ED9FEE0098D: changes role from  FOLLOWER to FOLLOWER at term 113 for recognizeCandidate:0f256f10-8056-416e-a2a4-dd085f6c7864
2019-10-17 06:31:16,364 [grpc-default-executor-6] INFO  impl.RaftServerImpl (RaftServerImpl.java:setRole(184)) - 2f64f904-2283-4e96-b4e2-6c9018f13084@group-9ED9FEE0098D: changes role from  FOLLOWER to FOLLOWER at term 113 for recognizeCandidate:0f256f10-8056-416e-a2a4-dd085f6c7864
2019-10-17 06:31:16,364 [grpc-default-executor-1] INFO  impl.RoleInfo (RoleInfo.java:shutdownFollowerState(121)) - 07fb1a7b-fe02-4a56-ac24-3020e88d4db0: shutdown FollowerState
2019-10-17 06:31:16,364 [grpc-default-executor-6] INFO  impl.RoleInfo (RoleInfo.java:shutdownFollowerState(121)) - 2f64f904-2283-4e96-b4e2-6c9018f13084: shutdown FollowerState
2019-10-17 06:31:16,364 [Thread-2127] INFO  impl.FollowerState (FollowerState.java:run(117)) - 07fb1a7b-fe02-4a56-ac24-3020e88d4db0@group-9ED9FEE0098D-FollowerState was interrupted: java.lang.InterruptedException: sleep interrupted
2019-10-17 06:31:16,364 [grpc-default-executor-1] INFO  impl.RoleInfo (RoleInfo.java:updateAndGet(143)) - 07fb1a7b-fe02-4a56-ac24-3020e88d4db0: start FollowerState
2019-10-17 06:31:16,364 [Thread-2126] INFO  impl.FollowerState (FollowerState.java:run(117)) - 2f64f904-2283-4e96-b4e2-6c9018f13084@group-9ED9FEE0098D-FollowerState was interrupted: java.lang.InterruptedException: sleep interrupted
2019-10-17 06:31:16,364 [grpc-default-executor-6] INFO  impl.RoleInfo (RoleInfo.java:updateAndGet(143)) - 2f64f904-2283-4e96-b4e2-6c9018f13084: start FollowerState
2019-10-17 06:31:16,448 [0f256f10-8056-416e-a2a4-dd085f6c7864@group-9ED9FEE0098D-LeaderElection113] INFO  impl.LeaderElection (LeaderElection.java:logAndReturn(56)) - 0f256f10-8056-416e-a2a4-dd085f6c7864@group-9ED9FEE0098D-LeaderElection113: Election REJECTED; received 2 response(s) [0f256f10-8056-416e-a2a4-dd085f6c7864<-2f64f904-2283-4e96-b4e2-6c9018f13084#0:FAIL-t113, 0f256f10-8056-416e-a2a4-dd085f6c7864<-07fb1a7b-fe02-4a56-ac24-3020e88d4db0#0:FAIL-t113] and 0 exception(s); 0f256f10-8056-416e-a2a4-dd085f6c7864@group-9ED9FEE0098D:t113, leader=null, voted=0f256f10-8056-416e-a2a4-dd085f6c7864, raftlog=0f256f10-8056-416e-a2a4-dd085f6c7864@group-9ED9FEE0098D-SegmentedRaftLog:OPENED:c-1,f-1,i0, conf=-1: [2f64f904-2283-4e96-b4e2-6c9018f13084:192.168.34.62:40373, 0f256f10-8056-416e-a2a4-dd085f6c7864:192.168.34.62:35674, 07fb1a7b-fe02-4a56-ac24-3020e88d4db0:192.168.34.62:46434], old=null
2019-10-17 06:31:16,448 [0f256f10-8056-416e-a2a4-dd085f6c7864@group-9ED9FEE0098D-LeaderElection113] INFO  impl.RaftServerImpl (RaftServerImpl.java:setRole(184)) - 0f256f10-8056-416e-a2a4-dd085f6c7864@group-9ED9FEE0098D: changes role from CANDIDATE to FOLLOWER at term 113 for DISCOVERED_A_NEW_TERM
2019-10-17 06:31:16,448 [0f256f10-8056-416e-a2a4-dd085f6c7864@group-9ED9FEE0098D-LeaderElection113] INFO  impl.RoleInfo (RoleInfo.java:shutdownLeaderElection(134)) - 0f256f10-8056-416e-a2a4-dd085f6c7864: shutdown LeaderElection
2019-10-17 06:31:16,448 [0f256f10-8056-416e-a2a4-dd085f6c7864@group-9ED9FEE0098D-LeaderElection113] INFO  impl.RoleInfo (RoleInfo.java:updateAndGet(143)) - 0f256f10-8056-416e-a2a4-dd085f6c7864: start FollowerState
2019-10-17 06:31:16,453 [Thread-2134] INFO  impl.FollowerState (FollowerState.java:run(108)) - 0f256f10-8056-416e-a2a4-dd085f6c7864@group-9ED9FEE0098D-FollowerState: change to CANDIDATE, lastRpcTime:4ms, electionTimeout:4ms
2019-10-17 06:31:16,453 [Thread-2134] INFO  impl.RoleInfo (RoleInfo.java:shutdownFollowerState(121)) - 0f256f10-8056-416e-a2a4-dd085f6c7864: shutdown FollowerState
2019-10-17 06:31:16,453 [Thread-2134] INFO  impl.RaftServerImpl (RaftServerImpl.java:setRole(184)) - 0f256f10-8056-416e-a2a4-dd085f6c7864@group-9ED9FEE0098D: changes role from  FOLLOWER to CANDIDATE at term 113 for changeToCandidate
2019-10-17 06:31:16,453 [Thread-2134] INFO  impl.RoleInfo (RoleInfo.java:updateAndGet(143)) - 0f256f10-8056-416e-a2a4-dd085f6c7864: start LeaderElection
2019-10-17 06:31:16,477 [0f256f10-8056-416e-a2a4-dd085f6c7864@group-9ED9FEE0098D-LeaderElection114] INFO  impl.LeaderElection (LeaderElection.java:askForVotes(178)) - 0f256f10-8056-416e-a2a4-dd085f6c7864@group-9ED9FEE0098D-LeaderElection114: begin an election at term 114 for -1: [2f64f904-2283-4e96-b4e2-6c9018f13084:192.168.34.62:40373, 0f256f10-8056-416e-a2a4-dd085f6c7864:192.168.34.62:35674, 07fb1a7b-fe02-4a56-ac24-3020e88d4db0:192.168.34.62:46434], old=null
2019-10-17 06:31:16,480 [grpc-default-executor-6] INFO  impl.RaftServerImpl (RaftServerImpl.java:setRole(184)) - 2f64f904-2283-4e96-b4e2-6c9018f13084@group-9ED9FEE0098D: changes role from  FOLLOWER to FOLLOWER at term 114 for recognizeCandidate:0f256f10-8056-416e-a2a4-dd085f6c7864
2019-10-17 06:31:16,480 [grpc-default-executor-1] INFO  impl.RaftServerImpl (RaftServerImpl.java:setRole(184)) - 07fb1a7b-fe02-4a56-ac24-3020e88d4db0@group-9ED9FEE0098D: changes role from  FOLLOWER to FOLLOWER at term 114 for recognizeCandidate:0f256f10-8056-416e-a2a4-dd085f6c7864
2019-10-17 06:31:16,480 [grpc-default-executor-6] INFO  impl.RoleInfo (RoleInfo.java:shutdownFollowerState(121)) - 2f64f904-2283-4e96-b4e2-6c9018f13084: shutdown FollowerState
2019-10-17 06:31:16,480 [grpc-default-executor-1] INFO  impl.RoleInfo (RoleInfo.java:shutdownFollowerState(121)) - 07fb1a7b-fe02-4a56-ac24-3020e88d4db0: shutdown FollowerState
2019-10-17 06:31:16,480 [Thread-2133] INFO  impl.FollowerState (FollowerState.java:run(117)) - 2f64f904-2283-4e96-b4e2-6c9018f13084@group-9ED9FEE0098D-FollowerState was interrupted: java.lang.InterruptedException: sleep interrupted
2019-10-17 06:31:16,480 [Thread-2132] INFO  impl.FollowerState (FollowerState.java:run(117)) - 07fb1a7b-fe02-4a56-ac24-3020e88d4db0@group-9ED9FEE0098D-FollowerState was interrupted: java.lang.InterruptedException: sleep interrupted
2019-10-17 06:31:16,480 [grpc-default-executor-6] INFO  impl.RoleInfo (RoleInfo.java:updateAndGet(143)) - 2f64f904-2283-4e96-b4e2-6c9018f13084: start FollowerState
2019-10-17 06:31:16,480 [grpc-default-executor-1] INFO  impl.RoleInfo (RoleInfo.java:updateAndGet(143)) - 07fb1a7b-fe02-4a56-ac24-3020e88d4db0: start FollowerState
2019-10-17 06:31:16,539 [0f256f10-8056-416e-a2a4-dd085f6c7864@group-9ED9FEE0098D-LeaderElection114] INFO  impl.LeaderElection (LeaderElection.java:logAndReturn(56)) - 0f256f10-8056-416e-a2a4-dd085f6c7864@group-9ED9FEE0098D-LeaderElection114: Election REJECTED; received 2 response(s) [0f256f10-8056-416e-a2a4-dd085f6c7864<-2f64f904-2283-4e96-b4e2-6c9018f13084#0:FAIL-t114, 0f256f10-8056-416e-a2a4-dd085f6c7864<-07fb1a7b-fe02-4a56-ac24-3020e88d4db0#0:FAIL-t114] and 0 exception(s); 0f256f10-8056-416e-a2a4-dd085f6c7864@group-9ED9FEE0098D:t114, leader=null, voted=0f256f10-8056-416e-a2a4-dd085f6c7864, raftlog=0f256f10-8056-416e-a2a4-dd085f6c7864@group-9ED9FEE0098D-SegmentedRaftLog:OPENED:c-1,f-1,i0, conf=-1: [2f64f904-2283-4e96-b4e2-6c9018f13084:192.168.34.62:40373, 0f256f10-8056-416e-a2a4-dd085f6c7864:192.168.34.62:35674, 07fb1a7b-fe02-4a56-ac24-3020e88d4db0:192.168.34.62:46434], old=null
2019-10-17 06:31:16,539 [0f256f10-8056-416e-a2a4-dd085f6c7864@group-9ED9FEE0098D-LeaderElection114] INFO  impl.RaftServerImpl (RaftServerImpl.java:setRole(184)) - 0f256f10-8056-416e-a2a4-dd085f6c7864@group-9ED9FEE0098D: changes role from CANDIDATE to FOLLOWER at term 114 for DISCOVERED_A_NEW_TERM
2019-10-17 06:31:16,539 [0f256f10-8056-416e-a2a4-dd085f6c7864@group-9ED9FEE0098D-LeaderElection114] INFO  impl.RoleInfo (RoleInfo.java:shutdownLeaderElection(134)) - 0f256f10-8056-416e-a2a4-dd085f6c7864: shutdown LeaderElection
2019-10-17 06:31:16,539 [0f256f10-8056-416e-a2a4-dd085f6c7864@group-9ED9FEE0098D-LeaderElection114] INFO  impl.RoleInfo (RoleInfo.java:updateAndGet(143)) - 0f256f10-8056-416e-a2a4-dd085f6c7864: start FollowerState
2019-10-17 06:31:16,552 [Thread-2140] INFO  impl.FollowerState (FollowerState.java:run(108)) - 0f256f10-8056-416e-a2a4-dd085f6c7864@group-9ED9FEE0098D-FollowerState: change to CANDIDATE, lastRpcTime:12ms, electionTimeout:12ms
2019-10-17 06:31:16,552 [Thread-2140] INFO  impl.RoleInfo (RoleInfo.java:shutdownFollowerState(121)) - 0f256f10-8056-416e-a2a4-dd085f6c7864: shutdown FollowerState
2019-10-17 06:31:16,552 [Thread-2140] INFO  impl.RaftServerImpl (RaftServerImpl.java:setRole(184)) - 0f256f10-8056-416e-a2a4-dd085f6c7864@group-9ED9FEE0098D: changes role from  FOLLOWER to CANDIDATE at term 114 for changeToCandidate
2019-10-17 06:31:16,552 [Thread-2140] INFO  impl.RoleInfo (RoleInfo.java:updateAndGet(143)) - 0f256f10-8056-416e-a2a4-dd085f6c7864: start LeaderElection
2019-10-17 06:31:16,578 [0f256f10-8056-416e-a2a4-dd085f6c7864@group-9ED9FEE0098D-LeaderElection115] INFO  impl.LeaderElection (LeaderElection.java:askForVotes(178)) - 0f256f10-8056-416e-a2a4-dd085f6c7864@group-9ED9FEE0098D-LeaderElection115: begin an election at term 115 for -1: [2f64f904-2283-4e96-b4e2-6c9018f13084:192.168.34.62:40373, 0f256f10-8056-416e-a2a4-dd085f6c7864:192.168.34.62:35674, 07fb1a7b-fe02-4a56-ac24-3020e88d4db0:192.168.34.62:46434], old=null
2019-10-17 06:31:16,580 [grpc-default-executor-6] INFO  impl.RaftServerImpl (RaftServerImpl.java:setRole(184)) - 2f64f904-2283-4e96-b4e2-6c9018f13084@group-9ED9FEE0098D: changes role from  FOLLOWER to FOLLOWER at term 115 for recognizeCandidate:0f256f10-8056-416e-a2a4-dd085f6c7864
2019-10-17 06:31:16,580 [grpc-default-executor-1] INFO  impl.RaftServerImpl (RaftServerImpl.java:setRole(184)) - 07fb1a7b-fe02-4a56-ac24-3020e88d4db0@group-9ED9FEE0098D: changes role from  FOLLOWER to FOLLOWER at term 115 for recognizeCandidate:0f256f10-8056-416e-a2a4-dd085f6c7864
2019-10-17 06:31:16,580 [grpc-default-executor-6] INFO  impl.RoleInfo (RoleInfo.java:shutdownFollowerState(121)) - 2f64f904-2283-4e96-b4e2-6c9018f13084: shutdown FollowerState
2019-10-17 06:31:16,580 [grpc-default-executor-1] INFO  impl.RoleInfo (RoleInfo.java:shutdownFollowerState(121)) - 07fb1a7b-fe02-4a56-ac24-3020e88d4db0: shutdown FollowerState
2019-10-17 06:31:16,580 [Thread-2138] INFO  impl.FollowerState (FollowerState.java:run(117)) - 2f64f904-2283-4e96-b4e2-6c9018f13084@group-9ED9FEE0098D-FollowerState was interrupted: java.lang.InterruptedException: sleep interrupted
2019-10-17 06:31:16,580 [Thread-2139] INFO  impl.FollowerState (FollowerState.java:run(117)) - 07fb1a7b-fe02-4a56-ac24-3020e88d4db0@group-9ED9FEE0098D-FollowerState was interrupted: java.lang.InterruptedException: sleep interrupted
2019-10-17 06:31:16,580 [grpc-default-executor-6] INFO  impl.RoleInfo (RoleInfo.java:updateAndGet(143)) - 2f64f904-2283-4e96-b4e2-6c9018f13084: start FollowerState
2019-10-17 06:31:16,580 [grpc-default-executor-1] INFO  impl.RoleInfo (RoleInfo.java:updateAndGet(143)) - 07fb1a7b-fe02-4a56-ac24-3020e88d4db0: start FollowerState
2019-10-17 06:31:16,626 [0f256f10-8056-416e-a2a4-dd085f6c7864@group-9ED9FEE0098D-LeaderElection115] INFO  impl.LeaderElection (LeaderElection.java:logAndReturn(56)) - 0f256f10-8056-416e-a2a4-dd085f6c7864@group-9ED9FEE0098D-LeaderElection115: Election REJECTED; received 2 response(s) [0f256f10-8056-416e-a2a4-dd085f6c7864<-2f64f904-2283-4e96-b4e2-6c9018f13084#0:FAIL-t115, 0f256f10-8056-416e-a2a4-dd085f6c7864<-07fb1a7b-fe02-4a56-ac24-3020e88d4db0#0:FAIL-t115] and 0 exception(s); 0f256f10-8056-416e-a2a4-dd085f6c7864@group-9ED9FEE0098D:t115, leader=null, voted=0f256f10-8056-416e-a2a4-dd085f6c7864, raftlog=0f256f10-8056-416e-a2a4-dd085f6c7864@group-9ED9FEE0098D-SegmentedRaftLog:OPENED:c-1,f-1,i0, conf=-1: [2f64f904-2283-4e96-b4e2-6c9018f13084:192.168.34.62:40373, 0f256f10-8056-416e-a2a4-dd085f6c7864:192.168.34.62:35674, 07fb1a7b-fe02-4a56-ac24-3020e88d4db0:192.168.34.62:46434], old=null
2019-10-17 06:31:16,626 [0f256f10-8056-416e-a2a4-dd085f6c7864@group-9ED9FEE0098D-LeaderElection115] INFO  impl.RaftServerImpl (RaftServerImpl.java:setRole(184)) - 0f256f10-8056-416e-a2a4-dd085f6c7864@group-9ED9FEE0098D: changes role from CANDIDATE to FOLLOWER at term 115 for DISCOVERED_A_NEW_TERM
2019-10-17 06:31:16,626 [0f256f10-8056-416e-a2a4-dd085f6c7864@group-9ED9FEE0098D-LeaderElection115] INFO  impl.RoleInfo (RoleInfo.java:shutdownLeaderElection(134)) - 0f256f10-8056-416e-a2a4-dd085f6c7864: shutdown LeaderElection
2019-10-17 06:31:16,626 [0f256f10-8056-416e-a2a4-dd085f6c7864@group-9ED9FEE0098D-LeaderElection115] INFO  impl.RoleInfo (RoleInfo.java:updateAndGet(143)) - 0f256f10-8056-416e-a2a4-dd085f6c7864: start FollowerState
2019-10-17 06:31:16,642 [Thread-1202] INFO  ozone.MiniOzoneClusterImpl (MiniOzoneClusterImpl.java:lambda$waitForClusterToBeReady$2(164)) - Waiting for 1 number of pipelines out of 4, to report a leader.
2019-10-17 06:31:16,656 [Thread-2146] INFO  impl.FollowerState (FollowerState.java:run(108)) - 0f256f10-8056-416e-a2a4-dd085f6c7864@group-9ED9FEE0098D-FollowerState: change to CANDIDATE, lastRpcTime:29ms, electionTimeout:29ms
2019-10-17 06:31:16,656 [Thread-2146] INFO  impl.RoleInfo (RoleInfo.java:shutdownFollowerState(121)) - 0f256f10-8056-416e-a2a4-dd085f6c7864: shutdown FollowerState
2019-10-17 06:31:16,656 [Thread-2146] INFO  impl.RaftServerImpl (RaftServerImpl.java:setRole(184)) - 0f256f10-8056-416e-a2a4-dd085f6c7864@group-9ED9FEE0098D: changes role from  FOLLOWER to CANDIDATE at term 115 for changeToCandidate
2019-10-17 06:31:16,656 [Thread-2146] INFO  impl.RoleInfo (RoleInfo.java:updateAndGet(143)) - 0f256f10-8056-416e-a2a4-dd085f6c7864: start LeaderElection
2019-10-17 06:31:16,714 [0f256f10-8056-416e-a2a4-dd085f6c7864@group-9ED9FEE0098D-LeaderElection116] INFO  impl.LeaderElection (LeaderElection.java:askForVotes(178)) - 0f256f10-8056-416e-a2a4-dd085f6c7864@group-9ED9FEE0098D-LeaderElection116: begin an election at term 116 for -1: [2f64f904-2283-4e96-b4e2-6c9018f13084:192.168.34.62:40373, 0f256f10-8056-416e-a2a4-dd085f6c7864:192.168.34.62:35674, 07fb1a7b-fe02-4a56-ac24-3020e88d4db0:192.168.34.62:46434], old=null
2019-10-17 06:31:16,716 [grpc-default-executor-6] INFO  impl.RaftServerImpl (RaftServerImpl.java:setRole(184)) - 07fb1a7b-fe02-4a56-ac24-3020e88d4db0@group-9ED9FEE0098D: changes role from  FOLLOWER to FOLLOWER at term 116 for recognizeCandidate:0f256f10-8056-416e-a2a4-dd085f6c7864
2019-10-17 06:31:16,716 [grpc-default-executor-1] INFO  impl.RaftServerImpl (RaftServerImpl.java:setRole(184)) - 2f64f904-2283-4e96-b4e2-6c9018f13084@group-9ED9FEE0098D: changes role from  FOLLOWER to FOLLOWER at term 116 for recognizeCandidate:0f256f10-8056-416e-a2a4-dd085f6c7864
2019-10-17 06:31:16,717 [grpc-default-executor-6] INFO  impl.RoleInfo (RoleInfo.java:shutdownFollowerState(121)) - 07fb1a7b-fe02-4a56-ac24-3020e88d4db0: shutdown FollowerState
2019-10-17 06:31:16,717 [grpc-default-executor-1] INFO  impl.RoleInfo (RoleInfo.java:shutdownFollowerState(121)) - 2f64f904-2283-4e96-b4e2-6c9018f13084: shutdown FollowerState
2019-10-17 06:31:16,717 [grpc-default-executor-6] INFO  impl.RoleInfo (RoleInfo.java:updateAndGet(143)) - 07fb1a7b-fe02-4a56-ac24-3020e88d4db0: start FollowerState
2019-10-17 06:31:16,717 [Thread-2144] INFO  impl.FollowerState (FollowerState.java:run(117)) - 2f64f904-2283-4e96-b4e2-6c9018f13084@group-9ED9FEE0098D-FollowerState was interrupted: java.lang.InterruptedException: sleep interrupted
2019-10-17 06:31:16,717 [grpc-default-executor-1] INFO  impl.RoleInfo (RoleInfo.java:updateAndGet(143)) - 2f64f904-2283-4e96-b4e2-6c9018f13084: start FollowerState
2019-10-17 06:31:16,717 [Thread-2145] INFO  impl.FollowerState (FollowerState.java:run(117)) - 07fb1a7b-fe02-4a56-ac24-3020e88d4db0@group-9ED9FEE0098D-FollowerState was interrupted: java.lang.InterruptedException: sleep interrupted
2019-10-17 06:31:16,762 [0f256f10-8056-416e-a2a4-dd085f6c7864@group-9ED9FEE0098D-LeaderElection116] INFO  impl.LeaderElection (LeaderElection.java:logAndReturn(56)) - 0f256f10-8056-416e-a2a4-dd085f6c7864@group-9ED9FEE0098D-LeaderElection116: Election REJECTED; received 2 response(s) [0f256f10-8056-416e-a2a4-dd085f6c7864<-2f64f904-2283-4e96-b4e2-6c9018f13084#0:FAIL-t116, 0f256f10-8056-416e-a2a4-dd085f6c7864<-07fb1a7b-fe02-4a56-ac24-3020e88d4db0#0:FAIL-t116] and 0 exception(s); 0f256f10-8056-416e-a2a4-dd085f6c7864@group-9ED9FEE0098D:t116, leader=null, voted=0f256f10-8056-416e-a2a4-dd085f6c7864, raftlog=0f256f10-8056-416e-a2a4-dd085f6c7864@group-9ED9FEE0098D-SegmentedRaftLog:OPENED:c-1,f-1,i0, conf=-1: [2f64f904-2283-4e96-b4e2-6c9018f13084:192.168.34.62:40373, 0f256f10-8056-416e-a2a4-dd085f6c7864:192.168.34.62:35674, 07fb1a7b-fe02-4a56-ac24-3020e88d4db0:192.168.34.62:46434], old=null
2019-10-17 06:31:16,762 [0f256f10-8056-416e-a2a4-dd085f6c7864@group-9ED9FEE0098D-LeaderElection116] INFO  impl.RaftServerImpl (RaftServerImpl.java:setRole(184)) - 0f256f10-8056-416e-a2a4-dd085f6c7864@group-9ED9FEE0098D: changes role from CANDIDATE to FOLLOWER at term 116 for DISCOVERED_A_NEW_TERM
2019-10-17 06:31:16,762 [0f256f10-8056-416e-a2a4-dd085f6c7864@group-9ED9FEE0098D-LeaderElection116] INFO  impl.RoleInfo (RoleInfo.java:shutdownLeaderElection(134)) - 0f256f10-8056-416e-a2a4-dd085f6c7864: shutdown LeaderElection
2019-10-17 06:31:16,762 [0f256f10-8056-416e-a2a4-dd085f6c7864@group-9ED9FEE0098D-LeaderElection116] INFO  impl.RoleInfo (RoleInfo.java:updateAndGet(143)) - 0f256f10-8056-416e-a2a4-dd085f6c7864: start FollowerState
2019-10-17 06:31:16,775 [Thread-2152] INFO  impl.FollowerState (FollowerState.java:run(108)) - 0f256f10-8056-416e-a2a4-dd085f6c7864@group-9ED9FEE0098D-FollowerState: change to CANDIDATE, lastRpcTime:12ms, electionTimeout:12ms
2019-10-17 06:31:16,775 [Thread-2152] INFO  impl.RoleInfo (RoleInfo.java:shutdownFollowerState(121)) - 0f256f10-8056-416e-a2a4-dd085f6c7864: shutdown FollowerState
2019-10-17 06:31:16,775 [Thread-2152] INFO  impl.RaftServerImpl (RaftServerImpl.java:setRole(184)) - 0f256f10-8056-416e-a2a4-dd085f6c7864@group-9ED9FEE0098D: changes role from  FOLLOWER to CANDIDATE at term 116 for changeToCandidate
2019-10-17 06:31:16,775 [Thread-2152] INFO  impl.RoleInfo (RoleInfo.java:updateAndGet(143)) - 0f256f10-8056-416e-a2a4-dd085f6c7864: start LeaderElection
2019-10-17 06:31:16,786 [0f256f10-8056-416e-a2a4-dd085f6c7864@group-9ED9FEE0098D-LeaderElection117] INFO  impl.LeaderElection (LeaderElection.java:askForVotes(178)) - 0f256f10-8056-416e-a2a4-dd085f6c7864@group-9ED9FEE0098D-LeaderElection117: begin an election at term 117 for -1: [2f64f904-2283-4e96-b4e2-6c9018f13084:192.168.34.62:40373, 0f256f10-8056-416e-a2a4-dd085f6c7864:192.168.34.62:35674, 07fb1a7b-fe02-4a56-ac24-3020e88d4db0:192.168.34.62:46434], old=null
2019-10-17 06:31:16,788 [grpc-default-executor-6] INFO  impl.RaftServerImpl (RaftServerImpl.java:setRole(184)) - 2f64f904-2283-4e96-b4e2-6c9018f13084@group-9ED9FEE0098D: changes role from  FOLLOWER to FOLLOWER at term 117 for recognizeCandidate:0f256f10-8056-416e-a2a4-dd085f6c7864
2019-10-17 06:31:16,788 [grpc-default-executor-6] INFO  impl.RoleInfo (RoleInfo.java:shutdownFollowerState(121)) - 2f64f904-2283-4e96-b4e2-6c9018f13084: shutdown FollowerState
2019-10-17 06:31:16,788 [grpc-default-executor-1] INFO  impl.RaftServerImpl (RaftServerImpl.java:setRole(184)) - 07fb1a7b-fe02-4a56-ac24-3020e88d4db0@group-9ED9FEE0098D: changes role from  FOLLOWER to FOLLOWER at term 117 for recognizeCandidate:0f256f10-8056-416e-a2a4-dd085f6c7864
2019-10-17 06:31:16,788 [Thread-2151] INFO  impl.FollowerState (FollowerState.java:run(117)) - 2f64f904-2283-4e96-b4e2-6c9018f13084@group-9ED9FEE0098D-FollowerState was interrupted: java.lang.InterruptedException: sleep interrupted
2019-10-17 06:31:16,788 [grpc-default-executor-6] INFO  impl.RoleInfo (RoleInfo.java:updateAndGet(143)) - 2f64f904-2283-4e96-b4e2-6c9018f13084: start FollowerState
2019-10-17 06:31:16,788 [grpc-default-executor-1] INFO  impl.RoleInfo (RoleInfo.java:shutdownFollowerState(121)) - 07fb1a7b-fe02-4a56-ac24-3020e88d4db0: shutdown FollowerState
2019-10-17 06:31:16,788 [grpc-default-executor-1] INFO  impl.RoleInfo (RoleInfo.java:updateAndGet(143)) - 07fb1a7b-fe02-4a56-ac24-3020e88d4db0: start FollowerState
2019-10-17 06:31:16,788 [Thread-2150] INFO  impl.FollowerState (FollowerState.java:run(117)) - 07fb1a7b-fe02-4a56-ac24-3020e88d4db0@group-9ED9FEE0098D-FollowerState was interrupted: java.lang.InterruptedException: sleep interrupted
2019-10-17 06:31:16,850 [0f256f10-8056-416e-a2a4-dd085f6c7864@group-9ED9FEE0098D-LeaderElection117] INFO  impl.LeaderElection (LeaderElection.java:logAndReturn(56)) - 0f256f10-8056-416e-a2a4-dd085f6c7864@group-9ED9FEE0098D-LeaderElection117: Election REJECTED; received 2 response(s) [0f256f10-8056-416e-a2a4-dd085f6c7864<-2f64f904-2283-4e96-b4e2-6c9018f13084#0:FAIL-t117, 0f256f10-8056-416e-a2a4-dd085f6c7864<-07fb1a7b-fe02-4a56-ac24-3020e88d4db0#0:FAIL-t117] and 0 exception(s); 0f256f10-8056-416e-a2a4-dd085f6c7864@group-9ED9FEE0098D:t117, leader=null, voted=0f256f10-8056-416e-a2a4-dd085f6c7864, raftlog=0f256f10-8056-416e-a2a4-dd085f6c7864@group-9ED9FEE0098D-SegmentedRaftLog:OPENED:c-1,f-1,i0, conf=-1: [2f64f904-2283-4e96-b4e2-6c9018f13084:192.168.34.62:40373, 0f256f10-8056-416e-a2a4-dd085f6c7864:192.168.34.62:35674, 07fb1a7b-fe02-4a56-ac24-3020e88d4db0:192.168.34.62:46434], old=null
2019-10-17 06:31:16,850 [0f256f10-8056-416e-a2a4-dd085f6c7864@group-9ED9FEE0098D-LeaderElection117] INFO  impl.RaftServerImpl (RaftServerImpl.java:setRole(184)) - 0f256f10-8056-416e-a2a4-dd085f6c7864@group-9ED9FEE0098D: changes role from CANDIDATE to FOLLOWER at term 117 for DISCOVERED_A_NEW_TERM
2019-10-17 06:31:16,850 [0f256f10-8056-416e-a2a4-dd085f6c7864@group-9ED9FEE0098D-LeaderElection117] INFO  impl.RoleInfo (RoleInfo.java:shutdownLeaderElection(134)) - 0f256f10-8056-416e-a2a4-dd085f6c7864: shutdown LeaderElection
2019-10-17 06:31:16,850 [0f256f10-8056-416e-a2a4-dd085f6c7864@group-9ED9FEE0098D-LeaderElection117] INFO  impl.RoleInfo (RoleInfo.java:updateAndGet(143)) - 0f256f10-8056-416e-a2a4-dd085f6c7864: start FollowerState
2019-10-17 06:31:17,014 [Thread-2158] INFO  impl.FollowerState (FollowerState.java:run(108)) - 0f256f10-8056-416e-a2a4-dd085f6c7864@group-9ED9FEE0098D-FollowerState: change to CANDIDATE, lastRpcTime:163ms, electionTimeout:163ms
2019-10-17 06:31:17,014 [Thread-2158] INFO  impl.RoleInfo (RoleInfo.java:shutdownFollowerState(121)) - 0f256f10-8056-416e-a2a4-dd085f6c7864: shutdown FollowerState
2019-10-17 06:31:17,014 [Thread-2158] INFO  impl.RaftServerImpl (RaftServerImpl.java:setRole(184)) - 0f256f10-8056-416e-a2a4-dd085f6c7864@group-9ED9FEE0098D: changes role from  FOLLOWER to CANDIDATE at term 117 for changeToCandidate
2019-10-17 06:31:17,014 [Thread-2158] INFO  impl.RoleInfo (RoleInfo.java:updateAndGet(143)) - 0f256f10-8056-416e-a2a4-dd085f6c7864: start LeaderElection
2019-10-17 06:31:17,064 [0f256f10-8056-416e-a2a4-dd085f6c7864@group-9ED9FEE0098D-LeaderElection118] INFO  impl.LeaderElection (LeaderElection.java:askForVotes(178)) - 0f256f10-8056-416e-a2a4-dd085f6c7864@group-9ED9FEE0098D-LeaderElection118: begin an election at term 118 for -1: [2f64f904-2283-4e96-b4e2-6c9018f13084:192.168.34.62:40373, 0f256f10-8056-416e-a2a4-dd085f6c7864:192.168.34.62:35674, 07fb1a7b-fe02-4a56-ac24-3020e88d4db0:192.168.34.62:46434], old=null
2019-10-17 06:31:17,067 [grpc-default-executor-1] INFO  impl.RaftServerImpl (RaftServerImpl.java:setRole(184)) - 07fb1a7b-fe02-4a56-ac24-3020e88d4db0@group-9ED9FEE0098D: changes role from  FOLLOWER to FOLLOWER at term 118 for recognizeCandidate:0f256f10-8056-416e-a2a4-dd085f6c7864
2019-10-17 06:31:17,067 [grpc-default-executor-1] INFO  impl.RoleInfo (RoleInfo.java:shutdownFollowerState(121)) - 07fb1a7b-fe02-4a56-ac24-3020e88d4db0: shutdown FollowerState
2019-10-17 06:31:17,067 [grpc-default-executor-6] INFO  impl.RaftServerImpl (RaftServerImpl.java:setRole(184)) - 2f64f904-2283-4e96-b4e2-6c9018f13084@group-9ED9FEE0098D: changes role from  FOLLOWER to FOLLOWER at term 118 for recognizeCandidate:0f256f10-8056-416e-a2a4-dd085f6c7864
2019-10-17 06:31:17,067 [Thread-2157] INFO  impl.FollowerState (FollowerState.java:run(117)) - 07fb1a7b-fe02-4a56-ac24-3020e88d4db0@group-9ED9FEE0098D-FollowerState was interrupted: java.lang.InterruptedException: sleep interrupted
2019-10-17 06:31:17,067 [grpc-default-executor-1] INFO  impl.RoleInfo (RoleInfo.java:updateAndGet(143)) - 07fb1a7b-fe02-4a56-ac24-3020e88d4db0: start FollowerState
2019-10-17 06:31:17,067 [grpc-default-executor-6] INFO  impl.RoleInfo (RoleInfo.java:shutdownFollowerState(121)) - 2f64f904-2283-4e96-b4e2-6c9018f13084: shutdown FollowerState
2019-10-17 06:31:17,068 [grpc-default-executor-6] INFO  impl.RoleInfo (RoleInfo.java:updateAndGet(143)) - 2f64f904-2283-4e96-b4e2-6c9018f13084: start FollowerState
2019-10-17 06:31:17,068 [Thread-2156] INFO  impl.FollowerState (FollowerState.java:run(117)) - 2f64f904-2283-4e96-b4e2-6c9018f13084@group-9ED9FEE0098D-FollowerState was interrupted: java.lang.InterruptedException: sleep interrupted
2019-10-17 06:31:17,124 [0f256f10-8056-416e-a2a4-dd085f6c7864@group-9ED9FEE0098D-LeaderElection118] INFO  impl.LeaderElection (LeaderElection.java:logAndReturn(56)) - 0f256f10-8056-416e-a2a4-dd085f6c7864@group-9ED9FEE0098D-LeaderElection118: Election REJECTED; received 2 response(s) [0f256f10-8056-416e-a2a4-dd085f6c7864<-2f64f904-2283-4e96-b4e2-6c9018f13084#0:FAIL-t118, 0f256f10-8056-416e-a2a4-dd085f6c7864<-07fb1a7b-fe02-4a56-ac24-3020e88d4db0#0:FAIL-t118] and 0 exception(s); 0f256f10-8056-416e-a2a4-dd085f6c7864@group-9ED9FEE0098D:t118, leader=null, voted=0f256f10-8056-416e-a2a4-dd085f6c7864, raftlog=0f256f10-8056-416e-a2a4-dd085f6c7864@group-9ED9FEE0098D-SegmentedRaftLog:OPENED:c-1,f-1,i0, conf=-1: [2f64f904-2283-4e96-b4e2-6c9018f13084:192.168.34.62:40373, 0f256f10-8056-416e-a2a4-dd085f6c7864:192.168.34.62:35674, 07fb1a7b-fe02-4a56-ac24-3020e88d4db0:192.168.34.62:46434], old=null
2019-10-17 06:31:17,124 [0f256f10-8056-416e-a2a4-dd085f6c7864@group-9ED9FEE0098D-LeaderElection118] INFO  impl.RaftServerImpl (RaftServerImpl.java:setRole(184)) - 0f256f10-8056-416e-a2a4-dd085f6c7864@group-9ED9FEE0098D: changes role from CANDIDATE to FOLLOWER at term 118 for DISCOVERED_A_NEW_TERM
2019-10-17 06:31:17,124 [0f256f10-8056-416e-a2a4-dd085f6c7864@group-9ED9FEE0098D-LeaderElection118] INFO  impl.RoleInfo (RoleInfo.java:shutdownLeaderElection(134)) - 0f256f10-8056-416e-a2a4-dd085f6c7864: shutdown LeaderElection
2019-10-17 06:31:17,124 [0f256f10-8056-416e-a2a4-dd085f6c7864@group-9ED9FEE0098D-LeaderElection118] INFO  impl.RoleInfo (RoleInfo.java:updateAndGet(143)) - 0f256f10-8056-416e-a2a4-dd085f6c7864: start FollowerState
2019-10-17 06:31:17,150 [Thread-2164] INFO  impl.FollowerState (FollowerState.java:run(108)) - 0f256f10-8056-416e-a2a4-dd085f6c7864@group-9ED9FEE0098D-FollowerState: change to CANDIDATE, lastRpcTime:26ms, electionTimeout:26ms
2019-10-17 06:31:17,151 [Thread-2164] INFO  impl.RoleInfo (RoleInfo.java:shutdownFollowerState(121)) - 0f256f10-8056-416e-a2a4-dd085f6c7864: shutdown FollowerState
2019-10-17 06:31:17,151 [Thread-2164] INFO  impl.RaftServerImpl (RaftServerImpl.java:setRole(184)) - 0f256f10-8056-416e-a2a4-dd085f6c7864@group-9ED9FEE0098D: changes role from  FOLLOWER to CANDIDATE at term 118 for changeToCandidate
2019-10-17 06:31:17,151 [Thread-2164] INFO  impl.RoleInfo (RoleInfo.java:updateAndGet(143)) - 0f256f10-8056-416e-a2a4-dd085f6c7864: start LeaderElection
2019-10-17 06:31:17,198 [0f256f10-8056-416e-a2a4-dd085f6c7864@group-9ED9FEE0098D-LeaderElection119] INFO  impl.LeaderElection (LeaderElection.java:askForVotes(178)) - 0f256f10-8056-416e-a2a4-dd085f6c7864@group-9ED9FEE0098D-LeaderElection119: begin an election at term 119 for -1: [2f64f904-2283-4e96-b4e2-6c9018f13084:192.168.34.62:40373, 0f256f10-8056-416e-a2a4-dd085f6c7864:192.168.34.62:35674, 07fb1a7b-fe02-4a56-ac24-3020e88d4db0:192.168.34.62:46434], old=null
2019-10-17 06:31:17,200 [grpc-default-executor-1] INFO  impl.RaftServerImpl (RaftServerImpl.java:setRole(184)) - 07fb1a7b-fe02-4a56-ac24-3020e88d4db0@group-9ED9FEE0098D: changes role from  FOLLOWER to FOLLOWER at term 119 for recognizeCandidate:0f256f10-8056-416e-a2a4-dd085f6c7864
2019-10-17 06:31:17,200 [grpc-default-executor-1] INFO  impl.RoleInfo (RoleInfo.java:shutdownFollowerState(121)) - 07fb1a7b-fe02-4a56-ac24-3020e88d4db0: shutdown FollowerState
2019-10-17 06:31:17,200 [grpc-default-executor-6] INFO  impl.RaftServerImpl (RaftServerImpl.java:setRole(184)) - 2f64f904-2283-4e96-b4e2-6c9018f13084@group-9ED9FEE0098D: changes role from  FOLLOWER to FOLLOWER at term 119 for recognizeCandidate:0f256f10-8056-416e-a2a4-dd085f6c7864
2019-10-17 06:31:17,200 [Thread-2162] INFO  impl.FollowerState (FollowerState.java:run(117)) - 07fb1a7b-fe02-4a56-ac24-3020e88d4db0@group-9ED9FEE0098D-FollowerState was interrupted: java.lang.InterruptedException: sleep interrupted
2019-10-17 06:31:17,200 [grpc-default-executor-1] INFO  impl.RoleInfo (RoleInfo.java:updateAndGet(143)) - 07fb1a7b-fe02-4a56-ac24-3020e88d4db0: start FollowerState
2019-10-17 06:31:17,201 [grpc-default-executor-6] INFO  impl.RoleInfo (RoleInfo.java:shutdownFollowerState(121)) - 2f64f904-2283-4e96-b4e2-6c9018f13084: shutdown FollowerState
2019-10-17 06:31:17,201 [Thread-2163] INFO  impl.FollowerState (FollowerState.java:run(117)) - 2f64f904-2283-4e96-b4e2-6c9018f13084@group-9ED9FEE0098D-FollowerState was interrupted: java.lang.InterruptedException: sleep interrupted
2019-10-17 06:31:17,201 [grpc-default-executor-6] INFO  impl.RoleInfo (RoleInfo.java:updateAndGet(143)) - 2f64f904-2283-4e96-b4e2-6c9018f13084: start FollowerState
2019-10-17 06:31:17,216 [0f256f10-8056-416e-a2a4-dd085f6c7864@group-9ED9FEE0098D-LeaderElection119] INFO  impl.LeaderElection (LeaderElection.java:logAndReturn(56)) - 0f256f10-8056-416e-a2a4-dd085f6c7864@group-9ED9FEE0098D-LeaderElection119: Election REJECTED; received 2 response(s) [0f256f10-8056-416e-a2a4-dd085f6c7864<-2f64f904-2283-4e96-b4e2-6c9018f13084#0:FAIL-t119, 0f256f10-8056-416e-a2a4-dd085f6c7864<-07fb1a7b-fe02-4a56-ac24-3020e88d4db0#0:FAIL-t119] and 0 exception(s); 0f256f10-8056-416e-a2a4-dd085f6c7864@group-9ED9FEE0098D:t119, leader=null, voted=0f256f10-8056-416e-a2a4-dd085f6c7864, raftlog=0f256f10-8056-416e-a2a4-dd085f6c7864@group-9ED9FEE0098D-SegmentedRaftLog:OPENED:c-1,f-1,i0, conf=-1: [2f64f904-2283-4e96-b4e2-6c9018f13084:192.168.34.62:40373, 0f256f10-8056-416e-a2a4-dd085f6c7864:192.168.34.62:35674, 07fb1a7b-fe02-4a56-ac24-3020e88d4db0:192.168.34.62:46434], old=null
2019-10-17 06:31:17,217 [0f256f10-8056-416e-a2a4-dd085f6c7864@group-9ED9FEE0098D-LeaderElection119] INFO  impl.RaftServerImpl (RaftServerImpl.java:setRole(184)) - 0f256f10-8056-416e-a2a4-dd085f6c7864@group-9ED9FEE0098D: changes role from CANDIDATE to FOLLOWER at term 119 for DISCOVERED_A_NEW_TERM
2019-10-17 06:31:17,217 [0f256f10-8056-416e-a2a4-dd085f6c7864@group-9ED9FEE0098D-LeaderElection119] INFO  impl.RoleInfo (RoleInfo.java:shutdownLeaderElection(134)) - 0f256f10-8056-416e-a2a4-dd085f6c7864: shutdown LeaderElection
2019-10-17 06:31:17,217 [0f256f10-8056-416e-a2a4-dd085f6c7864@group-9ED9FEE0098D-LeaderElection119] INFO  impl.RoleInfo (RoleInfo.java:updateAndGet(143)) - 0f256f10-8056-416e-a2a4-dd085f6c7864: start FollowerState
2019-10-17 06:31:17,306 [Thread-2170] INFO  impl.FollowerState (FollowerState.java:run(108)) - 0f256f10-8056-416e-a2a4-dd085f6c7864@group-9ED9FEE0098D-FollowerState: change to CANDIDATE, lastRpcTime:89ms, electionTimeout:89ms
2019-10-17 06:31:17,307 [Thread-2170] INFO  impl.RoleInfo (RoleInfo.java:shutdownFollowerState(121)) - 0f256f10-8056-416e-a2a4-dd085f6c7864: shutdown FollowerState
2019-10-17 06:31:17,307 [Thread-2170] INFO  impl.RaftServerImpl (RaftServerImpl.java:setRole(184)) - 0f256f10-8056-416e-a2a4-dd085f6c7864@group-9ED9FEE0098D: changes role from  FOLLOWER to CANDIDATE at term 119 for changeToCandidate
2019-10-17 06:31:17,307 [Thread-2170] INFO  impl.RoleInfo (RoleInfo.java:updateAndGet(143)) - 0f256f10-8056-416e-a2a4-dd085f6c7864: start LeaderElection
2019-10-17 06:31:17,317 [0f256f10-8056-416e-a2a4-dd085f6c7864@group-9ED9FEE0098D-LeaderElection120] INFO  impl.LeaderElection (LeaderElection.java:askForVotes(178)) - 0f256f10-8056-416e-a2a4-dd085f6c7864@group-9ED9FEE0098D-LeaderElection120: begin an election at term 120 for -1: [2f64f904-2283-4e96-b4e2-6c9018f13084:192.168.34.62:40373, 0f256f10-8056-416e-a2a4-dd085f6c7864:192.168.34.62:35674, 07fb1a7b-fe02-4a56-ac24-3020e88d4db0:192.168.34.62:46434], old=null
2019-10-17 06:31:17,320 [grpc-default-executor-6] INFO  impl.RaftServerImpl (RaftServerImpl.java:setRole(184)) - 2f64f904-2283-4e96-b4e2-6c9018f13084@group-9ED9FEE0098D: changes role from  FOLLOWER to FOLLOWER at term 120 for recognizeCandidate:0f256f10-8056-416e-a2a4-dd085f6c7864
2019-10-17 06:31:17,320 [grpc-default-executor-1] INFO  impl.RaftServerImpl (RaftServerImpl.java:setRole(184)) - 07fb1a7b-fe02-4a56-ac24-3020e88d4db0@group-9ED9FEE0098D: changes role from  FOLLOWER to FOLLOWER at term 120 for recognizeCandidate:0f256f10-8056-416e-a2a4-dd085f6c7864
2019-10-17 06:31:17,320 [grpc-default-executor-6] INFO  impl.RoleInfo (RoleInfo.java:shutdownFollowerState(121)) - 2f64f904-2283-4e96-b4e2-6c9018f13084: shutdown FollowerState
2019-10-17 06:31:17,320 [grpc-default-executor-1] INFO  impl.RoleInfo (RoleInfo.java:shutdownFollowerState(121)) - 07fb1a7b-fe02-4a56-ac24-3020e88d4db0: shutdown FollowerState
2019-10-17 06:31:17,320 [Thread-2169] INFO  impl.FollowerState (FollowerState.java:run(117)) - 2f64f904-2283-4e96-b4e2-6c9018f13084@group-9ED9FEE0098D-FollowerState was interrupted: java.lang.InterruptedException: sleep interrupted
2019-10-17 06:31:17,320 [grpc-default-executor-6] INFO  impl.RoleInfo (RoleInfo.java:updateAndGet(143)) - 2f64f904-2283-4e96-b4e2-6c9018f13084: start FollowerState
2019-10-17 06:31:17,320 [Thread-2168] INFO  impl.FollowerState (FollowerState.java:run(117)) - 07fb1a7b-fe02-4a56-ac24-3020e88d4db0@group-9ED9FEE0098D-FollowerState was interrupted: java.lang.InterruptedException: sleep interrupted
2019-10-17 06:31:17,320 [grpc-default-executor-1] INFO  impl.RoleInfo (RoleInfo.java:updateAndGet(143)) - 07fb1a7b-fe02-4a56-ac24-3020e88d4db0: start FollowerState
2019-10-17 06:31:17,337 [0f256f10-8056-416e-a2a4-dd085f6c7864@group-9ED9FEE0098D-LeaderElection120] INFO  impl.LeaderElection (LeaderElection.java:logAndReturn(56)) - 0f256f10-8056-416e-a2a4-dd085f6c7864@group-9ED9FEE0098D-LeaderElection120: Election REJECTED; received 2 response(s) [0f256f10-8056-416e-a2a4-dd085f6c7864<-2f64f904-2283-4e96-b4e2-6c9018f13084#0:FAIL-t120, 0f256f10-8056-416e-a2a4-dd085f6c7864<-07fb1a7b-fe02-4a56-ac24-3020e88d4db0#0:FAIL-t120] and 0 exception(s); 0f256f10-8056-416e-a2a4-dd085f6c7864@group-9ED9FEE0098D:t120, leader=null, voted=0f256f10-8056-416e-a2a4-dd085f6c7864, raftlog=0f256f10-8056-416e-a2a4-dd085f6c7864@group-9ED9FEE0098D-SegmentedRaftLog:OPENED:c-1,f-1,i0, conf=-1: [2f64f904-2283-4e96-b4e2-6c9018f13084:192.168.34.62:40373, 0f256f10-8056-416e-a2a4-dd085f6c7864:192.168.34.62:35674, 07fb1a7b-fe02-4a56-ac24-3020e88d4db0:192.168.34.62:46434], old=null
2019-10-17 06:31:17,337 [0f256f10-8056-416e-a2a4-dd085f6c7864@group-9ED9FEE0098D-LeaderElection120] INFO  impl.RaftServerImpl (RaftServerImpl.java:setRole(184)) - 0f256f10-8056-416e-a2a4-dd085f6c7864@group-9ED9FEE0098D: changes role from CANDIDATE to FOLLOWER at term 120 for DISCOVERED_A_NEW_TERM
2019-10-17 06:31:17,337 [0f256f10-8056-416e-a2a4-dd085f6c7864@group-9ED9FEE0098D-LeaderElection120] INFO  impl.RoleInfo (RoleInfo.java:shutdownLeaderElection(134)) - 0f256f10-8056-416e-a2a4-dd085f6c7864: shutdown LeaderElection
2019-10-17 06:31:17,337 [0f256f10-8056-416e-a2a4-dd085f6c7864@group-9ED9FEE0098D-LeaderElection120] INFO  impl.RoleInfo (RoleInfo.java:updateAndGet(143)) - 0f256f10-8056-416e-a2a4-dd085f6c7864: start FollowerState
2019-10-17 06:31:17,356 [Thread-2176] INFO  impl.FollowerState (FollowerState.java:run(108)) - 0f256f10-8056-416e-a2a4-dd085f6c7864@group-9ED9FEE0098D-FollowerState: change to CANDIDATE, lastRpcTime:18ms, electionTimeout:18ms
2019-10-17 06:31:17,356 [Thread-2176] INFO  impl.RoleInfo (RoleInfo.java:shutdownFollowerState(121)) - 0f256f10-8056-416e-a2a4-dd085f6c7864: shutdown FollowerState
2019-10-17 06:31:17,356 [Thread-2176] INFO  impl.RaftServerImpl (RaftServerImpl.java:setRole(184)) - 0f256f10-8056-416e-a2a4-dd085f6c7864@group-9ED9FEE0098D: changes role from  FOLLOWER to CANDIDATE at term 120 for changeToCandidate
2019-10-17 06:31:17,356 [Thread-2176] INFO  impl.RoleInfo (RoleInfo.java:updateAndGet(143)) - 0f256f10-8056-416e-a2a4-dd085f6c7864: start LeaderElection
2019-10-17 06:31:17,366 [0f256f10-8056-416e-a2a4-dd085f6c7864@group-9ED9FEE0098D-LeaderElection121] INFO  impl.LeaderElection (LeaderElection.java:askForVotes(178)) - 0f256f10-8056-416e-a2a4-dd085f6c7864@group-9ED9FEE0098D-LeaderElection121: begin an election at term 121 for -1: [2f64f904-2283-4e96-b4e2-6c9018f13084:192.168.34.62:40373, 0f256f10-8056-416e-a2a4-dd085f6c7864:192.168.34.62:35674, 07fb1a7b-fe02-4a56-ac24-3020e88d4db0:192.168.34.62:46434], old=null
2019-10-17 06:31:17,368 [grpc-default-executor-6] INFO  impl.RaftServerImpl (RaftServerImpl.java:setRole(184)) - 2f64f904-2283-4e96-b4e2-6c9018f13084@group-9ED9FEE0098D: changes role from  FOLLOWER to FOLLOWER at term 121 for recognizeCandidate:0f256f10-8056-416e-a2a4-dd085f6c7864
2019-10-17 06:31:17,368 [grpc-default-executor-1] INFO  impl.RaftServerImpl (RaftServerImpl.java:setRole(184)) - 07fb1a7b-fe02-4a56-ac24-3020e88d4db0@group-9ED9FEE0098D: changes role from  FOLLOWER to FOLLOWER at term 121 for recognizeCandidate:0f256f10-8056-416e-a2a4-dd085f6c7864
2019-10-17 06:31:17,368 [grpc-default-executor-6] INFO  impl.RoleInfo (RoleInfo.java:shutdownFollowerState(121)) - 2f64f904-2283-4e96-b4e2-6c9018f13084: shutdown FollowerState
2019-10-17 06:31:17,369 [grpc-default-executor-1] INFO  impl.RoleInfo (RoleInfo.java:shutdownFollowerState(121)) - 07fb1a7b-fe02-4a56-ac24-3020e88d4db0: shutdown FollowerState
2019-10-17 06:31:17,369 [Thread-2174] INFO  impl.FollowerState (FollowerState.java:run(117)) - 2f64f904-2283-4e96-b4e2-6c9018f13084@group-9ED9FEE0098D-FollowerState was interrupted: java.lang.InterruptedException: sleep interrupted
2019-10-17 06:31:17,369 [grpc-default-executor-6] INFO  impl.RoleInfo (RoleInfo.java:updateAndGet(143)) - 2f64f904-2283-4e96-b4e2-6c9018f13084: start FollowerState
2019-10-17 06:31:17,369 [Thread-2175] INFO  impl.FollowerState (FollowerState.java:run(117)) - 07fb1a7b-fe02-4a56-ac24-3020e88d4db0@group-9ED9FEE0098D-FollowerState was interrupted: java.lang.InterruptedException: sleep interrupted
2019-10-17 06:31:17,369 [grpc-default-executor-1] INFO  impl.RoleInfo (RoleInfo.java:updateAndGet(143)) - 07fb1a7b-fe02-4a56-ac24-3020e88d4db0: start FollowerState
2019-10-17 06:31:17,392 [0f256f10-8056-416e-a2a4-dd085f6c7864@group-9ED9FEE0098D-LeaderElection121] INFO  impl.LeaderElection (LeaderElection.java:logAndReturn(56)) - 0f256f10-8056-416e-a2a4-dd085f6c7864@group-9ED9FEE0098D-LeaderElection121: Election REJECTED; received 2 response(s) [0f256f10-8056-416e-a2a4-dd085f6c7864<-2f64f904-2283-4e96-b4e2-6c9018f13084#0:FAIL-t121, 0f256f10-8056-416e-a2a4-dd085f6c7864<-07fb1a7b-fe02-4a56-ac24-3020e88d4db0#0:FAIL-t121] and 0 exception(s); 0f256f10-8056-416e-a2a4-dd085f6c7864@group-9ED9FEE0098D:t121, leader=null, voted=0f256f10-8056-416e-a2a4-dd085f6c7864, raftlog=0f256f10-8056-416e-a2a4-dd085f6c7864@group-9ED9FEE0098D-SegmentedRaftLog:OPENED:c-1,f-1,i0, conf=-1: [2f64f904-2283-4e96-b4e2-6c9018f13084:192.168.34.62:40373, 0f256f10-8056-416e-a2a4-dd085f6c7864:192.168.34.62:35674, 07fb1a7b-fe02-4a56-ac24-3020e88d4db0:192.168.34.62:46434], old=null
2019-10-17 06:31:17,392 [0f256f10-8056-416e-a2a4-dd085f6c7864@group-9ED9FEE0098D-LeaderElection121] INFO  impl.RaftServerImpl (RaftServerImpl.java:setRole(184)) - 0f256f10-8056-416e-a2a4-dd085f6c7864@group-9ED9FEE0098D: changes role from CANDIDATE to FOLLOWER at term 121 for DISCOVERED_A_NEW_TERM
2019-10-17 06:31:17,392 [0f256f10-8056-416e-a2a4-dd085f6c7864@group-9ED9FEE0098D-LeaderElection121] INFO  impl.RoleInfo (RoleInfo.java:shutdownLeaderElection(134)) - 0f256f10-8056-416e-a2a4-dd085f6c7864: shutdown LeaderElection
2019-10-17 06:31:17,393 [0f256f10-8056-416e-a2a4-dd085f6c7864@group-9ED9FEE0098D-LeaderElection121] INFO  impl.RoleInfo (RoleInfo.java:updateAndGet(143)) - 0f256f10-8056-416e-a2a4-dd085f6c7864: start FollowerState
2019-10-17 06:31:17,488 [Thread-2182] INFO  impl.FollowerState (FollowerState.java:run(108)) - 0f256f10-8056-416e-a2a4-dd085f6c7864@group-9ED9FEE0098D-FollowerState: change to CANDIDATE, lastRpcTime:95ms, electionTimeout:95ms
2019-10-17 06:31:17,489 [Thread-2182] INFO  impl.RoleInfo (RoleInfo.java:shutdownFollowerState(121)) - 0f256f10-8056-416e-a2a4-dd085f6c7864: shutdown FollowerState
2019-10-17 06:31:17,489 [Thread-2182] INFO  impl.RaftServerImpl (RaftServerImpl.java:setRole(184)) - 0f256f10-8056-416e-a2a4-dd085f6c7864@group-9ED9FEE0098D: changes role from  FOLLOWER to CANDIDATE at term 121 for changeToCandidate
2019-10-17 06:31:17,489 [Thread-2182] INFO  impl.RoleInfo (RoleInfo.java:updateAndGet(143)) - 0f256f10-8056-416e-a2a4-dd085f6c7864: start LeaderElection
2019-10-17 06:31:17,508 [0f256f10-8056-416e-a2a4-dd085f6c7864@group-9ED9FEE0098D-LeaderElection122] INFO  impl.LeaderElection (LeaderElection.java:askForVotes(178)) - 0f256f10-8056-416e-a2a4-dd085f6c7864@group-9ED9FEE0098D-LeaderElection122: begin an election at term 122 for -1: [2f64f904-2283-4e96-b4e2-6c9018f13084:192.168.34.62:40373, 0f256f10-8056-416e-a2a4-dd085f6c7864:192.168.34.62:35674, 07fb1a7b-fe02-4a56-ac24-3020e88d4db0:192.168.34.62:46434], old=null
2019-10-17 06:31:17,512 [grpc-default-executor-1] INFO  impl.RaftServerImpl (RaftServerImpl.java:setRole(184)) - 07fb1a7b-fe02-4a56-ac24-3020e88d4db0@group-9ED9FEE0098D: changes role from  FOLLOWER to FOLLOWER at term 122 for recognizeCandidate:0f256f10-8056-416e-a2a4-dd085f6c7864
2019-10-17 06:31:17,512 [grpc-default-executor-6] INFO  impl.RaftServerImpl (RaftServerImpl.java:setRole(184)) - 2f64f904-2283-4e96-b4e2-6c9018f13084@group-9ED9FEE0098D: changes role from  FOLLOWER to FOLLOWER at term 122 for recognizeCandidate:0f256f10-8056-416e-a2a4-dd085f6c7864
2019-10-17 06:31:17,512 [grpc-default-executor-1] INFO  impl.RoleInfo (RoleInfo.java:shutdownFollowerState(121)) - 07fb1a7b-fe02-4a56-ac24-3020e88d4db0: shutdown FollowerState
2019-10-17 06:31:17,512 [grpc-default-executor-6] INFO  impl.RoleInfo (RoleInfo.java:shutdownFollowerState(121)) - 2f64f904-2283-4e96-b4e2-6c9018f13084: shutdown FollowerState
2019-10-17 06:31:17,512 [grpc-default-executor-1] INFO  impl.RoleInfo (RoleInfo.java:updateAndGet(143)) - 07fb1a7b-fe02-4a56-ac24-3020e88d4db0: start FollowerState
2019-10-17 06:31:17,513 [Thread-2180] INFO  impl.FollowerState (FollowerState.java:run(117)) - 2f64f904-2283-4e96-b4e2-6c9018f13084@group-9ED9FEE0098D-FollowerState was interrupted: java.lang.InterruptedException: sleep interrupted
2019-10-17 06:31:17,512 [Thread-2181] INFO  impl.FollowerState (FollowerState.java:run(117)) - 07fb1a7b-fe02-4a56-ac24-3020e88d4db0@group-9ED9FEE0098D-FollowerState was interrupted: java.lang.InterruptedException: sleep interrupted
2019-10-17 06:31:17,512 [grpc-default-executor-6] INFO  impl.RoleInfo (RoleInfo.java:updateAndGet(143)) - 2f64f904-2283-4e96-b4e2-6c9018f13084: start FollowerState
2019-10-17 06:31:17,530 [0f256f10-8056-416e-a2a4-dd085f6c7864@group-9ED9FEE0098D-LeaderElection122] INFO  impl.LeaderElection (LeaderElection.java:logAndReturn(56)) - 0f256f10-8056-416e-a2a4-dd085f6c7864@group-9ED9FEE0098D-LeaderElection122: Election REJECTED; received 2 response(s) [0f256f10-8056-416e-a2a4-dd085f6c7864<-2f64f904-2283-4e96-b4e2-6c9018f13084#0:FAIL-t122, 0f256f10-8056-416e-a2a4-dd085f6c7864<-07fb1a7b-fe02-4a56-ac24-3020e88d4db0#0:FAIL-t122] and 0 exception(s); 0f256f10-8056-416e-a2a4-dd085f6c7864@group-9ED9FEE0098D:t122, leader=null, voted=0f256f10-8056-416e-a2a4-dd085f6c7864, raftlog=0f256f10-8056-416e-a2a4-dd085f6c7864@group-9ED9FEE0098D-SegmentedRaftLog:OPENED:c-1,f-1,i0, conf=-1: [2f64f904-2283-4e96-b4e2-6c9018f13084:192.168.34.62:40373, 0f256f10-8056-416e-a2a4-dd085f6c7864:192.168.34.62:35674, 07fb1a7b-fe02-4a56-ac24-3020e88d4db0:192.168.34.62:46434], old=null
2019-10-17 06:31:17,530 [0f256f10-8056-416e-a2a4-dd085f6c7864@group-9ED9FEE0098D-LeaderElection122] INFO  impl.RaftServerImpl (RaftServerImpl.java:setRole(184)) - 0f256f10-8056-416e-a2a4-dd085f6c7864@group-9ED9FEE0098D: changes role from CANDIDATE to FOLLOWER at term 122 for DISCOVERED_A_NEW_TERM
2019-10-17 06:31:17,531 [0f256f10-8056-416e-a2a4-dd085f6c7864@group-9ED9FEE0098D-LeaderElection122] INFO  impl.RoleInfo (RoleInfo.java:shutdownLeaderElection(134)) - 0f256f10-8056-416e-a2a4-dd085f6c7864: shutdown LeaderElection
2019-10-17 06:31:17,531 [0f256f10-8056-416e-a2a4-dd085f6c7864@group-9ED9FEE0098D-LeaderElection122] INFO  impl.RoleInfo (RoleInfo.java:updateAndGet(143)) - 0f256f10-8056-416e-a2a4-dd085f6c7864: start FollowerState
2019-10-17 06:31:17,627 [Thread-2188] INFO  impl.FollowerState (FollowerState.java:run(108)) - 0f256f10-8056-416e-a2a4-dd085f6c7864@group-9ED9FEE0098D-FollowerState: change to CANDIDATE, lastRpcTime:96ms, electionTimeout:96ms
2019-10-17 06:31:17,627 [Thread-2188] INFO  impl.RoleInfo (RoleInfo.java:shutdownFollowerState(121)) - 0f256f10-8056-416e-a2a4-dd085f6c7864: shutdown FollowerState
2019-10-17 06:31:17,628 [Thread-2188] INFO  impl.RaftServerImpl (RaftServerImpl.java:setRole(184)) - 0f256f10-8056-416e-a2a4-dd085f6c7864@group-9ED9FEE0098D: changes role from  FOLLOWER to CANDIDATE at term 122 for changeToCandidate
2019-10-17 06:31:17,628 [Thread-2188] INFO  impl.RoleInfo (RoleInfo.java:updateAndGet(143)) - 0f256f10-8056-416e-a2a4-dd085f6c7864: start LeaderElection
2019-10-17 06:31:17,643 [Thread-1202] INFO  ozone.MiniOzoneClusterImpl (MiniOzoneClusterImpl.java:lambda$waitForClusterToBeReady$2(164)) - Waiting for 1 number of pipelines out of 4, to report a leader.
2019-10-17 06:31:17,647 [0f256f10-8056-416e-a2a4-dd085f6c7864@group-9ED9FEE0098D-LeaderElection123] INFO  impl.LeaderElection (LeaderElection.java:askForVotes(178)) - 0f256f10-8056-416e-a2a4-dd085f6c7864@group-9ED9FEE0098D-LeaderElection123: begin an election at term 123 for -1: [2f64f904-2283-4e96-b4e2-6c9018f13084:192.168.34.62:40373, 0f256f10-8056-416e-a2a4-dd085f6c7864:192.168.34.62:35674, 07fb1a7b-fe02-4a56-ac24-3020e88d4db0:192.168.34.62:46434], old=null
2019-10-17 06:31:17,650 [grpc-default-executor-1] INFO  impl.RaftServerImpl (RaftServerImpl.java:setRole(184)) - 2f64f904-2283-4e96-b4e2-6c9018f13084@group-9ED9FEE0098D: changes role from  FOLLOWER to FOLLOWER at term 123 for recognizeCandidate:0f256f10-8056-416e-a2a4-dd085f6c7864
2019-10-17 06:31:17,650 [grpc-default-executor-6] INFO  impl.RaftServerImpl (RaftServerImpl.java:setRole(184)) - 07fb1a7b-fe02-4a56-ac24-3020e88d4db0@group-9ED9FEE0098D: changes role from  FOLLOWER to FOLLOWER at term 123 for recognizeCandidate:0f256f10-8056-416e-a2a4-dd085f6c7864
2019-10-17 06:31:17,650 [grpc-default-executor-1] INFO  impl.RoleInfo (RoleInfo.java:shutdownFollowerState(121)) - 2f64f904-2283-4e96-b4e2-6c9018f13084: shutdown FollowerState
2019-10-17 06:31:17,650 [grpc-default-executor-6] INFO  impl.RoleInfo (RoleInfo.java:shutdownFollowerState(121)) - 07fb1a7b-fe02-4a56-ac24-3020e88d4db0: shutdown FollowerState
2019-10-17 06:31:17,651 [Thread-2187] INFO  impl.FollowerState (FollowerState.java:run(117)) - 2f64f904-2283-4e96-b4e2-6c9018f13084@group-9ED9FEE0098D-FollowerState was interrupted: java.lang.InterruptedException: sleep interrupted
2019-10-17 06:31:17,651 [Thread-2186] INFO  impl.FollowerState (FollowerState.java:run(117)) - 07fb1a7b-fe02-4a56-ac24-3020e88d4db0@group-9ED9FEE0098D-FollowerState was interrupted: java.lang.InterruptedException: sleep interrupted
2019-10-17 06:31:17,650 [grpc-default-executor-1] INFO  impl.RoleInfo (RoleInfo.java:updateAndGet(143)) - 2f64f904-2283-4e96-b4e2-6c9018f13084: start FollowerState
2019-10-17 06:31:17,651 [grpc-default-executor-6] INFO  impl.RoleInfo (RoleInfo.java:updateAndGet(143)) - 07fb1a7b-fe02-4a56-ac24-3020e88d4db0: start FollowerState
2019-10-17 06:31:17,671 [0f256f10-8056-416e-a2a4-dd085f6c7864@group-9ED9FEE0098D-LeaderElection123] INFO  impl.LeaderElection (LeaderElection.java:logAndReturn(56)) - 0f256f10-8056-416e-a2a4-dd085f6c7864@group-9ED9FEE0098D-LeaderElection123: Election REJECTED; received 2 response(s) [0f256f10-8056-416e-a2a4-dd085f6c7864<-2f64f904-2283-4e96-b4e2-6c9018f13084#0:FAIL-t123, 0f256f10-8056-416e-a2a4-dd085f6c7864<-07fb1a7b-fe02-4a56-ac24-3020e88d4db0#0:FAIL-t123] and 0 exception(s); 0f256f10-8056-416e-a2a4-dd085f6c7864@group-9ED9FEE0098D:t123, leader=null, voted=0f256f10-8056-416e-a2a4-dd085f6c7864, raftlog=0f256f10-8056-416e-a2a4-dd085f6c7864@group-9ED9FEE0098D-SegmentedRaftLog:OPENED:c-1,f-1,i0, conf=-1: [2f64f904-2283-4e96-b4e2-6c9018f13084:192.168.34.62:40373, 0f256f10-8056-416e-a2a4-dd085f6c7864:192.168.34.62:35674, 07fb1a7b-fe02-4a56-ac24-3020e88d4db0:192.168.34.62:46434], old=null
2019-10-17 06:31:17,671 [0f256f10-8056-416e-a2a4-dd085f6c7864@group-9ED9FEE0098D-LeaderElection123] INFO  impl.RaftServerImpl (RaftServerImpl.java:setRole(184)) - 0f256f10-8056-416e-a2a4-dd085f6c7864@group-9ED9FEE0098D: changes role from CANDIDATE to FOLLOWER at term 123 for DISCOVERED_A_NEW_TERM
2019-10-17 06:31:17,672 [0f256f10-8056-416e-a2a4-dd085f6c7864@group-9ED9FEE0098D-LeaderElection123] INFO  impl.RoleInfo (RoleInfo.java:shutdownLeaderElection(134)) - 0f256f10-8056-416e-a2a4-dd085f6c7864: shutdown LeaderElection
2019-10-17 06:31:17,672 [0f256f10-8056-416e-a2a4-dd085f6c7864@group-9ED9FEE0098D-LeaderElection123] INFO  impl.RoleInfo (RoleInfo.java:updateAndGet(143)) - 0f256f10-8056-416e-a2a4-dd085f6c7864: start FollowerState
2019-10-17 06:31:17,793 [Thread-2194] INFO  impl.FollowerState (FollowerState.java:run(108)) - 0f256f10-8056-416e-a2a4-dd085f6c7864@group-9ED9FEE0098D-FollowerState: change to CANDIDATE, lastRpcTime:121ms, electionTimeout:121ms
2019-10-17 06:31:17,793 [Thread-2194] INFO  impl.RoleInfo (RoleInfo.java:shutdownFollowerState(121)) - 0f256f10-8056-416e-a2a4-dd085f6c7864: shutdown FollowerState
2019-10-17 06:31:17,794 [Thread-2194] INFO  impl.RaftServerImpl (RaftServerImpl.java:setRole(184)) - 0f256f10-8056-416e-a2a4-dd085f6c7864@group-9ED9FEE0098D: changes role from  FOLLOWER to CANDIDATE at term 123 for changeToCandidate
2019-10-17 06:31:17,794 [Thread-2194] INFO  impl.RoleInfo (RoleInfo.java:updateAndGet(143)) - 0f256f10-8056-416e-a2a4-dd085f6c7864: start LeaderElection
2019-10-17 06:31:17,811 [0f256f10-8056-416e-a2a4-dd085f6c7864@group-9ED9FEE0098D-LeaderElection124] INFO  impl.LeaderElection (LeaderElection.java:askForVotes(178)) - 0f256f10-8056-416e-a2a4-dd085f6c7864@group-9ED9FEE0098D-LeaderElection124: begin an election at term 124 for -1: [2f64f904-2283-4e96-b4e2-6c9018f13084:192.168.34.62:40373, 0f256f10-8056-416e-a2a4-dd085f6c7864:192.168.34.62:35674, 07fb1a7b-fe02-4a56-ac24-3020e88d4db0:192.168.34.62:46434], old=null
2019-10-17 06:31:17,813 [grpc-default-executor-6] INFO  impl.RaftServerImpl (RaftServerImpl.java:setRole(184)) - 07fb1a7b-fe02-4a56-ac24-3020e88d4db0@group-9ED9FEE0098D: changes role from  FOLLOWER to FOLLOWER at term 124 for recognizeCandidate:0f256f10-8056-416e-a2a4-dd085f6c7864
2019-10-17 06:31:17,813 [grpc-default-executor-6] INFO  impl.RoleInfo (RoleInfo.java:shutdownFollowerState(121)) - 07fb1a7b-fe02-4a56-ac24-3020e88d4db0: shutdown FollowerState
2019-10-17 06:31:17,813 [grpc-default-executor-1] INFO  impl.RaftServerImpl (RaftServerImpl.java:setRole(184)) - 2f64f904-2283-4e96-b4e2-6c9018f13084@group-9ED9FEE0098D: changes role from  FOLLOWER to FOLLOWER at term 124 for recognizeCandidate:0f256f10-8056-416e-a2a4-dd085f6c7864
2019-10-17 06:31:17,813 [Thread-2193] INFO  impl.FollowerState (FollowerState.java:run(117)) - 07fb1a7b-fe02-4a56-ac24-3020e88d4db0@group-9ED9FEE0098D-FollowerState was interrupted: java.lang.InterruptedException: sleep interrupted
2019-10-17 06:31:17,813 [grpc-default-executor-6] INFO  impl.RoleInfo (RoleInfo.java:updateAndGet(143)) - 07fb1a7b-fe02-4a56-ac24-3020e88d4db0: start FollowerState
2019-10-17 06:31:17,813 [grpc-default-executor-1] INFO  impl.RoleInfo (RoleInfo.java:shutdownFollowerState(121)) - 2f64f904-2283-4e96-b4e2-6c9018f13084: shutdown FollowerState
2019-10-17 06:31:17,814 [grpc-default-executor-1] INFO  impl.RoleInfo (RoleInfo.java:updateAndGet(143)) - 2f64f904-2283-4e96-b4e2-6c9018f13084: start FollowerState
2019-10-17 06:31:17,814 [Thread-2192] INFO  impl.FollowerState (FollowerState.java:run(117)) - 2f64f904-2283-4e96-b4e2-6c9018f13084@group-9ED9FEE0098D-FollowerState was interrupted: java.lang.InterruptedException: sleep interrupted
2019-10-17 06:31:17,831 [0f256f10-8056-416e-a2a4-dd085f6c7864@group-9ED9FEE0098D-LeaderElection124] INFO  impl.LeaderElection (LeaderElection.java:logAndReturn(56)) - 0f256f10-8056-416e-a2a4-dd085f6c7864@group-9ED9FEE0098D-LeaderElection124: Election REJECTED; received 2 response(s) [0f256f10-8056-416e-a2a4-dd085f6c7864<-2f64f904-2283-4e96-b4e2-6c9018f13084#0:FAIL-t124, 0f256f10-8056-416e-a2a4-dd085f6c7864<-07fb1a7b-fe02-4a56-ac24-3020e88d4db0#0:FAIL-t124] and 0 exception(s); 0f256f10-8056-416e-a2a4-dd085f6c7864@group-9ED9FEE0098D:t124, leader=null, voted=0f256f10-8056-416e-a2a4-dd085f6c7864, raftlog=0f256f10-8056-416e-a2a4-dd085f6c7864@group-9ED9FEE0098D-SegmentedRaftLog:OPENED:c-1,f-1,i0, conf=-1: [2f64f904-2283-4e96-b4e2-6c9018f13084:192.168.34.62:40373, 0f256f10-8056-416e-a2a4-dd085f6c7864:192.168.34.62:35674, 07fb1a7b-fe02-4a56-ac24-3020e88d4db0:192.168.34.62:46434], old=null
2019-10-17 06:31:17,831 [0f256f10-8056-416e-a2a4-dd085f6c7864@group-9ED9FEE0098D-LeaderElection124] INFO  impl.RaftServerImpl (RaftServerImpl.java:setRole(184)) - 0f256f10-8056-416e-a2a4-dd085f6c7864@group-9ED9FEE0098D: changes role from CANDIDATE to FOLLOWER at term 124 for DISCOVERED_A_NEW_TERM
2019-10-17 06:31:17,831 [0f256f10-8056-416e-a2a4-dd085f6c7864@group-9ED9FEE0098D-LeaderElection124] INFO  impl.RoleInfo (RoleInfo.java:shutdownLeaderElection(134)) - 0f256f10-8056-416e-a2a4-dd085f6c7864: shutdown LeaderElection
2019-10-17 06:31:17,831 [0f256f10-8056-416e-a2a4-dd085f6c7864@group-9ED9FEE0098D-LeaderElection124] INFO  impl.RoleInfo (RoleInfo.java:updateAndGet(143)) - 0f256f10-8056-416e-a2a4-dd085f6c7864: start FollowerState
2019-10-17 06:31:17,899 [Thread-2200] INFO  impl.FollowerState (FollowerState.java:run(108)) - 0f256f10-8056-416e-a2a4-dd085f6c7864@group-9ED9FEE0098D-FollowerState: change to CANDIDATE, lastRpcTime:68ms, electionTimeout:68ms
2019-10-17 06:31:17,900 [Thread-2200] INFO  impl.RoleInfo (RoleInfo.java:shutdownFollowerState(121)) - 0f256f10-8056-416e-a2a4-dd085f6c7864: shutdown FollowerState
2019-10-17 06:31:17,900 [Thread-2200] INFO  impl.RaftServerImpl (RaftServerImpl.java:setRole(184)) - 0f256f10-8056-416e-a2a4-dd085f6c7864@group-9ED9FEE0098D: changes role from  FOLLOWER to CANDIDATE at term 124 for changeToCandidate
2019-10-17 06:31:17,900 [Thread-2200] INFO  impl.RoleInfo (RoleInfo.java:updateAndGet(143)) - 0f256f10-8056-416e-a2a4-dd085f6c7864: start LeaderElection
2019-10-17 06:31:17,921 [0f256f10-8056-416e-a2a4-dd085f6c7864@group-9ED9FEE0098D-LeaderElection125] INFO  impl.LeaderElection (LeaderElection.java:askForVotes(178)) - 0f256f10-8056-416e-a2a4-dd085f6c7864@group-9ED9FEE0098D-LeaderElection125: begin an election at term 125 for -1: [2f64f904-2283-4e96-b4e2-6c9018f13084:192.168.34.62:40373, 0f256f10-8056-416e-a2a4-dd085f6c7864:192.168.34.62:35674, 07fb1a7b-fe02-4a56-ac24-3020e88d4db0:192.168.34.62:46434], old=null
2019-10-17 06:31:17,923 [grpc-default-executor-1] INFO  impl.RaftServerImpl (RaftServerImpl.java:setRole(184)) - 2f64f904-2283-4e96-b4e2-6c9018f13084@group-9ED9FEE0098D: changes role from  FOLLOWER to FOLLOWER at term 125 for recognizeCandidate:0f256f10-8056-416e-a2a4-dd085f6c7864
2019-10-17 06:31:17,923 [grpc-default-executor-1] INFO  impl.RoleInfo (RoleInfo.java:shutdownFollowerState(121)) - 2f64f904-2283-4e96-b4e2-6c9018f13084: shutdown FollowerState
2019-10-17 06:31:17,923 [grpc-default-executor-1] INFO  impl.RoleInfo (RoleInfo.java:updateAndGet(143)) - 2f64f904-2283-4e96-b4e2-6c9018f13084: start FollowerState
2019-10-17 06:31:17,923 [grpc-default-executor-6] INFO  impl.RaftServerImpl (RaftServerImpl.java:setRole(184)) - 07fb1a7b-fe02-4a56-ac24-3020e88d4db0@group-9ED9FEE0098D: changes role from  FOLLOWER to FOLLOWER at term 125 for recognizeCandidate:0f256f10-8056-416e-a2a4-dd085f6c7864
2019-10-17 06:31:17,923 [Thread-2199] INFO  impl.FollowerState (FollowerState.java:run(117)) - 2f64f904-2283-4e96-b4e2-6c9018f13084@group-9ED9FEE0098D-FollowerState was interrupted: java.lang.InterruptedException: sleep interrupted
2019-10-17 06:31:17,923 [grpc-default-executor-6] INFO  impl.RoleInfo (RoleInfo.java:shutdownFollowerState(121)) - 07fb1a7b-fe02-4a56-ac24-3020e88d4db0: shutdown FollowerState
2019-10-17 06:31:17,923 [grpc-default-executor-6] INFO  impl.RoleInfo (RoleInfo.java:updateAndGet(143)) - 07fb1a7b-fe02-4a56-ac24-3020e88d4db0: start FollowerState
2019-10-17 06:31:17,923 [Thread-2198] INFO  impl.FollowerState (FollowerState.java:run(117)) - 07fb1a7b-fe02-4a56-ac24-3020e88d4db0@group-9ED9FEE0098D-FollowerState was interrupted: java.lang.InterruptedException: sleep interrupted
2019-10-17 06:31:17,940 [0f256f10-8056-416e-a2a4-dd085f6c7864@group-9ED9FEE0098D-LeaderElection125] INFO  impl.LeaderElection (LeaderElection.java:logAndReturn(56)) - 0f256f10-8056-416e-a2a4-dd085f6c7864@group-9ED9FEE0098D-LeaderElection125: Election REJECTED; received 2 response(s) [0f256f10-8056-416e-a2a4-dd085f6c7864<-2f64f904-2283-4e96-b4e2-6c9018f13084#0:FAIL-t125, 0f256f10-8056-416e-a2a4-dd085f6c7864<-07fb1a7b-fe02-4a56-ac24-3020e88d4db0#0:FAIL-t125] and 0 exception(s); 0f256f10-8056-416e-a2a4-dd085f6c7864@group-9ED9FEE0098D:t125, leader=null, voted=0f256f10-8056-416e-a2a4-dd085f6c7864, raftlog=0f256f10-8056-416e-a2a4-dd085f6c7864@group-9ED9FEE0098D-SegmentedRaftLog:OPENED:c-1,f-1,i0, conf=-1: [2f64f904-2283-4e96-b4e2-6c9018f13084:192.168.34.62:40373, 0f256f10-8056-416e-a2a4-dd085f6c7864:192.168.34.62:35674, 07fb1a7b-fe02-4a56-ac24-3020e88d4db0:192.168.34.62:46434], old=null
2019-10-17 06:31:17,940 [0f256f10-8056-416e-a2a4-dd085f6c7864@group-9ED9FEE0098D-LeaderElection125] INFO  impl.RaftServerImpl (RaftServerImpl.java:setRole(184)) - 0f256f10-8056-416e-a2a4-dd085f6c7864@group-9ED9FEE0098D: changes role from CANDIDATE to FOLLOWER at term 125 for DISCOVERED_A_NEW_TERM
2019-10-17 06:31:17,940 [0f256f10-8056-416e-a2a4-dd085f6c7864@group-9ED9FEE0098D-LeaderElection125] INFO  impl.RoleInfo (RoleInfo.java:shutdownLeaderElection(134)) - 0f256f10-8056-416e-a2a4-dd085f6c7864: shutdown LeaderElection
2019-10-17 06:31:17,940 [0f256f10-8056-416e-a2a4-dd085f6c7864@group-9ED9FEE0098D-LeaderElection125] INFO  impl.RoleInfo (RoleInfo.java:updateAndGet(143)) - 0f256f10-8056-416e-a2a4-dd085f6c7864: start FollowerState
2019-10-17 06:31:18,098 [Thread-2206] INFO  impl.FollowerState (FollowerState.java:run(108)) - 0f256f10-8056-416e-a2a4-dd085f6c7864@group-9ED9FEE0098D-FollowerState: change to CANDIDATE, lastRpcTime:157ms, electionTimeout:157ms
2019-10-17 06:31:18,098 [Thread-2206] INFO  impl.RoleInfo (RoleInfo.java:shutdownFollowerState(121)) - 0f256f10-8056-416e-a2a4-dd085f6c7864: shutdown FollowerState
2019-10-17 06:31:18,098 [Thread-2206] INFO  impl.RaftServerImpl (RaftServerImpl.java:setRole(184)) - 0f256f10-8056-416e-a2a4-dd085f6c7864@group-9ED9FEE0098D: changes role from  FOLLOWER to CANDIDATE at term 125 for changeToCandidate
2019-10-17 06:31:18,098 [Thread-2206] INFO  impl.RoleInfo (RoleInfo.java:updateAndGet(143)) - 0f256f10-8056-416e-a2a4-dd085f6c7864: start LeaderElection
2019-10-17 06:31:18,161 [0f256f10-8056-416e-a2a4-dd085f6c7864@group-9ED9FEE0098D-LeaderElection126] INFO  impl.LeaderElection (LeaderElection.java:askForVotes(178)) - 0f256f10-8056-416e-a2a4-dd085f6c7864@group-9ED9FEE0098D-LeaderElection126: begin an election at term 126 for -1: [2f64f904-2283-4e96-b4e2-6c9018f13084:192.168.34.62:40373, 0f256f10-8056-416e-a2a4-dd085f6c7864:192.168.34.62:35674, 07fb1a7b-fe02-4a56-ac24-3020e88d4db0:192.168.34.62:46434], old=null
2019-10-17 06:31:18,164 [grpc-default-executor-1] INFO  impl.RaftServerImpl (RaftServerImpl.java:setRole(184)) - 2f64f904-2283-4e96-b4e2-6c9018f13084@group-9ED9FEE0098D: changes role from  FOLLOWER to FOLLOWER at term 126 for recognizeCandidate:0f256f10-8056-416e-a2a4-dd085f6c7864
2019-10-17 06:31:18,164 [grpc-default-executor-6] INFO  impl.RaftServerImpl (RaftServerImpl.java:setRole(184)) - 07fb1a7b-fe02-4a56-ac24-3020e88d4db0@group-9ED9FEE0098D: changes role from  FOLLOWER to FOLLOWER at term 126 for recognizeCandidate:0f256f10-8056-416e-a2a4-dd085f6c7864
2019-10-17 06:31:18,164 [grpc-default-executor-6] INFO  impl.RoleInfo (RoleInfo.java:shutdownFollowerState(121)) - 07fb1a7b-fe02-4a56-ac24-3020e88d4db0: shutdown FollowerState
2019-10-17 06:31:18,164 [grpc-default-executor-1] INFO  impl.RoleInfo (RoleInfo.java:shutdownFollowerState(121)) - 2f64f904-2283-4e96-b4e2-6c9018f13084: shutdown FollowerState
2019-10-17 06:31:18,164 [Thread-2205] INFO  impl.FollowerState (FollowerState.java:run(117)) - 07fb1a7b-fe02-4a56-ac24-3020e88d4db0@group-9ED9FEE0098D-FollowerState was interrupted: java.lang.InterruptedException: sleep interrupted
2019-10-17 06:31:18,164 [Thread-2204] INFO  impl.FollowerState (FollowerState.java:run(117)) - 2f64f904-2283-4e96-b4e2-6c9018f13084@group-9ED9FEE0098D-FollowerState was interrupted: java.lang.InterruptedException: sleep interrupted
2019-10-17 06:31:18,164 [grpc-default-executor-6] INFO  impl.RoleInfo (RoleInfo.java:updateAndGet(143)) - 07fb1a7b-fe02-4a56-ac24-3020e88d4db0: start FollowerState
2019-10-17 06:31:18,164 [grpc-default-executor-1] INFO  impl.RoleInfo (RoleInfo.java:updateAndGet(143)) - 2f64f904-2283-4e96-b4e2-6c9018f13084: start FollowerState
2019-10-17 06:31:18,195 [0f256f10-8056-416e-a2a4-dd085f6c7864@group-9ED9FEE0098D-LeaderElection126] INFO  impl.LeaderElection (LeaderElection.java:logAndReturn(56)) - 0f256f10-8056-416e-a2a4-dd085f6c7864@group-9ED9FEE0098D-LeaderElection126: Election REJECTED; received 2 response(s) [0f256f10-8056-416e-a2a4-dd085f6c7864<-2f64f904-2283-4e96-b4e2-6c9018f13084#0:FAIL-t126, 0f256f10-8056-416e-a2a4-dd085f6c7864<-07fb1a7b-fe02-4a56-ac24-3020e88d4db0#0:FAIL-t126] and 0 exception(s); 0f256f10-8056-416e-a2a4-dd085f6c7864@group-9ED9FEE0098D:t126, leader=null, voted=0f256f10-8056-416e-a2a4-dd085f6c7864, raftlog=0f256f10-8056-416e-a2a4-dd085f6c7864@group-9ED9FEE0098D-SegmentedRaftLog:OPENED:c-1,f-1,i0, conf=-1: [2f64f904-2283-4e96-b4e2-6c9018f13084:192.168.34.62:40373, 0f256f10-8056-416e-a2a4-dd085f6c7864:192.168.34.62:35674, 07fb1a7b-fe02-4a56-ac24-3020e88d4db0:192.168.34.62:46434], old=null
2019-10-17 06:31:18,195 [0f256f10-8056-416e-a2a4-dd085f6c7864@group-9ED9FEE0098D-LeaderElection126] INFO  impl.RaftServerImpl (RaftServerImpl.java:setRole(184)) - 0f256f10-8056-416e-a2a4-dd085f6c7864@group-9ED9FEE0098D: changes role from CANDIDATE to FOLLOWER at term 126 for DISCOVERED_A_NEW_TERM
2019-10-17 06:31:18,195 [0f256f10-8056-416e-a2a4-dd085f6c7864@group-9ED9FEE0098D-LeaderElection126] INFO  impl.RoleInfo (RoleInfo.java:shutdownLeaderElection(134)) - 0f256f10-8056-416e-a2a4-dd085f6c7864: shutdown LeaderElection
2019-10-17 06:31:18,195 [0f256f10-8056-416e-a2a4-dd085f6c7864@group-9ED9FEE0098D-LeaderElection126] INFO  impl.RoleInfo (RoleInfo.java:updateAndGet(143)) - 0f256f10-8056-416e-a2a4-dd085f6c7864: start FollowerState
2019-10-17 06:31:18,327 [Thread-2212] INFO  impl.FollowerState (FollowerState.java:run(108)) - 0f256f10-8056-416e-a2a4-dd085f6c7864@group-9ED9FEE0098D-FollowerState: change to CANDIDATE, lastRpcTime:132ms, electionTimeout:132ms
2019-10-17 06:31:18,328 [Thread-2212] INFO  impl.RoleInfo (RoleInfo.java:shutdownFollowerState(121)) - 0f256f10-8056-416e-a2a4-dd085f6c7864: shutdown FollowerState
2019-10-17 06:31:18,328 [Thread-2212] INFO  impl.RaftServerImpl (RaftServerImpl.java:setRole(184)) - 0f256f10-8056-416e-a2a4-dd085f6c7864@group-9ED9FEE0098D: changes role from  FOLLOWER to CANDIDATE at term 126 for changeToCandidate
2019-10-17 06:31:18,328 [Thread-2212] INFO  impl.RoleInfo (RoleInfo.java:updateAndGet(143)) - 0f256f10-8056-416e-a2a4-dd085f6c7864: start LeaderElection
2019-10-17 06:31:18,348 [0f256f10-8056-416e-a2a4-dd085f6c7864@group-9ED9FEE0098D-LeaderElection127] INFO  impl.LeaderElection (LeaderElection.java:askForVotes(178)) - 0f256f10-8056-416e-a2a4-dd085f6c7864@group-9ED9FEE0098D-LeaderElection127: begin an election at term 127 for -1: [2f64f904-2283-4e96-b4e2-6c9018f13084:192.168.34.62:40373, 0f256f10-8056-416e-a2a4-dd085f6c7864:192.168.34.62:35674, 07fb1a7b-fe02-4a56-ac24-3020e88d4db0:192.168.34.62:46434], old=null
2019-10-17 06:31:18,350 [grpc-default-executor-1] INFO  impl.RaftServerImpl (RaftServerImpl.java:setRole(184)) - 07fb1a7b-fe02-4a56-ac24-3020e88d4db0@group-9ED9FEE0098D: changes role from  FOLLOWER to FOLLOWER at term 127 for recognizeCandidate:0f256f10-8056-416e-a2a4-dd085f6c7864
2019-10-17 06:31:18,350 [grpc-default-executor-6] INFO  impl.RaftServerImpl (RaftServerImpl.java:setRole(184)) - 2f64f904-2283-4e96-b4e2-6c9018f13084@group-9ED9FEE0098D: changes role from  FOLLOWER to FOLLOWER at term 127 for recognizeCandidate:0f256f10-8056-416e-a2a4-dd085f6c7864
2019-10-17 06:31:18,351 [grpc-default-executor-1] INFO  impl.RoleInfo (RoleInfo.java:shutdownFollowerState(121)) - 07fb1a7b-fe02-4a56-ac24-3020e88d4db0: shutdown FollowerState
2019-10-17 06:31:18,351 [grpc-default-executor-6] INFO  impl.RoleInfo (RoleInfo.java:shutdownFollowerState(121)) - 2f64f904-2283-4e96-b4e2-6c9018f13084: shutdown FollowerState
2019-10-17 06:31:18,351 [Thread-2210] INFO  impl.FollowerState (FollowerState.java:run(117)) - 07fb1a7b-fe02-4a56-ac24-3020e88d4db0@group-9ED9FEE0098D-FollowerState was interrupted: java.lang.InterruptedException: sleep interrupted
2019-10-17 06:31:18,351 [Thread-2211] INFO  impl.FollowerState (FollowerState.java:run(117)) - 2f64f904-2283-4e96-b4e2-6c9018f13084@group-9ED9FEE0098D-FollowerState was interrupted: java.lang.InterruptedException: sleep interrupted
2019-10-17 06:31:18,351 [grpc-default-executor-1] INFO  impl.RoleInfo (RoleInfo.java:updateAndGet(143)) - 07fb1a7b-fe02-4a56-ac24-3020e88d4db0: start FollowerState
2019-10-17 06:31:18,351 [grpc-default-executor-6] INFO  impl.RoleInfo (RoleInfo.java:updateAndGet(143)) - 2f64f904-2283-4e96-b4e2-6c9018f13084: start FollowerState
2019-10-17 06:31:18,360 [0f256f10-8056-416e-a2a4-dd085f6c7864@group-9ED9FEE0098D-LeaderElection127] INFO  impl.LeaderElection (LeaderElection.java:logAndReturn(56)) - 0f256f10-8056-416e-a2a4-dd085f6c7864@group-9ED9FEE0098D-LeaderElection127: Election TIMEOUT; received 0 response(s) [] and 0 exception(s); 0f256f10-8056-416e-a2a4-dd085f6c7864@group-9ED9FEE0098D:t127, leader=null, voted=0f256f10-8056-416e-a2a4-dd085f6c7864, raftlog=0f256f10-8056-416e-a2a4-dd085f6c7864@group-9ED9FEE0098D-SegmentedRaftLog:OPENED:c-1,f-1,i0, conf=-1: [2f64f904-2283-4e96-b4e2-6c9018f13084:192.168.34.62:40373, 0f256f10-8056-416e-a2a4-dd085f6c7864:192.168.34.62:35674, 07fb1a7b-fe02-4a56-ac24-3020e88d4db0:192.168.34.62:46434], old=null
2019-10-17 06:31:18,382 [0f256f10-8056-416e-a2a4-dd085f6c7864@group-9ED9FEE0098D-LeaderElection127] INFO  impl.LeaderElection (LeaderElection.java:askForVotes(178)) - 0f256f10-8056-416e-a2a4-dd085f6c7864@group-9ED9FEE0098D-LeaderElection127: begin an election at term 128 for -1: [2f64f904-2283-4e96-b4e2-6c9018f13084:192.168.34.62:40373, 0f256f10-8056-416e-a2a4-dd085f6c7864:192.168.34.62:35674, 07fb1a7b-fe02-4a56-ac24-3020e88d4db0:192.168.34.62:46434], old=null
2019-10-17 06:31:18,384 [grpc-default-executor-1] INFO  impl.RaftServerImpl (RaftServerImpl.java:setRole(184)) - 2f64f904-2283-4e96-b4e2-6c9018f13084@group-9ED9FEE0098D: changes role from  FOLLOWER to FOLLOWER at term 128 for recognizeCandidate:0f256f10-8056-416e-a2a4-dd085f6c7864
2019-10-17 06:31:18,385 [grpc-default-executor-6] INFO  impl.RaftServerImpl (RaftServerImpl.java:setRole(184)) - 07fb1a7b-fe02-4a56-ac24-3020e88d4db0@group-9ED9FEE0098D: changes role from  FOLLOWER to FOLLOWER at term 128 for recognizeCandidate:0f256f10-8056-416e-a2a4-dd085f6c7864
2019-10-17 06:31:18,385 [grpc-default-executor-1] INFO  impl.RoleInfo (RoleInfo.java:shutdownFollowerState(121)) - 2f64f904-2283-4e96-b4e2-6c9018f13084: shutdown FollowerState
2019-10-17 06:31:18,385 [grpc-default-executor-6] INFO  impl.RoleInfo (RoleInfo.java:shutdownFollowerState(121)) - 07fb1a7b-fe02-4a56-ac24-3020e88d4db0: shutdown FollowerState
2019-10-17 06:31:18,385 [Thread-2217] INFO  impl.FollowerState (FollowerState.java:run(117)) - 2f64f904-2283-4e96-b4e2-6c9018f13084@group-9ED9FEE0098D-FollowerState was interrupted: java.lang.InterruptedException: sleep interrupted
2019-10-17 06:31:18,385 [grpc-default-executor-1] INFO  impl.RoleInfo (RoleInfo.java:updateAndGet(143)) - 2f64f904-2283-4e96-b4e2-6c9018f13084: start FollowerState
2019-10-17 06:31:18,385 [Thread-2216] INFO  impl.FollowerState (FollowerState.java:run(117)) - 07fb1a7b-fe02-4a56-ac24-3020e88d4db0@group-9ED9FEE0098D-FollowerState was interrupted: java.lang.InterruptedException: sleep interrupted
2019-10-17 06:31:18,385 [grpc-default-executor-6] INFO  impl.RoleInfo (RoleInfo.java:updateAndGet(143)) - 07fb1a7b-fe02-4a56-ac24-3020e88d4db0: start FollowerState
2019-10-17 06:31:18,402 [0f256f10-8056-416e-a2a4-dd085f6c7864@group-9ED9FEE0098D-LeaderElection127] INFO  impl.LeaderElection (LeaderElection.java:logAndReturn(56)) - 0f256f10-8056-416e-a2a4-dd085f6c7864@group-9ED9FEE0098D-LeaderElection127: Election REJECTED; received 2 response(s) [0f256f10-8056-416e-a2a4-dd085f6c7864<-2f64f904-2283-4e96-b4e2-6c9018f13084#0:FAIL-t128, 0f256f10-8056-416e-a2a4-dd085f6c7864<-07fb1a7b-fe02-4a56-ac24-3020e88d4db0#0:FAIL-t128] and 0 exception(s); 0f256f10-8056-416e-a2a4-dd085f6c7864@group-9ED9FEE0098D:t128, leader=null, voted=0f256f10-8056-416e-a2a4-dd085f6c7864, raftlog=0f256f10-8056-416e-a2a4-dd085f6c7864@group-9ED9FEE0098D-SegmentedRaftLog:OPENED:c-1,f-1,i0, conf=-1: [2f64f904-2283-4e96-b4e2-6c9018f13084:192.168.34.62:40373, 0f256f10-8056-416e-a2a4-dd085f6c7864:192.168.34.62:35674, 07fb1a7b-fe02-4a56-ac24-3020e88d4db0:192.168.34.62:46434], old=null
2019-10-17 06:31:18,402 [0f256f10-8056-416e-a2a4-dd085f6c7864@group-9ED9FEE0098D-LeaderElection127] INFO  impl.RaftServerImpl (RaftServerImpl.java:setRole(184)) - 0f256f10-8056-416e-a2a4-dd085f6c7864@group-9ED9FEE0098D: changes role from CANDIDATE to FOLLOWER at term 128 for DISCOVERED_A_NEW_TERM
2019-10-17 06:31:18,403 [0f256f10-8056-416e-a2a4-dd085f6c7864@group-9ED9FEE0098D-LeaderElection127] INFO  impl.RoleInfo (RoleInfo.java:shutdownLeaderElection(134)) - 0f256f10-8056-416e-a2a4-dd085f6c7864: shutdown LeaderElection
2019-10-17 06:31:18,403 [0f256f10-8056-416e-a2a4-dd085f6c7864@group-9ED9FEE0098D-LeaderElection127] INFO  impl.RoleInfo (RoleInfo.java:updateAndGet(143)) - 0f256f10-8056-416e-a2a4-dd085f6c7864: start FollowerState
2019-10-17 06:31:18,409 [Thread-2222] INFO  impl.FollowerState (FollowerState.java:run(108)) - 0f256f10-8056-416e-a2a4-dd085f6c7864@group-9ED9FEE0098D-FollowerState: change to CANDIDATE, lastRpcTime:6ms, electionTimeout:6ms
2019-10-17 06:31:18,409 [Thread-2222] INFO  impl.RoleInfo (RoleInfo.java:shutdownFollowerState(121)) - 0f256f10-8056-416e-a2a4-dd085f6c7864: shutdown FollowerState
2019-10-17 06:31:18,409 [Thread-2222] INFO  impl.RaftServerImpl (RaftServerImpl.java:setRole(184)) - 0f256f10-8056-416e-a2a4-dd085f6c7864@group-9ED9FEE0098D: changes role from  FOLLOWER to CANDIDATE at term 128 for changeToCandidate
2019-10-17 06:31:18,410 [Thread-2222] INFO  impl.RoleInfo (RoleInfo.java:updateAndGet(143)) - 0f256f10-8056-416e-a2a4-dd085f6c7864: start LeaderElection
2019-10-17 06:31:18,419 [0f256f10-8056-416e-a2a4-dd085f6c7864@group-9ED9FEE0098D-LeaderElection128] INFO  impl.LeaderElection (LeaderElection.java:askForVotes(178)) - 0f256f10-8056-416e-a2a4-dd085f6c7864@group-9ED9FEE0098D-LeaderElection128: begin an election at term 129 for -1: [2f64f904-2283-4e96-b4e2-6c9018f13084:192.168.34.62:40373, 0f256f10-8056-416e-a2a4-dd085f6c7864:192.168.34.62:35674, 07fb1a7b-fe02-4a56-ac24-3020e88d4db0:192.168.34.62:46434], old=null
2019-10-17 06:31:18,422 [grpc-default-executor-1] INFO  impl.RaftServerImpl (RaftServerImpl.java:setRole(184)) - 2f64f904-2283-4e96-b4e2-6c9018f13084@group-9ED9FEE0098D: changes role from  FOLLOWER to FOLLOWER at term 129 for recognizeCandidate:0f256f10-8056-416e-a2a4-dd085f6c7864
2019-10-17 06:31:18,422 [grpc-default-executor-6] INFO  impl.RaftServerImpl (RaftServerImpl.java:setRole(184)) - 07fb1a7b-fe02-4a56-ac24-3020e88d4db0@group-9ED9FEE0098D: changes role from  FOLLOWER to FOLLOWER at term 129 for recognizeCandidate:0f256f10-8056-416e-a2a4-dd085f6c7864
2019-10-17 06:31:18,422 [grpc-default-executor-1] INFO  impl.RoleInfo (RoleInfo.java:shutdownFollowerState(121)) - 2f64f904-2283-4e96-b4e2-6c9018f13084: shutdown FollowerState
2019-10-17 06:31:18,422 [grpc-default-executor-6] INFO  impl.RoleInfo (RoleInfo.java:shutdownFollowerState(121)) - 07fb1a7b-fe02-4a56-ac24-3020e88d4db0: shutdown FollowerState
2019-10-17 06:31:18,422 [Thread-2220] INFO  impl.FollowerState (FollowerState.java:run(117)) - 2f64f904-2283-4e96-b4e2-6c9018f13084@group-9ED9FEE0098D-FollowerState was interrupted: java.lang.InterruptedException: sleep interrupted
2019-10-17 06:31:18,422 [grpc-default-executor-1] INFO  impl.RoleInfo (RoleInfo.java:updateAndGet(143)) - 2f64f904-2283-4e96-b4e2-6c9018f13084: start FollowerState
2019-10-17 06:31:18,422 [Thread-2221] INFO  impl.FollowerState (FollowerState.java:run(117)) - 07fb1a7b-fe02-4a56-ac24-3020e88d4db0@group-9ED9FEE0098D-FollowerState was interrupted: java.lang.InterruptedException: sleep interrupted
2019-10-17 06:31:18,422 [grpc-default-executor-6] INFO  impl.RoleInfo (RoleInfo.java:updateAndGet(143)) - 07fb1a7b-fe02-4a56-ac24-3020e88d4db0: start FollowerState
2019-10-17 06:31:18,448 [0f256f10-8056-416e-a2a4-dd085f6c7864@group-9ED9FEE0098D-LeaderElection128] INFO  impl.LeaderElection (LeaderElection.java:logAndReturn(56)) - 0f256f10-8056-416e-a2a4-dd085f6c7864@group-9ED9FEE0098D-LeaderElection128: Election REJECTED; received 2 response(s) [0f256f10-8056-416e-a2a4-dd085f6c7864<-2f64f904-2283-4e96-b4e2-6c9018f13084#0:FAIL-t129, 0f256f10-8056-416e-a2a4-dd085f6c7864<-07fb1a7b-fe02-4a56-ac24-3020e88d4db0#0:FAIL-t129] and 0 exception(s); 0f256f10-8056-416e-a2a4-dd085f6c7864@group-9ED9FEE0098D:t129, leader=null, voted=0f256f10-8056-416e-a2a4-dd085f6c7864, raftlog=0f256f10-8056-416e-a2a4-dd085f6c7864@group-9ED9FEE0098D-SegmentedRaftLog:OPENED:c-1,f-1,i0, conf=-1: [2f64f904-2283-4e96-b4e2-6c9018f13084:192.168.34.62:40373, 0f256f10-8056-416e-a2a4-dd085f6c7864:192.168.34.62:35674, 07fb1a7b-fe02-4a56-ac24-3020e88d4db0:192.168.34.62:46434], old=null
2019-10-17 06:31:18,448 [0f256f10-8056-416e-a2a4-dd085f6c7864@group-9ED9FEE0098D-LeaderElection128] INFO  impl.RaftServerImpl (RaftServerImpl.java:setRole(184)) - 0f256f10-8056-416e-a2a4-dd085f6c7864@group-9ED9FEE0098D: changes role from CANDIDATE to FOLLOWER at term 129 for DISCOVERED_A_NEW_TERM
2019-10-17 06:31:18,448 [0f256f10-8056-416e-a2a4-dd085f6c7864@group-9ED9FEE0098D-LeaderElection128] INFO  impl.RoleInfo (RoleInfo.java:shutdownLeaderElection(134)) - 0f256f10-8056-416e-a2a4-dd085f6c7864: shutdown LeaderElection
2019-10-17 06:31:18,448 [0f256f10-8056-416e-a2a4-dd085f6c7864@group-9ED9FEE0098D-LeaderElection128] INFO  impl.RoleInfo (RoleInfo.java:updateAndGet(143)) - 0f256f10-8056-416e-a2a4-dd085f6c7864: start FollowerState
2019-10-17 06:31:18,639 [Thread-2228] INFO  impl.FollowerState (FollowerState.java:run(108)) - 0f256f10-8056-416e-a2a4-dd085f6c7864@group-9ED9FEE0098D-FollowerState: change to CANDIDATE, lastRpcTime:190ms, electionTimeout:190ms
2019-10-17 06:31:18,639 [Thread-2228] INFO  impl.RoleInfo (RoleInfo.java:shutdownFollowerState(121)) - 0f256f10-8056-416e-a2a4-dd085f6c7864: shutdown FollowerState
2019-10-17 06:31:18,639 [Thread-2228] INFO  impl.RaftServerImpl (RaftServerImpl.java:setRole(184)) - 0f256f10-8056-416e-a2a4-dd085f6c7864@group-9ED9FEE0098D: changes role from  FOLLOWER to CANDIDATE at term 129 for changeToCandidate
2019-10-17 06:31:18,639 [Thread-2228] INFO  impl.RoleInfo (RoleInfo.java:updateAndGet(143)) - 0f256f10-8056-416e-a2a4-dd085f6c7864: start LeaderElection
2019-10-17 06:31:18,643 [Thread-1202] INFO  ozone.MiniOzoneClusterImpl (MiniOzoneClusterImpl.java:lambda$waitForClusterToBeReady$2(164)) - Waiting for 1 number of pipelines out of 4, to report a leader.
2019-10-17 06:31:18,649 [0f256f10-8056-416e-a2a4-dd085f6c7864@group-9ED9FEE0098D-LeaderElection129] INFO  impl.LeaderElection (LeaderElection.java:askForVotes(178)) - 0f256f10-8056-416e-a2a4-dd085f6c7864@group-9ED9FEE0098D-LeaderElection129: begin an election at term 130 for -1: [2f64f904-2283-4e96-b4e2-6c9018f13084:192.168.34.62:40373, 0f256f10-8056-416e-a2a4-dd085f6c7864:192.168.34.62:35674, 07fb1a7b-fe02-4a56-ac24-3020e88d4db0:192.168.34.62:46434], old=null
2019-10-17 06:31:18,651 [grpc-default-executor-1] INFO  impl.RaftServerImpl (RaftServerImpl.java:setRole(184)) - 2f64f904-2283-4e96-b4e2-6c9018f13084@group-9ED9FEE0098D: changes role from  FOLLOWER to FOLLOWER at term 130 for recognizeCandidate:0f256f10-8056-416e-a2a4-dd085f6c7864
2019-10-17 06:31:18,651 [grpc-default-executor-6] INFO  impl.RaftServerImpl (RaftServerImpl.java:setRole(184)) - 07fb1a7b-fe02-4a56-ac24-3020e88d4db0@group-9ED9FEE0098D: changes role from  FOLLOWER to FOLLOWER at term 130 for recognizeCandidate:0f256f10-8056-416e-a2a4-dd085f6c7864
2019-10-17 06:31:18,651 [grpc-default-executor-1] INFO  impl.RoleInfo (RoleInfo.java:shutdownFollowerState(121)) - 2f64f904-2283-4e96-b4e2-6c9018f13084: shutdown FollowerState
2019-10-17 06:31:18,651 [grpc-default-executor-6] INFO  impl.RoleInfo (RoleInfo.java:shutdownFollowerState(121)) - 07fb1a7b-fe02-4a56-ac24-3020e88d4db0: shutdown FollowerState
2019-10-17 06:31:18,651 [Thread-2226] INFO  impl.FollowerState (FollowerState.java:run(117)) - 2f64f904-2283-4e96-b4e2-6c9018f13084@group-9ED9FEE0098D-FollowerState was interrupted: java.lang.InterruptedException: sleep interrupted
2019-10-17 06:31:18,651 [Thread-2227] INFO  impl.FollowerState (FollowerState.java:run(117)) - 07fb1a7b-fe02-4a56-ac24-3020e88d4db0@group-9ED9FEE0098D-FollowerState was interrupted: java.lang.InterruptedException: sleep interrupted
2019-10-17 06:31:18,651 [grpc-default-executor-1] INFO  impl.RoleInfo (RoleInfo.java:updateAndGet(143)) - 2f64f904-2283-4e96-b4e2-6c9018f13084: start FollowerState
2019-10-17 06:31:18,651 [grpc-default-executor-6] INFO  impl.RoleInfo (RoleInfo.java:updateAndGet(143)) - 07fb1a7b-fe02-4a56-ac24-3020e88d4db0: start FollowerState
2019-10-17 06:31:18,667 [0f256f10-8056-416e-a2a4-dd085f6c7864@group-9ED9FEE0098D-LeaderElection129] INFO  impl.LeaderElection (LeaderElection.java:logAndReturn(56)) - 0f256f10-8056-416e-a2a4-dd085f6c7864@group-9ED9FEE0098D-LeaderElection129: Election REJECTED; received 2 response(s) [0f256f10-8056-416e-a2a4-dd085f6c7864<-2f64f904-2283-4e96-b4e2-6c9018f13084#0:FAIL-t130, 0f256f10-8056-416e-a2a4-dd085f6c7864<-07fb1a7b-fe02-4a56-ac24-3020e88d4db0#0:FAIL-t130] and 0 exception(s); 0f256f10-8056-416e-a2a4-dd085f6c7864@group-9ED9FEE0098D:t130, leader=null, voted=0f256f10-8056-416e-a2a4-dd085f6c7864, raftlog=0f256f10-8056-416e-a2a4-dd085f6c7864@group-9ED9FEE0098D-SegmentedRaftLog:OPENED:c-1,f-1,i0, conf=-1: [2f64f904-2283-4e96-b4e2-6c9018f13084:192.168.34.62:40373, 0f256f10-8056-416e-a2a4-dd085f6c7864:192.168.34.62:35674, 07fb1a7b-fe02-4a56-ac24-3020e88d4db0:192.168.34.62:46434], old=null
2019-10-17 06:31:18,667 [0f256f10-8056-416e-a2a4-dd085f6c7864@group-9ED9FEE0098D-LeaderElection129] INFO  impl.RaftServerImpl (RaftServerImpl.java:setRole(184)) - 0f256f10-8056-416e-a2a4-dd085f6c7864@group-9ED9FEE0098D: changes role from CANDIDATE to FOLLOWER at term 130 for DISCOVERED_A_NEW_TERM
2019-10-17 06:31:18,667 [0f256f10-8056-416e-a2a4-dd085f6c7864@group-9ED9FEE0098D-LeaderElection129] INFO  impl.RoleInfo (RoleInfo.java:shutdownLeaderElection(134)) - 0f256f10-8056-416e-a2a4-dd085f6c7864: shutdown LeaderElection
2019-10-17 06:31:18,667 [0f256f10-8056-416e-a2a4-dd085f6c7864@group-9ED9FEE0098D-LeaderElection129] INFO  impl.RoleInfo (RoleInfo.java:updateAndGet(143)) - 0f256f10-8056-416e-a2a4-dd085f6c7864: start FollowerState
2019-10-17 06:31:18,708 [Thread-2234] INFO  impl.FollowerState (FollowerState.java:run(108)) - 0f256f10-8056-416e-a2a4-dd085f6c7864@group-9ED9FEE0098D-FollowerState: change to CANDIDATE, lastRpcTime:40ms, electionTimeout:40ms
2019-10-17 06:31:18,708 [Thread-2234] INFO  impl.RoleInfo (RoleInfo.java:shutdownFollowerState(121)) - 0f256f10-8056-416e-a2a4-dd085f6c7864: shutdown FollowerState
2019-10-17 06:31:18,708 [Thread-2234] INFO  impl.RaftServerImpl (RaftServerImpl.java:setRole(184)) - 0f256f10-8056-416e-a2a4-dd085f6c7864@group-9ED9FEE0098D: changes role from  FOLLOWER to CANDIDATE at term 130 for changeToCandidate
2019-10-17 06:31:18,708 [Thread-2234] INFO  impl.RoleInfo (RoleInfo.java:updateAndGet(143)) - 0f256f10-8056-416e-a2a4-dd085f6c7864: start LeaderElection
2019-10-17 06:31:18,723 [0f256f10-8056-416e-a2a4-dd085f6c7864@group-9ED9FEE0098D-LeaderElection130] INFO  impl.LeaderElection (LeaderElection.java:askForVotes(178)) - 0f256f10-8056-416e-a2a4-dd085f6c7864@group-9ED9FEE0098D-LeaderElection130: begin an election at term 131 for -1: [2f64f904-2283-4e96-b4e2-6c9018f13084:192.168.34.62:40373, 0f256f10-8056-416e-a2a4-dd085f6c7864:192.168.34.62:35674, 07fb1a7b-fe02-4a56-ac24-3020e88d4db0:192.168.34.62:46434], old=null
2019-10-17 06:31:18,725 [0f256f10-8056-416e-a2a4-dd085f6c7864@group-9ED9FEE0098D-LeaderElection130] INFO  impl.LeaderElection (LeaderElection.java:logAndReturn(56)) - 0f256f10-8056-416e-a2a4-dd085f6c7864@group-9ED9FEE0098D-LeaderElection130: Election TIMEOUT; received 0 response(s) [] and 0 exception(s); 0f256f10-8056-416e-a2a4-dd085f6c7864@group-9ED9FEE0098D:t131, leader=null, voted=0f256f10-8056-416e-a2a4-dd085f6c7864, raftlog=0f256f10-8056-416e-a2a4-dd085f6c7864@group-9ED9FEE0098D-SegmentedRaftLog:OPENED:c-1,f-1,i0, conf=-1: [2f64f904-2283-4e96-b4e2-6c9018f13084:192.168.34.62:40373, 0f256f10-8056-416e-a2a4-dd085f6c7864:192.168.34.62:35674, 07fb1a7b-fe02-4a56-ac24-3020e88d4db0:192.168.34.62:46434], old=null
2019-10-17 06:31:18,725 [grpc-default-executor-6] INFO  impl.RaftServerImpl (RaftServerImpl.java:setRole(184)) - 07fb1a7b-fe02-4a56-ac24-3020e88d4db0@group-9ED9FEE0098D: changes role from  FOLLOWER to FOLLOWER at term 131 for recognizeCandidate:0f256f10-8056-416e-a2a4-dd085f6c7864
2019-10-17 06:31:18,725 [grpc-default-executor-1] INFO  impl.RaftServerImpl (RaftServerImpl.java:setRole(184)) - 2f64f904-2283-4e96-b4e2-6c9018f13084@group-9ED9FEE0098D: changes role from  FOLLOWER to FOLLOWER at term 131 for recognizeCandidate:0f256f10-8056-416e-a2a4-dd085f6c7864
2019-10-17 06:31:18,726 [grpc-default-executor-6] INFO  impl.RoleInfo (RoleInfo.java:shutdownFollowerState(121)) - 07fb1a7b-fe02-4a56-ac24-3020e88d4db0: shutdown FollowerState
2019-10-17 06:31:18,726 [grpc-default-executor-1] INFO  impl.RoleInfo (RoleInfo.java:shutdownFollowerState(121)) - 2f64f904-2283-4e96-b4e2-6c9018f13084: shutdown FollowerState
2019-10-17 06:31:18,726 [Thread-2233] INFO  impl.FollowerState (FollowerState.java:run(117)) - 07fb1a7b-fe02-4a56-ac24-3020e88d4db0@group-9ED9FEE0098D-FollowerState was interrupted: java.lang.InterruptedException: sleep interrupted
2019-10-17 06:31:18,726 [grpc-default-executor-6] INFO  impl.RoleInfo (RoleInfo.java:updateAndGet(143)) - 07fb1a7b-fe02-4a56-ac24-3020e88d4db0: start FollowerState
2019-10-17 06:31:18,726 [Thread-2232] INFO  impl.FollowerState (FollowerState.java:run(117)) - 2f64f904-2283-4e96-b4e2-6c9018f13084@group-9ED9FEE0098D-FollowerState was interrupted: java.lang.InterruptedException: sleep interrupted
2019-10-17 06:31:18,726 [grpc-default-executor-1] INFO  impl.RoleInfo (RoleInfo.java:updateAndGet(143)) - 2f64f904-2283-4e96-b4e2-6c9018f13084: start FollowerState
2019-10-17 06:31:18,742 [0f256f10-8056-416e-a2a4-dd085f6c7864@group-9ED9FEE0098D-LeaderElection130] INFO  impl.LeaderElection (LeaderElection.java:askForVotes(178)) - 0f256f10-8056-416e-a2a4-dd085f6c7864@group-9ED9FEE0098D-LeaderElection130: begin an election at term 132 for -1: [2f64f904-2283-4e96-b4e2-6c9018f13084:192.168.34.62:40373, 0f256f10-8056-416e-a2a4-dd085f6c7864:192.168.34.62:35674, 07fb1a7b-fe02-4a56-ac24-3020e88d4db0:192.168.34.62:46434], old=null
2019-10-17 06:31:18,744 [grpc-default-executor-1] INFO  impl.RaftServerImpl (RaftServerImpl.java:setRole(184)) - 2f64f904-2283-4e96-b4e2-6c9018f13084@group-9ED9FEE0098D: changes role from  FOLLOWER to FOLLOWER at term 132 for recognizeCandidate:0f256f10-8056-416e-a2a4-dd085f6c7864
2019-10-17 06:31:18,744 [grpc-default-executor-6] INFO  impl.RaftServerImpl (RaftServerImpl.java:setRole(184)) - 07fb1a7b-fe02-4a56-ac24-3020e88d4db0@group-9ED9FEE0098D: changes role from  FOLLOWER to FOLLOWER at term 132 for recognizeCandidate:0f256f10-8056-416e-a2a4-dd085f6c7864
2019-10-17 06:31:18,745 [grpc-default-executor-1] INFO  impl.RoleInfo (RoleInfo.java:shutdownFollowerState(121)) - 2f64f904-2283-4e96-b4e2-6c9018f13084: shutdown FollowerState
2019-10-17 06:31:18,745 [grpc-default-executor-6] INFO  impl.RoleInfo (RoleInfo.java:shutdownFollowerState(121)) - 07fb1a7b-fe02-4a56-ac24-3020e88d4db0: shutdown FollowerState
2019-10-17 06:31:18,745 [grpc-default-executor-1] INFO  impl.RoleInfo (RoleInfo.java:updateAndGet(143)) - 2f64f904-2283-4e96-b4e2-6c9018f13084: start FollowerState
2019-10-17 06:31:18,745 [Thread-2239] INFO  impl.FollowerState (FollowerState.java:run(117)) - 2f64f904-2283-4e96-b4e2-6c9018f13084@group-9ED9FEE0098D-FollowerState was interrupted: java.lang.InterruptedException: sleep interrupted
2019-10-17 06:31:18,745 [grpc-default-executor-6] INFO  impl.RoleInfo (RoleInfo.java:updateAndGet(143)) - 07fb1a7b-fe02-4a56-ac24-3020e88d4db0: start FollowerState
2019-10-17 06:31:18,745 [Thread-2238] INFO  impl.FollowerState (FollowerState.java:run(117)) - 07fb1a7b-fe02-4a56-ac24-3020e88d4db0@group-9ED9FEE0098D-FollowerState was interrupted: java.lang.InterruptedException: sleep interrupted
2019-10-17 06:31:18,749 [0f256f10-8056-416e-a2a4-dd085f6c7864@group-9ED9FEE0098D-LeaderElection130] INFO  impl.LeaderElection (LeaderElection.java:logAndReturn(56)) - 0f256f10-8056-416e-a2a4-dd085f6c7864@group-9ED9FEE0098D-LeaderElection130: Election TIMEOUT; received 0 response(s) [] and 0 exception(s); 0f256f10-8056-416e-a2a4-dd085f6c7864@group-9ED9FEE0098D:t132, leader=null, voted=0f256f10-8056-416e-a2a4-dd085f6c7864, raftlog=0f256f10-8056-416e-a2a4-dd085f6c7864@group-9ED9FEE0098D-SegmentedRaftLog:OPENED:c-1,f-1,i0, conf=-1: [2f64f904-2283-4e96-b4e2-6c9018f13084:192.168.34.62:40373, 0f256f10-8056-416e-a2a4-dd085f6c7864:192.168.34.62:35674, 07fb1a7b-fe02-4a56-ac24-3020e88d4db0:192.168.34.62:46434], old=null
2019-10-17 06:31:18,769 [0f256f10-8056-416e-a2a4-dd085f6c7864@group-9ED9FEE0098D-LeaderElection130] INFO  impl.LeaderElection (LeaderElection.java:askForVotes(178)) - 0f256f10-8056-416e-a2a4-dd085f6c7864@group-9ED9FEE0098D-LeaderElection130: begin an election at term 133 for -1: [2f64f904-2283-4e96-b4e2-6c9018f13084:192.168.34.62:40373, 0f256f10-8056-416e-a2a4-dd085f6c7864:192.168.34.62:35674, 07fb1a7b-fe02-4a56-ac24-3020e88d4db0:192.168.34.62:46434], old=null
2019-10-17 06:31:18,771 [grpc-default-executor-6] INFO  impl.RaftServerImpl (RaftServerImpl.java:setRole(184)) - 2f64f904-2283-4e96-b4e2-6c9018f13084@group-9ED9FEE0098D: changes role from  FOLLOWER to FOLLOWER at term 133 for recognizeCandidate:0f256f10-8056-416e-a2a4-dd085f6c7864
2019-10-17 06:31:18,771 [grpc-default-executor-6] INFO  impl.RoleInfo (RoleInfo.java:shutdownFollowerState(121)) - 2f64f904-2283-4e96-b4e2-6c9018f13084: shutdown FollowerState
2019-10-17 06:31:18,771 [Thread-2242] INFO  impl.FollowerState (FollowerState.java:run(117)) - 2f64f904-2283-4e96-b4e2-6c9018f13084@group-9ED9FEE0098D-FollowerState was interrupted: java.lang.InterruptedException: sleep interrupted
2019-10-17 06:31:18,771 [grpc-default-executor-6] INFO  impl.RoleInfo (RoleInfo.java:updateAndGet(143)) - 2f64f904-2283-4e96-b4e2-6c9018f13084: start FollowerState
2019-10-17 06:31:18,772 [grpc-default-executor-1] INFO  impl.RaftServerImpl (RaftServerImpl.java:setRole(184)) - 07fb1a7b-fe02-4a56-ac24-3020e88d4db0@group-9ED9FEE0098D: changes role from  FOLLOWER to FOLLOWER at term 133 for recognizeCandidate:0f256f10-8056-416e-a2a4-dd085f6c7864
2019-10-17 06:31:18,772 [grpc-default-executor-1] INFO  impl.RoleInfo (RoleInfo.java:shutdownFollowerState(121)) - 07fb1a7b-fe02-4a56-ac24-3020e88d4db0: shutdown FollowerState
2019-10-17 06:31:18,772 [grpc-default-executor-1] INFO  impl.RoleInfo (RoleInfo.java:updateAndGet(143)) - 07fb1a7b-fe02-4a56-ac24-3020e88d4db0: start FollowerState
2019-10-17 06:31:18,772 [Thread-2243] INFO  impl.FollowerState (FollowerState.java:run(117)) - 07fb1a7b-fe02-4a56-ac24-3020e88d4db0@group-9ED9FEE0098D-FollowerState was interrupted: java.lang.InterruptedException: sleep interrupted
2019-10-17 06:31:18,791 [0f256f10-8056-416e-a2a4-dd085f6c7864@group-9ED9FEE0098D-LeaderElection130] INFO  impl.LeaderElection (LeaderElection.java:logAndReturn(56)) - 0f256f10-8056-416e-a2a4-dd085f6c7864@group-9ED9FEE0098D-LeaderElection130: Election REJECTED; received 2 response(s) [0f256f10-8056-416e-a2a4-dd085f6c7864<-2f64f904-2283-4e96-b4e2-6c9018f13084#0:FAIL-t133, 0f256f10-8056-416e-a2a4-dd085f6c7864<-07fb1a7b-fe02-4a56-ac24-3020e88d4db0#0:FAIL-t133] and 0 exception(s); 0f256f10-8056-416e-a2a4-dd085f6c7864@group-9ED9FEE0098D:t133, leader=null, voted=0f256f10-8056-416e-a2a4-dd085f6c7864, raftlog=0f256f10-8056-416e-a2a4-dd085f6c7864@group-9ED9FEE0098D-SegmentedRaftLog:OPENED:c-1,f-1,i0, conf=-1: [2f64f904-2283-4e96-b4e2-6c9018f13084:192.168.34.62:40373, 0f256f10-8056-416e-a2a4-dd085f6c7864:192.168.34.62:35674, 07fb1a7b-fe02-4a56-ac24-3020e88d4db0:192.168.34.62:46434], old=null
2019-10-17 06:31:18,791 [0f256f10-8056-416e-a2a4-dd085f6c7864@group-9ED9FEE0098D-LeaderElection130] INFO  impl.RaftServerImpl (RaftServerImpl.java:setRole(184)) - 0f256f10-8056-416e-a2a4-dd085f6c7864@group-9ED9FEE0098D: changes role from CANDIDATE to FOLLOWER at term 133 for DISCOVERED_A_NEW_TERM
2019-10-17 06:31:18,792 [0f256f10-8056-416e-a2a4-dd085f6c7864@group-9ED9FEE0098D-LeaderElection130] INFO  impl.RoleInfo (RoleInfo.java:shutdownLeaderElection(134)) - 0f256f10-8056-416e-a2a4-dd085f6c7864: shutdown LeaderElection
2019-10-17 06:31:18,792 [0f256f10-8056-416e-a2a4-dd085f6c7864@group-9ED9FEE0098D-LeaderElection130] INFO  impl.RoleInfo (RoleInfo.java:updateAndGet(143)) - 0f256f10-8056-416e-a2a4-dd085f6c7864: start FollowerState
2019-10-17 06:31:18,963 [Thread-2248] INFO  impl.FollowerState (FollowerState.java:run(108)) - 0f256f10-8056-416e-a2a4-dd085f6c7864@group-9ED9FEE0098D-FollowerState: change to CANDIDATE, lastRpcTime:171ms, electionTimeout:171ms
2019-10-17 06:31:18,963 [Thread-2248] INFO  impl.RoleInfo (RoleInfo.java:shutdownFollowerState(121)) - 0f256f10-8056-416e-a2a4-dd085f6c7864: shutdown FollowerState
2019-10-17 06:31:18,963 [Thread-2248] INFO  impl.RaftServerImpl (RaftServerImpl.java:setRole(184)) - 0f256f10-8056-416e-a2a4-dd085f6c7864@group-9ED9FEE0098D: changes role from  FOLLOWER to CANDIDATE at term 133 for changeToCandidate
2019-10-17 06:31:18,964 [Thread-2248] INFO  impl.RoleInfo (RoleInfo.java:updateAndGet(143)) - 0f256f10-8056-416e-a2a4-dd085f6c7864: start LeaderElection
2019-10-17 06:31:18,984 [0f256f10-8056-416e-a2a4-dd085f6c7864@group-9ED9FEE0098D-LeaderElection131] INFO  impl.LeaderElection (LeaderElection.java:askForVotes(178)) - 0f256f10-8056-416e-a2a4-dd085f6c7864@group-9ED9FEE0098D-LeaderElection131: begin an election at term 134 for -1: [2f64f904-2283-4e96-b4e2-6c9018f13084:192.168.34.62:40373, 0f256f10-8056-416e-a2a4-dd085f6c7864:192.168.34.62:35674, 07fb1a7b-fe02-4a56-ac24-3020e88d4db0:192.168.34.62:46434], old=null
2019-10-17 06:31:18,988 [grpc-default-executor-6] INFO  impl.RaftServerImpl (RaftServerImpl.java:setRole(184)) - 2f64f904-2283-4e96-b4e2-6c9018f13084@group-9ED9FEE0098D: changes role from  FOLLOWER to FOLLOWER at term 134 for recognizeCandidate:0f256f10-8056-416e-a2a4-dd085f6c7864
2019-10-17 06:31:18,988 [grpc-default-executor-6] INFO  impl.RoleInfo (RoleInfo.java:shutdownFollowerState(121)) - 2f64f904-2283-4e96-b4e2-6c9018f13084: shutdown FollowerState
2019-10-17 06:31:18,989 [grpc-default-executor-6] INFO  impl.RoleInfo (RoleInfo.java:updateAndGet(143)) - 2f64f904-2283-4e96-b4e2-6c9018f13084: start FollowerState
2019-10-17 06:31:18,989 [Thread-2246] INFO  impl.FollowerState (FollowerState.java:run(117)) - 2f64f904-2283-4e96-b4e2-6c9018f13084@group-9ED9FEE0098D-FollowerState was interrupted: java.lang.InterruptedException: sleep interrupted
2019-10-17 06:31:18,989 [grpc-default-executor-1] INFO  impl.RaftServerImpl (RaftServerImpl.java:setRole(184)) - 07fb1a7b-fe02-4a56-ac24-3020e88d4db0@group-9ED9FEE0098D: changes role from  FOLLOWER to FOLLOWER at term 134 for recognizeCandidate:0f256f10-8056-416e-a2a4-dd085f6c7864
2019-10-17 06:31:18,989 [grpc-default-executor-1] INFO  impl.RoleInfo (RoleInfo.java:shutdownFollowerState(121)) - 07fb1a7b-fe02-4a56-ac24-3020e88d4db0: shutdown FollowerState
2019-10-17 06:31:18,990 [grpc-default-executor-1] INFO  impl.RoleInfo (RoleInfo.java:updateAndGet(143)) - 07fb1a7b-fe02-4a56-ac24-3020e88d4db0: start FollowerState
2019-10-17 06:31:18,990 [Thread-2247] INFO  impl.FollowerState (FollowerState.java:run(117)) - 07fb1a7b-fe02-4a56-ac24-3020e88d4db0@group-9ED9FEE0098D-FollowerState was interrupted: java.lang.InterruptedException: sleep interrupted
2019-10-17 06:31:19,010 [0f256f10-8056-416e-a2a4-dd085f6c7864@group-9ED9FEE0098D-LeaderElection131] INFO  impl.LeaderElection (LeaderElection.java:logAndReturn(56)) - 0f256f10-8056-416e-a2a4-dd085f6c7864@group-9ED9FEE0098D-LeaderElection131: Election REJECTED; received 2 response(s) [0f256f10-8056-416e-a2a4-dd085f6c7864<-2f64f904-2283-4e96-b4e2-6c9018f13084#0:FAIL-t134, 0f256f10-8056-416e-a2a4-dd085f6c7864<-07fb1a7b-fe02-4a56-ac24-3020e88d4db0#0:FAIL-t134] and 0 exception(s); 0f256f10-8056-416e-a2a4-dd085f6c7864@group-9ED9FEE0098D:t134, leader=null, voted=0f256f10-8056-416e-a2a4-dd085f6c7864, raftlog=0f256f10-8056-416e-a2a4-dd085f6c7864@group-9ED9FEE0098D-SegmentedRaftLog:OPENED:c-1,f-1,i0, conf=-1: [2f64f904-2283-4e96-b4e2-6c9018f13084:192.168.34.62:40373, 0f256f10-8056-416e-a2a4-dd085f6c7864:192.168.34.62:35674, 07fb1a7b-fe02-4a56-ac24-3020e88d4db0:192.168.34.62:46434], old=null
2019-10-17 06:31:19,010 [0f256f10-8056-416e-a2a4-dd085f6c7864@group-9ED9FEE0098D-LeaderElection131] INFO  impl.RaftServerImpl (RaftServerImpl.java:setRole(184)) - 0f256f10-8056-416e-a2a4-dd085f6c7864@group-9ED9FEE0098D: changes role from CANDIDATE to FOLLOWER at term 134 for DISCOVERED_A_NEW_TERM
2019-10-17 06:31:19,010 [0f256f10-8056-416e-a2a4-dd085f6c7864@group-9ED9FEE0098D-LeaderElection131] INFO  impl.RoleInfo (RoleInfo.java:shutdownLeaderElection(134)) - 0f256f10-8056-416e-a2a4-dd085f6c7864: shutdown LeaderElection
2019-10-17 06:31:19,010 [0f256f10-8056-416e-a2a4-dd085f6c7864@group-9ED9FEE0098D-LeaderElection131] INFO  impl.RoleInfo (RoleInfo.java:updateAndGet(143)) - 0f256f10-8056-416e-a2a4-dd085f6c7864: start FollowerState
2019-10-17 06:31:19,139 [Thread-2254] INFO  impl.FollowerState (FollowerState.java:run(108)) - 0f256f10-8056-416e-a2a4-dd085f6c7864@group-9ED9FEE0098D-FollowerState: change to CANDIDATE, lastRpcTime:129ms, electionTimeout:129ms
2019-10-17 06:31:19,140 [Thread-2254] INFO  impl.RoleInfo (RoleInfo.java:shutdownFollowerState(121)) - 0f256f10-8056-416e-a2a4-dd085f6c7864: shutdown FollowerState
2019-10-17 06:31:19,140 [Thread-2254] INFO  impl.RaftServerImpl (RaftServerImpl.java:setRole(184)) - 0f256f10-8056-416e-a2a4-dd085f6c7864@group-9ED9FEE0098D: changes role from  FOLLOWER to CANDIDATE at term 134 for changeToCandidate
2019-10-17 06:31:19,140 [Thread-2254] INFO  impl.RoleInfo (RoleInfo.java:updateAndGet(143)) - 0f256f10-8056-416e-a2a4-dd085f6c7864: start LeaderElection
2019-10-17 06:31:19,160 [0f256f10-8056-416e-a2a4-dd085f6c7864@group-9ED9FEE0098D-LeaderElection132] INFO  impl.LeaderElection (LeaderElection.java:askForVotes(178)) - 0f256f10-8056-416e-a2a4-dd085f6c7864@group-9ED9FEE0098D-LeaderElection132: begin an election at term 135 for -1: [2f64f904-2283-4e96-b4e2-6c9018f13084:192.168.34.62:40373, 0f256f10-8056-416e-a2a4-dd085f6c7864:192.168.34.62:35674, 07fb1a7b-fe02-4a56-ac24-3020e88d4db0:192.168.34.62:46434], old=null
2019-10-17 06:31:19,163 [grpc-default-executor-6] INFO  impl.RaftServerImpl (RaftServerImpl.java:setRole(184)) - 07fb1a7b-fe02-4a56-ac24-3020e88d4db0@group-9ED9FEE0098D: changes role from  FOLLOWER to FOLLOWER at term 135 for recognizeCandidate:0f256f10-8056-416e-a2a4-dd085f6c7864
2019-10-17 06:31:19,163 [grpc-default-executor-1] INFO  impl.RaftServerImpl (RaftServerImpl.java:setRole(184)) - 2f64f904-2283-4e96-b4e2-6c9018f13084@group-9ED9FEE0098D: changes role from  FOLLOWER to FOLLOWER at term 135 for recognizeCandidate:0f256f10-8056-416e-a2a4-dd085f6c7864
2019-10-17 06:31:19,163 [grpc-default-executor-6] INFO  impl.RoleInfo (RoleInfo.java:shutdownFollowerState(121)) - 07fb1a7b-fe02-4a56-ac24-3020e88d4db0: shutdown FollowerState
2019-10-17 06:31:19,164 [grpc-default-executor-1] INFO  impl.RoleInfo (RoleInfo.java:shutdownFollowerState(121)) - 2f64f904-2283-4e96-b4e2-6c9018f13084: shutdown FollowerState
2019-10-17 06:31:19,164 [Thread-2253] INFO  impl.FollowerState (FollowerState.java:run(117)) - 07fb1a7b-fe02-4a56-ac24-3020e88d4db0@group-9ED9FEE0098D-FollowerState was interrupted: java.lang.InterruptedException: sleep interrupted
2019-10-17 06:31:19,164 [grpc-default-executor-6] INFO  impl.RoleInfo (RoleInfo.java:updateAndGet(143)) - 07fb1a7b-fe02-4a56-ac24-3020e88d4db0: start FollowerState
2019-10-17 06:31:19,164 [Thread-2252] INFO  impl.FollowerState (FollowerState.java:run(117)) - 2f64f904-2283-4e96-b4e2-6c9018f13084@group-9ED9FEE0098D-FollowerState was interrupted: java.lang.InterruptedException: sleep interrupted
2019-10-17 06:31:19,164 [grpc-default-executor-1] INFO  impl.RoleInfo (RoleInfo.java:updateAndGet(143)) - 2f64f904-2283-4e96-b4e2-6c9018f13084: start FollowerState
2019-10-17 06:31:19,179 [0f256f10-8056-416e-a2a4-dd085f6c7864@group-9ED9FEE0098D-LeaderElection132] INFO  impl.LeaderElection (LeaderElection.java:logAndReturn(56)) - 0f256f10-8056-416e-a2a4-dd085f6c7864@group-9ED9FEE0098D-LeaderElection132: Election REJECTED; received 2 response(s) [0f256f10-8056-416e-a2a4-dd085f6c7864<-2f64f904-2283-4e96-b4e2-6c9018f13084#0:FAIL-t135, 0f256f10-8056-416e-a2a4-dd085f6c7864<-07fb1a7b-fe02-4a56-ac24-3020e88d4db0#0:FAIL-t135] and 0 exception(s); 0f256f10-8056-416e-a2a4-dd085f6c7864@group-9ED9FEE0098D:t135, leader=null, voted=0f256f10-8056-416e-a2a4-dd085f6c7864, raftlog=0f256f10-8056-416e-a2a4-dd085f6c7864@group-9ED9FEE0098D-SegmentedRaftLog:OPENED:c-1,f-1,i0, conf=-1: [2f64f904-2283-4e96-b4e2-6c9018f13084:192.168.34.62:40373, 0f256f10-8056-416e-a2a4-dd085f6c7864:192.168.34.62:35674, 07fb1a7b-fe02-4a56-ac24-3020e88d4db0:192.168.34.62:46434], old=null
2019-10-17 06:31:19,179 [0f256f10-8056-416e-a2a4-dd085f6c7864@group-9ED9FEE0098D-LeaderElection132] INFO  impl.RaftServerImpl (RaftServerImpl.java:setRole(184)) - 0f256f10-8056-416e-a2a4-dd085f6c7864@group-9ED9FEE0098D: changes role from CANDIDATE to FOLLOWER at term 135 for DISCOVERED_A_NEW_TERM
2019-10-17 06:31:19,180 [0f256f10-8056-416e-a2a4-dd085f6c7864@group-9ED9FEE0098D-LeaderElection132] INFO  impl.RoleInfo (RoleInfo.java:shutdownLeaderElection(134)) - 0f256f10-8056-416e-a2a4-dd085f6c7864: shutdown LeaderElection
2019-10-17 06:31:19,180 [0f256f10-8056-416e-a2a4-dd085f6c7864@group-9ED9FEE0098D-LeaderElection132] INFO  impl.RoleInfo (RoleInfo.java:updateAndGet(143)) - 0f256f10-8056-416e-a2a4-dd085f6c7864: start FollowerState
2019-10-17 06:31:19,311 [Thread-2260] INFO  impl.FollowerState (FollowerState.java:run(108)) - 0f256f10-8056-416e-a2a4-dd085f6c7864@group-9ED9FEE0098D-FollowerState: change to CANDIDATE, lastRpcTime:131ms, electionTimeout:131ms
2019-10-17 06:31:19,311 [Thread-2260] INFO  impl.RoleInfo (RoleInfo.java:shutdownFollowerState(121)) - 0f256f10-8056-416e-a2a4-dd085f6c7864: shutdown FollowerState
2019-10-17 06:31:19,311 [Thread-2260] INFO  impl.RaftServerImpl (RaftServerImpl.java:setRole(184)) - 0f256f10-8056-416e-a2a4-dd085f6c7864@group-9ED9FEE0098D: changes role from  FOLLOWER to CANDIDATE at term 135 for changeToCandidate
2019-10-17 06:31:19,311 [Thread-2260] INFO  impl.RoleInfo (RoleInfo.java:updateAndGet(143)) - 0f256f10-8056-416e-a2a4-dd085f6c7864: start LeaderElection
2019-10-17 06:31:19,329 [0f256f10-8056-416e-a2a4-dd085f6c7864@group-9ED9FEE0098D-LeaderElection133] INFO  impl.LeaderElection (LeaderElection.java:askForVotes(178)) - 0f256f10-8056-416e-a2a4-dd085f6c7864@group-9ED9FEE0098D-LeaderElection133: begin an election at term 136 for -1: [2f64f904-2283-4e96-b4e2-6c9018f13084:192.168.34.62:40373, 0f256f10-8056-416e-a2a4-dd085f6c7864:192.168.34.62:35674, 07fb1a7b-fe02-4a56-ac24-3020e88d4db0:192.168.34.62:46434], old=null
2019-10-17 06:31:19,331 [grpc-default-executor-1] INFO  impl.RaftServerImpl (RaftServerImpl.java:setRole(184)) - 2f64f904-2283-4e96-b4e2-6c9018f13084@group-9ED9FEE0098D: changes role from  FOLLOWER to FOLLOWER at term 136 for recognizeCandidate:0f256f10-8056-416e-a2a4-dd085f6c7864
2019-10-17 06:31:19,331 [grpc-default-executor-6] INFO  impl.RaftServerImpl (RaftServerImpl.java:setRole(184)) - 07fb1a7b-fe02-4a56-ac24-3020e88d4db0@group-9ED9FEE0098D: changes role from  FOLLOWER to FOLLOWER at term 136 for recognizeCandidate:0f256f10-8056-416e-a2a4-dd085f6c7864
2019-10-17 06:31:19,332 [grpc-default-executor-1] INFO  impl.RoleInfo (RoleInfo.java:shutdownFollowerState(121)) - 2f64f904-2283-4e96-b4e2-6c9018f13084: shutdown FollowerState
2019-10-17 06:31:19,332 [grpc-default-executor-6] INFO  impl.RoleInfo (RoleInfo.java:shutdownFollowerState(121)) - 07fb1a7b-fe02-4a56-ac24-3020e88d4db0: shutdown FollowerState
2019-10-17 06:31:19,332 [Thread-2259] INFO  impl.FollowerState (FollowerState.java:run(117)) - 2f64f904-2283-4e96-b4e2-6c9018f13084@group-9ED9FEE0098D-FollowerState was interrupted: java.lang.InterruptedException: sleep interrupted
2019-10-17 06:31:19,332 [grpc-default-executor-1] INFO  impl.RoleInfo (RoleInfo.java:updateAndGet(143)) - 2f64f904-2283-4e96-b4e2-6c9018f13084: start FollowerState
2019-10-17 06:31:19,332 [Thread-2258] INFO  impl.FollowerState (FollowerState.java:run(117)) - 07fb1a7b-fe02-4a56-ac24-3020e88d4db0@group-9ED9FEE0098D-FollowerState was interrupted: java.lang.InterruptedException: sleep interrupted
2019-10-17 06:31:19,332 [grpc-default-executor-6] INFO  impl.RoleInfo (RoleInfo.java:updateAndGet(143)) - 07fb1a7b-fe02-4a56-ac24-3020e88d4db0: start FollowerState
2019-10-17 06:31:19,343 [0f256f10-8056-416e-a2a4-dd085f6c7864@group-9ED9FEE0098D-LeaderElection133] INFO  impl.LeaderElection (LeaderElection.java:logAndReturn(56)) - 0f256f10-8056-416e-a2a4-dd085f6c7864@group-9ED9FEE0098D-LeaderElection133: Election REJECTED; received 2 response(s) [0f256f10-8056-416e-a2a4-dd085f6c7864<-2f64f904-2283-4e96-b4e2-6c9018f13084#0:FAIL-t136, 0f256f10-8056-416e-a2a4-dd085f6c7864<-07fb1a7b-fe02-4a56-ac24-3020e88d4db0#0:FAIL-t136] and 0 exception(s); 0f256f10-8056-416e-a2a4-dd085f6c7864@group-9ED9FEE0098D:t136, leader=null, voted=0f256f10-8056-416e-a2a4-dd085f6c7864, raftlog=0f256f10-8056-416e-a2a4-dd085f6c7864@group-9ED9FEE0098D-SegmentedRaftLog:OPENED:c-1,f-1,i0, conf=-1: [2f64f904-2283-4e96-b4e2-6c9018f13084:192.168.34.62:40373, 0f256f10-8056-416e-a2a4-dd085f6c7864:192.168.34.62:35674, 07fb1a7b-fe02-4a56-ac24-3020e88d4db0:192.168.34.62:46434], old=null
2019-10-17 06:31:19,343 [0f256f10-8056-416e-a2a4-dd085f6c7864@group-9ED9FEE0098D-LeaderElection133] INFO  impl.RaftServerImpl (RaftServerImpl.java:setRole(184)) - 0f256f10-8056-416e-a2a4-dd085f6c7864@group-9ED9FEE0098D: changes role from CANDIDATE to FOLLOWER at term 136 for DISCOVERED_A_NEW_TERM
2019-10-17 06:31:19,343 [0f256f10-8056-416e-a2a4-dd085f6c7864@group-9ED9FEE0098D-LeaderElection133] INFO  impl.RoleInfo (RoleInfo.java:shutdownLeaderElection(134)) - 0f256f10-8056-416e-a2a4-dd085f6c7864: shutdown LeaderElection
2019-10-17 06:31:19,343 [0f256f10-8056-416e-a2a4-dd085f6c7864@group-9ED9FEE0098D-LeaderElection133] INFO  impl.RoleInfo (RoleInfo.java:updateAndGet(143)) - 0f256f10-8056-416e-a2a4-dd085f6c7864: start FollowerState
2019-10-17 06:31:19,439 [Thread-2266] INFO  impl.FollowerState (FollowerState.java:run(108)) - 0f256f10-8056-416e-a2a4-dd085f6c7864@group-9ED9FEE0098D-FollowerState: change to CANDIDATE, lastRpcTime:95ms, electionTimeout:95ms
2019-10-17 06:31:19,439 [Thread-2266] INFO  impl.RoleInfo (RoleInfo.java:shutdownFollowerState(121)) - 0f256f10-8056-416e-a2a4-dd085f6c7864: shutdown FollowerState
2019-10-17 06:31:19,439 [Thread-2266] INFO  impl.RaftServerImpl (RaftServerImpl.java:setRole(184)) - 0f256f10-8056-416e-a2a4-dd085f6c7864@group-9ED9FEE0098D: changes role from  FOLLOWER to CANDIDATE at term 136 for changeToCandidate
2019-10-17 06:31:19,439 [Thread-2266] INFO  impl.RoleInfo (RoleInfo.java:updateAndGet(143)) - 0f256f10-8056-416e-a2a4-dd085f6c7864: start LeaderElection
2019-10-17 06:31:19,464 [0f256f10-8056-416e-a2a4-dd085f6c7864@group-9ED9FEE0098D-LeaderElection134] INFO  impl.LeaderElection (LeaderElection.java:askForVotes(178)) - 0f256f10-8056-416e-a2a4-dd085f6c7864@group-9ED9FEE0098D-LeaderElection134: begin an election at term 137 for -1: [2f64f904-2283-4e96-b4e2-6c9018f13084:192.168.34.62:40373, 0f256f10-8056-416e-a2a4-dd085f6c7864:192.168.34.62:35674, 07fb1a7b-fe02-4a56-ac24-3020e88d4db0:192.168.34.62:46434], old=null
2019-10-17 06:31:19,467 [grpc-default-executor-1] INFO  impl.RaftServerImpl (RaftServerImpl.java:setRole(184)) - 07fb1a7b-fe02-4a56-ac24-3020e88d4db0@group-9ED9FEE0098D: changes role from  FOLLOWER to FOLLOWER at term 137 for recognizeCandidate:0f256f10-8056-416e-a2a4-dd085f6c7864
2019-10-17 06:31:19,467 [grpc-default-executor-6] INFO  impl.RaftServerImpl (RaftServerImpl.java:setRole(184)) - 2f64f904-2283-4e96-b4e2-6c9018f13084@group-9ED9FEE0098D: changes role from  FOLLOWER to FOLLOWER at term 137 for recognizeCandidate:0f256f10-8056-416e-a2a4-dd085f6c7864
2019-10-17 06:31:19,467 [grpc-default-executor-1] INFO  impl.RoleInfo (RoleInfo.java:shutdownFollowerState(121)) - 07fb1a7b-fe02-4a56-ac24-3020e88d4db0: shutdown FollowerState
2019-10-17 06:31:19,467 [grpc-default-executor-6] INFO  impl.RoleInfo (RoleInfo.java:shutdownFollowerState(121)) - 2f64f904-2283-4e96-b4e2-6c9018f13084: shutdown FollowerState
2019-10-17 06:31:19,467 [Thread-2265] INFO  impl.FollowerState (FollowerState.java:run(117)) - 07fb1a7b-fe02-4a56-ac24-3020e88d4db0@group-9ED9FEE0098D-FollowerState was interrupted: java.lang.InterruptedException: sleep interrupted
2019-10-17 06:31:19,467 [grpc-default-executor-1] INFO  impl.RoleInfo (RoleInfo.java:updateAndGet(143)) - 07fb1a7b-fe02-4a56-ac24-3020e88d4db0: start FollowerState
2019-10-17 06:31:19,467 [grpc-default-executor-6] INFO  impl.RoleInfo (RoleInfo.java:updateAndGet(143)) - 2f64f904-2283-4e96-b4e2-6c9018f13084: start FollowerState
2019-10-17 06:31:19,467 [Thread-2264] INFO  impl.FollowerState (FollowerState.java:run(117)) - 2f64f904-2283-4e96-b4e2-6c9018f13084@group-9ED9FEE0098D-FollowerState was interrupted: java.lang.InterruptedException: sleep interrupted
2019-10-17 06:31:19,493 [0f256f10-8056-416e-a2a4-dd085f6c7864@group-9ED9FEE0098D-LeaderElection134] INFO  impl.LeaderElection (LeaderElection.java:logAndReturn(56)) - 0f256f10-8056-416e-a2a4-dd085f6c7864@group-9ED9FEE0098D-LeaderElection134: Election REJECTED; received 2 response(s) [0f256f10-8056-416e-a2a4-dd085f6c7864<-2f64f904-2283-4e96-b4e2-6c9018f13084#0:FAIL-t137, 0f256f10-8056-416e-a2a4-dd085f6c7864<-07fb1a7b-fe02-4a56-ac24-3020e88d4db0#0:FAIL-t137] and 0 exception(s); 0f256f10-8056-416e-a2a4-dd085f6c7864@group-9ED9FEE0098D:t137, leader=null, voted=0f256f10-8056-416e-a2a4-dd085f6c7864, raftlog=0f256f10-8056-416e-a2a4-dd085f6c7864@group-9ED9FEE0098D-SegmentedRaftLog:OPENED:c-1,f-1,i0, conf=-1: [2f64f904-2283-4e96-b4e2-6c9018f13084:192.168.34.62:40373, 0f256f10-8056-416e-a2a4-dd085f6c7864:192.168.34.62:35674, 07fb1a7b-fe02-4a56-ac24-3020e88d4db0:192.168.34.62:46434], old=null
2019-10-17 06:31:19,493 [0f256f10-8056-416e-a2a4-dd085f6c7864@group-9ED9FEE0098D-LeaderElection134] INFO  impl.RaftServerImpl (RaftServerImpl.java:setRole(184)) - 0f256f10-8056-416e-a2a4-dd085f6c7864@group-9ED9FEE0098D: changes role from CANDIDATE to FOLLOWER at term 137 for DISCOVERED_A_NEW_TERM
2019-10-17 06:31:19,493 [0f256f10-8056-416e-a2a4-dd085f6c7864@group-9ED9FEE0098D-LeaderElection134] INFO  impl.RoleInfo (RoleInfo.java:shutdownLeaderElection(134)) - 0f256f10-8056-416e-a2a4-dd085f6c7864: shutdown LeaderElection
2019-10-17 06:31:19,493 [0f256f10-8056-416e-a2a4-dd085f6c7864@group-9ED9FEE0098D-LeaderElection134] INFO  impl.RoleInfo (RoleInfo.java:updateAndGet(143)) - 0f256f10-8056-416e-a2a4-dd085f6c7864: start FollowerState
2019-10-17 06:31:19,644 [Thread-1202] INFO  ozone.MiniOzoneClusterImpl (MiniOzoneClusterImpl.java:lambda$waitForClusterToBeReady$2(164)) - Waiting for 1 number of pipelines out of 4, to report a leader.
2019-10-17 06:31:19,689 [Thread-2272] INFO  impl.FollowerState (FollowerState.java:run(108)) - 0f256f10-8056-416e-a2a4-dd085f6c7864@group-9ED9FEE0098D-FollowerState: change to CANDIDATE, lastRpcTime:196ms, electionTimeout:196ms
2019-10-17 06:31:19,690 [Thread-2272] INFO  impl.RoleInfo (RoleInfo.java:shutdownFollowerState(121)) - 0f256f10-8056-416e-a2a4-dd085f6c7864: shutdown FollowerState
2019-10-17 06:31:19,690 [Thread-2272] INFO  impl.RaftServerImpl (RaftServerImpl.java:setRole(184)) - 0f256f10-8056-416e-a2a4-dd085f6c7864@group-9ED9FEE0098D: changes role from  FOLLOWER to CANDIDATE at term 137 for changeToCandidate
2019-10-17 06:31:19,690 [Thread-2272] INFO  impl.RoleInfo (RoleInfo.java:updateAndGet(143)) - 0f256f10-8056-416e-a2a4-dd085f6c7864: start LeaderElection
2019-10-17 06:31:19,705 [0f256f10-8056-416e-a2a4-dd085f6c7864@group-9ED9FEE0098D-LeaderElection135] INFO  impl.LeaderElection (LeaderElection.java:askForVotes(178)) - 0f256f10-8056-416e-a2a4-dd085f6c7864@group-9ED9FEE0098D-LeaderElection135: begin an election at term 138 for -1: [2f64f904-2283-4e96-b4e2-6c9018f13084:192.168.34.62:40373, 0f256f10-8056-416e-a2a4-dd085f6c7864:192.168.34.62:35674, 07fb1a7b-fe02-4a56-ac24-3020e88d4db0:192.168.34.62:46434], old=null
2019-10-17 06:31:19,708 [grpc-default-executor-1] INFO  impl.RaftServerImpl (RaftServerImpl.java:setRole(184)) - 07fb1a7b-fe02-4a56-ac24-3020e88d4db0@group-9ED9FEE0098D: changes role from  FOLLOWER to FOLLOWER at term 138 for recognizeCandidate:0f256f10-8056-416e-a2a4-dd085f6c7864
2019-10-17 06:31:19,708 [grpc-default-executor-1] INFO  impl.RoleInfo (RoleInfo.java:shutdownFollowerState(121)) - 07fb1a7b-fe02-4a56-ac24-3020e88d4db0: shutdown FollowerState
2019-10-17 06:31:19,708 [grpc-default-executor-1] INFO  impl.RoleInfo (RoleInfo.java:updateAndGet(143)) - 07fb1a7b-fe02-4a56-ac24-3020e88d4db0: start FollowerState
2019-10-17 06:31:19,709 [grpc-default-executor-6] INFO  impl.RaftServerImpl (RaftServerImpl.java:setRole(184)) - 2f64f904-2283-4e96-b4e2-6c9018f13084@group-9ED9FEE0098D: changes role from  FOLLOWER to FOLLOWER at term 138 for recognizeCandidate:0f256f10-8056-416e-a2a4-dd085f6c7864
2019-10-17 06:31:19,709 [grpc-default-executor-6] INFO  impl.RoleInfo (RoleInfo.java:shutdownFollowerState(121)) - 2f64f904-2283-4e96-b4e2-6c9018f13084: shutdown FollowerState
2019-10-17 06:31:19,708 [Thread-2270] INFO  impl.FollowerState (FollowerState.java:run(117)) - 07fb1a7b-fe02-4a56-ac24-3020e88d4db0@group-9ED9FEE0098D-FollowerState was interrupted: java.lang.InterruptedException: sleep interrupted
2019-10-17 06:31:19,709 [Thread-2271] INFO  impl.FollowerState (FollowerState.java:run(117)) - 2f64f904-2283-4e96-b4e2-6c9018f13084@group-9ED9FEE0098D-FollowerState was interrupted: java.lang.InterruptedException: sleep interrupted
2019-10-17 06:31:19,709 [grpc-default-executor-6] INFO  impl.RoleInfo (RoleInfo.java:updateAndGet(143)) - 2f64f904-2283-4e96-b4e2-6c9018f13084: start FollowerState
2019-10-17 06:31:19,734 [0f256f10-8056-416e-a2a4-dd085f6c7864@group-9ED9FEE0098D-LeaderElection135] INFO  impl.LeaderElection (LeaderElection.java:logAndReturn(56)) - 0f256f10-8056-416e-a2a4-dd085f6c7864@group-9ED9FEE0098D-LeaderElection135: Election REJECTED; received 2 response(s) [0f256f10-8056-416e-a2a4-dd085f6c7864<-2f64f904-2283-4e96-b4e2-6c9018f13084#0:FAIL-t138, 0f256f10-8056-416e-a2a4-dd085f6c7864<-07fb1a7b-fe02-4a56-ac24-3020e88d4db0#0:FAIL-t138] and 0 exception(s); 0f256f10-8056-416e-a2a4-dd085f6c7864@group-9ED9FEE0098D:t138, leader=null, voted=0f256f10-8056-416e-a2a4-dd085f6c7864, raftlog=0f256f10-8056-416e-a2a4-dd085f6c7864@group-9ED9FEE0098D-SegmentedRaftLog:OPENED:c-1,f-1,i0, conf=-1: [2f64f904-2283-4e96-b4e2-6c9018f13084:192.168.34.62:40373, 0f256f10-8056-416e-a2a4-dd085f6c7864:192.168.34.62:35674, 07fb1a7b-fe02-4a56-ac24-3020e88d4db0:192.168.34.62:46434], old=null
2019-10-17 06:31:19,734 [0f256f10-8056-416e-a2a4-dd085f6c7864@group-9ED9FEE0098D-LeaderElection135] INFO  impl.RaftServerImpl (RaftServerImpl.java:setRole(184)) - 0f256f10-8056-416e-a2a4-dd085f6c7864@group-9ED9FEE0098D: changes role from CANDIDATE to FOLLOWER at term 138 for DISCOVERED_A_NEW_TERM
2019-10-17 06:31:19,735 [0f256f10-8056-416e-a2a4-dd085f6c7864@group-9ED9FEE0098D-LeaderElection135] INFO  impl.RoleInfo (RoleInfo.java:shutdownLeaderElection(134)) - 0f256f10-8056-416e-a2a4-dd085f6c7864: shutdown LeaderElection
2019-10-17 06:31:19,735 [0f256f10-8056-416e-a2a4-dd085f6c7864@group-9ED9FEE0098D-LeaderElection135] INFO  impl.RoleInfo (RoleInfo.java:updateAndGet(143)) - 0f256f10-8056-416e-a2a4-dd085f6c7864: start FollowerState
2019-10-17 06:31:19,853 [Thread-2278] INFO  impl.FollowerState (FollowerState.java:run(108)) - 0f256f10-8056-416e-a2a4-dd085f6c7864@group-9ED9FEE0098D-FollowerState: change to CANDIDATE, lastRpcTime:118ms, electionTimeout:118ms
2019-10-17 06:31:19,854 [Thread-2278] INFO  impl.RoleInfo (RoleInfo.java:shutdownFollowerState(121)) - 0f256f10-8056-416e-a2a4-dd085f6c7864: shutdown FollowerState
2019-10-17 06:31:19,854 [Thread-2278] INFO  impl.RaftServerImpl (RaftServerImpl.java:setRole(184)) - 0f256f10-8056-416e-a2a4-dd085f6c7864@group-9ED9FEE0098D: changes role from  FOLLOWER to CANDIDATE at term 138 for changeToCandidate
2019-10-17 06:31:19,854 [Thread-2278] INFO  impl.RoleInfo (RoleInfo.java:updateAndGet(143)) - 0f256f10-8056-416e-a2a4-dd085f6c7864: start LeaderElection
2019-10-17 06:31:19,887 [0f256f10-8056-416e-a2a4-dd085f6c7864@group-9ED9FEE0098D-LeaderElection136] INFO  impl.LeaderElection (LeaderElection.java:askForVotes(178)) - 0f256f10-8056-416e-a2a4-dd085f6c7864@group-9ED9FEE0098D-LeaderElection136: begin an election at term 139 for -1: [2f64f904-2283-4e96-b4e2-6c9018f13084:192.168.34.62:40373, 0f256f10-8056-416e-a2a4-dd085f6c7864:192.168.34.62:35674, 07fb1a7b-fe02-4a56-ac24-3020e88d4db0:192.168.34.62:46434], old=null
2019-10-17 06:31:19,890 [grpc-default-executor-1] INFO  impl.RaftServerImpl (RaftServerImpl.java:setRole(184)) - 2f64f904-2283-4e96-b4e2-6c9018f13084@group-9ED9FEE0098D: changes role from  FOLLOWER to FOLLOWER at term 139 for recognizeCandidate:0f256f10-8056-416e-a2a4-dd085f6c7864
2019-10-17 06:31:19,890 [grpc-default-executor-1] INFO  impl.RoleInfo (RoleInfo.java:shutdownFollowerState(121)) - 2f64f904-2283-4e96-b4e2-6c9018f13084: shutdown FollowerState
2019-10-17 06:31:19,890 [grpc-default-executor-6] INFO  impl.RaftServerImpl (RaftServerImpl.java:setRole(184)) - 07fb1a7b-fe02-4a56-ac24-3020e88d4db0@group-9ED9FEE0098D: changes role from  FOLLOWER to FOLLOWER at term 139 for recognizeCandidate:0f256f10-8056-416e-a2a4-dd085f6c7864
2019-10-17 06:31:19,890 [Thread-2277] INFO  impl.FollowerState (FollowerState.java:run(117)) - 2f64f904-2283-4e96-b4e2-6c9018f13084@group-9ED9FEE0098D-FollowerState was interrupted: java.lang.InterruptedException: sleep interrupted
2019-10-17 06:31:19,890 [grpc-default-executor-1] INFO  impl.RoleInfo (RoleInfo.java:updateAndGet(143)) - 2f64f904-2283-4e96-b4e2-6c9018f13084: start FollowerState
2019-10-17 06:31:19,890 [grpc-default-executor-6] INFO  impl.RoleInfo (RoleInfo.java:shutdownFollowerState(121)) - 07fb1a7b-fe02-4a56-ac24-3020e88d4db0: shutdown FollowerState
2019-10-17 06:31:19,892 [grpc-default-executor-6] INFO  impl.RoleInfo (RoleInfo.java:updateAndGet(143)) - 07fb1a7b-fe02-4a56-ac24-3020e88d4db0: start FollowerState
2019-10-17 06:31:19,892 [Thread-2276] INFO  impl.FollowerState (FollowerState.java:run(117)) - 07fb1a7b-fe02-4a56-ac24-3020e88d4db0@group-9ED9FEE0098D-FollowerState was interrupted: java.lang.InterruptedException: sleep interrupted
2019-10-17 06:31:19,938 [0f256f10-8056-416e-a2a4-dd085f6c7864@group-9ED9FEE0098D-LeaderElection136] INFO  impl.LeaderElection (LeaderElection.java:logAndReturn(56)) - 0f256f10-8056-416e-a2a4-dd085f6c7864@group-9ED9FEE0098D-LeaderElection136: Election REJECTED; received 2 response(s) [0f256f10-8056-416e-a2a4-dd085f6c7864<-2f64f904-2283-4e96-b4e2-6c9018f13084#0:FAIL-t139, 0f256f10-8056-416e-a2a4-dd085f6c7864<-07fb1a7b-fe02-4a56-ac24-3020e88d4db0#0:FAIL-t139] and 0 exception(s); 0f256f10-8056-416e-a2a4-dd085f6c7864@group-9ED9FEE0098D:t139, leader=null, voted=0f256f10-8056-416e-a2a4-dd085f6c7864, raftlog=0f256f10-8056-416e-a2a4-dd085f6c7864@group-9ED9FEE0098D-SegmentedRaftLog:OPENED:c-1,f-1,i0, conf=-1: [2f64f904-2283-4e96-b4e2-6c9018f13084:192.168.34.62:40373, 0f256f10-8056-416e-a2a4-dd085f6c7864:192.168.34.62:35674, 07fb1a7b-fe02-4a56-ac24-3020e88d4db0:192.168.34.62:46434], old=null
2019-10-17 06:31:19,938 [0f256f10-8056-416e-a2a4-dd085f6c7864@group-9ED9FEE0098D-LeaderElection136] INFO  impl.RaftServerImpl (RaftServerImpl.java:setRole(184)) - 0f256f10-8056-416e-a2a4-dd085f6c7864@group-9ED9FEE0098D: changes role from CANDIDATE to FOLLOWER at term 139 for DISCOVERED_A_NEW_TERM
2019-10-17 06:31:19,939 [0f256f10-8056-416e-a2a4-dd085f6c7864@group-9ED9FEE0098D-LeaderElection136] INFO  impl.RoleInfo (RoleInfo.java:shutdownLeaderElection(134)) - 0f256f10-8056-416e-a2a4-dd085f6c7864: shutdown LeaderElection
2019-10-17 06:31:19,939 [0f256f10-8056-416e-a2a4-dd085f6c7864@group-9ED9FEE0098D-LeaderElection136] INFO  impl.RoleInfo (RoleInfo.java:updateAndGet(143)) - 0f256f10-8056-416e-a2a4-dd085f6c7864: start FollowerState
2019-10-17 06:31:19,951 [Thread-2284] INFO  impl.FollowerState (FollowerState.java:run(108)) - 0f256f10-8056-416e-a2a4-dd085f6c7864@group-9ED9FEE0098D-FollowerState: change to CANDIDATE, lastRpcTime:12ms, electionTimeout:12ms
2019-10-17 06:31:19,951 [Thread-2284] INFO  impl.RoleInfo (RoleInfo.java:shutdownFollowerState(121)) - 0f256f10-8056-416e-a2a4-dd085f6c7864: shutdown FollowerState
2019-10-17 06:31:19,951 [Thread-2284] INFO  impl.RaftServerImpl (RaftServerImpl.java:setRole(184)) - 0f256f10-8056-416e-a2a4-dd085f6c7864@group-9ED9FEE0098D: changes role from  FOLLOWER to CANDIDATE at term 139 for changeToCandidate
2019-10-17 06:31:19,952 [Thread-2284] INFO  impl.RoleInfo (RoleInfo.java:updateAndGet(143)) - 0f256f10-8056-416e-a2a4-dd085f6c7864: start LeaderElection
2019-10-17 06:31:19,976 [0f256f10-8056-416e-a2a4-dd085f6c7864@group-9ED9FEE0098D-LeaderElection137] INFO  impl.LeaderElection (LeaderElection.java:askForVotes(178)) - 0f256f10-8056-416e-a2a4-dd085f6c7864@group-9ED9FEE0098D-LeaderElection137: begin an election at term 140 for -1: [2f64f904-2283-4e96-b4e2-6c9018f13084:192.168.34.62:40373, 0f256f10-8056-416e-a2a4-dd085f6c7864:192.168.34.62:35674, 07fb1a7b-fe02-4a56-ac24-3020e88d4db0:192.168.34.62:46434], old=null
2019-10-17 06:31:19,979 [grpc-default-executor-1] INFO  impl.RaftServerImpl (RaftServerImpl.java:setRole(184)) - 07fb1a7b-fe02-4a56-ac24-3020e88d4db0@group-9ED9FEE0098D: changes role from  FOLLOWER to FOLLOWER at term 140 for recognizeCandidate:0f256f10-8056-416e-a2a4-dd085f6c7864
2019-10-17 06:31:19,979 [grpc-default-executor-1] INFO  impl.RoleInfo (RoleInfo.java:shutdownFollowerState(121)) - 07fb1a7b-fe02-4a56-ac24-3020e88d4db0: shutdown FollowerState
2019-10-17 06:31:19,979 [grpc-default-executor-6] INFO  impl.RaftServerImpl (RaftServerImpl.java:setRole(184)) - 2f64f904-2283-4e96-b4e2-6c9018f13084@group-9ED9FEE0098D: changes role from  FOLLOWER to FOLLOWER at term 140 for recognizeCandidate:0f256f10-8056-416e-a2a4-dd085f6c7864
2019-10-17 06:31:19,979 [Thread-2283] INFO  impl.FollowerState (FollowerState.java:run(117)) - 07fb1a7b-fe02-4a56-ac24-3020e88d4db0@group-9ED9FEE0098D-FollowerState was interrupted: java.lang.InterruptedException: sleep interrupted
2019-10-17 06:31:19,979 [grpc-default-executor-1] INFO  impl.RoleInfo (RoleInfo.java:updateAndGet(143)) - 07fb1a7b-fe02-4a56-ac24-3020e88d4db0: start FollowerState
2019-10-17 06:31:19,979 [grpc-default-executor-6] INFO  impl.RoleInfo (RoleInfo.java:shutdownFollowerState(121)) - 2f64f904-2283-4e96-b4e2-6c9018f13084: shutdown FollowerState
2019-10-17 06:31:19,979 [grpc-default-executor-6] INFO  impl.RoleInfo (RoleInfo.java:updateAndGet(143)) - 2f64f904-2283-4e96-b4e2-6c9018f13084: start FollowerState
2019-10-17 06:31:19,979 [Thread-2282] INFO  impl.FollowerState (FollowerState.java:run(117)) - 2f64f904-2283-4e96-b4e2-6c9018f13084@group-9ED9FEE0098D-FollowerState was interrupted: java.lang.InterruptedException: sleep interrupted
2019-10-17 06:31:20,004 [0f256f10-8056-416e-a2a4-dd085f6c7864@group-9ED9FEE0098D-LeaderElection137] INFO  impl.LeaderElection (LeaderElection.java:logAndReturn(56)) - 0f256f10-8056-416e-a2a4-dd085f6c7864@group-9ED9FEE0098D-LeaderElection137: Election REJECTED; received 2 response(s) [0f256f10-8056-416e-a2a4-dd085f6c7864<-2f64f904-2283-4e96-b4e2-6c9018f13084#0:FAIL-t140, 0f256f10-8056-416e-a2a4-dd085f6c7864<-07fb1a7b-fe02-4a56-ac24-3020e88d4db0#0:FAIL-t140] and 0 exception(s); 0f256f10-8056-416e-a2a4-dd085f6c7864@group-9ED9FEE0098D:t140, leader=null, voted=0f256f10-8056-416e-a2a4-dd085f6c7864, raftlog=0f256f10-8056-416e-a2a4-dd085f6c7864@group-9ED9FEE0098D-SegmentedRaftLog:OPENED:c-1,f-1,i0, conf=-1: [2f64f904-2283-4e96-b4e2-6c9018f13084:192.168.34.62:40373, 0f256f10-8056-416e-a2a4-dd085f6c7864:192.168.34.62:35674, 07fb1a7b-fe02-4a56-ac24-3020e88d4db0:192.168.34.62:46434], old=null
2019-10-17 06:31:20,004 [0f256f10-8056-416e-a2a4-dd085f6c7864@group-9ED9FEE0098D-LeaderElection137] INFO  impl.RaftServerImpl (RaftServerImpl.java:setRole(184)) - 0f256f10-8056-416e-a2a4-dd085f6c7864@group-9ED9FEE0098D: changes role from CANDIDATE to FOLLOWER at term 140 for DISCOVERED_A_NEW_TERM
2019-10-17 06:31:20,005 [0f256f10-8056-416e-a2a4-dd085f6c7864@group-9ED9FEE0098D-LeaderElection137] INFO  impl.RoleInfo (RoleInfo.java:shutdownLeaderElection(134)) - 0f256f10-8056-416e-a2a4-dd085f6c7864: shutdown LeaderElection
2019-10-17 06:31:20,005 [0f256f10-8056-416e-a2a4-dd085f6c7864@group-9ED9FEE0098D-LeaderElection137] INFO  impl.RoleInfo (RoleInfo.java:updateAndGet(143)) - 0f256f10-8056-416e-a2a4-dd085f6c7864: start FollowerState
2019-10-17 06:31:20,035 [Thread-2290] INFO  impl.FollowerState (FollowerState.java:run(108)) - 0f256f10-8056-416e-a2a4-dd085f6c7864@group-9ED9FEE0098D-FollowerState: change to CANDIDATE, lastRpcTime:30ms, electionTimeout:30ms
2019-10-17 06:31:20,035 [Thread-2290] INFO  impl.RoleInfo (RoleInfo.java:shutdownFollowerState(121)) - 0f256f10-8056-416e-a2a4-dd085f6c7864: shutdown FollowerState
2019-10-17 06:31:20,036 [Thread-2290] INFO  impl.RaftServerImpl (RaftServerImpl.java:setRole(184)) - 0f256f10-8056-416e-a2a4-dd085f6c7864@group-9ED9FEE0098D: changes role from  FOLLOWER to CANDIDATE at term 140 for changeToCandidate
2019-10-17 06:31:20,036 [Thread-2290] INFO  impl.RoleInfo (RoleInfo.java:updateAndGet(143)) - 0f256f10-8056-416e-a2a4-dd085f6c7864: start LeaderElection
2019-10-17 06:31:20,051 [0f256f10-8056-416e-a2a4-dd085f6c7864@group-9ED9FEE0098D-LeaderElection138] INFO  impl.LeaderElection (LeaderElection.java:askForVotes(178)) - 0f256f10-8056-416e-a2a4-dd085f6c7864@group-9ED9FEE0098D-LeaderElection138: begin an election at term 141 for -1: [2f64f904-2283-4e96-b4e2-6c9018f13084:192.168.34.62:40373, 0f256f10-8056-416e-a2a4-dd085f6c7864:192.168.34.62:35674, 07fb1a7b-fe02-4a56-ac24-3020e88d4db0:192.168.34.62:46434], old=null
2019-10-17 06:31:20,054 [grpc-default-executor-1] INFO  impl.RaftServerImpl (RaftServerImpl.java:setRole(184)) - 07fb1a7b-fe02-4a56-ac24-3020e88d4db0@group-9ED9FEE0098D: changes role from  FOLLOWER to FOLLOWER at term 141 for recognizeCandidate:0f256f10-8056-416e-a2a4-dd085f6c7864
2019-10-17 06:31:20,054 [grpc-default-executor-6] INFO  impl.RaftServerImpl (RaftServerImpl.java:setRole(184)) - 2f64f904-2283-4e96-b4e2-6c9018f13084@group-9ED9FEE0098D: changes role from  FOLLOWER to FOLLOWER at term 141 for recognizeCandidate:0f256f10-8056-416e-a2a4-dd085f6c7864
2019-10-17 06:31:20,054 [grpc-default-executor-6] INFO  impl.RoleInfo (RoleInfo.java:shutdownFollowerState(121)) - 2f64f904-2283-4e96-b4e2-6c9018f13084: shutdown FollowerState
2019-10-17 06:31:20,054 [grpc-default-executor-1] INFO  impl.RoleInfo (RoleInfo.java:shutdownFollowerState(121)) - 07fb1a7b-fe02-4a56-ac24-3020e88d4db0: shutdown FollowerState
2019-10-17 06:31:20,054 [Thread-2289] INFO  impl.FollowerState (FollowerState.java:run(117)) - 2f64f904-2283-4e96-b4e2-6c9018f13084@group-9ED9FEE0098D-FollowerState was interrupted: java.lang.InterruptedException: sleep interrupted
2019-10-17 06:31:20,054 [grpc-default-executor-6] INFO  impl.RoleInfo (RoleInfo.java:updateAndGet(143)) - 2f64f904-2283-4e96-b4e2-6c9018f13084: start FollowerState
2019-10-17 06:31:20,054 [Thread-2288] INFO  impl.FollowerState (FollowerState.java:run(117)) - 07fb1a7b-fe02-4a56-ac24-3020e88d4db0@group-9ED9FEE0098D-FollowerState was interrupted: java.lang.InterruptedException: sleep interrupted
2019-10-17 06:31:20,054 [grpc-default-executor-1] INFO  impl.RoleInfo (RoleInfo.java:updateAndGet(143)) - 07fb1a7b-fe02-4a56-ac24-3020e88d4db0: start FollowerState
2019-10-17 06:31:20,079 [0f256f10-8056-416e-a2a4-dd085f6c7864@group-9ED9FEE0098D-LeaderElection138] INFO  impl.LeaderElection (LeaderElection.java:logAndReturn(56)) - 0f256f10-8056-416e-a2a4-dd085f6c7864@group-9ED9FEE0098D-LeaderElection138: Election REJECTED; received 2 response(s) [0f256f10-8056-416e-a2a4-dd085f6c7864<-2f64f904-2283-4e96-b4e2-6c9018f13084#0:FAIL-t141, 0f256f10-8056-416e-a2a4-dd085f6c7864<-07fb1a7b-fe02-4a56-ac24-3020e88d4db0#0:FAIL-t141] and 0 exception(s); 0f256f10-8056-416e-a2a4-dd085f6c7864@group-9ED9FEE0098D:t141, leader=null, voted=0f256f10-8056-416e-a2a4-dd085f6c7864, raftlog=0f256f10-8056-416e-a2a4-dd085f6c7864@group-9ED9FEE0098D-SegmentedRaftLog:OPENED:c-1,f-1,i0, conf=-1: [2f64f904-2283-4e96-b4e2-6c9018f13084:192.168.34.62:40373, 0f256f10-8056-416e-a2a4-dd085f6c7864:192.168.34.62:35674, 07fb1a7b-fe02-4a56-ac24-3020e88d4db0:192.168.34.62:46434], old=null
2019-10-17 06:31:20,080 [0f256f10-8056-416e-a2a4-dd085f6c7864@group-9ED9FEE0098D-LeaderElection138] INFO  impl.RaftServerImpl (RaftServerImpl.java:setRole(184)) - 0f256f10-8056-416e-a2a4-dd085f6c7864@group-9ED9FEE0098D: changes role from CANDIDATE to FOLLOWER at term 141 for DISCOVERED_A_NEW_TERM
2019-10-17 06:31:20,080 [0f256f10-8056-416e-a2a4-dd085f6c7864@group-9ED9FEE0098D-LeaderElection138] INFO  impl.RoleInfo (RoleInfo.java:shutdownLeaderElection(134)) - 0f256f10-8056-416e-a2a4-dd085f6c7864: shutdown LeaderElection
2019-10-17 06:31:20,080 [0f256f10-8056-416e-a2a4-dd085f6c7864@group-9ED9FEE0098D-LeaderElection138] INFO  impl.RoleInfo (RoleInfo.java:updateAndGet(143)) - 0f256f10-8056-416e-a2a4-dd085f6c7864: start FollowerState
2019-10-17 06:31:20,248 [Thread-2296] INFO  impl.FollowerState (FollowerState.java:run(108)) - 0f256f10-8056-416e-a2a4-dd085f6c7864@group-9ED9FEE0098D-FollowerState: change to CANDIDATE, lastRpcTime:168ms, electionTimeout:168ms
2019-10-17 06:31:20,249 [Thread-2296] INFO  impl.RoleInfo (RoleInfo.java:shutdownFollowerState(121)) - 0f256f10-8056-416e-a2a4-dd085f6c7864: shutdown FollowerState
2019-10-17 06:31:20,249 [Thread-2296] INFO  impl.RaftServerImpl (RaftServerImpl.java:setRole(184)) - 0f256f10-8056-416e-a2a4-dd085f6c7864@group-9ED9FEE0098D: changes role from  FOLLOWER to CANDIDATE at term 141 for changeToCandidate
2019-10-17 06:31:20,249 [Thread-2296] INFO  impl.RoleInfo (RoleInfo.java:updateAndGet(143)) - 0f256f10-8056-416e-a2a4-dd085f6c7864: start LeaderElection
2019-10-17 06:31:20,274 [0f256f10-8056-416e-a2a4-dd085f6c7864@group-9ED9FEE0098D-LeaderElection139] INFO  impl.LeaderElection (LeaderElection.java:askForVotes(178)) - 0f256f10-8056-416e-a2a4-dd085f6c7864@group-9ED9FEE0098D-LeaderElection139: begin an election at term 142 for -1: [2f64f904-2283-4e96-b4e2-6c9018f13084:192.168.34.62:40373, 0f256f10-8056-416e-a2a4-dd085f6c7864:192.168.34.62:35674, 07fb1a7b-fe02-4a56-ac24-3020e88d4db0:192.168.34.62:46434], old=null
2019-10-17 06:31:20,276 [grpc-default-executor-1] INFO  impl.RaftServerImpl (RaftServerImpl.java:setRole(184)) - 2f64f904-2283-4e96-b4e2-6c9018f13084@group-9ED9FEE0098D: changes role from  FOLLOWER to FOLLOWER at term 142 for recognizeCandidate:0f256f10-8056-416e-a2a4-dd085f6c7864
2019-10-17 06:31:20,276 [grpc-default-executor-1] INFO  impl.RoleInfo (RoleInfo.java:shutdownFollowerState(121)) - 2f64f904-2283-4e96-b4e2-6c9018f13084: shutdown FollowerState
2019-10-17 06:31:20,276 [grpc-default-executor-6] INFO  impl.RaftServerImpl (RaftServerImpl.java:setRole(184)) - 07fb1a7b-fe02-4a56-ac24-3020e88d4db0@group-9ED9FEE0098D: changes role from  FOLLOWER to FOLLOWER at term 142 for recognizeCandidate:0f256f10-8056-416e-a2a4-dd085f6c7864
2019-10-17 06:31:20,277 [grpc-default-executor-6] INFO  impl.RoleInfo (RoleInfo.java:shutdownFollowerState(121)) - 07fb1a7b-fe02-4a56-ac24-3020e88d4db0: shutdown FollowerState
2019-10-17 06:31:20,277 [Thread-2294] INFO  impl.FollowerState (FollowerState.java:run(117)) - 2f64f904-2283-4e96-b4e2-6c9018f13084@group-9ED9FEE0098D-FollowerState was interrupted: java.lang.InterruptedException: sleep interrupted
2019-10-17 06:31:20,277 [grpc-default-executor-1] INFO  impl.RoleInfo (RoleInfo.java:updateAndGet(143)) - 2f64f904-2283-4e96-b4e2-6c9018f13084: start FollowerState
2019-10-17 06:31:20,277 [grpc-default-executor-6] INFO  impl.RoleInfo (RoleInfo.java:updateAndGet(143)) - 07fb1a7b-fe02-4a56-ac24-3020e88d4db0: start FollowerState
2019-10-17 06:31:20,277 [Thread-2295] INFO  impl.FollowerState (FollowerState.java:run(117)) - 07fb1a7b-fe02-4a56-ac24-3020e88d4db0@group-9ED9FEE0098D-FollowerState was interrupted: java.lang.InterruptedException: sleep interrupted
2019-10-17 06:31:20,302 [0f256f10-8056-416e-a2a4-dd085f6c7864@group-9ED9FEE0098D-LeaderElection139] INFO  impl.LeaderElection (LeaderElection.java:logAndReturn(56)) - 0f256f10-8056-416e-a2a4-dd085f6c7864@group-9ED9FEE0098D-LeaderElection139: Election REJECTED; received 2 response(s) [0f256f10-8056-416e-a2a4-dd085f6c7864<-2f64f904-2283-4e96-b4e2-6c9018f13084#0:FAIL-t142, 0f256f10-8056-416e-a2a4-dd085f6c7864<-07fb1a7b-fe02-4a56-ac24-3020e88d4db0#0:FAIL-t142] and 0 exception(s); 0f256f10-8056-416e-a2a4-dd085f6c7864@group-9ED9FEE0098D:t142, leader=null, voted=0f256f10-8056-416e-a2a4-dd085f6c7864, raftlog=0f256f10-8056-416e-a2a4-dd085f6c7864@group-9ED9FEE0098D-SegmentedRaftLog:OPENED:c-1,f-1,i0, conf=-1: [2f64f904-2283-4e96-b4e2-6c9018f13084:192.168.34.62:40373, 0f256f10-8056-416e-a2a4-dd085f6c7864:192.168.34.62:35674, 07fb1a7b-fe02-4a56-ac24-3020e88d4db0:192.168.34.62:46434], old=null
2019-10-17 06:31:20,302 [0f256f10-8056-416e-a2a4-dd085f6c7864@group-9ED9FEE0098D-LeaderElection139] INFO  impl.RaftServerImpl (RaftServerImpl.java:setRole(184)) - 0f256f10-8056-416e-a2a4-dd085f6c7864@group-9ED9FEE0098D: changes role from CANDIDATE to FOLLOWER at term 142 for DISCOVERED_A_NEW_TERM
2019-10-17 06:31:20,302 [0f256f10-8056-416e-a2a4-dd085f6c7864@group-9ED9FEE0098D-LeaderElection139] INFO  impl.RoleInfo (RoleInfo.java:shutdownLeaderElection(134)) - 0f256f10-8056-416e-a2a4-dd085f6c7864: shutdown LeaderElection
2019-10-17 06:31:20,302 [0f256f10-8056-416e-a2a4-dd085f6c7864@group-9ED9FEE0098D-LeaderElection139] INFO  impl.RoleInfo (RoleInfo.java:updateAndGet(143)) - 0f256f10-8056-416e-a2a4-dd085f6c7864: start FollowerState
2019-10-17 06:31:20,499 [Thread-2302] INFO  impl.FollowerState (FollowerState.java:run(108)) - 0f256f10-8056-416e-a2a4-dd085f6c7864@group-9ED9FEE0098D-FollowerState: change to CANDIDATE, lastRpcTime:196ms, electionTimeout:196ms
2019-10-17 06:31:20,499 [Thread-2302] INFO  impl.RoleInfo (RoleInfo.java:shutdownFollowerState(121)) - 0f256f10-8056-416e-a2a4-dd085f6c7864: shutdown FollowerState
2019-10-17 06:31:20,499 [Thread-2302] INFO  impl.RaftServerImpl (RaftServerImpl.java:setRole(184)) - 0f256f10-8056-416e-a2a4-dd085f6c7864@group-9ED9FEE0098D: changes role from  FOLLOWER to CANDIDATE at term 142 for changeToCandidate
2019-10-17 06:31:20,500 [Thread-2302] INFO  impl.RoleInfo (RoleInfo.java:updateAndGet(143)) - 0f256f10-8056-416e-a2a4-dd085f6c7864: start LeaderElection
2019-10-17 06:31:20,517 [0f256f10-8056-416e-a2a4-dd085f6c7864@group-9ED9FEE0098D-LeaderElection140] INFO  impl.LeaderElection (LeaderElection.java:askForVotes(178)) - 0f256f10-8056-416e-a2a4-dd085f6c7864@group-9ED9FEE0098D-LeaderElection140: begin an election at term 143 for -1: [2f64f904-2283-4e96-b4e2-6c9018f13084:192.168.34.62:40373, 0f256f10-8056-416e-a2a4-dd085f6c7864:192.168.34.62:35674, 07fb1a7b-fe02-4a56-ac24-3020e88d4db0:192.168.34.62:46434], old=null
2019-10-17 06:31:20,519 [grpc-default-executor-1] INFO  impl.RaftServerImpl (RaftServerImpl.java:setRole(184)) - 07fb1a7b-fe02-4a56-ac24-3020e88d4db0@group-9ED9FEE0098D: changes role from  FOLLOWER to FOLLOWER at term 143 for recognizeCandidate:0f256f10-8056-416e-a2a4-dd085f6c7864
2019-10-17 06:31:20,519 [grpc-default-executor-6] INFO  impl.RaftServerImpl (RaftServerImpl.java:setRole(184)) - 2f64f904-2283-4e96-b4e2-6c9018f13084@group-9ED9FEE0098D: changes role from  FOLLOWER to FOLLOWER at term 143 for recognizeCandidate:0f256f10-8056-416e-a2a4-dd085f6c7864
2019-10-17 06:31:20,519 [grpc-default-executor-1] INFO  impl.RoleInfo (RoleInfo.java:shutdownFollowerState(121)) - 07fb1a7b-fe02-4a56-ac24-3020e88d4db0: shutdown FollowerState
2019-10-17 06:31:20,519 [grpc-default-executor-6] INFO  impl.RoleInfo (RoleInfo.java:shutdownFollowerState(121)) - 2f64f904-2283-4e96-b4e2-6c9018f13084: shutdown FollowerState
2019-10-17 06:31:20,520 [Thread-2301] INFO  impl.FollowerState (FollowerState.java:run(117)) - 07fb1a7b-fe02-4a56-ac24-3020e88d4db0@group-9ED9FEE0098D-FollowerState was interrupted: java.lang.InterruptedException: sleep interrupted
2019-10-17 06:31:20,520 [grpc-default-executor-1] INFO  impl.RoleInfo (RoleInfo.java:updateAndGet(143)) - 07fb1a7b-fe02-4a56-ac24-3020e88d4db0: start FollowerState
2019-10-17 06:31:20,520 [Thread-2300] INFO  impl.FollowerState (FollowerState.java:run(117)) - 2f64f904-2283-4e96-b4e2-6c9018f13084@group-9ED9FEE0098D-FollowerState was interrupted: java.lang.InterruptedException: sleep interrupted
2019-10-17 06:31:20,520 [grpc-default-executor-6] INFO  impl.RoleInfo (RoleInfo.java:updateAndGet(143)) - 2f64f904-2283-4e96-b4e2-6c9018f13084: start FollowerState
2019-10-17 06:31:20,544 [0f256f10-8056-416e-a2a4-dd085f6c7864@group-9ED9FEE0098D-LeaderElection140] INFO  impl.LeaderElection (LeaderElection.java:logAndReturn(56)) - 0f256f10-8056-416e-a2a4-dd085f6c7864@group-9ED9FEE0098D-LeaderElection140: Election REJECTED; received 2 response(s) [0f256f10-8056-416e-a2a4-dd085f6c7864<-2f64f904-2283-4e96-b4e2-6c9018f13084#0:FAIL-t143, 0f256f10-8056-416e-a2a4-dd085f6c7864<-07fb1a7b-fe02-4a56-ac24-3020e88d4db0#0:FAIL-t143] and 0 exception(s); 0f256f10-8056-416e-a2a4-dd085f6c7864@group-9ED9FEE0098D:t143, leader=null, voted=0f256f10-8056-416e-a2a4-dd085f6c7864, raftlog=0f256f10-8056-416e-a2a4-dd085f6c7864@group-9ED9FEE0098D-SegmentedRaftLog:OPENED:c-1,f-1,i0, conf=-1: [2f64f904-2283-4e96-b4e2-6c9018f13084:192.168.34.62:40373, 0f256f10-8056-416e-a2a4-dd085f6c7864:192.168.34.62:35674, 07fb1a7b-fe02-4a56-ac24-3020e88d4db0:192.168.34.62:46434], old=null
2019-10-17 06:31:20,544 [0f256f10-8056-416e-a2a4-dd085f6c7864@group-9ED9FEE0098D-LeaderElection140] INFO  impl.RaftServerImpl (RaftServerImpl.java:setRole(184)) - 0f256f10-8056-416e-a2a4-dd085f6c7864@group-9ED9FEE0098D: changes role from CANDIDATE to FOLLOWER at term 143 for DISCOVERED_A_NEW_TERM
2019-10-17 06:31:20,545 [0f256f10-8056-416e-a2a4-dd085f6c7864@group-9ED9FEE0098D-LeaderElection140] INFO  impl.RoleInfo (RoleInfo.java:shutdownLeaderElection(134)) - 0f256f10-8056-416e-a2a4-dd085f6c7864: shutdown LeaderElection
2019-10-17 06:31:20,545 [0f256f10-8056-416e-a2a4-dd085f6c7864@group-9ED9FEE0098D-LeaderElection140] INFO  impl.RoleInfo (RoleInfo.java:updateAndGet(143)) - 0f256f10-8056-416e-a2a4-dd085f6c7864: start FollowerState
2019-10-17 06:31:20,550 [Thread-2308] INFO  impl.FollowerState (FollowerState.java:run(108)) - 0f256f10-8056-416e-a2a4-dd085f6c7864@group-9ED9FEE0098D-FollowerState: change to CANDIDATE, lastRpcTime:5ms, electionTimeout:5ms
2019-10-17 06:31:20,550 [Thread-2308] INFO  impl.RoleInfo (RoleInfo.java:shutdownFollowerState(121)) - 0f256f10-8056-416e-a2a4-dd085f6c7864: shutdown FollowerState
2019-10-17 06:31:20,550 [Thread-2308] INFO  impl.RaftServerImpl (RaftServerImpl.java:setRole(184)) - 0f256f10-8056-416e-a2a4-dd085f6c7864@group-9ED9FEE0098D: changes role from  FOLLOWER to CANDIDATE at term 143 for changeToCandidate
2019-10-17 06:31:20,550 [Thread-2308] INFO  impl.RoleInfo (RoleInfo.java:updateAndGet(143)) - 0f256f10-8056-416e-a2a4-dd085f6c7864: start LeaderElection
2019-10-17 06:31:20,574 [0f256f10-8056-416e-a2a4-dd085f6c7864@group-9ED9FEE0098D-LeaderElection141] INFO  impl.LeaderElection (LeaderElection.java:askForVotes(178)) - 0f256f10-8056-416e-a2a4-dd085f6c7864@group-9ED9FEE0098D-LeaderElection141: begin an election at term 144 for -1: [2f64f904-2283-4e96-b4e2-6c9018f13084:192.168.34.62:40373, 0f256f10-8056-416e-a2a4-dd085f6c7864:192.168.34.62:35674, 07fb1a7b-fe02-4a56-ac24-3020e88d4db0:192.168.34.62:46434], old=null
2019-10-17 06:31:20,576 [grpc-default-executor-1] INFO  impl.RaftServerImpl (RaftServerImpl.java:setRole(184)) - 2f64f904-2283-4e96-b4e2-6c9018f13084@group-9ED9FEE0098D: changes role from  FOLLOWER to FOLLOWER at term 144 for recognizeCandidate:0f256f10-8056-416e-a2a4-dd085f6c7864
2019-10-17 06:31:20,576 [grpc-default-executor-1] INFO  impl.RoleInfo (RoleInfo.java:shutdownFollowerState(121)) - 2f64f904-2283-4e96-b4e2-6c9018f13084: shutdown FollowerState
2019-10-17 06:31:20,576 [grpc-default-executor-1] INFO  impl.RoleInfo (RoleInfo.java:updateAndGet(143)) - 2f64f904-2283-4e96-b4e2-6c9018f13084: start FollowerState
2019-10-17 06:31:20,576 [grpc-default-executor-6] INFO  impl.RaftServerImpl (RaftServerImpl.java:setRole(184)) - 07fb1a7b-fe02-4a56-ac24-3020e88d4db0@group-9ED9FEE0098D: changes role from  FOLLOWER to FOLLOWER at term 144 for recognizeCandidate:0f256f10-8056-416e-a2a4-dd085f6c7864
2019-10-17 06:31:20,576 [grpc-default-executor-6] INFO  impl.RoleInfo (RoleInfo.java:shutdownFollowerState(121)) - 07fb1a7b-fe02-4a56-ac24-3020e88d4db0: shutdown FollowerState
2019-10-17 06:31:20,576 [Thread-2307] INFO  impl.FollowerState (FollowerState.java:run(117)) - 2f64f904-2283-4e96-b4e2-6c9018f13084@group-9ED9FEE0098D-FollowerState was interrupted: java.lang.InterruptedException: sleep interrupted
2019-10-17 06:31:20,577 [Thread-2306] INFO  impl.FollowerState (FollowerState.java:run(117)) - 07fb1a7b-fe02-4a56-ac24-3020e88d4db0@group-9ED9FEE0098D-FollowerState was interrupted: java.lang.InterruptedException: sleep interrupted
2019-10-17 06:31:20,576 [grpc-default-executor-6] INFO  impl.RoleInfo (RoleInfo.java:updateAndGet(143)) - 07fb1a7b-fe02-4a56-ac24-3020e88d4db0: start FollowerState
2019-10-17 06:31:20,576 [0f256f10-8056-416e-a2a4-dd085f6c7864@group-9ED9FEE0098D-LeaderElection141] INFO  impl.LeaderElection (LeaderElection.java:logAndReturn(56)) - 0f256f10-8056-416e-a2a4-dd085f6c7864@group-9ED9FEE0098D-LeaderElection141: Election TIMEOUT; received 0 response(s) [] and 0 exception(s); 0f256f10-8056-416e-a2a4-dd085f6c7864@group-9ED9FEE0098D:t144, leader=null, voted=0f256f10-8056-416e-a2a4-dd085f6c7864, raftlog=0f256f10-8056-416e-a2a4-dd085f6c7864@group-9ED9FEE0098D-SegmentedRaftLog:OPENED:c-1,f-1,i0, conf=-1: [2f64f904-2283-4e96-b4e2-6c9018f13084:192.168.34.62:40373, 0f256f10-8056-416e-a2a4-dd085f6c7864:192.168.34.62:35674, 07fb1a7b-fe02-4a56-ac24-3020e88d4db0:192.168.34.62:46434], old=null
2019-10-17 06:31:20,590 [0f256f10-8056-416e-a2a4-dd085f6c7864@group-9ED9FEE0098D-LeaderElection141] INFO  impl.LeaderElection (LeaderElection.java:askForVotes(178)) - 0f256f10-8056-416e-a2a4-dd085f6c7864@group-9ED9FEE0098D-LeaderElection141: begin an election at term 145 for -1: [2f64f904-2283-4e96-b4e2-6c9018f13084:192.168.34.62:40373, 0f256f10-8056-416e-a2a4-dd085f6c7864:192.168.34.62:35674, 07fb1a7b-fe02-4a56-ac24-3020e88d4db0:192.168.34.62:46434], old=null
2019-10-17 06:31:20,591 [grpc-default-executor-6] INFO  impl.RaftServerImpl (RaftServerImpl.java:setRole(184)) - 07fb1a7b-fe02-4a56-ac24-3020e88d4db0@group-9ED9FEE0098D: changes role from  FOLLOWER to FOLLOWER at term 145 for recognizeCandidate:0f256f10-8056-416e-a2a4-dd085f6c7864
2019-10-17 06:31:20,592 [grpc-default-executor-6] INFO  impl.RoleInfo (RoleInfo.java:shutdownFollowerState(121)) - 07fb1a7b-fe02-4a56-ac24-3020e88d4db0: shutdown FollowerState
2019-10-17 06:31:20,592 [grpc-default-executor-1] INFO  impl.RaftServerImpl (RaftServerImpl.java:setRole(184)) - 2f64f904-2283-4e96-b4e2-6c9018f13084@group-9ED9FEE0098D: changes role from  FOLLOWER to FOLLOWER at term 145 for recognizeCandidate:0f256f10-8056-416e-a2a4-dd085f6c7864
2019-10-17 06:31:20,592 [Thread-2313] INFO  impl.FollowerState (FollowerState.java:run(117)) - 07fb1a7b-fe02-4a56-ac24-3020e88d4db0@group-9ED9FEE0098D-FollowerState was interrupted: java.lang.InterruptedException: sleep interrupted
2019-10-17 06:31:20,592 [grpc-default-executor-6] INFO  impl.RoleInfo (RoleInfo.java:updateAndGet(143)) - 07fb1a7b-fe02-4a56-ac24-3020e88d4db0: start FollowerState
2019-10-17 06:31:20,592 [grpc-default-executor-1] INFO  impl.RoleInfo (RoleInfo.java:shutdownFollowerState(121)) - 2f64f904-2283-4e96-b4e2-6c9018f13084: shutdown FollowerState
2019-10-17 06:31:20,592 [grpc-default-executor-1] INFO  impl.RoleInfo (RoleInfo.java:updateAndGet(143)) - 2f64f904-2283-4e96-b4e2-6c9018f13084: start FollowerState
2019-10-17 06:31:20,592 [Thread-2312] INFO  impl.FollowerState (FollowerState.java:run(117)) - 2f64f904-2283-4e96-b4e2-6c9018f13084@group-9ED9FEE0098D-FollowerState was interrupted: java.lang.InterruptedException: sleep interrupted
2019-10-17 06:31:20,617 [0f256f10-8056-416e-a2a4-dd085f6c7864@group-9ED9FEE0098D-LeaderElection141] INFO  impl.LeaderElection (LeaderElection.java:logAndReturn(56)) - 0f256f10-8056-416e-a2a4-dd085f6c7864@group-9ED9FEE0098D-LeaderElection141: Election REJECTED; received 2 response(s) [0f256f10-8056-416e-a2a4-dd085f6c7864<-2f64f904-2283-4e96-b4e2-6c9018f13084#0:FAIL-t145, 0f256f10-8056-416e-a2a4-dd085f6c7864<-07fb1a7b-fe02-4a56-ac24-3020e88d4db0#0:FAIL-t145] and 0 exception(s); 0f256f10-8056-416e-a2a4-dd085f6c7864@group-9ED9FEE0098D:t145, leader=null, voted=0f256f10-8056-416e-a2a4-dd085f6c7864, raftlog=0f256f10-8056-416e-a2a4-dd085f6c7864@group-9ED9FEE0098D-SegmentedRaftLog:OPENED:c-1,f-1,i0, conf=-1: [2f64f904-2283-4e96-b4e2-6c9018f13084:192.168.34.62:40373, 0f256f10-8056-416e-a2a4-dd085f6c7864:192.168.34.62:35674, 07fb1a7b-fe02-4a56-ac24-3020e88d4db0:192.168.34.62:46434], old=null
2019-10-17 06:31:20,617 [0f256f10-8056-416e-a2a4-dd085f6c7864@group-9ED9FEE0098D-LeaderElection141] INFO  impl.RaftServerImpl (RaftServerImpl.java:setRole(184)) - 0f256f10-8056-416e-a2a4-dd085f6c7864@group-9ED9FEE0098D: changes role from CANDIDATE to FOLLOWER at term 145 for DISCOVERED_A_NEW_TERM
2019-10-17 06:31:20,617 [0f256f10-8056-416e-a2a4-dd085f6c7864@group-9ED9FEE0098D-LeaderElection141] INFO  impl.RoleInfo (RoleInfo.java:shutdownLeaderElection(134)) - 0f256f10-8056-416e-a2a4-dd085f6c7864: shutdown LeaderElection
2019-10-17 06:31:20,617 [0f256f10-8056-416e-a2a4-dd085f6c7864@group-9ED9FEE0098D-LeaderElection141] INFO  impl.RoleInfo (RoleInfo.java:updateAndGet(143)) - 0f256f10-8056-416e-a2a4-dd085f6c7864: start FollowerState
2019-10-17 06:31:20,644 [Thread-1202] INFO  ozone.MiniOzoneClusterImpl (MiniOzoneClusterImpl.java:lambda$waitForClusterToBeReady$2(164)) - Waiting for 1 number of pipelines out of 4, to report a leader.
2019-10-17 06:31:20,694 [Thread-2318] INFO  impl.FollowerState (FollowerState.java:run(108)) - 0f256f10-8056-416e-a2a4-dd085f6c7864@group-9ED9FEE0098D-FollowerState: change to CANDIDATE, lastRpcTime:77ms, electionTimeout:77ms
2019-10-17 06:31:20,694 [Thread-2318] INFO  impl.RoleInfo (RoleInfo.java:shutdownFollowerState(121)) - 0f256f10-8056-416e-a2a4-dd085f6c7864: shutdown FollowerState
2019-10-17 06:31:20,694 [Thread-2318] INFO  impl.RaftServerImpl (RaftServerImpl.java:setRole(184)) - 0f256f10-8056-416e-a2a4-dd085f6c7864@group-9ED9FEE0098D: changes role from  FOLLOWER to CANDIDATE at term 145 for changeToCandidate
2019-10-17 06:31:20,695 [Thread-2318] INFO  impl.RoleInfo (RoleInfo.java:updateAndGet(143)) - 0f256f10-8056-416e-a2a4-dd085f6c7864: start LeaderElection
2019-10-17 06:31:20,735 [0f256f10-8056-416e-a2a4-dd085f6c7864@group-9ED9FEE0098D-LeaderElection142] INFO  impl.LeaderElection (LeaderElection.java:askForVotes(178)) - 0f256f10-8056-416e-a2a4-dd085f6c7864@group-9ED9FEE0098D-LeaderElection142: begin an election at term 146 for -1: [2f64f904-2283-4e96-b4e2-6c9018f13084:192.168.34.62:40373, 0f256f10-8056-416e-a2a4-dd085f6c7864:192.168.34.62:35674, 07fb1a7b-fe02-4a56-ac24-3020e88d4db0:192.168.34.62:46434], old=null
2019-10-17 06:31:20,738 [grpc-default-executor-1] INFO  impl.RaftServerImpl (RaftServerImpl.java:setRole(184)) - 2f64f904-2283-4e96-b4e2-6c9018f13084@group-9ED9FEE0098D: changes role from  FOLLOWER to FOLLOWER at term 146 for recognizeCandidate:0f256f10-8056-416e-a2a4-dd085f6c7864
2019-10-17 06:31:20,738 [grpc-default-executor-6] INFO  impl.RaftServerImpl (RaftServerImpl.java:setRole(184)) - 07fb1a7b-fe02-4a56-ac24-3020e88d4db0@group-9ED9FEE0098D: changes role from  FOLLOWER to FOLLOWER at term 146 for recognizeCandidate:0f256f10-8056-416e-a2a4-dd085f6c7864
2019-10-17 06:31:20,738 [grpc-default-executor-1] INFO  impl.RoleInfo (RoleInfo.java:shutdownFollowerState(121)) - 2f64f904-2283-4e96-b4e2-6c9018f13084: shutdown FollowerState
2019-10-17 06:31:20,738 [grpc-default-executor-6] INFO  impl.RoleInfo (RoleInfo.java:shutdownFollowerState(121)) - 07fb1a7b-fe02-4a56-ac24-3020e88d4db0: shutdown FollowerState
2019-10-17 06:31:20,738 [Thread-2317] INFO  impl.FollowerState (FollowerState.java:run(117)) - 2f64f904-2283-4e96-b4e2-6c9018f13084@group-9ED9FEE0098D-FollowerState was interrupted: java.lang.InterruptedException: sleep interrupted
2019-10-17 06:31:20,738 [grpc-default-executor-1] INFO  impl.RoleInfo (RoleInfo.java:updateAndGet(143)) - 2f64f904-2283-4e96-b4e2-6c9018f13084: start FollowerState
2019-10-17 06:31:20,738 [Thread-2316] INFO  impl.FollowerState (FollowerState.java:run(117)) - 07fb1a7b-fe02-4a56-ac24-3020e88d4db0@group-9ED9FEE0098D-FollowerState was interrupted: java.lang.InterruptedException: sleep interrupted
2019-10-17 06:31:20,738 [grpc-default-executor-6] INFO  impl.RoleInfo (RoleInfo.java:updateAndGet(143)) - 07fb1a7b-fe02-4a56-ac24-3020e88d4db0: start FollowerState
2019-10-17 06:31:20,752 [0f256f10-8056-416e-a2a4-dd085f6c7864@group-9ED9FEE0098D-LeaderElection142] INFO  impl.LeaderElection (LeaderElection.java:logAndReturn(56)) - 0f256f10-8056-416e-a2a4-dd085f6c7864@group-9ED9FEE0098D-LeaderElection142: Election REJECTED; received 2 response(s) [0f256f10-8056-416e-a2a4-dd085f6c7864<-2f64f904-2283-4e96-b4e2-6c9018f13084#0:FAIL-t146, 0f256f10-8056-416e-a2a4-dd085f6c7864<-07fb1a7b-fe02-4a56-ac24-3020e88d4db0#0:FAIL-t146] and 0 exception(s); 0f256f10-8056-416e-a2a4-dd085f6c7864@group-9ED9FEE0098D:t146, leader=null, voted=0f256f10-8056-416e-a2a4-dd085f6c7864, raftlog=0f256f10-8056-416e-a2a4-dd085f6c7864@group-9ED9FEE0098D-SegmentedRaftLog:OPENED:c-1,f-1,i0, conf=-1: [2f64f904-2283-4e96-b4e2-6c9018f13084:192.168.34.62:40373, 0f256f10-8056-416e-a2a4-dd085f6c7864:192.168.34.62:35674, 07fb1a7b-fe02-4a56-ac24-3020e88d4db0:192.168.34.62:46434], old=null
2019-10-17 06:31:20,752 [0f256f10-8056-416e-a2a4-dd085f6c7864@group-9ED9FEE0098D-LeaderElection142] INFO  impl.RaftServerImpl (RaftServerImpl.java:setRole(184)) - 0f256f10-8056-416e-a2a4-dd085f6c7864@group-9ED9FEE0098D: changes role from CANDIDATE to FOLLOWER at term 146 for DISCOVERED_A_NEW_TERM
2019-10-17 06:31:20,752 [0f256f10-8056-416e-a2a4-dd085f6c7864@group-9ED9FEE0098D-LeaderElection142] INFO  impl.RoleInfo (RoleInfo.java:shutdownLeaderElection(134)) - 0f256f10-8056-416e-a2a4-dd085f6c7864: shutdown LeaderElection
2019-10-17 06:31:20,752 [0f256f10-8056-416e-a2a4-dd085f6c7864@group-9ED9FEE0098D-LeaderElection142] INFO  impl.RoleInfo (RoleInfo.java:updateAndGet(143)) - 0f256f10-8056-416e-a2a4-dd085f6c7864: start FollowerState
2019-10-17 06:31:20,895 [Thread-2324] INFO  impl.FollowerState (FollowerState.java:run(108)) - 0f256f10-8056-416e-a2a4-dd085f6c7864@group-9ED9FEE0098D-FollowerState: change to CANDIDATE, lastRpcTime:142ms, electionTimeout:142ms
2019-10-17 06:31:20,895 [Thread-2324] INFO  impl.RoleInfo (RoleInfo.java:shutdownFollowerState(121)) - 0f256f10-8056-416e-a2a4-dd085f6c7864: shutdown FollowerState
2019-10-17 06:31:20,895 [Thread-2324] INFO  impl.RaftServerImpl (RaftServerImpl.java:setRole(184)) - 0f256f10-8056-416e-a2a4-dd085f6c7864@group-9ED9FEE0098D: changes role from  FOLLOWER to CANDIDATE at term 146 for changeToCandidate
2019-10-17 06:31:20,895 [Thread-2324] INFO  impl.RoleInfo (RoleInfo.java:updateAndGet(143)) - 0f256f10-8056-416e-a2a4-dd085f6c7864: start LeaderElection
2019-10-17 06:31:20,920 [0f256f10-8056-416e-a2a4-dd085f6c7864@group-9ED9FEE0098D-LeaderElection143] INFO  impl.LeaderElection (LeaderElection.java:askForVotes(178)) - 0f256f10-8056-416e-a2a4-dd085f6c7864@group-9ED9FEE0098D-LeaderElection143: begin an election at term 147 for -1: [2f64f904-2283-4e96-b4e2-6c9018f13084:192.168.34.62:40373, 0f256f10-8056-416e-a2a4-dd085f6c7864:192.168.34.62:35674, 07fb1a7b-fe02-4a56-ac24-3020e88d4db0:192.168.34.62:46434], old=null
2019-10-17 06:31:20,922 [grpc-default-executor-1] INFO  impl.RaftServerImpl (RaftServerImpl.java:setRole(184)) - 07fb1a7b-fe02-4a56-ac24-3020e88d4db0@group-9ED9FEE0098D: changes role from  FOLLOWER to FOLLOWER at term 147 for recognizeCandidate:0f256f10-8056-416e-a2a4-dd085f6c7864
2019-10-17 06:31:20,922 [grpc-default-executor-6] INFO  impl.RaftServerImpl (RaftServerImpl.java:setRole(184)) - 2f64f904-2283-4e96-b4e2-6c9018f13084@group-9ED9FEE0098D: changes role from  FOLLOWER to FOLLOWER at term 147 for recognizeCandidate:0f256f10-8056-416e-a2a4-dd085f6c7864
2019-10-17 06:31:20,922 [grpc-default-executor-1] INFO  impl.RoleInfo (RoleInfo.java:shutdownFollowerState(121)) - 07fb1a7b-fe02-4a56-ac24-3020e88d4db0: shutdown FollowerState
2019-10-17 06:31:20,922 [grpc-default-executor-6] INFO  impl.RoleInfo (RoleInfo.java:shutdownFollowerState(121)) - 2f64f904-2283-4e96-b4e2-6c9018f13084: shutdown FollowerState
2019-10-17 06:31:20,922 [Thread-2323] INFO  impl.FollowerState (FollowerState.java:run(117)) - 07fb1a7b-fe02-4a56-ac24-3020e88d4db0@group-9ED9FEE0098D-FollowerState was interrupted: java.lang.InterruptedException: sleep interrupted
2019-10-17 06:31:20,922 [grpc-default-executor-1] INFO  impl.RoleInfo (RoleInfo.java:updateAndGet(143)) - 07fb1a7b-fe02-4a56-ac24-3020e88d4db0: start FollowerState
2019-10-17 06:31:20,922 [grpc-default-executor-6] INFO  impl.RoleInfo (RoleInfo.java:updateAndGet(143)) - 2f64f904-2283-4e96-b4e2-6c9018f13084: start FollowerState
2019-10-17 06:31:20,922 [Thread-2322] INFO  impl.FollowerState (FollowerState.java:run(117)) - 2f64f904-2283-4e96-b4e2-6c9018f13084@group-9ED9FEE0098D-FollowerState was interrupted: java.lang.InterruptedException: sleep interrupted
2019-10-17 06:31:20,947 [0f256f10-8056-416e-a2a4-dd085f6c7864@group-9ED9FEE0098D-LeaderElection143] INFO  impl.LeaderElection (LeaderElection.java:logAndReturn(56)) - 0f256f10-8056-416e-a2a4-dd085f6c7864@group-9ED9FEE0098D-LeaderElection143: Election REJECTED; received 2 response(s) [0f256f10-8056-416e-a2a4-dd085f6c7864<-2f64f904-2283-4e96-b4e2-6c9018f13084#0:FAIL-t147, 0f256f10-8056-416e-a2a4-dd085f6c7864<-07fb1a7b-fe02-4a56-ac24-3020e88d4db0#0:FAIL-t147] and 0 exception(s); 0f256f10-8056-416e-a2a4-dd085f6c7864@group-9ED9FEE0098D:t147, leader=null, voted=0f256f10-8056-416e-a2a4-dd085f6c7864, raftlog=0f256f10-8056-416e-a2a4-dd085f6c7864@group-9ED9FEE0098D-SegmentedRaftLog:OPENED:c-1,f-1,i0, conf=-1: [2f64f904-2283-4e96-b4e2-6c9018f13084:192.168.34.62:40373, 0f256f10-8056-416e-a2a4-dd085f6c7864:192.168.34.62:35674, 07fb1a7b-fe02-4a56-ac24-3020e88d4db0:192.168.34.62:46434], old=null
2019-10-17 06:31:20,947 [0f256f10-8056-416e-a2a4-dd085f6c7864@group-9ED9FEE0098D-LeaderElection143] INFO  impl.RaftServerImpl (RaftServerImpl.java:setRole(184)) - 0f256f10-8056-416e-a2a4-dd085f6c7864@group-9ED9FEE0098D: changes role from CANDIDATE to FOLLOWER at term 147 for DISCOVERED_A_NEW_TERM
2019-10-17 06:31:20,948 [0f256f10-8056-416e-a2a4-dd085f6c7864@group-9ED9FEE0098D-LeaderElection143] INFO  impl.RoleInfo (RoleInfo.java:shutdownLeaderElection(134)) - 0f256f10-8056-416e-a2a4-dd085f6c7864: shutdown LeaderElection
2019-10-17 06:31:20,948 [0f256f10-8056-416e-a2a4-dd085f6c7864@group-9ED9FEE0098D-LeaderElection143] INFO  impl.RoleInfo (RoleInfo.java:updateAndGet(143)) - 0f256f10-8056-416e-a2a4-dd085f6c7864: start FollowerState
2019-10-17 06:31:21,042 [Thread-2330] INFO  impl.FollowerState (FollowerState.java:run(108)) - 0f256f10-8056-416e-a2a4-dd085f6c7864@group-9ED9FEE0098D-FollowerState: change to CANDIDATE, lastRpcTime:94ms, electionTimeout:94ms
2019-10-17 06:31:21,042 [Thread-2330] INFO  impl.RoleInfo (RoleInfo.java:shutdownFollowerState(121)) - 0f256f10-8056-416e-a2a4-dd085f6c7864: shutdown FollowerState
2019-10-17 06:31:21,043 [Thread-2330] INFO  impl.RaftServerImpl (RaftServerImpl.java:setRole(184)) - 0f256f10-8056-416e-a2a4-dd085f6c7864@group-9ED9FEE0098D: changes role from  FOLLOWER to CANDIDATE at term 147 for changeToCandidate
2019-10-17 06:31:21,043 [Thread-2330] INFO  impl.RoleInfo (RoleInfo.java:updateAndGet(143)) - 0f256f10-8056-416e-a2a4-dd085f6c7864: start LeaderElection
2019-10-17 06:31:21,072 [0f256f10-8056-416e-a2a4-dd085f6c7864@group-9ED9FEE0098D-LeaderElection144] INFO  impl.LeaderElection (LeaderElection.java:askForVotes(178)) - 0f256f10-8056-416e-a2a4-dd085f6c7864@group-9ED9FEE0098D-LeaderElection144: begin an election at term 148 for -1: [2f64f904-2283-4e96-b4e2-6c9018f13084:192.168.34.62:40373, 0f256f10-8056-416e-a2a4-dd085f6c7864:192.168.34.62:35674, 07fb1a7b-fe02-4a56-ac24-3020e88d4db0:192.168.34.62:46434], old=null
2019-10-17 06:31:21,074 [grpc-default-executor-6] INFO  impl.RaftServerImpl (RaftServerImpl.java:setRole(184)) - 2f64f904-2283-4e96-b4e2-6c9018f13084@group-9ED9FEE0098D: changes role from  FOLLOWER to FOLLOWER at term 148 for recognizeCandidate:0f256f10-8056-416e-a2a4-dd085f6c7864
2019-10-17 06:31:21,074 [grpc-default-executor-1] INFO  impl.RaftServerImpl (RaftServerImpl.java:setRole(184)) - 07fb1a7b-fe02-4a56-ac24-3020e88d4db0@group-9ED9FEE0098D: changes role from  FOLLOWER to FOLLOWER at term 148 for recognizeCandidate:0f256f10-8056-416e-a2a4-dd085f6c7864
2019-10-17 06:31:21,074 [grpc-default-executor-6] INFO  impl.RoleInfo (RoleInfo.java:shutdownFollowerState(121)) - 2f64f904-2283-4e96-b4e2-6c9018f13084: shutdown FollowerState
2019-10-17 06:31:21,074 [grpc-default-executor-1] INFO  impl.RoleInfo (RoleInfo.java:shutdownFollowerState(121)) - 07fb1a7b-fe02-4a56-ac24-3020e88d4db0: shutdown FollowerState
2019-10-17 06:31:21,074 [Thread-2329] INFO  impl.FollowerState (FollowerState.java:run(117)) - 2f64f904-2283-4e96-b4e2-6c9018f13084@group-9ED9FEE0098D-FollowerState was interrupted: java.lang.InterruptedException: sleep interrupted
2019-10-17 06:31:21,074 [grpc-default-executor-6] INFO  impl.RoleInfo (RoleInfo.java:updateAndGet(143)) - 2f64f904-2283-4e96-b4e2-6c9018f13084: start FollowerState
2019-10-17 06:31:21,075 [Thread-2328] INFO  impl.FollowerState (FollowerState.java:run(117)) - 07fb1a7b-fe02-4a56-ac24-3020e88d4db0@group-9ED9FEE0098D-FollowerState was interrupted: java.lang.InterruptedException: sleep interrupted
2019-10-17 06:31:21,075 [grpc-default-executor-1] INFO  impl.RoleInfo (RoleInfo.java:updateAndGet(143)) - 07fb1a7b-fe02-4a56-ac24-3020e88d4db0: start FollowerState
2019-10-17 06:31:21,100 [0f256f10-8056-416e-a2a4-dd085f6c7864@group-9ED9FEE0098D-LeaderElection144] INFO  impl.LeaderElection (LeaderElection.java:logAndReturn(56)) - 0f256f10-8056-416e-a2a4-dd085f6c7864@group-9ED9FEE0098D-LeaderElection144: Election REJECTED; received 2 response(s) [0f256f10-8056-416e-a2a4-dd085f6c7864<-2f64f904-2283-4e96-b4e2-6c9018f13084#0:FAIL-t148, 0f256f10-8056-416e-a2a4-dd085f6c7864<-07fb1a7b-fe02-4a56-ac24-3020e88d4db0#0:FAIL-t148] and 0 exception(s); 0f256f10-8056-416e-a2a4-dd085f6c7864@group-9ED9FEE0098D:t148, leader=null, voted=0f256f10-8056-416e-a2a4-dd085f6c7864, raftlog=0f256f10-8056-416e-a2a4-dd085f6c7864@group-9ED9FEE0098D-SegmentedRaftLog:OPENED:c-1,f-1,i0, conf=-1: [2f64f904-2283-4e96-b4e2-6c9018f13084:192.168.34.62:40373, 0f256f10-8056-416e-a2a4-dd085f6c7864:192.168.34.62:35674, 07fb1a7b-fe02-4a56-ac24-3020e88d4db0:192.168.34.62:46434], old=null
2019-10-17 06:31:21,100 [0f256f10-8056-416e-a2a4-dd085f6c7864@group-9ED9FEE0098D-LeaderElection144] INFO  impl.RaftServerImpl (RaftServerImpl.java:setRole(184)) - 0f256f10-8056-416e-a2a4-dd085f6c7864@group-9ED9FEE0098D: changes role from CANDIDATE to FOLLOWER at term 148 for DISCOVERED_A_NEW_TERM
2019-10-17 06:31:21,100 [0f256f10-8056-416e-a2a4-dd085f6c7864@group-9ED9FEE0098D-LeaderElection144] INFO  impl.RoleInfo (RoleInfo.java:shutdownLeaderElection(134)) - 0f256f10-8056-416e-a2a4-dd085f6c7864: shutdown LeaderElection
2019-10-17 06:31:21,101 [0f256f10-8056-416e-a2a4-dd085f6c7864@group-9ED9FEE0098D-LeaderElection144] INFO  impl.RoleInfo (RoleInfo.java:updateAndGet(143)) - 0f256f10-8056-416e-a2a4-dd085f6c7864: start FollowerState
2019-10-17 06:31:21,125 [Thread-2336] INFO  impl.FollowerState (FollowerState.java:run(108)) - 0f256f10-8056-416e-a2a4-dd085f6c7864@group-9ED9FEE0098D-FollowerState: change to CANDIDATE, lastRpcTime:24ms, electionTimeout:24ms
2019-10-17 06:31:21,125 [Thread-2336] INFO  impl.RoleInfo (RoleInfo.java:shutdownFollowerState(121)) - 0f256f10-8056-416e-a2a4-dd085f6c7864: shutdown FollowerState
2019-10-17 06:31:21,125 [Thread-2336] INFO  impl.RaftServerImpl (RaftServerImpl.java:setRole(184)) - 0f256f10-8056-416e-a2a4-dd085f6c7864@group-9ED9FEE0098D: changes role from  FOLLOWER to CANDIDATE at term 148 for changeToCandidate
2019-10-17 06:31:21,126 [Thread-2336] INFO  impl.RoleInfo (RoleInfo.java:updateAndGet(143)) - 0f256f10-8056-416e-a2a4-dd085f6c7864: start LeaderElection
2019-10-17 06:31:21,150 [0f256f10-8056-416e-a2a4-dd085f6c7864@group-9ED9FEE0098D-LeaderElection145] INFO  impl.LeaderElection (LeaderElection.java:askForVotes(178)) - 0f256f10-8056-416e-a2a4-dd085f6c7864@group-9ED9FEE0098D-LeaderElection145: begin an election at term 149 for -1: [2f64f904-2283-4e96-b4e2-6c9018f13084:192.168.34.62:40373, 0f256f10-8056-416e-a2a4-dd085f6c7864:192.168.34.62:35674, 07fb1a7b-fe02-4a56-ac24-3020e88d4db0:192.168.34.62:46434], old=null
2019-10-17 06:31:21,152 [grpc-default-executor-6] INFO  impl.RaftServerImpl (RaftServerImpl.java:setRole(184)) - 07fb1a7b-fe02-4a56-ac24-3020e88d4db0@group-9ED9FEE0098D: changes role from  FOLLOWER to FOLLOWER at term 149 for recognizeCandidate:0f256f10-8056-416e-a2a4-dd085f6c7864
2019-10-17 06:31:21,152 [grpc-default-executor-1] INFO  impl.RaftServerImpl (RaftServerImpl.java:setRole(184)) - 2f64f904-2283-4e96-b4e2-6c9018f13084@group-9ED9FEE0098D: changes role from  FOLLOWER to FOLLOWER at term 149 for recognizeCandidate:0f256f10-8056-416e-a2a4-dd085f6c7864
2019-10-17 06:31:21,152 [grpc-default-executor-6] INFO  impl.RoleInfo (RoleInfo.java:shutdownFollowerState(121)) - 07fb1a7b-fe02-4a56-ac24-3020e88d4db0: shutdown FollowerState
2019-10-17 06:31:21,152 [grpc-default-executor-1] INFO  impl.RoleInfo (RoleInfo.java:shutdownFollowerState(121)) - 2f64f904-2283-4e96-b4e2-6c9018f13084: shutdown FollowerState
2019-10-17 06:31:21,152 [grpc-default-executor-6] INFO  impl.RoleInfo (RoleInfo.java:updateAndGet(143)) - 07fb1a7b-fe02-4a56-ac24-3020e88d4db0: start FollowerState
2019-10-17 06:31:21,153 [grpc-default-executor-1] INFO  impl.RoleInfo (RoleInfo.java:updateAndGet(143)) - 2f64f904-2283-4e96-b4e2-6c9018f13084: start FollowerState
2019-10-17 06:31:21,153 [Thread-2335] INFO  impl.FollowerState (FollowerState.java:run(117)) - 07fb1a7b-fe02-4a56-ac24-3020e88d4db0@group-9ED9FEE0098D-FollowerState was interrupted: java.lang.InterruptedException: sleep interrupted
2019-10-17 06:31:21,153 [Thread-2334] INFO  impl.FollowerState (FollowerState.java:run(117)) - 2f64f904-2283-4e96-b4e2-6c9018f13084@group-9ED9FEE0098D-FollowerState was interrupted: java.lang.InterruptedException: sleep interrupted
2019-10-17 06:31:21,179 [0f256f10-8056-416e-a2a4-dd085f6c7864@group-9ED9FEE0098D-LeaderElection145] INFO  impl.LeaderElection (LeaderElection.java:logAndReturn(56)) - 0f256f10-8056-416e-a2a4-dd085f6c7864@group-9ED9FEE0098D-LeaderElection145: Election REJECTED; received 2 response(s) [0f256f10-8056-416e-a2a4-dd085f6c7864<-2f64f904-2283-4e96-b4e2-6c9018f13084#0:FAIL-t149, 0f256f10-8056-416e-a2a4-dd085f6c7864<-07fb1a7b-fe02-4a56-ac24-3020e88d4db0#0:FAIL-t149] and 0 exception(s); 0f256f10-8056-416e-a2a4-dd085f6c7864@group-9ED9FEE0098D:t149, leader=null, voted=0f256f10-8056-416e-a2a4-dd085f6c7864, raftlog=0f256f10-8056-416e-a2a4-dd085f6c7864@group-9ED9FEE0098D-SegmentedRaftLog:OPENED:c-1,f-1,i0, conf=-1: [2f64f904-2283-4e96-b4e2-6c9018f13084:192.168.34.62:40373, 0f256f10-8056-416e-a2a4-dd085f6c7864:192.168.34.62:35674, 07fb1a7b-fe02-4a56-ac24-3020e88d4db0:192.168.34.62:46434], old=null
2019-10-17 06:31:21,179 [0f256f10-8056-416e-a2a4-dd085f6c7864@group-9ED9FEE0098D-LeaderElection145] INFO  impl.RaftServerImpl (RaftServerImpl.java:setRole(184)) - 0f256f10-8056-416e-a2a4-dd085f6c7864@group-9ED9FEE0098D: changes role from CANDIDATE to FOLLOWER at term 149 for DISCOVERED_A_NEW_TERM
2019-10-17 06:31:21,179 [0f256f10-8056-416e-a2a4-dd085f6c7864@group-9ED9FEE0098D-LeaderElection145] INFO  impl.RoleInfo (RoleInfo.java:shutdownLeaderElection(134)) - 0f256f10-8056-416e-a2a4-dd085f6c7864: shutdown LeaderElection
2019-10-17 06:31:21,179 [0f256f10-8056-416e-a2a4-dd085f6c7864@group-9ED9FEE0098D-LeaderElection145] INFO  impl.RoleInfo (RoleInfo.java:updateAndGet(143)) - 0f256f10-8056-416e-a2a4-dd085f6c7864: start FollowerState
2019-10-17 06:31:21,239 [Thread-2342] INFO  impl.FollowerState (FollowerState.java:run(108)) - 0f256f10-8056-416e-a2a4-dd085f6c7864@group-9ED9FEE0098D-FollowerState: change to CANDIDATE, lastRpcTime:59ms, electionTimeout:59ms
2019-10-17 06:31:21,239 [Thread-2342] INFO  impl.RoleInfo (RoleInfo.java:shutdownFollowerState(121)) - 0f256f10-8056-416e-a2a4-dd085f6c7864: shutdown FollowerState
2019-10-17 06:31:21,239 [Thread-2342] INFO  impl.RaftServerImpl (RaftServerImpl.java:setRole(184)) - 0f256f10-8056-416e-a2a4-dd085f6c7864@group-9ED9FEE0098D: changes role from  FOLLOWER to CANDIDATE at term 149 for changeToCandidate
2019-10-17 06:31:21,240 [Thread-2342] INFO  impl.RoleInfo (RoleInfo.java:updateAndGet(143)) - 0f256f10-8056-416e-a2a4-dd085f6c7864: start LeaderElection
2019-10-17 06:31:21,263 [0f256f10-8056-416e-a2a4-dd085f6c7864@group-9ED9FEE0098D-LeaderElection146] INFO  impl.LeaderElection (LeaderElection.java:askForVotes(178)) - 0f256f10-8056-416e-a2a4-dd085f6c7864@group-9ED9FEE0098D-LeaderElection146: begin an election at term 150 for -1: [2f64f904-2283-4e96-b4e2-6c9018f13084:192.168.34.62:40373, 0f256f10-8056-416e-a2a4-dd085f6c7864:192.168.34.62:35674, 07fb1a7b-fe02-4a56-ac24-3020e88d4db0:192.168.34.62:46434], old=null
2019-10-17 06:31:21,265 [grpc-default-executor-1] INFO  impl.RaftServerImpl (RaftServerImpl.java:setRole(184)) - 2f64f904-2283-4e96-b4e2-6c9018f13084@group-9ED9FEE0098D: changes role from  FOLLOWER to FOLLOWER at term 150 for recognizeCandidate:0f256f10-8056-416e-a2a4-dd085f6c7864
2019-10-17 06:31:21,265 [grpc-default-executor-6] INFO  impl.RaftServerImpl (RaftServerImpl.java:setRole(184)) - 07fb1a7b-fe02-4a56-ac24-3020e88d4db0@group-9ED9FEE0098D: changes role from  FOLLOWER to FOLLOWER at term 150 for recognizeCandidate:0f256f10-8056-416e-a2a4-dd085f6c7864
2019-10-17 06:31:21,265 [grpc-default-executor-1] INFO  impl.RoleInfo (RoleInfo.java:shutdownFollowerState(121)) - 2f64f904-2283-4e96-b4e2-6c9018f13084: shutdown FollowerState
2019-10-17 06:31:21,265 [grpc-default-executor-6] INFO  impl.RoleInfo (RoleInfo.java:shutdownFollowerState(121)) - 07fb1a7b-fe02-4a56-ac24-3020e88d4db0: shutdown FollowerState
2019-10-17 06:31:21,266 [Thread-2341] INFO  impl.FollowerState (FollowerState.java:run(117)) - 2f64f904-2283-4e96-b4e2-6c9018f13084@group-9ED9FEE0098D-FollowerState was interrupted: java.lang.InterruptedException: sleep interrupted
2019-10-17 06:31:21,266 [grpc-default-executor-1] INFO  impl.RoleInfo (RoleInfo.java:updateAndGet(143)) - 2f64f904-2283-4e96-b4e2-6c9018f13084: start FollowerState
2019-10-17 06:31:21,266 [Thread-2340] INFO  impl.FollowerState (FollowerState.java:run(117)) - 07fb1a7b-fe02-4a56-ac24-3020e88d4db0@group-9ED9FEE0098D-FollowerState was interrupted: java.lang.InterruptedException: sleep interrupted
2019-10-17 06:31:21,266 [grpc-default-executor-6] INFO  impl.RoleInfo (RoleInfo.java:updateAndGet(143)) - 07fb1a7b-fe02-4a56-ac24-3020e88d4db0: start FollowerState
2019-10-17 06:31:21,291 [0f256f10-8056-416e-a2a4-dd085f6c7864@group-9ED9FEE0098D-LeaderElection146] INFO  impl.LeaderElection (LeaderElection.java:logAndReturn(56)) - 0f256f10-8056-416e-a2a4-dd085f6c7864@group-9ED9FEE0098D-LeaderElection146: Election REJECTED; received 2 response(s) [0f256f10-8056-416e-a2a4-dd085f6c7864<-2f64f904-2283-4e96-b4e2-6c9018f13084#0:FAIL-t150, 0f256f10-8056-416e-a2a4-dd085f6c7864<-07fb1a7b-fe02-4a56-ac24-3020e88d4db0#0:FAIL-t150] and 0 exception(s); 0f256f10-8056-416e-a2a4-dd085f6c7864@group-9ED9FEE0098D:t150, leader=null, voted=0f256f10-8056-416e-a2a4-dd085f6c7864, raftlog=0f256f10-8056-416e-a2a4-dd085f6c7864@group-9ED9FEE0098D-SegmentedRaftLog:OPENED:c-1,f-1,i0, conf=-1: [2f64f904-2283-4e96-b4e2-6c9018f13084:192.168.34.62:40373, 0f256f10-8056-416e-a2a4-dd085f6c7864:192.168.34.62:35674, 07fb1a7b-fe02-4a56-ac24-3020e88d4db0:192.168.34.62:46434], old=null
2019-10-17 06:31:21,291 [0f256f10-8056-416e-a2a4-dd085f6c7864@group-9ED9FEE0098D-LeaderElection146] INFO  impl.RaftServerImpl (RaftServerImpl.java:setRole(184)) - 0f256f10-8056-416e-a2a4-dd085f6c7864@group-9ED9FEE0098D: changes role from CANDIDATE to FOLLOWER at term 150 for DISCOVERED_A_NEW_TERM
2019-10-17 06:31:21,291 [0f256f10-8056-416e-a2a4-dd085f6c7864@group-9ED9FEE0098D-LeaderElection146] INFO  impl.RoleInfo (RoleInfo.java:shutdownLeaderElection(134)) - 0f256f10-8056-416e-a2a4-dd085f6c7864: shutdown LeaderElection
2019-10-17 06:31:21,291 [0f256f10-8056-416e-a2a4-dd085f6c7864@group-9ED9FEE0098D-LeaderElection146] INFO  impl.RoleInfo (RoleInfo.java:updateAndGet(143)) - 0f256f10-8056-416e-a2a4-dd085f6c7864: start FollowerState
2019-10-17 06:31:21,291 [Thread-2348] INFO  impl.FollowerState (FollowerState.java:run(108)) - 0f256f10-8056-416e-a2a4-dd085f6c7864@group-9ED9FEE0098D-FollowerState: change to CANDIDATE, lastRpcTime:0ms, electionTimeout:0ms
2019-10-17 06:31:21,292 [Thread-2348] INFO  impl.RoleInfo (RoleInfo.java:shutdownFollowerState(121)) - 0f256f10-8056-416e-a2a4-dd085f6c7864: shutdown FollowerState
2019-10-17 06:31:21,292 [Thread-2348] INFO  impl.RaftServerImpl (RaftServerImpl.java:setRole(184)) - 0f256f10-8056-416e-a2a4-dd085f6c7864@group-9ED9FEE0098D: changes role from  FOLLOWER to CANDIDATE at term 150 for changeToCandidate
2019-10-17 06:31:21,292 [Thread-2348] INFO  impl.RoleInfo (RoleInfo.java:updateAndGet(143)) - 0f256f10-8056-416e-a2a4-dd085f6c7864: start LeaderElection
2019-10-17 06:31:21,316 [0f256f10-8056-416e-a2a4-dd085f6c7864@group-9ED9FEE0098D-LeaderElection147] INFO  impl.LeaderElection (LeaderElection.java:askForVotes(178)) - 0f256f10-8056-416e-a2a4-dd085f6c7864@group-9ED9FEE0098D-LeaderElection147: begin an election at term 151 for -1: [2f64f904-2283-4e96-b4e2-6c9018f13084:192.168.34.62:40373, 0f256f10-8056-416e-a2a4-dd085f6c7864:192.168.34.62:35674, 07fb1a7b-fe02-4a56-ac24-3020e88d4db0:192.168.34.62:46434], old=null
2019-10-17 06:31:21,319 [grpc-default-executor-1] INFO  impl.RaftServerImpl (RaftServerImpl.java:setRole(184)) - 07fb1a7b-fe02-4a56-ac24-3020e88d4db0@group-9ED9FEE0098D: changes role from  FOLLOWER to FOLLOWER at term 151 for recognizeCandidate:0f256f10-8056-416e-a2a4-dd085f6c7864
2019-10-17 06:31:21,319 [grpc-default-executor-1] INFO  impl.RoleInfo (RoleInfo.java:shutdownFollowerState(121)) - 07fb1a7b-fe02-4a56-ac24-3020e88d4db0: shutdown FollowerState
2019-10-17 06:31:21,319 [grpc-default-executor-1] INFO  impl.RoleInfo (RoleInfo.java:updateAndGet(143)) - 07fb1a7b-fe02-4a56-ac24-3020e88d4db0: start FollowerState
2019-10-17 06:31:21,319 [Thread-2347] INFO  impl.FollowerState (FollowerState.java:run(117)) - 07fb1a7b-fe02-4a56-ac24-3020e88d4db0@group-9ED9FEE0098D-FollowerState was interrupted: java.lang.InterruptedException: sleep interrupted
2019-10-17 06:31:21,319 [grpc-default-executor-6] INFO  impl.RaftServerImpl (RaftServerImpl.java:setRole(184)) - 2f64f904-2283-4e96-b4e2-6c9018f13084@group-9ED9FEE0098D: changes role from  FOLLOWER to FOLLOWER at term 151 for recognizeCandidate:0f256f10-8056-416e-a2a4-dd085f6c7864
2019-10-17 06:31:21,319 [grpc-default-executor-6] INFO  impl.RoleInfo (RoleInfo.java:shutdownFollowerState(121)) - 2f64f904-2283-4e96-b4e2-6c9018f13084: shutdown FollowerState
2019-10-17 06:31:21,320 [grpc-default-executor-6] INFO  impl.RoleInfo (RoleInfo.java:updateAndGet(143)) - 2f64f904-2283-4e96-b4e2-6c9018f13084: start FollowerState
2019-10-17 06:31:21,320 [Thread-2346] INFO  impl.FollowerState (FollowerState.java:run(117)) - 2f64f904-2283-4e96-b4e2-6c9018f13084@group-9ED9FEE0098D-FollowerState was interrupted: java.lang.InterruptedException: sleep interrupted
2019-10-17 06:31:21,343 [0f256f10-8056-416e-a2a4-dd085f6c7864@group-9ED9FEE0098D-LeaderElection147] INFO  impl.LeaderElection (LeaderElection.java:logAndReturn(56)) - 0f256f10-8056-416e-a2a4-dd085f6c7864@group-9ED9FEE0098D-LeaderElection147: Election REJECTED; received 2 response(s) [0f256f10-8056-416e-a2a4-dd085f6c7864<-2f64f904-2283-4e96-b4e2-6c9018f13084#0:FAIL-t151, 0f256f10-8056-416e-a2a4-dd085f6c7864<-07fb1a7b-fe02-4a56-ac24-3020e88d4db0#0:FAIL-t151] and 0 exception(s); 0f256f10-8056-416e-a2a4-dd085f6c7864@group-9ED9FEE0098D:t151, leader=null, voted=0f256f10-8056-416e-a2a4-dd085f6c7864, raftlog=0f256f10-8056-416e-a2a4-dd085f6c7864@group-9ED9FEE0098D-SegmentedRaftLog:OPENED:c-1,f-1,i0, conf=-1: [2f64f904-2283-4e96-b4e2-6c9018f13084:192.168.34.62:40373, 0f256f10-8056-416e-a2a4-dd085f6c7864:192.168.34.62:35674, 07fb1a7b-fe02-4a56-ac24-3020e88d4db0:192.168.34.62:46434], old=null
2019-10-17 06:31:21,344 [0f256f10-8056-416e-a2a4-dd085f6c7864@group-9ED9FEE0098D-LeaderElection147] INFO  impl.RaftServerImpl (RaftServerImpl.java:setRole(184)) - 0f256f10-8056-416e-a2a4-dd085f6c7864@group-9ED9FEE0098D: changes role from CANDIDATE to FOLLOWER at term 151 for DISCOVERED_A_NEW_TERM
2019-10-17 06:31:21,344 [0f256f10-8056-416e-a2a4-dd085f6c7864@group-9ED9FEE0098D-LeaderElection147] INFO  impl.RoleInfo (RoleInfo.java:shutdownLeaderElection(134)) - 0f256f10-8056-416e-a2a4-dd085f6c7864: shutdown LeaderElection
2019-10-17 06:31:21,344 [0f256f10-8056-416e-a2a4-dd085f6c7864@group-9ED9FEE0098D-LeaderElection147] INFO  impl.RoleInfo (RoleInfo.java:updateAndGet(143)) - 0f256f10-8056-416e-a2a4-dd085f6c7864: start FollowerState
2019-10-17 06:31:21,368 [Thread-2354] INFO  impl.FollowerState (FollowerState.java:run(108)) - 0f256f10-8056-416e-a2a4-dd085f6c7864@group-9ED9FEE0098D-FollowerState: change to CANDIDATE, lastRpcTime:23ms, electionTimeout:23ms
2019-10-17 06:31:21,368 [Thread-2354] INFO  impl.RoleInfo (RoleInfo.java:shutdownFollowerState(121)) - 0f256f10-8056-416e-a2a4-dd085f6c7864: shutdown FollowerState
2019-10-17 06:31:21,368 [Thread-2354] INFO  impl.RaftServerImpl (RaftServerImpl.java:setRole(184)) - 0f256f10-8056-416e-a2a4-dd085f6c7864@group-9ED9FEE0098D: changes role from  FOLLOWER to CANDIDATE at term 151 for changeToCandidate
2019-10-17 06:31:21,368 [Thread-2354] INFO  impl.RoleInfo (RoleInfo.java:updateAndGet(143)) - 0f256f10-8056-416e-a2a4-dd085f6c7864: start LeaderElection
2019-10-17 06:31:21,393 [0f256f10-8056-416e-a2a4-dd085f6c7864@group-9ED9FEE0098D-LeaderElection148] INFO  impl.LeaderElection (LeaderElection.java:askForVotes(178)) - 0f256f10-8056-416e-a2a4-dd085f6c7864@group-9ED9FEE0098D-LeaderElection148: begin an election at term 152 for -1: [2f64f904-2283-4e96-b4e2-6c9018f13084:192.168.34.62:40373, 0f256f10-8056-416e-a2a4-dd085f6c7864:192.168.34.62:35674, 07fb1a7b-fe02-4a56-ac24-3020e88d4db0:192.168.34.62:46434], old=null
2019-10-17 06:31:21,396 [grpc-default-executor-6] INFO  impl.RaftServerImpl (RaftServerImpl.java:setRole(184)) - 07fb1a7b-fe02-4a56-ac24-3020e88d4db0@group-9ED9FEE0098D: changes role from  FOLLOWER to FOLLOWER at term 152 for recognizeCandidate:0f256f10-8056-416e-a2a4-dd085f6c7864
2019-10-17 06:31:21,396 [grpc-default-executor-6] INFO  impl.RoleInfo (RoleInfo.java:shutdownFollowerState(121)) - 07fb1a7b-fe02-4a56-ac24-3020e88d4db0: shutdown FollowerState
2019-10-17 06:31:21,396 [grpc-default-executor-1] INFO  impl.RaftServerImpl (RaftServerImpl.java:setRole(184)) - 2f64f904-2283-4e96-b4e2-6c9018f13084@group-9ED9FEE0098D: changes role from  FOLLOWER to FOLLOWER at term 152 for recognizeCandidate:0f256f10-8056-416e-a2a4-dd085f6c7864
2019-10-17 06:31:21,396 [Thread-2352] INFO  impl.FollowerState (FollowerState.java:run(117)) - 07fb1a7b-fe02-4a56-ac24-3020e88d4db0@group-9ED9FEE0098D-FollowerState was interrupted: java.lang.InterruptedException: sleep interrupted
2019-10-17 06:31:21,396 [grpc-default-executor-6] INFO  impl.RoleInfo (RoleInfo.java:updateAndGet(143)) - 07fb1a7b-fe02-4a56-ac24-3020e88d4db0: start FollowerState
2019-10-17 06:31:21,396 [grpc-default-executor-1] INFO  impl.RoleInfo (RoleInfo.java:shutdownFollowerState(121)) - 2f64f904-2283-4e96-b4e2-6c9018f13084: shutdown FollowerState
2019-10-17 06:31:21,397 [grpc-default-executor-1] INFO  impl.RoleInfo (RoleInfo.java:updateAndGet(143)) - 2f64f904-2283-4e96-b4e2-6c9018f13084: start FollowerState
2019-10-17 06:31:21,397 [Thread-2353] INFO  impl.FollowerState (FollowerState.java:run(117)) - 2f64f904-2283-4e96-b4e2-6c9018f13084@group-9ED9FEE0098D-FollowerState was interrupted: java.lang.InterruptedException: sleep interrupted
2019-10-17 06:31:21,412 [0f256f10-8056-416e-a2a4-dd085f6c7864@group-9ED9FEE0098D-LeaderElection148] INFO  impl.LeaderElection (LeaderElection.java:logAndReturn(56)) - 0f256f10-8056-416e-a2a4-dd085f6c7864@group-9ED9FEE0098D-LeaderElection148: Election REJECTED; received 2 response(s) [0f256f10-8056-416e-a2a4-dd085f6c7864<-2f64f904-2283-4e96-b4e2-6c9018f13084#0:FAIL-t152, 0f256f10-8056-416e-a2a4-dd085f6c7864<-07fb1a7b-fe02-4a56-ac24-3020e88d4db0#0:FAIL-t152] and 0 exception(s); 0f256f10-8056-416e-a2a4-dd085f6c7864@group-9ED9FEE0098D:t152, leader=null, voted=0f256f10-8056-416e-a2a4-dd085f6c7864, raftlog=0f256f10-8056-416e-a2a4-dd085f6c7864@group-9ED9FEE0098D-SegmentedRaftLog:OPENED:c-1,f-1,i0, conf=-1: [2f64f904-2283-4e96-b4e2-6c9018f13084:192.168.34.62:40373, 0f256f10-8056-416e-a2a4-dd085f6c7864:192.168.34.62:35674, 07fb1a7b-fe02-4a56-ac24-3020e88d4db0:192.168.34.62:46434], old=null
2019-10-17 06:31:21,412 [0f256f10-8056-416e-a2a4-dd085f6c7864@group-9ED9FEE0098D-LeaderElection148] INFO  impl.RaftServerImpl (RaftServerImpl.java:setRole(184)) - 0f256f10-8056-416e-a2a4-dd085f6c7864@group-9ED9FEE0098D: changes role from CANDIDATE to FOLLOWER at term 152 for DISCOVERED_A_NEW_TERM
2019-10-17 06:31:21,412 [0f256f10-8056-416e-a2a4-dd085f6c7864@group-9ED9FEE0098D-LeaderElection148] INFO  impl.RoleInfo (RoleInfo.java:shutdownLeaderElection(134)) - 0f256f10-8056-416e-a2a4-dd085f6c7864: shutdown LeaderElection
2019-10-17 06:31:21,412 [0f256f10-8056-416e-a2a4-dd085f6c7864@group-9ED9FEE0098D-LeaderElection148] INFO  impl.RoleInfo (RoleInfo.java:updateAndGet(143)) - 0f256f10-8056-416e-a2a4-dd085f6c7864: start FollowerState
2019-10-17 06:31:21,412 [Thread-2360] INFO  impl.FollowerState (FollowerState.java:run(108)) - 0f256f10-8056-416e-a2a4-dd085f6c7864@group-9ED9FEE0098D-FollowerState: change to CANDIDATE, lastRpcTime:0ms, electionTimeout:0ms
2019-10-17 06:31:21,412 [Thread-2360] INFO  impl.RoleInfo (RoleInfo.java:shutdownFollowerState(121)) - 0f256f10-8056-416e-a2a4-dd085f6c7864: shutdown FollowerState
2019-10-17 06:31:21,413 [Thread-2360] INFO  impl.RaftServerImpl (RaftServerImpl.java:setRole(184)) - 0f256f10-8056-416e-a2a4-dd085f6c7864@group-9ED9FEE0098D: changes role from  FOLLOWER to CANDIDATE at term 152 for changeToCandidate
2019-10-17 06:31:21,413 [Thread-2360] INFO  impl.RoleInfo (RoleInfo.java:updateAndGet(143)) - 0f256f10-8056-416e-a2a4-dd085f6c7864: start LeaderElection
2019-10-17 06:31:21,436 [0f256f10-8056-416e-a2a4-dd085f6c7864@group-9ED9FEE0098D-LeaderElection149] INFO  impl.LeaderElection (LeaderElection.java:askForVotes(178)) - 0f256f10-8056-416e-a2a4-dd085f6c7864@group-9ED9FEE0098D-LeaderElection149: begin an election at term 153 for -1: [2f64f904-2283-4e96-b4e2-6c9018f13084:192.168.34.62:40373, 0f256f10-8056-416e-a2a4-dd085f6c7864:192.168.34.62:35674, 07fb1a7b-fe02-4a56-ac24-3020e88d4db0:192.168.34.62:46434], old=null
2019-10-17 06:31:21,439 [grpc-default-executor-6] INFO  impl.RaftServerImpl (RaftServerImpl.java:setRole(184)) - 2f64f904-2283-4e96-b4e2-6c9018f13084@group-9ED9FEE0098D: changes role from  FOLLOWER to FOLLOWER at term 153 for recognizeCandidate:0f256f10-8056-416e-a2a4-dd085f6c7864
2019-10-17 06:31:21,439 [grpc-default-executor-1] INFO  impl.RaftServerImpl (RaftServerImpl.java:setRole(184)) - 07fb1a7b-fe02-4a56-ac24-3020e88d4db0@group-9ED9FEE0098D: changes role from  FOLLOWER to FOLLOWER at term 153 for recognizeCandidate:0f256f10-8056-416e-a2a4-dd085f6c7864
2019-10-17 06:31:21,439 [grpc-default-executor-6] INFO  impl.RoleInfo (RoleInfo.java:shutdownFollowerState(121)) - 2f64f904-2283-4e96-b4e2-6c9018f13084: shutdown FollowerState
2019-10-17 06:31:21,439 [grpc-default-executor-1] INFO  impl.RoleInfo (RoleInfo.java:shutdownFollowerState(121)) - 07fb1a7b-fe02-4a56-ac24-3020e88d4db0: shutdown FollowerState
2019-10-17 06:31:21,439 [Thread-2359] INFO  impl.FollowerState (FollowerState.java:run(117)) - 2f64f904-2283-4e96-b4e2-6c9018f13084@group-9ED9FEE0098D-FollowerState was interrupted: java.lang.InterruptedException: sleep interrupted
2019-10-17 06:31:21,439 [grpc-default-executor-6] INFO  impl.RoleInfo (RoleInfo.java:updateAndGet(143)) - 2f64f904-2283-4e96-b4e2-6c9018f13084: start FollowerState
2019-10-17 06:31:21,439 [0f256f10-8056-416e-a2a4-dd085f6c7864@group-9ED9FEE0098D-LeaderElection149] INFO  impl.LeaderElection (LeaderElection.java:logAndReturn(56)) - 0f256f10-8056-416e-a2a4-dd085f6c7864@group-9ED9FEE0098D-LeaderElection149: Election TIMEOUT; received 0 response(s) [] and 0 exception(s); 0f256f10-8056-416e-a2a4-dd085f6c7864@group-9ED9FEE0098D:t153, leader=null, voted=0f256f10-8056-416e-a2a4-dd085f6c7864, raftlog=0f256f10-8056-416e-a2a4-dd085f6c7864@group-9ED9FEE0098D-SegmentedRaftLog:OPENED:c-1,f-1,i0, conf=-1: [2f64f904-2283-4e96-b4e2-6c9018f13084:192.168.34.62:40373, 0f256f10-8056-416e-a2a4-dd085f6c7864:192.168.34.62:35674, 07fb1a7b-fe02-4a56-ac24-3020e88d4db0:192.168.34.62:46434], old=null
2019-10-17 06:31:21,439 [Thread-2358] INFO  impl.FollowerState (FollowerState.java:run(117)) - 07fb1a7b-fe02-4a56-ac24-3020e88d4db0@group-9ED9FEE0098D-FollowerState was interrupted: java.lang.InterruptedException: sleep interrupted
2019-10-17 06:31:21,439 [grpc-default-executor-1] INFO  impl.RoleInfo (RoleInfo.java:updateAndGet(143)) - 07fb1a7b-fe02-4a56-ac24-3020e88d4db0: start FollowerState
2019-10-17 06:31:21,453 [0f256f10-8056-416e-a2a4-dd085f6c7864@group-9ED9FEE0098D-LeaderElection149] INFO  impl.LeaderElection (LeaderElection.java:askForVotes(178)) - 0f256f10-8056-416e-a2a4-dd085f6c7864@group-9ED9FEE0098D-LeaderElection149: begin an election at term 154 for -1: [2f64f904-2283-4e96-b4e2-6c9018f13084:192.168.34.62:40373, 0f256f10-8056-416e-a2a4-dd085f6c7864:192.168.34.62:35674, 07fb1a7b-fe02-4a56-ac24-3020e88d4db0:192.168.34.62:46434], old=null
2019-10-17 06:31:21,455 [grpc-default-executor-1] INFO  impl.RaftServerImpl (RaftServerImpl.java:setRole(184)) - 07fb1a7b-fe02-4a56-ac24-3020e88d4db0@group-9ED9FEE0098D: changes role from  FOLLOWER to FOLLOWER at term 154 for recognizeCandidate:0f256f10-8056-416e-a2a4-dd085f6c7864
2019-10-17 06:31:21,455 [grpc-default-executor-1] INFO  impl.RoleInfo (RoleInfo.java:shutdownFollowerState(121)) - 07fb1a7b-fe02-4a56-ac24-3020e88d4db0: shutdown FollowerState
2019-10-17 06:31:21,456 [grpc-default-executor-1] INFO  impl.RoleInfo (RoleInfo.java:updateAndGet(143)) - 07fb1a7b-fe02-4a56-ac24-3020e88d4db0: start FollowerState
2019-10-17 06:31:21,456 [Thread-2365] INFO  impl.FollowerState (FollowerState.java:run(117)) - 07fb1a7b-fe02-4a56-ac24-3020e88d4db0@group-9ED9FEE0098D-FollowerState was interrupted: java.lang.InterruptedException: sleep interrupted
2019-10-17 06:31:21,456 [grpc-default-executor-6] INFO  impl.RaftServerImpl (RaftServerImpl.java:setRole(184)) - 2f64f904-2283-4e96-b4e2-6c9018f13084@group-9ED9FEE0098D: changes role from  FOLLOWER to FOLLOWER at term 154 for recognizeCandidate:0f256f10-8056-416e-a2a4-dd085f6c7864
2019-10-17 06:31:21,456 [grpc-default-executor-6] INFO  impl.RoleInfo (RoleInfo.java:shutdownFollowerState(121)) - 2f64f904-2283-4e96-b4e2-6c9018f13084: shutdown FollowerState
2019-10-17 06:31:21,456 [grpc-default-executor-6] INFO  impl.RoleInfo (RoleInfo.java:updateAndGet(143)) - 2f64f904-2283-4e96-b4e2-6c9018f13084: start FollowerState
2019-10-17 06:31:21,456 [Thread-2364] INFO  impl.FollowerState (FollowerState.java:run(117)) - 2f64f904-2283-4e96-b4e2-6c9018f13084@group-9ED9FEE0098D-FollowerState was interrupted: java.lang.InterruptedException: sleep interrupted
2019-10-17 06:31:21,470 [0f256f10-8056-416e-a2a4-dd085f6c7864@group-9ED9FEE0098D-LeaderElection149] INFO  impl.LeaderElection (LeaderElection.java:logAndReturn(56)) - 0f256f10-8056-416e-a2a4-dd085f6c7864@group-9ED9FEE0098D-LeaderElection149: Election REJECTED; received 2 response(s) [0f256f10-8056-416e-a2a4-dd085f6c7864<-2f64f904-2283-4e96-b4e2-6c9018f13084#0:FAIL-t154, 0f256f10-8056-416e-a2a4-dd085f6c7864<-07fb1a7b-fe02-4a56-ac24-3020e88d4db0#0:FAIL-t154] and 0 exception(s); 0f256f10-8056-416e-a2a4-dd085f6c7864@group-9ED9FEE0098D:t154, leader=null, voted=0f256f10-8056-416e-a2a4-dd085f6c7864, raftlog=0f256f10-8056-416e-a2a4-dd085f6c7864@group-9ED9FEE0098D-SegmentedRaftLog:OPENED:c-1,f-1,i0, conf=-1: [2f64f904-2283-4e96-b4e2-6c9018f13084:192.168.34.62:40373, 0f256f10-8056-416e-a2a4-dd085f6c7864:192.168.34.62:35674, 07fb1a7b-fe02-4a56-ac24-3020e88d4db0:192.168.34.62:46434], old=null
2019-10-17 06:31:21,470 [0f256f10-8056-416e-a2a4-dd085f6c7864@group-9ED9FEE0098D-LeaderElection149] INFO  impl.RaftServerImpl (RaftServerImpl.java:setRole(184)) - 0f256f10-8056-416e-a2a4-dd085f6c7864@group-9ED9FEE0098D: changes role from CANDIDATE to FOLLOWER at term 154 for DISCOVERED_A_NEW_TERM
2019-10-17 06:31:21,470 [0f256f10-8056-416e-a2a4-dd085f6c7864@group-9ED9FEE0098D-LeaderElection149] INFO  impl.RoleInfo (RoleInfo.java:shutdownLeaderElection(134)) - 0f256f10-8056-416e-a2a4-dd085f6c7864: shutdown LeaderElection
2019-10-17 06:31:21,470 [0f256f10-8056-416e-a2a4-dd085f6c7864@group-9ED9FEE0098D-LeaderElection149] INFO  impl.RoleInfo (RoleInfo.java:updateAndGet(143)) - 0f256f10-8056-416e-a2a4-dd085f6c7864: start FollowerState
2019-10-17 06:31:21,575 [Thread-2370] INFO  impl.FollowerState (FollowerState.java:run(108)) - 0f256f10-8056-416e-a2a4-dd085f6c7864@group-9ED9FEE0098D-FollowerState: change to CANDIDATE, lastRpcTime:104ms, electionTimeout:104ms
2019-10-17 06:31:21,575 [Thread-2370] INFO  impl.RoleInfo (RoleInfo.java:shutdownFollowerState(121)) - 0f256f10-8056-416e-a2a4-dd085f6c7864: shutdown FollowerState
2019-10-17 06:31:21,575 [Thread-2370] INFO  impl.RaftServerImpl (RaftServerImpl.java:setRole(184)) - 0f256f10-8056-416e-a2a4-dd085f6c7864@group-9ED9FEE0098D: changes role from  FOLLOWER to CANDIDATE at term 154 for changeToCandidate
2019-10-17 06:31:21,575 [Thread-2370] INFO  impl.RoleInfo (RoleInfo.java:updateAndGet(143)) - 0f256f10-8056-416e-a2a4-dd085f6c7864: start LeaderElection
2019-10-17 06:31:21,607 [0f256f10-8056-416e-a2a4-dd085f6c7864@group-9ED9FEE0098D-LeaderElection150] INFO  impl.LeaderElection (LeaderElection.java:askForVotes(178)) - 0f256f10-8056-416e-a2a4-dd085f6c7864@group-9ED9FEE0098D-LeaderElection150: begin an election at term 155 for -1: [2f64f904-2283-4e96-b4e2-6c9018f13084:192.168.34.62:40373, 0f256f10-8056-416e-a2a4-dd085f6c7864:192.168.34.62:35674, 07fb1a7b-fe02-4a56-ac24-3020e88d4db0:192.168.34.62:46434], old=null
2019-10-17 06:31:21,609 [grpc-default-executor-1] INFO  impl.RaftServerImpl (RaftServerImpl.java:setRole(184)) - 07fb1a7b-fe02-4a56-ac24-3020e88d4db0@group-9ED9FEE0098D: changes role from  FOLLOWER to FOLLOWER at term 155 for recognizeCandidate:0f256f10-8056-416e-a2a4-dd085f6c7864
2019-10-17 06:31:21,610 [grpc-default-executor-1] INFO  impl.RoleInfo (RoleInfo.java:shutdownFollowerState(121)) - 07fb1a7b-fe02-4a56-ac24-3020e88d4db0: shutdown FollowerState
2019-10-17 06:31:21,610 [grpc-default-executor-1] INFO  impl.RoleInfo (RoleInfo.java:updateAndGet(143)) - 07fb1a7b-fe02-4a56-ac24-3020e88d4db0: start FollowerState
2019-10-17 06:31:21,610 [Thread-2368] INFO  impl.FollowerState (FollowerState.java:run(117)) - 07fb1a7b-fe02-4a56-ac24-3020e88d4db0@group-9ED9FEE0098D-FollowerState was interrupted: java.lang.InterruptedException: sleep interrupted
2019-10-17 06:31:21,610 [grpc-default-executor-6] INFO  impl.RaftServerImpl (RaftServerImpl.java:setRole(184)) - 2f64f904-2283-4e96-b4e2-6c9018f13084@group-9ED9FEE0098D: changes role from  FOLLOWER to FOLLOWER at term 155 for recognizeCandidate:0f256f10-8056-416e-a2a4-dd085f6c7864
2019-10-17 06:31:21,610 [grpc-default-executor-6] INFO  impl.RoleInfo (RoleInfo.java:shutdownFollowerState(121)) - 2f64f904-2283-4e96-b4e2-6c9018f13084: shutdown FollowerState
2019-10-17 06:31:21,610 [grpc-default-executor-6] INFO  impl.RoleInfo (RoleInfo.java:updateAndGet(143)) - 2f64f904-2283-4e96-b4e2-6c9018f13084: start FollowerState
2019-10-17 06:31:21,610 [Thread-2369] INFO  impl.FollowerState (FollowerState.java:run(117)) - 2f64f904-2283-4e96-b4e2-6c9018f13084@group-9ED9FEE0098D-FollowerState was interrupted: java.lang.InterruptedException: sleep interrupted
2019-10-17 06:31:21,634 [0f256f10-8056-416e-a2a4-dd085f6c7864@group-9ED9FEE0098D-LeaderElection150] INFO  impl.LeaderElection (LeaderElection.java:logAndReturn(56)) - 0f256f10-8056-416e-a2a4-dd085f6c7864@group-9ED9FEE0098D-LeaderElection150: Election REJECTED; received 2 response(s) [0f256f10-8056-416e-a2a4-dd085f6c7864<-2f64f904-2283-4e96-b4e2-6c9018f13084#0:FAIL-t155, 0f256f10-8056-416e-a2a4-dd085f6c7864<-07fb1a7b-fe02-4a56-ac24-3020e88d4db0#0:FAIL-t155] and 0 exception(s); 0f256f10-8056-416e-a2a4-dd085f6c7864@group-9ED9FEE0098D:t155, leader=null, voted=0f256f10-8056-416e-a2a4-dd085f6c7864, raftlog=0f256f10-8056-416e-a2a4-dd085f6c7864@group-9ED9FEE0098D-SegmentedRaftLog:OPENED:c-1,f-1,i0, conf=-1: [2f64f904-2283-4e96-b4e2-6c9018f13084:192.168.34.62:40373, 0f256f10-8056-416e-a2a4-dd085f6c7864:192.168.34.62:35674, 07fb1a7b-fe02-4a56-ac24-3020e88d4db0:192.168.34.62:46434], old=null
2019-10-17 06:31:21,634 [0f256f10-8056-416e-a2a4-dd085f6c7864@group-9ED9FEE0098D-LeaderElection150] INFO  impl.RaftServerImpl (RaftServerImpl.java:setRole(184)) - 0f256f10-8056-416e-a2a4-dd085f6c7864@group-9ED9FEE0098D: changes role from CANDIDATE to FOLLOWER at term 155 for DISCOVERED_A_NEW_TERM
2019-10-17 06:31:21,634 [0f256f10-8056-416e-a2a4-dd085f6c7864@group-9ED9FEE0098D-LeaderElection150] INFO  impl.RoleInfo (RoleInfo.java:shutdownLeaderElection(134)) - 0f256f10-8056-416e-a2a4-dd085f6c7864: shutdown LeaderElection
2019-10-17 06:31:21,634 [0f256f10-8056-416e-a2a4-dd085f6c7864@group-9ED9FEE0098D-LeaderElection150] INFO  impl.RoleInfo (RoleInfo.java:updateAndGet(143)) - 0f256f10-8056-416e-a2a4-dd085f6c7864: start FollowerState
2019-10-17 06:31:21,644 [Thread-1202] INFO  ozone.MiniOzoneClusterImpl (MiniOzoneClusterImpl.java:lambda$waitForClusterToBeReady$2(164)) - Waiting for 1 number of pipelines out of 4, to report a leader.
2019-10-17 06:31:21,698 [Thread-2376] INFO  impl.FollowerState (FollowerState.java:run(108)) - 0f256f10-8056-416e-a2a4-dd085f6c7864@group-9ED9FEE0098D-FollowerState: change to CANDIDATE, lastRpcTime:63ms, electionTimeout:63ms
2019-10-17 06:31:21,698 [Thread-2376] INFO  impl.RoleInfo (RoleInfo.java:shutdownFollowerState(121)) - 0f256f10-8056-416e-a2a4-dd085f6c7864: shutdown FollowerState
2019-10-17 06:31:21,698 [Thread-2376] INFO  impl.RaftServerImpl (RaftServerImpl.java:setRole(184)) - 0f256f10-8056-416e-a2a4-dd085f6c7864@group-9ED9FEE0098D: changes role from  FOLLOWER to CANDIDATE at term 155 for changeToCandidate
2019-10-17 06:31:21,698 [Thread-2376] INFO  impl.RoleInfo (RoleInfo.java:updateAndGet(143)) - 0f256f10-8056-416e-a2a4-dd085f6c7864: start LeaderElection
2019-10-17 06:31:21,723 [0f256f10-8056-416e-a2a4-dd085f6c7864@group-9ED9FEE0098D-LeaderElection151] INFO  impl.LeaderElection (LeaderElection.java:askForVotes(178)) - 0f256f10-8056-416e-a2a4-dd085f6c7864@group-9ED9FEE0098D-LeaderElection151: begin an election at term 156 for -1: [2f64f904-2283-4e96-b4e2-6c9018f13084:192.168.34.62:40373, 0f256f10-8056-416e-a2a4-dd085f6c7864:192.168.34.62:35674, 07fb1a7b-fe02-4a56-ac24-3020e88d4db0:192.168.34.62:46434], old=null
2019-10-17 06:31:21,726 [grpc-default-executor-6] INFO  impl.RaftServerImpl (RaftServerImpl.java:setRole(184)) - 07fb1a7b-fe02-4a56-ac24-3020e88d4db0@group-9ED9FEE0098D: changes role from  FOLLOWER to FOLLOWER at term 156 for recognizeCandidate:0f256f10-8056-416e-a2a4-dd085f6c7864
2019-10-17 06:31:21,726 [grpc-default-executor-1] INFO  impl.RaftServerImpl (RaftServerImpl.java:setRole(184)) - 2f64f904-2283-4e96-b4e2-6c9018f13084@group-9ED9FEE0098D: changes role from  FOLLOWER to FOLLOWER at term 156 for recognizeCandidate:0f256f10-8056-416e-a2a4-dd085f6c7864
2019-10-17 06:31:21,726 [grpc-default-executor-6] INFO  impl.RoleInfo (RoleInfo.java:shutdownFollowerState(121)) - 07fb1a7b-fe02-4a56-ac24-3020e88d4db0: shutdown FollowerState
2019-10-17 06:31:21,726 [grpc-default-executor-1] INFO  impl.RoleInfo (RoleInfo.java:shutdownFollowerState(121)) - 2f64f904-2283-4e96-b4e2-6c9018f13084: shutdown FollowerState
2019-10-17 06:31:21,726 [Thread-2374] INFO  impl.FollowerState (FollowerState.java:run(117)) - 07fb1a7b-fe02-4a56-ac24-3020e88d4db0@group-9ED9FEE0098D-FollowerState was interrupted: java.lang.InterruptedException: sleep interrupted
2019-10-17 06:31:21,726 [grpc-default-executor-6] INFO  impl.RoleInfo (RoleInfo.java:updateAndGet(143)) - 07fb1a7b-fe02-4a56-ac24-3020e88d4db0: start FollowerState
2019-10-17 06:31:21,727 [Thread-2375] INFO  impl.FollowerState (FollowerState.java:run(117)) - 2f64f904-2283-4e96-b4e2-6c9018f13084@group-9ED9FEE0098D-FollowerState was interrupted: java.lang.InterruptedException: sleep interrupted
2019-10-17 06:31:21,727 [grpc-default-executor-1] INFO  impl.RoleInfo (RoleInfo.java:updateAndGet(143)) - 2f64f904-2283-4e96-b4e2-6c9018f13084: start FollowerState
2019-10-17 06:31:21,751 [0f256f10-8056-416e-a2a4-dd085f6c7864@group-9ED9FEE0098D-LeaderElection151] INFO  impl.LeaderElection (LeaderElection.java:logAndReturn(56)) - 0f256f10-8056-416e-a2a4-dd085f6c7864@group-9ED9FEE0098D-LeaderElection151: Election REJECTED; received 2 response(s) [0f256f10-8056-416e-a2a4-dd085f6c7864<-2f64f904-2283-4e96-b4e2-6c9018f13084#0:FAIL-t156, 0f256f10-8056-416e-a2a4-dd085f6c7864<-07fb1a7b-fe02-4a56-ac24-3020e88d4db0#0:FAIL-t156] and 0 exception(s); 0f256f10-8056-416e-a2a4-dd085f6c7864@group-9ED9FEE0098D:t156, leader=null, voted=0f256f10-8056-416e-a2a4-dd085f6c7864, raftlog=0f256f10-8056-416e-a2a4-dd085f6c7864@group-9ED9FEE0098D-SegmentedRaftLog:OPENED:c-1,f-1,i0, conf=-1: [2f64f904-2283-4e96-b4e2-6c9018f13084:192.168.34.62:40373, 0f256f10-8056-416e-a2a4-dd085f6c7864:192.168.34.62:35674, 07fb1a7b-fe02-4a56-ac24-3020e88d4db0:192.168.34.62:46434], old=null
2019-10-17 06:31:21,752 [0f256f10-8056-416e-a2a4-dd085f6c7864@group-9ED9FEE0098D-LeaderElection151] INFO  impl.RaftServerImpl (RaftServerImpl.java:setRole(184)) - 0f256f10-8056-416e-a2a4-dd085f6c7864@group-9ED9FEE0098D: changes role from CANDIDATE to FOLLOWER at term 156 for DISCOVERED_A_NEW_TERM
2019-10-17 06:31:21,752 [0f256f10-8056-416e-a2a4-dd085f6c7864@group-9ED9FEE0098D-LeaderElection151] INFO  impl.RoleInfo (RoleInfo.java:shutdownLeaderElection(134)) - 0f256f10-8056-416e-a2a4-dd085f6c7864: shutdown LeaderElection
2019-10-17 06:31:21,752 [0f256f10-8056-416e-a2a4-dd085f6c7864@group-9ED9FEE0098D-LeaderElection151] INFO  impl.RoleInfo (RoleInfo.java:updateAndGet(143)) - 0f256f10-8056-416e-a2a4-dd085f6c7864: start FollowerState
2019-10-17 06:31:21,754 [Thread-2382] INFO  impl.FollowerState (FollowerState.java:run(108)) - 0f256f10-8056-416e-a2a4-dd085f6c7864@group-9ED9FEE0098D-FollowerState: change to CANDIDATE, lastRpcTime:2ms, electionTimeout:2ms
2019-10-17 06:31:21,755 [Thread-2382] INFO  impl.RoleInfo (RoleInfo.java:shutdownFollowerState(121)) - 0f256f10-8056-416e-a2a4-dd085f6c7864: shutdown FollowerState
2019-10-17 06:31:21,755 [Thread-2382] INFO  impl.RaftServerImpl (RaftServerImpl.java:setRole(184)) - 0f256f10-8056-416e-a2a4-dd085f6c7864@group-9ED9FEE0098D: changes role from  FOLLOWER to CANDIDATE at term 156 for changeToCandidate
2019-10-17 06:31:21,755 [Thread-2382] INFO  impl.RoleInfo (RoleInfo.java:updateAndGet(143)) - 0f256f10-8056-416e-a2a4-dd085f6c7864: start LeaderElection
2019-10-17 06:31:21,779 [0f256f10-8056-416e-a2a4-dd085f6c7864@group-9ED9FEE0098D-LeaderElection152] INFO  impl.LeaderElection (LeaderElection.java:askForVotes(178)) - 0f256f10-8056-416e-a2a4-dd085f6c7864@group-9ED9FEE0098D-LeaderElection152: begin an election at term 157 for -1: [2f64f904-2283-4e96-b4e2-6c9018f13084:192.168.34.62:40373, 0f256f10-8056-416e-a2a4-dd085f6c7864:192.168.34.62:35674, 07fb1a7b-fe02-4a56-ac24-3020e88d4db0:192.168.34.62:46434], old=null
2019-10-17 06:31:21,781 [grpc-default-executor-1] INFO  impl.RaftServerImpl (RaftServerImpl.java:setRole(184)) - 2f64f904-2283-4e96-b4e2-6c9018f13084@group-9ED9FEE0098D: changes role from  FOLLOWER to FOLLOWER at term 157 for recognizeCandidate:0f256f10-8056-416e-a2a4-dd085f6c7864
2019-10-17 06:31:21,781 [grpc-default-executor-6] INFO  impl.RaftServerImpl (RaftServerImpl.java:setRole(184)) - 07fb1a7b-fe02-4a56-ac24-3020e88d4db0@group-9ED9FEE0098D: changes role from  FOLLOWER to FOLLOWER at term 157 for recognizeCandidate:0f256f10-8056-416e-a2a4-dd085f6c7864
2019-10-17 06:31:21,781 [grpc-default-executor-1] INFO  impl.RoleInfo (RoleInfo.java:shutdownFollowerState(121)) - 2f64f904-2283-4e96-b4e2-6c9018f13084: shutdown FollowerState
2019-10-17 06:31:21,781 [grpc-default-executor-6] INFO  impl.RoleInfo (RoleInfo.java:shutdownFollowerState(121)) - 07fb1a7b-fe02-4a56-ac24-3020e88d4db0: shutdown FollowerState
2019-10-17 06:31:21,782 [Thread-2381] INFO  impl.FollowerState (FollowerState.java:run(117)) - 2f64f904-2283-4e96-b4e2-6c9018f13084@group-9ED9FEE0098D-FollowerState was interrupted: java.lang.InterruptedException: sleep interrupted
2019-10-17 06:31:21,782 [grpc-default-executor-1] INFO  impl.RoleInfo (RoleInfo.java:updateAndGet(143)) - 2f64f904-2283-4e96-b4e2-6c9018f13084: start FollowerState
2019-10-17 06:31:21,782 [Thread-2380] INFO  impl.FollowerState (FollowerState.java:run(117)) - 07fb1a7b-fe02-4a56-ac24-3020e88d4db0@group-9ED9FEE0098D-FollowerState was interrupted: java.lang.InterruptedException: sleep interrupted
2019-10-17 06:31:21,782 [grpc-default-executor-6] INFO  impl.RoleInfo (RoleInfo.java:updateAndGet(143)) - 07fb1a7b-fe02-4a56-ac24-3020e88d4db0: start FollowerState
2019-10-17 06:31:21,796 [0f256f10-8056-416e-a2a4-dd085f6c7864@group-9ED9FEE0098D-LeaderElection152] INFO  impl.LeaderElection (LeaderElection.java:logAndReturn(56)) - 0f256f10-8056-416e-a2a4-dd085f6c7864@group-9ED9FEE0098D-LeaderElection152: Election REJECTED; received 2 response(s) [0f256f10-8056-416e-a2a4-dd085f6c7864<-2f64f904-2283-4e96-b4e2-6c9018f13084#0:FAIL-t157, 0f256f10-8056-416e-a2a4-dd085f6c7864<-07fb1a7b-fe02-4a56-ac24-3020e88d4db0#0:FAIL-t157] and 0 exception(s); 0f256f10-8056-416e-a2a4-dd085f6c7864@group-9ED9FEE0098D:t157, leader=null, voted=0f256f10-8056-416e-a2a4-dd085f6c7864, raftlog=0f256f10-8056-416e-a2a4-dd085f6c7864@group-9ED9FEE0098D-SegmentedRaftLog:OPENED:c-1,f-1,i0, conf=-1: [2f64f904-2283-4e96-b4e2-6c9018f13084:192.168.34.62:40373, 0f256f10-8056-416e-a2a4-dd085f6c7864:192.168.34.62:35674, 07fb1a7b-fe02-4a56-ac24-3020e88d4db0:192.168.34.62:46434], old=null
2019-10-17 06:31:21,796 [0f256f10-8056-416e-a2a4-dd085f6c7864@group-9ED9FEE0098D-LeaderElection152] INFO  impl.RaftServerImpl (RaftServerImpl.java:setRole(184)) - 0f256f10-8056-416e-a2a4-dd085f6c7864@group-9ED9FEE0098D: changes role from CANDIDATE to FOLLOWER at term 157 for DISCOVERED_A_NEW_TERM
2019-10-17 06:31:21,797 [0f256f10-8056-416e-a2a4-dd085f6c7864@group-9ED9FEE0098D-LeaderElection152] INFO  impl.RoleInfo (RoleInfo.java:shutdownLeaderElection(134)) - 0f256f10-8056-416e-a2a4-dd085f6c7864: shutdown LeaderElection
2019-10-17 06:31:21,797 [0f256f10-8056-416e-a2a4-dd085f6c7864@group-9ED9FEE0098D-LeaderElection152] INFO  impl.RoleInfo (RoleInfo.java:updateAndGet(143)) - 0f256f10-8056-416e-a2a4-dd085f6c7864: start FollowerState
2019-10-17 06:31:21,916 [Thread-2388] INFO  impl.FollowerState (FollowerState.java:run(108)) - 0f256f10-8056-416e-a2a4-dd085f6c7864@group-9ED9FEE0098D-FollowerState: change to CANDIDATE, lastRpcTime:119ms, electionTimeout:119ms
2019-10-17 06:31:21,916 [Thread-2388] INFO  impl.RoleInfo (RoleInfo.java:shutdownFollowerState(121)) - 0f256f10-8056-416e-a2a4-dd085f6c7864: shutdown FollowerState
2019-10-17 06:31:21,916 [Thread-2388] INFO  impl.RaftServerImpl (RaftServerImpl.java:setRole(184)) - 0f256f10-8056-416e-a2a4-dd085f6c7864@group-9ED9FEE0098D: changes role from  FOLLOWER to CANDIDATE at term 157 for changeToCandidate
2019-10-17 06:31:21,917 [Thread-2388] INFO  impl.RoleInfo (RoleInfo.java:updateAndGet(143)) - 0f256f10-8056-416e-a2a4-dd085f6c7864: start LeaderElection
2019-10-17 06:31:21,941 [0f256f10-8056-416e-a2a4-dd085f6c7864@group-9ED9FEE0098D-LeaderElection153] INFO  impl.LeaderElection (LeaderElection.java:askForVotes(178)) - 0f256f10-8056-416e-a2a4-dd085f6c7864@group-9ED9FEE0098D-LeaderElection153: begin an election at term 158 for -1: [2f64f904-2283-4e96-b4e2-6c9018f13084:192.168.34.62:40373, 0f256f10-8056-416e-a2a4-dd085f6c7864:192.168.34.62:35674, 07fb1a7b-fe02-4a56-ac24-3020e88d4db0:192.168.34.62:46434], old=null
2019-10-17 06:31:21,944 [grpc-default-executor-6] INFO  impl.RaftServerImpl (RaftServerImpl.java:setRole(184)) - 07fb1a7b-fe02-4a56-ac24-3020e88d4db0@group-9ED9FEE0098D: changes role from  FOLLOWER to FOLLOWER at term 158 for recognizeCandidate:0f256f10-8056-416e-a2a4-dd085f6c7864
2019-10-17 06:31:21,944 [grpc-default-executor-6] INFO  impl.RoleInfo (RoleInfo.java:shutdownFollowerState(121)) - 07fb1a7b-fe02-4a56-ac24-3020e88d4db0: shutdown FollowerState
2019-10-17 06:31:21,944 [grpc-default-executor-1] INFO  impl.RaftServerImpl (RaftServerImpl.java:setRole(184)) - 2f64f904-2283-4e96-b4e2-6c9018f13084@group-9ED9FEE0098D: changes role from  FOLLOWER to FOLLOWER at term 158 for recognizeCandidate:0f256f10-8056-416e-a2a4-dd085f6c7864
2019-10-17 06:31:21,944 [Thread-2387] INFO  impl.FollowerState (FollowerState.java:run(117)) - 07fb1a7b-fe02-4a56-ac24-3020e88d4db0@group-9ED9FEE0098D-FollowerState was interrupted: java.lang.InterruptedException: sleep interrupted
2019-10-17 06:31:21,944 [grpc-default-executor-6] INFO  impl.RoleInfo (RoleInfo.java:updateAndGet(143)) - 07fb1a7b-fe02-4a56-ac24-3020e88d4db0: start FollowerState
2019-10-17 06:31:21,944 [grpc-default-executor-1] INFO  impl.RoleInfo (RoleInfo.java:shutdownFollowerState(121)) - 2f64f904-2283-4e96-b4e2-6c9018f13084: shutdown FollowerState
2019-10-17 06:31:21,944 [grpc-default-executor-1] INFO  impl.RoleInfo (RoleInfo.java:updateAndGet(143)) - 2f64f904-2283-4e96-b4e2-6c9018f13084: start FollowerState
2019-10-17 06:31:21,944 [Thread-2386] INFO  impl.FollowerState (FollowerState.java:run(117)) - 2f64f904-2283-4e96-b4e2-6c9018f13084@group-9ED9FEE0098D-FollowerState was interrupted: java.lang.InterruptedException: sleep interrupted
2019-10-17 06:31:21,968 [0f256f10-8056-416e-a2a4-dd085f6c7864@group-9ED9FEE0098D-LeaderElection153] INFO  impl.LeaderElection (LeaderElection.java:logAndReturn(56)) - 0f256f10-8056-416e-a2a4-dd085f6c7864@group-9ED9FEE0098D-LeaderElection153: Election REJECTED; received 2 response(s) [0f256f10-8056-416e-a2a4-dd085f6c7864<-2f64f904-2283-4e96-b4e2-6c9018f13084#0:FAIL-t158, 0f256f10-8056-416e-a2a4-dd085f6c7864<-07fb1a7b-fe02-4a56-ac24-3020e88d4db0#0:FAIL-t158] and 0 exception(s); 0f256f10-8056-416e-a2a4-dd085f6c7864@group-9ED9FEE0098D:t158, leader=null, voted=0f256f10-8056-416e-a2a4-dd085f6c7864, raftlog=0f256f10-8056-416e-a2a4-dd085f6c7864@group-9ED9FEE0098D-SegmentedRaftLog:OPENED:c-1,f-1,i0, conf=-1: [2f64f904-2283-4e96-b4e2-6c9018f13084:192.168.34.62:40373, 0f256f10-8056-416e-a2a4-dd085f6c7864:192.168.34.62:35674, 07fb1a7b-fe02-4a56-ac24-3020e88d4db0:192.168.34.62:46434], old=null
2019-10-17 06:31:21,968 [0f256f10-8056-416e-a2a4-dd085f6c7864@group-9ED9FEE0098D-LeaderElection153] INFO  impl.RaftServerImpl (RaftServerImpl.java:setRole(184)) - 0f256f10-8056-416e-a2a4-dd085f6c7864@group-9ED9FEE0098D: changes role from CANDIDATE to FOLLOWER at term 158 for DISCOVERED_A_NEW_TERM
2019-10-17 06:31:21,968 [0f256f10-8056-416e-a2a4-dd085f6c7864@group-9ED9FEE0098D-LeaderElection153] INFO  impl.RoleInfo (RoleInfo.java:shutdownLeaderElection(134)) - 0f256f10-8056-416e-a2a4-dd085f6c7864: shutdown LeaderElection
2019-10-17 06:31:21,969 [0f256f10-8056-416e-a2a4-dd085f6c7864@group-9ED9FEE0098D-LeaderElection153] INFO  impl.RoleInfo (RoleInfo.java:updateAndGet(143)) - 0f256f10-8056-416e-a2a4-dd085f6c7864: start FollowerState
2019-10-17 06:31:22,162 [Thread-2394] INFO  impl.FollowerState (FollowerState.java:run(108)) - 0f256f10-8056-416e-a2a4-dd085f6c7864@group-9ED9FEE0098D-FollowerState: change to CANDIDATE, lastRpcTime:193ms, electionTimeout:193ms
2019-10-17 06:31:22,162 [Thread-2394] INFO  impl.RoleInfo (RoleInfo.java:shutdownFollowerState(121)) - 0f256f10-8056-416e-a2a4-dd085f6c7864: shutdown FollowerState
2019-10-17 06:31:22,162 [Thread-2394] INFO  impl.RaftServerImpl (RaftServerImpl.java:setRole(184)) - 0f256f10-8056-416e-a2a4-dd085f6c7864@group-9ED9FEE0098D: changes role from  FOLLOWER to CANDIDATE at term 158 for changeToCandidate
2019-10-17 06:31:22,163 [Thread-2394] INFO  impl.RoleInfo (RoleInfo.java:updateAndGet(143)) - 0f256f10-8056-416e-a2a4-dd085f6c7864: start LeaderElection
2019-10-17 06:31:22,187 [0f256f10-8056-416e-a2a4-dd085f6c7864@group-9ED9FEE0098D-LeaderElection154] INFO  impl.LeaderElection (LeaderElection.java:askForVotes(178)) - 0f256f10-8056-416e-a2a4-dd085f6c7864@group-9ED9FEE0098D-LeaderElection154: begin an election at term 159 for -1: [2f64f904-2283-4e96-b4e2-6c9018f13084:192.168.34.62:40373, 0f256f10-8056-416e-a2a4-dd085f6c7864:192.168.34.62:35674, 07fb1a7b-fe02-4a56-ac24-3020e88d4db0:192.168.34.62:46434], old=null
2019-10-17 06:31:22,189 [grpc-default-executor-1] INFO  impl.RaftServerImpl (RaftServerImpl.java:setRole(184)) - 2f64f904-2283-4e96-b4e2-6c9018f13084@group-9ED9FEE0098D: changes role from  FOLLOWER to FOLLOWER at term 159 for recognizeCandidate:0f256f10-8056-416e-a2a4-dd085f6c7864
2019-10-17 06:31:22,189 [grpc-default-executor-6] INFO  impl.RaftServerImpl (RaftServerImpl.java:setRole(184)) - 07fb1a7b-fe02-4a56-ac24-3020e88d4db0@group-9ED9FEE0098D: changes role from  FOLLOWER to FOLLOWER at term 159 for recognizeCandidate:0f256f10-8056-416e-a2a4-dd085f6c7864
2019-10-17 06:31:22,189 [grpc-default-executor-1] INFO  impl.RoleInfo (RoleInfo.java:shutdownFollowerState(121)) - 2f64f904-2283-4e96-b4e2-6c9018f13084: shutdown FollowerState
2019-10-17 06:31:22,189 [grpc-default-executor-6] INFO  impl.RoleInfo (RoleInfo.java:shutdownFollowerState(121)) - 07fb1a7b-fe02-4a56-ac24-3020e88d4db0: shutdown FollowerState
2019-10-17 06:31:22,190 [Thread-2393] INFO  impl.FollowerState (FollowerState.java:run(117)) - 2f64f904-2283-4e96-b4e2-6c9018f13084@group-9ED9FEE0098D-FollowerState was interrupted: java.lang.InterruptedException: sleep interrupted
2019-10-17 06:31:22,189 [grpc-default-executor-1] INFO  impl.RoleInfo (RoleInfo.java:updateAndGet(143)) - 2f64f904-2283-4e96-b4e2-6c9018f13084: start FollowerState
2019-10-17 06:31:22,190 [Thread-2392] INFO  impl.FollowerState (FollowerState.java:run(117)) - 07fb1a7b-fe02-4a56-ac24-3020e88d4db0@group-9ED9FEE0098D-FollowerState was interrupted: java.lang.InterruptedException: sleep interrupted
2019-10-17 06:31:22,190 [grpc-default-executor-6] INFO  impl.RoleInfo (RoleInfo.java:updateAndGet(143)) - 07fb1a7b-fe02-4a56-ac24-3020e88d4db0: start FollowerState
2019-10-17 06:31:22,208 [0f256f10-8056-416e-a2a4-dd085f6c7864@group-9ED9FEE0098D-LeaderElection154] INFO  impl.LeaderElection (LeaderElection.java:logAndReturn(56)) - 0f256f10-8056-416e-a2a4-dd085f6c7864@group-9ED9FEE0098D-LeaderElection154: Election REJECTED; received 2 response(s) [0f256f10-8056-416e-a2a4-dd085f6c7864<-2f64f904-2283-4e96-b4e2-6c9018f13084#0:FAIL-t159, 0f256f10-8056-416e-a2a4-dd085f6c7864<-07fb1a7b-fe02-4a56-ac24-3020e88d4db0#0:FAIL-t159] and 0 exception(s); 0f256f10-8056-416e-a2a4-dd085f6c7864@group-9ED9FEE0098D:t159, leader=null, voted=0f256f10-8056-416e-a2a4-dd085f6c7864, raftlog=0f256f10-8056-416e-a2a4-dd085f6c7864@group-9ED9FEE0098D-SegmentedRaftLog:OPENED:c-1,f-1,i0, conf=-1: [2f64f904-2283-4e96-b4e2-6c9018f13084:192.168.34.62:40373, 0f256f10-8056-416e-a2a4-dd085f6c7864:192.168.34.62:35674, 07fb1a7b-fe02-4a56-ac24-3020e88d4db0:192.168.34.62:46434], old=null
2019-10-17 06:31:22,208 [0f256f10-8056-416e-a2a4-dd085f6c7864@group-9ED9FEE0098D-LeaderElection154] INFO  impl.RaftServerImpl (RaftServerImpl.java:setRole(184)) - 0f256f10-8056-416e-a2a4-dd085f6c7864@group-9ED9FEE0098D: changes role from CANDIDATE to FOLLOWER at term 159 for DISCOVERED_A_NEW_TERM
2019-10-17 06:31:22,209 [0f256f10-8056-416e-a2a4-dd085f6c7864@group-9ED9FEE0098D-LeaderElection154] INFO  impl.RoleInfo (RoleInfo.java:shutdownLeaderElection(134)) - 0f256f10-8056-416e-a2a4-dd085f6c7864: shutdown LeaderElection
2019-10-17 06:31:22,209 [0f256f10-8056-416e-a2a4-dd085f6c7864@group-9ED9FEE0098D-LeaderElection154] INFO  impl.RoleInfo (RoleInfo.java:updateAndGet(143)) - 0f256f10-8056-416e-a2a4-dd085f6c7864: start FollowerState
2019-10-17 06:31:22,315 [Thread-2400] INFO  impl.FollowerState (FollowerState.java:run(108)) - 0f256f10-8056-416e-a2a4-dd085f6c7864@group-9ED9FEE0098D-FollowerState: change to CANDIDATE, lastRpcTime:106ms, electionTimeout:106ms
2019-10-17 06:31:22,315 [Thread-2400] INFO  impl.RoleInfo (RoleInfo.java:shutdownFollowerState(121)) - 0f256f10-8056-416e-a2a4-dd085f6c7864: shutdown FollowerState
2019-10-17 06:31:22,316 [Thread-2400] INFO  impl.RaftServerImpl (RaftServerImpl.java:setRole(184)) - 0f256f10-8056-416e-a2a4-dd085f6c7864@group-9ED9FEE0098D: changes role from  FOLLOWER to CANDIDATE at term 159 for changeToCandidate
2019-10-17 06:31:22,316 [Thread-2400] INFO  impl.RoleInfo (RoleInfo.java:updateAndGet(143)) - 0f256f10-8056-416e-a2a4-dd085f6c7864: start LeaderElection
2019-10-17 06:31:22,331 [0f256f10-8056-416e-a2a4-dd085f6c7864@group-9ED9FEE0098D-LeaderElection155] INFO  impl.LeaderElection (LeaderElection.java:askForVotes(178)) - 0f256f10-8056-416e-a2a4-dd085f6c7864@group-9ED9FEE0098D-LeaderElection155: begin an election at term 160 for -1: [2f64f904-2283-4e96-b4e2-6c9018f13084:192.168.34.62:40373, 0f256f10-8056-416e-a2a4-dd085f6c7864:192.168.34.62:35674, 07fb1a7b-fe02-4a56-ac24-3020e88d4db0:192.168.34.62:46434], old=null
2019-10-17 06:31:22,333 [grpc-default-executor-6] INFO  impl.RaftServerImpl (RaftServerImpl.java:setRole(184)) - 2f64f904-2283-4e96-b4e2-6c9018f13084@group-9ED9FEE0098D: changes role from  FOLLOWER to FOLLOWER at term 160 for recognizeCandidate:0f256f10-8056-416e-a2a4-dd085f6c7864
2019-10-17 06:31:22,333 [grpc-default-executor-6] INFO  impl.RoleInfo (RoleInfo.java:shutdownFollowerState(121)) - 2f64f904-2283-4e96-b4e2-6c9018f13084: shutdown FollowerState
2019-10-17 06:31:22,333 [grpc-default-executor-6] INFO  impl.RoleInfo (RoleInfo.java:updateAndGet(143)) - 2f64f904-2283-4e96-b4e2-6c9018f13084: start FollowerState
2019-10-17 06:31:22,333 [Thread-2398] INFO  impl.FollowerState (FollowerState.java:run(117)) - 2f64f904-2283-4e96-b4e2-6c9018f13084@group-9ED9FEE0098D-FollowerState was interrupted: java.lang.InterruptedException: sleep interrupted
2019-10-17 06:31:22,333 [grpc-default-executor-1] INFO  impl.RaftServerImpl (RaftServerImpl.java:setRole(184)) - 07fb1a7b-fe02-4a56-ac24-3020e88d4db0@group-9ED9FEE0098D: changes role from  FOLLOWER to FOLLOWER at term 160 for recognizeCandidate:0f256f10-8056-416e-a2a4-dd085f6c7864
2019-10-17 06:31:22,334 [grpc-default-executor-1] INFO  impl.RoleInfo (RoleInfo.java:shutdownFollowerState(121)) - 07fb1a7b-fe02-4a56-ac24-3020e88d4db0: shutdown FollowerState
2019-10-17 06:31:22,334 [grpc-default-executor-1] INFO  impl.RoleInfo (RoleInfo.java:updateAndGet(143)) - 07fb1a7b-fe02-4a56-ac24-3020e88d4db0: start FollowerState
2019-10-17 06:31:22,334 [Thread-2399] INFO  impl.FollowerState (FollowerState.java:run(117)) - 07fb1a7b-fe02-4a56-ac24-3020e88d4db0@group-9ED9FEE0098D-FollowerState was interrupted: java.lang.InterruptedException: sleep interrupted
2019-10-17 06:31:22,348 [0f256f10-8056-416e-a2a4-dd085f6c7864@group-9ED9FEE0098D-LeaderElection155] INFO  impl.LeaderElection (LeaderElection.java:logAndReturn(56)) - 0f256f10-8056-416e-a2a4-dd085f6c7864@group-9ED9FEE0098D-LeaderElection155: Election REJECTED; received 2 response(s) [0f256f10-8056-416e-a2a4-dd085f6c7864<-2f64f904-2283-4e96-b4e2-6c9018f13084#0:FAIL-t160, 0f256f10-8056-416e-a2a4-dd085f6c7864<-07fb1a7b-fe02-4a56-ac24-3020e88d4db0#0:FAIL-t160] and 0 exception(s); 0f256f10-8056-416e-a2a4-dd085f6c7864@group-9ED9FEE0098D:t160, leader=null, voted=0f256f10-8056-416e-a2a4-dd085f6c7864, raftlog=0f256f10-8056-416e-a2a4-dd085f6c7864@group-9ED9FEE0098D-SegmentedRaftLog:OPENED:c-1,f-1,i0, conf=-1: [2f64f904-2283-4e96-b4e2-6c9018f13084:192.168.34.62:40373, 0f256f10-8056-416e-a2a4-dd085f6c7864:192.168.34.62:35674, 07fb1a7b-fe02-4a56-ac24-3020e88d4db0:192.168.34.62:46434], old=null
2019-10-17 06:31:22,348 [0f256f10-8056-416e-a2a4-dd085f6c7864@group-9ED9FEE0098D-LeaderElection155] INFO  impl.RaftServerImpl (RaftServerImpl.java:setRole(184)) - 0f256f10-8056-416e-a2a4-dd085f6c7864@group-9ED9FEE0098D: changes role from CANDIDATE to FOLLOWER at term 160 for DISCOVERED_A_NEW_TERM
2019-10-17 06:31:22,348 [0f256f10-8056-416e-a2a4-dd085f6c7864@group-9ED9FEE0098D-LeaderElection155] INFO  impl.RoleInfo (RoleInfo.java:shutdownLeaderElection(134)) - 0f256f10-8056-416e-a2a4-dd085f6c7864: shutdown LeaderElection
2019-10-17 06:31:22,348 [0f256f10-8056-416e-a2a4-dd085f6c7864@group-9ED9FEE0098D-LeaderElection155] INFO  impl.RoleInfo (RoleInfo.java:updateAndGet(143)) - 0f256f10-8056-416e-a2a4-dd085f6c7864: start FollowerState
2019-10-17 06:31:22,429 [Thread-2406] INFO  impl.FollowerState (FollowerState.java:run(108)) - 0f256f10-8056-416e-a2a4-dd085f6c7864@group-9ED9FEE0098D-FollowerState: change to CANDIDATE, lastRpcTime:81ms, electionTimeout:81ms
2019-10-17 06:31:22,430 [Thread-2406] INFO  impl.RoleInfo (RoleInfo.java:shutdownFollowerState(121)) - 0f256f10-8056-416e-a2a4-dd085f6c7864: shutdown FollowerState
2019-10-17 06:31:22,430 [Thread-2406] INFO  impl.RaftServerImpl (RaftServerImpl.java:setRole(184)) - 0f256f10-8056-416e-a2a4-dd085f6c7864@group-9ED9FEE0098D: changes role from  FOLLOWER to CANDIDATE at term 160 for changeToCandidate
2019-10-17 06:31:22,430 [Thread-2406] INFO  impl.RoleInfo (RoleInfo.java:updateAndGet(143)) - 0f256f10-8056-416e-a2a4-dd085f6c7864: start LeaderElection
2019-10-17 06:31:22,444 [0f256f10-8056-416e-a2a4-dd085f6c7864@group-9ED9FEE0098D-LeaderElection156] INFO  impl.LeaderElection (LeaderElection.java:askForVotes(178)) - 0f256f10-8056-416e-a2a4-dd085f6c7864@group-9ED9FEE0098D-LeaderElection156: begin an election at term 161 for -1: [2f64f904-2283-4e96-b4e2-6c9018f13084:192.168.34.62:40373, 0f256f10-8056-416e-a2a4-dd085f6c7864:192.168.34.62:35674, 07fb1a7b-fe02-4a56-ac24-3020e88d4db0:192.168.34.62:46434], old=null
2019-10-17 06:31:22,446 [grpc-default-executor-6] INFO  impl.RaftServerImpl (RaftServerImpl.java:setRole(184)) - 2f64f904-2283-4e96-b4e2-6c9018f13084@group-9ED9FEE0098D: changes role from  FOLLOWER to FOLLOWER at term 161 for recognizeCandidate:0f256f10-8056-416e-a2a4-dd085f6c7864
2019-10-17 06:31:22,446 [grpc-default-executor-1] INFO  impl.RaftServerImpl (RaftServerImpl.java:setRole(184)) - 07fb1a7b-fe02-4a56-ac24-3020e88d4db0@group-9ED9FEE0098D: changes role from  FOLLOWER to FOLLOWER at term 161 for recognizeCandidate:0f256f10-8056-416e-a2a4-dd085f6c7864
2019-10-17 06:31:22,446 [grpc-default-executor-1] INFO  impl.RoleInfo (RoleInfo.java:shutdownFollowerState(121)) - 07fb1a7b-fe02-4a56-ac24-3020e88d4db0: shutdown FollowerState
2019-10-17 06:31:22,446 [grpc-default-executor-6] INFO  impl.RoleInfo (RoleInfo.java:shutdownFollowerState(121)) - 2f64f904-2283-4e96-b4e2-6c9018f13084: shutdown FollowerState
2019-10-17 06:31:22,447 [Thread-2405] INFO  impl.FollowerState (FollowerState.java:run(117)) - 07fb1a7b-fe02-4a56-ac24-3020e88d4db0@group-9ED9FEE0098D-FollowerState was interrupted: java.lang.InterruptedException: sleep interrupted
2019-10-17 06:31:22,447 [grpc-default-executor-1] INFO  impl.RoleInfo (RoleInfo.java:updateAndGet(143)) - 07fb1a7b-fe02-4a56-ac24-3020e88d4db0: start FollowerState
2019-10-17 06:31:22,447 [grpc-default-executor-6] INFO  impl.RoleInfo (RoleInfo.java:updateAndGet(143)) - 2f64f904-2283-4e96-b4e2-6c9018f13084: start FollowerState
2019-10-17 06:31:22,447 [Thread-2404] INFO  impl.FollowerState (FollowerState.java:run(117)) - 2f64f904-2283-4e96-b4e2-6c9018f13084@group-9ED9FEE0098D-FollowerState was interrupted: java.lang.InterruptedException: sleep interrupted
2019-10-17 06:31:22,460 [0f256f10-8056-416e-a2a4-dd085f6c7864@group-9ED9FEE0098D-LeaderElection156] INFO  impl.LeaderElection (LeaderElection.java:logAndReturn(56)) - 0f256f10-8056-416e-a2a4-dd085f6c7864@group-9ED9FEE0098D-LeaderElection156: Election REJECTED; received 2 response(s) [0f256f10-8056-416e-a2a4-dd085f6c7864<-2f64f904-2283-4e96-b4e2-6c9018f13084#0:FAIL-t161, 0f256f10-8056-416e-a2a4-dd085f6c7864<-07fb1a7b-fe02-4a56-ac24-3020e88d4db0#0:FAIL-t161] and 0 exception(s); 0f256f10-8056-416e-a2a4-dd085f6c7864@group-9ED9FEE0098D:t161, leader=null, voted=0f256f10-8056-416e-a2a4-dd085f6c7864, raftlog=0f256f10-8056-416e-a2a4-dd085f6c7864@group-9ED9FEE0098D-SegmentedRaftLog:OPENED:c-1,f-1,i0, conf=-1: [2f64f904-2283-4e96-b4e2-6c9018f13084:192.168.34.62:40373, 0f256f10-8056-416e-a2a4-dd085f6c7864:192.168.34.62:35674, 07fb1a7b-fe02-4a56-ac24-3020e88d4db0:192.168.34.62:46434], old=null
2019-10-17 06:31:22,460 [0f256f10-8056-416e-a2a4-dd085f6c7864@group-9ED9FEE0098D-LeaderElection156] INFO  impl.RaftServerImpl (RaftServerImpl.java:setRole(184)) - 0f256f10-8056-416e-a2a4-dd085f6c7864@group-9ED9FEE0098D: changes role from CANDIDATE to FOLLOWER at term 161 for DISCOVERED_A_NEW_TERM
2019-10-17 06:31:22,460 [0f256f10-8056-416e-a2a4-dd085f6c7864@group-9ED9FEE0098D-LeaderElection156] INFO  impl.RoleInfo (RoleInfo.java:shutdownLeaderElection(134)) - 0f256f10-8056-416e-a2a4-dd085f6c7864: shutdown LeaderElection
2019-10-17 06:31:22,460 [0f256f10-8056-416e-a2a4-dd085f6c7864@group-9ED9FEE0098D-LeaderElection156] INFO  impl.RoleInfo (RoleInfo.java:updateAndGet(143)) - 0f256f10-8056-416e-a2a4-dd085f6c7864: start FollowerState
2019-10-17 06:31:22,485 [Thread-2412] INFO  impl.FollowerState (FollowerState.java:run(108)) - 0f256f10-8056-416e-a2a4-dd085f6c7864@group-9ED9FEE0098D-FollowerState: change to CANDIDATE, lastRpcTime:24ms, electionTimeout:24ms
2019-10-17 06:31:22,485 [Thread-2412] INFO  impl.RoleInfo (RoleInfo.java:shutdownFollowerState(121)) - 0f256f10-8056-416e-a2a4-dd085f6c7864: shutdown FollowerState
2019-10-17 06:31:22,485 [Thread-2412] INFO  impl.RaftServerImpl (RaftServerImpl.java:setRole(184)) - 0f256f10-8056-416e-a2a4-dd085f6c7864@group-9ED9FEE0098D: changes role from  FOLLOWER to CANDIDATE at term 161 for changeToCandidate
2019-10-17 06:31:22,485 [Thread-2412] INFO  impl.RoleInfo (RoleInfo.java:updateAndGet(143)) - 0f256f10-8056-416e-a2a4-dd085f6c7864: start LeaderElection
2019-10-17 06:31:22,509 [0f256f10-8056-416e-a2a4-dd085f6c7864@group-9ED9FEE0098D-LeaderElection157] INFO  impl.LeaderElection (LeaderElection.java:askForVotes(178)) - 0f256f10-8056-416e-a2a4-dd085f6c7864@group-9ED9FEE0098D-LeaderElection157: begin an election at term 162 for -1: [2f64f904-2283-4e96-b4e2-6c9018f13084:192.168.34.62:40373, 0f256f10-8056-416e-a2a4-dd085f6c7864:192.168.34.62:35674, 07fb1a7b-fe02-4a56-ac24-3020e88d4db0:192.168.34.62:46434], old=null
2019-10-17 06:31:22,512 [grpc-default-executor-6] INFO  impl.RaftServerImpl (RaftServerImpl.java:setRole(184)) - 2f64f904-2283-4e96-b4e2-6c9018f13084@group-9ED9FEE0098D: changes role from  FOLLOWER to FOLLOWER at term 162 for recognizeCandidate:0f256f10-8056-416e-a2a4-dd085f6c7864
2019-10-17 06:31:22,512 [grpc-default-executor-6] INFO  impl.RoleInfo (RoleInfo.java:shutdownFollowerState(121)) - 2f64f904-2283-4e96-b4e2-6c9018f13084: shutdown FollowerState
2019-10-17 06:31:22,512 [grpc-default-executor-6] INFO  impl.RoleInfo (RoleInfo.java:updateAndGet(143)) - 2f64f904-2283-4e96-b4e2-6c9018f13084: start FollowerState
2019-10-17 06:31:22,512 [Thread-2411] INFO  impl.FollowerState (FollowerState.java:run(117)) - 2f64f904-2283-4e96-b4e2-6c9018f13084@group-9ED9FEE0098D-FollowerState was interrupted: java.lang.InterruptedException: sleep interrupted
2019-10-17 06:31:22,512 [grpc-default-executor-1] INFO  impl.RaftServerImpl (RaftServerImpl.java:setRole(184)) - 07fb1a7b-fe02-4a56-ac24-3020e88d4db0@group-9ED9FEE0098D: changes role from  FOLLOWER to FOLLOWER at term 162 for recognizeCandidate:0f256f10-8056-416e-a2a4-dd085f6c7864
2019-10-17 06:31:22,512 [grpc-default-executor-1] INFO  impl.RoleInfo (RoleInfo.java:shutdownFollowerState(121)) - 07fb1a7b-fe02-4a56-ac24-3020e88d4db0: shutdown FollowerState
2019-10-17 06:31:22,512 [grpc-default-executor-1] INFO  impl.RoleInfo (RoleInfo.java:updateAndGet(143)) - 07fb1a7b-fe02-4a56-ac24-3020e88d4db0: start FollowerState
2019-10-17 06:31:22,512 [Thread-2410] INFO  impl.FollowerState (FollowerState.java:run(117)) - 07fb1a7b-fe02-4a56-ac24-3020e88d4db0@group-9ED9FEE0098D-FollowerState was interrupted: java.lang.InterruptedException: sleep interrupted
2019-10-17 06:31:22,526 [0f256f10-8056-416e-a2a4-dd085f6c7864@group-9ED9FEE0098D-LeaderElection157] INFO  impl.LeaderElection (LeaderElection.java:logAndReturn(56)) - 0f256f10-8056-416e-a2a4-dd085f6c7864@group-9ED9FEE0098D-LeaderElection157: Election REJECTED; received 2 response(s) [0f256f10-8056-416e-a2a4-dd085f6c7864<-2f64f904-2283-4e96-b4e2-6c9018f13084#0:FAIL-t162, 0f256f10-8056-416e-a2a4-dd085f6c7864<-07fb1a7b-fe02-4a56-ac24-3020e88d4db0#0:FAIL-t162] and 0 exception(s); 0f256f10-8056-416e-a2a4-dd085f6c7864@group-9ED9FEE0098D:t162, leader=null, voted=0f256f10-8056-416e-a2a4-dd085f6c7864, raftlog=0f256f10-8056-416e-a2a4-dd085f6c7864@group-9ED9FEE0098D-SegmentedRaftLog:OPENED:c-1,f-1,i0, conf=-1: [2f64f904-2283-4e96-b4e2-6c9018f13084:192.168.34.62:40373, 0f256f10-8056-416e-a2a4-dd085f6c7864:192.168.34.62:35674, 07fb1a7b-fe02-4a56-ac24-3020e88d4db0:192.168.34.62:46434], old=null
2019-10-17 06:31:22,527 [0f256f10-8056-416e-a2a4-dd085f6c7864@group-9ED9FEE0098D-LeaderElection157] INFO  impl.RaftServerImpl (RaftServerImpl.java:setRole(184)) - 0f256f10-8056-416e-a2a4-dd085f6c7864@group-9ED9FEE0098D: changes role from CANDIDATE to FOLLOWER at term 162 for DISCOVERED_A_NEW_TERM
2019-10-17 06:31:22,527 [0f256f10-8056-416e-a2a4-dd085f6c7864@group-9ED9FEE0098D-LeaderElection157] INFO  impl.RoleInfo (RoleInfo.java:shutdownLeaderElection(134)) - 0f256f10-8056-416e-a2a4-dd085f6c7864: shutdown LeaderElection
2019-10-17 06:31:22,527 [0f256f10-8056-416e-a2a4-dd085f6c7864@group-9ED9FEE0098D-LeaderElection157] INFO  impl.RoleInfo (RoleInfo.java:updateAndGet(143)) - 0f256f10-8056-416e-a2a4-dd085f6c7864: start FollowerState
2019-10-17 06:31:22,530 [Thread-2418] INFO  impl.FollowerState (FollowerState.java:run(108)) - 0f256f10-8056-416e-a2a4-dd085f6c7864@group-9ED9FEE0098D-FollowerState: change to CANDIDATE, lastRpcTime:3ms, electionTimeout:3ms
2019-10-17 06:31:22,530 [Thread-2418] INFO  impl.RoleInfo (RoleInfo.java:shutdownFollowerState(121)) - 0f256f10-8056-416e-a2a4-dd085f6c7864: shutdown FollowerState
2019-10-17 06:31:22,530 [Thread-2418] INFO  impl.RaftServerImpl (RaftServerImpl.java:setRole(184)) - 0f256f10-8056-416e-a2a4-dd085f6c7864@group-9ED9FEE0098D: changes role from  FOLLOWER to CANDIDATE at term 162 for changeToCandidate
2019-10-17 06:31:22,531 [Thread-2418] INFO  impl.RoleInfo (RoleInfo.java:updateAndGet(143)) - 0f256f10-8056-416e-a2a4-dd085f6c7864: start LeaderElection
2019-10-17 06:31:22,544 [0f256f10-8056-416e-a2a4-dd085f6c7864@group-9ED9FEE0098D-LeaderElection158] INFO  impl.LeaderElection (LeaderElection.java:askForVotes(178)) - 0f256f10-8056-416e-a2a4-dd085f6c7864@group-9ED9FEE0098D-LeaderElection158: begin an election at term 163 for -1: [2f64f904-2283-4e96-b4e2-6c9018f13084:192.168.34.62:40373, 0f256f10-8056-416e-a2a4-dd085f6c7864:192.168.34.62:35674, 07fb1a7b-fe02-4a56-ac24-3020e88d4db0:192.168.34.62:46434], old=null
2019-10-17 06:31:22,546 [grpc-default-executor-1] INFO  impl.RaftServerImpl (RaftServerImpl.java:setRole(184)) - 2f64f904-2283-4e96-b4e2-6c9018f13084@group-9ED9FEE0098D: changes role from  FOLLOWER to FOLLOWER at term 163 for recognizeCandidate:0f256f10-8056-416e-a2a4-dd085f6c7864
2019-10-17 06:31:22,546 [grpc-default-executor-1] INFO  impl.RoleInfo (RoleInfo.java:shutdownFollowerState(121)) - 2f64f904-2283-4e96-b4e2-6c9018f13084: shutdown FollowerState
2019-10-17 06:31:22,546 [grpc-default-executor-6] INFO  impl.RaftServerImpl (RaftServerImpl.java:setRole(184)) - 07fb1a7b-fe02-4a56-ac24-3020e88d4db0@group-9ED9FEE0098D: changes role from  FOLLOWER to FOLLOWER at term 163 for recognizeCandidate:0f256f10-8056-416e-a2a4-dd085f6c7864
2019-10-17 06:31:22,546 [Thread-2416] INFO  impl.FollowerState (FollowerState.java:run(117)) - 2f64f904-2283-4e96-b4e2-6c9018f13084@group-9ED9FEE0098D-FollowerState was interrupted: java.lang.InterruptedException: sleep interrupted
2019-10-17 06:31:22,546 [grpc-default-executor-1] INFO  impl.RoleInfo (RoleInfo.java:updateAndGet(143)) - 2f64f904-2283-4e96-b4e2-6c9018f13084: start FollowerState
2019-10-17 06:31:22,547 [grpc-default-executor-6] INFO  impl.RoleInfo (RoleInfo.java:shutdownFollowerState(121)) - 07fb1a7b-fe02-4a56-ac24-3020e88d4db0: shutdown FollowerState
2019-10-17 06:31:22,547 [grpc-default-executor-6] INFO  impl.RoleInfo (RoleInfo.java:updateAndGet(143)) - 07fb1a7b-fe02-4a56-ac24-3020e88d4db0: start FollowerState
2019-10-17 06:31:22,547 [Thread-2417] INFO  impl.FollowerState (FollowerState.java:run(117)) - 07fb1a7b-fe02-4a56-ac24-3020e88d4db0@group-9ED9FEE0098D-FollowerState was interrupted: java.lang.InterruptedException: sleep interrupted
2019-10-17 06:31:22,562 [0f256f10-8056-416e-a2a4-dd085f6c7864@group-9ED9FEE0098D-LeaderElection158] INFO  impl.LeaderElection (LeaderElection.java:logAndReturn(56)) - 0f256f10-8056-416e-a2a4-dd085f6c7864@group-9ED9FEE0098D-LeaderElection158: Election REJECTED; received 2 response(s) [0f256f10-8056-416e-a2a4-dd085f6c7864<-2f64f904-2283-4e96-b4e2-6c9018f13084#0:FAIL-t163, 0f256f10-8056-416e-a2a4-dd085f6c7864<-07fb1a7b-fe02-4a56-ac24-3020e88d4db0#0:FAIL-t163] and 0 exception(s); 0f256f10-8056-416e-a2a4-dd085f6c7864@group-9ED9FEE0098D:t163, leader=null, voted=0f256f10-8056-416e-a2a4-dd085f6c7864, raftlog=0f256f10-8056-416e-a2a4-dd085f6c7864@group-9ED9FEE0098D-SegmentedRaftLog:OPENED:c-1,f-1,i0, conf=-1: [2f64f904-2283-4e96-b4e2-6c9018f13084:192.168.34.62:40373, 0f256f10-8056-416e-a2a4-dd085f6c7864:192.168.34.62:35674, 07fb1a7b-fe02-4a56-ac24-3020e88d4db0:192.168.34.62:46434], old=null
2019-10-17 06:31:22,562 [0f256f10-8056-416e-a2a4-dd085f6c7864@group-9ED9FEE0098D-LeaderElection158] INFO  impl.RaftServerImpl (RaftServerImpl.java:setRole(184)) - 0f256f10-8056-416e-a2a4-dd085f6c7864@group-9ED9FEE0098D: changes role from CANDIDATE to FOLLOWER at term 163 for DISCOVERED_A_NEW_TERM
2019-10-17 06:31:22,562 [0f256f10-8056-416e-a2a4-dd085f6c7864@group-9ED9FEE0098D-LeaderElection158] INFO  impl.RoleInfo (RoleInfo.java:shutdownLeaderElection(134)) - 0f256f10-8056-416e-a2a4-dd085f6c7864: shutdown LeaderElection
2019-10-17 06:31:22,562 [0f256f10-8056-416e-a2a4-dd085f6c7864@group-9ED9FEE0098D-LeaderElection158] INFO  impl.RoleInfo (RoleInfo.java:updateAndGet(143)) - 0f256f10-8056-416e-a2a4-dd085f6c7864: start FollowerState
2019-10-17 06:31:22,628 [Thread-2424] INFO  impl.FollowerState (FollowerState.java:run(108)) - 0f256f10-8056-416e-a2a4-dd085f6c7864@group-9ED9FEE0098D-FollowerState: change to CANDIDATE, lastRpcTime:65ms, electionTimeout:65ms
2019-10-17 06:31:22,628 [Thread-2424] INFO  impl.RoleInfo (RoleInfo.java:shutdownFollowerState(121)) - 0f256f10-8056-416e-a2a4-dd085f6c7864: shutdown FollowerState
2019-10-17 06:31:22,628 [Thread-2424] INFO  impl.RaftServerImpl (RaftServerImpl.java:setRole(184)) - 0f256f10-8056-416e-a2a4-dd085f6c7864@group-9ED9FEE0098D: changes role from  FOLLOWER to CANDIDATE at term 163 for changeToCandidate
2019-10-17 06:31:22,628 [Thread-2424] INFO  impl.RoleInfo (RoleInfo.java:updateAndGet(143)) - 0f256f10-8056-416e-a2a4-dd085f6c7864: start LeaderElection
2019-10-17 06:31:22,645 [Thread-1202] INFO  ozone.MiniOzoneClusterImpl (MiniOzoneClusterImpl.java:lambda$waitForClusterToBeReady$2(164)) - Waiting for 1 number of pipelines out of 4, to report a leader.
2019-10-17 06:31:22,652 [0f256f10-8056-416e-a2a4-dd085f6c7864@group-9ED9FEE0098D-LeaderElection159] INFO  impl.LeaderElection (LeaderElection.java:askForVotes(178)) - 0f256f10-8056-416e-a2a4-dd085f6c7864@group-9ED9FEE0098D-LeaderElection159: begin an election at term 164 for -1: [2f64f904-2283-4e96-b4e2-6c9018f13084:192.168.34.62:40373, 0f256f10-8056-416e-a2a4-dd085f6c7864:192.168.34.62:35674, 07fb1a7b-fe02-4a56-ac24-3020e88d4db0:192.168.34.62:46434], old=null
2019-10-17 06:31:22,654 [grpc-default-executor-1] INFO  impl.RaftServerImpl (RaftServerImpl.java:setRole(184)) - 07fb1a7b-fe02-4a56-ac24-3020e88d4db0@group-9ED9FEE0098D: changes role from  FOLLOWER to FOLLOWER at term 164 for recognizeCandidate:0f256f10-8056-416e-a2a4-dd085f6c7864
2019-10-17 06:31:22,654 [grpc-default-executor-6] INFO  impl.RaftServerImpl (RaftServerImpl.java:setRole(184)) - 2f64f904-2283-4e96-b4e2-6c9018f13084@group-9ED9FEE0098D: changes role from  FOLLOWER to FOLLOWER at term 164 for recognizeCandidate:0f256f10-8056-416e-a2a4-dd085f6c7864
2019-10-17 06:31:22,654 [grpc-default-executor-6] INFO  impl.RoleInfo (RoleInfo.java:shutdownFollowerState(121)) - 2f64f904-2283-4e96-b4e2-6c9018f13084: shutdown FollowerState
2019-10-17 06:31:22,654 [grpc-default-executor-1] INFO  impl.RoleInfo (RoleInfo.java:shutdownFollowerState(121)) - 07fb1a7b-fe02-4a56-ac24-3020e88d4db0: shutdown FollowerState
2019-10-17 06:31:22,654 [grpc-default-executor-6] INFO  impl.RoleInfo (RoleInfo.java:updateAndGet(143)) - 2f64f904-2283-4e96-b4e2-6c9018f13084: start FollowerState
2019-10-17 06:31:22,654 [Thread-2423] INFO  impl.FollowerState (FollowerState.java:run(117)) - 07fb1a7b-fe02-4a56-ac24-3020e88d4db0@group-9ED9FEE0098D-FollowerState was interrupted: java.lang.InterruptedException: sleep interrupted
2019-10-17 06:31:22,654 [Thread-2422] INFO  impl.FollowerState (FollowerState.java:run(117)) - 2f64f904-2283-4e96-b4e2-6c9018f13084@group-9ED9FEE0098D-FollowerState was interrupted: java.lang.InterruptedException: sleep interrupted
2019-10-17 06:31:22,654 [grpc-default-executor-1] INFO  impl.RoleInfo (RoleInfo.java:updateAndGet(143)) - 07fb1a7b-fe02-4a56-ac24-3020e88d4db0: start FollowerState
2019-10-17 06:31:22,677 [0f256f10-8056-416e-a2a4-dd085f6c7864@group-9ED9FEE0098D-LeaderElection159] INFO  impl.LeaderElection (LeaderElection.java:logAndReturn(56)) - 0f256f10-8056-416e-a2a4-dd085f6c7864@group-9ED9FEE0098D-LeaderElection159: Election REJECTED; received 2 response(s) [0f256f10-8056-416e-a2a4-dd085f6c7864<-2f64f904-2283-4e96-b4e2-6c9018f13084#0:FAIL-t164, 0f256f10-8056-416e-a2a4-dd085f6c7864<-07fb1a7b-fe02-4a56-ac24-3020e88d4db0#0:FAIL-t164] and 0 exception(s); 0f256f10-8056-416e-a2a4-dd085f6c7864@group-9ED9FEE0098D:t164, leader=null, voted=0f256f10-8056-416e-a2a4-dd085f6c7864, raftlog=0f256f10-8056-416e-a2a4-dd085f6c7864@group-9ED9FEE0098D-SegmentedRaftLog:OPENED:c-1,f-1,i0, conf=-1: [2f64f904-2283-4e96-b4e2-6c9018f13084:192.168.34.62:40373, 0f256f10-8056-416e-a2a4-dd085f6c7864:192.168.34.62:35674, 07fb1a7b-fe02-4a56-ac24-3020e88d4db0:192.168.34.62:46434], old=null
2019-10-17 06:31:22,677 [0f256f10-8056-416e-a2a4-dd085f6c7864@group-9ED9FEE0098D-LeaderElection159] INFO  impl.RaftServerImpl (RaftServerImpl.java:setRole(184)) - 0f256f10-8056-416e-a2a4-dd085f6c7864@group-9ED9FEE0098D: changes role from CANDIDATE to FOLLOWER at term 164 for DISCOVERED_A_NEW_TERM
2019-10-17 06:31:22,677 [0f256f10-8056-416e-a2a4-dd085f6c7864@group-9ED9FEE0098D-LeaderElection159] INFO  impl.RoleInfo (RoleInfo.java:shutdownLeaderElection(134)) - 0f256f10-8056-416e-a2a4-dd085f6c7864: shutdown LeaderElection
2019-10-17 06:31:22,677 [0f256f10-8056-416e-a2a4-dd085f6c7864@group-9ED9FEE0098D-LeaderElection159] INFO  impl.RoleInfo (RoleInfo.java:updateAndGet(143)) - 0f256f10-8056-416e-a2a4-dd085f6c7864: start FollowerState
2019-10-17 06:31:22,862 [Thread-2430] INFO  impl.FollowerState (FollowerState.java:run(108)) - 0f256f10-8056-416e-a2a4-dd085f6c7864@group-9ED9FEE0098D-FollowerState: change to CANDIDATE, lastRpcTime:184ms, electionTimeout:184ms
2019-10-17 06:31:22,862 [Thread-2430] INFO  impl.RoleInfo (RoleInfo.java:shutdownFollowerState(121)) - 0f256f10-8056-416e-a2a4-dd085f6c7864: shutdown FollowerState
2019-10-17 06:31:22,862 [Thread-2430] INFO  impl.RaftServerImpl (RaftServerImpl.java:setRole(184)) - 0f256f10-8056-416e-a2a4-dd085f6c7864@group-9ED9FEE0098D: changes role from  FOLLOWER to CANDIDATE at term 164 for changeToCandidate
2019-10-17 06:31:22,862 [Thread-2430] INFO  impl.RoleInfo (RoleInfo.java:updateAndGet(143)) - 0f256f10-8056-416e-a2a4-dd085f6c7864: start LeaderElection
2019-10-17 06:31:22,887 [0f256f10-8056-416e-a2a4-dd085f6c7864@group-9ED9FEE0098D-LeaderElection160] INFO  impl.LeaderElection (LeaderElection.java:askForVotes(178)) - 0f256f10-8056-416e-a2a4-dd085f6c7864@group-9ED9FEE0098D-LeaderElection160: begin an election at term 165 for -1: [2f64f904-2283-4e96-b4e2-6c9018f13084:192.168.34.62:40373, 0f256f10-8056-416e-a2a4-dd085f6c7864:192.168.34.62:35674, 07fb1a7b-fe02-4a56-ac24-3020e88d4db0:192.168.34.62:46434], old=null
2019-10-17 06:31:22,889 [grpc-default-executor-1] INFO  impl.RaftServerImpl (RaftServerImpl.java:setRole(184)) - 07fb1a7b-fe02-4a56-ac24-3020e88d4db0@group-9ED9FEE0098D: changes role from  FOLLOWER to FOLLOWER at term 165 for recognizeCandidate:0f256f10-8056-416e-a2a4-dd085f6c7864
2019-10-17 06:31:22,889 [grpc-default-executor-6] INFO  impl.RaftServerImpl (RaftServerImpl.java:setRole(184)) - 2f64f904-2283-4e96-b4e2-6c9018f13084@group-9ED9FEE0098D: changes role from  FOLLOWER to FOLLOWER at term 165 for recognizeCandidate:0f256f10-8056-416e-a2a4-dd085f6c7864
2019-10-17 06:31:22,889 [grpc-default-executor-1] INFO  impl.RoleInfo (RoleInfo.java:shutdownFollowerState(121)) - 07fb1a7b-fe02-4a56-ac24-3020e88d4db0: shutdown FollowerState
2019-10-17 06:31:22,889 [grpc-default-executor-6] INFO  impl.RoleInfo (RoleInfo.java:shutdownFollowerState(121)) - 2f64f904-2283-4e96-b4e2-6c9018f13084: shutdown FollowerState
2019-10-17 06:31:22,889 [Thread-2429] INFO  impl.FollowerState (FollowerState.java:run(117)) - 07fb1a7b-fe02-4a56-ac24-3020e88d4db0@group-9ED9FEE0098D-FollowerState was interrupted: java.lang.InterruptedException: sleep interrupted
2019-10-17 06:31:22,889 [grpc-default-executor-1] INFO  impl.RoleInfo (RoleInfo.java:updateAndGet(143)) - 07fb1a7b-fe02-4a56-ac24-3020e88d4db0: start FollowerState
2019-10-17 06:31:22,890 [Thread-2428] INFO  impl.FollowerState (FollowerState.java:run(117)) - 2f64f904-2283-4e96-b4e2-6c9018f13084@group-9ED9FEE0098D-FollowerState was interrupted: java.lang.InterruptedException: sleep interrupted
2019-10-17 06:31:22,889 [grpc-default-executor-6] INFO  impl.RoleInfo (RoleInfo.java:updateAndGet(143)) - 2f64f904-2283-4e96-b4e2-6c9018f13084: start FollowerState
2019-10-17 06:31:22,910 [0f256f10-8056-416e-a2a4-dd085f6c7864@group-9ED9FEE0098D-LeaderElection160] INFO  impl.LeaderElection (LeaderElection.java:logAndReturn(56)) - 0f256f10-8056-416e-a2a4-dd085f6c7864@group-9ED9FEE0098D-LeaderElection160: Election REJECTED; received 2 response(s) [0f256f10-8056-416e-a2a4-dd085f6c7864<-2f64f904-2283-4e96-b4e2-6c9018f13084#0:FAIL-t165, 0f256f10-8056-416e-a2a4-dd085f6c7864<-07fb1a7b-fe02-4a56-ac24-3020e88d4db0#0:FAIL-t165] and 0 exception(s); 0f256f10-8056-416e-a2a4-dd085f6c7864@group-9ED9FEE0098D:t165, leader=null, voted=0f256f10-8056-416e-a2a4-dd085f6c7864, raftlog=0f256f10-8056-416e-a2a4-dd085f6c7864@group-9ED9FEE0098D-SegmentedRaftLog:OPENED:c-1,f-1,i0, conf=-1: [2f64f904-2283-4e96-b4e2-6c9018f13084:192.168.34.62:40373, 0f256f10-8056-416e-a2a4-dd085f6c7864:192.168.34.62:35674, 07fb1a7b-fe02-4a56-ac24-3020e88d4db0:192.168.34.62:46434], old=null
2019-10-17 06:31:22,910 [0f256f10-8056-416e-a2a4-dd085f6c7864@group-9ED9FEE0098D-LeaderElection160] INFO  impl.RaftServerImpl (RaftServerImpl.java:setRole(184)) - 0f256f10-8056-416e-a2a4-dd085f6c7864@group-9ED9FEE0098D: changes role from CANDIDATE to FOLLOWER at term 165 for DISCOVERED_A_NEW_TERM
2019-10-17 06:31:22,910 [0f256f10-8056-416e-a2a4-dd085f6c7864@group-9ED9FEE0098D-LeaderElection160] INFO  impl.RoleInfo (RoleInfo.java:shutdownLeaderElection(134)) - 0f256f10-8056-416e-a2a4-dd085f6c7864: shutdown LeaderElection
2019-10-17 06:31:22,910 [0f256f10-8056-416e-a2a4-dd085f6c7864@group-9ED9FEE0098D-LeaderElection160] INFO  impl.RoleInfo (RoleInfo.java:updateAndGet(143)) - 0f256f10-8056-416e-a2a4-dd085f6c7864: start FollowerState
2019-10-17 06:31:23,071 [Thread-2436] INFO  impl.FollowerState (FollowerState.java:run(108)) - 0f256f10-8056-416e-a2a4-dd085f6c7864@group-9ED9FEE0098D-FollowerState: change to CANDIDATE, lastRpcTime:160ms, electionTimeout:160ms
2019-10-17 06:31:23,071 [Thread-2436] INFO  impl.RoleInfo (RoleInfo.java:shutdownFollowerState(121)) - 0f256f10-8056-416e-a2a4-dd085f6c7864: shutdown FollowerState
2019-10-17 06:31:23,071 [Thread-2436] INFO  impl.RaftServerImpl (RaftServerImpl.java:setRole(184)) - 0f256f10-8056-416e-a2a4-dd085f6c7864@group-9ED9FEE0098D: changes role from  FOLLOWER to CANDIDATE at term 165 for changeToCandidate
2019-10-17 06:31:23,071 [Thread-2436] INFO  impl.RoleInfo (RoleInfo.java:updateAndGet(143)) - 0f256f10-8056-416e-a2a4-dd085f6c7864: start LeaderElection
2019-10-17 06:31:23,178 [0f256f10-8056-416e-a2a4-dd085f6c7864@group-9ED9FEE0098D-LeaderElection161] INFO  impl.LeaderElection (LeaderElection.java:askForVotes(178)) - 0f256f10-8056-416e-a2a4-dd085f6c7864@group-9ED9FEE0098D-LeaderElection161: begin an election at term 166 for -1: [2f64f904-2283-4e96-b4e2-6c9018f13084:192.168.34.62:40373, 0f256f10-8056-416e-a2a4-dd085f6c7864:192.168.34.62:35674, 07fb1a7b-fe02-4a56-ac24-3020e88d4db0:192.168.34.62:46434], old=null
2019-10-17 06:31:23,181 [grpc-default-executor-1] INFO  impl.RaftServerImpl (RaftServerImpl.java:setRole(184)) - 2f64f904-2283-4e96-b4e2-6c9018f13084@group-9ED9FEE0098D: changes role from  FOLLOWER to FOLLOWER at term 166 for recognizeCandidate:0f256f10-8056-416e-a2a4-dd085f6c7864
2019-10-17 06:31:23,181 [grpc-default-executor-6] INFO  impl.RaftServerImpl (RaftServerImpl.java:setRole(184)) - 07fb1a7b-fe02-4a56-ac24-3020e88d4db0@group-9ED9FEE0098D: changes role from  FOLLOWER to FOLLOWER at term 166 for recognizeCandidate:0f256f10-8056-416e-a2a4-dd085f6c7864
2019-10-17 06:31:23,181 [grpc-default-executor-6] INFO  impl.RoleInfo (RoleInfo.java:shutdownFollowerState(121)) - 07fb1a7b-fe02-4a56-ac24-3020e88d4db0: shutdown FollowerState
2019-10-17 06:31:23,181 [grpc-default-executor-1] INFO  impl.RoleInfo (RoleInfo.java:shutdownFollowerState(121)) - 2f64f904-2283-4e96-b4e2-6c9018f13084: shutdown FollowerState
2019-10-17 06:31:23,181 [Thread-2434] INFO  impl.FollowerState (FollowerState.java:run(117)) - 07fb1a7b-fe02-4a56-ac24-3020e88d4db0@group-9ED9FEE0098D-FollowerState was interrupted: java.lang.InterruptedException: sleep interrupted
2019-10-17 06:31:23,181 [grpc-default-executor-6] INFO  impl.RoleInfo (RoleInfo.java:updateAndGet(143)) - 07fb1a7b-fe02-4a56-ac24-3020e88d4db0: start FollowerState
2019-10-17 06:31:23,181 [Thread-2435] INFO  impl.FollowerState (FollowerState.java:run(117)) - 2f64f904-2283-4e96-b4e2-6c9018f13084@group-9ED9FEE0098D-FollowerState was interrupted: java.lang.InterruptedException: sleep interrupted
2019-10-17 06:31:23,181 [grpc-default-executor-1] INFO  impl.RoleInfo (RoleInfo.java:updateAndGet(143)) - 2f64f904-2283-4e96-b4e2-6c9018f13084: start FollowerState
2019-10-17 06:31:23,206 [0f256f10-8056-416e-a2a4-dd085f6c7864@group-9ED9FEE0098D-LeaderElection161] INFO  impl.LeaderElection (LeaderElection.java:logAndReturn(56)) - 0f256f10-8056-416e-a2a4-dd085f6c7864@group-9ED9FEE0098D-LeaderElection161: Election REJECTED; received 2 response(s) [0f256f10-8056-416e-a2a4-dd085f6c7864<-2f64f904-2283-4e96-b4e2-6c9018f13084#0:FAIL-t166, 0f256f10-8056-416e-a2a4-dd085f6c7864<-07fb1a7b-fe02-4a56-ac24-3020e88d4db0#0:FAIL-t166] and 0 exception(s); 0f256f10-8056-416e-a2a4-dd085f6c7864@group-9ED9FEE0098D:t166, leader=null, voted=0f256f10-8056-416e-a2a4-dd085f6c7864, raftlog=0f256f10-8056-416e-a2a4-dd085f6c7864@group-9ED9FEE0098D-SegmentedRaftLog:OPENED:c-1,f-1,i0, conf=-1: [2f64f904-2283-4e96-b4e2-6c9018f13084:192.168.34.62:40373, 0f256f10-8056-416e-a2a4-dd085f6c7864:192.168.34.62:35674, 07fb1a7b-fe02-4a56-ac24-3020e88d4db0:192.168.34.62:46434], old=null
2019-10-17 06:31:23,207 [0f256f10-8056-416e-a2a4-dd085f6c7864@group-9ED9FEE0098D-LeaderElection161] INFO  impl.RaftServerImpl (RaftServerImpl.java:setRole(184)) - 0f256f10-8056-416e-a2a4-dd085f6c7864@group-9ED9FEE0098D: changes role from CANDIDATE to FOLLOWER at term 166 for DISCOVERED_A_NEW_TERM
2019-10-17 06:31:23,207 [0f256f10-8056-416e-a2a4-dd085f6c7864@group-9ED9FEE0098D-LeaderElection161] INFO  impl.RoleInfo (RoleInfo.java:shutdownLeaderElection(134)) - 0f256f10-8056-416e-a2a4-dd085f6c7864: shutdown LeaderElection
2019-10-17 06:31:23,207 [0f256f10-8056-416e-a2a4-dd085f6c7864@group-9ED9FEE0098D-LeaderElection161] INFO  impl.RoleInfo (RoleInfo.java:updateAndGet(143)) - 0f256f10-8056-416e-a2a4-dd085f6c7864: start FollowerState
2019-10-17 06:31:23,327 [Thread-2442] INFO  impl.FollowerState (FollowerState.java:run(108)) - 0f256f10-8056-416e-a2a4-dd085f6c7864@group-9ED9FEE0098D-FollowerState: change to CANDIDATE, lastRpcTime:120ms, electionTimeout:120ms
2019-10-17 06:31:23,327 [Thread-2442] INFO  impl.RoleInfo (RoleInfo.java:shutdownFollowerState(121)) - 0f256f10-8056-416e-a2a4-dd085f6c7864: shutdown FollowerState
2019-10-17 06:31:23,328 [Thread-2442] INFO  impl.RaftServerImpl (RaftServerImpl.java:setRole(184)) - 0f256f10-8056-416e-a2a4-dd085f6c7864@group-9ED9FEE0098D: changes role from  FOLLOWER to CANDIDATE at term 166 for changeToCandidate
2019-10-17 06:31:23,328 [Thread-2442] INFO  impl.RoleInfo (RoleInfo.java:updateAndGet(143)) - 0f256f10-8056-416e-a2a4-dd085f6c7864: start LeaderElection
2019-10-17 06:31:23,348 [0f256f10-8056-416e-a2a4-dd085f6c7864@group-9ED9FEE0098D-LeaderElection162] INFO  impl.LeaderElection (LeaderElection.java:askForVotes(178)) - 0f256f10-8056-416e-a2a4-dd085f6c7864@group-9ED9FEE0098D-LeaderElection162: begin an election at term 167 for -1: [2f64f904-2283-4e96-b4e2-6c9018f13084:192.168.34.62:40373, 0f256f10-8056-416e-a2a4-dd085f6c7864:192.168.34.62:35674, 07fb1a7b-fe02-4a56-ac24-3020e88d4db0:192.168.34.62:46434], old=null
2019-10-17 06:31:23,350 [grpc-default-executor-1] INFO  impl.RaftServerImpl (RaftServerImpl.java:setRole(184)) - 07fb1a7b-fe02-4a56-ac24-3020e88d4db0@group-9ED9FEE0098D: changes role from  FOLLOWER to FOLLOWER at term 167 for recognizeCandidate:0f256f10-8056-416e-a2a4-dd085f6c7864
2019-10-17 06:31:23,350 [grpc-default-executor-1] INFO  impl.RoleInfo (RoleInfo.java:shutdownFollowerState(121)) - 07fb1a7b-fe02-4a56-ac24-3020e88d4db0: shutdown FollowerState
2019-10-17 06:31:23,350 [grpc-default-executor-6] INFO  impl.RaftServerImpl (RaftServerImpl.java:setRole(184)) - 2f64f904-2283-4e96-b4e2-6c9018f13084@group-9ED9FEE0098D: changes role from  FOLLOWER to FOLLOWER at term 167 for recognizeCandidate:0f256f10-8056-416e-a2a4-dd085f6c7864
2019-10-17 06:31:23,351 [grpc-default-executor-6] INFO  impl.RoleInfo (RoleInfo.java:shutdownFollowerState(121)) - 2f64f904-2283-4e96-b4e2-6c9018f13084: shutdown FollowerState
2019-10-17 06:31:23,351 [Thread-2440] INFO  impl.FollowerState (FollowerState.java:run(117)) - 07fb1a7b-fe02-4a56-ac24-3020e88d4db0@group-9ED9FEE0098D-FollowerState was interrupted: java.lang.InterruptedException: sleep interrupted
2019-10-17 06:31:23,351 [grpc-default-executor-1] INFO  impl.RoleInfo (RoleInfo.java:updateAndGet(143)) - 07fb1a7b-fe02-4a56-ac24-3020e88d4db0: start FollowerState
2019-10-17 06:31:23,351 [Thread-2441] INFO  impl.FollowerState (FollowerState.java:run(117)) - 2f64f904-2283-4e96-b4e2-6c9018f13084@group-9ED9FEE0098D-FollowerState was interrupted: java.lang.InterruptedException: sleep interrupted
2019-10-17 06:31:23,351 [grpc-default-executor-6] INFO  impl.RoleInfo (RoleInfo.java:updateAndGet(143)) - 2f64f904-2283-4e96-b4e2-6c9018f13084: start FollowerState
2019-10-17 06:31:23,357 [0f256f10-8056-416e-a2a4-dd085f6c7864@group-9ED9FEE0098D-LeaderElection162] INFO  impl.LeaderElection (LeaderElection.java:logAndReturn(56)) - 0f256f10-8056-416e-a2a4-dd085f6c7864@group-9ED9FEE0098D-LeaderElection162: Election TIMEOUT; received 0 response(s) [] and 0 exception(s); 0f256f10-8056-416e-a2a4-dd085f6c7864@group-9ED9FEE0098D:t167, leader=null, voted=0f256f10-8056-416e-a2a4-dd085f6c7864, raftlog=0f256f10-8056-416e-a2a4-dd085f6c7864@group-9ED9FEE0098D-SegmentedRaftLog:OPENED:c-1,f-1,i0, conf=-1: [2f64f904-2283-4e96-b4e2-6c9018f13084:192.168.34.62:40373, 0f256f10-8056-416e-a2a4-dd085f6c7864:192.168.34.62:35674, 07fb1a7b-fe02-4a56-ac24-3020e88d4db0:192.168.34.62:46434], old=null
2019-10-17 06:31:23,375 [0f256f10-8056-416e-a2a4-dd085f6c7864@group-9ED9FEE0098D-LeaderElection162] INFO  impl.LeaderElection (LeaderElection.java:askForVotes(178)) - 0f256f10-8056-416e-a2a4-dd085f6c7864@group-9ED9FEE0098D-LeaderElection162: begin an election at term 168 for -1: [2f64f904-2283-4e96-b4e2-6c9018f13084:192.168.34.62:40373, 0f256f10-8056-416e-a2a4-dd085f6c7864:192.168.34.62:35674, 07fb1a7b-fe02-4a56-ac24-3020e88d4db0:192.168.34.62:46434], old=null
2019-10-17 06:31:23,377 [grpc-default-executor-1] INFO  impl.RaftServerImpl (RaftServerImpl.java:setRole(184)) - 2f64f904-2283-4e96-b4e2-6c9018f13084@group-9ED9FEE0098D: changes role from  FOLLOWER to FOLLOWER at term 168 for recognizeCandidate:0f256f10-8056-416e-a2a4-dd085f6c7864
2019-10-17 06:31:23,377 [grpc-default-executor-6] INFO  impl.RaftServerImpl (RaftServerImpl.java:setRole(184)) - 07fb1a7b-fe02-4a56-ac24-3020e88d4db0@group-9ED9FEE0098D: changes role from  FOLLOWER to FOLLOWER at term 168 for recognizeCandidate:0f256f10-8056-416e-a2a4-dd085f6c7864
2019-10-17 06:31:23,377 [grpc-default-executor-6] INFO  impl.RoleInfo (RoleInfo.java:shutdownFollowerState(121)) - 07fb1a7b-fe02-4a56-ac24-3020e88d4db0: shutdown FollowerState
2019-10-17 06:31:23,377 [grpc-default-executor-1] INFO  impl.RoleInfo (RoleInfo.java:shutdownFollowerState(121)) - 2f64f904-2283-4e96-b4e2-6c9018f13084: shutdown FollowerState
2019-10-17 06:31:23,378 [Thread-2446] INFO  impl.FollowerState (FollowerState.java:run(117)) - 07fb1a7b-fe02-4a56-ac24-3020e88d4db0@group-9ED9FEE0098D-FollowerState was interrupted: java.lang.InterruptedException: sleep interrupted
2019-10-17 06:31:23,378 [grpc-default-executor-6] INFO  impl.RoleInfo (RoleInfo.java:updateAndGet(143)) - 07fb1a7b-fe02-4a56-ac24-3020e88d4db0: start FollowerState
2019-10-17 06:31:23,378 [grpc-default-executor-1] INFO  impl.RoleInfo (RoleInfo.java:updateAndGet(143)) - 2f64f904-2283-4e96-b4e2-6c9018f13084: start FollowerState
2019-10-17 06:31:23,378 [Thread-2447] INFO  impl.FollowerState (FollowerState.java:run(117)) - 2f64f904-2283-4e96-b4e2-6c9018f13084@group-9ED9FEE0098D-FollowerState was interrupted: java.lang.InterruptedException: sleep interrupted
2019-10-17 06:31:23,399 [0f256f10-8056-416e-a2a4-dd085f6c7864@group-9ED9FEE0098D-LeaderElection162] INFO  impl.LeaderElection (LeaderElection.java:logAndReturn(56)) - 0f256f10-8056-416e-a2a4-dd085f6c7864@group-9ED9FEE0098D-LeaderElection162: Election REJECTED; received 2 response(s) [0f256f10-8056-416e-a2a4-dd085f6c7864<-2f64f904-2283-4e96-b4e2-6c9018f13084#0:FAIL-t168, 0f256f10-8056-416e-a2a4-dd085f6c7864<-07fb1a7b-fe02-4a56-ac24-3020e88d4db0#0:FAIL-t168] and 0 exception(s); 0f256f10-8056-416e-a2a4-dd085f6c7864@group-9ED9FEE0098D:t168, leader=null, voted=0f256f10-8056-416e-a2a4-dd085f6c7864, raftlog=0f256f10-8056-416e-a2a4-dd085f6c7864@group-9ED9FEE0098D-SegmentedRaftLog:OPENED:c-1,f-1,i0, conf=-1: [2f64f904-2283-4e96-b4e2-6c9018f13084:192.168.34.62:40373, 0f256f10-8056-416e-a2a4-dd085f6c7864:192.168.34.62:35674, 07fb1a7b-fe02-4a56-ac24-3020e88d4db0:192.168.34.62:46434], old=null
2019-10-17 06:31:23,399 [0f256f10-8056-416e-a2a4-dd085f6c7864@group-9ED9FEE0098D-LeaderElection162] INFO  impl.RaftServerImpl (RaftServerImpl.java:setRole(184)) - 0f256f10-8056-416e-a2a4-dd085f6c7864@group-9ED9FEE0098D: changes role from CANDIDATE to FOLLOWER at term 168 for DISCOVERED_A_NEW_TERM
2019-10-17 06:31:23,399 [0f256f10-8056-416e-a2a4-dd085f6c7864@group-9ED9FEE0098D-LeaderElection162] INFO  impl.RoleInfo (RoleInfo.java:shutdownLeaderElection(134)) - 0f256f10-8056-416e-a2a4-dd085f6c7864: shutdown LeaderElection
2019-10-17 06:31:23,399 [0f256f10-8056-416e-a2a4-dd085f6c7864@group-9ED9FEE0098D-LeaderElection162] INFO  impl.RoleInfo (RoleInfo.java:updateAndGet(143)) - 0f256f10-8056-416e-a2a4-dd085f6c7864: start FollowerState
2019-10-17 06:31:23,534 [Thread-2452] INFO  impl.FollowerState (FollowerState.java:run(108)) - 0f256f10-8056-416e-a2a4-dd085f6c7864@group-9ED9FEE0098D-FollowerState: change to CANDIDATE, lastRpcTime:134ms, electionTimeout:134ms
2019-10-17 06:31:23,534 [Thread-2452] INFO  impl.RoleInfo (RoleInfo.java:shutdownFollowerState(121)) - 0f256f10-8056-416e-a2a4-dd085f6c7864: shutdown FollowerState
2019-10-17 06:31:23,534 [Thread-2452] INFO  impl.RaftServerImpl (RaftServerImpl.java:setRole(184)) - 0f256f10-8056-416e-a2a4-dd085f6c7864@group-9ED9FEE0098D: changes role from  FOLLOWER to CANDIDATE at term 168 for changeToCandidate
2019-10-17 06:31:23,534 [Thread-2452] INFO  impl.RoleInfo (RoleInfo.java:updateAndGet(143)) - 0f256f10-8056-416e-a2a4-dd085f6c7864: start LeaderElection
2019-10-17 06:31:23,562 [0f256f10-8056-416e-a2a4-dd085f6c7864@group-9ED9FEE0098D-LeaderElection163] INFO  impl.LeaderElection (LeaderElection.java:askForVotes(178)) - 0f256f10-8056-416e-a2a4-dd085f6c7864@group-9ED9FEE0098D-LeaderElection163: begin an election at term 169 for -1: [2f64f904-2283-4e96-b4e2-6c9018f13084:192.168.34.62:40373, 0f256f10-8056-416e-a2a4-dd085f6c7864:192.168.34.62:35674, 07fb1a7b-fe02-4a56-ac24-3020e88d4db0:192.168.34.62:46434], old=null
2019-10-17 06:31:23,564 [grpc-default-executor-6] INFO  impl.RaftServerImpl (RaftServerImpl.java:setRole(184)) - 2f64f904-2283-4e96-b4e2-6c9018f13084@group-9ED9FEE0098D: changes role from  FOLLOWER to FOLLOWER at term 169 for recognizeCandidate:0f256f10-8056-416e-a2a4-dd085f6c7864
2019-10-17 06:31:23,564 [grpc-default-executor-1] INFO  impl.RaftServerImpl (RaftServerImpl.java:setRole(184)) - 07fb1a7b-fe02-4a56-ac24-3020e88d4db0@group-9ED9FEE0098D: changes role from  FOLLOWER to FOLLOWER at term 169 for recognizeCandidate:0f256f10-8056-416e-a2a4-dd085f6c7864
2019-10-17 06:31:23,565 [grpc-default-executor-6] INFO  impl.RoleInfo (RoleInfo.java:shutdownFollowerState(121)) - 2f64f904-2283-4e96-b4e2-6c9018f13084: shutdown FollowerState
2019-10-17 06:31:23,565 [grpc-default-executor-1] INFO  impl.RoleInfo (RoleInfo.java:shutdownFollowerState(121)) - 07fb1a7b-fe02-4a56-ac24-3020e88d4db0: shutdown FollowerState
2019-10-17 06:31:23,565 [Thread-2451] INFO  impl.FollowerState (FollowerState.java:run(117)) - 2f64f904-2283-4e96-b4e2-6c9018f13084@group-9ED9FEE0098D-FollowerState was interrupted: java.lang.InterruptedException: sleep interrupted
2019-10-17 06:31:23,565 [grpc-default-executor-6] INFO  impl.RoleInfo (RoleInfo.java:updateAndGet(143)) - 2f64f904-2283-4e96-b4e2-6c9018f13084: start FollowerState
2019-10-17 06:31:23,565 [grpc-default-executor-1] INFO  impl.RoleInfo (RoleInfo.java:updateAndGet(143)) - 07fb1a7b-fe02-4a56-ac24-3020e88d4db0: start FollowerState
2019-10-17 06:31:23,565 [Thread-2450] INFO  impl.FollowerState (FollowerState.java:run(117)) - 07fb1a7b-fe02-4a56-ac24-3020e88d4db0@group-9ED9FEE0098D-FollowerState was interrupted: java.lang.InterruptedException: sleep interrupted
2019-10-17 06:31:23,617 [0f256f10-8056-416e-a2a4-dd085f6c7864@group-9ED9FEE0098D-LeaderElection163] INFO  impl.LeaderElection (LeaderElection.java:logAndReturn(56)) - 0f256f10-8056-416e-a2a4-dd085f6c7864@group-9ED9FEE0098D-LeaderElection163: Election REJECTED; received 2 response(s) [0f256f10-8056-416e-a2a4-dd085f6c7864<-2f64f904-2283-4e96-b4e2-6c9018f13084#0:FAIL-t169, 0f256f10-8056-416e-a2a4-dd085f6c7864<-07fb1a7b-fe02-4a56-ac24-3020e88d4db0#0:FAIL-t169] and 0 exception(s); 0f256f10-8056-416e-a2a4-dd085f6c7864@group-9ED9FEE0098D:t169, leader=null, voted=0f256f10-8056-416e-a2a4-dd085f6c7864, raftlog=0f256f10-8056-416e-a2a4-dd085f6c7864@group-9ED9FEE0098D-SegmentedRaftLog:OPENED:c-1,f-1,i0, conf=-1: [2f64f904-2283-4e96-b4e2-6c9018f13084:192.168.34.62:40373, 0f256f10-8056-416e-a2a4-dd085f6c7864:192.168.34.62:35674, 07fb1a7b-fe02-4a56-ac24-3020e88d4db0:192.168.34.62:46434], old=null
2019-10-17 06:31:23,617 [0f256f10-8056-416e-a2a4-dd085f6c7864@group-9ED9FEE0098D-LeaderElection163] INFO  impl.RaftServerImpl (RaftServerImpl.java:setRole(184)) - 0f256f10-8056-416e-a2a4-dd085f6c7864@group-9ED9FEE0098D: changes role from CANDIDATE to FOLLOWER at term 169 for DISCOVERED_A_NEW_TERM
2019-10-17 06:31:23,617 [0f256f10-8056-416e-a2a4-dd085f6c7864@group-9ED9FEE0098D-LeaderElection163] INFO  impl.RoleInfo (RoleInfo.java:shutdownLeaderElection(134)) - 0f256f10-8056-416e-a2a4-dd085f6c7864: shutdown LeaderElection
2019-10-17 06:31:23,617 [0f256f10-8056-416e-a2a4-dd085f6c7864@group-9ED9FEE0098D-LeaderElection163] INFO  impl.RoleInfo (RoleInfo.java:updateAndGet(143)) - 0f256f10-8056-416e-a2a4-dd085f6c7864: start FollowerState
2019-10-17 06:31:23,630 [Thread-2458] INFO  impl.FollowerState (FollowerState.java:run(108)) - 0f256f10-8056-416e-a2a4-dd085f6c7864@group-9ED9FEE0098D-FollowerState: change to CANDIDATE, lastRpcTime:12ms, electionTimeout:12ms
2019-10-17 06:31:23,630 [Thread-2458] INFO  impl.RoleInfo (RoleInfo.java:shutdownFollowerState(121)) - 0f256f10-8056-416e-a2a4-dd085f6c7864: shutdown FollowerState
2019-10-17 06:31:23,630 [Thread-2458] INFO  impl.RaftServerImpl (RaftServerImpl.java:setRole(184)) - 0f256f10-8056-416e-a2a4-dd085f6c7864@group-9ED9FEE0098D: changes role from  FOLLOWER to CANDIDATE at term 169 for changeToCandidate
2019-10-17 06:31:23,630 [Thread-2458] INFO  impl.RoleInfo (RoleInfo.java:updateAndGet(143)) - 0f256f10-8056-416e-a2a4-dd085f6c7864: start LeaderElection
2019-10-17 06:31:23,645 [Thread-1202] INFO  ozone.MiniOzoneClusterImpl (MiniOzoneClusterImpl.java:lambda$waitForClusterToBeReady$2(164)) - Waiting for 1 number of pipelines out of 4, to report a leader.
2019-10-17 06:31:23,645 [0f256f10-8056-416e-a2a4-dd085f6c7864@group-9ED9FEE0098D-LeaderElection164] INFO  impl.LeaderElection (LeaderElection.java:askForVotes(178)) - 0f256f10-8056-416e-a2a4-dd085f6c7864@group-9ED9FEE0098D-LeaderElection164: begin an election at term 170 for -1: [2f64f904-2283-4e96-b4e2-6c9018f13084:192.168.34.62:40373, 0f256f10-8056-416e-a2a4-dd085f6c7864:192.168.34.62:35674, 07fb1a7b-fe02-4a56-ac24-3020e88d4db0:192.168.34.62:46434], old=null
2019-10-17 06:31:23,647 [grpc-default-executor-1] INFO  impl.RaftServerImpl (RaftServerImpl.java:setRole(184)) - 07fb1a7b-fe02-4a56-ac24-3020e88d4db0@group-9ED9FEE0098D: changes role from  FOLLOWER to FOLLOWER at term 170 for recognizeCandidate:0f256f10-8056-416e-a2a4-dd085f6c7864
2019-10-17 06:31:23,647 [grpc-default-executor-6] INFO  impl.RaftServerImpl (RaftServerImpl.java:setRole(184)) - 2f64f904-2283-4e96-b4e2-6c9018f13084@group-9ED9FEE0098D: changes role from  FOLLOWER to FOLLOWER at term 170 for recognizeCandidate:0f256f10-8056-416e-a2a4-dd085f6c7864
2019-10-17 06:31:23,648 [grpc-default-executor-1] INFO  impl.RoleInfo (RoleInfo.java:shutdownFollowerState(121)) - 07fb1a7b-fe02-4a56-ac24-3020e88d4db0: shutdown FollowerState
2019-10-17 06:31:23,648 [grpc-default-executor-6] INFO  impl.RoleInfo (RoleInfo.java:shutdownFollowerState(121)) - 2f64f904-2283-4e96-b4e2-6c9018f13084: shutdown FollowerState
2019-10-17 06:31:23,648 [Thread-2457] INFO  impl.FollowerState (FollowerState.java:run(117)) - 07fb1a7b-fe02-4a56-ac24-3020e88d4db0@group-9ED9FEE0098D-FollowerState was interrupted: java.lang.InterruptedException: sleep interrupted
2019-10-17 06:31:23,648 [grpc-default-executor-1] INFO  impl.RoleInfo (RoleInfo.java:updateAndGet(143)) - 07fb1a7b-fe02-4a56-ac24-3020e88d4db0: start FollowerState
2019-10-17 06:31:23,648 [Thread-2456] INFO  impl.FollowerState (FollowerState.java:run(117)) - 2f64f904-2283-4e96-b4e2-6c9018f13084@group-9ED9FEE0098D-FollowerState was interrupted: java.lang.InterruptedException: sleep interrupted
2019-10-17 06:31:23,648 [grpc-default-executor-6] INFO  impl.RoleInfo (RoleInfo.java:updateAndGet(143)) - 2f64f904-2283-4e96-b4e2-6c9018f13084: start FollowerState
2019-10-17 06:31:23,672 [0f256f10-8056-416e-a2a4-dd085f6c7864@group-9ED9FEE0098D-LeaderElection164] INFO  impl.LeaderElection (LeaderElection.java:logAndReturn(56)) - 0f256f10-8056-416e-a2a4-dd085f6c7864@group-9ED9FEE0098D-LeaderElection164: Election REJECTED; received 2 response(s) [0f256f10-8056-416e-a2a4-dd085f6c7864<-2f64f904-2283-4e96-b4e2-6c9018f13084#0:FAIL-t170, 0f256f10-8056-416e-a2a4-dd085f6c7864<-07fb1a7b-fe02-4a56-ac24-3020e88d4db0#0:FAIL-t170] and 0 exception(s); 0f256f10-8056-416e-a2a4-dd085f6c7864@group-9ED9FEE0098D:t170, leader=null, voted=0f256f10-8056-416e-a2a4-dd085f6c7864, raftlog=0f256f10-8056-416e-a2a4-dd085f6c7864@group-9ED9FEE0098D-SegmentedRaftLog:OPENED:c-1,f-1,i0, conf=-1: [2f64f904-2283-4e96-b4e2-6c9018f13084:192.168.34.62:40373, 0f256f10-8056-416e-a2a4-dd085f6c7864:192.168.34.62:35674, 07fb1a7b-fe02-4a56-ac24-3020e88d4db0:192.168.34.62:46434], old=null
2019-10-17 06:31:23,673 [0f256f10-8056-416e-a2a4-dd085f6c7864@group-9ED9FEE0098D-LeaderElection164] INFO  impl.RaftServerImpl (RaftServerImpl.java:setRole(184)) - 0f256f10-8056-416e-a2a4-dd085f6c7864@group-9ED9FEE0098D: changes role from CANDIDATE to FOLLOWER at term 170 for DISCOVERED_A_NEW_TERM
2019-10-17 06:31:23,673 [0f256f10-8056-416e-a2a4-dd085f6c7864@group-9ED9FEE0098D-LeaderElection164] INFO  impl.RoleInfo (RoleInfo.java:shutdownLeaderElection(134)) - 0f256f10-8056-416e-a2a4-dd085f6c7864: shutdown LeaderElection
2019-10-17 06:31:23,673 [0f256f10-8056-416e-a2a4-dd085f6c7864@group-9ED9FEE0098D-LeaderElection164] INFO  impl.RoleInfo (RoleInfo.java:updateAndGet(143)) - 0f256f10-8056-416e-a2a4-dd085f6c7864: start FollowerState
2019-10-17 06:31:23,721 [Thread-2464] INFO  impl.FollowerState (FollowerState.java:run(108)) - 0f256f10-8056-416e-a2a4-dd085f6c7864@group-9ED9FEE0098D-FollowerState: change to CANDIDATE, lastRpcTime:48ms, electionTimeout:48ms
2019-10-17 06:31:23,722 [Thread-2464] INFO  impl.RoleInfo (RoleInfo.java:shutdownFollowerState(121)) - 0f256f10-8056-416e-a2a4-dd085f6c7864: shutdown FollowerState
2019-10-17 06:31:23,722 [Thread-2464] INFO  impl.RaftServerImpl (RaftServerImpl.java:setRole(184)) - 0f256f10-8056-416e-a2a4-dd085f6c7864@group-9ED9FEE0098D: changes role from  FOLLOWER to CANDIDATE at term 170 for changeToCandidate
2019-10-17 06:31:23,722 [Thread-2464] INFO  impl.RoleInfo (RoleInfo.java:updateAndGet(143)) - 0f256f10-8056-416e-a2a4-dd085f6c7864: start LeaderElection
2019-10-17 06:31:23,736 [0f256f10-8056-416e-a2a4-dd085f6c7864@group-9ED9FEE0098D-LeaderElection165] INFO  impl.LeaderElection (LeaderElection.java:askForVotes(178)) - 0f256f10-8056-416e-a2a4-dd085f6c7864@group-9ED9FEE0098D-LeaderElection165: begin an election at term 171 for -1: [2f64f904-2283-4e96-b4e2-6c9018f13084:192.168.34.62:40373, 0f256f10-8056-416e-a2a4-dd085f6c7864:192.168.34.62:35674, 07fb1a7b-fe02-4a56-ac24-3020e88d4db0:192.168.34.62:46434], old=null
2019-10-17 06:31:23,738 [grpc-default-executor-6] INFO  impl.RaftServerImpl (RaftServerImpl.java:setRole(184)) - 07fb1a7b-fe02-4a56-ac24-3020e88d4db0@group-9ED9FEE0098D: changes role from  FOLLOWER to FOLLOWER at term 171 for recognizeCandidate:0f256f10-8056-416e-a2a4-dd085f6c7864
2019-10-17 06:31:23,738 [grpc-default-executor-1] INFO  impl.RaftServerImpl (RaftServerImpl.java:setRole(184)) - 2f64f904-2283-4e96-b4e2-6c9018f13084@group-9ED9FEE0098D: changes role from  FOLLOWER to FOLLOWER at term 171 for recognizeCandidate:0f256f10-8056-416e-a2a4-dd085f6c7864
2019-10-17 06:31:23,738 [grpc-default-executor-1] INFO  impl.RoleInfo (RoleInfo.java:shutdownFollowerState(121)) - 2f64f904-2283-4e96-b4e2-6c9018f13084: shutdown FollowerState
2019-10-17 06:31:23,738 [grpc-default-executor-6] INFO  impl.RoleInfo (RoleInfo.java:shutdownFollowerState(121)) - 07fb1a7b-fe02-4a56-ac24-3020e88d4db0: shutdown FollowerState
2019-10-17 06:31:23,739 [Thread-2463] INFO  impl.FollowerState (FollowerState.java:run(117)) - 2f64f904-2283-4e96-b4e2-6c9018f13084@group-9ED9FEE0098D-FollowerState was interrupted: java.lang.InterruptedException: sleep interrupted
2019-10-17 06:31:23,739 [grpc-default-executor-1] INFO  impl.RoleInfo (RoleInfo.java:updateAndGet(143)) - 2f64f904-2283-4e96-b4e2-6c9018f13084: start FollowerState
2019-10-17 06:31:23,739 [Thread-2462] INFO  impl.FollowerState (FollowerState.java:run(117)) - 07fb1a7b-fe02-4a56-ac24-3020e88d4db0@group-9ED9FEE0098D-FollowerState was interrupted: java.lang.InterruptedException: sleep interrupted
2019-10-17 06:31:23,739 [grpc-default-executor-6] INFO  impl.RoleInfo (RoleInfo.java:updateAndGet(143)) - 07fb1a7b-fe02-4a56-ac24-3020e88d4db0: start FollowerState
2019-10-17 06:31:23,762 [0f256f10-8056-416e-a2a4-dd085f6c7864@group-9ED9FEE0098D-LeaderElection165] INFO  impl.LeaderElection (LeaderElection.java:logAndReturn(56)) - 0f256f10-8056-416e-a2a4-dd085f6c7864@group-9ED9FEE0098D-LeaderElection165: Election REJECTED; received 2 response(s) [0f256f10-8056-416e-a2a4-dd085f6c7864<-2f64f904-2283-4e96-b4e2-6c9018f13084#0:FAIL-t171, 0f256f10-8056-416e-a2a4-dd085f6c7864<-07fb1a7b-fe02-4a56-ac24-3020e88d4db0#0:FAIL-t171] and 0 exception(s); 0f256f10-8056-416e-a2a4-dd085f6c7864@group-9ED9FEE0098D:t171, leader=null, voted=0f256f10-8056-416e-a2a4-dd085f6c7864, raftlog=0f256f10-8056-416e-a2a4-dd085f6c7864@group-9ED9FEE0098D-SegmentedRaftLog:OPENED:c-1,f-1,i0, conf=-1: [2f64f904-2283-4e96-b4e2-6c9018f13084:192.168.34.62:40373, 0f256f10-8056-416e-a2a4-dd085f6c7864:192.168.34.62:35674, 07fb1a7b-fe02-4a56-ac24-3020e88d4db0:192.168.34.62:46434], old=null
2019-10-17 06:31:23,762 [0f256f10-8056-416e-a2a4-dd085f6c7864@group-9ED9FEE0098D-LeaderElection165] INFO  impl.RaftServerImpl (RaftServerImpl.java:setRole(184)) - 0f256f10-8056-416e-a2a4-dd085f6c7864@group-9ED9FEE0098D: changes role from CANDIDATE to FOLLOWER at term 171 for DISCOVERED_A_NEW_TERM
2019-10-17 06:31:23,762 [0f256f10-8056-416e-a2a4-dd085f6c7864@group-9ED9FEE0098D-LeaderElection165] INFO  impl.RoleInfo (RoleInfo.java:shutdownLeaderElection(134)) - 0f256f10-8056-416e-a2a4-dd085f6c7864: shutdown LeaderElection
2019-10-17 06:31:23,763 [0f256f10-8056-416e-a2a4-dd085f6c7864@group-9ED9FEE0098D-LeaderElection165] INFO  impl.RoleInfo (RoleInfo.java:updateAndGet(143)) - 0f256f10-8056-416e-a2a4-dd085f6c7864: start FollowerState
2019-10-17 06:31:23,836 [Thread-2470] INFO  impl.FollowerState (FollowerState.java:run(108)) - 0f256f10-8056-416e-a2a4-dd085f6c7864@group-9ED9FEE0098D-FollowerState: change to CANDIDATE, lastRpcTime:73ms, electionTimeout:73ms
2019-10-17 06:31:23,836 [Thread-2470] INFO  impl.RoleInfo (RoleInfo.java:shutdownFollowerState(121)) - 0f256f10-8056-416e-a2a4-dd085f6c7864: shutdown FollowerState
2019-10-17 06:31:23,836 [Thread-2470] INFO  impl.RaftServerImpl (RaftServerImpl.java:setRole(184)) - 0f256f10-8056-416e-a2a4-dd085f6c7864@group-9ED9FEE0098D: changes role from  FOLLOWER to CANDIDATE at term 171 for changeToCandidate
2019-10-17 06:31:23,836 [Thread-2470] INFO  impl.RoleInfo (RoleInfo.java:updateAndGet(143)) - 0f256f10-8056-416e-a2a4-dd085f6c7864: start LeaderElection
2019-10-17 06:31:23,855 [0f256f10-8056-416e-a2a4-dd085f6c7864@group-9ED9FEE0098D-LeaderElection166] INFO  impl.LeaderElection (LeaderElection.java:askForVotes(178)) - 0f256f10-8056-416e-a2a4-dd085f6c7864@group-9ED9FEE0098D-LeaderElection166: begin an election at term 172 for -1: [2f64f904-2283-4e96-b4e2-6c9018f13084:192.168.34.62:40373, 0f256f10-8056-416e-a2a4-dd085f6c7864:192.168.34.62:35674, 07fb1a7b-fe02-4a56-ac24-3020e88d4db0:192.168.34.62:46434], old=null
2019-10-17 06:31:23,857 [grpc-default-executor-6] INFO  impl.RaftServerImpl (RaftServerImpl.java:setRole(184)) - 2f64f904-2283-4e96-b4e2-6c9018f13084@group-9ED9FEE0098D: changes role from  FOLLOWER to FOLLOWER at term 172 for recognizeCandidate:0f256f10-8056-416e-a2a4-dd085f6c7864
2019-10-17 06:31:23,857 [grpc-default-executor-1] INFO  impl.RaftServerImpl (RaftServerImpl.java:setRole(184)) - 07fb1a7b-fe02-4a56-ac24-3020e88d4db0@group-9ED9FEE0098D: changes role from  FOLLOWER to FOLLOWER at term 172 for recognizeCandidate:0f256f10-8056-416e-a2a4-dd085f6c7864
2019-10-17 06:31:23,857 [grpc-default-executor-6] INFO  impl.RoleInfo (RoleInfo.java:shutdownFollowerState(121)) - 2f64f904-2283-4e96-b4e2-6c9018f13084: shutdown FollowerState
2019-10-17 06:31:23,857 [grpc-default-executor-1] INFO  impl.RoleInfo (RoleInfo.java:shutdownFollowerState(121)) - 07fb1a7b-fe02-4a56-ac24-3020e88d4db0: shutdown FollowerState
2019-10-17 06:31:23,858 [Thread-2468] INFO  impl.FollowerState (FollowerState.java:run(117)) - 2f64f904-2283-4e96-b4e2-6c9018f13084@group-9ED9FEE0098D-FollowerState was interrupted: java.lang.InterruptedException: sleep interrupted
2019-10-17 06:31:23,858 [grpc-default-executor-6] INFO  impl.RoleInfo (RoleInfo.java:updateAndGet(143)) - 2f64f904-2283-4e96-b4e2-6c9018f13084: start FollowerState
2019-10-17 06:31:23,858 [Thread-2469] INFO  impl.FollowerState (FollowerState.java:run(117)) - 07fb1a7b-fe02-4a56-ac24-3020e88d4db0@group-9ED9FEE0098D-FollowerState was interrupted: java.lang.InterruptedException: sleep interrupted
2019-10-17 06:31:23,858 [grpc-default-executor-1] INFO  impl.RoleInfo (RoleInfo.java:updateAndGet(143)) - 07fb1a7b-fe02-4a56-ac24-3020e88d4db0: start FollowerState
2019-10-17 06:31:23,882 [0f256f10-8056-416e-a2a4-dd085f6c7864@group-9ED9FEE0098D-LeaderElection166] INFO  impl.LeaderElection (LeaderElection.java:logAndReturn(56)) - 0f256f10-8056-416e-a2a4-dd085f6c7864@group-9ED9FEE0098D-LeaderElection166: Election REJECTED; received 2 response(s) [0f256f10-8056-416e-a2a4-dd085f6c7864<-2f64f904-2283-4e96-b4e2-6c9018f13084#0:FAIL-t172, 0f256f10-8056-416e-a2a4-dd085f6c7864<-07fb1a7b-fe02-4a56-ac24-3020e88d4db0#0:FAIL-t172] and 0 exception(s); 0f256f10-8056-416e-a2a4-dd085f6c7864@group-9ED9FEE0098D:t172, leader=null, voted=0f256f10-8056-416e-a2a4-dd085f6c7864, raftlog=0f256f10-8056-416e-a2a4-dd085f6c7864@group-9ED9FEE0098D-SegmentedRaftLog:OPENED:c-1,f-1,i0, conf=-1: [2f64f904-2283-4e96-b4e2-6c9018f13084:192.168.34.62:40373, 0f256f10-8056-416e-a2a4-dd085f6c7864:192.168.34.62:35674, 07fb1a7b-fe02-4a56-ac24-3020e88d4db0:192.168.34.62:46434], old=null
2019-10-17 06:31:23,882 [0f256f10-8056-416e-a2a4-dd085f6c7864@group-9ED9FEE0098D-LeaderElection166] INFO  impl.RaftServerImpl (RaftServerImpl.java:setRole(184)) - 0f256f10-8056-416e-a2a4-dd085f6c7864@group-9ED9FEE0098D: changes role from CANDIDATE to FOLLOWER at term 172 for DISCOVERED_A_NEW_TERM
2019-10-17 06:31:23,882 [0f256f10-8056-416e-a2a4-dd085f6c7864@group-9ED9FEE0098D-LeaderElection166] INFO  impl.RoleInfo (RoleInfo.java:shutdownLeaderElection(134)) - 0f256f10-8056-416e-a2a4-dd085f6c7864: shutdown LeaderElection
2019-10-17 06:31:23,882 [0f256f10-8056-416e-a2a4-dd085f6c7864@group-9ED9FEE0098D-LeaderElection166] INFO  impl.RoleInfo (RoleInfo.java:updateAndGet(143)) - 0f256f10-8056-416e-a2a4-dd085f6c7864: start FollowerState
2019-10-17 06:31:23,922 [Thread-2476] INFO  impl.FollowerState (FollowerState.java:run(108)) - 0f256f10-8056-416e-a2a4-dd085f6c7864@group-9ED9FEE0098D-FollowerState: change to CANDIDATE, lastRpcTime:40ms, electionTimeout:40ms
2019-10-17 06:31:23,923 [Thread-2476] INFO  impl.RoleInfo (RoleInfo.java:shutdownFollowerState(121)) - 0f256f10-8056-416e-a2a4-dd085f6c7864: shutdown FollowerState
2019-10-17 06:31:23,923 [Thread-2476] INFO  impl.RaftServerImpl (RaftServerImpl.java:setRole(184)) - 0f256f10-8056-416e-a2a4-dd085f6c7864@group-9ED9FEE0098D: changes role from  FOLLOWER to CANDIDATE at term 172 for changeToCandidate
2019-10-17 06:31:23,923 [Thread-2476] INFO  impl.RoleInfo (RoleInfo.java:updateAndGet(143)) - 0f256f10-8056-416e-a2a4-dd085f6c7864: start LeaderElection
2019-10-17 06:31:23,947 [0f256f10-8056-416e-a2a4-dd085f6c7864@group-9ED9FEE0098D-LeaderElection167] INFO  impl.LeaderElection (LeaderElection.java:askForVotes(178)) - 0f256f10-8056-416e-a2a4-dd085f6c7864@group-9ED9FEE0098D-LeaderElection167: begin an election at term 173 for -1: [2f64f904-2283-4e96-b4e2-6c9018f13084:192.168.34.62:40373, 0f256f10-8056-416e-a2a4-dd085f6c7864:192.168.34.62:35674, 07fb1a7b-fe02-4a56-ac24-3020e88d4db0:192.168.34.62:46434], old=null
2019-10-17 06:31:23,949 [grpc-default-executor-1] INFO  impl.RaftServerImpl (RaftServerImpl.java:setRole(184)) - 2f64f904-2283-4e96-b4e2-6c9018f13084@group-9ED9FEE0098D: changes role from  FOLLOWER to FOLLOWER at term 173 for recognizeCandidate:0f256f10-8056-416e-a2a4-dd085f6c7864
2019-10-17 06:31:23,949 [grpc-default-executor-6] INFO  impl.RaftServerImpl (RaftServerImpl.java:setRole(184)) - 07fb1a7b-fe02-4a56-ac24-3020e88d4db0@group-9ED9FEE0098D: changes role from  FOLLOWER to FOLLOWER at term 173 for recognizeCandidate:0f256f10-8056-416e-a2a4-dd085f6c7864
2019-10-17 06:31:23,949 [grpc-default-executor-1] INFO  impl.RoleInfo (RoleInfo.java:shutdownFollowerState(121)) - 2f64f904-2283-4e96-b4e2-6c9018f13084: shutdown FollowerState
2019-10-17 06:31:23,949 [grpc-default-executor-6] INFO  impl.RoleInfo (RoleInfo.java:shutdownFollowerState(121)) - 07fb1a7b-fe02-4a56-ac24-3020e88d4db0: shutdown FollowerState
2019-10-17 06:31:23,949 [Thread-2474] INFO  impl.FollowerState (FollowerState.java:run(117)) - 2f64f904-2283-4e96-b4e2-6c9018f13084@group-9ED9FEE0098D-FollowerState was interrupted: java.lang.InterruptedException: sleep interrupted
2019-10-17 06:31:23,949 [grpc-default-executor-1] INFO  impl.RoleInfo (RoleInfo.java:updateAndGet(143)) - 2f64f904-2283-4e96-b4e2-6c9018f13084: start FollowerState
2019-10-17 06:31:23,949 [Thread-2475] INFO  impl.FollowerState (FollowerState.java:run(117)) - 07fb1a7b-fe02-4a56-ac24-3020e88d4db0@group-9ED9FEE0098D-FollowerState was interrupted: java.lang.InterruptedException: sleep interrupted
2019-10-17 06:31:23,949 [grpc-default-executor-6] INFO  impl.RoleInfo (RoleInfo.java:updateAndGet(143)) - 07fb1a7b-fe02-4a56-ac24-3020e88d4db0: start FollowerState
2019-10-17 06:31:23,964 [0f256f10-8056-416e-a2a4-dd085f6c7864@group-9ED9FEE0098D-LeaderElection167] INFO  impl.LeaderElection (LeaderElection.java:logAndReturn(56)) - 0f256f10-8056-416e-a2a4-dd085f6c7864@group-9ED9FEE0098D-LeaderElection167: Election REJECTED; received 2 response(s) [0f256f10-8056-416e-a2a4-dd085f6c7864<-2f64f904-2283-4e96-b4e2-6c9018f13084#0:FAIL-t173, 0f256f10-8056-416e-a2a4-dd085f6c7864<-07fb1a7b-fe02-4a56-ac24-3020e88d4db0#0:FAIL-t173] and 0 exception(s); 0f256f10-8056-416e-a2a4-dd085f6c7864@group-9ED9FEE0098D:t173, leader=null, voted=0f256f10-8056-416e-a2a4-dd085f6c7864, raftlog=0f256f10-8056-416e-a2a4-dd085f6c7864@group-9ED9FEE0098D-SegmentedRaftLog:OPENED:c-1,f-1,i0, conf=-1: [2f64f904-2283-4e96-b4e2-6c9018f13084:192.168.34.62:40373, 0f256f10-8056-416e-a2a4-dd085f6c7864:192.168.34.62:35674, 07fb1a7b-fe02-4a56-ac24-3020e88d4db0:192.168.34.62:46434], old=null
2019-10-17 06:31:23,964 [0f256f10-8056-416e-a2a4-dd085f6c7864@group-9ED9FEE0098D-LeaderElection167] INFO  impl.RaftServerImpl (RaftServerImpl.java:setRole(184)) - 0f256f10-8056-416e-a2a4-dd085f6c7864@group-9ED9FEE0098D: changes role from CANDIDATE to FOLLOWER at term 173 for DISCOVERED_A_NEW_TERM
2019-10-17 06:31:23,964 [0f256f10-8056-416e-a2a4-dd085f6c7864@group-9ED9FEE0098D-LeaderElection167] INFO  impl.RoleInfo (RoleInfo.java:shutdownLeaderElection(134)) - 0f256f10-8056-416e-a2a4-dd085f6c7864: shutdown LeaderElection
2019-10-17 06:31:23,964 [0f256f10-8056-416e-a2a4-dd085f6c7864@group-9ED9FEE0098D-LeaderElection167] INFO  impl.RoleInfo (RoleInfo.java:updateAndGet(143)) - 0f256f10-8056-416e-a2a4-dd085f6c7864: start FollowerState
2019-10-17 06:31:24,106 [Thread-2482] INFO  impl.FollowerState (FollowerState.java:run(108)) - 0f256f10-8056-416e-a2a4-dd085f6c7864@group-9ED9FEE0098D-FollowerState: change to CANDIDATE, lastRpcTime:142ms, electionTimeout:142ms
2019-10-17 06:31:24,106 [Thread-2482] INFO  impl.RoleInfo (RoleInfo.java:shutdownFollowerState(121)) - 0f256f10-8056-416e-a2a4-dd085f6c7864: shutdown FollowerState
2019-10-17 06:31:24,107 [Thread-2482] INFO  impl.RaftServerImpl (RaftServerImpl.java:setRole(184)) - 0f256f10-8056-416e-a2a4-dd085f6c7864@group-9ED9FEE0098D: changes role from  FOLLOWER to CANDIDATE at term 173 for changeToCandidate
2019-10-17 06:31:24,107 [Thread-2482] INFO  impl.RoleInfo (RoleInfo.java:updateAndGet(143)) - 0f256f10-8056-416e-a2a4-dd085f6c7864: start LeaderElection
2019-10-17 06:31:24,121 [0f256f10-8056-416e-a2a4-dd085f6c7864@group-9ED9FEE0098D-LeaderElection168] INFO  impl.LeaderElection (LeaderElection.java:askForVotes(178)) - 0f256f10-8056-416e-a2a4-dd085f6c7864@group-9ED9FEE0098D-LeaderElection168: begin an election at term 174 for -1: [2f64f904-2283-4e96-b4e2-6c9018f13084:192.168.34.62:40373, 0f256f10-8056-416e-a2a4-dd085f6c7864:192.168.34.62:35674, 07fb1a7b-fe02-4a56-ac24-3020e88d4db0:192.168.34.62:46434], old=null
2019-10-17 06:31:24,122 [0f256f10-8056-416e-a2a4-dd085f6c7864@group-9ED9FEE0098D-LeaderElection168] INFO  impl.LeaderElection (LeaderElection.java:logAndReturn(56)) - 0f256f10-8056-416e-a2a4-dd085f6c7864@group-9ED9FEE0098D-LeaderElection168: Election TIMEOUT; received 0 response(s) [] and 0 exception(s); 0f256f10-8056-416e-a2a4-dd085f6c7864@group-9ED9FEE0098D:t174, leader=null, voted=0f256f10-8056-416e-a2a4-dd085f6c7864, raftlog=0f256f10-8056-416e-a2a4-dd085f6c7864@group-9ED9FEE0098D-SegmentedRaftLog:OPENED:c-1,f-1,i0, conf=-1: [2f64f904-2283-4e96-b4e2-6c9018f13084:192.168.34.62:40373, 0f256f10-8056-416e-a2a4-dd085f6c7864:192.168.34.62:35674, 07fb1a7b-fe02-4a56-ac24-3020e88d4db0:192.168.34.62:46434], old=null
2019-10-17 06:31:24,123 [grpc-default-executor-6] INFO  impl.RaftServerImpl (RaftServerImpl.java:setRole(184)) - 07fb1a7b-fe02-4a56-ac24-3020e88d4db0@group-9ED9FEE0098D: changes role from  FOLLOWER to FOLLOWER at term 174 for recognizeCandidate:0f256f10-8056-416e-a2a4-dd085f6c7864
2019-10-17 06:31:24,123 [grpc-default-executor-1] INFO  impl.RaftServerImpl (RaftServerImpl.java:setRole(184)) - 2f64f904-2283-4e96-b4e2-6c9018f13084@group-9ED9FEE0098D: changes role from  FOLLOWER to FOLLOWER at term 174 for recognizeCandidate:0f256f10-8056-416e-a2a4-dd085f6c7864
2019-10-17 06:31:24,123 [grpc-default-executor-6] INFO  impl.RoleInfo (RoleInfo.java:shutdownFollowerState(121)) - 07fb1a7b-fe02-4a56-ac24-3020e88d4db0: shutdown FollowerState
2019-10-17 06:31:24,123 [grpc-default-executor-1] INFO  impl.RoleInfo (RoleInfo.java:shutdownFollowerState(121)) - 2f64f904-2283-4e96-b4e2-6c9018f13084: shutdown FollowerState
2019-10-17 06:31:24,123 [Thread-2481] INFO  impl.FollowerState (FollowerState.java:run(117)) - 07fb1a7b-fe02-4a56-ac24-3020e88d4db0@group-9ED9FEE0098D-FollowerState was interrupted: java.lang.InterruptedException: sleep interrupted
2019-10-17 06:31:24,123 [grpc-default-executor-6] INFO  impl.RoleInfo (RoleInfo.java:updateAndGet(143)) - 07fb1a7b-fe02-4a56-ac24-3020e88d4db0: start FollowerState
2019-10-17 06:31:24,123 [Thread-2480] INFO  impl.FollowerState (FollowerState.java:run(117)) - 2f64f904-2283-4e96-b4e2-6c9018f13084@group-9ED9FEE0098D-FollowerState was interrupted: java.lang.InterruptedException: sleep interrupted
2019-10-17 06:31:24,123 [grpc-default-executor-1] INFO  impl.RoleInfo (RoleInfo.java:updateAndGet(143)) - 2f64f904-2283-4e96-b4e2-6c9018f13084: start FollowerState
2019-10-17 06:31:24,156 [0f256f10-8056-416e-a2a4-dd085f6c7864@group-9ED9FEE0098D-LeaderElection168] INFO  impl.LeaderElection (LeaderElection.java:askForVotes(178)) - 0f256f10-8056-416e-a2a4-dd085f6c7864@group-9ED9FEE0098D-LeaderElection168: begin an election at term 175 for -1: [2f64f904-2283-4e96-b4e2-6c9018f13084:192.168.34.62:40373, 0f256f10-8056-416e-a2a4-dd085f6c7864:192.168.34.62:35674, 07fb1a7b-fe02-4a56-ac24-3020e88d4db0:192.168.34.62:46434], old=null
2019-10-17 06:31:24,158 [grpc-default-executor-1] INFO  impl.RaftServerImpl (RaftServerImpl.java:setRole(184)) - 2f64f904-2283-4e96-b4e2-6c9018f13084@group-9ED9FEE0098D: changes role from  FOLLOWER to FOLLOWER at term 175 for recognizeCandidate:0f256f10-8056-416e-a2a4-dd085f6c7864
2019-10-17 06:31:24,159 [grpc-default-executor-6] INFO  impl.RaftServerImpl (RaftServerImpl.java:setRole(184)) - 07fb1a7b-fe02-4a56-ac24-3020e88d4db0@group-9ED9FEE0098D: changes role from  FOLLOWER to FOLLOWER at term 175 for recognizeCandidate:0f256f10-8056-416e-a2a4-dd085f6c7864
2019-10-17 06:31:24,159 [grpc-default-executor-1] INFO  impl.RoleInfo (RoleInfo.java:shutdownFollowerState(121)) - 2f64f904-2283-4e96-b4e2-6c9018f13084: shutdown FollowerState
2019-10-17 06:31:24,159 [grpc-default-executor-6] INFO  impl.RoleInfo (RoleInfo.java:shutdownFollowerState(121)) - 07fb1a7b-fe02-4a56-ac24-3020e88d4db0: shutdown FollowerState
2019-10-17 06:31:24,159 [grpc-default-executor-1] INFO  impl.RoleInfo (RoleInfo.java:updateAndGet(143)) - 2f64f904-2283-4e96-b4e2-6c9018f13084: start FollowerState
2019-10-17 06:31:24,159 [Thread-2486] INFO  impl.FollowerState (FollowerState.java:run(117)) - 07fb1a7b-fe02-4a56-ac24-3020e88d4db0@group-9ED9FEE0098D-FollowerState was interrupted: java.lang.InterruptedException: sleep interrupted
2019-10-17 06:31:24,159 [Thread-2487] INFO  impl.FollowerState (FollowerState.java:run(117)) - 2f64f904-2283-4e96-b4e2-6c9018f13084@group-9ED9FEE0098D-FollowerState was interrupted: java.lang.InterruptedException: sleep interrupted
2019-10-17 06:31:24,159 [grpc-default-executor-6] INFO  impl.RoleInfo (RoleInfo.java:updateAndGet(143)) - 07fb1a7b-fe02-4a56-ac24-3020e88d4db0: start FollowerState
2019-10-17 06:31:24,184 [0f256f10-8056-416e-a2a4-dd085f6c7864@group-9ED9FEE0098D-LeaderElection168] INFO  impl.LeaderElection (LeaderElection.java:logAndReturn(56)) - 0f256f10-8056-416e-a2a4-dd085f6c7864@group-9ED9FEE0098D-LeaderElection168: Election REJECTED; received 2 response(s) [0f256f10-8056-416e-a2a4-dd085f6c7864<-2f64f904-2283-4e96-b4e2-6c9018f13084#0:FAIL-t175, 0f256f10-8056-416e-a2a4-dd085f6c7864<-07fb1a7b-fe02-4a56-ac24-3020e88d4db0#0:FAIL-t175] and 0 exception(s); 0f256f10-8056-416e-a2a4-dd085f6c7864@group-9ED9FEE0098D:t175, leader=null, voted=0f256f10-8056-416e-a2a4-dd085f6c7864, raftlog=0f256f10-8056-416e-a2a4-dd085f6c7864@group-9ED9FEE0098D-SegmentedRaftLog:OPENED:c-1,f-1,i0, conf=-1: [2f64f904-2283-4e96-b4e2-6c9018f13084:192.168.34.62:40373, 0f256f10-8056-416e-a2a4-dd085f6c7864:192.168.34.62:35674, 07fb1a7b-fe02-4a56-ac24-3020e88d4db0:192.168.34.62:46434], old=null
2019-10-17 06:31:24,184 [0f256f10-8056-416e-a2a4-dd085f6c7864@group-9ED9FEE0098D-LeaderElection168] INFO  impl.RaftServerImpl (RaftServerImpl.java:setRole(184)) - 0f256f10-8056-416e-a2a4-dd085f6c7864@group-9ED9FEE0098D: changes role from CANDIDATE to FOLLOWER at term 175 for DISCOVERED_A_NEW_TERM
2019-10-17 06:31:24,184 [0f256f10-8056-416e-a2a4-dd085f6c7864@group-9ED9FEE0098D-LeaderElection168] INFO  impl.RoleInfo (RoleInfo.java:shutdownLeaderElection(134)) - 0f256f10-8056-416e-a2a4-dd085f6c7864: shutdown LeaderElection
2019-10-17 06:31:24,184 [0f256f10-8056-416e-a2a4-dd085f6c7864@group-9ED9FEE0098D-LeaderElection168] INFO  impl.RoleInfo (RoleInfo.java:updateAndGet(143)) - 0f256f10-8056-416e-a2a4-dd085f6c7864: start FollowerState
2019-10-17 06:31:24,246 [Thread-2492] INFO  impl.FollowerState (FollowerState.java:run(108)) - 0f256f10-8056-416e-a2a4-dd085f6c7864@group-9ED9FEE0098D-FollowerState: change to CANDIDATE, lastRpcTime:61ms, electionTimeout:61ms
2019-10-17 06:31:24,246 [Thread-2492] INFO  impl.RoleInfo (RoleInfo.java:shutdownFollowerState(121)) - 0f256f10-8056-416e-a2a4-dd085f6c7864: shutdown FollowerState
2019-10-17 06:31:24,246 [Thread-2492] INFO  impl.RaftServerImpl (RaftServerImpl.java:setRole(184)) - 0f256f10-8056-416e-a2a4-dd085f6c7864@group-9ED9FEE0098D: changes role from  FOLLOWER to CANDIDATE at term 175 for changeToCandidate
2019-10-17 06:31:24,246 [Thread-2492] INFO  impl.RoleInfo (RoleInfo.java:updateAndGet(143)) - 0f256f10-8056-416e-a2a4-dd085f6c7864: start LeaderElection
2019-10-17 06:31:24,260 [0f256f10-8056-416e-a2a4-dd085f6c7864@group-9ED9FEE0098D-LeaderElection169] INFO  impl.LeaderElection (LeaderElection.java:askForVotes(178)) - 0f256f10-8056-416e-a2a4-dd085f6c7864@group-9ED9FEE0098D-LeaderElection169: begin an election at term 176 for -1: [2f64f904-2283-4e96-b4e2-6c9018f13084:192.168.34.62:40373, 0f256f10-8056-416e-a2a4-dd085f6c7864:192.168.34.62:35674, 07fb1a7b-fe02-4a56-ac24-3020e88d4db0:192.168.34.62:46434], old=null
2019-10-17 06:31:24,263 [grpc-default-executor-6] INFO  impl.RaftServerImpl (RaftServerImpl.java:setRole(184)) - 2f64f904-2283-4e96-b4e2-6c9018f13084@group-9ED9FEE0098D: changes role from  FOLLOWER to FOLLOWER at term 176 for recognizeCandidate:0f256f10-8056-416e-a2a4-dd085f6c7864
2019-10-17 06:31:24,263 [grpc-default-executor-6] INFO  impl.RoleInfo (RoleInfo.java:shutdownFollowerState(121)) - 2f64f904-2283-4e96-b4e2-6c9018f13084: shutdown FollowerState
2019-10-17 06:31:24,263 [grpc-default-executor-1] INFO  impl.RaftServerImpl (RaftServerImpl.java:setRole(184)) - 07fb1a7b-fe02-4a56-ac24-3020e88d4db0@group-9ED9FEE0098D: changes role from  FOLLOWER to FOLLOWER at term 176 for recognizeCandidate:0f256f10-8056-416e-a2a4-dd085f6c7864
2019-10-17 06:31:24,264 [grpc-default-executor-1] INFO  impl.RoleInfo (RoleInfo.java:shutdownFollowerState(121)) - 07fb1a7b-fe02-4a56-ac24-3020e88d4db0: shutdown FollowerState
2019-10-17 06:31:24,263 [Thread-2490] INFO  impl.FollowerState (FollowerState.java:run(117)) - 2f64f904-2283-4e96-b4e2-6c9018f13084@group-9ED9FEE0098D-FollowerState was interrupted: java.lang.InterruptedException: sleep interrupted
2019-10-17 06:31:24,263 [grpc-default-executor-6] INFO  impl.RoleInfo (RoleInfo.java:updateAndGet(143)) - 2f64f904-2283-4e96-b4e2-6c9018f13084: start FollowerState
2019-10-17 06:31:24,264 [Thread-2491] INFO  impl.FollowerState (FollowerState.java:run(117)) - 07fb1a7b-fe02-4a56-ac24-3020e88d4db0@group-9ED9FEE0098D-FollowerState was interrupted: java.lang.InterruptedException: sleep interrupted
2019-10-17 06:31:24,264 [grpc-default-executor-1] INFO  impl.RoleInfo (RoleInfo.java:updateAndGet(143)) - 07fb1a7b-fe02-4a56-ac24-3020e88d4db0: start FollowerState
2019-10-17 06:31:24,279 [0f256f10-8056-416e-a2a4-dd085f6c7864@group-9ED9FEE0098D-LeaderElection169] INFO  impl.LeaderElection (LeaderElection.java:logAndReturn(56)) - 0f256f10-8056-416e-a2a4-dd085f6c7864@group-9ED9FEE0098D-LeaderElection169: Election REJECTED; received 2 response(s) [0f256f10-8056-416e-a2a4-dd085f6c7864<-2f64f904-2283-4e96-b4e2-6c9018f13084#0:FAIL-t176, 0f256f10-8056-416e-a2a4-dd085f6c7864<-07fb1a7b-fe02-4a56-ac24-3020e88d4db0#0:FAIL-t176] and 0 exception(s); 0f256f10-8056-416e-a2a4-dd085f6c7864@group-9ED9FEE0098D:t176, leader=null, voted=0f256f10-8056-416e-a2a4-dd085f6c7864, raftlog=0f256f10-8056-416e-a2a4-dd085f6c7864@group-9ED9FEE0098D-SegmentedRaftLog:OPENED:c-1,f-1,i0, conf=-1: [2f64f904-2283-4e96-b4e2-6c9018f13084:192.168.34.62:40373, 0f256f10-8056-416e-a2a4-dd085f6c7864:192.168.34.62:35674, 07fb1a7b-fe02-4a56-ac24-3020e88d4db0:192.168.34.62:46434], old=null
2019-10-17 06:31:24,280 [0f256f10-8056-416e-a2a4-dd085f6c7864@group-9ED9FEE0098D-LeaderElection169] INFO  impl.RaftServerImpl (RaftServerImpl.java:setRole(184)) - 0f256f10-8056-416e-a2a4-dd085f6c7864@group-9ED9FEE0098D: changes role from CANDIDATE to FOLLOWER at term 176 for DISCOVERED_A_NEW_TERM
2019-10-17 06:31:24,280 [0f256f10-8056-416e-a2a4-dd085f6c7864@group-9ED9FEE0098D-LeaderElection169] INFO  impl.RoleInfo (RoleInfo.java:shutdownLeaderElection(134)) - 0f256f10-8056-416e-a2a4-dd085f6c7864: shutdown LeaderElection
2019-10-17 06:31:24,280 [0f256f10-8056-416e-a2a4-dd085f6c7864@group-9ED9FEE0098D-LeaderElection169] INFO  impl.RoleInfo (RoleInfo.java:updateAndGet(143)) - 0f256f10-8056-416e-a2a4-dd085f6c7864: start FollowerState
2019-10-17 06:31:24,286 [Thread-2498] INFO  impl.FollowerState (FollowerState.java:run(108)) - 0f256f10-8056-416e-a2a4-dd085f6c7864@group-9ED9FEE0098D-FollowerState: change to CANDIDATE, lastRpcTime:6ms, electionTimeout:6ms
2019-10-17 06:31:24,286 [Thread-2498] INFO  impl.RoleInfo (RoleInfo.java:shutdownFollowerState(121)) - 0f256f10-8056-416e-a2a4-dd085f6c7864: shutdown FollowerState
2019-10-17 06:31:24,286 [Thread-2498] INFO  impl.RaftServerImpl (RaftServerImpl.java:setRole(184)) - 0f256f10-8056-416e-a2a4-dd085f6c7864@group-9ED9FEE0098D: changes role from  FOLLOWER to CANDIDATE at term 176 for changeToCandidate
2019-10-17 06:31:24,287 [Thread-2498] INFO  impl.RoleInfo (RoleInfo.java:updateAndGet(143)) - 0f256f10-8056-416e-a2a4-dd085f6c7864: start LeaderElection
2019-10-17 06:31:24,311 [0f256f10-8056-416e-a2a4-dd085f6c7864@group-9ED9FEE0098D-LeaderElection170] INFO  impl.LeaderElection (LeaderElection.java:askForVotes(178)) - 0f256f10-8056-416e-a2a4-dd085f6c7864@group-9ED9FEE0098D-LeaderElection170: begin an election at term 177 for -1: [2f64f904-2283-4e96-b4e2-6c9018f13084:192.168.34.62:40373, 0f256f10-8056-416e-a2a4-dd085f6c7864:192.168.34.62:35674, 07fb1a7b-fe02-4a56-ac24-3020e88d4db0:192.168.34.62:46434], old=null
2019-10-17 06:31:24,314 [grpc-default-executor-1] INFO  impl.RaftServerImpl (RaftServerImpl.java:setRole(184)) - 07fb1a7b-fe02-4a56-ac24-3020e88d4db0@group-9ED9FEE0098D: changes role from  FOLLOWER to FOLLOWER at term 177 for recognizeCandidate:0f256f10-8056-416e-a2a4-dd085f6c7864
2019-10-17 06:31:24,314 [grpc-default-executor-6] INFO  impl.RaftServerImpl (RaftServerImpl.java:setRole(184)) - 2f64f904-2283-4e96-b4e2-6c9018f13084@group-9ED9FEE0098D: changes role from  FOLLOWER to FOLLOWER at term 177 for recognizeCandidate:0f256f10-8056-416e-a2a4-dd085f6c7864
2019-10-17 06:31:24,314 [grpc-default-executor-1] INFO  impl.RoleInfo (RoleInfo.java:shutdownFollowerState(121)) - 07fb1a7b-fe02-4a56-ac24-3020e88d4db0: shutdown FollowerState
2019-10-17 06:31:24,314 [grpc-default-executor-6] INFO  impl.RoleInfo (RoleInfo.java:shutdownFollowerState(121)) - 2f64f904-2283-4e96-b4e2-6c9018f13084: shutdown FollowerState
2019-10-17 06:31:24,314 [Thread-2497] INFO  impl.FollowerState (FollowerState.java:run(117)) - 07fb1a7b-fe02-4a56-ac24-3020e88d4db0@group-9ED9FEE0098D-FollowerState was interrupted: java.lang.InterruptedException: sleep interrupted
2019-10-17 06:31:24,314 [grpc-default-executor-1] INFO  impl.RoleInfo (RoleInfo.java:updateAndGet(143)) - 07fb1a7b-fe02-4a56-ac24-3020e88d4db0: start FollowerState
2019-10-17 06:31:24,314 [Thread-2496] INFO  impl.FollowerState (FollowerState.java:run(117)) - 2f64f904-2283-4e96-b4e2-6c9018f13084@group-9ED9FEE0098D-FollowerState was interrupted: java.lang.InterruptedException: sleep interrupted
2019-10-17 06:31:24,314 [grpc-default-executor-6] INFO  impl.RoleInfo (RoleInfo.java:updateAndGet(143)) - 2f64f904-2283-4e96-b4e2-6c9018f13084: start FollowerState
2019-10-17 06:31:24,329 [0f256f10-8056-416e-a2a4-dd085f6c7864@group-9ED9FEE0098D-LeaderElection170] INFO  impl.LeaderElection (LeaderElection.java:logAndReturn(56)) - 0f256f10-8056-416e-a2a4-dd085f6c7864@group-9ED9FEE0098D-LeaderElection170: Election REJECTED; received 2 response(s) [0f256f10-8056-416e-a2a4-dd085f6c7864<-2f64f904-2283-4e96-b4e2-6c9018f13084#0:FAIL-t177, 0f256f10-8056-416e-a2a4-dd085f6c7864<-07fb1a7b-fe02-4a56-ac24-3020e88d4db0#0:FAIL-t177] and 0 exception(s); 0f256f10-8056-416e-a2a4-dd085f6c7864@group-9ED9FEE0098D:t177, leader=null, voted=0f256f10-8056-416e-a2a4-dd085f6c7864, raftlog=0f256f10-8056-416e-a2a4-dd085f6c7864@group-9ED9FEE0098D-SegmentedRaftLog:OPENED:c-1,f-1,i0, conf=-1: [2f64f904-2283-4e96-b4e2-6c9018f13084:192.168.34.62:40373, 0f256f10-8056-416e-a2a4-dd085f6c7864:192.168.34.62:35674, 07fb1a7b-fe02-4a56-ac24-3020e88d4db0:192.168.34.62:46434], old=null
2019-10-17 06:31:24,329 [0f256f10-8056-416e-a2a4-dd085f6c7864@group-9ED9FEE0098D-LeaderElection170] INFO  impl.RaftServerImpl (RaftServerImpl.java:setRole(184)) - 0f256f10-8056-416e-a2a4-dd085f6c7864@group-9ED9FEE0098D: changes role from CANDIDATE to FOLLOWER at term 177 for DISCOVERED_A_NEW_TERM
2019-10-17 06:31:24,330 [0f256f10-8056-416e-a2a4-dd085f6c7864@group-9ED9FEE0098D-LeaderElection170] INFO  impl.RoleInfo (RoleInfo.java:shutdownLeaderElection(134)) - 0f256f10-8056-416e-a2a4-dd085f6c7864: shutdown LeaderElection
2019-10-17 06:31:24,330 [0f256f10-8056-416e-a2a4-dd085f6c7864@group-9ED9FEE0098D-LeaderElection170] INFO  impl.RoleInfo (RoleInfo.java:updateAndGet(143)) - 0f256f10-8056-416e-a2a4-dd085f6c7864: start FollowerState
2019-10-17 06:31:24,343 [Thread-2504] INFO  impl.FollowerState (FollowerState.java:run(108)) - 0f256f10-8056-416e-a2a4-dd085f6c7864@group-9ED9FEE0098D-FollowerState: change to CANDIDATE, lastRpcTime:13ms, electionTimeout:13ms
2019-10-17 06:31:24,343 [Thread-2504] INFO  impl.RoleInfo (RoleInfo.java:shutdownFollowerState(121)) - 0f256f10-8056-416e-a2a4-dd085f6c7864: shutdown FollowerState
2019-10-17 06:31:24,343 [Thread-2504] INFO  impl.RaftServerImpl (RaftServerImpl.java:setRole(184)) - 0f256f10-8056-416e-a2a4-dd085f6c7864@group-9ED9FEE0098D: changes role from  FOLLOWER to CANDIDATE at term 177 for changeToCandidate
2019-10-17 06:31:24,343 [Thread-2504] INFO  impl.RoleInfo (RoleInfo.java:updateAndGet(143)) - 0f256f10-8056-416e-a2a4-dd085f6c7864: start LeaderElection
2019-10-17 06:31:24,357 [0f256f10-8056-416e-a2a4-dd085f6c7864@group-9ED9FEE0098D-LeaderElection171] INFO  impl.LeaderElection (LeaderElection.java:askForVotes(178)) - 0f256f10-8056-416e-a2a4-dd085f6c7864@group-9ED9FEE0098D-LeaderElection171: begin an election at term 178 for -1: [2f64f904-2283-4e96-b4e2-6c9018f13084:192.168.34.62:40373, 0f256f10-8056-416e-a2a4-dd085f6c7864:192.168.34.62:35674, 07fb1a7b-fe02-4a56-ac24-3020e88d4db0:192.168.34.62:46434], old=null
2019-10-17 06:31:24,359 [grpc-default-executor-1] INFO  impl.RaftServerImpl (RaftServerImpl.java:setRole(184)) - 07fb1a7b-fe02-4a56-ac24-3020e88d4db0@group-9ED9FEE0098D: changes role from  FOLLOWER to FOLLOWER at term 178 for recognizeCandidate:0f256f10-8056-416e-a2a4-dd085f6c7864
2019-10-17 06:31:24,359 [grpc-default-executor-6] INFO  impl.RaftServerImpl (RaftServerImpl.java:setRole(184)) - 2f64f904-2283-4e96-b4e2-6c9018f13084@group-9ED9FEE0098D: changes role from  FOLLOWER to FOLLOWER at term 178 for recognizeCandidate:0f256f10-8056-416e-a2a4-dd085f6c7864
2019-10-17 06:31:24,359 [grpc-default-executor-1] INFO  impl.RoleInfo (RoleInfo.java:shutdownFollowerState(121)) - 07fb1a7b-fe02-4a56-ac24-3020e88d4db0: shutdown FollowerState
2019-10-17 06:31:24,359 [grpc-default-executor-6] INFO  impl.RoleInfo (RoleInfo.java:shutdownFollowerState(121)) - 2f64f904-2283-4e96-b4e2-6c9018f13084: shutdown FollowerState
2019-10-17 06:31:24,360 [Thread-2502] INFO  impl.FollowerState (FollowerState.java:run(117)) - 07fb1a7b-fe02-4a56-ac24-3020e88d4db0@group-9ED9FEE0098D-FollowerState was interrupted: java.lang.InterruptedException: sleep interrupted
2019-10-17 06:31:24,360 [grpc-default-executor-1] INFO  impl.RoleInfo (RoleInfo.java:updateAndGet(143)) - 07fb1a7b-fe02-4a56-ac24-3020e88d4db0: start FollowerState
2019-10-17 06:31:24,360 [grpc-default-executor-6] INFO  impl.RoleInfo (RoleInfo.java:updateAndGet(143)) - 2f64f904-2283-4e96-b4e2-6c9018f13084: start FollowerState
2019-10-17 06:31:24,360 [Thread-2503] INFO  impl.FollowerState (FollowerState.java:run(117)) - 2f64f904-2283-4e96-b4e2-6c9018f13084@group-9ED9FEE0098D-FollowerState was interrupted: java.lang.InterruptedException: sleep interrupted
2019-10-17 06:31:24,384 [0f256f10-8056-416e-a2a4-dd085f6c7864@group-9ED9FEE0098D-LeaderElection171] INFO  impl.LeaderElection (LeaderElection.java:logAndReturn(56)) - 0f256f10-8056-416e-a2a4-dd085f6c7864@group-9ED9FEE0098D-LeaderElection171: Election REJECTED; received 2 response(s) [0f256f10-8056-416e-a2a4-dd085f6c7864<-2f64f904-2283-4e96-b4e2-6c9018f13084#0:FAIL-t178, 0f256f10-8056-416e-a2a4-dd085f6c7864<-07fb1a7b-fe02-4a56-ac24-3020e88d4db0#0:FAIL-t178] and 0 exception(s); 0f256f10-8056-416e-a2a4-dd085f6c7864@group-9ED9FEE0098D:t178, leader=null, voted=0f256f10-8056-416e-a2a4-dd085f6c7864, raftlog=0f256f10-8056-416e-a2a4-dd085f6c7864@group-9ED9FEE0098D-SegmentedRaftLog:OPENED:c-1,f-1,i0, conf=-1: [2f64f904-2283-4e96-b4e2-6c9018f13084:192.168.34.62:40373, 0f256f10-8056-416e-a2a4-dd085f6c7864:192.168.34.62:35674, 07fb1a7b-fe02-4a56-ac24-3020e88d4db0:192.168.34.62:46434], old=null
2019-10-17 06:31:24,384 [0f256f10-8056-416e-a2a4-dd085f6c7864@group-9ED9FEE0098D-LeaderElection171] INFO  impl.RaftServerImpl (RaftServerImpl.java:setRole(184)) - 0f256f10-8056-416e-a2a4-dd085f6c7864@group-9ED9FEE0098D: changes role from CANDIDATE to FOLLOWER at term 178 for DISCOVERED_A_NEW_TERM
2019-10-17 06:31:24,385 [0f256f10-8056-416e-a2a4-dd085f6c7864@group-9ED9FEE0098D-LeaderElection171] INFO  impl.RoleInfo (RoleInfo.java:shutdownLeaderElection(134)) - 0f256f10-8056-416e-a2a4-dd085f6c7864: shutdown LeaderElection
2019-10-17 06:31:24,385 [0f256f10-8056-416e-a2a4-dd085f6c7864@group-9ED9FEE0098D-LeaderElection171] INFO  impl.RoleInfo (RoleInfo.java:updateAndGet(143)) - 0f256f10-8056-416e-a2a4-dd085f6c7864: start FollowerState
2019-10-17 06:31:24,579 [Thread-2510] INFO  impl.FollowerState (FollowerState.java:run(108)) - 0f256f10-8056-416e-a2a4-dd085f6c7864@group-9ED9FEE0098D-FollowerState: change to CANDIDATE, lastRpcTime:194ms, electionTimeout:194ms
2019-10-17 06:31:24,579 [Thread-2510] INFO  impl.RoleInfo (RoleInfo.java:shutdownFollowerState(121)) - 0f256f10-8056-416e-a2a4-dd085f6c7864: shutdown FollowerState
2019-10-17 06:31:24,580 [Thread-2510] INFO  impl.RaftServerImpl (RaftServerImpl.java:setRole(184)) - 0f256f10-8056-416e-a2a4-dd085f6c7864@group-9ED9FEE0098D: changes role from  FOLLOWER to CANDIDATE at term 178 for changeToCandidate
2019-10-17 06:31:24,580 [Thread-2510] INFO  impl.RoleInfo (RoleInfo.java:updateAndGet(143)) - 0f256f10-8056-416e-a2a4-dd085f6c7864: start LeaderElection
2019-10-17 06:31:24,605 [0f256f10-8056-416e-a2a4-dd085f6c7864@group-9ED9FEE0098D-LeaderElection172] INFO  impl.LeaderElection (LeaderElection.java:askForVotes(178)) - 0f256f10-8056-416e-a2a4-dd085f6c7864@group-9ED9FEE0098D-LeaderElection172: begin an election at term 179 for -1: [2f64f904-2283-4e96-b4e2-6c9018f13084:192.168.34.62:40373, 0f256f10-8056-416e-a2a4-dd085f6c7864:192.168.34.62:35674, 07fb1a7b-fe02-4a56-ac24-3020e88d4db0:192.168.34.62:46434], old=null
2019-10-17 06:31:24,608 [grpc-default-executor-6] INFO  impl.RaftServerImpl (RaftServerImpl.java:setRole(184)) - 2f64f904-2283-4e96-b4e2-6c9018f13084@group-9ED9FEE0098D: changes role from  FOLLOWER to FOLLOWER at term 179 for recognizeCandidate:0f256f10-8056-416e-a2a4-dd085f6c7864
2019-10-17 06:31:24,608 [grpc-default-executor-6] INFO  impl.RoleInfo (RoleInfo.java:shutdownFollowerState(121)) - 2f64f904-2283-4e96-b4e2-6c9018f13084: shutdown FollowerState
2019-10-17 06:31:24,608 [grpc-default-executor-1] INFO  impl.RaftServerImpl (RaftServerImpl.java:setRole(184)) - 07fb1a7b-fe02-4a56-ac24-3020e88d4db0@group-9ED9FEE0098D: changes role from  FOLLOWER to FOLLOWER at term 179 for recognizeCandidate:0f256f10-8056-416e-a2a4-dd085f6c7864
2019-10-17 06:31:24,608 [Thread-2509] INFO  impl.FollowerState (FollowerState.java:run(117)) - 2f64f904-2283-4e96-b4e2-6c9018f13084@group-9ED9FEE0098D-FollowerState was interrupted: java.lang.InterruptedException: sleep interrupted
2019-10-17 06:31:24,608 [grpc-default-executor-6] INFO  impl.RoleInfo (RoleInfo.java:updateAndGet(143)) - 2f64f904-2283-4e96-b4e2-6c9018f13084: start FollowerState
2019-10-17 06:31:24,609 [grpc-default-executor-1] INFO  impl.RoleInfo (RoleInfo.java:shutdownFollowerState(121)) - 07fb1a7b-fe02-4a56-ac24-3020e88d4db0: shutdown FollowerState
2019-10-17 06:31:24,609 [Thread-2508] INFO  impl.FollowerState (FollowerState.java:run(117)) - 07fb1a7b-fe02-4a56-ac24-3020e88d4db0@group-9ED9FEE0098D-FollowerState was interrupted: java.lang.InterruptedException: sleep interrupted
2019-10-17 06:31:24,609 [grpc-default-executor-1] INFO  impl.RoleInfo (RoleInfo.java:updateAndGet(143)) - 07fb1a7b-fe02-4a56-ac24-3020e88d4db0: start FollowerState
2019-10-17 06:31:24,624 [0f256f10-8056-416e-a2a4-dd085f6c7864@group-9ED9FEE0098D-LeaderElection172] INFO  impl.LeaderElection (LeaderElection.java:logAndReturn(56)) - 0f256f10-8056-416e-a2a4-dd085f6c7864@group-9ED9FEE0098D-LeaderElection172: Election REJECTED; received 2 response(s) [0f256f10-8056-416e-a2a4-dd085f6c7864<-2f64f904-2283-4e96-b4e2-6c9018f13084#0:FAIL-t179, 0f256f10-8056-416e-a2a4-dd085f6c7864<-07fb1a7b-fe02-4a56-ac24-3020e88d4db0#0:FAIL-t179] and 0 exception(s); 0f256f10-8056-416e-a2a4-dd085f6c7864@group-9ED9FEE0098D:t179, leader=null, voted=0f256f10-8056-416e-a2a4-dd085f6c7864, raftlog=0f256f10-8056-416e-a2a4-dd085f6c7864@group-9ED9FEE0098D-SegmentedRaftLog:OPENED:c-1,f-1,i0, conf=-1: [2f64f904-2283-4e96-b4e2-6c9018f13084:192.168.34.62:40373, 0f256f10-8056-416e-a2a4-dd085f6c7864:192.168.34.62:35674, 07fb1a7b-fe02-4a56-ac24-3020e88d4db0:192.168.34.62:46434], old=null
2019-10-17 06:31:24,625 [0f256f10-8056-416e-a2a4-dd085f6c7864@group-9ED9FEE0098D-LeaderElection172] INFO  impl.RaftServerImpl (RaftServerImpl.java:setRole(184)) - 0f256f10-8056-416e-a2a4-dd085f6c7864@group-9ED9FEE0098D: changes role from CANDIDATE to FOLLOWER at term 179 for DISCOVERED_A_NEW_TERM
2019-10-17 06:31:24,625 [0f256f10-8056-416e-a2a4-dd085f6c7864@group-9ED9FEE0098D-LeaderElection172] INFO  impl.RoleInfo (RoleInfo.java:shutdownLeaderElection(134)) - 0f256f10-8056-416e-a2a4-dd085f6c7864: shutdown LeaderElection
2019-10-17 06:31:24,625 [0f256f10-8056-416e-a2a4-dd085f6c7864@group-9ED9FEE0098D-LeaderElection172] INFO  impl.RoleInfo (RoleInfo.java:updateAndGet(143)) - 0f256f10-8056-416e-a2a4-dd085f6c7864: start FollowerState
2019-10-17 06:31:24,645 [Thread-1202] INFO  ozone.MiniOzoneClusterImpl (MiniOzoneClusterImpl.java:lambda$waitForClusterToBeReady$2(164)) - Waiting for 1 number of pipelines out of 4, to report a leader.
2019-10-17 06:31:24,783 [Thread-2516] INFO  impl.FollowerState (FollowerState.java:run(108)) - 0f256f10-8056-416e-a2a4-dd085f6c7864@group-9ED9FEE0098D-FollowerState: change to CANDIDATE, lastRpcTime:158ms, electionTimeout:158ms
2019-10-17 06:31:24,784 [Thread-2516] INFO  impl.RoleInfo (RoleInfo.java:shutdownFollowerState(121)) - 0f256f10-8056-416e-a2a4-dd085f6c7864: shutdown FollowerState
2019-10-17 06:31:24,784 [Thread-2516] INFO  impl.RaftServerImpl (RaftServerImpl.java:setRole(184)) - 0f256f10-8056-416e-a2a4-dd085f6c7864@group-9ED9FEE0098D: changes role from  FOLLOWER to CANDIDATE at term 179 for changeToCandidate
2019-10-17 06:31:24,784 [Thread-2516] INFO  impl.RoleInfo (RoleInfo.java:updateAndGet(143)) - 0f256f10-8056-416e-a2a4-dd085f6c7864: start LeaderElection
2019-10-17 06:31:24,809 [0f256f10-8056-416e-a2a4-dd085f6c7864@group-9ED9FEE0098D-LeaderElection173] INFO  impl.LeaderElection (LeaderElection.java:askForVotes(178)) - 0f256f10-8056-416e-a2a4-dd085f6c7864@group-9ED9FEE0098D-LeaderElection173: begin an election at term 180 for -1: [2f64f904-2283-4e96-b4e2-6c9018f13084:192.168.34.62:40373, 0f256f10-8056-416e-a2a4-dd085f6c7864:192.168.34.62:35674, 07fb1a7b-fe02-4a56-ac24-3020e88d4db0:192.168.34.62:46434], old=null
2019-10-17 06:31:24,811 [grpc-default-executor-6] INFO  impl.RaftServerImpl (RaftServerImpl.java:setRole(184)) - 07fb1a7b-fe02-4a56-ac24-3020e88d4db0@group-9ED9FEE0098D: changes role from  FOLLOWER to FOLLOWER at term 180 for recognizeCandidate:0f256f10-8056-416e-a2a4-dd085f6c7864
2019-10-17 06:31:24,811 [grpc-default-executor-1] INFO  impl.RaftServerImpl (RaftServerImpl.java:setRole(184)) - 2f64f904-2283-4e96-b4e2-6c9018f13084@group-9ED9FEE0098D: changes role from  FOLLOWER to FOLLOWER at term 180 for recognizeCandidate:0f256f10-8056-416e-a2a4-dd085f6c7864
2019-10-17 06:31:24,811 [grpc-default-executor-6] INFO  impl.RoleInfo (RoleInfo.java:shutdownFollowerState(121)) - 07fb1a7b-fe02-4a56-ac24-3020e88d4db0: shutdown FollowerState
2019-10-17 06:31:24,811 [grpc-default-executor-1] INFO  impl.RoleInfo (RoleInfo.java:shutdownFollowerState(121)) - 2f64f904-2283-4e96-b4e2-6c9018f13084: shutdown FollowerState
2019-10-17 06:31:24,812 [Thread-2515] INFO  impl.FollowerState (FollowerState.java:run(117)) - 07fb1a7b-fe02-4a56-ac24-3020e88d4db0@group-9ED9FEE0098D-FollowerState was interrupted: java.lang.InterruptedException: sleep interrupted
2019-10-17 06:31:24,812 [grpc-default-executor-6] INFO  impl.RoleInfo (RoleInfo.java:updateAndGet(143)) - 07fb1a7b-fe02-4a56-ac24-3020e88d4db0: start FollowerState
2019-10-17 06:31:24,812 [grpc-default-executor-1] INFO  impl.RoleInfo (RoleInfo.java:updateAndGet(143)) - 2f64f904-2283-4e96-b4e2-6c9018f13084: start FollowerState
2019-10-17 06:31:24,812 [Thread-2514] INFO  impl.FollowerState (FollowerState.java:run(117)) - 2f64f904-2283-4e96-b4e2-6c9018f13084@group-9ED9FEE0098D-FollowerState was interrupted: java.lang.InterruptedException: sleep interrupted
2019-10-17 06:31:24,837 [0f256f10-8056-416e-a2a4-dd085f6c7864@group-9ED9FEE0098D-LeaderElection173] INFO  impl.LeaderElection (LeaderElection.java:logAndReturn(56)) - 0f256f10-8056-416e-a2a4-dd085f6c7864@group-9ED9FEE0098D-LeaderElection173: Election REJECTED; received 2 response(s) [0f256f10-8056-416e-a2a4-dd085f6c7864<-2f64f904-2283-4e96-b4e2-6c9018f13084#0:FAIL-t180, 0f256f10-8056-416e-a2a4-dd085f6c7864<-07fb1a7b-fe02-4a56-ac24-3020e88d4db0#0:FAIL-t180] and 0 exception(s); 0f256f10-8056-416e-a2a4-dd085f6c7864@group-9ED9FEE0098D:t180, leader=null, voted=0f256f10-8056-416e-a2a4-dd085f6c7864, raftlog=0f256f10-8056-416e-a2a4-dd085f6c7864@group-9ED9FEE0098D-SegmentedRaftLog:OPENED:c-1,f-1,i0, conf=-1: [2f64f904-2283-4e96-b4e2-6c9018f13084:192.168.34.62:40373, 0f256f10-8056-416e-a2a4-dd085f6c7864:192.168.34.62:35674, 07fb1a7b-fe02-4a56-ac24-3020e88d4db0:192.168.34.62:46434], old=null
2019-10-17 06:31:24,837 [0f256f10-8056-416e-a2a4-dd085f6c7864@group-9ED9FEE0098D-LeaderElection173] INFO  impl.RaftServerImpl (RaftServerImpl.java:setRole(184)) - 0f256f10-8056-416e-a2a4-dd085f6c7864@group-9ED9FEE0098D: changes role from CANDIDATE to FOLLOWER at term 180 for DISCOVERED_A_NEW_TERM
2019-10-17 06:31:24,837 [0f256f10-8056-416e-a2a4-dd085f6c7864@group-9ED9FEE0098D-LeaderElection173] INFO  impl.RoleInfo (RoleInfo.java:shutdownLeaderElection(134)) - 0f256f10-8056-416e-a2a4-dd085f6c7864: shutdown LeaderElection
2019-10-17 06:31:24,837 [0f256f10-8056-416e-a2a4-dd085f6c7864@group-9ED9FEE0098D-LeaderElection173] INFO  impl.RoleInfo (RoleInfo.java:updateAndGet(143)) - 0f256f10-8056-416e-a2a4-dd085f6c7864: start FollowerState
2019-10-17 06:31:24,857 [Thread-2522] INFO  impl.FollowerState (FollowerState.java:run(108)) - 0f256f10-8056-416e-a2a4-dd085f6c7864@group-9ED9FEE0098D-FollowerState: change to CANDIDATE, lastRpcTime:20ms, electionTimeout:20ms
2019-10-17 06:31:24,858 [Thread-2522] INFO  impl.RoleInfo (RoleInfo.java:shutdownFollowerState(121)) - 0f256f10-8056-416e-a2a4-dd085f6c7864: shutdown FollowerState
2019-10-17 06:31:24,858 [Thread-2522] INFO  impl.RaftServerImpl (RaftServerImpl.java:setRole(184)) - 0f256f10-8056-416e-a2a4-dd085f6c7864@group-9ED9FEE0098D: changes role from  FOLLOWER to CANDIDATE at term 180 for changeToCandidate
2019-10-17 06:31:24,858 [Thread-2522] INFO  impl.RoleInfo (RoleInfo.java:updateAndGet(143)) - 0f256f10-8056-416e-a2a4-dd085f6c7864: start LeaderElection
2019-10-17 06:31:24,883 [0f256f10-8056-416e-a2a4-dd085f6c7864@group-9ED9FEE0098D-LeaderElection174] INFO  impl.LeaderElection (LeaderElection.java:askForVotes(178)) - 0f256f10-8056-416e-a2a4-dd085f6c7864@group-9ED9FEE0098D-LeaderElection174: begin an election at term 181 for -1: [2f64f904-2283-4e96-b4e2-6c9018f13084:192.168.34.62:40373, 0f256f10-8056-416e-a2a4-dd085f6c7864:192.168.34.62:35674, 07fb1a7b-fe02-4a56-ac24-3020e88d4db0:192.168.34.62:46434], old=null
2019-10-17 06:31:24,885 [grpc-default-executor-6] INFO  impl.RaftServerImpl (RaftServerImpl.java:setRole(184)) - 07fb1a7b-fe02-4a56-ac24-3020e88d4db0@group-9ED9FEE0098D: changes role from  FOLLOWER to FOLLOWER at term 181 for recognizeCandidate:0f256f10-8056-416e-a2a4-dd085f6c7864
2019-10-17 06:31:24,885 [grpc-default-executor-1] INFO  impl.RaftServerImpl (RaftServerImpl.java:setRole(184)) - 2f64f904-2283-4e96-b4e2-6c9018f13084@group-9ED9FEE0098D: changes role from  FOLLOWER to FOLLOWER at term 181 for recognizeCandidate:0f256f10-8056-416e-a2a4-dd085f6c7864
2019-10-17 06:31:24,885 [grpc-default-executor-6] INFO  impl.RoleInfo (RoleInfo.java:shutdownFollowerState(121)) - 07fb1a7b-fe02-4a56-ac24-3020e88d4db0: shutdown FollowerState
2019-10-17 06:31:24,886 [grpc-default-executor-1] INFO  impl.RoleInfo (RoleInfo.java:shutdownFollowerState(121)) - 2f64f904-2283-4e96-b4e2-6c9018f13084: shutdown FollowerState
2019-10-17 06:31:24,886 [grpc-default-executor-6] INFO  impl.RoleInfo (RoleInfo.java:updateAndGet(143)) - 07fb1a7b-fe02-4a56-ac24-3020e88d4db0: start FollowerState
2019-10-17 06:31:24,886 [grpc-default-executor-1] INFO  impl.RoleInfo (RoleInfo.java:updateAndGet(143)) - 2f64f904-2283-4e96-b4e2-6c9018f13084: start FollowerState
2019-10-17 06:31:24,886 [Thread-2520] INFO  impl.FollowerState (FollowerState.java:run(117)) - 07fb1a7b-fe02-4a56-ac24-3020e88d4db0@group-9ED9FEE0098D-FollowerState was interrupted: java.lang.InterruptedException: sleep interrupted
2019-10-17 06:31:24,886 [Thread-2521] INFO  impl.FollowerState (FollowerState.java:run(117)) - 2f64f904-2283-4e96-b4e2-6c9018f13084@group-9ED9FEE0098D-FollowerState was interrupted: java.lang.InterruptedException: sleep interrupted
2019-10-17 06:31:24,900 [0f256f10-8056-416e-a2a4-dd085f6c7864@group-9ED9FEE0098D-LeaderElection174] INFO  impl.LeaderElection (LeaderElection.java:logAndReturn(56)) - 0f256f10-8056-416e-a2a4-dd085f6c7864@group-9ED9FEE0098D-LeaderElection174: Election REJECTED; received 2 response(s) [0f256f10-8056-416e-a2a4-dd085f6c7864<-2f64f904-2283-4e96-b4e2-6c9018f13084#0:FAIL-t181, 0f256f10-8056-416e-a2a4-dd085f6c7864<-07fb1a7b-fe02-4a56-ac24-3020e88d4db0#0:FAIL-t181] and 0 exception(s); 0f256f10-8056-416e-a2a4-dd085f6c7864@group-9ED9FEE0098D:t181, leader=null, voted=0f256f10-8056-416e-a2a4-dd085f6c7864, raftlog=0f256f10-8056-416e-a2a4-dd085f6c7864@group-9ED9FEE0098D-SegmentedRaftLog:OPENED:c-1,f-1,i0, conf=-1: [2f64f904-2283-4e96-b4e2-6c9018f13084:192.168.34.62:40373, 0f256f10-8056-416e-a2a4-dd085f6c7864:192.168.34.62:35674, 07fb1a7b-fe02-4a56-ac24-3020e88d4db0:192.168.34.62:46434], old=null
2019-10-17 06:31:24,901 [0f256f10-8056-416e-a2a4-dd085f6c7864@group-9ED9FEE0098D-LeaderElection174] INFO  impl.RaftServerImpl (RaftServerImpl.java:setRole(184)) - 0f256f10-8056-416e-a2a4-dd085f6c7864@group-9ED9FEE0098D: changes role from CANDIDATE to FOLLOWER at term 181 for DISCOVERED_A_NEW_TERM
2019-10-17 06:31:24,901 [0f256f10-8056-416e-a2a4-dd085f6c7864@group-9ED9FEE0098D-LeaderElection174] INFO  impl.RoleInfo (RoleInfo.java:shutdownLeaderElection(134)) - 0f256f10-8056-416e-a2a4-dd085f6c7864: shutdown LeaderElection
2019-10-17 06:31:24,901 [0f256f10-8056-416e-a2a4-dd085f6c7864@group-9ED9FEE0098D-LeaderElection174] INFO  impl.RoleInfo (RoleInfo.java:updateAndGet(143)) - 0f256f10-8056-416e-a2a4-dd085f6c7864: start FollowerState
2019-10-17 06:31:24,965 [Thread-2528] INFO  impl.FollowerState (FollowerState.java:run(108)) - 0f256f10-8056-416e-a2a4-dd085f6c7864@group-9ED9FEE0098D-FollowerState: change to CANDIDATE, lastRpcTime:64ms, electionTimeout:64ms
2019-10-17 06:31:24,966 [Thread-2528] INFO  impl.RoleInfo (RoleInfo.java:shutdownFollowerState(121)) - 0f256f10-8056-416e-a2a4-dd085f6c7864: shutdown FollowerState
2019-10-17 06:31:24,966 [Thread-2528] INFO  impl.RaftServerImpl (RaftServerImpl.java:setRole(184)) - 0f256f10-8056-416e-a2a4-dd085f6c7864@group-9ED9FEE0098D: changes role from  FOLLOWER to CANDIDATE at term 181 for changeToCandidate
2019-10-17 06:31:24,966 [Thread-2528] INFO  impl.RoleInfo (RoleInfo.java:updateAndGet(143)) - 0f256f10-8056-416e-a2a4-dd085f6c7864: start LeaderElection
2019-10-17 06:31:24,981 [0f256f10-8056-416e-a2a4-dd085f6c7864@group-9ED9FEE0098D-LeaderElection175] INFO  impl.LeaderElection (LeaderElection.java:askForVotes(178)) - 0f256f10-8056-416e-a2a4-dd085f6c7864@group-9ED9FEE0098D-LeaderElection175: begin an election at term 182 for -1: [2f64f904-2283-4e96-b4e2-6c9018f13084:192.168.34.62:40373, 0f256f10-8056-416e-a2a4-dd085f6c7864:192.168.34.62:35674, 07fb1a7b-fe02-4a56-ac24-3020e88d4db0:192.168.34.62:46434], old=null
2019-10-17 06:31:24,983 [grpc-default-executor-6] INFO  impl.RaftServerImpl (RaftServerImpl.java:setRole(184)) - 2f64f904-2283-4e96-b4e2-6c9018f13084@group-9ED9FEE0098D: changes role from  FOLLOWER to FOLLOWER at term 182 for recognizeCandidate:0f256f10-8056-416e-a2a4-dd085f6c7864
2019-10-17 06:31:24,983 [grpc-default-executor-1] INFO  impl.RaftServerImpl (RaftServerImpl.java:setRole(184)) - 07fb1a7b-fe02-4a56-ac24-3020e88d4db0@group-9ED9FEE0098D: changes role from  FOLLOWER to FOLLOWER at term 182 for recognizeCandidate:0f256f10-8056-416e-a2a4-dd085f6c7864
2019-10-17 06:31:24,983 [grpc-default-executor-6] INFO  impl.RoleInfo (RoleInfo.java:shutdownFollowerState(121)) - 2f64f904-2283-4e96-b4e2-6c9018f13084: shutdown FollowerState
2019-10-17 06:31:24,983 [grpc-default-executor-1] INFO  impl.RoleInfo (RoleInfo.java:shutdownFollowerState(121)) - 07fb1a7b-fe02-4a56-ac24-3020e88d4db0: shutdown FollowerState
2019-10-17 06:31:24,984 [grpc-default-executor-1] INFO  impl.RoleInfo (RoleInfo.java:updateAndGet(143)) - 07fb1a7b-fe02-4a56-ac24-3020e88d4db0: start FollowerState
2019-10-17 06:31:24,984 [Thread-2527] INFO  impl.FollowerState (FollowerState.java:run(117)) - 2f64f904-2283-4e96-b4e2-6c9018f13084@group-9ED9FEE0098D-FollowerState was interrupted: java.lang.InterruptedException: sleep interrupted
2019-10-17 06:31:24,983 [grpc-default-executor-6] INFO  impl.RoleInfo (RoleInfo.java:updateAndGet(143)) - 2f64f904-2283-4e96-b4e2-6c9018f13084: start FollowerState
2019-10-17 06:31:24,984 [Thread-2526] INFO  impl.FollowerState (FollowerState.java:run(117)) - 07fb1a7b-fe02-4a56-ac24-3020e88d4db0@group-9ED9FEE0098D-FollowerState was interrupted: java.lang.InterruptedException: sleep interrupted
2019-10-17 06:31:24,998 [0f256f10-8056-416e-a2a4-dd085f6c7864@group-9ED9FEE0098D-LeaderElection175] INFO  impl.LeaderElection (LeaderElection.java:logAndReturn(56)) - 0f256f10-8056-416e-a2a4-dd085f6c7864@group-9ED9FEE0098D-LeaderElection175: Election REJECTED; received 2 response(s) [0f256f10-8056-416e-a2a4-dd085f6c7864<-2f64f904-2283-4e96-b4e2-6c9018f13084#0:FAIL-t182, 0f256f10-8056-416e-a2a4-dd085f6c7864<-07fb1a7b-fe02-4a56-ac24-3020e88d4db0#0:FAIL-t182] and 0 exception(s); 0f256f10-8056-416e-a2a4-dd085f6c7864@group-9ED9FEE0098D:t182, leader=null, voted=0f256f10-8056-416e-a2a4-dd085f6c7864, raftlog=0f256f10-8056-416e-a2a4-dd085f6c7864@group-9ED9FEE0098D-SegmentedRaftLog:OPENED:c-1,f-1,i0, conf=-1: [2f64f904-2283-4e96-b4e2-6c9018f13084:192.168.34.62:40373, 0f256f10-8056-416e-a2a4-dd085f6c7864:192.168.34.62:35674, 07fb1a7b-fe02-4a56-ac24-3020e88d4db0:192.168.34.62:46434], old=null
2019-10-17 06:31:24,999 [0f256f10-8056-416e-a2a4-dd085f6c7864@group-9ED9FEE0098D-LeaderElection175] INFO  impl.RaftServerImpl (RaftServerImpl.java:setRole(184)) - 0f256f10-8056-416e-a2a4-dd085f6c7864@group-9ED9FEE0098D: changes role from CANDIDATE to FOLLOWER at term 182 for DISCOVERED_A_NEW_TERM
2019-10-17 06:31:24,999 [0f256f10-8056-416e-a2a4-dd085f6c7864@group-9ED9FEE0098D-LeaderElection175] INFO  impl.RoleInfo (RoleInfo.java:shutdownLeaderElection(134)) - 0f256f10-8056-416e-a2a4-dd085f6c7864: shutdown LeaderElection
2019-10-17 06:31:24,999 [0f256f10-8056-416e-a2a4-dd085f6c7864@group-9ED9FEE0098D-LeaderElection175] INFO  impl.RoleInfo (RoleInfo.java:updateAndGet(143)) - 0f256f10-8056-416e-a2a4-dd085f6c7864: start FollowerState
2019-10-17 06:31:25,128 [Thread-2534] INFO  impl.FollowerState (FollowerState.java:run(108)) - 0f256f10-8056-416e-a2a4-dd085f6c7864@group-9ED9FEE0098D-FollowerState: change to CANDIDATE, lastRpcTime:129ms, electionTimeout:129ms
2019-10-17 06:31:25,129 [Thread-2534] INFO  impl.RoleInfo (RoleInfo.java:shutdownFollowerState(121)) - 0f256f10-8056-416e-a2a4-dd085f6c7864: shutdown FollowerState
2019-10-17 06:31:25,129 [Thread-2534] INFO  impl.RaftServerImpl (RaftServerImpl.java:setRole(184)) - 0f256f10-8056-416e-a2a4-dd085f6c7864@group-9ED9FEE0098D: changes role from  FOLLOWER to CANDIDATE at term 182 for changeToCandidate
2019-10-17 06:31:25,129 [Thread-2534] INFO  impl.RoleInfo (RoleInfo.java:updateAndGet(143)) - 0f256f10-8056-416e-a2a4-dd085f6c7864: start LeaderElection
2019-10-17 06:31:25,161 [0f256f10-8056-416e-a2a4-dd085f6c7864@group-9ED9FEE0098D-LeaderElection176] INFO  impl.LeaderElection (LeaderElection.java:askForVotes(178)) - 0f256f10-8056-416e-a2a4-dd085f6c7864@group-9ED9FEE0098D-LeaderElection176: begin an election at term 183 for -1: [2f64f904-2283-4e96-b4e2-6c9018f13084:192.168.34.62:40373, 0f256f10-8056-416e-a2a4-dd085f6c7864:192.168.34.62:35674, 07fb1a7b-fe02-4a56-ac24-3020e88d4db0:192.168.34.62:46434], old=null
2019-10-17 06:31:25,163 [grpc-default-executor-6] INFO  impl.RaftServerImpl (RaftServerImpl.java:setRole(184)) - 2f64f904-2283-4e96-b4e2-6c9018f13084@group-9ED9FEE0098D: changes role from  FOLLOWER to FOLLOWER at term 183 for recognizeCandidate:0f256f10-8056-416e-a2a4-dd085f6c7864
2019-10-17 06:31:25,163 [grpc-default-executor-6] INFO  impl.RoleInfo (RoleInfo.java:shutdownFollowerState(121)) - 2f64f904-2283-4e96-b4e2-6c9018f13084: shutdown FollowerState
2019-10-17 06:31:25,164 [grpc-default-executor-6] INFO  impl.RoleInfo (RoleInfo.java:updateAndGet(143)) - 2f64f904-2283-4e96-b4e2-6c9018f13084: start FollowerState
2019-10-17 06:31:25,164 [Thread-2532] INFO  impl.FollowerState (FollowerState.java:run(117)) - 2f64f904-2283-4e96-b4e2-6c9018f13084@group-9ED9FEE0098D-FollowerState was interrupted: java.lang.InterruptedException: sleep interrupted
2019-10-17 06:31:25,164 [grpc-default-executor-1] INFO  impl.RaftServerImpl (RaftServerImpl.java:setRole(184)) - 07fb1a7b-fe02-4a56-ac24-3020e88d4db0@group-9ED9FEE0098D: changes role from  FOLLOWER to FOLLOWER at term 183 for recognizeCandidate:0f256f10-8056-416e-a2a4-dd085f6c7864
2019-10-17 06:31:25,164 [grpc-default-executor-1] INFO  impl.RoleInfo (RoleInfo.java:shutdownFollowerState(121)) - 07fb1a7b-fe02-4a56-ac24-3020e88d4db0: shutdown FollowerState
2019-10-17 06:31:25,164 [grpc-default-executor-1] INFO  impl.RoleInfo (RoleInfo.java:updateAndGet(143)) - 07fb1a7b-fe02-4a56-ac24-3020e88d4db0: start FollowerState
2019-10-17 06:31:25,164 [Thread-2533] INFO  impl.FollowerState (FollowerState.java:run(117)) - 07fb1a7b-fe02-4a56-ac24-3020e88d4db0@group-9ED9FEE0098D-FollowerState was interrupted: java.lang.InterruptedException: sleep interrupted
2019-10-17 06:31:25,178 [0f256f10-8056-416e-a2a4-dd085f6c7864@group-9ED9FEE0098D-LeaderElection176] INFO  impl.LeaderElection (LeaderElection.java:logAndReturn(56)) - 0f256f10-8056-416e-a2a4-dd085f6c7864@group-9ED9FEE0098D-LeaderElection176: Election REJECTED; received 2 response(s) [0f256f10-8056-416e-a2a4-dd085f6c7864<-2f64f904-2283-4e96-b4e2-6c9018f13084#0:FAIL-t183, 0f256f10-8056-416e-a2a4-dd085f6c7864<-07fb1a7b-fe02-4a56-ac24-3020e88d4db0#0:FAIL-t183] and 0 exception(s); 0f256f10-8056-416e-a2a4-dd085f6c7864@group-9ED9FEE0098D:t183, leader=null, voted=0f256f10-8056-416e-a2a4-dd085f6c7864, raftlog=0f256f10-8056-416e-a2a4-dd085f6c7864@group-9ED9FEE0098D-SegmentedRaftLog:OPENED:c-1,f-1,i0, conf=-1: [2f64f904-2283-4e96-b4e2-6c9018f13084:192.168.34.62:40373, 0f256f10-8056-416e-a2a4-dd085f6c7864:192.168.34.62:35674, 07fb1a7b-fe02-4a56-ac24-3020e88d4db0:192.168.34.62:46434], old=null
2019-10-17 06:31:25,178 [0f256f10-8056-416e-a2a4-dd085f6c7864@group-9ED9FEE0098D-LeaderElection176] INFO  impl.RaftServerImpl (RaftServerImpl.java:setRole(184)) - 0f256f10-8056-416e-a2a4-dd085f6c7864@group-9ED9FEE0098D: changes role from CANDIDATE to FOLLOWER at term 183 for DISCOVERED_A_NEW_TERM
2019-10-17 06:31:25,178 [0f256f10-8056-416e-a2a4-dd085f6c7864@group-9ED9FEE0098D-LeaderElection176] INFO  impl.RoleInfo (RoleInfo.java:shutdownLeaderElection(134)) - 0f256f10-8056-416e-a2a4-dd085f6c7864: shutdown LeaderElection
2019-10-17 06:31:25,178 [0f256f10-8056-416e-a2a4-dd085f6c7864@group-9ED9FEE0098D-LeaderElection176] INFO  impl.RoleInfo (RoleInfo.java:updateAndGet(143)) - 0f256f10-8056-416e-a2a4-dd085f6c7864: start FollowerState
2019-10-17 06:31:25,294 [Thread-2540] INFO  impl.FollowerState (FollowerState.java:run(108)) - 0f256f10-8056-416e-a2a4-dd085f6c7864@group-9ED9FEE0098D-FollowerState: change to CANDIDATE, lastRpcTime:115ms, electionTimeout:115ms
2019-10-17 06:31:25,294 [Thread-2540] INFO  impl.RoleInfo (RoleInfo.java:shutdownFollowerState(121)) - 0f256f10-8056-416e-a2a4-dd085f6c7864: shutdown FollowerState
2019-10-17 06:31:25,294 [Thread-2540] INFO  impl.RaftServerImpl (RaftServerImpl.java:setRole(184)) - 0f256f10-8056-416e-a2a4-dd085f6c7864@group-9ED9FEE0098D: changes role from  FOLLOWER to CANDIDATE at term 183 for changeToCandidate
2019-10-17 06:31:25,294 [Thread-2540] INFO  impl.RoleInfo (RoleInfo.java:updateAndGet(143)) - 0f256f10-8056-416e-a2a4-dd085f6c7864: start LeaderElection
2019-10-17 06:31:25,309 [0f256f10-8056-416e-a2a4-dd085f6c7864@group-9ED9FEE0098D-LeaderElection177] INFO  impl.LeaderElection (LeaderElection.java:askForVotes(178)) - 0f256f10-8056-416e-a2a4-dd085f6c7864@group-9ED9FEE0098D-LeaderElection177: begin an election at term 184 for -1: [2f64f904-2283-4e96-b4e2-6c9018f13084:192.168.34.62:40373, 0f256f10-8056-416e-a2a4-dd085f6c7864:192.168.34.62:35674, 07fb1a7b-fe02-4a56-ac24-3020e88d4db0:192.168.34.62:46434], old=null
2019-10-17 06:31:25,312 [grpc-default-executor-1] INFO  impl.RaftServerImpl (RaftServerImpl.java:setRole(184)) - 2f64f904-2283-4e96-b4e2-6c9018f13084@group-9ED9FEE0098D: changes role from  FOLLOWER to FOLLOWER at term 184 for recognizeCandidate:0f256f10-8056-416e-a2a4-dd085f6c7864
2019-10-17 06:31:25,312 [grpc-default-executor-1] INFO  impl.RoleInfo (RoleInfo.java:shutdownFollowerState(121)) - 2f64f904-2283-4e96-b4e2-6c9018f13084: shutdown FollowerState
2019-10-17 06:31:25,312 [grpc-default-executor-6] INFO  impl.RaftServerImpl (RaftServerImpl.java:setRole(184)) - 07fb1a7b-fe02-4a56-ac24-3020e88d4db0@group-9ED9FEE0098D: changes role from  FOLLOWER to FOLLOWER at term 184 for recognizeCandidate:0f256f10-8056-416e-a2a4-dd085f6c7864
2019-10-17 06:31:25,312 [Thread-2538] INFO  impl.FollowerState (FollowerState.java:run(117)) - 2f64f904-2283-4e96-b4e2-6c9018f13084@group-9ED9FEE0098D-FollowerState was interrupted: java.lang.InterruptedException: sleep interrupted
2019-10-17 06:31:25,312 [grpc-default-executor-1] INFO  impl.RoleInfo (RoleInfo.java:updateAndGet(143)) - 2f64f904-2283-4e96-b4e2-6c9018f13084: start FollowerState
2019-10-17 06:31:25,312 [grpc-default-executor-6] INFO  impl.RoleInfo (RoleInfo.java:shutdownFollowerState(121)) - 07fb1a7b-fe02-4a56-ac24-3020e88d4db0: shutdown FollowerState
2019-10-17 06:31:25,313 [grpc-default-executor-6] INFO  impl.RoleInfo (RoleInfo.java:updateAndGet(143)) - 07fb1a7b-fe02-4a56-ac24-3020e88d4db0: start FollowerState
2019-10-17 06:31:25,313 [Thread-2539] INFO  impl.FollowerState (FollowerState.java:run(117)) - 07fb1a7b-fe02-4a56-ac24-3020e88d4db0@group-9ED9FEE0098D-FollowerState was interrupted: java.lang.InterruptedException: sleep interrupted
2019-10-17 06:31:25,328 [0f256f10-8056-416e-a2a4-dd085f6c7864@group-9ED9FEE0098D-LeaderElection177] INFO  impl.LeaderElection (LeaderElection.java:logAndReturn(56)) - 0f256f10-8056-416e-a2a4-dd085f6c7864@group-9ED9FEE0098D-LeaderElection177: Election REJECTED; received 2 response(s) [0f256f10-8056-416e-a2a4-dd085f6c7864<-2f64f904-2283-4e96-b4e2-6c9018f13084#0:FAIL-t184, 0f256f10-8056-416e-a2a4-dd085f6c7864<-07fb1a7b-fe02-4a56-ac24-3020e88d4db0#0:FAIL-t184] and 0 exception(s); 0f256f10-8056-416e-a2a4-dd085f6c7864@group-9ED9FEE0098D:t184, leader=null, voted=0f256f10-8056-416e-a2a4-dd085f6c7864, raftlog=0f256f10-8056-416e-a2a4-dd085f6c7864@group-9ED9FEE0098D-SegmentedRaftLog:OPENED:c-1,f-1,i0, conf=-1: [2f64f904-2283-4e96-b4e2-6c9018f13084:192.168.34.62:40373, 0f256f10-8056-416e-a2a4-dd085f6c7864:192.168.34.62:35674, 07fb1a7b-fe02-4a56-ac24-3020e88d4db0:192.168.34.62:46434], old=null
2019-10-17 06:31:25,329 [0f256f10-8056-416e-a2a4-dd085f6c7864@group-9ED9FEE0098D-LeaderElection177] INFO  impl.RaftServerImpl (RaftServerImpl.java:setRole(184)) - 0f256f10-8056-416e-a2a4-dd085f6c7864@group-9ED9FEE0098D: changes role from CANDIDATE to FOLLOWER at term 184 for DISCOVERED_A_NEW_TERM
2019-10-17 06:31:25,329 [0f256f10-8056-416e-a2a4-dd085f6c7864@group-9ED9FEE0098D-LeaderElection177] INFO  impl.RoleInfo (RoleInfo.java:shutdownLeaderElection(134)) - 0f256f10-8056-416e-a2a4-dd085f6c7864: shutdown LeaderElection
2019-10-17 06:31:25,329 [0f256f10-8056-416e-a2a4-dd085f6c7864@group-9ED9FEE0098D-LeaderElection177] INFO  impl.RoleInfo (RoleInfo.java:updateAndGet(143)) - 0f256f10-8056-416e-a2a4-dd085f6c7864: start FollowerState
2019-10-17 06:31:25,515 [Thread-2546] INFO  impl.FollowerState (FollowerState.java:run(108)) - 0f256f10-8056-416e-a2a4-dd085f6c7864@group-9ED9FEE0098D-FollowerState: change to CANDIDATE, lastRpcTime:186ms, electionTimeout:186ms
2019-10-17 06:31:25,516 [Thread-2546] INFO  impl.RoleInfo (RoleInfo.java:shutdownFollowerState(121)) - 0f256f10-8056-416e-a2a4-dd085f6c7864: shutdown FollowerState
2019-10-17 06:31:25,516 [Thread-2546] INFO  impl.RaftServerImpl (RaftServerImpl.java:setRole(184)) - 0f256f10-8056-416e-a2a4-dd085f6c7864@group-9ED9FEE0098D: changes role from  FOLLOWER to CANDIDATE at term 184 for changeToCandidate
2019-10-17 06:31:25,516 [Thread-2546] INFO  impl.RoleInfo (RoleInfo.java:updateAndGet(143)) - 0f256f10-8056-416e-a2a4-dd085f6c7864: start LeaderElection
2019-10-17 06:31:25,541 [0f256f10-8056-416e-a2a4-dd085f6c7864@group-9ED9FEE0098D-LeaderElection178] INFO  impl.LeaderElection (LeaderElection.java:askForVotes(178)) - 0f256f10-8056-416e-a2a4-dd085f6c7864@group-9ED9FEE0098D-LeaderElection178: begin an election at term 185 for -1: [2f64f904-2283-4e96-b4e2-6c9018f13084:192.168.34.62:40373, 0f256f10-8056-416e-a2a4-dd085f6c7864:192.168.34.62:35674, 07fb1a7b-fe02-4a56-ac24-3020e88d4db0:192.168.34.62:46434], old=null
2019-10-17 06:31:25,543 [grpc-default-executor-1] INFO  impl.RaftServerImpl (RaftServerImpl.java:setRole(184)) - 2f64f904-2283-4e96-b4e2-6c9018f13084@group-9ED9FEE0098D: changes role from  FOLLOWER to FOLLOWER at term 185 for recognizeCandidate:0f256f10-8056-416e-a2a4-dd085f6c7864
2019-10-17 06:31:25,543 [grpc-default-executor-6] INFO  impl.RaftServerImpl (RaftServerImpl.java:setRole(184)) - 07fb1a7b-fe02-4a56-ac24-3020e88d4db0@group-9ED9FEE0098D: changes role from  FOLLOWER to FOLLOWER at term 185 for recognizeCandidate:0f256f10-8056-416e-a2a4-dd085f6c7864
2019-10-17 06:31:25,543 [grpc-default-executor-1] INFO  impl.RoleInfo (RoleInfo.java:shutdownFollowerState(121)) - 2f64f904-2283-4e96-b4e2-6c9018f13084: shutdown FollowerState
2019-10-17 06:31:25,543 [grpc-default-executor-6] INFO  impl.RoleInfo (RoleInfo.java:shutdownFollowerState(121)) - 07fb1a7b-fe02-4a56-ac24-3020e88d4db0: shutdown FollowerState
2019-10-17 06:31:25,544 [Thread-2544] INFO  impl.FollowerState (FollowerState.java:run(117)) - 2f64f904-2283-4e96-b4e2-6c9018f13084@group-9ED9FEE0098D-FollowerState was interrupted: java.lang.InterruptedException: sleep interrupted
2019-10-17 06:31:25,544 [Thread-2545] INFO  impl.FollowerState (FollowerState.java:run(117)) - 07fb1a7b-fe02-4a56-ac24-3020e88d4db0@group-9ED9FEE0098D-FollowerState was interrupted: java.lang.InterruptedException: sleep interrupted
2019-10-17 06:31:25,544 [grpc-default-executor-1] INFO  impl.RoleInfo (RoleInfo.java:updateAndGet(143)) - 2f64f904-2283-4e96-b4e2-6c9018f13084: start FollowerState
2019-10-17 06:31:25,544 [grpc-default-executor-6] INFO  impl.RoleInfo (RoleInfo.java:updateAndGet(143)) - 07fb1a7b-fe02-4a56-ac24-3020e88d4db0: start FollowerState
2019-10-17 06:31:25,560 [0f256f10-8056-416e-a2a4-dd085f6c7864@group-9ED9FEE0098D-LeaderElection178] INFO  impl.LeaderElection (LeaderElection.java:logAndReturn(56)) - 0f256f10-8056-416e-a2a4-dd085f6c7864@group-9ED9FEE0098D-LeaderElection178: Election REJECTED; received 2 response(s) [0f256f10-8056-416e-a2a4-dd085f6c7864<-2f64f904-2283-4e96-b4e2-6c9018f13084#0:FAIL-t185, 0f256f10-8056-416e-a2a4-dd085f6c7864<-07fb1a7b-fe02-4a56-ac24-3020e88d4db0#0:FAIL-t185] and 0 exception(s); 0f256f10-8056-416e-a2a4-dd085f6c7864@group-9ED9FEE0098D:t185, leader=null, voted=0f256f10-8056-416e-a2a4-dd085f6c7864, raftlog=0f256f10-8056-416e-a2a4-dd085f6c7864@group-9ED9FEE0098D-SegmentedRaftLog:OPENED:c-1,f-1,i0, conf=-1: [2f64f904-2283-4e96-b4e2-6c9018f13084:192.168.34.62:40373, 0f256f10-8056-416e-a2a4-dd085f6c7864:192.168.34.62:35674, 07fb1a7b-fe02-4a56-ac24-3020e88d4db0:192.168.34.62:46434], old=null
2019-10-17 06:31:25,560 [0f256f10-8056-416e-a2a4-dd085f6c7864@group-9ED9FEE0098D-LeaderElection178] INFO  impl.RaftServerImpl (RaftServerImpl.java:setRole(184)) - 0f256f10-8056-416e-a2a4-dd085f6c7864@group-9ED9FEE0098D: changes role from CANDIDATE to FOLLOWER at term 185 for DISCOVERED_A_NEW_TERM
2019-10-17 06:31:25,560 [0f256f10-8056-416e-a2a4-dd085f6c7864@group-9ED9FEE0098D-LeaderElection178] INFO  impl.RoleInfo (RoleInfo.java:shutdownLeaderElection(134)) - 0f256f10-8056-416e-a2a4-dd085f6c7864: shutdown LeaderElection
2019-10-17 06:31:25,560 [0f256f10-8056-416e-a2a4-dd085f6c7864@group-9ED9FEE0098D-LeaderElection178] INFO  impl.RoleInfo (RoleInfo.java:updateAndGet(143)) - 0f256f10-8056-416e-a2a4-dd085f6c7864: start FollowerState
2019-10-17 06:31:25,574 [Thread-2552] INFO  impl.FollowerState (FollowerState.java:run(108)) - 0f256f10-8056-416e-a2a4-dd085f6c7864@group-9ED9FEE0098D-FollowerState: change to CANDIDATE, lastRpcTime:13ms, electionTimeout:13ms
2019-10-17 06:31:25,574 [Thread-2552] INFO  impl.RoleInfo (RoleInfo.java:shutdownFollowerState(121)) - 0f256f10-8056-416e-a2a4-dd085f6c7864: shutdown FollowerState
2019-10-17 06:31:25,574 [Thread-2552] INFO  impl.RaftServerImpl (RaftServerImpl.java:setRole(184)) - 0f256f10-8056-416e-a2a4-dd085f6c7864@group-9ED9FEE0098D: changes role from  FOLLOWER to CANDIDATE at term 185 for changeToCandidate
2019-10-17 06:31:25,574 [Thread-2552] INFO  impl.RoleInfo (RoleInfo.java:updateAndGet(143)) - 0f256f10-8056-416e-a2a4-dd085f6c7864: start LeaderElection
2019-10-17 06:31:25,588 [0f256f10-8056-416e-a2a4-dd085f6c7864@group-9ED9FEE0098D-LeaderElection179] INFO  impl.LeaderElection (LeaderElection.java:askForVotes(178)) - 0f256f10-8056-416e-a2a4-dd085f6c7864@group-9ED9FEE0098D-LeaderElection179: begin an election at term 186 for -1: [2f64f904-2283-4e96-b4e2-6c9018f13084:192.168.34.62:40373, 0f256f10-8056-416e-a2a4-dd085f6c7864:192.168.34.62:35674, 07fb1a7b-fe02-4a56-ac24-3020e88d4db0:192.168.34.62:46434], old=null
2019-10-17 06:31:25,591 [grpc-default-executor-1] INFO  impl.RaftServerImpl (RaftServerImpl.java:setRole(184)) - 07fb1a7b-fe02-4a56-ac24-3020e88d4db0@group-9ED9FEE0098D: changes role from  FOLLOWER to FOLLOWER at term 186 for recognizeCandidate:0f256f10-8056-416e-a2a4-dd085f6c7864
2019-10-17 06:31:25,591 [grpc-default-executor-1] INFO  impl.RoleInfo (RoleInfo.java:shutdownFollowerState(121)) - 07fb1a7b-fe02-4a56-ac24-3020e88d4db0: shutdown FollowerState
2019-10-17 06:31:25,591 [grpc-default-executor-6] INFO  impl.RaftServerImpl (RaftServerImpl.java:setRole(184)) - 2f64f904-2283-4e96-b4e2-6c9018f13084@group-9ED9FEE0098D: changes role from  FOLLOWER to FOLLOWER at term 186 for recognizeCandidate:0f256f10-8056-416e-a2a4-dd085f6c7864
2019-10-17 06:31:25,591 [Thread-2551] INFO  impl.FollowerState (FollowerState.java:run(117)) - 07fb1a7b-fe02-4a56-ac24-3020e88d4db0@group-9ED9FEE0098D-FollowerState was interrupted: java.lang.InterruptedException: sleep interrupted
2019-10-17 06:31:25,591 [grpc-default-executor-1] INFO  impl.RoleInfo (RoleInfo.java:updateAndGet(143)) - 07fb1a7b-fe02-4a56-ac24-3020e88d4db0: start FollowerState
2019-10-17 06:31:25,591 [grpc-default-executor-6] INFO  impl.RoleInfo (RoleInfo.java:shutdownFollowerState(121)) - 2f64f904-2283-4e96-b4e2-6c9018f13084: shutdown FollowerState
2019-10-17 06:31:25,591 [grpc-default-executor-6] INFO  impl.RoleInfo (RoleInfo.java:updateAndGet(143)) - 2f64f904-2283-4e96-b4e2-6c9018f13084: start FollowerState
2019-10-17 06:31:25,592 [Thread-2550] INFO  impl.FollowerState (FollowerState.java:run(117)) - 2f64f904-2283-4e96-b4e2-6c9018f13084@group-9ED9FEE0098D-FollowerState was interrupted: java.lang.InterruptedException: sleep interrupted
2019-10-17 06:31:25,615 [0f256f10-8056-416e-a2a4-dd085f6c7864@group-9ED9FEE0098D-LeaderElection179] INFO  impl.LeaderElection (LeaderElection.java:logAndReturn(56)) - 0f256f10-8056-416e-a2a4-dd085f6c7864@group-9ED9FEE0098D-LeaderElection179: Election REJECTED; received 2 response(s) [0f256f10-8056-416e-a2a4-dd085f6c7864<-2f64f904-2283-4e96-b4e2-6c9018f13084#0:FAIL-t186, 0f256f10-8056-416e-a2a4-dd085f6c7864<-07fb1a7b-fe02-4a56-ac24-3020e88d4db0#0:FAIL-t186] and 0 exception(s); 0f256f10-8056-416e-a2a4-dd085f6c7864@group-9ED9FEE0098D:t186, leader=null, voted=0f256f10-8056-416e-a2a4-dd085f6c7864, raftlog=0f256f10-8056-416e-a2a4-dd085f6c7864@group-9ED9FEE0098D-SegmentedRaftLog:OPENED:c-1,f-1,i0, conf=-1: [2f64f904-2283-4e96-b4e2-6c9018f13084:192.168.34.62:40373, 0f256f10-8056-416e-a2a4-dd085f6c7864:192.168.34.62:35674, 07fb1a7b-fe02-4a56-ac24-3020e88d4db0:192.168.34.62:46434], old=null
2019-10-17 06:31:25,616 [0f256f10-8056-416e-a2a4-dd085f6c7864@group-9ED9FEE0098D-LeaderElection179] INFO  impl.RaftServerImpl (RaftServerImpl.java:setRole(184)) - 0f256f10-8056-416e-a2a4-dd085f6c7864@group-9ED9FEE0098D: changes role from CANDIDATE to FOLLOWER at term 186 for DISCOVERED_A_NEW_TERM
2019-10-17 06:31:25,616 [0f256f10-8056-416e-a2a4-dd085f6c7864@group-9ED9FEE0098D-LeaderElection179] INFO  impl.RoleInfo (RoleInfo.java:shutdownLeaderElection(134)) - 0f256f10-8056-416e-a2a4-dd085f6c7864: shutdown LeaderElection
2019-10-17 06:31:25,616 [0f256f10-8056-416e-a2a4-dd085f6c7864@group-9ED9FEE0098D-LeaderElection179] INFO  impl.RoleInfo (RoleInfo.java:updateAndGet(143)) - 0f256f10-8056-416e-a2a4-dd085f6c7864: start FollowerState
2019-10-17 06:31:25,646 [Thread-1202] INFO  ozone.MiniOzoneClusterImpl (MiniOzoneClusterImpl.java:lambda$waitForClusterToBeReady$2(164)) - Waiting for 1 number of pipelines out of 4, to report a leader.
2019-10-17 06:31:25,815 [Thread-2558] INFO  impl.FollowerState (FollowerState.java:run(108)) - 0f256f10-8056-416e-a2a4-dd085f6c7864@group-9ED9FEE0098D-FollowerState: change to CANDIDATE, lastRpcTime:199ms, electionTimeout:199ms
2019-10-17 06:31:25,815 [Thread-2558] INFO  impl.RoleInfo (RoleInfo.java:shutdownFollowerState(121)) - 0f256f10-8056-416e-a2a4-dd085f6c7864: shutdown FollowerState
2019-10-17 06:31:25,815 [Thread-2558] INFO  impl.RaftServerImpl (RaftServerImpl.java:setRole(184)) - 0f256f10-8056-416e-a2a4-dd085f6c7864@group-9ED9FEE0098D: changes role from  FOLLOWER to CANDIDATE at term 186 for changeToCandidate
2019-10-17 06:31:25,816 [Thread-2558] INFO  impl.RoleInfo (RoleInfo.java:updateAndGet(143)) - 0f256f10-8056-416e-a2a4-dd085f6c7864: start LeaderElection
2019-10-17 06:31:25,830 [0f256f10-8056-416e-a2a4-dd085f6c7864@group-9ED9FEE0098D-LeaderElection180] INFO  impl.LeaderElection (LeaderElection.java:askForVotes(178)) - 0f256f10-8056-416e-a2a4-dd085f6c7864@group-9ED9FEE0098D-LeaderElection180: begin an election at term 187 for -1: [2f64f904-2283-4e96-b4e2-6c9018f13084:192.168.34.62:40373, 0f256f10-8056-416e-a2a4-dd085f6c7864:192.168.34.62:35674, 07fb1a7b-fe02-4a56-ac24-3020e88d4db0:192.168.34.62:46434], old=null
2019-10-17 06:31:25,833 [grpc-default-executor-1] INFO  impl.RaftServerImpl (RaftServerImpl.java:setRole(184)) - 2f64f904-2283-4e96-b4e2-6c9018f13084@group-9ED9FEE0098D: changes role from  FOLLOWER to FOLLOWER at term 187 for recognizeCandidate:0f256f10-8056-416e-a2a4-dd085f6c7864
2019-10-17 06:31:25,833 [grpc-default-executor-1] INFO  impl.RoleInfo (RoleInfo.java:shutdownFollowerState(121)) - 2f64f904-2283-4e96-b4e2-6c9018f13084: shutdown FollowerState
2019-10-17 06:31:25,833 [grpc-default-executor-1] INFO  impl.RoleInfo (RoleInfo.java:updateAndGet(143)) - 2f64f904-2283-4e96-b4e2-6c9018f13084: start FollowerState
2019-10-17 06:31:25,833 [grpc-default-executor-6] INFO  impl.RaftServerImpl (RaftServerImpl.java:setRole(184)) - 07fb1a7b-fe02-4a56-ac24-3020e88d4db0@group-9ED9FEE0098D: changes role from  FOLLOWER to FOLLOWER at term 187 for recognizeCandidate:0f256f10-8056-416e-a2a4-dd085f6c7864
2019-10-17 06:31:25,833 [Thread-2557] INFO  impl.FollowerState (FollowerState.java:run(117)) - 2f64f904-2283-4e96-b4e2-6c9018f13084@group-9ED9FEE0098D-FollowerState was interrupted: java.lang.InterruptedException: sleep interrupted
2019-10-17 06:31:25,833 [grpc-default-executor-6] INFO  impl.RoleInfo (RoleInfo.java:shutdownFollowerState(121)) - 07fb1a7b-fe02-4a56-ac24-3020e88d4db0: shutdown FollowerState
2019-10-17 06:31:25,833 [grpc-default-executor-6] INFO  impl.RoleInfo (RoleInfo.java:updateAndGet(143)) - 07fb1a7b-fe02-4a56-ac24-3020e88d4db0: start FollowerState
2019-10-17 06:31:25,834 [Thread-2556] INFO  impl.FollowerState (FollowerState.java:run(117)) - 07fb1a7b-fe02-4a56-ac24-3020e88d4db0@group-9ED9FEE0098D-FollowerState was interrupted: java.lang.InterruptedException: sleep interrupted
2019-10-17 06:31:25,856 [0f256f10-8056-416e-a2a4-dd085f6c7864@group-9ED9FEE0098D-LeaderElection180] INFO  impl.LeaderElection (LeaderElection.java:logAndReturn(56)) - 0f256f10-8056-416e-a2a4-dd085f6c7864@group-9ED9FEE0098D-LeaderElection180: Election REJECTED; received 2 response(s) [0f256f10-8056-416e-a2a4-dd085f6c7864<-2f64f904-2283-4e96-b4e2-6c9018f13084#0:FAIL-t187, 0f256f10-8056-416e-a2a4-dd085f6c7864<-07fb1a7b-fe02-4a56-ac24-3020e88d4db0#0:FAIL-t187] and 0 exception(s); 0f256f10-8056-416e-a2a4-dd085f6c7864@group-9ED9FEE0098D:t187, leader=null, voted=0f256f10-8056-416e-a2a4-dd085f6c7864, raftlog=0f256f10-8056-416e-a2a4-dd085f6c7864@group-9ED9FEE0098D-SegmentedRaftLog:OPENED:c-1,f-1,i0, conf=-1: [2f64f904-2283-4e96-b4e2-6c9018f13084:192.168.34.62:40373, 0f256f10-8056-416e-a2a4-dd085f6c7864:192.168.34.62:35674, 07fb1a7b-fe02-4a56-ac24-3020e88d4db0:192.168.34.62:46434], old=null
2019-10-17 06:31:25,856 [0f256f10-8056-416e-a2a4-dd085f6c7864@group-9ED9FEE0098D-LeaderElection180] INFO  impl.RaftServerImpl (RaftServerImpl.java:setRole(184)) - 0f256f10-8056-416e-a2a4-dd085f6c7864@group-9ED9FEE0098D: changes role from CANDIDATE to FOLLOWER at term 187 for DISCOVERED_A_NEW_TERM
2019-10-17 06:31:25,856 [0f256f10-8056-416e-a2a4-dd085f6c7864@group-9ED9FEE0098D-LeaderElection180] INFO  impl.RoleInfo (RoleInfo.java:shutdownLeaderElection(134)) - 0f256f10-8056-416e-a2a4-dd085f6c7864: shutdown LeaderElection
2019-10-17 06:31:25,856 [0f256f10-8056-416e-a2a4-dd085f6c7864@group-9ED9FEE0098D-LeaderElection180] INFO  impl.RoleInfo (RoleInfo.java:updateAndGet(143)) - 0f256f10-8056-416e-a2a4-dd085f6c7864: start FollowerState
2019-10-17 06:31:25,934 [Thread-2564] INFO  impl.FollowerState (FollowerState.java:run(108)) - 0f256f10-8056-416e-a2a4-dd085f6c7864@group-9ED9FEE0098D-FollowerState: change to CANDIDATE, lastRpcTime:77ms, electionTimeout:77ms
2019-10-17 06:31:25,934 [Thread-2564] INFO  impl.RoleInfo (RoleInfo.java:shutdownFollowerState(121)) - 0f256f10-8056-416e-a2a4-dd085f6c7864: shutdown FollowerState
2019-10-17 06:31:25,934 [Thread-2564] INFO  impl.RaftServerImpl (RaftServerImpl.java:setRole(184)) - 0f256f10-8056-416e-a2a4-dd085f6c7864@group-9ED9FEE0098D: changes role from  FOLLOWER to CANDIDATE at term 187 for changeToCandidate
2019-10-17 06:31:25,934 [Thread-2564] INFO  impl.RoleInfo (RoleInfo.java:updateAndGet(143)) - 0f256f10-8056-416e-a2a4-dd085f6c7864: start LeaderElection
2019-10-17 06:31:25,959 [0f256f10-8056-416e-a2a4-dd085f6c7864@group-9ED9FEE0098D-LeaderElection181] INFO  impl.LeaderElection (LeaderElection.java:askForVotes(178)) - 0f256f10-8056-416e-a2a4-dd085f6c7864@group-9ED9FEE0098D-LeaderElection181: begin an election at term 188 for -1: [2f64f904-2283-4e96-b4e2-6c9018f13084:192.168.34.62:40373, 0f256f10-8056-416e-a2a4-dd085f6c7864:192.168.34.62:35674, 07fb1a7b-fe02-4a56-ac24-3020e88d4db0:192.168.34.62:46434], old=null
2019-10-17 06:31:25,962 [grpc-default-executor-6] INFO  impl.RaftServerImpl (RaftServerImpl.java:setRole(184)) - 2f64f904-2283-4e96-b4e2-6c9018f13084@group-9ED9FEE0098D: changes role from  FOLLOWER to FOLLOWER at term 188 for recognizeCandidate:0f256f10-8056-416e-a2a4-dd085f6c7864
2019-10-17 06:31:25,962 [grpc-default-executor-1] INFO  impl.RaftServerImpl (RaftServerImpl.java:setRole(184)) - 07fb1a7b-fe02-4a56-ac24-3020e88d4db0@group-9ED9FEE0098D: changes role from  FOLLOWER to FOLLOWER at term 188 for recognizeCandidate:0f256f10-8056-416e-a2a4-dd085f6c7864
2019-10-17 06:31:25,962 [grpc-default-executor-1] INFO  impl.RoleInfo (RoleInfo.java:shutdownFollowerState(121)) - 07fb1a7b-fe02-4a56-ac24-3020e88d4db0: shutdown FollowerState
2019-10-17 06:31:25,962 [grpc-default-executor-6] INFO  impl.RoleInfo (RoleInfo.java:shutdownFollowerState(121)) - 2f64f904-2283-4e96-b4e2-6c9018f13084: shutdown FollowerState
2019-10-17 06:31:25,962 [Thread-2563] INFO  impl.FollowerState (FollowerState.java:run(117)) - 07fb1a7b-fe02-4a56-ac24-3020e88d4db0@group-9ED9FEE0098D-FollowerState was interrupted: java.lang.InterruptedException: sleep interrupted
2019-10-17 06:31:25,963 [Thread-2562] INFO  impl.FollowerState (FollowerState.java:run(117)) - 2f64f904-2283-4e96-b4e2-6c9018f13084@group-9ED9FEE0098D-FollowerState was interrupted: java.lang.InterruptedException: sleep interrupted
2019-10-17 06:31:25,962 [grpc-default-executor-1] INFO  impl.RoleInfo (RoleInfo.java:updateAndGet(143)) - 07fb1a7b-fe02-4a56-ac24-3020e88d4db0: start FollowerState
2019-10-17 06:31:25,963 [grpc-default-executor-6] INFO  impl.RoleInfo (RoleInfo.java:updateAndGet(143)) - 2f64f904-2283-4e96-b4e2-6c9018f13084: start FollowerState
2019-10-17 06:31:25,985 [0f256f10-8056-416e-a2a4-dd085f6c7864@group-9ED9FEE0098D-LeaderElection181] INFO  impl.LeaderElection (LeaderElection.java:logAndReturn(56)) - 0f256f10-8056-416e-a2a4-dd085f6c7864@group-9ED9FEE0098D-LeaderElection181: Election REJECTED; received 2 response(s) [0f256f10-8056-416e-a2a4-dd085f6c7864<-2f64f904-2283-4e96-b4e2-6c9018f13084#0:FAIL-t188, 0f256f10-8056-416e-a2a4-dd085f6c7864<-07fb1a7b-fe02-4a56-ac24-3020e88d4db0#0:FAIL-t188] and 0 exception(s); 0f256f10-8056-416e-a2a4-dd085f6c7864@group-9ED9FEE0098D:t188, leader=null, voted=0f256f10-8056-416e-a2a4-dd085f6c7864, raftlog=0f256f10-8056-416e-a2a4-dd085f6c7864@group-9ED9FEE0098D-SegmentedRaftLog:OPENED:c-1,f-1,i0, conf=-1: [2f64f904-2283-4e96-b4e2-6c9018f13084:192.168.34.62:40373, 0f256f10-8056-416e-a2a4-dd085f6c7864:192.168.34.62:35674, 07fb1a7b-fe02-4a56-ac24-3020e88d4db0:192.168.34.62:46434], old=null
2019-10-17 06:31:25,985 [0f256f10-8056-416e-a2a4-dd085f6c7864@group-9ED9FEE0098D-LeaderElection181] INFO  impl.RaftServerImpl (RaftServerImpl.java:setRole(184)) - 0f256f10-8056-416e-a2a4-dd085f6c7864@group-9ED9FEE0098D: changes role from CANDIDATE to FOLLOWER at term 188 for DISCOVERED_A_NEW_TERM
2019-10-17 06:31:25,985 [0f256f10-8056-416e-a2a4-dd085f6c7864@group-9ED9FEE0098D-LeaderElection181] INFO  impl.RoleInfo (RoleInfo.java:shutdownLeaderElection(134)) - 0f256f10-8056-416e-a2a4-dd085f6c7864: shutdown LeaderElection
2019-10-17 06:31:25,985 [0f256f10-8056-416e-a2a4-dd085f6c7864@group-9ED9FEE0098D-LeaderElection181] INFO  impl.RoleInfo (RoleInfo.java:updateAndGet(143)) - 0f256f10-8056-416e-a2a4-dd085f6c7864: start FollowerState
2019-10-17 06:31:26,160 [Thread-2570] INFO  impl.FollowerState (FollowerState.java:run(108)) - 0f256f10-8056-416e-a2a4-dd085f6c7864@group-9ED9FEE0098D-FollowerState: change to CANDIDATE, lastRpcTime:174ms, electionTimeout:174ms
2019-10-17 06:31:26,160 [Thread-2570] INFO  impl.RoleInfo (RoleInfo.java:shutdownFollowerState(121)) - 0f256f10-8056-416e-a2a4-dd085f6c7864: shutdown FollowerState
2019-10-17 06:31:26,160 [Thread-2570] INFO  impl.RaftServerImpl (RaftServerImpl.java:setRole(184)) - 0f256f10-8056-416e-a2a4-dd085f6c7864@group-9ED9FEE0098D: changes role from  FOLLOWER to CANDIDATE at term 188 for changeToCandidate
2019-10-17 06:31:26,161 [Thread-2570] INFO  impl.RoleInfo (RoleInfo.java:updateAndGet(143)) - 0f256f10-8056-416e-a2a4-dd085f6c7864: start LeaderElection
2019-10-17 06:31:26,176 [0f256f10-8056-416e-a2a4-dd085f6c7864@group-9ED9FEE0098D-LeaderElection182] INFO  impl.LeaderElection (LeaderElection.java:askForVotes(178)) - 0f256f10-8056-416e-a2a4-dd085f6c7864@group-9ED9FEE0098D-LeaderElection182: begin an election at term 189 for -1: [2f64f904-2283-4e96-b4e2-6c9018f13084:192.168.34.62:40373, 0f256f10-8056-416e-a2a4-dd085f6c7864:192.168.34.62:35674, 07fb1a7b-fe02-4a56-ac24-3020e88d4db0:192.168.34.62:46434], old=null
2019-10-17 06:31:26,178 [grpc-default-executor-1] INFO  impl.RaftServerImpl (RaftServerImpl.java:setRole(184)) - 2f64f904-2283-4e96-b4e2-6c9018f13084@group-9ED9FEE0098D: changes role from  FOLLOWER to FOLLOWER at term 189 for recognizeCandidate:0f256f10-8056-416e-a2a4-dd085f6c7864
2019-10-17 06:31:26,179 [grpc-default-executor-1] INFO  impl.RoleInfo (RoleInfo.java:shutdownFollowerState(121)) - 2f64f904-2283-4e96-b4e2-6c9018f13084: shutdown FollowerState
2019-10-17 06:31:26,179 [grpc-default-executor-6] INFO  impl.RaftServerImpl (RaftServerImpl.java:setRole(184)) - 07fb1a7b-fe02-4a56-ac24-3020e88d4db0@group-9ED9FEE0098D: changes role from  FOLLOWER to FOLLOWER at term 189 for recognizeCandidate:0f256f10-8056-416e-a2a4-dd085f6c7864
2019-10-17 06:31:26,179 [grpc-default-executor-6] INFO  impl.RoleInfo (RoleInfo.java:shutdownFollowerState(121)) - 07fb1a7b-fe02-4a56-ac24-3020e88d4db0: shutdown FollowerState
2019-10-17 06:31:26,179 [Thread-2569] INFO  impl.FollowerState (FollowerState.java:run(117)) - 2f64f904-2283-4e96-b4e2-6c9018f13084@group-9ED9FEE0098D-FollowerState was interrupted: java.lang.InterruptedException: sleep interrupted
2019-10-17 06:31:26,179 [grpc-default-executor-1] INFO  impl.RoleInfo (RoleInfo.java:updateAndGet(143)) - 2f64f904-2283-4e96-b4e2-6c9018f13084: start FollowerState
2019-10-17 06:31:26,179 [Thread-2568] INFO  impl.FollowerState (FollowerState.java:run(117)) - 07fb1a7b-fe02-4a56-ac24-3020e88d4db0@group-9ED9FEE0098D-FollowerState was interrupted: java.lang.InterruptedException: sleep interrupted
2019-10-17 06:31:26,179 [grpc-default-executor-6] INFO  impl.RoleInfo (RoleInfo.java:updateAndGet(143)) - 07fb1a7b-fe02-4a56-ac24-3020e88d4db0: start FollowerState
2019-10-17 06:31:26,204 [0f256f10-8056-416e-a2a4-dd085f6c7864@group-9ED9FEE0098D-LeaderElection182] INFO  impl.LeaderElection (LeaderElection.java:logAndReturn(56)) - 0f256f10-8056-416e-a2a4-dd085f6c7864@group-9ED9FEE0098D-LeaderElection182: Election REJECTED; received 2 response(s) [0f256f10-8056-416e-a2a4-dd085f6c7864<-2f64f904-2283-4e96-b4e2-6c9018f13084#0:FAIL-t189, 0f256f10-8056-416e-a2a4-dd085f6c7864<-07fb1a7b-fe02-4a56-ac24-3020e88d4db0#0:FAIL-t189] and 0 exception(s); 0f256f10-8056-416e-a2a4-dd085f6c7864@group-9ED9FEE0098D:t189, leader=null, voted=0f256f10-8056-416e-a2a4-dd085f6c7864, raftlog=0f256f10-8056-416e-a2a4-dd085f6c7864@group-9ED9FEE0098D-SegmentedRaftLog:OPENED:c-1,f-1,i0, conf=-1: [2f64f904-2283-4e96-b4e2-6c9018f13084:192.168.34.62:40373, 0f256f10-8056-416e-a2a4-dd085f6c7864:192.168.34.62:35674, 07fb1a7b-fe02-4a56-ac24-3020e88d4db0:192.168.34.62:46434], old=null
2019-10-17 06:31:26,204 [0f256f10-8056-416e-a2a4-dd085f6c7864@group-9ED9FEE0098D-LeaderElection182] INFO  impl.RaftServerImpl (RaftServerImpl.java:setRole(184)) - 0f256f10-8056-416e-a2a4-dd085f6c7864@group-9ED9FEE0098D: changes role from CANDIDATE to FOLLOWER at term 189 for DISCOVERED_A_NEW_TERM
2019-10-17 06:31:26,204 [0f256f10-8056-416e-a2a4-dd085f6c7864@group-9ED9FEE0098D-LeaderElection182] INFO  impl.RoleInfo (RoleInfo.java:shutdownLeaderElection(134)) - 0f256f10-8056-416e-a2a4-dd085f6c7864: shutdown LeaderElection
2019-10-17 06:31:26,204 [0f256f10-8056-416e-a2a4-dd085f6c7864@group-9ED9FEE0098D-LeaderElection182] INFO  impl.RoleInfo (RoleInfo.java:updateAndGet(143)) - 0f256f10-8056-416e-a2a4-dd085f6c7864: start FollowerState
2019-10-17 06:31:26,332 [Thread-2576] INFO  impl.FollowerState (FollowerState.java:run(108)) - 0f256f10-8056-416e-a2a4-dd085f6c7864@group-9ED9FEE0098D-FollowerState: change to CANDIDATE, lastRpcTime:127ms, electionTimeout:127ms
2019-10-17 06:31:26,332 [Thread-2576] INFO  impl.RoleInfo (RoleInfo.java:shutdownFollowerState(121)) - 0f256f10-8056-416e-a2a4-dd085f6c7864: shutdown FollowerState
2019-10-17 06:31:26,332 [Thread-2576] INFO  impl.RaftServerImpl (RaftServerImpl.java:setRole(184)) - 0f256f10-8056-416e-a2a4-dd085f6c7864@group-9ED9FEE0098D: changes role from  FOLLOWER to CANDIDATE at term 189 for changeToCandidate
2019-10-17 06:31:26,333 [Thread-2576] INFO  impl.RoleInfo (RoleInfo.java:updateAndGet(143)) - 0f256f10-8056-416e-a2a4-dd085f6c7864: start LeaderElection
2019-10-17 06:31:26,357 [0f256f10-8056-416e-a2a4-dd085f6c7864@group-9ED9FEE0098D-LeaderElection183] INFO  impl.LeaderElection (LeaderElection.java:askForVotes(178)) - 0f256f10-8056-416e-a2a4-dd085f6c7864@group-9ED9FEE0098D-LeaderElection183: begin an election at term 190 for -1: [2f64f904-2283-4e96-b4e2-6c9018f13084:192.168.34.62:40373, 0f256f10-8056-416e-a2a4-dd085f6c7864:192.168.34.62:35674, 07fb1a7b-fe02-4a56-ac24-3020e88d4db0:192.168.34.62:46434], old=null
2019-10-17 06:31:26,360 [grpc-default-executor-1] INFO  impl.RaftServerImpl (RaftServerImpl.java:setRole(184)) - 2f64f904-2283-4e96-b4e2-6c9018f13084@group-9ED9FEE0098D: changes role from  FOLLOWER to FOLLOWER at term 190 for recognizeCandidate:0f256f10-8056-416e-a2a4-dd085f6c7864
2019-10-17 06:31:26,360 [grpc-default-executor-6] INFO  impl.RaftServerImpl (RaftServerImpl.java:setRole(184)) - 07fb1a7b-fe02-4a56-ac24-3020e88d4db0@group-9ED9FEE0098D: changes role from  FOLLOWER to FOLLOWER at term 190 for recognizeCandidate:0f256f10-8056-416e-a2a4-dd085f6c7864
2019-10-17 06:31:26,360 [grpc-default-executor-1] INFO  impl.RoleInfo (RoleInfo.java:shutdownFollowerState(121)) - 2f64f904-2283-4e96-b4e2-6c9018f13084: shutdown FollowerState
2019-10-17 06:31:26,360 [grpc-default-executor-6] INFO  impl.RoleInfo (RoleInfo.java:shutdownFollowerState(121)) - 07fb1a7b-fe02-4a56-ac24-3020e88d4db0: shutdown FollowerState
2019-10-17 06:31:26,360 [Thread-2574] INFO  impl.FollowerState (FollowerState.java:run(117)) - 2f64f904-2283-4e96-b4e2-6c9018f13084@group-9ED9FEE0098D-FollowerState was interrupted: java.lang.InterruptedException: sleep interrupted
2019-10-17 06:31:26,360 [Thread-2575] INFO  impl.FollowerState (FollowerState.java:run(117)) - 07fb1a7b-fe02-4a56-ac24-3020e88d4db0@group-9ED9FEE0098D-FollowerState was interrupted: java.lang.InterruptedException: sleep interrupted
2019-10-17 06:31:26,360 [grpc-default-executor-1] INFO  impl.RoleInfo (RoleInfo.java:updateAndGet(143)) - 2f64f904-2283-4e96-b4e2-6c9018f13084: start FollowerState
2019-10-17 06:31:26,360 [grpc-default-executor-6] INFO  impl.RoleInfo (RoleInfo.java:updateAndGet(143)) - 07fb1a7b-fe02-4a56-ac24-3020e88d4db0: start FollowerState
2019-10-17 06:31:26,383 [0f256f10-8056-416e-a2a4-dd085f6c7864@group-9ED9FEE0098D-LeaderElection183] INFO  impl.LeaderElection (LeaderElection.java:logAndReturn(56)) - 0f256f10-8056-416e-a2a4-dd085f6c7864@group-9ED9FEE0098D-LeaderElection183: Election REJECTED; received 2 response(s) [0f256f10-8056-416e-a2a4-dd085f6c7864<-2f64f904-2283-4e96-b4e2-6c9018f13084#0:FAIL-t190, 0f256f10-8056-416e-a2a4-dd085f6c7864<-07fb1a7b-fe02-4a56-ac24-3020e88d4db0#0:FAIL-t190] and 0 exception(s); 0f256f10-8056-416e-a2a4-dd085f6c7864@group-9ED9FEE0098D:t190, leader=null, voted=0f256f10-8056-416e-a2a4-dd085f6c7864, raftlog=0f256f10-8056-416e-a2a4-dd085f6c7864@group-9ED9FEE0098D-SegmentedRaftLog:OPENED:c-1,f-1,i0, conf=-1: [2f64f904-2283-4e96-b4e2-6c9018f13084:192.168.34.62:40373, 0f256f10-8056-416e-a2a4-dd085f6c7864:192.168.34.62:35674, 07fb1a7b-fe02-4a56-ac24-3020e88d4db0:192.168.34.62:46434], old=null
2019-10-17 06:31:26,383 [0f256f10-8056-416e-a2a4-dd085f6c7864@group-9ED9FEE0098D-LeaderElection183] INFO  impl.RaftServerImpl (RaftServerImpl.java:setRole(184)) - 0f256f10-8056-416e-a2a4-dd085f6c7864@group-9ED9FEE0098D: changes role from CANDIDATE to FOLLOWER at term 190 for DISCOVERED_A_NEW_TERM
2019-10-17 06:31:26,384 [0f256f10-8056-416e-a2a4-dd085f6c7864@group-9ED9FEE0098D-LeaderElection183] INFO  impl.RoleInfo (RoleInfo.java:shutdownLeaderElection(134)) - 0f256f10-8056-416e-a2a4-dd085f6c7864: shutdown LeaderElection
2019-10-17 06:31:26,384 [0f256f10-8056-416e-a2a4-dd085f6c7864@group-9ED9FEE0098D-LeaderElection183] INFO  impl.RoleInfo (RoleInfo.java:updateAndGet(143)) - 0f256f10-8056-416e-a2a4-dd085f6c7864: start FollowerState
2019-10-17 06:31:26,464 [Thread-2582] INFO  impl.FollowerState (FollowerState.java:run(108)) - 0f256f10-8056-416e-a2a4-dd085f6c7864@group-9ED9FEE0098D-FollowerState: change to CANDIDATE, lastRpcTime:80ms, electionTimeout:80ms
2019-10-17 06:31:26,464 [Thread-2582] INFO  impl.RoleInfo (RoleInfo.java:shutdownFollowerState(121)) - 0f256f10-8056-416e-a2a4-dd085f6c7864: shutdown FollowerState
2019-10-17 06:31:26,465 [Thread-2582] INFO  impl.RaftServerImpl (RaftServerImpl.java:setRole(184)) - 0f256f10-8056-416e-a2a4-dd085f6c7864@group-9ED9FEE0098D: changes role from  FOLLOWER to CANDIDATE at term 190 for changeToCandidate
2019-10-17 06:31:26,465 [Thread-2582] INFO  impl.RoleInfo (RoleInfo.java:updateAndGet(143)) - 0f256f10-8056-416e-a2a4-dd085f6c7864: start LeaderElection
2019-10-17 06:31:26,488 [0f256f10-8056-416e-a2a4-dd085f6c7864@group-9ED9FEE0098D-LeaderElection184] INFO  impl.LeaderElection (LeaderElection.java:askForVotes(178)) - 0f256f10-8056-416e-a2a4-dd085f6c7864@group-9ED9FEE0098D-LeaderElection184: begin an election at term 191 for -1: [2f64f904-2283-4e96-b4e2-6c9018f13084:192.168.34.62:40373, 0f256f10-8056-416e-a2a4-dd085f6c7864:192.168.34.62:35674, 07fb1a7b-fe02-4a56-ac24-3020e88d4db0:192.168.34.62:46434], old=null
2019-10-17 06:31:26,491 [grpc-default-executor-1] INFO  impl.RaftServerImpl (RaftServerImpl.java:setRole(184)) - 07fb1a7b-fe02-4a56-ac24-3020e88d4db0@group-9ED9FEE0098D: changes role from  FOLLOWER to FOLLOWER at term 191 for recognizeCandidate:0f256f10-8056-416e-a2a4-dd085f6c7864
2019-10-17 06:31:26,491 [grpc-default-executor-1] INFO  impl.RoleInfo (RoleInfo.java:shutdownFollowerState(121)) - 07fb1a7b-fe02-4a56-ac24-3020e88d4db0: shutdown FollowerState
2019-10-17 06:31:26,491 [grpc-default-executor-1] INFO  impl.RoleInfo (RoleInfo.java:updateAndGet(143)) - 07fb1a7b-fe02-4a56-ac24-3020e88d4db0: start FollowerState
2019-10-17 06:31:26,491 [Thread-2581] INFO  impl.FollowerState (FollowerState.java:run(117)) - 07fb1a7b-fe02-4a56-ac24-3020e88d4db0@group-9ED9FEE0098D-FollowerState was interrupted: java.lang.InterruptedException: sleep interrupted
2019-10-17 06:31:26,491 [grpc-default-executor-6] INFO  impl.RaftServerImpl (RaftServerImpl.java:setRole(184)) - 2f64f904-2283-4e96-b4e2-6c9018f13084@group-9ED9FEE0098D: changes role from  FOLLOWER to FOLLOWER at term 191 for recognizeCandidate:0f256f10-8056-416e-a2a4-dd085f6c7864
2019-10-17 06:31:26,491 [grpc-default-executor-6] INFO  impl.RoleInfo (RoleInfo.java:shutdownFollowerState(121)) - 2f64f904-2283-4e96-b4e2-6c9018f13084: shutdown FollowerState
2019-10-17 06:31:26,492 [grpc-default-executor-6] INFO  impl.RoleInfo (RoleInfo.java:updateAndGet(143)) - 2f64f904-2283-4e96-b4e2-6c9018f13084: start FollowerState
2019-10-17 06:31:26,492 [Thread-2580] INFO  impl.FollowerState (FollowerState.java:run(117)) - 2f64f904-2283-4e96-b4e2-6c9018f13084@group-9ED9FEE0098D-FollowerState was interrupted: java.lang.InterruptedException: sleep interrupted
2019-10-17 06:31:26,518 [0f256f10-8056-416e-a2a4-dd085f6c7864@group-9ED9FEE0098D-LeaderElection184] INFO  impl.LeaderElection (LeaderElection.java:logAndReturn(56)) - 0f256f10-8056-416e-a2a4-dd085f6c7864@group-9ED9FEE0098D-LeaderElection184: Election REJECTED; received 2 response(s) [0f256f10-8056-416e-a2a4-dd085f6c7864<-2f64f904-2283-4e96-b4e2-6c9018f13084#0:FAIL-t191, 0f256f10-8056-416e-a2a4-dd085f6c7864<-07fb1a7b-fe02-4a56-ac24-3020e88d4db0#0:FAIL-t191] and 0 exception(s); 0f256f10-8056-416e-a2a4-dd085f6c7864@group-9ED9FEE0098D:t191, leader=null, voted=0f256f10-8056-416e-a2a4-dd085f6c7864, raftlog=0f256f10-8056-416e-a2a4-dd085f6c7864@group-9ED9FEE0098D-SegmentedRaftLog:OPENED:c-1,f-1,i0, conf=-1: [2f64f904-2283-4e96-b4e2-6c9018f13084:192.168.34.62:40373, 0f256f10-8056-416e-a2a4-dd085f6c7864:192.168.34.62:35674, 07fb1a7b-fe02-4a56-ac24-3020e88d4db0:192.168.34.62:46434], old=null
2019-10-17 06:31:26,518 [0f256f10-8056-416e-a2a4-dd085f6c7864@group-9ED9FEE0098D-LeaderElection184] INFO  impl.RaftServerImpl (RaftServerImpl.java:setRole(184)) - 0f256f10-8056-416e-a2a4-dd085f6c7864@group-9ED9FEE0098D: changes role from CANDIDATE to FOLLOWER at term 191 for DISCOVERED_A_NEW_TERM
2019-10-17 06:31:26,518 [0f256f10-8056-416e-a2a4-dd085f6c7864@group-9ED9FEE0098D-LeaderElection184] INFO  impl.RoleInfo (RoleInfo.java:shutdownLeaderElection(134)) - 0f256f10-8056-416e-a2a4-dd085f6c7864: shutdown LeaderElection
2019-10-17 06:31:26,518 [0f256f10-8056-416e-a2a4-dd085f6c7864@group-9ED9FEE0098D-LeaderElection184] INFO  impl.RoleInfo (RoleInfo.java:updateAndGet(143)) - 0f256f10-8056-416e-a2a4-dd085f6c7864: start FollowerState
2019-10-17 06:31:26,532 [Thread-2588] INFO  impl.FollowerState (FollowerState.java:run(108)) - 0f256f10-8056-416e-a2a4-dd085f6c7864@group-9ED9FEE0098D-FollowerState: change to CANDIDATE, lastRpcTime:13ms, electionTimeout:13ms
2019-10-17 06:31:26,532 [Thread-2588] INFO  impl.RoleInfo (RoleInfo.java:shutdownFollowerState(121)) - 0f256f10-8056-416e-a2a4-dd085f6c7864: shutdown FollowerState
2019-10-17 06:31:26,532 [Thread-2588] INFO  impl.RaftServerImpl (RaftServerImpl.java:setRole(184)) - 0f256f10-8056-416e-a2a4-dd085f6c7864@group-9ED9FEE0098D: changes role from  FOLLOWER to CANDIDATE at term 191 for changeToCandidate
2019-10-17 06:31:26,532 [Thread-2588] INFO  impl.RoleInfo (RoleInfo.java:updateAndGet(143)) - 0f256f10-8056-416e-a2a4-dd085f6c7864: start LeaderElection
2019-10-17 06:31:26,556 [0f256f10-8056-416e-a2a4-dd085f6c7864@group-9ED9FEE0098D-LeaderElection185] INFO  impl.LeaderElection (LeaderElection.java:askForVotes(178)) - 0f256f10-8056-416e-a2a4-dd085f6c7864@group-9ED9FEE0098D-LeaderElection185: begin an election at term 192 for -1: [2f64f904-2283-4e96-b4e2-6c9018f13084:192.168.34.62:40373, 0f256f10-8056-416e-a2a4-dd085f6c7864:192.168.34.62:35674, 07fb1a7b-fe02-4a56-ac24-3020e88d4db0:192.168.34.62:46434], old=null
2019-10-17 06:31:26,558 [grpc-default-executor-6] INFO  impl.RaftServerImpl (RaftServerImpl.java:setRole(184)) - 2f64f904-2283-4e96-b4e2-6c9018f13084@group-9ED9FEE0098D: changes role from  FOLLOWER to FOLLOWER at term 192 for recognizeCandidate:0f256f10-8056-416e-a2a4-dd085f6c7864
2019-10-17 06:31:26,558 [grpc-default-executor-6] INFO  impl.RoleInfo (RoleInfo.java:shutdownFollowerState(121)) - 2f64f904-2283-4e96-b4e2-6c9018f13084: shutdown FollowerState
2019-10-17 06:31:26,559 [grpc-default-executor-1] INFO  impl.RaftServerImpl (RaftServerImpl.java:setRole(184)) - 07fb1a7b-fe02-4a56-ac24-3020e88d4db0@group-9ED9FEE0098D: changes role from  FOLLOWER to FOLLOWER at term 192 for recognizeCandidate:0f256f10-8056-416e-a2a4-dd085f6c7864
2019-10-17 06:31:26,559 [grpc-default-executor-1] INFO  impl.RoleInfo (RoleInfo.java:shutdownFollowerState(121)) - 07fb1a7b-fe02-4a56-ac24-3020e88d4db0: shutdown FollowerState
2019-10-17 06:31:26,559 [Thread-2587] INFO  impl.FollowerState (FollowerState.java:run(117)) - 2f64f904-2283-4e96-b4e2-6c9018f13084@group-9ED9FEE0098D-FollowerState was interrupted: java.lang.InterruptedException: sleep interrupted
2019-10-17 06:31:26,559 [grpc-default-executor-6] INFO  impl.RoleInfo (RoleInfo.java:updateAndGet(143)) - 2f64f904-2283-4e96-b4e2-6c9018f13084: start FollowerState
2019-10-17 06:31:26,559 [Thread-2586] INFO  impl.FollowerState (FollowerState.java:run(117)) - 07fb1a7b-fe02-4a56-ac24-3020e88d4db0@group-9ED9FEE0098D-FollowerState was interrupted: java.lang.InterruptedException: sleep interrupted
2019-10-17 06:31:26,559 [grpc-default-executor-1] INFO  impl.RoleInfo (RoleInfo.java:updateAndGet(143)) - 07fb1a7b-fe02-4a56-ac24-3020e88d4db0: start FollowerState
2019-10-17 06:31:26,590 [0f256f10-8056-416e-a2a4-dd085f6c7864@group-9ED9FEE0098D-LeaderElection185] INFO  impl.LeaderElection (LeaderElection.java:logAndReturn(56)) - 0f256f10-8056-416e-a2a4-dd085f6c7864@group-9ED9FEE0098D-LeaderElection185: Election REJECTED; received 2 response(s) [0f256f10-8056-416e-a2a4-dd085f6c7864<-2f64f904-2283-4e96-b4e2-6c9018f13084#0:FAIL-t192, 0f256f10-8056-416e-a2a4-dd085f6c7864<-07fb1a7b-fe02-4a56-ac24-3020e88d4db0#0:FAIL-t192] and 0 exception(s); 0f256f10-8056-416e-a2a4-dd085f6c7864@group-9ED9FEE0098D:t192, leader=null, voted=0f256f10-8056-416e-a2a4-dd085f6c7864, raftlog=0f256f10-8056-416e-a2a4-dd085f6c7864@group-9ED9FEE0098D-SegmentedRaftLog:OPENED:c-1,f-1,i0, conf=-1: [2f64f904-2283-4e96-b4e2-6c9018f13084:192.168.34.62:40373, 0f256f10-8056-416e-a2a4-dd085f6c7864:192.168.34.62:35674, 07fb1a7b-fe02-4a56-ac24-3020e88d4db0:192.168.34.62:46434], old=null
2019-10-17 06:31:26,591 [0f256f10-8056-416e-a2a4-dd085f6c7864@group-9ED9FEE0098D-LeaderElection185] INFO  impl.RaftServerImpl (RaftServerImpl.java:setRole(184)) - 0f256f10-8056-416e-a2a4-dd085f6c7864@group-9ED9FEE0098D: changes role from CANDIDATE to FOLLOWER at term 192 for DISCOVERED_A_NEW_TERM
2019-10-17 06:31:26,591 [0f256f10-8056-416e-a2a4-dd085f6c7864@group-9ED9FEE0098D-LeaderElection185] INFO  impl.RoleInfo (RoleInfo.java:shutdownLeaderElection(134)) - 0f256f10-8056-416e-a2a4-dd085f6c7864: shutdown LeaderElection
2019-10-17 06:31:26,591 [0f256f10-8056-416e-a2a4-dd085f6c7864@group-9ED9FEE0098D-LeaderElection185] INFO  impl.RoleInfo (RoleInfo.java:updateAndGet(143)) - 0f256f10-8056-416e-a2a4-dd085f6c7864: start FollowerState
2019-10-17 06:31:26,646 [Thread-1202] INFO  ozone.MiniOzoneClusterImpl (MiniOzoneClusterImpl.java:lambda$waitForClusterToBeReady$2(164)) - Waiting for 1 number of pipelines out of 4, to report a leader.
2019-10-17 06:31:26,685 [Thread-2594] INFO  impl.FollowerState (FollowerState.java:run(108)) - 0f256f10-8056-416e-a2a4-dd085f6c7864@group-9ED9FEE0098D-FollowerState: change to CANDIDATE, lastRpcTime:94ms, electionTimeout:94ms
2019-10-17 06:31:26,685 [Thread-2594] INFO  impl.RoleInfo (RoleInfo.java:shutdownFollowerState(121)) - 0f256f10-8056-416e-a2a4-dd085f6c7864: shutdown FollowerState
2019-10-17 06:31:26,686 [Thread-2594] INFO  impl.RaftServerImpl (RaftServerImpl.java:setRole(184)) - 0f256f10-8056-416e-a2a4-dd085f6c7864@group-9ED9FEE0098D: changes role from  FOLLOWER to CANDIDATE at term 192 for changeToCandidate
2019-10-17 06:31:26,686 [Thread-2594] INFO  impl.RoleInfo (RoleInfo.java:updateAndGet(143)) - 0f256f10-8056-416e-a2a4-dd085f6c7864: start LeaderElection
2019-10-17 06:31:26,716 [0f256f10-8056-416e-a2a4-dd085f6c7864@group-9ED9FEE0098D-LeaderElection186] INFO  impl.LeaderElection (LeaderElection.java:askForVotes(178)) - 0f256f10-8056-416e-a2a4-dd085f6c7864@group-9ED9FEE0098D-LeaderElection186: begin an election at term 193 for -1: [2f64f904-2283-4e96-b4e2-6c9018f13084:192.168.34.62:40373, 0f256f10-8056-416e-a2a4-dd085f6c7864:192.168.34.62:35674, 07fb1a7b-fe02-4a56-ac24-3020e88d4db0:192.168.34.62:46434], old=null
2019-10-17 06:31:26,719 [grpc-default-executor-6] INFO  impl.RaftServerImpl (RaftServerImpl.java:setRole(184)) - 2f64f904-2283-4e96-b4e2-6c9018f13084@group-9ED9FEE0098D: changes role from  FOLLOWER to FOLLOWER at term 193 for recognizeCandidate:0f256f10-8056-416e-a2a4-dd085f6c7864
2019-10-17 06:31:26,719 [grpc-default-executor-6] INFO  impl.RoleInfo (RoleInfo.java:shutdownFollowerState(121)) - 2f64f904-2283-4e96-b4e2-6c9018f13084: shutdown FollowerState
2019-10-17 06:31:26,719 [grpc-default-executor-6] INFO  impl.RoleInfo (RoleInfo.java:updateAndGet(143)) - 2f64f904-2283-4e96-b4e2-6c9018f13084: start FollowerState
2019-10-17 06:31:26,719 [Thread-2592] INFO  impl.FollowerState (FollowerState.java:run(117)) - 2f64f904-2283-4e96-b4e2-6c9018f13084@group-9ED9FEE0098D-FollowerState was interrupted: java.lang.InterruptedException: sleep interrupted
2019-10-17 06:31:26,719 [grpc-default-executor-1] INFO  impl.RaftServerImpl (RaftServerImpl.java:setRole(184)) - 07fb1a7b-fe02-4a56-ac24-3020e88d4db0@group-9ED9FEE0098D: changes role from  FOLLOWER to FOLLOWER at term 193 for recognizeCandidate:0f256f10-8056-416e-a2a4-dd085f6c7864
2019-10-17 06:31:26,720 [grpc-default-executor-1] INFO  impl.RoleInfo (RoleInfo.java:shutdownFollowerState(121)) - 07fb1a7b-fe02-4a56-ac24-3020e88d4db0: shutdown FollowerState
2019-10-17 06:31:26,720 [grpc-default-executor-1] INFO  impl.RoleInfo (RoleInfo.java:updateAndGet(143)) - 07fb1a7b-fe02-4a56-ac24-3020e88d4db0: start FollowerState
2019-10-17 06:31:26,720 [Thread-2593] INFO  impl.FollowerState (FollowerState.java:run(117)) - 07fb1a7b-fe02-4a56-ac24-3020e88d4db0@group-9ED9FEE0098D-FollowerState was interrupted: java.lang.InterruptedException: sleep interrupted
2019-10-17 06:31:26,735 [0f256f10-8056-416e-a2a4-dd085f6c7864@group-9ED9FEE0098D-LeaderElection186] INFO  impl.LeaderElection (LeaderElection.java:logAndReturn(56)) - 0f256f10-8056-416e-a2a4-dd085f6c7864@group-9ED9FEE0098D-LeaderElection186: Election REJECTED; received 2 response(s) [0f256f10-8056-416e-a2a4-dd085f6c7864<-2f64f904-2283-4e96-b4e2-6c9018f13084#0:FAIL-t193, 0f256f10-8056-416e-a2a4-dd085f6c7864<-07fb1a7b-fe02-4a56-ac24-3020e88d4db0#0:FAIL-t193] and 0 exception(s); 0f256f10-8056-416e-a2a4-dd085f6c7864@group-9ED9FEE0098D:t193, leader=null, voted=0f256f10-8056-416e-a2a4-dd085f6c7864, raftlog=0f256f10-8056-416e-a2a4-dd085f6c7864@group-9ED9FEE0098D-SegmentedRaftLog:OPENED:c-1,f-1,i0, conf=-1: [2f64f904-2283-4e96-b4e2-6c9018f13084:192.168.34.62:40373, 0f256f10-8056-416e-a2a4-dd085f6c7864:192.168.34.62:35674, 07fb1a7b-fe02-4a56-ac24-3020e88d4db0:192.168.34.62:46434], old=null
2019-10-17 06:31:26,735 [0f256f10-8056-416e-a2a4-dd085f6c7864@group-9ED9FEE0098D-LeaderElection186] INFO  impl.RaftServerImpl (RaftServerImpl.java:setRole(184)) - 0f256f10-8056-416e-a2a4-dd085f6c7864@group-9ED9FEE0098D: changes role from CANDIDATE to FOLLOWER at term 193 for DISCOVERED_A_NEW_TERM
2019-10-17 06:31:26,735 [0f256f10-8056-416e-a2a4-dd085f6c7864@group-9ED9FEE0098D-LeaderElection186] INFO  impl.RoleInfo (RoleInfo.java:shutdownLeaderElection(134)) - 0f256f10-8056-416e-a2a4-dd085f6c7864: shutdown LeaderElection
2019-10-17 06:31:26,735 [0f256f10-8056-416e-a2a4-dd085f6c7864@group-9ED9FEE0098D-LeaderElection186] INFO  impl.RoleInfo (RoleInfo.java:updateAndGet(143)) - 0f256f10-8056-416e-a2a4-dd085f6c7864: start FollowerState
2019-10-17 06:31:26,819 [Thread-2600] INFO  impl.FollowerState (FollowerState.java:run(108)) - 0f256f10-8056-416e-a2a4-dd085f6c7864@group-9ED9FEE0098D-FollowerState: change to CANDIDATE, lastRpcTime:83ms, electionTimeout:83ms
2019-10-17 06:31:26,819 [Thread-2600] INFO  impl.RoleInfo (RoleInfo.java:shutdownFollowerState(121)) - 0f256f10-8056-416e-a2a4-dd085f6c7864: shutdown FollowerState
2019-10-17 06:31:26,819 [Thread-2600] INFO  impl.RaftServerImpl (RaftServerImpl.java:setRole(184)) - 0f256f10-8056-416e-a2a4-dd085f6c7864@group-9ED9FEE0098D: changes role from  FOLLOWER to CANDIDATE at term 193 for changeToCandidate
2019-10-17 06:31:26,820 [Thread-2600] INFO  impl.RoleInfo (RoleInfo.java:updateAndGet(143)) - 0f256f10-8056-416e-a2a4-dd085f6c7864: start LeaderElection
2019-10-17 06:31:26,844 [0f256f10-8056-416e-a2a4-dd085f6c7864@group-9ED9FEE0098D-LeaderElection187] INFO  impl.LeaderElection (LeaderElection.java:askForVotes(178)) - 0f256f10-8056-416e-a2a4-dd085f6c7864@group-9ED9FEE0098D-LeaderElection187: begin an election at term 194 for -1: [2f64f904-2283-4e96-b4e2-6c9018f13084:192.168.34.62:40373, 0f256f10-8056-416e-a2a4-dd085f6c7864:192.168.34.62:35674, 07fb1a7b-fe02-4a56-ac24-3020e88d4db0:192.168.34.62:46434], old=null
2019-10-17 06:31:26,846 [grpc-default-executor-1] INFO  impl.RaftServerImpl (RaftServerImpl.java:setRole(184)) - 2f64f904-2283-4e96-b4e2-6c9018f13084@group-9ED9FEE0098D: changes role from  FOLLOWER to FOLLOWER at term 194 for recognizeCandidate:0f256f10-8056-416e-a2a4-dd085f6c7864
2019-10-17 06:31:26,846 [grpc-default-executor-1] INFO  impl.RoleInfo (RoleInfo.java:shutdownFollowerState(121)) - 2f64f904-2283-4e96-b4e2-6c9018f13084: shutdown FollowerState
2019-10-17 06:31:26,846 [grpc-default-executor-6] INFO  impl.RaftServerImpl (RaftServerImpl.java:setRole(184)) - 07fb1a7b-fe02-4a56-ac24-3020e88d4db0@group-9ED9FEE0098D: changes role from  FOLLOWER to FOLLOWER at term 194 for recognizeCandidate:0f256f10-8056-416e-a2a4-dd085f6c7864
2019-10-17 06:31:26,847 [grpc-default-executor-6] INFO  impl.RoleInfo (RoleInfo.java:shutdownFollowerState(121)) - 07fb1a7b-fe02-4a56-ac24-3020e88d4db0: shutdown FollowerState
2019-10-17 06:31:26,847 [Thread-2598] INFO  impl.FollowerState (FollowerState.java:run(117)) - 2f64f904-2283-4e96-b4e2-6c9018f13084@group-9ED9FEE0098D-FollowerState was interrupted: java.lang.InterruptedException: sleep interrupted
2019-10-17 06:31:26,847 [grpc-default-executor-1] INFO  impl.RoleInfo (RoleInfo.java:updateAndGet(143)) - 2f64f904-2283-4e96-b4e2-6c9018f13084: start FollowerState
2019-10-17 06:31:26,847 [grpc-default-executor-6] INFO  impl.RoleInfo (RoleInfo.java:updateAndGet(143)) - 07fb1a7b-fe02-4a56-ac24-3020e88d4db0: start FollowerState
2019-10-17 06:31:26,847 [Thread-2599] INFO  impl.FollowerState (FollowerState.java:run(117)) - 07fb1a7b-fe02-4a56-ac24-3020e88d4db0@group-9ED9FEE0098D-FollowerState was interrupted: java.lang.InterruptedException: sleep interrupted
2019-10-17 06:31:26,871 [0f256f10-8056-416e-a2a4-dd085f6c7864@group-9ED9FEE0098D-LeaderElection187] INFO  impl.LeaderElection (LeaderElection.java:logAndReturn(56)) - 0f256f10-8056-416e-a2a4-dd085f6c7864@group-9ED9FEE0098D-LeaderElection187: Election REJECTED; received 2 response(s) [0f256f10-8056-416e-a2a4-dd085f6c7864<-2f64f904-2283-4e96-b4e2-6c9018f13084#0:FAIL-t194, 0f256f10-8056-416e-a2a4-dd085f6c7864<-07fb1a7b-fe02-4a56-ac24-3020e88d4db0#0:FAIL-t194] and 0 exception(s); 0f256f10-8056-416e-a2a4-dd085f6c7864@group-9ED9FEE0098D:t194, leader=null, voted=0f256f10-8056-416e-a2a4-dd085f6c7864, raftlog=0f256f10-8056-416e-a2a4-dd085f6c7864@group-9ED9FEE0098D-SegmentedRaftLog:OPENED:c-1,f-1,i0, conf=-1: [2f64f904-2283-4e96-b4e2-6c9018f13084:192.168.34.62:40373, 0f256f10-8056-416e-a2a4-dd085f6c7864:192.168.34.62:35674, 07fb1a7b-fe02-4a56-ac24-3020e88d4db0:192.168.34.62:46434], old=null
2019-10-17 06:31:26,872 [0f256f10-8056-416e-a2a4-dd085f6c7864@group-9ED9FEE0098D-LeaderElection187] INFO  impl.RaftServerImpl (RaftServerImpl.java:setRole(184)) - 0f256f10-8056-416e-a2a4-dd085f6c7864@group-9ED9FEE0098D: changes role from CANDIDATE to FOLLOWER at term 194 for DISCOVERED_A_NEW_TERM
2019-10-17 06:31:26,872 [0f256f10-8056-416e-a2a4-dd085f6c7864@group-9ED9FEE0098D-LeaderElection187] INFO  impl.RoleInfo (RoleInfo.java:shutdownLeaderElection(134)) - 0f256f10-8056-416e-a2a4-dd085f6c7864: shutdown LeaderElection
2019-10-17 06:31:26,872 [0f256f10-8056-416e-a2a4-dd085f6c7864@group-9ED9FEE0098D-LeaderElection187] INFO  impl.RoleInfo (RoleInfo.java:updateAndGet(143)) - 0f256f10-8056-416e-a2a4-dd085f6c7864: start FollowerState
2019-10-17 06:31:26,938 [Thread-2606] INFO  impl.FollowerState (FollowerState.java:run(108)) - 0f256f10-8056-416e-a2a4-dd085f6c7864@group-9ED9FEE0098D-FollowerState: change to CANDIDATE, lastRpcTime:66ms, electionTimeout:66ms
2019-10-17 06:31:26,938 [Thread-2606] INFO  impl.RoleInfo (RoleInfo.java:shutdownFollowerState(121)) - 0f256f10-8056-416e-a2a4-dd085f6c7864: shutdown FollowerState
2019-10-17 06:31:26,939 [Thread-2606] INFO  impl.RaftServerImpl (RaftServerImpl.java:setRole(184)) - 0f256f10-8056-416e-a2a4-dd085f6c7864@group-9ED9FEE0098D: changes role from  FOLLOWER to CANDIDATE at term 194 for changeToCandidate
2019-10-17 06:31:26,939 [Thread-2606] INFO  impl.RoleInfo (RoleInfo.java:updateAndGet(143)) - 0f256f10-8056-416e-a2a4-dd085f6c7864: start LeaderElection
2019-10-17 06:31:26,962 [0f256f10-8056-416e-a2a4-dd085f6c7864@group-9ED9FEE0098D-LeaderElection188] INFO  impl.LeaderElection (LeaderElection.java:askForVotes(178)) - 0f256f10-8056-416e-a2a4-dd085f6c7864@group-9ED9FEE0098D-LeaderElection188: begin an election at term 195 for -1: [2f64f904-2283-4e96-b4e2-6c9018f13084:192.168.34.62:40373, 0f256f10-8056-416e-a2a4-dd085f6c7864:192.168.34.62:35674, 07fb1a7b-fe02-4a56-ac24-3020e88d4db0:192.168.34.62:46434], old=null
2019-10-17 06:31:26,964 [grpc-default-executor-6] INFO  impl.RaftServerImpl (RaftServerImpl.java:setRole(184)) - 2f64f904-2283-4e96-b4e2-6c9018f13084@group-9ED9FEE0098D: changes role from  FOLLOWER to FOLLOWER at term 195 for recognizeCandidate:0f256f10-8056-416e-a2a4-dd085f6c7864
2019-10-17 06:31:26,964 [grpc-default-executor-1] INFO  impl.RaftServerImpl (RaftServerImpl.java:setRole(184)) - 07fb1a7b-fe02-4a56-ac24-3020e88d4db0@group-9ED9FEE0098D: changes role from  FOLLOWER to FOLLOWER at term 195 for recognizeCandidate:0f256f10-8056-416e-a2a4-dd085f6c7864
2019-10-17 06:31:26,964 [grpc-default-executor-6] INFO  impl.RoleInfo (RoleInfo.java:shutdownFollowerState(121)) - 2f64f904-2283-4e96-b4e2-6c9018f13084: shutdown FollowerState
2019-10-17 06:31:26,964 [grpc-default-executor-1] INFO  impl.RoleInfo (RoleInfo.java:shutdownFollowerState(121)) - 07fb1a7b-fe02-4a56-ac24-3020e88d4db0: shutdown FollowerState
2019-10-17 06:31:26,965 [Thread-2604] INFO  impl.FollowerState (FollowerState.java:run(117)) - 2f64f904-2283-4e96-b4e2-6c9018f13084@group-9ED9FEE0098D-FollowerState was interrupted: java.lang.InterruptedException: sleep interrupted
2019-10-17 06:31:26,965 [Thread-2605] INFO  impl.FollowerState (FollowerState.java:run(117)) - 07fb1a7b-fe02-4a56-ac24-3020e88d4db0@group-9ED9FEE0098D-FollowerState was interrupted: java.lang.InterruptedException: sleep interrupted
2019-10-17 06:31:26,965 [grpc-default-executor-1] INFO  impl.RoleInfo (RoleInfo.java:updateAndGet(143)) - 07fb1a7b-fe02-4a56-ac24-3020e88d4db0: start FollowerState
2019-10-17 06:31:26,964 [grpc-default-executor-6] INFO  impl.RoleInfo (RoleInfo.java:updateAndGet(143)) - 2f64f904-2283-4e96-b4e2-6c9018f13084: start FollowerState
2019-10-17 06:31:26,990 [0f256f10-8056-416e-a2a4-dd085f6c7864@group-9ED9FEE0098D-LeaderElection188] INFO  impl.LeaderElection (LeaderElection.java:logAndReturn(56)) - 0f256f10-8056-416e-a2a4-dd085f6c7864@group-9ED9FEE0098D-LeaderElection188: Election REJECTED; received 2 response(s) [0f256f10-8056-416e-a2a4-dd085f6c7864<-2f64f904-2283-4e96-b4e2-6c9018f13084#0:FAIL-t195, 0f256f10-8056-416e-a2a4-dd085f6c7864<-07fb1a7b-fe02-4a56-ac24-3020e88d4db0#0:FAIL-t195] and 0 exception(s); 0f256f10-8056-416e-a2a4-dd085f6c7864@group-9ED9FEE0098D:t195, leader=null, voted=0f256f10-8056-416e-a2a4-dd085f6c7864, raftlog=0f256f10-8056-416e-a2a4-dd085f6c7864@group-9ED9FEE0098D-SegmentedRaftLog:OPENED:c-1,f-1,i0, conf=-1: [2f64f904-2283-4e96-b4e2-6c9018f13084:192.168.34.62:40373, 0f256f10-8056-416e-a2a4-dd085f6c7864:192.168.34.62:35674, 07fb1a7b-fe02-4a56-ac24-3020e88d4db0:192.168.34.62:46434], old=null
2019-10-17 06:31:26,990 [0f256f10-8056-416e-a2a4-dd085f6c7864@group-9ED9FEE0098D-LeaderElection188] INFO  impl.RaftServerImpl (RaftServerImpl.java:setRole(184)) - 0f256f10-8056-416e-a2a4-dd085f6c7864@group-9ED9FEE0098D: changes role from CANDIDATE to FOLLOWER at term 195 for DISCOVERED_A_NEW_TERM
2019-10-17 06:31:26,990 [0f256f10-8056-416e-a2a4-dd085f6c7864@group-9ED9FEE0098D-LeaderElection188] INFO  impl.RoleInfo (RoleInfo.java:shutdownLeaderElection(134)) - 0f256f10-8056-416e-a2a4-dd085f6c7864: shutdown LeaderElection
2019-10-17 06:31:26,990 [0f256f10-8056-416e-a2a4-dd085f6c7864@group-9ED9FEE0098D-LeaderElection188] INFO  impl.RoleInfo (RoleInfo.java:updateAndGet(143)) - 0f256f10-8056-416e-a2a4-dd085f6c7864: start FollowerState
2019-10-17 06:31:27,045 [Thread-2612] INFO  impl.FollowerState (FollowerState.java:run(108)) - 0f256f10-8056-416e-a2a4-dd085f6c7864@group-9ED9FEE0098D-FollowerState: change to CANDIDATE, lastRpcTime:54ms, electionTimeout:54ms
2019-10-17 06:31:27,045 [Thread-2612] INFO  impl.RoleInfo (RoleInfo.java:shutdownFollowerState(121)) - 0f256f10-8056-416e-a2a4-dd085f6c7864: shutdown FollowerState
2019-10-17 06:31:27,045 [Thread-2612] INFO  impl.RaftServerImpl (RaftServerImpl.java:setRole(184)) - 0f256f10-8056-416e-a2a4-dd085f6c7864@group-9ED9FEE0098D: changes role from  FOLLOWER to CANDIDATE at term 195 for changeToCandidate
2019-10-17 06:31:27,045 [Thread-2612] INFO  impl.RoleInfo (RoleInfo.java:updateAndGet(143)) - 0f256f10-8056-416e-a2a4-dd085f6c7864: start LeaderElection
2019-10-17 06:31:27,070 [0f256f10-8056-416e-a2a4-dd085f6c7864@group-9ED9FEE0098D-LeaderElection189] INFO  impl.LeaderElection (LeaderElection.java:askForVotes(178)) - 0f256f10-8056-416e-a2a4-dd085f6c7864@group-9ED9FEE0098D-LeaderElection189: begin an election at term 196 for -1: [2f64f904-2283-4e96-b4e2-6c9018f13084:192.168.34.62:40373, 0f256f10-8056-416e-a2a4-dd085f6c7864:192.168.34.62:35674, 07fb1a7b-fe02-4a56-ac24-3020e88d4db0:192.168.34.62:46434], old=null
2019-10-17 06:31:27,073 [grpc-default-executor-1] INFO  impl.RaftServerImpl (RaftServerImpl.java:setRole(184)) - 2f64f904-2283-4e96-b4e2-6c9018f13084@group-9ED9FEE0098D: changes role from  FOLLOWER to FOLLOWER at term 196 for recognizeCandidate:0f256f10-8056-416e-a2a4-dd085f6c7864
2019-10-17 06:31:27,073 [grpc-default-executor-6] INFO  impl.RaftServerImpl (RaftServerImpl.java:setRole(184)) - 07fb1a7b-fe02-4a56-ac24-3020e88d4db0@group-9ED9FEE0098D: changes role from  FOLLOWER to FOLLOWER at term 196 for recognizeCandidate:0f256f10-8056-416e-a2a4-dd085f6c7864
2019-10-17 06:31:27,073 [grpc-default-executor-1] INFO  impl.RoleInfo (RoleInfo.java:shutdownFollowerState(121)) - 2f64f904-2283-4e96-b4e2-6c9018f13084: shutdown FollowerState
2019-10-17 06:31:27,074 [grpc-default-executor-6] INFO  impl.RoleInfo (RoleInfo.java:shutdownFollowerState(121)) - 07fb1a7b-fe02-4a56-ac24-3020e88d4db0: shutdown FollowerState
2019-10-17 06:31:27,074 [Thread-2610] INFO  impl.FollowerState (FollowerState.java:run(117)) - 2f64f904-2283-4e96-b4e2-6c9018f13084@group-9ED9FEE0098D-FollowerState was interrupted: java.lang.InterruptedException: sleep interrupted
2019-10-17 06:31:27,074 [grpc-default-executor-1] INFO  impl.RoleInfo (RoleInfo.java:updateAndGet(143)) - 2f64f904-2283-4e96-b4e2-6c9018f13084: start FollowerState
2019-10-17 06:31:27,074 [Thread-2611] INFO  impl.FollowerState (FollowerState.java:run(117)) - 07fb1a7b-fe02-4a56-ac24-3020e88d4db0@group-9ED9FEE0098D-FollowerState was interrupted: java.lang.InterruptedException: sleep interrupted
2019-10-17 06:31:27,074 [grpc-default-executor-6] INFO  impl.RoleInfo (RoleInfo.java:updateAndGet(143)) - 07fb1a7b-fe02-4a56-ac24-3020e88d4db0: start FollowerState
2019-10-17 06:31:27,098 [0f256f10-8056-416e-a2a4-dd085f6c7864@group-9ED9FEE0098D-LeaderElection189] INFO  impl.LeaderElection (LeaderElection.java:logAndReturn(56)) - 0f256f10-8056-416e-a2a4-dd085f6c7864@group-9ED9FEE0098D-LeaderElection189: Election REJECTED; received 2 response(s) [0f256f10-8056-416e-a2a4-dd085f6c7864<-2f64f904-2283-4e96-b4e2-6c9018f13084#0:FAIL-t196, 0f256f10-8056-416e-a2a4-dd085f6c7864<-07fb1a7b-fe02-4a56-ac24-3020e88d4db0#0:FAIL-t196] and 0 exception(s); 0f256f10-8056-416e-a2a4-dd085f6c7864@group-9ED9FEE0098D:t196, leader=null, voted=0f256f10-8056-416e-a2a4-dd085f6c7864, raftlog=0f256f10-8056-416e-a2a4-dd085f6c7864@group-9ED9FEE0098D-SegmentedRaftLog:OPENED:c-1,f-1,i0, conf=-1: [2f64f904-2283-4e96-b4e2-6c9018f13084:192.168.34.62:40373, 0f256f10-8056-416e-a2a4-dd085f6c7864:192.168.34.62:35674, 07fb1a7b-fe02-4a56-ac24-3020e88d4db0:192.168.34.62:46434], old=null
2019-10-17 06:31:27,099 [0f256f10-8056-416e-a2a4-dd085f6c7864@group-9ED9FEE0098D-LeaderElection189] INFO  impl.RaftServerImpl (RaftServerImpl.java:setRole(184)) - 0f256f10-8056-416e-a2a4-dd085f6c7864@group-9ED9FEE0098D: changes role from CANDIDATE to FOLLOWER at term 196 for DISCOVERED_A_NEW_TERM
2019-10-17 06:31:27,099 [0f256f10-8056-416e-a2a4-dd085f6c7864@group-9ED9FEE0098D-LeaderElection189] INFO  impl.RoleInfo (RoleInfo.java:shutdownLeaderElection(134)) - 0f256f10-8056-416e-a2a4-dd085f6c7864: shutdown LeaderElection
2019-10-17 06:31:27,099 [0f256f10-8056-416e-a2a4-dd085f6c7864@group-9ED9FEE0098D-LeaderElection189] INFO  impl.RoleInfo (RoleInfo.java:updateAndGet(143)) - 0f256f10-8056-416e-a2a4-dd085f6c7864: start FollowerState
2019-10-17 06:31:27,105 [Thread-2618] INFO  impl.FollowerState (FollowerState.java:run(108)) - 0f256f10-8056-416e-a2a4-dd085f6c7864@group-9ED9FEE0098D-FollowerState: change to CANDIDATE, lastRpcTime:6ms, electionTimeout:6ms
2019-10-17 06:31:27,105 [Thread-2618] INFO  impl.RoleInfo (RoleInfo.java:shutdownFollowerState(121)) - 0f256f10-8056-416e-a2a4-dd085f6c7864: shutdown FollowerState
2019-10-17 06:31:27,105 [Thread-2618] INFO  impl.RaftServerImpl (RaftServerImpl.java:setRole(184)) - 0f256f10-8056-416e-a2a4-dd085f6c7864@group-9ED9FEE0098D: changes role from  FOLLOWER to CANDIDATE at term 196 for changeToCandidate
2019-10-17 06:31:27,106 [Thread-2618] INFO  impl.RoleInfo (RoleInfo.java:updateAndGet(143)) - 0f256f10-8056-416e-a2a4-dd085f6c7864: start LeaderElection
2019-10-17 06:31:27,137 [0f256f10-8056-416e-a2a4-dd085f6c7864@group-9ED9FEE0098D-LeaderElection190] INFO  impl.LeaderElection (LeaderElection.java:askForVotes(178)) - 0f256f10-8056-416e-a2a4-dd085f6c7864@group-9ED9FEE0098D-LeaderElection190: begin an election at term 197 for -1: [2f64f904-2283-4e96-b4e2-6c9018f13084:192.168.34.62:40373, 0f256f10-8056-416e-a2a4-dd085f6c7864:192.168.34.62:35674, 07fb1a7b-fe02-4a56-ac24-3020e88d4db0:192.168.34.62:46434], old=null
2019-10-17 06:31:27,140 [grpc-default-executor-6] INFO  impl.RaftServerImpl (RaftServerImpl.java:setRole(184)) - 07fb1a7b-fe02-4a56-ac24-3020e88d4db0@group-9ED9FEE0098D: changes role from  FOLLOWER to FOLLOWER at term 197 for recognizeCandidate:0f256f10-8056-416e-a2a4-dd085f6c7864
2019-10-17 06:31:27,141 [grpc-default-executor-6] INFO  impl.RoleInfo (RoleInfo.java:shutdownFollowerState(121)) - 07fb1a7b-fe02-4a56-ac24-3020e88d4db0: shutdown FollowerState
2019-10-17 06:31:27,141 [grpc-default-executor-1] INFO  impl.RaftServerImpl (RaftServerImpl.java:setRole(184)) - 2f64f904-2283-4e96-b4e2-6c9018f13084@group-9ED9FEE0098D: changes role from  FOLLOWER to FOLLOWER at term 197 for recognizeCandidate:0f256f10-8056-416e-a2a4-dd085f6c7864
2019-10-17 06:31:27,141 [grpc-default-executor-6] INFO  impl.RoleInfo (RoleInfo.java:updateAndGet(143)) - 07fb1a7b-fe02-4a56-ac24-3020e88d4db0: start FollowerState
2019-10-17 06:31:27,141 [Thread-2617] INFO  impl.FollowerState (FollowerState.java:run(117)) - 07fb1a7b-fe02-4a56-ac24-3020e88d4db0@group-9ED9FEE0098D-FollowerState was interrupted: java.lang.InterruptedException: sleep interrupted
2019-10-17 06:31:27,141 [grpc-default-executor-1] INFO  impl.RoleInfo (RoleInfo.java:shutdownFollowerState(121)) - 2f64f904-2283-4e96-b4e2-6c9018f13084: shutdown FollowerState
2019-10-17 06:31:27,144 [grpc-default-executor-1] INFO  impl.RoleInfo (RoleInfo.java:updateAndGet(143)) - 2f64f904-2283-4e96-b4e2-6c9018f13084: start FollowerState
2019-10-17 06:31:27,144 [Thread-2616] INFO  impl.FollowerState (FollowerState.java:run(117)) - 2f64f904-2283-4e96-b4e2-6c9018f13084@group-9ED9FEE0098D-FollowerState was interrupted: java.lang.InterruptedException: sleep interrupted
2019-10-17 06:31:27,172 [0f256f10-8056-416e-a2a4-dd085f6c7864@group-9ED9FEE0098D-LeaderElection190] INFO  impl.LeaderElection (LeaderElection.java:logAndReturn(56)) - 0f256f10-8056-416e-a2a4-dd085f6c7864@group-9ED9FEE0098D-LeaderElection190: Election REJECTED; received 2 response(s) [0f256f10-8056-416e-a2a4-dd085f6c7864<-2f64f904-2283-4e96-b4e2-6c9018f13084#0:FAIL-t197, 0f256f10-8056-416e-a2a4-dd085f6c7864<-07fb1a7b-fe02-4a56-ac24-3020e88d4db0#0:FAIL-t197] and 0 exception(s); 0f256f10-8056-416e-a2a4-dd085f6c7864@group-9ED9FEE0098D:t197, leader=null, voted=0f256f10-8056-416e-a2a4-dd085f6c7864, raftlog=0f256f10-8056-416e-a2a4-dd085f6c7864@group-9ED9FEE0098D-SegmentedRaftLog:OPENED:c-1,f-1,i0, conf=-1: [2f64f904-2283-4e96-b4e2-6c9018f13084:192.168.34.62:40373, 0f256f10-8056-416e-a2a4-dd085f6c7864:192.168.34.62:35674, 07fb1a7b-fe02-4a56-ac24-3020e88d4db0:192.168.34.62:46434], old=null
2019-10-17 06:31:27,173 [0f256f10-8056-416e-a2a4-dd085f6c7864@group-9ED9FEE0098D-LeaderElection190] INFO  impl.RaftServerImpl (RaftServerImpl.java:setRole(184)) - 0f256f10-8056-416e-a2a4-dd085f6c7864@group-9ED9FEE0098D: changes role from CANDIDATE to FOLLOWER at term 197 for DISCOVERED_A_NEW_TERM
2019-10-17 06:31:27,173 [0f256f10-8056-416e-a2a4-dd085f6c7864@group-9ED9FEE0098D-LeaderElection190] INFO  impl.RoleInfo (RoleInfo.java:shutdownLeaderElection(134)) - 0f256f10-8056-416e-a2a4-dd085f6c7864: shutdown LeaderElection
2019-10-17 06:31:27,173 [0f256f10-8056-416e-a2a4-dd085f6c7864@group-9ED9FEE0098D-LeaderElection190] INFO  impl.RoleInfo (RoleInfo.java:updateAndGet(143)) - 0f256f10-8056-416e-a2a4-dd085f6c7864: start FollowerState
2019-10-17 06:31:27,305 [Thread-2624] INFO  impl.FollowerState (FollowerState.java:run(108)) - 0f256f10-8056-416e-a2a4-dd085f6c7864@group-9ED9FEE0098D-FollowerState: change to CANDIDATE, lastRpcTime:132ms, electionTimeout:132ms
2019-10-17 06:31:27,306 [Thread-2624] INFO  impl.RoleInfo (RoleInfo.java:shutdownFollowerState(121)) - 0f256f10-8056-416e-a2a4-dd085f6c7864: shutdown FollowerState
2019-10-17 06:31:27,306 [Thread-2624] INFO  impl.RaftServerImpl (RaftServerImpl.java:setRole(184)) - 0f256f10-8056-416e-a2a4-dd085f6c7864@group-9ED9FEE0098D: changes role from  FOLLOWER to CANDIDATE at term 197 for changeToCandidate
2019-10-17 06:31:27,306 [Thread-2624] INFO  impl.RoleInfo (RoleInfo.java:updateAndGet(143)) - 0f256f10-8056-416e-a2a4-dd085f6c7864: start LeaderElection
2019-10-17 06:31:27,330 [0f256f10-8056-416e-a2a4-dd085f6c7864@group-9ED9FEE0098D-LeaderElection191] INFO  impl.LeaderElection (LeaderElection.java:askForVotes(178)) - 0f256f10-8056-416e-a2a4-dd085f6c7864@group-9ED9FEE0098D-LeaderElection191: begin an election at term 198 for -1: [2f64f904-2283-4e96-b4e2-6c9018f13084:192.168.34.62:40373, 0f256f10-8056-416e-a2a4-dd085f6c7864:192.168.34.62:35674, 07fb1a7b-fe02-4a56-ac24-3020e88d4db0:192.168.34.62:46434], old=null
2019-10-17 06:31:27,333 [grpc-default-executor-1] INFO  impl.RaftServerImpl (RaftServerImpl.java:setRole(184)) - 07fb1a7b-fe02-4a56-ac24-3020e88d4db0@group-9ED9FEE0098D: changes role from  FOLLOWER to FOLLOWER at term 198 for recognizeCandidate:0f256f10-8056-416e-a2a4-dd085f6c7864
2019-10-17 06:31:27,333 [grpc-default-executor-1] INFO  impl.RoleInfo (RoleInfo.java:shutdownFollowerState(121)) - 07fb1a7b-fe02-4a56-ac24-3020e88d4db0: shutdown FollowerState
2019-10-17 06:31:27,333 [grpc-default-executor-6] INFO  impl.RaftServerImpl (RaftServerImpl.java:setRole(184)) - 2f64f904-2283-4e96-b4e2-6c9018f13084@group-9ED9FEE0098D: changes role from  FOLLOWER to FOLLOWER at term 198 for recognizeCandidate:0f256f10-8056-416e-a2a4-dd085f6c7864
2019-10-17 06:31:27,334 [Thread-2622] INFO  impl.FollowerState (FollowerState.java:run(117)) - 07fb1a7b-fe02-4a56-ac24-3020e88d4db0@group-9ED9FEE0098D-FollowerState was interrupted: java.lang.InterruptedException: sleep interrupted
2019-10-17 06:31:27,333 [grpc-default-executor-1] INFO  impl.RoleInfo (RoleInfo.java:updateAndGet(143)) - 07fb1a7b-fe02-4a56-ac24-3020e88d4db0: start FollowerState
2019-10-17 06:31:27,334 [grpc-default-executor-6] INFO  impl.RoleInfo (RoleInfo.java:shutdownFollowerState(121)) - 2f64f904-2283-4e96-b4e2-6c9018f13084: shutdown FollowerState
2019-10-17 06:31:27,334 [grpc-default-executor-6] INFO  impl.RoleInfo (RoleInfo.java:updateAndGet(143)) - 2f64f904-2283-4e96-b4e2-6c9018f13084: start FollowerState
2019-10-17 06:31:27,334 [Thread-2623] INFO  impl.FollowerState (FollowerState.java:run(117)) - 2f64f904-2283-4e96-b4e2-6c9018f13084@group-9ED9FEE0098D-FollowerState was interrupted: java.lang.InterruptedException: sleep interrupted
2019-10-17 06:31:27,349 [0f256f10-8056-416e-a2a4-dd085f6c7864@group-9ED9FEE0098D-LeaderElection191] INFO  impl.LeaderElection (LeaderElection.java:logAndReturn(56)) - 0f256f10-8056-416e-a2a4-dd085f6c7864@group-9ED9FEE0098D-LeaderElection191: Election REJECTED; received 2 response(s) [0f256f10-8056-416e-a2a4-dd085f6c7864<-2f64f904-2283-4e96-b4e2-6c9018f13084#0:FAIL-t198, 0f256f10-8056-416e-a2a4-dd085f6c7864<-07fb1a7b-fe02-4a56-ac24-3020e88d4db0#0:FAIL-t198] and 0 exception(s); 0f256f10-8056-416e-a2a4-dd085f6c7864@group-9ED9FEE0098D:t198, leader=null, voted=0f256f10-8056-416e-a2a4-dd085f6c7864, raftlog=0f256f10-8056-416e-a2a4-dd085f6c7864@group-9ED9FEE0098D-SegmentedRaftLog:OPENED:c-1,f-1,i0, conf=-1: [2f64f904-2283-4e96-b4e2-6c9018f13084:192.168.34.62:40373, 0f256f10-8056-416e-a2a4-dd085f6c7864:192.168.34.62:35674, 07fb1a7b-fe02-4a56-ac24-3020e88d4db0:192.168.34.62:46434], old=null
2019-10-17 06:31:27,350 [0f256f10-8056-416e-a2a4-dd085f6c7864@group-9ED9FEE0098D-LeaderElection191] INFO  impl.RaftServerImpl (RaftServerImpl.java:setRole(184)) - 0f256f10-8056-416e-a2a4-dd085f6c7864@group-9ED9FEE0098D: changes role from CANDIDATE to FOLLOWER at term 198 for DISCOVERED_A_NEW_TERM
2019-10-17 06:31:27,350 [0f256f10-8056-416e-a2a4-dd085f6c7864@group-9ED9FEE0098D-LeaderElection191] INFO  impl.RoleInfo (RoleInfo.java:shutdownLeaderElection(134)) - 0f256f10-8056-416e-a2a4-dd085f6c7864: shutdown LeaderElection
2019-10-17 06:31:27,350 [0f256f10-8056-416e-a2a4-dd085f6c7864@group-9ED9FEE0098D-LeaderElection191] INFO  impl.RoleInfo (RoleInfo.java:updateAndGet(143)) - 0f256f10-8056-416e-a2a4-dd085f6c7864: start FollowerState
2019-10-17 06:31:27,516 [Thread-2630] INFO  impl.FollowerState (FollowerState.java:run(108)) - 0f256f10-8056-416e-a2a4-dd085f6c7864@group-9ED9FEE0098D-FollowerState: change to CANDIDATE, lastRpcTime:166ms, electionTimeout:166ms
2019-10-17 06:31:27,516 [Thread-2630] INFO  impl.RoleInfo (RoleInfo.java:shutdownFollowerState(121)) - 0f256f10-8056-416e-a2a4-dd085f6c7864: shutdown FollowerState
2019-10-17 06:31:27,517 [Thread-2630] INFO  impl.RaftServerImpl (RaftServerImpl.java:setRole(184)) - 0f256f10-8056-416e-a2a4-dd085f6c7864@group-9ED9FEE0098D: changes role from  FOLLOWER to CANDIDATE at term 198 for changeToCandidate
2019-10-17 06:31:27,517 [Thread-2630] INFO  impl.RoleInfo (RoleInfo.java:updateAndGet(143)) - 0f256f10-8056-416e-a2a4-dd085f6c7864: start LeaderElection
2019-10-17 06:31:27,541 [0f256f10-8056-416e-a2a4-dd085f6c7864@group-9ED9FEE0098D-LeaderElection192] INFO  impl.LeaderElection (LeaderElection.java:askForVotes(178)) - 0f256f10-8056-416e-a2a4-dd085f6c7864@group-9ED9FEE0098D-LeaderElection192: begin an election at term 199 for -1: [2f64f904-2283-4e96-b4e2-6c9018f13084:192.168.34.62:40373, 0f256f10-8056-416e-a2a4-dd085f6c7864:192.168.34.62:35674, 07fb1a7b-fe02-4a56-ac24-3020e88d4db0:192.168.34.62:46434], old=null
2019-10-17 06:31:27,544 [grpc-default-executor-6] INFO  impl.RaftServerImpl (RaftServerImpl.java:setRole(184)) - 07fb1a7b-fe02-4a56-ac24-3020e88d4db0@group-9ED9FEE0098D: changes role from  FOLLOWER to FOLLOWER at term 199 for recognizeCandidate:0f256f10-8056-416e-a2a4-dd085f6c7864
2019-10-17 06:31:27,544 [grpc-default-executor-1] INFO  impl.RaftServerImpl (RaftServerImpl.java:setRole(184)) - 2f64f904-2283-4e96-b4e2-6c9018f13084@group-9ED9FEE0098D: changes role from  FOLLOWER to FOLLOWER at term 199 for recognizeCandidate:0f256f10-8056-416e-a2a4-dd085f6c7864
2019-10-17 06:31:27,544 [grpc-default-executor-6] INFO  impl.RoleInfo (RoleInfo.java:shutdownFollowerState(121)) - 07fb1a7b-fe02-4a56-ac24-3020e88d4db0: shutdown FollowerState
2019-10-17 06:31:27,544 [grpc-default-executor-1] INFO  impl.RoleInfo (RoleInfo.java:shutdownFollowerState(121)) - 2f64f904-2283-4e96-b4e2-6c9018f13084: shutdown FollowerState
2019-10-17 06:31:27,544 [Thread-2628] INFO  impl.FollowerState (FollowerState.java:run(117)) - 07fb1a7b-fe02-4a56-ac24-3020e88d4db0@group-9ED9FEE0098D-FollowerState was interrupted: java.lang.InterruptedException: sleep interrupted
2019-10-17 06:31:27,544 [grpc-default-executor-6] INFO  impl.RoleInfo (RoleInfo.java:updateAndGet(143)) - 07fb1a7b-fe02-4a56-ac24-3020e88d4db0: start FollowerState
2019-10-17 06:31:27,544 [grpc-default-executor-1] INFO  impl.RoleInfo (RoleInfo.java:updateAndGet(143)) - 2f64f904-2283-4e96-b4e2-6c9018f13084: start FollowerState
2019-10-17 06:31:27,544 [Thread-2629] INFO  impl.FollowerState (FollowerState.java:run(117)) - 2f64f904-2283-4e96-b4e2-6c9018f13084@group-9ED9FEE0098D-FollowerState was interrupted: java.lang.InterruptedException: sleep interrupted
2019-10-17 06:31:27,580 [0f256f10-8056-416e-a2a4-dd085f6c7864@group-9ED9FEE0098D-LeaderElection192] INFO  impl.LeaderElection (LeaderElection.java:logAndReturn(56)) - 0f256f10-8056-416e-a2a4-dd085f6c7864@group-9ED9FEE0098D-LeaderElection192: Election REJECTED; received 2 response(s) [0f256f10-8056-416e-a2a4-dd085f6c7864<-2f64f904-2283-4e96-b4e2-6c9018f13084#0:FAIL-t199, 0f256f10-8056-416e-a2a4-dd085f6c7864<-07fb1a7b-fe02-4a56-ac24-3020e88d4db0#0:FAIL-t199] and 0 exception(s); 0f256f10-8056-416e-a2a4-dd085f6c7864@group-9ED9FEE0098D:t199, leader=null, voted=0f256f10-8056-416e-a2a4-dd085f6c7864, raftlog=0f256f10-8056-416e-a2a4-dd085f6c7864@group-9ED9FEE0098D-SegmentedRaftLog:OPENED:c-1,f-1,i0, conf=-1: [2f64f904-2283-4e96-b4e2-6c9018f13084:192.168.34.62:40373, 0f256f10-8056-416e-a2a4-dd085f6c7864:192.168.34.62:35674, 07fb1a7b-fe02-4a56-ac24-3020e88d4db0:192.168.34.62:46434], old=null
2019-10-17 06:31:27,580 [0f256f10-8056-416e-a2a4-dd085f6c7864@group-9ED9FEE0098D-LeaderElection192] INFO  impl.RaftServerImpl (RaftServerImpl.java:setRole(184)) - 0f256f10-8056-416e-a2a4-dd085f6c7864@group-9ED9FEE0098D: changes role from CANDIDATE to FOLLOWER at term 199 for DISCOVERED_A_NEW_TERM
2019-10-17 06:31:27,580 [0f256f10-8056-416e-a2a4-dd085f6c7864@group-9ED9FEE0098D-LeaderElection192] INFO  impl.RoleInfo (RoleInfo.java:shutdownLeaderElection(134)) - 0f256f10-8056-416e-a2a4-dd085f6c7864: shutdown LeaderElection
2019-10-17 06:31:27,580 [0f256f10-8056-416e-a2a4-dd085f6c7864@group-9ED9FEE0098D-LeaderElection192] INFO  impl.RoleInfo (RoleInfo.java:updateAndGet(143)) - 0f256f10-8056-416e-a2a4-dd085f6c7864: start FollowerState
2019-10-17 06:31:27,647 [Thread-1202] INFO  ozone.MiniOzoneClusterImpl (MiniOzoneClusterImpl.java:lambda$waitForClusterToBeReady$2(164)) - Waiting for 1 number of pipelines out of 4, to report a leader.
2019-10-17 06:31:27,747 [Thread-2636] INFO  impl.FollowerState (FollowerState.java:run(108)) - 0f256f10-8056-416e-a2a4-dd085f6c7864@group-9ED9FEE0098D-FollowerState: change to CANDIDATE, lastRpcTime:166ms, electionTimeout:166ms
2019-10-17 06:31:27,747 [Thread-2636] INFO  impl.RoleInfo (RoleInfo.java:shutdownFollowerState(121)) - 0f256f10-8056-416e-a2a4-dd085f6c7864: shutdown FollowerState
2019-10-17 06:31:27,747 [Thread-2636] INFO  impl.RaftServerImpl (RaftServerImpl.java:setRole(184)) - 0f256f10-8056-416e-a2a4-dd085f6c7864@group-9ED9FEE0098D: changes role from  FOLLOWER to CANDIDATE at term 199 for changeToCandidate
2019-10-17 06:31:27,747 [Thread-2636] INFO  impl.RoleInfo (RoleInfo.java:updateAndGet(143)) - 0f256f10-8056-416e-a2a4-dd085f6c7864: start LeaderElection
2019-10-17 06:31:27,771 [0f256f10-8056-416e-a2a4-dd085f6c7864@group-9ED9FEE0098D-LeaderElection193] INFO  impl.LeaderElection (LeaderElection.java:askForVotes(178)) - 0f256f10-8056-416e-a2a4-dd085f6c7864@group-9ED9FEE0098D-LeaderElection193: begin an election at term 200 for -1: [2f64f904-2283-4e96-b4e2-6c9018f13084:192.168.34.62:40373, 0f256f10-8056-416e-a2a4-dd085f6c7864:192.168.34.62:35674, 07fb1a7b-fe02-4a56-ac24-3020e88d4db0:192.168.34.62:46434], old=null
2019-10-17 06:31:27,773 [grpc-default-executor-1] INFO  impl.RaftServerImpl (RaftServerImpl.java:setRole(184)) - 07fb1a7b-fe02-4a56-ac24-3020e88d4db0@group-9ED9FEE0098D: changes role from  FOLLOWER to FOLLOWER at term 200 for recognizeCandidate:0f256f10-8056-416e-a2a4-dd085f6c7864
2019-10-17 06:31:27,773 [grpc-default-executor-1] INFO  impl.RoleInfo (RoleInfo.java:shutdownFollowerState(121)) - 07fb1a7b-fe02-4a56-ac24-3020e88d4db0: shutdown FollowerState
2019-10-17 06:31:27,773 [grpc-default-executor-6] INFO  impl.RaftServerImpl (RaftServerImpl.java:setRole(184)) - 2f64f904-2283-4e96-b4e2-6c9018f13084@group-9ED9FEE0098D: changes role from  FOLLOWER to FOLLOWER at term 200 for recognizeCandidate:0f256f10-8056-416e-a2a4-dd085f6c7864
2019-10-17 06:31:27,774 [grpc-default-executor-6] INFO  impl.RoleInfo (RoleInfo.java:shutdownFollowerState(121)) - 2f64f904-2283-4e96-b4e2-6c9018f13084: shutdown FollowerState
2019-10-17 06:31:27,774 [Thread-2634] INFO  impl.FollowerState (FollowerState.java:run(117)) - 07fb1a7b-fe02-4a56-ac24-3020e88d4db0@group-9ED9FEE0098D-FollowerState was interrupted: java.lang.InterruptedException: sleep interrupted
2019-10-17 06:31:27,773 [grpc-default-executor-1] INFO  impl.RoleInfo (RoleInfo.java:updateAndGet(143)) - 07fb1a7b-fe02-4a56-ac24-3020e88d4db0: start FollowerState
2019-10-17 06:31:27,774 [Thread-2635] INFO  impl.FollowerState (FollowerState.java:run(117)) - 2f64f904-2283-4e96-b4e2-6c9018f13084@group-9ED9FEE0098D-FollowerState was interrupted: java.lang.InterruptedException: sleep interrupted
2019-10-17 06:31:27,774 [grpc-default-executor-6] INFO  impl.RoleInfo (RoleInfo.java:updateAndGet(143)) - 2f64f904-2283-4e96-b4e2-6c9018f13084: start FollowerState
2019-10-17 06:31:27,805 [0f256f10-8056-416e-a2a4-dd085f6c7864@group-9ED9FEE0098D-LeaderElection193] INFO  impl.LeaderElection (LeaderElection.java:logAndReturn(56)) - 0f256f10-8056-416e-a2a4-dd085f6c7864@group-9ED9FEE0098D-LeaderElection193: Election REJECTED; received 2 response(s) [0f256f10-8056-416e-a2a4-dd085f6c7864<-2f64f904-2283-4e96-b4e2-6c9018f13084#0:FAIL-t200, 0f256f10-8056-416e-a2a4-dd085f6c7864<-07fb1a7b-fe02-4a56-ac24-3020e88d4db0#0:FAIL-t200] and 0 exception(s); 0f256f10-8056-416e-a2a4-dd085f6c7864@group-9ED9FEE0098D:t200, leader=null, voted=0f256f10-8056-416e-a2a4-dd085f6c7864, raftlog=0f256f10-8056-416e-a2a4-dd085f6c7864@group-9ED9FEE0098D-SegmentedRaftLog:OPENED:c-1,f-1,i0, conf=-1: [2f64f904-2283-4e96-b4e2-6c9018f13084:192.168.34.62:40373, 0f256f10-8056-416e-a2a4-dd085f6c7864:192.168.34.62:35674, 07fb1a7b-fe02-4a56-ac24-3020e88d4db0:192.168.34.62:46434], old=null
2019-10-17 06:31:27,805 [0f256f10-8056-416e-a2a4-dd085f6c7864@group-9ED9FEE0098D-LeaderElection193] INFO  impl.RaftServerImpl (RaftServerImpl.java:setRole(184)) - 0f256f10-8056-416e-a2a4-dd085f6c7864@group-9ED9FEE0098D: changes role from CANDIDATE to FOLLOWER at term 200 for DISCOVERED_A_NEW_TERM
2019-10-17 06:31:27,806 [0f256f10-8056-416e-a2a4-dd085f6c7864@group-9ED9FEE0098D-LeaderElection193] INFO  impl.RoleInfo (RoleInfo.java:shutdownLeaderElection(134)) - 0f256f10-8056-416e-a2a4-dd085f6c7864: shutdown LeaderElection
2019-10-17 06:31:27,806 [0f256f10-8056-416e-a2a4-dd085f6c7864@group-9ED9FEE0098D-LeaderElection193] INFO  impl.RoleInfo (RoleInfo.java:updateAndGet(143)) - 0f256f10-8056-416e-a2a4-dd085f6c7864: start FollowerState
2019-10-17 06:31:27,829 [Thread-2642] INFO  impl.FollowerState (FollowerState.java:run(108)) - 0f256f10-8056-416e-a2a4-dd085f6c7864@group-9ED9FEE0098D-FollowerState: change to CANDIDATE, lastRpcTime:23ms, electionTimeout:23ms
2019-10-17 06:31:27,829 [Thread-2642] INFO  impl.RoleInfo (RoleInfo.java:shutdownFollowerState(121)) - 0f256f10-8056-416e-a2a4-dd085f6c7864: shutdown FollowerState
2019-10-17 06:31:27,829 [Thread-2642] INFO  impl.RaftServerImpl (RaftServerImpl.java:setRole(184)) - 0f256f10-8056-416e-a2a4-dd085f6c7864@group-9ED9FEE0098D: changes role from  FOLLOWER to CANDIDATE at term 200 for changeToCandidate
2019-10-17 06:31:27,830 [Thread-2642] INFO  impl.RoleInfo (RoleInfo.java:updateAndGet(143)) - 0f256f10-8056-416e-a2a4-dd085f6c7864: start LeaderElection
2019-10-17 06:31:27,845 [0f256f10-8056-416e-a2a4-dd085f6c7864@group-9ED9FEE0098D-LeaderElection194] INFO  impl.LeaderElection (LeaderElection.java:askForVotes(178)) - 0f256f10-8056-416e-a2a4-dd085f6c7864@group-9ED9FEE0098D-LeaderElection194: begin an election at term 201 for -1: [2f64f904-2283-4e96-b4e2-6c9018f13084:192.168.34.62:40373, 0f256f10-8056-416e-a2a4-dd085f6c7864:192.168.34.62:35674, 07fb1a7b-fe02-4a56-ac24-3020e88d4db0:192.168.34.62:46434], old=null
2019-10-17 06:31:27,847 [grpc-default-executor-6] INFO  impl.RaftServerImpl (RaftServerImpl.java:setRole(184)) - 07fb1a7b-fe02-4a56-ac24-3020e88d4db0@group-9ED9FEE0098D: changes role from  FOLLOWER to FOLLOWER at term 201 for recognizeCandidate:0f256f10-8056-416e-a2a4-dd085f6c7864
2019-10-17 06:31:27,847 [grpc-default-executor-1] INFO  impl.RaftServerImpl (RaftServerImpl.java:setRole(184)) - 2f64f904-2283-4e96-b4e2-6c9018f13084@group-9ED9FEE0098D: changes role from  FOLLOWER to FOLLOWER at term 201 for recognizeCandidate:0f256f10-8056-416e-a2a4-dd085f6c7864
2019-10-17 06:31:27,847 [grpc-default-executor-1] INFO  impl.RoleInfo (RoleInfo.java:shutdownFollowerState(121)) - 2f64f904-2283-4e96-b4e2-6c9018f13084: shutdown FollowerState
2019-10-17 06:31:27,847 [grpc-default-executor-6] INFO  impl.RoleInfo (RoleInfo.java:shutdownFollowerState(121)) - 07fb1a7b-fe02-4a56-ac24-3020e88d4db0: shutdown FollowerState
2019-10-17 06:31:27,848 [Thread-2641] INFO  impl.FollowerState (FollowerState.java:run(117)) - 2f64f904-2283-4e96-b4e2-6c9018f13084@group-9ED9FEE0098D-FollowerState was interrupted: java.lang.InterruptedException: sleep interrupted
2019-10-17 06:31:27,848 [grpc-default-executor-1] INFO  impl.RoleInfo (RoleInfo.java:updateAndGet(143)) - 2f64f904-2283-4e96-b4e2-6c9018f13084: start FollowerState
2019-10-17 06:31:27,848 [grpc-default-executor-6] INFO  impl.RoleInfo (RoleInfo.java:updateAndGet(143)) - 07fb1a7b-fe02-4a56-ac24-3020e88d4db0: start FollowerState
2019-10-17 06:31:27,848 [Thread-2640] INFO  impl.FollowerState (FollowerState.java:run(117)) - 07fb1a7b-fe02-4a56-ac24-3020e88d4db0@group-9ED9FEE0098D-FollowerState was interrupted: java.lang.InterruptedException: sleep interrupted
2019-10-17 06:31:27,862 [0f256f10-8056-416e-a2a4-dd085f6c7864@group-9ED9FEE0098D-LeaderElection194] INFO  impl.LeaderElection (LeaderElection.java:logAndReturn(56)) - 0f256f10-8056-416e-a2a4-dd085f6c7864@group-9ED9FEE0098D-LeaderElection194: Election REJECTED; received 2 response(s) [0f256f10-8056-416e-a2a4-dd085f6c7864<-2f64f904-2283-4e96-b4e2-6c9018f13084#0:FAIL-t201, 0f256f10-8056-416e-a2a4-dd085f6c7864<-07fb1a7b-fe02-4a56-ac24-3020e88d4db0#0:FAIL-t201] and 0 exception(s); 0f256f10-8056-416e-a2a4-dd085f6c7864@group-9ED9FEE0098D:t201, leader=null, voted=0f256f10-8056-416e-a2a4-dd085f6c7864, raftlog=0f256f10-8056-416e-a2a4-dd085f6c7864@group-9ED9FEE0098D-SegmentedRaftLog:OPENED:c-1,f-1,i0, conf=-1: [2f64f904-2283-4e96-b4e2-6c9018f13084:192.168.34.62:40373, 0f256f10-8056-416e-a2a4-dd085f6c7864:192.168.34.62:35674, 07fb1a7b-fe02-4a56-ac24-3020e88d4db0:192.168.34.62:46434], old=null
2019-10-17 06:31:27,863 [0f256f10-8056-416e-a2a4-dd085f6c7864@group-9ED9FEE0098D-LeaderElection194] INFO  impl.RaftServerImpl (RaftServerImpl.java:setRole(184)) - 0f256f10-8056-416e-a2a4-dd085f6c7864@group-9ED9FEE0098D: changes role from CANDIDATE to FOLLOWER at term 201 for DISCOVERED_A_NEW_TERM
2019-10-17 06:31:27,863 [0f256f10-8056-416e-a2a4-dd085f6c7864@group-9ED9FEE0098D-LeaderElection194] INFO  impl.RoleInfo (RoleInfo.java:shutdownLeaderElection(134)) - 0f256f10-8056-416e-a2a4-dd085f6c7864: shutdown LeaderElection
2019-10-17 06:31:27,863 [0f256f10-8056-416e-a2a4-dd085f6c7864@group-9ED9FEE0098D-LeaderElection194] INFO  impl.RoleInfo (RoleInfo.java:updateAndGet(143)) - 0f256f10-8056-416e-a2a4-dd085f6c7864: start FollowerState
2019-10-17 06:31:27,932 [Thread-2648] INFO  impl.FollowerState (FollowerState.java:run(108)) - 0f256f10-8056-416e-a2a4-dd085f6c7864@group-9ED9FEE0098D-FollowerState: change to CANDIDATE, lastRpcTime:69ms, electionTimeout:69ms
2019-10-17 06:31:27,932 [Thread-2648] INFO  impl.RoleInfo (RoleInfo.java:shutdownFollowerState(121)) - 0f256f10-8056-416e-a2a4-dd085f6c7864: shutdown FollowerState
2019-10-17 06:31:27,932 [Thread-2648] INFO  impl.RaftServerImpl (RaftServerImpl.java:setRole(184)) - 0f256f10-8056-416e-a2a4-dd085f6c7864@group-9ED9FEE0098D: changes role from  FOLLOWER to CANDIDATE at term 201 for changeToCandidate
2019-10-17 06:31:27,932 [Thread-2648] INFO  impl.RoleInfo (RoleInfo.java:updateAndGet(143)) - 0f256f10-8056-416e-a2a4-dd085f6c7864: start LeaderElection
2019-10-17 06:31:27,956 [0f256f10-8056-416e-a2a4-dd085f6c7864@group-9ED9FEE0098D-LeaderElection195] INFO  impl.LeaderElection (LeaderElection.java:askForVotes(178)) - 0f256f10-8056-416e-a2a4-dd085f6c7864@group-9ED9FEE0098D-LeaderElection195: begin an election at term 202 for -1: [2f64f904-2283-4e96-b4e2-6c9018f13084:192.168.34.62:40373, 0f256f10-8056-416e-a2a4-dd085f6c7864:192.168.34.62:35674, 07fb1a7b-fe02-4a56-ac24-3020e88d4db0:192.168.34.62:46434], old=null
2019-10-17 06:31:27,958 [grpc-default-executor-1] INFO  impl.RaftServerImpl (RaftServerImpl.java:setRole(184)) - 2f64f904-2283-4e96-b4e2-6c9018f13084@group-9ED9FEE0098D: changes role from  FOLLOWER to FOLLOWER at term 202 for recognizeCandidate:0f256f10-8056-416e-a2a4-dd085f6c7864
2019-10-17 06:31:27,958 [grpc-default-executor-1] INFO  impl.RoleInfo (RoleInfo.java:shutdownFollowerState(121)) - 2f64f904-2283-4e96-b4e2-6c9018f13084: shutdown FollowerState
2019-10-17 06:31:27,958 [grpc-default-executor-6] INFO  impl.RaftServerImpl (RaftServerImpl.java:setRole(184)) - 07fb1a7b-fe02-4a56-ac24-3020e88d4db0@group-9ED9FEE0098D: changes role from  FOLLOWER to FOLLOWER at term 202 for recognizeCandidate:0f256f10-8056-416e-a2a4-dd085f6c7864
2019-10-17 06:31:27,958 [Thread-2646] INFO  impl.FollowerState (FollowerState.java:run(117)) - 2f64f904-2283-4e96-b4e2-6c9018f13084@group-9ED9FEE0098D-FollowerState was interrupted: java.lang.InterruptedException: sleep interrupted
2019-10-17 06:31:27,958 [grpc-default-executor-1] INFO  impl.RoleInfo (RoleInfo.java:updateAndGet(143)) - 2f64f904-2283-4e96-b4e2-6c9018f13084: start FollowerState
2019-10-17 06:31:27,958 [grpc-default-executor-6] INFO  impl.RoleInfo (RoleInfo.java:shutdownFollowerState(121)) - 07fb1a7b-fe02-4a56-ac24-3020e88d4db0: shutdown FollowerState
2019-10-17 06:31:27,959 [grpc-default-executor-6] INFO  impl.RoleInfo (RoleInfo.java:updateAndGet(143)) - 07fb1a7b-fe02-4a56-ac24-3020e88d4db0: start FollowerState
2019-10-17 06:31:27,959 [Thread-2647] INFO  impl.FollowerState (FollowerState.java:run(117)) - 07fb1a7b-fe02-4a56-ac24-3020e88d4db0@group-9ED9FEE0098D-FollowerState was interrupted: java.lang.InterruptedException: sleep interrupted
2019-10-17 06:31:27,983 [0f256f10-8056-416e-a2a4-dd085f6c7864@group-9ED9FEE0098D-LeaderElection195] INFO  impl.LeaderElection (LeaderElection.java:logAndReturn(56)) - 0f256f10-8056-416e-a2a4-dd085f6c7864@group-9ED9FEE0098D-LeaderElection195: Election REJECTED; received 2 response(s) [0f256f10-8056-416e-a2a4-dd085f6c7864<-2f64f904-2283-4e96-b4e2-6c9018f13084#0:FAIL-t202, 0f256f10-8056-416e-a2a4-dd085f6c7864<-07fb1a7b-fe02-4a56-ac24-3020e88d4db0#0:FAIL-t202] and 0 exception(s); 0f256f10-8056-416e-a2a4-dd085f6c7864@group-9ED9FEE0098D:t202, leader=null, voted=0f256f10-8056-416e-a2a4-dd085f6c7864, raftlog=0f256f10-8056-416e-a2a4-dd085f6c7864@group-9ED9FEE0098D-SegmentedRaftLog:OPENED:c-1,f-1,i0, conf=-1: [2f64f904-2283-4e96-b4e2-6c9018f13084:192.168.34.62:40373, 0f256f10-8056-416e-a2a4-dd085f6c7864:192.168.34.62:35674, 07fb1a7b-fe02-4a56-ac24-3020e88d4db0:192.168.34.62:46434], old=null
2019-10-17 06:31:27,983 [0f256f10-8056-416e-a2a4-dd085f6c7864@group-9ED9FEE0098D-LeaderElection195] INFO  impl.RaftServerImpl (RaftServerImpl.java:setRole(184)) - 0f256f10-8056-416e-a2a4-dd085f6c7864@group-9ED9FEE0098D: changes role from CANDIDATE to FOLLOWER at term 202 for DISCOVERED_A_NEW_TERM
2019-10-17 06:31:27,984 [0f256f10-8056-416e-a2a4-dd085f6c7864@group-9ED9FEE0098D-LeaderElection195] INFO  impl.RoleInfo (RoleInfo.java:shutdownLeaderElection(134)) - 0f256f10-8056-416e-a2a4-dd085f6c7864: shutdown LeaderElection
2019-10-17 06:31:27,984 [0f256f10-8056-416e-a2a4-dd085f6c7864@group-9ED9FEE0098D-LeaderElection195] INFO  impl.RoleInfo (RoleInfo.java:updateAndGet(143)) - 0f256f10-8056-416e-a2a4-dd085f6c7864: start FollowerState
2019-10-17 06:31:28,066 [Thread-2654] INFO  impl.FollowerState (FollowerState.java:run(108)) - 0f256f10-8056-416e-a2a4-dd085f6c7864@group-9ED9FEE0098D-FollowerState: change to CANDIDATE, lastRpcTime:82ms, electionTimeout:82ms
2019-10-17 06:31:28,066 [Thread-2654] INFO  impl.RoleInfo (RoleInfo.java:shutdownFollowerState(121)) - 0f256f10-8056-416e-a2a4-dd085f6c7864: shutdown FollowerState
2019-10-17 06:31:28,067 [Thread-2654] INFO  impl.RaftServerImpl (RaftServerImpl.java:setRole(184)) - 0f256f10-8056-416e-a2a4-dd085f6c7864@group-9ED9FEE0098D: changes role from  FOLLOWER to CANDIDATE at term 202 for changeToCandidate
2019-10-17 06:31:28,067 [Thread-2654] INFO  impl.RoleInfo (RoleInfo.java:updateAndGet(143)) - 0f256f10-8056-416e-a2a4-dd085f6c7864: start LeaderElection
2019-10-17 06:31:28,083 [0f256f10-8056-416e-a2a4-dd085f6c7864@group-9ED9FEE0098D-LeaderElection196] INFO  impl.LeaderElection (LeaderElection.java:askForVotes(178)) - 0f256f10-8056-416e-a2a4-dd085f6c7864@group-9ED9FEE0098D-LeaderElection196: begin an election at term 203 for -1: [2f64f904-2283-4e96-b4e2-6c9018f13084:192.168.34.62:40373, 0f256f10-8056-416e-a2a4-dd085f6c7864:192.168.34.62:35674, 07fb1a7b-fe02-4a56-ac24-3020e88d4db0:192.168.34.62:46434], old=null
2019-10-17 06:31:28,085 [grpc-default-executor-6] INFO  impl.RaftServerImpl (RaftServerImpl.java:setRole(184)) - 2f64f904-2283-4e96-b4e2-6c9018f13084@group-9ED9FEE0098D: changes role from  FOLLOWER to FOLLOWER at term 203 for recognizeCandidate:0f256f10-8056-416e-a2a4-dd085f6c7864
2019-10-17 06:31:28,085 [grpc-default-executor-6] INFO  impl.RoleInfo (RoleInfo.java:shutdownFollowerState(121)) - 2f64f904-2283-4e96-b4e2-6c9018f13084: shutdown FollowerState
2019-10-17 06:31:28,085 [grpc-default-executor-6] INFO  impl.RoleInfo (RoleInfo.java:updateAndGet(143)) - 2f64f904-2283-4e96-b4e2-6c9018f13084: start FollowerState
2019-10-17 06:31:28,085 [Thread-2652] INFO  impl.FollowerState (FollowerState.java:run(117)) - 2f64f904-2283-4e96-b4e2-6c9018f13084@group-9ED9FEE0098D-FollowerState was interrupted: java.lang.InterruptedException: sleep interrupted
2019-10-17 06:31:28,085 [grpc-default-executor-1] INFO  impl.RaftServerImpl (RaftServerImpl.java:setRole(184)) - 07fb1a7b-fe02-4a56-ac24-3020e88d4db0@group-9ED9FEE0098D: changes role from  FOLLOWER to FOLLOWER at term 203 for recognizeCandidate:0f256f10-8056-416e-a2a4-dd085f6c7864
2019-10-17 06:31:28,086 [grpc-default-executor-1] INFO  impl.RoleInfo (RoleInfo.java:shutdownFollowerState(121)) - 07fb1a7b-fe02-4a56-ac24-3020e88d4db0: shutdown FollowerState
2019-10-17 06:31:28,086 [grpc-default-executor-1] INFO  impl.RoleInfo (RoleInfo.java:updateAndGet(143)) - 07fb1a7b-fe02-4a56-ac24-3020e88d4db0: start FollowerState
2019-10-17 06:31:28,086 [Thread-2653] INFO  impl.FollowerState (FollowerState.java:run(117)) - 07fb1a7b-fe02-4a56-ac24-3020e88d4db0@group-9ED9FEE0098D-FollowerState was interrupted: java.lang.InterruptedException: sleep interrupted
2019-10-17 06:31:28,096 [0f256f10-8056-416e-a2a4-dd085f6c7864@group-9ED9FEE0098D-LeaderElection196] INFO  impl.LeaderElection (LeaderElection.java:logAndReturn(56)) - 0f256f10-8056-416e-a2a4-dd085f6c7864@group-9ED9FEE0098D-LeaderElection196: Election TIMEOUT; received 0 response(s) [] and 0 exception(s); 0f256f10-8056-416e-a2a4-dd085f6c7864@group-9ED9FEE0098D:t203, leader=null, voted=0f256f10-8056-416e-a2a4-dd085f6c7864, raftlog=0f256f10-8056-416e-a2a4-dd085f6c7864@group-9ED9FEE0098D-SegmentedRaftLog:OPENED:c-1,f-1,i0, conf=-1: [2f64f904-2283-4e96-b4e2-6c9018f13084:192.168.34.62:40373, 0f256f10-8056-416e-a2a4-dd085f6c7864:192.168.34.62:35674, 07fb1a7b-fe02-4a56-ac24-3020e88d4db0:192.168.34.62:46434], old=null
2019-10-17 06:31:28,104 [0f256f10-8056-416e-a2a4-dd085f6c7864@group-9ED9FEE0098D-LeaderElection196] INFO  impl.LeaderElection (LeaderElection.java:askForVotes(178)) - 0f256f10-8056-416e-a2a4-dd085f6c7864@group-9ED9FEE0098D-LeaderElection196: begin an election at term 204 for -1: [2f64f904-2283-4e96-b4e2-6c9018f13084:192.168.34.62:40373, 0f256f10-8056-416e-a2a4-dd085f6c7864:192.168.34.62:35674, 07fb1a7b-fe02-4a56-ac24-3020e88d4db0:192.168.34.62:46434], old=null
2019-10-17 06:31:28,105 [grpc-default-executor-6] INFO  impl.RaftServerImpl (RaftServerImpl.java:setRole(184)) - 2f64f904-2283-4e96-b4e2-6c9018f13084@group-9ED9FEE0098D: changes role from  FOLLOWER to FOLLOWER at term 204 for recognizeCandidate:0f256f10-8056-416e-a2a4-dd085f6c7864
2019-10-17 06:31:28,105 [grpc-default-executor-1] INFO  impl.RaftServerImpl (RaftServerImpl.java:setRole(184)) - 07fb1a7b-fe02-4a56-ac24-3020e88d4db0@group-9ED9FEE0098D: changes role from  FOLLOWER to FOLLOWER at term 204 for recognizeCandidate:0f256f10-8056-416e-a2a4-dd085f6c7864
2019-10-17 06:31:28,106 [grpc-default-executor-6] INFO  impl.RoleInfo (RoleInfo.java:shutdownFollowerState(121)) - 2f64f904-2283-4e96-b4e2-6c9018f13084: shutdown FollowerState
2019-10-17 06:31:28,106 [grpc-default-executor-1] INFO  impl.RoleInfo (RoleInfo.java:shutdownFollowerState(121)) - 07fb1a7b-fe02-4a56-ac24-3020e88d4db0: shutdown FollowerState
2019-10-17 06:31:28,106 [Thread-2658] INFO  impl.FollowerState (FollowerState.java:run(117)) - 2f64f904-2283-4e96-b4e2-6c9018f13084@group-9ED9FEE0098D-FollowerState was interrupted: java.lang.InterruptedException: sleep interrupted
2019-10-17 06:31:28,106 [grpc-default-executor-6] INFO  impl.RoleInfo (RoleInfo.java:updateAndGet(143)) - 2f64f904-2283-4e96-b4e2-6c9018f13084: start FollowerState
2019-10-17 06:31:28,106 [Thread-2659] INFO  impl.FollowerState (FollowerState.java:run(117)) - 07fb1a7b-fe02-4a56-ac24-3020e88d4db0@group-9ED9FEE0098D-FollowerState was interrupted: java.lang.InterruptedException: sleep interrupted
2019-10-17 06:31:28,106 [grpc-default-executor-1] INFO  impl.RoleInfo (RoleInfo.java:updateAndGet(143)) - 07fb1a7b-fe02-4a56-ac24-3020e88d4db0: start FollowerState
2019-10-17 06:31:28,188 [0f256f10-8056-416e-a2a4-dd085f6c7864@group-9ED9FEE0098D-LeaderElection196] INFO  impl.LeaderElection (LeaderElection.java:logAndReturn(56)) - 0f256f10-8056-416e-a2a4-dd085f6c7864@group-9ED9FEE0098D-LeaderElection196: Election TIMEOUT; received 0 response(s) [] and 0 exception(s); 0f256f10-8056-416e-a2a4-dd085f6c7864@group-9ED9FEE0098D:t204, leader=null, voted=0f256f10-8056-416e-a2a4-dd085f6c7864, raftlog=0f256f10-8056-416e-a2a4-dd085f6c7864@group-9ED9FEE0098D-SegmentedRaftLog:OPENED:c-1,f-1,i0, conf=-1: [2f64f904-2283-4e96-b4e2-6c9018f13084:192.168.34.62:40373, 0f256f10-8056-416e-a2a4-dd085f6c7864:192.168.34.62:35674, 07fb1a7b-fe02-4a56-ac24-3020e88d4db0:192.168.34.62:46434], old=null
2019-10-17 06:31:28,252 [0f256f10-8056-416e-a2a4-dd085f6c7864@group-9ED9FEE0098D-LeaderElection196] INFO  impl.LeaderElection (LeaderElection.java:askForVotes(178)) - 0f256f10-8056-416e-a2a4-dd085f6c7864@group-9ED9FEE0098D-LeaderElection196: begin an election at term 205 for -1: [2f64f904-2283-4e96-b4e2-6c9018f13084:192.168.34.62:40373, 0f256f10-8056-416e-a2a4-dd085f6c7864:192.168.34.62:35674, 07fb1a7b-fe02-4a56-ac24-3020e88d4db0:192.168.34.62:46434], old=null
2019-10-17 06:31:28,254 [grpc-default-executor-6] INFO  impl.RaftServerImpl (RaftServerImpl.java:setRole(184)) - 2f64f904-2283-4e96-b4e2-6c9018f13084@group-9ED9FEE0098D: changes role from  FOLLOWER to FOLLOWER at term 205 for recognizeCandidate:0f256f10-8056-416e-a2a4-dd085f6c7864
2019-10-17 06:31:28,254 [grpc-default-executor-6] INFO  impl.RoleInfo (RoleInfo.java:shutdownFollowerState(121)) - 2f64f904-2283-4e96-b4e2-6c9018f13084: shutdown FollowerState
2019-10-17 06:31:28,254 [grpc-default-executor-6] INFO  impl.RoleInfo (RoleInfo.java:updateAndGet(143)) - 2f64f904-2283-4e96-b4e2-6c9018f13084: start FollowerState
2019-10-17 06:31:28,255 [Thread-2662] INFO  impl.FollowerState (FollowerState.java:run(117)) - 2f64f904-2283-4e96-b4e2-6c9018f13084@group-9ED9FEE0098D-FollowerState was interrupted: java.lang.InterruptedException: sleep interrupted
2019-10-17 06:31:28,254 [grpc-default-executor-1] INFO  impl.RaftServerImpl (RaftServerImpl.java:setRole(184)) - 07fb1a7b-fe02-4a56-ac24-3020e88d4db0@group-9ED9FEE0098D: changes role from  FOLLOWER to FOLLOWER at term 205 for recognizeCandidate:0f256f10-8056-416e-a2a4-dd085f6c7864
2019-10-17 06:31:28,255 [grpc-default-executor-1] INFO  impl.RoleInfo (RoleInfo.java:shutdownFollowerState(121)) - 07fb1a7b-fe02-4a56-ac24-3020e88d4db0: shutdown FollowerState
2019-10-17 06:31:28,255 [grpc-default-executor-1] INFO  impl.RoleInfo (RoleInfo.java:updateAndGet(143)) - 07fb1a7b-fe02-4a56-ac24-3020e88d4db0: start FollowerState
2019-10-17 06:31:28,255 [Thread-2663] INFO  impl.FollowerState (FollowerState.java:run(117)) - 07fb1a7b-fe02-4a56-ac24-3020e88d4db0@group-9ED9FEE0098D-FollowerState was interrupted: java.lang.InterruptedException: sleep interrupted
2019-10-17 06:31:28,271 [0f256f10-8056-416e-a2a4-dd085f6c7864@group-9ED9FEE0098D-LeaderElection196] INFO  impl.LeaderElection (LeaderElection.java:logAndReturn(56)) - 0f256f10-8056-416e-a2a4-dd085f6c7864@group-9ED9FEE0098D-LeaderElection196: Election REJECTED; received 2 response(s) [0f256f10-8056-416e-a2a4-dd085f6c7864<-2f64f904-2283-4e96-b4e2-6c9018f13084#0:FAIL-t205, 0f256f10-8056-416e-a2a4-dd085f6c7864<-07fb1a7b-fe02-4a56-ac24-3020e88d4db0#0:FAIL-t205] and 0 exception(s); 0f256f10-8056-416e-a2a4-dd085f6c7864@group-9ED9FEE0098D:t205, leader=null, voted=0f256f10-8056-416e-a2a4-dd085f6c7864, raftlog=0f256f10-8056-416e-a2a4-dd085f6c7864@group-9ED9FEE0098D-SegmentedRaftLog:OPENED:c-1,f-1,i0, conf=-1: [2f64f904-2283-4e96-b4e2-6c9018f13084:192.168.34.62:40373, 0f256f10-8056-416e-a2a4-dd085f6c7864:192.168.34.62:35674, 07fb1a7b-fe02-4a56-ac24-3020e88d4db0:192.168.34.62:46434], old=null
2019-10-17 06:31:28,271 [0f256f10-8056-416e-a2a4-dd085f6c7864@group-9ED9FEE0098D-LeaderElection196] INFO  impl.RaftServerImpl (RaftServerImpl.java:setRole(184)) - 0f256f10-8056-416e-a2a4-dd085f6c7864@group-9ED9FEE0098D: changes role from CANDIDATE to FOLLOWER at term 205 for DISCOVERED_A_NEW_TERM
2019-10-17 06:31:28,271 [0f256f10-8056-416e-a2a4-dd085f6c7864@group-9ED9FEE0098D-LeaderElection196] INFO  impl.RoleInfo (RoleInfo.java:shutdownLeaderElection(134)) - 0f256f10-8056-416e-a2a4-dd085f6c7864: shutdown LeaderElection
2019-10-17 06:31:28,272 [0f256f10-8056-416e-a2a4-dd085f6c7864@group-9ED9FEE0098D-LeaderElection196] INFO  impl.RoleInfo (RoleInfo.java:updateAndGet(143)) - 0f256f10-8056-416e-a2a4-dd085f6c7864: start FollowerState
2019-10-17 06:31:28,411 [Thread-2668] INFO  impl.FollowerState (FollowerState.java:run(108)) - 0f256f10-8056-416e-a2a4-dd085f6c7864@group-9ED9FEE0098D-FollowerState: change to CANDIDATE, lastRpcTime:139ms, electionTimeout:139ms
2019-10-17 06:31:28,411 [Thread-2668] INFO  impl.RoleInfo (RoleInfo.java:shutdownFollowerState(121)) - 0f256f10-8056-416e-a2a4-dd085f6c7864: shutdown FollowerState
2019-10-17 06:31:28,412 [Thread-2668] INFO  impl.RaftServerImpl (RaftServerImpl.java:setRole(184)) - 0f256f10-8056-416e-a2a4-dd085f6c7864@group-9ED9FEE0098D: changes role from  FOLLOWER to CANDIDATE at term 205 for changeToCandidate
2019-10-17 06:31:28,412 [Thread-2668] INFO  impl.RoleInfo (RoleInfo.java:updateAndGet(143)) - 0f256f10-8056-416e-a2a4-dd085f6c7864: start LeaderElection
2019-10-17 06:31:28,436 [0f256f10-8056-416e-a2a4-dd085f6c7864@group-9ED9FEE0098D-LeaderElection197] INFO  impl.LeaderElection (LeaderElection.java:askForVotes(178)) - 0f256f10-8056-416e-a2a4-dd085f6c7864@group-9ED9FEE0098D-LeaderElection197: begin an election at term 206 for -1: [2f64f904-2283-4e96-b4e2-6c9018f13084:192.168.34.62:40373, 0f256f10-8056-416e-a2a4-dd085f6c7864:192.168.34.62:35674, 07fb1a7b-fe02-4a56-ac24-3020e88d4db0:192.168.34.62:46434], old=null
2019-10-17 06:31:28,439 [grpc-default-executor-1] INFO  impl.RaftServerImpl (RaftServerImpl.java:setRole(184)) - 2f64f904-2283-4e96-b4e2-6c9018f13084@group-9ED9FEE0098D: changes role from  FOLLOWER to FOLLOWER at term 206 for recognizeCandidate:0f256f10-8056-416e-a2a4-dd085f6c7864
2019-10-17 06:31:28,439 [grpc-default-executor-1] INFO  impl.RoleInfo (RoleInfo.java:shutdownFollowerState(121)) - 2f64f904-2283-4e96-b4e2-6c9018f13084: shutdown FollowerState
2019-10-17 06:31:28,439 [grpc-default-executor-1] INFO  impl.RoleInfo (RoleInfo.java:updateAndGet(143)) - 2f64f904-2283-4e96-b4e2-6c9018f13084: start FollowerState
2019-10-17 06:31:28,439 [Thread-2666] INFO  impl.FollowerState (FollowerState.java:run(117)) - 2f64f904-2283-4e96-b4e2-6c9018f13084@group-9ED9FEE0098D-FollowerState was interrupted: java.lang.InterruptedException: sleep interrupted
2019-10-17 06:31:28,439 [grpc-default-executor-6] INFO  impl.RaftServerImpl (RaftServerImpl.java:setRole(184)) - 07fb1a7b-fe02-4a56-ac24-3020e88d4db0@group-9ED9FEE0098D: changes role from  FOLLOWER to FOLLOWER at term 206 for recognizeCandidate:0f256f10-8056-416e-a2a4-dd085f6c7864
2019-10-17 06:31:28,440 [grpc-default-executor-6] INFO  impl.RoleInfo (RoleInfo.java:shutdownFollowerState(121)) - 07fb1a7b-fe02-4a56-ac24-3020e88d4db0: shutdown FollowerState
2019-10-17 06:31:28,440 [grpc-default-executor-6] INFO  impl.RoleInfo (RoleInfo.java:updateAndGet(143)) - 07fb1a7b-fe02-4a56-ac24-3020e88d4db0: start FollowerState
2019-10-17 06:31:28,440 [Thread-2667] INFO  impl.FollowerState (FollowerState.java:run(117)) - 07fb1a7b-fe02-4a56-ac24-3020e88d4db0@group-9ED9FEE0098D-FollowerState was interrupted: java.lang.InterruptedException: sleep interrupted
2019-10-17 06:31:28,485 [0f256f10-8056-416e-a2a4-dd085f6c7864@group-9ED9FEE0098D-LeaderElection197] INFO  impl.LeaderElection (LeaderElection.java:logAndReturn(56)) - 0f256f10-8056-416e-a2a4-dd085f6c7864@group-9ED9FEE0098D-LeaderElection197: Election REJECTED; received 2 response(s) [0f256f10-8056-416e-a2a4-dd085f6c7864<-2f64f904-2283-4e96-b4e2-6c9018f13084#0:FAIL-t206, 0f256f10-8056-416e-a2a4-dd085f6c7864<-07fb1a7b-fe02-4a56-ac24-3020e88d4db0#0:FAIL-t206] and 0 exception(s); 0f256f10-8056-416e-a2a4-dd085f6c7864@group-9ED9FEE0098D:t206, leader=null, voted=0f256f10-8056-416e-a2a4-dd085f6c7864, raftlog=0f256f10-8056-416e-a2a4-dd085f6c7864@group-9ED9FEE0098D-SegmentedRaftLog:OPENED:c-1,f-1,i0, conf=-1: [2f64f904-2283-4e96-b4e2-6c9018f13084:192.168.34.62:40373, 0f256f10-8056-416e-a2a4-dd085f6c7864:192.168.34.62:35674, 07fb1a7b-fe02-4a56-ac24-3020e88d4db0:192.168.34.62:46434], old=null
2019-10-17 06:31:28,486 [0f256f10-8056-416e-a2a4-dd085f6c7864@group-9ED9FEE0098D-LeaderElection197] INFO  impl.RaftServerImpl (RaftServerImpl.java:setRole(184)) - 0f256f10-8056-416e-a2a4-dd085f6c7864@group-9ED9FEE0098D: changes role from CANDIDATE to FOLLOWER at term 206 for DISCOVERED_A_NEW_TERM
2019-10-17 06:31:28,486 [0f256f10-8056-416e-a2a4-dd085f6c7864@group-9ED9FEE0098D-LeaderElection197] INFO  impl.RoleInfo (RoleInfo.java:shutdownLeaderElection(134)) - 0f256f10-8056-416e-a2a4-dd085f6c7864: shutdown LeaderElection
2019-10-17 06:31:28,486 [0f256f10-8056-416e-a2a4-dd085f6c7864@group-9ED9FEE0098D-LeaderElection197] INFO  impl.RoleInfo (RoleInfo.java:updateAndGet(143)) - 0f256f10-8056-416e-a2a4-dd085f6c7864: start FollowerState
2019-10-17 06:31:28,556 [Thread-2674] INFO  impl.FollowerState (FollowerState.java:run(108)) - 0f256f10-8056-416e-a2a4-dd085f6c7864@group-9ED9FEE0098D-FollowerState: change to CANDIDATE, lastRpcTime:70ms, electionTimeout:70ms
2019-10-17 06:31:28,557 [Thread-2674] INFO  impl.RoleInfo (RoleInfo.java:shutdownFollowerState(121)) - 0f256f10-8056-416e-a2a4-dd085f6c7864: shutdown FollowerState
2019-10-17 06:31:28,557 [Thread-2674] INFO  impl.RaftServerImpl (RaftServerImpl.java:setRole(184)) - 0f256f10-8056-416e-a2a4-dd085f6c7864@group-9ED9FEE0098D: changes role from  FOLLOWER to CANDIDATE at term 206 for changeToCandidate
2019-10-17 06:31:28,557 [Thread-2674] INFO  impl.RoleInfo (RoleInfo.java:updateAndGet(143)) - 0f256f10-8056-416e-a2a4-dd085f6c7864: start LeaderElection
2019-10-17 06:31:28,604 [0f256f10-8056-416e-a2a4-dd085f6c7864@group-9ED9FEE0098D-LeaderElection198] INFO  impl.LeaderElection (LeaderElection.java:askForVotes(178)) - 0f256f10-8056-416e-a2a4-dd085f6c7864@group-9ED9FEE0098D-LeaderElection198: begin an election at term 207 for -1: [2f64f904-2283-4e96-b4e2-6c9018f13084:192.168.34.62:40373, 0f256f10-8056-416e-a2a4-dd085f6c7864:192.168.34.62:35674, 07fb1a7b-fe02-4a56-ac24-3020e88d4db0:192.168.34.62:46434], old=null
2019-10-17 06:31:28,607 [grpc-default-executor-1] INFO  impl.RaftServerImpl (RaftServerImpl.java:setRole(184)) - 2f64f904-2283-4e96-b4e2-6c9018f13084@group-9ED9FEE0098D: changes role from  FOLLOWER to FOLLOWER at term 207 for recognizeCandidate:0f256f10-8056-416e-a2a4-dd085f6c7864
2019-10-17 06:31:28,607 [grpc-default-executor-1] INFO  impl.RoleInfo (RoleInfo.java:shutdownFollowerState(121)) - 2f64f904-2283-4e96-b4e2-6c9018f13084: shutdown FollowerState
2019-10-17 06:31:28,607 [grpc-default-executor-1] INFO  impl.RoleInfo (RoleInfo.java:updateAndGet(143)) - 2f64f904-2283-4e96-b4e2-6c9018f13084: start FollowerState
2019-10-17 06:31:28,607 [Thread-2672] INFO  impl.FollowerState (FollowerState.java:run(117)) - 2f64f904-2283-4e96-b4e2-6c9018f13084@group-9ED9FEE0098D-FollowerState was interrupted: java.lang.InterruptedException: sleep interrupted
2019-10-17 06:31:28,609 [grpc-default-executor-6] INFO  impl.RaftServerImpl (RaftServerImpl.java:setRole(184)) - 07fb1a7b-fe02-4a56-ac24-3020e88d4db0@group-9ED9FEE0098D: changes role from  FOLLOWER to FOLLOWER at term 207 for recognizeCandidate:0f256f10-8056-416e-a2a4-dd085f6c7864
2019-10-17 06:31:28,609 [grpc-default-executor-6] INFO  impl.RoleInfo (RoleInfo.java:shutdownFollowerState(121)) - 07fb1a7b-fe02-4a56-ac24-3020e88d4db0: shutdown FollowerState
2019-10-17 06:31:28,610 [grpc-default-executor-6] INFO  impl.RoleInfo (RoleInfo.java:updateAndGet(143)) - 07fb1a7b-fe02-4a56-ac24-3020e88d4db0: start FollowerState
2019-10-17 06:31:28,610 [Thread-2673] INFO  impl.FollowerState (FollowerState.java:run(117)) - 07fb1a7b-fe02-4a56-ac24-3020e88d4db0@group-9ED9FEE0098D-FollowerState was interrupted: java.lang.InterruptedException: sleep interrupted
2019-10-17 06:31:28,647 [Thread-1202] INFO  ozone.MiniOzoneClusterImpl (MiniOzoneClusterImpl.java:lambda$waitForClusterToBeReady$2(164)) - Waiting for 1 number of pipelines out of 4, to report a leader.
2019-10-17 06:31:28,655 [0f256f10-8056-416e-a2a4-dd085f6c7864@group-9ED9FEE0098D-LeaderElection198] INFO  impl.LeaderElection (LeaderElection.java:logAndReturn(56)) - 0f256f10-8056-416e-a2a4-dd085f6c7864@group-9ED9FEE0098D-LeaderElection198: Election REJECTED; received 2 response(s) [0f256f10-8056-416e-a2a4-dd085f6c7864<-2f64f904-2283-4e96-b4e2-6c9018f13084#0:FAIL-t207, 0f256f10-8056-416e-a2a4-dd085f6c7864<-07fb1a7b-fe02-4a56-ac24-3020e88d4db0#0:FAIL-t207] and 0 exception(s); 0f256f10-8056-416e-a2a4-dd085f6c7864@group-9ED9FEE0098D:t207, leader=null, voted=0f256f10-8056-416e-a2a4-dd085f6c7864, raftlog=0f256f10-8056-416e-a2a4-dd085f6c7864@group-9ED9FEE0098D-SegmentedRaftLog:OPENED:c-1,f-1,i0, conf=-1: [2f64f904-2283-4e96-b4e2-6c9018f13084:192.168.34.62:40373, 0f256f10-8056-416e-a2a4-dd085f6c7864:192.168.34.62:35674, 07fb1a7b-fe02-4a56-ac24-3020e88d4db0:192.168.34.62:46434], old=null
2019-10-17 06:31:28,655 [0f256f10-8056-416e-a2a4-dd085f6c7864@group-9ED9FEE0098D-LeaderElection198] INFO  impl.RaftServerImpl (RaftServerImpl.java:setRole(184)) - 0f256f10-8056-416e-a2a4-dd085f6c7864@group-9ED9FEE0098D: changes role from CANDIDATE to FOLLOWER at term 207 for DISCOVERED_A_NEW_TERM
2019-10-17 06:31:28,655 [0f256f10-8056-416e-a2a4-dd085f6c7864@group-9ED9FEE0098D-LeaderElection198] INFO  impl.RoleInfo (RoleInfo.java:shutdownLeaderElection(134)) - 0f256f10-8056-416e-a2a4-dd085f6c7864: shutdown LeaderElection
2019-10-17 06:31:28,655 [0f256f10-8056-416e-a2a4-dd085f6c7864@group-9ED9FEE0098D-LeaderElection198] INFO  impl.RoleInfo (RoleInfo.java:updateAndGet(143)) - 0f256f10-8056-416e-a2a4-dd085f6c7864: start FollowerState
2019-10-17 06:31:28,741 [Thread-2680] INFO  impl.FollowerState (FollowerState.java:run(108)) - 0f256f10-8056-416e-a2a4-dd085f6c7864@group-9ED9FEE0098D-FollowerState: change to CANDIDATE, lastRpcTime:85ms, electionTimeout:85ms
2019-10-17 06:31:28,741 [Thread-2680] INFO  impl.RoleInfo (RoleInfo.java:shutdownFollowerState(121)) - 0f256f10-8056-416e-a2a4-dd085f6c7864: shutdown FollowerState
2019-10-17 06:31:28,741 [Thread-2680] INFO  impl.RaftServerImpl (RaftServerImpl.java:setRole(184)) - 0f256f10-8056-416e-a2a4-dd085f6c7864@group-9ED9FEE0098D: changes role from  FOLLOWER to CANDIDATE at term 207 for changeToCandidate
2019-10-17 06:31:28,741 [Thread-2680] INFO  impl.RoleInfo (RoleInfo.java:updateAndGet(143)) - 0f256f10-8056-416e-a2a4-dd085f6c7864: start LeaderElection
2019-10-17 06:31:28,766 [0f256f10-8056-416e-a2a4-dd085f6c7864@group-9ED9FEE0098D-LeaderElection199] INFO  impl.LeaderElection (LeaderElection.java:askForVotes(178)) - 0f256f10-8056-416e-a2a4-dd085f6c7864@group-9ED9FEE0098D-LeaderElection199: begin an election at term 208 for -1: [2f64f904-2283-4e96-b4e2-6c9018f13084:192.168.34.62:40373, 0f256f10-8056-416e-a2a4-dd085f6c7864:192.168.34.62:35674, 07fb1a7b-fe02-4a56-ac24-3020e88d4db0:192.168.34.62:46434], old=null
2019-10-17 06:31:28,768 [grpc-default-executor-1] INFO  impl.RaftServerImpl (RaftServerImpl.java:setRole(184)) - 2f64f904-2283-4e96-b4e2-6c9018f13084@group-9ED9FEE0098D: changes role from  FOLLOWER to FOLLOWER at term 208 for recognizeCandidate:0f256f10-8056-416e-a2a4-dd085f6c7864
2019-10-17 06:31:28,768 [grpc-default-executor-6] INFO  impl.RaftServerImpl (RaftServerImpl.java:setRole(184)) - 07fb1a7b-fe02-4a56-ac24-3020e88d4db0@group-9ED9FEE0098D: changes role from  FOLLOWER to FOLLOWER at term 208 for recognizeCandidate:0f256f10-8056-416e-a2a4-dd085f6c7864
2019-10-17 06:31:28,769 [grpc-default-executor-1] INFO  impl.RoleInfo (RoleInfo.java:shutdownFollowerState(121)) - 2f64f904-2283-4e96-b4e2-6c9018f13084: shutdown FollowerState
2019-10-17 06:31:28,769 [grpc-default-executor-6] INFO  impl.RoleInfo (RoleInfo.java:shutdownFollowerState(121)) - 07fb1a7b-fe02-4a56-ac24-3020e88d4db0: shutdown FollowerState
2019-10-17 06:31:28,769 [grpc-default-executor-1] INFO  impl.RoleInfo (RoleInfo.java:updateAndGet(143)) - 2f64f904-2283-4e96-b4e2-6c9018f13084: start FollowerState
2019-10-17 06:31:28,769 [Thread-2679] INFO  impl.FollowerState (FollowerState.java:run(117)) - 07fb1a7b-fe02-4a56-ac24-3020e88d4db0@group-9ED9FEE0098D-FollowerState was interrupted: java.lang.InterruptedException: sleep interrupted
2019-10-17 06:31:28,769 [grpc-default-executor-6] INFO  impl.RoleInfo (RoleInfo.java:updateAndGet(143)) - 07fb1a7b-fe02-4a56-ac24-3020e88d4db0: start FollowerState
2019-10-17 06:31:28,769 [Thread-2678] INFO  impl.FollowerState (FollowerState.java:run(117)) - 2f64f904-2283-4e96-b4e2-6c9018f13084@group-9ED9FEE0098D-FollowerState was interrupted: java.lang.InterruptedException: sleep interrupted
2019-10-17 06:31:28,826 [0f256f10-8056-416e-a2a4-dd085f6c7864@group-9ED9FEE0098D-LeaderElection199] INFO  impl.LeaderElection (LeaderElection.java:logAndReturn(56)) - 0f256f10-8056-416e-a2a4-dd085f6c7864@group-9ED9FEE0098D-LeaderElection199: Election REJECTED; received 2 response(s) [0f256f10-8056-416e-a2a4-dd085f6c7864<-2f64f904-2283-4e96-b4e2-6c9018f13084#0:FAIL-t208, 0f256f10-8056-416e-a2a4-dd085f6c7864<-07fb1a7b-fe02-4a56-ac24-3020e88d4db0#0:FAIL-t208] and 0 exception(s); 0f256f10-8056-416e-a2a4-dd085f6c7864@group-9ED9FEE0098D:t208, leader=null, voted=0f256f10-8056-416e-a2a4-dd085f6c7864, raftlog=0f256f10-8056-416e-a2a4-dd085f6c7864@group-9ED9FEE0098D-SegmentedRaftLog:OPENED:c-1,f-1,i0, conf=-1: [2f64f904-2283-4e96-b4e2-6c9018f13084:192.168.34.62:40373, 0f256f10-8056-416e-a2a4-dd085f6c7864:192.168.34.62:35674, 07fb1a7b-fe02-4a56-ac24-3020e88d4db0:192.168.34.62:46434], old=null
2019-10-17 06:31:28,826 [0f256f10-8056-416e-a2a4-dd085f6c7864@group-9ED9FEE0098D-LeaderElection199] INFO  impl.RaftServerImpl (RaftServerImpl.java:setRole(184)) - 0f256f10-8056-416e-a2a4-dd085f6c7864@group-9ED9FEE0098D: changes role from CANDIDATE to FOLLOWER at term 208 for DISCOVERED_A_NEW_TERM
2019-10-17 06:31:28,826 [0f256f10-8056-416e-a2a4-dd085f6c7864@group-9ED9FEE0098D-LeaderElection199] INFO  impl.RoleInfo (RoleInfo.java:shutdownLeaderElection(134)) - 0f256f10-8056-416e-a2a4-dd085f6c7864: shutdown LeaderElection
2019-10-17 06:31:28,826 [0f256f10-8056-416e-a2a4-dd085f6c7864@group-9ED9FEE0098D-LeaderElection199] INFO  impl.RoleInfo (RoleInfo.java:updateAndGet(143)) - 0f256f10-8056-416e-a2a4-dd085f6c7864: start FollowerState
2019-10-17 06:31:28,927 [Thread-2686] INFO  impl.FollowerState (FollowerState.java:run(108)) - 0f256f10-8056-416e-a2a4-dd085f6c7864@group-9ED9FEE0098D-FollowerState: change to CANDIDATE, lastRpcTime:100ms, electionTimeout:100ms
2019-10-17 06:31:28,927 [Thread-2686] INFO  impl.RoleInfo (RoleInfo.java:shutdownFollowerState(121)) - 0f256f10-8056-416e-a2a4-dd085f6c7864: shutdown FollowerState
2019-10-17 06:31:28,927 [Thread-2686] INFO  impl.RaftServerImpl (RaftServerImpl.java:setRole(184)) - 0f256f10-8056-416e-a2a4-dd085f6c7864@group-9ED9FEE0098D: changes role from  FOLLOWER to CANDIDATE at term 208 for changeToCandidate
2019-10-17 06:31:28,927 [Thread-2686] INFO  impl.RoleInfo (RoleInfo.java:updateAndGet(143)) - 0f256f10-8056-416e-a2a4-dd085f6c7864: start LeaderElection
2019-10-17 06:31:28,942 [0f256f10-8056-416e-a2a4-dd085f6c7864@group-9ED9FEE0098D-LeaderElection200] INFO  impl.LeaderElection (LeaderElection.java:askForVotes(178)) - 0f256f10-8056-416e-a2a4-dd085f6c7864@group-9ED9FEE0098D-LeaderElection200: begin an election at term 209 for -1: [2f64f904-2283-4e96-b4e2-6c9018f13084:192.168.34.62:40373, 0f256f10-8056-416e-a2a4-dd085f6c7864:192.168.34.62:35674, 07fb1a7b-fe02-4a56-ac24-3020e88d4db0:192.168.34.62:46434], old=null
2019-10-17 06:31:28,945 [grpc-default-executor-6] INFO  impl.RaftServerImpl (RaftServerImpl.java:setRole(184)) - 2f64f904-2283-4e96-b4e2-6c9018f13084@group-9ED9FEE0098D: changes role from  FOLLOWER to FOLLOWER at term 209 for recognizeCandidate:0f256f10-8056-416e-a2a4-dd085f6c7864
2019-10-17 06:31:28,945 [grpc-default-executor-1] INFO  impl.RaftServerImpl (RaftServerImpl.java:setRole(184)) - 07fb1a7b-fe02-4a56-ac24-3020e88d4db0@group-9ED9FEE0098D: changes role from  FOLLOWER to FOLLOWER at term 209 for recognizeCandidate:0f256f10-8056-416e-a2a4-dd085f6c7864
2019-10-17 06:31:28,945 [grpc-default-executor-6] INFO  impl.RoleInfo (RoleInfo.java:shutdownFollowerState(121)) - 2f64f904-2283-4e96-b4e2-6c9018f13084: shutdown FollowerState
2019-10-17 06:31:28,945 [grpc-default-executor-1] INFO  impl.RoleInfo (RoleInfo.java:shutdownFollowerState(121)) - 07fb1a7b-fe02-4a56-ac24-3020e88d4db0: shutdown FollowerState
2019-10-17 06:31:28,945 [Thread-2684] INFO  impl.FollowerState (FollowerState.java:run(117)) - 2f64f904-2283-4e96-b4e2-6c9018f13084@group-9ED9FEE0098D-FollowerState was interrupted: java.lang.InterruptedException: sleep interrupted
2019-10-17 06:31:28,945 [grpc-default-executor-6] INFO  impl.RoleInfo (RoleInfo.java:updateAndGet(143)) - 2f64f904-2283-4e96-b4e2-6c9018f13084: start FollowerState
2019-10-17 06:31:28,945 [Thread-2685] INFO  impl.FollowerState (FollowerState.java:run(117)) - 07fb1a7b-fe02-4a56-ac24-3020e88d4db0@group-9ED9FEE0098D-FollowerState was interrupted: java.lang.InterruptedException: sleep interrupted
2019-10-17 06:31:28,945 [grpc-default-executor-1] INFO  impl.RoleInfo (RoleInfo.java:updateAndGet(143)) - 07fb1a7b-fe02-4a56-ac24-3020e88d4db0: start FollowerState
2019-10-17 06:31:28,992 [0f256f10-8056-416e-a2a4-dd085f6c7864@group-9ED9FEE0098D-LeaderElection200] INFO  impl.LeaderElection (LeaderElection.java:logAndReturn(56)) - 0f256f10-8056-416e-a2a4-dd085f6c7864@group-9ED9FEE0098D-LeaderElection200: Election REJECTED; received 2 response(s) [0f256f10-8056-416e-a2a4-dd085f6c7864<-2f64f904-2283-4e96-b4e2-6c9018f13084#0:FAIL-t209, 0f256f10-8056-416e-a2a4-dd085f6c7864<-07fb1a7b-fe02-4a56-ac24-3020e88d4db0#0:FAIL-t209] and 0 exception(s); 0f256f10-8056-416e-a2a4-dd085f6c7864@group-9ED9FEE0098D:t209, leader=null, voted=0f256f10-8056-416e-a2a4-dd085f6c7864, raftlog=0f256f10-8056-416e-a2a4-dd085f6c7864@group-9ED9FEE0098D-SegmentedRaftLog:OPENED:c-1,f-1,i0, conf=-1: [2f64f904-2283-4e96-b4e2-6c9018f13084:192.168.34.62:40373, 0f256f10-8056-416e-a2a4-dd085f6c7864:192.168.34.62:35674, 07fb1a7b-fe02-4a56-ac24-3020e88d4db0:192.168.34.62:46434], old=null
2019-10-17 06:31:28,992 [0f256f10-8056-416e-a2a4-dd085f6c7864@group-9ED9FEE0098D-LeaderElection200] INFO  impl.RaftServerImpl (RaftServerImpl.java:setRole(184)) - 0f256f10-8056-416e-a2a4-dd085f6c7864@group-9ED9FEE0098D: changes role from CANDIDATE to FOLLOWER at term 209 for DISCOVERED_A_NEW_TERM
2019-10-17 06:31:28,992 [0f256f10-8056-416e-a2a4-dd085f6c7864@group-9ED9FEE0098D-LeaderElection200] INFO  impl.RoleInfo (RoleInfo.java:shutdownLeaderElection(134)) - 0f256f10-8056-416e-a2a4-dd085f6c7864: shutdown LeaderElection
2019-10-17 06:31:28,993 [0f256f10-8056-416e-a2a4-dd085f6c7864@group-9ED9FEE0098D-LeaderElection200] INFO  impl.RoleInfo (RoleInfo.java:updateAndGet(143)) - 0f256f10-8056-416e-a2a4-dd085f6c7864: start FollowerState
2019-10-17 06:31:29,015 [Thread-2692] INFO  impl.FollowerState (FollowerState.java:run(108)) - 0f256f10-8056-416e-a2a4-dd085f6c7864@group-9ED9FEE0098D-FollowerState: change to CANDIDATE, lastRpcTime:22ms, electionTimeout:22ms
2019-10-17 06:31:29,015 [Thread-2692] INFO  impl.RoleInfo (RoleInfo.java:shutdownFollowerState(121)) - 0f256f10-8056-416e-a2a4-dd085f6c7864: shutdown FollowerState
2019-10-17 06:31:29,015 [Thread-2692] INFO  impl.RaftServerImpl (RaftServerImpl.java:setRole(184)) - 0f256f10-8056-416e-a2a4-dd085f6c7864@group-9ED9FEE0098D: changes role from  FOLLOWER to CANDIDATE at term 209 for changeToCandidate
2019-10-17 06:31:29,016 [Thread-2692] INFO  impl.RoleInfo (RoleInfo.java:updateAndGet(143)) - 0f256f10-8056-416e-a2a4-dd085f6c7864: start LeaderElection
2019-10-17 06:31:29,059 [0f256f10-8056-416e-a2a4-dd085f6c7864@group-9ED9FEE0098D-LeaderElection201] INFO  impl.LeaderElection (LeaderElection.java:askForVotes(178)) - 0f256f10-8056-416e-a2a4-dd085f6c7864@group-9ED9FEE0098D-LeaderElection201: begin an election at term 210 for -1: [2f64f904-2283-4e96-b4e2-6c9018f13084:192.168.34.62:40373, 0f256f10-8056-416e-a2a4-dd085f6c7864:192.168.34.62:35674, 07fb1a7b-fe02-4a56-ac24-3020e88d4db0:192.168.34.62:46434], old=null
2019-10-17 06:31:29,061 [grpc-default-executor-6] INFO  impl.RaftServerImpl (RaftServerImpl.java:setRole(184)) - 2f64f904-2283-4e96-b4e2-6c9018f13084@group-9ED9FEE0098D: changes role from  FOLLOWER to FOLLOWER at term 210 for recognizeCandidate:0f256f10-8056-416e-a2a4-dd085f6c7864
2019-10-17 06:31:29,061 [grpc-default-executor-6] INFO  impl.RoleInfo (RoleInfo.java:shutdownFollowerState(121)) - 2f64f904-2283-4e96-b4e2-6c9018f13084: shutdown FollowerState
2019-10-17 06:31:29,062 [grpc-default-executor-1] INFO  impl.RaftServerImpl (RaftServerImpl.java:setRole(184)) - 07fb1a7b-fe02-4a56-ac24-3020e88d4db0@group-9ED9FEE0098D: changes role from  FOLLOWER to FOLLOWER at term 210 for recognizeCandidate:0f256f10-8056-416e-a2a4-dd085f6c7864
2019-10-17 06:31:29,062 [Thread-2690] INFO  impl.FollowerState (FollowerState.java:run(117)) - 2f64f904-2283-4e96-b4e2-6c9018f13084@group-9ED9FEE0098D-FollowerState was interrupted: java.lang.InterruptedException: sleep interrupted
2019-10-17 06:31:29,062 [grpc-default-executor-1] INFO  impl.RoleInfo (RoleInfo.java:shutdownFollowerState(121)) - 07fb1a7b-fe02-4a56-ac24-3020e88d4db0: shutdown FollowerState
2019-10-17 06:31:29,062 [grpc-default-executor-6] INFO  impl.RoleInfo (RoleInfo.java:updateAndGet(143)) - 2f64f904-2283-4e96-b4e2-6c9018f13084: start FollowerState
2019-10-17 06:31:29,062 [Thread-2691] INFO  impl.FollowerState (FollowerState.java:run(117)) - 07fb1a7b-fe02-4a56-ac24-3020e88d4db0@group-9ED9FEE0098D-FollowerState was interrupted: java.lang.InterruptedException: sleep interrupted
2019-10-17 06:31:29,062 [grpc-default-executor-1] INFO  impl.RoleInfo (RoleInfo.java:updateAndGet(143)) - 07fb1a7b-fe02-4a56-ac24-3020e88d4db0: start FollowerState
2019-10-17 06:31:29,116 [0f256f10-8056-416e-a2a4-dd085f6c7864@group-9ED9FEE0098D-LeaderElection201] INFO  impl.LeaderElection (LeaderElection.java:logAndReturn(56)) - 0f256f10-8056-416e-a2a4-dd085f6c7864@group-9ED9FEE0098D-LeaderElection201: Election REJECTED; received 2 response(s) [0f256f10-8056-416e-a2a4-dd085f6c7864<-2f64f904-2283-4e96-b4e2-6c9018f13084#0:FAIL-t210, 0f256f10-8056-416e-a2a4-dd085f6c7864<-07fb1a7b-fe02-4a56-ac24-3020e88d4db0#0:FAIL-t210] and 0 exception(s); 0f256f10-8056-416e-a2a4-dd085f6c7864@group-9ED9FEE0098D:t210, leader=null, voted=0f256f10-8056-416e-a2a4-dd085f6c7864, raftlog=0f256f10-8056-416e-a2a4-dd085f6c7864@group-9ED9FEE0098D-SegmentedRaftLog:OPENED:c-1,f-1,i0, conf=-1: [2f64f904-2283-4e96-b4e2-6c9018f13084:192.168.34.62:40373, 0f256f10-8056-416e-a2a4-dd085f6c7864:192.168.34.62:35674, 07fb1a7b-fe02-4a56-ac24-3020e88d4db0:192.168.34.62:46434], old=null
2019-10-17 06:31:29,116 [0f256f10-8056-416e-a2a4-dd085f6c7864@group-9ED9FEE0098D-LeaderElection201] INFO  impl.RaftServerImpl (RaftServerImpl.java:setRole(184)) - 0f256f10-8056-416e-a2a4-dd085f6c7864@group-9ED9FEE0098D: changes role from CANDIDATE to FOLLOWER at term 210 for DISCOVERED_A_NEW_TERM
2019-10-17 06:31:29,116 [0f256f10-8056-416e-a2a4-dd085f6c7864@group-9ED9FEE0098D-LeaderElection201] INFO  impl.RoleInfo (RoleInfo.java:shutdownLeaderElection(134)) - 0f256f10-8056-416e-a2a4-dd085f6c7864: shutdown LeaderElection
2019-10-17 06:31:29,116 [0f256f10-8056-416e-a2a4-dd085f6c7864@group-9ED9FEE0098D-LeaderElection201] INFO  impl.RoleInfo (RoleInfo.java:updateAndGet(143)) - 0f256f10-8056-416e-a2a4-dd085f6c7864: start FollowerState
2019-10-17 06:31:29,225 [Thread-2698] INFO  impl.FollowerState (FollowerState.java:run(108)) - 0f256f10-8056-416e-a2a4-dd085f6c7864@group-9ED9FEE0098D-FollowerState: change to CANDIDATE, lastRpcTime:108ms, electionTimeout:108ms
2019-10-17 06:31:29,225 [Thread-2698] INFO  impl.RoleInfo (RoleInfo.java:shutdownFollowerState(121)) - 0f256f10-8056-416e-a2a4-dd085f6c7864: shutdown FollowerState
2019-10-17 06:31:29,225 [Thread-2698] INFO  impl.RaftServerImpl (RaftServerImpl.java:setRole(184)) - 0f256f10-8056-416e-a2a4-dd085f6c7864@group-9ED9FEE0098D: changes role from  FOLLOWER to CANDIDATE at term 210 for changeToCandidate
2019-10-17 06:31:29,225 [Thread-2698] INFO  impl.RoleInfo (RoleInfo.java:updateAndGet(143)) - 0f256f10-8056-416e-a2a4-dd085f6c7864: start LeaderElection
2019-10-17 06:31:29,240 [0f256f10-8056-416e-a2a4-dd085f6c7864@group-9ED9FEE0098D-LeaderElection202] INFO  impl.LeaderElection (LeaderElection.java:askForVotes(178)) - 0f256f10-8056-416e-a2a4-dd085f6c7864@group-9ED9FEE0098D-LeaderElection202: begin an election at term 211 for -1: [2f64f904-2283-4e96-b4e2-6c9018f13084:192.168.34.62:40373, 0f256f10-8056-416e-a2a4-dd085f6c7864:192.168.34.62:35674, 07fb1a7b-fe02-4a56-ac24-3020e88d4db0:192.168.34.62:46434], old=null
2019-10-17 06:31:29,243 [grpc-default-executor-1] INFO  impl.RaftServerImpl (RaftServerImpl.java:setRole(184)) - 2f64f904-2283-4e96-b4e2-6c9018f13084@group-9ED9FEE0098D: changes role from  FOLLOWER to FOLLOWER at term 211 for recognizeCandidate:0f256f10-8056-416e-a2a4-dd085f6c7864
2019-10-17 06:31:29,243 [grpc-default-executor-1] INFO  impl.RoleInfo (RoleInfo.java:shutdownFollowerState(121)) - 2f64f904-2283-4e96-b4e2-6c9018f13084: shutdown FollowerState
2019-10-17 06:31:29,243 [grpc-default-executor-1] INFO  impl.RoleInfo (RoleInfo.java:updateAndGet(143)) - 2f64f904-2283-4e96-b4e2-6c9018f13084: start FollowerState
2019-10-17 06:31:29,243 [Thread-2696] INFO  impl.FollowerState (FollowerState.java:run(117)) - 2f64f904-2283-4e96-b4e2-6c9018f13084@group-9ED9FEE0098D-FollowerState was interrupted: java.lang.InterruptedException: sleep interrupted
2019-10-17 06:31:29,243 [grpc-default-executor-6] INFO  impl.RaftServerImpl (RaftServerImpl.java:setRole(184)) - 07fb1a7b-fe02-4a56-ac24-3020e88d4db0@group-9ED9FEE0098D: changes role from  FOLLOWER to FOLLOWER at term 211 for recognizeCandidate:0f256f10-8056-416e-a2a4-dd085f6c7864
2019-10-17 06:31:29,243 [grpc-default-executor-6] INFO  impl.RoleInfo (RoleInfo.java:shutdownFollowerState(121)) - 07fb1a7b-fe02-4a56-ac24-3020e88d4db0: shutdown FollowerState
2019-10-17 06:31:29,243 [grpc-default-executor-6] INFO  impl.RoleInfo (RoleInfo.java:updateAndGet(143)) - 07fb1a7b-fe02-4a56-ac24-3020e88d4db0: start FollowerState
2019-10-17 06:31:29,243 [Thread-2697] INFO  impl.FollowerState (FollowerState.java:run(117)) - 07fb1a7b-fe02-4a56-ac24-3020e88d4db0@group-9ED9FEE0098D-FollowerState was interrupted: java.lang.InterruptedException: sleep interrupted
2019-10-17 06:31:29,288 [0f256f10-8056-416e-a2a4-dd085f6c7864@group-9ED9FEE0098D-LeaderElection202] INFO  impl.LeaderElection (LeaderElection.java:logAndReturn(56)) - 0f256f10-8056-416e-a2a4-dd085f6c7864@group-9ED9FEE0098D-LeaderElection202: Election REJECTED; received 2 response(s) [0f256f10-8056-416e-a2a4-dd085f6c7864<-2f64f904-2283-4e96-b4e2-6c9018f13084#0:FAIL-t211, 0f256f10-8056-416e-a2a4-dd085f6c7864<-07fb1a7b-fe02-4a56-ac24-3020e88d4db0#0:FAIL-t211] and 0 exception(s); 0f256f10-8056-416e-a2a4-dd085f6c7864@group-9ED9FEE0098D:t211, leader=null, voted=0f256f10-8056-416e-a2a4-dd085f6c7864, raftlog=0f256f10-8056-416e-a2a4-dd085f6c7864@group-9ED9FEE0098D-SegmentedRaftLog:OPENED:c-1,f-1,i0, conf=-1: [2f64f904-2283-4e96-b4e2-6c9018f13084:192.168.34.62:40373, 0f256f10-8056-416e-a2a4-dd085f6c7864:192.168.34.62:35674, 07fb1a7b-fe02-4a56-ac24-3020e88d4db0:192.168.34.62:46434], old=null
2019-10-17 06:31:29,288 [0f256f10-8056-416e-a2a4-dd085f6c7864@group-9ED9FEE0098D-LeaderElection202] INFO  impl.RaftServerImpl (RaftServerImpl.java:setRole(184)) - 0f256f10-8056-416e-a2a4-dd085f6c7864@group-9ED9FEE0098D: changes role from CANDIDATE to FOLLOWER at term 211 for DISCOVERED_A_NEW_TERM
2019-10-17 06:31:29,288 [0f256f10-8056-416e-a2a4-dd085f6c7864@group-9ED9FEE0098D-LeaderElection202] INFO  impl.RoleInfo (RoleInfo.java:shutdownLeaderElection(134)) - 0f256f10-8056-416e-a2a4-dd085f6c7864: shutdown LeaderElection
2019-10-17 06:31:29,288 [0f256f10-8056-416e-a2a4-dd085f6c7864@group-9ED9FEE0098D-LeaderElection202] INFO  impl.RoleInfo (RoleInfo.java:updateAndGet(143)) - 0f256f10-8056-416e-a2a4-dd085f6c7864: start FollowerState
2019-10-17 06:31:29,459 [Thread-2704] INFO  impl.FollowerState (FollowerState.java:run(108)) - 0f256f10-8056-416e-a2a4-dd085f6c7864@group-9ED9FEE0098D-FollowerState: change to CANDIDATE, lastRpcTime:170ms, electionTimeout:170ms
2019-10-17 06:31:29,459 [Thread-2704] INFO  impl.RoleInfo (RoleInfo.java:shutdownFollowerState(121)) - 0f256f10-8056-416e-a2a4-dd085f6c7864: shutdown FollowerState
2019-10-17 06:31:29,459 [Thread-2704] INFO  impl.RaftServerImpl (RaftServerImpl.java:setRole(184)) - 0f256f10-8056-416e-a2a4-dd085f6c7864@group-9ED9FEE0098D: changes role from  FOLLOWER to CANDIDATE at term 211 for changeToCandidate
2019-10-17 06:31:29,459 [Thread-2704] INFO  impl.RoleInfo (RoleInfo.java:updateAndGet(143)) - 0f256f10-8056-416e-a2a4-dd085f6c7864: start LeaderElection
2019-10-17 06:31:29,522 [0f256f10-8056-416e-a2a4-dd085f6c7864@group-9ED9FEE0098D-LeaderElection203] INFO  impl.LeaderElection (LeaderElection.java:askForVotes(178)) - 0f256f10-8056-416e-a2a4-dd085f6c7864@group-9ED9FEE0098D-LeaderElection203: begin an election at term 212 for -1: [2f64f904-2283-4e96-b4e2-6c9018f13084:192.168.34.62:40373, 0f256f10-8056-416e-a2a4-dd085f6c7864:192.168.34.62:35674, 07fb1a7b-fe02-4a56-ac24-3020e88d4db0:192.168.34.62:46434], old=null
2019-10-17 06:31:29,526 [grpc-default-executor-1] INFO  impl.RaftServerImpl (RaftServerImpl.java:setRole(184)) - 07fb1a7b-fe02-4a56-ac24-3020e88d4db0@group-9ED9FEE0098D: changes role from  FOLLOWER to FOLLOWER at term 212 for recognizeCandidate:0f256f10-8056-416e-a2a4-dd085f6c7864
2019-10-17 06:31:29,526 [grpc-default-executor-1] INFO  impl.RoleInfo (RoleInfo.java:shutdownFollowerState(121)) - 07fb1a7b-fe02-4a56-ac24-3020e88d4db0: shutdown FollowerState
2019-10-17 06:31:29,526 [grpc-default-executor-1] INFO  impl.RoleInfo (RoleInfo.java:updateAndGet(143)) - 07fb1a7b-fe02-4a56-ac24-3020e88d4db0: start FollowerState
2019-10-17 06:31:29,527 [grpc-default-executor-6] INFO  impl.RaftServerImpl (RaftServerImpl.java:setRole(184)) - 2f64f904-2283-4e96-b4e2-6c9018f13084@group-9ED9FEE0098D: changes role from  FOLLOWER to FOLLOWER at term 212 for recognizeCandidate:0f256f10-8056-416e-a2a4-dd085f6c7864
2019-10-17 06:31:29,526 [Thread-2703] INFO  impl.FollowerState (FollowerState.java:run(117)) - 07fb1a7b-fe02-4a56-ac24-3020e88d4db0@group-9ED9FEE0098D-FollowerState was interrupted: java.lang.InterruptedException: sleep interrupted
2019-10-17 06:31:29,527 [grpc-default-executor-6] INFO  impl.RoleInfo (RoleInfo.java:shutdownFollowerState(121)) - 2f64f904-2283-4e96-b4e2-6c9018f13084: shutdown FollowerState
2019-10-17 06:31:29,527 [grpc-default-executor-6] INFO  impl.RoleInfo (RoleInfo.java:updateAndGet(143)) - 2f64f904-2283-4e96-b4e2-6c9018f13084: start FollowerState
2019-10-17 06:31:29,527 [Thread-2702] INFO  impl.FollowerState (FollowerState.java:run(117)) - 2f64f904-2283-4e96-b4e2-6c9018f13084@group-9ED9FEE0098D-FollowerState was interrupted: java.lang.InterruptedException: sleep interrupted
2019-10-17 06:31:29,582 [0f256f10-8056-416e-a2a4-dd085f6c7864@group-9ED9FEE0098D-LeaderElection203] INFO  impl.LeaderElection (LeaderElection.java:logAndReturn(56)) - 0f256f10-8056-416e-a2a4-dd085f6c7864@group-9ED9FEE0098D-LeaderElection203: Election TIMEOUT; received 0 response(s) [] and 0 exception(s); 0f256f10-8056-416e-a2a4-dd085f6c7864@group-9ED9FEE0098D:t212, leader=null, voted=0f256f10-8056-416e-a2a4-dd085f6c7864, raftlog=0f256f10-8056-416e-a2a4-dd085f6c7864@group-9ED9FEE0098D-SegmentedRaftLog:OPENED:c-1,f-1,i0, conf=-1: [2f64f904-2283-4e96-b4e2-6c9018f13084:192.168.34.62:40373, 0f256f10-8056-416e-a2a4-dd085f6c7864:192.168.34.62:35674, 07fb1a7b-fe02-4a56-ac24-3020e88d4db0:192.168.34.62:46434], old=null
2019-10-17 06:31:29,630 [0f256f10-8056-416e-a2a4-dd085f6c7864@group-9ED9FEE0098D-LeaderElection203] INFO  impl.LeaderElection (LeaderElection.java:askForVotes(178)) - 0f256f10-8056-416e-a2a4-dd085f6c7864@group-9ED9FEE0098D-LeaderElection203: begin an election at term 213 for -1: [2f64f904-2283-4e96-b4e2-6c9018f13084:192.168.34.62:40373, 0f256f10-8056-416e-a2a4-dd085f6c7864:192.168.34.62:35674, 07fb1a7b-fe02-4a56-ac24-3020e88d4db0:192.168.34.62:46434], old=null
2019-10-17 06:31:29,632 [grpc-default-executor-6] INFO  impl.RaftServerImpl (RaftServerImpl.java:setRole(184)) - 2f64f904-2283-4e96-b4e2-6c9018f13084@group-9ED9FEE0098D: changes role from  FOLLOWER to FOLLOWER at term 213 for recognizeCandidate:0f256f10-8056-416e-a2a4-dd085f6c7864
2019-10-17 06:31:29,632 [grpc-default-executor-1] INFO  impl.RaftServerImpl (RaftServerImpl.java:setRole(184)) - 07fb1a7b-fe02-4a56-ac24-3020e88d4db0@group-9ED9FEE0098D: changes role from  FOLLOWER to FOLLOWER at term 213 for recognizeCandidate:0f256f10-8056-416e-a2a4-dd085f6c7864
2019-10-17 06:31:29,632 [grpc-default-executor-6] INFO  impl.RoleInfo (RoleInfo.java:shutdownFollowerState(121)) - 2f64f904-2283-4e96-b4e2-6c9018f13084: shutdown FollowerState
2019-10-17 06:31:29,633 [grpc-default-executor-1] INFO  impl.RoleInfo (RoleInfo.java:shutdownFollowerState(121)) - 07fb1a7b-fe02-4a56-ac24-3020e88d4db0: shutdown FollowerState
2019-10-17 06:31:29,633 [Thread-2709] INFO  impl.FollowerState (FollowerState.java:run(117)) - 2f64f904-2283-4e96-b4e2-6c9018f13084@group-9ED9FEE0098D-FollowerState was interrupted: java.lang.InterruptedException: sleep interrupted
2019-10-17 06:31:29,633 [Thread-2708] INFO  impl.FollowerState (FollowerState.java:run(117)) - 07fb1a7b-fe02-4a56-ac24-3020e88d4db0@group-9ED9FEE0098D-FollowerState was interrupted: java.lang.InterruptedException: sleep interrupted
2019-10-17 06:31:29,633 [grpc-default-executor-6] INFO  impl.RoleInfo (RoleInfo.java:updateAndGet(143)) - 2f64f904-2283-4e96-b4e2-6c9018f13084: start FollowerState
2019-10-17 06:31:29,633 [grpc-default-executor-1] INFO  impl.RoleInfo (RoleInfo.java:updateAndGet(143)) - 07fb1a7b-fe02-4a56-ac24-3020e88d4db0: start FollowerState
2019-10-17 06:31:29,647 [Thread-1202] INFO  ozone.MiniOzoneClusterImpl (MiniOzoneClusterImpl.java:lambda$waitForClusterToBeReady$2(164)) - Waiting for 1 number of pipelines out of 4, to report a leader.
2019-10-17 06:31:29,656 [0f256f10-8056-416e-a2a4-dd085f6c7864@group-9ED9FEE0098D-LeaderElection203] INFO  impl.LeaderElection (LeaderElection.java:logAndReturn(56)) - 0f256f10-8056-416e-a2a4-dd085f6c7864@group-9ED9FEE0098D-LeaderElection203: Election TIMEOUT; received 0 response(s) [] and 0 exception(s); 0f256f10-8056-416e-a2a4-dd085f6c7864@group-9ED9FEE0098D:t213, leader=null, voted=0f256f10-8056-416e-a2a4-dd085f6c7864, raftlog=0f256f10-8056-416e-a2a4-dd085f6c7864@group-9ED9FEE0098D-SegmentedRaftLog:OPENED:c-1,f-1,i0, conf=-1: [2f64f904-2283-4e96-b4e2-6c9018f13084:192.168.34.62:40373, 0f256f10-8056-416e-a2a4-dd085f6c7864:192.168.34.62:35674, 07fb1a7b-fe02-4a56-ac24-3020e88d4db0:192.168.34.62:46434], old=null
2019-10-17 06:31:29,730 [0f256f10-8056-416e-a2a4-dd085f6c7864@group-9ED9FEE0098D-LeaderElection203] INFO  impl.LeaderElection (LeaderElection.java:askForVotes(178)) - 0f256f10-8056-416e-a2a4-dd085f6c7864@group-9ED9FEE0098D-LeaderElection203: begin an election at term 214 for -1: [2f64f904-2283-4e96-b4e2-6c9018f13084:192.168.34.62:40373, 0f256f10-8056-416e-a2a4-dd085f6c7864:192.168.34.62:35674, 07fb1a7b-fe02-4a56-ac24-3020e88d4db0:192.168.34.62:46434], old=null
2019-10-17 06:31:29,732 [grpc-default-executor-1] INFO  impl.RaftServerImpl (RaftServerImpl.java:setRole(184)) - 2f64f904-2283-4e96-b4e2-6c9018f13084@group-9ED9FEE0098D: changes role from  FOLLOWER to FOLLOWER at term 214 for recognizeCandidate:0f256f10-8056-416e-a2a4-dd085f6c7864
2019-10-17 06:31:29,732 [grpc-default-executor-6] INFO  impl.RaftServerImpl (RaftServerImpl.java:setRole(184)) - 07fb1a7b-fe02-4a56-ac24-3020e88d4db0@group-9ED9FEE0098D: changes role from  FOLLOWER to FOLLOWER at term 214 for recognizeCandidate:0f256f10-8056-416e-a2a4-dd085f6c7864
2019-10-17 06:31:29,732 [grpc-default-executor-6] INFO  impl.RoleInfo (RoleInfo.java:shutdownFollowerState(121)) - 07fb1a7b-fe02-4a56-ac24-3020e88d4db0: shutdown FollowerState
2019-10-17 06:31:29,732 [grpc-default-executor-1] INFO  impl.RoleInfo (RoleInfo.java:shutdownFollowerState(121)) - 2f64f904-2283-4e96-b4e2-6c9018f13084: shutdown FollowerState
2019-10-17 06:31:29,732 [Thread-2713] INFO  impl.FollowerState (FollowerState.java:run(117)) - 07fb1a7b-fe02-4a56-ac24-3020e88d4db0@group-9ED9FEE0098D-FollowerState was interrupted: java.lang.InterruptedException: sleep interrupted
2019-10-17 06:31:29,732 [grpc-default-executor-6] INFO  impl.RoleInfo (RoleInfo.java:updateAndGet(143)) - 07fb1a7b-fe02-4a56-ac24-3020e88d4db0: start FollowerState
2019-10-17 06:31:29,733 [Thread-2712] INFO  impl.FollowerState (FollowerState.java:run(117)) - 2f64f904-2283-4e96-b4e2-6c9018f13084@group-9ED9FEE0098D-FollowerState was interrupted: java.lang.InterruptedException: sleep interrupted
2019-10-17 06:31:29,733 [grpc-default-executor-1] INFO  impl.RoleInfo (RoleInfo.java:updateAndGet(143)) - 2f64f904-2283-4e96-b4e2-6c9018f13084: start FollowerState
2019-10-17 06:31:29,800 [0f256f10-8056-416e-a2a4-dd085f6c7864@group-9ED9FEE0098D-LeaderElection203] INFO  impl.LeaderElection (LeaderElection.java:logAndReturn(56)) - 0f256f10-8056-416e-a2a4-dd085f6c7864@group-9ED9FEE0098D-LeaderElection203: Election REJECTED; received 2 response(s) [0f256f10-8056-416e-a2a4-dd085f6c7864<-2f64f904-2283-4e96-b4e2-6c9018f13084#0:FAIL-t214, 0f256f10-8056-416e-a2a4-dd085f6c7864<-07fb1a7b-fe02-4a56-ac24-3020e88d4db0#0:FAIL-t214] and 0 exception(s); 0f256f10-8056-416e-a2a4-dd085f6c7864@group-9ED9FEE0098D:t214, leader=null, voted=0f256f10-8056-416e-a2a4-dd085f6c7864, raftlog=0f256f10-8056-416e-a2a4-dd085f6c7864@group-9ED9FEE0098D-SegmentedRaftLog:OPENED:c-1,f-1,i0, conf=-1: [2f64f904-2283-4e96-b4e2-6c9018f13084:192.168.34.62:40373, 0f256f10-8056-416e-a2a4-dd085f6c7864:192.168.34.62:35674, 07fb1a7b-fe02-4a56-ac24-3020e88d4db0:192.168.34.62:46434], old=null
2019-10-17 06:31:29,800 [0f256f10-8056-416e-a2a4-dd085f6c7864@group-9ED9FEE0098D-LeaderElection203] INFO  impl.RaftServerImpl (RaftServerImpl.java:setRole(184)) - 0f256f10-8056-416e-a2a4-dd085f6c7864@group-9ED9FEE0098D: changes role from CANDIDATE to FOLLOWER at term 214 for DISCOVERED_A_NEW_TERM
2019-10-17 06:31:29,800 [0f256f10-8056-416e-a2a4-dd085f6c7864@group-9ED9FEE0098D-LeaderElection203] INFO  impl.RoleInfo (RoleInfo.java:shutdownLeaderElection(134)) - 0f256f10-8056-416e-a2a4-dd085f6c7864: shutdown LeaderElection
2019-10-17 06:31:29,800 [0f256f10-8056-416e-a2a4-dd085f6c7864@group-9ED9FEE0098D-LeaderElection203] INFO  impl.RoleInfo (RoleInfo.java:updateAndGet(143)) - 0f256f10-8056-416e-a2a4-dd085f6c7864: start FollowerState
2019-10-17 06:31:29,875 [Thread-2718] INFO  impl.FollowerState (FollowerState.java:run(108)) - 0f256f10-8056-416e-a2a4-dd085f6c7864@group-9ED9FEE0098D-FollowerState: change to CANDIDATE, lastRpcTime:74ms, electionTimeout:74ms
2019-10-17 06:31:29,875 [Thread-2718] INFO  impl.RoleInfo (RoleInfo.java:shutdownFollowerState(121)) - 0f256f10-8056-416e-a2a4-dd085f6c7864: shutdown FollowerState
2019-10-17 06:31:29,875 [Thread-2718] INFO  impl.RaftServerImpl (RaftServerImpl.java:setRole(184)) - 0f256f10-8056-416e-a2a4-dd085f6c7864@group-9ED9FEE0098D: changes role from  FOLLOWER to CANDIDATE at term 214 for changeToCandidate
2019-10-17 06:31:29,875 [Thread-2718] INFO  impl.RoleInfo (RoleInfo.java:updateAndGet(143)) - 0f256f10-8056-416e-a2a4-dd085f6c7864: start LeaderElection
2019-10-17 06:31:29,922 [0f256f10-8056-416e-a2a4-dd085f6c7864@group-9ED9FEE0098D-LeaderElection204] INFO  impl.LeaderElection (LeaderElection.java:askForVotes(178)) - 0f256f10-8056-416e-a2a4-dd085f6c7864@group-9ED9FEE0098D-LeaderElection204: begin an election at term 215 for -1: [2f64f904-2283-4e96-b4e2-6c9018f13084:192.168.34.62:40373, 0f256f10-8056-416e-a2a4-dd085f6c7864:192.168.34.62:35674, 07fb1a7b-fe02-4a56-ac24-3020e88d4db0:192.168.34.62:46434], old=null
2019-10-17 06:31:29,925 [grpc-default-executor-6] INFO  impl.RaftServerImpl (RaftServerImpl.java:setRole(184)) - 2f64f904-2283-4e96-b4e2-6c9018f13084@group-9ED9FEE0098D: changes role from  FOLLOWER to FOLLOWER at term 215 for recognizeCandidate:0f256f10-8056-416e-a2a4-dd085f6c7864
2019-10-17 06:31:29,925 [grpc-default-executor-1] INFO  impl.RaftServerImpl (RaftServerImpl.java:setRole(184)) - 07fb1a7b-fe02-4a56-ac24-3020e88d4db0@group-9ED9FEE0098D: changes role from  FOLLOWER to FOLLOWER at term 215 for recognizeCandidate:0f256f10-8056-416e-a2a4-dd085f6c7864
2019-10-17 06:31:29,925 [grpc-default-executor-6] INFO  impl.RoleInfo (RoleInfo.java:shutdownFollowerState(121)) - 2f64f904-2283-4e96-b4e2-6c9018f13084: shutdown FollowerState
2019-10-17 06:31:29,925 [grpc-default-executor-1] INFO  impl.RoleInfo (RoleInfo.java:shutdownFollowerState(121)) - 07fb1a7b-fe02-4a56-ac24-3020e88d4db0: shutdown FollowerState
2019-10-17 06:31:29,925 [Thread-2717] INFO  impl.FollowerState (FollowerState.java:run(117)) - 2f64f904-2283-4e96-b4e2-6c9018f13084@group-9ED9FEE0098D-FollowerState was interrupted: java.lang.InterruptedException: sleep interrupted
2019-10-17 06:31:29,925 [grpc-default-executor-6] INFO  impl.RoleInfo (RoleInfo.java:updateAndGet(143)) - 2f64f904-2283-4e96-b4e2-6c9018f13084: start FollowerState
2019-10-17 06:31:29,925 [Thread-2716] INFO  impl.FollowerState (FollowerState.java:run(117)) - 07fb1a7b-fe02-4a56-ac24-3020e88d4db0@group-9ED9FEE0098D-FollowerState was interrupted: java.lang.InterruptedException: sleep interrupted
2019-10-17 06:31:29,925 [grpc-default-executor-1] INFO  impl.RoleInfo (RoleInfo.java:updateAndGet(143)) - 07fb1a7b-fe02-4a56-ac24-3020e88d4db0: start FollowerState
2019-10-17 06:31:29,935 [0f256f10-8056-416e-a2a4-dd085f6c7864@group-9ED9FEE0098D-LeaderElection204] INFO  impl.LeaderElection (LeaderElection.java:logAndReturn(56)) - 0f256f10-8056-416e-a2a4-dd085f6c7864@group-9ED9FEE0098D-LeaderElection204: Election TIMEOUT; received 0 response(s) [] and 0 exception(s); 0f256f10-8056-416e-a2a4-dd085f6c7864@group-9ED9FEE0098D:t215, leader=null, voted=0f256f10-8056-416e-a2a4-dd085f6c7864, raftlog=0f256f10-8056-416e-a2a4-dd085f6c7864@group-9ED9FEE0098D-SegmentedRaftLog:OPENED:c-1,f-1,i0, conf=-1: [2f64f904-2283-4e96-b4e2-6c9018f13084:192.168.34.62:40373, 0f256f10-8056-416e-a2a4-dd085f6c7864:192.168.34.62:35674, 07fb1a7b-fe02-4a56-ac24-3020e88d4db0:192.168.34.62:46434], old=null
2019-10-17 06:31:29,993 [0f256f10-8056-416e-a2a4-dd085f6c7864@group-9ED9FEE0098D-LeaderElection204] INFO  impl.LeaderElection (LeaderElection.java:askForVotes(178)) - 0f256f10-8056-416e-a2a4-dd085f6c7864@group-9ED9FEE0098D-LeaderElection204: begin an election at term 216 for -1: [2f64f904-2283-4e96-b4e2-6c9018f13084:192.168.34.62:40373, 0f256f10-8056-416e-a2a4-dd085f6c7864:192.168.34.62:35674, 07fb1a7b-fe02-4a56-ac24-3020e88d4db0:192.168.34.62:46434], old=null
2019-10-17 06:31:29,996 [grpc-default-executor-1] INFO  impl.RaftServerImpl (RaftServerImpl.java:setRole(184)) - 2f64f904-2283-4e96-b4e2-6c9018f13084@group-9ED9FEE0098D: changes role from  FOLLOWER to FOLLOWER at term 216 for recognizeCandidate:0f256f10-8056-416e-a2a4-dd085f6c7864
2019-10-17 06:31:29,996 [grpc-default-executor-6] INFO  impl.RaftServerImpl (RaftServerImpl.java:setRole(184)) - 07fb1a7b-fe02-4a56-ac24-3020e88d4db0@group-9ED9FEE0098D: changes role from  FOLLOWER to FOLLOWER at term 216 for recognizeCandidate:0f256f10-8056-416e-a2a4-dd085f6c7864
2019-10-17 06:31:29,996 [grpc-default-executor-6] INFO  impl.RoleInfo (RoleInfo.java:shutdownFollowerState(121)) - 07fb1a7b-fe02-4a56-ac24-3020e88d4db0: shutdown FollowerState
2019-10-17 06:31:29,996 [grpc-default-executor-1] INFO  impl.RoleInfo (RoleInfo.java:shutdownFollowerState(121)) - 2f64f904-2283-4e96-b4e2-6c9018f13084: shutdown FollowerState
2019-10-17 06:31:29,996 [Thread-2723] INFO  impl.FollowerState (FollowerState.java:run(117)) - 07fb1a7b-fe02-4a56-ac24-3020e88d4db0@group-9ED9FEE0098D-FollowerState was interrupted: java.lang.InterruptedException: sleep interrupted
2019-10-17 06:31:29,996 [grpc-default-executor-6] INFO  impl.RoleInfo (RoleInfo.java:updateAndGet(143)) - 07fb1a7b-fe02-4a56-ac24-3020e88d4db0: start FollowerState
2019-10-17 06:31:29,996 [Thread-2722] INFO  impl.FollowerState (FollowerState.java:run(117)) - 2f64f904-2283-4e96-b4e2-6c9018f13084@group-9ED9FEE0098D-FollowerState was interrupted: java.lang.InterruptedException: sleep interrupted
2019-10-17 06:31:29,996 [grpc-default-executor-1] INFO  impl.RoleInfo (RoleInfo.java:updateAndGet(143)) - 2f64f904-2283-4e96-b4e2-6c9018f13084: start FollowerState
2019-10-17 06:31:30,096 [0f256f10-8056-416e-a2a4-dd085f6c7864@group-9ED9FEE0098D-LeaderElection204] INFO  impl.LeaderElection (LeaderElection.java:logAndReturn(56)) - 0f256f10-8056-416e-a2a4-dd085f6c7864@group-9ED9FEE0098D-LeaderElection204: Election TIMEOUT; received 0 response(s) [] and 0 exception(s); 0f256f10-8056-416e-a2a4-dd085f6c7864@group-9ED9FEE0098D:t216, leader=null, voted=0f256f10-8056-416e-a2a4-dd085f6c7864, raftlog=0f256f10-8056-416e-a2a4-dd085f6c7864@group-9ED9FEE0098D-SegmentedRaftLog:OPENED:c-1,f-1,i0, conf=-1: [2f64f904-2283-4e96-b4e2-6c9018f13084:192.168.34.62:40373, 0f256f10-8056-416e-a2a4-dd085f6c7864:192.168.34.62:35674, 07fb1a7b-fe02-4a56-ac24-3020e88d4db0:192.168.34.62:46434], old=null
2019-10-17 06:31:30,162 [0f256f10-8056-416e-a2a4-dd085f6c7864@group-9ED9FEE0098D-LeaderElection204] INFO  impl.LeaderElection (LeaderElection.java:askForVotes(178)) - 0f256f10-8056-416e-a2a4-dd085f6c7864@group-9ED9FEE0098D-LeaderElection204: begin an election at term 217 for -1: [2f64f904-2283-4e96-b4e2-6c9018f13084:192.168.34.62:40373, 0f256f10-8056-416e-a2a4-dd085f6c7864:192.168.34.62:35674, 07fb1a7b-fe02-4a56-ac24-3020e88d4db0:192.168.34.62:46434], old=null
2019-10-17 06:31:30,164 [grpc-default-executor-1] INFO  impl.RaftServerImpl (RaftServerImpl.java:setRole(184)) - 07fb1a7b-fe02-4a56-ac24-3020e88d4db0@group-9ED9FEE0098D: changes role from  FOLLOWER to FOLLOWER at term 217 for recognizeCandidate:0f256f10-8056-416e-a2a4-dd085f6c7864
2019-10-17 06:31:30,164 [grpc-default-executor-6] INFO  impl.RaftServerImpl (RaftServerImpl.java:setRole(184)) - 2f64f904-2283-4e96-b4e2-6c9018f13084@group-9ED9FEE0098D: changes role from  FOLLOWER to FOLLOWER at term 217 for recognizeCandidate:0f256f10-8056-416e-a2a4-dd085f6c7864
2019-10-17 06:31:30,164 [grpc-default-executor-1] INFO  impl.RoleInfo (RoleInfo.java:shutdownFollowerState(121)) - 07fb1a7b-fe02-4a56-ac24-3020e88d4db0: shutdown FollowerState
2019-10-17 06:31:30,164 [grpc-default-executor-6] INFO  impl.RoleInfo (RoleInfo.java:shutdownFollowerState(121)) - 2f64f904-2283-4e96-b4e2-6c9018f13084: shutdown FollowerState
2019-10-17 06:31:30,165 [Thread-2726] INFO  impl.FollowerState (FollowerState.java:run(117)) - 07fb1a7b-fe02-4a56-ac24-3020e88d4db0@group-9ED9FEE0098D-FollowerState was interrupted: java.lang.InterruptedException: sleep interrupted
2019-10-17 06:31:30,164 [grpc-default-executor-1] INFO  impl.RoleInfo (RoleInfo.java:updateAndGet(143)) - 07fb1a7b-fe02-4a56-ac24-3020e88d4db0: start FollowerState
2019-10-17 06:31:30,165 [Thread-2727] INFO  impl.FollowerState (FollowerState.java:run(117)) - 2f64f904-2283-4e96-b4e2-6c9018f13084@group-9ED9FEE0098D-FollowerState was interrupted: java.lang.InterruptedException: sleep interrupted
2019-10-17 06:31:30,165 [grpc-default-executor-6] INFO  impl.RoleInfo (RoleInfo.java:updateAndGet(143)) - 2f64f904-2283-4e96-b4e2-6c9018f13084: start FollowerState
2019-10-17 06:31:30,189 [0f256f10-8056-416e-a2a4-dd085f6c7864@group-9ED9FEE0098D-LeaderElection204] INFO  impl.LeaderElection (LeaderElection.java:logAndReturn(56)) - 0f256f10-8056-416e-a2a4-dd085f6c7864@group-9ED9FEE0098D-LeaderElection204: Election TIMEOUT; received 0 response(s) [] and 0 exception(s); 0f256f10-8056-416e-a2a4-dd085f6c7864@group-9ED9FEE0098D:t217, leader=null, voted=0f256f10-8056-416e-a2a4-dd085f6c7864, raftlog=0f256f10-8056-416e-a2a4-dd085f6c7864@group-9ED9FEE0098D-SegmentedRaftLog:OPENED:c-1,f-1,i0, conf=-1: [2f64f904-2283-4e96-b4e2-6c9018f13084:192.168.34.62:40373, 0f256f10-8056-416e-a2a4-dd085f6c7864:192.168.34.62:35674, 07fb1a7b-fe02-4a56-ac24-3020e88d4db0:192.168.34.62:46434], old=null
2019-10-17 06:31:30,227 [0f256f10-8056-416e-a2a4-dd085f6c7864@group-9ED9FEE0098D-LeaderElection204] INFO  impl.LeaderElection (LeaderElection.java:askForVotes(178)) - 0f256f10-8056-416e-a2a4-dd085f6c7864@group-9ED9FEE0098D-LeaderElection204: begin an election at term 218 for -1: [2f64f904-2283-4e96-b4e2-6c9018f13084:192.168.34.62:40373, 0f256f10-8056-416e-a2a4-dd085f6c7864:192.168.34.62:35674, 07fb1a7b-fe02-4a56-ac24-3020e88d4db0:192.168.34.62:46434], old=null
2019-10-17 06:31:30,229 [grpc-default-executor-6] INFO  impl.RaftServerImpl (RaftServerImpl.java:setRole(184)) - 2f64f904-2283-4e96-b4e2-6c9018f13084@group-9ED9FEE0098D: changes role from  FOLLOWER to FOLLOWER at term 218 for recognizeCandidate:0f256f10-8056-416e-a2a4-dd085f6c7864
2019-10-17 06:31:30,229 [grpc-default-executor-6] INFO  impl.RoleInfo (RoleInfo.java:shutdownFollowerState(121)) - 2f64f904-2283-4e96-b4e2-6c9018f13084: shutdown FollowerState
2019-10-17 06:31:30,229 [grpc-default-executor-1] INFO  impl.RaftServerImpl (RaftServerImpl.java:setRole(184)) - 07fb1a7b-fe02-4a56-ac24-3020e88d4db0@group-9ED9FEE0098D: changes role from  FOLLOWER to FOLLOWER at term 218 for recognizeCandidate:0f256f10-8056-416e-a2a4-dd085f6c7864
2019-10-17 06:31:30,229 [grpc-default-executor-1] INFO  impl.RoleInfo (RoleInfo.java:shutdownFollowerState(121)) - 07fb1a7b-fe02-4a56-ac24-3020e88d4db0: shutdown FollowerState
2019-10-17 06:31:30,229 [Thread-2731] INFO  impl.FollowerState (FollowerState.java:run(117)) - 2f64f904-2283-4e96-b4e2-6c9018f13084@group-9ED9FEE0098D-FollowerState was interrupted: java.lang.InterruptedException: sleep interrupted
2019-10-17 06:31:30,229 [grpc-default-executor-6] INFO  impl.RoleInfo (RoleInfo.java:updateAndGet(143)) - 2f64f904-2283-4e96-b4e2-6c9018f13084: start FollowerState
2019-10-17 06:31:30,229 [Thread-2730] INFO  impl.FollowerState (FollowerState.java:run(117)) - 07fb1a7b-fe02-4a56-ac24-3020e88d4db0@group-9ED9FEE0098D-FollowerState was interrupted: java.lang.InterruptedException: sleep interrupted
2019-10-17 06:31:30,229 [grpc-default-executor-1] INFO  impl.RoleInfo (RoleInfo.java:updateAndGet(143)) - 07fb1a7b-fe02-4a56-ac24-3020e88d4db0: start FollowerState
2019-10-17 06:31:30,298 [0f256f10-8056-416e-a2a4-dd085f6c7864@group-9ED9FEE0098D-LeaderElection204] INFO  impl.LeaderElection (LeaderElection.java:logAndReturn(56)) - 0f256f10-8056-416e-a2a4-dd085f6c7864@group-9ED9FEE0098D-LeaderElection204: Election REJECTED; received 2 response(s) [0f256f10-8056-416e-a2a4-dd085f6c7864<-2f64f904-2283-4e96-b4e2-6c9018f13084#0:FAIL-t218, 0f256f10-8056-416e-a2a4-dd085f6c7864<-07fb1a7b-fe02-4a56-ac24-3020e88d4db0#0:FAIL-t218] and 0 exception(s); 0f256f10-8056-416e-a2a4-dd085f6c7864@group-9ED9FEE0098D:t218, leader=null, voted=0f256f10-8056-416e-a2a4-dd085f6c7864, raftlog=0f256f10-8056-416e-a2a4-dd085f6c7864@group-9ED9FEE0098D-SegmentedRaftLog:OPENED:c-1,f-1,i0, conf=-1: [2f64f904-2283-4e96-b4e2-6c9018f13084:192.168.34.62:40373, 0f256f10-8056-416e-a2a4-dd085f6c7864:192.168.34.62:35674, 07fb1a7b-fe02-4a56-ac24-3020e88d4db0:192.168.34.62:46434], old=null
2019-10-17 06:31:30,298 [0f256f10-8056-416e-a2a4-dd085f6c7864@group-9ED9FEE0098D-LeaderElection204] INFO  impl.RaftServerImpl (RaftServerImpl.java:setRole(184)) - 0f256f10-8056-416e-a2a4-dd085f6c7864@group-9ED9FEE0098D: changes role from CANDIDATE to FOLLOWER at term 218 for DISCOVERED_A_NEW_TERM
2019-10-17 06:31:30,298 [0f256f10-8056-416e-a2a4-dd085f6c7864@group-9ED9FEE0098D-LeaderElection204] INFO  impl.RoleInfo (RoleInfo.java:shutdownLeaderElection(134)) - 0f256f10-8056-416e-a2a4-dd085f6c7864: shutdown LeaderElection
2019-10-17 06:31:30,298 [0f256f10-8056-416e-a2a4-dd085f6c7864@group-9ED9FEE0098D-LeaderElection204] INFO  impl.RoleInfo (RoleInfo.java:updateAndGet(143)) - 0f256f10-8056-416e-a2a4-dd085f6c7864: start FollowerState
2019-10-17 06:31:30,402 [Thread-2736] INFO  impl.FollowerState (FollowerState.java:run(108)) - 0f256f10-8056-416e-a2a4-dd085f6c7864@group-9ED9FEE0098D-FollowerState: change to CANDIDATE, lastRpcTime:103ms, electionTimeout:103ms
2019-10-17 06:31:30,402 [Thread-2736] INFO  impl.RoleInfo (RoleInfo.java:shutdownFollowerState(121)) - 0f256f10-8056-416e-a2a4-dd085f6c7864: shutdown FollowerState
2019-10-17 06:31:30,402 [Thread-2736] INFO  impl.RaftServerImpl (RaftServerImpl.java:setRole(184)) - 0f256f10-8056-416e-a2a4-dd085f6c7864@group-9ED9FEE0098D: changes role from  FOLLOWER to CANDIDATE at term 218 for changeToCandidate
2019-10-17 06:31:30,402 [Thread-2736] INFO  impl.RoleInfo (RoleInfo.java:updateAndGet(143)) - 0f256f10-8056-416e-a2a4-dd085f6c7864: start LeaderElection
2019-10-17 06:31:30,459 [0f256f10-8056-416e-a2a4-dd085f6c7864@group-9ED9FEE0098D-LeaderElection205] INFO  impl.LeaderElection (LeaderElection.java:askForVotes(178)) - 0f256f10-8056-416e-a2a4-dd085f6c7864@group-9ED9FEE0098D-LeaderElection205: begin an election at term 219 for -1: [2f64f904-2283-4e96-b4e2-6c9018f13084:192.168.34.62:40373, 0f256f10-8056-416e-a2a4-dd085f6c7864:192.168.34.62:35674, 07fb1a7b-fe02-4a56-ac24-3020e88d4db0:192.168.34.62:46434], old=null
2019-10-17 06:31:30,462 [grpc-default-executor-6] INFO  impl.RaftServerImpl (RaftServerImpl.java:setRole(184)) - 07fb1a7b-fe02-4a56-ac24-3020e88d4db0@group-9ED9FEE0098D: changes role from  FOLLOWER to FOLLOWER at term 219 for recognizeCandidate:0f256f10-8056-416e-a2a4-dd085f6c7864
2019-10-17 06:31:30,462 [grpc-default-executor-6] INFO  impl.RoleInfo (RoleInfo.java:shutdownFollowerState(121)) - 07fb1a7b-fe02-4a56-ac24-3020e88d4db0: shutdown FollowerState
2019-10-17 06:31:30,462 [grpc-default-executor-6] INFO  impl.RoleInfo (RoleInfo.java:updateAndGet(143)) - 07fb1a7b-fe02-4a56-ac24-3020e88d4db0: start FollowerState
2019-10-17 06:31:30,462 [grpc-default-executor-1] INFO  impl.RaftServerImpl (RaftServerImpl.java:setRole(184)) - 2f64f904-2283-4e96-b4e2-6c9018f13084@group-9ED9FEE0098D: changes role from  FOLLOWER to FOLLOWER at term 219 for recognizeCandidate:0f256f10-8056-416e-a2a4-dd085f6c7864
2019-10-17 06:31:30,462 [Thread-2735] INFO  impl.FollowerState (FollowerState.java:run(117)) - 07fb1a7b-fe02-4a56-ac24-3020e88d4db0@group-9ED9FEE0098D-FollowerState was interrupted: java.lang.InterruptedException: sleep interrupted
2019-10-17 06:31:30,462 [grpc-default-executor-1] INFO  impl.RoleInfo (RoleInfo.java:shutdownFollowerState(121)) - 2f64f904-2283-4e96-b4e2-6c9018f13084: shutdown FollowerState
2019-10-17 06:31:30,462 [grpc-default-executor-1] INFO  impl.RoleInfo (RoleInfo.java:updateAndGet(143)) - 2f64f904-2283-4e96-b4e2-6c9018f13084: start FollowerState
2019-10-17 06:31:30,462 [Thread-2734] INFO  impl.FollowerState (FollowerState.java:run(117)) - 2f64f904-2283-4e96-b4e2-6c9018f13084@group-9ED9FEE0098D-FollowerState was interrupted: java.lang.InterruptedException: sleep interrupted
2019-10-17 06:31:30,507 [0f256f10-8056-416e-a2a4-dd085f6c7864@group-9ED9FEE0098D-LeaderElection205] INFO  impl.LeaderElection (LeaderElection.java:logAndReturn(56)) - 0f256f10-8056-416e-a2a4-dd085f6c7864@group-9ED9FEE0098D-LeaderElection205: Election REJECTED; received 2 response(s) [0f256f10-8056-416e-a2a4-dd085f6c7864<-2f64f904-2283-4e96-b4e2-6c9018f13084#0:FAIL-t219, 0f256f10-8056-416e-a2a4-dd085f6c7864<-07fb1a7b-fe02-4a56-ac24-3020e88d4db0#0:FAIL-t219] and 0 exception(s); 0f256f10-8056-416e-a2a4-dd085f6c7864@group-9ED9FEE0098D:t219, leader=null, voted=0f256f10-8056-416e-a2a4-dd085f6c7864, raftlog=0f256f10-8056-416e-a2a4-dd085f6c7864@group-9ED9FEE0098D-SegmentedRaftLog:OPENED:c-1,f-1,i0, conf=-1: [2f64f904-2283-4e96-b4e2-6c9018f13084:192.168.34.62:40373, 0f256f10-8056-416e-a2a4-dd085f6c7864:192.168.34.62:35674, 07fb1a7b-fe02-4a56-ac24-3020e88d4db0:192.168.34.62:46434], old=null
2019-10-17 06:31:30,507 [0f256f10-8056-416e-a2a4-dd085f6c7864@group-9ED9FEE0098D-LeaderElection205] INFO  impl.RaftServerImpl (RaftServerImpl.java:setRole(184)) - 0f256f10-8056-416e-a2a4-dd085f6c7864@group-9ED9FEE0098D: changes role from CANDIDATE to FOLLOWER at term 219 for DISCOVERED_A_NEW_TERM
2019-10-17 06:31:30,507 [0f256f10-8056-416e-a2a4-dd085f6c7864@group-9ED9FEE0098D-LeaderElection205] INFO  impl.RoleInfo (RoleInfo.java:shutdownLeaderElection(134)) - 0f256f10-8056-416e-a2a4-dd085f6c7864: shutdown LeaderElection
2019-10-17 06:31:30,507 [0f256f10-8056-416e-a2a4-dd085f6c7864@group-9ED9FEE0098D-LeaderElection205] INFO  impl.RoleInfo (RoleInfo.java:updateAndGet(143)) - 0f256f10-8056-416e-a2a4-dd085f6c7864: start FollowerState
2019-10-17 06:31:30,633 [Thread-2742] INFO  impl.FollowerState (FollowerState.java:run(108)) - 0f256f10-8056-416e-a2a4-dd085f6c7864@group-9ED9FEE0098D-FollowerState: change to CANDIDATE, lastRpcTime:125ms, electionTimeout:125ms
2019-10-17 06:31:30,633 [Thread-2742] INFO  impl.RoleInfo (RoleInfo.java:shutdownFollowerState(121)) - 0f256f10-8056-416e-a2a4-dd085f6c7864: shutdown FollowerState
2019-10-17 06:31:30,633 [Thread-2742] INFO  impl.RaftServerImpl (RaftServerImpl.java:setRole(184)) - 0f256f10-8056-416e-a2a4-dd085f6c7864@group-9ED9FEE0098D: changes role from  FOLLOWER to CANDIDATE at term 219 for changeToCandidate
2019-10-17 06:31:30,633 [Thread-2742] INFO  impl.RoleInfo (RoleInfo.java:updateAndGet(143)) - 0f256f10-8056-416e-a2a4-dd085f6c7864: start LeaderElection
2019-10-17 06:31:30,648 [Thread-1202] INFO  ozone.MiniOzoneClusterImpl (MiniOzoneClusterImpl.java:lambda$waitForClusterToBeReady$2(164)) - Waiting for 1 number of pipelines out of 4, to report a leader.
2019-10-17 06:31:30,689 [0f256f10-8056-416e-a2a4-dd085f6c7864@group-9ED9FEE0098D-LeaderElection206] INFO  impl.LeaderElection (LeaderElection.java:askForVotes(178)) - 0f256f10-8056-416e-a2a4-dd085f6c7864@group-9ED9FEE0098D-LeaderElection206: begin an election at term 220 for -1: [2f64f904-2283-4e96-b4e2-6c9018f13084:192.168.34.62:40373, 0f256f10-8056-416e-a2a4-dd085f6c7864:192.168.34.62:35674, 07fb1a7b-fe02-4a56-ac24-3020e88d4db0:192.168.34.62:46434], old=null
2019-10-17 06:31:30,691 [grpc-default-executor-1] INFO  impl.RaftServerImpl (RaftServerImpl.java:setRole(184)) - 2f64f904-2283-4e96-b4e2-6c9018f13084@group-9ED9FEE0098D: changes role from  FOLLOWER to FOLLOWER at term 220 for recognizeCandidate:0f256f10-8056-416e-a2a4-dd085f6c7864
2019-10-17 06:31:30,691 [grpc-default-executor-6] INFO  impl.RaftServerImpl (RaftServerImpl.java:setRole(184)) - 07fb1a7b-fe02-4a56-ac24-3020e88d4db0@group-9ED9FEE0098D: changes role from  FOLLOWER to FOLLOWER at term 220 for recognizeCandidate:0f256f10-8056-416e-a2a4-dd085f6c7864
2019-10-17 06:31:30,692 [grpc-default-executor-6] INFO  impl.RoleInfo (RoleInfo.java:shutdownFollowerState(121)) - 07fb1a7b-fe02-4a56-ac24-3020e88d4db0: shutdown FollowerState
2019-10-17 06:31:30,691 [grpc-default-executor-1] INFO  impl.RoleInfo (RoleInfo.java:shutdownFollowerState(121)) - 2f64f904-2283-4e96-b4e2-6c9018f13084: shutdown FollowerState
2019-10-17 06:31:30,692 [Thread-2740] INFO  impl.FollowerState (FollowerState.java:run(117)) - 07fb1a7b-fe02-4a56-ac24-3020e88d4db0@group-9ED9FEE0098D-FollowerState was interrupted: java.lang.InterruptedException: sleep interrupted
2019-10-17 06:31:30,692 [grpc-default-executor-6] INFO  impl.RoleInfo (RoleInfo.java:updateAndGet(143)) - 07fb1a7b-fe02-4a56-ac24-3020e88d4db0: start FollowerState
2019-10-17 06:31:30,692 [Thread-2741] INFO  impl.FollowerState (FollowerState.java:run(117)) - 2f64f904-2283-4e96-b4e2-6c9018f13084@group-9ED9FEE0098D-FollowerState was interrupted: java.lang.InterruptedException: sleep interrupted
2019-10-17 06:31:30,692 [grpc-default-executor-1] INFO  impl.RoleInfo (RoleInfo.java:updateAndGet(143)) - 2f64f904-2283-4e96-b4e2-6c9018f13084: start FollowerState
2019-10-17 06:31:30,740 [0f256f10-8056-416e-a2a4-dd085f6c7864@group-9ED9FEE0098D-LeaderElection206] INFO  impl.LeaderElection (LeaderElection.java:logAndReturn(56)) - 0f256f10-8056-416e-a2a4-dd085f6c7864@group-9ED9FEE0098D-LeaderElection206: Election REJECTED; received 2 response(s) [0f256f10-8056-416e-a2a4-dd085f6c7864<-2f64f904-2283-4e96-b4e2-6c9018f13084#0:FAIL-t220, 0f256f10-8056-416e-a2a4-dd085f6c7864<-07fb1a7b-fe02-4a56-ac24-3020e88d4db0#0:FAIL-t220] and 0 exception(s); 0f256f10-8056-416e-a2a4-dd085f6c7864@group-9ED9FEE0098D:t220, leader=null, voted=0f256f10-8056-416e-a2a4-dd085f6c7864, raftlog=0f256f10-8056-416e-a2a4-dd085f6c7864@group-9ED9FEE0098D-SegmentedRaftLog:OPENED:c-1,f-1,i0, conf=-1: [2f64f904-2283-4e96-b4e2-6c9018f13084:192.168.34.62:40373, 0f256f10-8056-416e-a2a4-dd085f6c7864:192.168.34.62:35674, 07fb1a7b-fe02-4a56-ac24-3020e88d4db0:192.168.34.62:46434], old=null
2019-10-17 06:31:30,741 [0f256f10-8056-416e-a2a4-dd085f6c7864@group-9ED9FEE0098D-LeaderElection206] INFO  impl.RaftServerImpl (RaftServerImpl.java:setRole(184)) - 0f256f10-8056-416e-a2a4-dd085f6c7864@group-9ED9FEE0098D: changes role from CANDIDATE to FOLLOWER at term 220 for DISCOVERED_A_NEW_TERM
2019-10-17 06:31:30,741 [0f256f10-8056-416e-a2a4-dd085f6c7864@group-9ED9FEE0098D-LeaderElection206] INFO  impl.RoleInfo (RoleInfo.java:shutdownLeaderElection(134)) - 0f256f10-8056-416e-a2a4-dd085f6c7864: shutdown LeaderElection
2019-10-17 06:31:30,741 [0f256f10-8056-416e-a2a4-dd085f6c7864@group-9ED9FEE0098D-LeaderElection206] INFO  impl.RoleInfo (RoleInfo.java:updateAndGet(143)) - 0f256f10-8056-416e-a2a4-dd085f6c7864: start FollowerState
2019-10-17 06:31:30,762 [Thread-2748] INFO  impl.FollowerState (FollowerState.java:run(108)) - 0f256f10-8056-416e-a2a4-dd085f6c7864@group-9ED9FEE0098D-FollowerState: change to CANDIDATE, lastRpcTime:21ms, electionTimeout:21ms
2019-10-17 06:31:30,763 [Thread-2748] INFO  impl.RoleInfo (RoleInfo.java:shutdownFollowerState(121)) - 0f256f10-8056-416e-a2a4-dd085f6c7864: shutdown FollowerState
2019-10-17 06:31:30,763 [Thread-2748] INFO  impl.RaftServerImpl (RaftServerImpl.java:setRole(184)) - 0f256f10-8056-416e-a2a4-dd085f6c7864@group-9ED9FEE0098D: changes role from  FOLLOWER to CANDIDATE at term 220 for changeToCandidate
2019-10-17 06:31:30,763 [Thread-2748] INFO  impl.RoleInfo (RoleInfo.java:updateAndGet(143)) - 0f256f10-8056-416e-a2a4-dd085f6c7864: start LeaderElection
2019-10-17 06:31:30,790 [0f256f10-8056-416e-a2a4-dd085f6c7864@group-9ED9FEE0098D-LeaderElection207] INFO  impl.LeaderElection (LeaderElection.java:askForVotes(178)) - 0f256f10-8056-416e-a2a4-dd085f6c7864@group-9ED9FEE0098D-LeaderElection207: begin an election at term 221 for -1: [2f64f904-2283-4e96-b4e2-6c9018f13084:192.168.34.62:40373, 0f256f10-8056-416e-a2a4-dd085f6c7864:192.168.34.62:35674, 07fb1a7b-fe02-4a56-ac24-3020e88d4db0:192.168.34.62:46434], old=null
2019-10-17 06:31:30,792 [grpc-default-executor-6] INFO  impl.RaftServerImpl (RaftServerImpl.java:setRole(184)) - 07fb1a7b-fe02-4a56-ac24-3020e88d4db0@group-9ED9FEE0098D: changes role from  FOLLOWER to FOLLOWER at term 221 for recognizeCandidate:0f256f10-8056-416e-a2a4-dd085f6c7864
2019-10-17 06:31:30,792 [grpc-default-executor-1] INFO  impl.RaftServerImpl (RaftServerImpl.java:setRole(184)) - 2f64f904-2283-4e96-b4e2-6c9018f13084@group-9ED9FEE0098D: changes role from  FOLLOWER to FOLLOWER at term 221 for recognizeCandidate:0f256f10-8056-416e-a2a4-dd085f6c7864
2019-10-17 06:31:30,792 [grpc-default-executor-1] INFO  impl.RoleInfo (RoleInfo.java:shutdownFollowerState(121)) - 2f64f904-2283-4e96-b4e2-6c9018f13084: shutdown FollowerState
2019-10-17 06:31:30,792 [grpc-default-executor-6] INFO  impl.RoleInfo (RoleInfo.java:shutdownFollowerState(121)) - 07fb1a7b-fe02-4a56-ac24-3020e88d4db0: shutdown FollowerState
2019-10-17 06:31:30,792 [grpc-default-executor-1] INFO  impl.RoleInfo (RoleInfo.java:updateAndGet(143)) - 2f64f904-2283-4e96-b4e2-6c9018f13084: start FollowerState
2019-10-17 06:31:30,792 [Thread-2746] INFO  impl.FollowerState (FollowerState.java:run(117)) - 07fb1a7b-fe02-4a56-ac24-3020e88d4db0@group-9ED9FEE0098D-FollowerState was interrupted: java.lang.InterruptedException: sleep interrupted
2019-10-17 06:31:30,792 [Thread-2747] INFO  impl.FollowerState (FollowerState.java:run(117)) - 2f64f904-2283-4e96-b4e2-6c9018f13084@group-9ED9FEE0098D-FollowerState was interrupted: java.lang.InterruptedException: sleep interrupted
2019-10-17 06:31:30,792 [grpc-default-executor-6] INFO  impl.RoleInfo (RoleInfo.java:updateAndGet(143)) - 07fb1a7b-fe02-4a56-ac24-3020e88d4db0: start FollowerState
2019-10-17 06:31:30,816 [0f256f10-8056-416e-a2a4-dd085f6c7864@group-9ED9FEE0098D-LeaderElection207] INFO  impl.LeaderElection (LeaderElection.java:logAndReturn(56)) - 0f256f10-8056-416e-a2a4-dd085f6c7864@group-9ED9FEE0098D-LeaderElection207: Election REJECTED; received 2 response(s) [0f256f10-8056-416e-a2a4-dd085f6c7864<-2f64f904-2283-4e96-b4e2-6c9018f13084#0:FAIL-t221, 0f256f10-8056-416e-a2a4-dd085f6c7864<-07fb1a7b-fe02-4a56-ac24-3020e88d4db0#0:FAIL-t221] and 0 exception(s); 0f256f10-8056-416e-a2a4-dd085f6c7864@group-9ED9FEE0098D:t221, leader=null, voted=0f256f10-8056-416e-a2a4-dd085f6c7864, raftlog=0f256f10-8056-416e-a2a4-dd085f6c7864@group-9ED9FEE0098D-SegmentedRaftLog:OPENED:c-1,f-1,i0, conf=-1: [2f64f904-2283-4e96-b4e2-6c9018f13084:192.168.34.62:40373, 0f256f10-8056-416e-a2a4-dd085f6c7864:192.168.34.62:35674, 07fb1a7b-fe02-4a56-ac24-3020e88d4db0:192.168.34.62:46434], old=null
2019-10-17 06:31:30,816 [0f256f10-8056-416e-a2a4-dd085f6c7864@group-9ED9FEE0098D-LeaderElection207] INFO  impl.RaftServerImpl (RaftServerImpl.java:setRole(184)) - 0f256f10-8056-416e-a2a4-dd085f6c7864@group-9ED9FEE0098D: changes role from CANDIDATE to FOLLOWER at term 221 for DISCOVERED_A_NEW_TERM
2019-10-17 06:31:30,816 [0f256f10-8056-416e-a2a4-dd085f6c7864@group-9ED9FEE0098D-LeaderElection207] INFO  impl.RoleInfo (RoleInfo.java:shutdownLeaderElection(134)) - 0f256f10-8056-416e-a2a4-dd085f6c7864: shutdown LeaderElection
2019-10-17 06:31:30,817 [0f256f10-8056-416e-a2a4-dd085f6c7864@group-9ED9FEE0098D-LeaderElection207] INFO  impl.RoleInfo (RoleInfo.java:updateAndGet(143)) - 0f256f10-8056-416e-a2a4-dd085f6c7864: start FollowerState
2019-10-17 06:31:30,930 [Thread-2754] INFO  impl.FollowerState (FollowerState.java:run(108)) - 0f256f10-8056-416e-a2a4-dd085f6c7864@group-9ED9FEE0098D-FollowerState: change to CANDIDATE, lastRpcTime:113ms, electionTimeout:108ms
2019-10-17 06:31:30,930 [Thread-2754] INFO  impl.RoleInfo (RoleInfo.java:shutdownFollowerState(121)) - 0f256f10-8056-416e-a2a4-dd085f6c7864: shutdown FollowerState
2019-10-17 06:31:30,931 [Thread-2754] INFO  impl.RaftServerImpl (RaftServerImpl.java:setRole(184)) - 0f256f10-8056-416e-a2a4-dd085f6c7864@group-9ED9FEE0098D: changes role from  FOLLOWER to CANDIDATE at term 221 for changeToCandidate
2019-10-17 06:31:30,931 [Thread-2754] INFO  impl.RoleInfo (RoleInfo.java:updateAndGet(143)) - 0f256f10-8056-416e-a2a4-dd085f6c7864: start LeaderElection
2019-10-17 06:31:30,955 [0f256f10-8056-416e-a2a4-dd085f6c7864@group-9ED9FEE0098D-LeaderElection208] INFO  impl.LeaderElection (LeaderElection.java:askForVotes(178)) - 0f256f10-8056-416e-a2a4-dd085f6c7864@group-9ED9FEE0098D-LeaderElection208: begin an election at term 222 for -1: [2f64f904-2283-4e96-b4e2-6c9018f13084:192.168.34.62:40373, 0f256f10-8056-416e-a2a4-dd085f6c7864:192.168.34.62:35674, 07fb1a7b-fe02-4a56-ac24-3020e88d4db0:192.168.34.62:46434], old=null
2019-10-17 06:31:30,957 [grpc-default-executor-1] INFO  impl.RaftServerImpl (RaftServerImpl.java:setRole(184)) - 2f64f904-2283-4e96-b4e2-6c9018f13084@group-9ED9FEE0098D: changes role from  FOLLOWER to FOLLOWER at term 222 for recognizeCandidate:0f256f10-8056-416e-a2a4-dd085f6c7864
2019-10-17 06:31:30,957 [grpc-default-executor-6] INFO  impl.RaftServerImpl (RaftServerImpl.java:setRole(184)) - 07fb1a7b-fe02-4a56-ac24-3020e88d4db0@group-9ED9FEE0098D: changes role from  FOLLOWER to FOLLOWER at term 222 for recognizeCandidate:0f256f10-8056-416e-a2a4-dd085f6c7864
2019-10-17 06:31:30,957 [grpc-default-executor-6] INFO  impl.RoleInfo (RoleInfo.java:shutdownFollowerState(121)) - 07fb1a7b-fe02-4a56-ac24-3020e88d4db0: shutdown FollowerState
2019-10-17 06:31:30,957 [grpc-default-executor-1] INFO  impl.RoleInfo (RoleInfo.java:shutdownFollowerState(121)) - 2f64f904-2283-4e96-b4e2-6c9018f13084: shutdown FollowerState
2019-10-17 06:31:30,958 [Thread-2753] INFO  impl.FollowerState (FollowerState.java:run(117)) - 07fb1a7b-fe02-4a56-ac24-3020e88d4db0@group-9ED9FEE0098D-FollowerState was interrupted: java.lang.InterruptedException: sleep interrupted
2019-10-17 06:31:30,958 [grpc-default-executor-6] INFO  impl.RoleInfo (RoleInfo.java:updateAndGet(143)) - 07fb1a7b-fe02-4a56-ac24-3020e88d4db0: start FollowerState
2019-10-17 06:31:30,958 [Thread-2752] INFO  impl.FollowerState (FollowerState.java:run(117)) - 2f64f904-2283-4e96-b4e2-6c9018f13084@group-9ED9FEE0098D-FollowerState was interrupted: java.lang.InterruptedException: sleep interrupted
2019-10-17 06:31:30,958 [grpc-default-executor-1] INFO  impl.RoleInfo (RoleInfo.java:updateAndGet(143)) - 2f64f904-2283-4e96-b4e2-6c9018f13084: start FollowerState
2019-10-17 06:31:30,974 [0f256f10-8056-416e-a2a4-dd085f6c7864@group-9ED9FEE0098D-LeaderElection208] INFO  impl.LeaderElection (LeaderElection.java:logAndReturn(56)) - 0f256f10-8056-416e-a2a4-dd085f6c7864@group-9ED9FEE0098D-LeaderElection208: Election TIMEOUT; received 0 response(s) [] and 0 exception(s); 0f256f10-8056-416e-a2a4-dd085f6c7864@group-9ED9FEE0098D:t222, leader=null, voted=0f256f10-8056-416e-a2a4-dd085f6c7864, raftlog=0f256f10-8056-416e-a2a4-dd085f6c7864@group-9ED9FEE0098D-SegmentedRaftLog:OPENED:c-1,f-1,i0, conf=-1: [2f64f904-2283-4e96-b4e2-6c9018f13084:192.168.34.62:40373, 0f256f10-8056-416e-a2a4-dd085f6c7864:192.168.34.62:35674, 07fb1a7b-fe02-4a56-ac24-3020e88d4db0:192.168.34.62:46434], old=null
2019-10-17 06:31:31,005 [0f256f10-8056-416e-a2a4-dd085f6c7864@group-9ED9FEE0098D-LeaderElection208] INFO  impl.LeaderElection (LeaderElection.java:askForVotes(178)) - 0f256f10-8056-416e-a2a4-dd085f6c7864@group-9ED9FEE0098D-LeaderElection208: begin an election at term 223 for -1: [2f64f904-2283-4e96-b4e2-6c9018f13084:192.168.34.62:40373, 0f256f10-8056-416e-a2a4-dd085f6c7864:192.168.34.62:35674, 07fb1a7b-fe02-4a56-ac24-3020e88d4db0:192.168.34.62:46434], old=null
2019-10-17 06:31:31,007 [grpc-default-executor-1] INFO  impl.RaftServerImpl (RaftServerImpl.java:setRole(184)) - 07fb1a7b-fe02-4a56-ac24-3020e88d4db0@group-9ED9FEE0098D: changes role from  FOLLOWER to FOLLOWER at term 223 for recognizeCandidate:0f256f10-8056-416e-a2a4-dd085f6c7864
2019-10-17 06:31:31,007 [grpc-default-executor-6] INFO  impl.RaftServerImpl (RaftServerImpl.java:setRole(184)) - 2f64f904-2283-4e96-b4e2-6c9018f13084@group-9ED9FEE0098D: changes role from  FOLLOWER to FOLLOWER at term 223 for recognizeCandidate:0f256f10-8056-416e-a2a4-dd085f6c7864
2019-10-17 06:31:31,007 [grpc-default-executor-1] INFO  impl.RoleInfo (RoleInfo.java:shutdownFollowerState(121)) - 07fb1a7b-fe02-4a56-ac24-3020e88d4db0: shutdown FollowerState
2019-10-17 06:31:31,007 [grpc-default-executor-6] INFO  impl.RoleInfo (RoleInfo.java:shutdownFollowerState(121)) - 2f64f904-2283-4e96-b4e2-6c9018f13084: shutdown FollowerState
2019-10-17 06:31:31,007 [Thread-2758] INFO  impl.FollowerState (FollowerState.java:run(117)) - 07fb1a7b-fe02-4a56-ac24-3020e88d4db0@group-9ED9FEE0098D-FollowerState was interrupted: java.lang.InterruptedException: sleep interrupted
2019-10-17 06:31:31,007 [grpc-default-executor-1] INFO  impl.RoleInfo (RoleInfo.java:updateAndGet(143)) - 07fb1a7b-fe02-4a56-ac24-3020e88d4db0: start FollowerState
2019-10-17 06:31:31,007 [Thread-2759] INFO  impl.FollowerState (FollowerState.java:run(117)) - 2f64f904-2283-4e96-b4e2-6c9018f13084@group-9ED9FEE0098D-FollowerState was interrupted: java.lang.InterruptedException: sleep interrupted
2019-10-17 06:31:31,007 [grpc-default-executor-6] INFO  impl.RoleInfo (RoleInfo.java:updateAndGet(143)) - 2f64f904-2283-4e96-b4e2-6c9018f13084: start FollowerState
2019-10-17 06:31:31,027 [0f256f10-8056-416e-a2a4-dd085f6c7864@group-9ED9FEE0098D-LeaderElection208] INFO  impl.LeaderElection (LeaderElection.java:logAndReturn(56)) - 0f256f10-8056-416e-a2a4-dd085f6c7864@group-9ED9FEE0098D-LeaderElection208: Election REJECTED; received 2 response(s) [0f256f10-8056-416e-a2a4-dd085f6c7864<-2f64f904-2283-4e96-b4e2-6c9018f13084#0:FAIL-t223, 0f256f10-8056-416e-a2a4-dd085f6c7864<-07fb1a7b-fe02-4a56-ac24-3020e88d4db0#0:FAIL-t223] and 0 exception(s); 0f256f10-8056-416e-a2a4-dd085f6c7864@group-9ED9FEE0098D:t223, leader=null, voted=0f256f10-8056-416e-a2a4-dd085f6c7864, raftlog=0f256f10-8056-416e-a2a4-dd085f6c7864@group-9ED9FEE0098D-SegmentedRaftLog:OPENED:c-1,f-1,i0, conf=-1: [2f64f904-2283-4e96-b4e2-6c9018f13084:192.168.34.62:40373, 0f256f10-8056-416e-a2a4-dd085f6c7864:192.168.34.62:35674, 07fb1a7b-fe02-4a56-ac24-3020e88d4db0:192.168.34.62:46434], old=null
2019-10-17 06:31:31,027 [0f256f10-8056-416e-a2a4-dd085f6c7864@group-9ED9FEE0098D-LeaderElection208] INFO  impl.RaftServerImpl (RaftServerImpl.java:setRole(184)) - 0f256f10-8056-416e-a2a4-dd085f6c7864@group-9ED9FEE0098D: changes role from CANDIDATE to FOLLOWER at term 223 for DISCOVERED_A_NEW_TERM
2019-10-17 06:31:31,027 [0f256f10-8056-416e-a2a4-dd085f6c7864@group-9ED9FEE0098D-LeaderElection208] INFO  impl.RoleInfo (RoleInfo.java:shutdownLeaderElection(134)) - 0f256f10-8056-416e-a2a4-dd085f6c7864: shutdown LeaderElection
2019-10-17 06:31:31,028 [0f256f10-8056-416e-a2a4-dd085f6c7864@group-9ED9FEE0098D-LeaderElection208] INFO  impl.RoleInfo (RoleInfo.java:updateAndGet(143)) - 0f256f10-8056-416e-a2a4-dd085f6c7864: start FollowerState
2019-10-17 06:31:31,126 [Thread-2764] INFO  impl.FollowerState (FollowerState.java:run(108)) - 0f256f10-8056-416e-a2a4-dd085f6c7864@group-9ED9FEE0098D-FollowerState: change to CANDIDATE, lastRpcTime:98ms, electionTimeout:98ms
2019-10-17 06:31:31,126 [Thread-2764] INFO  impl.RoleInfo (RoleInfo.java:shutdownFollowerState(121)) - 0f256f10-8056-416e-a2a4-dd085f6c7864: shutdown FollowerState
2019-10-17 06:31:31,126 [Thread-2764] INFO  impl.RaftServerImpl (RaftServerImpl.java:setRole(184)) - 0f256f10-8056-416e-a2a4-dd085f6c7864@group-9ED9FEE0098D: changes role from  FOLLOWER to CANDIDATE at term 223 for changeToCandidate
2019-10-17 06:31:31,126 [Thread-2764] INFO  impl.RoleInfo (RoleInfo.java:updateAndGet(143)) - 0f256f10-8056-416e-a2a4-dd085f6c7864: start LeaderElection
2019-10-17 06:31:31,152 [0f256f10-8056-416e-a2a4-dd085f6c7864@group-9ED9FEE0098D-LeaderElection209] INFO  impl.LeaderElection (LeaderElection.java:askForVotes(178)) - 0f256f10-8056-416e-a2a4-dd085f6c7864@group-9ED9FEE0098D-LeaderElection209: begin an election at term 224 for -1: [2f64f904-2283-4e96-b4e2-6c9018f13084:192.168.34.62:40373, 0f256f10-8056-416e-a2a4-dd085f6c7864:192.168.34.62:35674, 07fb1a7b-fe02-4a56-ac24-3020e88d4db0:192.168.34.62:46434], old=null
2019-10-17 06:31:31,154 [grpc-default-executor-6] INFO  impl.RaftServerImpl (RaftServerImpl.java:setRole(184)) - 07fb1a7b-fe02-4a56-ac24-3020e88d4db0@group-9ED9FEE0098D: changes role from  FOLLOWER to FOLLOWER at term 224 for recognizeCandidate:0f256f10-8056-416e-a2a4-dd085f6c7864
2019-10-17 06:31:31,154 [grpc-default-executor-1] INFO  impl.RaftServerImpl (RaftServerImpl.java:setRole(184)) - 2f64f904-2283-4e96-b4e2-6c9018f13084@group-9ED9FEE0098D: changes role from  FOLLOWER to FOLLOWER at term 224 for recognizeCandidate:0f256f10-8056-416e-a2a4-dd085f6c7864
2019-10-17 06:31:31,155 [grpc-default-executor-1] INFO  impl.RoleInfo (RoleInfo.java:shutdownFollowerState(121)) - 2f64f904-2283-4e96-b4e2-6c9018f13084: shutdown FollowerState
2019-10-17 06:31:31,154 [grpc-default-executor-6] INFO  impl.RoleInfo (RoleInfo.java:shutdownFollowerState(121)) - 07fb1a7b-fe02-4a56-ac24-3020e88d4db0: shutdown FollowerState
2019-10-17 06:31:31,155 [Thread-2763] INFO  impl.FollowerState (FollowerState.java:run(117)) - 2f64f904-2283-4e96-b4e2-6c9018f13084@group-9ED9FEE0098D-FollowerState was interrupted: java.lang.InterruptedException: sleep interrupted
2019-10-17 06:31:31,155 [grpc-default-executor-1] INFO  impl.RoleInfo (RoleInfo.java:updateAndGet(143)) - 2f64f904-2283-4e96-b4e2-6c9018f13084: start FollowerState
2019-10-17 06:31:31,155 [Thread-2762] INFO  impl.FollowerState (FollowerState.java:run(117)) - 07fb1a7b-fe02-4a56-ac24-3020e88d4db0@group-9ED9FEE0098D-FollowerState was interrupted: java.lang.InterruptedException: sleep interrupted
2019-10-17 06:31:31,155 [grpc-default-executor-6] INFO  impl.RoleInfo (RoleInfo.java:updateAndGet(143)) - 07fb1a7b-fe02-4a56-ac24-3020e88d4db0: start FollowerState
2019-10-17 06:31:31,170 [0f256f10-8056-416e-a2a4-dd085f6c7864@group-9ED9FEE0098D-LeaderElection209] INFO  impl.LeaderElection (LeaderElection.java:logAndReturn(56)) - 0f256f10-8056-416e-a2a4-dd085f6c7864@group-9ED9FEE0098D-LeaderElection209: Election REJECTED; received 2 response(s) [0f256f10-8056-416e-a2a4-dd085f6c7864<-2f64f904-2283-4e96-b4e2-6c9018f13084#0:FAIL-t224, 0f256f10-8056-416e-a2a4-dd085f6c7864<-07fb1a7b-fe02-4a56-ac24-3020e88d4db0#0:FAIL-t224] and 0 exception(s); 0f256f10-8056-416e-a2a4-dd085f6c7864@group-9ED9FEE0098D:t224, leader=null, voted=0f256f10-8056-416e-a2a4-dd085f6c7864, raftlog=0f256f10-8056-416e-a2a4-dd085f6c7864@group-9ED9FEE0098D-SegmentedRaftLog:OPENED:c-1,f-1,i0, conf=-1: [2f64f904-2283-4e96-b4e2-6c9018f13084:192.168.34.62:40373, 0f256f10-8056-416e-a2a4-dd085f6c7864:192.168.34.62:35674, 07fb1a7b-fe02-4a56-ac24-3020e88d4db0:192.168.34.62:46434], old=null
2019-10-17 06:31:31,170 [0f256f10-8056-416e-a2a4-dd085f6c7864@group-9ED9FEE0098D-LeaderElection209] INFO  impl.RaftServerImpl (RaftServerImpl.java:setRole(184)) - 0f256f10-8056-416e-a2a4-dd085f6c7864@group-9ED9FEE0098D: changes role from CANDIDATE to FOLLOWER at term 224 for DISCOVERED_A_NEW_TERM
2019-10-17 06:31:31,170 [0f256f10-8056-416e-a2a4-dd085f6c7864@group-9ED9FEE0098D-LeaderElection209] INFO  impl.RoleInfo (RoleInfo.java:shutdownLeaderElection(134)) - 0f256f10-8056-416e-a2a4-dd085f6c7864: shutdown LeaderElection
2019-10-17 06:31:31,170 [0f256f10-8056-416e-a2a4-dd085f6c7864@group-9ED9FEE0098D-LeaderElection209] INFO  impl.RoleInfo (RoleInfo.java:updateAndGet(143)) - 0f256f10-8056-416e-a2a4-dd085f6c7864: start FollowerState
2019-10-17 06:31:31,313 [Thread-2770] INFO  impl.FollowerState (FollowerState.java:run(108)) - 0f256f10-8056-416e-a2a4-dd085f6c7864@group-9ED9FEE0098D-FollowerState: change to CANDIDATE, lastRpcTime:142ms, electionTimeout:142ms
2019-10-17 06:31:31,313 [Thread-2770] INFO  impl.RoleInfo (RoleInfo.java:shutdownFollowerState(121)) - 0f256f10-8056-416e-a2a4-dd085f6c7864: shutdown FollowerState
2019-10-17 06:31:31,313 [Thread-2770] INFO  impl.RaftServerImpl (RaftServerImpl.java:setRole(184)) - 0f256f10-8056-416e-a2a4-dd085f6c7864@group-9ED9FEE0098D: changes role from  FOLLOWER to CANDIDATE at term 224 for changeToCandidate
2019-10-17 06:31:31,313 [Thread-2770] INFO  impl.RoleInfo (RoleInfo.java:updateAndGet(143)) - 0f256f10-8056-416e-a2a4-dd085f6c7864: start LeaderElection
2019-10-17 06:31:31,357 [0f256f10-8056-416e-a2a4-dd085f6c7864@group-9ED9FEE0098D-LeaderElection210] INFO  impl.LeaderElection (LeaderElection.java:askForVotes(178)) - 0f256f10-8056-416e-a2a4-dd085f6c7864@group-9ED9FEE0098D-LeaderElection210: begin an election at term 225 for -1: [2f64f904-2283-4e96-b4e2-6c9018f13084:192.168.34.62:40373, 0f256f10-8056-416e-a2a4-dd085f6c7864:192.168.34.62:35674, 07fb1a7b-fe02-4a56-ac24-3020e88d4db0:192.168.34.62:46434], old=null
2019-10-17 06:31:31,359 [grpc-default-executor-1] INFO  impl.RaftServerImpl (RaftServerImpl.java:setRole(184)) - 07fb1a7b-fe02-4a56-ac24-3020e88d4db0@group-9ED9FEE0098D: changes role from  FOLLOWER to FOLLOWER at term 225 for recognizeCandidate:0f256f10-8056-416e-a2a4-dd085f6c7864
2019-10-17 06:31:31,359 [grpc-default-executor-6] INFO  impl.RaftServerImpl (RaftServerImpl.java:setRole(184)) - 2f64f904-2283-4e96-b4e2-6c9018f13084@group-9ED9FEE0098D: changes role from  FOLLOWER to FOLLOWER at term 225 for recognizeCandidate:0f256f10-8056-416e-a2a4-dd085f6c7864
2019-10-17 06:31:31,359 [grpc-default-executor-6] INFO  impl.RoleInfo (RoleInfo.java:shutdownFollowerState(121)) - 2f64f904-2283-4e96-b4e2-6c9018f13084: shutdown FollowerState
2019-10-17 06:31:31,359 [grpc-default-executor-1] INFO  impl.RoleInfo (RoleInfo.java:shutdownFollowerState(121)) - 07fb1a7b-fe02-4a56-ac24-3020e88d4db0: shutdown FollowerState
2019-10-17 06:31:31,359 [Thread-2768] INFO  impl.FollowerState (FollowerState.java:run(117)) - 2f64f904-2283-4e96-b4e2-6c9018f13084@group-9ED9FEE0098D-FollowerState was interrupted: java.lang.InterruptedException: sleep interrupted
2019-10-17 06:31:31,359 [grpc-default-executor-6] INFO  impl.RoleInfo (RoleInfo.java:updateAndGet(143)) - 2f64f904-2283-4e96-b4e2-6c9018f13084: start FollowerState
2019-10-17 06:31:31,359 [Thread-2769] INFO  impl.FollowerState (FollowerState.java:run(117)) - 07fb1a7b-fe02-4a56-ac24-3020e88d4db0@group-9ED9FEE0098D-FollowerState was interrupted: java.lang.InterruptedException: sleep interrupted
2019-10-17 06:31:31,359 [grpc-default-executor-1] INFO  impl.RoleInfo (RoleInfo.java:updateAndGet(143)) - 07fb1a7b-fe02-4a56-ac24-3020e88d4db0: start FollowerState
2019-10-17 06:31:31,384 [0f256f10-8056-416e-a2a4-dd085f6c7864@group-9ED9FEE0098D-LeaderElection210] INFO  impl.LeaderElection (LeaderElection.java:logAndReturn(56)) - 0f256f10-8056-416e-a2a4-dd085f6c7864@group-9ED9FEE0098D-LeaderElection210: Election REJECTED; received 2 response(s) [0f256f10-8056-416e-a2a4-dd085f6c7864<-2f64f904-2283-4e96-b4e2-6c9018f13084#0:FAIL-t225, 0f256f10-8056-416e-a2a4-dd085f6c7864<-07fb1a7b-fe02-4a56-ac24-3020e88d4db0#0:FAIL-t225] and 0 exception(s); 0f256f10-8056-416e-a2a4-dd085f6c7864@group-9ED9FEE0098D:t225, leader=null, voted=0f256f10-8056-416e-a2a4-dd085f6c7864, raftlog=0f256f10-8056-416e-a2a4-dd085f6c7864@group-9ED9FEE0098D-SegmentedRaftLog:OPENED:c-1,f-1,i0, conf=-1: [2f64f904-2283-4e96-b4e2-6c9018f13084:192.168.34.62:40373, 0f256f10-8056-416e-a2a4-dd085f6c7864:192.168.34.62:35674, 07fb1a7b-fe02-4a56-ac24-3020e88d4db0:192.168.34.62:46434], old=null
2019-10-17 06:31:31,385 [0f256f10-8056-416e-a2a4-dd085f6c7864@group-9ED9FEE0098D-LeaderElection210] INFO  impl.RaftServerImpl (RaftServerImpl.java:setRole(184)) - 0f256f10-8056-416e-a2a4-dd085f6c7864@group-9ED9FEE0098D: changes role from CANDIDATE to FOLLOWER at term 225 for DISCOVERED_A_NEW_TERM
2019-10-17 06:31:31,385 [0f256f10-8056-416e-a2a4-dd085f6c7864@group-9ED9FEE0098D-LeaderElection210] INFO  impl.RoleInfo (RoleInfo.java:shutdownLeaderElection(134)) - 0f256f10-8056-416e-a2a4-dd085f6c7864: shutdown LeaderElection
2019-10-17 06:31:31,385 [0f256f10-8056-416e-a2a4-dd085f6c7864@group-9ED9FEE0098D-LeaderElection210] INFO  impl.RoleInfo (RoleInfo.java:updateAndGet(143)) - 0f256f10-8056-416e-a2a4-dd085f6c7864: start FollowerState
2019-10-17 06:31:31,540 [Thread-2776] INFO  impl.FollowerState (FollowerState.java:run(108)) - 0f256f10-8056-416e-a2a4-dd085f6c7864@group-9ED9FEE0098D-FollowerState: change to CANDIDATE, lastRpcTime:155ms, electionTimeout:155ms
2019-10-17 06:31:31,540 [Thread-2776] INFO  impl.RoleInfo (RoleInfo.java:shutdownFollowerState(121)) - 0f256f10-8056-416e-a2a4-dd085f6c7864: shutdown FollowerState
2019-10-17 06:31:31,541 [Thread-2776] INFO  impl.RaftServerImpl (RaftServerImpl.java:setRole(184)) - 0f256f10-8056-416e-a2a4-dd085f6c7864@group-9ED9FEE0098D: changes role from  FOLLOWER to CANDIDATE at term 225 for changeToCandidate
2019-10-17 06:31:31,541 [Thread-2776] INFO  impl.RoleInfo (RoleInfo.java:updateAndGet(143)) - 0f256f10-8056-416e-a2a4-dd085f6c7864: start LeaderElection
2019-10-17 06:31:31,594 [0f256f10-8056-416e-a2a4-dd085f6c7864@group-9ED9FEE0098D-LeaderElection211] INFO  impl.LeaderElection (LeaderElection.java:askForVotes(178)) - 0f256f10-8056-416e-a2a4-dd085f6c7864@group-9ED9FEE0098D-LeaderElection211: begin an election at term 226 for -1: [2f64f904-2283-4e96-b4e2-6c9018f13084:192.168.34.62:40373, 0f256f10-8056-416e-a2a4-dd085f6c7864:192.168.34.62:35674, 07fb1a7b-fe02-4a56-ac24-3020e88d4db0:192.168.34.62:46434], old=null
2019-10-17 06:31:31,597 [grpc-default-executor-1] INFO  impl.RaftServerImpl (RaftServerImpl.java:setRole(184)) - 2f64f904-2283-4e96-b4e2-6c9018f13084@group-9ED9FEE0098D: changes role from  FOLLOWER to FOLLOWER at term 226 for recognizeCandidate:0f256f10-8056-416e-a2a4-dd085f6c7864
2019-10-17 06:31:31,597 [grpc-default-executor-1] INFO  impl.RoleInfo (RoleInfo.java:shutdownFollowerState(121)) - 2f64f904-2283-4e96-b4e2-6c9018f13084: shutdown FollowerState
2019-10-17 06:31:31,597 [grpc-default-executor-6] INFO  impl.RaftServerImpl (RaftServerImpl.java:setRole(184)) - 07fb1a7b-fe02-4a56-ac24-3020e88d4db0@group-9ED9FEE0098D: changes role from  FOLLOWER to FOLLOWER at term 226 for recognizeCandidate:0f256f10-8056-416e-a2a4-dd085f6c7864
2019-10-17 06:31:31,597 [Thread-2774] INFO  impl.FollowerState (FollowerState.java:run(117)) - 2f64f904-2283-4e96-b4e2-6c9018f13084@group-9ED9FEE0098D-FollowerState was interrupted: java.lang.InterruptedException: sleep interrupted
2019-10-17 06:31:31,597 [grpc-default-executor-1] INFO  impl.RoleInfo (RoleInfo.java:updateAndGet(143)) - 2f64f904-2283-4e96-b4e2-6c9018f13084: start FollowerState
2019-10-17 06:31:31,597 [grpc-default-executor-6] INFO  impl.RoleInfo (RoleInfo.java:shutdownFollowerState(121)) - 07fb1a7b-fe02-4a56-ac24-3020e88d4db0: shutdown FollowerState
2019-10-17 06:31:31,598 [grpc-default-executor-6] INFO  impl.RoleInfo (RoleInfo.java:updateAndGet(143)) - 07fb1a7b-fe02-4a56-ac24-3020e88d4db0: start FollowerState
2019-10-17 06:31:31,598 [Thread-2775] INFO  impl.FollowerState (FollowerState.java:run(117)) - 07fb1a7b-fe02-4a56-ac24-3020e88d4db0@group-9ED9FEE0098D-FollowerState was interrupted: java.lang.InterruptedException: sleep interrupted
2019-10-17 06:31:31,623 [0f256f10-8056-416e-a2a4-dd085f6c7864@group-9ED9FEE0098D-LeaderElection211] INFO  impl.LeaderElection (LeaderElection.java:logAndReturn(56)) - 0f256f10-8056-416e-a2a4-dd085f6c7864@group-9ED9FEE0098D-LeaderElection211: Election REJECTED; received 2 response(s) [0f256f10-8056-416e-a2a4-dd085f6c7864<-2f64f904-2283-4e96-b4e2-6c9018f13084#0:FAIL-t226, 0f256f10-8056-416e-a2a4-dd085f6c7864<-07fb1a7b-fe02-4a56-ac24-3020e88d4db0#0:FAIL-t226] and 0 exception(s); 0f256f10-8056-416e-a2a4-dd085f6c7864@group-9ED9FEE0098D:t226, leader=null, voted=0f256f10-8056-416e-a2a4-dd085f6c7864, raftlog=0f256f10-8056-416e-a2a4-dd085f6c7864@group-9ED9FEE0098D-SegmentedRaftLog:OPENED:c-1,f-1,i0, conf=-1: [2f64f904-2283-4e96-b4e2-6c9018f13084:192.168.34.62:40373, 0f256f10-8056-416e-a2a4-dd085f6c7864:192.168.34.62:35674, 07fb1a7b-fe02-4a56-ac24-3020e88d4db0:192.168.34.62:46434], old=null
2019-10-17 06:31:31,623 [0f256f10-8056-416e-a2a4-dd085f6c7864@group-9ED9FEE0098D-LeaderElection211] INFO  impl.RaftServerImpl (RaftServerImpl.java:setRole(184)) - 0f256f10-8056-416e-a2a4-dd085f6c7864@group-9ED9FEE0098D: changes role from CANDIDATE to FOLLOWER at term 226 for DISCOVERED_A_NEW_TERM
2019-10-17 06:31:31,623 [0f256f10-8056-416e-a2a4-dd085f6c7864@group-9ED9FEE0098D-LeaderElection211] INFO  impl.RoleInfo (RoleInfo.java:shutdownLeaderElection(134)) - 0f256f10-8056-416e-a2a4-dd085f6c7864: shutdown LeaderElection
2019-10-17 06:31:31,623 [0f256f10-8056-416e-a2a4-dd085f6c7864@group-9ED9FEE0098D-LeaderElection211] INFO  impl.RoleInfo (RoleInfo.java:updateAndGet(143)) - 0f256f10-8056-416e-a2a4-dd085f6c7864: start FollowerState
2019-10-17 06:31:31,648 [Thread-1202] INFO  ozone.MiniOzoneClusterImpl (MiniOzoneClusterImpl.java:lambda$waitForClusterToBeReady$2(164)) - Waiting for 1 number of pipelines out of 4, to report a leader.
2019-10-17 06:31:31,777 [Thread-2782] INFO  impl.FollowerState (FollowerState.java:run(108)) - 0f256f10-8056-416e-a2a4-dd085f6c7864@group-9ED9FEE0098D-FollowerState: change to CANDIDATE, lastRpcTime:153ms, electionTimeout:153ms
2019-10-17 06:31:31,777 [Thread-2782] INFO  impl.RoleInfo (RoleInfo.java:shutdownFollowerState(121)) - 0f256f10-8056-416e-a2a4-dd085f6c7864: shutdown FollowerState
2019-10-17 06:31:31,777 [Thread-2782] INFO  impl.RaftServerImpl (RaftServerImpl.java:setRole(184)) - 0f256f10-8056-416e-a2a4-dd085f6c7864@group-9ED9FEE0098D: changes role from  FOLLOWER to CANDIDATE at term 226 for changeToCandidate
2019-10-17 06:31:31,777 [Thread-2782] INFO  impl.RoleInfo (RoleInfo.java:updateAndGet(143)) - 0f256f10-8056-416e-a2a4-dd085f6c7864: start LeaderElection
2019-10-17 06:31:31,823 [0f256f10-8056-416e-a2a4-dd085f6c7864@group-9ED9FEE0098D-LeaderElection212] INFO  impl.LeaderElection (LeaderElection.java:askForVotes(178)) - 0f256f10-8056-416e-a2a4-dd085f6c7864@group-9ED9FEE0098D-LeaderElection212: begin an election at term 227 for -1: [2f64f904-2283-4e96-b4e2-6c9018f13084:192.168.34.62:40373, 0f256f10-8056-416e-a2a4-dd085f6c7864:192.168.34.62:35674, 07fb1a7b-fe02-4a56-ac24-3020e88d4db0:192.168.34.62:46434], old=null
2019-10-17 06:31:31,825 [grpc-default-executor-1] INFO  impl.RaftServerImpl (RaftServerImpl.java:setRole(184)) - 07fb1a7b-fe02-4a56-ac24-3020e88d4db0@group-9ED9FEE0098D: changes role from  FOLLOWER to FOLLOWER at term 227 for recognizeCandidate:0f256f10-8056-416e-a2a4-dd085f6c7864
2019-10-17 06:31:31,826 [0f256f10-8056-416e-a2a4-dd085f6c7864@group-9ED9FEE0098D-LeaderElection212] INFO  impl.LeaderElection (LeaderElection.java:logAndReturn(56)) - 0f256f10-8056-416e-a2a4-dd085f6c7864@group-9ED9FEE0098D-LeaderElection212: Election TIMEOUT; received 0 response(s) [] and 0 exception(s); 0f256f10-8056-416e-a2a4-dd085f6c7864@group-9ED9FEE0098D:t227, leader=null, voted=0f256f10-8056-416e-a2a4-dd085f6c7864, raftlog=0f256f10-8056-416e-a2a4-dd085f6c7864@group-9ED9FEE0098D-SegmentedRaftLog:OPENED:c-1,f-1,i0, conf=-1: [2f64f904-2283-4e96-b4e2-6c9018f13084:192.168.34.62:40373, 0f256f10-8056-416e-a2a4-dd085f6c7864:192.168.34.62:35674, 07fb1a7b-fe02-4a56-ac24-3020e88d4db0:192.168.34.62:46434], old=null
2019-10-17 06:31:31,826 [grpc-default-executor-1] INFO  impl.RoleInfo (RoleInfo.java:shutdownFollowerState(121)) - 07fb1a7b-fe02-4a56-ac24-3020e88d4db0: shutdown FollowerState
2019-10-17 06:31:31,826 [grpc-default-executor-6] INFO  impl.RaftServerImpl (RaftServerImpl.java:setRole(184)) - 2f64f904-2283-4e96-b4e2-6c9018f13084@group-9ED9FEE0098D: changes role from  FOLLOWER to FOLLOWER at term 227 for recognizeCandidate:0f256f10-8056-416e-a2a4-dd085f6c7864
2019-10-17 06:31:31,826 [grpc-default-executor-6] INFO  impl.RoleInfo (RoleInfo.java:shutdownFollowerState(121)) - 2f64f904-2283-4e96-b4e2-6c9018f13084: shutdown FollowerState
2019-10-17 06:31:31,826 [grpc-default-executor-1] INFO  impl.RoleInfo (RoleInfo.java:updateAndGet(143)) - 07fb1a7b-fe02-4a56-ac24-3020e88d4db0: start FollowerState
2019-10-17 06:31:31,826 [Thread-2780] INFO  impl.FollowerState (FollowerState.java:run(117)) - 2f64f904-2283-4e96-b4e2-6c9018f13084@group-9ED9FEE0098D-FollowerState was interrupted: java.lang.InterruptedException: sleep interrupted
2019-10-17 06:31:31,826 [grpc-default-executor-6] INFO  impl.RoleInfo (RoleInfo.java:updateAndGet(143)) - 2f64f904-2283-4e96-b4e2-6c9018f13084: start FollowerState
2019-10-17 06:31:31,826 [Thread-2781] INFO  impl.FollowerState (FollowerState.java:run(117)) - 07fb1a7b-fe02-4a56-ac24-3020e88d4db0@group-9ED9FEE0098D-FollowerState was interrupted: java.lang.InterruptedException: sleep interrupted
2019-10-17 06:31:31,850 [0f256f10-8056-416e-a2a4-dd085f6c7864@group-9ED9FEE0098D-LeaderElection212] INFO  impl.LeaderElection (LeaderElection.java:askForVotes(178)) - 0f256f10-8056-416e-a2a4-dd085f6c7864@group-9ED9FEE0098D-LeaderElection212: begin an election at term 228 for -1: [2f64f904-2283-4e96-b4e2-6c9018f13084:192.168.34.62:40373, 0f256f10-8056-416e-a2a4-dd085f6c7864:192.168.34.62:35674, 07fb1a7b-fe02-4a56-ac24-3020e88d4db0:192.168.34.62:46434], old=null
2019-10-17 06:31:31,852 [grpc-default-executor-6] INFO  impl.RaftServerImpl (RaftServerImpl.java:setRole(184)) - 07fb1a7b-fe02-4a56-ac24-3020e88d4db0@group-9ED9FEE0098D: changes role from  FOLLOWER to FOLLOWER at term 228 for recognizeCandidate:0f256f10-8056-416e-a2a4-dd085f6c7864
2019-10-17 06:31:31,852 [grpc-default-executor-1] INFO  impl.RaftServerImpl (RaftServerImpl.java:setRole(184)) - 2f64f904-2283-4e96-b4e2-6c9018f13084@group-9ED9FEE0098D: changes role from  FOLLOWER to FOLLOWER at term 228 for recognizeCandidate:0f256f10-8056-416e-a2a4-dd085f6c7864
2019-10-17 06:31:31,852 [grpc-default-executor-6] INFO  impl.RoleInfo (RoleInfo.java:shutdownFollowerState(121)) - 07fb1a7b-fe02-4a56-ac24-3020e88d4db0: shutdown FollowerState
2019-10-17 06:31:31,853 [grpc-default-executor-1] INFO  impl.RoleInfo (RoleInfo.java:shutdownFollowerState(121)) - 2f64f904-2283-4e96-b4e2-6c9018f13084: shutdown FollowerState
2019-10-17 06:31:31,853 [Thread-2786] INFO  impl.FollowerState (FollowerState.java:run(117)) - 07fb1a7b-fe02-4a56-ac24-3020e88d4db0@group-9ED9FEE0098D-FollowerState was interrupted: java.lang.InterruptedException: sleep interrupted
2019-10-17 06:31:31,853 [grpc-default-executor-6] INFO  impl.RoleInfo (RoleInfo.java:updateAndGet(143)) - 07fb1a7b-fe02-4a56-ac24-3020e88d4db0: start FollowerState
2019-10-17 06:31:31,853 [Thread-2787] INFO  impl.FollowerState (FollowerState.java:run(117)) - 2f64f904-2283-4e96-b4e2-6c9018f13084@group-9ED9FEE0098D-FollowerState was interrupted: java.lang.InterruptedException: sleep interrupted
2019-10-17 06:31:31,853 [grpc-default-executor-1] INFO  impl.RoleInfo (RoleInfo.java:updateAndGet(143)) - 2f64f904-2283-4e96-b4e2-6c9018f13084: start FollowerState
2019-10-17 06:31:31,889 [0f256f10-8056-416e-a2a4-dd085f6c7864@group-9ED9FEE0098D-LeaderElection212] INFO  impl.LeaderElection (LeaderElection.java:logAndReturn(56)) - 0f256f10-8056-416e-a2a4-dd085f6c7864@group-9ED9FEE0098D-LeaderElection212: Election REJECTED; received 2 response(s) [0f256f10-8056-416e-a2a4-dd085f6c7864<-2f64f904-2283-4e96-b4e2-6c9018f13084#0:FAIL-t228, 0f256f10-8056-416e-a2a4-dd085f6c7864<-07fb1a7b-fe02-4a56-ac24-3020e88d4db0#0:FAIL-t228] and 0 exception(s); 0f256f10-8056-416e-a2a4-dd085f6c7864@group-9ED9FEE0098D:t228, leader=null, voted=0f256f10-8056-416e-a2a4-dd085f6c7864, raftlog=0f256f10-8056-416e-a2a4-dd085f6c7864@group-9ED9FEE0098D-SegmentedRaftLog:OPENED:c-1,f-1,i0, conf=-1: [2f64f904-2283-4e96-b4e2-6c9018f13084:192.168.34.62:40373, 0f256f10-8056-416e-a2a4-dd085f6c7864:192.168.34.62:35674, 07fb1a7b-fe02-4a56-ac24-3020e88d4db0:192.168.34.62:46434], old=null
2019-10-17 06:31:31,889 [0f256f10-8056-416e-a2a4-dd085f6c7864@group-9ED9FEE0098D-LeaderElection212] INFO  impl.RaftServerImpl (RaftServerImpl.java:setRole(184)) - 0f256f10-8056-416e-a2a4-dd085f6c7864@group-9ED9FEE0098D: changes role from CANDIDATE to FOLLOWER at term 228 for DISCOVERED_A_NEW_TERM
2019-10-17 06:31:31,890 [0f256f10-8056-416e-a2a4-dd085f6c7864@group-9ED9FEE0098D-LeaderElection212] INFO  impl.RoleInfo (RoleInfo.java:shutdownLeaderElection(134)) - 0f256f10-8056-416e-a2a4-dd085f6c7864: shutdown LeaderElection
2019-10-17 06:31:31,890 [0f256f10-8056-416e-a2a4-dd085f6c7864@group-9ED9FEE0098D-LeaderElection212] INFO  impl.RoleInfo (RoleInfo.java:updateAndGet(143)) - 0f256f10-8056-416e-a2a4-dd085f6c7864: start FollowerState
2019-10-17 06:31:32,009 [Thread-2792] INFO  impl.FollowerState (FollowerState.java:run(108)) - 0f256f10-8056-416e-a2a4-dd085f6c7864@group-9ED9FEE0098D-FollowerState: change to CANDIDATE, lastRpcTime:119ms, electionTimeout:119ms
2019-10-17 06:31:32,010 [Thread-2792] INFO  impl.RoleInfo (RoleInfo.java:shutdownFollowerState(121)) - 0f256f10-8056-416e-a2a4-dd085f6c7864: shutdown FollowerState
2019-10-17 06:31:32,010 [Thread-2792] INFO  impl.RaftServerImpl (RaftServerImpl.java:setRole(184)) - 0f256f10-8056-416e-a2a4-dd085f6c7864@group-9ED9FEE0098D: changes role from  FOLLOWER to CANDIDATE at term 228 for changeToCandidate
2019-10-17 06:31:32,010 [Thread-2792] INFO  impl.RoleInfo (RoleInfo.java:updateAndGet(143)) - 0f256f10-8056-416e-a2a4-dd085f6c7864: start LeaderElection
2019-10-17 06:31:32,058 [0f256f10-8056-416e-a2a4-dd085f6c7864@group-9ED9FEE0098D-LeaderElection213] INFO  impl.LeaderElection (LeaderElection.java:askForVotes(178)) - 0f256f10-8056-416e-a2a4-dd085f6c7864@group-9ED9FEE0098D-LeaderElection213: begin an election at term 229 for -1: [2f64f904-2283-4e96-b4e2-6c9018f13084:192.168.34.62:40373, 0f256f10-8056-416e-a2a4-dd085f6c7864:192.168.34.62:35674, 07fb1a7b-fe02-4a56-ac24-3020e88d4db0:192.168.34.62:46434], old=null
2019-10-17 06:31:32,061 [grpc-default-executor-1] INFO  impl.RaftServerImpl (RaftServerImpl.java:setRole(184)) - 07fb1a7b-fe02-4a56-ac24-3020e88d4db0@group-9ED9FEE0098D: changes role from  FOLLOWER to FOLLOWER at term 229 for recognizeCandidate:0f256f10-8056-416e-a2a4-dd085f6c7864
2019-10-17 06:31:32,061 [grpc-default-executor-6] INFO  impl.RaftServerImpl (RaftServerImpl.java:setRole(184)) - 2f64f904-2283-4e96-b4e2-6c9018f13084@group-9ED9FEE0098D: changes role from  FOLLOWER to FOLLOWER at term 229 for recognizeCandidate:0f256f10-8056-416e-a2a4-dd085f6c7864
2019-10-17 06:31:32,061 [grpc-default-executor-1] INFO  impl.RoleInfo (RoleInfo.java:shutdownFollowerState(121)) - 07fb1a7b-fe02-4a56-ac24-3020e88d4db0: shutdown FollowerState
2019-10-17 06:31:32,061 [grpc-default-executor-6] INFO  impl.RoleInfo (RoleInfo.java:shutdownFollowerState(121)) - 2f64f904-2283-4e96-b4e2-6c9018f13084: shutdown FollowerState
2019-10-17 06:31:32,061 [Thread-2790] INFO  impl.FollowerState (FollowerState.java:run(117)) - 07fb1a7b-fe02-4a56-ac24-3020e88d4db0@group-9ED9FEE0098D-FollowerState was interrupted: java.lang.InterruptedException: sleep interrupted
2019-10-17 06:31:32,061 [grpc-default-executor-1] INFO  impl.RoleInfo (RoleInfo.java:updateAndGet(143)) - 07fb1a7b-fe02-4a56-ac24-3020e88d4db0: start FollowerState
2019-10-17 06:31:32,061 [Thread-2791] INFO  impl.FollowerState (FollowerState.java:run(117)) - 2f64f904-2283-4e96-b4e2-6c9018f13084@group-9ED9FEE0098D-FollowerState was interrupted: java.lang.InterruptedException: sleep interrupted
2019-10-17 06:31:32,061 [grpc-default-executor-6] INFO  impl.RoleInfo (RoleInfo.java:updateAndGet(143)) - 2f64f904-2283-4e96-b4e2-6c9018f13084: start FollowerState
2019-10-17 06:31:32,111 [0f256f10-8056-416e-a2a4-dd085f6c7864@group-9ED9FEE0098D-LeaderElection213] INFO  impl.LeaderElection (LeaderElection.java:logAndReturn(56)) - 0f256f10-8056-416e-a2a4-dd085f6c7864@group-9ED9FEE0098D-LeaderElection213: Election REJECTED; received 2 response(s) [0f256f10-8056-416e-a2a4-dd085f6c7864<-2f64f904-2283-4e96-b4e2-6c9018f13084#0:FAIL-t229, 0f256f10-8056-416e-a2a4-dd085f6c7864<-07fb1a7b-fe02-4a56-ac24-3020e88d4db0#0:FAIL-t229] and 0 exception(s); 0f256f10-8056-416e-a2a4-dd085f6c7864@group-9ED9FEE0098D:t229, leader=null, voted=0f256f10-8056-416e-a2a4-dd085f6c7864, raftlog=0f256f10-8056-416e-a2a4-dd085f6c7864@group-9ED9FEE0098D-SegmentedRaftLog:OPENED:c-1,f-1,i0, conf=-1: [2f64f904-2283-4e96-b4e2-6c9018f13084:192.168.34.62:40373, 0f256f10-8056-416e-a2a4-dd085f6c7864:192.168.34.62:35674, 07fb1a7b-fe02-4a56-ac24-3020e88d4db0:192.168.34.62:46434], old=null
2019-10-17 06:31:32,111 [0f256f10-8056-416e-a2a4-dd085f6c7864@group-9ED9FEE0098D-LeaderElection213] INFO  impl.RaftServerImpl (RaftServerImpl.java:setRole(184)) - 0f256f10-8056-416e-a2a4-dd085f6c7864@group-9ED9FEE0098D: changes role from CANDIDATE to FOLLOWER at term 229 for DISCOVERED_A_NEW_TERM
2019-10-17 06:31:32,111 [0f256f10-8056-416e-a2a4-dd085f6c7864@group-9ED9FEE0098D-LeaderElection213] INFO  impl.RoleInfo (RoleInfo.java:shutdownLeaderElection(134)) - 0f256f10-8056-416e-a2a4-dd085f6c7864: shutdown LeaderElection
2019-10-17 06:31:32,111 [0f256f10-8056-416e-a2a4-dd085f6c7864@group-9ED9FEE0098D-LeaderElection213] INFO  impl.RoleInfo (RoleInfo.java:updateAndGet(143)) - 0f256f10-8056-416e-a2a4-dd085f6c7864: start FollowerState
2019-10-17 06:31:32,282 [Thread-2798] INFO  impl.FollowerState (FollowerState.java:run(108)) - 0f256f10-8056-416e-a2a4-dd085f6c7864@group-9ED9FEE0098D-FollowerState: change to CANDIDATE, lastRpcTime:170ms, electionTimeout:170ms
2019-10-17 06:31:32,282 [Thread-2798] INFO  impl.RoleInfo (RoleInfo.java:shutdownFollowerState(121)) - 0f256f10-8056-416e-a2a4-dd085f6c7864: shutdown FollowerState
2019-10-17 06:31:32,282 [Thread-2798] INFO  impl.RaftServerImpl (RaftServerImpl.java:setRole(184)) - 0f256f10-8056-416e-a2a4-dd085f6c7864@group-9ED9FEE0098D: changes role from  FOLLOWER to CANDIDATE at term 229 for changeToCandidate
2019-10-17 06:31:32,282 [Thread-2798] INFO  impl.RoleInfo (RoleInfo.java:updateAndGet(143)) - 0f256f10-8056-416e-a2a4-dd085f6c7864: start LeaderElection
2019-10-17 06:31:32,329 [0f256f10-8056-416e-a2a4-dd085f6c7864@group-9ED9FEE0098D-LeaderElection214] INFO  impl.LeaderElection (LeaderElection.java:askForVotes(178)) - 0f256f10-8056-416e-a2a4-dd085f6c7864@group-9ED9FEE0098D-LeaderElection214: begin an election at term 230 for -1: [2f64f904-2283-4e96-b4e2-6c9018f13084:192.168.34.62:40373, 0f256f10-8056-416e-a2a4-dd085f6c7864:192.168.34.62:35674, 07fb1a7b-fe02-4a56-ac24-3020e88d4db0:192.168.34.62:46434], old=null
2019-10-17 06:31:32,332 [grpc-default-executor-6] INFO  impl.RaftServerImpl (RaftServerImpl.java:setRole(184)) - 2f64f904-2283-4e96-b4e2-6c9018f13084@group-9ED9FEE0098D: changes role from  FOLLOWER to FOLLOWER at term 230 for recognizeCandidate:0f256f10-8056-416e-a2a4-dd085f6c7864
2019-10-17 06:31:32,332 [grpc-default-executor-1] INFO  impl.RaftServerImpl (RaftServerImpl.java:setRole(184)) - 07fb1a7b-fe02-4a56-ac24-3020e88d4db0@group-9ED9FEE0098D: changes role from  FOLLOWER to FOLLOWER at term 230 for recognizeCandidate:0f256f10-8056-416e-a2a4-dd085f6c7864
2019-10-17 06:31:32,332 [grpc-default-executor-6] INFO  impl.RoleInfo (RoleInfo.java:shutdownFollowerState(121)) - 2f64f904-2283-4e96-b4e2-6c9018f13084: shutdown FollowerState
2019-10-17 06:31:32,332 [grpc-default-executor-1] INFO  impl.RoleInfo (RoleInfo.java:shutdownFollowerState(121)) - 07fb1a7b-fe02-4a56-ac24-3020e88d4db0: shutdown FollowerState
2019-10-17 06:31:32,332 [grpc-default-executor-6] INFO  impl.RoleInfo (RoleInfo.java:updateAndGet(143)) - 2f64f904-2283-4e96-b4e2-6c9018f13084: start FollowerState
2019-10-17 06:31:32,333 [Thread-2796] INFO  impl.FollowerState (FollowerState.java:run(117)) - 07fb1a7b-fe02-4a56-ac24-3020e88d4db0@group-9ED9FEE0098D-FollowerState was interrupted: java.lang.InterruptedException: sleep interrupted
2019-10-17 06:31:32,332 [grpc-default-executor-1] INFO  impl.RoleInfo (RoleInfo.java:updateAndGet(143)) - 07fb1a7b-fe02-4a56-ac24-3020e88d4db0: start FollowerState
2019-10-17 06:31:32,332 [Thread-2797] INFO  impl.FollowerState (FollowerState.java:run(117)) - 2f64f904-2283-4e96-b4e2-6c9018f13084@group-9ED9FEE0098D-FollowerState was interrupted: java.lang.InterruptedException: sleep interrupted
2019-10-17 06:31:32,380 [0f256f10-8056-416e-a2a4-dd085f6c7864@group-9ED9FEE0098D-LeaderElection214] INFO  impl.LeaderElection (LeaderElection.java:logAndReturn(56)) - 0f256f10-8056-416e-a2a4-dd085f6c7864@group-9ED9FEE0098D-LeaderElection214: Election REJECTED; received 2 response(s) [0f256f10-8056-416e-a2a4-dd085f6c7864<-2f64f904-2283-4e96-b4e2-6c9018f13084#0:FAIL-t230, 0f256f10-8056-416e-a2a4-dd085f6c7864<-07fb1a7b-fe02-4a56-ac24-3020e88d4db0#0:FAIL-t230] and 0 exception(s); 0f256f10-8056-416e-a2a4-dd085f6c7864@group-9ED9FEE0098D:t230, leader=null, voted=0f256f10-8056-416e-a2a4-dd085f6c7864, raftlog=0f256f10-8056-416e-a2a4-dd085f6c7864@group-9ED9FEE0098D-SegmentedRaftLog:OPENED:c-1,f-1,i0, conf=-1: [2f64f904-2283-4e96-b4e2-6c9018f13084:192.168.34.62:40373, 0f256f10-8056-416e-a2a4-dd085f6c7864:192.168.34.62:35674, 07fb1a7b-fe02-4a56-ac24-3020e88d4db0:192.168.34.62:46434], old=null
2019-10-17 06:31:32,380 [0f256f10-8056-416e-a2a4-dd085f6c7864@group-9ED9FEE0098D-LeaderElection214] INFO  impl.RaftServerImpl (RaftServerImpl.java:setRole(184)) - 0f256f10-8056-416e-a2a4-dd085f6c7864@group-9ED9FEE0098D: changes role from CANDIDATE to FOLLOWER at term 230 for DISCOVERED_A_NEW_TERM
2019-10-17 06:31:32,380 [0f256f10-8056-416e-a2a4-dd085f6c7864@group-9ED9FEE0098D-LeaderElection214] INFO  impl.RoleInfo (RoleInfo.java:shutdownLeaderElection(134)) - 0f256f10-8056-416e-a2a4-dd085f6c7864: shutdown LeaderElection
2019-10-17 06:31:32,380 [0f256f10-8056-416e-a2a4-dd085f6c7864@group-9ED9FEE0098D-LeaderElection214] INFO  impl.RoleInfo (RoleInfo.java:updateAndGet(143)) - 0f256f10-8056-416e-a2a4-dd085f6c7864: start FollowerState
2019-10-17 06:31:32,417 [Thread-2804] INFO  impl.FollowerState (FollowerState.java:run(108)) - 0f256f10-8056-416e-a2a4-dd085f6c7864@group-9ED9FEE0098D-FollowerState: change to CANDIDATE, lastRpcTime:36ms, electionTimeout:36ms
2019-10-17 06:31:32,417 [Thread-2804] INFO  impl.RoleInfo (RoleInfo.java:shutdownFollowerState(121)) - 0f256f10-8056-416e-a2a4-dd085f6c7864: shutdown FollowerState
2019-10-17 06:31:32,417 [Thread-2804] INFO  impl.RaftServerImpl (RaftServerImpl.java:setRole(184)) - 0f256f10-8056-416e-a2a4-dd085f6c7864@group-9ED9FEE0098D: changes role from  FOLLOWER to CANDIDATE at term 230 for changeToCandidate
2019-10-17 06:31:32,417 [Thread-2804] INFO  impl.RoleInfo (RoleInfo.java:updateAndGet(143)) - 0f256f10-8056-416e-a2a4-dd085f6c7864: start LeaderElection
2019-10-17 06:31:32,464 [0f256f10-8056-416e-a2a4-dd085f6c7864@group-9ED9FEE0098D-LeaderElection215] INFO  impl.LeaderElection (LeaderElection.java:askForVotes(178)) - 0f256f10-8056-416e-a2a4-dd085f6c7864@group-9ED9FEE0098D-LeaderElection215: begin an election at term 231 for -1: [2f64f904-2283-4e96-b4e2-6c9018f13084:192.168.34.62:40373, 0f256f10-8056-416e-a2a4-dd085f6c7864:192.168.34.62:35674, 07fb1a7b-fe02-4a56-ac24-3020e88d4db0:192.168.34.62:46434], old=null
2019-10-17 06:31:32,466 [grpc-default-executor-1] INFO  impl.RaftServerImpl (RaftServerImpl.java:setRole(184)) - 2f64f904-2283-4e96-b4e2-6c9018f13084@group-9ED9FEE0098D: changes role from  FOLLOWER to FOLLOWER at term 231 for recognizeCandidate:0f256f10-8056-416e-a2a4-dd085f6c7864
2019-10-17 06:31:32,466 [grpc-default-executor-1] INFO  impl.RoleInfo (RoleInfo.java:shutdownFollowerState(121)) - 2f64f904-2283-4e96-b4e2-6c9018f13084: shutdown FollowerState
2019-10-17 06:31:32,466 [grpc-default-executor-1] INFO  impl.RoleInfo (RoleInfo.java:updateAndGet(143)) - 2f64f904-2283-4e96-b4e2-6c9018f13084: start FollowerState
2019-10-17 06:31:32,466 [grpc-default-executor-6] INFO  impl.RaftServerImpl (RaftServerImpl.java:setRole(184)) - 07fb1a7b-fe02-4a56-ac24-3020e88d4db0@group-9ED9FEE0098D: changes role from  FOLLOWER to FOLLOWER at term 231 for recognizeCandidate:0f256f10-8056-416e-a2a4-dd085f6c7864
2019-10-17 06:31:32,467 [grpc-default-executor-6] INFO  impl.RoleInfo (RoleInfo.java:shutdownFollowerState(121)) - 07fb1a7b-fe02-4a56-ac24-3020e88d4db0: shutdown FollowerState
2019-10-17 06:31:32,466 [Thread-2802] INFO  impl.FollowerState (FollowerState.java:run(117)) - 2f64f904-2283-4e96-b4e2-6c9018f13084@group-9ED9FEE0098D-FollowerState was interrupted: java.lang.InterruptedException: sleep interrupted
2019-10-17 06:31:32,467 [Thread-2803] INFO  impl.FollowerState (FollowerState.java:run(117)) - 07fb1a7b-fe02-4a56-ac24-3020e88d4db0@group-9ED9FEE0098D-FollowerState was interrupted: java.lang.InterruptedException: sleep interrupted
2019-10-17 06:31:32,467 [grpc-default-executor-6] INFO  impl.RoleInfo (RoleInfo.java:updateAndGet(143)) - 07fb1a7b-fe02-4a56-ac24-3020e88d4db0: start FollowerState
2019-10-17 06:31:32,512 [0f256f10-8056-416e-a2a4-dd085f6c7864@group-9ED9FEE0098D-LeaderElection215] INFO  impl.LeaderElection (LeaderElection.java:logAndReturn(56)) - 0f256f10-8056-416e-a2a4-dd085f6c7864@group-9ED9FEE0098D-LeaderElection215: Election REJECTED; received 2 response(s) [0f256f10-8056-416e-a2a4-dd085f6c7864<-2f64f904-2283-4e96-b4e2-6c9018f13084#0:FAIL-t231, 0f256f10-8056-416e-a2a4-dd085f6c7864<-07fb1a7b-fe02-4a56-ac24-3020e88d4db0#0:FAIL-t231] and 0 exception(s); 0f256f10-8056-416e-a2a4-dd085f6c7864@group-9ED9FEE0098D:t231, leader=null, voted=0f256f10-8056-416e-a2a4-dd085f6c7864, raftlog=0f256f10-8056-416e-a2a4-dd085f6c7864@group-9ED9FEE0098D-SegmentedRaftLog:OPENED:c-1,f-1,i0, conf=-1: [2f64f904-2283-4e96-b4e2-6c9018f13084:192.168.34.62:40373, 0f256f10-8056-416e-a2a4-dd085f6c7864:192.168.34.62:35674, 07fb1a7b-fe02-4a56-ac24-3020e88d4db0:192.168.34.62:46434], old=null
2019-10-17 06:31:32,512 [0f256f10-8056-416e-a2a4-dd085f6c7864@group-9ED9FEE0098D-LeaderElection215] INFO  impl.RaftServerImpl (RaftServerImpl.java:setRole(184)) - 0f256f10-8056-416e-a2a4-dd085f6c7864@group-9ED9FEE0098D: changes role from CANDIDATE to FOLLOWER at term 231 for DISCOVERED_A_NEW_TERM
2019-10-17 06:31:32,512 [0f256f10-8056-416e-a2a4-dd085f6c7864@group-9ED9FEE0098D-LeaderElection215] INFO  impl.RoleInfo (RoleInfo.java:shutdownLeaderElection(134)) - 0f256f10-8056-416e-a2a4-dd085f6c7864: shutdown LeaderElection
2019-10-17 06:31:32,513 [0f256f10-8056-416e-a2a4-dd085f6c7864@group-9ED9FEE0098D-LeaderElection215] INFO  impl.RoleInfo (RoleInfo.java:updateAndGet(143)) - 0f256f10-8056-416e-a2a4-dd085f6c7864: start FollowerState
2019-10-17 06:31:32,649 [Thread-1202] INFO  ozone.MiniOzoneClusterImpl (MiniOzoneClusterImpl.java:lambda$waitForClusterToBeReady$2(164)) - Waiting for 1 number of pipelines out of 4, to report a leader.
2019-10-17 06:31:32,689 [Thread-2810] INFO  impl.FollowerState (FollowerState.java:run(108)) - 0f256f10-8056-416e-a2a4-dd085f6c7864@group-9ED9FEE0098D-FollowerState: change to CANDIDATE, lastRpcTime:176ms, electionTimeout:176ms
2019-10-17 06:31:32,689 [Thread-2810] INFO  impl.RoleInfo (RoleInfo.java:shutdownFollowerState(121)) - 0f256f10-8056-416e-a2a4-dd085f6c7864: shutdown FollowerState
2019-10-17 06:31:32,689 [Thread-2810] INFO  impl.RaftServerImpl (RaftServerImpl.java:setRole(184)) - 0f256f10-8056-416e-a2a4-dd085f6c7864@group-9ED9FEE0098D: changes role from  FOLLOWER to CANDIDATE at term 231 for changeToCandidate
2019-10-17 06:31:32,690 [Thread-2810] INFO  impl.RoleInfo (RoleInfo.java:updateAndGet(143)) - 0f256f10-8056-416e-a2a4-dd085f6c7864: start LeaderElection
2019-10-17 06:31:32,726 [0f256f10-8056-416e-a2a4-dd085f6c7864@group-9ED9FEE0098D-LeaderElection216] INFO  impl.LeaderElection (LeaderElection.java:askForVotes(178)) - 0f256f10-8056-416e-a2a4-dd085f6c7864@group-9ED9FEE0098D-LeaderElection216: begin an election at term 232 for -1: [2f64f904-2283-4e96-b4e2-6c9018f13084:192.168.34.62:40373, 0f256f10-8056-416e-a2a4-dd085f6c7864:192.168.34.62:35674, 07fb1a7b-fe02-4a56-ac24-3020e88d4db0:192.168.34.62:46434], old=null
2019-10-17 06:31:32,729 [grpc-default-executor-6] INFO  impl.RaftServerImpl (RaftServerImpl.java:setRole(184)) - 2f64f904-2283-4e96-b4e2-6c9018f13084@group-9ED9FEE0098D: changes role from  FOLLOWER to FOLLOWER at term 232 for recognizeCandidate:0f256f10-8056-416e-a2a4-dd085f6c7864
2019-10-17 06:31:32,729 [grpc-default-executor-6] INFO  impl.RoleInfo (RoleInfo.java:shutdownFollowerState(121)) - 2f64f904-2283-4e96-b4e2-6c9018f13084: shutdown FollowerState
2019-10-17 06:31:32,729 [grpc-default-executor-1] INFO  impl.RaftServerImpl (RaftServerImpl.java:setRole(184)) - 07fb1a7b-fe02-4a56-ac24-3020e88d4db0@group-9ED9FEE0098D: changes role from  FOLLOWER to FOLLOWER at term 232 for recognizeCandidate:0f256f10-8056-416e-a2a4-dd085f6c7864
2019-10-17 06:31:32,729 [Thread-2808] INFO  impl.FollowerState (FollowerState.java:run(117)) - 2f64f904-2283-4e96-b4e2-6c9018f13084@group-9ED9FEE0098D-FollowerState was interrupted: java.lang.InterruptedException: sleep interrupted
2019-10-17 06:31:32,729 [grpc-default-executor-6] INFO  impl.RoleInfo (RoleInfo.java:updateAndGet(143)) - 2f64f904-2283-4e96-b4e2-6c9018f13084: start FollowerState
2019-10-17 06:31:32,729 [grpc-default-executor-1] INFO  impl.RoleInfo (RoleInfo.java:shutdownFollowerState(121)) - 07fb1a7b-fe02-4a56-ac24-3020e88d4db0: shutdown FollowerState
2019-10-17 06:31:32,730 [grpc-default-executor-1] INFO  impl.RoleInfo (RoleInfo.java:updateAndGet(143)) - 07fb1a7b-fe02-4a56-ac24-3020e88d4db0: start FollowerState
2019-10-17 06:31:32,730 [Thread-2809] INFO  impl.FollowerState (FollowerState.java:run(117)) - 07fb1a7b-fe02-4a56-ac24-3020e88d4db0@group-9ED9FEE0098D-FollowerState was interrupted: java.lang.InterruptedException: sleep interrupted
2019-10-17 06:31:32,760 [0f256f10-8056-416e-a2a4-dd085f6c7864@group-9ED9FEE0098D-LeaderElection216] INFO  impl.LeaderElection (LeaderElection.java:logAndReturn(56)) - 0f256f10-8056-416e-a2a4-dd085f6c7864@group-9ED9FEE0098D-LeaderElection216: Election REJECTED; received 2 response(s) [0f256f10-8056-416e-a2a4-dd085f6c7864<-2f64f904-2283-4e96-b4e2-6c9018f13084#0:FAIL-t232, 0f256f10-8056-416e-a2a4-dd085f6c7864<-07fb1a7b-fe02-4a56-ac24-3020e88d4db0#0:FAIL-t232] and 0 exception(s); 0f256f10-8056-416e-a2a4-dd085f6c7864@group-9ED9FEE0098D:t232, leader=null, voted=0f256f10-8056-416e-a2a4-dd085f6c7864, raftlog=0f256f10-8056-416e-a2a4-dd085f6c7864@group-9ED9FEE0098D-SegmentedRaftLog:OPENED:c-1,f-1,i0, conf=-1: [2f64f904-2283-4e96-b4e2-6c9018f13084:192.168.34.62:40373, 0f256f10-8056-416e-a2a4-dd085f6c7864:192.168.34.62:35674, 07fb1a7b-fe02-4a56-ac24-3020e88d4db0:192.168.34.62:46434], old=null
2019-10-17 06:31:32,760 [0f256f10-8056-416e-a2a4-dd085f6c7864@group-9ED9FEE0098D-LeaderElection216] INFO  impl.RaftServerImpl (RaftServerImpl.java:setRole(184)) - 0f256f10-8056-416e-a2a4-dd085f6c7864@group-9ED9FEE0098D: changes role from CANDIDATE to FOLLOWER at term 232 for DISCOVERED_A_NEW_TERM
2019-10-17 06:31:32,760 [0f256f10-8056-416e-a2a4-dd085f6c7864@group-9ED9FEE0098D-LeaderElection216] INFO  impl.RoleInfo (RoleInfo.java:shutdownLeaderElection(134)) - 0f256f10-8056-416e-a2a4-dd085f6c7864: shutdown LeaderElection
2019-10-17 06:31:32,760 [0f256f10-8056-416e-a2a4-dd085f6c7864@group-9ED9FEE0098D-LeaderElection216] INFO  impl.RoleInfo (RoleInfo.java:updateAndGet(143)) - 0f256f10-8056-416e-a2a4-dd085f6c7864: start FollowerState
2019-10-17 06:31:32,937 [Thread-2816] INFO  impl.FollowerState (FollowerState.java:run(108)) - 0f256f10-8056-416e-a2a4-dd085f6c7864@group-9ED9FEE0098D-FollowerState: change to CANDIDATE, lastRpcTime:176ms, electionTimeout:176ms
2019-10-17 06:31:32,937 [Thread-2816] INFO  impl.RoleInfo (RoleInfo.java:shutdownFollowerState(121)) - 0f256f10-8056-416e-a2a4-dd085f6c7864: shutdown FollowerState
2019-10-17 06:31:32,937 [Thread-2816] INFO  impl.RaftServerImpl (RaftServerImpl.java:setRole(184)) - 0f256f10-8056-416e-a2a4-dd085f6c7864@group-9ED9FEE0098D: changes role from  FOLLOWER to CANDIDATE at term 232 for changeToCandidate
2019-10-17 06:31:32,937 [Thread-2816] INFO  impl.RoleInfo (RoleInfo.java:updateAndGet(143)) - 0f256f10-8056-416e-a2a4-dd085f6c7864: start LeaderElection
2019-10-17 06:31:32,980 [0f256f10-8056-416e-a2a4-dd085f6c7864@group-9ED9FEE0098D-LeaderElection217] INFO  impl.LeaderElection (LeaderElection.java:askForVotes(178)) - 0f256f10-8056-416e-a2a4-dd085f6c7864@group-9ED9FEE0098D-LeaderElection217: begin an election at term 233 for -1: [2f64f904-2283-4e96-b4e2-6c9018f13084:192.168.34.62:40373, 0f256f10-8056-416e-a2a4-dd085f6c7864:192.168.34.62:35674, 07fb1a7b-fe02-4a56-ac24-3020e88d4db0:192.168.34.62:46434], old=null
2019-10-17 06:31:32,982 [grpc-default-executor-6] INFO  impl.RaftServerImpl (RaftServerImpl.java:setRole(184)) - 07fb1a7b-fe02-4a56-ac24-3020e88d4db0@group-9ED9FEE0098D: changes role from  FOLLOWER to FOLLOWER at term 233 for recognizeCandidate:0f256f10-8056-416e-a2a4-dd085f6c7864
2019-10-17 06:31:32,982 [grpc-default-executor-1] INFO  impl.RaftServerImpl (RaftServerImpl.java:setRole(184)) - 2f64f904-2283-4e96-b4e2-6c9018f13084@group-9ED9FEE0098D: changes role from  FOLLOWER to FOLLOWER at term 233 for recognizeCandidate:0f256f10-8056-416e-a2a4-dd085f6c7864
2019-10-17 06:31:32,982 [grpc-default-executor-1] INFO  impl.RoleInfo (RoleInfo.java:shutdownFollowerState(121)) - 2f64f904-2283-4e96-b4e2-6c9018f13084: shutdown FollowerState
2019-10-17 06:31:32,982 [grpc-default-executor-6] INFO  impl.RoleInfo (RoleInfo.java:shutdownFollowerState(121)) - 07fb1a7b-fe02-4a56-ac24-3020e88d4db0: shutdown FollowerState
2019-10-17 06:31:32,982 [Thread-2814] INFO  impl.FollowerState (FollowerState.java:run(117)) - 2f64f904-2283-4e96-b4e2-6c9018f13084@group-9ED9FEE0098D-FollowerState was interrupted: java.lang.InterruptedException: sleep interrupted
2019-10-17 06:31:32,982 [grpc-default-executor-1] INFO  impl.RoleInfo (RoleInfo.java:updateAndGet(143)) - 2f64f904-2283-4e96-b4e2-6c9018f13084: start FollowerState
2019-10-17 06:31:32,983 [grpc-default-executor-6] INFO  impl.RoleInfo (RoleInfo.java:updateAndGet(143)) - 07fb1a7b-fe02-4a56-ac24-3020e88d4db0: start FollowerState
2019-10-17 06:31:32,983 [Thread-2815] INFO  impl.FollowerState (FollowerState.java:run(117)) - 07fb1a7b-fe02-4a56-ac24-3020e88d4db0@group-9ED9FEE0098D-FollowerState was interrupted: java.lang.InterruptedException: sleep interrupted
2019-10-17 06:31:33,024 [0f256f10-8056-416e-a2a4-dd085f6c7864@group-9ED9FEE0098D-LeaderElection217] INFO  impl.LeaderElection (LeaderElection.java:logAndReturn(56)) - 0f256f10-8056-416e-a2a4-dd085f6c7864@group-9ED9FEE0098D-LeaderElection217: Election REJECTED; received 2 response(s) [0f256f10-8056-416e-a2a4-dd085f6c7864<-2f64f904-2283-4e96-b4e2-6c9018f13084#0:FAIL-t233, 0f256f10-8056-416e-a2a4-dd085f6c7864<-07fb1a7b-fe02-4a56-ac24-3020e88d4db0#0:FAIL-t233] and 0 exception(s); 0f256f10-8056-416e-a2a4-dd085f6c7864@group-9ED9FEE0098D:t233, leader=null, voted=0f256f10-8056-416e-a2a4-dd085f6c7864, raftlog=0f256f10-8056-416e-a2a4-dd085f6c7864@group-9ED9FEE0098D-SegmentedRaftLog:OPENED:c-1,f-1,i0, conf=-1: [2f64f904-2283-4e96-b4e2-6c9018f13084:192.168.34.62:40373, 0f256f10-8056-416e-a2a4-dd085f6c7864:192.168.34.62:35674, 07fb1a7b-fe02-4a56-ac24-3020e88d4db0:192.168.34.62:46434], old=null
2019-10-17 06:31:33,024 [0f256f10-8056-416e-a2a4-dd085f6c7864@group-9ED9FEE0098D-LeaderElection217] INFO  impl.RaftServerImpl (RaftServerImpl.java:setRole(184)) - 0f256f10-8056-416e-a2a4-dd085f6c7864@group-9ED9FEE0098D: changes role from CANDIDATE to FOLLOWER at term 233 for DISCOVERED_A_NEW_TERM
2019-10-17 06:31:33,024 [0f256f10-8056-416e-a2a4-dd085f6c7864@group-9ED9FEE0098D-LeaderElection217] INFO  impl.RoleInfo (RoleInfo.java:shutdownLeaderElection(134)) - 0f256f10-8056-416e-a2a4-dd085f6c7864: shutdown LeaderElection
2019-10-17 06:31:33,025 [0f256f10-8056-416e-a2a4-dd085f6c7864@group-9ED9FEE0098D-LeaderElection217] INFO  impl.RoleInfo (RoleInfo.java:updateAndGet(143)) - 0f256f10-8056-416e-a2a4-dd085f6c7864: start FollowerState
2019-10-17 06:31:33,053 [Thread-2822] INFO  impl.FollowerState (FollowerState.java:run(108)) - 0f256f10-8056-416e-a2a4-dd085f6c7864@group-9ED9FEE0098D-FollowerState: change to CANDIDATE, lastRpcTime:28ms, electionTimeout:28ms
2019-10-17 06:31:33,053 [Thread-2822] INFO  impl.RoleInfo (RoleInfo.java:shutdownFollowerState(121)) - 0f256f10-8056-416e-a2a4-dd085f6c7864: shutdown FollowerState
2019-10-17 06:31:33,053 [Thread-2822] INFO  impl.RaftServerImpl (RaftServerImpl.java:setRole(184)) - 0f256f10-8056-416e-a2a4-dd085f6c7864@group-9ED9FEE0098D: changes role from  FOLLOWER to CANDIDATE at term 233 for changeToCandidate
2019-10-17 06:31:33,054 [Thread-2822] INFO  impl.RoleInfo (RoleInfo.java:updateAndGet(143)) - 0f256f10-8056-416e-a2a4-dd085f6c7864: start LeaderElection
2019-10-17 06:31:33,076 [0f256f10-8056-416e-a2a4-dd085f6c7864@group-9ED9FEE0098D-LeaderElection218] INFO  impl.LeaderElection (LeaderElection.java:askForVotes(178)) - 0f256f10-8056-416e-a2a4-dd085f6c7864@group-9ED9FEE0098D-LeaderElection218: begin an election at term 234 for -1: [2f64f904-2283-4e96-b4e2-6c9018f13084:192.168.34.62:40373, 0f256f10-8056-416e-a2a4-dd085f6c7864:192.168.34.62:35674, 07fb1a7b-fe02-4a56-ac24-3020e88d4db0:192.168.34.62:46434], old=null
2019-10-17 06:31:33,079 [grpc-default-executor-1] INFO  impl.RaftServerImpl (RaftServerImpl.java:setRole(184)) - 07fb1a7b-fe02-4a56-ac24-3020e88d4db0@group-9ED9FEE0098D: changes role from  FOLLOWER to FOLLOWER at term 234 for recognizeCandidate:0f256f10-8056-416e-a2a4-dd085f6c7864
2019-10-17 06:31:33,079 [grpc-default-executor-6] INFO  impl.RaftServerImpl (RaftServerImpl.java:setRole(184)) - 2f64f904-2283-4e96-b4e2-6c9018f13084@group-9ED9FEE0098D: changes role from  FOLLOWER to FOLLOWER at term 234 for recognizeCandidate:0f256f10-8056-416e-a2a4-dd085f6c7864
2019-10-17 06:31:33,079 [grpc-default-executor-1] INFO  impl.RoleInfo (RoleInfo.java:shutdownFollowerState(121)) - 07fb1a7b-fe02-4a56-ac24-3020e88d4db0: shutdown FollowerState
2019-10-17 06:31:33,079 [grpc-default-executor-6] INFO  impl.RoleInfo (RoleInfo.java:shutdownFollowerState(121)) - 2f64f904-2283-4e96-b4e2-6c9018f13084: shutdown FollowerState
2019-10-17 06:31:33,079 [Thread-2821] INFO  impl.FollowerState (FollowerState.java:run(117)) - 07fb1a7b-fe02-4a56-ac24-3020e88d4db0@group-9ED9FEE0098D-FollowerState was interrupted: java.lang.InterruptedException: sleep interrupted
2019-10-17 06:31:33,079 [grpc-default-executor-1] INFO  impl.RoleInfo (RoleInfo.java:updateAndGet(143)) - 07fb1a7b-fe02-4a56-ac24-3020e88d4db0: start FollowerState
2019-10-17 06:31:33,079 [Thread-2820] INFO  impl.FollowerState (FollowerState.java:run(117)) - 2f64f904-2283-4e96-b4e2-6c9018f13084@group-9ED9FEE0098D-FollowerState was interrupted: java.lang.InterruptedException: sleep interrupted
2019-10-17 06:31:33,079 [grpc-default-executor-6] INFO  impl.RoleInfo (RoleInfo.java:updateAndGet(143)) - 2f64f904-2283-4e96-b4e2-6c9018f13084: start FollowerState
2019-10-17 06:31:33,112 [0f256f10-8056-416e-a2a4-dd085f6c7864@group-9ED9FEE0098D-LeaderElection218] INFO  impl.LeaderElection (LeaderElection.java:logAndReturn(56)) - 0f256f10-8056-416e-a2a4-dd085f6c7864@group-9ED9FEE0098D-LeaderElection218: Election REJECTED; received 2 response(s) [0f256f10-8056-416e-a2a4-dd085f6c7864<-2f64f904-2283-4e96-b4e2-6c9018f13084#0:FAIL-t234, 0f256f10-8056-416e-a2a4-dd085f6c7864<-07fb1a7b-fe02-4a56-ac24-3020e88d4db0#0:FAIL-t234] and 0 exception(s); 0f256f10-8056-416e-a2a4-dd085f6c7864@group-9ED9FEE0098D:t234, leader=null, voted=0f256f10-8056-416e-a2a4-dd085f6c7864, raftlog=0f256f10-8056-416e-a2a4-dd085f6c7864@group-9ED9FEE0098D-SegmentedRaftLog:OPENED:c-1,f-1,i0, conf=-1: [2f64f904-2283-4e96-b4e2-6c9018f13084:192.168.34.62:40373, 0f256f10-8056-416e-a2a4-dd085f6c7864:192.168.34.62:35674, 07fb1a7b-fe02-4a56-ac24-3020e88d4db0:192.168.34.62:46434], old=null
2019-10-17 06:31:33,113 [0f256f10-8056-416e-a2a4-dd085f6c7864@group-9ED9FEE0098D-LeaderElection218] INFO  impl.RaftServerImpl (RaftServerImpl.java:setRole(184)) - 0f256f10-8056-416e-a2a4-dd085f6c7864@group-9ED9FEE0098D: changes role from CANDIDATE to FOLLOWER at term 234 for DISCOVERED_A_NEW_TERM
2019-10-17 06:31:33,113 [0f256f10-8056-416e-a2a4-dd085f6c7864@group-9ED9FEE0098D-LeaderElection218] INFO  impl.RoleInfo (RoleInfo.java:shutdownLeaderElection(134)) - 0f256f10-8056-416e-a2a4-dd085f6c7864: shutdown LeaderElection
2019-10-17 06:31:33,113 [0f256f10-8056-416e-a2a4-dd085f6c7864@group-9ED9FEE0098D-LeaderElection218] INFO  impl.RoleInfo (RoleInfo.java:updateAndGet(143)) - 0f256f10-8056-416e-a2a4-dd085f6c7864: start FollowerState
2019-10-17 06:31:33,156 [Thread-2828] INFO  impl.FollowerState (FollowerState.java:run(108)) - 0f256f10-8056-416e-a2a4-dd085f6c7864@group-9ED9FEE0098D-FollowerState: change to CANDIDATE, lastRpcTime:43ms, electionTimeout:43ms
2019-10-17 06:31:33,157 [Thread-2828] INFO  impl.RoleInfo (RoleInfo.java:shutdownFollowerState(121)) - 0f256f10-8056-416e-a2a4-dd085f6c7864: shutdown FollowerState
2019-10-17 06:31:33,157 [Thread-2828] INFO  impl.RaftServerImpl (RaftServerImpl.java:setRole(184)) - 0f256f10-8056-416e-a2a4-dd085f6c7864@group-9ED9FEE0098D: changes role from  FOLLOWER to CANDIDATE at term 234 for changeToCandidate
2019-10-17 06:31:33,157 [Thread-2828] INFO  impl.RoleInfo (RoleInfo.java:updateAndGet(143)) - 0f256f10-8056-416e-a2a4-dd085f6c7864: start LeaderElection
2019-10-17 06:31:33,172 [0f256f10-8056-416e-a2a4-dd085f6c7864@group-9ED9FEE0098D-LeaderElection219] INFO  impl.LeaderElection (LeaderElection.java:askForVotes(178)) - 0f256f10-8056-416e-a2a4-dd085f6c7864@group-9ED9FEE0098D-LeaderElection219: begin an election at term 235 for -1: [2f64f904-2283-4e96-b4e2-6c9018f13084:192.168.34.62:40373, 0f256f10-8056-416e-a2a4-dd085f6c7864:192.168.34.62:35674, 07fb1a7b-fe02-4a56-ac24-3020e88d4db0:192.168.34.62:46434], old=null
2019-10-17 06:31:33,173 [grpc-default-executor-1] INFO  impl.RaftServerImpl (RaftServerImpl.java:setRole(184)) - 2f64f904-2283-4e96-b4e2-6c9018f13084@group-9ED9FEE0098D: changes role from  FOLLOWER to FOLLOWER at term 235 for recognizeCandidate:0f256f10-8056-416e-a2a4-dd085f6c7864
2019-10-17 06:31:33,173 [grpc-default-executor-6] INFO  impl.RaftServerImpl (RaftServerImpl.java:setRole(184)) - 07fb1a7b-fe02-4a56-ac24-3020e88d4db0@group-9ED9FEE0098D: changes role from  FOLLOWER to FOLLOWER at term 235 for recognizeCandidate:0f256f10-8056-416e-a2a4-dd085f6c7864
2019-10-17 06:31:33,173 [grpc-default-executor-1] INFO  impl.RoleInfo (RoleInfo.java:shutdownFollowerState(121)) - 2f64f904-2283-4e96-b4e2-6c9018f13084: shutdown FollowerState
2019-10-17 06:31:33,173 [grpc-default-executor-6] INFO  impl.RoleInfo (RoleInfo.java:shutdownFollowerState(121)) - 07fb1a7b-fe02-4a56-ac24-3020e88d4db0: shutdown FollowerState
2019-10-17 06:31:33,174 [grpc-default-executor-6] INFO  impl.RoleInfo (RoleInfo.java:updateAndGet(143)) - 07fb1a7b-fe02-4a56-ac24-3020e88d4db0: start FollowerState
2019-10-17 06:31:33,174 [Thread-2827] INFO  impl.FollowerState (FollowerState.java:run(117)) - 2f64f904-2283-4e96-b4e2-6c9018f13084@group-9ED9FEE0098D-FollowerState was interrupted: java.lang.InterruptedException: sleep interrupted
2019-10-17 06:31:33,174 [grpc-default-executor-1] INFO  impl.RoleInfo (RoleInfo.java:updateAndGet(143)) - 2f64f904-2283-4e96-b4e2-6c9018f13084: start FollowerState
2019-10-17 06:31:33,174 [Thread-2826] INFO  impl.FollowerState (FollowerState.java:run(117)) - 07fb1a7b-fe02-4a56-ac24-3020e88d4db0@group-9ED9FEE0098D-FollowerState was interrupted: java.lang.InterruptedException: sleep interrupted
2019-10-17 06:31:33,187 [0f256f10-8056-416e-a2a4-dd085f6c7864@group-9ED9FEE0098D-LeaderElection219] INFO  impl.LeaderElection (LeaderElection.java:logAndReturn(56)) - 0f256f10-8056-416e-a2a4-dd085f6c7864@group-9ED9FEE0098D-LeaderElection219: Election REJECTED; received 2 response(s) [0f256f10-8056-416e-a2a4-dd085f6c7864<-2f64f904-2283-4e96-b4e2-6c9018f13084#0:FAIL-t235, 0f256f10-8056-416e-a2a4-dd085f6c7864<-07fb1a7b-fe02-4a56-ac24-3020e88d4db0#0:FAIL-t235] and 0 exception(s); 0f256f10-8056-416e-a2a4-dd085f6c7864@group-9ED9FEE0098D:t235, leader=null, voted=0f256f10-8056-416e-a2a4-dd085f6c7864, raftlog=0f256f10-8056-416e-a2a4-dd085f6c7864@group-9ED9FEE0098D-SegmentedRaftLog:OPENED:c-1,f-1,i0, conf=-1: [2f64f904-2283-4e96-b4e2-6c9018f13084:192.168.34.62:40373, 0f256f10-8056-416e-a2a4-dd085f6c7864:192.168.34.62:35674, 07fb1a7b-fe02-4a56-ac24-3020e88d4db0:192.168.34.62:46434], old=null
2019-10-17 06:31:33,187 [0f256f10-8056-416e-a2a4-dd085f6c7864@group-9ED9FEE0098D-LeaderElection219] INFO  impl.RaftServerImpl (RaftServerImpl.java:setRole(184)) - 0f256f10-8056-416e-a2a4-dd085f6c7864@group-9ED9FEE0098D: changes role from CANDIDATE to FOLLOWER at term 235 for DISCOVERED_A_NEW_TERM
2019-10-17 06:31:33,187 [0f256f10-8056-416e-a2a4-dd085f6c7864@group-9ED9FEE0098D-LeaderElection219] INFO  impl.RoleInfo (RoleInfo.java:shutdownLeaderElection(134)) - 0f256f10-8056-416e-a2a4-dd085f6c7864: shutdown LeaderElection
2019-10-17 06:31:33,187 [0f256f10-8056-416e-a2a4-dd085f6c7864@group-9ED9FEE0098D-LeaderElection219] INFO  impl.RoleInfo (RoleInfo.java:updateAndGet(143)) - 0f256f10-8056-416e-a2a4-dd085f6c7864: start FollowerState
2019-10-17 06:31:33,251 [Thread-2834] INFO  impl.FollowerState (FollowerState.java:run(108)) - 0f256f10-8056-416e-a2a4-dd085f6c7864@group-9ED9FEE0098D-FollowerState: change to CANDIDATE, lastRpcTime:64ms, electionTimeout:64ms
2019-10-17 06:31:33,252 [Thread-2834] INFO  impl.RoleInfo (RoleInfo.java:shutdownFollowerState(121)) - 0f256f10-8056-416e-a2a4-dd085f6c7864: shutdown FollowerState
2019-10-17 06:31:33,252 [Thread-2834] INFO  impl.RaftServerImpl (RaftServerImpl.java:setRole(184)) - 0f256f10-8056-416e-a2a4-dd085f6c7864@group-9ED9FEE0098D: changes role from  FOLLOWER to CANDIDATE at term 235 for changeToCandidate
2019-10-17 06:31:33,252 [Thread-2834] INFO  impl.RoleInfo (RoleInfo.java:updateAndGet(143)) - 0f256f10-8056-416e-a2a4-dd085f6c7864: start LeaderElection
2019-10-17 06:31:33,276 [0f256f10-8056-416e-a2a4-dd085f6c7864@group-9ED9FEE0098D-LeaderElection220] INFO  impl.LeaderElection (LeaderElection.java:askForVotes(178)) - 0f256f10-8056-416e-a2a4-dd085f6c7864@group-9ED9FEE0098D-LeaderElection220: begin an election at term 236 for -1: [2f64f904-2283-4e96-b4e2-6c9018f13084:192.168.34.62:40373, 0f256f10-8056-416e-a2a4-dd085f6c7864:192.168.34.62:35674, 07fb1a7b-fe02-4a56-ac24-3020e88d4db0:192.168.34.62:46434], old=null
2019-10-17 06:31:33,278 [grpc-default-executor-1] INFO  impl.RaftServerImpl (RaftServerImpl.java:setRole(184)) - 2f64f904-2283-4e96-b4e2-6c9018f13084@group-9ED9FEE0098D: changes role from  FOLLOWER to FOLLOWER at term 236 for recognizeCandidate:0f256f10-8056-416e-a2a4-dd085f6c7864
2019-10-17 06:31:33,278 [grpc-default-executor-6] INFO  impl.RaftServerImpl (RaftServerImpl.java:setRole(184)) - 07fb1a7b-fe02-4a56-ac24-3020e88d4db0@group-9ED9FEE0098D: changes role from  FOLLOWER to FOLLOWER at term 236 for recognizeCandidate:0f256f10-8056-416e-a2a4-dd085f6c7864
2019-10-17 06:31:33,278 [grpc-default-executor-1] INFO  impl.RoleInfo (RoleInfo.java:shutdownFollowerState(121)) - 2f64f904-2283-4e96-b4e2-6c9018f13084: shutdown FollowerState
2019-10-17 06:31:33,278 [grpc-default-executor-6] INFO  impl.RoleInfo (RoleInfo.java:shutdownFollowerState(121)) - 07fb1a7b-fe02-4a56-ac24-3020e88d4db0: shutdown FollowerState
2019-10-17 06:31:33,279 [Thread-2832] INFO  impl.FollowerState (FollowerState.java:run(117)) - 2f64f904-2283-4e96-b4e2-6c9018f13084@group-9ED9FEE0098D-FollowerState was interrupted: java.lang.InterruptedException: sleep interrupted
2019-10-17 06:31:33,279 [grpc-default-executor-1] INFO  impl.RoleInfo (RoleInfo.java:updateAndGet(143)) - 2f64f904-2283-4e96-b4e2-6c9018f13084: start FollowerState
2019-10-17 06:31:33,279 [Thread-2833] INFO  impl.FollowerState (FollowerState.java:run(117)) - 07fb1a7b-fe02-4a56-ac24-3020e88d4db0@group-9ED9FEE0098D-FollowerState was interrupted: java.lang.InterruptedException: sleep interrupted
2019-10-17 06:31:33,279 [grpc-default-executor-6] INFO  impl.RoleInfo (RoleInfo.java:updateAndGet(143)) - 07fb1a7b-fe02-4a56-ac24-3020e88d4db0: start FollowerState
2019-10-17 06:31:33,294 [0f256f10-8056-416e-a2a4-dd085f6c7864@group-9ED9FEE0098D-LeaderElection220] INFO  impl.LeaderElection (LeaderElection.java:logAndReturn(56)) - 0f256f10-8056-416e-a2a4-dd085f6c7864@group-9ED9FEE0098D-LeaderElection220: Election REJECTED; received 2 response(s) [0f256f10-8056-416e-a2a4-dd085f6c7864<-2f64f904-2283-4e96-b4e2-6c9018f13084#0:FAIL-t236, 0f256f10-8056-416e-a2a4-dd085f6c7864<-07fb1a7b-fe02-4a56-ac24-3020e88d4db0#0:FAIL-t236] and 0 exception(s); 0f256f10-8056-416e-a2a4-dd085f6c7864@group-9ED9FEE0098D:t236, leader=null, voted=0f256f10-8056-416e-a2a4-dd085f6c7864, raftlog=0f256f10-8056-416e-a2a4-dd085f6c7864@group-9ED9FEE0098D-SegmentedRaftLog:OPENED:c-1,f-1,i0, conf=-1: [2f64f904-2283-4e96-b4e2-6c9018f13084:192.168.34.62:40373, 0f256f10-8056-416e-a2a4-dd085f6c7864:192.168.34.62:35674, 07fb1a7b-fe02-4a56-ac24-3020e88d4db0:192.168.34.62:46434], old=null
2019-10-17 06:31:33,294 [0f256f10-8056-416e-a2a4-dd085f6c7864@group-9ED9FEE0098D-LeaderElection220] INFO  impl.RaftServerImpl (RaftServerImpl.java:setRole(184)) - 0f256f10-8056-416e-a2a4-dd085f6c7864@group-9ED9FEE0098D: changes role from CANDIDATE to FOLLOWER at term 236 for DISCOVERED_A_NEW_TERM
2019-10-17 06:31:33,294 [0f256f10-8056-416e-a2a4-dd085f6c7864@group-9ED9FEE0098D-LeaderElection220] INFO  impl.RoleInfo (RoleInfo.java:shutdownLeaderElection(134)) - 0f256f10-8056-416e-a2a4-dd085f6c7864: shutdown LeaderElection
2019-10-17 06:31:33,294 [0f256f10-8056-416e-a2a4-dd085f6c7864@group-9ED9FEE0098D-LeaderElection220] INFO  impl.RoleInfo (RoleInfo.java:updateAndGet(143)) - 0f256f10-8056-416e-a2a4-dd085f6c7864: start FollowerState
2019-10-17 06:31:33,399 [Thread-2840] INFO  impl.FollowerState (FollowerState.java:run(108)) - 0f256f10-8056-416e-a2a4-dd085f6c7864@group-9ED9FEE0098D-FollowerState: change to CANDIDATE, lastRpcTime:105ms, electionTimeout:105ms
2019-10-17 06:31:33,400 [Thread-2840] INFO  impl.RoleInfo (RoleInfo.java:shutdownFollowerState(121)) - 0f256f10-8056-416e-a2a4-dd085f6c7864: shutdown FollowerState
2019-10-17 06:31:33,400 [Thread-2840] INFO  impl.RaftServerImpl (RaftServerImpl.java:setRole(184)) - 0f256f10-8056-416e-a2a4-dd085f6c7864@group-9ED9FEE0098D: changes role from  FOLLOWER to CANDIDATE at term 236 for changeToCandidate
2019-10-17 06:31:33,400 [Thread-2840] INFO  impl.RoleInfo (RoleInfo.java:updateAndGet(143)) - 0f256f10-8056-416e-a2a4-dd085f6c7864: start LeaderElection
2019-10-17 06:31:33,424 [0f256f10-8056-416e-a2a4-dd085f6c7864@group-9ED9FEE0098D-LeaderElection221] INFO  impl.LeaderElection (LeaderElection.java:askForVotes(178)) - 0f256f10-8056-416e-a2a4-dd085f6c7864@group-9ED9FEE0098D-LeaderElection221: begin an election at term 237 for -1: [2f64f904-2283-4e96-b4e2-6c9018f13084:192.168.34.62:40373, 0f256f10-8056-416e-a2a4-dd085f6c7864:192.168.34.62:35674, 07fb1a7b-fe02-4a56-ac24-3020e88d4db0:192.168.34.62:46434], old=null
2019-10-17 06:31:33,427 [grpc-default-executor-1] INFO  impl.RaftServerImpl (RaftServerImpl.java:setRole(184)) - 2f64f904-2283-4e96-b4e2-6c9018f13084@group-9ED9FEE0098D: changes role from  FOLLOWER to FOLLOWER at term 237 for recognizeCandidate:0f256f10-8056-416e-a2a4-dd085f6c7864
2019-10-17 06:31:33,427 [grpc-default-executor-6] INFO  impl.RaftServerImpl (RaftServerImpl.java:setRole(184)) - 07fb1a7b-fe02-4a56-ac24-3020e88d4db0@group-9ED9FEE0098D: changes role from  FOLLOWER to FOLLOWER at term 237 for recognizeCandidate:0f256f10-8056-416e-a2a4-dd085f6c7864
2019-10-17 06:31:33,427 [grpc-default-executor-1] INFO  impl.RoleInfo (RoleInfo.java:shutdownFollowerState(121)) - 2f64f904-2283-4e96-b4e2-6c9018f13084: shutdown FollowerState
2019-10-17 06:31:33,427 [grpc-default-executor-6] INFO  impl.RoleInfo (RoleInfo.java:shutdownFollowerState(121)) - 07fb1a7b-fe02-4a56-ac24-3020e88d4db0: shutdown FollowerState
2019-10-17 06:31:33,427 [grpc-default-executor-1] INFO  impl.RoleInfo (RoleInfo.java:updateAndGet(143)) - 2f64f904-2283-4e96-b4e2-6c9018f13084: start FollowerState
2019-10-17 06:31:33,427 [Thread-2839] INFO  impl.FollowerState (FollowerState.java:run(117)) - 07fb1a7b-fe02-4a56-ac24-3020e88d4db0@group-9ED9FEE0098D-FollowerState was interrupted: java.lang.InterruptedException: sleep interrupted
2019-10-17 06:31:33,427 [grpc-default-executor-6] INFO  impl.RoleInfo (RoleInfo.java:updateAndGet(143)) - 07fb1a7b-fe02-4a56-ac24-3020e88d4db0: start FollowerState
2019-10-17 06:31:33,427 [Thread-2838] INFO  impl.FollowerState (FollowerState.java:run(117)) - 2f64f904-2283-4e96-b4e2-6c9018f13084@group-9ED9FEE0098D-FollowerState was interrupted: java.lang.InterruptedException: sleep interrupted
2019-10-17 06:31:33,447 [0f256f10-8056-416e-a2a4-dd085f6c7864@group-9ED9FEE0098D-LeaderElection221] INFO  impl.LeaderElection (LeaderElection.java:logAndReturn(56)) - 0f256f10-8056-416e-a2a4-dd085f6c7864@group-9ED9FEE0098D-LeaderElection221: Election REJECTED; received 2 response(s) [0f256f10-8056-416e-a2a4-dd085f6c7864<-2f64f904-2283-4e96-b4e2-6c9018f13084#0:FAIL-t237, 0f256f10-8056-416e-a2a4-dd085f6c7864<-07fb1a7b-fe02-4a56-ac24-3020e88d4db0#0:FAIL-t237] and 0 exception(s); 0f256f10-8056-416e-a2a4-dd085f6c7864@group-9ED9FEE0098D:t237, leader=null, voted=0f256f10-8056-416e-a2a4-dd085f6c7864, raftlog=0f256f10-8056-416e-a2a4-dd085f6c7864@group-9ED9FEE0098D-SegmentedRaftLog:OPENED:c-1,f-1,i0, conf=-1: [2f64f904-2283-4e96-b4e2-6c9018f13084:192.168.34.62:40373, 0f256f10-8056-416e-a2a4-dd085f6c7864:192.168.34.62:35674, 07fb1a7b-fe02-4a56-ac24-3020e88d4db0:192.168.34.62:46434], old=null
2019-10-17 06:31:33,448 [0f256f10-8056-416e-a2a4-dd085f6c7864@group-9ED9FEE0098D-LeaderElection221] INFO  impl.RaftServerImpl (RaftServerImpl.java:setRole(184)) - 0f256f10-8056-416e-a2a4-dd085f6c7864@group-9ED9FEE0098D: changes role from CANDIDATE to FOLLOWER at term 237 for DISCOVERED_A_NEW_TERM
2019-10-17 06:31:33,448 [0f256f10-8056-416e-a2a4-dd085f6c7864@group-9ED9FEE0098D-LeaderElection221] INFO  impl.RoleInfo (RoleInfo.java:shutdownLeaderElection(134)) - 0f256f10-8056-416e-a2a4-dd085f6c7864: shutdown LeaderElection
2019-10-17 06:31:33,448 [0f256f10-8056-416e-a2a4-dd085f6c7864@group-9ED9FEE0098D-LeaderElection221] INFO  impl.RoleInfo (RoleInfo.java:updateAndGet(143)) - 0f256f10-8056-416e-a2a4-dd085f6c7864: start FollowerState
2019-10-17 06:31:33,504 [Thread-2846] INFO  impl.FollowerState (FollowerState.java:run(108)) - 0f256f10-8056-416e-a2a4-dd085f6c7864@group-9ED9FEE0098D-FollowerState: change to CANDIDATE, lastRpcTime:56ms, electionTimeout:56ms
2019-10-17 06:31:33,504 [Thread-2846] INFO  impl.RoleInfo (RoleInfo.java:shutdownFollowerState(121)) - 0f256f10-8056-416e-a2a4-dd085f6c7864: shutdown FollowerState
2019-10-17 06:31:33,505 [Thread-2846] INFO  impl.RaftServerImpl (RaftServerImpl.java:setRole(184)) - 0f256f10-8056-416e-a2a4-dd085f6c7864@group-9ED9FEE0098D: changes role from  FOLLOWER to CANDIDATE at term 237 for changeToCandidate
2019-10-17 06:31:33,505 [Thread-2846] INFO  impl.RoleInfo (RoleInfo.java:updateAndGet(143)) - 0f256f10-8056-416e-a2a4-dd085f6c7864: start LeaderElection
2019-10-17 06:31:33,519 [0f256f10-8056-416e-a2a4-dd085f6c7864@group-9ED9FEE0098D-LeaderElection222] INFO  impl.LeaderElection (LeaderElection.java:askForVotes(178)) - 0f256f10-8056-416e-a2a4-dd085f6c7864@group-9ED9FEE0098D-LeaderElection222: begin an election at term 238 for -1: [2f64f904-2283-4e96-b4e2-6c9018f13084:192.168.34.62:40373, 0f256f10-8056-416e-a2a4-dd085f6c7864:192.168.34.62:35674, 07fb1a7b-fe02-4a56-ac24-3020e88d4db0:192.168.34.62:46434], old=null
2019-10-17 06:31:33,521 [grpc-default-executor-1] INFO  impl.RaftServerImpl (RaftServerImpl.java:setRole(184)) - 07fb1a7b-fe02-4a56-ac24-3020e88d4db0@group-9ED9FEE0098D: changes role from  FOLLOWER to FOLLOWER at term 238 for recognizeCandidate:0f256f10-8056-416e-a2a4-dd085f6c7864
2019-10-17 06:31:33,521 [grpc-default-executor-6] INFO  impl.RaftServerImpl (RaftServerImpl.java:setRole(184)) - 2f64f904-2283-4e96-b4e2-6c9018f13084@group-9ED9FEE0098D: changes role from  FOLLOWER to FOLLOWER at term 238 for recognizeCandidate:0f256f10-8056-416e-a2a4-dd085f6c7864
2019-10-17 06:31:33,521 [grpc-default-executor-1] INFO  impl.RoleInfo (RoleInfo.java:shutdownFollowerState(121)) - 07fb1a7b-fe02-4a56-ac24-3020e88d4db0: shutdown FollowerState
2019-10-17 06:31:33,521 [grpc-default-executor-6] INFO  impl.RoleInfo (RoleInfo.java:shutdownFollowerState(121)) - 2f64f904-2283-4e96-b4e2-6c9018f13084: shutdown FollowerState
2019-10-17 06:31:33,521 [Thread-2845] INFO  impl.FollowerState (FollowerState.java:run(117)) - 07fb1a7b-fe02-4a56-ac24-3020e88d4db0@group-9ED9FEE0098D-FollowerState was interrupted: java.lang.InterruptedException: sleep interrupted
2019-10-17 06:31:33,521 [grpc-default-executor-1] INFO  impl.RoleInfo (RoleInfo.java:updateAndGet(143)) - 07fb1a7b-fe02-4a56-ac24-3020e88d4db0: start FollowerState
2019-10-17 06:31:33,521 [Thread-2844] INFO  impl.FollowerState (FollowerState.java:run(117)) - 2f64f904-2283-4e96-b4e2-6c9018f13084@group-9ED9FEE0098D-FollowerState was interrupted: java.lang.InterruptedException: sleep interrupted
2019-10-17 06:31:33,521 [grpc-default-executor-6] INFO  impl.RoleInfo (RoleInfo.java:updateAndGet(143)) - 2f64f904-2283-4e96-b4e2-6c9018f13084: start FollowerState
2019-10-17 06:31:33,535 [0f256f10-8056-416e-a2a4-dd085f6c7864@group-9ED9FEE0098D-LeaderElection222] INFO  impl.LeaderElection (LeaderElection.java:logAndReturn(56)) - 0f256f10-8056-416e-a2a4-dd085f6c7864@group-9ED9FEE0098D-LeaderElection222: Election REJECTED; received 2 response(s) [0f256f10-8056-416e-a2a4-dd085f6c7864<-2f64f904-2283-4e96-b4e2-6c9018f13084#0:FAIL-t238, 0f256f10-8056-416e-a2a4-dd085f6c7864<-07fb1a7b-fe02-4a56-ac24-3020e88d4db0#0:FAIL-t238] and 0 exception(s); 0f256f10-8056-416e-a2a4-dd085f6c7864@group-9ED9FEE0098D:t238, leader=null, voted=0f256f10-8056-416e-a2a4-dd085f6c7864, raftlog=0f256f10-8056-416e-a2a4-dd085f6c7864@group-9ED9FEE0098D-SegmentedRaftLog:OPENED:c-1,f-1,i0, conf=-1: [2f64f904-2283-4e96-b4e2-6c9018f13084:192.168.34.62:40373, 0f256f10-8056-416e-a2a4-dd085f6c7864:192.168.34.62:35674, 07fb1a7b-fe02-4a56-ac24-3020e88d4db0:192.168.34.62:46434], old=null
2019-10-17 06:31:33,536 [0f256f10-8056-416e-a2a4-dd085f6c7864@group-9ED9FEE0098D-LeaderElection222] INFO  impl.RaftServerImpl (RaftServerImpl.java:setRole(184)) - 0f256f10-8056-416e-a2a4-dd085f6c7864@group-9ED9FEE0098D: changes role from CANDIDATE to FOLLOWER at term 238 for DISCOVERED_A_NEW_TERM
2019-10-17 06:31:33,536 [0f256f10-8056-416e-a2a4-dd085f6c7864@group-9ED9FEE0098D-LeaderElection222] INFO  impl.RoleInfo (RoleInfo.java:shutdownLeaderElection(134)) - 0f256f10-8056-416e-a2a4-dd085f6c7864: shutdown LeaderElection
2019-10-17 06:31:33,536 [0f256f10-8056-416e-a2a4-dd085f6c7864@group-9ED9FEE0098D-LeaderElection222] INFO  impl.RoleInfo (RoleInfo.java:updateAndGet(143)) - 0f256f10-8056-416e-a2a4-dd085f6c7864: start FollowerState
2019-10-17 06:31:33,649 [Thread-1202] INFO  ozone.MiniOzoneClusterImpl (MiniOzoneClusterImpl.java:lambda$waitForClusterToBeReady$2(164)) - Waiting for 1 number of pipelines out of 4, to report a leader.
2019-10-17 06:31:33,669 [Thread-2852] INFO  impl.FollowerState (FollowerState.java:run(108)) - 0f256f10-8056-416e-a2a4-dd085f6c7864@group-9ED9FEE0098D-FollowerState: change to CANDIDATE, lastRpcTime:133ms, electionTimeout:133ms
2019-10-17 06:31:33,669 [Thread-2852] INFO  impl.RoleInfo (RoleInfo.java:shutdownFollowerState(121)) - 0f256f10-8056-416e-a2a4-dd085f6c7864: shutdown FollowerState
2019-10-17 06:31:33,669 [Thread-2852] INFO  impl.RaftServerImpl (RaftServerImpl.java:setRole(184)) - 0f256f10-8056-416e-a2a4-dd085f6c7864@group-9ED9FEE0098D: changes role from  FOLLOWER to CANDIDATE at term 238 for changeToCandidate
2019-10-17 06:31:33,669 [Thread-2852] INFO  impl.RoleInfo (RoleInfo.java:updateAndGet(143)) - 0f256f10-8056-416e-a2a4-dd085f6c7864: start LeaderElection
2019-10-17 06:31:33,674 [0f256f10-8056-416e-a2a4-dd085f6c7864@group-9ED9FEE0098D-LeaderElection223] INFO  impl.LeaderElection (LeaderElection.java:askForVotes(178)) - 0f256f10-8056-416e-a2a4-dd085f6c7864@group-9ED9FEE0098D-LeaderElection223: begin an election at term 239 for -1: [2f64f904-2283-4e96-b4e2-6c9018f13084:192.168.34.62:40373, 0f256f10-8056-416e-a2a4-dd085f6c7864:192.168.34.62:35674, 07fb1a7b-fe02-4a56-ac24-3020e88d4db0:192.168.34.62:46434], old=null
2019-10-17 06:31:33,677 [grpc-default-executor-6] INFO  impl.RaftServerImpl (RaftServerImpl.java:setRole(184)) - 2f64f904-2283-4e96-b4e2-6c9018f13084@group-9ED9FEE0098D: changes role from  FOLLOWER to FOLLOWER at term 239 for recognizeCandidate:0f256f10-8056-416e-a2a4-dd085f6c7864
2019-10-17 06:31:33,677 [grpc-default-executor-1] INFO  impl.RaftServerImpl (RaftServerImpl.java:setRole(184)) - 07fb1a7b-fe02-4a56-ac24-3020e88d4db0@group-9ED9FEE0098D: changes role from  FOLLOWER to FOLLOWER at term 239 for recognizeCandidate:0f256f10-8056-416e-a2a4-dd085f6c7864
2019-10-17 06:31:33,677 [grpc-default-executor-6] INFO  impl.RoleInfo (RoleInfo.java:shutdownFollowerState(121)) - 2f64f904-2283-4e96-b4e2-6c9018f13084: shutdown FollowerState
2019-10-17 06:31:33,677 [grpc-default-executor-1] INFO  impl.RoleInfo (RoleInfo.java:shutdownFollowerState(121)) - 07fb1a7b-fe02-4a56-ac24-3020e88d4db0: shutdown FollowerState
2019-10-17 06:31:33,677 [Thread-2851] INFO  impl.FollowerState (FollowerState.java:run(117)) - 2f64f904-2283-4e96-b4e2-6c9018f13084@group-9ED9FEE0098D-FollowerState was interrupted: java.lang.InterruptedException: sleep interrupted
2019-10-17 06:31:33,677 [grpc-default-executor-6] INFO  impl.RoleInfo (RoleInfo.java:updateAndGet(143)) - 2f64f904-2283-4e96-b4e2-6c9018f13084: start FollowerState
2019-10-17 06:31:33,677 [Thread-2850] INFO  impl.FollowerState (FollowerState.java:run(117)) - 07fb1a7b-fe02-4a56-ac24-3020e88d4db0@group-9ED9FEE0098D-FollowerState was interrupted: java.lang.InterruptedException: sleep interrupted
2019-10-17 06:31:33,677 [grpc-default-executor-1] INFO  impl.RoleInfo (RoleInfo.java:updateAndGet(143)) - 07fb1a7b-fe02-4a56-ac24-3020e88d4db0: start FollowerState
2019-10-17 06:31:33,680 [0f256f10-8056-416e-a2a4-dd085f6c7864@group-9ED9FEE0098D-LeaderElection223] INFO  impl.LeaderElection (LeaderElection.java:logAndReturn(56)) - 0f256f10-8056-416e-a2a4-dd085f6c7864@group-9ED9FEE0098D-LeaderElection223: Election TIMEOUT; received 0 response(s) [] and 0 exception(s); 0f256f10-8056-416e-a2a4-dd085f6c7864@group-9ED9FEE0098D:t239, leader=null, voted=0f256f10-8056-416e-a2a4-dd085f6c7864, raftlog=0f256f10-8056-416e-a2a4-dd085f6c7864@group-9ED9FEE0098D-SegmentedRaftLog:OPENED:c-1,f-1,i0, conf=-1: [2f64f904-2283-4e96-b4e2-6c9018f13084:192.168.34.62:40373, 0f256f10-8056-416e-a2a4-dd085f6c7864:192.168.34.62:35674, 07fb1a7b-fe02-4a56-ac24-3020e88d4db0:192.168.34.62:46434], old=null
2019-10-17 06:31:33,706 [0f256f10-8056-416e-a2a4-dd085f6c7864@group-9ED9FEE0098D-LeaderElection223] INFO  impl.LeaderElection (LeaderElection.java:askForVotes(178)) - 0f256f10-8056-416e-a2a4-dd085f6c7864@group-9ED9FEE0098D-LeaderElection223: begin an election at term 240 for -1: [2f64f904-2283-4e96-b4e2-6c9018f13084:192.168.34.62:40373, 0f256f10-8056-416e-a2a4-dd085f6c7864:192.168.34.62:35674, 07fb1a7b-fe02-4a56-ac24-3020e88d4db0:192.168.34.62:46434], old=null
2019-10-17 06:31:33,708 [grpc-default-executor-1] INFO  impl.RaftServerImpl (RaftServerImpl.java:setRole(184)) - 07fb1a7b-fe02-4a56-ac24-3020e88d4db0@group-9ED9FEE0098D: changes role from  FOLLOWER to FOLLOWER at term 240 for recognizeCandidate:0f256f10-8056-416e-a2a4-dd085f6c7864
2019-10-17 06:31:33,708 [grpc-default-executor-1] INFO  impl.RoleInfo (RoleInfo.java:shutdownFollowerState(121)) - 07fb1a7b-fe02-4a56-ac24-3020e88d4db0: shutdown FollowerState
2019-10-17 06:31:33,708 [grpc-default-executor-1] INFO  impl.RoleInfo (RoleInfo.java:updateAndGet(143)) - 07fb1a7b-fe02-4a56-ac24-3020e88d4db0: start FollowerState
2019-10-17 06:31:33,708 [Thread-2857] INFO  impl.FollowerState (FollowerState.java:run(117)) - 07fb1a7b-fe02-4a56-ac24-3020e88d4db0@group-9ED9FEE0098D-FollowerState was interrupted: java.lang.InterruptedException: sleep interrupted
2019-10-17 06:31:33,708 [grpc-default-executor-6] INFO  impl.RaftServerImpl (RaftServerImpl.java:setRole(184)) - 2f64f904-2283-4e96-b4e2-6c9018f13084@group-9ED9FEE0098D: changes role from  FOLLOWER to FOLLOWER at term 240 for recognizeCandidate:0f256f10-8056-416e-a2a4-dd085f6c7864
2019-10-17 06:31:33,708 [grpc-default-executor-6] INFO  impl.RoleInfo (RoleInfo.java:shutdownFollowerState(121)) - 2f64f904-2283-4e96-b4e2-6c9018f13084: shutdown FollowerState
2019-10-17 06:31:33,708 [grpc-default-executor-6] INFO  impl.RoleInfo (RoleInfo.java:updateAndGet(143)) - 2f64f904-2283-4e96-b4e2-6c9018f13084: start FollowerState
2019-10-17 06:31:33,708 [Thread-2856] INFO  impl.FollowerState (FollowerState.java:run(117)) - 2f64f904-2283-4e96-b4e2-6c9018f13084@group-9ED9FEE0098D-FollowerState was interrupted: java.lang.InterruptedException: sleep interrupted
2019-10-17 06:31:33,723 [0f256f10-8056-416e-a2a4-dd085f6c7864@group-9ED9FEE0098D-LeaderElection223] INFO  impl.LeaderElection (LeaderElection.java:logAndReturn(56)) - 0f256f10-8056-416e-a2a4-dd085f6c7864@group-9ED9FEE0098D-LeaderElection223: Election REJECTED; received 2 response(s) [0f256f10-8056-416e-a2a4-dd085f6c7864<-2f64f904-2283-4e96-b4e2-6c9018f13084#0:FAIL-t240, 0f256f10-8056-416e-a2a4-dd085f6c7864<-07fb1a7b-fe02-4a56-ac24-3020e88d4db0#0:FAIL-t240] and 0 exception(s); 0f256f10-8056-416e-a2a4-dd085f6c7864@group-9ED9FEE0098D:t240, leader=null, voted=0f256f10-8056-416e-a2a4-dd085f6c7864, raftlog=0f256f10-8056-416e-a2a4-dd085f6c7864@group-9ED9FEE0098D-SegmentedRaftLog:OPENED:c-1,f-1,i0, conf=-1: [2f64f904-2283-4e96-b4e2-6c9018f13084:192.168.34.62:40373, 0f256f10-8056-416e-a2a4-dd085f6c7864:192.168.34.62:35674, 07fb1a7b-fe02-4a56-ac24-3020e88d4db0:192.168.34.62:46434], old=null
2019-10-17 06:31:33,724 [0f256f10-8056-416e-a2a4-dd085f6c7864@group-9ED9FEE0098D-LeaderElection223] INFO  impl.RaftServerImpl (RaftServerImpl.java:setRole(184)) - 0f256f10-8056-416e-a2a4-dd085f6c7864@group-9ED9FEE0098D: changes role from CANDIDATE to FOLLOWER at term 240 for DISCOVERED_A_NEW_TERM
2019-10-17 06:31:33,724 [0f256f10-8056-416e-a2a4-dd085f6c7864@group-9ED9FEE0098D-LeaderElection223] INFO  impl.RoleInfo (RoleInfo.java:shutdownLeaderElection(134)) - 0f256f10-8056-416e-a2a4-dd085f6c7864: shutdown LeaderElection
2019-10-17 06:31:33,724 [0f256f10-8056-416e-a2a4-dd085f6c7864@group-9ED9FEE0098D-LeaderElection223] INFO  impl.RoleInfo (RoleInfo.java:updateAndGet(143)) - 0f256f10-8056-416e-a2a4-dd085f6c7864: start FollowerState
2019-10-17 06:31:33,733 [Thread-2862] INFO  impl.FollowerState (FollowerState.java:run(108)) - 0f256f10-8056-416e-a2a4-dd085f6c7864@group-9ED9FEE0098D-FollowerState: change to CANDIDATE, lastRpcTime:9ms, electionTimeout:9ms
2019-10-17 06:31:33,733 [Thread-2862] INFO  impl.RoleInfo (RoleInfo.java:shutdownFollowerState(121)) - 0f256f10-8056-416e-a2a4-dd085f6c7864: shutdown FollowerState
2019-10-17 06:31:33,733 [Thread-2862] INFO  impl.RaftServerImpl (RaftServerImpl.java:setRole(184)) - 0f256f10-8056-416e-a2a4-dd085f6c7864@group-9ED9FEE0098D: changes role from  FOLLOWER to CANDIDATE at term 240 for changeToCandidate
2019-10-17 06:31:33,733 [Thread-2862] INFO  impl.RoleInfo (RoleInfo.java:updateAndGet(143)) - 0f256f10-8056-416e-a2a4-dd085f6c7864: start LeaderElection
2019-10-17 06:31:33,768 [0f256f10-8056-416e-a2a4-dd085f6c7864@group-9ED9FEE0098D-LeaderElection224] INFO  impl.LeaderElection (LeaderElection.java:askForVotes(178)) - 0f256f10-8056-416e-a2a4-dd085f6c7864@group-9ED9FEE0098D-LeaderElection224: begin an election at term 241 for -1: [2f64f904-2283-4e96-b4e2-6c9018f13084:192.168.34.62:40373, 0f256f10-8056-416e-a2a4-dd085f6c7864:192.168.34.62:35674, 07fb1a7b-fe02-4a56-ac24-3020e88d4db0:192.168.34.62:46434], old=null
2019-10-17 06:31:33,770 [grpc-default-executor-1] INFO  impl.RaftServerImpl (RaftServerImpl.java:setRole(184)) - 07fb1a7b-fe02-4a56-ac24-3020e88d4db0@group-9ED9FEE0098D: changes role from  FOLLOWER to FOLLOWER at term 241 for recognizeCandidate:0f256f10-8056-416e-a2a4-dd085f6c7864
2019-10-17 06:31:33,770 [grpc-default-executor-1] INFO  impl.RoleInfo (RoleInfo.java:shutdownFollowerState(121)) - 07fb1a7b-fe02-4a56-ac24-3020e88d4db0: shutdown FollowerState
2019-10-17 06:31:33,770 [grpc-default-executor-1] INFO  impl.RoleInfo (RoleInfo.java:updateAndGet(143)) - 07fb1a7b-fe02-4a56-ac24-3020e88d4db0: start FollowerState
2019-10-17 06:31:33,770 [Thread-2860] INFO  impl.FollowerState (FollowerState.java:run(117)) - 07fb1a7b-fe02-4a56-ac24-3020e88d4db0@group-9ED9FEE0098D-FollowerState was interrupted: java.lang.InterruptedException: sleep interrupted
2019-10-17 06:31:33,770 [grpc-default-executor-6] INFO  impl.RaftServerImpl (RaftServerImpl.java:setRole(184)) - 2f64f904-2283-4e96-b4e2-6c9018f13084@group-9ED9FEE0098D: changes role from  FOLLOWER to FOLLOWER at term 241 for recognizeCandidate:0f256f10-8056-416e-a2a4-dd085f6c7864
2019-10-17 06:31:33,770 [grpc-default-executor-6] INFO  impl.RoleInfo (RoleInfo.java:shutdownFollowerState(121)) - 2f64f904-2283-4e96-b4e2-6c9018f13084: shutdown FollowerState
2019-10-17 06:31:33,770 [grpc-default-executor-6] INFO  impl.RoleInfo (RoleInfo.java:updateAndGet(143)) - 2f64f904-2283-4e96-b4e2-6c9018f13084: start FollowerState
2019-10-17 06:31:33,770 [Thread-2861] INFO  impl.FollowerState (FollowerState.java:run(117)) - 2f64f904-2283-4e96-b4e2-6c9018f13084@group-9ED9FEE0098D-FollowerState was interrupted: java.lang.InterruptedException: sleep interrupted
2019-10-17 06:31:33,787 [0f256f10-8056-416e-a2a4-dd085f6c7864@group-9ED9FEE0098D-LeaderElection224] INFO  impl.LeaderElection (LeaderElection.java:logAndReturn(56)) - 0f256f10-8056-416e-a2a4-dd085f6c7864@group-9ED9FEE0098D-LeaderElection224: Election REJECTED; received 2 response(s) [0f256f10-8056-416e-a2a4-dd085f6c7864<-2f64f904-2283-4e96-b4e2-6c9018f13084#0:FAIL-t241, 0f256f10-8056-416e-a2a4-dd085f6c7864<-07fb1a7b-fe02-4a56-ac24-3020e88d4db0#0:FAIL-t241] and 0 exception(s); 0f256f10-8056-416e-a2a4-dd085f6c7864@group-9ED9FEE0098D:t241, leader=null, voted=0f256f10-8056-416e-a2a4-dd085f6c7864, raftlog=0f256f10-8056-416e-a2a4-dd085f6c7864@group-9ED9FEE0098D-SegmentedRaftLog:OPENED:c-1,f-1,i0, conf=-1: [2f64f904-2283-4e96-b4e2-6c9018f13084:192.168.34.62:40373, 0f256f10-8056-416e-a2a4-dd085f6c7864:192.168.34.62:35674, 07fb1a7b-fe02-4a56-ac24-3020e88d4db0:192.168.34.62:46434], old=null
2019-10-17 06:31:33,787 [0f256f10-8056-416e-a2a4-dd085f6c7864@group-9ED9FEE0098D-LeaderElection224] INFO  impl.RaftServerImpl (RaftServerImpl.java:setRole(184)) - 0f256f10-8056-416e-a2a4-dd085f6c7864@group-9ED9FEE0098D: changes role from CANDIDATE to FOLLOWER at term 241 for DISCOVERED_A_NEW_TERM
2019-10-17 06:31:33,787 [0f256f10-8056-416e-a2a4-dd085f6c7864@group-9ED9FEE0098D-LeaderElection224] INFO  impl.RoleInfo (RoleInfo.java:shutdownLeaderElection(134)) - 0f256f10-8056-416e-a2a4-dd085f6c7864: shutdown LeaderElection
2019-10-17 06:31:33,787 [0f256f10-8056-416e-a2a4-dd085f6c7864@group-9ED9FEE0098D-LeaderElection224] INFO  impl.RoleInfo (RoleInfo.java:updateAndGet(143)) - 0f256f10-8056-416e-a2a4-dd085f6c7864: start FollowerState
2019-10-17 06:31:33,978 [Thread-2868] INFO  impl.FollowerState (FollowerState.java:run(108)) - 0f256f10-8056-416e-a2a4-dd085f6c7864@group-9ED9FEE0098D-FollowerState: change to CANDIDATE, lastRpcTime:191ms, electionTimeout:191ms
2019-10-17 06:31:33,979 [Thread-2868] INFO  impl.RoleInfo (RoleInfo.java:shutdownFollowerState(121)) - 0f256f10-8056-416e-a2a4-dd085f6c7864: shutdown FollowerState
2019-10-17 06:31:33,979 [Thread-2868] INFO  impl.RaftServerImpl (RaftServerImpl.java:setRole(184)) - 0f256f10-8056-416e-a2a4-dd085f6c7864@group-9ED9FEE0098D: changes role from  FOLLOWER to CANDIDATE at term 241 for changeToCandidate
2019-10-17 06:31:33,979 [Thread-2868] INFO  impl.RoleInfo (RoleInfo.java:updateAndGet(143)) - 0f256f10-8056-416e-a2a4-dd085f6c7864: start LeaderElection
2019-10-17 06:31:33,983 [0f256f10-8056-416e-a2a4-dd085f6c7864@group-9ED9FEE0098D-LeaderElection225] INFO  impl.LeaderElection (LeaderElection.java:askForVotes(178)) - 0f256f10-8056-416e-a2a4-dd085f6c7864@group-9ED9FEE0098D-LeaderElection225: begin an election at term 242 for -1: [2f64f904-2283-4e96-b4e2-6c9018f13084:192.168.34.62:40373, 0f256f10-8056-416e-a2a4-dd085f6c7864:192.168.34.62:35674, 07fb1a7b-fe02-4a56-ac24-3020e88d4db0:192.168.34.62:46434], old=null
2019-10-17 06:31:33,985 [grpc-default-executor-6] INFO  impl.RaftServerImpl (RaftServerImpl.java:setRole(184)) - 07fb1a7b-fe02-4a56-ac24-3020e88d4db0@group-9ED9FEE0098D: changes role from  FOLLOWER to FOLLOWER at term 242 for recognizeCandidate:0f256f10-8056-416e-a2a4-dd085f6c7864
2019-10-17 06:31:33,985 [grpc-default-executor-1] INFO  impl.RaftServerImpl (RaftServerImpl.java:setRole(184)) - 2f64f904-2283-4e96-b4e2-6c9018f13084@group-9ED9FEE0098D: changes role from  FOLLOWER to FOLLOWER at term 242 for recognizeCandidate:0f256f10-8056-416e-a2a4-dd085f6c7864
2019-10-17 06:31:33,985 [grpc-default-executor-6] INFO  impl.RoleInfo (RoleInfo.java:shutdownFollowerState(121)) - 07fb1a7b-fe02-4a56-ac24-3020e88d4db0: shutdown FollowerState
2019-10-17 06:31:33,985 [grpc-default-executor-1] INFO  impl.RoleInfo (RoleInfo.java:shutdownFollowerState(121)) - 2f64f904-2283-4e96-b4e2-6c9018f13084: shutdown FollowerState
2019-10-17 06:31:33,985 [grpc-default-executor-6] INFO  impl.RoleInfo (RoleInfo.java:updateAndGet(143)) - 07fb1a7b-fe02-4a56-ac24-3020e88d4db0: start FollowerState
2019-10-17 06:31:33,986 [Thread-2867] INFO  impl.FollowerState (FollowerState.java:run(117)) - 2f64f904-2283-4e96-b4e2-6c9018f13084@group-9ED9FEE0098D-FollowerState was interrupted: java.lang.InterruptedException: sleep interrupted
2019-10-17 06:31:33,985 [Thread-2866] INFO  impl.FollowerState (FollowerState.java:run(117)) - 07fb1a7b-fe02-4a56-ac24-3020e88d4db0@group-9ED9FEE0098D-FollowerState was interrupted: java.lang.InterruptedException: sleep interrupted
2019-10-17 06:31:33,985 [grpc-default-executor-1] INFO  impl.RoleInfo (RoleInfo.java:updateAndGet(143)) - 2f64f904-2283-4e96-b4e2-6c9018f13084: start FollowerState
2019-10-17 06:31:34,018 [0f256f10-8056-416e-a2a4-dd085f6c7864@group-9ED9FEE0098D-LeaderElection225] INFO  impl.LeaderElection (LeaderElection.java:logAndReturn(56)) - 0f256f10-8056-416e-a2a4-dd085f6c7864@group-9ED9FEE0098D-LeaderElection225: Election REJECTED; received 2 response(s) [0f256f10-8056-416e-a2a4-dd085f6c7864<-2f64f904-2283-4e96-b4e2-6c9018f13084#0:FAIL-t242, 0f256f10-8056-416e-a2a4-dd085f6c7864<-07fb1a7b-fe02-4a56-ac24-3020e88d4db0#0:FAIL-t242] and 0 exception(s); 0f256f10-8056-416e-a2a4-dd085f6c7864@group-9ED9FEE0098D:t242, leader=null, voted=0f256f10-8056-416e-a2a4-dd085f6c7864, raftlog=0f256f10-8056-416e-a2a4-dd085f6c7864@group-9ED9FEE0098D-SegmentedRaftLog:OPENED:c-1,f-1,i0, conf=-1: [2f64f904-2283-4e96-b4e2-6c9018f13084:192.168.34.62:40373, 0f256f10-8056-416e-a2a4-dd085f6c7864:192.168.34.62:35674, 07fb1a7b-fe02-4a56-ac24-3020e88d4db0:192.168.34.62:46434], old=null
2019-10-17 06:31:34,018 [0f256f10-8056-416e-a2a4-dd085f6c7864@group-9ED9FEE0098D-LeaderElection225] INFO  impl.RaftServerImpl (RaftServerImpl.java:setRole(184)) - 0f256f10-8056-416e-a2a4-dd085f6c7864@group-9ED9FEE0098D: changes role from CANDIDATE to FOLLOWER at term 242 for DISCOVERED_A_NEW_TERM
2019-10-17 06:31:34,019 [0f256f10-8056-416e-a2a4-dd085f6c7864@group-9ED9FEE0098D-LeaderElection225] INFO  impl.RoleInfo (RoleInfo.java:shutdownLeaderElection(134)) - 0f256f10-8056-416e-a2a4-dd085f6c7864: shutdown LeaderElection
2019-10-17 06:31:34,019 [0f256f10-8056-416e-a2a4-dd085f6c7864@group-9ED9FEE0098D-LeaderElection225] INFO  impl.RoleInfo (RoleInfo.java:updateAndGet(143)) - 0f256f10-8056-416e-a2a4-dd085f6c7864: start FollowerState
2019-10-17 06:31:34,098 [Thread-2874] INFO  impl.FollowerState (FollowerState.java:run(108)) - 0f256f10-8056-416e-a2a4-dd085f6c7864@group-9ED9FEE0098D-FollowerState: change to CANDIDATE, lastRpcTime:79ms, electionTimeout:79ms
2019-10-17 06:31:34,098 [Thread-2874] INFO  impl.RoleInfo (RoleInfo.java:shutdownFollowerState(121)) - 0f256f10-8056-416e-a2a4-dd085f6c7864: shutdown FollowerState
2019-10-17 06:31:34,098 [Thread-2874] INFO  impl.RaftServerImpl (RaftServerImpl.java:setRole(184)) - 0f256f10-8056-416e-a2a4-dd085f6c7864@group-9ED9FEE0098D: changes role from  FOLLOWER to CANDIDATE at term 242 for changeToCandidate
2019-10-17 06:31:34,098 [Thread-2874] INFO  impl.RoleInfo (RoleInfo.java:updateAndGet(143)) - 0f256f10-8056-416e-a2a4-dd085f6c7864: start LeaderElection
2019-10-17 06:31:34,111 [0f256f10-8056-416e-a2a4-dd085f6c7864@group-9ED9FEE0098D-LeaderElection226] INFO  impl.LeaderElection (LeaderElection.java:askForVotes(178)) - 0f256f10-8056-416e-a2a4-dd085f6c7864@group-9ED9FEE0098D-LeaderElection226: begin an election at term 243 for -1: [2f64f904-2283-4e96-b4e2-6c9018f13084:192.168.34.62:40373, 0f256f10-8056-416e-a2a4-dd085f6c7864:192.168.34.62:35674, 07fb1a7b-fe02-4a56-ac24-3020e88d4db0:192.168.34.62:46434], old=null
2019-10-17 06:31:34,113 [grpc-default-executor-1] INFO  impl.RaftServerImpl (RaftServerImpl.java:setRole(184)) - 2f64f904-2283-4e96-b4e2-6c9018f13084@group-9ED9FEE0098D: changes role from  FOLLOWER to FOLLOWER at term 243 for recognizeCandidate:0f256f10-8056-416e-a2a4-dd085f6c7864
2019-10-17 06:31:34,113 [grpc-default-executor-6] INFO  impl.RaftServerImpl (RaftServerImpl.java:setRole(184)) - 07fb1a7b-fe02-4a56-ac24-3020e88d4db0@group-9ED9FEE0098D: changes role from  FOLLOWER to FOLLOWER at term 243 for recognizeCandidate:0f256f10-8056-416e-a2a4-dd085f6c7864
2019-10-17 06:31:34,113 [grpc-default-executor-1] INFO  impl.RoleInfo (RoleInfo.java:shutdownFollowerState(121)) - 2f64f904-2283-4e96-b4e2-6c9018f13084: shutdown FollowerState
2019-10-17 06:31:34,113 [grpc-default-executor-6] INFO  impl.RoleInfo (RoleInfo.java:shutdownFollowerState(121)) - 07fb1a7b-fe02-4a56-ac24-3020e88d4db0: shutdown FollowerState
2019-10-17 06:31:34,114 [grpc-default-executor-1] INFO  impl.RoleInfo (RoleInfo.java:updateAndGet(143)) - 2f64f904-2283-4e96-b4e2-6c9018f13084: start FollowerState
2019-10-17 06:31:34,114 [Thread-2873] INFO  impl.FollowerState (FollowerState.java:run(117)) - 2f64f904-2283-4e96-b4e2-6c9018f13084@group-9ED9FEE0098D-FollowerState was interrupted: java.lang.InterruptedException: sleep interrupted
2019-10-17 06:31:34,114 [grpc-default-executor-6] INFO  impl.RoleInfo (RoleInfo.java:updateAndGet(143)) - 07fb1a7b-fe02-4a56-ac24-3020e88d4db0: start FollowerState
2019-10-17 06:31:34,114 [Thread-2872] INFO  impl.FollowerState (FollowerState.java:run(117)) - 07fb1a7b-fe02-4a56-ac24-3020e88d4db0@group-9ED9FEE0098D-FollowerState was interrupted: java.lang.InterruptedException: sleep interrupted
2019-10-17 06:31:34,129 [0f256f10-8056-416e-a2a4-dd085f6c7864@group-9ED9FEE0098D-LeaderElection226] INFO  impl.LeaderElection (LeaderElection.java:logAndReturn(56)) - 0f256f10-8056-416e-a2a4-dd085f6c7864@group-9ED9FEE0098D-LeaderElection226: Election REJECTED; received 2 response(s) [0f256f10-8056-416e-a2a4-dd085f6c7864<-2f64f904-2283-4e96-b4e2-6c9018f13084#0:FAIL-t243, 0f256f10-8056-416e-a2a4-dd085f6c7864<-07fb1a7b-fe02-4a56-ac24-3020e88d4db0#0:FAIL-t243] and 0 exception(s); 0f256f10-8056-416e-a2a4-dd085f6c7864@group-9ED9FEE0098D:t243, leader=null, voted=0f256f10-8056-416e-a2a4-dd085f6c7864, raftlog=0f256f10-8056-416e-a2a4-dd085f6c7864@group-9ED9FEE0098D-SegmentedRaftLog:OPENED:c-1,f-1,i0, conf=-1: [2f64f904-2283-4e96-b4e2-6c9018f13084:192.168.34.62:40373, 0f256f10-8056-416e-a2a4-dd085f6c7864:192.168.34.62:35674, 07fb1a7b-fe02-4a56-ac24-3020e88d4db0:192.168.34.62:46434], old=null
2019-10-17 06:31:34,129 [0f256f10-8056-416e-a2a4-dd085f6c7864@group-9ED9FEE0098D-LeaderElection226] INFO  impl.RaftServerImpl (RaftServerImpl.java:setRole(184)) - 0f256f10-8056-416e-a2a4-dd085f6c7864@group-9ED9FEE0098D: changes role from CANDIDATE to FOLLOWER at term 243 for DISCOVERED_A_NEW_TERM
2019-10-17 06:31:34,129 [0f256f10-8056-416e-a2a4-dd085f6c7864@group-9ED9FEE0098D-LeaderElection226] INFO  impl.RoleInfo (RoleInfo.java:shutdownLeaderElection(134)) - 0f256f10-8056-416e-a2a4-dd085f6c7864: shutdown LeaderElection
2019-10-17 06:31:34,129 [0f256f10-8056-416e-a2a4-dd085f6c7864@group-9ED9FEE0098D-LeaderElection226] INFO  impl.RoleInfo (RoleInfo.java:updateAndGet(143)) - 0f256f10-8056-416e-a2a4-dd085f6c7864: start FollowerState
2019-10-17 06:31:34,183 [Thread-2880] INFO  impl.FollowerState (FollowerState.java:run(108)) - 0f256f10-8056-416e-a2a4-dd085f6c7864@group-9ED9FEE0098D-FollowerState: change to CANDIDATE, lastRpcTime:53ms, electionTimeout:53ms
2019-10-17 06:31:34,183 [Thread-2880] INFO  impl.RoleInfo (RoleInfo.java:shutdownFollowerState(121)) - 0f256f10-8056-416e-a2a4-dd085f6c7864: shutdown FollowerState
2019-10-17 06:31:34,183 [Thread-2880] INFO  impl.RaftServerImpl (RaftServerImpl.java:setRole(184)) - 0f256f10-8056-416e-a2a4-dd085f6c7864@group-9ED9FEE0098D: changes role from  FOLLOWER to CANDIDATE at term 243 for changeToCandidate
2019-10-17 06:31:34,183 [Thread-2880] INFO  impl.RoleInfo (RoleInfo.java:updateAndGet(143)) - 0f256f10-8056-416e-a2a4-dd085f6c7864: start LeaderElection
2019-10-17 06:31:34,207 [0f256f10-8056-416e-a2a4-dd085f6c7864@group-9ED9FEE0098D-LeaderElection227] INFO  impl.LeaderElection (LeaderElection.java:askForVotes(178)) - 0f256f10-8056-416e-a2a4-dd085f6c7864@group-9ED9FEE0098D-LeaderElection227: begin an election at term 244 for -1: [2f64f904-2283-4e96-b4e2-6c9018f13084:192.168.34.62:40373, 0f256f10-8056-416e-a2a4-dd085f6c7864:192.168.34.62:35674, 07fb1a7b-fe02-4a56-ac24-3020e88d4db0:192.168.34.62:46434], old=null
2019-10-17 06:31:34,209 [grpc-default-executor-1] INFO  impl.RaftServerImpl (RaftServerImpl.java:setRole(184)) - 2f64f904-2283-4e96-b4e2-6c9018f13084@group-9ED9FEE0098D: changes role from  FOLLOWER to FOLLOWER at term 244 for recognizeCandidate:0f256f10-8056-416e-a2a4-dd085f6c7864
2019-10-17 06:31:34,209 [grpc-default-executor-6] INFO  impl.RaftServerImpl (RaftServerImpl.java:setRole(184)) - 07fb1a7b-fe02-4a56-ac24-3020e88d4db0@group-9ED9FEE0098D: changes role from  FOLLOWER to FOLLOWER at term 244 for recognizeCandidate:0f256f10-8056-416e-a2a4-dd085f6c7864
2019-10-17 06:31:34,209 [grpc-default-executor-6] INFO  impl.RoleInfo (RoleInfo.java:shutdownFollowerState(121)) - 07fb1a7b-fe02-4a56-ac24-3020e88d4db0: shutdown FollowerState
2019-10-17 06:31:34,209 [grpc-default-executor-1] INFO  impl.RoleInfo (RoleInfo.java:shutdownFollowerState(121)) - 2f64f904-2283-4e96-b4e2-6c9018f13084: shutdown FollowerState
2019-10-17 06:31:34,209 [grpc-default-executor-6] INFO  impl.RoleInfo (RoleInfo.java:updateAndGet(143)) - 07fb1a7b-fe02-4a56-ac24-3020e88d4db0: start FollowerState
2019-10-17 06:31:34,209 [Thread-2878] INFO  impl.FollowerState (FollowerState.java:run(117)) - 2f64f904-2283-4e96-b4e2-6c9018f13084@group-9ED9FEE0098D-FollowerState was interrupted: java.lang.InterruptedException: sleep interrupted
2019-10-17 06:31:34,209 [grpc-default-executor-1] INFO  impl.RoleInfo (RoleInfo.java:updateAndGet(143)) - 2f64f904-2283-4e96-b4e2-6c9018f13084: start FollowerState
2019-10-17 06:31:34,209 [Thread-2879] INFO  impl.FollowerState (FollowerState.java:run(117)) - 07fb1a7b-fe02-4a56-ac24-3020e88d4db0@group-9ED9FEE0098D-FollowerState was interrupted: java.lang.InterruptedException: sleep interrupted
2019-10-17 06:31:34,234 [0f256f10-8056-416e-a2a4-dd085f6c7864@group-9ED9FEE0098D-LeaderElection227] INFO  impl.LeaderElection (LeaderElection.java:logAndReturn(56)) - 0f256f10-8056-416e-a2a4-dd085f6c7864@group-9ED9FEE0098D-LeaderElection227: Election REJECTED; received 2 response(s) [0f256f10-8056-416e-a2a4-dd085f6c7864<-2f64f904-2283-4e96-b4e2-6c9018f13084#0:FAIL-t244, 0f256f10-8056-416e-a2a4-dd085f6c7864<-07fb1a7b-fe02-4a56-ac24-3020e88d4db0#0:FAIL-t244] and 0 exception(s); 0f256f10-8056-416e-a2a4-dd085f6c7864@group-9ED9FEE0098D:t244, leader=null, voted=0f256f10-8056-416e-a2a4-dd085f6c7864, raftlog=0f256f10-8056-416e-a2a4-dd085f6c7864@group-9ED9FEE0098D-SegmentedRaftLog:OPENED:c-1,f-1,i0, conf=-1: [2f64f904-2283-4e96-b4e2-6c9018f13084:192.168.34.62:40373, 0f256f10-8056-416e-a2a4-dd085f6c7864:192.168.34.62:35674, 07fb1a7b-fe02-4a56-ac24-3020e88d4db0:192.168.34.62:46434], old=null
2019-10-17 06:31:34,234 [0f256f10-8056-416e-a2a4-dd085f6c7864@group-9ED9FEE0098D-LeaderElection227] INFO  impl.RaftServerImpl (RaftServerImpl.java:setRole(184)) - 0f256f10-8056-416e-a2a4-dd085f6c7864@group-9ED9FEE0098D: changes role from CANDIDATE to FOLLOWER at term 244 for DISCOVERED_A_NEW_TERM
2019-10-17 06:31:34,235 [0f256f10-8056-416e-a2a4-dd085f6c7864@group-9ED9FEE0098D-LeaderElection227] INFO  impl.RoleInfo (RoleInfo.java:shutdownLeaderElection(134)) - 0f256f10-8056-416e-a2a4-dd085f6c7864: shutdown LeaderElection
2019-10-17 06:31:34,235 [0f256f10-8056-416e-a2a4-dd085f6c7864@group-9ED9FEE0098D-LeaderElection227] INFO  impl.RoleInfo (RoleInfo.java:updateAndGet(143)) - 0f256f10-8056-416e-a2a4-dd085f6c7864: start FollowerState
2019-10-17 06:31:34,391 [Thread-2886] INFO  impl.FollowerState (FollowerState.java:run(108)) - 0f256f10-8056-416e-a2a4-dd085f6c7864@group-9ED9FEE0098D-FollowerState: change to CANDIDATE, lastRpcTime:156ms, electionTimeout:156ms
2019-10-17 06:31:34,391 [Thread-2886] INFO  impl.RoleInfo (RoleInfo.java:shutdownFollowerState(121)) - 0f256f10-8056-416e-a2a4-dd085f6c7864: shutdown FollowerState
2019-10-17 06:31:34,391 [Thread-2886] INFO  impl.RaftServerImpl (RaftServerImpl.java:setRole(184)) - 0f256f10-8056-416e-a2a4-dd085f6c7864@group-9ED9FEE0098D: changes role from  FOLLOWER to CANDIDATE at term 244 for changeToCandidate
2019-10-17 06:31:34,391 [Thread-2886] INFO  impl.RoleInfo (RoleInfo.java:updateAndGet(143)) - 0f256f10-8056-416e-a2a4-dd085f6c7864: start LeaderElection
2019-10-17 06:31:34,407 [0f256f10-8056-416e-a2a4-dd085f6c7864@group-9ED9FEE0098D-LeaderElection228] INFO  impl.LeaderElection (LeaderElection.java:askForVotes(178)) - 0f256f10-8056-416e-a2a4-dd085f6c7864@group-9ED9FEE0098D-LeaderElection228: begin an election at term 245 for -1: [2f64f904-2283-4e96-b4e2-6c9018f13084:192.168.34.62:40373, 0f256f10-8056-416e-a2a4-dd085f6c7864:192.168.34.62:35674, 07fb1a7b-fe02-4a56-ac24-3020e88d4db0:192.168.34.62:46434], old=null
2019-10-17 06:31:34,409 [grpc-default-executor-6] INFO  impl.RaftServerImpl (RaftServerImpl.java:setRole(184)) - 2f64f904-2283-4e96-b4e2-6c9018f13084@group-9ED9FEE0098D: changes role from  FOLLOWER to FOLLOWER at term 245 for recognizeCandidate:0f256f10-8056-416e-a2a4-dd085f6c7864
2019-10-17 06:31:34,409 [grpc-default-executor-6] INFO  impl.RoleInfo (RoleInfo.java:shutdownFollowerState(121)) - 2f64f904-2283-4e96-b4e2-6c9018f13084: shutdown FollowerState
2019-10-17 06:31:34,409 [grpc-default-executor-1] INFO  impl.RaftServerImpl (RaftServerImpl.java:setRole(184)) - 07fb1a7b-fe02-4a56-ac24-3020e88d4db0@group-9ED9FEE0098D: changes role from  FOLLOWER to FOLLOWER at term 245 for recognizeCandidate:0f256f10-8056-416e-a2a4-dd085f6c7864
2019-10-17 06:31:34,409 [Thread-2885] INFO  impl.FollowerState (FollowerState.java:run(117)) - 2f64f904-2283-4e96-b4e2-6c9018f13084@group-9ED9FEE0098D-FollowerState was interrupted: java.lang.InterruptedException: sleep interrupted
2019-10-17 06:31:34,409 [grpc-default-executor-6] INFO  impl.RoleInfo (RoleInfo.java:updateAndGet(143)) - 2f64f904-2283-4e96-b4e2-6c9018f13084: start FollowerState
2019-10-17 06:31:34,409 [grpc-default-executor-1] INFO  impl.RoleInfo (RoleInfo.java:shutdownFollowerState(121)) - 07fb1a7b-fe02-4a56-ac24-3020e88d4db0: shutdown FollowerState
2019-10-17 06:31:34,410 [grpc-default-executor-1] INFO  impl.RoleInfo (RoleInfo.java:updateAndGet(143)) - 07fb1a7b-fe02-4a56-ac24-3020e88d4db0: start FollowerState
2019-10-17 06:31:34,410 [Thread-2884] INFO  impl.FollowerState (FollowerState.java:run(117)) - 07fb1a7b-fe02-4a56-ac24-3020e88d4db0@group-9ED9FEE0098D-FollowerState was interrupted: java.lang.InterruptedException: sleep interrupted
2019-10-17 06:31:34,452 [0f256f10-8056-416e-a2a4-dd085f6c7864@group-9ED9FEE0098D-LeaderElection228] INFO  impl.LeaderElection (LeaderElection.java:logAndReturn(56)) - 0f256f10-8056-416e-a2a4-dd085f6c7864@group-9ED9FEE0098D-LeaderElection228: Election REJECTED; received 2 response(s) [0f256f10-8056-416e-a2a4-dd085f6c7864<-2f64f904-2283-4e96-b4e2-6c9018f13084#0:FAIL-t245, 0f256f10-8056-416e-a2a4-dd085f6c7864<-07fb1a7b-fe02-4a56-ac24-3020e88d4db0#0:FAIL-t245] and 0 exception(s); 0f256f10-8056-416e-a2a4-dd085f6c7864@group-9ED9FEE0098D:t245, leader=null, voted=0f256f10-8056-416e-a2a4-dd085f6c7864, raftlog=0f256f10-8056-416e-a2a4-dd085f6c7864@group-9ED9FEE0098D-SegmentedRaftLog:OPENED:c-1,f-1,i0, conf=-1: [2f64f904-2283-4e96-b4e2-6c9018f13084:192.168.34.62:40373, 0f256f10-8056-416e-a2a4-dd085f6c7864:192.168.34.62:35674, 07fb1a7b-fe02-4a56-ac24-3020e88d4db0:192.168.34.62:46434], old=null
2019-10-17 06:31:34,453 [0f256f10-8056-416e-a2a4-dd085f6c7864@group-9ED9FEE0098D-LeaderElection228] INFO  impl.RaftServerImpl (RaftServerImpl.java:setRole(184)) - 0f256f10-8056-416e-a2a4-dd085f6c7864@group-9ED9FEE0098D: changes role from CANDIDATE to FOLLOWER at term 245 for DISCOVERED_A_NEW_TERM
2019-10-17 06:31:34,453 [0f256f10-8056-416e-a2a4-dd085f6c7864@group-9ED9FEE0098D-LeaderElection228] INFO  impl.RoleInfo (RoleInfo.java:shutdownLeaderElection(134)) - 0f256f10-8056-416e-a2a4-dd085f6c7864: shutdown LeaderElection
2019-10-17 06:31:34,453 [0f256f10-8056-416e-a2a4-dd085f6c7864@group-9ED9FEE0098D-LeaderElection228] INFO  impl.RoleInfo (RoleInfo.java:updateAndGet(143)) - 0f256f10-8056-416e-a2a4-dd085f6c7864: start FollowerState
2019-10-17 06:31:34,546 [Thread-2892] INFO  impl.FollowerState (FollowerState.java:run(108)) - 0f256f10-8056-416e-a2a4-dd085f6c7864@group-9ED9FEE0098D-FollowerState: change to CANDIDATE, lastRpcTime:93ms, electionTimeout:93ms
2019-10-17 06:31:34,546 [Thread-2892] INFO  impl.RoleInfo (RoleInfo.java:shutdownFollowerState(121)) - 0f256f10-8056-416e-a2a4-dd085f6c7864: shutdown FollowerState
2019-10-17 06:31:34,546 [Thread-2892] INFO  impl.RaftServerImpl (RaftServerImpl.java:setRole(184)) - 0f256f10-8056-416e-a2a4-dd085f6c7864@group-9ED9FEE0098D: changes role from  FOLLOWER to CANDIDATE at term 245 for changeToCandidate
2019-10-17 06:31:34,547 [Thread-2892] INFO  impl.RoleInfo (RoleInfo.java:updateAndGet(143)) - 0f256f10-8056-416e-a2a4-dd085f6c7864: start LeaderElection
2019-10-17 06:31:34,571 [0f256f10-8056-416e-a2a4-dd085f6c7864@group-9ED9FEE0098D-LeaderElection229] INFO  impl.LeaderElection (LeaderElection.java:askForVotes(178)) - 0f256f10-8056-416e-a2a4-dd085f6c7864@group-9ED9FEE0098D-LeaderElection229: begin an election at term 246 for -1: [2f64f904-2283-4e96-b4e2-6c9018f13084:192.168.34.62:40373, 0f256f10-8056-416e-a2a4-dd085f6c7864:192.168.34.62:35674, 07fb1a7b-fe02-4a56-ac24-3020e88d4db0:192.168.34.62:46434], old=null
2019-10-17 06:31:34,573 [grpc-default-executor-6] INFO  impl.RaftServerImpl (RaftServerImpl.java:setRole(184)) - 07fb1a7b-fe02-4a56-ac24-3020e88d4db0@group-9ED9FEE0098D: changes role from  FOLLOWER to FOLLOWER at term 246 for recognizeCandidate:0f256f10-8056-416e-a2a4-dd085f6c7864
2019-10-17 06:31:34,573 [grpc-default-executor-1] INFO  impl.RaftServerImpl (RaftServerImpl.java:setRole(184)) - 2f64f904-2283-4e96-b4e2-6c9018f13084@group-9ED9FEE0098D: changes role from  FOLLOWER to FOLLOWER at term 246 for recognizeCandidate:0f256f10-8056-416e-a2a4-dd085f6c7864
2019-10-17 06:31:34,573 [grpc-default-executor-6] INFO  impl.RoleInfo (RoleInfo.java:shutdownFollowerState(121)) - 07fb1a7b-fe02-4a56-ac24-3020e88d4db0: shutdown FollowerState
2019-10-17 06:31:34,573 [grpc-default-executor-1] INFO  impl.RoleInfo (RoleInfo.java:shutdownFollowerState(121)) - 2f64f904-2283-4e96-b4e2-6c9018f13084: shutdown FollowerState
2019-10-17 06:31:34,573 [grpc-default-executor-6] INFO  impl.RoleInfo (RoleInfo.java:updateAndGet(143)) - 07fb1a7b-fe02-4a56-ac24-3020e88d4db0: start FollowerState
2019-10-17 06:31:34,574 [Thread-2890] INFO  impl.FollowerState (FollowerState.java:run(117)) - 2f64f904-2283-4e96-b4e2-6c9018f13084@group-9ED9FEE0098D-FollowerState was interrupted: java.lang.InterruptedException: sleep interrupted
2019-10-17 06:31:34,573 [Thread-2891] INFO  impl.FollowerState (FollowerState.java:run(117)) - 07fb1a7b-fe02-4a56-ac24-3020e88d4db0@group-9ED9FEE0098D-FollowerState was interrupted: java.lang.InterruptedException: sleep interrupted
2019-10-17 06:31:34,573 [grpc-default-executor-1] INFO  impl.RoleInfo (RoleInfo.java:updateAndGet(143)) - 2f64f904-2283-4e96-b4e2-6c9018f13084: start FollowerState
2019-10-17 06:31:34,591 [0f256f10-8056-416e-a2a4-dd085f6c7864@group-9ED9FEE0098D-LeaderElection229] INFO  impl.LeaderElection (LeaderElection.java:logAndReturn(56)) - 0f256f10-8056-416e-a2a4-dd085f6c7864@group-9ED9FEE0098D-LeaderElection229: Election REJECTED; received 2 response(s) [0f256f10-8056-416e-a2a4-dd085f6c7864<-2f64f904-2283-4e96-b4e2-6c9018f13084#0:FAIL-t246, 0f256f10-8056-416e-a2a4-dd085f6c7864<-07fb1a7b-fe02-4a56-ac24-3020e88d4db0#0:FAIL-t246] and 0 exception(s); 0f256f10-8056-416e-a2a4-dd085f6c7864@group-9ED9FEE0098D:t246, leader=null, voted=0f256f10-8056-416e-a2a4-dd085f6c7864, raftlog=0f256f10-8056-416e-a2a4-dd085f6c7864@group-9ED9FEE0098D-SegmentedRaftLog:OPENED:c-1,f-1,i0, conf=-1: [2f64f904-2283-4e96-b4e2-6c9018f13084:192.168.34.62:40373, 0f256f10-8056-416e-a2a4-dd085f6c7864:192.168.34.62:35674, 07fb1a7b-fe02-4a56-ac24-3020e88d4db0:192.168.34.62:46434], old=null
2019-10-17 06:31:34,591 [0f256f10-8056-416e-a2a4-dd085f6c7864@group-9ED9FEE0098D-LeaderElection229] INFO  impl.RaftServerImpl (RaftServerImpl.java:setRole(184)) - 0f256f10-8056-416e-a2a4-dd085f6c7864@group-9ED9FEE0098D: changes role from CANDIDATE to FOLLOWER at term 246 for DISCOVERED_A_NEW_TERM
2019-10-17 06:31:34,591 [0f256f10-8056-416e-a2a4-dd085f6c7864@group-9ED9FEE0098D-LeaderElection229] INFO  impl.RoleInfo (RoleInfo.java:shutdownLeaderElection(134)) - 0f256f10-8056-416e-a2a4-dd085f6c7864: shutdown LeaderElection
2019-10-17 06:31:34,591 [0f256f10-8056-416e-a2a4-dd085f6c7864@group-9ED9FEE0098D-LeaderElection229] INFO  impl.RoleInfo (RoleInfo.java:updateAndGet(143)) - 0f256f10-8056-416e-a2a4-dd085f6c7864: start FollowerState
2019-10-17 06:31:34,613 [Thread-2898] INFO  impl.FollowerState (FollowerState.java:run(108)) - 0f256f10-8056-416e-a2a4-dd085f6c7864@group-9ED9FEE0098D-FollowerState: change to CANDIDATE, lastRpcTime:22ms, electionTimeout:22ms
2019-10-17 06:31:34,614 [Thread-2898] INFO  impl.RoleInfo (RoleInfo.java:shutdownFollowerState(121)) - 0f256f10-8056-416e-a2a4-dd085f6c7864: shutdown FollowerState
2019-10-17 06:31:34,614 [Thread-2898] INFO  impl.RaftServerImpl (RaftServerImpl.java:setRole(184)) - 0f256f10-8056-416e-a2a4-dd085f6c7864@group-9ED9FEE0098D: changes role from  FOLLOWER to CANDIDATE at term 246 for changeToCandidate
2019-10-17 06:31:34,614 [Thread-2898] INFO  impl.RoleInfo (RoleInfo.java:updateAndGet(143)) - 0f256f10-8056-416e-a2a4-dd085f6c7864: start LeaderElection
2019-10-17 06:31:34,635 [0f256f10-8056-416e-a2a4-dd085f6c7864@group-9ED9FEE0098D-LeaderElection230] INFO  impl.LeaderElection (LeaderElection.java:askForVotes(178)) - 0f256f10-8056-416e-a2a4-dd085f6c7864@group-9ED9FEE0098D-LeaderElection230: begin an election at term 247 for -1: [2f64f904-2283-4e96-b4e2-6c9018f13084:192.168.34.62:40373, 0f256f10-8056-416e-a2a4-dd085f6c7864:192.168.34.62:35674, 07fb1a7b-fe02-4a56-ac24-3020e88d4db0:192.168.34.62:46434], old=null
2019-10-17 06:31:34,636 [grpc-default-executor-6] INFO  impl.RaftServerImpl (RaftServerImpl.java:setRole(184)) - 07fb1a7b-fe02-4a56-ac24-3020e88d4db0@group-9ED9FEE0098D: changes role from  FOLLOWER to FOLLOWER at term 247 for recognizeCandidate:0f256f10-8056-416e-a2a4-dd085f6c7864
2019-10-17 06:31:34,636 [grpc-default-executor-1] INFO  impl.RaftServerImpl (RaftServerImpl.java:setRole(184)) - 2f64f904-2283-4e96-b4e2-6c9018f13084@group-9ED9FEE0098D: changes role from  FOLLOWER to FOLLOWER at term 247 for recognizeCandidate:0f256f10-8056-416e-a2a4-dd085f6c7864
2019-10-17 06:31:34,637 [grpc-default-executor-6] INFO  impl.RoleInfo (RoleInfo.java:shutdownFollowerState(121)) - 07fb1a7b-fe02-4a56-ac24-3020e88d4db0: shutdown FollowerState
2019-10-17 06:31:34,637 [grpc-default-executor-1] INFO  impl.RoleInfo (RoleInfo.java:shutdownFollowerState(121)) - 2f64f904-2283-4e96-b4e2-6c9018f13084: shutdown FollowerState
2019-10-17 06:31:34,637 [grpc-default-executor-6] INFO  impl.RoleInfo (RoleInfo.java:updateAndGet(143)) - 07fb1a7b-fe02-4a56-ac24-3020e88d4db0: start FollowerState
2019-10-17 06:31:34,637 [Thread-2897] INFO  impl.FollowerState (FollowerState.java:run(117)) - 2f64f904-2283-4e96-b4e2-6c9018f13084@group-9ED9FEE0098D-FollowerState was interrupted: java.lang.InterruptedException: sleep interrupted
2019-10-17 06:31:34,637 [grpc-default-executor-1] INFO  impl.RoleInfo (RoleInfo.java:updateAndGet(143)) - 2f64f904-2283-4e96-b4e2-6c9018f13084: start FollowerState
2019-10-17 06:31:34,637 [Thread-2896] INFO  impl.FollowerState (FollowerState.java:run(117)) - 07fb1a7b-fe02-4a56-ac24-3020e88d4db0@group-9ED9FEE0098D-FollowerState was interrupted: java.lang.InterruptedException: sleep interrupted
2019-10-17 06:31:34,649 [Thread-1202] INFO  ozone.MiniOzoneClusterImpl (MiniOzoneClusterImpl.java:lambda$waitForClusterToBeReady$2(164)) - Waiting for 1 number of pipelines out of 4, to report a leader.
2019-10-17 06:31:34,656 [0f256f10-8056-416e-a2a4-dd085f6c7864@group-9ED9FEE0098D-LeaderElection230] INFO  impl.LeaderElection (LeaderElection.java:logAndReturn(56)) - 0f256f10-8056-416e-a2a4-dd085f6c7864@group-9ED9FEE0098D-LeaderElection230: Election TIMEOUT; received 0 response(s) [] and 0 exception(s); 0f256f10-8056-416e-a2a4-dd085f6c7864@group-9ED9FEE0098D:t247, leader=null, voted=0f256f10-8056-416e-a2a4-dd085f6c7864, raftlog=0f256f10-8056-416e-a2a4-dd085f6c7864@group-9ED9FEE0098D-SegmentedRaftLog:OPENED:c-1,f-1,i0, conf=-1: [2f64f904-2283-4e96-b4e2-6c9018f13084:192.168.34.62:40373, 0f256f10-8056-416e-a2a4-dd085f6c7864:192.168.34.62:35674, 07fb1a7b-fe02-4a56-ac24-3020e88d4db0:192.168.34.62:46434], old=null
2019-10-17 06:31:34,666 [0f256f10-8056-416e-a2a4-dd085f6c7864@group-9ED9FEE0098D-LeaderElection230] INFO  impl.LeaderElection (LeaderElection.java:askForVotes(178)) - 0f256f10-8056-416e-a2a4-dd085f6c7864@group-9ED9FEE0098D-LeaderElection230: begin an election at term 248 for -1: [2f64f904-2283-4e96-b4e2-6c9018f13084:192.168.34.62:40373, 0f256f10-8056-416e-a2a4-dd085f6c7864:192.168.34.62:35674, 07fb1a7b-fe02-4a56-ac24-3020e88d4db0:192.168.34.62:46434], old=null
2019-10-17 06:31:34,668 [grpc-default-executor-1] INFO  impl.RaftServerImpl (RaftServerImpl.java:setRole(184)) - 07fb1a7b-fe02-4a56-ac24-3020e88d4db0@group-9ED9FEE0098D: changes role from  FOLLOWER to FOLLOWER at term 248 for recognizeCandidate:0f256f10-8056-416e-a2a4-dd085f6c7864
2019-10-17 06:31:34,668 [grpc-default-executor-6] INFO  impl.RaftServerImpl (RaftServerImpl.java:setRole(184)) - 2f64f904-2283-4e96-b4e2-6c9018f13084@group-9ED9FEE0098D: changes role from  FOLLOWER to FOLLOWER at term 248 for recognizeCandidate:0f256f10-8056-416e-a2a4-dd085f6c7864
2019-10-17 06:31:34,668 [grpc-default-executor-1] INFO  impl.RoleInfo (RoleInfo.java:shutdownFollowerState(121)) - 07fb1a7b-fe02-4a56-ac24-3020e88d4db0: shutdown FollowerState
2019-10-17 06:31:34,668 [grpc-default-executor-6] INFO  impl.RoleInfo (RoleInfo.java:shutdownFollowerState(121)) - 2f64f904-2283-4e96-b4e2-6c9018f13084: shutdown FollowerState
2019-10-17 06:31:34,668 [Thread-2902] INFO  impl.FollowerState (FollowerState.java:run(117)) - 07fb1a7b-fe02-4a56-ac24-3020e88d4db0@group-9ED9FEE0098D-FollowerState was interrupted: java.lang.InterruptedException: sleep interrupted
2019-10-17 06:31:34,668 [grpc-default-executor-1] INFO  impl.RoleInfo (RoleInfo.java:updateAndGet(143)) - 07fb1a7b-fe02-4a56-ac24-3020e88d4db0: start FollowerState
2019-10-17 06:31:34,668 [grpc-default-executor-6] INFO  impl.RoleInfo (RoleInfo.java:updateAndGet(143)) - 2f64f904-2283-4e96-b4e2-6c9018f13084: start FollowerState
2019-10-17 06:31:34,668 [Thread-2903] INFO  impl.FollowerState (FollowerState.java:run(117)) - 2f64f904-2283-4e96-b4e2-6c9018f13084@group-9ED9FEE0098D-FollowerState was interrupted: java.lang.InterruptedException: sleep interrupted
2019-10-17 06:31:34,686 [0f256f10-8056-416e-a2a4-dd085f6c7864@group-9ED9FEE0098D-LeaderElection230] INFO  impl.LeaderElection (LeaderElection.java:logAndReturn(56)) - 0f256f10-8056-416e-a2a4-dd085f6c7864@group-9ED9FEE0098D-LeaderElection230: Election REJECTED; received 2 response(s) [0f256f10-8056-416e-a2a4-dd085f6c7864<-2f64f904-2283-4e96-b4e2-6c9018f13084#0:FAIL-t248, 0f256f10-8056-416e-a2a4-dd085f6c7864<-07fb1a7b-fe02-4a56-ac24-3020e88d4db0#0:FAIL-t248] and 0 exception(s); 0f256f10-8056-416e-a2a4-dd085f6c7864@group-9ED9FEE0098D:t248, leader=null, voted=0f256f10-8056-416e-a2a4-dd085f6c7864, raftlog=0f256f10-8056-416e-a2a4-dd085f6c7864@group-9ED9FEE0098D-SegmentedRaftLog:OPENED:c-1,f-1,i0, conf=-1: [2f64f904-2283-4e96-b4e2-6c9018f13084:192.168.34.62:40373, 0f256f10-8056-416e-a2a4-dd085f6c7864:192.168.34.62:35674, 07fb1a7b-fe02-4a56-ac24-3020e88d4db0:192.168.34.62:46434], old=null
2019-10-17 06:31:34,686 [0f256f10-8056-416e-a2a4-dd085f6c7864@group-9ED9FEE0098D-LeaderElection230] INFO  impl.RaftServerImpl (RaftServerImpl.java:setRole(184)) - 0f256f10-8056-416e-a2a4-dd085f6c7864@group-9ED9FEE0098D: changes role from CANDIDATE to FOLLOWER at term 248 for DISCOVERED_A_NEW_TERM
2019-10-17 06:31:34,686 [0f256f10-8056-416e-a2a4-dd085f6c7864@group-9ED9FEE0098D-LeaderElection230] INFO  impl.RoleInfo (RoleInfo.java:shutdownLeaderElection(134)) - 0f256f10-8056-416e-a2a4-dd085f6c7864: shutdown LeaderElection
2019-10-17 06:31:34,686 [0f256f10-8056-416e-a2a4-dd085f6c7864@group-9ED9FEE0098D-LeaderElection230] INFO  impl.RoleInfo (RoleInfo.java:updateAndGet(143)) - 0f256f10-8056-416e-a2a4-dd085f6c7864: start FollowerState
2019-10-17 06:31:34,870 [Thread-2908] INFO  impl.FollowerState (FollowerState.java:run(108)) - 0f256f10-8056-416e-a2a4-dd085f6c7864@group-9ED9FEE0098D-FollowerState: change to CANDIDATE, lastRpcTime:183ms, electionTimeout:183ms
2019-10-17 06:31:34,870 [Thread-2908] INFO  impl.RoleInfo (RoleInfo.java:shutdownFollowerState(121)) - 0f256f10-8056-416e-a2a4-dd085f6c7864: shutdown FollowerState
2019-10-17 06:31:34,870 [Thread-2908] INFO  impl.RaftServerImpl (RaftServerImpl.java:setRole(184)) - 0f256f10-8056-416e-a2a4-dd085f6c7864@group-9ED9FEE0098D: changes role from  FOLLOWER to CANDIDATE at term 248 for changeToCandidate
2019-10-17 06:31:34,870 [Thread-2908] INFO  impl.RoleInfo (RoleInfo.java:updateAndGet(143)) - 0f256f10-8056-416e-a2a4-dd085f6c7864: start LeaderElection
2019-10-17 06:31:34,876 [0f256f10-8056-416e-a2a4-dd085f6c7864@group-9ED9FEE0098D-LeaderElection231] INFO  impl.LeaderElection (LeaderElection.java:askForVotes(178)) - 0f256f10-8056-416e-a2a4-dd085f6c7864@group-9ED9FEE0098D-LeaderElection231: begin an election at term 249 for -1: [2f64f904-2283-4e96-b4e2-6c9018f13084:192.168.34.62:40373, 0f256f10-8056-416e-a2a4-dd085f6c7864:192.168.34.62:35674, 07fb1a7b-fe02-4a56-ac24-3020e88d4db0:192.168.34.62:46434], old=null
2019-10-17 06:31:34,878 [grpc-default-executor-6] INFO  impl.RaftServerImpl (RaftServerImpl.java:setRole(184)) - 2f64f904-2283-4e96-b4e2-6c9018f13084@group-9ED9FEE0098D: changes role from  FOLLOWER to FOLLOWER at term 249 for recognizeCandidate:0f256f10-8056-416e-a2a4-dd085f6c7864
2019-10-17 06:31:34,878 [grpc-default-executor-1] INFO  impl.RaftServerImpl (RaftServerImpl.java:setRole(184)) - 07fb1a7b-fe02-4a56-ac24-3020e88d4db0@group-9ED9FEE0098D: changes role from  FOLLOWER to FOLLOWER at term 249 for recognizeCandidate:0f256f10-8056-416e-a2a4-dd085f6c7864
2019-10-17 06:31:34,878 [grpc-default-executor-6] INFO  impl.RoleInfo (RoleInfo.java:shutdownFollowerState(121)) - 2f64f904-2283-4e96-b4e2-6c9018f13084: shutdown FollowerState
2019-10-17 06:31:34,878 [grpc-default-executor-1] INFO  impl.RoleInfo (RoleInfo.java:shutdownFollowerState(121)) - 07fb1a7b-fe02-4a56-ac24-3020e88d4db0: shutdown FollowerState
2019-10-17 06:31:34,878 [Thread-2907] INFO  impl.FollowerState (FollowerState.java:run(117)) - 2f64f904-2283-4e96-b4e2-6c9018f13084@group-9ED9FEE0098D-FollowerState was interrupted: java.lang.InterruptedException: sleep interrupted
2019-10-17 06:31:34,878 [grpc-default-executor-6] INFO  impl.RoleInfo (RoleInfo.java:updateAndGet(143)) - 2f64f904-2283-4e96-b4e2-6c9018f13084: start FollowerState
2019-10-17 06:31:34,878 [grpc-default-executor-1] INFO  impl.RoleInfo (RoleInfo.java:updateAndGet(143)) - 07fb1a7b-fe02-4a56-ac24-3020e88d4db0: start FollowerState
2019-10-17 06:31:34,878 [Thread-2906] INFO  impl.FollowerState (FollowerState.java:run(117)) - 07fb1a7b-fe02-4a56-ac24-3020e88d4db0@group-9ED9FEE0098D-FollowerState was interrupted: java.lang.InterruptedException: sleep interrupted
2019-10-17 06:31:34,901 [0f256f10-8056-416e-a2a4-dd085f6c7864@group-9ED9FEE0098D-LeaderElection231] INFO  impl.LeaderElection (LeaderElection.java:logAndReturn(56)) - 0f256f10-8056-416e-a2a4-dd085f6c7864@group-9ED9FEE0098D-LeaderElection231: Election REJECTED; received 2 response(s) [0f256f10-8056-416e-a2a4-dd085f6c7864<-2f64f904-2283-4e96-b4e2-6c9018f13084#0:FAIL-t249, 0f256f10-8056-416e-a2a4-dd085f6c7864<-07fb1a7b-fe02-4a56-ac24-3020e88d4db0#0:FAIL-t249] and 0 exception(s); 0f256f10-8056-416e-a2a4-dd085f6c7864@group-9ED9FEE0098D:t249, leader=null, voted=0f256f10-8056-416e-a2a4-dd085f6c7864, raftlog=0f256f10-8056-416e-a2a4-dd085f6c7864@group-9ED9FEE0098D-SegmentedRaftLog:OPENED:c-1,f-1,i0, conf=-1: [2f64f904-2283-4e96-b4e2-6c9018f13084:192.168.34.62:40373, 0f256f10-8056-416e-a2a4-dd085f6c7864:192.168.34.62:35674, 07fb1a7b-fe02-4a56-ac24-3020e88d4db0:192.168.34.62:46434], old=null
2019-10-17 06:31:34,902 [0f256f10-8056-416e-a2a4-dd085f6c7864@group-9ED9FEE0098D-LeaderElection231] INFO  impl.RaftServerImpl (RaftServerImpl.java:setRole(184)) - 0f256f10-8056-416e-a2a4-dd085f6c7864@group-9ED9FEE0098D: changes role from CANDIDATE to FOLLOWER at term 249 for DISCOVERED_A_NEW_TERM
2019-10-17 06:31:34,902 [0f256f10-8056-416e-a2a4-dd085f6c7864@group-9ED9FEE0098D-LeaderElection231] INFO  impl.RoleInfo (RoleInfo.java:shutdownLeaderElection(134)) - 0f256f10-8056-416e-a2a4-dd085f6c7864: shutdown LeaderElection
2019-10-17 06:31:34,902 [0f256f10-8056-416e-a2a4-dd085f6c7864@group-9ED9FEE0098D-LeaderElection231] INFO  impl.RoleInfo (RoleInfo.java:updateAndGet(143)) - 0f256f10-8056-416e-a2a4-dd085f6c7864: start FollowerState
2019-10-17 06:31:34,992 [Thread-2914] INFO  impl.FollowerState (FollowerState.java:run(108)) - 0f256f10-8056-416e-a2a4-dd085f6c7864@group-9ED9FEE0098D-FollowerState: change to CANDIDATE, lastRpcTime:90ms, electionTimeout:90ms
2019-10-17 06:31:34,992 [Thread-2914] INFO  impl.RoleInfo (RoleInfo.java:shutdownFollowerState(121)) - 0f256f10-8056-416e-a2a4-dd085f6c7864: shutdown FollowerState
2019-10-17 06:31:34,993 [Thread-2914] INFO  impl.RaftServerImpl (RaftServerImpl.java:setRole(184)) - 0f256f10-8056-416e-a2a4-dd085f6c7864@group-9ED9FEE0098D: changes role from  FOLLOWER to CANDIDATE at term 249 for changeToCandidate
2019-10-17 06:31:34,993 [Thread-2914] INFO  impl.RoleInfo (RoleInfo.java:updateAndGet(143)) - 0f256f10-8056-416e-a2a4-dd085f6c7864: start LeaderElection
2019-10-17 06:31:35,016 [0f256f10-8056-416e-a2a4-dd085f6c7864@group-9ED9FEE0098D-LeaderElection232] INFO  impl.LeaderElection (LeaderElection.java:askForVotes(178)) - 0f256f10-8056-416e-a2a4-dd085f6c7864@group-9ED9FEE0098D-LeaderElection232: begin an election at term 250 for -1: [2f64f904-2283-4e96-b4e2-6c9018f13084:192.168.34.62:40373, 0f256f10-8056-416e-a2a4-dd085f6c7864:192.168.34.62:35674, 07fb1a7b-fe02-4a56-ac24-3020e88d4db0:192.168.34.62:46434], old=null
2019-10-17 06:31:35,018 [grpc-default-executor-6] INFO  impl.RaftServerImpl (RaftServerImpl.java:setRole(184)) - 07fb1a7b-fe02-4a56-ac24-3020e88d4db0@group-9ED9FEE0098D: changes role from  FOLLOWER to FOLLOWER at term 250 for recognizeCandidate:0f256f10-8056-416e-a2a4-dd085f6c7864
2019-10-17 06:31:35,018 [grpc-default-executor-1] INFO  impl.RaftServerImpl (RaftServerImpl.java:setRole(184)) - 2f64f904-2283-4e96-b4e2-6c9018f13084@group-9ED9FEE0098D: changes role from  FOLLOWER to FOLLOWER at term 250 for recognizeCandidate:0f256f10-8056-416e-a2a4-dd085f6c7864
2019-10-17 06:31:35,019 [grpc-default-executor-1] INFO  impl.RoleInfo (RoleInfo.java:shutdownFollowerState(121)) - 2f64f904-2283-4e96-b4e2-6c9018f13084: shutdown FollowerState
2019-10-17 06:31:35,019 [grpc-default-executor-6] INFO  impl.RoleInfo (RoleInfo.java:shutdownFollowerState(121)) - 07fb1a7b-fe02-4a56-ac24-3020e88d4db0: shutdown FollowerState
2019-10-17 06:31:35,019 [Thread-2912] INFO  impl.FollowerState (FollowerState.java:run(117)) - 2f64f904-2283-4e96-b4e2-6c9018f13084@group-9ED9FEE0098D-FollowerState was interrupted: java.lang.InterruptedException: sleep interrupted
2019-10-17 06:31:35,019 [grpc-default-executor-1] INFO  impl.RoleInfo (RoleInfo.java:updateAndGet(143)) - 2f64f904-2283-4e96-b4e2-6c9018f13084: start FollowerState
2019-10-17 06:31:35,019 [Thread-2913] INFO  impl.FollowerState (FollowerState.java:run(117)) - 07fb1a7b-fe02-4a56-ac24-3020e88d4db0@group-9ED9FEE0098D-FollowerState was interrupted: java.lang.InterruptedException: sleep interrupted
2019-10-17 06:31:35,019 [grpc-default-executor-6] INFO  impl.RoleInfo (RoleInfo.java:updateAndGet(143)) - 07fb1a7b-fe02-4a56-ac24-3020e88d4db0: start FollowerState
2019-10-17 06:31:35,042 [0f256f10-8056-416e-a2a4-dd085f6c7864@group-9ED9FEE0098D-LeaderElection232] INFO  impl.LeaderElection (LeaderElection.java:logAndReturn(56)) - 0f256f10-8056-416e-a2a4-dd085f6c7864@group-9ED9FEE0098D-LeaderElection232: Election REJECTED; received 2 response(s) [0f256f10-8056-416e-a2a4-dd085f6c7864<-2f64f904-2283-4e96-b4e2-6c9018f13084#0:FAIL-t250, 0f256f10-8056-416e-a2a4-dd085f6c7864<-07fb1a7b-fe02-4a56-ac24-3020e88d4db0#0:FAIL-t250] and 0 exception(s); 0f256f10-8056-416e-a2a4-dd085f6c7864@group-9ED9FEE0098D:t250, leader=null, voted=0f256f10-8056-416e-a2a4-dd085f6c7864, raftlog=0f256f10-8056-416e-a2a4-dd085f6c7864@group-9ED9FEE0098D-SegmentedRaftLog:OPENED:c-1,f-1,i0, conf=-1: [2f64f904-2283-4e96-b4e2-6c9018f13084:192.168.34.62:40373, 0f256f10-8056-416e-a2a4-dd085f6c7864:192.168.34.62:35674, 07fb1a7b-fe02-4a56-ac24-3020e88d4db0:192.168.34.62:46434], old=null
2019-10-17 06:31:35,042 [0f256f10-8056-416e-a2a4-dd085f6c7864@group-9ED9FEE0098D-LeaderElection232] INFO  impl.RaftServerImpl (RaftServerImpl.java:setRole(184)) - 0f256f10-8056-416e-a2a4-dd085f6c7864@group-9ED9FEE0098D: changes role from CANDIDATE to FOLLOWER at term 250 for DISCOVERED_A_NEW_TERM
2019-10-17 06:31:35,042 [0f256f10-8056-416e-a2a4-dd085f6c7864@group-9ED9FEE0098D-LeaderElection232] INFO  impl.RoleInfo (RoleInfo.java:shutdownLeaderElection(134)) - 0f256f10-8056-416e-a2a4-dd085f6c7864: shutdown LeaderElection
2019-10-17 06:31:35,043 [0f256f10-8056-416e-a2a4-dd085f6c7864@group-9ED9FEE0098D-LeaderElection232] INFO  impl.RoleInfo (RoleInfo.java:updateAndGet(143)) - 0f256f10-8056-416e-a2a4-dd085f6c7864: start FollowerState
]]></system-out>
  </testcase>
  <testcase name="testScmInfo" classname="org.apache.hadoop.ozone.TestStorageContainerManager" time="18.318"/>
</testsuite>