<?xml version="1.0" encoding="UTF-8"?>
<testsuite xmlns:xsi="http://www.w3.org/2001/XMLSchema-instance" xsi:noNamespaceSchemaLocation="https://maven.apache.org/surefire/maven-surefire-plugin/xsd/surefire-test-report.xsd" name="org.apache.hadoop.hdds.scm.pipeline.TestRatisPipelineCreateAndDestroy" time="112.041" tests="2" errors="1" skipped="0" failures="0">
  <properties>
    <property name="awt.toolkit" value="sun.awt.X11.XToolkit"/>
    <property name="file.encoding.pkg" value="sun.io"/>
    <property name="java.specification.version" value="1.8"/>
    <property name="sun.cpu.isalist" value=""/>
    <property name="sun.jnu.encoding" value="ANSI_X3.4-1968"/>
    <property name="java.class.path" value="/workdir/hadoop-ozone/integration-test/target/test-classes:/workdir/hadoop-ozone/integration-test/target/classes:/home/user/.m2/repository/org/apache/hadoop/hadoop-ozone-common/0.5.0-SNAPSHOT/hadoop-ozone-common-0.5.0-SNAPSHOT.jar:/home/user/.m2/repository/org/apache/commons/commons-compress/1.4.1/commons-compress-1.4.1.jar:/home/user/.m2/repository/org/tukaani/xz/1.0/xz-1.0.jar:/home/user/.m2/repository/org/apache/hadoop/hadoop-common/3.2.0/hadoop-common-3.2.0.jar:/home/user/.m2/repository/org/apache/hadoop/hadoop-hdfs/3.2.0/hadoop-hdfs-3.2.0.jar:/home/user/.m2/repository/org/apache/hadoop/hadoop-hdfs-client/3.2.0/hadoop-hdfs-client-3.2.0.jar:/home/user/.m2/repository/com/fasterxml/jackson/core/jackson-annotations/2.9.9/jackson-annotations-2.9.9.jar:/home/user/.m2/repository/org/apache/hadoop/hadoop-hdds-common/0.5.0-SNAPSHOT/hadoop-hdds-common-0.5.0-SNAPSHOT.jar:/home/user/.m2/repository/javax/annotation/javax.annotation-api/1.2/javax.annotation-api-1.2.jar:/home/user/.m2/repository/org/apache/ratis/ratis-server/0.5.0-3f446aa-SNAPSHOT/ratis-server-0.5.0-3f446aa-SNAPSHOT.jar:/home/user/.m2/repository/org/apache/ratis/ratis-thirdparty-misc/0.2.0/ratis-thirdparty-misc-0.2.0.jar:/home/user/.m2/repository/org/apache/ratis/ratis-proto/0.5.0-3f446aa-SNAPSHOT/ratis-proto-0.5.0-3f446aa-SNAPSHOT.jar:/home/user/.m2/repository/org/apache/ratis/ratis-common/0.5.0-3f446aa-SNAPSHOT/ratis-common-0.5.0-3f446aa-SNAPSHOT.jar:/home/user/.m2/repository/org/apache/ratis/ratis-client/0.5.0-3f446aa-SNAPSHOT/ratis-client-0.5.0-3f446aa-SNAPSHOT.jar:/home/user/.m2/repository/org/apache/ratis/ratis-metrics/0.5.0-3f446aa-SNAPSHOT/ratis-metrics-0.5.0-3f446aa-SNAPSHOT.jar:/home/user/.m2/repository/com/github/joshelser/dropwizard-metrics-hadoop-metrics2-reporter/0.1.2/dropwizard-metrics-hadoop-metrics2-reporter-0.1.2.jar:/home/user/.m2/repository/io/dropwizard/metrics/metrics-jvm/3.2.5/metrics-jvm-3.2.5.jar:/home/user/.m2/repository/io/dropwizard/metrics/metrics-ganglia/3.2.5/metrics-ganglia-3.2.5.jar:/home/user/.m2/repository/info/ganglia/gmetric4j/gmetric4j/1.0.7/gmetric4j-1.0.7.jar:/home/user/.m2/repository/org/apache/ratis/ratis-netty/0.5.0-3f446aa-SNAPSHOT/ratis-netty-0.5.0-3f446aa-SNAPSHOT.jar:/home/user/.m2/repository/org/apache/ratis/ratis-grpc/0.5.0-3f446aa-SNAPSHOT/ratis-grpc-0.5.0-3f446aa-SNAPSHOT.jar:/home/user/.m2/repository/org/rocksdb/rocksdbjni/6.0.1/rocksdbjni-6.0.1.jar:/home/user/.m2/repository/org/apache/logging/log4j/log4j-api/2.11.0/log4j-api-2.11.0.jar:/home/user/.m2/repository/org/apache/logging/log4j/log4j-core/2.11.0/log4j-core-2.11.0.jar:/home/user/.m2/repository/com/lmax/disruptor/3.4.2/disruptor-3.4.2.jar:/home/user/.m2/repository/org/apache/commons/commons-pool2/2.6.0/commons-pool2-2.6.0.jar:/home/user/.m2/repository/org/bouncycastle/bcpkix-jdk15on/1.60/bcpkix-jdk15on-1.60.jar:/home/user/.m2/repository/commons-validator/commons-validator/1.6/commons-validator-1.6.jar:/home/user/.m2/repository/commons-digester/commons-digester/1.8.1/commons-digester-1.8.1.jar:/home/user/.m2/repository/io/jaegertracing/jaeger-client/0.34.0/jaeger-client-0.34.0.jar:/home/user/.m2/repository/io/jaegertracing/jaeger-thrift/0.34.0/jaeger-thrift-0.34.0.jar:/home/user/.m2/repository/org/apache/thrift/libthrift/0.12.0/libthrift-0.12.0.jar:/home/user/.m2/repository/com/squareup/okhttp3/okhttp/3.9.0/okhttp-3.9.0.jar:/home/user/.m2/repository/com/squareup/okio/okio/1.13.0/okio-1.13.0.jar:/home/user/.m2/repository/io/jaegertracing/jaeger-core/0.34.0/jaeger-core-0.34.0.jar:/home/user/.m2/repository/io/jaegertracing/jaeger-tracerresolver/0.34.0/jaeger-tracerresolver-0.34.0.jar:/home/user/.m2/repository/io/opentracing/contrib/opentracing-tracerresolver/0.1.5/opentracing-tracerresolver-0.1.5.jar:/home/user/.m2/repository/io/opentracing/opentracing-util/0.31.0/opentracing-util-0.31.0.jar:/home/user/.m2/repository/io/opentracing/opentracing-api/0.31.0/opentracing-api-0.31.0.jar:/home/user/.m2/repository/io/opentracing/opentracing-noop/0.31.0/opentracing-noop-0.31.0.jar:/home/user/.m2/repository/org/apache/hadoop/hadoop-hdds-server-framework/0.5.0-SNAPSHOT/hadoop-hdds-server-framework-0.5.0-SNAPSHOT.jar:/home/user/.m2/repository/org/apache/hadoop/hadoop-hdds-container-service/0.5.0-SNAPSHOT/hadoop-hdds-container-service-0.5.0-SNAPSHOT.jar:/home/user/.m2/repository/org/apache/hadoop/hadoop-hdds-client/0.5.0-SNAPSHOT/hadoop-hdds-client-0.5.0-SNAPSHOT.jar:/home/user/.m2/repository/org/apache/hadoop/hadoop-hdds-tools/0.5.0-SNAPSHOT/hadoop-hdds-tools-0.5.0-SNAPSHOT.jar:/home/user/.m2/repository/org/apache/hadoop/hadoop-hdds-server-scm/0.5.0-SNAPSHOT/hadoop-hdds-server-scm-0.5.0-SNAPSHOT.jar:/home/user/.m2/repository/org/apache/hadoop/hadoop-hdds-docs/0.5.0-SNAPSHOT/hadoop-hdds-docs-0.5.0-SNAPSHOT.jar:/home/user/.m2/repository/io/dropwizard/metrics/metrics-core/3.2.4/metrics-core-3.2.4.jar:/home/user/.m2/repository/org/hamcrest/hamcrest-all/1.3/hamcrest-all-1.3.jar:/home/user/.m2/repository/org/bouncycastle/bcprov-jdk15on/1.60/bcprov-jdk15on-1.60.jar:/home/user/.m2/repository/info/picocli/picocli/3.9.6/picocli-3.9.6.jar:/home/user/.m2/repository/com/google/protobuf/protobuf-java/2.5.0/protobuf-java-2.5.0.jar:/home/user/.m2/repository/com/google/guava/guava/11.0.2/guava-11.0.2.jar:/home/user/.m2/repository/org/apache/hadoop/hadoop-ozone-ozone-manager/0.5.0-SNAPSHOT/hadoop-ozone-ozone-manager-0.5.0-SNAPSHOT.jar:/home/user/.m2/repository/org/apache/hadoop/hadoop-minikdc/3.2.0/hadoop-minikdc-3.2.0.jar:/home/user/.m2/repository/commons-io/commons-io/2.5/commons-io-2.5.jar:/home/user/.m2/repository/org/apache/kerby/kerb-simplekdc/1.0.1/kerb-simplekdc-1.0.1.jar:/home/user/.m2/repository/org/apache/kerby/kerb-client/1.0.1/kerb-client-1.0.1.jar:/home/user/.m2/repository/org/apache/kerby/kerby-config/1.0.1/kerby-config-1.0.1.jar:/home/user/.m2/repository/org/apache/kerby/kerb-core/1.0.1/kerb-core-1.0.1.jar:/home/user/.m2/repository/org/apache/kerby/kerby-pkix/1.0.1/kerby-pkix-1.0.1.jar:/home/user/.m2/repository/org/apache/kerby/kerby-asn1/1.0.1/kerby-asn1-1.0.1.jar:/home/user/.m2/repository/org/apache/kerby/kerby-util/1.0.1/kerby-util-1.0.1.jar:/home/user/.m2/repository/org/apache/kerby/kerb-common/1.0.1/kerb-common-1.0.1.jar:/home/user/.m2/repository/org/apache/kerby/kerb-crypto/1.0.1/kerb-crypto-1.0.1.jar:/home/user/.m2/repository/org/apache/kerby/kerb-util/1.0.1/kerb-util-1.0.1.jar:/home/user/.m2/repository/org/apache/kerby/token-provider/1.0.1/token-provider-1.0.1.jar:/home/user/.m2/repository/org/apache/kerby/kerb-admin/1.0.1/kerb-admin-1.0.1.jar:/home/user/.m2/repository/org/apache/kerby/kerb-server/1.0.1/kerb-server-1.0.1.jar:/home/user/.m2/repository/org/apache/kerby/kerb-identity/1.0.1/kerb-identity-1.0.1.jar:/home/user/.m2/repository/org/apache/kerby/kerby-xdr/1.0.1/kerby-xdr-1.0.1.jar:/home/user/.m2/repository/org/slf4j/slf4j-log4j12/1.7.25/slf4j-log4j12-1.7.25.jar:/home/user/.m2/repository/org/apache/hadoop/hadoop-ozone-s3gateway/0.5.0-SNAPSHOT/hadoop-ozone-s3gateway-0.5.0-SNAPSHOT.jar:/home/user/.m2/repository/org/jboss/weld/servlet/weld-servlet/2.4.7.Final/weld-servlet-2.4.7.Final.jar:/home/user/.m2/repository/org/glassfish/jersey/containers/jersey-container-servlet-core/2.27/jersey-container-servlet-core-2.27.jar:/home/user/.m2/repository/org/glassfish/hk2/external/javax.inject/2.5.0-b42/javax.inject-2.5.0-b42.jar:/home/user/.m2/repository/org/glassfish/jersey/core/jersey-common/2.27/jersey-common-2.27.jar:/home/user/.m2/repository/org/glassfish/hk2/osgi-resource-locator/1.0.1/osgi-resource-locator-1.0.1.jar:/home/user/.m2/repository/javax/ws/rs/javax.ws.rs-api/2.1/javax.ws.rs-api-2.1.jar:/home/user/.m2/repository/org/glassfish/jersey/ext/cdi/jersey-cdi1x/2.27/jersey-cdi1x-2.27.jar:/home/user/.m2/repository/org/glassfish/jersey/inject/jersey-hk2/2.27/jersey-hk2-2.27.jar:/home/user/.m2/repository/org/glassfish/hk2/hk2-locator/2.5.0-b42/hk2-locator-2.5.0-b42.jar:/home/user/.m2/repository/org/javassist/javassist/3.22.0-CR2/javassist-3.22.0-CR2.jar:/home/user/.m2/repository/org/glassfish/hk2/hk2-api/2.5.0/hk2-api-2.5.0.jar:/home/user/.m2/repository/org/glassfish/hk2/external/jakarta.inject/2.5.0/jakarta.inject-2.5.0.jar:/home/user/.m2/repository/org/glassfish/hk2/hk2-utils/2.5.0/hk2-utils-2.5.0.jar:/home/user/.m2/repository/jakarta/annotation/jakarta.annotation-api/1.3.4/jakarta.annotation-api-1.3.4.jar:/home/user/.m2/repository/org/glassfish/hk2/external/aopalliance-repackaged/2.5.0/aopalliance-repackaged-2.5.0.jar:/home/user/.m2/repository/com/fasterxml/jackson/dataformat/jackson-dataformat-xml/2.9.0/jackson-dataformat-xml-2.9.0.jar:/home/user/.m2/repository/com/fasterxml/jackson/core/jackson-core/2.9.9/jackson-core-2.9.9.jar:/home/user/.m2/repository/com/fasterxml/jackson/module/jackson-module-jaxb-annotations/2.9.9/jackson-module-jaxb-annotations-2.9.9.jar:/home/user/.m2/repository/javax/enterprise/cdi-api/1.2/cdi-api-1.2.jar:/home/user/.m2/repository/javax/el/javax.el-api/3.0.0/javax.el-api-3.0.0.jar:/home/user/.m2/repository/javax/interceptor/javax.interceptor-api/1.2/javax.interceptor-api-1.2.jar:/home/user/.m2/repository/javax/inject/javax.inject/1/javax.inject-1.jar:/home/user/.m2/repository/com/sun/xml/bind/jaxb-impl/2.3.0.1/jaxb-impl-2.3.0.1.jar:/home/user/.m2/repository/com/sun/xml/bind/jaxb-core/2.3.0.1/jaxb-core-2.3.0.1.jar:/home/user/.m2/repository/javax/xml/bind/jaxb-api/2.3.0/jaxb-api-2.3.0.jar:/home/user/.m2/repository/javax/activation/activation/1.1.1/activation-1.1.1.jar:/home/user/.m2/repository/org/apache/hadoop/hadoop-ozone-csi/0.5.0-SNAPSHOT/hadoop-ozone-csi-0.5.0-SNAPSHOT.jar:/home/user/.m2/repository/com/google/protobuf/protobuf-java-util/3.5.1/protobuf-java-util-3.5.1.jar:/home/user/.m2/repository/org/apache/hadoop/hadoop-hdds-config/0.5.0-SNAPSHOT/hadoop-hdds-config-0.5.0-SNAPSHOT.jar:/home/user/.m2/repository/io/grpc/grpc-netty/1.17.1/grpc-netty-1.17.1.jar:/home/user/.m2/repository/io/grpc/grpc-core/1.17.1/grpc-core-1.17.1.jar:/home/user/.m2/repository/io/grpc/grpc-context/1.17.1/grpc-context-1.17.1.jar:/home/user/.m2/repository/com/google/errorprone/error_prone_annotations/2.2.0/error_prone_annotations-2.2.0.jar:/home/user/.m2/repository/org/codehaus/mojo/animal-sniffer-annotations/1.17/animal-sniffer-annotations-1.17.jar:/home/user/.m2/repository/io/opencensus/opencensus-api/0.17.0/opencensus-api-0.17.0.jar:/home/user/.m2/repository/io/opencensus/opencensus-contrib-grpc-metrics/0.17.0/opencensus-contrib-grpc-metrics-0.17.0.jar:/home/user/.m2/repository/io/netty/netty-codec-http2/4.1.30.Final/netty-codec-http2-4.1.30.Final.jar:/home/user/.m2/repository/io/netty/netty-codec-http/4.1.30.Final/netty-codec-http-4.1.30.Final.jar:/home/user/.m2/repository/io/netty/netty-codec/4.1.30.Final/netty-codec-4.1.30.Final.jar:/home/user/.m2/repository/io/netty/netty-handler/4.1.30.Final/netty-handler-4.1.30.Final.jar:/home/user/.m2/repository/io/netty/netty-handler-proxy/4.1.30.Final/netty-handler-proxy-4.1.30.Final.jar:/home/user/.m2/repository/io/netty/netty-codec-socks/4.1.30.Final/netty-codec-socks-4.1.30.Final.jar:/home/user/.m2/repository/io/netty/netty-transport-native-epoll/4.1.30.Final/netty-transport-native-epoll-4.1.30.Final.jar:/home/user/.m2/repository/io/netty/netty-common/4.1.30.Final/netty-common-4.1.30.Final.jar:/home/user/.m2/repository/io/netty/netty-buffer/4.1.30.Final/netty-buffer-4.1.30.Final.jar:/home/user/.m2/repository/io/netty/netty-transport/4.1.30.Final/netty-transport-4.1.30.Final.jar:/home/user/.m2/repository/io/netty/netty-resolver/4.1.30.Final/netty-resolver-4.1.30.Final.jar:/home/user/.m2/repository/io/netty/netty-transport-native-unix-common/4.1.30.Final/netty-transport-native-unix-common-4.1.30.Final.jar:/home/user/.m2/repository/io/grpc/grpc-protobuf/1.17.1/grpc-protobuf-1.17.1.jar:/home/user/.m2/repository/com/google/api/grpc/proto-google-common-protos/1.0.0/proto-google-common-protos-1.0.0.jar:/home/user/.m2/repository/io/grpc/grpc-protobuf-lite/1.17.1/grpc-protobuf-lite-1.17.1.jar:/home/user/.m2/repository/io/grpc/grpc-stub/1.17.1/grpc-stub-1.17.1.jar:/home/user/.m2/repository/org/apache/hadoop/hadoop-ozone-recon/0.5.0-SNAPSHOT/hadoop-ozone-recon-0.5.0-SNAPSHOT.jar:/home/user/.m2/repository/org/apache/hadoop/hadoop-ozone-reconcodegen/0.5.0-SNAPSHOT/hadoop-ozone-reconcodegen-0.5.0-SNAPSHOT.jar:/home/user/.m2/repository/com/google/inject/extensions/guice-multibindings/4.0/guice-multibindings-4.0.jar:/home/user/.m2/repository/com/google/inject/guice/4.0/guice-4.0.jar:/home/user/.m2/repository/aopalliance/aopalliance/1.0/aopalliance-1.0.jar:/home/user/.m2/repository/com/google/inject/extensions/guice-servlet/4.0/guice-servlet-4.0.jar:/home/user/.m2/repository/org/glassfish/jersey/containers/jersey-container-servlet/2.27/jersey-container-servlet-2.27.jar:/home/user/.m2/repository/org/glassfish/hk2/guice-bridge/2.5.0/guice-bridge-2.5.0.jar:/home/user/.m2/repository/org/glassfish/jersey/core/jersey-server/2.27/jersey-server-2.27.jar:/home/user/.m2/repository/org/glassfish/jersey/core/jersey-client/2.27/jersey-client-2.27.jar:/home/user/.m2/repository/org/glassfish/jersey/media/jersey-media-jaxb/2.27/jersey-media-jaxb-2.27.jar:/home/user/.m2/repository/javax/validation/validation-api/1.1.0.Final/validation-api-1.1.0.Final.jar:/home/user/.m2/repository/org/glassfish/jersey/media/jersey-media-json-jackson/2.27/jersey-media-json-jackson-2.27.jar:/home/user/.m2/repository/org/glassfish/jersey/ext/jersey-entity-filtering/2.27/jersey-entity-filtering-2.27.jar:/home/user/.m2/repository/com/google/inject/extensions/guice-assistedinject/4.0/guice-assistedinject-4.0.jar:/home/user/.m2/repository/org/jooq/jooq/3.11.10/jooq-3.11.10.jar:/home/user/.m2/repository/org/jooq/jooq-meta/3.11.10/jooq-meta-3.11.10.jar:/home/user/.m2/repository/org/jooq/jooq-codegen/3.11.10/jooq-codegen-3.11.10.jar:/home/user/.m2/repository/com/jolbox/bonecp/0.8.0.RELEASE/bonecp-0.8.0.RELEASE.jar:/home/user/.m2/repository/org/xerial/sqlite-jdbc/3.25.2/sqlite-jdbc-3.25.2.jar:/home/user/.m2/repository/org/springframework/spring-jdbc/5.1.3.RELEASE/spring-jdbc-5.1.3.RELEASE.jar:/home/user/.m2/repository/org/springframework/spring-beans/5.1.3.RELEASE/spring-beans-5.1.3.RELEASE.jar:/home/user/.m2/repository/org/springframework/spring-core/5.1.3.RELEASE/spring-core-5.1.3.RELEASE.jar:/home/user/.m2/repository/org/springframework/spring-jcl/5.1.3.RELEASE/spring-jcl-5.1.3.RELEASE.jar:/home/user/.m2/repository/org/springframework/spring-tx/5.1.3.RELEASE/spring-tx-5.1.3.RELEASE.jar:/home/user/.m2/repository/org/apache/hadoop/hadoop-ozone-client/0.5.0-SNAPSHOT/hadoop-ozone-client-0.5.0-SNAPSHOT.jar:/home/user/.m2/repository/commons-lang/commons-lang/2.6/commons-lang-2.6.jar:/home/user/.m2/repository/org/apache/hadoop/hadoop-ozone-ozone-manager/0.5.0-SNAPSHOT/hadoop-ozone-ozone-manager-0.5.0-SNAPSHOT-tests.jar:/home/user/.m2/repository/junit/junit/4.11/junit-4.11.jar:/home/user/.m2/repository/org/hamcrest/hamcrest-core/1.3/hamcrest-core-1.3.jar:/home/user/.m2/repository/org/openjdk/jmh/jmh-core/1.19/jmh-core-1.19.jar:/home/user/.m2/repository/net/sf/jopt-simple/jopt-simple/4.6/jopt-simple-4.6.jar:/home/user/.m2/repository/org/apache/commons/commons-math3/3.1.1/commons-math3-3.1.1.jar:/home/user/.m2/repository/org/openjdk/jmh/jmh-generator-annprocess/1.19/jmh-generator-annprocess-1.19.jar:/home/user/.m2/repository/org/mockito/mockito-all/1.8.5/mockito-all-1.8.5.jar:/home/user/.m2/repository/org/apache/hadoop/hadoop-kms/3.2.0/hadoop-kms-3.2.0.jar:/home/user/.m2/repository/org/apache/hadoop/hadoop-auth/3.2.0/hadoop-auth-3.2.0.jar:/home/user/.m2/repository/com/nimbusds/nimbus-jose-jwt/4.41.1/nimbus-jose-jwt-4.41.1.jar:/home/user/.m2/repository/com/github/stephenc/jcip/jcip-annotations/1.0-1/jcip-annotations-1.0-1.jar:/home/user/.m2/repository/net/minidev/json-smart/2.3/json-smart-2.3.jar:/home/user/.m2/repository/net/minidev/accessors-smart/1.2/accessors-smart-1.2.jar:/home/user/.m2/repository/org/ow2/asm/asm/5.0.4/asm-5.0.4.jar:/home/user/.m2/repository/org/apache/curator/curator-framework/2.12.0/curator-framework-2.12.0.jar:/home/user/.m2/repository/com/sun/jersey/jersey-core/1.19/jersey-core-1.19.jar:/home/user/.m2/repository/javax/ws/rs/jsr311-api/1.1.1/jsr311-api-1.1.1.jar:/home/user/.m2/repository/com/sun/jersey/jersey-server/1.19/jersey-server-1.19.jar:/home/user/.m2/repository/javax/servlet/javax.servlet-api/3.1.0/javax.servlet-api-3.1.0.jar:/home/user/.m2/repository/org/eclipse/jetty/jetty-server/9.3.25.v20180904/jetty-server-9.3.25.v20180904.jar:/home/user/.m2/repository/org/eclipse/jetty/jetty-http/9.3.25.v20180904/jetty-http-9.3.25.v20180904.jar:/home/user/.m2/repository/org/eclipse/jetty/jetty-io/9.3.25.v20180904/jetty-io-9.3.25.v20180904.jar:/home/user/.m2/repository/org/eclipse/jetty/jetty-webapp/9.3.25.v20180904/jetty-webapp-9.3.25.v20180904.jar:/home/user/.m2/repository/org/eclipse/jetty/jetty-xml/9.3.25.v20180904/jetty-xml-9.3.25.v20180904.jar:/home/user/.m2/repository/log4j/log4j/1.2.17/log4j-1.2.17.jar:/home/user/.m2/repository/org/slf4j/slf4j-api/1.7.25/slf4j-api-1.7.25.jar:/home/user/.m2/repository/org/slf4j/jul-to-slf4j/1.7.25/jul-to-slf4j-1.7.25.jar:/home/user/.m2/repository/org/eclipse/jetty/jetty-util/9.3.25.v20180904/jetty-util-9.3.25.v20180904.jar:/home/user/.m2/repository/com/fasterxml/jackson/core/jackson-databind/2.9.9/jackson-databind-2.9.9.jar:/home/user/.m2/repository/org/apache/hadoop/hadoop-kms/3.2.0/hadoop-kms-3.2.0-tests.jar:/home/user/.m2/repository/org/apache/hadoop/hadoop-hdds-server-scm/0.5.0-SNAPSHOT/hadoop-hdds-server-scm-0.5.0-SNAPSHOT-tests.jar:/home/user/.m2/repository/org/apache/hadoop/hadoop-hdds-container-service/0.5.0-SNAPSHOT/hadoop-hdds-container-service-0.5.0-SNAPSHOT-tests.jar:/home/user/.m2/repository/org/yaml/snakeyaml/1.16/snakeyaml-1.16.jar:/home/user/.m2/repository/org/apache/hadoop/hadoop-common/3.2.0/hadoop-common-3.2.0-tests.jar:/home/user/.m2/repository/org/apache/hadoop/hadoop-annotations/3.2.0/hadoop-annotations-3.2.0.jar:/usr/lib/jvm/java-1.8.0-openjdk-1.8.0.222.b10-1.el7_7.x86_64/jre/../lib/tools.jar:/home/user/.m2/repository/commons-cli/commons-cli/1.2/commons-cli-1.2.jar:/home/user/.m2/repository/org/apache/httpcomponents/httpclient/4.5.2/httpclient-4.5.2.jar:/home/user/.m2/repository/org/apache/httpcomponents/httpcore/4.4.4/httpcore-4.4.4.jar:/home/user/.m2/repository/commons-codec/commons-codec/1.11/commons-codec-1.11.jar:/home/user/.m2/repository/commons-net/commons-net/3.6/commons-net-3.6.jar:/home/user/.m2/repository/commons-collections/commons-collections/3.2.2/commons-collections-3.2.2.jar:/home/user/.m2/repository/org/eclipse/jetty/jetty-servlet/9.3.25.v20180904/jetty-servlet-9.3.25.v20180904.jar:/home/user/.m2/repository/org/eclipse/jetty/jetty-security/9.3.25.v20180904/jetty-security-9.3.25.v20180904.jar:/home/user/.m2/repository/javax/servlet/jsp/jsp-api/2.1/jsp-api-2.1.jar:/home/user/.m2/repository/com/sun/jersey/jersey-servlet/1.19/jersey-servlet-1.19.jar:/home/user/.m2/repository/com/sun/jersey/jersey-json/1.19/jersey-json-1.19.jar:/home/user/.m2/repository/org/codehaus/jettison/jettison/1.1/jettison-1.1.jar:/home/user/.m2/repository/org/codehaus/jackson/jackson-core-asl/1.9.13/jackson-core-asl-1.9.13.jar:/home/user/.m2/repository/org/codehaus/jackson/jackson-mapper-asl/1.9.13/jackson-mapper-asl-1.9.13.jar:/home/user/.m2/repository/org/codehaus/jackson/jackson-jaxrs/1.9.13/jackson-jaxrs-1.9.13.jar:/home/user/.m2/repository/org/codehaus/jackson/jackson-xc/1.9.13/jackson-xc-1.9.13.jar:/home/user/.m2/repository/commons-logging/commons-logging/1.1.3/commons-logging-1.1.3.jar:/home/user/.m2/repository/commons-beanutils/commons-beanutils/1.9.4/commons-beanutils-1.9.4.jar:/home/user/.m2/repository/org/apache/commons/commons-configuration2/2.1.1/commons-configuration2-2.1.1.jar:/home/user/.m2/repository/org/apache/commons/commons-lang3/3.7/commons-lang3-3.7.jar:/home/user/.m2/repository/org/apache/commons/commons-text/1.4/commons-text-1.4.jar:/home/user/.m2/repository/org/apache/avro/avro/1.7.7/avro-1.7.7.jar:/home/user/.m2/repository/com/thoughtworks/paranamer/paranamer/2.3/paranamer-2.3.jar:/home/user/.m2/repository/org/xerial/snappy/snappy-java/1.0.5/snappy-java-1.0.5.jar:/home/user/.m2/repository/com/google/re2j/re2j/1.1/re2j-1.1.jar:/home/user/.m2/repository/com/google/code/gson/gson/2.2.4/gson-2.2.4.jar:/home/user/.m2/repository/com/jcraft/jsch/0.1.54/jsch-0.1.54.jar:/home/user/.m2/repository/org/apache/curator/curator-client/2.12.0/curator-client-2.12.0.jar:/home/user/.m2/repository/org/apache/curator/curator-recipes/2.12.0/curator-recipes-2.12.0.jar:/home/user/.m2/repository/com/google/code/findbugs/jsr305/3.0.0/jsr305-3.0.0.jar:/home/user/.m2/repository/org/apache/htrace/htrace-core4/4.1.0-incubating/htrace-core4-4.1.0-incubating.jar:/home/user/.m2/repository/org/apache/zookeeper/zookeeper/3.4.13/zookeeper-3.4.13.jar:/home/user/.m2/repository/jline/jline/0.9.94/jline-0.9.94.jar:/home/user/.m2/repository/org/apache/yetus/audience-annotations/0.5.0/audience-annotations-0.5.0.jar:/home/user/.m2/repository/org/codehaus/woodstox/stax2-api/3.1.4/stax2-api-3.1.4.jar:/home/user/.m2/repository/com/fasterxml/woodstox/woodstox-core/5.0.3/woodstox-core-5.0.3.jar:/home/user/.m2/repository/dnsjava/dnsjava/2.1.7/dnsjava-2.1.7.jar:/home/user/.m2/repository/org/apache/hadoop/hadoop-hdfs/3.2.0/hadoop-hdfs-3.2.0-tests.jar:/home/user/.m2/repository/org/eclipse/jetty/jetty-util-ajax/9.3.25.v20180904/jetty-util-ajax-9.3.25.v20180904.jar:/home/user/.m2/repository/commons-daemon/commons-daemon/1.0.13/commons-daemon-1.0.13.jar:/home/user/.m2/repository/io/netty/netty/3.10.5.Final/netty-3.10.5.Final.jar:/home/user/.m2/repository/io/netty/netty-all/4.0.52.Final/netty-all-4.0.52.Final.jar:/home/user/.m2/repository/org/fusesource/leveldbjni/leveldbjni-all/1.8/leveldbjni-all-1.8.jar:"/>
    <property name="java.vm.vendor" value="Oracle Corporation"/>
    <property name="sun.arch.data.model" value="64"/>
    <property name="test.build.dir" value="/workdir/hadoop-ozone/integration-test/target/test-dir"/>
    <property name="test.cache.data" value=""/>
    <property name="java.vendor.url" value="http://java.oracle.com/"/>
    <property name="user.timezone" value=""/>
    <property name="java.vm.specification.version" value="1.8"/>
    <property name="os.name" value="Linux"/>
    <property name="test.build.data" value="/workdir/hadoop-ozone/integration-test/target/test-dir"/>
    <property name="user.country" value="US"/>
    <property name="sun.java.launcher" value="SUN_STANDARD"/>
    <property name="sun.boot.library.path" value="/usr/lib/jvm/java-1.8.0-openjdk-1.8.0.222.b10-1.el7_7.x86_64/jre/lib/amd64"/>
    <property name="sun.java.command" value="/workdir/hadoop-ozone/integration-test/target/surefire/surefirebooter1820193950237226516.jar /workdir/hadoop-ozone/integration-test/target/surefire 2019-10-17T06-25-58_183-jvmRun1 surefire3686769148441734100tmp surefire_754520846181547693455tmp"/>
    <property name="surefire.test.class.path" value="/workdir/hadoop-ozone/integration-test/target/test-classes:/workdir/hadoop-ozone/integration-test/target/classes:/home/user/.m2/repository/org/apache/hadoop/hadoop-ozone-common/0.5.0-SNAPSHOT/hadoop-ozone-common-0.5.0-SNAPSHOT.jar:/home/user/.m2/repository/org/apache/commons/commons-compress/1.4.1/commons-compress-1.4.1.jar:/home/user/.m2/repository/org/tukaani/xz/1.0/xz-1.0.jar:/home/user/.m2/repository/org/apache/hadoop/hadoop-common/3.2.0/hadoop-common-3.2.0.jar:/home/user/.m2/repository/org/apache/hadoop/hadoop-hdfs/3.2.0/hadoop-hdfs-3.2.0.jar:/home/user/.m2/repository/org/apache/hadoop/hadoop-hdfs-client/3.2.0/hadoop-hdfs-client-3.2.0.jar:/home/user/.m2/repository/com/fasterxml/jackson/core/jackson-annotations/2.9.9/jackson-annotations-2.9.9.jar:/home/user/.m2/repository/org/apache/hadoop/hadoop-hdds-common/0.5.0-SNAPSHOT/hadoop-hdds-common-0.5.0-SNAPSHOT.jar:/home/user/.m2/repository/javax/annotation/javax.annotation-api/1.2/javax.annotation-api-1.2.jar:/home/user/.m2/repository/org/apache/ratis/ratis-server/0.5.0-3f446aa-SNAPSHOT/ratis-server-0.5.0-3f446aa-SNAPSHOT.jar:/home/user/.m2/repository/org/apache/ratis/ratis-thirdparty-misc/0.2.0/ratis-thirdparty-misc-0.2.0.jar:/home/user/.m2/repository/org/apache/ratis/ratis-proto/0.5.0-3f446aa-SNAPSHOT/ratis-proto-0.5.0-3f446aa-SNAPSHOT.jar:/home/user/.m2/repository/org/apache/ratis/ratis-common/0.5.0-3f446aa-SNAPSHOT/ratis-common-0.5.0-3f446aa-SNAPSHOT.jar:/home/user/.m2/repository/org/apache/ratis/ratis-client/0.5.0-3f446aa-SNAPSHOT/ratis-client-0.5.0-3f446aa-SNAPSHOT.jar:/home/user/.m2/repository/org/apache/ratis/ratis-metrics/0.5.0-3f446aa-SNAPSHOT/ratis-metrics-0.5.0-3f446aa-SNAPSHOT.jar:/home/user/.m2/repository/com/github/joshelser/dropwizard-metrics-hadoop-metrics2-reporter/0.1.2/dropwizard-metrics-hadoop-metrics2-reporter-0.1.2.jar:/home/user/.m2/repository/io/dropwizard/metrics/metrics-jvm/3.2.5/metrics-jvm-3.2.5.jar:/home/user/.m2/repository/io/dropwizard/metrics/metrics-ganglia/3.2.5/metrics-ganglia-3.2.5.jar:/home/user/.m2/repository/info/ganglia/gmetric4j/gmetric4j/1.0.7/gmetric4j-1.0.7.jar:/home/user/.m2/repository/org/apache/ratis/ratis-netty/0.5.0-3f446aa-SNAPSHOT/ratis-netty-0.5.0-3f446aa-SNAPSHOT.jar:/home/user/.m2/repository/org/apache/ratis/ratis-grpc/0.5.0-3f446aa-SNAPSHOT/ratis-grpc-0.5.0-3f446aa-SNAPSHOT.jar:/home/user/.m2/repository/org/rocksdb/rocksdbjni/6.0.1/rocksdbjni-6.0.1.jar:/home/user/.m2/repository/org/apache/logging/log4j/log4j-api/2.11.0/log4j-api-2.11.0.jar:/home/user/.m2/repository/org/apache/logging/log4j/log4j-core/2.11.0/log4j-core-2.11.0.jar:/home/user/.m2/repository/com/lmax/disruptor/3.4.2/disruptor-3.4.2.jar:/home/user/.m2/repository/org/apache/commons/commons-pool2/2.6.0/commons-pool2-2.6.0.jar:/home/user/.m2/repository/org/bouncycastle/bcpkix-jdk15on/1.60/bcpkix-jdk15on-1.60.jar:/home/user/.m2/repository/commons-validator/commons-validator/1.6/commons-validator-1.6.jar:/home/user/.m2/repository/commons-digester/commons-digester/1.8.1/commons-digester-1.8.1.jar:/home/user/.m2/repository/io/jaegertracing/jaeger-client/0.34.0/jaeger-client-0.34.0.jar:/home/user/.m2/repository/io/jaegertracing/jaeger-thrift/0.34.0/jaeger-thrift-0.34.0.jar:/home/user/.m2/repository/org/apache/thrift/libthrift/0.12.0/libthrift-0.12.0.jar:/home/user/.m2/repository/com/squareup/okhttp3/okhttp/3.9.0/okhttp-3.9.0.jar:/home/user/.m2/repository/com/squareup/okio/okio/1.13.0/okio-1.13.0.jar:/home/user/.m2/repository/io/jaegertracing/jaeger-core/0.34.0/jaeger-core-0.34.0.jar:/home/user/.m2/repository/io/jaegertracing/jaeger-tracerresolver/0.34.0/jaeger-tracerresolver-0.34.0.jar:/home/user/.m2/repository/io/opentracing/contrib/opentracing-tracerresolver/0.1.5/opentracing-tracerresolver-0.1.5.jar:/home/user/.m2/repository/io/opentracing/opentracing-util/0.31.0/opentracing-util-0.31.0.jar:/home/user/.m2/repository/io/opentracing/opentracing-api/0.31.0/opentracing-api-0.31.0.jar:/home/user/.m2/repository/io/opentracing/opentracing-noop/0.31.0/opentracing-noop-0.31.0.jar:/home/user/.m2/repository/org/apache/hadoop/hadoop-hdds-server-framework/0.5.0-SNAPSHOT/hadoop-hdds-server-framework-0.5.0-SNAPSHOT.jar:/home/user/.m2/repository/org/apache/hadoop/hadoop-hdds-container-service/0.5.0-SNAPSHOT/hadoop-hdds-container-service-0.5.0-SNAPSHOT.jar:/home/user/.m2/repository/org/apache/hadoop/hadoop-hdds-client/0.5.0-SNAPSHOT/hadoop-hdds-client-0.5.0-SNAPSHOT.jar:/home/user/.m2/repository/org/apache/hadoop/hadoop-hdds-tools/0.5.0-SNAPSHOT/hadoop-hdds-tools-0.5.0-SNAPSHOT.jar:/home/user/.m2/repository/org/apache/hadoop/hadoop-hdds-server-scm/0.5.0-SNAPSHOT/hadoop-hdds-server-scm-0.5.0-SNAPSHOT.jar:/home/user/.m2/repository/org/apache/hadoop/hadoop-hdds-docs/0.5.0-SNAPSHOT/hadoop-hdds-docs-0.5.0-SNAPSHOT.jar:/home/user/.m2/repository/io/dropwizard/metrics/metrics-core/3.2.4/metrics-core-3.2.4.jar:/home/user/.m2/repository/org/hamcrest/hamcrest-all/1.3/hamcrest-all-1.3.jar:/home/user/.m2/repository/org/bouncycastle/bcprov-jdk15on/1.60/bcprov-jdk15on-1.60.jar:/home/user/.m2/repository/info/picocli/picocli/3.9.6/picocli-3.9.6.jar:/home/user/.m2/repository/com/google/protobuf/protobuf-java/2.5.0/protobuf-java-2.5.0.jar:/home/user/.m2/repository/com/google/guava/guava/11.0.2/guava-11.0.2.jar:/home/user/.m2/repository/org/apache/hadoop/hadoop-ozone-ozone-manager/0.5.0-SNAPSHOT/hadoop-ozone-ozone-manager-0.5.0-SNAPSHOT.jar:/home/user/.m2/repository/org/apache/hadoop/hadoop-minikdc/3.2.0/hadoop-minikdc-3.2.0.jar:/home/user/.m2/repository/commons-io/commons-io/2.5/commons-io-2.5.jar:/home/user/.m2/repository/org/apache/kerby/kerb-simplekdc/1.0.1/kerb-simplekdc-1.0.1.jar:/home/user/.m2/repository/org/apache/kerby/kerb-client/1.0.1/kerb-client-1.0.1.jar:/home/user/.m2/repository/org/apache/kerby/kerby-config/1.0.1/kerby-config-1.0.1.jar:/home/user/.m2/repository/org/apache/kerby/kerb-core/1.0.1/kerb-core-1.0.1.jar:/home/user/.m2/repository/org/apache/kerby/kerby-pkix/1.0.1/kerby-pkix-1.0.1.jar:/home/user/.m2/repository/org/apache/kerby/kerby-asn1/1.0.1/kerby-asn1-1.0.1.jar:/home/user/.m2/repository/org/apache/kerby/kerby-util/1.0.1/kerby-util-1.0.1.jar:/home/user/.m2/repository/org/apache/kerby/kerb-common/1.0.1/kerb-common-1.0.1.jar:/home/user/.m2/repository/org/apache/kerby/kerb-crypto/1.0.1/kerb-crypto-1.0.1.jar:/home/user/.m2/repository/org/apache/kerby/kerb-util/1.0.1/kerb-util-1.0.1.jar:/home/user/.m2/repository/org/apache/kerby/token-provider/1.0.1/token-provider-1.0.1.jar:/home/user/.m2/repository/org/apache/kerby/kerb-admin/1.0.1/kerb-admin-1.0.1.jar:/home/user/.m2/repository/org/apache/kerby/kerb-server/1.0.1/kerb-server-1.0.1.jar:/home/user/.m2/repository/org/apache/kerby/kerb-identity/1.0.1/kerb-identity-1.0.1.jar:/home/user/.m2/repository/org/apache/kerby/kerby-xdr/1.0.1/kerby-xdr-1.0.1.jar:/home/user/.m2/repository/org/slf4j/slf4j-log4j12/1.7.25/slf4j-log4j12-1.7.25.jar:/home/user/.m2/repository/org/apache/hadoop/hadoop-ozone-s3gateway/0.5.0-SNAPSHOT/hadoop-ozone-s3gateway-0.5.0-SNAPSHOT.jar:/home/user/.m2/repository/org/jboss/weld/servlet/weld-servlet/2.4.7.Final/weld-servlet-2.4.7.Final.jar:/home/user/.m2/repository/org/glassfish/jersey/containers/jersey-container-servlet-core/2.27/jersey-container-servlet-core-2.27.jar:/home/user/.m2/repository/org/glassfish/hk2/external/javax.inject/2.5.0-b42/javax.inject-2.5.0-b42.jar:/home/user/.m2/repository/org/glassfish/jersey/core/jersey-common/2.27/jersey-common-2.27.jar:/home/user/.m2/repository/org/glassfish/hk2/osgi-resource-locator/1.0.1/osgi-resource-locator-1.0.1.jar:/home/user/.m2/repository/javax/ws/rs/javax.ws.rs-api/2.1/javax.ws.rs-api-2.1.jar:/home/user/.m2/repository/org/glassfish/jersey/ext/cdi/jersey-cdi1x/2.27/jersey-cdi1x-2.27.jar:/home/user/.m2/repository/org/glassfish/jersey/inject/jersey-hk2/2.27/jersey-hk2-2.27.jar:/home/user/.m2/repository/org/glassfish/hk2/hk2-locator/2.5.0-b42/hk2-locator-2.5.0-b42.jar:/home/user/.m2/repository/org/javassist/javassist/3.22.0-CR2/javassist-3.22.0-CR2.jar:/home/user/.m2/repository/org/glassfish/hk2/hk2-api/2.5.0/hk2-api-2.5.0.jar:/home/user/.m2/repository/org/glassfish/hk2/external/jakarta.inject/2.5.0/jakarta.inject-2.5.0.jar:/home/user/.m2/repository/org/glassfish/hk2/hk2-utils/2.5.0/hk2-utils-2.5.0.jar:/home/user/.m2/repository/jakarta/annotation/jakarta.annotation-api/1.3.4/jakarta.annotation-api-1.3.4.jar:/home/user/.m2/repository/org/glassfish/hk2/external/aopalliance-repackaged/2.5.0/aopalliance-repackaged-2.5.0.jar:/home/user/.m2/repository/com/fasterxml/jackson/dataformat/jackson-dataformat-xml/2.9.0/jackson-dataformat-xml-2.9.0.jar:/home/user/.m2/repository/com/fasterxml/jackson/core/jackson-core/2.9.9/jackson-core-2.9.9.jar:/home/user/.m2/repository/com/fasterxml/jackson/module/jackson-module-jaxb-annotations/2.9.9/jackson-module-jaxb-annotations-2.9.9.jar:/home/user/.m2/repository/javax/enterprise/cdi-api/1.2/cdi-api-1.2.jar:/home/user/.m2/repository/javax/el/javax.el-api/3.0.0/javax.el-api-3.0.0.jar:/home/user/.m2/repository/javax/interceptor/javax.interceptor-api/1.2/javax.interceptor-api-1.2.jar:/home/user/.m2/repository/javax/inject/javax.inject/1/javax.inject-1.jar:/home/user/.m2/repository/com/sun/xml/bind/jaxb-impl/2.3.0.1/jaxb-impl-2.3.0.1.jar:/home/user/.m2/repository/com/sun/xml/bind/jaxb-core/2.3.0.1/jaxb-core-2.3.0.1.jar:/home/user/.m2/repository/javax/xml/bind/jaxb-api/2.3.0/jaxb-api-2.3.0.jar:/home/user/.m2/repository/javax/activation/activation/1.1.1/activation-1.1.1.jar:/home/user/.m2/repository/org/apache/hadoop/hadoop-ozone-csi/0.5.0-SNAPSHOT/hadoop-ozone-csi-0.5.0-SNAPSHOT.jar:/home/user/.m2/repository/com/google/protobuf/protobuf-java-util/3.5.1/protobuf-java-util-3.5.1.jar:/home/user/.m2/repository/org/apache/hadoop/hadoop-hdds-config/0.5.0-SNAPSHOT/hadoop-hdds-config-0.5.0-SNAPSHOT.jar:/home/user/.m2/repository/io/grpc/grpc-netty/1.17.1/grpc-netty-1.17.1.jar:/home/user/.m2/repository/io/grpc/grpc-core/1.17.1/grpc-core-1.17.1.jar:/home/user/.m2/repository/io/grpc/grpc-context/1.17.1/grpc-context-1.17.1.jar:/home/user/.m2/repository/com/google/errorprone/error_prone_annotations/2.2.0/error_prone_annotations-2.2.0.jar:/home/user/.m2/repository/org/codehaus/mojo/animal-sniffer-annotations/1.17/animal-sniffer-annotations-1.17.jar:/home/user/.m2/repository/io/opencensus/opencensus-api/0.17.0/opencensus-api-0.17.0.jar:/home/user/.m2/repository/io/opencensus/opencensus-contrib-grpc-metrics/0.17.0/opencensus-contrib-grpc-metrics-0.17.0.jar:/home/user/.m2/repository/io/netty/netty-codec-http2/4.1.30.Final/netty-codec-http2-4.1.30.Final.jar:/home/user/.m2/repository/io/netty/netty-codec-http/4.1.30.Final/netty-codec-http-4.1.30.Final.jar:/home/user/.m2/repository/io/netty/netty-codec/4.1.30.Final/netty-codec-4.1.30.Final.jar:/home/user/.m2/repository/io/netty/netty-handler/4.1.30.Final/netty-handler-4.1.30.Final.jar:/home/user/.m2/repository/io/netty/netty-handler-proxy/4.1.30.Final/netty-handler-proxy-4.1.30.Final.jar:/home/user/.m2/repository/io/netty/netty-codec-socks/4.1.30.Final/netty-codec-socks-4.1.30.Final.jar:/home/user/.m2/repository/io/netty/netty-transport-native-epoll/4.1.30.Final/netty-transport-native-epoll-4.1.30.Final.jar:/home/user/.m2/repository/io/netty/netty-common/4.1.30.Final/netty-common-4.1.30.Final.jar:/home/user/.m2/repository/io/netty/netty-buffer/4.1.30.Final/netty-buffer-4.1.30.Final.jar:/home/user/.m2/repository/io/netty/netty-transport/4.1.30.Final/netty-transport-4.1.30.Final.jar:/home/user/.m2/repository/io/netty/netty-resolver/4.1.30.Final/netty-resolver-4.1.30.Final.jar:/home/user/.m2/repository/io/netty/netty-transport-native-unix-common/4.1.30.Final/netty-transport-native-unix-common-4.1.30.Final.jar:/home/user/.m2/repository/io/grpc/grpc-protobuf/1.17.1/grpc-protobuf-1.17.1.jar:/home/user/.m2/repository/com/google/api/grpc/proto-google-common-protos/1.0.0/proto-google-common-protos-1.0.0.jar:/home/user/.m2/repository/io/grpc/grpc-protobuf-lite/1.17.1/grpc-protobuf-lite-1.17.1.jar:/home/user/.m2/repository/io/grpc/grpc-stub/1.17.1/grpc-stub-1.17.1.jar:/home/user/.m2/repository/org/apache/hadoop/hadoop-ozone-recon/0.5.0-SNAPSHOT/hadoop-ozone-recon-0.5.0-SNAPSHOT.jar:/home/user/.m2/repository/org/apache/hadoop/hadoop-ozone-reconcodegen/0.5.0-SNAPSHOT/hadoop-ozone-reconcodegen-0.5.0-SNAPSHOT.jar:/home/user/.m2/repository/com/google/inject/extensions/guice-multibindings/4.0/guice-multibindings-4.0.jar:/home/user/.m2/repository/com/google/inject/guice/4.0/guice-4.0.jar:/home/user/.m2/repository/aopalliance/aopalliance/1.0/aopalliance-1.0.jar:/home/user/.m2/repository/com/google/inject/extensions/guice-servlet/4.0/guice-servlet-4.0.jar:/home/user/.m2/repository/org/glassfish/jersey/containers/jersey-container-servlet/2.27/jersey-container-servlet-2.27.jar:/home/user/.m2/repository/org/glassfish/hk2/guice-bridge/2.5.0/guice-bridge-2.5.0.jar:/home/user/.m2/repository/org/glassfish/jersey/core/jersey-server/2.27/jersey-server-2.27.jar:/home/user/.m2/repository/org/glassfish/jersey/core/jersey-client/2.27/jersey-client-2.27.jar:/home/user/.m2/repository/org/glassfish/jersey/media/jersey-media-jaxb/2.27/jersey-media-jaxb-2.27.jar:/home/user/.m2/repository/javax/validation/validation-api/1.1.0.Final/validation-api-1.1.0.Final.jar:/home/user/.m2/repository/org/glassfish/jersey/media/jersey-media-json-jackson/2.27/jersey-media-json-jackson-2.27.jar:/home/user/.m2/repository/org/glassfish/jersey/ext/jersey-entity-filtering/2.27/jersey-entity-filtering-2.27.jar:/home/user/.m2/repository/com/google/inject/extensions/guice-assistedinject/4.0/guice-assistedinject-4.0.jar:/home/user/.m2/repository/org/jooq/jooq/3.11.10/jooq-3.11.10.jar:/home/user/.m2/repository/org/jooq/jooq-meta/3.11.10/jooq-meta-3.11.10.jar:/home/user/.m2/repository/org/jooq/jooq-codegen/3.11.10/jooq-codegen-3.11.10.jar:/home/user/.m2/repository/com/jolbox/bonecp/0.8.0.RELEASE/bonecp-0.8.0.RELEASE.jar:/home/user/.m2/repository/org/xerial/sqlite-jdbc/3.25.2/sqlite-jdbc-3.25.2.jar:/home/user/.m2/repository/org/springframework/spring-jdbc/5.1.3.RELEASE/spring-jdbc-5.1.3.RELEASE.jar:/home/user/.m2/repository/org/springframework/spring-beans/5.1.3.RELEASE/spring-beans-5.1.3.RELEASE.jar:/home/user/.m2/repository/org/springframework/spring-core/5.1.3.RELEASE/spring-core-5.1.3.RELEASE.jar:/home/user/.m2/repository/org/springframework/spring-jcl/5.1.3.RELEASE/spring-jcl-5.1.3.RELEASE.jar:/home/user/.m2/repository/org/springframework/spring-tx/5.1.3.RELEASE/spring-tx-5.1.3.RELEASE.jar:/home/user/.m2/repository/org/apache/hadoop/hadoop-ozone-client/0.5.0-SNAPSHOT/hadoop-ozone-client-0.5.0-SNAPSHOT.jar:/home/user/.m2/repository/commons-lang/commons-lang/2.6/commons-lang-2.6.jar:/home/user/.m2/repository/org/apache/hadoop/hadoop-ozone-ozone-manager/0.5.0-SNAPSHOT/hadoop-ozone-ozone-manager-0.5.0-SNAPSHOT-tests.jar:/home/user/.m2/repository/junit/junit/4.11/junit-4.11.jar:/home/user/.m2/repository/org/hamcrest/hamcrest-core/1.3/hamcrest-core-1.3.jar:/home/user/.m2/repository/org/openjdk/jmh/jmh-core/1.19/jmh-core-1.19.jar:/home/user/.m2/repository/net/sf/jopt-simple/jopt-simple/4.6/jopt-simple-4.6.jar:/home/user/.m2/repository/org/apache/commons/commons-math3/3.1.1/commons-math3-3.1.1.jar:/home/user/.m2/repository/org/openjdk/jmh/jmh-generator-annprocess/1.19/jmh-generator-annprocess-1.19.jar:/home/user/.m2/repository/org/mockito/mockito-all/1.8.5/mockito-all-1.8.5.jar:/home/user/.m2/repository/org/apache/hadoop/hadoop-kms/3.2.0/hadoop-kms-3.2.0.jar:/home/user/.m2/repository/org/apache/hadoop/hadoop-auth/3.2.0/hadoop-auth-3.2.0.jar:/home/user/.m2/repository/com/nimbusds/nimbus-jose-jwt/4.41.1/nimbus-jose-jwt-4.41.1.jar:/home/user/.m2/repository/com/github/stephenc/jcip/jcip-annotations/1.0-1/jcip-annotations-1.0-1.jar:/home/user/.m2/repository/net/minidev/json-smart/2.3/json-smart-2.3.jar:/home/user/.m2/repository/net/minidev/accessors-smart/1.2/accessors-smart-1.2.jar:/home/user/.m2/repository/org/ow2/asm/asm/5.0.4/asm-5.0.4.jar:/home/user/.m2/repository/org/apache/curator/curator-framework/2.12.0/curator-framework-2.12.0.jar:/home/user/.m2/repository/com/sun/jersey/jersey-core/1.19/jersey-core-1.19.jar:/home/user/.m2/repository/javax/ws/rs/jsr311-api/1.1.1/jsr311-api-1.1.1.jar:/home/user/.m2/repository/com/sun/jersey/jersey-server/1.19/jersey-server-1.19.jar:/home/user/.m2/repository/javax/servlet/javax.servlet-api/3.1.0/javax.servlet-api-3.1.0.jar:/home/user/.m2/repository/org/eclipse/jetty/jetty-server/9.3.25.v20180904/jetty-server-9.3.25.v20180904.jar:/home/user/.m2/repository/org/eclipse/jetty/jetty-http/9.3.25.v20180904/jetty-http-9.3.25.v20180904.jar:/home/user/.m2/repository/org/eclipse/jetty/jetty-io/9.3.25.v20180904/jetty-io-9.3.25.v20180904.jar:/home/user/.m2/repository/org/eclipse/jetty/jetty-webapp/9.3.25.v20180904/jetty-webapp-9.3.25.v20180904.jar:/home/user/.m2/repository/org/eclipse/jetty/jetty-xml/9.3.25.v20180904/jetty-xml-9.3.25.v20180904.jar:/home/user/.m2/repository/log4j/log4j/1.2.17/log4j-1.2.17.jar:/home/user/.m2/repository/org/slf4j/slf4j-api/1.7.25/slf4j-api-1.7.25.jar:/home/user/.m2/repository/org/slf4j/jul-to-slf4j/1.7.25/jul-to-slf4j-1.7.25.jar:/home/user/.m2/repository/org/eclipse/jetty/jetty-util/9.3.25.v20180904/jetty-util-9.3.25.v20180904.jar:/home/user/.m2/repository/com/fasterxml/jackson/core/jackson-databind/2.9.9/jackson-databind-2.9.9.jar:/home/user/.m2/repository/org/apache/hadoop/hadoop-kms/3.2.0/hadoop-kms-3.2.0-tests.jar:/home/user/.m2/repository/org/apache/hadoop/hadoop-hdds-server-scm/0.5.0-SNAPSHOT/hadoop-hdds-server-scm-0.5.0-SNAPSHOT-tests.jar:/home/user/.m2/repository/org/apache/hadoop/hadoop-hdds-container-service/0.5.0-SNAPSHOT/hadoop-hdds-container-service-0.5.0-SNAPSHOT-tests.jar:/home/user/.m2/repository/org/yaml/snakeyaml/1.16/snakeyaml-1.16.jar:/home/user/.m2/repository/org/apache/hadoop/hadoop-common/3.2.0/hadoop-common-3.2.0-tests.jar:/home/user/.m2/repository/org/apache/hadoop/hadoop-annotations/3.2.0/hadoop-annotations-3.2.0.jar:/usr/lib/jvm/java-1.8.0-openjdk-1.8.0.222.b10-1.el7_7.x86_64/jre/../lib/tools.jar:/home/user/.m2/repository/commons-cli/commons-cli/1.2/commons-cli-1.2.jar:/home/user/.m2/repository/org/apache/httpcomponents/httpclient/4.5.2/httpclient-4.5.2.jar:/home/user/.m2/repository/org/apache/httpcomponents/httpcore/4.4.4/httpcore-4.4.4.jar:/home/user/.m2/repository/commons-codec/commons-codec/1.11/commons-codec-1.11.jar:/home/user/.m2/repository/commons-net/commons-net/3.6/commons-net-3.6.jar:/home/user/.m2/repository/commons-collections/commons-collections/3.2.2/commons-collections-3.2.2.jar:/home/user/.m2/repository/org/eclipse/jetty/jetty-servlet/9.3.25.v20180904/jetty-servlet-9.3.25.v20180904.jar:/home/user/.m2/repository/org/eclipse/jetty/jetty-security/9.3.25.v20180904/jetty-security-9.3.25.v20180904.jar:/home/user/.m2/repository/javax/servlet/jsp/jsp-api/2.1/jsp-api-2.1.jar:/home/user/.m2/repository/com/sun/jersey/jersey-servlet/1.19/jersey-servlet-1.19.jar:/home/user/.m2/repository/com/sun/jersey/jersey-json/1.19/jersey-json-1.19.jar:/home/user/.m2/repository/org/codehaus/jettison/jettison/1.1/jettison-1.1.jar:/home/user/.m2/repository/org/codehaus/jackson/jackson-core-asl/1.9.13/jackson-core-asl-1.9.13.jar:/home/user/.m2/repository/org/codehaus/jackson/jackson-mapper-asl/1.9.13/jackson-mapper-asl-1.9.13.jar:/home/user/.m2/repository/org/codehaus/jackson/jackson-jaxrs/1.9.13/jackson-jaxrs-1.9.13.jar:/home/user/.m2/repository/org/codehaus/jackson/jackson-xc/1.9.13/jackson-xc-1.9.13.jar:/home/user/.m2/repository/commons-logging/commons-logging/1.1.3/commons-logging-1.1.3.jar:/home/user/.m2/repository/commons-beanutils/commons-beanutils/1.9.4/commons-beanutils-1.9.4.jar:/home/user/.m2/repository/org/apache/commons/commons-configuration2/2.1.1/commons-configuration2-2.1.1.jar:/home/user/.m2/repository/org/apache/commons/commons-lang3/3.7/commons-lang3-3.7.jar:/home/user/.m2/repository/org/apache/commons/commons-text/1.4/commons-text-1.4.jar:/home/user/.m2/repository/org/apache/avro/avro/1.7.7/avro-1.7.7.jar:/home/user/.m2/repository/com/thoughtworks/paranamer/paranamer/2.3/paranamer-2.3.jar:/home/user/.m2/repository/org/xerial/snappy/snappy-java/1.0.5/snappy-java-1.0.5.jar:/home/user/.m2/repository/com/google/re2j/re2j/1.1/re2j-1.1.jar:/home/user/.m2/repository/com/google/code/gson/gson/2.2.4/gson-2.2.4.jar:/home/user/.m2/repository/com/jcraft/jsch/0.1.54/jsch-0.1.54.jar:/home/user/.m2/repository/org/apache/curator/curator-client/2.12.0/curator-client-2.12.0.jar:/home/user/.m2/repository/org/apache/curator/curator-recipes/2.12.0/curator-recipes-2.12.0.jar:/home/user/.m2/repository/com/google/code/findbugs/jsr305/3.0.0/jsr305-3.0.0.jar:/home/user/.m2/repository/org/apache/htrace/htrace-core4/4.1.0-incubating/htrace-core4-4.1.0-incubating.jar:/home/user/.m2/repository/org/apache/zookeeper/zookeeper/3.4.13/zookeeper-3.4.13.jar:/home/user/.m2/repository/jline/jline/0.9.94/jline-0.9.94.jar:/home/user/.m2/repository/org/apache/yetus/audience-annotations/0.5.0/audience-annotations-0.5.0.jar:/home/user/.m2/repository/org/codehaus/woodstox/stax2-api/3.1.4/stax2-api-3.1.4.jar:/home/user/.m2/repository/com/fasterxml/woodstox/woodstox-core/5.0.3/woodstox-core-5.0.3.jar:/home/user/.m2/repository/dnsjava/dnsjava/2.1.7/dnsjava-2.1.7.jar:/home/user/.m2/repository/org/apache/hadoop/hadoop-hdfs/3.2.0/hadoop-hdfs-3.2.0-tests.jar:/home/user/.m2/repository/org/eclipse/jetty/jetty-util-ajax/9.3.25.v20180904/jetty-util-ajax-9.3.25.v20180904.jar:/home/user/.m2/repository/commons-daemon/commons-daemon/1.0.13/commons-daemon-1.0.13.jar:/home/user/.m2/repository/io/netty/netty/3.10.5.Final/netty-3.10.5.Final.jar:/home/user/.m2/repository/io/netty/netty-all/4.0.52.Final/netty-all-4.0.52.Final.jar:/home/user/.m2/repository/org/fusesource/leveldbjni/leveldbjni-all/1.8/leveldbjni-all-1.8.jar:"/>
    <property name="sun.cpu.endian" value="little"/>
    <property name="user.home" value="/home/user"/>
    <property name="user.language" value="en"/>
    <property name="java.specification.vendor" value="Oracle Corporation"/>
    <property name="java.home" value="/usr/lib/jvm/java-1.8.0-openjdk-1.8.0.222.b10-1.el7_7.x86_64/jre"/>
    <property name="surefire.excludesFile" value="/tools/ozone-bad-unit-tests"/>
    <property name="java.security.krb5.conf" value="/workdir/hadoop-ozone/integration-test/target/test-classes/krb5.conf"/>
    <property name="basedir" value="/workdir/hadoop-ozone/integration-test"/>
    <property name="file.separator" value="/"/>
    <property name="line.separator" value="&#10;"/>
    <property name="java.vm.specification.vendor" value="Oracle Corporation"/>
    <property name="java.specification.name" value="Java Platform API Specification"/>
    <property name="java.awt.graphicsenv" value="sun.awt.X11GraphicsEnvironment"/>
    <property name="surefire.real.class.path" value="/workdir/hadoop-ozone/integration-test/target/surefire/surefirebooter1820193950237226516.jar"/>
    <property name="hadoop.log.dir" value="/workdir/hadoop-ozone/integration-test/target/log"/>
    <property name="sun.boot.class.path" value="/usr/lib/jvm/java-1.8.0-openjdk-1.8.0.222.b10-1.el7_7.x86_64/jre/lib/resources.jar:/usr/lib/jvm/java-1.8.0-openjdk-1.8.0.222.b10-1.el7_7.x86_64/jre/lib/rt.jar:/usr/lib/jvm/java-1.8.0-openjdk-1.8.0.222.b10-1.el7_7.x86_64/jre/lib/sunrsasign.jar:/usr/lib/jvm/java-1.8.0-openjdk-1.8.0.222.b10-1.el7_7.x86_64/jre/lib/jsse.jar:/usr/lib/jvm/java-1.8.0-openjdk-1.8.0.222.b10-1.el7_7.x86_64/jre/lib/jce.jar:/usr/lib/jvm/java-1.8.0-openjdk-1.8.0.222.b10-1.el7_7.x86_64/jre/lib/charsets.jar:/usr/lib/jvm/java-1.8.0-openjdk-1.8.0.222.b10-1.el7_7.x86_64/jre/lib/jfr.jar:/usr/lib/jvm/java-1.8.0-openjdk-1.8.0.222.b10-1.el7_7.x86_64/jre/classes"/>
    <property name="sun.management.compiler" value="HotSpot 64-Bit Tiered Compilers"/>
    <property name="java.runtime.version" value="1.8.0_222-b10"/>
    <property name="java.net.preferIPv4Stack" value="true"/>
    <property name="user.name" value="jenkins1000"/>
    <property name="path.separator" value=":"/>
    <property name="java.security.egd" value="file:///dev/urandom"/>
    <property name="os.version" value="3.10.0-957.12.2.el7.x86_64"/>
    <property name="java.endorsed.dirs" value="/usr/lib/jvm/java-1.8.0-openjdk-1.8.0.222.b10-1.el7_7.x86_64/jre/lib/endorsed"/>
    <property name="java.runtime.name" value="OpenJDK Runtime Environment"/>
    <property name="file.encoding" value="ANSI_X3.4-1968"/>
    <property name="java.vm.name" value="OpenJDK 64-Bit Server VM"/>
    <property name="test.build.webapps" value=""/>
    <property name="localRepository" value="/home/user/.m2/repository"/>
    <property name="java.vendor.url.bug" value="http://bugreport.sun.com/bugreport/"/>
    <property name="java.io.tmpdir" value="/tmp"/>
    <property name="require.test.libhadoop" value=""/>
    <property name="java.version" value="1.8.0_222"/>
    <property name="user.dir" value="/workdir/hadoop-ozone/integration-test"/>
    <property name="os.arch" value="amd64"/>
    <property name="java.vm.specification.name" value="Java Virtual Machine Specification"/>
    <property name="test.build.classes" value="/workdir/hadoop-ozone/integration-test/target/test-classes"/>
    <property name="java.awt.printerjob" value="sun.print.PSPrinterJob"/>
    <property name="sun.os.patch.level" value="unknown"/>
    <property name="hadoop.tmp.dir" value="/workdir/hadoop-ozone/integration-test/target/tmp"/>
    <property name="java.library.path" value="/usr/lib:/workdir/hadoop-ozone/integration-test/target/native/target/usr/local/lib:/workdir/hadoop-ozone/integration-test/../../hadoop-common-project/hadoop-common/target/native/target/usr/local/lib:/usr/java/packages/lib/amd64:/usr/lib64:/lib64:/lib:/usr/lib"/>
    <property name="java.vm.info" value="mixed mode"/>
    <property name="java.vendor" value="Oracle Corporation"/>
    <property name="java.vm.version" value="25.222-b10"/>
    <property name="java.ext.dirs" value="/usr/lib/jvm/java-1.8.0-openjdk-1.8.0.222.b10-1.el7_7.x86_64/jre/lib/ext:/usr/java/packages/lib/ext"/>
    <property name="sun.io.unicode.encoding" value="UnicodeLittle"/>
    <property name="java.class.version" value="52.0"/>
  </properties>
  <testcase name="testAutomaticPipelineCreationOnPipelineDestroy" classname="org.apache.hadoop.hdds.scm.pipeline.TestRatisPipelineCreateAndDestroy" time="71.13">
    <error message="Timed out waiting for condition. Thread diagnostics:&#10;Timestamp: 2019-10-17 07:38:51,634&#10;&#10;&quot;BlockDeletingService#1&quot; daemon prio=5 tid=685 in Object.wait()&#10;java.lang.Thread.State: WAITING (on object monitor)&#10;        at sun.misc.Unsafe.park(Native Method)&#10;        at java.util.concurrent.locks.LockSupport.park(LockSupport.java:175)&#10;        at java.util.concurrent.locks.AbstractQueuedSynchronizer$ConditionObject.await(AbstractQueuedSynchronizer.java:2039)&#10;        at java.util.concurrent.ScheduledThreadPoolExecutor$DelayedWorkQueue.take(ScheduledThreadPoolExecutor.java:1088)&#10;        at java.util.concurrent.ScheduledThreadPoolExecutor$DelayedWorkQueue.take(ScheduledThreadPoolExecutor.java:809)&#10;        at java.util.concurrent.ThreadPoolExecutor.getTask(ThreadPoolExecutor.java:1074)&#10;        at java.util.concurrent.ThreadPoolExecutor.runWorker(ThreadPoolExecutor.java:1134)&#10;        at java.util.concurrent.ThreadPoolExecutor$Worker.run(ThreadPoolExecutor.java:624)&#10;        at java.lang.Thread.run(Thread.java:748)&#10;&quot;pool-56-thread-60&quot;  prio=5 tid=554 in Object.wait()&#10;java.lang.Thread.State: WAITING (on object monitor)&#10;        at sun.misc.Unsafe.park(Native Method)&#10;        at java.util.concurrent.locks.LockSupport.park(LockSupport.java:175)&#10;        at java.util.concurrent.locks.AbstractQueuedSynchronizer$ConditionObject.await(AbstractQueuedSynchronizer.java:2039)&#10;        at java.util.concurrent.ArrayBlockingQueue.take(ArrayBlockingQueue.java:403)&#10;        at java.util.concurrent.ThreadPoolExecutor.getTask(ThreadPoolExecutor.java:1074)&#10;        at java.util.concurrent.ThreadPoolExecutor.runWorker(ThreadPoolExecutor.java:1134)&#10;        at java.util.concurrent.ThreadPoolExecutor$Worker.run(ThreadPoolExecutor.java:624)&#10;        at java.lang.Thread.run(Thread.java:748)&#10;&quot;grpc-default-boss-ELG-1-1&quot; daemon prio=5 tid=586 runnable&#10;java.lang.Thread.State: RUNNABLE&#10;        at sun.nio.ch.EPollArrayWrapper.epollWait(Native Method)&#10;        at sun.nio.ch.EPollArrayWrapper.poll(EPollArrayWrapper.java:269)&#10;        at sun.nio.ch.EPollSelectorImpl.doSelect(EPollSelectorImpl.java:93)&#10;        at sun.nio.ch.SelectorImpl.lockAndDoSelect(SelectorImpl.java:86)&#10;        at sun.nio.ch.SelectorImpl.select(SelectorImpl.java:97)&#10;        at org.apache.ratis.thirdparty.io.netty.channel.nio.SelectedSelectionKeySetSelector.select(SelectedSelectionKeySetSelector.java:62)&#10;        at org.apache.ratis.thirdparty.io.netty.channel.nio.NioEventLoop.select(NioEventLoop.java:753)&#10;        at org.apache.ratis.thirdparty.io.netty.channel.nio.NioEventLoop.run(NioEventLoop.java:408)&#10;        at org.apache.ratis.thirdparty.io.netty.util.concurrent.SingleThreadEventExecutor$5.run(SingleThreadEventExecutor.java:897)&#10;        at org.apache.ratis.thirdparty.io.netty.util.concurrent.FastThreadLocalRunnable.run(FastThreadLocalRunnable.java:30)&#10;        at java.lang.Thread.run(Thread.java:748)&#10;&quot;grpc-default-worker-ELG-3-4&quot; daemon prio=5 tid=701 runnable&#10;java.lang.Thread.State: RUNNABLE&#10;        at sun.nio.ch.EPollArrayWrapper.epollWait(Native Method)&#10;        at sun.nio.ch.EPollArrayWrapper.poll(EPollArrayWrapper.java:269)&#10;        at sun.nio.ch.EPollSelectorImpl.doSelect(EPollSelectorImpl.java:93)&#10;        at sun.nio.ch.SelectorImpl.lockAndDoSelect(SelectorImpl.java:86)&#10;        at sun.nio.ch.SelectorImpl.select(SelectorImpl.java:97)&#10;        at org.apache.ratis.thirdparty.io.netty.channel.nio.SelectedSelectionKeySetSelector.select(SelectedSelectionKeySetSelector.java:62)&#10;        at org.apache.ratis.thirdparty.io.netty.channel.nio.NioEventLoop.select(NioEventLoop.java:753)&#10;        at org.apache.ratis.thirdparty.io.netty.channel.nio.NioEventLoop.run(NioEventLoop.java:408)&#10;        at org.apache.ratis.thirdparty.io.netty.util.concurrent.SingleThreadEventExecutor$5.run(SingleThreadEventExecutor.java:897)&#10;        at org.apache.ratis.thirdparty.io.netty.util.concurrent.FastThreadLocalRunnable.run(FastThreadLocalRunnable.java:30)&#10;        at java.lang.Thread.run(Thread.java:748)&#10;&quot;pool-76-thread-38&quot;  prio=5 tid=624 in Object.wait()&#10;java.lang.Thread.State: WAITING (on object monitor)&#10;        at sun.misc.Unsafe.park(Native Method)&#10;        at java.util.concurrent.locks.LockSupport.park(LockSupport.java:175)&#10;        at java.util.concurrent.locks.AbstractQueuedSynchronizer$ConditionObject.await(AbstractQueuedSynchronizer.java:2039)&#10;        at java.util.concurrent.ArrayBlockingQueue.take(ArrayBlockingQueue.java:403)&#10;        at java.util.concurrent.ThreadPoolExecutor.getTask(ThreadPoolExecutor.java:1074)&#10;        at java.util.concurrent.ThreadPoolExecutor.runWorker(ThreadPoolExecutor.java:1134)&#10;        at java.util.concurrent.ThreadPoolExecutor$Worker.run(ThreadPoolExecutor.java:624)&#10;        at java.lang.Thread.run(Thread.java:748)&#10;&quot;pool-66-thread-34&quot;  prio=5 tid=635 in Object.wait()&#10;java.lang.Thread.State: WAITING (on object monitor)&#10;        at sun.misc.Unsafe.park(Native Method)&#10;        at java.util.concurrent.locks.LockSupport.park(LockSupport.java:175)&#10;        at java.util.concurrent.locks.AbstractQueuedSynchronizer$ConditionObject.await(AbstractQueuedSynchronizer.java:2039)&#10;        at java.util.concurrent.ArrayBlockingQueue.take(ArrayBlockingQueue.java:403)&#10;        at java.util.concurrent.ThreadPoolExecutor.getTask(ThreadPoolExecutor.java:1074)&#10;        at java.util.concurrent.ThreadPoolExecutor.runWorker(ThreadPoolExecutor.java:1134)&#10;        at java.util.concurrent.ThreadPoolExecutor$Worker.run(ThreadPoolExecutor.java:624)&#10;        at java.lang.Thread.run(Thread.java:748)&#10;&quot;pool-26-thread-57&quot;  prio=5 tid=508 in Object.wait()&#10;java.lang.Thread.State: WAITING (on object monitor)&#10;        at sun.misc.Unsafe.park(Native Method)&#10;        at java.util.concurrent.locks.LockSupport.park(LockSupport.java:175)&#10;        at java.util.concurrent.locks.AbstractQueuedSynchronizer$ConditionObject.await(AbstractQueuedSynchronizer.java:2039)&#10;        at java.util.concurrent.ArrayBlockingQueue.take(ArrayBlockingQueue.java:403)&#10;        at java.util.concurrent.ThreadPoolExecutor.getTask(ThreadPoolExecutor.java:1074)&#10;        at java.util.concurrent.ThreadPoolExecutor.runWorker(ThreadPoolExecutor.java:1134)&#10;        at java.util.concurrent.ThreadPoolExecutor$Worker.run(ThreadPoolExecutor.java:624)&#10;        at java.lang.Thread.run(Thread.java:748)&#10;&quot;pool-46-thread-60&quot;  prio=5 tid=474 in Object.wait()&#10;java.lang.Thread.State: WAITING (on object monitor)&#10;        at sun.misc.Unsafe.park(Native Method)&#10;        at java.util.concurrent.locks.LockSupport.park(LockSupport.java:175)&#10;        at java.util.concurrent.locks.AbstractQueuedSynchronizer$ConditionObject.await(AbstractQueuedSynchronizer.java:2039)&#10;        at java.util.concurrent.ArrayBlockingQueue.take(ArrayBlockingQueue.java:403)&#10;        at java.util.concurrent.ThreadPoolExecutor.getTask(ThreadPoolExecutor.java:1074)&#10;        at java.util.concurrent.ThreadPoolExecutor.runWorker(ThreadPoolExecutor.java:1134)&#10;        at java.util.concurrent.ThreadPoolExecutor$Worker.run(ThreadPoolExecutor.java:624)&#10;        at java.lang.Thread.run(Thread.java:748)&#10;&quot;pool-66-thread-47&quot;  prio=5 tid=662 in Object.wait()&#10;java.lang.Thread.State: WAITING (on object monitor)&#10;        at sun.misc.Unsafe.park(Native Method)&#10;        at java.util.concurrent.locks.LockSupport.park(LockSupport.java:175)&#10;        at java.util.concurrent.locks.AbstractQueuedSynchronizer$ConditionObject.await(AbstractQueuedSynchronizer.java:2039)&#10;        at java.util.concurrent.ArrayBlockingQueue.take(ArrayBlockingQueue.java:403)&#10;        at java.util.concurrent.ThreadPoolExecutor.getTask(ThreadPoolExecutor.java:1074)&#10;        at java.util.concurrent.ThreadPoolExecutor.runWorker(ThreadPoolExecutor.java:1134)&#10;        at java.util.concurrent.ThreadPoolExecutor$Worker.run(ThreadPoolExecutor.java:624)&#10;        at java.lang.Thread.run(Thread.java:748)&#10;&quot;pool-36-thread-49&quot;  prio=5 tid=449 in Object.wait()&#10;java.lang.Thread.State: WAITING (on object monitor)&#10;        at sun.misc.Unsafe.park(Native Method)&#10;        at java.util.concurrent.locks.LockSupport.park(LockSupport.java:175)&#10;        at java.util.concurrent.locks.AbstractQueuedSynchronizer$ConditionObject.await(AbstractQueuedSynchronizer.java:2039)&#10;        at java.util.concurrent.ArrayBlockingQueue.take(ArrayBlockingQueue.java:403)&#10;        at java.util.concurrent.ThreadPoolExecutor.getTask(ThreadPoolExecutor.java:1074)&#10;        at java.util.concurrent.ThreadPoolExecutor.runWorker(ThreadPoolExecutor.java:1134)&#10;        at java.util.concurrent.ThreadPoolExecutor$Worker.run(ThreadPoolExecutor.java:624)&#10;        at java.lang.Thread.run(Thread.java:748)&#10;&quot;qtp559644343-297&quot; daemon prio=5 tid=297 timed_waiting&#10;java.lang.Thread.State: TIMED_WAITING&#10;        at sun.misc.Unsafe.park(Native Method)&#10;        at java.util.concurrent.locks.LockSupport.parkNanos(LockSupport.java:215)&#10;        at java.util.concurrent.locks.AbstractQueuedSynchronizer$ConditionObject.awaitNanos(AbstractQueuedSynchronizer.java:2078)&#10;        at org.eclipse.jetty.util.BlockingArrayQueue.poll(BlockingArrayQueue.java:392)&#10;        at org.eclipse.jetty.util.thread.QueuedThreadPool.idleJobPoll(QueuedThreadPool.java:563)&#10;        at org.eclipse.jetty.util.thread.QueuedThreadPool.access$800(QueuedThreadPool.java:48)&#10;        at org.eclipse.jetty.util.thread.QueuedThreadPool$2.run(QueuedThreadPool.java:626)&#10;        at java.lang.Thread.run(Thread.java:748)&#10;&quot;2636e257-7a47-4bf8-b940-93a028f0c6b6@group-812BEF14F159-StateMachineUpdater&quot; daemon prio=5 tid=984 in Object.wait()&#10;java.lang.Thread.State: WAITING (on object monitor)&#10;        at java.lang.Object.wait(Native Method)&#10;        at java.lang.Object.wait(Object.java:502)&#10;        at org.apache.ratis.server.impl.StateMachineUpdater.waitForCommit(StateMachineUpdater.java:194)&#10;        at org.apache.ratis.server.impl.StateMachineUpdater.run(StateMachineUpdater.java:159)&#10;        at java.lang.Thread.run(Thread.java:748)&#10;&quot;org.eclipse.jetty.server.session.HashSessionManager@5e25c7d4Timer&quot; daemon prio=5 tid=303 timed_waiting&#10;java.lang.Thread.State: TIMED_WAITING&#10;        at sun.misc.Unsafe.park(Native Method)&#10;        at java.util.concurrent.locks.LockSupport.parkNanos(LockSupport.java:215)&#10;        at java.util.concurrent.locks.AbstractQueuedSynchronizer$ConditionObject.awaitNanos(AbstractQueuedSynchronizer.java:2078)&#10;        at java.util.concurrent.ScheduledThreadPoolExecutor$DelayedWorkQueue.take(ScheduledThreadPoolExecutor.java:1093)&#10;        at java.util.concurrent.ScheduledThreadPoolExecutor$DelayedWorkQueue.take(ScheduledThreadPoolExecutor.java:809)&#10;        at java.util.concurrent.ThreadPoolExecutor.getTask(ThreadPoolExecutor.java:1074)&#10;        at java.util.concurrent.ThreadPoolExecutor.runWorker(ThreadPoolExecutor.java:1134)&#10;        at java.util.concurrent.ThreadPoolExecutor$Worker.run(ThreadPoolExecutor.java:624)&#10;        at java.lang.Thread.run(Thread.java:748)&#10;&quot;IPC Server handler 10 on 33223&quot; daemon prio=5 tid=60 timed_waiting&#10;java.lang.Thread.State: TIMED_WAITING&#10;        at sun.misc.Unsafe.park(Native Method)&#10;        at java.util.concurrent.locks.LockSupport.parkNanos(LockSupport.java:215)&#10;        at java.util.concurrent.locks.AbstractQueuedSynchronizer$ConditionObject.awaitNanos(AbstractQueuedSynchronizer.java:2078)&#10;        at java.util.concurrent.LinkedBlockingQueue.poll(LinkedBlockingQueue.java:467)&#10;        at org.apache.hadoop.ipc.CallQueueManager.take(CallQueueManager.java:288)&#10;        at org.apache.hadoop.ipc.Server$Handler.run(Server.java:2668)&#10;&quot;pool-46-thread-6&quot;  prio=5 tid=321 in Object.wait()&#10;java.lang.Thread.State: WAITING (on object monitor)&#10;        at sun.misc.Unsafe.park(Native Method)&#10;        at java.util.concurrent.locks.LockSupport.park(LockSupport.java:175)&#10;        at java.util.concurrent.locks.AbstractQueuedSynchronizer$ConditionObject.await(AbstractQueuedSynchronizer.java:2039)&#10;        at java.util.concurrent.ArrayBlockingQueue.take(ArrayBlockingQueue.java:403)&#10;        at java.util.concurrent.ThreadPoolExecutor.getTask(ThreadPoolExecutor.java:1074)&#10;        at java.util.concurrent.ThreadPoolExecutor.runWorker(ThreadPoolExecutor.java:1134)&#10;        at java.util.concurrent.ThreadPoolExecutor$Worker.run(ThreadPoolExecutor.java:624)&#10;        at java.lang.Thread.run(Thread.java:748)&#10;&quot;metrics-hadoop-metrics2-reporter-24-thread-1&quot; daemon prio=5 tid=758 timed_waiting&#10;java.lang.Thread.State: TIMED_WAITING&#10;        at sun.misc.Unsafe.park(Native Method)&#10;        at java.util.concurrent.locks.LockSupport.parkNanos(LockSupport.java:215)&#10;        at java.util.concurrent.locks.AbstractQueuedSynchronizer$ConditionObject.awaitNanos(AbstractQueuedSynchronizer.java:2078)&#10;        at java.util.concurrent.ScheduledThreadPoolExecutor$DelayedWorkQueue.take(ScheduledThreadPoolExecutor.java:1093)&#10;        at java.util.concurrent.ScheduledThreadPoolExecutor$DelayedWorkQueue.take(ScheduledThreadPoolExecutor.java:809)&#10;        at java.util.concurrent.ThreadPoolExecutor.getTask(ThreadPoolExecutor.java:1074)&#10;        at java.util.concurrent.ThreadPoolExecutor.runWorker(ThreadPoolExecutor.java:1134)&#10;        at java.util.concurrent.ThreadPoolExecutor$Worker.run(ThreadPoolExecutor.java:624)&#10;        at java.lang.Thread.run(Thread.java:748)&#10;&quot;pool-66-thread-21&quot;  prio=5 tid=589 in Object.wait()&#10;java.lang.Thread.State: WAITING (on object monitor)&#10;        at sun.misc.Unsafe.park(Native Method)&#10;        at java.util.concurrent.locks.LockSupport.park(LockSupport.java:175)&#10;        at java.util.concurrent.locks.AbstractQueuedSynchronizer$ConditionObject.await(AbstractQueuedSynchronizer.java:2039)&#10;        at java.util.concurrent.ArrayBlockingQueue.take(ArrayBlockingQueue.java:403)&#10;        at java.util.concurrent.ThreadPoolExecutor.getTask(ThreadPoolExecutor.java:1074)&#10;        at java.util.concurrent.ThreadPoolExecutor.runWorker(ThreadPoolExecutor.java:1134)&#10;        at java.util.concurrent.ThreadPoolExecutor$Worker.run(ThreadPoolExecutor.java:624)&#10;        at java.lang.Thread.run(Thread.java:748)&#10;&quot;IPC Server listener on 33223&quot; daemon prio=5 tid=19 runnable&#10;java.lang.Thread.State: RUNNABLE&#10;        at sun.nio.ch.EPollArrayWrapper.epollWait(Native Method)&#10;        at sun.nio.ch.EPollArrayWrapper.poll(EPollArrayWrapper.java:269)&#10;        at sun.nio.ch.EPollSelectorImpl.doSelect(EPollSelectorImpl.java:93)&#10;        at sun.nio.ch.SelectorImpl.lockAndDoSelect(SelectorImpl.java:86)&#10;        at sun.nio.ch.SelectorImpl.select(SelectorImpl.java:97)&#10;        at sun.nio.ch.SelectorImpl.select(SelectorImpl.java:101)&#10;        at org.apache.hadoop.ipc.Server$Listener.run(Server.java:1159)&#10;&quot;metrics-hadoop-metrics2-reporter-73-thread-1&quot; daemon prio=5 tid=997 timed_waiting&#10;java.lang.Thread.State: TIMED_WAITING&#10;        at sun.misc.Unsafe.park(Native Method)&#10;        at java.util.concurrent.locks.LockSupport.parkNanos(LockSupport.java:215)&#10;        at java.util.concurrent.locks.AbstractQueuedSynchronizer$ConditionObject.awaitNanos(AbstractQueuedSynchronizer.java:2078)&#10;        at java.util.concurrent.ScheduledThreadPoolExecutor$DelayedWorkQueue.take(ScheduledThreadPoolExecutor.java:1093)&#10;        at java.util.concurrent.ScheduledThreadPoolExecutor$DelayedWorkQueue.take(ScheduledThreadPoolExecutor.java:809)&#10;        at java.util.concurrent.ThreadPoolExecutor.getTask(ThreadPoolExecutor.java:1074)&#10;        at java.util.concurrent.ThreadPoolExecutor.runWorker(ThreadPoolExecutor.java:1134)&#10;        at java.util.concurrent.ThreadPoolExecutor$Worker.run(ThreadPoolExecutor.java:624)&#10;        at java.lang.Thread.run(Thread.java:748)&#10;&quot;pool-26-thread-10&quot;  prio=5 tid=352 in Object.wait()&#10;java.lang.Thread.State: WAITING (on object monitor)&#10;        at sun.misc.Unsafe.park(Native Method)&#10;        at java.util.concurrent.locks.LockSupport.park(LockSupport.java:175)&#10;        at java.util.concurrent.locks.AbstractQueuedSynchronizer$ConditionObject.await(AbstractQueuedSynchronizer.java:2039)&#10;        at java.util.concurrent.ArrayBlockingQueue.take(ArrayBlockingQueue.java:403)&#10;        at java.util.concurrent.ThreadPoolExecutor.getTask(ThreadPoolExecutor.java:1074)&#10;        at java.util.concurrent.ThreadPoolExecutor.runWorker(ThreadPoolExecutor.java:1134)&#10;        at java.util.concurrent.ThreadPoolExecutor$Worker.run(ThreadPoolExecutor.java:624)&#10;        at java.lang.Thread.run(Thread.java:748)&#10;&quot;org.eclipse.jetty.server.session.HashSessionManager@7cf15eefTimer&quot; daemon prio=5 tid=224 timed_waiting&#10;java.lang.Thread.State: TIMED_WAITING&#10;        at sun.misc.Unsafe.park(Native Method)&#10;        at java.util.concurrent.locks.LockSupport.parkNanos(LockSupport.java:215)&#10;        at java.util.concurrent.locks.AbstractQueuedSynchronizer$ConditionObject.awaitNanos(AbstractQueuedSynchronizer.java:2078)&#10;        at java.util.concurrent.ScheduledThreadPoolExecutor$DelayedWorkQueue.take(ScheduledThreadPoolExecutor.java:1093)&#10;        at java.util.concurrent.ScheduledThreadPoolExecutor$DelayedWorkQueue.take(ScheduledThreadPoolExecutor.java:809)&#10;        at java.util.concurrent.ThreadPoolExecutor.getTask(ThreadPoolExecutor.java:1074)&#10;        at java.util.concurrent.ThreadPoolExecutor.runWorker(ThreadPoolExecutor.java:1134)&#10;        at java.util.concurrent.ThreadPoolExecutor$Worker.run(ThreadPoolExecutor.java:624)&#10;        at java.lang.Thread.run(Thread.java:748)&#10;&quot;IPC Server handler 4 on 42372&quot; daemon prio=5 tid=74 timed_waiting&#10;java.lang.Thread.State: TIMED_WAITING&#10;        at sun.misc.Unsafe.park(Native Method)&#10;        at java.util.concurrent.locks.LockSupport.parkNanos(LockSupport.java:215)&#10;        at java.util.concurrent.locks.AbstractQueuedSynchronizer$ConditionObject.awaitNanos(AbstractQueuedSynchronizer.java:2078)&#10;        at java.util.concurrent.LinkedBlockingQueue.poll(LinkedBlockingQueue.java:467)&#10;        at org.apache.hadoop.ipc.CallQueueManager.take(CallQueueManager.java:288)&#10;        at org.apache.hadoop.ipc.Server$Handler.run(Server.java:2668)&#10;&quot;grpc-default-worker-ELG-3-2&quot; daemon prio=5 tid=699 runnable&#10;java.lang.Thread.State: RUNNABLE&#10;        at sun.nio.ch.EPollArrayWrapper.epollWait(Native Method)&#10;        at sun.nio.ch.EPollArrayWrapper.poll(EPollArrayWrapper.java:269)&#10;        at sun.nio.ch.EPollSelectorImpl.doSelect(EPollSelectorImpl.java:93)&#10;        at sun.nio.ch.SelectorImpl.lockAndDoSelect(SelectorImpl.java:86)&#10;        at sun.nio.ch.SelectorImpl.select(SelectorImpl.java:97)&#10;        at org.apache.ratis.thirdparty.io.netty.channel.nio.SelectedSelectionKeySetSelector.select(SelectedSelectionKeySetSelector.java:62)&#10;        at org.apache.ratis.thirdparty.io.netty.channel.nio.NioEventLoop.select(NioEventLoop.java:753)&#10;        at org.apache.ratis.thirdparty.io.netty.channel.nio.NioEventLoop.run(NioEventLoop.java:408)&#10;        at org.apache.ratis.thirdparty.io.netty.util.concurrent.SingleThreadEventExecutor$5.run(SingleThreadEventExecutor.java:897)&#10;        at org.apache.ratis.thirdparty.io.netty.util.concurrent.FastThreadLocalRunnable.run(FastThreadLocalRunnable.java:30)&#10;        at java.lang.Thread.run(Thread.java:748)&#10;&quot;pool-76-thread-17&quot;  prio=5 tid=595 in Object.wait()&#10;java.lang.Thread.State: WAITING (on object monitor)&#10;        at sun.misc.Unsafe.park(Native Method)&#10;        at java.util.concurrent.locks.LockSupport.park(LockSupport.java:175)&#10;        at java.util.concurrent.locks.AbstractQueuedSynchronizer$ConditionObject.await(AbstractQueuedSynchronizer.java:2039)&#10;        at java.util.concurrent.ArrayBlockingQueue.take(ArrayBlockingQueue.java:403)&#10;        at java.util.concurrent.ThreadPoolExecutor.getTask(ThreadPoolExecutor.java:1074)&#10;        at java.util.concurrent.ThreadPoolExecutor.runWorker(ThreadPoolExecutor.java:1134)&#10;        at java.util.concurrent.ThreadPoolExecutor$Worker.run(ThreadPoolExecutor.java:624)&#10;        at java.lang.Thread.run(Thread.java:748)&#10;&quot;pool-26-thread-34&quot;  prio=5 tid=437 in Object.wait()&#10;java.lang.Thread.State: WAITING (on object monitor)&#10;        at sun.misc.Unsafe.park(Native Method)&#10;        at java.util.concurrent.locks.LockSupport.park(LockSupport.java:175)&#10;        at java.util.concurrent.locks.AbstractQueuedSynchronizer$ConditionObject.await(AbstractQueuedSynchronizer.java:2039)&#10;        at java.util.concurrent.ArrayBlockingQueue.take(ArrayBlockingQueue.java:403)&#10;        at java.util.concurrent.ThreadPoolExecutor.getTask(ThreadPoolExecutor.java:1074)&#10;        at java.util.concurrent.ThreadPoolExecutor.runWorker(ThreadPoolExecutor.java:1134)&#10;        at java.util.concurrent.ThreadPoolExecutor$Worker.run(ThreadPoolExecutor.java:624)&#10;        at java.lang.Thread.run(Thread.java:748)&#10;&quot;pool-66-thread-55&quot;  prio=5 tid=670 in Object.wait()&#10;java.lang.Thread.State: WAITING (on object monitor)&#10;        at sun.misc.Unsafe.park(Native Method)&#10;        at java.util.concurrent.locks.LockSupport.park(LockSupport.java:175)&#10;        at java.util.concurrent.locks.AbstractQueuedSynchronizer$ConditionObject.await(AbstractQueuedSynchronizer.java:2039)&#10;        at java.util.concurrent.ArrayBlockingQueue.take(ArrayBlockingQueue.java:403)&#10;        at java.util.concurrent.ThreadPoolExecutor.getTask(ThreadPoolExecutor.java:1074)&#10;        at java.util.concurrent.ThreadPoolExecutor.runWorker(ThreadPoolExecutor.java:1134)&#10;        at java.util.concurrent.ThreadPoolExecutor$Worker.run(ThreadPoolExecutor.java:624)&#10;        at java.lang.Thread.run(Thread.java:748)&#10;&quot;pool-46-thread-1&quot;  prio=5 tid=315 in Object.wait()&#10;java.lang.Thread.State: WAITING (on object monitor)&#10;        at sun.misc.Unsafe.park(Native Method)&#10;        at java.util.concurrent.locks.LockSupport.park(LockSupport.java:175)&#10;        at java.util.concurrent.locks.AbstractQueuedSynchronizer$ConditionObject.await(AbstractQueuedSynchronizer.java:2039)&#10;        at java.util.concurrent.ArrayBlockingQueue.take(ArrayBlockingQueue.java:403)&#10;        at java.util.concurrent.ThreadPoolExecutor.getTask(ThreadPoolExecutor.java:1074)&#10;        at java.util.concurrent.ThreadPoolExecutor.runWorker(ThreadPoolExecutor.java:1134)&#10;        at java.util.concurrent.ThreadPoolExecutor$Worker.run(ThreadPoolExecutor.java:624)&#10;        at java.lang.Thread.run(Thread.java:748)&#10;&quot;pool-66-thread-7&quot;  prio=5 tid=562 in Object.wait()&#10;java.lang.Thread.State: WAITING (on object monitor)&#10;        at sun.misc.Unsafe.park(Native Method)&#10;        at java.util.concurrent.locks.LockSupport.park(LockSupport.java:175)&#10;        at java.util.concurrent.locks.AbstractQueuedSynchronizer$ConditionObject.await(AbstractQueuedSynchronizer.java:2039)&#10;        at java.util.concurrent.ArrayBlockingQueue.take(ArrayBlockingQueue.java:403)&#10;        at java.util.concurrent.ThreadPoolExecutor.getTask(ThreadPoolExecutor.java:1074)&#10;        at java.util.concurrent.ThreadPoolExecutor.runWorker(ThreadPoolExecutor.java:1134)&#10;        at java.util.concurrent.ThreadPoolExecutor$Worker.run(ThreadPoolExecutor.java:624)&#10;        at java.lang.Thread.run(Thread.java:748)&#10;&quot;Periodic HDDS volume checker&quot;  prio=5 tid=153 timed_waiting&#10;java.lang.Thread.State: TIMED_WAITING&#10;        at sun.misc.Unsafe.park(Native Method)&#10;        at java.util.concurrent.locks.LockSupport.parkNanos(LockSupport.java:215)&#10;        at java.util.concurrent.locks.AbstractQueuedSynchronizer$ConditionObject.awaitNanos(AbstractQueuedSynchronizer.java:2078)&#10;        at java.util.concurrent.ScheduledThreadPoolExecutor$DelayedWorkQueue.take(ScheduledThreadPoolExecutor.java:1093)&#10;        at java.util.concurrent.ScheduledThreadPoolExecutor$DelayedWorkQueue.take(ScheduledThreadPoolExecutor.java:809)&#10;        at java.util.concurrent.ThreadPoolExecutor.getTask(ThreadPoolExecutor.java:1074)&#10;        at java.util.concurrent.ThreadPoolExecutor.runWorker(ThreadPoolExecutor.java:1134)&#10;        at java.util.concurrent.ThreadPoolExecutor$Worker.run(ThreadPoolExecutor.java:624)&#10;        at java.lang.Thread.run(Thread.java:748)&#10;&quot;metrics-hadoop-metrics2-reporter-38-thread-1&quot; daemon prio=5 tid=808 timed_waiting&#10;java.lang.Thread.State: TIMED_WAITING&#10;        at sun.misc.Unsafe.park(Native Method)&#10;        at java.util.concurrent.locks.LockSupport.parkNanos(LockSupport.java:215)&#10;        at java.util.concurrent.locks.AbstractQueuedSynchronizer$ConditionObject.awaitNanos(AbstractQueuedSynchronizer.java:2078)&#10;        at java.util.concurrent.ScheduledThreadPoolExecutor$DelayedWorkQueue.take(ScheduledThreadPoolExecutor.java:1093)&#10;        at java.util.concurrent.ScheduledThreadPoolExecutor$DelayedWorkQueue.take(ScheduledThreadPoolExecutor.java:809)&#10;        at java.util.concurrent.ThreadPoolExecutor.getTask(ThreadPoolExecutor.java:1074)&#10;        at java.util.concurrent.ThreadPoolExecutor.runWorker(ThreadPoolExecutor.java:1134)&#10;        at java.util.concurrent.ThreadPoolExecutor$Worker.run(ThreadPoolExecutor.java:624)&#10;        at java.lang.Thread.run(Thread.java:748)&#10;&quot;qtp2139397088-220&quot; daemon prio=5 tid=220 timed_waiting&#10;java.lang.Thread.State: TIMED_WAITING&#10;        at sun.misc.Unsafe.park(Native Method)&#10;        at java.util.concurrent.locks.LockSupport.parkNanos(LockSupport.java:215)&#10;        at java.util.concurrent.locks.AbstractQueuedSynchronizer$ConditionObject.awaitNanos(AbstractQueuedSynchronizer.java:2078)&#10;        at org.eclipse.jetty.util.BlockingArrayQueue.poll(BlockingArrayQueue.java:392)&#10;        at org.eclipse.jetty.util.thread.QueuedThreadPool.idleJobPoll(QueuedThreadPool.java:563)&#10;        at org.eclipse.jetty.util.thread.QueuedThreadPool.access$800(QueuedThreadPool.java:48)&#10;        at org.eclipse.jetty.util.thread.QueuedThreadPool$2.run(QueuedThreadPool.java:626)&#10;        at java.lang.Thread.run(Thread.java:748)&#10;&quot;pool-26-thread-50&quot;  prio=5 tid=495 in Object.wait()&#10;java.lang.Thread.State: WAITING (on object monitor)&#10;        at sun.misc.Unsafe.park(Native Method)&#10;        at java.util.concurrent.locks.LockSupport.park(LockSupport.java:175)&#10;        at java.util.concurrent.locks.AbstractQueuedSynchronizer$ConditionObject.await(AbstractQueuedSynchronizer.java:2039)&#10;        at java.util.concurrent.ArrayBlockingQueue.take(ArrayBlockingQueue.java:403)&#10;        at java.util.concurrent.ThreadPoolExecutor.getTask(ThreadPoolExecutor.java:1074)&#10;        at java.util.concurrent.ThreadPoolExecutor.runWorker(ThreadPoolExecutor.java:1134)&#10;        at java.util.concurrent.ThreadPoolExecutor$Worker.run(ThreadPoolExecutor.java:624)&#10;        at java.lang.Thread.run(Thread.java:748)&#10;&quot;java.util.concurrent.ThreadPoolExecutor$Worker@2000782b[State = -1, empty queue]&quot; daemon prio=5 tid=1029 timed_waiting&#10;java.lang.Thread.State: TIMED_WAITING&#10;        at sun.misc.Unsafe.park(Native Method)&#10;        at java.util.concurrent.locks.LockSupport.parkNanos(LockSupport.java:215)&#10;        at java.util.concurrent.locks.AbstractQueuedSynchronizer$ConditionObject.awaitNanos(AbstractQueuedSynchronizer.java:2078)&#10;        at java.util.concurrent.ScheduledThreadPoolExecutor$DelayedWorkQueue.take(ScheduledThreadPoolExecutor.java:1093)&#10;        at java.util.concurrent.ScheduledThreadPoolExecutor$DelayedWorkQueue.take(ScheduledThreadPoolExecutor.java:809)&#10;        at java.util.concurrent.ThreadPoolExecutor.getTask(ThreadPoolExecutor.java:1074)&#10;        at java.util.concurrent.ThreadPoolExecutor.runWorker(ThreadPoolExecutor.java:1134)&#10;        at java.util.concurrent.ThreadPoolExecutor$Worker.run(ThreadPoolExecutor.java:624)&#10;        at java.lang.Thread.run(Thread.java:748)&#10;&quot;metrics-hadoop-metrics2-reporter-9-thread-1&quot; daemon prio=5 tid=722 timed_waiting&#10;java.lang.Thread.State: TIMED_WAITING&#10;        at sun.misc.Unsafe.park(Native Method)&#10;        at java.util.concurrent.locks.LockSupport.parkNanos(LockSupport.java:215)&#10;        at java.util.concurrent.locks.AbstractQueuedSynchronizer$ConditionObject.awaitNanos(AbstractQueuedSynchronizer.java:2078)&#10;        at java.util.concurrent.ScheduledThreadPoolExecutor$DelayedWorkQueue.take(ScheduledThreadPoolExecutor.java:1093)&#10;        at java.util.concurrent.ScheduledThreadPoolExecutor$DelayedWorkQueue.take(ScheduledThreadPoolExecutor.java:809)&#10;        at java.util.concurrent.ThreadPoolExecutor.getTask(ThreadPoolExecutor.java:1074)&#10;        at java.util.concurrent.ThreadPoolExecutor.runWorker(ThreadPoolExecutor.java:1134)&#10;        at java.util.concurrent.ThreadPoolExecutor$Worker.run(ThreadPoolExecutor.java:624)&#10;        at java.lang.Thread.run(Thread.java:748)&#10;&quot;pool-66-thread-3&quot;  prio=5 tid=557 in Object.wait()&#10;java.lang.Thread.State: WAITING (on object monitor)&#10;        at sun.misc.Unsafe.park(Native Method)&#10;        at java.util.concurrent.locks.LockSupport.park(LockSupport.java:175)&#10;        at java.util.concurrent.locks.AbstractQueuedSynchronizer$ConditionObject.await(AbstractQueuedSynchronizer.java:2039)&#10;        at java.util.concurrent.ArrayBlockingQueue.take(ArrayBlockingQueue.java:403)&#10;        at java.util.concurrent.ThreadPoolExecutor.getTask(ThreadPoolExecutor.java:1074)&#10;        at java.util.concurrent.ThreadPoolExecutor.runWorker(ThreadPoolExecutor.java:1134)&#10;        at java.util.concurrent.ThreadPoolExecutor$Worker.run(ThreadPoolExecutor.java:624)&#10;        at java.lang.Thread.run(Thread.java:748)&#10;&quot;pool-66-thread-50&quot;  prio=5 tid=665 in Object.wait()&#10;java.lang.Thread.State: WAITING (on object monitor)&#10;        at sun.misc.Unsafe.park(Native Method)&#10;        at java.util.concurrent.locks.LockSupport.park(LockSupport.java:175)&#10;        at java.util.concurrent.locks.AbstractQueuedSynchronizer$ConditionObject.await(AbstractQueuedSynchronizer.java:2039)&#10;        at java.util.concurrent.ArrayBlockingQueue.take(ArrayBlockingQueue.java:403)&#10;        at java.util.concurrent.ThreadPoolExecutor.getTask(ThreadPoolExecutor.java:1074)&#10;        at java.util.concurrent.ThreadPoolExecutor.runWorker(ThreadPoolExecutor.java:1134)&#10;        at java.util.concurrent.ThreadPoolExecutor$Worker.run(ThreadPoolExecutor.java:624)&#10;        at java.lang.Thread.run(Thread.java:748)&#10;&quot;pool-56-thread-58&quot;  prio=5 tid=552 in Object.wait()&#10;java.lang.Thread.State: WAITING (on object monitor)&#10;        at sun.misc.Unsafe.park(Native Method)&#10;        at java.util.concurrent.locks.LockSupport.park(LockSupport.java:175)&#10;        at java.util.concurrent.locks.AbstractQueuedSynchronizer$ConditionObject.await(AbstractQueuedSynchronizer.java:2039)&#10;        at java.util.concurrent.ArrayBlockingQueue.take(ArrayBlockingQueue.java:403)&#10;        at java.util.concurrent.ThreadPoolExecutor.getTask(ThreadPoolExecutor.java:1074)&#10;        at java.util.concurrent.ThreadPoolExecutor.runWorker(ThreadPoolExecutor.java:1134)&#10;        at java.util.concurrent.ThreadPoolExecutor$Worker.run(ThreadPoolExecutor.java:624)&#10;        at java.lang.Thread.run(Thread.java:748)&#10;&quot;jaeger.RemoteReporter-QueueProcessor&quot; daemon prio=5 tid=148 in Object.wait()&#10;java.lang.Thread.State: WAITING (on object monitor)&#10;        at sun.misc.Unsafe.park(Native Method)&#10;        at java.util.concurrent.locks.LockSupport.park(LockSupport.java:175)&#10;        at java.util.concurrent.locks.AbstractQueuedSynchronizer$ConditionObject.await(AbstractQueuedSynchronizer.java:2039)&#10;        at java.util.concurrent.ArrayBlockingQueue.take(ArrayBlockingQueue.java:403)&#10;        at io.jaegertracing.internal.reporters.RemoteReporter$QueueProcessor.run(RemoteReporter.java:173)&#10;        at java.lang.Thread.run(Thread.java:748)&#10;&quot;qtp1174596735-140&quot; daemon prio=5 tid=140 timed_waiting&#10;java.lang.Thread.State: TIMED_WAITING&#10;        at sun.misc.Unsafe.park(Native Method)&#10;        at java.util.concurrent.locks.LockSupport.parkNanos(LockSupport.java:215)&#10;        at java.util.concurrent.locks.AbstractQueuedSynchronizer$ConditionObject.awaitNanos(AbstractQueuedSynchronizer.java:2078)&#10;        at org.eclipse.jetty.util.BlockingArrayQueue.poll(BlockingArrayQueue.java:392)&#10;        at org.eclipse.jetty.util.thread.QueuedThreadPool.idleJobPoll(QueuedThreadPool.java:563)&#10;        at org.eclipse.jetty.util.thread.QueuedThreadPool.access$800(QueuedThreadPool.java:48)&#10;        at org.eclipse.jetty.util.thread.QueuedThreadPool$2.run(QueuedThreadPool.java:626)&#10;        at java.lang.Thread.run(Thread.java:748)&#10;&quot;pool-36-thread-15&quot;  prio=5 tid=354 in Object.wait()&#10;java.lang.Thread.State: WAITING (on object monitor)&#10;        at sun.misc.Unsafe.park(Native Method)&#10;        at java.util.concurrent.locks.LockSupport.park(LockSupport.java:175)&#10;        at java.util.concurrent.locks.AbstractQueuedSynchronizer$ConditionObject.await(AbstractQueuedSynchronizer.java:2039)&#10;        at java.util.concurrent.ArrayBlockingQueue.take(ArrayBlockingQueue.java:403)&#10;        at java.util.concurrent.ThreadPoolExecutor.getTask(ThreadPoolExecutor.java:1074)&#10;        at java.util.concurrent.ThreadPoolExecutor.runWorker(ThreadPoolExecutor.java:1134)&#10;        at java.util.concurrent.ThreadPoolExecutor$Worker.run(ThreadPoolExecutor.java:624)&#10;        at java.lang.Thread.run(Thread.java:748)&#10;&quot;pool-76-thread-50&quot;  prio=5 tid=641 in Object.wait()&#10;java.lang.Thread.State: WAITING (on object monitor)&#10;        at sun.misc.Unsafe.park(Native Method)&#10;        at java.util.concurrent.locks.LockSupport.park(LockSupport.java:175)&#10;        at java.util.concurrent.locks.AbstractQueuedSynchronizer$ConditionObject.await(AbstractQueuedSynchronizer.java:2039)&#10;        at java.util.concurrent.ArrayBlockingQueue.take(ArrayBlockingQueue.java:403)&#10;        at java.util.concurrent.ThreadPoolExecutor.getTask(ThreadPoolExecutor.java:1074)&#10;        at java.util.concurrent.ThreadPoolExecutor.runWorker(ThreadPoolExecutor.java:1134)&#10;        at java.util.concurrent.ThreadPoolExecutor$Worker.run(ThreadPoolExecutor.java:624)&#10;        at java.lang.Thread.run(Thread.java:748)&#10;&quot;metrics-hadoop-metrics2-reporter-67-thread-1&quot; daemon prio=5 tid=985 timed_waiting&#10;java.lang.Thread.State: TIMED_WAITING&#10;        at sun.misc.Unsafe.park(Native Method)&#10;        at java.util.concurrent.locks.LockSupport.parkNanos(LockSupport.java:215)&#10;        at java.util.concurrent.locks.AbstractQueuedSynchronizer$ConditionObject.awaitNanos(AbstractQueuedSynchronizer.java:2078)&#10;        at java.util.concurrent.ScheduledThreadPoolExecutor$DelayedWorkQueue.take(ScheduledThreadPoolExecutor.java:1093)&#10;        at java.util.concurrent.ScheduledThreadPoolExecutor$DelayedWorkQueue.take(ScheduledThreadPoolExecutor.java:809)&#10;        at java.util.concurrent.ThreadPoolExecutor.getTask(ThreadPoolExecutor.java:1074)&#10;        at java.util.concurrent.ThreadPoolExecutor.runWorker(ThreadPoolExecutor.java:1134)&#10;        at java.util.concurrent.ThreadPoolExecutor$Worker.run(ThreadPoolExecutor.java:624)&#10;        at java.lang.Thread.run(Thread.java:748)&#10;&quot;Timer for &apos;StorageContainerManager&apos; metrics system&quot; daemon prio=5 tid=28 timed_waiting&#10;java.lang.Thread.State: TIMED_WAITING&#10;        at java.lang.Object.wait(Native Method)&#10;        at java.util.TimerThread.mainLoop(Timer.java:552)&#10;        at java.util.TimerThread.run(Timer.java:505)&#10;&quot;pool-66-thread-15&quot;  prio=5 tid=577 in Object.wait()&#10;java.lang.Thread.State: WAITING (on object monitor)&#10;        at sun.misc.Unsafe.park(Native Method)&#10;        at java.util.concurrent.locks.LockSupport.park(LockSupport.java:175)&#10;        at java.util.concurrent.locks.AbstractQueuedSynchronizer$ConditionObject.await(AbstractQueuedSynchronizer.java:2039)&#10;        at java.util.concurrent.ArrayBlockingQueue.take(ArrayBlockingQueue.java:403)&#10;        at java.util.concurrent.ThreadPoolExecutor.getTask(ThreadPoolExecutor.java:1074)&#10;        at java.util.concurrent.ThreadPoolExecutor.runWorker(ThreadPoolExecutor.java:1134)&#10;        at java.util.concurrent.ThreadPoolExecutor$Worker.run(ThreadPoolExecutor.java:624)&#10;        at java.lang.Thread.run(Thread.java:748)&#10;&quot;pool-26-thread-12&quot;  prio=5 tid=360 in Object.wait()&#10;java.lang.Thread.State: WAITING (on object monitor)&#10;        at sun.misc.Unsafe.park(Native Method)&#10;        at java.util.concurrent.locks.LockSupport.park(LockSupport.java:175)&#10;        at java.util.concurrent.locks.AbstractQueuedSynchronizer$ConditionObject.await(AbstractQueuedSynchronizer.java:2039)&#10;        at java.util.concurrent.ArrayBlockingQueue.take(ArrayBlockingQueue.java:403)&#10;        at java.util.concurrent.ThreadPoolExecutor.getTask(ThreadPoolExecutor.java:1074)&#10;        at java.util.concurrent.ThreadPoolExecutor.runWorker(ThreadPoolExecutor.java:1134)&#10;        at java.util.concurrent.ThreadPoolExecutor$Worker.run(ThreadPoolExecutor.java:624)&#10;        at java.lang.Thread.run(Thread.java:748)&#10;&quot;pool-26-thread-4&quot;  prio=5 tid=333 in Object.wait()&#10;java.lang.Thread.State: WAITING (on object monitor)&#10;        at sun.misc.Unsafe.park(Native Method)&#10;        at java.util.concurrent.locks.LockSupport.park(LockSupport.java:175)&#10;        at java.util.concurrent.locks.AbstractQueuedSynchronizer$ConditionObject.await(AbstractQueuedSynchronizer.java:2039)&#10;        at java.util.concurrent.ArrayBlockingQueue.take(ArrayBlockingQueue.java:403)&#10;        at java.util.concurrent.ThreadPoolExecutor.getTask(ThreadPoolExecutor.java:1074)&#10;        at java.util.concurrent.ThreadPoolExecutor.runWorker(ThreadPoolExecutor.java:1134)&#10;        at java.util.concurrent.ThreadPoolExecutor$Worker.run(ThreadPoolExecutor.java:624)&#10;        at java.lang.Thread.run(Thread.java:748)&#10;&quot;IPC Server Responder&quot; daemon prio=5 tid=22 runnable&#10;java.lang.Thread.State: RUNNABLE&#10;        at sun.nio.ch.EPollArrayWrapper.epollWait(Native Method)&#10;        at sun.nio.ch.EPollArrayWrapper.poll(EPollArrayWrapper.java:269)&#10;        at sun.nio.ch.EPollSelectorImpl.doSelect(EPollSelectorImpl.java:93)&#10;        at sun.nio.ch.SelectorImpl.lockAndDoSelect(SelectorImpl.java:86)&#10;        at sun.nio.ch.SelectorImpl.select(SelectorImpl.java:97)&#10;        at org.apache.hadoop.ipc.Server$Responder.doRunLoop(Server.java:1334)&#10;        at org.apache.hadoop.ipc.Server$Responder.run(Server.java:1317)&#10;&quot;qtp1770687691-162&quot; daemon prio=5 tid=162 timed_waiting&#10;java.lang.Thread.State: TIMED_WAITING&#10;        at sun.misc.Unsafe.park(Native Method)&#10;        at java.util.concurrent.locks.LockSupport.parkNanos(LockSupport.java:215)&#10;        at java.util.concurrent.locks.AbstractQueuedSynchronizer$ConditionObject.awaitNanos(AbstractQueuedSynchronizer.java:2078)&#10;        at org.eclipse.jetty.util.BlockingArrayQueue.poll(BlockingArrayQueue.java:392)&#10;        at org.eclipse.jetty.util.thread.QueuedThreadPool.idleJobPoll(QueuedThreadPool.java:563)&#10;        at org.eclipse.jetty.util.thread.QueuedThreadPool.access$800(QueuedThreadPool.java:48)&#10;        at org.eclipse.jetty.util.thread.QueuedThreadPool$2.run(QueuedThreadPool.java:626)&#10;        at java.lang.Thread.run(Thread.java:748)&#10;&quot;metrics-hadoop-metrics2-reporter-72-thread-1&quot; daemon prio=5 tid=993 timed_waiting&#10;java.lang.Thread.State: TIMED_WAITING&#10;        at sun.misc.Unsafe.park(Native Method)&#10;        at java.util.concurrent.locks.LockSupport.parkNanos(LockSupport.java:215)&#10;        at java.util.concurrent.locks.AbstractQueuedSynchronizer$ConditionObject.awaitNanos(AbstractQueuedSynchronizer.java:2078)&#10;        at java.util.concurrent.ScheduledThreadPoolExecutor$DelayedWorkQueue.take(ScheduledThreadPoolExecutor.java:1093)&#10;        at java.util.concurrent.ScheduledThreadPoolExecutor$DelayedWorkQueue.take(ScheduledThreadPoolExecutor.java:809)&#10;        at java.util.concurrent.ThreadPoolExecutor.getTask(ThreadPoolExecutor.java:1074)&#10;        at java.util.concurrent.ThreadPoolExecutor.runWorker(ThreadPoolExecutor.java:1134)&#10;        at java.util.concurrent.ThreadPoolExecutor$Worker.run(ThreadPoolExecutor.java:624)&#10;        at java.lang.Thread.run(Thread.java:748)&#10;&quot;pool-56-thread-34&quot;  prio=5 tid=528 in Object.wait()&#10;java.lang.Thread.State: WAITING (on object monitor)&#10;        at sun.misc.Unsafe.park(Native Method)&#10;        at java.util.concurrent.locks.LockSupport.park(LockSupport.java:175)&#10;        at java.util.concurrent.locks.AbstractQueuedSynchronizer$ConditionObject.await(AbstractQueuedSynchronizer.java:2039)&#10;        at java.util.concurrent.ArrayBlockingQueue.take(ArrayBlockingQueue.java:403)&#10;        at java.util.concurrent.ThreadPoolExecutor.getTask(ThreadPoolExecutor.java:1074)&#10;        at java.util.concurrent.ThreadPoolExecutor.runWorker(ThreadPoolExecutor.java:1134)&#10;        at java.util.concurrent.ThreadPoolExecutor$Worker.run(ThreadPoolExecutor.java:624)&#10;        at java.lang.Thread.run(Thread.java:748)&#10;&quot;pool-36-thread-16&quot;  prio=5 tid=358 in Object.wait()&#10;java.lang.Thread.State: WAITING (on object monitor)&#10;        at sun.misc.Unsafe.park(Native Method)&#10;        at java.util.concurrent.locks.LockSupport.park(LockSupport.java:175)&#10;        at java.util.concurrent.locks.AbstractQueuedSynchronizer$ConditionObject.await(AbstractQueuedSynchronizer.java:2039)&#10;        at java.util.concurrent.ArrayBlockingQueue.take(ArrayBlockingQueue.java:403)&#10;        at java.util.concurrent.ThreadPoolExecutor.getTask(ThreadPoolExecutor.java:1074)&#10;        at java.util.concurrent.ThreadPoolExecutor.runWorker(ThreadPoolExecutor.java:1134)&#10;        at java.util.concurrent.ThreadPoolExecutor$Worker.run(ThreadPoolExecutor.java:624)&#10;        at java.lang.Thread.run(Thread.java:748)&#10;&quot;metrics-hadoop-metrics2-reporter-51-thread-1&quot; daemon prio=5 tid=886 timed_waiting&#10;java.lang.Thread.State: TIMED_WAITING&#10;        at sun.misc.Unsafe.park(Native Method)&#10;        at java.util.concurrent.locks.LockSupport.parkNanos(LockSupport.java:215)&#10;        at java.util.concurrent.locks.AbstractQueuedSynchronizer$ConditionObject.awaitNanos(AbstractQueuedSynchronizer.java:2078)&#10;        at java.util.concurrent.ScheduledThreadPoolExecutor$DelayedWorkQueue.take(ScheduledThreadPoolExecutor.java:1093)&#10;        at java.util.concurrent.ScheduledThreadPoolExecutor$DelayedWorkQueue.take(ScheduledThreadPoolExecutor.java:809)&#10;        at java.util.concurrent.ThreadPoolExecutor.getTask(ThreadPoolExecutor.java:1074)&#10;        at java.util.concurrent.ThreadPoolExecutor.runWorker(ThreadPoolExecutor.java:1134)&#10;        at java.util.concurrent.ThreadPoolExecutor$Worker.run(ThreadPoolExecutor.java:624)&#10;        at java.lang.Thread.run(Thread.java:748)&#10;&quot;pool-36-thread-50&quot;  prio=5 tid=451 in Object.wait()&#10;java.lang.Thread.State: WAITING (on object monitor)&#10;        at sun.misc.Unsafe.park(Native Method)&#10;        at java.util.concurrent.locks.LockSupport.park(LockSupport.java:175)&#10;        at java.util.concurrent.locks.AbstractQueuedSynchronizer$ConditionObject.await(AbstractQueuedSynchronizer.java:2039)&#10;        at java.util.concurrent.ArrayBlockingQueue.take(ArrayBlockingQueue.java:403)&#10;        at java.util.concurrent.ThreadPoolExecutor.getTask(ThreadPoolExecutor.java:1074)&#10;        at java.util.concurrent.ThreadPoolExecutor.runWorker(ThreadPoolExecutor.java:1134)&#10;        at java.util.concurrent.ThreadPoolExecutor$Worker.run(ThreadPoolExecutor.java:624)&#10;        at java.lang.Thread.run(Thread.java:748)&#10;&quot;pool-76-thread-29&quot;  prio=5 tid=614 in Object.wait()&#10;java.lang.Thread.State: WAITING (on object monitor)&#10;        at sun.misc.Unsafe.park(Native Method)&#10;        at java.util.concurrent.locks.LockSupport.park(LockSupport.java:175)&#10;        at java.util.concurrent.locks.AbstractQueuedSynchronizer$ConditionObject.await(AbstractQueuedSynchronizer.java:2039)&#10;        at java.util.concurrent.ArrayBlockingQueue.take(ArrayBlockingQueue.java:403)&#10;        at java.util.concurrent.ThreadPoolExecutor.getTask(ThreadPoolExecutor.java:1074)&#10;        at java.util.concurrent.ThreadPoolExecutor.runWorker(ThreadPoolExecutor.java:1134)&#10;        at java.util.concurrent.ThreadPoolExecutor$Worker.run(ThreadPoolExecutor.java:624)&#10;        at java.lang.Thread.run(Thread.java:748)&#10;&quot;pool-76-thread-44&quot;  prio=5 tid=630 in Object.wait()&#10;java.lang.Thread.State: WAITING (on object monitor)&#10;        at sun.misc.Unsafe.park(Native Method)&#10;        at java.util.concurrent.locks.LockSupport.park(LockSupport.java:175)&#10;        at java.util.concurrent.locks.AbstractQueuedSynchronizer$ConditionObject.await(AbstractQueuedSynchronizer.java:2039)&#10;        at java.util.concurrent.ArrayBlockingQueue.take(ArrayBlockingQueue.java:403)&#10;        at java.util.concurrent.ThreadPoolExecutor.getTask(ThreadPoolExecutor.java:1074)&#10;        at java.util.concurrent.ThreadPoolExecutor.runWorker(ThreadPoolExecutor.java:1134)&#10;        at java.util.concurrent.ThreadPoolExecutor$Worker.run(ThreadPoolExecutor.java:624)&#10;        at java.lang.Thread.run(Thread.java:748)&#10;&quot;metrics-hadoop-metrics2-reporter-12-thread-1&quot; daemon prio=5 tid=729 timed_waiting&#10;java.lang.Thread.State: TIMED_WAITING&#10;        at sun.misc.Unsafe.park(Native Method)&#10;        at java.util.concurrent.locks.LockSupport.parkNanos(LockSupport.java:215)&#10;        at java.util.concurrent.locks.AbstractQueuedSynchronizer$ConditionObject.awaitNanos(AbstractQueuedSynchronizer.java:2078)&#10;        at java.util.concurrent.ScheduledThreadPoolExecutor$DelayedWorkQueue.take(ScheduledThreadPoolExecutor.java:1093)&#10;        at java.util.concurrent.ScheduledThreadPoolExecutor$DelayedWorkQueue.take(ScheduledThreadPoolExecutor.java:809)&#10;        at java.util.concurrent.ThreadPoolExecutor.getTask(ThreadPoolExecutor.java:1074)&#10;        at java.util.concurrent.ThreadPoolExecutor.runWorker(ThreadPoolExecutor.java:1134)&#10;        at java.util.concurrent.ThreadPoolExecutor$Worker.run(ThreadPoolExecutor.java:624)&#10;        at java.lang.Thread.run(Thread.java:748)&#10;&quot;qtp30546661-192&quot; daemon prio=5 tid=192 timed_waiting&#10;java.lang.Thread.State: TIMED_WAITING&#10;        at sun.misc.Unsafe.park(Native Method)&#10;        at java.util.concurrent.locks.LockSupport.parkNanos(LockSupport.java:215)&#10;        at java.util.concurrent.locks.AbstractQueuedSynchronizer$ConditionObject.awaitNanos(AbstractQueuedSynchronizer.java:2078)&#10;        at org.eclipse.jetty.util.BlockingArrayQueue.poll(BlockingArrayQueue.java:392)&#10;        at org.eclipse.jetty.util.thread.QueuedThreadPool.idleJobPoll(QueuedThreadPool.java:563)&#10;        at org.eclipse.jetty.util.thread.QueuedThreadPool.access$800(QueuedThreadPool.java:48)&#10;        at org.eclipse.jetty.util.thread.QueuedThreadPool$2.run(QueuedThreadPool.java:626)&#10;        at java.lang.Thread.run(Thread.java:748)&#10;&quot;pool-46-thread-43&quot;  prio=5 tid=428 in Object.wait()&#10;java.lang.Thread.State: WAITING (on object monitor)&#10;        at sun.misc.Unsafe.park(Native Method)&#10;        at java.util.concurrent.locks.LockSupport.park(LockSupport.java:175)&#10;        at java.util.concurrent.locks.AbstractQueuedSynchronizer$ConditionObject.await(AbstractQueuedSynchronizer.java:2039)&#10;        at java.util.concurrent.ArrayBlockingQueue.take(ArrayBlockingQueue.java:403)&#10;        at java.util.concurrent.ThreadPoolExecutor.getTask(ThreadPoolExecutor.java:1074)&#10;        at java.util.concurrent.ThreadPoolExecutor.runWorker(ThreadPoolExecutor.java:1134)&#10;        at java.util.concurrent.ThreadPoolExecutor$Worker.run(ThreadPoolExecutor.java:624)&#10;        at java.lang.Thread.run(Thread.java:748)&#10;&quot;IPC Server idle connection scanner for port 42372&quot; daemon prio=5 tid=17 timed_waiting&#10;java.lang.Thread.State: TIMED_WAITING&#10;        at java.lang.Object.wait(Native Method)&#10;        at java.util.TimerThread.mainLoop(Timer.java:552)&#10;        at java.util.TimerThread.run(Timer.java:505)&#10;&quot;Datanode State Machine Thread - 0&quot; daemon prio=5 tid=171 timed_waiting&#10;java.lang.Thread.State: TIMED_WAITING&#10;        at java.lang.Thread.sleep(Native Method)&#10;        at org.apache.hadoop.ozone.container.common.statemachine.DatanodeStateMachine.start(DatanodeStateMachine.java:191)&#10;        at org.apache.hadoop.ozone.container.common.statemachine.DatanodeStateMachine.lambda$startDaemon$0(DatanodeStateMachine.java:349)&#10;        at org.apache.hadoop.ozone.container.common.statemachine.DatanodeStateMachine$$Lambda$140/2066701670.run(Unknown Source)&#10;        at java.lang.Thread.run(Thread.java:748)&#10;&quot;Datanode State Machine Thread - 0&quot; daemon prio=5 tid=306 timed_waiting&#10;java.lang.Thread.State: TIMED_WAITING&#10;        at java.lang.Thread.sleep(Native Method)&#10;        at org.apache.hadoop.ozone.container.common.statemachine.DatanodeStateMachine.start(DatanodeStateMachine.java:191)&#10;        at org.apache.hadoop.ozone.container.common.statemachine.DatanodeStateMachine.lambda$startDaemon$0(DatanodeStateMachine.java:349)&#10;        at org.apache.hadoop.ozone.container.common.statemachine.DatanodeStateMachine$$Lambda$140/2066701670.run(Unknown Source)&#10;        at java.lang.Thread.run(Thread.java:748)&#10;&quot;Periodic HDDS volume checker&quot;  prio=5 tid=261 timed_waiting&#10;java.lang.Thread.State: TIMED_WAITING&#10;        at sun.misc.Unsafe.park(Native Method)&#10;        at java.util.concurrent.locks.LockSupport.parkNanos(LockSupport.java:215)&#10;        at java.util.concurrent.locks.AbstractQueuedSynchronizer$ConditionObject.awaitNanos(AbstractQueuedSynchronizer.java:2078)&#10;        at java.util.concurrent.ScheduledThreadPoolExecutor$DelayedWorkQueue.take(ScheduledThreadPoolExecutor.java:1093)&#10;        at java.util.concurrent.ScheduledThreadPoolExecutor$DelayedWorkQueue.take(ScheduledThreadPoolExecutor.java:809)&#10;        at java.util.concurrent.ThreadPoolExecutor.getTask(ThreadPoolExecutor.java:1074)&#10;        at java.util.concurrent.ThreadPoolExecutor.runWorker(ThreadPoolExecutor.java:1134)&#10;        at java.util.concurrent.ThreadPoolExecutor$Worker.run(ThreadPoolExecutor.java:624)&#10;        at java.lang.Thread.run(Thread.java:748)&#10;&quot;org.eclipse.jetty.server.session.HashSessionManager@9dd655dTimer&quot; daemon prio=5 tid=249 timed_waiting&#10;java.lang.Thread.State: TIMED_WAITING&#10;        at sun.misc.Unsafe.park(Native Method)&#10;        at java.util.concurrent.locks.LockSupport.parkNanos(LockSupport.java:215)&#10;        at java.util.concurrent.locks.AbstractQueuedSynchronizer$ConditionObject.awaitNanos(AbstractQueuedSynchronizer.java:2078)&#10;        at java.util.concurrent.ScheduledThreadPoolExecutor$DelayedWorkQueue.take(ScheduledThreadPoolExecutor.java:1093)&#10;        at java.util.concurrent.ScheduledThreadPoolExecutor$DelayedWorkQueue.take(ScheduledThreadPoolExecutor.java:809)&#10;        at java.util.concurrent.ThreadPoolExecutor.getTask(ThreadPoolExecutor.java:1074)&#10;        at java.util.concurrent.ThreadPoolExecutor.runWorker(ThreadPoolExecutor.java:1134)&#10;        at java.util.concurrent.ThreadPoolExecutor$Worker.run(ThreadPoolExecutor.java:624)&#10;        at java.lang.Thread.run(Thread.java:748)&#10;&quot;metrics-hadoop-metrics2-reporter-46-thread-1&quot; daemon prio=5 tid=853 timed_waiting&#10;java.lang.Thread.State: TIMED_WAITING&#10;        at sun.misc.Unsafe.park(Native Method)&#10;        at java.util.concurrent.locks.LockSupport.parkNanos(LockSupport.java:215)&#10;        at java.util.concurrent.locks.AbstractQueuedSynchronizer$ConditionObject.awaitNanos(AbstractQueuedSynchronizer.java:2078)&#10;        at java.util.concurrent.ScheduledThreadPoolExecutor$DelayedWorkQueue.take(ScheduledThreadPoolExecutor.java:1093)&#10;        at java.util.concurrent.ScheduledThreadPoolExecutor$DelayedWorkQueue.take(ScheduledThreadPoolExecutor.java:809)&#10;        at java.util.concurrent.ThreadPoolExecutor.getTask(ThreadPoolExecutor.java:1074)&#10;        at java.util.concurrent.ThreadPoolExecutor.runWorker(ThreadPoolExecutor.java:1134)&#10;        at java.util.concurrent.ThreadPoolExecutor$Worker.run(ThreadPoolExecutor.java:624)&#10;        at java.lang.Thread.run(Thread.java:748)&#10;&quot;pool-66-thread-46&quot;  prio=5 tid=661 in Object.wait()&#10;java.lang.Thread.State: WAITING (on object monitor)&#10;        at sun.misc.Unsafe.park(Native Method)&#10;        at java.util.concurrent.locks.LockSupport.park(LockSupport.java:175)&#10;        at java.util.concurrent.locks.AbstractQueuedSynchronizer$ConditionObject.await(AbstractQueuedSynchronizer.java:2039)&#10;        at java.util.concurrent.ArrayBlockingQueue.take(ArrayBlockingQueue.java:403)&#10;        at java.util.concurrent.ThreadPoolExecutor.getTask(ThreadPoolExecutor.java:1074)&#10;        at java.util.concurrent.ThreadPoolExecutor.runWorker(ThreadPoolExecutor.java:1134)&#10;        at java.util.concurrent.ThreadPoolExecutor$Worker.run(ThreadPoolExecutor.java:624)&#10;        at java.lang.Thread.run(Thread.java:748)&#10;&quot;pool-26-thread-49&quot;  prio=5 tid=493 in Object.wait()&#10;java.lang.Thread.State: WAITING (on object monitor)&#10;        at sun.misc.Unsafe.park(Native Method)&#10;        at java.util.concurrent.locks.LockSupport.park(LockSupport.java:175)&#10;        at java.util.concurrent.locks.AbstractQueuedSynchronizer$ConditionObject.await(AbstractQueuedSynchronizer.java:2039)&#10;        at java.util.concurrent.ArrayBlockingQueue.take(ArrayBlockingQueue.java:403)&#10;        at java.util.concurrent.ThreadPoolExecutor.getTask(ThreadPoolExecutor.java:1074)&#10;        at java.util.concurrent.ThreadPoolExecutor.runWorker(ThreadPoolExecutor.java:1134)&#10;        at java.util.concurrent.ThreadPoolExecutor$Worker.run(ThreadPoolExecutor.java:624)&#10;        at java.lang.Thread.run(Thread.java:748)&#10;&quot;Datanode State Machine Thread - 0&quot; daemon prio=5 tid=181 timed_waiting&#10;java.lang.Thread.State: TIMED_WAITING&#10;        at sun.misc.Unsafe.park(Native Method)&#10;        at java.util.concurrent.locks.LockSupport.parkNanos(LockSupport.java:215)&#10;        at java.util.concurrent.SynchronousQueue$TransferStack.awaitFulfill(SynchronousQueue.java:460)&#10;        at java.util.concurrent.SynchronousQueue$TransferStack.transfer(SynchronousQueue.java:362)&#10;        at java.util.concurrent.SynchronousQueue.poll(SynchronousQueue.java:941)&#10;        at java.util.concurrent.ThreadPoolExecutor.getTask(ThreadPoolExecutor.java:1073)&#10;        at java.util.concurrent.ThreadPoolExecutor.runWorker(ThreadPoolExecutor.java:1134)&#10;        at java.util.concurrent.ThreadPoolExecutor$Worker.run(ThreadPoolExecutor.java:624)&#10;        at java.lang.Thread.run(Thread.java:748)&#10;&quot;org.eclipse.jetty.server.session.HashSessionManager@18011b8eTimer&quot; daemon prio=5 tid=304 timed_waiting&#10;java.lang.Thread.State: TIMED_WAITING&#10;        at sun.misc.Unsafe.park(Native Method)&#10;        at java.util.concurrent.locks.LockSupport.parkNanos(LockSupport.java:215)&#10;        at java.util.concurrent.locks.AbstractQueuedSynchronizer$ConditionObject.awaitNanos(AbstractQueuedSynchronizer.java:2078)&#10;        at java.util.concurrent.ScheduledThreadPoolExecutor$DelayedWorkQueue.take(ScheduledThreadPoolExecutor.java:1093)&#10;        at java.util.concurrent.ScheduledThreadPoolExecutor$DelayedWorkQueue.take(ScheduledThreadPoolExecutor.java:809)&#10;        at java.util.concurrent.ThreadPoolExecutor.getTask(ThreadPoolExecutor.java:1074)&#10;        at java.util.concurrent.ThreadPoolExecutor.runWorker(ThreadPoolExecutor.java:1134)&#10;        at java.util.concurrent.ThreadPoolExecutor$Worker.run(ThreadPoolExecutor.java:624)&#10;        at java.lang.Thread.run(Thread.java:748)&#10;&quot;IPC Server handler 4 on 33223&quot; daemon prio=5 tid=54 timed_waiting&#10;java.lang.Thread.State: TIMED_WAITING&#10;        at sun.misc.Unsafe.park(Native Method)&#10;        at java.util.concurrent.locks.LockSupport.parkNanos(LockSupport.java:215)&#10;        at java.util.concurrent.locks.AbstractQueuedSynchronizer$ConditionObject.awaitNanos(AbstractQueuedSynchronizer.java:2078)&#10;        at java.util.concurrent.LinkedBlockingQueue.poll(LinkedBlockingQueue.java:467)&#10;        at org.apache.hadoop.ipc.CallQueueManager.take(CallQueueManager.java:288)&#10;        at org.apache.hadoop.ipc.Server$Handler.run(Server.java:2668)&#10;&quot;pool-76-thread-42&quot;  prio=5 tid=628 in Object.wait()&#10;java.lang.Thread.State: WAITING (on object monitor)&#10;        at sun.misc.Unsafe.park(Native Method)&#10;        at java.util.concurrent.locks.LockSupport.park(LockSupport.java:175)&#10;        at java.util.concurrent.locks.AbstractQueuedSynchronizer$ConditionObject.await(AbstractQueuedSynchronizer.java:2039)&#10;        at java.util.concurrent.ArrayBlockingQueue.take(ArrayBlockingQueue.java:403)&#10;        at java.util.concurrent.ThreadPoolExecutor.getTask(ThreadPoolExecutor.java:1074)&#10;        at java.util.concurrent.ThreadPoolExecutor.runWorker(ThreadPoolExecutor.java:1134)&#10;        at java.util.concurrent.ThreadPoolExecutor$Worker.run(ThreadPoolExecutor.java:624)&#10;        at java.lang.Thread.run(Thread.java:748)&#10;&quot;pool-77-thread-1&quot;  prio=5 tid=748 in Object.wait()&#10;java.lang.Thread.State: WAITING (on object monitor)&#10;        at sun.misc.Unsafe.park(Native Method)&#10;        at java.util.concurrent.locks.LockSupport.park(LockSupport.java:175)&#10;        at java.util.concurrent.locks.AbstractQueuedSynchronizer$ConditionObject.await(AbstractQueuedSynchronizer.java:2039)&#10;        at java.util.concurrent.LinkedBlockingQueue.take(LinkedBlockingQueue.java:442)&#10;        at java.util.concurrent.ThreadPoolExecutor.getTask(ThreadPoolExecutor.java:1074)&#10;        at java.util.concurrent.ThreadPoolExecutor.runWorker(ThreadPoolExecutor.java:1134)&#10;        at java.util.concurrent.ThreadPoolExecutor$Worker.run(ThreadPoolExecutor.java:624)&#10;        at java.lang.Thread.run(Thread.java:748)&#10;&quot;pool-66-thread-12&quot;  prio=5 tid=569 in Object.wait()&#10;java.lang.Thread.State: WAITING (on object monitor)&#10;        at sun.misc.Unsafe.park(Native Method)&#10;        at java.util.concurrent.locks.LockSupport.park(LockSupport.java:175)&#10;        at java.util.concurrent.locks.AbstractQueuedSynchronizer$ConditionObject.await(AbstractQueuedSynchronizer.java:2039)&#10;        at java.util.concurrent.ArrayBlockingQueue.take(ArrayBlockingQueue.java:403)&#10;        at java.util.concurrent.ThreadPoolExecutor.getTask(ThreadPoolExecutor.java:1074)&#10;        at java.util.concurrent.ThreadPoolExecutor.runWorker(ThreadPoolExecutor.java:1134)&#10;        at java.util.concurrent.ThreadPoolExecutor$Worker.run(ThreadPoolExecutor.java:624)&#10;        at java.lang.Thread.run(Thread.java:748)&#10;&quot;pool-36-thread-59&quot;  prio=5 tid=479 in Object.wait()&#10;java.lang.Thread.State: WAITING (on object monitor)&#10;        at sun.misc.Unsafe.park(Native Method)&#10;        at java.util.concurrent.locks.LockSupport.park(LockSupport.java:175)&#10;        at java.util.concurrent.locks.AbstractQueuedSynchronizer$ConditionObject.await(AbstractQueuedSynchronizer.java:2039)&#10;        at java.util.concurrent.ArrayBlockingQueue.take(ArrayBlockingQueue.java:403)&#10;        at java.util.concurrent.ThreadPoolExecutor.getTask(ThreadPoolExecutor.java:1074)&#10;        at java.util.concurrent.ThreadPoolExecutor.runWorker(ThreadPoolExecutor.java:1134)&#10;        at java.util.concurrent.ThreadPoolExecutor$Worker.run(ThreadPoolExecutor.java:624)&#10;        at java.lang.Thread.run(Thread.java:748)&#10;&quot;pool-26-thread-55&quot;  prio=5 tid=504 in Object.wait()&#10;java.lang.Thread.State: WAITING (on object monitor)&#10;        at sun.misc.Unsafe.park(Native Method)&#10;        at java.util.concurrent.locks.LockSupport.park(LockSupport.java:175)&#10;        at java.util.concurrent.locks.AbstractQueuedSynchronizer$ConditionObject.await(AbstractQueuedSynchronizer.java:2039)&#10;        at java.util.concurrent.ArrayBlockingQueue.take(ArrayBlockingQueue.java:403)&#10;        at java.util.concurrent.ThreadPoolExecutor.getTask(ThreadPoolExecutor.java:1074)&#10;        at java.util.concurrent.ThreadPoolExecutor.runWorker(ThreadPoolExecutor.java:1134)&#10;        at java.util.concurrent.ThreadPoolExecutor$Worker.run(ThreadPoolExecutor.java:624)&#10;        at java.lang.Thread.run(Thread.java:748)&#10;&quot;BlockDeletingService#0&quot; daemon prio=5 tid=679 timed_waiting&#10;java.lang.Thread.State: TIMED_WAITING&#10;        at sun.misc.Unsafe.park(Native Method)&#10;        at java.util.concurrent.locks.LockSupport.parkNanos(LockSupport.java:215)&#10;        at java.util.concurrent.locks.AbstractQueuedSynchronizer$ConditionObject.awaitNanos(AbstractQueuedSynchronizer.java:2078)&#10;        at java.util.concurrent.ScheduledThreadPoolExecutor$DelayedWorkQueue.take(ScheduledThreadPoolExecutor.java:1093)&#10;        at java.util.concurrent.ScheduledThreadPoolExecutor$DelayedWorkQueue.take(ScheduledThreadPoolExecutor.java:809)&#10;        at java.util.concurrent.ThreadPoolExecutor.getTask(ThreadPoolExecutor.java:1074)&#10;        at java.util.concurrent.ThreadPoolExecutor.runWorker(ThreadPoolExecutor.java:1134)&#10;        at java.util.concurrent.ThreadPoolExecutor$Worker.run(ThreadPoolExecutor.java:624)&#10;        at java.lang.Thread.run(Thread.java:748)&#10;&quot;metrics-hadoop-metrics2-reporter-68-thread-1&quot; daemon prio=5 tid=987 timed_waiting&#10;java.lang.Thread.State: TIMED_WAITING&#10;        at sun.misc.Unsafe.park(Native Method)&#10;        at java.util.concurrent.locks.LockSupport.parkNanos(LockSupport.java:215)&#10;        at java.util.concurrent.locks.AbstractQueuedSynchronizer$ConditionObject.awaitNanos(AbstractQueuedSynchronizer.java:2078)&#10;        at java.util.concurrent.ScheduledThreadPoolExecutor$DelayedWorkQueue.take(ScheduledThreadPoolExecutor.java:1093)&#10;        at java.util.concurrent.ScheduledThreadPoolExecutor$DelayedWorkQueue.take(ScheduledThreadPoolExecutor.java:809)&#10;        at java.util.concurrent.ThreadPoolExecutor.getTask(ThreadPoolExecutor.java:1074)&#10;        at java.util.concurrent.ThreadPoolExecutor.runWorker(ThreadPoolExecutor.java:1134)&#10;        at java.util.concurrent.ThreadPoolExecutor$Worker.run(ThreadPoolExecutor.java:624)&#10;        at java.lang.Thread.run(Thread.java:748)&#10;&quot;pool-74-thread-1&quot; daemon prio=5 tid=292 timed_waiting&#10;java.lang.Thread.State: TIMED_WAITING&#10;        at sun.misc.Unsafe.park(Native Method)&#10;        at java.util.concurrent.locks.LockSupport.parkNanos(LockSupport.java:215)&#10;        at java.util.concurrent.locks.AbstractQueuedSynchronizer$ConditionObject.awaitNanos(AbstractQueuedSynchronizer.java:2078)&#10;        at java.util.concurrent.ScheduledThreadPoolExecutor$DelayedWorkQueue.take(ScheduledThreadPoolExecutor.java:1093)&#10;        at java.util.concurrent.ScheduledThreadPoolExecutor$DelayedWorkQueue.take(ScheduledThreadPoolExecutor.java:809)&#10;        at java.util.concurrent.ThreadPoolExecutor.getTask(ThreadPoolExecutor.java:1074)&#10;        at java.util.concurrent.ThreadPoolExecutor.runWorker(ThreadPoolExecutor.java:1134)&#10;        at java.util.concurrent.ThreadPoolExecutor$Worker.run(ThreadPoolExecutor.java:624)&#10;        at java.lang.Thread.run(Thread.java:748)&#10;&quot;IPC Server handler 10 on 42810&quot; daemon prio=5 tid=125 timed_waiting&#10;java.lang.Thread.State: TIMED_WAITING&#10;        at sun.misc.Unsafe.park(Native Method)&#10;        at java.util.concurrent.locks.LockSupport.parkNanos(LockSupport.java:215)&#10;        at java.util.concurrent.locks.AbstractQueuedSynchronizer$ConditionObject.awaitNanos(AbstractQueuedSynchronizer.java:2078)&#10;        at java.util.concurrent.LinkedBlockingQueue.poll(LinkedBlockingQueue.java:467)&#10;        at org.apache.hadoop.ipc.CallQueueManager.take(CallQueueManager.java:288)&#10;        at org.apache.hadoop.ipc.Server$Handler.run(Server.java:2668)&#10;&quot;Thread-229&quot; daemon prio=5 tid=713 timed_waiting&#10;java.lang.Thread.State: TIMED_WAITING&#10;        at sun.misc.Unsafe.park(Native Method)&#10;        at java.util.concurrent.locks.LockSupport.parkNanos(LockSupport.java:215)&#10;        at java.util.concurrent.locks.AbstractQueuedSynchronizer$ConditionObject.awaitNanos(AbstractQueuedSynchronizer.java:2078)&#10;        at java.util.concurrent.ArrayBlockingQueue.poll(ArrayBlockingQueue.java:418)&#10;        at org.apache.ratis.server.impl.LeaderState$EventQueue.poll(LeaderState.java:115)&#10;        at org.apache.ratis.server.impl.LeaderState$EventProcessor.run(LeaderState.java:467)&#10;&quot;metrics-hadoop-metrics2-reporter-63-thread-1&quot; daemon prio=5 tid=953 timed_waiting&#10;java.lang.Thread.State: TIMED_WAITING&#10;        at sun.misc.Unsafe.park(Native Method)&#10;        at java.util.concurrent.locks.LockSupport.parkNanos(LockSupport.java:215)&#10;        at java.util.concurrent.locks.AbstractQueuedSynchronizer$ConditionObject.awaitNanos(AbstractQueuedSynchronizer.java:2078)&#10;        at java.util.concurrent.ScheduledThreadPoolExecutor$DelayedWorkQueue.take(ScheduledThreadPoolExecutor.java:1093)&#10;        at java.util.concurrent.ScheduledThreadPoolExecutor$DelayedWorkQueue.take(ScheduledThreadPoolExecutor.java:809)&#10;        at java.util.concurrent.ThreadPoolExecutor.getTask(ThreadPoolExecutor.java:1074)&#10;        at java.util.concurrent.ThreadPoolExecutor.runWorker(ThreadPoolExecutor.java:1134)&#10;        at java.util.concurrent.ThreadPoolExecutor$Worker.run(ThreadPoolExecutor.java:624)&#10;        at java.lang.Thread.run(Thread.java:748)&#10;&quot;qtp1174596735-141&quot; daemon prio=5 tid=141 timed_waiting&#10;java.lang.Thread.State: TIMED_WAITING&#10;        at sun.misc.Unsafe.park(Native Method)&#10;        at java.util.concurrent.locks.LockSupport.parkNanos(LockSupport.java:215)&#10;        at java.util.concurrent.locks.AbstractQueuedSynchronizer$ConditionObject.awaitNanos(AbstractQueuedSynchronizer.java:2078)&#10;        at org.eclipse.jetty.util.BlockingArrayQueue.poll(BlockingArrayQueue.java:392)&#10;        at org.eclipse.jetty.util.thread.QueuedThreadPool.idleJobPoll(QueuedThreadPool.java:563)&#10;        at org.eclipse.jetty.util.thread.QueuedThreadPool.access$800(QueuedThreadPool.java:48)&#10;        at org.eclipse.jetty.util.thread.QueuedThreadPool$2.run(QueuedThreadPool.java:626)&#10;        at java.lang.Thread.run(Thread.java:748)&#10;&quot;pool-26-thread-22&quot;  prio=5 tid=387 in Object.wait()&#10;java.lang.Thread.State: WAITING (on object monitor)&#10;        at sun.misc.Unsafe.park(Native Method)&#10;        at java.util.concurrent.locks.LockSupport.park(LockSupport.java:175)&#10;        at java.util.concurrent.locks.AbstractQueuedSynchronizer$ConditionObject.await(AbstractQueuedSynchronizer.java:2039)&#10;        at java.util.concurrent.ArrayBlockingQueue.take(ArrayBlockingQueue.java:403)&#10;        at java.util.concurrent.ThreadPoolExecutor.getTask(ThreadPoolExecutor.java:1074)&#10;        at java.util.concurrent.ThreadPoolExecutor.runWorker(ThreadPoolExecutor.java:1134)&#10;        at java.util.concurrent.ThreadPoolExecutor$Worker.run(ThreadPoolExecutor.java:624)&#10;        at java.lang.Thread.run(Thread.java:748)&#10;&quot;pool-36-thread-46&quot;  prio=5 tid=445 in Object.wait()&#10;java.lang.Thread.State: WAITING (on object monitor)&#10;        at sun.misc.Unsafe.park(Native Method)&#10;        at java.util.concurrent.locks.LockSupport.park(LockSupport.java:175)&#10;        at java.util.concurrent.locks.AbstractQueuedSynchronizer$ConditionObject.await(AbstractQueuedSynchronizer.java:2039)&#10;        at java.util.concurrent.ArrayBlockingQueue.take(ArrayBlockingQueue.java:403)&#10;        at java.util.concurrent.ThreadPoolExecutor.getTask(ThreadPoolExecutor.java:1074)&#10;        at java.util.concurrent.ThreadPoolExecutor.runWorker(ThreadPoolExecutor.java:1134)&#10;        at java.util.concurrent.ThreadPoolExecutor$Worker.run(ThreadPoolExecutor.java:624)&#10;        at java.lang.Thread.run(Thread.java:748)&#10;&quot;pool-46-thread-2&quot;  prio=5 tid=316 in Object.wait()&#10;java.lang.Thread.State: WAITING (on object monitor)&#10;        at sun.misc.Unsafe.park(Native Method)&#10;        at java.util.concurrent.locks.LockSupport.park(LockSupport.java:175)&#10;        at java.util.concurrent.locks.AbstractQueuedSynchronizer$ConditionObject.await(AbstractQueuedSynchronizer.java:2039)&#10;        at java.util.concurrent.ArrayBlockingQueue.take(ArrayBlockingQueue.java:403)&#10;        at java.util.concurrent.ThreadPoolExecutor.getTask(ThreadPoolExecutor.java:1074)&#10;        at java.util.concurrent.ThreadPoolExecutor.runWorker(ThreadPoolExecutor.java:1134)&#10;        at java.util.concurrent.ThreadPoolExecutor$Worker.run(ThreadPoolExecutor.java:624)&#10;        at java.lang.Thread.run(Thread.java:748)&#10;&quot;IPC Server handler 5 on 45420&quot; daemon prio=5 tid=35 timed_waiting&#10;java.lang.Thread.State: TIMED_WAITING&#10;        at sun.misc.Unsafe.park(Native Method)&#10;        at java.util.concurrent.locks.LockSupport.parkNanos(LockSupport.java:215)&#10;        at java.util.concurrent.locks.AbstractQueuedSynchronizer$ConditionObject.awaitNanos(AbstractQueuedSynchronizer.java:2078)&#10;        at java.util.concurrent.LinkedBlockingQueue.poll(LinkedBlockingQueue.java:467)&#10;        at org.apache.hadoop.ipc.CallQueueManager.take(CallQueueManager.java:288)&#10;        at org.apache.hadoop.ipc.Server$Handler.run(Server.java:2668)&#10;&quot;metrics-hadoop-metrics2-reporter-32-thread-1&quot; daemon prio=5 tid=785 timed_waiting&#10;java.lang.Thread.State: TIMED_WAITING&#10;        at sun.misc.Unsafe.park(Native Method)&#10;        at java.util.concurrent.locks.LockSupport.parkNanos(LockSupport.java:215)&#10;        at java.util.concurrent.locks.AbstractQueuedSynchronizer$ConditionObject.awaitNanos(AbstractQueuedSynchronizer.java:2078)&#10;        at java.util.concurrent.ScheduledThreadPoolExecutor$DelayedWorkQueue.take(ScheduledThreadPoolExecutor.java:1093)&#10;        at java.util.concurrent.ScheduledThreadPoolExecutor$DelayedWorkQueue.take(ScheduledThreadPoolExecutor.java:809)&#10;        at java.util.concurrent.ThreadPoolExecutor.getTask(ThreadPoolExecutor.java:1074)&#10;        at java.util.concurrent.ThreadPoolExecutor.runWorker(ThreadPoolExecutor.java:1134)&#10;        at java.util.concurrent.ThreadPoolExecutor$Worker.run(ThreadPoolExecutor.java:624)&#10;        at java.lang.Thread.run(Thread.java:748)&#10;&quot;Datanode State Machine Thread - 0&quot; daemon prio=5 tid=232 timed_waiting&#10;java.lang.Thread.State: TIMED_WAITING&#10;        at sun.misc.Unsafe.park(Native Method)&#10;        at java.util.concurrent.locks.LockSupport.parkNanos(LockSupport.java:215)&#10;        at java.util.concurrent.SynchronousQueue$TransferStack.awaitFulfill(SynchronousQueue.java:460)&#10;        at java.util.concurrent.SynchronousQueue$TransferStack.transfer(SynchronousQueue.java:362)&#10;        at java.util.concurrent.SynchronousQueue.poll(SynchronousQueue.java:941)&#10;        at java.util.concurrent.ThreadPoolExecutor.getTask(ThreadPoolExecutor.java:1073)&#10;        at java.util.concurrent.ThreadPoolExecutor.runWorker(ThreadPoolExecutor.java:1134)&#10;        at java.util.concurrent.ThreadPoolExecutor$Worker.run(ThreadPoolExecutor.java:624)&#10;        at java.lang.Thread.run(Thread.java:748)&#10;&quot;qtp1732973321-90-acceptor-0@27c5c538-ServerConnector@2669f601{HTTP/1.1,[http/1.1]}{0.0.0.0:38048}&quot; daemon prio=3 tid=90 runnable&#10;java.lang.Thread.State: RUNNABLE&#10;        at sun.nio.ch.ServerSocketChannelImpl.accept0(Native Method)&#10;        at sun.nio.ch.ServerSocketChannelImpl.accept(ServerSocketChannelImpl.java:422)&#10;        at sun.nio.ch.ServerSocketChannelImpl.accept(ServerSocketChannelImpl.java:250)&#10;        at org.eclipse.jetty.server.ServerConnector.accept(ServerConnector.java:397)&#10;        at org.eclipse.jetty.server.AbstractConnector$Acceptor.run(AbstractConnector.java:601)&#10;        at org.eclipse.jetty.util.thread.QueuedThreadPool.runJob(QueuedThreadPool.java:671)&#10;        at org.eclipse.jetty.util.thread.QueuedThreadPool$2.run(QueuedThreadPool.java:589)&#10;        at java.lang.Thread.run(Thread.java:748)&#10;&quot;pool-46-thread-38&quot;  prio=5 tid=413 in Object.wait()&#10;java.lang.Thread.State: WAITING (on object monitor)&#10;        at sun.misc.Unsafe.park(Native Method)&#10;        at java.util.concurrent.locks.LockSupport.park(LockSupport.java:175)&#10;        at java.util.concurrent.locks.AbstractQueuedSynchronizer$ConditionObject.await(AbstractQueuedSynchronizer.java:2039)&#10;        at java.util.concurrent.ArrayBlockingQueue.take(ArrayBlockingQueue.java:403)&#10;        at java.util.concurrent.ThreadPoolExecutor.getTask(ThreadPoolExecutor.java:1074)&#10;        at java.util.concurrent.ThreadPoolExecutor.runWorker(ThreadPoolExecutor.java:1134)&#10;        at java.util.concurrent.ThreadPoolExecutor$Worker.run(ThreadPoolExecutor.java:624)&#10;        at java.lang.Thread.run(Thread.java:748)&#10;&quot;pool-76-thread-54&quot;  prio=5 tid=648 in Object.wait()&#10;java.lang.Thread.State: WAITING (on object monitor)&#10;        at sun.misc.Unsafe.park(Native Method)&#10;        at java.util.concurrent.locks.LockSupport.park(LockSupport.java:175)&#10;        at java.util.concurrent.locks.AbstractQueuedSynchronizer$ConditionObject.await(AbstractQueuedSynchronizer.java:2039)&#10;        at java.util.concurrent.ArrayBlockingQueue.take(ArrayBlockingQueue.java:403)&#10;        at java.util.concurrent.ThreadPoolExecutor.getTask(ThreadPoolExecutor.java:1074)&#10;        at java.util.concurrent.ThreadPoolExecutor.runWorker(ThreadPoolExecutor.java:1134)&#10;        at java.util.concurrent.ThreadPoolExecutor$Worker.run(ThreadPoolExecutor.java:624)&#10;        at java.lang.Thread.run(Thread.java:748)&#10;&quot;pool-56-thread-57&quot;  prio=5 tid=551 in Object.wait()&#10;java.lang.Thread.State: WAITING (on object monitor)&#10;        at sun.misc.Unsafe.park(Native Method)&#10;        at java.util.concurrent.locks.LockSupport.park(LockSupport.java:175)&#10;        at java.util.concurrent.locks.AbstractQueuedSynchronizer$ConditionObject.await(AbstractQueuedSynchronizer.java:2039)&#10;        at java.util.concurrent.ArrayBlockingQueue.take(ArrayBlockingQueue.java:403)&#10;        at java.util.concurrent.ThreadPoolExecutor.getTask(ThreadPoolExecutor.java:1074)&#10;        at java.util.concurrent.ThreadPoolExecutor.runWorker(ThreadPoolExecutor.java:1134)&#10;        at java.util.concurrent.ThreadPoolExecutor$Worker.run(ThreadPoolExecutor.java:624)&#10;        at java.lang.Thread.run(Thread.java:748)&#10;&quot;pool-66-thread-60&quot;  prio=5 tid=675 in Object.wait()&#10;java.lang.Thread.State: WAITING (on object monitor)&#10;        at sun.misc.Unsafe.park(Native Method)&#10;        at java.util.concurrent.locks.LockSupport.park(LockSupport.java:175)&#10;        at java.util.concurrent.locks.AbstractQueuedSynchronizer$ConditionObject.await(AbstractQueuedSynchronizer.java:2039)&#10;        at java.util.concurrent.ArrayBlockingQueue.take(ArrayBlockingQueue.java:403)&#10;        at java.util.concurrent.ThreadPoolExecutor.getTask(ThreadPoolExecutor.java:1074)&#10;        at java.util.concurrent.ThreadPoolExecutor.runWorker(ThreadPoolExecutor.java:1134)&#10;        at java.util.concurrent.ThreadPoolExecutor$Worker.run(ThreadPoolExecutor.java:624)&#10;        at java.lang.Thread.run(Thread.java:748)&#10;&quot;pool-36-thread-52&quot;  prio=5 tid=453 in Object.wait()&#10;java.lang.Thread.State: WAITING (on object monitor)&#10;        at sun.misc.Unsafe.park(Native Method)&#10;        at java.util.concurrent.locks.LockSupport.park(LockSupport.java:175)&#10;        at java.util.concurrent.locks.AbstractQueuedSynchronizer$ConditionObject.await(AbstractQueuedSynchronizer.java:2039)&#10;        at java.util.concurrent.ArrayBlockingQueue.take(ArrayBlockingQueue.java:403)&#10;        at java.util.concurrent.ThreadPoolExecutor.getTask(ThreadPoolExecutor.java:1074)&#10;        at java.util.concurrent.ThreadPoolExecutor.runWorker(ThreadPoolExecutor.java:1134)&#10;        at java.util.concurrent.ThreadPoolExecutor$Worker.run(ThreadPoolExecutor.java:624)&#10;        at java.lang.Thread.run(Thread.java:748)&#10;&quot;BlockDeletingService#0&quot; daemon prio=5 tid=680 timed_waiting&#10;java.lang.Thread.State: TIMED_WAITING&#10;        at sun.misc.Unsafe.park(Native Method)&#10;        at java.util.concurrent.locks.LockSupport.parkNanos(LockSupport.java:215)&#10;        at java.util.concurrent.locks.AbstractQueuedSynchronizer$ConditionObject.awaitNanos(AbstractQueuedSynchronizer.java:2078)&#10;        at java.util.concurrent.ScheduledThreadPoolExecutor$DelayedWorkQueue.take(ScheduledThreadPoolExecutor.java:1093)&#10;        at java.util.concurrent.ScheduledThreadPoolExecutor$DelayedWorkQueue.take(ScheduledThreadPoolExecutor.java:809)&#10;        at java.util.concurrent.ThreadPoolExecutor.getTask(ThreadPoolExecutor.java:1074)&#10;        at java.util.concurrent.ThreadPoolExecutor.runWorker(ThreadPoolExecutor.java:1134)&#10;        at java.util.concurrent.ThreadPoolExecutor$Worker.run(ThreadPoolExecutor.java:624)&#10;        at java.lang.Thread.run(Thread.java:748)&#10;&quot;org.eclipse.jetty.server.session.HashSessionManager@62695c36Timer&quot; daemon prio=5 tid=277 timed_waiting&#10;java.lang.Thread.State: TIMED_WAITING&#10;        at sun.misc.Unsafe.park(Native Method)&#10;        at java.util.concurrent.locks.LockSupport.parkNanos(LockSupport.java:215)&#10;        at java.util.concurrent.locks.AbstractQueuedSynchronizer$ConditionObject.awaitNanos(AbstractQueuedSynchronizer.java:2078)&#10;        at java.util.concurrent.ScheduledThreadPoolExecutor$DelayedWorkQueue.take(ScheduledThreadPoolExecutor.java:1093)&#10;        at java.util.concurrent.ScheduledThreadPoolExecutor$DelayedWorkQueue.take(ScheduledThreadPoolExecutor.java:809)&#10;        at java.util.concurrent.ThreadPoolExecutor.getTask(ThreadPoolExecutor.java:1074)&#10;        at java.util.concurrent.ThreadPoolExecutor.runWorker(ThreadPoolExecutor.java:1134)&#10;        at java.util.concurrent.ThreadPoolExecutor$Worker.run(ThreadPoolExecutor.java:624)&#10;        at java.lang.Thread.run(Thread.java:748)&#10;&quot;pool-66-thread-5&quot;  prio=5 tid=560 in Object.wait()&#10;java.lang.Thread.State: WAITING (on object monitor)&#10;        at sun.misc.Unsafe.park(Native Method)&#10;        at java.util.concurrent.locks.LockSupport.park(LockSupport.java:175)&#10;        at java.util.concurrent.locks.AbstractQueuedSynchronizer$ConditionObject.await(AbstractQueuedSynchronizer.java:2039)&#10;        at java.util.concurrent.ArrayBlockingQueue.take(ArrayBlockingQueue.java:403)&#10;        at java.util.concurrent.ThreadPoolExecutor.getTask(ThreadPoolExecutor.java:1074)&#10;        at java.util.concurrent.ThreadPoolExecutor.runWorker(ThreadPoolExecutor.java:1134)&#10;        at java.util.concurrent.ThreadPoolExecutor$Worker.run(ThreadPoolExecutor.java:624)&#10;        at java.lang.Thread.run(Thread.java:748)&#10;&quot;EventQueue-NodeRegistrationContainerReportForDataNodeSafeModeRule&quot; daemon prio=5 tid=692 in Object.wait()&#10;java.lang.Thread.State: WAITING (on object monitor)&#10;        at sun.misc.Unsafe.park(Native Method)&#10;        at java.util.concurrent.locks.LockSupport.park(LockSupport.java:175)&#10;        at java.util.concurrent.locks.AbstractQueuedSynchronizer$ConditionObject.await(AbstractQueuedSynchronizer.java:2039)&#10;        at java.util.concurrent.LinkedBlockingQueue.take(LinkedBlockingQueue.java:442)&#10;        at java.util.concurrent.ThreadPoolExecutor.getTask(ThreadPoolExecutor.java:1074)&#10;        at java.util.concurrent.ThreadPoolExecutor.runWorker(ThreadPoolExecutor.java:1134)&#10;        at java.util.concurrent.ThreadPoolExecutor$Worker.run(ThreadPoolExecutor.java:624)&#10;        at java.lang.Thread.run(Thread.java:748)&#10;&quot;pool-26-thread-48&quot;  prio=5 tid=491 in Object.wait()&#10;java.lang.Thread.State: WAITING (on object monitor)&#10;        at sun.misc.Unsafe.park(Native Method)&#10;        at java.util.concurrent.locks.LockSupport.park(LockSupport.java:175)&#10;        at java.util.concurrent.locks.AbstractQueuedSynchronizer$ConditionObject.await(AbstractQueuedSynchronizer.java:2039)&#10;        at java.util.concurrent.ArrayBlockingQueue.take(ArrayBlockingQueue.java:403)&#10;        at java.util.concurrent.ThreadPoolExecutor.getTask(ThreadPoolExecutor.java:1074)&#10;        at java.util.concurrent.ThreadPoolExecutor.runWorker(ThreadPoolExecutor.java:1134)&#10;        at java.util.concurrent.ThreadPoolExecutor$Worker.run(ThreadPoolExecutor.java:624)&#10;        at java.lang.Thread.run(Thread.java:748)&#10;&quot;metrics-hadoop-metrics2-reporter-25-thread-1&quot; daemon prio=5 tid=763 timed_waiting&#10;java.lang.Thread.State: TIMED_WAITING&#10;        at sun.misc.Unsafe.park(Native Method)&#10;        at java.util.concurrent.locks.LockSupport.parkNanos(LockSupport.java:215)&#10;        at java.util.concurrent.locks.AbstractQueuedSynchronizer$ConditionObject.awaitNanos(AbstractQueuedSynchronizer.java:2078)&#10;        at java.util.concurrent.ScheduledThreadPoolExecutor$DelayedWorkQueue.take(ScheduledThreadPoolExecutor.java:1093)&#10;        at java.util.concurrent.ScheduledThreadPoolExecutor$DelayedWorkQueue.take(ScheduledThreadPoolExecutor.java:809)&#10;        at java.util.concurrent.ThreadPoolExecutor.getTask(ThreadPoolExecutor.java:1074)&#10;        at java.util.concurrent.ThreadPoolExecutor.runWorker(ThreadPoolExecutor.java:1134)&#10;        at java.util.concurrent.ThreadPoolExecutor$Worker.run(ThreadPoolExecutor.java:624)&#10;        at java.lang.Thread.run(Thread.java:748)&#10;&quot;pool-76-thread-18&quot;  prio=5 tid=596 in Object.wait()&#10;java.lang.Thread.State: WAITING (on object monitor)&#10;        at sun.misc.Unsafe.park(Native Method)&#10;        at java.util.concurrent.locks.LockSupport.park(LockSupport.java:175)&#10;        at java.util.concurrent.locks.AbstractQueuedSynchronizer$ConditionObject.await(AbstractQueuedSynchronizer.java:2039)&#10;        at java.util.concurrent.ArrayBlockingQueue.take(ArrayBlockingQueue.java:403)&#10;        at java.util.concurrent.ThreadPoolExecutor.getTask(ThreadPoolExecutor.java:1074)&#10;        at java.util.concurrent.ThreadPoolExecutor.runWorker(ThreadPoolExecutor.java:1134)&#10;        at java.util.concurrent.ThreadPoolExecutor$Worker.run(ThreadPoolExecutor.java:624)&#10;        at java.lang.Thread.run(Thread.java:748)&#10;&quot;IPC Server handler 13 on 42372&quot; daemon prio=5 tid=83 timed_waiting&#10;java.lang.Thread.State: TIMED_WAITING&#10;        at sun.misc.Unsafe.park(Native Method)&#10;        at java.util.concurrent.locks.LockSupport.parkNanos(LockSupport.java:215)&#10;        at java.util.concurrent.locks.AbstractQueuedSynchronizer$ConditionObject.awaitNanos(AbstractQueuedSynchronizer.java:2078)&#10;        at java.util.concurrent.LinkedBlockingQueue.poll(LinkedBlockingQueue.java:467)&#10;        at org.apache.hadoop.ipc.CallQueueManager.take(CallQueueManager.java:288)&#10;        at org.apache.hadoop.ipc.Server$Handler.run(Server.java:2668)&#10;&quot;Thread-237&quot; daemon prio=5 tid=735 timed_waiting&#10;java.lang.Thread.State: TIMED_WAITING&#10;        at sun.misc.Unsafe.park(Native Method)&#10;        at java.util.concurrent.locks.LockSupport.parkNanos(LockSupport.java:215)&#10;        at java.util.concurrent.locks.AbstractQueuedSynchronizer$ConditionObject.awaitNanos(AbstractQueuedSynchronizer.java:2078)&#10;        at java.util.concurrent.ArrayBlockingQueue.poll(ArrayBlockingQueue.java:418)&#10;        at org.apache.ratis.server.impl.LeaderState$EventQueue.poll(LeaderState.java:115)&#10;        at org.apache.ratis.server.impl.LeaderState$EventProcessor.run(LeaderState.java:467)&#10;&quot;pool-56-thread-22&quot;  prio=5 tid=515 in Object.wait()&#10;java.lang.Thread.State: WAITING (on object monitor)&#10;        at sun.misc.Unsafe.park(Native Method)&#10;        at java.util.concurrent.locks.LockSupport.park(LockSupport.java:175)&#10;        at java.util.concurrent.locks.AbstractQueuedSynchronizer$ConditionObject.await(AbstractQueuedSynchronizer.java:2039)&#10;        at java.util.concurrent.ArrayBlockingQueue.take(ArrayBlockingQueue.java:403)&#10;        at java.util.concurrent.ThreadPoolExecutor.getTask(ThreadPoolExecutor.java:1074)&#10;        at java.util.concurrent.ThreadPoolExecutor.runWorker(ThreadPoolExecutor.java:1134)&#10;        at java.util.concurrent.ThreadPoolExecutor$Worker.run(ThreadPoolExecutor.java:624)&#10;        at java.lang.Thread.run(Thread.java:748)&#10;&quot;pool-36-thread-51&quot;  prio=5 tid=452 in Object.wait()&#10;java.lang.Thread.State: WAITING (on object monitor)&#10;        at sun.misc.Unsafe.park(Native Method)&#10;        at java.util.concurrent.locks.LockSupport.park(LockSupport.java:175)&#10;        at java.util.concurrent.locks.AbstractQueuedSynchronizer$ConditionObject.await(AbstractQueuedSynchronizer.java:2039)&#10;        at java.util.concurrent.ArrayBlockingQueue.take(ArrayBlockingQueue.java:403)&#10;        at java.util.concurrent.ThreadPoolExecutor.getTask(ThreadPoolExecutor.java:1074)&#10;        at java.util.concurrent.ThreadPoolExecutor.runWorker(ThreadPoolExecutor.java:1134)&#10;        at java.util.concurrent.ThreadPoolExecutor$Worker.run(ThreadPoolExecutor.java:624)&#10;        at java.lang.Thread.run(Thread.java:748)&#10;&quot;pool-66-thread-43&quot;  prio=5 tid=657 in Object.wait()&#10;java.lang.Thread.State: WAITING (on object monitor)&#10;        at sun.misc.Unsafe.park(Native Method)&#10;        at java.util.concurrent.locks.LockSupport.park(LockSupport.java:175)&#10;        at java.util.concurrent.locks.AbstractQueuedSynchronizer$ConditionObject.await(AbstractQueuedSynchronizer.java:2039)&#10;        at java.util.concurrent.ArrayBlockingQueue.take(ArrayBlockingQueue.java:403)&#10;        at java.util.concurrent.ThreadPoolExecutor.getTask(ThreadPoolExecutor.java:1074)&#10;        at java.util.concurrent.ThreadPoolExecutor.runWorker(ThreadPoolExecutor.java:1134)&#10;        at java.util.concurrent.ThreadPoolExecutor$Worker.run(ThreadPoolExecutor.java:624)&#10;        at java.lang.Thread.run(Thread.java:748)&#10;&quot;pool-76-thread-52&quot;  prio=5 tid=644 in Object.wait()&#10;java.lang.Thread.State: WAITING (on object monitor)&#10;        at sun.misc.Unsafe.park(Native Method)&#10;        at java.util.concurrent.locks.LockSupport.park(LockSupport.java:175)&#10;        at java.util.concurrent.locks.AbstractQueuedSynchronizer$ConditionObject.await(AbstractQueuedSynchronizer.java:2039)&#10;        at java.util.concurrent.ArrayBlockingQueue.take(ArrayBlockingQueue.java:403)&#10;        at java.util.concurrent.ThreadPoolExecutor.getTask(ThreadPoolExecutor.java:1074)&#10;        at java.util.concurrent.ThreadPoolExecutor.runWorker(ThreadPoolExecutor.java:1134)&#10;        at java.util.concurrent.ThreadPoolExecutor$Worker.run(ThreadPoolExecutor.java:624)&#10;        at java.lang.Thread.run(Thread.java:748)&#10;&quot;Command processor thread&quot; daemon prio=5 tid=230 timed_waiting&#10;java.lang.Thread.State: TIMED_WAITING&#10;        at java.lang.Thread.sleep(Native Method)&#10;        at org.apache.hadoop.ozone.container.common.statemachine.DatanodeStateMachine.lambda$initCommandHandlerThread$1(DatanodeStateMachine.java:439)&#10;        at org.apache.hadoop.ozone.container.common.statemachine.DatanodeStateMachine$$Lambda$141/1097787199.run(Unknown Source)&#10;        at java.lang.Thread.run(Thread.java:748)&#10;&quot;metrics-hadoop-metrics2-reporter-42-thread-1&quot; daemon prio=5 tid=820 timed_waiting&#10;java.lang.Thread.State: TIMED_WAITING&#10;        at sun.misc.Unsafe.park(Native Method)&#10;        at java.util.concurrent.locks.LockSupport.parkNanos(LockSupport.java:215)&#10;        at java.util.concurrent.locks.AbstractQueuedSynchronizer$ConditionObject.awaitNanos(AbstractQueuedSynchronizer.java:2078)&#10;        at java.util.concurrent.ScheduledThreadPoolExecutor$DelayedWorkQueue.take(ScheduledThreadPoolExecutor.java:1093)&#10;        at java.util.concurrent.ScheduledThreadPoolExecutor$DelayedWorkQueue.take(ScheduledThreadPoolExecutor.java:809)&#10;        at java.util.concurrent.ThreadPoolExecutor.getTask(ThreadPoolExecutor.java:1074)&#10;        at java.util.concurrent.ThreadPoolExecutor.runWorker(ThreadPoolExecutor.java:1134)&#10;        at java.util.concurrent.ThreadPoolExecutor$Worker.run(ThreadPoolExecutor.java:624)&#10;        at java.lang.Thread.run(Thread.java:748)&#10;&quot;pool-66-thread-51&quot;  prio=5 tid=666 in Object.wait()&#10;java.lang.Thread.State: WAITING (on object monitor)&#10;        at sun.misc.Unsafe.park(Native Method)&#10;        at java.util.concurrent.locks.LockSupport.park(LockSupport.java:175)&#10;        at java.util.concurrent.locks.AbstractQueuedSynchronizer$ConditionObject.await(AbstractQueuedSynchronizer.java:2039)&#10;        at java.util.concurrent.ArrayBlockingQueue.take(ArrayBlockingQueue.java:403)&#10;        at java.util.concurrent.ThreadPoolExecutor.getTask(ThreadPoolExecutor.java:1074)&#10;        at java.util.concurrent.ThreadPoolExecutor.runWorker(ThreadPoolExecutor.java:1134)&#10;        at java.util.concurrent.ThreadPoolExecutor$Worker.run(ThreadPoolExecutor.java:624)&#10;        at java.lang.Thread.run(Thread.java:748)&#10;&quot;IPC Server handler 3 on 42810&quot; daemon prio=5 tid=118 timed_waiting&#10;java.lang.Thread.State: TIMED_WAITING&#10;        at sun.misc.Unsafe.park(Native Method)&#10;        at java.util.concurrent.locks.LockSupport.parkNanos(LockSupport.java:215)&#10;        at java.util.concurrent.locks.AbstractQueuedSynchronizer$ConditionObject.awaitNanos(AbstractQueuedSynchronizer.java:2078)&#10;        at java.util.concurrent.LinkedBlockingQueue.poll(LinkedBlockingQueue.java:467)&#10;        at org.apache.hadoop.ipc.CallQueueManager.take(CallQueueManager.java:288)&#10;        at org.apache.hadoop.ipc.Server$Handler.run(Server.java:2668)&#10;&quot;ReplicationMonitor&quot; daemon prio=5 tid=895 timed_waiting&#10;java.lang.Thread.State: TIMED_WAITING&#10;        at java.lang.Object.wait(Native Method)&#10;        at org.apache.hadoop.hdds.scm.container.ReplicationManager.run(ReplicationManager.java:229)&#10;        at org.apache.hadoop.hdds.scm.container.ReplicationManager$$Lambda$516/1078697665.run(Unknown Source)&#10;        at java.lang.Thread.run(Thread.java:748)&#10;&quot;pool-56-thread-30&quot;  prio=5 tid=524 in Object.wait()&#10;java.lang.Thread.State: WAITING (on object monitor)&#10;        at sun.misc.Unsafe.park(Native Method)&#10;        at java.util.concurrent.locks.LockSupport.park(LockSupport.java:175)&#10;        at java.util.concurrent.locks.AbstractQueuedSynchronizer$ConditionObject.await(AbstractQueuedSynchronizer.java:2039)&#10;        at java.util.concurrent.ArrayBlockingQueue.take(ArrayBlockingQueue.java:403)&#10;        at java.util.concurrent.ThreadPoolExecutor.getTask(ThreadPoolExecutor.java:1074)&#10;        at java.util.concurrent.ThreadPoolExecutor.runWorker(ThreadPoolExecutor.java:1134)&#10;        at java.util.concurrent.ThreadPoolExecutor$Worker.run(ThreadPoolExecutor.java:624)&#10;        at java.lang.Thread.run(Thread.java:748)&#10;&quot;pool-56-thread-2&quot;  prio=5 tid=467 in Object.wait()&#10;java.lang.Thread.State: WAITING (on object monitor)&#10;        at sun.misc.Unsafe.park(Native Method)&#10;        at java.util.concurrent.locks.LockSupport.park(LockSupport.java:175)&#10;        at java.util.concurrent.locks.AbstractQueuedSynchronizer$ConditionObject.await(AbstractQueuedSynchronizer.java:2039)&#10;        at java.util.concurrent.ArrayBlockingQueue.take(ArrayBlockingQueue.java:403)&#10;        at java.util.concurrent.ThreadPoolExecutor.getTask(ThreadPoolExecutor.java:1074)&#10;        at java.util.concurrent.ThreadPoolExecutor.runWorker(ThreadPoolExecutor.java:1134)&#10;        at java.util.concurrent.ThreadPoolExecutor$Worker.run(ThreadPoolExecutor.java:624)&#10;        at java.lang.Thread.run(Thread.java:748)&#10;&quot;metrics-hadoop-metrics2-reporter-35-thread-1&quot; daemon prio=5 tid=793 timed_waiting&#10;java.lang.Thread.State: TIMED_WAITING&#10;        at sun.misc.Unsafe.park(Native Method)&#10;        at java.util.concurrent.locks.LockSupport.parkNanos(LockSupport.java:215)&#10;        at java.util.concurrent.locks.AbstractQueuedSynchronizer$ConditionObject.awaitNanos(AbstractQueuedSynchronizer.java:2078)&#10;        at java.util.concurrent.ScheduledThreadPoolExecutor$DelayedWorkQueue.take(ScheduledThreadPoolExecutor.java:1093)&#10;        at java.util.concurrent.ScheduledThreadPoolExecutor$DelayedWorkQueue.take(ScheduledThreadPoolExecutor.java:809)&#10;        at java.util.concurrent.ThreadPoolExecutor.getTask(ThreadPoolExecutor.java:1074)&#10;        at java.util.concurrent.ThreadPoolExecutor.runWorker(ThreadPoolExecutor.java:1134)&#10;        at java.util.concurrent.ThreadPoolExecutor$Worker.run(ThreadPoolExecutor.java:624)&#10;        at java.lang.Thread.run(Thread.java:748)&#10;&quot;metrics-hadoop-metrics2-reporter-55-thread-1&quot; daemon prio=5 tid=913 timed_waiting&#10;java.lang.Thread.State: TIMED_WAITING&#10;        at sun.misc.Unsafe.park(Native Method)&#10;        at java.util.concurrent.locks.LockSupport.parkNanos(LockSupport.java:215)&#10;        at java.util.concurrent.locks.AbstractQueuedSynchronizer$ConditionObject.awaitNanos(AbstractQueuedSynchronizer.java:2078)&#10;        at java.util.concurrent.ScheduledThreadPoolExecutor$DelayedWorkQueue.take(ScheduledThreadPoolExecutor.java:1093)&#10;        at java.util.concurrent.ScheduledThreadPoolExecutor$DelayedWorkQueue.take(ScheduledThreadPoolExecutor.java:809)&#10;        at java.util.concurrent.ThreadPoolExecutor.getTask(ThreadPoolExecutor.java:1074)&#10;        at java.util.concurrent.ThreadPoolExecutor.runWorker(ThreadPoolExecutor.java:1134)&#10;        at java.util.concurrent.ThreadPoolExecutor$Worker.run(ThreadPoolExecutor.java:624)&#10;        at java.lang.Thread.run(Thread.java:748)&#10;&quot;metrics-hadoop-metrics2-reporter-59-thread-1&quot; daemon prio=5 tid=932 timed_waiting&#10;java.lang.Thread.State: TIMED_WAITING&#10;        at sun.misc.Unsafe.park(Native Method)&#10;        at java.util.concurrent.locks.LockSupport.parkNanos(LockSupport.java:215)&#10;        at java.util.concurrent.locks.AbstractQueuedSynchronizer$ConditionObject.awaitNanos(AbstractQueuedSynchronizer.java:2078)&#10;        at java.util.concurrent.ScheduledThreadPoolExecutor$DelayedWorkQueue.take(ScheduledThreadPoolExecutor.java:1093)&#10;        at java.util.concurrent.ScheduledThreadPoolExecutor$DelayedWorkQueue.take(ScheduledThreadPoolExecutor.java:809)&#10;        at java.util.concurrent.ThreadPoolExecutor.getTask(ThreadPoolExecutor.java:1074)&#10;        at java.util.concurrent.ThreadPoolExecutor.runWorker(ThreadPoolExecutor.java:1134)&#10;        at java.util.concurrent.ThreadPoolExecutor$Worker.run(ThreadPoolExecutor.java:624)&#10;        at java.lang.Thread.run(Thread.java:748)&#10;&quot;pool-66-thread-26&quot;  prio=5 tid=601 in Object.wait()&#10;java.lang.Thread.State: WAITING (on object monitor)&#10;        at sun.misc.Unsafe.park(Native Method)&#10;        at java.util.concurrent.locks.LockSupport.park(LockSupport.java:175)&#10;        at java.util.concurrent.locks.AbstractQueuedSynchronizer$ConditionObject.await(AbstractQueuedSynchronizer.java:2039)&#10;        at java.util.concurrent.ArrayBlockingQueue.take(ArrayBlockingQueue.java:403)&#10;        at java.util.concurrent.ThreadPoolExecutor.getTask(ThreadPoolExecutor.java:1074)&#10;        at java.util.concurrent.ThreadPoolExecutor.runWorker(ThreadPoolExecutor.java:1134)&#10;        at java.util.concurrent.ThreadPoolExecutor$Worker.run(ThreadPoolExecutor.java:624)&#10;        at java.lang.Thread.run(Thread.java:748)&#10;&quot;Periodic HDDS volume checker&quot;  prio=5 tid=174 timed_waiting&#10;java.lang.Thread.State: TIMED_WAITING&#10;        at sun.misc.Unsafe.park(Native Method)&#10;        at java.util.concurrent.locks.LockSupport.parkNanos(LockSupport.java:215)&#10;        at java.util.concurrent.locks.AbstractQueuedSynchronizer$ConditionObject.awaitNanos(AbstractQueuedSynchronizer.java:2078)&#10;        at java.util.concurrent.ScheduledThreadPoolExecutor$DelayedWorkQueue.take(ScheduledThreadPoolExecutor.java:1093)&#10;        at java.util.concurrent.ScheduledThreadPoolExecutor$DelayedWorkQueue.take(ScheduledThreadPoolExecutor.java:809)&#10;        at java.util.concurrent.ThreadPoolExecutor.getTask(ThreadPoolExecutor.java:1074)&#10;        at java.util.concurrent.ThreadPoolExecutor.runWorker(ThreadPoolExecutor.java:1134)&#10;        at java.util.concurrent.ThreadPoolExecutor$Worker.run(ThreadPoolExecutor.java:624)&#10;        at java.lang.Thread.run(Thread.java:748)&#10;&quot;IPC Server handler 5 on 42372&quot; daemon prio=5 tid=75 timed_waiting&#10;java.lang.Thread.State: TIMED_WAITING&#10;        at sun.misc.Unsafe.park(Native Method)&#10;        at java.util.concurrent.locks.LockSupport.parkNanos(LockSupport.java:215)&#10;        at java.util.concurrent.locks.AbstractQueuedSynchronizer$ConditionObject.awaitNanos(AbstractQueuedSynchronizer.java:2078)&#10;        at java.util.concurrent.LinkedBlockingQueue.poll(LinkedBlockingQueue.java:467)&#10;        at org.apache.hadoop.ipc.CallQueueManager.take(CallQueueManager.java:288)&#10;        at org.apache.hadoop.ipc.Server$Handler.run(Server.java:2668)&#10;&quot;pool-26-thread-23&quot;  prio=5 tid=390 in Object.wait()&#10;java.lang.Thread.State: WAITING (on object monitor)&#10;        at sun.misc.Unsafe.park(Native Method)&#10;        at java.util.concurrent.locks.LockSupport.park(LockSupport.java:175)&#10;        at java.util.concurrent.locks.AbstractQueuedSynchronizer$ConditionObject.await(AbstractQueuedSynchronizer.java:2039)&#10;        at java.util.concurrent.ArrayBlockingQueue.take(ArrayBlockingQueue.java:403)&#10;        at java.util.concurrent.ThreadPoolExecutor.getTask(ThreadPoolExecutor.java:1074)&#10;        at java.util.concurrent.ThreadPoolExecutor.runWorker(ThreadPoolExecutor.java:1134)&#10;        at java.util.concurrent.ThreadPoolExecutor$Worker.run(ThreadPoolExecutor.java:624)&#10;        at java.lang.Thread.run(Thread.java:748)&#10;&quot;metrics-hadoop-metrics2-reporter-65-thread-1&quot; daemon prio=5 tid=958 timed_waiting&#10;java.lang.Thread.State: TIMED_WAITING&#10;        at sun.misc.Unsafe.park(Native Method)&#10;        at java.util.concurrent.locks.LockSupport.parkNanos(LockSupport.java:215)&#10;        at java.util.concurrent.locks.AbstractQueuedSynchronizer$ConditionObject.awaitNanos(AbstractQueuedSynchronizer.java:2078)&#10;        at java.util.concurrent.ScheduledThreadPoolExecutor$DelayedWorkQueue.take(ScheduledThreadPoolExecutor.java:1093)&#10;        at java.util.concurrent.ScheduledThreadPoolExecutor$DelayedWorkQueue.take(ScheduledThreadPoolExecutor.java:809)&#10;        at java.util.concurrent.ThreadPoolExecutor.getTask(ThreadPoolExecutor.java:1074)&#10;        at java.util.concurrent.ThreadPoolExecutor.runWorker(ThreadPoolExecutor.java:1134)&#10;        at java.util.concurrent.ThreadPoolExecutor$Worker.run(ThreadPoolExecutor.java:624)&#10;        at java.lang.Thread.run(Thread.java:748)&#10;&quot;Command processor thread&quot; daemon prio=5 tid=257 timed_waiting&#10;java.lang.Thread.State: TIMED_WAITING&#10;        at java.lang.Thread.sleep(Native Method)&#10;        at org.apache.hadoop.ozone.container.common.statemachine.DatanodeStateMachine.lambda$initCommandHandlerThread$1(DatanodeStateMachine.java:439)&#10;        at org.apache.hadoop.ozone.container.common.statemachine.DatanodeStateMachine$$Lambda$141/1097787199.run(Unknown Source)&#10;        at java.lang.Thread.run(Thread.java:748)&#10;&quot;pool-46-thread-31&quot;  prio=5 tid=395 in Object.wait()&#10;java.lang.Thread.State: WAITING (on object monitor)&#10;        at sun.misc.Unsafe.park(Native Method)&#10;        at java.util.concurrent.locks.LockSupport.park(LockSupport.java:175)&#10;        at java.util.concurrent.locks.AbstractQueuedSynchronizer$ConditionObject.await(AbstractQueuedSynchronizer.java:2039)&#10;        at java.util.concurrent.ArrayBlockingQueue.take(ArrayBlockingQueue.java:403)&#10;        at java.util.concurrent.ThreadPoolExecutor.getTask(ThreadPoolExecutor.java:1074)&#10;        at java.util.concurrent.ThreadPoolExecutor.runWorker(ThreadPoolExecutor.java:1134)&#10;        at java.util.concurrent.ThreadPoolExecutor$Worker.run(ThreadPoolExecutor.java:624)&#10;        at java.lang.Thread.run(Thread.java:748)&#10;&quot;IPC Server handler 6 on 42810&quot; daemon prio=5 tid=121 timed_waiting&#10;java.lang.Thread.State: TIMED_WAITING&#10;        at sun.misc.Unsafe.park(Native Method)&#10;        at java.util.concurrent.locks.LockSupport.parkNanos(LockSupport.java:215)&#10;        at java.util.concurrent.locks.AbstractQueuedSynchronizer$ConditionObject.awaitNanos(AbstractQueuedSynchronizer.java:2078)&#10;        at java.util.concurrent.LinkedBlockingQueue.poll(LinkedBlockingQueue.java:467)&#10;        at org.apache.hadoop.ipc.CallQueueManager.take(CallQueueManager.java:288)&#10;        at org.apache.hadoop.ipc.Server$Handler.run(Server.java:2668)&#10;&quot;metrics-hadoop-metrics2-reporter-56-thread-1&quot; daemon prio=5 tid=917 timed_waiting&#10;java.lang.Thread.State: TIMED_WAITING&#10;        at sun.misc.Unsafe.park(Native Method)&#10;        at java.util.concurrent.locks.LockSupport.parkNanos(LockSupport.java:215)&#10;        at java.util.concurrent.locks.AbstractQueuedSynchronizer$ConditionObject.awaitNanos(AbstractQueuedSynchronizer.java:2078)&#10;        at java.util.concurrent.ScheduledThreadPoolExecutor$DelayedWorkQueue.take(ScheduledThreadPoolExecutor.java:1093)&#10;        at java.util.concurrent.ScheduledThreadPoolExecutor$DelayedWorkQueue.take(ScheduledThreadPoolExecutor.java:809)&#10;        at java.util.concurrent.ThreadPoolExecutor.getTask(ThreadPoolExecutor.java:1074)&#10;        at java.util.concurrent.ThreadPoolExecutor.runWorker(ThreadPoolExecutor.java:1134)&#10;        at java.util.concurrent.ThreadPoolExecutor$Worker.run(ThreadPoolExecutor.java:624)&#10;        at java.lang.Thread.run(Thread.java:748)&#10;&quot;Datanode ReportManager Thread - 1&quot; daemon prio=5 tid=227 timed_waiting&#10;java.lang.Thread.State: TIMED_WAITING&#10;        at sun.misc.Unsafe.park(Native Method)&#10;        at java.util.concurrent.locks.LockSupport.parkNanos(LockSupport.java:215)&#10;        at java.util.concurrent.locks.AbstractQueuedSynchronizer$ConditionObject.awaitNanos(AbstractQueuedSynchronizer.java:2078)&#10;        at java.util.concurrent.ScheduledThreadPoolExecutor$DelayedWorkQueue.take(ScheduledThreadPoolExecutor.java:1093)&#10;        at java.util.concurrent.ScheduledThreadPoolExecutor$DelayedWorkQueue.take(ScheduledThreadPoolExecutor.java:809)&#10;        at java.util.concurrent.ThreadPoolExecutor.getTask(ThreadPoolExecutor.java:1074)&#10;        at java.util.concurrent.ThreadPoolExecutor.runWorker(ThreadPoolExecutor.java:1134)&#10;        at java.util.concurrent.ThreadPoolExecutor$Worker.run(ThreadPoolExecutor.java:624)&#10;        at java.lang.Thread.run(Thread.java:748)&#10;&quot;qtp1732973321-96&quot; daemon prio=5 tid=96 timed_waiting&#10;java.lang.Thread.State: TIMED_WAITING&#10;        at sun.misc.Unsafe.park(Native Method)&#10;        at java.util.concurrent.locks.LockSupport.parkNanos(LockSupport.java:215)&#10;        at java.util.concurrent.locks.AbstractQueuedSynchronizer$ConditionObject.awaitNanos(AbstractQueuedSynchronizer.java:2078)&#10;        at org.eclipse.jetty.util.BlockingArrayQueue.poll(BlockingArrayQueue.java:392)&#10;        at org.eclipse.jetty.util.thread.QueuedThreadPool.idleJobPoll(QueuedThreadPool.java:563)&#10;        at org.eclipse.jetty.util.thread.QueuedThreadPool.access$800(QueuedThreadPool.java:48)&#10;        at org.eclipse.jetty.util.thread.QueuedThreadPool$2.run(QueuedThreadPool.java:626)&#10;        at java.lang.Thread.run(Thread.java:748)&#10;&quot;pool-76-thread-41&quot;  prio=5 tid=627 in Object.wait()&#10;java.lang.Thread.State: WAITING (on object monitor)&#10;        at sun.misc.Unsafe.park(Native Method)&#10;        at java.util.concurrent.locks.LockSupport.park(LockSupport.java:175)&#10;        at java.util.concurrent.locks.AbstractQueuedSynchronizer$ConditionObject.await(AbstractQueuedSynchronizer.java:2039)&#10;        at java.util.concurrent.ArrayBlockingQueue.take(ArrayBlockingQueue.java:403)&#10;        at java.util.concurrent.ThreadPoolExecutor.getTask(ThreadPoolExecutor.java:1074)&#10;        at java.util.concurrent.ThreadPoolExecutor.runWorker(ThreadPoolExecutor.java:1134)&#10;        at java.util.concurrent.ThreadPoolExecutor$Worker.run(ThreadPoolExecutor.java:624)&#10;        at java.lang.Thread.run(Thread.java:748)&#10;&quot;org.eclipse.jetty.server.session.HashSessionManager@4416524Timer&quot; daemon prio=5 tid=196 timed_waiting&#10;java.lang.Thread.State: TIMED_WAITING&#10;        at sun.misc.Unsafe.park(Native Method)&#10;        at java.util.concurrent.locks.LockSupport.parkNanos(LockSupport.java:215)&#10;        at java.util.concurrent.locks.AbstractQueuedSynchronizer$ConditionObject.awaitNanos(AbstractQueuedSynchronizer.java:2078)&#10;        at java.util.concurrent.ScheduledThreadPoolExecutor$DelayedWorkQueue.take(ScheduledThreadPoolExecutor.java:1093)&#10;        at java.util.concurrent.ScheduledThreadPoolExecutor$DelayedWorkQueue.take(ScheduledThreadPoolExecutor.java:809)&#10;        at java.util.concurrent.ThreadPoolExecutor.getTask(ThreadPoolExecutor.java:1074)&#10;        at java.util.concurrent.ThreadPoolExecutor.runWorker(ThreadPoolExecutor.java:1134)&#10;        at java.util.concurrent.ThreadPoolExecutor$Worker.run(ThreadPoolExecutor.java:624)&#10;        at java.lang.Thread.run(Thread.java:748)&#10;&quot;pool-26-thread-8&quot;  prio=5 tid=347 in Object.wait()&#10;java.lang.Thread.State: WAITING (on object monitor)&#10;        at sun.misc.Unsafe.park(Native Method)&#10;        at java.util.concurrent.locks.LockSupport.park(LockSupport.java:175)&#10;        at java.util.concurrent.locks.AbstractQueuedSynchronizer$ConditionObject.await(AbstractQueuedSynchronizer.java:2039)&#10;        at java.util.concurrent.ArrayBlockingQueue.take(ArrayBlockingQueue.java:403)&#10;        at java.util.concurrent.ThreadPoolExecutor.getTask(ThreadPoolExecutor.java:1074)&#10;        at java.util.concurrent.ThreadPoolExecutor.runWorker(ThreadPoolExecutor.java:1134)&#10;        at java.util.concurrent.ThreadPoolExecutor$Worker.run(ThreadPoolExecutor.java:624)&#10;        at java.lang.Thread.run(Thread.java:748)&#10;&quot;pool-76-thread-5&quot;  prio=5 tid=571 in Object.wait()&#10;java.lang.Thread.State: WAITING (on object monitor)&#10;        at sun.misc.Unsafe.park(Native Method)&#10;        at java.util.concurrent.locks.LockSupport.park(LockSupport.java:175)&#10;        at java.util.concurrent.locks.AbstractQueuedSynchronizer$ConditionObject.await(AbstractQueuedSynchronizer.java:2039)&#10;        at java.util.concurrent.ArrayBlockingQueue.take(ArrayBlockingQueue.java:403)&#10;        at java.util.concurrent.ThreadPoolExecutor.getTask(ThreadPoolExecutor.java:1074)&#10;        at java.util.concurrent.ThreadPoolExecutor.runWorker(ThreadPoolExecutor.java:1134)&#10;        at java.util.concurrent.ThreadPoolExecutor$Worker.run(ThreadPoolExecutor.java:624)&#10;        at java.lang.Thread.run(Thread.java:748)&#10;&quot;pool-56-thread-54&quot;  prio=5 tid=548 in Object.wait()&#10;java.lang.Thread.State: WAITING (on object monitor)&#10;        at sun.misc.Unsafe.park(Native Method)&#10;        at java.util.concurrent.locks.LockSupport.park(LockSupport.java:175)&#10;        at java.util.concurrent.locks.AbstractQueuedSynchronizer$ConditionObject.await(AbstractQueuedSynchronizer.java:2039)&#10;        at java.util.concurrent.ArrayBlockingQueue.take(ArrayBlockingQueue.java:403)&#10;        at java.util.concurrent.ThreadPoolExecutor.getTask(ThreadPoolExecutor.java:1074)&#10;        at java.util.concurrent.ThreadPoolExecutor.runWorker(ThreadPoolExecutor.java:1134)&#10;        at java.util.concurrent.ThreadPoolExecutor$Worker.run(ThreadPoolExecutor.java:624)&#10;        at java.lang.Thread.run(Thread.java:748)&#10;&quot;pool-66-thread-28&quot;  prio=5 tid=606 in Object.wait()&#10;java.lang.Thread.State: WAITING (on object monitor)&#10;        at sun.misc.Unsafe.park(Native Method)&#10;        at java.util.concurrent.locks.LockSupport.park(LockSupport.java:175)&#10;        at java.util.concurrent.locks.AbstractQueuedSynchronizer$ConditionObject.await(AbstractQueuedSynchronizer.java:2039)&#10;        at java.util.concurrent.ArrayBlockingQueue.take(ArrayBlockingQueue.java:403)&#10;        at java.util.concurrent.ThreadPoolExecutor.getTask(ThreadPoolExecutor.java:1074)&#10;        at java.util.concurrent.ThreadPoolExecutor.runWorker(ThreadPoolExecutor.java:1134)&#10;        at java.util.concurrent.ThreadPoolExecutor$Worker.run(ThreadPoolExecutor.java:624)&#10;        at java.lang.Thread.run(Thread.java:748)&#10;&quot;pool-66-thread-11&quot;  prio=5 tid=568 in Object.wait()&#10;java.lang.Thread.State: WAITING (on object monitor)&#10;        at sun.misc.Unsafe.park(Native Method)&#10;        at java.util.concurrent.locks.LockSupport.park(LockSupport.java:175)&#10;        at java.util.concurrent.locks.AbstractQueuedSynchronizer$ConditionObject.await(AbstractQueuedSynchronizer.java:2039)&#10;        at java.util.concurrent.ArrayBlockingQueue.take(ArrayBlockingQueue.java:403)&#10;        at java.util.concurrent.ThreadPoolExecutor.getTask(ThreadPoolExecutor.java:1074)&#10;        at java.util.concurrent.ThreadPoolExecutor.runWorker(ThreadPoolExecutor.java:1134)&#10;        at java.util.concurrent.ThreadPoolExecutor$Worker.run(ThreadPoolExecutor.java:624)&#10;        at java.lang.Thread.run(Thread.java:748)&#10;&quot;metrics-hadoop-metrics2-reporter-66-thread-1&quot; daemon prio=5 tid=959 timed_waiting&#10;java.lang.Thread.State: TIMED_WAITING&#10;        at sun.misc.Unsafe.park(Native Method)&#10;        at java.util.concurrent.locks.LockSupport.parkNanos(LockSupport.java:215)&#10;        at java.util.concurrent.locks.AbstractQueuedSynchronizer$ConditionObject.awaitNanos(AbstractQueuedSynchronizer.java:2078)&#10;        at java.util.concurrent.ScheduledThreadPoolExecutor$DelayedWorkQueue.take(ScheduledThreadPoolExecutor.java:1093)&#10;        at java.util.concurrent.ScheduledThreadPoolExecutor$DelayedWorkQueue.take(ScheduledThreadPoolExecutor.java:809)&#10;        at java.util.concurrent.ThreadPoolExecutor.getTask(ThreadPoolExecutor.java:1074)&#10;        at java.util.concurrent.ThreadPoolExecutor.runWorker(ThreadPoolExecutor.java:1134)&#10;        at java.util.concurrent.ThreadPoolExecutor$Worker.run(ThreadPoolExecutor.java:624)&#10;        at java.lang.Thread.run(Thread.java:748)&#10;&quot;CommandWatcher-LeaseManager#LeaseMonitor&quot; daemon prio=5 tid=29 timed_waiting&#10;java.lang.Thread.State: TIMED_WAITING&#10;        at java.lang.Thread.sleep(Native Method)&#10;        at org.apache.hadoop.ozone.lease.LeaseManager$LeaseMonitor.run(LeaseManager.java:234)&#10;        at java.lang.Thread.run(Thread.java:748)&#10;&quot;Thread-1790&quot; daemon prio=5 tid=2385 terminated&#10;java.lang.Thread.State: TERMINATED&#10;        at java.lang.Thread.sleep(Native Method)&#10;        at org.apache.ratis.util.JavaUtils.sleep(JavaUtils.java:247)&#10;        at org.apache.ratis.server.impl.FollowerState.run(FollowerState.java:97)&#10;&quot;EventQueue-SafemodestatusForSafeModeHandler&quot; daemon prio=5 tid=694 in Object.wait()&#10;java.lang.Thread.State: WAITING (on object monitor)&#10;        at sun.misc.Unsafe.park(Native Method)&#10;        at java.util.concurrent.locks.LockSupport.park(LockSupport.java:175)&#10;        at java.util.concurrent.locks.AbstractQueuedSynchronizer$ConditionObject.await(AbstractQueuedSynchronizer.java:2039)&#10;        at java.util.concurrent.LinkedBlockingQueue.take(LinkedBlockingQueue.java:442)&#10;        at java.util.concurrent.ThreadPoolExecutor.getTask(ThreadPoolExecutor.java:1074)&#10;        at java.util.concurrent.ThreadPoolExecutor.runWorker(ThreadPoolExecutor.java:1134)&#10;        at java.util.concurrent.ThreadPoolExecutor$Worker.run(ThreadPoolExecutor.java:624)&#10;        at java.lang.Thread.run(Thread.java:748)&#10;&quot;pool-66-thread-35&quot;  prio=5 tid=638 in Object.wait()&#10;java.lang.Thread.State: WAITING (on object monitor)&#10;        at sun.misc.Unsafe.park(Native Method)&#10;        at java.util.concurrent.locks.LockSupport.park(LockSupport.java:175)&#10;        at java.util.concurrent.locks.AbstractQueuedSynchronizer$ConditionObject.await(AbstractQueuedSynchronizer.java:2039)&#10;        at java.util.concurrent.ArrayBlockingQueue.take(ArrayBlockingQueue.java:403)&#10;        at java.util.concurrent.ThreadPoolExecutor.getTask(ThreadPoolExecutor.java:1074)&#10;        at java.util.concurrent.ThreadPoolExecutor.runWorker(ThreadPoolExecutor.java:1134)&#10;        at java.util.concurrent.ThreadPoolExecutor$Worker.run(ThreadPoolExecutor.java:624)&#10;        at java.lang.Thread.run(Thread.java:748)&#10;&quot;pool-36-thread-56&quot;  prio=5 tid=473 in Object.wait()&#10;java.lang.Thread.State: WAITING (on object monitor)&#10;        at sun.misc.Unsafe.park(Native Method)&#10;        at java.util.concurrent.locks.LockSupport.park(LockSupport.java:175)&#10;        at java.util.concurrent.locks.AbstractQueuedSynchronizer$ConditionObject.await(AbstractQueuedSynchronizer.java:2039)&#10;        at java.util.concurrent.ArrayBlockingQueue.take(ArrayBlockingQueue.java:403)&#10;        at java.util.concurrent.ThreadPoolExecutor.getTask(ThreadPoolExecutor.java:1074)&#10;        at java.util.concurrent.ThreadPoolExecutor.runWorker(ThreadPoolExecutor.java:1134)&#10;        at java.util.concurrent.ThreadPoolExecutor$Worker.run(ThreadPoolExecutor.java:624)&#10;        at java.lang.Thread.run(Thread.java:748)&#10;&quot;EventQueue-PipelineReportForPipelineReportHandler&quot; daemon prio=5 tid=693 in Object.wait()&#10;java.lang.Thread.State: WAITING (on object monitor)&#10;        at sun.misc.Unsafe.park(Native Method)&#10;        at java.util.concurrent.locks.LockSupport.park(LockSupport.java:175)&#10;        at java.util.concurrent.locks.AbstractQueuedSynchronizer$ConditionObject.await(AbstractQueuedSynchronizer.java:2039)&#10;        at java.util.concurrent.LinkedBlockingQueue.take(LinkedBlockingQueue.java:442)&#10;        at java.util.concurrent.ThreadPoolExecutor.getTask(ThreadPoolExecutor.java:1074)&#10;        at java.util.concurrent.ThreadPoolExecutor.runWorker(ThreadPoolExecutor.java:1134)&#10;        at java.util.concurrent.ThreadPoolExecutor$Worker.run(ThreadPoolExecutor.java:624)&#10;        at java.lang.Thread.run(Thread.java:748)&#10;&quot;IPC Server handler 12 on 42372&quot; daemon prio=5 tid=82 timed_waiting&#10;java.lang.Thread.State: TIMED_WAITING&#10;        at sun.misc.Unsafe.park(Native Method)&#10;        at java.util.concurrent.locks.LockSupport.parkNanos(LockSupport.java:215)&#10;        at java.util.concurrent.locks.AbstractQueuedSynchronizer$ConditionObject.awaitNanos(AbstractQueuedSynchronizer.java:2078)&#10;        at java.util.concurrent.LinkedBlockingQueue.poll(LinkedBlockingQueue.java:467)&#10;        at org.apache.hadoop.ipc.CallQueueManager.take(CallQueueManager.java:288)&#10;        at org.apache.hadoop.ipc.Server$Handler.run(Server.java:2668)&#10;&quot;pool-46-thread-35&quot;  prio=5 tid=405 in Object.wait()&#10;java.lang.Thread.State: WAITING (on object monitor)&#10;        at sun.misc.Unsafe.park(Native Method)&#10;        at java.util.concurrent.locks.LockSupport.park(LockSupport.java:175)&#10;        at java.util.concurrent.locks.AbstractQueuedSynchronizer$ConditionObject.await(AbstractQueuedSynchronizer.java:2039)&#10;        at java.util.concurrent.ArrayBlockingQueue.take(ArrayBlockingQueue.java:403)&#10;        at java.util.concurrent.ThreadPoolExecutor.getTask(ThreadPoolExecutor.java:1074)&#10;        at java.util.concurrent.ThreadPoolExecutor.runWorker(ThreadPoolExecutor.java:1134)&#10;        at java.util.concurrent.ThreadPoolExecutor$Worker.run(ThreadPoolExecutor.java:624)&#10;        at java.lang.Thread.run(Thread.java:748)&#10;&quot;Command processor thread&quot; daemon prio=5 tid=178 timed_waiting&#10;java.lang.Thread.State: TIMED_WAITING&#10;        at java.lang.Thread.sleep(Native Method)&#10;        at org.apache.hadoop.ozone.container.common.statemachine.DatanodeStateMachine.lambda$initCommandHandlerThread$1(DatanodeStateMachine.java:439)&#10;        at org.apache.hadoop.ozone.container.common.statemachine.DatanodeStateMachine$$Lambda$141/1097787199.run(Unknown Source)&#10;        at java.lang.Thread.run(Thread.java:748)&#10;&quot;57d83d75-a41d-4aa4-98a2-4186e05ab504@group-6F55AE0B2E8B-StateMachineUpdater&quot; daemon prio=5 tid=766 in Object.wait()&#10;java.lang.Thread.State: WAITING (on object monitor)&#10;        at java.lang.Object.wait(Native Method)&#10;        at java.lang.Object.wait(Object.java:502)&#10;        at org.apache.ratis.server.impl.StateMachineUpdater.waitForCommit(StateMachineUpdater.java:194)&#10;        at org.apache.ratis.server.impl.StateMachineUpdater.run(StateMachineUpdater.java:159)&#10;        at java.lang.Thread.run(Thread.java:748)&#10;&quot;pool-46-thread-41&quot;  prio=5 tid=420 in Object.wait()&#10;java.lang.Thread.State: WAITING (on object monitor)&#10;        at sun.misc.Unsafe.park(Native Method)&#10;        at java.util.concurrent.locks.LockSupport.park(LockSupport.java:175)&#10;        at java.util.concurrent.locks.AbstractQueuedSynchronizer$ConditionObject.await(AbstractQueuedSynchronizer.java:2039)&#10;        at java.util.concurrent.ArrayBlockingQueue.take(ArrayBlockingQueue.java:403)&#10;        at java.util.concurrent.ThreadPoolExecutor.getTask(ThreadPoolExecutor.java:1074)&#10;        at java.util.concurrent.ThreadPoolExecutor.runWorker(ThreadPoolExecutor.java:1134)&#10;        at java.util.concurrent.ThreadPoolExecutor$Worker.run(ThreadPoolExecutor.java:624)&#10;        at java.lang.Thread.run(Thread.java:748)&#10;&quot;metrics-hadoop-metrics2-reporter-52-thread-1&quot; daemon prio=5 tid=906 timed_waiting&#10;java.lang.Thread.State: TIMED_WAITING&#10;        at sun.misc.Unsafe.park(Native Method)&#10;        at java.util.concurrent.locks.LockSupport.parkNanos(LockSupport.java:215)&#10;        at java.util.concurrent.locks.AbstractQueuedSynchronizer$ConditionObject.awaitNanos(AbstractQueuedSynchronizer.java:2078)&#10;        at java.util.concurrent.ScheduledThreadPoolExecutor$DelayedWorkQueue.take(ScheduledThreadPoolExecutor.java:1093)&#10;        at java.util.concurrent.ScheduledThreadPoolExecutor$DelayedWorkQueue.take(ScheduledThreadPoolExecutor.java:809)&#10;        at java.util.concurrent.ThreadPoolExecutor.getTask(ThreadPoolExecutor.java:1074)&#10;        at java.util.concurrent.ThreadPoolExecutor.runWorker(ThreadPoolExecutor.java:1134)&#10;        at java.util.concurrent.ThreadPoolExecutor$Worker.run(ThreadPoolExecutor.java:624)&#10;        at java.lang.Thread.run(Thread.java:748)&#10;&quot;qtp1937022909-269-acceptor-0@734b9d24-ServerConnector@3cc97f44{HTTP/1.1,[http/1.1]}{0.0.0.0:44686}&quot; daemon prio=3 tid=269 runnable&#10;java.lang.Thread.State: RUNNABLE&#10;        at sun.nio.ch.ServerSocketChannelImpl.accept0(Native Method)&#10;        at sun.nio.ch.ServerSocketChannelImpl.accept(ServerSocketChannelImpl.java:422)&#10;        at sun.nio.ch.ServerSocketChannelImpl.accept(ServerSocketChannelImpl.java:250)&#10;        at org.eclipse.jetty.server.ServerConnector.accept(ServerConnector.java:397)&#10;        at org.eclipse.jetty.server.AbstractConnector$Acceptor.run(AbstractConnector.java:601)&#10;        at org.eclipse.jetty.util.thread.QueuedThreadPool.runJob(QueuedThreadPool.java:671)&#10;        at org.eclipse.jetty.util.thread.QueuedThreadPool$2.run(QueuedThreadPool.java:589)&#10;        at java.lang.Thread.run(Thread.java:748)&#10;&quot;Thread-242&quot; daemon prio=5 tid=746 timed_waiting&#10;java.lang.Thread.State: TIMED_WAITING&#10;        at sun.misc.Unsafe.park(Native Method)&#10;        at java.util.concurrent.locks.LockSupport.parkNanos(LockSupport.java:215)&#10;        at java.util.concurrent.locks.AbstractQueuedSynchronizer$ConditionObject.awaitNanos(AbstractQueuedSynchronizer.java:2078)&#10;        at java.util.concurrent.ArrayBlockingQueue.poll(ArrayBlockingQueue.java:418)&#10;        at org.apache.ratis.server.impl.LeaderState$EventQueue.poll(LeaderState.java:115)&#10;        at org.apache.ratis.server.impl.LeaderState$EventProcessor.run(LeaderState.java:467)&#10;&quot;pool-76-thread-55&quot;  prio=5 tid=649 in Object.wait()&#10;java.lang.Thread.State: WAITING (on object monitor)&#10;        at sun.misc.Unsafe.park(Native Method)&#10;        at java.util.concurrent.locks.LockSupport.park(LockSupport.java:175)&#10;        at java.util.concurrent.locks.AbstractQueuedSynchronizer$ConditionObject.await(AbstractQueuedSynchronizer.java:2039)&#10;        at java.util.concurrent.ArrayBlockingQueue.take(ArrayBlockingQueue.java:403)&#10;        at java.util.concurrent.ThreadPoolExecutor.getTask(ThreadPoolExecutor.java:1074)&#10;        at java.util.concurrent.ThreadPoolExecutor.runWorker(ThreadPoolExecutor.java:1134)&#10;        at java.util.concurrent.ThreadPoolExecutor$Worker.run(ThreadPoolExecutor.java:624)&#10;        at java.lang.Thread.run(Thread.java:748)&#10;&quot;pool-46-thread-4&quot;  prio=5 tid=318 in Object.wait()&#10;java.lang.Thread.State: WAITING (on object monitor)&#10;        at sun.misc.Unsafe.park(Native Method)&#10;        at java.util.concurrent.locks.LockSupport.park(LockSupport.java:175)&#10;        at java.util.concurrent.locks.AbstractQueuedSynchronizer$ConditionObject.await(AbstractQueuedSynchronizer.java:2039)&#10;        at java.util.concurrent.ArrayBlockingQueue.take(ArrayBlockingQueue.java:403)&#10;        at java.util.concurrent.ThreadPoolExecutor.getTask(ThreadPoolExecutor.java:1074)&#10;        at java.util.concurrent.ThreadPoolExecutor.runWorker(ThreadPoolExecutor.java:1134)&#10;        at java.util.concurrent.ThreadPoolExecutor$Worker.run(ThreadPoolExecutor.java:624)&#10;        at java.lang.Thread.run(Thread.java:748)&#10;&quot;Datanode State Machine Thread - 0&quot; daemon prio=5 tid=313 timed_waiting&#10;java.lang.Thread.State: TIMED_WAITING&#10;        at sun.misc.Unsafe.park(Native Method)&#10;        at java.util.concurrent.locks.LockSupport.parkNanos(LockSupport.java:215)&#10;        at java.util.concurrent.SynchronousQueue$TransferStack.awaitFulfill(SynchronousQueue.java:460)&#10;        at java.util.concurrent.SynchronousQueue$TransferStack.transfer(SynchronousQueue.java:362)&#10;        at java.util.concurrent.SynchronousQueue.poll(SynchronousQueue.java:941)&#10;        at java.util.concurrent.ThreadPoolExecutor.getTask(ThreadPoolExecutor.java:1073)&#10;        at java.util.concurrent.ThreadPoolExecutor.runWorker(ThreadPoolExecutor.java:1134)&#10;        at java.util.concurrent.ThreadPoolExecutor$Worker.run(ThreadPoolExecutor.java:624)&#10;        at java.lang.Thread.run(Thread.java:748)&#10;&quot;pool-36-thread-4&quot;  prio=5 tid=328 in Object.wait()&#10;java.lang.Thread.State: WAITING (on object monitor)&#10;        at sun.misc.Unsafe.park(Native Method)&#10;        at java.util.concurrent.locks.LockSupport.park(LockSupport.java:175)&#10;        at java.util.concurrent.locks.AbstractQueuedSynchronizer$ConditionObject.await(AbstractQueuedSynchronizer.java:2039)&#10;        at java.util.concurrent.ArrayBlockingQueue.take(ArrayBlockingQueue.java:403)&#10;        at java.util.concurrent.ThreadPoolExecutor.getTask(ThreadPoolExecutor.java:1074)&#10;        at java.util.concurrent.ThreadPoolExecutor.runWorker(ThreadPoolExecutor.java:1134)&#10;        at java.util.concurrent.ThreadPoolExecutor$Worker.run(ThreadPoolExecutor.java:624)&#10;        at java.lang.Thread.run(Thread.java:748)&#10;&quot;metrics-hadoop-metrics2-reporter-13-thread-1&quot; daemon prio=5 tid=731 timed_waiting&#10;java.lang.Thread.State: TIMED_WAITING&#10;        at sun.misc.Unsafe.park(Native Method)&#10;        at java.util.concurrent.locks.LockSupport.parkNanos(LockSupport.java:215)&#10;        at java.util.concurrent.locks.AbstractQueuedSynchronizer$ConditionObject.awaitNanos(AbstractQueuedSynchronizer.java:2078)&#10;        at java.util.concurrent.ScheduledThreadPoolExecutor$DelayedWorkQueue.take(ScheduledThreadPoolExecutor.java:1093)&#10;        at java.util.concurrent.ScheduledThreadPoolExecutor$DelayedWorkQueue.take(ScheduledThreadPoolExecutor.java:809)&#10;        at java.util.concurrent.ThreadPoolExecutor.getTask(ThreadPoolExecutor.java:1074)&#10;        at java.util.concurrent.ThreadPoolExecutor.runWorker(ThreadPoolExecutor.java:1134)&#10;        at java.util.concurrent.ThreadPoolExecutor$Worker.run(ThreadPoolExecutor.java:624)&#10;        at java.lang.Thread.run(Thread.java:748)&#10;&quot;pool-76-thread-12&quot;  prio=5 tid=584 in Object.wait()&#10;java.lang.Thread.State: WAITING (on object monitor)&#10;        at sun.misc.Unsafe.park(Native Method)&#10;        at java.util.concurrent.locks.LockSupport.park(LockSupport.java:175)&#10;        at java.util.concurrent.locks.AbstractQueuedSynchronizer$ConditionObject.await(AbstractQueuedSynchronizer.java:2039)&#10;        at java.util.concurrent.ArrayBlockingQueue.take(ArrayBlockingQueue.java:403)&#10;        at java.util.concurrent.ThreadPoolExecutor.getTask(ThreadPoolExecutor.java:1074)&#10;        at java.util.concurrent.ThreadPoolExecutor.runWorker(ThreadPoolExecutor.java:1134)&#10;        at java.util.concurrent.ThreadPoolExecutor$Worker.run(ThreadPoolExecutor.java:624)&#10;        at java.lang.Thread.run(Thread.java:748)&#10;&quot;metrics-hadoop-metrics2-reporter-48-thread-1&quot; daemon prio=5 tid=859 timed_waiting&#10;java.lang.Thread.State: TIMED_WAITING&#10;        at sun.misc.Unsafe.park(Native Method)&#10;        at java.util.concurrent.locks.LockSupport.parkNanos(LockSupport.java:215)&#10;        at java.util.concurrent.locks.AbstractQueuedSynchronizer$ConditionObject.awaitNanos(AbstractQueuedSynchronizer.java:2078)&#10;        at java.util.concurrent.ScheduledThreadPoolExecutor$DelayedWorkQueue.take(ScheduledThreadPoolExecutor.java:1093)&#10;        at java.util.concurrent.ScheduledThreadPoolExecutor$DelayedWorkQueue.take(ScheduledThreadPoolExecutor.java:809)&#10;        at java.util.concurrent.ThreadPoolExecutor.getTask(ThreadPoolExecutor.java:1074)&#10;        at java.util.concurrent.ThreadPoolExecutor.runWorker(ThreadPoolExecutor.java:1134)&#10;        at java.util.concurrent.ThreadPoolExecutor$Worker.run(ThreadPoolExecutor.java:624)&#10;        at java.lang.Thread.run(Thread.java:748)&#10;&quot;pool-56-thread-43&quot;  prio=5 tid=537 in Object.wait()&#10;java.lang.Thread.State: WAITING (on object monitor)&#10;        at sun.misc.Unsafe.park(Native Method)&#10;        at java.util.concurrent.locks.LockSupport.park(LockSupport.java:175)&#10;        at java.util.concurrent.locks.AbstractQueuedSynchronizer$ConditionObject.await(AbstractQueuedSynchronizer.java:2039)&#10;        at java.util.concurrent.ArrayBlockingQueue.take(ArrayBlockingQueue.java:403)&#10;        at java.util.concurrent.ThreadPoolExecutor.getTask(ThreadPoolExecutor.java:1074)&#10;        at java.util.concurrent.ThreadPoolExecutor.runWorker(ThreadPoolExecutor.java:1134)&#10;        at java.util.concurrent.ThreadPoolExecutor$Worker.run(ThreadPoolExecutor.java:624)&#10;        at java.lang.Thread.run(Thread.java:748)&#10;&quot;pool-76-thread-14&quot;  prio=5 tid=590 in Object.wait()&#10;java.lang.Thread.State: WAITING (on object monitor)&#10;        at sun.misc.Unsafe.park(Native Method)&#10;        at java.util.concurrent.locks.LockSupport.park(LockSupport.java:175)&#10;        at java.util.concurrent.locks.AbstractQueuedSynchronizer$ConditionObject.await(AbstractQueuedSynchronizer.java:2039)&#10;        at java.util.concurrent.ArrayBlockingQueue.take(ArrayBlockingQueue.java:403)&#10;        at java.util.concurrent.ThreadPoolExecutor.getTask(ThreadPoolExecutor.java:1074)&#10;        at java.util.concurrent.ThreadPoolExecutor.runWorker(ThreadPoolExecutor.java:1134)&#10;        at java.util.concurrent.ThreadPoolExecutor$Worker.run(ThreadPoolExecutor.java:624)&#10;        at java.lang.Thread.run(Thread.java:748)&#10;&quot;pool-26-thread-26&quot;  prio=5 tid=401 in Object.wait()&#10;java.lang.Thread.State: WAITING (on object monitor)&#10;        at sun.misc.Unsafe.park(Native Method)&#10;        at java.util.concurrent.locks.LockSupport.park(LockSupport.java:175)&#10;        at java.util.concurrent.locks.AbstractQueuedSynchronizer$ConditionObject.await(AbstractQueuedSynchronizer.java:2039)&#10;        at java.util.concurrent.ArrayBlockingQueue.take(ArrayBlockingQueue.java:403)&#10;        at java.util.concurrent.ThreadPoolExecutor.getTask(ThreadPoolExecutor.java:1074)&#10;        at java.util.concurrent.ThreadPoolExecutor.runWorker(ThreadPoolExecutor.java:1134)&#10;        at java.util.concurrent.ThreadPoolExecutor$Worker.run(ThreadPoolExecutor.java:624)&#10;        at java.lang.Thread.run(Thread.java:748)&#10;&quot;Socket Reader #1 for port 42372&quot;  prio=5 tid=16 runnable&#10;java.lang.Thread.State: RUNNABLE&#10;        at sun.nio.ch.EPollArrayWrapper.epollWait(Native Method)&#10;        at sun.nio.ch.EPollArrayWrapper.poll(EPollArrayWrapper.java:269)&#10;        at sun.nio.ch.EPollSelectorImpl.doSelect(EPollSelectorImpl.java:93)&#10;        at sun.nio.ch.SelectorImpl.lockAndDoSelect(SelectorImpl.java:86)&#10;        at sun.nio.ch.SelectorImpl.select(SelectorImpl.java:97)&#10;        at sun.nio.ch.SelectorImpl.select(SelectorImpl.java:101)&#10;        at org.apache.hadoop.ipc.Server$Listener$Reader.doRunLoop(Server.java:1097)&#10;        at org.apache.hadoop.ipc.Server$Listener$Reader.run(Server.java:1076)&#10;&quot;57d83d75-a41d-4aa4-98a2-4186e05ab504@group-812BEF14F159-StateMachineUpdater&quot; daemon prio=5 tid=983 in Object.wait()&#10;java.lang.Thread.State: WAITING (on object monitor)&#10;        at java.lang.Object.wait(Native Method)&#10;        at java.lang.Object.wait(Object.java:502)&#10;        at org.apache.ratis.server.impl.StateMachineUpdater.waitForCommit(StateMachineUpdater.java:194)&#10;        at org.apache.ratis.server.impl.StateMachineUpdater.run(StateMachineUpdater.java:159)&#10;        at java.lang.Thread.run(Thread.java:748)&#10;&quot;pool-36-thread-35&quot;  prio=5 tid=415 in Object.wait()&#10;java.lang.Thread.State: WAITING (on object monitor)&#10;        at sun.misc.Unsafe.park(Native Method)&#10;        at java.util.concurrent.locks.LockSupport.park(LockSupport.java:175)&#10;        at java.util.concurrent.locks.AbstractQueuedSynchronizer$ConditionObject.await(AbstractQueuedSynchronizer.java:2039)&#10;        at java.util.concurrent.ArrayBlockingQueue.take(ArrayBlockingQueue.java:403)&#10;        at java.util.concurrent.ThreadPoolExecutor.getTask(ThreadPoolExecutor.java:1074)&#10;        at java.util.concurrent.ThreadPoolExecutor.runWorker(ThreadPoolExecutor.java:1134)&#10;        at java.util.concurrent.ThreadPoolExecutor$Worker.run(ThreadPoolExecutor.java:624)&#10;        at java.lang.Thread.run(Thread.java:748)&#10;&quot;Datanode ReportManager Thread - 3&quot; daemon prio=5 tid=229 in Object.wait()&#10;java.lang.Thread.State: WAITING (on object monitor)&#10;        at sun.misc.Unsafe.park(Native Method)&#10;        at java.util.concurrent.locks.LockSupport.park(LockSupport.java:175)&#10;        at java.util.concurrent.locks.AbstractQueuedSynchronizer$ConditionObject.await(AbstractQueuedSynchronizer.java:2039)&#10;        at java.util.concurrent.ScheduledThreadPoolExecutor$DelayedWorkQueue.take(ScheduledThreadPoolExecutor.java:1088)&#10;        at java.util.concurrent.ScheduledThreadPoolExecutor$DelayedWorkQueue.take(ScheduledThreadPoolExecutor.java:809)&#10;        at java.util.concurrent.ThreadPoolExecutor.getTask(ThreadPoolExecutor.java:1074)&#10;        at java.util.concurrent.ThreadPoolExecutor.runWorker(ThreadPoolExecutor.java:1134)&#10;        at java.util.concurrent.ThreadPoolExecutor$Worker.run(ThreadPoolExecutor.java:624)&#10;        at java.lang.Thread.run(Thread.java:748)&#10;&quot;pool-56-thread-51&quot;  prio=5 tid=545 in Object.wait()&#10;java.lang.Thread.State: WAITING (on object monitor)&#10;        at sun.misc.Unsafe.park(Native Method)&#10;        at java.util.concurrent.locks.LockSupport.park(LockSupport.java:175)&#10;        at java.util.concurrent.locks.AbstractQueuedSynchronizer$ConditionObject.await(AbstractQueuedSynchronizer.java:2039)&#10;        at java.util.concurrent.ArrayBlockingQueue.take(ArrayBlockingQueue.java:403)&#10;        at java.util.concurrent.ThreadPoolExecutor.getTask(ThreadPoolExecutor.java:1074)&#10;        at java.util.concurrent.ThreadPoolExecutor.runWorker(ThreadPoolExecutor.java:1134)&#10;        at java.util.concurrent.ThreadPoolExecutor$Worker.run(ThreadPoolExecutor.java:624)&#10;        at java.lang.Thread.run(Thread.java:748)&#10;&quot;pool-66-thread-25&quot;  prio=5 tid=599 in Object.wait()&#10;java.lang.Thread.State: WAITING (on object monitor)&#10;        at sun.misc.Unsafe.park(Native Method)&#10;        at java.util.concurrent.locks.LockSupport.park(LockSupport.java:175)&#10;        at java.util.concurrent.locks.AbstractQueuedSynchronizer$ConditionObject.await(AbstractQueuedSynchronizer.java:2039)&#10;        at java.util.concurrent.ArrayBlockingQueue.take(ArrayBlockingQueue.java:403)&#10;        at java.util.concurrent.ThreadPoolExecutor.getTask(ThreadPoolExecutor.java:1074)&#10;        at java.util.concurrent.ThreadPoolExecutor.runWorker(ThreadPoolExecutor.java:1134)&#10;        at java.util.concurrent.ThreadPoolExecutor$Worker.run(ThreadPoolExecutor.java:624)&#10;        at java.lang.Thread.run(Thread.java:748)&#10;&quot;pool-46-thread-14&quot;  prio=5 tid=349 in Object.wait()&#10;java.lang.Thread.State: WAITING (on object monitor)&#10;        at sun.misc.Unsafe.park(Native Method)&#10;        at java.util.concurrent.locks.LockSupport.park(LockSupport.java:175)&#10;        at java.util.concurrent.locks.AbstractQueuedSynchronizer$ConditionObject.await(AbstractQueuedSynchronizer.java:2039)&#10;        at java.util.concurrent.ArrayBlockingQueue.take(ArrayBlockingQueue.java:403)&#10;        at java.util.concurrent.ThreadPoolExecutor.getTask(ThreadPoolExecutor.java:1074)&#10;        at java.util.concurrent.ThreadPoolExecutor.runWorker(ThreadPoolExecutor.java:1134)&#10;        at java.util.concurrent.ThreadPoolExecutor$Worker.run(ThreadPoolExecutor.java:624)&#10;        at java.lang.Thread.run(Thread.java:748)&#10;&quot;pool-26-thread-60&quot;  prio=5 tid=516 in Object.wait()&#10;java.lang.Thread.State: WAITING (on object monitor)&#10;        at sun.misc.Unsafe.park(Native Method)&#10;        at java.util.concurrent.locks.LockSupport.park(LockSupport.java:175)&#10;        at java.util.concurrent.locks.AbstractQueuedSynchronizer$ConditionObject.await(AbstractQueuedSynchronizer.java:2039)&#10;        at java.util.concurrent.ArrayBlockingQueue.take(ArrayBlockingQueue.java:403)&#10;        at java.util.concurrent.ThreadPoolExecutor.getTask(ThreadPoolExecutor.java:1074)&#10;        at java.util.concurrent.ThreadPoolExecutor.runWorker(ThreadPoolExecutor.java:1134)&#10;        at java.util.concurrent.ThreadPoolExecutor$Worker.run(ThreadPoolExecutor.java:624)&#10;        at java.lang.Thread.run(Thread.java:748)&#10;&quot;pool-56-thread-15&quot;  prio=5 tid=503 in Object.wait()&#10;java.lang.Thread.State: WAITING (on object monitor)&#10;        at sun.misc.Unsafe.park(Native Method)&#10;        at java.util.concurrent.locks.LockSupport.park(LockSupport.java:175)&#10;        at java.util.concurrent.locks.AbstractQueuedSynchronizer$ConditionObject.await(AbstractQueuedSynchronizer.java:2039)&#10;        at java.util.concurrent.ArrayBlockingQueue.take(ArrayBlockingQueue.java:403)&#10;        at java.util.concurrent.ThreadPoolExecutor.getTask(ThreadPoolExecutor.java:1074)&#10;        at java.util.concurrent.ThreadPoolExecutor.runWorker(ThreadPoolExecutor.java:1134)&#10;        at java.util.concurrent.ThreadPoolExecutor$Worker.run(ThreadPoolExecutor.java:624)&#10;        at java.lang.Thread.run(Thread.java:748)&#10;&quot;pool-76-thread-30&quot;  prio=5 tid=615 in Object.wait()&#10;java.lang.Thread.State: WAITING (on object monitor)&#10;        at sun.misc.Unsafe.park(Native Method)&#10;        at java.util.concurrent.locks.LockSupport.park(LockSupport.java:175)&#10;        at java.util.concurrent.locks.AbstractQueuedSynchronizer$ConditionObject.await(AbstractQueuedSynchronizer.java:2039)&#10;        at java.util.concurrent.ArrayBlockingQueue.take(ArrayBlockingQueue.java:403)&#10;        at java.util.concurrent.ThreadPoolExecutor.getTask(ThreadPoolExecutor.java:1074)&#10;        at java.util.concurrent.ThreadPoolExecutor.runWorker(ThreadPoolExecutor.java:1134)&#10;        at java.util.concurrent.ThreadPoolExecutor$Worker.run(ThreadPoolExecutor.java:624)&#10;        at java.lang.Thread.run(Thread.java:748)&#10;&quot;Periodic HDDS volume checker&quot;  prio=5 tid=234 timed_waiting&#10;java.lang.Thread.State: TIMED_WAITING&#10;        at sun.misc.Unsafe.park(Native Method)&#10;        at java.util.concurrent.locks.LockSupport.parkNanos(LockSupport.java:215)&#10;        at java.util.concurrent.locks.AbstractQueuedSynchronizer$ConditionObject.awaitNanos(AbstractQueuedSynchronizer.java:2078)&#10;        at java.util.concurrent.ScheduledThreadPoolExecutor$DelayedWorkQueue.take(ScheduledThreadPoolExecutor.java:1093)&#10;        at java.util.concurrent.ScheduledThreadPoolExecutor$DelayedWorkQueue.take(ScheduledThreadPoolExecutor.java:809)&#10;        at java.util.concurrent.ThreadPoolExecutor.getTask(ThreadPoolExecutor.java:1074)&#10;        at java.util.concurrent.ThreadPoolExecutor.runWorker(ThreadPoolExecutor.java:1134)&#10;        at java.util.concurrent.ThreadPoolExecutor$Worker.run(ThreadPoolExecutor.java:624)&#10;        at java.lang.Thread.run(Thread.java:748)&#10;&quot;IPC Server handler 3 on 45420&quot; daemon prio=5 tid=33 timed_waiting&#10;java.lang.Thread.State: TIMED_WAITING&#10;        at sun.misc.Unsafe.park(Native Method)&#10;        at java.util.concurrent.locks.LockSupport.parkNanos(LockSupport.java:215)&#10;        at java.util.concurrent.locks.AbstractQueuedSynchronizer$ConditionObject.awaitNanos(AbstractQueuedSynchronizer.java:2078)&#10;        at java.util.concurrent.LinkedBlockingQueue.poll(LinkedBlockingQueue.java:467)&#10;        at org.apache.hadoop.ipc.CallQueueManager.take(CallQueueManager.java:288)&#10;        at org.apache.hadoop.ipc.Server$Handler.run(Server.java:2668)&#10;&quot;pool-36-thread-32&quot;  prio=5 tid=410 in Object.wait()&#10;java.lang.Thread.State: WAITING (on object monitor)&#10;        at sun.misc.Unsafe.park(Native Method)&#10;        at java.util.concurrent.locks.LockSupport.park(LockSupport.java:175)&#10;        at java.util.concurrent.locks.AbstractQueuedSynchronizer$ConditionObject.await(AbstractQueuedSynchronizer.java:2039)&#10;        at java.util.concurrent.ArrayBlockingQueue.take(ArrayBlockingQueue.java:403)&#10;        at java.util.concurrent.ThreadPoolExecutor.getTask(ThreadPoolExecutor.java:1074)&#10;        at java.util.concurrent.ThreadPoolExecutor.runWorker(ThreadPoolExecutor.java:1134)&#10;        at java.util.concurrent.ThreadPoolExecutor$Worker.run(ThreadPoolExecutor.java:624)&#10;        at java.lang.Thread.run(Thread.java:748)&#10;&quot;05f59524-a4ea-4be4-b99d-fb9eed47142d@group-9DC5606B5DE8-StateMachineUpdater&quot; daemon prio=5 tid=950 in Object.wait()&#10;java.lang.Thread.State: WAITING (on object monitor)&#10;        at java.lang.Object.wait(Native Method)&#10;        at java.lang.Object.wait(Object.java:502)&#10;        at org.apache.ratis.server.impl.StateMachineUpdater.waitForCommit(StateMachineUpdater.java:194)&#10;        at org.apache.ratis.server.impl.StateMachineUpdater.run(StateMachineUpdater.java:159)&#10;        at java.lang.Thread.run(Thread.java:748)&#10;&quot;pool-50-thread-1&quot;  prio=5 tid=213 timed_waiting&#10;java.lang.Thread.State: TIMED_WAITING&#10;        at sun.misc.Unsafe.park(Native Method)&#10;        at java.util.concurrent.locks.LockSupport.parkNanos(LockSupport.java:215)&#10;        at java.util.concurrent.locks.AbstractQueuedSynchronizer$ConditionObject.awaitNanos(AbstractQueuedSynchronizer.java:2078)&#10;        at java.util.concurrent.ScheduledThreadPoolExecutor$DelayedWorkQueue.take(ScheduledThreadPoolExecutor.java:1093)&#10;        at java.util.concurrent.ScheduledThreadPoolExecutor$DelayedWorkQueue.take(ScheduledThreadPoolExecutor.java:809)&#10;        at java.util.concurrent.ThreadPoolExecutor.getTask(ThreadPoolExecutor.java:1074)&#10;        at java.util.concurrent.ThreadPoolExecutor.runWorker(ThreadPoolExecutor.java:1134)&#10;        at java.util.concurrent.ThreadPoolExecutor$Worker.run(ThreadPoolExecutor.java:624)&#10;        at java.lang.Thread.run(Thread.java:748)&#10;&quot;pool-56-thread-56&quot;  prio=5 tid=550 in Object.wait()&#10;java.lang.Thread.State: WAITING (on object monitor)&#10;        at sun.misc.Unsafe.park(Native Method)&#10;        at java.util.concurrent.locks.LockSupport.park(LockSupport.java:175)&#10;        at java.util.concurrent.locks.AbstractQueuedSynchronizer$ConditionObject.await(AbstractQueuedSynchronizer.java:2039)&#10;        at java.util.concurrent.ArrayBlockingQueue.take(ArrayBlockingQueue.java:403)&#10;        at java.util.concurrent.ThreadPoolExecutor.getTask(ThreadPoolExecutor.java:1074)&#10;        at java.util.concurrent.ThreadPoolExecutor.runWorker(ThreadPoolExecutor.java:1134)&#10;        at java.util.concurrent.ThreadPoolExecutor$Worker.run(ThreadPoolExecutor.java:624)&#10;        at java.lang.Thread.run(Thread.java:748)&#10;&quot;refreshUsed-/workdir/hadoop-ozone/integration-test/target/test-dir/MiniOzoneClusterImpl-eeadbacc-06c2-472c-a3f4-8a25f61a295a/datanode-5/data/containers&quot; daemon prio=5 tid=290 timed_waiting&#10;java.lang.Thread.State: TIMED_WAITING&#10;        at java.lang.Thread.sleep(Native Method)&#10;        at org.apache.hadoop.fs.CachingGetSpaceUsed$RefreshThread.run(CachingGetSpaceUsed.java:179)&#10;        at java.lang.Thread.run(Thread.java:748)&#10;&quot;metrics-hadoop-metrics2-reporter-22-thread-1&quot; daemon prio=5 tid=755 timed_waiting&#10;java.lang.Thread.State: TIMED_WAITING&#10;        at sun.misc.Unsafe.park(Native Method)&#10;        at java.util.concurrent.locks.LockSupport.parkNanos(LockSupport.java:215)&#10;        at java.util.concurrent.locks.AbstractQueuedSynchronizer$ConditionObject.awaitNanos(AbstractQueuedSynchronizer.java:2078)&#10;        at java.util.concurrent.ScheduledThreadPoolExecutor$DelayedWorkQueue.take(ScheduledThreadPoolExecutor.java:1093)&#10;        at java.util.concurrent.ScheduledThreadPoolExecutor$DelayedWorkQueue.take(ScheduledThreadPoolExecutor.java:809)&#10;        at java.util.concurrent.ThreadPoolExecutor.getTask(ThreadPoolExecutor.java:1074)&#10;        at java.util.concurrent.ThreadPoolExecutor.runWorker(ThreadPoolExecutor.java:1134)&#10;        at java.util.concurrent.ThreadPoolExecutor$Worker.run(ThreadPoolExecutor.java:624)&#10;        at java.lang.Thread.run(Thread.java:748)&#10;&quot;metrics-hadoop-metrics2-reporter-4-thread-1&quot; daemon prio=5 tid=709 timed_waiting&#10;java.lang.Thread.State: TIMED_WAITING&#10;        at sun.misc.Unsafe.park(Native Method)&#10;        at java.util.concurrent.locks.LockSupport.parkNanos(LockSupport.java:215)&#10;        at java.util.concurrent.locks.AbstractQueuedSynchronizer$ConditionObject.awaitNanos(AbstractQueuedSynchronizer.java:2078)&#10;        at java.util.concurrent.ScheduledThreadPoolExecutor$DelayedWorkQueue.take(ScheduledThreadPoolExecutor.java:1093)&#10;        at java.util.concurrent.ScheduledThreadPoolExecutor$DelayedWorkQueue.take(ScheduledThreadPoolExecutor.java:809)&#10;        at java.util.concurrent.ThreadPoolExecutor.getTask(ThreadPoolExecutor.java:1074)&#10;        at java.util.concurrent.ThreadPoolExecutor.runWorker(ThreadPoolExecutor.java:1134)&#10;        at java.util.concurrent.ThreadPoolExecutor$Worker.run(ThreadPoolExecutor.java:624)&#10;        at java.lang.Thread.run(Thread.java:748)&#10;&quot;qtp2139397088-216&quot; daemon prio=5 tid=216 timed_waiting&#10;java.lang.Thread.State: TIMED_WAITING&#10;        at sun.misc.Unsafe.park(Native Method)&#10;        at java.util.concurrent.locks.LockSupport.parkNanos(LockSupport.java:215)&#10;        at java.util.concurrent.locks.AbstractQueuedSynchronizer$ConditionObject.awaitNanos(AbstractQueuedSynchronizer.java:2078)&#10;        at org.eclipse.jetty.util.BlockingArrayQueue.poll(BlockingArrayQueue.java:392)&#10;        at org.eclipse.jetty.util.thread.QueuedThreadPool.idleJobPoll(QueuedThreadPool.java:563)&#10;        at org.eclipse.jetty.util.thread.QueuedThreadPool.access$800(QueuedThreadPool.java:48)&#10;        at org.eclipse.jetty.util.thread.QueuedThreadPool$2.run(QueuedThreadPool.java:626)&#10;        at java.lang.Thread.run(Thread.java:748)&#10;&quot;metrics-hadoop-metrics2-reporter-69-thread-1&quot; daemon prio=5 tid=986 timed_waiting&#10;java.lang.Thread.State: TIMED_WAITING&#10;        at sun.misc.Unsafe.park(Native Method)&#10;        at java.util.concurrent.locks.LockSupport.parkNanos(LockSupport.java:215)&#10;        at java.util.concurrent.locks.AbstractQueuedSynchronizer$ConditionObject.awaitNanos(AbstractQueuedSynchronizer.java:2078)&#10;        at java.util.concurrent.ScheduledThreadPoolExecutor$DelayedWorkQueue.take(ScheduledThreadPoolExecutor.java:1093)&#10;        at java.util.concurrent.ScheduledThreadPoolExecutor$DelayedWorkQueue.take(ScheduledThreadPoolExecutor.java:809)&#10;        at java.util.concurrent.ThreadPoolExecutor.getTask(ThreadPoolExecutor.java:1074)&#10;        at java.util.concurrent.ThreadPoolExecutor.runWorker(ThreadPoolExecutor.java:1134)&#10;        at java.util.concurrent.ThreadPoolExecutor$Worker.run(ThreadPoolExecutor.java:624)&#10;        at java.lang.Thread.run(Thread.java:748)&#10;&quot;IPC Server handler 14 on 42372&quot; daemon prio=5 tid=84 timed_waiting&#10;java.lang.Thread.State: TIMED_WAITING&#10;        at sun.misc.Unsafe.park(Native Method)&#10;        at java.util.concurrent.locks.LockSupport.parkNanos(LockSupport.java:215)&#10;        at java.util.concurrent.locks.AbstractQueuedSynchronizer$ConditionObject.awaitNanos(AbstractQueuedSynchronizer.java:2078)&#10;        at java.util.concurrent.LinkedBlockingQueue.poll(LinkedBlockingQueue.java:467)&#10;        at org.apache.hadoop.ipc.CallQueueManager.take(CallQueueManager.java:288)&#10;        at org.apache.hadoop.ipc.Server$Handler.run(Server.java:2668)&#10;&quot;pool-36-thread-2&quot;  prio=5 tid=322 in Object.wait()&#10;java.lang.Thread.State: WAITING (on object monitor)&#10;        at sun.misc.Unsafe.park(Native Method)&#10;        at java.util.concurrent.locks.LockSupport.park(LockSupport.java:175)&#10;        at java.util.concurrent.locks.AbstractQueuedSynchronizer$ConditionObject.await(AbstractQueuedSynchronizer.java:2039)&#10;        at java.util.concurrent.ArrayBlockingQueue.take(ArrayBlockingQueue.java:403)&#10;        at java.util.concurrent.ThreadPoolExecutor.getTask(ThreadPoolExecutor.java:1074)&#10;        at java.util.concurrent.ThreadPoolExecutor.runWorker(ThreadPoolExecutor.java:1134)&#10;        at java.util.concurrent.ThreadPoolExecutor$Worker.run(ThreadPoolExecutor.java:624)&#10;        at java.lang.Thread.run(Thread.java:748)&#10;&quot;org.apache.hadoop.util.JvmPauseMonitor$Monitor@30c7da5e&quot; daemon prio=5 tid=231 timed_waiting&#10;java.lang.Thread.State: TIMED_WAITING&#10;        at java.lang.Thread.sleep(Native Method)&#10;        at org.apache.hadoop.util.JvmPauseMonitor$Monitor.run(JvmPauseMonitor.java:192)&#10;        at java.lang.Thread.run(Thread.java:748)&#10;&quot;grpc-default-executor-4&quot; daemon prio=5 tid=848 timed_waiting&#10;java.lang.Thread.State: TIMED_WAITING&#10;        at sun.misc.Unsafe.park(Native Method)&#10;        at java.util.concurrent.locks.LockSupport.parkNanos(LockSupport.java:215)&#10;        at java.util.concurrent.SynchronousQueue$TransferStack.awaitFulfill(SynchronousQueue.java:460)&#10;        at java.util.concurrent.SynchronousQueue$TransferStack.transfer(SynchronousQueue.java:362)&#10;        at java.util.concurrent.SynchronousQueue.poll(SynchronousQueue.java:941)&#10;        at java.util.concurrent.ThreadPoolExecutor.getTask(ThreadPoolExecutor.java:1073)&#10;        at java.util.concurrent.ThreadPoolExecutor.runWorker(ThreadPoolExecutor.java:1134)&#10;        at java.util.concurrent.ThreadPoolExecutor$Worker.run(ThreadPoolExecutor.java:624)&#10;        at java.lang.Thread.run(Thread.java:748)&#10;&quot;metrics-hadoop-metrics2-reporter-80-thread-1&quot; daemon prio=5 tid=1052 timed_waiting&#10;java.lang.Thread.State: TIMED_WAITING&#10;        at sun.misc.Unsafe.park(Native Method)&#10;        at java.util.concurrent.locks.LockSupport.parkNanos(LockSupport.java:215)&#10;        at java.util.concurrent.locks.AbstractQueuedSynchronizer$ConditionObject.awaitNanos(AbstractQueuedSynchronizer.java:2078)&#10;        at java.util.concurrent.ScheduledThreadPoolExecutor$DelayedWorkQueue.take(ScheduledThreadPoolExecutor.java:1093)&#10;        at java.util.concurrent.ScheduledThreadPoolExecutor$DelayedWorkQueue.take(ScheduledThreadPoolExecutor.java:809)&#10;        at java.util.concurrent.ThreadPoolExecutor.getTask(ThreadPoolExecutor.java:1074)&#10;        at java.util.concurrent.ThreadPoolExecutor.runWorker(ThreadPoolExecutor.java:1134)&#10;        at java.util.concurrent.ThreadPoolExecutor$Worker.run(ThreadPoolExecutor.java:624)&#10;        at java.lang.Thread.run(Thread.java:748)&#10;&quot;pool-76-thread-48&quot;  prio=5 tid=637 in Object.wait()&#10;java.lang.Thread.State: WAITING (on object monitor)&#10;        at sun.misc.Unsafe.park(Native Method)&#10;        at java.util.concurrent.locks.LockSupport.park(LockSupport.java:175)&#10;        at java.util.concurrent.locks.AbstractQueuedSynchronizer$ConditionObject.await(AbstractQueuedSynchronizer.java:2039)&#10;        at java.util.concurrent.ArrayBlockingQueue.take(ArrayBlockingQueue.java:403)&#10;        at java.util.concurrent.ThreadPoolExecutor.getTask(ThreadPoolExecutor.java:1074)&#10;        at java.util.concurrent.ThreadPoolExecutor.runWorker(ThreadPoolExecutor.java:1134)&#10;        at java.util.concurrent.ThreadPoolExecutor$Worker.run(ThreadPoolExecutor.java:624)&#10;        at java.lang.Thread.run(Thread.java:748)&#10;&quot;IPC Server handler 17 on 42810&quot; daemon prio=5 tid=132 timed_waiting&#10;java.lang.Thread.State: TIMED_WAITING&#10;        at sun.misc.Unsafe.park(Native Method)&#10;        at java.util.concurrent.locks.LockSupport.parkNanos(LockSupport.java:215)&#10;        at java.util.concurrent.locks.AbstractQueuedSynchronizer$ConditionObject.awaitNanos(AbstractQueuedSynchronizer.java:2078)&#10;        at java.util.concurrent.LinkedBlockingQueue.poll(LinkedBlockingQueue.java:467)&#10;        at org.apache.hadoop.ipc.CallQueueManager.take(CallQueueManager.java:288)&#10;        at org.apache.hadoop.ipc.Server$Handler.run(Server.java:2668)&#10;&quot;6befc45b-dcf8-424c-b341-d7aa439c4bd9@group-812BEF14F159-SegmentedRaftLogWorker&quot;  prio=5 tid=981 timed_waiting&#10;java.lang.Thread.State: TIMED_WAITING&#10;        at sun.misc.Unsafe.park(Native Method)&#10;        at java.util.concurrent.locks.LockSupport.parkNanos(LockSupport.java:215)&#10;        at java.util.concurrent.locks.AbstractQueuedSynchronizer$ConditionObject.awaitNanos(AbstractQueuedSynchronizer.java:2078)&#10;        at org.apache.ratis.util.DataBlockingQueue.poll(DataBlockingQueue.java:137)&#10;        at org.apache.ratis.server.raftlog.segmented.SegmentedRaftLogWorker.run(SegmentedRaftLogWorker.java:282)&#10;        at java.lang.Thread.run(Thread.java:748)&#10;&quot;pool-66-thread-31&quot;  prio=5 tid=619 in Object.wait()&#10;java.lang.Thread.State: WAITING (on object monitor)&#10;        at sun.misc.Unsafe.park(Native Method)&#10;        at java.util.concurrent.locks.LockSupport.park(LockSupport.java:175)&#10;        at java.util.concurrent.locks.AbstractQueuedSynchronizer$ConditionObject.await(AbstractQueuedSynchronizer.java:2039)&#10;        at java.util.concurrent.ArrayBlockingQueue.take(ArrayBlockingQueue.java:403)&#10;        at java.util.concurrent.ThreadPoolExecutor.getTask(ThreadPoolExecutor.java:1074)&#10;        at java.util.concurrent.ThreadPoolExecutor.runWorker(ThreadPoolExecutor.java:1134)&#10;        at java.util.concurrent.ThreadPoolExecutor$Worker.run(ThreadPoolExecutor.java:624)&#10;        at java.lang.Thread.run(Thread.java:748)&#10;&quot;pool-56-thread-48&quot;  prio=5 tid=542 in Object.wait()&#10;java.lang.Thread.State: WAITING (on object monitor)&#10;        at sun.misc.Unsafe.park(Native Method)&#10;        at java.util.concurrent.locks.LockSupport.park(LockSupport.java:175)&#10;        at java.util.concurrent.locks.AbstractQueuedSynchronizer$ConditionObject.await(AbstractQueuedSynchronizer.java:2039)&#10;        at java.util.concurrent.ArrayBlockingQueue.take(ArrayBlockingQueue.java:403)&#10;        at java.util.concurrent.ThreadPoolExecutor.getTask(ThreadPoolExecutor.java:1074)&#10;        at java.util.concurrent.ThreadPoolExecutor.runWorker(ThreadPoolExecutor.java:1134)&#10;        at java.util.concurrent.ThreadPoolExecutor$Worker.run(ThreadPoolExecutor.java:624)&#10;        at java.lang.Thread.run(Thread.java:748)&#10;&quot;pool-36-thread-29&quot;  prio=5 tid=402 in Object.wait()&#10;java.lang.Thread.State: WAITING (on object monitor)&#10;        at sun.misc.Unsafe.park(Native Method)&#10;        at java.util.concurrent.locks.LockSupport.park(LockSupport.java:175)&#10;        at java.util.concurrent.locks.AbstractQueuedSynchronizer$ConditionObject.await(AbstractQueuedSynchronizer.java:2039)&#10;        at java.util.concurrent.ArrayBlockingQueue.take(ArrayBlockingQueue.java:403)&#10;        at java.util.concurrent.ThreadPoolExecutor.getTask(ThreadPoolExecutor.java:1074)&#10;        at java.util.concurrent.ThreadPoolExecutor.runWorker(ThreadPoolExecutor.java:1134)&#10;        at java.util.concurrent.ThreadPoolExecutor$Worker.run(ThreadPoolExecutor.java:624)&#10;        at java.lang.Thread.run(Thread.java:748)&#10;&quot;IPC Server handler 7 on 33223&quot; daemon prio=5 tid=57 timed_waiting&#10;java.lang.Thread.State: TIMED_WAITING&#10;        at sun.misc.Unsafe.park(Native Method)&#10;        at java.util.concurrent.locks.LockSupport.parkNanos(LockSupport.java:215)&#10;        at java.util.concurrent.locks.AbstractQueuedSynchronizer$ConditionObject.awaitNanos(AbstractQueuedSynchronizer.java:2078)&#10;        at java.util.concurrent.LinkedBlockingQueue.poll(LinkedBlockingQueue.java:467)&#10;        at org.apache.hadoop.ipc.CallQueueManager.take(CallQueueManager.java:288)&#10;        at org.apache.hadoop.ipc.Server$Handler.run(Server.java:2668)&#10;&quot;IPC Server handler 15 on 45420&quot; daemon prio=5 tid=45 timed_waiting&#10;java.lang.Thread.State: TIMED_WAITING&#10;        at sun.misc.Unsafe.park(Native Method)&#10;        at java.util.concurrent.locks.LockSupport.parkNanos(LockSupport.java:215)&#10;        at java.util.concurrent.locks.AbstractQueuedSynchronizer$ConditionObject.awaitNanos(AbstractQueuedSynchronizer.java:2078)&#10;        at java.util.concurrent.LinkedBlockingQueue.poll(LinkedBlockingQueue.java:467)&#10;        at org.apache.hadoop.ipc.CallQueueManager.take(CallQueueManager.java:288)&#10;        at org.apache.hadoop.ipc.Server$Handler.run(Server.java:2668)&#10;&quot;pool-66-thread-52&quot;  prio=5 tid=667 in Object.wait()&#10;java.lang.Thread.State: WAITING (on object monitor)&#10;        at sun.misc.Unsafe.park(Native Method)&#10;        at java.util.concurrent.locks.LockSupport.park(LockSupport.java:175)&#10;        at java.util.concurrent.locks.AbstractQueuedSynchronizer$ConditionObject.await(AbstractQueuedSynchronizer.java:2039)&#10;        at java.util.concurrent.ArrayBlockingQueue.take(ArrayBlockingQueue.java:403)&#10;        at java.util.concurrent.ThreadPoolExecutor.getTask(ThreadPoolExecutor.java:1074)&#10;        at java.util.concurrent.ThreadPoolExecutor.runWorker(ThreadPoolExecutor.java:1134)&#10;        at java.util.concurrent.ThreadPoolExecutor$Worker.run(ThreadPoolExecutor.java:624)&#10;        at java.lang.Thread.run(Thread.java:748)&#10;&quot;surefire-forkedjvm-command-thread&quot; daemon prio=5 tid=8 runnable&#10;java.lang.Thread.State: RUNNABLE&#10;        at java.io.FileInputStream.readBytes(Native Method)&#10;        at java.io.FileInputStream.read(FileInputStream.java:255)&#10;        at java.io.BufferedInputStream.fill(BufferedInputStream.java:246)&#10;        at java.io.BufferedInputStream.read(BufferedInputStream.java:265)&#10;        at java.io.DataInputStream.readInt(DataInputStream.java:387)&#10;        at org.apache.maven.surefire.booter.MasterProcessCommand.decode(MasterProcessCommand.java:115)&#10;        at org.apache.maven.surefire.booter.CommandReader$CommandRunnable.run(CommandReader.java:390)&#10;        at java.lang.Thread.run(Thread.java:748)&#10;&quot;pool-46-thread-23&quot;  prio=5 tid=372 in Object.wait()&#10;java.lang.Thread.State: WAITING (on object monitor)&#10;        at sun.misc.Unsafe.park(Native Method)&#10;        at java.util.concurrent.locks.LockSupport.park(LockSupport.java:175)&#10;        at java.util.concurrent.locks.AbstractQueuedSynchronizer$ConditionObject.await(AbstractQueuedSynchronizer.java:2039)&#10;        at java.util.concurrent.ArrayBlockingQueue.take(ArrayBlockingQueue.java:403)&#10;        at java.util.concurrent.ThreadPoolExecutor.getTask(ThreadPoolExecutor.java:1074)&#10;        at java.util.concurrent.ThreadPoolExecutor.runWorker(ThreadPoolExecutor.java:1134)&#10;        at java.util.concurrent.ThreadPoolExecutor$Worker.run(ThreadPoolExecutor.java:624)&#10;        at java.lang.Thread.run(Thread.java:748)&#10;&quot;pool-66-thread-27&quot;  prio=5 tid=603 in Object.wait()&#10;java.lang.Thread.State: WAITING (on object monitor)&#10;        at sun.misc.Unsafe.park(Native Method)&#10;        at java.util.concurrent.locks.LockSupport.park(LockSupport.java:175)&#10;        at java.util.concurrent.locks.AbstractQueuedSynchronizer$ConditionObject.await(AbstractQueuedSynchronizer.java:2039)&#10;        at java.util.concurrent.ArrayBlockingQueue.take(ArrayBlockingQueue.java:403)&#10;        at java.util.concurrent.ThreadPoolExecutor.getTask(ThreadPoolExecutor.java:1074)&#10;        at java.util.concurrent.ThreadPoolExecutor.runWorker(ThreadPoolExecutor.java:1134)&#10;        at java.util.concurrent.ThreadPoolExecutor$Worker.run(ThreadPoolExecutor.java:624)&#10;        at java.lang.Thread.run(Thread.java:748)&#10;&quot;pool-66-thread-8&quot;  prio=5 tid=564 in Object.wait()&#10;java.lang.Thread.State: WAITING (on object monitor)&#10;        at sun.misc.Unsafe.park(Native Method)&#10;        at java.util.concurrent.locks.LockSupport.park(LockSupport.java:175)&#10;        at java.util.concurrent.locks.AbstractQueuedSynchronizer$ConditionObject.await(AbstractQueuedSynchronizer.java:2039)&#10;        at java.util.concurrent.ArrayBlockingQueue.take(ArrayBlockingQueue.java:403)&#10;        at java.util.concurrent.ThreadPoolExecutor.getTask(ThreadPoolExecutor.java:1074)&#10;        at java.util.concurrent.ThreadPoolExecutor.runWorker(ThreadPoolExecutor.java:1134)&#10;        at java.util.concurrent.ThreadPoolExecutor$Worker.run(ThreadPoolExecutor.java:624)&#10;        at java.lang.Thread.run(Thread.java:748)&#10;&quot;pool-66-thread-56&quot;  prio=5 tid=671 in Object.wait()&#10;java.lang.Thread.State: WAITING (on object monitor)&#10;        at sun.misc.Unsafe.park(Native Method)&#10;        at java.util.concurrent.locks.LockSupport.park(LockSupport.java:175)&#10;        at java.util.concurrent.locks.AbstractQueuedSynchronizer$ConditionObject.await(AbstractQueuedSynchronizer.java:2039)&#10;        at java.util.concurrent.ArrayBlockingQueue.take(ArrayBlockingQueue.java:403)&#10;        at java.util.concurrent.ThreadPoolExecutor.getTask(ThreadPoolExecutor.java:1074)&#10;        at java.util.concurrent.ThreadPoolExecutor.runWorker(ThreadPoolExecutor.java:1134)&#10;        at java.util.concurrent.ThreadPoolExecutor$Worker.run(ThreadPoolExecutor.java:624)&#10;        at java.lang.Thread.run(Thread.java:748)&#10;&quot;SCMBlockDeletingService#0&quot; daemon prio=5 tid=102 timed_waiting&#10;java.lang.Thread.State: TIMED_WAITING&#10;        at sun.misc.Unsafe.park(Native Method)&#10;        at java.util.concurrent.locks.LockSupport.parkNanos(LockSupport.java:215)&#10;        at java.util.concurrent.locks.AbstractQueuedSynchronizer$ConditionObject.awaitNanos(AbstractQueuedSynchronizer.java:2078)&#10;        at java.util.concurrent.ScheduledThreadPoolExecutor$DelayedWorkQueue.take(ScheduledThreadPoolExecutor.java:1093)&#10;        at java.util.concurrent.ScheduledThreadPoolExecutor$DelayedWorkQueue.take(ScheduledThreadPoolExecutor.java:809)&#10;        at java.util.concurrent.ThreadPoolExecutor.getTask(ThreadPoolExecutor.java:1074)&#10;        at java.util.concurrent.ThreadPoolExecutor.runWorker(ThreadPoolExecutor.java:1134)&#10;        at java.util.concurrent.ThreadPoolExecutor$Worker.run(ThreadPoolExecutor.java:624)&#10;        at java.lang.Thread.run(Thread.java:748)&#10;&quot;qtp1931194070-246&quot; daemon prio=5 tid=246 timed_waiting&#10;java.lang.Thread.State: TIMED_WAITING&#10;        at sun.misc.Unsafe.park(Native Method)&#10;        at java.util.concurrent.locks.LockSupport.parkNanos(LockSupport.java:215)&#10;        at java.util.concurrent.locks.AbstractQueuedSynchronizer$ConditionObject.awaitNanos(AbstractQueuedSynchronizer.java:2078)&#10;        at org.eclipse.jetty.util.BlockingArrayQueue.poll(BlockingArrayQueue.java:392)&#10;        at org.eclipse.jetty.util.thread.QueuedThreadPool.idleJobPoll(QueuedThreadPool.java:563)&#10;        at org.eclipse.jetty.util.thread.QueuedThreadPool.access$800(QueuedThreadPool.java:48)&#10;        at org.eclipse.jetty.util.thread.QueuedThreadPool$2.run(QueuedThreadPool.java:626)&#10;        at java.lang.Thread.run(Thread.java:748)&#10;&quot;qtp559644343-296-acceptor-0@3c12fdbb-ServerConnector@76899234{HTTP/1.1,[http/1.1]}{0.0.0.0:34069}&quot; daemon prio=3 tid=296 runnable&#10;java.lang.Thread.State: RUNNABLE&#10;        at sun.nio.ch.ServerSocketChannelImpl.accept0(Native Method)&#10;        at sun.nio.ch.ServerSocketChannelImpl.accept(ServerSocketChannelImpl.java:422)&#10;        at sun.nio.ch.ServerSocketChannelImpl.accept(ServerSocketChannelImpl.java:250)&#10;        at org.eclipse.jetty.server.ServerConnector.accept(ServerConnector.java:397)&#10;        at org.eclipse.jetty.server.AbstractConnector$Acceptor.run(AbstractConnector.java:601)&#10;        at org.eclipse.jetty.util.thread.QueuedThreadPool.runJob(QueuedThreadPool.java:671)&#10;        at org.eclipse.jetty.util.thread.QueuedThreadPool$2.run(QueuedThreadPool.java:589)&#10;        at java.lang.Thread.run(Thread.java:748)&#10;&quot;pool-76-thread-36&quot;  prio=5 tid=622 in Object.wait()&#10;java.lang.Thread.State: WAITING (on object monitor)&#10;        at sun.misc.Unsafe.park(Native Method)&#10;        at java.util.concurrent.locks.LockSupport.park(LockSupport.java:175)&#10;        at java.util.concurrent.locks.AbstractQueuedSynchronizer$ConditionObject.await(AbstractQueuedSynchronizer.java:2039)&#10;        at java.util.concurrent.ArrayBlockingQueue.take(ArrayBlockingQueue.java:403)&#10;        at java.util.concurrent.ThreadPoolExecutor.getTask(ThreadPoolExecutor.java:1074)&#10;        at java.util.concurrent.ThreadPoolExecutor.runWorker(ThreadPoolExecutor.java:1134)&#10;        at java.util.concurrent.ThreadPoolExecutor$Worker.run(ThreadPoolExecutor.java:624)&#10;        at java.lang.Thread.run(Thread.java:748)&#10;&quot;BlockDeletingService#1&quot; daemon prio=5 tid=683 in Object.wait()&#10;java.lang.Thread.State: WAITING (on object monitor)&#10;        at sun.misc.Unsafe.park(Native Method)&#10;        at java.util.concurrent.locks.LockSupport.park(LockSupport.java:175)&#10;        at java.util.concurrent.locks.AbstractQueuedSynchronizer$ConditionObject.await(AbstractQueuedSynchronizer.java:2039)&#10;        at java.util.concurrent.ScheduledThreadPoolExecutor$DelayedWorkQueue.take(ScheduledThreadPoolExecutor.java:1088)&#10;        at java.util.concurrent.ScheduledThreadPoolExecutor$DelayedWorkQueue.take(ScheduledThreadPoolExecutor.java:809)&#10;        at java.util.concurrent.ThreadPoolExecutor.getTask(ThreadPoolExecutor.java:1074)&#10;        at java.util.concurrent.ThreadPoolExecutor.runWorker(ThreadPoolExecutor.java:1134)&#10;        at java.util.concurrent.ThreadPoolExecutor$Worker.run(ThreadPoolExecutor.java:624)&#10;        at java.lang.Thread.run(Thread.java:748)&#10;&quot;metrics-hadoop-metrics2-reporter-39-thread-1&quot; daemon prio=5 tid=812 timed_waiting&#10;java.lang.Thread.State: TIMED_WAITING&#10;        at sun.misc.Unsafe.park(Native Method)&#10;        at java.util.concurrent.locks.LockSupport.parkNanos(LockSupport.java:215)&#10;        at java.util.concurrent.locks.AbstractQueuedSynchronizer$ConditionObject.awaitNanos(AbstractQueuedSynchronizer.java:2078)&#10;        at java.util.concurrent.ScheduledThreadPoolExecutor$DelayedWorkQueue.take(ScheduledThreadPoolExecutor.java:1093)&#10;        at java.util.concurrent.ScheduledThreadPoolExecutor$DelayedWorkQueue.take(ScheduledThreadPoolExecutor.java:809)&#10;        at java.util.concurrent.ThreadPoolExecutor.getTask(ThreadPoolExecutor.java:1074)&#10;        at java.util.concurrent.ThreadPoolExecutor.runWorker(ThreadPoolExecutor.java:1134)&#10;        at java.util.concurrent.ThreadPoolExecutor$Worker.run(ThreadPoolExecutor.java:624)&#10;        at java.lang.Thread.run(Thread.java:748)&#10;&quot;pool-46-thread-19&quot;  prio=5 tid=361 in Object.wait()&#10;java.lang.Thread.State: WAITING (on object monitor)&#10;        at sun.misc.Unsafe.park(Native Method)&#10;        at java.util.concurrent.locks.LockSupport.park(LockSupport.java:175)&#10;        at java.util.concurrent.locks.AbstractQueuedSynchronizer$ConditionObject.await(AbstractQueuedSynchronizer.java:2039)&#10;        at java.util.concurrent.ArrayBlockingQueue.take(ArrayBlockingQueue.java:403)&#10;        at java.util.concurrent.ThreadPoolExecutor.getTask(ThreadPoolExecutor.java:1074)&#10;        at java.util.concurrent.ThreadPoolExecutor.runWorker(ThreadPoolExecutor.java:1134)&#10;        at java.util.concurrent.ThreadPoolExecutor$Worker.run(ThreadPoolExecutor.java:624)&#10;        at java.lang.Thread.run(Thread.java:748)&#10;&quot;metrics-hadoop-metrics2-reporter-64-thread-1&quot; daemon prio=5 tid=954 timed_waiting&#10;java.lang.Thread.State: TIMED_WAITING&#10;        at sun.misc.Unsafe.park(Native Method)&#10;        at java.util.concurrent.locks.LockSupport.parkNanos(LockSupport.java:215)&#10;        at java.util.concurrent.locks.AbstractQueuedSynchronizer$ConditionObject.awaitNanos(AbstractQueuedSynchronizer.java:2078)&#10;        at java.util.concurrent.ScheduledThreadPoolExecutor$DelayedWorkQueue.take(ScheduledThreadPoolExecutor.java:1093)&#10;        at java.util.concurrent.ScheduledThreadPoolExecutor$DelayedWorkQueue.take(ScheduledThreadPoolExecutor.java:809)&#10;        at java.util.concurrent.ThreadPoolExecutor.getTask(ThreadPoolExecutor.java:1074)&#10;        at java.util.concurrent.ThreadPoolExecutor.runWorker(ThreadPoolExecutor.java:1134)&#10;        at java.util.concurrent.ThreadPoolExecutor$Worker.run(ThreadPoolExecutor.java:624)&#10;        at java.lang.Thread.run(Thread.java:748)&#10;&quot;org.apache.hadoop.util.JvmPauseMonitor$Monitor@64860889&quot; daemon prio=5 tid=104 timed_waiting&#10;java.lang.Thread.State: TIMED_WAITING&#10;        at java.lang.Thread.sleep(Native Method)&#10;        at org.apache.hadoop.util.JvmPauseMonitor$Monitor.run(JvmPauseMonitor.java:192)&#10;        at java.lang.Thread.run(Thread.java:748)&#10;&quot;pool-66-thread-41&quot;  prio=5 tid=652 in Object.wait()&#10;java.lang.Thread.State: WAITING (on object monitor)&#10;        at sun.misc.Unsafe.park(Native Method)&#10;        at java.util.concurrent.locks.LockSupport.park(LockSupport.java:175)&#10;        at java.util.concurrent.locks.AbstractQueuedSynchronizer$ConditionObject.await(AbstractQueuedSynchronizer.java:2039)&#10;        at java.util.concurrent.ArrayBlockingQueue.take(ArrayBlockingQueue.java:403)&#10;        at java.util.concurrent.ThreadPoolExecutor.getTask(ThreadPoolExecutor.java:1074)&#10;        at java.util.concurrent.ThreadPoolExecutor.runWorker(ThreadPoolExecutor.java:1134)&#10;        at java.util.concurrent.ThreadPoolExecutor$Worker.run(ThreadPoolExecutor.java:624)&#10;        at java.lang.Thread.run(Thread.java:748)&#10;&quot;qtp1174596735-138-acceptor-0@5f4b16e4-ServerConnector@55fff88e{HTTP/1.1,[http/1.1]}{0.0.0.0:44091}&quot; daemon prio=3 tid=138 runnable&#10;java.lang.Thread.State: RUNNABLE&#10;        at sun.nio.ch.ServerSocketChannelImpl.accept0(Native Method)&#10;        at sun.nio.ch.ServerSocketChannelImpl.accept(ServerSocketChannelImpl.java:422)&#10;        at sun.nio.ch.ServerSocketChannelImpl.accept(ServerSocketChannelImpl.java:250)&#10;        at org.eclipse.jetty.server.ServerConnector.accept(ServerConnector.java:397)&#10;        at org.eclipse.jetty.server.AbstractConnector$Acceptor.run(AbstractConnector.java:601)&#10;        at org.eclipse.jetty.util.thread.QueuedThreadPool.runJob(QueuedThreadPool.java:671)&#10;        at org.eclipse.jetty.util.thread.QueuedThreadPool$2.run(QueuedThreadPool.java:589)&#10;        at java.lang.Thread.run(Thread.java:748)&#10;&quot;pool-56-thread-27&quot;  prio=5 tid=521 in Object.wait()&#10;java.lang.Thread.State: WAITING (on object monitor)&#10;        at sun.misc.Unsafe.park(Native Method)&#10;        at java.util.concurrent.locks.LockSupport.park(LockSupport.java:175)&#10;        at java.util.concurrent.locks.AbstractQueuedSynchronizer$ConditionObject.await(AbstractQueuedSynchronizer.java:2039)&#10;        at java.util.concurrent.ArrayBlockingQueue.take(ArrayBlockingQueue.java:403)&#10;        at java.util.concurrent.ThreadPoolExecutor.getTask(ThreadPoolExecutor.java:1074)&#10;        at java.util.concurrent.ThreadPoolExecutor.runWorker(ThreadPoolExecutor.java:1134)&#10;        at java.util.concurrent.ThreadPoolExecutor$Worker.run(ThreadPoolExecutor.java:624)&#10;        at java.lang.Thread.run(Thread.java:748)&#10;&quot;pool-66-thread-24&quot;  prio=5 tid=598 in Object.wait()&#10;java.lang.Thread.State: WAITING (on object monitor)&#10;        at sun.misc.Unsafe.park(Native Method)&#10;        at java.util.concurrent.locks.LockSupport.park(LockSupport.java:175)&#10;        at java.util.concurrent.locks.AbstractQueuedSynchronizer$ConditionObject.await(AbstractQueuedSynchronizer.java:2039)&#10;        at java.util.concurrent.ArrayBlockingQueue.take(ArrayBlockingQueue.java:403)&#10;        at java.util.concurrent.ThreadPoolExecutor.getTask(ThreadPoolExecutor.java:1074)&#10;        at java.util.concurrent.ThreadPoolExecutor.runWorker(ThreadPoolExecutor.java:1134)&#10;        at java.util.concurrent.ThreadPoolExecutor$Worker.run(ThreadPoolExecutor.java:624)&#10;        at java.lang.Thread.run(Thread.java:748)&#10;&quot;grpc-default-executor-2&quot; daemon prio=5 tid=775 timed_waiting&#10;java.lang.Thread.State: TIMED_WAITING&#10;        at sun.misc.Unsafe.park(Native Method)&#10;        at java.util.concurrent.locks.LockSupport.parkNanos(LockSupport.java:215)&#10;        at java.util.concurrent.SynchronousQueue$TransferStack.awaitFulfill(SynchronousQueue.java:460)&#10;        at java.util.concurrent.SynchronousQueue$TransferStack.transfer(SynchronousQueue.java:362)&#10;        at java.util.concurrent.SynchronousQueue.poll(SynchronousQueue.java:941)&#10;        at java.util.concurrent.ThreadPoolExecutor.getTask(ThreadPoolExecutor.java:1073)&#10;        at java.util.concurrent.ThreadPoolExecutor.runWorker(ThreadPoolExecutor.java:1134)&#10;        at java.util.concurrent.ThreadPoolExecutor$Worker.run(ThreadPoolExecutor.java:624)&#10;        at java.lang.Thread.run(Thread.java:748)&#10;&quot;pool-66-thread-33&quot;  prio=5 tid=633 in Object.wait()&#10;java.lang.Thread.State: WAITING (on object monitor)&#10;        at sun.misc.Unsafe.park(Native Method)&#10;        at java.util.concurrent.locks.LockSupport.park(LockSupport.java:175)&#10;        at java.util.concurrent.locks.AbstractQueuedSynchronizer$ConditionObject.await(AbstractQueuedSynchronizer.java:2039)&#10;        at java.util.concurrent.ArrayBlockingQueue.take(ArrayBlockingQueue.java:403)&#10;        at java.util.concurrent.ThreadPoolExecutor.getTask(ThreadPoolExecutor.java:1074)&#10;        at java.util.concurrent.ThreadPoolExecutor.runWorker(ThreadPoolExecutor.java:1134)&#10;        at java.util.concurrent.ThreadPoolExecutor$Worker.run(ThreadPoolExecutor.java:624)&#10;        at java.lang.Thread.run(Thread.java:748)&#10;&quot;pool-36-thread-40&quot;  prio=5 tid=432 in Object.wait()&#10;java.lang.Thread.State: WAITING (on object monitor)&#10;        at sun.misc.Unsafe.park(Native Method)&#10;        at java.util.concurrent.locks.LockSupport.park(LockSupport.java:175)&#10;        at java.util.concurrent.locks.AbstractQueuedSynchronizer$ConditionObject.await(AbstractQueuedSynchronizer.java:2039)&#10;        at java.util.concurrent.ArrayBlockingQueue.take(ArrayBlockingQueue.java:403)&#10;        at java.util.concurrent.ThreadPoolExecutor.getTask(ThreadPoolExecutor.java:1074)&#10;        at java.util.concurrent.ThreadPoolExecutor.runWorker(ThreadPoolExecutor.java:1134)&#10;        at java.util.concurrent.ThreadPoolExecutor$Worker.run(ThreadPoolExecutor.java:624)&#10;        at java.lang.Thread.run(Thread.java:748)&#10;&quot;pool-46-thread-7&quot;  prio=5 tid=325 in Object.wait()&#10;java.lang.Thread.State: WAITING (on object monitor)&#10;        at sun.misc.Unsafe.park(Native Method)&#10;        at java.util.concurrent.locks.LockSupport.park(LockSupport.java:175)&#10;        at java.util.concurrent.locks.AbstractQueuedSynchronizer$ConditionObject.await(AbstractQueuedSynchronizer.java:2039)&#10;        at java.util.concurrent.ArrayBlockingQueue.take(ArrayBlockingQueue.java:403)&#10;        at java.util.concurrent.ThreadPoolExecutor.getTask(ThreadPoolExecutor.java:1074)&#10;        at java.util.concurrent.ThreadPoolExecutor.runWorker(ThreadPoolExecutor.java:1134)&#10;        at java.util.concurrent.ThreadPoolExecutor$Worker.run(ThreadPoolExecutor.java:624)&#10;        at java.lang.Thread.run(Thread.java:748)&#10;&quot;metrics-hadoop-metrics2-reporter-11-thread-1&quot; daemon prio=5 tid=728 timed_waiting&#10;java.lang.Thread.State: TIMED_WAITING&#10;        at sun.misc.Unsafe.park(Native Method)&#10;        at java.util.concurrent.locks.LockSupport.parkNanos(LockSupport.java:215)&#10;        at java.util.concurrent.locks.AbstractQueuedSynchronizer$ConditionObject.awaitNanos(AbstractQueuedSynchronizer.java:2078)&#10;        at java.util.concurrent.ScheduledThreadPoolExecutor$DelayedWorkQueue.take(ScheduledThreadPoolExecutor.java:1093)&#10;        at java.util.concurrent.ScheduledThreadPoolExecutor$DelayedWorkQueue.take(ScheduledThreadPoolExecutor.java:809)&#10;        at java.util.concurrent.ThreadPoolExecutor.getTask(ThreadPoolExecutor.java:1074)&#10;        at java.util.concurrent.ThreadPoolExecutor.runWorker(ThreadPoolExecutor.java:1134)&#10;        at java.util.concurrent.ThreadPoolExecutor$Worker.run(ThreadPoolExecutor.java:624)&#10;        at java.lang.Thread.run(Thread.java:748)&#10;&quot;pool-56-thread-21&quot;  prio=5 tid=513 in Object.wait()&#10;java.lang.Thread.State: WAITING (on object monitor)&#10;        at sun.misc.Unsafe.park(Native Method)&#10;        at java.util.concurrent.locks.LockSupport.park(LockSupport.java:175)&#10;        at java.util.concurrent.locks.AbstractQueuedSynchronizer$ConditionObject.await(AbstractQueuedSynchronizer.java:2039)&#10;        at java.util.concurrent.ArrayBlockingQueue.take(ArrayBlockingQueue.java:403)&#10;        at java.util.concurrent.ThreadPoolExecutor.getTask(ThreadPoolExecutor.java:1074)&#10;        at java.util.concurrent.ThreadPoolExecutor.runWorker(ThreadPoolExecutor.java:1134)&#10;        at java.util.concurrent.ThreadPoolExecutor$Worker.run(ThreadPoolExecutor.java:624)&#10;        at java.lang.Thread.run(Thread.java:748)&#10;&quot;4b035f45-7941-40c3-ba2d-1cbecd2d369e@group-8AC045C62D9A-StateMachineUpdater&quot; daemon prio=5 tid=727 in Object.wait()&#10;java.lang.Thread.State: WAITING (on object monitor)&#10;        at java.lang.Object.wait(Native Method)&#10;        at java.lang.Object.wait(Object.java:502)&#10;        at org.apache.ratis.server.impl.StateMachineUpdater.waitForCommit(StateMachineUpdater.java:194)&#10;        at org.apache.ratis.server.impl.StateMachineUpdater.run(StateMachineUpdater.java:159)&#10;        at java.lang.Thread.run(Thread.java:748)&#10;&quot;pool-26-thread-56&quot;  prio=5 tid=506 in Object.wait()&#10;java.lang.Thread.State: WAITING (on object monitor)&#10;        at sun.misc.Unsafe.park(Native Method)&#10;        at java.util.concurrent.locks.LockSupport.park(LockSupport.java:175)&#10;        at java.util.concurrent.locks.AbstractQueuedSynchronizer$ConditionObject.await(AbstractQueuedSynchronizer.java:2039)&#10;        at java.util.concurrent.ArrayBlockingQueue.take(ArrayBlockingQueue.java:403)&#10;        at java.util.concurrent.ThreadPoolExecutor.getTask(ThreadPoolExecutor.java:1074)&#10;        at java.util.concurrent.ThreadPoolExecutor.runWorker(ThreadPoolExecutor.java:1134)&#10;        at java.util.concurrent.ThreadPoolExecutor$Worker.run(ThreadPoolExecutor.java:624)&#10;        at java.lang.Thread.run(Thread.java:748)&#10;&quot;pool-47-thread-1&quot;  prio=5 tid=714 in Object.wait()&#10;java.lang.Thread.State: WAITING (on object monitor)&#10;        at sun.misc.Unsafe.park(Native Method)&#10;        at java.util.concurrent.locks.LockSupport.park(LockSupport.java:175)&#10;        at java.util.concurrent.locks.AbstractQueuedSynchronizer$ConditionObject.await(AbstractQueuedSynchronizer.java:2039)&#10;        at java.util.concurrent.LinkedBlockingQueue.take(LinkedBlockingQueue.java:442)&#10;        at java.util.concurrent.ThreadPoolExecutor.getTask(ThreadPoolExecutor.java:1074)&#10;        at java.util.concurrent.ThreadPoolExecutor.runWorker(ThreadPoolExecutor.java:1134)&#10;        at java.util.concurrent.ThreadPoolExecutor$Worker.run(ThreadPoolExecutor.java:624)&#10;        at java.lang.Thread.run(Thread.java:748)&#10;&quot;pool-66-thread-57&quot;  prio=5 tid=672 in Object.wait()&#10;java.lang.Thread.State: WAITING (on object monitor)&#10;        at sun.misc.Unsafe.park(Native Method)&#10;        at java.util.concurrent.locks.LockSupport.park(LockSupport.java:175)&#10;        at java.util.concurrent.locks.AbstractQueuedSynchronizer$ConditionObject.await(AbstractQueuedSynchronizer.java:2039)&#10;        at java.util.concurrent.ArrayBlockingQueue.take(ArrayBlockingQueue.java:403)&#10;        at java.util.concurrent.ThreadPoolExecutor.getTask(ThreadPoolExecutor.java:1074)&#10;        at java.util.concurrent.ThreadPoolExecutor.runWorker(ThreadPoolExecutor.java:1134)&#10;        at java.util.concurrent.ThreadPoolExecutor$Worker.run(ThreadPoolExecutor.java:624)&#10;        at java.lang.Thread.run(Thread.java:748)&#10;&quot;pool-46-thread-30&quot;  prio=5 tid=391 in Object.wait()&#10;java.lang.Thread.State: WAITING (on object monitor)&#10;        at sun.misc.Unsafe.park(Native Method)&#10;        at java.util.concurrent.locks.LockSupport.park(LockSupport.java:175)&#10;        at java.util.concurrent.locks.AbstractQueuedSynchronizer$ConditionObject.await(AbstractQueuedSynchronizer.java:2039)&#10;        at java.util.concurrent.ArrayBlockingQueue.take(ArrayBlockingQueue.java:403)&#10;        at java.util.concurrent.ThreadPoolExecutor.getTask(ThreadPoolExecutor.java:1074)&#10;        at java.util.concurrent.ThreadPoolExecutor.runWorker(ThreadPoolExecutor.java:1134)&#10;        at java.util.concurrent.ThreadPoolExecutor$Worker.run(ThreadPoolExecutor.java:624)&#10;        at java.lang.Thread.run(Thread.java:748)&#10;&quot;pool-36-thread-8&quot;  prio=5 tid=338 in Object.wait()&#10;java.lang.Thread.State: WAITING (on object monitor)&#10;        at sun.misc.Unsafe.park(Native Method)&#10;        at java.util.concurrent.locks.LockSupport.park(LockSupport.java:175)&#10;        at java.util.concurrent.locks.AbstractQueuedSynchronizer$ConditionObject.await(AbstractQueuedSynchronizer.java:2039)&#10;        at java.util.concurrent.ArrayBlockingQueue.take(ArrayBlockingQueue.java:403)&#10;        at java.util.concurrent.ThreadPoolExecutor.getTask(ThreadPoolExecutor.java:1074)&#10;        at java.util.concurrent.ThreadPoolExecutor.runWorker(ThreadPoolExecutor.java:1134)&#10;        at java.util.concurrent.ThreadPoolExecutor$Worker.run(ThreadPoolExecutor.java:624)&#10;        at java.lang.Thread.run(Thread.java:748)&#10;&quot;Command processor thread&quot; daemon prio=5 tid=311 timed_waiting&#10;java.lang.Thread.State: TIMED_WAITING&#10;        at java.lang.Thread.sleep(Native Method)&#10;        at org.apache.hadoop.ozone.container.common.statemachine.DatanodeStateMachine.lambda$initCommandHandlerThread$1(DatanodeStateMachine.java:439)&#10;        at org.apache.hadoop.ozone.container.common.statemachine.DatanodeStateMachine$$Lambda$141/1097787199.run(Unknown Source)&#10;        at java.lang.Thread.run(Thread.java:748)&#10;&quot;org.eclipse.jetty.server.session.HashSessionManager@556e8dedTimer&quot; daemon prio=5 tid=168 timed_waiting&#10;java.lang.Thread.State: TIMED_WAITING&#10;        at sun.misc.Unsafe.park(Native Method)&#10;        at java.util.concurrent.locks.LockSupport.parkNanos(LockSupport.java:215)&#10;        at java.util.concurrent.locks.AbstractQueuedSynchronizer$ConditionObject.awaitNanos(AbstractQueuedSynchronizer.java:2078)&#10;        at java.util.concurrent.ScheduledThreadPoolExecutor$DelayedWorkQueue.take(ScheduledThreadPoolExecutor.java:1093)&#10;        at java.util.concurrent.ScheduledThreadPoolExecutor$DelayedWorkQueue.take(ScheduledThreadPoolExecutor.java:809)&#10;        at java.util.concurrent.ThreadPoolExecutor.getTask(ThreadPoolExecutor.java:1074)&#10;        at java.util.concurrent.ThreadPoolExecutor.runWorker(ThreadPoolExecutor.java:1134)&#10;        at java.util.concurrent.ThreadPoolExecutor$Worker.run(ThreadPoolExecutor.java:624)&#10;        at java.lang.Thread.run(Thread.java:748)&#10;&quot;pool-26-thread-27&quot;  prio=5 tid=407 in Object.wait()&#10;java.lang.Thread.State: WAITING (on object monitor)&#10;        at sun.misc.Unsafe.park(Native Method)&#10;        at java.util.concurrent.locks.LockSupport.park(LockSupport.java:175)&#10;        at java.util.concurrent.locks.AbstractQueuedSynchronizer$ConditionObject.await(AbstractQueuedSynchronizer.java:2039)&#10;        at java.util.concurrent.ArrayBlockingQueue.take(ArrayBlockingQueue.java:403)&#10;        at java.util.concurrent.ThreadPoolExecutor.getTask(ThreadPoolExecutor.java:1074)&#10;        at java.util.concurrent.ThreadPoolExecutor.runWorker(ThreadPoolExecutor.java:1134)&#10;        at java.util.concurrent.ThreadPoolExecutor$Worker.run(ThreadPoolExecutor.java:624)&#10;        at java.lang.Thread.run(Thread.java:748)&#10;&quot;pool-66-thread-32&quot;  prio=5 tid=631 in Object.wait()&#10;java.lang.Thread.State: WAITING (on object monitor)&#10;        at sun.misc.Unsafe.park(Native Method)&#10;        at java.util.concurrent.locks.LockSupport.park(LockSupport.java:175)&#10;        at java.util.concurrent.locks.AbstractQueuedSynchronizer$ConditionObject.await(AbstractQueuedSynchronizer.java:2039)&#10;        at java.util.concurrent.ArrayBlockingQueue.take(ArrayBlockingQueue.java:403)&#10;        at java.util.concurrent.ThreadPoolExecutor.getTask(ThreadPoolExecutor.java:1074)&#10;        at java.util.concurrent.ThreadPoolExecutor.runWorker(ThreadPoolExecutor.java:1134)&#10;        at java.util.concurrent.ThreadPoolExecutor$Worker.run(ThreadPoolExecutor.java:624)&#10;        at java.lang.Thread.run(Thread.java:748)&#10;&quot;pool-26-thread-25&quot;  prio=5 tid=399 in Object.wait()&#10;java.lang.Thread.State: WAITING (on object monitor)&#10;        at sun.misc.Unsafe.park(Native Method)&#10;        at java.util.concurrent.locks.LockSupport.park(LockSupport.java:175)&#10;        at java.util.concurrent.locks.AbstractQueuedSynchronizer$ConditionObject.await(AbstractQueuedSynchronizer.java:2039)&#10;        at java.util.concurrent.ArrayBlockingQueue.take(ArrayBlockingQueue.java:403)&#10;        at java.util.concurrent.ThreadPoolExecutor.getTask(ThreadPoolExecutor.java:1074)&#10;        at java.util.concurrent.ThreadPoolExecutor.runWorker(ThreadPoolExecutor.java:1134)&#10;        at java.util.concurrent.ThreadPoolExecutor$Worker.run(ThreadPoolExecutor.java:624)&#10;        at java.lang.Thread.run(Thread.java:748)&#10;&quot;pool-66-thread-53&quot;  prio=5 tid=668 in Object.wait()&#10;java.lang.Thread.State: WAITING (on object monitor)&#10;        at sun.misc.Unsafe.park(Native Method)&#10;        at java.util.concurrent.locks.LockSupport.park(LockSupport.java:175)&#10;        at java.util.concurrent.locks.AbstractQueuedSynchronizer$ConditionObject.await(AbstractQueuedSynchronizer.java:2039)&#10;        at java.util.concurrent.ArrayBlockingQueue.take(ArrayBlockingQueue.java:403)&#10;        at java.util.concurrent.ThreadPoolExecutor.getTask(ThreadPoolExecutor.java:1074)&#10;        at java.util.concurrent.ThreadPoolExecutor.runWorker(ThreadPoolExecutor.java:1134)&#10;        at java.util.concurrent.ThreadPoolExecutor$Worker.run(ThreadPoolExecutor.java:624)&#10;        at java.lang.Thread.run(Thread.java:748)&#10;&quot;pool-76-thread-8&quot;  prio=5 tid=576 in Object.wait()&#10;java.lang.Thread.State: WAITING (on object monitor)&#10;        at sun.misc.Unsafe.park(Native Method)&#10;        at java.util.concurrent.locks.LockSupport.park(LockSupport.java:175)&#10;        at java.util.concurrent.locks.AbstractQueuedSynchronizer$ConditionObject.await(AbstractQueuedSynchronizer.java:2039)&#10;        at java.util.concurrent.ArrayBlockingQueue.take(ArrayBlockingQueue.java:403)&#10;        at java.util.concurrent.ThreadPoolExecutor.getTask(ThreadPoolExecutor.java:1074)&#10;        at java.util.concurrent.ThreadPoolExecutor.runWorker(ThreadPoolExecutor.java:1134)&#10;        at java.util.concurrent.ThreadPoolExecutor$Worker.run(ThreadPoolExecutor.java:624)&#10;        at java.lang.Thread.run(Thread.java:748)&#10;&quot;org.apache.hadoop.util.JvmPauseMonitor$Monitor@5f9a7752&quot; daemon prio=5 tid=285 timed_waiting&#10;java.lang.Thread.State: TIMED_WAITING&#10;        at java.lang.Thread.sleep(Native Method)&#10;        at org.apache.hadoop.util.JvmPauseMonitor$Monitor.run(JvmPauseMonitor.java:192)&#10;        at java.lang.Thread.run(Thread.java:748)&#10;&quot;Datanode ReportManager Thread - 0&quot; daemon prio=5 tid=253 timed_waiting&#10;java.lang.Thread.State: TIMED_WAITING&#10;        at sun.misc.Unsafe.park(Native Method)&#10;        at java.util.concurrent.locks.LockSupport.parkNanos(LockSupport.java:215)&#10;        at java.util.concurrent.locks.AbstractQueuedSynchronizer$ConditionObject.awaitNanos(AbstractQueuedSynchronizer.java:2078)&#10;        at java.util.concurrent.ScheduledThreadPoolExecutor$DelayedWorkQueue.take(ScheduledThreadPoolExecutor.java:1093)&#10;        at java.util.concurrent.ScheduledThreadPoolExecutor$DelayedWorkQueue.take(ScheduledThreadPoolExecutor.java:809)&#10;        at java.util.concurrent.ThreadPoolExecutor.getTask(ThreadPoolExecutor.java:1074)&#10;        at java.util.concurrent.ThreadPoolExecutor.runWorker(ThreadPoolExecutor.java:1134)&#10;        at java.util.concurrent.ThreadPoolExecutor$Worker.run(ThreadPoolExecutor.java:624)&#10;        at java.lang.Thread.run(Thread.java:748)&#10;&quot;org.eclipse.jetty.server.session.HashSessionManager@1c67d548Timer&quot; daemon prio=5 tid=146 timed_waiting&#10;java.lang.Thread.State: TIMED_WAITING&#10;        at sun.misc.Unsafe.park(Native Method)&#10;        at java.util.concurrent.locks.LockSupport.parkNanos(LockSupport.java:215)&#10;        at java.util.concurrent.locks.AbstractQueuedSynchronizer$ConditionObject.awaitNanos(AbstractQueuedSynchronizer.java:2078)&#10;        at java.util.concurrent.ScheduledThreadPoolExecutor$DelayedWorkQueue.take(ScheduledThreadPoolExecutor.java:1093)&#10;        at java.util.concurrent.ScheduledThreadPoolExecutor$DelayedWorkQueue.take(ScheduledThreadPoolExecutor.java:809)&#10;        at java.util.concurrent.ThreadPoolExecutor.getTask(ThreadPoolExecutor.java:1074)&#10;        at java.util.concurrent.ThreadPoolExecutor.runWorker(ThreadPoolExecutor.java:1134)&#10;        at java.util.concurrent.ThreadPoolExecutor$Worker.run(ThreadPoolExecutor.java:624)&#10;        at java.lang.Thread.run(Thread.java:748)&#10;&quot;org.apache.ratis.server.impl.LogAppender$AppenderDaemon$$Lambda$421/655825463@d0ea011&quot; daemon prio=5 tid=1051 timed_waiting&#10;java.lang.Thread.State: TIMED_WAITING&#10;        at java.lang.Object.wait(Native Method)&#10;        at org.apache.ratis.grpc.server.GrpcLogAppender.mayWait(GrpcLogAppender.java:147)&#10;        at org.apache.ratis.grpc.server.GrpcLogAppender.runAppenderImpl(GrpcLogAppender.java:101)&#10;        at org.apache.ratis.server.impl.LogAppender$AppenderDaemon.run(LogAppender.java:76)&#10;        at org.apache.ratis.server.impl.LogAppender$AppenderDaemon$$Lambda$421/655825463.run(Unknown Source)&#10;        at java.lang.Thread.run(Thread.java:748)&#10;&quot;pool-36-thread-21&quot;  prio=5 tid=380 in Object.wait()&#10;java.lang.Thread.State: WAITING (on object monitor)&#10;        at sun.misc.Unsafe.park(Native Method)&#10;        at java.util.concurrent.locks.LockSupport.park(LockSupport.java:175)&#10;        at java.util.concurrent.locks.AbstractQueuedSynchronizer$ConditionObject.await(AbstractQueuedSynchronizer.java:2039)&#10;        at java.util.concurrent.ArrayBlockingQueue.take(ArrayBlockingQueue.java:403)&#10;        at java.util.concurrent.ThreadPoolExecutor.getTask(ThreadPoolExecutor.java:1074)&#10;        at java.util.concurrent.ThreadPoolExecutor.runWorker(ThreadPoolExecutor.java:1134)&#10;        at java.util.concurrent.ThreadPoolExecutor$Worker.run(ThreadPoolExecutor.java:624)&#10;        at java.lang.Thread.run(Thread.java:748)&#10;&quot;Datanode ReportManager Thread - 0&quot; daemon prio=5 tid=226 in Object.wait()&#10;java.lang.Thread.State: WAITING (on object monitor)&#10;        at sun.misc.Unsafe.park(Native Method)&#10;        at java.util.concurrent.locks.LockSupport.park(LockSupport.java:175)&#10;        at java.util.concurrent.locks.AbstractQueuedSynchronizer$ConditionObject.await(AbstractQueuedSynchronizer.java:2039)&#10;        at java.util.concurrent.ScheduledThreadPoolExecutor$DelayedWorkQueue.take(ScheduledThreadPoolExecutor.java:1088)&#10;        at java.util.concurrent.ScheduledThreadPoolExecutor$DelayedWorkQueue.take(ScheduledThreadPoolExecutor.java:809)&#10;        at java.util.concurrent.ThreadPoolExecutor.getTask(ThreadPoolExecutor.java:1074)&#10;        at java.util.concurrent.ThreadPoolExecutor.runWorker(ThreadPoolExecutor.java:1134)&#10;        at java.util.concurrent.ThreadPoolExecutor$Worker.run(ThreadPoolExecutor.java:624)&#10;        at java.lang.Thread.run(Thread.java:748)&#10;&quot;Thread-458&quot; daemon prio=5 tid=1049 timed_waiting&#10;java.lang.Thread.State: TIMED_WAITING&#10;        at sun.misc.Unsafe.park(Native Method)&#10;        at java.util.concurrent.locks.LockSupport.parkNanos(LockSupport.java:215)&#10;        at java.util.concurrent.locks.AbstractQueuedSynchronizer$ConditionObject.awaitNanos(AbstractQueuedSynchronizer.java:2078)&#10;        at java.util.concurrent.ArrayBlockingQueue.poll(ArrayBlockingQueue.java:418)&#10;        at org.apache.ratis.server.impl.LeaderState$EventQueue.poll(LeaderState.java:115)&#10;        at org.apache.ratis.server.impl.LeaderState$EventProcessor.run(LeaderState.java:467)&#10;&quot;IPC Server handler 9 on 33223&quot; daemon prio=5 tid=59 timed_waiting&#10;java.lang.Thread.State: TIMED_WAITING&#10;        at sun.misc.Unsafe.park(Native Method)&#10;        at java.util.concurrent.locks.LockSupport.parkNanos(LockSupport.java:215)&#10;        at java.util.concurrent.locks.AbstractQueuedSynchronizer$ConditionObject.awaitNanos(AbstractQueuedSynchronizer.java:2078)&#10;        at java.util.concurrent.LinkedBlockingQueue.poll(LinkedBlockingQueue.java:467)&#10;        at org.apache.hadoop.ipc.CallQueueManager.take(CallQueueManager.java:288)&#10;        at org.apache.hadoop.ipc.Server$Handler.run(Server.java:2668)&#10;&quot;org.eclipse.jetty.server.session.HashSessionManager@1d7be43Timer&quot; daemon prio=5 tid=305 timed_waiting&#10;java.lang.Thread.State: TIMED_WAITING&#10;        at sun.misc.Unsafe.park(Native Method)&#10;        at java.util.concurrent.locks.LockSupport.parkNanos(LockSupport.java:215)&#10;        at java.util.concurrent.locks.AbstractQueuedSynchronizer$ConditionObject.awaitNanos(AbstractQueuedSynchronizer.java:2078)&#10;        at java.util.concurrent.ScheduledThreadPoolExecutor$DelayedWorkQueue.take(ScheduledThreadPoolExecutor.java:1093)&#10;        at java.util.concurrent.ScheduledThreadPoolExecutor$DelayedWorkQueue.take(ScheduledThreadPoolExecutor.java:809)&#10;        at java.util.concurrent.ThreadPoolExecutor.getTask(ThreadPoolExecutor.java:1074)&#10;        at java.util.concurrent.ThreadPoolExecutor.runWorker(ThreadPoolExecutor.java:1134)&#10;        at java.util.concurrent.ThreadPoolExecutor$Worker.run(ThreadPoolExecutor.java:624)&#10;        at java.lang.Thread.run(Thread.java:748)&#10;&quot;pool-36-thread-60&quot;  prio=5 tid=480 in Object.wait()&#10;java.lang.Thread.State: WAITING (on object monitor)&#10;        at sun.misc.Unsafe.park(Native Method)&#10;        at java.util.concurrent.locks.LockSupport.park(LockSupport.java:175)&#10;        at java.util.concurrent.locks.AbstractQueuedSynchronizer$ConditionObject.await(AbstractQueuedSynchronizer.java:2039)&#10;        at java.util.concurrent.ArrayBlockingQueue.take(ArrayBlockingQueue.java:403)&#10;        at java.util.concurrent.ThreadPoolExecutor.getTask(ThreadPoolExecutor.java:1074)&#10;        at java.util.concurrent.ThreadPoolExecutor.runWorker(ThreadPoolExecutor.java:1134)&#10;        at java.util.concurrent.ThreadPoolExecutor$Worker.run(ThreadPoolExecutor.java:624)&#10;        at java.lang.Thread.run(Thread.java:748)&#10;&quot;IPC Server listener on 42810&quot; daemon prio=5 tid=108 runnable&#10;java.lang.Thread.State: RUNNABLE&#10;        at sun.nio.ch.EPollArrayWrapper.epollWait(Native Method)&#10;        at sun.nio.ch.EPollArrayWrapper.poll(EPollArrayWrapper.java:269)&#10;        at sun.nio.ch.EPollSelectorImpl.doSelect(EPollSelectorImpl.java:93)&#10;        at sun.nio.ch.SelectorImpl.lockAndDoSelect(SelectorImpl.java:86)&#10;        at sun.nio.ch.SelectorImpl.select(SelectorImpl.java:97)&#10;        at sun.nio.ch.SelectorImpl.select(SelectorImpl.java:101)&#10;        at org.apache.hadoop.ipc.Server$Listener.run(Server.java:1159)&#10;&quot;main&quot;  prio=5 tid=1 timed_waiting&#10;java.lang.Thread.State: TIMED_WAITING&#10;        at java.lang.Object.wait(Native Method)&#10;        at java.lang.Thread.join(Thread.java:1260)&#10;        at org.junit.internal.runners.statements.FailOnTimeout.evaluateStatement(FailOnTimeout.java:26)&#10;        at org.junit.internal.runners.statements.FailOnTimeout.evaluate(FailOnTimeout.java:17)&#10;        at org.junit.internal.runners.statements.RunAfters.evaluate(RunAfters.java:27)&#10;        at org.junit.runners.ParentRunner.runLeaf(ParentRunner.java:271)&#10;        at org.junit.runners.BlockJUnit4ClassRunner.runChild(BlockJUnit4ClassRunner.java:70)&#10;        at org.junit.runners.BlockJUnit4ClassRunner.runChild(BlockJUnit4ClassRunner.java:50)&#10;        at org.junit.runners.ParentRunner$3.run(ParentRunner.java:238)&#10;        at org.junit.runners.ParentRunner$1.schedule(ParentRunner.java:63)&#10;        at org.junit.runners.ParentRunner.runChildren(ParentRunner.java:236)&#10;        at org.junit.runners.ParentRunner.access$000(ParentRunner.java:53)&#10;        at org.junit.runners.ParentRunner$2.evaluate(ParentRunner.java:229)&#10;        at org.junit.runners.ParentRunner.run(ParentRunner.java:309)&#10;        at org.apache.maven.surefire.junit4.JUnit4Provider.execute(JUnit4Provider.java:365)&#10;        at org.apache.maven.surefire.junit4.JUnit4Provider.executeWithRerun(JUnit4Provider.java:273)&#10;        at org.apache.maven.surefire.junit4.JUnit4Provider.executeTestSet(JUnit4Provider.java:238)&#10;        at org.apache.maven.surefire.junit4.JUnit4Provider.invoke(JUnit4Provider.java:159)&#10;        at org.apache.maven.surefire.booter.ForkedBooter.invokeProviderInSameClassLoader(ForkedBooter.java:384)&#10;        at org.apache.maven.surefire.booter.ForkedBooter.runSuitesInProcess(ForkedBooter.java:345)&#10;        at org.apache.maven.surefire.booter.ForkedBooter.execute(ForkedBooter.java:126)&#10;        at org.apache.maven.surefire.booter.ForkedBooter.main(ForkedBooter.java:418)&#10;&quot;IPC Server handler 15 on 42372&quot; daemon prio=5 tid=85 timed_waiting&#10;java.lang.Thread.State: TIMED_WAITING&#10;        at sun.misc.Unsafe.park(Native Method)&#10;        at java.util.concurrent.locks.LockSupport.parkNanos(LockSupport.java:215)&#10;        at java.util.concurrent.locks.AbstractQueuedSynchronizer$ConditionObject.awaitNanos(AbstractQueuedSynchronizer.java:2078)&#10;        at java.util.concurrent.LinkedBlockingQueue.poll(LinkedBlockingQueue.java:467)&#10;        at org.apache.hadoop.ipc.CallQueueManager.take(CallQueueManager.java:288)&#10;        at org.apache.hadoop.ipc.Server$Handler.run(Server.java:2668)&#10;&quot;Datanode State Machine Thread - 0&quot; daemon prio=5 tid=286 timed_waiting&#10;java.lang.Thread.State: TIMED_WAITING&#10;        at sun.misc.Unsafe.park(Native Method)&#10;        at java.util.concurrent.locks.LockSupport.parkNanos(LockSupport.java:215)&#10;        at java.util.concurrent.SynchronousQueue$TransferStack.awaitFulfill(SynchronousQueue.java:460)&#10;        at java.util.concurrent.SynchronousQueue$TransferStack.transfer(SynchronousQueue.java:362)&#10;        at java.util.concurrent.SynchronousQueue.poll(SynchronousQueue.java:941)&#10;        at java.util.concurrent.ThreadPoolExecutor.getTask(ThreadPoolExecutor.java:1073)&#10;        at java.util.concurrent.ThreadPoolExecutor.runWorker(ThreadPoolExecutor.java:1134)&#10;        at java.util.concurrent.ThreadPoolExecutor$Worker.run(ThreadPoolExecutor.java:624)&#10;        at java.lang.Thread.run(Thread.java:748)&#10;&quot;pool-36-thread-26&quot;  prio=5 tid=394 in Object.wait()&#10;java.lang.Thread.State: WAITING (on object monitor)&#10;        at sun.misc.Unsafe.park(Native Method)&#10;        at java.util.concurrent.locks.LockSupport.park(LockSupport.java:175)&#10;        at java.util.concurrent.locks.AbstractQueuedSynchronizer$ConditionObject.await(AbstractQueuedSynchronizer.java:2039)&#10;        at java.util.concurrent.ArrayBlockingQueue.take(ArrayBlockingQueue.java:403)&#10;        at java.util.concurrent.ThreadPoolExecutor.getTask(ThreadPoolExecutor.java:1074)&#10;        at java.util.concurrent.ThreadPoolExecutor.runWorker(ThreadPoolExecutor.java:1134)&#10;        at java.util.concurrent.ThreadPoolExecutor$Worker.run(ThreadPoolExecutor.java:624)&#10;        at java.lang.Thread.run(Thread.java:748)&#10;&quot;org.eclipse.jetty.server.session.HashSessionManager@5d92d1c8Timer&quot; daemon prio=5 tid=223 timed_waiting&#10;java.lang.Thread.State: TIMED_WAITING&#10;        at sun.misc.Unsafe.park(Native Method)&#10;        at java.util.concurrent.locks.LockSupport.parkNanos(LockSupport.java:215)&#10;        at java.util.concurrent.locks.AbstractQueuedSynchronizer$ConditionObject.awaitNanos(AbstractQueuedSynchronizer.java:2078)&#10;        at java.util.concurrent.ScheduledThreadPoolExecutor$DelayedWorkQueue.take(ScheduledThreadPoolExecutor.java:1093)&#10;        at java.util.concurrent.ScheduledThreadPoolExecutor$DelayedWorkQueue.take(ScheduledThreadPoolExecutor.java:809)&#10;        at java.util.concurrent.ThreadPoolExecutor.getTask(ThreadPoolExecutor.java:1074)&#10;        at java.util.concurrent.ThreadPoolExecutor.runWorker(ThreadPoolExecutor.java:1134)&#10;        at java.util.concurrent.ThreadPoolExecutor$Worker.run(ThreadPoolExecutor.java:624)&#10;        at java.lang.Thread.run(Thread.java:748)&#10;&quot;pool-56-thread-9&quot;  prio=5 tid=490 in Object.wait()&#10;java.lang.Thread.State: WAITING (on object monitor)&#10;        at sun.misc.Unsafe.park(Native Method)&#10;        at java.util.concurrent.locks.LockSupport.park(LockSupport.java:175)&#10;        at java.util.concurrent.locks.AbstractQueuedSynchronizer$ConditionObject.await(AbstractQueuedSynchronizer.java:2039)&#10;        at java.util.concurrent.ArrayBlockingQueue.take(ArrayBlockingQueue.java:403)&#10;        at java.util.concurrent.ThreadPoolExecutor.getTask(ThreadPoolExecutor.java:1074)&#10;        at java.util.concurrent.ThreadPoolExecutor.runWorker(ThreadPoolExecutor.java:1134)&#10;        at java.util.concurrent.ThreadPoolExecutor$Worker.run(ThreadPoolExecutor.java:624)&#10;        at java.lang.Thread.run(Thread.java:748)&#10;&quot;qtp30546661-189&quot; daemon prio=5 tid=189 timed_waiting&#10;java.lang.Thread.State: TIMED_WAITING&#10;        at sun.misc.Unsafe.park(Native Method)&#10;        at java.util.concurrent.locks.LockSupport.parkNanos(LockSupport.java:215)&#10;        at java.util.concurrent.locks.AbstractQueuedSynchronizer$ConditionObject.awaitNanos(AbstractQueuedSynchronizer.java:2078)&#10;        at org.eclipse.jetty.util.BlockingArrayQueue.poll(BlockingArrayQueue.java:392)&#10;        at org.eclipse.jetty.util.thread.QueuedThreadPool.idleJobPoll(QueuedThreadPool.java:563)&#10;        at org.eclipse.jetty.util.thread.QueuedThreadPool.access$800(QueuedThreadPool.java:48)&#10;        at org.eclipse.jetty.util.thread.QueuedThreadPool$2.run(QueuedThreadPool.java:626)&#10;        at java.lang.Thread.run(Thread.java:748)&#10;&quot;pool-46-thread-58&quot;  prio=5 tid=470 in Object.wait()&#10;java.lang.Thread.State: WAITING (on object monitor)&#10;        at sun.misc.Unsafe.park(Native Method)&#10;        at java.util.concurrent.locks.LockSupport.park(LockSupport.java:175)&#10;        at java.util.concurrent.locks.AbstractQueuedSynchronizer$ConditionObject.await(AbstractQueuedSynchronizer.java:2039)&#10;        at java.util.concurrent.ArrayBlockingQueue.take(ArrayBlockingQueue.java:403)&#10;        at java.util.concurrent.ThreadPoolExecutor.getTask(ThreadPoolExecutor.java:1074)&#10;        at java.util.concurrent.ThreadPoolExecutor.runWorker(ThreadPoolExecutor.java:1134)&#10;        at java.util.concurrent.ThreadPoolExecutor$Worker.run(ThreadPoolExecutor.java:624)&#10;        at java.lang.Thread.run(Thread.java:748)&#10;&quot;qtp1937022909-270&quot; daemon prio=5 tid=270 timed_waiting&#10;java.lang.Thread.State: TIMED_WAITING&#10;        at sun.misc.Unsafe.park(Native Method)&#10;        at java.util.concurrent.locks.LockSupport.parkNanos(LockSupport.java:215)&#10;        at java.util.concurrent.locks.AbstractQueuedSynchronizer$ConditionObject.awaitNanos(AbstractQueuedSynchronizer.java:2078)&#10;        at org.eclipse.jetty.util.BlockingArrayQueue.poll(BlockingArrayQueue.java:392)&#10;        at org.eclipse.jetty.util.thread.QueuedThreadPool.idleJobPoll(QueuedThreadPool.java:563)&#10;        at org.eclipse.jetty.util.thread.QueuedThreadPool.access$800(QueuedThreadPool.java:48)&#10;        at org.eclipse.jetty.util.thread.QueuedThreadPool$2.run(QueuedThreadPool.java:626)&#10;        at java.lang.Thread.run(Thread.java:748)&#10;&quot;pool-6-thread-1&quot;  prio=5 tid=27 timed_waiting&#10;java.lang.Thread.State: TIMED_WAITING&#10;        at sun.misc.Unsafe.park(Native Method)&#10;        at java.util.concurrent.locks.LockSupport.parkNanos(LockSupport.java:215)&#10;        at java.util.concurrent.locks.AbstractQueuedSynchronizer$ConditionObject.awaitNanos(AbstractQueuedSynchronizer.java:2078)&#10;        at java.util.concurrent.ScheduledThreadPoolExecutor$DelayedWorkQueue.take(ScheduledThreadPoolExecutor.java:1093)&#10;        at java.util.concurrent.ScheduledThreadPoolExecutor$DelayedWorkQueue.take(ScheduledThreadPoolExecutor.java:809)&#10;        at java.util.concurrent.ThreadPoolExecutor.getTask(ThreadPoolExecutor.java:1074)&#10;        at java.util.concurrent.ThreadPoolExecutor.runWorker(ThreadPoolExecutor.java:1134)&#10;        at java.util.concurrent.ThreadPoolExecutor$Worker.run(ThreadPoolExecutor.java:624)&#10;        at java.lang.Thread.run(Thread.java:748)&#10;&quot;RatisPipelineUtilsThread&quot;  prio=5 tid=689 timed_waiting&#10;java.lang.Thread.State: TIMED_WAITING&#10;        at sun.misc.Unsafe.park(Native Method)&#10;        at java.util.concurrent.locks.LockSupport.parkNanos(LockSupport.java:215)&#10;        at java.util.concurrent.locks.AbstractQueuedSynchronizer$ConditionObject.awaitNanos(AbstractQueuedSynchronizer.java:2078)&#10;        at java.util.concurrent.ScheduledThreadPoolExecutor$DelayedWorkQueue.take(ScheduledThreadPoolExecutor.java:1093)&#10;        at java.util.concurrent.ScheduledThreadPoolExecutor$DelayedWorkQueue.take(ScheduledThreadPoolExecutor.java:809)&#10;        at java.util.concurrent.ThreadPoolExecutor.getTask(ThreadPoolExecutor.java:1074)&#10;        at java.util.concurrent.ThreadPoolExecutor.runWorker(ThreadPoolExecutor.java:1134)&#10;        at java.util.concurrent.ThreadPoolExecutor$Worker.run(ThreadPoolExecutor.java:624)&#10;        at java.lang.Thread.run(Thread.java:748)&#10;&quot;pool-66-thread-54&quot;  prio=5 tid=669 in Object.wait()&#10;java.lang.Thread.State: WAITING (on object monitor)&#10;        at sun.misc.Unsafe.park(Native Method)&#10;        at java.util.concurrent.locks.LockSupport.park(LockSupport.java:175)&#10;        at java.util.concurrent.locks.AbstractQueuedSynchronizer$ConditionObject.await(AbstractQueuedSynchronizer.java:2039)&#10;        at java.util.concurrent.ArrayBlockingQueue.take(ArrayBlockingQueue.java:403)&#10;        at java.util.concurrent.ThreadPoolExecutor.getTask(ThreadPoolExecutor.java:1074)&#10;        at java.util.concurrent.ThreadPoolExecutor.runWorker(ThreadPoolExecutor.java:1134)&#10;        at java.util.concurrent.ThreadPoolExecutor$Worker.run(ThreadPoolExecutor.java:624)&#10;        at java.lang.Thread.run(Thread.java:748)&#10;&quot;DataNode DiskChecker thread 0&quot; daemon prio=5 tid=183 timed_waiting&#10;java.lang.Thread.State: TIMED_WAITING&#10;        at sun.misc.Unsafe.park(Native Method)&#10;        at java.util.concurrent.locks.LockSupport.parkNanos(LockSupport.java:215)&#10;        at java.util.concurrent.SynchronousQueue$TransferStack.awaitFulfill(SynchronousQueue.java:460)&#10;        at java.util.concurrent.SynchronousQueue$TransferStack.transfer(SynchronousQueue.java:362)&#10;        at java.util.concurrent.SynchronousQueue.poll(SynchronousQueue.java:941)&#10;        at java.util.concurrent.ThreadPoolExecutor.getTask(ThreadPoolExecutor.java:1073)&#10;        at java.util.concurrent.ThreadPoolExecutor.runWorker(ThreadPoolExecutor.java:1134)&#10;        at java.util.concurrent.ThreadPoolExecutor$Worker.run(ThreadPoolExecutor.java:624)&#10;        at java.lang.Thread.run(Thread.java:748)&#10;&quot;05f59524-a4ea-4be4-b99d-fb9eed47142d@group-9DC5606B5DE8-SegmentedRaftLogWorker&quot;  prio=5 tid=947 timed_waiting&#10;java.lang.Thread.State: TIMED_WAITING&#10;        at sun.misc.Unsafe.park(Native Method)&#10;        at java.util.concurrent.locks.LockSupport.parkNanos(LockSupport.java:215)&#10;        at java.util.concurrent.locks.AbstractQueuedSynchronizer$ConditionObject.awaitNanos(AbstractQueuedSynchronizer.java:2078)&#10;        at org.apache.ratis.util.DataBlockingQueue.poll(DataBlockingQueue.java:137)&#10;        at org.apache.ratis.server.raftlog.segmented.SegmentedRaftLogWorker.run(SegmentedRaftLogWorker.java:282)&#10;        at java.lang.Thread.run(Thread.java:748)&#10;&quot;qtp1770687691-164&quot; daemon prio=5 tid=164 timed_waiting&#10;java.lang.Thread.State: TIMED_WAITING&#10;        at sun.misc.Unsafe.park(Native Method)&#10;        at java.util.concurrent.locks.LockSupport.parkNanos(LockSupport.java:215)&#10;        at java.util.concurrent.locks.AbstractQueuedSynchronizer$ConditionObject.awaitNanos(AbstractQueuedSynchronizer.java:2078)&#10;        at org.eclipse.jetty.util.BlockingArrayQueue.poll(BlockingArrayQueue.java:392)&#10;        at org.eclipse.jetty.util.thread.QueuedThreadPool.idleJobPoll(QueuedThreadPool.java:563)&#10;        at org.eclipse.jetty.util.thread.QueuedThreadPool.access$800(QueuedThreadPool.java:48)&#10;        at org.eclipse.jetty.util.thread.QueuedThreadPool$2.run(QueuedThreadPool.java:626)&#10;        at java.lang.Thread.run(Thread.java:748)&#10;&quot;DataNode DiskChecker thread 0&quot; daemon prio=5 tid=156 timed_waiting&#10;java.lang.Thread.State: TIMED_WAITING&#10;        at sun.misc.Unsafe.park(Native Method)&#10;        at java.util.concurrent.locks.LockSupport.parkNanos(LockSupport.java:215)&#10;        at java.util.concurrent.SynchronousQueue$TransferStack.awaitFulfill(SynchronousQueue.java:460)&#10;        at java.util.concurrent.SynchronousQueue$TransferStack.transfer(SynchronousQueue.java:362)&#10;        at java.util.concurrent.SynchronousQueue.poll(SynchronousQueue.java:941)&#10;        at java.util.concurrent.ThreadPoolExecutor.getTask(ThreadPoolExecutor.java:1073)&#10;        at java.util.concurrent.ThreadPoolExecutor.runWorker(ThreadPoolExecutor.java:1134)&#10;        at java.util.concurrent.ThreadPoolExecutor$Worker.run(ThreadPoolExecutor.java:624)&#10;        at java.lang.Thread.run(Thread.java:748)&#10;&quot;pool-76-thread-33&quot;  prio=5 tid=618 in Object.wait()&#10;java.lang.Thread.State: WAITING (on object monitor)&#10;        at sun.misc.Unsafe.park(Native Method)&#10;        at java.util.concurrent.locks.LockSupport.park(LockSupport.java:175)&#10;        at java.util.concurrent.locks.AbstractQueuedSynchronizer$ConditionObject.await(AbstractQueuedSynchronizer.java:2039)&#10;        at java.util.concurrent.ArrayBlockingQueue.take(ArrayBlockingQueue.java:403)&#10;        at java.util.concurrent.ThreadPoolExecutor.getTask(ThreadPoolExecutor.java:1074)&#10;        at java.util.concurrent.ThreadPoolExecutor.runWorker(ThreadPoolExecutor.java:1134)&#10;        at java.util.concurrent.ThreadPoolExecutor$Worker.run(ThreadPoolExecutor.java:624)&#10;        at java.lang.Thread.run(Thread.java:748)&#10;&quot;Datanode ReportManager Thread - 0&quot; daemon prio=5 tid=307 in Object.wait()&#10;java.lang.Thread.State: WAITING (on object monitor)&#10;        at sun.misc.Unsafe.park(Native Method)&#10;        at java.util.concurrent.locks.LockSupport.park(LockSupport.java:175)&#10;        at java.util.concurrent.locks.AbstractQueuedSynchronizer$ConditionObject.await(AbstractQueuedSynchronizer.java:2039)&#10;        at java.util.concurrent.ScheduledThreadPoolExecutor$DelayedWorkQueue.take(ScheduledThreadPoolExecutor.java:1088)&#10;        at java.util.concurrent.ScheduledThreadPoolExecutor$DelayedWorkQueue.take(ScheduledThreadPoolExecutor.java:809)&#10;        at java.util.concurrent.ThreadPoolExecutor.getTask(ThreadPoolExecutor.java:1074)&#10;        at java.util.concurrent.ThreadPoolExecutor.runWorker(ThreadPoolExecutor.java:1134)&#10;        at java.util.concurrent.ThreadPoolExecutor$Worker.run(ThreadPoolExecutor.java:624)&#10;        at java.lang.Thread.run(Thread.java:748)&#10;&quot;pool-76-thread-7&quot;  prio=5 tid=574 in Object.wait()&#10;java.lang.Thread.State: WAITING (on object monitor)&#10;        at sun.misc.Unsafe.park(Native Method)&#10;        at java.util.concurrent.locks.LockSupport.park(LockSupport.java:175)&#10;        at java.util.concurrent.locks.AbstractQueuedSynchronizer$ConditionObject.await(AbstractQueuedSynchronizer.java:2039)&#10;        at java.util.concurrent.ArrayBlockingQueue.take(ArrayBlockingQueue.java:403)&#10;        at java.util.concurrent.ThreadPoolExecutor.getTask(ThreadPoolExecutor.java:1074)&#10;        at java.util.concurrent.ThreadPoolExecutor.runWorker(ThreadPoolExecutor.java:1134)&#10;        at java.util.concurrent.ThreadPoolExecutor$Worker.run(ThreadPoolExecutor.java:624)&#10;        at java.lang.Thread.run(Thread.java:748)&#10;&quot;IPC Server Responder&quot; daemon prio=5 tid=18 runnable&#10;java.lang.Thread.State: RUNNABLE&#10;        at sun.nio.ch.EPollArrayWrapper.epollWait(Native Method)&#10;        at sun.nio.ch.EPollArrayWrapper.poll(EPollArrayWrapper.java:269)&#10;        at sun.nio.ch.EPollSelectorImpl.doSelect(EPollSelectorImpl.java:93)&#10;        at sun.nio.ch.SelectorImpl.lockAndDoSelect(SelectorImpl.java:86)&#10;        at sun.nio.ch.SelectorImpl.select(SelectorImpl.java:97)&#10;        at org.apache.hadoop.ipc.Server$Responder.doRunLoop(Server.java:1334)&#10;        at org.apache.hadoop.ipc.Server$Responder.run(Server.java:1317)&#10;&quot;org.eclipse.jetty.server.session.HashSessionManager@22bf0003Timer&quot; daemon prio=5 tid=195 timed_waiting&#10;java.lang.Thread.State: TIMED_WAITING&#10;        at sun.misc.Unsafe.park(Native Method)&#10;        at java.util.concurrent.locks.LockSupport.parkNanos(LockSupport.java:215)&#10;        at java.util.concurrent.locks.AbstractQueuedSynchronizer$ConditionObject.awaitNanos(AbstractQueuedSynchronizer.java:2078)&#10;        at java.util.concurrent.ScheduledThreadPoolExecutor$DelayedWorkQueue.take(ScheduledThreadPoolExecutor.java:1093)&#10;        at java.util.concurrent.ScheduledThreadPoolExecutor$DelayedWorkQueue.take(ScheduledThreadPoolExecutor.java:809)&#10;        at java.util.concurrent.ThreadPoolExecutor.getTask(ThreadPoolExecutor.java:1074)&#10;        at java.util.concurrent.ThreadPoolExecutor.runWorker(ThreadPoolExecutor.java:1134)&#10;        at java.util.concurrent.ThreadPoolExecutor$Worker.run(ThreadPoolExecutor.java:624)&#10;        at java.lang.Thread.run(Thread.java:748)&#10;&quot;qtp1937022909-273&quot; daemon prio=5 tid=273 timed_waiting&#10;java.lang.Thread.State: TIMED_WAITING&#10;        at sun.misc.Unsafe.park(Native Method)&#10;        at java.util.concurrent.locks.LockSupport.parkNanos(LockSupport.java:215)&#10;        at java.util.concurrent.locks.AbstractQueuedSynchronizer$ConditionObject.awaitNanos(AbstractQueuedSynchronizer.java:2078)&#10;        at org.eclipse.jetty.util.BlockingArrayQueue.poll(BlockingArrayQueue.java:392)&#10;        at org.eclipse.jetty.util.thread.QueuedThreadPool.idleJobPoll(QueuedThreadPool.java:563)&#10;        at org.eclipse.jetty.util.thread.QueuedThreadPool.access$800(QueuedThreadPool.java:48)&#10;        at org.eclipse.jetty.util.thread.QueuedThreadPool$2.run(QueuedThreadPool.java:626)&#10;        at java.lang.Thread.run(Thread.java:748)&#10;&quot;pool-76-thread-28&quot;  prio=5 tid=612 in Object.wait()&#10;java.lang.Thread.State: WAITING (on object monitor)&#10;        at sun.misc.Unsafe.park(Native Method)&#10;        at java.util.concurrent.locks.LockSupport.park(LockSupport.java:175)&#10;        at java.util.concurrent.locks.AbstractQueuedSynchronizer$ConditionObject.await(AbstractQueuedSynchronizer.java:2039)&#10;        at java.util.concurrent.ArrayBlockingQueue.take(ArrayBlockingQueue.java:403)&#10;        at java.util.concurrent.ThreadPoolExecutor.getTask(ThreadPoolExecutor.java:1074)&#10;        at java.util.concurrent.ThreadPoolExecutor.runWorker(ThreadPoolExecutor.java:1134)&#10;        at java.util.concurrent.ThreadPoolExecutor$Worker.run(ThreadPoolExecutor.java:624)&#10;        at java.lang.Thread.run(Thread.java:748)&#10;&quot;IPC Server handler 19 on 45420&quot; daemon prio=5 tid=49 timed_waiting&#10;java.lang.Thread.State: TIMED_WAITING&#10;        at sun.misc.Unsafe.park(Native Method)&#10;        at java.util.concurrent.locks.LockSupport.parkNanos(LockSupport.java:215)&#10;        at java.util.concurrent.locks.AbstractQueuedSynchronizer$ConditionObject.awaitNanos(AbstractQueuedSynchronizer.java:2078)&#10;        at java.util.concurrent.LinkedBlockingQueue.poll(LinkedBlockingQueue.java:467)&#10;        at org.apache.hadoop.ipc.CallQueueManager.take(CallQueueManager.java:288)&#10;        at org.apache.hadoop.ipc.Server$Handler.run(Server.java:2668)&#10;&quot;java.util.concurrent.ThreadPoolExecutor$Worker@ec04917[State = -1, empty queue]&quot; daemon prio=5 tid=888 timed_waiting&#10;java.lang.Thread.State: TIMED_WAITING&#10;        at sun.misc.Unsafe.park(Native Method)&#10;        at java.util.concurrent.locks.LockSupport.parkNanos(LockSupport.java:215)&#10;        at java.util.concurrent.locks.AbstractQueuedSynchronizer$ConditionObject.awaitNanos(AbstractQueuedSynchronizer.java:2078)&#10;        at java.util.concurrent.ScheduledThreadPoolExecutor$DelayedWorkQueue.take(ScheduledThreadPoolExecutor.java:1093)&#10;        at java.util.concurrent.ScheduledThreadPoolExecutor$DelayedWorkQueue.take(ScheduledThreadPoolExecutor.java:809)&#10;        at java.util.concurrent.ThreadPoolExecutor.getTask(ThreadPoolExecutor.java:1074)&#10;        at java.util.concurrent.ThreadPoolExecutor.runWorker(ThreadPoolExecutor.java:1134)&#10;        at java.util.concurrent.ThreadPoolExecutor$Worker.run(ThreadPoolExecutor.java:624)&#10;        at java.lang.Thread.run(Thread.java:748)&#10;&quot;pool-26-thread-42&quot;  prio=5 tid=481 in Object.wait()&#10;java.lang.Thread.State: WAITING (on object monitor)&#10;        at sun.misc.Unsafe.park(Native Method)&#10;        at java.util.concurrent.locks.LockSupport.park(LockSupport.java:175)&#10;        at java.util.concurrent.locks.AbstractQueuedSynchronizer$ConditionObject.await(AbstractQueuedSynchronizer.java:2039)&#10;        at java.util.concurrent.ArrayBlockingQueue.take(ArrayBlockingQueue.java:403)&#10;        at java.util.concurrent.ThreadPoolExecutor.getTask(ThreadPoolExecutor.java:1074)&#10;        at java.util.concurrent.ThreadPoolExecutor.runWorker(ThreadPoolExecutor.java:1134)&#10;        at java.util.concurrent.ThreadPoolExecutor$Worker.run(ThreadPoolExecutor.java:624)&#10;        at java.lang.Thread.run(Thread.java:748)&#10;&quot;pool-76-thread-57&quot;  prio=5 tid=653 in Object.wait()&#10;java.lang.Thread.State: WAITING (on object monitor)&#10;        at sun.misc.Unsafe.park(Native Method)&#10;        at java.util.concurrent.locks.LockSupport.park(LockSupport.java:175)&#10;        at java.util.concurrent.locks.AbstractQueuedSynchronizer$ConditionObject.await(AbstractQueuedSynchronizer.java:2039)&#10;        at java.util.concurrent.ArrayBlockingQueue.take(ArrayBlockingQueue.java:403)&#10;        at java.util.concurrent.ThreadPoolExecutor.getTask(ThreadPoolExecutor.java:1074)&#10;        at java.util.concurrent.ThreadPoolExecutor.runWorker(ThreadPoolExecutor.java:1134)&#10;        at java.util.concurrent.ThreadPoolExecutor$Worker.run(ThreadPoolExecutor.java:624)&#10;        at java.lang.Thread.run(Thread.java:748)&#10;&quot;Datanode ReportManager Thread - 2&quot; daemon prio=5 tid=255 in Object.wait()&#10;java.lang.Thread.State: WAITING (on object monitor)&#10;        at sun.misc.Unsafe.park(Native Method)&#10;        at java.util.concurrent.locks.LockSupport.park(LockSupport.java:175)&#10;        at java.util.concurrent.locks.AbstractQueuedSynchronizer$ConditionObject.await(AbstractQueuedSynchronizer.java:2039)&#10;        at java.util.concurrent.ScheduledThreadPoolExecutor$DelayedWorkQueue.take(ScheduledThreadPoolExecutor.java:1088)&#10;        at java.util.concurrent.ScheduledThreadPoolExecutor$DelayedWorkQueue.take(ScheduledThreadPoolExecutor.java:809)&#10;        at java.util.concurrent.ThreadPoolExecutor.getTask(ThreadPoolExecutor.java:1074)&#10;        at java.util.concurrent.ThreadPoolExecutor.runWorker(ThreadPoolExecutor.java:1134)&#10;        at java.util.concurrent.ThreadPoolExecutor$Worker.run(ThreadPoolExecutor.java:624)&#10;        at java.lang.Thread.run(Thread.java:748)&#10;&quot;IPC Server handler 5 on 33223&quot; daemon prio=5 tid=55 timed_waiting&#10;java.lang.Thread.State: TIMED_WAITING&#10;        at sun.misc.Unsafe.park(Native Method)&#10;        at java.util.concurrent.locks.LockSupport.parkNanos(LockSupport.java:215)&#10;        at java.util.concurrent.locks.AbstractQueuedSynchronizer$ConditionObject.awaitNanos(AbstractQueuedSynchronizer.java:2078)&#10;        at java.util.concurrent.LinkedBlockingQueue.poll(LinkedBlockingQueue.java:467)&#10;        at org.apache.hadoop.ipc.CallQueueManager.take(CallQueueManager.java:288)&#10;        at org.apache.hadoop.ipc.Server$Handler.run(Server.java:2668)&#10;&quot;IPC Server handler 3 on 42372&quot; daemon prio=5 tid=73 timed_waiting&#10;java.lang.Thread.State: TIMED_WAITING&#10;        at sun.misc.Unsafe.park(Native Method)&#10;        at java.util.concurrent.locks.LockSupport.parkNanos(LockSupport.java:215)&#10;        at java.util.concurrent.locks.AbstractQueuedSynchronizer$ConditionObject.awaitNanos(AbstractQueuedSynchronizer.java:2078)&#10;        at java.util.concurrent.LinkedBlockingQueue.poll(LinkedBlockingQueue.java:467)&#10;        at org.apache.hadoop.ipc.CallQueueManager.take(CallQueueManager.java:288)&#10;        at org.apache.hadoop.ipc.Server$Handler.run(Server.java:2668)&#10;&quot;metrics-hadoop-metrics2-reporter-71-thread-1&quot; daemon prio=5 tid=992 timed_waiting&#10;java.lang.Thread.State: TIMED_WAITING&#10;        at sun.misc.Unsafe.park(Native Method)&#10;        at java.util.concurrent.locks.LockSupport.parkNanos(LockSupport.java:215)&#10;        at java.util.concurrent.locks.AbstractQueuedSynchronizer$ConditionObject.awaitNanos(AbstractQueuedSynchronizer.java:2078)&#10;        at java.util.concurrent.ScheduledThreadPoolExecutor$DelayedWorkQueue.take(ScheduledThreadPoolExecutor.java:1093)&#10;        at java.util.concurrent.ScheduledThreadPoolExecutor$DelayedWorkQueue.take(ScheduledThreadPoolExecutor.java:809)&#10;        at java.util.concurrent.ThreadPoolExecutor.getTask(ThreadPoolExecutor.java:1074)&#10;        at java.util.concurrent.ThreadPoolExecutor.runWorker(ThreadPoolExecutor.java:1134)&#10;        at java.util.concurrent.ThreadPoolExecutor$Worker.run(ThreadPoolExecutor.java:624)&#10;        at java.lang.Thread.run(Thread.java:748)&#10;&quot;Datanode ReportManager Thread - 0&quot; daemon prio=5 tid=280 in Object.wait()&#10;java.lang.Thread.State: WAITING (on object monitor)&#10;        at sun.misc.Unsafe.park(Native Method)&#10;        at java.util.concurrent.locks.LockSupport.park(LockSupport.java:175)&#10;        at java.util.concurrent.locks.AbstractQueuedSynchronizer$ConditionObject.await(AbstractQueuedSynchronizer.java:2039)&#10;        at java.util.concurrent.ScheduledThreadPoolExecutor$DelayedWorkQueue.take(ScheduledThreadPoolExecutor.java:1088)&#10;        at java.util.concurrent.ScheduledThreadPoolExecutor$DelayedWorkQueue.take(ScheduledThreadPoolExecutor.java:809)&#10;        at java.util.concurrent.ThreadPoolExecutor.getTask(ThreadPoolExecutor.java:1074)&#10;        at java.util.concurrent.ThreadPoolExecutor.runWorker(ThreadPoolExecutor.java:1134)&#10;        at java.util.concurrent.ThreadPoolExecutor$Worker.run(ThreadPoolExecutor.java:624)&#10;        at java.lang.Thread.run(Thread.java:748)&#10;&quot;org.apache.hadoop.util.JvmPauseMonitor$Monitor@2511cee2&quot; daemon prio=5 tid=204 timed_waiting&#10;java.lang.Thread.State: TIMED_WAITING&#10;        at java.lang.Thread.sleep(Native Method)&#10;        at org.apache.hadoop.util.JvmPauseMonitor$Monitor.run(JvmPauseMonitor.java:192)&#10;        at java.lang.Thread.run(Thread.java:748)&#10;&quot;pool-36-thread-19&quot;  prio=5 tid=373 in Object.wait()&#10;java.lang.Thread.State: WAITING (on object monitor)&#10;        at sun.misc.Unsafe.park(Native Method)&#10;        at java.util.concurrent.locks.LockSupport.park(LockSupport.java:175)&#10;        at java.util.concurrent.locks.AbstractQueuedSynchronizer$ConditionObject.await(AbstractQueuedSynchronizer.java:2039)&#10;        at java.util.concurrent.ArrayBlockingQueue.take(ArrayBlockingQueue.java:403)&#10;        at java.util.concurrent.ThreadPoolExecutor.getTask(ThreadPoolExecutor.java:1074)&#10;        at java.util.concurrent.ThreadPoolExecutor.runWorker(ThreadPoolExecutor.java:1134)&#10;        at java.util.concurrent.ThreadPoolExecutor$Worker.run(ThreadPoolExecutor.java:624)&#10;        at java.lang.Thread.run(Thread.java:748)&#10;&quot;IPC Server handler 4 on 42810&quot; daemon prio=5 tid=119 timed_waiting&#10;java.lang.Thread.State: TIMED_WAITING&#10;        at sun.misc.Unsafe.park(Native Method)&#10;        at java.util.concurrent.locks.LockSupport.parkNanos(LockSupport.java:215)&#10;        at java.util.concurrent.locks.AbstractQueuedSynchronizer$ConditionObject.awaitNanos(AbstractQueuedSynchronizer.java:2078)&#10;        at java.util.concurrent.LinkedBlockingQueue.poll(LinkedBlockingQueue.java:467)&#10;        at org.apache.hadoop.ipc.CallQueueManager.take(CallQueueManager.java:288)&#10;        at org.apache.hadoop.ipc.Server$Handler.run(Server.java:2668)&#10;&quot;pool-76-thread-16&quot;  prio=5 tid=593 in Object.wait()&#10;java.lang.Thread.State: WAITING (on object monitor)&#10;        at sun.misc.Unsafe.park(Native Method)&#10;        at java.util.concurrent.locks.LockSupport.park(LockSupport.java:175)&#10;        at java.util.concurrent.locks.AbstractQueuedSynchronizer$ConditionObject.await(AbstractQueuedSynchronizer.java:2039)&#10;        at java.util.concurrent.ArrayBlockingQueue.take(ArrayBlockingQueue.java:403)&#10;        at java.util.concurrent.ThreadPoolExecutor.getTask(ThreadPoolExecutor.java:1074)&#10;        at java.util.concurrent.ThreadPoolExecutor.runWorker(ThreadPoolExecutor.java:1134)&#10;        at java.util.concurrent.ThreadPoolExecutor$Worker.run(ThreadPoolExecutor.java:624)&#10;        at java.lang.Thread.run(Thread.java:748)&#10;&quot;java.util.concurrent.ThreadPoolExecutor$Worker@1482943f[State = -1, empty queue]&quot; daemon prio=5 tid=1028 timed_waiting&#10;java.lang.Thread.State: TIMED_WAITING&#10;        at sun.misc.Unsafe.park(Native Method)&#10;        at java.util.concurrent.locks.LockSupport.parkNanos(LockSupport.java:215)&#10;        at java.util.concurrent.locks.AbstractQueuedSynchronizer$ConditionObject.awaitNanos(AbstractQueuedSynchronizer.java:2078)&#10;        at java.util.concurrent.ScheduledThreadPoolExecutor$DelayedWorkQueue.take(ScheduledThreadPoolExecutor.java:1093)&#10;        at java.util.concurrent.ScheduledThreadPoolExecutor$DelayedWorkQueue.take(ScheduledThreadPoolExecutor.java:809)&#10;        at java.util.concurrent.ThreadPoolExecutor.getTask(ThreadPoolExecutor.java:1074)&#10;        at java.util.concurrent.ThreadPoolExecutor.runWorker(ThreadPoolExecutor.java:1134)&#10;        at java.util.concurrent.ThreadPoolExecutor$Worker.run(ThreadPoolExecutor.java:624)&#10;        at java.lang.Thread.run(Thread.java:748)&#10;&quot;pool-66-thread-23&quot;  prio=5 tid=594 in Object.wait()&#10;java.lang.Thread.State: WAITING (on object monitor)&#10;        at sun.misc.Unsafe.park(Native Method)&#10;        at java.util.concurrent.locks.LockSupport.park(LockSupport.java:175)&#10;        at java.util.concurrent.locks.AbstractQueuedSynchronizer$ConditionObject.await(AbstractQueuedSynchronizer.java:2039)&#10;        at java.util.concurrent.ArrayBlockingQueue.take(ArrayBlockingQueue.java:403)&#10;        at java.util.concurrent.ThreadPoolExecutor.getTask(ThreadPoolExecutor.java:1074)&#10;        at java.util.concurrent.ThreadPoolExecutor.runWorker(ThreadPoolExecutor.java:1134)&#10;        at java.util.concurrent.ThreadPoolExecutor$Worker.run(ThreadPoolExecutor.java:624)&#10;        at java.lang.Thread.run(Thread.java:748)&#10;&quot;metrics-hadoop-metrics2-reporter-45-thread-1&quot; daemon prio=5 tid=833 timed_waiting&#10;java.lang.Thread.State: TIMED_WAITING&#10;        at sun.misc.Unsafe.park(Native Method)&#10;        at java.util.concurrent.locks.LockSupport.parkNanos(LockSupport.java:215)&#10;        at java.util.concurrent.locks.AbstractQueuedSynchronizer$ConditionObject.awaitNanos(AbstractQueuedSynchronizer.java:2078)&#10;        at java.util.concurrent.ScheduledThreadPoolExecutor$DelayedWorkQueue.take(ScheduledThreadPoolExecutor.java:1093)&#10;        at java.util.concurrent.ScheduledThreadPoolExecutor$DelayedWorkQueue.take(ScheduledThreadPoolExecutor.java:809)&#10;        at java.util.concurrent.ThreadPoolExecutor.getTask(ThreadPoolExecutor.java:1074)&#10;        at java.util.concurrent.ThreadPoolExecutor.runWorker(ThreadPoolExecutor.java:1134)&#10;        at java.util.concurrent.ThreadPoolExecutor$Worker.run(ThreadPoolExecutor.java:624)&#10;        at java.lang.Thread.run(Thread.java:748)&#10;&quot;pool-56-thread-59&quot;  prio=5 tid=553 in Object.wait()&#10;java.lang.Thread.State: WAITING (on object monitor)&#10;        at sun.misc.Unsafe.park(Native Method)&#10;        at java.util.concurrent.locks.LockSupport.park(LockSupport.java:175)&#10;        at java.util.concurrent.locks.AbstractQueuedSynchronizer$ConditionObject.await(AbstractQueuedSynchronizer.java:2039)&#10;        at java.util.concurrent.ArrayBlockingQueue.take(ArrayBlockingQueue.java:403)&#10;        at java.util.concurrent.ThreadPoolExecutor.getTask(ThreadPoolExecutor.java:1074)&#10;        at java.util.concurrent.ThreadPoolExecutor.runWorker(ThreadPoolExecutor.java:1134)&#10;        at java.util.concurrent.ThreadPoolExecutor$Worker.run(ThreadPoolExecutor.java:624)&#10;        at java.lang.Thread.run(Thread.java:748)&#10;&quot;pool-66-thread-36&quot;  prio=5 tid=640 in Object.wait()&#10;java.lang.Thread.State: WAITING (on object monitor)&#10;        at sun.misc.Unsafe.park(Native Method)&#10;        at java.util.concurrent.locks.LockSupport.park(LockSupport.java:175)&#10;        at java.util.concurrent.locks.AbstractQueuedSynchronizer$ConditionObject.await(AbstractQueuedSynchronizer.java:2039)&#10;        at java.util.concurrent.ArrayBlockingQueue.take(ArrayBlockingQueue.java:403)&#10;        at java.util.concurrent.ThreadPoolExecutor.getTask(ThreadPoolExecutor.java:1074)&#10;        at java.util.concurrent.ThreadPoolExecutor.runWorker(ThreadPoolExecutor.java:1134)&#10;        at java.util.concurrent.ThreadPoolExecutor$Worker.run(ThreadPoolExecutor.java:624)&#10;        at java.lang.Thread.run(Thread.java:748)&#10;&quot;Datanode ReportManager Thread - 2&quot; daemon prio=5 tid=309 in Object.wait()&#10;java.lang.Thread.State: WAITING (on object monitor)&#10;        at sun.misc.Unsafe.park(Native Method)&#10;        at java.util.concurrent.locks.LockSupport.park(LockSupport.java:175)&#10;        at java.util.concurrent.locks.AbstractQueuedSynchronizer$ConditionObject.await(AbstractQueuedSynchronizer.java:2039)&#10;        at java.util.concurrent.ScheduledThreadPoolExecutor$DelayedWorkQueue.take(ScheduledThreadPoolExecutor.java:1088)&#10;        at java.util.concurrent.ScheduledThreadPoolExecutor$DelayedWorkQueue.take(ScheduledThreadPoolExecutor.java:809)&#10;        at java.util.concurrent.ThreadPoolExecutor.getTask(ThreadPoolExecutor.java:1074)&#10;        at java.util.concurrent.ThreadPoolExecutor.runWorker(ThreadPoolExecutor.java:1134)&#10;        at java.util.concurrent.ThreadPoolExecutor$Worker.run(ThreadPoolExecutor.java:624)&#10;        at java.lang.Thread.run(Thread.java:748)&#10;&quot;IPC Server handler 11 on 42372&quot; daemon prio=5 tid=81 timed_waiting&#10;java.lang.Thread.State: TIMED_WAITING&#10;        at sun.misc.Unsafe.park(Native Method)&#10;        at java.util.concurrent.locks.LockSupport.parkNanos(LockSupport.java:215)&#10;        at java.util.concurrent.locks.AbstractQueuedSynchronizer$ConditionObject.awaitNanos(AbstractQueuedSynchronizer.java:2078)&#10;        at java.util.concurrent.LinkedBlockingQueue.poll(LinkedBlockingQueue.java:467)&#10;        at org.apache.hadoop.ipc.CallQueueManager.take(CallQueueManager.java:288)&#10;        at org.apache.hadoop.ipc.Server$Handler.run(Server.java:2668)&#10;&quot;surefire-forkedjvm-ping-30s&quot; daemon prio=5 tid=9 timed_waiting&#10;java.lang.Thread.State: TIMED_WAITING&#10;        at sun.misc.Unsafe.park(Native Method)&#10;        at java.util.concurrent.locks.LockSupport.parkNanos(LockSupport.java:215)&#10;        at java.util.concurrent.locks.AbstractQueuedSynchronizer$ConditionObject.awaitNanos(AbstractQueuedSynchronizer.java:2078)&#10;        at java.util.concurrent.ScheduledThreadPoolExecutor$DelayedWorkQueue.take(ScheduledThreadPoolExecutor.java:1093)&#10;        at java.util.concurrent.ScheduledThreadPoolExecutor$DelayedWorkQueue.take(ScheduledThreadPoolExecutor.java:809)&#10;        at java.util.concurrent.ThreadPoolExecutor.getTask(ThreadPoolExecutor.java:1074)&#10;        at java.util.concurrent.ThreadPoolExecutor.runWorker(ThreadPoolExecutor.java:1134)&#10;        at java.util.concurrent.ThreadPoolExecutor$Worker.run(ThreadPoolExecutor.java:624)&#10;        at java.lang.Thread.run(Thread.java:748)&#10;&quot;metrics-hadoop-metrics2-reporter-23-thread-1&quot; daemon prio=5 tid=756 timed_waiting&#10;java.lang.Thread.State: TIMED_WAITING&#10;        at sun.misc.Unsafe.park(Native Method)&#10;        at java.util.concurrent.locks.LockSupport.parkNanos(LockSupport.java:215)&#10;        at java.util.concurrent.locks.AbstractQueuedSynchronizer$ConditionObject.awaitNanos(AbstractQueuedSynchronizer.java:2078)&#10;        at java.util.concurrent.ScheduledThreadPoolExecutor$DelayedWorkQueue.take(ScheduledThreadPoolExecutor.java:1093)&#10;        at java.util.concurrent.ScheduledThreadPoolExecutor$DelayedWorkQueue.take(ScheduledThreadPoolExecutor.java:809)&#10;        at java.util.concurrent.ThreadPoolExecutor.getTask(ThreadPoolExecutor.java:1074)&#10;        at java.util.concurrent.ThreadPoolExecutor.runWorker(ThreadPoolExecutor.java:1134)&#10;        at java.util.concurrent.ThreadPoolExecutor$Worker.run(ThreadPoolExecutor.java:624)&#10;        at java.lang.Thread.run(Thread.java:748)&#10;&quot;pool-36-thread-57&quot;  prio=5 tid=476 in Object.wait()&#10;java.lang.Thread.State: WAITING (on object monitor)&#10;        at sun.misc.Unsafe.park(Native Method)&#10;        at java.util.concurrent.locks.LockSupport.park(LockSupport.java:175)&#10;        at java.util.concurrent.locks.AbstractQueuedSynchronizer$ConditionObject.await(AbstractQueuedSynchronizer.java:2039)&#10;        at java.util.concurrent.ArrayBlockingQueue.take(ArrayBlockingQueue.java:403)&#10;        at java.util.concurrent.ThreadPoolExecutor.getTask(ThreadPoolExecutor.java:1074)&#10;        at java.util.concurrent.ThreadPoolExecutor.runWorker(ThreadPoolExecutor.java:1134)&#10;        at java.util.concurrent.ThreadPoolExecutor$Worker.run(ThreadPoolExecutor.java:624)&#10;        at java.lang.Thread.run(Thread.java:748)&#10;&quot;org.eclipse.jetty.server.session.HashSessionManager@5487d417Timer&quot; daemon prio=5 tid=169 timed_waiting&#10;java.lang.Thread.State: TIMED_WAITING&#10;        at sun.misc.Unsafe.park(Native Method)&#10;        at java.util.concurrent.locks.LockSupport.parkNanos(LockSupport.java:215)&#10;        at java.util.concurrent.locks.AbstractQueuedSynchronizer$ConditionObject.awaitNanos(AbstractQueuedSynchronizer.java:2078)&#10;        at java.util.concurrent.ScheduledThreadPoolExecutor$DelayedWorkQueue.take(ScheduledThreadPoolExecutor.java:1093)&#10;        at java.util.concurrent.ScheduledThreadPoolExecutor$DelayedWorkQueue.take(ScheduledThreadPoolExecutor.java:809)&#10;        at java.util.concurrent.ThreadPoolExecutor.getTask(ThreadPoolExecutor.java:1074)&#10;        at java.util.concurrent.ThreadPoolExecutor.runWorker(ThreadPoolExecutor.java:1134)&#10;        at java.util.concurrent.ThreadPoolExecutor$Worker.run(ThreadPoolExecutor.java:624)&#10;        at java.lang.Thread.run(Thread.java:748)&#10;&quot;Datanode ReportManager Thread - 1&quot; daemon prio=5 tid=308 timed_waiting&#10;java.lang.Thread.State: TIMED_WAITING&#10;        at sun.misc.Unsafe.park(Native Method)&#10;        at java.util.concurrent.locks.LockSupport.parkNanos(LockSupport.java:215)&#10;        at java.util.concurrent.locks.AbstractQueuedSynchronizer$ConditionObject.awaitNanos(AbstractQueuedSynchronizer.java:2078)&#10;        at java.util.concurrent.ScheduledThreadPoolExecutor$DelayedWorkQueue.take(ScheduledThreadPoolExecutor.java:1093)&#10;        at java.util.concurrent.ScheduledThreadPoolExecutor$DelayedWorkQueue.take(ScheduledThreadPoolExecutor.java:809)&#10;        at java.util.concurrent.ThreadPoolExecutor.getTask(ThreadPoolExecutor.java:1074)&#10;        at java.util.concurrent.ThreadPoolExecutor.runWorker(ThreadPoolExecutor.java:1134)&#10;        at java.util.concurrent.ThreadPoolExecutor$Worker.run(ThreadPoolExecutor.java:624)&#10;        at java.lang.Thread.run(Thread.java:748)&#10;&quot;Datanode ReportManager Thread - 3&quot; daemon prio=5 tid=177 in Object.wait()&#10;java.lang.Thread.State: WAITING (on object monitor)&#10;        at sun.misc.Unsafe.park(Native Method)&#10;        at java.util.concurrent.locks.LockSupport.park(LockSupport.java:175)&#10;        at java.util.concurrent.locks.AbstractQueuedSynchronizer$ConditionObject.await(AbstractQueuedSynchronizer.java:2039)&#10;        at java.util.concurrent.ScheduledThreadPoolExecutor$DelayedWorkQueue.take(ScheduledThreadPoolExecutor.java:1088)&#10;        at java.util.concurrent.ScheduledThreadPoolExecutor$DelayedWorkQueue.take(ScheduledThreadPoolExecutor.java:809)&#10;        at java.util.concurrent.ThreadPoolExecutor.getTask(ThreadPoolExecutor.java:1074)&#10;        at java.util.concurrent.ThreadPoolExecutor.runWorker(ThreadPoolExecutor.java:1134)&#10;        at java.util.concurrent.ThreadPoolExecutor$Worker.run(ThreadPoolExecutor.java:624)&#10;        at java.lang.Thread.run(Thread.java:748)&#10;&quot;pool-76-thread-13&quot;  prio=5 tid=588 in Object.wait()&#10;java.lang.Thread.State: WAITING (on object monitor)&#10;        at sun.misc.Unsafe.park(Native Method)&#10;        at java.util.concurrent.locks.LockSupport.park(LockSupport.java:175)&#10;        at java.util.concurrent.locks.AbstractQueuedSynchronizer$ConditionObject.await(AbstractQueuedSynchronizer.java:2039)&#10;        at java.util.concurrent.ArrayBlockingQueue.take(ArrayBlockingQueue.java:403)&#10;        at java.util.concurrent.ThreadPoolExecutor.getTask(ThreadPoolExecutor.java:1074)&#10;        at java.util.concurrent.ThreadPoolExecutor.runWorker(ThreadPoolExecutor.java:1134)&#10;        at java.util.concurrent.ThreadPoolExecutor$Worker.run(ThreadPoolExecutor.java:624)&#10;        at java.lang.Thread.run(Thread.java:748)&#10;&quot;pool-46-thread-10&quot;  prio=5 tid=332 in Object.wait()&#10;java.lang.Thread.State: WAITING (on object monitor)&#10;        at sun.misc.Unsafe.park(Native Method)&#10;        at java.util.concurrent.locks.LockSupport.park(LockSupport.java:175)&#10;        at java.util.concurrent.locks.AbstractQueuedSynchronizer$ConditionObject.await(AbstractQueuedSynchronizer.java:2039)&#10;        at java.util.concurrent.ArrayBlockingQueue.take(ArrayBlockingQueue.java:403)&#10;        at java.util.concurrent.ThreadPoolExecutor.getTask(ThreadPoolExecutor.java:1074)&#10;        at java.util.concurrent.ThreadPoolExecutor.runWorker(ThreadPoolExecutor.java:1134)&#10;        at java.util.concurrent.ThreadPoolExecutor$Worker.run(ThreadPoolExecutor.java:624)&#10;        at java.lang.Thread.run(Thread.java:748)&#10;&quot;IPC Parameter Sending Thread #0&quot; daemon prio=5 tid=106 timed_waiting&#10;java.lang.Thread.State: TIMED_WAITING&#10;        at sun.misc.Unsafe.park(Native Method)&#10;        at java.util.concurrent.locks.LockSupport.parkNanos(LockSupport.java:215)&#10;        at java.util.concurrent.SynchronousQueue$TransferStack.awaitFulfill(SynchronousQueue.java:460)&#10;        at java.util.concurrent.SynchronousQueue$TransferStack.transfer(SynchronousQueue.java:362)&#10;        at java.util.concurrent.SynchronousQueue.poll(SynchronousQueue.java:941)&#10;        at java.util.concurrent.ThreadPoolExecutor.getTask(ThreadPoolExecutor.java:1073)&#10;        at java.util.concurrent.ThreadPoolExecutor.runWorker(ThreadPoolExecutor.java:1134)&#10;        at java.util.concurrent.ThreadPoolExecutor$Worker.run(ThreadPoolExecutor.java:624)&#10;        at java.lang.Thread.run(Thread.java:748)&#10;&quot;IPC Server handler 14 on 33223&quot; daemon prio=5 tid=64 timed_waiting&#10;java.lang.Thread.State: TIMED_WAITING&#10;        at sun.misc.Unsafe.park(Native Method)&#10;        at java.util.concurrent.locks.LockSupport.parkNanos(LockSupport.java:215)&#10;        at java.util.concurrent.locks.AbstractQueuedSynchronizer$ConditionObject.awaitNanos(AbstractQueuedSynchronizer.java:2078)&#10;        at java.util.concurrent.LinkedBlockingQueue.poll(LinkedBlockingQueue.java:467)&#10;        at org.apache.hadoop.ipc.CallQueueManager.take(CallQueueManager.java:288)&#10;        at org.apache.hadoop.ipc.Server$Handler.run(Server.java:2668)&#10;&quot;pool-56-thread-39&quot;  prio=5 tid=533 in Object.wait()&#10;java.lang.Thread.State: WAITING (on object monitor)&#10;        at sun.misc.Unsafe.park(Native Method)&#10;        at java.util.concurrent.locks.LockSupport.park(LockSupport.java:175)&#10;        at java.util.concurrent.locks.AbstractQueuedSynchronizer$ConditionObject.await(AbstractQueuedSynchronizer.java:2039)&#10;        at java.util.concurrent.ArrayBlockingQueue.take(ArrayBlockingQueue.java:403)&#10;        at java.util.concurrent.ThreadPoolExecutor.getTask(ThreadPoolExecutor.java:1074)&#10;        at java.util.concurrent.ThreadPoolExecutor.runWorker(ThreadPoolExecutor.java:1134)&#10;        at java.util.concurrent.ThreadPoolExecutor$Worker.run(ThreadPoolExecutor.java:624)&#10;        at java.lang.Thread.run(Thread.java:748)&#10;&quot;pool-66-thread-2&quot;  prio=5 tid=556 in Object.wait()&#10;java.lang.Thread.State: WAITING (on object monitor)&#10;        at sun.misc.Unsafe.park(Native Method)&#10;        at java.util.concurrent.locks.LockSupport.park(LockSupport.java:175)&#10;        at java.util.concurrent.locks.AbstractQueuedSynchronizer$ConditionObject.await(AbstractQueuedSynchronizer.java:2039)&#10;        at java.util.concurrent.ArrayBlockingQueue.take(ArrayBlockingQueue.java:403)&#10;        at java.util.concurrent.ThreadPoolExecutor.getTask(ThreadPoolExecutor.java:1074)&#10;        at java.util.concurrent.ThreadPoolExecutor.runWorker(ThreadPoolExecutor.java:1134)&#10;        at java.util.concurrent.ThreadPoolExecutor$Worker.run(ThreadPoolExecutor.java:624)&#10;        at java.lang.Thread.run(Thread.java:748)&#10;&quot;Datanode State Machine Thread - 0&quot; daemon prio=5 tid=225 timed_waiting&#10;java.lang.Thread.State: TIMED_WAITING&#10;        at java.lang.Thread.sleep(Native Method)&#10;        at org.apache.hadoop.ozone.container.common.statemachine.DatanodeStateMachine.start(DatanodeStateMachine.java:191)&#10;        at org.apache.hadoop.ozone.container.common.statemachine.DatanodeStateMachine.lambda$startDaemon$0(DatanodeStateMachine.java:349)&#10;        at org.apache.hadoop.ozone.container.common.statemachine.DatanodeStateMachine$$Lambda$140/2066701670.run(Unknown Source)&#10;        at java.lang.Thread.run(Thread.java:748)&#10;&quot;pool-26-thread-2&quot;  prio=5 tid=327 in Object.wait()&#10;java.lang.Thread.State: WAITING (on object monitor)&#10;        at sun.misc.Unsafe.park(Native Method)&#10;        at java.util.concurrent.locks.LockSupport.park(LockSupport.java:175)&#10;        at java.util.concurrent.locks.AbstractQueuedSynchronizer$ConditionObject.await(AbstractQueuedSynchronizer.java:2039)&#10;        at java.util.concurrent.ArrayBlockingQueue.take(ArrayBlockingQueue.java:403)&#10;        at java.util.concurrent.ThreadPoolExecutor.getTask(ThreadPoolExecutor.java:1074)&#10;        at java.util.concurrent.ThreadPoolExecutor.runWorker(ThreadPoolExecutor.java:1134)&#10;        at java.util.concurrent.ThreadPoolExecutor$Worker.run(ThreadPoolExecutor.java:624)&#10;        at java.lang.Thread.run(Thread.java:748)&#10;&quot;pool-44-thread-1&quot; daemon prio=5 tid=211 timed_waiting&#10;java.lang.Thread.State: TIMED_WAITING&#10;        at sun.misc.Unsafe.park(Native Method)&#10;        at java.util.concurrent.locks.LockSupport.parkNanos(LockSupport.java:215)&#10;        at java.util.concurrent.locks.AbstractQueuedSynchronizer$ConditionObject.awaitNanos(AbstractQueuedSynchronizer.java:2078)&#10;        at java.util.concurrent.ScheduledThreadPoolExecutor$DelayedWorkQueue.take(ScheduledThreadPoolExecutor.java:1093)&#10;        at java.util.concurrent.ScheduledThreadPoolExecutor$DelayedWorkQueue.take(ScheduledThreadPoolExecutor.java:809)&#10;        at java.util.concurrent.ThreadPoolExecutor.getTask(ThreadPoolExecutor.java:1074)&#10;        at java.util.concurrent.ThreadPoolExecutor.runWorker(ThreadPoolExecutor.java:1134)&#10;        at java.util.concurrent.ThreadPoolExecutor$Worker.run(ThreadPoolExecutor.java:624)&#10;        at java.lang.Thread.run(Thread.java:748)&#10;&quot;metrics-hadoop-metrics2-reporter-30-thread-1&quot; daemon prio=5 tid=787 timed_waiting&#10;java.lang.Thread.State: TIMED_WAITING&#10;        at sun.misc.Unsafe.park(Native Method)&#10;        at java.util.concurrent.locks.LockSupport.parkNanos(LockSupport.java:215)&#10;        at java.util.concurrent.locks.AbstractQueuedSynchronizer$ConditionObject.awaitNanos(AbstractQueuedSynchronizer.java:2078)&#10;        at java.util.concurrent.ScheduledThreadPoolExecutor$DelayedWorkQueue.take(ScheduledThreadPoolExecutor.java:1093)&#10;        at java.util.concurrent.ScheduledThreadPoolExecutor$DelayedWorkQueue.take(ScheduledThreadPoolExecutor.java:809)&#10;        at java.util.concurrent.ThreadPoolExecutor.getTask(ThreadPoolExecutor.java:1074)&#10;        at java.util.concurrent.ThreadPoolExecutor.runWorker(ThreadPoolExecutor.java:1134)&#10;        at java.util.concurrent.ThreadPoolExecutor$Worker.run(ThreadPoolExecutor.java:624)&#10;        at java.lang.Thread.run(Thread.java:748)&#10;&quot;metrics-hadoop-metrics2-reporter-8-thread-1&quot; daemon prio=5 tid=720 timed_waiting&#10;java.lang.Thread.State: TIMED_WAITING&#10;        at sun.misc.Unsafe.park(Native Method)&#10;        at java.util.concurrent.locks.LockSupport.parkNanos(LockSupport.java:215)&#10;        at java.util.concurrent.locks.AbstractQueuedSynchronizer$ConditionObject.awaitNanos(AbstractQueuedSynchronizer.java:2078)&#10;        at java.util.concurrent.ScheduledThreadPoolExecutor$DelayedWorkQueue.take(ScheduledThreadPoolExecutor.java:1093)&#10;        at java.util.concurrent.ScheduledThreadPoolExecutor$DelayedWorkQueue.take(ScheduledThreadPoolExecutor.java:809)&#10;        at java.util.concurrent.ThreadPoolExecutor.getTask(ThreadPoolExecutor.java:1074)&#10;        at java.util.concurrent.ThreadPoolExecutor.runWorker(ThreadPoolExecutor.java:1134)&#10;        at java.util.concurrent.ThreadPoolExecutor$Worker.run(ThreadPoolExecutor.java:624)&#10;        at java.lang.Thread.run(Thread.java:748)&#10;&quot;org.eclipse.jetty.server.session.HashSessionManager@31a98cc4Timer&quot; daemon prio=5 tid=251 timed_waiting&#10;java.lang.Thread.State: TIMED_WAITING&#10;        at sun.misc.Unsafe.park(Native Method)&#10;        at java.util.concurrent.locks.LockSupport.parkNanos(LockSupport.java:215)&#10;        at java.util.concurrent.locks.AbstractQueuedSynchronizer$ConditionObject.awaitNanos(AbstractQueuedSynchronizer.java:2078)&#10;        at java.util.concurrent.ScheduledThreadPoolExecutor$DelayedWorkQueue.take(ScheduledThreadPoolExecutor.java:1093)&#10;        at java.util.concurrent.ScheduledThreadPoolExecutor$DelayedWorkQueue.take(ScheduledThreadPoolExecutor.java:809)&#10;        at java.util.concurrent.ThreadPoolExecutor.getTask(ThreadPoolExecutor.java:1074)&#10;        at java.util.concurrent.ThreadPoolExecutor.runWorker(ThreadPoolExecutor.java:1134)&#10;        at java.util.concurrent.ThreadPoolExecutor$Worker.run(ThreadPoolExecutor.java:624)&#10;        at java.lang.Thread.run(Thread.java:748)&#10;&quot;IPC Server handler 1 on 42810&quot; daemon prio=5 tid=116 timed_waiting&#10;java.lang.Thread.State: TIMED_WAITING&#10;        at sun.misc.Unsafe.park(Native Method)&#10;        at java.util.concurrent.locks.LockSupport.parkNanos(LockSupport.java:215)&#10;        at java.util.concurrent.locks.AbstractQueuedSynchronizer$ConditionObject.awaitNanos(AbstractQueuedSynchronizer.java:2078)&#10;        at java.util.concurrent.LinkedBlockingQueue.poll(LinkedBlockingQueue.java:467)&#10;        at org.apache.hadoop.ipc.CallQueueManager.take(CallQueueManager.java:288)&#10;        at org.apache.hadoop.ipc.Server$Handler.run(Server.java:2668)&#10;&quot;pool-76-thread-3&quot;  prio=5 tid=567 in Object.wait()&#10;java.lang.Thread.State: WAITING (on object monitor)&#10;        at sun.misc.Unsafe.park(Native Method)&#10;        at java.util.concurrent.locks.LockSupport.park(LockSupport.java:175)&#10;        at java.util.concurrent.locks.AbstractQueuedSynchronizer$ConditionObject.await(AbstractQueuedSynchronizer.java:2039)&#10;        at java.util.concurrent.ArrayBlockingQueue.take(ArrayBlockingQueue.java:403)&#10;        at java.util.concurrent.ThreadPoolExecutor.getTask(ThreadPoolExecutor.java:1074)&#10;        at java.util.concurrent.ThreadPoolExecutor.runWorker(ThreadPoolExecutor.java:1134)&#10;        at java.util.concurrent.ThreadPoolExecutor$Worker.run(ThreadPoolExecutor.java:624)&#10;        at java.lang.Thread.run(Thread.java:748)&#10;&quot;pool-36-thread-25&quot;  prio=5 tid=392 in Object.wait()&#10;java.lang.Thread.State: WAITING (on object monitor)&#10;        at sun.misc.Unsafe.park(Native Method)&#10;        at java.util.concurrent.locks.LockSupport.park(LockSupport.java:175)&#10;        at java.util.concurrent.locks.AbstractQueuedSynchronizer$ConditionObject.await(AbstractQueuedSynchronizer.java:2039)&#10;        at java.util.concurrent.ArrayBlockingQueue.take(ArrayBlockingQueue.java:403)&#10;        at java.util.concurrent.ThreadPoolExecutor.getTask(ThreadPoolExecutor.java:1074)&#10;        at java.util.concurrent.ThreadPoolExecutor.runWorker(ThreadPoolExecutor.java:1134)&#10;        at java.util.concurrent.ThreadPoolExecutor$Worker.run(ThreadPoolExecutor.java:624)&#10;        at java.lang.Thread.run(Thread.java:748)&#10;&quot;IPC Server handler 17 on 45420&quot; daemon prio=5 tid=47 timed_waiting&#10;java.lang.Thread.State: TIMED_WAITING&#10;        at sun.misc.Unsafe.park(Native Method)&#10;        at java.util.concurrent.locks.LockSupport.parkNanos(LockSupport.java:215)&#10;        at java.util.concurrent.locks.AbstractQueuedSynchronizer$ConditionObject.awaitNanos(AbstractQueuedSynchronizer.java:2078)&#10;        at java.util.concurrent.LinkedBlockingQueue.poll(LinkedBlockingQueue.java:467)&#10;        at org.apache.hadoop.ipc.CallQueueManager.take(CallQueueManager.java:288)&#10;        at org.apache.hadoop.ipc.Server$Handler.run(Server.java:2668)&#10;&quot;pool-56-thread-25&quot;  prio=5 tid=519 in Object.wait()&#10;java.lang.Thread.State: WAITING (on object monitor)&#10;        at sun.misc.Unsafe.park(Native Method)&#10;        at java.util.concurrent.locks.LockSupport.park(LockSupport.java:175)&#10;        at java.util.concurrent.locks.AbstractQueuedSynchronizer$ConditionObject.await(AbstractQueuedSynchronizer.java:2039)&#10;        at java.util.concurrent.ArrayBlockingQueue.take(ArrayBlockingQueue.java:403)&#10;        at java.util.concurrent.ThreadPoolExecutor.getTask(ThreadPoolExecutor.java:1074)&#10;        at java.util.concurrent.ThreadPoolExecutor.runWorker(ThreadPoolExecutor.java:1134)&#10;        at java.util.concurrent.ThreadPoolExecutor$Worker.run(ThreadPoolExecutor.java:624)&#10;        at java.lang.Thread.run(Thread.java:748)&#10;&quot;Reference Handler&quot; daemon prio=10 tid=2 in Object.wait()&#10;java.lang.Thread.State: WAITING (on object monitor)&#10;        at java.lang.Object.wait(Native Method)&#10;        at java.lang.Object.wait(Object.java:502)&#10;        at java.lang.ref.Reference.tryHandlePending(Reference.java:191)&#10;        at java.lang.ref.Reference$ReferenceHandler.run(Reference.java:153)&#10;&quot;pool-26-thread-24&quot;  prio=5 tid=393 in Object.wait()&#10;java.lang.Thread.State: WAITING (on object monitor)&#10;        at sun.misc.Unsafe.park(Native Method)&#10;        at java.util.concurrent.locks.LockSupport.park(LockSupport.java:175)&#10;        at java.util.concurrent.locks.AbstractQueuedSynchronizer$ConditionObject.await(AbstractQueuedSynchronizer.java:2039)&#10;        at java.util.concurrent.ArrayBlockingQueue.take(ArrayBlockingQueue.java:403)&#10;        at java.util.concurrent.ThreadPoolExecutor.getTask(ThreadPoolExecutor.java:1074)&#10;        at java.util.concurrent.ThreadPoolExecutor.runWorker(ThreadPoolExecutor.java:1134)&#10;        at java.util.concurrent.ThreadPoolExecutor$Worker.run(ThreadPoolExecutor.java:624)&#10;        at java.lang.Thread.run(Thread.java:748)&#10;&quot;IPC Server listener on 45420&quot; daemon prio=5 tid=23 runnable&#10;java.lang.Thread.State: RUNNABLE&#10;        at sun.nio.ch.EPollArrayWrapper.epollWait(Native Method)&#10;        at sun.nio.ch.EPollArrayWrapper.poll(EPollArrayWrapper.java:269)&#10;        at sun.nio.ch.EPollSelectorImpl.doSelect(EPollSelectorImpl.java:93)&#10;        at sun.nio.ch.SelectorImpl.lockAndDoSelect(SelectorImpl.java:86)&#10;        at sun.nio.ch.SelectorImpl.select(SelectorImpl.java:97)&#10;        at sun.nio.ch.SelectorImpl.select(SelectorImpl.java:101)&#10;        at org.apache.hadoop.ipc.Server$Listener.run(Server.java:1159)&#10;&quot;IPC Server idle connection scanner for port 45420&quot; daemon prio=5 tid=25 timed_waiting&#10;java.lang.Thread.State: TIMED_WAITING&#10;        at java.lang.Object.wait(Native Method)&#10;        at java.util.TimerThread.mainLoop(Timer.java:552)&#10;        at java.util.TimerThread.run(Timer.java:505)&#10;&quot;pool-56-thread-49&quot;  prio=5 tid=543 in Object.wait()&#10;java.lang.Thread.State: WAITING (on object monitor)&#10;        at sun.misc.Unsafe.park(Native Method)&#10;        at java.util.concurrent.locks.LockSupport.park(LockSupport.java:175)&#10;        at java.util.concurrent.locks.AbstractQueuedSynchronizer$ConditionObject.await(AbstractQueuedSynchronizer.java:2039)&#10;        at java.util.concurrent.ArrayBlockingQueue.take(ArrayBlockingQueue.java:403)&#10;        at java.util.concurrent.ThreadPoolExecutor.getTask(ThreadPoolExecutor.java:1074)&#10;        at java.util.concurrent.ThreadPoolExecutor.runWorker(ThreadPoolExecutor.java:1134)&#10;        at java.util.concurrent.ThreadPoolExecutor$Worker.run(ThreadPoolExecutor.java:624)&#10;        at java.lang.Thread.run(Thread.java:748)&#10;&quot;qtp559644343-301&quot; daemon prio=5 tid=301 timed_waiting&#10;java.lang.Thread.State: TIMED_WAITING&#10;        at sun.misc.Unsafe.park(Native Method)&#10;        at java.util.concurrent.locks.LockSupport.parkNanos(LockSupport.java:215)&#10;        at java.util.concurrent.locks.AbstractQueuedSynchronizer$ConditionObject.awaitNanos(AbstractQueuedSynchronizer.java:2078)&#10;        at org.eclipse.jetty.util.BlockingArrayQueue.poll(BlockingArrayQueue.java:392)&#10;        at org.eclipse.jetty.util.thread.QueuedThreadPool.idleJobPoll(QueuedThreadPool.java:563)&#10;        at org.eclipse.jetty.util.thread.QueuedThreadPool.access$800(QueuedThreadPool.java:48)&#10;        at org.eclipse.jetty.util.thread.QueuedThreadPool$2.run(QueuedThreadPool.java:626)&#10;        at java.lang.Thread.run(Thread.java:748)&#10;&quot;pool-26-thread-20&quot;  prio=5 tid=382 in Object.wait()&#10;java.lang.Thread.State: WAITING (on object monitor)&#10;        at sun.misc.Unsafe.park(Native Method)&#10;        at java.util.concurrent.locks.LockSupport.park(LockSupport.java:175)&#10;        at java.util.concurrent.locks.AbstractQueuedSynchronizer$ConditionObject.await(AbstractQueuedSynchronizer.java:2039)&#10;        at java.util.concurrent.ArrayBlockingQueue.take(ArrayBlockingQueue.java:403)&#10;        at java.util.concurrent.ThreadPoolExecutor.getTask(ThreadPoolExecutor.java:1074)&#10;        at java.util.concurrent.ThreadPoolExecutor.runWorker(ThreadPoolExecutor.java:1134)&#10;        at java.util.concurrent.ThreadPoolExecutor$Worker.run(ThreadPoolExecutor.java:624)&#10;        at java.lang.Thread.run(Thread.java:748)&#10;&quot;pool-76-thread-15&quot;  prio=5 tid=592 in Object.wait()&#10;java.lang.Thread.State: WAITING (on object monitor)&#10;        at sun.misc.Unsafe.park(Native Method)&#10;        at java.util.concurrent.locks.LockSupport.park(LockSupport.java:175)&#10;        at java.util.concurrent.locks.AbstractQueuedSynchronizer$ConditionObject.await(AbstractQueuedSynchronizer.java:2039)&#10;        at java.util.concurrent.ArrayBlockingQueue.take(ArrayBlockingQueue.java:403)&#10;        at java.util.concurrent.ThreadPoolExecutor.getTask(ThreadPoolExecutor.java:1074)&#10;        at java.util.concurrent.ThreadPoolExecutor.runWorker(ThreadPoolExecutor.java:1134)&#10;        at java.util.concurrent.ThreadPoolExecutor$Worker.run(ThreadPoolExecutor.java:624)&#10;        at java.lang.Thread.run(Thread.java:748)&#10;&quot;pool-56-thread-20&quot;  prio=5 tid=512 in Object.wait()&#10;java.lang.Thread.State: WAITING (on object monitor)&#10;        at sun.misc.Unsafe.park(Native Method)&#10;        at java.util.concurrent.locks.LockSupport.park(LockSupport.java:175)&#10;        at java.util.concurrent.locks.AbstractQueuedSynchronizer$ConditionObject.await(AbstractQueuedSynchronizer.java:2039)&#10;        at java.util.concurrent.ArrayBlockingQueue.take(ArrayBlockingQueue.java:403)&#10;        at java.util.concurrent.ThreadPoolExecutor.getTask(ThreadPoolExecutor.java:1074)&#10;        at java.util.concurrent.ThreadPoolExecutor.runWorker(ThreadPoolExecutor.java:1134)&#10;        at java.util.concurrent.ThreadPoolExecutor$Worker.run(ThreadPoolExecutor.java:624)&#10;        at java.lang.Thread.run(Thread.java:748)&#10;&quot;pool-36-thread-37&quot;  prio=5 tid=422 in Object.wait()&#10;java.lang.Thread.State: WAITING (on object monitor)&#10;        at sun.misc.Unsafe.park(Native Method)&#10;        at java.util.concurrent.locks.LockSupport.park(LockSupport.java:175)&#10;        at java.util.concurrent.locks.AbstractQueuedSynchronizer$ConditionObject.await(AbstractQueuedSynchronizer.java:2039)&#10;        at java.util.concurrent.ArrayBlockingQueue.take(ArrayBlockingQueue.java:403)&#10;        at java.util.concurrent.ThreadPoolExecutor.getTask(ThreadPoolExecutor.java:1074)&#10;        at java.util.concurrent.ThreadPoolExecutor.runWorker(ThreadPoolExecutor.java:1134)&#10;        at java.util.concurrent.ThreadPoolExecutor$Worker.run(ThreadPoolExecutor.java:624)&#10;        at java.lang.Thread.run(Thread.java:748)&#10;&quot;qtp1732973321-97&quot; daemon prio=5 tid=97 timed_waiting&#10;java.lang.Thread.State: TIMED_WAITING&#10;        at sun.misc.Unsafe.park(Native Method)&#10;        at java.util.concurrent.locks.LockSupport.parkNanos(LockSupport.java:215)&#10;        at java.util.concurrent.locks.AbstractQueuedSynchronizer$ConditionObject.awaitNanos(AbstractQueuedSynchronizer.java:2078)&#10;        at org.eclipse.jetty.util.BlockingArrayQueue.poll(BlockingArrayQueue.java:392)&#10;        at org.eclipse.jetty.util.thread.QueuedThreadPool.idleJobPoll(QueuedThreadPool.java:563)&#10;        at org.eclipse.jetty.util.thread.QueuedThreadPool.access$800(QueuedThreadPool.java:48)&#10;        at org.eclipse.jetty.util.thread.QueuedThreadPool$2.run(QueuedThreadPool.java:626)&#10;        at java.lang.Thread.run(Thread.java:748)&#10;&quot;pool-76-thread-31&quot;  prio=5 tid=616 in Object.wait()&#10;java.lang.Thread.State: WAITING (on object monitor)&#10;        at sun.misc.Unsafe.park(Native Method)&#10;        at java.util.concurrent.locks.LockSupport.park(LockSupport.java:175)&#10;        at java.util.concurrent.locks.AbstractQueuedSynchronizer$ConditionObject.await(AbstractQueuedSynchronizer.java:2039)&#10;        at java.util.concurrent.ArrayBlockingQueue.take(ArrayBlockingQueue.java:403)&#10;        at java.util.concurrent.ThreadPoolExecutor.getTask(ThreadPoolExecutor.java:1074)&#10;        at java.util.concurrent.ThreadPoolExecutor.runWorker(ThreadPoolExecutor.java:1134)&#10;        at java.util.concurrent.ThreadPoolExecutor$Worker.run(ThreadPoolExecutor.java:624)&#10;        at java.lang.Thread.run(Thread.java:748)&#10;&quot;pool-56-thread-5&quot;  prio=5 tid=477 in Object.wait()&#10;java.lang.Thread.State: WAITING (on object monitor)&#10;        at sun.misc.Unsafe.park(Native Method)&#10;        at java.util.concurrent.locks.LockSupport.park(LockSupport.java:175)&#10;        at java.util.concurrent.locks.AbstractQueuedSynchronizer$ConditionObject.await(AbstractQueuedSynchronizer.java:2039)&#10;        at java.util.concurrent.ArrayBlockingQueue.take(ArrayBlockingQueue.java:403)&#10;        at java.util.concurrent.ThreadPoolExecutor.getTask(ThreadPoolExecutor.java:1074)&#10;        at java.util.concurrent.ThreadPoolExecutor.runWorker(ThreadPoolExecutor.java:1134)&#10;        at java.util.concurrent.ThreadPoolExecutor$Worker.run(ThreadPoolExecutor.java:624)&#10;        at java.lang.Thread.run(Thread.java:748)&#10;&quot;pool-26-thread-1&quot;  prio=5 tid=324 in Object.wait()&#10;java.lang.Thread.State: WAITING (on object monitor)&#10;        at sun.misc.Unsafe.park(Native Method)&#10;        at java.util.concurrent.locks.LockSupport.park(LockSupport.java:175)&#10;        at java.util.concurrent.locks.AbstractQueuedSynchronizer$ConditionObject.await(AbstractQueuedSynchronizer.java:2039)&#10;        at java.util.concurrent.ArrayBlockingQueue.take(ArrayBlockingQueue.java:403)&#10;        at java.util.concurrent.ThreadPoolExecutor.getTask(ThreadPoolExecutor.java:1074)&#10;        at java.util.concurrent.ThreadPoolExecutor.runWorker(ThreadPoolExecutor.java:1134)&#10;        at java.util.concurrent.ThreadPoolExecutor$Worker.run(ThreadPoolExecutor.java:624)&#10;        at java.lang.Thread.run(Thread.java:748)&#10;&quot;qtp1937022909-271&quot; daemon prio=5 tid=271 timed_waiting&#10;java.lang.Thread.State: TIMED_WAITING&#10;        at sun.misc.Unsafe.park(Native Method)&#10;        at java.util.concurrent.locks.LockSupport.parkNanos(LockSupport.java:215)&#10;        at java.util.concurrent.locks.AbstractQueuedSynchronizer$ConditionObject.awaitNanos(AbstractQueuedSynchronizer.java:2078)&#10;        at org.eclipse.jetty.util.BlockingArrayQueue.poll(BlockingArrayQueue.java:392)&#10;        at org.eclipse.jetty.util.thread.QueuedThreadPool.idleJobPoll(QueuedThreadPool.java:563)&#10;        at org.eclipse.jetty.util.thread.QueuedThreadPool.access$800(QueuedThreadPool.java:48)&#10;        at org.eclipse.jetty.util.thread.QueuedThreadPool$2.run(QueuedThreadPool.java:626)&#10;        at java.lang.Thread.run(Thread.java:748)&#10;&quot;Thread-244&quot; daemon prio=5 tid=750 timed_waiting&#10;java.lang.Thread.State: TIMED_WAITING&#10;        at sun.misc.Unsafe.park(Native Method)&#10;        at java.util.concurrent.locks.LockSupport.parkNanos(LockSupport.java:215)&#10;        at java.util.concurrent.locks.AbstractQueuedSynchronizer$ConditionObject.awaitNanos(AbstractQueuedSynchronizer.java:2078)&#10;        at java.util.concurrent.ArrayBlockingQueue.poll(ArrayBlockingQueue.java:418)&#10;        at org.apache.ratis.server.impl.LeaderState$EventQueue.poll(LeaderState.java:115)&#10;        at org.apache.ratis.server.impl.LeaderState$EventProcessor.run(LeaderState.java:467)&#10;&quot;pool-46-thread-13&quot;  prio=5 tid=344 in Object.wait()&#10;java.lang.Thread.State: WAITING (on object monitor)&#10;        at sun.misc.Unsafe.park(Native Method)&#10;        at java.util.concurrent.locks.LockSupport.park(LockSupport.java:175)&#10;        at java.util.concurrent.locks.AbstractQueuedSynchronizer$ConditionObject.await(AbstractQueuedSynchronizer.java:2039)&#10;        at java.util.concurrent.ArrayBlockingQueue.take(ArrayBlockingQueue.java:403)&#10;        at java.util.concurrent.ThreadPoolExecutor.getTask(ThreadPoolExecutor.java:1074)&#10;        at java.util.concurrent.ThreadPoolExecutor.runWorker(ThreadPoolExecutor.java:1134)&#10;        at java.util.concurrent.ThreadPoolExecutor$Worker.run(ThreadPoolExecutor.java:624)&#10;        at java.lang.Thread.run(Thread.java:748)&#10;&quot;Command processor thread&quot; daemon prio=5 tid=284 timed_waiting&#10;java.lang.Thread.State: TIMED_WAITING&#10;        at java.lang.Thread.sleep(Native Method)&#10;        at org.apache.hadoop.ozone.container.common.statemachine.DatanodeStateMachine.lambda$initCommandHandlerThread$1(DatanodeStateMachine.java:439)&#10;        at org.apache.hadoop.ozone.container.common.statemachine.DatanodeStateMachine$$Lambda$141/1097787199.run(Unknown Source)&#10;        at java.lang.Thread.run(Thread.java:748)&#10;&quot;57d83d75-a41d-4aa4-98a2-4186e05ab504@group-6F55AE0B2E8B-SegmentedRaftLogWorker&quot;  prio=5 tid=765 timed_waiting&#10;java.lang.Thread.State: TIMED_WAITING&#10;        at sun.misc.Unsafe.park(Native Method)&#10;        at java.util.concurrent.locks.LockSupport.parkNanos(LockSupport.java:215)&#10;        at java.util.concurrent.locks.AbstractQueuedSynchronizer$ConditionObject.awaitNanos(AbstractQueuedSynchronizer.java:2078)&#10;        at org.apache.ratis.util.DataBlockingQueue.poll(DataBlockingQueue.java:137)&#10;        at org.apache.ratis.server.raftlog.segmented.SegmentedRaftLogWorker.run(SegmentedRaftLogWorker.java:282)&#10;        at java.lang.Thread.run(Thread.java:748)&#10;&quot;Thread-249&quot; daemon prio=5 tid=762 timed_waiting&#10;java.lang.Thread.State: TIMED_WAITING&#10;        at sun.misc.Unsafe.park(Native Method)&#10;        at java.util.concurrent.locks.LockSupport.parkNanos(LockSupport.java:215)&#10;        at java.util.concurrent.locks.AbstractQueuedSynchronizer$ConditionObject.awaitNanos(AbstractQueuedSynchronizer.java:2078)&#10;        at java.util.concurrent.ArrayBlockingQueue.poll(ArrayBlockingQueue.java:418)&#10;        at org.apache.ratis.server.impl.LeaderState$EventQueue.poll(LeaderState.java:115)&#10;        at org.apache.ratis.server.impl.LeaderState$EventProcessor.run(LeaderState.java:467)&#10;&quot;pool-26-thread-9&quot;  prio=5 tid=350 in Object.wait()&#10;java.lang.Thread.State: WAITING (on object monitor)&#10;        at sun.misc.Unsafe.park(Native Method)&#10;        at java.util.concurrent.locks.LockSupport.park(LockSupport.java:175)&#10;        at java.util.concurrent.locks.AbstractQueuedSynchronizer$ConditionObject.await(AbstractQueuedSynchronizer.java:2039)&#10;        at java.util.concurrent.ArrayBlockingQueue.take(ArrayBlockingQueue.java:403)&#10;        at java.util.concurrent.ThreadPoolExecutor.getTask(ThreadPoolExecutor.java:1074)&#10;        at java.util.concurrent.ThreadPoolExecutor.runWorker(ThreadPoolExecutor.java:1134)&#10;        at java.util.concurrent.ThreadPoolExecutor$Worker.run(ThreadPoolExecutor.java:624)&#10;        at java.lang.Thread.run(Thread.java:748)&#10;&quot;qtp1931194070-248&quot; daemon prio=5 tid=248 timed_waiting&#10;java.lang.Thread.State: TIMED_WAITING&#10;        at sun.misc.Unsafe.park(Native Method)&#10;        at java.util.concurrent.locks.LockSupport.parkNanos(LockSupport.java:215)&#10;        at java.util.concurrent.locks.AbstractQueuedSynchronizer$ConditionObject.awaitNanos(AbstractQueuedSynchronizer.java:2078)&#10;        at org.eclipse.jetty.util.BlockingArrayQueue.poll(BlockingArrayQueue.java:392)&#10;        at org.eclipse.jetty.util.thread.QueuedThreadPool.idleJobPoll(QueuedThreadPool.java:563)&#10;        at org.eclipse.jetty.util.thread.QueuedThreadPool.access$800(QueuedThreadPool.java:48)&#10;        at org.eclipse.jetty.util.thread.QueuedThreadPool$2.run(QueuedThreadPool.java:626)&#10;        at java.lang.Thread.run(Thread.java:748)&#10;&quot;pool-76-thread-45&quot;  prio=5 tid=632 in Object.wait()&#10;java.lang.Thread.State: WAITING (on object monitor)&#10;        at sun.misc.Unsafe.park(Native Method)&#10;        at java.util.concurrent.locks.LockSupport.park(LockSupport.java:175)&#10;        at java.util.concurrent.locks.AbstractQueuedSynchronizer$ConditionObject.await(AbstractQueuedSynchronizer.java:2039)&#10;        at java.util.concurrent.ArrayBlockingQueue.take(ArrayBlockingQueue.java:403)&#10;        at java.util.concurrent.ThreadPoolExecutor.getTask(ThreadPoolExecutor.java:1074)&#10;        at java.util.concurrent.ThreadPoolExecutor.runWorker(ThreadPoolExecutor.java:1134)&#10;        at java.util.concurrent.ThreadPoolExecutor$Worker.run(ThreadPoolExecutor.java:624)&#10;        at java.lang.Thread.run(Thread.java:748)&#10;&quot;IPC Server handler 10 on 45420&quot; daemon prio=5 tid=40 timed_waiting&#10;java.lang.Thread.State: TIMED_WAITING&#10;        at sun.misc.Unsafe.park(Native Method)&#10;        at java.util.concurrent.locks.LockSupport.parkNanos(LockSupport.java:215)&#10;        at java.util.concurrent.locks.AbstractQueuedSynchronizer$ConditionObject.awaitNanos(AbstractQueuedSynchronizer.java:2078)&#10;        at java.util.concurrent.LinkedBlockingQueue.poll(LinkedBlockingQueue.java:467)&#10;        at org.apache.hadoop.ipc.CallQueueManager.take(CallQueueManager.java:288)&#10;        at org.apache.hadoop.ipc.Server$Handler.run(Server.java:2668)&#10;&quot;IPC Server handler 18 on 45420&quot; daemon prio=5 tid=48 timed_waiting&#10;java.lang.Thread.State: TIMED_WAITING&#10;        at sun.misc.Unsafe.park(Native Method)&#10;        at java.util.concurrent.locks.LockSupport.parkNanos(LockSupport.java:215)&#10;        at java.util.concurrent.locks.AbstractQueuedSynchronizer$ConditionObject.awaitNanos(AbstractQueuedSynchronizer.java:2078)&#10;        at java.util.concurrent.LinkedBlockingQueue.poll(LinkedBlockingQueue.java:467)&#10;        at org.apache.hadoop.ipc.CallQueueManager.take(CallQueueManager.java:288)&#10;        at org.apache.hadoop.ipc.Server$Handler.run(Server.java:2668)&#10;&quot;qtp559644343-298&quot; daemon prio=5 tid=298 timed_waiting&#10;java.lang.Thread.State: TIMED_WAITING&#10;        at sun.misc.Unsafe.park(Native Method)&#10;        at java.util.concurrent.locks.LockSupport.parkNanos(LockSupport.java:215)&#10;        at java.util.concurrent.locks.AbstractQueuedSynchronizer$ConditionObject.awaitNanos(AbstractQueuedSynchronizer.java:2078)&#10;        at org.eclipse.jetty.util.BlockingArrayQueue.poll(BlockingArrayQueue.java:392)&#10;        at org.eclipse.jetty.util.thread.QueuedThreadPool.idleJobPoll(QueuedThreadPool.java:563)&#10;        at org.eclipse.jetty.util.thread.QueuedThreadPool.access$800(QueuedThreadPool.java:48)&#10;        at org.eclipse.jetty.util.thread.QueuedThreadPool$2.run(QueuedThreadPool.java:626)&#10;        at java.lang.Thread.run(Thread.java:748)&#10;&quot;pool-76-thread-25&quot;  prio=5 tid=609 in Object.wait()&#10;java.lang.Thread.State: WAITING (on object monitor)&#10;        at sun.misc.Unsafe.park(Native Method)&#10;        at java.util.concurrent.locks.LockSupport.park(LockSupport.java:175)&#10;        at java.util.concurrent.locks.AbstractQueuedSynchronizer$ConditionObject.await(AbstractQueuedSynchronizer.java:2039)&#10;        at java.util.concurrent.ArrayBlockingQueue.take(ArrayBlockingQueue.java:403)&#10;        at java.util.concurrent.ThreadPoolExecutor.getTask(ThreadPoolExecutor.java:1074)&#10;        at java.util.concurrent.ThreadPoolExecutor.runWorker(ThreadPoolExecutor.java:1134)&#10;        at java.util.concurrent.ThreadPoolExecutor$Worker.run(ThreadPoolExecutor.java:624)&#10;        at java.lang.Thread.run(Thread.java:748)&#10;&quot;IPC Server handler 7 on 45420&quot; daemon prio=5 tid=37 timed_waiting&#10;java.lang.Thread.State: TIMED_WAITING&#10;        at sun.misc.Unsafe.park(Native Method)&#10;        at java.util.concurrent.locks.LockSupport.parkNanos(LockSupport.java:215)&#10;        at java.util.concurrent.locks.AbstractQueuedSynchronizer$ConditionObject.awaitNanos(AbstractQueuedSynchronizer.java:2078)&#10;        at java.util.concurrent.LinkedBlockingQueue.poll(LinkedBlockingQueue.java:467)&#10;        at org.apache.hadoop.ipc.CallQueueManager.take(CallQueueManager.java:288)&#10;        at org.apache.hadoop.ipc.Server$Handler.run(Server.java:2668)&#10;&quot;IPC Client (336428783) connection to /0.0.0.0:42372 from jenkins1000&quot; daemon prio=5 tid=314 timed_waiting&#10;java.lang.Thread.State: TIMED_WAITING&#10;        at java.lang.Object.wait(Native Method)&#10;        at org.apache.hadoop.ipc.Client$Connection.waitForWork(Client.java:1024)&#10;        at org.apache.hadoop.ipc.Client$Connection.run(Client.java:1068)&#10;&quot;pool-76-thread-27&quot;  prio=5 tid=611 in Object.wait()&#10;java.lang.Thread.State: WAITING (on object monitor)&#10;        at sun.misc.Unsafe.park(Native Method)&#10;        at java.util.concurrent.locks.LockSupport.park(LockSupport.java:175)&#10;        at java.util.concurrent.locks.AbstractQueuedSynchronizer$ConditionObject.await(AbstractQueuedSynchronizer.java:2039)&#10;        at java.util.concurrent.ArrayBlockingQueue.take(ArrayBlockingQueue.java:403)&#10;        at java.util.concurrent.ThreadPoolExecutor.getTask(ThreadPoolExecutor.java:1074)&#10;        at java.util.concurrent.ThreadPoolExecutor.runWorker(ThreadPoolExecutor.java:1134)&#10;        at java.util.concurrent.ThreadPoolExecutor$Worker.run(ThreadPoolExecutor.java:624)&#10;        at java.lang.Thread.run(Thread.java:748)&#10;&quot;pool-76-thread-10&quot;  prio=5 tid=580 in Object.wait()&#10;java.lang.Thread.State: WAITING (on object monitor)&#10;        at sun.misc.Unsafe.park(Native Method)&#10;        at java.util.concurrent.locks.LockSupport.park(LockSupport.java:175)&#10;        at java.util.concurrent.locks.AbstractQueuedSynchronizer$ConditionObject.await(AbstractQueuedSynchronizer.java:2039)&#10;        at java.util.concurrent.ArrayBlockingQueue.take(ArrayBlockingQueue.java:403)&#10;        at java.util.concurrent.ThreadPoolExecutor.getTask(ThreadPoolExecutor.java:1074)&#10;        at java.util.concurrent.ThreadPoolExecutor.runWorker(ThreadPoolExecutor.java:1134)&#10;        at java.util.concurrent.ThreadPoolExecutor$Worker.run(ThreadPoolExecutor.java:624)&#10;        at java.lang.Thread.run(Thread.java:748)&#10;&quot;pool-56-thread-38&quot;  prio=5 tid=532 in Object.wait()&#10;java.lang.Thread.State: WAITING (on object monitor)&#10;        at sun.misc.Unsafe.park(Native Method)&#10;        at java.util.concurrent.locks.LockSupport.park(LockSupport.java:175)&#10;        at java.util.concurrent.locks.AbstractQueuedSynchronizer$ConditionObject.await(AbstractQueuedSynchronizer.java:2039)&#10;        at java.util.concurrent.ArrayBlockingQueue.take(ArrayBlockingQueue.java:403)&#10;        at java.util.concurrent.ThreadPoolExecutor.getTask(ThreadPoolExecutor.java:1074)&#10;        at java.util.concurrent.ThreadPoolExecutor.runWorker(ThreadPoolExecutor.java:1134)&#10;        at java.util.concurrent.ThreadPoolExecutor$Worker.run(ThreadPoolExecutor.java:624)&#10;        at java.lang.Thread.run(Thread.java:748)&#10;&quot;pool-46-thread-20&quot;  prio=5 tid=365 in Object.wait()&#10;java.lang.Thread.State: WAITING (on object monitor)&#10;        at sun.misc.Unsafe.park(Native Method)&#10;        at java.util.concurrent.locks.LockSupport.park(LockSupport.java:175)&#10;        at java.util.concurrent.locks.AbstractQueuedSynchronizer$ConditionObject.await(AbstractQueuedSynchronizer.java:2039)&#10;        at java.util.concurrent.ArrayBlockingQueue.take(ArrayBlockingQueue.java:403)&#10;        at java.util.concurrent.ThreadPoolExecutor.getTask(ThreadPoolExecutor.java:1074)&#10;        at java.util.concurrent.ThreadPoolExecutor.runWorker(ThreadPoolExecutor.java:1134)&#10;        at java.util.concurrent.ThreadPoolExecutor$Worker.run(ThreadPoolExecutor.java:624)&#10;        at java.lang.Thread.run(Thread.java:748)&#10;&quot;KeyDeletingService#1&quot; daemon prio=5 tid=133 in Object.wait()&#10;java.lang.Thread.State: WAITING (on object monitor)&#10;        at sun.misc.Unsafe.park(Native Method)&#10;        at java.util.concurrent.locks.LockSupport.park(LockSupport.java:175)&#10;        at java.util.concurrent.locks.AbstractQueuedSynchronizer$ConditionObject.await(AbstractQueuedSynchronizer.java:2039)&#10;        at java.util.concurrent.ScheduledThreadPoolExecutor$DelayedWorkQueue.take(ScheduledThreadPoolExecutor.java:1088)&#10;        at java.util.concurrent.ScheduledThreadPoolExecutor$DelayedWorkQueue.take(ScheduledThreadPoolExecutor.java:809)&#10;        at java.util.concurrent.ThreadPoolExecutor.getTask(ThreadPoolExecutor.java:1074)&#10;        at java.util.concurrent.ThreadPoolExecutor.runWorker(ThreadPoolExecutor.java:1134)&#10;        at java.util.concurrent.ThreadPoolExecutor$Worker.run(ThreadPoolExecutor.java:624)&#10;        at java.lang.Thread.run(Thread.java:748)&#10;&quot;IPC Server handler 12 on 45420&quot; daemon prio=5 tid=42 timed_waiting&#10;java.lang.Thread.State: TIMED_WAITING&#10;        at sun.misc.Unsafe.park(Native Method)&#10;        at java.util.concurrent.locks.LockSupport.parkNanos(LockSupport.java:215)&#10;        at java.util.concurrent.locks.AbstractQueuedSynchronizer$ConditionObject.awaitNanos(AbstractQueuedSynchronizer.java:2078)&#10;        at java.util.concurrent.LinkedBlockingQueue.poll(LinkedBlockingQueue.java:467)&#10;        at org.apache.hadoop.ipc.CallQueueManager.take(CallQueueManager.java:288)&#10;        at org.apache.hadoop.ipc.Server$Handler.run(Server.java:2668)&#10;&quot;pool-76-thread-2&quot;  prio=5 tid=563 in Object.wait()&#10;java.lang.Thread.State: WAITING (on object monitor)&#10;        at sun.misc.Unsafe.park(Native Method)&#10;        at java.util.concurrent.locks.LockSupport.park(LockSupport.java:175)&#10;        at java.util.concurrent.locks.AbstractQueuedSynchronizer$ConditionObject.await(AbstractQueuedSynchronizer.java:2039)&#10;        at java.util.concurrent.ArrayBlockingQueue.take(ArrayBlockingQueue.java:403)&#10;        at java.util.concurrent.ThreadPoolExecutor.getTask(ThreadPoolExecutor.java:1074)&#10;        at java.util.concurrent.ThreadPoolExecutor.runWorker(ThreadPoolExecutor.java:1134)&#10;        at java.util.concurrent.ThreadPoolExecutor$Worker.run(ThreadPoolExecutor.java:624)&#10;        at java.lang.Thread.run(Thread.java:748)&#10;&quot;metrics-hadoop-metrics2-reporter-29-thread-1&quot; daemon prio=5 tid=770 timed_waiting&#10;java.lang.Thread.State: TIMED_WAITING&#10;        at sun.misc.Unsafe.park(Native Method)&#10;        at java.util.concurrent.locks.LockSupport.parkNanos(LockSupport.java:215)&#10;        at java.util.concurrent.locks.AbstractQueuedSynchronizer$ConditionObject.awaitNanos(AbstractQueuedSynchronizer.java:2078)&#10;        at java.util.concurrent.ScheduledThreadPoolExecutor$DelayedWorkQueue.take(ScheduledThreadPoolExecutor.java:1093)&#10;        at java.util.concurrent.ScheduledThreadPoolExecutor$DelayedWorkQueue.take(ScheduledThreadPoolExecutor.java:809)&#10;        at java.util.concurrent.ThreadPoolExecutor.getTask(ThreadPoolExecutor.java:1074)&#10;        at java.util.concurrent.ThreadPoolExecutor.runWorker(ThreadPoolExecutor.java:1134)&#10;        at java.util.concurrent.ThreadPoolExecutor$Worker.run(ThreadPoolExecutor.java:624)&#10;        at java.lang.Thread.run(Thread.java:748)&#10;&quot;Datanode ReportManager Thread - 2&quot; daemon prio=5 tid=176 in Object.wait()&#10;java.lang.Thread.State: WAITING (on object monitor)&#10;        at sun.misc.Unsafe.park(Native Method)&#10;        at java.util.concurrent.locks.LockSupport.park(LockSupport.java:175)&#10;        at java.util.concurrent.locks.AbstractQueuedSynchronizer$ConditionObject.await(AbstractQueuedSynchronizer.java:2039)&#10;        at java.util.concurrent.ScheduledThreadPoolExecutor$DelayedWorkQueue.take(ScheduledThreadPoolExecutor.java:1088)&#10;        at java.util.concurrent.ScheduledThreadPoolExecutor$DelayedWorkQueue.take(ScheduledThreadPoolExecutor.java:809)&#10;        at java.util.concurrent.ThreadPoolExecutor.getTask(ThreadPoolExecutor.java:1074)&#10;        at java.util.concurrent.ThreadPoolExecutor.runWorker(ThreadPoolExecutor.java:1134)&#10;        at java.util.concurrent.ThreadPoolExecutor$Worker.run(ThreadPoolExecutor.java:624)&#10;        at java.lang.Thread.run(Thread.java:748)&#10;&quot;metrics-hadoop-metrics2-reporter-33-thread-1&quot; daemon prio=5 tid=784 timed_waiting&#10;java.lang.Thread.State: TIMED_WAITING&#10;        at sun.misc.Unsafe.park(Native Method)&#10;        at java.util.concurrent.locks.LockSupport.parkNanos(LockSupport.java:215)&#10;        at java.util.concurrent.locks.AbstractQueuedSynchronizer$ConditionObject.awaitNanos(AbstractQueuedSynchronizer.java:2078)&#10;        at java.util.concurrent.ScheduledThreadPoolExecutor$DelayedWorkQueue.take(ScheduledThreadPoolExecutor.java:1093)&#10;        at java.util.concurrent.ScheduledThreadPoolExecutor$DelayedWorkQueue.take(ScheduledThreadPoolExecutor.java:809)&#10;        at java.util.concurrent.ThreadPoolExecutor.getTask(ThreadPoolExecutor.java:1074)&#10;        at java.util.concurrent.ThreadPoolExecutor.runWorker(ThreadPoolExecutor.java:1134)&#10;        at java.util.concurrent.ThreadPoolExecutor$Worker.run(ThreadPoolExecutor.java:624)&#10;        at java.lang.Thread.run(Thread.java:748)&#10;&quot;BlockDeletingService#0&quot; daemon prio=5 tid=681 timed_waiting&#10;java.lang.Thread.State: TIMED_WAITING&#10;        at sun.misc.Unsafe.park(Native Method)&#10;        at java.util.concurrent.locks.LockSupport.parkNanos(LockSupport.java:215)&#10;        at java.util.concurrent.locks.AbstractQueuedSynchronizer$ConditionObject.awaitNanos(AbstractQueuedSynchronizer.java:2078)&#10;        at java.util.concurrent.ScheduledThreadPoolExecutor$DelayedWorkQueue.take(ScheduledThreadPoolExecutor.java:1093)&#10;        at java.util.concurrent.ScheduledThreadPoolExecutor$DelayedWorkQueue.take(ScheduledThreadPoolExecutor.java:809)&#10;        at java.util.concurrent.ThreadPoolExecutor.getTask(ThreadPoolExecutor.java:1074)&#10;        at java.util.concurrent.ThreadPoolExecutor.runWorker(ThreadPoolExecutor.java:1134)&#10;        at java.util.concurrent.ThreadPoolExecutor$Worker.run(ThreadPoolExecutor.java:624)&#10;        at java.lang.Thread.run(Thread.java:748)&#10;&quot;metrics-hadoop-metrics2-reporter-27-thread-1&quot; daemon prio=5 tid=767 timed_waiting&#10;java.lang.Thread.State: TIMED_WAITING&#10;        at sun.misc.Unsafe.park(Native Method)&#10;        at java.util.concurrent.locks.LockSupport.parkNanos(LockSupport.java:215)&#10;        at java.util.concurrent.locks.AbstractQueuedSynchronizer$ConditionObject.awaitNanos(AbstractQueuedSynchronizer.java:2078)&#10;        at java.util.concurrent.ScheduledThreadPoolExecutor$DelayedWorkQueue.take(ScheduledThreadPoolExecutor.java:1093)&#10;        at java.util.concurrent.ScheduledThreadPoolExecutor$DelayedWorkQueue.take(ScheduledThreadPoolExecutor.java:809)&#10;        at java.util.concurrent.ThreadPoolExecutor.getTask(ThreadPoolExecutor.java:1074)&#10;        at java.util.concurrent.ThreadPoolExecutor.runWorker(ThreadPoolExecutor.java:1134)&#10;        at java.util.concurrent.ThreadPoolExecutor$Worker.run(ThreadPoolExecutor.java:624)&#10;        at java.lang.Thread.run(Thread.java:748)&#10;&quot;metrics-hadoop-metrics2-reporter-70-thread-1&quot; daemon prio=5 tid=991 timed_waiting&#10;java.lang.Thread.State: TIMED_WAITING&#10;        at sun.misc.Unsafe.park(Native Method)&#10;        at java.util.concurrent.locks.LockSupport.parkNanos(LockSupport.java:215)&#10;        at java.util.concurrent.locks.AbstractQueuedSynchronizer$ConditionObject.awaitNanos(AbstractQueuedSynchronizer.java:2078)&#10;        at java.util.concurrent.ScheduledThreadPoolExecutor$DelayedWorkQueue.take(ScheduledThreadPoolExecutor.java:1093)&#10;        at java.util.concurrent.ScheduledThreadPoolExecutor$DelayedWorkQueue.take(ScheduledThreadPoolExecutor.java:809)&#10;        at java.util.concurrent.ThreadPoolExecutor.getTask(ThreadPoolExecutor.java:1074)&#10;        at java.util.concurrent.ThreadPoolExecutor.runWorker(ThreadPoolExecutor.java:1134)&#10;        at java.util.concurrent.ThreadPoolExecutor$Worker.run(ThreadPoolExecutor.java:624)&#10;        at java.lang.Thread.run(Thread.java:748)&#10;&quot;pool-66-thread-45&quot;  prio=5 tid=660 in Object.wait()&#10;java.lang.Thread.State: WAITING (on object monitor)&#10;        at sun.misc.Unsafe.park(Native Method)&#10;        at java.util.concurrent.locks.LockSupport.park(LockSupport.java:175)&#10;        at java.util.concurrent.locks.AbstractQueuedSynchronizer$ConditionObject.await(AbstractQueuedSynchronizer.java:2039)&#10;        at java.util.concurrent.ArrayBlockingQueue.take(ArrayBlockingQueue.java:403)&#10;        at java.util.concurrent.ThreadPoolExecutor.getTask(ThreadPoolExecutor.java:1074)&#10;        at java.util.concurrent.ThreadPoolExecutor.runWorker(ThreadPoolExecutor.java:1134)&#10;        at java.util.concurrent.ThreadPoolExecutor$Worker.run(ThreadPoolExecutor.java:624)&#10;        at java.lang.Thread.run(Thread.java:748)&#10;&quot;pool-56-thread-50&quot;  prio=5 tid=544 in Object.wait()&#10;java.lang.Thread.State: WAITING (on object monitor)&#10;        at sun.misc.Unsafe.park(Native Method)&#10;        at java.util.concurrent.locks.LockSupport.park(LockSupport.java:175)&#10;        at java.util.concurrent.locks.AbstractQueuedSynchronizer$ConditionObject.await(AbstractQueuedSynchronizer.java:2039)&#10;        at java.util.concurrent.ArrayBlockingQueue.take(ArrayBlockingQueue.java:403)&#10;        at java.util.concurrent.ThreadPoolExecutor.getTask(ThreadPoolExecutor.java:1074)&#10;        at java.util.concurrent.ThreadPoolExecutor.runWorker(ThreadPoolExecutor.java:1134)&#10;        at java.util.concurrent.ThreadPoolExecutor$Worker.run(ThreadPoolExecutor.java:624)&#10;        at java.lang.Thread.run(Thread.java:748)&#10;&quot;pool-56-thread-44&quot;  prio=5 tid=538 in Object.wait()&#10;java.lang.Thread.State: WAITING (on object monitor)&#10;        at sun.misc.Unsafe.park(Native Method)&#10;        at java.util.concurrent.locks.LockSupport.park(LockSupport.java:175)&#10;        at java.util.concurrent.locks.AbstractQueuedSynchronizer$ConditionObject.await(AbstractQueuedSynchronizer.java:2039)&#10;        at java.util.concurrent.ArrayBlockingQueue.take(ArrayBlockingQueue.java:403)&#10;        at java.util.concurrent.ThreadPoolExecutor.getTask(ThreadPoolExecutor.java:1074)&#10;        at java.util.concurrent.ThreadPoolExecutor.runWorker(ThreadPoolExecutor.java:1134)&#10;        at java.util.concurrent.ThreadPoolExecutor$Worker.run(ThreadPoolExecutor.java:624)&#10;        at java.lang.Thread.run(Thread.java:748)&#10;&quot;qtp1770687691-165&quot; daemon prio=5 tid=165 timed_waiting&#10;java.lang.Thread.State: TIMED_WAITING&#10;        at sun.misc.Unsafe.park(Native Method)&#10;        at java.util.concurrent.locks.LockSupport.parkNanos(LockSupport.java:215)&#10;        at java.util.concurrent.locks.AbstractQueuedSynchronizer$ConditionObject.awaitNanos(AbstractQueuedSynchronizer.java:2078)&#10;        at org.eclipse.jetty.util.BlockingArrayQueue.poll(BlockingArrayQueue.java:392)&#10;        at org.eclipse.jetty.util.thread.QueuedThreadPool.idleJobPoll(QueuedThreadPool.java:563)&#10;        at org.eclipse.jetty.util.thread.QueuedThreadPool.access$800(QueuedThreadPool.java:48)&#10;        at org.eclipse.jetty.util.thread.QueuedThreadPool$2.run(QueuedThreadPool.java:626)&#10;        at java.lang.Thread.run(Thread.java:748)&#10;&quot;pool-57-thread-1&quot;  prio=5 tid=724 in Object.wait()&#10;java.lang.Thread.State: WAITING (on object monitor)&#10;        at sun.misc.Unsafe.park(Native Method)&#10;        at java.util.concurrent.locks.LockSupport.park(LockSupport.java:175)&#10;        at java.util.concurrent.locks.AbstractQueuedSynchronizer$ConditionObject.await(AbstractQueuedSynchronizer.java:2039)&#10;        at java.util.concurrent.LinkedBlockingQueue.take(LinkedBlockingQueue.java:442)&#10;        at java.util.concurrent.ThreadPoolExecutor.getTask(ThreadPoolExecutor.java:1074)&#10;        at java.util.concurrent.ThreadPoolExecutor.runWorker(ThreadPoolExecutor.java:1134)&#10;        at java.util.concurrent.ThreadPoolExecutor$Worker.run(ThreadPoolExecutor.java:624)&#10;        at java.lang.Thread.run(Thread.java:748)&#10;&quot;Datanode ReportManager Thread - 0&quot; daemon prio=5 tid=172 timed_waiting&#10;java.lang.Thread.State: TIMED_WAITING&#10;        at sun.misc.Unsafe.park(Native Method)&#10;        at java.util.concurrent.locks.LockSupport.parkNanos(LockSupport.java:215)&#10;        at java.util.concurrent.locks.AbstractQueuedSynchronizer$ConditionObject.awaitNanos(AbstractQueuedSynchronizer.java:2078)&#10;        at java.util.concurrent.ScheduledThreadPoolExecutor$DelayedWorkQueue.take(ScheduledThreadPoolExecutor.java:1093)&#10;        at java.util.concurrent.ScheduledThreadPoolExecutor$DelayedWorkQueue.take(ScheduledThreadPoolExecutor.java:809)&#10;        at java.util.concurrent.ThreadPoolExecutor.getTask(ThreadPoolExecutor.java:1074)&#10;        at java.util.concurrent.ThreadPoolExecutor.runWorker(ThreadPoolExecutor.java:1134)&#10;        at java.util.concurrent.ThreadPoolExecutor$Worker.run(ThreadPoolExecutor.java:624)&#10;        at java.lang.Thread.run(Thread.java:748)&#10;&quot;metrics-hadoop-metrics2-reporter-10-thread-1&quot; daemon prio=5 tid=725 timed_waiting&#10;java.lang.Thread.State: TIMED_WAITING&#10;        at sun.misc.Unsafe.park(Native Method)&#10;        at java.util.concurrent.locks.LockSupport.parkNanos(LockSupport.java:215)&#10;        at java.util.concurrent.locks.AbstractQueuedSynchronizer$ConditionObject.awaitNanos(AbstractQueuedSynchronizer.java:2078)&#10;        at java.util.concurrent.ScheduledThreadPoolExecutor$DelayedWorkQueue.take(ScheduledThreadPoolExecutor.java:1093)&#10;        at java.util.concurrent.ScheduledThreadPoolExecutor$DelayedWorkQueue.take(ScheduledThreadPoolExecutor.java:809)&#10;        at java.util.concurrent.ThreadPoolExecutor.getTask(ThreadPoolExecutor.java:1074)&#10;        at java.util.concurrent.ThreadPoolExecutor.runWorker(ThreadPoolExecutor.java:1134)&#10;        at java.util.concurrent.ThreadPoolExecutor$Worker.run(ThreadPoolExecutor.java:624)&#10;        at java.lang.Thread.run(Thread.java:748)&#10;&quot;pool-26-thread-28&quot;  prio=5 tid=412 in Object.wait()&#10;java.lang.Thread.State: WAITING (on object monitor)&#10;        at sun.misc.Unsafe.park(Native Method)&#10;        at java.util.concurrent.locks.LockSupport.park(LockSupport.java:175)&#10;        at java.util.concurrent.locks.AbstractQueuedSynchronizer$ConditionObject.await(AbstractQueuedSynchronizer.java:2039)&#10;        at java.util.concurrent.ArrayBlockingQueue.take(ArrayBlockingQueue.java:403)&#10;        at java.util.concurrent.ThreadPoolExecutor.getTask(ThreadPoolExecutor.java:1074)&#10;        at java.util.concurrent.ThreadPoolExecutor.runWorker(ThreadPoolExecutor.java:1134)&#10;        at java.util.concurrent.ThreadPoolExecutor$Worker.run(ThreadPoolExecutor.java:624)&#10;        at java.lang.Thread.run(Thread.java:748)&#10;&quot;pool-64-thread-1&quot; daemon prio=5 tid=265 timed_waiting&#10;java.lang.Thread.State: TIMED_WAITING&#10;        at sun.misc.Unsafe.park(Native Method)&#10;        at java.util.concurrent.locks.LockSupport.parkNanos(LockSupport.java:215)&#10;        at java.util.concurrent.locks.AbstractQueuedSynchronizer$ConditionObject.awaitNanos(AbstractQueuedSynchronizer.java:2078)&#10;        at java.util.concurrent.ScheduledThreadPoolExecutor$DelayedWorkQueue.take(ScheduledThreadPoolExecutor.java:1093)&#10;        at java.util.concurrent.ScheduledThreadPoolExecutor$DelayedWorkQueue.take(ScheduledThreadPoolExecutor.java:809)&#10;        at java.util.concurrent.ThreadPoolExecutor.getTask(ThreadPoolExecutor.java:1074)&#10;        at java.util.concurrent.ThreadPoolExecutor.runWorker(ThreadPoolExecutor.java:1134)&#10;        at java.util.concurrent.ThreadPoolExecutor$Worker.run(ThreadPoolExecutor.java:624)&#10;        at java.lang.Thread.run(Thread.java:748)&#10;&quot;qtp30546661-187&quot; daemon prio=5 tid=187 runnable&#10;java.lang.Thread.State: RUNNABLE&#10;        at sun.nio.ch.EPollArrayWrapper.epollWait(Native Method)&#10;        at sun.nio.ch.EPollArrayWrapper.poll(EPollArrayWrapper.java:269)&#10;        at sun.nio.ch.EPollSelectorImpl.doSelect(EPollSelectorImpl.java:93)&#10;        at sun.nio.ch.SelectorImpl.lockAndDoSelect(SelectorImpl.java:86)&#10;        at sun.nio.ch.SelectorImpl.select(SelectorImpl.java:97)&#10;        at sun.nio.ch.SelectorImpl.select(SelectorImpl.java:101)&#10;        at org.eclipse.jetty.io.ManagedSelector$SelectorProducer.select(ManagedSelector.java:243)&#10;        at org.eclipse.jetty.io.ManagedSelector$SelectorProducer.produce(ManagedSelector.java:191)&#10;        at org.eclipse.jetty.util.thread.strategy.ExecuteProduceConsume.executeProduceConsume(ExecuteProduceConsume.java:249)&#10;        at org.eclipse.jetty.util.thread.strategy.ExecuteProduceConsume.produceConsume(ExecuteProduceConsume.java:148)&#10;        at org.eclipse.jetty.util.thread.strategy.ExecuteProduceConsume.execute(ExecuteProduceConsume.java:100)&#10;        at org.eclipse.jetty.io.ManagedSelector.run(ManagedSelector.java:147)&#10;        at org.eclipse.jetty.util.thread.QueuedThreadPool.runJob(QueuedThreadPool.java:671)&#10;        at org.eclipse.jetty.util.thread.QueuedThreadPool$2.run(QueuedThreadPool.java:589)&#10;        at java.lang.Thread.run(Thread.java:748)&#10;&quot;grpc-default-executor-5&quot; daemon prio=5 tid=849 runnable&#10;java.lang.Thread.State: RUNNABLE&#10;        at sun.misc.Unsafe.park(Native Method)&#10;        at java.util.concurrent.locks.LockSupport.parkNanos(LockSupport.java:215)&#10;        at java.util.concurrent.SynchronousQueue$TransferStack.awaitFulfill(SynchronousQueue.java:460)&#10;        at java.util.concurrent.SynchronousQueue$TransferStack.transfer(SynchronousQueue.java:362)&#10;        at java.util.concurrent.SynchronousQueue.poll(SynchronousQueue.java:941)&#10;        at java.util.concurrent.ThreadPoolExecutor.getTask(ThreadPoolExecutor.java:1073)&#10;        at java.util.concurrent.ThreadPoolExecutor.runWorker(ThreadPoolExecutor.java:1134)&#10;        at java.util.concurrent.ThreadPoolExecutor$Worker.run(ThreadPoolExecutor.java:624)&#10;        at java.lang.Thread.run(Thread.java:748)&#10;&quot;pool-46-thread-32&quot;  prio=5 tid=396 in Object.wait()&#10;java.lang.Thread.State: WAITING (on object monitor)&#10;        at sun.misc.Unsafe.park(Native Method)&#10;        at java.util.concurrent.locks.LockSupport.park(LockSupport.java:175)&#10;        at java.util.concurrent.locks.AbstractQueuedSynchronizer$ConditionObject.await(AbstractQueuedSynchronizer.java:2039)&#10;        at java.util.concurrent.ArrayBlockingQueue.take(ArrayBlockingQueue.java:403)&#10;        at java.util.concurrent.ThreadPoolExecutor.getTask(ThreadPoolExecutor.java:1074)&#10;        at java.util.concurrent.ThreadPoolExecutor.runWorker(ThreadPoolExecutor.java:1134)&#10;        at java.util.concurrent.ThreadPoolExecutor$Worker.run(ThreadPoolExecutor.java:624)&#10;        at java.lang.Thread.run(Thread.java:748)&#10;&quot;qtp1931194070-241&quot; daemon prio=5 tid=241 runnable&#10;java.lang.Thread.State: RUNNABLE&#10;        at sun.nio.ch.EPollArrayWrapper.epollWait(Native Method)&#10;        at sun.nio.ch.EPollArrayWrapper.poll(EPollArrayWrapper.java:269)&#10;        at sun.nio.ch.EPollSelectorImpl.doSelect(EPollSelectorImpl.java:93)&#10;        at sun.nio.ch.SelectorImpl.lockAndDoSelect(SelectorImpl.java:86)&#10;        at sun.nio.ch.SelectorImpl.select(SelectorImpl.java:97)&#10;        at sun.nio.ch.SelectorImpl.select(SelectorImpl.java:101)&#10;        at org.eclipse.jetty.io.ManagedSelector$SelectorProducer.select(ManagedSelector.java:243)&#10;        at org.eclipse.jetty.io.ManagedSelector$SelectorProducer.produce(ManagedSelector.java:191)&#10;        at org.eclipse.jetty.util.thread.strategy.ExecuteProduceConsume.executeProduceConsume(ExecuteProduceConsume.java:249)&#10;        at org.eclipse.jetty.util.thread.strategy.ExecuteProduceConsume.produceConsume(ExecuteProduceConsume.java:148)&#10;        at org.eclipse.jetty.util.thread.strategy.ExecuteProduceConsume.execute(ExecuteProduceConsume.java:100)&#10;        at org.eclipse.jetty.io.ManagedSelector.run(ManagedSelector.java:147)&#10;        at org.eclipse.jetty.util.thread.QueuedThreadPool.runJob(QueuedThreadPool.java:671)&#10;        at org.eclipse.jetty.util.thread.QueuedThreadPool$2.run(QueuedThreadPool.java:589)&#10;        at java.lang.Thread.run(Thread.java:748)&#10;&quot;metrics-hadoop-metrics2-reporter-36-thread-1&quot; daemon prio=5 tid=792 timed_waiting&#10;java.lang.Thread.State: TIMED_WAITING&#10;        at sun.misc.Unsafe.park(Native Method)&#10;        at java.util.concurrent.locks.LockSupport.parkNanos(LockSupport.java:215)&#10;        at java.util.concurrent.locks.AbstractQueuedSynchronizer$ConditionObject.awaitNanos(AbstractQueuedSynchronizer.java:2078)&#10;        at java.util.concurrent.ScheduledThreadPoolExecutor$DelayedWorkQueue.take(ScheduledThreadPoolExecutor.java:1093)&#10;        at java.util.concurrent.ScheduledThreadPoolExecutor$DelayedWorkQueue.take(ScheduledThreadPoolExecutor.java:809)&#10;        at java.util.concurrent.ThreadPoolExecutor.getTask(ThreadPoolExecutor.java:1074)&#10;        at java.util.concurrent.ThreadPoolExecutor.runWorker(ThreadPoolExecutor.java:1134)&#10;        at java.util.concurrent.ThreadPoolExecutor$Worker.run(ThreadPoolExecutor.java:624)&#10;        at java.lang.Thread.run(Thread.java:748)&#10;&quot;IPC Server listener on 42372&quot; daemon prio=5 tid=15 runnable&#10;java.lang.Thread.State: RUNNABLE&#10;        at sun.nio.ch.EPollArrayWrapper.epollWait(Native Method)&#10;        at sun.nio.ch.EPollArrayWrapper.poll(EPollArrayWrapper.java:269)&#10;        at sun.nio.ch.EPollSelectorImpl.doSelect(EPollSelectorImpl.java:93)&#10;        at sun.nio.ch.SelectorImpl.lockAndDoSelect(SelectorImpl.java:86)&#10;        at sun.nio.ch.SelectorImpl.select(SelectorImpl.java:97)&#10;        at sun.nio.ch.SelectorImpl.select(SelectorImpl.java:101)&#10;        at org.apache.hadoop.ipc.Server$Listener.run(Server.java:1159)&#10;&quot;Datanode ReportManager Thread - 3&quot; daemon prio=5 tid=283 in Object.wait()&#10;java.lang.Thread.State: WAITING (on object monitor)&#10;        at sun.misc.Unsafe.park(Native Method)&#10;        at java.util.concurrent.locks.LockSupport.park(LockSupport.java:175)&#10;        at java.util.concurrent.locks.AbstractQueuedSynchronizer$ConditionObject.await(AbstractQueuedSynchronizer.java:2039)&#10;        at java.util.concurrent.ScheduledThreadPoolExecutor$DelayedWorkQueue.take(ScheduledThreadPoolExecutor.java:1088)&#10;        at java.util.concurrent.ScheduledThreadPoolExecutor$DelayedWorkQueue.take(ScheduledThreadPoolExecutor.java:809)&#10;        at java.util.concurrent.ThreadPoolExecutor.getTask(ThreadPoolExecutor.java:1074)&#10;        at java.util.concurrent.ThreadPoolExecutor.runWorker(ThreadPoolExecutor.java:1134)&#10;        at java.util.concurrent.ThreadPoolExecutor$Worker.run(ThreadPoolExecutor.java:624)&#10;        at java.lang.Thread.run(Thread.java:748)&#10;&quot;pool-76-thread-60&quot;  prio=5 tid=658 in Object.wait()&#10;java.lang.Thread.State: WAITING (on object monitor)&#10;        at sun.misc.Unsafe.park(Native Method)&#10;        at java.util.concurrent.locks.LockSupport.park(LockSupport.java:175)&#10;        at java.util.concurrent.locks.AbstractQueuedSynchronizer$ConditionObject.await(AbstractQueuedSynchronizer.java:2039)&#10;        at java.util.concurrent.ArrayBlockingQueue.take(ArrayBlockingQueue.java:403)&#10;        at java.util.concurrent.ThreadPoolExecutor.getTask(ThreadPoolExecutor.java:1074)&#10;        at java.util.concurrent.ThreadPoolExecutor.runWorker(ThreadPoolExecutor.java:1134)&#10;        at java.util.concurrent.ThreadPoolExecutor$Worker.run(ThreadPoolExecutor.java:624)&#10;        at java.lang.Thread.run(Thread.java:748)&#10;&quot;pool-66-thread-10&quot;  prio=5 tid=566 in Object.wait()&#10;java.lang.Thread.State: WAITING (on object monitor)&#10;        at sun.misc.Unsafe.park(Native Method)&#10;        at java.util.concurrent.locks.LockSupport.park(LockSupport.java:175)&#10;        at java.util.concurrent.locks.AbstractQueuedSynchronizer$ConditionObject.await(AbstractQueuedSynchronizer.java:2039)&#10;        at java.util.concurrent.ArrayBlockingQueue.take(ArrayBlockingQueue.java:403)&#10;        at java.util.concurrent.ThreadPoolExecutor.getTask(ThreadPoolExecutor.java:1074)&#10;        at java.util.concurrent.ThreadPoolExecutor.runWorker(ThreadPoolExecutor.java:1134)&#10;        at java.util.concurrent.ThreadPoolExecutor$Worker.run(ThreadPoolExecutor.java:624)&#10;        at java.lang.Thread.run(Thread.java:748)&#10;&quot;Datanode ReportManager Thread - 1&quot; daemon prio=5 tid=254 in Object.wait()&#10;java.lang.Thread.State: WAITING (on object monitor)&#10;        at sun.misc.Unsafe.park(Native Method)&#10;        at java.util.concurrent.locks.LockSupport.park(LockSupport.java:175)&#10;        at java.util.concurrent.locks.AbstractQueuedSynchronizer$ConditionObject.await(AbstractQueuedSynchronizer.java:2039)&#10;        at java.util.concurrent.ScheduledThreadPoolExecutor$DelayedWorkQueue.take(ScheduledThreadPoolExecutor.java:1088)&#10;        at java.util.concurrent.ScheduledThreadPoolExecutor$DelayedWorkQueue.take(ScheduledThreadPoolExecutor.java:809)&#10;        at java.util.concurrent.ThreadPoolExecutor.getTask(ThreadPoolExecutor.java:1074)&#10;        at java.util.concurrent.ThreadPoolExecutor.runWorker(ThreadPoolExecutor.java:1134)&#10;        at java.util.concurrent.ThreadPoolExecutor$Worker.run(ThreadPoolExecutor.java:624)&#10;        at java.lang.Thread.run(Thread.java:748)&#10;&quot;org.eclipse.jetty.server.session.HashSessionManager@7c4b261cTimer&quot; daemon prio=5 tid=170 timed_waiting&#10;java.lang.Thread.State: TIMED_WAITING&#10;        at sun.misc.Unsafe.park(Native Method)&#10;        at java.util.concurrent.locks.LockSupport.parkNanos(LockSupport.java:215)&#10;        at java.util.concurrent.locks.AbstractQueuedSynchronizer$ConditionObject.awaitNanos(AbstractQueuedSynchronizer.java:2078)&#10;        at java.util.concurrent.ScheduledThreadPoolExecutor$DelayedWorkQueue.take(ScheduledThreadPoolExecutor.java:1093)&#10;        at java.util.concurrent.ScheduledThreadPoolExecutor$DelayedWorkQueue.take(ScheduledThreadPoolExecutor.java:809)&#10;        at java.util.concurrent.ThreadPoolExecutor.getTask(ThreadPoolExecutor.java:1074)&#10;        at java.util.concurrent.ThreadPoolExecutor.runWorker(ThreadPoolExecutor.java:1134)&#10;        at java.util.concurrent.ThreadPoolExecutor$Worker.run(ThreadPoolExecutor.java:624)&#10;        at java.lang.Thread.run(Thread.java:748)&#10;&quot;pool-26-thread-21&quot;  prio=5 tid=385 in Object.wait()&#10;java.lang.Thread.State: WAITING (on object monitor)&#10;        at sun.misc.Unsafe.park(Native Method)&#10;        at java.util.concurrent.locks.LockSupport.park(LockSupport.java:175)&#10;        at java.util.concurrent.locks.AbstractQueuedSynchronizer$ConditionObject.await(AbstractQueuedSynchronizer.java:2039)&#10;        at java.util.concurrent.ArrayBlockingQueue.take(ArrayBlockingQueue.java:403)&#10;        at java.util.concurrent.ThreadPoolExecutor.getTask(ThreadPoolExecutor.java:1074)&#10;        at java.util.concurrent.ThreadPoolExecutor.runWorker(ThreadPoolExecutor.java:1134)&#10;        at java.util.concurrent.ThreadPoolExecutor$Worker.run(ThreadPoolExecutor.java:624)&#10;        at java.lang.Thread.run(Thread.java:748)&#10;&quot;pool-36-thread-34&quot;  prio=5 tid=414 in Object.wait()&#10;java.lang.Thread.State: WAITING (on object monitor)&#10;        at sun.misc.Unsafe.park(Native Method)&#10;        at java.util.concurrent.locks.LockSupport.park(LockSupport.java:175)&#10;        at java.util.concurrent.locks.AbstractQueuedSynchronizer$ConditionObject.await(AbstractQueuedSynchronizer.java:2039)&#10;        at java.util.concurrent.ArrayBlockingQueue.take(ArrayBlockingQueue.java:403)&#10;        at java.util.concurrent.ThreadPoolExecutor.getTask(ThreadPoolExecutor.java:1074)&#10;        at java.util.concurrent.ThreadPoolExecutor.runWorker(ThreadPoolExecutor.java:1134)&#10;        at java.util.concurrent.ThreadPoolExecutor$Worker.run(ThreadPoolExecutor.java:624)&#10;        at java.lang.Thread.run(Thread.java:748)&#10;&quot;920a4478-64f4-4720-983c-9a2102f3c94b@group-EE70740DC1AF-SegmentedRaftLogWorker&quot;  prio=5 tid=717 timed_waiting&#10;java.lang.Thread.State: TIMED_WAITING&#10;        at sun.misc.Unsafe.park(Native Method)&#10;        at java.util.concurrent.locks.LockSupport.parkNanos(LockSupport.java:215)&#10;        at java.util.concurrent.locks.AbstractQueuedSynchronizer$ConditionObject.awaitNanos(AbstractQueuedSynchronizer.java:2078)&#10;        at org.apache.ratis.util.DataBlockingQueue.poll(DataBlockingQueue.java:137)&#10;        at org.apache.ratis.server.raftlog.segmented.SegmentedRaftLogWorker.run(SegmentedRaftLogWorker.java:282)&#10;        at java.lang.Thread.run(Thread.java:748)&#10;&quot;pool-36-thread-44&quot;  prio=5 tid=439 in Object.wait()&#10;java.lang.Thread.State: WAITING (on object monitor)&#10;        at sun.misc.Unsafe.park(Native Method)&#10;        at java.util.concurrent.locks.LockSupport.park(LockSupport.java:175)&#10;        at java.util.concurrent.locks.AbstractQueuedSynchronizer$ConditionObject.await(AbstractQueuedSynchronizer.java:2039)&#10;        at java.util.concurrent.ArrayBlockingQueue.take(ArrayBlockingQueue.java:403)&#10;        at java.util.concurrent.ThreadPoolExecutor.getTask(ThreadPoolExecutor.java:1074)&#10;        at java.util.concurrent.ThreadPoolExecutor.runWorker(ThreadPoolExecutor.java:1134)&#10;        at java.util.concurrent.ThreadPoolExecutor$Worker.run(ThreadPoolExecutor.java:624)&#10;        at java.lang.Thread.run(Thread.java:748)&#10;&quot;pool-46-thread-5&quot;  prio=5 tid=319 in Object.wait()&#10;java.lang.Thread.State: WAITING (on object monitor)&#10;        at sun.misc.Unsafe.park(Native Method)&#10;        at java.util.concurrent.locks.LockSupport.park(LockSupport.java:175)&#10;        at java.util.concurrent.locks.AbstractQueuedSynchronizer$ConditionObject.await(AbstractQueuedSynchronizer.java:2039)&#10;        at java.util.concurrent.ArrayBlockingQueue.take(ArrayBlockingQueue.java:403)&#10;        at java.util.concurrent.ThreadPoolExecutor.getTask(ThreadPoolExecutor.java:1074)&#10;        at java.util.concurrent.ThreadPoolExecutor.runWorker(ThreadPoolExecutor.java:1134)&#10;        at java.util.concurrent.ThreadPoolExecutor$Worker.run(ThreadPoolExecutor.java:624)&#10;        at java.lang.Thread.run(Thread.java:748)&#10;&quot;pool-36-thread-22&quot;  prio=5 tid=381 in Object.wait()&#10;java.lang.Thread.State: WAITING (on object monitor)&#10;        at sun.misc.Unsafe.park(Native Method)&#10;        at java.util.concurrent.locks.LockSupport.park(LockSupport.java:175)&#10;        at java.util.concurrent.locks.AbstractQueuedSynchronizer$ConditionObject.await(AbstractQueuedSynchronizer.java:2039)&#10;        at java.util.concurrent.ArrayBlockingQueue.take(ArrayBlockingQueue.java:403)&#10;        at java.util.concurrent.ThreadPoolExecutor.getTask(ThreadPoolExecutor.java:1074)&#10;        at java.util.concurrent.ThreadPoolExecutor.runWorker(ThreadPoolExecutor.java:1134)&#10;        at java.util.concurrent.ThreadPoolExecutor$Worker.run(ThreadPoolExecutor.java:624)&#10;        at java.lang.Thread.run(Thread.java:748)&#10;&quot;6befc45b-dcf8-424c-b341-d7aa439c4bd9@group-812BEF14F159-StateMachineUpdater&quot; daemon prio=5 tid=982 in Object.wait()&#10;java.lang.Thread.State: WAITING (on object monitor)&#10;        at java.lang.Object.wait(Native Method)&#10;        at java.lang.Object.wait(Object.java:502)&#10;        at org.apache.ratis.server.impl.StateMachineUpdater.waitForCommit(StateMachineUpdater.java:194)&#10;        at org.apache.ratis.server.impl.StateMachineUpdater.run(StateMachineUpdater.java:159)&#10;        at java.lang.Thread.run(Thread.java:748)&#10;&quot;Finalizer&quot; daemon prio=8 tid=3 in Object.wait()&#10;java.lang.Thread.State: WAITING (on object monitor)&#10;        at java.lang.Object.wait(Native Method)&#10;        at java.lang.ref.ReferenceQueue.remove(ReferenceQueue.java:144)&#10;        at java.lang.ref.ReferenceQueue.remove(ReferenceQueue.java:165)&#10;        at java.lang.ref.Finalizer$FinalizerThread.run(Finalizer.java:216)&#10;&quot;pool-56-thread-53&quot;  prio=5 tid=547 in Object.wait()&#10;java.lang.Thread.State: WAITING (on object monitor)&#10;        at sun.misc.Unsafe.park(Native Method)&#10;        at java.util.concurrent.locks.LockSupport.park(LockSupport.java:175)&#10;        at java.util.concurrent.locks.AbstractQueuedSynchronizer$ConditionObject.await(AbstractQueuedSynchronizer.java:2039)&#10;        at java.util.concurrent.ArrayBlockingQueue.take(ArrayBlockingQueue.java:403)&#10;        at java.util.concurrent.ThreadPoolExecutor.getTask(ThreadPoolExecutor.java:1074)&#10;        at java.util.concurrent.ThreadPoolExecutor.runWorker(ThreadPoolExecutor.java:1134)&#10;        at java.util.concurrent.ThreadPoolExecutor$Worker.run(ThreadPoolExecutor.java:624)&#10;        at java.lang.Thread.run(Thread.java:748)&#10;&quot;pool-56-thread-37&quot;  prio=5 tid=531 in Object.wait()&#10;java.lang.Thread.State: WAITING (on object monitor)&#10;        at sun.misc.Unsafe.park(Native Method)&#10;        at java.util.concurrent.locks.LockSupport.park(LockSupport.java:175)&#10;        at java.util.concurrent.locks.AbstractQueuedSynchronizer$ConditionObject.await(AbstractQueuedSynchronizer.java:2039)&#10;        at java.util.concurrent.ArrayBlockingQueue.take(ArrayBlockingQueue.java:403)&#10;        at java.util.concurrent.ThreadPoolExecutor.getTask(ThreadPoolExecutor.java:1074)&#10;        at java.util.concurrent.ThreadPoolExecutor.runWorker(ThreadPoolExecutor.java:1134)&#10;        at java.util.concurrent.ThreadPoolExecutor$Worker.run(ThreadPoolExecutor.java:624)&#10;        at java.lang.Thread.run(Thread.java:748)&#10;&quot;qtp1770687691-160&quot; daemon prio=5 tid=160 runnable&#10;java.lang.Thread.State: RUNNABLE&#10;        at sun.nio.ch.EPollArrayWrapper.epollWait(Native Method)&#10;        at sun.nio.ch.EPollArrayWrapper.poll(EPollArrayWrapper.java:269)&#10;        at sun.nio.ch.EPollSelectorImpl.doSelect(EPollSelectorImpl.java:93)&#10;        at sun.nio.ch.SelectorImpl.lockAndDoSelect(SelectorImpl.java:86)&#10;        at sun.nio.ch.SelectorImpl.select(SelectorImpl.java:97)&#10;        at sun.nio.ch.SelectorImpl.select(SelectorImpl.java:101)&#10;        at org.eclipse.jetty.io.ManagedSelector$SelectorProducer.select(ManagedSelector.java:243)&#10;        at org.eclipse.jetty.io.ManagedSelector$SelectorProducer.produce(ManagedSelector.java:191)&#10;        at org.eclipse.jetty.util.thread.strategy.ExecuteProduceConsume.executeProduceConsume(ExecuteProduceConsume.java:249)&#10;        at org.eclipse.jetty.util.thread.strategy.ExecuteProduceConsume.produceConsume(ExecuteProduceConsume.java:148)&#10;        at org.eclipse.jetty.util.thread.strategy.ExecuteProduceConsume.execute(ExecuteProduceConsume.java:100)&#10;        at org.eclipse.jetty.io.ManagedSelector.run(ManagedSelector.java:147)&#10;        at org.eclipse.jetty.util.thread.QueuedThreadPool.runJob(QueuedThreadPool.java:671)&#10;        at org.eclipse.jetty.util.thread.QueuedThreadPool$2.run(QueuedThreadPool.java:589)&#10;        at java.lang.Thread.run(Thread.java:748)&#10;&quot;IPC Server handler 4 on 45420&quot; daemon prio=5 tid=34 timed_waiting&#10;java.lang.Thread.State: TIMED_WAITING&#10;        at sun.misc.Unsafe.park(Native Method)&#10;        at java.util.concurrent.locks.LockSupport.parkNanos(LockSupport.java:215)&#10;        at java.util.concurrent.locks.AbstractQueuedSynchronizer$ConditionObject.awaitNanos(AbstractQueuedSynchronizer.java:2078)&#10;        at java.util.concurrent.LinkedBlockingQueue.poll(LinkedBlockingQueue.java:467)&#10;        at org.apache.hadoop.ipc.CallQueueManager.take(CallQueueManager.java:288)&#10;        at org.apache.hadoop.ipc.Server$Handler.run(Server.java:2668)&#10;&quot;qtp2139397088-221&quot; daemon prio=5 tid=221 timed_waiting&#10;java.lang.Thread.State: TIMED_WAITING&#10;        at sun.misc.Unsafe.park(Native Method)&#10;        at java.util.concurrent.locks.LockSupport.parkNanos(LockSupport.java:215)&#10;        at java.util.concurrent.locks.AbstractQueuedSynchronizer$ConditionObject.awaitNanos(AbstractQueuedSynchronizer.java:2078)&#10;        at org.eclipse.jetty.util.BlockingArrayQueue.poll(BlockingArrayQueue.java:392)&#10;        at org.eclipse.jetty.util.thread.QueuedThreadPool.idleJobPoll(QueuedThreadPool.java:563)&#10;        at org.eclipse.jetty.util.thread.QueuedThreadPool.access$800(QueuedThreadPool.java:48)&#10;        at org.eclipse.jetty.util.thread.QueuedThreadPool$2.run(QueuedThreadPool.java:626)&#10;        at java.lang.Thread.run(Thread.java:748)&#10;&quot;metrics-hadoop-metrics2-reporter-79-thread-1&quot; daemon prio=5 tid=1050 timed_waiting&#10;java.lang.Thread.State: TIMED_WAITING&#10;        at sun.misc.Unsafe.park(Native Method)&#10;        at java.util.concurrent.locks.LockSupport.parkNanos(LockSupport.java:215)&#10;        at java.util.concurrent.locks.AbstractQueuedSynchronizer$ConditionObject.awaitNanos(AbstractQueuedSynchronizer.java:2078)&#10;        at java.util.concurrent.ScheduledThreadPoolExecutor$DelayedWorkQueue.take(ScheduledThreadPoolExecutor.java:1093)&#10;        at java.util.concurrent.ScheduledThreadPoolExecutor$DelayedWorkQueue.take(ScheduledThreadPoolExecutor.java:809)&#10;        at java.util.concurrent.ThreadPoolExecutor.getTask(ThreadPoolExecutor.java:1074)&#10;        at java.util.concurrent.ThreadPoolExecutor.runWorker(ThreadPoolExecutor.java:1134)&#10;        at java.util.concurrent.ThreadPoolExecutor$Worker.run(ThreadPoolExecutor.java:624)&#10;        at java.lang.Thread.run(Thread.java:748)&#10;&quot;qtp1770687691-166&quot; daemon prio=5 tid=166 timed_waiting&#10;java.lang.Thread.State: TIMED_WAITING&#10;        at sun.misc.Unsafe.park(Native Method)&#10;        at java.util.concurrent.locks.LockSupport.parkNanos(LockSupport.java:215)&#10;        at java.util.concurrent.locks.AbstractQueuedSynchronizer$ConditionObject.awaitNanos(AbstractQueuedSynchronizer.java:2078)&#10;        at org.eclipse.jetty.util.BlockingArrayQueue.poll(BlockingArrayQueue.java:392)&#10;        at org.eclipse.jetty.util.thread.QueuedThreadPool.idleJobPoll(QueuedThreadPool.java:563)&#10;        at org.eclipse.jetty.util.thread.QueuedThreadPool.access$800(QueuedThreadPool.java:48)&#10;        at org.eclipse.jetty.util.thread.QueuedThreadPool$2.run(QueuedThreadPool.java:626)&#10;        at java.lang.Thread.run(Thread.java:748)&#10;&quot;IPC Server handler 18 on 42810&quot; daemon prio=5 tid=134 timed_waiting&#10;java.lang.Thread.State: TIMED_WAITING&#10;        at sun.misc.Unsafe.park(Native Method)&#10;        at java.util.concurrent.locks.LockSupport.parkNanos(LockSupport.java:215)&#10;        at java.util.concurrent.locks.AbstractQueuedSynchronizer$ConditionObject.awaitNanos(AbstractQueuedSynchronizer.java:2078)&#10;        at java.util.concurrent.LinkedBlockingQueue.poll(LinkedBlockingQueue.java:467)&#10;        at org.apache.hadoop.ipc.CallQueueManager.take(CallQueueManager.java:288)&#10;        at org.apache.hadoop.ipc.Server$Handler.run(Server.java:2668)&#10;&quot;IPC Server handler 11 on 33223&quot; daemon prio=5 tid=61 timed_waiting&#10;java.lang.Thread.State: TIMED_WAITING&#10;        at sun.misc.Unsafe.park(Native Method)&#10;        at java.util.concurrent.locks.LockSupport.parkNanos(LockSupport.java:215)&#10;        at java.util.concurrent.locks.AbstractQueuedSynchronizer$ConditionObject.awaitNanos(AbstractQueuedSynchronizer.java:2078)&#10;        at java.util.concurrent.LinkedBlockingQueue.poll(LinkedBlockingQueue.java:467)&#10;        at org.apache.hadoop.ipc.CallQueueManager.take(CallQueueManager.java:288)&#10;        at org.apache.hadoop.ipc.Server$Handler.run(Server.java:2668)&#10;&quot;DataNode DiskChecker thread 0&quot; daemon prio=5 tid=210 timed_waiting&#10;java.lang.Thread.State: TIMED_WAITING&#10;        at sun.misc.Unsafe.park(Native Method)&#10;        at java.util.concurrent.locks.LockSupport.parkNanos(LockSupport.java:215)&#10;        at java.util.concurrent.SynchronousQueue$TransferStack.awaitFulfill(SynchronousQueue.java:460)&#10;        at java.util.concurrent.SynchronousQueue$TransferStack.transfer(SynchronousQueue.java:362)&#10;        at java.util.concurrent.SynchronousQueue.poll(SynchronousQueue.java:941)&#10;        at java.util.concurrent.ThreadPoolExecutor.getTask(ThreadPoolExecutor.java:1073)&#10;        at java.util.concurrent.ThreadPoolExecutor.runWorker(ThreadPoolExecutor.java:1134)&#10;        at java.util.concurrent.ThreadPoolExecutor$Worker.run(ThreadPoolExecutor.java:624)&#10;        at java.lang.Thread.run(Thread.java:748)&#10;&quot;grpc-default-worker-ELG-3-3&quot; daemon prio=5 tid=700 runnable&#10;java.lang.Thread.State: RUNNABLE&#10;        at sun.nio.ch.EPollArrayWrapper.epollWait(Native Method)&#10;        at sun.nio.ch.EPollArrayWrapper.poll(EPollArrayWrapper.java:269)&#10;        at sun.nio.ch.EPollSelectorImpl.doSelect(EPollSelectorImpl.java:93)&#10;        at sun.nio.ch.SelectorImpl.lockAndDoSelect(SelectorImpl.java:86)&#10;        at sun.nio.ch.SelectorImpl.select(SelectorImpl.java:97)&#10;        at org.apache.ratis.thirdparty.io.netty.channel.nio.SelectedSelectionKeySetSelector.select(SelectedSelectionKeySetSelector.java:62)&#10;        at org.apache.ratis.thirdparty.io.netty.channel.nio.NioEventLoop.select(NioEventLoop.java:753)&#10;        at org.apache.ratis.thirdparty.io.netty.channel.nio.NioEventLoop.run(NioEventLoop.java:408)&#10;        at org.apache.ratis.thirdparty.io.netty.util.concurrent.SingleThreadEventExecutor$5.run(SingleThreadEventExecutor.java:897)&#10;        at org.apache.ratis.thirdparty.io.netty.util.concurrent.FastThreadLocalRunnable.run(FastThreadLocalRunnable.java:30)&#10;        at java.lang.Thread.run(Thread.java:748)&#10;&quot;metrics-hadoop-metrics2-reporter-53-thread-1&quot; daemon prio=5 tid=911 timed_waiting&#10;java.lang.Thread.State: TIMED_WAITING&#10;        at sun.misc.Unsafe.park(Native Method)&#10;        at java.util.concurrent.locks.LockSupport.parkNanos(LockSupport.java:215)&#10;        at java.util.concurrent.locks.AbstractQueuedSynchronizer$ConditionObject.awaitNanos(AbstractQueuedSynchronizer.java:2078)&#10;        at java.util.concurrent.ScheduledThreadPoolExecutor$DelayedWorkQueue.take(ScheduledThreadPoolExecutor.java:1093)&#10;        at java.util.concurrent.ScheduledThreadPoolExecutor$DelayedWorkQueue.take(ScheduledThreadPoolExecutor.java:809)&#10;        at java.util.concurrent.ThreadPoolExecutor.getTask(ThreadPoolExecutor.java:1074)&#10;        at java.util.concurrent.ThreadPoolExecutor.runWorker(ThreadPoolExecutor.java:1134)&#10;        at java.util.concurrent.ThreadPoolExecutor$Worker.run(ThreadPoolExecutor.java:624)&#10;        at java.lang.Thread.run(Thread.java:748)&#10;&quot;metrics-hadoop-metrics2-reporter-7-thread-1&quot; daemon prio=5 tid=719 timed_waiting&#10;java.lang.Thread.State: TIMED_WAITING&#10;        at sun.misc.Unsafe.park(Native Method)&#10;        at java.util.concurrent.locks.LockSupport.parkNanos(LockSupport.java:215)&#10;        at java.util.concurrent.locks.AbstractQueuedSynchronizer$ConditionObject.awaitNanos(AbstractQueuedSynchronizer.java:2078)&#10;        at java.util.concurrent.ScheduledThreadPoolExecutor$DelayedWorkQueue.take(ScheduledThreadPoolExecutor.java:1093)&#10;        at java.util.concurrent.ScheduledThreadPoolExecutor$DelayedWorkQueue.take(ScheduledThreadPoolExecutor.java:809)&#10;        at java.util.concurrent.ThreadPoolExecutor.getTask(ThreadPoolExecutor.java:1074)&#10;        at java.util.concurrent.ThreadPoolExecutor.runWorker(ThreadPoolExecutor.java:1134)&#10;        at java.util.concurrent.ThreadPoolExecutor$Worker.run(ThreadPoolExecutor.java:624)&#10;        at java.lang.Thread.run(Thread.java:748)&#10;&quot;pool-76-thread-21&quot;  prio=5 tid=602 in Object.wait()&#10;java.lang.Thread.State: WAITING (on object monitor)&#10;        at sun.misc.Unsafe.park(Native Method)&#10;        at java.util.concurrent.locks.LockSupport.park(LockSupport.java:175)&#10;        at java.util.concurrent.locks.AbstractQueuedSynchronizer$ConditionObject.await(AbstractQueuedSynchronizer.java:2039)&#10;        at java.util.concurrent.ArrayBlockingQueue.take(ArrayBlockingQueue.java:403)&#10;        at java.util.concurrent.ThreadPoolExecutor.getTask(ThreadPoolExecutor.java:1074)&#10;        at java.util.concurrent.ThreadPoolExecutor.runWorker(ThreadPoolExecutor.java:1134)&#10;        at java.util.concurrent.ThreadPoolExecutor$Worker.run(ThreadPoolExecutor.java:624)&#10;        at java.lang.Thread.run(Thread.java:748)&#10;&quot;IPC Server handler 14 on 42810&quot; daemon prio=5 tid=129 timed_waiting&#10;java.lang.Thread.State: TIMED_WAITING&#10;        at sun.misc.Unsafe.park(Native Method)&#10;        at java.util.concurrent.locks.LockSupport.parkNanos(LockSupport.java:215)&#10;        at java.util.concurrent.locks.AbstractQueuedSynchronizer$ConditionObject.awaitNanos(AbstractQueuedSynchronizer.java:2078)&#10;        at java.util.concurrent.LinkedBlockingQueue.poll(LinkedBlockingQueue.java:467)&#10;        at org.apache.hadoop.ipc.CallQueueManager.take(CallQueueManager.java:288)&#10;        at org.apache.hadoop.ipc.Server$Handler.run(Server.java:2668)&#10;&quot;IPC Server Responder&quot; daemon prio=5 tid=111 runnable&#10;java.lang.Thread.State: RUNNABLE&#10;        at sun.nio.ch.EPollArrayWrapper.epollWait(Native Method)&#10;        at sun.nio.ch.EPollArrayWrapper.poll(EPollArrayWrapper.java:269)&#10;        at sun.nio.ch.EPollSelectorImpl.doSelect(EPollSelectorImpl.java:93)&#10;        at sun.nio.ch.SelectorImpl.lockAndDoSelect(SelectorImpl.java:86)&#10;        at sun.nio.ch.SelectorImpl.select(SelectorImpl.java:97)&#10;        at org.apache.hadoop.ipc.Server$Responder.doRunLoop(Server.java:1334)&#10;        at org.apache.hadoop.ipc.Server$Responder.run(Server.java:1317)&#10;&quot;Datanode State Machine Thread - 0&quot; daemon prio=5 tid=259 timed_waiting&#10;java.lang.Thread.State: TIMED_WAITING&#10;        at sun.misc.Unsafe.park(Native Method)&#10;        at java.util.concurrent.locks.LockSupport.parkNanos(LockSupport.java:215)&#10;        at java.util.concurrent.SynchronousQueue$TransferStack.awaitFulfill(SynchronousQueue.java:460)&#10;        at java.util.concurrent.SynchronousQueue$TransferStack.transfer(SynchronousQueue.java:362)&#10;        at java.util.concurrent.SynchronousQueue.poll(SynchronousQueue.java:941)&#10;        at java.util.concurrent.ThreadPoolExecutor.getTask(ThreadPoolExecutor.java:1073)&#10;        at java.util.concurrent.ThreadPoolExecutor.runWorker(ThreadPoolExecutor.java:1134)&#10;        at java.util.concurrent.ThreadPoolExecutor$Worker.run(ThreadPoolExecutor.java:624)&#10;        at java.lang.Thread.run(Thread.java:748)&#10;&quot;IPC Server handler 0 on 33223&quot; daemon prio=5 tid=50 timed_waiting&#10;java.lang.Thread.State: TIMED_WAITING&#10;        at sun.misc.Unsafe.park(Native Method)&#10;        at java.util.concurrent.locks.LockSupport.parkNanos(LockSupport.java:215)&#10;        at java.util.concurrent.locks.AbstractQueuedSynchronizer$ConditionObject.awaitNanos(AbstractQueuedSynchronizer.java:2078)&#10;        at java.util.concurrent.LinkedBlockingQueue.poll(LinkedBlockingQueue.java:467)&#10;        at org.apache.hadoop.ipc.CallQueueManager.take(CallQueueManager.java:288)&#10;        at org.apache.hadoop.ipc.Server$Handler.run(Server.java:2668)&#10;&quot;java.util.concurrent.ThreadPoolExecutor$Worker@488a47cc[State = -1, empty queue]&quot; daemon prio=5 tid=889 timed_waiting&#10;java.lang.Thread.State: TIMED_WAITING&#10;        at sun.misc.Unsafe.park(Native Method)&#10;        at java.util.concurrent.locks.LockSupport.parkNanos(LockSupport.java:215)&#10;        at java.util.concurrent.locks.AbstractQueuedSynchronizer$ConditionObject.awaitNanos(AbstractQueuedSynchronizer.java:2078)&#10;        at java.util.concurrent.ScheduledThreadPoolExecutor$DelayedWorkQueue.take(ScheduledThreadPoolExecutor.java:1093)&#10;        at java.util.concurrent.ScheduledThreadPoolExecutor$DelayedWorkQueue.take(ScheduledThreadPoolExecutor.java:809)&#10;        at java.util.concurrent.ThreadPoolExecutor.getTask(ThreadPoolExecutor.java:1074)&#10;        at java.util.concurrent.ThreadPoolExecutor.runWorker(ThreadPoolExecutor.java:1134)&#10;        at java.util.concurrent.ThreadPoolExecutor$Worker.run(ThreadPoolExecutor.java:624)&#10;        at java.lang.Thread.run(Thread.java:748)&#10;&quot;org.eclipse.jetty.server.session.HashSessionManager@c288bbTimer&quot; daemon prio=5 tid=222 timed_waiting&#10;java.lang.Thread.State: TIMED_WAITING&#10;        at sun.misc.Unsafe.park(Native Method)&#10;        at java.util.concurrent.locks.LockSupport.parkNanos(LockSupport.java:215)&#10;        at java.util.concurrent.locks.AbstractQueuedSynchronizer$ConditionObject.awaitNanos(AbstractQueuedSynchronizer.java:2078)&#10;        at java.util.concurrent.ScheduledThreadPoolExecutor$DelayedWorkQueue.take(ScheduledThreadPoolExecutor.java:1093)&#10;        at java.util.concurrent.ScheduledThreadPoolExecutor$DelayedWorkQueue.take(ScheduledThreadPoolExecutor.java:809)&#10;        at java.util.concurrent.ThreadPoolExecutor.getTask(ThreadPoolExecutor.java:1074)&#10;        at java.util.concurrent.ThreadPoolExecutor.runWorker(ThreadPoolExecutor.java:1134)&#10;        at java.util.concurrent.ThreadPoolExecutor$Worker.run(ThreadPoolExecutor.java:624)&#10;        at java.lang.Thread.run(Thread.java:748)&#10;&quot;pool-46-thread-33&quot;  prio=5 tid=398 in Object.wait()&#10;java.lang.Thread.State: WAITING (on object monitor)&#10;        at sun.misc.Unsafe.park(Native Method)&#10;        at java.util.concurrent.locks.LockSupport.park(LockSupport.java:175)&#10;        at java.util.concurrent.locks.AbstractQueuedSynchronizer$ConditionObject.await(AbstractQueuedSynchronizer.java:2039)&#10;        at java.util.concurrent.ArrayBlockingQueue.take(ArrayBlockingQueue.java:403)&#10;        at java.util.concurrent.ThreadPoolExecutor.getTask(ThreadPoolExecutor.java:1074)&#10;        at java.util.concurrent.ThreadPoolExecutor.runWorker(ThreadPoolExecutor.java:1134)&#10;        at java.util.concurrent.ThreadPoolExecutor$Worker.run(ThreadPoolExecutor.java:624)&#10;        at java.lang.Thread.run(Thread.java:748)&#10;&quot;IPC Server handler 0 on 45420&quot; daemon prio=5 tid=30 timed_waiting&#10;java.lang.Thread.State: TIMED_WAITING&#10;        at sun.misc.Unsafe.park(Native Method)&#10;        at java.util.concurrent.locks.LockSupport.parkNanos(LockSupport.java:215)&#10;        at java.util.concurrent.locks.AbstractQueuedSynchronizer$ConditionObject.awaitNanos(AbstractQueuedSynchronizer.java:2078)&#10;        at java.util.concurrent.LinkedBlockingQueue.poll(LinkedBlockingQueue.java:467)&#10;        at org.apache.hadoop.ipc.CallQueueManager.take(CallQueueManager.java:288)&#10;        at org.apache.hadoop.ipc.Server$Handler.run(Server.java:2668)&#10;&quot;pool-46-thread-16&quot;  prio=5 tid=356 in Object.wait()&#10;java.lang.Thread.State: WAITING (on object monitor)&#10;        at sun.misc.Unsafe.park(Native Method)&#10;        at java.util.concurrent.locks.LockSupport.park(LockSupport.java:175)&#10;        at java.util.concurrent.locks.AbstractQueuedSynchronizer$ConditionObject.await(AbstractQueuedSynchronizer.java:2039)&#10;        at java.util.concurrent.ArrayBlockingQueue.take(ArrayBlockingQueue.java:403)&#10;        at java.util.concurrent.ThreadPoolExecutor.getTask(ThreadPoolExecutor.java:1074)&#10;        at java.util.concurrent.ThreadPoolExecutor.runWorker(ThreadPoolExecutor.java:1134)&#10;        at java.util.concurrent.ThreadPoolExecutor$Worker.run(ThreadPoolExecutor.java:624)&#10;        at java.lang.Thread.run(Thread.java:748)&#10;&quot;2636e257-7a47-4bf8-b940-93a028f0c6b6@group-CA4E2DA81E43-StateMachineUpdater&quot; daemon prio=5 tid=754 in Object.wait()&#10;java.lang.Thread.State: WAITING (on object monitor)&#10;        at java.lang.Object.wait(Native Method)&#10;        at java.lang.Object.wait(Object.java:502)&#10;        at org.apache.ratis.server.impl.StateMachineUpdater.waitForCommit(StateMachineUpdater.java:194)&#10;        at org.apache.ratis.server.impl.StateMachineUpdater.run(StateMachineUpdater.java:159)&#10;        at java.lang.Thread.run(Thread.java:748)&#10;&quot;qtp1732973321-92&quot; daemon prio=5 tid=92 timed_waiting&#10;java.lang.Thread.State: TIMED_WAITING&#10;        at sun.misc.Unsafe.park(Native Method)&#10;        at java.util.concurrent.locks.LockSupport.parkNanos(LockSupport.java:215)&#10;        at java.util.concurrent.locks.AbstractQueuedSynchronizer$ConditionObject.awaitNanos(AbstractQueuedSynchronizer.java:2078)&#10;        at org.eclipse.jetty.util.BlockingArrayQueue.poll(BlockingArrayQueue.java:392)&#10;        at org.eclipse.jetty.util.thread.QueuedThreadPool.idleJobPoll(QueuedThreadPool.java:563)&#10;        at org.eclipse.jetty.util.thread.QueuedThreadPool.access$800(QueuedThreadPool.java:48)&#10;        at org.eclipse.jetty.util.thread.QueuedThreadPool$2.run(QueuedThreadPool.java:626)&#10;        at java.lang.Thread.run(Thread.java:748)&#10;&quot;metrics-hadoop-metrics2-reporter-15-thread-1&quot; daemon prio=5 tid=738 timed_waiting&#10;java.lang.Thread.State: TIMED_WAITING&#10;        at sun.misc.Unsafe.park(Native Method)&#10;        at java.util.concurrent.locks.LockSupport.parkNanos(LockSupport.java:215)&#10;        at java.util.concurrent.locks.AbstractQueuedSynchronizer$ConditionObject.awaitNanos(AbstractQueuedSynchronizer.java:2078)&#10;        at java.util.concurrent.ScheduledThreadPoolExecutor$DelayedWorkQueue.take(ScheduledThreadPoolExecutor.java:1093)&#10;        at java.util.concurrent.ScheduledThreadPoolExecutor$DelayedWorkQueue.take(ScheduledThreadPoolExecutor.java:809)&#10;        at java.util.concurrent.ThreadPoolExecutor.getTask(ThreadPoolExecutor.java:1074)&#10;        at java.util.concurrent.ThreadPoolExecutor.runWorker(ThreadPoolExecutor.java:1134)&#10;        at java.util.concurrent.ThreadPoolExecutor$Worker.run(ThreadPoolExecutor.java:624)&#10;        at java.lang.Thread.run(Thread.java:748)&#10;&quot;pool-56-thread-46&quot;  prio=5 tid=540 in Object.wait()&#10;java.lang.Thread.State: WAITING (on object monitor)&#10;        at sun.misc.Unsafe.park(Native Method)&#10;        at java.util.concurrent.locks.LockSupport.park(LockSupport.java:175)&#10;        at java.util.concurrent.locks.AbstractQueuedSynchronizer$ConditionObject.await(AbstractQueuedSynchronizer.java:2039)&#10;        at java.util.concurrent.ArrayBlockingQueue.take(ArrayBlockingQueue.java:403)&#10;        at java.util.concurrent.ThreadPoolExecutor.getTask(ThreadPoolExecutor.java:1074)&#10;        at java.util.concurrent.ThreadPoolExecutor.runWorker(ThreadPoolExecutor.java:1134)&#10;        at java.util.concurrent.ThreadPoolExecutor$Worker.run(ThreadPoolExecutor.java:624)&#10;        at java.lang.Thread.run(Thread.java:748)&#10;&quot;OMDoubleBufferFlushThread&quot; daemon prio=5 tid=107 timed_waiting&#10;java.lang.Thread.State: TIMED_WAITING&#10;        at java.lang.Object.wait(Native Method)&#10;        at org.apache.hadoop.ozone.om.ratis.OzoneManagerDoubleBuffer.canFlush(OzoneManagerDoubleBuffer.java:322)&#10;        at org.apache.hadoop.ozone.om.ratis.OzoneManagerDoubleBuffer.flushTransactions(OzoneManagerDoubleBuffer.java:130)&#10;        at org.apache.hadoop.ozone.om.ratis.OzoneManagerDoubleBuffer$$Lambda$49/1253272900.run(Unknown Source)&#10;        at java.lang.Thread.run(Thread.java:748)&#10;&quot;pool-26-thread-18&quot;  prio=5 tid=377 in Object.wait()&#10;java.lang.Thread.State: WAITING (on object monitor)&#10;        at sun.misc.Unsafe.park(Native Method)&#10;        at java.util.concurrent.locks.LockSupport.park(LockSupport.java:175)&#10;        at java.util.concurrent.locks.AbstractQueuedSynchronizer$ConditionObject.await(AbstractQueuedSynchronizer.java:2039)&#10;        at java.util.concurrent.ArrayBlockingQueue.take(ArrayBlockingQueue.java:403)&#10;        at java.util.concurrent.ThreadPoolExecutor.getTask(ThreadPoolExecutor.java:1074)&#10;        at java.util.concurrent.ThreadPoolExecutor.runWorker(ThreadPoolExecutor.java:1134)&#10;        at java.util.concurrent.ThreadPoolExecutor$Worker.run(ThreadPoolExecutor.java:624)&#10;        at java.lang.Thread.run(Thread.java:748)&#10;&quot;pool-76-thread-39&quot;  prio=5 tid=625 in Object.wait()&#10;java.lang.Thread.State: WAITING (on object monitor)&#10;        at sun.misc.Unsafe.park(Native Method)&#10;        at java.util.concurrent.locks.LockSupport.park(LockSupport.java:175)&#10;        at java.util.concurrent.locks.AbstractQueuedSynchronizer$ConditionObject.await(AbstractQueuedSynchronizer.java:2039)&#10;        at java.util.concurrent.ArrayBlockingQueue.take(ArrayBlockingQueue.java:403)&#10;        at java.util.concurrent.ThreadPoolExecutor.getTask(ThreadPoolExecutor.java:1074)&#10;        at java.util.concurrent.ThreadPoolExecutor.runWorker(ThreadPoolExecutor.java:1134)&#10;        at java.util.concurrent.ThreadPoolExecutor$Worker.run(ThreadPoolExecutor.java:624)&#10;        at java.lang.Thread.run(Thread.java:748)&#10;&quot;pool-46-thread-39&quot;  prio=5 tid=417 in Object.wait()&#10;java.lang.Thread.State: WAITING (on object monitor)&#10;        at sun.misc.Unsafe.park(Native Method)&#10;        at java.util.concurrent.locks.LockSupport.park(LockSupport.java:175)&#10;        at java.util.concurrent.locks.AbstractQueuedSynchronizer$ConditionObject.await(AbstractQueuedSynchronizer.java:2039)&#10;        at java.util.concurrent.ArrayBlockingQueue.take(ArrayBlockingQueue.java:403)&#10;        at java.util.concurrent.ThreadPoolExecutor.getTask(ThreadPoolExecutor.java:1074)&#10;        at java.util.concurrent.ThreadPoolExecutor.runWorker(ThreadPoolExecutor.java:1134)&#10;        at java.util.concurrent.ThreadPoolExecutor$Worker.run(ThreadPoolExecutor.java:624)&#10;        at java.lang.Thread.run(Thread.java:748)&#10;&quot;pool-26-thread-43&quot;  prio=5 tid=483 in Object.wait()&#10;java.lang.Thread.State: WAITING (on object monitor)&#10;        at sun.misc.Unsafe.park(Native Method)&#10;        at java.util.concurrent.locks.LockSupport.park(LockSupport.java:175)&#10;        at java.util.concurrent.locks.AbstractQueuedSynchronizer$ConditionObject.await(AbstractQueuedSynchronizer.java:2039)&#10;        at java.util.concurrent.ArrayBlockingQueue.take(ArrayBlockingQueue.java:403)&#10;        at java.util.concurrent.ThreadPoolExecutor.getTask(ThreadPoolExecutor.java:1074)&#10;        at java.util.concurrent.ThreadPoolExecutor.runWorker(ThreadPoolExecutor.java:1134)&#10;        at java.util.concurrent.ThreadPoolExecutor$Worker.run(ThreadPoolExecutor.java:624)&#10;        at java.lang.Thread.run(Thread.java:748)&#10;&quot;pool-76-thread-26&quot;  prio=5 tid=610 in Object.wait()&#10;java.lang.Thread.State: WAITING (on object monitor)&#10;        at sun.misc.Unsafe.park(Native Method)&#10;        at java.util.concurrent.locks.LockSupport.park(LockSupport.java:175)&#10;        at java.util.concurrent.locks.AbstractQueuedSynchronizer$ConditionObject.await(AbstractQueuedSynchronizer.java:2039)&#10;        at java.util.concurrent.ArrayBlockingQueue.take(ArrayBlockingQueue.java:403)&#10;        at java.util.concurrent.ThreadPoolExecutor.getTask(ThreadPoolExecutor.java:1074)&#10;        at java.util.concurrent.ThreadPoolExecutor.runWorker(ThreadPoolExecutor.java:1134)&#10;        at java.util.concurrent.ThreadPoolExecutor$Worker.run(ThreadPoolExecutor.java:624)&#10;        at java.lang.Thread.run(Thread.java:748)&#10;&quot;qtp1174596735-144&quot; daemon prio=5 tid=144 timed_waiting&#10;java.lang.Thread.State: TIMED_WAITING&#10;        at sun.misc.Unsafe.park(Native Method)&#10;        at java.util.concurrent.locks.LockSupport.parkNanos(LockSupport.java:215)&#10;        at java.util.concurrent.locks.AbstractQueuedSynchronizer$ConditionObject.awaitNanos(AbstractQueuedSynchronizer.java:2078)&#10;        at org.eclipse.jetty.util.BlockingArrayQueue.poll(BlockingArrayQueue.java:392)&#10;        at org.eclipse.jetty.util.thread.QueuedThreadPool.idleJobPoll(QueuedThreadPool.java:563)&#10;        at org.eclipse.jetty.util.thread.QueuedThreadPool.access$800(QueuedThreadPool.java:48)&#10;        at org.eclipse.jetty.util.thread.QueuedThreadPool$2.run(QueuedThreadPool.java:626)&#10;        at java.lang.Thread.run(Thread.java:748)&#10;&quot;BlockDeletingService#0&quot; daemon prio=5 tid=676 timed_waiting&#10;java.lang.Thread.State: TIMED_WAITING&#10;        at sun.misc.Unsafe.park(Native Method)&#10;        at java.util.concurrent.locks.LockSupport.parkNanos(LockSupport.java:215)&#10;        at java.util.concurrent.locks.AbstractQueuedSynchronizer$ConditionObject.awaitNanos(AbstractQueuedSynchronizer.java:2078)&#10;        at java.util.concurrent.ScheduledThreadPoolExecutor$DelayedWorkQueue.take(ScheduledThreadPoolExecutor.java:1093)&#10;        at java.util.concurrent.ScheduledThreadPoolExecutor$DelayedWorkQueue.take(ScheduledThreadPoolExecutor.java:809)&#10;        at java.util.concurrent.ThreadPoolExecutor.getTask(ThreadPoolExecutor.java:1074)&#10;        at java.util.concurrent.ThreadPoolExecutor.runWorker(ThreadPoolExecutor.java:1134)&#10;        at java.util.concurrent.ThreadPoolExecutor$Worker.run(ThreadPoolExecutor.java:624)&#10;        at java.lang.Thread.run(Thread.java:748)&#10;&quot;pool-26-thread-29&quot;  prio=5 tid=416 in Object.wait()&#10;java.lang.Thread.State: WAITING (on object monitor)&#10;        at sun.misc.Unsafe.park(Native Method)&#10;        at java.util.concurrent.locks.LockSupport.park(LockSupport.java:175)&#10;        at java.util.concurrent.locks.AbstractQueuedSynchronizer$ConditionObject.await(AbstractQueuedSynchronizer.java:2039)&#10;        at java.util.concurrent.ArrayBlockingQueue.take(ArrayBlockingQueue.java:403)&#10;        at java.util.concurrent.ThreadPoolExecutor.getTask(ThreadPoolExecutor.java:1074)&#10;        at java.util.concurrent.ThreadPoolExecutor.runWorker(ThreadPoolExecutor.java:1134)&#10;        at java.util.concurrent.ThreadPoolExecutor$Worker.run(ThreadPoolExecutor.java:624)&#10;        at java.lang.Thread.run(Thread.java:748)&#10;&quot;IPC Server handler 9 on 45420&quot; daemon prio=5 tid=39 timed_waiting&#10;java.lang.Thread.State: TIMED_WAITING&#10;        at sun.misc.Unsafe.park(Native Method)&#10;        at java.util.concurrent.locks.LockSupport.parkNanos(LockSupport.java:215)&#10;        at java.util.concurrent.locks.AbstractQueuedSynchronizer$ConditionObject.awaitNanos(AbstractQueuedSynchronizer.java:2078)&#10;        at java.util.concurrent.LinkedBlockingQueue.poll(LinkedBlockingQueue.java:467)&#10;        at org.apache.hadoop.ipc.CallQueueManager.take(CallQueueManager.java:288)&#10;        at org.apache.hadoop.ipc.Server$Handler.run(Server.java:2668)&#10;&quot;pool-56-thread-11&quot;  prio=5 tid=494 in Object.wait()&#10;java.lang.Thread.State: WAITING (on object monitor)&#10;        at sun.misc.Unsafe.park(Native Method)&#10;        at java.util.concurrent.locks.LockSupport.park(LockSupport.java:175)&#10;        at java.util.concurrent.locks.AbstractQueuedSynchronizer$ConditionObject.await(AbstractQueuedSynchronizer.java:2039)&#10;        at java.util.concurrent.ArrayBlockingQueue.take(ArrayBlockingQueue.java:403)&#10;        at java.util.concurrent.ThreadPoolExecutor.getTask(ThreadPoolExecutor.java:1074)&#10;        at java.util.concurrent.ThreadPoolExecutor.runWorker(ThreadPoolExecutor.java:1134)&#10;        at java.util.concurrent.ThreadPoolExecutor$Worker.run(ThreadPoolExecutor.java:624)&#10;        at java.lang.Thread.run(Thread.java:748)&#10;&quot;IPC Server handler 18 on 33223&quot; daemon prio=5 tid=68 timed_waiting&#10;java.lang.Thread.State: TIMED_WAITING&#10;        at sun.misc.Unsafe.park(Native Method)&#10;        at java.util.concurrent.locks.LockSupport.parkNanos(LockSupport.java:215)&#10;        at java.util.concurrent.locks.AbstractQueuedSynchronizer$ConditionObject.awaitNanos(AbstractQueuedSynchronizer.java:2078)&#10;        at java.util.concurrent.LinkedBlockingQueue.poll(LinkedBlockingQueue.java:467)&#10;        at org.apache.hadoop.ipc.CallQueueManager.take(CallQueueManager.java:288)&#10;        at org.apache.hadoop.ipc.Server$Handler.run(Server.java:2668)&#10;&quot;IPC Server handler 15 on 33223&quot; daemon prio=5 tid=65 timed_waiting&#10;java.lang.Thread.State: TIMED_WAITING&#10;        at sun.misc.Unsafe.park(Native Method)&#10;        at java.util.concurrent.locks.LockSupport.parkNanos(LockSupport.java:215)&#10;        at java.util.concurrent.locks.AbstractQueuedSynchronizer$ConditionObject.awaitNanos(AbstractQueuedSynchronizer.java:2078)&#10;        at java.util.concurrent.LinkedBlockingQueue.poll(LinkedBlockingQueue.java:467)&#10;        at org.apache.hadoop.ipc.CallQueueManager.take(CallQueueManager.java:288)&#10;        at org.apache.hadoop.ipc.Server$Handler.run(Server.java:2668)&#10;&quot;refreshUsed-/workdir/hadoop-ozone/integration-test/target/test-dir/MiniOzoneClusterImpl-eeadbacc-06c2-472c-a3f4-8a25f61a295a/datanode-0/data/containers&quot; daemon prio=5 tid=155 timed_waiting&#10;java.lang.Thread.State: TIMED_WAITING&#10;        at java.lang.Thread.sleep(Native Method)&#10;        at org.apache.hadoop.fs.CachingGetSpaceUsed$RefreshThread.run(CachingGetSpaceUsed.java:179)&#10;        at java.lang.Thread.run(Thread.java:748)&#10;&quot;IPC Server handler 11 on 45420&quot; daemon prio=5 tid=41 timed_waiting&#10;java.lang.Thread.State: TIMED_WAITING&#10;        at sun.misc.Unsafe.park(Native Method)&#10;        at java.util.concurrent.locks.LockSupport.parkNanos(LockSupport.java:215)&#10;        at java.util.concurrent.locks.AbstractQueuedSynchronizer$ConditionObject.awaitNanos(AbstractQueuedSynchronizer.java:2078)&#10;        at java.util.concurrent.LinkedBlockingQueue.poll(LinkedBlockingQueue.java:467)&#10;        at org.apache.hadoop.ipc.CallQueueManager.take(CallQueueManager.java:288)&#10;        at org.apache.hadoop.ipc.Server$Handler.run(Server.java:2668)&#10;&quot;grpc-default-executor-6&quot; daemon prio=5 tid=850 runnable&#10;java.lang.Thread.State: RUNNABLE&#10;        at sun.misc.Unsafe.park(Native Method)&#10;        at java.util.concurrent.locks.LockSupport.parkNanos(LockSupport.java:215)&#10;        at java.util.concurrent.SynchronousQueue$TransferStack.awaitFulfill(SynchronousQueue.java:460)&#10;        at java.util.concurrent.SynchronousQueue$TransferStack.transfer(SynchronousQueue.java:362)&#10;        at java.util.concurrent.SynchronousQueue.poll(SynchronousQueue.java:941)&#10;        at java.util.concurrent.ThreadPoolExecutor.getTask(ThreadPoolExecutor.java:1073)&#10;        at java.util.concurrent.ThreadPoolExecutor.runWorker(ThreadPoolExecutor.java:1134)&#10;        at java.util.concurrent.ThreadPoolExecutor$Worker.run(ThreadPoolExecutor.java:624)&#10;        at java.lang.Thread.run(Thread.java:748)&#10;&quot;pool-60-thread-1&quot;  prio=5 tid=240 timed_waiting&#10;java.lang.Thread.State: TIMED_WAITING&#10;        at sun.misc.Unsafe.park(Native Method)&#10;        at java.util.concurrent.locks.LockSupport.parkNanos(LockSupport.java:215)&#10;        at java.util.concurrent.locks.AbstractQueuedSynchronizer$ConditionObject.awaitNanos(AbstractQueuedSynchronizer.java:2078)&#10;        at java.util.concurrent.ScheduledThreadPoolExecutor$DelayedWorkQueue.take(ScheduledThreadPoolExecutor.java:1093)&#10;        at java.util.concurrent.ScheduledThreadPoolExecutor$DelayedWorkQueue.take(ScheduledThreadPoolExecutor.java:809)&#10;        at java.util.concurrent.ThreadPoolExecutor.getTask(ThreadPoolExecutor.java:1074)&#10;        at java.util.concurrent.ThreadPoolExecutor.runWorker(ThreadPoolExecutor.java:1134)&#10;        at java.util.concurrent.ThreadPoolExecutor$Worker.run(ThreadPoolExecutor.java:624)&#10;        at java.lang.Thread.run(Thread.java:748)&#10;&quot;pool-26-thread-14&quot;  prio=5 tid=364 in Object.wait()&#10;java.lang.Thread.State: WAITING (on object monitor)&#10;        at sun.misc.Unsafe.park(Native Method)&#10;        at java.util.concurrent.locks.LockSupport.park(LockSupport.java:175)&#10;        at java.util.concurrent.locks.AbstractQueuedSynchronizer$ConditionObject.await(AbstractQueuedSynchronizer.java:2039)&#10;        at java.util.concurrent.ArrayBlockingQueue.take(ArrayBlockingQueue.java:403)&#10;        at java.util.concurrent.ThreadPoolExecutor.getTask(ThreadPoolExecutor.java:1074)&#10;        at java.util.concurrent.ThreadPoolExecutor.runWorker(ThreadPoolExecutor.java:1134)&#10;        at java.util.concurrent.ThreadPoolExecutor$Worker.run(ThreadPoolExecutor.java:624)&#10;        at java.lang.Thread.run(Thread.java:748)&#10;&quot;pool-66-thread-18&quot;  prio=5 tid=583 in Object.wait()&#10;java.lang.Thread.State: WAITING (on object monitor)&#10;        at sun.misc.Unsafe.park(Native Method)&#10;        at java.util.concurrent.locks.LockSupport.park(LockSupport.java:175)&#10;        at java.util.concurrent.locks.AbstractQueuedSynchronizer$ConditionObject.await(AbstractQueuedSynchronizer.java:2039)&#10;        at java.util.concurrent.ArrayBlockingQueue.take(ArrayBlockingQueue.java:403)&#10;        at java.util.concurrent.ThreadPoolExecutor.getTask(ThreadPoolExecutor.java:1074)&#10;        at java.util.concurrent.ThreadPoolExecutor.runWorker(ThreadPoolExecutor.java:1134)&#10;        at java.util.concurrent.ThreadPoolExecutor$Worker.run(ThreadPoolExecutor.java:624)&#10;        at java.lang.Thread.run(Thread.java:748)&#10;&quot;pool-36-thread-53&quot;  prio=5 tid=455 in Object.wait()&#10;java.lang.Thread.State: WAITING (on object monitor)&#10;        at sun.misc.Unsafe.park(Native Method)&#10;        at java.util.concurrent.locks.LockSupport.park(LockSupport.java:175)&#10;        at java.util.concurrent.locks.AbstractQueuedSynchronizer$ConditionObject.await(AbstractQueuedSynchronizer.java:2039)&#10;        at java.util.concurrent.ArrayBlockingQueue.take(ArrayBlockingQueue.java:403)&#10;        at java.util.concurrent.ThreadPoolExecutor.getTask(ThreadPoolExecutor.java:1074)&#10;        at java.util.concurrent.ThreadPoolExecutor.runWorker(ThreadPoolExecutor.java:1134)&#10;        at java.util.concurrent.ThreadPoolExecutor$Worker.run(ThreadPoolExecutor.java:624)&#10;        at java.lang.Thread.run(Thread.java:748)&#10;&quot;java.util.concurrent.ThreadPoolExecutor$Worker@6ef2825f[State = -1, empty queue]&quot; daemon prio=5 tid=1056 timed_waiting&#10;java.lang.Thread.State: TIMED_WAITING&#10;        at sun.misc.Unsafe.park(Native Method)&#10;        at java.util.concurrent.locks.LockSupport.parkNanos(LockSupport.java:215)&#10;        at java.util.concurrent.locks.AbstractQueuedSynchronizer$ConditionObject.awaitNanos(AbstractQueuedSynchronizer.java:2078)&#10;        at java.util.concurrent.ScheduledThreadPoolExecutor$DelayedWorkQueue.take(ScheduledThreadPoolExecutor.java:1093)&#10;        at java.util.concurrent.ScheduledThreadPoolExecutor$DelayedWorkQueue.take(ScheduledThreadPoolExecutor.java:809)&#10;        at java.util.concurrent.ThreadPoolExecutor.getTask(ThreadPoolExecutor.java:1074)&#10;        at java.util.concurrent.ThreadPoolExecutor.runWorker(ThreadPoolExecutor.java:1134)&#10;        at java.util.concurrent.ThreadPoolExecutor$Worker.run(ThreadPoolExecutor.java:624)&#10;        at java.lang.Thread.run(Thread.java:748)&#10;&quot;pool-76-thread-43&quot;  prio=5 tid=629 in Object.wait()&#10;java.lang.Thread.State: WAITING (on object monitor)&#10;        at sun.misc.Unsafe.park(Native Method)&#10;        at java.util.concurrent.locks.LockSupport.park(LockSupport.java:175)&#10;        at java.util.concurrent.locks.AbstractQueuedSynchronizer$ConditionObject.await(AbstractQueuedSynchronizer.java:2039)&#10;        at java.util.concurrent.ArrayBlockingQueue.take(ArrayBlockingQueue.java:403)&#10;        at java.util.concurrent.ThreadPoolExecutor.getTask(ThreadPoolExecutor.java:1074)&#10;        at java.util.concurrent.ThreadPoolExecutor.runWorker(ThreadPoolExecutor.java:1134)&#10;        at java.util.concurrent.ThreadPoolExecutor$Worker.run(ThreadPoolExecutor.java:624)&#10;        at java.lang.Thread.run(Thread.java:748)&#10;&quot;pool-26-thread-5&quot;  prio=5 tid=335 in Object.wait()&#10;java.lang.Thread.State: WAITING (on object monitor)&#10;        at sun.misc.Unsafe.park(Native Method)&#10;        at java.util.concurrent.locks.LockSupport.park(LockSupport.java:175)&#10;        at java.util.concurrent.locks.AbstractQueuedSynchronizer$ConditionObject.await(AbstractQueuedSynchronizer.java:2039)&#10;        at java.util.concurrent.ArrayBlockingQueue.take(ArrayBlockingQueue.java:403)&#10;        at java.util.concurrent.ThreadPoolExecutor.getTask(ThreadPoolExecutor.java:1074)&#10;        at java.util.concurrent.ThreadPoolExecutor.runWorker(ThreadPoolExecutor.java:1134)&#10;        at java.util.concurrent.ThreadPoolExecutor$Worker.run(ThreadPoolExecutor.java:624)&#10;        at java.lang.Thread.run(Thread.java:748)&#10;&quot;pool-56-thread-13&quot;  prio=5 tid=499 in Object.wait()&#10;java.lang.Thread.State: WAITING (on object monitor)&#10;        at sun.misc.Unsafe.park(Native Method)&#10;        at java.util.concurrent.locks.LockSupport.park(LockSupport.java:175)&#10;        at java.util.concurrent.locks.AbstractQueuedSynchronizer$ConditionObject.await(AbstractQueuedSynchronizer.java:2039)&#10;        at java.util.concurrent.ArrayBlockingQueue.take(ArrayBlockingQueue.java:403)&#10;        at java.util.concurrent.ThreadPoolExecutor.getTask(ThreadPoolExecutor.java:1074)&#10;        at java.util.concurrent.ThreadPoolExecutor.runWorker(ThreadPoolExecutor.java:1134)&#10;        at java.util.concurrent.ThreadPoolExecutor$Worker.run(ThreadPoolExecutor.java:624)&#10;        at java.lang.Thread.run(Thread.java:748)&#10;&quot;pool-26-thread-16&quot;  prio=5 tid=369 in Object.wait()&#10;java.lang.Thread.State: WAITING (on object monitor)&#10;        at sun.misc.Unsafe.park(Native Method)&#10;        at java.util.concurrent.locks.LockSupport.park(LockSupport.java:175)&#10;        at java.util.concurrent.locks.AbstractQueuedSynchronizer$ConditionObject.await(AbstractQueuedSynchronizer.java:2039)&#10;        at java.util.concurrent.ArrayBlockingQueue.take(ArrayBlockingQueue.java:403)&#10;        at java.util.concurrent.ThreadPoolExecutor.getTask(ThreadPoolExecutor.java:1074)&#10;        at java.util.concurrent.ThreadPoolExecutor.runWorker(ThreadPoolExecutor.java:1134)&#10;        at java.util.concurrent.ThreadPoolExecutor$Worker.run(ThreadPoolExecutor.java:624)&#10;        at java.lang.Thread.run(Thread.java:748)&#10;&quot;pool-46-thread-29&quot;  prio=5 tid=389 in Object.wait()&#10;java.lang.Thread.State: WAITING (on object monitor)&#10;        at sun.misc.Unsafe.park(Native Method)&#10;        at java.util.concurrent.locks.LockSupport.park(LockSupport.java:175)&#10;        at java.util.concurrent.locks.AbstractQueuedSynchronizer$ConditionObject.await(AbstractQueuedSynchronizer.java:2039)&#10;        at java.util.concurrent.ArrayBlockingQueue.take(ArrayBlockingQueue.java:403)&#10;        at java.util.concurrent.ThreadPoolExecutor.getTask(ThreadPoolExecutor.java:1074)&#10;        at java.util.concurrent.ThreadPoolExecutor.runWorker(ThreadPoolExecutor.java:1134)&#10;        at java.util.concurrent.ThreadPoolExecutor$Worker.run(ThreadPoolExecutor.java:624)&#10;        at java.lang.Thread.run(Thread.java:748)&#10;&quot;pool-66-thread-40&quot;  prio=5 tid=650 in Object.wait()&#10;java.lang.Thread.State: WAITING (on object monitor)&#10;        at sun.misc.Unsafe.park(Native Method)&#10;        at java.util.concurrent.locks.LockSupport.park(LockSupport.java:175)&#10;        at java.util.concurrent.locks.AbstractQueuedSynchronizer$ConditionObject.await(AbstractQueuedSynchronizer.java:2039)&#10;        at java.util.concurrent.ArrayBlockingQueue.take(ArrayBlockingQueue.java:403)&#10;        at java.util.concurrent.ThreadPoolExecutor.getTask(ThreadPoolExecutor.java:1074)&#10;        at java.util.concurrent.ThreadPoolExecutor.runWorker(ThreadPoolExecutor.java:1134)&#10;        at java.util.concurrent.ThreadPoolExecutor$Worker.run(ThreadPoolExecutor.java:624)&#10;        at java.lang.Thread.run(Thread.java:748)&#10;&quot;pool-36-thread-41&quot;  prio=5 tid=434 in Object.wait()&#10;java.lang.Thread.State: WAITING (on object monitor)&#10;        at sun.misc.Unsafe.park(Native Method)&#10;        at java.util.concurrent.locks.LockSupport.park(LockSupport.java:175)&#10;        at java.util.concurrent.locks.AbstractQueuedSynchronizer$ConditionObject.await(AbstractQueuedSynchronizer.java:2039)&#10;        at java.util.concurrent.ArrayBlockingQueue.take(ArrayBlockingQueue.java:403)&#10;        at java.util.concurrent.ThreadPoolExecutor.getTask(ThreadPoolExecutor.java:1074)&#10;        at java.util.concurrent.ThreadPoolExecutor.runWorker(ThreadPoolExecutor.java:1134)&#10;        at java.util.concurrent.ThreadPoolExecutor$Worker.run(ThreadPoolExecutor.java:624)&#10;        at java.lang.Thread.run(Thread.java:748)&#10;&quot;pool-26-thread-11&quot;  prio=5 tid=355 in Object.wait()&#10;java.lang.Thread.State: WAITING (on object monitor)&#10;        at sun.misc.Unsafe.park(Native Method)&#10;        at java.util.concurrent.locks.LockSupport.park(LockSupport.java:175)&#10;        at java.util.concurrent.locks.AbstractQueuedSynchronizer$ConditionObject.await(AbstractQueuedSynchronizer.java:2039)&#10;        at java.util.concurrent.ArrayBlockingQueue.take(ArrayBlockingQueue.java:403)&#10;        at java.util.concurrent.ThreadPoolExecutor.getTask(ThreadPoolExecutor.java:1074)&#10;        at java.util.concurrent.ThreadPoolExecutor.runWorker(ThreadPoolExecutor.java:1134)&#10;        at java.util.concurrent.ThreadPoolExecutor$Worker.run(ThreadPoolExecutor.java:624)&#10;        at java.lang.Thread.run(Thread.java:748)&#10;&quot;pool-46-thread-42&quot;  prio=5 tid=424 in Object.wait()&#10;java.lang.Thread.State: WAITING (on object monitor)&#10;        at sun.misc.Unsafe.park(Native Method)&#10;        at java.util.concurrent.locks.LockSupport.park(LockSupport.java:175)&#10;        at java.util.concurrent.locks.AbstractQueuedSynchronizer$ConditionObject.await(AbstractQueuedSynchronizer.java:2039)&#10;        at java.util.concurrent.ArrayBlockingQueue.take(ArrayBlockingQueue.java:403)&#10;        at java.util.concurrent.ThreadPoolExecutor.getTask(ThreadPoolExecutor.java:1074)&#10;        at java.util.concurrent.ThreadPoolExecutor.runWorker(ThreadPoolExecutor.java:1134)&#10;        at java.util.concurrent.ThreadPoolExecutor$Worker.run(ThreadPoolExecutor.java:624)&#10;        at java.lang.Thread.run(Thread.java:748)&#10;&quot;grpc-default-executor-3&quot; daemon prio=5 tid=816 timed_waiting&#10;java.lang.Thread.State: TIMED_WAITING&#10;        at sun.misc.Unsafe.park(Native Method)&#10;        at java.util.concurrent.locks.LockSupport.parkNanos(LockSupport.java:215)&#10;        at java.util.concurrent.SynchronousQueue$TransferStack.awaitFulfill(SynchronousQueue.java:460)&#10;        at java.util.concurrent.SynchronousQueue$TransferStack.transfer(SynchronousQueue.java:362)&#10;        at java.util.concurrent.SynchronousQueue.poll(SynchronousQueue.java:941)&#10;        at java.util.concurrent.ThreadPoolExecutor.getTask(ThreadPoolExecutor.java:1073)&#10;        at java.util.concurrent.ThreadPoolExecutor.runWorker(ThreadPoolExecutor.java:1134)&#10;        at java.util.concurrent.ThreadPoolExecutor$Worker.run(ThreadPoolExecutor.java:624)&#10;        at java.lang.Thread.run(Thread.java:748)&#10;&quot;qtp559644343-302&quot; daemon prio=5 tid=302 timed_waiting&#10;java.lang.Thread.State: TIMED_WAITING&#10;        at sun.misc.Unsafe.park(Native Method)&#10;        at java.util.concurrent.locks.LockSupport.parkNanos(LockSupport.java:215)&#10;        at java.util.concurrent.locks.AbstractQueuedSynchronizer$ConditionObject.awaitNanos(AbstractQueuedSynchronizer.java:2078)&#10;        at org.eclipse.jetty.util.BlockingArrayQueue.poll(BlockingArrayQueue.java:392)&#10;        at org.eclipse.jetty.util.thread.QueuedThreadPool.idleJobPoll(QueuedThreadPool.java:563)&#10;        at org.eclipse.jetty.util.thread.QueuedThreadPool.access$800(QueuedThreadPool.java:48)&#10;        at org.eclipse.jetty.util.thread.QueuedThreadPool$2.run(QueuedThreadPool.java:626)&#10;        at java.lang.Thread.run(Thread.java:748)&#10;&quot;java.util.concurrent.ThreadPoolExecutor$Worker@2d68fd4e[State = -1, empty queue]&quot; daemon prio=5 tid=861 timed_waiting&#10;java.lang.Thread.State: TIMED_WAITING&#10;        at sun.misc.Unsafe.park(Native Method)&#10;        at java.util.concurrent.locks.LockSupport.parkNanos(LockSupport.java:215)&#10;        at java.util.concurrent.locks.AbstractQueuedSynchronizer$ConditionObject.awaitNanos(AbstractQueuedSynchronizer.java:2078)&#10;        at java.util.concurrent.ScheduledThreadPoolExecutor$DelayedWorkQueue.take(ScheduledThreadPoolExecutor.java:1093)&#10;        at java.util.concurrent.ScheduledThreadPoolExecutor$DelayedWorkQueue.take(ScheduledThreadPoolExecutor.java:809)&#10;        at java.util.concurrent.ThreadPoolExecutor.getTask(ThreadPoolExecutor.java:1074)&#10;        at java.util.concurrent.ThreadPoolExecutor.runWorker(ThreadPoolExecutor.java:1134)&#10;        at java.util.concurrent.ThreadPoolExecutor$Worker.run(ThreadPoolExecutor.java:624)&#10;        at java.lang.Thread.run(Thread.java:748)&#10;&quot;metrics-hadoop-metrics2-reporter-31-thread-1&quot; daemon prio=5 tid=786 timed_waiting&#10;java.lang.Thread.State: TIMED_WAITING&#10;        at sun.misc.Unsafe.park(Native Method)&#10;        at java.util.concurrent.locks.LockSupport.parkNanos(LockSupport.java:215)&#10;        at java.util.concurrent.locks.AbstractQueuedSynchronizer$ConditionObject.awaitNanos(AbstractQueuedSynchronizer.java:2078)&#10;        at java.util.concurrent.ScheduledThreadPoolExecutor$DelayedWorkQueue.take(ScheduledThreadPoolExecutor.java:1093)&#10;        at java.util.concurrent.ScheduledThreadPoolExecutor$DelayedWorkQueue.take(ScheduledThreadPoolExecutor.java:809)&#10;        at java.util.concurrent.ThreadPoolExecutor.getTask(ThreadPoolExecutor.java:1074)&#10;        at java.util.concurrent.ThreadPoolExecutor.runWorker(ThreadPoolExecutor.java:1134)&#10;        at java.util.concurrent.ThreadPoolExecutor$Worker.run(ThreadPoolExecutor.java:624)&#10;        at java.lang.Thread.run(Thread.java:748)&#10;&quot;refreshUsed-/workdir/hadoop-ozone/integration-test/target/test-dir/MiniOzoneClusterImpl-eeadbacc-06c2-472c-a3f4-8a25f61a295a/datanode-4/data/containers&quot; daemon prio=5 tid=263 timed_waiting&#10;java.lang.Thread.State: TIMED_WAITING&#10;        at java.lang.Thread.sleep(Native Method)&#10;        at org.apache.hadoop.fs.CachingGetSpaceUsed$RefreshThread.run(CachingGetSpaceUsed.java:179)&#10;        at java.lang.Thread.run(Thread.java:748)&#10;&quot;Thread-453&quot; daemon prio=5 tid=1044 timed_waiting&#10;java.lang.Thread.State: TIMED_WAITING&#10;        at java.lang.Thread.sleep(Native Method)&#10;        at org.apache.ratis.util.JavaUtils.sleep(JavaUtils.java:247)&#10;        at org.apache.ratis.server.impl.FollowerState.run(FollowerState.java:97)&#10;&quot;org.eclipse.jetty.server.session.HashSessionManager@41bd33c7Timer&quot; daemon prio=5 tid=276 timed_waiting&#10;java.lang.Thread.State: TIMED_WAITING&#10;        at sun.misc.Unsafe.park(Native Method)&#10;        at java.util.concurrent.locks.LockSupport.parkNanos(LockSupport.java:215)&#10;        at java.util.concurrent.locks.AbstractQueuedSynchronizer$ConditionObject.awaitNanos(AbstractQueuedSynchronizer.java:2078)&#10;        at java.util.concurrent.ScheduledThreadPoolExecutor$DelayedWorkQueue.take(ScheduledThreadPoolExecutor.java:1093)&#10;        at java.util.concurrent.ScheduledThreadPoolExecutor$DelayedWorkQueue.take(ScheduledThreadPoolExecutor.java:809)&#10;        at java.util.concurrent.ThreadPoolExecutor.getTask(ThreadPoolExecutor.java:1074)&#10;        at java.util.concurrent.ThreadPoolExecutor.runWorker(ThreadPoolExecutor.java:1134)&#10;        at java.util.concurrent.ThreadPoolExecutor$Worker.run(ThreadPoolExecutor.java:624)&#10;        at java.lang.Thread.run(Thread.java:748)&#10;&quot;Datanode ReportManager Thread - 2&quot; daemon prio=5 tid=228 in Object.wait()&#10;java.lang.Thread.State: WAITING (on object monitor)&#10;        at sun.misc.Unsafe.park(Native Method)&#10;        at java.util.concurrent.locks.LockSupport.park(LockSupport.java:175)&#10;        at java.util.concurrent.locks.AbstractQueuedSynchronizer$ConditionObject.await(AbstractQueuedSynchronizer.java:2039)&#10;        at java.util.concurrent.ScheduledThreadPoolExecutor$DelayedWorkQueue.take(ScheduledThreadPoolExecutor.java:1088)&#10;        at java.util.concurrent.ScheduledThreadPoolExecutor$DelayedWorkQueue.take(ScheduledThreadPoolExecutor.java:809)&#10;        at java.util.concurrent.ThreadPoolExecutor.getTask(ThreadPoolExecutor.java:1074)&#10;        at java.util.concurrent.ThreadPoolExecutor.runWorker(ThreadPoolExecutor.java:1134)&#10;        at java.util.concurrent.ThreadPoolExecutor$Worker.run(ThreadPoolExecutor.java:624)&#10;        at java.lang.Thread.run(Thread.java:748)&#10;&quot;pool-26-thread-58&quot;  prio=5 tid=510 in Object.wait()&#10;java.lang.Thread.State: WAITING (on object monitor)&#10;        at sun.misc.Unsafe.park(Native Method)&#10;        at java.util.concurrent.locks.LockSupport.park(LockSupport.java:175)&#10;        at java.util.concurrent.locks.AbstractQueuedSynchronizer$ConditionObject.await(AbstractQueuedSynchronizer.java:2039)&#10;        at java.util.concurrent.ArrayBlockingQueue.take(ArrayBlockingQueue.java:403)&#10;        at java.util.concurrent.ThreadPoolExecutor.getTask(ThreadPoolExecutor.java:1074)&#10;        at java.util.concurrent.ThreadPoolExecutor.runWorker(ThreadPoolExecutor.java:1134)&#10;        at java.util.concurrent.ThreadPoolExecutor$Worker.run(ThreadPoolExecutor.java:624)&#10;        at java.lang.Thread.run(Thread.java:748)&#10;&quot;pool-26-thread-37&quot;  prio=5 tid=459 in Object.wait()&#10;java.lang.Thread.State: WAITING (on object monitor)&#10;        at sun.misc.Unsafe.park(Native Method)&#10;        at java.util.concurrent.locks.LockSupport.park(LockSupport.java:175)&#10;        at java.util.concurrent.locks.AbstractQueuedSynchronizer$ConditionObject.await(AbstractQueuedSynchronizer.java:2039)&#10;        at java.util.concurrent.ArrayBlockingQueue.take(ArrayBlockingQueue.java:403)&#10;        at java.util.concurrent.ThreadPoolExecutor.getTask(ThreadPoolExecutor.java:1074)&#10;        at java.util.concurrent.ThreadPoolExecutor.runWorker(ThreadPoolExecutor.java:1134)&#10;        at java.util.concurrent.ThreadPoolExecutor$Worker.run(ThreadPoolExecutor.java:624)&#10;        at java.lang.Thread.run(Thread.java:748)&#10;&quot;pool-56-thread-52&quot;  prio=5 tid=546 in Object.wait()&#10;java.lang.Thread.State: WAITING (on object monitor)&#10;        at sun.misc.Unsafe.park(Native Method)&#10;        at java.util.concurrent.locks.LockSupport.park(LockSupport.java:175)&#10;        at java.util.concurrent.locks.AbstractQueuedSynchronizer$ConditionObject.await(AbstractQueuedSynchronizer.java:2039)&#10;        at java.util.concurrent.ArrayBlockingQueue.take(ArrayBlockingQueue.java:403)&#10;        at java.util.concurrent.ThreadPoolExecutor.getTask(ThreadPoolExecutor.java:1074)&#10;        at java.util.concurrent.ThreadPoolExecutor.runWorker(ThreadPoolExecutor.java:1134)&#10;        at java.util.concurrent.ThreadPoolExecutor$Worker.run(ThreadPoolExecutor.java:624)&#10;        at java.lang.Thread.run(Thread.java:748)&#10;&quot;pool-46-thread-9&quot;  prio=5 tid=331 in Object.wait()&#10;java.lang.Thread.State: WAITING (on object monitor)&#10;        at sun.misc.Unsafe.park(Native Method)&#10;        at java.util.concurrent.locks.LockSupport.park(LockSupport.java:175)&#10;        at java.util.concurrent.locks.AbstractQueuedSynchronizer$ConditionObject.await(AbstractQueuedSynchronizer.java:2039)&#10;        at java.util.concurrent.ArrayBlockingQueue.take(ArrayBlockingQueue.java:403)&#10;        at java.util.concurrent.ThreadPoolExecutor.getTask(ThreadPoolExecutor.java:1074)&#10;        at java.util.concurrent.ThreadPoolExecutor.runWorker(ThreadPoolExecutor.java:1134)&#10;        at java.util.concurrent.ThreadPoolExecutor$Worker.run(ThreadPoolExecutor.java:624)&#10;        at java.lang.Thread.run(Thread.java:748)&#10;&quot;920a4478-64f4-4720-983c-9a2102f3c94b@group-9DC5606B5DE8-StateMachineUpdater&quot; daemon prio=5 tid=949 in Object.wait()&#10;java.lang.Thread.State: WAITING (on object monitor)&#10;        at java.lang.Object.wait(Native Method)&#10;        at java.lang.Object.wait(Object.java:502)&#10;        at org.apache.ratis.server.impl.StateMachineUpdater.waitForCommit(StateMachineUpdater.java:194)&#10;        at org.apache.ratis.server.impl.StateMachineUpdater.run(StateMachineUpdater.java:159)&#10;        at java.lang.Thread.run(Thread.java:748)&#10;&quot;4b035f45-7941-40c3-ba2d-1cbecd2d369e@group-9DC5606B5DE8-SegmentedRaftLogWorker&quot;  prio=5 tid=944 timed_waiting&#10;java.lang.Thread.State: TIMED_WAITING&#10;        at sun.misc.Unsafe.park(Native Method)&#10;        at java.util.concurrent.locks.LockSupport.parkNanos(LockSupport.java:215)&#10;        at java.util.concurrent.locks.AbstractQueuedSynchronizer$ConditionObject.awaitNanos(AbstractQueuedSynchronizer.java:2078)&#10;        at org.apache.ratis.util.DataBlockingQueue.poll(DataBlockingQueue.java:137)&#10;        at org.apache.ratis.server.raftlog.segmented.SegmentedRaftLogWorker.run(SegmentedRaftLogWorker.java:282)&#10;        at java.lang.Thread.run(Thread.java:748)&#10;&quot;pool-21-thread-1&quot;  prio=5 tid=136 timed_waiting&#10;java.lang.Thread.State: TIMED_WAITING&#10;        at sun.misc.Unsafe.park(Native Method)&#10;        at java.util.concurrent.locks.LockSupport.parkNanos(LockSupport.java:215)&#10;        at java.util.concurrent.locks.AbstractQueuedSynchronizer$ConditionObject.awaitNanos(AbstractQueuedSynchronizer.java:2078)&#10;        at java.util.concurrent.ScheduledThreadPoolExecutor$DelayedWorkQueue.take(ScheduledThreadPoolExecutor.java:1093)&#10;        at java.util.concurrent.ScheduledThreadPoolExecutor$DelayedWorkQueue.take(ScheduledThreadPoolExecutor.java:809)&#10;        at java.util.concurrent.ThreadPoolExecutor.getTask(ThreadPoolExecutor.java:1074)&#10;        at java.util.concurrent.ThreadPoolExecutor.runWorker(ThreadPoolExecutor.java:1134)&#10;        at java.util.concurrent.ThreadPoolExecutor$Worker.run(ThreadPoolExecutor.java:624)&#10;        at java.lang.Thread.run(Thread.java:748)&#10;&quot;metrics-hadoop-metrics2-reporter-54-thread-1&quot; daemon prio=5 tid=912 timed_waiting&#10;java.lang.Thread.State: TIMED_WAITING&#10;        at sun.misc.Unsafe.park(Native Method)&#10;        at java.util.concurrent.locks.LockSupport.parkNanos(LockSupport.java:215)&#10;        at java.util.concurrent.locks.AbstractQueuedSynchronizer$ConditionObject.awaitNanos(AbstractQueuedSynchronizer.java:2078)&#10;        at java.util.concurrent.ScheduledThreadPoolExecutor$DelayedWorkQueue.take(ScheduledThreadPoolExecutor.java:1093)&#10;        at java.util.concurrent.ScheduledThreadPoolExecutor$DelayedWorkQueue.take(ScheduledThreadPoolExecutor.java:809)&#10;        at java.util.concurrent.ThreadPoolExecutor.getTask(ThreadPoolExecutor.java:1074)&#10;        at java.util.concurrent.ThreadPoolExecutor.runWorker(ThreadPoolExecutor.java:1134)&#10;        at java.util.concurrent.ThreadPoolExecutor$Worker.run(ThreadPoolExecutor.java:624)&#10;        at java.lang.Thread.run(Thread.java:748)&#10;&quot;org.eclipse.jetty.server.session.HashSessionManager@71e01f2bTimer&quot; daemon prio=5 tid=147 timed_waiting&#10;java.lang.Thread.State: TIMED_WAITING&#10;        at sun.misc.Unsafe.park(Native Method)&#10;        at java.util.concurrent.locks.LockSupport.parkNanos(LockSupport.java:215)&#10;        at java.util.concurrent.locks.AbstractQueuedSynchronizer$ConditionObject.awaitNanos(AbstractQueuedSynchronizer.java:2078)&#10;        at java.util.concurrent.ScheduledThreadPoolExecutor$DelayedWorkQueue.take(ScheduledThreadPoolExecutor.java:1093)&#10;        at java.util.concurrent.ScheduledThreadPoolExecutor$DelayedWorkQueue.take(ScheduledThreadPoolExecutor.java:809)&#10;        at java.util.concurrent.ThreadPoolExecutor.getTask(ThreadPoolExecutor.java:1074)&#10;        at java.util.concurrent.ThreadPoolExecutor.runWorker(ThreadPoolExecutor.java:1134)&#10;        at java.util.concurrent.ThreadPoolExecutor$Worker.run(ThreadPoolExecutor.java:624)&#10;        at java.lang.Thread.run(Thread.java:748)&#10;&quot;qtp559644343-300&quot; daemon prio=5 tid=300 timed_waiting&#10;java.lang.Thread.State: TIMED_WAITING&#10;        at sun.misc.Unsafe.park(Native Method)&#10;        at java.util.concurrent.locks.LockSupport.parkNanos(LockSupport.java:215)&#10;        at java.util.concurrent.locks.AbstractQueuedSynchronizer$ConditionObject.awaitNanos(AbstractQueuedSynchronizer.java:2078)&#10;        at org.eclipse.jetty.util.BlockingArrayQueue.poll(BlockingArrayQueue.java:392)&#10;        at org.eclipse.jetty.util.thread.QueuedThreadPool.idleJobPoll(QueuedThreadPool.java:563)&#10;        at org.eclipse.jetty.util.thread.QueuedThreadPool.access$800(QueuedThreadPool.java:48)&#10;        at org.eclipse.jetty.util.thread.QueuedThreadPool$2.run(QueuedThreadPool.java:626)&#10;        at java.lang.Thread.run(Thread.java:748)&#10;&quot;pool-46-thread-15&quot;  prio=5 tid=353 in Object.wait()&#10;java.lang.Thread.State: WAITING (on object monitor)&#10;        at sun.misc.Unsafe.park(Native Method)&#10;        at java.util.concurrent.locks.LockSupport.park(LockSupport.java:175)&#10;        at java.util.concurrent.locks.AbstractQueuedSynchronizer$ConditionObject.await(AbstractQueuedSynchronizer.java:2039)&#10;        at java.util.concurrent.ArrayBlockingQueue.take(ArrayBlockingQueue.java:403)&#10;        at java.util.concurrent.ThreadPoolExecutor.getTask(ThreadPoolExecutor.java:1074)&#10;        at java.util.concurrent.ThreadPoolExecutor.runWorker(ThreadPoolExecutor.java:1134)&#10;        at java.util.concurrent.ThreadPoolExecutor$Worker.run(ThreadPoolExecutor.java:624)&#10;        at java.lang.Thread.run(Thread.java:748)&#10;&quot;pool-36-thread-10&quot;  prio=5 tid=340 in Object.wait()&#10;java.lang.Thread.State: WAITING (on object monitor)&#10;        at sun.misc.Unsafe.park(Native Method)&#10;        at java.util.concurrent.locks.LockSupport.park(LockSupport.java:175)&#10;        at java.util.concurrent.locks.AbstractQueuedSynchronizer$ConditionObject.await(AbstractQueuedSynchronizer.java:2039)&#10;        at java.util.concurrent.ArrayBlockingQueue.take(ArrayBlockingQueue.java:403)&#10;        at java.util.concurrent.ThreadPoolExecutor.getTask(ThreadPoolExecutor.java:1074)&#10;        at java.util.concurrent.ThreadPoolExecutor.runWorker(ThreadPoolExecutor.java:1134)&#10;        at java.util.concurrent.ThreadPoolExecutor$Worker.run(ThreadPoolExecutor.java:624)&#10;        at java.lang.Thread.run(Thread.java:748)&#10;&quot;qtp30546661-193&quot; daemon prio=5 tid=193 timed_waiting&#10;java.lang.Thread.State: TIMED_WAITING&#10;        at sun.misc.Unsafe.park(Native Method)&#10;        at java.util.concurrent.locks.LockSupport.parkNanos(LockSupport.java:215)&#10;        at java.util.concurrent.locks.AbstractQueuedSynchronizer$ConditionObject.awaitNanos(AbstractQueuedSynchronizer.java:2078)&#10;        at org.eclipse.jetty.util.BlockingArrayQueue.poll(BlockingArrayQueue.java:392)&#10;        at org.eclipse.jetty.util.thread.QueuedThreadPool.idleJobPoll(QueuedThreadPool.java:563)&#10;        at org.eclipse.jetty.util.thread.QueuedThreadPool.access$800(QueuedThreadPool.java:48)&#10;        at org.eclipse.jetty.util.thread.QueuedThreadPool$2.run(QueuedThreadPool.java:626)&#10;        at java.lang.Thread.run(Thread.java:748)&#10;&quot;IPC Server handler 0 on 42810&quot; daemon prio=5 tid=115 timed_waiting&#10;java.lang.Thread.State: TIMED_WAITING&#10;        at sun.misc.Unsafe.park(Native Method)&#10;        at java.util.concurrent.locks.LockSupport.parkNanos(LockSupport.java:215)&#10;        at java.util.concurrent.locks.AbstractQueuedSynchronizer$ConditionObject.awaitNanos(AbstractQueuedSynchronizer.java:2078)&#10;        at java.util.concurrent.LinkedBlockingQueue.poll(LinkedBlockingQueue.java:467)&#10;        at org.apache.hadoop.ipc.CallQueueManager.take(CallQueueManager.java:288)&#10;        at org.apache.hadoop.ipc.Server$Handler.run(Server.java:2668)&#10;&quot;IPC Server handler 18 on 42372&quot; daemon prio=5 tid=88 timed_waiting&#10;java.lang.Thread.State: TIMED_WAITING&#10;        at sun.misc.Unsafe.park(Native Method)&#10;        at java.util.concurrent.locks.LockSupport.parkNanos(LockSupport.java:215)&#10;        at java.util.concurrent.locks.AbstractQueuedSynchronizer$ConditionObject.awaitNanos(AbstractQueuedSynchronizer.java:2078)&#10;        at java.util.concurrent.LinkedBlockingQueue.poll(LinkedBlockingQueue.java:467)&#10;        at org.apache.hadoop.ipc.CallQueueManager.take(CallQueueManager.java:288)&#10;        at org.apache.hadoop.ipc.Server$Handler.run(Server.java:2668)&#10;&quot;pool-76-thread-56&quot;  prio=5 tid=651 in Object.wait()&#10;java.lang.Thread.State: WAITING (on object monitor)&#10;        at sun.misc.Unsafe.park(Native Method)&#10;        at java.util.concurrent.locks.LockSupport.park(LockSupport.java:175)&#10;        at java.util.concurrent.locks.AbstractQueuedSynchronizer$ConditionObject.await(AbstractQueuedSynchronizer.java:2039)&#10;        at java.util.concurrent.ArrayBlockingQueue.take(ArrayBlockingQueue.java:403)&#10;        at java.util.concurrent.ThreadPoolExecutor.getTask(ThreadPoolExecutor.java:1074)&#10;        at java.util.concurrent.ThreadPoolExecutor.runWorker(ThreadPoolExecutor.java:1134)&#10;        at java.util.concurrent.ThreadPoolExecutor$Worker.run(ThreadPoolExecutor.java:624)&#10;        at java.lang.Thread.run(Thread.java:748)&#10;&quot;pool-36-thread-27&quot;  prio=5 tid=397 in Object.wait()&#10;java.lang.Thread.State: WAITING (on object monitor)&#10;        at sun.misc.Unsafe.park(Native Method)&#10;        at java.util.concurrent.locks.LockSupport.park(LockSupport.java:175)&#10;        at java.util.concurrent.locks.AbstractQueuedSynchronizer$ConditionObject.await(AbstractQueuedSynchronizer.java:2039)&#10;        at java.util.concurrent.ArrayBlockingQueue.take(ArrayBlockingQueue.java:403)&#10;        at java.util.concurrent.ThreadPoolExecutor.getTask(ThreadPoolExecutor.java:1074)&#10;        at java.util.concurrent.ThreadPoolExecutor.runWorker(ThreadPoolExecutor.java:1134)&#10;        at java.util.concurrent.ThreadPoolExecutor$Worker.run(ThreadPoolExecutor.java:624)&#10;        at java.lang.Thread.run(Thread.java:748)&#10;&quot;pool-66-thread-48&quot;  prio=5 tid=663 in Object.wait()&#10;java.lang.Thread.State: WAITING (on object monitor)&#10;        at sun.misc.Unsafe.park(Native Method)&#10;        at java.util.concurrent.locks.LockSupport.park(LockSupport.java:175)&#10;        at java.util.concurrent.locks.AbstractQueuedSynchronizer$ConditionObject.await(AbstractQueuedSynchronizer.java:2039)&#10;        at java.util.concurrent.ArrayBlockingQueue.take(ArrayBlockingQueue.java:403)&#10;        at java.util.concurrent.ThreadPoolExecutor.getTask(ThreadPoolExecutor.java:1074)&#10;        at java.util.concurrent.ThreadPoolExecutor.runWorker(ThreadPoolExecutor.java:1134)&#10;        at java.util.concurrent.ThreadPoolExecutor$Worker.run(ThreadPoolExecutor.java:624)&#10;        at java.lang.Thread.run(Thread.java:748)&#10;&quot;2636e257-7a47-4bf8-b940-93a028f0c6b6@group-CA4E2DA81E43-SegmentedRaftLogWorker&quot;  prio=5 tid=753 timed_waiting&#10;java.lang.Thread.State: TIMED_WAITING&#10;        at sun.misc.Unsafe.park(Native Method)&#10;        at java.util.concurrent.locks.LockSupport.parkNanos(LockSupport.java:215)&#10;        at java.util.concurrent.locks.AbstractQueuedSynchronizer$ConditionObject.awaitNanos(AbstractQueuedSynchronizer.java:2078)&#10;        at org.apache.ratis.util.DataBlockingQueue.poll(DataBlockingQueue.java:137)&#10;        at org.apache.ratis.server.raftlog.segmented.SegmentedRaftLogWorker.run(SegmentedRaftLogWorker.java:282)&#10;        at java.lang.Thread.run(Thread.java:748)&#10;&quot;metrics-hadoop-metrics2-reporter-3-thread-1&quot; daemon prio=5 tid=707 timed_waiting&#10;java.lang.Thread.State: TIMED_WAITING&#10;        at sun.misc.Unsafe.park(Native Method)&#10;        at java.util.concurrent.locks.LockSupport.parkNanos(LockSupport.java:215)&#10;        at java.util.concurrent.locks.AbstractQueuedSynchronizer$ConditionObject.awaitNanos(AbstractQueuedSynchronizer.java:2078)&#10;        at java.util.concurrent.ScheduledThreadPoolExecutor$DelayedWorkQueue.take(ScheduledThreadPoolExecutor.java:1093)&#10;        at java.util.concurrent.ScheduledThreadPoolExecutor$DelayedWorkQueue.take(ScheduledThreadPoolExecutor.java:809)&#10;        at java.util.concurrent.ThreadPoolExecutor.getTask(ThreadPoolExecutor.java:1074)&#10;        at java.util.concurrent.ThreadPoolExecutor.runWorker(ThreadPoolExecutor.java:1134)&#10;        at java.util.concurrent.ThreadPoolExecutor$Worker.run(ThreadPoolExecutor.java:624)&#10;        at java.lang.Thread.run(Thread.java:748)&#10;&quot;4b035f45-7941-40c3-ba2d-1cbecd2d369e@group-8AC045C62D9A-SegmentedRaftLogWorker&quot;  prio=5 tid=726 timed_waiting&#10;java.lang.Thread.State: TIMED_WAITING&#10;        at sun.misc.Unsafe.park(Native Method)&#10;        at java.util.concurrent.locks.LockSupport.parkNanos(LockSupport.java:215)&#10;        at java.util.concurrent.locks.AbstractQueuedSynchronizer$ConditionObject.awaitNanos(AbstractQueuedSynchronizer.java:2078)&#10;        at org.apache.ratis.util.DataBlockingQueue.poll(DataBlockingQueue.java:137)&#10;        at org.apache.ratis.server.raftlog.segmented.SegmentedRaftLogWorker.run(SegmentedRaftLogWorker.java:282)&#10;        at java.lang.Thread.run(Thread.java:748)&#10;&quot;pool-36-thread-33&quot;  prio=5 tid=411 in Object.wait()&#10;java.lang.Thread.State: WAITING (on object monitor)&#10;        at sun.misc.Unsafe.park(Native Method)&#10;        at java.util.concurrent.locks.LockSupport.park(LockSupport.java:175)&#10;        at java.util.concurrent.locks.AbstractQueuedSynchronizer$ConditionObject.await(AbstractQueuedSynchronizer.java:2039)&#10;        at java.util.concurrent.ArrayBlockingQueue.take(ArrayBlockingQueue.java:403)&#10;        at java.util.concurrent.ThreadPoolExecutor.getTask(ThreadPoolExecutor.java:1074)&#10;        at java.util.concurrent.ThreadPoolExecutor.runWorker(ThreadPoolExecutor.java:1134)&#10;        at java.util.concurrent.ThreadPoolExecutor$Worker.run(ThreadPoolExecutor.java:624)&#10;        at java.lang.Thread.run(Thread.java:748)&#10;&quot;Datanode ReportManager Thread - 3&quot; daemon prio=5 tid=202 in Object.wait()&#10;java.lang.Thread.State: WAITING (on object monitor)&#10;        at sun.misc.Unsafe.park(Native Method)&#10;        at java.util.concurrent.locks.LockSupport.park(LockSupport.java:175)&#10;        at java.util.concurrent.locks.AbstractQueuedSynchronizer$ConditionObject.await(AbstractQueuedSynchronizer.java:2039)&#10;        at java.util.concurrent.ScheduledThreadPoolExecutor$DelayedWorkQueue.take(ScheduledThreadPoolExecutor.java:1088)&#10;        at java.util.concurrent.ScheduledThreadPoolExecutor$DelayedWorkQueue.take(ScheduledThreadPoolExecutor.java:809)&#10;        at java.util.concurrent.ThreadPoolExecutor.getTask(ThreadPoolExecutor.java:1074)&#10;        at java.util.concurrent.ThreadPoolExecutor.runWorker(ThreadPoolExecutor.java:1134)&#10;        at java.util.concurrent.ThreadPoolExecutor$Worker.run(ThreadPoolExecutor.java:624)&#10;        at java.lang.Thread.run(Thread.java:748)&#10;&quot;pool-56-thread-3&quot;  prio=5 tid=469 in Object.wait()&#10;java.lang.Thread.State: WAITING (on object monitor)&#10;        at sun.misc.Unsafe.park(Native Method)&#10;        at java.util.concurrent.locks.LockSupport.park(LockSupport.java:175)&#10;        at java.util.concurrent.locks.AbstractQueuedSynchronizer$ConditionObject.await(AbstractQueuedSynchronizer.java:2039)&#10;        at java.util.concurrent.ArrayBlockingQueue.take(ArrayBlockingQueue.java:403)&#10;        at java.util.concurrent.ThreadPoolExecutor.getTask(ThreadPoolExecutor.java:1074)&#10;        at java.util.concurrent.ThreadPoolExecutor.runWorker(ThreadPoolExecutor.java:1134)&#10;        at java.util.concurrent.ThreadPoolExecutor$Worker.run(ThreadPoolExecutor.java:624)&#10;        at java.lang.Thread.run(Thread.java:748)&#10;&quot;pool-36-thread-48&quot;  prio=5 tid=448 in Object.wait()&#10;java.lang.Thread.State: WAITING (on object monitor)&#10;        at sun.misc.Unsafe.park(Native Method)&#10;        at java.util.concurrent.locks.LockSupport.park(LockSupport.java:175)&#10;        at java.util.concurrent.locks.AbstractQueuedSynchronizer$ConditionObject.await(AbstractQueuedSynchronizer.java:2039)&#10;        at java.util.concurrent.ArrayBlockingQueue.take(ArrayBlockingQueue.java:403)&#10;        at java.util.concurrent.ThreadPoolExecutor.getTask(ThreadPoolExecutor.java:1074)&#10;        at java.util.concurrent.ThreadPoolExecutor.runWorker(ThreadPoolExecutor.java:1134)&#10;        at java.util.concurrent.ThreadPoolExecutor$Worker.run(ThreadPoolExecutor.java:624)&#10;        at java.lang.Thread.run(Thread.java:748)&#10;&quot;pool-76-thread-35&quot;  prio=5 tid=621 in Object.wait()&#10;java.lang.Thread.State: WAITING (on object monitor)&#10;        at sun.misc.Unsafe.park(Native Method)&#10;        at java.util.concurrent.locks.LockSupport.park(LockSupport.java:175)&#10;        at java.util.concurrent.locks.AbstractQueuedSynchronizer$ConditionObject.await(AbstractQueuedSynchronizer.java:2039)&#10;        at java.util.concurrent.ArrayBlockingQueue.take(ArrayBlockingQueue.java:403)&#10;        at java.util.concurrent.ThreadPoolExecutor.getTask(ThreadPoolExecutor.java:1074)&#10;        at java.util.concurrent.ThreadPoolExecutor.runWorker(ThreadPoolExecutor.java:1134)&#10;        at java.util.concurrent.ThreadPoolExecutor$Worker.run(ThreadPoolExecutor.java:624)&#10;        at java.lang.Thread.run(Thread.java:748)&#10;&quot;Thread-257&quot; daemon prio=5 tid=783 timed_waiting&#10;java.lang.Thread.State: TIMED_WAITING&#10;        at sun.misc.Unsafe.park(Native Method)&#10;        at java.util.concurrent.locks.LockSupport.parkNanos(LockSupport.java:215)&#10;        at java.util.concurrent.locks.AbstractQueuedSynchronizer$ConditionObject.awaitNanos(AbstractQueuedSynchronizer.java:2078)&#10;        at java.util.concurrent.ArrayBlockingQueue.poll(ArrayBlockingQueue.java:418)&#10;        at org.apache.ratis.server.impl.LeaderState$EventQueue.poll(LeaderState.java:115)&#10;        at org.apache.ratis.server.impl.LeaderState$EventProcessor.run(LeaderState.java:467)&#10;&quot;metrics-hadoop-metrics2-reporter-74-thread-1&quot; daemon prio=5 tid=1002 timed_waiting&#10;java.lang.Thread.State: TIMED_WAITING&#10;        at sun.misc.Unsafe.park(Native Method)&#10;        at java.util.concurrent.locks.LockSupport.parkNanos(LockSupport.java:215)&#10;        at java.util.concurrent.locks.AbstractQueuedSynchronizer$ConditionObject.awaitNanos(AbstractQueuedSynchronizer.java:2078)&#10;        at java.util.concurrent.ScheduledThreadPoolExecutor$DelayedWorkQueue.take(ScheduledThreadPoolExecutor.java:1093)&#10;        at java.util.concurrent.ScheduledThreadPoolExecutor$DelayedWorkQueue.take(ScheduledThreadPoolExecutor.java:809)&#10;        at java.util.concurrent.ThreadPoolExecutor.getTask(ThreadPoolExecutor.java:1074)&#10;        at java.util.concurrent.ThreadPoolExecutor.runWorker(ThreadPoolExecutor.java:1134)&#10;        at java.util.concurrent.ThreadPoolExecutor$Worker.run(ThreadPoolExecutor.java:624)&#10;        at java.lang.Thread.run(Thread.java:748)&#10;&quot;pool-36-thread-31&quot;  prio=5 tid=408 in Object.wait()&#10;java.lang.Thread.State: WAITING (on object monitor)&#10;        at sun.misc.Unsafe.park(Native Method)&#10;        at java.util.concurrent.locks.LockSupport.park(LockSupport.java:175)&#10;        at java.util.concurrent.locks.AbstractQueuedSynchronizer$ConditionObject.await(AbstractQueuedSynchronizer.java:2039)&#10;        at java.util.concurrent.ArrayBlockingQueue.take(ArrayBlockingQueue.java:403)&#10;        at java.util.concurrent.ThreadPoolExecutor.getTask(ThreadPoolExecutor.java:1074)&#10;        at java.util.concurrent.ThreadPoolExecutor.runWorker(ThreadPoolExecutor.java:1134)&#10;        at java.util.concurrent.ThreadPoolExecutor$Worker.run(ThreadPoolExecutor.java:624)&#10;        at java.lang.Thread.run(Thread.java:748)&#10;&quot;metrics-hadoop-metrics2-reporter-44-thread-1&quot; daemon prio=5 tid=830 timed_waiting&#10;java.lang.Thread.State: TIMED_WAITING&#10;        at sun.misc.Unsafe.park(Native Method)&#10;        at java.util.concurrent.locks.LockSupport.parkNanos(LockSupport.java:215)&#10;        at java.util.concurrent.locks.AbstractQueuedSynchronizer$ConditionObject.awaitNanos(AbstractQueuedSynchronizer.java:2078)&#10;        at java.util.concurrent.ScheduledThreadPoolExecutor$DelayedWorkQueue.take(ScheduledThreadPoolExecutor.java:1093)&#10;        at java.util.concurrent.ScheduledThreadPoolExecutor$DelayedWorkQueue.take(ScheduledThreadPoolExecutor.java:809)&#10;        at java.util.concurrent.ThreadPoolExecutor.getTask(ThreadPoolExecutor.java:1074)&#10;        at java.util.concurrent.ThreadPoolExecutor.runWorker(ThreadPoolExecutor.java:1134)&#10;        at java.util.concurrent.ThreadPoolExecutor$Worker.run(ThreadPoolExecutor.java:624)&#10;        at java.lang.Thread.run(Thread.java:748)&#10;&quot;pool-56-thread-26&quot;  prio=5 tid=520 in Object.wait()&#10;java.lang.Thread.State: WAITING (on object monitor)&#10;        at sun.misc.Unsafe.park(Native Method)&#10;        at java.util.concurrent.locks.LockSupport.park(LockSupport.java:175)&#10;        at java.util.concurrent.locks.AbstractQueuedSynchronizer$ConditionObject.await(AbstractQueuedSynchronizer.java:2039)&#10;        at java.util.concurrent.ArrayBlockingQueue.take(ArrayBlockingQueue.java:403)&#10;        at java.util.concurrent.ThreadPoolExecutor.getTask(ThreadPoolExecutor.java:1074)&#10;        at java.util.concurrent.ThreadPoolExecutor.runWorker(ThreadPoolExecutor.java:1134)&#10;        at java.util.concurrent.ThreadPoolExecutor$Worker.run(ThreadPoolExecutor.java:624)&#10;        at java.lang.Thread.run(Thread.java:748)&#10;&quot;metrics-hadoop-metrics2-reporter-5-thread-1&quot; daemon prio=5 tid=715 timed_waiting&#10;java.lang.Thread.State: TIMED_WAITING&#10;        at sun.misc.Unsafe.park(Native Method)&#10;        at java.util.concurrent.locks.LockSupport.parkNanos(LockSupport.java:215)&#10;        at java.util.concurrent.locks.AbstractQueuedSynchronizer$ConditionObject.awaitNanos(AbstractQueuedSynchronizer.java:2078)&#10;        at java.util.concurrent.ScheduledThreadPoolExecutor$DelayedWorkQueue.take(ScheduledThreadPoolExecutor.java:1093)&#10;        at java.util.concurrent.ScheduledThreadPoolExecutor$DelayedWorkQueue.take(ScheduledThreadPoolExecutor.java:809)&#10;        at java.util.concurrent.ThreadPoolExecutor.getTask(ThreadPoolExecutor.java:1074)&#10;        at java.util.concurrent.ThreadPoolExecutor.runWorker(ThreadPoolExecutor.java:1134)&#10;        at java.util.concurrent.ThreadPoolExecutor$Worker.run(ThreadPoolExecutor.java:624)&#10;        at java.lang.Thread.run(Thread.java:748)&#10;&quot;pool-26-thread-33&quot;  prio=5 tid=431 in Object.wait()&#10;java.lang.Thread.State: WAITING (on object monitor)&#10;        at sun.misc.Unsafe.park(Native Method)&#10;        at java.util.concurrent.locks.LockSupport.park(LockSupport.java:175)&#10;        at java.util.concurrent.locks.AbstractQueuedSynchronizer$ConditionObject.await(AbstractQueuedSynchronizer.java:2039)&#10;        at java.util.concurrent.ArrayBlockingQueue.take(ArrayBlockingQueue.java:403)&#10;        at java.util.concurrent.ThreadPoolExecutor.getTask(ThreadPoolExecutor.java:1074)&#10;        at java.util.concurrent.ThreadPoolExecutor.runWorker(ThreadPoolExecutor.java:1134)&#10;        at java.util.concurrent.ThreadPoolExecutor$Worker.run(ThreadPoolExecutor.java:624)&#10;        at java.lang.Thread.run(Thread.java:748)&#10;&quot;pool-56-thread-31&quot;  prio=5 tid=525 in Object.wait()&#10;java.lang.Thread.State: WAITING (on object monitor)&#10;        at sun.misc.Unsafe.park(Native Method)&#10;        at java.util.concurrent.locks.LockSupport.park(LockSupport.java:175)&#10;        at java.util.concurrent.locks.AbstractQueuedSynchronizer$ConditionObject.await(AbstractQueuedSynchronizer.java:2039)&#10;        at java.util.concurrent.ArrayBlockingQueue.take(ArrayBlockingQueue.java:403)&#10;        at java.util.concurrent.ThreadPoolExecutor.getTask(ThreadPoolExecutor.java:1074)&#10;        at java.util.concurrent.ThreadPoolExecutor.runWorker(ThreadPoolExecutor.java:1134)&#10;        at java.util.concurrent.ThreadPoolExecutor$Worker.run(ThreadPoolExecutor.java:624)&#10;        at java.lang.Thread.run(Thread.java:748)&#10;&quot;pool-46-thread-53&quot;  prio=5 tid=454 in Object.wait()&#10;java.lang.Thread.State: WAITING (on object monitor)&#10;        at sun.misc.Unsafe.park(Native Method)&#10;        at java.util.concurrent.locks.LockSupport.park(LockSupport.java:175)&#10;        at java.util.concurrent.locks.AbstractQueuedSynchronizer$ConditionObject.await(AbstractQueuedSynchronizer.java:2039)&#10;        at java.util.concurrent.ArrayBlockingQueue.take(ArrayBlockingQueue.java:403)&#10;        at java.util.concurrent.ThreadPoolExecutor.getTask(ThreadPoolExecutor.java:1074)&#10;        at java.util.concurrent.ThreadPoolExecutor.runWorker(ThreadPoolExecutor.java:1134)&#10;        at java.util.concurrent.ThreadPoolExecutor$Worker.run(ThreadPoolExecutor.java:624)&#10;        at java.lang.Thread.run(Thread.java:748)&#10;&quot;pool-56-thread-1&quot;  prio=5 tid=460 in Object.wait()&#10;java.lang.Thread.State: WAITING (on object monitor)&#10;        at sun.misc.Unsafe.park(Native Method)&#10;        at java.util.concurrent.locks.LockSupport.park(LockSupport.java:175)&#10;        at java.util.concurrent.locks.AbstractQueuedSynchronizer$ConditionObject.await(AbstractQueuedSynchronizer.java:2039)&#10;        at java.util.concurrent.ArrayBlockingQueue.take(ArrayBlockingQueue.java:403)&#10;        at java.util.concurrent.ThreadPoolExecutor.getTask(ThreadPoolExecutor.java:1074)&#10;        at java.util.concurrent.ThreadPoolExecutor.runWorker(ThreadPoolExecutor.java:1134)&#10;        at java.util.concurrent.ThreadPoolExecutor$Worker.run(ThreadPoolExecutor.java:624)&#10;        at java.lang.Thread.run(Thread.java:748)&#10;&quot;IPC Server idle connection scanner for port 33223&quot; daemon prio=5 tid=21 timed_waiting&#10;java.lang.Thread.State: TIMED_WAITING&#10;        at java.lang.Object.wait(Native Method)&#10;        at java.util.TimerThread.mainLoop(Timer.java:552)&#10;        at java.util.TimerThread.run(Timer.java:505)&#10;&quot;pool-56-thread-7&quot;  prio=5 tid=486 in Object.wait()&#10;java.lang.Thread.State: WAITING (on object monitor)&#10;        at sun.misc.Unsafe.park(Native Method)&#10;        at java.util.concurrent.locks.LockSupport.park(LockSupport.java:175)&#10;        at java.util.concurrent.locks.AbstractQueuedSynchronizer$ConditionObject.await(AbstractQueuedSynchronizer.java:2039)&#10;        at java.util.concurrent.ArrayBlockingQueue.take(ArrayBlockingQueue.java:403)&#10;        at java.util.concurrent.ThreadPoolExecutor.getTask(ThreadPoolExecutor.java:1074)&#10;        at java.util.concurrent.ThreadPoolExecutor.runWorker(ThreadPoolExecutor.java:1134)&#10;        at java.util.concurrent.ThreadPoolExecutor$Worker.run(ThreadPoolExecutor.java:624)&#10;        at java.lang.Thread.run(Thread.java:748)&#10;&quot;pool-36-thread-45&quot;  prio=5 tid=440 in Object.wait()&#10;java.lang.Thread.State: WAITING (on object monitor)&#10;        at sun.misc.Unsafe.park(Native Method)&#10;        at java.util.concurrent.locks.LockSupport.park(LockSupport.java:175)&#10;        at java.util.concurrent.locks.AbstractQueuedSynchronizer$ConditionObject.await(AbstractQueuedSynchronizer.java:2039)&#10;        at java.util.concurrent.ArrayBlockingQueue.take(ArrayBlockingQueue.java:403)&#10;        at java.util.concurrent.ThreadPoolExecutor.getTask(ThreadPoolExecutor.java:1074)&#10;        at java.util.concurrent.ThreadPoolExecutor.runWorker(ThreadPoolExecutor.java:1134)&#10;        at java.util.concurrent.ThreadPoolExecutor$Worker.run(ThreadPoolExecutor.java:624)&#10;        at java.lang.Thread.run(Thread.java:748)&#10;&quot;pool-26-thread-46&quot;  prio=5 tid=487 in Object.wait()&#10;java.lang.Thread.State: WAITING (on object monitor)&#10;        at sun.misc.Unsafe.park(Native Method)&#10;        at java.util.concurrent.locks.LockSupport.park(LockSupport.java:175)&#10;        at java.util.concurrent.locks.AbstractQueuedSynchronizer$ConditionObject.await(AbstractQueuedSynchronizer.java:2039)&#10;        at java.util.concurrent.ArrayBlockingQueue.take(ArrayBlockingQueue.java:403)&#10;        at java.util.concurrent.ThreadPoolExecutor.getTask(ThreadPoolExecutor.java:1074)&#10;        at java.util.concurrent.ThreadPoolExecutor.runWorker(ThreadPoolExecutor.java:1134)&#10;        at java.util.concurrent.ThreadPoolExecutor$Worker.run(ThreadPoolExecutor.java:624)&#10;        at java.lang.Thread.run(Thread.java:748)&#10;&quot;EventQueue-ContainerReportForContainerReportHandler&quot; daemon prio=5 tid=690 in Object.wait()&#10;java.lang.Thread.State: WAITING (on object monitor)&#10;        at sun.misc.Unsafe.park(Native Method)&#10;        at java.util.concurrent.locks.LockSupport.park(LockSupport.java:175)&#10;        at java.util.concurrent.locks.AbstractQueuedSynchronizer$ConditionObject.await(AbstractQueuedSynchronizer.java:2039)&#10;        at java.util.concurrent.LinkedBlockingQueue.take(LinkedBlockingQueue.java:442)&#10;        at java.util.concurrent.ThreadPoolExecutor.getTask(ThreadPoolExecutor.java:1074)&#10;        at java.util.concurrent.ThreadPoolExecutor.runWorker(ThreadPoolExecutor.java:1134)&#10;        at java.util.concurrent.ThreadPoolExecutor$Worker.run(ThreadPoolExecutor.java:624)&#10;        at java.lang.Thread.run(Thread.java:748)&#10;&quot;qtp1732973321-91&quot; daemon prio=5 tid=91 runnable&#10;java.lang.Thread.State: RUNNABLE&#10;        at sun.nio.ch.EPollArrayWrapper.epollWait(Native Method)&#10;        at sun.nio.ch.EPollArrayWrapper.poll(EPollArrayWrapper.java:269)&#10;        at sun.nio.ch.EPollSelectorImpl.doSelect(EPollSelectorImpl.java:93)&#10;        at sun.nio.ch.SelectorImpl.lockAndDoSelect(SelectorImpl.java:86)&#10;        at sun.nio.ch.SelectorImpl.select(SelectorImpl.java:97)&#10;        at sun.nio.ch.SelectorImpl.select(SelectorImpl.java:101)&#10;        at org.eclipse.jetty.io.ManagedSelector$SelectorProducer.select(ManagedSelector.java:243)&#10;        at org.eclipse.jetty.io.ManagedSelector$SelectorProducer.produce(ManagedSelector.java:191)&#10;        at org.eclipse.jetty.util.thread.strategy.ExecuteProduceConsume.executeProduceConsume(ExecuteProduceConsume.java:249)&#10;        at org.eclipse.jetty.util.thread.strategy.ExecuteProduceConsume.produceConsume(ExecuteProduceConsume.java:148)&#10;        at org.eclipse.jetty.util.thread.strategy.ExecuteProduceConsume.execute(ExecuteProduceConsume.java:100)&#10;        at org.eclipse.jetty.io.ManagedSelector.run(ManagedSelector.java:147)&#10;        at org.eclipse.jetty.util.thread.QueuedThreadPool.runJob(QueuedThreadPool.java:671)&#10;        at org.eclipse.jetty.util.thread.QueuedThreadPool$2.run(QueuedThreadPool.java:589)&#10;        at java.lang.Thread.run(Thread.java:748)&#10;&quot;EventQueue-NewNodeForNewNodeHandler&quot; daemon prio=5 tid=688 in Object.wait()&#10;java.lang.Thread.State: WAITING (on object monitor)&#10;        at sun.misc.Unsafe.park(Native Method)&#10;        at java.util.concurrent.locks.LockSupport.park(LockSupport.java:175)&#10;        at java.util.concurrent.locks.AbstractQueuedSynchronizer$ConditionObject.await(AbstractQueuedSynchronizer.java:2039)&#10;        at java.util.concurrent.LinkedBlockingQueue.take(LinkedBlockingQueue.java:442)&#10;        at java.util.concurrent.ThreadPoolExecutor.getTask(ThreadPoolExecutor.java:1074)&#10;        at java.util.concurrent.ThreadPoolExecutor.runWorker(ThreadPoolExecutor.java:1134)&#10;        at java.util.concurrent.ThreadPoolExecutor$Worker.run(ThreadPoolExecutor.java:624)&#10;        at java.lang.Thread.run(Thread.java:748)&#10;&quot;pool-66-thread-19&quot;  prio=5 tid=585 in Object.wait()&#10;java.lang.Thread.State: WAITING (on object monitor)&#10;        at sun.misc.Unsafe.park(Native Method)&#10;        at java.util.concurrent.locks.LockSupport.park(LockSupport.java:175)&#10;        at java.util.concurrent.locks.AbstractQueuedSynchronizer$ConditionObject.await(AbstractQueuedSynchronizer.java:2039)&#10;        at java.util.concurrent.ArrayBlockingQueue.take(ArrayBlockingQueue.java:403)&#10;        at java.util.concurrent.ThreadPoolExecutor.getTask(ThreadPoolExecutor.java:1074)&#10;        at java.util.concurrent.ThreadPoolExecutor.runWorker(ThreadPoolExecutor.java:1134)&#10;        at java.util.concurrent.ThreadPoolExecutor$Worker.run(ThreadPoolExecutor.java:624)&#10;        at java.lang.Thread.run(Thread.java:748)&#10;&quot;pool-26-thread-32&quot;  prio=5 tid=426 in Object.wait()&#10;java.lang.Thread.State: WAITING (on object monitor)&#10;        at sun.misc.Unsafe.park(Native Method)&#10;        at java.util.concurrent.locks.LockSupport.park(LockSupport.java:175)&#10;        at java.util.concurrent.locks.AbstractQueuedSynchronizer$ConditionObject.await(AbstractQueuedSynchronizer.java:2039)&#10;        at java.util.concurrent.ArrayBlockingQueue.take(ArrayBlockingQueue.java:403)&#10;        at java.util.concurrent.ThreadPoolExecutor.getTask(ThreadPoolExecutor.java:1074)&#10;        at java.util.concurrent.ThreadPoolExecutor.runWorker(ThreadPoolExecutor.java:1134)&#10;        at java.util.concurrent.ThreadPoolExecutor$Worker.run(ThreadPoolExecutor.java:624)&#10;        at java.lang.Thread.run(Thread.java:748)&#10;&quot;metrics-hadoop-metrics2-reporter-60-thread-1&quot; daemon prio=5 tid=934 timed_waiting&#10;java.lang.Thread.State: TIMED_WAITING&#10;        at sun.misc.Unsafe.park(Native Method)&#10;        at java.util.concurrent.locks.LockSupport.parkNanos(LockSupport.java:215)&#10;        at java.util.concurrent.locks.AbstractQueuedSynchronizer$ConditionObject.awaitNanos(AbstractQueuedSynchronizer.java:2078)&#10;        at java.util.concurrent.ScheduledThreadPoolExecutor$DelayedWorkQueue.take(ScheduledThreadPoolExecutor.java:1093)&#10;        at java.util.concurrent.ScheduledThreadPoolExecutor$DelayedWorkQueue.take(ScheduledThreadPoolExecutor.java:809)&#10;        at java.util.concurrent.ThreadPoolExecutor.getTask(ThreadPoolExecutor.java:1074)&#10;        at java.util.concurrent.ThreadPoolExecutor.runWorker(ThreadPoolExecutor.java:1134)&#10;        at java.util.concurrent.ThreadPoolExecutor$Worker.run(ThreadPoolExecutor.java:624)&#10;        at java.lang.Thread.run(Thread.java:748)&#10;&quot;qtp1770687691-167&quot; daemon prio=5 tid=167 timed_waiting&#10;java.lang.Thread.State: TIMED_WAITING&#10;        at sun.misc.Unsafe.park(Native Method)&#10;        at java.util.concurrent.locks.LockSupport.parkNanos(LockSupport.java:215)&#10;        at java.util.concurrent.locks.AbstractQueuedSynchronizer$ConditionObject.awaitNanos(AbstractQueuedSynchronizer.java:2078)&#10;        at org.eclipse.jetty.util.BlockingArrayQueue.poll(BlockingArrayQueue.java:392)&#10;        at org.eclipse.jetty.util.thread.QueuedThreadPool.idleJobPoll(QueuedThreadPool.java:563)&#10;        at org.eclipse.jetty.util.thread.QueuedThreadPool.access$800(QueuedThreadPool.java:48)&#10;        at org.eclipse.jetty.util.thread.QueuedThreadPool$2.run(QueuedThreadPool.java:626)&#10;        at java.lang.Thread.run(Thread.java:748)&#10;&quot;pool-76-thread-24&quot;  prio=5 tid=607 in Object.wait()&#10;java.lang.Thread.State: WAITING (on object monitor)&#10;        at sun.misc.Unsafe.park(Native Method)&#10;        at java.util.concurrent.locks.LockSupport.park(LockSupport.java:175)&#10;        at java.util.concurrent.locks.AbstractQueuedSynchronizer$ConditionObject.await(AbstractQueuedSynchronizer.java:2039)&#10;        at java.util.concurrent.ArrayBlockingQueue.take(ArrayBlockingQueue.java:403)&#10;        at java.util.concurrent.ThreadPoolExecutor.getTask(ThreadPoolExecutor.java:1074)&#10;        at java.util.concurrent.ThreadPoolExecutor.runWorker(ThreadPoolExecutor.java:1134)&#10;        at java.util.concurrent.ThreadPoolExecutor$Worker.run(ThreadPoolExecutor.java:624)&#10;        at java.lang.Thread.run(Thread.java:748)&#10;&quot;pool-56-thread-24&quot;  prio=5 tid=518 in Object.wait()&#10;java.lang.Thread.State: WAITING (on object monitor)&#10;        at sun.misc.Unsafe.park(Native Method)&#10;        at java.util.concurrent.locks.LockSupport.park(LockSupport.java:175)&#10;        at java.util.concurrent.locks.AbstractQueuedSynchronizer$ConditionObject.await(AbstractQueuedSynchronizer.java:2039)&#10;        at java.util.concurrent.ArrayBlockingQueue.take(ArrayBlockingQueue.java:403)&#10;        at java.util.concurrent.ThreadPoolExecutor.getTask(ThreadPoolExecutor.java:1074)&#10;        at java.util.concurrent.ThreadPoolExecutor.runWorker(ThreadPoolExecutor.java:1134)&#10;        at java.util.concurrent.ThreadPoolExecutor$Worker.run(ThreadPoolExecutor.java:624)&#10;        at java.lang.Thread.run(Thread.java:748)&#10;&quot;java.util.concurrent.ThreadPoolExecutor$Worker@7edf8f6d[State = -1, empty queue]&quot; daemon prio=5 tid=935 timed_waiting&#10;java.lang.Thread.State: TIMED_WAITING&#10;        at sun.misc.Unsafe.park(Native Method)&#10;        at java.util.concurrent.locks.LockSupport.parkNanos(LockSupport.java:215)&#10;        at java.util.concurrent.locks.AbstractQueuedSynchronizer$ConditionObject.awaitNanos(AbstractQueuedSynchronizer.java:2078)&#10;        at java.util.concurrent.ScheduledThreadPoolExecutor$DelayedWorkQueue.take(ScheduledThreadPoolExecutor.java:1093)&#10;        at java.util.concurrent.ScheduledThreadPoolExecutor$DelayedWorkQueue.take(ScheduledThreadPoolExecutor.java:809)&#10;        at java.util.concurrent.ThreadPoolExecutor.getTask(ThreadPoolExecutor.java:1074)&#10;        at java.util.concurrent.ThreadPoolExecutor.runWorker(ThreadPoolExecutor.java:1134)&#10;        at java.util.concurrent.ThreadPoolExecutor$Worker.run(ThreadPoolExecutor.java:624)&#10;        at java.lang.Thread.run(Thread.java:748)&#10;&quot;pool-76-thread-58&quot;  prio=5 tid=654 in Object.wait()&#10;java.lang.Thread.State: WAITING (on object monitor)&#10;        at sun.misc.Unsafe.park(Native Method)&#10;        at java.util.concurrent.locks.LockSupport.park(LockSupport.java:175)&#10;        at java.util.concurrent.locks.AbstractQueuedSynchronizer$ConditionObject.await(AbstractQueuedSynchronizer.java:2039)&#10;        at java.util.concurrent.ArrayBlockingQueue.take(ArrayBlockingQueue.java:403)&#10;        at java.util.concurrent.ThreadPoolExecutor.getTask(ThreadPoolExecutor.java:1074)&#10;        at java.util.concurrent.ThreadPoolExecutor.runWorker(ThreadPoolExecutor.java:1134)&#10;        at java.util.concurrent.ThreadPoolExecutor$Worker.run(ThreadPoolExecutor.java:624)&#10;        at java.lang.Thread.run(Thread.java:748)&#10;&quot;pool-46-thread-25&quot;  prio=5 tid=375 in Object.wait()&#10;java.lang.Thread.State: WAITING (on object monitor)&#10;        at sun.misc.Unsafe.park(Native Method)&#10;        at java.util.concurrent.locks.LockSupport.park(LockSupport.java:175)&#10;        at java.util.concurrent.locks.AbstractQueuedSynchronizer$ConditionObject.await(AbstractQueuedSynchronizer.java:2039)&#10;        at java.util.concurrent.ArrayBlockingQueue.take(ArrayBlockingQueue.java:403)&#10;        at java.util.concurrent.ThreadPoolExecutor.getTask(ThreadPoolExecutor.java:1074)&#10;        at java.util.concurrent.ThreadPoolExecutor.runWorker(ThreadPoolExecutor.java:1134)&#10;        at java.util.concurrent.ThreadPoolExecutor$Worker.run(ThreadPoolExecutor.java:624)&#10;        at java.lang.Thread.run(Thread.java:748)&#10;&quot;Datanode ReportManager Thread - 3&quot; daemon prio=5 tid=310 in Object.wait()&#10;java.lang.Thread.State: WAITING (on object monitor)&#10;        at sun.misc.Unsafe.park(Native Method)&#10;        at java.util.concurrent.locks.LockSupport.park(LockSupport.java:175)&#10;        at java.util.concurrent.locks.AbstractQueuedSynchronizer$ConditionObject.await(AbstractQueuedSynchronizer.java:2039)&#10;        at java.util.concurrent.ScheduledThreadPoolExecutor$DelayedWorkQueue.take(ScheduledThreadPoolExecutor.java:1088)&#10;        at java.util.concurrent.ScheduledThreadPoolExecutor$DelayedWorkQueue.take(ScheduledThreadPoolExecutor.java:809)&#10;        at java.util.concurrent.ThreadPoolExecutor.getTask(ThreadPoolExecutor.java:1074)&#10;        at java.util.concurrent.ThreadPoolExecutor.runWorker(ThreadPoolExecutor.java:1134)&#10;        at java.util.concurrent.ThreadPoolExecutor$Worker.run(ThreadPoolExecutor.java:624)&#10;        at java.lang.Thread.run(Thread.java:748)&#10;&quot;org.eclipse.jetty.server.session.HashSessionManager@162087cTimer&quot; daemon prio=5 tid=278 timed_waiting&#10;java.lang.Thread.State: TIMED_WAITING&#10;        at sun.misc.Unsafe.park(Native Method)&#10;        at java.util.concurrent.locks.LockSupport.parkNanos(LockSupport.java:215)&#10;        at java.util.concurrent.locks.AbstractQueuedSynchronizer$ConditionObject.awaitNanos(AbstractQueuedSynchronizer.java:2078)&#10;        at java.util.concurrent.ScheduledThreadPoolExecutor$DelayedWorkQueue.take(ScheduledThreadPoolExecutor.java:1093)&#10;        at java.util.concurrent.ScheduledThreadPoolExecutor$DelayedWorkQueue.take(ScheduledThreadPoolExecutor.java:809)&#10;        at java.util.concurrent.ThreadPoolExecutor.getTask(ThreadPoolExecutor.java:1074)&#10;        at java.util.concurrent.ThreadPoolExecutor.runWorker(ThreadPoolExecutor.java:1134)&#10;        at java.util.concurrent.ThreadPoolExecutor$Worker.run(ThreadPoolExecutor.java:624)&#10;        at java.lang.Thread.run(Thread.java:748)&#10;&quot;pool-34-thread-1&quot; daemon prio=5 tid=184 timed_waiting&#10;java.lang.Thread.State: TIMED_WAITING&#10;        at sun.misc.Unsafe.park(Native Method)&#10;        at java.util.concurrent.locks.LockSupport.parkNanos(LockSupport.java:215)&#10;        at java.util.concurrent.locks.AbstractQueuedSynchronizer$ConditionObject.awaitNanos(AbstractQueuedSynchronizer.java:2078)&#10;        at java.util.concurrent.ScheduledThreadPoolExecutor$DelayedWorkQueue.take(ScheduledThreadPoolExecutor.java:1093)&#10;        at java.util.concurrent.ScheduledThreadPoolExecutor$DelayedWorkQueue.take(ScheduledThreadPoolExecutor.java:809)&#10;        at java.util.concurrent.ThreadPoolExecutor.getTask(ThreadPoolExecutor.java:1074)&#10;        at java.util.concurrent.ThreadPoolExecutor.runWorker(ThreadPoolExecutor.java:1134)&#10;        at java.util.concurrent.ThreadPoolExecutor$Worker.run(ThreadPoolExecutor.java:624)&#10;        at java.lang.Thread.run(Thread.java:748)&#10;&quot;pool-56-thread-8&quot;  prio=5 tid=488 in Object.wait()&#10;java.lang.Thread.State: WAITING (on object monitor)&#10;        at sun.misc.Unsafe.park(Native Method)&#10;        at java.util.concurrent.locks.LockSupport.park(LockSupport.java:175)&#10;        at java.util.concurrent.locks.AbstractQueuedSynchronizer$ConditionObject.await(AbstractQueuedSynchronizer.java:2039)&#10;        at java.util.concurrent.ArrayBlockingQueue.take(ArrayBlockingQueue.java:403)&#10;        at java.util.concurrent.ThreadPoolExecutor.getTask(ThreadPoolExecutor.java:1074)&#10;        at java.util.concurrent.ThreadPoolExecutor.runWorker(ThreadPoolExecutor.java:1134)&#10;        at java.util.concurrent.ThreadPoolExecutor$Worker.run(ThreadPoolExecutor.java:624)&#10;        at java.lang.Thread.run(Thread.java:748)&#10;&quot;pool-66-thread-4&quot;  prio=5 tid=559 in Object.wait()&#10;java.lang.Thread.State: WAITING (on object monitor)&#10;        at sun.misc.Unsafe.park(Native Method)&#10;        at java.util.concurrent.locks.LockSupport.park(LockSupport.java:175)&#10;        at java.util.concurrent.locks.AbstractQueuedSynchronizer$ConditionObject.await(AbstractQueuedSynchronizer.java:2039)&#10;        at java.util.concurrent.ArrayBlockingQueue.take(ArrayBlockingQueue.java:403)&#10;        at java.util.concurrent.ThreadPoolExecutor.getTask(ThreadPoolExecutor.java:1074)&#10;        at java.util.concurrent.ThreadPoolExecutor.runWorker(ThreadPoolExecutor.java:1134)&#10;        at java.util.concurrent.ThreadPoolExecutor$Worker.run(ThreadPoolExecutor.java:624)&#10;        at java.lang.Thread.run(Thread.java:748)&#10;&quot;pool-56-thread-10&quot;  prio=5 tid=492 in Object.wait()&#10;java.lang.Thread.State: WAITING (on object monitor)&#10;        at sun.misc.Unsafe.park(Native Method)&#10;        at java.util.concurrent.locks.LockSupport.park(LockSupport.java:175)&#10;        at java.util.concurrent.locks.AbstractQueuedSynchronizer$ConditionObject.await(AbstractQueuedSynchronizer.java:2039)&#10;        at java.util.concurrent.ArrayBlockingQueue.take(ArrayBlockingQueue.java:403)&#10;        at java.util.concurrent.ThreadPoolExecutor.getTask(ThreadPoolExecutor.java:1074)&#10;        at java.util.concurrent.ThreadPoolExecutor.runWorker(ThreadPoolExecutor.java:1134)&#10;        at java.util.concurrent.ThreadPoolExecutor$Worker.run(ThreadPoolExecutor.java:624)&#10;        at java.lang.Thread.run(Thread.java:748)&#10;&quot;IPC Server handler 13 on 33223&quot; daemon prio=5 tid=63 timed_waiting&#10;java.lang.Thread.State: TIMED_WAITING&#10;        at sun.misc.Unsafe.park(Native Method)&#10;        at java.util.concurrent.locks.LockSupport.parkNanos(LockSupport.java:215)&#10;        at java.util.concurrent.locks.AbstractQueuedSynchronizer$ConditionObject.awaitNanos(AbstractQueuedSynchronizer.java:2078)&#10;        at java.util.concurrent.LinkedBlockingQueue.poll(LinkedBlockingQueue.java:467)&#10;        at org.apache.hadoop.ipc.CallQueueManager.take(CallQueueManager.java:288)&#10;        at org.apache.hadoop.ipc.Server$Handler.run(Server.java:2668)&#10;&quot;org.apache.hadoop.util.JvmPauseMonitor$Monitor@6c0b2b7c&quot; daemon prio=5 tid=180 timed_waiting&#10;java.lang.Thread.State: TIMED_WAITING&#10;        at java.lang.Thread.sleep(Native Method)&#10;        at org.apache.hadoop.util.JvmPauseMonitor$Monitor.run(JvmPauseMonitor.java:192)&#10;        at java.lang.Thread.run(Thread.java:748)&#10;&quot;pool-66-thread-22&quot;  prio=5 tid=591 in Object.wait()&#10;java.lang.Thread.State: WAITING (on object monitor)&#10;        at sun.misc.Unsafe.park(Native Method)&#10;        at java.util.concurrent.locks.LockSupport.park(LockSupport.java:175)&#10;        at java.util.concurrent.locks.AbstractQueuedSynchronizer$ConditionObject.await(AbstractQueuedSynchronizer.java:2039)&#10;        at java.util.concurrent.ArrayBlockingQueue.take(ArrayBlockingQueue.java:403)&#10;        at java.util.concurrent.ThreadPoolExecutor.getTask(ThreadPoolExecutor.java:1074)&#10;        at java.util.concurrent.ThreadPoolExecutor.runWorker(ThreadPoolExecutor.java:1134)&#10;        at java.util.concurrent.ThreadPoolExecutor$Worker.run(ThreadPoolExecutor.java:624)&#10;        at java.lang.Thread.run(Thread.java:748)&#10;&quot;qtp1931194070-244&quot; daemon prio=5 tid=244 timed_waiting&#10;java.lang.Thread.State: TIMED_WAITING&#10;        at sun.misc.Unsafe.park(Native Method)&#10;        at java.util.concurrent.locks.LockSupport.parkNanos(LockSupport.java:215)&#10;        at java.util.concurrent.locks.AbstractQueuedSynchronizer$ConditionObject.awaitNanos(AbstractQueuedSynchronizer.java:2078)&#10;        at org.eclipse.jetty.util.BlockingArrayQueue.poll(BlockingArrayQueue.java:392)&#10;        at org.eclipse.jetty.util.thread.QueuedThreadPool.idleJobPoll(QueuedThreadPool.java:563)&#10;        at org.eclipse.jetty.util.thread.QueuedThreadPool.access$800(QueuedThreadPool.java:48)&#10;        at org.eclipse.jetty.util.thread.QueuedThreadPool$2.run(QueuedThreadPool.java:626)&#10;        at java.lang.Thread.run(Thread.java:748)&#10;&quot;qtp30546661-194&quot; daemon prio=5 tid=194 timed_waiting&#10;java.lang.Thread.State: TIMED_WAITING&#10;        at sun.misc.Unsafe.park(Native Method)&#10;        at java.util.concurrent.locks.LockSupport.parkNanos(LockSupport.java:215)&#10;        at java.util.concurrent.locks.AbstractQueuedSynchronizer$ConditionObject.awaitNanos(AbstractQueuedSynchronizer.java:2078)&#10;        at org.eclipse.jetty.util.BlockingArrayQueue.poll(BlockingArrayQueue.java:392)&#10;        at org.eclipse.jetty.util.thread.QueuedThreadPool.idleJobPoll(QueuedThreadPool.java:563)&#10;        at org.eclipse.jetty.util.thread.QueuedThreadPool.access$800(QueuedThreadPool.java:48)&#10;        at org.eclipse.jetty.util.thread.QueuedThreadPool$2.run(QueuedThreadPool.java:626)&#10;        at java.lang.Thread.run(Thread.java:748)&#10;&quot;pool-36-thread-58&quot;  prio=5 tid=478 in Object.wait()&#10;java.lang.Thread.State: WAITING (on object monitor)&#10;        at sun.misc.Unsafe.park(Native Method)&#10;        at java.util.concurrent.locks.LockSupport.park(LockSupport.java:175)&#10;        at java.util.concurrent.locks.AbstractQueuedSynchronizer$ConditionObject.await(AbstractQueuedSynchronizer.java:2039)&#10;        at java.util.concurrent.ArrayBlockingQueue.take(ArrayBlockingQueue.java:403)&#10;        at java.util.concurrent.ThreadPoolExecutor.getTask(ThreadPoolExecutor.java:1074)&#10;        at java.util.concurrent.ThreadPoolExecutor.runWorker(ThreadPoolExecutor.java:1134)&#10;        at java.util.concurrent.ThreadPoolExecutor$Worker.run(ThreadPoolExecutor.java:624)&#10;        at java.lang.Thread.run(Thread.java:748)&#10;&quot;pool-36-thread-36&quot;  prio=5 tid=418 in Object.wait()&#10;java.lang.Thread.State: WAITING (on object monitor)&#10;        at sun.misc.Unsafe.park(Native Method)&#10;        at java.util.concurrent.locks.LockSupport.park(LockSupport.java:175)&#10;        at java.util.concurrent.locks.AbstractQueuedSynchronizer$ConditionObject.await(AbstractQueuedSynchronizer.java:2039)&#10;        at java.util.concurrent.ArrayBlockingQueue.take(ArrayBlockingQueue.java:403)&#10;        at java.util.concurrent.ThreadPoolExecutor.getTask(ThreadPoolExecutor.java:1074)&#10;        at java.util.concurrent.ThreadPoolExecutor.runWorker(ThreadPoolExecutor.java:1134)&#10;        at java.util.concurrent.ThreadPoolExecutor$Worker.run(ThreadPoolExecutor.java:624)&#10;        at java.lang.Thread.run(Thread.java:748)&#10;&quot;jaeger.RemoteReporter-FlushTimer&quot; daemon prio=5 tid=149 timed_waiting&#10;java.lang.Thread.State: TIMED_WAITING&#10;        at java.lang.Object.wait(Native Method)&#10;        at java.util.TimerThread.mainLoop(Timer.java:552)&#10;        at java.util.TimerThread.run(Timer.java:505)&#10;&quot;metrics-hadoop-metrics2-reporter-16-thread-1&quot; daemon prio=5 tid=741 timed_waiting&#10;java.lang.Thread.State: TIMED_WAITING&#10;        at sun.misc.Unsafe.park(Native Method)&#10;        at java.util.concurrent.locks.LockSupport.parkNanos(LockSupport.java:215)&#10;        at java.util.concurrent.locks.AbstractQueuedSynchronizer$ConditionObject.awaitNanos(AbstractQueuedSynchronizer.java:2078)&#10;        at java.util.concurrent.ScheduledThreadPoolExecutor$DelayedWorkQueue.take(ScheduledThreadPoolExecutor.java:1093)&#10;        at java.util.concurrent.ScheduledThreadPoolExecutor$DelayedWorkQueue.take(ScheduledThreadPoolExecutor.java:809)&#10;        at java.util.concurrent.ThreadPoolExecutor.getTask(ThreadPoolExecutor.java:1074)&#10;        at java.util.concurrent.ThreadPoolExecutor.runWorker(ThreadPoolExecutor.java:1134)&#10;        at java.util.concurrent.ThreadPoolExecutor$Worker.run(ThreadPoolExecutor.java:624)&#10;        at java.lang.Thread.run(Thread.java:748)&#10;&quot;Datanode ReportManager Thread - 1&quot; daemon prio=5 tid=281 timed_waiting&#10;java.lang.Thread.State: TIMED_WAITING&#10;        at sun.misc.Unsafe.park(Native Method)&#10;        at java.util.concurrent.locks.LockSupport.parkNanos(LockSupport.java:215)&#10;        at java.util.concurrent.locks.AbstractQueuedSynchronizer$ConditionObject.awaitNanos(AbstractQueuedSynchronizer.java:2078)&#10;        at java.util.concurrent.ScheduledThreadPoolExecutor$DelayedWorkQueue.take(ScheduledThreadPoolExecutor.java:1093)&#10;        at java.util.concurrent.ScheduledThreadPoolExecutor$DelayedWorkQueue.take(ScheduledThreadPoolExecutor.java:809)&#10;        at java.util.concurrent.ThreadPoolExecutor.getTask(ThreadPoolExecutor.java:1074)&#10;        at java.util.concurrent.ThreadPoolExecutor.runWorker(ThreadPoolExecutor.java:1134)&#10;        at java.util.concurrent.ThreadPoolExecutor$Worker.run(ThreadPoolExecutor.java:624)&#10;        at java.lang.Thread.run(Thread.java:748)&#10;&quot;qtp1732973321-93&quot; daemon prio=5 tid=93 timed_waiting&#10;java.lang.Thread.State: TIMED_WAITING&#10;        at sun.misc.Unsafe.park(Native Method)&#10;        at java.util.concurrent.locks.LockSupport.parkNanos(LockSupport.java:215)&#10;        at java.util.concurrent.locks.AbstractQueuedSynchronizer$ConditionObject.awaitNanos(AbstractQueuedSynchronizer.java:2078)&#10;        at org.eclipse.jetty.util.BlockingArrayQueue.poll(BlockingArrayQueue.java:392)&#10;        at org.eclipse.jetty.util.thread.QueuedThreadPool.idleJobPoll(QueuedThreadPool.java:563)&#10;        at org.eclipse.jetty.util.thread.QueuedThreadPool.access$800(QueuedThreadPool.java:48)&#10;        at org.eclipse.jetty.util.thread.QueuedThreadPool$2.run(QueuedThreadPool.java:626)&#10;        at java.lang.Thread.run(Thread.java:748)&#10;&quot;Thread-456&quot; daemon prio=5 tid=1047 timed_waiting&#10;java.lang.Thread.State: TIMED_WAITING&#10;        at java.lang.Thread.sleep(Native Method)&#10;        at org.apache.ratis.util.JavaUtils.sleep(JavaUtils.java:247)&#10;        at org.apache.ratis.server.impl.FollowerState.run(FollowerState.java:97)&#10;&quot;qtp30546661-190&quot; daemon prio=5 tid=190 timed_waiting&#10;java.lang.Thread.State: TIMED_WAITING&#10;        at sun.misc.Unsafe.park(Native Method)&#10;        at java.util.concurrent.locks.LockSupport.parkNanos(LockSupport.java:215)&#10;        at java.util.concurrent.locks.AbstractQueuedSynchronizer$ConditionObject.awaitNanos(AbstractQueuedSynchronizer.java:2078)&#10;        at org.eclipse.jetty.util.BlockingArrayQueue.poll(BlockingArrayQueue.java:392)&#10;        at org.eclipse.jetty.util.thread.QueuedThreadPool.idleJobPoll(QueuedThreadPool.java:563)&#10;        at org.eclipse.jetty.util.thread.QueuedThreadPool.access$800(QueuedThreadPool.java:48)&#10;        at org.eclipse.jetty.util.thread.QueuedThreadPool$2.run(QueuedThreadPool.java:626)&#10;        at java.lang.Thread.run(Thread.java:748)&#10;&quot;IPC Server handler 0 on 42372&quot; daemon prio=5 tid=70 timed_waiting&#10;java.lang.Thread.State: TIMED_WAITING&#10;        at sun.misc.Unsafe.park(Native Method)&#10;        at java.util.concurrent.locks.LockSupport.parkNanos(LockSupport.java:215)&#10;        at java.util.concurrent.locks.AbstractQueuedSynchronizer$ConditionObject.awaitNanos(AbstractQueuedSynchronizer.java:2078)&#10;        at java.util.concurrent.LinkedBlockingQueue.poll(LinkedBlockingQueue.java:467)&#10;        at org.apache.hadoop.ipc.CallQueueManager.take(CallQueueManager.java:288)&#10;        at org.apache.hadoop.ipc.Server$Handler.run(Server.java:2668)&#10;&quot;pool-66-thread-14&quot;  prio=5 tid=575 in Object.wait()&#10;java.lang.Thread.State: WAITING (on object monitor)&#10;        at sun.misc.Unsafe.park(Native Method)&#10;        at java.util.concurrent.locks.LockSupport.park(LockSupport.java:175)&#10;        at java.util.concurrent.locks.AbstractQueuedSynchronizer$ConditionObject.await(AbstractQueuedSynchronizer.java:2039)&#10;        at java.util.concurrent.ArrayBlockingQueue.take(ArrayBlockingQueue.java:403)&#10;        at java.util.concurrent.ThreadPoolExecutor.getTask(ThreadPoolExecutor.java:1074)&#10;        at java.util.concurrent.ThreadPoolExecutor.runWorker(ThreadPoolExecutor.java:1134)&#10;        at java.util.concurrent.ThreadPoolExecutor$Worker.run(ThreadPoolExecutor.java:624)&#10;        at java.lang.Thread.run(Thread.java:748)&#10;&quot;pool-37-thread-1&quot;  prio=5 tid=734 in Object.wait()&#10;java.lang.Thread.State: WAITING (on object monitor)&#10;        at sun.misc.Unsafe.park(Native Method)&#10;        at java.util.concurrent.locks.LockSupport.park(LockSupport.java:175)&#10;        at java.util.concurrent.locks.AbstractQueuedSynchronizer$ConditionObject.await(AbstractQueuedSynchronizer.java:2039)&#10;        at java.util.concurrent.LinkedBlockingQueue.take(LinkedBlockingQueue.java:442)&#10;        at java.util.concurrent.ThreadPoolExecutor.getTask(ThreadPoolExecutor.java:1074)&#10;        at java.util.concurrent.ThreadPoolExecutor.runWorker(ThreadPoolExecutor.java:1134)&#10;        at java.util.concurrent.ThreadPoolExecutor$Worker.run(ThreadPoolExecutor.java:624)&#10;        at java.lang.Thread.run(Thread.java:748)&#10;&quot;pool-26-thread-54&quot;  prio=5 tid=502 in Object.wait()&#10;java.lang.Thread.State: WAITING (on object monitor)&#10;        at sun.misc.Unsafe.park(Native Method)&#10;        at java.util.concurrent.locks.LockSupport.park(LockSupport.java:175)&#10;        at java.util.concurrent.locks.AbstractQueuedSynchronizer$ConditionObject.await(AbstractQueuedSynchronizer.java:2039)&#10;        at java.util.concurrent.ArrayBlockingQueue.take(ArrayBlockingQueue.java:403)&#10;        at java.util.concurrent.ThreadPoolExecutor.getTask(ThreadPoolExecutor.java:1074)&#10;        at java.util.concurrent.ThreadPoolExecutor.runWorker(ThreadPoolExecutor.java:1134)&#10;        at java.util.concurrent.ThreadPoolExecutor$Worker.run(ThreadPoolExecutor.java:624)&#10;        at java.lang.Thread.run(Thread.java:748)&#10;&quot;qtp2139397088-219&quot; daemon prio=5 tid=219 timed_waiting&#10;java.lang.Thread.State: TIMED_WAITING&#10;        at sun.misc.Unsafe.park(Native Method)&#10;        at java.util.concurrent.locks.LockSupport.parkNanos(LockSupport.java:215)&#10;        at java.util.concurrent.locks.AbstractQueuedSynchronizer$ConditionObject.awaitNanos(AbstractQueuedSynchronizer.java:2078)&#10;        at org.eclipse.jetty.util.BlockingArrayQueue.poll(BlockingArrayQueue.java:392)&#10;        at org.eclipse.jetty.util.thread.QueuedThreadPool.idleJobPoll(QueuedThreadPool.java:563)&#10;        at org.eclipse.jetty.util.thread.QueuedThreadPool.access$800(QueuedThreadPool.java:48)&#10;        at org.eclipse.jetty.util.thread.QueuedThreadPool$2.run(QueuedThreadPool.java:626)&#10;        at java.lang.Thread.run(Thread.java:748)&#10;&quot;KeyDeletingService#0&quot; daemon prio=5 tid=114 timed_waiting&#10;java.lang.Thread.State: TIMED_WAITING&#10;        at sun.misc.Unsafe.park(Native Method)&#10;        at java.util.concurrent.locks.LockSupport.parkNanos(LockSupport.java:215)&#10;        at java.util.concurrent.locks.AbstractQueuedSynchronizer$ConditionObject.awaitNanos(AbstractQueuedSynchronizer.java:2078)&#10;        at java.util.concurrent.ScheduledThreadPoolExecutor$DelayedWorkQueue.take(ScheduledThreadPoolExecutor.java:1093)&#10;        at java.util.concurrent.ScheduledThreadPoolExecutor$DelayedWorkQueue.take(ScheduledThreadPoolExecutor.java:809)&#10;        at java.util.concurrent.ThreadPoolExecutor.getTask(ThreadPoolExecutor.java:1074)&#10;        at java.util.concurrent.ThreadPoolExecutor.runWorker(ThreadPoolExecutor.java:1134)&#10;        at java.util.concurrent.ThreadPoolExecutor$Worker.run(ThreadPoolExecutor.java:624)&#10;        at java.lang.Thread.run(Thread.java:748)&#10;&quot;pool-26-thread-3&quot;  prio=5 tid=329 in Object.wait()&#10;java.lang.Thread.State: WAITING (on object monitor)&#10;        at sun.misc.Unsafe.park(Native Method)&#10;        at java.util.concurrent.locks.LockSupport.park(LockSupport.java:175)&#10;        at java.util.concurrent.locks.AbstractQueuedSynchronizer$ConditionObject.await(AbstractQueuedSynchronizer.java:2039)&#10;        at java.util.concurrent.ArrayBlockingQueue.take(ArrayBlockingQueue.java:403)&#10;        at java.util.concurrent.ThreadPoolExecutor.getTask(ThreadPoolExecutor.java:1074)&#10;        at java.util.concurrent.ThreadPoolExecutor.runWorker(ThreadPoolExecutor.java:1134)&#10;        at java.util.concurrent.ThreadPoolExecutor$Worker.run(ThreadPoolExecutor.java:624)&#10;        at java.lang.Thread.run(Thread.java:748)&#10;&quot;pool-36-thread-28&quot;  prio=5 tid=400 in Object.wait()&#10;java.lang.Thread.State: WAITING (on object monitor)&#10;        at sun.misc.Unsafe.park(Native Method)&#10;        at java.util.concurrent.locks.LockSupport.park(LockSupport.java:175)&#10;        at java.util.concurrent.locks.AbstractQueuedSynchronizer$ConditionObject.await(AbstractQueuedSynchronizer.java:2039)&#10;        at java.util.concurrent.ArrayBlockingQueue.take(ArrayBlockingQueue.java:403)&#10;        at java.util.concurrent.ThreadPoolExecutor.getTask(ThreadPoolExecutor.java:1074)&#10;        at java.util.concurrent.ThreadPoolExecutor.runWorker(ThreadPoolExecutor.java:1134)&#10;        at java.util.concurrent.ThreadPoolExecutor$Worker.run(ThreadPoolExecutor.java:624)&#10;        at java.lang.Thread.run(Thread.java:748)&#10;&quot;qtp1732973321-94&quot; daemon prio=5 tid=94 timed_waiting&#10;java.lang.Thread.State: TIMED_WAITING&#10;        at sun.misc.Unsafe.park(Native Method)&#10;        at java.util.concurrent.locks.LockSupport.parkNanos(LockSupport.java:215)&#10;        at java.util.concurrent.locks.AbstractQueuedSynchronizer$ConditionObject.awaitNanos(AbstractQueuedSynchronizer.java:2078)&#10;        at org.eclipse.jetty.util.BlockingArrayQueue.poll(BlockingArrayQueue.java:392)&#10;        at org.eclipse.jetty.util.thread.QueuedThreadPool.idleJobPoll(QueuedThreadPool.java:563)&#10;        at org.eclipse.jetty.util.thread.QueuedThreadPool.access$800(QueuedThreadPool.java:48)&#10;        at org.eclipse.jetty.util.thread.QueuedThreadPool$2.run(QueuedThreadPool.java:626)&#10;        at java.lang.Thread.run(Thread.java:748)&#10;&quot;pool-76-thread-11&quot;  prio=5 tid=582 in Object.wait()&#10;java.lang.Thread.State: WAITING (on object monitor)&#10;        at sun.misc.Unsafe.park(Native Method)&#10;        at java.util.concurrent.locks.LockSupport.park(LockSupport.java:175)&#10;        at java.util.concurrent.locks.AbstractQueuedSynchronizer$ConditionObject.await(AbstractQueuedSynchronizer.java:2039)&#10;        at java.util.concurrent.ArrayBlockingQueue.take(ArrayBlockingQueue.java:403)&#10;        at java.util.concurrent.ThreadPoolExecutor.getTask(ThreadPoolExecutor.java:1074)&#10;        at java.util.concurrent.ThreadPoolExecutor.runWorker(ThreadPoolExecutor.java:1134)&#10;        at java.util.concurrent.ThreadPoolExecutor$Worker.run(ThreadPoolExecutor.java:624)&#10;        at java.lang.Thread.run(Thread.java:748)&#10;&quot;metrics-hadoop-metrics2-reporter-50-thread-1&quot; daemon prio=5 tid=884 timed_waiting&#10;java.lang.Thread.State: TIMED_WAITING&#10;        at sun.misc.Unsafe.park(Native Method)&#10;        at java.util.concurrent.locks.LockSupport.parkNanos(LockSupport.java:215)&#10;        at java.util.concurrent.locks.AbstractQueuedSynchronizer$ConditionObject.awaitNanos(AbstractQueuedSynchronizer.java:2078)&#10;        at java.util.concurrent.ScheduledThreadPoolExecutor$DelayedWorkQueue.take(ScheduledThreadPoolExecutor.java:1093)&#10;        at java.util.concurrent.ScheduledThreadPoolExecutor$DelayedWorkQueue.take(ScheduledThreadPoolExecutor.java:809)&#10;        at java.util.concurrent.ThreadPoolExecutor.getTask(ThreadPoolExecutor.java:1074)&#10;        at java.util.concurrent.ThreadPoolExecutor.runWorker(ThreadPoolExecutor.java:1134)&#10;        at java.util.concurrent.ThreadPoolExecutor$Worker.run(ThreadPoolExecutor.java:624)&#10;        at java.lang.Thread.run(Thread.java:748)&#10;&quot;IPC Server handler 9 on 42810&quot; daemon prio=5 tid=124 timed_waiting&#10;java.lang.Thread.State: TIMED_WAITING&#10;        at sun.misc.Unsafe.park(Native Method)&#10;        at java.util.concurrent.locks.LockSupport.parkNanos(LockSupport.java:215)&#10;        at java.util.concurrent.locks.AbstractQueuedSynchronizer$ConditionObject.awaitNanos(AbstractQueuedSynchronizer.java:2078)&#10;        at java.util.concurrent.LinkedBlockingQueue.poll(LinkedBlockingQueue.java:467)&#10;        at org.apache.hadoop.ipc.CallQueueManager.take(CallQueueManager.java:288)&#10;        at org.apache.hadoop.ipc.Server$Handler.run(Server.java:2668)&#10;&quot;metrics-hadoop-metrics2-reporter-47-thread-1&quot; daemon prio=5 tid=855 timed_waiting&#10;java.lang.Thread.State: TIMED_WAITING&#10;        at sun.misc.Unsafe.park(Native Method)&#10;        at java.util.concurrent.locks.LockSupport.parkNanos(LockSupport.java:215)&#10;        at java.util.concurrent.locks.AbstractQueuedSynchronizer$ConditionObject.awaitNanos(AbstractQueuedSynchronizer.java:2078)&#10;        at java.util.concurrent.ScheduledThreadPoolExecutor$DelayedWorkQueue.take(ScheduledThreadPoolExecutor.java:1093)&#10;        at java.util.concurrent.ScheduledThreadPoolExecutor$DelayedWorkQueue.take(ScheduledThreadPoolExecutor.java:809)&#10;        at java.util.concurrent.ThreadPoolExecutor.getTask(ThreadPoolExecutor.java:1074)&#10;        at java.util.concurrent.ThreadPoolExecutor.runWorker(ThreadPoolExecutor.java:1134)&#10;        at java.util.concurrent.ThreadPoolExecutor$Worker.run(ThreadPoolExecutor.java:624)&#10;        at java.lang.Thread.run(Thread.java:748)&#10;&quot;IPC Server handler 11 on 42810&quot; daemon prio=5 tid=126 timed_waiting&#10;java.lang.Thread.State: TIMED_WAITING&#10;        at sun.misc.Unsafe.park(Native Method)&#10;        at java.util.concurrent.locks.LockSupport.parkNanos(LockSupport.java:215)&#10;        at java.util.concurrent.locks.AbstractQueuedSynchronizer$ConditionObject.awaitNanos(AbstractQueuedSynchronizer.java:2078)&#10;        at java.util.concurrent.LinkedBlockingQueue.poll(LinkedBlockingQueue.java:467)&#10;        at org.apache.hadoop.ipc.CallQueueManager.take(CallQueueManager.java:288)&#10;        at org.apache.hadoop.ipc.Server$Handler.run(Server.java:2668)&#10;&quot;pool-36-thread-12&quot;  prio=5 tid=346 in Object.wait()&#10;java.lang.Thread.State: WAITING (on object monitor)&#10;        at sun.misc.Unsafe.park(Native Method)&#10;        at java.util.concurrent.locks.LockSupport.park(LockSupport.java:175)&#10;        at java.util.concurrent.locks.AbstractQueuedSynchronizer$ConditionObject.await(AbstractQueuedSynchronizer.java:2039)&#10;        at java.util.concurrent.ArrayBlockingQueue.take(ArrayBlockingQueue.java:403)&#10;        at java.util.concurrent.ThreadPoolExecutor.getTask(ThreadPoolExecutor.java:1074)&#10;        at java.util.concurrent.ThreadPoolExecutor.runWorker(ThreadPoolExecutor.java:1134)&#10;        at java.util.concurrent.ThreadPoolExecutor$Worker.run(ThreadPoolExecutor.java:624)&#10;        at java.lang.Thread.run(Thread.java:748)&#10;&quot;Datanode ReportManager Thread - 1&quot; daemon prio=5 tid=175 in Object.wait()&#10;java.lang.Thread.State: WAITING (on object monitor)&#10;        at sun.misc.Unsafe.park(Native Method)&#10;        at java.util.concurrent.locks.LockSupport.park(LockSupport.java:175)&#10;        at java.util.concurrent.locks.AbstractQueuedSynchronizer$ConditionObject.await(AbstractQueuedSynchronizer.java:2039)&#10;        at java.util.concurrent.ScheduledThreadPoolExecutor$DelayedWorkQueue.take(ScheduledThreadPoolExecutor.java:1088)&#10;        at java.util.concurrent.ScheduledThreadPoolExecutor$DelayedWorkQueue.take(ScheduledThreadPoolExecutor.java:809)&#10;        at java.util.concurrent.ThreadPoolExecutor.getTask(ThreadPoolExecutor.java:1074)&#10;        at java.util.concurrent.ThreadPoolExecutor.runWorker(ThreadPoolExecutor.java:1134)&#10;        at java.util.concurrent.ThreadPoolExecutor$Worker.run(ThreadPoolExecutor.java:624)&#10;        at java.lang.Thread.run(Thread.java:748)&#10;&quot;metrics-hadoop-metrics2-reporter-26-thread-1&quot; daemon prio=5 tid=764 timed_waiting&#10;java.lang.Thread.State: TIMED_WAITING&#10;        at sun.misc.Unsafe.park(Native Method)&#10;        at java.util.concurrent.locks.LockSupport.parkNanos(LockSupport.java:215)&#10;        at java.util.concurrent.locks.AbstractQueuedSynchronizer$ConditionObject.awaitNanos(AbstractQueuedSynchronizer.java:2078)&#10;        at java.util.concurrent.ScheduledThreadPoolExecutor$DelayedWorkQueue.take(ScheduledThreadPoolExecutor.java:1093)&#10;        at java.util.concurrent.ScheduledThreadPoolExecutor$DelayedWorkQueue.take(ScheduledThreadPoolExecutor.java:809)&#10;        at java.util.concurrent.ThreadPoolExecutor.getTask(ThreadPoolExecutor.java:1074)&#10;        at java.util.concurrent.ThreadPoolExecutor.runWorker(ThreadPoolExecutor.java:1134)&#10;        at java.util.concurrent.ThreadPoolExecutor$Worker.run(ThreadPoolExecutor.java:624)&#10;        at java.lang.Thread.run(Thread.java:748)&#10;&quot;pool-26-thread-19&quot;  prio=5 tid=378 in Object.wait()&#10;java.lang.Thread.State: WAITING (on object monitor)&#10;        at sun.misc.Unsafe.park(Native Method)&#10;        at java.util.concurrent.locks.LockSupport.park(LockSupport.java:175)&#10;        at java.util.concurrent.locks.AbstractQueuedSynchronizer$ConditionObject.await(AbstractQueuedSynchronizer.java:2039)&#10;        at java.util.concurrent.ArrayBlockingQueue.take(ArrayBlockingQueue.java:403)&#10;        at java.util.concurrent.ThreadPoolExecutor.getTask(ThreadPoolExecutor.java:1074)&#10;        at java.util.concurrent.ThreadPoolExecutor.runWorker(ThreadPoolExecutor.java:1134)&#10;        at java.util.concurrent.ThreadPoolExecutor$Worker.run(ThreadPoolExecutor.java:624)&#10;        at java.lang.Thread.run(Thread.java:748)&#10;&quot;pool-46-thread-59&quot;  prio=5 tid=472 in Object.wait()&#10;java.lang.Thread.State: WAITING (on object monitor)&#10;        at sun.misc.Unsafe.park(Native Method)&#10;        at java.util.concurrent.locks.LockSupport.park(LockSupport.java:175)&#10;        at java.util.concurrent.locks.AbstractQueuedSynchronizer$ConditionObject.await(AbstractQueuedSynchronizer.java:2039)&#10;        at java.util.concurrent.ArrayBlockingQueue.take(ArrayBlockingQueue.java:403)&#10;        at java.util.concurrent.ThreadPoolExecutor.getTask(ThreadPoolExecutor.java:1074)&#10;        at java.util.concurrent.ThreadPoolExecutor.runWorker(ThreadPoolExecutor.java:1134)&#10;        at java.util.concurrent.ThreadPoolExecutor$Worker.run(ThreadPoolExecutor.java:624)&#10;        at java.lang.Thread.run(Thread.java:748)&#10;&quot;pool-30-thread-1&quot;  prio=5 tid=159 timed_waiting&#10;java.lang.Thread.State: TIMED_WAITING&#10;        at sun.misc.Unsafe.park(Native Method)&#10;        at java.util.concurrent.locks.LockSupport.parkNanos(LockSupport.java:215)&#10;        at java.util.concurrent.locks.AbstractQueuedSynchronizer$ConditionObject.awaitNanos(AbstractQueuedSynchronizer.java:2078)&#10;        at java.util.concurrent.ScheduledThreadPoolExecutor$DelayedWorkQueue.take(ScheduledThreadPoolExecutor.java:1093)&#10;        at java.util.concurrent.ScheduledThreadPoolExecutor$DelayedWorkQueue.take(ScheduledThreadPoolExecutor.java:809)&#10;        at java.util.concurrent.ThreadPoolExecutor.getTask(ThreadPoolExecutor.java:1074)&#10;        at java.util.concurrent.ThreadPoolExecutor.runWorker(ThreadPoolExecutor.java:1134)&#10;        at java.util.concurrent.ThreadPoolExecutor$Worker.run(ThreadPoolExecutor.java:624)&#10;        at java.lang.Thread.run(Thread.java:748)&#10;&quot;pool-46-thread-55&quot;  prio=5 tid=462 in Object.wait()&#10;java.lang.Thread.State: WAITING (on object monitor)&#10;        at sun.misc.Unsafe.park(Native Method)&#10;        at java.util.concurrent.locks.LockSupport.park(LockSupport.java:175)&#10;        at java.util.concurrent.locks.AbstractQueuedSynchronizer$ConditionObject.await(AbstractQueuedSynchronizer.java:2039)&#10;        at java.util.concurrent.ArrayBlockingQueue.take(ArrayBlockingQueue.java:403)&#10;        at java.util.concurrent.ThreadPoolExecutor.getTask(ThreadPoolExecutor.java:1074)&#10;        at java.util.concurrent.ThreadPoolExecutor.runWorker(ThreadPoolExecutor.java:1134)&#10;        at java.util.concurrent.ThreadPoolExecutor$Worker.run(ThreadPoolExecutor.java:624)&#10;        at java.lang.Thread.run(Thread.java:748)&#10;&quot;IPC Server handler 5 on 42810&quot; daemon prio=5 tid=120 timed_waiting&#10;java.lang.Thread.State: TIMED_WAITING&#10;        at sun.misc.Unsafe.park(Native Method)&#10;        at java.util.concurrent.locks.LockSupport.parkNanos(LockSupport.java:215)&#10;        at java.util.concurrent.locks.AbstractQueuedSynchronizer$ConditionObject.awaitNanos(AbstractQueuedSynchronizer.java:2078)&#10;        at java.util.concurrent.LinkedBlockingQueue.poll(LinkedBlockingQueue.java:467)&#10;        at org.apache.hadoop.ipc.CallQueueManager.take(CallQueueManager.java:288)&#10;        at org.apache.hadoop.ipc.Server$Handler.run(Server.java:2668)&#10;&quot;pool-26-thread-41&quot;  prio=5 tid=475 in Object.wait()&#10;java.lang.Thread.State: WAITING (on object monitor)&#10;        at sun.misc.Unsafe.park(Native Method)&#10;        at java.util.concurrent.locks.LockSupport.park(LockSupport.java:175)&#10;        at java.util.concurrent.locks.AbstractQueuedSynchronizer$ConditionObject.await(AbstractQueuedSynchronizer.java:2039)&#10;        at java.util.concurrent.ArrayBlockingQueue.take(ArrayBlockingQueue.java:403)&#10;        at java.util.concurrent.ThreadPoolExecutor.getTask(ThreadPoolExecutor.java:1074)&#10;        at java.util.concurrent.ThreadPoolExecutor.runWorker(ThreadPoolExecutor.java:1134)&#10;        at java.util.concurrent.ThreadPoolExecutor$Worker.run(ThreadPoolExecutor.java:624)&#10;        at java.lang.Thread.run(Thread.java:748)&#10;&quot;Thread-1788&quot; daemon prio=5 tid=2383 terminated&#10;java.lang.Thread.State: TERMINATED&#10;        at java.lang.Thread.sleep(Native Method)&#10;        at org.apache.ratis.util.JavaUtils.sleep(JavaUtils.java:247)&#10;        at org.apache.ratis.server.impl.FollowerState.run(FollowerState.java:97)&#10;&quot;pool-66-thread-30&quot;  prio=5 tid=613 in Object.wait()&#10;java.lang.Thread.State: WAITING (on object monitor)&#10;        at sun.misc.Unsafe.park(Native Method)&#10;        at java.util.concurrent.locks.LockSupport.park(LockSupport.java:175)&#10;        at java.util.concurrent.locks.AbstractQueuedSynchronizer$ConditionObject.await(AbstractQueuedSynchronizer.java:2039)&#10;        at java.util.concurrent.ArrayBlockingQueue.take(ArrayBlockingQueue.java:403)&#10;        at java.util.concurrent.ThreadPoolExecutor.getTask(ThreadPoolExecutor.java:1074)&#10;        at java.util.concurrent.ThreadPoolExecutor.runWorker(ThreadPoolExecutor.java:1134)&#10;        at java.util.concurrent.ThreadPoolExecutor$Worker.run(ThreadPoolExecutor.java:624)&#10;        at java.lang.Thread.run(Thread.java:748)&#10;&quot;Datanode ReportManager Thread - 2&quot; daemon prio=5 tid=201 in Object.wait()&#10;java.lang.Thread.State: WAITING (on object monitor)&#10;        at sun.misc.Unsafe.park(Native Method)&#10;        at java.util.concurrent.locks.LockSupport.park(LockSupport.java:175)&#10;        at java.util.concurrent.locks.AbstractQueuedSynchronizer$ConditionObject.await(AbstractQueuedSynchronizer.java:2039)&#10;        at java.util.concurrent.ScheduledThreadPoolExecutor$DelayedWorkQueue.take(ScheduledThreadPoolExecutor.java:1088)&#10;        at java.util.concurrent.ScheduledThreadPoolExecutor$DelayedWorkQueue.take(ScheduledThreadPoolExecutor.java:809)&#10;        at java.util.concurrent.ThreadPoolExecutor.getTask(ThreadPoolExecutor.java:1074)&#10;        at java.util.concurrent.ThreadPoolExecutor.runWorker(ThreadPoolExecutor.java:1134)&#10;        at java.util.concurrent.ThreadPoolExecutor$Worker.run(ThreadPoolExecutor.java:624)&#10;        at java.lang.Thread.run(Thread.java:748)&#10;&quot;pool-56-thread-45&quot;  prio=5 tid=539 in Object.wait()&#10;java.lang.Thread.State: WAITING (on object monitor)&#10;        at sun.misc.Unsafe.park(Native Method)&#10;        at java.util.concurrent.locks.LockSupport.park(LockSupport.java:175)&#10;        at java.util.concurrent.locks.AbstractQueuedSynchronizer$ConditionObject.await(AbstractQueuedSynchronizer.java:2039)&#10;        at java.util.concurrent.ArrayBlockingQueue.take(ArrayBlockingQueue.java:403)&#10;        at java.util.concurrent.ThreadPoolExecutor.getTask(ThreadPoolExecutor.java:1074)&#10;        at java.util.concurrent.ThreadPoolExecutor.runWorker(ThreadPoolExecutor.java:1134)&#10;        at java.util.concurrent.ThreadPoolExecutor$Worker.run(ThreadPoolExecutor.java:624)&#10;        at java.lang.Thread.run(Thread.java:748)&#10;&quot;qtp1174596735-139&quot; daemon prio=5 tid=139 timed_waiting&#10;java.lang.Thread.State: TIMED_WAITING&#10;        at sun.misc.Unsafe.park(Native Method)&#10;        at java.util.concurrent.locks.LockSupport.parkNanos(LockSupport.java:215)&#10;        at java.util.concurrent.locks.AbstractQueuedSynchronizer$ConditionObject.awaitNanos(AbstractQueuedSynchronizer.java:2078)&#10;        at org.eclipse.jetty.util.BlockingArrayQueue.poll(BlockingArrayQueue.java:392)&#10;        at org.eclipse.jetty.util.thread.QueuedThreadPool.idleJobPoll(QueuedThreadPool.java:563)&#10;        at org.eclipse.jetty.util.thread.QueuedThreadPool.access$800(QueuedThreadPool.java:48)&#10;        at org.eclipse.jetty.util.thread.QueuedThreadPool$2.run(QueuedThreadPool.java:626)&#10;        at java.lang.Thread.run(Thread.java:748)&#10;&quot;metrics-hadoop-metrics2-reporter-21-thread-1&quot; daemon prio=5 tid=752 timed_waiting&#10;java.lang.Thread.State: TIMED_WAITING&#10;        at sun.misc.Unsafe.park(Native Method)&#10;        at java.util.concurrent.locks.LockSupport.parkNanos(LockSupport.java:215)&#10;        at java.util.concurrent.locks.AbstractQueuedSynchronizer$ConditionObject.awaitNanos(AbstractQueuedSynchronizer.java:2078)&#10;        at java.util.concurrent.ScheduledThreadPoolExecutor$DelayedWorkQueue.take(ScheduledThreadPoolExecutor.java:1093)&#10;        at java.util.concurrent.ScheduledThreadPoolExecutor$DelayedWorkQueue.take(ScheduledThreadPoolExecutor.java:809)&#10;        at java.util.concurrent.ThreadPoolExecutor.getTask(ThreadPoolExecutor.java:1074)&#10;        at java.util.concurrent.ThreadPoolExecutor.runWorker(ThreadPoolExecutor.java:1134)&#10;        at java.util.concurrent.ThreadPoolExecutor$Worker.run(ThreadPoolExecutor.java:624)&#10;        at java.lang.Thread.run(Thread.java:748)&#10;&quot;Socket Reader #1 for port 45420&quot;  prio=5 tid=24 runnable&#10;java.lang.Thread.State: RUNNABLE&#10;        at sun.nio.ch.EPollArrayWrapper.epollWait(Native Method)&#10;        at sun.nio.ch.EPollArrayWrapper.poll(EPollArrayWrapper.java:269)&#10;        at sun.nio.ch.EPollSelectorImpl.doSelect(EPollSelectorImpl.java:93)&#10;        at sun.nio.ch.SelectorImpl.lockAndDoSelect(SelectorImpl.java:86)&#10;        at sun.nio.ch.SelectorImpl.select(SelectorImpl.java:97)&#10;        at sun.nio.ch.SelectorImpl.select(SelectorImpl.java:101)&#10;        at org.apache.hadoop.ipc.Server$Listener$Reader.doRunLoop(Server.java:1097)&#10;        at org.apache.hadoop.ipc.Server$Listener$Reader.run(Server.java:1076)&#10;&quot;metrics-hadoop-metrics2-reporter-81-thread-1&quot; daemon prio=5 tid=1054 timed_waiting&#10;java.lang.Thread.State: TIMED_WAITING&#10;        at sun.misc.Unsafe.park(Native Method)&#10;        at java.util.concurrent.locks.LockSupport.parkNanos(LockSupport.java:215)&#10;        at java.util.concurrent.locks.AbstractQueuedSynchronizer$ConditionObject.awaitNanos(AbstractQueuedSynchronizer.java:2078)&#10;        at java.util.concurrent.ScheduledThreadPoolExecutor$DelayedWorkQueue.take(ScheduledThreadPoolExecutor.java:1093)&#10;        at java.util.concurrent.ScheduledThreadPoolExecutor$DelayedWorkQueue.take(ScheduledThreadPoolExecutor.java:809)&#10;        at java.util.concurrent.ThreadPoolExecutor.getTask(ThreadPoolExecutor.java:1074)&#10;        at java.util.concurrent.ThreadPoolExecutor.runWorker(ThreadPoolExecutor.java:1134)&#10;        at java.util.concurrent.ThreadPoolExecutor$Worker.run(ThreadPoolExecutor.java:624)&#10;        at java.lang.Thread.run(Thread.java:748)&#10;&quot;pool-76-thread-20&quot;  prio=5 tid=600 in Object.wait()&#10;java.lang.Thread.State: WAITING (on object monitor)&#10;        at sun.misc.Unsafe.park(Native Method)&#10;        at java.util.concurrent.locks.LockSupport.park(LockSupport.java:175)&#10;        at java.util.concurrent.locks.AbstractQueuedSynchronizer$ConditionObject.await(AbstractQueuedSynchronizer.java:2039)&#10;        at java.util.concurrent.ArrayBlockingQueue.take(ArrayBlockingQueue.java:403)&#10;        at java.util.concurrent.ThreadPoolExecutor.getTask(ThreadPoolExecutor.java:1074)&#10;        at java.util.concurrent.ThreadPoolExecutor.runWorker(ThreadPoolExecutor.java:1134)&#10;        at java.util.concurrent.ThreadPoolExecutor$Worker.run(ThreadPoolExecutor.java:624)&#10;        at java.lang.Thread.run(Thread.java:748)&#10;&quot;pool-66-thread-29&quot;  prio=5 tid=608 in Object.wait()&#10;java.lang.Thread.State: WAITING (on object monitor)&#10;        at sun.misc.Unsafe.park(Native Method)&#10;        at java.util.concurrent.locks.LockSupport.park(LockSupport.java:175)&#10;        at java.util.concurrent.locks.AbstractQueuedSynchronizer$ConditionObject.await(AbstractQueuedSynchronizer.java:2039)&#10;        at java.util.concurrent.ArrayBlockingQueue.take(ArrayBlockingQueue.java:403)&#10;        at java.util.concurrent.ThreadPoolExecutor.getTask(ThreadPoolExecutor.java:1074)&#10;        at java.util.concurrent.ThreadPoolExecutor.runWorker(ThreadPoolExecutor.java:1134)&#10;        at java.util.concurrent.ThreadPoolExecutor$Worker.run(ThreadPoolExecutor.java:624)&#10;        at java.lang.Thread.run(Thread.java:748)&#10;&quot;pool-26-thread-13&quot;  prio=5 tid=362 in Object.wait()&#10;java.lang.Thread.State: WAITING (on object monitor)&#10;        at sun.misc.Unsafe.park(Native Method)&#10;        at java.util.concurrent.locks.LockSupport.park(LockSupport.java:175)&#10;        at java.util.concurrent.locks.AbstractQueuedSynchronizer$ConditionObject.await(AbstractQueuedSynchronizer.java:2039)&#10;        at java.util.concurrent.ArrayBlockingQueue.take(ArrayBlockingQueue.java:403)&#10;        at java.util.concurrent.ThreadPoolExecutor.getTask(ThreadPoolExecutor.java:1074)&#10;        at java.util.concurrent.ThreadPoolExecutor.runWorker(ThreadPoolExecutor.java:1134)&#10;        at java.util.concurrent.ThreadPoolExecutor$Worker.run(ThreadPoolExecutor.java:624)&#10;        at java.lang.Thread.run(Thread.java:748)&#10;&quot;05f59524-a4ea-4be4-b99d-fb9eed47142d@group-40B9D2E3090B-StateMachineUpdater&quot; daemon prio=5 tid=740 in Object.wait()&#10;java.lang.Thread.State: WAITING (on object monitor)&#10;        at java.lang.Object.wait(Native Method)&#10;        at java.lang.Object.wait(Object.java:502)&#10;        at org.apache.ratis.server.impl.StateMachineUpdater.waitForCommit(StateMachineUpdater.java:194)&#10;        at org.apache.ratis.server.impl.StateMachineUpdater.run(StateMachineUpdater.java:159)&#10;        at java.lang.Thread.run(Thread.java:748)&#10;&quot;IPC Server handler 8 on 33223&quot; daemon prio=5 tid=58 timed_waiting&#10;java.lang.Thread.State: TIMED_WAITING&#10;        at sun.misc.Unsafe.park(Native Method)&#10;        at java.util.concurrent.locks.LockSupport.parkNanos(LockSupport.java:215)&#10;        at java.util.concurrent.locks.AbstractQueuedSynchronizer$ConditionObject.awaitNanos(AbstractQueuedSynchronizer.java:2078)&#10;        at java.util.concurrent.LinkedBlockingQueue.poll(LinkedBlockingQueue.java:467)&#10;        at org.apache.hadoop.ipc.CallQueueManager.take(CallQueueManager.java:288)&#10;        at org.apache.hadoop.ipc.Server$Handler.run(Server.java:2668)&#10;&quot;pool-76-thread-46&quot;  prio=5 tid=634 in Object.wait()&#10;java.lang.Thread.State: WAITING (on object monitor)&#10;        at sun.misc.Unsafe.park(Native Method)&#10;        at java.util.concurrent.locks.LockSupport.park(LockSupport.java:175)&#10;        at java.util.concurrent.locks.AbstractQueuedSynchronizer$ConditionObject.await(AbstractQueuedSynchronizer.java:2039)&#10;        at java.util.concurrent.ArrayBlockingQueue.take(ArrayBlockingQueue.java:403)&#10;        at java.util.concurrent.ThreadPoolExecutor.getTask(ThreadPoolExecutor.java:1074)&#10;        at java.util.concurrent.ThreadPoolExecutor.runWorker(ThreadPoolExecutor.java:1134)&#10;        at java.util.concurrent.ThreadPoolExecutor$Worker.run(ThreadPoolExecutor.java:624)&#10;        at java.lang.Thread.run(Thread.java:748)&#10;&quot;pool-36-thread-23&quot;  prio=5 tid=384 in Object.wait()&#10;java.lang.Thread.State: WAITING (on object monitor)&#10;        at sun.misc.Unsafe.park(Native Method)&#10;        at java.util.concurrent.locks.LockSupport.park(LockSupport.java:175)&#10;        at java.util.concurrent.locks.AbstractQueuedSynchronizer$ConditionObject.await(AbstractQueuedSynchronizer.java:2039)&#10;        at java.util.concurrent.ArrayBlockingQueue.take(ArrayBlockingQueue.java:403)&#10;        at java.util.concurrent.ThreadPoolExecutor.getTask(ThreadPoolExecutor.java:1074)&#10;        at java.util.concurrent.ThreadPoolExecutor.runWorker(ThreadPoolExecutor.java:1134)&#10;        at java.util.concurrent.ThreadPoolExecutor$Worker.run(ThreadPoolExecutor.java:624)&#10;        at java.lang.Thread.run(Thread.java:748)&#10;&quot;pool-36-thread-55&quot;  prio=5 tid=461 in Object.wait()&#10;java.lang.Thread.State: WAITING (on object monitor)&#10;        at sun.misc.Unsafe.park(Native Method)&#10;        at java.util.concurrent.locks.LockSupport.park(LockSupport.java:175)&#10;        at java.util.concurrent.locks.AbstractQueuedSynchronizer$ConditionObject.await(AbstractQueuedSynchronizer.java:2039)&#10;        at java.util.concurrent.ArrayBlockingQueue.take(ArrayBlockingQueue.java:403)&#10;        at java.util.concurrent.ThreadPoolExecutor.getTask(ThreadPoolExecutor.java:1074)&#10;        at java.util.concurrent.ThreadPoolExecutor.runWorker(ThreadPoolExecutor.java:1134)&#10;        at java.util.concurrent.ThreadPoolExecutor$Worker.run(ThreadPoolExecutor.java:624)&#10;        at java.lang.Thread.run(Thread.java:748)&#10;&quot;refreshUsed-/workdir/hadoop-ozone/integration-test/target/test-dir/MiniOzoneClusterImpl-eeadbacc-06c2-472c-a3f4-8a25f61a295a/datanode-1/data/containers&quot; daemon prio=5 tid=182 timed_waiting&#10;java.lang.Thread.State: TIMED_WAITING&#10;        at java.lang.Thread.sleep(Native Method)&#10;        at org.apache.hadoop.fs.CachingGetSpaceUsed$RefreshThread.run(CachingGetSpaceUsed.java:179)&#10;        at java.lang.Thread.run(Thread.java:748)&#10;&quot;qtp1770687691-163&quot; daemon prio=5 tid=163 timed_waiting&#10;java.lang.Thread.State: TIMED_WAITING&#10;        at sun.misc.Unsafe.park(Native Method)&#10;        at java.util.concurrent.locks.LockSupport.parkNanos(LockSupport.java:215)&#10;        at java.util.concurrent.locks.AbstractQueuedSynchronizer$ConditionObject.awaitNanos(AbstractQueuedSynchronizer.java:2078)&#10;        at org.eclipse.jetty.util.BlockingArrayQueue.poll(BlockingArrayQueue.java:392)&#10;        at org.eclipse.jetty.util.thread.QueuedThreadPool.idleJobPoll(QueuedThreadPool.java:563)&#10;        at org.eclipse.jetty.util.thread.QueuedThreadPool.access$800(QueuedThreadPool.java:48)&#10;        at org.eclipse.jetty.util.thread.QueuedThreadPool$2.run(QueuedThreadPool.java:626)&#10;        at java.lang.Thread.run(Thread.java:748)&#10;&quot;pool-36-thread-9&quot;  prio=5 tid=339 in Object.wait()&#10;java.lang.Thread.State: WAITING (on object monitor)&#10;        at sun.misc.Unsafe.park(Native Method)&#10;        at java.util.concurrent.locks.LockSupport.park(LockSupport.java:175)&#10;        at java.util.concurrent.locks.AbstractQueuedSynchronizer$ConditionObject.await(AbstractQueuedSynchronizer.java:2039)&#10;        at java.util.concurrent.ArrayBlockingQueue.take(ArrayBlockingQueue.java:403)&#10;        at java.util.concurrent.ThreadPoolExecutor.getTask(ThreadPoolExecutor.java:1074)&#10;        at java.util.concurrent.ThreadPoolExecutor.runWorker(ThreadPoolExecutor.java:1134)&#10;        at java.util.concurrent.ThreadPoolExecutor$Worker.run(ThreadPoolExecutor.java:624)&#10;        at java.lang.Thread.run(Thread.java:748)&#10;&quot;pool-26-thread-6&quot;  prio=5 tid=341 in Object.wait()&#10;java.lang.Thread.State: WAITING (on object monitor)&#10;        at sun.misc.Unsafe.park(Native Method)&#10;        at java.util.concurrent.locks.LockSupport.park(LockSupport.java:175)&#10;        at java.util.concurrent.locks.AbstractQueuedSynchronizer$ConditionObject.await(AbstractQueuedSynchronizer.java:2039)&#10;        at java.util.concurrent.ArrayBlockingQueue.take(ArrayBlockingQueue.java:403)&#10;        at java.util.concurrent.ThreadPoolExecutor.getTask(ThreadPoolExecutor.java:1074)&#10;        at java.util.concurrent.ThreadPoolExecutor.runWorker(ThreadPoolExecutor.java:1134)&#10;        at java.util.concurrent.ThreadPoolExecutor$Worker.run(ThreadPoolExecutor.java:624)&#10;        at java.lang.Thread.run(Thread.java:748)&#10;&quot;pool-70-thread-1&quot;  prio=5 tid=267 timed_waiting&#10;java.lang.Thread.State: TIMED_WAITING&#10;        at sun.misc.Unsafe.park(Native Method)&#10;        at java.util.concurrent.locks.LockSupport.parkNanos(LockSupport.java:215)&#10;        at java.util.concurrent.locks.AbstractQueuedSynchronizer$ConditionObject.awaitNanos(AbstractQueuedSynchronizer.java:2078)&#10;        at java.util.concurrent.ScheduledThreadPoolExecutor$DelayedWorkQueue.take(ScheduledThreadPoolExecutor.java:1093)&#10;        at java.util.concurrent.ScheduledThreadPoolExecutor$DelayedWorkQueue.take(ScheduledThreadPoolExecutor.java:809)&#10;        at java.util.concurrent.ThreadPoolExecutor.getTask(ThreadPoolExecutor.java:1074)&#10;        at java.util.concurrent.ThreadPoolExecutor.runWorker(ThreadPoolExecutor.java:1134)&#10;        at java.util.concurrent.ThreadPoolExecutor$Worker.run(ThreadPoolExecutor.java:624)&#10;        at java.lang.Thread.run(Thread.java:748)&#10;&quot;org.eclipse.jetty.server.session.HashSessionManager@5a9281dcTimer&quot; daemon prio=5 tid=98 timed_waiting&#10;java.lang.Thread.State: TIMED_WAITING&#10;        at sun.misc.Unsafe.park(Native Method)&#10;        at java.util.concurrent.locks.LockSupport.parkNanos(LockSupport.java:215)&#10;        at java.util.concurrent.locks.AbstractQueuedSynchronizer$ConditionObject.awaitNanos(AbstractQueuedSynchronizer.java:2078)&#10;        at java.util.concurrent.ScheduledThreadPoolExecutor$DelayedWorkQueue.take(ScheduledThreadPoolExecutor.java:1093)&#10;        at java.util.concurrent.ScheduledThreadPoolExecutor$DelayedWorkQueue.take(ScheduledThreadPoolExecutor.java:809)&#10;        at java.util.concurrent.ThreadPoolExecutor.getTask(ThreadPoolExecutor.java:1074)&#10;        at java.util.concurrent.ThreadPoolExecutor.runWorker(ThreadPoolExecutor.java:1134)&#10;        at java.util.concurrent.ThreadPoolExecutor$Worker.run(ThreadPoolExecutor.java:624)&#10;        at java.lang.Thread.run(Thread.java:748)&#10;&quot;pool-46-thread-18&quot;  prio=5 tid=359 in Object.wait()&#10;java.lang.Thread.State: WAITING (on object monitor)&#10;        at sun.misc.Unsafe.park(Native Method)&#10;        at java.util.concurrent.locks.LockSupport.park(LockSupport.java:175)&#10;        at java.util.concurrent.locks.AbstractQueuedSynchronizer$ConditionObject.await(AbstractQueuedSynchronizer.java:2039)&#10;        at java.util.concurrent.ArrayBlockingQueue.take(ArrayBlockingQueue.java:403)&#10;        at java.util.concurrent.ThreadPoolExecutor.getTask(ThreadPoolExecutor.java:1074)&#10;        at java.util.concurrent.ThreadPoolExecutor.runWorker(ThreadPoolExecutor.java:1134)&#10;        at java.util.concurrent.ThreadPoolExecutor$Worker.run(ThreadPoolExecutor.java:624)&#10;        at java.lang.Thread.run(Thread.java:748)&#10;&quot;qtp1931194070-247&quot; daemon prio=5 tid=247 timed_waiting&#10;java.lang.Thread.State: TIMED_WAITING&#10;        at sun.misc.Unsafe.park(Native Method)&#10;        at java.util.concurrent.locks.LockSupport.parkNanos(LockSupport.java:215)&#10;        at java.util.concurrent.locks.AbstractQueuedSynchronizer$ConditionObject.awaitNanos(AbstractQueuedSynchronizer.java:2078)&#10;        at org.eclipse.jetty.util.BlockingArrayQueue.poll(BlockingArrayQueue.java:392)&#10;        at org.eclipse.jetty.util.thread.QueuedThreadPool.idleJobPoll(QueuedThreadPool.java:563)&#10;        at org.eclipse.jetty.util.thread.QueuedThreadPool.access$800(QueuedThreadPool.java:48)&#10;        at org.eclipse.jetty.util.thread.QueuedThreadPool$2.run(QueuedThreadPool.java:626)&#10;        at java.lang.Thread.run(Thread.java:748)&#10;&quot;pool-26-thread-47&quot;  prio=5 tid=489 in Object.wait()&#10;java.lang.Thread.State: WAITING (on object monitor)&#10;        at sun.misc.Unsafe.park(Native Method)&#10;        at java.util.concurrent.locks.LockSupport.park(LockSupport.java:175)&#10;        at java.util.concurrent.locks.AbstractQueuedSynchronizer$ConditionObject.await(AbstractQueuedSynchronizer.java:2039)&#10;        at java.util.concurrent.ArrayBlockingQueue.take(ArrayBlockingQueue.java:403)&#10;        at java.util.concurrent.ThreadPoolExecutor.getTask(ThreadPoolExecutor.java:1074)&#10;        at java.util.concurrent.ThreadPoolExecutor.runWorker(ThreadPoolExecutor.java:1134)&#10;        at java.util.concurrent.ThreadPoolExecutor$Worker.run(ThreadPoolExecutor.java:624)&#10;        at java.lang.Thread.run(Thread.java:748)&#10;&quot;pool-36-thread-38&quot;  prio=5 tid=425 in Object.wait()&#10;java.lang.Thread.State: WAITING (on object monitor)&#10;        at sun.misc.Unsafe.park(Native Method)&#10;        at java.util.concurrent.locks.LockSupport.park(LockSupport.java:175)&#10;        at java.util.concurrent.locks.AbstractQueuedSynchronizer$ConditionObject.await(AbstractQueuedSynchronizer.java:2039)&#10;        at java.util.concurrent.ArrayBlockingQueue.take(ArrayBlockingQueue.java:403)&#10;        at java.util.concurrent.ThreadPoolExecutor.getTask(ThreadPoolExecutor.java:1074)&#10;        at java.util.concurrent.ThreadPoolExecutor.runWorker(ThreadPoolExecutor.java:1134)&#10;        at java.util.concurrent.ThreadPoolExecutor$Worker.run(ThreadPoolExecutor.java:624)&#10;        at java.lang.Thread.run(Thread.java:748)&#10;&quot;metrics-hadoop-metrics2-reporter-75-thread-1&quot; daemon prio=5 tid=1005 timed_waiting&#10;java.lang.Thread.State: TIMED_WAITING&#10;        at sun.misc.Unsafe.park(Native Method)&#10;        at java.util.concurrent.locks.LockSupport.parkNanos(LockSupport.java:215)&#10;        at java.util.concurrent.locks.AbstractQueuedSynchronizer$ConditionObject.awaitNanos(AbstractQueuedSynchronizer.java:2078)&#10;        at java.util.concurrent.ScheduledThreadPoolExecutor$DelayedWorkQueue.take(ScheduledThreadPoolExecutor.java:1093)&#10;        at java.util.concurrent.ScheduledThreadPoolExecutor$DelayedWorkQueue.take(ScheduledThreadPoolExecutor.java:809)&#10;        at java.util.concurrent.ThreadPoolExecutor.getTask(ThreadPoolExecutor.java:1074)&#10;        at java.util.concurrent.ThreadPoolExecutor.runWorker(ThreadPoolExecutor.java:1134)&#10;        at java.util.concurrent.ThreadPoolExecutor$Worker.run(ThreadPoolExecutor.java:624)&#10;        at java.lang.Thread.run(Thread.java:748)&#10;&quot;920a4478-64f4-4720-983c-9a2102f3c94b@group-9DC5606B5DE8-SegmentedRaftLogWorker&quot;  prio=5 tid=946 timed_waiting&#10;java.lang.Thread.State: TIMED_WAITING&#10;        at sun.misc.Unsafe.park(Native Method)&#10;        at java.util.concurrent.locks.LockSupport.parkNanos(LockSupport.java:215)&#10;        at java.util.concurrent.locks.AbstractQueuedSynchronizer$ConditionObject.awaitNanos(AbstractQueuedSynchronizer.java:2078)&#10;        at org.apache.ratis.util.DataBlockingQueue.poll(DataBlockingQueue.java:137)&#10;        at org.apache.ratis.server.raftlog.segmented.SegmentedRaftLogWorker.run(SegmentedRaftLogWorker.java:282)&#10;        at java.lang.Thread.run(Thread.java:748)&#10;&quot;pool-27-thread-1&quot;  prio=5 tid=702 in Object.wait()&#10;java.lang.Thread.State: WAITING (on object monitor)&#10;        at sun.misc.Unsafe.park(Native Method)&#10;        at java.util.concurrent.locks.LockSupport.park(LockSupport.java:175)&#10;        at java.util.concurrent.locks.AbstractQueuedSynchronizer$ConditionObject.await(AbstractQueuedSynchronizer.java:2039)&#10;        at java.util.concurrent.LinkedBlockingQueue.take(LinkedBlockingQueue.java:442)&#10;        at java.util.concurrent.ThreadPoolExecutor.getTask(ThreadPoolExecutor.java:1074)&#10;        at java.util.concurrent.ThreadPoolExecutor.runWorker(ThreadPoolExecutor.java:1134)&#10;        at java.util.concurrent.ThreadPoolExecutor$Worker.run(ThreadPoolExecutor.java:624)&#10;        at java.lang.Thread.run(Thread.java:748)&#10;&quot;pool-36-thread-24&quot;  prio=5 tid=388 in Object.wait()&#10;java.lang.Thread.State: WAITING (on object monitor)&#10;        at sun.misc.Unsafe.park(Native Method)&#10;        at java.util.concurrent.locks.LockSupport.park(LockSupport.java:175)&#10;        at java.util.concurrent.locks.AbstractQueuedSynchronizer$ConditionObject.await(AbstractQueuedSynchronizer.java:2039)&#10;        at java.util.concurrent.ArrayBlockingQueue.take(ArrayBlockingQueue.java:403)&#10;        at java.util.concurrent.ThreadPoolExecutor.getTask(ThreadPoolExecutor.java:1074)&#10;        at java.util.concurrent.ThreadPoolExecutor.runWorker(ThreadPoolExecutor.java:1134)&#10;        at java.util.concurrent.ThreadPoolExecutor$Worker.run(ThreadPoolExecutor.java:624)&#10;        at java.lang.Thread.run(Thread.java:748)&#10;&quot;qtp1174596735-143&quot; daemon prio=5 tid=143 timed_waiting&#10;java.lang.Thread.State: TIMED_WAITING&#10;        at sun.misc.Unsafe.park(Native Method)&#10;        at java.util.concurrent.locks.LockSupport.parkNanos(LockSupport.java:215)&#10;        at java.util.concurrent.locks.AbstractQueuedSynchronizer$ConditionObject.awaitNanos(AbstractQueuedSynchronizer.java:2078)&#10;        at org.eclipse.jetty.util.BlockingArrayQueue.poll(BlockingArrayQueue.java:392)&#10;        at org.eclipse.jetty.util.thread.QueuedThreadPool.idleJobPoll(QueuedThreadPool.java:563)&#10;        at org.eclipse.jetty.util.thread.QueuedThreadPool.access$800(QueuedThreadPool.java:48)&#10;        at org.eclipse.jetty.util.thread.QueuedThreadPool$2.run(QueuedThreadPool.java:626)&#10;        at java.lang.Thread.run(Thread.java:748)&#10;&quot;Thread-0&quot;  prio=5 tid=11 runnable&#10;java.lang.Thread.State: RUNNABLE&#10;        at java.lang.Thread.dumpThreads(Native Method)&#10;        at java.lang.Thread.getAllStackTraces(Thread.java:1610)&#10;        at org.apache.hadoop.test.TimedOutTestsListener.buildThreadDump(TimedOutTestsListener.java:87)&#10;        at org.apache.hadoop.test.TimedOutTestsListener.buildThreadDiagnosticString(TimedOutTestsListener.java:73)&#10;        at org.apache.hadoop.test.GenericTestUtils.waitFor(GenericTestUtils.java:389)&#10;        at org.apache.hadoop.hdds.scm.pipeline.TestRatisPipelineCreateAndDestroy.waitForPipelines(TestRatisPipelineCreateAndDestroy.java:126)&#10;        at org.apache.hadoop.hdds.scm.pipeline.TestRatisPipelineCreateAndDestroy.testAutomaticPipelineCreationOnPipelineDestroy(TestRatisPipelineCreateAndDestroy.java:79)&#10;        at sun.reflect.NativeMethodAccessorImpl.invoke0(Native Method)&#10;        at sun.reflect.NativeMethodAccessorImpl.invoke(NativeMethodAccessorImpl.java:62)&#10;        at sun.reflect.DelegatingMethodAccessorImpl.invoke(DelegatingMethodAccessorImpl.java:43)&#10;        at java.lang.reflect.Method.invoke(Method.java:498)&#10;        at org.junit.runners.model.FrameworkMethod$1.runReflectiveCall(FrameworkMethod.java:47)&#10;        at org.junit.internal.runners.model.ReflectiveCallable.run(ReflectiveCallable.java:12)&#10;        at org.junit.runners.model.FrameworkMethod.invokeExplosively(FrameworkMethod.java:44)&#10;        at org.junit.internal.runners.statements.InvokeMethod.evaluate(InvokeMethod.java:17)&#10;        at org.junit.internal.runners.statements.FailOnTimeout$StatementThread.run(FailOnTimeout.java:74)&#10;&quot;pool-36-thread-6&quot;  prio=5 tid=334 in Object.wait()&#10;java.lang.Thread.State: WAITING (on object monitor)&#10;        at sun.misc.Unsafe.park(Native Method)&#10;        at java.util.concurrent.locks.LockSupport.park(LockSupport.java:175)&#10;        at java.util.concurrent.locks.AbstractQueuedSynchronizer$ConditionObject.await(AbstractQueuedSynchronizer.java:2039)&#10;        at java.util.concurrent.ArrayBlockingQueue.take(ArrayBlockingQueue.java:403)&#10;        at java.util.concurrent.ThreadPoolExecutor.getTask(ThreadPoolExecutor.java:1074)&#10;        at java.util.concurrent.ThreadPoolExecutor.runWorker(ThreadPoolExecutor.java:1134)&#10;        at java.util.concurrent.ThreadPoolExecutor$Worker.run(ThreadPoolExecutor.java:624)&#10;        at java.lang.Thread.run(Thread.java:748)&#10;&quot;metrics-hadoop-metrics2-reporter-14-thread-1&quot; daemon prio=5 tid=736 timed_waiting&#10;java.lang.Thread.State: TIMED_WAITING&#10;        at sun.misc.Unsafe.park(Native Method)&#10;        at java.util.concurrent.locks.LockSupport.parkNanos(LockSupport.java:215)&#10;        at java.util.concurrent.locks.AbstractQueuedSynchronizer$ConditionObject.awaitNanos(AbstractQueuedSynchronizer.java:2078)&#10;        at java.util.concurrent.ScheduledThreadPoolExecutor$DelayedWorkQueue.take(ScheduledThreadPoolExecutor.java:1093)&#10;        at java.util.concurrent.ScheduledThreadPoolExecutor$DelayedWorkQueue.take(ScheduledThreadPoolExecutor.java:809)&#10;        at java.util.concurrent.ThreadPoolExecutor.getTask(ThreadPoolExecutor.java:1074)&#10;        at java.util.concurrent.ThreadPoolExecutor.runWorker(ThreadPoolExecutor.java:1134)&#10;        at java.util.concurrent.ThreadPoolExecutor$Worker.run(ThreadPoolExecutor.java:624)&#10;        at java.lang.Thread.run(Thread.java:748)&#10;&quot;IPC Server handler 13 on 42810&quot; daemon prio=5 tid=128 timed_waiting&#10;java.lang.Thread.State: TIMED_WAITING&#10;        at sun.misc.Unsafe.park(Native Method)&#10;        at java.util.concurrent.locks.LockSupport.parkNanos(LockSupport.java:215)&#10;        at java.util.concurrent.locks.AbstractQueuedSynchronizer$ConditionObject.awaitNanos(AbstractQueuedSynchronizer.java:2078)&#10;        at java.util.concurrent.LinkedBlockingQueue.poll(LinkedBlockingQueue.java:467)&#10;        at org.apache.hadoop.ipc.CallQueueManager.take(CallQueueManager.java:288)&#10;        at org.apache.hadoop.ipc.Server$Handler.run(Server.java:2668)&#10;&quot;pool-24-thread-1&quot; daemon prio=5 tid=157 timed_waiting&#10;java.lang.Thread.State: TIMED_WAITING&#10;        at sun.misc.Unsafe.park(Native Method)&#10;        at java.util.concurrent.locks.LockSupport.parkNanos(LockSupport.java:215)&#10;        at java.util.concurrent.locks.AbstractQueuedSynchronizer$ConditionObject.awaitNanos(AbstractQueuedSynchronizer.java:2078)&#10;        at java.util.concurrent.ScheduledThreadPoolExecutor$DelayedWorkQueue.take(ScheduledThreadPoolExecutor.java:1093)&#10;        at java.util.concurrent.ScheduledThreadPoolExecutor$DelayedWorkQueue.take(ScheduledThreadPoolExecutor.java:809)&#10;        at java.util.concurrent.ThreadPoolExecutor.getTask(ThreadPoolExecutor.java:1074)&#10;        at java.util.concurrent.ThreadPoolExecutor.runWorker(ThreadPoolExecutor.java:1134)&#10;        at java.util.concurrent.ThreadPoolExecutor$Worker.run(ThreadPoolExecutor.java:624)&#10;        at java.lang.Thread.run(Thread.java:748)&#10;&quot;pool-76-thread-1&quot;  prio=5 tid=558 in Object.wait()&#10;java.lang.Thread.State: WAITING (on object monitor)&#10;        at sun.misc.Unsafe.park(Native Method)&#10;        at java.util.concurrent.locks.LockSupport.park(LockSupport.java:175)&#10;        at java.util.concurrent.locks.AbstractQueuedSynchronizer$ConditionObject.await(AbstractQueuedSynchronizer.java:2039)&#10;        at java.util.concurrent.ArrayBlockingQueue.take(ArrayBlockingQueue.java:403)&#10;        at java.util.concurrent.ThreadPoolExecutor.getTask(ThreadPoolExecutor.java:1074)&#10;        at java.util.concurrent.ThreadPoolExecutor.runWorker(ThreadPoolExecutor.java:1134)&#10;        at java.util.concurrent.ThreadPoolExecutor$Worker.run(ThreadPoolExecutor.java:624)&#10;        at java.lang.Thread.run(Thread.java:748)&#10;&quot;qtp2139397088-214&quot; daemon prio=5 tid=214 runnable&#10;java.lang.Thread.State: RUNNABLE&#10;        at sun.nio.ch.EPollArrayWrapper.epollWait(Native Method)&#10;        at sun.nio.ch.EPollArrayWrapper.poll(EPollArrayWrapper.java:269)&#10;        at sun.nio.ch.EPollSelectorImpl.doSelect(EPollSelectorImpl.java:93)&#10;        at sun.nio.ch.SelectorImpl.lockAndDoSelect(SelectorImpl.java:86)&#10;        at sun.nio.ch.SelectorImpl.select(SelectorImpl.java:97)&#10;        at sun.nio.ch.SelectorImpl.select(SelectorImpl.java:101)&#10;        at org.eclipse.jetty.io.ManagedSelector$SelectorProducer.select(ManagedSelector.java:243)&#10;        at org.eclipse.jetty.io.ManagedSelector$SelectorProducer.produce(ManagedSelector.java:191)&#10;        at org.eclipse.jetty.util.thread.strategy.ExecuteProduceConsume.executeProduceConsume(ExecuteProduceConsume.java:249)&#10;        at org.eclipse.jetty.util.thread.strategy.ExecuteProduceConsume.produceConsume(ExecuteProduceConsume.java:148)&#10;        at org.eclipse.jetty.util.thread.strategy.ExecuteProduceConsume.execute(ExecuteProduceConsume.java:100)&#10;        at org.eclipse.jetty.io.ManagedSelector.run(ManagedSelector.java:147)&#10;        at org.eclipse.jetty.util.thread.QueuedThreadPool.runJob(QueuedThreadPool.java:671)&#10;        at org.eclipse.jetty.util.thread.QueuedThreadPool$2.run(QueuedThreadPool.java:589)&#10;        at java.lang.Thread.run(Thread.java:748)&#10;&quot;pool-66-thread-49&quot;  prio=5 tid=664 in Object.wait()&#10;java.lang.Thread.State: WAITING (on object monitor)&#10;        at sun.misc.Unsafe.park(Native Method)&#10;        at java.util.concurrent.locks.LockSupport.park(LockSupport.java:175)&#10;        at java.util.concurrent.locks.AbstractQueuedSynchronizer$ConditionObject.await(AbstractQueuedSynchronizer.java:2039)&#10;        at java.util.concurrent.ArrayBlockingQueue.take(ArrayBlockingQueue.java:403)&#10;        at java.util.concurrent.ThreadPoolExecutor.getTask(ThreadPoolExecutor.java:1074)&#10;        at java.util.concurrent.ThreadPoolExecutor.runWorker(ThreadPoolExecutor.java:1134)&#10;        at java.util.concurrent.ThreadPoolExecutor$Worker.run(ThreadPoolExecutor.java:624)&#10;        at java.lang.Thread.run(Thread.java:748)&#10;&quot;pool-26-thread-40&quot;  prio=5 tid=466 in Object.wait()&#10;java.lang.Thread.State: WAITING (on object monitor)&#10;        at sun.misc.Unsafe.park(Native Method)&#10;        at java.util.concurrent.locks.LockSupport.park(LockSupport.java:175)&#10;        at java.util.concurrent.locks.AbstractQueuedSynchronizer$ConditionObject.await(AbstractQueuedSynchronizer.java:2039)&#10;        at java.util.concurrent.ArrayBlockingQueue.take(ArrayBlockingQueue.java:403)&#10;        at java.util.concurrent.ThreadPoolExecutor.getTask(ThreadPoolExecutor.java:1074)&#10;        at java.util.concurrent.ThreadPoolExecutor.runWorker(ThreadPoolExecutor.java:1134)&#10;        at java.util.concurrent.ThreadPoolExecutor$Worker.run(ThreadPoolExecutor.java:624)&#10;        at java.lang.Thread.run(Thread.java:748)&#10;&quot;pool-36-thread-47&quot;  prio=5 tid=447 in Object.wait()&#10;java.lang.Thread.State: WAITING (on object monitor)&#10;        at sun.misc.Unsafe.park(Native Method)&#10;        at java.util.concurrent.locks.LockSupport.park(LockSupport.java:175)&#10;        at java.util.concurrent.locks.AbstractQueuedSynchronizer$ConditionObject.await(AbstractQueuedSynchronizer.java:2039)&#10;        at java.util.concurrent.ArrayBlockingQueue.take(ArrayBlockingQueue.java:403)&#10;        at java.util.concurrent.ThreadPoolExecutor.getTask(ThreadPoolExecutor.java:1074)&#10;        at java.util.concurrent.ThreadPoolExecutor.runWorker(ThreadPoolExecutor.java:1134)&#10;        at java.util.concurrent.ThreadPoolExecutor$Worker.run(ThreadPoolExecutor.java:624)&#10;        at java.lang.Thread.run(Thread.java:748)&#10;&quot;java.util.concurrent.ThreadPoolExecutor$Worker@6528b3b1[State = -1, empty queue]&quot; daemon prio=5 tid=1006 timed_waiting&#10;java.lang.Thread.State: TIMED_WAITING&#10;        at sun.misc.Unsafe.park(Native Method)&#10;        at java.util.concurrent.locks.LockSupport.parkNanos(LockSupport.java:215)&#10;        at java.util.concurrent.locks.AbstractQueuedSynchronizer$ConditionObject.awaitNanos(AbstractQueuedSynchronizer.java:2078)&#10;        at java.util.concurrent.ScheduledThreadPoolExecutor$DelayedWorkQueue.take(ScheduledThreadPoolExecutor.java:1093)&#10;        at java.util.concurrent.ScheduledThreadPoolExecutor$DelayedWorkQueue.take(ScheduledThreadPoolExecutor.java:809)&#10;        at java.util.concurrent.ThreadPoolExecutor.getTask(ThreadPoolExecutor.java:1074)&#10;        at java.util.concurrent.ThreadPoolExecutor.runWorker(ThreadPoolExecutor.java:1134)&#10;        at java.util.concurrent.ThreadPoolExecutor$Worker.run(ThreadPoolExecutor.java:624)&#10;        at java.lang.Thread.run(Thread.java:748)&#10;&quot;pool-76-thread-51&quot;  prio=5 tid=642 in Object.wait()&#10;java.lang.Thread.State: WAITING (on object monitor)&#10;        at sun.misc.Unsafe.park(Native Method)&#10;        at java.util.concurrent.locks.LockSupport.park(LockSupport.java:175)&#10;        at java.util.concurrent.locks.AbstractQueuedSynchronizer$ConditionObject.await(AbstractQueuedSynchronizer.java:2039)&#10;        at java.util.concurrent.ArrayBlockingQueue.take(ArrayBlockingQueue.java:403)&#10;        at java.util.concurrent.ThreadPoolExecutor.getTask(ThreadPoolExecutor.java:1074)&#10;        at java.util.concurrent.ThreadPoolExecutor.runWorker(ThreadPoolExecutor.java:1134)&#10;        at java.util.concurrent.ThreadPoolExecutor$Worker.run(ThreadPoolExecutor.java:624)&#10;        at java.lang.Thread.run(Thread.java:748)&#10;&quot;pool-46-thread-54&quot;  prio=5 tid=458 in Object.wait()&#10;java.lang.Thread.State: WAITING (on object monitor)&#10;        at sun.misc.Unsafe.park(Native Method)&#10;        at java.util.concurrent.locks.LockSupport.park(LockSupport.java:175)&#10;        at java.util.concurrent.locks.AbstractQueuedSynchronizer$ConditionObject.await(AbstractQueuedSynchronizer.java:2039)&#10;        at java.util.concurrent.ArrayBlockingQueue.take(ArrayBlockingQueue.java:403)&#10;        at java.util.concurrent.ThreadPoolExecutor.getTask(ThreadPoolExecutor.java:1074)&#10;        at java.util.concurrent.ThreadPoolExecutor.runWorker(ThreadPoolExecutor.java:1134)&#10;        at java.util.concurrent.ThreadPoolExecutor$Worker.run(ThreadPoolExecutor.java:624)&#10;        at java.lang.Thread.run(Thread.java:748)&#10;&quot;IPC Server handler 3 on 33223&quot; daemon prio=5 tid=53 timed_waiting&#10;java.lang.Thread.State: TIMED_WAITING&#10;        at sun.misc.Unsafe.park(Native Method)&#10;        at java.util.concurrent.locks.LockSupport.parkNanos(LockSupport.java:215)&#10;        at java.util.concurrent.locks.AbstractQueuedSynchronizer$ConditionObject.awaitNanos(AbstractQueuedSynchronizer.java:2078)&#10;        at java.util.concurrent.LinkedBlockingQueue.poll(LinkedBlockingQueue.java:467)&#10;        at org.apache.hadoop.ipc.CallQueueManager.take(CallQueueManager.java:288)&#10;        at org.apache.hadoop.ipc.Server$Handler.run(Server.java:2668)&#10;&quot;IPC Server handler 10 on 42372&quot; daemon prio=5 tid=80 timed_waiting&#10;java.lang.Thread.State: TIMED_WAITING&#10;        at sun.misc.Unsafe.park(Native Method)&#10;        at java.util.concurrent.locks.LockSupport.parkNanos(LockSupport.java:215)&#10;        at java.util.concurrent.locks.AbstractQueuedSynchronizer$ConditionObject.awaitNanos(AbstractQueuedSynchronizer.java:2078)&#10;        at java.util.concurrent.LinkedBlockingQueue.poll(LinkedBlockingQueue.java:467)&#10;        at org.apache.hadoop.ipc.CallQueueManager.take(CallQueueManager.java:288)&#10;        at org.apache.hadoop.ipc.Server$Handler.run(Server.java:2668)&#10;&quot;pool-56-thread-16&quot;  prio=5 tid=505 in Object.wait()&#10;java.lang.Thread.State: WAITING (on object monitor)&#10;        at sun.misc.Unsafe.park(Native Method)&#10;        at java.util.concurrent.locks.LockSupport.park(LockSupport.java:175)&#10;        at java.util.concurrent.locks.AbstractQueuedSynchronizer$ConditionObject.await(AbstractQueuedSynchronizer.java:2039)&#10;        at java.util.concurrent.ArrayBlockingQueue.take(ArrayBlockingQueue.java:403)&#10;        at java.util.concurrent.ThreadPoolExecutor.getTask(ThreadPoolExecutor.java:1074)&#10;        at java.util.concurrent.ThreadPoolExecutor.runWorker(ThreadPoolExecutor.java:1134)&#10;        at java.util.concurrent.ThreadPoolExecutor$Worker.run(ThreadPoolExecutor.java:624)&#10;        at java.lang.Thread.run(Thread.java:748)&#10;&quot;qtp559644343-299&quot; daemon prio=5 tid=299 timed_waiting&#10;java.lang.Thread.State: TIMED_WAITING&#10;        at sun.misc.Unsafe.park(Native Method)&#10;        at java.util.concurrent.locks.LockSupport.parkNanos(LockSupport.java:215)&#10;        at java.util.concurrent.locks.AbstractQueuedSynchronizer$ConditionObject.awaitNanos(AbstractQueuedSynchronizer.java:2078)&#10;        at org.eclipse.jetty.util.BlockingArrayQueue.poll(BlockingArrayQueue.java:392)&#10;        at org.eclipse.jetty.util.thread.QueuedThreadPool.idleJobPoll(QueuedThreadPool.java:563)&#10;        at org.eclipse.jetty.util.thread.QueuedThreadPool.access$800(QueuedThreadPool.java:48)&#10;        at org.eclipse.jetty.util.thread.QueuedThreadPool$2.run(QueuedThreadPool.java:626)&#10;        at java.lang.Thread.run(Thread.java:748)&#10;&quot;BlockDeletingService#1&quot; daemon prio=5 tid=684 in Object.wait()&#10;java.lang.Thread.State: WAITING (on object monitor)&#10;        at sun.misc.Unsafe.park(Native Method)&#10;        at java.util.concurrent.locks.LockSupport.park(LockSupport.java:175)&#10;        at java.util.concurrent.locks.AbstractQueuedSynchronizer$ConditionObject.await(AbstractQueuedSynchronizer.java:2039)&#10;        at java.util.concurrent.ScheduledThreadPoolExecutor$DelayedWorkQueue.take(ScheduledThreadPoolExecutor.java:1088)&#10;        at java.util.concurrent.ScheduledThreadPoolExecutor$DelayedWorkQueue.take(ScheduledThreadPoolExecutor.java:809)&#10;        at java.util.concurrent.ThreadPoolExecutor.getTask(ThreadPoolExecutor.java:1074)&#10;        at java.util.concurrent.ThreadPoolExecutor.runWorker(ThreadPoolExecutor.java:1134)&#10;        at java.util.concurrent.ThreadPoolExecutor$Worker.run(ThreadPoolExecutor.java:624)&#10;        at java.lang.Thread.run(Thread.java:748)&#10;&quot;pool-66-thread-17&quot;  prio=5 tid=581 in Object.wait()&#10;java.lang.Thread.State: WAITING (on object monitor)&#10;        at sun.misc.Unsafe.park(Native Method)&#10;        at java.util.concurrent.locks.LockSupport.park(LockSupport.java:175)&#10;        at java.util.concurrent.locks.AbstractQueuedSynchronizer$ConditionObject.await(AbstractQueuedSynchronizer.java:2039)&#10;        at java.util.concurrent.ArrayBlockingQueue.take(ArrayBlockingQueue.java:403)&#10;        at java.util.concurrent.ThreadPoolExecutor.getTask(ThreadPoolExecutor.java:1074)&#10;        at java.util.concurrent.ThreadPoolExecutor.runWorker(ThreadPoolExecutor.java:1134)&#10;        at java.util.concurrent.ThreadPoolExecutor$Worker.run(ThreadPoolExecutor.java:624)&#10;        at java.lang.Thread.run(Thread.java:748)&#10;&quot;metrics-hadoop-metrics2-reporter-61-thread-1&quot; daemon prio=5 tid=948 timed_waiting&#10;java.lang.Thread.State: TIMED_WAITING&#10;        at sun.misc.Unsafe.park(Native Method)&#10;        at java.util.concurrent.locks.LockSupport.parkNanos(LockSupport.java:215)&#10;        at java.util.concurrent.locks.AbstractQueuedSynchronizer$ConditionObject.awaitNanos(AbstractQueuedSynchronizer.java:2078)&#10;        at java.util.concurrent.ScheduledThreadPoolExecutor$DelayedWorkQueue.take(ScheduledThreadPoolExecutor.java:1093)&#10;        at java.util.concurrent.ScheduledThreadPoolExecutor$DelayedWorkQueue.take(ScheduledThreadPoolExecutor.java:809)&#10;        at java.util.concurrent.ThreadPoolExecutor.getTask(ThreadPoolExecutor.java:1074)&#10;        at java.util.concurrent.ThreadPoolExecutor.runWorker(ThreadPoolExecutor.java:1134)&#10;        at java.util.concurrent.ThreadPoolExecutor$Worker.run(ThreadPoolExecutor.java:624)&#10;        at java.lang.Thread.run(Thread.java:748)&#10;&quot;pool-46-thread-52&quot;  prio=5 tid=450 in Object.wait()&#10;java.lang.Thread.State: WAITING (on object monitor)&#10;        at sun.misc.Unsafe.park(Native Method)&#10;        at java.util.concurrent.locks.LockSupport.park(LockSupport.java:175)&#10;        at java.util.concurrent.locks.AbstractQueuedSynchronizer$ConditionObject.await(AbstractQueuedSynchronizer.java:2039)&#10;        at java.util.concurrent.ArrayBlockingQueue.take(ArrayBlockingQueue.java:403)&#10;        at java.util.concurrent.ThreadPoolExecutor.getTask(ThreadPoolExecutor.java:1074)&#10;        at java.util.concurrent.ThreadPoolExecutor.runWorker(ThreadPoolExecutor.java:1134)&#10;        at java.util.concurrent.ThreadPoolExecutor$Worker.run(ThreadPoolExecutor.java:624)&#10;        at java.lang.Thread.run(Thread.java:748)&#10;&quot;java.util.concurrent.ThreadPoolExecutor$Worker@574fc6fc[State = -1, empty queue]&quot; daemon prio=5 tid=936 timed_waiting&#10;java.lang.Thread.State: TIMED_WAITING&#10;        at sun.misc.Unsafe.park(Native Method)&#10;        at java.util.concurrent.locks.LockSupport.parkNanos(LockSupport.java:215)&#10;        at java.util.concurrent.locks.AbstractQueuedSynchronizer$ConditionObject.awaitNanos(AbstractQueuedSynchronizer.java:2078)&#10;        at java.util.concurrent.ScheduledThreadPoolExecutor$DelayedWorkQueue.take(ScheduledThreadPoolExecutor.java:1093)&#10;        at java.util.concurrent.ScheduledThreadPoolExecutor$DelayedWorkQueue.take(ScheduledThreadPoolExecutor.java:809)&#10;        at java.util.concurrent.ThreadPoolExecutor.getTask(ThreadPoolExecutor.java:1074)&#10;        at java.util.concurrent.ThreadPoolExecutor.runWorker(ThreadPoolExecutor.java:1134)&#10;        at java.util.concurrent.ThreadPoolExecutor$Worker.run(ThreadPoolExecutor.java:624)&#10;        at java.lang.Thread.run(Thread.java:748)&#10;&quot;IPC Server handler 1 on 45420&quot; daemon prio=5 tid=31 timed_waiting&#10;java.lang.Thread.State: TIMED_WAITING&#10;        at sun.misc.Unsafe.park(Native Method)&#10;        at java.util.concurrent.locks.LockSupport.parkNanos(LockSupport.java:215)&#10;        at java.util.concurrent.locks.AbstractQueuedSynchronizer$ConditionObject.awaitNanos(AbstractQueuedSynchronizer.java:2078)&#10;        at java.util.concurrent.LinkedBlockingQueue.poll(LinkedBlockingQueue.java:467)&#10;        at org.apache.hadoop.ipc.CallQueueManager.take(CallQueueManager.java:288)&#10;        at org.apache.hadoop.ipc.Server$Handler.run(Server.java:2668)&#10;&quot;pool-46-thread-51&quot;  prio=5 tid=446 in Object.wait()&#10;java.lang.Thread.State: WAITING (on object monitor)&#10;        at sun.misc.Unsafe.park(Native Method)&#10;        at java.util.concurrent.locks.LockSupport.park(LockSupport.java:175)&#10;        at java.util.concurrent.locks.AbstractQueuedSynchronizer$ConditionObject.await(AbstractQueuedSynchronizer.java:2039)&#10;        at java.util.concurrent.ArrayBlockingQueue.take(ArrayBlockingQueue.java:403)&#10;        at java.util.concurrent.ThreadPoolExecutor.getTask(ThreadPoolExecutor.java:1074)&#10;        at java.util.concurrent.ThreadPoolExecutor.runWorker(ThreadPoolExecutor.java:1134)&#10;        at java.util.concurrent.ThreadPoolExecutor$Worker.run(ThreadPoolExecutor.java:624)&#10;        at java.lang.Thread.run(Thread.java:748)&#10;&quot;org.eclipse.jetty.server.session.HashSessionManager@127caabbTimer&quot; daemon prio=5 tid=99 timed_waiting&#10;java.lang.Thread.State: TIMED_WAITING&#10;        at sun.misc.Unsafe.park(Native Method)&#10;        at java.util.concurrent.locks.LockSupport.parkNanos(LockSupport.java:215)&#10;        at java.util.concurrent.locks.AbstractQueuedSynchronizer$ConditionObject.awaitNanos(AbstractQueuedSynchronizer.java:2078)&#10;        at java.util.concurrent.ScheduledThreadPoolExecutor$DelayedWorkQueue.take(ScheduledThreadPoolExecutor.java:1093)&#10;        at java.util.concurrent.ScheduledThreadPoolExecutor$DelayedWorkQueue.take(ScheduledThreadPoolExecutor.java:809)&#10;        at java.util.concurrent.ThreadPoolExecutor.getTask(ThreadPoolExecutor.java:1074)&#10;        at java.util.concurrent.ThreadPoolExecutor.runWorker(ThreadPoolExecutor.java:1134)&#10;        at java.util.concurrent.ThreadPoolExecutor$Worker.run(ThreadPoolExecutor.java:624)&#10;        at java.lang.Thread.run(Thread.java:748)&#10;&quot;qtp1937022909-268&quot; daemon prio=5 tid=268 runnable&#10;java.lang.Thread.State: RUNNABLE&#10;        at sun.nio.ch.EPollArrayWrapper.epollWait(Native Method)&#10;        at sun.nio.ch.EPollArrayWrapper.poll(EPollArrayWrapper.java:269)&#10;        at sun.nio.ch.EPollSelectorImpl.doSelect(EPollSelectorImpl.java:93)&#10;        at sun.nio.ch.SelectorImpl.lockAndDoSelect(SelectorImpl.java:86)&#10;        at sun.nio.ch.SelectorImpl.select(SelectorImpl.java:97)&#10;        at sun.nio.ch.SelectorImpl.select(SelectorImpl.java:101)&#10;        at org.eclipse.jetty.io.ManagedSelector$SelectorProducer.select(ManagedSelector.java:243)&#10;        at org.eclipse.jetty.io.ManagedSelector$SelectorProducer.produce(ManagedSelector.java:191)&#10;        at org.eclipse.jetty.util.thread.strategy.ExecuteProduceConsume.executeProduceConsume(ExecuteProduceConsume.java:249)&#10;        at org.eclipse.jetty.util.thread.strategy.ExecuteProduceConsume.produceConsume(ExecuteProduceConsume.java:148)&#10;        at org.eclipse.jetty.util.thread.strategy.ExecuteProduceConsume.execute(ExecuteProduceConsume.java:100)&#10;        at org.eclipse.jetty.io.ManagedSelector.run(ManagedSelector.java:147)&#10;        at org.eclipse.jetty.util.thread.QueuedThreadPool.runJob(QueuedThreadPool.java:671)&#10;        at org.eclipse.jetty.util.thread.QueuedThreadPool$2.run(QueuedThreadPool.java:589)&#10;        at java.lang.Thread.run(Thread.java:748)&#10;&quot;57d83d75-a41d-4aa4-98a2-4186e05ab504@group-812BEF14F159-SegmentedRaftLogWorker&quot;  prio=5 tid=980 timed_waiting&#10;java.lang.Thread.State: TIMED_WAITING&#10;        at sun.misc.Unsafe.park(Native Method)&#10;        at java.util.concurrent.locks.LockSupport.parkNanos(LockSupport.java:215)&#10;        at java.util.concurrent.locks.AbstractQueuedSynchronizer$ConditionObject.awaitNanos(AbstractQueuedSynchronizer.java:2078)&#10;        at org.apache.ratis.util.DataBlockingQueue.poll(DataBlockingQueue.java:137)&#10;        at org.apache.ratis.server.raftlog.segmented.SegmentedRaftLogWorker.run(SegmentedRaftLogWorker.java:282)&#10;        at java.lang.Thread.run(Thread.java:748)&#10;&quot;pool-36-thread-7&quot;  prio=5 tid=336 in Object.wait()&#10;java.lang.Thread.State: WAITING (on object monitor)&#10;        at sun.misc.Unsafe.park(Native Method)&#10;        at java.util.concurrent.locks.LockSupport.park(LockSupport.java:175)&#10;        at java.util.concurrent.locks.AbstractQueuedSynchronizer$ConditionObject.await(AbstractQueuedSynchronizer.java:2039)&#10;        at java.util.concurrent.ArrayBlockingQueue.take(ArrayBlockingQueue.java:403)&#10;        at java.util.concurrent.ThreadPoolExecutor.getTask(ThreadPoolExecutor.java:1074)&#10;        at java.util.concurrent.ThreadPoolExecutor.runWorker(ThreadPoolExecutor.java:1134)&#10;        at java.util.concurrent.ThreadPoolExecutor$Worker.run(ThreadPoolExecutor.java:624)&#10;        at java.lang.Thread.run(Thread.java:748)&#10;&quot;qtp1770687691-161-acceptor-0@64b19b94-ServerConnector@e8aadf0{HTTP/1.1,[http/1.1]}{0.0.0.0:43885}&quot; daemon prio=3 tid=161 runnable&#10;java.lang.Thread.State: RUNNABLE&#10;        at sun.nio.ch.ServerSocketChannelImpl.accept0(Native Method)&#10;        at sun.nio.ch.ServerSocketChannelImpl.accept(ServerSocketChannelImpl.java:422)&#10;        at sun.nio.ch.ServerSocketChannelImpl.accept(ServerSocketChannelImpl.java:250)&#10;        at org.eclipse.jetty.server.ServerConnector.accept(ServerConnector.java:397)&#10;        at org.eclipse.jetty.server.AbstractConnector$Acceptor.run(AbstractConnector.java:601)&#10;        at org.eclipse.jetty.util.thread.QueuedThreadPool.runJob(QueuedThreadPool.java:671)&#10;        at org.eclipse.jetty.util.thread.QueuedThreadPool$2.run(QueuedThreadPool.java:589)&#10;        at java.lang.Thread.run(Thread.java:748)&#10;&quot;pool-26-thread-30&quot;  prio=5 tid=421 in Object.wait()&#10;java.lang.Thread.State: WAITING (on object monitor)&#10;        at sun.misc.Unsafe.park(Native Method)&#10;        at java.util.concurrent.locks.LockSupport.park(LockSupport.java:175)&#10;        at java.util.concurrent.locks.AbstractQueuedSynchronizer$ConditionObject.await(AbstractQueuedSynchronizer.java:2039)&#10;        at java.util.concurrent.ArrayBlockingQueue.take(ArrayBlockingQueue.java:403)&#10;        at java.util.concurrent.ThreadPoolExecutor.getTask(ThreadPoolExecutor.java:1074)&#10;        at java.util.concurrent.ThreadPoolExecutor.runWorker(ThreadPoolExecutor.java:1134)&#10;        at java.util.concurrent.ThreadPoolExecutor$Worker.run(ThreadPoolExecutor.java:624)&#10;        at java.lang.Thread.run(Thread.java:748)&#10;&quot;IPC Server Responder&quot; daemon prio=5 tid=26 runnable&#10;java.lang.Thread.State: RUNNABLE&#10;        at sun.nio.ch.EPollArrayWrapper.epollWait(Native Method)&#10;        at sun.nio.ch.EPollArrayWrapper.poll(EPollArrayWrapper.java:269)&#10;        at sun.nio.ch.EPollSelectorImpl.doSelect(EPollSelectorImpl.java:93)&#10;        at sun.nio.ch.SelectorImpl.lockAndDoSelect(SelectorImpl.java:86)&#10;        at sun.nio.ch.SelectorImpl.select(SelectorImpl.java:97)&#10;        at org.apache.hadoop.ipc.Server$Responder.doRunLoop(Server.java:1334)&#10;        at org.apache.hadoop.ipc.Server$Responder.run(Server.java:1317)&#10;&quot;IPC Server handler 6 on 45420&quot; daemon prio=5 tid=36 timed_waiting&#10;java.lang.Thread.State: TIMED_WAITING&#10;        at sun.misc.Unsafe.park(Native Method)&#10;        at java.util.concurrent.locks.LockSupport.parkNanos(LockSupport.java:215)&#10;        at java.util.concurrent.locks.AbstractQueuedSynchronizer$ConditionObject.awaitNanos(AbstractQueuedSynchronizer.java:2078)&#10;        at java.util.concurrent.LinkedBlockingQueue.poll(LinkedBlockingQueue.java:467)&#10;        at org.apache.hadoop.ipc.CallQueueManager.take(CallQueueManager.java:288)&#10;        at org.apache.hadoop.ipc.Server$Handler.run(Server.java:2668)&#10;&quot;IPC Server handler 15 on 42810&quot; daemon prio=5 tid=130 timed_waiting&#10;java.lang.Thread.State: TIMED_WAITING&#10;        at sun.misc.Unsafe.park(Native Method)&#10;        at java.util.concurrent.locks.LockSupport.parkNanos(LockSupport.java:215)&#10;        at java.util.concurrent.locks.AbstractQueuedSynchronizer$ConditionObject.awaitNanos(AbstractQueuedSynchronizer.java:2078)&#10;        at java.util.concurrent.LinkedBlockingQueue.poll(LinkedBlockingQueue.java:467)&#10;        at org.apache.hadoop.ipc.CallQueueManager.take(CallQueueManager.java:288)&#10;        at org.apache.hadoop.ipc.Server$Handler.run(Server.java:2668)&#10;&quot;java.util.concurrent.ThreadPoolExecutor$Worker@2e77164f[State = -1, empty queue]&quot; daemon prio=5 tid=1055 timed_waiting&#10;java.lang.Thread.State: TIMED_WAITING&#10;        at sun.misc.Unsafe.park(Native Method)&#10;        at java.util.concurrent.locks.LockSupport.parkNanos(LockSupport.java:215)&#10;        at java.util.concurrent.locks.AbstractQueuedSynchronizer$ConditionObject.awaitNanos(AbstractQueuedSynchronizer.java:2078)&#10;        at java.util.concurrent.ScheduledThreadPoolExecutor$DelayedWorkQueue.take(ScheduledThreadPoolExecutor.java:1093)&#10;        at java.util.concurrent.ScheduledThreadPoolExecutor$DelayedWorkQueue.take(ScheduledThreadPoolExecutor.java:809)&#10;        at java.util.concurrent.ThreadPoolExecutor.getTask(ThreadPoolExecutor.java:1074)&#10;        at java.util.concurrent.ThreadPoolExecutor.runWorker(ThreadPoolExecutor.java:1134)&#10;        at java.util.concurrent.ThreadPoolExecutor$Worker.run(ThreadPoolExecutor.java:624)&#10;        at java.lang.Thread.run(Thread.java:748)&#10;&quot;org.eclipse.jetty.server.session.HashSessionManager@2dbd207cTimer&quot; daemon prio=5 tid=145 timed_waiting&#10;java.lang.Thread.State: TIMED_WAITING&#10;        at sun.misc.Unsafe.park(Native Method)&#10;        at java.util.concurrent.locks.LockSupport.parkNanos(LockSupport.java:215)&#10;        at java.util.concurrent.locks.AbstractQueuedSynchronizer$ConditionObject.awaitNanos(AbstractQueuedSynchronizer.java:2078)&#10;        at java.util.concurrent.ScheduledThreadPoolExecutor$DelayedWorkQueue.take(ScheduledThreadPoolExecutor.java:1093)&#10;        at java.util.concurrent.ScheduledThreadPoolExecutor$DelayedWorkQueue.take(ScheduledThreadPoolExecutor.java:809)&#10;        at java.util.concurrent.ThreadPoolExecutor.getTask(ThreadPoolExecutor.java:1074)&#10;        at java.util.concurrent.ThreadPoolExecutor.runWorker(ThreadPoolExecutor.java:1134)&#10;        at java.util.concurrent.ThreadPoolExecutor$Worker.run(ThreadPoolExecutor.java:624)&#10;        at java.lang.Thread.run(Thread.java:748)&#10;&quot;pool-26-thread-38&quot;  prio=5 tid=463 in Object.wait()&#10;java.lang.Thread.State: WAITING (on object monitor)&#10;        at sun.misc.Unsafe.park(Native Method)&#10;        at java.util.concurrent.locks.LockSupport.park(LockSupport.java:175)&#10;        at java.util.concurrent.locks.AbstractQueuedSynchronizer$ConditionObject.await(AbstractQueuedSynchronizer.java:2039)&#10;        at java.util.concurrent.ArrayBlockingQueue.take(ArrayBlockingQueue.java:403)&#10;        at java.util.concurrent.ThreadPoolExecutor.getTask(ThreadPoolExecutor.java:1074)&#10;        at java.util.concurrent.ThreadPoolExecutor.runWorker(ThreadPoolExecutor.java:1134)&#10;        at java.util.concurrent.ThreadPoolExecutor$Worker.run(ThreadPoolExecutor.java:624)&#10;        at java.lang.Thread.run(Thread.java:748)&#10;&quot;pool-56-thread-12&quot;  prio=5 tid=496 in Object.wait()&#10;java.lang.Thread.State: WAITING (on object monitor)&#10;        at sun.misc.Unsafe.park(Native Method)&#10;        at java.util.concurrent.locks.LockSupport.park(LockSupport.java:175)&#10;        at java.util.concurrent.locks.AbstractQueuedSynchronizer$ConditionObject.await(AbstractQueuedSynchronizer.java:2039)&#10;        at java.util.concurrent.ArrayBlockingQueue.take(ArrayBlockingQueue.java:403)&#10;        at java.util.concurrent.ThreadPoolExecutor.getTask(ThreadPoolExecutor.java:1074)&#10;        at java.util.concurrent.ThreadPoolExecutor.runWorker(ThreadPoolExecutor.java:1134)&#10;        at java.util.concurrent.ThreadPoolExecutor$Worker.run(ThreadPoolExecutor.java:624)&#10;        at java.lang.Thread.run(Thread.java:748)&#10;&quot;BlockDeletingService#1&quot; daemon prio=5 tid=686 in Object.wait()&#10;java.lang.Thread.State: WAITING (on object monitor)&#10;        at sun.misc.Unsafe.park(Native Method)&#10;        at java.util.concurrent.locks.LockSupport.park(LockSupport.java:175)&#10;        at java.util.concurrent.locks.AbstractQueuedSynchronizer$ConditionObject.await(AbstractQueuedSynchronizer.java:2039)&#10;        at java.util.concurrent.ScheduledThreadPoolExecutor$DelayedWorkQueue.take(ScheduledThreadPoolExecutor.java:1088)&#10;        at java.util.concurrent.ScheduledThreadPoolExecutor$DelayedWorkQueue.take(ScheduledThreadPoolExecutor.java:809)&#10;        at java.util.concurrent.ThreadPoolExecutor.getTask(ThreadPoolExecutor.java:1074)&#10;        at java.util.concurrent.ThreadPoolExecutor.runWorker(ThreadPoolExecutor.java:1134)&#10;        at java.util.concurrent.ThreadPoolExecutor$Worker.run(ThreadPoolExecutor.java:624)&#10;        at java.lang.Thread.run(Thread.java:748)&#10;&quot;pool-56-thread-35&quot;  prio=5 tid=529 in Object.wait()&#10;java.lang.Thread.State: WAITING (on object monitor)&#10;        at sun.misc.Unsafe.park(Native Method)&#10;        at java.util.concurrent.locks.LockSupport.park(LockSupport.java:175)&#10;        at java.util.concurrent.locks.AbstractQueuedSynchronizer$ConditionObject.await(AbstractQueuedSynchronizer.java:2039)&#10;        at java.util.concurrent.ArrayBlockingQueue.take(ArrayBlockingQueue.java:403)&#10;        at java.util.concurrent.ThreadPoolExecutor.getTask(ThreadPoolExecutor.java:1074)&#10;        at java.util.concurrent.ThreadPoolExecutor.runWorker(ThreadPoolExecutor.java:1134)&#10;        at java.util.concurrent.ThreadPoolExecutor$Worker.run(ThreadPoolExecutor.java:624)&#10;        at java.lang.Thread.run(Thread.java:748)&#10;&quot;metrics-hadoop-metrics2-reporter-37-thread-1&quot; daemon prio=5 tid=804 timed_waiting&#10;java.lang.Thread.State: TIMED_WAITING&#10;        at sun.misc.Unsafe.park(Native Method)&#10;        at java.util.concurrent.locks.LockSupport.parkNanos(LockSupport.java:215)&#10;        at java.util.concurrent.locks.AbstractQueuedSynchronizer$ConditionObject.awaitNanos(AbstractQueuedSynchronizer.java:2078)&#10;        at java.util.concurrent.ScheduledThreadPoolExecutor$DelayedWorkQueue.take(ScheduledThreadPoolExecutor.java:1093)&#10;        at java.util.concurrent.ScheduledThreadPoolExecutor$DelayedWorkQueue.take(ScheduledThreadPoolExecutor.java:809)&#10;        at java.util.concurrent.ThreadPoolExecutor.getTask(ThreadPoolExecutor.java:1074)&#10;        at java.util.concurrent.ThreadPoolExecutor.runWorker(ThreadPoolExecutor.java:1134)&#10;        at java.util.concurrent.ThreadPoolExecutor$Worker.run(ThreadPoolExecutor.java:624)&#10;        at java.lang.Thread.run(Thread.java:748)&#10;&quot;pool-76-thread-19&quot;  prio=5 tid=597 in Object.wait()&#10;java.lang.Thread.State: WAITING (on object monitor)&#10;        at sun.misc.Unsafe.park(Native Method)&#10;        at java.util.concurrent.locks.LockSupport.park(LockSupport.java:175)&#10;        at java.util.concurrent.locks.AbstractQueuedSynchronizer$ConditionObject.await(AbstractQueuedSynchronizer.java:2039)&#10;        at java.util.concurrent.ArrayBlockingQueue.take(ArrayBlockingQueue.java:403)&#10;        at java.util.concurrent.ThreadPoolExecutor.getTask(ThreadPoolExecutor.java:1074)&#10;        at java.util.concurrent.ThreadPoolExecutor.runWorker(ThreadPoolExecutor.java:1134)&#10;        at java.util.concurrent.ThreadPoolExecutor$Worker.run(ThreadPoolExecutor.java:624)&#10;        at java.lang.Thread.run(Thread.java:748)&#10;&quot;java.util.concurrent.ThreadPoolExecutor$Worker@4fefd29a[State = -1, empty queue]&quot; daemon prio=5 tid=1007 timed_waiting&#10;java.lang.Thread.State: TIMED_WAITING&#10;        at sun.misc.Unsafe.park(Native Method)&#10;        at java.util.concurrent.locks.LockSupport.parkNanos(LockSupport.java:215)&#10;        at java.util.concurrent.locks.AbstractQueuedSynchronizer$ConditionObject.awaitNanos(AbstractQueuedSynchronizer.java:2078)&#10;        at java.util.concurrent.ScheduledThreadPoolExecutor$DelayedWorkQueue.take(ScheduledThreadPoolExecutor.java:1093)&#10;        at java.util.concurrent.ScheduledThreadPoolExecutor$DelayedWorkQueue.take(ScheduledThreadPoolExecutor.java:809)&#10;        at java.util.concurrent.ThreadPoolExecutor.getTask(ThreadPoolExecutor.java:1074)&#10;        at java.util.concurrent.ThreadPoolExecutor.runWorker(ThreadPoolExecutor.java:1134)&#10;        at java.util.concurrent.ThreadPoolExecutor$Worker.run(ThreadPoolExecutor.java:624)&#10;        at java.lang.Thread.run(Thread.java:748)&#10;&quot;grpc-default-worker-ELG-3-1&quot; daemon prio=5 tid=697 runnable&#10;java.lang.Thread.State: RUNNABLE&#10;        at sun.nio.ch.EPollArrayWrapper.epollWait(Native Method)&#10;        at sun.nio.ch.EPollArrayWrapper.poll(EPollArrayWrapper.java:269)&#10;        at sun.nio.ch.EPollSelectorImpl.doSelect(EPollSelectorImpl.java:93)&#10;        at sun.nio.ch.SelectorImpl.lockAndDoSelect(SelectorImpl.java:86)&#10;        at sun.nio.ch.SelectorImpl.select(SelectorImpl.java:97)&#10;        at org.apache.ratis.thirdparty.io.netty.channel.nio.SelectedSelectionKeySetSelector.select(SelectedSelectionKeySetSelector.java:62)&#10;        at org.apache.ratis.thirdparty.io.netty.channel.nio.NioEventLoop.select(NioEventLoop.java:753)&#10;        at org.apache.ratis.thirdparty.io.netty.channel.nio.NioEventLoop.run(NioEventLoop.java:408)&#10;        at org.apache.ratis.thirdparty.io.netty.util.concurrent.SingleThreadEventExecutor$5.run(SingleThreadEventExecutor.java:897)&#10;        at org.apache.ratis.thirdparty.io.netty.util.concurrent.FastThreadLocalRunnable.run(FastThreadLocalRunnable.java:30)&#10;        at java.lang.Thread.run(Thread.java:748)&#10;&quot;IPC Server handler 17 on 42372&quot; daemon prio=5 tid=87 timed_waiting&#10;java.lang.Thread.State: TIMED_WAITING&#10;        at sun.misc.Unsafe.park(Native Method)&#10;        at java.util.concurrent.locks.LockSupport.parkNanos(LockSupport.java:215)&#10;        at java.util.concurrent.locks.AbstractQueuedSynchronizer$ConditionObject.awaitNanos(AbstractQueuedSynchronizer.java:2078)&#10;        at java.util.concurrent.LinkedBlockingQueue.poll(LinkedBlockingQueue.java:467)&#10;        at org.apache.hadoop.ipc.CallQueueManager.take(CallQueueManager.java:288)&#10;        at org.apache.hadoop.ipc.Server$Handler.run(Server.java:2668)&#10;&quot;qtp1931194070-245&quot; daemon prio=5 tid=245 timed_waiting&#10;java.lang.Thread.State: TIMED_WAITING&#10;        at sun.misc.Unsafe.park(Native Method)&#10;        at java.util.concurrent.locks.LockSupport.parkNanos(LockSupport.java:215)&#10;        at java.util.concurrent.locks.AbstractQueuedSynchronizer$ConditionObject.awaitNanos(AbstractQueuedSynchronizer.java:2078)&#10;        at org.eclipse.jetty.util.BlockingArrayQueue.poll(BlockingArrayQueue.java:392)&#10;        at org.eclipse.jetty.util.thread.QueuedThreadPool.idleJobPoll(QueuedThreadPool.java:563)&#10;        at org.eclipse.jetty.util.thread.QueuedThreadPool.access$800(QueuedThreadPool.java:48)&#10;        at org.eclipse.jetty.util.thread.QueuedThreadPool$2.run(QueuedThreadPool.java:626)&#10;        at java.lang.Thread.run(Thread.java:748)&#10;&quot;pool-36-thread-18&quot;  prio=5 tid=368 in Object.wait()&#10;java.lang.Thread.State: WAITING (on object monitor)&#10;        at sun.misc.Unsafe.park(Native Method)&#10;        at java.util.concurrent.locks.LockSupport.park(LockSupport.java:175)&#10;        at java.util.concurrent.locks.AbstractQueuedSynchronizer$ConditionObject.await(AbstractQueuedSynchronizer.java:2039)&#10;        at java.util.concurrent.ArrayBlockingQueue.take(ArrayBlockingQueue.java:403)&#10;        at java.util.concurrent.ThreadPoolExecutor.getTask(ThreadPoolExecutor.java:1074)&#10;        at java.util.concurrent.ThreadPoolExecutor.runWorker(ThreadPoolExecutor.java:1134)&#10;        at java.util.concurrent.ThreadPoolExecutor$Worker.run(ThreadPoolExecutor.java:624)&#10;        at java.lang.Thread.run(Thread.java:748)&#10;&quot;refreshUsed-/workdir/hadoop-ozone/integration-test/target/test-dir/MiniOzoneClusterImpl-eeadbacc-06c2-472c-a3f4-8a25f61a295a/datanode-2/data/containers&quot; daemon prio=5 tid=209 timed_waiting&#10;java.lang.Thread.State: TIMED_WAITING&#10;        at java.lang.Thread.sleep(Native Method)&#10;        at org.apache.hadoop.fs.CachingGetSpaceUsed$RefreshThread.run(CachingGetSpaceUsed.java:179)&#10;        at java.lang.Thread.run(Thread.java:748)&#10;&quot;pool-36-thread-1&quot;  prio=5 tid=320 in Object.wait()&#10;java.lang.Thread.State: WAITING (on object monitor)&#10;        at sun.misc.Unsafe.park(Native Method)&#10;        at java.util.concurrent.locks.LockSupport.park(LockSupport.java:175)&#10;        at java.util.concurrent.locks.AbstractQueuedSynchronizer$ConditionObject.await(AbstractQueuedSynchronizer.java:2039)&#10;        at java.util.concurrent.ArrayBlockingQueue.take(ArrayBlockingQueue.java:403)&#10;        at java.util.concurrent.ThreadPoolExecutor.getTask(ThreadPoolExecutor.java:1074)&#10;        at java.util.concurrent.ThreadPoolExecutor.runWorker(ThreadPoolExecutor.java:1134)&#10;        at java.util.concurrent.ThreadPoolExecutor$Worker.run(ThreadPoolExecutor.java:624)&#10;        at java.lang.Thread.run(Thread.java:748)&#10;&quot;org.apache.ratis.server.impl.LogAppender$AppenderDaemon$$Lambda$421/655825463@d35f6d8&quot; daemon prio=5 tid=1053 timed_waiting&#10;java.lang.Thread.State: TIMED_WAITING&#10;        at java.lang.Object.wait(Native Method)&#10;        at org.apache.ratis.grpc.server.GrpcLogAppender.mayWait(GrpcLogAppender.java:147)&#10;        at org.apache.ratis.grpc.server.GrpcLogAppender.runAppenderImpl(GrpcLogAppender.java:101)&#10;        at org.apache.ratis.server.impl.LogAppender$AppenderDaemon.run(LogAppender.java:76)&#10;        at org.apache.ratis.server.impl.LogAppender$AppenderDaemon$$Lambda$421/655825463.run(Unknown Source)&#10;        at java.lang.Thread.run(Thread.java:748)&#10;&quot;pool-46-thread-22&quot;  prio=5 tid=370 in Object.wait()&#10;java.lang.Thread.State: WAITING (on object monitor)&#10;        at sun.misc.Unsafe.park(Native Method)&#10;        at java.util.concurrent.locks.LockSupport.park(LockSupport.java:175)&#10;        at java.util.concurrent.locks.AbstractQueuedSynchronizer$ConditionObject.await(AbstractQueuedSynchronizer.java:2039)&#10;        at java.util.concurrent.ArrayBlockingQueue.take(ArrayBlockingQueue.java:403)&#10;        at java.util.concurrent.ThreadPoolExecutor.getTask(ThreadPoolExecutor.java:1074)&#10;        at java.util.concurrent.ThreadPoolExecutor.runWorker(ThreadPoolExecutor.java:1134)&#10;        at java.util.concurrent.ThreadPoolExecutor$Worker.run(ThreadPoolExecutor.java:624)&#10;        at java.lang.Thread.run(Thread.java:748)&#10;&quot;pool-26-thread-52&quot;  prio=5 tid=498 in Object.wait()&#10;java.lang.Thread.State: WAITING (on object monitor)&#10;        at sun.misc.Unsafe.park(Native Method)&#10;        at java.util.concurrent.locks.LockSupport.park(LockSupport.java:175)&#10;        at java.util.concurrent.locks.AbstractQueuedSynchronizer$ConditionObject.await(AbstractQueuedSynchronizer.java:2039)&#10;        at java.util.concurrent.ArrayBlockingQueue.take(ArrayBlockingQueue.java:403)&#10;        at java.util.concurrent.ThreadPoolExecutor.getTask(ThreadPoolExecutor.java:1074)&#10;        at java.util.concurrent.ThreadPoolExecutor.runWorker(ThreadPoolExecutor.java:1134)&#10;        at java.util.concurrent.ThreadPoolExecutor$Worker.run(ThreadPoolExecutor.java:624)&#10;        at java.lang.Thread.run(Thread.java:748)&#10;&quot;IPC Server handler 12 on 42810&quot; daemon prio=5 tid=127 timed_waiting&#10;java.lang.Thread.State: TIMED_WAITING&#10;        at sun.misc.Unsafe.park(Native Method)&#10;        at java.util.concurrent.locks.LockSupport.parkNanos(LockSupport.java:215)&#10;        at java.util.concurrent.locks.AbstractQueuedSynchronizer$ConditionObject.awaitNanos(AbstractQueuedSynchronizer.java:2078)&#10;        at java.util.concurrent.LinkedBlockingQueue.poll(LinkedBlockingQueue.java:467)&#10;        at org.apache.hadoop.ipc.CallQueueManager.take(CallQueueManager.java:288)&#10;        at org.apache.hadoop.ipc.Server$Handler.run(Server.java:2668)&#10;&quot;pool-46-thread-27&quot;  prio=5 tid=383 in Object.wait()&#10;java.lang.Thread.State: WAITING (on object monitor)&#10;        at sun.misc.Unsafe.park(Native Method)&#10;        at java.util.concurrent.locks.LockSupport.park(LockSupport.java:175)&#10;        at java.util.concurrent.locks.AbstractQueuedSynchronizer$ConditionObject.await(AbstractQueuedSynchronizer.java:2039)&#10;        at java.util.concurrent.ArrayBlockingQueue.take(ArrayBlockingQueue.java:403)&#10;        at java.util.concurrent.ThreadPoolExecutor.getTask(ThreadPoolExecutor.java:1074)&#10;        at java.util.concurrent.ThreadPoolExecutor.runWorker(ThreadPoolExecutor.java:1134)&#10;        at java.util.concurrent.ThreadPoolExecutor$Worker.run(ThreadPoolExecutor.java:624)&#10;        at java.lang.Thread.run(Thread.java:748)&#10;&quot;pool-56-thread-36&quot;  prio=5 tid=530 in Object.wait()&#10;java.lang.Thread.State: WAITING (on object monitor)&#10;        at sun.misc.Unsafe.park(Native Method)&#10;        at java.util.concurrent.locks.LockSupport.park(LockSupport.java:175)&#10;        at java.util.concurrent.locks.AbstractQueuedSynchronizer$ConditionObject.await(AbstractQueuedSynchronizer.java:2039)&#10;        at java.util.concurrent.ArrayBlockingQueue.take(ArrayBlockingQueue.java:403)&#10;        at java.util.concurrent.ThreadPoolExecutor.getTask(ThreadPoolExecutor.java:1074)&#10;        at java.util.concurrent.ThreadPoolExecutor.runWorker(ThreadPoolExecutor.java:1134)&#10;        at java.util.concurrent.ThreadPoolExecutor$Worker.run(ThreadPoolExecutor.java:624)&#10;        at java.lang.Thread.run(Thread.java:748)&#10;&quot;4b035f45-7941-40c3-ba2d-1cbecd2d369e@group-9DC5606B5DE8-StateMachineUpdater&quot; daemon prio=5 tid=945 in Object.wait()&#10;java.lang.Thread.State: WAITING (on object monitor)&#10;        at java.lang.Object.wait(Native Method)&#10;        at java.lang.Object.wait(Object.java:502)&#10;        at org.apache.ratis.server.impl.StateMachineUpdater.waitForCommit(StateMachineUpdater.java:194)&#10;        at org.apache.ratis.server.impl.StateMachineUpdater.run(StateMachineUpdater.java:159)&#10;        at java.lang.Thread.run(Thread.java:748)&#10;&quot;Socket Reader #1 for port 33223&quot;  prio=5 tid=20 runnable&#10;java.lang.Thread.State: RUNNABLE&#10;        at sun.nio.ch.EPollArrayWrapper.epollWait(Native Method)&#10;        at sun.nio.ch.EPollArrayWrapper.poll(EPollArrayWrapper.java:269)&#10;        at sun.nio.ch.EPollSelectorImpl.doSelect(EPollSelectorImpl.java:93)&#10;        at sun.nio.ch.SelectorImpl.lockAndDoSelect(SelectorImpl.java:86)&#10;        at sun.nio.ch.SelectorImpl.select(SelectorImpl.java:97)&#10;        at sun.nio.ch.SelectorImpl.select(SelectorImpl.java:101)&#10;        at org.apache.hadoop.ipc.Server$Listener$Reader.doRunLoop(Server.java:1097)&#10;        at org.apache.hadoop.ipc.Server$Listener$Reader.run(Server.java:1076)&#10;&quot;IPC Server handler 14 on 45420&quot; daemon prio=5 tid=44 timed_waiting&#10;java.lang.Thread.State: TIMED_WAITING&#10;        at sun.misc.Unsafe.park(Native Method)&#10;        at java.util.concurrent.locks.LockSupport.parkNanos(LockSupport.java:215)&#10;        at java.util.concurrent.locks.AbstractQueuedSynchronizer$ConditionObject.awaitNanos(AbstractQueuedSynchronizer.java:2078)&#10;        at java.util.concurrent.LinkedBlockingQueue.poll(LinkedBlockingQueue.java:467)&#10;        at org.apache.hadoop.ipc.CallQueueManager.take(CallQueueManager.java:288)&#10;        at org.apache.hadoop.ipc.Server$Handler.run(Server.java:2668)&#10;&quot;pool-36-thread-17&quot;  prio=5 tid=363 in Object.wait()&#10;java.lang.Thread.State: WAITING (on object monitor)&#10;        at sun.misc.Unsafe.park(Native Method)&#10;        at java.util.concurrent.locks.LockSupport.park(LockSupport.java:175)&#10;        at java.util.concurrent.locks.AbstractQueuedSynchronizer$ConditionObject.await(AbstractQueuedSynchronizer.java:2039)&#10;        at java.util.concurrent.ArrayBlockingQueue.take(ArrayBlockingQueue.java:403)&#10;        at java.util.concurrent.ThreadPoolExecutor.getTask(ThreadPoolExecutor.java:1074)&#10;        at java.util.concurrent.ThreadPoolExecutor.runWorker(ThreadPoolExecutor.java:1134)&#10;        at java.util.concurrent.ThreadPoolExecutor$Worker.run(ThreadPoolExecutor.java:624)&#10;        at java.lang.Thread.run(Thread.java:748)&#10;&quot;pool-56-thread-14&quot;  prio=5 tid=501 in Object.wait()&#10;java.lang.Thread.State: WAITING (on object monitor)&#10;        at sun.misc.Unsafe.park(Native Method)&#10;        at java.util.concurrent.locks.LockSupport.park(LockSupport.java:175)&#10;        at java.util.concurrent.locks.AbstractQueuedSynchronizer$ConditionObject.await(AbstractQueuedSynchronizer.java:2039)&#10;        at java.util.concurrent.ArrayBlockingQueue.take(ArrayBlockingQueue.java:403)&#10;        at java.util.concurrent.ThreadPoolExecutor.getTask(ThreadPoolExecutor.java:1074)&#10;        at java.util.concurrent.ThreadPoolExecutor.runWorker(ThreadPoolExecutor.java:1134)&#10;        at java.util.concurrent.ThreadPoolExecutor$Worker.run(ThreadPoolExecutor.java:624)&#10;        at java.lang.Thread.run(Thread.java:748)&#10;&quot;Datanode ReportManager Thread - 2&quot; daemon prio=5 tid=282 in Object.wait()&#10;java.lang.Thread.State: WAITING (on object monitor)&#10;        at sun.misc.Unsafe.park(Native Method)&#10;        at java.util.concurrent.locks.LockSupport.park(LockSupport.java:175)&#10;        at java.util.concurrent.locks.AbstractQueuedSynchronizer$ConditionObject.await(AbstractQueuedSynchronizer.java:2039)&#10;        at java.util.concurrent.ScheduledThreadPoolExecutor$DelayedWorkQueue.take(ScheduledThreadPoolExecutor.java:1088)&#10;        at java.util.concurrent.ScheduledThreadPoolExecutor$DelayedWorkQueue.take(ScheduledThreadPoolExecutor.java:809)&#10;        at java.util.concurrent.ThreadPoolExecutor.getTask(ThreadPoolExecutor.java:1074)&#10;        at java.util.concurrent.ThreadPoolExecutor.runWorker(ThreadPoolExecutor.java:1134)&#10;        at java.util.concurrent.ThreadPoolExecutor$Worker.run(ThreadPoolExecutor.java:624)&#10;        at java.lang.Thread.run(Thread.java:748)&#10;&quot;Datanode State Machine Thread - 0&quot; daemon prio=5 tid=252 timed_waiting&#10;java.lang.Thread.State: TIMED_WAITING&#10;        at java.lang.Thread.sleep(Native Method)&#10;        at org.apache.hadoop.ozone.container.common.statemachine.DatanodeStateMachine.start(DatanodeStateMachine.java:191)&#10;        at org.apache.hadoop.ozone.container.common.statemachine.DatanodeStateMachine.lambda$startDaemon$0(DatanodeStateMachine.java:349)&#10;        at org.apache.hadoop.ozone.container.common.statemachine.DatanodeStateMachine$$Lambda$140/2066701670.run(Unknown Source)&#10;        at java.lang.Thread.run(Thread.java:748)&#10;&quot;pool-56-thread-42&quot;  prio=5 tid=536 in Object.wait()&#10;java.lang.Thread.State: WAITING (on object monitor)&#10;        at sun.misc.Unsafe.park(Native Method)&#10;        at java.util.concurrent.locks.LockSupport.park(LockSupport.java:175)&#10;        at java.util.concurrent.locks.AbstractQueuedSynchronizer$ConditionObject.await(AbstractQueuedSynchronizer.java:2039)&#10;        at java.util.concurrent.ArrayBlockingQueue.take(ArrayBlockingQueue.java:403)&#10;        at java.util.concurrent.ThreadPoolExecutor.getTask(ThreadPoolExecutor.java:1074)&#10;        at java.util.concurrent.ThreadPoolExecutor.runWorker(ThreadPoolExecutor.java:1134)&#10;        at java.util.concurrent.ThreadPoolExecutor$Worker.run(ThreadPoolExecutor.java:624)&#10;        at java.lang.Thread.run(Thread.java:748)&#10;&quot;pool-36-thread-13&quot;  prio=5 tid=348 in Object.wait()&#10;java.lang.Thread.State: WAITING (on object monitor)&#10;        at sun.misc.Unsafe.park(Native Method)&#10;        at java.util.concurrent.locks.LockSupport.park(LockSupport.java:175)&#10;        at java.util.concurrent.locks.AbstractQueuedSynchronizer$ConditionObject.await(AbstractQueuedSynchronizer.java:2039)&#10;        at java.util.concurrent.ArrayBlockingQueue.take(ArrayBlockingQueue.java:403)&#10;        at java.util.concurrent.ThreadPoolExecutor.getTask(ThreadPoolExecutor.java:1074)&#10;        at java.util.concurrent.ThreadPoolExecutor.runWorker(ThreadPoolExecutor.java:1134)&#10;        at java.util.concurrent.ThreadPoolExecutor$Worker.run(ThreadPoolExecutor.java:624)&#10;        at java.lang.Thread.run(Thread.java:748)&#10;&quot;IPC Server handler 1 on 33223&quot; daemon prio=5 tid=51 timed_waiting&#10;java.lang.Thread.State: TIMED_WAITING&#10;        at sun.misc.Unsafe.park(Native Method)&#10;        at java.util.concurrent.locks.LockSupport.parkNanos(LockSupport.java:215)&#10;        at java.util.concurrent.locks.AbstractQueuedSynchronizer$ConditionObject.awaitNanos(AbstractQueuedSynchronizer.java:2078)&#10;        at java.util.concurrent.LinkedBlockingQueue.poll(LinkedBlockingQueue.java:467)&#10;        at org.apache.hadoop.ipc.CallQueueManager.take(CallQueueManager.java:288)&#10;        at org.apache.hadoop.ipc.Server$Handler.run(Server.java:2668)&#10;&quot;Datanode State Machine Thread - 0&quot; daemon prio=5 tid=279 timed_waiting&#10;java.lang.Thread.State: TIMED_WAITING&#10;        at java.lang.Thread.sleep(Native Method)&#10;        at org.apache.hadoop.ozone.container.common.statemachine.DatanodeStateMachine.start(DatanodeStateMachine.java:191)&#10;        at org.apache.hadoop.ozone.container.common.statemachine.DatanodeStateMachine.lambda$startDaemon$0(DatanodeStateMachine.java:349)&#10;        at org.apache.hadoop.ozone.container.common.statemachine.DatanodeStateMachine$$Lambda$140/2066701670.run(Unknown Source)&#10;        at java.lang.Thread.run(Thread.java:748)&#10;&quot;DataNode DiskChecker thread 0&quot; daemon prio=5 tid=264 timed_waiting&#10;java.lang.Thread.State: TIMED_WAITING&#10;        at sun.misc.Unsafe.park(Native Method)&#10;        at java.util.concurrent.locks.LockSupport.parkNanos(LockSupport.java:215)&#10;        at java.util.concurrent.SynchronousQueue$TransferStack.awaitFulfill(SynchronousQueue.java:460)&#10;        at java.util.concurrent.SynchronousQueue$TransferStack.transfer(SynchronousQueue.java:362)&#10;        at java.util.concurrent.SynchronousQueue.poll(SynchronousQueue.java:941)&#10;        at java.util.concurrent.ThreadPoolExecutor.getTask(ThreadPoolExecutor.java:1073)&#10;        at java.util.concurrent.ThreadPoolExecutor.runWorker(ThreadPoolExecutor.java:1134)&#10;        at java.util.concurrent.ThreadPoolExecutor$Worker.run(ThreadPoolExecutor.java:624)&#10;        at java.lang.Thread.run(Thread.java:748)&#10;&quot;pool-76-thread-4&quot;  prio=5 tid=570 in Object.wait()&#10;java.lang.Thread.State: WAITING (on object monitor)&#10;        at sun.misc.Unsafe.park(Native Method)&#10;        at java.util.concurrent.locks.LockSupport.park(LockSupport.java:175)&#10;        at java.util.concurrent.locks.AbstractQueuedSynchronizer$ConditionObject.await(AbstractQueuedSynchronizer.java:2039)&#10;        at java.util.concurrent.ArrayBlockingQueue.take(ArrayBlockingQueue.java:403)&#10;        at java.util.concurrent.ThreadPoolExecutor.getTask(ThreadPoolExecutor.java:1074)&#10;        at java.util.concurrent.ThreadPoolExecutor.runWorker(ThreadPoolExecutor.java:1134)&#10;        at java.util.concurrent.ThreadPoolExecutor$Worker.run(ThreadPoolExecutor.java:624)&#10;        at java.lang.Thread.run(Thread.java:748)&#10;&quot;pool-76-thread-37&quot;  prio=5 tid=623 in Object.wait()&#10;java.lang.Thread.State: WAITING (on object monitor)&#10;        at sun.misc.Unsafe.park(Native Method)&#10;        at java.util.concurrent.locks.LockSupport.park(LockSupport.java:175)&#10;        at java.util.concurrent.locks.AbstractQueuedSynchronizer$ConditionObject.await(AbstractQueuedSynchronizer.java:2039)&#10;        at java.util.concurrent.ArrayBlockingQueue.take(ArrayBlockingQueue.java:403)&#10;        at java.util.concurrent.ThreadPoolExecutor.getTask(ThreadPoolExecutor.java:1074)&#10;        at java.util.concurrent.ThreadPoolExecutor.runWorker(ThreadPoolExecutor.java:1134)&#10;        at java.util.concurrent.ThreadPoolExecutor$Worker.run(ThreadPoolExecutor.java:624)&#10;        at java.lang.Thread.run(Thread.java:748)&#10;&quot;org.eclipse.jetty.server.session.HashSessionManager@7d176ba9Timer&quot; daemon prio=5 tid=100 timed_waiting&#10;java.lang.Thread.State: TIMED_WAITING&#10;        at sun.misc.Unsafe.park(Native Method)&#10;        at java.util.concurrent.locks.LockSupport.parkNanos(LockSupport.java:215)&#10;        at java.util.concurrent.locks.AbstractQueuedSynchronizer$ConditionObject.awaitNanos(AbstractQueuedSynchronizer.java:2078)&#10;        at java.util.concurrent.ScheduledThreadPoolExecutor$DelayedWorkQueue.take(ScheduledThreadPoolExecutor.java:1093)&#10;        at java.util.concurrent.ScheduledThreadPoolExecutor$DelayedWorkQueue.take(ScheduledThreadPoolExecutor.java:809)&#10;        at java.util.concurrent.ThreadPoolExecutor.getTask(ThreadPoolExecutor.java:1074)&#10;        at java.util.concurrent.ThreadPoolExecutor.runWorker(ThreadPoolExecutor.java:1134)&#10;        at java.util.concurrent.ThreadPoolExecutor$Worker.run(ThreadPoolExecutor.java:624)&#10;        at java.lang.Thread.run(Thread.java:748)&#10;&quot;IPC Server handler 2 on 42810&quot; daemon prio=5 tid=117 timed_waiting&#10;java.lang.Thread.State: TIMED_WAITING&#10;        at sun.misc.Unsafe.park(Native Method)&#10;        at java.util.concurrent.locks.LockSupport.parkNanos(LockSupport.java:215)&#10;        at java.util.concurrent.locks.AbstractQueuedSynchronizer$ConditionObject.awaitNanos(AbstractQueuedSynchronizer.java:2078)&#10;        at java.util.concurrent.LinkedBlockingQueue.poll(LinkedBlockingQueue.java:467)&#10;        at org.apache.hadoop.ipc.CallQueueManager.take(CallQueueManager.java:288)&#10;        at org.apache.hadoop.ipc.Server$Handler.run(Server.java:2668)&#10;&quot;IPC Server handler 7 on 42372&quot; daemon prio=5 tid=77 timed_waiting&#10;java.lang.Thread.State: TIMED_WAITING&#10;        at sun.misc.Unsafe.park(Native Method)&#10;        at java.util.concurrent.locks.LockSupport.parkNanos(LockSupport.java:215)&#10;        at java.util.concurrent.locks.AbstractQueuedSynchronizer$ConditionObject.awaitNanos(AbstractQueuedSynchronizer.java:2078)&#10;        at java.util.concurrent.LinkedBlockingQueue.poll(LinkedBlockingQueue.java:467)&#10;        at org.apache.hadoop.ipc.CallQueueManager.take(CallQueueManager.java:288)&#10;        at org.apache.hadoop.ipc.Server$Handler.run(Server.java:2668)&#10;&quot;pool-36-thread-43&quot;  prio=5 tid=438 in Object.wait()&#10;java.lang.Thread.State: WAITING (on object monitor)&#10;        at sun.misc.Unsafe.park(Native Method)&#10;        at java.util.concurrent.locks.LockSupport.park(LockSupport.java:175)&#10;        at java.util.concurrent.locks.AbstractQueuedSynchronizer$ConditionObject.await(AbstractQueuedSynchronizer.java:2039)&#10;        at java.util.concurrent.ArrayBlockingQueue.take(ArrayBlockingQueue.java:403)&#10;        at java.util.concurrent.ThreadPoolExecutor.getTask(ThreadPoolExecutor.java:1074)&#10;        at java.util.concurrent.ThreadPoolExecutor.runWorker(ThreadPoolExecutor.java:1134)&#10;        at java.util.concurrent.ThreadPoolExecutor$Worker.run(ThreadPoolExecutor.java:624)&#10;        at java.lang.Thread.run(Thread.java:748)&#10;&quot;pool-36-thread-5&quot;  prio=5 tid=330 in Object.wait()&#10;java.lang.Thread.State: WAITING (on object monitor)&#10;        at sun.misc.Unsafe.park(Native Method)&#10;        at java.util.concurrent.locks.LockSupport.park(LockSupport.java:175)&#10;        at java.util.concurrent.locks.AbstractQueuedSynchronizer$ConditionObject.await(AbstractQueuedSynchronizer.java:2039)&#10;        at java.util.concurrent.ArrayBlockingQueue.take(ArrayBlockingQueue.java:403)&#10;        at java.util.concurrent.ThreadPoolExecutor.getTask(ThreadPoolExecutor.java:1074)&#10;        at java.util.concurrent.ThreadPoolExecutor.runWorker(ThreadPoolExecutor.java:1134)&#10;        at java.util.concurrent.ThreadPoolExecutor$Worker.run(ThreadPoolExecutor.java:624)&#10;        at java.lang.Thread.run(Thread.java:748)&#10;&quot;pool-66-thread-58&quot;  prio=5 tid=673 in Object.wait()&#10;java.lang.Thread.State: WAITING (on object monitor)&#10;        at sun.misc.Unsafe.park(Native Method)&#10;        at java.util.concurrent.locks.LockSupport.park(LockSupport.java:175)&#10;        at java.util.concurrent.locks.AbstractQueuedSynchronizer$ConditionObject.await(AbstractQueuedSynchronizer.java:2039)&#10;        at java.util.concurrent.ArrayBlockingQueue.take(ArrayBlockingQueue.java:403)&#10;        at java.util.concurrent.ThreadPoolExecutor.getTask(ThreadPoolExecutor.java:1074)&#10;        at java.util.concurrent.ThreadPoolExecutor.runWorker(ThreadPoolExecutor.java:1134)&#10;        at java.util.concurrent.ThreadPoolExecutor$Worker.run(ThreadPoolExecutor.java:624)&#10;        at java.lang.Thread.run(Thread.java:748)&#10;&quot;pool-26-thread-17&quot;  prio=5 tid=371 in Object.wait()&#10;java.lang.Thread.State: WAITING (on object monitor)&#10;        at sun.misc.Unsafe.park(Native Method)&#10;        at java.util.concurrent.locks.LockSupport.park(LockSupport.java:175)&#10;        at java.util.concurrent.locks.AbstractQueuedSynchronizer$ConditionObject.await(AbstractQueuedSynchronizer.java:2039)&#10;        at java.util.concurrent.ArrayBlockingQueue.take(ArrayBlockingQueue.java:403)&#10;        at java.util.concurrent.ThreadPoolExecutor.getTask(ThreadPoolExecutor.java:1074)&#10;        at java.util.concurrent.ThreadPoolExecutor.runWorker(ThreadPoolExecutor.java:1134)&#10;        at java.util.concurrent.ThreadPoolExecutor$Worker.run(ThreadPoolExecutor.java:624)&#10;        at java.lang.Thread.run(Thread.java:748)&#10;&quot;pool-66-thread-44&quot;  prio=5 tid=659 in Object.wait()&#10;java.lang.Thread.State: WAITING (on object monitor)&#10;        at sun.misc.Unsafe.park(Native Method)&#10;        at java.util.concurrent.locks.LockSupport.park(LockSupport.java:175)&#10;        at java.util.concurrent.locks.AbstractQueuedSynchronizer$ConditionObject.await(AbstractQueuedSynchronizer.java:2039)&#10;        at java.util.concurrent.ArrayBlockingQueue.take(ArrayBlockingQueue.java:403)&#10;        at java.util.concurrent.ThreadPoolExecutor.getTask(ThreadPoolExecutor.java:1074)&#10;        at java.util.concurrent.ThreadPoolExecutor.runWorker(ThreadPoolExecutor.java:1134)&#10;        at java.util.concurrent.ThreadPoolExecutor$Worker.run(ThreadPoolExecutor.java:624)&#10;        at java.lang.Thread.run(Thread.java:748)&#10;&quot;metrics-hadoop-metrics2-reporter-1-thread-1&quot; daemon prio=5 tid=703 timed_waiting&#10;java.lang.Thread.State: TIMED_WAITING&#10;        at sun.misc.Unsafe.park(Native Method)&#10;        at java.util.concurrent.locks.LockSupport.parkNanos(LockSupport.java:215)&#10;        at java.util.concurrent.locks.AbstractQueuedSynchronizer$ConditionObject.awaitNanos(AbstractQueuedSynchronizer.java:2078)&#10;        at java.util.concurrent.ScheduledThreadPoolExecutor$DelayedWorkQueue.take(ScheduledThreadPoolExecutor.java:1093)&#10;        at java.util.concurrent.ScheduledThreadPoolExecutor$DelayedWorkQueue.take(ScheduledThreadPoolExecutor.java:809)&#10;        at java.util.concurrent.ThreadPoolExecutor.getTask(ThreadPoolExecutor.java:1074)&#10;        at java.util.concurrent.ThreadPoolExecutor.runWorker(ThreadPoolExecutor.java:1134)&#10;        at java.util.concurrent.ThreadPoolExecutor$Worker.run(ThreadPoolExecutor.java:624)&#10;        at java.lang.Thread.run(Thread.java:748)&#10;&quot;metrics-hadoop-metrics2-reporter-62-thread-1&quot; daemon prio=5 tid=951 timed_waiting&#10;java.lang.Thread.State: TIMED_WAITING&#10;        at sun.misc.Unsafe.park(Native Method)&#10;        at java.util.concurrent.locks.LockSupport.parkNanos(LockSupport.java:215)&#10;        at java.util.concurrent.locks.AbstractQueuedSynchronizer$ConditionObject.awaitNanos(AbstractQueuedSynchronizer.java:2078)&#10;        at java.util.concurrent.ScheduledThreadPoolExecutor$DelayedWorkQueue.take(ScheduledThreadPoolExecutor.java:1093)&#10;        at java.util.concurrent.ScheduledThreadPoolExecutor$DelayedWorkQueue.take(ScheduledThreadPoolExecutor.java:809)&#10;        at java.util.concurrent.ThreadPoolExecutor.getTask(ThreadPoolExecutor.java:1074)&#10;        at java.util.concurrent.ThreadPoolExecutor.runWorker(ThreadPoolExecutor.java:1134)&#10;        at java.util.concurrent.ThreadPoolExecutor$Worker.run(ThreadPoolExecutor.java:624)&#10;        at java.lang.Thread.run(Thread.java:748)&#10;&quot;2636e257-7a47-4bf8-b940-93a028f0c6b6@group-812BEF14F159-SegmentedRaftLogWorker&quot;  prio=5 tid=979 timed_waiting&#10;java.lang.Thread.State: TIMED_WAITING&#10;        at sun.misc.Unsafe.park(Native Method)&#10;        at java.util.concurrent.locks.LockSupport.parkNanos(LockSupport.java:215)&#10;        at java.util.concurrent.locks.AbstractQueuedSynchronizer$ConditionObject.awaitNanos(AbstractQueuedSynchronizer.java:2078)&#10;        at org.apache.ratis.util.DataBlockingQueue.poll(DataBlockingQueue.java:137)&#10;        at org.apache.ratis.server.raftlog.segmented.SegmentedRaftLogWorker.run(SegmentedRaftLogWorker.java:282)&#10;        at java.lang.Thread.run(Thread.java:748)&#10;&quot;pool-80-thread-1&quot;  prio=5 tid=294 timed_waiting&#10;java.lang.Thread.State: TIMED_WAITING&#10;        at sun.misc.Unsafe.park(Native Method)&#10;        at java.util.concurrent.locks.LockSupport.parkNanos(LockSupport.java:215)&#10;        at java.util.concurrent.locks.AbstractQueuedSynchronizer$ConditionObject.awaitNanos(AbstractQueuedSynchronizer.java:2078)&#10;        at java.util.concurrent.ScheduledThreadPoolExecutor$DelayedWorkQueue.take(ScheduledThreadPoolExecutor.java:1093)&#10;        at java.util.concurrent.ScheduledThreadPoolExecutor$DelayedWorkQueue.take(ScheduledThreadPoolExecutor.java:809)&#10;        at java.util.concurrent.ThreadPoolExecutor.getTask(ThreadPoolExecutor.java:1074)&#10;        at java.util.concurrent.ThreadPoolExecutor.runWorker(ThreadPoolExecutor.java:1134)&#10;        at java.util.concurrent.ThreadPoolExecutor$Worker.run(ThreadPoolExecutor.java:624)&#10;        at java.lang.Thread.run(Thread.java:748)&#10;&quot;refreshUsed-/workdir/hadoop-ozone/integration-test/target/test-dir/MiniOzoneClusterImpl-eeadbacc-06c2-472c-a3f4-8a25f61a295a/datanode-3/data/containers&quot; daemon prio=5 tid=236 timed_waiting&#10;java.lang.Thread.State: TIMED_WAITING&#10;        at java.lang.Thread.sleep(Native Method)&#10;        at org.apache.hadoop.fs.CachingGetSpaceUsed$RefreshThread.run(CachingGetSpaceUsed.java:179)&#10;        at java.lang.Thread.run(Thread.java:748)&#10;&quot;metrics-hadoop-metrics2-reporter-58-thread-1&quot; daemon prio=5 tid=930 timed_waiting&#10;java.lang.Thread.State: TIMED_WAITING&#10;        at sun.misc.Unsafe.park(Native Method)&#10;        at java.util.concurrent.locks.LockSupport.parkNanos(LockSupport.java:215)&#10;        at java.util.concurrent.locks.AbstractQueuedSynchronizer$ConditionObject.awaitNanos(AbstractQueuedSynchronizer.java:2078)&#10;        at java.util.concurrent.ScheduledThreadPoolExecutor$DelayedWorkQueue.take(ScheduledThreadPoolExecutor.java:1093)&#10;        at java.util.concurrent.ScheduledThreadPoolExecutor$DelayedWorkQueue.take(ScheduledThreadPoolExecutor.java:809)&#10;        at java.util.concurrent.ThreadPoolExecutor.getTask(ThreadPoolExecutor.java:1074)&#10;        at java.util.concurrent.ThreadPoolExecutor.runWorker(ThreadPoolExecutor.java:1134)&#10;        at java.util.concurrent.ThreadPoolExecutor$Worker.run(ThreadPoolExecutor.java:624)&#10;        at java.lang.Thread.run(Thread.java:748)&#10;&quot;pool-56-thread-18&quot;  prio=5 tid=509 in Object.wait()&#10;java.lang.Thread.State: WAITING (on object monitor)&#10;        at sun.misc.Unsafe.park(Native Method)&#10;        at java.util.concurrent.locks.LockSupport.park(LockSupport.java:175)&#10;        at java.util.concurrent.locks.AbstractQueuedSynchronizer$ConditionObject.await(AbstractQueuedSynchronizer.java:2039)&#10;        at java.util.concurrent.ArrayBlockingQueue.take(ArrayBlockingQueue.java:403)&#10;        at java.util.concurrent.ThreadPoolExecutor.getTask(ThreadPoolExecutor.java:1074)&#10;        at java.util.concurrent.ThreadPoolExecutor.runWorker(ThreadPoolExecutor.java:1134)&#10;        at java.util.concurrent.ThreadPoolExecutor$Worker.run(ThreadPoolExecutor.java:624)&#10;        at java.lang.Thread.run(Thread.java:748)&#10;&quot;pool-76-thread-22&quot;  prio=5 tid=604 in Object.wait()&#10;java.lang.Thread.State: WAITING (on object monitor)&#10;        at sun.misc.Unsafe.park(Native Method)&#10;        at java.util.concurrent.locks.LockSupport.park(LockSupport.java:175)&#10;        at java.util.concurrent.locks.AbstractQueuedSynchronizer$ConditionObject.await(AbstractQueuedSynchronizer.java:2039)&#10;        at java.util.concurrent.ArrayBlockingQueue.take(ArrayBlockingQueue.java:403)&#10;        at java.util.concurrent.ThreadPoolExecutor.getTask(ThreadPoolExecutor.java:1074)&#10;        at java.util.concurrent.ThreadPoolExecutor.runWorker(ThreadPoolExecutor.java:1134)&#10;        at java.util.concurrent.ThreadPoolExecutor$Worker.run(ThreadPoolExecutor.java:624)&#10;        at java.lang.Thread.run(Thread.java:748)&#10;&quot;SCM Heartbeat Processing Thread - 0&quot; daemon prio=5 tid=14 timed_waiting&#10;java.lang.Thread.State: TIMED_WAITING&#10;        at sun.misc.Unsafe.park(Native Method)&#10;        at java.util.concurrent.locks.LockSupport.parkNanos(LockSupport.java:215)&#10;        at java.util.concurrent.locks.AbstractQueuedSynchronizer$ConditionObject.awaitNanos(AbstractQueuedSynchronizer.java:2078)&#10;        at java.util.concurrent.ScheduledThreadPoolExecutor$DelayedWorkQueue.take(ScheduledThreadPoolExecutor.java:1093)&#10;        at java.util.concurrent.ScheduledThreadPoolExecutor$DelayedWorkQueue.take(ScheduledThreadPoolExecutor.java:809)&#10;        at java.util.concurrent.ThreadPoolExecutor.getTask(ThreadPoolExecutor.java:1074)&#10;        at java.util.concurrent.ThreadPoolExecutor.runWorker(ThreadPoolExecutor.java:1134)&#10;        at java.util.concurrent.ThreadPoolExecutor$Worker.run(ThreadPoolExecutor.java:624)&#10;        at java.lang.Thread.run(Thread.java:748)&#10;&quot;org.apache.hadoop.util.JvmPauseMonitor$Monitor@19d3e3cd&quot; daemon prio=5 tid=312 timed_waiting&#10;java.lang.Thread.State: TIMED_WAITING&#10;        at java.lang.Thread.sleep(Native Method)&#10;        at org.apache.hadoop.util.JvmPauseMonitor$Monitor.run(JvmPauseMonitor.java:192)&#10;        at java.lang.Thread.run(Thread.java:748)&#10;&quot;Timer-0&quot;  prio=5 tid=113 timed_waiting&#10;java.lang.Thread.State: TIMED_WAITING&#10;        at java.lang.Object.wait(Native Method)&#10;        at java.util.TimerThread.mainLoop(Timer.java:552)&#10;        at java.util.TimerThread.run(Timer.java:505)&#10;&quot;pool-76-thread-34&quot;  prio=5 tid=620 in Object.wait()&#10;java.lang.Thread.State: WAITING (on object monitor)&#10;        at sun.misc.Unsafe.park(Native Method)&#10;        at java.util.concurrent.locks.LockSupport.park(LockSupport.java:175)&#10;        at java.util.concurrent.locks.AbstractQueuedSynchronizer$ConditionObject.await(AbstractQueuedSynchronizer.java:2039)&#10;        at java.util.concurrent.ArrayBlockingQueue.take(ArrayBlockingQueue.java:403)&#10;        at java.util.concurrent.ThreadPoolExecutor.getTask(ThreadPoolExecutor.java:1074)&#10;        at java.util.concurrent.ThreadPoolExecutor.runWorker(ThreadPoolExecutor.java:1134)&#10;        at java.util.concurrent.ThreadPoolExecutor$Worker.run(ThreadPoolExecutor.java:624)&#10;        at java.lang.Thread.run(Thread.java:748)&#10;&quot;IPC Server handler 16 on 42372&quot; daemon prio=5 tid=86 timed_waiting&#10;java.lang.Thread.State: TIMED_WAITING&#10;        at sun.misc.Unsafe.park(Native Method)&#10;        at java.util.concurrent.locks.LockSupport.parkNanos(LockSupport.java:215)&#10;        at java.util.concurrent.locks.AbstractQueuedSynchronizer$ConditionObject.awaitNanos(AbstractQueuedSynchronizer.java:2078)&#10;        at java.util.concurrent.LinkedBlockingQueue.poll(LinkedBlockingQueue.java:467)&#10;        at org.apache.hadoop.ipc.CallQueueManager.take(CallQueueManager.java:288)&#10;        at org.apache.hadoop.ipc.Server$Handler.run(Server.java:2668)&#10;&quot;pool-26-thread-53&quot;  prio=5 tid=500 in Object.wait()&#10;java.lang.Thread.State: WAITING (on object monitor)&#10;        at sun.misc.Unsafe.park(Native Method)&#10;        at java.util.concurrent.locks.LockSupport.park(LockSupport.java:175)&#10;        at java.util.concurrent.locks.AbstractQueuedSynchronizer$ConditionObject.await(AbstractQueuedSynchronizer.java:2039)&#10;        at java.util.concurrent.ArrayBlockingQueue.take(ArrayBlockingQueue.java:403)&#10;        at java.util.concurrent.ThreadPoolExecutor.getTask(ThreadPoolExecutor.java:1074)&#10;        at java.util.concurrent.ThreadPoolExecutor.runWorker(ThreadPoolExecutor.java:1134)&#10;        at java.util.concurrent.ThreadPoolExecutor$Worker.run(ThreadPoolExecutor.java:624)&#10;        at java.lang.Thread.run(Thread.java:748)&#10;&quot;pool-66-thread-42&quot;  prio=5 tid=655 in Object.wait()&#10;java.lang.Thread.State: WAITING (on object monitor)&#10;        at sun.misc.Unsafe.park(Native Method)&#10;        at java.util.concurrent.locks.LockSupport.park(LockSupport.java:175)&#10;        at java.util.concurrent.locks.AbstractQueuedSynchronizer$ConditionObject.await(AbstractQueuedSynchronizer.java:2039)&#10;        at java.util.concurrent.ArrayBlockingQueue.take(ArrayBlockingQueue.java:403)&#10;        at java.util.concurrent.ThreadPoolExecutor.getTask(ThreadPoolExecutor.java:1074)&#10;        at java.util.concurrent.ThreadPoolExecutor.runWorker(ThreadPoolExecutor.java:1134)&#10;        at java.util.concurrent.ThreadPoolExecutor$Worker.run(ThreadPoolExecutor.java:624)&#10;        at java.lang.Thread.run(Thread.java:748)&#10;&quot;IPC Server handler 19 on 33223&quot; daemon prio=5 tid=69 timed_waiting&#10;java.lang.Thread.State: TIMED_WAITING&#10;        at sun.misc.Unsafe.park(Native Method)&#10;        at java.util.concurrent.locks.LockSupport.parkNanos(LockSupport.java:215)&#10;        at java.util.concurrent.locks.AbstractQueuedSynchronizer$ConditionObject.awaitNanos(AbstractQueuedSynchronizer.java:2078)&#10;        at java.util.concurrent.LinkedBlockingQueue.poll(LinkedBlockingQueue.java:467)&#10;        at org.apache.hadoop.ipc.CallQueueManager.take(CallQueueManager.java:288)&#10;        at org.apache.hadoop.ipc.Server$Handler.run(Server.java:2668)&#10;&quot;qtp30546661-188-acceptor-0@3fab087f-ServerConnector@33f6a80b{HTTP/1.1,[http/1.1]}{0.0.0.0:35688}&quot; daemon prio=3 tid=188 runnable&#10;java.lang.Thread.State: RUNNABLE&#10;        at sun.nio.ch.ServerSocketChannelImpl.accept0(Native Method)&#10;        at sun.nio.ch.ServerSocketChannelImpl.accept(ServerSocketChannelImpl.java:422)&#10;        at sun.nio.ch.ServerSocketChannelImpl.accept(ServerSocketChannelImpl.java:250)&#10;        at org.eclipse.jetty.server.ServerConnector.accept(ServerConnector.java:397)&#10;        at org.eclipse.jetty.server.AbstractConnector$Acceptor.run(AbstractConnector.java:601)&#10;        at org.eclipse.jetty.util.thread.QueuedThreadPool.runJob(QueuedThreadPool.java:671)&#10;        at org.eclipse.jetty.util.thread.QueuedThreadPool$2.run(QueuedThreadPool.java:589)&#10;        at java.lang.Thread.run(Thread.java:748)&#10;&quot;pool-46-thread-46&quot;  prio=5 tid=433 in Object.wait()&#10;java.lang.Thread.State: WAITING (on object monitor)&#10;        at sun.misc.Unsafe.park(Native Method)&#10;        at java.util.concurrent.locks.LockSupport.park(LockSupport.java:175)&#10;        at java.util.concurrent.locks.AbstractQueuedSynchronizer$ConditionObject.await(AbstractQueuedSynchronizer.java:2039)&#10;        at java.util.concurrent.ArrayBlockingQueue.take(ArrayBlockingQueue.java:403)&#10;        at java.util.concurrent.ThreadPoolExecutor.getTask(ThreadPoolExecutor.java:1074)&#10;        at java.util.concurrent.ThreadPoolExecutor.runWorker(ThreadPoolExecutor.java:1134)&#10;        at java.util.concurrent.ThreadPoolExecutor$Worker.run(ThreadPoolExecutor.java:624)&#10;        at java.lang.Thread.run(Thread.java:748)&#10;&quot;pool-46-thread-24&quot;  prio=5 tid=374 in Object.wait()&#10;java.lang.Thread.State: WAITING (on object monitor)&#10;        at sun.misc.Unsafe.park(Native Method)&#10;        at java.util.concurrent.locks.LockSupport.park(LockSupport.java:175)&#10;        at java.util.concurrent.locks.AbstractQueuedSynchronizer$ConditionObject.await(AbstractQueuedSynchronizer.java:2039)&#10;        at java.util.concurrent.ArrayBlockingQueue.take(ArrayBlockingQueue.java:403)&#10;        at java.util.concurrent.ThreadPoolExecutor.getTask(ThreadPoolExecutor.java:1074)&#10;        at java.util.concurrent.ThreadPoolExecutor.runWorker(ThreadPoolExecutor.java:1134)&#10;        at java.util.concurrent.ThreadPoolExecutor$Worker.run(ThreadPoolExecutor.java:624)&#10;        at java.lang.Thread.run(Thread.java:748)&#10;&quot;IPC Server handler 2 on 33223&quot; daemon prio=5 tid=52 timed_waiting&#10;java.lang.Thread.State: TIMED_WAITING&#10;        at sun.misc.Unsafe.park(Native Method)&#10;        at java.util.concurrent.locks.LockSupport.parkNanos(LockSupport.java:215)&#10;        at java.util.concurrent.locks.AbstractQueuedSynchronizer$ConditionObject.awaitNanos(AbstractQueuedSynchronizer.java:2078)&#10;        at java.util.concurrent.LinkedBlockingQueue.poll(LinkedBlockingQueue.java:467)&#10;        at org.apache.hadoop.ipc.CallQueueManager.take(CallQueueManager.java:288)&#10;        at org.apache.hadoop.ipc.Server$Handler.run(Server.java:2668)&#10;&quot;Thread-1789&quot; daemon prio=5 tid=2384 terminated&#10;java.lang.Thread.State: TERMINATED&#10;        at java.lang.Thread.sleep(Native Method)&#10;        at org.apache.ratis.util.JavaUtils.sleep(JavaUtils.java:247)&#10;        at org.apache.ratis.server.impl.FollowerState.run(FollowerState.java:97)&#10;&quot;IPC Server handler 8 on 42372&quot; daemon prio=5 tid=78 timed_waiting&#10;java.lang.Thread.State: TIMED_WAITING&#10;        at sun.misc.Unsafe.park(Native Method)&#10;        at java.util.concurrent.locks.LockSupport.parkNanos(LockSupport.java:215)&#10;        at java.util.concurrent.locks.AbstractQueuedSynchronizer$ConditionObject.awaitNanos(AbstractQueuedSynchronizer.java:2078)&#10;        at java.util.concurrent.LinkedBlockingQueue.poll(LinkedBlockingQueue.java:467)&#10;        at org.apache.hadoop.ipc.CallQueueManager.take(CallQueueManager.java:288)&#10;        at org.apache.hadoop.ipc.Server$Handler.run(Server.java:2668)&#10;&quot;pool-76-thread-9&quot;  prio=5 tid=578 in Object.wait()&#10;java.lang.Thread.State: WAITING (on object monitor)&#10;        at sun.misc.Unsafe.park(Native Method)&#10;        at java.util.concurrent.locks.LockSupport.park(LockSupport.java:175)&#10;        at java.util.concurrent.locks.AbstractQueuedSynchronizer$ConditionObject.await(AbstractQueuedSynchronizer.java:2039)&#10;        at java.util.concurrent.ArrayBlockingQueue.take(ArrayBlockingQueue.java:403)&#10;        at java.util.concurrent.ThreadPoolExecutor.getTask(ThreadPoolExecutor.java:1074)&#10;        at java.util.concurrent.ThreadPoolExecutor.runWorker(ThreadPoolExecutor.java:1134)&#10;        at java.util.concurrent.ThreadPoolExecutor$Worker.run(ThreadPoolExecutor.java:624)&#10;        at java.lang.Thread.run(Thread.java:748)&#10;&quot;BlockDeletingService#1&quot; daemon prio=5 tid=682 in Object.wait()&#10;java.lang.Thread.State: WAITING (on object monitor)&#10;        at sun.misc.Unsafe.park(Native Method)&#10;        at java.util.concurrent.locks.LockSupport.park(LockSupport.java:175)&#10;        at java.util.concurrent.locks.AbstractQueuedSynchronizer$ConditionObject.await(AbstractQueuedSynchronizer.java:2039)&#10;        at java.util.concurrent.ScheduledThreadPoolExecutor$DelayedWorkQueue.take(ScheduledThreadPoolExecutor.java:1088)&#10;        at java.util.concurrent.ScheduledThreadPoolExecutor$DelayedWorkQueue.take(ScheduledThreadPoolExecutor.java:809)&#10;        at java.util.concurrent.ThreadPoolExecutor.getTask(ThreadPoolExecutor.java:1074)&#10;        at java.util.concurrent.ThreadPoolExecutor.runWorker(ThreadPoolExecutor.java:1134)&#10;        at java.util.concurrent.ThreadPoolExecutor$Worker.run(ThreadPoolExecutor.java:624)&#10;        at java.lang.Thread.run(Thread.java:748)&#10;&quot;pool-46-thread-3&quot;  prio=5 tid=317 in Object.wait()&#10;java.lang.Thread.State: WAITING (on object monitor)&#10;        at sun.misc.Unsafe.park(Native Method)&#10;        at java.util.concurrent.locks.LockSupport.park(LockSupport.java:175)&#10;        at java.util.concurrent.locks.AbstractQueuedSynchronizer$ConditionObject.await(AbstractQueuedSynchronizer.java:2039)&#10;        at java.util.concurrent.ArrayBlockingQueue.take(ArrayBlockingQueue.java:403)&#10;        at java.util.concurrent.ThreadPoolExecutor.getTask(ThreadPoolExecutor.java:1074)&#10;        at java.util.concurrent.ThreadPoolExecutor.runWorker(ThreadPoolExecutor.java:1134)&#10;        at java.util.concurrent.ThreadPoolExecutor$Worker.run(ThreadPoolExecutor.java:624)&#10;        at java.lang.Thread.run(Thread.java:748)&#10;&quot;pool-56-thread-40&quot;  prio=5 tid=534 in Object.wait()&#10;java.lang.Thread.State: WAITING (on object monitor)&#10;        at sun.misc.Unsafe.park(Native Method)&#10;        at java.util.concurrent.locks.LockSupport.park(LockSupport.java:175)&#10;        at java.util.concurrent.locks.AbstractQueuedSynchronizer$ConditionObject.await(AbstractQueuedSynchronizer.java:2039)&#10;        at java.util.concurrent.ArrayBlockingQueue.take(ArrayBlockingQueue.java:403)&#10;        at java.util.concurrent.ThreadPoolExecutor.getTask(ThreadPoolExecutor.java:1074)&#10;        at java.util.concurrent.ThreadPoolExecutor.runWorker(ThreadPoolExecutor.java:1134)&#10;        at java.util.concurrent.ThreadPoolExecutor$Worker.run(ThreadPoolExecutor.java:624)&#10;        at java.lang.Thread.run(Thread.java:748)&#10;&quot;Datanode ReportManager Thread - 0&quot; daemon prio=5 tid=199 timed_waiting&#10;java.lang.Thread.State: TIMED_WAITING&#10;        at sun.misc.Unsafe.park(Native Method)&#10;        at java.util.concurrent.locks.LockSupport.parkNanos(LockSupport.java:215)&#10;        at java.util.concurrent.locks.AbstractQueuedSynchronizer$ConditionObject.awaitNanos(AbstractQueuedSynchronizer.java:2078)&#10;        at java.util.concurrent.ScheduledThreadPoolExecutor$DelayedWorkQueue.take(ScheduledThreadPoolExecutor.java:1093)&#10;        at java.util.concurrent.ScheduledThreadPoolExecutor$DelayedWorkQueue.take(ScheduledThreadPoolExecutor.java:809)&#10;        at java.util.concurrent.ThreadPoolExecutor.getTask(ThreadPoolExecutor.java:1074)&#10;        at java.util.concurrent.ThreadPoolExecutor.runWorker(ThreadPoolExecutor.java:1134)&#10;        at java.util.concurrent.ThreadPoolExecutor$Worker.run(ThreadPoolExecutor.java:624)&#10;        at java.lang.Thread.run(Thread.java:748)&#10;&quot;pool-66-thread-38&quot;  prio=5 tid=645 in Object.wait()&#10;java.lang.Thread.State: WAITING (on object monitor)&#10;        at sun.misc.Unsafe.park(Native Method)&#10;        at java.util.concurrent.locks.LockSupport.park(LockSupport.java:175)&#10;        at java.util.concurrent.locks.AbstractQueuedSynchronizer$ConditionObject.await(AbstractQueuedSynchronizer.java:2039)&#10;        at java.util.concurrent.ArrayBlockingQueue.take(ArrayBlockingQueue.java:403)&#10;        at java.util.concurrent.ThreadPoolExecutor.getTask(ThreadPoolExecutor.java:1074)&#10;        at java.util.concurrent.ThreadPoolExecutor.runWorker(ThreadPoolExecutor.java:1134)&#10;        at java.util.concurrent.ThreadPoolExecutor$Worker.run(ThreadPoolExecutor.java:624)&#10;        at java.lang.Thread.run(Thread.java:748)&#10;&quot;pool-76-thread-53&quot;  prio=5 tid=646 in Object.wait()&#10;java.lang.Thread.State: WAITING (on object monitor)&#10;        at sun.misc.Unsafe.park(Native Method)&#10;        at java.util.concurrent.locks.LockSupport.park(LockSupport.java:175)&#10;        at java.util.concurrent.locks.AbstractQueuedSynchronizer$ConditionObject.await(AbstractQueuedSynchronizer.java:2039)&#10;        at java.util.concurrent.ArrayBlockingQueue.take(ArrayBlockingQueue.java:403)&#10;        at java.util.concurrent.ThreadPoolExecutor.getTask(ThreadPoolExecutor.java:1074)&#10;        at java.util.concurrent.ThreadPoolExecutor.runWorker(ThreadPoolExecutor.java:1134)&#10;        at java.util.concurrent.ThreadPoolExecutor$Worker.run(ThreadPoolExecutor.java:624)&#10;        at java.lang.Thread.run(Thread.java:748)&#10;&quot;IPC Server handler 16 on 42810&quot; daemon prio=5 tid=131 timed_waiting&#10;java.lang.Thread.State: TIMED_WAITING&#10;        at sun.misc.Unsafe.park(Native Method)&#10;        at java.util.concurrent.locks.LockSupport.parkNanos(LockSupport.java:215)&#10;        at java.util.concurrent.locks.AbstractQueuedSynchronizer$ConditionObject.awaitNanos(AbstractQueuedSynchronizer.java:2078)&#10;        at java.util.concurrent.LinkedBlockingQueue.poll(LinkedBlockingQueue.java:467)&#10;        at org.apache.hadoop.ipc.CallQueueManager.take(CallQueueManager.java:288)&#10;        at org.apache.hadoop.ipc.Server$Handler.run(Server.java:2668)&#10;&quot;pool-26-thread-36&quot;  prio=5 tid=456 in Object.wait()&#10;java.lang.Thread.State: WAITING (on object monitor)&#10;        at sun.misc.Unsafe.park(Native Method)&#10;        at java.util.concurrent.locks.LockSupport.park(LockSupport.java:175)&#10;        at java.util.concurrent.locks.AbstractQueuedSynchronizer$ConditionObject.await(AbstractQueuedSynchronizer.java:2039)&#10;        at java.util.concurrent.ArrayBlockingQueue.take(ArrayBlockingQueue.java:403)&#10;        at java.util.concurrent.ThreadPoolExecutor.getTask(ThreadPoolExecutor.java:1074)&#10;        at java.util.concurrent.ThreadPoolExecutor.runWorker(ThreadPoolExecutor.java:1134)&#10;        at java.util.concurrent.ThreadPoolExecutor$Worker.run(ThreadPoolExecutor.java:624)&#10;        at java.lang.Thread.run(Thread.java:748)&#10;&quot;metrics-hadoop-metrics2-reporter-17-thread-1&quot; daemon prio=5 tid=742 timed_waiting&#10;java.lang.Thread.State: TIMED_WAITING&#10;        at sun.misc.Unsafe.park(Native Method)&#10;        at java.util.concurrent.locks.LockSupport.parkNanos(LockSupport.java:215)&#10;        at java.util.concurrent.locks.AbstractQueuedSynchronizer$ConditionObject.awaitNanos(AbstractQueuedSynchronizer.java:2078)&#10;        at java.util.concurrent.ScheduledThreadPoolExecutor$DelayedWorkQueue.take(ScheduledThreadPoolExecutor.java:1093)&#10;        at java.util.concurrent.ScheduledThreadPoolExecutor$DelayedWorkQueue.take(ScheduledThreadPoolExecutor.java:809)&#10;        at java.util.concurrent.ThreadPoolExecutor.getTask(ThreadPoolExecutor.java:1074)&#10;        at java.util.concurrent.ThreadPoolExecutor.runWorker(ThreadPoolExecutor.java:1134)&#10;        at java.util.concurrent.ThreadPoolExecutor$Worker.run(ThreadPoolExecutor.java:624)&#10;        at java.lang.Thread.run(Thread.java:748)&#10;&quot;qtp30546661-191&quot; daemon prio=5 tid=191 timed_waiting&#10;java.lang.Thread.State: TIMED_WAITING&#10;        at sun.misc.Unsafe.park(Native Method)&#10;        at java.util.concurrent.locks.LockSupport.parkNanos(LockSupport.java:215)&#10;        at java.util.concurrent.locks.AbstractQueuedSynchronizer$ConditionObject.awaitNanos(AbstractQueuedSynchronizer.java:2078)&#10;        at org.eclipse.jetty.util.BlockingArrayQueue.poll(BlockingArrayQueue.java:392)&#10;        at org.eclipse.jetty.util.thread.QueuedThreadPool.idleJobPoll(QueuedThreadPool.java:563)&#10;        at org.eclipse.jetty.util.thread.QueuedThreadPool.access$800(QueuedThreadPool.java:48)&#10;        at org.eclipse.jetty.util.thread.QueuedThreadPool$2.run(QueuedThreadPool.java:626)&#10;        at java.lang.Thread.run(Thread.java:748)&#10;&quot;6befc45b-dcf8-424c-b341-d7aa439c4bd9@group-7DCB31437E77-StateMachineUpdater&quot; daemon prio=5 tid=705 in Object.wait()&#10;java.lang.Thread.State: WAITING (on object monitor)&#10;        at java.lang.Object.wait(Native Method)&#10;        at java.lang.Object.wait(Object.java:502)&#10;        at org.apache.ratis.server.impl.StateMachineUpdater.waitForCommit(StateMachineUpdater.java:194)&#10;        at org.apache.ratis.server.impl.StateMachineUpdater.run(StateMachineUpdater.java:159)&#10;        at java.lang.Thread.run(Thread.java:748)&#10;&quot;qtp1732973321-95&quot; daemon prio=5 tid=95 timed_waiting&#10;java.lang.Thread.State: TIMED_WAITING&#10;        at sun.misc.Unsafe.park(Native Method)&#10;        at java.util.concurrent.locks.LockSupport.parkNanos(LockSupport.java:215)&#10;        at java.util.concurrent.locks.AbstractQueuedSynchronizer$ConditionObject.awaitNanos(AbstractQueuedSynchronizer.java:2078)&#10;        at org.eclipse.jetty.util.BlockingArrayQueue.poll(BlockingArrayQueue.java:392)&#10;        at org.eclipse.jetty.util.thread.QueuedThreadPool.idleJobPoll(QueuedThreadPool.java:563)&#10;        at org.eclipse.jetty.util.thread.QueuedThreadPool.access$800(QueuedThreadPool.java:48)&#10;        at org.eclipse.jetty.util.thread.QueuedThreadPool$2.run(QueuedThreadPool.java:626)&#10;        at java.lang.Thread.run(Thread.java:748)&#10;&quot;pool-66-thread-39&quot;  prio=5 tid=647 in Object.wait()&#10;java.lang.Thread.State: WAITING (on object monitor)&#10;        at sun.misc.Unsafe.park(Native Method)&#10;        at java.util.concurrent.locks.LockSupport.park(LockSupport.java:175)&#10;        at java.util.concurrent.locks.AbstractQueuedSynchronizer$ConditionObject.await(AbstractQueuedSynchronizer.java:2039)&#10;        at java.util.concurrent.ArrayBlockingQueue.take(ArrayBlockingQueue.java:403)&#10;        at java.util.concurrent.ThreadPoolExecutor.getTask(ThreadPoolExecutor.java:1074)&#10;        at java.util.concurrent.ThreadPoolExecutor.runWorker(ThreadPoolExecutor.java:1134)&#10;        at java.util.concurrent.ThreadPoolExecutor$Worker.run(ThreadPoolExecutor.java:624)&#10;        at java.lang.Thread.run(Thread.java:748)&#10;&quot;metrics-hadoop-metrics2-reporter-43-thread-1&quot; daemon prio=5 tid=826 timed_waiting&#10;java.lang.Thread.State: TIMED_WAITING&#10;        at sun.misc.Unsafe.park(Native Method)&#10;        at java.util.concurrent.locks.LockSupport.parkNanos(LockSupport.java:215)&#10;        at java.util.concurrent.locks.AbstractQueuedSynchronizer$ConditionObject.awaitNanos(AbstractQueuedSynchronizer.java:2078)&#10;        at java.util.concurrent.ScheduledThreadPoolExecutor$DelayedWorkQueue.take(ScheduledThreadPoolExecutor.java:1093)&#10;        at java.util.concurrent.ScheduledThreadPoolExecutor$DelayedWorkQueue.take(ScheduledThreadPoolExecutor.java:809)&#10;        at java.util.concurrent.ThreadPoolExecutor.getTask(ThreadPoolExecutor.java:1074)&#10;        at java.util.concurrent.ThreadPoolExecutor.runWorker(ThreadPoolExecutor.java:1134)&#10;        at java.util.concurrent.ThreadPoolExecutor$Worker.run(ThreadPoolExecutor.java:624)&#10;        at java.lang.Thread.run(Thread.java:748)&#10;&quot;BlockDeletingService#0&quot; daemon prio=5 tid=677 timed_waiting&#10;java.lang.Thread.State: TIMED_WAITING&#10;        at sun.misc.Unsafe.park(Native Method)&#10;        at java.util.concurrent.locks.LockSupport.parkNanos(LockSupport.java:215)&#10;        at java.util.concurrent.locks.AbstractQueuedSynchronizer$ConditionObject.awaitNanos(AbstractQueuedSynchronizer.java:2078)&#10;        at java.util.concurrent.ScheduledThreadPoolExecutor$DelayedWorkQueue.take(ScheduledThreadPoolExecutor.java:1093)&#10;        at java.util.concurrent.ScheduledThreadPoolExecutor$DelayedWorkQueue.take(ScheduledThreadPoolExecutor.java:809)&#10;        at java.util.concurrent.ThreadPoolExecutor.getTask(ThreadPoolExecutor.java:1074)&#10;        at java.util.concurrent.ThreadPoolExecutor.runWorker(ThreadPoolExecutor.java:1134)&#10;        at java.util.concurrent.ThreadPoolExecutor$Worker.run(ThreadPoolExecutor.java:624)&#10;        at java.lang.Thread.run(Thread.java:748)&#10;&quot;pool-76-thread-23&quot;  prio=5 tid=605 in Object.wait()&#10;java.lang.Thread.State: WAITING (on object monitor)&#10;        at sun.misc.Unsafe.park(Native Method)&#10;        at java.util.concurrent.locks.LockSupport.park(LockSupport.java:175)&#10;        at java.util.concurrent.locks.AbstractQueuedSynchronizer$ConditionObject.await(AbstractQueuedSynchronizer.java:2039)&#10;        at java.util.concurrent.ArrayBlockingQueue.take(ArrayBlockingQueue.java:403)&#10;        at java.util.concurrent.ThreadPoolExecutor.getTask(ThreadPoolExecutor.java:1074)&#10;        at java.util.concurrent.ThreadPoolExecutor.runWorker(ThreadPoolExecutor.java:1134)&#10;        at java.util.concurrent.ThreadPoolExecutor$Worker.run(ThreadPoolExecutor.java:624)&#10;        at java.lang.Thread.run(Thread.java:748)&#10;&quot;pool-46-thread-36&quot;  prio=5 tid=406 in Object.wait()&#10;java.lang.Thread.State: WAITING (on object monitor)&#10;        at sun.misc.Unsafe.park(Native Method)&#10;        at java.util.concurrent.locks.LockSupport.park(LockSupport.java:175)&#10;        at java.util.concurrent.locks.AbstractQueuedSynchronizer$ConditionObject.await(AbstractQueuedSynchronizer.java:2039)&#10;        at java.util.concurrent.ArrayBlockingQueue.take(ArrayBlockingQueue.java:403)&#10;        at java.util.concurrent.ThreadPoolExecutor.getTask(ThreadPoolExecutor.java:1074)&#10;        at java.util.concurrent.ThreadPoolExecutor.runWorker(ThreadPoolExecutor.java:1134)&#10;        at java.util.concurrent.ThreadPoolExecutor$Worker.run(ThreadPoolExecutor.java:624)&#10;        at java.lang.Thread.run(Thread.java:748)&#10;&quot;pool-66-thread-6&quot;  prio=5 tid=561 in Object.wait()&#10;java.lang.Thread.State: WAITING (on object monitor)&#10;        at sun.misc.Unsafe.park(Native Method)&#10;        at java.util.concurrent.locks.LockSupport.park(LockSupport.java:175)&#10;        at java.util.concurrent.locks.AbstractQueuedSynchronizer$ConditionObject.await(AbstractQueuedSynchronizer.java:2039)&#10;        at java.util.concurrent.ArrayBlockingQueue.take(ArrayBlockingQueue.java:403)&#10;        at java.util.concurrent.ThreadPoolExecutor.getTask(ThreadPoolExecutor.java:1074)&#10;        at java.util.concurrent.ThreadPoolExecutor.runWorker(ThreadPoolExecutor.java:1134)&#10;        at java.util.concurrent.ThreadPoolExecutor$Worker.run(ThreadPoolExecutor.java:624)&#10;        at java.lang.Thread.run(Thread.java:748)&#10;&quot;metrics-hadoop-metrics2-reporter-18-thread-1&quot; daemon prio=5 tid=744 timed_waiting&#10;java.lang.Thread.State: TIMED_WAITING&#10;        at sun.misc.Unsafe.park(Native Method)&#10;        at java.util.concurrent.locks.LockSupport.parkNanos(LockSupport.java:215)&#10;        at java.util.concurrent.locks.AbstractQueuedSynchronizer$ConditionObject.awaitNanos(AbstractQueuedSynchronizer.java:2078)&#10;        at java.util.concurrent.ScheduledThreadPoolExecutor$DelayedWorkQueue.take(ScheduledThreadPoolExecutor.java:1093)&#10;        at java.util.concurrent.ScheduledThreadPoolExecutor$DelayedWorkQueue.take(ScheduledThreadPoolExecutor.java:809)&#10;        at java.util.concurrent.ThreadPoolExecutor.getTask(ThreadPoolExecutor.java:1074)&#10;        at java.util.concurrent.ThreadPoolExecutor.runWorker(ThreadPoolExecutor.java:1134)&#10;        at java.util.concurrent.ThreadPoolExecutor$Worker.run(ThreadPoolExecutor.java:624)&#10;        at java.lang.Thread.run(Thread.java:748)&#10;&quot;IPC Server handler 13 on 45420&quot; daemon prio=5 tid=43 timed_waiting&#10;java.lang.Thread.State: TIMED_WAITING&#10;        at sun.misc.Unsafe.park(Native Method)&#10;        at java.util.concurrent.locks.LockSupport.parkNanos(LockSupport.java:215)&#10;        at java.util.concurrent.locks.AbstractQueuedSynchronizer$ConditionObject.awaitNanos(AbstractQueuedSynchronizer.java:2078)&#10;        at java.util.concurrent.LinkedBlockingQueue.poll(LinkedBlockingQueue.java:467)&#10;        at org.apache.hadoop.ipc.CallQueueManager.take(CallQueueManager.java:288)&#10;        at org.apache.hadoop.ipc.Server$Handler.run(Server.java:2668)&#10;&quot;metrics-hadoop-metrics2-reporter-49-thread-1&quot; daemon prio=5 tid=882 timed_waiting&#10;java.lang.Thread.State: TIMED_WAITING&#10;        at sun.misc.Unsafe.park(Native Method)&#10;        at java.util.concurrent.locks.LockSupport.parkNanos(LockSupport.java:215)&#10;        at java.util.concurrent.locks.AbstractQueuedSynchronizer$ConditionObject.awaitNanos(AbstractQueuedSynchronizer.java:2078)&#10;        at java.util.concurrent.ScheduledThreadPoolExecutor$DelayedWorkQueue.take(ScheduledThreadPoolExecutor.java:1093)&#10;        at java.util.concurrent.ScheduledThreadPoolExecutor$DelayedWorkQueue.take(ScheduledThreadPoolExecutor.java:809)&#10;        at java.util.concurrent.ThreadPoolExecutor.getTask(ThreadPoolExecutor.java:1074)&#10;        at java.util.concurrent.ThreadPoolExecutor.runWorker(ThreadPoolExecutor.java:1134)&#10;        at java.util.concurrent.ThreadPoolExecutor$Worker.run(ThreadPoolExecutor.java:624)&#10;        at java.lang.Thread.run(Thread.java:748)&#10;&quot;Signal Dispatcher&quot; daemon prio=9 tid=4 runnable&#10;java.lang.Thread.State: RUNNABLE&#10;&quot;pool-76-thread-49&quot;  prio=5 tid=639 in Object.wait()&#10;java.lang.Thread.State: WAITING (on object monitor)&#10;        at sun.misc.Unsafe.park(Native Method)&#10;        at java.util.concurrent.locks.LockSupport.park(LockSupport.java:175)&#10;        at java.util.concurrent.locks.AbstractQueuedSynchronizer$ConditionObject.await(AbstractQueuedSynchronizer.java:2039)&#10;        at java.util.concurrent.ArrayBlockingQueue.take(ArrayBlockingQueue.java:403)&#10;        at java.util.concurrent.ThreadPoolExecutor.getTask(ThreadPoolExecutor.java:1074)&#10;        at java.util.concurrent.ThreadPoolExecutor.runWorker(ThreadPoolExecutor.java:1134)&#10;        at java.util.concurrent.ThreadPoolExecutor$Worker.run(ThreadPoolExecutor.java:624)&#10;        at java.lang.Thread.run(Thread.java:748)&#10;&quot;pool-76-thread-59&quot;  prio=5 tid=656 in Object.wait()&#10;java.lang.Thread.State: WAITING (on object monitor)&#10;        at sun.misc.Unsafe.park(Native Method)&#10;        at java.util.concurrent.locks.LockSupport.park(LockSupport.java:175)&#10;        at java.util.concurrent.locks.AbstractQueuedSynchronizer$ConditionObject.await(AbstractQueuedSynchronizer.java:2039)&#10;        at java.util.concurrent.ArrayBlockingQueue.take(ArrayBlockingQueue.java:403)&#10;        at java.util.concurrent.ThreadPoolExecutor.getTask(ThreadPoolExecutor.java:1074)&#10;        at java.util.concurrent.ThreadPoolExecutor.runWorker(ThreadPoolExecutor.java:1134)&#10;        at java.util.concurrent.ThreadPoolExecutor$Worker.run(ThreadPoolExecutor.java:624)&#10;        at java.lang.Thread.run(Thread.java:748)&#10;&quot;pool-36-thread-39&quot;  prio=5 tid=427 in Object.wait()&#10;java.lang.Thread.State: WAITING (on object monitor)&#10;        at sun.misc.Unsafe.park(Native Method)&#10;        at java.util.concurrent.locks.LockSupport.park(LockSupport.java:175)&#10;        at java.util.concurrent.locks.AbstractQueuedSynchronizer$ConditionObject.await(AbstractQueuedSynchronizer.java:2039)&#10;        at java.util.concurrent.ArrayBlockingQueue.take(ArrayBlockingQueue.java:403)&#10;        at java.util.concurrent.ThreadPoolExecutor.getTask(ThreadPoolExecutor.java:1074)&#10;        at java.util.concurrent.ThreadPoolExecutor.runWorker(ThreadPoolExecutor.java:1134)&#10;        at java.util.concurrent.ThreadPoolExecutor$Worker.run(ThreadPoolExecutor.java:624)&#10;        at java.lang.Thread.run(Thread.java:748)&#10;&quot;qtp1174596735-137&quot; daemon prio=5 tid=137 runnable&#10;java.lang.Thread.State: RUNNABLE&#10;        at sun.nio.ch.EPollArrayWrapper.epollWait(Native Method)&#10;        at sun.nio.ch.EPollArrayWrapper.poll(EPollArrayWrapper.java:269)&#10;        at sun.nio.ch.EPollSelectorImpl.doSelect(EPollSelectorImpl.java:93)&#10;        at sun.nio.ch.SelectorImpl.lockAndDoSelect(SelectorImpl.java:86)&#10;        at sun.nio.ch.SelectorImpl.select(SelectorImpl.java:97)&#10;        at sun.nio.ch.SelectorImpl.select(SelectorImpl.java:101)&#10;        at org.eclipse.jetty.io.ManagedSelector$SelectorProducer.select(ManagedSelector.java:243)&#10;        at org.eclipse.jetty.io.ManagedSelector$SelectorProducer.produce(ManagedSelector.java:191)&#10;        at org.eclipse.jetty.util.thread.strategy.ExecuteProduceConsume.executeProduceConsume(ExecuteProduceConsume.java:249)&#10;        at org.eclipse.jetty.util.thread.strategy.ExecuteProduceConsume.produceConsume(ExecuteProduceConsume.java:148)&#10;        at org.eclipse.jetty.util.thread.strategy.ExecuteProduceConsume.execute(ExecuteProduceConsume.java:100)&#10;        at org.eclipse.jetty.io.ManagedSelector.run(ManagedSelector.java:147)&#10;        at org.eclipse.jetty.util.thread.QueuedThreadPool.runJob(QueuedThreadPool.java:671)&#10;        at org.eclipse.jetty.util.thread.QueuedThreadPool$2.run(QueuedThreadPool.java:589)&#10;        at java.lang.Thread.run(Thread.java:748)&#10;&quot;6befc45b-dcf8-424c-b341-d7aa439c4bd9@group-7DCB31437E77-SegmentedRaftLogWorker&quot;  prio=5 tid=704 timed_waiting&#10;java.lang.Thread.State: TIMED_WAITING&#10;        at sun.misc.Unsafe.park(Native Method)&#10;        at java.util.concurrent.locks.LockSupport.parkNanos(LockSupport.java:215)&#10;        at java.util.concurrent.locks.AbstractQueuedSynchronizer$ConditionObject.awaitNanos(AbstractQueuedSynchronizer.java:2078)&#10;        at org.apache.ratis.util.DataBlockingQueue.poll(DataBlockingQueue.java:137)&#10;        at org.apache.ratis.server.raftlog.segmented.SegmentedRaftLogWorker.run(SegmentedRaftLogWorker.java:282)&#10;        at java.lang.Thread.run(Thread.java:748)&#10;&quot;pool-76-thread-40&quot;  prio=5 tid=626 in Object.wait()&#10;java.lang.Thread.State: WAITING (on object monitor)&#10;        at sun.misc.Unsafe.park(Native Method)&#10;        at java.util.concurrent.locks.LockSupport.park(LockSupport.java:175)&#10;        at java.util.concurrent.locks.AbstractQueuedSynchronizer$ConditionObject.await(AbstractQueuedSynchronizer.java:2039)&#10;        at java.util.concurrent.ArrayBlockingQueue.take(ArrayBlockingQueue.java:403)&#10;        at java.util.concurrent.ThreadPoolExecutor.getTask(ThreadPoolExecutor.java:1074)&#10;        at java.util.concurrent.ThreadPoolExecutor.runWorker(ThreadPoolExecutor.java:1134)&#10;        at java.util.concurrent.ThreadPoolExecutor$Worker.run(ThreadPoolExecutor.java:624)&#10;        at java.lang.Thread.run(Thread.java:748)&#10;&quot;Command processor thread&quot; daemon prio=5 tid=203 timed_waiting&#10;java.lang.Thread.State: TIMED_WAITING&#10;        at java.lang.Thread.sleep(Native Method)&#10;        at org.apache.hadoop.ozone.container.common.statemachine.DatanodeStateMachine.lambda$initCommandHandlerThread$1(DatanodeStateMachine.java:439)&#10;        at org.apache.hadoop.ozone.container.common.statemachine.DatanodeStateMachine$$Lambda$141/1097787199.run(Unknown Source)&#10;        at java.lang.Thread.run(Thread.java:748)&#10;&quot;qtp1931194070-242-acceptor-0@7ba0abd1-ServerConnector@7744f648{HTTP/1.1,[http/1.1]}{0.0.0.0:36277}&quot; daemon prio=3 tid=242 runnable&#10;java.lang.Thread.State: RUNNABLE&#10;        at sun.nio.ch.ServerSocketChannelImpl.accept0(Native Method)&#10;        at sun.nio.ch.ServerSocketChannelImpl.accept(ServerSocketChannelImpl.java:422)&#10;        at sun.nio.ch.ServerSocketChannelImpl.accept(ServerSocketChannelImpl.java:250)&#10;        at org.eclipse.jetty.server.ServerConnector.accept(ServerConnector.java:397)&#10;        at org.eclipse.jetty.server.AbstractConnector$Acceptor.run(AbstractConnector.java:601)&#10;        at org.eclipse.jetty.util.thread.QueuedThreadPool.runJob(QueuedThreadPool.java:671)&#10;        at org.eclipse.jetty.util.thread.QueuedThreadPool$2.run(QueuedThreadPool.java:589)&#10;        at java.lang.Thread.run(Thread.java:748)&#10;&quot;pool-26-thread-31&quot;  prio=5 tid=423 in Object.wait()&#10;java.lang.Thread.State: WAITING (on object monitor)&#10;        at sun.misc.Unsafe.park(Native Method)&#10;        at java.util.concurrent.locks.LockSupport.park(LockSupport.java:175)&#10;        at java.util.concurrent.locks.AbstractQueuedSynchronizer$ConditionObject.await(AbstractQueuedSynchronizer.java:2039)&#10;        at java.util.concurrent.ArrayBlockingQueue.take(ArrayBlockingQueue.java:403)&#10;        at java.util.concurrent.ThreadPoolExecutor.getTask(ThreadPoolExecutor.java:1074)&#10;        at java.util.concurrent.ThreadPoolExecutor.runWorker(ThreadPoolExecutor.java:1134)&#10;        at java.util.concurrent.ThreadPoolExecutor$Worker.run(ThreadPoolExecutor.java:624)&#10;        at java.lang.Thread.run(Thread.java:748)&#10;&quot;qtp1931194070-243&quot; daemon prio=5 tid=243 timed_waiting&#10;java.lang.Thread.State: TIMED_WAITING&#10;        at sun.misc.Unsafe.park(Native Method)&#10;        at java.util.concurrent.locks.LockSupport.parkNanos(LockSupport.java:215)&#10;        at java.util.concurrent.locks.AbstractQueuedSynchronizer$ConditionObject.awaitNanos(AbstractQueuedSynchronizer.java:2078)&#10;        at org.eclipse.jetty.util.BlockingArrayQueue.poll(BlockingArrayQueue.java:392)&#10;        at org.eclipse.jetty.util.thread.QueuedThreadPool.idleJobPoll(QueuedThreadPool.java:563)&#10;        at org.eclipse.jetty.util.thread.QueuedThreadPool.access$800(QueuedThreadPool.java:48)&#10;        at org.eclipse.jetty.util.thread.QueuedThreadPool$2.run(QueuedThreadPool.java:626)&#10;        at java.lang.Thread.run(Thread.java:748)&#10;&quot;pool-36-thread-11&quot;  prio=5 tid=342 in Object.wait()&#10;java.lang.Thread.State: WAITING (on object monitor)&#10;        at sun.misc.Unsafe.park(Native Method)&#10;        at java.util.concurrent.locks.LockSupport.park(LockSupport.java:175)&#10;        at java.util.concurrent.locks.AbstractQueuedSynchronizer$ConditionObject.await(AbstractQueuedSynchronizer.java:2039)&#10;        at java.util.concurrent.ArrayBlockingQueue.take(ArrayBlockingQueue.java:403)&#10;        at java.util.concurrent.ThreadPoolExecutor.getTask(ThreadPoolExecutor.java:1074)&#10;        at java.util.concurrent.ThreadPoolExecutor.runWorker(ThreadPoolExecutor.java:1134)&#10;        at java.util.concurrent.ThreadPoolExecutor$Worker.run(ThreadPoolExecutor.java:624)&#10;        at java.lang.Thread.run(Thread.java:748)&#10;&quot;Datanode State Machine Thread - 0&quot; daemon prio=5 tid=205 timed_waiting&#10;java.lang.Thread.State: TIMED_WAITING&#10;        at sun.misc.Unsafe.park(Native Method)&#10;        at java.util.concurrent.locks.LockSupport.parkNanos(LockSupport.java:215)&#10;        at java.util.concurrent.SynchronousQueue$TransferStack.awaitFulfill(SynchronousQueue.java:460)&#10;        at java.util.concurrent.SynchronousQueue$TransferStack.transfer(SynchronousQueue.java:362)&#10;        at java.util.concurrent.SynchronousQueue.poll(SynchronousQueue.java:941)&#10;        at java.util.concurrent.ThreadPoolExecutor.getTask(ThreadPoolExecutor.java:1073)&#10;        at java.util.concurrent.ThreadPoolExecutor.runWorker(ThreadPoolExecutor.java:1134)&#10;        at java.util.concurrent.ThreadPoolExecutor$Worker.run(ThreadPoolExecutor.java:624)&#10;        at java.lang.Thread.run(Thread.java:748)&#10;&quot;pool-66-thread-16&quot;  prio=5 tid=579 in Object.wait()&#10;java.lang.Thread.State: WAITING (on object monitor)&#10;        at sun.misc.Unsafe.park(Native Method)&#10;        at java.util.concurrent.locks.LockSupport.park(LockSupport.java:175)&#10;        at java.util.concurrent.locks.AbstractQueuedSynchronizer$ConditionObject.await(AbstractQueuedSynchronizer.java:2039)&#10;        at java.util.concurrent.ArrayBlockingQueue.take(ArrayBlockingQueue.java:403)&#10;        at java.util.concurrent.ThreadPoolExecutor.getTask(ThreadPoolExecutor.java:1074)&#10;        at java.util.concurrent.ThreadPoolExecutor.runWorker(ThreadPoolExecutor.java:1134)&#10;        at java.util.concurrent.ThreadPoolExecutor$Worker.run(ThreadPoolExecutor.java:624)&#10;        at java.lang.Thread.run(Thread.java:748)&#10;&quot;IPC Server handler 8 on 45420&quot; daemon prio=5 tid=38 timed_waiting&#10;java.lang.Thread.State: TIMED_WAITING&#10;        at sun.misc.Unsafe.park(Native Method)&#10;        at java.util.concurrent.locks.LockSupport.parkNanos(LockSupport.java:215)&#10;        at java.util.concurrent.locks.AbstractQueuedSynchronizer$ConditionObject.awaitNanos(AbstractQueuedSynchronizer.java:2078)&#10;        at java.util.concurrent.LinkedBlockingQueue.poll(LinkedBlockingQueue.java:467)&#10;        at org.apache.hadoop.ipc.CallQueueManager.take(CallQueueManager.java:288)&#10;        at org.apache.hadoop.ipc.Server$Handler.run(Server.java:2668)&#10;&quot;pool-66-thread-1&quot;  prio=5 tid=555 in Object.wait()&#10;java.lang.Thread.State: WAITING (on object monitor)&#10;        at sun.misc.Unsafe.park(Native Method)&#10;        at java.util.concurrent.locks.LockSupport.park(LockSupport.java:175)&#10;        at java.util.concurrent.locks.AbstractQueuedSynchronizer$ConditionObject.await(AbstractQueuedSynchronizer.java:2039)&#10;        at java.util.concurrent.ArrayBlockingQueue.take(ArrayBlockingQueue.java:403)&#10;        at java.util.concurrent.ThreadPoolExecutor.getTask(ThreadPoolExecutor.java:1074)&#10;        at java.util.concurrent.ThreadPoolExecutor.runWorker(ThreadPoolExecutor.java:1134)&#10;        at java.util.concurrent.ThreadPoolExecutor$Worker.run(ThreadPoolExecutor.java:624)&#10;        at java.lang.Thread.run(Thread.java:748)&#10;&quot;pool-46-thread-26&quot;  prio=5 tid=379 in Object.wait()&#10;java.lang.Thread.State: WAITING (on object monitor)&#10;        at sun.misc.Unsafe.park(Native Method)&#10;        at java.util.concurrent.locks.LockSupport.park(LockSupport.java:175)&#10;        at java.util.concurrent.locks.AbstractQueuedSynchronizer$ConditionObject.await(AbstractQueuedSynchronizer.java:2039)&#10;        at java.util.concurrent.ArrayBlockingQueue.take(ArrayBlockingQueue.java:403)&#10;        at java.util.concurrent.ThreadPoolExecutor.getTask(ThreadPoolExecutor.java:1074)&#10;        at java.util.concurrent.ThreadPoolExecutor.runWorker(ThreadPoolExecutor.java:1134)&#10;        at java.util.concurrent.ThreadPoolExecutor$Worker.run(ThreadPoolExecutor.java:624)&#10;        at java.lang.Thread.run(Thread.java:748)&#10;&quot;IPC Server handler 2 on 42372&quot; daemon prio=5 tid=72 timed_waiting&#10;java.lang.Thread.State: TIMED_WAITING&#10;        at sun.misc.Unsafe.park(Native Method)&#10;        at java.util.concurrent.locks.LockSupport.parkNanos(LockSupport.java:215)&#10;        at java.util.concurrent.locks.AbstractQueuedSynchronizer$ConditionObject.awaitNanos(AbstractQueuedSynchronizer.java:2078)&#10;        at java.util.concurrent.LinkedBlockingQueue.poll(LinkedBlockingQueue.java:467)&#10;        at org.apache.hadoop.ipc.CallQueueManager.take(CallQueueManager.java:288)&#10;        at org.apache.hadoop.ipc.Server$Handler.run(Server.java:2668)&#10;&quot;pool-76-thread-32&quot;  prio=5 tid=617 in Object.wait()&#10;java.lang.Thread.State: WAITING (on object monitor)&#10;        at sun.misc.Unsafe.park(Native Method)&#10;        at java.util.concurrent.locks.LockSupport.park(LockSupport.java:175)&#10;        at java.util.concurrent.locks.AbstractQueuedSynchronizer$ConditionObject.await(AbstractQueuedSynchronizer.java:2039)&#10;        at java.util.concurrent.ArrayBlockingQueue.take(ArrayBlockingQueue.java:403)&#10;        at java.util.concurrent.ThreadPoolExecutor.getTask(ThreadPoolExecutor.java:1074)&#10;        at java.util.concurrent.ThreadPoolExecutor.runWorker(ThreadPoolExecutor.java:1134)&#10;        at java.util.concurrent.ThreadPoolExecutor$Worker.run(ThreadPoolExecutor.java:624)&#10;        at java.lang.Thread.run(Thread.java:748)&#10;&quot;pool-26-thread-45&quot;  prio=5 tid=485 in Object.wait()&#10;java.lang.Thread.State: WAITING (on object monitor)&#10;        at sun.misc.Unsafe.park(Native Method)&#10;        at java.util.concurrent.locks.LockSupport.park(LockSupport.java:175)&#10;        at java.util.concurrent.locks.AbstractQueuedSynchronizer$ConditionObject.await(AbstractQueuedSynchronizer.java:2039)&#10;        at java.util.concurrent.ArrayBlockingQueue.take(ArrayBlockingQueue.java:403)&#10;        at java.util.concurrent.ThreadPoolExecutor.getTask(ThreadPoolExecutor.java:1074)&#10;        at java.util.concurrent.ThreadPoolExecutor.runWorker(ThreadPoolExecutor.java:1134)&#10;        at java.util.concurrent.ThreadPoolExecutor$Worker.run(ThreadPoolExecutor.java:624)&#10;        at java.lang.Thread.run(Thread.java:748)&#10;&quot;qtp1937022909-275&quot; daemon prio=5 tid=275 timed_waiting&#10;java.lang.Thread.State: TIMED_WAITING&#10;        at sun.misc.Unsafe.park(Native Method)&#10;        at java.util.concurrent.locks.LockSupport.parkNanos(LockSupport.java:215)&#10;        at java.util.concurrent.locks.AbstractQueuedSynchronizer$ConditionObject.awaitNanos(AbstractQueuedSynchronizer.java:2078)&#10;        at org.eclipse.jetty.util.BlockingArrayQueue.poll(BlockingArrayQueue.java:392)&#10;        at org.eclipse.jetty.util.thread.QueuedThreadPool.idleJobPoll(QueuedThreadPool.java:563)&#10;        at org.eclipse.jetty.util.thread.QueuedThreadPool.access$800(QueuedThreadPool.java:48)&#10;        at org.eclipse.jetty.util.thread.QueuedThreadPool$2.run(QueuedThreadPool.java:626)&#10;        at java.lang.Thread.run(Thread.java:748)&#10;&quot;IPC Server handler 2 on 45420&quot; daemon prio=5 tid=32 timed_waiting&#10;java.lang.Thread.State: TIMED_WAITING&#10;        at sun.misc.Unsafe.park(Native Method)&#10;        at java.util.concurrent.locks.LockSupport.parkNanos(LockSupport.java:215)&#10;        at java.util.concurrent.locks.AbstractQueuedSynchronizer$ConditionObject.awaitNanos(AbstractQueuedSynchronizer.java:2078)&#10;        at java.util.concurrent.LinkedBlockingQueue.poll(LinkedBlockingQueue.java:467)&#10;        at org.apache.hadoop.ipc.CallQueueManager.take(CallQueueManager.java:288)&#10;        at org.apache.hadoop.ipc.Server$Handler.run(Server.java:2668)&#10;&quot;IPC Server handler 19 on 42810&quot; daemon prio=5 tid=135 timed_waiting&#10;java.lang.Thread.State: TIMED_WAITING&#10;        at sun.misc.Unsafe.park(Native Method)&#10;        at java.util.concurrent.locks.LockSupport.parkNanos(LockSupport.java:215)&#10;        at java.util.concurrent.locks.AbstractQueuedSynchronizer$ConditionObject.awaitNanos(AbstractQueuedSynchronizer.java:2078)&#10;        at java.util.concurrent.LinkedBlockingQueue.poll(LinkedBlockingQueue.java:467)&#10;        at org.apache.hadoop.ipc.CallQueueManager.take(CallQueueManager.java:288)&#10;        at org.apache.hadoop.ipc.Server$Handler.run(Server.java:2668)&#10;&quot;pool-56-thread-28&quot;  prio=5 tid=522 in Object.wait()&#10;java.lang.Thread.State: WAITING (on object monitor)&#10;        at sun.misc.Unsafe.park(Native Method)&#10;        at java.util.concurrent.locks.LockSupport.park(LockSupport.java:175)&#10;        at java.util.concurrent.locks.AbstractQueuedSynchronizer$ConditionObject.await(AbstractQueuedSynchronizer.java:2039)&#10;        at java.util.concurrent.ArrayBlockingQueue.take(ArrayBlockingQueue.java:403)&#10;        at java.util.concurrent.ThreadPoolExecutor.getTask(ThreadPoolExecutor.java:1074)&#10;        at java.util.concurrent.ThreadPoolExecutor.runWorker(ThreadPoolExecutor.java:1134)&#10;        at java.util.concurrent.ThreadPoolExecutor$Worker.run(ThreadPoolExecutor.java:624)&#10;        at java.lang.Thread.run(Thread.java:748)&#10;&quot;pool-46-thread-8&quot;  prio=5 tid=326 in Object.wait()&#10;java.lang.Thread.State: WAITING (on object monitor)&#10;        at sun.misc.Unsafe.park(Native Method)&#10;        at java.util.concurrent.locks.LockSupport.park(LockSupport.java:175)&#10;        at java.util.concurrent.locks.AbstractQueuedSynchronizer$ConditionObject.await(AbstractQueuedSynchronizer.java:2039)&#10;        at java.util.concurrent.ArrayBlockingQueue.take(ArrayBlockingQueue.java:403)&#10;        at java.util.concurrent.ThreadPoolExecutor.getTask(ThreadPoolExecutor.java:1074)&#10;        at java.util.concurrent.ThreadPoolExecutor.runWorker(ThreadPoolExecutor.java:1134)&#10;        at java.util.concurrent.ThreadPoolExecutor$Worker.run(ThreadPoolExecutor.java:624)&#10;        at java.lang.Thread.run(Thread.java:748)&#10;&quot;IPC Server handler 16 on 33223&quot; daemon prio=5 tid=66 timed_waiting&#10;java.lang.Thread.State: TIMED_WAITING&#10;        at sun.misc.Unsafe.park(Native Method)&#10;        at java.util.concurrent.locks.LockSupport.parkNanos(LockSupport.java:215)&#10;        at java.util.concurrent.locks.AbstractQueuedSynchronizer$ConditionObject.awaitNanos(AbstractQueuedSynchronizer.java:2078)&#10;        at java.util.concurrent.LinkedBlockingQueue.poll(LinkedBlockingQueue.java:467)&#10;        at org.apache.hadoop.ipc.CallQueueManager.take(CallQueueManager.java:288)&#10;        at org.apache.hadoop.ipc.Server$Handler.run(Server.java:2668)&#10;&quot;Datanode ReportManager Thread - 3&quot; daemon prio=5 tid=256 in Object.wait()&#10;java.lang.Thread.State: WAITING (on object monitor)&#10;        at sun.misc.Unsafe.park(Native Method)&#10;        at java.util.concurrent.locks.LockSupport.park(LockSupport.java:175)&#10;        at java.util.concurrent.locks.AbstractQueuedSynchronizer$ConditionObject.await(AbstractQueuedSynchronizer.java:2039)&#10;        at java.util.concurrent.ScheduledThreadPoolExecutor$DelayedWorkQueue.take(ScheduledThreadPoolExecutor.java:1088)&#10;        at java.util.concurrent.ScheduledThreadPoolExecutor$DelayedWorkQueue.take(ScheduledThreadPoolExecutor.java:809)&#10;        at java.util.concurrent.ThreadPoolExecutor.getTask(ThreadPoolExecutor.java:1074)&#10;        at java.util.concurrent.ThreadPoolExecutor.runWorker(ThreadPoolExecutor.java:1134)&#10;        at java.util.concurrent.ThreadPoolExecutor$Worker.run(ThreadPoolExecutor.java:624)&#10;        at java.lang.Thread.run(Thread.java:748)&#10;&quot;pool-56-thread-4&quot;  prio=5 tid=471 in Object.wait()&#10;java.lang.Thread.State: WAITING (on object monitor)&#10;        at sun.misc.Unsafe.park(Native Method)&#10;        at java.util.concurrent.locks.LockSupport.park(LockSupport.java:175)&#10;        at java.util.concurrent.locks.AbstractQueuedSynchronizer$ConditionObject.await(AbstractQueuedSynchronizer.java:2039)&#10;        at java.util.concurrent.ArrayBlockingQueue.take(ArrayBlockingQueue.java:403)&#10;        at java.util.concurrent.ThreadPoolExecutor.getTask(ThreadPoolExecutor.java:1074)&#10;        at java.util.concurrent.ThreadPoolExecutor.runWorker(ThreadPoolExecutor.java:1134)&#10;        at java.util.concurrent.ThreadPoolExecutor$Worker.run(ThreadPoolExecutor.java:624)&#10;        at java.lang.Thread.run(Thread.java:748)&#10;&quot;BlockDeletingService#1&quot; daemon prio=5 tid=687 in Object.wait()&#10;java.lang.Thread.State: WAITING (on object monitor)&#10;        at sun.misc.Unsafe.park(Native Method)&#10;        at java.util.concurrent.locks.LockSupport.park(LockSupport.java:175)&#10;        at java.util.concurrent.locks.AbstractQueuedSynchronizer$ConditionObject.await(AbstractQueuedSynchronizer.java:2039)&#10;        at java.util.concurrent.ScheduledThreadPoolExecutor$DelayedWorkQueue.take(ScheduledThreadPoolExecutor.java:1088)&#10;        at java.util.concurrent.ScheduledThreadPoolExecutor$DelayedWorkQueue.take(ScheduledThreadPoolExecutor.java:809)&#10;        at java.util.concurrent.ThreadPoolExecutor.getTask(ThreadPoolExecutor.java:1074)&#10;        at java.util.concurrent.ThreadPoolExecutor.runWorker(ThreadPoolExecutor.java:1134)&#10;        at java.util.concurrent.ThreadPoolExecutor$Worker.run(ThreadPoolExecutor.java:624)&#10;        at java.lang.Thread.run(Thread.java:748)&#10;&quot;pool-46-thread-34&quot;  prio=5 tid=403 in Object.wait()&#10;java.lang.Thread.State: WAITING (on object monitor)&#10;        at sun.misc.Unsafe.park(Native Method)&#10;        at java.util.concurrent.locks.LockSupport.park(LockSupport.java:175)&#10;        at java.util.concurrent.locks.AbstractQueuedSynchronizer$ConditionObject.await(AbstractQueuedSynchronizer.java:2039)&#10;        at java.util.concurrent.ArrayBlockingQueue.take(ArrayBlockingQueue.java:403)&#10;        at java.util.concurrent.ThreadPoolExecutor.getTask(ThreadPoolExecutor.java:1074)&#10;        at java.util.concurrent.ThreadPoolExecutor.runWorker(ThreadPoolExecutor.java:1134)&#10;        at java.util.concurrent.ThreadPoolExecutor$Worker.run(ThreadPoolExecutor.java:624)&#10;        at java.lang.Thread.run(Thread.java:748)&#10;&quot;Periodic HDDS volume checker&quot;  prio=5 tid=288 timed_waiting&#10;java.lang.Thread.State: TIMED_WAITING&#10;        at sun.misc.Unsafe.park(Native Method)&#10;        at java.util.concurrent.locks.LockSupport.parkNanos(LockSupport.java:215)&#10;        at java.util.concurrent.locks.AbstractQueuedSynchronizer$ConditionObject.awaitNanos(AbstractQueuedSynchronizer.java:2078)&#10;        at java.util.concurrent.ScheduledThreadPoolExecutor$DelayedWorkQueue.take(ScheduledThreadPoolExecutor.java:1093)&#10;        at java.util.concurrent.ScheduledThreadPoolExecutor$DelayedWorkQueue.take(ScheduledThreadPoolExecutor.java:809)&#10;        at java.util.concurrent.ThreadPoolExecutor.getTask(ThreadPoolExecutor.java:1074)&#10;        at java.util.concurrent.ThreadPoolExecutor.runWorker(ThreadPoolExecutor.java:1134)&#10;        at java.util.concurrent.ThreadPoolExecutor$Worker.run(ThreadPoolExecutor.java:624)&#10;        at java.lang.Thread.run(Thread.java:748)&#10;&quot;pool-67-thread-1&quot;  prio=5 tid=760 in Object.wait()&#10;java.lang.Thread.State: WAITING (on object monitor)&#10;        at sun.misc.Unsafe.park(Native Method)&#10;        at java.util.concurrent.locks.LockSupport.park(LockSupport.java:175)&#10;        at java.util.concurrent.locks.AbstractQueuedSynchronizer$ConditionObject.await(AbstractQueuedSynchronizer.java:2039)&#10;        at java.util.concurrent.LinkedBlockingQueue.take(LinkedBlockingQueue.java:442)&#10;        at java.util.concurrent.ThreadPoolExecutor.getTask(ThreadPoolExecutor.java:1074)&#10;        at java.util.concurrent.ThreadPoolExecutor.runWorker(ThreadPoolExecutor.java:1134)&#10;        at java.util.concurrent.ThreadPoolExecutor$Worker.run(ThreadPoolExecutor.java:624)&#10;        at java.lang.Thread.run(Thread.java:748)&#10;&quot;pool-66-thread-9&quot;  prio=5 tid=565 in Object.wait()&#10;java.lang.Thread.State: WAITING (on object monitor)&#10;        at sun.misc.Unsafe.park(Native Method)&#10;        at java.util.concurrent.locks.LockSupport.park(LockSupport.java:175)&#10;        at java.util.concurrent.locks.AbstractQueuedSynchronizer$ConditionObject.await(AbstractQueuedSynchronizer.java:2039)&#10;        at java.util.concurrent.ArrayBlockingQueue.take(ArrayBlockingQueue.java:403)&#10;        at java.util.concurrent.ThreadPoolExecutor.getTask(ThreadPoolExecutor.java:1074)&#10;        at java.util.concurrent.ThreadPoolExecutor.runWorker(ThreadPoolExecutor.java:1134)&#10;        at java.util.concurrent.ThreadPoolExecutor$Worker.run(ThreadPoolExecutor.java:624)&#10;        at java.lang.Thread.run(Thread.java:748)&#10;&quot;pool-36-thread-42&quot;  prio=5 tid=435 in Object.wait()&#10;java.lang.Thread.State: WAITING (on object monitor)&#10;        at sun.misc.Unsafe.park(Native Method)&#10;        at java.util.concurrent.locks.LockSupport.park(LockSupport.java:175)&#10;        at java.util.concurrent.locks.AbstractQueuedSynchronizer$ConditionObject.await(AbstractQueuedSynchronizer.java:2039)&#10;        at java.util.concurrent.ArrayBlockingQueue.take(ArrayBlockingQueue.java:403)&#10;        at java.util.concurrent.ThreadPoolExecutor.getTask(ThreadPoolExecutor.java:1074)&#10;        at java.util.concurrent.ThreadPoolExecutor.runWorker(ThreadPoolExecutor.java:1134)&#10;        at java.util.concurrent.ThreadPoolExecutor$Worker.run(ThreadPoolExecutor.java:624)&#10;        at java.lang.Thread.run(Thread.java:748)&#10;&quot;org.apache.hadoop.util.JvmPauseMonitor$Monitor@4069d6e0&quot; daemon prio=5 tid=258 timed_waiting&#10;java.lang.Thread.State: TIMED_WAITING&#10;        at java.lang.Thread.sleep(Native Method)&#10;        at org.apache.hadoop.util.JvmPauseMonitor$Monitor.run(JvmPauseMonitor.java:192)&#10;        at java.lang.Thread.run(Thread.java:748)&#10;&quot;qtp2139397088-215-acceptor-0@18de27a8-ServerConnector@2ca17423{HTTP/1.1,[http/1.1]}{0.0.0.0:39527}&quot; daemon prio=3 tid=215 runnable&#10;java.lang.Thread.State: RUNNABLE&#10;        at sun.nio.ch.ServerSocketChannelImpl.accept0(Native Method)&#10;        at sun.nio.ch.ServerSocketChannelImpl.accept(ServerSocketChannelImpl.java:422)&#10;        at sun.nio.ch.ServerSocketChannelImpl.accept(ServerSocketChannelImpl.java:250)&#10;        at org.eclipse.jetty.server.ServerConnector.accept(ServerConnector.java:397)&#10;        at org.eclipse.jetty.server.AbstractConnector$Acceptor.run(AbstractConnector.java:601)&#10;        at org.eclipse.jetty.util.thread.QueuedThreadPool.runJob(QueuedThreadPool.java:671)&#10;        at org.eclipse.jetty.util.thread.QueuedThreadPool$2.run(QueuedThreadPool.java:589)&#10;        at java.lang.Thread.run(Thread.java:748)&#10;&quot;IPC Server handler 6 on 42372&quot; daemon prio=5 tid=76 timed_waiting&#10;java.lang.Thread.State: TIMED_WAITING&#10;        at sun.misc.Unsafe.park(Native Method)&#10;        at java.util.concurrent.locks.LockSupport.parkNanos(LockSupport.java:215)&#10;        at java.util.concurrent.locks.AbstractQueuedSynchronizer$ConditionObject.awaitNanos(AbstractQueuedSynchronizer.java:2078)&#10;        at java.util.concurrent.LinkedBlockingQueue.poll(LinkedBlockingQueue.java:467)&#10;        at org.apache.hadoop.ipc.CallQueueManager.take(CallQueueManager.java:288)&#10;        at org.apache.hadoop.ipc.Server$Handler.run(Server.java:2668)&#10;&quot;pool-76-thread-47&quot;  prio=5 tid=636 in Object.wait()&#10;java.lang.Thread.State: WAITING (on object monitor)&#10;        at sun.misc.Unsafe.park(Native Method)&#10;        at java.util.concurrent.locks.LockSupport.park(LockSupport.java:175)&#10;        at java.util.concurrent.locks.AbstractQueuedSynchronizer$ConditionObject.await(AbstractQueuedSynchronizer.java:2039)&#10;        at java.util.concurrent.ArrayBlockingQueue.take(ArrayBlockingQueue.java:403)&#10;        at java.util.concurrent.ThreadPoolExecutor.getTask(ThreadPoolExecutor.java:1074)&#10;        at java.util.concurrent.ThreadPoolExecutor.runWorker(ThreadPoolExecutor.java:1134)&#10;        at java.util.concurrent.ThreadPoolExecutor$Worker.run(ThreadPoolExecutor.java:624)&#10;        at java.lang.Thread.run(Thread.java:748)&#10;&quot;IPC Server handler 9 on 42372&quot; daemon prio=5 tid=79 timed_waiting&#10;java.lang.Thread.State: TIMED_WAITING&#10;        at sun.misc.Unsafe.park(Native Method)&#10;        at java.util.concurrent.locks.LockSupport.parkNanos(LockSupport.java:215)&#10;        at java.util.concurrent.locks.AbstractQueuedSynchronizer$ConditionObject.awaitNanos(AbstractQueuedSynchronizer.java:2078)&#10;        at java.util.concurrent.LinkedBlockingQueue.poll(LinkedBlockingQueue.java:467)&#10;        at org.apache.hadoop.ipc.CallQueueManager.take(CallQueueManager.java:288)&#10;        at org.apache.hadoop.ipc.Server$Handler.run(Server.java:2668)&#10;&quot;pool-56-thread-55&quot;  prio=5 tid=549 in Object.wait()&#10;java.lang.Thread.State: WAITING (on object monitor)&#10;        at sun.misc.Unsafe.park(Native Method)&#10;        at java.util.concurrent.locks.LockSupport.park(LockSupport.java:175)&#10;        at java.util.concurrent.locks.AbstractQueuedSynchronizer$ConditionObject.await(AbstractQueuedSynchronizer.java:2039)&#10;        at java.util.concurrent.ArrayBlockingQueue.take(ArrayBlockingQueue.java:403)&#10;        at java.util.concurrent.ThreadPoolExecutor.getTask(ThreadPoolExecutor.java:1074)&#10;        at java.util.concurrent.ThreadPoolExecutor.runWorker(ThreadPoolExecutor.java:1134)&#10;        at java.util.concurrent.ThreadPoolExecutor$Worker.run(ThreadPoolExecutor.java:624)&#10;        at java.lang.Thread.run(Thread.java:748)&#10;&quot;pool-46-thread-12&quot;  prio=5 tid=343 in Object.wait()&#10;java.lang.Thread.State: WAITING (on object monitor)&#10;        at sun.misc.Unsafe.park(Native Method)&#10;        at java.util.concurrent.locks.LockSupport.park(LockSupport.java:175)&#10;        at java.util.concurrent.locks.AbstractQueuedSynchronizer$ConditionObject.await(AbstractQueuedSynchronizer.java:2039)&#10;        at java.util.concurrent.ArrayBlockingQueue.take(ArrayBlockingQueue.java:403)&#10;        at java.util.concurrent.ThreadPoolExecutor.getTask(ThreadPoolExecutor.java:1074)&#10;        at java.util.concurrent.ThreadPoolExecutor.runWorker(ThreadPoolExecutor.java:1134)&#10;        at java.util.concurrent.ThreadPoolExecutor$Worker.run(ThreadPoolExecutor.java:624)&#10;        at java.lang.Thread.run(Thread.java:748)&#10;&quot;metrics-hadoop-metrics2-reporter-20-thread-1&quot; daemon prio=5 tid=751 timed_waiting&#10;java.lang.Thread.State: TIMED_WAITING&#10;        at sun.misc.Unsafe.park(Native Method)&#10;        at java.util.concurrent.locks.LockSupport.parkNanos(LockSupport.java:215)&#10;        at java.util.concurrent.locks.AbstractQueuedSynchronizer$ConditionObject.awaitNanos(AbstractQueuedSynchronizer.java:2078)&#10;        at java.util.concurrent.ScheduledThreadPoolExecutor$DelayedWorkQueue.take(ScheduledThreadPoolExecutor.java:1093)&#10;        at java.util.concurrent.ScheduledThreadPoolExecutor$DelayedWorkQueue.take(ScheduledThreadPoolExecutor.java:809)&#10;        at java.util.concurrent.ThreadPoolExecutor.getTask(ThreadPoolExecutor.java:1074)&#10;        at java.util.concurrent.ThreadPoolExecutor.runWorker(ThreadPoolExecutor.java:1134)&#10;        at java.util.concurrent.ThreadPoolExecutor$Worker.run(ThreadPoolExecutor.java:624)&#10;        at java.lang.Thread.run(Thread.java:748)&#10;&quot;qtp1174596735-142&quot; daemon prio=5 tid=142 timed_waiting&#10;java.lang.Thread.State: TIMED_WAITING&#10;        at sun.misc.Unsafe.park(Native Method)&#10;        at java.util.concurrent.locks.LockSupport.parkNanos(LockSupport.java:215)&#10;        at java.util.concurrent.locks.AbstractQueuedSynchronizer$ConditionObject.awaitNanos(AbstractQueuedSynchronizer.java:2078)&#10;        at org.eclipse.jetty.util.BlockingArrayQueue.poll(BlockingArrayQueue.java:392)&#10;        at org.eclipse.jetty.util.thread.QueuedThreadPool.idleJobPoll(QueuedThreadPool.java:563)&#10;        at org.eclipse.jetty.util.thread.QueuedThreadPool.access$800(QueuedThreadPool.java:48)&#10;        at org.eclipse.jetty.util.thread.QueuedThreadPool$2.run(QueuedThreadPool.java:626)&#10;        at java.lang.Thread.run(Thread.java:748)&#10;&quot;IPC Server idle connection scanner for port 42810&quot; daemon prio=5 tid=110 timed_waiting&#10;java.lang.Thread.State: TIMED_WAITING&#10;        at java.lang.Object.wait(Native Method)&#10;        at java.util.TimerThread.mainLoop(Timer.java:552)&#10;        at java.util.TimerThread.run(Timer.java:505)&#10;&quot;IPC Server handler 6 on 33223&quot; daemon prio=5 tid=56 timed_waiting&#10;java.lang.Thread.State: TIMED_WAITING&#10;        at sun.misc.Unsafe.park(Native Method)&#10;        at java.util.concurrent.locks.LockSupport.parkNanos(LockSupport.java:215)&#10;        at java.util.concurrent.locks.AbstractQueuedSynchronizer$ConditionObject.awaitNanos(AbstractQueuedSynchronizer.java:2078)&#10;        at java.util.concurrent.LinkedBlockingQueue.poll(LinkedBlockingQueue.java:467)&#10;        at org.apache.hadoop.ipc.CallQueueManager.take(CallQueueManager.java:288)&#10;        at org.apache.hadoop.ipc.Server$Handler.run(Server.java:2668)&#10;&quot;metrics-hadoop-metrics2-reporter-40-thread-1&quot; daemon prio=5 tid=815 timed_waiting&#10;java.lang.Thread.State: TIMED_WAITING&#10;        at sun.misc.Unsafe.park(Native Method)&#10;        at java.util.concurrent.locks.LockSupport.parkNanos(LockSupport.java:215)&#10;        at java.util.concurrent.locks.AbstractQueuedSynchronizer$ConditionObject.awaitNanos(AbstractQueuedSynchronizer.java:2078)&#10;        at java.util.concurrent.ScheduledThreadPoolExecutor$DelayedWorkQueue.take(ScheduledThreadPoolExecutor.java:1093)&#10;        at java.util.concurrent.ScheduledThreadPoolExecutor$DelayedWorkQueue.take(ScheduledThreadPoolExecutor.java:809)&#10;        at java.util.concurrent.ThreadPoolExecutor.getTask(ThreadPoolExecutor.java:1074)&#10;        at java.util.concurrent.ThreadPoolExecutor.runWorker(ThreadPoolExecutor.java:1134)&#10;        at java.util.concurrent.ThreadPoolExecutor$Worker.run(ThreadPoolExecutor.java:624)&#10;        at java.lang.Thread.run(Thread.java:748)&#10;&quot;metrics-hadoop-metrics2-reporter-2-thread-1&quot; daemon prio=5 tid=706 timed_waiting&#10;java.lang.Thread.State: TIMED_WAITING&#10;        at sun.misc.Unsafe.park(Native Method)&#10;        at java.util.concurrent.locks.LockSupport.parkNanos(LockSupport.java:215)&#10;        at java.util.concurrent.locks.AbstractQueuedSynchronizer$ConditionObject.awaitNanos(AbstractQueuedSynchronizer.java:2078)&#10;        at java.util.concurrent.ScheduledThreadPoolExecutor$DelayedWorkQueue.take(ScheduledThreadPoolExecutor.java:1093)&#10;        at java.util.concurrent.ScheduledThreadPoolExecutor$DelayedWorkQueue.take(ScheduledThreadPoolExecutor.java:809)&#10;        at java.util.concurrent.ThreadPoolExecutor.getTask(ThreadPoolExecutor.java:1074)&#10;        at java.util.concurrent.ThreadPoolExecutor.runWorker(ThreadPoolExecutor.java:1134)&#10;        at java.util.concurrent.ThreadPoolExecutor$Worker.run(ThreadPoolExecutor.java:624)&#10;        at java.lang.Thread.run(Thread.java:748)&#10;&quot;pool-46-thread-47&quot;  prio=5 tid=436 in Object.wait()&#10;java.lang.Thread.State: WAITING (on object monitor)&#10;        at sun.misc.Unsafe.park(Native Method)&#10;        at java.util.concurrent.locks.LockSupport.park(LockSupport.java:175)&#10;        at java.util.concurrent.locks.AbstractQueuedSynchronizer$ConditionObject.await(AbstractQueuedSynchronizer.java:2039)&#10;        at java.util.concurrent.ArrayBlockingQueue.take(ArrayBlockingQueue.java:403)&#10;        at java.util.concurrent.ThreadPoolExecutor.getTask(ThreadPoolExecutor.java:1074)&#10;        at java.util.concurrent.ThreadPoolExecutor.runWorker(ThreadPoolExecutor.java:1134)&#10;        at java.util.concurrent.ThreadPoolExecutor$Worker.run(ThreadPoolExecutor.java:624)&#10;        at java.lang.Thread.run(Thread.java:748)&#10;&quot;pool-46-thread-44&quot;  prio=5 tid=429 in Object.wait()&#10;java.lang.Thread.State: WAITING (on object monitor)&#10;        at sun.misc.Unsafe.park(Native Method)&#10;        at java.util.concurrent.locks.LockSupport.park(LockSupport.java:175)&#10;        at java.util.concurrent.locks.AbstractQueuedSynchronizer$ConditionObject.await(AbstractQueuedSynchronizer.java:2039)&#10;        at java.util.concurrent.ArrayBlockingQueue.take(ArrayBlockingQueue.java:403)&#10;        at java.util.concurrent.ThreadPoolExecutor.getTask(ThreadPoolExecutor.java:1074)&#10;        at java.util.concurrent.ThreadPoolExecutor.runWorker(ThreadPoolExecutor.java:1134)&#10;        at java.util.concurrent.ThreadPoolExecutor$Worker.run(ThreadPoolExecutor.java:624)&#10;        at java.lang.Thread.run(Thread.java:748)&#10;&quot;prometheus&quot; daemon prio=5 tid=101 in Object.wait()&#10;java.lang.Thread.State: WAITING (on object monitor)&#10;        at java.lang.Object.wait(Native Method)&#10;        at java.lang.Object.wait(Object.java:502)&#10;        at org.apache.hadoop.metrics2.impl.SinkQueue.waitForData(SinkQueue.java:114)&#10;        at org.apache.hadoop.metrics2.impl.SinkQueue.consumeAll(SinkQueue.java:83)&#10;        at org.apache.hadoop.metrics2.impl.MetricsSinkAdapter.publishMetricsFromQueue(MetricsSinkAdapter.java:135)&#10;        at org.apache.hadoop.metrics2.impl.MetricsSinkAdapter$1.run(MetricsSinkAdapter.java:89)&#10;&quot;pool-40-thread-1&quot;  prio=5 tid=186 timed_waiting&#10;java.lang.Thread.State: TIMED_WAITING&#10;        at sun.misc.Unsafe.park(Native Method)&#10;        at java.util.concurrent.locks.LockSupport.parkNanos(LockSupport.java:215)&#10;        at java.util.concurrent.locks.AbstractQueuedSynchronizer$ConditionObject.awaitNanos(AbstractQueuedSynchronizer.java:2078)&#10;        at java.util.concurrent.ScheduledThreadPoolExecutor$DelayedWorkQueue.take(ScheduledThreadPoolExecutor.java:1093)&#10;        at java.util.concurrent.ScheduledThreadPoolExecutor$DelayedWorkQueue.take(ScheduledThreadPoolExecutor.java:809)&#10;        at java.util.concurrent.ThreadPoolExecutor.getTask(ThreadPoolExecutor.java:1074)&#10;        at java.util.concurrent.ThreadPoolExecutor.runWorker(ThreadPoolExecutor.java:1134)&#10;        at java.util.concurrent.ThreadPoolExecutor$Worker.run(ThreadPoolExecutor.java:624)&#10;        at java.lang.Thread.run(Thread.java:748)&#10;&quot;pool-46-thread-21&quot;  prio=5 tid=367 in Object.wait()&#10;java.lang.Thread.State: WAITING (on object monitor)&#10;        at sun.misc.Unsafe.park(Native Method)&#10;        at java.util.concurrent.locks.LockSupport.park(LockSupport.java:175)&#10;        at java.util.concurrent.locks.AbstractQueuedSynchronizer$ConditionObject.await(AbstractQueuedSynchronizer.java:2039)&#10;        at java.util.concurrent.ArrayBlockingQueue.take(ArrayBlockingQueue.java:403)&#10;        at java.util.concurrent.ThreadPoolExecutor.getTask(ThreadPoolExecutor.java:1074)&#10;        at java.util.concurrent.ThreadPoolExecutor.runWorker(ThreadPoolExecutor.java:1134)&#10;        at java.util.concurrent.ThreadPoolExecutor$Worker.run(ThreadPoolExecutor.java:624)&#10;        at java.lang.Thread.run(Thread.java:748)&#10;&quot;qtp559644343-295&quot; daemon prio=5 tid=295 runnable&#10;java.lang.Thread.State: RUNNABLE&#10;        at sun.nio.ch.EPollArrayWrapper.epollWait(Native Method)&#10;        at sun.nio.ch.EPollArrayWrapper.poll(EPollArrayWrapper.java:269)&#10;        at sun.nio.ch.EPollSelectorImpl.doSelect(EPollSelectorImpl.java:93)&#10;        at sun.nio.ch.SelectorImpl.lockAndDoSelect(SelectorImpl.java:86)&#10;        at sun.nio.ch.SelectorImpl.select(SelectorImpl.java:97)&#10;        at sun.nio.ch.SelectorImpl.select(SelectorImpl.java:101)&#10;        at org.eclipse.jetty.io.ManagedSelector$SelectorProducer.select(ManagedSelector.java:243)&#10;        at org.eclipse.jetty.io.ManagedSelector$SelectorProducer.produce(ManagedSelector.java:191)&#10;        at org.eclipse.jetty.util.thread.strategy.ExecuteProduceConsume.executeProduceConsume(ExecuteProduceConsume.java:249)&#10;        at org.eclipse.jetty.util.thread.strategy.ExecuteProduceConsume.produceConsume(ExecuteProduceConsume.java:148)&#10;        at org.eclipse.jetty.util.thread.strategy.ExecuteProduceConsume.execute(ExecuteProduceConsume.java:100)&#10;        at org.eclipse.jetty.io.ManagedSelector.run(ManagedSelector.java:147)&#10;        at org.eclipse.jetty.util.thread.QueuedThreadPool.runJob(QueuedThreadPool.java:671)&#10;        at org.eclipse.jetty.util.thread.QueuedThreadPool$2.run(QueuedThreadPool.java:589)&#10;        at java.lang.Thread.run(Thread.java:748)&#10;&quot;pool-26-thread-15&quot;  prio=5 tid=366 in Object.wait()&#10;java.lang.Thread.State: WAITING (on object monitor)&#10;        at sun.misc.Unsafe.park(Native Method)&#10;        at java.util.concurrent.locks.LockSupport.park(LockSupport.java:175)&#10;        at java.util.concurrent.locks.AbstractQueuedSynchronizer$ConditionObject.await(AbstractQueuedSynchronizer.java:2039)&#10;        at java.util.concurrent.ArrayBlockingQueue.take(ArrayBlockingQueue.java:403)&#10;        at java.util.concurrent.ThreadPoolExecutor.getTask(ThreadPoolExecutor.java:1074)&#10;        at java.util.concurrent.ThreadPoolExecutor.runWorker(ThreadPoolExecutor.java:1134)&#10;        at java.util.concurrent.ThreadPoolExecutor$Worker.run(ThreadPoolExecutor.java:624)&#10;        at java.lang.Thread.run(Thread.java:748)&#10;&quot;pool-56-thread-23&quot;  prio=5 tid=517 in Object.wait()&#10;java.lang.Thread.State: WAITING (on object monitor)&#10;        at sun.misc.Unsafe.park(Native Method)&#10;        at java.util.concurrent.locks.LockSupport.park(LockSupport.java:175)&#10;        at java.util.concurrent.locks.AbstractQueuedSynchronizer$ConditionObject.await(AbstractQueuedSynchronizer.java:2039)&#10;        at java.util.concurrent.ArrayBlockingQueue.take(ArrayBlockingQueue.java:403)&#10;        at java.util.concurrent.ThreadPoolExecutor.getTask(ThreadPoolExecutor.java:1074)&#10;        at java.util.concurrent.ThreadPoolExecutor.runWorker(ThreadPoolExecutor.java:1134)&#10;        at java.util.concurrent.ThreadPoolExecutor$Worker.run(ThreadPoolExecutor.java:624)&#10;        at java.lang.Thread.run(Thread.java:748)&#10;&quot;pool-56-thread-32&quot;  prio=5 tid=526 in Object.wait()&#10;java.lang.Thread.State: WAITING (on object monitor)&#10;        at sun.misc.Unsafe.park(Native Method)&#10;        at java.util.concurrent.locks.LockSupport.park(LockSupport.java:175)&#10;        at java.util.concurrent.locks.AbstractQueuedSynchronizer$ConditionObject.await(AbstractQueuedSynchronizer.java:2039)&#10;        at java.util.concurrent.ArrayBlockingQueue.take(ArrayBlockingQueue.java:403)&#10;        at java.util.concurrent.ThreadPoolExecutor.getTask(ThreadPoolExecutor.java:1074)&#10;        at java.util.concurrent.ThreadPoolExecutor.runWorker(ThreadPoolExecutor.java:1134)&#10;        at java.util.concurrent.ThreadPoolExecutor$Worker.run(ThreadPoolExecutor.java:624)&#10;        at java.lang.Thread.run(Thread.java:748)&#10;&quot;pool-56-thread-33&quot;  prio=5 tid=527 in Object.wait()&#10;java.lang.Thread.State: WAITING (on object monitor)&#10;        at sun.misc.Unsafe.park(Native Method)&#10;        at java.util.concurrent.locks.LockSupport.park(LockSupport.java:175)&#10;        at java.util.concurrent.locks.AbstractQueuedSynchronizer$ConditionObject.await(AbstractQueuedSynchronizer.java:2039)&#10;        at java.util.concurrent.ArrayBlockingQueue.take(ArrayBlockingQueue.java:403)&#10;        at java.util.concurrent.ThreadPoolExecutor.getTask(ThreadPoolExecutor.java:1074)&#10;        at java.util.concurrent.ThreadPoolExecutor.runWorker(ThreadPoolExecutor.java:1134)&#10;        at java.util.concurrent.ThreadPoolExecutor$Worker.run(ThreadPoolExecutor.java:624)&#10;        at java.lang.Thread.run(Thread.java:748)&#10;&quot;IPC Server handler 1 on 42372&quot; daemon prio=5 tid=71 timed_waiting&#10;java.lang.Thread.State: TIMED_WAITING&#10;        at sun.misc.Unsafe.park(Native Method)&#10;        at java.util.concurrent.locks.LockSupport.parkNanos(LockSupport.java:215)&#10;        at java.util.concurrent.locks.AbstractQueuedSynchronizer$ConditionObject.awaitNanos(AbstractQueuedSynchronizer.java:2078)&#10;        at java.util.concurrent.LinkedBlockingQueue.poll(LinkedBlockingQueue.java:467)&#10;        at org.apache.hadoop.ipc.CallQueueManager.take(CallQueueManager.java:288)&#10;        at org.apache.hadoop.ipc.Server$Handler.run(Server.java:2668)&#10;&quot;pool-46-thread-49&quot;  prio=5 tid=442 in Object.wait()&#10;java.lang.Thread.State: WAITING (on object monitor)&#10;        at sun.misc.Unsafe.park(Native Method)&#10;        at java.util.concurrent.locks.LockSupport.park(LockSupport.java:175)&#10;        at java.util.concurrent.locks.AbstractQueuedSynchronizer$ConditionObject.await(AbstractQueuedSynchronizer.java:2039)&#10;        at java.util.concurrent.ArrayBlockingQueue.take(ArrayBlockingQueue.java:403)&#10;        at java.util.concurrent.ThreadPoolExecutor.getTask(ThreadPoolExecutor.java:1074)&#10;        at java.util.concurrent.ThreadPoolExecutor.runWorker(ThreadPoolExecutor.java:1134)&#10;        at java.util.concurrent.ThreadPoolExecutor$Worker.run(ThreadPoolExecutor.java:624)&#10;        at java.lang.Thread.run(Thread.java:748)&#10;&quot;process reaper&quot; daemon prio=10 tid=10 timed_waiting&#10;java.lang.Thread.State: TIMED_WAITING&#10;        at sun.misc.Unsafe.park(Native Method)&#10;        at java.util.concurrent.locks.LockSupport.parkNanos(LockSupport.java:215)&#10;        at java.util.concurrent.SynchronousQueue$TransferStack.awaitFulfill(SynchronousQueue.java:460)&#10;        at java.util.concurrent.SynchronousQueue$TransferStack.transfer(SynchronousQueue.java:362)&#10;        at java.util.concurrent.SynchronousQueue.poll(SynchronousQueue.java:941)&#10;        at java.util.concurrent.ThreadPoolExecutor.getTask(ThreadPoolExecutor.java:1073)&#10;        at java.util.concurrent.ThreadPoolExecutor.runWorker(ThreadPoolExecutor.java:1134)&#10;        at java.util.concurrent.ThreadPoolExecutor$Worker.run(ThreadPoolExecutor.java:624)&#10;        at java.lang.Thread.run(Thread.java:748)&#10;&quot;IPC Server handler 16 on 45420&quot; daemon prio=5 tid=46 timed_waiting&#10;java.lang.Thread.State: TIMED_WAITING&#10;        at sun.misc.Unsafe.park(Native Method)&#10;        at java.util.concurrent.locks.LockSupport.parkNanos(LockSupport.java:215)&#10;        at java.util.concurrent.locks.AbstractQueuedSynchronizer$ConditionObject.awaitNanos(AbstractQueuedSynchronizer.java:2078)&#10;        at java.util.concurrent.LinkedBlockingQueue.poll(LinkedBlockingQueue.java:467)&#10;        at org.apache.hadoop.ipc.CallQueueManager.take(CallQueueManager.java:288)&#10;        at org.apache.hadoop.ipc.Server$Handler.run(Server.java:2668)&#10;&quot;pool-46-thread-48&quot;  prio=5 tid=441 in Object.wait()&#10;java.lang.Thread.State: WAITING (on object monitor)&#10;        at sun.misc.Unsafe.park(Native Method)&#10;        at java.util.concurrent.locks.LockSupport.park(LockSupport.java:175)&#10;        at java.util.concurrent.locks.AbstractQueuedSynchronizer$ConditionObject.await(AbstractQueuedSynchronizer.java:2039)&#10;        at java.util.concurrent.ArrayBlockingQueue.take(ArrayBlockingQueue.java:403)&#10;        at java.util.concurrent.ThreadPoolExecutor.getTask(ThreadPoolExecutor.java:1074)&#10;        at java.util.concurrent.ThreadPoolExecutor.runWorker(ThreadPoolExecutor.java:1134)&#10;        at java.util.concurrent.ThreadPoolExecutor$Worker.run(ThreadPoolExecutor.java:624)&#10;        at java.lang.Thread.run(Thread.java:748)&#10;&quot;pool-46-thread-17&quot;  prio=5 tid=357 in Object.wait()&#10;java.lang.Thread.State: WAITING (on object monitor)&#10;        at sun.misc.Unsafe.park(Native Method)&#10;        at java.util.concurrent.locks.LockSupport.park(LockSupport.java:175)&#10;        at java.util.concurrent.locks.AbstractQueuedSynchronizer$ConditionObject.await(AbstractQueuedSynchronizer.java:2039)&#10;        at java.util.concurrent.ArrayBlockingQueue.take(ArrayBlockingQueue.java:403)&#10;        at java.util.concurrent.ThreadPoolExecutor.getTask(ThreadPoolExecutor.java:1074)&#10;        at java.util.concurrent.ThreadPoolExecutor.runWorker(ThreadPoolExecutor.java:1134)&#10;        at java.util.concurrent.ThreadPoolExecutor$Worker.run(ThreadPoolExecutor.java:624)&#10;        at java.lang.Thread.run(Thread.java:748)&#10;&quot;org.eclipse.jetty.server.session.HashSessionManager@7d3cb726Timer&quot; daemon prio=5 tid=250 timed_waiting&#10;java.lang.Thread.State: TIMED_WAITING&#10;        at sun.misc.Unsafe.park(Native Method)&#10;        at java.util.concurrent.locks.LockSupport.parkNanos(LockSupport.java:215)&#10;        at java.util.concurrent.locks.AbstractQueuedSynchronizer$ConditionObject.awaitNanos(AbstractQueuedSynchronizer.java:2078)&#10;        at java.util.concurrent.ScheduledThreadPoolExecutor$DelayedWorkQueue.take(ScheduledThreadPoolExecutor.java:1093)&#10;        at java.util.concurrent.ScheduledThreadPoolExecutor$DelayedWorkQueue.take(ScheduledThreadPoolExecutor.java:809)&#10;        at java.util.concurrent.ThreadPoolExecutor.getTask(ThreadPoolExecutor.java:1074)&#10;        at java.util.concurrent.ThreadPoolExecutor.runWorker(ThreadPoolExecutor.java:1134)&#10;        at java.util.concurrent.ThreadPoolExecutor$Worker.run(ThreadPoolExecutor.java:624)&#10;        at java.lang.Thread.run(Thread.java:748)&#10;&quot;pool-26-thread-7&quot;  prio=5 tid=345 in Object.wait()&#10;java.lang.Thread.State: WAITING (on object monitor)&#10;        at sun.misc.Unsafe.park(Native Method)&#10;        at java.util.concurrent.locks.LockSupport.park(LockSupport.java:175)&#10;        at java.util.concurrent.locks.AbstractQueuedSynchronizer$ConditionObject.await(AbstractQueuedSynchronizer.java:2039)&#10;        at java.util.concurrent.ArrayBlockingQueue.take(ArrayBlockingQueue.java:403)&#10;        at java.util.concurrent.ThreadPoolExecutor.getTask(ThreadPoolExecutor.java:1074)&#10;        at java.util.concurrent.ThreadPoolExecutor.runWorker(ThreadPoolExecutor.java:1134)&#10;        at java.util.concurrent.ThreadPoolExecutor$Worker.run(ThreadPoolExecutor.java:624)&#10;        at java.lang.Thread.run(Thread.java:748)&#10;&quot;qtp1937022909-272&quot; daemon prio=5 tid=272 timed_waiting&#10;java.lang.Thread.State: TIMED_WAITING&#10;        at sun.misc.Unsafe.park(Native Method)&#10;        at java.util.concurrent.locks.LockSupport.parkNanos(LockSupport.java:215)&#10;        at java.util.concurrent.locks.AbstractQueuedSynchronizer$ConditionObject.awaitNanos(AbstractQueuedSynchronizer.java:2078)&#10;        at org.eclipse.jetty.util.BlockingArrayQueue.poll(BlockingArrayQueue.java:392)&#10;        at org.eclipse.jetty.util.thread.QueuedThreadPool.idleJobPoll(QueuedThreadPool.java:563)&#10;        at org.eclipse.jetty.util.thread.QueuedThreadPool.access$800(QueuedThreadPool.java:48)&#10;        at org.eclipse.jetty.util.thread.QueuedThreadPool$2.run(QueuedThreadPool.java:626)&#10;        at java.lang.Thread.run(Thread.java:748)&#10;&quot;DataNode DiskChecker thread 0&quot; daemon prio=5 tid=291 timed_waiting&#10;java.lang.Thread.State: TIMED_WAITING&#10;        at sun.misc.Unsafe.park(Native Method)&#10;        at java.util.concurrent.locks.LockSupport.parkNanos(LockSupport.java:215)&#10;        at java.util.concurrent.SynchronousQueue$TransferStack.awaitFulfill(SynchronousQueue.java:460)&#10;        at java.util.concurrent.SynchronousQueue$TransferStack.transfer(SynchronousQueue.java:362)&#10;        at java.util.concurrent.SynchronousQueue.poll(SynchronousQueue.java:941)&#10;        at java.util.concurrent.ThreadPoolExecutor.getTask(ThreadPoolExecutor.java:1073)&#10;        at java.util.concurrent.ThreadPoolExecutor.runWorker(ThreadPoolExecutor.java:1134)&#10;        at java.util.concurrent.ThreadPoolExecutor$Worker.run(ThreadPoolExecutor.java:624)&#10;        at java.lang.Thread.run(Thread.java:748)&#10;&quot;grpc-default-executor-0&quot; daemon prio=5 tid=698 timed_waiting&#10;java.lang.Thread.State: TIMED_WAITING&#10;        at sun.misc.Unsafe.park(Native Method)&#10;        at java.util.concurrent.locks.LockSupport.parkNanos(LockSupport.java:215)&#10;        at java.util.concurrent.SynchronousQueue$TransferStack.awaitFulfill(SynchronousQueue.java:460)&#10;        at java.util.concurrent.SynchronousQueue$TransferStack.transfer(SynchronousQueue.java:362)&#10;        at java.util.concurrent.SynchronousQueue.poll(SynchronousQueue.java:941)&#10;        at java.util.concurrent.ThreadPoolExecutor.getTask(ThreadPoolExecutor.java:1073)&#10;        at java.util.concurrent.ThreadPoolExecutor.runWorker(ThreadPoolExecutor.java:1134)&#10;        at java.util.concurrent.ThreadPoolExecutor$Worker.run(ThreadPoolExecutor.java:624)&#10;        at java.lang.Thread.run(Thread.java:748)&#10;&quot;pool-26-thread-35&quot;  prio=5 tid=444 in Object.wait()&#10;java.lang.Thread.State: WAITING (on object monitor)&#10;        at sun.misc.Unsafe.park(Native Method)&#10;        at java.util.concurrent.locks.LockSupport.park(LockSupport.java:175)&#10;        at java.util.concurrent.locks.AbstractQueuedSynchronizer$ConditionObject.await(AbstractQueuedSynchronizer.java:2039)&#10;        at java.util.concurrent.ArrayBlockingQueue.take(ArrayBlockingQueue.java:403)&#10;        at java.util.concurrent.ThreadPoolExecutor.getTask(ThreadPoolExecutor.java:1074)&#10;        at java.util.concurrent.ThreadPoolExecutor.runWorker(ThreadPoolExecutor.java:1134)&#10;        at java.util.concurrent.ThreadPoolExecutor$Worker.run(ThreadPoolExecutor.java:624)&#10;        at java.lang.Thread.run(Thread.java:748)&#10;&quot;pool-66-thread-13&quot;  prio=5 tid=572 in Object.wait()&#10;java.lang.Thread.State: WAITING (on object monitor)&#10;        at sun.misc.Unsafe.park(Native Method)&#10;        at java.util.concurrent.locks.LockSupport.park(LockSupport.java:175)&#10;        at java.util.concurrent.locks.AbstractQueuedSynchronizer$ConditionObject.await(AbstractQueuedSynchronizer.java:2039)&#10;        at java.util.concurrent.ArrayBlockingQueue.take(ArrayBlockingQueue.java:403)&#10;        at java.util.concurrent.ThreadPoolExecutor.getTask(ThreadPoolExecutor.java:1074)&#10;        at java.util.concurrent.ThreadPoolExecutor.runWorker(ThreadPoolExecutor.java:1134)&#10;        at java.util.concurrent.ThreadPoolExecutor$Worker.run(ThreadPoolExecutor.java:624)&#10;        at java.lang.Thread.run(Thread.java:748)&#10;&quot;pool-46-thread-37&quot;  prio=5 tid=409 in Object.wait()&#10;java.lang.Thread.State: WAITING (on object monitor)&#10;        at sun.misc.Unsafe.park(Native Method)&#10;        at java.util.concurrent.locks.LockSupport.park(LockSupport.java:175)&#10;        at java.util.concurrent.locks.AbstractQueuedSynchronizer$ConditionObject.await(AbstractQueuedSynchronizer.java:2039)&#10;        at java.util.concurrent.ArrayBlockingQueue.take(ArrayBlockingQueue.java:403)&#10;        at java.util.concurrent.ThreadPoolExecutor.getTask(ThreadPoolExecutor.java:1074)&#10;        at java.util.concurrent.ThreadPoolExecutor.runWorker(ThreadPoolExecutor.java:1134)&#10;        at java.util.concurrent.ThreadPoolExecutor$Worker.run(ThreadPoolExecutor.java:624)&#10;        at java.lang.Thread.run(Thread.java:748)&#10;&quot;920a4478-64f4-4720-983c-9a2102f3c94b@group-EE70740DC1AF-StateMachineUpdater&quot; daemon prio=5 tid=718 in Object.wait()&#10;java.lang.Thread.State: WAITING (on object monitor)&#10;        at java.lang.Object.wait(Native Method)&#10;        at java.lang.Object.wait(Object.java:502)&#10;        at org.apache.ratis.server.impl.StateMachineUpdater.waitForCommit(StateMachineUpdater.java:194)&#10;        at org.apache.ratis.server.impl.StateMachineUpdater.run(StateMachineUpdater.java:159)&#10;        at java.lang.Thread.run(Thread.java:748)&#10;&quot;pool-54-thread-1&quot; daemon prio=5 tid=238 timed_waiting&#10;java.lang.Thread.State: TIMED_WAITING&#10;        at sun.misc.Unsafe.park(Native Method)&#10;        at java.util.concurrent.locks.LockSupport.parkNanos(LockSupport.java:215)&#10;        at java.util.concurrent.locks.AbstractQueuedSynchronizer$ConditionObject.awaitNanos(AbstractQueuedSynchronizer.java:2078)&#10;        at java.util.concurrent.ScheduledThreadPoolExecutor$DelayedWorkQueue.take(ScheduledThreadPoolExecutor.java:1093)&#10;        at java.util.concurrent.ScheduledThreadPoolExecutor$DelayedWorkQueue.take(ScheduledThreadPoolExecutor.java:809)&#10;        at java.util.concurrent.ThreadPoolExecutor.getTask(ThreadPoolExecutor.java:1074)&#10;        at java.util.concurrent.ThreadPoolExecutor.runWorker(ThreadPoolExecutor.java:1134)&#10;        at java.util.concurrent.ThreadPoolExecutor$Worker.run(ThreadPoolExecutor.java:624)&#10;        at java.lang.Thread.run(Thread.java:748)&#10;&quot;pool-46-thread-57&quot;  prio=5 tid=468 in Object.wait()&#10;java.lang.Thread.State: WAITING (on object monitor)&#10;        at sun.misc.Unsafe.park(Native Method)&#10;        at java.util.concurrent.locks.LockSupport.park(LockSupport.java:175)&#10;        at java.util.concurrent.locks.AbstractQueuedSynchronizer$ConditionObject.await(AbstractQueuedSynchronizer.java:2039)&#10;        at java.util.concurrent.ArrayBlockingQueue.take(ArrayBlockingQueue.java:403)&#10;        at java.util.concurrent.ThreadPoolExecutor.getTask(ThreadPoolExecutor.java:1074)&#10;        at java.util.concurrent.ThreadPoolExecutor.runWorker(ThreadPoolExecutor.java:1134)&#10;        at java.util.concurrent.ThreadPoolExecutor$Worker.run(ThreadPoolExecutor.java:624)&#10;        at java.lang.Thread.run(Thread.java:748)&#10;&quot;pool-26-thread-44&quot;  prio=5 tid=484 in Object.wait()&#10;java.lang.Thread.State: WAITING (on object monitor)&#10;        at sun.misc.Unsafe.park(Native Method)&#10;        at java.util.concurrent.locks.LockSupport.park(LockSupport.java:175)&#10;        at java.util.concurrent.locks.AbstractQueuedSynchronizer$ConditionObject.await(AbstractQueuedSynchronizer.java:2039)&#10;        at java.util.concurrent.ArrayBlockingQueue.take(ArrayBlockingQueue.java:403)&#10;        at java.util.concurrent.ThreadPoolExecutor.getTask(ThreadPoolExecutor.java:1074)&#10;        at java.util.concurrent.ThreadPoolExecutor.runWorker(ThreadPoolExecutor.java:1134)&#10;        at java.util.concurrent.ThreadPoolExecutor$Worker.run(ThreadPoolExecutor.java:624)&#10;        at java.lang.Thread.run(Thread.java:748)&#10;&quot;DataNode DiskChecker thread 0&quot; daemon prio=5 tid=237 timed_waiting&#10;java.lang.Thread.State: TIMED_WAITING&#10;        at sun.misc.Unsafe.park(Native Method)&#10;        at java.util.concurrent.locks.LockSupport.parkNanos(LockSupport.java:215)&#10;        at java.util.concurrent.SynchronousQueue$TransferStack.awaitFulfill(SynchronousQueue.java:460)&#10;        at java.util.concurrent.SynchronousQueue$TransferStack.transfer(SynchronousQueue.java:362)&#10;        at java.util.concurrent.SynchronousQueue.poll(SynchronousQueue.java:941)&#10;        at java.util.concurrent.ThreadPoolExecutor.getTask(ThreadPoolExecutor.java:1073)&#10;        at java.util.concurrent.ThreadPoolExecutor.runWorker(ThreadPoolExecutor.java:1134)&#10;        at java.util.concurrent.ThreadPoolExecutor$Worker.run(ThreadPoolExecutor.java:624)&#10;        at java.lang.Thread.run(Thread.java:748)&#10;&quot;pool-26-thread-51&quot;  prio=5 tid=497 in Object.wait()&#10;java.lang.Thread.State: WAITING (on object monitor)&#10;        at sun.misc.Unsafe.park(Native Method)&#10;        at java.util.concurrent.locks.LockSupport.park(LockSupport.java:175)&#10;        at java.util.concurrent.locks.AbstractQueuedSynchronizer$ConditionObject.await(AbstractQueuedSynchronizer.java:2039)&#10;        at java.util.concurrent.ArrayBlockingQueue.take(ArrayBlockingQueue.java:403)&#10;        at java.util.concurrent.ThreadPoolExecutor.getTask(ThreadPoolExecutor.java:1074)&#10;        at java.util.concurrent.ThreadPoolExecutor.runWorker(ThreadPoolExecutor.java:1134)&#10;        at java.util.concurrent.ThreadPoolExecutor$Worker.run(ThreadPoolExecutor.java:624)&#10;        at java.lang.Thread.run(Thread.java:748)&#10;&quot;metrics-hadoop-metrics2-reporter-77-thread-1&quot; daemon prio=5 tid=1022 timed_waiting&#10;java.lang.Thread.State: TIMED_WAITING&#10;        at sun.misc.Unsafe.park(Native Method)&#10;        at java.util.concurrent.locks.LockSupport.parkNanos(LockSupport.java:215)&#10;        at java.util.concurrent.locks.AbstractQueuedSynchronizer$ConditionObject.awaitNanos(AbstractQueuedSynchronizer.java:2078)&#10;        at java.util.concurrent.ScheduledThreadPoolExecutor$DelayedWorkQueue.take(ScheduledThreadPoolExecutor.java:1093)&#10;        at java.util.concurrent.ScheduledThreadPoolExecutor$DelayedWorkQueue.take(ScheduledThreadPoolExecutor.java:809)&#10;        at java.util.concurrent.ThreadPoolExecutor.getTask(ThreadPoolExecutor.java:1074)&#10;        at java.util.concurrent.ThreadPoolExecutor.runWorker(ThreadPoolExecutor.java:1134)&#10;        at java.util.concurrent.ThreadPoolExecutor$Worker.run(ThreadPoolExecutor.java:624)&#10;        at java.lang.Thread.run(Thread.java:748)&#10;&quot;java.util.concurrent.ThreadPoolExecutor$Worker@38b4ea7a[State = -1, empty queue]&quot; daemon prio=5 tid=862 timed_waiting&#10;java.lang.Thread.State: TIMED_WAITING&#10;        at sun.misc.Unsafe.park(Native Method)&#10;        at java.util.concurrent.locks.LockSupport.parkNanos(LockSupport.java:215)&#10;        at java.util.concurrent.locks.AbstractQueuedSynchronizer$ConditionObject.awaitNanos(AbstractQueuedSynchronizer.java:2078)&#10;        at java.util.concurrent.ScheduledThreadPoolExecutor$DelayedWorkQueue.take(ScheduledThreadPoolExecutor.java:1093)&#10;        at java.util.concurrent.ScheduledThreadPoolExecutor$DelayedWorkQueue.take(ScheduledThreadPoolExecutor.java:809)&#10;        at java.util.concurrent.ThreadPoolExecutor.getTask(ThreadPoolExecutor.java:1074)&#10;        at java.util.concurrent.ThreadPoolExecutor.runWorker(ThreadPoolExecutor.java:1134)&#10;        at java.util.concurrent.ThreadPoolExecutor$Worker.run(ThreadPoolExecutor.java:624)&#10;        at java.lang.Thread.run(Thread.java:748)&#10;&quot;pool-56-thread-6&quot;  prio=5 tid=482 in Object.wait()&#10;java.lang.Thread.State: WAITING (on object monitor)&#10;        at sun.misc.Unsafe.park(Native Method)&#10;        at java.util.concurrent.locks.LockSupport.park(LockSupport.java:175)&#10;        at java.util.concurrent.locks.AbstractQueuedSynchronizer$ConditionObject.await(AbstractQueuedSynchronizer.java:2039)&#10;        at java.util.concurrent.ArrayBlockingQueue.take(ArrayBlockingQueue.java:403)&#10;        at java.util.concurrent.ThreadPoolExecutor.getTask(ThreadPoolExecutor.java:1074)&#10;        at java.util.concurrent.ThreadPoolExecutor.runWorker(ThreadPoolExecutor.java:1134)&#10;        at java.util.concurrent.ThreadPoolExecutor$Worker.run(ThreadPoolExecutor.java:624)&#10;        at java.lang.Thread.run(Thread.java:748)&#10;&quot;pool-36-thread-54&quot;  prio=5 tid=457 in Object.wait()&#10;java.lang.Thread.State: WAITING (on object monitor)&#10;        at sun.misc.Unsafe.park(Native Method)&#10;        at java.util.concurrent.locks.LockSupport.park(LockSupport.java:175)&#10;        at java.util.concurrent.locks.AbstractQueuedSynchronizer$ConditionObject.await(AbstractQueuedSynchronizer.java:2039)&#10;        at java.util.concurrent.ArrayBlockingQueue.take(ArrayBlockingQueue.java:403)&#10;        at java.util.concurrent.ThreadPoolExecutor.getTask(ThreadPoolExecutor.java:1074)&#10;        at java.util.concurrent.ThreadPoolExecutor.runWorker(ThreadPoolExecutor.java:1134)&#10;        at java.util.concurrent.ThreadPoolExecutor$Worker.run(ThreadPoolExecutor.java:624)&#10;        at java.lang.Thread.run(Thread.java:748)&#10;&quot;pool-66-thread-20&quot;  prio=5 tid=587 in Object.wait()&#10;java.lang.Thread.State: WAITING (on object monitor)&#10;        at sun.misc.Unsafe.park(Native Method)&#10;        at java.util.concurrent.locks.LockSupport.park(LockSupport.java:175)&#10;        at java.util.concurrent.locks.AbstractQueuedSynchronizer$ConditionObject.await(AbstractQueuedSynchronizer.java:2039)&#10;        at java.util.concurrent.ArrayBlockingQueue.take(ArrayBlockingQueue.java:403)&#10;        at java.util.concurrent.ThreadPoolExecutor.getTask(ThreadPoolExecutor.java:1074)&#10;        at java.util.concurrent.ThreadPoolExecutor.runWorker(ThreadPoolExecutor.java:1134)&#10;        at java.util.concurrent.ThreadPoolExecutor$Worker.run(ThreadPoolExecutor.java:624)&#10;        at java.lang.Thread.run(Thread.java:748)&#10;&quot;metrics-hadoop-metrics2-reporter-6-thread-1&quot; daemon prio=5 tid=716 timed_waiting&#10;java.lang.Thread.State: TIMED_WAITING&#10;        at sun.misc.Unsafe.park(Native Method)&#10;        at java.util.concurrent.locks.LockSupport.parkNanos(LockSupport.java:215)&#10;        at java.util.concurrent.locks.AbstractQueuedSynchronizer$ConditionObject.awaitNanos(AbstractQueuedSynchronizer.java:2078)&#10;        at java.util.concurrent.ScheduledThreadPoolExecutor$DelayedWorkQueue.take(ScheduledThreadPoolExecutor.java:1093)&#10;        at java.util.concurrent.ScheduledThreadPoolExecutor$DelayedWorkQueue.take(ScheduledThreadPoolExecutor.java:809)&#10;        at java.util.concurrent.ThreadPoolExecutor.getTask(ThreadPoolExecutor.java:1074)&#10;        at java.util.concurrent.ThreadPoolExecutor.runWorker(ThreadPoolExecutor.java:1134)&#10;        at java.util.concurrent.ThreadPoolExecutor$Worker.run(ThreadPoolExecutor.java:624)&#10;        at java.lang.Thread.run(Thread.java:748)&#10;&quot;pool-26-thread-59&quot;  prio=5 tid=514 in Object.wait()&#10;java.lang.Thread.State: WAITING (on object monitor)&#10;        at sun.misc.Unsafe.park(Native Method)&#10;        at java.util.concurrent.locks.LockSupport.park(LockSupport.java:175)&#10;        at java.util.concurrent.locks.AbstractQueuedSynchronizer$ConditionObject.await(AbstractQueuedSynchronizer.java:2039)&#10;        at java.util.concurrent.ArrayBlockingQueue.take(ArrayBlockingQueue.java:403)&#10;        at java.util.concurrent.ThreadPoolExecutor.getTask(ThreadPoolExecutor.java:1074)&#10;        at java.util.concurrent.ThreadPoolExecutor.runWorker(ThreadPoolExecutor.java:1134)&#10;        at java.util.concurrent.ThreadPoolExecutor$Worker.run(ThreadPoolExecutor.java:624)&#10;        at java.lang.Thread.run(Thread.java:748)&#10;&quot;pool-36-thread-20&quot;  prio=5 tid=376 in Object.wait()&#10;java.lang.Thread.State: WAITING (on object monitor)&#10;        at sun.misc.Unsafe.park(Native Method)&#10;        at java.util.concurrent.locks.LockSupport.park(LockSupport.java:175)&#10;        at java.util.concurrent.locks.AbstractQueuedSynchronizer$ConditionObject.await(AbstractQueuedSynchronizer.java:2039)&#10;        at java.util.concurrent.ArrayBlockingQueue.take(ArrayBlockingQueue.java:403)&#10;        at java.util.concurrent.ThreadPoolExecutor.getTask(ThreadPoolExecutor.java:1074)&#10;        at java.util.concurrent.ThreadPoolExecutor.runWorker(ThreadPoolExecutor.java:1134)&#10;        at java.util.concurrent.ThreadPoolExecutor$Worker.run(ThreadPoolExecutor.java:624)&#10;        at java.lang.Thread.run(Thread.java:748)&#10;&quot;Periodic HDDS volume checker&quot;  prio=5 tid=207 timed_waiting&#10;java.lang.Thread.State: TIMED_WAITING&#10;        at sun.misc.Unsafe.park(Native Method)&#10;        at java.util.concurrent.locks.LockSupport.parkNanos(LockSupport.java:215)&#10;        at java.util.concurrent.locks.AbstractQueuedSynchronizer$ConditionObject.awaitNanos(AbstractQueuedSynchronizer.java:2078)&#10;        at java.util.concurrent.ScheduledThreadPoolExecutor$DelayedWorkQueue.take(ScheduledThreadPoolExecutor.java:1093)&#10;        at java.util.concurrent.ScheduledThreadPoolExecutor$DelayedWorkQueue.take(ScheduledThreadPoolExecutor.java:809)&#10;        at java.util.concurrent.ThreadPoolExecutor.getTask(ThreadPoolExecutor.java:1074)&#10;        at java.util.concurrent.ThreadPoolExecutor.runWorker(ThreadPoolExecutor.java:1134)&#10;        at java.util.concurrent.ThreadPoolExecutor$Worker.run(ThreadPoolExecutor.java:624)&#10;        at java.lang.Thread.run(Thread.java:748)&#10;&quot;pool-46-thread-56&quot;  prio=5 tid=465 in Object.wait()&#10;java.lang.Thread.State: WAITING (on object monitor)&#10;        at sun.misc.Unsafe.park(Native Method)&#10;        at java.util.concurrent.locks.LockSupport.park(LockSupport.java:175)&#10;        at java.util.concurrent.locks.AbstractQueuedSynchronizer$ConditionObject.await(AbstractQueuedSynchronizer.java:2039)&#10;        at java.util.concurrent.ArrayBlockingQueue.take(ArrayBlockingQueue.java:403)&#10;        at java.util.concurrent.ThreadPoolExecutor.getTask(ThreadPoolExecutor.java:1074)&#10;        at java.util.concurrent.ThreadPoolExecutor.runWorker(ThreadPoolExecutor.java:1134)&#10;        at java.util.concurrent.ThreadPoolExecutor$Worker.run(ThreadPoolExecutor.java:624)&#10;        at java.lang.Thread.run(Thread.java:748)&#10;&quot;pool-46-thread-45&quot;  prio=5 tid=430 in Object.wait()&#10;java.lang.Thread.State: WAITING (on object monitor)&#10;        at sun.misc.Unsafe.park(Native Method)&#10;        at java.util.concurrent.locks.LockSupport.park(LockSupport.java:175)&#10;        at java.util.concurrent.locks.AbstractQueuedSynchronizer$ConditionObject.await(AbstractQueuedSynchronizer.java:2039)&#10;        at java.util.concurrent.ArrayBlockingQueue.take(ArrayBlockingQueue.java:403)&#10;        at java.util.concurrent.ThreadPoolExecutor.getTask(ThreadPoolExecutor.java:1074)&#10;        at java.util.concurrent.ThreadPoolExecutor.runWorker(ThreadPoolExecutor.java:1134)&#10;        at java.util.concurrent.ThreadPoolExecutor$Worker.run(ThreadPoolExecutor.java:624)&#10;        at java.lang.Thread.run(Thread.java:748)&#10;&quot;metrics-hadoop-metrics2-reporter-76-thread-1&quot; daemon prio=5 tid=1019 timed_waiting&#10;java.lang.Thread.State: TIMED_WAITING&#10;        at sun.misc.Unsafe.park(Native Method)&#10;        at java.util.concurrent.locks.LockSupport.parkNanos(LockSupport.java:215)&#10;        at java.util.concurrent.locks.AbstractQueuedSynchronizer$ConditionObject.awaitNanos(AbstractQueuedSynchronizer.java:2078)&#10;        at java.util.concurrent.ScheduledThreadPoolExecutor$DelayedWorkQueue.take(ScheduledThreadPoolExecutor.java:1093)&#10;        at java.util.concurrent.ScheduledThreadPoolExecutor$DelayedWorkQueue.take(ScheduledThreadPoolExecutor.java:809)&#10;        at java.util.concurrent.ThreadPoolExecutor.getTask(ThreadPoolExecutor.java:1074)&#10;        at java.util.concurrent.ThreadPoolExecutor.runWorker(ThreadPoolExecutor.java:1134)&#10;        at java.util.concurrent.ThreadPoolExecutor$Worker.run(ThreadPoolExecutor.java:624)&#10;        at java.lang.Thread.run(Thread.java:748)&#10;&quot;pool-56-thread-47&quot;  prio=5 tid=541 in Object.wait()&#10;java.lang.Thread.State: WAITING (on object monitor)&#10;        at sun.misc.Unsafe.park(Native Method)&#10;        at java.util.concurrent.locks.LockSupport.park(LockSupport.java:175)&#10;        at java.util.concurrent.locks.AbstractQueuedSynchronizer$ConditionObject.await(AbstractQueuedSynchronizer.java:2039)&#10;        at java.util.concurrent.ArrayBlockingQueue.take(ArrayBlockingQueue.java:403)&#10;        at java.util.concurrent.ThreadPoolExecutor.getTask(ThreadPoolExecutor.java:1074)&#10;        at java.util.concurrent.ThreadPoolExecutor.runWorker(ThreadPoolExecutor.java:1134)&#10;        at java.util.concurrent.ThreadPoolExecutor$Worker.run(ThreadPoolExecutor.java:624)&#10;        at java.lang.Thread.run(Thread.java:748)&#10;&quot;org.eclipse.jetty.server.session.HashSessionManager@170e54d7Timer&quot; daemon prio=5 tid=197 timed_waiting&#10;java.lang.Thread.State: TIMED_WAITING&#10;        at sun.misc.Unsafe.park(Native Method)&#10;        at java.util.concurrent.locks.LockSupport.parkNanos(LockSupport.java:215)&#10;        at java.util.concurrent.locks.AbstractQueuedSynchronizer$ConditionObject.awaitNanos(AbstractQueuedSynchronizer.java:2078)&#10;        at java.util.concurrent.ScheduledThreadPoolExecutor$DelayedWorkQueue.take(ScheduledThreadPoolExecutor.java:1093)&#10;        at java.util.concurrent.ScheduledThreadPoolExecutor$DelayedWorkQueue.take(ScheduledThreadPoolExecutor.java:809)&#10;        at java.util.concurrent.ThreadPoolExecutor.getTask(ThreadPoolExecutor.java:1074)&#10;        at java.util.concurrent.ThreadPoolExecutor.runWorker(ThreadPoolExecutor.java:1134)&#10;        at java.util.concurrent.ThreadPoolExecutor$Worker.run(ThreadPoolExecutor.java:624)&#10;        at java.lang.Thread.run(Thread.java:748)&#10;&quot;Datanode ReportManager Thread - 1&quot; daemon prio=5 tid=200 in Object.wait()&#10;java.lang.Thread.State: WAITING (on object monitor)&#10;        at sun.misc.Unsafe.park(Native Method)&#10;        at java.util.concurrent.locks.LockSupport.park(LockSupport.java:175)&#10;        at java.util.concurrent.locks.AbstractQueuedSynchronizer$ConditionObject.await(AbstractQueuedSynchronizer.java:2039)&#10;        at java.util.concurrent.ScheduledThreadPoolExecutor$DelayedWorkQueue.take(ScheduledThreadPoolExecutor.java:1088)&#10;        at java.util.concurrent.ScheduledThreadPoolExecutor$DelayedWorkQueue.take(ScheduledThreadPoolExecutor.java:809)&#10;        at java.util.concurrent.ThreadPoolExecutor.getTask(ThreadPoolExecutor.java:1074)&#10;        at java.util.concurrent.ThreadPoolExecutor.runWorker(ThreadPoolExecutor.java:1134)&#10;        at java.util.concurrent.ThreadPoolExecutor$Worker.run(ThreadPoolExecutor.java:624)&#10;        at java.lang.Thread.run(Thread.java:748)&#10;&quot;IPC Parameter Sending Thread #1&quot; daemon prio=5 tid=1059 timed_waiting&#10;java.lang.Thread.State: TIMED_WAITING&#10;        at sun.misc.Unsafe.park(Native Method)&#10;        at java.util.concurrent.locks.LockSupport.parkNanos(LockSupport.java:215)&#10;        at java.util.concurrent.SynchronousQueue$TransferStack.awaitFulfill(SynchronousQueue.java:460)&#10;        at java.util.concurrent.SynchronousQueue$TransferStack.transfer(SynchronousQueue.java:362)&#10;        at java.util.concurrent.SynchronousQueue.poll(SynchronousQueue.java:941)&#10;        at java.util.concurrent.ThreadPoolExecutor.getTask(ThreadPoolExecutor.java:1073)&#10;        at java.util.concurrent.ThreadPoolExecutor.runWorker(ThreadPoolExecutor.java:1134)&#10;        at java.util.concurrent.ThreadPoolExecutor$Worker.run(ThreadPoolExecutor.java:624)&#10;        at java.lang.Thread.run(Thread.java:748)&#10;&quot;pool-36-thread-30&quot;  prio=5 tid=404 in Object.wait()&#10;java.lang.Thread.State: WAITING (on object monitor)&#10;        at sun.misc.Unsafe.park(Native Method)&#10;        at java.util.concurrent.locks.LockSupport.park(LockSupport.java:175)&#10;        at java.util.concurrent.locks.AbstractQueuedSynchronizer$ConditionObject.await(AbstractQueuedSynchronizer.java:2039)&#10;        at java.util.concurrent.ArrayBlockingQueue.take(ArrayBlockingQueue.java:403)&#10;        at java.util.concurrent.ThreadPoolExecutor.getTask(ThreadPoolExecutor.java:1074)&#10;        at java.util.concurrent.ThreadPoolExecutor.runWorker(ThreadPoolExecutor.java:1134)&#10;        at java.util.concurrent.ThreadPoolExecutor$Worker.run(ThreadPoolExecutor.java:624)&#10;        at java.lang.Thread.run(Thread.java:748)&#10;&quot;pool-66-thread-59&quot;  prio=5 tid=674 in Object.wait()&#10;java.lang.Thread.State: WAITING (on object monitor)&#10;        at sun.misc.Unsafe.park(Native Method)&#10;        at java.util.concurrent.locks.LockSupport.park(LockSupport.java:175)&#10;        at java.util.concurrent.locks.AbstractQueuedSynchronizer$ConditionObject.await(AbstractQueuedSynchronizer.java:2039)&#10;        at java.util.concurrent.ArrayBlockingQueue.take(ArrayBlockingQueue.java:403)&#10;        at java.util.concurrent.ThreadPoolExecutor.getTask(ThreadPoolExecutor.java:1074)&#10;        at java.util.concurrent.ThreadPoolExecutor.runWorker(ThreadPoolExecutor.java:1134)&#10;        at java.util.concurrent.ThreadPoolExecutor$Worker.run(ThreadPoolExecutor.java:624)&#10;        at java.lang.Thread.run(Thread.java:748)&#10;&quot;IPC Server handler 12 on 33223&quot; daemon prio=5 tid=62 timed_waiting&#10;java.lang.Thread.State: TIMED_WAITING&#10;        at sun.misc.Unsafe.park(Native Method)&#10;        at java.util.concurrent.locks.LockSupport.parkNanos(LockSupport.java:215)&#10;        at java.util.concurrent.locks.AbstractQueuedSynchronizer$ConditionObject.awaitNanos(AbstractQueuedSynchronizer.java:2078)&#10;        at java.util.concurrent.LinkedBlockingQueue.poll(LinkedBlockingQueue.java:467)&#10;        at org.apache.hadoop.ipc.CallQueueManager.take(CallQueueManager.java:288)&#10;        at org.apache.hadoop.ipc.Server$Handler.run(Server.java:2668)&#10;&quot;pool-46-thread-50&quot;  prio=5 tid=443 in Object.wait()&#10;java.lang.Thread.State: WAITING (on object monitor)&#10;        at sun.misc.Unsafe.park(Native Method)&#10;        at java.util.concurrent.locks.LockSupport.park(LockSupport.java:175)&#10;        at java.util.concurrent.locks.AbstractQueuedSynchronizer$ConditionObject.await(AbstractQueuedSynchronizer.java:2039)&#10;        at java.util.concurrent.ArrayBlockingQueue.take(ArrayBlockingQueue.java:403)&#10;        at java.util.concurrent.ThreadPoolExecutor.getTask(ThreadPoolExecutor.java:1074)&#10;        at java.util.concurrent.ThreadPoolExecutor.runWorker(ThreadPoolExecutor.java:1134)&#10;        at java.util.concurrent.ThreadPoolExecutor$Worker.run(ThreadPoolExecutor.java:624)&#10;        at java.lang.Thread.run(Thread.java:748)&#10;&quot;metrics-hadoop-metrics2-reporter-41-thread-1&quot; daemon prio=5 tid=819 timed_waiting&#10;java.lang.Thread.State: TIMED_WAITING&#10;        at sun.misc.Unsafe.park(Native Method)&#10;        at java.util.concurrent.locks.LockSupport.parkNanos(LockSupport.java:215)&#10;        at java.util.concurrent.locks.AbstractQueuedSynchronizer$ConditionObject.awaitNanos(AbstractQueuedSynchronizer.java:2078)&#10;        at java.util.concurrent.ScheduledThreadPoolExecutor$DelayedWorkQueue.take(ScheduledThreadPoolExecutor.java:1093)&#10;        at java.util.concurrent.ScheduledThreadPoolExecutor$DelayedWorkQueue.take(ScheduledThreadPoolExecutor.java:809)&#10;        at java.util.concurrent.ThreadPoolExecutor.getTask(ThreadPoolExecutor.java:1074)&#10;        at java.util.concurrent.ThreadPoolExecutor.runWorker(ThreadPoolExecutor.java:1134)&#10;        at java.util.concurrent.ThreadPoolExecutor$Worker.run(ThreadPoolExecutor.java:624)&#10;        at java.lang.Thread.run(Thread.java:748)&#10;&quot;metrics-hadoop-metrics2-reporter-28-thread-1&quot; daemon prio=5 tid=768 timed_waiting&#10;java.lang.Thread.State: TIMED_WAITING&#10;        at sun.misc.Unsafe.park(Native Method)&#10;        at java.util.concurrent.locks.LockSupport.parkNanos(LockSupport.java:215)&#10;        at java.util.concurrent.locks.AbstractQueuedSynchronizer$ConditionObject.awaitNanos(AbstractQueuedSynchronizer.java:2078)&#10;        at java.util.concurrent.ScheduledThreadPoolExecutor$DelayedWorkQueue.take(ScheduledThreadPoolExecutor.java:1093)&#10;        at java.util.concurrent.ScheduledThreadPoolExecutor$DelayedWorkQueue.take(ScheduledThreadPoolExecutor.java:809)&#10;        at java.util.concurrent.ThreadPoolExecutor.getTask(ThreadPoolExecutor.java:1074)&#10;        at java.util.concurrent.ThreadPoolExecutor.runWorker(ThreadPoolExecutor.java:1134)&#10;        at java.util.concurrent.ThreadPoolExecutor$Worker.run(ThreadPoolExecutor.java:624)&#10;        at java.lang.Thread.run(Thread.java:748)&#10;&quot;qtp1937022909-274&quot; daemon prio=5 tid=274 timed_waiting&#10;java.lang.Thread.State: TIMED_WAITING&#10;        at sun.misc.Unsafe.park(Native Method)&#10;        at java.util.concurrent.locks.LockSupport.parkNanos(LockSupport.java:215)&#10;        at java.util.concurrent.locks.AbstractQueuedSynchronizer$ConditionObject.awaitNanos(AbstractQueuedSynchronizer.java:2078)&#10;        at org.eclipse.jetty.util.BlockingArrayQueue.poll(BlockingArrayQueue.java:392)&#10;        at org.eclipse.jetty.util.thread.QueuedThreadPool.idleJobPoll(QueuedThreadPool.java:563)&#10;        at org.eclipse.jetty.util.thread.QueuedThreadPool.access$800(QueuedThreadPool.java:48)&#10;        at org.eclipse.jetty.util.thread.QueuedThreadPool$2.run(QueuedThreadPool.java:626)&#10;        at java.lang.Thread.run(Thread.java:748)&#10;&quot;BlockDeletingService#0&quot; daemon prio=5 tid=678 timed_waiting&#10;java.lang.Thread.State: TIMED_WAITING&#10;        at sun.misc.Unsafe.park(Native Method)&#10;        at java.util.concurrent.locks.LockSupport.parkNanos(LockSupport.java:215)&#10;        at java.util.concurrent.locks.AbstractQueuedSynchronizer$ConditionObject.awaitNanos(AbstractQueuedSynchronizer.java:2078)&#10;        at java.util.concurrent.ScheduledThreadPoolExecutor$DelayedWorkQueue.take(ScheduledThreadPoolExecutor.java:1093)&#10;        at java.util.concurrent.ScheduledThreadPoolExecutor$DelayedWorkQueue.take(ScheduledThreadPoolExecutor.java:809)&#10;        at java.util.concurrent.ThreadPoolExecutor.getTask(ThreadPoolExecutor.java:1074)&#10;        at java.util.concurrent.ThreadPoolExecutor.runWorker(ThreadPoolExecutor.java:1134)&#10;        at java.util.concurrent.ThreadPoolExecutor$Worker.run(ThreadPoolExecutor.java:624)&#10;        at java.lang.Thread.run(Thread.java:748)&#10;&quot;metrics-hadoop-metrics2-reporter-34-thread-1&quot; daemon prio=5 tid=791 timed_waiting&#10;java.lang.Thread.State: TIMED_WAITING&#10;        at sun.misc.Unsafe.park(Native Method)&#10;        at java.util.concurrent.locks.LockSupport.parkNanos(LockSupport.java:215)&#10;        at java.util.concurrent.locks.AbstractQueuedSynchronizer$ConditionObject.awaitNanos(AbstractQueuedSynchronizer.java:2078)&#10;        at java.util.concurrent.ScheduledThreadPoolExecutor$DelayedWorkQueue.take(ScheduledThreadPoolExecutor.java:1093)&#10;        at java.util.concurrent.ScheduledThreadPoolExecutor$DelayedWorkQueue.take(ScheduledThreadPoolExecutor.java:809)&#10;        at java.util.concurrent.ThreadPoolExecutor.getTask(ThreadPoolExecutor.java:1074)&#10;        at java.util.concurrent.ThreadPoolExecutor.runWorker(ThreadPoolExecutor.java:1134)&#10;        at java.util.concurrent.ThreadPoolExecutor$Worker.run(ThreadPoolExecutor.java:624)&#10;        at java.lang.Thread.run(Thread.java:748)&#10;&quot;qtp2139397088-217&quot; daemon prio=5 tid=217 timed_waiting&#10;java.lang.Thread.State: TIMED_WAITING&#10;        at sun.misc.Unsafe.park(Native Method)&#10;        at java.util.concurrent.locks.LockSupport.parkNanos(LockSupport.java:215)&#10;        at java.util.concurrent.locks.AbstractQueuedSynchronizer$ConditionObject.awaitNanos(AbstractQueuedSynchronizer.java:2078)&#10;        at org.eclipse.jetty.util.BlockingArrayQueue.poll(BlockingArrayQueue.java:392)&#10;        at org.eclipse.jetty.util.thread.QueuedThreadPool.idleJobPoll(QueuedThreadPool.java:563)&#10;        at org.eclipse.jetty.util.thread.QueuedThreadPool.access$800(QueuedThreadPool.java:48)&#10;        at org.eclipse.jetty.util.thread.QueuedThreadPool$2.run(QueuedThreadPool.java:626)&#10;        at java.lang.Thread.run(Thread.java:748)&#10;&quot;pool-56-thread-41&quot;  prio=5 tid=535 in Object.wait()&#10;java.lang.Thread.State: WAITING (on object monitor)&#10;        at sun.misc.Unsafe.park(Native Method)&#10;        at java.util.concurrent.locks.LockSupport.park(LockSupport.java:175)&#10;        at java.util.concurrent.locks.AbstractQueuedSynchronizer$ConditionObject.await(AbstractQueuedSynchronizer.java:2039)&#10;        at java.util.concurrent.ArrayBlockingQueue.take(ArrayBlockingQueue.java:403)&#10;        at java.util.concurrent.ThreadPoolExecutor.getTask(ThreadPoolExecutor.java:1074)&#10;        at java.util.concurrent.ThreadPoolExecutor.runWorker(ThreadPoolExecutor.java:1134)&#10;        at java.util.concurrent.ThreadPoolExecutor$Worker.run(ThreadPoolExecutor.java:624)&#10;        at java.lang.Thread.run(Thread.java:748)&#10;&quot;Datanode State Machine Thread - 0&quot; daemon prio=5 tid=198 timed_waiting&#10;java.lang.Thread.State: TIMED_WAITING&#10;        at java.lang.Thread.sleep(Native Method)&#10;        at org.apache.hadoop.ozone.container.common.statemachine.DatanodeStateMachine.start(DatanodeStateMachine.java:191)&#10;        at org.apache.hadoop.ozone.container.common.statemachine.DatanodeStateMachine.lambda$startDaemon$0(DatanodeStateMachine.java:349)&#10;        at org.apache.hadoop.ozone.container.common.statemachine.DatanodeStateMachine$$Lambda$140/2066701670.run(Unknown Source)&#10;        at java.lang.Thread.run(Thread.java:748)&#10;&quot;pool-36-thread-14&quot;  prio=5 tid=351 in Object.wait()&#10;java.lang.Thread.State: WAITING (on object monitor)&#10;        at sun.misc.Unsafe.park(Native Method)&#10;        at java.util.concurrent.locks.LockSupport.park(LockSupport.java:175)&#10;        at java.util.concurrent.locks.AbstractQueuedSynchronizer$ConditionObject.await(AbstractQueuedSynchronizer.java:2039)&#10;        at java.util.concurrent.ArrayBlockingQueue.take(ArrayBlockingQueue.java:403)&#10;        at java.util.concurrent.ThreadPoolExecutor.getTask(ThreadPoolExecutor.java:1074)&#10;        at java.util.concurrent.ThreadPoolExecutor.runWorker(ThreadPoolExecutor.java:1134)&#10;        at java.util.concurrent.ThreadPoolExecutor$Worker.run(ThreadPoolExecutor.java:624)&#10;        at java.lang.Thread.run(Thread.java:748)&#10;&quot;grpc-default-executor-1&quot; daemon prio=5 tid=774 timed_waiting&#10;java.lang.Thread.State: TIMED_WAITING&#10;        at sun.misc.Unsafe.park(Native Method)&#10;        at java.util.concurrent.locks.LockSupport.parkNanos(LockSupport.java:215)&#10;        at java.util.concurrent.SynchronousQueue$TransferStack.awaitFulfill(SynchronousQueue.java:460)&#10;        at java.util.concurrent.SynchronousQueue$TransferStack.transfer(SynchronousQueue.java:362)&#10;        at java.util.concurrent.SynchronousQueue.poll(SynchronousQueue.java:941)&#10;        at java.util.concurrent.ThreadPoolExecutor.getTask(ThreadPoolExecutor.java:1073)&#10;        at java.util.concurrent.ThreadPoolExecutor.runWorker(ThreadPoolExecutor.java:1134)&#10;        at java.util.concurrent.ThreadPoolExecutor$Worker.run(ThreadPoolExecutor.java:624)&#10;        at java.lang.Thread.run(Thread.java:748)&#10;&quot;Socket Reader #1 for port 42810&quot;  prio=5 tid=109 runnable&#10;java.lang.Thread.State: RUNNABLE&#10;        at sun.nio.ch.EPollArrayWrapper.epollWait(Native Method)&#10;        at sun.nio.ch.EPollArrayWrapper.poll(EPollArrayWrapper.java:269)&#10;        at sun.nio.ch.EPollSelectorImpl.doSelect(EPollSelectorImpl.java:93)&#10;        at sun.nio.ch.SelectorImpl.lockAndDoSelect(SelectorImpl.java:86)&#10;        at sun.nio.ch.SelectorImpl.select(SelectorImpl.java:97)&#10;        at sun.nio.ch.SelectorImpl.select(SelectorImpl.java:101)&#10;        at org.apache.hadoop.ipc.Server$Listener$Reader.doRunLoop(Server.java:1097)&#10;        at org.apache.hadoop.ipc.Server$Listener$Reader.run(Server.java:1076)&#10;&quot;IPC Server handler 17 on 33223&quot; daemon prio=5 tid=67 timed_waiting&#10;java.lang.Thread.State: TIMED_WAITING&#10;        at sun.misc.Unsafe.park(Native Method)&#10;        at java.util.concurrent.locks.LockSupport.parkNanos(LockSupport.java:215)&#10;        at java.util.concurrent.locks.AbstractQueuedSynchronizer$ConditionObject.awaitNanos(AbstractQueuedSynchronizer.java:2078)&#10;        at java.util.concurrent.LinkedBlockingQueue.poll(LinkedBlockingQueue.java:467)&#10;        at org.apache.hadoop.ipc.CallQueueManager.take(CallQueueManager.java:288)&#10;        at org.apache.hadoop.ipc.Server$Handler.run(Server.java:2668)&#10;&quot;pool-56-thread-19&quot;  prio=5 tid=511 in Object.wait()&#10;java.lang.Thread.State: WAITING (on object monitor)&#10;        at sun.misc.Unsafe.park(Native Method)&#10;        at java.util.concurrent.locks.LockSupport.park(LockSupport.java:175)&#10;        at java.util.concurrent.locks.AbstractQueuedSynchronizer$ConditionObject.await(AbstractQueuedSynchronizer.java:2039)&#10;        at java.util.concurrent.ArrayBlockingQueue.take(ArrayBlockingQueue.java:403)&#10;        at java.util.concurrent.ThreadPoolExecutor.getTask(ThreadPoolExecutor.java:1074)&#10;        at java.util.concurrent.ThreadPoolExecutor.runWorker(ThreadPoolExecutor.java:1134)&#10;        at java.util.concurrent.ThreadPoolExecutor$Worker.run(ThreadPoolExecutor.java:624)&#10;        at java.lang.Thread.run(Thread.java:748)&#10;&quot;metrics-hadoop-metrics2-reporter-78-thread-1&quot; daemon prio=5 tid=1024 timed_waiting&#10;java.lang.Thread.State: TIMED_WAITING&#10;        at sun.misc.Unsafe.park(Native Method)&#10;        at java.util.concurrent.locks.LockSupport.parkNanos(LockSupport.java:215)&#10;        at java.util.concurrent.locks.AbstractQueuedSynchronizer$ConditionObject.awaitNanos(AbstractQueuedSynchronizer.java:2078)&#10;        at java.util.concurrent.ScheduledThreadPoolExecutor$DelayedWorkQueue.take(ScheduledThreadPoolExecutor.java:1093)&#10;        at java.util.concurrent.ScheduledThreadPoolExecutor$DelayedWorkQueue.take(ScheduledThreadPoolExecutor.java:809)&#10;        at java.util.concurrent.ThreadPoolExecutor.getTask(ThreadPoolExecutor.java:1074)&#10;        at java.util.concurrent.ThreadPoolExecutor.runWorker(ThreadPoolExecutor.java:1134)&#10;        at java.util.concurrent.ThreadPoolExecutor$Worker.run(ThreadPoolExecutor.java:624)&#10;        at java.lang.Thread.run(Thread.java:748)&#10;&quot;pool-56-thread-17&quot;  prio=5 tid=507 in Object.wait()&#10;java.lang.Thread.State: WAITING (on object monitor)&#10;        at sun.misc.Unsafe.park(Native Method)&#10;        at java.util.concurrent.locks.LockSupport.park(LockSupport.java:175)&#10;        at java.util.concurrent.locks.AbstractQueuedSynchronizer$ConditionObject.await(AbstractQueuedSynchronizer.java:2039)&#10;        at java.util.concurrent.ArrayBlockingQueue.take(ArrayBlockingQueue.java:403)&#10;        at java.util.concurrent.ThreadPoolExecutor.getTask(ThreadPoolExecutor.java:1074)&#10;        at java.util.concurrent.ThreadPoolExecutor.runWorker(ThreadPoolExecutor.java:1134)&#10;        at java.util.concurrent.ThreadPoolExecutor$Worker.run(ThreadPoolExecutor.java:624)&#10;        at java.lang.Thread.run(Thread.java:748)&#10;&quot;SCMBlockDeletingService#1&quot; daemon prio=5 tid=103 in Object.wait()&#10;java.lang.Thread.State: WAITING (on object monitor)&#10;        at sun.misc.Unsafe.park(Native Method)&#10;        at java.util.concurrent.locks.LockSupport.park(LockSupport.java:175)&#10;        at java.util.concurrent.locks.AbstractQueuedSynchronizer$ConditionObject.await(AbstractQueuedSynchronizer.java:2039)&#10;        at java.util.concurrent.ScheduledThreadPoolExecutor$DelayedWorkQueue.take(ScheduledThreadPoolExecutor.java:1088)&#10;        at java.util.concurrent.ScheduledThreadPoolExecutor$DelayedWorkQueue.take(ScheduledThreadPoolExecutor.java:809)&#10;        at java.util.concurrent.ThreadPoolExecutor.getTask(ThreadPoolExecutor.java:1074)&#10;        at java.util.concurrent.ThreadPoolExecutor.runWorker(ThreadPoolExecutor.java:1134)&#10;        at java.util.concurrent.ThreadPoolExecutor$Worker.run(ThreadPoolExecutor.java:624)&#10;        at java.lang.Thread.run(Thread.java:748)&#10;&quot;05f59524-a4ea-4be4-b99d-fb9eed47142d@group-40B9D2E3090B-SegmentedRaftLogWorker&quot;  prio=5 tid=739 timed_waiting&#10;java.lang.Thread.State: TIMED_WAITING&#10;        at sun.misc.Unsafe.park(Native Method)&#10;        at java.util.concurrent.locks.LockSupport.parkNanos(LockSupport.java:215)&#10;        at java.util.concurrent.locks.AbstractQueuedSynchronizer$ConditionObject.awaitNanos(AbstractQueuedSynchronizer.java:2078)&#10;        at org.apache.ratis.util.DataBlockingQueue.poll(DataBlockingQueue.java:137)&#10;        at org.apache.ratis.server.raftlog.segmented.SegmentedRaftLogWorker.run(SegmentedRaftLogWorker.java:282)&#10;        at java.lang.Thread.run(Thread.java:748)&#10;&quot;metrics-hadoop-metrics2-reporter-57-thread-1&quot; daemon prio=5 tid=918 timed_waiting&#10;java.lang.Thread.State: TIMED_WAITING&#10;        at sun.misc.Unsafe.park(Native Method)&#10;        at java.util.concurrent.locks.LockSupport.parkNanos(LockSupport.java:215)&#10;        at java.util.concurrent.locks.AbstractQueuedSynchronizer$ConditionObject.awaitNanos(AbstractQueuedSynchronizer.java:2078)&#10;        at java.util.concurrent.ScheduledThreadPoolExecutor$DelayedWorkQueue.take(ScheduledThreadPoolExecutor.java:1093)&#10;        at java.util.concurrent.ScheduledThreadPoolExecutor$DelayedWorkQueue.take(ScheduledThreadPoolExecutor.java:809)&#10;        at java.util.concurrent.ThreadPoolExecutor.getTask(ThreadPoolExecutor.java:1074)&#10;        at java.util.concurrent.ThreadPoolExecutor.runWorker(ThreadPoolExecutor.java:1134)&#10;        at java.util.concurrent.ThreadPoolExecutor$Worker.run(ThreadPoolExecutor.java:624)&#10;        at java.lang.Thread.run(Thread.java:748)&#10;&quot;pool-46-thread-11&quot;  prio=5 tid=337 in Object.wait()&#10;java.lang.Thread.State: WAITING (on object monitor)&#10;        at sun.misc.Unsafe.park(Native Method)&#10;        at java.util.concurrent.locks.LockSupport.park(LockSupport.java:175)&#10;        at java.util.concurrent.locks.AbstractQueuedSynchronizer$ConditionObject.await(AbstractQueuedSynchronizer.java:2039)&#10;        at java.util.concurrent.ArrayBlockingQueue.take(ArrayBlockingQueue.java:403)&#10;        at java.util.concurrent.ThreadPoolExecutor.getTask(ThreadPoolExecutor.java:1074)&#10;        at java.util.concurrent.ThreadPoolExecutor.runWorker(ThreadPoolExecutor.java:1134)&#10;        at java.util.concurrent.ThreadPoolExecutor$Worker.run(ThreadPoolExecutor.java:624)&#10;        at java.lang.Thread.run(Thread.java:748)&#10;&quot;IPC Server handler 7 on 42810&quot; daemon prio=5 tid=122 timed_waiting&#10;java.lang.Thread.State: TIMED_WAITING&#10;        at sun.misc.Unsafe.park(Native Method)&#10;        at java.util.concurrent.locks.LockSupport.parkNanos(LockSupport.java:215)&#10;        at java.util.concurrent.locks.AbstractQueuedSynchronizer$ConditionObject.awaitNanos(AbstractQueuedSynchronizer.java:2078)&#10;        at java.util.concurrent.LinkedBlockingQueue.poll(LinkedBlockingQueue.java:467)&#10;        at org.apache.hadoop.ipc.CallQueueManager.take(CallQueueManager.java:288)&#10;        at org.apache.hadoop.ipc.Server$Handler.run(Server.java:2668)&#10;&quot;pool-26-thread-39&quot;  prio=5 tid=464 in Object.wait()&#10;java.lang.Thread.State: WAITING (on object monitor)&#10;        at sun.misc.Unsafe.park(Native Method)&#10;        at java.util.concurrent.locks.LockSupport.park(LockSupport.java:175)&#10;        at java.util.concurrent.locks.AbstractQueuedSynchronizer$ConditionObject.await(AbstractQueuedSynchronizer.java:2039)&#10;        at java.util.concurrent.ArrayBlockingQueue.take(ArrayBlockingQueue.java:403)&#10;        at java.util.concurrent.ThreadPoolExecutor.getTask(ThreadPoolExecutor.java:1074)&#10;        at java.util.concurrent.ThreadPoolExecutor.runWorker(ThreadPoolExecutor.java:1134)&#10;        at java.util.concurrent.ThreadPoolExecutor$Worker.run(ThreadPoolExecutor.java:624)&#10;        at java.lang.Thread.run(Thread.java:748)&#10;&quot;qtp2139397088-218&quot; daemon prio=5 tid=218 timed_waiting&#10;java.lang.Thread.State: TIMED_WAITING&#10;        at sun.misc.Unsafe.park(Native Method)&#10;        at java.util.concurrent.locks.LockSupport.parkNanos(LockSupport.java:215)&#10;        at java.util.concurrent.locks.AbstractQueuedSynchronizer$ConditionObject.awaitNanos(AbstractQueuedSynchronizer.java:2078)&#10;        at org.eclipse.jetty.util.BlockingArrayQueue.poll(BlockingArrayQueue.java:392)&#10;        at org.eclipse.jetty.util.thread.QueuedThreadPool.idleJobPoll(QueuedThreadPool.java:563)&#10;        at org.eclipse.jetty.util.thread.QueuedThreadPool.access$800(QueuedThreadPool.java:48)&#10;        at org.eclipse.jetty.util.thread.QueuedThreadPool$2.run(QueuedThreadPool.java:626)&#10;        at java.lang.Thread.run(Thread.java:748)&#10;&quot;pool-56-thread-29&quot;  prio=5 tid=523 in Object.wait()&#10;java.lang.Thread.State: WAITING (on object monitor)&#10;        at sun.misc.Unsafe.park(Native Method)&#10;        at java.util.concurrent.locks.LockSupport.park(LockSupport.java:175)&#10;        at java.util.concurrent.locks.AbstractQueuedSynchronizer$ConditionObject.await(AbstractQueuedSynchronizer.java:2039)&#10;        at java.util.concurrent.ArrayBlockingQueue.take(ArrayBlockingQueue.java:403)&#10;        at java.util.concurrent.ThreadPoolExecutor.getTask(ThreadPoolExecutor.java:1074)&#10;        at java.util.concurrent.ThreadPoolExecutor.runWorker(ThreadPoolExecutor.java:1134)&#10;        at java.util.concurrent.ThreadPoolExecutor$Worker.run(ThreadPoolExecutor.java:624)&#10;        at java.lang.Thread.run(Thread.java:748)&#10;&quot;pool-46-thread-28&quot;  prio=5 tid=386 in Object.wait()&#10;java.lang.Thread.State: WAITING (on object monitor)&#10;        at sun.misc.Unsafe.park(Native Method)&#10;        at java.util.concurrent.locks.LockSupport.park(LockSupport.java:175)&#10;        at java.util.concurrent.locks.AbstractQueuedSynchronizer$ConditionObject.await(AbstractQueuedSynchronizer.java:2039)&#10;        at java.util.concurrent.ArrayBlockingQueue.take(ArrayBlockingQueue.java:403)&#10;        at java.util.concurrent.ThreadPoolExecutor.getTask(ThreadPoolExecutor.java:1074)&#10;        at java.util.concurrent.ThreadPoolExecutor.runWorker(ThreadPoolExecutor.java:1134)&#10;        at java.util.concurrent.ThreadPoolExecutor$Worker.run(ThreadPoolExecutor.java:624)&#10;        at java.lang.Thread.run(Thread.java:748)&#10;&quot;IPC Server handler 8 on 42810&quot; daemon prio=5 tid=123 timed_waiting&#10;java.lang.Thread.State: TIMED_WAITING&#10;        at sun.misc.Unsafe.park(Native Method)&#10;        at java.util.concurrent.locks.LockSupport.parkNanos(LockSupport.java:215)&#10;        at java.util.concurrent.locks.AbstractQueuedSynchronizer$ConditionObject.awaitNanos(AbstractQueuedSynchronizer.java:2078)&#10;        at java.util.concurrent.LinkedBlockingQueue.poll(LinkedBlockingQueue.java:467)&#10;        at org.apache.hadoop.ipc.CallQueueManager.take(CallQueueManager.java:288)&#10;        at org.apache.hadoop.ipc.Server$Handler.run(Server.java:2668)&#10;&quot;pool-66-thread-37&quot;  prio=5 tid=643 in Object.wait()&#10;java.lang.Thread.State: WAITING (on object monitor)&#10;        at sun.misc.Unsafe.park(Native Method)&#10;        at java.util.concurrent.locks.LockSupport.park(LockSupport.java:175)&#10;        at java.util.concurrent.locks.AbstractQueuedSynchronizer$ConditionObject.await(AbstractQueuedSynchronizer.java:2039)&#10;        at java.util.concurrent.ArrayBlockingQueue.take(ArrayBlockingQueue.java:403)&#10;        at java.util.concurrent.ThreadPoolExecutor.getTask(ThreadPoolExecutor.java:1074)&#10;        at java.util.concurrent.ThreadPoolExecutor.runWorker(ThreadPoolExecutor.java:1134)&#10;        at java.util.concurrent.ThreadPoolExecutor$Worker.run(ThreadPoolExecutor.java:624)&#10;        at java.lang.Thread.run(Thread.java:748)&#10;&quot;pool-76-thread-6&quot;  prio=5 tid=573 in Object.wait()&#10;java.lang.Thread.State: WAITING (on object monitor)&#10;        at sun.misc.Unsafe.park(Native Method)&#10;        at java.util.concurrent.locks.LockSupport.park(LockSupport.java:175)&#10;        at java.util.concurrent.locks.AbstractQueuedSynchronizer$ConditionObject.await(AbstractQueuedSynchronizer.java:2039)&#10;        at java.util.concurrent.ArrayBlockingQueue.take(ArrayBlockingQueue.java:403)&#10;        at java.util.concurrent.ThreadPoolExecutor.getTask(ThreadPoolExecutor.java:1074)&#10;        at java.util.concurrent.ThreadPoolExecutor.runWorker(ThreadPoolExecutor.java:1134)&#10;        at java.util.concurrent.ThreadPoolExecutor$Worker.run(ThreadPoolExecutor.java:624)&#10;        at java.lang.Thread.run(Thread.java:748)&#10;&quot;pool-46-thread-40&quot;  prio=5 tid=419 in Object.wait()&#10;java.lang.Thread.State: WAITING (on object monitor)&#10;        at sun.misc.Unsafe.park(Native Method)&#10;        at java.util.concurrent.locks.LockSupport.park(LockSupport.java:175)&#10;        at java.util.concurrent.locks.AbstractQueuedSynchronizer$ConditionObject.await(AbstractQueuedSynchronizer.java:2039)&#10;        at java.util.concurrent.ArrayBlockingQueue.take(ArrayBlockingQueue.java:403)&#10;        at java.util.concurrent.ThreadPoolExecutor.getTask(ThreadPoolExecutor.java:1074)&#10;        at java.util.concurrent.ThreadPoolExecutor.runWorker(ThreadPoolExecutor.java:1134)&#10;        at java.util.concurrent.ThreadPoolExecutor$Worker.run(ThreadPoolExecutor.java:624)&#10;        at java.lang.Thread.run(Thread.java:748)&#10;&quot;Timer-1&quot; daemon prio=5 tid=150 timed_waiting&#10;java.lang.Thread.State: TIMED_WAITING&#10;        at java.lang.Object.wait(Native Method)&#10;        at java.util.TimerThread.mainLoop(Timer.java:552)&#10;        at java.util.TimerThread.run(Timer.java:505)&#10;&quot;EventQueue-NodeRegistrationContainerReportForContainerSafeModeRule&quot; daemon prio=5 tid=691 in Object.wait()&#10;java.lang.Thread.State: WAITING (on object monitor)&#10;        at sun.misc.Unsafe.park(Native Method)&#10;        at java.util.concurrent.locks.LockSupport.park(LockSupport.java:175)&#10;        at java.util.concurrent.locks.AbstractQueuedSynchronizer$ConditionObject.await(AbstractQueuedSynchronizer.java:2039)&#10;        at java.util.concurrent.LinkedBlockingQueue.take(LinkedBlockingQueue.java:442)&#10;        at java.util.concurrent.ThreadPoolExecutor.getTask(ThreadPoolExecutor.java:1074)&#10;        at java.util.concurrent.ThreadPoolExecutor.runWorker(ThreadPoolExecutor.java:1134)&#10;        at java.util.concurrent.ThreadPoolExecutor$Worker.run(ThreadPoolExecutor.java:624)&#10;        at java.lang.Thread.run(Thread.java:748)&#10;&quot;metrics-hadoop-metrics2-reporter-19-thread-1&quot; daemon prio=5 tid=747 timed_waiting&#10;java.lang.Thread.State: TIMED_WAITING&#10;        at sun.misc.Unsafe.park(Native Method)&#10;        at java.util.concurrent.locks.LockSupport.parkNanos(LockSupport.java:215)&#10;        at java.util.concurrent.locks.AbstractQueuedSynchronizer$ConditionObject.awaitNanos(AbstractQueuedSynchronizer.java:2078)&#10;        at java.util.concurrent.ScheduledThreadPoolExecutor$DelayedWorkQueue.take(ScheduledThreadPoolExecutor.java:1093)&#10;        at java.util.concurrent.ScheduledThreadPoolExecutor$DelayedWorkQueue.take(ScheduledThreadPoolExecutor.java:809)&#10;        at java.util.concurrent.ThreadPoolExecutor.getTask(ThreadPoolExecutor.java:1074)&#10;        at java.util.concurrent.ThreadPoolExecutor.runWorker(ThreadPoolExecutor.java:1134)&#10;        at java.util.concurrent.ThreadPoolExecutor$Worker.run(ThreadPoolExecutor.java:624)&#10;        at java.lang.Thread.run(Thread.java:748)&#10;&quot;pool-36-thread-3&quot;  prio=5 tid=323 in Object.wait()&#10;java.lang.Thread.State: WAITING (on object monitor)&#10;        at sun.misc.Unsafe.park(Native Method)&#10;        at java.util.concurrent.locks.LockSupport.park(LockSupport.java:175)&#10;        at java.util.concurrent.locks.AbstractQueuedSynchronizer$ConditionObject.await(AbstractQueuedSynchronizer.java:2039)&#10;        at java.util.concurrent.ArrayBlockingQueue.take(ArrayBlockingQueue.java:403)&#10;        at java.util.concurrent.ThreadPoolExecutor.getTask(ThreadPoolExecutor.java:1074)&#10;        at java.util.concurrent.ThreadPoolExecutor.runWorker(ThreadPoolExecutor.java:1134)&#10;        at java.util.concurrent.ThreadPoolExecutor$Worker.run(ThreadPoolExecutor.java:624)&#10;        at java.lang.Thread.run(Thread.java:748)&#10;&quot;IPC Server handler 19 on 42372&quot; daemon prio=5 tid=89 timed_waiting&#10;java.lang.Thread.State: TIMED_WAITING&#10;        at sun.misc.Unsafe.park(Native Method)&#10;        at java.util.concurrent.locks.LockSupport.parkNanos(LockSupport.java:215)&#10;        at java.util.concurrent.locks.AbstractQueuedSynchronizer$ConditionObject.awaitNanos(AbstractQueuedSynchronizer.java:2078)&#10;        at java.util.concurrent.LinkedBlockingQueue.poll(LinkedBlockingQueue.java:467)&#10;        at org.apache.hadoop.ipc.CallQueueManager.take(CallQueueManager.java:288)&#10;        at org.apache.hadoop.ipc.Server$Handler.run(Server.java:2668)&#10;&#10;" type="java.util.concurrent.TimeoutException">java.util.concurrent.TimeoutException: 
Timed out waiting for condition. Thread diagnostics:
Timestamp: 2019-10-17 07:38:51,634

"BlockDeletingService#1" daemon prio=5 tid=685 in Object.wait()
java.lang.Thread.State: WAITING (on object monitor)
        at sun.misc.Unsafe.park(Native Method)
        at java.util.concurrent.locks.LockSupport.park(LockSupport.java:175)
        at java.util.concurrent.locks.AbstractQueuedSynchronizer$ConditionObject.await(AbstractQueuedSynchronizer.java:2039)
        at java.util.concurrent.ScheduledThreadPoolExecutor$DelayedWorkQueue.take(ScheduledThreadPoolExecutor.java:1088)
        at java.util.concurrent.ScheduledThreadPoolExecutor$DelayedWorkQueue.take(ScheduledThreadPoolExecutor.java:809)
        at java.util.concurrent.ThreadPoolExecutor.getTask(ThreadPoolExecutor.java:1074)
        at java.util.concurrent.ThreadPoolExecutor.runWorker(ThreadPoolExecutor.java:1134)
        at java.util.concurrent.ThreadPoolExecutor$Worker.run(ThreadPoolExecutor.java:624)
        at java.lang.Thread.run(Thread.java:748)
"pool-56-thread-60"  prio=5 tid=554 in Object.wait()
java.lang.Thread.State: WAITING (on object monitor)
        at sun.misc.Unsafe.park(Native Method)
        at java.util.concurrent.locks.LockSupport.park(LockSupport.java:175)
        at java.util.concurrent.locks.AbstractQueuedSynchronizer$ConditionObject.await(AbstractQueuedSynchronizer.java:2039)
        at java.util.concurrent.ArrayBlockingQueue.take(ArrayBlockingQueue.java:403)
        at java.util.concurrent.ThreadPoolExecutor.getTask(ThreadPoolExecutor.java:1074)
        at java.util.concurrent.ThreadPoolExecutor.runWorker(ThreadPoolExecutor.java:1134)
        at java.util.concurrent.ThreadPoolExecutor$Worker.run(ThreadPoolExecutor.java:624)
        at java.lang.Thread.run(Thread.java:748)
"grpc-default-boss-ELG-1-1" daemon prio=5 tid=586 runnable
java.lang.Thread.State: RUNNABLE
        at sun.nio.ch.EPollArrayWrapper.epollWait(Native Method)
        at sun.nio.ch.EPollArrayWrapper.poll(EPollArrayWrapper.java:269)
        at sun.nio.ch.EPollSelectorImpl.doSelect(EPollSelectorImpl.java:93)
        at sun.nio.ch.SelectorImpl.lockAndDoSelect(SelectorImpl.java:86)
        at sun.nio.ch.SelectorImpl.select(SelectorImpl.java:97)
        at org.apache.ratis.thirdparty.io.netty.channel.nio.SelectedSelectionKeySetSelector.select(SelectedSelectionKeySetSelector.java:62)
        at org.apache.ratis.thirdparty.io.netty.channel.nio.NioEventLoop.select(NioEventLoop.java:753)
        at org.apache.ratis.thirdparty.io.netty.channel.nio.NioEventLoop.run(NioEventLoop.java:408)
        at org.apache.ratis.thirdparty.io.netty.util.concurrent.SingleThreadEventExecutor$5.run(SingleThreadEventExecutor.java:897)
        at org.apache.ratis.thirdparty.io.netty.util.concurrent.FastThreadLocalRunnable.run(FastThreadLocalRunnable.java:30)
        at java.lang.Thread.run(Thread.java:748)
"grpc-default-worker-ELG-3-4" daemon prio=5 tid=701 runnable
java.lang.Thread.State: RUNNABLE
        at sun.nio.ch.EPollArrayWrapper.epollWait(Native Method)
        at sun.nio.ch.EPollArrayWrapper.poll(EPollArrayWrapper.java:269)
        at sun.nio.ch.EPollSelectorImpl.doSelect(EPollSelectorImpl.java:93)
        at sun.nio.ch.SelectorImpl.lockAndDoSelect(SelectorImpl.java:86)
        at sun.nio.ch.SelectorImpl.select(SelectorImpl.java:97)
        at org.apache.ratis.thirdparty.io.netty.channel.nio.SelectedSelectionKeySetSelector.select(SelectedSelectionKeySetSelector.java:62)
        at org.apache.ratis.thirdparty.io.netty.channel.nio.NioEventLoop.select(NioEventLoop.java:753)
        at org.apache.ratis.thirdparty.io.netty.channel.nio.NioEventLoop.run(NioEventLoop.java:408)
        at org.apache.ratis.thirdparty.io.netty.util.concurrent.SingleThreadEventExecutor$5.run(SingleThreadEventExecutor.java:897)
        at org.apache.ratis.thirdparty.io.netty.util.concurrent.FastThreadLocalRunnable.run(FastThreadLocalRunnable.java:30)
        at java.lang.Thread.run(Thread.java:748)
"pool-76-thread-38"  prio=5 tid=624 in Object.wait()
java.lang.Thread.State: WAITING (on object monitor)
        at sun.misc.Unsafe.park(Native Method)
        at java.util.concurrent.locks.LockSupport.park(LockSupport.java:175)
        at java.util.concurrent.locks.AbstractQueuedSynchronizer$ConditionObject.await(AbstractQueuedSynchronizer.java:2039)
        at java.util.concurrent.ArrayBlockingQueue.take(ArrayBlockingQueue.java:403)
        at java.util.concurrent.ThreadPoolExecutor.getTask(ThreadPoolExecutor.java:1074)
        at java.util.concurrent.ThreadPoolExecutor.runWorker(ThreadPoolExecutor.java:1134)
        at java.util.concurrent.ThreadPoolExecutor$Worker.run(ThreadPoolExecutor.java:624)
        at java.lang.Thread.run(Thread.java:748)
"pool-66-thread-34"  prio=5 tid=635 in Object.wait()
java.lang.Thread.State: WAITING (on object monitor)
        at sun.misc.Unsafe.park(Native Method)
        at java.util.concurrent.locks.LockSupport.park(LockSupport.java:175)
        at java.util.concurrent.locks.AbstractQueuedSynchronizer$ConditionObject.await(AbstractQueuedSynchronizer.java:2039)
        at java.util.concurrent.ArrayBlockingQueue.take(ArrayBlockingQueue.java:403)
        at java.util.concurrent.ThreadPoolExecutor.getTask(ThreadPoolExecutor.java:1074)
        at java.util.concurrent.ThreadPoolExecutor.runWorker(ThreadPoolExecutor.java:1134)
        at java.util.concurrent.ThreadPoolExecutor$Worker.run(ThreadPoolExecutor.java:624)
        at java.lang.Thread.run(Thread.java:748)
"pool-26-thread-57"  prio=5 tid=508 in Object.wait()
java.lang.Thread.State: WAITING (on object monitor)
        at sun.misc.Unsafe.park(Native Method)
        at java.util.concurrent.locks.LockSupport.park(LockSupport.java:175)
        at java.util.concurrent.locks.AbstractQueuedSynchronizer$ConditionObject.await(AbstractQueuedSynchronizer.java:2039)
        at java.util.concurrent.ArrayBlockingQueue.take(ArrayBlockingQueue.java:403)
        at java.util.concurrent.ThreadPoolExecutor.getTask(ThreadPoolExecutor.java:1074)
        at java.util.concurrent.ThreadPoolExecutor.runWorker(ThreadPoolExecutor.java:1134)
        at java.util.concurrent.ThreadPoolExecutor$Worker.run(ThreadPoolExecutor.java:624)
        at java.lang.Thread.run(Thread.java:748)
"pool-46-thread-60"  prio=5 tid=474 in Object.wait()
java.lang.Thread.State: WAITING (on object monitor)
        at sun.misc.Unsafe.park(Native Method)
        at java.util.concurrent.locks.LockSupport.park(LockSupport.java:175)
        at java.util.concurrent.locks.AbstractQueuedSynchronizer$ConditionObject.await(AbstractQueuedSynchronizer.java:2039)
        at java.util.concurrent.ArrayBlockingQueue.take(ArrayBlockingQueue.java:403)
        at java.util.concurrent.ThreadPoolExecutor.getTask(ThreadPoolExecutor.java:1074)
        at java.util.concurrent.ThreadPoolExecutor.runWorker(ThreadPoolExecutor.java:1134)
        at java.util.concurrent.ThreadPoolExecutor$Worker.run(ThreadPoolExecutor.java:624)
        at java.lang.Thread.run(Thread.java:748)
"pool-66-thread-47"  prio=5 tid=662 in Object.wait()
java.lang.Thread.State: WAITING (on object monitor)
        at sun.misc.Unsafe.park(Native Method)
        at java.util.concurrent.locks.LockSupport.park(LockSupport.java:175)
        at java.util.concurrent.locks.AbstractQueuedSynchronizer$ConditionObject.await(AbstractQueuedSynchronizer.java:2039)
        at java.util.concurrent.ArrayBlockingQueue.take(ArrayBlockingQueue.java:403)
        at java.util.concurrent.ThreadPoolExecutor.getTask(ThreadPoolExecutor.java:1074)
        at java.util.concurrent.ThreadPoolExecutor.runWorker(ThreadPoolExecutor.java:1134)
        at java.util.concurrent.ThreadPoolExecutor$Worker.run(ThreadPoolExecutor.java:624)
        at java.lang.Thread.run(Thread.java:748)
"pool-36-thread-49"  prio=5 tid=449 in Object.wait()
java.lang.Thread.State: WAITING (on object monitor)
        at sun.misc.Unsafe.park(Native Method)
        at java.util.concurrent.locks.LockSupport.park(LockSupport.java:175)
        at java.util.concurrent.locks.AbstractQueuedSynchronizer$ConditionObject.await(AbstractQueuedSynchronizer.java:2039)
        at java.util.concurrent.ArrayBlockingQueue.take(ArrayBlockingQueue.java:403)
        at java.util.concurrent.ThreadPoolExecutor.getTask(ThreadPoolExecutor.java:1074)
        at java.util.concurrent.ThreadPoolExecutor.runWorker(ThreadPoolExecutor.java:1134)
        at java.util.concurrent.ThreadPoolExecutor$Worker.run(ThreadPoolExecutor.java:624)
        at java.lang.Thread.run(Thread.java:748)
"qtp559644343-297" daemon prio=5 tid=297 timed_waiting
java.lang.Thread.State: TIMED_WAITING
        at sun.misc.Unsafe.park(Native Method)
        at java.util.concurrent.locks.LockSupport.parkNanos(LockSupport.java:215)
        at java.util.concurrent.locks.AbstractQueuedSynchronizer$ConditionObject.awaitNanos(AbstractQueuedSynchronizer.java:2078)
        at org.eclipse.jetty.util.BlockingArrayQueue.poll(BlockingArrayQueue.java:392)
        at org.eclipse.jetty.util.thread.QueuedThreadPool.idleJobPoll(QueuedThreadPool.java:563)
        at org.eclipse.jetty.util.thread.QueuedThreadPool.access$800(QueuedThreadPool.java:48)
        at org.eclipse.jetty.util.thread.QueuedThreadPool$2.run(QueuedThreadPool.java:626)
        at java.lang.Thread.run(Thread.java:748)
"2636e257-7a47-4bf8-b940-93a028f0c6b6@group-812BEF14F159-StateMachineUpdater" daemon prio=5 tid=984 in Object.wait()
java.lang.Thread.State: WAITING (on object monitor)
        at java.lang.Object.wait(Native Method)
        at java.lang.Object.wait(Object.java:502)
        at org.apache.ratis.server.impl.StateMachineUpdater.waitForCommit(StateMachineUpdater.java:194)
        at org.apache.ratis.server.impl.StateMachineUpdater.run(StateMachineUpdater.java:159)
        at java.lang.Thread.run(Thread.java:748)
"org.eclipse.jetty.server.session.HashSessionManager@5e25c7d4Timer" daemon prio=5 tid=303 timed_waiting
java.lang.Thread.State: TIMED_WAITING
        at sun.misc.Unsafe.park(Native Method)
        at java.util.concurrent.locks.LockSupport.parkNanos(LockSupport.java:215)
        at java.util.concurrent.locks.AbstractQueuedSynchronizer$ConditionObject.awaitNanos(AbstractQueuedSynchronizer.java:2078)
        at java.util.concurrent.ScheduledThreadPoolExecutor$DelayedWorkQueue.take(ScheduledThreadPoolExecutor.java:1093)
        at java.util.concurrent.ScheduledThreadPoolExecutor$DelayedWorkQueue.take(ScheduledThreadPoolExecutor.java:809)
        at java.util.concurrent.ThreadPoolExecutor.getTask(ThreadPoolExecutor.java:1074)
        at java.util.concurrent.ThreadPoolExecutor.runWorker(ThreadPoolExecutor.java:1134)
        at java.util.concurrent.ThreadPoolExecutor$Worker.run(ThreadPoolExecutor.java:624)
        at java.lang.Thread.run(Thread.java:748)
"IPC Server handler 10 on 33223" daemon prio=5 tid=60 timed_waiting
java.lang.Thread.State: TIMED_WAITING
        at sun.misc.Unsafe.park(Native Method)
        at java.util.concurrent.locks.LockSupport.parkNanos(LockSupport.java:215)
        at java.util.concurrent.locks.AbstractQueuedSynchronizer$ConditionObject.awaitNanos(AbstractQueuedSynchronizer.java:2078)
        at java.util.concurrent.LinkedBlockingQueue.poll(LinkedBlockingQueue.java:467)
        at org.apache.hadoop.ipc.CallQueueManager.take(CallQueueManager.java:288)
        at org.apache.hadoop.ipc.Server$Handler.run(Server.java:2668)
"pool-46-thread-6"  prio=5 tid=321 in Object.wait()
java.lang.Thread.State: WAITING (on object monitor)
        at sun.misc.Unsafe.park(Native Method)
        at java.util.concurrent.locks.LockSupport.park(LockSupport.java:175)
        at java.util.concurrent.locks.AbstractQueuedSynchronizer$ConditionObject.await(AbstractQueuedSynchronizer.java:2039)
        at java.util.concurrent.ArrayBlockingQueue.take(ArrayBlockingQueue.java:403)
        at java.util.concurrent.ThreadPoolExecutor.getTask(ThreadPoolExecutor.java:1074)
        at java.util.concurrent.ThreadPoolExecutor.runWorker(ThreadPoolExecutor.java:1134)
        at java.util.concurrent.ThreadPoolExecutor$Worker.run(ThreadPoolExecutor.java:624)
        at java.lang.Thread.run(Thread.java:748)
"metrics-hadoop-metrics2-reporter-24-thread-1" daemon prio=5 tid=758 timed_waiting
java.lang.Thread.State: TIMED_WAITING
        at sun.misc.Unsafe.park(Native Method)
        at java.util.concurrent.locks.LockSupport.parkNanos(LockSupport.java:215)
        at java.util.concurrent.locks.AbstractQueuedSynchronizer$ConditionObject.awaitNanos(AbstractQueuedSynchronizer.java:2078)
        at java.util.concurrent.ScheduledThreadPoolExecutor$DelayedWorkQueue.take(ScheduledThreadPoolExecutor.java:1093)
        at java.util.concurrent.ScheduledThreadPoolExecutor$DelayedWorkQueue.take(ScheduledThreadPoolExecutor.java:809)
        at java.util.concurrent.ThreadPoolExecutor.getTask(ThreadPoolExecutor.java:1074)
        at java.util.concurrent.ThreadPoolExecutor.runWorker(ThreadPoolExecutor.java:1134)
        at java.util.concurrent.ThreadPoolExecutor$Worker.run(ThreadPoolExecutor.java:624)
        at java.lang.Thread.run(Thread.java:748)
"pool-66-thread-21"  prio=5 tid=589 in Object.wait()
java.lang.Thread.State: WAITING (on object monitor)
        at sun.misc.Unsafe.park(Native Method)
        at java.util.concurrent.locks.LockSupport.park(LockSupport.java:175)
        at java.util.concurrent.locks.AbstractQueuedSynchronizer$ConditionObject.await(AbstractQueuedSynchronizer.java:2039)
        at java.util.concurrent.ArrayBlockingQueue.take(ArrayBlockingQueue.java:403)
        at java.util.concurrent.ThreadPoolExecutor.getTask(ThreadPoolExecutor.java:1074)
        at java.util.concurrent.ThreadPoolExecutor.runWorker(ThreadPoolExecutor.java:1134)
        at java.util.concurrent.ThreadPoolExecutor$Worker.run(ThreadPoolExecutor.java:624)
        at java.lang.Thread.run(Thread.java:748)
"IPC Server listener on 33223" daemon prio=5 tid=19 runnable
java.lang.Thread.State: RUNNABLE
        at sun.nio.ch.EPollArrayWrapper.epollWait(Native Method)
        at sun.nio.ch.EPollArrayWrapper.poll(EPollArrayWrapper.java:269)
        at sun.nio.ch.EPollSelectorImpl.doSelect(EPollSelectorImpl.java:93)
        at sun.nio.ch.SelectorImpl.lockAndDoSelect(SelectorImpl.java:86)
        at sun.nio.ch.SelectorImpl.select(SelectorImpl.java:97)
        at sun.nio.ch.SelectorImpl.select(SelectorImpl.java:101)
        at org.apache.hadoop.ipc.Server$Listener.run(Server.java:1159)
"metrics-hadoop-metrics2-reporter-73-thread-1" daemon prio=5 tid=997 timed_waiting
java.lang.Thread.State: TIMED_WAITING
        at sun.misc.Unsafe.park(Native Method)
        at java.util.concurrent.locks.LockSupport.parkNanos(LockSupport.java:215)
        at java.util.concurrent.locks.AbstractQueuedSynchronizer$ConditionObject.awaitNanos(AbstractQueuedSynchronizer.java:2078)
        at java.util.concurrent.ScheduledThreadPoolExecutor$DelayedWorkQueue.take(ScheduledThreadPoolExecutor.java:1093)
        at java.util.concurrent.ScheduledThreadPoolExecutor$DelayedWorkQueue.take(ScheduledThreadPoolExecutor.java:809)
        at java.util.concurrent.ThreadPoolExecutor.getTask(ThreadPoolExecutor.java:1074)
        at java.util.concurrent.ThreadPoolExecutor.runWorker(ThreadPoolExecutor.java:1134)
        at java.util.concurrent.ThreadPoolExecutor$Worker.run(ThreadPoolExecutor.java:624)
        at java.lang.Thread.run(Thread.java:748)
"pool-26-thread-10"  prio=5 tid=352 in Object.wait()
java.lang.Thread.State: WAITING (on object monitor)
        at sun.misc.Unsafe.park(Native Method)
        at java.util.concurrent.locks.LockSupport.park(LockSupport.java:175)
        at java.util.concurrent.locks.AbstractQueuedSynchronizer$ConditionObject.await(AbstractQueuedSynchronizer.java:2039)
        at java.util.concurrent.ArrayBlockingQueue.take(ArrayBlockingQueue.java:403)
        at java.util.concurrent.ThreadPoolExecutor.getTask(ThreadPoolExecutor.java:1074)
        at java.util.concurrent.ThreadPoolExecutor.runWorker(ThreadPoolExecutor.java:1134)
        at java.util.concurrent.ThreadPoolExecutor$Worker.run(ThreadPoolExecutor.java:624)
        at java.lang.Thread.run(Thread.java:748)
"org.eclipse.jetty.server.session.HashSessionManager@7cf15eefTimer" daemon prio=5 tid=224 timed_waiting
java.lang.Thread.State: TIMED_WAITING
        at sun.misc.Unsafe.park(Native Method)
        at java.util.concurrent.locks.LockSupport.parkNanos(LockSupport.java:215)
        at java.util.concurrent.locks.AbstractQueuedSynchronizer$ConditionObject.awaitNanos(AbstractQueuedSynchronizer.java:2078)
        at java.util.concurrent.ScheduledThreadPoolExecutor$DelayedWorkQueue.take(ScheduledThreadPoolExecutor.java:1093)
        at java.util.concurrent.ScheduledThreadPoolExecutor$DelayedWorkQueue.take(ScheduledThreadPoolExecutor.java:809)
        at java.util.concurrent.ThreadPoolExecutor.getTask(ThreadPoolExecutor.java:1074)
        at java.util.concurrent.ThreadPoolExecutor.runWorker(ThreadPoolExecutor.java:1134)
        at java.util.concurrent.ThreadPoolExecutor$Worker.run(ThreadPoolExecutor.java:624)
        at java.lang.Thread.run(Thread.java:748)
"IPC Server handler 4 on 42372" daemon prio=5 tid=74 timed_waiting
java.lang.Thread.State: TIMED_WAITING
        at sun.misc.Unsafe.park(Native Method)
        at java.util.concurrent.locks.LockSupport.parkNanos(LockSupport.java:215)
        at java.util.concurrent.locks.AbstractQueuedSynchronizer$ConditionObject.awaitNanos(AbstractQueuedSynchronizer.java:2078)
        at java.util.concurrent.LinkedBlockingQueue.poll(LinkedBlockingQueue.java:467)
        at org.apache.hadoop.ipc.CallQueueManager.take(CallQueueManager.java:288)
        at org.apache.hadoop.ipc.Server$Handler.run(Server.java:2668)
"grpc-default-worker-ELG-3-2" daemon prio=5 tid=699 runnable
java.lang.Thread.State: RUNNABLE
        at sun.nio.ch.EPollArrayWrapper.epollWait(Native Method)
        at sun.nio.ch.EPollArrayWrapper.poll(EPollArrayWrapper.java:269)
        at sun.nio.ch.EPollSelectorImpl.doSelect(EPollSelectorImpl.java:93)
        at sun.nio.ch.SelectorImpl.lockAndDoSelect(SelectorImpl.java:86)
        at sun.nio.ch.SelectorImpl.select(SelectorImpl.java:97)
        at org.apache.ratis.thirdparty.io.netty.channel.nio.SelectedSelectionKeySetSelector.select(SelectedSelectionKeySetSelector.java:62)
        at org.apache.ratis.thirdparty.io.netty.channel.nio.NioEventLoop.select(NioEventLoop.java:753)
        at org.apache.ratis.thirdparty.io.netty.channel.nio.NioEventLoop.run(NioEventLoop.java:408)
        at org.apache.ratis.thirdparty.io.netty.util.concurrent.SingleThreadEventExecutor$5.run(SingleThreadEventExecutor.java:897)
        at org.apache.ratis.thirdparty.io.netty.util.concurrent.FastThreadLocalRunnable.run(FastThreadLocalRunnable.java:30)
        at java.lang.Thread.run(Thread.java:748)
"pool-76-thread-17"  prio=5 tid=595 in Object.wait()
java.lang.Thread.State: WAITING (on object monitor)
        at sun.misc.Unsafe.park(Native Method)
        at java.util.concurrent.locks.LockSupport.park(LockSupport.java:175)
        at java.util.concurrent.locks.AbstractQueuedSynchronizer$ConditionObject.await(AbstractQueuedSynchronizer.java:2039)
        at java.util.concurrent.ArrayBlockingQueue.take(ArrayBlockingQueue.java:403)
        at java.util.concurrent.ThreadPoolExecutor.getTask(ThreadPoolExecutor.java:1074)
        at java.util.concurrent.ThreadPoolExecutor.runWorker(ThreadPoolExecutor.java:1134)
        at java.util.concurrent.ThreadPoolExecutor$Worker.run(ThreadPoolExecutor.java:624)
        at java.lang.Thread.run(Thread.java:748)
"pool-26-thread-34"  prio=5 tid=437 in Object.wait()
java.lang.Thread.State: WAITING (on object monitor)
        at sun.misc.Unsafe.park(Native Method)
        at java.util.concurrent.locks.LockSupport.park(LockSupport.java:175)
        at java.util.concurrent.locks.AbstractQueuedSynchronizer$ConditionObject.await(AbstractQueuedSynchronizer.java:2039)
        at java.util.concurrent.ArrayBlockingQueue.take(ArrayBlockingQueue.java:403)
        at java.util.concurrent.ThreadPoolExecutor.getTask(ThreadPoolExecutor.java:1074)
        at java.util.concurrent.ThreadPoolExecutor.runWorker(ThreadPoolExecutor.java:1134)
        at java.util.concurrent.ThreadPoolExecutor$Worker.run(ThreadPoolExecutor.java:624)
        at java.lang.Thread.run(Thread.java:748)
"pool-66-thread-55"  prio=5 tid=670 in Object.wait()
java.lang.Thread.State: WAITING (on object monitor)
        at sun.misc.Unsafe.park(Native Method)
        at java.util.concurrent.locks.LockSupport.park(LockSupport.java:175)
        at java.util.concurrent.locks.AbstractQueuedSynchronizer$ConditionObject.await(AbstractQueuedSynchronizer.java:2039)
        at java.util.concurrent.ArrayBlockingQueue.take(ArrayBlockingQueue.java:403)
        at java.util.concurrent.ThreadPoolExecutor.getTask(ThreadPoolExecutor.java:1074)
        at java.util.concurrent.ThreadPoolExecutor.runWorker(ThreadPoolExecutor.java:1134)
        at java.util.concurrent.ThreadPoolExecutor$Worker.run(ThreadPoolExecutor.java:624)
        at java.lang.Thread.run(Thread.java:748)
"pool-46-thread-1"  prio=5 tid=315 in Object.wait()
java.lang.Thread.State: WAITING (on object monitor)
        at sun.misc.Unsafe.park(Native Method)
        at java.util.concurrent.locks.LockSupport.park(LockSupport.java:175)
        at java.util.concurrent.locks.AbstractQueuedSynchronizer$ConditionObject.await(AbstractQueuedSynchronizer.java:2039)
        at java.util.concurrent.ArrayBlockingQueue.take(ArrayBlockingQueue.java:403)
        at java.util.concurrent.ThreadPoolExecutor.getTask(ThreadPoolExecutor.java:1074)
        at java.util.concurrent.ThreadPoolExecutor.runWorker(ThreadPoolExecutor.java:1134)
        at java.util.concurrent.ThreadPoolExecutor$Worker.run(ThreadPoolExecutor.java:624)
        at java.lang.Thread.run(Thread.java:748)
"pool-66-thread-7"  prio=5 tid=562 in Object.wait()
java.lang.Thread.State: WAITING (on object monitor)
        at sun.misc.Unsafe.park(Native Method)
        at java.util.concurrent.locks.LockSupport.park(LockSupport.java:175)
        at java.util.concurrent.locks.AbstractQueuedSynchronizer$ConditionObject.await(AbstractQueuedSynchronizer.java:2039)
        at java.util.concurrent.ArrayBlockingQueue.take(ArrayBlockingQueue.java:403)
        at java.util.concurrent.ThreadPoolExecutor.getTask(ThreadPoolExecutor.java:1074)
        at java.util.concurrent.ThreadPoolExecutor.runWorker(ThreadPoolExecutor.java:1134)
        at java.util.concurrent.ThreadPoolExecutor$Worker.run(ThreadPoolExecutor.java:624)
        at java.lang.Thread.run(Thread.java:748)
"Periodic HDDS volume checker"  prio=5 tid=153 timed_waiting
java.lang.Thread.State: TIMED_WAITING
        at sun.misc.Unsafe.park(Native Method)
        at java.util.concurrent.locks.LockSupport.parkNanos(LockSupport.java:215)
        at java.util.concurrent.locks.AbstractQueuedSynchronizer$ConditionObject.awaitNanos(AbstractQueuedSynchronizer.java:2078)
        at java.util.concurrent.ScheduledThreadPoolExecutor$DelayedWorkQueue.take(ScheduledThreadPoolExecutor.java:1093)
        at java.util.concurrent.ScheduledThreadPoolExecutor$DelayedWorkQueue.take(ScheduledThreadPoolExecutor.java:809)
        at java.util.concurrent.ThreadPoolExecutor.getTask(ThreadPoolExecutor.java:1074)
        at java.util.concurrent.ThreadPoolExecutor.runWorker(ThreadPoolExecutor.java:1134)
        at java.util.concurrent.ThreadPoolExecutor$Worker.run(ThreadPoolExecutor.java:624)
        at java.lang.Thread.run(Thread.java:748)
"metrics-hadoop-metrics2-reporter-38-thread-1" daemon prio=5 tid=808 timed_waiting
java.lang.Thread.State: TIMED_WAITING
        at sun.misc.Unsafe.park(Native Method)
        at java.util.concurrent.locks.LockSupport.parkNanos(LockSupport.java:215)
        at java.util.concurrent.locks.AbstractQueuedSynchronizer$ConditionObject.awaitNanos(AbstractQueuedSynchronizer.java:2078)
        at java.util.concurrent.ScheduledThreadPoolExecutor$DelayedWorkQueue.take(ScheduledThreadPoolExecutor.java:1093)
        at java.util.concurrent.ScheduledThreadPoolExecutor$DelayedWorkQueue.take(ScheduledThreadPoolExecutor.java:809)
        at java.util.concurrent.ThreadPoolExecutor.getTask(ThreadPoolExecutor.java:1074)
        at java.util.concurrent.ThreadPoolExecutor.runWorker(ThreadPoolExecutor.java:1134)
        at java.util.concurrent.ThreadPoolExecutor$Worker.run(ThreadPoolExecutor.java:624)
        at java.lang.Thread.run(Thread.java:748)
"qtp2139397088-220" daemon prio=5 tid=220 timed_waiting
java.lang.Thread.State: TIMED_WAITING
        at sun.misc.Unsafe.park(Native Method)
        at java.util.concurrent.locks.LockSupport.parkNanos(LockSupport.java:215)
        at java.util.concurrent.locks.AbstractQueuedSynchronizer$ConditionObject.awaitNanos(AbstractQueuedSynchronizer.java:2078)
        at org.eclipse.jetty.util.BlockingArrayQueue.poll(BlockingArrayQueue.java:392)
        at org.eclipse.jetty.util.thread.QueuedThreadPool.idleJobPoll(QueuedThreadPool.java:563)
        at org.eclipse.jetty.util.thread.QueuedThreadPool.access$800(QueuedThreadPool.java:48)
        at org.eclipse.jetty.util.thread.QueuedThreadPool$2.run(QueuedThreadPool.java:626)
        at java.lang.Thread.run(Thread.java:748)
"pool-26-thread-50"  prio=5 tid=495 in Object.wait()
java.lang.Thread.State: WAITING (on object monitor)
        at sun.misc.Unsafe.park(Native Method)
        at java.util.concurrent.locks.LockSupport.park(LockSupport.java:175)
        at java.util.concurrent.locks.AbstractQueuedSynchronizer$ConditionObject.await(AbstractQueuedSynchronizer.java:2039)
        at java.util.concurrent.ArrayBlockingQueue.take(ArrayBlockingQueue.java:403)
        at java.util.concurrent.ThreadPoolExecutor.getTask(ThreadPoolExecutor.java:1074)
        at java.util.concurrent.ThreadPoolExecutor.runWorker(ThreadPoolExecutor.java:1134)
        at java.util.concurrent.ThreadPoolExecutor$Worker.run(ThreadPoolExecutor.java:624)
        at java.lang.Thread.run(Thread.java:748)
"java.util.concurrent.ThreadPoolExecutor$Worker@2000782b[State = -1, empty queue]" daemon prio=5 tid=1029 timed_waiting
java.lang.Thread.State: TIMED_WAITING
        at sun.misc.Unsafe.park(Native Method)
        at java.util.concurrent.locks.LockSupport.parkNanos(LockSupport.java:215)
        at java.util.concurrent.locks.AbstractQueuedSynchronizer$ConditionObject.awaitNanos(AbstractQueuedSynchronizer.java:2078)
        at java.util.concurrent.ScheduledThreadPoolExecutor$DelayedWorkQueue.take(ScheduledThreadPoolExecutor.java:1093)
        at java.util.concurrent.ScheduledThreadPoolExecutor$DelayedWorkQueue.take(ScheduledThreadPoolExecutor.java:809)
        at java.util.concurrent.ThreadPoolExecutor.getTask(ThreadPoolExecutor.java:1074)
        at java.util.concurrent.ThreadPoolExecutor.runWorker(ThreadPoolExecutor.java:1134)
        at java.util.concurrent.ThreadPoolExecutor$Worker.run(ThreadPoolExecutor.java:624)
        at java.lang.Thread.run(Thread.java:748)
"metrics-hadoop-metrics2-reporter-9-thread-1" daemon prio=5 tid=722 timed_waiting
java.lang.Thread.State: TIMED_WAITING
        at sun.misc.Unsafe.park(Native Method)
        at java.util.concurrent.locks.LockSupport.parkNanos(LockSupport.java:215)
        at java.util.concurrent.locks.AbstractQueuedSynchronizer$ConditionObject.awaitNanos(AbstractQueuedSynchronizer.java:2078)
        at java.util.concurrent.ScheduledThreadPoolExecutor$DelayedWorkQueue.take(ScheduledThreadPoolExecutor.java:1093)
        at java.util.concurrent.ScheduledThreadPoolExecutor$DelayedWorkQueue.take(ScheduledThreadPoolExecutor.java:809)
        at java.util.concurrent.ThreadPoolExecutor.getTask(ThreadPoolExecutor.java:1074)
        at java.util.concurrent.ThreadPoolExecutor.runWorker(ThreadPoolExecutor.java:1134)
        at java.util.concurrent.ThreadPoolExecutor$Worker.run(ThreadPoolExecutor.java:624)
        at java.lang.Thread.run(Thread.java:748)
"pool-66-thread-3"  prio=5 tid=557 in Object.wait()
java.lang.Thread.State: WAITING (on object monitor)
        at sun.misc.Unsafe.park(Native Method)
        at java.util.concurrent.locks.LockSupport.park(LockSupport.java:175)
        at java.util.concurrent.locks.AbstractQueuedSynchronizer$ConditionObject.await(AbstractQueuedSynchronizer.java:2039)
        at java.util.concurrent.ArrayBlockingQueue.take(ArrayBlockingQueue.java:403)
        at java.util.concurrent.ThreadPoolExecutor.getTask(ThreadPoolExecutor.java:1074)
        at java.util.concurrent.ThreadPoolExecutor.runWorker(ThreadPoolExecutor.java:1134)
        at java.util.concurrent.ThreadPoolExecutor$Worker.run(ThreadPoolExecutor.java:624)
        at java.lang.Thread.run(Thread.java:748)
"pool-66-thread-50"  prio=5 tid=665 in Object.wait()
java.lang.Thread.State: WAITING (on object monitor)
        at sun.misc.Unsafe.park(Native Method)
        at java.util.concurrent.locks.LockSupport.park(LockSupport.java:175)
        at java.util.concurrent.locks.AbstractQueuedSynchronizer$ConditionObject.await(AbstractQueuedSynchronizer.java:2039)
        at java.util.concurrent.ArrayBlockingQueue.take(ArrayBlockingQueue.java:403)
        at java.util.concurrent.ThreadPoolExecutor.getTask(ThreadPoolExecutor.java:1074)
        at java.util.concurrent.ThreadPoolExecutor.runWorker(ThreadPoolExecutor.java:1134)
        at java.util.concurrent.ThreadPoolExecutor$Worker.run(ThreadPoolExecutor.java:624)
        at java.lang.Thread.run(Thread.java:748)
"pool-56-thread-58"  prio=5 tid=552 in Object.wait()
java.lang.Thread.State: WAITING (on object monitor)
        at sun.misc.Unsafe.park(Native Method)
        at java.util.concurrent.locks.LockSupport.park(LockSupport.java:175)
        at java.util.concurrent.locks.AbstractQueuedSynchronizer$ConditionObject.await(AbstractQueuedSynchronizer.java:2039)
        at java.util.concurrent.ArrayBlockingQueue.take(ArrayBlockingQueue.java:403)
        at java.util.concurrent.ThreadPoolExecutor.getTask(ThreadPoolExecutor.java:1074)
        at java.util.concurrent.ThreadPoolExecutor.runWorker(ThreadPoolExecutor.java:1134)
        at java.util.concurrent.ThreadPoolExecutor$Worker.run(ThreadPoolExecutor.java:624)
        at java.lang.Thread.run(Thread.java:748)
"jaeger.RemoteReporter-QueueProcessor" daemon prio=5 tid=148 in Object.wait()
java.lang.Thread.State: WAITING (on object monitor)
        at sun.misc.Unsafe.park(Native Method)
        at java.util.concurrent.locks.LockSupport.park(LockSupport.java:175)
        at java.util.concurrent.locks.AbstractQueuedSynchronizer$ConditionObject.await(AbstractQueuedSynchronizer.java:2039)
        at java.util.concurrent.ArrayBlockingQueue.take(ArrayBlockingQueue.java:403)
        at io.jaegertracing.internal.reporters.RemoteReporter$QueueProcessor.run(RemoteReporter.java:173)
        at java.lang.Thread.run(Thread.java:748)
"qtp1174596735-140" daemon prio=5 tid=140 timed_waiting
java.lang.Thread.State: TIMED_WAITING
        at sun.misc.Unsafe.park(Native Method)
        at java.util.concurrent.locks.LockSupport.parkNanos(LockSupport.java:215)
        at java.util.concurrent.locks.AbstractQueuedSynchronizer$ConditionObject.awaitNanos(AbstractQueuedSynchronizer.java:2078)
        at org.eclipse.jetty.util.BlockingArrayQueue.poll(BlockingArrayQueue.java:392)
        at org.eclipse.jetty.util.thread.QueuedThreadPool.idleJobPoll(QueuedThreadPool.java:563)
        at org.eclipse.jetty.util.thread.QueuedThreadPool.access$800(QueuedThreadPool.java:48)
        at org.eclipse.jetty.util.thread.QueuedThreadPool$2.run(QueuedThreadPool.java:626)
        at java.lang.Thread.run(Thread.java:748)
"pool-36-thread-15"  prio=5 tid=354 in Object.wait()
java.lang.Thread.State: WAITING (on object monitor)
        at sun.misc.Unsafe.park(Native Method)
        at java.util.concurrent.locks.LockSupport.park(LockSupport.java:175)
        at java.util.concurrent.locks.AbstractQueuedSynchronizer$ConditionObject.await(AbstractQueuedSynchronizer.java:2039)
        at java.util.concurrent.ArrayBlockingQueue.take(ArrayBlockingQueue.java:403)
        at java.util.concurrent.ThreadPoolExecutor.getTask(ThreadPoolExecutor.java:1074)
        at java.util.concurrent.ThreadPoolExecutor.runWorker(ThreadPoolExecutor.java:1134)
        at java.util.concurrent.ThreadPoolExecutor$Worker.run(ThreadPoolExecutor.java:624)
        at java.lang.Thread.run(Thread.java:748)
"pool-76-thread-50"  prio=5 tid=641 in Object.wait()
java.lang.Thread.State: WAITING (on object monitor)
        at sun.misc.Unsafe.park(Native Method)
        at java.util.concurrent.locks.LockSupport.park(LockSupport.java:175)
        at java.util.concurrent.locks.AbstractQueuedSynchronizer$ConditionObject.await(AbstractQueuedSynchronizer.java:2039)
        at java.util.concurrent.ArrayBlockingQueue.take(ArrayBlockingQueue.java:403)
        at java.util.concurrent.ThreadPoolExecutor.getTask(ThreadPoolExecutor.java:1074)
        at java.util.concurrent.ThreadPoolExecutor.runWorker(ThreadPoolExecutor.java:1134)
        at java.util.concurrent.ThreadPoolExecutor$Worker.run(ThreadPoolExecutor.java:624)
        at java.lang.Thread.run(Thread.java:748)
"metrics-hadoop-metrics2-reporter-67-thread-1" daemon prio=5 tid=985 timed_waiting
java.lang.Thread.State: TIMED_WAITING
        at sun.misc.Unsafe.park(Native Method)
        at java.util.concurrent.locks.LockSupport.parkNanos(LockSupport.java:215)
        at java.util.concurrent.locks.AbstractQueuedSynchronizer$ConditionObject.awaitNanos(AbstractQueuedSynchronizer.java:2078)
        at java.util.concurrent.ScheduledThreadPoolExecutor$DelayedWorkQueue.take(ScheduledThreadPoolExecutor.java:1093)
        at java.util.concurrent.ScheduledThreadPoolExecutor$DelayedWorkQueue.take(ScheduledThreadPoolExecutor.java:809)
        at java.util.concurrent.ThreadPoolExecutor.getTask(ThreadPoolExecutor.java:1074)
        at java.util.concurrent.ThreadPoolExecutor.runWorker(ThreadPoolExecutor.java:1134)
        at java.util.concurrent.ThreadPoolExecutor$Worker.run(ThreadPoolExecutor.java:624)
        at java.lang.Thread.run(Thread.java:748)
"Timer for 'StorageContainerManager' metrics system" daemon prio=5 tid=28 timed_waiting
java.lang.Thread.State: TIMED_WAITING
        at java.lang.Object.wait(Native Method)
        at java.util.TimerThread.mainLoop(Timer.java:552)
        at java.util.TimerThread.run(Timer.java:505)
"pool-66-thread-15"  prio=5 tid=577 in Object.wait()
java.lang.Thread.State: WAITING (on object monitor)
        at sun.misc.Unsafe.park(Native Method)
        at java.util.concurrent.locks.LockSupport.park(LockSupport.java:175)
        at java.util.concurrent.locks.AbstractQueuedSynchronizer$ConditionObject.await(AbstractQueuedSynchronizer.java:2039)
        at java.util.concurrent.ArrayBlockingQueue.take(ArrayBlockingQueue.java:403)
        at java.util.concurrent.ThreadPoolExecutor.getTask(ThreadPoolExecutor.java:1074)
        at java.util.concurrent.ThreadPoolExecutor.runWorker(ThreadPoolExecutor.java:1134)
        at java.util.concurrent.ThreadPoolExecutor$Worker.run(ThreadPoolExecutor.java:624)
        at java.lang.Thread.run(Thread.java:748)
"pool-26-thread-12"  prio=5 tid=360 in Object.wait()
java.lang.Thread.State: WAITING (on object monitor)
        at sun.misc.Unsafe.park(Native Method)
        at java.util.concurrent.locks.LockSupport.park(LockSupport.java:175)
        at java.util.concurrent.locks.AbstractQueuedSynchronizer$ConditionObject.await(AbstractQueuedSynchronizer.java:2039)
        at java.util.concurrent.ArrayBlockingQueue.take(ArrayBlockingQueue.java:403)
        at java.util.concurrent.ThreadPoolExecutor.getTask(ThreadPoolExecutor.java:1074)
        at java.util.concurrent.ThreadPoolExecutor.runWorker(ThreadPoolExecutor.java:1134)
        at java.util.concurrent.ThreadPoolExecutor$Worker.run(ThreadPoolExecutor.java:624)
        at java.lang.Thread.run(Thread.java:748)
"pool-26-thread-4"  prio=5 tid=333 in Object.wait()
java.lang.Thread.State: WAITING (on object monitor)
        at sun.misc.Unsafe.park(Native Method)
        at java.util.concurrent.locks.LockSupport.park(LockSupport.java:175)
        at java.util.concurrent.locks.AbstractQueuedSynchronizer$ConditionObject.await(AbstractQueuedSynchronizer.java:2039)
        at java.util.concurrent.ArrayBlockingQueue.take(ArrayBlockingQueue.java:403)
        at java.util.concurrent.ThreadPoolExecutor.getTask(ThreadPoolExecutor.java:1074)
        at java.util.concurrent.ThreadPoolExecutor.runWorker(ThreadPoolExecutor.java:1134)
        at java.util.concurrent.ThreadPoolExecutor$Worker.run(ThreadPoolExecutor.java:624)
        at java.lang.Thread.run(Thread.java:748)
"IPC Server Responder" daemon prio=5 tid=22 runnable
java.lang.Thread.State: RUNNABLE
        at sun.nio.ch.EPollArrayWrapper.epollWait(Native Method)
        at sun.nio.ch.EPollArrayWrapper.poll(EPollArrayWrapper.java:269)
        at sun.nio.ch.EPollSelectorImpl.doSelect(EPollSelectorImpl.java:93)
        at sun.nio.ch.SelectorImpl.lockAndDoSelect(SelectorImpl.java:86)
        at sun.nio.ch.SelectorImpl.select(SelectorImpl.java:97)
        at org.apache.hadoop.ipc.Server$Responder.doRunLoop(Server.java:1334)
        at org.apache.hadoop.ipc.Server$Responder.run(Server.java:1317)
"qtp1770687691-162" daemon prio=5 tid=162 timed_waiting
java.lang.Thread.State: TIMED_WAITING
        at sun.misc.Unsafe.park(Native Method)
        at java.util.concurrent.locks.LockSupport.parkNanos(LockSupport.java:215)
        at java.util.concurrent.locks.AbstractQueuedSynchronizer$ConditionObject.awaitNanos(AbstractQueuedSynchronizer.java:2078)
        at org.eclipse.jetty.util.BlockingArrayQueue.poll(BlockingArrayQueue.java:392)
        at org.eclipse.jetty.util.thread.QueuedThreadPool.idleJobPoll(QueuedThreadPool.java:563)
        at org.eclipse.jetty.util.thread.QueuedThreadPool.access$800(QueuedThreadPool.java:48)
        at org.eclipse.jetty.util.thread.QueuedThreadPool$2.run(QueuedThreadPool.java:626)
        at java.lang.Thread.run(Thread.java:748)
"metrics-hadoop-metrics2-reporter-72-thread-1" daemon prio=5 tid=993 timed_waiting
java.lang.Thread.State: TIMED_WAITING
        at sun.misc.Unsafe.park(Native Method)
        at java.util.concurrent.locks.LockSupport.parkNanos(LockSupport.java:215)
        at java.util.concurrent.locks.AbstractQueuedSynchronizer$ConditionObject.awaitNanos(AbstractQueuedSynchronizer.java:2078)
        at java.util.concurrent.ScheduledThreadPoolExecutor$DelayedWorkQueue.take(ScheduledThreadPoolExecutor.java:1093)
        at java.util.concurrent.ScheduledThreadPoolExecutor$DelayedWorkQueue.take(ScheduledThreadPoolExecutor.java:809)
        at java.util.concurrent.ThreadPoolExecutor.getTask(ThreadPoolExecutor.java:1074)
        at java.util.concurrent.ThreadPoolExecutor.runWorker(ThreadPoolExecutor.java:1134)
        at java.util.concurrent.ThreadPoolExecutor$Worker.run(ThreadPoolExecutor.java:624)
        at java.lang.Thread.run(Thread.java:748)
"pool-56-thread-34"  prio=5 tid=528 in Object.wait()
java.lang.Thread.State: WAITING (on object monitor)
        at sun.misc.Unsafe.park(Native Method)
        at java.util.concurrent.locks.LockSupport.park(LockSupport.java:175)
        at java.util.concurrent.locks.AbstractQueuedSynchronizer$ConditionObject.await(AbstractQueuedSynchronizer.java:2039)
        at java.util.concurrent.ArrayBlockingQueue.take(ArrayBlockingQueue.java:403)
        at java.util.concurrent.ThreadPoolExecutor.getTask(ThreadPoolExecutor.java:1074)
        at java.util.concurrent.ThreadPoolExecutor.runWorker(ThreadPoolExecutor.java:1134)
        at java.util.concurrent.ThreadPoolExecutor$Worker.run(ThreadPoolExecutor.java:624)
        at java.lang.Thread.run(Thread.java:748)
"pool-36-thread-16"  prio=5 tid=358 in Object.wait()
java.lang.Thread.State: WAITING (on object monitor)
        at sun.misc.Unsafe.park(Native Method)
        at java.util.concurrent.locks.LockSupport.park(LockSupport.java:175)
        at java.util.concurrent.locks.AbstractQueuedSynchronizer$ConditionObject.await(AbstractQueuedSynchronizer.java:2039)
        at java.util.concurrent.ArrayBlockingQueue.take(ArrayBlockingQueue.java:403)
        at java.util.concurrent.ThreadPoolExecutor.getTask(ThreadPoolExecutor.java:1074)
        at java.util.concurrent.ThreadPoolExecutor.runWorker(ThreadPoolExecutor.java:1134)
        at java.util.concurrent.ThreadPoolExecutor$Worker.run(ThreadPoolExecutor.java:624)
        at java.lang.Thread.run(Thread.java:748)
"metrics-hadoop-metrics2-reporter-51-thread-1" daemon prio=5 tid=886 timed_waiting
java.lang.Thread.State: TIMED_WAITING
        at sun.misc.Unsafe.park(Native Method)
        at java.util.concurrent.locks.LockSupport.parkNanos(LockSupport.java:215)
        at java.util.concurrent.locks.AbstractQueuedSynchronizer$ConditionObject.awaitNanos(AbstractQueuedSynchronizer.java:2078)
        at java.util.concurrent.ScheduledThreadPoolExecutor$DelayedWorkQueue.take(ScheduledThreadPoolExecutor.java:1093)
        at java.util.concurrent.ScheduledThreadPoolExecutor$DelayedWorkQueue.take(ScheduledThreadPoolExecutor.java:809)
        at java.util.concurrent.ThreadPoolExecutor.getTask(ThreadPoolExecutor.java:1074)
        at java.util.concurrent.ThreadPoolExecutor.runWorker(ThreadPoolExecutor.java:1134)
        at java.util.concurrent.ThreadPoolExecutor$Worker.run(ThreadPoolExecutor.java:624)
        at java.lang.Thread.run(Thread.java:748)
"pool-36-thread-50"  prio=5 tid=451 in Object.wait()
java.lang.Thread.State: WAITING (on object monitor)
        at sun.misc.Unsafe.park(Native Method)
        at java.util.concurrent.locks.LockSupport.park(LockSupport.java:175)
        at java.util.concurrent.locks.AbstractQueuedSynchronizer$ConditionObject.await(AbstractQueuedSynchronizer.java:2039)
        at java.util.concurrent.ArrayBlockingQueue.take(ArrayBlockingQueue.java:403)
        at java.util.concurrent.ThreadPoolExecutor.getTask(ThreadPoolExecutor.java:1074)
        at java.util.concurrent.ThreadPoolExecutor.runWorker(ThreadPoolExecutor.java:1134)
        at java.util.concurrent.ThreadPoolExecutor$Worker.run(ThreadPoolExecutor.java:624)
        at java.lang.Thread.run(Thread.java:748)
"pool-76-thread-29"  prio=5 tid=614 in Object.wait()
java.lang.Thread.State: WAITING (on object monitor)
        at sun.misc.Unsafe.park(Native Method)
        at java.util.concurrent.locks.LockSupport.park(LockSupport.java:175)
        at java.util.concurrent.locks.AbstractQueuedSynchronizer$ConditionObject.await(AbstractQueuedSynchronizer.java:2039)
        at java.util.concurrent.ArrayBlockingQueue.take(ArrayBlockingQueue.java:403)
        at java.util.concurrent.ThreadPoolExecutor.getTask(ThreadPoolExecutor.java:1074)
        at java.util.concurrent.ThreadPoolExecutor.runWorker(ThreadPoolExecutor.java:1134)
        at java.util.concurrent.ThreadPoolExecutor$Worker.run(ThreadPoolExecutor.java:624)
        at java.lang.Thread.run(Thread.java:748)
"pool-76-thread-44"  prio=5 tid=630 in Object.wait()
java.lang.Thread.State: WAITING (on object monitor)
        at sun.misc.Unsafe.park(Native Method)
        at java.util.concurrent.locks.LockSupport.park(LockSupport.java:175)
        at java.util.concurrent.locks.AbstractQueuedSynchronizer$ConditionObject.await(AbstractQueuedSynchronizer.java:2039)
        at java.util.concurrent.ArrayBlockingQueue.take(ArrayBlockingQueue.java:403)
        at java.util.concurrent.ThreadPoolExecutor.getTask(ThreadPoolExecutor.java:1074)
        at java.util.concurrent.ThreadPoolExecutor.runWorker(ThreadPoolExecutor.java:1134)
        at java.util.concurrent.ThreadPoolExecutor$Worker.run(ThreadPoolExecutor.java:624)
        at java.lang.Thread.run(Thread.java:748)
"metrics-hadoop-metrics2-reporter-12-thread-1" daemon prio=5 tid=729 timed_waiting
java.lang.Thread.State: TIMED_WAITING
        at sun.misc.Unsafe.park(Native Method)
        at java.util.concurrent.locks.LockSupport.parkNanos(LockSupport.java:215)
        at java.util.concurrent.locks.AbstractQueuedSynchronizer$ConditionObject.awaitNanos(AbstractQueuedSynchronizer.java:2078)
        at java.util.concurrent.ScheduledThreadPoolExecutor$DelayedWorkQueue.take(ScheduledThreadPoolExecutor.java:1093)
        at java.util.concurrent.ScheduledThreadPoolExecutor$DelayedWorkQueue.take(ScheduledThreadPoolExecutor.java:809)
        at java.util.concurrent.ThreadPoolExecutor.getTask(ThreadPoolExecutor.java:1074)
        at java.util.concurrent.ThreadPoolExecutor.runWorker(ThreadPoolExecutor.java:1134)
        at java.util.concurrent.ThreadPoolExecutor$Worker.run(ThreadPoolExecutor.java:624)
        at java.lang.Thread.run(Thread.java:748)
"qtp30546661-192" daemon prio=5 tid=192 timed_waiting
java.lang.Thread.State: TIMED_WAITING
        at sun.misc.Unsafe.park(Native Method)
        at java.util.concurrent.locks.LockSupport.parkNanos(LockSupport.java:215)
        at java.util.concurrent.locks.AbstractQueuedSynchronizer$ConditionObject.awaitNanos(AbstractQueuedSynchronizer.java:2078)
        at org.eclipse.jetty.util.BlockingArrayQueue.poll(BlockingArrayQueue.java:392)
        at org.eclipse.jetty.util.thread.QueuedThreadPool.idleJobPoll(QueuedThreadPool.java:563)
        at org.eclipse.jetty.util.thread.QueuedThreadPool.access$800(QueuedThreadPool.java:48)
        at org.eclipse.jetty.util.thread.QueuedThreadPool$2.run(QueuedThreadPool.java:626)
        at java.lang.Thread.run(Thread.java:748)
"pool-46-thread-43"  prio=5 tid=428 in Object.wait()
java.lang.Thread.State: WAITING (on object monitor)
        at sun.misc.Unsafe.park(Native Method)
        at java.util.concurrent.locks.LockSupport.park(LockSupport.java:175)
        at java.util.concurrent.locks.AbstractQueuedSynchronizer$ConditionObject.await(AbstractQueuedSynchronizer.java:2039)
        at java.util.concurrent.ArrayBlockingQueue.take(ArrayBlockingQueue.java:403)
        at java.util.concurrent.ThreadPoolExecutor.getTask(ThreadPoolExecutor.java:1074)
        at java.util.concurrent.ThreadPoolExecutor.runWorker(ThreadPoolExecutor.java:1134)
        at java.util.concurrent.ThreadPoolExecutor$Worker.run(ThreadPoolExecutor.java:624)
        at java.lang.Thread.run(Thread.java:748)
"IPC Server idle connection scanner for port 42372" daemon prio=5 tid=17 timed_waiting
java.lang.Thread.State: TIMED_WAITING
        at java.lang.Object.wait(Native Method)
        at java.util.TimerThread.mainLoop(Timer.java:552)
        at java.util.TimerThread.run(Timer.java:505)
"Datanode State Machine Thread - 0" daemon prio=5 tid=171 timed_waiting
java.lang.Thread.State: TIMED_WAITING
        at java.lang.Thread.sleep(Native Method)
        at org.apache.hadoop.ozone.container.common.statemachine.DatanodeStateMachine.start(DatanodeStateMachine.java:191)
        at org.apache.hadoop.ozone.container.common.statemachine.DatanodeStateMachine.lambda$startDaemon$0(DatanodeStateMachine.java:349)
        at org.apache.hadoop.ozone.container.common.statemachine.DatanodeStateMachine$$Lambda$140/2066701670.run(Unknown Source)
        at java.lang.Thread.run(Thread.java:748)
"Datanode State Machine Thread - 0" daemon prio=5 tid=306 timed_waiting
java.lang.Thread.State: TIMED_WAITING
        at java.lang.Thread.sleep(Native Method)
        at org.apache.hadoop.ozone.container.common.statemachine.DatanodeStateMachine.start(DatanodeStateMachine.java:191)
        at org.apache.hadoop.ozone.container.common.statemachine.DatanodeStateMachine.lambda$startDaemon$0(DatanodeStateMachine.java:349)
        at org.apache.hadoop.ozone.container.common.statemachine.DatanodeStateMachine$$Lambda$140/2066701670.run(Unknown Source)
        at java.lang.Thread.run(Thread.java:748)
"Periodic HDDS volume checker"  prio=5 tid=261 timed_waiting
java.lang.Thread.State: TIMED_WAITING
        at sun.misc.Unsafe.park(Native Method)
        at java.util.concurrent.locks.LockSupport.parkNanos(LockSupport.java:215)
        at java.util.concurrent.locks.AbstractQueuedSynchronizer$ConditionObject.awaitNanos(AbstractQueuedSynchronizer.java:2078)
        at java.util.concurrent.ScheduledThreadPoolExecutor$DelayedWorkQueue.take(ScheduledThreadPoolExecutor.java:1093)
        at java.util.concurrent.ScheduledThreadPoolExecutor$DelayedWorkQueue.take(ScheduledThreadPoolExecutor.java:809)
        at java.util.concurrent.ThreadPoolExecutor.getTask(ThreadPoolExecutor.java:1074)
        at java.util.concurrent.ThreadPoolExecutor.runWorker(ThreadPoolExecutor.java:1134)
        at java.util.concurrent.ThreadPoolExecutor$Worker.run(ThreadPoolExecutor.java:624)
        at java.lang.Thread.run(Thread.java:748)
"org.eclipse.jetty.server.session.HashSessionManager@9dd655dTimer" daemon prio=5 tid=249 timed_waiting
java.lang.Thread.State: TIMED_WAITING
        at sun.misc.Unsafe.park(Native Method)
        at java.util.concurrent.locks.LockSupport.parkNanos(LockSupport.java:215)
        at java.util.concurrent.locks.AbstractQueuedSynchronizer$ConditionObject.awaitNanos(AbstractQueuedSynchronizer.java:2078)
        at java.util.concurrent.ScheduledThreadPoolExecutor$DelayedWorkQueue.take(ScheduledThreadPoolExecutor.java:1093)
        at java.util.concurrent.ScheduledThreadPoolExecutor$DelayedWorkQueue.take(ScheduledThreadPoolExecutor.java:809)
        at java.util.concurrent.ThreadPoolExecutor.getTask(ThreadPoolExecutor.java:1074)
        at java.util.concurrent.ThreadPoolExecutor.runWorker(ThreadPoolExecutor.java:1134)
        at java.util.concurrent.ThreadPoolExecutor$Worker.run(ThreadPoolExecutor.java:624)
        at java.lang.Thread.run(Thread.java:748)
"metrics-hadoop-metrics2-reporter-46-thread-1" daemon prio=5 tid=853 timed_waiting
java.lang.Thread.State: TIMED_WAITING
        at sun.misc.Unsafe.park(Native Method)
        at java.util.concurrent.locks.LockSupport.parkNanos(LockSupport.java:215)
        at java.util.concurrent.locks.AbstractQueuedSynchronizer$ConditionObject.awaitNanos(AbstractQueuedSynchronizer.java:2078)
        at java.util.concurrent.ScheduledThreadPoolExecutor$DelayedWorkQueue.take(ScheduledThreadPoolExecutor.java:1093)
        at java.util.concurrent.ScheduledThreadPoolExecutor$DelayedWorkQueue.take(ScheduledThreadPoolExecutor.java:809)
        at java.util.concurrent.ThreadPoolExecutor.getTask(ThreadPoolExecutor.java:1074)
        at java.util.concurrent.ThreadPoolExecutor.runWorker(ThreadPoolExecutor.java:1134)
        at java.util.concurrent.ThreadPoolExecutor$Worker.run(ThreadPoolExecutor.java:624)
        at java.lang.Thread.run(Thread.java:748)
"pool-66-thread-46"  prio=5 tid=661 in Object.wait()
java.lang.Thread.State: WAITING (on object monitor)
        at sun.misc.Unsafe.park(Native Method)
        at java.util.concurrent.locks.LockSupport.park(LockSupport.java:175)
        at java.util.concurrent.locks.AbstractQueuedSynchronizer$ConditionObject.await(AbstractQueuedSynchronizer.java:2039)
        at java.util.concurrent.ArrayBlockingQueue.take(ArrayBlockingQueue.java:403)
        at java.util.concurrent.ThreadPoolExecutor.getTask(ThreadPoolExecutor.java:1074)
        at java.util.concurrent.ThreadPoolExecutor.runWorker(ThreadPoolExecutor.java:1134)
        at java.util.concurrent.ThreadPoolExecutor$Worker.run(ThreadPoolExecutor.java:624)
        at java.lang.Thread.run(Thread.java:748)
"pool-26-thread-49"  prio=5 tid=493 in Object.wait()
java.lang.Thread.State: WAITING (on object monitor)
        at sun.misc.Unsafe.park(Native Method)
        at java.util.concurrent.locks.LockSupport.park(LockSupport.java:175)
        at java.util.concurrent.locks.AbstractQueuedSynchronizer$ConditionObject.await(AbstractQueuedSynchronizer.java:2039)
        at java.util.concurrent.ArrayBlockingQueue.take(ArrayBlockingQueue.java:403)
        at java.util.concurrent.ThreadPoolExecutor.getTask(ThreadPoolExecutor.java:1074)
        at java.util.concurrent.ThreadPoolExecutor.runWorker(ThreadPoolExecutor.java:1134)
        at java.util.concurrent.ThreadPoolExecutor$Worker.run(ThreadPoolExecutor.java:624)
        at java.lang.Thread.run(Thread.java:748)
"Datanode State Machine Thread - 0" daemon prio=5 tid=181 timed_waiting
java.lang.Thread.State: TIMED_WAITING
        at sun.misc.Unsafe.park(Native Method)
        at java.util.concurrent.locks.LockSupport.parkNanos(LockSupport.java:215)
        at java.util.concurrent.SynchronousQueue$TransferStack.awaitFulfill(SynchronousQueue.java:460)
        at java.util.concurrent.SynchronousQueue$TransferStack.transfer(SynchronousQueue.java:362)
        at java.util.concurrent.SynchronousQueue.poll(SynchronousQueue.java:941)
        at java.util.concurrent.ThreadPoolExecutor.getTask(ThreadPoolExecutor.java:1073)
        at java.util.concurrent.ThreadPoolExecutor.runWorker(ThreadPoolExecutor.java:1134)
        at java.util.concurrent.ThreadPoolExecutor$Worker.run(ThreadPoolExecutor.java:624)
        at java.lang.Thread.run(Thread.java:748)
"org.eclipse.jetty.server.session.HashSessionManager@18011b8eTimer" daemon prio=5 tid=304 timed_waiting
java.lang.Thread.State: TIMED_WAITING
        at sun.misc.Unsafe.park(Native Method)
        at java.util.concurrent.locks.LockSupport.parkNanos(LockSupport.java:215)
        at java.util.concurrent.locks.AbstractQueuedSynchronizer$ConditionObject.awaitNanos(AbstractQueuedSynchronizer.java:2078)
        at java.util.concurrent.ScheduledThreadPoolExecutor$DelayedWorkQueue.take(ScheduledThreadPoolExecutor.java:1093)
        at java.util.concurrent.ScheduledThreadPoolExecutor$DelayedWorkQueue.take(ScheduledThreadPoolExecutor.java:809)
        at java.util.concurrent.ThreadPoolExecutor.getTask(ThreadPoolExecutor.java:1074)
        at java.util.concurrent.ThreadPoolExecutor.runWorker(ThreadPoolExecutor.java:1134)
        at java.util.concurrent.ThreadPoolExecutor$Worker.run(ThreadPoolExecutor.java:624)
        at java.lang.Thread.run(Thread.java:748)
"IPC Server handler 4 on 33223" daemon prio=5 tid=54 timed_waiting
java.lang.Thread.State: TIMED_WAITING
        at sun.misc.Unsafe.park(Native Method)
        at java.util.concurrent.locks.LockSupport.parkNanos(LockSupport.java:215)
        at java.util.concurrent.locks.AbstractQueuedSynchronizer$ConditionObject.awaitNanos(AbstractQueuedSynchronizer.java:2078)
        at java.util.concurrent.LinkedBlockingQueue.poll(LinkedBlockingQueue.java:467)
        at org.apache.hadoop.ipc.CallQueueManager.take(CallQueueManager.java:288)
        at org.apache.hadoop.ipc.Server$Handler.run(Server.java:2668)
"pool-76-thread-42"  prio=5 tid=628 in Object.wait()
java.lang.Thread.State: WAITING (on object monitor)
        at sun.misc.Unsafe.park(Native Method)
        at java.util.concurrent.locks.LockSupport.park(LockSupport.java:175)
        at java.util.concurrent.locks.AbstractQueuedSynchronizer$ConditionObject.await(AbstractQueuedSynchronizer.java:2039)
        at java.util.concurrent.ArrayBlockingQueue.take(ArrayBlockingQueue.java:403)
        at java.util.concurrent.ThreadPoolExecutor.getTask(ThreadPoolExecutor.java:1074)
        at java.util.concurrent.ThreadPoolExecutor.runWorker(ThreadPoolExecutor.java:1134)
        at java.util.concurrent.ThreadPoolExecutor$Worker.run(ThreadPoolExecutor.java:624)
        at java.lang.Thread.run(Thread.java:748)
"pool-77-thread-1"  prio=5 tid=748 in Object.wait()
java.lang.Thread.State: WAITING (on object monitor)
        at sun.misc.Unsafe.park(Native Method)
        at java.util.concurrent.locks.LockSupport.park(LockSupport.java:175)
        at java.util.concurrent.locks.AbstractQueuedSynchronizer$ConditionObject.await(AbstractQueuedSynchronizer.java:2039)
        at java.util.concurrent.LinkedBlockingQueue.take(LinkedBlockingQueue.java:442)
        at java.util.concurrent.ThreadPoolExecutor.getTask(ThreadPoolExecutor.java:1074)
        at java.util.concurrent.ThreadPoolExecutor.runWorker(ThreadPoolExecutor.java:1134)
        at java.util.concurrent.ThreadPoolExecutor$Worker.run(ThreadPoolExecutor.java:624)
        at java.lang.Thread.run(Thread.java:748)
"pool-66-thread-12"  prio=5 tid=569 in Object.wait()
java.lang.Thread.State: WAITING (on object monitor)
        at sun.misc.Unsafe.park(Native Method)
        at java.util.concurrent.locks.LockSupport.park(LockSupport.java:175)
        at java.util.concurrent.locks.AbstractQueuedSynchronizer$ConditionObject.await(AbstractQueuedSynchronizer.java:2039)
        at java.util.concurrent.ArrayBlockingQueue.take(ArrayBlockingQueue.java:403)
        at java.util.concurrent.ThreadPoolExecutor.getTask(ThreadPoolExecutor.java:1074)
        at java.util.concurrent.ThreadPoolExecutor.runWorker(ThreadPoolExecutor.java:1134)
        at java.util.concurrent.ThreadPoolExecutor$Worker.run(ThreadPoolExecutor.java:624)
        at java.lang.Thread.run(Thread.java:748)
"pool-36-thread-59"  prio=5 tid=479 in Object.wait()
java.lang.Thread.State: WAITING (on object monitor)
        at sun.misc.Unsafe.park(Native Method)
        at java.util.concurrent.locks.LockSupport.park(LockSupport.java:175)
        at java.util.concurrent.locks.AbstractQueuedSynchronizer$ConditionObject.await(AbstractQueuedSynchronizer.java:2039)
        at java.util.concurrent.ArrayBlockingQueue.take(ArrayBlockingQueue.java:403)
        at java.util.concurrent.ThreadPoolExecutor.getTask(ThreadPoolExecutor.java:1074)
        at java.util.concurrent.ThreadPoolExecutor.runWorker(ThreadPoolExecutor.java:1134)
        at java.util.concurrent.ThreadPoolExecutor$Worker.run(ThreadPoolExecutor.java:624)
        at java.lang.Thread.run(Thread.java:748)
"pool-26-thread-55"  prio=5 tid=504 in Object.wait()
java.lang.Thread.State: WAITING (on object monitor)
        at sun.misc.Unsafe.park(Native Method)
        at java.util.concurrent.locks.LockSupport.park(LockSupport.java:175)
        at java.util.concurrent.locks.AbstractQueuedSynchronizer$ConditionObject.await(AbstractQueuedSynchronizer.java:2039)
        at java.util.concurrent.ArrayBlockingQueue.take(ArrayBlockingQueue.java:403)
        at java.util.concurrent.ThreadPoolExecutor.getTask(ThreadPoolExecutor.java:1074)
        at java.util.concurrent.ThreadPoolExecutor.runWorker(ThreadPoolExecutor.java:1134)
        at java.util.concurrent.ThreadPoolExecutor$Worker.run(ThreadPoolExecutor.java:624)
        at java.lang.Thread.run(Thread.java:748)
"BlockDeletingService#0" daemon prio=5 tid=679 timed_waiting
java.lang.Thread.State: TIMED_WAITING
        at sun.misc.Unsafe.park(Native Method)
        at java.util.concurrent.locks.LockSupport.parkNanos(LockSupport.java:215)
        at java.util.concurrent.locks.AbstractQueuedSynchronizer$ConditionObject.awaitNanos(AbstractQueuedSynchronizer.java:2078)
        at java.util.concurrent.ScheduledThreadPoolExecutor$DelayedWorkQueue.take(ScheduledThreadPoolExecutor.java:1093)
        at java.util.concurrent.ScheduledThreadPoolExecutor$DelayedWorkQueue.take(ScheduledThreadPoolExecutor.java:809)
        at java.util.concurrent.ThreadPoolExecutor.getTask(ThreadPoolExecutor.java:1074)
        at java.util.concurrent.ThreadPoolExecutor.runWorker(ThreadPoolExecutor.java:1134)
        at java.util.concurrent.ThreadPoolExecutor$Worker.run(ThreadPoolExecutor.java:624)
        at java.lang.Thread.run(Thread.java:748)
"metrics-hadoop-metrics2-reporter-68-thread-1" daemon prio=5 tid=987 timed_waiting
java.lang.Thread.State: TIMED_WAITING
        at sun.misc.Unsafe.park(Native Method)
        at java.util.concurrent.locks.LockSupport.parkNanos(LockSupport.java:215)
        at java.util.concurrent.locks.AbstractQueuedSynchronizer$ConditionObject.awaitNanos(AbstractQueuedSynchronizer.java:2078)
        at java.util.concurrent.ScheduledThreadPoolExecutor$DelayedWorkQueue.take(ScheduledThreadPoolExecutor.java:1093)
        at java.util.concurrent.ScheduledThreadPoolExecutor$DelayedWorkQueue.take(ScheduledThreadPoolExecutor.java:809)
        at java.util.concurrent.ThreadPoolExecutor.getTask(ThreadPoolExecutor.java:1074)
        at java.util.concurrent.ThreadPoolExecutor.runWorker(ThreadPoolExecutor.java:1134)
        at java.util.concurrent.ThreadPoolExecutor$Worker.run(ThreadPoolExecutor.java:624)
        at java.lang.Thread.run(Thread.java:748)
"pool-74-thread-1" daemon prio=5 tid=292 timed_waiting
java.lang.Thread.State: TIMED_WAITING
        at sun.misc.Unsafe.park(Native Method)
        at java.util.concurrent.locks.LockSupport.parkNanos(LockSupport.java:215)
        at java.util.concurrent.locks.AbstractQueuedSynchronizer$ConditionObject.awaitNanos(AbstractQueuedSynchronizer.java:2078)
        at java.util.concurrent.ScheduledThreadPoolExecutor$DelayedWorkQueue.take(ScheduledThreadPoolExecutor.java:1093)
        at java.util.concurrent.ScheduledThreadPoolExecutor$DelayedWorkQueue.take(ScheduledThreadPoolExecutor.java:809)
        at java.util.concurrent.ThreadPoolExecutor.getTask(ThreadPoolExecutor.java:1074)
        at java.util.concurrent.ThreadPoolExecutor.runWorker(ThreadPoolExecutor.java:1134)
        at java.util.concurrent.ThreadPoolExecutor$Worker.run(ThreadPoolExecutor.java:624)
        at java.lang.Thread.run(Thread.java:748)
"IPC Server handler 10 on 42810" daemon prio=5 tid=125 timed_waiting
java.lang.Thread.State: TIMED_WAITING
        at sun.misc.Unsafe.park(Native Method)
        at java.util.concurrent.locks.LockSupport.parkNanos(LockSupport.java:215)
        at java.util.concurrent.locks.AbstractQueuedSynchronizer$ConditionObject.awaitNanos(AbstractQueuedSynchronizer.java:2078)
        at java.util.concurrent.LinkedBlockingQueue.poll(LinkedBlockingQueue.java:467)
        at org.apache.hadoop.ipc.CallQueueManager.take(CallQueueManager.java:288)
        at org.apache.hadoop.ipc.Server$Handler.run(Server.java:2668)
"Thread-229" daemon prio=5 tid=713 timed_waiting
java.lang.Thread.State: TIMED_WAITING
        at sun.misc.Unsafe.park(Native Method)
        at java.util.concurrent.locks.LockSupport.parkNanos(LockSupport.java:215)
        at java.util.concurrent.locks.AbstractQueuedSynchronizer$ConditionObject.awaitNanos(AbstractQueuedSynchronizer.java:2078)
        at java.util.concurrent.ArrayBlockingQueue.poll(ArrayBlockingQueue.java:418)
        at org.apache.ratis.server.impl.LeaderState$EventQueue.poll(LeaderState.java:115)
        at org.apache.ratis.server.impl.LeaderState$EventProcessor.run(LeaderState.java:467)
"metrics-hadoop-metrics2-reporter-63-thread-1" daemon prio=5 tid=953 timed_waiting
java.lang.Thread.State: TIMED_WAITING
        at sun.misc.Unsafe.park(Native Method)
        at java.util.concurrent.locks.LockSupport.parkNanos(LockSupport.java:215)
        at java.util.concurrent.locks.AbstractQueuedSynchronizer$ConditionObject.awaitNanos(AbstractQueuedSynchronizer.java:2078)
        at java.util.concurrent.ScheduledThreadPoolExecutor$DelayedWorkQueue.take(ScheduledThreadPoolExecutor.java:1093)
        at java.util.concurrent.ScheduledThreadPoolExecutor$DelayedWorkQueue.take(ScheduledThreadPoolExecutor.java:809)
        at java.util.concurrent.ThreadPoolExecutor.getTask(ThreadPoolExecutor.java:1074)
        at java.util.concurrent.ThreadPoolExecutor.runWorker(ThreadPoolExecutor.java:1134)
        at java.util.concurrent.ThreadPoolExecutor$Worker.run(ThreadPoolExecutor.java:624)
        at java.lang.Thread.run(Thread.java:748)
"qtp1174596735-141" daemon prio=5 tid=141 timed_waiting
java.lang.Thread.State: TIMED_WAITING
        at sun.misc.Unsafe.park(Native Method)
        at java.util.concurrent.locks.LockSupport.parkNanos(LockSupport.java:215)
        at java.util.concurrent.locks.AbstractQueuedSynchronizer$ConditionObject.awaitNanos(AbstractQueuedSynchronizer.java:2078)
        at org.eclipse.jetty.util.BlockingArrayQueue.poll(BlockingArrayQueue.java:392)
        at org.eclipse.jetty.util.thread.QueuedThreadPool.idleJobPoll(QueuedThreadPool.java:563)
        at org.eclipse.jetty.util.thread.QueuedThreadPool.access$800(QueuedThreadPool.java:48)
        at org.eclipse.jetty.util.thread.QueuedThreadPool$2.run(QueuedThreadPool.java:626)
        at java.lang.Thread.run(Thread.java:748)
"pool-26-thread-22"  prio=5 tid=387 in Object.wait()
java.lang.Thread.State: WAITING (on object monitor)
        at sun.misc.Unsafe.park(Native Method)
        at java.util.concurrent.locks.LockSupport.park(LockSupport.java:175)
        at java.util.concurrent.locks.AbstractQueuedSynchronizer$ConditionObject.await(AbstractQueuedSynchronizer.java:2039)
        at java.util.concurrent.ArrayBlockingQueue.take(ArrayBlockingQueue.java:403)
        at java.util.concurrent.ThreadPoolExecutor.getTask(ThreadPoolExecutor.java:1074)
        at java.util.concurrent.ThreadPoolExecutor.runWorker(ThreadPoolExecutor.java:1134)
        at java.util.concurrent.ThreadPoolExecutor$Worker.run(ThreadPoolExecutor.java:624)
        at java.lang.Thread.run(Thread.java:748)
"pool-36-thread-46"  prio=5 tid=445 in Object.wait()
java.lang.Thread.State: WAITING (on object monitor)
        at sun.misc.Unsafe.park(Native Method)
        at java.util.concurrent.locks.LockSupport.park(LockSupport.java:175)
        at java.util.concurrent.locks.AbstractQueuedSynchronizer$ConditionObject.await(AbstractQueuedSynchronizer.java:2039)
        at java.util.concurrent.ArrayBlockingQueue.take(ArrayBlockingQueue.java:403)
        at java.util.concurrent.ThreadPoolExecutor.getTask(ThreadPoolExecutor.java:1074)
        at java.util.concurrent.ThreadPoolExecutor.runWorker(ThreadPoolExecutor.java:1134)
        at java.util.concurrent.ThreadPoolExecutor$Worker.run(ThreadPoolExecutor.java:624)
        at java.lang.Thread.run(Thread.java:748)
"pool-46-thread-2"  prio=5 tid=316 in Object.wait()
java.lang.Thread.State: WAITING (on object monitor)
        at sun.misc.Unsafe.park(Native Method)
        at java.util.concurrent.locks.LockSupport.park(LockSupport.java:175)
        at java.util.concurrent.locks.AbstractQueuedSynchronizer$ConditionObject.await(AbstractQueuedSynchronizer.java:2039)
        at java.util.concurrent.ArrayBlockingQueue.take(ArrayBlockingQueue.java:403)
        at java.util.concurrent.ThreadPoolExecutor.getTask(ThreadPoolExecutor.java:1074)
        at java.util.concurrent.ThreadPoolExecutor.runWorker(ThreadPoolExecutor.java:1134)
        at java.util.concurrent.ThreadPoolExecutor$Worker.run(ThreadPoolExecutor.java:624)
        at java.lang.Thread.run(Thread.java:748)
"IPC Server handler 5 on 45420" daemon prio=5 tid=35 timed_waiting
java.lang.Thread.State: TIMED_WAITING
        at sun.misc.Unsafe.park(Native Method)
        at java.util.concurrent.locks.LockSupport.parkNanos(LockSupport.java:215)
        at java.util.concurrent.locks.AbstractQueuedSynchronizer$ConditionObject.awaitNanos(AbstractQueuedSynchronizer.java:2078)
        at java.util.concurrent.LinkedBlockingQueue.poll(LinkedBlockingQueue.java:467)
        at org.apache.hadoop.ipc.CallQueueManager.take(CallQueueManager.java:288)
        at org.apache.hadoop.ipc.Server$Handler.run(Server.java:2668)
"metrics-hadoop-metrics2-reporter-32-thread-1" daemon prio=5 tid=785 timed_waiting
java.lang.Thread.State: TIMED_WAITING
        at sun.misc.Unsafe.park(Native Method)
        at java.util.concurrent.locks.LockSupport.parkNanos(LockSupport.java:215)
        at java.util.concurrent.locks.AbstractQueuedSynchronizer$ConditionObject.awaitNanos(AbstractQueuedSynchronizer.java:2078)
        at java.util.concurrent.ScheduledThreadPoolExecutor$DelayedWorkQueue.take(ScheduledThreadPoolExecutor.java:1093)
        at java.util.concurrent.ScheduledThreadPoolExecutor$DelayedWorkQueue.take(ScheduledThreadPoolExecutor.java:809)
        at java.util.concurrent.ThreadPoolExecutor.getTask(ThreadPoolExecutor.java:1074)
        at java.util.concurrent.ThreadPoolExecutor.runWorker(ThreadPoolExecutor.java:1134)
        at java.util.concurrent.ThreadPoolExecutor$Worker.run(ThreadPoolExecutor.java:624)
        at java.lang.Thread.run(Thread.java:748)
"Datanode State Machine Thread - 0" daemon prio=5 tid=232 timed_waiting
java.lang.Thread.State: TIMED_WAITING
        at sun.misc.Unsafe.park(Native Method)
        at java.util.concurrent.locks.LockSupport.parkNanos(LockSupport.java:215)
        at java.util.concurrent.SynchronousQueue$TransferStack.awaitFulfill(SynchronousQueue.java:460)
        at java.util.concurrent.SynchronousQueue$TransferStack.transfer(SynchronousQueue.java:362)
        at java.util.concurrent.SynchronousQueue.poll(SynchronousQueue.java:941)
        at java.util.concurrent.ThreadPoolExecutor.getTask(ThreadPoolExecutor.java:1073)
        at java.util.concurrent.ThreadPoolExecutor.runWorker(ThreadPoolExecutor.java:1134)
        at java.util.concurrent.ThreadPoolExecutor$Worker.run(ThreadPoolExecutor.java:624)
        at java.lang.Thread.run(Thread.java:748)
"qtp1732973321-90-acceptor-0@27c5c538-ServerConnector@2669f601{HTTP/1.1,[http/1.1]}{0.0.0.0:38048}" daemon prio=3 tid=90 runnable
java.lang.Thread.State: RUNNABLE
        at sun.nio.ch.ServerSocketChannelImpl.accept0(Native Method)
        at sun.nio.ch.ServerSocketChannelImpl.accept(ServerSocketChannelImpl.java:422)
        at sun.nio.ch.ServerSocketChannelImpl.accept(ServerSocketChannelImpl.java:250)
        at org.eclipse.jetty.server.ServerConnector.accept(ServerConnector.java:397)
        at org.eclipse.jetty.server.AbstractConnector$Acceptor.run(AbstractConnector.java:601)
        at org.eclipse.jetty.util.thread.QueuedThreadPool.runJob(QueuedThreadPool.java:671)
        at org.eclipse.jetty.util.thread.QueuedThreadPool$2.run(QueuedThreadPool.java:589)
        at java.lang.Thread.run(Thread.java:748)
"pool-46-thread-38"  prio=5 tid=413 in Object.wait()
java.lang.Thread.State: WAITING (on object monitor)
        at sun.misc.Unsafe.park(Native Method)
        at java.util.concurrent.locks.LockSupport.park(LockSupport.java:175)
        at java.util.concurrent.locks.AbstractQueuedSynchronizer$ConditionObject.await(AbstractQueuedSynchronizer.java:2039)
        at java.util.concurrent.ArrayBlockingQueue.take(ArrayBlockingQueue.java:403)
        at java.util.concurrent.ThreadPoolExecutor.getTask(ThreadPoolExecutor.java:1074)
        at java.util.concurrent.ThreadPoolExecutor.runWorker(ThreadPoolExecutor.java:1134)
        at java.util.concurrent.ThreadPoolExecutor$Worker.run(ThreadPoolExecutor.java:624)
        at java.lang.Thread.run(Thread.java:748)
"pool-76-thread-54"  prio=5 tid=648 in Object.wait()
java.lang.Thread.State: WAITING (on object monitor)
        at sun.misc.Unsafe.park(Native Method)
        at java.util.concurrent.locks.LockSupport.park(LockSupport.java:175)
        at java.util.concurrent.locks.AbstractQueuedSynchronizer$ConditionObject.await(AbstractQueuedSynchronizer.java:2039)
        at java.util.concurrent.ArrayBlockingQueue.take(ArrayBlockingQueue.java:403)
        at java.util.concurrent.ThreadPoolExecutor.getTask(ThreadPoolExecutor.java:1074)
        at java.util.concurrent.ThreadPoolExecutor.runWorker(ThreadPoolExecutor.java:1134)
        at java.util.concurrent.ThreadPoolExecutor$Worker.run(ThreadPoolExecutor.java:624)
        at java.lang.Thread.run(Thread.java:748)
"pool-56-thread-57"  prio=5 tid=551 in Object.wait()
java.lang.Thread.State: WAITING (on object monitor)
        at sun.misc.Unsafe.park(Native Method)
        at java.util.concurrent.locks.LockSupport.park(LockSupport.java:175)
        at java.util.concurrent.locks.AbstractQueuedSynchronizer$ConditionObject.await(AbstractQueuedSynchronizer.java:2039)
        at java.util.concurrent.ArrayBlockingQueue.take(ArrayBlockingQueue.java:403)
        at java.util.concurrent.ThreadPoolExecutor.getTask(ThreadPoolExecutor.java:1074)
        at java.util.concurrent.ThreadPoolExecutor.runWorker(ThreadPoolExecutor.java:1134)
        at java.util.concurrent.ThreadPoolExecutor$Worker.run(ThreadPoolExecutor.java:624)
        at java.lang.Thread.run(Thread.java:748)
"pool-66-thread-60"  prio=5 tid=675 in Object.wait()
java.lang.Thread.State: WAITING (on object monitor)
        at sun.misc.Unsafe.park(Native Method)
        at java.util.concurrent.locks.LockSupport.park(LockSupport.java:175)
        at java.util.concurrent.locks.AbstractQueuedSynchronizer$ConditionObject.await(AbstractQueuedSynchronizer.java:2039)
        at java.util.concurrent.ArrayBlockingQueue.take(ArrayBlockingQueue.java:403)
        at java.util.concurrent.ThreadPoolExecutor.getTask(ThreadPoolExecutor.java:1074)
        at java.util.concurrent.ThreadPoolExecutor.runWorker(ThreadPoolExecutor.java:1134)
        at java.util.concurrent.ThreadPoolExecutor$Worker.run(ThreadPoolExecutor.java:624)
        at java.lang.Thread.run(Thread.java:748)
"pool-36-thread-52"  prio=5 tid=453 in Object.wait()
java.lang.Thread.State: WAITING (on object monitor)
        at sun.misc.Unsafe.park(Native Method)
        at java.util.concurrent.locks.LockSupport.park(LockSupport.java:175)
        at java.util.concurrent.locks.AbstractQueuedSynchronizer$ConditionObject.await(AbstractQueuedSynchronizer.java:2039)
        at java.util.concurrent.ArrayBlockingQueue.take(ArrayBlockingQueue.java:403)
        at java.util.concurrent.ThreadPoolExecutor.getTask(ThreadPoolExecutor.java:1074)
        at java.util.concurrent.ThreadPoolExecutor.runWorker(ThreadPoolExecutor.java:1134)
        at java.util.concurrent.ThreadPoolExecutor$Worker.run(ThreadPoolExecutor.java:624)
        at java.lang.Thread.run(Thread.java:748)
"BlockDeletingService#0" daemon prio=5 tid=680 timed_waiting
java.lang.Thread.State: TIMED_WAITING
        at sun.misc.Unsafe.park(Native Method)
        at java.util.concurrent.locks.LockSupport.parkNanos(LockSupport.java:215)
        at java.util.concurrent.locks.AbstractQueuedSynchronizer$ConditionObject.awaitNanos(AbstractQueuedSynchronizer.java:2078)
        at java.util.concurrent.ScheduledThreadPoolExecutor$DelayedWorkQueue.take(ScheduledThreadPoolExecutor.java:1093)
        at java.util.concurrent.ScheduledThreadPoolExecutor$DelayedWorkQueue.take(ScheduledThreadPoolExecutor.java:809)
        at java.util.concurrent.ThreadPoolExecutor.getTask(ThreadPoolExecutor.java:1074)
        at java.util.concurrent.ThreadPoolExecutor.runWorker(ThreadPoolExecutor.java:1134)
        at java.util.concurrent.ThreadPoolExecutor$Worker.run(ThreadPoolExecutor.java:624)
        at java.lang.Thread.run(Thread.java:748)
"org.eclipse.jetty.server.session.HashSessionManager@62695c36Timer" daemon prio=5 tid=277 timed_waiting
java.lang.Thread.State: TIMED_WAITING
        at sun.misc.Unsafe.park(Native Method)
        at java.util.concurrent.locks.LockSupport.parkNanos(LockSupport.java:215)
        at java.util.concurrent.locks.AbstractQueuedSynchronizer$ConditionObject.awaitNanos(AbstractQueuedSynchronizer.java:2078)
        at java.util.concurrent.ScheduledThreadPoolExecutor$DelayedWorkQueue.take(ScheduledThreadPoolExecutor.java:1093)
        at java.util.concurrent.ScheduledThreadPoolExecutor$DelayedWorkQueue.take(ScheduledThreadPoolExecutor.java:809)
        at java.util.concurrent.ThreadPoolExecutor.getTask(ThreadPoolExecutor.java:1074)
        at java.util.concurrent.ThreadPoolExecutor.runWorker(ThreadPoolExecutor.java:1134)
        at java.util.concurrent.ThreadPoolExecutor$Worker.run(ThreadPoolExecutor.java:624)
        at java.lang.Thread.run(Thread.java:748)
"pool-66-thread-5"  prio=5 tid=560 in Object.wait()
java.lang.Thread.State: WAITING (on object monitor)
        at sun.misc.Unsafe.park(Native Method)
        at java.util.concurrent.locks.LockSupport.park(LockSupport.java:175)
        at java.util.concurrent.locks.AbstractQueuedSynchronizer$ConditionObject.await(AbstractQueuedSynchronizer.java:2039)
        at java.util.concurrent.ArrayBlockingQueue.take(ArrayBlockingQueue.java:403)
        at java.util.concurrent.ThreadPoolExecutor.getTask(ThreadPoolExecutor.java:1074)
        at java.util.concurrent.ThreadPoolExecutor.runWorker(ThreadPoolExecutor.java:1134)
        at java.util.concurrent.ThreadPoolExecutor$Worker.run(ThreadPoolExecutor.java:624)
        at java.lang.Thread.run(Thread.java:748)
"EventQueue-NodeRegistrationContainerReportForDataNodeSafeModeRule" daemon prio=5 tid=692 in Object.wait()
java.lang.Thread.State: WAITING (on object monitor)
        at sun.misc.Unsafe.park(Native Method)
        at java.util.concurrent.locks.LockSupport.park(LockSupport.java:175)
        at java.util.concurrent.locks.AbstractQueuedSynchronizer$ConditionObject.await(AbstractQueuedSynchronizer.java:2039)
        at java.util.concurrent.LinkedBlockingQueue.take(LinkedBlockingQueue.java:442)
        at java.util.concurrent.ThreadPoolExecutor.getTask(ThreadPoolExecutor.java:1074)
        at java.util.concurrent.ThreadPoolExecutor.runWorker(ThreadPoolExecutor.java:1134)
        at java.util.concurrent.ThreadPoolExecutor$Worker.run(ThreadPoolExecutor.java:624)
        at java.lang.Thread.run(Thread.java:748)
"pool-26-thread-48"  prio=5 tid=491 in Object.wait()
java.lang.Thread.State: WAITING (on object monitor)
        at sun.misc.Unsafe.park(Native Method)
        at java.util.concurrent.locks.LockSupport.park(LockSupport.java:175)
        at java.util.concurrent.locks.AbstractQueuedSynchronizer$ConditionObject.await(AbstractQueuedSynchronizer.java:2039)
        at java.util.concurrent.ArrayBlockingQueue.take(ArrayBlockingQueue.java:403)
        at java.util.concurrent.ThreadPoolExecutor.getTask(ThreadPoolExecutor.java:1074)
        at java.util.concurrent.ThreadPoolExecutor.runWorker(ThreadPoolExecutor.java:1134)
        at java.util.concurrent.ThreadPoolExecutor$Worker.run(ThreadPoolExecutor.java:624)
        at java.lang.Thread.run(Thread.java:748)
"metrics-hadoop-metrics2-reporter-25-thread-1" daemon prio=5 tid=763 timed_waiting
java.lang.Thread.State: TIMED_WAITING
        at sun.misc.Unsafe.park(Native Method)
        at java.util.concurrent.locks.LockSupport.parkNanos(LockSupport.java:215)
        at java.util.concurrent.locks.AbstractQueuedSynchronizer$ConditionObject.awaitNanos(AbstractQueuedSynchronizer.java:2078)
        at java.util.concurrent.ScheduledThreadPoolExecutor$DelayedWorkQueue.take(ScheduledThreadPoolExecutor.java:1093)
        at java.util.concurrent.ScheduledThreadPoolExecutor$DelayedWorkQueue.take(ScheduledThreadPoolExecutor.java:809)
        at java.util.concurrent.ThreadPoolExecutor.getTask(ThreadPoolExecutor.java:1074)
        at java.util.concurrent.ThreadPoolExecutor.runWorker(ThreadPoolExecutor.java:1134)
        at java.util.concurrent.ThreadPoolExecutor$Worker.run(ThreadPoolExecutor.java:624)
        at java.lang.Thread.run(Thread.java:748)
"pool-76-thread-18"  prio=5 tid=596 in Object.wait()
java.lang.Thread.State: WAITING (on object monitor)
        at sun.misc.Unsafe.park(Native Method)
        at java.util.concurrent.locks.LockSupport.park(LockSupport.java:175)
        at java.util.concurrent.locks.AbstractQueuedSynchronizer$ConditionObject.await(AbstractQueuedSynchronizer.java:2039)
        at java.util.concurrent.ArrayBlockingQueue.take(ArrayBlockingQueue.java:403)
        at java.util.concurrent.ThreadPoolExecutor.getTask(ThreadPoolExecutor.java:1074)
        at java.util.concurrent.ThreadPoolExecutor.runWorker(ThreadPoolExecutor.java:1134)
        at java.util.concurrent.ThreadPoolExecutor$Worker.run(ThreadPoolExecutor.java:624)
        at java.lang.Thread.run(Thread.java:748)
"IPC Server handler 13 on 42372" daemon prio=5 tid=83 timed_waiting
java.lang.Thread.State: TIMED_WAITING
        at sun.misc.Unsafe.park(Native Method)
        at java.util.concurrent.locks.LockSupport.parkNanos(LockSupport.java:215)
        at java.util.concurrent.locks.AbstractQueuedSynchronizer$ConditionObject.awaitNanos(AbstractQueuedSynchronizer.java:2078)
        at java.util.concurrent.LinkedBlockingQueue.poll(LinkedBlockingQueue.java:467)
        at org.apache.hadoop.ipc.CallQueueManager.take(CallQueueManager.java:288)
        at org.apache.hadoop.ipc.Server$Handler.run(Server.java:2668)
"Thread-237" daemon prio=5 tid=735 timed_waiting
java.lang.Thread.State: TIMED_WAITING
        at sun.misc.Unsafe.park(Native Method)
        at java.util.concurrent.locks.LockSupport.parkNanos(LockSupport.java:215)
        at java.util.concurrent.locks.AbstractQueuedSynchronizer$ConditionObject.awaitNanos(AbstractQueuedSynchronizer.java:2078)
        at java.util.concurrent.ArrayBlockingQueue.poll(ArrayBlockingQueue.java:418)
        at org.apache.ratis.server.impl.LeaderState$EventQueue.poll(LeaderState.java:115)
        at org.apache.ratis.server.impl.LeaderState$EventProcessor.run(LeaderState.java:467)
"pool-56-thread-22"  prio=5 tid=515 in Object.wait()
java.lang.Thread.State: WAITING (on object monitor)
        at sun.misc.Unsafe.park(Native Method)
        at java.util.concurrent.locks.LockSupport.park(LockSupport.java:175)
        at java.util.concurrent.locks.AbstractQueuedSynchronizer$ConditionObject.await(AbstractQueuedSynchronizer.java:2039)
        at java.util.concurrent.ArrayBlockingQueue.take(ArrayBlockingQueue.java:403)
        at java.util.concurrent.ThreadPoolExecutor.getTask(ThreadPoolExecutor.java:1074)
        at java.util.concurrent.ThreadPoolExecutor.runWorker(ThreadPoolExecutor.java:1134)
        at java.util.concurrent.ThreadPoolExecutor$Worker.run(ThreadPoolExecutor.java:624)
        at java.lang.Thread.run(Thread.java:748)
"pool-36-thread-51"  prio=5 tid=452 in Object.wait()
java.lang.Thread.State: WAITING (on object monitor)
        at sun.misc.Unsafe.park(Native Method)
        at java.util.concurrent.locks.LockSupport.park(LockSupport.java:175)
        at java.util.concurrent.locks.AbstractQueuedSynchronizer$ConditionObject.await(AbstractQueuedSynchronizer.java:2039)
        at java.util.concurrent.ArrayBlockingQueue.take(ArrayBlockingQueue.java:403)
        at java.util.concurrent.ThreadPoolExecutor.getTask(ThreadPoolExecutor.java:1074)
        at java.util.concurrent.ThreadPoolExecutor.runWorker(ThreadPoolExecutor.java:1134)
        at java.util.concurrent.ThreadPoolExecutor$Worker.run(ThreadPoolExecutor.java:624)
        at java.lang.Thread.run(Thread.java:748)
"pool-66-thread-43"  prio=5 tid=657 in Object.wait()
java.lang.Thread.State: WAITING (on object monitor)
        at sun.misc.Unsafe.park(Native Method)
        at java.util.concurrent.locks.LockSupport.park(LockSupport.java:175)
        at java.util.concurrent.locks.AbstractQueuedSynchronizer$ConditionObject.await(AbstractQueuedSynchronizer.java:2039)
        at java.util.concurrent.ArrayBlockingQueue.take(ArrayBlockingQueue.java:403)
        at java.util.concurrent.ThreadPoolExecutor.getTask(ThreadPoolExecutor.java:1074)
        at java.util.concurrent.ThreadPoolExecutor.runWorker(ThreadPoolExecutor.java:1134)
        at java.util.concurrent.ThreadPoolExecutor$Worker.run(ThreadPoolExecutor.java:624)
        at java.lang.Thread.run(Thread.java:748)
"pool-76-thread-52"  prio=5 tid=644 in Object.wait()
java.lang.Thread.State: WAITING (on object monitor)
        at sun.misc.Unsafe.park(Native Method)
        at java.util.concurrent.locks.LockSupport.park(LockSupport.java:175)
        at java.util.concurrent.locks.AbstractQueuedSynchronizer$ConditionObject.await(AbstractQueuedSynchronizer.java:2039)
        at java.util.concurrent.ArrayBlockingQueue.take(ArrayBlockingQueue.java:403)
        at java.util.concurrent.ThreadPoolExecutor.getTask(ThreadPoolExecutor.java:1074)
        at java.util.concurrent.ThreadPoolExecutor.runWorker(ThreadPoolExecutor.java:1134)
        at java.util.concurrent.ThreadPoolExecutor$Worker.run(ThreadPoolExecutor.java:624)
        at java.lang.Thread.run(Thread.java:748)
"Command processor thread" daemon prio=5 tid=230 timed_waiting
java.lang.Thread.State: TIMED_WAITING
        at java.lang.Thread.sleep(Native Method)
        at org.apache.hadoop.ozone.container.common.statemachine.DatanodeStateMachine.lambda$initCommandHandlerThread$1(DatanodeStateMachine.java:439)
        at org.apache.hadoop.ozone.container.common.statemachine.DatanodeStateMachine$$Lambda$141/1097787199.run(Unknown Source)
        at java.lang.Thread.run(Thread.java:748)
"metrics-hadoop-metrics2-reporter-42-thread-1" daemon prio=5 tid=820 timed_waiting
java.lang.Thread.State: TIMED_WAITING
        at sun.misc.Unsafe.park(Native Method)
        at java.util.concurrent.locks.LockSupport.parkNanos(LockSupport.java:215)
        at java.util.concurrent.locks.AbstractQueuedSynchronizer$ConditionObject.awaitNanos(AbstractQueuedSynchronizer.java:2078)
        at java.util.concurrent.ScheduledThreadPoolExecutor$DelayedWorkQueue.take(ScheduledThreadPoolExecutor.java:1093)
        at java.util.concurrent.ScheduledThreadPoolExecutor$DelayedWorkQueue.take(ScheduledThreadPoolExecutor.java:809)
        at java.util.concurrent.ThreadPoolExecutor.getTask(ThreadPoolExecutor.java:1074)
        at java.util.concurrent.ThreadPoolExecutor.runWorker(ThreadPoolExecutor.java:1134)
        at java.util.concurrent.ThreadPoolExecutor$Worker.run(ThreadPoolExecutor.java:624)
        at java.lang.Thread.run(Thread.java:748)
"pool-66-thread-51"  prio=5 tid=666 in Object.wait()
java.lang.Thread.State: WAITING (on object monitor)
        at sun.misc.Unsafe.park(Native Method)
        at java.util.concurrent.locks.LockSupport.park(LockSupport.java:175)
        at java.util.concurrent.locks.AbstractQueuedSynchronizer$ConditionObject.await(AbstractQueuedSynchronizer.java:2039)
        at java.util.concurrent.ArrayBlockingQueue.take(ArrayBlockingQueue.java:403)
        at java.util.concurrent.ThreadPoolExecutor.getTask(ThreadPoolExecutor.java:1074)
        at java.util.concurrent.ThreadPoolExecutor.runWorker(ThreadPoolExecutor.java:1134)
        at java.util.concurrent.ThreadPoolExecutor$Worker.run(ThreadPoolExecutor.java:624)
        at java.lang.Thread.run(Thread.java:748)
"IPC Server handler 3 on 42810" daemon prio=5 tid=118 timed_waiting
java.lang.Thread.State: TIMED_WAITING
        at sun.misc.Unsafe.park(Native Method)
        at java.util.concurrent.locks.LockSupport.parkNanos(LockSupport.java:215)
        at java.util.concurrent.locks.AbstractQueuedSynchronizer$ConditionObject.awaitNanos(AbstractQueuedSynchronizer.java:2078)
        at java.util.concurrent.LinkedBlockingQueue.poll(LinkedBlockingQueue.java:467)
        at org.apache.hadoop.ipc.CallQueueManager.take(CallQueueManager.java:288)
        at org.apache.hadoop.ipc.Server$Handler.run(Server.java:2668)
"ReplicationMonitor" daemon prio=5 tid=895 timed_waiting
java.lang.Thread.State: TIMED_WAITING
        at java.lang.Object.wait(Native Method)
        at org.apache.hadoop.hdds.scm.container.ReplicationManager.run(ReplicationManager.java:229)
        at org.apache.hadoop.hdds.scm.container.ReplicationManager$$Lambda$516/1078697665.run(Unknown Source)
        at java.lang.Thread.run(Thread.java:748)
"pool-56-thread-30"  prio=5 tid=524 in Object.wait()
java.lang.Thread.State: WAITING (on object monitor)
        at sun.misc.Unsafe.park(Native Method)
        at java.util.concurrent.locks.LockSupport.park(LockSupport.java:175)
        at java.util.concurrent.locks.AbstractQueuedSynchronizer$ConditionObject.await(AbstractQueuedSynchronizer.java:2039)
        at java.util.concurrent.ArrayBlockingQueue.take(ArrayBlockingQueue.java:403)
        at java.util.concurrent.ThreadPoolExecutor.getTask(ThreadPoolExecutor.java:1074)
        at java.util.concurrent.ThreadPoolExecutor.runWorker(ThreadPoolExecutor.java:1134)
        at java.util.concurrent.ThreadPoolExecutor$Worker.run(ThreadPoolExecutor.java:624)
        at java.lang.Thread.run(Thread.java:748)
"pool-56-thread-2"  prio=5 tid=467 in Object.wait()
java.lang.Thread.State: WAITING (on object monitor)
        at sun.misc.Unsafe.park(Native Method)
        at java.util.concurrent.locks.LockSupport.park(LockSupport.java:175)
        at java.util.concurrent.locks.AbstractQueuedSynchronizer$ConditionObject.await(AbstractQueuedSynchronizer.java:2039)
        at java.util.concurrent.ArrayBlockingQueue.take(ArrayBlockingQueue.java:403)
        at java.util.concurrent.ThreadPoolExecutor.getTask(ThreadPoolExecutor.java:1074)
        at java.util.concurrent.ThreadPoolExecutor.runWorker(ThreadPoolExecutor.java:1134)
        at java.util.concurrent.ThreadPoolExecutor$Worker.run(ThreadPoolExecutor.java:624)
        at java.lang.Thread.run(Thread.java:748)
"metrics-hadoop-metrics2-reporter-35-thread-1" daemon prio=5 tid=793 timed_waiting
java.lang.Thread.State: TIMED_WAITING
        at sun.misc.Unsafe.park(Native Method)
        at java.util.concurrent.locks.LockSupport.parkNanos(LockSupport.java:215)
        at java.util.concurrent.locks.AbstractQueuedSynchronizer$ConditionObject.awaitNanos(AbstractQueuedSynchronizer.java:2078)
        at java.util.concurrent.ScheduledThreadPoolExecutor$DelayedWorkQueue.take(ScheduledThreadPoolExecutor.java:1093)
        at java.util.concurrent.ScheduledThreadPoolExecutor$DelayedWorkQueue.take(ScheduledThreadPoolExecutor.java:809)
        at java.util.concurrent.ThreadPoolExecutor.getTask(ThreadPoolExecutor.java:1074)
        at java.util.concurrent.ThreadPoolExecutor.runWorker(ThreadPoolExecutor.java:1134)
        at java.util.concurrent.ThreadPoolExecutor$Worker.run(ThreadPoolExecutor.java:624)
        at java.lang.Thread.run(Thread.java:748)
"metrics-hadoop-metrics2-reporter-55-thread-1" daemon prio=5 tid=913 timed_waiting
java.lang.Thread.State: TIMED_WAITING
        at sun.misc.Unsafe.park(Native Method)
        at java.util.concurrent.locks.LockSupport.parkNanos(LockSupport.java:215)
        at java.util.concurrent.locks.AbstractQueuedSynchronizer$ConditionObject.awaitNanos(AbstractQueuedSynchronizer.java:2078)
        at java.util.concurrent.ScheduledThreadPoolExecutor$DelayedWorkQueue.take(ScheduledThreadPoolExecutor.java:1093)
        at java.util.concurrent.ScheduledThreadPoolExecutor$DelayedWorkQueue.take(ScheduledThreadPoolExecutor.java:809)
        at java.util.concurrent.ThreadPoolExecutor.getTask(ThreadPoolExecutor.java:1074)
        at java.util.concurrent.ThreadPoolExecutor.runWorker(ThreadPoolExecutor.java:1134)
        at java.util.concurrent.ThreadPoolExecutor$Worker.run(ThreadPoolExecutor.java:624)
        at java.lang.Thread.run(Thread.java:748)
"metrics-hadoop-metrics2-reporter-59-thread-1" daemon prio=5 tid=932 timed_waiting
java.lang.Thread.State: TIMED_WAITING
        at sun.misc.Unsafe.park(Native Method)
        at java.util.concurrent.locks.LockSupport.parkNanos(LockSupport.java:215)
        at java.util.concurrent.locks.AbstractQueuedSynchronizer$ConditionObject.awaitNanos(AbstractQueuedSynchronizer.java:2078)
        at java.util.concurrent.ScheduledThreadPoolExecutor$DelayedWorkQueue.take(ScheduledThreadPoolExecutor.java:1093)
        at java.util.concurrent.ScheduledThreadPoolExecutor$DelayedWorkQueue.take(ScheduledThreadPoolExecutor.java:809)
        at java.util.concurrent.ThreadPoolExecutor.getTask(ThreadPoolExecutor.java:1074)
        at java.util.concurrent.ThreadPoolExecutor.runWorker(ThreadPoolExecutor.java:1134)
        at java.util.concurrent.ThreadPoolExecutor$Worker.run(ThreadPoolExecutor.java:624)
        at java.lang.Thread.run(Thread.java:748)
"pool-66-thread-26"  prio=5 tid=601 in Object.wait()
java.lang.Thread.State: WAITING (on object monitor)
        at sun.misc.Unsafe.park(Native Method)
        at java.util.concurrent.locks.LockSupport.park(LockSupport.java:175)
        at java.util.concurrent.locks.AbstractQueuedSynchronizer$ConditionObject.await(AbstractQueuedSynchronizer.java:2039)
        at java.util.concurrent.ArrayBlockingQueue.take(ArrayBlockingQueue.java:403)
        at java.util.concurrent.ThreadPoolExecutor.getTask(ThreadPoolExecutor.java:1074)
        at java.util.concurrent.ThreadPoolExecutor.runWorker(ThreadPoolExecutor.java:1134)
        at java.util.concurrent.ThreadPoolExecutor$Worker.run(ThreadPoolExecutor.java:624)
        at java.lang.Thread.run(Thread.java:748)
"Periodic HDDS volume checker"  prio=5 tid=174 timed_waiting
java.lang.Thread.State: TIMED_WAITING
        at sun.misc.Unsafe.park(Native Method)
        at java.util.concurrent.locks.LockSupport.parkNanos(LockSupport.java:215)
        at java.util.concurrent.locks.AbstractQueuedSynchronizer$ConditionObject.awaitNanos(AbstractQueuedSynchronizer.java:2078)
        at java.util.concurrent.ScheduledThreadPoolExecutor$DelayedWorkQueue.take(ScheduledThreadPoolExecutor.java:1093)
        at java.util.concurrent.ScheduledThreadPoolExecutor$DelayedWorkQueue.take(ScheduledThreadPoolExecutor.java:809)
        at java.util.concurrent.ThreadPoolExecutor.getTask(ThreadPoolExecutor.java:1074)
        at java.util.concurrent.ThreadPoolExecutor.runWorker(ThreadPoolExecutor.java:1134)
        at java.util.concurrent.ThreadPoolExecutor$Worker.run(ThreadPoolExecutor.java:624)
        at java.lang.Thread.run(Thread.java:748)
"IPC Server handler 5 on 42372" daemon prio=5 tid=75 timed_waiting
java.lang.Thread.State: TIMED_WAITING
        at sun.misc.Unsafe.park(Native Method)
        at java.util.concurrent.locks.LockSupport.parkNanos(LockSupport.java:215)
        at java.util.concurrent.locks.AbstractQueuedSynchronizer$ConditionObject.awaitNanos(AbstractQueuedSynchronizer.java:2078)
        at java.util.concurrent.LinkedBlockingQueue.poll(LinkedBlockingQueue.java:467)
        at org.apache.hadoop.ipc.CallQueueManager.take(CallQueueManager.java:288)
        at org.apache.hadoop.ipc.Server$Handler.run(Server.java:2668)
"pool-26-thread-23"  prio=5 tid=390 in Object.wait()
java.lang.Thread.State: WAITING (on object monitor)
        at sun.misc.Unsafe.park(Native Method)
        at java.util.concurrent.locks.LockSupport.park(LockSupport.java:175)
        at java.util.concurrent.locks.AbstractQueuedSynchronizer$ConditionObject.await(AbstractQueuedSynchronizer.java:2039)
        at java.util.concurrent.ArrayBlockingQueue.take(ArrayBlockingQueue.java:403)
        at java.util.concurrent.ThreadPoolExecutor.getTask(ThreadPoolExecutor.java:1074)
        at java.util.concurrent.ThreadPoolExecutor.runWorker(ThreadPoolExecutor.java:1134)
        at java.util.concurrent.ThreadPoolExecutor$Worker.run(ThreadPoolExecutor.java:624)
        at java.lang.Thread.run(Thread.java:748)
"metrics-hadoop-metrics2-reporter-65-thread-1" daemon prio=5 tid=958 timed_waiting
java.lang.Thread.State: TIMED_WAITING
        at sun.misc.Unsafe.park(Native Method)
        at java.util.concurrent.locks.LockSupport.parkNanos(LockSupport.java:215)
        at java.util.concurrent.locks.AbstractQueuedSynchronizer$ConditionObject.awaitNanos(AbstractQueuedSynchronizer.java:2078)
        at java.util.concurrent.ScheduledThreadPoolExecutor$DelayedWorkQueue.take(ScheduledThreadPoolExecutor.java:1093)
        at java.util.concurrent.ScheduledThreadPoolExecutor$DelayedWorkQueue.take(ScheduledThreadPoolExecutor.java:809)
        at java.util.concurrent.ThreadPoolExecutor.getTask(ThreadPoolExecutor.java:1074)
        at java.util.concurrent.ThreadPoolExecutor.runWorker(ThreadPoolExecutor.java:1134)
        at java.util.concurrent.ThreadPoolExecutor$Worker.run(ThreadPoolExecutor.java:624)
        at java.lang.Thread.run(Thread.java:748)
"Command processor thread" daemon prio=5 tid=257 timed_waiting
java.lang.Thread.State: TIMED_WAITING
        at java.lang.Thread.sleep(Native Method)
        at org.apache.hadoop.ozone.container.common.statemachine.DatanodeStateMachine.lambda$initCommandHandlerThread$1(DatanodeStateMachine.java:439)
        at org.apache.hadoop.ozone.container.common.statemachine.DatanodeStateMachine$$Lambda$141/1097787199.run(Unknown Source)
        at java.lang.Thread.run(Thread.java:748)
"pool-46-thread-31"  prio=5 tid=395 in Object.wait()
java.lang.Thread.State: WAITING (on object monitor)
        at sun.misc.Unsafe.park(Native Method)
        at java.util.concurrent.locks.LockSupport.park(LockSupport.java:175)
        at java.util.concurrent.locks.AbstractQueuedSynchronizer$ConditionObject.await(AbstractQueuedSynchronizer.java:2039)
        at java.util.concurrent.ArrayBlockingQueue.take(ArrayBlockingQueue.java:403)
        at java.util.concurrent.ThreadPoolExecutor.getTask(ThreadPoolExecutor.java:1074)
        at java.util.concurrent.ThreadPoolExecutor.runWorker(ThreadPoolExecutor.java:1134)
        at java.util.concurrent.ThreadPoolExecutor$Worker.run(ThreadPoolExecutor.java:624)
        at java.lang.Thread.run(Thread.java:748)
"IPC Server handler 6 on 42810" daemon prio=5 tid=121 timed_waiting
java.lang.Thread.State: TIMED_WAITING
        at sun.misc.Unsafe.park(Native Method)
        at java.util.concurrent.locks.LockSupport.parkNanos(LockSupport.java:215)
        at java.util.concurrent.locks.AbstractQueuedSynchronizer$ConditionObject.awaitNanos(AbstractQueuedSynchronizer.java:2078)
        at java.util.concurrent.LinkedBlockingQueue.poll(LinkedBlockingQueue.java:467)
        at org.apache.hadoop.ipc.CallQueueManager.take(CallQueueManager.java:288)
        at org.apache.hadoop.ipc.Server$Handler.run(Server.java:2668)
"metrics-hadoop-metrics2-reporter-56-thread-1" daemon prio=5 tid=917 timed_waiting
java.lang.Thread.State: TIMED_WAITING
        at sun.misc.Unsafe.park(Native Method)
        at java.util.concurrent.locks.LockSupport.parkNanos(LockSupport.java:215)
        at java.util.concurrent.locks.AbstractQueuedSynchronizer$ConditionObject.awaitNanos(AbstractQueuedSynchronizer.java:2078)
        at java.util.concurrent.ScheduledThreadPoolExecutor$DelayedWorkQueue.take(ScheduledThreadPoolExecutor.java:1093)
        at java.util.concurrent.ScheduledThreadPoolExecutor$DelayedWorkQueue.take(ScheduledThreadPoolExecutor.java:809)
        at java.util.concurrent.ThreadPoolExecutor.getTask(ThreadPoolExecutor.java:1074)
        at java.util.concurrent.ThreadPoolExecutor.runWorker(ThreadPoolExecutor.java:1134)
        at java.util.concurrent.ThreadPoolExecutor$Worker.run(ThreadPoolExecutor.java:624)
        at java.lang.Thread.run(Thread.java:748)
"Datanode ReportManager Thread - 1" daemon prio=5 tid=227 timed_waiting
java.lang.Thread.State: TIMED_WAITING
        at sun.misc.Unsafe.park(Native Method)
        at java.util.concurrent.locks.LockSupport.parkNanos(LockSupport.java:215)
        at java.util.concurrent.locks.AbstractQueuedSynchronizer$ConditionObject.awaitNanos(AbstractQueuedSynchronizer.java:2078)
        at java.util.concurrent.ScheduledThreadPoolExecutor$DelayedWorkQueue.take(ScheduledThreadPoolExecutor.java:1093)
        at java.util.concurrent.ScheduledThreadPoolExecutor$DelayedWorkQueue.take(ScheduledThreadPoolExecutor.java:809)
        at java.util.concurrent.ThreadPoolExecutor.getTask(ThreadPoolExecutor.java:1074)
        at java.util.concurrent.ThreadPoolExecutor.runWorker(ThreadPoolExecutor.java:1134)
        at java.util.concurrent.ThreadPoolExecutor$Worker.run(ThreadPoolExecutor.java:624)
        at java.lang.Thread.run(Thread.java:748)
"qtp1732973321-96" daemon prio=5 tid=96 timed_waiting
java.lang.Thread.State: TIMED_WAITING
        at sun.misc.Unsafe.park(Native Method)
        at java.util.concurrent.locks.LockSupport.parkNanos(LockSupport.java:215)
        at java.util.concurrent.locks.AbstractQueuedSynchronizer$ConditionObject.awaitNanos(AbstractQueuedSynchronizer.java:2078)
        at org.eclipse.jetty.util.BlockingArrayQueue.poll(BlockingArrayQueue.java:392)
        at org.eclipse.jetty.util.thread.QueuedThreadPool.idleJobPoll(QueuedThreadPool.java:563)
        at org.eclipse.jetty.util.thread.QueuedThreadPool.access$800(QueuedThreadPool.java:48)
        at org.eclipse.jetty.util.thread.QueuedThreadPool$2.run(QueuedThreadPool.java:626)
        at java.lang.Thread.run(Thread.java:748)
"pool-76-thread-41"  prio=5 tid=627 in Object.wait()
java.lang.Thread.State: WAITING (on object monitor)
        at sun.misc.Unsafe.park(Native Method)
        at java.util.concurrent.locks.LockSupport.park(LockSupport.java:175)
        at java.util.concurrent.locks.AbstractQueuedSynchronizer$ConditionObject.await(AbstractQueuedSynchronizer.java:2039)
        at java.util.concurrent.ArrayBlockingQueue.take(ArrayBlockingQueue.java:403)
        at java.util.concurrent.ThreadPoolExecutor.getTask(ThreadPoolExecutor.java:1074)
        at java.util.concurrent.ThreadPoolExecutor.runWorker(ThreadPoolExecutor.java:1134)
        at java.util.concurrent.ThreadPoolExecutor$Worker.run(ThreadPoolExecutor.java:624)
        at java.lang.Thread.run(Thread.java:748)
"org.eclipse.jetty.server.session.HashSessionManager@4416524Timer" daemon prio=5 tid=196 timed_waiting
java.lang.Thread.State: TIMED_WAITING
        at sun.misc.Unsafe.park(Native Method)
        at java.util.concurrent.locks.LockSupport.parkNanos(LockSupport.java:215)
        at java.util.concurrent.locks.AbstractQueuedSynchronizer$ConditionObject.awaitNanos(AbstractQueuedSynchronizer.java:2078)
        at java.util.concurrent.ScheduledThreadPoolExecutor$DelayedWorkQueue.take(ScheduledThreadPoolExecutor.java:1093)
        at java.util.concurrent.ScheduledThreadPoolExecutor$DelayedWorkQueue.take(ScheduledThreadPoolExecutor.java:809)
        at java.util.concurrent.ThreadPoolExecutor.getTask(ThreadPoolExecutor.java:1074)
        at java.util.concurrent.ThreadPoolExecutor.runWorker(ThreadPoolExecutor.java:1134)
        at java.util.concurrent.ThreadPoolExecutor$Worker.run(ThreadPoolExecutor.java:624)
        at java.lang.Thread.run(Thread.java:748)
"pool-26-thread-8"  prio=5 tid=347 in Object.wait()
java.lang.Thread.State: WAITING (on object monitor)
        at sun.misc.Unsafe.park(Native Method)
        at java.util.concurrent.locks.LockSupport.park(LockSupport.java:175)
        at java.util.concurrent.locks.AbstractQueuedSynchronizer$ConditionObject.await(AbstractQueuedSynchronizer.java:2039)
        at java.util.concurrent.ArrayBlockingQueue.take(ArrayBlockingQueue.java:403)
        at java.util.concurrent.ThreadPoolExecutor.getTask(ThreadPoolExecutor.java:1074)
        at java.util.concurrent.ThreadPoolExecutor.runWorker(ThreadPoolExecutor.java:1134)
        at java.util.concurrent.ThreadPoolExecutor$Worker.run(ThreadPoolExecutor.java:624)
        at java.lang.Thread.run(Thread.java:748)
"pool-76-thread-5"  prio=5 tid=571 in Object.wait()
java.lang.Thread.State: WAITING (on object monitor)
        at sun.misc.Unsafe.park(Native Method)
        at java.util.concurrent.locks.LockSupport.park(LockSupport.java:175)
        at java.util.concurrent.locks.AbstractQueuedSynchronizer$ConditionObject.await(AbstractQueuedSynchronizer.java:2039)
        at java.util.concurrent.ArrayBlockingQueue.take(ArrayBlockingQueue.java:403)
        at java.util.concurrent.ThreadPoolExecutor.getTask(ThreadPoolExecutor.java:1074)
        at java.util.concurrent.ThreadPoolExecutor.runWorker(ThreadPoolExecutor.java:1134)
        at java.util.concurrent.ThreadPoolExecutor$Worker.run(ThreadPoolExecutor.java:624)
        at java.lang.Thread.run(Thread.java:748)
"pool-56-thread-54"  prio=5 tid=548 in Object.wait()
java.lang.Thread.State: WAITING (on object monitor)
        at sun.misc.Unsafe.park(Native Method)
        at java.util.concurrent.locks.LockSupport.park(LockSupport.java:175)
        at java.util.concurrent.locks.AbstractQueuedSynchronizer$ConditionObject.await(AbstractQueuedSynchronizer.java:2039)
        at java.util.concurrent.ArrayBlockingQueue.take(ArrayBlockingQueue.java:403)
        at java.util.concurrent.ThreadPoolExecutor.getTask(ThreadPoolExecutor.java:1074)
        at java.util.concurrent.ThreadPoolExecutor.runWorker(ThreadPoolExecutor.java:1134)
        at java.util.concurrent.ThreadPoolExecutor$Worker.run(ThreadPoolExecutor.java:624)
        at java.lang.Thread.run(Thread.java:748)
"pool-66-thread-28"  prio=5 tid=606 in Object.wait()
java.lang.Thread.State: WAITING (on object monitor)
        at sun.misc.Unsafe.park(Native Method)
        at java.util.concurrent.locks.LockSupport.park(LockSupport.java:175)
        at java.util.concurrent.locks.AbstractQueuedSynchronizer$ConditionObject.await(AbstractQueuedSynchronizer.java:2039)
        at java.util.concurrent.ArrayBlockingQueue.take(ArrayBlockingQueue.java:403)
        at java.util.concurrent.ThreadPoolExecutor.getTask(ThreadPoolExecutor.java:1074)
        at java.util.concurrent.ThreadPoolExecutor.runWorker(ThreadPoolExecutor.java:1134)
        at java.util.concurrent.ThreadPoolExecutor$Worker.run(ThreadPoolExecutor.java:624)
        at java.lang.Thread.run(Thread.java:748)
"pool-66-thread-11"  prio=5 tid=568 in Object.wait()
java.lang.Thread.State: WAITING (on object monitor)
        at sun.misc.Unsafe.park(Native Method)
        at java.util.concurrent.locks.LockSupport.park(LockSupport.java:175)
        at java.util.concurrent.locks.AbstractQueuedSynchronizer$ConditionObject.await(AbstractQueuedSynchronizer.java:2039)
        at java.util.concurrent.ArrayBlockingQueue.take(ArrayBlockingQueue.java:403)
        at java.util.concurrent.ThreadPoolExecutor.getTask(ThreadPoolExecutor.java:1074)
        at java.util.concurrent.ThreadPoolExecutor.runWorker(ThreadPoolExecutor.java:1134)
        at java.util.concurrent.ThreadPoolExecutor$Worker.run(ThreadPoolExecutor.java:624)
        at java.lang.Thread.run(Thread.java:748)
"metrics-hadoop-metrics2-reporter-66-thread-1" daemon prio=5 tid=959 timed_waiting
java.lang.Thread.State: TIMED_WAITING
        at sun.misc.Unsafe.park(Native Method)
        at java.util.concurrent.locks.LockSupport.parkNanos(LockSupport.java:215)
        at java.util.concurrent.locks.AbstractQueuedSynchronizer$ConditionObject.awaitNanos(AbstractQueuedSynchronizer.java:2078)
        at java.util.concurrent.ScheduledThreadPoolExecutor$DelayedWorkQueue.take(ScheduledThreadPoolExecutor.java:1093)
        at java.util.concurrent.ScheduledThreadPoolExecutor$DelayedWorkQueue.take(ScheduledThreadPoolExecutor.java:809)
        at java.util.concurrent.ThreadPoolExecutor.getTask(ThreadPoolExecutor.java:1074)
        at java.util.concurrent.ThreadPoolExecutor.runWorker(ThreadPoolExecutor.java:1134)
        at java.util.concurrent.ThreadPoolExecutor$Worker.run(ThreadPoolExecutor.java:624)
        at java.lang.Thread.run(Thread.java:748)
"CommandWatcher-LeaseManager#LeaseMonitor" daemon prio=5 tid=29 timed_waiting
java.lang.Thread.State: TIMED_WAITING
        at java.lang.Thread.sleep(Native Method)
        at org.apache.hadoop.ozone.lease.LeaseManager$LeaseMonitor.run(LeaseManager.java:234)
        at java.lang.Thread.run(Thread.java:748)
"Thread-1790" daemon prio=5 tid=2385 terminated
java.lang.Thread.State: TERMINATED
        at java.lang.Thread.sleep(Native Method)
        at org.apache.ratis.util.JavaUtils.sleep(JavaUtils.java:247)
        at org.apache.ratis.server.impl.FollowerState.run(FollowerState.java:97)
"EventQueue-SafemodestatusForSafeModeHandler" daemon prio=5 tid=694 in Object.wait()
java.lang.Thread.State: WAITING (on object monitor)
        at sun.misc.Unsafe.park(Native Method)
        at java.util.concurrent.locks.LockSupport.park(LockSupport.java:175)
        at java.util.concurrent.locks.AbstractQueuedSynchronizer$ConditionObject.await(AbstractQueuedSynchronizer.java:2039)
        at java.util.concurrent.LinkedBlockingQueue.take(LinkedBlockingQueue.java:442)
        at java.util.concurrent.ThreadPoolExecutor.getTask(ThreadPoolExecutor.java:1074)
        at java.util.concurrent.ThreadPoolExecutor.runWorker(ThreadPoolExecutor.java:1134)
        at java.util.concurrent.ThreadPoolExecutor$Worker.run(ThreadPoolExecutor.java:624)
        at java.lang.Thread.run(Thread.java:748)
"pool-66-thread-35"  prio=5 tid=638 in Object.wait()
java.lang.Thread.State: WAITING (on object monitor)
        at sun.misc.Unsafe.park(Native Method)
        at java.util.concurrent.locks.LockSupport.park(LockSupport.java:175)
        at java.util.concurrent.locks.AbstractQueuedSynchronizer$ConditionObject.await(AbstractQueuedSynchronizer.java:2039)
        at java.util.concurrent.ArrayBlockingQueue.take(ArrayBlockingQueue.java:403)
        at java.util.concurrent.ThreadPoolExecutor.getTask(ThreadPoolExecutor.java:1074)
        at java.util.concurrent.ThreadPoolExecutor.runWorker(ThreadPoolExecutor.java:1134)
        at java.util.concurrent.ThreadPoolExecutor$Worker.run(ThreadPoolExecutor.java:624)
        at java.lang.Thread.run(Thread.java:748)
"pool-36-thread-56"  prio=5 tid=473 in Object.wait()
java.lang.Thread.State: WAITING (on object monitor)
        at sun.misc.Unsafe.park(Native Method)
        at java.util.concurrent.locks.LockSupport.park(LockSupport.java:175)
        at java.util.concurrent.locks.AbstractQueuedSynchronizer$ConditionObject.await(AbstractQueuedSynchronizer.java:2039)
        at java.util.concurrent.ArrayBlockingQueue.take(ArrayBlockingQueue.java:403)
        at java.util.concurrent.ThreadPoolExecutor.getTask(ThreadPoolExecutor.java:1074)
        at java.util.concurrent.ThreadPoolExecutor.runWorker(ThreadPoolExecutor.java:1134)
        at java.util.concurrent.ThreadPoolExecutor$Worker.run(ThreadPoolExecutor.java:624)
        at java.lang.Thread.run(Thread.java:748)
"EventQueue-PipelineReportForPipelineReportHandler" daemon prio=5 tid=693 in Object.wait()
java.lang.Thread.State: WAITING (on object monitor)
        at sun.misc.Unsafe.park(Native Method)
        at java.util.concurrent.locks.LockSupport.park(LockSupport.java:175)
        at java.util.concurrent.locks.AbstractQueuedSynchronizer$ConditionObject.await(AbstractQueuedSynchronizer.java:2039)
        at java.util.concurrent.LinkedBlockingQueue.take(LinkedBlockingQueue.java:442)
        at java.util.concurrent.ThreadPoolExecutor.getTask(ThreadPoolExecutor.java:1074)
        at java.util.concurrent.ThreadPoolExecutor.runWorker(ThreadPoolExecutor.java:1134)
        at java.util.concurrent.ThreadPoolExecutor$Worker.run(ThreadPoolExecutor.java:624)
        at java.lang.Thread.run(Thread.java:748)
"IPC Server handler 12 on 42372" daemon prio=5 tid=82 timed_waiting
java.lang.Thread.State: TIMED_WAITING
        at sun.misc.Unsafe.park(Native Method)
        at java.util.concurrent.locks.LockSupport.parkNanos(LockSupport.java:215)
        at java.util.concurrent.locks.AbstractQueuedSynchronizer$ConditionObject.awaitNanos(AbstractQueuedSynchronizer.java:2078)
        at java.util.concurrent.LinkedBlockingQueue.poll(LinkedBlockingQueue.java:467)
        at org.apache.hadoop.ipc.CallQueueManager.take(CallQueueManager.java:288)
        at org.apache.hadoop.ipc.Server$Handler.run(Server.java:2668)
"pool-46-thread-35"  prio=5 tid=405 in Object.wait()
java.lang.Thread.State: WAITING (on object monitor)
        at sun.misc.Unsafe.park(Native Method)
        at java.util.concurrent.locks.LockSupport.park(LockSupport.java:175)
        at java.util.concurrent.locks.AbstractQueuedSynchronizer$ConditionObject.await(AbstractQueuedSynchronizer.java:2039)
        at java.util.concurrent.ArrayBlockingQueue.take(ArrayBlockingQueue.java:403)
        at java.util.concurrent.ThreadPoolExecutor.getTask(ThreadPoolExecutor.java:1074)
        at java.util.concurrent.ThreadPoolExecutor.runWorker(ThreadPoolExecutor.java:1134)
        at java.util.concurrent.ThreadPoolExecutor$Worker.run(ThreadPoolExecutor.java:624)
        at java.lang.Thread.run(Thread.java:748)
"Command processor thread" daemon prio=5 tid=178 timed_waiting
java.lang.Thread.State: TIMED_WAITING
        at java.lang.Thread.sleep(Native Method)
        at org.apache.hadoop.ozone.container.common.statemachine.DatanodeStateMachine.lambda$initCommandHandlerThread$1(DatanodeStateMachine.java:439)
        at org.apache.hadoop.ozone.container.common.statemachine.DatanodeStateMachine$$Lambda$141/1097787199.run(Unknown Source)
        at java.lang.Thread.run(Thread.java:748)
"57d83d75-a41d-4aa4-98a2-4186e05ab504@group-6F55AE0B2E8B-StateMachineUpdater" daemon prio=5 tid=766 in Object.wait()
java.lang.Thread.State: WAITING (on object monitor)
        at java.lang.Object.wait(Native Method)
        at java.lang.Object.wait(Object.java:502)
        at org.apache.ratis.server.impl.StateMachineUpdater.waitForCommit(StateMachineUpdater.java:194)
        at org.apache.ratis.server.impl.StateMachineUpdater.run(StateMachineUpdater.java:159)
        at java.lang.Thread.run(Thread.java:748)
"pool-46-thread-41"  prio=5 tid=420 in Object.wait()
java.lang.Thread.State: WAITING (on object monitor)
        at sun.misc.Unsafe.park(Native Method)
        at java.util.concurrent.locks.LockSupport.park(LockSupport.java:175)
        at java.util.concurrent.locks.AbstractQueuedSynchronizer$ConditionObject.await(AbstractQueuedSynchronizer.java:2039)
        at java.util.concurrent.ArrayBlockingQueue.take(ArrayBlockingQueue.java:403)
        at java.util.concurrent.ThreadPoolExecutor.getTask(ThreadPoolExecutor.java:1074)
        at java.util.concurrent.ThreadPoolExecutor.runWorker(ThreadPoolExecutor.java:1134)
        at java.util.concurrent.ThreadPoolExecutor$Worker.run(ThreadPoolExecutor.java:624)
        at java.lang.Thread.run(Thread.java:748)
"metrics-hadoop-metrics2-reporter-52-thread-1" daemon prio=5 tid=906 timed_waiting
java.lang.Thread.State: TIMED_WAITING
        at sun.misc.Unsafe.park(Native Method)
        at java.util.concurrent.locks.LockSupport.parkNanos(LockSupport.java:215)
        at java.util.concurrent.locks.AbstractQueuedSynchronizer$ConditionObject.awaitNanos(AbstractQueuedSynchronizer.java:2078)
        at java.util.concurrent.ScheduledThreadPoolExecutor$DelayedWorkQueue.take(ScheduledThreadPoolExecutor.java:1093)
        at java.util.concurrent.ScheduledThreadPoolExecutor$DelayedWorkQueue.take(ScheduledThreadPoolExecutor.java:809)
        at java.util.concurrent.ThreadPoolExecutor.getTask(ThreadPoolExecutor.java:1074)
        at java.util.concurrent.ThreadPoolExecutor.runWorker(ThreadPoolExecutor.java:1134)
        at java.util.concurrent.ThreadPoolExecutor$Worker.run(ThreadPoolExecutor.java:624)
        at java.lang.Thread.run(Thread.java:748)
"qtp1937022909-269-acceptor-0@734b9d24-ServerConnector@3cc97f44{HTTP/1.1,[http/1.1]}{0.0.0.0:44686}" daemon prio=3 tid=269 runnable
java.lang.Thread.State: RUNNABLE
        at sun.nio.ch.ServerSocketChannelImpl.accept0(Native Method)
        at sun.nio.ch.ServerSocketChannelImpl.accept(ServerSocketChannelImpl.java:422)
        at sun.nio.ch.ServerSocketChannelImpl.accept(ServerSocketChannelImpl.java:250)
        at org.eclipse.jetty.server.ServerConnector.accept(ServerConnector.java:397)
        at org.eclipse.jetty.server.AbstractConnector$Acceptor.run(AbstractConnector.java:601)
        at org.eclipse.jetty.util.thread.QueuedThreadPool.runJob(QueuedThreadPool.java:671)
        at org.eclipse.jetty.util.thread.QueuedThreadPool$2.run(QueuedThreadPool.java:589)
        at java.lang.Thread.run(Thread.java:748)
"Thread-242" daemon prio=5 tid=746 timed_waiting
java.lang.Thread.State: TIMED_WAITING
        at sun.misc.Unsafe.park(Native Method)
        at java.util.concurrent.locks.LockSupport.parkNanos(LockSupport.java:215)
        at java.util.concurrent.locks.AbstractQueuedSynchronizer$ConditionObject.awaitNanos(AbstractQueuedSynchronizer.java:2078)
        at java.util.concurrent.ArrayBlockingQueue.poll(ArrayBlockingQueue.java:418)
        at org.apache.ratis.server.impl.LeaderState$EventQueue.poll(LeaderState.java:115)
        at org.apache.ratis.server.impl.LeaderState$EventProcessor.run(LeaderState.java:467)
"pool-76-thread-55"  prio=5 tid=649 in Object.wait()
java.lang.Thread.State: WAITING (on object monitor)
        at sun.misc.Unsafe.park(Native Method)
        at java.util.concurrent.locks.LockSupport.park(LockSupport.java:175)
        at java.util.concurrent.locks.AbstractQueuedSynchronizer$ConditionObject.await(AbstractQueuedSynchronizer.java:2039)
        at java.util.concurrent.ArrayBlockingQueue.take(ArrayBlockingQueue.java:403)
        at java.util.concurrent.ThreadPoolExecutor.getTask(ThreadPoolExecutor.java:1074)
        at java.util.concurrent.ThreadPoolExecutor.runWorker(ThreadPoolExecutor.java:1134)
        at java.util.concurrent.ThreadPoolExecutor$Worker.run(ThreadPoolExecutor.java:624)
        at java.lang.Thread.run(Thread.java:748)
"pool-46-thread-4"  prio=5 tid=318 in Object.wait()
java.lang.Thread.State: WAITING (on object monitor)
        at sun.misc.Unsafe.park(Native Method)
        at java.util.concurrent.locks.LockSupport.park(LockSupport.java:175)
        at java.util.concurrent.locks.AbstractQueuedSynchronizer$ConditionObject.await(AbstractQueuedSynchronizer.java:2039)
        at java.util.concurrent.ArrayBlockingQueue.take(ArrayBlockingQueue.java:403)
        at java.util.concurrent.ThreadPoolExecutor.getTask(ThreadPoolExecutor.java:1074)
        at java.util.concurrent.ThreadPoolExecutor.runWorker(ThreadPoolExecutor.java:1134)
        at java.util.concurrent.ThreadPoolExecutor$Worker.run(ThreadPoolExecutor.java:624)
        at java.lang.Thread.run(Thread.java:748)
"Datanode State Machine Thread - 0" daemon prio=5 tid=313 timed_waiting
java.lang.Thread.State: TIMED_WAITING
        at sun.misc.Unsafe.park(Native Method)
        at java.util.concurrent.locks.LockSupport.parkNanos(LockSupport.java:215)
        at java.util.concurrent.SynchronousQueue$TransferStack.awaitFulfill(SynchronousQueue.java:460)
        at java.util.concurrent.SynchronousQueue$TransferStack.transfer(SynchronousQueue.java:362)
        at java.util.concurrent.SynchronousQueue.poll(SynchronousQueue.java:941)
        at java.util.concurrent.ThreadPoolExecutor.getTask(ThreadPoolExecutor.java:1073)
        at java.util.concurrent.ThreadPoolExecutor.runWorker(ThreadPoolExecutor.java:1134)
        at java.util.concurrent.ThreadPoolExecutor$Worker.run(ThreadPoolExecutor.java:624)
        at java.lang.Thread.run(Thread.java:748)
"pool-36-thread-4"  prio=5 tid=328 in Object.wait()
java.lang.Thread.State: WAITING (on object monitor)
        at sun.misc.Unsafe.park(Native Method)
        at java.util.concurrent.locks.LockSupport.park(LockSupport.java:175)
        at java.util.concurrent.locks.AbstractQueuedSynchronizer$ConditionObject.await(AbstractQueuedSynchronizer.java:2039)
        at java.util.concurrent.ArrayBlockingQueue.take(ArrayBlockingQueue.java:403)
        at java.util.concurrent.ThreadPoolExecutor.getTask(ThreadPoolExecutor.java:1074)
        at java.util.concurrent.ThreadPoolExecutor.runWorker(ThreadPoolExecutor.java:1134)
        at java.util.concurrent.ThreadPoolExecutor$Worker.run(ThreadPoolExecutor.java:624)
        at java.lang.Thread.run(Thread.java:748)
"metrics-hadoop-metrics2-reporter-13-thread-1" daemon prio=5 tid=731 timed_waiting
java.lang.Thread.State: TIMED_WAITING
        at sun.misc.Unsafe.park(Native Method)
        at java.util.concurrent.locks.LockSupport.parkNanos(LockSupport.java:215)
        at java.util.concurrent.locks.AbstractQueuedSynchronizer$ConditionObject.awaitNanos(AbstractQueuedSynchronizer.java:2078)
        at java.util.concurrent.ScheduledThreadPoolExecutor$DelayedWorkQueue.take(ScheduledThreadPoolExecutor.java:1093)
        at java.util.concurrent.ScheduledThreadPoolExecutor$DelayedWorkQueue.take(ScheduledThreadPoolExecutor.java:809)
        at java.util.concurrent.ThreadPoolExecutor.getTask(ThreadPoolExecutor.java:1074)
        at java.util.concurrent.ThreadPoolExecutor.runWorker(ThreadPoolExecutor.java:1134)
        at java.util.concurrent.ThreadPoolExecutor$Worker.run(ThreadPoolExecutor.java:624)
        at java.lang.Thread.run(Thread.java:748)
"pool-76-thread-12"  prio=5 tid=584 in Object.wait()
java.lang.Thread.State: WAITING (on object monitor)
        at sun.misc.Unsafe.park(Native Method)
        at java.util.concurrent.locks.LockSupport.park(LockSupport.java:175)
        at java.util.concurrent.locks.AbstractQueuedSynchronizer$ConditionObject.await(AbstractQueuedSynchronizer.java:2039)
        at java.util.concurrent.ArrayBlockingQueue.take(ArrayBlockingQueue.java:403)
        at java.util.concurrent.ThreadPoolExecutor.getTask(ThreadPoolExecutor.java:1074)
        at java.util.concurrent.ThreadPoolExecutor.runWorker(ThreadPoolExecutor.java:1134)
        at java.util.concurrent.ThreadPoolExecutor$Worker.run(ThreadPoolExecutor.java:624)
        at java.lang.Thread.run(Thread.java:748)
"metrics-hadoop-metrics2-reporter-48-thread-1" daemon prio=5 tid=859 timed_waiting
java.lang.Thread.State: TIMED_WAITING
        at sun.misc.Unsafe.park(Native Method)
        at java.util.concurrent.locks.LockSupport.parkNanos(LockSupport.java:215)
        at java.util.concurrent.locks.AbstractQueuedSynchronizer$ConditionObject.awaitNanos(AbstractQueuedSynchronizer.java:2078)
        at java.util.concurrent.ScheduledThreadPoolExecutor$DelayedWorkQueue.take(ScheduledThreadPoolExecutor.java:1093)
        at java.util.concurrent.ScheduledThreadPoolExecutor$DelayedWorkQueue.take(ScheduledThreadPoolExecutor.java:809)
        at java.util.concurrent.ThreadPoolExecutor.getTask(ThreadPoolExecutor.java:1074)
        at java.util.concurrent.ThreadPoolExecutor.runWorker(ThreadPoolExecutor.java:1134)
        at java.util.concurrent.ThreadPoolExecutor$Worker.run(ThreadPoolExecutor.java:624)
        at java.lang.Thread.run(Thread.java:748)
"pool-56-thread-43"  prio=5 tid=537 in Object.wait()
java.lang.Thread.State: WAITING (on object monitor)
        at sun.misc.Unsafe.park(Native Method)
        at java.util.concurrent.locks.LockSupport.park(LockSupport.java:175)
        at java.util.concurrent.locks.AbstractQueuedSynchronizer$ConditionObject.await(AbstractQueuedSynchronizer.java:2039)
        at java.util.concurrent.ArrayBlockingQueue.take(ArrayBlockingQueue.java:403)
        at java.util.concurrent.ThreadPoolExecutor.getTask(ThreadPoolExecutor.java:1074)
        at java.util.concurrent.ThreadPoolExecutor.runWorker(ThreadPoolExecutor.java:1134)
        at java.util.concurrent.ThreadPoolExecutor$Worker.run(ThreadPoolExecutor.java:624)
        at java.lang.Thread.run(Thread.java:748)
"pool-76-thread-14"  prio=5 tid=590 in Object.wait()
java.lang.Thread.State: WAITING (on object monitor)
        at sun.misc.Unsafe.park(Native Method)
        at java.util.concurrent.locks.LockSupport.park(LockSupport.java:175)
        at java.util.concurrent.locks.AbstractQueuedSynchronizer$ConditionObject.await(AbstractQueuedSynchronizer.java:2039)
        at java.util.concurrent.ArrayBlockingQueue.take(ArrayBlockingQueue.java:403)
        at java.util.concurrent.ThreadPoolExecutor.getTask(ThreadPoolExecutor.java:1074)
        at java.util.concurrent.ThreadPoolExecutor.runWorker(ThreadPoolExecutor.java:1134)
        at java.util.concurrent.ThreadPoolExecutor$Worker.run(ThreadPoolExecutor.java:624)
        at java.lang.Thread.run(Thread.java:748)
"pool-26-thread-26"  prio=5 tid=401 in Object.wait()
java.lang.Thread.State: WAITING (on object monitor)
        at sun.misc.Unsafe.park(Native Method)
        at java.util.concurrent.locks.LockSupport.park(LockSupport.java:175)
        at java.util.concurrent.locks.AbstractQueuedSynchronizer$ConditionObject.await(AbstractQueuedSynchronizer.java:2039)
        at java.util.concurrent.ArrayBlockingQueue.take(ArrayBlockingQueue.java:403)
        at java.util.concurrent.ThreadPoolExecutor.getTask(ThreadPoolExecutor.java:1074)
        at java.util.concurrent.ThreadPoolExecutor.runWorker(ThreadPoolExecutor.java:1134)
        at java.util.concurrent.ThreadPoolExecutor$Worker.run(ThreadPoolExecutor.java:624)
        at java.lang.Thread.run(Thread.java:748)
"Socket Reader #1 for port 42372"  prio=5 tid=16 runnable
java.lang.Thread.State: RUNNABLE
        at sun.nio.ch.EPollArrayWrapper.epollWait(Native Method)
        at sun.nio.ch.EPollArrayWrapper.poll(EPollArrayWrapper.java:269)
        at sun.nio.ch.EPollSelectorImpl.doSelect(EPollSelectorImpl.java:93)
        at sun.nio.ch.SelectorImpl.lockAndDoSelect(SelectorImpl.java:86)
        at sun.nio.ch.SelectorImpl.select(SelectorImpl.java:97)
        at sun.nio.ch.SelectorImpl.select(SelectorImpl.java:101)
        at org.apache.hadoop.ipc.Server$Listener$Reader.doRunLoop(Server.java:1097)
        at org.apache.hadoop.ipc.Server$Listener$Reader.run(Server.java:1076)
"57d83d75-a41d-4aa4-98a2-4186e05ab504@group-812BEF14F159-StateMachineUpdater" daemon prio=5 tid=983 in Object.wait()
java.lang.Thread.State: WAITING (on object monitor)
        at java.lang.Object.wait(Native Method)
        at java.lang.Object.wait(Object.java:502)
        at org.apache.ratis.server.impl.StateMachineUpdater.waitForCommit(StateMachineUpdater.java:194)
        at org.apache.ratis.server.impl.StateMachineUpdater.run(StateMachineUpdater.java:159)
        at java.lang.Thread.run(Thread.java:748)
"pool-36-thread-35"  prio=5 tid=415 in Object.wait()
java.lang.Thread.State: WAITING (on object monitor)
        at sun.misc.Unsafe.park(Native Method)
        at java.util.concurrent.locks.LockSupport.park(LockSupport.java:175)
        at java.util.concurrent.locks.AbstractQueuedSynchronizer$ConditionObject.await(AbstractQueuedSynchronizer.java:2039)
        at java.util.concurrent.ArrayBlockingQueue.take(ArrayBlockingQueue.java:403)
        at java.util.concurrent.ThreadPoolExecutor.getTask(ThreadPoolExecutor.java:1074)
        at java.util.concurrent.ThreadPoolExecutor.runWorker(ThreadPoolExecutor.java:1134)
        at java.util.concurrent.ThreadPoolExecutor$Worker.run(ThreadPoolExecutor.java:624)
        at java.lang.Thread.run(Thread.java:748)
"Datanode ReportManager Thread - 3" daemon prio=5 tid=229 in Object.wait()
java.lang.Thread.State: WAITING (on object monitor)
        at sun.misc.Unsafe.park(Native Method)
        at java.util.concurrent.locks.LockSupport.park(LockSupport.java:175)
        at java.util.concurrent.locks.AbstractQueuedSynchronizer$ConditionObject.await(AbstractQueuedSynchronizer.java:2039)
        at java.util.concurrent.ScheduledThreadPoolExecutor$DelayedWorkQueue.take(ScheduledThreadPoolExecutor.java:1088)
        at java.util.concurrent.ScheduledThreadPoolExecutor$DelayedWorkQueue.take(ScheduledThreadPoolExecutor.java:809)
        at java.util.concurrent.ThreadPoolExecutor.getTask(ThreadPoolExecutor.java:1074)
        at java.util.concurrent.ThreadPoolExecutor.runWorker(ThreadPoolExecutor.java:1134)
        at java.util.concurrent.ThreadPoolExecutor$Worker.run(ThreadPoolExecutor.java:624)
        at java.lang.Thread.run(Thread.java:748)
"pool-56-thread-51"  prio=5 tid=545 in Object.wait()
java.lang.Thread.State: WAITING (on object monitor)
        at sun.misc.Unsafe.park(Native Method)
        at java.util.concurrent.locks.LockSupport.park(LockSupport.java:175)
        at java.util.concurrent.locks.AbstractQueuedSynchronizer$ConditionObject.await(AbstractQueuedSynchronizer.java:2039)
        at java.util.concurrent.ArrayBlockingQueue.take(ArrayBlockingQueue.java:403)
        at java.util.concurrent.ThreadPoolExecutor.getTask(ThreadPoolExecutor.java:1074)
        at java.util.concurrent.ThreadPoolExecutor.runWorker(ThreadPoolExecutor.java:1134)
        at java.util.concurrent.ThreadPoolExecutor$Worker.run(ThreadPoolExecutor.java:624)
        at java.lang.Thread.run(Thread.java:748)
"pool-66-thread-25"  prio=5 tid=599 in Object.wait()
java.lang.Thread.State: WAITING (on object monitor)
        at sun.misc.Unsafe.park(Native Method)
        at java.util.concurrent.locks.LockSupport.park(LockSupport.java:175)
        at java.util.concurrent.locks.AbstractQueuedSynchronizer$ConditionObject.await(AbstractQueuedSynchronizer.java:2039)
        at java.util.concurrent.ArrayBlockingQueue.take(ArrayBlockingQueue.java:403)
        at java.util.concurrent.ThreadPoolExecutor.getTask(ThreadPoolExecutor.java:1074)
        at java.util.concurrent.ThreadPoolExecutor.runWorker(ThreadPoolExecutor.java:1134)
        at java.util.concurrent.ThreadPoolExecutor$Worker.run(ThreadPoolExecutor.java:624)
        at java.lang.Thread.run(Thread.java:748)
"pool-46-thread-14"  prio=5 tid=349 in Object.wait()
java.lang.Thread.State: WAITING (on object monitor)
        at sun.misc.Unsafe.park(Native Method)
        at java.util.concurrent.locks.LockSupport.park(LockSupport.java:175)
        at java.util.concurrent.locks.AbstractQueuedSynchronizer$ConditionObject.await(AbstractQueuedSynchronizer.java:2039)
        at java.util.concurrent.ArrayBlockingQueue.take(ArrayBlockingQueue.java:403)
        at java.util.concurrent.ThreadPoolExecutor.getTask(ThreadPoolExecutor.java:1074)
        at java.util.concurrent.ThreadPoolExecutor.runWorker(ThreadPoolExecutor.java:1134)
        at java.util.concurrent.ThreadPoolExecutor$Worker.run(ThreadPoolExecutor.java:624)
        at java.lang.Thread.run(Thread.java:748)
"pool-26-thread-60"  prio=5 tid=516 in Object.wait()
java.lang.Thread.State: WAITING (on object monitor)
        at sun.misc.Unsafe.park(Native Method)
        at java.util.concurrent.locks.LockSupport.park(LockSupport.java:175)
        at java.util.concurrent.locks.AbstractQueuedSynchronizer$ConditionObject.await(AbstractQueuedSynchronizer.java:2039)
        at java.util.concurrent.ArrayBlockingQueue.take(ArrayBlockingQueue.java:403)
        at java.util.concurrent.ThreadPoolExecutor.getTask(ThreadPoolExecutor.java:1074)
        at java.util.concurrent.ThreadPoolExecutor.runWorker(ThreadPoolExecutor.java:1134)
        at java.util.concurrent.ThreadPoolExecutor$Worker.run(ThreadPoolExecutor.java:624)
        at java.lang.Thread.run(Thread.java:748)
"pool-56-thread-15"  prio=5 tid=503 in Object.wait()
java.lang.Thread.State: WAITING (on object monitor)
        at sun.misc.Unsafe.park(Native Method)
        at java.util.concurrent.locks.LockSupport.park(LockSupport.java:175)
        at java.util.concurrent.locks.AbstractQueuedSynchronizer$ConditionObject.await(AbstractQueuedSynchronizer.java:2039)
        at java.util.concurrent.ArrayBlockingQueue.take(ArrayBlockingQueue.java:403)
        at java.util.concurrent.ThreadPoolExecutor.getTask(ThreadPoolExecutor.java:1074)
        at java.util.concurrent.ThreadPoolExecutor.runWorker(ThreadPoolExecutor.java:1134)
        at java.util.concurrent.ThreadPoolExecutor$Worker.run(ThreadPoolExecutor.java:624)
        at java.lang.Thread.run(Thread.java:748)
"pool-76-thread-30"  prio=5 tid=615 in Object.wait()
java.lang.Thread.State: WAITING (on object monitor)
        at sun.misc.Unsafe.park(Native Method)
        at java.util.concurrent.locks.LockSupport.park(LockSupport.java:175)
        at java.util.concurrent.locks.AbstractQueuedSynchronizer$ConditionObject.await(AbstractQueuedSynchronizer.java:2039)
        at java.util.concurrent.ArrayBlockingQueue.take(ArrayBlockingQueue.java:403)
        at java.util.concurrent.ThreadPoolExecutor.getTask(ThreadPoolExecutor.java:1074)
        at java.util.concurrent.ThreadPoolExecutor.runWorker(ThreadPoolExecutor.java:1134)
        at java.util.concurrent.ThreadPoolExecutor$Worker.run(ThreadPoolExecutor.java:624)
        at java.lang.Thread.run(Thread.java:748)
"Periodic HDDS volume checker"  prio=5 tid=234 timed_waiting
java.lang.Thread.State: TIMED_WAITING
        at sun.misc.Unsafe.park(Native Method)
        at java.util.concurrent.locks.LockSupport.parkNanos(LockSupport.java:215)
        at java.util.concurrent.locks.AbstractQueuedSynchronizer$ConditionObject.awaitNanos(AbstractQueuedSynchronizer.java:2078)
        at java.util.concurrent.ScheduledThreadPoolExecutor$DelayedWorkQueue.take(ScheduledThreadPoolExecutor.java:1093)
        at java.util.concurrent.ScheduledThreadPoolExecutor$DelayedWorkQueue.take(ScheduledThreadPoolExecutor.java:809)
        at java.util.concurrent.ThreadPoolExecutor.getTask(ThreadPoolExecutor.java:1074)
        at java.util.concurrent.ThreadPoolExecutor.runWorker(ThreadPoolExecutor.java:1134)
        at java.util.concurrent.ThreadPoolExecutor$Worker.run(ThreadPoolExecutor.java:624)
        at java.lang.Thread.run(Thread.java:748)
"IPC Server handler 3 on 45420" daemon prio=5 tid=33 timed_waiting
java.lang.Thread.State: TIMED_WAITING
        at sun.misc.Unsafe.park(Native Method)
        at java.util.concurrent.locks.LockSupport.parkNanos(LockSupport.java:215)
        at java.util.concurrent.locks.AbstractQueuedSynchronizer$ConditionObject.awaitNanos(AbstractQueuedSynchronizer.java:2078)
        at java.util.concurrent.LinkedBlockingQueue.poll(LinkedBlockingQueue.java:467)
        at org.apache.hadoop.ipc.CallQueueManager.take(CallQueueManager.java:288)
        at org.apache.hadoop.ipc.Server$Handler.run(Server.java:2668)
"pool-36-thread-32"  prio=5 tid=410 in Object.wait()
java.lang.Thread.State: WAITING (on object monitor)
        at sun.misc.Unsafe.park(Native Method)
        at java.util.concurrent.locks.LockSupport.park(LockSupport.java:175)
        at java.util.concurrent.locks.AbstractQueuedSynchronizer$ConditionObject.await(AbstractQueuedSynchronizer.java:2039)
        at java.util.concurrent.ArrayBlockingQueue.take(ArrayBlockingQueue.java:403)
        at java.util.concurrent.ThreadPoolExecutor.getTask(ThreadPoolExecutor.java:1074)
        at java.util.concurrent.ThreadPoolExecutor.runWorker(ThreadPoolExecutor.java:1134)
        at java.util.concurrent.ThreadPoolExecutor$Worker.run(ThreadPoolExecutor.java:624)
        at java.lang.Thread.run(Thread.java:748)
"05f59524-a4ea-4be4-b99d-fb9eed47142d@group-9DC5606B5DE8-StateMachineUpdater" daemon prio=5 tid=950 in Object.wait()
java.lang.Thread.State: WAITING (on object monitor)
        at java.lang.Object.wait(Native Method)
        at java.lang.Object.wait(Object.java:502)
        at org.apache.ratis.server.impl.StateMachineUpdater.waitForCommit(StateMachineUpdater.java:194)
        at org.apache.ratis.server.impl.StateMachineUpdater.run(StateMachineUpdater.java:159)
        at java.lang.Thread.run(Thread.java:748)
"pool-50-thread-1"  prio=5 tid=213 timed_waiting
java.lang.Thread.State: TIMED_WAITING
        at sun.misc.Unsafe.park(Native Method)
        at java.util.concurrent.locks.LockSupport.parkNanos(LockSupport.java:215)
        at java.util.concurrent.locks.AbstractQueuedSynchronizer$ConditionObject.awaitNanos(AbstractQueuedSynchronizer.java:2078)
        at java.util.concurrent.ScheduledThreadPoolExecutor$DelayedWorkQueue.take(ScheduledThreadPoolExecutor.java:1093)
        at java.util.concurrent.ScheduledThreadPoolExecutor$DelayedWorkQueue.take(ScheduledThreadPoolExecutor.java:809)
        at java.util.concurrent.ThreadPoolExecutor.getTask(ThreadPoolExecutor.java:1074)
        at java.util.concurrent.ThreadPoolExecutor.runWorker(ThreadPoolExecutor.java:1134)
        at java.util.concurrent.ThreadPoolExecutor$Worker.run(ThreadPoolExecutor.java:624)
        at java.lang.Thread.run(Thread.java:748)
"pool-56-thread-56"  prio=5 tid=550 in Object.wait()
java.lang.Thread.State: WAITING (on object monitor)
        at sun.misc.Unsafe.park(Native Method)
        at java.util.concurrent.locks.LockSupport.park(LockSupport.java:175)
        at java.util.concurrent.locks.AbstractQueuedSynchronizer$ConditionObject.await(AbstractQueuedSynchronizer.java:2039)
        at java.util.concurrent.ArrayBlockingQueue.take(ArrayBlockingQueue.java:403)
        at java.util.concurrent.ThreadPoolExecutor.getTask(ThreadPoolExecutor.java:1074)
        at java.util.concurrent.ThreadPoolExecutor.runWorker(ThreadPoolExecutor.java:1134)
        at java.util.concurrent.ThreadPoolExecutor$Worker.run(ThreadPoolExecutor.java:624)
        at java.lang.Thread.run(Thread.java:748)
"refreshUsed-/workdir/hadoop-ozone/integration-test/target/test-dir/MiniOzoneClusterImpl-eeadbacc-06c2-472c-a3f4-8a25f61a295a/datanode-5/data/containers" daemon prio=5 tid=290 timed_waiting
java.lang.Thread.State: TIMED_WAITING
        at java.lang.Thread.sleep(Native Method)
        at org.apache.hadoop.fs.CachingGetSpaceUsed$RefreshThread.run(CachingGetSpaceUsed.java:179)
        at java.lang.Thread.run(Thread.java:748)
"metrics-hadoop-metrics2-reporter-22-thread-1" daemon prio=5 tid=755 timed_waiting
java.lang.Thread.State: TIMED_WAITING
        at sun.misc.Unsafe.park(Native Method)
        at java.util.concurrent.locks.LockSupport.parkNanos(LockSupport.java:215)
        at java.util.concurrent.locks.AbstractQueuedSynchronizer$ConditionObject.awaitNanos(AbstractQueuedSynchronizer.java:2078)
        at java.util.concurrent.ScheduledThreadPoolExecutor$DelayedWorkQueue.take(ScheduledThreadPoolExecutor.java:1093)
        at java.util.concurrent.ScheduledThreadPoolExecutor$DelayedWorkQueue.take(ScheduledThreadPoolExecutor.java:809)
        at java.util.concurrent.ThreadPoolExecutor.getTask(ThreadPoolExecutor.java:1074)
        at java.util.concurrent.ThreadPoolExecutor.runWorker(ThreadPoolExecutor.java:1134)
        at java.util.concurrent.ThreadPoolExecutor$Worker.run(ThreadPoolExecutor.java:624)
        at java.lang.Thread.run(Thread.java:748)
"metrics-hadoop-metrics2-reporter-4-thread-1" daemon prio=5 tid=709 timed_waiting
java.lang.Thread.State: TIMED_WAITING
        at sun.misc.Unsafe.park(Native Method)
        at java.util.concurrent.locks.LockSupport.parkNanos(LockSupport.java:215)
        at java.util.concurrent.locks.AbstractQueuedSynchronizer$ConditionObject.awaitNanos(AbstractQueuedSynchronizer.java:2078)
        at java.util.concurrent.ScheduledThreadPoolExecutor$DelayedWorkQueue.take(ScheduledThreadPoolExecutor.java:1093)
        at java.util.concurrent.ScheduledThreadPoolExecutor$DelayedWorkQueue.take(ScheduledThreadPoolExecutor.java:809)
        at java.util.concurrent.ThreadPoolExecutor.getTask(ThreadPoolExecutor.java:1074)
        at java.util.concurrent.ThreadPoolExecutor.runWorker(ThreadPoolExecutor.java:1134)
        at java.util.concurrent.ThreadPoolExecutor$Worker.run(ThreadPoolExecutor.java:624)
        at java.lang.Thread.run(Thread.java:748)
"qtp2139397088-216" daemon prio=5 tid=216 timed_waiting
java.lang.Thread.State: TIMED_WAITING
        at sun.misc.Unsafe.park(Native Method)
        at java.util.concurrent.locks.LockSupport.parkNanos(LockSupport.java:215)
        at java.util.concurrent.locks.AbstractQueuedSynchronizer$ConditionObject.awaitNanos(AbstractQueuedSynchronizer.java:2078)
        at org.eclipse.jetty.util.BlockingArrayQueue.poll(BlockingArrayQueue.java:392)
        at org.eclipse.jetty.util.thread.QueuedThreadPool.idleJobPoll(QueuedThreadPool.java:563)
        at org.eclipse.jetty.util.thread.QueuedThreadPool.access$800(QueuedThreadPool.java:48)
        at org.eclipse.jetty.util.thread.QueuedThreadPool$2.run(QueuedThreadPool.java:626)
        at java.lang.Thread.run(Thread.java:748)
"metrics-hadoop-metrics2-reporter-69-thread-1" daemon prio=5 tid=986 timed_waiting
java.lang.Thread.State: TIMED_WAITING
        at sun.misc.Unsafe.park(Native Method)
        at java.util.concurrent.locks.LockSupport.parkNanos(LockSupport.java:215)
        at java.util.concurrent.locks.AbstractQueuedSynchronizer$ConditionObject.awaitNanos(AbstractQueuedSynchronizer.java:2078)
        at java.util.concurrent.ScheduledThreadPoolExecutor$DelayedWorkQueue.take(ScheduledThreadPoolExecutor.java:1093)
        at java.util.concurrent.ScheduledThreadPoolExecutor$DelayedWorkQueue.take(ScheduledThreadPoolExecutor.java:809)
        at java.util.concurrent.ThreadPoolExecutor.getTask(ThreadPoolExecutor.java:1074)
        at java.util.concurrent.ThreadPoolExecutor.runWorker(ThreadPoolExecutor.java:1134)
        at java.util.concurrent.ThreadPoolExecutor$Worker.run(ThreadPoolExecutor.java:624)
        at java.lang.Thread.run(Thread.java:748)
"IPC Server handler 14 on 42372" daemon prio=5 tid=84 timed_waiting
java.lang.Thread.State: TIMED_WAITING
        at sun.misc.Unsafe.park(Native Method)
        at java.util.concurrent.locks.LockSupport.parkNanos(LockSupport.java:215)
        at java.util.concurrent.locks.AbstractQueuedSynchronizer$ConditionObject.awaitNanos(AbstractQueuedSynchronizer.java:2078)
        at java.util.concurrent.LinkedBlockingQueue.poll(LinkedBlockingQueue.java:467)
        at org.apache.hadoop.ipc.CallQueueManager.take(CallQueueManager.java:288)
        at org.apache.hadoop.ipc.Server$Handler.run(Server.java:2668)
"pool-36-thread-2"  prio=5 tid=322 in Object.wait()
java.lang.Thread.State: WAITING (on object monitor)
        at sun.misc.Unsafe.park(Native Method)
        at java.util.concurrent.locks.LockSupport.park(LockSupport.java:175)
        at java.util.concurrent.locks.AbstractQueuedSynchronizer$ConditionObject.await(AbstractQueuedSynchronizer.java:2039)
        at java.util.concurrent.ArrayBlockingQueue.take(ArrayBlockingQueue.java:403)
        at java.util.concurrent.ThreadPoolExecutor.getTask(ThreadPoolExecutor.java:1074)
        at java.util.concurrent.ThreadPoolExecutor.runWorker(ThreadPoolExecutor.java:1134)
        at java.util.concurrent.ThreadPoolExecutor$Worker.run(ThreadPoolExecutor.java:624)
        at java.lang.Thread.run(Thread.java:748)
"org.apache.hadoop.util.JvmPauseMonitor$Monitor@30c7da5e" daemon prio=5 tid=231 timed_waiting
java.lang.Thread.State: TIMED_WAITING
        at java.lang.Thread.sleep(Native Method)
        at org.apache.hadoop.util.JvmPauseMonitor$Monitor.run(JvmPauseMonitor.java:192)
        at java.lang.Thread.run(Thread.java:748)
"grpc-default-executor-4" daemon prio=5 tid=848 timed_waiting
java.lang.Thread.State: TIMED_WAITING
        at sun.misc.Unsafe.park(Native Method)
        at java.util.concurrent.locks.LockSupport.parkNanos(LockSupport.java:215)
        at java.util.concurrent.SynchronousQueue$TransferStack.awaitFulfill(SynchronousQueue.java:460)
        at java.util.concurrent.SynchronousQueue$TransferStack.transfer(SynchronousQueue.java:362)
        at java.util.concurrent.SynchronousQueue.poll(SynchronousQueue.java:941)
        at java.util.concurrent.ThreadPoolExecutor.getTask(ThreadPoolExecutor.java:1073)
        at java.util.concurrent.ThreadPoolExecutor.runWorker(ThreadPoolExecutor.java:1134)
        at java.util.concurrent.ThreadPoolExecutor$Worker.run(ThreadPoolExecutor.java:624)
        at java.lang.Thread.run(Thread.java:748)
"metrics-hadoop-metrics2-reporter-80-thread-1" daemon prio=5 tid=1052 timed_waiting
java.lang.Thread.State: TIMED_WAITING
        at sun.misc.Unsafe.park(Native Method)
        at java.util.concurrent.locks.LockSupport.parkNanos(LockSupport.java:215)
        at java.util.concurrent.locks.AbstractQueuedSynchronizer$ConditionObject.awaitNanos(AbstractQueuedSynchronizer.java:2078)
        at java.util.concurrent.ScheduledThreadPoolExecutor$DelayedWorkQueue.take(ScheduledThreadPoolExecutor.java:1093)
        at java.util.concurrent.ScheduledThreadPoolExecutor$DelayedWorkQueue.take(ScheduledThreadPoolExecutor.java:809)
        at java.util.concurrent.ThreadPoolExecutor.getTask(ThreadPoolExecutor.java:1074)
        at java.util.concurrent.ThreadPoolExecutor.runWorker(ThreadPoolExecutor.java:1134)
        at java.util.concurrent.ThreadPoolExecutor$Worker.run(ThreadPoolExecutor.java:624)
        at java.lang.Thread.run(Thread.java:748)
"pool-76-thread-48"  prio=5 tid=637 in Object.wait()
java.lang.Thread.State: WAITING (on object monitor)
        at sun.misc.Unsafe.park(Native Method)
        at java.util.concurrent.locks.LockSupport.park(LockSupport.java:175)
        at java.util.concurrent.locks.AbstractQueuedSynchronizer$ConditionObject.await(AbstractQueuedSynchronizer.java:2039)
        at java.util.concurrent.ArrayBlockingQueue.take(ArrayBlockingQueue.java:403)
        at java.util.concurrent.ThreadPoolExecutor.getTask(ThreadPoolExecutor.java:1074)
        at java.util.concurrent.ThreadPoolExecutor.runWorker(ThreadPoolExecutor.java:1134)
        at java.util.concurrent.ThreadPoolExecutor$Worker.run(ThreadPoolExecutor.java:624)
        at java.lang.Thread.run(Thread.java:748)
"IPC Server handler 17 on 42810" daemon prio=5 tid=132 timed_waiting
java.lang.Thread.State: TIMED_WAITING
        at sun.misc.Unsafe.park(Native Method)
        at java.util.concurrent.locks.LockSupport.parkNanos(LockSupport.java:215)
        at java.util.concurrent.locks.AbstractQueuedSynchronizer$ConditionObject.awaitNanos(AbstractQueuedSynchronizer.java:2078)
        at java.util.concurrent.LinkedBlockingQueue.poll(LinkedBlockingQueue.java:467)
        at org.apache.hadoop.ipc.CallQueueManager.take(CallQueueManager.java:288)
        at org.apache.hadoop.ipc.Server$Handler.run(Server.java:2668)
"6befc45b-dcf8-424c-b341-d7aa439c4bd9@group-812BEF14F159-SegmentedRaftLogWorker"  prio=5 tid=981 timed_waiting
java.lang.Thread.State: TIMED_WAITING
        at sun.misc.Unsafe.park(Native Method)
        at java.util.concurrent.locks.LockSupport.parkNanos(LockSupport.java:215)
        at java.util.concurrent.locks.AbstractQueuedSynchronizer$ConditionObject.awaitNanos(AbstractQueuedSynchronizer.java:2078)
        at org.apache.ratis.util.DataBlockingQueue.poll(DataBlockingQueue.java:137)
        at org.apache.ratis.server.raftlog.segmented.SegmentedRaftLogWorker.run(SegmentedRaftLogWorker.java:282)
        at java.lang.Thread.run(Thread.java:748)
"pool-66-thread-31"  prio=5 tid=619 in Object.wait()
java.lang.Thread.State: WAITING (on object monitor)
        at sun.misc.Unsafe.park(Native Method)
        at java.util.concurrent.locks.LockSupport.park(LockSupport.java:175)
        at java.util.concurrent.locks.AbstractQueuedSynchronizer$ConditionObject.await(AbstractQueuedSynchronizer.java:2039)
        at java.util.concurrent.ArrayBlockingQueue.take(ArrayBlockingQueue.java:403)
        at java.util.concurrent.ThreadPoolExecutor.getTask(ThreadPoolExecutor.java:1074)
        at java.util.concurrent.ThreadPoolExecutor.runWorker(ThreadPoolExecutor.java:1134)
        at java.util.concurrent.ThreadPoolExecutor$Worker.run(ThreadPoolExecutor.java:624)
        at java.lang.Thread.run(Thread.java:748)
"pool-56-thread-48"  prio=5 tid=542 in Object.wait()
java.lang.Thread.State: WAITING (on object monitor)
        at sun.misc.Unsafe.park(Native Method)
        at java.util.concurrent.locks.LockSupport.park(LockSupport.java:175)
        at java.util.concurrent.locks.AbstractQueuedSynchronizer$ConditionObject.await(AbstractQueuedSynchronizer.java:2039)
        at java.util.concurrent.ArrayBlockingQueue.take(ArrayBlockingQueue.java:403)
        at java.util.concurrent.ThreadPoolExecutor.getTask(ThreadPoolExecutor.java:1074)
        at java.util.concurrent.ThreadPoolExecutor.runWorker(ThreadPoolExecutor.java:1134)
        at java.util.concurrent.ThreadPoolExecutor$Worker.run(ThreadPoolExecutor.java:624)
        at java.lang.Thread.run(Thread.java:748)
"pool-36-thread-29"  prio=5 tid=402 in Object.wait()
java.lang.Thread.State: WAITING (on object monitor)
        at sun.misc.Unsafe.park(Native Method)
        at java.util.concurrent.locks.LockSupport.park(LockSupport.java:175)
        at java.util.concurrent.locks.AbstractQueuedSynchronizer$ConditionObject.await(AbstractQueuedSynchronizer.java:2039)
        at java.util.concurrent.ArrayBlockingQueue.take(ArrayBlockingQueue.java:403)
        at java.util.concurrent.ThreadPoolExecutor.getTask(ThreadPoolExecutor.java:1074)
        at java.util.concurrent.ThreadPoolExecutor.runWorker(ThreadPoolExecutor.java:1134)
        at java.util.concurrent.ThreadPoolExecutor$Worker.run(ThreadPoolExecutor.java:624)
        at java.lang.Thread.run(Thread.java:748)
"IPC Server handler 7 on 33223" daemon prio=5 tid=57 timed_waiting
java.lang.Thread.State: TIMED_WAITING
        at sun.misc.Unsafe.park(Native Method)
        at java.util.concurrent.locks.LockSupport.parkNanos(LockSupport.java:215)
        at java.util.concurrent.locks.AbstractQueuedSynchronizer$ConditionObject.awaitNanos(AbstractQueuedSynchronizer.java:2078)
        at java.util.concurrent.LinkedBlockingQueue.poll(LinkedBlockingQueue.java:467)
        at org.apache.hadoop.ipc.CallQueueManager.take(CallQueueManager.java:288)
        at org.apache.hadoop.ipc.Server$Handler.run(Server.java:2668)
"IPC Server handler 15 on 45420" daemon prio=5 tid=45 timed_waiting
java.lang.Thread.State: TIMED_WAITING
        at sun.misc.Unsafe.park(Native Method)
        at java.util.concurrent.locks.LockSupport.parkNanos(LockSupport.java:215)
        at java.util.concurrent.locks.AbstractQueuedSynchronizer$ConditionObject.awaitNanos(AbstractQueuedSynchronizer.java:2078)
        at java.util.concurrent.LinkedBlockingQueue.poll(LinkedBlockingQueue.java:467)
        at org.apache.hadoop.ipc.CallQueueManager.take(CallQueueManager.java:288)
        at org.apache.hadoop.ipc.Server$Handler.run(Server.java:2668)
"pool-66-thread-52"  prio=5 tid=667 in Object.wait()
java.lang.Thread.State: WAITING (on object monitor)
        at sun.misc.Unsafe.park(Native Method)
        at java.util.concurrent.locks.LockSupport.park(LockSupport.java:175)
        at java.util.concurrent.locks.AbstractQueuedSynchronizer$ConditionObject.await(AbstractQueuedSynchronizer.java:2039)
        at java.util.concurrent.ArrayBlockingQueue.take(ArrayBlockingQueue.java:403)
        at java.util.concurrent.ThreadPoolExecutor.getTask(ThreadPoolExecutor.java:1074)
        at java.util.concurrent.ThreadPoolExecutor.runWorker(ThreadPoolExecutor.java:1134)
        at java.util.concurrent.ThreadPoolExecutor$Worker.run(ThreadPoolExecutor.java:624)
        at java.lang.Thread.run(Thread.java:748)
"surefire-forkedjvm-command-thread" daemon prio=5 tid=8 runnable
java.lang.Thread.State: RUNNABLE
        at java.io.FileInputStream.readBytes(Native Method)
        at java.io.FileInputStream.read(FileInputStream.java:255)
        at java.io.BufferedInputStream.fill(BufferedInputStream.java:246)
        at java.io.BufferedInputStream.read(BufferedInputStream.java:265)
        at java.io.DataInputStream.readInt(DataInputStream.java:387)
        at org.apache.maven.surefire.booter.MasterProcessCommand.decode(MasterProcessCommand.java:115)
        at org.apache.maven.surefire.booter.CommandReader$CommandRunnable.run(CommandReader.java:390)
        at java.lang.Thread.run(Thread.java:748)
"pool-46-thread-23"  prio=5 tid=372 in Object.wait()
java.lang.Thread.State: WAITING (on object monitor)
        at sun.misc.Unsafe.park(Native Method)
        at java.util.concurrent.locks.LockSupport.park(LockSupport.java:175)
        at java.util.concurrent.locks.AbstractQueuedSynchronizer$ConditionObject.await(AbstractQueuedSynchronizer.java:2039)
        at java.util.concurrent.ArrayBlockingQueue.take(ArrayBlockingQueue.java:403)
        at java.util.concurrent.ThreadPoolExecutor.getTask(ThreadPoolExecutor.java:1074)
        at java.util.concurrent.ThreadPoolExecutor.runWorker(ThreadPoolExecutor.java:1134)
        at java.util.concurrent.ThreadPoolExecutor$Worker.run(ThreadPoolExecutor.java:624)
        at java.lang.Thread.run(Thread.java:748)
"pool-66-thread-27"  prio=5 tid=603 in Object.wait()
java.lang.Thread.State: WAITING (on object monitor)
        at sun.misc.Unsafe.park(Native Method)
        at java.util.concurrent.locks.LockSupport.park(LockSupport.java:175)
        at java.util.concurrent.locks.AbstractQueuedSynchronizer$ConditionObject.await(AbstractQueuedSynchronizer.java:2039)
        at java.util.concurrent.ArrayBlockingQueue.take(ArrayBlockingQueue.java:403)
        at java.util.concurrent.ThreadPoolExecutor.getTask(ThreadPoolExecutor.java:1074)
        at java.util.concurrent.ThreadPoolExecutor.runWorker(ThreadPoolExecutor.java:1134)
        at java.util.concurrent.ThreadPoolExecutor$Worker.run(ThreadPoolExecutor.java:624)
        at java.lang.Thread.run(Thread.java:748)
"pool-66-thread-8"  prio=5 tid=564 in Object.wait()
java.lang.Thread.State: WAITING (on object monitor)
        at sun.misc.Unsafe.park(Native Method)
        at java.util.concurrent.locks.LockSupport.park(LockSupport.java:175)
        at java.util.concurrent.locks.AbstractQueuedSynchronizer$ConditionObject.await(AbstractQueuedSynchronizer.java:2039)
        at java.util.concurrent.ArrayBlockingQueue.take(ArrayBlockingQueue.java:403)
        at java.util.concurrent.ThreadPoolExecutor.getTask(ThreadPoolExecutor.java:1074)
        at java.util.concurrent.ThreadPoolExecutor.runWorker(ThreadPoolExecutor.java:1134)
        at java.util.concurrent.ThreadPoolExecutor$Worker.run(ThreadPoolExecutor.java:624)
        at java.lang.Thread.run(Thread.java:748)
"pool-66-thread-56"  prio=5 tid=671 in Object.wait()
java.lang.Thread.State: WAITING (on object monitor)
        at sun.misc.Unsafe.park(Native Method)
        at java.util.concurrent.locks.LockSupport.park(LockSupport.java:175)
        at java.util.concurrent.locks.AbstractQueuedSynchronizer$ConditionObject.await(AbstractQueuedSynchronizer.java:2039)
        at java.util.concurrent.ArrayBlockingQueue.take(ArrayBlockingQueue.java:403)
        at java.util.concurrent.ThreadPoolExecutor.getTask(ThreadPoolExecutor.java:1074)
        at java.util.concurrent.ThreadPoolExecutor.runWorker(ThreadPoolExecutor.java:1134)
        at java.util.concurrent.ThreadPoolExecutor$Worker.run(ThreadPoolExecutor.java:624)
        at java.lang.Thread.run(Thread.java:748)
"SCMBlockDeletingService#0" daemon prio=5 tid=102 timed_waiting
java.lang.Thread.State: TIMED_WAITING
        at sun.misc.Unsafe.park(Native Method)
        at java.util.concurrent.locks.LockSupport.parkNanos(LockSupport.java:215)
        at java.util.concurrent.locks.AbstractQueuedSynchronizer$ConditionObject.awaitNanos(AbstractQueuedSynchronizer.java:2078)
        at java.util.concurrent.ScheduledThreadPoolExecutor$DelayedWorkQueue.take(ScheduledThreadPoolExecutor.java:1093)
        at java.util.concurrent.ScheduledThreadPoolExecutor$DelayedWorkQueue.take(ScheduledThreadPoolExecutor.java:809)
        at java.util.concurrent.ThreadPoolExecutor.getTask(ThreadPoolExecutor.java:1074)
        at java.util.concurrent.ThreadPoolExecutor.runWorker(ThreadPoolExecutor.java:1134)
        at java.util.concurrent.ThreadPoolExecutor$Worker.run(ThreadPoolExecutor.java:624)
        at java.lang.Thread.run(Thread.java:748)
"qtp1931194070-246" daemon prio=5 tid=246 timed_waiting
java.lang.Thread.State: TIMED_WAITING
        at sun.misc.Unsafe.park(Native Method)
        at java.util.concurrent.locks.LockSupport.parkNanos(LockSupport.java:215)
        at java.util.concurrent.locks.AbstractQueuedSynchronizer$ConditionObject.awaitNanos(AbstractQueuedSynchronizer.java:2078)
        at org.eclipse.jetty.util.BlockingArrayQueue.poll(BlockingArrayQueue.java:392)
        at org.eclipse.jetty.util.thread.QueuedThreadPool.idleJobPoll(QueuedThreadPool.java:563)
        at org.eclipse.jetty.util.thread.QueuedThreadPool.access$800(QueuedThreadPool.java:48)
        at org.eclipse.jetty.util.thread.QueuedThreadPool$2.run(QueuedThreadPool.java:626)
        at java.lang.Thread.run(Thread.java:748)
"qtp559644343-296-acceptor-0@3c12fdbb-ServerConnector@76899234{HTTP/1.1,[http/1.1]}{0.0.0.0:34069}" daemon prio=3 tid=296 runnable
java.lang.Thread.State: RUNNABLE
        at sun.nio.ch.ServerSocketChannelImpl.accept0(Native Method)
        at sun.nio.ch.ServerSocketChannelImpl.accept(ServerSocketChannelImpl.java:422)
        at sun.nio.ch.ServerSocketChannelImpl.accept(ServerSocketChannelImpl.java:250)
        at org.eclipse.jetty.server.ServerConnector.accept(ServerConnector.java:397)
        at org.eclipse.jetty.server.AbstractConnector$Acceptor.run(AbstractConnector.java:601)
        at org.eclipse.jetty.util.thread.QueuedThreadPool.runJob(QueuedThreadPool.java:671)
        at org.eclipse.jetty.util.thread.QueuedThreadPool$2.run(QueuedThreadPool.java:589)
        at java.lang.Thread.run(Thread.java:748)
"pool-76-thread-36"  prio=5 tid=622 in Object.wait()
java.lang.Thread.State: WAITING (on object monitor)
        at sun.misc.Unsafe.park(Native Method)
        at java.util.concurrent.locks.LockSupport.park(LockSupport.java:175)
        at java.util.concurrent.locks.AbstractQueuedSynchronizer$ConditionObject.await(AbstractQueuedSynchronizer.java:2039)
        at java.util.concurrent.ArrayBlockingQueue.take(ArrayBlockingQueue.java:403)
        at java.util.concurrent.ThreadPoolExecutor.getTask(ThreadPoolExecutor.java:1074)
        at java.util.concurrent.ThreadPoolExecutor.runWorker(ThreadPoolExecutor.java:1134)
        at java.util.concurrent.ThreadPoolExecutor$Worker.run(ThreadPoolExecutor.java:624)
        at java.lang.Thread.run(Thread.java:748)
"BlockDeletingService#1" daemon prio=5 tid=683 in Object.wait()
java.lang.Thread.State: WAITING (on object monitor)
        at sun.misc.Unsafe.park(Native Method)
        at java.util.concurrent.locks.LockSupport.park(LockSupport.java:175)
        at java.util.concurrent.locks.AbstractQueuedSynchronizer$ConditionObject.await(AbstractQueuedSynchronizer.java:2039)
        at java.util.concurrent.ScheduledThreadPoolExecutor$DelayedWorkQueue.take(ScheduledThreadPoolExecutor.java:1088)
        at java.util.concurrent.ScheduledThreadPoolExecutor$DelayedWorkQueue.take(ScheduledThreadPoolExecutor.java:809)
        at java.util.concurrent.ThreadPoolExecutor.getTask(ThreadPoolExecutor.java:1074)
        at java.util.concurrent.ThreadPoolExecutor.runWorker(ThreadPoolExecutor.java:1134)
        at java.util.concurrent.ThreadPoolExecutor$Worker.run(ThreadPoolExecutor.java:624)
        at java.lang.Thread.run(Thread.java:748)
"metrics-hadoop-metrics2-reporter-39-thread-1" daemon prio=5 tid=812 timed_waiting
java.lang.Thread.State: TIMED_WAITING
        at sun.misc.Unsafe.park(Native Method)
        at java.util.concurrent.locks.LockSupport.parkNanos(LockSupport.java:215)
        at java.util.concurrent.locks.AbstractQueuedSynchronizer$ConditionObject.awaitNanos(AbstractQueuedSynchronizer.java:2078)
        at java.util.concurrent.ScheduledThreadPoolExecutor$DelayedWorkQueue.take(ScheduledThreadPoolExecutor.java:1093)
        at java.util.concurrent.ScheduledThreadPoolExecutor$DelayedWorkQueue.take(ScheduledThreadPoolExecutor.java:809)
        at java.util.concurrent.ThreadPoolExecutor.getTask(ThreadPoolExecutor.java:1074)
        at java.util.concurrent.ThreadPoolExecutor.runWorker(ThreadPoolExecutor.java:1134)
        at java.util.concurrent.ThreadPoolExecutor$Worker.run(ThreadPoolExecutor.java:624)
        at java.lang.Thread.run(Thread.java:748)
"pool-46-thread-19"  prio=5 tid=361 in Object.wait()
java.lang.Thread.State: WAITING (on object monitor)
        at sun.misc.Unsafe.park(Native Method)
        at java.util.concurrent.locks.LockSupport.park(LockSupport.java:175)
        at java.util.concurrent.locks.AbstractQueuedSynchronizer$ConditionObject.await(AbstractQueuedSynchronizer.java:2039)
        at java.util.concurrent.ArrayBlockingQueue.take(ArrayBlockingQueue.java:403)
        at java.util.concurrent.ThreadPoolExecutor.getTask(ThreadPoolExecutor.java:1074)
        at java.util.concurrent.ThreadPoolExecutor.runWorker(ThreadPoolExecutor.java:1134)
        at java.util.concurrent.ThreadPoolExecutor$Worker.run(ThreadPoolExecutor.java:624)
        at java.lang.Thread.run(Thread.java:748)
"metrics-hadoop-metrics2-reporter-64-thread-1" daemon prio=5 tid=954 timed_waiting
java.lang.Thread.State: TIMED_WAITING
        at sun.misc.Unsafe.park(Native Method)
        at java.util.concurrent.locks.LockSupport.parkNanos(LockSupport.java:215)
        at java.util.concurrent.locks.AbstractQueuedSynchronizer$ConditionObject.awaitNanos(AbstractQueuedSynchronizer.java:2078)
        at java.util.concurrent.ScheduledThreadPoolExecutor$DelayedWorkQueue.take(ScheduledThreadPoolExecutor.java:1093)
        at java.util.concurrent.ScheduledThreadPoolExecutor$DelayedWorkQueue.take(ScheduledThreadPoolExecutor.java:809)
        at java.util.concurrent.ThreadPoolExecutor.getTask(ThreadPoolExecutor.java:1074)
        at java.util.concurrent.ThreadPoolExecutor.runWorker(ThreadPoolExecutor.java:1134)
        at java.util.concurrent.ThreadPoolExecutor$Worker.run(ThreadPoolExecutor.java:624)
        at java.lang.Thread.run(Thread.java:748)
"org.apache.hadoop.util.JvmPauseMonitor$Monitor@64860889" daemon prio=5 tid=104 timed_waiting
java.lang.Thread.State: TIMED_WAITING
        at java.lang.Thread.sleep(Native Method)
        at org.apache.hadoop.util.JvmPauseMonitor$Monitor.run(JvmPauseMonitor.java:192)
        at java.lang.Thread.run(Thread.java:748)
"pool-66-thread-41"  prio=5 tid=652 in Object.wait()
java.lang.Thread.State: WAITING (on object monitor)
        at sun.misc.Unsafe.park(Native Method)
        at java.util.concurrent.locks.LockSupport.park(LockSupport.java:175)
        at java.util.concurrent.locks.AbstractQueuedSynchronizer$ConditionObject.await(AbstractQueuedSynchronizer.java:2039)
        at java.util.concurrent.ArrayBlockingQueue.take(ArrayBlockingQueue.java:403)
        at java.util.concurrent.ThreadPoolExecutor.getTask(ThreadPoolExecutor.java:1074)
        at java.util.concurrent.ThreadPoolExecutor.runWorker(ThreadPoolExecutor.java:1134)
        at java.util.concurrent.ThreadPoolExecutor$Worker.run(ThreadPoolExecutor.java:624)
        at java.lang.Thread.run(Thread.java:748)
"qtp1174596735-138-acceptor-0@5f4b16e4-ServerConnector@55fff88e{HTTP/1.1,[http/1.1]}{0.0.0.0:44091}" daemon prio=3 tid=138 runnable
java.lang.Thread.State: RUNNABLE
        at sun.nio.ch.ServerSocketChannelImpl.accept0(Native Method)
        at sun.nio.ch.ServerSocketChannelImpl.accept(ServerSocketChannelImpl.java:422)
        at sun.nio.ch.ServerSocketChannelImpl.accept(ServerSocketChannelImpl.java:250)
        at org.eclipse.jetty.server.ServerConnector.accept(ServerConnector.java:397)
        at org.eclipse.jetty.server.AbstractConnector$Acceptor.run(AbstractConnector.java:601)
        at org.eclipse.jetty.util.thread.QueuedThreadPool.runJob(QueuedThreadPool.java:671)
        at org.eclipse.jetty.util.thread.QueuedThreadPool$2.run(QueuedThreadPool.java:589)
        at java.lang.Thread.run(Thread.java:748)
"pool-56-thread-27"  prio=5 tid=521 in Object.wait()
java.lang.Thread.State: WAITING (on object monitor)
        at sun.misc.Unsafe.park(Native Method)
        at java.util.concurrent.locks.LockSupport.park(LockSupport.java:175)
        at java.util.concurrent.locks.AbstractQueuedSynchronizer$ConditionObject.await(AbstractQueuedSynchronizer.java:2039)
        at java.util.concurrent.ArrayBlockingQueue.take(ArrayBlockingQueue.java:403)
        at java.util.concurrent.ThreadPoolExecutor.getTask(ThreadPoolExecutor.java:1074)
        at java.util.concurrent.ThreadPoolExecutor.runWorker(ThreadPoolExecutor.java:1134)
        at java.util.concurrent.ThreadPoolExecutor$Worker.run(ThreadPoolExecutor.java:624)
        at java.lang.Thread.run(Thread.java:748)
"pool-66-thread-24"  prio=5 tid=598 in Object.wait()
java.lang.Thread.State: WAITING (on object monitor)
        at sun.misc.Unsafe.park(Native Method)
        at java.util.concurrent.locks.LockSupport.park(LockSupport.java:175)
        at java.util.concurrent.locks.AbstractQueuedSynchronizer$ConditionObject.await(AbstractQueuedSynchronizer.java:2039)
        at java.util.concurrent.ArrayBlockingQueue.take(ArrayBlockingQueue.java:403)
        at java.util.concurrent.ThreadPoolExecutor.getTask(ThreadPoolExecutor.java:1074)
        at java.util.concurrent.ThreadPoolExecutor.runWorker(ThreadPoolExecutor.java:1134)
        at java.util.concurrent.ThreadPoolExecutor$Worker.run(ThreadPoolExecutor.java:624)
        at java.lang.Thread.run(Thread.java:748)
"grpc-default-executor-2" daemon prio=5 tid=775 timed_waiting
java.lang.Thread.State: TIMED_WAITING
        at sun.misc.Unsafe.park(Native Method)
        at java.util.concurrent.locks.LockSupport.parkNanos(LockSupport.java:215)
        at java.util.concurrent.SynchronousQueue$TransferStack.awaitFulfill(SynchronousQueue.java:460)
        at java.util.concurrent.SynchronousQueue$TransferStack.transfer(SynchronousQueue.java:362)
        at java.util.concurrent.SynchronousQueue.poll(SynchronousQueue.java:941)
        at java.util.concurrent.ThreadPoolExecutor.getTask(ThreadPoolExecutor.java:1073)
        at java.util.concurrent.ThreadPoolExecutor.runWorker(ThreadPoolExecutor.java:1134)
        at java.util.concurrent.ThreadPoolExecutor$Worker.run(ThreadPoolExecutor.java:624)
        at java.lang.Thread.run(Thread.java:748)
"pool-66-thread-33"  prio=5 tid=633 in Object.wait()
java.lang.Thread.State: WAITING (on object monitor)
        at sun.misc.Unsafe.park(Native Method)
        at java.util.concurrent.locks.LockSupport.park(LockSupport.java:175)
        at java.util.concurrent.locks.AbstractQueuedSynchronizer$ConditionObject.await(AbstractQueuedSynchronizer.java:2039)
        at java.util.concurrent.ArrayBlockingQueue.take(ArrayBlockingQueue.java:403)
        at java.util.concurrent.ThreadPoolExecutor.getTask(ThreadPoolExecutor.java:1074)
        at java.util.concurrent.ThreadPoolExecutor.runWorker(ThreadPoolExecutor.java:1134)
        at java.util.concurrent.ThreadPoolExecutor$Worker.run(ThreadPoolExecutor.java:624)
        at java.lang.Thread.run(Thread.java:748)
"pool-36-thread-40"  prio=5 tid=432 in Object.wait()
java.lang.Thread.State: WAITING (on object monitor)
        at sun.misc.Unsafe.park(Native Method)
        at java.util.concurrent.locks.LockSupport.park(LockSupport.java:175)
        at java.util.concurrent.locks.AbstractQueuedSynchronizer$ConditionObject.await(AbstractQueuedSynchronizer.java:2039)
        at java.util.concurrent.ArrayBlockingQueue.take(ArrayBlockingQueue.java:403)
        at java.util.concurrent.ThreadPoolExecutor.getTask(ThreadPoolExecutor.java:1074)
        at java.util.concurrent.ThreadPoolExecutor.runWorker(ThreadPoolExecutor.java:1134)
        at java.util.concurrent.ThreadPoolExecutor$Worker.run(ThreadPoolExecutor.java:624)
        at java.lang.Thread.run(Thread.java:748)
"pool-46-thread-7"  prio=5 tid=325 in Object.wait()
java.lang.Thread.State: WAITING (on object monitor)
        at sun.misc.Unsafe.park(Native Method)
        at java.util.concurrent.locks.LockSupport.park(LockSupport.java:175)
        at java.util.concurrent.locks.AbstractQueuedSynchronizer$ConditionObject.await(AbstractQueuedSynchronizer.java:2039)
        at java.util.concurrent.ArrayBlockingQueue.take(ArrayBlockingQueue.java:403)
        at java.util.concurrent.ThreadPoolExecutor.getTask(ThreadPoolExecutor.java:1074)
        at java.util.concurrent.ThreadPoolExecutor.runWorker(ThreadPoolExecutor.java:1134)
        at java.util.concurrent.ThreadPoolExecutor$Worker.run(ThreadPoolExecutor.java:624)
        at java.lang.Thread.run(Thread.java:748)
"metrics-hadoop-metrics2-reporter-11-thread-1" daemon prio=5 tid=728 timed_waiting
java.lang.Thread.State: TIMED_WAITING
        at sun.misc.Unsafe.park(Native Method)
        at java.util.concurrent.locks.LockSupport.parkNanos(LockSupport.java:215)
        at java.util.concurrent.locks.AbstractQueuedSynchronizer$ConditionObject.awaitNanos(AbstractQueuedSynchronizer.java:2078)
        at java.util.concurrent.ScheduledThreadPoolExecutor$DelayedWorkQueue.take(ScheduledThreadPoolExecutor.java:1093)
        at java.util.concurrent.ScheduledThreadPoolExecutor$DelayedWorkQueue.take(ScheduledThreadPoolExecutor.java:809)
        at java.util.concurrent.ThreadPoolExecutor.getTask(ThreadPoolExecutor.java:1074)
        at java.util.concurrent.ThreadPoolExecutor.runWorker(ThreadPoolExecutor.java:1134)
        at java.util.concurrent.ThreadPoolExecutor$Worker.run(ThreadPoolExecutor.java:624)
        at java.lang.Thread.run(Thread.java:748)
"pool-56-thread-21"  prio=5 tid=513 in Object.wait()
java.lang.Thread.State: WAITING (on object monitor)
        at sun.misc.Unsafe.park(Native Method)
        at java.util.concurrent.locks.LockSupport.park(LockSupport.java:175)
        at java.util.concurrent.locks.AbstractQueuedSynchronizer$ConditionObject.await(AbstractQueuedSynchronizer.java:2039)
        at java.util.concurrent.ArrayBlockingQueue.take(ArrayBlockingQueue.java:403)
        at java.util.concurrent.ThreadPoolExecutor.getTask(ThreadPoolExecutor.java:1074)
        at java.util.concurrent.ThreadPoolExecutor.runWorker(ThreadPoolExecutor.java:1134)
        at java.util.concurrent.ThreadPoolExecutor$Worker.run(ThreadPoolExecutor.java:624)
        at java.lang.Thread.run(Thread.java:748)
"4b035f45-7941-40c3-ba2d-1cbecd2d369e@group-8AC045C62D9A-StateMachineUpdater" daemon prio=5 tid=727 in Object.wait()
java.lang.Thread.State: WAITING (on object monitor)
        at java.lang.Object.wait(Native Method)
        at java.lang.Object.wait(Object.java:502)
        at org.apache.ratis.server.impl.StateMachineUpdater.waitForCommit(StateMachineUpdater.java:194)
        at org.apache.ratis.server.impl.StateMachineUpdater.run(StateMachineUpdater.java:159)
        at java.lang.Thread.run(Thread.java:748)
"pool-26-thread-56"  prio=5 tid=506 in Object.wait()
java.lang.Thread.State: WAITING (on object monitor)
        at sun.misc.Unsafe.park(Native Method)
        at java.util.concurrent.locks.LockSupport.park(LockSupport.java:175)
        at java.util.concurrent.locks.AbstractQueuedSynchronizer$ConditionObject.await(AbstractQueuedSynchronizer.java:2039)
        at java.util.concurrent.ArrayBlockingQueue.take(ArrayBlockingQueue.java:403)
        at java.util.concurrent.ThreadPoolExecutor.getTask(ThreadPoolExecutor.java:1074)
        at java.util.concurrent.ThreadPoolExecutor.runWorker(ThreadPoolExecutor.java:1134)
        at java.util.concurrent.ThreadPoolExecutor$Worker.run(ThreadPoolExecutor.java:624)
        at java.lang.Thread.run(Thread.java:748)
"pool-47-thread-1"  prio=5 tid=714 in Object.wait()
java.lang.Thread.State: WAITING (on object monitor)
        at sun.misc.Unsafe.park(Native Method)
        at java.util.concurrent.locks.LockSupport.park(LockSupport.java:175)
        at java.util.concurrent.locks.AbstractQueuedSynchronizer$ConditionObject.await(AbstractQueuedSynchronizer.java:2039)
        at java.util.concurrent.LinkedBlockingQueue.take(LinkedBlockingQueue.java:442)
        at java.util.concurrent.ThreadPoolExecutor.getTask(ThreadPoolExecutor.java:1074)
        at java.util.concurrent.ThreadPoolExecutor.runWorker(ThreadPoolExecutor.java:1134)
        at java.util.concurrent.ThreadPoolExecutor$Worker.run(ThreadPoolExecutor.java:624)
        at java.lang.Thread.run(Thread.java:748)
"pool-66-thread-57"  prio=5 tid=672 in Object.wait()
java.lang.Thread.State: WAITING (on object monitor)
        at sun.misc.Unsafe.park(Native Method)
        at java.util.concurrent.locks.LockSupport.park(LockSupport.java:175)
        at java.util.concurrent.locks.AbstractQueuedSynchronizer$ConditionObject.await(AbstractQueuedSynchronizer.java:2039)
        at java.util.concurrent.ArrayBlockingQueue.take(ArrayBlockingQueue.java:403)
        at java.util.concurrent.ThreadPoolExecutor.getTask(ThreadPoolExecutor.java:1074)
        at java.util.concurrent.ThreadPoolExecutor.runWorker(ThreadPoolExecutor.java:1134)
        at java.util.concurrent.ThreadPoolExecutor$Worker.run(ThreadPoolExecutor.java:624)
        at java.lang.Thread.run(Thread.java:748)
"pool-46-thread-30"  prio=5 tid=391 in Object.wait()
java.lang.Thread.State: WAITING (on object monitor)
        at sun.misc.Unsafe.park(Native Method)
        at java.util.concurrent.locks.LockSupport.park(LockSupport.java:175)
        at java.util.concurrent.locks.AbstractQueuedSynchronizer$ConditionObject.await(AbstractQueuedSynchronizer.java:2039)
        at java.util.concurrent.ArrayBlockingQueue.take(ArrayBlockingQueue.java:403)
        at java.util.concurrent.ThreadPoolExecutor.getTask(ThreadPoolExecutor.java:1074)
        at java.util.concurrent.ThreadPoolExecutor.runWorker(ThreadPoolExecutor.java:1134)
        at java.util.concurrent.ThreadPoolExecutor$Worker.run(ThreadPoolExecutor.java:624)
        at java.lang.Thread.run(Thread.java:748)
"pool-36-thread-8"  prio=5 tid=338 in Object.wait()
java.lang.Thread.State: WAITING (on object monitor)
        at sun.misc.Unsafe.park(Native Method)
        at java.util.concurrent.locks.LockSupport.park(LockSupport.java:175)
        at java.util.concurrent.locks.AbstractQueuedSynchronizer$ConditionObject.await(AbstractQueuedSynchronizer.java:2039)
        at java.util.concurrent.ArrayBlockingQueue.take(ArrayBlockingQueue.java:403)
        at java.util.concurrent.ThreadPoolExecutor.getTask(ThreadPoolExecutor.java:1074)
        at java.util.concurrent.ThreadPoolExecutor.runWorker(ThreadPoolExecutor.java:1134)
        at java.util.concurrent.ThreadPoolExecutor$Worker.run(ThreadPoolExecutor.java:624)
        at java.lang.Thread.run(Thread.java:748)
"Command processor thread" daemon prio=5 tid=311 timed_waiting
java.lang.Thread.State: TIMED_WAITING
        at java.lang.Thread.sleep(Native Method)
        at org.apache.hadoop.ozone.container.common.statemachine.DatanodeStateMachine.lambda$initCommandHandlerThread$1(DatanodeStateMachine.java:439)
        at org.apache.hadoop.ozone.container.common.statemachine.DatanodeStateMachine$$Lambda$141/1097787199.run(Unknown Source)
        at java.lang.Thread.run(Thread.java:748)
"org.eclipse.jetty.server.session.HashSessionManager@556e8dedTimer" daemon prio=5 tid=168 timed_waiting
java.lang.Thread.State: TIMED_WAITING
        at sun.misc.Unsafe.park(Native Method)
        at java.util.concurrent.locks.LockSupport.parkNanos(LockSupport.java:215)
        at java.util.concurrent.locks.AbstractQueuedSynchronizer$ConditionObject.awaitNanos(AbstractQueuedSynchronizer.java:2078)
        at java.util.concurrent.ScheduledThreadPoolExecutor$DelayedWorkQueue.take(ScheduledThreadPoolExecutor.java:1093)
        at java.util.concurrent.ScheduledThreadPoolExecutor$DelayedWorkQueue.take(ScheduledThreadPoolExecutor.java:809)
        at java.util.concurrent.ThreadPoolExecutor.getTask(ThreadPoolExecutor.java:1074)
        at java.util.concurrent.ThreadPoolExecutor.runWorker(ThreadPoolExecutor.java:1134)
        at java.util.concurrent.ThreadPoolExecutor$Worker.run(ThreadPoolExecutor.java:624)
        at java.lang.Thread.run(Thread.java:748)
"pool-26-thread-27"  prio=5 tid=407 in Object.wait()
java.lang.Thread.State: WAITING (on object monitor)
        at sun.misc.Unsafe.park(Native Method)
        at java.util.concurrent.locks.LockSupport.park(LockSupport.java:175)
        at java.util.concurrent.locks.AbstractQueuedSynchronizer$ConditionObject.await(AbstractQueuedSynchronizer.java:2039)
        at java.util.concurrent.ArrayBlockingQueue.take(ArrayBlockingQueue.java:403)
        at java.util.concurrent.ThreadPoolExecutor.getTask(ThreadPoolExecutor.java:1074)
        at java.util.concurrent.ThreadPoolExecutor.runWorker(ThreadPoolExecutor.java:1134)
        at java.util.concurrent.ThreadPoolExecutor$Worker.run(ThreadPoolExecutor.java:624)
        at java.lang.Thread.run(Thread.java:748)
"pool-66-thread-32"  prio=5 tid=631 in Object.wait()
java.lang.Thread.State: WAITING (on object monitor)
        at sun.misc.Unsafe.park(Native Method)
        at java.util.concurrent.locks.LockSupport.park(LockSupport.java:175)
        at java.util.concurrent.locks.AbstractQueuedSynchronizer$ConditionObject.await(AbstractQueuedSynchronizer.java:2039)
        at java.util.concurrent.ArrayBlockingQueue.take(ArrayBlockingQueue.java:403)
        at java.util.concurrent.ThreadPoolExecutor.getTask(ThreadPoolExecutor.java:1074)
        at java.util.concurrent.ThreadPoolExecutor.runWorker(ThreadPoolExecutor.java:1134)
        at java.util.concurrent.ThreadPoolExecutor$Worker.run(ThreadPoolExecutor.java:624)
        at java.lang.Thread.run(Thread.java:748)
"pool-26-thread-25"  prio=5 tid=399 in Object.wait()
java.lang.Thread.State: WAITING (on object monitor)
        at sun.misc.Unsafe.park(Native Method)
        at java.util.concurrent.locks.LockSupport.park(LockSupport.java:175)
        at java.util.concurrent.locks.AbstractQueuedSynchronizer$ConditionObject.await(AbstractQueuedSynchronizer.java:2039)
        at java.util.concurrent.ArrayBlockingQueue.take(ArrayBlockingQueue.java:403)
        at java.util.concurrent.ThreadPoolExecutor.getTask(ThreadPoolExecutor.java:1074)
        at java.util.concurrent.ThreadPoolExecutor.runWorker(ThreadPoolExecutor.java:1134)
        at java.util.concurrent.ThreadPoolExecutor$Worker.run(ThreadPoolExecutor.java:624)
        at java.lang.Thread.run(Thread.java:748)
"pool-66-thread-53"  prio=5 tid=668 in Object.wait()
java.lang.Thread.State: WAITING (on object monitor)
        at sun.misc.Unsafe.park(Native Method)
        at java.util.concurrent.locks.LockSupport.park(LockSupport.java:175)
        at java.util.concurrent.locks.AbstractQueuedSynchronizer$ConditionObject.await(AbstractQueuedSynchronizer.java:2039)
        at java.util.concurrent.ArrayBlockingQueue.take(ArrayBlockingQueue.java:403)
        at java.util.concurrent.ThreadPoolExecutor.getTask(ThreadPoolExecutor.java:1074)
        at java.util.concurrent.ThreadPoolExecutor.runWorker(ThreadPoolExecutor.java:1134)
        at java.util.concurrent.ThreadPoolExecutor$Worker.run(ThreadPoolExecutor.java:624)
        at java.lang.Thread.run(Thread.java:748)
"pool-76-thread-8"  prio=5 tid=576 in Object.wait()
java.lang.Thread.State: WAITING (on object monitor)
        at sun.misc.Unsafe.park(Native Method)
        at java.util.concurrent.locks.LockSupport.park(LockSupport.java:175)
        at java.util.concurrent.locks.AbstractQueuedSynchronizer$ConditionObject.await(AbstractQueuedSynchronizer.java:2039)
        at java.util.concurrent.ArrayBlockingQueue.take(ArrayBlockingQueue.java:403)
        at java.util.concurrent.ThreadPoolExecutor.getTask(ThreadPoolExecutor.java:1074)
        at java.util.concurrent.ThreadPoolExecutor.runWorker(ThreadPoolExecutor.java:1134)
        at java.util.concurrent.ThreadPoolExecutor$Worker.run(ThreadPoolExecutor.java:624)
        at java.lang.Thread.run(Thread.java:748)
"org.apache.hadoop.util.JvmPauseMonitor$Monitor@5f9a7752" daemon prio=5 tid=285 timed_waiting
java.lang.Thread.State: TIMED_WAITING
        at java.lang.Thread.sleep(Native Method)
        at org.apache.hadoop.util.JvmPauseMonitor$Monitor.run(JvmPauseMonitor.java:192)
        at java.lang.Thread.run(Thread.java:748)
"Datanode ReportManager Thread - 0" daemon prio=5 tid=253 timed_waiting
java.lang.Thread.State: TIMED_WAITING
        at sun.misc.Unsafe.park(Native Method)
        at java.util.concurrent.locks.LockSupport.parkNanos(LockSupport.java:215)
        at java.util.concurrent.locks.AbstractQueuedSynchronizer$ConditionObject.awaitNanos(AbstractQueuedSynchronizer.java:2078)
        at java.util.concurrent.ScheduledThreadPoolExecutor$DelayedWorkQueue.take(ScheduledThreadPoolExecutor.java:1093)
        at java.util.concurrent.ScheduledThreadPoolExecutor$DelayedWorkQueue.take(ScheduledThreadPoolExecutor.java:809)
        at java.util.concurrent.ThreadPoolExecutor.getTask(ThreadPoolExecutor.java:1074)
        at java.util.concurrent.ThreadPoolExecutor.runWorker(ThreadPoolExecutor.java:1134)
        at java.util.concurrent.ThreadPoolExecutor$Worker.run(ThreadPoolExecutor.java:624)
        at java.lang.Thread.run(Thread.java:748)
"org.eclipse.jetty.server.session.HashSessionManager@1c67d548Timer" daemon prio=5 tid=146 timed_waiting
java.lang.Thread.State: TIMED_WAITING
        at sun.misc.Unsafe.park(Native Method)
        at java.util.concurrent.locks.LockSupport.parkNanos(LockSupport.java:215)
        at java.util.concurrent.locks.AbstractQueuedSynchronizer$ConditionObject.awaitNanos(AbstractQueuedSynchronizer.java:2078)
        at java.util.concurrent.ScheduledThreadPoolExecutor$DelayedWorkQueue.take(ScheduledThreadPoolExecutor.java:1093)
        at java.util.concurrent.ScheduledThreadPoolExecutor$DelayedWorkQueue.take(ScheduledThreadPoolExecutor.java:809)
        at java.util.concurrent.ThreadPoolExecutor.getTask(ThreadPoolExecutor.java:1074)
        at java.util.concurrent.ThreadPoolExecutor.runWorker(ThreadPoolExecutor.java:1134)
        at java.util.concurrent.ThreadPoolExecutor$Worker.run(ThreadPoolExecutor.java:624)
        at java.lang.Thread.run(Thread.java:748)
"org.apache.ratis.server.impl.LogAppender$AppenderDaemon$$Lambda$421/655825463@d0ea011" daemon prio=5 tid=1051 timed_waiting
java.lang.Thread.State: TIMED_WAITING
        at java.lang.Object.wait(Native Method)
        at org.apache.ratis.grpc.server.GrpcLogAppender.mayWait(GrpcLogAppender.java:147)
        at org.apache.ratis.grpc.server.GrpcLogAppender.runAppenderImpl(GrpcLogAppender.java:101)
        at org.apache.ratis.server.impl.LogAppender$AppenderDaemon.run(LogAppender.java:76)
        at org.apache.ratis.server.impl.LogAppender$AppenderDaemon$$Lambda$421/655825463.run(Unknown Source)
        at java.lang.Thread.run(Thread.java:748)
"pool-36-thread-21"  prio=5 tid=380 in Object.wait()
java.lang.Thread.State: WAITING (on object monitor)
        at sun.misc.Unsafe.park(Native Method)
        at java.util.concurrent.locks.LockSupport.park(LockSupport.java:175)
        at java.util.concurrent.locks.AbstractQueuedSynchronizer$ConditionObject.await(AbstractQueuedSynchronizer.java:2039)
        at java.util.concurrent.ArrayBlockingQueue.take(ArrayBlockingQueue.java:403)
        at java.util.concurrent.ThreadPoolExecutor.getTask(ThreadPoolExecutor.java:1074)
        at java.util.concurrent.ThreadPoolExecutor.runWorker(ThreadPoolExecutor.java:1134)
        at java.util.concurrent.ThreadPoolExecutor$Worker.run(ThreadPoolExecutor.java:624)
        at java.lang.Thread.run(Thread.java:748)
"Datanode ReportManager Thread - 0" daemon prio=5 tid=226 in Object.wait()
java.lang.Thread.State: WAITING (on object monitor)
        at sun.misc.Unsafe.park(Native Method)
        at java.util.concurrent.locks.LockSupport.park(LockSupport.java:175)
        at java.util.concurrent.locks.AbstractQueuedSynchronizer$ConditionObject.await(AbstractQueuedSynchronizer.java:2039)
        at java.util.concurrent.ScheduledThreadPoolExecutor$DelayedWorkQueue.take(ScheduledThreadPoolExecutor.java:1088)
        at java.util.concurrent.ScheduledThreadPoolExecutor$DelayedWorkQueue.take(ScheduledThreadPoolExecutor.java:809)
        at java.util.concurrent.ThreadPoolExecutor.getTask(ThreadPoolExecutor.java:1074)
        at java.util.concurrent.ThreadPoolExecutor.runWorker(ThreadPoolExecutor.java:1134)
        at java.util.concurrent.ThreadPoolExecutor$Worker.run(ThreadPoolExecutor.java:624)
        at java.lang.Thread.run(Thread.java:748)
"Thread-458" daemon prio=5 tid=1049 timed_waiting
java.lang.Thread.State: TIMED_WAITING
        at sun.misc.Unsafe.park(Native Method)
        at java.util.concurrent.locks.LockSupport.parkNanos(LockSupport.java:215)
        at java.util.concurrent.locks.AbstractQueuedSynchronizer$ConditionObject.awaitNanos(AbstractQueuedSynchronizer.java:2078)
        at java.util.concurrent.ArrayBlockingQueue.poll(ArrayBlockingQueue.java:418)
        at org.apache.ratis.server.impl.LeaderState$EventQueue.poll(LeaderState.java:115)
        at org.apache.ratis.server.impl.LeaderState$EventProcessor.run(LeaderState.java:467)
"IPC Server handler 9 on 33223" daemon prio=5 tid=59 timed_waiting
java.lang.Thread.State: TIMED_WAITING
        at sun.misc.Unsafe.park(Native Method)
        at java.util.concurrent.locks.LockSupport.parkNanos(LockSupport.java:215)
        at java.util.concurrent.locks.AbstractQueuedSynchronizer$ConditionObject.awaitNanos(AbstractQueuedSynchronizer.java:2078)
        at java.util.concurrent.LinkedBlockingQueue.poll(LinkedBlockingQueue.java:467)
        at org.apache.hadoop.ipc.CallQueueManager.take(CallQueueManager.java:288)
        at org.apache.hadoop.ipc.Server$Handler.run(Server.java:2668)
"org.eclipse.jetty.server.session.HashSessionManager@1d7be43Timer" daemon prio=5 tid=305 timed_waiting
java.lang.Thread.State: TIMED_WAITING
        at sun.misc.Unsafe.park(Native Method)
        at java.util.concurrent.locks.LockSupport.parkNanos(LockSupport.java:215)
        at java.util.concurrent.locks.AbstractQueuedSynchronizer$ConditionObject.awaitNanos(AbstractQueuedSynchronizer.java:2078)
        at java.util.concurrent.ScheduledThreadPoolExecutor$DelayedWorkQueue.take(ScheduledThreadPoolExecutor.java:1093)
        at java.util.concurrent.ScheduledThreadPoolExecutor$DelayedWorkQueue.take(ScheduledThreadPoolExecutor.java:809)
        at java.util.concurrent.ThreadPoolExecutor.getTask(ThreadPoolExecutor.java:1074)
        at java.util.concurrent.ThreadPoolExecutor.runWorker(ThreadPoolExecutor.java:1134)
        at java.util.concurrent.ThreadPoolExecutor$Worker.run(ThreadPoolExecutor.java:624)
        at java.lang.Thread.run(Thread.java:748)
"pool-36-thread-60"  prio=5 tid=480 in Object.wait()
java.lang.Thread.State: WAITING (on object monitor)
        at sun.misc.Unsafe.park(Native Method)
        at java.util.concurrent.locks.LockSupport.park(LockSupport.java:175)
        at java.util.concurrent.locks.AbstractQueuedSynchronizer$ConditionObject.await(AbstractQueuedSynchronizer.java:2039)
        at java.util.concurrent.ArrayBlockingQueue.take(ArrayBlockingQueue.java:403)
        at java.util.concurrent.ThreadPoolExecutor.getTask(ThreadPoolExecutor.java:1074)
        at java.util.concurrent.ThreadPoolExecutor.runWorker(ThreadPoolExecutor.java:1134)
        at java.util.concurrent.ThreadPoolExecutor$Worker.run(ThreadPoolExecutor.java:624)
        at java.lang.Thread.run(Thread.java:748)
"IPC Server listener on 42810" daemon prio=5 tid=108 runnable
java.lang.Thread.State: RUNNABLE
        at sun.nio.ch.EPollArrayWrapper.epollWait(Native Method)
        at sun.nio.ch.EPollArrayWrapper.poll(EPollArrayWrapper.java:269)
        at sun.nio.ch.EPollSelectorImpl.doSelect(EPollSelectorImpl.java:93)
        at sun.nio.ch.SelectorImpl.lockAndDoSelect(SelectorImpl.java:86)
        at sun.nio.ch.SelectorImpl.select(SelectorImpl.java:97)
        at sun.nio.ch.SelectorImpl.select(SelectorImpl.java:101)
        at org.apache.hadoop.ipc.Server$Listener.run(Server.java:1159)
"main"  prio=5 tid=1 timed_waiting
java.lang.Thread.State: TIMED_WAITING
        at java.lang.Object.wait(Native Method)
        at java.lang.Thread.join(Thread.java:1260)
        at org.junit.internal.runners.statements.FailOnTimeout.evaluateStatement(FailOnTimeout.java:26)
        at org.junit.internal.runners.statements.FailOnTimeout.evaluate(FailOnTimeout.java:17)
        at org.junit.internal.runners.statements.RunAfters.evaluate(RunAfters.java:27)
        at org.junit.runners.ParentRunner.runLeaf(ParentRunner.java:271)
        at org.junit.runners.BlockJUnit4ClassRunner.runChild(BlockJUnit4ClassRunner.java:70)
        at org.junit.runners.BlockJUnit4ClassRunner.runChild(BlockJUnit4ClassRunner.java:50)
        at org.junit.runners.ParentRunner$3.run(ParentRunner.java:238)
        at org.junit.runners.ParentRunner$1.schedule(ParentRunner.java:63)
        at org.junit.runners.ParentRunner.runChildren(ParentRunner.java:236)
        at org.junit.runners.ParentRunner.access$000(ParentRunner.java:53)
        at org.junit.runners.ParentRunner$2.evaluate(ParentRunner.java:229)
        at org.junit.runners.ParentRunner.run(ParentRunner.java:309)
        at org.apache.maven.surefire.junit4.JUnit4Provider.execute(JUnit4Provider.java:365)
        at org.apache.maven.surefire.junit4.JUnit4Provider.executeWithRerun(JUnit4Provider.java:273)
        at org.apache.maven.surefire.junit4.JUnit4Provider.executeTestSet(JUnit4Provider.java:238)
        at org.apache.maven.surefire.junit4.JUnit4Provider.invoke(JUnit4Provider.java:159)
        at org.apache.maven.surefire.booter.ForkedBooter.invokeProviderInSameClassLoader(ForkedBooter.java:384)
        at org.apache.maven.surefire.booter.ForkedBooter.runSuitesInProcess(ForkedBooter.java:345)
        at org.apache.maven.surefire.booter.ForkedBooter.execute(ForkedBooter.java:126)
        at org.apache.maven.surefire.booter.ForkedBooter.main(ForkedBooter.java:418)
"IPC Server handler 15 on 42372" daemon prio=5 tid=85 timed_waiting
java.lang.Thread.State: TIMED_WAITING
        at sun.misc.Unsafe.park(Native Method)
        at java.util.concurrent.locks.LockSupport.parkNanos(LockSupport.java:215)
        at java.util.concurrent.locks.AbstractQueuedSynchronizer$ConditionObject.awaitNanos(AbstractQueuedSynchronizer.java:2078)
        at java.util.concurrent.LinkedBlockingQueue.poll(LinkedBlockingQueue.java:467)
        at org.apache.hadoop.ipc.CallQueueManager.take(CallQueueManager.java:288)
        at org.apache.hadoop.ipc.Server$Handler.run(Server.java:2668)
"Datanode State Machine Thread - 0" daemon prio=5 tid=286 timed_waiting
java.lang.Thread.State: TIMED_WAITING
        at sun.misc.Unsafe.park(Native Method)
        at java.util.concurrent.locks.LockSupport.parkNanos(LockSupport.java:215)
        at java.util.concurrent.SynchronousQueue$TransferStack.awaitFulfill(SynchronousQueue.java:460)
        at java.util.concurrent.SynchronousQueue$TransferStack.transfer(SynchronousQueue.java:362)
        at java.util.concurrent.SynchronousQueue.poll(SynchronousQueue.java:941)
        at java.util.concurrent.ThreadPoolExecutor.getTask(ThreadPoolExecutor.java:1073)
        at java.util.concurrent.ThreadPoolExecutor.runWorker(ThreadPoolExecutor.java:1134)
        at java.util.concurrent.ThreadPoolExecutor$Worker.run(ThreadPoolExecutor.java:624)
        at java.lang.Thread.run(Thread.java:748)
"pool-36-thread-26"  prio=5 tid=394 in Object.wait()
java.lang.Thread.State: WAITING (on object monitor)
        at sun.misc.Unsafe.park(Native Method)
        at java.util.concurrent.locks.LockSupport.park(LockSupport.java:175)
        at java.util.concurrent.locks.AbstractQueuedSynchronizer$ConditionObject.await(AbstractQueuedSynchronizer.java:2039)
        at java.util.concurrent.ArrayBlockingQueue.take(ArrayBlockingQueue.java:403)
        at java.util.concurrent.ThreadPoolExecutor.getTask(ThreadPoolExecutor.java:1074)
        at java.util.concurrent.ThreadPoolExecutor.runWorker(ThreadPoolExecutor.java:1134)
        at java.util.concurrent.ThreadPoolExecutor$Worker.run(ThreadPoolExecutor.java:624)
        at java.lang.Thread.run(Thread.java:748)
"org.eclipse.jetty.server.session.HashSessionManager@5d92d1c8Timer" daemon prio=5 tid=223 timed_waiting
java.lang.Thread.State: TIMED_WAITING
        at sun.misc.Unsafe.park(Native Method)
        at java.util.concurrent.locks.LockSupport.parkNanos(LockSupport.java:215)
        at java.util.concurrent.locks.AbstractQueuedSynchronizer$ConditionObject.awaitNanos(AbstractQueuedSynchronizer.java:2078)
        at java.util.concurrent.ScheduledThreadPoolExecutor$DelayedWorkQueue.take(ScheduledThreadPoolExecutor.java:1093)
        at java.util.concurrent.ScheduledThreadPoolExecutor$DelayedWorkQueue.take(ScheduledThreadPoolExecutor.java:809)
        at java.util.concurrent.ThreadPoolExecutor.getTask(ThreadPoolExecutor.java:1074)
        at java.util.concurrent.ThreadPoolExecutor.runWorker(ThreadPoolExecutor.java:1134)
        at java.util.concurrent.ThreadPoolExecutor$Worker.run(ThreadPoolExecutor.java:624)
        at java.lang.Thread.run(Thread.java:748)
"pool-56-thread-9"  prio=5 tid=490 in Object.wait()
java.lang.Thread.State: WAITING (on object monitor)
        at sun.misc.Unsafe.park(Native Method)
        at java.util.concurrent.locks.LockSupport.park(LockSupport.java:175)
        at java.util.concurrent.locks.AbstractQueuedSynchronizer$ConditionObject.await(AbstractQueuedSynchronizer.java:2039)
        at java.util.concurrent.ArrayBlockingQueue.take(ArrayBlockingQueue.java:403)
        at java.util.concurrent.ThreadPoolExecutor.getTask(ThreadPoolExecutor.java:1074)
        at java.util.concurrent.ThreadPoolExecutor.runWorker(ThreadPoolExecutor.java:1134)
        at java.util.concurrent.ThreadPoolExecutor$Worker.run(ThreadPoolExecutor.java:624)
        at java.lang.Thread.run(Thread.java:748)
"qtp30546661-189" daemon prio=5 tid=189 timed_waiting
java.lang.Thread.State: TIMED_WAITING
        at sun.misc.Unsafe.park(Native Method)
        at java.util.concurrent.locks.LockSupport.parkNanos(LockSupport.java:215)
        at java.util.concurrent.locks.AbstractQueuedSynchronizer$ConditionObject.awaitNanos(AbstractQueuedSynchronizer.java:2078)
        at org.eclipse.jetty.util.BlockingArrayQueue.poll(BlockingArrayQueue.java:392)
        at org.eclipse.jetty.util.thread.QueuedThreadPool.idleJobPoll(QueuedThreadPool.java:563)
        at org.eclipse.jetty.util.thread.QueuedThreadPool.access$800(QueuedThreadPool.java:48)
        at org.eclipse.jetty.util.thread.QueuedThreadPool$2.run(QueuedThreadPool.java:626)
        at java.lang.Thread.run(Thread.java:748)
"pool-46-thread-58"  prio=5 tid=470 in Object.wait()
java.lang.Thread.State: WAITING (on object monitor)
        at sun.misc.Unsafe.park(Native Method)
        at java.util.concurrent.locks.LockSupport.park(LockSupport.java:175)
        at java.util.concurrent.locks.AbstractQueuedSynchronizer$ConditionObject.await(AbstractQueuedSynchronizer.java:2039)
        at java.util.concurrent.ArrayBlockingQueue.take(ArrayBlockingQueue.java:403)
        at java.util.concurrent.ThreadPoolExecutor.getTask(ThreadPoolExecutor.java:1074)
        at java.util.concurrent.ThreadPoolExecutor.runWorker(ThreadPoolExecutor.java:1134)
        at java.util.concurrent.ThreadPoolExecutor$Worker.run(ThreadPoolExecutor.java:624)
        at java.lang.Thread.run(Thread.java:748)
"qtp1937022909-270" daemon prio=5 tid=270 timed_waiting
java.lang.Thread.State: TIMED_WAITING
        at sun.misc.Unsafe.park(Native Method)
        at java.util.concurrent.locks.LockSupport.parkNanos(LockSupport.java:215)
        at java.util.concurrent.locks.AbstractQueuedSynchronizer$ConditionObject.awaitNanos(AbstractQueuedSynchronizer.java:2078)
        at org.eclipse.jetty.util.BlockingArrayQueue.poll(BlockingArrayQueue.java:392)
        at org.eclipse.jetty.util.thread.QueuedThreadPool.idleJobPoll(QueuedThreadPool.java:563)
        at org.eclipse.jetty.util.thread.QueuedThreadPool.access$800(QueuedThreadPool.java:48)
        at org.eclipse.jetty.util.thread.QueuedThreadPool$2.run(QueuedThreadPool.java:626)
        at java.lang.Thread.run(Thread.java:748)
"pool-6-thread-1"  prio=5 tid=27 timed_waiting
java.lang.Thread.State: TIMED_WAITING
        at sun.misc.Unsafe.park(Native Method)
        at java.util.concurrent.locks.LockSupport.parkNanos(LockSupport.java:215)
        at java.util.concurrent.locks.AbstractQueuedSynchronizer$ConditionObject.awaitNanos(AbstractQueuedSynchronizer.java:2078)
        at java.util.concurrent.ScheduledThreadPoolExecutor$DelayedWorkQueue.take(ScheduledThreadPoolExecutor.java:1093)
        at java.util.concurrent.ScheduledThreadPoolExecutor$DelayedWorkQueue.take(ScheduledThreadPoolExecutor.java:809)
        at java.util.concurrent.ThreadPoolExecutor.getTask(ThreadPoolExecutor.java:1074)
        at java.util.concurrent.ThreadPoolExecutor.runWorker(ThreadPoolExecutor.java:1134)
        at java.util.concurrent.ThreadPoolExecutor$Worker.run(ThreadPoolExecutor.java:624)
        at java.lang.Thread.run(Thread.java:748)
"RatisPipelineUtilsThread"  prio=5 tid=689 timed_waiting
java.lang.Thread.State: TIMED_WAITING
        at sun.misc.Unsafe.park(Native Method)
        at java.util.concurrent.locks.LockSupport.parkNanos(LockSupport.java:215)
        at java.util.concurrent.locks.AbstractQueuedSynchronizer$ConditionObject.awaitNanos(AbstractQueuedSynchronizer.java:2078)
        at java.util.concurrent.ScheduledThreadPoolExecutor$DelayedWorkQueue.take(ScheduledThreadPoolExecutor.java:1093)
        at java.util.concurrent.ScheduledThreadPoolExecutor$DelayedWorkQueue.take(ScheduledThreadPoolExecutor.java:809)
        at java.util.concurrent.ThreadPoolExecutor.getTask(ThreadPoolExecutor.java:1074)
        at java.util.concurrent.ThreadPoolExecutor.runWorker(ThreadPoolExecutor.java:1134)
        at java.util.concurrent.ThreadPoolExecutor$Worker.run(ThreadPoolExecutor.java:624)
        at java.lang.Thread.run(Thread.java:748)
"pool-66-thread-54"  prio=5 tid=669 in Object.wait()
java.lang.Thread.State: WAITING (on object monitor)
        at sun.misc.Unsafe.park(Native Method)
        at java.util.concurrent.locks.LockSupport.park(LockSupport.java:175)
        at java.util.concurrent.locks.AbstractQueuedSynchronizer$ConditionObject.await(AbstractQueuedSynchronizer.java:2039)
        at java.util.concurrent.ArrayBlockingQueue.take(ArrayBlockingQueue.java:403)
        at java.util.concurrent.ThreadPoolExecutor.getTask(ThreadPoolExecutor.java:1074)
        at java.util.concurrent.ThreadPoolExecutor.runWorker(ThreadPoolExecutor.java:1134)
        at java.util.concurrent.ThreadPoolExecutor$Worker.run(ThreadPoolExecutor.java:624)
        at java.lang.Thread.run(Thread.java:748)
"DataNode DiskChecker thread 0" daemon prio=5 tid=183 timed_waiting
java.lang.Thread.State: TIMED_WAITING
        at sun.misc.Unsafe.park(Native Method)
        at java.util.concurrent.locks.LockSupport.parkNanos(LockSupport.java:215)
        at java.util.concurrent.SynchronousQueue$TransferStack.awaitFulfill(SynchronousQueue.java:460)
        at java.util.concurrent.SynchronousQueue$TransferStack.transfer(SynchronousQueue.java:362)
        at java.util.concurrent.SynchronousQueue.poll(SynchronousQueue.java:941)
        at java.util.concurrent.ThreadPoolExecutor.getTask(ThreadPoolExecutor.java:1073)
        at java.util.concurrent.ThreadPoolExecutor.runWorker(ThreadPoolExecutor.java:1134)
        at java.util.concurrent.ThreadPoolExecutor$Worker.run(ThreadPoolExecutor.java:624)
        at java.lang.Thread.run(Thread.java:748)
"05f59524-a4ea-4be4-b99d-fb9eed47142d@group-9DC5606B5DE8-SegmentedRaftLogWorker"  prio=5 tid=947 timed_waiting
java.lang.Thread.State: TIMED_WAITING
        at sun.misc.Unsafe.park(Native Method)
        at java.util.concurrent.locks.LockSupport.parkNanos(LockSupport.java:215)
        at java.util.concurrent.locks.AbstractQueuedSynchronizer$ConditionObject.awaitNanos(AbstractQueuedSynchronizer.java:2078)
        at org.apache.ratis.util.DataBlockingQueue.poll(DataBlockingQueue.java:137)
        at org.apache.ratis.server.raftlog.segmented.SegmentedRaftLogWorker.run(SegmentedRaftLogWorker.java:282)
        at java.lang.Thread.run(Thread.java:748)
"qtp1770687691-164" daemon prio=5 tid=164 timed_waiting
java.lang.Thread.State: TIMED_WAITING
        at sun.misc.Unsafe.park(Native Method)
        at java.util.concurrent.locks.LockSupport.parkNanos(LockSupport.java:215)
        at java.util.concurrent.locks.AbstractQueuedSynchronizer$ConditionObject.awaitNanos(AbstractQueuedSynchronizer.java:2078)
        at org.eclipse.jetty.util.BlockingArrayQueue.poll(BlockingArrayQueue.java:392)
        at org.eclipse.jetty.util.thread.QueuedThreadPool.idleJobPoll(QueuedThreadPool.java:563)
        at org.eclipse.jetty.util.thread.QueuedThreadPool.access$800(QueuedThreadPool.java:48)
        at org.eclipse.jetty.util.thread.QueuedThreadPool$2.run(QueuedThreadPool.java:626)
        at java.lang.Thread.run(Thread.java:748)
"DataNode DiskChecker thread 0" daemon prio=5 tid=156 timed_waiting
java.lang.Thread.State: TIMED_WAITING
        at sun.misc.Unsafe.park(Native Method)
        at java.util.concurrent.locks.LockSupport.parkNanos(LockSupport.java:215)
        at java.util.concurrent.SynchronousQueue$TransferStack.awaitFulfill(SynchronousQueue.java:460)
        at java.util.concurrent.SynchronousQueue$TransferStack.transfer(SynchronousQueue.java:362)
        at java.util.concurrent.SynchronousQueue.poll(SynchronousQueue.java:941)
        at java.util.concurrent.ThreadPoolExecutor.getTask(ThreadPoolExecutor.java:1073)
        at java.util.concurrent.ThreadPoolExecutor.runWorker(ThreadPoolExecutor.java:1134)
        at java.util.concurrent.ThreadPoolExecutor$Worker.run(ThreadPoolExecutor.java:624)
        at java.lang.Thread.run(Thread.java:748)
"pool-76-thread-33"  prio=5 tid=618 in Object.wait()
java.lang.Thread.State: WAITING (on object monitor)
        at sun.misc.Unsafe.park(Native Method)
        at java.util.concurrent.locks.LockSupport.park(LockSupport.java:175)
        at java.util.concurrent.locks.AbstractQueuedSynchronizer$ConditionObject.await(AbstractQueuedSynchronizer.java:2039)
        at java.util.concurrent.ArrayBlockingQueue.take(ArrayBlockingQueue.java:403)
        at java.util.concurrent.ThreadPoolExecutor.getTask(ThreadPoolExecutor.java:1074)
        at java.util.concurrent.ThreadPoolExecutor.runWorker(ThreadPoolExecutor.java:1134)
        at java.util.concurrent.ThreadPoolExecutor$Worker.run(ThreadPoolExecutor.java:624)
        at java.lang.Thread.run(Thread.java:748)
"Datanode ReportManager Thread - 0" daemon prio=5 tid=307 in Object.wait()
java.lang.Thread.State: WAITING (on object monitor)
        at sun.misc.Unsafe.park(Native Method)
        at java.util.concurrent.locks.LockSupport.park(LockSupport.java:175)
        at java.util.concurrent.locks.AbstractQueuedSynchronizer$ConditionObject.await(AbstractQueuedSynchronizer.java:2039)
        at java.util.concurrent.ScheduledThreadPoolExecutor$DelayedWorkQueue.take(ScheduledThreadPoolExecutor.java:1088)
        at java.util.concurrent.ScheduledThreadPoolExecutor$DelayedWorkQueue.take(ScheduledThreadPoolExecutor.java:809)
        at java.util.concurrent.ThreadPoolExecutor.getTask(ThreadPoolExecutor.java:1074)
        at java.util.concurrent.ThreadPoolExecutor.runWorker(ThreadPoolExecutor.java:1134)
        at java.util.concurrent.ThreadPoolExecutor$Worker.run(ThreadPoolExecutor.java:624)
        at java.lang.Thread.run(Thread.java:748)
"pool-76-thread-7"  prio=5 tid=574 in Object.wait()
java.lang.Thread.State: WAITING (on object monitor)
        at sun.misc.Unsafe.park(Native Method)
        at java.util.concurrent.locks.LockSupport.park(LockSupport.java:175)
        at java.util.concurrent.locks.AbstractQueuedSynchronizer$ConditionObject.await(AbstractQueuedSynchronizer.java:2039)
        at java.util.concurrent.ArrayBlockingQueue.take(ArrayBlockingQueue.java:403)
        at java.util.concurrent.ThreadPoolExecutor.getTask(ThreadPoolExecutor.java:1074)
        at java.util.concurrent.ThreadPoolExecutor.runWorker(ThreadPoolExecutor.java:1134)
        at java.util.concurrent.ThreadPoolExecutor$Worker.run(ThreadPoolExecutor.java:624)
        at java.lang.Thread.run(Thread.java:748)
"IPC Server Responder" daemon prio=5 tid=18 runnable
java.lang.Thread.State: RUNNABLE
        at sun.nio.ch.EPollArrayWrapper.epollWait(Native Method)
        at sun.nio.ch.EPollArrayWrapper.poll(EPollArrayWrapper.java:269)
        at sun.nio.ch.EPollSelectorImpl.doSelect(EPollSelectorImpl.java:93)
        at sun.nio.ch.SelectorImpl.lockAndDoSelect(SelectorImpl.java:86)
        at sun.nio.ch.SelectorImpl.select(SelectorImpl.java:97)
        at org.apache.hadoop.ipc.Server$Responder.doRunLoop(Server.java:1334)
        at org.apache.hadoop.ipc.Server$Responder.run(Server.java:1317)
"org.eclipse.jetty.server.session.HashSessionManager@22bf0003Timer" daemon prio=5 tid=195 timed_waiting
java.lang.Thread.State: TIMED_WAITING
        at sun.misc.Unsafe.park(Native Method)
        at java.util.concurrent.locks.LockSupport.parkNanos(LockSupport.java:215)
        at java.util.concurrent.locks.AbstractQueuedSynchronizer$ConditionObject.awaitNanos(AbstractQueuedSynchronizer.java:2078)
        at java.util.concurrent.ScheduledThreadPoolExecutor$DelayedWorkQueue.take(ScheduledThreadPoolExecutor.java:1093)
        at java.util.concurrent.ScheduledThreadPoolExecutor$DelayedWorkQueue.take(ScheduledThreadPoolExecutor.java:809)
        at java.util.concurrent.ThreadPoolExecutor.getTask(ThreadPoolExecutor.java:1074)
        at java.util.concurrent.ThreadPoolExecutor.runWorker(ThreadPoolExecutor.java:1134)
        at java.util.concurrent.ThreadPoolExecutor$Worker.run(ThreadPoolExecutor.java:624)
        at java.lang.Thread.run(Thread.java:748)
"qtp1937022909-273" daemon prio=5 tid=273 timed_waiting
java.lang.Thread.State: TIMED_WAITING
        at sun.misc.Unsafe.park(Native Method)
        at java.util.concurrent.locks.LockSupport.parkNanos(LockSupport.java:215)
        at java.util.concurrent.locks.AbstractQueuedSynchronizer$ConditionObject.awaitNanos(AbstractQueuedSynchronizer.java:2078)
        at org.eclipse.jetty.util.BlockingArrayQueue.poll(BlockingArrayQueue.java:392)
        at org.eclipse.jetty.util.thread.QueuedThreadPool.idleJobPoll(QueuedThreadPool.java:563)
        at org.eclipse.jetty.util.thread.QueuedThreadPool.access$800(QueuedThreadPool.java:48)
        at org.eclipse.jetty.util.thread.QueuedThreadPool$2.run(QueuedThreadPool.java:626)
        at java.lang.Thread.run(Thread.java:748)
"pool-76-thread-28"  prio=5 tid=612 in Object.wait()
java.lang.Thread.State: WAITING (on object monitor)
        at sun.misc.Unsafe.park(Native Method)
        at java.util.concurrent.locks.LockSupport.park(LockSupport.java:175)
        at java.util.concurrent.locks.AbstractQueuedSynchronizer$ConditionObject.await(AbstractQueuedSynchronizer.java:2039)
        at java.util.concurrent.ArrayBlockingQueue.take(ArrayBlockingQueue.java:403)
        at java.util.concurrent.ThreadPoolExecutor.getTask(ThreadPoolExecutor.java:1074)
        at java.util.concurrent.ThreadPoolExecutor.runWorker(ThreadPoolExecutor.java:1134)
        at java.util.concurrent.ThreadPoolExecutor$Worker.run(ThreadPoolExecutor.java:624)
        at java.lang.Thread.run(Thread.java:748)
"IPC Server handler 19 on 45420" daemon prio=5 tid=49 timed_waiting
java.lang.Thread.State: TIMED_WAITING
        at sun.misc.Unsafe.park(Native Method)
        at java.util.concurrent.locks.LockSupport.parkNanos(LockSupport.java:215)
        at java.util.concurrent.locks.AbstractQueuedSynchronizer$ConditionObject.awaitNanos(AbstractQueuedSynchronizer.java:2078)
        at java.util.concurrent.LinkedBlockingQueue.poll(LinkedBlockingQueue.java:467)
        at org.apache.hadoop.ipc.CallQueueManager.take(CallQueueManager.java:288)
        at org.apache.hadoop.ipc.Server$Handler.run(Server.java:2668)
"java.util.concurrent.ThreadPoolExecutor$Worker@ec04917[State = -1, empty queue]" daemon prio=5 tid=888 timed_waiting
java.lang.Thread.State: TIMED_WAITING
        at sun.misc.Unsafe.park(Native Method)
        at java.util.concurrent.locks.LockSupport.parkNanos(LockSupport.java:215)
        at java.util.concurrent.locks.AbstractQueuedSynchronizer$ConditionObject.awaitNanos(AbstractQueuedSynchronizer.java:2078)
        at java.util.concurrent.ScheduledThreadPoolExecutor$DelayedWorkQueue.take(ScheduledThreadPoolExecutor.java:1093)
        at java.util.concurrent.ScheduledThreadPoolExecutor$DelayedWorkQueue.take(ScheduledThreadPoolExecutor.java:809)
        at java.util.concurrent.ThreadPoolExecutor.getTask(ThreadPoolExecutor.java:1074)
        at java.util.concurrent.ThreadPoolExecutor.runWorker(ThreadPoolExecutor.java:1134)
        at java.util.concurrent.ThreadPoolExecutor$Worker.run(ThreadPoolExecutor.java:624)
        at java.lang.Thread.run(Thread.java:748)
"pool-26-thread-42"  prio=5 tid=481 in Object.wait()
java.lang.Thread.State: WAITING (on object monitor)
        at sun.misc.Unsafe.park(Native Method)
        at java.util.concurrent.locks.LockSupport.park(LockSupport.java:175)
        at java.util.concurrent.locks.AbstractQueuedSynchronizer$ConditionObject.await(AbstractQueuedSynchronizer.java:2039)
        at java.util.concurrent.ArrayBlockingQueue.take(ArrayBlockingQueue.java:403)
        at java.util.concurrent.ThreadPoolExecutor.getTask(ThreadPoolExecutor.java:1074)
        at java.util.concurrent.ThreadPoolExecutor.runWorker(ThreadPoolExecutor.java:1134)
        at java.util.concurrent.ThreadPoolExecutor$Worker.run(ThreadPoolExecutor.java:624)
        at java.lang.Thread.run(Thread.java:748)
"pool-76-thread-57"  prio=5 tid=653 in Object.wait()
java.lang.Thread.State: WAITING (on object monitor)
        at sun.misc.Unsafe.park(Native Method)
        at java.util.concurrent.locks.LockSupport.park(LockSupport.java:175)
        at java.util.concurrent.locks.AbstractQueuedSynchronizer$ConditionObject.await(AbstractQueuedSynchronizer.java:2039)
        at java.util.concurrent.ArrayBlockingQueue.take(ArrayBlockingQueue.java:403)
        at java.util.concurrent.ThreadPoolExecutor.getTask(ThreadPoolExecutor.java:1074)
        at java.util.concurrent.ThreadPoolExecutor.runWorker(ThreadPoolExecutor.java:1134)
        at java.util.concurrent.ThreadPoolExecutor$Worker.run(ThreadPoolExecutor.java:624)
        at java.lang.Thread.run(Thread.java:748)
"Datanode ReportManager Thread - 2" daemon prio=5 tid=255 in Object.wait()
java.lang.Thread.State: WAITING (on object monitor)
        at sun.misc.Unsafe.park(Native Method)
        at java.util.concurrent.locks.LockSupport.park(LockSupport.java:175)
        at java.util.concurrent.locks.AbstractQueuedSynchronizer$ConditionObject.await(AbstractQueuedSynchronizer.java:2039)
        at java.util.concurrent.ScheduledThreadPoolExecutor$DelayedWorkQueue.take(ScheduledThreadPoolExecutor.java:1088)
        at java.util.concurrent.ScheduledThreadPoolExecutor$DelayedWorkQueue.take(ScheduledThreadPoolExecutor.java:809)
        at java.util.concurrent.ThreadPoolExecutor.getTask(ThreadPoolExecutor.java:1074)
        at java.util.concurrent.ThreadPoolExecutor.runWorker(ThreadPoolExecutor.java:1134)
        at java.util.concurrent.ThreadPoolExecutor$Worker.run(ThreadPoolExecutor.java:624)
        at java.lang.Thread.run(Thread.java:748)
"IPC Server handler 5 on 33223" daemon prio=5 tid=55 timed_waiting
java.lang.Thread.State: TIMED_WAITING
        at sun.misc.Unsafe.park(Native Method)
        at java.util.concurrent.locks.LockSupport.parkNanos(LockSupport.java:215)
        at java.util.concurrent.locks.AbstractQueuedSynchronizer$ConditionObject.awaitNanos(AbstractQueuedSynchronizer.java:2078)
        at java.util.concurrent.LinkedBlockingQueue.poll(LinkedBlockingQueue.java:467)
        at org.apache.hadoop.ipc.CallQueueManager.take(CallQueueManager.java:288)
        at org.apache.hadoop.ipc.Server$Handler.run(Server.java:2668)
"IPC Server handler 3 on 42372" daemon prio=5 tid=73 timed_waiting
java.lang.Thread.State: TIMED_WAITING
        at sun.misc.Unsafe.park(Native Method)
        at java.util.concurrent.locks.LockSupport.parkNanos(LockSupport.java:215)
        at java.util.concurrent.locks.AbstractQueuedSynchronizer$ConditionObject.awaitNanos(AbstractQueuedSynchronizer.java:2078)
        at java.util.concurrent.LinkedBlockingQueue.poll(LinkedBlockingQueue.java:467)
        at org.apache.hadoop.ipc.CallQueueManager.take(CallQueueManager.java:288)
        at org.apache.hadoop.ipc.Server$Handler.run(Server.java:2668)
"metrics-hadoop-metrics2-reporter-71-thread-1" daemon prio=5 tid=992 timed_waiting
java.lang.Thread.State: TIMED_WAITING
        at sun.misc.Unsafe.park(Native Method)
        at java.util.concurrent.locks.LockSupport.parkNanos(LockSupport.java:215)
        at java.util.concurrent.locks.AbstractQueuedSynchronizer$ConditionObject.awaitNanos(AbstractQueuedSynchronizer.java:2078)
        at java.util.concurrent.ScheduledThreadPoolExecutor$DelayedWorkQueue.take(ScheduledThreadPoolExecutor.java:1093)
        at java.util.concurrent.ScheduledThreadPoolExecutor$DelayedWorkQueue.take(ScheduledThreadPoolExecutor.java:809)
        at java.util.concurrent.ThreadPoolExecutor.getTask(ThreadPoolExecutor.java:1074)
        at java.util.concurrent.ThreadPoolExecutor.runWorker(ThreadPoolExecutor.java:1134)
        at java.util.concurrent.ThreadPoolExecutor$Worker.run(ThreadPoolExecutor.java:624)
        at java.lang.Thread.run(Thread.java:748)
"Datanode ReportManager Thread - 0" daemon prio=5 tid=280 in Object.wait()
java.lang.Thread.State: WAITING (on object monitor)
        at sun.misc.Unsafe.park(Native Method)
        at java.util.concurrent.locks.LockSupport.park(LockSupport.java:175)
        at java.util.concurrent.locks.AbstractQueuedSynchronizer$ConditionObject.await(AbstractQueuedSynchronizer.java:2039)
        at java.util.concurrent.ScheduledThreadPoolExecutor$DelayedWorkQueue.take(ScheduledThreadPoolExecutor.java:1088)
        at java.util.concurrent.ScheduledThreadPoolExecutor$DelayedWorkQueue.take(ScheduledThreadPoolExecutor.java:809)
        at java.util.concurrent.ThreadPoolExecutor.getTask(ThreadPoolExecutor.java:1074)
        at java.util.concurrent.ThreadPoolExecutor.runWorker(ThreadPoolExecutor.java:1134)
        at java.util.concurrent.ThreadPoolExecutor$Worker.run(ThreadPoolExecutor.java:624)
        at java.lang.Thread.run(Thread.java:748)
"org.apache.hadoop.util.JvmPauseMonitor$Monitor@2511cee2" daemon prio=5 tid=204 timed_waiting
java.lang.Thread.State: TIMED_WAITING
        at java.lang.Thread.sleep(Native Method)
        at org.apache.hadoop.util.JvmPauseMonitor$Monitor.run(JvmPauseMonitor.java:192)
        at java.lang.Thread.run(Thread.java:748)
"pool-36-thread-19"  prio=5 tid=373 in Object.wait()
java.lang.Thread.State: WAITING (on object monitor)
        at sun.misc.Unsafe.park(Native Method)
        at java.util.concurrent.locks.LockSupport.park(LockSupport.java:175)
        at java.util.concurrent.locks.AbstractQueuedSynchronizer$ConditionObject.await(AbstractQueuedSynchronizer.java:2039)
        at java.util.concurrent.ArrayBlockingQueue.take(ArrayBlockingQueue.java:403)
        at java.util.concurrent.ThreadPoolExecutor.getTask(ThreadPoolExecutor.java:1074)
        at java.util.concurrent.ThreadPoolExecutor.runWorker(ThreadPoolExecutor.java:1134)
        at java.util.concurrent.ThreadPoolExecutor$Worker.run(ThreadPoolExecutor.java:624)
        at java.lang.Thread.run(Thread.java:748)
"IPC Server handler 4 on 42810" daemon prio=5 tid=119 timed_waiting
java.lang.Thread.State: TIMED_WAITING
        at sun.misc.Unsafe.park(Native Method)
        at java.util.concurrent.locks.LockSupport.parkNanos(LockSupport.java:215)
        at java.util.concurrent.locks.AbstractQueuedSynchronizer$ConditionObject.awaitNanos(AbstractQueuedSynchronizer.java:2078)
        at java.util.concurrent.LinkedBlockingQueue.poll(LinkedBlockingQueue.java:467)
        at org.apache.hadoop.ipc.CallQueueManager.take(CallQueueManager.java:288)
        at org.apache.hadoop.ipc.Server$Handler.run(Server.java:2668)
"pool-76-thread-16"  prio=5 tid=593 in Object.wait()
java.lang.Thread.State: WAITING (on object monitor)
        at sun.misc.Unsafe.park(Native Method)
        at java.util.concurrent.locks.LockSupport.park(LockSupport.java:175)
        at java.util.concurrent.locks.AbstractQueuedSynchronizer$ConditionObject.await(AbstractQueuedSynchronizer.java:2039)
        at java.util.concurrent.ArrayBlockingQueue.take(ArrayBlockingQueue.java:403)
        at java.util.concurrent.ThreadPoolExecutor.getTask(ThreadPoolExecutor.java:1074)
        at java.util.concurrent.ThreadPoolExecutor.runWorker(ThreadPoolExecutor.java:1134)
        at java.util.concurrent.ThreadPoolExecutor$Worker.run(ThreadPoolExecutor.java:624)
        at java.lang.Thread.run(Thread.java:748)
"java.util.concurrent.ThreadPoolExecutor$Worker@1482943f[State = -1, empty queue]" daemon prio=5 tid=1028 timed_waiting
java.lang.Thread.State: TIMED_WAITING
        at sun.misc.Unsafe.park(Native Method)
        at java.util.concurrent.locks.LockSupport.parkNanos(LockSupport.java:215)
        at java.util.concurrent.locks.AbstractQueuedSynchronizer$ConditionObject.awaitNanos(AbstractQueuedSynchronizer.java:2078)
        at java.util.concurrent.ScheduledThreadPoolExecutor$DelayedWorkQueue.take(ScheduledThreadPoolExecutor.java:1093)
        at java.util.concurrent.ScheduledThreadPoolExecutor$DelayedWorkQueue.take(ScheduledThreadPoolExecutor.java:809)
        at java.util.concurrent.ThreadPoolExecutor.getTask(ThreadPoolExecutor.java:1074)
        at java.util.concurrent.ThreadPoolExecutor.runWorker(ThreadPoolExecutor.java:1134)
        at java.util.concurrent.ThreadPoolExecutor$Worker.run(ThreadPoolExecutor.java:624)
        at java.lang.Thread.run(Thread.java:748)
"pool-66-thread-23"  prio=5 tid=594 in Object.wait()
java.lang.Thread.State: WAITING (on object monitor)
        at sun.misc.Unsafe.park(Native Method)
        at java.util.concurrent.locks.LockSupport.park(LockSupport.java:175)
        at java.util.concurrent.locks.AbstractQueuedSynchronizer$ConditionObject.await(AbstractQueuedSynchronizer.java:2039)
        at java.util.concurrent.ArrayBlockingQueue.take(ArrayBlockingQueue.java:403)
        at java.util.concurrent.ThreadPoolExecutor.getTask(ThreadPoolExecutor.java:1074)
        at java.util.concurrent.ThreadPoolExecutor.runWorker(ThreadPoolExecutor.java:1134)
        at java.util.concurrent.ThreadPoolExecutor$Worker.run(ThreadPoolExecutor.java:624)
        at java.lang.Thread.run(Thread.java:748)
"metrics-hadoop-metrics2-reporter-45-thread-1" daemon prio=5 tid=833 timed_waiting
java.lang.Thread.State: TIMED_WAITING
        at sun.misc.Unsafe.park(Native Method)
        at java.util.concurrent.locks.LockSupport.parkNanos(LockSupport.java:215)
        at java.util.concurrent.locks.AbstractQueuedSynchronizer$ConditionObject.awaitNanos(AbstractQueuedSynchronizer.java:2078)
        at java.util.concurrent.ScheduledThreadPoolExecutor$DelayedWorkQueue.take(ScheduledThreadPoolExecutor.java:1093)
        at java.util.concurrent.ScheduledThreadPoolExecutor$DelayedWorkQueue.take(ScheduledThreadPoolExecutor.java:809)
        at java.util.concurrent.ThreadPoolExecutor.getTask(ThreadPoolExecutor.java:1074)
        at java.util.concurrent.ThreadPoolExecutor.runWorker(ThreadPoolExecutor.java:1134)
        at java.util.concurrent.ThreadPoolExecutor$Worker.run(ThreadPoolExecutor.java:624)
        at java.lang.Thread.run(Thread.java:748)
"pool-56-thread-59"  prio=5 tid=553 in Object.wait()
java.lang.Thread.State: WAITING (on object monitor)
        at sun.misc.Unsafe.park(Native Method)
        at java.util.concurrent.locks.LockSupport.park(LockSupport.java:175)
        at java.util.concurrent.locks.AbstractQueuedSynchronizer$ConditionObject.await(AbstractQueuedSynchronizer.java:2039)
        at java.util.concurrent.ArrayBlockingQueue.take(ArrayBlockingQueue.java:403)
        at java.util.concurrent.ThreadPoolExecutor.getTask(ThreadPoolExecutor.java:1074)
        at java.util.concurrent.ThreadPoolExecutor.runWorker(ThreadPoolExecutor.java:1134)
        at java.util.concurrent.ThreadPoolExecutor$Worker.run(ThreadPoolExecutor.java:624)
        at java.lang.Thread.run(Thread.java:748)
"pool-66-thread-36"  prio=5 tid=640 in Object.wait()
java.lang.Thread.State: WAITING (on object monitor)
        at sun.misc.Unsafe.park(Native Method)
        at java.util.concurrent.locks.LockSupport.park(LockSupport.java:175)
        at java.util.concurrent.locks.AbstractQueuedSynchronizer$ConditionObject.await(AbstractQueuedSynchronizer.java:2039)
        at java.util.concurrent.ArrayBlockingQueue.take(ArrayBlockingQueue.java:403)
        at java.util.concurrent.ThreadPoolExecutor.getTask(ThreadPoolExecutor.java:1074)
        at java.util.concurrent.ThreadPoolExecutor.runWorker(ThreadPoolExecutor.java:1134)
        at java.util.concurrent.ThreadPoolExecutor$Worker.run(ThreadPoolExecutor.java:624)
        at java.lang.Thread.run(Thread.java:748)
"Datanode ReportManager Thread - 2" daemon prio=5 tid=309 in Object.wait()
java.lang.Thread.State: WAITING (on object monitor)
        at sun.misc.Unsafe.park(Native Method)
        at java.util.concurrent.locks.LockSupport.park(LockSupport.java:175)
        at java.util.concurrent.locks.AbstractQueuedSynchronizer$ConditionObject.await(AbstractQueuedSynchronizer.java:2039)
        at java.util.concurrent.ScheduledThreadPoolExecutor$DelayedWorkQueue.take(ScheduledThreadPoolExecutor.java:1088)
        at java.util.concurrent.ScheduledThreadPoolExecutor$DelayedWorkQueue.take(ScheduledThreadPoolExecutor.java:809)
        at java.util.concurrent.ThreadPoolExecutor.getTask(ThreadPoolExecutor.java:1074)
        at java.util.concurrent.ThreadPoolExecutor.runWorker(ThreadPoolExecutor.java:1134)
        at java.util.concurrent.ThreadPoolExecutor$Worker.run(ThreadPoolExecutor.java:624)
        at java.lang.Thread.run(Thread.java:748)
"IPC Server handler 11 on 42372" daemon prio=5 tid=81 timed_waiting
java.lang.Thread.State: TIMED_WAITING
        at sun.misc.Unsafe.park(Native Method)
        at java.util.concurrent.locks.LockSupport.parkNanos(LockSupport.java:215)
        at java.util.concurrent.locks.AbstractQueuedSynchronizer$ConditionObject.awaitNanos(AbstractQueuedSynchronizer.java:2078)
        at java.util.concurrent.LinkedBlockingQueue.poll(LinkedBlockingQueue.java:467)
        at org.apache.hadoop.ipc.CallQueueManager.take(CallQueueManager.java:288)
        at org.apache.hadoop.ipc.Server$Handler.run(Server.java:2668)
"surefire-forkedjvm-ping-30s" daemon prio=5 tid=9 timed_waiting
java.lang.Thread.State: TIMED_WAITING
        at sun.misc.Unsafe.park(Native Method)
        at java.util.concurrent.locks.LockSupport.parkNanos(LockSupport.java:215)
        at java.util.concurrent.locks.AbstractQueuedSynchronizer$ConditionObject.awaitNanos(AbstractQueuedSynchronizer.java:2078)
        at java.util.concurrent.ScheduledThreadPoolExecutor$DelayedWorkQueue.take(ScheduledThreadPoolExecutor.java:1093)
        at java.util.concurrent.ScheduledThreadPoolExecutor$DelayedWorkQueue.take(ScheduledThreadPoolExecutor.java:809)
        at java.util.concurrent.ThreadPoolExecutor.getTask(ThreadPoolExecutor.java:1074)
        at java.util.concurrent.ThreadPoolExecutor.runWorker(ThreadPoolExecutor.java:1134)
        at java.util.concurrent.ThreadPoolExecutor$Worker.run(ThreadPoolExecutor.java:624)
        at java.lang.Thread.run(Thread.java:748)
"metrics-hadoop-metrics2-reporter-23-thread-1" daemon prio=5 tid=756 timed_waiting
java.lang.Thread.State: TIMED_WAITING
        at sun.misc.Unsafe.park(Native Method)
        at java.util.concurrent.locks.LockSupport.parkNanos(LockSupport.java:215)
        at java.util.concurrent.locks.AbstractQueuedSynchronizer$ConditionObject.awaitNanos(AbstractQueuedSynchronizer.java:2078)
        at java.util.concurrent.ScheduledThreadPoolExecutor$DelayedWorkQueue.take(ScheduledThreadPoolExecutor.java:1093)
        at java.util.concurrent.ScheduledThreadPoolExecutor$DelayedWorkQueue.take(ScheduledThreadPoolExecutor.java:809)
        at java.util.concurrent.ThreadPoolExecutor.getTask(ThreadPoolExecutor.java:1074)
        at java.util.concurrent.ThreadPoolExecutor.runWorker(ThreadPoolExecutor.java:1134)
        at java.util.concurrent.ThreadPoolExecutor$Worker.run(ThreadPoolExecutor.java:624)
        at java.lang.Thread.run(Thread.java:748)
"pool-36-thread-57"  prio=5 tid=476 in Object.wait()
java.lang.Thread.State: WAITING (on object monitor)
        at sun.misc.Unsafe.park(Native Method)
        at java.util.concurrent.locks.LockSupport.park(LockSupport.java:175)
        at java.util.concurrent.locks.AbstractQueuedSynchronizer$ConditionObject.await(AbstractQueuedSynchronizer.java:2039)
        at java.util.concurrent.ArrayBlockingQueue.take(ArrayBlockingQueue.java:403)
        at java.util.concurrent.ThreadPoolExecutor.getTask(ThreadPoolExecutor.java:1074)
        at java.util.concurrent.ThreadPoolExecutor.runWorker(ThreadPoolExecutor.java:1134)
        at java.util.concurrent.ThreadPoolExecutor$Worker.run(ThreadPoolExecutor.java:624)
        at java.lang.Thread.run(Thread.java:748)
"org.eclipse.jetty.server.session.HashSessionManager@5487d417Timer" daemon prio=5 tid=169 timed_waiting
java.lang.Thread.State: TIMED_WAITING
        at sun.misc.Unsafe.park(Native Method)
        at java.util.concurrent.locks.LockSupport.parkNanos(LockSupport.java:215)
        at java.util.concurrent.locks.AbstractQueuedSynchronizer$ConditionObject.awaitNanos(AbstractQueuedSynchronizer.java:2078)
        at java.util.concurrent.ScheduledThreadPoolExecutor$DelayedWorkQueue.take(ScheduledThreadPoolExecutor.java:1093)
        at java.util.concurrent.ScheduledThreadPoolExecutor$DelayedWorkQueue.take(ScheduledThreadPoolExecutor.java:809)
        at java.util.concurrent.ThreadPoolExecutor.getTask(ThreadPoolExecutor.java:1074)
        at java.util.concurrent.ThreadPoolExecutor.runWorker(ThreadPoolExecutor.java:1134)
        at java.util.concurrent.ThreadPoolExecutor$Worker.run(ThreadPoolExecutor.java:624)
        at java.lang.Thread.run(Thread.java:748)
"Datanode ReportManager Thread - 1" daemon prio=5 tid=308 timed_waiting
java.lang.Thread.State: TIMED_WAITING
        at sun.misc.Unsafe.park(Native Method)
        at java.util.concurrent.locks.LockSupport.parkNanos(LockSupport.java:215)
        at java.util.concurrent.locks.AbstractQueuedSynchronizer$ConditionObject.awaitNanos(AbstractQueuedSynchronizer.java:2078)
        at java.util.concurrent.ScheduledThreadPoolExecutor$DelayedWorkQueue.take(ScheduledThreadPoolExecutor.java:1093)
        at java.util.concurrent.ScheduledThreadPoolExecutor$DelayedWorkQueue.take(ScheduledThreadPoolExecutor.java:809)
        at java.util.concurrent.ThreadPoolExecutor.getTask(ThreadPoolExecutor.java:1074)
        at java.util.concurrent.ThreadPoolExecutor.runWorker(ThreadPoolExecutor.java:1134)
        at java.util.concurrent.ThreadPoolExecutor$Worker.run(ThreadPoolExecutor.java:624)
        at java.lang.Thread.run(Thread.java:748)
"Datanode ReportManager Thread - 3" daemon prio=5 tid=177 in Object.wait()
java.lang.Thread.State: WAITING (on object monitor)
        at sun.misc.Unsafe.park(Native Method)
        at java.util.concurrent.locks.LockSupport.park(LockSupport.java:175)
        at java.util.concurrent.locks.AbstractQueuedSynchronizer$ConditionObject.await(AbstractQueuedSynchronizer.java:2039)
        at java.util.concurrent.ScheduledThreadPoolExecutor$DelayedWorkQueue.take(ScheduledThreadPoolExecutor.java:1088)
        at java.util.concurrent.ScheduledThreadPoolExecutor$DelayedWorkQueue.take(ScheduledThreadPoolExecutor.java:809)
        at java.util.concurrent.ThreadPoolExecutor.getTask(ThreadPoolExecutor.java:1074)
        at java.util.concurrent.ThreadPoolExecutor.runWorker(ThreadPoolExecutor.java:1134)
        at java.util.concurrent.ThreadPoolExecutor$Worker.run(ThreadPoolExecutor.java:624)
        at java.lang.Thread.run(Thread.java:748)
"pool-76-thread-13"  prio=5 tid=588 in Object.wait()
java.lang.Thread.State: WAITING (on object monitor)
        at sun.misc.Unsafe.park(Native Method)
        at java.util.concurrent.locks.LockSupport.park(LockSupport.java:175)
        at java.util.concurrent.locks.AbstractQueuedSynchronizer$ConditionObject.await(AbstractQueuedSynchronizer.java:2039)
        at java.util.concurrent.ArrayBlockingQueue.take(ArrayBlockingQueue.java:403)
        at java.util.concurrent.ThreadPoolExecutor.getTask(ThreadPoolExecutor.java:1074)
        at java.util.concurrent.ThreadPoolExecutor.runWorker(ThreadPoolExecutor.java:1134)
        at java.util.concurrent.ThreadPoolExecutor$Worker.run(ThreadPoolExecutor.java:624)
        at java.lang.Thread.run(Thread.java:748)
"pool-46-thread-10"  prio=5 tid=332 in Object.wait()
java.lang.Thread.State: WAITING (on object monitor)
        at sun.misc.Unsafe.park(Native Method)
        at java.util.concurrent.locks.LockSupport.park(LockSupport.java:175)
        at java.util.concurrent.locks.AbstractQueuedSynchronizer$ConditionObject.await(AbstractQueuedSynchronizer.java:2039)
        at java.util.concurrent.ArrayBlockingQueue.take(ArrayBlockingQueue.java:403)
        at java.util.concurrent.ThreadPoolExecutor.getTask(ThreadPoolExecutor.java:1074)
        at java.util.concurrent.ThreadPoolExecutor.runWorker(ThreadPoolExecutor.java:1134)
        at java.util.concurrent.ThreadPoolExecutor$Worker.run(ThreadPoolExecutor.java:624)
        at java.lang.Thread.run(Thread.java:748)
"IPC Parameter Sending Thread #0" daemon prio=5 tid=106 timed_waiting
java.lang.Thread.State: TIMED_WAITING
        at sun.misc.Unsafe.park(Native Method)
        at java.util.concurrent.locks.LockSupport.parkNanos(LockSupport.java:215)
        at java.util.concurrent.SynchronousQueue$TransferStack.awaitFulfill(SynchronousQueue.java:460)
        at java.util.concurrent.SynchronousQueue$TransferStack.transfer(SynchronousQueue.java:362)
        at java.util.concurrent.SynchronousQueue.poll(SynchronousQueue.java:941)
        at java.util.concurrent.ThreadPoolExecutor.getTask(ThreadPoolExecutor.java:1073)
        at java.util.concurrent.ThreadPoolExecutor.runWorker(ThreadPoolExecutor.java:1134)
        at java.util.concurrent.ThreadPoolExecutor$Worker.run(ThreadPoolExecutor.java:624)
        at java.lang.Thread.run(Thread.java:748)
"IPC Server handler 14 on 33223" daemon prio=5 tid=64 timed_waiting
java.lang.Thread.State: TIMED_WAITING
        at sun.misc.Unsafe.park(Native Method)
        at java.util.concurrent.locks.LockSupport.parkNanos(LockSupport.java:215)
        at java.util.concurrent.locks.AbstractQueuedSynchronizer$ConditionObject.awaitNanos(AbstractQueuedSynchronizer.java:2078)
        at java.util.concurrent.LinkedBlockingQueue.poll(LinkedBlockingQueue.java:467)
        at org.apache.hadoop.ipc.CallQueueManager.take(CallQueueManager.java:288)
        at org.apache.hadoop.ipc.Server$Handler.run(Server.java:2668)
"pool-56-thread-39"  prio=5 tid=533 in Object.wait()
java.lang.Thread.State: WAITING (on object monitor)
        at sun.misc.Unsafe.park(Native Method)
        at java.util.concurrent.locks.LockSupport.park(LockSupport.java:175)
        at java.util.concurrent.locks.AbstractQueuedSynchronizer$ConditionObject.await(AbstractQueuedSynchronizer.java:2039)
        at java.util.concurrent.ArrayBlockingQueue.take(ArrayBlockingQueue.java:403)
        at java.util.concurrent.ThreadPoolExecutor.getTask(ThreadPoolExecutor.java:1074)
        at java.util.concurrent.ThreadPoolExecutor.runWorker(ThreadPoolExecutor.java:1134)
        at java.util.concurrent.ThreadPoolExecutor$Worker.run(ThreadPoolExecutor.java:624)
        at java.lang.Thread.run(Thread.java:748)
"pool-66-thread-2"  prio=5 tid=556 in Object.wait()
java.lang.Thread.State: WAITING (on object monitor)
        at sun.misc.Unsafe.park(Native Method)
        at java.util.concurrent.locks.LockSupport.park(LockSupport.java:175)
        at java.util.concurrent.locks.AbstractQueuedSynchronizer$ConditionObject.await(AbstractQueuedSynchronizer.java:2039)
        at java.util.concurrent.ArrayBlockingQueue.take(ArrayBlockingQueue.java:403)
        at java.util.concurrent.ThreadPoolExecutor.getTask(ThreadPoolExecutor.java:1074)
        at java.util.concurrent.ThreadPoolExecutor.runWorker(ThreadPoolExecutor.java:1134)
        at java.util.concurrent.ThreadPoolExecutor$Worker.run(ThreadPoolExecutor.java:624)
        at java.lang.Thread.run(Thread.java:748)
"Datanode State Machine Thread - 0" daemon prio=5 tid=225 timed_waiting
java.lang.Thread.State: TIMED_WAITING
        at java.lang.Thread.sleep(Native Method)
        at org.apache.hadoop.ozone.container.common.statemachine.DatanodeStateMachine.start(DatanodeStateMachine.java:191)
        at org.apache.hadoop.ozone.container.common.statemachine.DatanodeStateMachine.lambda$startDaemon$0(DatanodeStateMachine.java:349)
        at org.apache.hadoop.ozone.container.common.statemachine.DatanodeStateMachine$$Lambda$140/2066701670.run(Unknown Source)
        at java.lang.Thread.run(Thread.java:748)
"pool-26-thread-2"  prio=5 tid=327 in Object.wait()
java.lang.Thread.State: WAITING (on object monitor)
        at sun.misc.Unsafe.park(Native Method)
        at java.util.concurrent.locks.LockSupport.park(LockSupport.java:175)
        at java.util.concurrent.locks.AbstractQueuedSynchronizer$ConditionObject.await(AbstractQueuedSynchronizer.java:2039)
        at java.util.concurrent.ArrayBlockingQueue.take(ArrayBlockingQueue.java:403)
        at java.util.concurrent.ThreadPoolExecutor.getTask(ThreadPoolExecutor.java:1074)
        at java.util.concurrent.ThreadPoolExecutor.runWorker(ThreadPoolExecutor.java:1134)
        at java.util.concurrent.ThreadPoolExecutor$Worker.run(ThreadPoolExecutor.java:624)
        at java.lang.Thread.run(Thread.java:748)
"pool-44-thread-1" daemon prio=5 tid=211 timed_waiting
java.lang.Thread.State: TIMED_WAITING
        at sun.misc.Unsafe.park(Native Method)
        at java.util.concurrent.locks.LockSupport.parkNanos(LockSupport.java:215)
        at java.util.concurrent.locks.AbstractQueuedSynchronizer$ConditionObject.awaitNanos(AbstractQueuedSynchronizer.java:2078)
        at java.util.concurrent.ScheduledThreadPoolExecutor$DelayedWorkQueue.take(ScheduledThreadPoolExecutor.java:1093)
        at java.util.concurrent.ScheduledThreadPoolExecutor$DelayedWorkQueue.take(ScheduledThreadPoolExecutor.java:809)
        at java.util.concurrent.ThreadPoolExecutor.getTask(ThreadPoolExecutor.java:1074)
        at java.util.concurrent.ThreadPoolExecutor.runWorker(ThreadPoolExecutor.java:1134)
        at java.util.concurrent.ThreadPoolExecutor$Worker.run(ThreadPoolExecutor.java:624)
        at java.lang.Thread.run(Thread.java:748)
"metrics-hadoop-metrics2-reporter-30-thread-1" daemon prio=5 tid=787 timed_waiting
java.lang.Thread.State: TIMED_WAITING
        at sun.misc.Unsafe.park(Native Method)
        at java.util.concurrent.locks.LockSupport.parkNanos(LockSupport.java:215)
        at java.util.concurrent.locks.AbstractQueuedSynchronizer$ConditionObject.awaitNanos(AbstractQueuedSynchronizer.java:2078)
        at java.util.concurrent.ScheduledThreadPoolExecutor$DelayedWorkQueue.take(ScheduledThreadPoolExecutor.java:1093)
        at java.util.concurrent.ScheduledThreadPoolExecutor$DelayedWorkQueue.take(ScheduledThreadPoolExecutor.java:809)
        at java.util.concurrent.ThreadPoolExecutor.getTask(ThreadPoolExecutor.java:1074)
        at java.util.concurrent.ThreadPoolExecutor.runWorker(ThreadPoolExecutor.java:1134)
        at java.util.concurrent.ThreadPoolExecutor$Worker.run(ThreadPoolExecutor.java:624)
        at java.lang.Thread.run(Thread.java:748)
"metrics-hadoop-metrics2-reporter-8-thread-1" daemon prio=5 tid=720 timed_waiting
java.lang.Thread.State: TIMED_WAITING
        at sun.misc.Unsafe.park(Native Method)
        at java.util.concurrent.locks.LockSupport.parkNanos(LockSupport.java:215)
        at java.util.concurrent.locks.AbstractQueuedSynchronizer$ConditionObject.awaitNanos(AbstractQueuedSynchronizer.java:2078)
        at java.util.concurrent.ScheduledThreadPoolExecutor$DelayedWorkQueue.take(ScheduledThreadPoolExecutor.java:1093)
        at java.util.concurrent.ScheduledThreadPoolExecutor$DelayedWorkQueue.take(ScheduledThreadPoolExecutor.java:809)
        at java.util.concurrent.ThreadPoolExecutor.getTask(ThreadPoolExecutor.java:1074)
        at java.util.concurrent.ThreadPoolExecutor.runWorker(ThreadPoolExecutor.java:1134)
        at java.util.concurrent.ThreadPoolExecutor$Worker.run(ThreadPoolExecutor.java:624)
        at java.lang.Thread.run(Thread.java:748)
"org.eclipse.jetty.server.session.HashSessionManager@31a98cc4Timer" daemon prio=5 tid=251 timed_waiting
java.lang.Thread.State: TIMED_WAITING
        at sun.misc.Unsafe.park(Native Method)
        at java.util.concurrent.locks.LockSupport.parkNanos(LockSupport.java:215)
        at java.util.concurrent.locks.AbstractQueuedSynchronizer$ConditionObject.awaitNanos(AbstractQueuedSynchronizer.java:2078)
        at java.util.concurrent.ScheduledThreadPoolExecutor$DelayedWorkQueue.take(ScheduledThreadPoolExecutor.java:1093)
        at java.util.concurrent.ScheduledThreadPoolExecutor$DelayedWorkQueue.take(ScheduledThreadPoolExecutor.java:809)
        at java.util.concurrent.ThreadPoolExecutor.getTask(ThreadPoolExecutor.java:1074)
        at java.util.concurrent.ThreadPoolExecutor.runWorker(ThreadPoolExecutor.java:1134)
        at java.util.concurrent.ThreadPoolExecutor$Worker.run(ThreadPoolExecutor.java:624)
        at java.lang.Thread.run(Thread.java:748)
"IPC Server handler 1 on 42810" daemon prio=5 tid=116 timed_waiting
java.lang.Thread.State: TIMED_WAITING
        at sun.misc.Unsafe.park(Native Method)
        at java.util.concurrent.locks.LockSupport.parkNanos(LockSupport.java:215)
        at java.util.concurrent.locks.AbstractQueuedSynchronizer$ConditionObject.awaitNanos(AbstractQueuedSynchronizer.java:2078)
        at java.util.concurrent.LinkedBlockingQueue.poll(LinkedBlockingQueue.java:467)
        at org.apache.hadoop.ipc.CallQueueManager.take(CallQueueManager.java:288)
        at org.apache.hadoop.ipc.Server$Handler.run(Server.java:2668)
"pool-76-thread-3"  prio=5 tid=567 in Object.wait()
java.lang.Thread.State: WAITING (on object monitor)
        at sun.misc.Unsafe.park(Native Method)
        at java.util.concurrent.locks.LockSupport.park(LockSupport.java:175)
        at java.util.concurrent.locks.AbstractQueuedSynchronizer$ConditionObject.await(AbstractQueuedSynchronizer.java:2039)
        at java.util.concurrent.ArrayBlockingQueue.take(ArrayBlockingQueue.java:403)
        at java.util.concurrent.ThreadPoolExecutor.getTask(ThreadPoolExecutor.java:1074)
        at java.util.concurrent.ThreadPoolExecutor.runWorker(ThreadPoolExecutor.java:1134)
        at java.util.concurrent.ThreadPoolExecutor$Worker.run(ThreadPoolExecutor.java:624)
        at java.lang.Thread.run(Thread.java:748)
"pool-36-thread-25"  prio=5 tid=392 in Object.wait()
java.lang.Thread.State: WAITING (on object monitor)
        at sun.misc.Unsafe.park(Native Method)
        at java.util.concurrent.locks.LockSupport.park(LockSupport.java:175)
        at java.util.concurrent.locks.AbstractQueuedSynchronizer$ConditionObject.await(AbstractQueuedSynchronizer.java:2039)
        at java.util.concurrent.ArrayBlockingQueue.take(ArrayBlockingQueue.java:403)
        at java.util.concurrent.ThreadPoolExecutor.getTask(ThreadPoolExecutor.java:1074)
        at java.util.concurrent.ThreadPoolExecutor.runWorker(ThreadPoolExecutor.java:1134)
        at java.util.concurrent.ThreadPoolExecutor$Worker.run(ThreadPoolExecutor.java:624)
        at java.lang.Thread.run(Thread.java:748)
"IPC Server handler 17 on 45420" daemon prio=5 tid=47 timed_waiting
java.lang.Thread.State: TIMED_WAITING
        at sun.misc.Unsafe.park(Native Method)
        at java.util.concurrent.locks.LockSupport.parkNanos(LockSupport.java:215)
        at java.util.concurrent.locks.AbstractQueuedSynchronizer$ConditionObject.awaitNanos(AbstractQueuedSynchronizer.java:2078)
        at java.util.concurrent.LinkedBlockingQueue.poll(LinkedBlockingQueue.java:467)
        at org.apache.hadoop.ipc.CallQueueManager.take(CallQueueManager.java:288)
        at org.apache.hadoop.ipc.Server$Handler.run(Server.java:2668)
"pool-56-thread-25"  prio=5 tid=519 in Object.wait()
java.lang.Thread.State: WAITING (on object monitor)
        at sun.misc.Unsafe.park(Native Method)
        at java.util.concurrent.locks.LockSupport.park(LockSupport.java:175)
        at java.util.concurrent.locks.AbstractQueuedSynchronizer$ConditionObject.await(AbstractQueuedSynchronizer.java:2039)
        at java.util.concurrent.ArrayBlockingQueue.take(ArrayBlockingQueue.java:403)
        at java.util.concurrent.ThreadPoolExecutor.getTask(ThreadPoolExecutor.java:1074)
        at java.util.concurrent.ThreadPoolExecutor.runWorker(ThreadPoolExecutor.java:1134)
        at java.util.concurrent.ThreadPoolExecutor$Worker.run(ThreadPoolExecutor.java:624)
        at java.lang.Thread.run(Thread.java:748)
"Reference Handler" daemon prio=10 tid=2 in Object.wait()
java.lang.Thread.State: WAITING (on object monitor)
        at java.lang.Object.wait(Native Method)
        at java.lang.Object.wait(Object.java:502)
        at java.lang.ref.Reference.tryHandlePending(Reference.java:191)
        at java.lang.ref.Reference$ReferenceHandler.run(Reference.java:153)
"pool-26-thread-24"  prio=5 tid=393 in Object.wait()
java.lang.Thread.State: WAITING (on object monitor)
        at sun.misc.Unsafe.park(Native Method)
        at java.util.concurrent.locks.LockSupport.park(LockSupport.java:175)
        at java.util.concurrent.locks.AbstractQueuedSynchronizer$ConditionObject.await(AbstractQueuedSynchronizer.java:2039)
        at java.util.concurrent.ArrayBlockingQueue.take(ArrayBlockingQueue.java:403)
        at java.util.concurrent.ThreadPoolExecutor.getTask(ThreadPoolExecutor.java:1074)
        at java.util.concurrent.ThreadPoolExecutor.runWorker(ThreadPoolExecutor.java:1134)
        at java.util.concurrent.ThreadPoolExecutor$Worker.run(ThreadPoolExecutor.java:624)
        at java.lang.Thread.run(Thread.java:748)
"IPC Server listener on 45420" daemon prio=5 tid=23 runnable
java.lang.Thread.State: RUNNABLE
        at sun.nio.ch.EPollArrayWrapper.epollWait(Native Method)
        at sun.nio.ch.EPollArrayWrapper.poll(EPollArrayWrapper.java:269)
        at sun.nio.ch.EPollSelectorImpl.doSelect(EPollSelectorImpl.java:93)
        at sun.nio.ch.SelectorImpl.lockAndDoSelect(SelectorImpl.java:86)
        at sun.nio.ch.SelectorImpl.select(SelectorImpl.java:97)
        at sun.nio.ch.SelectorImpl.select(SelectorImpl.java:101)
        at org.apache.hadoop.ipc.Server$Listener.run(Server.java:1159)
"IPC Server idle connection scanner for port 45420" daemon prio=5 tid=25 timed_waiting
java.lang.Thread.State: TIMED_WAITING
        at java.lang.Object.wait(Native Method)
        at java.util.TimerThread.mainLoop(Timer.java:552)
        at java.util.TimerThread.run(Timer.java:505)
"pool-56-thread-49"  prio=5 tid=543 in Object.wait()
java.lang.Thread.State: WAITING (on object monitor)
        at sun.misc.Unsafe.park(Native Method)
        at java.util.concurrent.locks.LockSupport.park(LockSupport.java:175)
        at java.util.concurrent.locks.AbstractQueuedSynchronizer$ConditionObject.await(AbstractQueuedSynchronizer.java:2039)
        at java.util.concurrent.ArrayBlockingQueue.take(ArrayBlockingQueue.java:403)
        at java.util.concurrent.ThreadPoolExecutor.getTask(ThreadPoolExecutor.java:1074)
        at java.util.concurrent.ThreadPoolExecutor.runWorker(ThreadPoolExecutor.java:1134)
        at java.util.concurrent.ThreadPoolExecutor$Worker.run(ThreadPoolExecutor.java:624)
        at java.lang.Thread.run(Thread.java:748)
"qtp559644343-301" daemon prio=5 tid=301 timed_waiting
java.lang.Thread.State: TIMED_WAITING
        at sun.misc.Unsafe.park(Native Method)
        at java.util.concurrent.locks.LockSupport.parkNanos(LockSupport.java:215)
        at java.util.concurrent.locks.AbstractQueuedSynchronizer$ConditionObject.awaitNanos(AbstractQueuedSynchronizer.java:2078)
        at org.eclipse.jetty.util.BlockingArrayQueue.poll(BlockingArrayQueue.java:392)
        at org.eclipse.jetty.util.thread.QueuedThreadPool.idleJobPoll(QueuedThreadPool.java:563)
        at org.eclipse.jetty.util.thread.QueuedThreadPool.access$800(QueuedThreadPool.java:48)
        at org.eclipse.jetty.util.thread.QueuedThreadPool$2.run(QueuedThreadPool.java:626)
        at java.lang.Thread.run(Thread.java:748)
"pool-26-thread-20"  prio=5 tid=382 in Object.wait()
java.lang.Thread.State: WAITING (on object monitor)
        at sun.misc.Unsafe.park(Native Method)
        at java.util.concurrent.locks.LockSupport.park(LockSupport.java:175)
        at java.util.concurrent.locks.AbstractQueuedSynchronizer$ConditionObject.await(AbstractQueuedSynchronizer.java:2039)
        at java.util.concurrent.ArrayBlockingQueue.take(ArrayBlockingQueue.java:403)
        at java.util.concurrent.ThreadPoolExecutor.getTask(ThreadPoolExecutor.java:1074)
        at java.util.concurrent.ThreadPoolExecutor.runWorker(ThreadPoolExecutor.java:1134)
        at java.util.concurrent.ThreadPoolExecutor$Worker.run(ThreadPoolExecutor.java:624)
        at java.lang.Thread.run(Thread.java:748)
"pool-76-thread-15"  prio=5 tid=592 in Object.wait()
java.lang.Thread.State: WAITING (on object monitor)
        at sun.misc.Unsafe.park(Native Method)
        at java.util.concurrent.locks.LockSupport.park(LockSupport.java:175)
        at java.util.concurrent.locks.AbstractQueuedSynchronizer$ConditionObject.await(AbstractQueuedSynchronizer.java:2039)
        at java.util.concurrent.ArrayBlockingQueue.take(ArrayBlockingQueue.java:403)
        at java.util.concurrent.ThreadPoolExecutor.getTask(ThreadPoolExecutor.java:1074)
        at java.util.concurrent.ThreadPoolExecutor.runWorker(ThreadPoolExecutor.java:1134)
        at java.util.concurrent.ThreadPoolExecutor$Worker.run(ThreadPoolExecutor.java:624)
        at java.lang.Thread.run(Thread.java:748)
"pool-56-thread-20"  prio=5 tid=512 in Object.wait()
java.lang.Thread.State: WAITING (on object monitor)
        at sun.misc.Unsafe.park(Native Method)
        at java.util.concurrent.locks.LockSupport.park(LockSupport.java:175)
        at java.util.concurrent.locks.AbstractQueuedSynchronizer$ConditionObject.await(AbstractQueuedSynchronizer.java:2039)
        at java.util.concurrent.ArrayBlockingQueue.take(ArrayBlockingQueue.java:403)
        at java.util.concurrent.ThreadPoolExecutor.getTask(ThreadPoolExecutor.java:1074)
        at java.util.concurrent.ThreadPoolExecutor.runWorker(ThreadPoolExecutor.java:1134)
        at java.util.concurrent.ThreadPoolExecutor$Worker.run(ThreadPoolExecutor.java:624)
        at java.lang.Thread.run(Thread.java:748)
"pool-36-thread-37"  prio=5 tid=422 in Object.wait()
java.lang.Thread.State: WAITING (on object monitor)
        at sun.misc.Unsafe.park(Native Method)
        at java.util.concurrent.locks.LockSupport.park(LockSupport.java:175)
        at java.util.concurrent.locks.AbstractQueuedSynchronizer$ConditionObject.await(AbstractQueuedSynchronizer.java:2039)
        at java.util.concurrent.ArrayBlockingQueue.take(ArrayBlockingQueue.java:403)
        at java.util.concurrent.ThreadPoolExecutor.getTask(ThreadPoolExecutor.java:1074)
        at java.util.concurrent.ThreadPoolExecutor.runWorker(ThreadPoolExecutor.java:1134)
        at java.util.concurrent.ThreadPoolExecutor$Worker.run(ThreadPoolExecutor.java:624)
        at java.lang.Thread.run(Thread.java:748)
"qtp1732973321-97" daemon prio=5 tid=97 timed_waiting
java.lang.Thread.State: TIMED_WAITING
        at sun.misc.Unsafe.park(Native Method)
        at java.util.concurrent.locks.LockSupport.parkNanos(LockSupport.java:215)
        at java.util.concurrent.locks.AbstractQueuedSynchronizer$ConditionObject.awaitNanos(AbstractQueuedSynchronizer.java:2078)
        at org.eclipse.jetty.util.BlockingArrayQueue.poll(BlockingArrayQueue.java:392)
        at org.eclipse.jetty.util.thread.QueuedThreadPool.idleJobPoll(QueuedThreadPool.java:563)
        at org.eclipse.jetty.util.thread.QueuedThreadPool.access$800(QueuedThreadPool.java:48)
        at org.eclipse.jetty.util.thread.QueuedThreadPool$2.run(QueuedThreadPool.java:626)
        at java.lang.Thread.run(Thread.java:748)
"pool-76-thread-31"  prio=5 tid=616 in Object.wait()
java.lang.Thread.State: WAITING (on object monitor)
        at sun.misc.Unsafe.park(Native Method)
        at java.util.concurrent.locks.LockSupport.park(LockSupport.java:175)
        at java.util.concurrent.locks.AbstractQueuedSynchronizer$ConditionObject.await(AbstractQueuedSynchronizer.java:2039)
        at java.util.concurrent.ArrayBlockingQueue.take(ArrayBlockingQueue.java:403)
        at java.util.concurrent.ThreadPoolExecutor.getTask(ThreadPoolExecutor.java:1074)
        at java.util.concurrent.ThreadPoolExecutor.runWorker(ThreadPoolExecutor.java:1134)
        at java.util.concurrent.ThreadPoolExecutor$Worker.run(ThreadPoolExecutor.java:624)
        at java.lang.Thread.run(Thread.java:748)
"pool-56-thread-5"  prio=5 tid=477 in Object.wait()
java.lang.Thread.State: WAITING (on object monitor)
        at sun.misc.Unsafe.park(Native Method)
        at java.util.concurrent.locks.LockSupport.park(LockSupport.java:175)
        at java.util.concurrent.locks.AbstractQueuedSynchronizer$ConditionObject.await(AbstractQueuedSynchronizer.java:2039)
        at java.util.concurrent.ArrayBlockingQueue.take(ArrayBlockingQueue.java:403)
        at java.util.concurrent.ThreadPoolExecutor.getTask(ThreadPoolExecutor.java:1074)
        at java.util.concurrent.ThreadPoolExecutor.runWorker(ThreadPoolExecutor.java:1134)
        at java.util.concurrent.ThreadPoolExecutor$Worker.run(ThreadPoolExecutor.java:624)
        at java.lang.Thread.run(Thread.java:748)
"pool-26-thread-1"  prio=5 tid=324 in Object.wait()
java.lang.Thread.State: WAITING (on object monitor)
        at sun.misc.Unsafe.park(Native Method)
        at java.util.concurrent.locks.LockSupport.park(LockSupport.java:175)
        at java.util.concurrent.locks.AbstractQueuedSynchronizer$ConditionObject.await(AbstractQueuedSynchronizer.java:2039)
        at java.util.concurrent.ArrayBlockingQueue.take(ArrayBlockingQueue.java:403)
        at java.util.concurrent.ThreadPoolExecutor.getTask(ThreadPoolExecutor.java:1074)
        at java.util.concurrent.ThreadPoolExecutor.runWorker(ThreadPoolExecutor.java:1134)
        at java.util.concurrent.ThreadPoolExecutor$Worker.run(ThreadPoolExecutor.java:624)
        at java.lang.Thread.run(Thread.java:748)
"qtp1937022909-271" daemon prio=5 tid=271 timed_waiting
java.lang.Thread.State: TIMED_WAITING
        at sun.misc.Unsafe.park(Native Method)
        at java.util.concurrent.locks.LockSupport.parkNanos(LockSupport.java:215)
        at java.util.concurrent.locks.AbstractQueuedSynchronizer$ConditionObject.awaitNanos(AbstractQueuedSynchronizer.java:2078)
        at org.eclipse.jetty.util.BlockingArrayQueue.poll(BlockingArrayQueue.java:392)
        at org.eclipse.jetty.util.thread.QueuedThreadPool.idleJobPoll(QueuedThreadPool.java:563)
        at org.eclipse.jetty.util.thread.QueuedThreadPool.access$800(QueuedThreadPool.java:48)
        at org.eclipse.jetty.util.thread.QueuedThreadPool$2.run(QueuedThreadPool.java:626)
        at java.lang.Thread.run(Thread.java:748)
"Thread-244" daemon prio=5 tid=750 timed_waiting
java.lang.Thread.State: TIMED_WAITING
        at sun.misc.Unsafe.park(Native Method)
        at java.util.concurrent.locks.LockSupport.parkNanos(LockSupport.java:215)
        at java.util.concurrent.locks.AbstractQueuedSynchronizer$ConditionObject.awaitNanos(AbstractQueuedSynchronizer.java:2078)
        at java.util.concurrent.ArrayBlockingQueue.poll(ArrayBlockingQueue.java:418)
        at org.apache.ratis.server.impl.LeaderState$EventQueue.poll(LeaderState.java:115)
        at org.apache.ratis.server.impl.LeaderState$EventProcessor.run(LeaderState.java:467)
"pool-46-thread-13"  prio=5 tid=344 in Object.wait()
java.lang.Thread.State: WAITING (on object monitor)
        at sun.misc.Unsafe.park(Native Method)
        at java.util.concurrent.locks.LockSupport.park(LockSupport.java:175)
        at java.util.concurrent.locks.AbstractQueuedSynchronizer$ConditionObject.await(AbstractQueuedSynchronizer.java:2039)
        at java.util.concurrent.ArrayBlockingQueue.take(ArrayBlockingQueue.java:403)
        at java.util.concurrent.ThreadPoolExecutor.getTask(ThreadPoolExecutor.java:1074)
        at java.util.concurrent.ThreadPoolExecutor.runWorker(ThreadPoolExecutor.java:1134)
        at java.util.concurrent.ThreadPoolExecutor$Worker.run(ThreadPoolExecutor.java:624)
        at java.lang.Thread.run(Thread.java:748)
"Command processor thread" daemon prio=5 tid=284 timed_waiting
java.lang.Thread.State: TIMED_WAITING
        at java.lang.Thread.sleep(Native Method)
        at org.apache.hadoop.ozone.container.common.statemachine.DatanodeStateMachine.lambda$initCommandHandlerThread$1(DatanodeStateMachine.java:439)
        at org.apache.hadoop.ozone.container.common.statemachine.DatanodeStateMachine$$Lambda$141/1097787199.run(Unknown Source)
        at java.lang.Thread.run(Thread.java:748)
"57d83d75-a41d-4aa4-98a2-4186e05ab504@group-6F55AE0B2E8B-SegmentedRaftLogWorker"  prio=5 tid=765 timed_waiting
java.lang.Thread.State: TIMED_WAITING
        at sun.misc.Unsafe.park(Native Method)
        at java.util.concurrent.locks.LockSupport.parkNanos(LockSupport.java:215)
        at java.util.concurrent.locks.AbstractQueuedSynchronizer$ConditionObject.awaitNanos(AbstractQueuedSynchronizer.java:2078)
        at org.apache.ratis.util.DataBlockingQueue.poll(DataBlockingQueue.java:137)
        at org.apache.ratis.server.raftlog.segmented.SegmentedRaftLogWorker.run(SegmentedRaftLogWorker.java:282)
        at java.lang.Thread.run(Thread.java:748)
"Thread-249" daemon prio=5 tid=762 timed_waiting
java.lang.Thread.State: TIMED_WAITING
        at sun.misc.Unsafe.park(Native Method)
        at java.util.concurrent.locks.LockSupport.parkNanos(LockSupport.java:215)
        at java.util.concurrent.locks.AbstractQueuedSynchronizer$ConditionObject.awaitNanos(AbstractQueuedSynchronizer.java:2078)
        at java.util.concurrent.ArrayBlockingQueue.poll(ArrayBlockingQueue.java:418)
        at org.apache.ratis.server.impl.LeaderState$EventQueue.poll(LeaderState.java:115)
        at org.apache.ratis.server.impl.LeaderState$EventProcessor.run(LeaderState.java:467)
"pool-26-thread-9"  prio=5 tid=350 in Object.wait()
java.lang.Thread.State: WAITING (on object monitor)
        at sun.misc.Unsafe.park(Native Method)
        at java.util.concurrent.locks.LockSupport.park(LockSupport.java:175)
        at java.util.concurrent.locks.AbstractQueuedSynchronizer$ConditionObject.await(AbstractQueuedSynchronizer.java:2039)
        at java.util.concurrent.ArrayBlockingQueue.take(ArrayBlockingQueue.java:403)
        at java.util.concurrent.ThreadPoolExecutor.getTask(ThreadPoolExecutor.java:1074)
        at java.util.concurrent.ThreadPoolExecutor.runWorker(ThreadPoolExecutor.java:1134)
        at java.util.concurrent.ThreadPoolExecutor$Worker.run(ThreadPoolExecutor.java:624)
        at java.lang.Thread.run(Thread.java:748)
"qtp1931194070-248" daemon prio=5 tid=248 timed_waiting
java.lang.Thread.State: TIMED_WAITING
        at sun.misc.Unsafe.park(Native Method)
        at java.util.concurrent.locks.LockSupport.parkNanos(LockSupport.java:215)
        at java.util.concurrent.locks.AbstractQueuedSynchronizer$ConditionObject.awaitNanos(AbstractQueuedSynchronizer.java:2078)
        at org.eclipse.jetty.util.BlockingArrayQueue.poll(BlockingArrayQueue.java:392)
        at org.eclipse.jetty.util.thread.QueuedThreadPool.idleJobPoll(QueuedThreadPool.java:563)
        at org.eclipse.jetty.util.thread.QueuedThreadPool.access$800(QueuedThreadPool.java:48)
        at org.eclipse.jetty.util.thread.QueuedThreadPool$2.run(QueuedThreadPool.java:626)
        at java.lang.Thread.run(Thread.java:748)
"pool-76-thread-45"  prio=5 tid=632 in Object.wait()
java.lang.Thread.State: WAITING (on object monitor)
        at sun.misc.Unsafe.park(Native Method)
        at java.util.concurrent.locks.LockSupport.park(LockSupport.java:175)
        at java.util.concurrent.locks.AbstractQueuedSynchronizer$ConditionObject.await(AbstractQueuedSynchronizer.java:2039)
        at java.util.concurrent.ArrayBlockingQueue.take(ArrayBlockingQueue.java:403)
        at java.util.concurrent.ThreadPoolExecutor.getTask(ThreadPoolExecutor.java:1074)
        at java.util.concurrent.ThreadPoolExecutor.runWorker(ThreadPoolExecutor.java:1134)
        at java.util.concurrent.ThreadPoolExecutor$Worker.run(ThreadPoolExecutor.java:624)
        at java.lang.Thread.run(Thread.java:748)
"IPC Server handler 10 on 45420" daemon prio=5 tid=40 timed_waiting
java.lang.Thread.State: TIMED_WAITING
        at sun.misc.Unsafe.park(Native Method)
        at java.util.concurrent.locks.LockSupport.parkNanos(LockSupport.java:215)
        at java.util.concurrent.locks.AbstractQueuedSynchronizer$ConditionObject.awaitNanos(AbstractQueuedSynchronizer.java:2078)
        at java.util.concurrent.LinkedBlockingQueue.poll(LinkedBlockingQueue.java:467)
        at org.apache.hadoop.ipc.CallQueueManager.take(CallQueueManager.java:288)
        at org.apache.hadoop.ipc.Server$Handler.run(Server.java:2668)
"IPC Server handler 18 on 45420" daemon prio=5 tid=48 timed_waiting
java.lang.Thread.State: TIMED_WAITING
        at sun.misc.Unsafe.park(Native Method)
        at java.util.concurrent.locks.LockSupport.parkNanos(LockSupport.java:215)
        at java.util.concurrent.locks.AbstractQueuedSynchronizer$ConditionObject.awaitNanos(AbstractQueuedSynchronizer.java:2078)
        at java.util.concurrent.LinkedBlockingQueue.poll(LinkedBlockingQueue.java:467)
        at org.apache.hadoop.ipc.CallQueueManager.take(CallQueueManager.java:288)
        at org.apache.hadoop.ipc.Server$Handler.run(Server.java:2668)
"qtp559644343-298" daemon prio=5 tid=298 timed_waiting
java.lang.Thread.State: TIMED_WAITING
        at sun.misc.Unsafe.park(Native Method)
        at java.util.concurrent.locks.LockSupport.parkNanos(LockSupport.java:215)
        at java.util.concurrent.locks.AbstractQueuedSynchronizer$ConditionObject.awaitNanos(AbstractQueuedSynchronizer.java:2078)
        at org.eclipse.jetty.util.BlockingArrayQueue.poll(BlockingArrayQueue.java:392)
        at org.eclipse.jetty.util.thread.QueuedThreadPool.idleJobPoll(QueuedThreadPool.java:563)
        at org.eclipse.jetty.util.thread.QueuedThreadPool.access$800(QueuedThreadPool.java:48)
        at org.eclipse.jetty.util.thread.QueuedThreadPool$2.run(QueuedThreadPool.java:626)
        at java.lang.Thread.run(Thread.java:748)
"pool-76-thread-25"  prio=5 tid=609 in Object.wait()
java.lang.Thread.State: WAITING (on object monitor)
        at sun.misc.Unsafe.park(Native Method)
        at java.util.concurrent.locks.LockSupport.park(LockSupport.java:175)
        at java.util.concurrent.locks.AbstractQueuedSynchronizer$ConditionObject.await(AbstractQueuedSynchronizer.java:2039)
        at java.util.concurrent.ArrayBlockingQueue.take(ArrayBlockingQueue.java:403)
        at java.util.concurrent.ThreadPoolExecutor.getTask(ThreadPoolExecutor.java:1074)
        at java.util.concurrent.ThreadPoolExecutor.runWorker(ThreadPoolExecutor.java:1134)
        at java.util.concurrent.ThreadPoolExecutor$Worker.run(ThreadPoolExecutor.java:624)
        at java.lang.Thread.run(Thread.java:748)
"IPC Server handler 7 on 45420" daemon prio=5 tid=37 timed_waiting
java.lang.Thread.State: TIMED_WAITING
        at sun.misc.Unsafe.park(Native Method)
        at java.util.concurrent.locks.LockSupport.parkNanos(LockSupport.java:215)
        at java.util.concurrent.locks.AbstractQueuedSynchronizer$ConditionObject.awaitNanos(AbstractQueuedSynchronizer.java:2078)
        at java.util.concurrent.LinkedBlockingQueue.poll(LinkedBlockingQueue.java:467)
        at org.apache.hadoop.ipc.CallQueueManager.take(CallQueueManager.java:288)
        at org.apache.hadoop.ipc.Server$Handler.run(Server.java:2668)
"IPC Client (336428783) connection to /0.0.0.0:42372 from jenkins1000" daemon prio=5 tid=314 timed_waiting
java.lang.Thread.State: TIMED_WAITING
        at java.lang.Object.wait(Native Method)
        at org.apache.hadoop.ipc.Client$Connection.waitForWork(Client.java:1024)
        at org.apache.hadoop.ipc.Client$Connection.run(Client.java:1068)
"pool-76-thread-27"  prio=5 tid=611 in Object.wait()
java.lang.Thread.State: WAITING (on object monitor)
        at sun.misc.Unsafe.park(Native Method)
        at java.util.concurrent.locks.LockSupport.park(LockSupport.java:175)
        at java.util.concurrent.locks.AbstractQueuedSynchronizer$ConditionObject.await(AbstractQueuedSynchronizer.java:2039)
        at java.util.concurrent.ArrayBlockingQueue.take(ArrayBlockingQueue.java:403)
        at java.util.concurrent.ThreadPoolExecutor.getTask(ThreadPoolExecutor.java:1074)
        at java.util.concurrent.ThreadPoolExecutor.runWorker(ThreadPoolExecutor.java:1134)
        at java.util.concurrent.ThreadPoolExecutor$Worker.run(ThreadPoolExecutor.java:624)
        at java.lang.Thread.run(Thread.java:748)
"pool-76-thread-10"  prio=5 tid=580 in Object.wait()
java.lang.Thread.State: WAITING (on object monitor)
        at sun.misc.Unsafe.park(Native Method)
        at java.util.concurrent.locks.LockSupport.park(LockSupport.java:175)
        at java.util.concurrent.locks.AbstractQueuedSynchronizer$ConditionObject.await(AbstractQueuedSynchronizer.java:2039)
        at java.util.concurrent.ArrayBlockingQueue.take(ArrayBlockingQueue.java:403)
        at java.util.concurrent.ThreadPoolExecutor.getTask(ThreadPoolExecutor.java:1074)
        at java.util.concurrent.ThreadPoolExecutor.runWorker(ThreadPoolExecutor.java:1134)
        at java.util.concurrent.ThreadPoolExecutor$Worker.run(ThreadPoolExecutor.java:624)
        at java.lang.Thread.run(Thread.java:748)
"pool-56-thread-38"  prio=5 tid=532 in Object.wait()
java.lang.Thread.State: WAITING (on object monitor)
        at sun.misc.Unsafe.park(Native Method)
        at java.util.concurrent.locks.LockSupport.park(LockSupport.java:175)
        at java.util.concurrent.locks.AbstractQueuedSynchronizer$ConditionObject.await(AbstractQueuedSynchronizer.java:2039)
        at java.util.concurrent.ArrayBlockingQueue.take(ArrayBlockingQueue.java:403)
        at java.util.concurrent.ThreadPoolExecutor.getTask(ThreadPoolExecutor.java:1074)
        at java.util.concurrent.ThreadPoolExecutor.runWorker(ThreadPoolExecutor.java:1134)
        at java.util.concurrent.ThreadPoolExecutor$Worker.run(ThreadPoolExecutor.java:624)
        at java.lang.Thread.run(Thread.java:748)
"pool-46-thread-20"  prio=5 tid=365 in Object.wait()
java.lang.Thread.State: WAITING (on object monitor)
        at sun.misc.Unsafe.park(Native Method)
        at java.util.concurrent.locks.LockSupport.park(LockSupport.java:175)
        at java.util.concurrent.locks.AbstractQueuedSynchronizer$ConditionObject.await(AbstractQueuedSynchronizer.java:2039)
        at java.util.concurrent.ArrayBlockingQueue.take(ArrayBlockingQueue.java:403)
        at java.util.concurrent.ThreadPoolExecutor.getTask(ThreadPoolExecutor.java:1074)
        at java.util.concurrent.ThreadPoolExecutor.runWorker(ThreadPoolExecutor.java:1134)
        at java.util.concurrent.ThreadPoolExecutor$Worker.run(ThreadPoolExecutor.java:624)
        at java.lang.Thread.run(Thread.java:748)
"KeyDeletingService#1" daemon prio=5 tid=133 in Object.wait()
java.lang.Thread.State: WAITING (on object monitor)
        at sun.misc.Unsafe.park(Native Method)
        at java.util.concurrent.locks.LockSupport.park(LockSupport.java:175)
        at java.util.concurrent.locks.AbstractQueuedSynchronizer$ConditionObject.await(AbstractQueuedSynchronizer.java:2039)
        at java.util.concurrent.ScheduledThreadPoolExecutor$DelayedWorkQueue.take(ScheduledThreadPoolExecutor.java:1088)
        at java.util.concurrent.ScheduledThreadPoolExecutor$DelayedWorkQueue.take(ScheduledThreadPoolExecutor.java:809)
        at java.util.concurrent.ThreadPoolExecutor.getTask(ThreadPoolExecutor.java:1074)
        at java.util.concurrent.ThreadPoolExecutor.runWorker(ThreadPoolExecutor.java:1134)
        at java.util.concurrent.ThreadPoolExecutor$Worker.run(ThreadPoolExecutor.java:624)
        at java.lang.Thread.run(Thread.java:748)
"IPC Server handler 12 on 45420" daemon prio=5 tid=42 timed_waiting
java.lang.Thread.State: TIMED_WAITING
        at sun.misc.Unsafe.park(Native Method)
        at java.util.concurrent.locks.LockSupport.parkNanos(LockSupport.java:215)
        at java.util.concurrent.locks.AbstractQueuedSynchronizer$ConditionObject.awaitNanos(AbstractQueuedSynchronizer.java:2078)
        at java.util.concurrent.LinkedBlockingQueue.poll(LinkedBlockingQueue.java:467)
        at org.apache.hadoop.ipc.CallQueueManager.take(CallQueueManager.java:288)
        at org.apache.hadoop.ipc.Server$Handler.run(Server.java:2668)
"pool-76-thread-2"  prio=5 tid=563 in Object.wait()
java.lang.Thread.State: WAITING (on object monitor)
        at sun.misc.Unsafe.park(Native Method)
        at java.util.concurrent.locks.LockSupport.park(LockSupport.java:175)
        at java.util.concurrent.locks.AbstractQueuedSynchronizer$ConditionObject.await(AbstractQueuedSynchronizer.java:2039)
        at java.util.concurrent.ArrayBlockingQueue.take(ArrayBlockingQueue.java:403)
        at java.util.concurrent.ThreadPoolExecutor.getTask(ThreadPoolExecutor.java:1074)
        at java.util.concurrent.ThreadPoolExecutor.runWorker(ThreadPoolExecutor.java:1134)
        at java.util.concurrent.ThreadPoolExecutor$Worker.run(ThreadPoolExecutor.java:624)
        at java.lang.Thread.run(Thread.java:748)
"metrics-hadoop-metrics2-reporter-29-thread-1" daemon prio=5 tid=770 timed_waiting
java.lang.Thread.State: TIMED_WAITING
        at sun.misc.Unsafe.park(Native Method)
        at java.util.concurrent.locks.LockSupport.parkNanos(LockSupport.java:215)
        at java.util.concurrent.locks.AbstractQueuedSynchronizer$ConditionObject.awaitNanos(AbstractQueuedSynchronizer.java:2078)
        at java.util.concurrent.ScheduledThreadPoolExecutor$DelayedWorkQueue.take(ScheduledThreadPoolExecutor.java:1093)
        at java.util.concurrent.ScheduledThreadPoolExecutor$DelayedWorkQueue.take(ScheduledThreadPoolExecutor.java:809)
        at java.util.concurrent.ThreadPoolExecutor.getTask(ThreadPoolExecutor.java:1074)
        at java.util.concurrent.ThreadPoolExecutor.runWorker(ThreadPoolExecutor.java:1134)
        at java.util.concurrent.ThreadPoolExecutor$Worker.run(ThreadPoolExecutor.java:624)
        at java.lang.Thread.run(Thread.java:748)
"Datanode ReportManager Thread - 2" daemon prio=5 tid=176 in Object.wait()
java.lang.Thread.State: WAITING (on object monitor)
        at sun.misc.Unsafe.park(Native Method)
        at java.util.concurrent.locks.LockSupport.park(LockSupport.java:175)
        at java.util.concurrent.locks.AbstractQueuedSynchronizer$ConditionObject.await(AbstractQueuedSynchronizer.java:2039)
        at java.util.concurrent.ScheduledThreadPoolExecutor$DelayedWorkQueue.take(ScheduledThreadPoolExecutor.java:1088)
        at java.util.concurrent.ScheduledThreadPoolExecutor$DelayedWorkQueue.take(ScheduledThreadPoolExecutor.java:809)
        at java.util.concurrent.ThreadPoolExecutor.getTask(ThreadPoolExecutor.java:1074)
        at java.util.concurrent.ThreadPoolExecutor.runWorker(ThreadPoolExecutor.java:1134)
        at java.util.concurrent.ThreadPoolExecutor$Worker.run(ThreadPoolExecutor.java:624)
        at java.lang.Thread.run(Thread.java:748)
"metrics-hadoop-metrics2-reporter-33-thread-1" daemon prio=5 tid=784 timed_waiting
java.lang.Thread.State: TIMED_WAITING
        at sun.misc.Unsafe.park(Native Method)
        at java.util.concurrent.locks.LockSupport.parkNanos(LockSupport.java:215)
        at java.util.concurrent.locks.AbstractQueuedSynchronizer$ConditionObject.awaitNanos(AbstractQueuedSynchronizer.java:2078)
        at java.util.concurrent.ScheduledThreadPoolExecutor$DelayedWorkQueue.take(ScheduledThreadPoolExecutor.java:1093)
        at java.util.concurrent.ScheduledThreadPoolExecutor$DelayedWorkQueue.take(ScheduledThreadPoolExecutor.java:809)
        at java.util.concurrent.ThreadPoolExecutor.getTask(ThreadPoolExecutor.java:1074)
        at java.util.concurrent.ThreadPoolExecutor.runWorker(ThreadPoolExecutor.java:1134)
        at java.util.concurrent.ThreadPoolExecutor$Worker.run(ThreadPoolExecutor.java:624)
        at java.lang.Thread.run(Thread.java:748)
"BlockDeletingService#0" daemon prio=5 tid=681 timed_waiting
java.lang.Thread.State: TIMED_WAITING
        at sun.misc.Unsafe.park(Native Method)
        at java.util.concurrent.locks.LockSupport.parkNanos(LockSupport.java:215)
        at java.util.concurrent.locks.AbstractQueuedSynchronizer$ConditionObject.awaitNanos(AbstractQueuedSynchronizer.java:2078)
        at java.util.concurrent.ScheduledThreadPoolExecutor$DelayedWorkQueue.take(ScheduledThreadPoolExecutor.java:1093)
        at java.util.concurrent.ScheduledThreadPoolExecutor$DelayedWorkQueue.take(ScheduledThreadPoolExecutor.java:809)
        at java.util.concurrent.ThreadPoolExecutor.getTask(ThreadPoolExecutor.java:1074)
        at java.util.concurrent.ThreadPoolExecutor.runWorker(ThreadPoolExecutor.java:1134)
        at java.util.concurrent.ThreadPoolExecutor$Worker.run(ThreadPoolExecutor.java:624)
        at java.lang.Thread.run(Thread.java:748)
"metrics-hadoop-metrics2-reporter-27-thread-1" daemon prio=5 tid=767 timed_waiting
java.lang.Thread.State: TIMED_WAITING
        at sun.misc.Unsafe.park(Native Method)
        at java.util.concurrent.locks.LockSupport.parkNanos(LockSupport.java:215)
        at java.util.concurrent.locks.AbstractQueuedSynchronizer$ConditionObject.awaitNanos(AbstractQueuedSynchronizer.java:2078)
        at java.util.concurrent.ScheduledThreadPoolExecutor$DelayedWorkQueue.take(ScheduledThreadPoolExecutor.java:1093)
        at java.util.concurrent.ScheduledThreadPoolExecutor$DelayedWorkQueue.take(ScheduledThreadPoolExecutor.java:809)
        at java.util.concurrent.ThreadPoolExecutor.getTask(ThreadPoolExecutor.java:1074)
        at java.util.concurrent.ThreadPoolExecutor.runWorker(ThreadPoolExecutor.java:1134)
        at java.util.concurrent.ThreadPoolExecutor$Worker.run(ThreadPoolExecutor.java:624)
        at java.lang.Thread.run(Thread.java:748)
"metrics-hadoop-metrics2-reporter-70-thread-1" daemon prio=5 tid=991 timed_waiting
java.lang.Thread.State: TIMED_WAITING
        at sun.misc.Unsafe.park(Native Method)
        at java.util.concurrent.locks.LockSupport.parkNanos(LockSupport.java:215)
        at java.util.concurrent.locks.AbstractQueuedSynchronizer$ConditionObject.awaitNanos(AbstractQueuedSynchronizer.java:2078)
        at java.util.concurrent.ScheduledThreadPoolExecutor$DelayedWorkQueue.take(ScheduledThreadPoolExecutor.java:1093)
        at java.util.concurrent.ScheduledThreadPoolExecutor$DelayedWorkQueue.take(ScheduledThreadPoolExecutor.java:809)
        at java.util.concurrent.ThreadPoolExecutor.getTask(ThreadPoolExecutor.java:1074)
        at java.util.concurrent.ThreadPoolExecutor.runWorker(ThreadPoolExecutor.java:1134)
        at java.util.concurrent.ThreadPoolExecutor$Worker.run(ThreadPoolExecutor.java:624)
        at java.lang.Thread.run(Thread.java:748)
"pool-66-thread-45"  prio=5 tid=660 in Object.wait()
java.lang.Thread.State: WAITING (on object monitor)
        at sun.misc.Unsafe.park(Native Method)
        at java.util.concurrent.locks.LockSupport.park(LockSupport.java:175)
        at java.util.concurrent.locks.AbstractQueuedSynchronizer$ConditionObject.await(AbstractQueuedSynchronizer.java:2039)
        at java.util.concurrent.ArrayBlockingQueue.take(ArrayBlockingQueue.java:403)
        at java.util.concurrent.ThreadPoolExecutor.getTask(ThreadPoolExecutor.java:1074)
        at java.util.concurrent.ThreadPoolExecutor.runWorker(ThreadPoolExecutor.java:1134)
        at java.util.concurrent.ThreadPoolExecutor$Worker.run(ThreadPoolExecutor.java:624)
        at java.lang.Thread.run(Thread.java:748)
"pool-56-thread-50"  prio=5 tid=544 in Object.wait()
java.lang.Thread.State: WAITING (on object monitor)
        at sun.misc.Unsafe.park(Native Method)
        at java.util.concurrent.locks.LockSupport.park(LockSupport.java:175)
        at java.util.concurrent.locks.AbstractQueuedSynchronizer$ConditionObject.await(AbstractQueuedSynchronizer.java:2039)
        at java.util.concurrent.ArrayBlockingQueue.take(ArrayBlockingQueue.java:403)
        at java.util.concurrent.ThreadPoolExecutor.getTask(ThreadPoolExecutor.java:1074)
        at java.util.concurrent.ThreadPoolExecutor.runWorker(ThreadPoolExecutor.java:1134)
        at java.util.concurrent.ThreadPoolExecutor$Worker.run(ThreadPoolExecutor.java:624)
        at java.lang.Thread.run(Thread.java:748)
"pool-56-thread-44"  prio=5 tid=538 in Object.wait()
java.lang.Thread.State: WAITING (on object monitor)
        at sun.misc.Unsafe.park(Native Method)
        at java.util.concurrent.locks.LockSupport.park(LockSupport.java:175)
        at java.util.concurrent.locks.AbstractQueuedSynchronizer$ConditionObject.await(AbstractQueuedSynchronizer.java:2039)
        at java.util.concurrent.ArrayBlockingQueue.take(ArrayBlockingQueue.java:403)
        at java.util.concurrent.ThreadPoolExecutor.getTask(ThreadPoolExecutor.java:1074)
        at java.util.concurrent.ThreadPoolExecutor.runWorker(ThreadPoolExecutor.java:1134)
        at java.util.concurrent.ThreadPoolExecutor$Worker.run(ThreadPoolExecutor.java:624)
        at java.lang.Thread.run(Thread.java:748)
"qtp1770687691-165" daemon prio=5 tid=165 timed_waiting
java.lang.Thread.State: TIMED_WAITING
        at sun.misc.Unsafe.park(Native Method)
        at java.util.concurrent.locks.LockSupport.parkNanos(LockSupport.java:215)
        at java.util.concurrent.locks.AbstractQueuedSynchronizer$ConditionObject.awaitNanos(AbstractQueuedSynchronizer.java:2078)
        at org.eclipse.jetty.util.BlockingArrayQueue.poll(BlockingArrayQueue.java:392)
        at org.eclipse.jetty.util.thread.QueuedThreadPool.idleJobPoll(QueuedThreadPool.java:563)
        at org.eclipse.jetty.util.thread.QueuedThreadPool.access$800(QueuedThreadPool.java:48)
        at org.eclipse.jetty.util.thread.QueuedThreadPool$2.run(QueuedThreadPool.java:626)
        at java.lang.Thread.run(Thread.java:748)
"pool-57-thread-1"  prio=5 tid=724 in Object.wait()
java.lang.Thread.State: WAITING (on object monitor)
        at sun.misc.Unsafe.park(Native Method)
        at java.util.concurrent.locks.LockSupport.park(LockSupport.java:175)
        at java.util.concurrent.locks.AbstractQueuedSynchronizer$ConditionObject.await(AbstractQueuedSynchronizer.java:2039)
        at java.util.concurrent.LinkedBlockingQueue.take(LinkedBlockingQueue.java:442)
        at java.util.concurrent.ThreadPoolExecutor.getTask(ThreadPoolExecutor.java:1074)
        at java.util.concurrent.ThreadPoolExecutor.runWorker(ThreadPoolExecutor.java:1134)
        at java.util.concurrent.ThreadPoolExecutor$Worker.run(ThreadPoolExecutor.java:624)
        at java.lang.Thread.run(Thread.java:748)
"Datanode ReportManager Thread - 0" daemon prio=5 tid=172 timed_waiting
java.lang.Thread.State: TIMED_WAITING
        at sun.misc.Unsafe.park(Native Method)
        at java.util.concurrent.locks.LockSupport.parkNanos(LockSupport.java:215)
        at java.util.concurrent.locks.AbstractQueuedSynchronizer$ConditionObject.awaitNanos(AbstractQueuedSynchronizer.java:2078)
        at java.util.concurrent.ScheduledThreadPoolExecutor$DelayedWorkQueue.take(ScheduledThreadPoolExecutor.java:1093)
        at java.util.concurrent.ScheduledThreadPoolExecutor$DelayedWorkQueue.take(ScheduledThreadPoolExecutor.java:809)
        at java.util.concurrent.ThreadPoolExecutor.getTask(ThreadPoolExecutor.java:1074)
        at java.util.concurrent.ThreadPoolExecutor.runWorker(ThreadPoolExecutor.java:1134)
        at java.util.concurrent.ThreadPoolExecutor$Worker.run(ThreadPoolExecutor.java:624)
        at java.lang.Thread.run(Thread.java:748)
"metrics-hadoop-metrics2-reporter-10-thread-1" daemon prio=5 tid=725 timed_waiting
java.lang.Thread.State: TIMED_WAITING
        at sun.misc.Unsafe.park(Native Method)
        at java.util.concurrent.locks.LockSupport.parkNanos(LockSupport.java:215)
        at java.util.concurrent.locks.AbstractQueuedSynchronizer$ConditionObject.awaitNanos(AbstractQueuedSynchronizer.java:2078)
        at java.util.concurrent.ScheduledThreadPoolExecutor$DelayedWorkQueue.take(ScheduledThreadPoolExecutor.java:1093)
        at java.util.concurrent.ScheduledThreadPoolExecutor$DelayedWorkQueue.take(ScheduledThreadPoolExecutor.java:809)
        at java.util.concurrent.ThreadPoolExecutor.getTask(ThreadPoolExecutor.java:1074)
        at java.util.concurrent.ThreadPoolExecutor.runWorker(ThreadPoolExecutor.java:1134)
        at java.util.concurrent.ThreadPoolExecutor$Worker.run(ThreadPoolExecutor.java:624)
        at java.lang.Thread.run(Thread.java:748)
"pool-26-thread-28"  prio=5 tid=412 in Object.wait()
java.lang.Thread.State: WAITING (on object monitor)
        at sun.misc.Unsafe.park(Native Method)
        at java.util.concurrent.locks.LockSupport.park(LockSupport.java:175)
        at java.util.concurrent.locks.AbstractQueuedSynchronizer$ConditionObject.await(AbstractQueuedSynchronizer.java:2039)
        at java.util.concurrent.ArrayBlockingQueue.take(ArrayBlockingQueue.java:403)
        at java.util.concurrent.ThreadPoolExecutor.getTask(ThreadPoolExecutor.java:1074)
        at java.util.concurrent.ThreadPoolExecutor.runWorker(ThreadPoolExecutor.java:1134)
        at java.util.concurrent.ThreadPoolExecutor$Worker.run(ThreadPoolExecutor.java:624)
        at java.lang.Thread.run(Thread.java:748)
"pool-64-thread-1" daemon prio=5 tid=265 timed_waiting
java.lang.Thread.State: TIMED_WAITING
        at sun.misc.Unsafe.park(Native Method)
        at java.util.concurrent.locks.LockSupport.parkNanos(LockSupport.java:215)
        at java.util.concurrent.locks.AbstractQueuedSynchronizer$ConditionObject.awaitNanos(AbstractQueuedSynchronizer.java:2078)
        at java.util.concurrent.ScheduledThreadPoolExecutor$DelayedWorkQueue.take(ScheduledThreadPoolExecutor.java:1093)
        at java.util.concurrent.ScheduledThreadPoolExecutor$DelayedWorkQueue.take(ScheduledThreadPoolExecutor.java:809)
        at java.util.concurrent.ThreadPoolExecutor.getTask(ThreadPoolExecutor.java:1074)
        at java.util.concurrent.ThreadPoolExecutor.runWorker(ThreadPoolExecutor.java:1134)
        at java.util.concurrent.ThreadPoolExecutor$Worker.run(ThreadPoolExecutor.java:624)
        at java.lang.Thread.run(Thread.java:748)
"qtp30546661-187" daemon prio=5 tid=187 runnable
java.lang.Thread.State: RUNNABLE
        at sun.nio.ch.EPollArrayWrapper.epollWait(Native Method)
        at sun.nio.ch.EPollArrayWrapper.poll(EPollArrayWrapper.java:269)
        at sun.nio.ch.EPollSelectorImpl.doSelect(EPollSelectorImpl.java:93)
        at sun.nio.ch.SelectorImpl.lockAndDoSelect(SelectorImpl.java:86)
        at sun.nio.ch.SelectorImpl.select(SelectorImpl.java:97)
        at sun.nio.ch.SelectorImpl.select(SelectorImpl.java:101)
        at org.eclipse.jetty.io.ManagedSelector$SelectorProducer.select(ManagedSelector.java:243)
        at org.eclipse.jetty.io.ManagedSelector$SelectorProducer.produce(ManagedSelector.java:191)
        at org.eclipse.jetty.util.thread.strategy.ExecuteProduceConsume.executeProduceConsume(ExecuteProduceConsume.java:249)
        at org.eclipse.jetty.util.thread.strategy.ExecuteProduceConsume.produceConsume(ExecuteProduceConsume.java:148)
        at org.eclipse.jetty.util.thread.strategy.ExecuteProduceConsume.execute(ExecuteProduceConsume.java:100)
        at org.eclipse.jetty.io.ManagedSelector.run(ManagedSelector.java:147)
        at org.eclipse.jetty.util.thread.QueuedThreadPool.runJob(QueuedThreadPool.java:671)
        at org.eclipse.jetty.util.thread.QueuedThreadPool$2.run(QueuedThreadPool.java:589)
        at java.lang.Thread.run(Thread.java:748)
"grpc-default-executor-5" daemon prio=5 tid=849 runnable
java.lang.Thread.State: RUNNABLE
        at sun.misc.Unsafe.park(Native Method)
        at java.util.concurrent.locks.LockSupport.parkNanos(LockSupport.java:215)
        at java.util.concurrent.SynchronousQueue$TransferStack.awaitFulfill(SynchronousQueue.java:460)
        at java.util.concurrent.SynchronousQueue$TransferStack.transfer(SynchronousQueue.java:362)
        at java.util.concurrent.SynchronousQueue.poll(SynchronousQueue.java:941)
        at java.util.concurrent.ThreadPoolExecutor.getTask(ThreadPoolExecutor.java:1073)
        at java.util.concurrent.ThreadPoolExecutor.runWorker(ThreadPoolExecutor.java:1134)
        at java.util.concurrent.ThreadPoolExecutor$Worker.run(ThreadPoolExecutor.java:624)
        at java.lang.Thread.run(Thread.java:748)
"pool-46-thread-32"  prio=5 tid=396 in Object.wait()
java.lang.Thread.State: WAITING (on object monitor)
        at sun.misc.Unsafe.park(Native Method)
        at java.util.concurrent.locks.LockSupport.park(LockSupport.java:175)
        at java.util.concurrent.locks.AbstractQueuedSynchronizer$ConditionObject.await(AbstractQueuedSynchronizer.java:2039)
        at java.util.concurrent.ArrayBlockingQueue.take(ArrayBlockingQueue.java:403)
        at java.util.concurrent.ThreadPoolExecutor.getTask(ThreadPoolExecutor.java:1074)
        at java.util.concurrent.ThreadPoolExecutor.runWorker(ThreadPoolExecutor.java:1134)
        at java.util.concurrent.ThreadPoolExecutor$Worker.run(ThreadPoolExecutor.java:624)
        at java.lang.Thread.run(Thread.java:748)
"qtp1931194070-241" daemon prio=5 tid=241 runnable
java.lang.Thread.State: RUNNABLE
        at sun.nio.ch.EPollArrayWrapper.epollWait(Native Method)
        at sun.nio.ch.EPollArrayWrapper.poll(EPollArrayWrapper.java:269)
        at sun.nio.ch.EPollSelectorImpl.doSelect(EPollSelectorImpl.java:93)
        at sun.nio.ch.SelectorImpl.lockAndDoSelect(SelectorImpl.java:86)
        at sun.nio.ch.SelectorImpl.select(SelectorImpl.java:97)
        at sun.nio.ch.SelectorImpl.select(SelectorImpl.java:101)
        at org.eclipse.jetty.io.ManagedSelector$SelectorProducer.select(ManagedSelector.java:243)
        at org.eclipse.jetty.io.ManagedSelector$SelectorProducer.produce(ManagedSelector.java:191)
        at org.eclipse.jetty.util.thread.strategy.ExecuteProduceConsume.executeProduceConsume(ExecuteProduceConsume.java:249)
        at org.eclipse.jetty.util.thread.strategy.ExecuteProduceConsume.produceConsume(ExecuteProduceConsume.java:148)
        at org.eclipse.jetty.util.thread.strategy.ExecuteProduceConsume.execute(ExecuteProduceConsume.java:100)
        at org.eclipse.jetty.io.ManagedSelector.run(ManagedSelector.java:147)
        at org.eclipse.jetty.util.thread.QueuedThreadPool.runJob(QueuedThreadPool.java:671)
        at org.eclipse.jetty.util.thread.QueuedThreadPool$2.run(QueuedThreadPool.java:589)
        at java.lang.Thread.run(Thread.java:748)
"metrics-hadoop-metrics2-reporter-36-thread-1" daemon prio=5 tid=792 timed_waiting
java.lang.Thread.State: TIMED_WAITING
        at sun.misc.Unsafe.park(Native Method)
        at java.util.concurrent.locks.LockSupport.parkNanos(LockSupport.java:215)
        at java.util.concurrent.locks.AbstractQueuedSynchronizer$ConditionObject.awaitNanos(AbstractQueuedSynchronizer.java:2078)
        at java.util.concurrent.ScheduledThreadPoolExecutor$DelayedWorkQueue.take(ScheduledThreadPoolExecutor.java:1093)
        at java.util.concurrent.ScheduledThreadPoolExecutor$DelayedWorkQueue.take(ScheduledThreadPoolExecutor.java:809)
        at java.util.concurrent.ThreadPoolExecutor.getTask(ThreadPoolExecutor.java:1074)
        at java.util.concurrent.ThreadPoolExecutor.runWorker(ThreadPoolExecutor.java:1134)
        at java.util.concurrent.ThreadPoolExecutor$Worker.run(ThreadPoolExecutor.java:624)
        at java.lang.Thread.run(Thread.java:748)
"IPC Server listener on 42372" daemon prio=5 tid=15 runnable
java.lang.Thread.State: RUNNABLE
        at sun.nio.ch.EPollArrayWrapper.epollWait(Native Method)
        at sun.nio.ch.EPollArrayWrapper.poll(EPollArrayWrapper.java:269)
        at sun.nio.ch.EPollSelectorImpl.doSelect(EPollSelectorImpl.java:93)
        at sun.nio.ch.SelectorImpl.lockAndDoSelect(SelectorImpl.java:86)
        at sun.nio.ch.SelectorImpl.select(SelectorImpl.java:97)
        at sun.nio.ch.SelectorImpl.select(SelectorImpl.java:101)
        at org.apache.hadoop.ipc.Server$Listener.run(Server.java:1159)
"Datanode ReportManager Thread - 3" daemon prio=5 tid=283 in Object.wait()
java.lang.Thread.State: WAITING (on object monitor)
        at sun.misc.Unsafe.park(Native Method)
        at java.util.concurrent.locks.LockSupport.park(LockSupport.java:175)
        at java.util.concurrent.locks.AbstractQueuedSynchronizer$ConditionObject.await(AbstractQueuedSynchronizer.java:2039)
        at java.util.concurrent.ScheduledThreadPoolExecutor$DelayedWorkQueue.take(ScheduledThreadPoolExecutor.java:1088)
        at java.util.concurrent.ScheduledThreadPoolExecutor$DelayedWorkQueue.take(ScheduledThreadPoolExecutor.java:809)
        at java.util.concurrent.ThreadPoolExecutor.getTask(ThreadPoolExecutor.java:1074)
        at java.util.concurrent.ThreadPoolExecutor.runWorker(ThreadPoolExecutor.java:1134)
        at java.util.concurrent.ThreadPoolExecutor$Worker.run(ThreadPoolExecutor.java:624)
        at java.lang.Thread.run(Thread.java:748)
"pool-76-thread-60"  prio=5 tid=658 in Object.wait()
java.lang.Thread.State: WAITING (on object monitor)
        at sun.misc.Unsafe.park(Native Method)
        at java.util.concurrent.locks.LockSupport.park(LockSupport.java:175)
        at java.util.concurrent.locks.AbstractQueuedSynchronizer$ConditionObject.await(AbstractQueuedSynchronizer.java:2039)
        at java.util.concurrent.ArrayBlockingQueue.take(ArrayBlockingQueue.java:403)
        at java.util.concurrent.ThreadPoolExecutor.getTask(ThreadPoolExecutor.java:1074)
        at java.util.concurrent.ThreadPoolExecutor.runWorker(ThreadPoolExecutor.java:1134)
        at java.util.concurrent.ThreadPoolExecutor$Worker.run(ThreadPoolExecutor.java:624)
        at java.lang.Thread.run(Thread.java:748)
"pool-66-thread-10"  prio=5 tid=566 in Object.wait()
java.lang.Thread.State: WAITING (on object monitor)
        at sun.misc.Unsafe.park(Native Method)
        at java.util.concurrent.locks.LockSupport.park(LockSupport.java:175)
        at java.util.concurrent.locks.AbstractQueuedSynchronizer$ConditionObject.await(AbstractQueuedSynchronizer.java:2039)
        at java.util.concurrent.ArrayBlockingQueue.take(ArrayBlockingQueue.java:403)
        at java.util.concurrent.ThreadPoolExecutor.getTask(ThreadPoolExecutor.java:1074)
        at java.util.concurrent.ThreadPoolExecutor.runWorker(ThreadPoolExecutor.java:1134)
        at java.util.concurrent.ThreadPoolExecutor$Worker.run(ThreadPoolExecutor.java:624)
        at java.lang.Thread.run(Thread.java:748)
"Datanode ReportManager Thread - 1" daemon prio=5 tid=254 in Object.wait()
java.lang.Thread.State: WAITING (on object monitor)
        at sun.misc.Unsafe.park(Native Method)
        at java.util.concurrent.locks.LockSupport.park(LockSupport.java:175)
        at java.util.concurrent.locks.AbstractQueuedSynchronizer$ConditionObject.await(AbstractQueuedSynchronizer.java:2039)
        at java.util.concurrent.ScheduledThreadPoolExecutor$DelayedWorkQueue.take(ScheduledThreadPoolExecutor.java:1088)
        at java.util.concurrent.ScheduledThreadPoolExecutor$DelayedWorkQueue.take(ScheduledThreadPoolExecutor.java:809)
        at java.util.concurrent.ThreadPoolExecutor.getTask(ThreadPoolExecutor.java:1074)
        at java.util.concurrent.ThreadPoolExecutor.runWorker(ThreadPoolExecutor.java:1134)
        at java.util.concurrent.ThreadPoolExecutor$Worker.run(ThreadPoolExecutor.java:624)
        at java.lang.Thread.run(Thread.java:748)
"org.eclipse.jetty.server.session.HashSessionManager@7c4b261cTimer" daemon prio=5 tid=170 timed_waiting
java.lang.Thread.State: TIMED_WAITING
        at sun.misc.Unsafe.park(Native Method)
        at java.util.concurrent.locks.LockSupport.parkNanos(LockSupport.java:215)
        at java.util.concurrent.locks.AbstractQueuedSynchronizer$ConditionObject.awaitNanos(AbstractQueuedSynchronizer.java:2078)
        at java.util.concurrent.ScheduledThreadPoolExecutor$DelayedWorkQueue.take(ScheduledThreadPoolExecutor.java:1093)
        at java.util.concurrent.ScheduledThreadPoolExecutor$DelayedWorkQueue.take(ScheduledThreadPoolExecutor.java:809)
        at java.util.concurrent.ThreadPoolExecutor.getTask(ThreadPoolExecutor.java:1074)
        at java.util.concurrent.ThreadPoolExecutor.runWorker(ThreadPoolExecutor.java:1134)
        at java.util.concurrent.ThreadPoolExecutor$Worker.run(ThreadPoolExecutor.java:624)
        at java.lang.Thread.run(Thread.java:748)
"pool-26-thread-21"  prio=5 tid=385 in Object.wait()
java.lang.Thread.State: WAITING (on object monitor)
        at sun.misc.Unsafe.park(Native Method)
        at java.util.concurrent.locks.LockSupport.park(LockSupport.java:175)
        at java.util.concurrent.locks.AbstractQueuedSynchronizer$ConditionObject.await(AbstractQueuedSynchronizer.java:2039)
        at java.util.concurrent.ArrayBlockingQueue.take(ArrayBlockingQueue.java:403)
        at java.util.concurrent.ThreadPoolExecutor.getTask(ThreadPoolExecutor.java:1074)
        at java.util.concurrent.ThreadPoolExecutor.runWorker(ThreadPoolExecutor.java:1134)
        at java.util.concurrent.ThreadPoolExecutor$Worker.run(ThreadPoolExecutor.java:624)
        at java.lang.Thread.run(Thread.java:748)
"pool-36-thread-34"  prio=5 tid=414 in Object.wait()
java.lang.Thread.State: WAITING (on object monitor)
        at sun.misc.Unsafe.park(Native Method)
        at java.util.concurrent.locks.LockSupport.park(LockSupport.java:175)
        at java.util.concurrent.locks.AbstractQueuedSynchronizer$ConditionObject.await(AbstractQueuedSynchronizer.java:2039)
        at java.util.concurrent.ArrayBlockingQueue.take(ArrayBlockingQueue.java:403)
        at java.util.concurrent.ThreadPoolExecutor.getTask(ThreadPoolExecutor.java:1074)
        at java.util.concurrent.ThreadPoolExecutor.runWorker(ThreadPoolExecutor.java:1134)
        at java.util.concurrent.ThreadPoolExecutor$Worker.run(ThreadPoolExecutor.java:624)
        at java.lang.Thread.run(Thread.java:748)
"920a4478-64f4-4720-983c-9a2102f3c94b@group-EE70740DC1AF-SegmentedRaftLogWorker"  prio=5 tid=717 timed_waiting
java.lang.Thread.State: TIMED_WAITING
        at sun.misc.Unsafe.park(Native Method)
        at java.util.concurrent.locks.LockSupport.parkNanos(LockSupport.java:215)
        at java.util.concurrent.locks.AbstractQueuedSynchronizer$ConditionObject.awaitNanos(AbstractQueuedSynchronizer.java:2078)
        at org.apache.ratis.util.DataBlockingQueue.poll(DataBlockingQueue.java:137)
        at org.apache.ratis.server.raftlog.segmented.SegmentedRaftLogWorker.run(SegmentedRaftLogWorker.java:282)
        at java.lang.Thread.run(Thread.java:748)
"pool-36-thread-44"  prio=5 tid=439 in Object.wait()
java.lang.Thread.State: WAITING (on object monitor)
        at sun.misc.Unsafe.park(Native Method)
        at java.util.concurrent.locks.LockSupport.park(LockSupport.java:175)
        at java.util.concurrent.locks.AbstractQueuedSynchronizer$ConditionObject.await(AbstractQueuedSynchronizer.java:2039)
        at java.util.concurrent.ArrayBlockingQueue.take(ArrayBlockingQueue.java:403)
        at java.util.concurrent.ThreadPoolExecutor.getTask(ThreadPoolExecutor.java:1074)
        at java.util.concurrent.ThreadPoolExecutor.runWorker(ThreadPoolExecutor.java:1134)
        at java.util.concurrent.ThreadPoolExecutor$Worker.run(ThreadPoolExecutor.java:624)
        at java.lang.Thread.run(Thread.java:748)
"pool-46-thread-5"  prio=5 tid=319 in Object.wait()
java.lang.Thread.State: WAITING (on object monitor)
        at sun.misc.Unsafe.park(Native Method)
        at java.util.concurrent.locks.LockSupport.park(LockSupport.java:175)
        at java.util.concurrent.locks.AbstractQueuedSynchronizer$ConditionObject.await(AbstractQueuedSynchronizer.java:2039)
        at java.util.concurrent.ArrayBlockingQueue.take(ArrayBlockingQueue.java:403)
        at java.util.concurrent.ThreadPoolExecutor.getTask(ThreadPoolExecutor.java:1074)
        at java.util.concurrent.ThreadPoolExecutor.runWorker(ThreadPoolExecutor.java:1134)
        at java.util.concurrent.ThreadPoolExecutor$Worker.run(ThreadPoolExecutor.java:624)
        at java.lang.Thread.run(Thread.java:748)
"pool-36-thread-22"  prio=5 tid=381 in Object.wait()
java.lang.Thread.State: WAITING (on object monitor)
        at sun.misc.Unsafe.park(Native Method)
        at java.util.concurrent.locks.LockSupport.park(LockSupport.java:175)
        at java.util.concurrent.locks.AbstractQueuedSynchronizer$ConditionObject.await(AbstractQueuedSynchronizer.java:2039)
        at java.util.concurrent.ArrayBlockingQueue.take(ArrayBlockingQueue.java:403)
        at java.util.concurrent.ThreadPoolExecutor.getTask(ThreadPoolExecutor.java:1074)
        at java.util.concurrent.ThreadPoolExecutor.runWorker(ThreadPoolExecutor.java:1134)
        at java.util.concurrent.ThreadPoolExecutor$Worker.run(ThreadPoolExecutor.java:624)
        at java.lang.Thread.run(Thread.java:748)
"6befc45b-dcf8-424c-b341-d7aa439c4bd9@group-812BEF14F159-StateMachineUpdater" daemon prio=5 tid=982 in Object.wait()
java.lang.Thread.State: WAITING (on object monitor)
        at java.lang.Object.wait(Native Method)
        at java.lang.Object.wait(Object.java:502)
        at org.apache.ratis.server.impl.StateMachineUpdater.waitForCommit(StateMachineUpdater.java:194)
        at org.apache.ratis.server.impl.StateMachineUpdater.run(StateMachineUpdater.java:159)
        at java.lang.Thread.run(Thread.java:748)
"Finalizer" daemon prio=8 tid=3 in Object.wait()
java.lang.Thread.State: WAITING (on object monitor)
        at java.lang.Object.wait(Native Method)
        at java.lang.ref.ReferenceQueue.remove(ReferenceQueue.java:144)
        at java.lang.ref.ReferenceQueue.remove(ReferenceQueue.java:165)
        at java.lang.ref.Finalizer$FinalizerThread.run(Finalizer.java:216)
"pool-56-thread-53"  prio=5 tid=547 in Object.wait()
java.lang.Thread.State: WAITING (on object monitor)
        at sun.misc.Unsafe.park(Native Method)
        at java.util.concurrent.locks.LockSupport.park(LockSupport.java:175)
        at java.util.concurrent.locks.AbstractQueuedSynchronizer$ConditionObject.await(AbstractQueuedSynchronizer.java:2039)
        at java.util.concurrent.ArrayBlockingQueue.take(ArrayBlockingQueue.java:403)
        at java.util.concurrent.ThreadPoolExecutor.getTask(ThreadPoolExecutor.java:1074)
        at java.util.concurrent.ThreadPoolExecutor.runWorker(ThreadPoolExecutor.java:1134)
        at java.util.concurrent.ThreadPoolExecutor$Worker.run(ThreadPoolExecutor.java:624)
        at java.lang.Thread.run(Thread.java:748)
"pool-56-thread-37"  prio=5 tid=531 in Object.wait()
java.lang.Thread.State: WAITING (on object monitor)
        at sun.misc.Unsafe.park(Native Method)
        at java.util.concurrent.locks.LockSupport.park(LockSupport.java:175)
        at java.util.concurrent.locks.AbstractQueuedSynchronizer$ConditionObject.await(AbstractQueuedSynchronizer.java:2039)
        at java.util.concurrent.ArrayBlockingQueue.take(ArrayBlockingQueue.java:403)
        at java.util.concurrent.ThreadPoolExecutor.getTask(ThreadPoolExecutor.java:1074)
        at java.util.concurrent.ThreadPoolExecutor.runWorker(ThreadPoolExecutor.java:1134)
        at java.util.concurrent.ThreadPoolExecutor$Worker.run(ThreadPoolExecutor.java:624)
        at java.lang.Thread.run(Thread.java:748)
"qtp1770687691-160" daemon prio=5 tid=160 runnable
java.lang.Thread.State: RUNNABLE
        at sun.nio.ch.EPollArrayWrapper.epollWait(Native Method)
        at sun.nio.ch.EPollArrayWrapper.poll(EPollArrayWrapper.java:269)
        at sun.nio.ch.EPollSelectorImpl.doSelect(EPollSelectorImpl.java:93)
        at sun.nio.ch.SelectorImpl.lockAndDoSelect(SelectorImpl.java:86)
        at sun.nio.ch.SelectorImpl.select(SelectorImpl.java:97)
        at sun.nio.ch.SelectorImpl.select(SelectorImpl.java:101)
        at org.eclipse.jetty.io.ManagedSelector$SelectorProducer.select(ManagedSelector.java:243)
        at org.eclipse.jetty.io.ManagedSelector$SelectorProducer.produce(ManagedSelector.java:191)
        at org.eclipse.jetty.util.thread.strategy.ExecuteProduceConsume.executeProduceConsume(ExecuteProduceConsume.java:249)
        at org.eclipse.jetty.util.thread.strategy.ExecuteProduceConsume.produceConsume(ExecuteProduceConsume.java:148)
        at org.eclipse.jetty.util.thread.strategy.ExecuteProduceConsume.execute(ExecuteProduceConsume.java:100)
        at org.eclipse.jetty.io.ManagedSelector.run(ManagedSelector.java:147)
        at org.eclipse.jetty.util.thread.QueuedThreadPool.runJob(QueuedThreadPool.java:671)
        at org.eclipse.jetty.util.thread.QueuedThreadPool$2.run(QueuedThreadPool.java:589)
        at java.lang.Thread.run(Thread.java:748)
"IPC Server handler 4 on 45420" daemon prio=5 tid=34 timed_waiting
java.lang.Thread.State: TIMED_WAITING
        at sun.misc.Unsafe.park(Native Method)
        at java.util.concurrent.locks.LockSupport.parkNanos(LockSupport.java:215)
        at java.util.concurrent.locks.AbstractQueuedSynchronizer$ConditionObject.awaitNanos(AbstractQueuedSynchronizer.java:2078)
        at java.util.concurrent.LinkedBlockingQueue.poll(LinkedBlockingQueue.java:467)
        at org.apache.hadoop.ipc.CallQueueManager.take(CallQueueManager.java:288)
        at org.apache.hadoop.ipc.Server$Handler.run(Server.java:2668)
"qtp2139397088-221" daemon prio=5 tid=221 timed_waiting
java.lang.Thread.State: TIMED_WAITING
        at sun.misc.Unsafe.park(Native Method)
        at java.util.concurrent.locks.LockSupport.parkNanos(LockSupport.java:215)
        at java.util.concurrent.locks.AbstractQueuedSynchronizer$ConditionObject.awaitNanos(AbstractQueuedSynchronizer.java:2078)
        at org.eclipse.jetty.util.BlockingArrayQueue.poll(BlockingArrayQueue.java:392)
        at org.eclipse.jetty.util.thread.QueuedThreadPool.idleJobPoll(QueuedThreadPool.java:563)
        at org.eclipse.jetty.util.thread.QueuedThreadPool.access$800(QueuedThreadPool.java:48)
        at org.eclipse.jetty.util.thread.QueuedThreadPool$2.run(QueuedThreadPool.java:626)
        at java.lang.Thread.run(Thread.java:748)
"metrics-hadoop-metrics2-reporter-79-thread-1" daemon prio=5 tid=1050 timed_waiting
java.lang.Thread.State: TIMED_WAITING
        at sun.misc.Unsafe.park(Native Method)
        at java.util.concurrent.locks.LockSupport.parkNanos(LockSupport.java:215)
        at java.util.concurrent.locks.AbstractQueuedSynchronizer$ConditionObject.awaitNanos(AbstractQueuedSynchronizer.java:2078)
        at java.util.concurrent.ScheduledThreadPoolExecutor$DelayedWorkQueue.take(ScheduledThreadPoolExecutor.java:1093)
        at java.util.concurrent.ScheduledThreadPoolExecutor$DelayedWorkQueue.take(ScheduledThreadPoolExecutor.java:809)
        at java.util.concurrent.ThreadPoolExecutor.getTask(ThreadPoolExecutor.java:1074)
        at java.util.concurrent.ThreadPoolExecutor.runWorker(ThreadPoolExecutor.java:1134)
        at java.util.concurrent.ThreadPoolExecutor$Worker.run(ThreadPoolExecutor.java:624)
        at java.lang.Thread.run(Thread.java:748)
"qtp1770687691-166" daemon prio=5 tid=166 timed_waiting
java.lang.Thread.State: TIMED_WAITING
        at sun.misc.Unsafe.park(Native Method)
        at java.util.concurrent.locks.LockSupport.parkNanos(LockSupport.java:215)
        at java.util.concurrent.locks.AbstractQueuedSynchronizer$ConditionObject.awaitNanos(AbstractQueuedSynchronizer.java:2078)
        at org.eclipse.jetty.util.BlockingArrayQueue.poll(BlockingArrayQueue.java:392)
        at org.eclipse.jetty.util.thread.QueuedThreadPool.idleJobPoll(QueuedThreadPool.java:563)
        at org.eclipse.jetty.util.thread.QueuedThreadPool.access$800(QueuedThreadPool.java:48)
        at org.eclipse.jetty.util.thread.QueuedThreadPool$2.run(QueuedThreadPool.java:626)
        at java.lang.Thread.run(Thread.java:748)
"IPC Server handler 18 on 42810" daemon prio=5 tid=134 timed_waiting
java.lang.Thread.State: TIMED_WAITING
        at sun.misc.Unsafe.park(Native Method)
        at java.util.concurrent.locks.LockSupport.parkNanos(LockSupport.java:215)
        at java.util.concurrent.locks.AbstractQueuedSynchronizer$ConditionObject.awaitNanos(AbstractQueuedSynchronizer.java:2078)
        at java.util.concurrent.LinkedBlockingQueue.poll(LinkedBlockingQueue.java:467)
        at org.apache.hadoop.ipc.CallQueueManager.take(CallQueueManager.java:288)
        at org.apache.hadoop.ipc.Server$Handler.run(Server.java:2668)
"IPC Server handler 11 on 33223" daemon prio=5 tid=61 timed_waiting
java.lang.Thread.State: TIMED_WAITING
        at sun.misc.Unsafe.park(Native Method)
        at java.util.concurrent.locks.LockSupport.parkNanos(LockSupport.java:215)
        at java.util.concurrent.locks.AbstractQueuedSynchronizer$ConditionObject.awaitNanos(AbstractQueuedSynchronizer.java:2078)
        at java.util.concurrent.LinkedBlockingQueue.poll(LinkedBlockingQueue.java:467)
        at org.apache.hadoop.ipc.CallQueueManager.take(CallQueueManager.java:288)
        at org.apache.hadoop.ipc.Server$Handler.run(Server.java:2668)
"DataNode DiskChecker thread 0" daemon prio=5 tid=210 timed_waiting
java.lang.Thread.State: TIMED_WAITING
        at sun.misc.Unsafe.park(Native Method)
        at java.util.concurrent.locks.LockSupport.parkNanos(LockSupport.java:215)
        at java.util.concurrent.SynchronousQueue$TransferStack.awaitFulfill(SynchronousQueue.java:460)
        at java.util.concurrent.SynchronousQueue$TransferStack.transfer(SynchronousQueue.java:362)
        at java.util.concurrent.SynchronousQueue.poll(SynchronousQueue.java:941)
        at java.util.concurrent.ThreadPoolExecutor.getTask(ThreadPoolExecutor.java:1073)
        at java.util.concurrent.ThreadPoolExecutor.runWorker(ThreadPoolExecutor.java:1134)
        at java.util.concurrent.ThreadPoolExecutor$Worker.run(ThreadPoolExecutor.java:624)
        at java.lang.Thread.run(Thread.java:748)
"grpc-default-worker-ELG-3-3" daemon prio=5 tid=700 runnable
java.lang.Thread.State: RUNNABLE
        at sun.nio.ch.EPollArrayWrapper.epollWait(Native Method)
        at sun.nio.ch.EPollArrayWrapper.poll(EPollArrayWrapper.java:269)
        at sun.nio.ch.EPollSelectorImpl.doSelect(EPollSelectorImpl.java:93)
        at sun.nio.ch.SelectorImpl.lockAndDoSelect(SelectorImpl.java:86)
        at sun.nio.ch.SelectorImpl.select(SelectorImpl.java:97)
        at org.apache.ratis.thirdparty.io.netty.channel.nio.SelectedSelectionKeySetSelector.select(SelectedSelectionKeySetSelector.java:62)
        at org.apache.ratis.thirdparty.io.netty.channel.nio.NioEventLoop.select(NioEventLoop.java:753)
        at org.apache.ratis.thirdparty.io.netty.channel.nio.NioEventLoop.run(NioEventLoop.java:408)
        at org.apache.ratis.thirdparty.io.netty.util.concurrent.SingleThreadEventExecutor$5.run(SingleThreadEventExecutor.java:897)
        at org.apache.ratis.thirdparty.io.netty.util.concurrent.FastThreadLocalRunnable.run(FastThreadLocalRunnable.java:30)
        at java.lang.Thread.run(Thread.java:748)
"metrics-hadoop-metrics2-reporter-53-thread-1" daemon prio=5 tid=911 timed_waiting
java.lang.Thread.State: TIMED_WAITING
        at sun.misc.Unsafe.park(Native Method)
        at java.util.concurrent.locks.LockSupport.parkNanos(LockSupport.java:215)
        at java.util.concurrent.locks.AbstractQueuedSynchronizer$ConditionObject.awaitNanos(AbstractQueuedSynchronizer.java:2078)
        at java.util.concurrent.ScheduledThreadPoolExecutor$DelayedWorkQueue.take(ScheduledThreadPoolExecutor.java:1093)
        at java.util.concurrent.ScheduledThreadPoolExecutor$DelayedWorkQueue.take(ScheduledThreadPoolExecutor.java:809)
        at java.util.concurrent.ThreadPoolExecutor.getTask(ThreadPoolExecutor.java:1074)
        at java.util.concurrent.ThreadPoolExecutor.runWorker(ThreadPoolExecutor.java:1134)
        at java.util.concurrent.ThreadPoolExecutor$Worker.run(ThreadPoolExecutor.java:624)
        at java.lang.Thread.run(Thread.java:748)
"metrics-hadoop-metrics2-reporter-7-thread-1" daemon prio=5 tid=719 timed_waiting
java.lang.Thread.State: TIMED_WAITING
        at sun.misc.Unsafe.park(Native Method)
        at java.util.concurrent.locks.LockSupport.parkNanos(LockSupport.java:215)
        at java.util.concurrent.locks.AbstractQueuedSynchronizer$ConditionObject.awaitNanos(AbstractQueuedSynchronizer.java:2078)
        at java.util.concurrent.ScheduledThreadPoolExecutor$DelayedWorkQueue.take(ScheduledThreadPoolExecutor.java:1093)
        at java.util.concurrent.ScheduledThreadPoolExecutor$DelayedWorkQueue.take(ScheduledThreadPoolExecutor.java:809)
        at java.util.concurrent.ThreadPoolExecutor.getTask(ThreadPoolExecutor.java:1074)
        at java.util.concurrent.ThreadPoolExecutor.runWorker(ThreadPoolExecutor.java:1134)
        at java.util.concurrent.ThreadPoolExecutor$Worker.run(ThreadPoolExecutor.java:624)
        at java.lang.Thread.run(Thread.java:748)
"pool-76-thread-21"  prio=5 tid=602 in Object.wait()
java.lang.Thread.State: WAITING (on object monitor)
        at sun.misc.Unsafe.park(Native Method)
        at java.util.concurrent.locks.LockSupport.park(LockSupport.java:175)
        at java.util.concurrent.locks.AbstractQueuedSynchronizer$ConditionObject.await(AbstractQueuedSynchronizer.java:2039)
        at java.util.concurrent.ArrayBlockingQueue.take(ArrayBlockingQueue.java:403)
        at java.util.concurrent.ThreadPoolExecutor.getTask(ThreadPoolExecutor.java:1074)
        at java.util.concurrent.ThreadPoolExecutor.runWorker(ThreadPoolExecutor.java:1134)
        at java.util.concurrent.ThreadPoolExecutor$Worker.run(ThreadPoolExecutor.java:624)
        at java.lang.Thread.run(Thread.java:748)
"IPC Server handler 14 on 42810" daemon prio=5 tid=129 timed_waiting
java.lang.Thread.State: TIMED_WAITING
        at sun.misc.Unsafe.park(Native Method)
        at java.util.concurrent.locks.LockSupport.parkNanos(LockSupport.java:215)
        at java.util.concurrent.locks.AbstractQueuedSynchronizer$ConditionObject.awaitNanos(AbstractQueuedSynchronizer.java:2078)
        at java.util.concurrent.LinkedBlockingQueue.poll(LinkedBlockingQueue.java:467)
        at org.apache.hadoop.ipc.CallQueueManager.take(CallQueueManager.java:288)
        at org.apache.hadoop.ipc.Server$Handler.run(Server.java:2668)
"IPC Server Responder" daemon prio=5 tid=111 runnable
java.lang.Thread.State: RUNNABLE
        at sun.nio.ch.EPollArrayWrapper.epollWait(Native Method)
        at sun.nio.ch.EPollArrayWrapper.poll(EPollArrayWrapper.java:269)
        at sun.nio.ch.EPollSelectorImpl.doSelect(EPollSelectorImpl.java:93)
        at sun.nio.ch.SelectorImpl.lockAndDoSelect(SelectorImpl.java:86)
        at sun.nio.ch.SelectorImpl.select(SelectorImpl.java:97)
        at org.apache.hadoop.ipc.Server$Responder.doRunLoop(Server.java:1334)
        at org.apache.hadoop.ipc.Server$Responder.run(Server.java:1317)
"Datanode State Machine Thread - 0" daemon prio=5 tid=259 timed_waiting
java.lang.Thread.State: TIMED_WAITING
        at sun.misc.Unsafe.park(Native Method)
        at java.util.concurrent.locks.LockSupport.parkNanos(LockSupport.java:215)
        at java.util.concurrent.SynchronousQueue$TransferStack.awaitFulfill(SynchronousQueue.java:460)
        at java.util.concurrent.SynchronousQueue$TransferStack.transfer(SynchronousQueue.java:362)
        at java.util.concurrent.SynchronousQueue.poll(SynchronousQueue.java:941)
        at java.util.concurrent.ThreadPoolExecutor.getTask(ThreadPoolExecutor.java:1073)
        at java.util.concurrent.ThreadPoolExecutor.runWorker(ThreadPoolExecutor.java:1134)
        at java.util.concurrent.ThreadPoolExecutor$Worker.run(ThreadPoolExecutor.java:624)
        at java.lang.Thread.run(Thread.java:748)
"IPC Server handler 0 on 33223" daemon prio=5 tid=50 timed_waiting
java.lang.Thread.State: TIMED_WAITING
        at sun.misc.Unsafe.park(Native Method)
        at java.util.concurrent.locks.LockSupport.parkNanos(LockSupport.java:215)
        at java.util.concurrent.locks.AbstractQueuedSynchronizer$ConditionObject.awaitNanos(AbstractQueuedSynchronizer.java:2078)
        at java.util.concurrent.LinkedBlockingQueue.poll(LinkedBlockingQueue.java:467)
        at org.apache.hadoop.ipc.CallQueueManager.take(CallQueueManager.java:288)
        at org.apache.hadoop.ipc.Server$Handler.run(Server.java:2668)
"java.util.concurrent.ThreadPoolExecutor$Worker@488a47cc[State = -1, empty queue]" daemon prio=5 tid=889 timed_waiting
java.lang.Thread.State: TIMED_WAITING
        at sun.misc.Unsafe.park(Native Method)
        at java.util.concurrent.locks.LockSupport.parkNanos(LockSupport.java:215)
        at java.util.concurrent.locks.AbstractQueuedSynchronizer$ConditionObject.awaitNanos(AbstractQueuedSynchronizer.java:2078)
        at java.util.concurrent.ScheduledThreadPoolExecutor$DelayedWorkQueue.take(ScheduledThreadPoolExecutor.java:1093)
        at java.util.concurrent.ScheduledThreadPoolExecutor$DelayedWorkQueue.take(ScheduledThreadPoolExecutor.java:809)
        at java.util.concurrent.ThreadPoolExecutor.getTask(ThreadPoolExecutor.java:1074)
        at java.util.concurrent.ThreadPoolExecutor.runWorker(ThreadPoolExecutor.java:1134)
        at java.util.concurrent.ThreadPoolExecutor$Worker.run(ThreadPoolExecutor.java:624)
        at java.lang.Thread.run(Thread.java:748)
"org.eclipse.jetty.server.session.HashSessionManager@c288bbTimer" daemon prio=5 tid=222 timed_waiting
java.lang.Thread.State: TIMED_WAITING
        at sun.misc.Unsafe.park(Native Method)
        at java.util.concurrent.locks.LockSupport.parkNanos(LockSupport.java:215)
        at java.util.concurrent.locks.AbstractQueuedSynchronizer$ConditionObject.awaitNanos(AbstractQueuedSynchronizer.java:2078)
        at java.util.concurrent.ScheduledThreadPoolExecutor$DelayedWorkQueue.take(ScheduledThreadPoolExecutor.java:1093)
        at java.util.concurrent.ScheduledThreadPoolExecutor$DelayedWorkQueue.take(ScheduledThreadPoolExecutor.java:809)
        at java.util.concurrent.ThreadPoolExecutor.getTask(ThreadPoolExecutor.java:1074)
        at java.util.concurrent.ThreadPoolExecutor.runWorker(ThreadPoolExecutor.java:1134)
        at java.util.concurrent.ThreadPoolExecutor$Worker.run(ThreadPoolExecutor.java:624)
        at java.lang.Thread.run(Thread.java:748)
"pool-46-thread-33"  prio=5 tid=398 in Object.wait()
java.lang.Thread.State: WAITING (on object monitor)
        at sun.misc.Unsafe.park(Native Method)
        at java.util.concurrent.locks.LockSupport.park(LockSupport.java:175)
        at java.util.concurrent.locks.AbstractQueuedSynchronizer$ConditionObject.await(AbstractQueuedSynchronizer.java:2039)
        at java.util.concurrent.ArrayBlockingQueue.take(ArrayBlockingQueue.java:403)
        at java.util.concurrent.ThreadPoolExecutor.getTask(ThreadPoolExecutor.java:1074)
        at java.util.concurrent.ThreadPoolExecutor.runWorker(ThreadPoolExecutor.java:1134)
        at java.util.concurrent.ThreadPoolExecutor$Worker.run(ThreadPoolExecutor.java:624)
        at java.lang.Thread.run(Thread.java:748)
"IPC Server handler 0 on 45420" daemon prio=5 tid=30 timed_waiting
java.lang.Thread.State: TIMED_WAITING
        at sun.misc.Unsafe.park(Native Method)
        at java.util.concurrent.locks.LockSupport.parkNanos(LockSupport.java:215)
        at java.util.concurrent.locks.AbstractQueuedSynchronizer$ConditionObject.awaitNanos(AbstractQueuedSynchronizer.java:2078)
        at java.util.concurrent.LinkedBlockingQueue.poll(LinkedBlockingQueue.java:467)
        at org.apache.hadoop.ipc.CallQueueManager.take(CallQueueManager.java:288)
        at org.apache.hadoop.ipc.Server$Handler.run(Server.java:2668)
"pool-46-thread-16"  prio=5 tid=356 in Object.wait()
java.lang.Thread.State: WAITING (on object monitor)
        at sun.misc.Unsafe.park(Native Method)
        at java.util.concurrent.locks.LockSupport.park(LockSupport.java:175)
        at java.util.concurrent.locks.AbstractQueuedSynchronizer$ConditionObject.await(AbstractQueuedSynchronizer.java:2039)
        at java.util.concurrent.ArrayBlockingQueue.take(ArrayBlockingQueue.java:403)
        at java.util.concurrent.ThreadPoolExecutor.getTask(ThreadPoolExecutor.java:1074)
        at java.util.concurrent.ThreadPoolExecutor.runWorker(ThreadPoolExecutor.java:1134)
        at java.util.concurrent.ThreadPoolExecutor$Worker.run(ThreadPoolExecutor.java:624)
        at java.lang.Thread.run(Thread.java:748)
"2636e257-7a47-4bf8-b940-93a028f0c6b6@group-CA4E2DA81E43-StateMachineUpdater" daemon prio=5 tid=754 in Object.wait()
java.lang.Thread.State: WAITING (on object monitor)
        at java.lang.Object.wait(Native Method)
        at java.lang.Object.wait(Object.java:502)
        at org.apache.ratis.server.impl.StateMachineUpdater.waitForCommit(StateMachineUpdater.java:194)
        at org.apache.ratis.server.impl.StateMachineUpdater.run(StateMachineUpdater.java:159)
        at java.lang.Thread.run(Thread.java:748)
"qtp1732973321-92" daemon prio=5 tid=92 timed_waiting
java.lang.Thread.State: TIMED_WAITING
        at sun.misc.Unsafe.park(Native Method)
        at java.util.concurrent.locks.LockSupport.parkNanos(LockSupport.java:215)
        at java.util.concurrent.locks.AbstractQueuedSynchronizer$ConditionObject.awaitNanos(AbstractQueuedSynchronizer.java:2078)
        at org.eclipse.jetty.util.BlockingArrayQueue.poll(BlockingArrayQueue.java:392)
        at org.eclipse.jetty.util.thread.QueuedThreadPool.idleJobPoll(QueuedThreadPool.java:563)
        at org.eclipse.jetty.util.thread.QueuedThreadPool.access$800(QueuedThreadPool.java:48)
        at org.eclipse.jetty.util.thread.QueuedThreadPool$2.run(QueuedThreadPool.java:626)
        at java.lang.Thread.run(Thread.java:748)
"metrics-hadoop-metrics2-reporter-15-thread-1" daemon prio=5 tid=738 timed_waiting
java.lang.Thread.State: TIMED_WAITING
        at sun.misc.Unsafe.park(Native Method)
        at java.util.concurrent.locks.LockSupport.parkNanos(LockSupport.java:215)
        at java.util.concurrent.locks.AbstractQueuedSynchronizer$ConditionObject.awaitNanos(AbstractQueuedSynchronizer.java:2078)
        at java.util.concurrent.ScheduledThreadPoolExecutor$DelayedWorkQueue.take(ScheduledThreadPoolExecutor.java:1093)
        at java.util.concurrent.ScheduledThreadPoolExecutor$DelayedWorkQueue.take(ScheduledThreadPoolExecutor.java:809)
        at java.util.concurrent.ThreadPoolExecutor.getTask(ThreadPoolExecutor.java:1074)
        at java.util.concurrent.ThreadPoolExecutor.runWorker(ThreadPoolExecutor.java:1134)
        at java.util.concurrent.ThreadPoolExecutor$Worker.run(ThreadPoolExecutor.java:624)
        at java.lang.Thread.run(Thread.java:748)
"pool-56-thread-46"  prio=5 tid=540 in Object.wait()
java.lang.Thread.State: WAITING (on object monitor)
        at sun.misc.Unsafe.park(Native Method)
        at java.util.concurrent.locks.LockSupport.park(LockSupport.java:175)
        at java.util.concurrent.locks.AbstractQueuedSynchronizer$ConditionObject.await(AbstractQueuedSynchronizer.java:2039)
        at java.util.concurrent.ArrayBlockingQueue.take(ArrayBlockingQueue.java:403)
        at java.util.concurrent.ThreadPoolExecutor.getTask(ThreadPoolExecutor.java:1074)
        at java.util.concurrent.ThreadPoolExecutor.runWorker(ThreadPoolExecutor.java:1134)
        at java.util.concurrent.ThreadPoolExecutor$Worker.run(ThreadPoolExecutor.java:624)
        at java.lang.Thread.run(Thread.java:748)
"OMDoubleBufferFlushThread" daemon prio=5 tid=107 timed_waiting
java.lang.Thread.State: TIMED_WAITING
        at java.lang.Object.wait(Native Method)
        at org.apache.hadoop.ozone.om.ratis.OzoneManagerDoubleBuffer.canFlush(OzoneManagerDoubleBuffer.java:322)
        at org.apache.hadoop.ozone.om.ratis.OzoneManagerDoubleBuffer.flushTransactions(OzoneManagerDoubleBuffer.java:130)
        at org.apache.hadoop.ozone.om.ratis.OzoneManagerDoubleBuffer$$Lambda$49/1253272900.run(Unknown Source)
        at java.lang.Thread.run(Thread.java:748)
"pool-26-thread-18"  prio=5 tid=377 in Object.wait()
java.lang.Thread.State: WAITING (on object monitor)
        at sun.misc.Unsafe.park(Native Method)
        at java.util.concurrent.locks.LockSupport.park(LockSupport.java:175)
        at java.util.concurrent.locks.AbstractQueuedSynchronizer$ConditionObject.await(AbstractQueuedSynchronizer.java:2039)
        at java.util.concurrent.ArrayBlockingQueue.take(ArrayBlockingQueue.java:403)
        at java.util.concurrent.ThreadPoolExecutor.getTask(ThreadPoolExecutor.java:1074)
        at java.util.concurrent.ThreadPoolExecutor.runWorker(ThreadPoolExecutor.java:1134)
        at java.util.concurrent.ThreadPoolExecutor$Worker.run(ThreadPoolExecutor.java:624)
        at java.lang.Thread.run(Thread.java:748)
"pool-76-thread-39"  prio=5 tid=625 in Object.wait()
java.lang.Thread.State: WAITING (on object monitor)
        at sun.misc.Unsafe.park(Native Method)
        at java.util.concurrent.locks.LockSupport.park(LockSupport.java:175)
        at java.util.concurrent.locks.AbstractQueuedSynchronizer$ConditionObject.await(AbstractQueuedSynchronizer.java:2039)
        at java.util.concurrent.ArrayBlockingQueue.take(ArrayBlockingQueue.java:403)
        at java.util.concurrent.ThreadPoolExecutor.getTask(ThreadPoolExecutor.java:1074)
        at java.util.concurrent.ThreadPoolExecutor.runWorker(ThreadPoolExecutor.java:1134)
        at java.util.concurrent.ThreadPoolExecutor$Worker.run(ThreadPoolExecutor.java:624)
        at java.lang.Thread.run(Thread.java:748)
"pool-46-thread-39"  prio=5 tid=417 in Object.wait()
java.lang.Thread.State: WAITING (on object monitor)
        at sun.misc.Unsafe.park(Native Method)
        at java.util.concurrent.locks.LockSupport.park(LockSupport.java:175)
        at java.util.concurrent.locks.AbstractQueuedSynchronizer$ConditionObject.await(AbstractQueuedSynchronizer.java:2039)
        at java.util.concurrent.ArrayBlockingQueue.take(ArrayBlockingQueue.java:403)
        at java.util.concurrent.ThreadPoolExecutor.getTask(ThreadPoolExecutor.java:1074)
        at java.util.concurrent.ThreadPoolExecutor.runWorker(ThreadPoolExecutor.java:1134)
        at java.util.concurrent.ThreadPoolExecutor$Worker.run(ThreadPoolExecutor.java:624)
        at java.lang.Thread.run(Thread.java:748)
"pool-26-thread-43"  prio=5 tid=483 in Object.wait()
java.lang.Thread.State: WAITING (on object monitor)
        at sun.misc.Unsafe.park(Native Method)
        at java.util.concurrent.locks.LockSupport.park(LockSupport.java:175)
        at java.util.concurrent.locks.AbstractQueuedSynchronizer$ConditionObject.await(AbstractQueuedSynchronizer.java:2039)
        at java.util.concurrent.ArrayBlockingQueue.take(ArrayBlockingQueue.java:403)
        at java.util.concurrent.ThreadPoolExecutor.getTask(ThreadPoolExecutor.java:1074)
        at java.util.concurrent.ThreadPoolExecutor.runWorker(ThreadPoolExecutor.java:1134)
        at java.util.concurrent.ThreadPoolExecutor$Worker.run(ThreadPoolExecutor.java:624)
        at java.lang.Thread.run(Thread.java:748)
"pool-76-thread-26"  prio=5 tid=610 in Object.wait()
java.lang.Thread.State: WAITING (on object monitor)
        at sun.misc.Unsafe.park(Native Method)
        at java.util.concurrent.locks.LockSupport.park(LockSupport.java:175)
        at java.util.concurrent.locks.AbstractQueuedSynchronizer$ConditionObject.await(AbstractQueuedSynchronizer.java:2039)
        at java.util.concurrent.ArrayBlockingQueue.take(ArrayBlockingQueue.java:403)
        at java.util.concurrent.ThreadPoolExecutor.getTask(ThreadPoolExecutor.java:1074)
        at java.util.concurrent.ThreadPoolExecutor.runWorker(ThreadPoolExecutor.java:1134)
        at java.util.concurrent.ThreadPoolExecutor$Worker.run(ThreadPoolExecutor.java:624)
        at java.lang.Thread.run(Thread.java:748)
"qtp1174596735-144" daemon prio=5 tid=144 timed_waiting
java.lang.Thread.State: TIMED_WAITING
        at sun.misc.Unsafe.park(Native Method)
        at java.util.concurrent.locks.LockSupport.parkNanos(LockSupport.java:215)
        at java.util.concurrent.locks.AbstractQueuedSynchronizer$ConditionObject.awaitNanos(AbstractQueuedSynchronizer.java:2078)
        at org.eclipse.jetty.util.BlockingArrayQueue.poll(BlockingArrayQueue.java:392)
        at org.eclipse.jetty.util.thread.QueuedThreadPool.idleJobPoll(QueuedThreadPool.java:563)
        at org.eclipse.jetty.util.thread.QueuedThreadPool.access$800(QueuedThreadPool.java:48)
        at org.eclipse.jetty.util.thread.QueuedThreadPool$2.run(QueuedThreadPool.java:626)
        at java.lang.Thread.run(Thread.java:748)
"BlockDeletingService#0" daemon prio=5 tid=676 timed_waiting
java.lang.Thread.State: TIMED_WAITING
        at sun.misc.Unsafe.park(Native Method)
        at java.util.concurrent.locks.LockSupport.parkNanos(LockSupport.java:215)
        at java.util.concurrent.locks.AbstractQueuedSynchronizer$ConditionObject.awaitNanos(AbstractQueuedSynchronizer.java:2078)
        at java.util.concurrent.ScheduledThreadPoolExecutor$DelayedWorkQueue.take(ScheduledThreadPoolExecutor.java:1093)
        at java.util.concurrent.ScheduledThreadPoolExecutor$DelayedWorkQueue.take(ScheduledThreadPoolExecutor.java:809)
        at java.util.concurrent.ThreadPoolExecutor.getTask(ThreadPoolExecutor.java:1074)
        at java.util.concurrent.ThreadPoolExecutor.runWorker(ThreadPoolExecutor.java:1134)
        at java.util.concurrent.ThreadPoolExecutor$Worker.run(ThreadPoolExecutor.java:624)
        at java.lang.Thread.run(Thread.java:748)
"pool-26-thread-29"  prio=5 tid=416 in Object.wait()
java.lang.Thread.State: WAITING (on object monitor)
        at sun.misc.Unsafe.park(Native Method)
        at java.util.concurrent.locks.LockSupport.park(LockSupport.java:175)
        at java.util.concurrent.locks.AbstractQueuedSynchronizer$ConditionObject.await(AbstractQueuedSynchronizer.java:2039)
        at java.util.concurrent.ArrayBlockingQueue.take(ArrayBlockingQueue.java:403)
        at java.util.concurrent.ThreadPoolExecutor.getTask(ThreadPoolExecutor.java:1074)
        at java.util.concurrent.ThreadPoolExecutor.runWorker(ThreadPoolExecutor.java:1134)
        at java.util.concurrent.ThreadPoolExecutor$Worker.run(ThreadPoolExecutor.java:624)
        at java.lang.Thread.run(Thread.java:748)
"IPC Server handler 9 on 45420" daemon prio=5 tid=39 timed_waiting
java.lang.Thread.State: TIMED_WAITING
        at sun.misc.Unsafe.park(Native Method)
        at java.util.concurrent.locks.LockSupport.parkNanos(LockSupport.java:215)
        at java.util.concurrent.locks.AbstractQueuedSynchronizer$ConditionObject.awaitNanos(AbstractQueuedSynchronizer.java:2078)
        at java.util.concurrent.LinkedBlockingQueue.poll(LinkedBlockingQueue.java:467)
        at org.apache.hadoop.ipc.CallQueueManager.take(CallQueueManager.java:288)
        at org.apache.hadoop.ipc.Server$Handler.run(Server.java:2668)
"pool-56-thread-11"  prio=5 tid=494 in Object.wait()
java.lang.Thread.State: WAITING (on object monitor)
        at sun.misc.Unsafe.park(Native Method)
        at java.util.concurrent.locks.LockSupport.park(LockSupport.java:175)
        at java.util.concurrent.locks.AbstractQueuedSynchronizer$ConditionObject.await(AbstractQueuedSynchronizer.java:2039)
        at java.util.concurrent.ArrayBlockingQueue.take(ArrayBlockingQueue.java:403)
        at java.util.concurrent.ThreadPoolExecutor.getTask(ThreadPoolExecutor.java:1074)
        at java.util.concurrent.ThreadPoolExecutor.runWorker(ThreadPoolExecutor.java:1134)
        at java.util.concurrent.ThreadPoolExecutor$Worker.run(ThreadPoolExecutor.java:624)
        at java.lang.Thread.run(Thread.java:748)
"IPC Server handler 18 on 33223" daemon prio=5 tid=68 timed_waiting
java.lang.Thread.State: TIMED_WAITING
        at sun.misc.Unsafe.park(Native Method)
        at java.util.concurrent.locks.LockSupport.parkNanos(LockSupport.java:215)
        at java.util.concurrent.locks.AbstractQueuedSynchronizer$ConditionObject.awaitNanos(AbstractQueuedSynchronizer.java:2078)
        at java.util.concurrent.LinkedBlockingQueue.poll(LinkedBlockingQueue.java:467)
        at org.apache.hadoop.ipc.CallQueueManager.take(CallQueueManager.java:288)
        at org.apache.hadoop.ipc.Server$Handler.run(Server.java:2668)
"IPC Server handler 15 on 33223" daemon prio=5 tid=65 timed_waiting
java.lang.Thread.State: TIMED_WAITING
        at sun.misc.Unsafe.park(Native Method)
        at java.util.concurrent.locks.LockSupport.parkNanos(LockSupport.java:215)
        at java.util.concurrent.locks.AbstractQueuedSynchronizer$ConditionObject.awaitNanos(AbstractQueuedSynchronizer.java:2078)
        at java.util.concurrent.LinkedBlockingQueue.poll(LinkedBlockingQueue.java:467)
        at org.apache.hadoop.ipc.CallQueueManager.take(CallQueueManager.java:288)
        at org.apache.hadoop.ipc.Server$Handler.run(Server.java:2668)
"refreshUsed-/workdir/hadoop-ozone/integration-test/target/test-dir/MiniOzoneClusterImpl-eeadbacc-06c2-472c-a3f4-8a25f61a295a/datanode-0/data/containers" daemon prio=5 tid=155 timed_waiting
java.lang.Thread.State: TIMED_WAITING
        at java.lang.Thread.sleep(Native Method)
        at org.apache.hadoop.fs.CachingGetSpaceUsed$RefreshThread.run(CachingGetSpaceUsed.java:179)
        at java.lang.Thread.run(Thread.java:748)
"IPC Server handler 11 on 45420" daemon prio=5 tid=41 timed_waiting
java.lang.Thread.State: TIMED_WAITING
        at sun.misc.Unsafe.park(Native Method)
        at java.util.concurrent.locks.LockSupport.parkNanos(LockSupport.java:215)
        at java.util.concurrent.locks.AbstractQueuedSynchronizer$ConditionObject.awaitNanos(AbstractQueuedSynchronizer.java:2078)
        at java.util.concurrent.LinkedBlockingQueue.poll(LinkedBlockingQueue.java:467)
        at org.apache.hadoop.ipc.CallQueueManager.take(CallQueueManager.java:288)
        at org.apache.hadoop.ipc.Server$Handler.run(Server.java:2668)
"grpc-default-executor-6" daemon prio=5 tid=850 runnable
java.lang.Thread.State: RUNNABLE
        at sun.misc.Unsafe.park(Native Method)
        at java.util.concurrent.locks.LockSupport.parkNanos(LockSupport.java:215)
        at java.util.concurrent.SynchronousQueue$TransferStack.awaitFulfill(SynchronousQueue.java:460)
        at java.util.concurrent.SynchronousQueue$TransferStack.transfer(SynchronousQueue.java:362)
        at java.util.concurrent.SynchronousQueue.poll(SynchronousQueue.java:941)
        at java.util.concurrent.ThreadPoolExecutor.getTask(ThreadPoolExecutor.java:1073)
        at java.util.concurrent.ThreadPoolExecutor.runWorker(ThreadPoolExecutor.java:1134)
        at java.util.concurrent.ThreadPoolExecutor$Worker.run(ThreadPoolExecutor.java:624)
        at java.lang.Thread.run(Thread.java:748)
"pool-60-thread-1"  prio=5 tid=240 timed_waiting
java.lang.Thread.State: TIMED_WAITING
        at sun.misc.Unsafe.park(Native Method)
        at java.util.concurrent.locks.LockSupport.parkNanos(LockSupport.java:215)
        at java.util.concurrent.locks.AbstractQueuedSynchronizer$ConditionObject.awaitNanos(AbstractQueuedSynchronizer.java:2078)
        at java.util.concurrent.ScheduledThreadPoolExecutor$DelayedWorkQueue.take(ScheduledThreadPoolExecutor.java:1093)
        at java.util.concurrent.ScheduledThreadPoolExecutor$DelayedWorkQueue.take(ScheduledThreadPoolExecutor.java:809)
        at java.util.concurrent.ThreadPoolExecutor.getTask(ThreadPoolExecutor.java:1074)
        at java.util.concurrent.ThreadPoolExecutor.runWorker(ThreadPoolExecutor.java:1134)
        at java.util.concurrent.ThreadPoolExecutor$Worker.run(ThreadPoolExecutor.java:624)
        at java.lang.Thread.run(Thread.java:748)
"pool-26-thread-14"  prio=5 tid=364 in Object.wait()
java.lang.Thread.State: WAITING (on object monitor)
        at sun.misc.Unsafe.park(Native Method)
        at java.util.concurrent.locks.LockSupport.park(LockSupport.java:175)
        at java.util.concurrent.locks.AbstractQueuedSynchronizer$ConditionObject.await(AbstractQueuedSynchronizer.java:2039)
        at java.util.concurrent.ArrayBlockingQueue.take(ArrayBlockingQueue.java:403)
        at java.util.concurrent.ThreadPoolExecutor.getTask(ThreadPoolExecutor.java:1074)
        at java.util.concurrent.ThreadPoolExecutor.runWorker(ThreadPoolExecutor.java:1134)
        at java.util.concurrent.ThreadPoolExecutor$Worker.run(ThreadPoolExecutor.java:624)
        at java.lang.Thread.run(Thread.java:748)
"pool-66-thread-18"  prio=5 tid=583 in Object.wait()
java.lang.Thread.State: WAITING (on object monitor)
        at sun.misc.Unsafe.park(Native Method)
        at java.util.concurrent.locks.LockSupport.park(LockSupport.java:175)
        at java.util.concurrent.locks.AbstractQueuedSynchronizer$ConditionObject.await(AbstractQueuedSynchronizer.java:2039)
        at java.util.concurrent.ArrayBlockingQueue.take(ArrayBlockingQueue.java:403)
        at java.util.concurrent.ThreadPoolExecutor.getTask(ThreadPoolExecutor.java:1074)
        at java.util.concurrent.ThreadPoolExecutor.runWorker(ThreadPoolExecutor.java:1134)
        at java.util.concurrent.ThreadPoolExecutor$Worker.run(ThreadPoolExecutor.java:624)
        at java.lang.Thread.run(Thread.java:748)
"pool-36-thread-53"  prio=5 tid=455 in Object.wait()
java.lang.Thread.State: WAITING (on object monitor)
        at sun.misc.Unsafe.park(Native Method)
        at java.util.concurrent.locks.LockSupport.park(LockSupport.java:175)
        at java.util.concurrent.locks.AbstractQueuedSynchronizer$ConditionObject.await(AbstractQueuedSynchronizer.java:2039)
        at java.util.concurrent.ArrayBlockingQueue.take(ArrayBlockingQueue.java:403)
        at java.util.concurrent.ThreadPoolExecutor.getTask(ThreadPoolExecutor.java:1074)
        at java.util.concurrent.ThreadPoolExecutor.runWorker(ThreadPoolExecutor.java:1134)
        at java.util.concurrent.ThreadPoolExecutor$Worker.run(ThreadPoolExecutor.java:624)
        at java.lang.Thread.run(Thread.java:748)
"java.util.concurrent.ThreadPoolExecutor$Worker@6ef2825f[State = -1, empty queue]" daemon prio=5 tid=1056 timed_waiting
java.lang.Thread.State: TIMED_WAITING
        at sun.misc.Unsafe.park(Native Method)
        at java.util.concurrent.locks.LockSupport.parkNanos(LockSupport.java:215)
        at java.util.concurrent.locks.AbstractQueuedSynchronizer$ConditionObject.awaitNanos(AbstractQueuedSynchronizer.java:2078)
        at java.util.concurrent.ScheduledThreadPoolExecutor$DelayedWorkQueue.take(ScheduledThreadPoolExecutor.java:1093)
        at java.util.concurrent.ScheduledThreadPoolExecutor$DelayedWorkQueue.take(ScheduledThreadPoolExecutor.java:809)
        at java.util.concurrent.ThreadPoolExecutor.getTask(ThreadPoolExecutor.java:1074)
        at java.util.concurrent.ThreadPoolExecutor.runWorker(ThreadPoolExecutor.java:1134)
        at java.util.concurrent.ThreadPoolExecutor$Worker.run(ThreadPoolExecutor.java:624)
        at java.lang.Thread.run(Thread.java:748)
"pool-76-thread-43"  prio=5 tid=629 in Object.wait()
java.lang.Thread.State: WAITING (on object monitor)
        at sun.misc.Unsafe.park(Native Method)
        at java.util.concurrent.locks.LockSupport.park(LockSupport.java:175)
        at java.util.concurrent.locks.AbstractQueuedSynchronizer$ConditionObject.await(AbstractQueuedSynchronizer.java:2039)
        at java.util.concurrent.ArrayBlockingQueue.take(ArrayBlockingQueue.java:403)
        at java.util.concurrent.ThreadPoolExecutor.getTask(ThreadPoolExecutor.java:1074)
        at java.util.concurrent.ThreadPoolExecutor.runWorker(ThreadPoolExecutor.java:1134)
        at java.util.concurrent.ThreadPoolExecutor$Worker.run(ThreadPoolExecutor.java:624)
        at java.lang.Thread.run(Thread.java:748)
"pool-26-thread-5"  prio=5 tid=335 in Object.wait()
java.lang.Thread.State: WAITING (on object monitor)
        at sun.misc.Unsafe.park(Native Method)
        at java.util.concurrent.locks.LockSupport.park(LockSupport.java:175)
        at java.util.concurrent.locks.AbstractQueuedSynchronizer$ConditionObject.await(AbstractQueuedSynchronizer.java:2039)
        at java.util.concurrent.ArrayBlockingQueue.take(ArrayBlockingQueue.java:403)
        at java.util.concurrent.ThreadPoolExecutor.getTask(ThreadPoolExecutor.java:1074)
        at java.util.concurrent.ThreadPoolExecutor.runWorker(ThreadPoolExecutor.java:1134)
        at java.util.concurrent.ThreadPoolExecutor$Worker.run(ThreadPoolExecutor.java:624)
        at java.lang.Thread.run(Thread.java:748)
"pool-56-thread-13"  prio=5 tid=499 in Object.wait()
java.lang.Thread.State: WAITING (on object monitor)
        at sun.misc.Unsafe.park(Native Method)
        at java.util.concurrent.locks.LockSupport.park(LockSupport.java:175)
        at java.util.concurrent.locks.AbstractQueuedSynchronizer$ConditionObject.await(AbstractQueuedSynchronizer.java:2039)
        at java.util.concurrent.ArrayBlockingQueue.take(ArrayBlockingQueue.java:403)
        at java.util.concurrent.ThreadPoolExecutor.getTask(ThreadPoolExecutor.java:1074)
        at java.util.concurrent.ThreadPoolExecutor.runWorker(ThreadPoolExecutor.java:1134)
        at java.util.concurrent.ThreadPoolExecutor$Worker.run(ThreadPoolExecutor.java:624)
        at java.lang.Thread.run(Thread.java:748)
"pool-26-thread-16"  prio=5 tid=369 in Object.wait()
java.lang.Thread.State: WAITING (on object monitor)
        at sun.misc.Unsafe.park(Native Method)
        at java.util.concurrent.locks.LockSupport.park(LockSupport.java:175)
        at java.util.concurrent.locks.AbstractQueuedSynchronizer$ConditionObject.await(AbstractQueuedSynchronizer.java:2039)
        at java.util.concurrent.ArrayBlockingQueue.take(ArrayBlockingQueue.java:403)
        at java.util.concurrent.ThreadPoolExecutor.getTask(ThreadPoolExecutor.java:1074)
        at java.util.concurrent.ThreadPoolExecutor.runWorker(ThreadPoolExecutor.java:1134)
        at java.util.concurrent.ThreadPoolExecutor$Worker.run(ThreadPoolExecutor.java:624)
        at java.lang.Thread.run(Thread.java:748)
"pool-46-thread-29"  prio=5 tid=389 in Object.wait()
java.lang.Thread.State: WAITING (on object monitor)
        at sun.misc.Unsafe.park(Native Method)
        at java.util.concurrent.locks.LockSupport.park(LockSupport.java:175)
        at java.util.concurrent.locks.AbstractQueuedSynchronizer$ConditionObject.await(AbstractQueuedSynchronizer.java:2039)
        at java.util.concurrent.ArrayBlockingQueue.take(ArrayBlockingQueue.java:403)
        at java.util.concurrent.ThreadPoolExecutor.getTask(ThreadPoolExecutor.java:1074)
        at java.util.concurrent.ThreadPoolExecutor.runWorker(ThreadPoolExecutor.java:1134)
        at java.util.concurrent.ThreadPoolExecutor$Worker.run(ThreadPoolExecutor.java:624)
        at java.lang.Thread.run(Thread.java:748)
"pool-66-thread-40"  prio=5 tid=650 in Object.wait()
java.lang.Thread.State: WAITING (on object monitor)
        at sun.misc.Unsafe.park(Native Method)
        at java.util.concurrent.locks.LockSupport.park(LockSupport.java:175)
        at java.util.concurrent.locks.AbstractQueuedSynchronizer$ConditionObject.await(AbstractQueuedSynchronizer.java:2039)
        at java.util.concurrent.ArrayBlockingQueue.take(ArrayBlockingQueue.java:403)
        at java.util.concurrent.ThreadPoolExecutor.getTask(ThreadPoolExecutor.java:1074)
        at java.util.concurrent.ThreadPoolExecutor.runWorker(ThreadPoolExecutor.java:1134)
        at java.util.concurrent.ThreadPoolExecutor$Worker.run(ThreadPoolExecutor.java:624)
        at java.lang.Thread.run(Thread.java:748)
"pool-36-thread-41"  prio=5 tid=434 in Object.wait()
java.lang.Thread.State: WAITING (on object monitor)
        at sun.misc.Unsafe.park(Native Method)
        at java.util.concurrent.locks.LockSupport.park(LockSupport.java:175)
        at java.util.concurrent.locks.AbstractQueuedSynchronizer$ConditionObject.await(AbstractQueuedSynchronizer.java:2039)
        at java.util.concurrent.ArrayBlockingQueue.take(ArrayBlockingQueue.java:403)
        at java.util.concurrent.ThreadPoolExecutor.getTask(ThreadPoolExecutor.java:1074)
        at java.util.concurrent.ThreadPoolExecutor.runWorker(ThreadPoolExecutor.java:1134)
        at java.util.concurrent.ThreadPoolExecutor$Worker.run(ThreadPoolExecutor.java:624)
        at java.lang.Thread.run(Thread.java:748)
"pool-26-thread-11"  prio=5 tid=355 in Object.wait()
java.lang.Thread.State: WAITING (on object monitor)
        at sun.misc.Unsafe.park(Native Method)
        at java.util.concurrent.locks.LockSupport.park(LockSupport.java:175)
        at java.util.concurrent.locks.AbstractQueuedSynchronizer$ConditionObject.await(AbstractQueuedSynchronizer.java:2039)
        at java.util.concurrent.ArrayBlockingQueue.take(ArrayBlockingQueue.java:403)
        at java.util.concurrent.ThreadPoolExecutor.getTask(ThreadPoolExecutor.java:1074)
        at java.util.concurrent.ThreadPoolExecutor.runWorker(ThreadPoolExecutor.java:1134)
        at java.util.concurrent.ThreadPoolExecutor$Worker.run(ThreadPoolExecutor.java:624)
        at java.lang.Thread.run(Thread.java:748)
"pool-46-thread-42"  prio=5 tid=424 in Object.wait()
java.lang.Thread.State: WAITING (on object monitor)
        at sun.misc.Unsafe.park(Native Method)
        at java.util.concurrent.locks.LockSupport.park(LockSupport.java:175)
        at java.util.concurrent.locks.AbstractQueuedSynchronizer$ConditionObject.await(AbstractQueuedSynchronizer.java:2039)
        at java.util.concurrent.ArrayBlockingQueue.take(ArrayBlockingQueue.java:403)
        at java.util.concurrent.ThreadPoolExecutor.getTask(ThreadPoolExecutor.java:1074)
        at java.util.concurrent.ThreadPoolExecutor.runWorker(ThreadPoolExecutor.java:1134)
        at java.util.concurrent.ThreadPoolExecutor$Worker.run(ThreadPoolExecutor.java:624)
        at java.lang.Thread.run(Thread.java:748)
"grpc-default-executor-3" daemon prio=5 tid=816 timed_waiting
java.lang.Thread.State: TIMED_WAITING
        at sun.misc.Unsafe.park(Native Method)
        at java.util.concurrent.locks.LockSupport.parkNanos(LockSupport.java:215)
        at java.util.concurrent.SynchronousQueue$TransferStack.awaitFulfill(SynchronousQueue.java:460)
        at java.util.concurrent.SynchronousQueue$TransferStack.transfer(SynchronousQueue.java:362)
        at java.util.concurrent.SynchronousQueue.poll(SynchronousQueue.java:941)
        at java.util.concurrent.ThreadPoolExecutor.getTask(ThreadPoolExecutor.java:1073)
        at java.util.concurrent.ThreadPoolExecutor.runWorker(ThreadPoolExecutor.java:1134)
        at java.util.concurrent.ThreadPoolExecutor$Worker.run(ThreadPoolExecutor.java:624)
        at java.lang.Thread.run(Thread.java:748)
"qtp559644343-302" daemon prio=5 tid=302 timed_waiting
java.lang.Thread.State: TIMED_WAITING
        at sun.misc.Unsafe.park(Native Method)
        at java.util.concurrent.locks.LockSupport.parkNanos(LockSupport.java:215)
        at java.util.concurrent.locks.AbstractQueuedSynchronizer$ConditionObject.awaitNanos(AbstractQueuedSynchronizer.java:2078)
        at org.eclipse.jetty.util.BlockingArrayQueue.poll(BlockingArrayQueue.java:392)
        at org.eclipse.jetty.util.thread.QueuedThreadPool.idleJobPoll(QueuedThreadPool.java:563)
        at org.eclipse.jetty.util.thread.QueuedThreadPool.access$800(QueuedThreadPool.java:48)
        at org.eclipse.jetty.util.thread.QueuedThreadPool$2.run(QueuedThreadPool.java:626)
        at java.lang.Thread.run(Thread.java:748)
"java.util.concurrent.ThreadPoolExecutor$Worker@2d68fd4e[State = -1, empty queue]" daemon prio=5 tid=861 timed_waiting
java.lang.Thread.State: TIMED_WAITING
        at sun.misc.Unsafe.park(Native Method)
        at java.util.concurrent.locks.LockSupport.parkNanos(LockSupport.java:215)
        at java.util.concurrent.locks.AbstractQueuedSynchronizer$ConditionObject.awaitNanos(AbstractQueuedSynchronizer.java:2078)
        at java.util.concurrent.ScheduledThreadPoolExecutor$DelayedWorkQueue.take(ScheduledThreadPoolExecutor.java:1093)
        at java.util.concurrent.ScheduledThreadPoolExecutor$DelayedWorkQueue.take(ScheduledThreadPoolExecutor.java:809)
        at java.util.concurrent.ThreadPoolExecutor.getTask(ThreadPoolExecutor.java:1074)
        at java.util.concurrent.ThreadPoolExecutor.runWorker(ThreadPoolExecutor.java:1134)
        at java.util.concurrent.ThreadPoolExecutor$Worker.run(ThreadPoolExecutor.java:624)
        at java.lang.Thread.run(Thread.java:748)
"metrics-hadoop-metrics2-reporter-31-thread-1" daemon prio=5 tid=786 timed_waiting
java.lang.Thread.State: TIMED_WAITING
        at sun.misc.Unsafe.park(Native Method)
        at java.util.concurrent.locks.LockSupport.parkNanos(LockSupport.java:215)
        at java.util.concurrent.locks.AbstractQueuedSynchronizer$ConditionObject.awaitNanos(AbstractQueuedSynchronizer.java:2078)
        at java.util.concurrent.ScheduledThreadPoolExecutor$DelayedWorkQueue.take(ScheduledThreadPoolExecutor.java:1093)
        at java.util.concurrent.ScheduledThreadPoolExecutor$DelayedWorkQueue.take(ScheduledThreadPoolExecutor.java:809)
        at java.util.concurrent.ThreadPoolExecutor.getTask(ThreadPoolExecutor.java:1074)
        at java.util.concurrent.ThreadPoolExecutor.runWorker(ThreadPoolExecutor.java:1134)
        at java.util.concurrent.ThreadPoolExecutor$Worker.run(ThreadPoolExecutor.java:624)
        at java.lang.Thread.run(Thread.java:748)
"refreshUsed-/workdir/hadoop-ozone/integration-test/target/test-dir/MiniOzoneClusterImpl-eeadbacc-06c2-472c-a3f4-8a25f61a295a/datanode-4/data/containers" daemon prio=5 tid=263 timed_waiting
java.lang.Thread.State: TIMED_WAITING
        at java.lang.Thread.sleep(Native Method)
        at org.apache.hadoop.fs.CachingGetSpaceUsed$RefreshThread.run(CachingGetSpaceUsed.java:179)
        at java.lang.Thread.run(Thread.java:748)
"Thread-453" daemon prio=5 tid=1044 timed_waiting
java.lang.Thread.State: TIMED_WAITING
        at java.lang.Thread.sleep(Native Method)
        at org.apache.ratis.util.JavaUtils.sleep(JavaUtils.java:247)
        at org.apache.ratis.server.impl.FollowerState.run(FollowerState.java:97)
"org.eclipse.jetty.server.session.HashSessionManager@41bd33c7Timer" daemon prio=5 tid=276 timed_waiting
java.lang.Thread.State: TIMED_WAITING
        at sun.misc.Unsafe.park(Native Method)
        at java.util.concurrent.locks.LockSupport.parkNanos(LockSupport.java:215)
        at java.util.concurrent.locks.AbstractQueuedSynchronizer$ConditionObject.awaitNanos(AbstractQueuedSynchronizer.java:2078)
        at java.util.concurrent.ScheduledThreadPoolExecutor$DelayedWorkQueue.take(ScheduledThreadPoolExecutor.java:1093)
        at java.util.concurrent.ScheduledThreadPoolExecutor$DelayedWorkQueue.take(ScheduledThreadPoolExecutor.java:809)
        at java.util.concurrent.ThreadPoolExecutor.getTask(ThreadPoolExecutor.java:1074)
        at java.util.concurrent.ThreadPoolExecutor.runWorker(ThreadPoolExecutor.java:1134)
        at java.util.concurrent.ThreadPoolExecutor$Worker.run(ThreadPoolExecutor.java:624)
        at java.lang.Thread.run(Thread.java:748)
"Datanode ReportManager Thread - 2" daemon prio=5 tid=228 in Object.wait()
java.lang.Thread.State: WAITING (on object monitor)
        at sun.misc.Unsafe.park(Native Method)
        at java.util.concurrent.locks.LockSupport.park(LockSupport.java:175)
        at java.util.concurrent.locks.AbstractQueuedSynchronizer$ConditionObject.await(AbstractQueuedSynchronizer.java:2039)
        at java.util.concurrent.ScheduledThreadPoolExecutor$DelayedWorkQueue.take(ScheduledThreadPoolExecutor.java:1088)
        at java.util.concurrent.ScheduledThreadPoolExecutor$DelayedWorkQueue.take(ScheduledThreadPoolExecutor.java:809)
        at java.util.concurrent.ThreadPoolExecutor.getTask(ThreadPoolExecutor.java:1074)
        at java.util.concurrent.ThreadPoolExecutor.runWorker(ThreadPoolExecutor.java:1134)
        at java.util.concurrent.ThreadPoolExecutor$Worker.run(ThreadPoolExecutor.java:624)
        at java.lang.Thread.run(Thread.java:748)
"pool-26-thread-58"  prio=5 tid=510 in Object.wait()
java.lang.Thread.State: WAITING (on object monitor)
        at sun.misc.Unsafe.park(Native Method)
        at java.util.concurrent.locks.LockSupport.park(LockSupport.java:175)
        at java.util.concurrent.locks.AbstractQueuedSynchronizer$ConditionObject.await(AbstractQueuedSynchronizer.java:2039)
        at java.util.concurrent.ArrayBlockingQueue.take(ArrayBlockingQueue.java:403)
        at java.util.concurrent.ThreadPoolExecutor.getTask(ThreadPoolExecutor.java:1074)
        at java.util.concurrent.ThreadPoolExecutor.runWorker(ThreadPoolExecutor.java:1134)
        at java.util.concurrent.ThreadPoolExecutor$Worker.run(ThreadPoolExecutor.java:624)
        at java.lang.Thread.run(Thread.java:748)
"pool-26-thread-37"  prio=5 tid=459 in Object.wait()
java.lang.Thread.State: WAITING (on object monitor)
        at sun.misc.Unsafe.park(Native Method)
        at java.util.concurrent.locks.LockSupport.park(LockSupport.java:175)
        at java.util.concurrent.locks.AbstractQueuedSynchronizer$ConditionObject.await(AbstractQueuedSynchronizer.java:2039)
        at java.util.concurrent.ArrayBlockingQueue.take(ArrayBlockingQueue.java:403)
        at java.util.concurrent.ThreadPoolExecutor.getTask(ThreadPoolExecutor.java:1074)
        at java.util.concurrent.ThreadPoolExecutor.runWorker(ThreadPoolExecutor.java:1134)
        at java.util.concurrent.ThreadPoolExecutor$Worker.run(ThreadPoolExecutor.java:624)
        at java.lang.Thread.run(Thread.java:748)
"pool-56-thread-52"  prio=5 tid=546 in Object.wait()
java.lang.Thread.State: WAITING (on object monitor)
        at sun.misc.Unsafe.park(Native Method)
        at java.util.concurrent.locks.LockSupport.park(LockSupport.java:175)
        at java.util.concurrent.locks.AbstractQueuedSynchronizer$ConditionObject.await(AbstractQueuedSynchronizer.java:2039)
        at java.util.concurrent.ArrayBlockingQueue.take(ArrayBlockingQueue.java:403)
        at java.util.concurrent.ThreadPoolExecutor.getTask(ThreadPoolExecutor.java:1074)
        at java.util.concurrent.ThreadPoolExecutor.runWorker(ThreadPoolExecutor.java:1134)
        at java.util.concurrent.ThreadPoolExecutor$Worker.run(ThreadPoolExecutor.java:624)
        at java.lang.Thread.run(Thread.java:748)
"pool-46-thread-9"  prio=5 tid=331 in Object.wait()
java.lang.Thread.State: WAITING (on object monitor)
        at sun.misc.Unsafe.park(Native Method)
        at java.util.concurrent.locks.LockSupport.park(LockSupport.java:175)
        at java.util.concurrent.locks.AbstractQueuedSynchronizer$ConditionObject.await(AbstractQueuedSynchronizer.java:2039)
        at java.util.concurrent.ArrayBlockingQueue.take(ArrayBlockingQueue.java:403)
        at java.util.concurrent.ThreadPoolExecutor.getTask(ThreadPoolExecutor.java:1074)
        at java.util.concurrent.ThreadPoolExecutor.runWorker(ThreadPoolExecutor.java:1134)
        at java.util.concurrent.ThreadPoolExecutor$Worker.run(ThreadPoolExecutor.java:624)
        at java.lang.Thread.run(Thread.java:748)
"920a4478-64f4-4720-983c-9a2102f3c94b@group-9DC5606B5DE8-StateMachineUpdater" daemon prio=5 tid=949 in Object.wait()
java.lang.Thread.State: WAITING (on object monitor)
        at java.lang.Object.wait(Native Method)
        at java.lang.Object.wait(Object.java:502)
        at org.apache.ratis.server.impl.StateMachineUpdater.waitForCommit(StateMachineUpdater.java:194)
        at org.apache.ratis.server.impl.StateMachineUpdater.run(StateMachineUpdater.java:159)
        at java.lang.Thread.run(Thread.java:748)
"4b035f45-7941-40c3-ba2d-1cbecd2d369e@group-9DC5606B5DE8-SegmentedRaftLogWorker"  prio=5 tid=944 timed_waiting
java.lang.Thread.State: TIMED_WAITING
        at sun.misc.Unsafe.park(Native Method)
        at java.util.concurrent.locks.LockSupport.parkNanos(LockSupport.java:215)
        at java.util.concurrent.locks.AbstractQueuedSynchronizer$ConditionObject.awaitNanos(AbstractQueuedSynchronizer.java:2078)
        at org.apache.ratis.util.DataBlockingQueue.poll(DataBlockingQueue.java:137)
        at org.apache.ratis.server.raftlog.segmented.SegmentedRaftLogWorker.run(SegmentedRaftLogWorker.java:282)
        at java.lang.Thread.run(Thread.java:748)
"pool-21-thread-1"  prio=5 tid=136 timed_waiting
java.lang.Thread.State: TIMED_WAITING
        at sun.misc.Unsafe.park(Native Method)
        at java.util.concurrent.locks.LockSupport.parkNanos(LockSupport.java:215)
        at java.util.concurrent.locks.AbstractQueuedSynchronizer$ConditionObject.awaitNanos(AbstractQueuedSynchronizer.java:2078)
        at java.util.concurrent.ScheduledThreadPoolExecutor$DelayedWorkQueue.take(ScheduledThreadPoolExecutor.java:1093)
        at java.util.concurrent.ScheduledThreadPoolExecutor$DelayedWorkQueue.take(ScheduledThreadPoolExecutor.java:809)
        at java.util.concurrent.ThreadPoolExecutor.getTask(ThreadPoolExecutor.java:1074)
        at java.util.concurrent.ThreadPoolExecutor.runWorker(ThreadPoolExecutor.java:1134)
        at java.util.concurrent.ThreadPoolExecutor$Worker.run(ThreadPoolExecutor.java:624)
        at java.lang.Thread.run(Thread.java:748)
"metrics-hadoop-metrics2-reporter-54-thread-1" daemon prio=5 tid=912 timed_waiting
java.lang.Thread.State: TIMED_WAITING
        at sun.misc.Unsafe.park(Native Method)
        at java.util.concurrent.locks.LockSupport.parkNanos(LockSupport.java:215)
        at java.util.concurrent.locks.AbstractQueuedSynchronizer$ConditionObject.awaitNanos(AbstractQueuedSynchronizer.java:2078)
        at java.util.concurrent.ScheduledThreadPoolExecutor$DelayedWorkQueue.take(ScheduledThreadPoolExecutor.java:1093)
        at java.util.concurrent.ScheduledThreadPoolExecutor$DelayedWorkQueue.take(ScheduledThreadPoolExecutor.java:809)
        at java.util.concurrent.ThreadPoolExecutor.getTask(ThreadPoolExecutor.java:1074)
        at java.util.concurrent.ThreadPoolExecutor.runWorker(ThreadPoolExecutor.java:1134)
        at java.util.concurrent.ThreadPoolExecutor$Worker.run(ThreadPoolExecutor.java:624)
        at java.lang.Thread.run(Thread.java:748)
"org.eclipse.jetty.server.session.HashSessionManager@71e01f2bTimer" daemon prio=5 tid=147 timed_waiting
java.lang.Thread.State: TIMED_WAITING
        at sun.misc.Unsafe.park(Native Method)
        at java.util.concurrent.locks.LockSupport.parkNanos(LockSupport.java:215)
        at java.util.concurrent.locks.AbstractQueuedSynchronizer$ConditionObject.awaitNanos(AbstractQueuedSynchronizer.java:2078)
        at java.util.concurrent.ScheduledThreadPoolExecutor$DelayedWorkQueue.take(ScheduledThreadPoolExecutor.java:1093)
        at java.util.concurrent.ScheduledThreadPoolExecutor$DelayedWorkQueue.take(ScheduledThreadPoolExecutor.java:809)
        at java.util.concurrent.ThreadPoolExecutor.getTask(ThreadPoolExecutor.java:1074)
        at java.util.concurrent.ThreadPoolExecutor.runWorker(ThreadPoolExecutor.java:1134)
        at java.util.concurrent.ThreadPoolExecutor$Worker.run(ThreadPoolExecutor.java:624)
        at java.lang.Thread.run(Thread.java:748)
"qtp559644343-300" daemon prio=5 tid=300 timed_waiting
java.lang.Thread.State: TIMED_WAITING
        at sun.misc.Unsafe.park(Native Method)
        at java.util.concurrent.locks.LockSupport.parkNanos(LockSupport.java:215)
        at java.util.concurrent.locks.AbstractQueuedSynchronizer$ConditionObject.awaitNanos(AbstractQueuedSynchronizer.java:2078)
        at org.eclipse.jetty.util.BlockingArrayQueue.poll(BlockingArrayQueue.java:392)
        at org.eclipse.jetty.util.thread.QueuedThreadPool.idleJobPoll(QueuedThreadPool.java:563)
        at org.eclipse.jetty.util.thread.QueuedThreadPool.access$800(QueuedThreadPool.java:48)
        at org.eclipse.jetty.util.thread.QueuedThreadPool$2.run(QueuedThreadPool.java:626)
        at java.lang.Thread.run(Thread.java:748)
"pool-46-thread-15"  prio=5 tid=353 in Object.wait()
java.lang.Thread.State: WAITING (on object monitor)
        at sun.misc.Unsafe.park(Native Method)
        at java.util.concurrent.locks.LockSupport.park(LockSupport.java:175)
        at java.util.concurrent.locks.AbstractQueuedSynchronizer$ConditionObject.await(AbstractQueuedSynchronizer.java:2039)
        at java.util.concurrent.ArrayBlockingQueue.take(ArrayBlockingQueue.java:403)
        at java.util.concurrent.ThreadPoolExecutor.getTask(ThreadPoolExecutor.java:1074)
        at java.util.concurrent.ThreadPoolExecutor.runWorker(ThreadPoolExecutor.java:1134)
        at java.util.concurrent.ThreadPoolExecutor$Worker.run(ThreadPoolExecutor.java:624)
        at java.lang.Thread.run(Thread.java:748)
"pool-36-thread-10"  prio=5 tid=340 in Object.wait()
java.lang.Thread.State: WAITING (on object monitor)
        at sun.misc.Unsafe.park(Native Method)
        at java.util.concurrent.locks.LockSupport.park(LockSupport.java:175)
        at java.util.concurrent.locks.AbstractQueuedSynchronizer$ConditionObject.await(AbstractQueuedSynchronizer.java:2039)
        at java.util.concurrent.ArrayBlockingQueue.take(ArrayBlockingQueue.java:403)
        at java.util.concurrent.ThreadPoolExecutor.getTask(ThreadPoolExecutor.java:1074)
        at java.util.concurrent.ThreadPoolExecutor.runWorker(ThreadPoolExecutor.java:1134)
        at java.util.concurrent.ThreadPoolExecutor$Worker.run(ThreadPoolExecutor.java:624)
        at java.lang.Thread.run(Thread.java:748)
"qtp30546661-193" daemon prio=5 tid=193 timed_waiting
java.lang.Thread.State: TIMED_WAITING
        at sun.misc.Unsafe.park(Native Method)
        at java.util.concurrent.locks.LockSupport.parkNanos(LockSupport.java:215)
        at java.util.concurrent.locks.AbstractQueuedSynchronizer$ConditionObject.awaitNanos(AbstractQueuedSynchronizer.java:2078)
        at org.eclipse.jetty.util.BlockingArrayQueue.poll(BlockingArrayQueue.java:392)
        at org.eclipse.jetty.util.thread.QueuedThreadPool.idleJobPoll(QueuedThreadPool.java:563)
        at org.eclipse.jetty.util.thread.QueuedThreadPool.access$800(QueuedThreadPool.java:48)
        at org.eclipse.jetty.util.thread.QueuedThreadPool$2.run(QueuedThreadPool.java:626)
        at java.lang.Thread.run(Thread.java:748)
"IPC Server handler 0 on 42810" daemon prio=5 tid=115 timed_waiting
java.lang.Thread.State: TIMED_WAITING
        at sun.misc.Unsafe.park(Native Method)
        at java.util.concurrent.locks.LockSupport.parkNanos(LockSupport.java:215)
        at java.util.concurrent.locks.AbstractQueuedSynchronizer$ConditionObject.awaitNanos(AbstractQueuedSynchronizer.java:2078)
        at java.util.concurrent.LinkedBlockingQueue.poll(LinkedBlockingQueue.java:467)
        at org.apache.hadoop.ipc.CallQueueManager.take(CallQueueManager.java:288)
        at org.apache.hadoop.ipc.Server$Handler.run(Server.java:2668)
"IPC Server handler 18 on 42372" daemon prio=5 tid=88 timed_waiting
java.lang.Thread.State: TIMED_WAITING
        at sun.misc.Unsafe.park(Native Method)
        at java.util.concurrent.locks.LockSupport.parkNanos(LockSupport.java:215)
        at java.util.concurrent.locks.AbstractQueuedSynchronizer$ConditionObject.awaitNanos(AbstractQueuedSynchronizer.java:2078)
        at java.util.concurrent.LinkedBlockingQueue.poll(LinkedBlockingQueue.java:467)
        at org.apache.hadoop.ipc.CallQueueManager.take(CallQueueManager.java:288)
        at org.apache.hadoop.ipc.Server$Handler.run(Server.java:2668)
"pool-76-thread-56"  prio=5 tid=651 in Object.wait()
java.lang.Thread.State: WAITING (on object monitor)
        at sun.misc.Unsafe.park(Native Method)
        at java.util.concurrent.locks.LockSupport.park(LockSupport.java:175)
        at java.util.concurrent.locks.AbstractQueuedSynchronizer$ConditionObject.await(AbstractQueuedSynchronizer.java:2039)
        at java.util.concurrent.ArrayBlockingQueue.take(ArrayBlockingQueue.java:403)
        at java.util.concurrent.ThreadPoolExecutor.getTask(ThreadPoolExecutor.java:1074)
        at java.util.concurrent.ThreadPoolExecutor.runWorker(ThreadPoolExecutor.java:1134)
        at java.util.concurrent.ThreadPoolExecutor$Worker.run(ThreadPoolExecutor.java:624)
        at java.lang.Thread.run(Thread.java:748)
"pool-36-thread-27"  prio=5 tid=397 in Object.wait()
java.lang.Thread.State: WAITING (on object monitor)
        at sun.misc.Unsafe.park(Native Method)
        at java.util.concurrent.locks.LockSupport.park(LockSupport.java:175)
        at java.util.concurrent.locks.AbstractQueuedSynchronizer$ConditionObject.await(AbstractQueuedSynchronizer.java:2039)
        at java.util.concurrent.ArrayBlockingQueue.take(ArrayBlockingQueue.java:403)
        at java.util.concurrent.ThreadPoolExecutor.getTask(ThreadPoolExecutor.java:1074)
        at java.util.concurrent.ThreadPoolExecutor.runWorker(ThreadPoolExecutor.java:1134)
        at java.util.concurrent.ThreadPoolExecutor$Worker.run(ThreadPoolExecutor.java:624)
        at java.lang.Thread.run(Thread.java:748)
"pool-66-thread-48"  prio=5 tid=663 in Object.wait()
java.lang.Thread.State: WAITING (on object monitor)
        at sun.misc.Unsafe.park(Native Method)
        at java.util.concurrent.locks.LockSupport.park(LockSupport.java:175)
        at java.util.concurrent.locks.AbstractQueuedSynchronizer$ConditionObject.await(AbstractQueuedSynchronizer.java:2039)
        at java.util.concurrent.ArrayBlockingQueue.take(ArrayBlockingQueue.java:403)
        at java.util.concurrent.ThreadPoolExecutor.getTask(ThreadPoolExecutor.java:1074)
        at java.util.concurrent.ThreadPoolExecutor.runWorker(ThreadPoolExecutor.java:1134)
        at java.util.concurrent.ThreadPoolExecutor$Worker.run(ThreadPoolExecutor.java:624)
        at java.lang.Thread.run(Thread.java:748)
"2636e257-7a47-4bf8-b940-93a028f0c6b6@group-CA4E2DA81E43-SegmentedRaftLogWorker"  prio=5 tid=753 timed_waiting
java.lang.Thread.State: TIMED_WAITING
        at sun.misc.Unsafe.park(Native Method)
        at java.util.concurrent.locks.LockSupport.parkNanos(LockSupport.java:215)
        at java.util.concurrent.locks.AbstractQueuedSynchronizer$ConditionObject.awaitNanos(AbstractQueuedSynchronizer.java:2078)
        at org.apache.ratis.util.DataBlockingQueue.poll(DataBlockingQueue.java:137)
        at org.apache.ratis.server.raftlog.segmented.SegmentedRaftLogWorker.run(SegmentedRaftLogWorker.java:282)
        at java.lang.Thread.run(Thread.java:748)
"metrics-hadoop-metrics2-reporter-3-thread-1" daemon prio=5 tid=707 timed_waiting
java.lang.Thread.State: TIMED_WAITING
        at sun.misc.Unsafe.park(Native Method)
        at java.util.concurrent.locks.LockSupport.parkNanos(LockSupport.java:215)
        at java.util.concurrent.locks.AbstractQueuedSynchronizer$ConditionObject.awaitNanos(AbstractQueuedSynchronizer.java:2078)
        at java.util.concurrent.ScheduledThreadPoolExecutor$DelayedWorkQueue.take(ScheduledThreadPoolExecutor.java:1093)
        at java.util.concurrent.ScheduledThreadPoolExecutor$DelayedWorkQueue.take(ScheduledThreadPoolExecutor.java:809)
        at java.util.concurrent.ThreadPoolExecutor.getTask(ThreadPoolExecutor.java:1074)
        at java.util.concurrent.ThreadPoolExecutor.runWorker(ThreadPoolExecutor.java:1134)
        at java.util.concurrent.ThreadPoolExecutor$Worker.run(ThreadPoolExecutor.java:624)
        at java.lang.Thread.run(Thread.java:748)
"4b035f45-7941-40c3-ba2d-1cbecd2d369e@group-8AC045C62D9A-SegmentedRaftLogWorker"  prio=5 tid=726 timed_waiting
java.lang.Thread.State: TIMED_WAITING
        at sun.misc.Unsafe.park(Native Method)
        at java.util.concurrent.locks.LockSupport.parkNanos(LockSupport.java:215)
        at java.util.concurrent.locks.AbstractQueuedSynchronizer$ConditionObject.awaitNanos(AbstractQueuedSynchronizer.java:2078)
        at org.apache.ratis.util.DataBlockingQueue.poll(DataBlockingQueue.java:137)
        at org.apache.ratis.server.raftlog.segmented.SegmentedRaftLogWorker.run(SegmentedRaftLogWorker.java:282)
        at java.lang.Thread.run(Thread.java:748)
"pool-36-thread-33"  prio=5 tid=411 in Object.wait()
java.lang.Thread.State: WAITING (on object monitor)
        at sun.misc.Unsafe.park(Native Method)
        at java.util.concurrent.locks.LockSupport.park(LockSupport.java:175)
        at java.util.concurrent.locks.AbstractQueuedSynchronizer$ConditionObject.await(AbstractQueuedSynchronizer.java:2039)
        at java.util.concurrent.ArrayBlockingQueue.take(ArrayBlockingQueue.java:403)
        at java.util.concurrent.ThreadPoolExecutor.getTask(ThreadPoolExecutor.java:1074)
        at java.util.concurrent.ThreadPoolExecutor.runWorker(ThreadPoolExecutor.java:1134)
        at java.util.concurrent.ThreadPoolExecutor$Worker.run(ThreadPoolExecutor.java:624)
        at java.lang.Thread.run(Thread.java:748)
"Datanode ReportManager Thread - 3" daemon prio=5 tid=202 in Object.wait()
java.lang.Thread.State: WAITING (on object monitor)
        at sun.misc.Unsafe.park(Native Method)
        at java.util.concurrent.locks.LockSupport.park(LockSupport.java:175)
        at java.util.concurrent.locks.AbstractQueuedSynchronizer$ConditionObject.await(AbstractQueuedSynchronizer.java:2039)
        at java.util.concurrent.ScheduledThreadPoolExecutor$DelayedWorkQueue.take(ScheduledThreadPoolExecutor.java:1088)
        at java.util.concurrent.ScheduledThreadPoolExecutor$DelayedWorkQueue.take(ScheduledThreadPoolExecutor.java:809)
        at java.util.concurrent.ThreadPoolExecutor.getTask(ThreadPoolExecutor.java:1074)
        at java.util.concurrent.ThreadPoolExecutor.runWorker(ThreadPoolExecutor.java:1134)
        at java.util.concurrent.ThreadPoolExecutor$Worker.run(ThreadPoolExecutor.java:624)
        at java.lang.Thread.run(Thread.java:748)
"pool-56-thread-3"  prio=5 tid=469 in Object.wait()
java.lang.Thread.State: WAITING (on object monitor)
        at sun.misc.Unsafe.park(Native Method)
        at java.util.concurrent.locks.LockSupport.park(LockSupport.java:175)
        at java.util.concurrent.locks.AbstractQueuedSynchronizer$ConditionObject.await(AbstractQueuedSynchronizer.java:2039)
        at java.util.concurrent.ArrayBlockingQueue.take(ArrayBlockingQueue.java:403)
        at java.util.concurrent.ThreadPoolExecutor.getTask(ThreadPoolExecutor.java:1074)
        at java.util.concurrent.ThreadPoolExecutor.runWorker(ThreadPoolExecutor.java:1134)
        at java.util.concurrent.ThreadPoolExecutor$Worker.run(ThreadPoolExecutor.java:624)
        at java.lang.Thread.run(Thread.java:748)
"pool-36-thread-48"  prio=5 tid=448 in Object.wait()
java.lang.Thread.State: WAITING (on object monitor)
        at sun.misc.Unsafe.park(Native Method)
        at java.util.concurrent.locks.LockSupport.park(LockSupport.java:175)
        at java.util.concurrent.locks.AbstractQueuedSynchronizer$ConditionObject.await(AbstractQueuedSynchronizer.java:2039)
        at java.util.concurrent.ArrayBlockingQueue.take(ArrayBlockingQueue.java:403)
        at java.util.concurrent.ThreadPoolExecutor.getTask(ThreadPoolExecutor.java:1074)
        at java.util.concurrent.ThreadPoolExecutor.runWorker(ThreadPoolExecutor.java:1134)
        at java.util.concurrent.ThreadPoolExecutor$Worker.run(ThreadPoolExecutor.java:624)
        at java.lang.Thread.run(Thread.java:748)
"pool-76-thread-35"  prio=5 tid=621 in Object.wait()
java.lang.Thread.State: WAITING (on object monitor)
        at sun.misc.Unsafe.park(Native Method)
        at java.util.concurrent.locks.LockSupport.park(LockSupport.java:175)
        at java.util.concurrent.locks.AbstractQueuedSynchronizer$ConditionObject.await(AbstractQueuedSynchronizer.java:2039)
        at java.util.concurrent.ArrayBlockingQueue.take(ArrayBlockingQueue.java:403)
        at java.util.concurrent.ThreadPoolExecutor.getTask(ThreadPoolExecutor.java:1074)
        at java.util.concurrent.ThreadPoolExecutor.runWorker(ThreadPoolExecutor.java:1134)
        at java.util.concurrent.ThreadPoolExecutor$Worker.run(ThreadPoolExecutor.java:624)
        at java.lang.Thread.run(Thread.java:748)
"Thread-257" daemon prio=5 tid=783 timed_waiting
java.lang.Thread.State: TIMED_WAITING
        at sun.misc.Unsafe.park(Native Method)
        at java.util.concurrent.locks.LockSupport.parkNanos(LockSupport.java:215)
        at java.util.concurrent.locks.AbstractQueuedSynchronizer$ConditionObject.awaitNanos(AbstractQueuedSynchronizer.java:2078)
        at java.util.concurrent.ArrayBlockingQueue.poll(ArrayBlockingQueue.java:418)
        at org.apache.ratis.server.impl.LeaderState$EventQueue.poll(LeaderState.java:115)
        at org.apache.ratis.server.impl.LeaderState$EventProcessor.run(LeaderState.java:467)
"metrics-hadoop-metrics2-reporter-74-thread-1" daemon prio=5 tid=1002 timed_waiting
java.lang.Thread.State: TIMED_WAITING
        at sun.misc.Unsafe.park(Native Method)
        at java.util.concurrent.locks.LockSupport.parkNanos(LockSupport.java:215)
        at java.util.concurrent.locks.AbstractQueuedSynchronizer$ConditionObject.awaitNanos(AbstractQueuedSynchronizer.java:2078)
        at java.util.concurrent.ScheduledThreadPoolExecutor$DelayedWorkQueue.take(ScheduledThreadPoolExecutor.java:1093)
        at java.util.concurrent.ScheduledThreadPoolExecutor$DelayedWorkQueue.take(ScheduledThreadPoolExecutor.java:809)
        at java.util.concurrent.ThreadPoolExecutor.getTask(ThreadPoolExecutor.java:1074)
        at java.util.concurrent.ThreadPoolExecutor.runWorker(ThreadPoolExecutor.java:1134)
        at java.util.concurrent.ThreadPoolExecutor$Worker.run(ThreadPoolExecutor.java:624)
        at java.lang.Thread.run(Thread.java:748)
"pool-36-thread-31"  prio=5 tid=408 in Object.wait()
java.lang.Thread.State: WAITING (on object monitor)
        at sun.misc.Unsafe.park(Native Method)
        at java.util.concurrent.locks.LockSupport.park(LockSupport.java:175)
        at java.util.concurrent.locks.AbstractQueuedSynchronizer$ConditionObject.await(AbstractQueuedSynchronizer.java:2039)
        at java.util.concurrent.ArrayBlockingQueue.take(ArrayBlockingQueue.java:403)
        at java.util.concurrent.ThreadPoolExecutor.getTask(ThreadPoolExecutor.java:1074)
        at java.util.concurrent.ThreadPoolExecutor.runWorker(ThreadPoolExecutor.java:1134)
        at java.util.concurrent.ThreadPoolExecutor$Worker.run(ThreadPoolExecutor.java:624)
        at java.lang.Thread.run(Thread.java:748)
"metrics-hadoop-metrics2-reporter-44-thread-1" daemon prio=5 tid=830 timed_waiting
java.lang.Thread.State: TIMED_WAITING
        at sun.misc.Unsafe.park(Native Method)
        at java.util.concurrent.locks.LockSupport.parkNanos(LockSupport.java:215)
        at java.util.concurrent.locks.AbstractQueuedSynchronizer$ConditionObject.awaitNanos(AbstractQueuedSynchronizer.java:2078)
        at java.util.concurrent.ScheduledThreadPoolExecutor$DelayedWorkQueue.take(ScheduledThreadPoolExecutor.java:1093)
        at java.util.concurrent.ScheduledThreadPoolExecutor$DelayedWorkQueue.take(ScheduledThreadPoolExecutor.java:809)
        at java.util.concurrent.ThreadPoolExecutor.getTask(ThreadPoolExecutor.java:1074)
        at java.util.concurrent.ThreadPoolExecutor.runWorker(ThreadPoolExecutor.java:1134)
        at java.util.concurrent.ThreadPoolExecutor$Worker.run(ThreadPoolExecutor.java:624)
        at java.lang.Thread.run(Thread.java:748)
"pool-56-thread-26"  prio=5 tid=520 in Object.wait()
java.lang.Thread.State: WAITING (on object monitor)
        at sun.misc.Unsafe.park(Native Method)
        at java.util.concurrent.locks.LockSupport.park(LockSupport.java:175)
        at java.util.concurrent.locks.AbstractQueuedSynchronizer$ConditionObject.await(AbstractQueuedSynchronizer.java:2039)
        at java.util.concurrent.ArrayBlockingQueue.take(ArrayBlockingQueue.java:403)
        at java.util.concurrent.ThreadPoolExecutor.getTask(ThreadPoolExecutor.java:1074)
        at java.util.concurrent.ThreadPoolExecutor.runWorker(ThreadPoolExecutor.java:1134)
        at java.util.concurrent.ThreadPoolExecutor$Worker.run(ThreadPoolExecutor.java:624)
        at java.lang.Thread.run(Thread.java:748)
"metrics-hadoop-metrics2-reporter-5-thread-1" daemon prio=5 tid=715 timed_waiting
java.lang.Thread.State: TIMED_WAITING
        at sun.misc.Unsafe.park(Native Method)
        at java.util.concurrent.locks.LockSupport.parkNanos(LockSupport.java:215)
        at java.util.concurrent.locks.AbstractQueuedSynchronizer$ConditionObject.awaitNanos(AbstractQueuedSynchronizer.java:2078)
        at java.util.concurrent.ScheduledThreadPoolExecutor$DelayedWorkQueue.take(ScheduledThreadPoolExecutor.java:1093)
        at java.util.concurrent.ScheduledThreadPoolExecutor$DelayedWorkQueue.take(ScheduledThreadPoolExecutor.java:809)
        at java.util.concurrent.ThreadPoolExecutor.getTask(ThreadPoolExecutor.java:1074)
        at java.util.concurrent.ThreadPoolExecutor.runWorker(ThreadPoolExecutor.java:1134)
        at java.util.concurrent.ThreadPoolExecutor$Worker.run(ThreadPoolExecutor.java:624)
        at java.lang.Thread.run(Thread.java:748)
"pool-26-thread-33"  prio=5 tid=431 in Object.wait()
java.lang.Thread.State: WAITING (on object monitor)
        at sun.misc.Unsafe.park(Native Method)
        at java.util.concurrent.locks.LockSupport.park(LockSupport.java:175)
        at java.util.concurrent.locks.AbstractQueuedSynchronizer$ConditionObject.await(AbstractQueuedSynchronizer.java:2039)
        at java.util.concurrent.ArrayBlockingQueue.take(ArrayBlockingQueue.java:403)
        at java.util.concurrent.ThreadPoolExecutor.getTask(ThreadPoolExecutor.java:1074)
        at java.util.concurrent.ThreadPoolExecutor.runWorker(ThreadPoolExecutor.java:1134)
        at java.util.concurrent.ThreadPoolExecutor$Worker.run(ThreadPoolExecutor.java:624)
        at java.lang.Thread.run(Thread.java:748)
"pool-56-thread-31"  prio=5 tid=525 in Object.wait()
java.lang.Thread.State: WAITING (on object monitor)
        at sun.misc.Unsafe.park(Native Method)
        at java.util.concurrent.locks.LockSupport.park(LockSupport.java:175)
        at java.util.concurrent.locks.AbstractQueuedSynchronizer$ConditionObject.await(AbstractQueuedSynchronizer.java:2039)
        at java.util.concurrent.ArrayBlockingQueue.take(ArrayBlockingQueue.java:403)
        at java.util.concurrent.ThreadPoolExecutor.getTask(ThreadPoolExecutor.java:1074)
        at java.util.concurrent.ThreadPoolExecutor.runWorker(ThreadPoolExecutor.java:1134)
        at java.util.concurrent.ThreadPoolExecutor$Worker.run(ThreadPoolExecutor.java:624)
        at java.lang.Thread.run(Thread.java:748)
"pool-46-thread-53"  prio=5 tid=454 in Object.wait()
java.lang.Thread.State: WAITING (on object monitor)
        at sun.misc.Unsafe.park(Native Method)
        at java.util.concurrent.locks.LockSupport.park(LockSupport.java:175)
        at java.util.concurrent.locks.AbstractQueuedSynchronizer$ConditionObject.await(AbstractQueuedSynchronizer.java:2039)
        at java.util.concurrent.ArrayBlockingQueue.take(ArrayBlockingQueue.java:403)
        at java.util.concurrent.ThreadPoolExecutor.getTask(ThreadPoolExecutor.java:1074)
        at java.util.concurrent.ThreadPoolExecutor.runWorker(ThreadPoolExecutor.java:1134)
        at java.util.concurrent.ThreadPoolExecutor$Worker.run(ThreadPoolExecutor.java:624)
        at java.lang.Thread.run(Thread.java:748)
"pool-56-thread-1"  prio=5 tid=460 in Object.wait()
java.lang.Thread.State: WAITING (on object monitor)
        at sun.misc.Unsafe.park(Native Method)
        at java.util.concurrent.locks.LockSupport.park(LockSupport.java:175)
        at java.util.concurrent.locks.AbstractQueuedSynchronizer$ConditionObject.await(AbstractQueuedSynchronizer.java:2039)
        at java.util.concurrent.ArrayBlockingQueue.take(ArrayBlockingQueue.java:403)
        at java.util.concurrent.ThreadPoolExecutor.getTask(ThreadPoolExecutor.java:1074)
        at java.util.concurrent.ThreadPoolExecutor.runWorker(ThreadPoolExecutor.java:1134)
        at java.util.concurrent.ThreadPoolExecutor$Worker.run(ThreadPoolExecutor.java:624)
        at java.lang.Thread.run(Thread.java:748)
"IPC Server idle connection scanner for port 33223" daemon prio=5 tid=21 timed_waiting
java.lang.Thread.State: TIMED_WAITING
        at java.lang.Object.wait(Native Method)
        at java.util.TimerThread.mainLoop(Timer.java:552)
        at java.util.TimerThread.run(Timer.java:505)
"pool-56-thread-7"  prio=5 tid=486 in Object.wait()
java.lang.Thread.State: WAITING (on object monitor)
        at sun.misc.Unsafe.park(Native Method)
        at java.util.concurrent.locks.LockSupport.park(LockSupport.java:175)
        at java.util.concurrent.locks.AbstractQueuedSynchronizer$ConditionObject.await(AbstractQueuedSynchronizer.java:2039)
        at java.util.concurrent.ArrayBlockingQueue.take(ArrayBlockingQueue.java:403)
        at java.util.concurrent.ThreadPoolExecutor.getTask(ThreadPoolExecutor.java:1074)
        at java.util.concurrent.ThreadPoolExecutor.runWorker(ThreadPoolExecutor.java:1134)
        at java.util.concurrent.ThreadPoolExecutor$Worker.run(ThreadPoolExecutor.java:624)
        at java.lang.Thread.run(Thread.java:748)
"pool-36-thread-45"  prio=5 tid=440 in Object.wait()
java.lang.Thread.State: WAITING (on object monitor)
        at sun.misc.Unsafe.park(Native Method)
        at java.util.concurrent.locks.LockSupport.park(LockSupport.java:175)
        at java.util.concurrent.locks.AbstractQueuedSynchronizer$ConditionObject.await(AbstractQueuedSynchronizer.java:2039)
        at java.util.concurrent.ArrayBlockingQueue.take(ArrayBlockingQueue.java:403)
        at java.util.concurrent.ThreadPoolExecutor.getTask(ThreadPoolExecutor.java:1074)
        at java.util.concurrent.ThreadPoolExecutor.runWorker(ThreadPoolExecutor.java:1134)
        at java.util.concurrent.ThreadPoolExecutor$Worker.run(ThreadPoolExecutor.java:624)
        at java.lang.Thread.run(Thread.java:748)
"pool-26-thread-46"  prio=5 tid=487 in Object.wait()
java.lang.Thread.State: WAITING (on object monitor)
        at sun.misc.Unsafe.park(Native Method)
        at java.util.concurrent.locks.LockSupport.park(LockSupport.java:175)
        at java.util.concurrent.locks.AbstractQueuedSynchronizer$ConditionObject.await(AbstractQueuedSynchronizer.java:2039)
        at java.util.concurrent.ArrayBlockingQueue.take(ArrayBlockingQueue.java:403)
        at java.util.concurrent.ThreadPoolExecutor.getTask(ThreadPoolExecutor.java:1074)
        at java.util.concurrent.ThreadPoolExecutor.runWorker(ThreadPoolExecutor.java:1134)
        at java.util.concurrent.ThreadPoolExecutor$Worker.run(ThreadPoolExecutor.java:624)
        at java.lang.Thread.run(Thread.java:748)
"EventQueue-ContainerReportForContainerReportHandler" daemon prio=5 tid=690 in Object.wait()
java.lang.Thread.State: WAITING (on object monitor)
        at sun.misc.Unsafe.park(Native Method)
        at java.util.concurrent.locks.LockSupport.park(LockSupport.java:175)
        at java.util.concurrent.locks.AbstractQueuedSynchronizer$ConditionObject.await(AbstractQueuedSynchronizer.java:2039)
        at java.util.concurrent.LinkedBlockingQueue.take(LinkedBlockingQueue.java:442)
        at java.util.concurrent.ThreadPoolExecutor.getTask(ThreadPoolExecutor.java:1074)
        at java.util.concurrent.ThreadPoolExecutor.runWorker(ThreadPoolExecutor.java:1134)
        at java.util.concurrent.ThreadPoolExecutor$Worker.run(ThreadPoolExecutor.java:624)
        at java.lang.Thread.run(Thread.java:748)
"qtp1732973321-91" daemon prio=5 tid=91 runnable
java.lang.Thread.State: RUNNABLE
        at sun.nio.ch.EPollArrayWrapper.epollWait(Native Method)
        at sun.nio.ch.EPollArrayWrapper.poll(EPollArrayWrapper.java:269)
        at sun.nio.ch.EPollSelectorImpl.doSelect(EPollSelectorImpl.java:93)
        at sun.nio.ch.SelectorImpl.lockAndDoSelect(SelectorImpl.java:86)
        at sun.nio.ch.SelectorImpl.select(SelectorImpl.java:97)
        at sun.nio.ch.SelectorImpl.select(SelectorImpl.java:101)
        at org.eclipse.jetty.io.ManagedSelector$SelectorProducer.select(ManagedSelector.java:243)
        at org.eclipse.jetty.io.ManagedSelector$SelectorProducer.produce(ManagedSelector.java:191)
        at org.eclipse.jetty.util.thread.strategy.ExecuteProduceConsume.executeProduceConsume(ExecuteProduceConsume.java:249)
        at org.eclipse.jetty.util.thread.strategy.ExecuteProduceConsume.produceConsume(ExecuteProduceConsume.java:148)
        at org.eclipse.jetty.util.thread.strategy.ExecuteProduceConsume.execute(ExecuteProduceConsume.java:100)
        at org.eclipse.jetty.io.ManagedSelector.run(ManagedSelector.java:147)
        at org.eclipse.jetty.util.thread.QueuedThreadPool.runJob(QueuedThreadPool.java:671)
        at org.eclipse.jetty.util.thread.QueuedThreadPool$2.run(QueuedThreadPool.java:589)
        at java.lang.Thread.run(Thread.java:748)
"EventQueue-NewNodeForNewNodeHandler" daemon prio=5 tid=688 in Object.wait()
java.lang.Thread.State: WAITING (on object monitor)
        at sun.misc.Unsafe.park(Native Method)
        at java.util.concurrent.locks.LockSupport.park(LockSupport.java:175)
        at java.util.concurrent.locks.AbstractQueuedSynchronizer$ConditionObject.await(AbstractQueuedSynchronizer.java:2039)
        at java.util.concurrent.LinkedBlockingQueue.take(LinkedBlockingQueue.java:442)
        at java.util.concurrent.ThreadPoolExecutor.getTask(ThreadPoolExecutor.java:1074)
        at java.util.concurrent.ThreadPoolExecutor.runWorker(ThreadPoolExecutor.java:1134)
        at java.util.concurrent.ThreadPoolExecutor$Worker.run(ThreadPoolExecutor.java:624)
        at java.lang.Thread.run(Thread.java:748)
"pool-66-thread-19"  prio=5 tid=585 in Object.wait()
java.lang.Thread.State: WAITING (on object monitor)
        at sun.misc.Unsafe.park(Native Method)
        at java.util.concurrent.locks.LockSupport.park(LockSupport.java:175)
        at java.util.concurrent.locks.AbstractQueuedSynchronizer$ConditionObject.await(AbstractQueuedSynchronizer.java:2039)
        at java.util.concurrent.ArrayBlockingQueue.take(ArrayBlockingQueue.java:403)
        at java.util.concurrent.ThreadPoolExecutor.getTask(ThreadPoolExecutor.java:1074)
        at java.util.concurrent.ThreadPoolExecutor.runWorker(ThreadPoolExecutor.java:1134)
        at java.util.concurrent.ThreadPoolExecutor$Worker.run(ThreadPoolExecutor.java:624)
        at java.lang.Thread.run(Thread.java:748)
"pool-26-thread-32"  prio=5 tid=426 in Object.wait()
java.lang.Thread.State: WAITING (on object monitor)
        at sun.misc.Unsafe.park(Native Method)
        at java.util.concurrent.locks.LockSupport.park(LockSupport.java:175)
        at java.util.concurrent.locks.AbstractQueuedSynchronizer$ConditionObject.await(AbstractQueuedSynchronizer.java:2039)
        at java.util.concurrent.ArrayBlockingQueue.take(ArrayBlockingQueue.java:403)
        at java.util.concurrent.ThreadPoolExecutor.getTask(ThreadPoolExecutor.java:1074)
        at java.util.concurrent.ThreadPoolExecutor.runWorker(ThreadPoolExecutor.java:1134)
        at java.util.concurrent.ThreadPoolExecutor$Worker.run(ThreadPoolExecutor.java:624)
        at java.lang.Thread.run(Thread.java:748)
"metrics-hadoop-metrics2-reporter-60-thread-1" daemon prio=5 tid=934 timed_waiting
java.lang.Thread.State: TIMED_WAITING
        at sun.misc.Unsafe.park(Native Method)
        at java.util.concurrent.locks.LockSupport.parkNanos(LockSupport.java:215)
        at java.util.concurrent.locks.AbstractQueuedSynchronizer$ConditionObject.awaitNanos(AbstractQueuedSynchronizer.java:2078)
        at java.util.concurrent.ScheduledThreadPoolExecutor$DelayedWorkQueue.take(ScheduledThreadPoolExecutor.java:1093)
        at java.util.concurrent.ScheduledThreadPoolExecutor$DelayedWorkQueue.take(ScheduledThreadPoolExecutor.java:809)
        at java.util.concurrent.ThreadPoolExecutor.getTask(ThreadPoolExecutor.java:1074)
        at java.util.concurrent.ThreadPoolExecutor.runWorker(ThreadPoolExecutor.java:1134)
        at java.util.concurrent.ThreadPoolExecutor$Worker.run(ThreadPoolExecutor.java:624)
        at java.lang.Thread.run(Thread.java:748)
"qtp1770687691-167" daemon prio=5 tid=167 timed_waiting
java.lang.Thread.State: TIMED_WAITING
        at sun.misc.Unsafe.park(Native Method)
        at java.util.concurrent.locks.LockSupport.parkNanos(LockSupport.java:215)
        at java.util.concurrent.locks.AbstractQueuedSynchronizer$ConditionObject.awaitNanos(AbstractQueuedSynchronizer.java:2078)
        at org.eclipse.jetty.util.BlockingArrayQueue.poll(BlockingArrayQueue.java:392)
        at org.eclipse.jetty.util.thread.QueuedThreadPool.idleJobPoll(QueuedThreadPool.java:563)
        at org.eclipse.jetty.util.thread.QueuedThreadPool.access$800(QueuedThreadPool.java:48)
        at org.eclipse.jetty.util.thread.QueuedThreadPool$2.run(QueuedThreadPool.java:626)
        at java.lang.Thread.run(Thread.java:748)
"pool-76-thread-24"  prio=5 tid=607 in Object.wait()
java.lang.Thread.State: WAITING (on object monitor)
        at sun.misc.Unsafe.park(Native Method)
        at java.util.concurrent.locks.LockSupport.park(LockSupport.java:175)
        at java.util.concurrent.locks.AbstractQueuedSynchronizer$ConditionObject.await(AbstractQueuedSynchronizer.java:2039)
        at java.util.concurrent.ArrayBlockingQueue.take(ArrayBlockingQueue.java:403)
        at java.util.concurrent.ThreadPoolExecutor.getTask(ThreadPoolExecutor.java:1074)
        at java.util.concurrent.ThreadPoolExecutor.runWorker(ThreadPoolExecutor.java:1134)
        at java.util.concurrent.ThreadPoolExecutor$Worker.run(ThreadPoolExecutor.java:624)
        at java.lang.Thread.run(Thread.java:748)
"pool-56-thread-24"  prio=5 tid=518 in Object.wait()
java.lang.Thread.State: WAITING (on object monitor)
        at sun.misc.Unsafe.park(Native Method)
        at java.util.concurrent.locks.LockSupport.park(LockSupport.java:175)
        at java.util.concurrent.locks.AbstractQueuedSynchronizer$ConditionObject.await(AbstractQueuedSynchronizer.java:2039)
        at java.util.concurrent.ArrayBlockingQueue.take(ArrayBlockingQueue.java:403)
        at java.util.concurrent.ThreadPoolExecutor.getTask(ThreadPoolExecutor.java:1074)
        at java.util.concurrent.ThreadPoolExecutor.runWorker(ThreadPoolExecutor.java:1134)
        at java.util.concurrent.ThreadPoolExecutor$Worker.run(ThreadPoolExecutor.java:624)
        at java.lang.Thread.run(Thread.java:748)
"java.util.concurrent.ThreadPoolExecutor$Worker@7edf8f6d[State = -1, empty queue]" daemon prio=5 tid=935 timed_waiting
java.lang.Thread.State: TIMED_WAITING
        at sun.misc.Unsafe.park(Native Method)
        at java.util.concurrent.locks.LockSupport.parkNanos(LockSupport.java:215)
        at java.util.concurrent.locks.AbstractQueuedSynchronizer$ConditionObject.awaitNanos(AbstractQueuedSynchronizer.java:2078)
        at java.util.concurrent.ScheduledThreadPoolExecutor$DelayedWorkQueue.take(ScheduledThreadPoolExecutor.java:1093)
        at java.util.concurrent.ScheduledThreadPoolExecutor$DelayedWorkQueue.take(ScheduledThreadPoolExecutor.java:809)
        at java.util.concurrent.ThreadPoolExecutor.getTask(ThreadPoolExecutor.java:1074)
        at java.util.concurrent.ThreadPoolExecutor.runWorker(ThreadPoolExecutor.java:1134)
        at java.util.concurrent.ThreadPoolExecutor$Worker.run(ThreadPoolExecutor.java:624)
        at java.lang.Thread.run(Thread.java:748)
"pool-76-thread-58"  prio=5 tid=654 in Object.wait()
java.lang.Thread.State: WAITING (on object monitor)
        at sun.misc.Unsafe.park(Native Method)
        at java.util.concurrent.locks.LockSupport.park(LockSupport.java:175)
        at java.util.concurrent.locks.AbstractQueuedSynchronizer$ConditionObject.await(AbstractQueuedSynchronizer.java:2039)
        at java.util.concurrent.ArrayBlockingQueue.take(ArrayBlockingQueue.java:403)
        at java.util.concurrent.ThreadPoolExecutor.getTask(ThreadPoolExecutor.java:1074)
        at java.util.concurrent.ThreadPoolExecutor.runWorker(ThreadPoolExecutor.java:1134)
        at java.util.concurrent.ThreadPoolExecutor$Worker.run(ThreadPoolExecutor.java:624)
        at java.lang.Thread.run(Thread.java:748)
"pool-46-thread-25"  prio=5 tid=375 in Object.wait()
java.lang.Thread.State: WAITING (on object monitor)
        at sun.misc.Unsafe.park(Native Method)
        at java.util.concurrent.locks.LockSupport.park(LockSupport.java:175)
        at java.util.concurrent.locks.AbstractQueuedSynchronizer$ConditionObject.await(AbstractQueuedSynchronizer.java:2039)
        at java.util.concurrent.ArrayBlockingQueue.take(ArrayBlockingQueue.java:403)
        at java.util.concurrent.ThreadPoolExecutor.getTask(ThreadPoolExecutor.java:1074)
        at java.util.concurrent.ThreadPoolExecutor.runWorker(ThreadPoolExecutor.java:1134)
        at java.util.concurrent.ThreadPoolExecutor$Worker.run(ThreadPoolExecutor.java:624)
        at java.lang.Thread.run(Thread.java:748)
"Datanode ReportManager Thread - 3" daemon prio=5 tid=310 in Object.wait()
java.lang.Thread.State: WAITING (on object monitor)
        at sun.misc.Unsafe.park(Native Method)
        at java.util.concurrent.locks.LockSupport.park(LockSupport.java:175)
        at java.util.concurrent.locks.AbstractQueuedSynchronizer$ConditionObject.await(AbstractQueuedSynchronizer.java:2039)
        at java.util.concurrent.ScheduledThreadPoolExecutor$DelayedWorkQueue.take(ScheduledThreadPoolExecutor.java:1088)
        at java.util.concurrent.ScheduledThreadPoolExecutor$DelayedWorkQueue.take(ScheduledThreadPoolExecutor.java:809)
        at java.util.concurrent.ThreadPoolExecutor.getTask(ThreadPoolExecutor.java:1074)
        at java.util.concurrent.ThreadPoolExecutor.runWorker(ThreadPoolExecutor.java:1134)
        at java.util.concurrent.ThreadPoolExecutor$Worker.run(ThreadPoolExecutor.java:624)
        at java.lang.Thread.run(Thread.java:748)
"org.eclipse.jetty.server.session.HashSessionManager@162087cTimer" daemon prio=5 tid=278 timed_waiting
java.lang.Thread.State: TIMED_WAITING
        at sun.misc.Unsafe.park(Native Method)
        at java.util.concurrent.locks.LockSupport.parkNanos(LockSupport.java:215)
        at java.util.concurrent.locks.AbstractQueuedSynchronizer$ConditionObject.awaitNanos(AbstractQueuedSynchronizer.java:2078)
        at java.util.concurrent.ScheduledThreadPoolExecutor$DelayedWorkQueue.take(ScheduledThreadPoolExecutor.java:1093)
        at java.util.concurrent.ScheduledThreadPoolExecutor$DelayedWorkQueue.take(ScheduledThreadPoolExecutor.java:809)
        at java.util.concurrent.ThreadPoolExecutor.getTask(ThreadPoolExecutor.java:1074)
        at java.util.concurrent.ThreadPoolExecutor.runWorker(ThreadPoolExecutor.java:1134)
        at java.util.concurrent.ThreadPoolExecutor$Worker.run(ThreadPoolExecutor.java:624)
        at java.lang.Thread.run(Thread.java:748)
"pool-34-thread-1" daemon prio=5 tid=184 timed_waiting
java.lang.Thread.State: TIMED_WAITING
        at sun.misc.Unsafe.park(Native Method)
        at java.util.concurrent.locks.LockSupport.parkNanos(LockSupport.java:215)
        at java.util.concurrent.locks.AbstractQueuedSynchronizer$ConditionObject.awaitNanos(AbstractQueuedSynchronizer.java:2078)
        at java.util.concurrent.ScheduledThreadPoolExecutor$DelayedWorkQueue.take(ScheduledThreadPoolExecutor.java:1093)
        at java.util.concurrent.ScheduledThreadPoolExecutor$DelayedWorkQueue.take(ScheduledThreadPoolExecutor.java:809)
        at java.util.concurrent.ThreadPoolExecutor.getTask(ThreadPoolExecutor.java:1074)
        at java.util.concurrent.ThreadPoolExecutor.runWorker(ThreadPoolExecutor.java:1134)
        at java.util.concurrent.ThreadPoolExecutor$Worker.run(ThreadPoolExecutor.java:624)
        at java.lang.Thread.run(Thread.java:748)
"pool-56-thread-8"  prio=5 tid=488 in Object.wait()
java.lang.Thread.State: WAITING (on object monitor)
        at sun.misc.Unsafe.park(Native Method)
        at java.util.concurrent.locks.LockSupport.park(LockSupport.java:175)
        at java.util.concurrent.locks.AbstractQueuedSynchronizer$ConditionObject.await(AbstractQueuedSynchronizer.java:2039)
        at java.util.concurrent.ArrayBlockingQueue.take(ArrayBlockingQueue.java:403)
        at java.util.concurrent.ThreadPoolExecutor.getTask(ThreadPoolExecutor.java:1074)
        at java.util.concurrent.ThreadPoolExecutor.runWorker(ThreadPoolExecutor.java:1134)
        at java.util.concurrent.ThreadPoolExecutor$Worker.run(ThreadPoolExecutor.java:624)
        at java.lang.Thread.run(Thread.java:748)
"pool-66-thread-4"  prio=5 tid=559 in Object.wait()
java.lang.Thread.State: WAITING (on object monitor)
        at sun.misc.Unsafe.park(Native Method)
        at java.util.concurrent.locks.LockSupport.park(LockSupport.java:175)
        at java.util.concurrent.locks.AbstractQueuedSynchronizer$ConditionObject.await(AbstractQueuedSynchronizer.java:2039)
        at java.util.concurrent.ArrayBlockingQueue.take(ArrayBlockingQueue.java:403)
        at java.util.concurrent.ThreadPoolExecutor.getTask(ThreadPoolExecutor.java:1074)
        at java.util.concurrent.ThreadPoolExecutor.runWorker(ThreadPoolExecutor.java:1134)
        at java.util.concurrent.ThreadPoolExecutor$Worker.run(ThreadPoolExecutor.java:624)
        at java.lang.Thread.run(Thread.java:748)
"pool-56-thread-10"  prio=5 tid=492 in Object.wait()
java.lang.Thread.State: WAITING (on object monitor)
        at sun.misc.Unsafe.park(Native Method)
        at java.util.concurrent.locks.LockSupport.park(LockSupport.java:175)
        at java.util.concurrent.locks.AbstractQueuedSynchronizer$ConditionObject.await(AbstractQueuedSynchronizer.java:2039)
        at java.util.concurrent.ArrayBlockingQueue.take(ArrayBlockingQueue.java:403)
        at java.util.concurrent.ThreadPoolExecutor.getTask(ThreadPoolExecutor.java:1074)
        at java.util.concurrent.ThreadPoolExecutor.runWorker(ThreadPoolExecutor.java:1134)
        at java.util.concurrent.ThreadPoolExecutor$Worker.run(ThreadPoolExecutor.java:624)
        at java.lang.Thread.run(Thread.java:748)
"IPC Server handler 13 on 33223" daemon prio=5 tid=63 timed_waiting
java.lang.Thread.State: TIMED_WAITING
        at sun.misc.Unsafe.park(Native Method)
        at java.util.concurrent.locks.LockSupport.parkNanos(LockSupport.java:215)
        at java.util.concurrent.locks.AbstractQueuedSynchronizer$ConditionObject.awaitNanos(AbstractQueuedSynchronizer.java:2078)
        at java.util.concurrent.LinkedBlockingQueue.poll(LinkedBlockingQueue.java:467)
        at org.apache.hadoop.ipc.CallQueueManager.take(CallQueueManager.java:288)
        at org.apache.hadoop.ipc.Server$Handler.run(Server.java:2668)
"org.apache.hadoop.util.JvmPauseMonitor$Monitor@6c0b2b7c" daemon prio=5 tid=180 timed_waiting
java.lang.Thread.State: TIMED_WAITING
        at java.lang.Thread.sleep(Native Method)
        at org.apache.hadoop.util.JvmPauseMonitor$Monitor.run(JvmPauseMonitor.java:192)
        at java.lang.Thread.run(Thread.java:748)
"pool-66-thread-22"  prio=5 tid=591 in Object.wait()
java.lang.Thread.State: WAITING (on object monitor)
        at sun.misc.Unsafe.park(Native Method)
        at java.util.concurrent.locks.LockSupport.park(LockSupport.java:175)
        at java.util.concurrent.locks.AbstractQueuedSynchronizer$ConditionObject.await(AbstractQueuedSynchronizer.java:2039)
        at java.util.concurrent.ArrayBlockingQueue.take(ArrayBlockingQueue.java:403)
        at java.util.concurrent.ThreadPoolExecutor.getTask(ThreadPoolExecutor.java:1074)
        at java.util.concurrent.ThreadPoolExecutor.runWorker(ThreadPoolExecutor.java:1134)
        at java.util.concurrent.ThreadPoolExecutor$Worker.run(ThreadPoolExecutor.java:624)
        at java.lang.Thread.run(Thread.java:748)
"qtp1931194070-244" daemon prio=5 tid=244 timed_waiting
java.lang.Thread.State: TIMED_WAITING
        at sun.misc.Unsafe.park(Native Method)
        at java.util.concurrent.locks.LockSupport.parkNanos(LockSupport.java:215)
        at java.util.concurrent.locks.AbstractQueuedSynchronizer$ConditionObject.awaitNanos(AbstractQueuedSynchronizer.java:2078)
        at org.eclipse.jetty.util.BlockingArrayQueue.poll(BlockingArrayQueue.java:392)
        at org.eclipse.jetty.util.thread.QueuedThreadPool.idleJobPoll(QueuedThreadPool.java:563)
        at org.eclipse.jetty.util.thread.QueuedThreadPool.access$800(QueuedThreadPool.java:48)
        at org.eclipse.jetty.util.thread.QueuedThreadPool$2.run(QueuedThreadPool.java:626)
        at java.lang.Thread.run(Thread.java:748)
"qtp30546661-194" daemon prio=5 tid=194 timed_waiting
java.lang.Thread.State: TIMED_WAITING
        at sun.misc.Unsafe.park(Native Method)
        at java.util.concurrent.locks.LockSupport.parkNanos(LockSupport.java:215)
        at java.util.concurrent.locks.AbstractQueuedSynchronizer$ConditionObject.awaitNanos(AbstractQueuedSynchronizer.java:2078)
        at org.eclipse.jetty.util.BlockingArrayQueue.poll(BlockingArrayQueue.java:392)
        at org.eclipse.jetty.util.thread.QueuedThreadPool.idleJobPoll(QueuedThreadPool.java:563)
        at org.eclipse.jetty.util.thread.QueuedThreadPool.access$800(QueuedThreadPool.java:48)
        at org.eclipse.jetty.util.thread.QueuedThreadPool$2.run(QueuedThreadPool.java:626)
        at java.lang.Thread.run(Thread.java:748)
"pool-36-thread-58"  prio=5 tid=478 in Object.wait()
java.lang.Thread.State: WAITING (on object monitor)
        at sun.misc.Unsafe.park(Native Method)
        at java.util.concurrent.locks.LockSupport.park(LockSupport.java:175)
        at java.util.concurrent.locks.AbstractQueuedSynchronizer$ConditionObject.await(AbstractQueuedSynchronizer.java:2039)
        at java.util.concurrent.ArrayBlockingQueue.take(ArrayBlockingQueue.java:403)
        at java.util.concurrent.ThreadPoolExecutor.getTask(ThreadPoolExecutor.java:1074)
        at java.util.concurrent.ThreadPoolExecutor.runWorker(ThreadPoolExecutor.java:1134)
        at java.util.concurrent.ThreadPoolExecutor$Worker.run(ThreadPoolExecutor.java:624)
        at java.lang.Thread.run(Thread.java:748)
"pool-36-thread-36"  prio=5 tid=418 in Object.wait()
java.lang.Thread.State: WAITING (on object monitor)
        at sun.misc.Unsafe.park(Native Method)
        at java.util.concurrent.locks.LockSupport.park(LockSupport.java:175)
        at java.util.concurrent.locks.AbstractQueuedSynchronizer$ConditionObject.await(AbstractQueuedSynchronizer.java:2039)
        at java.util.concurrent.ArrayBlockingQueue.take(ArrayBlockingQueue.java:403)
        at java.util.concurrent.ThreadPoolExecutor.getTask(ThreadPoolExecutor.java:1074)
        at java.util.concurrent.ThreadPoolExecutor.runWorker(ThreadPoolExecutor.java:1134)
        at java.util.concurrent.ThreadPoolExecutor$Worker.run(ThreadPoolExecutor.java:624)
        at java.lang.Thread.run(Thread.java:748)
"jaeger.RemoteReporter-FlushTimer" daemon prio=5 tid=149 timed_waiting
java.lang.Thread.State: TIMED_WAITING
        at java.lang.Object.wait(Native Method)
        at java.util.TimerThread.mainLoop(Timer.java:552)
        at java.util.TimerThread.run(Timer.java:505)
"metrics-hadoop-metrics2-reporter-16-thread-1" daemon prio=5 tid=741 timed_waiting
java.lang.Thread.State: TIMED_WAITING
        at sun.misc.Unsafe.park(Native Method)
        at java.util.concurrent.locks.LockSupport.parkNanos(LockSupport.java:215)
        at java.util.concurrent.locks.AbstractQueuedSynchronizer$ConditionObject.awaitNanos(AbstractQueuedSynchronizer.java:2078)
        at java.util.concurrent.ScheduledThreadPoolExecutor$DelayedWorkQueue.take(ScheduledThreadPoolExecutor.java:1093)
        at java.util.concurrent.ScheduledThreadPoolExecutor$DelayedWorkQueue.take(ScheduledThreadPoolExecutor.java:809)
        at java.util.concurrent.ThreadPoolExecutor.getTask(ThreadPoolExecutor.java:1074)
        at java.util.concurrent.ThreadPoolExecutor.runWorker(ThreadPoolExecutor.java:1134)
        at java.util.concurrent.ThreadPoolExecutor$Worker.run(ThreadPoolExecutor.java:624)
        at java.lang.Thread.run(Thread.java:748)
"Datanode ReportManager Thread - 1" daemon prio=5 tid=281 timed_waiting
java.lang.Thread.State: TIMED_WAITING
        at sun.misc.Unsafe.park(Native Method)
        at java.util.concurrent.locks.LockSupport.parkNanos(LockSupport.java:215)
        at java.util.concurrent.locks.AbstractQueuedSynchronizer$ConditionObject.awaitNanos(AbstractQueuedSynchronizer.java:2078)
        at java.util.concurrent.ScheduledThreadPoolExecutor$DelayedWorkQueue.take(ScheduledThreadPoolExecutor.java:1093)
        at java.util.concurrent.ScheduledThreadPoolExecutor$DelayedWorkQueue.take(ScheduledThreadPoolExecutor.java:809)
        at java.util.concurrent.ThreadPoolExecutor.getTask(ThreadPoolExecutor.java:1074)
        at java.util.concurrent.ThreadPoolExecutor.runWorker(ThreadPoolExecutor.java:1134)
        at java.util.concurrent.ThreadPoolExecutor$Worker.run(ThreadPoolExecutor.java:624)
        at java.lang.Thread.run(Thread.java:748)
"qtp1732973321-93" daemon prio=5 tid=93 timed_waiting
java.lang.Thread.State: TIMED_WAITING
        at sun.misc.Unsafe.park(Native Method)
        at java.util.concurrent.locks.LockSupport.parkNanos(LockSupport.java:215)
        at java.util.concurrent.locks.AbstractQueuedSynchronizer$ConditionObject.awaitNanos(AbstractQueuedSynchronizer.java:2078)
        at org.eclipse.jetty.util.BlockingArrayQueue.poll(BlockingArrayQueue.java:392)
        at org.eclipse.jetty.util.thread.QueuedThreadPool.idleJobPoll(QueuedThreadPool.java:563)
        at org.eclipse.jetty.util.thread.QueuedThreadPool.access$800(QueuedThreadPool.java:48)
        at org.eclipse.jetty.util.thread.QueuedThreadPool$2.run(QueuedThreadPool.java:626)
        at java.lang.Thread.run(Thread.java:748)
"Thread-456" daemon prio=5 tid=1047 timed_waiting
java.lang.Thread.State: TIMED_WAITING
        at java.lang.Thread.sleep(Native Method)
        at org.apache.ratis.util.JavaUtils.sleep(JavaUtils.java:247)
        at org.apache.ratis.server.impl.FollowerState.run(FollowerState.java:97)
"qtp30546661-190" daemon prio=5 tid=190 timed_waiting
java.lang.Thread.State: TIMED_WAITING
        at sun.misc.Unsafe.park(Native Method)
        at java.util.concurrent.locks.LockSupport.parkNanos(LockSupport.java:215)
        at java.util.concurrent.locks.AbstractQueuedSynchronizer$ConditionObject.awaitNanos(AbstractQueuedSynchronizer.java:2078)
        at org.eclipse.jetty.util.BlockingArrayQueue.poll(BlockingArrayQueue.java:392)
        at org.eclipse.jetty.util.thread.QueuedThreadPool.idleJobPoll(QueuedThreadPool.java:563)
        at org.eclipse.jetty.util.thread.QueuedThreadPool.access$800(QueuedThreadPool.java:48)
        at org.eclipse.jetty.util.thread.QueuedThreadPool$2.run(QueuedThreadPool.java:626)
        at java.lang.Thread.run(Thread.java:748)
"IPC Server handler 0 on 42372" daemon prio=5 tid=70 timed_waiting
java.lang.Thread.State: TIMED_WAITING
        at sun.misc.Unsafe.park(Native Method)
        at java.util.concurrent.locks.LockSupport.parkNanos(LockSupport.java:215)
        at java.util.concurrent.locks.AbstractQueuedSynchronizer$ConditionObject.awaitNanos(AbstractQueuedSynchronizer.java:2078)
        at java.util.concurrent.LinkedBlockingQueue.poll(LinkedBlockingQueue.java:467)
        at org.apache.hadoop.ipc.CallQueueManager.take(CallQueueManager.java:288)
        at org.apache.hadoop.ipc.Server$Handler.run(Server.java:2668)
"pool-66-thread-14"  prio=5 tid=575 in Object.wait()
java.lang.Thread.State: WAITING (on object monitor)
        at sun.misc.Unsafe.park(Native Method)
        at java.util.concurrent.locks.LockSupport.park(LockSupport.java:175)
        at java.util.concurrent.locks.AbstractQueuedSynchronizer$ConditionObject.await(AbstractQueuedSynchronizer.java:2039)
        at java.util.concurrent.ArrayBlockingQueue.take(ArrayBlockingQueue.java:403)
        at java.util.concurrent.ThreadPoolExecutor.getTask(ThreadPoolExecutor.java:1074)
        at java.util.concurrent.ThreadPoolExecutor.runWorker(ThreadPoolExecutor.java:1134)
        at java.util.concurrent.ThreadPoolExecutor$Worker.run(ThreadPoolExecutor.java:624)
        at java.lang.Thread.run(Thread.java:748)
"pool-37-thread-1"  prio=5 tid=734 in Object.wait()
java.lang.Thread.State: WAITING (on object monitor)
        at sun.misc.Unsafe.park(Native Method)
        at java.util.concurrent.locks.LockSupport.park(LockSupport.java:175)
        at java.util.concurrent.locks.AbstractQueuedSynchronizer$ConditionObject.await(AbstractQueuedSynchronizer.java:2039)
        at java.util.concurrent.LinkedBlockingQueue.take(LinkedBlockingQueue.java:442)
        at java.util.concurrent.ThreadPoolExecutor.getTask(ThreadPoolExecutor.java:1074)
        at java.util.concurrent.ThreadPoolExecutor.runWorker(ThreadPoolExecutor.java:1134)
        at java.util.concurrent.ThreadPoolExecutor$Worker.run(ThreadPoolExecutor.java:624)
        at java.lang.Thread.run(Thread.java:748)
"pool-26-thread-54"  prio=5 tid=502 in Object.wait()
java.lang.Thread.State: WAITING (on object monitor)
        at sun.misc.Unsafe.park(Native Method)
        at java.util.concurrent.locks.LockSupport.park(LockSupport.java:175)
        at java.util.concurrent.locks.AbstractQueuedSynchronizer$ConditionObject.await(AbstractQueuedSynchronizer.java:2039)
        at java.util.concurrent.ArrayBlockingQueue.take(ArrayBlockingQueue.java:403)
        at java.util.concurrent.ThreadPoolExecutor.getTask(ThreadPoolExecutor.java:1074)
        at java.util.concurrent.ThreadPoolExecutor.runWorker(ThreadPoolExecutor.java:1134)
        at java.util.concurrent.ThreadPoolExecutor$Worker.run(ThreadPoolExecutor.java:624)
        at java.lang.Thread.run(Thread.java:748)
"qtp2139397088-219" daemon prio=5 tid=219 timed_waiting
java.lang.Thread.State: TIMED_WAITING
        at sun.misc.Unsafe.park(Native Method)
        at java.util.concurrent.locks.LockSupport.parkNanos(LockSupport.java:215)
        at java.util.concurrent.locks.AbstractQueuedSynchronizer$ConditionObject.awaitNanos(AbstractQueuedSynchronizer.java:2078)
        at org.eclipse.jetty.util.BlockingArrayQueue.poll(BlockingArrayQueue.java:392)
        at org.eclipse.jetty.util.thread.QueuedThreadPool.idleJobPoll(QueuedThreadPool.java:563)
        at org.eclipse.jetty.util.thread.QueuedThreadPool.access$800(QueuedThreadPool.java:48)
        at org.eclipse.jetty.util.thread.QueuedThreadPool$2.run(QueuedThreadPool.java:626)
        at java.lang.Thread.run(Thread.java:748)
"KeyDeletingService#0" daemon prio=5 tid=114 timed_waiting
java.lang.Thread.State: TIMED_WAITING
        at sun.misc.Unsafe.park(Native Method)
        at java.util.concurrent.locks.LockSupport.parkNanos(LockSupport.java:215)
        at java.util.concurrent.locks.AbstractQueuedSynchronizer$ConditionObject.awaitNanos(AbstractQueuedSynchronizer.java:2078)
        at java.util.concurrent.ScheduledThreadPoolExecutor$DelayedWorkQueue.take(ScheduledThreadPoolExecutor.java:1093)
        at java.util.concurrent.ScheduledThreadPoolExecutor$DelayedWorkQueue.take(ScheduledThreadPoolExecutor.java:809)
        at java.util.concurrent.ThreadPoolExecutor.getTask(ThreadPoolExecutor.java:1074)
        at java.util.concurrent.ThreadPoolExecutor.runWorker(ThreadPoolExecutor.java:1134)
        at java.util.concurrent.ThreadPoolExecutor$Worker.run(ThreadPoolExecutor.java:624)
        at java.lang.Thread.run(Thread.java:748)
"pool-26-thread-3"  prio=5 tid=329 in Object.wait()
java.lang.Thread.State: WAITING (on object monitor)
        at sun.misc.Unsafe.park(Native Method)
        at java.util.concurrent.locks.LockSupport.park(LockSupport.java:175)
        at java.util.concurrent.locks.AbstractQueuedSynchronizer$ConditionObject.await(AbstractQueuedSynchronizer.java:2039)
        at java.util.concurrent.ArrayBlockingQueue.take(ArrayBlockingQueue.java:403)
        at java.util.concurrent.ThreadPoolExecutor.getTask(ThreadPoolExecutor.java:1074)
        at java.util.concurrent.ThreadPoolExecutor.runWorker(ThreadPoolExecutor.java:1134)
        at java.util.concurrent.ThreadPoolExecutor$Worker.run(ThreadPoolExecutor.java:624)
        at java.lang.Thread.run(Thread.java:748)
"pool-36-thread-28"  prio=5 tid=400 in Object.wait()
java.lang.Thread.State: WAITING (on object monitor)
        at sun.misc.Unsafe.park(Native Method)
        at java.util.concurrent.locks.LockSupport.park(LockSupport.java:175)
        at java.util.concurrent.locks.AbstractQueuedSynchronizer$ConditionObject.await(AbstractQueuedSynchronizer.java:2039)
        at java.util.concurrent.ArrayBlockingQueue.take(ArrayBlockingQueue.java:403)
        at java.util.concurrent.ThreadPoolExecutor.getTask(ThreadPoolExecutor.java:1074)
        at java.util.concurrent.ThreadPoolExecutor.runWorker(ThreadPoolExecutor.java:1134)
        at java.util.concurrent.ThreadPoolExecutor$Worker.run(ThreadPoolExecutor.java:624)
        at java.lang.Thread.run(Thread.java:748)
"qtp1732973321-94" daemon prio=5 tid=94 timed_waiting
java.lang.Thread.State: TIMED_WAITING
        at sun.misc.Unsafe.park(Native Method)
        at java.util.concurrent.locks.LockSupport.parkNanos(LockSupport.java:215)
        at java.util.concurrent.locks.AbstractQueuedSynchronizer$ConditionObject.awaitNanos(AbstractQueuedSynchronizer.java:2078)
        at org.eclipse.jetty.util.BlockingArrayQueue.poll(BlockingArrayQueue.java:392)
        at org.eclipse.jetty.util.thread.QueuedThreadPool.idleJobPoll(QueuedThreadPool.java:563)
        at org.eclipse.jetty.util.thread.QueuedThreadPool.access$800(QueuedThreadPool.java:48)
        at org.eclipse.jetty.util.thread.QueuedThreadPool$2.run(QueuedThreadPool.java:626)
        at java.lang.Thread.run(Thread.java:748)
"pool-76-thread-11"  prio=5 tid=582 in Object.wait()
java.lang.Thread.State: WAITING (on object monitor)
        at sun.misc.Unsafe.park(Native Method)
        at java.util.concurrent.locks.LockSupport.park(LockSupport.java:175)
        at java.util.concurrent.locks.AbstractQueuedSynchronizer$ConditionObject.await(AbstractQueuedSynchronizer.java:2039)
        at java.util.concurrent.ArrayBlockingQueue.take(ArrayBlockingQueue.java:403)
        at java.util.concurrent.ThreadPoolExecutor.getTask(ThreadPoolExecutor.java:1074)
        at java.util.concurrent.ThreadPoolExecutor.runWorker(ThreadPoolExecutor.java:1134)
        at java.util.concurrent.ThreadPoolExecutor$Worker.run(ThreadPoolExecutor.java:624)
        at java.lang.Thread.run(Thread.java:748)
"metrics-hadoop-metrics2-reporter-50-thread-1" daemon prio=5 tid=884 timed_waiting
java.lang.Thread.State: TIMED_WAITING
        at sun.misc.Unsafe.park(Native Method)
        at java.util.concurrent.locks.LockSupport.parkNanos(LockSupport.java:215)
        at java.util.concurrent.locks.AbstractQueuedSynchronizer$ConditionObject.awaitNanos(AbstractQueuedSynchronizer.java:2078)
        at java.util.concurrent.ScheduledThreadPoolExecutor$DelayedWorkQueue.take(ScheduledThreadPoolExecutor.java:1093)
        at java.util.concurrent.ScheduledThreadPoolExecutor$DelayedWorkQueue.take(ScheduledThreadPoolExecutor.java:809)
        at java.util.concurrent.ThreadPoolExecutor.getTask(ThreadPoolExecutor.java:1074)
        at java.util.concurrent.ThreadPoolExecutor.runWorker(ThreadPoolExecutor.java:1134)
        at java.util.concurrent.ThreadPoolExecutor$Worker.run(ThreadPoolExecutor.java:624)
        at java.lang.Thread.run(Thread.java:748)
"IPC Server handler 9 on 42810" daemon prio=5 tid=124 timed_waiting
java.lang.Thread.State: TIMED_WAITING
        at sun.misc.Unsafe.park(Native Method)
        at java.util.concurrent.locks.LockSupport.parkNanos(LockSupport.java:215)
        at java.util.concurrent.locks.AbstractQueuedSynchronizer$ConditionObject.awaitNanos(AbstractQueuedSynchronizer.java:2078)
        at java.util.concurrent.LinkedBlockingQueue.poll(LinkedBlockingQueue.java:467)
        at org.apache.hadoop.ipc.CallQueueManager.take(CallQueueManager.java:288)
        at org.apache.hadoop.ipc.Server$Handler.run(Server.java:2668)
"metrics-hadoop-metrics2-reporter-47-thread-1" daemon prio=5 tid=855 timed_waiting
java.lang.Thread.State: TIMED_WAITING
        at sun.misc.Unsafe.park(Native Method)
        at java.util.concurrent.locks.LockSupport.parkNanos(LockSupport.java:215)
        at java.util.concurrent.locks.AbstractQueuedSynchronizer$ConditionObject.awaitNanos(AbstractQueuedSynchronizer.java:2078)
        at java.util.concurrent.ScheduledThreadPoolExecutor$DelayedWorkQueue.take(ScheduledThreadPoolExecutor.java:1093)
        at java.util.concurrent.ScheduledThreadPoolExecutor$DelayedWorkQueue.take(ScheduledThreadPoolExecutor.java:809)
        at java.util.concurrent.ThreadPoolExecutor.getTask(ThreadPoolExecutor.java:1074)
        at java.util.concurrent.ThreadPoolExecutor.runWorker(ThreadPoolExecutor.java:1134)
        at java.util.concurrent.ThreadPoolExecutor$Worker.run(ThreadPoolExecutor.java:624)
        at java.lang.Thread.run(Thread.java:748)
"IPC Server handler 11 on 42810" daemon prio=5 tid=126 timed_waiting
java.lang.Thread.State: TIMED_WAITING
        at sun.misc.Unsafe.park(Native Method)
        at java.util.concurrent.locks.LockSupport.parkNanos(LockSupport.java:215)
        at java.util.concurrent.locks.AbstractQueuedSynchronizer$ConditionObject.awaitNanos(AbstractQueuedSynchronizer.java:2078)
        at java.util.concurrent.LinkedBlockingQueue.poll(LinkedBlockingQueue.java:467)
        at org.apache.hadoop.ipc.CallQueueManager.take(CallQueueManager.java:288)
        at org.apache.hadoop.ipc.Server$Handler.run(Server.java:2668)
"pool-36-thread-12"  prio=5 tid=346 in Object.wait()
java.lang.Thread.State: WAITING (on object monitor)
        at sun.misc.Unsafe.park(Native Method)
        at java.util.concurrent.locks.LockSupport.park(LockSupport.java:175)
        at java.util.concurrent.locks.AbstractQueuedSynchronizer$ConditionObject.await(AbstractQueuedSynchronizer.java:2039)
        at java.util.concurrent.ArrayBlockingQueue.take(ArrayBlockingQueue.java:403)
        at java.util.concurrent.ThreadPoolExecutor.getTask(ThreadPoolExecutor.java:1074)
        at java.util.concurrent.ThreadPoolExecutor.runWorker(ThreadPoolExecutor.java:1134)
        at java.util.concurrent.ThreadPoolExecutor$Worker.run(ThreadPoolExecutor.java:624)
        at java.lang.Thread.run(Thread.java:748)
"Datanode ReportManager Thread - 1" daemon prio=5 tid=175 in Object.wait()
java.lang.Thread.State: WAITING (on object monitor)
        at sun.misc.Unsafe.park(Native Method)
        at java.util.concurrent.locks.LockSupport.park(LockSupport.java:175)
        at java.util.concurrent.locks.AbstractQueuedSynchronizer$ConditionObject.await(AbstractQueuedSynchronizer.java:2039)
        at java.util.concurrent.ScheduledThreadPoolExecutor$DelayedWorkQueue.take(ScheduledThreadPoolExecutor.java:1088)
        at java.util.concurrent.ScheduledThreadPoolExecutor$DelayedWorkQueue.take(ScheduledThreadPoolExecutor.java:809)
        at java.util.concurrent.ThreadPoolExecutor.getTask(ThreadPoolExecutor.java:1074)
        at java.util.concurrent.ThreadPoolExecutor.runWorker(ThreadPoolExecutor.java:1134)
        at java.util.concurrent.ThreadPoolExecutor$Worker.run(ThreadPoolExecutor.java:624)
        at java.lang.Thread.run(Thread.java:748)
"metrics-hadoop-metrics2-reporter-26-thread-1" daemon prio=5 tid=764 timed_waiting
java.lang.Thread.State: TIMED_WAITING
        at sun.misc.Unsafe.park(Native Method)
        at java.util.concurrent.locks.LockSupport.parkNanos(LockSupport.java:215)
        at java.util.concurrent.locks.AbstractQueuedSynchronizer$ConditionObject.awaitNanos(AbstractQueuedSynchronizer.java:2078)
        at java.util.concurrent.ScheduledThreadPoolExecutor$DelayedWorkQueue.take(ScheduledThreadPoolExecutor.java:1093)
        at java.util.concurrent.ScheduledThreadPoolExecutor$DelayedWorkQueue.take(ScheduledThreadPoolExecutor.java:809)
        at java.util.concurrent.ThreadPoolExecutor.getTask(ThreadPoolExecutor.java:1074)
        at java.util.concurrent.ThreadPoolExecutor.runWorker(ThreadPoolExecutor.java:1134)
        at java.util.concurrent.ThreadPoolExecutor$Worker.run(ThreadPoolExecutor.java:624)
        at java.lang.Thread.run(Thread.java:748)
"pool-26-thread-19"  prio=5 tid=378 in Object.wait()
java.lang.Thread.State: WAITING (on object monitor)
        at sun.misc.Unsafe.park(Native Method)
        at java.util.concurrent.locks.LockSupport.park(LockSupport.java:175)
        at java.util.concurrent.locks.AbstractQueuedSynchronizer$ConditionObject.await(AbstractQueuedSynchronizer.java:2039)
        at java.util.concurrent.ArrayBlockingQueue.take(ArrayBlockingQueue.java:403)
        at java.util.concurrent.ThreadPoolExecutor.getTask(ThreadPoolExecutor.java:1074)
        at java.util.concurrent.ThreadPoolExecutor.runWorker(ThreadPoolExecutor.java:1134)
        at java.util.concurrent.ThreadPoolExecutor$Worker.run(ThreadPoolExecutor.java:624)
        at java.lang.Thread.run(Thread.java:748)
"pool-46-thread-59"  prio=5 tid=472 in Object.wait()
java.lang.Thread.State: WAITING (on object monitor)
        at sun.misc.Unsafe.park(Native Method)
        at java.util.concurrent.locks.LockSupport.park(LockSupport.java:175)
        at java.util.concurrent.locks.AbstractQueuedSynchronizer$ConditionObject.await(AbstractQueuedSynchronizer.java:2039)
        at java.util.concurrent.ArrayBlockingQueue.take(ArrayBlockingQueue.java:403)
        at java.util.concurrent.ThreadPoolExecutor.getTask(ThreadPoolExecutor.java:1074)
        at java.util.concurrent.ThreadPoolExecutor.runWorker(ThreadPoolExecutor.java:1134)
        at java.util.concurrent.ThreadPoolExecutor$Worker.run(ThreadPoolExecutor.java:624)
        at java.lang.Thread.run(Thread.java:748)
"pool-30-thread-1"  prio=5 tid=159 timed_waiting
java.lang.Thread.State: TIMED_WAITING
        at sun.misc.Unsafe.park(Native Method)
        at java.util.concurrent.locks.LockSupport.parkNanos(LockSupport.java:215)
        at java.util.concurrent.locks.AbstractQueuedSynchronizer$ConditionObject.awaitNanos(AbstractQueuedSynchronizer.java:2078)
        at java.util.concurrent.ScheduledThreadPoolExecutor$DelayedWorkQueue.take(ScheduledThreadPoolExecutor.java:1093)
        at java.util.concurrent.ScheduledThreadPoolExecutor$DelayedWorkQueue.take(ScheduledThreadPoolExecutor.java:809)
        at java.util.concurrent.ThreadPoolExecutor.getTask(ThreadPoolExecutor.java:1074)
        at java.util.concurrent.ThreadPoolExecutor.runWorker(ThreadPoolExecutor.java:1134)
        at java.util.concurrent.ThreadPoolExecutor$Worker.run(ThreadPoolExecutor.java:624)
        at java.lang.Thread.run(Thread.java:748)
"pool-46-thread-55"  prio=5 tid=462 in Object.wait()
java.lang.Thread.State: WAITING (on object monitor)
        at sun.misc.Unsafe.park(Native Method)
        at java.util.concurrent.locks.LockSupport.park(LockSupport.java:175)
        at java.util.concurrent.locks.AbstractQueuedSynchronizer$ConditionObject.await(AbstractQueuedSynchronizer.java:2039)
        at java.util.concurrent.ArrayBlockingQueue.take(ArrayBlockingQueue.java:403)
        at java.util.concurrent.ThreadPoolExecutor.getTask(ThreadPoolExecutor.java:1074)
        at java.util.concurrent.ThreadPoolExecutor.runWorker(ThreadPoolExecutor.java:1134)
        at java.util.concurrent.ThreadPoolExecutor$Worker.run(ThreadPoolExecutor.java:624)
        at java.lang.Thread.run(Thread.java:748)
"IPC Server handler 5 on 42810" daemon prio=5 tid=120 timed_waiting
java.lang.Thread.State: TIMED_WAITING
        at sun.misc.Unsafe.park(Native Method)
        at java.util.concurrent.locks.LockSupport.parkNanos(LockSupport.java:215)
        at java.util.concurrent.locks.AbstractQueuedSynchronizer$ConditionObject.awaitNanos(AbstractQueuedSynchronizer.java:2078)
        at java.util.concurrent.LinkedBlockingQueue.poll(LinkedBlockingQueue.java:467)
        at org.apache.hadoop.ipc.CallQueueManager.take(CallQueueManager.java:288)
        at org.apache.hadoop.ipc.Server$Handler.run(Server.java:2668)
"pool-26-thread-41"  prio=5 tid=475 in Object.wait()
java.lang.Thread.State: WAITING (on object monitor)
        at sun.misc.Unsafe.park(Native Method)
        at java.util.concurrent.locks.LockSupport.park(LockSupport.java:175)
        at java.util.concurrent.locks.AbstractQueuedSynchronizer$ConditionObject.await(AbstractQueuedSynchronizer.java:2039)
        at java.util.concurrent.ArrayBlockingQueue.take(ArrayBlockingQueue.java:403)
        at java.util.concurrent.ThreadPoolExecutor.getTask(ThreadPoolExecutor.java:1074)
        at java.util.concurrent.ThreadPoolExecutor.runWorker(ThreadPoolExecutor.java:1134)
        at java.util.concurrent.ThreadPoolExecutor$Worker.run(ThreadPoolExecutor.java:624)
        at java.lang.Thread.run(Thread.java:748)
"Thread-1788" daemon prio=5 tid=2383 terminated
java.lang.Thread.State: TERMINATED
        at java.lang.Thread.sleep(Native Method)
        at org.apache.ratis.util.JavaUtils.sleep(JavaUtils.java:247)
        at org.apache.ratis.server.impl.FollowerState.run(FollowerState.java:97)
"pool-66-thread-30"  prio=5 tid=613 in Object.wait()
java.lang.Thread.State: WAITING (on object monitor)
        at sun.misc.Unsafe.park(Native Method)
        at java.util.concurrent.locks.LockSupport.park(LockSupport.java:175)
        at java.util.concurrent.locks.AbstractQueuedSynchronizer$ConditionObject.await(AbstractQueuedSynchronizer.java:2039)
        at java.util.concurrent.ArrayBlockingQueue.take(ArrayBlockingQueue.java:403)
        at java.util.concurrent.ThreadPoolExecutor.getTask(ThreadPoolExecutor.java:1074)
        at java.util.concurrent.ThreadPoolExecutor.runWorker(ThreadPoolExecutor.java:1134)
        at java.util.concurrent.ThreadPoolExecutor$Worker.run(ThreadPoolExecutor.java:624)
        at java.lang.Thread.run(Thread.java:748)
"Datanode ReportManager Thread - 2" daemon prio=5 tid=201 in Object.wait()
java.lang.Thread.State: WAITING (on object monitor)
        at sun.misc.Unsafe.park(Native Method)
        at java.util.concurrent.locks.LockSupport.park(LockSupport.java:175)
        at java.util.concurrent.locks.AbstractQueuedSynchronizer$ConditionObject.await(AbstractQueuedSynchronizer.java:2039)
        at java.util.concurrent.ScheduledThreadPoolExecutor$DelayedWorkQueue.take(ScheduledThreadPoolExecutor.java:1088)
        at java.util.concurrent.ScheduledThreadPoolExecutor$DelayedWorkQueue.take(ScheduledThreadPoolExecutor.java:809)
        at java.util.concurrent.ThreadPoolExecutor.getTask(ThreadPoolExecutor.java:1074)
        at java.util.concurrent.ThreadPoolExecutor.runWorker(ThreadPoolExecutor.java:1134)
        at java.util.concurrent.ThreadPoolExecutor$Worker.run(ThreadPoolExecutor.java:624)
        at java.lang.Thread.run(Thread.java:748)
"pool-56-thread-45"  prio=5 tid=539 in Object.wait()
java.lang.Thread.State: WAITING (on object monitor)
        at sun.misc.Unsafe.park(Native Method)
        at java.util.concurrent.locks.LockSupport.park(LockSupport.java:175)
        at java.util.concurrent.locks.AbstractQueuedSynchronizer$ConditionObject.await(AbstractQueuedSynchronizer.java:2039)
        at java.util.concurrent.ArrayBlockingQueue.take(ArrayBlockingQueue.java:403)
        at java.util.concurrent.ThreadPoolExecutor.getTask(ThreadPoolExecutor.java:1074)
        at java.util.concurrent.ThreadPoolExecutor.runWorker(ThreadPoolExecutor.java:1134)
        at java.util.concurrent.ThreadPoolExecutor$Worker.run(ThreadPoolExecutor.java:624)
        at java.lang.Thread.run(Thread.java:748)
"qtp1174596735-139" daemon prio=5 tid=139 timed_waiting
java.lang.Thread.State: TIMED_WAITING
        at sun.misc.Unsafe.park(Native Method)
        at java.util.concurrent.locks.LockSupport.parkNanos(LockSupport.java:215)
        at java.util.concurrent.locks.AbstractQueuedSynchronizer$ConditionObject.awaitNanos(AbstractQueuedSynchronizer.java:2078)
        at org.eclipse.jetty.util.BlockingArrayQueue.poll(BlockingArrayQueue.java:392)
        at org.eclipse.jetty.util.thread.QueuedThreadPool.idleJobPoll(QueuedThreadPool.java:563)
        at org.eclipse.jetty.util.thread.QueuedThreadPool.access$800(QueuedThreadPool.java:48)
        at org.eclipse.jetty.util.thread.QueuedThreadPool$2.run(QueuedThreadPool.java:626)
        at java.lang.Thread.run(Thread.java:748)
"metrics-hadoop-metrics2-reporter-21-thread-1" daemon prio=5 tid=752 timed_waiting
java.lang.Thread.State: TIMED_WAITING
        at sun.misc.Unsafe.park(Native Method)
        at java.util.concurrent.locks.LockSupport.parkNanos(LockSupport.java:215)
        at java.util.concurrent.locks.AbstractQueuedSynchronizer$ConditionObject.awaitNanos(AbstractQueuedSynchronizer.java:2078)
        at java.util.concurrent.ScheduledThreadPoolExecutor$DelayedWorkQueue.take(ScheduledThreadPoolExecutor.java:1093)
        at java.util.concurrent.ScheduledThreadPoolExecutor$DelayedWorkQueue.take(ScheduledThreadPoolExecutor.java:809)
        at java.util.concurrent.ThreadPoolExecutor.getTask(ThreadPoolExecutor.java:1074)
        at java.util.concurrent.ThreadPoolExecutor.runWorker(ThreadPoolExecutor.java:1134)
        at java.util.concurrent.ThreadPoolExecutor$Worker.run(ThreadPoolExecutor.java:624)
        at java.lang.Thread.run(Thread.java:748)
"Socket Reader #1 for port 45420"  prio=5 tid=24 runnable
java.lang.Thread.State: RUNNABLE
        at sun.nio.ch.EPollArrayWrapper.epollWait(Native Method)
        at sun.nio.ch.EPollArrayWrapper.poll(EPollArrayWrapper.java:269)
        at sun.nio.ch.EPollSelectorImpl.doSelect(EPollSelectorImpl.java:93)
        at sun.nio.ch.SelectorImpl.lockAndDoSelect(SelectorImpl.java:86)
        at sun.nio.ch.SelectorImpl.select(SelectorImpl.java:97)
        at sun.nio.ch.SelectorImpl.select(SelectorImpl.java:101)
        at org.apache.hadoop.ipc.Server$Listener$Reader.doRunLoop(Server.java:1097)
        at org.apache.hadoop.ipc.Server$Listener$Reader.run(Server.java:1076)
"metrics-hadoop-metrics2-reporter-81-thread-1" daemon prio=5 tid=1054 timed_waiting
java.lang.Thread.State: TIMED_WAITING
        at sun.misc.Unsafe.park(Native Method)
        at java.util.concurrent.locks.LockSupport.parkNanos(LockSupport.java:215)
        at java.util.concurrent.locks.AbstractQueuedSynchronizer$ConditionObject.awaitNanos(AbstractQueuedSynchronizer.java:2078)
        at java.util.concurrent.ScheduledThreadPoolExecutor$DelayedWorkQueue.take(ScheduledThreadPoolExecutor.java:1093)
        at java.util.concurrent.ScheduledThreadPoolExecutor$DelayedWorkQueue.take(ScheduledThreadPoolExecutor.java:809)
        at java.util.concurrent.ThreadPoolExecutor.getTask(ThreadPoolExecutor.java:1074)
        at java.util.concurrent.ThreadPoolExecutor.runWorker(ThreadPoolExecutor.java:1134)
        at java.util.concurrent.ThreadPoolExecutor$Worker.run(ThreadPoolExecutor.java:624)
        at java.lang.Thread.run(Thread.java:748)
"pool-76-thread-20"  prio=5 tid=600 in Object.wait()
java.lang.Thread.State: WAITING (on object monitor)
        at sun.misc.Unsafe.park(Native Method)
        at java.util.concurrent.locks.LockSupport.park(LockSupport.java:175)
        at java.util.concurrent.locks.AbstractQueuedSynchronizer$ConditionObject.await(AbstractQueuedSynchronizer.java:2039)
        at java.util.concurrent.ArrayBlockingQueue.take(ArrayBlockingQueue.java:403)
        at java.util.concurrent.ThreadPoolExecutor.getTask(ThreadPoolExecutor.java:1074)
        at java.util.concurrent.ThreadPoolExecutor.runWorker(ThreadPoolExecutor.java:1134)
        at java.util.concurrent.ThreadPoolExecutor$Worker.run(ThreadPoolExecutor.java:624)
        at java.lang.Thread.run(Thread.java:748)
"pool-66-thread-29"  prio=5 tid=608 in Object.wait()
java.lang.Thread.State: WAITING (on object monitor)
        at sun.misc.Unsafe.park(Native Method)
        at java.util.concurrent.locks.LockSupport.park(LockSupport.java:175)
        at java.util.concurrent.locks.AbstractQueuedSynchronizer$ConditionObject.await(AbstractQueuedSynchronizer.java:2039)
        at java.util.concurrent.ArrayBlockingQueue.take(ArrayBlockingQueue.java:403)
        at java.util.concurrent.ThreadPoolExecutor.getTask(ThreadPoolExecutor.java:1074)
        at java.util.concurrent.ThreadPoolExecutor.runWorker(ThreadPoolExecutor.java:1134)
        at java.util.concurrent.ThreadPoolExecutor$Worker.run(ThreadPoolExecutor.java:624)
        at java.lang.Thread.run(Thread.java:748)
"pool-26-thread-13"  prio=5 tid=362 in Object.wait()
java.lang.Thread.State: WAITING (on object monitor)
        at sun.misc.Unsafe.park(Native Method)
        at java.util.concurrent.locks.LockSupport.park(LockSupport.java:175)
        at java.util.concurrent.locks.AbstractQueuedSynchronizer$ConditionObject.await(AbstractQueuedSynchronizer.java:2039)
        at java.util.concurrent.ArrayBlockingQueue.take(ArrayBlockingQueue.java:403)
        at java.util.concurrent.ThreadPoolExecutor.getTask(ThreadPoolExecutor.java:1074)
        at java.util.concurrent.ThreadPoolExecutor.runWorker(ThreadPoolExecutor.java:1134)
        at java.util.concurrent.ThreadPoolExecutor$Worker.run(ThreadPoolExecutor.java:624)
        at java.lang.Thread.run(Thread.java:748)
"05f59524-a4ea-4be4-b99d-fb9eed47142d@group-40B9D2E3090B-StateMachineUpdater" daemon prio=5 tid=740 in Object.wait()
java.lang.Thread.State: WAITING (on object monitor)
        at java.lang.Object.wait(Native Method)
        at java.lang.Object.wait(Object.java:502)
        at org.apache.ratis.server.impl.StateMachineUpdater.waitForCommit(StateMachineUpdater.java:194)
        at org.apache.ratis.server.impl.StateMachineUpdater.run(StateMachineUpdater.java:159)
        at java.lang.Thread.run(Thread.java:748)
"IPC Server handler 8 on 33223" daemon prio=5 tid=58 timed_waiting
java.lang.Thread.State: TIMED_WAITING
        at sun.misc.Unsafe.park(Native Method)
        at java.util.concurrent.locks.LockSupport.parkNanos(LockSupport.java:215)
        at java.util.concurrent.locks.AbstractQueuedSynchronizer$ConditionObject.awaitNanos(AbstractQueuedSynchronizer.java:2078)
        at java.util.concurrent.LinkedBlockingQueue.poll(LinkedBlockingQueue.java:467)
        at org.apache.hadoop.ipc.CallQueueManager.take(CallQueueManager.java:288)
        at org.apache.hadoop.ipc.Server$Handler.run(Server.java:2668)
"pool-76-thread-46"  prio=5 tid=634 in Object.wait()
java.lang.Thread.State: WAITING (on object monitor)
        at sun.misc.Unsafe.park(Native Method)
        at java.util.concurrent.locks.LockSupport.park(LockSupport.java:175)
        at java.util.concurrent.locks.AbstractQueuedSynchronizer$ConditionObject.await(AbstractQueuedSynchronizer.java:2039)
        at java.util.concurrent.ArrayBlockingQueue.take(ArrayBlockingQueue.java:403)
        at java.util.concurrent.ThreadPoolExecutor.getTask(ThreadPoolExecutor.java:1074)
        at java.util.concurrent.ThreadPoolExecutor.runWorker(ThreadPoolExecutor.java:1134)
        at java.util.concurrent.ThreadPoolExecutor$Worker.run(ThreadPoolExecutor.java:624)
        at java.lang.Thread.run(Thread.java:748)
"pool-36-thread-23"  prio=5 tid=384 in Object.wait()
java.lang.Thread.State: WAITING (on object monitor)
        at sun.misc.Unsafe.park(Native Method)
        at java.util.concurrent.locks.LockSupport.park(LockSupport.java:175)
        at java.util.concurrent.locks.AbstractQueuedSynchronizer$ConditionObject.await(AbstractQueuedSynchronizer.java:2039)
        at java.util.concurrent.ArrayBlockingQueue.take(ArrayBlockingQueue.java:403)
        at java.util.concurrent.ThreadPoolExecutor.getTask(ThreadPoolExecutor.java:1074)
        at java.util.concurrent.ThreadPoolExecutor.runWorker(ThreadPoolExecutor.java:1134)
        at java.util.concurrent.ThreadPoolExecutor$Worker.run(ThreadPoolExecutor.java:624)
        at java.lang.Thread.run(Thread.java:748)
"pool-36-thread-55"  prio=5 tid=461 in Object.wait()
java.lang.Thread.State: WAITING (on object monitor)
        at sun.misc.Unsafe.park(Native Method)
        at java.util.concurrent.locks.LockSupport.park(LockSupport.java:175)
        at java.util.concurrent.locks.AbstractQueuedSynchronizer$ConditionObject.await(AbstractQueuedSynchronizer.java:2039)
        at java.util.concurrent.ArrayBlockingQueue.take(ArrayBlockingQueue.java:403)
        at java.util.concurrent.ThreadPoolExecutor.getTask(ThreadPoolExecutor.java:1074)
        at java.util.concurrent.ThreadPoolExecutor.runWorker(ThreadPoolExecutor.java:1134)
        at java.util.concurrent.ThreadPoolExecutor$Worker.run(ThreadPoolExecutor.java:624)
        at java.lang.Thread.run(Thread.java:748)
"refreshUsed-/workdir/hadoop-ozone/integration-test/target/test-dir/MiniOzoneClusterImpl-eeadbacc-06c2-472c-a3f4-8a25f61a295a/datanode-1/data/containers" daemon prio=5 tid=182 timed_waiting
java.lang.Thread.State: TIMED_WAITING
        at java.lang.Thread.sleep(Native Method)
        at org.apache.hadoop.fs.CachingGetSpaceUsed$RefreshThread.run(CachingGetSpaceUsed.java:179)
        at java.lang.Thread.run(Thread.java:748)
"qtp1770687691-163" daemon prio=5 tid=163 timed_waiting
java.lang.Thread.State: TIMED_WAITING
        at sun.misc.Unsafe.park(Native Method)
        at java.util.concurrent.locks.LockSupport.parkNanos(LockSupport.java:215)
        at java.util.concurrent.locks.AbstractQueuedSynchronizer$ConditionObject.awaitNanos(AbstractQueuedSynchronizer.java:2078)
        at org.eclipse.jetty.util.BlockingArrayQueue.poll(BlockingArrayQueue.java:392)
        at org.eclipse.jetty.util.thread.QueuedThreadPool.idleJobPoll(QueuedThreadPool.java:563)
        at org.eclipse.jetty.util.thread.QueuedThreadPool.access$800(QueuedThreadPool.java:48)
        at org.eclipse.jetty.util.thread.QueuedThreadPool$2.run(QueuedThreadPool.java:626)
        at java.lang.Thread.run(Thread.java:748)
"pool-36-thread-9"  prio=5 tid=339 in Object.wait()
java.lang.Thread.State: WAITING (on object monitor)
        at sun.misc.Unsafe.park(Native Method)
        at java.util.concurrent.locks.LockSupport.park(LockSupport.java:175)
        at java.util.concurrent.locks.AbstractQueuedSynchronizer$ConditionObject.await(AbstractQueuedSynchronizer.java:2039)
        at java.util.concurrent.ArrayBlockingQueue.take(ArrayBlockingQueue.java:403)
        at java.util.concurrent.ThreadPoolExecutor.getTask(ThreadPoolExecutor.java:1074)
        at java.util.concurrent.ThreadPoolExecutor.runWorker(ThreadPoolExecutor.java:1134)
        at java.util.concurrent.ThreadPoolExecutor$Worker.run(ThreadPoolExecutor.java:624)
        at java.lang.Thread.run(Thread.java:748)
"pool-26-thread-6"  prio=5 tid=341 in Object.wait()
java.lang.Thread.State: WAITING (on object monitor)
        at sun.misc.Unsafe.park(Native Method)
        at java.util.concurrent.locks.LockSupport.park(LockSupport.java:175)
        at java.util.concurrent.locks.AbstractQueuedSynchronizer$ConditionObject.await(AbstractQueuedSynchronizer.java:2039)
        at java.util.concurrent.ArrayBlockingQueue.take(ArrayBlockingQueue.java:403)
        at java.util.concurrent.ThreadPoolExecutor.getTask(ThreadPoolExecutor.java:1074)
        at java.util.concurrent.ThreadPoolExecutor.runWorker(ThreadPoolExecutor.java:1134)
        at java.util.concurrent.ThreadPoolExecutor$Worker.run(ThreadPoolExecutor.java:624)
        at java.lang.Thread.run(Thread.java:748)
"pool-70-thread-1"  prio=5 tid=267 timed_waiting
java.lang.Thread.State: TIMED_WAITING
        at sun.misc.Unsafe.park(Native Method)
        at java.util.concurrent.locks.LockSupport.parkNanos(LockSupport.java:215)
        at java.util.concurrent.locks.AbstractQueuedSynchronizer$ConditionObject.awaitNanos(AbstractQueuedSynchronizer.java:2078)
        at java.util.concurrent.ScheduledThreadPoolExecutor$DelayedWorkQueue.take(ScheduledThreadPoolExecutor.java:1093)
        at java.util.concurrent.ScheduledThreadPoolExecutor$DelayedWorkQueue.take(ScheduledThreadPoolExecutor.java:809)
        at java.util.concurrent.ThreadPoolExecutor.getTask(ThreadPoolExecutor.java:1074)
        at java.util.concurrent.ThreadPoolExecutor.runWorker(ThreadPoolExecutor.java:1134)
        at java.util.concurrent.ThreadPoolExecutor$Worker.run(ThreadPoolExecutor.java:624)
        at java.lang.Thread.run(Thread.java:748)
"org.eclipse.jetty.server.session.HashSessionManager@5a9281dcTimer" daemon prio=5 tid=98 timed_waiting
java.lang.Thread.State: TIMED_WAITING
        at sun.misc.Unsafe.park(Native Method)
        at java.util.concurrent.locks.LockSupport.parkNanos(LockSupport.java:215)
        at java.util.concurrent.locks.AbstractQueuedSynchronizer$ConditionObject.awaitNanos(AbstractQueuedSynchronizer.java:2078)
        at java.util.concurrent.ScheduledThreadPoolExecutor$DelayedWorkQueue.take(ScheduledThreadPoolExecutor.java:1093)
        at java.util.concurrent.ScheduledThreadPoolExecutor$DelayedWorkQueue.take(ScheduledThreadPoolExecutor.java:809)
        at java.util.concurrent.ThreadPoolExecutor.getTask(ThreadPoolExecutor.java:1074)
        at java.util.concurrent.ThreadPoolExecutor.runWorker(ThreadPoolExecutor.java:1134)
        at java.util.concurrent.ThreadPoolExecutor$Worker.run(ThreadPoolExecutor.java:624)
        at java.lang.Thread.run(Thread.java:748)
"pool-46-thread-18"  prio=5 tid=359 in Object.wait()
java.lang.Thread.State: WAITING (on object monitor)
        at sun.misc.Unsafe.park(Native Method)
        at java.util.concurrent.locks.LockSupport.park(LockSupport.java:175)
        at java.util.concurrent.locks.AbstractQueuedSynchronizer$ConditionObject.await(AbstractQueuedSynchronizer.java:2039)
        at java.util.concurrent.ArrayBlockingQueue.take(ArrayBlockingQueue.java:403)
        at java.util.concurrent.ThreadPoolExecutor.getTask(ThreadPoolExecutor.java:1074)
        at java.util.concurrent.ThreadPoolExecutor.runWorker(ThreadPoolExecutor.java:1134)
        at java.util.concurrent.ThreadPoolExecutor$Worker.run(ThreadPoolExecutor.java:624)
        at java.lang.Thread.run(Thread.java:748)
"qtp1931194070-247" daemon prio=5 tid=247 timed_waiting
java.lang.Thread.State: TIMED_WAITING
        at sun.misc.Unsafe.park(Native Method)
        at java.util.concurrent.locks.LockSupport.parkNanos(LockSupport.java:215)
        at java.util.concurrent.locks.AbstractQueuedSynchronizer$ConditionObject.awaitNanos(AbstractQueuedSynchronizer.java:2078)
        at org.eclipse.jetty.util.BlockingArrayQueue.poll(BlockingArrayQueue.java:392)
        at org.eclipse.jetty.util.thread.QueuedThreadPool.idleJobPoll(QueuedThreadPool.java:563)
        at org.eclipse.jetty.util.thread.QueuedThreadPool.access$800(QueuedThreadPool.java:48)
        at org.eclipse.jetty.util.thread.QueuedThreadPool$2.run(QueuedThreadPool.java:626)
        at java.lang.Thread.run(Thread.java:748)
"pool-26-thread-47"  prio=5 tid=489 in Object.wait()
java.lang.Thread.State: WAITING (on object monitor)
        at sun.misc.Unsafe.park(Native Method)
        at java.util.concurrent.locks.LockSupport.park(LockSupport.java:175)
        at java.util.concurrent.locks.AbstractQueuedSynchronizer$ConditionObject.await(AbstractQueuedSynchronizer.java:2039)
        at java.util.concurrent.ArrayBlockingQueue.take(ArrayBlockingQueue.java:403)
        at java.util.concurrent.ThreadPoolExecutor.getTask(ThreadPoolExecutor.java:1074)
        at java.util.concurrent.ThreadPoolExecutor.runWorker(ThreadPoolExecutor.java:1134)
        at java.util.concurrent.ThreadPoolExecutor$Worker.run(ThreadPoolExecutor.java:624)
        at java.lang.Thread.run(Thread.java:748)
"pool-36-thread-38"  prio=5 tid=425 in Object.wait()
java.lang.Thread.State: WAITING (on object monitor)
        at sun.misc.Unsafe.park(Native Method)
        at java.util.concurrent.locks.LockSupport.park(LockSupport.java:175)
        at java.util.concurrent.locks.AbstractQueuedSynchronizer$ConditionObject.await(AbstractQueuedSynchronizer.java:2039)
        at java.util.concurrent.ArrayBlockingQueue.take(ArrayBlockingQueue.java:403)
        at java.util.concurrent.ThreadPoolExecutor.getTask(ThreadPoolExecutor.java:1074)
        at java.util.concurrent.ThreadPoolExecutor.runWorker(ThreadPoolExecutor.java:1134)
        at java.util.concurrent.ThreadPoolExecutor$Worker.run(ThreadPoolExecutor.java:624)
        at java.lang.Thread.run(Thread.java:748)
"metrics-hadoop-metrics2-reporter-75-thread-1" daemon prio=5 tid=1005 timed_waiting
java.lang.Thread.State: TIMED_WAITING
        at sun.misc.Unsafe.park(Native Method)
        at java.util.concurrent.locks.LockSupport.parkNanos(LockSupport.java:215)
        at java.util.concurrent.locks.AbstractQueuedSynchronizer$ConditionObject.awaitNanos(AbstractQueuedSynchronizer.java:2078)
        at java.util.concurrent.ScheduledThreadPoolExecutor$DelayedWorkQueue.take(ScheduledThreadPoolExecutor.java:1093)
        at java.util.concurrent.ScheduledThreadPoolExecutor$DelayedWorkQueue.take(ScheduledThreadPoolExecutor.java:809)
        at java.util.concurrent.ThreadPoolExecutor.getTask(ThreadPoolExecutor.java:1074)
        at java.util.concurrent.ThreadPoolExecutor.runWorker(ThreadPoolExecutor.java:1134)
        at java.util.concurrent.ThreadPoolExecutor$Worker.run(ThreadPoolExecutor.java:624)
        at java.lang.Thread.run(Thread.java:748)
"920a4478-64f4-4720-983c-9a2102f3c94b@group-9DC5606B5DE8-SegmentedRaftLogWorker"  prio=5 tid=946 timed_waiting
java.lang.Thread.State: TIMED_WAITING
        at sun.misc.Unsafe.park(Native Method)
        at java.util.concurrent.locks.LockSupport.parkNanos(LockSupport.java:215)
        at java.util.concurrent.locks.AbstractQueuedSynchronizer$ConditionObject.awaitNanos(AbstractQueuedSynchronizer.java:2078)
        at org.apache.ratis.util.DataBlockingQueue.poll(DataBlockingQueue.java:137)
        at org.apache.ratis.server.raftlog.segmented.SegmentedRaftLogWorker.run(SegmentedRaftLogWorker.java:282)
        at java.lang.Thread.run(Thread.java:748)
"pool-27-thread-1"  prio=5 tid=702 in Object.wait()
java.lang.Thread.State: WAITING (on object monitor)
        at sun.misc.Unsafe.park(Native Method)
        at java.util.concurrent.locks.LockSupport.park(LockSupport.java:175)
        at java.util.concurrent.locks.AbstractQueuedSynchronizer$ConditionObject.await(AbstractQueuedSynchronizer.java:2039)
        at java.util.concurrent.LinkedBlockingQueue.take(LinkedBlockingQueue.java:442)
        at java.util.concurrent.ThreadPoolExecutor.getTask(ThreadPoolExecutor.java:1074)
        at java.util.concurrent.ThreadPoolExecutor.runWorker(ThreadPoolExecutor.java:1134)
        at java.util.concurrent.ThreadPoolExecutor$Worker.run(ThreadPoolExecutor.java:624)
        at java.lang.Thread.run(Thread.java:748)
"pool-36-thread-24"  prio=5 tid=388 in Object.wait()
java.lang.Thread.State: WAITING (on object monitor)
        at sun.misc.Unsafe.park(Native Method)
        at java.util.concurrent.locks.LockSupport.park(LockSupport.java:175)
        at java.util.concurrent.locks.AbstractQueuedSynchronizer$ConditionObject.await(AbstractQueuedSynchronizer.java:2039)
        at java.util.concurrent.ArrayBlockingQueue.take(ArrayBlockingQueue.java:403)
        at java.util.concurrent.ThreadPoolExecutor.getTask(ThreadPoolExecutor.java:1074)
        at java.util.concurrent.ThreadPoolExecutor.runWorker(ThreadPoolExecutor.java:1134)
        at java.util.concurrent.ThreadPoolExecutor$Worker.run(ThreadPoolExecutor.java:624)
        at java.lang.Thread.run(Thread.java:748)
"qtp1174596735-143" daemon prio=5 tid=143 timed_waiting
java.lang.Thread.State: TIMED_WAITING
        at sun.misc.Unsafe.park(Native Method)
        at java.util.concurrent.locks.LockSupport.parkNanos(LockSupport.java:215)
        at java.util.concurrent.locks.AbstractQueuedSynchronizer$ConditionObject.awaitNanos(AbstractQueuedSynchronizer.java:2078)
        at org.eclipse.jetty.util.BlockingArrayQueue.poll(BlockingArrayQueue.java:392)
        at org.eclipse.jetty.util.thread.QueuedThreadPool.idleJobPoll(QueuedThreadPool.java:563)
        at org.eclipse.jetty.util.thread.QueuedThreadPool.access$800(QueuedThreadPool.java:48)
        at org.eclipse.jetty.util.thread.QueuedThreadPool$2.run(QueuedThreadPool.java:626)
        at java.lang.Thread.run(Thread.java:748)
"Thread-0"  prio=5 tid=11 runnable
java.lang.Thread.State: RUNNABLE
        at java.lang.Thread.dumpThreads(Native Method)
        at java.lang.Thread.getAllStackTraces(Thread.java:1610)
        at org.apache.hadoop.test.TimedOutTestsListener.buildThreadDump(TimedOutTestsListener.java:87)
        at org.apache.hadoop.test.TimedOutTestsListener.buildThreadDiagnosticString(TimedOutTestsListener.java:73)
        at org.apache.hadoop.test.GenericTestUtils.waitFor(GenericTestUtils.java:389)
        at org.apache.hadoop.hdds.scm.pipeline.TestRatisPipelineCreateAndDestroy.waitForPipelines(TestRatisPipelineCreateAndDestroy.java:126)
        at org.apache.hadoop.hdds.scm.pipeline.TestRatisPipelineCreateAndDestroy.testAutomaticPipelineCreationOnPipelineDestroy(TestRatisPipelineCreateAndDestroy.java:79)
        at sun.reflect.NativeMethodAccessorImpl.invoke0(Native Method)
        at sun.reflect.NativeMethodAccessorImpl.invoke(NativeMethodAccessorImpl.java:62)
        at sun.reflect.DelegatingMethodAccessorImpl.invoke(DelegatingMethodAccessorImpl.java:43)
        at java.lang.reflect.Method.invoke(Method.java:498)
        at org.junit.runners.model.FrameworkMethod$1.runReflectiveCall(FrameworkMethod.java:47)
        at org.junit.internal.runners.model.ReflectiveCallable.run(ReflectiveCallable.java:12)
        at org.junit.runners.model.FrameworkMethod.invokeExplosively(FrameworkMethod.java:44)
        at org.junit.internal.runners.statements.InvokeMethod.evaluate(InvokeMethod.java:17)
        at org.junit.internal.runners.statements.FailOnTimeout$StatementThread.run(FailOnTimeout.java:74)
"pool-36-thread-6"  prio=5 tid=334 in Object.wait()
java.lang.Thread.State: WAITING (on object monitor)
        at sun.misc.Unsafe.park(Native Method)
        at java.util.concurrent.locks.LockSupport.park(LockSupport.java:175)
        at java.util.concurrent.locks.AbstractQueuedSynchronizer$ConditionObject.await(AbstractQueuedSynchronizer.java:2039)
        at java.util.concurrent.ArrayBlockingQueue.take(ArrayBlockingQueue.java:403)
        at java.util.concurrent.ThreadPoolExecutor.getTask(ThreadPoolExecutor.java:1074)
        at java.util.concurrent.ThreadPoolExecutor.runWorker(ThreadPoolExecutor.java:1134)
        at java.util.concurrent.ThreadPoolExecutor$Worker.run(ThreadPoolExecutor.java:624)
        at java.lang.Thread.run(Thread.java:748)
"metrics-hadoop-metrics2-reporter-14-thread-1" daemon prio=5 tid=736 timed_waiting
java.lang.Thread.State: TIMED_WAITING
        at sun.misc.Unsafe.park(Native Method)
        at java.util.concurrent.locks.LockSupport.parkNanos(LockSupport.java:215)
        at java.util.concurrent.locks.AbstractQueuedSynchronizer$ConditionObject.awaitNanos(AbstractQueuedSynchronizer.java:2078)
        at java.util.concurrent.ScheduledThreadPoolExecutor$DelayedWorkQueue.take(ScheduledThreadPoolExecutor.java:1093)
        at java.util.concurrent.ScheduledThreadPoolExecutor$DelayedWorkQueue.take(ScheduledThreadPoolExecutor.java:809)
        at java.util.concurrent.ThreadPoolExecutor.getTask(ThreadPoolExecutor.java:1074)
        at java.util.concurrent.ThreadPoolExecutor.runWorker(ThreadPoolExecutor.java:1134)
        at java.util.concurrent.ThreadPoolExecutor$Worker.run(ThreadPoolExecutor.java:624)
        at java.lang.Thread.run(Thread.java:748)
"IPC Server handler 13 on 42810" daemon prio=5 tid=128 timed_waiting
java.lang.Thread.State: TIMED_WAITING
        at sun.misc.Unsafe.park(Native Method)
        at java.util.concurrent.locks.LockSupport.parkNanos(LockSupport.java:215)
        at java.util.concurrent.locks.AbstractQueuedSynchronizer$ConditionObject.awaitNanos(AbstractQueuedSynchronizer.java:2078)
        at java.util.concurrent.LinkedBlockingQueue.poll(LinkedBlockingQueue.java:467)
        at org.apache.hadoop.ipc.CallQueueManager.take(CallQueueManager.java:288)
        at org.apache.hadoop.ipc.Server$Handler.run(Server.java:2668)
"pool-24-thread-1" daemon prio=5 tid=157 timed_waiting
java.lang.Thread.State: TIMED_WAITING
        at sun.misc.Unsafe.park(Native Method)
        at java.util.concurrent.locks.LockSupport.parkNanos(LockSupport.java:215)
        at java.util.concurrent.locks.AbstractQueuedSynchronizer$ConditionObject.awaitNanos(AbstractQueuedSynchronizer.java:2078)
        at java.util.concurrent.ScheduledThreadPoolExecutor$DelayedWorkQueue.take(ScheduledThreadPoolExecutor.java:1093)
        at java.util.concurrent.ScheduledThreadPoolExecutor$DelayedWorkQueue.take(ScheduledThreadPoolExecutor.java:809)
        at java.util.concurrent.ThreadPoolExecutor.getTask(ThreadPoolExecutor.java:1074)
        at java.util.concurrent.ThreadPoolExecutor.runWorker(ThreadPoolExecutor.java:1134)
        at java.util.concurrent.ThreadPoolExecutor$Worker.run(ThreadPoolExecutor.java:624)
        at java.lang.Thread.run(Thread.java:748)
"pool-76-thread-1"  prio=5 tid=558 in Object.wait()
java.lang.Thread.State: WAITING (on object monitor)
        at sun.misc.Unsafe.park(Native Method)
        at java.util.concurrent.locks.LockSupport.park(LockSupport.java:175)
        at java.util.concurrent.locks.AbstractQueuedSynchronizer$ConditionObject.await(AbstractQueuedSynchronizer.java:2039)
        at java.util.concurrent.ArrayBlockingQueue.take(ArrayBlockingQueue.java:403)
        at java.util.concurrent.ThreadPoolExecutor.getTask(ThreadPoolExecutor.java:1074)
        at java.util.concurrent.ThreadPoolExecutor.runWorker(ThreadPoolExecutor.java:1134)
        at java.util.concurrent.ThreadPoolExecutor$Worker.run(ThreadPoolExecutor.java:624)
        at java.lang.Thread.run(Thread.java:748)
"qtp2139397088-214" daemon prio=5 tid=214 runnable
java.lang.Thread.State: RUNNABLE
        at sun.nio.ch.EPollArrayWrapper.epollWait(Native Method)
        at sun.nio.ch.EPollArrayWrapper.poll(EPollArrayWrapper.java:269)
        at sun.nio.ch.EPollSelectorImpl.doSelect(EPollSelectorImpl.java:93)
        at sun.nio.ch.SelectorImpl.lockAndDoSelect(SelectorImpl.java:86)
        at sun.nio.ch.SelectorImpl.select(SelectorImpl.java:97)
        at sun.nio.ch.SelectorImpl.select(SelectorImpl.java:101)
        at org.eclipse.jetty.io.ManagedSelector$SelectorProducer.select(ManagedSelector.java:243)
        at org.eclipse.jetty.io.ManagedSelector$SelectorProducer.produce(ManagedSelector.java:191)
        at org.eclipse.jetty.util.thread.strategy.ExecuteProduceConsume.executeProduceConsume(ExecuteProduceConsume.java:249)
        at org.eclipse.jetty.util.thread.strategy.ExecuteProduceConsume.produceConsume(ExecuteProduceConsume.java:148)
        at org.eclipse.jetty.util.thread.strategy.ExecuteProduceConsume.execute(ExecuteProduceConsume.java:100)
        at org.eclipse.jetty.io.ManagedSelector.run(ManagedSelector.java:147)
        at org.eclipse.jetty.util.thread.QueuedThreadPool.runJob(QueuedThreadPool.java:671)
        at org.eclipse.jetty.util.thread.QueuedThreadPool$2.run(QueuedThreadPool.java:589)
        at java.lang.Thread.run(Thread.java:748)
"pool-66-thread-49"  prio=5 tid=664 in Object.wait()
java.lang.Thread.State: WAITING (on object monitor)
        at sun.misc.Unsafe.park(Native Method)
        at java.util.concurrent.locks.LockSupport.park(LockSupport.java:175)
        at java.util.concurrent.locks.AbstractQueuedSynchronizer$ConditionObject.await(AbstractQueuedSynchronizer.java:2039)
        at java.util.concurrent.ArrayBlockingQueue.take(ArrayBlockingQueue.java:403)
        at java.util.concurrent.ThreadPoolExecutor.getTask(ThreadPoolExecutor.java:1074)
        at java.util.concurrent.ThreadPoolExecutor.runWorker(ThreadPoolExecutor.java:1134)
        at java.util.concurrent.ThreadPoolExecutor$Worker.run(ThreadPoolExecutor.java:624)
        at java.lang.Thread.run(Thread.java:748)
"pool-26-thread-40"  prio=5 tid=466 in Object.wait()
java.lang.Thread.State: WAITING (on object monitor)
        at sun.misc.Unsafe.park(Native Method)
        at java.util.concurrent.locks.LockSupport.park(LockSupport.java:175)
        at java.util.concurrent.locks.AbstractQueuedSynchronizer$ConditionObject.await(AbstractQueuedSynchronizer.java:2039)
        at java.util.concurrent.ArrayBlockingQueue.take(ArrayBlockingQueue.java:403)
        at java.util.concurrent.ThreadPoolExecutor.getTask(ThreadPoolExecutor.java:1074)
        at java.util.concurrent.ThreadPoolExecutor.runWorker(ThreadPoolExecutor.java:1134)
        at java.util.concurrent.ThreadPoolExecutor$Worker.run(ThreadPoolExecutor.java:624)
        at java.lang.Thread.run(Thread.java:748)
"pool-36-thread-47"  prio=5 tid=447 in Object.wait()
java.lang.Thread.State: WAITING (on object monitor)
        at sun.misc.Unsafe.park(Native Method)
        at java.util.concurrent.locks.LockSupport.park(LockSupport.java:175)
        at java.util.concurrent.locks.AbstractQueuedSynchronizer$ConditionObject.await(AbstractQueuedSynchronizer.java:2039)
        at java.util.concurrent.ArrayBlockingQueue.take(ArrayBlockingQueue.java:403)
        at java.util.concurrent.ThreadPoolExecutor.getTask(ThreadPoolExecutor.java:1074)
        at java.util.concurrent.ThreadPoolExecutor.runWorker(ThreadPoolExecutor.java:1134)
        at java.util.concurrent.ThreadPoolExecutor$Worker.run(ThreadPoolExecutor.java:624)
        at java.lang.Thread.run(Thread.java:748)
"java.util.concurrent.ThreadPoolExecutor$Worker@6528b3b1[State = -1, empty queue]" daemon prio=5 tid=1006 timed_waiting
java.lang.Thread.State: TIMED_WAITING
        at sun.misc.Unsafe.park(Native Method)
        at java.util.concurrent.locks.LockSupport.parkNanos(LockSupport.java:215)
        at java.util.concurrent.locks.AbstractQueuedSynchronizer$ConditionObject.awaitNanos(AbstractQueuedSynchronizer.java:2078)
        at java.util.concurrent.ScheduledThreadPoolExecutor$DelayedWorkQueue.take(ScheduledThreadPoolExecutor.java:1093)
        at java.util.concurrent.ScheduledThreadPoolExecutor$DelayedWorkQueue.take(ScheduledThreadPoolExecutor.java:809)
        at java.util.concurrent.ThreadPoolExecutor.getTask(ThreadPoolExecutor.java:1074)
        at java.util.concurrent.ThreadPoolExecutor.runWorker(ThreadPoolExecutor.java:1134)
        at java.util.concurrent.ThreadPoolExecutor$Worker.run(ThreadPoolExecutor.java:624)
        at java.lang.Thread.run(Thread.java:748)
"pool-76-thread-51"  prio=5 tid=642 in Object.wait()
java.lang.Thread.State: WAITING (on object monitor)
        at sun.misc.Unsafe.park(Native Method)
        at java.util.concurrent.locks.LockSupport.park(LockSupport.java:175)
        at java.util.concurrent.locks.AbstractQueuedSynchronizer$ConditionObject.await(AbstractQueuedSynchronizer.java:2039)
        at java.util.concurrent.ArrayBlockingQueue.take(ArrayBlockingQueue.java:403)
        at java.util.concurrent.ThreadPoolExecutor.getTask(ThreadPoolExecutor.java:1074)
        at java.util.concurrent.ThreadPoolExecutor.runWorker(ThreadPoolExecutor.java:1134)
        at java.util.concurrent.ThreadPoolExecutor$Worker.run(ThreadPoolExecutor.java:624)
        at java.lang.Thread.run(Thread.java:748)
"pool-46-thread-54"  prio=5 tid=458 in Object.wait()
java.lang.Thread.State: WAITING (on object monitor)
        at sun.misc.Unsafe.park(Native Method)
        at java.util.concurrent.locks.LockSupport.park(LockSupport.java:175)
        at java.util.concurrent.locks.AbstractQueuedSynchronizer$ConditionObject.await(AbstractQueuedSynchronizer.java:2039)
        at java.util.concurrent.ArrayBlockingQueue.take(ArrayBlockingQueue.java:403)
        at java.util.concurrent.ThreadPoolExecutor.getTask(ThreadPoolExecutor.java:1074)
        at java.util.concurrent.ThreadPoolExecutor.runWorker(ThreadPoolExecutor.java:1134)
        at java.util.concurrent.ThreadPoolExecutor$Worker.run(ThreadPoolExecutor.java:624)
        at java.lang.Thread.run(Thread.java:748)
"IPC Server handler 3 on 33223" daemon prio=5 tid=53 timed_waiting
java.lang.Thread.State: TIMED_WAITING
        at sun.misc.Unsafe.park(Native Method)
        at java.util.concurrent.locks.LockSupport.parkNanos(LockSupport.java:215)
        at java.util.concurrent.locks.AbstractQueuedSynchronizer$ConditionObject.awaitNanos(AbstractQueuedSynchronizer.java:2078)
        at java.util.concurrent.LinkedBlockingQueue.poll(LinkedBlockingQueue.java:467)
        at org.apache.hadoop.ipc.CallQueueManager.take(CallQueueManager.java:288)
        at org.apache.hadoop.ipc.Server$Handler.run(Server.java:2668)
"IPC Server handler 10 on 42372" daemon prio=5 tid=80 timed_waiting
java.lang.Thread.State: TIMED_WAITING
        at sun.misc.Unsafe.park(Native Method)
        at java.util.concurrent.locks.LockSupport.parkNanos(LockSupport.java:215)
        at java.util.concurrent.locks.AbstractQueuedSynchronizer$ConditionObject.awaitNanos(AbstractQueuedSynchronizer.java:2078)
        at java.util.concurrent.LinkedBlockingQueue.poll(LinkedBlockingQueue.java:467)
        at org.apache.hadoop.ipc.CallQueueManager.take(CallQueueManager.java:288)
        at org.apache.hadoop.ipc.Server$Handler.run(Server.java:2668)
"pool-56-thread-16"  prio=5 tid=505 in Object.wait()
java.lang.Thread.State: WAITING (on object monitor)
        at sun.misc.Unsafe.park(Native Method)
        at java.util.concurrent.locks.LockSupport.park(LockSupport.java:175)
        at java.util.concurrent.locks.AbstractQueuedSynchronizer$ConditionObject.await(AbstractQueuedSynchronizer.java:2039)
        at java.util.concurrent.ArrayBlockingQueue.take(ArrayBlockingQueue.java:403)
        at java.util.concurrent.ThreadPoolExecutor.getTask(ThreadPoolExecutor.java:1074)
        at java.util.concurrent.ThreadPoolExecutor.runWorker(ThreadPoolExecutor.java:1134)
        at java.util.concurrent.ThreadPoolExecutor$Worker.run(ThreadPoolExecutor.java:624)
        at java.lang.Thread.run(Thread.java:748)
"qtp559644343-299" daemon prio=5 tid=299 timed_waiting
java.lang.Thread.State: TIMED_WAITING
        at sun.misc.Unsafe.park(Native Method)
        at java.util.concurrent.locks.LockSupport.parkNanos(LockSupport.java:215)
        at java.util.concurrent.locks.AbstractQueuedSynchronizer$ConditionObject.awaitNanos(AbstractQueuedSynchronizer.java:2078)
        at org.eclipse.jetty.util.BlockingArrayQueue.poll(BlockingArrayQueue.java:392)
        at org.eclipse.jetty.util.thread.QueuedThreadPool.idleJobPoll(QueuedThreadPool.java:563)
        at org.eclipse.jetty.util.thread.QueuedThreadPool.access$800(QueuedThreadPool.java:48)
        at org.eclipse.jetty.util.thread.QueuedThreadPool$2.run(QueuedThreadPool.java:626)
        at java.lang.Thread.run(Thread.java:748)
"BlockDeletingService#1" daemon prio=5 tid=684 in Object.wait()
java.lang.Thread.State: WAITING (on object monitor)
        at sun.misc.Unsafe.park(Native Method)
        at java.util.concurrent.locks.LockSupport.park(LockSupport.java:175)
        at java.util.concurrent.locks.AbstractQueuedSynchronizer$ConditionObject.await(AbstractQueuedSynchronizer.java:2039)
        at java.util.concurrent.ScheduledThreadPoolExecutor$DelayedWorkQueue.take(ScheduledThreadPoolExecutor.java:1088)
        at java.util.concurrent.ScheduledThreadPoolExecutor$DelayedWorkQueue.take(ScheduledThreadPoolExecutor.java:809)
        at java.util.concurrent.ThreadPoolExecutor.getTask(ThreadPoolExecutor.java:1074)
        at java.util.concurrent.ThreadPoolExecutor.runWorker(ThreadPoolExecutor.java:1134)
        at java.util.concurrent.ThreadPoolExecutor$Worker.run(ThreadPoolExecutor.java:624)
        at java.lang.Thread.run(Thread.java:748)
"pool-66-thread-17"  prio=5 tid=581 in Object.wait()
java.lang.Thread.State: WAITING (on object monitor)
        at sun.misc.Unsafe.park(Native Method)
        at java.util.concurrent.locks.LockSupport.park(LockSupport.java:175)
        at java.util.concurrent.locks.AbstractQueuedSynchronizer$ConditionObject.await(AbstractQueuedSynchronizer.java:2039)
        at java.util.concurrent.ArrayBlockingQueue.take(ArrayBlockingQueue.java:403)
        at java.util.concurrent.ThreadPoolExecutor.getTask(ThreadPoolExecutor.java:1074)
        at java.util.concurrent.ThreadPoolExecutor.runWorker(ThreadPoolExecutor.java:1134)
        at java.util.concurrent.ThreadPoolExecutor$Worker.run(ThreadPoolExecutor.java:624)
        at java.lang.Thread.run(Thread.java:748)
"metrics-hadoop-metrics2-reporter-61-thread-1" daemon prio=5 tid=948 timed_waiting
java.lang.Thread.State: TIMED_WAITING
        at sun.misc.Unsafe.park(Native Method)
        at java.util.concurrent.locks.LockSupport.parkNanos(LockSupport.java:215)
        at java.util.concurrent.locks.AbstractQueuedSynchronizer$ConditionObject.awaitNanos(AbstractQueuedSynchronizer.java:2078)
        at java.util.concurrent.ScheduledThreadPoolExecutor$DelayedWorkQueue.take(ScheduledThreadPoolExecutor.java:1093)
        at java.util.concurrent.ScheduledThreadPoolExecutor$DelayedWorkQueue.take(ScheduledThreadPoolExecutor.java:809)
        at java.util.concurrent.ThreadPoolExecutor.getTask(ThreadPoolExecutor.java:1074)
        at java.util.concurrent.ThreadPoolExecutor.runWorker(ThreadPoolExecutor.java:1134)
        at java.util.concurrent.ThreadPoolExecutor$Worker.run(ThreadPoolExecutor.java:624)
        at java.lang.Thread.run(Thread.java:748)
"pool-46-thread-52"  prio=5 tid=450 in Object.wait()
java.lang.Thread.State: WAITING (on object monitor)
        at sun.misc.Unsafe.park(Native Method)
        at java.util.concurrent.locks.LockSupport.park(LockSupport.java:175)
        at java.util.concurrent.locks.AbstractQueuedSynchronizer$ConditionObject.await(AbstractQueuedSynchronizer.java:2039)
        at java.util.concurrent.ArrayBlockingQueue.take(ArrayBlockingQueue.java:403)
        at java.util.concurrent.ThreadPoolExecutor.getTask(ThreadPoolExecutor.java:1074)
        at java.util.concurrent.ThreadPoolExecutor.runWorker(ThreadPoolExecutor.java:1134)
        at java.util.concurrent.ThreadPoolExecutor$Worker.run(ThreadPoolExecutor.java:624)
        at java.lang.Thread.run(Thread.java:748)
"java.util.concurrent.ThreadPoolExecutor$Worker@574fc6fc[State = -1, empty queue]" daemon prio=5 tid=936 timed_waiting
java.lang.Thread.State: TIMED_WAITING
        at sun.misc.Unsafe.park(Native Method)
        at java.util.concurrent.locks.LockSupport.parkNanos(LockSupport.java:215)
        at java.util.concurrent.locks.AbstractQueuedSynchronizer$ConditionObject.awaitNanos(AbstractQueuedSynchronizer.java:2078)
        at java.util.concurrent.ScheduledThreadPoolExecutor$DelayedWorkQueue.take(ScheduledThreadPoolExecutor.java:1093)
        at java.util.concurrent.ScheduledThreadPoolExecutor$DelayedWorkQueue.take(ScheduledThreadPoolExecutor.java:809)
        at java.util.concurrent.ThreadPoolExecutor.getTask(ThreadPoolExecutor.java:1074)
        at java.util.concurrent.ThreadPoolExecutor.runWorker(ThreadPoolExecutor.java:1134)
        at java.util.concurrent.ThreadPoolExecutor$Worker.run(ThreadPoolExecutor.java:624)
        at java.lang.Thread.run(Thread.java:748)
"IPC Server handler 1 on 45420" daemon prio=5 tid=31 timed_waiting
java.lang.Thread.State: TIMED_WAITING
        at sun.misc.Unsafe.park(Native Method)
        at java.util.concurrent.locks.LockSupport.parkNanos(LockSupport.java:215)
        at java.util.concurrent.locks.AbstractQueuedSynchronizer$ConditionObject.awaitNanos(AbstractQueuedSynchronizer.java:2078)
        at java.util.concurrent.LinkedBlockingQueue.poll(LinkedBlockingQueue.java:467)
        at org.apache.hadoop.ipc.CallQueueManager.take(CallQueueManager.java:288)
        at org.apache.hadoop.ipc.Server$Handler.run(Server.java:2668)
"pool-46-thread-51"  prio=5 tid=446 in Object.wait()
java.lang.Thread.State: WAITING (on object monitor)
        at sun.misc.Unsafe.park(Native Method)
        at java.util.concurrent.locks.LockSupport.park(LockSupport.java:175)
        at java.util.concurrent.locks.AbstractQueuedSynchronizer$ConditionObject.await(AbstractQueuedSynchronizer.java:2039)
        at java.util.concurrent.ArrayBlockingQueue.take(ArrayBlockingQueue.java:403)
        at java.util.concurrent.ThreadPoolExecutor.getTask(ThreadPoolExecutor.java:1074)
        at java.util.concurrent.ThreadPoolExecutor.runWorker(ThreadPoolExecutor.java:1134)
        at java.util.concurrent.ThreadPoolExecutor$Worker.run(ThreadPoolExecutor.java:624)
        at java.lang.Thread.run(Thread.java:748)
"org.eclipse.jetty.server.session.HashSessionManager@127caabbTimer" daemon prio=5 tid=99 timed_waiting
java.lang.Thread.State: TIMED_WAITING
        at sun.misc.Unsafe.park(Native Method)
        at java.util.concurrent.locks.LockSupport.parkNanos(LockSupport.java:215)
        at java.util.concurrent.locks.AbstractQueuedSynchronizer$ConditionObject.awaitNanos(AbstractQueuedSynchronizer.java:2078)
        at java.util.concurrent.ScheduledThreadPoolExecutor$DelayedWorkQueue.take(ScheduledThreadPoolExecutor.java:1093)
        at java.util.concurrent.ScheduledThreadPoolExecutor$DelayedWorkQueue.take(ScheduledThreadPoolExecutor.java:809)
        at java.util.concurrent.ThreadPoolExecutor.getTask(ThreadPoolExecutor.java:1074)
        at java.util.concurrent.ThreadPoolExecutor.runWorker(ThreadPoolExecutor.java:1134)
        at java.util.concurrent.ThreadPoolExecutor$Worker.run(ThreadPoolExecutor.java:624)
        at java.lang.Thread.run(Thread.java:748)
"qtp1937022909-268" daemon prio=5 tid=268 runnable
java.lang.Thread.State: RUNNABLE
        at sun.nio.ch.EPollArrayWrapper.epollWait(Native Method)
        at sun.nio.ch.EPollArrayWrapper.poll(EPollArrayWrapper.java:269)
        at sun.nio.ch.EPollSelectorImpl.doSelect(EPollSelectorImpl.java:93)
        at sun.nio.ch.SelectorImpl.lockAndDoSelect(SelectorImpl.java:86)
        at sun.nio.ch.SelectorImpl.select(SelectorImpl.java:97)
        at sun.nio.ch.SelectorImpl.select(SelectorImpl.java:101)
        at org.eclipse.jetty.io.ManagedSelector$SelectorProducer.select(ManagedSelector.java:243)
        at org.eclipse.jetty.io.ManagedSelector$SelectorProducer.produce(ManagedSelector.java:191)
        at org.eclipse.jetty.util.thread.strategy.ExecuteProduceConsume.executeProduceConsume(ExecuteProduceConsume.java:249)
        at org.eclipse.jetty.util.thread.strategy.ExecuteProduceConsume.produceConsume(ExecuteProduceConsume.java:148)
        at org.eclipse.jetty.util.thread.strategy.ExecuteProduceConsume.execute(ExecuteProduceConsume.java:100)
        at org.eclipse.jetty.io.ManagedSelector.run(ManagedSelector.java:147)
        at org.eclipse.jetty.util.thread.QueuedThreadPool.runJob(QueuedThreadPool.java:671)
        at org.eclipse.jetty.util.thread.QueuedThreadPool$2.run(QueuedThreadPool.java:589)
        at java.lang.Thread.run(Thread.java:748)
"57d83d75-a41d-4aa4-98a2-4186e05ab504@group-812BEF14F159-SegmentedRaftLogWorker"  prio=5 tid=980 timed_waiting
java.lang.Thread.State: TIMED_WAITING
        at sun.misc.Unsafe.park(Native Method)
        at java.util.concurrent.locks.LockSupport.parkNanos(LockSupport.java:215)
        at java.util.concurrent.locks.AbstractQueuedSynchronizer$ConditionObject.awaitNanos(AbstractQueuedSynchronizer.java:2078)
        at org.apache.ratis.util.DataBlockingQueue.poll(DataBlockingQueue.java:137)
        at org.apache.ratis.server.raftlog.segmented.SegmentedRaftLogWorker.run(SegmentedRaftLogWorker.java:282)
        at java.lang.Thread.run(Thread.java:748)
"pool-36-thread-7"  prio=5 tid=336 in Object.wait()
java.lang.Thread.State: WAITING (on object monitor)
        at sun.misc.Unsafe.park(Native Method)
        at java.util.concurrent.locks.LockSupport.park(LockSupport.java:175)
        at java.util.concurrent.locks.AbstractQueuedSynchronizer$ConditionObject.await(AbstractQueuedSynchronizer.java:2039)
        at java.util.concurrent.ArrayBlockingQueue.take(ArrayBlockingQueue.java:403)
        at java.util.concurrent.ThreadPoolExecutor.getTask(ThreadPoolExecutor.java:1074)
        at java.util.concurrent.ThreadPoolExecutor.runWorker(ThreadPoolExecutor.java:1134)
        at java.util.concurrent.ThreadPoolExecutor$Worker.run(ThreadPoolExecutor.java:624)
        at java.lang.Thread.run(Thread.java:748)
"qtp1770687691-161-acceptor-0@64b19b94-ServerConnector@e8aadf0{HTTP/1.1,[http/1.1]}{0.0.0.0:43885}" daemon prio=3 tid=161 runnable
java.lang.Thread.State: RUNNABLE
        at sun.nio.ch.ServerSocketChannelImpl.accept0(Native Method)
        at sun.nio.ch.ServerSocketChannelImpl.accept(ServerSocketChannelImpl.java:422)
        at sun.nio.ch.ServerSocketChannelImpl.accept(ServerSocketChannelImpl.java:250)
        at org.eclipse.jetty.server.ServerConnector.accept(ServerConnector.java:397)
        at org.eclipse.jetty.server.AbstractConnector$Acceptor.run(AbstractConnector.java:601)
        at org.eclipse.jetty.util.thread.QueuedThreadPool.runJob(QueuedThreadPool.java:671)
        at org.eclipse.jetty.util.thread.QueuedThreadPool$2.run(QueuedThreadPool.java:589)
        at java.lang.Thread.run(Thread.java:748)
"pool-26-thread-30"  prio=5 tid=421 in Object.wait()
java.lang.Thread.State: WAITING (on object monitor)
        at sun.misc.Unsafe.park(Native Method)
        at java.util.concurrent.locks.LockSupport.park(LockSupport.java:175)
        at java.util.concurrent.locks.AbstractQueuedSynchronizer$ConditionObject.await(AbstractQueuedSynchronizer.java:2039)
        at java.util.concurrent.ArrayBlockingQueue.take(ArrayBlockingQueue.java:403)
        at java.util.concurrent.ThreadPoolExecutor.getTask(ThreadPoolExecutor.java:1074)
        at java.util.concurrent.ThreadPoolExecutor.runWorker(ThreadPoolExecutor.java:1134)
        at java.util.concurrent.ThreadPoolExecutor$Worker.run(ThreadPoolExecutor.java:624)
        at java.lang.Thread.run(Thread.java:748)
"IPC Server Responder" daemon prio=5 tid=26 runnable
java.lang.Thread.State: RUNNABLE
        at sun.nio.ch.EPollArrayWrapper.epollWait(Native Method)
        at sun.nio.ch.EPollArrayWrapper.poll(EPollArrayWrapper.java:269)
        at sun.nio.ch.EPollSelectorImpl.doSelect(EPollSelectorImpl.java:93)
        at sun.nio.ch.SelectorImpl.lockAndDoSelect(SelectorImpl.java:86)
        at sun.nio.ch.SelectorImpl.select(SelectorImpl.java:97)
        at org.apache.hadoop.ipc.Server$Responder.doRunLoop(Server.java:1334)
        at org.apache.hadoop.ipc.Server$Responder.run(Server.java:1317)
"IPC Server handler 6 on 45420" daemon prio=5 tid=36 timed_waiting
java.lang.Thread.State: TIMED_WAITING
        at sun.misc.Unsafe.park(Native Method)
        at java.util.concurrent.locks.LockSupport.parkNanos(LockSupport.java:215)
        at java.util.concurrent.locks.AbstractQueuedSynchronizer$ConditionObject.awaitNanos(AbstractQueuedSynchronizer.java:2078)
        at java.util.concurrent.LinkedBlockingQueue.poll(LinkedBlockingQueue.java:467)
        at org.apache.hadoop.ipc.CallQueueManager.take(CallQueueManager.java:288)
        at org.apache.hadoop.ipc.Server$Handler.run(Server.java:2668)
"IPC Server handler 15 on 42810" daemon prio=5 tid=130 timed_waiting
java.lang.Thread.State: TIMED_WAITING
        at sun.misc.Unsafe.park(Native Method)
        at java.util.concurrent.locks.LockSupport.parkNanos(LockSupport.java:215)
        at java.util.concurrent.locks.AbstractQueuedSynchronizer$ConditionObject.awaitNanos(AbstractQueuedSynchronizer.java:2078)
        at java.util.concurrent.LinkedBlockingQueue.poll(LinkedBlockingQueue.java:467)
        at org.apache.hadoop.ipc.CallQueueManager.take(CallQueueManager.java:288)
        at org.apache.hadoop.ipc.Server$Handler.run(Server.java:2668)
"java.util.concurrent.ThreadPoolExecutor$Worker@2e77164f[State = -1, empty queue]" daemon prio=5 tid=1055 timed_waiting
java.lang.Thread.State: TIMED_WAITING
        at sun.misc.Unsafe.park(Native Method)
        at java.util.concurrent.locks.LockSupport.parkNanos(LockSupport.java:215)
        at java.util.concurrent.locks.AbstractQueuedSynchronizer$ConditionObject.awaitNanos(AbstractQueuedSynchronizer.java:2078)
        at java.util.concurrent.ScheduledThreadPoolExecutor$DelayedWorkQueue.take(ScheduledThreadPoolExecutor.java:1093)
        at java.util.concurrent.ScheduledThreadPoolExecutor$DelayedWorkQueue.take(ScheduledThreadPoolExecutor.java:809)
        at java.util.concurrent.ThreadPoolExecutor.getTask(ThreadPoolExecutor.java:1074)
        at java.util.concurrent.ThreadPoolExecutor.runWorker(ThreadPoolExecutor.java:1134)
        at java.util.concurrent.ThreadPoolExecutor$Worker.run(ThreadPoolExecutor.java:624)
        at java.lang.Thread.run(Thread.java:748)
"org.eclipse.jetty.server.session.HashSessionManager@2dbd207cTimer" daemon prio=5 tid=145 timed_waiting
java.lang.Thread.State: TIMED_WAITING
        at sun.misc.Unsafe.park(Native Method)
        at java.util.concurrent.locks.LockSupport.parkNanos(LockSupport.java:215)
        at java.util.concurrent.locks.AbstractQueuedSynchronizer$ConditionObject.awaitNanos(AbstractQueuedSynchronizer.java:2078)
        at java.util.concurrent.ScheduledThreadPoolExecutor$DelayedWorkQueue.take(ScheduledThreadPoolExecutor.java:1093)
        at java.util.concurrent.ScheduledThreadPoolExecutor$DelayedWorkQueue.take(ScheduledThreadPoolExecutor.java:809)
        at java.util.concurrent.ThreadPoolExecutor.getTask(ThreadPoolExecutor.java:1074)
        at java.util.concurrent.ThreadPoolExecutor.runWorker(ThreadPoolExecutor.java:1134)
        at java.util.concurrent.ThreadPoolExecutor$Worker.run(ThreadPoolExecutor.java:624)
        at java.lang.Thread.run(Thread.java:748)
"pool-26-thread-38"  prio=5 tid=463 in Object.wait()
java.lang.Thread.State: WAITING (on object monitor)
        at sun.misc.Unsafe.park(Native Method)
        at java.util.concurrent.locks.LockSupport.park(LockSupport.java:175)
        at java.util.concurrent.locks.AbstractQueuedSynchronizer$ConditionObject.await(AbstractQueuedSynchronizer.java:2039)
        at java.util.concurrent.ArrayBlockingQueue.take(ArrayBlockingQueue.java:403)
        at java.util.concurrent.ThreadPoolExecutor.getTask(ThreadPoolExecutor.java:1074)
        at java.util.concurrent.ThreadPoolExecutor.runWorker(ThreadPoolExecutor.java:1134)
        at java.util.concurrent.ThreadPoolExecutor$Worker.run(ThreadPoolExecutor.java:624)
        at java.lang.Thread.run(Thread.java:748)
"pool-56-thread-12"  prio=5 tid=496 in Object.wait()
java.lang.Thread.State: WAITING (on object monitor)
        at sun.misc.Unsafe.park(Native Method)
        at java.util.concurrent.locks.LockSupport.park(LockSupport.java:175)
        at java.util.concurrent.locks.AbstractQueuedSynchronizer$ConditionObject.await(AbstractQueuedSynchronizer.java:2039)
        at java.util.concurrent.ArrayBlockingQueue.take(ArrayBlockingQueue.java:403)
        at java.util.concurrent.ThreadPoolExecutor.getTask(ThreadPoolExecutor.java:1074)
        at java.util.concurrent.ThreadPoolExecutor.runWorker(ThreadPoolExecutor.java:1134)
        at java.util.concurrent.ThreadPoolExecutor$Worker.run(ThreadPoolExecutor.java:624)
        at java.lang.Thread.run(Thread.java:748)
"BlockDeletingService#1" daemon prio=5 tid=686 in Object.wait()
java.lang.Thread.State: WAITING (on object monitor)
        at sun.misc.Unsafe.park(Native Method)
        at java.util.concurrent.locks.LockSupport.park(LockSupport.java:175)
        at java.util.concurrent.locks.AbstractQueuedSynchronizer$ConditionObject.await(AbstractQueuedSynchronizer.java:2039)
        at java.util.concurrent.ScheduledThreadPoolExecutor$DelayedWorkQueue.take(ScheduledThreadPoolExecutor.java:1088)
        at java.util.concurrent.ScheduledThreadPoolExecutor$DelayedWorkQueue.take(ScheduledThreadPoolExecutor.java:809)
        at java.util.concurrent.ThreadPoolExecutor.getTask(ThreadPoolExecutor.java:1074)
        at java.util.concurrent.ThreadPoolExecutor.runWorker(ThreadPoolExecutor.java:1134)
        at java.util.concurrent.ThreadPoolExecutor$Worker.run(ThreadPoolExecutor.java:624)
        at java.lang.Thread.run(Thread.java:748)
"pool-56-thread-35"  prio=5 tid=529 in Object.wait()
java.lang.Thread.State: WAITING (on object monitor)
        at sun.misc.Unsafe.park(Native Method)
        at java.util.concurrent.locks.LockSupport.park(LockSupport.java:175)
        at java.util.concurrent.locks.AbstractQueuedSynchronizer$ConditionObject.await(AbstractQueuedSynchronizer.java:2039)
        at java.util.concurrent.ArrayBlockingQueue.take(ArrayBlockingQueue.java:403)
        at java.util.concurrent.ThreadPoolExecutor.getTask(ThreadPoolExecutor.java:1074)
        at java.util.concurrent.ThreadPoolExecutor.runWorker(ThreadPoolExecutor.java:1134)
        at java.util.concurrent.ThreadPoolExecutor$Worker.run(ThreadPoolExecutor.java:624)
        at java.lang.Thread.run(Thread.java:748)
"metrics-hadoop-metrics2-reporter-37-thread-1" daemon prio=5 tid=804 timed_waiting
java.lang.Thread.State: TIMED_WAITING
        at sun.misc.Unsafe.park(Native Method)
        at java.util.concurrent.locks.LockSupport.parkNanos(LockSupport.java:215)
        at java.util.concurrent.locks.AbstractQueuedSynchronizer$ConditionObject.awaitNanos(AbstractQueuedSynchronizer.java:2078)
        at java.util.concurrent.ScheduledThreadPoolExecutor$DelayedWorkQueue.take(ScheduledThreadPoolExecutor.java:1093)
        at java.util.concurrent.ScheduledThreadPoolExecutor$DelayedWorkQueue.take(ScheduledThreadPoolExecutor.java:809)
        at java.util.concurrent.ThreadPoolExecutor.getTask(ThreadPoolExecutor.java:1074)
        at java.util.concurrent.ThreadPoolExecutor.runWorker(ThreadPoolExecutor.java:1134)
        at java.util.concurrent.ThreadPoolExecutor$Worker.run(ThreadPoolExecutor.java:624)
        at java.lang.Thread.run(Thread.java:748)
"pool-76-thread-19"  prio=5 tid=597 in Object.wait()
java.lang.Thread.State: WAITING (on object monitor)
        at sun.misc.Unsafe.park(Native Method)
        at java.util.concurrent.locks.LockSupport.park(LockSupport.java:175)
        at java.util.concurrent.locks.AbstractQueuedSynchronizer$ConditionObject.await(AbstractQueuedSynchronizer.java:2039)
        at java.util.concurrent.ArrayBlockingQueue.take(ArrayBlockingQueue.java:403)
        at java.util.concurrent.ThreadPoolExecutor.getTask(ThreadPoolExecutor.java:1074)
        at java.util.concurrent.ThreadPoolExecutor.runWorker(ThreadPoolExecutor.java:1134)
        at java.util.concurrent.ThreadPoolExecutor$Worker.run(ThreadPoolExecutor.java:624)
        at java.lang.Thread.run(Thread.java:748)
"java.util.concurrent.ThreadPoolExecutor$Worker@4fefd29a[State = -1, empty queue]" daemon prio=5 tid=1007 timed_waiting
java.lang.Thread.State: TIMED_WAITING
        at sun.misc.Unsafe.park(Native Method)
        at java.util.concurrent.locks.LockSupport.parkNanos(LockSupport.java:215)
        at java.util.concurrent.locks.AbstractQueuedSynchronizer$ConditionObject.awaitNanos(AbstractQueuedSynchronizer.java:2078)
        at java.util.concurrent.ScheduledThreadPoolExecutor$DelayedWorkQueue.take(ScheduledThreadPoolExecutor.java:1093)
        at java.util.concurrent.ScheduledThreadPoolExecutor$DelayedWorkQueue.take(ScheduledThreadPoolExecutor.java:809)
        at java.util.concurrent.ThreadPoolExecutor.getTask(ThreadPoolExecutor.java:1074)
        at java.util.concurrent.ThreadPoolExecutor.runWorker(ThreadPoolExecutor.java:1134)
        at java.util.concurrent.ThreadPoolExecutor$Worker.run(ThreadPoolExecutor.java:624)
        at java.lang.Thread.run(Thread.java:748)
"grpc-default-worker-ELG-3-1" daemon prio=5 tid=697 runnable
java.lang.Thread.State: RUNNABLE
        at sun.nio.ch.EPollArrayWrapper.epollWait(Native Method)
        at sun.nio.ch.EPollArrayWrapper.poll(EPollArrayWrapper.java:269)
        at sun.nio.ch.EPollSelectorImpl.doSelect(EPollSelectorImpl.java:93)
        at sun.nio.ch.SelectorImpl.lockAndDoSelect(SelectorImpl.java:86)
        at sun.nio.ch.SelectorImpl.select(SelectorImpl.java:97)
        at org.apache.ratis.thirdparty.io.netty.channel.nio.SelectedSelectionKeySetSelector.select(SelectedSelectionKeySetSelector.java:62)
        at org.apache.ratis.thirdparty.io.netty.channel.nio.NioEventLoop.select(NioEventLoop.java:753)
        at org.apache.ratis.thirdparty.io.netty.channel.nio.NioEventLoop.run(NioEventLoop.java:408)
        at org.apache.ratis.thirdparty.io.netty.util.concurrent.SingleThreadEventExecutor$5.run(SingleThreadEventExecutor.java:897)
        at org.apache.ratis.thirdparty.io.netty.util.concurrent.FastThreadLocalRunnable.run(FastThreadLocalRunnable.java:30)
        at java.lang.Thread.run(Thread.java:748)
"IPC Server handler 17 on 42372" daemon prio=5 tid=87 timed_waiting
java.lang.Thread.State: TIMED_WAITING
        at sun.misc.Unsafe.park(Native Method)
        at java.util.concurrent.locks.LockSupport.parkNanos(LockSupport.java:215)
        at java.util.concurrent.locks.AbstractQueuedSynchronizer$ConditionObject.awaitNanos(AbstractQueuedSynchronizer.java:2078)
        at java.util.concurrent.LinkedBlockingQueue.poll(LinkedBlockingQueue.java:467)
        at org.apache.hadoop.ipc.CallQueueManager.take(CallQueueManager.java:288)
        at org.apache.hadoop.ipc.Server$Handler.run(Server.java:2668)
"qtp1931194070-245" daemon prio=5 tid=245 timed_waiting
java.lang.Thread.State: TIMED_WAITING
        at sun.misc.Unsafe.park(Native Method)
        at java.util.concurrent.locks.LockSupport.parkNanos(LockSupport.java:215)
        at java.util.concurrent.locks.AbstractQueuedSynchronizer$ConditionObject.awaitNanos(AbstractQueuedSynchronizer.java:2078)
        at org.eclipse.jetty.util.BlockingArrayQueue.poll(BlockingArrayQueue.java:392)
        at org.eclipse.jetty.util.thread.QueuedThreadPool.idleJobPoll(QueuedThreadPool.java:563)
        at org.eclipse.jetty.util.thread.QueuedThreadPool.access$800(QueuedThreadPool.java:48)
        at org.eclipse.jetty.util.thread.QueuedThreadPool$2.run(QueuedThreadPool.java:626)
        at java.lang.Thread.run(Thread.java:748)
"pool-36-thread-18"  prio=5 tid=368 in Object.wait()
java.lang.Thread.State: WAITING (on object monitor)
        at sun.misc.Unsafe.park(Native Method)
        at java.util.concurrent.locks.LockSupport.park(LockSupport.java:175)
        at java.util.concurrent.locks.AbstractQueuedSynchronizer$ConditionObject.await(AbstractQueuedSynchronizer.java:2039)
        at java.util.concurrent.ArrayBlockingQueue.take(ArrayBlockingQueue.java:403)
        at java.util.concurrent.ThreadPoolExecutor.getTask(ThreadPoolExecutor.java:1074)
        at java.util.concurrent.ThreadPoolExecutor.runWorker(ThreadPoolExecutor.java:1134)
        at java.util.concurrent.ThreadPoolExecutor$Worker.run(ThreadPoolExecutor.java:624)
        at java.lang.Thread.run(Thread.java:748)
"refreshUsed-/workdir/hadoop-ozone/integration-test/target/test-dir/MiniOzoneClusterImpl-eeadbacc-06c2-472c-a3f4-8a25f61a295a/datanode-2/data/containers" daemon prio=5 tid=209 timed_waiting
java.lang.Thread.State: TIMED_WAITING
        at java.lang.Thread.sleep(Native Method)
        at org.apache.hadoop.fs.CachingGetSpaceUsed$RefreshThread.run(CachingGetSpaceUsed.java:179)
        at java.lang.Thread.run(Thread.java:748)
"pool-36-thread-1"  prio=5 tid=320 in Object.wait()
java.lang.Thread.State: WAITING (on object monitor)
        at sun.misc.Unsafe.park(Native Method)
        at java.util.concurrent.locks.LockSupport.park(LockSupport.java:175)
        at java.util.concurrent.locks.AbstractQueuedSynchronizer$ConditionObject.await(AbstractQueuedSynchronizer.java:2039)
        at java.util.concurrent.ArrayBlockingQueue.take(ArrayBlockingQueue.java:403)
        at java.util.concurrent.ThreadPoolExecutor.getTask(ThreadPoolExecutor.java:1074)
        at java.util.concurrent.ThreadPoolExecutor.runWorker(ThreadPoolExecutor.java:1134)
        at java.util.concurrent.ThreadPoolExecutor$Worker.run(ThreadPoolExecutor.java:624)
        at java.lang.Thread.run(Thread.java:748)
"org.apache.ratis.server.impl.LogAppender$AppenderDaemon$$Lambda$421/655825463@d35f6d8" daemon prio=5 tid=1053 timed_waiting
java.lang.Thread.State: TIMED_WAITING
        at java.lang.Object.wait(Native Method)
        at org.apache.ratis.grpc.server.GrpcLogAppender.mayWait(GrpcLogAppender.java:147)
        at org.apache.ratis.grpc.server.GrpcLogAppender.runAppenderImpl(GrpcLogAppender.java:101)
        at org.apache.ratis.server.impl.LogAppender$AppenderDaemon.run(LogAppender.java:76)
        at org.apache.ratis.server.impl.LogAppender$AppenderDaemon$$Lambda$421/655825463.run(Unknown Source)
        at java.lang.Thread.run(Thread.java:748)
"pool-46-thread-22"  prio=5 tid=370 in Object.wait()
java.lang.Thread.State: WAITING (on object monitor)
        at sun.misc.Unsafe.park(Native Method)
        at java.util.concurrent.locks.LockSupport.park(LockSupport.java:175)
        at java.util.concurrent.locks.AbstractQueuedSynchronizer$ConditionObject.await(AbstractQueuedSynchronizer.java:2039)
        at java.util.concurrent.ArrayBlockingQueue.take(ArrayBlockingQueue.java:403)
        at java.util.concurrent.ThreadPoolExecutor.getTask(ThreadPoolExecutor.java:1074)
        at java.util.concurrent.ThreadPoolExecutor.runWorker(ThreadPoolExecutor.java:1134)
        at java.util.concurrent.ThreadPoolExecutor$Worker.run(ThreadPoolExecutor.java:624)
        at java.lang.Thread.run(Thread.java:748)
"pool-26-thread-52"  prio=5 tid=498 in Object.wait()
java.lang.Thread.State: WAITING (on object monitor)
        at sun.misc.Unsafe.park(Native Method)
        at java.util.concurrent.locks.LockSupport.park(LockSupport.java:175)
        at java.util.concurrent.locks.AbstractQueuedSynchronizer$ConditionObject.await(AbstractQueuedSynchronizer.java:2039)
        at java.util.concurrent.ArrayBlockingQueue.take(ArrayBlockingQueue.java:403)
        at java.util.concurrent.ThreadPoolExecutor.getTask(ThreadPoolExecutor.java:1074)
        at java.util.concurrent.ThreadPoolExecutor.runWorker(ThreadPoolExecutor.java:1134)
        at java.util.concurrent.ThreadPoolExecutor$Worker.run(ThreadPoolExecutor.java:624)
        at java.lang.Thread.run(Thread.java:748)
"IPC Server handler 12 on 42810" daemon prio=5 tid=127 timed_waiting
java.lang.Thread.State: TIMED_WAITING
        at sun.misc.Unsafe.park(Native Method)
        at java.util.concurrent.locks.LockSupport.parkNanos(LockSupport.java:215)
        at java.util.concurrent.locks.AbstractQueuedSynchronizer$ConditionObject.awaitNanos(AbstractQueuedSynchronizer.java:2078)
        at java.util.concurrent.LinkedBlockingQueue.poll(LinkedBlockingQueue.java:467)
        at org.apache.hadoop.ipc.CallQueueManager.take(CallQueueManager.java:288)
        at org.apache.hadoop.ipc.Server$Handler.run(Server.java:2668)
"pool-46-thread-27"  prio=5 tid=383 in Object.wait()
java.lang.Thread.State: WAITING (on object monitor)
        at sun.misc.Unsafe.park(Native Method)
        at java.util.concurrent.locks.LockSupport.park(LockSupport.java:175)
        at java.util.concurrent.locks.AbstractQueuedSynchronizer$ConditionObject.await(AbstractQueuedSynchronizer.java:2039)
        at java.util.concurrent.ArrayBlockingQueue.take(ArrayBlockingQueue.java:403)
        at java.util.concurrent.ThreadPoolExecutor.getTask(ThreadPoolExecutor.java:1074)
        at java.util.concurrent.ThreadPoolExecutor.runWorker(ThreadPoolExecutor.java:1134)
        at java.util.concurrent.ThreadPoolExecutor$Worker.run(ThreadPoolExecutor.java:624)
        at java.lang.Thread.run(Thread.java:748)
"pool-56-thread-36"  prio=5 tid=530 in Object.wait()
java.lang.Thread.State: WAITING (on object monitor)
        at sun.misc.Unsafe.park(Native Method)
        at java.util.concurrent.locks.LockSupport.park(LockSupport.java:175)
        at java.util.concurrent.locks.AbstractQueuedSynchronizer$ConditionObject.await(AbstractQueuedSynchronizer.java:2039)
        at java.util.concurrent.ArrayBlockingQueue.take(ArrayBlockingQueue.java:403)
        at java.util.concurrent.ThreadPoolExecutor.getTask(ThreadPoolExecutor.java:1074)
        at java.util.concurrent.ThreadPoolExecutor.runWorker(ThreadPoolExecutor.java:1134)
        at java.util.concurrent.ThreadPoolExecutor$Worker.run(ThreadPoolExecutor.java:624)
        at java.lang.Thread.run(Thread.java:748)
"4b035f45-7941-40c3-ba2d-1cbecd2d369e@group-9DC5606B5DE8-StateMachineUpdater" daemon prio=5 tid=945 in Object.wait()
java.lang.Thread.State: WAITING (on object monitor)
        at java.lang.Object.wait(Native Method)
        at java.lang.Object.wait(Object.java:502)
        at org.apache.ratis.server.impl.StateMachineUpdater.waitForCommit(StateMachineUpdater.java:194)
        at org.apache.ratis.server.impl.StateMachineUpdater.run(StateMachineUpdater.java:159)
        at java.lang.Thread.run(Thread.java:748)
"Socket Reader #1 for port 33223"  prio=5 tid=20 runnable
java.lang.Thread.State: RUNNABLE
        at sun.nio.ch.EPollArrayWrapper.epollWait(Native Method)
        at sun.nio.ch.EPollArrayWrapper.poll(EPollArrayWrapper.java:269)
        at sun.nio.ch.EPollSelectorImpl.doSelect(EPollSelectorImpl.java:93)
        at sun.nio.ch.SelectorImpl.lockAndDoSelect(SelectorImpl.java:86)
        at sun.nio.ch.SelectorImpl.select(SelectorImpl.java:97)
        at sun.nio.ch.SelectorImpl.select(SelectorImpl.java:101)
        at org.apache.hadoop.ipc.Server$Listener$Reader.doRunLoop(Server.java:1097)
        at org.apache.hadoop.ipc.Server$Listener$Reader.run(Server.java:1076)
"IPC Server handler 14 on 45420" daemon prio=5 tid=44 timed_waiting
java.lang.Thread.State: TIMED_WAITING
        at sun.misc.Unsafe.park(Native Method)
        at java.util.concurrent.locks.LockSupport.parkNanos(LockSupport.java:215)
        at java.util.concurrent.locks.AbstractQueuedSynchronizer$ConditionObject.awaitNanos(AbstractQueuedSynchronizer.java:2078)
        at java.util.concurrent.LinkedBlockingQueue.poll(LinkedBlockingQueue.java:467)
        at org.apache.hadoop.ipc.CallQueueManager.take(CallQueueManager.java:288)
        at org.apache.hadoop.ipc.Server$Handler.run(Server.java:2668)
"pool-36-thread-17"  prio=5 tid=363 in Object.wait()
java.lang.Thread.State: WAITING (on object monitor)
        at sun.misc.Unsafe.park(Native Method)
        at java.util.concurrent.locks.LockSupport.park(LockSupport.java:175)
        at java.util.concurrent.locks.AbstractQueuedSynchronizer$ConditionObject.await(AbstractQueuedSynchronizer.java:2039)
        at java.util.concurrent.ArrayBlockingQueue.take(ArrayBlockingQueue.java:403)
        at java.util.concurrent.ThreadPoolExecutor.getTask(ThreadPoolExecutor.java:1074)
        at java.util.concurrent.ThreadPoolExecutor.runWorker(ThreadPoolExecutor.java:1134)
        at java.util.concurrent.ThreadPoolExecutor$Worker.run(ThreadPoolExecutor.java:624)
        at java.lang.Thread.run(Thread.java:748)
"pool-56-thread-14"  prio=5 tid=501 in Object.wait()
java.lang.Thread.State: WAITING (on object monitor)
        at sun.misc.Unsafe.park(Native Method)
        at java.util.concurrent.locks.LockSupport.park(LockSupport.java:175)
        at java.util.concurrent.locks.AbstractQueuedSynchronizer$ConditionObject.await(AbstractQueuedSynchronizer.java:2039)
        at java.util.concurrent.ArrayBlockingQueue.take(ArrayBlockingQueue.java:403)
        at java.util.concurrent.ThreadPoolExecutor.getTask(ThreadPoolExecutor.java:1074)
        at java.util.concurrent.ThreadPoolExecutor.runWorker(ThreadPoolExecutor.java:1134)
        at java.util.concurrent.ThreadPoolExecutor$Worker.run(ThreadPoolExecutor.java:624)
        at java.lang.Thread.run(Thread.java:748)
"Datanode ReportManager Thread - 2" daemon prio=5 tid=282 in Object.wait()
java.lang.Thread.State: WAITING (on object monitor)
        at sun.misc.Unsafe.park(Native Method)
        at java.util.concurrent.locks.LockSupport.park(LockSupport.java:175)
        at java.util.concurrent.locks.AbstractQueuedSynchronizer$ConditionObject.await(AbstractQueuedSynchronizer.java:2039)
        at java.util.concurrent.ScheduledThreadPoolExecutor$DelayedWorkQueue.take(ScheduledThreadPoolExecutor.java:1088)
        at java.util.concurrent.ScheduledThreadPoolExecutor$DelayedWorkQueue.take(ScheduledThreadPoolExecutor.java:809)
        at java.util.concurrent.ThreadPoolExecutor.getTask(ThreadPoolExecutor.java:1074)
        at java.util.concurrent.ThreadPoolExecutor.runWorker(ThreadPoolExecutor.java:1134)
        at java.util.concurrent.ThreadPoolExecutor$Worker.run(ThreadPoolExecutor.java:624)
        at java.lang.Thread.run(Thread.java:748)
"Datanode State Machine Thread - 0" daemon prio=5 tid=252 timed_waiting
java.lang.Thread.State: TIMED_WAITING
        at java.lang.Thread.sleep(Native Method)
        at org.apache.hadoop.ozone.container.common.statemachine.DatanodeStateMachine.start(DatanodeStateMachine.java:191)
        at org.apache.hadoop.ozone.container.common.statemachine.DatanodeStateMachine.lambda$startDaemon$0(DatanodeStateMachine.java:349)
        at org.apache.hadoop.ozone.container.common.statemachine.DatanodeStateMachine$$Lambda$140/2066701670.run(Unknown Source)
        at java.lang.Thread.run(Thread.java:748)
"pool-56-thread-42"  prio=5 tid=536 in Object.wait()
java.lang.Thread.State: WAITING (on object monitor)
        at sun.misc.Unsafe.park(Native Method)
        at java.util.concurrent.locks.LockSupport.park(LockSupport.java:175)
        at java.util.concurrent.locks.AbstractQueuedSynchronizer$ConditionObject.await(AbstractQueuedSynchronizer.java:2039)
        at java.util.concurrent.ArrayBlockingQueue.take(ArrayBlockingQueue.java:403)
        at java.util.concurrent.ThreadPoolExecutor.getTask(ThreadPoolExecutor.java:1074)
        at java.util.concurrent.ThreadPoolExecutor.runWorker(ThreadPoolExecutor.java:1134)
        at java.util.concurrent.ThreadPoolExecutor$Worker.run(ThreadPoolExecutor.java:624)
        at java.lang.Thread.run(Thread.java:748)
"pool-36-thread-13"  prio=5 tid=348 in Object.wait()
java.lang.Thread.State: WAITING (on object monitor)
        at sun.misc.Unsafe.park(Native Method)
        at java.util.concurrent.locks.LockSupport.park(LockSupport.java:175)
        at java.util.concurrent.locks.AbstractQueuedSynchronizer$ConditionObject.await(AbstractQueuedSynchronizer.java:2039)
        at java.util.concurrent.ArrayBlockingQueue.take(ArrayBlockingQueue.java:403)
        at java.util.concurrent.ThreadPoolExecutor.getTask(ThreadPoolExecutor.java:1074)
        at java.util.concurrent.ThreadPoolExecutor.runWorker(ThreadPoolExecutor.java:1134)
        at java.util.concurrent.ThreadPoolExecutor$Worker.run(ThreadPoolExecutor.java:624)
        at java.lang.Thread.run(Thread.java:748)
"IPC Server handler 1 on 33223" daemon prio=5 tid=51 timed_waiting
java.lang.Thread.State: TIMED_WAITING
        at sun.misc.Unsafe.park(Native Method)
        at java.util.concurrent.locks.LockSupport.parkNanos(LockSupport.java:215)
        at java.util.concurrent.locks.AbstractQueuedSynchronizer$ConditionObject.awaitNanos(AbstractQueuedSynchronizer.java:2078)
        at java.util.concurrent.LinkedBlockingQueue.poll(LinkedBlockingQueue.java:467)
        at org.apache.hadoop.ipc.CallQueueManager.take(CallQueueManager.java:288)
        at org.apache.hadoop.ipc.Server$Handler.run(Server.java:2668)
"Datanode State Machine Thread - 0" daemon prio=5 tid=279 timed_waiting
java.lang.Thread.State: TIMED_WAITING
        at java.lang.Thread.sleep(Native Method)
        at org.apache.hadoop.ozone.container.common.statemachine.DatanodeStateMachine.start(DatanodeStateMachine.java:191)
        at org.apache.hadoop.ozone.container.common.statemachine.DatanodeStateMachine.lambda$startDaemon$0(DatanodeStateMachine.java:349)
        at org.apache.hadoop.ozone.container.common.statemachine.DatanodeStateMachine$$Lambda$140/2066701670.run(Unknown Source)
        at java.lang.Thread.run(Thread.java:748)
"DataNode DiskChecker thread 0" daemon prio=5 tid=264 timed_waiting
java.lang.Thread.State: TIMED_WAITING
        at sun.misc.Unsafe.park(Native Method)
        at java.util.concurrent.locks.LockSupport.parkNanos(LockSupport.java:215)
        at java.util.concurrent.SynchronousQueue$TransferStack.awaitFulfill(SynchronousQueue.java:460)
        at java.util.concurrent.SynchronousQueue$TransferStack.transfer(SynchronousQueue.java:362)
        at java.util.concurrent.SynchronousQueue.poll(SynchronousQueue.java:941)
        at java.util.concurrent.ThreadPoolExecutor.getTask(ThreadPoolExecutor.java:1073)
        at java.util.concurrent.ThreadPoolExecutor.runWorker(ThreadPoolExecutor.java:1134)
        at java.util.concurrent.ThreadPoolExecutor$Worker.run(ThreadPoolExecutor.java:624)
        at java.lang.Thread.run(Thread.java:748)
"pool-76-thread-4"  prio=5 tid=570 in Object.wait()
java.lang.Thread.State: WAITING (on object monitor)
        at sun.misc.Unsafe.park(Native Method)
        at java.util.concurrent.locks.LockSupport.park(LockSupport.java:175)
        at java.util.concurrent.locks.AbstractQueuedSynchronizer$ConditionObject.await(AbstractQueuedSynchronizer.java:2039)
        at java.util.concurrent.ArrayBlockingQueue.take(ArrayBlockingQueue.java:403)
        at java.util.concurrent.ThreadPoolExecutor.getTask(ThreadPoolExecutor.java:1074)
        at java.util.concurrent.ThreadPoolExecutor.runWorker(ThreadPoolExecutor.java:1134)
        at java.util.concurrent.ThreadPoolExecutor$Worker.run(ThreadPoolExecutor.java:624)
        at java.lang.Thread.run(Thread.java:748)
"pool-76-thread-37"  prio=5 tid=623 in Object.wait()
java.lang.Thread.State: WAITING (on object monitor)
        at sun.misc.Unsafe.park(Native Method)
        at java.util.concurrent.locks.LockSupport.park(LockSupport.java:175)
        at java.util.concurrent.locks.AbstractQueuedSynchronizer$ConditionObject.await(AbstractQueuedSynchronizer.java:2039)
        at java.util.concurrent.ArrayBlockingQueue.take(ArrayBlockingQueue.java:403)
        at java.util.concurrent.ThreadPoolExecutor.getTask(ThreadPoolExecutor.java:1074)
        at java.util.concurrent.ThreadPoolExecutor.runWorker(ThreadPoolExecutor.java:1134)
        at java.util.concurrent.ThreadPoolExecutor$Worker.run(ThreadPoolExecutor.java:624)
        at java.lang.Thread.run(Thread.java:748)
"org.eclipse.jetty.server.session.HashSessionManager@7d176ba9Timer" daemon prio=5 tid=100 timed_waiting
java.lang.Thread.State: TIMED_WAITING
        at sun.misc.Unsafe.park(Native Method)
        at java.util.concurrent.locks.LockSupport.parkNanos(LockSupport.java:215)
        at java.util.concurrent.locks.AbstractQueuedSynchronizer$ConditionObject.awaitNanos(AbstractQueuedSynchronizer.java:2078)
        at java.util.concurrent.ScheduledThreadPoolExecutor$DelayedWorkQueue.take(ScheduledThreadPoolExecutor.java:1093)
        at java.util.concurrent.ScheduledThreadPoolExecutor$DelayedWorkQueue.take(ScheduledThreadPoolExecutor.java:809)
        at java.util.concurrent.ThreadPoolExecutor.getTask(ThreadPoolExecutor.java:1074)
        at java.util.concurrent.ThreadPoolExecutor.runWorker(ThreadPoolExecutor.java:1134)
        at java.util.concurrent.ThreadPoolExecutor$Worker.run(ThreadPoolExecutor.java:624)
        at java.lang.Thread.run(Thread.java:748)
"IPC Server handler 2 on 42810" daemon prio=5 tid=117 timed_waiting
java.lang.Thread.State: TIMED_WAITING
        at sun.misc.Unsafe.park(Native Method)
        at java.util.concurrent.locks.LockSupport.parkNanos(LockSupport.java:215)
        at java.util.concurrent.locks.AbstractQueuedSynchronizer$ConditionObject.awaitNanos(AbstractQueuedSynchronizer.java:2078)
        at java.util.concurrent.LinkedBlockingQueue.poll(LinkedBlockingQueue.java:467)
        at org.apache.hadoop.ipc.CallQueueManager.take(CallQueueManager.java:288)
        at org.apache.hadoop.ipc.Server$Handler.run(Server.java:2668)
"IPC Server handler 7 on 42372" daemon prio=5 tid=77 timed_waiting
java.lang.Thread.State: TIMED_WAITING
        at sun.misc.Unsafe.park(Native Method)
        at java.util.concurrent.locks.LockSupport.parkNanos(LockSupport.java:215)
        at java.util.concurrent.locks.AbstractQueuedSynchronizer$ConditionObject.awaitNanos(AbstractQueuedSynchronizer.java:2078)
        at java.util.concurrent.LinkedBlockingQueue.poll(LinkedBlockingQueue.java:467)
        at org.apache.hadoop.ipc.CallQueueManager.take(CallQueueManager.java:288)
        at org.apache.hadoop.ipc.Server$Handler.run(Server.java:2668)
"pool-36-thread-43"  prio=5 tid=438 in Object.wait()
java.lang.Thread.State: WAITING (on object monitor)
        at sun.misc.Unsafe.park(Native Method)
        at java.util.concurrent.locks.LockSupport.park(LockSupport.java:175)
        at java.util.concurrent.locks.AbstractQueuedSynchronizer$ConditionObject.await(AbstractQueuedSynchronizer.java:2039)
        at java.util.concurrent.ArrayBlockingQueue.take(ArrayBlockingQueue.java:403)
        at java.util.concurrent.ThreadPoolExecutor.getTask(ThreadPoolExecutor.java:1074)
        at java.util.concurrent.ThreadPoolExecutor.runWorker(ThreadPoolExecutor.java:1134)
        at java.util.concurrent.ThreadPoolExecutor$Worker.run(ThreadPoolExecutor.java:624)
        at java.lang.Thread.run(Thread.java:748)
"pool-36-thread-5"  prio=5 tid=330 in Object.wait()
java.lang.Thread.State: WAITING (on object monitor)
        at sun.misc.Unsafe.park(Native Method)
        at java.util.concurrent.locks.LockSupport.park(LockSupport.java:175)
        at java.util.concurrent.locks.AbstractQueuedSynchronizer$ConditionObject.await(AbstractQueuedSynchronizer.java:2039)
        at java.util.concurrent.ArrayBlockingQueue.take(ArrayBlockingQueue.java:403)
        at java.util.concurrent.ThreadPoolExecutor.getTask(ThreadPoolExecutor.java:1074)
        at java.util.concurrent.ThreadPoolExecutor.runWorker(ThreadPoolExecutor.java:1134)
        at java.util.concurrent.ThreadPoolExecutor$Worker.run(ThreadPoolExecutor.java:624)
        at java.lang.Thread.run(Thread.java:748)
"pool-66-thread-58"  prio=5 tid=673 in Object.wait()
java.lang.Thread.State: WAITING (on object monitor)
        at sun.misc.Unsafe.park(Native Method)
        at java.util.concurrent.locks.LockSupport.park(LockSupport.java:175)
        at java.util.concurrent.locks.AbstractQueuedSynchronizer$ConditionObject.await(AbstractQueuedSynchronizer.java:2039)
        at java.util.concurrent.ArrayBlockingQueue.take(ArrayBlockingQueue.java:403)
        at java.util.concurrent.ThreadPoolExecutor.getTask(ThreadPoolExecutor.java:1074)
        at java.util.concurrent.ThreadPoolExecutor.runWorker(ThreadPoolExecutor.java:1134)
        at java.util.concurrent.ThreadPoolExecutor$Worker.run(ThreadPoolExecutor.java:624)
        at java.lang.Thread.run(Thread.java:748)
"pool-26-thread-17"  prio=5 tid=371 in Object.wait()
java.lang.Thread.State: WAITING (on object monitor)
        at sun.misc.Unsafe.park(Native Method)
        at java.util.concurrent.locks.LockSupport.park(LockSupport.java:175)
        at java.util.concurrent.locks.AbstractQueuedSynchronizer$ConditionObject.await(AbstractQueuedSynchronizer.java:2039)
        at java.util.concurrent.ArrayBlockingQueue.take(ArrayBlockingQueue.java:403)
        at java.util.concurrent.ThreadPoolExecutor.getTask(ThreadPoolExecutor.java:1074)
        at java.util.concurrent.ThreadPoolExecutor.runWorker(ThreadPoolExecutor.java:1134)
        at java.util.concurrent.ThreadPoolExecutor$Worker.run(ThreadPoolExecutor.java:624)
        at java.lang.Thread.run(Thread.java:748)
"pool-66-thread-44"  prio=5 tid=659 in Object.wait()
java.lang.Thread.State: WAITING (on object monitor)
        at sun.misc.Unsafe.park(Native Method)
        at java.util.concurrent.locks.LockSupport.park(LockSupport.java:175)
        at java.util.concurrent.locks.AbstractQueuedSynchronizer$ConditionObject.await(AbstractQueuedSynchronizer.java:2039)
        at java.util.concurrent.ArrayBlockingQueue.take(ArrayBlockingQueue.java:403)
        at java.util.concurrent.ThreadPoolExecutor.getTask(ThreadPoolExecutor.java:1074)
        at java.util.concurrent.ThreadPoolExecutor.runWorker(ThreadPoolExecutor.java:1134)
        at java.util.concurrent.ThreadPoolExecutor$Worker.run(ThreadPoolExecutor.java:624)
        at java.lang.Thread.run(Thread.java:748)
"metrics-hadoop-metrics2-reporter-1-thread-1" daemon prio=5 tid=703 timed_waiting
java.lang.Thread.State: TIMED_WAITING
        at sun.misc.Unsafe.park(Native Method)
        at java.util.concurrent.locks.LockSupport.parkNanos(LockSupport.java:215)
        at java.util.concurrent.locks.AbstractQueuedSynchronizer$ConditionObject.awaitNanos(AbstractQueuedSynchronizer.java:2078)
        at java.util.concurrent.ScheduledThreadPoolExecutor$DelayedWorkQueue.take(ScheduledThreadPoolExecutor.java:1093)
        at java.util.concurrent.ScheduledThreadPoolExecutor$DelayedWorkQueue.take(ScheduledThreadPoolExecutor.java:809)
        at java.util.concurrent.ThreadPoolExecutor.getTask(ThreadPoolExecutor.java:1074)
        at java.util.concurrent.ThreadPoolExecutor.runWorker(ThreadPoolExecutor.java:1134)
        at java.util.concurrent.ThreadPoolExecutor$Worker.run(ThreadPoolExecutor.java:624)
        at java.lang.Thread.run(Thread.java:748)
"metrics-hadoop-metrics2-reporter-62-thread-1" daemon prio=5 tid=951 timed_waiting
java.lang.Thread.State: TIMED_WAITING
        at sun.misc.Unsafe.park(Native Method)
        at java.util.concurrent.locks.LockSupport.parkNanos(LockSupport.java:215)
        at java.util.concurrent.locks.AbstractQueuedSynchronizer$ConditionObject.awaitNanos(AbstractQueuedSynchronizer.java:2078)
        at java.util.concurrent.ScheduledThreadPoolExecutor$DelayedWorkQueue.take(ScheduledThreadPoolExecutor.java:1093)
        at java.util.concurrent.ScheduledThreadPoolExecutor$DelayedWorkQueue.take(ScheduledThreadPoolExecutor.java:809)
        at java.util.concurrent.ThreadPoolExecutor.getTask(ThreadPoolExecutor.java:1074)
        at java.util.concurrent.ThreadPoolExecutor.runWorker(ThreadPoolExecutor.java:1134)
        at java.util.concurrent.ThreadPoolExecutor$Worker.run(ThreadPoolExecutor.java:624)
        at java.lang.Thread.run(Thread.java:748)
"2636e257-7a47-4bf8-b940-93a028f0c6b6@group-812BEF14F159-SegmentedRaftLogWorker"  prio=5 tid=979 timed_waiting
java.lang.Thread.State: TIMED_WAITING
        at sun.misc.Unsafe.park(Native Method)
        at java.util.concurrent.locks.LockSupport.parkNanos(LockSupport.java:215)
        at java.util.concurrent.locks.AbstractQueuedSynchronizer$ConditionObject.awaitNanos(AbstractQueuedSynchronizer.java:2078)
        at org.apache.ratis.util.DataBlockingQueue.poll(DataBlockingQueue.java:137)
        at org.apache.ratis.server.raftlog.segmented.SegmentedRaftLogWorker.run(SegmentedRaftLogWorker.java:282)
        at java.lang.Thread.run(Thread.java:748)
"pool-80-thread-1"  prio=5 tid=294 timed_waiting
java.lang.Thread.State: TIMED_WAITING
        at sun.misc.Unsafe.park(Native Method)
        at java.util.concurrent.locks.LockSupport.parkNanos(LockSupport.java:215)
        at java.util.concurrent.locks.AbstractQueuedSynchronizer$ConditionObject.awaitNanos(AbstractQueuedSynchronizer.java:2078)
        at java.util.concurrent.ScheduledThreadPoolExecutor$DelayedWorkQueue.take(ScheduledThreadPoolExecutor.java:1093)
        at java.util.concurrent.ScheduledThreadPoolExecutor$DelayedWorkQueue.take(ScheduledThreadPoolExecutor.java:809)
        at java.util.concurrent.ThreadPoolExecutor.getTask(ThreadPoolExecutor.java:1074)
        at java.util.concurrent.ThreadPoolExecutor.runWorker(ThreadPoolExecutor.java:1134)
        at java.util.concurrent.ThreadPoolExecutor$Worker.run(ThreadPoolExecutor.java:624)
        at java.lang.Thread.run(Thread.java:748)
"refreshUsed-/workdir/hadoop-ozone/integration-test/target/test-dir/MiniOzoneClusterImpl-eeadbacc-06c2-472c-a3f4-8a25f61a295a/datanode-3/data/containers" daemon prio=5 tid=236 timed_waiting
java.lang.Thread.State: TIMED_WAITING
        at java.lang.Thread.sleep(Native Method)
        at org.apache.hadoop.fs.CachingGetSpaceUsed$RefreshThread.run(CachingGetSpaceUsed.java:179)
        at java.lang.Thread.run(Thread.java:748)
"metrics-hadoop-metrics2-reporter-58-thread-1" daemon prio=5 tid=930 timed_waiting
java.lang.Thread.State: TIMED_WAITING
        at sun.misc.Unsafe.park(Native Method)
        at java.util.concurrent.locks.LockSupport.parkNanos(LockSupport.java:215)
        at java.util.concurrent.locks.AbstractQueuedSynchronizer$ConditionObject.awaitNanos(AbstractQueuedSynchronizer.java:2078)
        at java.util.concurrent.ScheduledThreadPoolExecutor$DelayedWorkQueue.take(ScheduledThreadPoolExecutor.java:1093)
        at java.util.concurrent.ScheduledThreadPoolExecutor$DelayedWorkQueue.take(ScheduledThreadPoolExecutor.java:809)
        at java.util.concurrent.ThreadPoolExecutor.getTask(ThreadPoolExecutor.java:1074)
        at java.util.concurrent.ThreadPoolExecutor.runWorker(ThreadPoolExecutor.java:1134)
        at java.util.concurrent.ThreadPoolExecutor$Worker.run(ThreadPoolExecutor.java:624)
        at java.lang.Thread.run(Thread.java:748)
"pool-56-thread-18"  prio=5 tid=509 in Object.wait()
java.lang.Thread.State: WAITING (on object monitor)
        at sun.misc.Unsafe.park(Native Method)
        at java.util.concurrent.locks.LockSupport.park(LockSupport.java:175)
        at java.util.concurrent.locks.AbstractQueuedSynchronizer$ConditionObject.await(AbstractQueuedSynchronizer.java:2039)
        at java.util.concurrent.ArrayBlockingQueue.take(ArrayBlockingQueue.java:403)
        at java.util.concurrent.ThreadPoolExecutor.getTask(ThreadPoolExecutor.java:1074)
        at java.util.concurrent.ThreadPoolExecutor.runWorker(ThreadPoolExecutor.java:1134)
        at java.util.concurrent.ThreadPoolExecutor$Worker.run(ThreadPoolExecutor.java:624)
        at java.lang.Thread.run(Thread.java:748)
"pool-76-thread-22"  prio=5 tid=604 in Object.wait()
java.lang.Thread.State: WAITING (on object monitor)
        at sun.misc.Unsafe.park(Native Method)
        at java.util.concurrent.locks.LockSupport.park(LockSupport.java:175)
        at java.util.concurrent.locks.AbstractQueuedSynchronizer$ConditionObject.await(AbstractQueuedSynchronizer.java:2039)
        at java.util.concurrent.ArrayBlockingQueue.take(ArrayBlockingQueue.java:403)
        at java.util.concurrent.ThreadPoolExecutor.getTask(ThreadPoolExecutor.java:1074)
        at java.util.concurrent.ThreadPoolExecutor.runWorker(ThreadPoolExecutor.java:1134)
        at java.util.concurrent.ThreadPoolExecutor$Worker.run(ThreadPoolExecutor.java:624)
        at java.lang.Thread.run(Thread.java:748)
"SCM Heartbeat Processing Thread - 0" daemon prio=5 tid=14 timed_waiting
java.lang.Thread.State: TIMED_WAITING
        at sun.misc.Unsafe.park(Native Method)
        at java.util.concurrent.locks.LockSupport.parkNanos(LockSupport.java:215)
        at java.util.concurrent.locks.AbstractQueuedSynchronizer$ConditionObject.awaitNanos(AbstractQueuedSynchronizer.java:2078)
        at java.util.concurrent.ScheduledThreadPoolExecutor$DelayedWorkQueue.take(ScheduledThreadPoolExecutor.java:1093)
        at java.util.concurrent.ScheduledThreadPoolExecutor$DelayedWorkQueue.take(ScheduledThreadPoolExecutor.java:809)
        at java.util.concurrent.ThreadPoolExecutor.getTask(ThreadPoolExecutor.java:1074)
        at java.util.concurrent.ThreadPoolExecutor.runWorker(ThreadPoolExecutor.java:1134)
        at java.util.concurrent.ThreadPoolExecutor$Worker.run(ThreadPoolExecutor.java:624)
        at java.lang.Thread.run(Thread.java:748)
"org.apache.hadoop.util.JvmPauseMonitor$Monitor@19d3e3cd" daemon prio=5 tid=312 timed_waiting
java.lang.Thread.State: TIMED_WAITING
        at java.lang.Thread.sleep(Native Method)
        at org.apache.hadoop.util.JvmPauseMonitor$Monitor.run(JvmPauseMonitor.java:192)
        at java.lang.Thread.run(Thread.java:748)
"Timer-0"  prio=5 tid=113 timed_waiting
java.lang.Thread.State: TIMED_WAITING
        at java.lang.Object.wait(Native Method)
        at java.util.TimerThread.mainLoop(Timer.java:552)
        at java.util.TimerThread.run(Timer.java:505)
"pool-76-thread-34"  prio=5 tid=620 in Object.wait()
java.lang.Thread.State: WAITING (on object monitor)
        at sun.misc.Unsafe.park(Native Method)
        at java.util.concurrent.locks.LockSupport.park(LockSupport.java:175)
        at java.util.concurrent.locks.AbstractQueuedSynchronizer$ConditionObject.await(AbstractQueuedSynchronizer.java:2039)
        at java.util.concurrent.ArrayBlockingQueue.take(ArrayBlockingQueue.java:403)
        at java.util.concurrent.ThreadPoolExecutor.getTask(ThreadPoolExecutor.java:1074)
        at java.util.concurrent.ThreadPoolExecutor.runWorker(ThreadPoolExecutor.java:1134)
        at java.util.concurrent.ThreadPoolExecutor$Worker.run(ThreadPoolExecutor.java:624)
        at java.lang.Thread.run(Thread.java:748)
"IPC Server handler 16 on 42372" daemon prio=5 tid=86 timed_waiting
java.lang.Thread.State: TIMED_WAITING
        at sun.misc.Unsafe.park(Native Method)
        at java.util.concurrent.locks.LockSupport.parkNanos(LockSupport.java:215)
        at java.util.concurrent.locks.AbstractQueuedSynchronizer$ConditionObject.awaitNanos(AbstractQueuedSynchronizer.java:2078)
        at java.util.concurrent.LinkedBlockingQueue.poll(LinkedBlockingQueue.java:467)
        at org.apache.hadoop.ipc.CallQueueManager.take(CallQueueManager.java:288)
        at org.apache.hadoop.ipc.Server$Handler.run(Server.java:2668)
"pool-26-thread-53"  prio=5 tid=500 in Object.wait()
java.lang.Thread.State: WAITING (on object monitor)
        at sun.misc.Unsafe.park(Native Method)
        at java.util.concurrent.locks.LockSupport.park(LockSupport.java:175)
        at java.util.concurrent.locks.AbstractQueuedSynchronizer$ConditionObject.await(AbstractQueuedSynchronizer.java:2039)
        at java.util.concurrent.ArrayBlockingQueue.take(ArrayBlockingQueue.java:403)
        at java.util.concurrent.ThreadPoolExecutor.getTask(ThreadPoolExecutor.java:1074)
        at java.util.concurrent.ThreadPoolExecutor.runWorker(ThreadPoolExecutor.java:1134)
        at java.util.concurrent.ThreadPoolExecutor$Worker.run(ThreadPoolExecutor.java:624)
        at java.lang.Thread.run(Thread.java:748)
"pool-66-thread-42"  prio=5 tid=655 in Object.wait()
java.lang.Thread.State: WAITING (on object monitor)
        at sun.misc.Unsafe.park(Native Method)
        at java.util.concurrent.locks.LockSupport.park(LockSupport.java:175)
        at java.util.concurrent.locks.AbstractQueuedSynchronizer$ConditionObject.await(AbstractQueuedSynchronizer.java:2039)
        at java.util.concurrent.ArrayBlockingQueue.take(ArrayBlockingQueue.java:403)
        at java.util.concurrent.ThreadPoolExecutor.getTask(ThreadPoolExecutor.java:1074)
        at java.util.concurrent.ThreadPoolExecutor.runWorker(ThreadPoolExecutor.java:1134)
        at java.util.concurrent.ThreadPoolExecutor$Worker.run(ThreadPoolExecutor.java:624)
        at java.lang.Thread.run(Thread.java:748)
"IPC Server handler 19 on 33223" daemon prio=5 tid=69 timed_waiting
java.lang.Thread.State: TIMED_WAITING
        at sun.misc.Unsafe.park(Native Method)
        at java.util.concurrent.locks.LockSupport.parkNanos(LockSupport.java:215)
        at java.util.concurrent.locks.AbstractQueuedSynchronizer$ConditionObject.awaitNanos(AbstractQueuedSynchronizer.java:2078)
        at java.util.concurrent.LinkedBlockingQueue.poll(LinkedBlockingQueue.java:467)
        at org.apache.hadoop.ipc.CallQueueManager.take(CallQueueManager.java:288)
        at org.apache.hadoop.ipc.Server$Handler.run(Server.java:2668)
"qtp30546661-188-acceptor-0@3fab087f-ServerConnector@33f6a80b{HTTP/1.1,[http/1.1]}{0.0.0.0:35688}" daemon prio=3 tid=188 runnable
java.lang.Thread.State: RUNNABLE
        at sun.nio.ch.ServerSocketChannelImpl.accept0(Native Method)
        at sun.nio.ch.ServerSocketChannelImpl.accept(ServerSocketChannelImpl.java:422)
        at sun.nio.ch.ServerSocketChannelImpl.accept(ServerSocketChannelImpl.java:250)
        at org.eclipse.jetty.server.ServerConnector.accept(ServerConnector.java:397)
        at org.eclipse.jetty.server.AbstractConnector$Acceptor.run(AbstractConnector.java:601)
        at org.eclipse.jetty.util.thread.QueuedThreadPool.runJob(QueuedThreadPool.java:671)
        at org.eclipse.jetty.util.thread.QueuedThreadPool$2.run(QueuedThreadPool.java:589)
        at java.lang.Thread.run(Thread.java:748)
"pool-46-thread-46"  prio=5 tid=433 in Object.wait()
java.lang.Thread.State: WAITING (on object monitor)
        at sun.misc.Unsafe.park(Native Method)
        at java.util.concurrent.locks.LockSupport.park(LockSupport.java:175)
        at java.util.concurrent.locks.AbstractQueuedSynchronizer$ConditionObject.await(AbstractQueuedSynchronizer.java:2039)
        at java.util.concurrent.ArrayBlockingQueue.take(ArrayBlockingQueue.java:403)
        at java.util.concurrent.ThreadPoolExecutor.getTask(ThreadPoolExecutor.java:1074)
        at java.util.concurrent.ThreadPoolExecutor.runWorker(ThreadPoolExecutor.java:1134)
        at java.util.concurrent.ThreadPoolExecutor$Worker.run(ThreadPoolExecutor.java:624)
        at java.lang.Thread.run(Thread.java:748)
"pool-46-thread-24"  prio=5 tid=374 in Object.wait()
java.lang.Thread.State: WAITING (on object monitor)
        at sun.misc.Unsafe.park(Native Method)
        at java.util.concurrent.locks.LockSupport.park(LockSupport.java:175)
        at java.util.concurrent.locks.AbstractQueuedSynchronizer$ConditionObject.await(AbstractQueuedSynchronizer.java:2039)
        at java.util.concurrent.ArrayBlockingQueue.take(ArrayBlockingQueue.java:403)
        at java.util.concurrent.ThreadPoolExecutor.getTask(ThreadPoolExecutor.java:1074)
        at java.util.concurrent.ThreadPoolExecutor.runWorker(ThreadPoolExecutor.java:1134)
        at java.util.concurrent.ThreadPoolExecutor$Worker.run(ThreadPoolExecutor.java:624)
        at java.lang.Thread.run(Thread.java:748)
"IPC Server handler 2 on 33223" daemon prio=5 tid=52 timed_waiting
java.lang.Thread.State: TIMED_WAITING
        at sun.misc.Unsafe.park(Native Method)
        at java.util.concurrent.locks.LockSupport.parkNanos(LockSupport.java:215)
        at java.util.concurrent.locks.AbstractQueuedSynchronizer$ConditionObject.awaitNanos(AbstractQueuedSynchronizer.java:2078)
        at java.util.concurrent.LinkedBlockingQueue.poll(LinkedBlockingQueue.java:467)
        at org.apache.hadoop.ipc.CallQueueManager.take(CallQueueManager.java:288)
        at org.apache.hadoop.ipc.Server$Handler.run(Server.java:2668)
"Thread-1789" daemon prio=5 tid=2384 terminated
java.lang.Thread.State: TERMINATED
        at java.lang.Thread.sleep(Native Method)
        at org.apache.ratis.util.JavaUtils.sleep(JavaUtils.java:247)
        at org.apache.ratis.server.impl.FollowerState.run(FollowerState.java:97)
"IPC Server handler 8 on 42372" daemon prio=5 tid=78 timed_waiting
java.lang.Thread.State: TIMED_WAITING
        at sun.misc.Unsafe.park(Native Method)
        at java.util.concurrent.locks.LockSupport.parkNanos(LockSupport.java:215)
        at java.util.concurrent.locks.AbstractQueuedSynchronizer$ConditionObject.awaitNanos(AbstractQueuedSynchronizer.java:2078)
        at java.util.concurrent.LinkedBlockingQueue.poll(LinkedBlockingQueue.java:467)
        at org.apache.hadoop.ipc.CallQueueManager.take(CallQueueManager.java:288)
        at org.apache.hadoop.ipc.Server$Handler.run(Server.java:2668)
"pool-76-thread-9"  prio=5 tid=578 in Object.wait()
java.lang.Thread.State: WAITING (on object monitor)
        at sun.misc.Unsafe.park(Native Method)
        at java.util.concurrent.locks.LockSupport.park(LockSupport.java:175)
        at java.util.concurrent.locks.AbstractQueuedSynchronizer$ConditionObject.await(AbstractQueuedSynchronizer.java:2039)
        at java.util.concurrent.ArrayBlockingQueue.take(ArrayBlockingQueue.java:403)
        at java.util.concurrent.ThreadPoolExecutor.getTask(ThreadPoolExecutor.java:1074)
        at java.util.concurrent.ThreadPoolExecutor.runWorker(ThreadPoolExecutor.java:1134)
        at java.util.concurrent.ThreadPoolExecutor$Worker.run(ThreadPoolExecutor.java:624)
        at java.lang.Thread.run(Thread.java:748)
"BlockDeletingService#1" daemon prio=5 tid=682 in Object.wait()
java.lang.Thread.State: WAITING (on object monitor)
        at sun.misc.Unsafe.park(Native Method)
        at java.util.concurrent.locks.LockSupport.park(LockSupport.java:175)
        at java.util.concurrent.locks.AbstractQueuedSynchronizer$ConditionObject.await(AbstractQueuedSynchronizer.java:2039)
        at java.util.concurrent.ScheduledThreadPoolExecutor$DelayedWorkQueue.take(ScheduledThreadPoolExecutor.java:1088)
        at java.util.concurrent.ScheduledThreadPoolExecutor$DelayedWorkQueue.take(ScheduledThreadPoolExecutor.java:809)
        at java.util.concurrent.ThreadPoolExecutor.getTask(ThreadPoolExecutor.java:1074)
        at java.util.concurrent.ThreadPoolExecutor.runWorker(ThreadPoolExecutor.java:1134)
        at java.util.concurrent.ThreadPoolExecutor$Worker.run(ThreadPoolExecutor.java:624)
        at java.lang.Thread.run(Thread.java:748)
"pool-46-thread-3"  prio=5 tid=317 in Object.wait()
java.lang.Thread.State: WAITING (on object monitor)
        at sun.misc.Unsafe.park(Native Method)
        at java.util.concurrent.locks.LockSupport.park(LockSupport.java:175)
        at java.util.concurrent.locks.AbstractQueuedSynchronizer$ConditionObject.await(AbstractQueuedSynchronizer.java:2039)
        at java.util.concurrent.ArrayBlockingQueue.take(ArrayBlockingQueue.java:403)
        at java.util.concurrent.ThreadPoolExecutor.getTask(ThreadPoolExecutor.java:1074)
        at java.util.concurrent.ThreadPoolExecutor.runWorker(ThreadPoolExecutor.java:1134)
        at java.util.concurrent.ThreadPoolExecutor$Worker.run(ThreadPoolExecutor.java:624)
        at java.lang.Thread.run(Thread.java:748)
"pool-56-thread-40"  prio=5 tid=534 in Object.wait()
java.lang.Thread.State: WAITING (on object monitor)
        at sun.misc.Unsafe.park(Native Method)
        at java.util.concurrent.locks.LockSupport.park(LockSupport.java:175)
        at java.util.concurrent.locks.AbstractQueuedSynchronizer$ConditionObject.await(AbstractQueuedSynchronizer.java:2039)
        at java.util.concurrent.ArrayBlockingQueue.take(ArrayBlockingQueue.java:403)
        at java.util.concurrent.ThreadPoolExecutor.getTask(ThreadPoolExecutor.java:1074)
        at java.util.concurrent.ThreadPoolExecutor.runWorker(ThreadPoolExecutor.java:1134)
        at java.util.concurrent.ThreadPoolExecutor$Worker.run(ThreadPoolExecutor.java:624)
        at java.lang.Thread.run(Thread.java:748)
"Datanode ReportManager Thread - 0" daemon prio=5 tid=199 timed_waiting
java.lang.Thread.State: TIMED_WAITING
        at sun.misc.Unsafe.park(Native Method)
        at java.util.concurrent.locks.LockSupport.parkNanos(LockSupport.java:215)
        at java.util.concurrent.locks.AbstractQueuedSynchronizer$ConditionObject.awaitNanos(AbstractQueuedSynchronizer.java:2078)
        at java.util.concurrent.ScheduledThreadPoolExecutor$DelayedWorkQueue.take(ScheduledThreadPoolExecutor.java:1093)
        at java.util.concurrent.ScheduledThreadPoolExecutor$DelayedWorkQueue.take(ScheduledThreadPoolExecutor.java:809)
        at java.util.concurrent.ThreadPoolExecutor.getTask(ThreadPoolExecutor.java:1074)
        at java.util.concurrent.ThreadPoolExecutor.runWorker(ThreadPoolExecutor.java:1134)
        at java.util.concurrent.ThreadPoolExecutor$Worker.run(ThreadPoolExecutor.java:624)
        at java.lang.Thread.run(Thread.java:748)
"pool-66-thread-38"  prio=5 tid=645 in Object.wait()
java.lang.Thread.State: WAITING (on object monitor)
        at sun.misc.Unsafe.park(Native Method)
        at java.util.concurrent.locks.LockSupport.park(LockSupport.java:175)
        at java.util.concurrent.locks.AbstractQueuedSynchronizer$ConditionObject.await(AbstractQueuedSynchronizer.java:2039)
        at java.util.concurrent.ArrayBlockingQueue.take(ArrayBlockingQueue.java:403)
        at java.util.concurrent.ThreadPoolExecutor.getTask(ThreadPoolExecutor.java:1074)
        at java.util.concurrent.ThreadPoolExecutor.runWorker(ThreadPoolExecutor.java:1134)
        at java.util.concurrent.ThreadPoolExecutor$Worker.run(ThreadPoolExecutor.java:624)
        at java.lang.Thread.run(Thread.java:748)
"pool-76-thread-53"  prio=5 tid=646 in Object.wait()
java.lang.Thread.State: WAITING (on object monitor)
        at sun.misc.Unsafe.park(Native Method)
        at java.util.concurrent.locks.LockSupport.park(LockSupport.java:175)
        at java.util.concurrent.locks.AbstractQueuedSynchronizer$ConditionObject.await(AbstractQueuedSynchronizer.java:2039)
        at java.util.concurrent.ArrayBlockingQueue.take(ArrayBlockingQueue.java:403)
        at java.util.concurrent.ThreadPoolExecutor.getTask(ThreadPoolExecutor.java:1074)
        at java.util.concurrent.ThreadPoolExecutor.runWorker(ThreadPoolExecutor.java:1134)
        at java.util.concurrent.ThreadPoolExecutor$Worker.run(ThreadPoolExecutor.java:624)
        at java.lang.Thread.run(Thread.java:748)
"IPC Server handler 16 on 42810" daemon prio=5 tid=131 timed_waiting
java.lang.Thread.State: TIMED_WAITING
        at sun.misc.Unsafe.park(Native Method)
        at java.util.concurrent.locks.LockSupport.parkNanos(LockSupport.java:215)
        at java.util.concurrent.locks.AbstractQueuedSynchronizer$ConditionObject.awaitNanos(AbstractQueuedSynchronizer.java:2078)
        at java.util.concurrent.LinkedBlockingQueue.poll(LinkedBlockingQueue.java:467)
        at org.apache.hadoop.ipc.CallQueueManager.take(CallQueueManager.java:288)
        at org.apache.hadoop.ipc.Server$Handler.run(Server.java:2668)
"pool-26-thread-36"  prio=5 tid=456 in Object.wait()
java.lang.Thread.State: WAITING (on object monitor)
        at sun.misc.Unsafe.park(Native Method)
        at java.util.concurrent.locks.LockSupport.park(LockSupport.java:175)
        at java.util.concurrent.locks.AbstractQueuedSynchronizer$ConditionObject.await(AbstractQueuedSynchronizer.java:2039)
        at java.util.concurrent.ArrayBlockingQueue.take(ArrayBlockingQueue.java:403)
        at java.util.concurrent.ThreadPoolExecutor.getTask(ThreadPoolExecutor.java:1074)
        at java.util.concurrent.ThreadPoolExecutor.runWorker(ThreadPoolExecutor.java:1134)
        at java.util.concurrent.ThreadPoolExecutor$Worker.run(ThreadPoolExecutor.java:624)
        at java.lang.Thread.run(Thread.java:748)
"metrics-hadoop-metrics2-reporter-17-thread-1" daemon prio=5 tid=742 timed_waiting
java.lang.Thread.State: TIMED_WAITING
        at sun.misc.Unsafe.park(Native Method)
        at java.util.concurrent.locks.LockSupport.parkNanos(LockSupport.java:215)
        at java.util.concurrent.locks.AbstractQueuedSynchronizer$ConditionObject.awaitNanos(AbstractQueuedSynchronizer.java:2078)
        at java.util.concurrent.ScheduledThreadPoolExecutor$DelayedWorkQueue.take(ScheduledThreadPoolExecutor.java:1093)
        at java.util.concurrent.ScheduledThreadPoolExecutor$DelayedWorkQueue.take(ScheduledThreadPoolExecutor.java:809)
        at java.util.concurrent.ThreadPoolExecutor.getTask(ThreadPoolExecutor.java:1074)
        at java.util.concurrent.ThreadPoolExecutor.runWorker(ThreadPoolExecutor.java:1134)
        at java.util.concurrent.ThreadPoolExecutor$Worker.run(ThreadPoolExecutor.java:624)
        at java.lang.Thread.run(Thread.java:748)
"qtp30546661-191" daemon prio=5 tid=191 timed_waiting
java.lang.Thread.State: TIMED_WAITING
        at sun.misc.Unsafe.park(Native Method)
        at java.util.concurrent.locks.LockSupport.parkNanos(LockSupport.java:215)
        at java.util.concurrent.locks.AbstractQueuedSynchronizer$ConditionObject.awaitNanos(AbstractQueuedSynchronizer.java:2078)
        at org.eclipse.jetty.util.BlockingArrayQueue.poll(BlockingArrayQueue.java:392)
        at org.eclipse.jetty.util.thread.QueuedThreadPool.idleJobPoll(QueuedThreadPool.java:563)
        at org.eclipse.jetty.util.thread.QueuedThreadPool.access$800(QueuedThreadPool.java:48)
        at org.eclipse.jetty.util.thread.QueuedThreadPool$2.run(QueuedThreadPool.java:626)
        at java.lang.Thread.run(Thread.java:748)
"6befc45b-dcf8-424c-b341-d7aa439c4bd9@group-7DCB31437E77-StateMachineUpdater" daemon prio=5 tid=705 in Object.wait()
java.lang.Thread.State: WAITING (on object monitor)
        at java.lang.Object.wait(Native Method)
        at java.lang.Object.wait(Object.java:502)
        at org.apache.ratis.server.impl.StateMachineUpdater.waitForCommit(StateMachineUpdater.java:194)
        at org.apache.ratis.server.impl.StateMachineUpdater.run(StateMachineUpdater.java:159)
        at java.lang.Thread.run(Thread.java:748)
"qtp1732973321-95" daemon prio=5 tid=95 timed_waiting
java.lang.Thread.State: TIMED_WAITING
        at sun.misc.Unsafe.park(Native Method)
        at java.util.concurrent.locks.LockSupport.parkNanos(LockSupport.java:215)
        at java.util.concurrent.locks.AbstractQueuedSynchronizer$ConditionObject.awaitNanos(AbstractQueuedSynchronizer.java:2078)
        at org.eclipse.jetty.util.BlockingArrayQueue.poll(BlockingArrayQueue.java:392)
        at org.eclipse.jetty.util.thread.QueuedThreadPool.idleJobPoll(QueuedThreadPool.java:563)
        at org.eclipse.jetty.util.thread.QueuedThreadPool.access$800(QueuedThreadPool.java:48)
        at org.eclipse.jetty.util.thread.QueuedThreadPool$2.run(QueuedThreadPool.java:626)
        at java.lang.Thread.run(Thread.java:748)
"pool-66-thread-39"  prio=5 tid=647 in Object.wait()
java.lang.Thread.State: WAITING (on object monitor)
        at sun.misc.Unsafe.park(Native Method)
        at java.util.concurrent.locks.LockSupport.park(LockSupport.java:175)
        at java.util.concurrent.locks.AbstractQueuedSynchronizer$ConditionObject.await(AbstractQueuedSynchronizer.java:2039)
        at java.util.concurrent.ArrayBlockingQueue.take(ArrayBlockingQueue.java:403)
        at java.util.concurrent.ThreadPoolExecutor.getTask(ThreadPoolExecutor.java:1074)
        at java.util.concurrent.ThreadPoolExecutor.runWorker(ThreadPoolExecutor.java:1134)
        at java.util.concurrent.ThreadPoolExecutor$Worker.run(ThreadPoolExecutor.java:624)
        at java.lang.Thread.run(Thread.java:748)
"metrics-hadoop-metrics2-reporter-43-thread-1" daemon prio=5 tid=826 timed_waiting
java.lang.Thread.State: TIMED_WAITING
        at sun.misc.Unsafe.park(Native Method)
        at java.util.concurrent.locks.LockSupport.parkNanos(LockSupport.java:215)
        at java.util.concurrent.locks.AbstractQueuedSynchronizer$ConditionObject.awaitNanos(AbstractQueuedSynchronizer.java:2078)
        at java.util.concurrent.ScheduledThreadPoolExecutor$DelayedWorkQueue.take(ScheduledThreadPoolExecutor.java:1093)
        at java.util.concurrent.ScheduledThreadPoolExecutor$DelayedWorkQueue.take(ScheduledThreadPoolExecutor.java:809)
        at java.util.concurrent.ThreadPoolExecutor.getTask(ThreadPoolExecutor.java:1074)
        at java.util.concurrent.ThreadPoolExecutor.runWorker(ThreadPoolExecutor.java:1134)
        at java.util.concurrent.ThreadPoolExecutor$Worker.run(ThreadPoolExecutor.java:624)
        at java.lang.Thread.run(Thread.java:748)
"BlockDeletingService#0" daemon prio=5 tid=677 timed_waiting
java.lang.Thread.State: TIMED_WAITING
        at sun.misc.Unsafe.park(Native Method)
        at java.util.concurrent.locks.LockSupport.parkNanos(LockSupport.java:215)
        at java.util.concurrent.locks.AbstractQueuedSynchronizer$ConditionObject.awaitNanos(AbstractQueuedSynchronizer.java:2078)
        at java.util.concurrent.ScheduledThreadPoolExecutor$DelayedWorkQueue.take(ScheduledThreadPoolExecutor.java:1093)
        at java.util.concurrent.ScheduledThreadPoolExecutor$DelayedWorkQueue.take(ScheduledThreadPoolExecutor.java:809)
        at java.util.concurrent.ThreadPoolExecutor.getTask(ThreadPoolExecutor.java:1074)
        at java.util.concurrent.ThreadPoolExecutor.runWorker(ThreadPoolExecutor.java:1134)
        at java.util.concurrent.ThreadPoolExecutor$Worker.run(ThreadPoolExecutor.java:624)
        at java.lang.Thread.run(Thread.java:748)
"pool-76-thread-23"  prio=5 tid=605 in Object.wait()
java.lang.Thread.State: WAITING (on object monitor)
        at sun.misc.Unsafe.park(Native Method)
        at java.util.concurrent.locks.LockSupport.park(LockSupport.java:175)
        at java.util.concurrent.locks.AbstractQueuedSynchronizer$ConditionObject.await(AbstractQueuedSynchronizer.java:2039)
        at java.util.concurrent.ArrayBlockingQueue.take(ArrayBlockingQueue.java:403)
        at java.util.concurrent.ThreadPoolExecutor.getTask(ThreadPoolExecutor.java:1074)
        at java.util.concurrent.ThreadPoolExecutor.runWorker(ThreadPoolExecutor.java:1134)
        at java.util.concurrent.ThreadPoolExecutor$Worker.run(ThreadPoolExecutor.java:624)
        at java.lang.Thread.run(Thread.java:748)
"pool-46-thread-36"  prio=5 tid=406 in Object.wait()
java.lang.Thread.State: WAITING (on object monitor)
        at sun.misc.Unsafe.park(Native Method)
        at java.util.concurrent.locks.LockSupport.park(LockSupport.java:175)
        at java.util.concurrent.locks.AbstractQueuedSynchronizer$ConditionObject.await(AbstractQueuedSynchronizer.java:2039)
        at java.util.concurrent.ArrayBlockingQueue.take(ArrayBlockingQueue.java:403)
        at java.util.concurrent.ThreadPoolExecutor.getTask(ThreadPoolExecutor.java:1074)
        at java.util.concurrent.ThreadPoolExecutor.runWorker(ThreadPoolExecutor.java:1134)
        at java.util.concurrent.ThreadPoolExecutor$Worker.run(ThreadPoolExecutor.java:624)
        at java.lang.Thread.run(Thread.java:748)
"pool-66-thread-6"  prio=5 tid=561 in Object.wait()
java.lang.Thread.State: WAITING (on object monitor)
        at sun.misc.Unsafe.park(Native Method)
        at java.util.concurrent.locks.LockSupport.park(LockSupport.java:175)
        at java.util.concurrent.locks.AbstractQueuedSynchronizer$ConditionObject.await(AbstractQueuedSynchronizer.java:2039)
        at java.util.concurrent.ArrayBlockingQueue.take(ArrayBlockingQueue.java:403)
        at java.util.concurrent.ThreadPoolExecutor.getTask(ThreadPoolExecutor.java:1074)
        at java.util.concurrent.ThreadPoolExecutor.runWorker(ThreadPoolExecutor.java:1134)
        at java.util.concurrent.ThreadPoolExecutor$Worker.run(ThreadPoolExecutor.java:624)
        at java.lang.Thread.run(Thread.java:748)
"metrics-hadoop-metrics2-reporter-18-thread-1" daemon prio=5 tid=744 timed_waiting
java.lang.Thread.State: TIMED_WAITING
        at sun.misc.Unsafe.park(Native Method)
        at java.util.concurrent.locks.LockSupport.parkNanos(LockSupport.java:215)
        at java.util.concurrent.locks.AbstractQueuedSynchronizer$ConditionObject.awaitNanos(AbstractQueuedSynchronizer.java:2078)
        at java.util.concurrent.ScheduledThreadPoolExecutor$DelayedWorkQueue.take(ScheduledThreadPoolExecutor.java:1093)
        at java.util.concurrent.ScheduledThreadPoolExecutor$DelayedWorkQueue.take(ScheduledThreadPoolExecutor.java:809)
        at java.util.concurrent.ThreadPoolExecutor.getTask(ThreadPoolExecutor.java:1074)
        at java.util.concurrent.ThreadPoolExecutor.runWorker(ThreadPoolExecutor.java:1134)
        at java.util.concurrent.ThreadPoolExecutor$Worker.run(ThreadPoolExecutor.java:624)
        at java.lang.Thread.run(Thread.java:748)
"IPC Server handler 13 on 45420" daemon prio=5 tid=43 timed_waiting
java.lang.Thread.State: TIMED_WAITING
        at sun.misc.Unsafe.park(Native Method)
        at java.util.concurrent.locks.LockSupport.parkNanos(LockSupport.java:215)
        at java.util.concurrent.locks.AbstractQueuedSynchronizer$ConditionObject.awaitNanos(AbstractQueuedSynchronizer.java:2078)
        at java.util.concurrent.LinkedBlockingQueue.poll(LinkedBlockingQueue.java:467)
        at org.apache.hadoop.ipc.CallQueueManager.take(CallQueueManager.java:288)
        at org.apache.hadoop.ipc.Server$Handler.run(Server.java:2668)
"metrics-hadoop-metrics2-reporter-49-thread-1" daemon prio=5 tid=882 timed_waiting
java.lang.Thread.State: TIMED_WAITING
        at sun.misc.Unsafe.park(Native Method)
        at java.util.concurrent.locks.LockSupport.parkNanos(LockSupport.java:215)
        at java.util.concurrent.locks.AbstractQueuedSynchronizer$ConditionObject.awaitNanos(AbstractQueuedSynchronizer.java:2078)
        at java.util.concurrent.ScheduledThreadPoolExecutor$DelayedWorkQueue.take(ScheduledThreadPoolExecutor.java:1093)
        at java.util.concurrent.ScheduledThreadPoolExecutor$DelayedWorkQueue.take(ScheduledThreadPoolExecutor.java:809)
        at java.util.concurrent.ThreadPoolExecutor.getTask(ThreadPoolExecutor.java:1074)
        at java.util.concurrent.ThreadPoolExecutor.runWorker(ThreadPoolExecutor.java:1134)
        at java.util.concurrent.ThreadPoolExecutor$Worker.run(ThreadPoolExecutor.java:624)
        at java.lang.Thread.run(Thread.java:748)
"Signal Dispatcher" daemon prio=9 tid=4 runnable
java.lang.Thread.State: RUNNABLE
"pool-76-thread-49"  prio=5 tid=639 in Object.wait()
java.lang.Thread.State: WAITING (on object monitor)
        at sun.misc.Unsafe.park(Native Method)
        at java.util.concurrent.locks.LockSupport.park(LockSupport.java:175)
        at java.util.concurrent.locks.AbstractQueuedSynchronizer$ConditionObject.await(AbstractQueuedSynchronizer.java:2039)
        at java.util.concurrent.ArrayBlockingQueue.take(ArrayBlockingQueue.java:403)
        at java.util.concurrent.ThreadPoolExecutor.getTask(ThreadPoolExecutor.java:1074)
        at java.util.concurrent.ThreadPoolExecutor.runWorker(ThreadPoolExecutor.java:1134)
        at java.util.concurrent.ThreadPoolExecutor$Worker.run(ThreadPoolExecutor.java:624)
        at java.lang.Thread.run(Thread.java:748)
"pool-76-thread-59"  prio=5 tid=656 in Object.wait()
java.lang.Thread.State: WAITING (on object monitor)
        at sun.misc.Unsafe.park(Native Method)
        at java.util.concurrent.locks.LockSupport.park(LockSupport.java:175)
        at java.util.concurrent.locks.AbstractQueuedSynchronizer$ConditionObject.await(AbstractQueuedSynchronizer.java:2039)
        at java.util.concurrent.ArrayBlockingQueue.take(ArrayBlockingQueue.java:403)
        at java.util.concurrent.ThreadPoolExecutor.getTask(ThreadPoolExecutor.java:1074)
        at java.util.concurrent.ThreadPoolExecutor.runWorker(ThreadPoolExecutor.java:1134)
        at java.util.concurrent.ThreadPoolExecutor$Worker.run(ThreadPoolExecutor.java:624)
        at java.lang.Thread.run(Thread.java:748)
"pool-36-thread-39"  prio=5 tid=427 in Object.wait()
java.lang.Thread.State: WAITING (on object monitor)
        at sun.misc.Unsafe.park(Native Method)
        at java.util.concurrent.locks.LockSupport.park(LockSupport.java:175)
        at java.util.concurrent.locks.AbstractQueuedSynchronizer$ConditionObject.await(AbstractQueuedSynchronizer.java:2039)
        at java.util.concurrent.ArrayBlockingQueue.take(ArrayBlockingQueue.java:403)
        at java.util.concurrent.ThreadPoolExecutor.getTask(ThreadPoolExecutor.java:1074)
        at java.util.concurrent.ThreadPoolExecutor.runWorker(ThreadPoolExecutor.java:1134)
        at java.util.concurrent.ThreadPoolExecutor$Worker.run(ThreadPoolExecutor.java:624)
        at java.lang.Thread.run(Thread.java:748)
"qtp1174596735-137" daemon prio=5 tid=137 runnable
java.lang.Thread.State: RUNNABLE
        at sun.nio.ch.EPollArrayWrapper.epollWait(Native Method)
        at sun.nio.ch.EPollArrayWrapper.poll(EPollArrayWrapper.java:269)
        at sun.nio.ch.EPollSelectorImpl.doSelect(EPollSelectorImpl.java:93)
        at sun.nio.ch.SelectorImpl.lockAndDoSelect(SelectorImpl.java:86)
        at sun.nio.ch.SelectorImpl.select(SelectorImpl.java:97)
        at sun.nio.ch.SelectorImpl.select(SelectorImpl.java:101)
        at org.eclipse.jetty.io.ManagedSelector$SelectorProducer.select(ManagedSelector.java:243)
        at org.eclipse.jetty.io.ManagedSelector$SelectorProducer.produce(ManagedSelector.java:191)
        at org.eclipse.jetty.util.thread.strategy.ExecuteProduceConsume.executeProduceConsume(ExecuteProduceConsume.java:249)
        at org.eclipse.jetty.util.thread.strategy.ExecuteProduceConsume.produceConsume(ExecuteProduceConsume.java:148)
        at org.eclipse.jetty.util.thread.strategy.ExecuteProduceConsume.execute(ExecuteProduceConsume.java:100)
        at org.eclipse.jetty.io.ManagedSelector.run(ManagedSelector.java:147)
        at org.eclipse.jetty.util.thread.QueuedThreadPool.runJob(QueuedThreadPool.java:671)
        at org.eclipse.jetty.util.thread.QueuedThreadPool$2.run(QueuedThreadPool.java:589)
        at java.lang.Thread.run(Thread.java:748)
"6befc45b-dcf8-424c-b341-d7aa439c4bd9@group-7DCB31437E77-SegmentedRaftLogWorker"  prio=5 tid=704 timed_waiting
java.lang.Thread.State: TIMED_WAITING
        at sun.misc.Unsafe.park(Native Method)
        at java.util.concurrent.locks.LockSupport.parkNanos(LockSupport.java:215)
        at java.util.concurrent.locks.AbstractQueuedSynchronizer$ConditionObject.awaitNanos(AbstractQueuedSynchronizer.java:2078)
        at org.apache.ratis.util.DataBlockingQueue.poll(DataBlockingQueue.java:137)
        at org.apache.ratis.server.raftlog.segmented.SegmentedRaftLogWorker.run(SegmentedRaftLogWorker.java:282)
        at java.lang.Thread.run(Thread.java:748)
"pool-76-thread-40"  prio=5 tid=626 in Object.wait()
java.lang.Thread.State: WAITING (on object monitor)
        at sun.misc.Unsafe.park(Native Method)
        at java.util.concurrent.locks.LockSupport.park(LockSupport.java:175)
        at java.util.concurrent.locks.AbstractQueuedSynchronizer$ConditionObject.await(AbstractQueuedSynchronizer.java:2039)
        at java.util.concurrent.ArrayBlockingQueue.take(ArrayBlockingQueue.java:403)
        at java.util.concurrent.ThreadPoolExecutor.getTask(ThreadPoolExecutor.java:1074)
        at java.util.concurrent.ThreadPoolExecutor.runWorker(ThreadPoolExecutor.java:1134)
        at java.util.concurrent.ThreadPoolExecutor$Worker.run(ThreadPoolExecutor.java:624)
        at java.lang.Thread.run(Thread.java:748)
"Command processor thread" daemon prio=5 tid=203 timed_waiting
java.lang.Thread.State: TIMED_WAITING
        at java.lang.Thread.sleep(Native Method)
        at org.apache.hadoop.ozone.container.common.statemachine.DatanodeStateMachine.lambda$initCommandHandlerThread$1(DatanodeStateMachine.java:439)
        at org.apache.hadoop.ozone.container.common.statemachine.DatanodeStateMachine$$Lambda$141/1097787199.run(Unknown Source)
        at java.lang.Thread.run(Thread.java:748)
"qtp1931194070-242-acceptor-0@7ba0abd1-ServerConnector@7744f648{HTTP/1.1,[http/1.1]}{0.0.0.0:36277}" daemon prio=3 tid=242 runnable
java.lang.Thread.State: RUNNABLE
        at sun.nio.ch.ServerSocketChannelImpl.accept0(Native Method)
        at sun.nio.ch.ServerSocketChannelImpl.accept(ServerSocketChannelImpl.java:422)
        at sun.nio.ch.ServerSocketChannelImpl.accept(ServerSocketChannelImpl.java:250)
        at org.eclipse.jetty.server.ServerConnector.accept(ServerConnector.java:397)
        at org.eclipse.jetty.server.AbstractConnector$Acceptor.run(AbstractConnector.java:601)
        at org.eclipse.jetty.util.thread.QueuedThreadPool.runJob(QueuedThreadPool.java:671)
        at org.eclipse.jetty.util.thread.QueuedThreadPool$2.run(QueuedThreadPool.java:589)
        at java.lang.Thread.run(Thread.java:748)
"pool-26-thread-31"  prio=5 tid=423 in Object.wait()
java.lang.Thread.State: WAITING (on object monitor)
        at sun.misc.Unsafe.park(Native Method)
        at java.util.concurrent.locks.LockSupport.park(LockSupport.java:175)
        at java.util.concurrent.locks.AbstractQueuedSynchronizer$ConditionObject.await(AbstractQueuedSynchronizer.java:2039)
        at java.util.concurrent.ArrayBlockingQueue.take(ArrayBlockingQueue.java:403)
        at java.util.concurrent.ThreadPoolExecutor.getTask(ThreadPoolExecutor.java:1074)
        at java.util.concurrent.ThreadPoolExecutor.runWorker(ThreadPoolExecutor.java:1134)
        at java.util.concurrent.ThreadPoolExecutor$Worker.run(ThreadPoolExecutor.java:624)
        at java.lang.Thread.run(Thread.java:748)
"qtp1931194070-243" daemon prio=5 tid=243 timed_waiting
java.lang.Thread.State: TIMED_WAITING
        at sun.misc.Unsafe.park(Native Method)
        at java.util.concurrent.locks.LockSupport.parkNanos(LockSupport.java:215)
        at java.util.concurrent.locks.AbstractQueuedSynchronizer$ConditionObject.awaitNanos(AbstractQueuedSynchronizer.java:2078)
        at org.eclipse.jetty.util.BlockingArrayQueue.poll(BlockingArrayQueue.java:392)
        at org.eclipse.jetty.util.thread.QueuedThreadPool.idleJobPoll(QueuedThreadPool.java:563)
        at org.eclipse.jetty.util.thread.QueuedThreadPool.access$800(QueuedThreadPool.java:48)
        at org.eclipse.jetty.util.thread.QueuedThreadPool$2.run(QueuedThreadPool.java:626)
        at java.lang.Thread.run(Thread.java:748)
"pool-36-thread-11"  prio=5 tid=342 in Object.wait()
java.lang.Thread.State: WAITING (on object monitor)
        at sun.misc.Unsafe.park(Native Method)
        at java.util.concurrent.locks.LockSupport.park(LockSupport.java:175)
        at java.util.concurrent.locks.AbstractQueuedSynchronizer$ConditionObject.await(AbstractQueuedSynchronizer.java:2039)
        at java.util.concurrent.ArrayBlockingQueue.take(ArrayBlockingQueue.java:403)
        at java.util.concurrent.ThreadPoolExecutor.getTask(ThreadPoolExecutor.java:1074)
        at java.util.concurrent.ThreadPoolExecutor.runWorker(ThreadPoolExecutor.java:1134)
        at java.util.concurrent.ThreadPoolExecutor$Worker.run(ThreadPoolExecutor.java:624)
        at java.lang.Thread.run(Thread.java:748)
"Datanode State Machine Thread - 0" daemon prio=5 tid=205 timed_waiting
java.lang.Thread.State: TIMED_WAITING
        at sun.misc.Unsafe.park(Native Method)
        at java.util.concurrent.locks.LockSupport.parkNanos(LockSupport.java:215)
        at java.util.concurrent.SynchronousQueue$TransferStack.awaitFulfill(SynchronousQueue.java:460)
        at java.util.concurrent.SynchronousQueue$TransferStack.transfer(SynchronousQueue.java:362)
        at java.util.concurrent.SynchronousQueue.poll(SynchronousQueue.java:941)
        at java.util.concurrent.ThreadPoolExecutor.getTask(ThreadPoolExecutor.java:1073)
        at java.util.concurrent.ThreadPoolExecutor.runWorker(ThreadPoolExecutor.java:1134)
        at java.util.concurrent.ThreadPoolExecutor$Worker.run(ThreadPoolExecutor.java:624)
        at java.lang.Thread.run(Thread.java:748)
"pool-66-thread-16"  prio=5 tid=579 in Object.wait()
java.lang.Thread.State: WAITING (on object monitor)
        at sun.misc.Unsafe.park(Native Method)
        at java.util.concurrent.locks.LockSupport.park(LockSupport.java:175)
        at java.util.concurrent.locks.AbstractQueuedSynchronizer$ConditionObject.await(AbstractQueuedSynchronizer.java:2039)
        at java.util.concurrent.ArrayBlockingQueue.take(ArrayBlockingQueue.java:403)
        at java.util.concurrent.ThreadPoolExecutor.getTask(ThreadPoolExecutor.java:1074)
        at java.util.concurrent.ThreadPoolExecutor.runWorker(ThreadPoolExecutor.java:1134)
        at java.util.concurrent.ThreadPoolExecutor$Worker.run(ThreadPoolExecutor.java:624)
        at java.lang.Thread.run(Thread.java:748)
"IPC Server handler 8 on 45420" daemon prio=5 tid=38 timed_waiting
java.lang.Thread.State: TIMED_WAITING
        at sun.misc.Unsafe.park(Native Method)
        at java.util.concurrent.locks.LockSupport.parkNanos(LockSupport.java:215)
        at java.util.concurrent.locks.AbstractQueuedSynchronizer$ConditionObject.awaitNanos(AbstractQueuedSynchronizer.java:2078)
        at java.util.concurrent.LinkedBlockingQueue.poll(LinkedBlockingQueue.java:467)
        at org.apache.hadoop.ipc.CallQueueManager.take(CallQueueManager.java:288)
        at org.apache.hadoop.ipc.Server$Handler.run(Server.java:2668)
"pool-66-thread-1"  prio=5 tid=555 in Object.wait()
java.lang.Thread.State: WAITING (on object monitor)
        at sun.misc.Unsafe.park(Native Method)
        at java.util.concurrent.locks.LockSupport.park(LockSupport.java:175)
        at java.util.concurrent.locks.AbstractQueuedSynchronizer$ConditionObject.await(AbstractQueuedSynchronizer.java:2039)
        at java.util.concurrent.ArrayBlockingQueue.take(ArrayBlockingQueue.java:403)
        at java.util.concurrent.ThreadPoolExecutor.getTask(ThreadPoolExecutor.java:1074)
        at java.util.concurrent.ThreadPoolExecutor.runWorker(ThreadPoolExecutor.java:1134)
        at java.util.concurrent.ThreadPoolExecutor$Worker.run(ThreadPoolExecutor.java:624)
        at java.lang.Thread.run(Thread.java:748)
"pool-46-thread-26"  prio=5 tid=379 in Object.wait()
java.lang.Thread.State: WAITING (on object monitor)
        at sun.misc.Unsafe.park(Native Method)
        at java.util.concurrent.locks.LockSupport.park(LockSupport.java:175)
        at java.util.concurrent.locks.AbstractQueuedSynchronizer$ConditionObject.await(AbstractQueuedSynchronizer.java:2039)
        at java.util.concurrent.ArrayBlockingQueue.take(ArrayBlockingQueue.java:403)
        at java.util.concurrent.ThreadPoolExecutor.getTask(ThreadPoolExecutor.java:1074)
        at java.util.concurrent.ThreadPoolExecutor.runWorker(ThreadPoolExecutor.java:1134)
        at java.util.concurrent.ThreadPoolExecutor$Worker.run(ThreadPoolExecutor.java:624)
        at java.lang.Thread.run(Thread.java:748)
"IPC Server handler 2 on 42372" daemon prio=5 tid=72 timed_waiting
java.lang.Thread.State: TIMED_WAITING
        at sun.misc.Unsafe.park(Native Method)
        at java.util.concurrent.locks.LockSupport.parkNanos(LockSupport.java:215)
        at java.util.concurrent.locks.AbstractQueuedSynchronizer$ConditionObject.awaitNanos(AbstractQueuedSynchronizer.java:2078)
        at java.util.concurrent.LinkedBlockingQueue.poll(LinkedBlockingQueue.java:467)
        at org.apache.hadoop.ipc.CallQueueManager.take(CallQueueManager.java:288)
        at org.apache.hadoop.ipc.Server$Handler.run(Server.java:2668)
"pool-76-thread-32"  prio=5 tid=617 in Object.wait()
java.lang.Thread.State: WAITING (on object monitor)
        at sun.misc.Unsafe.park(Native Method)
        at java.util.concurrent.locks.LockSupport.park(LockSupport.java:175)
        at java.util.concurrent.locks.AbstractQueuedSynchronizer$ConditionObject.await(AbstractQueuedSynchronizer.java:2039)
        at java.util.concurrent.ArrayBlockingQueue.take(ArrayBlockingQueue.java:403)
        at java.util.concurrent.ThreadPoolExecutor.getTask(ThreadPoolExecutor.java:1074)
        at java.util.concurrent.ThreadPoolExecutor.runWorker(ThreadPoolExecutor.java:1134)
        at java.util.concurrent.ThreadPoolExecutor$Worker.run(ThreadPoolExecutor.java:624)
        at java.lang.Thread.run(Thread.java:748)
"pool-26-thread-45"  prio=5 tid=485 in Object.wait()
java.lang.Thread.State: WAITING (on object monitor)
        at sun.misc.Unsafe.park(Native Method)
        at java.util.concurrent.locks.LockSupport.park(LockSupport.java:175)
        at java.util.concurrent.locks.AbstractQueuedSynchronizer$ConditionObject.await(AbstractQueuedSynchronizer.java:2039)
        at java.util.concurrent.ArrayBlockingQueue.take(ArrayBlockingQueue.java:403)
        at java.util.concurrent.ThreadPoolExecutor.getTask(ThreadPoolExecutor.java:1074)
        at java.util.concurrent.ThreadPoolExecutor.runWorker(ThreadPoolExecutor.java:1134)
        at java.util.concurrent.ThreadPoolExecutor$Worker.run(ThreadPoolExecutor.java:624)
        at java.lang.Thread.run(Thread.java:748)
"qtp1937022909-275" daemon prio=5 tid=275 timed_waiting
java.lang.Thread.State: TIMED_WAITING
        at sun.misc.Unsafe.park(Native Method)
        at java.util.concurrent.locks.LockSupport.parkNanos(LockSupport.java:215)
        at java.util.concurrent.locks.AbstractQueuedSynchronizer$ConditionObject.awaitNanos(AbstractQueuedSynchronizer.java:2078)
        at org.eclipse.jetty.util.BlockingArrayQueue.poll(BlockingArrayQueue.java:392)
        at org.eclipse.jetty.util.thread.QueuedThreadPool.idleJobPoll(QueuedThreadPool.java:563)
        at org.eclipse.jetty.util.thread.QueuedThreadPool.access$800(QueuedThreadPool.java:48)
        at org.eclipse.jetty.util.thread.QueuedThreadPool$2.run(QueuedThreadPool.java:626)
        at java.lang.Thread.run(Thread.java:748)
"IPC Server handler 2 on 45420" daemon prio=5 tid=32 timed_waiting
java.lang.Thread.State: TIMED_WAITING
        at sun.misc.Unsafe.park(Native Method)
        at java.util.concurrent.locks.LockSupport.parkNanos(LockSupport.java:215)
        at java.util.concurrent.locks.AbstractQueuedSynchronizer$ConditionObject.awaitNanos(AbstractQueuedSynchronizer.java:2078)
        at java.util.concurrent.LinkedBlockingQueue.poll(LinkedBlockingQueue.java:467)
        at org.apache.hadoop.ipc.CallQueueManager.take(CallQueueManager.java:288)
        at org.apache.hadoop.ipc.Server$Handler.run(Server.java:2668)
"IPC Server handler 19 on 42810" daemon prio=5 tid=135 timed_waiting
java.lang.Thread.State: TIMED_WAITING
        at sun.misc.Unsafe.park(Native Method)
        at java.util.concurrent.locks.LockSupport.parkNanos(LockSupport.java:215)
        at java.util.concurrent.locks.AbstractQueuedSynchronizer$ConditionObject.awaitNanos(AbstractQueuedSynchronizer.java:2078)
        at java.util.concurrent.LinkedBlockingQueue.poll(LinkedBlockingQueue.java:467)
        at org.apache.hadoop.ipc.CallQueueManager.take(CallQueueManager.java:288)
        at org.apache.hadoop.ipc.Server$Handler.run(Server.java:2668)
"pool-56-thread-28"  prio=5 tid=522 in Object.wait()
java.lang.Thread.State: WAITING (on object monitor)
        at sun.misc.Unsafe.park(Native Method)
        at java.util.concurrent.locks.LockSupport.park(LockSupport.java:175)
        at java.util.concurrent.locks.AbstractQueuedSynchronizer$ConditionObject.await(AbstractQueuedSynchronizer.java:2039)
        at java.util.concurrent.ArrayBlockingQueue.take(ArrayBlockingQueue.java:403)
        at java.util.concurrent.ThreadPoolExecutor.getTask(ThreadPoolExecutor.java:1074)
        at java.util.concurrent.ThreadPoolExecutor.runWorker(ThreadPoolExecutor.java:1134)
        at java.util.concurrent.ThreadPoolExecutor$Worker.run(ThreadPoolExecutor.java:624)
        at java.lang.Thread.run(Thread.java:748)
"pool-46-thread-8"  prio=5 tid=326 in Object.wait()
java.lang.Thread.State: WAITING (on object monitor)
        at sun.misc.Unsafe.park(Native Method)
        at java.util.concurrent.locks.LockSupport.park(LockSupport.java:175)
        at java.util.concurrent.locks.AbstractQueuedSynchronizer$ConditionObject.await(AbstractQueuedSynchronizer.java:2039)
        at java.util.concurrent.ArrayBlockingQueue.take(ArrayBlockingQueue.java:403)
        at java.util.concurrent.ThreadPoolExecutor.getTask(ThreadPoolExecutor.java:1074)
        at java.util.concurrent.ThreadPoolExecutor.runWorker(ThreadPoolExecutor.java:1134)
        at java.util.concurrent.ThreadPoolExecutor$Worker.run(ThreadPoolExecutor.java:624)
        at java.lang.Thread.run(Thread.java:748)
"IPC Server handler 16 on 33223" daemon prio=5 tid=66 timed_waiting
java.lang.Thread.State: TIMED_WAITING
        at sun.misc.Unsafe.park(Native Method)
        at java.util.concurrent.locks.LockSupport.parkNanos(LockSupport.java:215)
        at java.util.concurrent.locks.AbstractQueuedSynchronizer$ConditionObject.awaitNanos(AbstractQueuedSynchronizer.java:2078)
        at java.util.concurrent.LinkedBlockingQueue.poll(LinkedBlockingQueue.java:467)
        at org.apache.hadoop.ipc.CallQueueManager.take(CallQueueManager.java:288)
        at org.apache.hadoop.ipc.Server$Handler.run(Server.java:2668)
"Datanode ReportManager Thread - 3" daemon prio=5 tid=256 in Object.wait()
java.lang.Thread.State: WAITING (on object monitor)
        at sun.misc.Unsafe.park(Native Method)
        at java.util.concurrent.locks.LockSupport.park(LockSupport.java:175)
        at java.util.concurrent.locks.AbstractQueuedSynchronizer$ConditionObject.await(AbstractQueuedSynchronizer.java:2039)
        at java.util.concurrent.ScheduledThreadPoolExecutor$DelayedWorkQueue.take(ScheduledThreadPoolExecutor.java:1088)
        at java.util.concurrent.ScheduledThreadPoolExecutor$DelayedWorkQueue.take(ScheduledThreadPoolExecutor.java:809)
        at java.util.concurrent.ThreadPoolExecutor.getTask(ThreadPoolExecutor.java:1074)
        at java.util.concurrent.ThreadPoolExecutor.runWorker(ThreadPoolExecutor.java:1134)
        at java.util.concurrent.ThreadPoolExecutor$Worker.run(ThreadPoolExecutor.java:624)
        at java.lang.Thread.run(Thread.java:748)
"pool-56-thread-4"  prio=5 tid=471 in Object.wait()
java.lang.Thread.State: WAITING (on object monitor)
        at sun.misc.Unsafe.park(Native Method)
        at java.util.concurrent.locks.LockSupport.park(LockSupport.java:175)
        at java.util.concurrent.locks.AbstractQueuedSynchronizer$ConditionObject.await(AbstractQueuedSynchronizer.java:2039)
        at java.util.concurrent.ArrayBlockingQueue.take(ArrayBlockingQueue.java:403)
        at java.util.concurrent.ThreadPoolExecutor.getTask(ThreadPoolExecutor.java:1074)
        at java.util.concurrent.ThreadPoolExecutor.runWorker(ThreadPoolExecutor.java:1134)
        at java.util.concurrent.ThreadPoolExecutor$Worker.run(ThreadPoolExecutor.java:624)
        at java.lang.Thread.run(Thread.java:748)
"BlockDeletingService#1" daemon prio=5 tid=687 in Object.wait()
java.lang.Thread.State: WAITING (on object monitor)
        at sun.misc.Unsafe.park(Native Method)
        at java.util.concurrent.locks.LockSupport.park(LockSupport.java:175)
        at java.util.concurrent.locks.AbstractQueuedSynchronizer$ConditionObject.await(AbstractQueuedSynchronizer.java:2039)
        at java.util.concurrent.ScheduledThreadPoolExecutor$DelayedWorkQueue.take(ScheduledThreadPoolExecutor.java:1088)
        at java.util.concurrent.ScheduledThreadPoolExecutor$DelayedWorkQueue.take(ScheduledThreadPoolExecutor.java:809)
        at java.util.concurrent.ThreadPoolExecutor.getTask(ThreadPoolExecutor.java:1074)
        at java.util.concurrent.ThreadPoolExecutor.runWorker(ThreadPoolExecutor.java:1134)
        at java.util.concurrent.ThreadPoolExecutor$Worker.run(ThreadPoolExecutor.java:624)
        at java.lang.Thread.run(Thread.java:748)
"pool-46-thread-34"  prio=5 tid=403 in Object.wait()
java.lang.Thread.State: WAITING (on object monitor)
        at sun.misc.Unsafe.park(Native Method)
        at java.util.concurrent.locks.LockSupport.park(LockSupport.java:175)
        at java.util.concurrent.locks.AbstractQueuedSynchronizer$ConditionObject.await(AbstractQueuedSynchronizer.java:2039)
        at java.util.concurrent.ArrayBlockingQueue.take(ArrayBlockingQueue.java:403)
        at java.util.concurrent.ThreadPoolExecutor.getTask(ThreadPoolExecutor.java:1074)
        at java.util.concurrent.ThreadPoolExecutor.runWorker(ThreadPoolExecutor.java:1134)
        at java.util.concurrent.ThreadPoolExecutor$Worker.run(ThreadPoolExecutor.java:624)
        at java.lang.Thread.run(Thread.java:748)
"Periodic HDDS volume checker"  prio=5 tid=288 timed_waiting
java.lang.Thread.State: TIMED_WAITING
        at sun.misc.Unsafe.park(Native Method)
        at java.util.concurrent.locks.LockSupport.parkNanos(LockSupport.java:215)
        at java.util.concurrent.locks.AbstractQueuedSynchronizer$ConditionObject.awaitNanos(AbstractQueuedSynchronizer.java:2078)
        at java.util.concurrent.ScheduledThreadPoolExecutor$DelayedWorkQueue.take(ScheduledThreadPoolExecutor.java:1093)
        at java.util.concurrent.ScheduledThreadPoolExecutor$DelayedWorkQueue.take(ScheduledThreadPoolExecutor.java:809)
        at java.util.concurrent.ThreadPoolExecutor.getTask(ThreadPoolExecutor.java:1074)
        at java.util.concurrent.ThreadPoolExecutor.runWorker(ThreadPoolExecutor.java:1134)
        at java.util.concurrent.ThreadPoolExecutor$Worker.run(ThreadPoolExecutor.java:624)
        at java.lang.Thread.run(Thread.java:748)
"pool-67-thread-1"  prio=5 tid=760 in Object.wait()
java.lang.Thread.State: WAITING (on object monitor)
        at sun.misc.Unsafe.park(Native Method)
        at java.util.concurrent.locks.LockSupport.park(LockSupport.java:175)
        at java.util.concurrent.locks.AbstractQueuedSynchronizer$ConditionObject.await(AbstractQueuedSynchronizer.java:2039)
        at java.util.concurrent.LinkedBlockingQueue.take(LinkedBlockingQueue.java:442)
        at java.util.concurrent.ThreadPoolExecutor.getTask(ThreadPoolExecutor.java:1074)
        at java.util.concurrent.ThreadPoolExecutor.runWorker(ThreadPoolExecutor.java:1134)
        at java.util.concurrent.ThreadPoolExecutor$Worker.run(ThreadPoolExecutor.java:624)
        at java.lang.Thread.run(Thread.java:748)
"pool-66-thread-9"  prio=5 tid=565 in Object.wait()
java.lang.Thread.State: WAITING (on object monitor)
        at sun.misc.Unsafe.park(Native Method)
        at java.util.concurrent.locks.LockSupport.park(LockSupport.java:175)
        at java.util.concurrent.locks.AbstractQueuedSynchronizer$ConditionObject.await(AbstractQueuedSynchronizer.java:2039)
        at java.util.concurrent.ArrayBlockingQueue.take(ArrayBlockingQueue.java:403)
        at java.util.concurrent.ThreadPoolExecutor.getTask(ThreadPoolExecutor.java:1074)
        at java.util.concurrent.ThreadPoolExecutor.runWorker(ThreadPoolExecutor.java:1134)
        at java.util.concurrent.ThreadPoolExecutor$Worker.run(ThreadPoolExecutor.java:624)
        at java.lang.Thread.run(Thread.java:748)
"pool-36-thread-42"  prio=5 tid=435 in Object.wait()
java.lang.Thread.State: WAITING (on object monitor)
        at sun.misc.Unsafe.park(Native Method)
        at java.util.concurrent.locks.LockSupport.park(LockSupport.java:175)
        at java.util.concurrent.locks.AbstractQueuedSynchronizer$ConditionObject.await(AbstractQueuedSynchronizer.java:2039)
        at java.util.concurrent.ArrayBlockingQueue.take(ArrayBlockingQueue.java:403)
        at java.util.concurrent.ThreadPoolExecutor.getTask(ThreadPoolExecutor.java:1074)
        at java.util.concurrent.ThreadPoolExecutor.runWorker(ThreadPoolExecutor.java:1134)
        at java.util.concurrent.ThreadPoolExecutor$Worker.run(ThreadPoolExecutor.java:624)
        at java.lang.Thread.run(Thread.java:748)
"org.apache.hadoop.util.JvmPauseMonitor$Monitor@4069d6e0" daemon prio=5 tid=258 timed_waiting
java.lang.Thread.State: TIMED_WAITING
        at java.lang.Thread.sleep(Native Method)
        at org.apache.hadoop.util.JvmPauseMonitor$Monitor.run(JvmPauseMonitor.java:192)
        at java.lang.Thread.run(Thread.java:748)
"qtp2139397088-215-acceptor-0@18de27a8-ServerConnector@2ca17423{HTTP/1.1,[http/1.1]}{0.0.0.0:39527}" daemon prio=3 tid=215 runnable
java.lang.Thread.State: RUNNABLE
        at sun.nio.ch.ServerSocketChannelImpl.accept0(Native Method)
        at sun.nio.ch.ServerSocketChannelImpl.accept(ServerSocketChannelImpl.java:422)
        at sun.nio.ch.ServerSocketChannelImpl.accept(ServerSocketChannelImpl.java:250)
        at org.eclipse.jetty.server.ServerConnector.accept(ServerConnector.java:397)
        at org.eclipse.jetty.server.AbstractConnector$Acceptor.run(AbstractConnector.java:601)
        at org.eclipse.jetty.util.thread.QueuedThreadPool.runJob(QueuedThreadPool.java:671)
        at org.eclipse.jetty.util.thread.QueuedThreadPool$2.run(QueuedThreadPool.java:589)
        at java.lang.Thread.run(Thread.java:748)
"IPC Server handler 6 on 42372" daemon prio=5 tid=76 timed_waiting
java.lang.Thread.State: TIMED_WAITING
        at sun.misc.Unsafe.park(Native Method)
        at java.util.concurrent.locks.LockSupport.parkNanos(LockSupport.java:215)
        at java.util.concurrent.locks.AbstractQueuedSynchronizer$ConditionObject.awaitNanos(AbstractQueuedSynchronizer.java:2078)
        at java.util.concurrent.LinkedBlockingQueue.poll(LinkedBlockingQueue.java:467)
        at org.apache.hadoop.ipc.CallQueueManager.take(CallQueueManager.java:288)
        at org.apache.hadoop.ipc.Server$Handler.run(Server.java:2668)
"pool-76-thread-47"  prio=5 tid=636 in Object.wait()
java.lang.Thread.State: WAITING (on object monitor)
        at sun.misc.Unsafe.park(Native Method)
        at java.util.concurrent.locks.LockSupport.park(LockSupport.java:175)
        at java.util.concurrent.locks.AbstractQueuedSynchronizer$ConditionObject.await(AbstractQueuedSynchronizer.java:2039)
        at java.util.concurrent.ArrayBlockingQueue.take(ArrayBlockingQueue.java:403)
        at java.util.concurrent.ThreadPoolExecutor.getTask(ThreadPoolExecutor.java:1074)
        at java.util.concurrent.ThreadPoolExecutor.runWorker(ThreadPoolExecutor.java:1134)
        at java.util.concurrent.ThreadPoolExecutor$Worker.run(ThreadPoolExecutor.java:624)
        at java.lang.Thread.run(Thread.java:748)
"IPC Server handler 9 on 42372" daemon prio=5 tid=79 timed_waiting
java.lang.Thread.State: TIMED_WAITING
        at sun.misc.Unsafe.park(Native Method)
        at java.util.concurrent.locks.LockSupport.parkNanos(LockSupport.java:215)
        at java.util.concurrent.locks.AbstractQueuedSynchronizer$ConditionObject.awaitNanos(AbstractQueuedSynchronizer.java:2078)
        at java.util.concurrent.LinkedBlockingQueue.poll(LinkedBlockingQueue.java:467)
        at org.apache.hadoop.ipc.CallQueueManager.take(CallQueueManager.java:288)
        at org.apache.hadoop.ipc.Server$Handler.run(Server.java:2668)
"pool-56-thread-55"  prio=5 tid=549 in Object.wait()
java.lang.Thread.State: WAITING (on object monitor)
        at sun.misc.Unsafe.park(Native Method)
        at java.util.concurrent.locks.LockSupport.park(LockSupport.java:175)
        at java.util.concurrent.locks.AbstractQueuedSynchronizer$ConditionObject.await(AbstractQueuedSynchronizer.java:2039)
        at java.util.concurrent.ArrayBlockingQueue.take(ArrayBlockingQueue.java:403)
        at java.util.concurrent.ThreadPoolExecutor.getTask(ThreadPoolExecutor.java:1074)
        at java.util.concurrent.ThreadPoolExecutor.runWorker(ThreadPoolExecutor.java:1134)
        at java.util.concurrent.ThreadPoolExecutor$Worker.run(ThreadPoolExecutor.java:624)
        at java.lang.Thread.run(Thread.java:748)
"pool-46-thread-12"  prio=5 tid=343 in Object.wait()
java.lang.Thread.State: WAITING (on object monitor)
        at sun.misc.Unsafe.park(Native Method)
        at java.util.concurrent.locks.LockSupport.park(LockSupport.java:175)
        at java.util.concurrent.locks.AbstractQueuedSynchronizer$ConditionObject.await(AbstractQueuedSynchronizer.java:2039)
        at java.util.concurrent.ArrayBlockingQueue.take(ArrayBlockingQueue.java:403)
        at java.util.concurrent.ThreadPoolExecutor.getTask(ThreadPoolExecutor.java:1074)
        at java.util.concurrent.ThreadPoolExecutor.runWorker(ThreadPoolExecutor.java:1134)
        at java.util.concurrent.ThreadPoolExecutor$Worker.run(ThreadPoolExecutor.java:624)
        at java.lang.Thread.run(Thread.java:748)
"metrics-hadoop-metrics2-reporter-20-thread-1" daemon prio=5 tid=751 timed_waiting
java.lang.Thread.State: TIMED_WAITING
        at sun.misc.Unsafe.park(Native Method)
        at java.util.concurrent.locks.LockSupport.parkNanos(LockSupport.java:215)
        at java.util.concurrent.locks.AbstractQueuedSynchronizer$ConditionObject.awaitNanos(AbstractQueuedSynchronizer.java:2078)
        at java.util.concurrent.ScheduledThreadPoolExecutor$DelayedWorkQueue.take(ScheduledThreadPoolExecutor.java:1093)
        at java.util.concurrent.ScheduledThreadPoolExecutor$DelayedWorkQueue.take(ScheduledThreadPoolExecutor.java:809)
        at java.util.concurrent.ThreadPoolExecutor.getTask(ThreadPoolExecutor.java:1074)
        at java.util.concurrent.ThreadPoolExecutor.runWorker(ThreadPoolExecutor.java:1134)
        at java.util.concurrent.ThreadPoolExecutor$Worker.run(ThreadPoolExecutor.java:624)
        at java.lang.Thread.run(Thread.java:748)
"qtp1174596735-142" daemon prio=5 tid=142 timed_waiting
java.lang.Thread.State: TIMED_WAITING
        at sun.misc.Unsafe.park(Native Method)
        at java.util.concurrent.locks.LockSupport.parkNanos(LockSupport.java:215)
        at java.util.concurrent.locks.AbstractQueuedSynchronizer$ConditionObject.awaitNanos(AbstractQueuedSynchronizer.java:2078)
        at org.eclipse.jetty.util.BlockingArrayQueue.poll(BlockingArrayQueue.java:392)
        at org.eclipse.jetty.util.thread.QueuedThreadPool.idleJobPoll(QueuedThreadPool.java:563)
        at org.eclipse.jetty.util.thread.QueuedThreadPool.access$800(QueuedThreadPool.java:48)
        at org.eclipse.jetty.util.thread.QueuedThreadPool$2.run(QueuedThreadPool.java:626)
        at java.lang.Thread.run(Thread.java:748)
"IPC Server idle connection scanner for port 42810" daemon prio=5 tid=110 timed_waiting
java.lang.Thread.State: TIMED_WAITING
        at java.lang.Object.wait(Native Method)
        at java.util.TimerThread.mainLoop(Timer.java:552)
        at java.util.TimerThread.run(Timer.java:505)
"IPC Server handler 6 on 33223" daemon prio=5 tid=56 timed_waiting
java.lang.Thread.State: TIMED_WAITING
        at sun.misc.Unsafe.park(Native Method)
        at java.util.concurrent.locks.LockSupport.parkNanos(LockSupport.java:215)
        at java.util.concurrent.locks.AbstractQueuedSynchronizer$ConditionObject.awaitNanos(AbstractQueuedSynchronizer.java:2078)
        at java.util.concurrent.LinkedBlockingQueue.poll(LinkedBlockingQueue.java:467)
        at org.apache.hadoop.ipc.CallQueueManager.take(CallQueueManager.java:288)
        at org.apache.hadoop.ipc.Server$Handler.run(Server.java:2668)
"metrics-hadoop-metrics2-reporter-40-thread-1" daemon prio=5 tid=815 timed_waiting
java.lang.Thread.State: TIMED_WAITING
        at sun.misc.Unsafe.park(Native Method)
        at java.util.concurrent.locks.LockSupport.parkNanos(LockSupport.java:215)
        at java.util.concurrent.locks.AbstractQueuedSynchronizer$ConditionObject.awaitNanos(AbstractQueuedSynchronizer.java:2078)
        at java.util.concurrent.ScheduledThreadPoolExecutor$DelayedWorkQueue.take(ScheduledThreadPoolExecutor.java:1093)
        at java.util.concurrent.ScheduledThreadPoolExecutor$DelayedWorkQueue.take(ScheduledThreadPoolExecutor.java:809)
        at java.util.concurrent.ThreadPoolExecutor.getTask(ThreadPoolExecutor.java:1074)
        at java.util.concurrent.ThreadPoolExecutor.runWorker(ThreadPoolExecutor.java:1134)
        at java.util.concurrent.ThreadPoolExecutor$Worker.run(ThreadPoolExecutor.java:624)
        at java.lang.Thread.run(Thread.java:748)
"metrics-hadoop-metrics2-reporter-2-thread-1" daemon prio=5 tid=706 timed_waiting
java.lang.Thread.State: TIMED_WAITING
        at sun.misc.Unsafe.park(Native Method)
        at java.util.concurrent.locks.LockSupport.parkNanos(LockSupport.java:215)
        at java.util.concurrent.locks.AbstractQueuedSynchronizer$ConditionObject.awaitNanos(AbstractQueuedSynchronizer.java:2078)
        at java.util.concurrent.ScheduledThreadPoolExecutor$DelayedWorkQueue.take(ScheduledThreadPoolExecutor.java:1093)
        at java.util.concurrent.ScheduledThreadPoolExecutor$DelayedWorkQueue.take(ScheduledThreadPoolExecutor.java:809)
        at java.util.concurrent.ThreadPoolExecutor.getTask(ThreadPoolExecutor.java:1074)
        at java.util.concurrent.ThreadPoolExecutor.runWorker(ThreadPoolExecutor.java:1134)
        at java.util.concurrent.ThreadPoolExecutor$Worker.run(ThreadPoolExecutor.java:624)
        at java.lang.Thread.run(Thread.java:748)
"pool-46-thread-47"  prio=5 tid=436 in Object.wait()
java.lang.Thread.State: WAITING (on object monitor)
        at sun.misc.Unsafe.park(Native Method)
        at java.util.concurrent.locks.LockSupport.park(LockSupport.java:175)
        at java.util.concurrent.locks.AbstractQueuedSynchronizer$ConditionObject.await(AbstractQueuedSynchronizer.java:2039)
        at java.util.concurrent.ArrayBlockingQueue.take(ArrayBlockingQueue.java:403)
        at java.util.concurrent.ThreadPoolExecutor.getTask(ThreadPoolExecutor.java:1074)
        at java.util.concurrent.ThreadPoolExecutor.runWorker(ThreadPoolExecutor.java:1134)
        at java.util.concurrent.ThreadPoolExecutor$Worker.run(ThreadPoolExecutor.java:624)
        at java.lang.Thread.run(Thread.java:748)
"pool-46-thread-44"  prio=5 tid=429 in Object.wait()
java.lang.Thread.State: WAITING (on object monitor)
        at sun.misc.Unsafe.park(Native Method)
        at java.util.concurrent.locks.LockSupport.park(LockSupport.java:175)
        at java.util.concurrent.locks.AbstractQueuedSynchronizer$ConditionObject.await(AbstractQueuedSynchronizer.java:2039)
        at java.util.concurrent.ArrayBlockingQueue.take(ArrayBlockingQueue.java:403)
        at java.util.concurrent.ThreadPoolExecutor.getTask(ThreadPoolExecutor.java:1074)
        at java.util.concurrent.ThreadPoolExecutor.runWorker(ThreadPoolExecutor.java:1134)
        at java.util.concurrent.ThreadPoolExecutor$Worker.run(ThreadPoolExecutor.java:624)
        at java.lang.Thread.run(Thread.java:748)
"prometheus" daemon prio=5 tid=101 in Object.wait()
java.lang.Thread.State: WAITING (on object monitor)
        at java.lang.Object.wait(Native Method)
        at java.lang.Object.wait(Object.java:502)
        at org.apache.hadoop.metrics2.impl.SinkQueue.waitForData(SinkQueue.java:114)
        at org.apache.hadoop.metrics2.impl.SinkQueue.consumeAll(SinkQueue.java:83)
        at org.apache.hadoop.metrics2.impl.MetricsSinkAdapter.publishMetricsFromQueue(MetricsSinkAdapter.java:135)
        at org.apache.hadoop.metrics2.impl.MetricsSinkAdapter$1.run(MetricsSinkAdapter.java:89)
"pool-40-thread-1"  prio=5 tid=186 timed_waiting
java.lang.Thread.State: TIMED_WAITING
        at sun.misc.Unsafe.park(Native Method)
        at java.util.concurrent.locks.LockSupport.parkNanos(LockSupport.java:215)
        at java.util.concurrent.locks.AbstractQueuedSynchronizer$ConditionObject.awaitNanos(AbstractQueuedSynchronizer.java:2078)
        at java.util.concurrent.ScheduledThreadPoolExecutor$DelayedWorkQueue.take(ScheduledThreadPoolExecutor.java:1093)
        at java.util.concurrent.ScheduledThreadPoolExecutor$DelayedWorkQueue.take(ScheduledThreadPoolExecutor.java:809)
        at java.util.concurrent.ThreadPoolExecutor.getTask(ThreadPoolExecutor.java:1074)
        at java.util.concurrent.ThreadPoolExecutor.runWorker(ThreadPoolExecutor.java:1134)
        at java.util.concurrent.ThreadPoolExecutor$Worker.run(ThreadPoolExecutor.java:624)
        at java.lang.Thread.run(Thread.java:748)
"pool-46-thread-21"  prio=5 tid=367 in Object.wait()
java.lang.Thread.State: WAITING (on object monitor)
        at sun.misc.Unsafe.park(Native Method)
        at java.util.concurrent.locks.LockSupport.park(LockSupport.java:175)
        at java.util.concurrent.locks.AbstractQueuedSynchronizer$ConditionObject.await(AbstractQueuedSynchronizer.java:2039)
        at java.util.concurrent.ArrayBlockingQueue.take(ArrayBlockingQueue.java:403)
        at java.util.concurrent.ThreadPoolExecutor.getTask(ThreadPoolExecutor.java:1074)
        at java.util.concurrent.ThreadPoolExecutor.runWorker(ThreadPoolExecutor.java:1134)
        at java.util.concurrent.ThreadPoolExecutor$Worker.run(ThreadPoolExecutor.java:624)
        at java.lang.Thread.run(Thread.java:748)
"qtp559644343-295" daemon prio=5 tid=295 runnable
java.lang.Thread.State: RUNNABLE
        at sun.nio.ch.EPollArrayWrapper.epollWait(Native Method)
        at sun.nio.ch.EPollArrayWrapper.poll(EPollArrayWrapper.java:269)
        at sun.nio.ch.EPollSelectorImpl.doSelect(EPollSelectorImpl.java:93)
        at sun.nio.ch.SelectorImpl.lockAndDoSelect(SelectorImpl.java:86)
        at sun.nio.ch.SelectorImpl.select(SelectorImpl.java:97)
        at sun.nio.ch.SelectorImpl.select(SelectorImpl.java:101)
        at org.eclipse.jetty.io.ManagedSelector$SelectorProducer.select(ManagedSelector.java:243)
        at org.eclipse.jetty.io.ManagedSelector$SelectorProducer.produce(ManagedSelector.java:191)
        at org.eclipse.jetty.util.thread.strategy.ExecuteProduceConsume.executeProduceConsume(ExecuteProduceConsume.java:249)
        at org.eclipse.jetty.util.thread.strategy.ExecuteProduceConsume.produceConsume(ExecuteProduceConsume.java:148)
        at org.eclipse.jetty.util.thread.strategy.ExecuteProduceConsume.execute(ExecuteProduceConsume.java:100)
        at org.eclipse.jetty.io.ManagedSelector.run(ManagedSelector.java:147)
        at org.eclipse.jetty.util.thread.QueuedThreadPool.runJob(QueuedThreadPool.java:671)
        at org.eclipse.jetty.util.thread.QueuedThreadPool$2.run(QueuedThreadPool.java:589)
        at java.lang.Thread.run(Thread.java:748)
"pool-26-thread-15"  prio=5 tid=366 in Object.wait()
java.lang.Thread.State: WAITING (on object monitor)
        at sun.misc.Unsafe.park(Native Method)
        at java.util.concurrent.locks.LockSupport.park(LockSupport.java:175)
        at java.util.concurrent.locks.AbstractQueuedSynchronizer$ConditionObject.await(AbstractQueuedSynchronizer.java:2039)
        at java.util.concurrent.ArrayBlockingQueue.take(ArrayBlockingQueue.java:403)
        at java.util.concurrent.ThreadPoolExecutor.getTask(ThreadPoolExecutor.java:1074)
        at java.util.concurrent.ThreadPoolExecutor.runWorker(ThreadPoolExecutor.java:1134)
        at java.util.concurrent.ThreadPoolExecutor$Worker.run(ThreadPoolExecutor.java:624)
        at java.lang.Thread.run(Thread.java:748)
"pool-56-thread-23"  prio=5 tid=517 in Object.wait()
java.lang.Thread.State: WAITING (on object monitor)
        at sun.misc.Unsafe.park(Native Method)
        at java.util.concurrent.locks.LockSupport.park(LockSupport.java:175)
        at java.util.concurrent.locks.AbstractQueuedSynchronizer$ConditionObject.await(AbstractQueuedSynchronizer.java:2039)
        at java.util.concurrent.ArrayBlockingQueue.take(ArrayBlockingQueue.java:403)
        at java.util.concurrent.ThreadPoolExecutor.getTask(ThreadPoolExecutor.java:1074)
        at java.util.concurrent.ThreadPoolExecutor.runWorker(ThreadPoolExecutor.java:1134)
        at java.util.concurrent.ThreadPoolExecutor$Worker.run(ThreadPoolExecutor.java:624)
        at java.lang.Thread.run(Thread.java:748)
"pool-56-thread-32"  prio=5 tid=526 in Object.wait()
java.lang.Thread.State: WAITING (on object monitor)
        at sun.misc.Unsafe.park(Native Method)
        at java.util.concurrent.locks.LockSupport.park(LockSupport.java:175)
        at java.util.concurrent.locks.AbstractQueuedSynchronizer$ConditionObject.await(AbstractQueuedSynchronizer.java:2039)
        at java.util.concurrent.ArrayBlockingQueue.take(ArrayBlockingQueue.java:403)
        at java.util.concurrent.ThreadPoolExecutor.getTask(ThreadPoolExecutor.java:1074)
        at java.util.concurrent.ThreadPoolExecutor.runWorker(ThreadPoolExecutor.java:1134)
        at java.util.concurrent.ThreadPoolExecutor$Worker.run(ThreadPoolExecutor.java:624)
        at java.lang.Thread.run(Thread.java:748)
"pool-56-thread-33"  prio=5 tid=527 in Object.wait()
java.lang.Thread.State: WAITING (on object monitor)
        at sun.misc.Unsafe.park(Native Method)
        at java.util.concurrent.locks.LockSupport.park(LockSupport.java:175)
        at java.util.concurrent.locks.AbstractQueuedSynchronizer$ConditionObject.await(AbstractQueuedSynchronizer.java:2039)
        at java.util.concurrent.ArrayBlockingQueue.take(ArrayBlockingQueue.java:403)
        at java.util.concurrent.ThreadPoolExecutor.getTask(ThreadPoolExecutor.java:1074)
        at java.util.concurrent.ThreadPoolExecutor.runWorker(ThreadPoolExecutor.java:1134)
        at java.util.concurrent.ThreadPoolExecutor$Worker.run(ThreadPoolExecutor.java:624)
        at java.lang.Thread.run(Thread.java:748)
"IPC Server handler 1 on 42372" daemon prio=5 tid=71 timed_waiting
java.lang.Thread.State: TIMED_WAITING
        at sun.misc.Unsafe.park(Native Method)
        at java.util.concurrent.locks.LockSupport.parkNanos(LockSupport.java:215)
        at java.util.concurrent.locks.AbstractQueuedSynchronizer$ConditionObject.awaitNanos(AbstractQueuedSynchronizer.java:2078)
        at java.util.concurrent.LinkedBlockingQueue.poll(LinkedBlockingQueue.java:467)
        at org.apache.hadoop.ipc.CallQueueManager.take(CallQueueManager.java:288)
        at org.apache.hadoop.ipc.Server$Handler.run(Server.java:2668)
"pool-46-thread-49"  prio=5 tid=442 in Object.wait()
java.lang.Thread.State: WAITING (on object monitor)
        at sun.misc.Unsafe.park(Native Method)
        at java.util.concurrent.locks.LockSupport.park(LockSupport.java:175)
        at java.util.concurrent.locks.AbstractQueuedSynchronizer$ConditionObject.await(AbstractQueuedSynchronizer.java:2039)
        at java.util.concurrent.ArrayBlockingQueue.take(ArrayBlockingQueue.java:403)
        at java.util.concurrent.ThreadPoolExecutor.getTask(ThreadPoolExecutor.java:1074)
        at java.util.concurrent.ThreadPoolExecutor.runWorker(ThreadPoolExecutor.java:1134)
        at java.util.concurrent.ThreadPoolExecutor$Worker.run(ThreadPoolExecutor.java:624)
        at java.lang.Thread.run(Thread.java:748)
"process reaper" daemon prio=10 tid=10 timed_waiting
java.lang.Thread.State: TIMED_WAITING
        at sun.misc.Unsafe.park(Native Method)
        at java.util.concurrent.locks.LockSupport.parkNanos(LockSupport.java:215)
        at java.util.concurrent.SynchronousQueue$TransferStack.awaitFulfill(SynchronousQueue.java:460)
        at java.util.concurrent.SynchronousQueue$TransferStack.transfer(SynchronousQueue.java:362)
        at java.util.concurrent.SynchronousQueue.poll(SynchronousQueue.java:941)
        at java.util.concurrent.ThreadPoolExecutor.getTask(ThreadPoolExecutor.java:1073)
        at java.util.concurrent.ThreadPoolExecutor.runWorker(ThreadPoolExecutor.java:1134)
        at java.util.concurrent.ThreadPoolExecutor$Worker.run(ThreadPoolExecutor.java:624)
        at java.lang.Thread.run(Thread.java:748)
"IPC Server handler 16 on 45420" daemon prio=5 tid=46 timed_waiting
java.lang.Thread.State: TIMED_WAITING
        at sun.misc.Unsafe.park(Native Method)
        at java.util.concurrent.locks.LockSupport.parkNanos(LockSupport.java:215)
        at java.util.concurrent.locks.AbstractQueuedSynchronizer$ConditionObject.awaitNanos(AbstractQueuedSynchronizer.java:2078)
        at java.util.concurrent.LinkedBlockingQueue.poll(LinkedBlockingQueue.java:467)
        at org.apache.hadoop.ipc.CallQueueManager.take(CallQueueManager.java:288)
        at org.apache.hadoop.ipc.Server$Handler.run(Server.java:2668)
"pool-46-thread-48"  prio=5 tid=441 in Object.wait()
java.lang.Thread.State: WAITING (on object monitor)
        at sun.misc.Unsafe.park(Native Method)
        at java.util.concurrent.locks.LockSupport.park(LockSupport.java:175)
        at java.util.concurrent.locks.AbstractQueuedSynchronizer$ConditionObject.await(AbstractQueuedSynchronizer.java:2039)
        at java.util.concurrent.ArrayBlockingQueue.take(ArrayBlockingQueue.java:403)
        at java.util.concurrent.ThreadPoolExecutor.getTask(ThreadPoolExecutor.java:1074)
        at java.util.concurrent.ThreadPoolExecutor.runWorker(ThreadPoolExecutor.java:1134)
        at java.util.concurrent.ThreadPoolExecutor$Worker.run(ThreadPoolExecutor.java:624)
        at java.lang.Thread.run(Thread.java:748)
"pool-46-thread-17"  prio=5 tid=357 in Object.wait()
java.lang.Thread.State: WAITING (on object monitor)
        at sun.misc.Unsafe.park(Native Method)
        at java.util.concurrent.locks.LockSupport.park(LockSupport.java:175)
        at java.util.concurrent.locks.AbstractQueuedSynchronizer$ConditionObject.await(AbstractQueuedSynchronizer.java:2039)
        at java.util.concurrent.ArrayBlockingQueue.take(ArrayBlockingQueue.java:403)
        at java.util.concurrent.ThreadPoolExecutor.getTask(ThreadPoolExecutor.java:1074)
        at java.util.concurrent.ThreadPoolExecutor.runWorker(ThreadPoolExecutor.java:1134)
        at java.util.concurrent.ThreadPoolExecutor$Worker.run(ThreadPoolExecutor.java:624)
        at java.lang.Thread.run(Thread.java:748)
"org.eclipse.jetty.server.session.HashSessionManager@7d3cb726Timer" daemon prio=5 tid=250 timed_waiting
java.lang.Thread.State: TIMED_WAITING
        at sun.misc.Unsafe.park(Native Method)
        at java.util.concurrent.locks.LockSupport.parkNanos(LockSupport.java:215)
        at java.util.concurrent.locks.AbstractQueuedSynchronizer$ConditionObject.awaitNanos(AbstractQueuedSynchronizer.java:2078)
        at java.util.concurrent.ScheduledThreadPoolExecutor$DelayedWorkQueue.take(ScheduledThreadPoolExecutor.java:1093)
        at java.util.concurrent.ScheduledThreadPoolExecutor$DelayedWorkQueue.take(ScheduledThreadPoolExecutor.java:809)
        at java.util.concurrent.ThreadPoolExecutor.getTask(ThreadPoolExecutor.java:1074)
        at java.util.concurrent.ThreadPoolExecutor.runWorker(ThreadPoolExecutor.java:1134)
        at java.util.concurrent.ThreadPoolExecutor$Worker.run(ThreadPoolExecutor.java:624)
        at java.lang.Thread.run(Thread.java:748)
"pool-26-thread-7"  prio=5 tid=345 in Object.wait()
java.lang.Thread.State: WAITING (on object monitor)
        at sun.misc.Unsafe.park(Native Method)
        at java.util.concurrent.locks.LockSupport.park(LockSupport.java:175)
        at java.util.concurrent.locks.AbstractQueuedSynchronizer$ConditionObject.await(AbstractQueuedSynchronizer.java:2039)
        at java.util.concurrent.ArrayBlockingQueue.take(ArrayBlockingQueue.java:403)
        at java.util.concurrent.ThreadPoolExecutor.getTask(ThreadPoolExecutor.java:1074)
        at java.util.concurrent.ThreadPoolExecutor.runWorker(ThreadPoolExecutor.java:1134)
        at java.util.concurrent.ThreadPoolExecutor$Worker.run(ThreadPoolExecutor.java:624)
        at java.lang.Thread.run(Thread.java:748)
"qtp1937022909-272" daemon prio=5 tid=272 timed_waiting
java.lang.Thread.State: TIMED_WAITING
        at sun.misc.Unsafe.park(Native Method)
        at java.util.concurrent.locks.LockSupport.parkNanos(LockSupport.java:215)
        at java.util.concurrent.locks.AbstractQueuedSynchronizer$ConditionObject.awaitNanos(AbstractQueuedSynchronizer.java:2078)
        at org.eclipse.jetty.util.BlockingArrayQueue.poll(BlockingArrayQueue.java:392)
        at org.eclipse.jetty.util.thread.QueuedThreadPool.idleJobPoll(QueuedThreadPool.java:563)
        at org.eclipse.jetty.util.thread.QueuedThreadPool.access$800(QueuedThreadPool.java:48)
        at org.eclipse.jetty.util.thread.QueuedThreadPool$2.run(QueuedThreadPool.java:626)
        at java.lang.Thread.run(Thread.java:748)
"DataNode DiskChecker thread 0" daemon prio=5 tid=291 timed_waiting
java.lang.Thread.State: TIMED_WAITING
        at sun.misc.Unsafe.park(Native Method)
        at java.util.concurrent.locks.LockSupport.parkNanos(LockSupport.java:215)
        at java.util.concurrent.SynchronousQueue$TransferStack.awaitFulfill(SynchronousQueue.java:460)
        at java.util.concurrent.SynchronousQueue$TransferStack.transfer(SynchronousQueue.java:362)
        at java.util.concurrent.SynchronousQueue.poll(SynchronousQueue.java:941)
        at java.util.concurrent.ThreadPoolExecutor.getTask(ThreadPoolExecutor.java:1073)
        at java.util.concurrent.ThreadPoolExecutor.runWorker(ThreadPoolExecutor.java:1134)
        at java.util.concurrent.ThreadPoolExecutor$Worker.run(ThreadPoolExecutor.java:624)
        at java.lang.Thread.run(Thread.java:748)
"grpc-default-executor-0" daemon prio=5 tid=698 timed_waiting
java.lang.Thread.State: TIMED_WAITING
        at sun.misc.Unsafe.park(Native Method)
        at java.util.concurrent.locks.LockSupport.parkNanos(LockSupport.java:215)
        at java.util.concurrent.SynchronousQueue$TransferStack.awaitFulfill(SynchronousQueue.java:460)
        at java.util.concurrent.SynchronousQueue$TransferStack.transfer(SynchronousQueue.java:362)
        at java.util.concurrent.SynchronousQueue.poll(SynchronousQueue.java:941)
        at java.util.concurrent.ThreadPoolExecutor.getTask(ThreadPoolExecutor.java:1073)
        at java.util.concurrent.ThreadPoolExecutor.runWorker(ThreadPoolExecutor.java:1134)
        at java.util.concurrent.ThreadPoolExecutor$Worker.run(ThreadPoolExecutor.java:624)
        at java.lang.Thread.run(Thread.java:748)
"pool-26-thread-35"  prio=5 tid=444 in Object.wait()
java.lang.Thread.State: WAITING (on object monitor)
        at sun.misc.Unsafe.park(Native Method)
        at java.util.concurrent.locks.LockSupport.park(LockSupport.java:175)
        at java.util.concurrent.locks.AbstractQueuedSynchronizer$ConditionObject.await(AbstractQueuedSynchronizer.java:2039)
        at java.util.concurrent.ArrayBlockingQueue.take(ArrayBlockingQueue.java:403)
        at java.util.concurrent.ThreadPoolExecutor.getTask(ThreadPoolExecutor.java:1074)
        at java.util.concurrent.ThreadPoolExecutor.runWorker(ThreadPoolExecutor.java:1134)
        at java.util.concurrent.ThreadPoolExecutor$Worker.run(ThreadPoolExecutor.java:624)
        at java.lang.Thread.run(Thread.java:748)
"pool-66-thread-13"  prio=5 tid=572 in Object.wait()
java.lang.Thread.State: WAITING (on object monitor)
        at sun.misc.Unsafe.park(Native Method)
        at java.util.concurrent.locks.LockSupport.park(LockSupport.java:175)
        at java.util.concurrent.locks.AbstractQueuedSynchronizer$ConditionObject.await(AbstractQueuedSynchronizer.java:2039)
        at java.util.concurrent.ArrayBlockingQueue.take(ArrayBlockingQueue.java:403)
        at java.util.concurrent.ThreadPoolExecutor.getTask(ThreadPoolExecutor.java:1074)
        at java.util.concurrent.ThreadPoolExecutor.runWorker(ThreadPoolExecutor.java:1134)
        at java.util.concurrent.ThreadPoolExecutor$Worker.run(ThreadPoolExecutor.java:624)
        at java.lang.Thread.run(Thread.java:748)
"pool-46-thread-37"  prio=5 tid=409 in Object.wait()
java.lang.Thread.State: WAITING (on object monitor)
        at sun.misc.Unsafe.park(Native Method)
        at java.util.concurrent.locks.LockSupport.park(LockSupport.java:175)
        at java.util.concurrent.locks.AbstractQueuedSynchronizer$ConditionObject.await(AbstractQueuedSynchronizer.java:2039)
        at java.util.concurrent.ArrayBlockingQueue.take(ArrayBlockingQueue.java:403)
        at java.util.concurrent.ThreadPoolExecutor.getTask(ThreadPoolExecutor.java:1074)
        at java.util.concurrent.ThreadPoolExecutor.runWorker(ThreadPoolExecutor.java:1134)
        at java.util.concurrent.ThreadPoolExecutor$Worker.run(ThreadPoolExecutor.java:624)
        at java.lang.Thread.run(Thread.java:748)
"920a4478-64f4-4720-983c-9a2102f3c94b@group-EE70740DC1AF-StateMachineUpdater" daemon prio=5 tid=718 in Object.wait()
java.lang.Thread.State: WAITING (on object monitor)
        at java.lang.Object.wait(Native Method)
        at java.lang.Object.wait(Object.java:502)
        at org.apache.ratis.server.impl.StateMachineUpdater.waitForCommit(StateMachineUpdater.java:194)
        at org.apache.ratis.server.impl.StateMachineUpdater.run(StateMachineUpdater.java:159)
        at java.lang.Thread.run(Thread.java:748)
"pool-54-thread-1" daemon prio=5 tid=238 timed_waiting
java.lang.Thread.State: TIMED_WAITING
        at sun.misc.Unsafe.park(Native Method)
        at java.util.concurrent.locks.LockSupport.parkNanos(LockSupport.java:215)
        at java.util.concurrent.locks.AbstractQueuedSynchronizer$ConditionObject.awaitNanos(AbstractQueuedSynchronizer.java:2078)
        at java.util.concurrent.ScheduledThreadPoolExecutor$DelayedWorkQueue.take(ScheduledThreadPoolExecutor.java:1093)
        at java.util.concurrent.ScheduledThreadPoolExecutor$DelayedWorkQueue.take(ScheduledThreadPoolExecutor.java:809)
        at java.util.concurrent.ThreadPoolExecutor.getTask(ThreadPoolExecutor.java:1074)
        at java.util.concurrent.ThreadPoolExecutor.runWorker(ThreadPoolExecutor.java:1134)
        at java.util.concurrent.ThreadPoolExecutor$Worker.run(ThreadPoolExecutor.java:624)
        at java.lang.Thread.run(Thread.java:748)
"pool-46-thread-57"  prio=5 tid=468 in Object.wait()
java.lang.Thread.State: WAITING (on object monitor)
        at sun.misc.Unsafe.park(Native Method)
        at java.util.concurrent.locks.LockSupport.park(LockSupport.java:175)
        at java.util.concurrent.locks.AbstractQueuedSynchronizer$ConditionObject.await(AbstractQueuedSynchronizer.java:2039)
        at java.util.concurrent.ArrayBlockingQueue.take(ArrayBlockingQueue.java:403)
        at java.util.concurrent.ThreadPoolExecutor.getTask(ThreadPoolExecutor.java:1074)
        at java.util.concurrent.ThreadPoolExecutor.runWorker(ThreadPoolExecutor.java:1134)
        at java.util.concurrent.ThreadPoolExecutor$Worker.run(ThreadPoolExecutor.java:624)
        at java.lang.Thread.run(Thread.java:748)
"pool-26-thread-44"  prio=5 tid=484 in Object.wait()
java.lang.Thread.State: WAITING (on object monitor)
        at sun.misc.Unsafe.park(Native Method)
        at java.util.concurrent.locks.LockSupport.park(LockSupport.java:175)
        at java.util.concurrent.locks.AbstractQueuedSynchronizer$ConditionObject.await(AbstractQueuedSynchronizer.java:2039)
        at java.util.concurrent.ArrayBlockingQueue.take(ArrayBlockingQueue.java:403)
        at java.util.concurrent.ThreadPoolExecutor.getTask(ThreadPoolExecutor.java:1074)
        at java.util.concurrent.ThreadPoolExecutor.runWorker(ThreadPoolExecutor.java:1134)
        at java.util.concurrent.ThreadPoolExecutor$Worker.run(ThreadPoolExecutor.java:624)
        at java.lang.Thread.run(Thread.java:748)
"DataNode DiskChecker thread 0" daemon prio=5 tid=237 timed_waiting
java.lang.Thread.State: TIMED_WAITING
        at sun.misc.Unsafe.park(Native Method)
        at java.util.concurrent.locks.LockSupport.parkNanos(LockSupport.java:215)
        at java.util.concurrent.SynchronousQueue$TransferStack.awaitFulfill(SynchronousQueue.java:460)
        at java.util.concurrent.SynchronousQueue$TransferStack.transfer(SynchronousQueue.java:362)
        at java.util.concurrent.SynchronousQueue.poll(SynchronousQueue.java:941)
        at java.util.concurrent.ThreadPoolExecutor.getTask(ThreadPoolExecutor.java:1073)
        at java.util.concurrent.ThreadPoolExecutor.runWorker(ThreadPoolExecutor.java:1134)
        at java.util.concurrent.ThreadPoolExecutor$Worker.run(ThreadPoolExecutor.java:624)
        at java.lang.Thread.run(Thread.java:748)
"pool-26-thread-51"  prio=5 tid=497 in Object.wait()
java.lang.Thread.State: WAITING (on object monitor)
        at sun.misc.Unsafe.park(Native Method)
        at java.util.concurrent.locks.LockSupport.park(LockSupport.java:175)
        at java.util.concurrent.locks.AbstractQueuedSynchronizer$ConditionObject.await(AbstractQueuedSynchronizer.java:2039)
        at java.util.concurrent.ArrayBlockingQueue.take(ArrayBlockingQueue.java:403)
        at java.util.concurrent.ThreadPoolExecutor.getTask(ThreadPoolExecutor.java:1074)
        at java.util.concurrent.ThreadPoolExecutor.runWorker(ThreadPoolExecutor.java:1134)
        at java.util.concurrent.ThreadPoolExecutor$Worker.run(ThreadPoolExecutor.java:624)
        at java.lang.Thread.run(Thread.java:748)
"metrics-hadoop-metrics2-reporter-77-thread-1" daemon prio=5 tid=1022 timed_waiting
java.lang.Thread.State: TIMED_WAITING
        at sun.misc.Unsafe.park(Native Method)
        at java.util.concurrent.locks.LockSupport.parkNanos(LockSupport.java:215)
        at java.util.concurrent.locks.AbstractQueuedSynchronizer$ConditionObject.awaitNanos(AbstractQueuedSynchronizer.java:2078)
        at java.util.concurrent.ScheduledThreadPoolExecutor$DelayedWorkQueue.take(ScheduledThreadPoolExecutor.java:1093)
        at java.util.concurrent.ScheduledThreadPoolExecutor$DelayedWorkQueue.take(ScheduledThreadPoolExecutor.java:809)
        at java.util.concurrent.ThreadPoolExecutor.getTask(ThreadPoolExecutor.java:1074)
        at java.util.concurrent.ThreadPoolExecutor.runWorker(ThreadPoolExecutor.java:1134)
        at java.util.concurrent.ThreadPoolExecutor$Worker.run(ThreadPoolExecutor.java:624)
        at java.lang.Thread.run(Thread.java:748)
"java.util.concurrent.ThreadPoolExecutor$Worker@38b4ea7a[State = -1, empty queue]" daemon prio=5 tid=862 timed_waiting
java.lang.Thread.State: TIMED_WAITING
        at sun.misc.Unsafe.park(Native Method)
        at java.util.concurrent.locks.LockSupport.parkNanos(LockSupport.java:215)
        at java.util.concurrent.locks.AbstractQueuedSynchronizer$ConditionObject.awaitNanos(AbstractQueuedSynchronizer.java:2078)
        at java.util.concurrent.ScheduledThreadPoolExecutor$DelayedWorkQueue.take(ScheduledThreadPoolExecutor.java:1093)
        at java.util.concurrent.ScheduledThreadPoolExecutor$DelayedWorkQueue.take(ScheduledThreadPoolExecutor.java:809)
        at java.util.concurrent.ThreadPoolExecutor.getTask(ThreadPoolExecutor.java:1074)
        at java.util.concurrent.ThreadPoolExecutor.runWorker(ThreadPoolExecutor.java:1134)
        at java.util.concurrent.ThreadPoolExecutor$Worker.run(ThreadPoolExecutor.java:624)
        at java.lang.Thread.run(Thread.java:748)
"pool-56-thread-6"  prio=5 tid=482 in Object.wait()
java.lang.Thread.State: WAITING (on object monitor)
        at sun.misc.Unsafe.park(Native Method)
        at java.util.concurrent.locks.LockSupport.park(LockSupport.java:175)
        at java.util.concurrent.locks.AbstractQueuedSynchronizer$ConditionObject.await(AbstractQueuedSynchronizer.java:2039)
        at java.util.concurrent.ArrayBlockingQueue.take(ArrayBlockingQueue.java:403)
        at java.util.concurrent.ThreadPoolExecutor.getTask(ThreadPoolExecutor.java:1074)
        at java.util.concurrent.ThreadPoolExecutor.runWorker(ThreadPoolExecutor.java:1134)
        at java.util.concurrent.ThreadPoolExecutor$Worker.run(ThreadPoolExecutor.java:624)
        at java.lang.Thread.run(Thread.java:748)
"pool-36-thread-54"  prio=5 tid=457 in Object.wait()
java.lang.Thread.State: WAITING (on object monitor)
        at sun.misc.Unsafe.park(Native Method)
        at java.util.concurrent.locks.LockSupport.park(LockSupport.java:175)
        at java.util.concurrent.locks.AbstractQueuedSynchronizer$ConditionObject.await(AbstractQueuedSynchronizer.java:2039)
        at java.util.concurrent.ArrayBlockingQueue.take(ArrayBlockingQueue.java:403)
        at java.util.concurrent.ThreadPoolExecutor.getTask(ThreadPoolExecutor.java:1074)
        at java.util.concurrent.ThreadPoolExecutor.runWorker(ThreadPoolExecutor.java:1134)
        at java.util.concurrent.ThreadPoolExecutor$Worker.run(ThreadPoolExecutor.java:624)
        at java.lang.Thread.run(Thread.java:748)
"pool-66-thread-20"  prio=5 tid=587 in Object.wait()
java.lang.Thread.State: WAITING (on object monitor)
        at sun.misc.Unsafe.park(Native Method)
        at java.util.concurrent.locks.LockSupport.park(LockSupport.java:175)
        at java.util.concurrent.locks.AbstractQueuedSynchronizer$ConditionObject.await(AbstractQueuedSynchronizer.java:2039)
        at java.util.concurrent.ArrayBlockingQueue.take(ArrayBlockingQueue.java:403)
        at java.util.concurrent.ThreadPoolExecutor.getTask(ThreadPoolExecutor.java:1074)
        at java.util.concurrent.ThreadPoolExecutor.runWorker(ThreadPoolExecutor.java:1134)
        at java.util.concurrent.ThreadPoolExecutor$Worker.run(ThreadPoolExecutor.java:624)
        at java.lang.Thread.run(Thread.java:748)
"metrics-hadoop-metrics2-reporter-6-thread-1" daemon prio=5 tid=716 timed_waiting
java.lang.Thread.State: TIMED_WAITING
        at sun.misc.Unsafe.park(Native Method)
        at java.util.concurrent.locks.LockSupport.parkNanos(LockSupport.java:215)
        at java.util.concurrent.locks.AbstractQueuedSynchronizer$ConditionObject.awaitNanos(AbstractQueuedSynchronizer.java:2078)
        at java.util.concurrent.ScheduledThreadPoolExecutor$DelayedWorkQueue.take(ScheduledThreadPoolExecutor.java:1093)
        at java.util.concurrent.ScheduledThreadPoolExecutor$DelayedWorkQueue.take(ScheduledThreadPoolExecutor.java:809)
        at java.util.concurrent.ThreadPoolExecutor.getTask(ThreadPoolExecutor.java:1074)
        at java.util.concurrent.ThreadPoolExecutor.runWorker(ThreadPoolExecutor.java:1134)
        at java.util.concurrent.ThreadPoolExecutor$Worker.run(ThreadPoolExecutor.java:624)
        at java.lang.Thread.run(Thread.java:748)
"pool-26-thread-59"  prio=5 tid=514 in Object.wait()
java.lang.Thread.State: WAITING (on object monitor)
        at sun.misc.Unsafe.park(Native Method)
        at java.util.concurrent.locks.LockSupport.park(LockSupport.java:175)
        at java.util.concurrent.locks.AbstractQueuedSynchronizer$ConditionObject.await(AbstractQueuedSynchronizer.java:2039)
        at java.util.concurrent.ArrayBlockingQueue.take(ArrayBlockingQueue.java:403)
        at java.util.concurrent.ThreadPoolExecutor.getTask(ThreadPoolExecutor.java:1074)
        at java.util.concurrent.ThreadPoolExecutor.runWorker(ThreadPoolExecutor.java:1134)
        at java.util.concurrent.ThreadPoolExecutor$Worker.run(ThreadPoolExecutor.java:624)
        at java.lang.Thread.run(Thread.java:748)
"pool-36-thread-20"  prio=5 tid=376 in Object.wait()
java.lang.Thread.State: WAITING (on object monitor)
        at sun.misc.Unsafe.park(Native Method)
        at java.util.concurrent.locks.LockSupport.park(LockSupport.java:175)
        at java.util.concurrent.locks.AbstractQueuedSynchronizer$ConditionObject.await(AbstractQueuedSynchronizer.java:2039)
        at java.util.concurrent.ArrayBlockingQueue.take(ArrayBlockingQueue.java:403)
        at java.util.concurrent.ThreadPoolExecutor.getTask(ThreadPoolExecutor.java:1074)
        at java.util.concurrent.ThreadPoolExecutor.runWorker(ThreadPoolExecutor.java:1134)
        at java.util.concurrent.ThreadPoolExecutor$Worker.run(ThreadPoolExecutor.java:624)
        at java.lang.Thread.run(Thread.java:748)
"Periodic HDDS volume checker"  prio=5 tid=207 timed_waiting
java.lang.Thread.State: TIMED_WAITING
        at sun.misc.Unsafe.park(Native Method)
        at java.util.concurrent.locks.LockSupport.parkNanos(LockSupport.java:215)
        at java.util.concurrent.locks.AbstractQueuedSynchronizer$ConditionObject.awaitNanos(AbstractQueuedSynchronizer.java:2078)
        at java.util.concurrent.ScheduledThreadPoolExecutor$DelayedWorkQueue.take(ScheduledThreadPoolExecutor.java:1093)
        at java.util.concurrent.ScheduledThreadPoolExecutor$DelayedWorkQueue.take(ScheduledThreadPoolExecutor.java:809)
        at java.util.concurrent.ThreadPoolExecutor.getTask(ThreadPoolExecutor.java:1074)
        at java.util.concurrent.ThreadPoolExecutor.runWorker(ThreadPoolExecutor.java:1134)
        at java.util.concurrent.ThreadPoolExecutor$Worker.run(ThreadPoolExecutor.java:624)
        at java.lang.Thread.run(Thread.java:748)
"pool-46-thread-56"  prio=5 tid=465 in Object.wait()
java.lang.Thread.State: WAITING (on object monitor)
        at sun.misc.Unsafe.park(Native Method)
        at java.util.concurrent.locks.LockSupport.park(LockSupport.java:175)
        at java.util.concurrent.locks.AbstractQueuedSynchronizer$ConditionObject.await(AbstractQueuedSynchronizer.java:2039)
        at java.util.concurrent.ArrayBlockingQueue.take(ArrayBlockingQueue.java:403)
        at java.util.concurrent.ThreadPoolExecutor.getTask(ThreadPoolExecutor.java:1074)
        at java.util.concurrent.ThreadPoolExecutor.runWorker(ThreadPoolExecutor.java:1134)
        at java.util.concurrent.ThreadPoolExecutor$Worker.run(ThreadPoolExecutor.java:624)
        at java.lang.Thread.run(Thread.java:748)
"pool-46-thread-45"  prio=5 tid=430 in Object.wait()
java.lang.Thread.State: WAITING (on object monitor)
        at sun.misc.Unsafe.park(Native Method)
        at java.util.concurrent.locks.LockSupport.park(LockSupport.java:175)
        at java.util.concurrent.locks.AbstractQueuedSynchronizer$ConditionObject.await(AbstractQueuedSynchronizer.java:2039)
        at java.util.concurrent.ArrayBlockingQueue.take(ArrayBlockingQueue.java:403)
        at java.util.concurrent.ThreadPoolExecutor.getTask(ThreadPoolExecutor.java:1074)
        at java.util.concurrent.ThreadPoolExecutor.runWorker(ThreadPoolExecutor.java:1134)
        at java.util.concurrent.ThreadPoolExecutor$Worker.run(ThreadPoolExecutor.java:624)
        at java.lang.Thread.run(Thread.java:748)
"metrics-hadoop-metrics2-reporter-76-thread-1" daemon prio=5 tid=1019 timed_waiting
java.lang.Thread.State: TIMED_WAITING
        at sun.misc.Unsafe.park(Native Method)
        at java.util.concurrent.locks.LockSupport.parkNanos(LockSupport.java:215)
        at java.util.concurrent.locks.AbstractQueuedSynchronizer$ConditionObject.awaitNanos(AbstractQueuedSynchronizer.java:2078)
        at java.util.concurrent.ScheduledThreadPoolExecutor$DelayedWorkQueue.take(ScheduledThreadPoolExecutor.java:1093)
        at java.util.concurrent.ScheduledThreadPoolExecutor$DelayedWorkQueue.take(ScheduledThreadPoolExecutor.java:809)
        at java.util.concurrent.ThreadPoolExecutor.getTask(ThreadPoolExecutor.java:1074)
        at java.util.concurrent.ThreadPoolExecutor.runWorker(ThreadPoolExecutor.java:1134)
        at java.util.concurrent.ThreadPoolExecutor$Worker.run(ThreadPoolExecutor.java:624)
        at java.lang.Thread.run(Thread.java:748)
"pool-56-thread-47"  prio=5 tid=541 in Object.wait()
java.lang.Thread.State: WAITING (on object monitor)
        at sun.misc.Unsafe.park(Native Method)
        at java.util.concurrent.locks.LockSupport.park(LockSupport.java:175)
        at java.util.concurrent.locks.AbstractQueuedSynchronizer$ConditionObject.await(AbstractQueuedSynchronizer.java:2039)
        at java.util.concurrent.ArrayBlockingQueue.take(ArrayBlockingQueue.java:403)
        at java.util.concurrent.ThreadPoolExecutor.getTask(ThreadPoolExecutor.java:1074)
        at java.util.concurrent.ThreadPoolExecutor.runWorker(ThreadPoolExecutor.java:1134)
        at java.util.concurrent.ThreadPoolExecutor$Worker.run(ThreadPoolExecutor.java:624)
        at java.lang.Thread.run(Thread.java:748)
"org.eclipse.jetty.server.session.HashSessionManager@170e54d7Timer" daemon prio=5 tid=197 timed_waiting
java.lang.Thread.State: TIMED_WAITING
        at sun.misc.Unsafe.park(Native Method)
        at java.util.concurrent.locks.LockSupport.parkNanos(LockSupport.java:215)
        at java.util.concurrent.locks.AbstractQueuedSynchronizer$ConditionObject.awaitNanos(AbstractQueuedSynchronizer.java:2078)
        at java.util.concurrent.ScheduledThreadPoolExecutor$DelayedWorkQueue.take(ScheduledThreadPoolExecutor.java:1093)
        at java.util.concurrent.ScheduledThreadPoolExecutor$DelayedWorkQueue.take(ScheduledThreadPoolExecutor.java:809)
        at java.util.concurrent.ThreadPoolExecutor.getTask(ThreadPoolExecutor.java:1074)
        at java.util.concurrent.ThreadPoolExecutor.runWorker(ThreadPoolExecutor.java:1134)
        at java.util.concurrent.ThreadPoolExecutor$Worker.run(ThreadPoolExecutor.java:624)
        at java.lang.Thread.run(Thread.java:748)
"Datanode ReportManager Thread - 1" daemon prio=5 tid=200 in Object.wait()
java.lang.Thread.State: WAITING (on object monitor)
        at sun.misc.Unsafe.park(Native Method)
        at java.util.concurrent.locks.LockSupport.park(LockSupport.java:175)
        at java.util.concurrent.locks.AbstractQueuedSynchronizer$ConditionObject.await(AbstractQueuedSynchronizer.java:2039)
        at java.util.concurrent.ScheduledThreadPoolExecutor$DelayedWorkQueue.take(ScheduledThreadPoolExecutor.java:1088)
        at java.util.concurrent.ScheduledThreadPoolExecutor$DelayedWorkQueue.take(ScheduledThreadPoolExecutor.java:809)
        at java.util.concurrent.ThreadPoolExecutor.getTask(ThreadPoolExecutor.java:1074)
        at java.util.concurrent.ThreadPoolExecutor.runWorker(ThreadPoolExecutor.java:1134)
        at java.util.concurrent.ThreadPoolExecutor$Worker.run(ThreadPoolExecutor.java:624)
        at java.lang.Thread.run(Thread.java:748)
"IPC Parameter Sending Thread #1" daemon prio=5 tid=1059 timed_waiting
java.lang.Thread.State: TIMED_WAITING
        at sun.misc.Unsafe.park(Native Method)
        at java.util.concurrent.locks.LockSupport.parkNanos(LockSupport.java:215)
        at java.util.concurrent.SynchronousQueue$TransferStack.awaitFulfill(SynchronousQueue.java:460)
        at java.util.concurrent.SynchronousQueue$TransferStack.transfer(SynchronousQueue.java:362)
        at java.util.concurrent.SynchronousQueue.poll(SynchronousQueue.java:941)
        at java.util.concurrent.ThreadPoolExecutor.getTask(ThreadPoolExecutor.java:1073)
        at java.util.concurrent.ThreadPoolExecutor.runWorker(ThreadPoolExecutor.java:1134)
        at java.util.concurrent.ThreadPoolExecutor$Worker.run(ThreadPoolExecutor.java:624)
        at java.lang.Thread.run(Thread.java:748)
"pool-36-thread-30"  prio=5 tid=404 in Object.wait()
java.lang.Thread.State: WAITING (on object monitor)
        at sun.misc.Unsafe.park(Native Method)
        at java.util.concurrent.locks.LockSupport.park(LockSupport.java:175)
        at java.util.concurrent.locks.AbstractQueuedSynchronizer$ConditionObject.await(AbstractQueuedSynchronizer.java:2039)
        at java.util.concurrent.ArrayBlockingQueue.take(ArrayBlockingQueue.java:403)
        at java.util.concurrent.ThreadPoolExecutor.getTask(ThreadPoolExecutor.java:1074)
        at java.util.concurrent.ThreadPoolExecutor.runWorker(ThreadPoolExecutor.java:1134)
        at java.util.concurrent.ThreadPoolExecutor$Worker.run(ThreadPoolExecutor.java:624)
        at java.lang.Thread.run(Thread.java:748)
"pool-66-thread-59"  prio=5 tid=674 in Object.wait()
java.lang.Thread.State: WAITING (on object monitor)
        at sun.misc.Unsafe.park(Native Method)
        at java.util.concurrent.locks.LockSupport.park(LockSupport.java:175)
        at java.util.concurrent.locks.AbstractQueuedSynchronizer$ConditionObject.await(AbstractQueuedSynchronizer.java:2039)
        at java.util.concurrent.ArrayBlockingQueue.take(ArrayBlockingQueue.java:403)
        at java.util.concurrent.ThreadPoolExecutor.getTask(ThreadPoolExecutor.java:1074)
        at java.util.concurrent.ThreadPoolExecutor.runWorker(ThreadPoolExecutor.java:1134)
        at java.util.concurrent.ThreadPoolExecutor$Worker.run(ThreadPoolExecutor.java:624)
        at java.lang.Thread.run(Thread.java:748)
"IPC Server handler 12 on 33223" daemon prio=5 tid=62 timed_waiting
java.lang.Thread.State: TIMED_WAITING
        at sun.misc.Unsafe.park(Native Method)
        at java.util.concurrent.locks.LockSupport.parkNanos(LockSupport.java:215)
        at java.util.concurrent.locks.AbstractQueuedSynchronizer$ConditionObject.awaitNanos(AbstractQueuedSynchronizer.java:2078)
        at java.util.concurrent.LinkedBlockingQueue.poll(LinkedBlockingQueue.java:467)
        at org.apache.hadoop.ipc.CallQueueManager.take(CallQueueManager.java:288)
        at org.apache.hadoop.ipc.Server$Handler.run(Server.java:2668)
"pool-46-thread-50"  prio=5 tid=443 in Object.wait()
java.lang.Thread.State: WAITING (on object monitor)
        at sun.misc.Unsafe.park(Native Method)
        at java.util.concurrent.locks.LockSupport.park(LockSupport.java:175)
        at java.util.concurrent.locks.AbstractQueuedSynchronizer$ConditionObject.await(AbstractQueuedSynchronizer.java:2039)
        at java.util.concurrent.ArrayBlockingQueue.take(ArrayBlockingQueue.java:403)
        at java.util.concurrent.ThreadPoolExecutor.getTask(ThreadPoolExecutor.java:1074)
        at java.util.concurrent.ThreadPoolExecutor.runWorker(ThreadPoolExecutor.java:1134)
        at java.util.concurrent.ThreadPoolExecutor$Worker.run(ThreadPoolExecutor.java:624)
        at java.lang.Thread.run(Thread.java:748)
"metrics-hadoop-metrics2-reporter-41-thread-1" daemon prio=5 tid=819 timed_waiting
java.lang.Thread.State: TIMED_WAITING
        at sun.misc.Unsafe.park(Native Method)
        at java.util.concurrent.locks.LockSupport.parkNanos(LockSupport.java:215)
        at java.util.concurrent.locks.AbstractQueuedSynchronizer$ConditionObject.awaitNanos(AbstractQueuedSynchronizer.java:2078)
        at java.util.concurrent.ScheduledThreadPoolExecutor$DelayedWorkQueue.take(ScheduledThreadPoolExecutor.java:1093)
        at java.util.concurrent.ScheduledThreadPoolExecutor$DelayedWorkQueue.take(ScheduledThreadPoolExecutor.java:809)
        at java.util.concurrent.ThreadPoolExecutor.getTask(ThreadPoolExecutor.java:1074)
        at java.util.concurrent.ThreadPoolExecutor.runWorker(ThreadPoolExecutor.java:1134)
        at java.util.concurrent.ThreadPoolExecutor$Worker.run(ThreadPoolExecutor.java:624)
        at java.lang.Thread.run(Thread.java:748)
"metrics-hadoop-metrics2-reporter-28-thread-1" daemon prio=5 tid=768 timed_waiting
java.lang.Thread.State: TIMED_WAITING
        at sun.misc.Unsafe.park(Native Method)
        at java.util.concurrent.locks.LockSupport.parkNanos(LockSupport.java:215)
        at java.util.concurrent.locks.AbstractQueuedSynchronizer$ConditionObject.awaitNanos(AbstractQueuedSynchronizer.java:2078)
        at java.util.concurrent.ScheduledThreadPoolExecutor$DelayedWorkQueue.take(ScheduledThreadPoolExecutor.java:1093)
        at java.util.concurrent.ScheduledThreadPoolExecutor$DelayedWorkQueue.take(ScheduledThreadPoolExecutor.java:809)
        at java.util.concurrent.ThreadPoolExecutor.getTask(ThreadPoolExecutor.java:1074)
        at java.util.concurrent.ThreadPoolExecutor.runWorker(ThreadPoolExecutor.java:1134)
        at java.util.concurrent.ThreadPoolExecutor$Worker.run(ThreadPoolExecutor.java:624)
        at java.lang.Thread.run(Thread.java:748)
"qtp1937022909-274" daemon prio=5 tid=274 timed_waiting
java.lang.Thread.State: TIMED_WAITING
        at sun.misc.Unsafe.park(Native Method)
        at java.util.concurrent.locks.LockSupport.parkNanos(LockSupport.java:215)
        at java.util.concurrent.locks.AbstractQueuedSynchronizer$ConditionObject.awaitNanos(AbstractQueuedSynchronizer.java:2078)
        at org.eclipse.jetty.util.BlockingArrayQueue.poll(BlockingArrayQueue.java:392)
        at org.eclipse.jetty.util.thread.QueuedThreadPool.idleJobPoll(QueuedThreadPool.java:563)
        at org.eclipse.jetty.util.thread.QueuedThreadPool.access$800(QueuedThreadPool.java:48)
        at org.eclipse.jetty.util.thread.QueuedThreadPool$2.run(QueuedThreadPool.java:626)
        at java.lang.Thread.run(Thread.java:748)
"BlockDeletingService#0" daemon prio=5 tid=678 timed_waiting
java.lang.Thread.State: TIMED_WAITING
        at sun.misc.Unsafe.park(Native Method)
        at java.util.concurrent.locks.LockSupport.parkNanos(LockSupport.java:215)
        at java.util.concurrent.locks.AbstractQueuedSynchronizer$ConditionObject.awaitNanos(AbstractQueuedSynchronizer.java:2078)
        at java.util.concurrent.ScheduledThreadPoolExecutor$DelayedWorkQueue.take(ScheduledThreadPoolExecutor.java:1093)
        at java.util.concurrent.ScheduledThreadPoolExecutor$DelayedWorkQueue.take(ScheduledThreadPoolExecutor.java:809)
        at java.util.concurrent.ThreadPoolExecutor.getTask(ThreadPoolExecutor.java:1074)
        at java.util.concurrent.ThreadPoolExecutor.runWorker(ThreadPoolExecutor.java:1134)
        at java.util.concurrent.ThreadPoolExecutor$Worker.run(ThreadPoolExecutor.java:624)
        at java.lang.Thread.run(Thread.java:748)
"metrics-hadoop-metrics2-reporter-34-thread-1" daemon prio=5 tid=791 timed_waiting
java.lang.Thread.State: TIMED_WAITING
        at sun.misc.Unsafe.park(Native Method)
        at java.util.concurrent.locks.LockSupport.parkNanos(LockSupport.java:215)
        at java.util.concurrent.locks.AbstractQueuedSynchronizer$ConditionObject.awaitNanos(AbstractQueuedSynchronizer.java:2078)
        at java.util.concurrent.ScheduledThreadPoolExecutor$DelayedWorkQueue.take(ScheduledThreadPoolExecutor.java:1093)
        at java.util.concurrent.ScheduledThreadPoolExecutor$DelayedWorkQueue.take(ScheduledThreadPoolExecutor.java:809)
        at java.util.concurrent.ThreadPoolExecutor.getTask(ThreadPoolExecutor.java:1074)
        at java.util.concurrent.ThreadPoolExecutor.runWorker(ThreadPoolExecutor.java:1134)
        at java.util.concurrent.ThreadPoolExecutor$Worker.run(ThreadPoolExecutor.java:624)
        at java.lang.Thread.run(Thread.java:748)
"qtp2139397088-217" daemon prio=5 tid=217 timed_waiting
java.lang.Thread.State: TIMED_WAITING
        at sun.misc.Unsafe.park(Native Method)
        at java.util.concurrent.locks.LockSupport.parkNanos(LockSupport.java:215)
        at java.util.concurrent.locks.AbstractQueuedSynchronizer$ConditionObject.awaitNanos(AbstractQueuedSynchronizer.java:2078)
        at org.eclipse.jetty.util.BlockingArrayQueue.poll(BlockingArrayQueue.java:392)
        at org.eclipse.jetty.util.thread.QueuedThreadPool.idleJobPoll(QueuedThreadPool.java:563)
        at org.eclipse.jetty.util.thread.QueuedThreadPool.access$800(QueuedThreadPool.java:48)
        at org.eclipse.jetty.util.thread.QueuedThreadPool$2.run(QueuedThreadPool.java:626)
        at java.lang.Thread.run(Thread.java:748)
"pool-56-thread-41"  prio=5 tid=535 in Object.wait()
java.lang.Thread.State: WAITING (on object monitor)
        at sun.misc.Unsafe.park(Native Method)
        at java.util.concurrent.locks.LockSupport.park(LockSupport.java:175)
        at java.util.concurrent.locks.AbstractQueuedSynchronizer$ConditionObject.await(AbstractQueuedSynchronizer.java:2039)
        at java.util.concurrent.ArrayBlockingQueue.take(ArrayBlockingQueue.java:403)
        at java.util.concurrent.ThreadPoolExecutor.getTask(ThreadPoolExecutor.java:1074)
        at java.util.concurrent.ThreadPoolExecutor.runWorker(ThreadPoolExecutor.java:1134)
        at java.util.concurrent.ThreadPoolExecutor$Worker.run(ThreadPoolExecutor.java:624)
        at java.lang.Thread.run(Thread.java:748)
"Datanode State Machine Thread - 0" daemon prio=5 tid=198 timed_waiting
java.lang.Thread.State: TIMED_WAITING
        at java.lang.Thread.sleep(Native Method)
        at org.apache.hadoop.ozone.container.common.statemachine.DatanodeStateMachine.start(DatanodeStateMachine.java:191)
        at org.apache.hadoop.ozone.container.common.statemachine.DatanodeStateMachine.lambda$startDaemon$0(DatanodeStateMachine.java:349)
        at org.apache.hadoop.ozone.container.common.statemachine.DatanodeStateMachine$$Lambda$140/2066701670.run(Unknown Source)
        at java.lang.Thread.run(Thread.java:748)
"pool-36-thread-14"  prio=5 tid=351 in Object.wait()
java.lang.Thread.State: WAITING (on object monitor)
        at sun.misc.Unsafe.park(Native Method)
        at java.util.concurrent.locks.LockSupport.park(LockSupport.java:175)
        at java.util.concurrent.locks.AbstractQueuedSynchronizer$ConditionObject.await(AbstractQueuedSynchronizer.java:2039)
        at java.util.concurrent.ArrayBlockingQueue.take(ArrayBlockingQueue.java:403)
        at java.util.concurrent.ThreadPoolExecutor.getTask(ThreadPoolExecutor.java:1074)
        at java.util.concurrent.ThreadPoolExecutor.runWorker(ThreadPoolExecutor.java:1134)
        at java.util.concurrent.ThreadPoolExecutor$Worker.run(ThreadPoolExecutor.java:624)
        at java.lang.Thread.run(Thread.java:748)
"grpc-default-executor-1" daemon prio=5 tid=774 timed_waiting
java.lang.Thread.State: TIMED_WAITING
        at sun.misc.Unsafe.park(Native Method)
        at java.util.concurrent.locks.LockSupport.parkNanos(LockSupport.java:215)
        at java.util.concurrent.SynchronousQueue$TransferStack.awaitFulfill(SynchronousQueue.java:460)
        at java.util.concurrent.SynchronousQueue$TransferStack.transfer(SynchronousQueue.java:362)
        at java.util.concurrent.SynchronousQueue.poll(SynchronousQueue.java:941)
        at java.util.concurrent.ThreadPoolExecutor.getTask(ThreadPoolExecutor.java:1073)
        at java.util.concurrent.ThreadPoolExecutor.runWorker(ThreadPoolExecutor.java:1134)
        at java.util.concurrent.ThreadPoolExecutor$Worker.run(ThreadPoolExecutor.java:624)
        at java.lang.Thread.run(Thread.java:748)
"Socket Reader #1 for port 42810"  prio=5 tid=109 runnable
java.lang.Thread.State: RUNNABLE
        at sun.nio.ch.EPollArrayWrapper.epollWait(Native Method)
        at sun.nio.ch.EPollArrayWrapper.poll(EPollArrayWrapper.java:269)
        at sun.nio.ch.EPollSelectorImpl.doSelect(EPollSelectorImpl.java:93)
        at sun.nio.ch.SelectorImpl.lockAndDoSelect(SelectorImpl.java:86)
        at sun.nio.ch.SelectorImpl.select(SelectorImpl.java:97)
        at sun.nio.ch.SelectorImpl.select(SelectorImpl.java:101)
        at org.apache.hadoop.ipc.Server$Listener$Reader.doRunLoop(Server.java:1097)
        at org.apache.hadoop.ipc.Server$Listener$Reader.run(Server.java:1076)
"IPC Server handler 17 on 33223" daemon prio=5 tid=67 timed_waiting
java.lang.Thread.State: TIMED_WAITING
        at sun.misc.Unsafe.park(Native Method)
        at java.util.concurrent.locks.LockSupport.parkNanos(LockSupport.java:215)
        at java.util.concurrent.locks.AbstractQueuedSynchronizer$ConditionObject.awaitNanos(AbstractQueuedSynchronizer.java:2078)
        at java.util.concurrent.LinkedBlockingQueue.poll(LinkedBlockingQueue.java:467)
        at org.apache.hadoop.ipc.CallQueueManager.take(CallQueueManager.java:288)
        at org.apache.hadoop.ipc.Server$Handler.run(Server.java:2668)
"pool-56-thread-19"  prio=5 tid=511 in Object.wait()
java.lang.Thread.State: WAITING (on object monitor)
        at sun.misc.Unsafe.park(Native Method)
        at java.util.concurrent.locks.LockSupport.park(LockSupport.java:175)
        at java.util.concurrent.locks.AbstractQueuedSynchronizer$ConditionObject.await(AbstractQueuedSynchronizer.java:2039)
        at java.util.concurrent.ArrayBlockingQueue.take(ArrayBlockingQueue.java:403)
        at java.util.concurrent.ThreadPoolExecutor.getTask(ThreadPoolExecutor.java:1074)
        at java.util.concurrent.ThreadPoolExecutor.runWorker(ThreadPoolExecutor.java:1134)
        at java.util.concurrent.ThreadPoolExecutor$Worker.run(ThreadPoolExecutor.java:624)
        at java.lang.Thread.run(Thread.java:748)
"metrics-hadoop-metrics2-reporter-78-thread-1" daemon prio=5 tid=1024 timed_waiting
java.lang.Thread.State: TIMED_WAITING
        at sun.misc.Unsafe.park(Native Method)
        at java.util.concurrent.locks.LockSupport.parkNanos(LockSupport.java:215)
        at java.util.concurrent.locks.AbstractQueuedSynchronizer$ConditionObject.awaitNanos(AbstractQueuedSynchronizer.java:2078)
        at java.util.concurrent.ScheduledThreadPoolExecutor$DelayedWorkQueue.take(ScheduledThreadPoolExecutor.java:1093)
        at java.util.concurrent.ScheduledThreadPoolExecutor$DelayedWorkQueue.take(ScheduledThreadPoolExecutor.java:809)
        at java.util.concurrent.ThreadPoolExecutor.getTask(ThreadPoolExecutor.java:1074)
        at java.util.concurrent.ThreadPoolExecutor.runWorker(ThreadPoolExecutor.java:1134)
        at java.util.concurrent.ThreadPoolExecutor$Worker.run(ThreadPoolExecutor.java:624)
        at java.lang.Thread.run(Thread.java:748)
"pool-56-thread-17"  prio=5 tid=507 in Object.wait()
java.lang.Thread.State: WAITING (on object monitor)
        at sun.misc.Unsafe.park(Native Method)
        at java.util.concurrent.locks.LockSupport.park(LockSupport.java:175)
        at java.util.concurrent.locks.AbstractQueuedSynchronizer$ConditionObject.await(AbstractQueuedSynchronizer.java:2039)
        at java.util.concurrent.ArrayBlockingQueue.take(ArrayBlockingQueue.java:403)
        at java.util.concurrent.ThreadPoolExecutor.getTask(ThreadPoolExecutor.java:1074)
        at java.util.concurrent.ThreadPoolExecutor.runWorker(ThreadPoolExecutor.java:1134)
        at java.util.concurrent.ThreadPoolExecutor$Worker.run(ThreadPoolExecutor.java:624)
        at java.lang.Thread.run(Thread.java:748)
"SCMBlockDeletingService#1" daemon prio=5 tid=103 in Object.wait()
java.lang.Thread.State: WAITING (on object monitor)
        at sun.misc.Unsafe.park(Native Method)
        at java.util.concurrent.locks.LockSupport.park(LockSupport.java:175)
        at java.util.concurrent.locks.AbstractQueuedSynchronizer$ConditionObject.await(AbstractQueuedSynchronizer.java:2039)
        at java.util.concurrent.ScheduledThreadPoolExecutor$DelayedWorkQueue.take(ScheduledThreadPoolExecutor.java:1088)
        at java.util.concurrent.ScheduledThreadPoolExecutor$DelayedWorkQueue.take(ScheduledThreadPoolExecutor.java:809)
        at java.util.concurrent.ThreadPoolExecutor.getTask(ThreadPoolExecutor.java:1074)
        at java.util.concurrent.ThreadPoolExecutor.runWorker(ThreadPoolExecutor.java:1134)
        at java.util.concurrent.ThreadPoolExecutor$Worker.run(ThreadPoolExecutor.java:624)
        at java.lang.Thread.run(Thread.java:748)
"05f59524-a4ea-4be4-b99d-fb9eed47142d@group-40B9D2E3090B-SegmentedRaftLogWorker"  prio=5 tid=739 timed_waiting
java.lang.Thread.State: TIMED_WAITING
        at sun.misc.Unsafe.park(Native Method)
        at java.util.concurrent.locks.LockSupport.parkNanos(LockSupport.java:215)
        at java.util.concurrent.locks.AbstractQueuedSynchronizer$ConditionObject.awaitNanos(AbstractQueuedSynchronizer.java:2078)
        at org.apache.ratis.util.DataBlockingQueue.poll(DataBlockingQueue.java:137)
        at org.apache.ratis.server.raftlog.segmented.SegmentedRaftLogWorker.run(SegmentedRaftLogWorker.java:282)
        at java.lang.Thread.run(Thread.java:748)
"metrics-hadoop-metrics2-reporter-57-thread-1" daemon prio=5 tid=918 timed_waiting
java.lang.Thread.State: TIMED_WAITING
        at sun.misc.Unsafe.park(Native Method)
        at java.util.concurrent.locks.LockSupport.parkNanos(LockSupport.java:215)
        at java.util.concurrent.locks.AbstractQueuedSynchronizer$ConditionObject.awaitNanos(AbstractQueuedSynchronizer.java:2078)
        at java.util.concurrent.ScheduledThreadPoolExecutor$DelayedWorkQueue.take(ScheduledThreadPoolExecutor.java:1093)
        at java.util.concurrent.ScheduledThreadPoolExecutor$DelayedWorkQueue.take(ScheduledThreadPoolExecutor.java:809)
        at java.util.concurrent.ThreadPoolExecutor.getTask(ThreadPoolExecutor.java:1074)
        at java.util.concurrent.ThreadPoolExecutor.runWorker(ThreadPoolExecutor.java:1134)
        at java.util.concurrent.ThreadPoolExecutor$Worker.run(ThreadPoolExecutor.java:624)
        at java.lang.Thread.run(Thread.java:748)
"pool-46-thread-11"  prio=5 tid=337 in Object.wait()
java.lang.Thread.State: WAITING (on object monitor)
        at sun.misc.Unsafe.park(Native Method)
        at java.util.concurrent.locks.LockSupport.park(LockSupport.java:175)
        at java.util.concurrent.locks.AbstractQueuedSynchronizer$ConditionObject.await(AbstractQueuedSynchronizer.java:2039)
        at java.util.concurrent.ArrayBlockingQueue.take(ArrayBlockingQueue.java:403)
        at java.util.concurrent.ThreadPoolExecutor.getTask(ThreadPoolExecutor.java:1074)
        at java.util.concurrent.ThreadPoolExecutor.runWorker(ThreadPoolExecutor.java:1134)
        at java.util.concurrent.ThreadPoolExecutor$Worker.run(ThreadPoolExecutor.java:624)
        at java.lang.Thread.run(Thread.java:748)
"IPC Server handler 7 on 42810" daemon prio=5 tid=122 timed_waiting
java.lang.Thread.State: TIMED_WAITING
        at sun.misc.Unsafe.park(Native Method)
        at java.util.concurrent.locks.LockSupport.parkNanos(LockSupport.java:215)
        at java.util.concurrent.locks.AbstractQueuedSynchronizer$ConditionObject.awaitNanos(AbstractQueuedSynchronizer.java:2078)
        at java.util.concurrent.LinkedBlockingQueue.poll(LinkedBlockingQueue.java:467)
        at org.apache.hadoop.ipc.CallQueueManager.take(CallQueueManager.java:288)
        at org.apache.hadoop.ipc.Server$Handler.run(Server.java:2668)
"pool-26-thread-39"  prio=5 tid=464 in Object.wait()
java.lang.Thread.State: WAITING (on object monitor)
        at sun.misc.Unsafe.park(Native Method)
        at java.util.concurrent.locks.LockSupport.park(LockSupport.java:175)
        at java.util.concurrent.locks.AbstractQueuedSynchronizer$ConditionObject.await(AbstractQueuedSynchronizer.java:2039)
        at java.util.concurrent.ArrayBlockingQueue.take(ArrayBlockingQueue.java:403)
        at java.util.concurrent.ThreadPoolExecutor.getTask(ThreadPoolExecutor.java:1074)
        at java.util.concurrent.ThreadPoolExecutor.runWorker(ThreadPoolExecutor.java:1134)
        at java.util.concurrent.ThreadPoolExecutor$Worker.run(ThreadPoolExecutor.java:624)
        at java.lang.Thread.run(Thread.java:748)
"qtp2139397088-218" daemon prio=5 tid=218 timed_waiting
java.lang.Thread.State: TIMED_WAITING
        at sun.misc.Unsafe.park(Native Method)
        at java.util.concurrent.locks.LockSupport.parkNanos(LockSupport.java:215)
        at java.util.concurrent.locks.AbstractQueuedSynchronizer$ConditionObject.awaitNanos(AbstractQueuedSynchronizer.java:2078)
        at org.eclipse.jetty.util.BlockingArrayQueue.poll(BlockingArrayQueue.java:392)
        at org.eclipse.jetty.util.thread.QueuedThreadPool.idleJobPoll(QueuedThreadPool.java:563)
        at org.eclipse.jetty.util.thread.QueuedThreadPool.access$800(QueuedThreadPool.java:48)
        at org.eclipse.jetty.util.thread.QueuedThreadPool$2.run(QueuedThreadPool.java:626)
        at java.lang.Thread.run(Thread.java:748)
"pool-56-thread-29"  prio=5 tid=523 in Object.wait()
java.lang.Thread.State: WAITING (on object monitor)
        at sun.misc.Unsafe.park(Native Method)
        at java.util.concurrent.locks.LockSupport.park(LockSupport.java:175)
        at java.util.concurrent.locks.AbstractQueuedSynchronizer$ConditionObject.await(AbstractQueuedSynchronizer.java:2039)
        at java.util.concurrent.ArrayBlockingQueue.take(ArrayBlockingQueue.java:403)
        at java.util.concurrent.ThreadPoolExecutor.getTask(ThreadPoolExecutor.java:1074)
        at java.util.concurrent.ThreadPoolExecutor.runWorker(ThreadPoolExecutor.java:1134)
        at java.util.concurrent.ThreadPoolExecutor$Worker.run(ThreadPoolExecutor.java:624)
        at java.lang.Thread.run(Thread.java:748)
"pool-46-thread-28"  prio=5 tid=386 in Object.wait()
java.lang.Thread.State: WAITING (on object monitor)
        at sun.misc.Unsafe.park(Native Method)
        at java.util.concurrent.locks.LockSupport.park(LockSupport.java:175)
        at java.util.concurrent.locks.AbstractQueuedSynchronizer$ConditionObject.await(AbstractQueuedSynchronizer.java:2039)
        at java.util.concurrent.ArrayBlockingQueue.take(ArrayBlockingQueue.java:403)
        at java.util.concurrent.ThreadPoolExecutor.getTask(ThreadPoolExecutor.java:1074)
        at java.util.concurrent.ThreadPoolExecutor.runWorker(ThreadPoolExecutor.java:1134)
        at java.util.concurrent.ThreadPoolExecutor$Worker.run(ThreadPoolExecutor.java:624)
        at java.lang.Thread.run(Thread.java:748)
"IPC Server handler 8 on 42810" daemon prio=5 tid=123 timed_waiting
java.lang.Thread.State: TIMED_WAITING
        at sun.misc.Unsafe.park(Native Method)
        at java.util.concurrent.locks.LockSupport.parkNanos(LockSupport.java:215)
        at java.util.concurrent.locks.AbstractQueuedSynchronizer$ConditionObject.awaitNanos(AbstractQueuedSynchronizer.java:2078)
        at java.util.concurrent.LinkedBlockingQueue.poll(LinkedBlockingQueue.java:467)
        at org.apache.hadoop.ipc.CallQueueManager.take(CallQueueManager.java:288)
        at org.apache.hadoop.ipc.Server$Handler.run(Server.java:2668)
"pool-66-thread-37"  prio=5 tid=643 in Object.wait()
java.lang.Thread.State: WAITING (on object monitor)
        at sun.misc.Unsafe.park(Native Method)
        at java.util.concurrent.locks.LockSupport.park(LockSupport.java:175)
        at java.util.concurrent.locks.AbstractQueuedSynchronizer$ConditionObject.await(AbstractQueuedSynchronizer.java:2039)
        at java.util.concurrent.ArrayBlockingQueue.take(ArrayBlockingQueue.java:403)
        at java.util.concurrent.ThreadPoolExecutor.getTask(ThreadPoolExecutor.java:1074)
        at java.util.concurrent.ThreadPoolExecutor.runWorker(ThreadPoolExecutor.java:1134)
        at java.util.concurrent.ThreadPoolExecutor$Worker.run(ThreadPoolExecutor.java:624)
        at java.lang.Thread.run(Thread.java:748)
"pool-76-thread-6"  prio=5 tid=573 in Object.wait()
java.lang.Thread.State: WAITING (on object monitor)
        at sun.misc.Unsafe.park(Native Method)
        at java.util.concurrent.locks.LockSupport.park(LockSupport.java:175)
        at java.util.concurrent.locks.AbstractQueuedSynchronizer$ConditionObject.await(AbstractQueuedSynchronizer.java:2039)
        at java.util.concurrent.ArrayBlockingQueue.take(ArrayBlockingQueue.java:403)
        at java.util.concurrent.ThreadPoolExecutor.getTask(ThreadPoolExecutor.java:1074)
        at java.util.concurrent.ThreadPoolExecutor.runWorker(ThreadPoolExecutor.java:1134)
        at java.util.concurrent.ThreadPoolExecutor$Worker.run(ThreadPoolExecutor.java:624)
        at java.lang.Thread.run(Thread.java:748)
"pool-46-thread-40"  prio=5 tid=419 in Object.wait()
java.lang.Thread.State: WAITING (on object monitor)
        at sun.misc.Unsafe.park(Native Method)
        at java.util.concurrent.locks.LockSupport.park(LockSupport.java:175)
        at java.util.concurrent.locks.AbstractQueuedSynchronizer$ConditionObject.await(AbstractQueuedSynchronizer.java:2039)
        at java.util.concurrent.ArrayBlockingQueue.take(ArrayBlockingQueue.java:403)
        at java.util.concurrent.ThreadPoolExecutor.getTask(ThreadPoolExecutor.java:1074)
        at java.util.concurrent.ThreadPoolExecutor.runWorker(ThreadPoolExecutor.java:1134)
        at java.util.concurrent.ThreadPoolExecutor$Worker.run(ThreadPoolExecutor.java:624)
        at java.lang.Thread.run(Thread.java:748)
"Timer-1" daemon prio=5 tid=150 timed_waiting
java.lang.Thread.State: TIMED_WAITING
        at java.lang.Object.wait(Native Method)
        at java.util.TimerThread.mainLoop(Timer.java:552)
        at java.util.TimerThread.run(Timer.java:505)
"EventQueue-NodeRegistrationContainerReportForContainerSafeModeRule" daemon prio=5 tid=691 in Object.wait()
java.lang.Thread.State: WAITING (on object monitor)
        at sun.misc.Unsafe.park(Native Method)
        at java.util.concurrent.locks.LockSupport.park(LockSupport.java:175)
        at java.util.concurrent.locks.AbstractQueuedSynchronizer$ConditionObject.await(AbstractQueuedSynchronizer.java:2039)
        at java.util.concurrent.LinkedBlockingQueue.take(LinkedBlockingQueue.java:442)
        at java.util.concurrent.ThreadPoolExecutor.getTask(ThreadPoolExecutor.java:1074)
        at java.util.concurrent.ThreadPoolExecutor.runWorker(ThreadPoolExecutor.java:1134)
        at java.util.concurrent.ThreadPoolExecutor$Worker.run(ThreadPoolExecutor.java:624)
        at java.lang.Thread.run(Thread.java:748)
"metrics-hadoop-metrics2-reporter-19-thread-1" daemon prio=5 tid=747 timed_waiting
java.lang.Thread.State: TIMED_WAITING
        at sun.misc.Unsafe.park(Native Method)
        at java.util.concurrent.locks.LockSupport.parkNanos(LockSupport.java:215)
        at java.util.concurrent.locks.AbstractQueuedSynchronizer$ConditionObject.awaitNanos(AbstractQueuedSynchronizer.java:2078)
        at java.util.concurrent.ScheduledThreadPoolExecutor$DelayedWorkQueue.take(ScheduledThreadPoolExecutor.java:1093)
        at java.util.concurrent.ScheduledThreadPoolExecutor$DelayedWorkQueue.take(ScheduledThreadPoolExecutor.java:809)
        at java.util.concurrent.ThreadPoolExecutor.getTask(ThreadPoolExecutor.java:1074)
        at java.util.concurrent.ThreadPoolExecutor.runWorker(ThreadPoolExecutor.java:1134)
        at java.util.concurrent.ThreadPoolExecutor$Worker.run(ThreadPoolExecutor.java:624)
        at java.lang.Thread.run(Thread.java:748)
"pool-36-thread-3"  prio=5 tid=323 in Object.wait()
java.lang.Thread.State: WAITING (on object monitor)
        at sun.misc.Unsafe.park(Native Method)
        at java.util.concurrent.locks.LockSupport.park(LockSupport.java:175)
        at java.util.concurrent.locks.AbstractQueuedSynchronizer$ConditionObject.await(AbstractQueuedSynchronizer.java:2039)
        at java.util.concurrent.ArrayBlockingQueue.take(ArrayBlockingQueue.java:403)
        at java.util.concurrent.ThreadPoolExecutor.getTask(ThreadPoolExecutor.java:1074)
        at java.util.concurrent.ThreadPoolExecutor.runWorker(ThreadPoolExecutor.java:1134)
        at java.util.concurrent.ThreadPoolExecutor$Worker.run(ThreadPoolExecutor.java:624)
        at java.lang.Thread.run(Thread.java:748)
"IPC Server handler 19 on 42372" daemon prio=5 tid=89 timed_waiting
java.lang.Thread.State: TIMED_WAITING
        at sun.misc.Unsafe.park(Native Method)
        at java.util.concurrent.locks.LockSupport.parkNanos(LockSupport.java:215)
        at java.util.concurrent.locks.AbstractQueuedSynchronizer$ConditionObject.awaitNanos(AbstractQueuedSynchronizer.java:2078)
        at java.util.concurrent.LinkedBlockingQueue.poll(LinkedBlockingQueue.java:467)
        at org.apache.hadoop.ipc.CallQueueManager.take(CallQueueManager.java:288)
        at org.apache.hadoop.ipc.Server$Handler.run(Server.java:2668)


	at org.apache.hadoop.test.GenericTestUtils.waitFor(GenericTestUtils.java:389)
	at org.apache.hadoop.hdds.scm.pipeline.TestRatisPipelineCreateAndDestroy.waitForPipelines(TestRatisPipelineCreateAndDestroy.java:126)
	at org.apache.hadoop.hdds.scm.pipeline.TestRatisPipelineCreateAndDestroy.testAutomaticPipelineCreationOnPipelineDestroy(TestRatisPipelineCreateAndDestroy.java:79)
	at sun.reflect.NativeMethodAccessorImpl.invoke0(Native Method)
	at sun.reflect.NativeMethodAccessorImpl.invoke(NativeMethodAccessorImpl.java:62)
	at sun.reflect.DelegatingMethodAccessorImpl.invoke(DelegatingMethodAccessorImpl.java:43)
	at java.lang.reflect.Method.invoke(Method.java:498)
	at org.junit.runners.model.FrameworkMethod$1.runReflectiveCall(FrameworkMethod.java:47)
	at org.junit.internal.runners.model.ReflectiveCallable.run(ReflectiveCallable.java:12)
	at org.junit.runners.model.FrameworkMethod.invokeExplosively(FrameworkMethod.java:44)
	at org.junit.internal.runners.statements.InvokeMethod.evaluate(InvokeMethod.java:17)
	at org.junit.internal.runners.statements.FailOnTimeout$StatementThread.run(FailOnTimeout.java:74)
</error>
    <system-out><![CDATA[2019-10-17 07:37:56,813 [Thread-0] WARN  server.ServerUtils (ServerUtils.java:getScmDbDir(145)) - ozone.scm.db.dirs is not configured. We recommend adding this setting. Falling back to ozone.metadata.dirs instead.
2019-10-17 07:37:56,937 [Thread-0] WARN  server.ServerUtils (ServerUtils.java:getScmDbDir(145)) - ozone.scm.db.dirs is not configured. We recommend adding this setting. Falling back to ozone.metadata.dirs instead.
2019-10-17 07:37:56,940 [Thread-0] WARN  server.ServerUtils (ServerUtils.java:getScmDbDir(145)) - ozone.scm.db.dirs is not configured. We recommend adding this setting. Falling back to ozone.metadata.dirs instead.
2019-10-17 07:37:56,966 [Thread-0] INFO  util.log (Log.java:initialized(192)) - Logging initialized @843ms
2019-10-17 07:37:57,063 [Thread-0] INFO  db.DBStoreBuilder (DBStoreBuilder.java:addTable(117)) - using custom profile for table: deletedBlocks
2019-10-17 07:37:57,064 [Thread-0] INFO  db.DBStoreBuilder (DBStoreBuilder.java:processTables(168)) - Using default column profile:DBProfile.DISK for Table:deletedBlocks
2019-10-17 07:37:57,064 [Thread-0] INFO  db.DBStoreBuilder (DBStoreBuilder.java:addTable(117)) - using custom profile for table: validCerts
2019-10-17 07:37:57,064 [Thread-0] INFO  db.DBStoreBuilder (DBStoreBuilder.java:processTables(168)) - Using default column profile:DBProfile.DISK for Table:validCerts
2019-10-17 07:37:57,065 [Thread-0] INFO  db.DBStoreBuilder (DBStoreBuilder.java:addTable(117)) - using custom profile for table: revokedCerts
2019-10-17 07:37:57,065 [Thread-0] INFO  db.DBStoreBuilder (DBStoreBuilder.java:processTables(168)) - Using default column profile:DBProfile.DISK for Table:revokedCerts
2019-10-17 07:37:57,076 [Thread-0] INFO  db.DBStoreBuilder (DBStoreBuilder.java:addTable(117)) - using custom profile for table: default
2019-10-17 07:37:57,076 [Thread-0] INFO  db.DBStoreBuilder (DBStoreBuilder.java:processTables(174)) - Using default column profile:DBProfile.DISK for Table:default
2019-10-17 07:37:57,078 [Thread-0] INFO  db.DBStoreBuilder (DBStoreBuilder.java:getDbProfile(205)) - Using default options. DBProfile.DISK
2019-10-17 07:37:57,433 [Thread-0] INFO  net.NodeSchemaLoader (NodeSchemaLoader.java:loadSchemaFromFile(125)) - Loading file from sun.misc.CompoundEnumeration@61f2cf9b
2019-10-17 07:37:57,435 [Thread-0] INFO  net.NodeSchemaLoader (NodeSchemaLoader.java:loadSchema(171)) - Loading network topology layer schema file
2019-10-17 07:37:57,501 [Thread-0] INFO  node.SCMNodeManager (SCMNodeManager.java:<init>(116)) - Entering startup safe mode.
2019-10-17 07:37:57,570 [Thread-0] INFO  algorithms.ContainerPlacementPolicyFactory (ContainerPlacementPolicyFactory.java:getPolicy(57)) - Create container placement policy of type org.apache.hadoop.hdds.scm.container.placement.algorithms.SCMContainerPlacementRandom
2019-10-17 07:37:57,584 [Thread-0] WARN  server.ServerUtils (ServerUtils.java:getScmDbDir(145)) - ozone.scm.db.dirs is not configured. We recommend adding this setting. Falling back to ozone.metadata.dirs instead.
2019-10-17 07:37:57,729 [Thread-0] INFO  pipeline.SCMPipelineManager (SCMPipelineManager.java:initializePipelineState(132)) - No pipeline exists in current db
2019-10-17 07:37:57,732 [Thread-0] WARN  server.ServerUtils (ServerUtils.java:getScmDbDir(145)) - ozone.scm.db.dirs is not configured. We recommend adding this setting. Falling back to ozone.metadata.dirs instead.
2019-10-17 07:37:57,942 [Thread-0] WARN  events.EventQueue (EventQueue.java:fireEvent(183)) - No event handler registered for event TypedEvent{payloadType=SafeModeStatus, name='SafeModeStatus'}
2019-10-17 07:37:58,347 [Thread-0] INFO  ipc.CallQueueManager (CallQueueManager.java:<init>(84)) - Using callQueue: class java.util.concurrent.LinkedBlockingQueue, queueCapacity: 2000, scheduler: class org.apache.hadoop.ipc.DefaultRpcScheduler, ipcBackoff: false.
2019-10-17 07:37:58,491 [Socket Reader #1 for port 42372] INFO  ipc.Server (Server.java:run(1074)) - Starting Socket Reader #1 for port 42372
2019-10-17 07:37:58,526 [Thread-0] INFO  ipc.CallQueueManager (CallQueueManager.java:<init>(84)) - Using callQueue: class java.util.concurrent.LinkedBlockingQueue, queueCapacity: 2000, scheduler: class org.apache.hadoop.ipc.DefaultRpcScheduler, ipcBackoff: false.
2019-10-17 07:37:58,527 [Socket Reader #1 for port 33223] INFO  ipc.Server (Server.java:run(1074)) - Starting Socket Reader #1 for port 33223
2019-10-17 07:37:58,537 [Thread-0] INFO  ipc.CallQueueManager (CallQueueManager.java:<init>(84)) - Using callQueue: class java.util.concurrent.LinkedBlockingQueue, queueCapacity: 2000, scheduler: class org.apache.hadoop.ipc.DefaultRpcScheduler, ipcBackoff: false.
2019-10-17 07:37:58,537 [Socket Reader #1 for port 45420] INFO  ipc.Server (Server.java:run(1074)) - Starting Socket Reader #1 for port 45420
2019-10-17 07:37:58,561 [Thread-0] INFO  hdfs.DFSUtil (DFSUtil.java:httpServerTemplateForNNAndJN(1641)) - Starting Web-server for scm at: http://0.0.0.0:0
2019-10-17 07:37:58,685 [Thread-0] INFO  server.AuthenticationFilter (AuthenticationFilter.java:constructSecretProvider(240)) - Unable to initialize FileSignerSecretProvider, falling back to use random secrets.
2019-10-17 07:37:58,692 [Thread-0] WARN  http.HttpRequestLog (HttpRequestLog.java:getRequestLog(97)) - Jetty request log can only be enabled using Log4j
2019-10-17 07:37:58,698 [Thread-0] INFO  http.HttpServer2 (HttpServer2.java:addGlobalFilter(975)) - Added global filter 'safety' (class=org.apache.hadoop.http.HttpServer2$QuotingInputFilter)
2019-10-17 07:37:58,700 [Thread-0] INFO  http.HttpServer2 (HttpServer2.java:addFilter(948)) - Added filter static_user_filter (class=org.apache.hadoop.http.lib.StaticUserWebFilter$StaticUserFilter) to context scm
2019-10-17 07:37:58,701 [Thread-0] INFO  http.HttpServer2 (HttpServer2.java:addFilter(958)) - Added filter static_user_filter (class=org.apache.hadoop.http.lib.StaticUserWebFilter$StaticUserFilter) to context static
2019-10-17 07:37:58,701 [Thread-0] INFO  http.HttpServer2 (HttpServer2.java:addFilter(958)) - Added filter static_user_filter (class=org.apache.hadoop.http.lib.StaticUserWebFilter$StaticUserFilter) to context logs
2019-10-17 07:37:58,728 [Thread-0] INFO  server.StorageContainerManager (StorageContainerManager.java:start(772)) - StorageContainerLocationProtocol RPC server is listening at /0.0.0.0:45420
2019-10-17 07:37:58,782 [Thread-0] WARN  impl.MetricsConfig (MetricsConfig.java:loadFirst(134)) - Cannot locate configuration: tried hadoop-metrics2-storagecontainermanager.properties,hadoop-metrics2.properties
2019-10-17 07:37:58,793 [Thread-0] INFO  impl.MetricsSystemImpl (MetricsSystemImpl.java:startTimer(374)) - Scheduled Metric snapshot period at 10 second(s).
2019-10-17 07:37:58,793 [Thread-0] INFO  impl.MetricsSystemImpl (MetricsSystemImpl.java:start(191)) - StorageContainerManager metrics system started
2019-10-17 07:37:59,023 [Thread-0] INFO  server.SCMClientProtocolServer (SCMClientProtocolServer.java:start(159)) - RPC server for Client  is listening at /0.0.0.0:45420
2019-10-17 07:37:59,023 [IPC Server Responder] INFO  ipc.Server (Server.java:run(1314)) - IPC Server Responder: starting
2019-10-17 07:37:59,024 [IPC Server listener on 45420] INFO  ipc.Server (Server.java:run(1153)) - IPC Server listener on 45420: starting
2019-10-17 07:37:59,026 [Thread-0] INFO  server.StorageContainerManager (StorageContainerManager.java:start(782)) - ScmBlockLocationProtocol RPC server is listening at /0.0.0.0:33223
2019-10-17 07:37:59,027 [Thread-0] INFO  server.SCMBlockProtocolServer (SCMBlockProtocolServer.java:start(146)) - RPC server for Block Protocol is listening at /0.0.0.0:33223
2019-10-17 07:37:59,027 [IPC Server Responder] INFO  ipc.Server (Server.java:run(1314)) - IPC Server Responder: starting
2019-10-17 07:37:59,028 [IPC Server listener on 33223] INFO  ipc.Server (Server.java:run(1153)) - IPC Server listener on 33223: starting
2019-10-17 07:37:59,030 [Thread-0] INFO  server.StorageContainerManager (StorageContainerManager.java:start(786)) - ScmDatanodeProtocl RPC server is listening at /0.0.0.0:42372
2019-10-17 07:37:59,030 [Thread-0] INFO  server.SCMDatanodeProtocolServer (SCMDatanodeProtocolServer.java:start(169)) - RPC server for DataNodes is listening at /0.0.0.0:42372
2019-10-17 07:37:59,032 [IPC Server Responder] INFO  ipc.Server (Server.java:run(1314)) - IPC Server Responder: starting
2019-10-17 07:37:59,032 [IPC Server listener on 42372] INFO  ipc.Server (Server.java:run(1153)) - IPC Server listener on 42372: starting
2019-10-17 07:37:59,036 [Thread-0] INFO  http.HttpServer2 (HttpServer2.java:bindListener(1191)) - Jetty bound to port 38048
2019-10-17 07:37:59,038 [Thread-0] INFO  server.Server (Server.java:doStart(351)) - jetty-9.3.25.v20180904, build timestamp: 2018-09-04T21:11:46Z, git hash: 3ce520221d0240229c862b122d2b06c12a625732
2019-10-17 07:37:59,087 [Thread-0] INFO  handler.ContextHandler (ContextHandler.java:doStart(781)) - Started o.e.j.s.ServletContextHandler@2dfff131{/logs,file:///workdir/hadoop-ozone/integration-test/target/log,AVAILABLE}
2019-10-17 07:37:59,088 [Thread-0] INFO  handler.ContextHandler (ContextHandler.java:doStart(781)) - Started o.e.j.s.ServletContextHandler@75f2b85{/static,file:///workdir/hadoop-ozone/integration-test/target/test-classes/webapps/static,AVAILABLE}
2019-10-17 07:37:59,124 [Thread-0] INFO  handler.ContextHandler (ContextHandler.java:doStart(781)) - Started o.e.j.w.WebAppContext@26f73022{/,file:///workdir/hadoop-ozone/integration-test/target/test-classes/webapps/scm/,AVAILABLE}{/scm}
2019-10-17 07:37:59,130 [Thread-0] INFO  server.AbstractConnector (AbstractConnector.java:doStart(278)) - Started ServerConnector@2669f601{HTTP/1.1,[http/1.1]}{0.0.0.0:38048}
2019-10-17 07:37:59,130 [Thread-0] INFO  server.Server (Server.java:doStart(419)) - Started @3007ms
2019-10-17 07:37:59,132 [Thread-0] INFO  impl.MetricsSinkAdapter (MetricsSinkAdapter.java:start(204)) - Sink prometheus started
2019-10-17 07:37:59,133 [Thread-0] INFO  impl.MetricsSystemImpl (MetricsSystemImpl.java:registerSink(301)) - Registered sink prometheus
2019-10-17 07:37:59,135 [Thread-0] INFO  server.BaseHttpServer (BaseHttpServer.java:updateConnectorAddress(215)) - HTTP server of SCM is listening at http://0.0.0.0:38048
2019-10-17 07:37:59,144 [org.apache.hadoop.util.JvmPauseMonitor$Monitor@64860889] INFO  util.JvmPauseMonitor (JvmPauseMonitor.java:run(188)) - Starting JVM pause monitor
2019-10-17 07:37:59,149 [Thread-0] WARN  server.ServerUtils (ServerUtils.java:getDBPath(222)) - ozone.om.db.dirs is not configured. We recommend adding this setting. Falling back to ozone.metadata.dirs instead.
2019-10-17 07:37:59,472 [Thread-0] INFO  ha.OMHANodeDetails (OMHANodeDetails.java:loadOMHAConfig(190)) - Configuration either no ozone.om.address set. Falling back to the default OM address /127.0.0.1:0
2019-10-17 07:37:59,472 [Thread-0] INFO  ha.OMHANodeDetails (OMHANodeDetails.java:getOMNodeDetails(220)) - OM Service ID is not set. Setting it to the default ID: omServiceIdDefault
2019-10-17 07:37:59,474 [Thread-0] WARN  server.ServerUtils (ServerUtils.java:getDBPath(222)) - ozone.om.db.dirs is not configured. We recommend adding this setting. Falling back to ozone.metadata.dirs instead.
2019-10-17 07:37:59,475 [Thread-0] WARN  server.ServerUtils (ServerUtils.java:getDBPath(222)) - ozone.om.db.dirs is not configured. We recommend adding this setting. Falling back to ozone.metadata.dirs instead.
2019-10-17 07:38:00,142 [Thread-0] WARN  server.ServerUtils (ServerUtils.java:getDBPath(222)) - ozone.om.db.dirs is not configured. We recommend adding this setting. Falling back to ozone.metadata.dirs instead.
2019-10-17 07:38:00,150 [Thread-0] INFO  db.DBStoreBuilder (DBStoreBuilder.java:addTable(117)) - using custom profile for table: userTable
2019-10-17 07:38:00,151 [Thread-0] INFO  db.DBStoreBuilder (DBStoreBuilder.java:processTables(168)) - Using default column profile:DBProfile.DISK for Table:userTable
2019-10-17 07:38:00,151 [Thread-0] INFO  db.DBStoreBuilder (DBStoreBuilder.java:addTable(117)) - using custom profile for table: volumeTable
2019-10-17 07:38:00,151 [Thread-0] INFO  db.DBStoreBuilder (DBStoreBuilder.java:processTables(168)) - Using default column profile:DBProfile.DISK for Table:volumeTable
2019-10-17 07:38:00,151 [Thread-0] INFO  db.DBStoreBuilder (DBStoreBuilder.java:addTable(117)) - using custom profile for table: bucketTable
2019-10-17 07:38:00,151 [Thread-0] INFO  db.DBStoreBuilder (DBStoreBuilder.java:processTables(168)) - Using default column profile:DBProfile.DISK for Table:bucketTable
2019-10-17 07:38:00,152 [Thread-0] INFO  db.DBStoreBuilder (DBStoreBuilder.java:addTable(117)) - using custom profile for table: keyTable
2019-10-17 07:38:00,152 [Thread-0] INFO  db.DBStoreBuilder (DBStoreBuilder.java:processTables(168)) - Using default column profile:DBProfile.DISK for Table:keyTable
2019-10-17 07:38:00,152 [Thread-0] INFO  db.DBStoreBuilder (DBStoreBuilder.java:addTable(117)) - using custom profile for table: deletedTable
2019-10-17 07:38:00,152 [Thread-0] INFO  db.DBStoreBuilder (DBStoreBuilder.java:processTables(168)) - Using default column profile:DBProfile.DISK for Table:deletedTable
2019-10-17 07:38:00,153 [Thread-0] INFO  db.DBStoreBuilder (DBStoreBuilder.java:addTable(117)) - using custom profile for table: openKeyTable
2019-10-17 07:38:00,153 [Thread-0] INFO  db.DBStoreBuilder (DBStoreBuilder.java:processTables(168)) - Using default column profile:DBProfile.DISK for Table:openKeyTable
2019-10-17 07:38:00,153 [Thread-0] INFO  db.DBStoreBuilder (DBStoreBuilder.java:addTable(117)) - using custom profile for table: s3Table
2019-10-17 07:38:00,153 [Thread-0] INFO  db.DBStoreBuilder (DBStoreBuilder.java:processTables(168)) - Using default column profile:DBProfile.DISK for Table:s3Table
2019-10-17 07:38:00,153 [Thread-0] INFO  db.DBStoreBuilder (DBStoreBuilder.java:addTable(117)) - using custom profile for table: multipartInfoTable
2019-10-17 07:38:00,153 [Thread-0] INFO  db.DBStoreBuilder (DBStoreBuilder.java:processTables(168)) - Using default column profile:DBProfile.DISK for Table:multipartInfoTable
2019-10-17 07:38:00,154 [Thread-0] INFO  db.DBStoreBuilder (DBStoreBuilder.java:addTable(117)) - using custom profile for table: dTokenTable
2019-10-17 07:38:00,154 [Thread-0] INFO  db.DBStoreBuilder (DBStoreBuilder.java:processTables(168)) - Using default column profile:DBProfile.DISK for Table:dTokenTable
2019-10-17 07:38:00,154 [Thread-0] INFO  db.DBStoreBuilder (DBStoreBuilder.java:addTable(117)) - using custom profile for table: s3SecretTable
2019-10-17 07:38:00,154 [Thread-0] INFO  db.DBStoreBuilder (DBStoreBuilder.java:processTables(168)) - Using default column profile:DBProfile.DISK for Table:s3SecretTable
2019-10-17 07:38:00,155 [Thread-0] INFO  db.DBStoreBuilder (DBStoreBuilder.java:addTable(117)) - using custom profile for table: prefixTable
2019-10-17 07:38:00,155 [Thread-0] INFO  db.DBStoreBuilder (DBStoreBuilder.java:processTables(168)) - Using default column profile:DBProfile.DISK for Table:prefixTable
2019-10-17 07:38:00,155 [Thread-0] INFO  db.DBStoreBuilder (DBStoreBuilder.java:addTable(117)) - using custom profile for table: default
2019-10-17 07:38:00,155 [Thread-0] INFO  db.DBStoreBuilder (DBStoreBuilder.java:processTables(174)) - Using default column profile:DBProfile.DISK for Table:default
2019-10-17 07:38:00,155 [Thread-0] INFO  db.DBStoreBuilder (DBStoreBuilder.java:getDbProfile(205)) - Using default options. DBProfile.DISK
2019-10-17 07:38:01,877 [Thread-0] INFO  ipc.CallQueueManager (CallQueueManager.java:<init>(84)) - Using callQueue: class java.util.concurrent.LinkedBlockingQueue, queueCapacity: 2000, scheduler: class org.apache.hadoop.ipc.DefaultRpcScheduler, ipcBackoff: false.
2019-10-17 07:38:01,878 [Socket Reader #1 for port 42810] INFO  ipc.Server (Server.java:run(1074)) - Starting Socket Reader #1 for port 42810
2019-10-17 07:38:01,904 [Thread-0] INFO  om.OzoneManager (OzoneManager.java:start(1071)) - OzoneManager RPC server is listening at localhost/127.0.0.1:42810
2019-10-17 07:38:01,904 [Thread-0] INFO  impl.MetricsSystemImpl (MetricsSystemImpl.java:init(158)) - OzoneManager metrics system started (again)
2019-10-17 07:38:01,913 [IPC Server Responder] INFO  ipc.Server (Server.java:run(1314)) - IPC Server Responder: starting
2019-10-17 07:38:01,913 [IPC Server listener on 42810] INFO  ipc.Server (Server.java:run(1153)) - IPC Server listener on 42810: starting
2019-10-17 07:38:01,920 [Thread-0] INFO  hdfs.DFSUtil (DFSUtil.java:httpServerTemplateForNNAndJN(1641)) - Starting Web-server for ozoneManager at: http://0.0.0.0:0
2019-10-17 07:38:01,922 [Thread-0] INFO  server.AuthenticationFilter (AuthenticationFilter.java:constructSecretProvider(240)) - Unable to initialize FileSignerSecretProvider, falling back to use random secrets.
2019-10-17 07:38:01,922 [Thread-0] WARN  http.HttpRequestLog (HttpRequestLog.java:getRequestLog(97)) - Jetty request log can only be enabled using Log4j
2019-10-17 07:38:01,925 [Thread-0] INFO  http.HttpServer2 (HttpServer2.java:addGlobalFilter(975)) - Added global filter 'safety' (class=org.apache.hadoop.http.HttpServer2$QuotingInputFilter)
2019-10-17 07:38:01,926 [Thread-0] INFO  http.HttpServer2 (HttpServer2.java:addFilter(948)) - Added filter static_user_filter (class=org.apache.hadoop.http.lib.StaticUserWebFilter$StaticUserFilter) to context ozoneManager
2019-10-17 07:38:01,926 [Thread-0] INFO  http.HttpServer2 (HttpServer2.java:addFilter(958)) - Added filter static_user_filter (class=org.apache.hadoop.http.lib.StaticUserWebFilter$StaticUserFilter) to context static
2019-10-17 07:38:01,926 [Thread-0] INFO  http.HttpServer2 (HttpServer2.java:addFilter(958)) - Added filter static_user_filter (class=org.apache.hadoop.http.lib.StaticUserWebFilter$StaticUserFilter) to context logs
2019-10-17 07:38:01,928 [Thread-0] INFO  http.HttpServer2 (HttpServer2.java:bindListener(1191)) - Jetty bound to port 44091
2019-10-17 07:38:01,928 [Thread-0] INFO  server.Server (Server.java:doStart(351)) - jetty-9.3.25.v20180904, build timestamp: 2018-09-04T21:11:46Z, git hash: 3ce520221d0240229c862b122d2b06c12a625732
2019-10-17 07:38:01,931 [Thread-0] INFO  handler.ContextHandler (ContextHandler.java:doStart(781)) - Started o.e.j.s.ServletContextHandler@fa084a7{/logs,file:///workdir/hadoop-ozone/integration-test/target/log,AVAILABLE}
2019-10-17 07:38:01,931 [Thread-0] INFO  handler.ContextHandler (ContextHandler.java:doStart(781)) - Started o.e.j.s.ServletContextHandler@1eb8be19{/static,file:///workdir/hadoop-ozone/integration-test/target/test-classes/webapps/static,AVAILABLE}
2019-10-17 07:38:01,937 [Thread-0] INFO  handler.ContextHandler (ContextHandler.java:doStart(781)) - Started o.e.j.w.WebAppContext@7cb5f16a{/,file:///workdir/hadoop-ozone/integration-test/target/test-classes/webapps/ozoneManager/,AVAILABLE}{/ozoneManager}
2019-10-17 07:38:01,937 [Thread-0] INFO  server.AbstractConnector (AbstractConnector.java:doStart(278)) - Started ServerConnector@55fff88e{HTTP/1.1,[http/1.1]}{0.0.0.0:44091}
2019-10-17 07:38:01,938 [Thread-0] INFO  server.Server (Server.java:doStart(419)) - Started @5815ms
2019-10-17 07:38:01,938 [Thread-0] WARN  impl.MetricsSystemImpl (MetricsSystemImpl.java:register(276)) - Sink prometheus already exists!
2019-10-17 07:38:01,940 [Thread-0] INFO  server.BaseHttpServer (BaseHttpServer.java:updateConnectorAddress(215)) - HTTP server of OZONEMANAGER is listening at http://0.0.0.0:44091
2019-10-17 07:38:02,266 [Thread-0] INFO  impl.MetricsSystemImpl (MetricsSystemImpl.java:init(158)) - HddsDatanode metrics system started (again)
2019-10-17 07:38:02,312 [Thread-0] INFO  ozone.HddsDatanodeService (HddsDatanodeService.java:start(184)) - HddsDatanodeService host:pr-hdds-1868-lzclr-202649289 ip:192.168.34.62
2019-10-17 07:38:02,343 [Thread-0] INFO  volume.HddsVolume (HddsVolume.java:<init>(176)) - Creating Volume: /workdir/hadoop-ozone/integration-test/target/test-dir/MiniOzoneClusterImpl-eeadbacc-06c2-472c-a3f4-8a25f61a295a/datanode-0/data/containers/hdds of  storage type : DISK and capacity : 1482555576320
2019-10-17 07:38:02,344 [Thread-0] INFO  volume.VolumeSet (VolumeSet.java:initializeVolumeSet(170)) - Added Volume : /workdir/hadoop-ozone/integration-test/target/test-dir/MiniOzoneClusterImpl-eeadbacc-06c2-472c-a3f4-8a25f61a295a/datanode-0/data/containers/hdds to VolumeSet
2019-10-17 07:38:02,347 [Thread-0] INFO  volume.ThrottledAsyncChecker (ThrottledAsyncChecker.java:schedule(141)) - Scheduling a check for /workdir/hadoop-ozone/integration-test/target/test-dir/MiniOzoneClusterImpl-eeadbacc-06c2-472c-a3f4-8a25f61a295a/datanode-0/data/containers/hdds
2019-10-17 07:38:02,362 [Thread-0] INFO  volume.HddsVolumeChecker (HddsVolumeChecker.java:checkAllVolumes(204)) - Scheduled health check for volume /workdir/hadoop-ozone/integration-test/target/test-dir/MiniOzoneClusterImpl-eeadbacc-06c2-472c-a3f4-8a25f61a295a/datanode-0/data/containers/hdds
2019-10-17 07:38:02,473 [Thread-0] INFO  impl.RaftServerProxy (ConfUtils.java:logGet(43)) - raft.rpc.type = GRPC (default)
2019-10-17 07:38:02,535 [Thread-0] INFO  grpc.GrpcFactory (GrpcFactory.java:checkPooledByteBufAllocatorUseCacheForAllThreads(45)) - PERFORMANCE WARNING: useCacheForAllThreads is true that may cause Netty to create a lot garbage objects and, as a result, trigger GC.
	It is recommended to disable useCacheForAllThreads by setting -Dorg.apache.ratis.thirdparty.io.netty.allocator.useCacheForAllThreads=false in command line.
2019-10-17 07:38:02,540 [Thread-0] INFO  grpc.GrpcConfigKeys$Server (ConfUtils.java:logGet(43)) - raft.grpc.server.port = 0 (default)
2019-10-17 07:38:02,541 [Thread-0] INFO  server.GrpcService (ConfUtils.java:logGet(43)) - raft.grpc.message.size.max = 33570816 (custom)
2019-10-17 07:38:02,542 [Thread-0] INFO  server.RaftServerConfigKeys (ConfUtils.java:logGet(43)) - raft.server.log.appender.buffer.byte-limit = 33554432 (custom)
2019-10-17 07:38:02,543 [Thread-0] INFO  server.GrpcService (ConfUtils.java:logGet(43)) - raft.grpc.flow.control.window = 1MB (=1048576) (default)
2019-10-17 07:38:02,544 [Thread-0] INFO  server.RaftServerConfigKeys (ConfUtils.java:logGet(43)) - raft.server.rpc.request.timeout = 3000ms (default)
2019-10-17 07:38:02,702 [Thread-0] INFO  server.RaftServerConfigKeys (ConfUtils.java:logGet(43)) - raft.server.storage.dir = [/workdir/hadoop-ozone/integration-test/target/test-dir/MiniOzoneClusterImpl-eeadbacc-06c2-472c-a3f4-8a25f61a295a/datanode-0/data/ratis] (custom)
2019-10-17 07:38:02,752 [Thread-0] INFO  hdfs.DFSUtil (DFSUtil.java:httpServerTemplateForNNAndJN(1641)) - Starting Web-server for hddsDatanode at: http://0.0.0.0:0
2019-10-17 07:38:02,754 [Thread-0] INFO  server.AuthenticationFilter (AuthenticationFilter.java:constructSecretProvider(240)) - Unable to initialize FileSignerSecretProvider, falling back to use random secrets.
2019-10-17 07:38:02,755 [Thread-0] WARN  http.HttpRequestLog (HttpRequestLog.java:getRequestLog(97)) - Jetty request log can only be enabled using Log4j
2019-10-17 07:38:02,756 [Thread-0] INFO  http.HttpServer2 (HttpServer2.java:addGlobalFilter(975)) - Added global filter 'safety' (class=org.apache.hadoop.http.HttpServer2$QuotingInputFilter)
2019-10-17 07:38:02,757 [Thread-0] INFO  http.HttpServer2 (HttpServer2.java:addFilter(948)) - Added filter static_user_filter (class=org.apache.hadoop.http.lib.StaticUserWebFilter$StaticUserFilter) to context hddsDatanode
2019-10-17 07:38:02,757 [Thread-0] INFO  http.HttpServer2 (HttpServer2.java:addFilter(958)) - Added filter static_user_filter (class=org.apache.hadoop.http.lib.StaticUserWebFilter$StaticUserFilter) to context static
2019-10-17 07:38:02,757 [Thread-0] INFO  http.HttpServer2 (HttpServer2.java:addFilter(958)) - Added filter static_user_filter (class=org.apache.hadoop.http.lib.StaticUserWebFilter$StaticUserFilter) to context logs
2019-10-17 07:38:02,758 [Thread-0] INFO  http.HttpServer2 (HttpServer2.java:bindListener(1191)) - Jetty bound to port 43885
2019-10-17 07:38:02,758 [Thread-0] INFO  server.Server (Server.java:doStart(351)) - jetty-9.3.25.v20180904, build timestamp: 2018-09-04T21:11:46Z, git hash: 3ce520221d0240229c862b122d2b06c12a625732
2019-10-17 07:38:02,761 [Thread-0] INFO  handler.ContextHandler (ContextHandler.java:doStart(781)) - Started o.e.j.s.ServletContextHandler@4abea437{/logs,file:///workdir/hadoop-ozone/integration-test/target/log,AVAILABLE}
2019-10-17 07:38:02,761 [Thread-0] INFO  handler.ContextHandler (ContextHandler.java:doStart(781)) - Started o.e.j.s.ServletContextHandler@3174da55{/static,jar:file:/home/user/.m2/repository/org/apache/hadoop/hadoop-hdds-container-service/0.5.0-SNAPSHOT/hadoop-hdds-container-service-0.5.0-SNAPSHOT.jar!/webapps/static,AVAILABLE}
2019-10-17 07:38:02,795 [Thread-0] INFO  handler.ContextHandler (ContextHandler.java:doStart(781)) - Started o.e.j.w.WebAppContext@4565feb7{/,file:///tmp/jetty-0.0.0.0-43885-hddsDatanode-_-any-9076619698153248992.dir/webapp/,AVAILABLE}{/hddsDatanode}
2019-10-17 07:38:02,795 [Thread-0] INFO  server.AbstractConnector (AbstractConnector.java:doStart(278)) - Started ServerConnector@e8aadf0{HTTP/1.1,[http/1.1]}{0.0.0.0:43885}
2019-10-17 07:38:02,796 [Thread-0] INFO  server.Server (Server.java:doStart(419)) - Started @6673ms
2019-10-17 07:38:02,796 [Thread-0] WARN  impl.MetricsSystemImpl (MetricsSystemImpl.java:register(276)) - Sink prometheus already exists!
2019-10-17 07:38:02,797 [Thread-0] INFO  server.BaseHttpServer (BaseHttpServer.java:updateConnectorAddress(215)) - HTTP server of HDDSDATANODE is listening at http://0.0.0.0:43885
2019-10-17 07:38:02,798 [Thread-0] INFO  impl.MetricsSystemImpl (MetricsSystemImpl.java:init(158)) - HddsDatanode metrics system started (again)
2019-10-17 07:38:02,801 [Thread-0] INFO  ozone.HddsDatanodeService (HddsDatanodeService.java:start(184)) - HddsDatanodeService host:pr-hdds-1868-lzclr-202649289 ip:192.168.34.62
2019-10-17 07:38:02,805 [org.apache.hadoop.util.JvmPauseMonitor$Monitor@6c0b2b7c] INFO  util.JvmPauseMonitor (JvmPauseMonitor.java:run(188)) - Starting JVM pause monitor
2019-10-17 07:38:02,811 [Thread-0] INFO  volume.HddsVolume (HddsVolume.java:<init>(176)) - Creating Volume: /workdir/hadoop-ozone/integration-test/target/test-dir/MiniOzoneClusterImpl-eeadbacc-06c2-472c-a3f4-8a25f61a295a/datanode-1/data/containers/hdds of  storage type : DISK and capacity : 1482555576320
2019-10-17 07:38:02,811 [Thread-0] INFO  volume.VolumeSet (VolumeSet.java:initializeVolumeSet(170)) - Added Volume : /workdir/hadoop-ozone/integration-test/target/test-dir/MiniOzoneClusterImpl-eeadbacc-06c2-472c-a3f4-8a25f61a295a/datanode-1/data/containers/hdds to VolumeSet
2019-10-17 07:38:02,812 [Thread-0] INFO  volume.ThrottledAsyncChecker (ThrottledAsyncChecker.java:schedule(141)) - Scheduling a check for /workdir/hadoop-ozone/integration-test/target/test-dir/MiniOzoneClusterImpl-eeadbacc-06c2-472c-a3f4-8a25f61a295a/datanode-1/data/containers/hdds
2019-10-17 07:38:02,812 [Thread-0] INFO  volume.HddsVolumeChecker (HddsVolumeChecker.java:checkAllVolumes(204)) - Scheduled health check for volume /workdir/hadoop-ozone/integration-test/target/test-dir/MiniOzoneClusterImpl-eeadbacc-06c2-472c-a3f4-8a25f61a295a/datanode-1/data/containers/hdds
2019-10-17 07:38:02,827 [Thread-0] INFO  impl.RaftServerProxy (ConfUtils.java:logGet(43)) - raft.rpc.type = GRPC (default)
2019-10-17 07:38:02,827 [Thread-0] INFO  grpc.GrpcFactory (GrpcFactory.java:checkPooledByteBufAllocatorUseCacheForAllThreads(45)) - PERFORMANCE WARNING: useCacheForAllThreads is true that may cause Netty to create a lot garbage objects and, as a result, trigger GC.
	It is recommended to disable useCacheForAllThreads by setting -Dorg.apache.ratis.thirdparty.io.netty.allocator.useCacheForAllThreads=false in command line.
2019-10-17 07:38:02,827 [Thread-0] INFO  grpc.GrpcConfigKeys$Server (ConfUtils.java:logGet(43)) - raft.grpc.server.port = 0 (default)
2019-10-17 07:38:02,827 [Thread-0] INFO  server.GrpcService (ConfUtils.java:logGet(43)) - raft.grpc.message.size.max = 33570816 (custom)
2019-10-17 07:38:02,828 [Thread-0] INFO  server.RaftServerConfigKeys (ConfUtils.java:logGet(43)) - raft.server.log.appender.buffer.byte-limit = 33554432 (custom)
2019-10-17 07:38:02,828 [Thread-0] INFO  server.GrpcService (ConfUtils.java:logGet(43)) - raft.grpc.flow.control.window = 1MB (=1048576) (default)
2019-10-17 07:38:02,828 [Thread-0] INFO  server.RaftServerConfigKeys (ConfUtils.java:logGet(43)) - raft.server.rpc.request.timeout = 3000ms (default)
2019-10-17 07:38:02,829 [Thread-0] INFO  server.RaftServerConfigKeys (ConfUtils.java:logGet(43)) - raft.server.storage.dir = [/workdir/hadoop-ozone/integration-test/target/test-dir/MiniOzoneClusterImpl-eeadbacc-06c2-472c-a3f4-8a25f61a295a/datanode-1/data/ratis] (custom)
2019-10-17 07:38:02,830 [Thread-0] INFO  hdfs.DFSUtil (DFSUtil.java:httpServerTemplateForNNAndJN(1641)) - Starting Web-server for hddsDatanode at: http://0.0.0.0:0
2019-10-17 07:38:02,832 [Thread-0] INFO  server.AuthenticationFilter (AuthenticationFilter.java:constructSecretProvider(240)) - Unable to initialize FileSignerSecretProvider, falling back to use random secrets.
2019-10-17 07:38:02,832 [Thread-0] WARN  http.HttpRequestLog (HttpRequestLog.java:getRequestLog(97)) - Jetty request log can only be enabled using Log4j
2019-10-17 07:38:02,834 [Thread-0] INFO  http.HttpServer2 (HttpServer2.java:addGlobalFilter(975)) - Added global filter 'safety' (class=org.apache.hadoop.http.HttpServer2$QuotingInputFilter)
2019-10-17 07:38:02,834 [Thread-0] INFO  http.HttpServer2 (HttpServer2.java:addFilter(948)) - Added filter static_user_filter (class=org.apache.hadoop.http.lib.StaticUserWebFilter$StaticUserFilter) to context hddsDatanode
2019-10-17 07:38:02,834 [Thread-0] INFO  http.HttpServer2 (HttpServer2.java:addFilter(958)) - Added filter static_user_filter (class=org.apache.hadoop.http.lib.StaticUserWebFilter$StaticUserFilter) to context static
2019-10-17 07:38:02,835 [Thread-0] INFO  http.HttpServer2 (HttpServer2.java:addFilter(958)) - Added filter static_user_filter (class=org.apache.hadoop.http.lib.StaticUserWebFilter$StaticUserFilter) to context logs
2019-10-17 07:38:02,835 [Thread-0] INFO  http.HttpServer2 (HttpServer2.java:bindListener(1191)) - Jetty bound to port 35688
2019-10-17 07:38:02,836 [Thread-0] INFO  server.Server (Server.java:doStart(351)) - jetty-9.3.25.v20180904, build timestamp: 2018-09-04T21:11:46Z, git hash: 3ce520221d0240229c862b122d2b06c12a625732
2019-10-17 07:38:02,840 [Thread-0] INFO  handler.ContextHandler (ContextHandler.java:doStart(781)) - Started o.e.j.s.ServletContextHandler@42eed357{/logs,file:///workdir/hadoop-ozone/integration-test/target/log,AVAILABLE}
2019-10-17 07:38:02,840 [Thread-0] INFO  handler.ContextHandler (ContextHandler.java:doStart(781)) - Started o.e.j.s.ServletContextHandler@78efb1e7{/static,jar:file:/home/user/.m2/repository/org/apache/hadoop/hadoop-hdds-container-service/0.5.0-SNAPSHOT/hadoop-hdds-container-service-0.5.0-SNAPSHOT.jar!/webapps/static,AVAILABLE}
2019-10-17 07:38:02,870 [Thread-0] INFO  handler.ContextHandler (ContextHandler.java:doStart(781)) - Started o.e.j.w.WebAppContext@6019aa11{/,file:///tmp/jetty-0.0.0.0-35688-hddsDatanode-_-any-8688190177379048394.dir/webapp/,AVAILABLE}{/hddsDatanode}
2019-10-17 07:38:02,871 [Thread-0] INFO  server.AbstractConnector (AbstractConnector.java:doStart(278)) - Started ServerConnector@33f6a80b{HTTP/1.1,[http/1.1]}{0.0.0.0:35688}
2019-10-17 07:38:02,872 [Thread-0] INFO  server.Server (Server.java:doStart(419)) - Started @6749ms
2019-10-17 07:38:02,872 [Thread-0] WARN  impl.MetricsSystemImpl (MetricsSystemImpl.java:register(276)) - Sink prometheus already exists!
2019-10-17 07:38:02,873 [Thread-0] INFO  server.BaseHttpServer (BaseHttpServer.java:updateConnectorAddress(215)) - HTTP server of HDDSDATANODE is listening at http://0.0.0.0:35688
2019-10-17 07:38:02,873 [Thread-0] INFO  impl.MetricsSystemImpl (MetricsSystemImpl.java:init(158)) - HddsDatanode metrics system started (again)
2019-10-17 07:38:02,876 [Thread-0] INFO  ozone.HddsDatanodeService (HddsDatanodeService.java:start(184)) - HddsDatanodeService host:pr-hdds-1868-lzclr-202649289 ip:192.168.34.62
2019-10-17 07:38:02,877 [org.apache.hadoop.util.JvmPauseMonitor$Monitor@2511cee2] INFO  util.JvmPauseMonitor (JvmPauseMonitor.java:run(188)) - Starting JVM pause monitor
2019-10-17 07:38:02,885 [Thread-0] INFO  volume.HddsVolume (HddsVolume.java:<init>(176)) - Creating Volume: /workdir/hadoop-ozone/integration-test/target/test-dir/MiniOzoneClusterImpl-eeadbacc-06c2-472c-a3f4-8a25f61a295a/datanode-2/data/containers/hdds of  storage type : DISK and capacity : 1482555576320
2019-10-17 07:38:02,886 [Thread-0] INFO  volume.VolumeSet (VolumeSet.java:initializeVolumeSet(170)) - Added Volume : /workdir/hadoop-ozone/integration-test/target/test-dir/MiniOzoneClusterImpl-eeadbacc-06c2-472c-a3f4-8a25f61a295a/datanode-2/data/containers/hdds to VolumeSet
2019-10-17 07:38:02,886 [Thread-0] INFO  volume.ThrottledAsyncChecker (ThrottledAsyncChecker.java:schedule(141)) - Scheduling a check for /workdir/hadoop-ozone/integration-test/target/test-dir/MiniOzoneClusterImpl-eeadbacc-06c2-472c-a3f4-8a25f61a295a/datanode-2/data/containers/hdds
2019-10-17 07:38:02,887 [Thread-0] INFO  volume.HddsVolumeChecker (HddsVolumeChecker.java:checkAllVolumes(204)) - Scheduled health check for volume /workdir/hadoop-ozone/integration-test/target/test-dir/MiniOzoneClusterImpl-eeadbacc-06c2-472c-a3f4-8a25f61a295a/datanode-2/data/containers/hdds
2019-10-17 07:38:02,900 [Thread-0] INFO  impl.RaftServerProxy (ConfUtils.java:logGet(43)) - raft.rpc.type = GRPC (default)
2019-10-17 07:38:02,900 [Thread-0] INFO  grpc.GrpcFactory (GrpcFactory.java:checkPooledByteBufAllocatorUseCacheForAllThreads(45)) - PERFORMANCE WARNING: useCacheForAllThreads is true that may cause Netty to create a lot garbage objects and, as a result, trigger GC.
	It is recommended to disable useCacheForAllThreads by setting -Dorg.apache.ratis.thirdparty.io.netty.allocator.useCacheForAllThreads=false in command line.
2019-10-17 07:38:02,900 [Thread-0] INFO  grpc.GrpcConfigKeys$Server (ConfUtils.java:logGet(43)) - raft.grpc.server.port = 0 (default)
2019-10-17 07:38:02,901 [Thread-0] INFO  server.GrpcService (ConfUtils.java:logGet(43)) - raft.grpc.message.size.max = 33570816 (custom)
2019-10-17 07:38:02,901 [Thread-0] INFO  server.RaftServerConfigKeys (ConfUtils.java:logGet(43)) - raft.server.log.appender.buffer.byte-limit = 33554432 (custom)
2019-10-17 07:38:02,901 [Thread-0] INFO  server.GrpcService (ConfUtils.java:logGet(43)) - raft.grpc.flow.control.window = 1MB (=1048576) (default)
2019-10-17 07:38:02,901 [Thread-0] INFO  server.RaftServerConfigKeys (ConfUtils.java:logGet(43)) - raft.server.rpc.request.timeout = 3000ms (default)
2019-10-17 07:38:02,902 [Thread-0] INFO  server.RaftServerConfigKeys (ConfUtils.java:logGet(43)) - raft.server.storage.dir = [/workdir/hadoop-ozone/integration-test/target/test-dir/MiniOzoneClusterImpl-eeadbacc-06c2-472c-a3f4-8a25f61a295a/datanode-2/data/ratis] (custom)
2019-10-17 07:38:02,904 [Thread-0] INFO  hdfs.DFSUtil (DFSUtil.java:httpServerTemplateForNNAndJN(1641)) - Starting Web-server for hddsDatanode at: http://0.0.0.0:0
2019-10-17 07:38:02,905 [Thread-0] INFO  server.AuthenticationFilter (AuthenticationFilter.java:constructSecretProvider(240)) - Unable to initialize FileSignerSecretProvider, falling back to use random secrets.
2019-10-17 07:38:02,906 [Thread-0] WARN  http.HttpRequestLog (HttpRequestLog.java:getRequestLog(97)) - Jetty request log can only be enabled using Log4j
2019-10-17 07:38:02,907 [Thread-0] INFO  http.HttpServer2 (HttpServer2.java:addGlobalFilter(975)) - Added global filter 'safety' (class=org.apache.hadoop.http.HttpServer2$QuotingInputFilter)
2019-10-17 07:38:02,908 [Thread-0] INFO  http.HttpServer2 (HttpServer2.java:addFilter(948)) - Added filter static_user_filter (class=org.apache.hadoop.http.lib.StaticUserWebFilter$StaticUserFilter) to context hddsDatanode
2019-10-17 07:38:02,908 [Thread-0] INFO  http.HttpServer2 (HttpServer2.java:addFilter(958)) - Added filter static_user_filter (class=org.apache.hadoop.http.lib.StaticUserWebFilter$StaticUserFilter) to context logs
2019-10-17 07:38:02,908 [Thread-0] INFO  http.HttpServer2 (HttpServer2.java:addFilter(958)) - Added filter static_user_filter (class=org.apache.hadoop.http.lib.StaticUserWebFilter$StaticUserFilter) to context static
2019-10-17 07:38:02,909 [Thread-0] INFO  http.HttpServer2 (HttpServer2.java:bindListener(1191)) - Jetty bound to port 39527
2019-10-17 07:38:02,909 [Thread-0] INFO  server.Server (Server.java:doStart(351)) - jetty-9.3.25.v20180904, build timestamp: 2018-09-04T21:11:46Z, git hash: 3ce520221d0240229c862b122d2b06c12a625732
2019-10-17 07:38:02,911 [Thread-0] INFO  handler.ContextHandler (ContextHandler.java:doStart(781)) - Started o.e.j.s.ServletContextHandler@4591aeed{/logs,file:///workdir/hadoop-ozone/integration-test/target/log,AVAILABLE}
2019-10-17 07:38:02,912 [Thread-0] INFO  handler.ContextHandler (ContextHandler.java:doStart(781)) - Started o.e.j.s.ServletContextHandler@2880f04f{/static,jar:file:/home/user/.m2/repository/org/apache/hadoop/hadoop-hdds-container-service/0.5.0-SNAPSHOT/hadoop-hdds-container-service-0.5.0-SNAPSHOT.jar!/webapps/static,AVAILABLE}
2019-10-17 07:38:02,930 [Datanode State Machine Thread - 0] INFO  datanode.InitDatanodeState (InitDatanodeState.java:persistContainerDatanodeDetails(140)) - DatanodeDetails is persisted to /workdir/hadoop-ozone/integration-test/target/test-dir/MiniOzoneClusterImpl-eeadbacc-06c2-472c-a3f4-8a25f61a295a/datanode-0/meta/datanode.id
2019-10-17 07:38:02,933 [Datanode State Machine Thread - 0] INFO  datanode.InitDatanodeState (InitDatanodeState.java:persistContainerDatanodeDetails(140)) - DatanodeDetails is persisted to /workdir/hadoop-ozone/integration-test/target/test-dir/MiniOzoneClusterImpl-eeadbacc-06c2-472c-a3f4-8a25f61a295a/datanode-1/meta/datanode.id
2019-10-17 07:38:02,944 [Thread-0] INFO  handler.ContextHandler (ContextHandler.java:doStart(781)) - Started o.e.j.w.WebAppContext@2d2cb891{/,file:///tmp/jetty-0.0.0.0-39527-hddsDatanode-_-any-6784446131731960143.dir/webapp/,AVAILABLE}{/hddsDatanode}
2019-10-17 07:38:02,945 [Thread-0] INFO  server.AbstractConnector (AbstractConnector.java:doStart(278)) - Started ServerConnector@2ca17423{HTTP/1.1,[http/1.1]}{0.0.0.0:39527}
2019-10-17 07:38:02,945 [Thread-0] INFO  server.Server (Server.java:doStart(419)) - Started @6823ms
2019-10-17 07:38:02,946 [Thread-0] WARN  impl.MetricsSystemImpl (MetricsSystemImpl.java:register(276)) - Sink prometheus already exists!
2019-10-17 07:38:02,947 [Thread-0] INFO  server.BaseHttpServer (BaseHttpServer.java:updateConnectorAddress(215)) - HTTP server of HDDSDATANODE is listening at http://0.0.0.0:39527
2019-10-17 07:38:02,948 [Thread-0] INFO  impl.MetricsSystemImpl (MetricsSystemImpl.java:init(158)) - HddsDatanode metrics system started (again)
2019-10-17 07:38:02,951 [Thread-0] INFO  ozone.HddsDatanodeService (HddsDatanodeService.java:start(184)) - HddsDatanodeService host:pr-hdds-1868-lzclr-202649289 ip:192.168.34.62
2019-10-17 07:38:02,951 [org.apache.hadoop.util.JvmPauseMonitor$Monitor@30c7da5e] INFO  util.JvmPauseMonitor (JvmPauseMonitor.java:run(188)) - Starting JVM pause monitor
2019-10-17 07:38:02,955 [Datanode State Machine Thread - 0] INFO  datanode.InitDatanodeState (InitDatanodeState.java:persistContainerDatanodeDetails(140)) - DatanodeDetails is persisted to /workdir/hadoop-ozone/integration-test/target/test-dir/MiniOzoneClusterImpl-eeadbacc-06c2-472c-a3f4-8a25f61a295a/datanode-2/meta/datanode.id
2019-10-17 07:38:02,964 [Thread-0] INFO  volume.HddsVolume (HddsVolume.java:<init>(176)) - Creating Volume: /workdir/hadoop-ozone/integration-test/target/test-dir/MiniOzoneClusterImpl-eeadbacc-06c2-472c-a3f4-8a25f61a295a/datanode-3/data/containers/hdds of  storage type : DISK and capacity : 1482555576320
2019-10-17 07:38:02,965 [Thread-0] INFO  volume.VolumeSet (VolumeSet.java:initializeVolumeSet(170)) - Added Volume : /workdir/hadoop-ozone/integration-test/target/test-dir/MiniOzoneClusterImpl-eeadbacc-06c2-472c-a3f4-8a25f61a295a/datanode-3/data/containers/hdds to VolumeSet
2019-10-17 07:38:02,965 [Thread-0] INFO  volume.ThrottledAsyncChecker (ThrottledAsyncChecker.java:schedule(141)) - Scheduling a check for /workdir/hadoop-ozone/integration-test/target/test-dir/MiniOzoneClusterImpl-eeadbacc-06c2-472c-a3f4-8a25f61a295a/datanode-3/data/containers/hdds
2019-10-17 07:38:02,967 [Thread-0] INFO  volume.HddsVolumeChecker (HddsVolumeChecker.java:checkAllVolumes(204)) - Scheduled health check for volume /workdir/hadoop-ozone/integration-test/target/test-dir/MiniOzoneClusterImpl-eeadbacc-06c2-472c-a3f4-8a25f61a295a/datanode-3/data/containers/hdds
2019-10-17 07:38:02,987 [Thread-0] INFO  impl.RaftServerProxy (ConfUtils.java:logGet(43)) - raft.rpc.type = GRPC (default)
2019-10-17 07:38:02,987 [Thread-0] INFO  grpc.GrpcFactory (GrpcFactory.java:checkPooledByteBufAllocatorUseCacheForAllThreads(45)) - PERFORMANCE WARNING: useCacheForAllThreads is true that may cause Netty to create a lot garbage objects and, as a result, trigger GC.
	It is recommended to disable useCacheForAllThreads by setting -Dorg.apache.ratis.thirdparty.io.netty.allocator.useCacheForAllThreads=false in command line.
2019-10-17 07:38:02,987 [Thread-0] INFO  grpc.GrpcConfigKeys$Server (ConfUtils.java:logGet(43)) - raft.grpc.server.port = 0 (default)
2019-10-17 07:38:02,988 [Thread-0] INFO  server.GrpcService (ConfUtils.java:logGet(43)) - raft.grpc.message.size.max = 33570816 (custom)
2019-10-17 07:38:02,988 [Thread-0] INFO  server.RaftServerConfigKeys (ConfUtils.java:logGet(43)) - raft.server.log.appender.buffer.byte-limit = 33554432 (custom)
2019-10-17 07:38:02,988 [Thread-0] INFO  server.GrpcService (ConfUtils.java:logGet(43)) - raft.grpc.flow.control.window = 1MB (=1048576) (default)
2019-10-17 07:38:02,988 [Thread-0] INFO  server.RaftServerConfigKeys (ConfUtils.java:logGet(43)) - raft.server.rpc.request.timeout = 3000ms (default)
2019-10-17 07:38:02,989 [Thread-0] INFO  server.RaftServerConfigKeys (ConfUtils.java:logGet(43)) - raft.server.storage.dir = [/workdir/hadoop-ozone/integration-test/target/test-dir/MiniOzoneClusterImpl-eeadbacc-06c2-472c-a3f4-8a25f61a295a/datanode-3/data/ratis] (custom)
2019-10-17 07:38:02,992 [Thread-0] INFO  hdfs.DFSUtil (DFSUtil.java:httpServerTemplateForNNAndJN(1641)) - Starting Web-server for hddsDatanode at: http://0.0.0.0:0
2019-10-17 07:38:02,994 [Thread-0] INFO  server.AuthenticationFilter (AuthenticationFilter.java:constructSecretProvider(240)) - Unable to initialize FileSignerSecretProvider, falling back to use random secrets.
2019-10-17 07:38:02,995 [Thread-0] WARN  http.HttpRequestLog (HttpRequestLog.java:getRequestLog(97)) - Jetty request log can only be enabled using Log4j
2019-10-17 07:38:02,998 [Thread-0] INFO  http.HttpServer2 (HttpServer2.java:addGlobalFilter(975)) - Added global filter 'safety' (class=org.apache.hadoop.http.HttpServer2$QuotingInputFilter)
2019-10-17 07:38:02,999 [Thread-0] INFO  http.HttpServer2 (HttpServer2.java:addFilter(948)) - Added filter static_user_filter (class=org.apache.hadoop.http.lib.StaticUserWebFilter$StaticUserFilter) to context hddsDatanode
2019-10-17 07:38:02,999 [Thread-0] INFO  http.HttpServer2 (HttpServer2.java:addFilter(958)) - Added filter static_user_filter (class=org.apache.hadoop.http.lib.StaticUserWebFilter$StaticUserFilter) to context logs
2019-10-17 07:38:02,999 [Thread-0] INFO  http.HttpServer2 (HttpServer2.java:addFilter(958)) - Added filter static_user_filter (class=org.apache.hadoop.http.lib.StaticUserWebFilter$StaticUserFilter) to context static
2019-10-17 07:38:03,000 [Thread-0] INFO  http.HttpServer2 (HttpServer2.java:bindListener(1191)) - Jetty bound to port 36277
2019-10-17 07:38:03,001 [Thread-0] INFO  server.Server (Server.java:doStart(351)) - jetty-9.3.25.v20180904, build timestamp: 2018-09-04T21:11:46Z, git hash: 3ce520221d0240229c862b122d2b06c12a625732
2019-10-17 07:38:03,005 [Thread-0] INFO  handler.ContextHandler (ContextHandler.java:doStart(781)) - Started o.e.j.s.ServletContextHandler@649cf00{/logs,file:///workdir/hadoop-ozone/integration-test/target/log,AVAILABLE}
2019-10-17 07:38:03,006 [Thread-0] INFO  handler.ContextHandler (ContextHandler.java:doStart(781)) - Started o.e.j.s.ServletContextHandler@5ddfd515{/static,jar:file:/home/user/.m2/repository/org/apache/hadoop/hadoop-hdds-container-service/0.5.0-SNAPSHOT/hadoop-hdds-container-service-0.5.0-SNAPSHOT.jar!/webapps/static,AVAILABLE}
2019-10-17 07:38:03,054 [Thread-0] INFO  handler.ContextHandler (ContextHandler.java:doStart(781)) - Started o.e.j.w.WebAppContext@7a27845c{/,file:///tmp/jetty-0.0.0.0-36277-hddsDatanode-_-any-304548455638277065.dir/webapp/,AVAILABLE}{/hddsDatanode}
2019-10-17 07:38:03,054 [Thread-0] INFO  server.AbstractConnector (AbstractConnector.java:doStart(278)) - Started ServerConnector@7744f648{HTTP/1.1,[http/1.1]}{0.0.0.0:36277}
2019-10-17 07:38:03,055 [Thread-0] INFO  server.Server (Server.java:doStart(419)) - Started @6932ms
2019-10-17 07:38:03,055 [Thread-0] WARN  impl.MetricsSystemImpl (MetricsSystemImpl.java:register(276)) - Sink prometheus already exists!
2019-10-17 07:38:03,056 [Thread-0] INFO  server.BaseHttpServer (BaseHttpServer.java:updateConnectorAddress(215)) - HTTP server of HDDSDATANODE is listening at http://0.0.0.0:36277
2019-10-17 07:38:03,057 [Thread-0] INFO  impl.MetricsSystemImpl (MetricsSystemImpl.java:init(158)) - HddsDatanode metrics system started (again)
2019-10-17 07:38:03,060 [Thread-0] INFO  ozone.HddsDatanodeService (HddsDatanodeService.java:start(184)) - HddsDatanodeService host:pr-hdds-1868-lzclr-202649289 ip:192.168.34.62
2019-10-17 07:38:03,061 [org.apache.hadoop.util.JvmPauseMonitor$Monitor@4069d6e0] INFO  util.JvmPauseMonitor (JvmPauseMonitor.java:run(188)) - Starting JVM pause monitor
2019-10-17 07:38:03,064 [Datanode State Machine Thread - 0] INFO  datanode.InitDatanodeState (InitDatanodeState.java:persistContainerDatanodeDetails(140)) - DatanodeDetails is persisted to /workdir/hadoop-ozone/integration-test/target/test-dir/MiniOzoneClusterImpl-eeadbacc-06c2-472c-a3f4-8a25f61a295a/datanode-3/meta/datanode.id
2019-10-17 07:38:03,069 [Thread-0] INFO  volume.HddsVolume (HddsVolume.java:<init>(176)) - Creating Volume: /workdir/hadoop-ozone/integration-test/target/test-dir/MiniOzoneClusterImpl-eeadbacc-06c2-472c-a3f4-8a25f61a295a/datanode-4/data/containers/hdds of  storage type : DISK and capacity : 1482555576320
2019-10-17 07:38:03,069 [Thread-0] INFO  volume.VolumeSet (VolumeSet.java:initializeVolumeSet(170)) - Added Volume : /workdir/hadoop-ozone/integration-test/target/test-dir/MiniOzoneClusterImpl-eeadbacc-06c2-472c-a3f4-8a25f61a295a/datanode-4/data/containers/hdds to VolumeSet
2019-10-17 07:38:03,069 [Thread-0] INFO  volume.ThrottledAsyncChecker (ThrottledAsyncChecker.java:schedule(141)) - Scheduling a check for /workdir/hadoop-ozone/integration-test/target/test-dir/MiniOzoneClusterImpl-eeadbacc-06c2-472c-a3f4-8a25f61a295a/datanode-4/data/containers/hdds
2019-10-17 07:38:03,070 [Thread-0] INFO  volume.HddsVolumeChecker (HddsVolumeChecker.java:checkAllVolumes(204)) - Scheduled health check for volume /workdir/hadoop-ozone/integration-test/target/test-dir/MiniOzoneClusterImpl-eeadbacc-06c2-472c-a3f4-8a25f61a295a/datanode-4/data/containers/hdds
2019-10-17 07:38:03,084 [Thread-0] INFO  impl.RaftServerProxy (ConfUtils.java:logGet(43)) - raft.rpc.type = GRPC (default)
2019-10-17 07:38:03,085 [Thread-0] INFO  grpc.GrpcFactory (GrpcFactory.java:checkPooledByteBufAllocatorUseCacheForAllThreads(45)) - PERFORMANCE WARNING: useCacheForAllThreads is true that may cause Netty to create a lot garbage objects and, as a result, trigger GC.
	It is recommended to disable useCacheForAllThreads by setting -Dorg.apache.ratis.thirdparty.io.netty.allocator.useCacheForAllThreads=false in command line.
2019-10-17 07:38:03,085 [Thread-0] INFO  grpc.GrpcConfigKeys$Server (ConfUtils.java:logGet(43)) - raft.grpc.server.port = 0 (default)
2019-10-17 07:38:03,085 [Thread-0] INFO  server.GrpcService (ConfUtils.java:logGet(43)) - raft.grpc.message.size.max = 33570816 (custom)
2019-10-17 07:38:03,085 [Thread-0] INFO  server.RaftServerConfigKeys (ConfUtils.java:logGet(43)) - raft.server.log.appender.buffer.byte-limit = 33554432 (custom)
2019-10-17 07:38:03,085 [Thread-0] INFO  server.GrpcService (ConfUtils.java:logGet(43)) - raft.grpc.flow.control.window = 1MB (=1048576) (default)
2019-10-17 07:38:03,086 [Thread-0] INFO  server.RaftServerConfigKeys (ConfUtils.java:logGet(43)) - raft.server.rpc.request.timeout = 3000ms (default)
2019-10-17 07:38:03,086 [Thread-0] INFO  server.RaftServerConfigKeys (ConfUtils.java:logGet(43)) - raft.server.storage.dir = [/workdir/hadoop-ozone/integration-test/target/test-dir/MiniOzoneClusterImpl-eeadbacc-06c2-472c-a3f4-8a25f61a295a/datanode-4/data/ratis] (custom)
2019-10-17 07:38:03,088 [Thread-0] INFO  hdfs.DFSUtil (DFSUtil.java:httpServerTemplateForNNAndJN(1641)) - Starting Web-server for hddsDatanode at: http://0.0.0.0:0
2019-10-17 07:38:03,089 [Thread-0] INFO  server.AuthenticationFilter (AuthenticationFilter.java:constructSecretProvider(240)) - Unable to initialize FileSignerSecretProvider, falling back to use random secrets.
2019-10-17 07:38:03,090 [Thread-0] WARN  http.HttpRequestLog (HttpRequestLog.java:getRequestLog(97)) - Jetty request log can only be enabled using Log4j
2019-10-17 07:38:03,092 [Thread-0] INFO  http.HttpServer2 (HttpServer2.java:addGlobalFilter(975)) - Added global filter 'safety' (class=org.apache.hadoop.http.HttpServer2$QuotingInputFilter)
2019-10-17 07:38:03,092 [Thread-0] INFO  http.HttpServer2 (HttpServer2.java:addFilter(948)) - Added filter static_user_filter (class=org.apache.hadoop.http.lib.StaticUserWebFilter$StaticUserFilter) to context hddsDatanode
2019-10-17 07:38:03,093 [Thread-0] INFO  http.HttpServer2 (HttpServer2.java:addFilter(958)) - Added filter static_user_filter (class=org.apache.hadoop.http.lib.StaticUserWebFilter$StaticUserFilter) to context static
2019-10-17 07:38:03,093 [Thread-0] INFO  http.HttpServer2 (HttpServer2.java:addFilter(958)) - Added filter static_user_filter (class=org.apache.hadoop.http.lib.StaticUserWebFilter$StaticUserFilter) to context logs
2019-10-17 07:38:03,093 [Thread-0] INFO  http.HttpServer2 (HttpServer2.java:bindListener(1191)) - Jetty bound to port 44686
2019-10-17 07:38:03,094 [Thread-0] INFO  server.Server (Server.java:doStart(351)) - jetty-9.3.25.v20180904, build timestamp: 2018-09-04T21:11:46Z, git hash: 3ce520221d0240229c862b122d2b06c12a625732
2019-10-17 07:38:03,096 [Thread-0] INFO  handler.ContextHandler (ContextHandler.java:doStart(781)) - Started o.e.j.s.ServletContextHandler@5064de39{/logs,file:///workdir/hadoop-ozone/integration-test/target/log,AVAILABLE}
2019-10-17 07:38:03,096 [Thread-0] INFO  handler.ContextHandler (ContextHandler.java:doStart(781)) - Started o.e.j.s.ServletContextHandler@353fb64e{/static,jar:file:/home/user/.m2/repository/org/apache/hadoop/hadoop-hdds-container-service/0.5.0-SNAPSHOT/hadoop-hdds-container-service-0.5.0-SNAPSHOT.jar!/webapps/static,AVAILABLE}
2019-10-17 07:38:03,126 [Thread-0] INFO  handler.ContextHandler (ContextHandler.java:doStart(781)) - Started o.e.j.w.WebAppContext@6fd780c{/,file:///tmp/jetty-0.0.0.0-44686-hddsDatanode-_-any-4016451594975875364.dir/webapp/,AVAILABLE}{/hddsDatanode}
2019-10-17 07:38:03,127 [Thread-0] INFO  server.AbstractConnector (AbstractConnector.java:doStart(278)) - Started ServerConnector@3cc97f44{HTTP/1.1,[http/1.1]}{0.0.0.0:44686}
2019-10-17 07:38:03,127 [Thread-0] INFO  server.Server (Server.java:doStart(419)) - Started @7004ms
2019-10-17 07:38:03,127 [Thread-0] WARN  impl.MetricsSystemImpl (MetricsSystemImpl.java:register(276)) - Sink prometheus already exists!
2019-10-17 07:38:03,128 [Thread-0] INFO  server.BaseHttpServer (BaseHttpServer.java:updateConnectorAddress(215)) - HTTP server of HDDSDATANODE is listening at http://0.0.0.0:44686
2019-10-17 07:38:03,129 [Thread-0] INFO  impl.MetricsSystemImpl (MetricsSystemImpl.java:init(158)) - HddsDatanode metrics system started (again)
2019-10-17 07:38:03,132 [Thread-0] INFO  ozone.HddsDatanodeService (HddsDatanodeService.java:start(184)) - HddsDatanodeService host:pr-hdds-1868-lzclr-202649289 ip:192.168.34.62
2019-10-17 07:38:03,133 [org.apache.hadoop.util.JvmPauseMonitor$Monitor@5f9a7752] INFO  util.JvmPauseMonitor (JvmPauseMonitor.java:run(188)) - Starting JVM pause monitor
2019-10-17 07:38:03,136 [Datanode State Machine Thread - 0] INFO  datanode.InitDatanodeState (InitDatanodeState.java:persistContainerDatanodeDetails(140)) - DatanodeDetails is persisted to /workdir/hadoop-ozone/integration-test/target/test-dir/MiniOzoneClusterImpl-eeadbacc-06c2-472c-a3f4-8a25f61a295a/datanode-4/meta/datanode.id
2019-10-17 07:38:03,142 [Thread-0] INFO  volume.HddsVolume (HddsVolume.java:<init>(176)) - Creating Volume: /workdir/hadoop-ozone/integration-test/target/test-dir/MiniOzoneClusterImpl-eeadbacc-06c2-472c-a3f4-8a25f61a295a/datanode-5/data/containers/hdds of  storage type : DISK and capacity : 1482555576320
2019-10-17 07:38:03,142 [Thread-0] INFO  volume.VolumeSet (VolumeSet.java:initializeVolumeSet(170)) - Added Volume : /workdir/hadoop-ozone/integration-test/target/test-dir/MiniOzoneClusterImpl-eeadbacc-06c2-472c-a3f4-8a25f61a295a/datanode-5/data/containers/hdds to VolumeSet
2019-10-17 07:38:03,142 [Thread-0] INFO  volume.ThrottledAsyncChecker (ThrottledAsyncChecker.java:schedule(141)) - Scheduling a check for /workdir/hadoop-ozone/integration-test/target/test-dir/MiniOzoneClusterImpl-eeadbacc-06c2-472c-a3f4-8a25f61a295a/datanode-5/data/containers/hdds
2019-10-17 07:38:03,143 [Thread-0] INFO  volume.HddsVolumeChecker (HddsVolumeChecker.java:checkAllVolumes(204)) - Scheduled health check for volume /workdir/hadoop-ozone/integration-test/target/test-dir/MiniOzoneClusterImpl-eeadbacc-06c2-472c-a3f4-8a25f61a295a/datanode-5/data/containers/hdds
2019-10-17 07:38:03,159 [Thread-0] INFO  impl.RaftServerProxy (ConfUtils.java:logGet(43)) - raft.rpc.type = GRPC (default)
2019-10-17 07:38:03,159 [Thread-0] INFO  grpc.GrpcFactory (GrpcFactory.java:checkPooledByteBufAllocatorUseCacheForAllThreads(45)) - PERFORMANCE WARNING: useCacheForAllThreads is true that may cause Netty to create a lot garbage objects and, as a result, trigger GC.
	It is recommended to disable useCacheForAllThreads by setting -Dorg.apache.ratis.thirdparty.io.netty.allocator.useCacheForAllThreads=false in command line.
2019-10-17 07:38:03,159 [Thread-0] INFO  grpc.GrpcConfigKeys$Server (ConfUtils.java:logGet(43)) - raft.grpc.server.port = 0 (default)
2019-10-17 07:38:03,160 [Thread-0] INFO  server.GrpcService (ConfUtils.java:logGet(43)) - raft.grpc.message.size.max = 33570816 (custom)
2019-10-17 07:38:03,160 [Thread-0] INFO  server.RaftServerConfigKeys (ConfUtils.java:logGet(43)) - raft.server.log.appender.buffer.byte-limit = 33554432 (custom)
2019-10-17 07:38:03,160 [Thread-0] INFO  server.GrpcService (ConfUtils.java:logGet(43)) - raft.grpc.flow.control.window = 1MB (=1048576) (default)
2019-10-17 07:38:03,160 [Thread-0] INFO  server.RaftServerConfigKeys (ConfUtils.java:logGet(43)) - raft.server.rpc.request.timeout = 3000ms (default)
2019-10-17 07:38:03,161 [Thread-0] INFO  server.RaftServerConfigKeys (ConfUtils.java:logGet(43)) - raft.server.storage.dir = [/workdir/hadoop-ozone/integration-test/target/test-dir/MiniOzoneClusterImpl-eeadbacc-06c2-472c-a3f4-8a25f61a295a/datanode-5/data/ratis] (custom)
2019-10-17 07:38:03,162 [Thread-0] INFO  hdfs.DFSUtil (DFSUtil.java:httpServerTemplateForNNAndJN(1641)) - Starting Web-server for hddsDatanode at: http://0.0.0.0:0
2019-10-17 07:38:03,163 [Thread-0] INFO  server.AuthenticationFilter (AuthenticationFilter.java:constructSecretProvider(240)) - Unable to initialize FileSignerSecretProvider, falling back to use random secrets.
2019-10-17 07:38:03,164 [Thread-0] WARN  http.HttpRequestLog (HttpRequestLog.java:getRequestLog(97)) - Jetty request log can only be enabled using Log4j
2019-10-17 07:38:03,165 [Thread-0] INFO  http.HttpServer2 (HttpServer2.java:addGlobalFilter(975)) - Added global filter 'safety' (class=org.apache.hadoop.http.HttpServer2$QuotingInputFilter)
2019-10-17 07:38:03,166 [Thread-0] INFO  http.HttpServer2 (HttpServer2.java:addFilter(948)) - Added filter static_user_filter (class=org.apache.hadoop.http.lib.StaticUserWebFilter$StaticUserFilter) to context hddsDatanode
2019-10-17 07:38:03,166 [Thread-0] INFO  http.HttpServer2 (HttpServer2.java:addFilter(958)) - Added filter static_user_filter (class=org.apache.hadoop.http.lib.StaticUserWebFilter$StaticUserFilter) to context logs
2019-10-17 07:38:03,166 [Thread-0] INFO  http.HttpServer2 (HttpServer2.java:addFilter(958)) - Added filter static_user_filter (class=org.apache.hadoop.http.lib.StaticUserWebFilter$StaticUserFilter) to context static
2019-10-17 07:38:03,167 [Thread-0] INFO  http.HttpServer2 (HttpServer2.java:bindListener(1191)) - Jetty bound to port 34069
2019-10-17 07:38:03,167 [Thread-0] INFO  server.Server (Server.java:doStart(351)) - jetty-9.3.25.v20180904, build timestamp: 2018-09-04T21:11:46Z, git hash: 3ce520221d0240229c862b122d2b06c12a625732
2019-10-17 07:38:03,169 [Thread-0] INFO  handler.ContextHandler (ContextHandler.java:doStart(781)) - Started o.e.j.s.ServletContextHandler@6509734e{/logs,file:///workdir/hadoop-ozone/integration-test/target/log,AVAILABLE}
2019-10-17 07:38:03,170 [Thread-0] INFO  handler.ContextHandler (ContextHandler.java:doStart(781)) - Started o.e.j.s.ServletContextHandler@53fb375{/static,jar:file:/home/user/.m2/repository/org/apache/hadoop/hadoop-hdds-container-service/0.5.0-SNAPSHOT/hadoop-hdds-container-service-0.5.0-SNAPSHOT.jar!/webapps/static,AVAILABLE}
2019-10-17 07:38:03,200 [Thread-0] INFO  handler.ContextHandler (ContextHandler.java:doStart(781)) - Started o.e.j.w.WebAppContext@4a900883{/,file:///tmp/jetty-0.0.0.0-34069-hddsDatanode-_-any-1244721271362382835.dir/webapp/,AVAILABLE}{/hddsDatanode}
2019-10-17 07:38:03,200 [Thread-0] INFO  server.AbstractConnector (AbstractConnector.java:doStart(278)) - Started ServerConnector@76899234{HTTP/1.1,[http/1.1]}{0.0.0.0:34069}
2019-10-17 07:38:03,201 [Thread-0] INFO  server.Server (Server.java:doStart(419)) - Started @7078ms
2019-10-17 07:38:03,201 [Thread-0] WARN  impl.MetricsSystemImpl (MetricsSystemImpl.java:register(276)) - Sink prometheus already exists!
2019-10-17 07:38:03,202 [Thread-0] INFO  server.BaseHttpServer (BaseHttpServer.java:updateConnectorAddress(215)) - HTTP server of HDDSDATANODE is listening at http://0.0.0.0:34069
2019-10-17 07:38:03,204 [Thread-0] INFO  ozone.MiniOzoneClusterImpl (MiniOzoneClusterImpl.java:lambda$waitForClusterToBeReady$2(172)) - Waiting for cluster to be ready. Got 0 of 6 DN Heartbeats.
2019-10-17 07:38:03,205 [org.apache.hadoop.util.JvmPauseMonitor$Monitor@19d3e3cd] INFO  util.JvmPauseMonitor (JvmPauseMonitor.java:run(188)) - Starting JVM pause monitor
2019-10-17 07:38:03,209 [Datanode State Machine Thread - 0] INFO  datanode.InitDatanodeState (InitDatanodeState.java:persistContainerDatanodeDetails(140)) - DatanodeDetails is persisted to /workdir/hadoop-ozone/integration-test/target/test-dir/MiniOzoneClusterImpl-eeadbacc-06c2-472c-a3f4-8a25f61a295a/datanode-5/meta/datanode.id
2019-10-17 07:38:04,204 [Thread-0] INFO  ozone.MiniOzoneClusterImpl (MiniOzoneClusterImpl.java:lambda$waitForClusterToBeReady$2(172)) - Waiting for cluster to be ready. Got 0 of 6 DN Heartbeats.
2019-10-17 07:38:05,065 [Datanode State Machine Thread - 0] INFO  ozoneimpl.OzoneContainer (OzoneContainer.java:start(213)) - Attempting to start container services.
2019-10-17 07:38:05,066 [Datanode State Machine Thread - 0] INFO  ozoneimpl.OzoneContainer (OzoneContainer.java:start(213)) - Attempting to start container services.
2019-10-17 07:38:05,065 [Datanode State Machine Thread - 0] INFO  ozoneimpl.OzoneContainer (OzoneContainer.java:start(213)) - Attempting to start container services.
2019-10-17 07:38:05,071 [Datanode State Machine Thread - 0] INFO  ozoneimpl.OzoneContainer (OzoneContainer.java:startContainerScrub(177)) - Background container scanner has been disabled.
2019-10-17 07:38:05,071 [Datanode State Machine Thread - 0] INFO  ratis.XceiverServerRatis (XceiverServerRatis.java:start(424)) - Starting XceiverServerRatis 920a4478-64f4-4720-983c-9a2102f3c94b at port 0
2019-10-17 07:38:05,072 [Datanode State Machine Thread - 0] INFO  ozoneimpl.OzoneContainer (OzoneContainer.java:startContainerScrub(177)) - Background container scanner has been disabled.
2019-10-17 07:38:05,072 [Datanode State Machine Thread - 0] INFO  ratis.XceiverServerRatis (XceiverServerRatis.java:start(424)) - Starting XceiverServerRatis 05f59524-a4ea-4be4-b99d-fb9eed47142d at port 0
2019-10-17 07:38:05,073 [Datanode State Machine Thread - 0] INFO  ozoneimpl.OzoneContainer (OzoneContainer.java:startContainerScrub(177)) - Background container scanner has been disabled.
2019-10-17 07:38:05,073 [Datanode State Machine Thread - 0] INFO  ratis.XceiverServerRatis (XceiverServerRatis.java:start(424)) - Starting XceiverServerRatis 6befc45b-dcf8-424c-b341-d7aa439c4bd9 at port 0
2019-10-17 07:38:05,095 [Datanode State Machine Thread - 0] INFO  ozoneimpl.OzoneContainer (OzoneContainer.java:start(213)) - Attempting to start container services.
2019-10-17 07:38:05,109 [Datanode State Machine Thread - 0] INFO  ozoneimpl.OzoneContainer (OzoneContainer.java:startContainerScrub(177)) - Background container scanner has been disabled.
2019-10-17 07:38:05,109 [Datanode State Machine Thread - 0] INFO  ratis.XceiverServerRatis (XceiverServerRatis.java:start(424)) - Starting XceiverServerRatis 4b035f45-7941-40c3-ba2d-1cbecd2d369e at port 0
2019-10-17 07:38:05,131 [Datanode State Machine Thread - 0] INFO  impl.RaftServerProxy (RaftServerProxy.java:lambda$start$3(299)) - 05f59524-a4ea-4be4-b99d-fb9eed47142d: start RPC server
2019-10-17 07:38:05,131 [Datanode State Machine Thread - 0] INFO  impl.RaftServerProxy (RaftServerProxy.java:lambda$start$3(299)) - 920a4478-64f4-4720-983c-9a2102f3c94b: start RPC server
2019-10-17 07:38:05,131 [Datanode State Machine Thread - 0] INFO  impl.RaftServerProxy (RaftServerProxy.java:lambda$start$3(299)) - 6befc45b-dcf8-424c-b341-d7aa439c4bd9: start RPC server
2019-10-17 07:38:05,134 [Datanode State Machine Thread - 0] INFO  impl.RaftServerProxy (RaftServerProxy.java:lambda$start$3(299)) - 4b035f45-7941-40c3-ba2d-1cbecd2d369e: start RPC server
2019-10-17 07:38:05,205 [Thread-0] INFO  ozone.MiniOzoneClusterImpl (MiniOzoneClusterImpl.java:lambda$waitForClusterToBeReady$2(172)) - Waiting for cluster to be ready. Got 0 of 6 DN Heartbeats.
2019-10-17 07:38:05,261 [Datanode State Machine Thread - 0] INFO  ozoneimpl.OzoneContainer (OzoneContainer.java:start(213)) - Attempting to start container services.
2019-10-17 07:38:05,261 [Datanode State Machine Thread - 0] INFO  ozoneimpl.OzoneContainer (OzoneContainer.java:start(213)) - Attempting to start container services.
2019-10-17 07:38:05,262 [Datanode State Machine Thread - 0] INFO  ozoneimpl.OzoneContainer (OzoneContainer.java:startContainerScrub(177)) - Background container scanner has been disabled.
2019-10-17 07:38:05,262 [Datanode State Machine Thread - 0] INFO  ratis.XceiverServerRatis (XceiverServerRatis.java:start(424)) - Starting XceiverServerRatis 57d83d75-a41d-4aa4-98a2-4186e05ab504 at port 0
2019-10-17 07:38:05,262 [Datanode State Machine Thread - 0] INFO  ozoneimpl.OzoneContainer (OzoneContainer.java:startContainerScrub(177)) - Background container scanner has been disabled.
2019-10-17 07:38:05,262 [Datanode State Machine Thread - 0] INFO  ratis.XceiverServerRatis (XceiverServerRatis.java:start(424)) - Starting XceiverServerRatis 2636e257-7a47-4bf8-b940-93a028f0c6b6 at port 0
2019-10-17 07:38:05,287 [Datanode State Machine Thread - 0] INFO  impl.RaftServerProxy (RaftServerProxy.java:lambda$start$3(299)) - 2636e257-7a47-4bf8-b940-93a028f0c6b6: start RPC server
2019-10-17 07:38:05,292 [Datanode State Machine Thread - 0] INFO  impl.RaftServerProxy (RaftServerProxy.java:lambda$start$3(299)) - 57d83d75-a41d-4aa4-98a2-4186e05ab504: start RPC server
2019-10-17 07:38:05,294 [Datanode State Machine Thread - 0] INFO  server.GrpcService (GrpcService.java:startImpl(158)) - 4b035f45-7941-40c3-ba2d-1cbecd2d369e: GrpcService started, listening on 0.0.0.0/0.0.0.0:45443
2019-10-17 07:38:05,294 [Datanode State Machine Thread - 0] INFO  server.GrpcService (GrpcService.java:startImpl(158)) - 920a4478-64f4-4720-983c-9a2102f3c94b: GrpcService started, listening on 0.0.0.0/0.0.0.0:38609
2019-10-17 07:38:05,295 [Datanode State Machine Thread - 0] INFO  ratis.XceiverServerRatis (XceiverServerRatis.java:start(434)) - XceiverServerRatis 4b035f45-7941-40c3-ba2d-1cbecd2d369e is started using port 45443
2019-10-17 07:38:05,294 [Datanode State Machine Thread - 0] INFO  server.GrpcService (GrpcService.java:startImpl(158)) - 6befc45b-dcf8-424c-b341-d7aa439c4bd9: GrpcService started, listening on 0.0.0.0/0.0.0.0:36500
2019-10-17 07:38:05,294 [Datanode State Machine Thread - 0] INFO  server.GrpcService (GrpcService.java:startImpl(158)) - 05f59524-a4ea-4be4-b99d-fb9eed47142d: GrpcService started, listening on 0.0.0.0/0.0.0.0:45919
2019-10-17 07:38:05,294 [Datanode State Machine Thread - 0] INFO  server.GrpcService (GrpcService.java:startImpl(158)) - 2636e257-7a47-4bf8-b940-93a028f0c6b6: GrpcService started, listening on 0.0.0.0/0.0.0.0:43946
2019-10-17 07:38:05,296 [Datanode State Machine Thread - 0] INFO  ratis.XceiverServerRatis (XceiverServerRatis.java:start(434)) - XceiverServerRatis 05f59524-a4ea-4be4-b99d-fb9eed47142d is started using port 45919
2019-10-17 07:38:05,295 [Datanode State Machine Thread - 0] INFO  ratis.XceiverServerRatis (XceiverServerRatis.java:start(434)) - XceiverServerRatis 6befc45b-dcf8-424c-b341-d7aa439c4bd9 is started using port 36500
2019-10-17 07:38:05,295 [Datanode State Machine Thread - 0] INFO  ratis.XceiverServerRatis (XceiverServerRatis.java:start(434)) - XceiverServerRatis 920a4478-64f4-4720-983c-9a2102f3c94b is started using port 38609
2019-10-17 07:38:05,295 [Datanode State Machine Thread - 0] INFO  server.GrpcService (GrpcService.java:startImpl(158)) - 57d83d75-a41d-4aa4-98a2-4186e05ab504: GrpcService started, listening on 0.0.0.0/0.0.0.0:46845
2019-10-17 07:38:05,296 [Datanode State Machine Thread - 0] INFO  ratis.XceiverServerRatis (XceiverServerRatis.java:start(434)) - XceiverServerRatis 2636e257-7a47-4bf8-b940-93a028f0c6b6 is started using port 43946
2019-10-17 07:38:05,296 [Datanode State Machine Thread - 0] INFO  ratis.XceiverServerRatis (XceiverServerRatis.java:start(434)) - XceiverServerRatis 57d83d75-a41d-4aa4-98a2-4186e05ab504 is started using port 46845
2019-10-17 07:38:05,306 [Datanode State Machine Thread - 0] INFO  server.XceiverServerGrpc (XceiverServerGrpc.java:start(149)) - XceiverServerGrpc 6befc45b-dcf8-424c-b341-d7aa439c4bd9 is started using port 39753
2019-10-17 07:38:05,306 [Datanode State Machine Thread - 0] INFO  server.XceiverServerGrpc (XceiverServerGrpc.java:start(149)) - XceiverServerGrpc 4b035f45-7941-40c3-ba2d-1cbecd2d369e is started using port 34103
2019-10-17 07:38:05,307 [Datanode State Machine Thread - 0] INFO  server.XceiverServerGrpc (XceiverServerGrpc.java:start(149)) - XceiverServerGrpc 05f59524-a4ea-4be4-b99d-fb9eed47142d is started using port 41345
2019-10-17 07:38:05,307 [Datanode State Machine Thread - 0] INFO  server.XceiverServerGrpc (XceiverServerGrpc.java:start(149)) - XceiverServerGrpc 2636e257-7a47-4bf8-b940-93a028f0c6b6 is started using port 42775
2019-10-17 07:38:05,307 [Datanode State Machine Thread - 0] INFO  server.XceiverServerGrpc (XceiverServerGrpc.java:start(149)) - XceiverServerGrpc 920a4478-64f4-4720-983c-9a2102f3c94b is started using port 37606
2019-10-17 07:38:05,307 [Datanode State Machine Thread - 0] INFO  server.XceiverServerGrpc (XceiverServerGrpc.java:start(149)) - XceiverServerGrpc 57d83d75-a41d-4aa4-98a2-4186e05ab504 is started using port 42632
2019-10-17 07:38:06,205 [Thread-0] INFO  ozone.MiniOzoneClusterImpl (MiniOzoneClusterImpl.java:lambda$waitForClusterToBeReady$2(172)) - Waiting for cluster to be ready. Got 0 of 6 DN Heartbeats.
2019-10-17 07:38:06,850 [IPC Server handler 17 on 42372] INFO  net.NetworkTopology (NetworkTopologyImpl.java:add(111)) - Added a new node: /default-rack/6befc45b-dcf8-424c-b341-d7aa439c4bd9
2019-10-17 07:38:06,850 [IPC Server handler 17 on 42372] INFO  node.SCMNodeManager (SCMNodeManager.java:register(268)) - Registered Data node : 6befc45b-dcf8-424c-b341-d7aa439c4bd9{ip: 192.168.34.62, host: pr-hdds-1868-lzclr-202649289, networkLocation: /default-rack, certSerialId: null}
2019-10-17 07:38:06,854 [EventQueue-NodeRegistrationContainerReportForDataNodeSafeModeRule] INFO  safemode.SCMSafeModeManager (DataNodeSafeModeRule.java:process(71)) - SCM in safe mode. 1 DataNodes registered, 1 required.
2019-10-17 07:38:06,855 [EventQueue-NodeRegistrationContainerReportForDataNodeSafeModeRule] INFO  safemode.SCMSafeModeManager (SCMSafeModeManager.java:validateSafeModeExitRules(177)) - ScmSafeModeManager, all rules are successfully validated
2019-10-17 07:38:06,855 [EventQueue-NodeRegistrationContainerReportForDataNodeSafeModeRule] INFO  safemode.SCMSafeModeManager (SCMSafeModeManager.java:exitSafeMode(193)) - SCM exiting safe mode.
2019-10-17 07:38:06,881 [IPC Server handler 19 on 42372] INFO  net.NetworkTopology (NetworkTopologyImpl.java:add(111)) - Added a new node: /default-rack/05f59524-a4ea-4be4-b99d-fb9eed47142d
2019-10-17 07:38:06,881 [IPC Server handler 19 on 42372] INFO  node.SCMNodeManager (SCMNodeManager.java:register(268)) - Registered Data node : 05f59524-a4ea-4be4-b99d-fb9eed47142d{ip: 192.168.34.62, host: pr-hdds-1868-lzclr-202649289, networkLocation: /default-rack, certSerialId: null}
2019-10-17 07:38:06,955 [IPC Server handler 18 on 42372] INFO  net.NetworkTopology (NetworkTopologyImpl.java:add(111)) - Added a new node: /default-rack/920a4478-64f4-4720-983c-9a2102f3c94b
2019-10-17 07:38:06,956 [IPC Server handler 18 on 42372] INFO  node.SCMNodeManager (SCMNodeManager.java:register(268)) - Registered Data node : 920a4478-64f4-4720-983c-9a2102f3c94b{ip: 192.168.34.62, host: pr-hdds-1868-lzclr-202649289, networkLocation: /default-rack, certSerialId: null}
2019-10-17 07:38:07,065 [IPC Server handler 14 on 42372] INFO  net.NetworkTopology (NetworkTopologyImpl.java:add(111)) - Added a new node: /default-rack/4b035f45-7941-40c3-ba2d-1cbecd2d369e
2019-10-17 07:38:07,065 [IPC Server handler 14 on 42372] INFO  node.SCMNodeManager (SCMNodeManager.java:register(268)) - Registered Data node : 4b035f45-7941-40c3-ba2d-1cbecd2d369e{ip: 192.168.34.62, host: pr-hdds-1868-lzclr-202649289, networkLocation: /default-rack, certSerialId: null}
2019-10-17 07:38:07,137 [IPC Server handler 15 on 42372] INFO  net.NetworkTopology (NetworkTopologyImpl.java:add(111)) - Added a new node: /default-rack/57d83d75-a41d-4aa4-98a2-4186e05ab504
2019-10-17 07:38:07,137 [IPC Server handler 15 on 42372] INFO  node.SCMNodeManager (SCMNodeManager.java:register(268)) - Registered Data node : 57d83d75-a41d-4aa4-98a2-4186e05ab504{ip: 192.168.34.62, host: pr-hdds-1868-lzclr-202649289, networkLocation: /default-rack, certSerialId: null}
2019-10-17 07:38:07,209 [IPC Server handler 16 on 42372] INFO  net.NetworkTopology (NetworkTopologyImpl.java:add(111)) - Added a new node: /default-rack/2636e257-7a47-4bf8-b940-93a028f0c6b6
2019-10-17 07:38:07,209 [IPC Server handler 16 on 42372] INFO  node.SCMNodeManager (SCMNodeManager.java:register(268)) - Registered Data node : 2636e257-7a47-4bf8-b940-93a028f0c6b6{ip: 192.168.34.62, host: pr-hdds-1868-lzclr-202649289, networkLocation: /default-rack, certSerialId: null}
2019-10-17 07:38:07,357 [grpc-default-executor-0] INFO  impl.RaftServerProxy (RaftServerProxy.java:addNew(89)) - 6befc45b-dcf8-424c-b341-d7aa439c4bd9: addNew group-7DCB31437E77:[6befc45b-dcf8-424c-b341-d7aa439c4bd9:192.168.34.62:36500] returns group-7DCB31437E77:java.util.concurrent.CompletableFuture@48387820[Not completed]
2019-10-17 07:38:07,369 [pool-27-thread-1] INFO  impl.RaftServerImpl (RaftServerImpl.java:<init>(104)) - 6befc45b-dcf8-424c-b341-d7aa439c4bd9: new RaftServerImpl for group-7DCB31437E77:[6befc45b-dcf8-424c-b341-d7aa439c4bd9:192.168.34.62:36500] with ContainerStateMachine:uninitialized
2019-10-17 07:38:07,371 [pool-27-thread-1] INFO  server.RaftServerConfigKeys (ConfUtils.java:logGet(43)) - raft.server.rpc.timeout.min = 5s (custom)
2019-10-17 07:38:07,372 [pool-27-thread-1] INFO  server.RaftServerConfigKeys (ConfUtils.java:logGet(43)) - raft.server.rpc.timeout.max = 5200ms (custom)
2019-10-17 07:38:07,372 [pool-27-thread-1] INFO  server.RaftServerConfigKeys (ConfUtils.java:logGet(43)) - raft.server.rpcslowness.timeout = 120s (custom)
2019-10-17 07:38:07,373 [pool-27-thread-1] INFO  server.RaftServerConfigKeys (ConfUtils.java:logGet(43)) - raft.server.sleep.deviation.threshold = 300 (default)
2019-10-17 07:38:07,373 [pool-27-thread-1] INFO  server.RaftServerConfigKeys (ConfUtils.java:logGet(43)) - raft.server.log.appender.install.snapshot.enabled = false (custom)
2019-10-17 07:38:07,381 [pool-27-thread-1] INFO  impl.RaftServerImpl (ServerState.java:<init>(103)) - 6befc45b-dcf8-424c-b341-d7aa439c4bd9@group-7DCB31437E77: ConfigurationManager, init=-1: [6befc45b-dcf8-424c-b341-d7aa439c4bd9:192.168.34.62:36500], old=null, confs=<EMPTY_MAP>
2019-10-17 07:38:07,381 [pool-27-thread-1] INFO  server.RaftServerConfigKeys (ConfUtils.java:logGet(43)) - raft.server.storage.dir = [/workdir/hadoop-ozone/integration-test/target/test-dir/MiniOzoneClusterImpl-eeadbacc-06c2-472c-a3f4-8a25f61a295a/datanode-0/data/ratis] (custom)
2019-10-17 07:38:07,387 [pool-27-thread-1] INFO  server.RaftServerConfigKeys (ConfUtils.java:logGet(43)) - raft.server.log.corruption.policy = EXCEPTION (default)
2019-10-17 07:38:07,388 [pool-27-thread-1] INFO  storage.RaftStorageDirectory (RaftStorageDirectory.java:analyzeStorage(246)) - The storage directory /workdir/hadoop-ozone/integration-test/target/test-dir/MiniOzoneClusterImpl-eeadbacc-06c2-472c-a3f4-8a25f61a295a/datanode-0/data/ratis/2eb9c592-92ea-406b-93f7-7dcb31437e77 does not exist. Creating ...
2019-10-17 07:38:07,495 [pool-27-thread-1] INFO  storage.RaftStorageDirectory (RaftStorageDirectory.java:tryLock(328)) - Lock on /workdir/hadoop-ozone/integration-test/target/test-dir/MiniOzoneClusterImpl-eeadbacc-06c2-472c-a3f4-8a25f61a295a/datanode-0/data/ratis/2eb9c592-92ea-406b-93f7-7dcb31437e77/in_use.lock acquired by nodename 20757@pr-hdds-1868-lzclr-202649289
2019-10-17 07:38:07,545 [pool-27-thread-1] INFO  storage.RaftStorage (RaftStorage.java:format(84)) - Storage directory /workdir/hadoop-ozone/integration-test/target/test-dir/MiniOzoneClusterImpl-eeadbacc-06c2-472c-a3f4-8a25f61a295a/datanode-0/data/ratis/2eb9c592-92ea-406b-93f7-7dcb31437e77 has been successfully formatted.
2019-10-17 07:38:07,549 [pool-27-thread-1] INFO  ratis.ContainerStateMachine (ContainerStateMachine.java:loadSnapshot(233)) - group-7DCB31437E77: The snapshot info is null. Setting the last applied indexto:(t:0, i:~)
2019-10-17 07:38:07,549 [pool-27-thread-1] INFO  server.RaftServerConfigKeys (ConfUtils.java:logGet(43)) - raft.server.notification.no-leader.timeout = 120s (custom)
2019-10-17 07:38:07,553 [pool-27-thread-1] INFO  server.RaftServerConfigKeys (ConfUtils.java:logGet(43)) - raft.server.log.use.memory = false (default)
2019-10-17 07:38:07,560 [pool-27-thread-1] INFO  server.RaftServerConfigKeys (ConfUtils.java:logGet(43)) - raft.server.log.purge.gap = 1000000 (custom)
2019-10-17 07:38:07,561 [pool-27-thread-1] INFO  server.RaftServerConfigKeys (ConfUtils.java:logGet(43)) - raft.server.log.appender.buffer.byte-limit = 33554432 (custom)
2019-10-17 07:38:07,564 [pool-27-thread-1] INFO  server.RaftServerConfigKeys (ConfUtils.java:logGet(43)) - raft.server.log.segment.size.max = 1048576 (custom)
2019-10-17 07:38:07,566 [pool-27-thread-1] INFO  impl.MetricsSystemImpl (MetricsSystemImpl.java:init(158)) - ratis metrics system started (again)
2019-10-17 07:38:07,571 [pool-27-thread-1] INFO  metrics.MetricRegistries (MetricRegistriesLoader.java:load(64)) - Loaded MetricRegistries class org.apache.ratis.metrics.impl.MetricRegistriesImpl
2019-10-17 07:38:07,613 [pool-27-thread-1] INFO  server.RaftServerConfigKeys (ConfUtils.java:logGet(43)) - raft.server.log.segment.cache.num.max = 2 (custom)
2019-10-17 07:38:07,619 [pool-27-thread-1] INFO  segmented.SegmentedRaftLogWorker (SegmentedRaftLogWorker.java:<init>(173)) - new 6befc45b-dcf8-424c-b341-d7aa439c4bd9@group-7DCB31437E77-SegmentedRaftLogWorker for RaftStorage:Storage Directory /workdir/hadoop-ozone/integration-test/target/test-dir/MiniOzoneClusterImpl-eeadbacc-06c2-472c-a3f4-8a25f61a295a/datanode-0/data/ratis/2eb9c592-92ea-406b-93f7-7dcb31437e77
2019-10-17 07:38:07,619 [pool-27-thread-1] INFO  server.RaftServerConfigKeys (ConfUtils.java:logGet(43)) - raft.server.log.queue.byte-limit = 2147483647 (custom)
2019-10-17 07:38:07,620 [pool-27-thread-1] INFO  server.RaftServerConfigKeys (ConfUtils.java:logGet(43)) - raft.server.log.queue.element-limit = 1024 (custom)
2019-10-17 07:38:07,621 [pool-27-thread-1] INFO  server.RaftServerConfigKeys (ConfUtils.java:logGet(43)) - raft.server.log.segment.size.max = 1048576 (custom)
2019-10-17 07:38:07,622 [pool-27-thread-1] INFO  server.RaftServerConfigKeys (ConfUtils.java:logGet(43)) - raft.server.log.preallocated.size = 16384 (custom)
2019-10-17 07:38:07,622 [pool-27-thread-1] INFO  server.RaftServerConfigKeys (ConfUtils.java:logGet(43)) - raft.server.log.write.buffer.size = 33554432 (custom)
2019-10-17 07:38:07,623 [pool-27-thread-1] INFO  server.RaftServerConfigKeys (ConfUtils.java:logGet(43)) - raft.server.log.force.sync.num = 128 (default)
2019-10-17 07:38:07,624 [pool-27-thread-1] INFO  server.RaftServerConfigKeys (ConfUtils.java:logGet(43)) - raft.server.log.statemachine.data.sync = true (default)
2019-10-17 07:38:07,624 [pool-27-thread-1] INFO  server.RaftServerConfigKeys (ConfUtils.java:logGet(43)) - raft.server.log.statemachine.data.sync.timeout = 10s (default)
2019-10-17 07:38:07,624 [pool-27-thread-1] INFO  server.RaftServerConfigKeys (ConfUtils.java:logGet(43)) - raft.server.log.statemachine.data.sync.timeout.retry = -1 (default)
2019-10-17 07:38:07,636 [pool-27-thread-1] INFO  server.RaftServerConfigKeys (ConfUtils.java:logGet(43)) - raft.server.log.statemachine.data.caching.enabled = true (custom)
2019-10-17 07:38:07,641 [pool-27-thread-1] INFO  segmented.SegmentedRaftLogWorker (SegmentedRaftLogWorker.java:lambda$new$0(128)) - 6befc45b-dcf8-424c-b341-d7aa439c4bd9@group-7DCB31437E77-SegmentedRaftLogWorker: flushIndex: setUnconditionally 0 -> -1
2019-10-17 07:38:07,646 [pool-27-thread-1] INFO  server.RaftServerConfigKeys (ConfUtils.java:logGet(43)) - raft.server.snapshot.auto.trigger.enabled = true (custom)
2019-10-17 07:38:07,647 [pool-27-thread-1] INFO  server.RaftServerConfigKeys (ConfUtils.java:logGet(43)) - raft.server.snapshot.auto.trigger.threshold = 10000 (custom)
2019-10-17 07:38:07,656 [pool-27-thread-1] INFO  server.RaftServerConfigKeys (ConfUtils.java:logGet(43)) - raft.server.snapshot.retention.file.num = 5 (custom)
2019-10-17 07:38:07,657 [pool-27-thread-1] INFO  server.RaftServerConfigKeys (ConfUtils.java:logGet(43)) - raft.server.retrycache.expirytime = 600000ms (custom)
2019-10-17 07:38:07,686 [pool-27-thread-1] INFO  impl.RaftServerImpl (RaftServerImpl.java:start(195)) - 6befc45b-dcf8-424c-b341-d7aa439c4bd9@group-7DCB31437E77: start as a follower, conf=-1: [6befc45b-dcf8-424c-b341-d7aa439c4bd9:192.168.34.62:36500], old=null
2019-10-17 07:38:07,686 [pool-27-thread-1] INFO  impl.RaftServerImpl (RaftServerImpl.java:setRole(184)) - 6befc45b-dcf8-424c-b341-d7aa439c4bd9@group-7DCB31437E77: changes role from      null to FOLLOWER at term 0 for startAsFollower
2019-10-17 07:38:07,687 [pool-27-thread-1] INFO  impl.RoleInfo (RoleInfo.java:updateAndGet(143)) - 6befc45b-dcf8-424c-b341-d7aa439c4bd9: start FollowerState
2019-10-17 07:38:07,689 [pool-27-thread-1] INFO  util.JmxRegister (JmxRegister.java:tryRegister(44)) - Successfully registered JMX Bean with object name Ratis:service=RaftServer,group=group-7DCB31437E77,id=6befc45b-dcf8-424c-b341-d7aa439c4bd9
2019-10-17 07:38:07,709 [Thread-226] INFO  impl.FollowerState (FollowerState.java:run(108)) - 6befc45b-dcf8-424c-b341-d7aa439c4bd9@group-7DCB31437E77-FollowerState: change to CANDIDATE, lastRpcTime:21ms, electionTimeout:21ms
2019-10-17 07:38:07,715 [Thread-226] INFO  impl.RoleInfo (RoleInfo.java:shutdownFollowerState(121)) - 6befc45b-dcf8-424c-b341-d7aa439c4bd9: shutdown FollowerState
2019-10-17 07:38:07,717 [Thread-226] INFO  impl.RaftServerImpl (RaftServerImpl.java:setRole(184)) - 6befc45b-dcf8-424c-b341-d7aa439c4bd9@group-7DCB31437E77: changes role from  FOLLOWER to CANDIDATE at term 0 for changeToCandidate
2019-10-17 07:38:07,723 [Thread-226] INFO  impl.RoleInfo (RoleInfo.java:updateAndGet(143)) - 6befc45b-dcf8-424c-b341-d7aa439c4bd9: start LeaderElection
2019-10-17 07:38:07,765 [6befc45b-dcf8-424c-b341-d7aa439c4bd9@group-7DCB31437E77-LeaderElection1] INFO  impl.LeaderElection (LeaderElection.java:askForVotes(178)) - 6befc45b-dcf8-424c-b341-d7aa439c4bd9@group-7DCB31437E77-LeaderElection1: begin an election at term 1 for -1: [6befc45b-dcf8-424c-b341-d7aa439c4bd9:192.168.34.62:36500], old=null
2019-10-17 07:38:07,766 [6befc45b-dcf8-424c-b341-d7aa439c4bd9@group-7DCB31437E77-LeaderElection1] INFO  impl.RoleInfo (RoleInfo.java:shutdownLeaderElection(134)) - 6befc45b-dcf8-424c-b341-d7aa439c4bd9: shutdown LeaderElection
2019-10-17 07:38:07,767 [6befc45b-dcf8-424c-b341-d7aa439c4bd9@group-7DCB31437E77-LeaderElection1] INFO  impl.RaftServerImpl (RaftServerImpl.java:setRole(184)) - 6befc45b-dcf8-424c-b341-d7aa439c4bd9@group-7DCB31437E77: changes role from CANDIDATE to LEADER at term 1 for changeToLeader
2019-10-17 07:38:07,767 [6befc45b-dcf8-424c-b341-d7aa439c4bd9@group-7DCB31437E77-LeaderElection1] INFO  ratis.XceiverServerRatis (XceiverServerRatis.java:handleLeaderChangedNotification(699)) - Leader change notification received for group: group-7DCB31437E77 with new leaderId: 6befc45b-dcf8-424c-b341-d7aa439c4bd9
2019-10-17 07:38:07,770 [6befc45b-dcf8-424c-b341-d7aa439c4bd9@group-7DCB31437E77-LeaderElection1] INFO  impl.RaftServerImpl (ServerState.java:setLeader(256)) - 6befc45b-dcf8-424c-b341-d7aa439c4bd9@group-7DCB31437E77: change Leader from null to 6befc45b-dcf8-424c-b341-d7aa439c4bd9 at term 1 for becomeLeader, leader elected after 217ms
2019-10-17 07:38:07,774 [RatisPipelineUtilsThread] INFO  pipeline.PipelineStateManager (PipelineStateManager.java:addPipeline(55)) - Created pipeline Pipeline[ Id: 2eb9c592-92ea-406b-93f7-7dcb31437e77, Nodes: 6befc45b-dcf8-424c-b341-d7aa439c4bd9{ip: 192.168.34.62, host: pr-hdds-1868-lzclr-202649289, networkLocation: /default-rack, certSerialId: null}, Type:RATIS, Factor:ONE, State:ALLOCATED]
2019-10-17 07:38:07,778 [6befc45b-dcf8-424c-b341-d7aa439c4bd9@group-7DCB31437E77-LeaderElection1] INFO  server.RaftServerConfigKeys (ConfUtils.java:logGet(43)) - raft.server.staging.catchup.gap = 1000 (default)
2019-10-17 07:38:07,779 [6befc45b-dcf8-424c-b341-d7aa439c4bd9@group-7DCB31437E77-LeaderElection1] INFO  server.RaftServerConfigKeys (ConfUtils.java:logGet(43)) - raft.server.rpc.sleep.time = 25ms (default)
2019-10-17 07:38:07,787 [6befc45b-dcf8-424c-b341-d7aa439c4bd9@group-7DCB31437E77-LeaderElection1] INFO  server.RaftServerConfigKeys (ConfUtils.java:logGet(43)) - raft.server.write.element-limit = 4096 (default)
2019-10-17 07:38:07,791 [6befc45b-dcf8-424c-b341-d7aa439c4bd9@group-7DCB31437E77-LeaderElection1] INFO  server.RaftServerConfigKeys (ConfUtils.java:logGet(43)) - raft.server.watch.timeout = 10s (default)
2019-10-17 07:38:07,797 [6befc45b-dcf8-424c-b341-d7aa439c4bd9@group-7DCB31437E77-LeaderElection1] INFO  server.RaftServerConfigKeys (ConfUtils.java:logGet(43)) - raft.server.watch.timeout.denomination = 1s (default)
2019-10-17 07:38:07,798 [6befc45b-dcf8-424c-b341-d7aa439c4bd9@group-7DCB31437E77-LeaderElection1] INFO  server.RaftServerConfigKeys (ConfUtils.java:logGet(43)) - raft.server.watch.element-limit = 65536 (default)
2019-10-17 07:38:07,801 [grpc-default-executor-0] INFO  impl.RaftServerProxy (RaftServerProxy.java:addNew(89)) - 920a4478-64f4-4720-983c-9a2102f3c94b: addNew group-EE70740DC1AF:[920a4478-64f4-4720-983c-9a2102f3c94b:192.168.34.62:38609] returns group-EE70740DC1AF:java.util.concurrent.CompletableFuture@62c9ba02[Not completed]
2019-10-17 07:38:07,836 [pool-47-thread-1] INFO  impl.RaftServerImpl (RaftServerImpl.java:<init>(104)) - 920a4478-64f4-4720-983c-9a2102f3c94b: new RaftServerImpl for group-EE70740DC1AF:[920a4478-64f4-4720-983c-9a2102f3c94b:192.168.34.62:38609] with ContainerStateMachine:uninitialized
2019-10-17 07:38:07,836 [pool-47-thread-1] INFO  server.RaftServerConfigKeys (ConfUtils.java:logGet(43)) - raft.server.rpc.timeout.min = 5s (custom)
2019-10-17 07:38:07,837 [pool-47-thread-1] INFO  server.RaftServerConfigKeys (ConfUtils.java:logGet(43)) - raft.server.rpc.timeout.max = 5200ms (custom)
2019-10-17 07:38:07,837 [pool-47-thread-1] INFO  server.RaftServerConfigKeys (ConfUtils.java:logGet(43)) - raft.server.rpcslowness.timeout = 120s (custom)
2019-10-17 07:38:07,837 [pool-47-thread-1] INFO  server.RaftServerConfigKeys (ConfUtils.java:logGet(43)) - raft.server.sleep.deviation.threshold = 300 (default)
2019-10-17 07:38:07,837 [pool-47-thread-1] INFO  server.RaftServerConfigKeys (ConfUtils.java:logGet(43)) - raft.server.log.appender.install.snapshot.enabled = false (custom)
2019-10-17 07:38:07,837 [pool-47-thread-1] INFO  impl.RaftServerImpl (ServerState.java:<init>(103)) - 920a4478-64f4-4720-983c-9a2102f3c94b@group-EE70740DC1AF: ConfigurationManager, init=-1: [920a4478-64f4-4720-983c-9a2102f3c94b:192.168.34.62:38609], old=null, confs=<EMPTY_MAP>
2019-10-17 07:38:07,837 [pool-47-thread-1] INFO  server.RaftServerConfigKeys (ConfUtils.java:logGet(43)) - raft.server.storage.dir = [/workdir/hadoop-ozone/integration-test/target/test-dir/MiniOzoneClusterImpl-eeadbacc-06c2-472c-a3f4-8a25f61a295a/datanode-2/data/ratis] (custom)
2019-10-17 07:38:07,839 [pool-47-thread-1] INFO  server.RaftServerConfigKeys (ConfUtils.java:logGet(43)) - raft.server.log.corruption.policy = EXCEPTION (default)
2019-10-17 07:38:07,839 [pool-47-thread-1] INFO  storage.RaftStorageDirectory (RaftStorageDirectory.java:analyzeStorage(246)) - The storage directory /workdir/hadoop-ozone/integration-test/target/test-dir/MiniOzoneClusterImpl-eeadbacc-06c2-472c-a3f4-8a25f61a295a/datanode-2/data/ratis/e99ab340-37f3-42a7-98a4-ee70740dc1af does not exist. Creating ...
2019-10-17 07:38:07,853 [6befc45b-dcf8-424c-b341-d7aa439c4bd9@group-7DCB31437E77-LeaderElection1] INFO  impl.RoleInfo (RoleInfo.java:updateAndGet(143)) - 6befc45b-dcf8-424c-b341-d7aa439c4bd9: start LeaderState
2019-10-17 07:38:07,870 [pool-47-thread-1] INFO  storage.RaftStorageDirectory (RaftStorageDirectory.java:tryLock(328)) - Lock on /workdir/hadoop-ozone/integration-test/target/test-dir/MiniOzoneClusterImpl-eeadbacc-06c2-472c-a3f4-8a25f61a295a/datanode-2/data/ratis/e99ab340-37f3-42a7-98a4-ee70740dc1af/in_use.lock acquired by nodename 20757@pr-hdds-1868-lzclr-202649289
2019-10-17 07:38:07,875 [6befc45b-dcf8-424c-b341-d7aa439c4bd9@group-7DCB31437E77-LeaderElection1] INFO  segmented.SegmentedRaftLogWorker (SegmentedRaftLogWorker.java:startLogSegment(385)) - 6befc45b-dcf8-424c-b341-d7aa439c4bd9@group-7DCB31437E77-SegmentedRaftLogWorker: Starting segment from index:0
2019-10-17 07:38:07,886 [6befc45b-dcf8-424c-b341-d7aa439c4bd9@group-7DCB31437E77-LeaderElection1] INFO  impl.RaftServerImpl (ServerState.java:setRaftConf(357)) - 6befc45b-dcf8-424c-b341-d7aa439c4bd9@group-7DCB31437E77: set configuration 0: [6befc45b-dcf8-424c-b341-d7aa439c4bd9:192.168.34.62:36500], old=null at 0
2019-10-17 07:38:07,900 [pool-47-thread-1] INFO  storage.RaftStorage (RaftStorage.java:format(84)) - Storage directory /workdir/hadoop-ozone/integration-test/target/test-dir/MiniOzoneClusterImpl-eeadbacc-06c2-472c-a3f4-8a25f61a295a/datanode-2/data/ratis/e99ab340-37f3-42a7-98a4-ee70740dc1af has been successfully formatted.
2019-10-17 07:38:07,902 [pool-47-thread-1] INFO  ratis.ContainerStateMachine (ContainerStateMachine.java:loadSnapshot(233)) - group-EE70740DC1AF: The snapshot info is null. Setting the last applied indexto:(t:0, i:~)
2019-10-17 07:38:07,903 [pool-47-thread-1] INFO  server.RaftServerConfigKeys (ConfUtils.java:logGet(43)) - raft.server.notification.no-leader.timeout = 120s (custom)
2019-10-17 07:38:07,903 [pool-47-thread-1] INFO  server.RaftServerConfigKeys (ConfUtils.java:logGet(43)) - raft.server.log.use.memory = false (default)
2019-10-17 07:38:07,903 [pool-47-thread-1] INFO  server.RaftServerConfigKeys (ConfUtils.java:logGet(43)) - raft.server.log.purge.gap = 1000000 (custom)
2019-10-17 07:38:07,904 [pool-47-thread-1] INFO  server.RaftServerConfigKeys (ConfUtils.java:logGet(43)) - raft.server.log.appender.buffer.byte-limit = 33554432 (custom)
2019-10-17 07:38:07,904 [pool-47-thread-1] INFO  server.RaftServerConfigKeys (ConfUtils.java:logGet(43)) - raft.server.log.segment.size.max = 1048576 (custom)
2019-10-17 07:38:07,951 [pool-47-thread-1] INFO  server.RaftServerConfigKeys (ConfUtils.java:logGet(43)) - raft.server.log.segment.cache.num.max = 2 (custom)
2019-10-17 07:38:07,952 [pool-47-thread-1] INFO  segmented.SegmentedRaftLogWorker (SegmentedRaftLogWorker.java:<init>(173)) - new 920a4478-64f4-4720-983c-9a2102f3c94b@group-EE70740DC1AF-SegmentedRaftLogWorker for RaftStorage:Storage Directory /workdir/hadoop-ozone/integration-test/target/test-dir/MiniOzoneClusterImpl-eeadbacc-06c2-472c-a3f4-8a25f61a295a/datanode-2/data/ratis/e99ab340-37f3-42a7-98a4-ee70740dc1af
2019-10-17 07:38:07,952 [pool-47-thread-1] INFO  server.RaftServerConfigKeys (ConfUtils.java:logGet(43)) - raft.server.log.queue.byte-limit = 2147483647 (custom)
2019-10-17 07:38:07,952 [pool-47-thread-1] INFO  server.RaftServerConfigKeys (ConfUtils.java:logGet(43)) - raft.server.log.queue.element-limit = 1024 (custom)
2019-10-17 07:38:07,952 [pool-47-thread-1] INFO  server.RaftServerConfigKeys (ConfUtils.java:logGet(43)) - raft.server.log.segment.size.max = 1048576 (custom)
2019-10-17 07:38:07,952 [pool-47-thread-1] INFO  server.RaftServerConfigKeys (ConfUtils.java:logGet(43)) - raft.server.log.preallocated.size = 16384 (custom)
2019-10-17 07:38:07,952 [pool-47-thread-1] INFO  server.RaftServerConfigKeys (ConfUtils.java:logGet(43)) - raft.server.log.write.buffer.size = 33554432 (custom)
2019-10-17 07:38:07,953 [pool-47-thread-1] INFO  server.RaftServerConfigKeys (ConfUtils.java:logGet(43)) - raft.server.log.force.sync.num = 128 (default)
2019-10-17 07:38:07,953 [pool-47-thread-1] INFO  server.RaftServerConfigKeys (ConfUtils.java:logGet(43)) - raft.server.log.statemachine.data.sync = true (default)
2019-10-17 07:38:07,953 [pool-47-thread-1] INFO  server.RaftServerConfigKeys (ConfUtils.java:logGet(43)) - raft.server.log.statemachine.data.sync.timeout = 10s (default)
2019-10-17 07:38:07,953 [pool-47-thread-1] INFO  server.RaftServerConfigKeys (ConfUtils.java:logGet(43)) - raft.server.log.statemachine.data.sync.timeout.retry = -1 (default)
2019-10-17 07:38:07,954 [pool-47-thread-1] INFO  server.RaftServerConfigKeys (ConfUtils.java:logGet(43)) - raft.server.log.statemachine.data.caching.enabled = true (custom)
2019-10-17 07:38:07,954 [pool-47-thread-1] INFO  segmented.SegmentedRaftLogWorker (SegmentedRaftLogWorker.java:lambda$new$0(128)) - 920a4478-64f4-4720-983c-9a2102f3c94b@group-EE70740DC1AF-SegmentedRaftLogWorker: flushIndex: setUnconditionally 0 -> -1
2019-10-17 07:38:07,955 [pool-47-thread-1] INFO  server.RaftServerConfigKeys (ConfUtils.java:logGet(43)) - raft.server.snapshot.auto.trigger.enabled = true (custom)
2019-10-17 07:38:07,955 [pool-47-thread-1] INFO  server.RaftServerConfigKeys (ConfUtils.java:logGet(43)) - raft.server.snapshot.auto.trigger.threshold = 10000 (custom)
2019-10-17 07:38:07,955 [pool-47-thread-1] INFO  server.RaftServerConfigKeys (ConfUtils.java:logGet(43)) - raft.server.snapshot.retention.file.num = 5 (custom)
2019-10-17 07:38:07,955 [pool-47-thread-1] INFO  server.RaftServerConfigKeys (ConfUtils.java:logGet(43)) - raft.server.retrycache.expirytime = 600000ms (custom)
2019-10-17 07:38:07,968 [pool-47-thread-1] INFO  impl.RaftServerImpl (RaftServerImpl.java:start(195)) - 920a4478-64f4-4720-983c-9a2102f3c94b@group-EE70740DC1AF: start as a follower, conf=-1: [920a4478-64f4-4720-983c-9a2102f3c94b:192.168.34.62:38609], old=null
2019-10-17 07:38:07,968 [pool-47-thread-1] INFO  impl.RaftServerImpl (RaftServerImpl.java:setRole(184)) - 920a4478-64f4-4720-983c-9a2102f3c94b@group-EE70740DC1AF: changes role from      null to FOLLOWER at term 0 for startAsFollower
2019-10-17 07:38:07,968 [pool-47-thread-1] INFO  impl.RoleInfo (RoleInfo.java:updateAndGet(143)) - 920a4478-64f4-4720-983c-9a2102f3c94b: start FollowerState
2019-10-17 07:38:07,969 [pool-47-thread-1] INFO  util.JmxRegister (JmxRegister.java:tryRegister(44)) - Successfully registered JMX Bean with object name Ratis:service=RaftServer,group=group-EE70740DC1AF,id=920a4478-64f4-4720-983c-9a2102f3c94b
2019-10-17 07:38:07,991 [RatisPipelineUtilsThread] INFO  pipeline.PipelineStateManager (PipelineStateManager.java:addPipeline(55)) - Created pipeline Pipeline[ Id: e99ab340-37f3-42a7-98a4-ee70740dc1af, Nodes: 920a4478-64f4-4720-983c-9a2102f3c94b{ip: 192.168.34.62, host: pr-hdds-1868-lzclr-202649289, networkLocation: /default-rack, certSerialId: null}, Type:RATIS, Factor:ONE, State:ALLOCATED]
2019-10-17 07:38:08,011 [grpc-default-executor-0] INFO  impl.RaftServerProxy (RaftServerProxy.java:addNew(89)) - 4b035f45-7941-40c3-ba2d-1cbecd2d369e: addNew group-8AC045C62D9A:[4b035f45-7941-40c3-ba2d-1cbecd2d369e:192.168.34.62:45443] returns group-8AC045C62D9A:java.util.concurrent.CompletableFuture@6254f3a8[Not completed]
2019-10-17 07:38:08,014 [pool-57-thread-1] INFO  impl.RaftServerImpl (RaftServerImpl.java:<init>(104)) - 4b035f45-7941-40c3-ba2d-1cbecd2d369e: new RaftServerImpl for group-8AC045C62D9A:[4b035f45-7941-40c3-ba2d-1cbecd2d369e:192.168.34.62:45443] with ContainerStateMachine:uninitialized
2019-10-17 07:38:08,014 [pool-57-thread-1] INFO  server.RaftServerConfigKeys (ConfUtils.java:logGet(43)) - raft.server.rpc.timeout.min = 5s (custom)
2019-10-17 07:38:08,014 [pool-57-thread-1] INFO  server.RaftServerConfigKeys (ConfUtils.java:logGet(43)) - raft.server.rpc.timeout.max = 5200ms (custom)
2019-10-17 07:38:08,015 [pool-57-thread-1] INFO  server.RaftServerConfigKeys (ConfUtils.java:logGet(43)) - raft.server.rpcslowness.timeout = 120s (custom)
2019-10-17 07:38:08,015 [pool-57-thread-1] INFO  server.RaftServerConfigKeys (ConfUtils.java:logGet(43)) - raft.server.sleep.deviation.threshold = 300 (default)
2019-10-17 07:38:08,015 [pool-57-thread-1] INFO  server.RaftServerConfigKeys (ConfUtils.java:logGet(43)) - raft.server.log.appender.install.snapshot.enabled = false (custom)
2019-10-17 07:38:08,015 [pool-57-thread-1] INFO  impl.RaftServerImpl (ServerState.java:<init>(103)) - 4b035f45-7941-40c3-ba2d-1cbecd2d369e@group-8AC045C62D9A: ConfigurationManager, init=-1: [4b035f45-7941-40c3-ba2d-1cbecd2d369e:192.168.34.62:45443], old=null, confs=<EMPTY_MAP>
2019-10-17 07:38:08,015 [pool-57-thread-1] INFO  server.RaftServerConfigKeys (ConfUtils.java:logGet(43)) - raft.server.storage.dir = [/workdir/hadoop-ozone/integration-test/target/test-dir/MiniOzoneClusterImpl-eeadbacc-06c2-472c-a3f4-8a25f61a295a/datanode-3/data/ratis] (custom)
2019-10-17 07:38:08,015 [pool-57-thread-1] INFO  server.RaftServerConfigKeys (ConfUtils.java:logGet(43)) - raft.server.log.corruption.policy = EXCEPTION (default)
2019-10-17 07:38:08,016 [pool-57-thread-1] INFO  storage.RaftStorageDirectory (RaftStorageDirectory.java:analyzeStorage(246)) - The storage directory /workdir/hadoop-ozone/integration-test/target/test-dir/MiniOzoneClusterImpl-eeadbacc-06c2-472c-a3f4-8a25f61a295a/datanode-3/data/ratis/b5db8ca5-ca58-4ad9-8bbb-8ac045c62d9a does not exist. Creating ...
2019-10-17 07:38:08,058 [pool-57-thread-1] INFO  storage.RaftStorageDirectory (RaftStorageDirectory.java:tryLock(328)) - Lock on /workdir/hadoop-ozone/integration-test/target/test-dir/MiniOzoneClusterImpl-eeadbacc-06c2-472c-a3f4-8a25f61a295a/datanode-3/data/ratis/b5db8ca5-ca58-4ad9-8bbb-8ac045c62d9a/in_use.lock acquired by nodename 20757@pr-hdds-1868-lzclr-202649289
2019-10-17 07:38:08,085 [pool-57-thread-1] INFO  storage.RaftStorage (RaftStorage.java:format(84)) - Storage directory /workdir/hadoop-ozone/integration-test/target/test-dir/MiniOzoneClusterImpl-eeadbacc-06c2-472c-a3f4-8a25f61a295a/datanode-3/data/ratis/b5db8ca5-ca58-4ad9-8bbb-8ac045c62d9a has been successfully formatted.
2019-10-17 07:38:08,086 [pool-57-thread-1] INFO  ratis.ContainerStateMachine (ContainerStateMachine.java:loadSnapshot(233)) - group-8AC045C62D9A: The snapshot info is null. Setting the last applied indexto:(t:0, i:~)
2019-10-17 07:38:08,086 [pool-57-thread-1] INFO  server.RaftServerConfigKeys (ConfUtils.java:logGet(43)) - raft.server.notification.no-leader.timeout = 120s (custom)
2019-10-17 07:38:08,086 [pool-57-thread-1] INFO  server.RaftServerConfigKeys (ConfUtils.java:logGet(43)) - raft.server.log.use.memory = false (default)
2019-10-17 07:38:08,087 [pool-57-thread-1] INFO  server.RaftServerConfigKeys (ConfUtils.java:logGet(43)) - raft.server.log.purge.gap = 1000000 (custom)
2019-10-17 07:38:08,087 [pool-57-thread-1] INFO  server.RaftServerConfigKeys (ConfUtils.java:logGet(43)) - raft.server.log.appender.buffer.byte-limit = 33554432 (custom)
2019-10-17 07:38:08,087 [pool-57-thread-1] INFO  server.RaftServerConfigKeys (ConfUtils.java:logGet(43)) - raft.server.log.segment.size.max = 1048576 (custom)
2019-10-17 07:38:08,092 [pool-57-thread-1] INFO  server.RaftServerConfigKeys (ConfUtils.java:logGet(43)) - raft.server.log.segment.cache.num.max = 2 (custom)
2019-10-17 07:38:08,092 [pool-57-thread-1] INFO  segmented.SegmentedRaftLogWorker (SegmentedRaftLogWorker.java:<init>(173)) - new 4b035f45-7941-40c3-ba2d-1cbecd2d369e@group-8AC045C62D9A-SegmentedRaftLogWorker for RaftStorage:Storage Directory /workdir/hadoop-ozone/integration-test/target/test-dir/MiniOzoneClusterImpl-eeadbacc-06c2-472c-a3f4-8a25f61a295a/datanode-3/data/ratis/b5db8ca5-ca58-4ad9-8bbb-8ac045c62d9a
2019-10-17 07:38:08,093 [pool-57-thread-1] INFO  server.RaftServerConfigKeys (ConfUtils.java:logGet(43)) - raft.server.log.queue.byte-limit = 2147483647 (custom)
2019-10-17 07:38:08,093 [pool-57-thread-1] INFO  server.RaftServerConfigKeys (ConfUtils.java:logGet(43)) - raft.server.log.queue.element-limit = 1024 (custom)
2019-10-17 07:38:08,093 [pool-57-thread-1] INFO  server.RaftServerConfigKeys (ConfUtils.java:logGet(43)) - raft.server.log.segment.size.max = 1048576 (custom)
2019-10-17 07:38:08,093 [pool-57-thread-1] INFO  server.RaftServerConfigKeys (ConfUtils.java:logGet(43)) - raft.server.log.preallocated.size = 16384 (custom)
2019-10-17 07:38:08,093 [pool-57-thread-1] INFO  server.RaftServerConfigKeys (ConfUtils.java:logGet(43)) - raft.server.log.write.buffer.size = 33554432 (custom)
2019-10-17 07:38:08,093 [pool-57-thread-1] INFO  server.RaftServerConfigKeys (ConfUtils.java:logGet(43)) - raft.server.log.force.sync.num = 128 (default)
2019-10-17 07:38:08,094 [pool-57-thread-1] INFO  server.RaftServerConfigKeys (ConfUtils.java:logGet(43)) - raft.server.log.statemachine.data.sync = true (default)
2019-10-17 07:38:08,094 [pool-57-thread-1] INFO  server.RaftServerConfigKeys (ConfUtils.java:logGet(43)) - raft.server.log.statemachine.data.sync.timeout = 10s (default)
2019-10-17 07:38:08,094 [pool-57-thread-1] INFO  server.RaftServerConfigKeys (ConfUtils.java:logGet(43)) - raft.server.log.statemachine.data.sync.timeout.retry = -1 (default)
2019-10-17 07:38:08,095 [pool-57-thread-1] INFO  server.RaftServerConfigKeys (ConfUtils.java:logGet(43)) - raft.server.log.statemachine.data.caching.enabled = true (custom)
2019-10-17 07:38:08,095 [pool-57-thread-1] INFO  segmented.SegmentedRaftLogWorker (SegmentedRaftLogWorker.java:lambda$new$0(128)) - 4b035f45-7941-40c3-ba2d-1cbecd2d369e@group-8AC045C62D9A-SegmentedRaftLogWorker: flushIndex: setUnconditionally 0 -> -1
2019-10-17 07:38:08,095 [pool-57-thread-1] INFO  server.RaftServerConfigKeys (ConfUtils.java:logGet(43)) - raft.server.snapshot.auto.trigger.enabled = true (custom)
2019-10-17 07:38:08,096 [pool-57-thread-1] INFO  server.RaftServerConfigKeys (ConfUtils.java:logGet(43)) - raft.server.snapshot.auto.trigger.threshold = 10000 (custom)
2019-10-17 07:38:08,096 [pool-57-thread-1] INFO  server.RaftServerConfigKeys (ConfUtils.java:logGet(43)) - raft.server.snapshot.retention.file.num = 5 (custom)
2019-10-17 07:38:08,096 [pool-57-thread-1] INFO  server.RaftServerConfigKeys (ConfUtils.java:logGet(43)) - raft.server.retrycache.expirytime = 600000ms (custom)
2019-10-17 07:38:08,102 [pool-57-thread-1] INFO  impl.RaftServerImpl (RaftServerImpl.java:start(195)) - 4b035f45-7941-40c3-ba2d-1cbecd2d369e@group-8AC045C62D9A: start as a follower, conf=-1: [4b035f45-7941-40c3-ba2d-1cbecd2d369e:192.168.34.62:45443], old=null
2019-10-17 07:38:08,102 [pool-57-thread-1] INFO  impl.RaftServerImpl (RaftServerImpl.java:setRole(184)) - 4b035f45-7941-40c3-ba2d-1cbecd2d369e@group-8AC045C62D9A: changes role from      null to FOLLOWER at term 0 for startAsFollower
2019-10-17 07:38:08,102 [pool-57-thread-1] INFO  impl.RoleInfo (RoleInfo.java:updateAndGet(143)) - 4b035f45-7941-40c3-ba2d-1cbecd2d369e: start FollowerState
2019-10-17 07:38:08,103 [pool-57-thread-1] INFO  util.JmxRegister (JmxRegister.java:tryRegister(44)) - Successfully registered JMX Bean with object name Ratis:service=RaftServer,group=group-8AC045C62D9A,id=4b035f45-7941-40c3-ba2d-1cbecd2d369e
2019-10-17 07:38:08,145 [Thread-231] INFO  impl.FollowerState (FollowerState.java:run(108)) - 920a4478-64f4-4720-983c-9a2102f3c94b@group-EE70740DC1AF-FollowerState: change to CANDIDATE, lastRpcTime:176ms, electionTimeout:176ms
2019-10-17 07:38:08,145 [Thread-231] INFO  impl.RoleInfo (RoleInfo.java:shutdownFollowerState(121)) - 920a4478-64f4-4720-983c-9a2102f3c94b: shutdown FollowerState
2019-10-17 07:38:08,146 [Thread-231] INFO  impl.RaftServerImpl (RaftServerImpl.java:setRole(184)) - 920a4478-64f4-4720-983c-9a2102f3c94b@group-EE70740DC1AF: changes role from  FOLLOWER to CANDIDATE at term 0 for changeToCandidate
2019-10-17 07:38:08,146 [Thread-231] INFO  impl.RoleInfo (RoleInfo.java:updateAndGet(143)) - 920a4478-64f4-4720-983c-9a2102f3c94b: start LeaderElection
2019-10-17 07:38:08,156 [RatisPipelineUtilsThread] INFO  pipeline.PipelineStateManager (PipelineStateManager.java:addPipeline(55)) - Created pipeline Pipeline[ Id: b5db8ca5-ca58-4ad9-8bbb-8ac045c62d9a, Nodes: 4b035f45-7941-40c3-ba2d-1cbecd2d369e{ip: 192.168.34.62, host: pr-hdds-1868-lzclr-202649289, networkLocation: /default-rack, certSerialId: null}, Type:RATIS, Factor:ONE, State:ALLOCATED]
2019-10-17 07:38:08,168 [6befc45b-dcf8-424c-b341-d7aa439c4bd9@group-7DCB31437E77-SegmentedRaftLogWorker] INFO  segmented.SegmentedRaftLogWorker (SegmentedRaftLogWorker.java:execute(576)) - 6befc45b-dcf8-424c-b341-d7aa439c4bd9@group-7DCB31437E77-SegmentedRaftLogWorker: created new log segment /workdir/hadoop-ozone/integration-test/target/test-dir/MiniOzoneClusterImpl-eeadbacc-06c2-472c-a3f4-8a25f61a295a/datanode-0/data/ratis/2eb9c592-92ea-406b-93f7-7dcb31437e77/current/log_inprogress_0
2019-10-17 07:38:08,179 [grpc-default-executor-0] INFO  impl.RaftServerProxy (RaftServerProxy.java:addNew(89)) - 05f59524-a4ea-4be4-b99d-fb9eed47142d: addNew group-40B9D2E3090B:[05f59524-a4ea-4be4-b99d-fb9eed47142d:192.168.34.62:45919] returns group-40B9D2E3090B:java.util.concurrent.CompletableFuture@5ae08239[Not completed]
2019-10-17 07:38:08,181 [pool-37-thread-1] INFO  impl.RaftServerImpl (RaftServerImpl.java:<init>(104)) - 05f59524-a4ea-4be4-b99d-fb9eed47142d: new RaftServerImpl for group-40B9D2E3090B:[05f59524-a4ea-4be4-b99d-fb9eed47142d:192.168.34.62:45919] with ContainerStateMachine:uninitialized
2019-10-17 07:38:08,181 [pool-37-thread-1] INFO  server.RaftServerConfigKeys (ConfUtils.java:logGet(43)) - raft.server.rpc.timeout.min = 5s (custom)
2019-10-17 07:38:08,182 [pool-37-thread-1] INFO  server.RaftServerConfigKeys (ConfUtils.java:logGet(43)) - raft.server.rpc.timeout.max = 5200ms (custom)
2019-10-17 07:38:08,182 [pool-37-thread-1] INFO  server.RaftServerConfigKeys (ConfUtils.java:logGet(43)) - raft.server.rpcslowness.timeout = 120s (custom)
2019-10-17 07:38:08,182 [pool-37-thread-1] INFO  server.RaftServerConfigKeys (ConfUtils.java:logGet(43)) - raft.server.sleep.deviation.threshold = 300 (default)
2019-10-17 07:38:08,182 [pool-37-thread-1] INFO  server.RaftServerConfigKeys (ConfUtils.java:logGet(43)) - raft.server.log.appender.install.snapshot.enabled = false (custom)
2019-10-17 07:38:08,182 [pool-37-thread-1] INFO  impl.RaftServerImpl (ServerState.java:<init>(103)) - 05f59524-a4ea-4be4-b99d-fb9eed47142d@group-40B9D2E3090B: ConfigurationManager, init=-1: [05f59524-a4ea-4be4-b99d-fb9eed47142d:192.168.34.62:45919], old=null, confs=<EMPTY_MAP>
2019-10-17 07:38:08,183 [pool-37-thread-1] INFO  server.RaftServerConfigKeys (ConfUtils.java:logGet(43)) - raft.server.storage.dir = [/workdir/hadoop-ozone/integration-test/target/test-dir/MiniOzoneClusterImpl-eeadbacc-06c2-472c-a3f4-8a25f61a295a/datanode-1/data/ratis] (custom)
2019-10-17 07:38:08,184 [pool-37-thread-1] INFO  server.RaftServerConfigKeys (ConfUtils.java:logGet(43)) - raft.server.log.corruption.policy = EXCEPTION (default)
2019-10-17 07:38:08,184 [pool-37-thread-1] INFO  storage.RaftStorageDirectory (RaftStorageDirectory.java:analyzeStorage(246)) - The storage directory /workdir/hadoop-ozone/integration-test/target/test-dir/MiniOzoneClusterImpl-eeadbacc-06c2-472c-a3f4-8a25f61a295a/datanode-1/data/ratis/205ad72d-2bec-4888-883b-40b9d2e3090b does not exist. Creating ...
2019-10-17 07:38:08,199 [920a4478-64f4-4720-983c-9a2102f3c94b@group-EE70740DC1AF-LeaderElection2] INFO  impl.LeaderElection (LeaderElection.java:askForVotes(178)) - 920a4478-64f4-4720-983c-9a2102f3c94b@group-EE70740DC1AF-LeaderElection2: begin an election at term 1 for -1: [920a4478-64f4-4720-983c-9a2102f3c94b:192.168.34.62:38609], old=null
2019-10-17 07:38:08,200 [920a4478-64f4-4720-983c-9a2102f3c94b@group-EE70740DC1AF-LeaderElection2] INFO  impl.RoleInfo (RoleInfo.java:shutdownLeaderElection(134)) - 920a4478-64f4-4720-983c-9a2102f3c94b: shutdown LeaderElection
2019-10-17 07:38:08,200 [920a4478-64f4-4720-983c-9a2102f3c94b@group-EE70740DC1AF-LeaderElection2] INFO  impl.RaftServerImpl (RaftServerImpl.java:setRole(184)) - 920a4478-64f4-4720-983c-9a2102f3c94b@group-EE70740DC1AF: changes role from CANDIDATE to LEADER at term 1 for changeToLeader
2019-10-17 07:38:08,200 [920a4478-64f4-4720-983c-9a2102f3c94b@group-EE70740DC1AF-LeaderElection2] INFO  ratis.XceiverServerRatis (XceiverServerRatis.java:handleLeaderChangedNotification(699)) - Leader change notification received for group: group-EE70740DC1AF with new leaderId: 920a4478-64f4-4720-983c-9a2102f3c94b
2019-10-17 07:38:08,200 [920a4478-64f4-4720-983c-9a2102f3c94b@group-EE70740DC1AF-LeaderElection2] INFO  impl.RaftServerImpl (ServerState.java:setLeader(256)) - 920a4478-64f4-4720-983c-9a2102f3c94b@group-EE70740DC1AF: change Leader from null to 920a4478-64f4-4720-983c-9a2102f3c94b at term 1 for becomeLeader, leader elected after 297ms
2019-10-17 07:38:08,201 [920a4478-64f4-4720-983c-9a2102f3c94b@group-EE70740DC1AF-LeaderElection2] INFO  server.RaftServerConfigKeys (ConfUtils.java:logGet(43)) - raft.server.staging.catchup.gap = 1000 (default)
2019-10-17 07:38:08,201 [920a4478-64f4-4720-983c-9a2102f3c94b@group-EE70740DC1AF-LeaderElection2] INFO  server.RaftServerConfigKeys (ConfUtils.java:logGet(43)) - raft.server.rpc.sleep.time = 25ms (default)
2019-10-17 07:38:08,202 [920a4478-64f4-4720-983c-9a2102f3c94b@group-EE70740DC1AF-LeaderElection2] INFO  server.RaftServerConfigKeys (ConfUtils.java:logGet(43)) - raft.server.write.element-limit = 4096 (default)
2019-10-17 07:38:08,203 [920a4478-64f4-4720-983c-9a2102f3c94b@group-EE70740DC1AF-LeaderElection2] INFO  server.RaftServerConfigKeys (ConfUtils.java:logGet(43)) - raft.server.watch.timeout = 10s (default)
2019-10-17 07:38:08,204 [920a4478-64f4-4720-983c-9a2102f3c94b@group-EE70740DC1AF-LeaderElection2] INFO  server.RaftServerConfigKeys (ConfUtils.java:logGet(43)) - raft.server.watch.timeout.denomination = 1s (default)
2019-10-17 07:38:08,204 [920a4478-64f4-4720-983c-9a2102f3c94b@group-EE70740DC1AF-LeaderElection2] INFO  server.RaftServerConfigKeys (ConfUtils.java:logGet(43)) - raft.server.watch.element-limit = 65536 (default)
2019-10-17 07:38:08,207 [920a4478-64f4-4720-983c-9a2102f3c94b@group-EE70740DC1AF-LeaderElection2] INFO  impl.RoleInfo (RoleInfo.java:updateAndGet(143)) - 920a4478-64f4-4720-983c-9a2102f3c94b: start LeaderState
2019-10-17 07:38:08,207 [920a4478-64f4-4720-983c-9a2102f3c94b@group-EE70740DC1AF-LeaderElection2] INFO  segmented.SegmentedRaftLogWorker (SegmentedRaftLogWorker.java:startLogSegment(385)) - 920a4478-64f4-4720-983c-9a2102f3c94b@group-EE70740DC1AF-SegmentedRaftLogWorker: Starting segment from index:0
2019-10-17 07:38:08,208 [920a4478-64f4-4720-983c-9a2102f3c94b@group-EE70740DC1AF-LeaderElection2] INFO  impl.RaftServerImpl (ServerState.java:setRaftConf(357)) - 920a4478-64f4-4720-983c-9a2102f3c94b@group-EE70740DC1AF: set configuration 0: [920a4478-64f4-4720-983c-9a2102f3c94b:192.168.34.62:38609], old=null at 0
2019-10-17 07:38:08,246 [pool-37-thread-1] INFO  storage.RaftStorageDirectory (RaftStorageDirectory.java:tryLock(328)) - Lock on /workdir/hadoop-ozone/integration-test/target/test-dir/MiniOzoneClusterImpl-eeadbacc-06c2-472c-a3f4-8a25f61a295a/datanode-1/data/ratis/205ad72d-2bec-4888-883b-40b9d2e3090b/in_use.lock acquired by nodename 20757@pr-hdds-1868-lzclr-202649289
2019-10-17 07:38:08,268 [Thread-234] INFO  impl.FollowerState (FollowerState.java:run(108)) - 4b035f45-7941-40c3-ba2d-1cbecd2d369e@group-8AC045C62D9A-FollowerState: change to CANDIDATE, lastRpcTime:165ms, electionTimeout:165ms
2019-10-17 07:38:08,269 [Thread-234] INFO  impl.RoleInfo (RoleInfo.java:shutdownFollowerState(121)) - 4b035f45-7941-40c3-ba2d-1cbecd2d369e: shutdown FollowerState
2019-10-17 07:38:08,270 [Thread-234] INFO  impl.RaftServerImpl (RaftServerImpl.java:setRole(184)) - 4b035f45-7941-40c3-ba2d-1cbecd2d369e@group-8AC045C62D9A: changes role from  FOLLOWER to CANDIDATE at term 0 for changeToCandidate
2019-10-17 07:38:08,270 [Thread-234] INFO  impl.RoleInfo (RoleInfo.java:updateAndGet(143)) - 4b035f45-7941-40c3-ba2d-1cbecd2d369e: start LeaderElection
2019-10-17 07:38:08,285 [920a4478-64f4-4720-983c-9a2102f3c94b@group-EE70740DC1AF-SegmentedRaftLogWorker] INFO  segmented.SegmentedRaftLogWorker (SegmentedRaftLogWorker.java:execute(576)) - 920a4478-64f4-4720-983c-9a2102f3c94b@group-EE70740DC1AF-SegmentedRaftLogWorker: created new log segment /workdir/hadoop-ozone/integration-test/target/test-dir/MiniOzoneClusterImpl-eeadbacc-06c2-472c-a3f4-8a25f61a295a/datanode-2/data/ratis/e99ab340-37f3-42a7-98a4-ee70740dc1af/current/log_inprogress_0
2019-10-17 07:38:08,285 [pool-37-thread-1] INFO  storage.RaftStorage (RaftStorage.java:format(84)) - Storage directory /workdir/hadoop-ozone/integration-test/target/test-dir/MiniOzoneClusterImpl-eeadbacc-06c2-472c-a3f4-8a25f61a295a/datanode-1/data/ratis/205ad72d-2bec-4888-883b-40b9d2e3090b has been successfully formatted.
2019-10-17 07:38:08,286 [pool-37-thread-1] INFO  ratis.ContainerStateMachine (ContainerStateMachine.java:loadSnapshot(233)) - group-40B9D2E3090B: The snapshot info is null. Setting the last applied indexto:(t:0, i:~)
2019-10-17 07:38:08,286 [pool-37-thread-1] INFO  server.RaftServerConfigKeys (ConfUtils.java:logGet(43)) - raft.server.notification.no-leader.timeout = 120s (custom)
2019-10-17 07:38:08,286 [pool-37-thread-1] INFO  server.RaftServerConfigKeys (ConfUtils.java:logGet(43)) - raft.server.log.use.memory = false (default)
2019-10-17 07:38:08,287 [pool-37-thread-1] INFO  server.RaftServerConfigKeys (ConfUtils.java:logGet(43)) - raft.server.log.purge.gap = 1000000 (custom)
2019-10-17 07:38:08,287 [pool-37-thread-1] INFO  server.RaftServerConfigKeys (ConfUtils.java:logGet(43)) - raft.server.log.appender.buffer.byte-limit = 33554432 (custom)
2019-10-17 07:38:08,287 [pool-37-thread-1] INFO  server.RaftServerConfigKeys (ConfUtils.java:logGet(43)) - raft.server.log.segment.size.max = 1048576 (custom)
2019-10-17 07:38:08,290 [pool-37-thread-1] INFO  server.RaftServerConfigKeys (ConfUtils.java:logGet(43)) - raft.server.log.segment.cache.num.max = 2 (custom)
2019-10-17 07:38:08,290 [pool-37-thread-1] INFO  segmented.SegmentedRaftLogWorker (SegmentedRaftLogWorker.java:<init>(173)) - new 05f59524-a4ea-4be4-b99d-fb9eed47142d@group-40B9D2E3090B-SegmentedRaftLogWorker for RaftStorage:Storage Directory /workdir/hadoop-ozone/integration-test/target/test-dir/MiniOzoneClusterImpl-eeadbacc-06c2-472c-a3f4-8a25f61a295a/datanode-1/data/ratis/205ad72d-2bec-4888-883b-40b9d2e3090b
2019-10-17 07:38:08,291 [pool-37-thread-1] INFO  server.RaftServerConfigKeys (ConfUtils.java:logGet(43)) - raft.server.log.queue.byte-limit = 2147483647 (custom)
2019-10-17 07:38:08,291 [pool-37-thread-1] INFO  server.RaftServerConfigKeys (ConfUtils.java:logGet(43)) - raft.server.log.queue.element-limit = 1024 (custom)
2019-10-17 07:38:08,291 [pool-37-thread-1] INFO  server.RaftServerConfigKeys (ConfUtils.java:logGet(43)) - raft.server.log.segment.size.max = 1048576 (custom)
2019-10-17 07:38:08,291 [pool-37-thread-1] INFO  server.RaftServerConfigKeys (ConfUtils.java:logGet(43)) - raft.server.log.preallocated.size = 16384 (custom)
2019-10-17 07:38:08,291 [pool-37-thread-1] INFO  server.RaftServerConfigKeys (ConfUtils.java:logGet(43)) - raft.server.log.write.buffer.size = 33554432 (custom)
2019-10-17 07:38:08,291 [pool-37-thread-1] INFO  server.RaftServerConfigKeys (ConfUtils.java:logGet(43)) - raft.server.log.force.sync.num = 128 (default)
2019-10-17 07:38:08,292 [pool-37-thread-1] INFO  server.RaftServerConfigKeys (ConfUtils.java:logGet(43)) - raft.server.log.statemachine.data.sync = true (default)
2019-10-17 07:38:08,292 [pool-37-thread-1] INFO  server.RaftServerConfigKeys (ConfUtils.java:logGet(43)) - raft.server.log.statemachine.data.sync.timeout = 10s (default)
2019-10-17 07:38:08,292 [pool-37-thread-1] INFO  server.RaftServerConfigKeys (ConfUtils.java:logGet(43)) - raft.server.log.statemachine.data.sync.timeout.retry = -1 (default)
2019-10-17 07:38:08,293 [pool-37-thread-1] INFO  server.RaftServerConfigKeys (ConfUtils.java:logGet(43)) - raft.server.log.statemachine.data.caching.enabled = true (custom)
2019-10-17 07:38:08,293 [pool-37-thread-1] INFO  segmented.SegmentedRaftLogWorker (SegmentedRaftLogWorker.java:lambda$new$0(128)) - 05f59524-a4ea-4be4-b99d-fb9eed47142d@group-40B9D2E3090B-SegmentedRaftLogWorker: flushIndex: setUnconditionally 0 -> -1
2019-10-17 07:38:08,293 [pool-37-thread-1] INFO  server.RaftServerConfigKeys (ConfUtils.java:logGet(43)) - raft.server.snapshot.auto.trigger.enabled = true (custom)
2019-10-17 07:38:08,294 [pool-37-thread-1] INFO  server.RaftServerConfigKeys (ConfUtils.java:logGet(43)) - raft.server.snapshot.auto.trigger.threshold = 10000 (custom)
2019-10-17 07:38:08,294 [pool-37-thread-1] INFO  server.RaftServerConfigKeys (ConfUtils.java:logGet(43)) - raft.server.snapshot.retention.file.num = 5 (custom)
2019-10-17 07:38:08,294 [pool-37-thread-1] INFO  server.RaftServerConfigKeys (ConfUtils.java:logGet(43)) - raft.server.retrycache.expirytime = 600000ms (custom)
2019-10-17 07:38:08,299 [pool-37-thread-1] INFO  impl.RaftServerImpl (RaftServerImpl.java:start(195)) - 05f59524-a4ea-4be4-b99d-fb9eed47142d@group-40B9D2E3090B: start as a follower, conf=-1: [05f59524-a4ea-4be4-b99d-fb9eed47142d:192.168.34.62:45919], old=null
2019-10-17 07:38:08,299 [pool-37-thread-1] INFO  impl.RaftServerImpl (RaftServerImpl.java:setRole(184)) - 05f59524-a4ea-4be4-b99d-fb9eed47142d@group-40B9D2E3090B: changes role from      null to FOLLOWER at term 0 for startAsFollower
2019-10-17 07:38:08,300 [pool-37-thread-1] INFO  impl.RoleInfo (RoleInfo.java:updateAndGet(143)) - 05f59524-a4ea-4be4-b99d-fb9eed47142d: start FollowerState
2019-10-17 07:38:08,300 [pool-37-thread-1] INFO  util.JmxRegister (JmxRegister.java:tryRegister(44)) - Successfully registered JMX Bean with object name Ratis:service=RaftServer,group=group-40B9D2E3090B,id=05f59524-a4ea-4be4-b99d-fb9eed47142d
2019-10-17 07:38:08,316 [RatisPipelineUtilsThread] INFO  pipeline.PipelineStateManager (PipelineStateManager.java:addPipeline(55)) - Created pipeline Pipeline[ Id: 205ad72d-2bec-4888-883b-40b9d2e3090b, Nodes: 05f59524-a4ea-4be4-b99d-fb9eed47142d{ip: 192.168.34.62, host: pr-hdds-1868-lzclr-202649289, networkLocation: /default-rack, certSerialId: null}, Type:RATIS, Factor:ONE, State:ALLOCATED]
2019-10-17 07:38:08,327 [4b035f45-7941-40c3-ba2d-1cbecd2d369e@group-8AC045C62D9A-LeaderElection3] INFO  impl.LeaderElection (LeaderElection.java:askForVotes(178)) - 4b035f45-7941-40c3-ba2d-1cbecd2d369e@group-8AC045C62D9A-LeaderElection3: begin an election at term 1 for -1: [4b035f45-7941-40c3-ba2d-1cbecd2d369e:192.168.34.62:45443], old=null
2019-10-17 07:38:08,328 [4b035f45-7941-40c3-ba2d-1cbecd2d369e@group-8AC045C62D9A-LeaderElection3] INFO  impl.RoleInfo (RoleInfo.java:shutdownLeaderElection(134)) - 4b035f45-7941-40c3-ba2d-1cbecd2d369e: shutdown LeaderElection
2019-10-17 07:38:08,328 [4b035f45-7941-40c3-ba2d-1cbecd2d369e@group-8AC045C62D9A-LeaderElection3] INFO  impl.RaftServerImpl (RaftServerImpl.java:setRole(184)) - 4b035f45-7941-40c3-ba2d-1cbecd2d369e@group-8AC045C62D9A: changes role from CANDIDATE to LEADER at term 1 for changeToLeader
2019-10-17 07:38:08,328 [4b035f45-7941-40c3-ba2d-1cbecd2d369e@group-8AC045C62D9A-LeaderElection3] INFO  ratis.XceiverServerRatis (XceiverServerRatis.java:handleLeaderChangedNotification(699)) - Leader change notification received for group: group-8AC045C62D9A with new leaderId: 4b035f45-7941-40c3-ba2d-1cbecd2d369e
2019-10-17 07:38:08,329 [4b035f45-7941-40c3-ba2d-1cbecd2d369e@group-8AC045C62D9A-LeaderElection3] INFO  impl.RaftServerImpl (ServerState.java:setLeader(256)) - 4b035f45-7941-40c3-ba2d-1cbecd2d369e@group-8AC045C62D9A: change Leader from null to 4b035f45-7941-40c3-ba2d-1cbecd2d369e at term 1 for becomeLeader, leader elected after 242ms
2019-10-17 07:38:08,330 [4b035f45-7941-40c3-ba2d-1cbecd2d369e@group-8AC045C62D9A-LeaderElection3] INFO  server.RaftServerConfigKeys (ConfUtils.java:logGet(43)) - raft.server.staging.catchup.gap = 1000 (default)
2019-10-17 07:38:08,330 [4b035f45-7941-40c3-ba2d-1cbecd2d369e@group-8AC045C62D9A-LeaderElection3] INFO  server.RaftServerConfigKeys (ConfUtils.java:logGet(43)) - raft.server.rpc.sleep.time = 25ms (default)
2019-10-17 07:38:08,332 [4b035f45-7941-40c3-ba2d-1cbecd2d369e@group-8AC045C62D9A-LeaderElection3] INFO  server.RaftServerConfigKeys (ConfUtils.java:logGet(43)) - raft.server.write.element-limit = 4096 (default)
2019-10-17 07:38:08,333 [4b035f45-7941-40c3-ba2d-1cbecd2d369e@group-8AC045C62D9A-LeaderElection3] INFO  server.RaftServerConfigKeys (ConfUtils.java:logGet(43)) - raft.server.watch.timeout = 10s (default)
2019-10-17 07:38:08,333 [4b035f45-7941-40c3-ba2d-1cbecd2d369e@group-8AC045C62D9A-LeaderElection3] INFO  server.RaftServerConfigKeys (ConfUtils.java:logGet(43)) - raft.server.watch.timeout.denomination = 1s (default)
2019-10-17 07:38:08,334 [4b035f45-7941-40c3-ba2d-1cbecd2d369e@group-8AC045C62D9A-LeaderElection3] INFO  server.RaftServerConfigKeys (ConfUtils.java:logGet(43)) - raft.server.watch.element-limit = 65536 (default)
2019-10-17 07:38:08,341 [grpc-default-executor-0] INFO  impl.RaftServerProxy (RaftServerProxy.java:addNew(89)) - 2636e257-7a47-4bf8-b940-93a028f0c6b6: addNew group-CA4E2DA81E43:[2636e257-7a47-4bf8-b940-93a028f0c6b6:192.168.34.62:43946] returns group-CA4E2DA81E43:java.util.concurrent.CompletableFuture@348a2b4a[Not completed]
2019-10-17 07:38:08,344 [4b035f45-7941-40c3-ba2d-1cbecd2d369e@group-8AC045C62D9A-LeaderElection3] INFO  impl.RoleInfo (RoleInfo.java:updateAndGet(143)) - 4b035f45-7941-40c3-ba2d-1cbecd2d369e: start LeaderState
2019-10-17 07:38:08,344 [4b035f45-7941-40c3-ba2d-1cbecd2d369e@group-8AC045C62D9A-LeaderElection3] INFO  segmented.SegmentedRaftLogWorker (SegmentedRaftLogWorker.java:startLogSegment(385)) - 4b035f45-7941-40c3-ba2d-1cbecd2d369e@group-8AC045C62D9A-SegmentedRaftLogWorker: Starting segment from index:0
2019-10-17 07:38:08,345 [4b035f45-7941-40c3-ba2d-1cbecd2d369e@group-8AC045C62D9A-LeaderElection3] INFO  impl.RaftServerImpl (ServerState.java:setRaftConf(357)) - 4b035f45-7941-40c3-ba2d-1cbecd2d369e@group-8AC045C62D9A: set configuration 0: [4b035f45-7941-40c3-ba2d-1cbecd2d369e:192.168.34.62:45443], old=null at 0
2019-10-17 07:38:08,385 [pool-77-thread-1] INFO  impl.RaftServerImpl (RaftServerImpl.java:<init>(104)) - 2636e257-7a47-4bf8-b940-93a028f0c6b6: new RaftServerImpl for group-CA4E2DA81E43:[2636e257-7a47-4bf8-b940-93a028f0c6b6:192.168.34.62:43946] with ContainerStateMachine:uninitialized
2019-10-17 07:38:08,386 [pool-77-thread-1] INFO  server.RaftServerConfigKeys (ConfUtils.java:logGet(43)) - raft.server.rpc.timeout.min = 5s (custom)
2019-10-17 07:38:08,386 [pool-77-thread-1] INFO  server.RaftServerConfigKeys (ConfUtils.java:logGet(43)) - raft.server.rpc.timeout.max = 5200ms (custom)
2019-10-17 07:38:08,386 [pool-77-thread-1] INFO  server.RaftServerConfigKeys (ConfUtils.java:logGet(43)) - raft.server.rpcslowness.timeout = 120s (custom)
2019-10-17 07:38:08,386 [pool-77-thread-1] INFO  server.RaftServerConfigKeys (ConfUtils.java:logGet(43)) - raft.server.sleep.deviation.threshold = 300 (default)
2019-10-17 07:38:08,387 [pool-77-thread-1] INFO  server.RaftServerConfigKeys (ConfUtils.java:logGet(43)) - raft.server.log.appender.install.snapshot.enabled = false (custom)
2019-10-17 07:38:08,387 [pool-77-thread-1] INFO  impl.RaftServerImpl (ServerState.java:<init>(103)) - 2636e257-7a47-4bf8-b940-93a028f0c6b6@group-CA4E2DA81E43: ConfigurationManager, init=-1: [2636e257-7a47-4bf8-b940-93a028f0c6b6:192.168.34.62:43946], old=null, confs=<EMPTY_MAP>
2019-10-17 07:38:08,387 [pool-77-thread-1] INFO  server.RaftServerConfigKeys (ConfUtils.java:logGet(43)) - raft.server.storage.dir = [/workdir/hadoop-ozone/integration-test/target/test-dir/MiniOzoneClusterImpl-eeadbacc-06c2-472c-a3f4-8a25f61a295a/datanode-5/data/ratis] (custom)
2019-10-17 07:38:08,387 [pool-77-thread-1] INFO  server.RaftServerConfigKeys (ConfUtils.java:logGet(43)) - raft.server.log.corruption.policy = EXCEPTION (default)
2019-10-17 07:38:08,388 [pool-77-thread-1] INFO  storage.RaftStorageDirectory (RaftStorageDirectory.java:analyzeStorage(246)) - The storage directory /workdir/hadoop-ozone/integration-test/target/test-dir/MiniOzoneClusterImpl-eeadbacc-06c2-472c-a3f4-8a25f61a295a/datanode-5/data/ratis/8cd7d133-7d77-4ffe-bfb2-ca4e2da81e43 does not exist. Creating ...
2019-10-17 07:38:08,400 [Thread-240] INFO  impl.FollowerState (FollowerState.java:run(108)) - 05f59524-a4ea-4be4-b99d-fb9eed47142d@group-40B9D2E3090B-FollowerState: change to CANDIDATE, lastRpcTime:100ms, electionTimeout:100ms
2019-10-17 07:38:08,401 [Thread-240] INFO  impl.RoleInfo (RoleInfo.java:shutdownFollowerState(121)) - 05f59524-a4ea-4be4-b99d-fb9eed47142d: shutdown FollowerState
2019-10-17 07:38:08,401 [Thread-240] INFO  impl.RaftServerImpl (RaftServerImpl.java:setRole(184)) - 05f59524-a4ea-4be4-b99d-fb9eed47142d@group-40B9D2E3090B: changes role from  FOLLOWER to CANDIDATE at term 0 for changeToCandidate
2019-10-17 07:38:08,401 [Thread-240] INFO  impl.RoleInfo (RoleInfo.java:updateAndGet(143)) - 05f59524-a4ea-4be4-b99d-fb9eed47142d: start LeaderElection
2019-10-17 07:38:08,422 [pool-77-thread-1] INFO  storage.RaftStorageDirectory (RaftStorageDirectory.java:tryLock(328)) - Lock on /workdir/hadoop-ozone/integration-test/target/test-dir/MiniOzoneClusterImpl-eeadbacc-06c2-472c-a3f4-8a25f61a295a/datanode-5/data/ratis/8cd7d133-7d77-4ffe-bfb2-ca4e2da81e43/in_use.lock acquired by nodename 20757@pr-hdds-1868-lzclr-202649289
2019-10-17 07:38:08,422 [4b035f45-7941-40c3-ba2d-1cbecd2d369e@group-8AC045C62D9A-SegmentedRaftLogWorker] INFO  segmented.SegmentedRaftLogWorker (SegmentedRaftLogWorker.java:execute(576)) - 4b035f45-7941-40c3-ba2d-1cbecd2d369e@group-8AC045C62D9A-SegmentedRaftLogWorker: created new log segment /workdir/hadoop-ozone/integration-test/target/test-dir/MiniOzoneClusterImpl-eeadbacc-06c2-472c-a3f4-8a25f61a295a/datanode-3/data/ratis/b5db8ca5-ca58-4ad9-8bbb-8ac045c62d9a/current/log_inprogress_0
2019-10-17 07:38:08,463 [pool-77-thread-1] INFO  storage.RaftStorage (RaftStorage.java:format(84)) - Storage directory /workdir/hadoop-ozone/integration-test/target/test-dir/MiniOzoneClusterImpl-eeadbacc-06c2-472c-a3f4-8a25f61a295a/datanode-5/data/ratis/8cd7d133-7d77-4ffe-bfb2-ca4e2da81e43 has been successfully formatted.
2019-10-17 07:38:08,463 [05f59524-a4ea-4be4-b99d-fb9eed47142d@group-40B9D2E3090B-LeaderElection4] INFO  impl.LeaderElection (LeaderElection.java:askForVotes(178)) - 05f59524-a4ea-4be4-b99d-fb9eed47142d@group-40B9D2E3090B-LeaderElection4: begin an election at term 1 for -1: [05f59524-a4ea-4be4-b99d-fb9eed47142d:192.168.34.62:45919], old=null
2019-10-17 07:38:08,463 [05f59524-a4ea-4be4-b99d-fb9eed47142d@group-40B9D2E3090B-LeaderElection4] INFO  impl.RoleInfo (RoleInfo.java:shutdownLeaderElection(134)) - 05f59524-a4ea-4be4-b99d-fb9eed47142d: shutdown LeaderElection
2019-10-17 07:38:08,464 [pool-77-thread-1] INFO  ratis.ContainerStateMachine (ContainerStateMachine.java:loadSnapshot(233)) - group-CA4E2DA81E43: The snapshot info is null. Setting the last applied indexto:(t:0, i:~)
2019-10-17 07:38:08,464 [05f59524-a4ea-4be4-b99d-fb9eed47142d@group-40B9D2E3090B-LeaderElection4] INFO  impl.RaftServerImpl (RaftServerImpl.java:setRole(184)) - 05f59524-a4ea-4be4-b99d-fb9eed47142d@group-40B9D2E3090B: changes role from CANDIDATE to LEADER at term 1 for changeToLeader
2019-10-17 07:38:08,464 [pool-77-thread-1] INFO  server.RaftServerConfigKeys (ConfUtils.java:logGet(43)) - raft.server.notification.no-leader.timeout = 120s (custom)
2019-10-17 07:38:08,464 [05f59524-a4ea-4be4-b99d-fb9eed47142d@group-40B9D2E3090B-LeaderElection4] INFO  ratis.XceiverServerRatis (XceiverServerRatis.java:handleLeaderChangedNotification(699)) - Leader change notification received for group: group-40B9D2E3090B with new leaderId: 05f59524-a4ea-4be4-b99d-fb9eed47142d
2019-10-17 07:38:08,464 [pool-77-thread-1] INFO  server.RaftServerConfigKeys (ConfUtils.java:logGet(43)) - raft.server.log.use.memory = false (default)
2019-10-17 07:38:08,464 [05f59524-a4ea-4be4-b99d-fb9eed47142d@group-40B9D2E3090B-LeaderElection4] INFO  impl.RaftServerImpl (ServerState.java:setLeader(256)) - 05f59524-a4ea-4be4-b99d-fb9eed47142d@group-40B9D2E3090B: change Leader from null to 05f59524-a4ea-4be4-b99d-fb9eed47142d at term 1 for becomeLeader, leader elected after 177ms
2019-10-17 07:38:08,465 [pool-77-thread-1] INFO  server.RaftServerConfigKeys (ConfUtils.java:logGet(43)) - raft.server.log.purge.gap = 1000000 (custom)
2019-10-17 07:38:08,466 [05f59524-a4ea-4be4-b99d-fb9eed47142d@group-40B9D2E3090B-LeaderElection4] INFO  server.RaftServerConfigKeys (ConfUtils.java:logGet(43)) - raft.server.staging.catchup.gap = 1000 (default)
2019-10-17 07:38:08,466 [pool-77-thread-1] INFO  server.RaftServerConfigKeys (ConfUtils.java:logGet(43)) - raft.server.log.appender.buffer.byte-limit = 33554432 (custom)
2019-10-17 07:38:08,466 [05f59524-a4ea-4be4-b99d-fb9eed47142d@group-40B9D2E3090B-LeaderElection4] INFO  server.RaftServerConfigKeys (ConfUtils.java:logGet(43)) - raft.server.rpc.sleep.time = 25ms (default)
2019-10-17 07:38:08,467 [pool-77-thread-1] INFO  server.RaftServerConfigKeys (ConfUtils.java:logGet(43)) - raft.server.log.segment.size.max = 1048576 (custom)
2019-10-17 07:38:08,468 [05f59524-a4ea-4be4-b99d-fb9eed47142d@group-40B9D2E3090B-LeaderElection4] INFO  server.RaftServerConfigKeys (ConfUtils.java:logGet(43)) - raft.server.write.element-limit = 4096 (default)
2019-10-17 07:38:08,469 [05f59524-a4ea-4be4-b99d-fb9eed47142d@group-40B9D2E3090B-LeaderElection4] INFO  server.RaftServerConfigKeys (ConfUtils.java:logGet(43)) - raft.server.watch.timeout = 10s (default)
2019-10-17 07:38:08,469 [05f59524-a4ea-4be4-b99d-fb9eed47142d@group-40B9D2E3090B-LeaderElection4] INFO  server.RaftServerConfigKeys (ConfUtils.java:logGet(43)) - raft.server.watch.timeout.denomination = 1s (default)
2019-10-17 07:38:08,470 [05f59524-a4ea-4be4-b99d-fb9eed47142d@group-40B9D2E3090B-LeaderElection4] INFO  server.RaftServerConfigKeys (ConfUtils.java:logGet(43)) - raft.server.watch.element-limit = 65536 (default)
2019-10-17 07:38:08,473 [pool-77-thread-1] INFO  server.RaftServerConfigKeys (ConfUtils.java:logGet(43)) - raft.server.log.segment.cache.num.max = 2 (custom)
2019-10-17 07:38:08,474 [pool-77-thread-1] INFO  segmented.SegmentedRaftLogWorker (SegmentedRaftLogWorker.java:<init>(173)) - new 2636e257-7a47-4bf8-b940-93a028f0c6b6@group-CA4E2DA81E43-SegmentedRaftLogWorker for RaftStorage:Storage Directory /workdir/hadoop-ozone/integration-test/target/test-dir/MiniOzoneClusterImpl-eeadbacc-06c2-472c-a3f4-8a25f61a295a/datanode-5/data/ratis/8cd7d133-7d77-4ffe-bfb2-ca4e2da81e43
2019-10-17 07:38:08,474 [pool-77-thread-1] INFO  server.RaftServerConfigKeys (ConfUtils.java:logGet(43)) - raft.server.log.queue.byte-limit = 2147483647 (custom)
2019-10-17 07:38:08,474 [pool-77-thread-1] INFO  server.RaftServerConfigKeys (ConfUtils.java:logGet(43)) - raft.server.log.queue.element-limit = 1024 (custom)
2019-10-17 07:38:08,474 [pool-77-thread-1] INFO  server.RaftServerConfigKeys (ConfUtils.java:logGet(43)) - raft.server.log.segment.size.max = 1048576 (custom)
2019-10-17 07:38:08,475 [pool-77-thread-1] INFO  server.RaftServerConfigKeys (ConfUtils.java:logGet(43)) - raft.server.log.preallocated.size = 16384 (custom)
2019-10-17 07:38:08,475 [05f59524-a4ea-4be4-b99d-fb9eed47142d@group-40B9D2E3090B-LeaderElection4] INFO  impl.RoleInfo (RoleInfo.java:updateAndGet(143)) - 05f59524-a4ea-4be4-b99d-fb9eed47142d: start LeaderState
2019-10-17 07:38:08,476 [pool-77-thread-1] INFO  server.RaftServerConfigKeys (ConfUtils.java:logGet(43)) - raft.server.log.write.buffer.size = 33554432 (custom)
2019-10-17 07:38:08,476 [pool-77-thread-1] INFO  server.RaftServerConfigKeys (ConfUtils.java:logGet(43)) - raft.server.log.force.sync.num = 128 (default)
2019-10-17 07:38:08,476 [05f59524-a4ea-4be4-b99d-fb9eed47142d@group-40B9D2E3090B-LeaderElection4] INFO  segmented.SegmentedRaftLogWorker (SegmentedRaftLogWorker.java:startLogSegment(385)) - 05f59524-a4ea-4be4-b99d-fb9eed47142d@group-40B9D2E3090B-SegmentedRaftLogWorker: Starting segment from index:0
2019-10-17 07:38:08,476 [pool-77-thread-1] INFO  server.RaftServerConfigKeys (ConfUtils.java:logGet(43)) - raft.server.log.statemachine.data.sync = true (default)
2019-10-17 07:38:08,477 [pool-77-thread-1] INFO  server.RaftServerConfigKeys (ConfUtils.java:logGet(43)) - raft.server.log.statemachine.data.sync.timeout = 10s (default)
2019-10-17 07:38:08,477 [pool-77-thread-1] INFO  server.RaftServerConfigKeys (ConfUtils.java:logGet(43)) - raft.server.log.statemachine.data.sync.timeout.retry = -1 (default)
2019-10-17 07:38:08,477 [05f59524-a4ea-4be4-b99d-fb9eed47142d@group-40B9D2E3090B-LeaderElection4] INFO  impl.RaftServerImpl (ServerState.java:setRaftConf(357)) - 05f59524-a4ea-4be4-b99d-fb9eed47142d@group-40B9D2E3090B: set configuration 0: [05f59524-a4ea-4be4-b99d-fb9eed47142d:192.168.34.62:45919], old=null at 0
2019-10-17 07:38:08,515 [pool-77-thread-1] INFO  server.RaftServerConfigKeys (ConfUtils.java:logGet(43)) - raft.server.log.statemachine.data.caching.enabled = true (custom)
2019-10-17 07:38:08,516 [pool-77-thread-1] INFO  segmented.SegmentedRaftLogWorker (SegmentedRaftLogWorker.java:lambda$new$0(128)) - 2636e257-7a47-4bf8-b940-93a028f0c6b6@group-CA4E2DA81E43-SegmentedRaftLogWorker: flushIndex: setUnconditionally 0 -> -1
2019-10-17 07:38:08,516 [pool-77-thread-1] INFO  server.RaftServerConfigKeys (ConfUtils.java:logGet(43)) - raft.server.snapshot.auto.trigger.enabled = true (custom)
2019-10-17 07:38:08,516 [pool-77-thread-1] INFO  server.RaftServerConfigKeys (ConfUtils.java:logGet(43)) - raft.server.snapshot.auto.trigger.threshold = 10000 (custom)
2019-10-17 07:38:08,516 [pool-77-thread-1] INFO  server.RaftServerConfigKeys (ConfUtils.java:logGet(43)) - raft.server.snapshot.retention.file.num = 5 (custom)
2019-10-17 07:38:08,517 [pool-77-thread-1] INFO  server.RaftServerConfigKeys (ConfUtils.java:logGet(43)) - raft.server.retrycache.expirytime = 600000ms (custom)
2019-10-17 07:38:08,523 [pool-77-thread-1] INFO  impl.RaftServerImpl (RaftServerImpl.java:start(195)) - 2636e257-7a47-4bf8-b940-93a028f0c6b6@group-CA4E2DA81E43: start as a follower, conf=-1: [2636e257-7a47-4bf8-b940-93a028f0c6b6:192.168.34.62:43946], old=null
2019-10-17 07:38:08,523 [pool-77-thread-1] INFO  impl.RaftServerImpl (RaftServerImpl.java:setRole(184)) - 2636e257-7a47-4bf8-b940-93a028f0c6b6@group-CA4E2DA81E43: changes role from      null to FOLLOWER at term 0 for startAsFollower
2019-10-17 07:38:08,523 [pool-77-thread-1] INFO  impl.RoleInfo (RoleInfo.java:updateAndGet(143)) - 2636e257-7a47-4bf8-b940-93a028f0c6b6: start FollowerState
2019-10-17 07:38:08,524 [pool-77-thread-1] INFO  util.JmxRegister (JmxRegister.java:tryRegister(44)) - Successfully registered JMX Bean with object name Ratis:service=RaftServer,group=group-CA4E2DA81E43,id=2636e257-7a47-4bf8-b940-93a028f0c6b6
2019-10-17 07:38:08,538 [RatisPipelineUtilsThread] INFO  pipeline.PipelineStateManager (PipelineStateManager.java:addPipeline(55)) - Created pipeline Pipeline[ Id: 8cd7d133-7d77-4ffe-bfb2-ca4e2da81e43, Nodes: 2636e257-7a47-4bf8-b940-93a028f0c6b6{ip: 192.168.34.62, host: pr-hdds-1868-lzclr-202649289, networkLocation: /default-rack, certSerialId: null}, Type:RATIS, Factor:ONE, State:ALLOCATED]
2019-10-17 07:38:08,557 [05f59524-a4ea-4be4-b99d-fb9eed47142d@group-40B9D2E3090B-SegmentedRaftLogWorker] INFO  segmented.SegmentedRaftLogWorker (SegmentedRaftLogWorker.java:execute(576)) - 05f59524-a4ea-4be4-b99d-fb9eed47142d@group-40B9D2E3090B-SegmentedRaftLogWorker: created new log segment /workdir/hadoop-ozone/integration-test/target/test-dir/MiniOzoneClusterImpl-eeadbacc-06c2-472c-a3f4-8a25f61a295a/datanode-1/data/ratis/205ad72d-2bec-4888-883b-40b9d2e3090b/current/log_inprogress_0
2019-10-17 07:38:08,561 [grpc-default-executor-0] INFO  impl.RaftServerProxy (RaftServerProxy.java:addNew(89)) - 57d83d75-a41d-4aa4-98a2-4186e05ab504: addNew group-6F55AE0B2E8B:[57d83d75-a41d-4aa4-98a2-4186e05ab504:192.168.34.62:46845] returns group-6F55AE0B2E8B:java.util.concurrent.CompletableFuture@4924ecd5[Not completed]
2019-10-17 07:38:08,565 [Thread-246] INFO  impl.FollowerState (FollowerState.java:run(108)) - 2636e257-7a47-4bf8-b940-93a028f0c6b6@group-CA4E2DA81E43-FollowerState: change to CANDIDATE, lastRpcTime:41ms, electionTimeout:40ms
2019-10-17 07:38:08,565 [pool-67-thread-1] INFO  impl.RaftServerImpl (RaftServerImpl.java:<init>(104)) - 57d83d75-a41d-4aa4-98a2-4186e05ab504: new RaftServerImpl for group-6F55AE0B2E8B:[57d83d75-a41d-4aa4-98a2-4186e05ab504:192.168.34.62:46845] with ContainerStateMachine:uninitialized
2019-10-17 07:38:08,565 [Thread-246] INFO  impl.RoleInfo (RoleInfo.java:shutdownFollowerState(121)) - 2636e257-7a47-4bf8-b940-93a028f0c6b6: shutdown FollowerState
2019-10-17 07:38:08,565 [pool-67-thread-1] INFO  server.RaftServerConfigKeys (ConfUtils.java:logGet(43)) - raft.server.rpc.timeout.min = 5s (custom)
2019-10-17 07:38:08,565 [Thread-246] INFO  impl.RaftServerImpl (RaftServerImpl.java:setRole(184)) - 2636e257-7a47-4bf8-b940-93a028f0c6b6@group-CA4E2DA81E43: changes role from  FOLLOWER to CANDIDATE at term 0 for changeToCandidate
2019-10-17 07:38:08,566 [pool-67-thread-1] INFO  server.RaftServerConfigKeys (ConfUtils.java:logGet(43)) - raft.server.rpc.timeout.max = 5200ms (custom)
2019-10-17 07:38:08,566 [Thread-246] INFO  impl.RoleInfo (RoleInfo.java:updateAndGet(143)) - 2636e257-7a47-4bf8-b940-93a028f0c6b6: start LeaderElection
2019-10-17 07:38:08,566 [pool-67-thread-1] INFO  server.RaftServerConfigKeys (ConfUtils.java:logGet(43)) - raft.server.rpcslowness.timeout = 120s (custom)
2019-10-17 07:38:08,566 [pool-67-thread-1] INFO  server.RaftServerConfigKeys (ConfUtils.java:logGet(43)) - raft.server.sleep.deviation.threshold = 300 (default)
2019-10-17 07:38:08,566 [pool-67-thread-1] INFO  server.RaftServerConfigKeys (ConfUtils.java:logGet(43)) - raft.server.log.appender.install.snapshot.enabled = false (custom)
2019-10-17 07:38:08,567 [pool-67-thread-1] INFO  impl.RaftServerImpl (ServerState.java:<init>(103)) - 57d83d75-a41d-4aa4-98a2-4186e05ab504@group-6F55AE0B2E8B: ConfigurationManager, init=-1: [57d83d75-a41d-4aa4-98a2-4186e05ab504:192.168.34.62:46845], old=null, confs=<EMPTY_MAP>
2019-10-17 07:38:08,568 [pool-67-thread-1] INFO  server.RaftServerConfigKeys (ConfUtils.java:logGet(43)) - raft.server.storage.dir = [/workdir/hadoop-ozone/integration-test/target/test-dir/MiniOzoneClusterImpl-eeadbacc-06c2-472c-a3f4-8a25f61a295a/datanode-4/data/ratis] (custom)
2019-10-17 07:38:08,569 [pool-67-thread-1] INFO  server.RaftServerConfigKeys (ConfUtils.java:logGet(43)) - raft.server.log.corruption.policy = EXCEPTION (default)
2019-10-17 07:38:08,569 [pool-67-thread-1] INFO  storage.RaftStorageDirectory (RaftStorageDirectory.java:analyzeStorage(246)) - The storage directory /workdir/hadoop-ozone/integration-test/target/test-dir/MiniOzoneClusterImpl-eeadbacc-06c2-472c-a3f4-8a25f61a295a/datanode-4/data/ratis/489d0685-f6e7-4d5b-9ecc-6f55ae0b2e8b does not exist. Creating ...
2019-10-17 07:38:08,605 [pool-67-thread-1] INFO  storage.RaftStorageDirectory (RaftStorageDirectory.java:tryLock(328)) - Lock on /workdir/hadoop-ozone/integration-test/target/test-dir/MiniOzoneClusterImpl-eeadbacc-06c2-472c-a3f4-8a25f61a295a/datanode-4/data/ratis/489d0685-f6e7-4d5b-9ecc-6f55ae0b2e8b/in_use.lock acquired by nodename 20757@pr-hdds-1868-lzclr-202649289
2019-10-17 07:38:08,605 [2636e257-7a47-4bf8-b940-93a028f0c6b6@group-CA4E2DA81E43-LeaderElection5] INFO  impl.LeaderElection (LeaderElection.java:askForVotes(178)) - 2636e257-7a47-4bf8-b940-93a028f0c6b6@group-CA4E2DA81E43-LeaderElection5: begin an election at term 1 for -1: [2636e257-7a47-4bf8-b940-93a028f0c6b6:192.168.34.62:43946], old=null
2019-10-17 07:38:08,606 [2636e257-7a47-4bf8-b940-93a028f0c6b6@group-CA4E2DA81E43-LeaderElection5] INFO  impl.RoleInfo (RoleInfo.java:shutdownLeaderElection(134)) - 2636e257-7a47-4bf8-b940-93a028f0c6b6: shutdown LeaderElection
2019-10-17 07:38:08,606 [2636e257-7a47-4bf8-b940-93a028f0c6b6@group-CA4E2DA81E43-LeaderElection5] INFO  impl.RaftServerImpl (RaftServerImpl.java:setRole(184)) - 2636e257-7a47-4bf8-b940-93a028f0c6b6@group-CA4E2DA81E43: changes role from CANDIDATE to LEADER at term 1 for changeToLeader
2019-10-17 07:38:08,606 [2636e257-7a47-4bf8-b940-93a028f0c6b6@group-CA4E2DA81E43-LeaderElection5] INFO  ratis.XceiverServerRatis (XceiverServerRatis.java:handleLeaderChangedNotification(699)) - Leader change notification received for group: group-CA4E2DA81E43 with new leaderId: 2636e257-7a47-4bf8-b940-93a028f0c6b6
2019-10-17 07:38:08,606 [2636e257-7a47-4bf8-b940-93a028f0c6b6@group-CA4E2DA81E43-LeaderElection5] INFO  impl.RaftServerImpl (ServerState.java:setLeader(256)) - 2636e257-7a47-4bf8-b940-93a028f0c6b6@group-CA4E2DA81E43: change Leader from null to 2636e257-7a47-4bf8-b940-93a028f0c6b6 at term 1 for becomeLeader, leader elected after 142ms
2019-10-17 07:38:08,607 [2636e257-7a47-4bf8-b940-93a028f0c6b6@group-CA4E2DA81E43-LeaderElection5] INFO  server.RaftServerConfigKeys (ConfUtils.java:logGet(43)) - raft.server.staging.catchup.gap = 1000 (default)
2019-10-17 07:38:08,608 [2636e257-7a47-4bf8-b940-93a028f0c6b6@group-CA4E2DA81E43-LeaderElection5] INFO  server.RaftServerConfigKeys (ConfUtils.java:logGet(43)) - raft.server.rpc.sleep.time = 25ms (default)
2019-10-17 07:38:08,608 [2636e257-7a47-4bf8-b940-93a028f0c6b6@group-CA4E2DA81E43-LeaderElection5] INFO  server.RaftServerConfigKeys (ConfUtils.java:logGet(43)) - raft.server.write.element-limit = 4096 (default)
2019-10-17 07:38:08,609 [2636e257-7a47-4bf8-b940-93a028f0c6b6@group-CA4E2DA81E43-LeaderElection5] INFO  server.RaftServerConfigKeys (ConfUtils.java:logGet(43)) - raft.server.watch.timeout = 10s (default)
2019-10-17 07:38:08,610 [2636e257-7a47-4bf8-b940-93a028f0c6b6@group-CA4E2DA81E43-LeaderElection5] INFO  server.RaftServerConfigKeys (ConfUtils.java:logGet(43)) - raft.server.watch.timeout.denomination = 1s (default)
2019-10-17 07:38:08,610 [2636e257-7a47-4bf8-b940-93a028f0c6b6@group-CA4E2DA81E43-LeaderElection5] INFO  server.RaftServerConfigKeys (ConfUtils.java:logGet(43)) - raft.server.watch.element-limit = 65536 (default)
2019-10-17 07:38:08,613 [2636e257-7a47-4bf8-b940-93a028f0c6b6@group-CA4E2DA81E43-LeaderElection5] INFO  impl.RoleInfo (RoleInfo.java:updateAndGet(143)) - 2636e257-7a47-4bf8-b940-93a028f0c6b6: start LeaderState
2019-10-17 07:38:08,614 [2636e257-7a47-4bf8-b940-93a028f0c6b6@group-CA4E2DA81E43-LeaderElection5] INFO  segmented.SegmentedRaftLogWorker (SegmentedRaftLogWorker.java:startLogSegment(385)) - 2636e257-7a47-4bf8-b940-93a028f0c6b6@group-CA4E2DA81E43-SegmentedRaftLogWorker: Starting segment from index:0
2019-10-17 07:38:08,615 [2636e257-7a47-4bf8-b940-93a028f0c6b6@group-CA4E2DA81E43-LeaderElection5] INFO  impl.RaftServerImpl (ServerState.java:setRaftConf(357)) - 2636e257-7a47-4bf8-b940-93a028f0c6b6@group-CA4E2DA81E43: set configuration 0: [2636e257-7a47-4bf8-b940-93a028f0c6b6:192.168.34.62:43946], old=null at 0
2019-10-17 07:38:08,650 [pool-67-thread-1] INFO  storage.RaftStorage (RaftStorage.java:format(84)) - Storage directory /workdir/hadoop-ozone/integration-test/target/test-dir/MiniOzoneClusterImpl-eeadbacc-06c2-472c-a3f4-8a25f61a295a/datanode-4/data/ratis/489d0685-f6e7-4d5b-9ecc-6f55ae0b2e8b has been successfully formatted.
2019-10-17 07:38:08,651 [pool-67-thread-1] INFO  ratis.ContainerStateMachine (ContainerStateMachine.java:loadSnapshot(233)) - group-6F55AE0B2E8B: The snapshot info is null. Setting the last applied indexto:(t:0, i:~)
2019-10-17 07:38:08,651 [pool-67-thread-1] INFO  server.RaftServerConfigKeys (ConfUtils.java:logGet(43)) - raft.server.notification.no-leader.timeout = 120s (custom)
2019-10-17 07:38:08,652 [pool-67-thread-1] INFO  server.RaftServerConfigKeys (ConfUtils.java:logGet(43)) - raft.server.log.use.memory = false (default)
2019-10-17 07:38:08,652 [pool-67-thread-1] INFO  server.RaftServerConfigKeys (ConfUtils.java:logGet(43)) - raft.server.log.purge.gap = 1000000 (custom)
2019-10-17 07:38:08,652 [pool-67-thread-1] INFO  server.RaftServerConfigKeys (ConfUtils.java:logGet(43)) - raft.server.log.appender.buffer.byte-limit = 33554432 (custom)
2019-10-17 07:38:08,652 [pool-67-thread-1] INFO  server.RaftServerConfigKeys (ConfUtils.java:logGet(43)) - raft.server.log.segment.size.max = 1048576 (custom)
2019-10-17 07:38:08,655 [pool-67-thread-1] INFO  server.RaftServerConfigKeys (ConfUtils.java:logGet(43)) - raft.server.log.segment.cache.num.max = 2 (custom)
2019-10-17 07:38:08,656 [pool-67-thread-1] INFO  segmented.SegmentedRaftLogWorker (SegmentedRaftLogWorker.java:<init>(173)) - new 57d83d75-a41d-4aa4-98a2-4186e05ab504@group-6F55AE0B2E8B-SegmentedRaftLogWorker for RaftStorage:Storage Directory /workdir/hadoop-ozone/integration-test/target/test-dir/MiniOzoneClusterImpl-eeadbacc-06c2-472c-a3f4-8a25f61a295a/datanode-4/data/ratis/489d0685-f6e7-4d5b-9ecc-6f55ae0b2e8b
2019-10-17 07:38:08,656 [pool-67-thread-1] INFO  server.RaftServerConfigKeys (ConfUtils.java:logGet(43)) - raft.server.log.queue.byte-limit = 2147483647 (custom)
2019-10-17 07:38:08,656 [pool-67-thread-1] INFO  server.RaftServerConfigKeys (ConfUtils.java:logGet(43)) - raft.server.log.queue.element-limit = 1024 (custom)
2019-10-17 07:38:08,656 [pool-67-thread-1] INFO  server.RaftServerConfigKeys (ConfUtils.java:logGet(43)) - raft.server.log.segment.size.max = 1048576 (custom)
2019-10-17 07:38:08,656 [pool-67-thread-1] INFO  server.RaftServerConfigKeys (ConfUtils.java:logGet(43)) - raft.server.log.preallocated.size = 16384 (custom)
2019-10-17 07:38:08,656 [pool-67-thread-1] INFO  server.RaftServerConfigKeys (ConfUtils.java:logGet(43)) - raft.server.log.write.buffer.size = 33554432 (custom)
2019-10-17 07:38:08,656 [pool-67-thread-1] INFO  server.RaftServerConfigKeys (ConfUtils.java:logGet(43)) - raft.server.log.force.sync.num = 128 (default)
2019-10-17 07:38:08,657 [pool-67-thread-1] INFO  server.RaftServerConfigKeys (ConfUtils.java:logGet(43)) - raft.server.log.statemachine.data.sync = true (default)
2019-10-17 07:38:08,657 [pool-67-thread-1] INFO  server.RaftServerConfigKeys (ConfUtils.java:logGet(43)) - raft.server.log.statemachine.data.sync.timeout = 10s (default)
2019-10-17 07:38:08,657 [pool-67-thread-1] INFO  server.RaftServerConfigKeys (ConfUtils.java:logGet(43)) - raft.server.log.statemachine.data.sync.timeout.retry = -1 (default)
2019-10-17 07:38:08,657 [pool-67-thread-1] INFO  server.RaftServerConfigKeys (ConfUtils.java:logGet(43)) - raft.server.log.statemachine.data.caching.enabled = true (custom)
2019-10-17 07:38:08,658 [pool-67-thread-1] INFO  segmented.SegmentedRaftLogWorker (SegmentedRaftLogWorker.java:lambda$new$0(128)) - 57d83d75-a41d-4aa4-98a2-4186e05ab504@group-6F55AE0B2E8B-SegmentedRaftLogWorker: flushIndex: setUnconditionally 0 -> -1
2019-10-17 07:38:08,658 [pool-67-thread-1] INFO  server.RaftServerConfigKeys (ConfUtils.java:logGet(43)) - raft.server.snapshot.auto.trigger.enabled = true (custom)
2019-10-17 07:38:08,658 [pool-67-thread-1] INFO  server.RaftServerConfigKeys (ConfUtils.java:logGet(43)) - raft.server.snapshot.auto.trigger.threshold = 10000 (custom)
2019-10-17 07:38:08,659 [pool-67-thread-1] INFO  server.RaftServerConfigKeys (ConfUtils.java:logGet(43)) - raft.server.snapshot.retention.file.num = 5 (custom)
2019-10-17 07:38:08,659 [pool-67-thread-1] INFO  server.RaftServerConfigKeys (ConfUtils.java:logGet(43)) - raft.server.retrycache.expirytime = 600000ms (custom)
2019-10-17 07:38:08,663 [pool-67-thread-1] INFO  impl.RaftServerImpl (RaftServerImpl.java:start(195)) - 57d83d75-a41d-4aa4-98a2-4186e05ab504@group-6F55AE0B2E8B: start as a follower, conf=-1: [57d83d75-a41d-4aa4-98a2-4186e05ab504:192.168.34.62:46845], old=null
2019-10-17 07:38:08,663 [pool-67-thread-1] INFO  impl.RaftServerImpl (RaftServerImpl.java:setRole(184)) - 57d83d75-a41d-4aa4-98a2-4186e05ab504@group-6F55AE0B2E8B: changes role from      null to FOLLOWER at term 0 for startAsFollower
2019-10-17 07:38:08,663 [pool-67-thread-1] INFO  impl.RoleInfo (RoleInfo.java:updateAndGet(143)) - 57d83d75-a41d-4aa4-98a2-4186e05ab504: start FollowerState
2019-10-17 07:38:08,664 [pool-67-thread-1] INFO  util.JmxRegister (JmxRegister.java:tryRegister(44)) - Successfully registered JMX Bean with object name Ratis:service=RaftServer,group=group-6F55AE0B2E8B,id=57d83d75-a41d-4aa4-98a2-4186e05ab504
2019-10-17 07:38:08,678 [RatisPipelineUtilsThread] INFO  pipeline.PipelineStateManager (PipelineStateManager.java:addPipeline(55)) - Created pipeline Pipeline[ Id: 489d0685-f6e7-4d5b-9ecc-6f55ae0b2e8b, Nodes: 57d83d75-a41d-4aa4-98a2-4186e05ab504{ip: 192.168.34.62, host: pr-hdds-1868-lzclr-202649289, networkLocation: /default-rack, certSerialId: null}, Type:RATIS, Factor:ONE, State:ALLOCATED]
2019-10-17 07:38:08,688 [2636e257-7a47-4bf8-b940-93a028f0c6b6@group-CA4E2DA81E43-SegmentedRaftLogWorker] INFO  segmented.SegmentedRaftLogWorker (SegmentedRaftLogWorker.java:execute(576)) - 2636e257-7a47-4bf8-b940-93a028f0c6b6@group-CA4E2DA81E43-SegmentedRaftLogWorker: created new log segment /workdir/hadoop-ozone/integration-test/target/test-dir/MiniOzoneClusterImpl-eeadbacc-06c2-472c-a3f4-8a25f61a295a/datanode-5/data/ratis/8cd7d133-7d77-4ffe-bfb2-ca4e2da81e43/current/log_inprogress_0
2019-10-17 07:38:08,708 [grpc-default-executor-1] INFO  impl.RaftServerProxy (RaftServerProxy.java:addNew(89)) - 920a4478-64f4-4720-983c-9a2102f3c94b: addNew group-FBD9F5E75B36:[05f59524-a4ea-4be4-b99d-fb9eed47142d:192.168.34.62:45919, 4b035f45-7941-40c3-ba2d-1cbecd2d369e:192.168.34.62:45443, 920a4478-64f4-4720-983c-9a2102f3c94b:192.168.34.62:38609] returns group-FBD9F5E75B36:java.util.concurrent.CompletableFuture@4a9ca076[Not completed]
2019-10-17 07:38:08,710 [pool-47-thread-1] INFO  impl.RaftServerImpl (RaftServerImpl.java:<init>(104)) - 920a4478-64f4-4720-983c-9a2102f3c94b: new RaftServerImpl for group-FBD9F5E75B36:[05f59524-a4ea-4be4-b99d-fb9eed47142d:192.168.34.62:45919, 4b035f45-7941-40c3-ba2d-1cbecd2d369e:192.168.34.62:45443, 920a4478-64f4-4720-983c-9a2102f3c94b:192.168.34.62:38609] with ContainerStateMachine:uninitialized
2019-10-17 07:38:08,711 [pool-47-thread-1] INFO  server.RaftServerConfigKeys (ConfUtils.java:logGet(43)) - raft.server.rpc.timeout.min = 5s (custom)
2019-10-17 07:38:08,711 [pool-47-thread-1] INFO  server.RaftServerConfigKeys (ConfUtils.java:logGet(43)) - raft.server.rpc.timeout.max = 5200ms (custom)
2019-10-17 07:38:08,711 [pool-47-thread-1] INFO  server.RaftServerConfigKeys (ConfUtils.java:logGet(43)) - raft.server.rpcslowness.timeout = 120s (custom)
2019-10-17 07:38:08,711 [pool-47-thread-1] INFO  server.RaftServerConfigKeys (ConfUtils.java:logGet(43)) - raft.server.sleep.deviation.threshold = 300 (default)
2019-10-17 07:38:08,711 [pool-47-thread-1] INFO  server.RaftServerConfigKeys (ConfUtils.java:logGet(43)) - raft.server.log.appender.install.snapshot.enabled = false (custom)
2019-10-17 07:38:08,712 [grpc-default-executor-2] INFO  impl.RaftServerProxy (RaftServerProxy.java:addNew(89)) - 4b035f45-7941-40c3-ba2d-1cbecd2d369e: addNew group-FBD9F5E75B36:[05f59524-a4ea-4be4-b99d-fb9eed47142d:192.168.34.62:45919, 4b035f45-7941-40c3-ba2d-1cbecd2d369e:192.168.34.62:45443, 920a4478-64f4-4720-983c-9a2102f3c94b:192.168.34.62:38609] returns group-FBD9F5E75B36:java.util.concurrent.CompletableFuture@189f5972[Not completed]
2019-10-17 07:38:08,712 [pool-47-thread-1] INFO  impl.RaftServerImpl (ServerState.java:<init>(103)) - 920a4478-64f4-4720-983c-9a2102f3c94b@group-FBD9F5E75B36: ConfigurationManager, init=-1: [05f59524-a4ea-4be4-b99d-fb9eed47142d:192.168.34.62:45919, 4b035f45-7941-40c3-ba2d-1cbecd2d369e:192.168.34.62:45443, 920a4478-64f4-4720-983c-9a2102f3c94b:192.168.34.62:38609], old=null, confs=<EMPTY_MAP>
2019-10-17 07:38:08,712 [pool-47-thread-1] INFO  server.RaftServerConfigKeys (ConfUtils.java:logGet(43)) - raft.server.storage.dir = [/workdir/hadoop-ozone/integration-test/target/test-dir/MiniOzoneClusterImpl-eeadbacc-06c2-472c-a3f4-8a25f61a295a/datanode-2/data/ratis] (custom)
2019-10-17 07:38:08,713 [grpc-default-executor-1] INFO  impl.RaftServerProxy (RaftServerProxy.java:addNew(89)) - 05f59524-a4ea-4be4-b99d-fb9eed47142d: addNew group-FBD9F5E75B36:[05f59524-a4ea-4be4-b99d-fb9eed47142d:192.168.34.62:45919, 4b035f45-7941-40c3-ba2d-1cbecd2d369e:192.168.34.62:45443, 920a4478-64f4-4720-983c-9a2102f3c94b:192.168.34.62:38609] returns group-FBD9F5E75B36:java.util.concurrent.CompletableFuture@69c4e14f[Not completed]
2019-10-17 07:38:08,713 [pool-47-thread-1] INFO  server.RaftServerConfigKeys (ConfUtils.java:logGet(43)) - raft.server.log.corruption.policy = EXCEPTION (default)
2019-10-17 07:38:08,713 [pool-47-thread-1] INFO  storage.RaftStorageDirectory (RaftStorageDirectory.java:analyzeStorage(246)) - The storage directory /workdir/hadoop-ozone/integration-test/target/test-dir/MiniOzoneClusterImpl-eeadbacc-06c2-472c-a3f4-8a25f61a295a/datanode-2/data/ratis/1b6d7be7-f489-4974-a4e8-fbd9f5e75b36 does not exist. Creating ...
2019-10-17 07:38:08,714 [pool-57-thread-1] INFO  impl.RaftServerImpl (RaftServerImpl.java:<init>(104)) - 4b035f45-7941-40c3-ba2d-1cbecd2d369e: new RaftServerImpl for group-FBD9F5E75B36:[05f59524-a4ea-4be4-b99d-fb9eed47142d:192.168.34.62:45919, 4b035f45-7941-40c3-ba2d-1cbecd2d369e:192.168.34.62:45443, 920a4478-64f4-4720-983c-9a2102f3c94b:192.168.34.62:38609] with ContainerStateMachine:uninitialized
2019-10-17 07:38:08,714 [pool-57-thread-1] INFO  server.RaftServerConfigKeys (ConfUtils.java:logGet(43)) - raft.server.rpc.timeout.min = 5s (custom)
2019-10-17 07:38:08,715 [pool-57-thread-1] INFO  server.RaftServerConfigKeys (ConfUtils.java:logGet(43)) - raft.server.rpc.timeout.max = 5200ms (custom)
2019-10-17 07:38:08,715 [pool-57-thread-1] INFO  server.RaftServerConfigKeys (ConfUtils.java:logGet(43)) - raft.server.rpcslowness.timeout = 120s (custom)
2019-10-17 07:38:08,715 [pool-57-thread-1] INFO  server.RaftServerConfigKeys (ConfUtils.java:logGet(43)) - raft.server.sleep.deviation.threshold = 300 (default)
2019-10-17 07:38:08,715 [pool-37-thread-1] INFO  impl.RaftServerImpl (RaftServerImpl.java:<init>(104)) - 05f59524-a4ea-4be4-b99d-fb9eed47142d: new RaftServerImpl for group-FBD9F5E75B36:[05f59524-a4ea-4be4-b99d-fb9eed47142d:192.168.34.62:45919, 4b035f45-7941-40c3-ba2d-1cbecd2d369e:192.168.34.62:45443, 920a4478-64f4-4720-983c-9a2102f3c94b:192.168.34.62:38609] with ContainerStateMachine:uninitialized
2019-10-17 07:38:08,715 [pool-57-thread-1] INFO  server.RaftServerConfigKeys (ConfUtils.java:logGet(43)) - raft.server.log.appender.install.snapshot.enabled = false (custom)
2019-10-17 07:38:08,715 [pool-37-thread-1] INFO  server.RaftServerConfigKeys (ConfUtils.java:logGet(43)) - raft.server.rpc.timeout.min = 5s (custom)
2019-10-17 07:38:08,715 [pool-57-thread-1] INFO  impl.RaftServerImpl (ServerState.java:<init>(103)) - 4b035f45-7941-40c3-ba2d-1cbecd2d369e@group-FBD9F5E75B36: ConfigurationManager, init=-1: [05f59524-a4ea-4be4-b99d-fb9eed47142d:192.168.34.62:45919, 4b035f45-7941-40c3-ba2d-1cbecd2d369e:192.168.34.62:45443, 920a4478-64f4-4720-983c-9a2102f3c94b:192.168.34.62:38609], old=null, confs=<EMPTY_MAP>
2019-10-17 07:38:08,716 [pool-37-thread-1] INFO  server.RaftServerConfigKeys (ConfUtils.java:logGet(43)) - raft.server.rpc.timeout.max = 5200ms (custom)
2019-10-17 07:38:08,716 [pool-57-thread-1] INFO  server.RaftServerConfigKeys (ConfUtils.java:logGet(43)) - raft.server.storage.dir = [/workdir/hadoop-ozone/integration-test/target/test-dir/MiniOzoneClusterImpl-eeadbacc-06c2-472c-a3f4-8a25f61a295a/datanode-3/data/ratis] (custom)
2019-10-17 07:38:08,716 [pool-37-thread-1] INFO  server.RaftServerConfigKeys (ConfUtils.java:logGet(43)) - raft.server.rpcslowness.timeout = 120s (custom)
2019-10-17 07:38:08,716 [pool-37-thread-1] INFO  server.RaftServerConfigKeys (ConfUtils.java:logGet(43)) - raft.server.sleep.deviation.threshold = 300 (default)
2019-10-17 07:38:08,716 [pool-37-thread-1] INFO  server.RaftServerConfigKeys (ConfUtils.java:logGet(43)) - raft.server.log.appender.install.snapshot.enabled = false (custom)
2019-10-17 07:38:08,716 [pool-57-thread-1] INFO  server.RaftServerConfigKeys (ConfUtils.java:logGet(43)) - raft.server.log.corruption.policy = EXCEPTION (default)
2019-10-17 07:38:08,716 [pool-37-thread-1] INFO  impl.RaftServerImpl (ServerState.java:<init>(103)) - 05f59524-a4ea-4be4-b99d-fb9eed47142d@group-FBD9F5E75B36: ConfigurationManager, init=-1: [05f59524-a4ea-4be4-b99d-fb9eed47142d:192.168.34.62:45919, 4b035f45-7941-40c3-ba2d-1cbecd2d369e:192.168.34.62:45443, 920a4478-64f4-4720-983c-9a2102f3c94b:192.168.34.62:38609], old=null, confs=<EMPTY_MAP>
2019-10-17 07:38:08,717 [pool-57-thread-1] INFO  storage.RaftStorageDirectory (RaftStorageDirectory.java:analyzeStorage(246)) - The storage directory /workdir/hadoop-ozone/integration-test/target/test-dir/MiniOzoneClusterImpl-eeadbacc-06c2-472c-a3f4-8a25f61a295a/datanode-3/data/ratis/1b6d7be7-f489-4974-a4e8-fbd9f5e75b36 does not exist. Creating ...
2019-10-17 07:38:08,717 [pool-37-thread-1] INFO  server.RaftServerConfigKeys (ConfUtils.java:logGet(43)) - raft.server.storage.dir = [/workdir/hadoop-ozone/integration-test/target/test-dir/MiniOzoneClusterImpl-eeadbacc-06c2-472c-a3f4-8a25f61a295a/datanode-1/data/ratis] (custom)
2019-10-17 07:38:08,717 [pool-37-thread-1] INFO  server.RaftServerConfigKeys (ConfUtils.java:logGet(43)) - raft.server.log.corruption.policy = EXCEPTION (default)
2019-10-17 07:38:08,717 [pool-37-thread-1] INFO  storage.RaftStorageDirectory (RaftStorageDirectory.java:analyzeStorage(246)) - The storage directory /workdir/hadoop-ozone/integration-test/target/test-dir/MiniOzoneClusterImpl-eeadbacc-06c2-472c-a3f4-8a25f61a295a/datanode-1/data/ratis/1b6d7be7-f489-4974-a4e8-fbd9f5e75b36 does not exist. Creating ...
2019-10-17 07:38:08,741 [pool-37-thread-1] INFO  storage.RaftStorageDirectory (RaftStorageDirectory.java:tryLock(328)) - Lock on /workdir/hadoop-ozone/integration-test/target/test-dir/MiniOzoneClusterImpl-eeadbacc-06c2-472c-a3f4-8a25f61a295a/datanode-1/data/ratis/1b6d7be7-f489-4974-a4e8-fbd9f5e75b36/in_use.lock acquired by nodename 20757@pr-hdds-1868-lzclr-202649289
2019-10-17 07:38:08,741 [pool-47-thread-1] INFO  storage.RaftStorageDirectory (RaftStorageDirectory.java:tryLock(328)) - Lock on /workdir/hadoop-ozone/integration-test/target/test-dir/MiniOzoneClusterImpl-eeadbacc-06c2-472c-a3f4-8a25f61a295a/datanode-2/data/ratis/1b6d7be7-f489-4974-a4e8-fbd9f5e75b36/in_use.lock acquired by nodename 20757@pr-hdds-1868-lzclr-202649289
2019-10-17 07:38:08,741 [pool-57-thread-1] INFO  storage.RaftStorageDirectory (RaftStorageDirectory.java:tryLock(328)) - Lock on /workdir/hadoop-ozone/integration-test/target/test-dir/MiniOzoneClusterImpl-eeadbacc-06c2-472c-a3f4-8a25f61a295a/datanode-3/data/ratis/1b6d7be7-f489-4974-a4e8-fbd9f5e75b36/in_use.lock acquired by nodename 20757@pr-hdds-1868-lzclr-202649289
2019-10-17 07:38:08,787 [pool-37-thread-1] INFO  storage.RaftStorage (RaftStorage.java:format(84)) - Storage directory /workdir/hadoop-ozone/integration-test/target/test-dir/MiniOzoneClusterImpl-eeadbacc-06c2-472c-a3f4-8a25f61a295a/datanode-1/data/ratis/1b6d7be7-f489-4974-a4e8-fbd9f5e75b36 has been successfully formatted.
2019-10-17 07:38:08,787 [pool-57-thread-1] INFO  storage.RaftStorage (RaftStorage.java:format(84)) - Storage directory /workdir/hadoop-ozone/integration-test/target/test-dir/MiniOzoneClusterImpl-eeadbacc-06c2-472c-a3f4-8a25f61a295a/datanode-3/data/ratis/1b6d7be7-f489-4974-a4e8-fbd9f5e75b36 has been successfully formatted.
2019-10-17 07:38:08,787 [pool-47-thread-1] INFO  storage.RaftStorage (RaftStorage.java:format(84)) - Storage directory /workdir/hadoop-ozone/integration-test/target/test-dir/MiniOzoneClusterImpl-eeadbacc-06c2-472c-a3f4-8a25f61a295a/datanode-2/data/ratis/1b6d7be7-f489-4974-a4e8-fbd9f5e75b36 has been successfully formatted.
2019-10-17 07:38:08,788 [pool-37-thread-1] INFO  ratis.ContainerStateMachine (ContainerStateMachine.java:loadSnapshot(233)) - group-FBD9F5E75B36: The snapshot info is null. Setting the last applied indexto:(t:0, i:~)
2019-10-17 07:38:08,788 [pool-57-thread-1] INFO  ratis.ContainerStateMachine (ContainerStateMachine.java:loadSnapshot(233)) - group-FBD9F5E75B36: The snapshot info is null. Setting the last applied indexto:(t:0, i:~)
2019-10-17 07:38:08,788 [pool-37-thread-1] INFO  server.RaftServerConfigKeys (ConfUtils.java:logGet(43)) - raft.server.notification.no-leader.timeout = 120s (custom)
2019-10-17 07:38:08,788 [pool-47-thread-1] INFO  ratis.ContainerStateMachine (ContainerStateMachine.java:loadSnapshot(233)) - group-FBD9F5E75B36: The snapshot info is null. Setting the last applied indexto:(t:0, i:~)
2019-10-17 07:38:08,790 [pool-37-thread-1] INFO  server.RaftServerConfigKeys (ConfUtils.java:logGet(43)) - raft.server.log.use.memory = false (default)
2019-10-17 07:38:08,790 [pool-57-thread-1] INFO  server.RaftServerConfigKeys (ConfUtils.java:logGet(43)) - raft.server.notification.no-leader.timeout = 120s (custom)
2019-10-17 07:38:08,790 [pool-37-thread-1] INFO  server.RaftServerConfigKeys (ConfUtils.java:logGet(43)) - raft.server.log.purge.gap = 1000000 (custom)
2019-10-17 07:38:08,790 [pool-47-thread-1] INFO  server.RaftServerConfigKeys (ConfUtils.java:logGet(43)) - raft.server.notification.no-leader.timeout = 120s (custom)
2019-10-17 07:38:08,790 [pool-37-thread-1] INFO  server.RaftServerConfigKeys (ConfUtils.java:logGet(43)) - raft.server.log.appender.buffer.byte-limit = 33554432 (custom)
2019-10-17 07:38:08,790 [pool-57-thread-1] INFO  server.RaftServerConfigKeys (ConfUtils.java:logGet(43)) - raft.server.log.use.memory = false (default)
2019-10-17 07:38:08,791 [pool-37-thread-1] INFO  server.RaftServerConfigKeys (ConfUtils.java:logGet(43)) - raft.server.log.segment.size.max = 1048576 (custom)
2019-10-17 07:38:08,791 [pool-47-thread-1] INFO  server.RaftServerConfigKeys (ConfUtils.java:logGet(43)) - raft.server.log.use.memory = false (default)
2019-10-17 07:38:08,791 [pool-37-thread-1] INFO  server.RaftServerConfigKeys (ConfUtils.java:logGet(43)) - raft.server.log.segment.cache.num.max = 2 (custom)
2019-10-17 07:38:08,791 [pool-57-thread-1] INFO  server.RaftServerConfigKeys (ConfUtils.java:logGet(43)) - raft.server.log.purge.gap = 1000000 (custom)
2019-10-17 07:38:08,791 [pool-37-thread-1] INFO  segmented.SegmentedRaftLogWorker (SegmentedRaftLogWorker.java:<init>(173)) - new 05f59524-a4ea-4be4-b99d-fb9eed47142d@group-FBD9F5E75B36-SegmentedRaftLogWorker for RaftStorage:Storage Directory /workdir/hadoop-ozone/integration-test/target/test-dir/MiniOzoneClusterImpl-eeadbacc-06c2-472c-a3f4-8a25f61a295a/datanode-1/data/ratis/1b6d7be7-f489-4974-a4e8-fbd9f5e75b36
2019-10-17 07:38:08,791 [pool-47-thread-1] INFO  server.RaftServerConfigKeys (ConfUtils.java:logGet(43)) - raft.server.log.purge.gap = 1000000 (custom)
2019-10-17 07:38:08,792 [pool-37-thread-1] INFO  server.RaftServerConfigKeys (ConfUtils.java:logGet(43)) - raft.server.log.queue.byte-limit = 2147483647 (custom)
2019-10-17 07:38:08,792 [pool-57-thread-1] INFO  server.RaftServerConfigKeys (ConfUtils.java:logGet(43)) - raft.server.log.appender.buffer.byte-limit = 33554432 (custom)
2019-10-17 07:38:08,792 [pool-37-thread-1] INFO  server.RaftServerConfigKeys (ConfUtils.java:logGet(43)) - raft.server.log.queue.element-limit = 1024 (custom)
2019-10-17 07:38:08,792 [pool-47-thread-1] INFO  server.RaftServerConfigKeys (ConfUtils.java:logGet(43)) - raft.server.log.appender.buffer.byte-limit = 33554432 (custom)
2019-10-17 07:38:08,792 [pool-37-thread-1] INFO  server.RaftServerConfigKeys (ConfUtils.java:logGet(43)) - raft.server.log.segment.size.max = 1048576 (custom)
2019-10-17 07:38:08,792 [pool-57-thread-1] INFO  server.RaftServerConfigKeys (ConfUtils.java:logGet(43)) - raft.server.log.segment.size.max = 1048576 (custom)
2019-10-17 07:38:08,793 [pool-37-thread-1] INFO  server.RaftServerConfigKeys (ConfUtils.java:logGet(43)) - raft.server.log.preallocated.size = 16384 (custom)
2019-10-17 07:38:08,793 [pool-47-thread-1] INFO  server.RaftServerConfigKeys (ConfUtils.java:logGet(43)) - raft.server.log.segment.size.max = 1048576 (custom)
2019-10-17 07:38:08,793 [pool-37-thread-1] INFO  server.RaftServerConfigKeys (ConfUtils.java:logGet(43)) - raft.server.log.write.buffer.size = 33554432 (custom)
2019-10-17 07:38:08,793 [pool-57-thread-1] INFO  server.RaftServerConfigKeys (ConfUtils.java:logGet(43)) - raft.server.log.segment.cache.num.max = 2 (custom)
2019-10-17 07:38:08,793 [pool-37-thread-1] INFO  server.RaftServerConfigKeys (ConfUtils.java:logGet(43)) - raft.server.log.force.sync.num = 128 (default)
2019-10-17 07:38:08,793 [pool-47-thread-1] INFO  server.RaftServerConfigKeys (ConfUtils.java:logGet(43)) - raft.server.log.segment.cache.num.max = 2 (custom)
2019-10-17 07:38:08,794 [pool-37-thread-1] INFO  server.RaftServerConfigKeys (ConfUtils.java:logGet(43)) - raft.server.log.statemachine.data.sync = true (default)
2019-10-17 07:38:08,793 [pool-57-thread-1] INFO  segmented.SegmentedRaftLogWorker (SegmentedRaftLogWorker.java:<init>(173)) - new 4b035f45-7941-40c3-ba2d-1cbecd2d369e@group-FBD9F5E75B36-SegmentedRaftLogWorker for RaftStorage:Storage Directory /workdir/hadoop-ozone/integration-test/target/test-dir/MiniOzoneClusterImpl-eeadbacc-06c2-472c-a3f4-8a25f61a295a/datanode-3/data/ratis/1b6d7be7-f489-4974-a4e8-fbd9f5e75b36
2019-10-17 07:38:08,794 [pool-37-thread-1] INFO  server.RaftServerConfigKeys (ConfUtils.java:logGet(43)) - raft.server.log.statemachine.data.sync.timeout = 10s (default)
2019-10-17 07:38:08,794 [pool-47-thread-1] INFO  segmented.SegmentedRaftLogWorker (SegmentedRaftLogWorker.java:<init>(173)) - new 920a4478-64f4-4720-983c-9a2102f3c94b@group-FBD9F5E75B36-SegmentedRaftLogWorker for RaftStorage:Storage Directory /workdir/hadoop-ozone/integration-test/target/test-dir/MiniOzoneClusterImpl-eeadbacc-06c2-472c-a3f4-8a25f61a295a/datanode-2/data/ratis/1b6d7be7-f489-4974-a4e8-fbd9f5e75b36
2019-10-17 07:38:08,794 [pool-37-thread-1] INFO  server.RaftServerConfigKeys (ConfUtils.java:logGet(43)) - raft.server.log.statemachine.data.sync.timeout.retry = -1 (default)
2019-10-17 07:38:08,794 [pool-57-thread-1] INFO  server.RaftServerConfigKeys (ConfUtils.java:logGet(43)) - raft.server.log.queue.byte-limit = 2147483647 (custom)
2019-10-17 07:38:08,795 [pool-37-thread-1] INFO  server.RaftServerConfigKeys (ConfUtils.java:logGet(43)) - raft.server.log.statemachine.data.caching.enabled = true (custom)
2019-10-17 07:38:08,795 [pool-57-thread-1] INFO  server.RaftServerConfigKeys (ConfUtils.java:logGet(43)) - raft.server.log.queue.element-limit = 1024 (custom)
2019-10-17 07:38:08,794 [pool-47-thread-1] INFO  server.RaftServerConfigKeys (ConfUtils.java:logGet(43)) - raft.server.log.queue.byte-limit = 2147483647 (custom)
2019-10-17 07:38:08,796 [pool-57-thread-1] INFO  server.RaftServerConfigKeys (ConfUtils.java:logGet(43)) - raft.server.log.segment.size.max = 1048576 (custom)
2019-10-17 07:38:08,797 [pool-37-thread-1] INFO  segmented.SegmentedRaftLogWorker (SegmentedRaftLogWorker.java:lambda$new$0(128)) - 05f59524-a4ea-4be4-b99d-fb9eed47142d@group-FBD9F5E75B36-SegmentedRaftLogWorker: flushIndex: setUnconditionally 0 -> -1
2019-10-17 07:38:08,797 [pool-47-thread-1] INFO  server.RaftServerConfigKeys (ConfUtils.java:logGet(43)) - raft.server.log.queue.element-limit = 1024 (custom)
2019-10-17 07:38:08,797 [pool-57-thread-1] INFO  server.RaftServerConfigKeys (ConfUtils.java:logGet(43)) - raft.server.log.preallocated.size = 16384 (custom)
2019-10-17 07:38:08,797 [pool-37-thread-1] INFO  server.RaftServerConfigKeys (ConfUtils.java:logGet(43)) - raft.server.snapshot.auto.trigger.enabled = true (custom)
2019-10-17 07:38:08,797 [pool-47-thread-1] INFO  server.RaftServerConfigKeys (ConfUtils.java:logGet(43)) - raft.server.log.segment.size.max = 1048576 (custom)
2019-10-17 07:38:08,797 [pool-37-thread-1] INFO  server.RaftServerConfigKeys (ConfUtils.java:logGet(43)) - raft.server.snapshot.auto.trigger.threshold = 10000 (custom)
2019-10-17 07:38:08,797 [pool-57-thread-1] INFO  server.RaftServerConfigKeys (ConfUtils.java:logGet(43)) - raft.server.log.write.buffer.size = 33554432 (custom)
2019-10-17 07:38:08,799 [pool-37-thread-1] INFO  server.RaftServerConfigKeys (ConfUtils.java:logGet(43)) - raft.server.snapshot.retention.file.num = 5 (custom)
2019-10-17 07:38:08,799 [pool-47-thread-1] INFO  server.RaftServerConfigKeys (ConfUtils.java:logGet(43)) - raft.server.log.preallocated.size = 16384 (custom)
2019-10-17 07:38:08,800 [pool-37-thread-1] INFO  server.RaftServerConfigKeys (ConfUtils.java:logGet(43)) - raft.server.retrycache.expirytime = 600000ms (custom)
2019-10-17 07:38:08,799 [pool-57-thread-1] INFO  server.RaftServerConfigKeys (ConfUtils.java:logGet(43)) - raft.server.log.force.sync.num = 128 (default)
2019-10-17 07:38:08,800 [pool-47-thread-1] INFO  server.RaftServerConfigKeys (ConfUtils.java:logGet(43)) - raft.server.log.write.buffer.size = 33554432 (custom)
2019-10-17 07:38:08,800 [pool-57-thread-1] INFO  server.RaftServerConfigKeys (ConfUtils.java:logGet(43)) - raft.server.log.statemachine.data.sync = true (default)
2019-10-17 07:38:08,800 [pool-47-thread-1] INFO  server.RaftServerConfigKeys (ConfUtils.java:logGet(43)) - raft.server.log.force.sync.num = 128 (default)
2019-10-17 07:38:08,800 [pool-57-thread-1] INFO  server.RaftServerConfigKeys (ConfUtils.java:logGet(43)) - raft.server.log.statemachine.data.sync.timeout = 10s (default)
2019-10-17 07:38:08,800 [pool-47-thread-1] INFO  server.RaftServerConfigKeys (ConfUtils.java:logGet(43)) - raft.server.log.statemachine.data.sync = true (default)
2019-10-17 07:38:08,801 [pool-57-thread-1] INFO  server.RaftServerConfigKeys (ConfUtils.java:logGet(43)) - raft.server.log.statemachine.data.sync.timeout.retry = -1 (default)
2019-10-17 07:38:08,801 [pool-47-thread-1] INFO  server.RaftServerConfigKeys (ConfUtils.java:logGet(43)) - raft.server.log.statemachine.data.sync.timeout = 10s (default)
2019-10-17 07:38:08,801 [pool-57-thread-1] INFO  server.RaftServerConfigKeys (ConfUtils.java:logGet(43)) - raft.server.log.statemachine.data.caching.enabled = true (custom)
2019-10-17 07:38:08,801 [pool-47-thread-1] INFO  server.RaftServerConfigKeys (ConfUtils.java:logGet(43)) - raft.server.log.statemachine.data.sync.timeout.retry = -1 (default)
2019-10-17 07:38:08,803 [pool-57-thread-1] INFO  segmented.SegmentedRaftLogWorker (SegmentedRaftLogWorker.java:lambda$new$0(128)) - 4b035f45-7941-40c3-ba2d-1cbecd2d369e@group-FBD9F5E75B36-SegmentedRaftLogWorker: flushIndex: setUnconditionally 0 -> -1
2019-10-17 07:38:08,803 [pool-47-thread-1] INFO  server.RaftServerConfigKeys (ConfUtils.java:logGet(43)) - raft.server.log.statemachine.data.caching.enabled = true (custom)
2019-10-17 07:38:08,803 [pool-57-thread-1] INFO  server.RaftServerConfigKeys (ConfUtils.java:logGet(43)) - raft.server.snapshot.auto.trigger.enabled = true (custom)
2019-10-17 07:38:08,803 [pool-47-thread-1] INFO  segmented.SegmentedRaftLogWorker (SegmentedRaftLogWorker.java:lambda$new$0(128)) - 920a4478-64f4-4720-983c-9a2102f3c94b@group-FBD9F5E75B36-SegmentedRaftLogWorker: flushIndex: setUnconditionally 0 -> -1
2019-10-17 07:38:08,804 [pool-57-thread-1] INFO  server.RaftServerConfigKeys (ConfUtils.java:logGet(43)) - raft.server.snapshot.auto.trigger.threshold = 10000 (custom)
2019-10-17 07:38:08,804 [pool-57-thread-1] INFO  server.RaftServerConfigKeys (ConfUtils.java:logGet(43)) - raft.server.snapshot.retention.file.num = 5 (custom)
2019-10-17 07:38:08,804 [pool-47-thread-1] INFO  server.RaftServerConfigKeys (ConfUtils.java:logGet(43)) - raft.server.snapshot.auto.trigger.enabled = true (custom)
2019-10-17 07:38:08,804 [pool-57-thread-1] INFO  server.RaftServerConfigKeys (ConfUtils.java:logGet(43)) - raft.server.retrycache.expirytime = 600000ms (custom)
2019-10-17 07:38:08,804 [pool-47-thread-1] INFO  server.RaftServerConfigKeys (ConfUtils.java:logGet(43)) - raft.server.snapshot.auto.trigger.threshold = 10000 (custom)
2019-10-17 07:38:08,804 [pool-47-thread-1] INFO  server.RaftServerConfigKeys (ConfUtils.java:logGet(43)) - raft.server.snapshot.retention.file.num = 5 (custom)
2019-10-17 07:38:08,805 [pool-47-thread-1] INFO  server.RaftServerConfigKeys (ConfUtils.java:logGet(43)) - raft.server.retrycache.expirytime = 600000ms (custom)
2019-10-17 07:38:08,843 [Thread-251] INFO  impl.FollowerState (FollowerState.java:run(108)) - 57d83d75-a41d-4aa4-98a2-4186e05ab504@group-6F55AE0B2E8B-FollowerState: change to CANDIDATE, lastRpcTime:179ms, electionTimeout:179ms
2019-10-17 07:38:08,843 [Thread-251] INFO  impl.RoleInfo (RoleInfo.java:shutdownFollowerState(121)) - 57d83d75-a41d-4aa4-98a2-4186e05ab504: shutdown FollowerState
2019-10-17 07:38:08,844 [Thread-251] INFO  impl.RaftServerImpl (RaftServerImpl.java:setRole(184)) - 57d83d75-a41d-4aa4-98a2-4186e05ab504@group-6F55AE0B2E8B: changes role from  FOLLOWER to CANDIDATE at term 0 for changeToCandidate
2019-10-17 07:38:08,845 [Thread-251] INFO  impl.RoleInfo (RoleInfo.java:updateAndGet(143)) - 57d83d75-a41d-4aa4-98a2-4186e05ab504: start LeaderElection
2019-10-17 07:38:08,887 [57d83d75-a41d-4aa4-98a2-4186e05ab504@group-6F55AE0B2E8B-LeaderElection6] INFO  impl.LeaderElection (LeaderElection.java:askForVotes(178)) - 57d83d75-a41d-4aa4-98a2-4186e05ab504@group-6F55AE0B2E8B-LeaderElection6: begin an election at term 1 for -1: [57d83d75-a41d-4aa4-98a2-4186e05ab504:192.168.34.62:46845], old=null
2019-10-17 07:38:08,887 [57d83d75-a41d-4aa4-98a2-4186e05ab504@group-6F55AE0B2E8B-LeaderElection6] INFO  impl.RoleInfo (RoleInfo.java:shutdownLeaderElection(134)) - 57d83d75-a41d-4aa4-98a2-4186e05ab504: shutdown LeaderElection
2019-10-17 07:38:08,887 [57d83d75-a41d-4aa4-98a2-4186e05ab504@group-6F55AE0B2E8B-LeaderElection6] INFO  impl.RaftServerImpl (RaftServerImpl.java:setRole(184)) - 57d83d75-a41d-4aa4-98a2-4186e05ab504@group-6F55AE0B2E8B: changes role from CANDIDATE to LEADER at term 1 for changeToLeader
2019-10-17 07:38:08,887 [57d83d75-a41d-4aa4-98a2-4186e05ab504@group-6F55AE0B2E8B-LeaderElection6] INFO  ratis.XceiverServerRatis (XceiverServerRatis.java:handleLeaderChangedNotification(699)) - Leader change notification received for group: group-6F55AE0B2E8B with new leaderId: 57d83d75-a41d-4aa4-98a2-4186e05ab504
2019-10-17 07:38:08,892 [57d83d75-a41d-4aa4-98a2-4186e05ab504@group-6F55AE0B2E8B-LeaderElection6] INFO  impl.RaftServerImpl (ServerState.java:setLeader(256)) - 57d83d75-a41d-4aa4-98a2-4186e05ab504@group-6F55AE0B2E8B: change Leader from null to 57d83d75-a41d-4aa4-98a2-4186e05ab504 at term 1 for becomeLeader, leader elected after 235ms
2019-10-17 07:38:08,894 [57d83d75-a41d-4aa4-98a2-4186e05ab504@group-6F55AE0B2E8B-LeaderElection6] INFO  server.RaftServerConfigKeys (ConfUtils.java:logGet(43)) - raft.server.staging.catchup.gap = 1000 (default)
2019-10-17 07:38:08,895 [57d83d75-a41d-4aa4-98a2-4186e05ab504@group-6F55AE0B2E8B-LeaderElection6] INFO  server.RaftServerConfigKeys (ConfUtils.java:logGet(43)) - raft.server.rpc.sleep.time = 25ms (default)
2019-10-17 07:38:08,896 [57d83d75-a41d-4aa4-98a2-4186e05ab504@group-6F55AE0B2E8B-LeaderElection6] INFO  server.RaftServerConfigKeys (ConfUtils.java:logGet(43)) - raft.server.write.element-limit = 4096 (default)
2019-10-17 07:38:08,896 [57d83d75-a41d-4aa4-98a2-4186e05ab504@group-6F55AE0B2E8B-LeaderElection6] INFO  server.RaftServerConfigKeys (ConfUtils.java:logGet(43)) - raft.server.watch.timeout = 10s (default)
2019-10-17 07:38:08,897 [57d83d75-a41d-4aa4-98a2-4186e05ab504@group-6F55AE0B2E8B-LeaderElection6] INFO  server.RaftServerConfigKeys (ConfUtils.java:logGet(43)) - raft.server.watch.timeout.denomination = 1s (default)
2019-10-17 07:38:08,897 [57d83d75-a41d-4aa4-98a2-4186e05ab504@group-6F55AE0B2E8B-LeaderElection6] INFO  server.RaftServerConfigKeys (ConfUtils.java:logGet(43)) - raft.server.watch.element-limit = 65536 (default)
2019-10-17 07:38:08,963 [57d83d75-a41d-4aa4-98a2-4186e05ab504@group-6F55AE0B2E8B-LeaderElection6] INFO  impl.RoleInfo (RoleInfo.java:updateAndGet(143)) - 57d83d75-a41d-4aa4-98a2-4186e05ab504: start LeaderState
2019-10-17 07:38:08,964 [57d83d75-a41d-4aa4-98a2-4186e05ab504@group-6F55AE0B2E8B-LeaderElection6] INFO  segmented.SegmentedRaftLogWorker (SegmentedRaftLogWorker.java:startLogSegment(385)) - 57d83d75-a41d-4aa4-98a2-4186e05ab504@group-6F55AE0B2E8B-SegmentedRaftLogWorker: Starting segment from index:0
2019-10-17 07:38:08,965 [57d83d75-a41d-4aa4-98a2-4186e05ab504@group-6F55AE0B2E8B-LeaderElection6] INFO  impl.RaftServerImpl (ServerState.java:setRaftConf(357)) - 57d83d75-a41d-4aa4-98a2-4186e05ab504@group-6F55AE0B2E8B: set configuration 0: [57d83d75-a41d-4aa4-98a2-4186e05ab504:192.168.34.62:46845], old=null at 0
2019-10-17 07:38:09,006 [pool-47-thread-1] INFO  impl.RaftServerImpl (RaftServerImpl.java:start(195)) - 920a4478-64f4-4720-983c-9a2102f3c94b@group-FBD9F5E75B36: start as a follower, conf=-1: [05f59524-a4ea-4be4-b99d-fb9eed47142d:192.168.34.62:45919, 4b035f45-7941-40c3-ba2d-1cbecd2d369e:192.168.34.62:45443, 920a4478-64f4-4720-983c-9a2102f3c94b:192.168.34.62:38609], old=null
2019-10-17 07:38:09,007 [pool-47-thread-1] INFO  impl.RaftServerImpl (RaftServerImpl.java:setRole(184)) - 920a4478-64f4-4720-983c-9a2102f3c94b@group-FBD9F5E75B36: changes role from      null to FOLLOWER at term 0 for startAsFollower
2019-10-17 07:38:09,007 [pool-57-thread-1] INFO  impl.RaftServerImpl (RaftServerImpl.java:start(195)) - 4b035f45-7941-40c3-ba2d-1cbecd2d369e@group-FBD9F5E75B36: start as a follower, conf=-1: [05f59524-a4ea-4be4-b99d-fb9eed47142d:192.168.34.62:45919, 4b035f45-7941-40c3-ba2d-1cbecd2d369e:192.168.34.62:45443, 920a4478-64f4-4720-983c-9a2102f3c94b:192.168.34.62:38609], old=null
2019-10-17 07:38:09,007 [pool-37-thread-1] INFO  impl.RaftServerImpl (RaftServerImpl.java:start(195)) - 05f59524-a4ea-4be4-b99d-fb9eed47142d@group-FBD9F5E75B36: start as a follower, conf=-1: [05f59524-a4ea-4be4-b99d-fb9eed47142d:192.168.34.62:45919, 4b035f45-7941-40c3-ba2d-1cbecd2d369e:192.168.34.62:45443, 920a4478-64f4-4720-983c-9a2102f3c94b:192.168.34.62:38609], old=null
2019-10-17 07:38:09,007 [pool-57-thread-1] INFO  impl.RaftServerImpl (RaftServerImpl.java:setRole(184)) - 4b035f45-7941-40c3-ba2d-1cbecd2d369e@group-FBD9F5E75B36: changes role from      null to FOLLOWER at term 0 for startAsFollower
2019-10-17 07:38:09,007 [pool-47-thread-1] INFO  impl.RoleInfo (RoleInfo.java:updateAndGet(143)) - 920a4478-64f4-4720-983c-9a2102f3c94b: start FollowerState
2019-10-17 07:38:09,007 [pool-57-thread-1] INFO  impl.RoleInfo (RoleInfo.java:updateAndGet(143)) - 4b035f45-7941-40c3-ba2d-1cbecd2d369e: start FollowerState
2019-10-17 07:38:09,007 [pool-37-thread-1] INFO  impl.RaftServerImpl (RaftServerImpl.java:setRole(184)) - 05f59524-a4ea-4be4-b99d-fb9eed47142d@group-FBD9F5E75B36: changes role from      null to FOLLOWER at term 0 for startAsFollower
2019-10-17 07:38:09,008 [pool-37-thread-1] INFO  impl.RoleInfo (RoleInfo.java:updateAndGet(143)) - 05f59524-a4ea-4be4-b99d-fb9eed47142d: start FollowerState
2019-10-17 07:38:09,008 [pool-47-thread-1] INFO  util.JmxRegister (JmxRegister.java:tryRegister(44)) - Successfully registered JMX Bean with object name Ratis:service=RaftServer,group=group-FBD9F5E75B36,id=920a4478-64f4-4720-983c-9a2102f3c94b
2019-10-17 07:38:09,008 [pool-57-thread-1] INFO  util.JmxRegister (JmxRegister.java:tryRegister(44)) - Successfully registered JMX Bean with object name Ratis:service=RaftServer,group=group-FBD9F5E75B36,id=4b035f45-7941-40c3-ba2d-1cbecd2d369e
2019-10-17 07:38:09,008 [pool-37-thread-1] INFO  util.JmxRegister (JmxRegister.java:tryRegister(44)) - Successfully registered JMX Bean with object name Ratis:service=RaftServer,group=group-FBD9F5E75B36,id=05f59524-a4ea-4be4-b99d-fb9eed47142d
2019-10-17 07:38:09,045 [57d83d75-a41d-4aa4-98a2-4186e05ab504@group-6F55AE0B2E8B-SegmentedRaftLogWorker] INFO  segmented.SegmentedRaftLogWorker (SegmentedRaftLogWorker.java:execute(576)) - 57d83d75-a41d-4aa4-98a2-4186e05ab504@group-6F55AE0B2E8B-SegmentedRaftLogWorker: created new log segment /workdir/hadoop-ozone/integration-test/target/test-dir/MiniOzoneClusterImpl-eeadbacc-06c2-472c-a3f4-8a25f61a295a/datanode-4/data/ratis/489d0685-f6e7-4d5b-9ecc-6f55ae0b2e8b/current/log_inprogress_0
2019-10-17 07:38:09,049 [RatisPipelineUtilsThread] INFO  pipeline.PipelineStateManager (PipelineStateManager.java:addPipeline(55)) - Created pipeline Pipeline[ Id: 1b6d7be7-f489-4974-a4e8-fbd9f5e75b36, Nodes: 920a4478-64f4-4720-983c-9a2102f3c94b{ip: 192.168.34.62, host: pr-hdds-1868-lzclr-202649289, networkLocation: /default-rack, certSerialId: null}4b035f45-7941-40c3-ba2d-1cbecd2d369e{ip: 192.168.34.62, host: pr-hdds-1868-lzclr-202649289, networkLocation: /default-rack, certSerialId: null}05f59524-a4ea-4be4-b99d-fb9eed47142d{ip: 192.168.34.62, host: pr-hdds-1868-lzclr-202649289, networkLocation: /default-rack, certSerialId: null}, Type:RATIS, Factor:THREE, State:ALLOCATED]
2019-10-17 07:38:09,075 [grpc-default-executor-2] INFO  impl.RaftServerProxy (RaftServerProxy.java:addNew(89)) - 57d83d75-a41d-4aa4-98a2-4186e05ab504: addNew group-D4575845B26D:[57d83d75-a41d-4aa4-98a2-4186e05ab504:192.168.34.62:46845, 6befc45b-dcf8-424c-b341-d7aa439c4bd9:192.168.34.62:36500, 2636e257-7a47-4bf8-b940-93a028f0c6b6:192.168.34.62:43946] returns group-D4575845B26D:java.util.concurrent.CompletableFuture@59a25349[Not completed]
2019-10-17 07:38:09,075 [grpc-default-executor-0] INFO  impl.RaftServerProxy (RaftServerProxy.java:addNew(89)) - 2636e257-7a47-4bf8-b940-93a028f0c6b6: addNew group-D4575845B26D:[57d83d75-a41d-4aa4-98a2-4186e05ab504:192.168.34.62:46845, 6befc45b-dcf8-424c-b341-d7aa439c4bd9:192.168.34.62:36500, 2636e257-7a47-4bf8-b940-93a028f0c6b6:192.168.34.62:43946] returns group-D4575845B26D:java.util.concurrent.CompletableFuture@2bd0a102[Not completed]
2019-10-17 07:38:09,077 [grpc-default-executor-1] INFO  impl.RaftServerProxy (RaftServerProxy.java:addNew(89)) - 6befc45b-dcf8-424c-b341-d7aa439c4bd9: addNew group-D4575845B26D:[57d83d75-a41d-4aa4-98a2-4186e05ab504:192.168.34.62:46845, 6befc45b-dcf8-424c-b341-d7aa439c4bd9:192.168.34.62:36500, 2636e257-7a47-4bf8-b940-93a028f0c6b6:192.168.34.62:43946] returns group-D4575845B26D:java.util.concurrent.CompletableFuture@11ebd14d[Not completed]
2019-10-17 07:38:09,079 [pool-67-thread-1] INFO  impl.RaftServerImpl (RaftServerImpl.java:<init>(104)) - 57d83d75-a41d-4aa4-98a2-4186e05ab504: new RaftServerImpl for group-D4575845B26D:[57d83d75-a41d-4aa4-98a2-4186e05ab504:192.168.34.62:46845, 6befc45b-dcf8-424c-b341-d7aa439c4bd9:192.168.34.62:36500, 2636e257-7a47-4bf8-b940-93a028f0c6b6:192.168.34.62:43946] with ContainerStateMachine:uninitialized
2019-10-17 07:38:09,080 [pool-67-thread-1] INFO  server.RaftServerConfigKeys (ConfUtils.java:logGet(43)) - raft.server.rpc.timeout.min = 5s (custom)
2019-10-17 07:38:09,080 [pool-67-thread-1] INFO  server.RaftServerConfigKeys (ConfUtils.java:logGet(43)) - raft.server.rpc.timeout.max = 5200ms (custom)
2019-10-17 07:38:09,080 [pool-67-thread-1] INFO  server.RaftServerConfigKeys (ConfUtils.java:logGet(43)) - raft.server.rpcslowness.timeout = 120s (custom)
2019-10-17 07:38:09,080 [pool-67-thread-1] INFO  server.RaftServerConfigKeys (ConfUtils.java:logGet(43)) - raft.server.sleep.deviation.threshold = 300 (default)
2019-10-17 07:38:09,080 [pool-67-thread-1] INFO  server.RaftServerConfigKeys (ConfUtils.java:logGet(43)) - raft.server.log.appender.install.snapshot.enabled = false (custom)
2019-10-17 07:38:09,081 [pool-67-thread-1] INFO  impl.RaftServerImpl (ServerState.java:<init>(103)) - 57d83d75-a41d-4aa4-98a2-4186e05ab504@group-D4575845B26D: ConfigurationManager, init=-1: [57d83d75-a41d-4aa4-98a2-4186e05ab504:192.168.34.62:46845, 6befc45b-dcf8-424c-b341-d7aa439c4bd9:192.168.34.62:36500, 2636e257-7a47-4bf8-b940-93a028f0c6b6:192.168.34.62:43946], old=null, confs=<EMPTY_MAP>
2019-10-17 07:38:09,081 [pool-67-thread-1] INFO  server.RaftServerConfigKeys (ConfUtils.java:logGet(43)) - raft.server.storage.dir = [/workdir/hadoop-ozone/integration-test/target/test-dir/MiniOzoneClusterImpl-eeadbacc-06c2-472c-a3f4-8a25f61a295a/datanode-4/data/ratis] (custom)
2019-10-17 07:38:09,081 [pool-27-thread-1] INFO  impl.RaftServerImpl (RaftServerImpl.java:<init>(104)) - 6befc45b-dcf8-424c-b341-d7aa439c4bd9: new RaftServerImpl for group-D4575845B26D:[57d83d75-a41d-4aa4-98a2-4186e05ab504:192.168.34.62:46845, 6befc45b-dcf8-424c-b341-d7aa439c4bd9:192.168.34.62:36500, 2636e257-7a47-4bf8-b940-93a028f0c6b6:192.168.34.62:43946] with ContainerStateMachine:uninitialized
2019-10-17 07:38:09,082 [pool-67-thread-1] INFO  server.RaftServerConfigKeys (ConfUtils.java:logGet(43)) - raft.server.log.corruption.policy = EXCEPTION (default)
2019-10-17 07:38:09,082 [pool-27-thread-1] INFO  server.RaftServerConfigKeys (ConfUtils.java:logGet(43)) - raft.server.rpc.timeout.min = 5s (custom)
2019-10-17 07:38:09,082 [pool-67-thread-1] INFO  storage.RaftStorageDirectory (RaftStorageDirectory.java:analyzeStorage(246)) - The storage directory /workdir/hadoop-ozone/integration-test/target/test-dir/MiniOzoneClusterImpl-eeadbacc-06c2-472c-a3f4-8a25f61a295a/datanode-4/data/ratis/833f9adb-1cb2-4653-a446-d4575845b26d does not exist. Creating ...
2019-10-17 07:38:09,082 [pool-27-thread-1] INFO  server.RaftServerConfigKeys (ConfUtils.java:logGet(43)) - raft.server.rpc.timeout.max = 5200ms (custom)
2019-10-17 07:38:09,083 [pool-27-thread-1] INFO  server.RaftServerConfigKeys (ConfUtils.java:logGet(43)) - raft.server.rpcslowness.timeout = 120s (custom)
2019-10-17 07:38:09,083 [pool-77-thread-1] INFO  impl.RaftServerImpl (RaftServerImpl.java:<init>(104)) - 2636e257-7a47-4bf8-b940-93a028f0c6b6: new RaftServerImpl for group-D4575845B26D:[57d83d75-a41d-4aa4-98a2-4186e05ab504:192.168.34.62:46845, 6befc45b-dcf8-424c-b341-d7aa439c4bd9:192.168.34.62:36500, 2636e257-7a47-4bf8-b940-93a028f0c6b6:192.168.34.62:43946] with ContainerStateMachine:uninitialized
2019-10-17 07:38:09,083 [pool-27-thread-1] INFO  server.RaftServerConfigKeys (ConfUtils.java:logGet(43)) - raft.server.sleep.deviation.threshold = 300 (default)
2019-10-17 07:38:09,083 [pool-77-thread-1] INFO  server.RaftServerConfigKeys (ConfUtils.java:logGet(43)) - raft.server.rpc.timeout.min = 5s (custom)
2019-10-17 07:38:09,083 [pool-27-thread-1] INFO  server.RaftServerConfigKeys (ConfUtils.java:logGet(43)) - raft.server.log.appender.install.snapshot.enabled = false (custom)
2019-10-17 07:38:09,083 [pool-77-thread-1] INFO  server.RaftServerConfigKeys (ConfUtils.java:logGet(43)) - raft.server.rpc.timeout.max = 5200ms (custom)
2019-10-17 07:38:09,084 [pool-27-thread-1] INFO  impl.RaftServerImpl (ServerState.java:<init>(103)) - 6befc45b-dcf8-424c-b341-d7aa439c4bd9@group-D4575845B26D: ConfigurationManager, init=-1: [57d83d75-a41d-4aa4-98a2-4186e05ab504:192.168.34.62:46845, 6befc45b-dcf8-424c-b341-d7aa439c4bd9:192.168.34.62:36500, 2636e257-7a47-4bf8-b940-93a028f0c6b6:192.168.34.62:43946], old=null, confs=<EMPTY_MAP>
2019-10-17 07:38:09,084 [Thread-258] INFO  impl.FollowerState (FollowerState.java:run(108)) - 920a4478-64f4-4720-983c-9a2102f3c94b@group-FBD9F5E75B36-FollowerState: change to CANDIDATE, lastRpcTime:76ms, electionTimeout:76ms
2019-10-17 07:38:09,084 [pool-77-thread-1] INFO  server.RaftServerConfigKeys (ConfUtils.java:logGet(43)) - raft.server.rpcslowness.timeout = 120s (custom)
2019-10-17 07:38:09,084 [pool-27-thread-1] INFO  server.RaftServerConfigKeys (ConfUtils.java:logGet(43)) - raft.server.storage.dir = [/workdir/hadoop-ozone/integration-test/target/test-dir/MiniOzoneClusterImpl-eeadbacc-06c2-472c-a3f4-8a25f61a295a/datanode-0/data/ratis] (custom)
2019-10-17 07:38:09,084 [Thread-258] INFO  impl.RoleInfo (RoleInfo.java:shutdownFollowerState(121)) - 920a4478-64f4-4720-983c-9a2102f3c94b: shutdown FollowerState
2019-10-17 07:38:09,084 [pool-77-thread-1] INFO  server.RaftServerConfigKeys (ConfUtils.java:logGet(43)) - raft.server.sleep.deviation.threshold = 300 (default)
2019-10-17 07:38:09,085 [Thread-258] INFO  impl.RaftServerImpl (RaftServerImpl.java:setRole(184)) - 920a4478-64f4-4720-983c-9a2102f3c94b@group-FBD9F5E75B36: changes role from  FOLLOWER to CANDIDATE at term 0 for changeToCandidate
2019-10-17 07:38:09,085 [pool-27-thread-1] INFO  server.RaftServerConfigKeys (ConfUtils.java:logGet(43)) - raft.server.log.corruption.policy = EXCEPTION (default)
2019-10-17 07:38:09,085 [Thread-258] INFO  impl.RoleInfo (RoleInfo.java:updateAndGet(143)) - 920a4478-64f4-4720-983c-9a2102f3c94b: start LeaderElection
2019-10-17 07:38:09,085 [pool-77-thread-1] INFO  server.RaftServerConfigKeys (ConfUtils.java:logGet(43)) - raft.server.log.appender.install.snapshot.enabled = false (custom)
2019-10-17 07:38:09,085 [pool-27-thread-1] INFO  storage.RaftStorageDirectory (RaftStorageDirectory.java:analyzeStorage(246)) - The storage directory /workdir/hadoop-ozone/integration-test/target/test-dir/MiniOzoneClusterImpl-eeadbacc-06c2-472c-a3f4-8a25f61a295a/datanode-0/data/ratis/833f9adb-1cb2-4653-a446-d4575845b26d does not exist. Creating ...
2019-10-17 07:38:09,085 [pool-77-thread-1] INFO  impl.RaftServerImpl (ServerState.java:<init>(103)) - 2636e257-7a47-4bf8-b940-93a028f0c6b6@group-D4575845B26D: ConfigurationManager, init=-1: [57d83d75-a41d-4aa4-98a2-4186e05ab504:192.168.34.62:46845, 6befc45b-dcf8-424c-b341-d7aa439c4bd9:192.168.34.62:36500, 2636e257-7a47-4bf8-b940-93a028f0c6b6:192.168.34.62:43946], old=null, confs=<EMPTY_MAP>
2019-10-17 07:38:09,088 [pool-77-thread-1] INFO  server.RaftServerConfigKeys (ConfUtils.java:logGet(43)) - raft.server.storage.dir = [/workdir/hadoop-ozone/integration-test/target/test-dir/MiniOzoneClusterImpl-eeadbacc-06c2-472c-a3f4-8a25f61a295a/datanode-5/data/ratis] (custom)
2019-10-17 07:38:09,089 [pool-77-thread-1] INFO  server.RaftServerConfigKeys (ConfUtils.java:logGet(43)) - raft.server.log.corruption.policy = EXCEPTION (default)
2019-10-17 07:38:09,089 [pool-77-thread-1] INFO  storage.RaftStorageDirectory (RaftStorageDirectory.java:analyzeStorage(246)) - The storage directory /workdir/hadoop-ozone/integration-test/target/test-dir/MiniOzoneClusterImpl-eeadbacc-06c2-472c-a3f4-8a25f61a295a/datanode-5/data/ratis/833f9adb-1cb2-4653-a446-d4575845b26d does not exist. Creating ...
2019-10-17 07:38:09,131 [pool-27-thread-1] INFO  storage.RaftStorageDirectory (RaftStorageDirectory.java:tryLock(328)) - Lock on /workdir/hadoop-ozone/integration-test/target/test-dir/MiniOzoneClusterImpl-eeadbacc-06c2-472c-a3f4-8a25f61a295a/datanode-0/data/ratis/833f9adb-1cb2-4653-a446-d4575845b26d/in_use.lock acquired by nodename 20757@pr-hdds-1868-lzclr-202649289
2019-10-17 07:38:09,131 [pool-77-thread-1] INFO  storage.RaftStorageDirectory (RaftStorageDirectory.java:tryLock(328)) - Lock on /workdir/hadoop-ozone/integration-test/target/test-dir/MiniOzoneClusterImpl-eeadbacc-06c2-472c-a3f4-8a25f61a295a/datanode-5/data/ratis/833f9adb-1cb2-4653-a446-d4575845b26d/in_use.lock acquired by nodename 20757@pr-hdds-1868-lzclr-202649289
2019-10-17 07:38:09,131 [pool-67-thread-1] INFO  storage.RaftStorageDirectory (RaftStorageDirectory.java:tryLock(328)) - Lock on /workdir/hadoop-ozone/integration-test/target/test-dir/MiniOzoneClusterImpl-eeadbacc-06c2-472c-a3f4-8a25f61a295a/datanode-4/data/ratis/833f9adb-1cb2-4653-a446-d4575845b26d/in_use.lock acquired by nodename 20757@pr-hdds-1868-lzclr-202649289
2019-10-17 07:38:09,131 [920a4478-64f4-4720-983c-9a2102f3c94b@group-FBD9F5E75B36-LeaderElection7] INFO  impl.LeaderElection (LeaderElection.java:askForVotes(178)) - 920a4478-64f4-4720-983c-9a2102f3c94b@group-FBD9F5E75B36-LeaderElection7: begin an election at term 1 for -1: [05f59524-a4ea-4be4-b99d-fb9eed47142d:192.168.34.62:45919, 4b035f45-7941-40c3-ba2d-1cbecd2d369e:192.168.34.62:45443, 920a4478-64f4-4720-983c-9a2102f3c94b:192.168.34.62:38609], old=null
2019-10-17 07:38:09,156 [pool-27-thread-1] INFO  storage.RaftStorage (RaftStorage.java:format(84)) - Storage directory /workdir/hadoop-ozone/integration-test/target/test-dir/MiniOzoneClusterImpl-eeadbacc-06c2-472c-a3f4-8a25f61a295a/datanode-0/data/ratis/833f9adb-1cb2-4653-a446-d4575845b26d has been successfully formatted.
2019-10-17 07:38:09,156 [Thread-260] INFO  impl.FollowerState (FollowerState.java:run(108)) - 05f59524-a4ea-4be4-b99d-fb9eed47142d@group-FBD9F5E75B36-FollowerState: change to CANDIDATE, lastRpcTime:148ms, electionTimeout:143ms
2019-10-17 07:38:09,156 [pool-67-thread-1] INFO  storage.RaftStorage (RaftStorage.java:format(84)) - Storage directory /workdir/hadoop-ozone/integration-test/target/test-dir/MiniOzoneClusterImpl-eeadbacc-06c2-472c-a3f4-8a25f61a295a/datanode-4/data/ratis/833f9adb-1cb2-4653-a446-d4575845b26d has been successfully formatted.
2019-10-17 07:38:09,156 [pool-77-thread-1] INFO  storage.RaftStorage (RaftStorage.java:format(84)) - Storage directory /workdir/hadoop-ozone/integration-test/target/test-dir/MiniOzoneClusterImpl-eeadbacc-06c2-472c-a3f4-8a25f61a295a/datanode-5/data/ratis/833f9adb-1cb2-4653-a446-d4575845b26d has been successfully formatted.
2019-10-17 07:38:09,157 [pool-27-thread-1] INFO  ratis.ContainerStateMachine (ContainerStateMachine.java:loadSnapshot(233)) - group-D4575845B26D: The snapshot info is null. Setting the last applied indexto:(t:0, i:~)
2019-10-17 07:38:09,157 [pool-67-thread-1] INFO  ratis.ContainerStateMachine (ContainerStateMachine.java:loadSnapshot(233)) - group-D4575845B26D: The snapshot info is null. Setting the last applied indexto:(t:0, i:~)
2019-10-17 07:38:09,157 [Thread-260] INFO  impl.RoleInfo (RoleInfo.java:shutdownFollowerState(121)) - 05f59524-a4ea-4be4-b99d-fb9eed47142d: shutdown FollowerState
2019-10-17 07:38:09,157 [pool-67-thread-1] INFO  server.RaftServerConfigKeys (ConfUtils.java:logGet(43)) - raft.server.notification.no-leader.timeout = 120s (custom)
2019-10-17 07:38:09,157 [pool-27-thread-1] INFO  server.RaftServerConfigKeys (ConfUtils.java:logGet(43)) - raft.server.notification.no-leader.timeout = 120s (custom)
2019-10-17 07:38:09,157 [pool-77-thread-1] INFO  ratis.ContainerStateMachine (ContainerStateMachine.java:loadSnapshot(233)) - group-D4575845B26D: The snapshot info is null. Setting the last applied indexto:(t:0, i:~)
2019-10-17 07:38:09,158 [pool-27-thread-1] INFO  server.RaftServerConfigKeys (ConfUtils.java:logGet(43)) - raft.server.log.use.memory = false (default)
2019-10-17 07:38:09,158 [pool-67-thread-1] INFO  server.RaftServerConfigKeys (ConfUtils.java:logGet(43)) - raft.server.log.use.memory = false (default)
2019-10-17 07:38:09,157 [Thread-260] INFO  impl.RaftServerImpl (RaftServerImpl.java:setRole(184)) - 05f59524-a4ea-4be4-b99d-fb9eed47142d@group-FBD9F5E75B36: changes role from  FOLLOWER to CANDIDATE at term 0 for changeToCandidate
2019-10-17 07:38:09,158 [pool-67-thread-1] INFO  server.RaftServerConfigKeys (ConfUtils.java:logGet(43)) - raft.server.log.purge.gap = 1000000 (custom)
2019-10-17 07:38:09,158 [pool-27-thread-1] INFO  server.RaftServerConfigKeys (ConfUtils.java:logGet(43)) - raft.server.log.purge.gap = 1000000 (custom)
2019-10-17 07:38:09,158 [pool-77-thread-1] INFO  server.RaftServerConfigKeys (ConfUtils.java:logGet(43)) - raft.server.notification.no-leader.timeout = 120s (custom)
2019-10-17 07:38:09,159 [pool-27-thread-1] INFO  server.RaftServerConfigKeys (ConfUtils.java:logGet(43)) - raft.server.log.appender.buffer.byte-limit = 33554432 (custom)
2019-10-17 07:38:09,159 [pool-67-thread-1] INFO  server.RaftServerConfigKeys (ConfUtils.java:logGet(43)) - raft.server.log.appender.buffer.byte-limit = 33554432 (custom)
2019-10-17 07:38:09,159 [Thread-260] INFO  impl.RoleInfo (RoleInfo.java:updateAndGet(143)) - 05f59524-a4ea-4be4-b99d-fb9eed47142d: start LeaderElection
2019-10-17 07:38:09,159 [pool-67-thread-1] INFO  server.RaftServerConfigKeys (ConfUtils.java:logGet(43)) - raft.server.log.segment.size.max = 1048576 (custom)
2019-10-17 07:38:09,159 [pool-27-thread-1] INFO  server.RaftServerConfigKeys (ConfUtils.java:logGet(43)) - raft.server.log.segment.size.max = 1048576 (custom)
2019-10-17 07:38:09,159 [pool-77-thread-1] INFO  server.RaftServerConfigKeys (ConfUtils.java:logGet(43)) - raft.server.log.use.memory = false (default)
2019-10-17 07:38:09,161 [pool-27-thread-1] INFO  server.RaftServerConfigKeys (ConfUtils.java:logGet(43)) - raft.server.log.segment.cache.num.max = 2 (custom)
2019-10-17 07:38:09,161 [pool-67-thread-1] INFO  server.RaftServerConfigKeys (ConfUtils.java:logGet(43)) - raft.server.log.segment.cache.num.max = 2 (custom)
2019-10-17 07:38:09,166 [pool-27-thread-1] INFO  segmented.SegmentedRaftLogWorker (SegmentedRaftLogWorker.java:<init>(173)) - new 6befc45b-dcf8-424c-b341-d7aa439c4bd9@group-D4575845B26D-SegmentedRaftLogWorker for RaftStorage:Storage Directory /workdir/hadoop-ozone/integration-test/target/test-dir/MiniOzoneClusterImpl-eeadbacc-06c2-472c-a3f4-8a25f61a295a/datanode-0/data/ratis/833f9adb-1cb2-4653-a446-d4575845b26d
2019-10-17 07:38:09,166 [pool-77-thread-1] INFO  server.RaftServerConfigKeys (ConfUtils.java:logGet(43)) - raft.server.log.purge.gap = 1000000 (custom)
2019-10-17 07:38:09,167 [pool-27-thread-1] INFO  server.RaftServerConfigKeys (ConfUtils.java:logGet(43)) - raft.server.log.queue.byte-limit = 2147483647 (custom)
2019-10-17 07:38:09,167 [pool-67-thread-1] INFO  segmented.SegmentedRaftLogWorker (SegmentedRaftLogWorker.java:<init>(173)) - new 57d83d75-a41d-4aa4-98a2-4186e05ab504@group-D4575845B26D-SegmentedRaftLogWorker for RaftStorage:Storage Directory /workdir/hadoop-ozone/integration-test/target/test-dir/MiniOzoneClusterImpl-eeadbacc-06c2-472c-a3f4-8a25f61a295a/datanode-4/data/ratis/833f9adb-1cb2-4653-a446-d4575845b26d
2019-10-17 07:38:09,168 [pool-27-thread-1] INFO  server.RaftServerConfigKeys (ConfUtils.java:logGet(43)) - raft.server.log.queue.element-limit = 1024 (custom)
2019-10-17 07:38:09,168 [pool-77-thread-1] INFO  server.RaftServerConfigKeys (ConfUtils.java:logGet(43)) - raft.server.log.appender.buffer.byte-limit = 33554432 (custom)
2019-10-17 07:38:09,168 [pool-27-thread-1] INFO  server.RaftServerConfigKeys (ConfUtils.java:logGet(43)) - raft.server.log.segment.size.max = 1048576 (custom)
2019-10-17 07:38:09,168 [pool-67-thread-1] INFO  server.RaftServerConfigKeys (ConfUtils.java:logGet(43)) - raft.server.log.queue.byte-limit = 2147483647 (custom)
2019-10-17 07:38:09,169 [pool-27-thread-1] INFO  server.RaftServerConfigKeys (ConfUtils.java:logGet(43)) - raft.server.log.preallocated.size = 16384 (custom)
2019-10-17 07:38:09,169 [pool-77-thread-1] INFO  server.RaftServerConfigKeys (ConfUtils.java:logGet(43)) - raft.server.log.segment.size.max = 1048576 (custom)
2019-10-17 07:38:09,169 [pool-27-thread-1] INFO  server.RaftServerConfigKeys (ConfUtils.java:logGet(43)) - raft.server.log.write.buffer.size = 33554432 (custom)
2019-10-17 07:38:09,169 [pool-67-thread-1] INFO  server.RaftServerConfigKeys (ConfUtils.java:logGet(43)) - raft.server.log.queue.element-limit = 1024 (custom)
2019-10-17 07:38:09,169 [pool-27-thread-1] INFO  server.RaftServerConfigKeys (ConfUtils.java:logGet(43)) - raft.server.log.force.sync.num = 128 (default)
2019-10-17 07:38:09,169 [pool-77-thread-1] INFO  server.RaftServerConfigKeys (ConfUtils.java:logGet(43)) - raft.server.log.segment.cache.num.max = 2 (custom)
2019-10-17 07:38:09,170 [pool-27-thread-1] INFO  server.RaftServerConfigKeys (ConfUtils.java:logGet(43)) - raft.server.log.statemachine.data.sync = true (default)
2019-10-17 07:38:09,170 [pool-67-thread-1] INFO  server.RaftServerConfigKeys (ConfUtils.java:logGet(43)) - raft.server.log.segment.size.max = 1048576 (custom)
2019-10-17 07:38:09,170 [pool-27-thread-1] INFO  server.RaftServerConfigKeys (ConfUtils.java:logGet(43)) - raft.server.log.statemachine.data.sync.timeout = 10s (default)
2019-10-17 07:38:09,170 [pool-77-thread-1] INFO  segmented.SegmentedRaftLogWorker (SegmentedRaftLogWorker.java:<init>(173)) - new 2636e257-7a47-4bf8-b940-93a028f0c6b6@group-D4575845B26D-SegmentedRaftLogWorker for RaftStorage:Storage Directory /workdir/hadoop-ozone/integration-test/target/test-dir/MiniOzoneClusterImpl-eeadbacc-06c2-472c-a3f4-8a25f61a295a/datanode-5/data/ratis/833f9adb-1cb2-4653-a446-d4575845b26d
2019-10-17 07:38:09,171 [pool-27-thread-1] INFO  server.RaftServerConfigKeys (ConfUtils.java:logGet(43)) - raft.server.log.statemachine.data.sync.timeout.retry = -1 (default)
2019-10-17 07:38:09,170 [pool-67-thread-1] INFO  server.RaftServerConfigKeys (ConfUtils.java:logGet(43)) - raft.server.log.preallocated.size = 16384 (custom)
2019-10-17 07:38:09,171 [pool-27-thread-1] INFO  server.RaftServerConfigKeys (ConfUtils.java:logGet(43)) - raft.server.log.statemachine.data.caching.enabled = true (custom)
2019-10-17 07:38:09,171 [pool-77-thread-1] INFO  server.RaftServerConfigKeys (ConfUtils.java:logGet(43)) - raft.server.log.queue.byte-limit = 2147483647 (custom)
2019-10-17 07:38:09,172 [pool-67-thread-1] INFO  server.RaftServerConfigKeys (ConfUtils.java:logGet(43)) - raft.server.log.write.buffer.size = 33554432 (custom)
2019-10-17 07:38:09,172 [pool-77-thread-1] INFO  server.RaftServerConfigKeys (ConfUtils.java:logGet(43)) - raft.server.log.queue.element-limit = 1024 (custom)
2019-10-17 07:38:09,173 [grpc-default-executor-0] INFO  impl.RaftServerImpl (RaftServerImpl.java:setRole(184)) - 4b035f45-7941-40c3-ba2d-1cbecd2d369e@group-FBD9F5E75B36: changes role from  FOLLOWER to FOLLOWER at term 1 for recognizeCandidate:920a4478-64f4-4720-983c-9a2102f3c94b
2019-10-17 07:38:09,173 [pool-27-thread-1] INFO  segmented.SegmentedRaftLogWorker (SegmentedRaftLogWorker.java:lambda$new$0(128)) - 6befc45b-dcf8-424c-b341-d7aa439c4bd9@group-D4575845B26D-SegmentedRaftLogWorker: flushIndex: setUnconditionally 0 -> -1
2019-10-17 07:38:09,173 [grpc-default-executor-0] INFO  impl.RoleInfo (RoleInfo.java:shutdownFollowerState(121)) - 4b035f45-7941-40c3-ba2d-1cbecd2d369e: shutdown FollowerState
2019-10-17 07:38:09,173 [pool-27-thread-1] INFO  server.RaftServerConfigKeys (ConfUtils.java:logGet(43)) - raft.server.snapshot.auto.trigger.enabled = true (custom)
2019-10-17 07:38:09,173 [pool-77-thread-1] INFO  server.RaftServerConfigKeys (ConfUtils.java:logGet(43)) - raft.server.log.segment.size.max = 1048576 (custom)
2019-10-17 07:38:09,173 [pool-67-thread-1] INFO  server.RaftServerConfigKeys (ConfUtils.java:logGet(43)) - raft.server.log.force.sync.num = 128 (default)
2019-10-17 07:38:09,174 [pool-77-thread-1] INFO  server.RaftServerConfigKeys (ConfUtils.java:logGet(43)) - raft.server.log.preallocated.size = 16384 (custom)
2019-10-17 07:38:09,174 [pool-27-thread-1] INFO  server.RaftServerConfigKeys (ConfUtils.java:logGet(43)) - raft.server.snapshot.auto.trigger.threshold = 10000 (custom)
2019-10-17 07:38:09,174 [pool-27-thread-1] INFO  server.RaftServerConfigKeys (ConfUtils.java:logGet(43)) - raft.server.snapshot.retention.file.num = 5 (custom)
2019-10-17 07:38:09,173 [Thread-259] INFO  impl.FollowerState (FollowerState.java:run(117)) - 4b035f45-7941-40c3-ba2d-1cbecd2d369e@group-FBD9F5E75B36-FollowerState was interrupted: java.lang.InterruptedException: sleep interrupted
2019-10-17 07:38:09,173 [grpc-default-executor-0] INFO  impl.RoleInfo (RoleInfo.java:updateAndGet(143)) - 4b035f45-7941-40c3-ba2d-1cbecd2d369e: start FollowerState
2019-10-17 07:38:09,174 [pool-27-thread-1] INFO  server.RaftServerConfigKeys (ConfUtils.java:logGet(43)) - raft.server.retrycache.expirytime = 600000ms (custom)
2019-10-17 07:38:09,174 [pool-77-thread-1] INFO  server.RaftServerConfigKeys (ConfUtils.java:logGet(43)) - raft.server.log.write.buffer.size = 33554432 (custom)
2019-10-17 07:38:09,176 [pool-77-thread-1] INFO  server.RaftServerConfigKeys (ConfUtils.java:logGet(43)) - raft.server.log.force.sync.num = 128 (default)
2019-10-17 07:38:09,174 [pool-67-thread-1] INFO  server.RaftServerConfigKeys (ConfUtils.java:logGet(43)) - raft.server.log.statemachine.data.sync = true (default)
2019-10-17 07:38:09,176 [pool-77-thread-1] INFO  server.RaftServerConfigKeys (ConfUtils.java:logGet(43)) - raft.server.log.statemachine.data.sync = true (default)
2019-10-17 07:38:09,176 [pool-67-thread-1] INFO  server.RaftServerConfigKeys (ConfUtils.java:logGet(43)) - raft.server.log.statemachine.data.sync.timeout = 10s (default)
2019-10-17 07:38:09,177 [pool-77-thread-1] INFO  server.RaftServerConfigKeys (ConfUtils.java:logGet(43)) - raft.server.log.statemachine.data.sync.timeout = 10s (default)
2019-10-17 07:38:09,177 [pool-67-thread-1] INFO  server.RaftServerConfigKeys (ConfUtils.java:logGet(43)) - raft.server.log.statemachine.data.sync.timeout.retry = -1 (default)
2019-10-17 07:38:09,177 [pool-77-thread-1] INFO  server.RaftServerConfigKeys (ConfUtils.java:logGet(43)) - raft.server.log.statemachine.data.sync.timeout.retry = -1 (default)
2019-10-17 07:38:09,177 [pool-67-thread-1] INFO  server.RaftServerConfigKeys (ConfUtils.java:logGet(43)) - raft.server.log.statemachine.data.caching.enabled = true (custom)
2019-10-17 07:38:09,177 [pool-77-thread-1] INFO  server.RaftServerConfigKeys (ConfUtils.java:logGet(43)) - raft.server.log.statemachine.data.caching.enabled = true (custom)
2019-10-17 07:38:09,178 [pool-27-thread-1] INFO  impl.RaftServerImpl (RaftServerImpl.java:start(195)) - 6befc45b-dcf8-424c-b341-d7aa439c4bd9@group-D4575845B26D: start as a follower, conf=-1: [57d83d75-a41d-4aa4-98a2-4186e05ab504:192.168.34.62:46845, 6befc45b-dcf8-424c-b341-d7aa439c4bd9:192.168.34.62:36500, 2636e257-7a47-4bf8-b940-93a028f0c6b6:192.168.34.62:43946], old=null
2019-10-17 07:38:09,178 [pool-27-thread-1] INFO  impl.RaftServerImpl (RaftServerImpl.java:setRole(184)) - 6befc45b-dcf8-424c-b341-d7aa439c4bd9@group-D4575845B26D: changes role from      null to FOLLOWER at term 0 for startAsFollower
2019-10-17 07:38:09,179 [pool-27-thread-1] INFO  impl.RoleInfo (RoleInfo.java:updateAndGet(143)) - 6befc45b-dcf8-424c-b341-d7aa439c4bd9: start FollowerState
2019-10-17 07:38:09,179 [pool-27-thread-1] INFO  util.JmxRegister (JmxRegister.java:tryRegister(44)) - Successfully registered JMX Bean with object name Ratis:service=RaftServer,group=group-D4575845B26D,id=6befc45b-dcf8-424c-b341-d7aa439c4bd9
2019-10-17 07:38:09,188 [pool-67-thread-1] INFO  segmented.SegmentedRaftLogWorker (SegmentedRaftLogWorker.java:lambda$new$0(128)) - 57d83d75-a41d-4aa4-98a2-4186e05ab504@group-D4575845B26D-SegmentedRaftLogWorker: flushIndex: setUnconditionally 0 -> -1
2019-10-17 07:38:09,188 [05f59524-a4ea-4be4-b99d-fb9eed47142d@group-FBD9F5E75B36-LeaderElection8] INFO  impl.LeaderElection (LeaderElection.java:askForVotes(178)) - 05f59524-a4ea-4be4-b99d-fb9eed47142d@group-FBD9F5E75B36-LeaderElection8: begin an election at term 1 for -1: [05f59524-a4ea-4be4-b99d-fb9eed47142d:192.168.34.62:45919, 4b035f45-7941-40c3-ba2d-1cbecd2d369e:192.168.34.62:45443, 920a4478-64f4-4720-983c-9a2102f3c94b:192.168.34.62:38609], old=null
2019-10-17 07:38:09,190 [pool-67-thread-1] INFO  server.RaftServerConfigKeys (ConfUtils.java:logGet(43)) - raft.server.snapshot.auto.trigger.enabled = true (custom)
2019-10-17 07:38:09,188 [pool-77-thread-1] INFO  segmented.SegmentedRaftLogWorker (SegmentedRaftLogWorker.java:lambda$new$0(128)) - 2636e257-7a47-4bf8-b940-93a028f0c6b6@group-D4575845B26D-SegmentedRaftLogWorker: flushIndex: setUnconditionally 0 -> -1
2019-10-17 07:38:09,190 [pool-67-thread-1] INFO  server.RaftServerConfigKeys (ConfUtils.java:logGet(43)) - raft.server.snapshot.auto.trigger.threshold = 10000 (custom)
2019-10-17 07:38:09,190 [pool-67-thread-1] INFO  server.RaftServerConfigKeys (ConfUtils.java:logGet(43)) - raft.server.snapshot.retention.file.num = 5 (custom)
2019-10-17 07:38:09,190 [pool-77-thread-1] INFO  server.RaftServerConfigKeys (ConfUtils.java:logGet(43)) - raft.server.snapshot.auto.trigger.enabled = true (custom)
2019-10-17 07:38:09,191 [pool-67-thread-1] INFO  server.RaftServerConfigKeys (ConfUtils.java:logGet(43)) - raft.server.retrycache.expirytime = 600000ms (custom)
2019-10-17 07:38:09,191 [pool-77-thread-1] INFO  server.RaftServerConfigKeys (ConfUtils.java:logGet(43)) - raft.server.snapshot.auto.trigger.threshold = 10000 (custom)
2019-10-17 07:38:09,191 [pool-77-thread-1] INFO  server.RaftServerConfigKeys (ConfUtils.java:logGet(43)) - raft.server.snapshot.retention.file.num = 5 (custom)
2019-10-17 07:38:09,191 [pool-77-thread-1] INFO  server.RaftServerConfigKeys (ConfUtils.java:logGet(43)) - raft.server.retrycache.expirytime = 600000ms (custom)
2019-10-17 07:38:09,213 [pool-77-thread-1] INFO  impl.RaftServerImpl (RaftServerImpl.java:start(195)) - 2636e257-7a47-4bf8-b940-93a028f0c6b6@group-D4575845B26D: start as a follower, conf=-1: [57d83d75-a41d-4aa4-98a2-4186e05ab504:192.168.34.62:46845, 6befc45b-dcf8-424c-b341-d7aa439c4bd9:192.168.34.62:36500, 2636e257-7a47-4bf8-b940-93a028f0c6b6:192.168.34.62:43946], old=null
2019-10-17 07:38:09,213 [pool-77-thread-1] INFO  impl.RaftServerImpl (RaftServerImpl.java:setRole(184)) - 2636e257-7a47-4bf8-b940-93a028f0c6b6@group-D4575845B26D: changes role from      null to FOLLOWER at term 0 for startAsFollower
2019-10-17 07:38:09,213 [pool-77-thread-1] INFO  impl.RoleInfo (RoleInfo.java:updateAndGet(143)) - 2636e257-7a47-4bf8-b940-93a028f0c6b6: start FollowerState
2019-10-17 07:38:09,214 [pool-67-thread-1] INFO  impl.RaftServerImpl (RaftServerImpl.java:start(195)) - 57d83d75-a41d-4aa4-98a2-4186e05ab504@group-D4575845B26D: start as a follower, conf=-1: [57d83d75-a41d-4aa4-98a2-4186e05ab504:192.168.34.62:46845, 6befc45b-dcf8-424c-b341-d7aa439c4bd9:192.168.34.62:36500, 2636e257-7a47-4bf8-b940-93a028f0c6b6:192.168.34.62:43946], old=null
2019-10-17 07:38:09,214 [pool-77-thread-1] INFO  util.JmxRegister (JmxRegister.java:tryRegister(44)) - Successfully registered JMX Bean with object name Ratis:service=RaftServer,group=group-D4575845B26D,id=2636e257-7a47-4bf8-b940-93a028f0c6b6
2019-10-17 07:38:09,214 [pool-67-thread-1] INFO  impl.RaftServerImpl (RaftServerImpl.java:setRole(184)) - 57d83d75-a41d-4aa4-98a2-4186e05ab504@group-D4575845B26D: changes role from      null to FOLLOWER at term 0 for startAsFollower
2019-10-17 07:38:09,214 [pool-67-thread-1] INFO  impl.RoleInfo (RoleInfo.java:updateAndGet(143)) - 57d83d75-a41d-4aa4-98a2-4186e05ab504: start FollowerState
2019-10-17 07:38:09,215 [pool-67-thread-1] INFO  util.JmxRegister (JmxRegister.java:tryRegister(44)) - Successfully registered JMX Bean with object name Ratis:service=RaftServer,group=group-D4575845B26D,id=57d83d75-a41d-4aa4-98a2-4186e05ab504
2019-10-17 07:38:09,219 [Thread-268] INFO  impl.FollowerState (FollowerState.java:run(108)) - 4b035f45-7941-40c3-ba2d-1cbecd2d369e@group-FBD9F5E75B36-FollowerState: change to CANDIDATE, lastRpcTime:45ms, electionTimeout:33ms
2019-10-17 07:38:09,220 [Thread-268] INFO  impl.RoleInfo (RoleInfo.java:shutdownFollowerState(121)) - 4b035f45-7941-40c3-ba2d-1cbecd2d369e: shutdown FollowerState
2019-10-17 07:38:09,220 [Thread-268] INFO  impl.RaftServerImpl (RaftServerImpl.java:setRole(184)) - 4b035f45-7941-40c3-ba2d-1cbecd2d369e@group-FBD9F5E75B36: changes role from  FOLLOWER to CANDIDATE at term 1 for changeToCandidate
2019-10-17 07:38:09,220 [Thread-268] INFO  impl.RoleInfo (RoleInfo.java:updateAndGet(143)) - 4b035f45-7941-40c3-ba2d-1cbecd2d369e: start LeaderElection
2019-10-17 07:38:09,236 [920a4478-64f4-4720-983c-9a2102f3c94b@group-FBD9F5E75B36-LeaderElection7] INFO  impl.LeaderElection (LeaderElection.java:logAndReturn(56)) - 920a4478-64f4-4720-983c-9a2102f3c94b@group-FBD9F5E75B36-LeaderElection7: Election PASSED; received 2 response(s) [920a4478-64f4-4720-983c-9a2102f3c94b<-05f59524-a4ea-4be4-b99d-fb9eed47142d#0:FAIL-t1, 920a4478-64f4-4720-983c-9a2102f3c94b<-4b035f45-7941-40c3-ba2d-1cbecd2d369e#0:OK-t1] and 0 exception(s); 920a4478-64f4-4720-983c-9a2102f3c94b@group-FBD9F5E75B36:t1, leader=null, voted=920a4478-64f4-4720-983c-9a2102f3c94b, raftlog=920a4478-64f4-4720-983c-9a2102f3c94b@group-FBD9F5E75B36-SegmentedRaftLog:OPENED:c-1,f-1,i0, conf=-1: [05f59524-a4ea-4be4-b99d-fb9eed47142d:192.168.34.62:45919, 4b035f45-7941-40c3-ba2d-1cbecd2d369e:192.168.34.62:45443, 920a4478-64f4-4720-983c-9a2102f3c94b:192.168.34.62:38609], old=null
2019-10-17 07:38:09,242 [920a4478-64f4-4720-983c-9a2102f3c94b@group-FBD9F5E75B36-LeaderElection7] INFO  impl.RoleInfo (RoleInfo.java:shutdownLeaderElection(134)) - 920a4478-64f4-4720-983c-9a2102f3c94b: shutdown LeaderElection
2019-10-17 07:38:09,242 [920a4478-64f4-4720-983c-9a2102f3c94b@group-FBD9F5E75B36-LeaderElection7] INFO  impl.RaftServerImpl (RaftServerImpl.java:setRole(184)) - 920a4478-64f4-4720-983c-9a2102f3c94b@group-FBD9F5E75B36: changes role from CANDIDATE to LEADER at term 1 for changeToLeader
2019-10-17 07:38:09,243 [05f59524-a4ea-4be4-b99d-fb9eed47142d@group-FBD9F5E75B36-LeaderElection8] INFO  impl.LeaderElection (LeaderElection.java:logAndReturn(56)) - 05f59524-a4ea-4be4-b99d-fb9eed47142d@group-FBD9F5E75B36-LeaderElection8: Election REJECTED; received 2 response(s) [05f59524-a4ea-4be4-b99d-fb9eed47142d<-4b035f45-7941-40c3-ba2d-1cbecd2d369e#0:FAIL-t1, 05f59524-a4ea-4be4-b99d-fb9eed47142d<-920a4478-64f4-4720-983c-9a2102f3c94b#0:FAIL-t1] and 0 exception(s); 05f59524-a4ea-4be4-b99d-fb9eed47142d@group-FBD9F5E75B36:t1, leader=null, voted=05f59524-a4ea-4be4-b99d-fb9eed47142d, raftlog=05f59524-a4ea-4be4-b99d-fb9eed47142d@group-FBD9F5E75B36-SegmentedRaftLog:OPENED:c-1,f-1,i0, conf=-1: [05f59524-a4ea-4be4-b99d-fb9eed47142d:192.168.34.62:45919, 4b035f45-7941-40c3-ba2d-1cbecd2d369e:192.168.34.62:45443, 920a4478-64f4-4720-983c-9a2102f3c94b:192.168.34.62:38609], old=null
2019-10-17 07:38:09,244 [920a4478-64f4-4720-983c-9a2102f3c94b@group-FBD9F5E75B36-LeaderElection7] INFO  ratis.XceiverServerRatis (XceiverServerRatis.java:handleLeaderChangedNotification(699)) - Leader change notification received for group: group-FBD9F5E75B36 with new leaderId: 920a4478-64f4-4720-983c-9a2102f3c94b
2019-10-17 07:38:09,246 [920a4478-64f4-4720-983c-9a2102f3c94b@group-FBD9F5E75B36-LeaderElection7] INFO  impl.RaftServerImpl (ServerState.java:setLeader(256)) - 920a4478-64f4-4720-983c-9a2102f3c94b@group-FBD9F5E75B36: change Leader from null to 920a4478-64f4-4720-983c-9a2102f3c94b at term 1 for becomeLeader, leader elected after 453ms
2019-10-17 07:38:09,246 [05f59524-a4ea-4be4-b99d-fb9eed47142d@group-FBD9F5E75B36-LeaderElection8] INFO  impl.RaftServerImpl (RaftServerImpl.java:setRole(184)) - 05f59524-a4ea-4be4-b99d-fb9eed47142d@group-FBD9F5E75B36: changes role from CANDIDATE to FOLLOWER at term 1 for DISCOVERED_A_NEW_TERM
2019-10-17 07:38:09,248 [920a4478-64f4-4720-983c-9a2102f3c94b@group-FBD9F5E75B36-LeaderElection7] INFO  server.RaftServerConfigKeys (ConfUtils.java:logGet(43)) - raft.server.staging.catchup.gap = 1000 (default)
2019-10-17 07:38:09,250 [05f59524-a4ea-4be4-b99d-fb9eed47142d@group-FBD9F5E75B36-LeaderElection8] INFO  impl.RoleInfo (RoleInfo.java:shutdownLeaderElection(134)) - 05f59524-a4ea-4be4-b99d-fb9eed47142d: shutdown LeaderElection
2019-10-17 07:38:09,250 [920a4478-64f4-4720-983c-9a2102f3c94b@group-FBD9F5E75B36-LeaderElection7] INFO  server.RaftServerConfigKeys (ConfUtils.java:logGet(43)) - raft.server.rpc.sleep.time = 25ms (default)
2019-10-17 07:38:09,250 [05f59524-a4ea-4be4-b99d-fb9eed47142d@group-FBD9F5E75B36-LeaderElection8] INFO  impl.RoleInfo (RoleInfo.java:updateAndGet(143)) - 05f59524-a4ea-4be4-b99d-fb9eed47142d: start FollowerState
2019-10-17 07:38:09,250 [920a4478-64f4-4720-983c-9a2102f3c94b@group-FBD9F5E75B36-LeaderElection7] INFO  server.RaftServerConfigKeys (ConfUtils.java:logGet(43)) - raft.server.write.element-limit = 4096 (default)
2019-10-17 07:38:09,250 [RatisPipelineUtilsThread] INFO  pipeline.PipelineStateManager (PipelineStateManager.java:addPipeline(55)) - Created pipeline Pipeline[ Id: 833f9adb-1cb2-4653-a446-d4575845b26d, Nodes: 2636e257-7a47-4bf8-b940-93a028f0c6b6{ip: 192.168.34.62, host: pr-hdds-1868-lzclr-202649289, networkLocation: /default-rack, certSerialId: null}6befc45b-dcf8-424c-b341-d7aa439c4bd9{ip: 192.168.34.62, host: pr-hdds-1868-lzclr-202649289, networkLocation: /default-rack, certSerialId: null}57d83d75-a41d-4aa4-98a2-4186e05ab504{ip: 192.168.34.62, host: pr-hdds-1868-lzclr-202649289, networkLocation: /default-rack, certSerialId: null}, Type:RATIS, Factor:THREE, State:ALLOCATED]
2019-10-17 07:38:09,252 [920a4478-64f4-4720-983c-9a2102f3c94b@group-FBD9F5E75B36-LeaderElection7] INFO  server.RaftServerConfigKeys (ConfUtils.java:logGet(43)) - raft.server.watch.timeout = 10s (default)
2019-10-17 07:38:09,253 [920a4478-64f4-4720-983c-9a2102f3c94b@group-FBD9F5E75B36-LeaderElection7] INFO  server.RaftServerConfigKeys (ConfUtils.java:logGet(43)) - raft.server.watch.timeout.denomination = 1s (default)
2019-10-17 07:38:09,253 [920a4478-64f4-4720-983c-9a2102f3c94b@group-FBD9F5E75B36-LeaderElection7] INFO  server.RaftServerConfigKeys (ConfUtils.java:logGet(43)) - raft.server.watch.element-limit = 65536 (default)
2019-10-17 07:38:09,255 [EventQueue-PipelineReportForPipelineReportHandler] INFO  pipeline.PipelineReportHandler (PipelineReportHandler.java:processPipelineReport(119)) - Pipeline PipelineID=2eb9c592-92ea-406b-93f7-7dcb31437e77 reported by 6befc45b-dcf8-424c-b341-d7aa439c4bd9{ip: 192.168.34.62, host: pr-hdds-1868-lzclr-202649289, networkLocation: /default-rack, certSerialId: null} with leaderId 6befc45b-dcf8-424c-b341-d7aa439c4bd9
2019-10-17 07:38:09,256 [Thread-0] INFO  ozone.MiniOzoneClusterImpl (MiniOzoneClusterImpl.java:lambda$waitForClusterToBeReady$2(164)) - Waiting for 8 number of pipelines out of 8, to report a leader.
2019-10-17 07:38:09,260 [920a4478-64f4-4720-983c-9a2102f3c94b@group-FBD9F5E75B36-LeaderElection7] INFO  server.RaftServerConfigKeys (ConfUtils.java:logGet(43)) - raft.server.log.appender.snapshot.chunk.size.max = 16MB (=16777216) (default)
2019-10-17 07:38:09,261 [920a4478-64f4-4720-983c-9a2102f3c94b@group-FBD9F5E75B36-LeaderElection7] INFO  server.RaftServerConfigKeys (ConfUtils.java:logGet(43)) - raft.server.log.appender.buffer.byte-limit = 33554432 (custom)
2019-10-17 07:38:09,261 [920a4478-64f4-4720-983c-9a2102f3c94b@group-FBD9F5E75B36-LeaderElection7] INFO  server.RaftServerConfigKeys (ConfUtils.java:logGet(43)) - raft.server.log.appender.buffer.element-limit = 1 (custom)
2019-10-17 07:38:09,262 [EventQueue-PipelineReportForPipelineReportHandler] INFO  pipeline.PipelineStateManager (PipelineStateManager.java:openPipeline(134)) - Pipeline Pipeline[ Id: 2eb9c592-92ea-406b-93f7-7dcb31437e77, Nodes: 6befc45b-dcf8-424c-b341-d7aa439c4bd9{ip: 192.168.34.62, host: pr-hdds-1868-lzclr-202649289, networkLocation: /default-rack, certSerialId: null}, Type:RATIS, Factor:ONE, State:OPEN] moved to OPEN state
2019-10-17 07:38:09,262 [4b035f45-7941-40c3-ba2d-1cbecd2d369e@group-FBD9F5E75B36-LeaderElection9] INFO  impl.LeaderElection (LeaderElection.java:askForVotes(178)) - 4b035f45-7941-40c3-ba2d-1cbecd2d369e@group-FBD9F5E75B36-LeaderElection9: begin an election at term 2 for -1: [05f59524-a4ea-4be4-b99d-fb9eed47142d:192.168.34.62:45919, 4b035f45-7941-40c3-ba2d-1cbecd2d369e:192.168.34.62:45443, 920a4478-64f4-4720-983c-9a2102f3c94b:192.168.34.62:38609], old=null
2019-10-17 07:38:09,263 [EventQueue-PipelineReportForPipelineReportHandler] INFO  pipeline.PipelineReportHandler (PipelineReportHandler.java:processPipelineReport(119)) - Pipeline PipelineID=e99ab340-37f3-42a7-98a4-ee70740dc1af reported by 920a4478-64f4-4720-983c-9a2102f3c94b{ip: 192.168.34.62, host: pr-hdds-1868-lzclr-202649289, networkLocation: /default-rack, certSerialId: null} with leaderId 920a4478-64f4-4720-983c-9a2102f3c94b
2019-10-17 07:38:09,263 [EventQueue-PipelineReportForPipelineReportHandler] INFO  pipeline.PipelineStateManager (PipelineStateManager.java:openPipeline(134)) - Pipeline Pipeline[ Id: e99ab340-37f3-42a7-98a4-ee70740dc1af, Nodes: 920a4478-64f4-4720-983c-9a2102f3c94b{ip: 192.168.34.62, host: pr-hdds-1868-lzclr-202649289, networkLocation: /default-rack, certSerialId: null}, Type:RATIS, Factor:ONE, State:OPEN] moved to OPEN state
2019-10-17 07:38:09,263 [EventQueue-PipelineReportForPipelineReportHandler] INFO  pipeline.PipelineReportHandler (PipelineReportHandler.java:processPipelineReport(119)) - Pipeline PipelineID=b5db8ca5-ca58-4ad9-8bbb-8ac045c62d9a reported by 4b035f45-7941-40c3-ba2d-1cbecd2d369e{ip: 192.168.34.62, host: pr-hdds-1868-lzclr-202649289, networkLocation: /default-rack, certSerialId: null} with leaderId 4b035f45-7941-40c3-ba2d-1cbecd2d369e
2019-10-17 07:38:09,264 [EventQueue-PipelineReportForPipelineReportHandler] INFO  pipeline.PipelineStateManager (PipelineStateManager.java:openPipeline(134)) - Pipeline Pipeline[ Id: b5db8ca5-ca58-4ad9-8bbb-8ac045c62d9a, Nodes: 4b035f45-7941-40c3-ba2d-1cbecd2d369e{ip: 192.168.34.62, host: pr-hdds-1868-lzclr-202649289, networkLocation: /default-rack, certSerialId: null}, Type:RATIS, Factor:ONE, State:OPEN] moved to OPEN state
2019-10-17 07:38:09,264 [EventQueue-PipelineReportForPipelineReportHandler] INFO  pipeline.PipelineReportHandler (PipelineReportHandler.java:processPipelineReport(119)) - Pipeline PipelineID=205ad72d-2bec-4888-883b-40b9d2e3090b reported by 05f59524-a4ea-4be4-b99d-fb9eed47142d{ip: 192.168.34.62, host: pr-hdds-1868-lzclr-202649289, networkLocation: /default-rack, certSerialId: null} with leaderId 05f59524-a4ea-4be4-b99d-fb9eed47142d
2019-10-17 07:38:09,266 [EventQueue-PipelineReportForPipelineReportHandler] INFO  pipeline.PipelineStateManager (PipelineStateManager.java:openPipeline(134)) - Pipeline Pipeline[ Id: 205ad72d-2bec-4888-883b-40b9d2e3090b, Nodes: 05f59524-a4ea-4be4-b99d-fb9eed47142d{ip: 192.168.34.62, host: pr-hdds-1868-lzclr-202649289, networkLocation: /default-rack, certSerialId: null}, Type:RATIS, Factor:ONE, State:OPEN] moved to OPEN state
2019-10-17 07:38:09,266 [4b035f45-7941-40c3-ba2d-1cbecd2d369e@group-FBD9F5E75B36-LeaderElection9] INFO  impl.LeaderElection (LeaderElection.java:logAndReturn(56)) - 4b035f45-7941-40c3-ba2d-1cbecd2d369e@group-FBD9F5E75B36-LeaderElection9: Election TIMEOUT; received 0 response(s) [] and 0 exception(s); 4b035f45-7941-40c3-ba2d-1cbecd2d369e@group-FBD9F5E75B36:t2, leader=null, voted=4b035f45-7941-40c3-ba2d-1cbecd2d369e, raftlog=4b035f45-7941-40c3-ba2d-1cbecd2d369e@group-FBD9F5E75B36-SegmentedRaftLog:OPENED:c-1,f-1,i0, conf=-1: [05f59524-a4ea-4be4-b99d-fb9eed47142d:192.168.34.62:45919, 4b035f45-7941-40c3-ba2d-1cbecd2d369e:192.168.34.62:45443, 920a4478-64f4-4720-983c-9a2102f3c94b:192.168.34.62:38609], old=null
2019-10-17 07:38:09,267 [EventQueue-PipelineReportForPipelineReportHandler] INFO  pipeline.PipelineReportHandler (PipelineReportHandler.java:processPipelineReport(119)) - Pipeline PipelineID=8cd7d133-7d77-4ffe-bfb2-ca4e2da81e43 reported by 2636e257-7a47-4bf8-b940-93a028f0c6b6{ip: 192.168.34.62, host: pr-hdds-1868-lzclr-202649289, networkLocation: /default-rack, certSerialId: null} with leaderId 2636e257-7a47-4bf8-b940-93a028f0c6b6
2019-10-17 07:38:09,267 [EventQueue-PipelineReportForPipelineReportHandler] INFO  pipeline.PipelineStateManager (PipelineStateManager.java:openPipeline(134)) - Pipeline Pipeline[ Id: 8cd7d133-7d77-4ffe-bfb2-ca4e2da81e43, Nodes: 2636e257-7a47-4bf8-b940-93a028f0c6b6{ip: 192.168.34.62, host: pr-hdds-1868-lzclr-202649289, networkLocation: /default-rack, certSerialId: null}, Type:RATIS, Factor:ONE, State:OPEN] moved to OPEN state
2019-10-17 07:38:09,267 [920a4478-64f4-4720-983c-9a2102f3c94b@group-FBD9F5E75B36-LeaderElection7] INFO  grpc.GrpcConfigKeys$Server (ConfUtils.java:logGet(43)) - raft.grpc.server.leader.outstanding.appends.max = 128 (default)
2019-10-17 07:38:09,267 [EventQueue-PipelineReportForPipelineReportHandler] INFO  pipeline.PipelineReportHandler (PipelineReportHandler.java:processPipelineReport(119)) - Pipeline PipelineID=489d0685-f6e7-4d5b-9ecc-6f55ae0b2e8b reported by 57d83d75-a41d-4aa4-98a2-4186e05ab504{ip: 192.168.34.62, host: pr-hdds-1868-lzclr-202649289, networkLocation: /default-rack, certSerialId: null} with leaderId 57d83d75-a41d-4aa4-98a2-4186e05ab504
2019-10-17 07:38:09,268 [920a4478-64f4-4720-983c-9a2102f3c94b@group-FBD9F5E75B36-LeaderElection7] INFO  server.RaftServerConfigKeys (ConfUtils.java:logGet(43)) - raft.server.rpc.request.timeout = 3000ms (default)
2019-10-17 07:38:09,268 [EventQueue-PipelineReportForPipelineReportHandler] INFO  pipeline.PipelineStateManager (PipelineStateManager.java:openPipeline(134)) - Pipeline Pipeline[ Id: 489d0685-f6e7-4d5b-9ecc-6f55ae0b2e8b, Nodes: 57d83d75-a41d-4aa4-98a2-4186e05ab504{ip: 192.168.34.62, host: pr-hdds-1868-lzclr-202649289, networkLocation: /default-rack, certSerialId: null}, Type:RATIS, Factor:ONE, State:OPEN] moved to OPEN state
2019-10-17 07:38:09,268 [920a4478-64f4-4720-983c-9a2102f3c94b@group-FBD9F5E75B36-LeaderElection7] INFO  server.RaftServerConfigKeys (ConfUtils.java:logGet(43)) - raft.server.log.appender.install.snapshot.enabled = false (custom)
2019-10-17 07:38:09,269 [EventQueue-PipelineReportForPipelineReportHandler] INFO  pipeline.PipelineReportHandler (PipelineReportHandler.java:processPipelineReport(119)) - Pipeline PipelineID=1b6d7be7-f489-4974-a4e8-fbd9f5e75b36 reported by 920a4478-64f4-4720-983c-9a2102f3c94b{ip: 192.168.34.62, host: pr-hdds-1868-lzclr-202649289, networkLocation: /default-rack, certSerialId: null} with leaderId 920a4478-64f4-4720-983c-9a2102f3c94b
2019-10-17 07:38:09,275 [920a4478-64f4-4720-983c-9a2102f3c94b@group-FBD9F5E75B36-LeaderElection7] INFO  server.RaftServerConfigKeys (ConfUtils.java:logGet(43)) - raft.server.log.appender.snapshot.chunk.size.max = 16MB (=16777216) (default)
2019-10-17 07:38:09,275 [grpc-default-executor-2] INFO  impl.RaftServerImpl (RaftServerImpl.java:setRole(184)) - 05f59524-a4ea-4be4-b99d-fb9eed47142d@group-FBD9F5E75B36: changes role from  FOLLOWER to FOLLOWER at term 2 for recognizeCandidate:4b035f45-7941-40c3-ba2d-1cbecd2d369e
2019-10-17 07:38:09,275 [920a4478-64f4-4720-983c-9a2102f3c94b@group-FBD9F5E75B36-LeaderElection7] INFO  server.RaftServerConfigKeys (ConfUtils.java:logGet(43)) - raft.server.log.appender.buffer.byte-limit = 33554432 (custom)
2019-10-17 07:38:09,275 [grpc-default-executor-2] INFO  impl.RoleInfo (RoleInfo.java:shutdownFollowerState(121)) - 05f59524-a4ea-4be4-b99d-fb9eed47142d: shutdown FollowerState
2019-10-17 07:38:09,275 [920a4478-64f4-4720-983c-9a2102f3c94b@group-FBD9F5E75B36-LeaderElection7] INFO  server.RaftServerConfigKeys (ConfUtils.java:logGet(43)) - raft.server.log.appender.buffer.element-limit = 1 (custom)
2019-10-17 07:38:09,276 [grpc-default-executor-2] INFO  impl.RoleInfo (RoleInfo.java:updateAndGet(143)) - 05f59524-a4ea-4be4-b99d-fb9eed47142d: start FollowerState
2019-10-17 07:38:09,276 [Thread-281] INFO  impl.FollowerState (FollowerState.java:run(117)) - 05f59524-a4ea-4be4-b99d-fb9eed47142d@group-FBD9F5E75B36-FollowerState was interrupted: java.lang.InterruptedException: sleep interrupted
2019-10-17 07:38:09,276 [920a4478-64f4-4720-983c-9a2102f3c94b@group-FBD9F5E75B36-LeaderElection7] INFO  grpc.GrpcConfigKeys$Server (ConfUtils.java:logGet(43)) - raft.grpc.server.leader.outstanding.appends.max = 128 (default)
2019-10-17 07:38:09,277 [920a4478-64f4-4720-983c-9a2102f3c94b@group-FBD9F5E75B36-LeaderElection7] INFO  server.RaftServerConfigKeys (ConfUtils.java:logGet(43)) - raft.server.rpc.request.timeout = 3000ms (default)
2019-10-17 07:38:09,277 [920a4478-64f4-4720-983c-9a2102f3c94b@group-FBD9F5E75B36-LeaderElection7] INFO  server.RaftServerConfigKeys (ConfUtils.java:logGet(43)) - raft.server.log.appender.install.snapshot.enabled = false (custom)
2019-10-17 07:38:09,282 [920a4478-64f4-4720-983c-9a2102f3c94b@group-FBD9F5E75B36-LeaderElection7] INFO  impl.RoleInfo (RoleInfo.java:updateAndGet(143)) - 920a4478-64f4-4720-983c-9a2102f3c94b: start LeaderState
2019-10-17 07:38:09,283 [920a4478-64f4-4720-983c-9a2102f3c94b@group-FBD9F5E75B36-LeaderElection7] INFO  segmented.SegmentedRaftLogWorker (SegmentedRaftLogWorker.java:startLogSegment(385)) - 920a4478-64f4-4720-983c-9a2102f3c94b@group-FBD9F5E75B36-SegmentedRaftLogWorker: Starting segment from index:0
2019-10-17 07:38:09,284 [920a4478-64f4-4720-983c-9a2102f3c94b@group-FBD9F5E75B36-LeaderElection7] INFO  impl.RaftServerImpl (ServerState.java:setRaftConf(357)) - 920a4478-64f4-4720-983c-9a2102f3c94b@group-FBD9F5E75B36: set configuration 0: [05f59524-a4ea-4be4-b99d-fb9eed47142d:192.168.34.62:45919, 4b035f45-7941-40c3-ba2d-1cbecd2d369e:192.168.34.62:45443, 920a4478-64f4-4720-983c-9a2102f3c94b:192.168.34.62:38609], old=null at 0
2019-10-17 07:38:09,285 [grpc-default-executor-3] INFO  impl.RaftServerImpl (ServerState.java:setLeader(256)) - 920a4478-64f4-4720-983c-9a2102f3c94b@group-FBD9F5E75B36: change Leader from 920a4478-64f4-4720-983c-9a2102f3c94b to null at term 2 for updateCurrentTerm
2019-10-17 07:38:09,285 [grpc-default-executor-3] INFO  impl.RaftServerImpl (RaftServerImpl.java:setRole(184)) - 920a4478-64f4-4720-983c-9a2102f3c94b@group-FBD9F5E75B36: changes role from    LEADER to FOLLOWER at term 2 for recognizeCandidate:4b035f45-7941-40c3-ba2d-1cbecd2d369e
2019-10-17 07:38:09,285 [grpc-default-executor-3] INFO  impl.RoleInfo (RoleInfo.java:shutdownLeaderState(104)) - 920a4478-64f4-4720-983c-9a2102f3c94b: shutdown LeaderState
2019-10-17 07:38:09,288 [grpc-default-executor-3] INFO  impl.PendingRequests (PendingRequests.java:sendNotLeaderResponses(202)) - 920a4478-64f4-4720-983c-9a2102f3c94b@group-FBD9F5E75B36-PendingRequests: sendNotLeaderResponses
2019-10-17 07:38:09,289 [grpc-default-executor-3] INFO  impl.RoleInfo (RoleInfo.java:updateAndGet(143)) - 920a4478-64f4-4720-983c-9a2102f3c94b: start FollowerState
2019-10-17 07:38:09,296 [org.apache.ratis.server.impl.LogAppender$AppenderDaemon$$Lambda$421/655825463@605a7900] WARN  server.GrpcLogAppender (GrpcLogAppender.java:mayWait(149)) - 920a4478-64f4-4720-983c-9a2102f3c94b@group-FBD9F5E75B36->4b035f45-7941-40c3-ba2d-1cbecd2d369e-GrpcLogAppender: Wait interrupted by java.lang.InterruptedException
2019-10-17 07:38:09,296 [org.apache.ratis.server.impl.LogAppender$AppenderDaemon$$Lambda$421/655825463@574d180a] WARN  server.GrpcLogAppender (GrpcLogAppender.java:mayWait(149)) - 920a4478-64f4-4720-983c-9a2102f3c94b@group-FBD9F5E75B36->05f59524-a4ea-4be4-b99d-fb9eed47142d-GrpcLogAppender: Wait interrupted by java.lang.InterruptedException
2019-10-17 07:38:09,298 [Thread-277] INFO  impl.FollowerState (FollowerState.java:run(108)) - 57d83d75-a41d-4aa4-98a2-4186e05ab504@group-D4575845B26D-FollowerState: change to CANDIDATE, lastRpcTime:83ms, electionTimeout:83ms
2019-10-17 07:38:09,298 [Thread-277] INFO  impl.RoleInfo (RoleInfo.java:shutdownFollowerState(121)) - 57d83d75-a41d-4aa4-98a2-4186e05ab504: shutdown FollowerState
2019-10-17 07:38:09,298 [Thread-277] INFO  impl.RaftServerImpl (RaftServerImpl.java:setRole(184)) - 57d83d75-a41d-4aa4-98a2-4186e05ab504@group-D4575845B26D: changes role from  FOLLOWER to CANDIDATE at term 0 for changeToCandidate
2019-10-17 07:38:09,298 [Thread-277] INFO  impl.RoleInfo (RoleInfo.java:updateAndGet(143)) - 57d83d75-a41d-4aa4-98a2-4186e05ab504: start LeaderElection
2019-10-17 07:38:09,306 [grpc-default-executor-0] INFO  server.GrpcServerProtocolService (GrpcServerProtocolService.java:onCompleted(113)) - 05f59524-a4ea-4be4-b99d-fb9eed47142d: Completed APPEND_ENTRIES, lastRequest: null
2019-10-17 07:38:09,306 [grpc-default-executor-1] INFO  server.GrpcServerProtocolService (GrpcServerProtocolService.java:onCompleted(113)) - 4b035f45-7941-40c3-ba2d-1cbecd2d369e: Completed APPEND_ENTRIES, lastRequest: null
2019-10-17 07:38:09,336 [Thread-276] INFO  impl.FollowerState (FollowerState.java:run(108)) - 2636e257-7a47-4bf8-b940-93a028f0c6b6@group-D4575845B26D-FollowerState: change to CANDIDATE, lastRpcTime:122ms, electionTimeout:98ms
2019-10-17 07:38:09,336 [Thread-276] INFO  impl.RoleInfo (RoleInfo.java:shutdownFollowerState(121)) - 2636e257-7a47-4bf8-b940-93a028f0c6b6: shutdown FollowerState
2019-10-17 07:38:09,338 [Thread-276] INFO  impl.RaftServerImpl (RaftServerImpl.java:setRole(184)) - 2636e257-7a47-4bf8-b940-93a028f0c6b6@group-D4575845B26D: changes role from  FOLLOWER to CANDIDATE at term 0 for changeToCandidate
2019-10-17 07:38:09,338 [Thread-276] INFO  impl.RoleInfo (RoleInfo.java:updateAndGet(143)) - 2636e257-7a47-4bf8-b940-93a028f0c6b6: start LeaderElection
2019-10-17 07:38:09,342 [grpc-default-executor-1] INFO  server.GrpcLogAppender (GrpcLogAppender.java:onCompleted(308)) - 920a4478-64f4-4720-983c-9a2102f3c94b@group-FBD9F5E75B36->05f59524-a4ea-4be4-b99d-fb9eed47142d-AppendLogResponseHandler: follower responses appendEntries COMPLETED
2019-10-17 07:38:09,342 [grpc-default-executor-0] INFO  server.GrpcLogAppender (GrpcLogAppender.java:onCompleted(308)) - 920a4478-64f4-4720-983c-9a2102f3c94b@group-FBD9F5E75B36->4b035f45-7941-40c3-ba2d-1cbecd2d369e-AppendLogResponseHandler: follower responses appendEntries COMPLETED
2019-10-17 07:38:09,347 [grpc-default-executor-1] INFO  impl.FollowerInfo (FollowerInfo.java:lambda$new$0(51)) - 920a4478-64f4-4720-983c-9a2102f3c94b@group-FBD9F5E75B36->05f59524-a4ea-4be4-b99d-fb9eed47142d: nextIndex: updateUnconditionally 0 -> 0
2019-10-17 07:38:09,347 [grpc-default-executor-0] INFO  impl.FollowerInfo (FollowerInfo.java:lambda$new$0(51)) - 920a4478-64f4-4720-983c-9a2102f3c94b@group-FBD9F5E75B36->4b035f45-7941-40c3-ba2d-1cbecd2d369e: nextIndex: updateUnconditionally 0 -> 0
2019-10-17 07:38:09,348 [Thread-270] INFO  impl.FollowerState (FollowerState.java:run(108)) - 6befc45b-dcf8-424c-b341-d7aa439c4bd9@group-D4575845B26D-FollowerState: change to CANDIDATE, lastRpcTime:169ms, electionTimeout:168ms
2019-10-17 07:38:09,348 [Thread-270] INFO  impl.RoleInfo (RoleInfo.java:shutdownFollowerState(121)) - 6befc45b-dcf8-424c-b341-d7aa439c4bd9: shutdown FollowerState
2019-10-17 07:38:09,349 [Thread-270] INFO  impl.RaftServerImpl (RaftServerImpl.java:setRole(184)) - 6befc45b-dcf8-424c-b341-d7aa439c4bd9@group-D4575845B26D: changes role from  FOLLOWER to CANDIDATE at term 0 for changeToCandidate
2019-10-17 07:38:09,349 [Thread-270] INFO  impl.RoleInfo (RoleInfo.java:updateAndGet(143)) - 6befc45b-dcf8-424c-b341-d7aa439c4bd9: start LeaderElection
2019-10-17 07:38:09,349 [4b035f45-7941-40c3-ba2d-1cbecd2d369e@group-FBD9F5E75B36-LeaderElection9] INFO  impl.LeaderElection (LeaderElection.java:askForVotes(178)) - 4b035f45-7941-40c3-ba2d-1cbecd2d369e@group-FBD9F5E75B36-LeaderElection9: begin an election at term 3 for -1: [05f59524-a4ea-4be4-b99d-fb9eed47142d:192.168.34.62:45919, 4b035f45-7941-40c3-ba2d-1cbecd2d369e:192.168.34.62:45443, 920a4478-64f4-4720-983c-9a2102f3c94b:192.168.34.62:38609], old=null
2019-10-17 07:38:09,350 [57d83d75-a41d-4aa4-98a2-4186e05ab504@group-D4575845B26D-LeaderElection10] INFO  impl.LeaderElection (LeaderElection.java:askForVotes(178)) - 57d83d75-a41d-4aa4-98a2-4186e05ab504@group-D4575845B26D-LeaderElection10: begin an election at term 1 for -1: [57d83d75-a41d-4aa4-98a2-4186e05ab504:192.168.34.62:46845, 6befc45b-dcf8-424c-b341-d7aa439c4bd9:192.168.34.62:36500, 2636e257-7a47-4bf8-b940-93a028f0c6b6:192.168.34.62:43946], old=null
2019-10-17 07:38:09,377 [grpc-default-executor-2] INFO  impl.RaftServerImpl (RaftServerImpl.java:setRole(184)) - 920a4478-64f4-4720-983c-9a2102f3c94b@group-FBD9F5E75B36: changes role from  FOLLOWER to FOLLOWER at term 3 for recognizeCandidate:4b035f45-7941-40c3-ba2d-1cbecd2d369e
2019-10-17 07:38:09,377 [grpc-default-executor-3] INFO  impl.RaftServerImpl (RaftServerImpl.java:setRole(184)) - 05f59524-a4ea-4be4-b99d-fb9eed47142d@group-FBD9F5E75B36: changes role from  FOLLOWER to FOLLOWER at term 3 for recognizeCandidate:4b035f45-7941-40c3-ba2d-1cbecd2d369e
2019-10-17 07:38:09,378 [grpc-default-executor-2] INFO  impl.RoleInfo (RoleInfo.java:shutdownFollowerState(121)) - 920a4478-64f4-4720-983c-9a2102f3c94b: shutdown FollowerState
2019-10-17 07:38:09,378 [grpc-default-executor-3] INFO  impl.RoleInfo (RoleInfo.java:shutdownFollowerState(121)) - 05f59524-a4ea-4be4-b99d-fb9eed47142d: shutdown FollowerState
2019-10-17 07:38:09,378 [Thread-288] INFO  impl.FollowerState (FollowerState.java:run(117)) - 920a4478-64f4-4720-983c-9a2102f3c94b@group-FBD9F5E75B36-FollowerState was interrupted: java.lang.InterruptedException: sleep interrupted
2019-10-17 07:38:09,378 [grpc-default-executor-3] INFO  impl.RoleInfo (RoleInfo.java:updateAndGet(143)) - 05f59524-a4ea-4be4-b99d-fb9eed47142d: start FollowerState
2019-10-17 07:38:09,378 [Thread-286] INFO  impl.FollowerState (FollowerState.java:run(117)) - 05f59524-a4ea-4be4-b99d-fb9eed47142d@group-FBD9F5E75B36-FollowerState was interrupted: java.lang.InterruptedException: sleep interrupted
2019-10-17 07:38:09,378 [grpc-default-executor-2] INFO  impl.RoleInfo (RoleInfo.java:updateAndGet(143)) - 920a4478-64f4-4720-983c-9a2102f3c94b: start FollowerState
2019-10-17 07:38:09,379 [2636e257-7a47-4bf8-b940-93a028f0c6b6@group-D4575845B26D-LeaderElection11] INFO  impl.LeaderElection (LeaderElection.java:askForVotes(178)) - 2636e257-7a47-4bf8-b940-93a028f0c6b6@group-D4575845B26D-LeaderElection11: begin an election at term 1 for -1: [57d83d75-a41d-4aa4-98a2-4186e05ab504:192.168.34.62:46845, 6befc45b-dcf8-424c-b341-d7aa439c4bd9:192.168.34.62:36500, 2636e257-7a47-4bf8-b940-93a028f0c6b6:192.168.34.62:43946], old=null
2019-10-17 07:38:09,378 [920a4478-64f4-4720-983c-9a2102f3c94b@group-FBD9F5E75B36-SegmentedRaftLogWorker] INFO  segmented.SegmentedRaftLogWorker (SegmentedRaftLogWorker.java:execute(576)) - 920a4478-64f4-4720-983c-9a2102f3c94b@group-FBD9F5E75B36-SegmentedRaftLogWorker: created new log segment /workdir/hadoop-ozone/integration-test/target/test-dir/MiniOzoneClusterImpl-eeadbacc-06c2-472c-a3f4-8a25f61a295a/datanode-2/data/ratis/1b6d7be7-f489-4974-a4e8-fbd9f5e75b36/current/log_inprogress_0
2019-10-17 07:38:09,381 [6befc45b-dcf8-424c-b341-d7aa439c4bd9@group-D4575845B26D-LeaderElection12] INFO  impl.LeaderElection (LeaderElection.java:askForVotes(178)) - 6befc45b-dcf8-424c-b341-d7aa439c4bd9@group-D4575845B26D-LeaderElection12: begin an election at term 1 for -1: [57d83d75-a41d-4aa4-98a2-4186e05ab504:192.168.34.62:46845, 6befc45b-dcf8-424c-b341-d7aa439c4bd9:192.168.34.62:36500, 2636e257-7a47-4bf8-b940-93a028f0c6b6:192.168.34.62:43946], old=null
2019-10-17 07:38:09,403 [4b035f45-7941-40c3-ba2d-1cbecd2d369e@group-FBD9F5E75B36-LeaderElection9] INFO  impl.LeaderElection (LeaderElection.java:logAndReturn(56)) - 4b035f45-7941-40c3-ba2d-1cbecd2d369e@group-FBD9F5E75B36-LeaderElection9: Election PASSED; received 1 response(s) [4b035f45-7941-40c3-ba2d-1cbecd2d369e<-05f59524-a4ea-4be4-b99d-fb9eed47142d#0:OK-t3] and 0 exception(s); 4b035f45-7941-40c3-ba2d-1cbecd2d369e@group-FBD9F5E75B36:t3, leader=null, voted=4b035f45-7941-40c3-ba2d-1cbecd2d369e, raftlog=4b035f45-7941-40c3-ba2d-1cbecd2d369e@group-FBD9F5E75B36-SegmentedRaftLog:OPENED:c-1,f-1,i0, conf=-1: [05f59524-a4ea-4be4-b99d-fb9eed47142d:192.168.34.62:45919, 4b035f45-7941-40c3-ba2d-1cbecd2d369e:192.168.34.62:45443, 920a4478-64f4-4720-983c-9a2102f3c94b:192.168.34.62:38609], old=null
2019-10-17 07:38:09,403 [4b035f45-7941-40c3-ba2d-1cbecd2d369e@group-FBD9F5E75B36-LeaderElection9] INFO  impl.RoleInfo (RoleInfo.java:shutdownLeaderElection(134)) - 4b035f45-7941-40c3-ba2d-1cbecd2d369e: shutdown LeaderElection
2019-10-17 07:38:09,403 [57d83d75-a41d-4aa4-98a2-4186e05ab504@group-D4575845B26D-LeaderElection10] INFO  impl.LeaderElection (LeaderElection.java:logAndReturn(56)) - 57d83d75-a41d-4aa4-98a2-4186e05ab504@group-D4575845B26D-LeaderElection10: Election REJECTED; received 2 response(s) [57d83d75-a41d-4aa4-98a2-4186e05ab504<-6befc45b-dcf8-424c-b341-d7aa439c4bd9#0:FAIL-t1, 57d83d75-a41d-4aa4-98a2-4186e05ab504<-2636e257-7a47-4bf8-b940-93a028f0c6b6#0:FAIL-t1] and 0 exception(s); 57d83d75-a41d-4aa4-98a2-4186e05ab504@group-D4575845B26D:t1, leader=null, voted=57d83d75-a41d-4aa4-98a2-4186e05ab504, raftlog=57d83d75-a41d-4aa4-98a2-4186e05ab504@group-D4575845B26D-SegmentedRaftLog:OPENED:c-1,f-1,i0, conf=-1: [57d83d75-a41d-4aa4-98a2-4186e05ab504:192.168.34.62:46845, 6befc45b-dcf8-424c-b341-d7aa439c4bd9:192.168.34.62:36500, 2636e257-7a47-4bf8-b940-93a028f0c6b6:192.168.34.62:43946], old=null
2019-10-17 07:38:09,403 [4b035f45-7941-40c3-ba2d-1cbecd2d369e@group-FBD9F5E75B36-LeaderElection9] INFO  impl.RaftServerImpl (RaftServerImpl.java:setRole(184)) - 4b035f45-7941-40c3-ba2d-1cbecd2d369e@group-FBD9F5E75B36: changes role from CANDIDATE to LEADER at term 3 for changeToLeader
2019-10-17 07:38:09,405 [57d83d75-a41d-4aa4-98a2-4186e05ab504@group-D4575845B26D-LeaderElection10] INFO  impl.RaftServerImpl (RaftServerImpl.java:setRole(184)) - 57d83d75-a41d-4aa4-98a2-4186e05ab504@group-D4575845B26D: changes role from CANDIDATE to FOLLOWER at term 1 for DISCOVERED_A_NEW_TERM
2019-10-17 07:38:09,406 [4b035f45-7941-40c3-ba2d-1cbecd2d369e@group-FBD9F5E75B36-LeaderElection9] INFO  ratis.XceiverServerRatis (XceiverServerRatis.java:handleLeaderChangedNotification(699)) - Leader change notification received for group: group-FBD9F5E75B36 with new leaderId: 4b035f45-7941-40c3-ba2d-1cbecd2d369e
2019-10-17 07:38:09,406 [57d83d75-a41d-4aa4-98a2-4186e05ab504@group-D4575845B26D-LeaderElection10] INFO  impl.RoleInfo (RoleInfo.java:shutdownLeaderElection(134)) - 57d83d75-a41d-4aa4-98a2-4186e05ab504: shutdown LeaderElection
2019-10-17 07:38:09,408 [4b035f45-7941-40c3-ba2d-1cbecd2d369e@group-FBD9F5E75B36-LeaderElection9] INFO  impl.RaftServerImpl (ServerState.java:setLeader(256)) - 4b035f45-7941-40c3-ba2d-1cbecd2d369e@group-FBD9F5E75B36: change Leader from null to 4b035f45-7941-40c3-ba2d-1cbecd2d369e at term 3 for becomeLeader, leader elected after 615ms
2019-10-17 07:38:09,409 [57d83d75-a41d-4aa4-98a2-4186e05ab504@group-D4575845B26D-LeaderElection10] INFO  impl.RoleInfo (RoleInfo.java:updateAndGet(143)) - 57d83d75-a41d-4aa4-98a2-4186e05ab504: start FollowerState
2019-10-17 07:38:09,409 [4b035f45-7941-40c3-ba2d-1cbecd2d369e@group-FBD9F5E75B36-LeaderElection9] INFO  server.RaftServerConfigKeys (ConfUtils.java:logGet(43)) - raft.server.staging.catchup.gap = 1000 (default)
2019-10-17 07:38:09,415 [4b035f45-7941-40c3-ba2d-1cbecd2d369e@group-FBD9F5E75B36-LeaderElection9] INFO  server.RaftServerConfigKeys (ConfUtils.java:logGet(43)) - raft.server.rpc.sleep.time = 25ms (default)
2019-10-17 07:38:09,417 [4b035f45-7941-40c3-ba2d-1cbecd2d369e@group-FBD9F5E75B36-LeaderElection9] INFO  server.RaftServerConfigKeys (ConfUtils.java:logGet(43)) - raft.server.write.element-limit = 4096 (default)
2019-10-17 07:38:09,417 [4b035f45-7941-40c3-ba2d-1cbecd2d369e@group-FBD9F5E75B36-LeaderElection9] INFO  server.RaftServerConfigKeys (ConfUtils.java:logGet(43)) - raft.server.watch.timeout = 10s (default)
2019-10-17 07:38:09,417 [4b035f45-7941-40c3-ba2d-1cbecd2d369e@group-FBD9F5E75B36-LeaderElection9] INFO  server.RaftServerConfigKeys (ConfUtils.java:logGet(43)) - raft.server.watch.timeout.denomination = 1s (default)
2019-10-17 07:38:09,417 [4b035f45-7941-40c3-ba2d-1cbecd2d369e@group-FBD9F5E75B36-LeaderElection9] INFO  server.RaftServerConfigKeys (ConfUtils.java:logGet(43)) - raft.server.watch.element-limit = 65536 (default)
2019-10-17 07:38:09,417 [EventQueue-PipelineReportForPipelineReportHandler] INFO  pipeline.PipelineReportHandler (PipelineReportHandler.java:processPipelineReport(119)) - Pipeline PipelineID=1b6d7be7-f489-4974-a4e8-fbd9f5e75b36 reported by 4b035f45-7941-40c3-ba2d-1cbecd2d369e{ip: 192.168.34.62, host: pr-hdds-1868-lzclr-202649289, networkLocation: /default-rack, certSerialId: null} with leaderId 4b035f45-7941-40c3-ba2d-1cbecd2d369e
2019-10-17 07:38:09,423 [4b035f45-7941-40c3-ba2d-1cbecd2d369e@group-FBD9F5E75B36-LeaderElection9] INFO  server.RaftServerConfigKeys (ConfUtils.java:logGet(43)) - raft.server.log.appender.snapshot.chunk.size.max = 16MB (=16777216) (default)
2019-10-17 07:38:09,423 [4b035f45-7941-40c3-ba2d-1cbecd2d369e@group-FBD9F5E75B36-LeaderElection9] INFO  server.RaftServerConfigKeys (ConfUtils.java:logGet(43)) - raft.server.log.appender.buffer.byte-limit = 33554432 (custom)
2019-10-17 07:38:09,423 [4b035f45-7941-40c3-ba2d-1cbecd2d369e@group-FBD9F5E75B36-LeaderElection9] INFO  server.RaftServerConfigKeys (ConfUtils.java:logGet(43)) - raft.server.log.appender.buffer.element-limit = 1 (custom)
2019-10-17 07:38:09,423 [4b035f45-7941-40c3-ba2d-1cbecd2d369e@group-FBD9F5E75B36-LeaderElection9] INFO  grpc.GrpcConfigKeys$Server (ConfUtils.java:logGet(43)) - raft.grpc.server.leader.outstanding.appends.max = 128 (default)
2019-10-17 07:38:09,424 [4b035f45-7941-40c3-ba2d-1cbecd2d369e@group-FBD9F5E75B36-LeaderElection9] INFO  server.RaftServerConfigKeys (ConfUtils.java:logGet(43)) - raft.server.rpc.request.timeout = 3000ms (default)
2019-10-17 07:38:09,424 [4b035f45-7941-40c3-ba2d-1cbecd2d369e@group-FBD9F5E75B36-LeaderElection9] INFO  server.RaftServerConfigKeys (ConfUtils.java:logGet(43)) - raft.server.log.appender.install.snapshot.enabled = false (custom)
2019-10-17 07:38:09,431 [2636e257-7a47-4bf8-b940-93a028f0c6b6@group-D4575845B26D-LeaderElection11] INFO  impl.LeaderElection (LeaderElection.java:logAndReturn(56)) - 2636e257-7a47-4bf8-b940-93a028f0c6b6@group-D4575845B26D-LeaderElection11: Election REJECTED; received 2 response(s) [2636e257-7a47-4bf8-b940-93a028f0c6b6<-57d83d75-a41d-4aa4-98a2-4186e05ab504#0:FAIL-t1, 2636e257-7a47-4bf8-b940-93a028f0c6b6<-6befc45b-dcf8-424c-b341-d7aa439c4bd9#0:FAIL-t1] and 0 exception(s); 2636e257-7a47-4bf8-b940-93a028f0c6b6@group-D4575845B26D:t1, leader=null, voted=2636e257-7a47-4bf8-b940-93a028f0c6b6, raftlog=2636e257-7a47-4bf8-b940-93a028f0c6b6@group-D4575845B26D-SegmentedRaftLog:OPENED:c-1,f-1,i0, conf=-1: [57d83d75-a41d-4aa4-98a2-4186e05ab504:192.168.34.62:46845, 6befc45b-dcf8-424c-b341-d7aa439c4bd9:192.168.34.62:36500, 2636e257-7a47-4bf8-b940-93a028f0c6b6:192.168.34.62:43946], old=null
2019-10-17 07:38:09,431 [2636e257-7a47-4bf8-b940-93a028f0c6b6@group-D4575845B26D-LeaderElection11] INFO  impl.RaftServerImpl (RaftServerImpl.java:setRole(184)) - 2636e257-7a47-4bf8-b940-93a028f0c6b6@group-D4575845B26D: changes role from CANDIDATE to FOLLOWER at term 1 for DISCOVERED_A_NEW_TERM
2019-10-17 07:38:09,431 [2636e257-7a47-4bf8-b940-93a028f0c6b6@group-D4575845B26D-LeaderElection11] INFO  impl.RoleInfo (RoleInfo.java:shutdownLeaderElection(134)) - 2636e257-7a47-4bf8-b940-93a028f0c6b6: shutdown LeaderElection
2019-10-17 07:38:09,431 [4b035f45-7941-40c3-ba2d-1cbecd2d369e@group-FBD9F5E75B36-LeaderElection9] INFO  server.RaftServerConfigKeys (ConfUtils.java:logGet(43)) - raft.server.log.appender.snapshot.chunk.size.max = 16MB (=16777216) (default)
2019-10-17 07:38:09,433 [4b035f45-7941-40c3-ba2d-1cbecd2d369e@group-FBD9F5E75B36-LeaderElection9] INFO  server.RaftServerConfigKeys (ConfUtils.java:logGet(43)) - raft.server.log.appender.buffer.byte-limit = 33554432 (custom)
2019-10-17 07:38:09,433 [2636e257-7a47-4bf8-b940-93a028f0c6b6@group-D4575845B26D-LeaderElection11] INFO  impl.RoleInfo (RoleInfo.java:updateAndGet(143)) - 2636e257-7a47-4bf8-b940-93a028f0c6b6: start FollowerState
2019-10-17 07:38:09,433 [4b035f45-7941-40c3-ba2d-1cbecd2d369e@group-FBD9F5E75B36-LeaderElection9] INFO  server.RaftServerConfigKeys (ConfUtils.java:logGet(43)) - raft.server.log.appender.buffer.element-limit = 1 (custom)
2019-10-17 07:38:09,434 [4b035f45-7941-40c3-ba2d-1cbecd2d369e@group-FBD9F5E75B36-LeaderElection9] INFO  grpc.GrpcConfigKeys$Server (ConfUtils.java:logGet(43)) - raft.grpc.server.leader.outstanding.appends.max = 128 (default)
2019-10-17 07:38:09,434 [4b035f45-7941-40c3-ba2d-1cbecd2d369e@group-FBD9F5E75B36-LeaderElection9] INFO  server.RaftServerConfigKeys (ConfUtils.java:logGet(43)) - raft.server.rpc.request.timeout = 3000ms (default)
2019-10-17 07:38:09,434 [4b035f45-7941-40c3-ba2d-1cbecd2d369e@group-FBD9F5E75B36-LeaderElection9] INFO  server.RaftServerConfigKeys (ConfUtils.java:logGet(43)) - raft.server.log.appender.install.snapshot.enabled = false (custom)
2019-10-17 07:38:09,434 [6befc45b-dcf8-424c-b341-d7aa439c4bd9@group-D4575845B26D-LeaderElection12] INFO  impl.LeaderElection (LeaderElection.java:logAndReturn(56)) - 6befc45b-dcf8-424c-b341-d7aa439c4bd9@group-D4575845B26D-LeaderElection12: Election REJECTED; received 2 response(s) [6befc45b-dcf8-424c-b341-d7aa439c4bd9<-57d83d75-a41d-4aa4-98a2-4186e05ab504#0:FAIL-t1, 6befc45b-dcf8-424c-b341-d7aa439c4bd9<-2636e257-7a47-4bf8-b940-93a028f0c6b6#0:FAIL-t1] and 0 exception(s); 6befc45b-dcf8-424c-b341-d7aa439c4bd9@group-D4575845B26D:t1, leader=null, voted=6befc45b-dcf8-424c-b341-d7aa439c4bd9, raftlog=6befc45b-dcf8-424c-b341-d7aa439c4bd9@group-D4575845B26D-SegmentedRaftLog:OPENED:c-1,f-1,i0, conf=-1: [57d83d75-a41d-4aa4-98a2-4186e05ab504:192.168.34.62:46845, 6befc45b-dcf8-424c-b341-d7aa439c4bd9:192.168.34.62:36500, 2636e257-7a47-4bf8-b940-93a028f0c6b6:192.168.34.62:43946], old=null
2019-10-17 07:38:09,435 [6befc45b-dcf8-424c-b341-d7aa439c4bd9@group-D4575845B26D-LeaderElection12] INFO  impl.RaftServerImpl (RaftServerImpl.java:setRole(184)) - 6befc45b-dcf8-424c-b341-d7aa439c4bd9@group-D4575845B26D: changes role from CANDIDATE to FOLLOWER at term 1 for DISCOVERED_A_NEW_TERM
2019-10-17 07:38:09,435 [6befc45b-dcf8-424c-b341-d7aa439c4bd9@group-D4575845B26D-LeaderElection12] INFO  impl.RoleInfo (RoleInfo.java:shutdownLeaderElection(134)) - 6befc45b-dcf8-424c-b341-d7aa439c4bd9: shutdown LeaderElection
2019-10-17 07:38:09,435 [6befc45b-dcf8-424c-b341-d7aa439c4bd9@group-D4575845B26D-LeaderElection12] INFO  impl.RoleInfo (RoleInfo.java:updateAndGet(143)) - 6befc45b-dcf8-424c-b341-d7aa439c4bd9: start FollowerState
2019-10-17 07:38:09,437 [4b035f45-7941-40c3-ba2d-1cbecd2d369e@group-FBD9F5E75B36-LeaderElection9] INFO  impl.RoleInfo (RoleInfo.java:updateAndGet(143)) - 4b035f45-7941-40c3-ba2d-1cbecd2d369e: start LeaderState
2019-10-17 07:38:09,438 [4b035f45-7941-40c3-ba2d-1cbecd2d369e@group-FBD9F5E75B36-LeaderElection9] INFO  segmented.SegmentedRaftLogWorker (SegmentedRaftLogWorker.java:startLogSegment(385)) - 4b035f45-7941-40c3-ba2d-1cbecd2d369e@group-FBD9F5E75B36-SegmentedRaftLogWorker: Starting segment from index:0
2019-10-17 07:38:09,439 [4b035f45-7941-40c3-ba2d-1cbecd2d369e@group-FBD9F5E75B36-LeaderElection9] INFO  impl.RaftServerImpl (ServerState.java:setRaftConf(357)) - 4b035f45-7941-40c3-ba2d-1cbecd2d369e@group-FBD9F5E75B36: set configuration 0: [05f59524-a4ea-4be4-b99d-fb9eed47142d:192.168.34.62:45919, 4b035f45-7941-40c3-ba2d-1cbecd2d369e:192.168.34.62:45443, 920a4478-64f4-4720-983c-9a2102f3c94b:192.168.34.62:38609], old=null at 0
2019-10-17 07:38:09,473 [Thread-305] INFO  impl.FollowerState (FollowerState.java:run(108)) - 2636e257-7a47-4bf8-b940-93a028f0c6b6@group-D4575845B26D-FollowerState: change to CANDIDATE, lastRpcTime:40ms, electionTimeout:18ms
2019-10-17 07:38:09,473 [Thread-305] INFO  impl.RoleInfo (RoleInfo.java:shutdownFollowerState(121)) - 2636e257-7a47-4bf8-b940-93a028f0c6b6: shutdown FollowerState
2019-10-17 07:38:09,474 [Thread-305] INFO  impl.RaftServerImpl (RaftServerImpl.java:setRole(184)) - 2636e257-7a47-4bf8-b940-93a028f0c6b6@group-D4575845B26D: changes role from  FOLLOWER to CANDIDATE at term 1 for changeToCandidate
2019-10-17 07:38:09,475 [Thread-305] INFO  impl.RoleInfo (RoleInfo.java:updateAndGet(143)) - 2636e257-7a47-4bf8-b940-93a028f0c6b6: start LeaderElection
2019-10-17 07:38:09,490 [grpc-default-executor-2] INFO  ratis.XceiverServerRatis (XceiverServerRatis.java:handleLeaderChangedNotification(699)) - Leader change notification received for group: group-FBD9F5E75B36 with new leaderId: 4b035f45-7941-40c3-ba2d-1cbecd2d369e
2019-10-17 07:38:09,490 [grpc-default-executor-3] INFO  ratis.XceiverServerRatis (XceiverServerRatis.java:handleLeaderChangedNotification(699)) - Leader change notification received for group: group-FBD9F5E75B36 with new leaderId: 4b035f45-7941-40c3-ba2d-1cbecd2d369e
2019-10-17 07:38:09,490 [grpc-default-executor-2] INFO  impl.RaftServerImpl (ServerState.java:setLeader(256)) - 920a4478-64f4-4720-983c-9a2102f3c94b@group-FBD9F5E75B36: change Leader from null to 4b035f45-7941-40c3-ba2d-1cbecd2d369e at term 3 for appendEntries, leader elected after 204ms
2019-10-17 07:38:09,490 [grpc-default-executor-3] INFO  impl.RaftServerImpl (ServerState.java:setLeader(256)) - 05f59524-a4ea-4be4-b99d-fb9eed47142d@group-FBD9F5E75B36: change Leader from null to 4b035f45-7941-40c3-ba2d-1cbecd2d369e at term 3 for appendEntries, leader elected after 701ms
2019-10-17 07:38:09,494 [EventQueue-PipelineReportForPipelineReportHandler] INFO  pipeline.PipelineReportHandler (PipelineReportHandler.java:processPipelineReport(119)) - Pipeline PipelineID=1b6d7be7-f489-4974-a4e8-fbd9f5e75b36 reported by 05f59524-a4ea-4be4-b99d-fb9eed47142d{ip: 192.168.34.62, host: pr-hdds-1868-lzclr-202649289, networkLocation: /default-rack, certSerialId: null} with leaderId 4b035f45-7941-40c3-ba2d-1cbecd2d369e
2019-10-17 07:38:09,495 [EventQueue-PipelineReportForPipelineReportHandler] INFO  pipeline.PipelineReportHandler (PipelineReportHandler.java:processPipelineReport(119)) - Pipeline PipelineID=1b6d7be7-f489-4974-a4e8-fbd9f5e75b36 reported by 920a4478-64f4-4720-983c-9a2102f3c94b{ip: 192.168.34.62, host: pr-hdds-1868-lzclr-202649289, networkLocation: /default-rack, certSerialId: null} with leaderId 4b035f45-7941-40c3-ba2d-1cbecd2d369e
2019-10-17 07:38:09,495 [EventQueue-PipelineReportForPipelineReportHandler] INFO  pipeline.PipelineStateManager (PipelineStateManager.java:openPipeline(134)) - Pipeline Pipeline[ Id: 1b6d7be7-f489-4974-a4e8-fbd9f5e75b36, Nodes: 920a4478-64f4-4720-983c-9a2102f3c94b{ip: 192.168.34.62, host: pr-hdds-1868-lzclr-202649289, networkLocation: /default-rack, certSerialId: null}4b035f45-7941-40c3-ba2d-1cbecd2d369e{ip: 192.168.34.62, host: pr-hdds-1868-lzclr-202649289, networkLocation: /default-rack, certSerialId: null}05f59524-a4ea-4be4-b99d-fb9eed47142d{ip: 192.168.34.62, host: pr-hdds-1868-lzclr-202649289, networkLocation: /default-rack, certSerialId: null}, Type:RATIS, Factor:THREE, State:OPEN] moved to OPEN state
2019-10-17 07:38:09,510 [Thread-307] INFO  impl.FollowerState (FollowerState.java:run(108)) - 6befc45b-dcf8-424c-b341-d7aa439c4bd9@group-D4575845B26D-FollowerState: change to CANDIDATE, lastRpcTime:75ms, electionTimeout:74ms
2019-10-17 07:38:09,513 [Thread-307] INFO  impl.RoleInfo (RoleInfo.java:shutdownFollowerState(121)) - 6befc45b-dcf8-424c-b341-d7aa439c4bd9: shutdown FollowerState
2019-10-17 07:38:09,513 [Thread-307] INFO  impl.RaftServerImpl (RaftServerImpl.java:setRole(184)) - 6befc45b-dcf8-424c-b341-d7aa439c4bd9@group-D4575845B26D: changes role from  FOLLOWER to CANDIDATE at term 1 for changeToCandidate
2019-10-17 07:38:09,513 [Thread-307] INFO  impl.RoleInfo (RoleInfo.java:updateAndGet(143)) - 6befc45b-dcf8-424c-b341-d7aa439c4bd9: start LeaderElection
2019-10-17 07:38:09,521 [4b035f45-7941-40c3-ba2d-1cbecd2d369e@group-FBD9F5E75B36-SegmentedRaftLogWorker] INFO  segmented.SegmentedRaftLogWorker (SegmentedRaftLogWorker.java:execute(576)) - 4b035f45-7941-40c3-ba2d-1cbecd2d369e@group-FBD9F5E75B36-SegmentedRaftLogWorker: created new log segment /workdir/hadoop-ozone/integration-test/target/test-dir/MiniOzoneClusterImpl-eeadbacc-06c2-472c-a3f4-8a25f61a295a/datanode-3/data/ratis/1b6d7be7-f489-4974-a4e8-fbd9f5e75b36/current/log_inprogress_0
2019-10-17 07:38:09,522 [2636e257-7a47-4bf8-b940-93a028f0c6b6@group-D4575845B26D-LeaderElection13] INFO  impl.LeaderElection (LeaderElection.java:askForVotes(178)) - 2636e257-7a47-4bf8-b940-93a028f0c6b6@group-D4575845B26D-LeaderElection13: begin an election at term 2 for -1: [57d83d75-a41d-4aa4-98a2-4186e05ab504:192.168.34.62:46845, 6befc45b-dcf8-424c-b341-d7aa439c4bd9:192.168.34.62:36500, 2636e257-7a47-4bf8-b940-93a028f0c6b6:192.168.34.62:43946], old=null
2019-10-17 07:38:09,527 [grpc-default-executor-2] INFO  impl.RaftServerImpl (RaftServerImpl.java:setRole(184)) - 57d83d75-a41d-4aa4-98a2-4186e05ab504@group-D4575845B26D: changes role from  FOLLOWER to FOLLOWER at term 2 for recognizeCandidate:2636e257-7a47-4bf8-b940-93a028f0c6b6
2019-10-17 07:38:09,527 [grpc-default-executor-2] INFO  impl.RoleInfo (RoleInfo.java:shutdownFollowerState(121)) - 57d83d75-a41d-4aa4-98a2-4186e05ab504: shutdown FollowerState
2019-10-17 07:38:09,527 [grpc-default-executor-2] INFO  impl.RoleInfo (RoleInfo.java:updateAndGet(143)) - 57d83d75-a41d-4aa4-98a2-4186e05ab504: start FollowerState
2019-10-17 07:38:09,527 [Thread-302] INFO  impl.FollowerState (FollowerState.java:run(117)) - 57d83d75-a41d-4aa4-98a2-4186e05ab504@group-D4575845B26D-FollowerState was interrupted: java.lang.InterruptedException: sleep interrupted
2019-10-17 07:38:09,534 [grpc-default-executor-5] INFO  impl.RaftServerImpl (ServerState.java:setRaftConf(357)) - 05f59524-a4ea-4be4-b99d-fb9eed47142d@group-FBD9F5E75B36: set configuration 0: [05f59524-a4ea-4be4-b99d-fb9eed47142d:192.168.34.62:45919, 4b035f45-7941-40c3-ba2d-1cbecd2d369e:192.168.34.62:45443, 920a4478-64f4-4720-983c-9a2102f3c94b:192.168.34.62:38609], old=null at 0
2019-10-17 07:38:09,534 [grpc-default-executor-6] INFO  impl.RaftServerImpl (ServerState.java:setRaftConf(357)) - 920a4478-64f4-4720-983c-9a2102f3c94b@group-FBD9F5E75B36: set configuration 0: [05f59524-a4ea-4be4-b99d-fb9eed47142d:192.168.34.62:45919, 4b035f45-7941-40c3-ba2d-1cbecd2d369e:192.168.34.62:45443, 920a4478-64f4-4720-983c-9a2102f3c94b:192.168.34.62:38609], old=null at 0
2019-10-17 07:38:09,534 [grpc-default-executor-5] INFO  segmented.SegmentedRaftLogWorker (SegmentedRaftLogWorker.java:startLogSegment(385)) - 05f59524-a4ea-4be4-b99d-fb9eed47142d@group-FBD9F5E75B36-SegmentedRaftLogWorker: Starting segment from index:0
2019-10-17 07:38:09,537 [grpc-default-executor-6] INFO  segmented.SegmentedRaftLogWorker (SegmentedRaftLogWorker.java:truncate(401)) - 920a4478-64f4-4720-983c-9a2102f3c94b@group-FBD9F5E75B36-SegmentedRaftLogWorker: Truncating segments toTruncate: null
  toDelete: [(0, 0) isOpen? true, length=0, newEndIndex=-1], start index 0
2019-10-17 07:38:09,538 [grpc-default-executor-6] INFO  segmented.SegmentedRaftLogWorker (SegmentedRaftLogWorker.java:startLogSegment(385)) - 920a4478-64f4-4720-983c-9a2102f3c94b@group-FBD9F5E75B36-SegmentedRaftLogWorker: Starting segment from index:0
2019-10-17 07:38:09,540 [6befc45b-dcf8-424c-b341-d7aa439c4bd9@group-D4575845B26D-LeaderElection14] INFO  impl.LeaderElection (LeaderElection.java:askForVotes(178)) - 6befc45b-dcf8-424c-b341-d7aa439c4bd9@group-D4575845B26D-LeaderElection14: begin an election at term 2 for -1: [57d83d75-a41d-4aa4-98a2-4186e05ab504:192.168.34.62:46845, 6befc45b-dcf8-424c-b341-d7aa439c4bd9:192.168.34.62:36500, 2636e257-7a47-4bf8-b940-93a028f0c6b6:192.168.34.62:43946], old=null
2019-10-17 07:38:09,540 [920a4478-64f4-4720-983c-9a2102f3c94b@group-FBD9F5E75B36-SegmentedRaftLogWorker] INFO  segmented.SegmentedRaftLogWorker (SegmentedRaftLogWorker.java:execute(640)) - 920a4478-64f4-4720-983c-9a2102f3c94b@group-FBD9F5E75B36-SegmentedRaftLogWorker: Deleted log file /workdir/hadoop-ozone/integration-test/target/test-dir/MiniOzoneClusterImpl-eeadbacc-06c2-472c-a3f4-8a25f61a295a/datanode-2/data/ratis/1b6d7be7-f489-4974-a4e8-fbd9f5e75b36/current/log_inprogress_0
2019-10-17 07:38:09,542 [920a4478-64f4-4720-983c-9a2102f3c94b@group-FBD9F5E75B36-SegmentedRaftLogWorker] INFO  segmented.SegmentedRaftLogWorker (SegmentedRaftLogWorker.java:lambda$new$0(128)) - 920a4478-64f4-4720-983c-9a2102f3c94b@group-FBD9F5E75B36-SegmentedRaftLogWorker: flushIndex: setUnconditionally 0 -> -1
2019-10-17 07:38:09,585 [Thread-316] INFO  impl.FollowerState (FollowerState.java:run(108)) - 57d83d75-a41d-4aa4-98a2-4186e05ab504@group-D4575845B26D-FollowerState: change to CANDIDATE, lastRpcTime:57ms, electionTimeout:39ms
2019-10-17 07:38:09,585 [2636e257-7a47-4bf8-b940-93a028f0c6b6@group-D4575845B26D-LeaderElection13] INFO  impl.LeaderElection (LeaderElection.java:logAndReturn(56)) - 2636e257-7a47-4bf8-b940-93a028f0c6b6@group-D4575845B26D-LeaderElection13: Election TIMEOUT; received 1 response(s) [2636e257-7a47-4bf8-b940-93a028f0c6b6<-6befc45b-dcf8-424c-b341-d7aa439c4bd9#0:FAIL-t2] and 0 exception(s); 2636e257-7a47-4bf8-b940-93a028f0c6b6@group-D4575845B26D:t2, leader=null, voted=2636e257-7a47-4bf8-b940-93a028f0c6b6, raftlog=2636e257-7a47-4bf8-b940-93a028f0c6b6@group-D4575845B26D-SegmentedRaftLog:OPENED:c-1,f-1,i0, conf=-1: [57d83d75-a41d-4aa4-98a2-4186e05ab504:192.168.34.62:46845, 6befc45b-dcf8-424c-b341-d7aa439c4bd9:192.168.34.62:36500, 2636e257-7a47-4bf8-b940-93a028f0c6b6:192.168.34.62:43946], old=null
2019-10-17 07:38:09,587 [Thread-316] INFO  impl.RoleInfo (RoleInfo.java:shutdownFollowerState(121)) - 57d83d75-a41d-4aa4-98a2-4186e05ab504: shutdown FollowerState
2019-10-17 07:38:09,587 [Thread-316] INFO  impl.RaftServerImpl (RaftServerImpl.java:setRole(184)) - 57d83d75-a41d-4aa4-98a2-4186e05ab504@group-D4575845B26D: changes role from  FOLLOWER to CANDIDATE at term 2 for changeToCandidate
2019-10-17 07:38:09,588 [Thread-316] INFO  impl.RoleInfo (RoleInfo.java:updateAndGet(143)) - 57d83d75-a41d-4aa4-98a2-4186e05ab504: start LeaderElection
2019-10-17 07:38:09,611 [05f59524-a4ea-4be4-b99d-fb9eed47142d@group-FBD9F5E75B36-SegmentedRaftLogWorker] INFO  segmented.SegmentedRaftLogWorker (SegmentedRaftLogWorker.java:execute(576)) - 05f59524-a4ea-4be4-b99d-fb9eed47142d@group-FBD9F5E75B36-SegmentedRaftLogWorker: created new log segment /workdir/hadoop-ozone/integration-test/target/test-dir/MiniOzoneClusterImpl-eeadbacc-06c2-472c-a3f4-8a25f61a295a/datanode-1/data/ratis/1b6d7be7-f489-4974-a4e8-fbd9f5e75b36/current/log_inprogress_0
2019-10-17 07:38:09,611 [920a4478-64f4-4720-983c-9a2102f3c94b@group-FBD9F5E75B36-SegmentedRaftLogWorker] INFO  segmented.SegmentedRaftLogWorker (SegmentedRaftLogWorker.java:execute(576)) - 920a4478-64f4-4720-983c-9a2102f3c94b@group-FBD9F5E75B36-SegmentedRaftLogWorker: created new log segment /workdir/hadoop-ozone/integration-test/target/test-dir/MiniOzoneClusterImpl-eeadbacc-06c2-472c-a3f4-8a25f61a295a/datanode-2/data/ratis/1b6d7be7-f489-4974-a4e8-fbd9f5e75b36/current/log_inprogress_0
2019-10-17 07:38:09,647 [57d83d75-a41d-4aa4-98a2-4186e05ab504@group-D4575845B26D-LeaderElection15] INFO  impl.LeaderElection (LeaderElection.java:askForVotes(178)) - 57d83d75-a41d-4aa4-98a2-4186e05ab504@group-D4575845B26D-LeaderElection15: begin an election at term 3 for -1: [57d83d75-a41d-4aa4-98a2-4186e05ab504:192.168.34.62:46845, 6befc45b-dcf8-424c-b341-d7aa439c4bd9:192.168.34.62:36500, 2636e257-7a47-4bf8-b940-93a028f0c6b6:192.168.34.62:43946], old=null
2019-10-17 07:38:09,647 [2636e257-7a47-4bf8-b940-93a028f0c6b6@group-D4575845B26D-LeaderElection13] INFO  impl.LeaderElection (LeaderElection.java:askForVotes(178)) - 2636e257-7a47-4bf8-b940-93a028f0c6b6@group-D4575845B26D-LeaderElection13: begin an election at term 3 for -1: [57d83d75-a41d-4aa4-98a2-4186e05ab504:192.168.34.62:46845, 6befc45b-dcf8-424c-b341-d7aa439c4bd9:192.168.34.62:36500, 2636e257-7a47-4bf8-b940-93a028f0c6b6:192.168.34.62:43946], old=null
2019-10-17 07:38:09,649 [6befc45b-dcf8-424c-b341-d7aa439c4bd9@group-D4575845B26D-LeaderElection14] INFO  impl.LeaderElection (LeaderElection.java:logAndReturn(56)) - 6befc45b-dcf8-424c-b341-d7aa439c4bd9@group-D4575845B26D-LeaderElection14: Election DISCOVERED_A_NEW_TERM; received 2 response(s) [6befc45b-dcf8-424c-b341-d7aa439c4bd9<-57d83d75-a41d-4aa4-98a2-4186e05ab504#0:FAIL-t2, 6befc45b-dcf8-424c-b341-d7aa439c4bd9<-2636e257-7a47-4bf8-b940-93a028f0c6b6#0:FAIL-t3] and 0 exception(s); 6befc45b-dcf8-424c-b341-d7aa439c4bd9@group-D4575845B26D:t2, leader=null, voted=6befc45b-dcf8-424c-b341-d7aa439c4bd9, raftlog=6befc45b-dcf8-424c-b341-d7aa439c4bd9@group-D4575845B26D-SegmentedRaftLog:OPENED:c-1,f-1,i0, conf=-1: [57d83d75-a41d-4aa4-98a2-4186e05ab504:192.168.34.62:46845, 6befc45b-dcf8-424c-b341-d7aa439c4bd9:192.168.34.62:36500, 2636e257-7a47-4bf8-b940-93a028f0c6b6:192.168.34.62:43946], old=null
2019-10-17 07:38:09,649 [6befc45b-dcf8-424c-b341-d7aa439c4bd9@group-D4575845B26D-LeaderElection14] INFO  impl.RaftServerImpl (RaftServerImpl.java:setRole(184)) - 6befc45b-dcf8-424c-b341-d7aa439c4bd9@group-D4575845B26D: changes role from CANDIDATE to FOLLOWER at term 3 for DISCOVERED_A_NEW_TERM
2019-10-17 07:38:09,649 [6befc45b-dcf8-424c-b341-d7aa439c4bd9@group-D4575845B26D-LeaderElection14] INFO  impl.RoleInfo (RoleInfo.java:shutdownLeaderElection(134)) - 6befc45b-dcf8-424c-b341-d7aa439c4bd9: shutdown LeaderElection
2019-10-17 07:38:09,651 [6befc45b-dcf8-424c-b341-d7aa439c4bd9@group-D4575845B26D-LeaderElection14] INFO  impl.RoleInfo (RoleInfo.java:updateAndGet(143)) - 6befc45b-dcf8-424c-b341-d7aa439c4bd9: start FollowerState
2019-10-17 07:38:09,677 [grpc-default-executor-3] INFO  impl.RaftServerImpl (RaftServerImpl.java:setRole(184)) - 6befc45b-dcf8-424c-b341-d7aa439c4bd9@group-D4575845B26D: changes role from  FOLLOWER to FOLLOWER at term 3 for recognizeCandidate:2636e257-7a47-4bf8-b940-93a028f0c6b6
2019-10-17 07:38:09,679 [grpc-default-executor-3] INFO  impl.RoleInfo (RoleInfo.java:shutdownFollowerState(121)) - 6befc45b-dcf8-424c-b341-d7aa439c4bd9: shutdown FollowerState
2019-10-17 07:38:09,681 [grpc-default-executor-3] INFO  impl.RoleInfo (RoleInfo.java:updateAndGet(143)) - 6befc45b-dcf8-424c-b341-d7aa439c4bd9: start FollowerState
2019-10-17 07:38:09,681 [Thread-326] INFO  impl.FollowerState (FollowerState.java:run(117)) - 6befc45b-dcf8-424c-b341-d7aa439c4bd9@group-D4575845B26D-FollowerState was interrupted: java.lang.InterruptedException: sleep interrupted
2019-10-17 07:38:09,708 [2636e257-7a47-4bf8-b940-93a028f0c6b6@group-D4575845B26D-LeaderElection13] INFO  impl.LeaderElection (LeaderElection.java:logAndReturn(56)) - 2636e257-7a47-4bf8-b940-93a028f0c6b6@group-D4575845B26D-LeaderElection13: Election PASSED; received 2 response(s) [2636e257-7a47-4bf8-b940-93a028f0c6b6<-57d83d75-a41d-4aa4-98a2-4186e05ab504#0:FAIL-t3, 2636e257-7a47-4bf8-b940-93a028f0c6b6<-6befc45b-dcf8-424c-b341-d7aa439c4bd9#0:OK-t3] and 0 exception(s); 2636e257-7a47-4bf8-b940-93a028f0c6b6@group-D4575845B26D:t3, leader=null, voted=2636e257-7a47-4bf8-b940-93a028f0c6b6, raftlog=2636e257-7a47-4bf8-b940-93a028f0c6b6@group-D4575845B26D-SegmentedRaftLog:OPENED:c-1,f-1,i0, conf=-1: [57d83d75-a41d-4aa4-98a2-4186e05ab504:192.168.34.62:46845, 6befc45b-dcf8-424c-b341-d7aa439c4bd9:192.168.34.62:36500, 2636e257-7a47-4bf8-b940-93a028f0c6b6:192.168.34.62:43946], old=null
2019-10-17 07:38:09,709 [2636e257-7a47-4bf8-b940-93a028f0c6b6@group-D4575845B26D-LeaderElection13] INFO  impl.RoleInfo (RoleInfo.java:shutdownLeaderElection(134)) - 2636e257-7a47-4bf8-b940-93a028f0c6b6: shutdown LeaderElection
2019-10-17 07:38:09,710 [2636e257-7a47-4bf8-b940-93a028f0c6b6@group-D4575845B26D-LeaderElection13] INFO  impl.RaftServerImpl (RaftServerImpl.java:setRole(184)) - 2636e257-7a47-4bf8-b940-93a028f0c6b6@group-D4575845B26D: changes role from CANDIDATE to LEADER at term 3 for changeToLeader
2019-10-17 07:38:09,710 [2636e257-7a47-4bf8-b940-93a028f0c6b6@group-D4575845B26D-LeaderElection13] INFO  ratis.XceiverServerRatis (XceiverServerRatis.java:handleLeaderChangedNotification(699)) - Leader change notification received for group: group-D4575845B26D with new leaderId: 2636e257-7a47-4bf8-b940-93a028f0c6b6
2019-10-17 07:38:09,711 [2636e257-7a47-4bf8-b940-93a028f0c6b6@group-D4575845B26D-LeaderElection13] INFO  impl.RaftServerImpl (ServerState.java:setLeader(256)) - 2636e257-7a47-4bf8-b940-93a028f0c6b6@group-D4575845B26D: change Leader from null to 2636e257-7a47-4bf8-b940-93a028f0c6b6 at term 3 for becomeLeader, leader elected after 552ms
2019-10-17 07:38:09,711 [2636e257-7a47-4bf8-b940-93a028f0c6b6@group-D4575845B26D-LeaderElection13] INFO  server.RaftServerConfigKeys (ConfUtils.java:logGet(43)) - raft.server.staging.catchup.gap = 1000 (default)
2019-10-17 07:38:09,711 [57d83d75-a41d-4aa4-98a2-4186e05ab504@group-D4575845B26D-LeaderElection15] INFO  impl.LeaderElection (LeaderElection.java:logAndReturn(56)) - 57d83d75-a41d-4aa4-98a2-4186e05ab504@group-D4575845B26D-LeaderElection15: Election REJECTED; received 2 response(s) [57d83d75-a41d-4aa4-98a2-4186e05ab504<-6befc45b-dcf8-424c-b341-d7aa439c4bd9#0:FAIL-t3, 57d83d75-a41d-4aa4-98a2-4186e05ab504<-2636e257-7a47-4bf8-b940-93a028f0c6b6#0:FAIL-t3] and 0 exception(s); 57d83d75-a41d-4aa4-98a2-4186e05ab504@group-D4575845B26D:t3, leader=null, voted=57d83d75-a41d-4aa4-98a2-4186e05ab504, raftlog=57d83d75-a41d-4aa4-98a2-4186e05ab504@group-D4575845B26D-SegmentedRaftLog:OPENED:c-1,f-1,i0, conf=-1: [57d83d75-a41d-4aa4-98a2-4186e05ab504:192.168.34.62:46845, 6befc45b-dcf8-424c-b341-d7aa439c4bd9:192.168.34.62:36500, 2636e257-7a47-4bf8-b940-93a028f0c6b6:192.168.34.62:43946], old=null
2019-10-17 07:38:09,711 [2636e257-7a47-4bf8-b940-93a028f0c6b6@group-D4575845B26D-LeaderElection13] INFO  server.RaftServerConfigKeys (ConfUtils.java:logGet(43)) - raft.server.rpc.sleep.time = 25ms (default)
2019-10-17 07:38:09,712 [57d83d75-a41d-4aa4-98a2-4186e05ab504@group-D4575845B26D-LeaderElection15] INFO  impl.RaftServerImpl (RaftServerImpl.java:setRole(184)) - 57d83d75-a41d-4aa4-98a2-4186e05ab504@group-D4575845B26D: changes role from CANDIDATE to FOLLOWER at term 3 for DISCOVERED_A_NEW_TERM
2019-10-17 07:38:09,715 [57d83d75-a41d-4aa4-98a2-4186e05ab504@group-D4575845B26D-LeaderElection15] INFO  impl.RoleInfo (RoleInfo.java:shutdownLeaderElection(134)) - 57d83d75-a41d-4aa4-98a2-4186e05ab504: shutdown LeaderElection
2019-10-17 07:38:09,715 [2636e257-7a47-4bf8-b940-93a028f0c6b6@group-D4575845B26D-LeaderElection13] INFO  server.RaftServerConfigKeys (ConfUtils.java:logGet(43)) - raft.server.write.element-limit = 4096 (default)
2019-10-17 07:38:09,716 [57d83d75-a41d-4aa4-98a2-4186e05ab504@group-D4575845B26D-LeaderElection15] INFO  impl.RoleInfo (RoleInfo.java:updateAndGet(143)) - 57d83d75-a41d-4aa4-98a2-4186e05ab504: start FollowerState
2019-10-17 07:38:09,716 [2636e257-7a47-4bf8-b940-93a028f0c6b6@group-D4575845B26D-LeaderElection13] INFO  server.RaftServerConfigKeys (ConfUtils.java:logGet(43)) - raft.server.watch.timeout = 10s (default)
2019-10-17 07:38:09,716 [2636e257-7a47-4bf8-b940-93a028f0c6b6@group-D4575845B26D-LeaderElection13] INFO  server.RaftServerConfigKeys (ConfUtils.java:logGet(43)) - raft.server.watch.timeout.denomination = 1s (default)
2019-10-17 07:38:09,718 [2636e257-7a47-4bf8-b940-93a028f0c6b6@group-D4575845B26D-LeaderElection13] INFO  server.RaftServerConfigKeys (ConfUtils.java:logGet(43)) - raft.server.watch.element-limit = 65536 (default)
2019-10-17 07:38:09,718 [EventQueue-PipelineReportForPipelineReportHandler] INFO  pipeline.PipelineReportHandler (PipelineReportHandler.java:processPipelineReport(119)) - Pipeline PipelineID=833f9adb-1cb2-4653-a446-d4575845b26d reported by 2636e257-7a47-4bf8-b940-93a028f0c6b6{ip: 192.168.34.62, host: pr-hdds-1868-lzclr-202649289, networkLocation: /default-rack, certSerialId: null} with leaderId 2636e257-7a47-4bf8-b940-93a028f0c6b6
2019-10-17 07:38:09,721 [2636e257-7a47-4bf8-b940-93a028f0c6b6@group-D4575845B26D-LeaderElection13] INFO  server.RaftServerConfigKeys (ConfUtils.java:logGet(43)) - raft.server.log.appender.snapshot.chunk.size.max = 16MB (=16777216) (default)
2019-10-17 07:38:09,721 [2636e257-7a47-4bf8-b940-93a028f0c6b6@group-D4575845B26D-LeaderElection13] INFO  server.RaftServerConfigKeys (ConfUtils.java:logGet(43)) - raft.server.log.appender.buffer.byte-limit = 33554432 (custom)
2019-10-17 07:38:09,721 [2636e257-7a47-4bf8-b940-93a028f0c6b6@group-D4575845B26D-LeaderElection13] INFO  server.RaftServerConfigKeys (ConfUtils.java:logGet(43)) - raft.server.log.appender.buffer.element-limit = 1 (custom)
2019-10-17 07:38:09,722 [2636e257-7a47-4bf8-b940-93a028f0c6b6@group-D4575845B26D-LeaderElection13] INFO  grpc.GrpcConfigKeys$Server (ConfUtils.java:logGet(43)) - raft.grpc.server.leader.outstanding.appends.max = 128 (default)
2019-10-17 07:38:09,722 [2636e257-7a47-4bf8-b940-93a028f0c6b6@group-D4575845B26D-LeaderElection13] INFO  server.RaftServerConfigKeys (ConfUtils.java:logGet(43)) - raft.server.rpc.request.timeout = 3000ms (default)
2019-10-17 07:38:09,722 [2636e257-7a47-4bf8-b940-93a028f0c6b6@group-D4575845B26D-LeaderElection13] INFO  server.RaftServerConfigKeys (ConfUtils.java:logGet(43)) - raft.server.log.appender.install.snapshot.enabled = false (custom)
2019-10-17 07:38:09,725 [2636e257-7a47-4bf8-b940-93a028f0c6b6@group-D4575845B26D-LeaderElection13] INFO  server.RaftServerConfigKeys (ConfUtils.java:logGet(43)) - raft.server.log.appender.snapshot.chunk.size.max = 16MB (=16777216) (default)
2019-10-17 07:38:09,725 [2636e257-7a47-4bf8-b940-93a028f0c6b6@group-D4575845B26D-LeaderElection13] INFO  server.RaftServerConfigKeys (ConfUtils.java:logGet(43)) - raft.server.log.appender.buffer.byte-limit = 33554432 (custom)
2019-10-17 07:38:09,725 [2636e257-7a47-4bf8-b940-93a028f0c6b6@group-D4575845B26D-LeaderElection13] INFO  server.RaftServerConfigKeys (ConfUtils.java:logGet(43)) - raft.server.log.appender.buffer.element-limit = 1 (custom)
2019-10-17 07:38:09,726 [2636e257-7a47-4bf8-b940-93a028f0c6b6@group-D4575845B26D-LeaderElection13] INFO  grpc.GrpcConfigKeys$Server (ConfUtils.java:logGet(43)) - raft.grpc.server.leader.outstanding.appends.max = 128 (default)
2019-10-17 07:38:09,726 [2636e257-7a47-4bf8-b940-93a028f0c6b6@group-D4575845B26D-LeaderElection13] INFO  server.RaftServerConfigKeys (ConfUtils.java:logGet(43)) - raft.server.rpc.request.timeout = 3000ms (default)
2019-10-17 07:38:09,726 [2636e257-7a47-4bf8-b940-93a028f0c6b6@group-D4575845B26D-LeaderElection13] INFO  server.RaftServerConfigKeys (ConfUtils.java:logGet(43)) - raft.server.log.appender.install.snapshot.enabled = false (custom)
2019-10-17 07:38:09,729 [2636e257-7a47-4bf8-b940-93a028f0c6b6@group-D4575845B26D-LeaderElection13] INFO  impl.RoleInfo (RoleInfo.java:updateAndGet(143)) - 2636e257-7a47-4bf8-b940-93a028f0c6b6: start LeaderState
2019-10-17 07:38:09,729 [Thread-327] INFO  impl.FollowerState (FollowerState.java:run(108)) - 6befc45b-dcf8-424c-b341-d7aa439c4bd9@group-D4575845B26D-FollowerState: change to CANDIDATE, lastRpcTime:48ms, electionTimeout:46ms
2019-10-17 07:38:09,729 [2636e257-7a47-4bf8-b940-93a028f0c6b6@group-D4575845B26D-LeaderElection13] INFO  segmented.SegmentedRaftLogWorker (SegmentedRaftLogWorker.java:startLogSegment(385)) - 2636e257-7a47-4bf8-b940-93a028f0c6b6@group-D4575845B26D-SegmentedRaftLogWorker: Starting segment from index:0
2019-10-17 07:38:09,729 [Thread-327] INFO  impl.RoleInfo (RoleInfo.java:shutdownFollowerState(121)) - 6befc45b-dcf8-424c-b341-d7aa439c4bd9: shutdown FollowerState
2019-10-17 07:38:09,730 [Thread-327] INFO  impl.RaftServerImpl (RaftServerImpl.java:setRole(184)) - 6befc45b-dcf8-424c-b341-d7aa439c4bd9@group-D4575845B26D: changes role from  FOLLOWER to CANDIDATE at term 3 for changeToCandidate
2019-10-17 07:38:09,730 [Thread-327] INFO  impl.RoleInfo (RoleInfo.java:updateAndGet(143)) - 6befc45b-dcf8-424c-b341-d7aa439c4bd9: start LeaderElection
2019-10-17 07:38:09,730 [2636e257-7a47-4bf8-b940-93a028f0c6b6@group-D4575845B26D-LeaderElection13] INFO  impl.RaftServerImpl (ServerState.java:setRaftConf(357)) - 2636e257-7a47-4bf8-b940-93a028f0c6b6@group-D4575845B26D: set configuration 0: [57d83d75-a41d-4aa4-98a2-4186e05ab504:192.168.34.62:46845, 6befc45b-dcf8-424c-b341-d7aa439c4bd9:192.168.34.62:36500, 2636e257-7a47-4bf8-b940-93a028f0c6b6:192.168.34.62:43946], old=null at 0
2019-10-17 07:38:09,766 [grpc-default-executor-3] INFO  ratis.XceiverServerRatis (XceiverServerRatis.java:handleLeaderChangedNotification(699)) - Leader change notification received for group: group-D4575845B26D with new leaderId: 2636e257-7a47-4bf8-b940-93a028f0c6b6
2019-10-17 07:38:09,767 [grpc-default-executor-3] INFO  impl.RaftServerImpl (ServerState.java:setLeader(256)) - 57d83d75-a41d-4aa4-98a2-4186e05ab504@group-D4575845B26D: change Leader from null to 2636e257-7a47-4bf8-b940-93a028f0c6b6 at term 3 for appendEntries, leader elected after 609ms
2019-10-17 07:38:09,772 [EventQueue-PipelineReportForPipelineReportHandler] INFO  pipeline.PipelineReportHandler (PipelineReportHandler.java:processPipelineReport(119)) - Pipeline PipelineID=833f9adb-1cb2-4653-a446-d4575845b26d reported by 57d83d75-a41d-4aa4-98a2-4186e05ab504{ip: 192.168.34.62, host: pr-hdds-1868-lzclr-202649289, networkLocation: /default-rack, certSerialId: null} with leaderId 2636e257-7a47-4bf8-b940-93a028f0c6b6
2019-10-17 07:38:09,775 [grpc-default-executor-3] INFO  impl.RaftServerImpl (ServerState.java:setRaftConf(357)) - 57d83d75-a41d-4aa4-98a2-4186e05ab504@group-D4575845B26D: set configuration 0: [57d83d75-a41d-4aa4-98a2-4186e05ab504:192.168.34.62:46845, 6befc45b-dcf8-424c-b341-d7aa439c4bd9:192.168.34.62:36500, 2636e257-7a47-4bf8-b940-93a028f0c6b6:192.168.34.62:43946], old=null at 0
2019-10-17 07:38:09,776 [grpc-default-executor-3] INFO  segmented.SegmentedRaftLogWorker (SegmentedRaftLogWorker.java:startLogSegment(385)) - 57d83d75-a41d-4aa4-98a2-4186e05ab504@group-D4575845B26D-SegmentedRaftLogWorker: Starting segment from index:0
2019-10-17 07:38:09,797 [2636e257-7a47-4bf8-b940-93a028f0c6b6@group-D4575845B26D-SegmentedRaftLogWorker] INFO  segmented.SegmentedRaftLogWorker (SegmentedRaftLogWorker.java:execute(576)) - 2636e257-7a47-4bf8-b940-93a028f0c6b6@group-D4575845B26D-SegmentedRaftLogWorker: created new log segment /workdir/hadoop-ozone/integration-test/target/test-dir/MiniOzoneClusterImpl-eeadbacc-06c2-472c-a3f4-8a25f61a295a/datanode-5/data/ratis/833f9adb-1cb2-4653-a446-d4575845b26d/current/log_inprogress_0
2019-10-17 07:38:09,797 [6befc45b-dcf8-424c-b341-d7aa439c4bd9@group-D4575845B26D-LeaderElection16] INFO  impl.LeaderElection (LeaderElection.java:askForVotes(178)) - 6befc45b-dcf8-424c-b341-d7aa439c4bd9@group-D4575845B26D-LeaderElection16: begin an election at term 4 for -1: [57d83d75-a41d-4aa4-98a2-4186e05ab504:192.168.34.62:46845, 6befc45b-dcf8-424c-b341-d7aa439c4bd9:192.168.34.62:36500, 2636e257-7a47-4bf8-b940-93a028f0c6b6:192.168.34.62:43946], old=null
2019-10-17 07:38:09,832 [Thread-328] INFO  impl.RaftServerImpl (ServerState.java:setLeader(256)) - 2636e257-7a47-4bf8-b940-93a028f0c6b6@group-D4575845B26D: change Leader from 2636e257-7a47-4bf8-b940-93a028f0c6b6 to null at term 4 for updateCurrentTerm
2019-10-17 07:38:09,833 [grpc-default-executor-2] INFO  impl.RaftServerImpl (ServerState.java:setLeader(256)) - 57d83d75-a41d-4aa4-98a2-4186e05ab504@group-D4575845B26D: change Leader from 2636e257-7a47-4bf8-b940-93a028f0c6b6 to null at term 4 for updateCurrentTerm
2019-10-17 07:38:09,833 [Thread-328] INFO  impl.RaftServerImpl (RaftServerImpl.java:setRole(184)) - 2636e257-7a47-4bf8-b940-93a028f0c6b6@group-D4575845B26D: changes role from    LEADER to FOLLOWER at term 4 for stepDown
2019-10-17 07:38:09,834 [grpc-default-executor-2] INFO  impl.RaftServerImpl (RaftServerImpl.java:setRole(184)) - 57d83d75-a41d-4aa4-98a2-4186e05ab504@group-D4575845B26D: changes role from  FOLLOWER to FOLLOWER at term 4 for recognizeCandidate:6befc45b-dcf8-424c-b341-d7aa439c4bd9
2019-10-17 07:38:09,834 [Thread-328] INFO  impl.RoleInfo (RoleInfo.java:shutdownLeaderState(104)) - 2636e257-7a47-4bf8-b940-93a028f0c6b6: shutdown LeaderState
2019-10-17 07:38:09,834 [grpc-default-executor-2] INFO  impl.RoleInfo (RoleInfo.java:shutdownFollowerState(121)) - 57d83d75-a41d-4aa4-98a2-4186e05ab504: shutdown FollowerState
2019-10-17 07:38:09,836 [org.apache.ratis.server.impl.LogAppender$AppenderDaemon$$Lambda$421/655825463@323cd1f] WARN  server.GrpcLogAppender (GrpcLogAppender.java:mayWait(149)) - 2636e257-7a47-4bf8-b940-93a028f0c6b6@group-D4575845B26D->57d83d75-a41d-4aa4-98a2-4186e05ab504-GrpcLogAppender: Wait interrupted by java.lang.InterruptedException
2019-10-17 07:38:09,836 [org.apache.ratis.server.impl.LogAppender$AppenderDaemon$$Lambda$421/655825463@52f4245f] WARN  server.GrpcLogAppender (GrpcLogAppender.java:mayWait(149)) - 2636e257-7a47-4bf8-b940-93a028f0c6b6@group-D4575845B26D->6befc45b-dcf8-424c-b341-d7aa439c4bd9-GrpcLogAppender: Wait interrupted by java.lang.InterruptedException
2019-10-17 07:38:09,836 [Thread-329] INFO  impl.FollowerState (FollowerState.java:run(117)) - 57d83d75-a41d-4aa4-98a2-4186e05ab504@group-D4575845B26D-FollowerState was interrupted: java.lang.InterruptedException: sleep interrupted
2019-10-17 07:38:09,836 [grpc-default-executor-2] INFO  impl.RoleInfo (RoleInfo.java:updateAndGet(143)) - 57d83d75-a41d-4aa4-98a2-4186e05ab504: start FollowerState
2019-10-17 07:38:09,836 [Thread-328] INFO  impl.PendingRequests (PendingRequests.java:sendNotLeaderResponses(202)) - 2636e257-7a47-4bf8-b940-93a028f0c6b6@group-D4575845B26D-PendingRequests: sendNotLeaderResponses
2019-10-17 07:38:09,840 [Thread-328] INFO  impl.RoleInfo (RoleInfo.java:updateAndGet(143)) - 2636e257-7a47-4bf8-b940-93a028f0c6b6: start FollowerState
2019-10-17 07:38:09,841 [grpc-default-executor-6] INFO  server.GrpcServerProtocolService (GrpcServerProtocolService.java:onCompleted(113)) - 6befc45b-dcf8-424c-b341-d7aa439c4bd9: Completed APPEND_ENTRIES, lastRequest: 2636e257-7a47-4bf8-b940-93a028f0c6b6->6befc45b-dcf8-424c-b341-d7aa439c4bd9#0-t3, previous=(t:0, i:0), leaderCommit=-1, initializing? false, entries: <empty>
2019-10-17 07:38:09,842 [grpc-default-executor-3] INFO  server.GrpcServerProtocolService (GrpcServerProtocolService.java:onCompleted(113)) - 57d83d75-a41d-4aa4-98a2-4186e05ab504: Completed APPEND_ENTRIES, lastRequest: 2636e257-7a47-4bf8-b940-93a028f0c6b6->57d83d75-a41d-4aa4-98a2-4186e05ab504#1-t3, previous=(t:0, i:0), leaderCommit=-1, initializing? false, entries: size=1, first=(t:3, i:0), CONFIGURATIONENTRY
2019-10-17 07:38:09,843 [grpc-default-executor-3] INFO  server.GrpcLogAppender (GrpcLogAppender.java:onCompleted(308)) - 2636e257-7a47-4bf8-b940-93a028f0c6b6@group-D4575845B26D->6befc45b-dcf8-424c-b341-d7aa439c4bd9-AppendLogResponseHandler: follower responses appendEntries COMPLETED
2019-10-17 07:38:09,846 [grpc-default-executor-6] INFO  server.GrpcLogAppender (GrpcLogAppender.java:onCompleted(308)) - 2636e257-7a47-4bf8-b940-93a028f0c6b6@group-D4575845B26D->57d83d75-a41d-4aa4-98a2-4186e05ab504-AppendLogResponseHandler: follower responses appendEntries COMPLETED
2019-10-17 07:38:09,847 [grpc-default-executor-3] INFO  impl.FollowerInfo (FollowerInfo.java:lambda$new$0(51)) - 2636e257-7a47-4bf8-b940-93a028f0c6b6@group-D4575845B26D->6befc45b-dcf8-424c-b341-d7aa439c4bd9: nextIndex: updateUnconditionally 0 -> 0
2019-10-17 07:38:09,849 [grpc-default-executor-6] INFO  impl.FollowerInfo (FollowerInfo.java:lambda$new$0(51)) - 2636e257-7a47-4bf8-b940-93a028f0c6b6@group-D4575845B26D->57d83d75-a41d-4aa4-98a2-4186e05ab504: nextIndex: updateUnconditionally 1 -> 0
2019-10-17 07:38:09,862 [Thread-224] INFO  container.ReplicationManager (ReplicationManager.java:start(162)) - Starting Replication Monitor Thread.
2019-10-17 07:38:09,864 [Thread-224] INFO  pipeline.SCMPipelineManager (SCMPipelineManager.java:finalizeAndDestroyPipeline(315)) - destroying pipeline:Pipeline[ Id: 833f9adb-1cb2-4653-a446-d4575845b26d, Nodes: 2636e257-7a47-4bf8-b940-93a028f0c6b6{ip: 192.168.34.62, host: pr-hdds-1868-lzclr-202649289, networkLocation: /default-rack, certSerialId: null}6befc45b-dcf8-424c-b341-d7aa439c4bd9{ip: 192.168.34.62, host: pr-hdds-1868-lzclr-202649289, networkLocation: /default-rack, certSerialId: null}57d83d75-a41d-4aa4-98a2-4186e05ab504{ip: 192.168.34.62, host: pr-hdds-1868-lzclr-202649289, networkLocation: /default-rack, certSerialId: null}, Type:RATIS, Factor:THREE, State:ALLOCATED]
2019-10-17 07:38:09,864 [ReplicationMonitor] INFO  container.ReplicationManager (ReplicationManager.java:run(225)) - Replication Monitor Thread took 1 milliseconds for processing 0 containers.
2019-10-17 07:38:09,867 [Thread-224] INFO  pipeline.PipelineStateManager (PipelineStateManager.java:finalizePipeline(121)) - Pipeline Pipeline[ Id: 833f9adb-1cb2-4653-a446-d4575845b26d, Nodes: 2636e257-7a47-4bf8-b940-93a028f0c6b6{ip: 192.168.34.62, host: pr-hdds-1868-lzclr-202649289, networkLocation: /default-rack, certSerialId: null}6befc45b-dcf8-424c-b341-d7aa439c4bd9{ip: 192.168.34.62, host: pr-hdds-1868-lzclr-202649289, networkLocation: /default-rack, certSerialId: null}57d83d75-a41d-4aa4-98a2-4186e05ab504{ip: 192.168.34.62, host: pr-hdds-1868-lzclr-202649289, networkLocation: /default-rack, certSerialId: null}, Type:RATIS, Factor:THREE, State:CLOSED] moved to CLOSED state
2019-10-17 07:38:09,874 [57d83d75-a41d-4aa4-98a2-4186e05ab504@group-D4575845B26D-SegmentedRaftLogWorker] INFO  segmented.SegmentedRaftLogWorker (SegmentedRaftLogWorker.java:execute(576)) - 57d83d75-a41d-4aa4-98a2-4186e05ab504@group-D4575845B26D-SegmentedRaftLogWorker: created new log segment /workdir/hadoop-ozone/integration-test/target/test-dir/MiniOzoneClusterImpl-eeadbacc-06c2-472c-a3f4-8a25f61a295a/datanode-4/data/ratis/833f9adb-1cb2-4653-a446-d4575845b26d/current/log_inprogress_0
2019-10-17 07:38:09,875 [grpc-default-executor-5] INFO  impl.RaftServerImpl (RaftServerImpl.java:setRole(184)) - 2636e257-7a47-4bf8-b940-93a028f0c6b6@group-D4575845B26D: changes role from  FOLLOWER to FOLLOWER at term 4 for recognizeCandidate:6befc45b-dcf8-424c-b341-d7aa439c4bd9
2019-10-17 07:38:09,877 [grpc-default-executor-5] INFO  impl.RoleInfo (RoleInfo.java:shutdownFollowerState(121)) - 2636e257-7a47-4bf8-b940-93a028f0c6b6: shutdown FollowerState
2019-10-17 07:38:09,877 [Thread-339] INFO  impl.FollowerState (FollowerState.java:run(117)) - 2636e257-7a47-4bf8-b940-93a028f0c6b6@group-D4575845B26D-FollowerState was interrupted: java.lang.InterruptedException: sleep interrupted
2019-10-17 07:38:09,877 [grpc-default-executor-5] INFO  impl.RoleInfo (RoleInfo.java:updateAndGet(143)) - 2636e257-7a47-4bf8-b940-93a028f0c6b6: start FollowerState
2019-10-17 07:38:09,883 [6befc45b-dcf8-424c-b341-d7aa439c4bd9@group-D4575845B26D-LeaderElection16] INFO  impl.LeaderElection (LeaderElection.java:logAndReturn(56)) - 6befc45b-dcf8-424c-b341-d7aa439c4bd9@group-D4575845B26D-LeaderElection16: Election REJECTED; received 2 response(s) [6befc45b-dcf8-424c-b341-d7aa439c4bd9<-57d83d75-a41d-4aa4-98a2-4186e05ab504#0:FAIL-t4, 6befc45b-dcf8-424c-b341-d7aa439c4bd9<-2636e257-7a47-4bf8-b940-93a028f0c6b6#0:FAIL-t4] and 0 exception(s); 6befc45b-dcf8-424c-b341-d7aa439c4bd9@group-D4575845B26D:t4, leader=null, voted=6befc45b-dcf8-424c-b341-d7aa439c4bd9, raftlog=6befc45b-dcf8-424c-b341-d7aa439c4bd9@group-D4575845B26D-SegmentedRaftLog:OPENED:c-1,f-1,i0, conf=-1: [57d83d75-a41d-4aa4-98a2-4186e05ab504:192.168.34.62:46845, 6befc45b-dcf8-424c-b341-d7aa439c4bd9:192.168.34.62:36500, 2636e257-7a47-4bf8-b940-93a028f0c6b6:192.168.34.62:43946], old=null
2019-10-17 07:38:09,883 [6befc45b-dcf8-424c-b341-d7aa439c4bd9@group-D4575845B26D-LeaderElection16] INFO  impl.RaftServerImpl (RaftServerImpl.java:setRole(184)) - 6befc45b-dcf8-424c-b341-d7aa439c4bd9@group-D4575845B26D: changes role from CANDIDATE to FOLLOWER at term 4 for DISCOVERED_A_NEW_TERM
2019-10-17 07:38:09,886 [6befc45b-dcf8-424c-b341-d7aa439c4bd9@group-D4575845B26D-LeaderElection16] INFO  impl.RoleInfo (RoleInfo.java:shutdownLeaderElection(134)) - 6befc45b-dcf8-424c-b341-d7aa439c4bd9: shutdown LeaderElection
2019-10-17 07:38:09,886 [6befc45b-dcf8-424c-b341-d7aa439c4bd9@group-D4575845B26D-LeaderElection16] INFO  impl.RoleInfo (RoleInfo.java:updateAndGet(143)) - 6befc45b-dcf8-424c-b341-d7aa439c4bd9: start FollowerState
2019-10-17 07:38:09,899 [grpc-default-executor-5] INFO  impl.RaftServerProxy (RaftServerProxy.java:remove(95)) - 2636e257-7a47-4bf8-b940-93a028f0c6b6: remove  FOLLOWER 2636e257-7a47-4bf8-b940-93a028f0c6b6@group-D4575845B26D:t4, leader=null, voted=null, raftlog=2636e257-7a47-4bf8-b940-93a028f0c6b6@group-D4575845B26D-SegmentedRaftLog:OPENED:c-1,f0,i0, conf=0: [57d83d75-a41d-4aa4-98a2-4186e05ab504:192.168.34.62:46845, 6befc45b-dcf8-424c-b341-d7aa439c4bd9:192.168.34.62:36500, 2636e257-7a47-4bf8-b940-93a028f0c6b6:192.168.34.62:43946], old=null RUNNING
2019-10-17 07:38:09,903 [grpc-default-executor-5] INFO  impl.RaftServerImpl (RaftServerImpl.java:lambda$shutdown$3(261)) - 2636e257-7a47-4bf8-b940-93a028f0c6b6@group-D4575845B26D: shutdown
2019-10-17 07:38:09,903 [grpc-default-executor-5] INFO  util.JmxRegister (JmxRegister.java:unregister(73)) - Successfully un-registered JMX Bean with object name Ratis:service=RaftServer,group=group-D4575845B26D,id=2636e257-7a47-4bf8-b940-93a028f0c6b6
2019-10-17 07:38:09,904 [grpc-default-executor-5] INFO  impl.RoleInfo (RoleInfo.java:shutdownFollowerState(121)) - 2636e257-7a47-4bf8-b940-93a028f0c6b6: shutdown FollowerState
2019-10-17 07:38:09,904 [grpc-default-executor-5] INFO  impl.StateMachineUpdater (StateMachineUpdater.java:stopAndJoin(136)) - 2636e257-7a47-4bf8-b940-93a028f0c6b6@group-D4575845B26D-StateMachineUpdater: set stopIndex = -1
2019-10-17 07:38:09,904 [Thread-341] INFO  impl.FollowerState (FollowerState.java:run(117)) - 2636e257-7a47-4bf8-b940-93a028f0c6b6@group-D4575845B26D-FollowerState was interrupted: java.lang.InterruptedException: sleep interrupted
2019-10-17 07:38:09,907 [grpc-default-executor-5] INFO  impl.RaftServerImpl (ServerState.java:close(388)) - 2636e257-7a47-4bf8-b940-93a028f0c6b6@group-D4575845B26D: closes. applyIndex: -1
2019-10-17 07:38:09,908 [2636e257-7a47-4bf8-b940-93a028f0c6b6@group-D4575845B26D-SegmentedRaftLogWorker] INFO  segmented.SegmentedRaftLogWorker (SegmentedRaftLogWorker.java:run(316)) - 2636e257-7a47-4bf8-b940-93a028f0c6b6@group-D4575845B26D-SegmentedRaftLogWorker was interrupted, exiting. There are 0 tasks remaining in the queue.
2019-10-17 07:38:09,911 [grpc-default-executor-5] INFO  segmented.SegmentedRaftLogWorker (SegmentedRaftLogWorker.java:close(224)) - 2636e257-7a47-4bf8-b940-93a028f0c6b6@group-D4575845B26D-SegmentedRaftLogWorker close()
2019-10-17 07:38:10,017 [Thread-342] INFO  impl.FollowerState (FollowerState.java:run(108)) - 6befc45b-dcf8-424c-b341-d7aa439c4bd9@group-D4575845B26D-FollowerState: change to CANDIDATE, lastRpcTime:123ms, electionTimeout:34ms
2019-10-17 07:38:10,017 [Thread-342] INFO  impl.RoleInfo (RoleInfo.java:shutdownFollowerState(121)) - 6befc45b-dcf8-424c-b341-d7aa439c4bd9: shutdown FollowerState
2019-10-17 07:38:10,017 [Thread-342] INFO  impl.RaftServerImpl (RaftServerImpl.java:setRole(184)) - 6befc45b-dcf8-424c-b341-d7aa439c4bd9@group-D4575845B26D: changes role from  FOLLOWER to CANDIDATE at term 4 for changeToCandidate
2019-10-17 07:38:10,018 [Thread-342] INFO  impl.RoleInfo (RoleInfo.java:updateAndGet(143)) - 6befc45b-dcf8-424c-b341-d7aa439c4bd9: start LeaderElection
2019-10-17 07:38:10,047 [grpc-default-executor-5] INFO  impl.RaftServerProxy (RaftServerProxy.java:remove(95)) - 6befc45b-dcf8-424c-b341-d7aa439c4bd9: remove CANDIDATE 6befc45b-dcf8-424c-b341-d7aa439c4bd9@group-D4575845B26D:t5, leader=null, voted=6befc45b-dcf8-424c-b341-d7aa439c4bd9, raftlog=6befc45b-dcf8-424c-b341-d7aa439c4bd9@group-D4575845B26D-SegmentedRaftLog:OPENED:c-1,f-1,i0, conf=-1: [57d83d75-a41d-4aa4-98a2-4186e05ab504:192.168.34.62:46845, 6befc45b-dcf8-424c-b341-d7aa439c4bd9:192.168.34.62:36500, 2636e257-7a47-4bf8-b940-93a028f0c6b6:192.168.34.62:43946], old=null RUNNING
2019-10-17 07:38:10,048 [grpc-default-executor-5] INFO  impl.RaftServerImpl (RaftServerImpl.java:lambda$shutdown$3(261)) - 6befc45b-dcf8-424c-b341-d7aa439c4bd9@group-D4575845B26D: shutdown
2019-10-17 07:38:10,048 [grpc-default-executor-5] INFO  util.JmxRegister (JmxRegister.java:unregister(73)) - Successfully un-registered JMX Bean with object name Ratis:service=RaftServer,group=group-D4575845B26D,id=6befc45b-dcf8-424c-b341-d7aa439c4bd9
2019-10-17 07:38:10,048 [grpc-default-executor-5] INFO  impl.RoleInfo (RoleInfo.java:shutdownLeaderElection(134)) - 6befc45b-dcf8-424c-b341-d7aa439c4bd9: shutdown LeaderElection
2019-10-17 07:38:10,048 [grpc-default-executor-5] INFO  impl.StateMachineUpdater (StateMachineUpdater.java:stopAndJoin(136)) - 6befc45b-dcf8-424c-b341-d7aa439c4bd9@group-D4575845B26D-StateMachineUpdater: set stopIndex = -1
2019-10-17 07:38:10,049 [grpc-default-executor-5] INFO  impl.RaftServerImpl (ServerState.java:close(388)) - 6befc45b-dcf8-424c-b341-d7aa439c4bd9@group-D4575845B26D: closes. applyIndex: -1
2019-10-17 07:38:10,049 [6befc45b-dcf8-424c-b341-d7aa439c4bd9@group-D4575845B26D-SegmentedRaftLogWorker] INFO  segmented.SegmentedRaftLogWorker (SegmentedRaftLogWorker.java:run(316)) - 6befc45b-dcf8-424c-b341-d7aa439c4bd9@group-D4575845B26D-SegmentedRaftLogWorker was interrupted, exiting. There are 0 tasks remaining in the queue.
2019-10-17 07:38:10,050 [grpc-default-executor-5] INFO  segmented.SegmentedRaftLogWorker (SegmentedRaftLogWorker.java:close(224)) - 6befc45b-dcf8-424c-b341-d7aa439c4bd9@group-D4575845B26D-SegmentedRaftLogWorker close()
2019-10-17 07:38:10,073 [grpc-default-executor-5] INFO  impl.RaftServerProxy (RaftServerProxy.java:remove(95)) - 57d83d75-a41d-4aa4-98a2-4186e05ab504: remove  FOLLOWER 57d83d75-a41d-4aa4-98a2-4186e05ab504@group-D4575845B26D:t4, leader=null, voted=null, raftlog=57d83d75-a41d-4aa4-98a2-4186e05ab504@group-D4575845B26D-SegmentedRaftLog:OPENED:c-1,f0,i0, conf=0: [57d83d75-a41d-4aa4-98a2-4186e05ab504:192.168.34.62:46845, 6befc45b-dcf8-424c-b341-d7aa439c4bd9:192.168.34.62:36500, 2636e257-7a47-4bf8-b940-93a028f0c6b6:192.168.34.62:43946], old=null RUNNING
2019-10-17 07:38:10,074 [grpc-default-executor-5] INFO  impl.RaftServerImpl (RaftServerImpl.java:lambda$shutdown$3(261)) - 57d83d75-a41d-4aa4-98a2-4186e05ab504@group-D4575845B26D: shutdown
2019-10-17 07:38:10,074 [grpc-default-executor-5] INFO  util.JmxRegister (JmxRegister.java:unregister(73)) - Successfully un-registered JMX Bean with object name Ratis:service=RaftServer,group=group-D4575845B26D,id=57d83d75-a41d-4aa4-98a2-4186e05ab504
2019-10-17 07:38:10,074 [grpc-default-executor-5] INFO  impl.RoleInfo (RoleInfo.java:shutdownFollowerState(121)) - 57d83d75-a41d-4aa4-98a2-4186e05ab504: shutdown FollowerState
2019-10-17 07:38:10,074 [grpc-default-executor-5] INFO  impl.StateMachineUpdater (StateMachineUpdater.java:stopAndJoin(136)) - 57d83d75-a41d-4aa4-98a2-4186e05ab504@group-D4575845B26D-StateMachineUpdater: set stopIndex = -1
2019-10-17 07:38:10,074 [Thread-338] INFO  impl.FollowerState (FollowerState.java:run(117)) - 57d83d75-a41d-4aa4-98a2-4186e05ab504@group-D4575845B26D-FollowerState was interrupted: java.lang.InterruptedException: sleep interrupted
2019-10-17 07:38:10,074 [grpc-default-executor-5] INFO  impl.RaftServerImpl (ServerState.java:close(388)) - 57d83d75-a41d-4aa4-98a2-4186e05ab504@group-D4575845B26D: closes. applyIndex: -1
2019-10-17 07:38:10,082 [57d83d75-a41d-4aa4-98a2-4186e05ab504@group-D4575845B26D-SegmentedRaftLogWorker] INFO  segmented.SegmentedRaftLogWorker (SegmentedRaftLogWorker.java:run(316)) - 57d83d75-a41d-4aa4-98a2-4186e05ab504@group-D4575845B26D-SegmentedRaftLogWorker was interrupted, exiting. There are 0 tasks remaining in the queue.
2019-10-17 07:38:10,084 [grpc-default-executor-5] INFO  segmented.SegmentedRaftLogWorker (SegmentedRaftLogWorker.java:close(224)) - 57d83d75-a41d-4aa4-98a2-4186e05ab504@group-D4575845B26D-SegmentedRaftLogWorker close()
2019-10-17 07:38:10,088 [6befc45b-dcf8-424c-b341-d7aa439c4bd9@group-D4575845B26D-LeaderElection17] WARN  util.FileUtils (LogUtils.java:runAndLog(55)) - Failed to Files.move /workdir/hadoop-ozone/integration-test/target/test-dir/MiniOzoneClusterImpl-eeadbacc-06c2-472c-a3f4-8a25f61a295a/datanode-0/data/ratis/833f9adb-1cb2-4653-a446-d4575845b26d/current/raft-meta.tmp to /workdir/hadoop-ozone/integration-test/target/test-dir/MiniOzoneClusterImpl-eeadbacc-06c2-472c-a3f4-8a25f61a295a/datanode-0/data/ratis/833f9adb-1cb2-4653-a446-d4575845b26d/current/raft-meta: java.nio.file.NoSuchFileException: /workdir/hadoop-ozone/integration-test/target/test-dir/MiniOzoneClusterImpl-eeadbacc-06c2-472c-a3f4-8a25f61a295a/datanode-0/data/ratis/833f9adb-1cb2-4653-a446-d4575845b26d/current/raft-meta.tmp
2019-10-17 07:38:10,088 [6befc45b-dcf8-424c-b341-d7aa439c4bd9@group-D4575845B26D-LeaderElection17] WARN  util.AtomicFileOutputStream (AtomicFileOutputStream.java:abort(100)) - Unable to delete tmp file during abort /workdir/hadoop-ozone/integration-test/target/test-dir/MiniOzoneClusterImpl-eeadbacc-06c2-472c-a3f4-8a25f61a295a/datanode-0/data/ratis/833f9adb-1cb2-4653-a446-d4575845b26d/current/raft-meta.tmp
2019-10-17 07:38:10,089 [6befc45b-dcf8-424c-b341-d7aa439c4bd9@group-D4575845B26D-LeaderElection17] INFO  impl.LeaderElection (LeaderElection.java:run(137)) - 6befc45b-dcf8-424c-b341-d7aa439c4bd9@group-D4575845B26D-LeaderElection17: NoSuchFileException is safely ignored since this is already CLOSING
java.nio.file.NoSuchFileException: /workdir/hadoop-ozone/integration-test/target/test-dir/MiniOzoneClusterImpl-eeadbacc-06c2-472c-a3f4-8a25f61a295a/datanode-0/data/ratis/833f9adb-1cb2-4653-a446-d4575845b26d/current/raft-meta.tmp
	at sun.nio.fs.UnixException.translateToIOException(UnixException.java:86)
	at sun.nio.fs.UnixException.rethrowAsIOException(UnixException.java:102)
	at sun.nio.fs.UnixException.rethrowAsIOException(UnixException.java:107)
	at sun.nio.fs.UnixCopyFile.move(UnixCopyFile.java:409)
	at sun.nio.fs.UnixFileSystemProvider.move(UnixFileSystemProvider.java:262)
	at java.nio.file.Files.move(Files.java:1395)
	at org.apache.ratis.util.FileUtils.lambda$move$6(FileUtils.java:65)
	at org.apache.ratis.util.LogUtils.runAndLog(LogUtils.java:50)
	at org.apache.ratis.util.FileUtils.move(FileUtils.java:64)
	at org.apache.ratis.util.FileUtils.move(FileUtils.java:60)
	at org.apache.ratis.util.AtomicFileOutputStream.close(AtomicFileOutputStream.java:73)
	at org.apache.ratis.server.storage.MetaFile.writeFile(MetaFile.java:96)
	at org.apache.ratis.server.storage.MetaFile.set(MetaFile.java:75)
	at org.apache.ratis.server.raftlog.segmented.SegmentedRaftLog.writeMetadata(SegmentedRaftLog.java:473)
	at org.apache.ratis.server.impl.ServerState.persistMetadata(ServerState.java:231)
	at org.apache.ratis.server.impl.LeaderElection.askForVotes(LeaderElection.java:176)
	at org.apache.ratis.server.impl.LeaderElection.run(LeaderElection.java:133)
	at java.lang.Thread.run(Thread.java:748)
2019-10-17 07:38:10,092 [Thread-224] INFO  pipeline.PipelineStateManager (PipelineStateManager.java:removePipeline(106)) - Pipeline Pipeline[ Id: 833f9adb-1cb2-4653-a446-d4575845b26d, Nodes: 2636e257-7a47-4bf8-b940-93a028f0c6b6{ip: 192.168.34.62, host: pr-hdds-1868-lzclr-202649289, networkLocation: /default-rack, certSerialId: null}6befc45b-dcf8-424c-b341-d7aa439c4bd9{ip: 192.168.34.62, host: pr-hdds-1868-lzclr-202649289, networkLocation: /default-rack, certSerialId: null}57d83d75-a41d-4aa4-98a2-4186e05ab504{ip: 192.168.34.62, host: pr-hdds-1868-lzclr-202649289, networkLocation: /default-rack, certSerialId: null}, Type:RATIS, Factor:THREE, State:CLOSED] removed from db
2019-10-17 07:38:10,106 [grpc-default-executor-6] INFO  impl.RaftServerProxy (RaftServerProxy.java:addNew(89)) - 57d83d75-a41d-4aa4-98a2-4186e05ab504: addNew group-03A0B31A0095:[57d83d75-a41d-4aa4-98a2-4186e05ab504:192.168.34.62:46845, 6befc45b-dcf8-424c-b341-d7aa439c4bd9:192.168.34.62:36500, 2636e257-7a47-4bf8-b940-93a028f0c6b6:192.168.34.62:43946] returns group-03A0B31A0095:java.util.concurrent.CompletableFuture@5d5c977f[Not completed]
2019-10-17 07:38:10,106 [grpc-default-executor-5] INFO  impl.RaftServerProxy (RaftServerProxy.java:addNew(89)) - 6befc45b-dcf8-424c-b341-d7aa439c4bd9: addNew group-03A0B31A0095:[57d83d75-a41d-4aa4-98a2-4186e05ab504:192.168.34.62:46845, 6befc45b-dcf8-424c-b341-d7aa439c4bd9:192.168.34.62:36500, 2636e257-7a47-4bf8-b940-93a028f0c6b6:192.168.34.62:43946] returns group-03A0B31A0095:java.util.concurrent.CompletableFuture@4eed4a8a[Not completed]
2019-10-17 07:38:10,106 [grpc-default-executor-2] INFO  impl.RaftServerProxy (RaftServerProxy.java:addNew(89)) - 2636e257-7a47-4bf8-b940-93a028f0c6b6: addNew group-03A0B31A0095:[57d83d75-a41d-4aa4-98a2-4186e05ab504:192.168.34.62:46845, 6befc45b-dcf8-424c-b341-d7aa439c4bd9:192.168.34.62:36500, 2636e257-7a47-4bf8-b940-93a028f0c6b6:192.168.34.62:43946] returns group-03A0B31A0095:java.util.concurrent.CompletableFuture@7d714315[Not completed]
2019-10-17 07:38:10,108 [pool-67-thread-1] INFO  impl.RaftServerImpl (RaftServerImpl.java:<init>(104)) - 57d83d75-a41d-4aa4-98a2-4186e05ab504: new RaftServerImpl for group-03A0B31A0095:[57d83d75-a41d-4aa4-98a2-4186e05ab504:192.168.34.62:46845, 6befc45b-dcf8-424c-b341-d7aa439c4bd9:192.168.34.62:36500, 2636e257-7a47-4bf8-b940-93a028f0c6b6:192.168.34.62:43946] with ContainerStateMachine:uninitialized
2019-10-17 07:38:10,108 [pool-67-thread-1] INFO  server.RaftServerConfigKeys (ConfUtils.java:logGet(43)) - raft.server.rpc.timeout.min = 5s (custom)
2019-10-17 07:38:10,109 [pool-67-thread-1] INFO  server.RaftServerConfigKeys (ConfUtils.java:logGet(43)) - raft.server.rpc.timeout.max = 5200ms (custom)
2019-10-17 07:38:10,109 [pool-67-thread-1] INFO  server.RaftServerConfigKeys (ConfUtils.java:logGet(43)) - raft.server.rpcslowness.timeout = 120s (custom)
2019-10-17 07:38:10,109 [pool-67-thread-1] INFO  server.RaftServerConfigKeys (ConfUtils.java:logGet(43)) - raft.server.sleep.deviation.threshold = 300 (default)
2019-10-17 07:38:10,109 [pool-67-thread-1] INFO  server.RaftServerConfigKeys (ConfUtils.java:logGet(43)) - raft.server.log.appender.install.snapshot.enabled = false (custom)
2019-10-17 07:38:10,109 [pool-67-thread-1] INFO  impl.RaftServerImpl (ServerState.java:<init>(103)) - 57d83d75-a41d-4aa4-98a2-4186e05ab504@group-03A0B31A0095: ConfigurationManager, init=-1: [57d83d75-a41d-4aa4-98a2-4186e05ab504:192.168.34.62:46845, 6befc45b-dcf8-424c-b341-d7aa439c4bd9:192.168.34.62:36500, 2636e257-7a47-4bf8-b940-93a028f0c6b6:192.168.34.62:43946], old=null, confs=<EMPTY_MAP>
2019-10-17 07:38:10,109 [pool-67-thread-1] INFO  server.RaftServerConfigKeys (ConfUtils.java:logGet(43)) - raft.server.storage.dir = [/workdir/hadoop-ozone/integration-test/target/test-dir/MiniOzoneClusterImpl-eeadbacc-06c2-472c-a3f4-8a25f61a295a/datanode-4/data/ratis] (custom)
2019-10-17 07:38:10,109 [pool-27-thread-1] INFO  impl.RaftServerImpl (RaftServerImpl.java:<init>(104)) - 6befc45b-dcf8-424c-b341-d7aa439c4bd9: new RaftServerImpl for group-03A0B31A0095:[57d83d75-a41d-4aa4-98a2-4186e05ab504:192.168.34.62:46845, 6befc45b-dcf8-424c-b341-d7aa439c4bd9:192.168.34.62:36500, 2636e257-7a47-4bf8-b940-93a028f0c6b6:192.168.34.62:43946] with ContainerStateMachine:uninitialized
2019-10-17 07:38:10,109 [pool-67-thread-1] INFO  server.RaftServerConfigKeys (ConfUtils.java:logGet(43)) - raft.server.log.corruption.policy = EXCEPTION (default)
2019-10-17 07:38:10,110 [pool-27-thread-1] INFO  server.RaftServerConfigKeys (ConfUtils.java:logGet(43)) - raft.server.rpc.timeout.min = 5s (custom)
2019-10-17 07:38:10,110 [pool-67-thread-1] INFO  storage.RaftStorageDirectory (RaftStorageDirectory.java:analyzeStorage(246)) - The storage directory /workdir/hadoop-ozone/integration-test/target/test-dir/MiniOzoneClusterImpl-eeadbacc-06c2-472c-a3f4-8a25f61a295a/datanode-4/data/ratis/43093ddb-3ab0-420e-9360-03a0b31a0095 does not exist. Creating ...
2019-10-17 07:38:10,110 [pool-27-thread-1] INFO  server.RaftServerConfigKeys (ConfUtils.java:logGet(43)) - raft.server.rpc.timeout.max = 5200ms (custom)
2019-10-17 07:38:10,110 [pool-27-thread-1] INFO  server.RaftServerConfigKeys (ConfUtils.java:logGet(43)) - raft.server.rpcslowness.timeout = 120s (custom)
2019-10-17 07:38:10,110 [pool-77-thread-1] INFO  impl.RaftServerImpl (RaftServerImpl.java:<init>(104)) - 2636e257-7a47-4bf8-b940-93a028f0c6b6: new RaftServerImpl for group-03A0B31A0095:[57d83d75-a41d-4aa4-98a2-4186e05ab504:192.168.34.62:46845, 6befc45b-dcf8-424c-b341-d7aa439c4bd9:192.168.34.62:36500, 2636e257-7a47-4bf8-b940-93a028f0c6b6:192.168.34.62:43946] with ContainerStateMachine:uninitialized
2019-10-17 07:38:10,110 [pool-27-thread-1] INFO  server.RaftServerConfigKeys (ConfUtils.java:logGet(43)) - raft.server.sleep.deviation.threshold = 300 (default)
2019-10-17 07:38:10,110 [pool-77-thread-1] INFO  server.RaftServerConfigKeys (ConfUtils.java:logGet(43)) - raft.server.rpc.timeout.min = 5s (custom)
2019-10-17 07:38:10,110 [pool-27-thread-1] INFO  server.RaftServerConfigKeys (ConfUtils.java:logGet(43)) - raft.server.log.appender.install.snapshot.enabled = false (custom)
2019-10-17 07:38:10,110 [pool-77-thread-1] INFO  server.RaftServerConfigKeys (ConfUtils.java:logGet(43)) - raft.server.rpc.timeout.max = 5200ms (custom)
2019-10-17 07:38:10,110 [pool-27-thread-1] INFO  impl.RaftServerImpl (ServerState.java:<init>(103)) - 6befc45b-dcf8-424c-b341-d7aa439c4bd9@group-03A0B31A0095: ConfigurationManager, init=-1: [57d83d75-a41d-4aa4-98a2-4186e05ab504:192.168.34.62:46845, 6befc45b-dcf8-424c-b341-d7aa439c4bd9:192.168.34.62:36500, 2636e257-7a47-4bf8-b940-93a028f0c6b6:192.168.34.62:43946], old=null, confs=<EMPTY_MAP>
2019-10-17 07:38:10,111 [pool-77-thread-1] INFO  server.RaftServerConfigKeys (ConfUtils.java:logGet(43)) - raft.server.rpcslowness.timeout = 120s (custom)
2019-10-17 07:38:10,111 [pool-77-thread-1] INFO  server.RaftServerConfigKeys (ConfUtils.java:logGet(43)) - raft.server.sleep.deviation.threshold = 300 (default)
2019-10-17 07:38:10,111 [pool-27-thread-1] INFO  server.RaftServerConfigKeys (ConfUtils.java:logGet(43)) - raft.server.storage.dir = [/workdir/hadoop-ozone/integration-test/target/test-dir/MiniOzoneClusterImpl-eeadbacc-06c2-472c-a3f4-8a25f61a295a/datanode-0/data/ratis] (custom)
2019-10-17 07:38:10,111 [pool-77-thread-1] INFO  server.RaftServerConfigKeys (ConfUtils.java:logGet(43)) - raft.server.log.appender.install.snapshot.enabled = false (custom)
2019-10-17 07:38:10,111 [pool-77-thread-1] INFO  impl.RaftServerImpl (ServerState.java:<init>(103)) - 2636e257-7a47-4bf8-b940-93a028f0c6b6@group-03A0B31A0095: ConfigurationManager, init=-1: [57d83d75-a41d-4aa4-98a2-4186e05ab504:192.168.34.62:46845, 6befc45b-dcf8-424c-b341-d7aa439c4bd9:192.168.34.62:36500, 2636e257-7a47-4bf8-b940-93a028f0c6b6:192.168.34.62:43946], old=null, confs=<EMPTY_MAP>
2019-10-17 07:38:10,111 [pool-27-thread-1] INFO  server.RaftServerConfigKeys (ConfUtils.java:logGet(43)) - raft.server.log.corruption.policy = EXCEPTION (default)
2019-10-17 07:38:10,111 [pool-77-thread-1] INFO  server.RaftServerConfigKeys (ConfUtils.java:logGet(43)) - raft.server.storage.dir = [/workdir/hadoop-ozone/integration-test/target/test-dir/MiniOzoneClusterImpl-eeadbacc-06c2-472c-a3f4-8a25f61a295a/datanode-5/data/ratis] (custom)
2019-10-17 07:38:10,111 [pool-27-thread-1] INFO  storage.RaftStorageDirectory (RaftStorageDirectory.java:analyzeStorage(246)) - The storage directory /workdir/hadoop-ozone/integration-test/target/test-dir/MiniOzoneClusterImpl-eeadbacc-06c2-472c-a3f4-8a25f61a295a/datanode-0/data/ratis/43093ddb-3ab0-420e-9360-03a0b31a0095 does not exist. Creating ...
2019-10-17 07:38:10,111 [pool-77-thread-1] INFO  server.RaftServerConfigKeys (ConfUtils.java:logGet(43)) - raft.server.log.corruption.policy = EXCEPTION (default)
2019-10-17 07:38:10,112 [pool-77-thread-1] INFO  storage.RaftStorageDirectory (RaftStorageDirectory.java:analyzeStorage(246)) - The storage directory /workdir/hadoop-ozone/integration-test/target/test-dir/MiniOzoneClusterImpl-eeadbacc-06c2-472c-a3f4-8a25f61a295a/datanode-5/data/ratis/43093ddb-3ab0-420e-9360-03a0b31a0095 does not exist. Creating ...
2019-10-17 07:38:10,148 [pool-27-thread-1] INFO  storage.RaftStorageDirectory (RaftStorageDirectory.java:tryLock(328)) - Lock on /workdir/hadoop-ozone/integration-test/target/test-dir/MiniOzoneClusterImpl-eeadbacc-06c2-472c-a3f4-8a25f61a295a/datanode-0/data/ratis/43093ddb-3ab0-420e-9360-03a0b31a0095/in_use.lock acquired by nodename 20757@pr-hdds-1868-lzclr-202649289
2019-10-17 07:38:10,148 [pool-67-thread-1] INFO  storage.RaftStorageDirectory (RaftStorageDirectory.java:tryLock(328)) - Lock on /workdir/hadoop-ozone/integration-test/target/test-dir/MiniOzoneClusterImpl-eeadbacc-06c2-472c-a3f4-8a25f61a295a/datanode-4/data/ratis/43093ddb-3ab0-420e-9360-03a0b31a0095/in_use.lock acquired by nodename 20757@pr-hdds-1868-lzclr-202649289
2019-10-17 07:38:10,148 [pool-77-thread-1] INFO  storage.RaftStorageDirectory (RaftStorageDirectory.java:tryLock(328)) - Lock on /workdir/hadoop-ozone/integration-test/target/test-dir/MiniOzoneClusterImpl-eeadbacc-06c2-472c-a3f4-8a25f61a295a/datanode-5/data/ratis/43093ddb-3ab0-420e-9360-03a0b31a0095/in_use.lock acquired by nodename 20757@pr-hdds-1868-lzclr-202649289
2019-10-17 07:38:10,178 [pool-27-thread-1] INFO  storage.RaftStorage (RaftStorage.java:format(84)) - Storage directory /workdir/hadoop-ozone/integration-test/target/test-dir/MiniOzoneClusterImpl-eeadbacc-06c2-472c-a3f4-8a25f61a295a/datanode-0/data/ratis/43093ddb-3ab0-420e-9360-03a0b31a0095 has been successfully formatted.
2019-10-17 07:38:10,178 [pool-67-thread-1] INFO  storage.RaftStorage (RaftStorage.java:format(84)) - Storage directory /workdir/hadoop-ozone/integration-test/target/test-dir/MiniOzoneClusterImpl-eeadbacc-06c2-472c-a3f4-8a25f61a295a/datanode-4/data/ratis/43093ddb-3ab0-420e-9360-03a0b31a0095 has been successfully formatted.
2019-10-17 07:38:10,178 [pool-77-thread-1] INFO  storage.RaftStorage (RaftStorage.java:format(84)) - Storage directory /workdir/hadoop-ozone/integration-test/target/test-dir/MiniOzoneClusterImpl-eeadbacc-06c2-472c-a3f4-8a25f61a295a/datanode-5/data/ratis/43093ddb-3ab0-420e-9360-03a0b31a0095 has been successfully formatted.
2019-10-17 07:38:10,179 [pool-27-thread-1] INFO  ratis.ContainerStateMachine (ContainerStateMachine.java:loadSnapshot(233)) - group-03A0B31A0095: The snapshot info is null. Setting the last applied indexto:(t:0, i:~)
2019-10-17 07:38:10,179 [pool-67-thread-1] INFO  ratis.ContainerStateMachine (ContainerStateMachine.java:loadSnapshot(233)) - group-03A0B31A0095: The snapshot info is null. Setting the last applied indexto:(t:0, i:~)
2019-10-17 07:38:10,179 [pool-27-thread-1] INFO  server.RaftServerConfigKeys (ConfUtils.java:logGet(43)) - raft.server.notification.no-leader.timeout = 120s (custom)
2019-10-17 07:38:10,179 [pool-77-thread-1] INFO  ratis.ContainerStateMachine (ContainerStateMachine.java:loadSnapshot(233)) - group-03A0B31A0095: The snapshot info is null. Setting the last applied indexto:(t:0, i:~)
2019-10-17 07:38:10,179 [pool-27-thread-1] INFO  server.RaftServerConfigKeys (ConfUtils.java:logGet(43)) - raft.server.log.use.memory = false (default)
2019-10-17 07:38:10,179 [pool-67-thread-1] INFO  server.RaftServerConfigKeys (ConfUtils.java:logGet(43)) - raft.server.notification.no-leader.timeout = 120s (custom)
2019-10-17 07:38:10,180 [pool-27-thread-1] INFO  server.RaftServerConfigKeys (ConfUtils.java:logGet(43)) - raft.server.log.purge.gap = 1000000 (custom)
2019-10-17 07:38:10,179 [pool-77-thread-1] INFO  server.RaftServerConfigKeys (ConfUtils.java:logGet(43)) - raft.server.notification.no-leader.timeout = 120s (custom)
2019-10-17 07:38:10,180 [pool-27-thread-1] INFO  server.RaftServerConfigKeys (ConfUtils.java:logGet(43)) - raft.server.log.appender.buffer.byte-limit = 33554432 (custom)
2019-10-17 07:38:10,180 [pool-67-thread-1] INFO  server.RaftServerConfigKeys (ConfUtils.java:logGet(43)) - raft.server.log.use.memory = false (default)
2019-10-17 07:38:10,180 [pool-27-thread-1] INFO  server.RaftServerConfigKeys (ConfUtils.java:logGet(43)) - raft.server.log.segment.size.max = 1048576 (custom)
2019-10-17 07:38:10,180 [pool-77-thread-1] INFO  server.RaftServerConfigKeys (ConfUtils.java:logGet(43)) - raft.server.log.use.memory = false (default)
2019-10-17 07:38:10,180 [pool-27-thread-1] INFO  server.RaftServerConfigKeys (ConfUtils.java:logGet(43)) - raft.server.log.segment.cache.num.max = 2 (custom)
2019-10-17 07:38:10,180 [pool-67-thread-1] INFO  server.RaftServerConfigKeys (ConfUtils.java:logGet(43)) - raft.server.log.purge.gap = 1000000 (custom)
2019-10-17 07:38:10,181 [pool-27-thread-1] INFO  segmented.SegmentedRaftLogWorker (SegmentedRaftLogWorker.java:<init>(173)) - new 6befc45b-dcf8-424c-b341-d7aa439c4bd9@group-03A0B31A0095-SegmentedRaftLogWorker for RaftStorage:Storage Directory /workdir/hadoop-ozone/integration-test/target/test-dir/MiniOzoneClusterImpl-eeadbacc-06c2-472c-a3f4-8a25f61a295a/datanode-0/data/ratis/43093ddb-3ab0-420e-9360-03a0b31a0095
2019-10-17 07:38:10,181 [pool-77-thread-1] INFO  server.RaftServerConfigKeys (ConfUtils.java:logGet(43)) - raft.server.log.purge.gap = 1000000 (custom)
2019-10-17 07:38:10,181 [pool-27-thread-1] INFO  server.RaftServerConfigKeys (ConfUtils.java:logGet(43)) - raft.server.log.queue.byte-limit = 2147483647 (custom)
2019-10-17 07:38:10,181 [pool-67-thread-1] INFO  server.RaftServerConfigKeys (ConfUtils.java:logGet(43)) - raft.server.log.appender.buffer.byte-limit = 33554432 (custom)
2019-10-17 07:38:10,181 [pool-27-thread-1] INFO  server.RaftServerConfigKeys (ConfUtils.java:logGet(43)) - raft.server.log.queue.element-limit = 1024 (custom)
2019-10-17 07:38:10,181 [pool-77-thread-1] INFO  server.RaftServerConfigKeys (ConfUtils.java:logGet(43)) - raft.server.log.appender.buffer.byte-limit = 33554432 (custom)
2019-10-17 07:38:10,181 [pool-27-thread-1] INFO  server.RaftServerConfigKeys (ConfUtils.java:logGet(43)) - raft.server.log.segment.size.max = 1048576 (custom)
2019-10-17 07:38:10,181 [pool-67-thread-1] INFO  server.RaftServerConfigKeys (ConfUtils.java:logGet(43)) - raft.server.log.segment.size.max = 1048576 (custom)
2019-10-17 07:38:10,182 [pool-27-thread-1] INFO  server.RaftServerConfigKeys (ConfUtils.java:logGet(43)) - raft.server.log.preallocated.size = 16384 (custom)
2019-10-17 07:38:10,182 [pool-77-thread-1] INFO  server.RaftServerConfigKeys (ConfUtils.java:logGet(43)) - raft.server.log.segment.size.max = 1048576 (custom)
2019-10-17 07:38:10,182 [pool-27-thread-1] INFO  server.RaftServerConfigKeys (ConfUtils.java:logGet(43)) - raft.server.log.write.buffer.size = 33554432 (custom)
2019-10-17 07:38:10,182 [pool-67-thread-1] INFO  server.RaftServerConfigKeys (ConfUtils.java:logGet(43)) - raft.server.log.segment.cache.num.max = 2 (custom)
2019-10-17 07:38:10,182 [pool-27-thread-1] INFO  server.RaftServerConfigKeys (ConfUtils.java:logGet(43)) - raft.server.log.force.sync.num = 128 (default)
2019-10-17 07:38:10,182 [pool-77-thread-1] INFO  server.RaftServerConfigKeys (ConfUtils.java:logGet(43)) - raft.server.log.segment.cache.num.max = 2 (custom)
2019-10-17 07:38:10,183 [pool-27-thread-1] INFO  server.RaftServerConfigKeys (ConfUtils.java:logGet(43)) - raft.server.log.statemachine.data.sync = true (default)
2019-10-17 07:38:10,182 [pool-67-thread-1] INFO  segmented.SegmentedRaftLogWorker (SegmentedRaftLogWorker.java:<init>(173)) - new 57d83d75-a41d-4aa4-98a2-4186e05ab504@group-03A0B31A0095-SegmentedRaftLogWorker for RaftStorage:Storage Directory /workdir/hadoop-ozone/integration-test/target/test-dir/MiniOzoneClusterImpl-eeadbacc-06c2-472c-a3f4-8a25f61a295a/datanode-4/data/ratis/43093ddb-3ab0-420e-9360-03a0b31a0095
2019-10-17 07:38:10,183 [pool-27-thread-1] INFO  server.RaftServerConfigKeys (ConfUtils.java:logGet(43)) - raft.server.log.statemachine.data.sync.timeout = 10s (default)
2019-10-17 07:38:10,183 [pool-77-thread-1] INFO  segmented.SegmentedRaftLogWorker (SegmentedRaftLogWorker.java:<init>(173)) - new 2636e257-7a47-4bf8-b940-93a028f0c6b6@group-03A0B31A0095-SegmentedRaftLogWorker for RaftStorage:Storage Directory /workdir/hadoop-ozone/integration-test/target/test-dir/MiniOzoneClusterImpl-eeadbacc-06c2-472c-a3f4-8a25f61a295a/datanode-5/data/ratis/43093ddb-3ab0-420e-9360-03a0b31a0095
2019-10-17 07:38:10,183 [pool-27-thread-1] INFO  server.RaftServerConfigKeys (ConfUtils.java:logGet(43)) - raft.server.log.statemachine.data.sync.timeout.retry = -1 (default)
2019-10-17 07:38:10,183 [pool-67-thread-1] INFO  server.RaftServerConfigKeys (ConfUtils.java:logGet(43)) - raft.server.log.queue.byte-limit = 2147483647 (custom)
2019-10-17 07:38:10,183 [pool-77-thread-1] INFO  server.RaftServerConfigKeys (ConfUtils.java:logGet(43)) - raft.server.log.queue.byte-limit = 2147483647 (custom)
2019-10-17 07:38:10,183 [pool-67-thread-1] INFO  server.RaftServerConfigKeys (ConfUtils.java:logGet(43)) - raft.server.log.queue.element-limit = 1024 (custom)
2019-10-17 07:38:10,183 [pool-27-thread-1] INFO  server.RaftServerConfigKeys (ConfUtils.java:logGet(43)) - raft.server.log.statemachine.data.caching.enabled = true (custom)
2019-10-17 07:38:10,184 [pool-67-thread-1] INFO  server.RaftServerConfigKeys (ConfUtils.java:logGet(43)) - raft.server.log.segment.size.max = 1048576 (custom)
2019-10-17 07:38:10,184 [pool-77-thread-1] INFO  server.RaftServerConfigKeys (ConfUtils.java:logGet(43)) - raft.server.log.queue.element-limit = 1024 (custom)
2019-10-17 07:38:10,184 [pool-27-thread-1] INFO  segmented.SegmentedRaftLogWorker (SegmentedRaftLogWorker.java:lambda$new$0(128)) - 6befc45b-dcf8-424c-b341-d7aa439c4bd9@group-03A0B31A0095-SegmentedRaftLogWorker: flushIndex: setUnconditionally 0 -> -1
2019-10-17 07:38:10,184 [pool-67-thread-1] INFO  server.RaftServerConfigKeys (ConfUtils.java:logGet(43)) - raft.server.log.preallocated.size = 16384 (custom)
2019-10-17 07:38:10,184 [pool-77-thread-1] INFO  server.RaftServerConfigKeys (ConfUtils.java:logGet(43)) - raft.server.log.segment.size.max = 1048576 (custom)
2019-10-17 07:38:10,184 [pool-27-thread-1] INFO  server.RaftServerConfigKeys (ConfUtils.java:logGet(43)) - raft.server.snapshot.auto.trigger.enabled = true (custom)
2019-10-17 07:38:10,184 [pool-67-thread-1] INFO  server.RaftServerConfigKeys (ConfUtils.java:logGet(43)) - raft.server.log.write.buffer.size = 33554432 (custom)
2019-10-17 07:38:10,185 [pool-27-thread-1] INFO  server.RaftServerConfigKeys (ConfUtils.java:logGet(43)) - raft.server.snapshot.auto.trigger.threshold = 10000 (custom)
2019-10-17 07:38:10,185 [pool-77-thread-1] INFO  server.RaftServerConfigKeys (ConfUtils.java:logGet(43)) - raft.server.log.preallocated.size = 16384 (custom)
2019-10-17 07:38:10,185 [pool-27-thread-1] INFO  server.RaftServerConfigKeys (ConfUtils.java:logGet(43)) - raft.server.snapshot.retention.file.num = 5 (custom)
2019-10-17 07:38:10,185 [pool-67-thread-1] INFO  server.RaftServerConfigKeys (ConfUtils.java:logGet(43)) - raft.server.log.force.sync.num = 128 (default)
2019-10-17 07:38:10,185 [pool-27-thread-1] INFO  server.RaftServerConfigKeys (ConfUtils.java:logGet(43)) - raft.server.retrycache.expirytime = 600000ms (custom)
2019-10-17 07:38:10,185 [pool-77-thread-1] INFO  server.RaftServerConfigKeys (ConfUtils.java:logGet(43)) - raft.server.log.write.buffer.size = 33554432 (custom)
2019-10-17 07:38:10,185 [pool-67-thread-1] INFO  server.RaftServerConfigKeys (ConfUtils.java:logGet(43)) - raft.server.log.statemachine.data.sync = true (default)
2019-10-17 07:38:10,186 [pool-77-thread-1] INFO  server.RaftServerConfigKeys (ConfUtils.java:logGet(43)) - raft.server.log.force.sync.num = 128 (default)
2019-10-17 07:38:10,186 [pool-67-thread-1] INFO  server.RaftServerConfigKeys (ConfUtils.java:logGet(43)) - raft.server.log.statemachine.data.sync.timeout = 10s (default)
2019-10-17 07:38:10,186 [pool-77-thread-1] INFO  server.RaftServerConfigKeys (ConfUtils.java:logGet(43)) - raft.server.log.statemachine.data.sync = true (default)
2019-10-17 07:38:10,186 [pool-67-thread-1] INFO  server.RaftServerConfigKeys (ConfUtils.java:logGet(43)) - raft.server.log.statemachine.data.sync.timeout.retry = -1 (default)
2019-10-17 07:38:10,186 [pool-77-thread-1] INFO  server.RaftServerConfigKeys (ConfUtils.java:logGet(43)) - raft.server.log.statemachine.data.sync.timeout = 10s (default)
2019-10-17 07:38:10,186 [pool-77-thread-1] INFO  server.RaftServerConfigKeys (ConfUtils.java:logGet(43)) - raft.server.log.statemachine.data.sync.timeout.retry = -1 (default)
2019-10-17 07:38:10,186 [pool-67-thread-1] INFO  server.RaftServerConfigKeys (ConfUtils.java:logGet(43)) - raft.server.log.statemachine.data.caching.enabled = true (custom)
2019-10-17 07:38:10,187 [pool-77-thread-1] INFO  server.RaftServerConfigKeys (ConfUtils.java:logGet(43)) - raft.server.log.statemachine.data.caching.enabled = true (custom)
2019-10-17 07:38:10,187 [pool-67-thread-1] INFO  segmented.SegmentedRaftLogWorker (SegmentedRaftLogWorker.java:lambda$new$0(128)) - 57d83d75-a41d-4aa4-98a2-4186e05ab504@group-03A0B31A0095-SegmentedRaftLogWorker: flushIndex: setUnconditionally 0 -> -1
2019-10-17 07:38:10,187 [pool-77-thread-1] INFO  segmented.SegmentedRaftLogWorker (SegmentedRaftLogWorker.java:lambda$new$0(128)) - 2636e257-7a47-4bf8-b940-93a028f0c6b6@group-03A0B31A0095-SegmentedRaftLogWorker: flushIndex: setUnconditionally 0 -> -1
2019-10-17 07:38:10,187 [pool-67-thread-1] INFO  server.RaftServerConfigKeys (ConfUtils.java:logGet(43)) - raft.server.snapshot.auto.trigger.enabled = true (custom)
2019-10-17 07:38:10,187 [pool-77-thread-1] INFO  server.RaftServerConfigKeys (ConfUtils.java:logGet(43)) - raft.server.snapshot.auto.trigger.enabled = true (custom)
2019-10-17 07:38:10,187 [pool-67-thread-1] INFO  server.RaftServerConfigKeys (ConfUtils.java:logGet(43)) - raft.server.snapshot.auto.trigger.threshold = 10000 (custom)
2019-10-17 07:38:10,188 [pool-77-thread-1] INFO  server.RaftServerConfigKeys (ConfUtils.java:logGet(43)) - raft.server.snapshot.auto.trigger.threshold = 10000 (custom)
2019-10-17 07:38:10,188 [pool-67-thread-1] INFO  server.RaftServerConfigKeys (ConfUtils.java:logGet(43)) - raft.server.snapshot.retention.file.num = 5 (custom)
2019-10-17 07:38:10,188 [pool-77-thread-1] INFO  server.RaftServerConfigKeys (ConfUtils.java:logGet(43)) - raft.server.snapshot.retention.file.num = 5 (custom)
2019-10-17 07:38:10,188 [pool-67-thread-1] INFO  server.RaftServerConfigKeys (ConfUtils.java:logGet(43)) - raft.server.retrycache.expirytime = 600000ms (custom)
2019-10-17 07:38:10,188 [pool-77-thread-1] INFO  server.RaftServerConfigKeys (ConfUtils.java:logGet(43)) - raft.server.retrycache.expirytime = 600000ms (custom)
2019-10-17 07:38:10,188 [pool-27-thread-1] INFO  impl.RaftServerImpl (RaftServerImpl.java:start(195)) - 6befc45b-dcf8-424c-b341-d7aa439c4bd9@group-03A0B31A0095: start as a follower, conf=-1: [57d83d75-a41d-4aa4-98a2-4186e05ab504:192.168.34.62:46845, 6befc45b-dcf8-424c-b341-d7aa439c4bd9:192.168.34.62:36500, 2636e257-7a47-4bf8-b940-93a028f0c6b6:192.168.34.62:43946], old=null
2019-10-17 07:38:10,188 [pool-27-thread-1] INFO  impl.RaftServerImpl (RaftServerImpl.java:setRole(184)) - 6befc45b-dcf8-424c-b341-d7aa439c4bd9@group-03A0B31A0095: changes role from      null to FOLLOWER at term 0 for startAsFollower
2019-10-17 07:38:10,189 [pool-27-thread-1] INFO  impl.RoleInfo (RoleInfo.java:updateAndGet(143)) - 6befc45b-dcf8-424c-b341-d7aa439c4bd9: start FollowerState
2019-10-17 07:38:10,189 [pool-27-thread-1] INFO  util.JmxRegister (JmxRegister.java:tryRegister(44)) - Successfully registered JMX Bean with object name Ratis:service=RaftServer,group=group-03A0B31A0095,id=6befc45b-dcf8-424c-b341-d7aa439c4bd9
2019-10-17 07:38:10,193 [pool-67-thread-1] INFO  impl.RaftServerImpl (RaftServerImpl.java:start(195)) - 57d83d75-a41d-4aa4-98a2-4186e05ab504@group-03A0B31A0095: start as a follower, conf=-1: [57d83d75-a41d-4aa4-98a2-4186e05ab504:192.168.34.62:46845, 6befc45b-dcf8-424c-b341-d7aa439c4bd9:192.168.34.62:36500, 2636e257-7a47-4bf8-b940-93a028f0c6b6:192.168.34.62:43946], old=null
2019-10-17 07:38:10,193 [pool-67-thread-1] INFO  impl.RaftServerImpl (RaftServerImpl.java:setRole(184)) - 57d83d75-a41d-4aa4-98a2-4186e05ab504@group-03A0B31A0095: changes role from      null to FOLLOWER at term 0 for startAsFollower
2019-10-17 07:38:10,193 [pool-67-thread-1] INFO  impl.RoleInfo (RoleInfo.java:updateAndGet(143)) - 57d83d75-a41d-4aa4-98a2-4186e05ab504: start FollowerState
2019-10-17 07:38:10,194 [pool-77-thread-1] INFO  impl.RaftServerImpl (RaftServerImpl.java:start(195)) - 2636e257-7a47-4bf8-b940-93a028f0c6b6@group-03A0B31A0095: start as a follower, conf=-1: [57d83d75-a41d-4aa4-98a2-4186e05ab504:192.168.34.62:46845, 6befc45b-dcf8-424c-b341-d7aa439c4bd9:192.168.34.62:36500, 2636e257-7a47-4bf8-b940-93a028f0c6b6:192.168.34.62:43946], old=null
2019-10-17 07:38:10,194 [pool-77-thread-1] INFO  impl.RaftServerImpl (RaftServerImpl.java:setRole(184)) - 2636e257-7a47-4bf8-b940-93a028f0c6b6@group-03A0B31A0095: changes role from      null to FOLLOWER at term 0 for startAsFollower
2019-10-17 07:38:10,194 [pool-77-thread-1] INFO  impl.RoleInfo (RoleInfo.java:updateAndGet(143)) - 2636e257-7a47-4bf8-b940-93a028f0c6b6: start FollowerState
2019-10-17 07:38:10,194 [pool-67-thread-1] INFO  util.JmxRegister (JmxRegister.java:tryRegister(44)) - Successfully registered JMX Bean with object name Ratis:service=RaftServer,group=group-03A0B31A0095,id=57d83d75-a41d-4aa4-98a2-4186e05ab504
2019-10-17 07:38:10,194 [pool-77-thread-1] INFO  util.JmxRegister (JmxRegister.java:tryRegister(44)) - Successfully registered JMX Bean with object name Ratis:service=RaftServer,group=group-03A0B31A0095,id=2636e257-7a47-4bf8-b940-93a028f0c6b6
2019-10-17 07:38:10,209 [RatisPipelineUtilsThread] INFO  pipeline.PipelineStateManager (PipelineStateManager.java:addPipeline(55)) - Created pipeline Pipeline[ Id: 43093ddb-3ab0-420e-9360-03a0b31a0095, Nodes: 2636e257-7a47-4bf8-b940-93a028f0c6b6{ip: 192.168.34.62, host: pr-hdds-1868-lzclr-202649289, networkLocation: /default-rack, certSerialId: null}6befc45b-dcf8-424c-b341-d7aa439c4bd9{ip: 192.168.34.62, host: pr-hdds-1868-lzclr-202649289, networkLocation: /default-rack, certSerialId: null}57d83d75-a41d-4aa4-98a2-4186e05ab504{ip: 192.168.34.62, host: pr-hdds-1868-lzclr-202649289, networkLocation: /default-rack, certSerialId: null}, Type:RATIS, Factor:THREE, State:ALLOCATED]
2019-10-17 07:38:10,212 [Thread-352] INFO  impl.FollowerState (FollowerState.java:run(108)) - 57d83d75-a41d-4aa4-98a2-4186e05ab504@group-03A0B31A0095-FollowerState: change to CANDIDATE, lastRpcTime:18ms, electionTimeout:18ms
2019-10-17 07:38:10,212 [Thread-352] INFO  impl.RoleInfo (RoleInfo.java:shutdownFollowerState(121)) - 57d83d75-a41d-4aa4-98a2-4186e05ab504: shutdown FollowerState
2019-10-17 07:38:10,212 [Thread-352] INFO  impl.RaftServerImpl (RaftServerImpl.java:setRole(184)) - 57d83d75-a41d-4aa4-98a2-4186e05ab504@group-03A0B31A0095: changes role from  FOLLOWER to CANDIDATE at term 0 for changeToCandidate
2019-10-17 07:38:10,213 [Thread-352] INFO  impl.RoleInfo (RoleInfo.java:updateAndGet(143)) - 57d83d75-a41d-4aa4-98a2-4186e05ab504: start LeaderElection
2019-10-17 07:38:10,219 [Thread-351] INFO  impl.FollowerState (FollowerState.java:run(108)) - 6befc45b-dcf8-424c-b341-d7aa439c4bd9@group-03A0B31A0095-FollowerState: change to CANDIDATE, lastRpcTime:30ms, electionTimeout:30ms
2019-10-17 07:38:10,220 [Thread-351] INFO  impl.RoleInfo (RoleInfo.java:shutdownFollowerState(121)) - 6befc45b-dcf8-424c-b341-d7aa439c4bd9: shutdown FollowerState
2019-10-17 07:38:10,221 [Thread-351] INFO  impl.RaftServerImpl (RaftServerImpl.java:setRole(184)) - 6befc45b-dcf8-424c-b341-d7aa439c4bd9@group-03A0B31A0095: changes role from  FOLLOWER to CANDIDATE at term 0 for changeToCandidate
2019-10-17 07:38:10,221 [Thread-351] INFO  impl.RoleInfo (RoleInfo.java:updateAndGet(143)) - 6befc45b-dcf8-424c-b341-d7aa439c4bd9: start LeaderElection
2019-10-17 07:38:10,254 [6befc45b-dcf8-424c-b341-d7aa439c4bd9@group-03A0B31A0095-LeaderElection19] INFO  impl.LeaderElection (LeaderElection.java:askForVotes(178)) - 6befc45b-dcf8-424c-b341-d7aa439c4bd9@group-03A0B31A0095-LeaderElection19: begin an election at term 1 for -1: [57d83d75-a41d-4aa4-98a2-4186e05ab504:192.168.34.62:46845, 6befc45b-dcf8-424c-b341-d7aa439c4bd9:192.168.34.62:36500, 2636e257-7a47-4bf8-b940-93a028f0c6b6:192.168.34.62:43946], old=null
2019-10-17 07:38:10,254 [57d83d75-a41d-4aa4-98a2-4186e05ab504@group-03A0B31A0095-LeaderElection18] INFO  impl.LeaderElection (LeaderElection.java:askForVotes(178)) - 57d83d75-a41d-4aa4-98a2-4186e05ab504@group-03A0B31A0095-LeaderElection18: begin an election at term 1 for -1: [57d83d75-a41d-4aa4-98a2-4186e05ab504:192.168.34.62:46845, 6befc45b-dcf8-424c-b341-d7aa439c4bd9:192.168.34.62:36500, 2636e257-7a47-4bf8-b940-93a028f0c6b6:192.168.34.62:43946], old=null
2019-10-17 07:38:10,256 [Thread-0] INFO  ozone.MiniOzoneClusterImpl (MiniOzoneClusterImpl.java:lambda$waitForClusterToBeReady$2(164)) - Waiting for 1 number of pipelines out of 8, to report a leader.
2019-10-17 07:38:10,260 [grpc-default-executor-2] INFO  impl.RaftServerImpl (RaftServerImpl.java:setRole(184)) - 2636e257-7a47-4bf8-b940-93a028f0c6b6@group-03A0B31A0095: changes role from  FOLLOWER to FOLLOWER at term 1 for recognizeCandidate:57d83d75-a41d-4aa4-98a2-4186e05ab504
2019-10-17 07:38:10,262 [grpc-default-executor-2] INFO  impl.RoleInfo (RoleInfo.java:shutdownFollowerState(121)) - 2636e257-7a47-4bf8-b940-93a028f0c6b6: shutdown FollowerState
2019-10-17 07:38:10,262 [grpc-default-executor-2] INFO  impl.RoleInfo (RoleInfo.java:updateAndGet(143)) - 2636e257-7a47-4bf8-b940-93a028f0c6b6: start FollowerState
2019-10-17 07:38:10,262 [Thread-353] INFO  impl.FollowerState (FollowerState.java:run(117)) - 2636e257-7a47-4bf8-b940-93a028f0c6b6@group-03A0B31A0095-FollowerState was interrupted: java.lang.InterruptedException: sleep interrupted
2019-10-17 07:38:10,306 [57d83d75-a41d-4aa4-98a2-4186e05ab504@group-03A0B31A0095-LeaderElection18] INFO  impl.LeaderElection (LeaderElection.java:logAndReturn(56)) - 57d83d75-a41d-4aa4-98a2-4186e05ab504@group-03A0B31A0095-LeaderElection18: Election PASSED; received 2 response(s) [57d83d75-a41d-4aa4-98a2-4186e05ab504<-6befc45b-dcf8-424c-b341-d7aa439c4bd9#0:FAIL-t1, 57d83d75-a41d-4aa4-98a2-4186e05ab504<-2636e257-7a47-4bf8-b940-93a028f0c6b6#0:OK-t1] and 0 exception(s); 57d83d75-a41d-4aa4-98a2-4186e05ab504@group-03A0B31A0095:t1, leader=null, voted=57d83d75-a41d-4aa4-98a2-4186e05ab504, raftlog=57d83d75-a41d-4aa4-98a2-4186e05ab504@group-03A0B31A0095-SegmentedRaftLog:OPENED:c-1,f-1,i0, conf=-1: [57d83d75-a41d-4aa4-98a2-4186e05ab504:192.168.34.62:46845, 6befc45b-dcf8-424c-b341-d7aa439c4bd9:192.168.34.62:36500, 2636e257-7a47-4bf8-b940-93a028f0c6b6:192.168.34.62:43946], old=null
2019-10-17 07:38:10,306 [57d83d75-a41d-4aa4-98a2-4186e05ab504@group-03A0B31A0095-LeaderElection18] INFO  impl.RoleInfo (RoleInfo.java:shutdownLeaderElection(134)) - 57d83d75-a41d-4aa4-98a2-4186e05ab504: shutdown LeaderElection
2019-10-17 07:38:10,313 [57d83d75-a41d-4aa4-98a2-4186e05ab504@group-03A0B31A0095-LeaderElection18] INFO  impl.RaftServerImpl (RaftServerImpl.java:setRole(184)) - 57d83d75-a41d-4aa4-98a2-4186e05ab504@group-03A0B31A0095: changes role from CANDIDATE to LEADER at term 1 for changeToLeader
2019-10-17 07:38:10,313 [6befc45b-dcf8-424c-b341-d7aa439c4bd9@group-03A0B31A0095-LeaderElection19] INFO  impl.LeaderElection (LeaderElection.java:logAndReturn(56)) - 6befc45b-dcf8-424c-b341-d7aa439c4bd9@group-03A0B31A0095-LeaderElection19: Election REJECTED; received 2 response(s) [6befc45b-dcf8-424c-b341-d7aa439c4bd9<-57d83d75-a41d-4aa4-98a2-4186e05ab504#0:FAIL-t1, 6befc45b-dcf8-424c-b341-d7aa439c4bd9<-2636e257-7a47-4bf8-b940-93a028f0c6b6#0:FAIL-t1] and 0 exception(s); 6befc45b-dcf8-424c-b341-d7aa439c4bd9@group-03A0B31A0095:t1, leader=null, voted=6befc45b-dcf8-424c-b341-d7aa439c4bd9, raftlog=6befc45b-dcf8-424c-b341-d7aa439c4bd9@group-03A0B31A0095-SegmentedRaftLog:OPENED:c-1,f-1,i0, conf=-1: [57d83d75-a41d-4aa4-98a2-4186e05ab504:192.168.34.62:46845, 6befc45b-dcf8-424c-b341-d7aa439c4bd9:192.168.34.62:36500, 2636e257-7a47-4bf8-b940-93a028f0c6b6:192.168.34.62:43946], old=null
2019-10-17 07:38:10,313 [57d83d75-a41d-4aa4-98a2-4186e05ab504@group-03A0B31A0095-LeaderElection18] INFO  ratis.XceiverServerRatis (XceiverServerRatis.java:handleLeaderChangedNotification(699)) - Leader change notification received for group: group-03A0B31A0095 with new leaderId: 57d83d75-a41d-4aa4-98a2-4186e05ab504
2019-10-17 07:38:10,315 [6befc45b-dcf8-424c-b341-d7aa439c4bd9@group-03A0B31A0095-LeaderElection19] INFO  impl.RaftServerImpl (RaftServerImpl.java:setRole(184)) - 6befc45b-dcf8-424c-b341-d7aa439c4bd9@group-03A0B31A0095: changes role from CANDIDATE to FOLLOWER at term 1 for DISCOVERED_A_NEW_TERM
2019-10-17 07:38:10,316 [6befc45b-dcf8-424c-b341-d7aa439c4bd9@group-03A0B31A0095-LeaderElection19] INFO  impl.RoleInfo (RoleInfo.java:shutdownLeaderElection(134)) - 6befc45b-dcf8-424c-b341-d7aa439c4bd9: shutdown LeaderElection
2019-10-17 07:38:10,316 [57d83d75-a41d-4aa4-98a2-4186e05ab504@group-03A0B31A0095-LeaderElection18] INFO  impl.RaftServerImpl (ServerState.java:setLeader(256)) - 57d83d75-a41d-4aa4-98a2-4186e05ab504@group-03A0B31A0095: change Leader from null to 57d83d75-a41d-4aa4-98a2-4186e05ab504 at term 1 for becomeLeader, leader elected after 134ms
2019-10-17 07:38:10,317 [6befc45b-dcf8-424c-b341-d7aa439c4bd9@group-03A0B31A0095-LeaderElection19] INFO  impl.RoleInfo (RoleInfo.java:updateAndGet(143)) - 6befc45b-dcf8-424c-b341-d7aa439c4bd9: start FollowerState
2019-10-17 07:38:10,317 [57d83d75-a41d-4aa4-98a2-4186e05ab504@group-03A0B31A0095-LeaderElection18] INFO  server.RaftServerConfigKeys (ConfUtils.java:logGet(43)) - raft.server.staging.catchup.gap = 1000 (default)
2019-10-17 07:38:10,317 [57d83d75-a41d-4aa4-98a2-4186e05ab504@group-03A0B31A0095-LeaderElection18] INFO  server.RaftServerConfigKeys (ConfUtils.java:logGet(43)) - raft.server.rpc.sleep.time = 25ms (default)
2019-10-17 07:38:10,317 [57d83d75-a41d-4aa4-98a2-4186e05ab504@group-03A0B31A0095-LeaderElection18] INFO  server.RaftServerConfigKeys (ConfUtils.java:logGet(43)) - raft.server.write.element-limit = 4096 (default)
2019-10-17 07:38:10,317 [57d83d75-a41d-4aa4-98a2-4186e05ab504@group-03A0B31A0095-LeaderElection18] INFO  server.RaftServerConfigKeys (ConfUtils.java:logGet(43)) - raft.server.watch.timeout = 10s (default)
2019-10-17 07:38:10,318 [57d83d75-a41d-4aa4-98a2-4186e05ab504@group-03A0B31A0095-LeaderElection18] INFO  server.RaftServerConfigKeys (ConfUtils.java:logGet(43)) - raft.server.watch.timeout.denomination = 1s (default)
2019-10-17 07:38:10,318 [57d83d75-a41d-4aa4-98a2-4186e05ab504@group-03A0B31A0095-LeaderElection18] INFO  server.RaftServerConfigKeys (ConfUtils.java:logGet(43)) - raft.server.watch.element-limit = 65536 (default)
2019-10-17 07:38:10,322 [57d83d75-a41d-4aa4-98a2-4186e05ab504@group-03A0B31A0095-LeaderElection18] INFO  server.RaftServerConfigKeys (ConfUtils.java:logGet(43)) - raft.server.log.appender.snapshot.chunk.size.max = 16MB (=16777216) (default)
2019-10-17 07:38:10,323 [EventQueue-PipelineReportForPipelineReportHandler] INFO  pipeline.PipelineReportHandler (PipelineReportHandler.java:processPipelineReport(119)) - Pipeline PipelineID=43093ddb-3ab0-420e-9360-03a0b31a0095 reported by 57d83d75-a41d-4aa4-98a2-4186e05ab504{ip: 192.168.34.62, host: pr-hdds-1868-lzclr-202649289, networkLocation: /default-rack, certSerialId: null} with leaderId 57d83d75-a41d-4aa4-98a2-4186e05ab504
2019-10-17 07:38:10,323 [57d83d75-a41d-4aa4-98a2-4186e05ab504@group-03A0B31A0095-LeaderElection18] INFO  server.RaftServerConfigKeys (ConfUtils.java:logGet(43)) - raft.server.log.appender.buffer.byte-limit = 33554432 (custom)
2019-10-17 07:38:10,323 [57d83d75-a41d-4aa4-98a2-4186e05ab504@group-03A0B31A0095-LeaderElection18] INFO  server.RaftServerConfigKeys (ConfUtils.java:logGet(43)) - raft.server.log.appender.buffer.element-limit = 1 (custom)
2019-10-17 07:38:10,323 [57d83d75-a41d-4aa4-98a2-4186e05ab504@group-03A0B31A0095-LeaderElection18] INFO  grpc.GrpcConfigKeys$Server (ConfUtils.java:logGet(43)) - raft.grpc.server.leader.outstanding.appends.max = 128 (default)
2019-10-17 07:38:10,324 [57d83d75-a41d-4aa4-98a2-4186e05ab504@group-03A0B31A0095-LeaderElection18] INFO  server.RaftServerConfigKeys (ConfUtils.java:logGet(43)) - raft.server.rpc.request.timeout = 3000ms (default)
2019-10-17 07:38:10,324 [57d83d75-a41d-4aa4-98a2-4186e05ab504@group-03A0B31A0095-LeaderElection18] INFO  server.RaftServerConfigKeys (ConfUtils.java:logGet(43)) - raft.server.log.appender.install.snapshot.enabled = false (custom)
2019-10-17 07:38:10,326 [57d83d75-a41d-4aa4-98a2-4186e05ab504@group-03A0B31A0095-LeaderElection18] INFO  server.RaftServerConfigKeys (ConfUtils.java:logGet(43)) - raft.server.log.appender.snapshot.chunk.size.max = 16MB (=16777216) (default)
2019-10-17 07:38:10,326 [57d83d75-a41d-4aa4-98a2-4186e05ab504@group-03A0B31A0095-LeaderElection18] INFO  server.RaftServerConfigKeys (ConfUtils.java:logGet(43)) - raft.server.log.appender.buffer.byte-limit = 33554432 (custom)
2019-10-17 07:38:10,327 [57d83d75-a41d-4aa4-98a2-4186e05ab504@group-03A0B31A0095-LeaderElection18] INFO  server.RaftServerConfigKeys (ConfUtils.java:logGet(43)) - raft.server.log.appender.buffer.element-limit = 1 (custom)
2019-10-17 07:38:10,327 [57d83d75-a41d-4aa4-98a2-4186e05ab504@group-03A0B31A0095-LeaderElection18] INFO  grpc.GrpcConfigKeys$Server (ConfUtils.java:logGet(43)) - raft.grpc.server.leader.outstanding.appends.max = 128 (default)
2019-10-17 07:38:10,327 [57d83d75-a41d-4aa4-98a2-4186e05ab504@group-03A0B31A0095-LeaderElection18] INFO  server.RaftServerConfigKeys (ConfUtils.java:logGet(43)) - raft.server.rpc.request.timeout = 3000ms (default)
2019-10-17 07:38:10,327 [57d83d75-a41d-4aa4-98a2-4186e05ab504@group-03A0B31A0095-LeaderElection18] INFO  server.RaftServerConfigKeys (ConfUtils.java:logGet(43)) - raft.server.log.appender.install.snapshot.enabled = false (custom)
2019-10-17 07:38:10,330 [57d83d75-a41d-4aa4-98a2-4186e05ab504@group-03A0B31A0095-LeaderElection18] INFO  impl.RoleInfo (RoleInfo.java:updateAndGet(143)) - 57d83d75-a41d-4aa4-98a2-4186e05ab504: start LeaderState
2019-10-17 07:38:10,330 [57d83d75-a41d-4aa4-98a2-4186e05ab504@group-03A0B31A0095-LeaderElection18] INFO  segmented.SegmentedRaftLogWorker (SegmentedRaftLogWorker.java:startLogSegment(385)) - 57d83d75-a41d-4aa4-98a2-4186e05ab504@group-03A0B31A0095-SegmentedRaftLogWorker: Starting segment from index:0
2019-10-17 07:38:10,331 [57d83d75-a41d-4aa4-98a2-4186e05ab504@group-03A0B31A0095-LeaderElection18] INFO  impl.RaftServerImpl (ServerState.java:setRaftConf(357)) - 57d83d75-a41d-4aa4-98a2-4186e05ab504@group-03A0B31A0095: set configuration 0: [57d83d75-a41d-4aa4-98a2-4186e05ab504:192.168.34.62:46845, 6befc45b-dcf8-424c-b341-d7aa439c4bd9:192.168.34.62:36500, 2636e257-7a47-4bf8-b940-93a028f0c6b6:192.168.34.62:43946], old=null at 0
2019-10-17 07:38:10,334 [grpc-default-executor-5] INFO  ratis.XceiverServerRatis (XceiverServerRatis.java:handleLeaderChangedNotification(699)) - Leader change notification received for group: group-03A0B31A0095 with new leaderId: 57d83d75-a41d-4aa4-98a2-4186e05ab504
2019-10-17 07:38:10,334 [grpc-default-executor-2] INFO  ratis.XceiverServerRatis (XceiverServerRatis.java:handleLeaderChangedNotification(699)) - Leader change notification received for group: group-03A0B31A0095 with new leaderId: 57d83d75-a41d-4aa4-98a2-4186e05ab504
2019-10-17 07:38:10,334 [grpc-default-executor-5] INFO  impl.RaftServerImpl (ServerState.java:setLeader(256)) - 6befc45b-dcf8-424c-b341-d7aa439c4bd9@group-03A0B31A0095: change Leader from null to 57d83d75-a41d-4aa4-98a2-4186e05ab504 at term 1 for appendEntries, leader elected after 155ms
2019-10-17 07:38:10,335 [grpc-default-executor-2] INFO  impl.RaftServerImpl (ServerState.java:setLeader(256)) - 2636e257-7a47-4bf8-b940-93a028f0c6b6@group-03A0B31A0095: change Leader from null to 57d83d75-a41d-4aa4-98a2-4186e05ab504 at term 1 for appendEntries, leader elected after 154ms
2019-10-17 07:38:10,371 [EventQueue-PipelineReportForPipelineReportHandler] INFO  pipeline.PipelineReportHandler (PipelineReportHandler.java:processPipelineReport(119)) - Pipeline PipelineID=43093ddb-3ab0-420e-9360-03a0b31a0095 reported by 6befc45b-dcf8-424c-b341-d7aa439c4bd9{ip: 192.168.34.62, host: pr-hdds-1868-lzclr-202649289, networkLocation: /default-rack, certSerialId: null} with leaderId 57d83d75-a41d-4aa4-98a2-4186e05ab504
2019-10-17 07:38:10,371 [EventQueue-PipelineReportForPipelineReportHandler] INFO  pipeline.PipelineReportHandler (PipelineReportHandler.java:processPipelineReport(119)) - Pipeline PipelineID=43093ddb-3ab0-420e-9360-03a0b31a0095 reported by 2636e257-7a47-4bf8-b940-93a028f0c6b6{ip: 192.168.34.62, host: pr-hdds-1868-lzclr-202649289, networkLocation: /default-rack, certSerialId: null} with leaderId 57d83d75-a41d-4aa4-98a2-4186e05ab504
2019-10-17 07:38:10,371 [EventQueue-PipelineReportForPipelineReportHandler] INFO  pipeline.PipelineStateManager (PipelineStateManager.java:openPipeline(134)) - Pipeline Pipeline[ Id: 43093ddb-3ab0-420e-9360-03a0b31a0095, Nodes: 2636e257-7a47-4bf8-b940-93a028f0c6b6{ip: 192.168.34.62, host: pr-hdds-1868-lzclr-202649289, networkLocation: /default-rack, certSerialId: null}6befc45b-dcf8-424c-b341-d7aa439c4bd9{ip: 192.168.34.62, host: pr-hdds-1868-lzclr-202649289, networkLocation: /default-rack, certSerialId: null}57d83d75-a41d-4aa4-98a2-4186e05ab504{ip: 192.168.34.62, host: pr-hdds-1868-lzclr-202649289, networkLocation: /default-rack, certSerialId: null}, Type:RATIS, Factor:THREE, State:OPEN] moved to OPEN state
2019-10-17 07:38:10,374 [grpc-default-executor-2] INFO  impl.RaftServerImpl (ServerState.java:setRaftConf(357)) - 6befc45b-dcf8-424c-b341-d7aa439c4bd9@group-03A0B31A0095: set configuration 0: [57d83d75-a41d-4aa4-98a2-4186e05ab504:192.168.34.62:46845, 6befc45b-dcf8-424c-b341-d7aa439c4bd9:192.168.34.62:36500, 2636e257-7a47-4bf8-b940-93a028f0c6b6:192.168.34.62:43946], old=null at 0
2019-10-17 07:38:10,374 [grpc-default-executor-5] INFO  impl.RaftServerImpl (ServerState.java:setRaftConf(357)) - 2636e257-7a47-4bf8-b940-93a028f0c6b6@group-03A0B31A0095: set configuration 0: [57d83d75-a41d-4aa4-98a2-4186e05ab504:192.168.34.62:46845, 6befc45b-dcf8-424c-b341-d7aa439c4bd9:192.168.34.62:36500, 2636e257-7a47-4bf8-b940-93a028f0c6b6:192.168.34.62:43946], old=null at 0
2019-10-17 07:38:10,375 [grpc-default-executor-2] INFO  segmented.SegmentedRaftLogWorker (SegmentedRaftLogWorker.java:startLogSegment(385)) - 6befc45b-dcf8-424c-b341-d7aa439c4bd9@group-03A0B31A0095-SegmentedRaftLogWorker: Starting segment from index:0
2019-10-17 07:38:10,375 [grpc-default-executor-5] INFO  segmented.SegmentedRaftLogWorker (SegmentedRaftLogWorker.java:startLogSegment(385)) - 2636e257-7a47-4bf8-b940-93a028f0c6b6@group-03A0B31A0095-SegmentedRaftLogWorker: Starting segment from index:0
2019-10-17 07:38:10,398 [57d83d75-a41d-4aa4-98a2-4186e05ab504@group-03A0B31A0095-SegmentedRaftLogWorker] INFO  segmented.SegmentedRaftLogWorker (SegmentedRaftLogWorker.java:execute(576)) - 57d83d75-a41d-4aa4-98a2-4186e05ab504@group-03A0B31A0095-SegmentedRaftLogWorker: created new log segment /workdir/hadoop-ozone/integration-test/target/test-dir/MiniOzoneClusterImpl-eeadbacc-06c2-472c-a3f4-8a25f61a295a/datanode-4/data/ratis/43093ddb-3ab0-420e-9360-03a0b31a0095/current/log_inprogress_0
2019-10-17 07:38:10,440 [6befc45b-dcf8-424c-b341-d7aa439c4bd9@group-03A0B31A0095-SegmentedRaftLogWorker] INFO  segmented.SegmentedRaftLogWorker (SegmentedRaftLogWorker.java:execute(576)) - 6befc45b-dcf8-424c-b341-d7aa439c4bd9@group-03A0B31A0095-SegmentedRaftLogWorker: created new log segment /workdir/hadoop-ozone/integration-test/target/test-dir/MiniOzoneClusterImpl-eeadbacc-06c2-472c-a3f4-8a25f61a295a/datanode-0/data/ratis/43093ddb-3ab0-420e-9360-03a0b31a0095/current/log_inprogress_0
2019-10-17 07:38:10,440 [2636e257-7a47-4bf8-b940-93a028f0c6b6@group-03A0B31A0095-SegmentedRaftLogWorker] INFO  segmented.SegmentedRaftLogWorker (SegmentedRaftLogWorker.java:execute(576)) - 2636e257-7a47-4bf8-b940-93a028f0c6b6@group-03A0B31A0095-SegmentedRaftLogWorker: created new log segment /workdir/hadoop-ozone/integration-test/target/test-dir/MiniOzoneClusterImpl-eeadbacc-06c2-472c-a3f4-8a25f61a295a/datanode-5/data/ratis/43093ddb-3ab0-420e-9360-03a0b31a0095/current/log_inprogress_0
2019-10-17 07:38:11,257 [Thread-0] INFO  ozone.MiniOzoneClusterImpl (MiniOzoneClusterImpl.java:lambda$waitForClusterToBeReady$2(172)) - Cluster is ready. Got 6 of 6 DN Heartbeats.
2019-10-17 07:38:11,258 [Thread-0] INFO  pipeline.SCMPipelineManager (SCMPipelineManager.java:finalizeAndDestroyPipeline(315)) - destroying pipeline:Pipeline[ Id: 1b6d7be7-f489-4974-a4e8-fbd9f5e75b36, Nodes: 920a4478-64f4-4720-983c-9a2102f3c94b{ip: 192.168.34.62, host: pr-hdds-1868-lzclr-202649289, networkLocation: /default-rack, certSerialId: null}4b035f45-7941-40c3-ba2d-1cbecd2d369e{ip: 192.168.34.62, host: pr-hdds-1868-lzclr-202649289, networkLocation: /default-rack, certSerialId: null}05f59524-a4ea-4be4-b99d-fb9eed47142d{ip: 192.168.34.62, host: pr-hdds-1868-lzclr-202649289, networkLocation: /default-rack, certSerialId: null}, Type:RATIS, Factor:THREE, State:OPEN]
2019-10-17 07:38:11,259 [Thread-0] INFO  pipeline.PipelineStateManager (PipelineStateManager.java:finalizePipeline(121)) - Pipeline Pipeline[ Id: 1b6d7be7-f489-4974-a4e8-fbd9f5e75b36, Nodes: 920a4478-64f4-4720-983c-9a2102f3c94b{ip: 192.168.34.62, host: pr-hdds-1868-lzclr-202649289, networkLocation: /default-rack, certSerialId: null}4b035f45-7941-40c3-ba2d-1cbecd2d369e{ip: 192.168.34.62, host: pr-hdds-1868-lzclr-202649289, networkLocation: /default-rack, certSerialId: null}05f59524-a4ea-4be4-b99d-fb9eed47142d{ip: 192.168.34.62, host: pr-hdds-1868-lzclr-202649289, networkLocation: /default-rack, certSerialId: null}, Type:RATIS, Factor:THREE, State:CLOSED] moved to CLOSED state
2019-10-17 07:38:11,270 [grpc-default-executor-5] INFO  impl.RaftServerProxy (RaftServerProxy.java:remove(95)) - 920a4478-64f4-4720-983c-9a2102f3c94b: remove  FOLLOWER 920a4478-64f4-4720-983c-9a2102f3c94b@group-FBD9F5E75B36:t3, leader=4b035f45-7941-40c3-ba2d-1cbecd2d369e, voted=null, raftlog=920a4478-64f4-4720-983c-9a2102f3c94b@group-FBD9F5E75B36-SegmentedRaftLog:OPENED:c-1,f0,i0, conf=0: [05f59524-a4ea-4be4-b99d-fb9eed47142d:192.168.34.62:45919, 4b035f45-7941-40c3-ba2d-1cbecd2d369e:192.168.34.62:45443, 920a4478-64f4-4720-983c-9a2102f3c94b:192.168.34.62:38609], old=null RUNNING
2019-10-17 07:38:11,271 [grpc-default-executor-5] INFO  impl.RaftServerImpl (RaftServerImpl.java:lambda$shutdown$3(261)) - 920a4478-64f4-4720-983c-9a2102f3c94b@group-FBD9F5E75B36: shutdown
2019-10-17 07:38:11,272 [grpc-default-executor-5] INFO  util.JmxRegister (JmxRegister.java:unregister(73)) - Successfully un-registered JMX Bean with object name Ratis:service=RaftServer,group=group-FBD9F5E75B36,id=920a4478-64f4-4720-983c-9a2102f3c94b
2019-10-17 07:38:11,272 [grpc-default-executor-5] INFO  impl.RoleInfo (RoleInfo.java:shutdownFollowerState(121)) - 920a4478-64f4-4720-983c-9a2102f3c94b: shutdown FollowerState
2019-10-17 07:38:11,272 [grpc-default-executor-5] INFO  impl.StateMachineUpdater (StateMachineUpdater.java:stopAndJoin(136)) - 920a4478-64f4-4720-983c-9a2102f3c94b@group-FBD9F5E75B36-StateMachineUpdater: set stopIndex = -1
2019-10-17 07:38:11,272 [Thread-296] INFO  impl.FollowerState (FollowerState.java:run(117)) - 920a4478-64f4-4720-983c-9a2102f3c94b@group-FBD9F5E75B36-FollowerState was interrupted: java.lang.InterruptedException: sleep interrupted
2019-10-17 07:38:11,274 [grpc-default-executor-5] INFO  impl.RaftServerImpl (ServerState.java:close(388)) - 920a4478-64f4-4720-983c-9a2102f3c94b@group-FBD9F5E75B36: closes. applyIndex: -1
2019-10-17 07:38:11,274 [920a4478-64f4-4720-983c-9a2102f3c94b@group-FBD9F5E75B36-SegmentedRaftLogWorker] INFO  segmented.SegmentedRaftLogWorker (SegmentedRaftLogWorker.java:run(316)) - 920a4478-64f4-4720-983c-9a2102f3c94b@group-FBD9F5E75B36-SegmentedRaftLogWorker was interrupted, exiting. There are 0 tasks remaining in the queue.
2019-10-17 07:38:11,276 [grpc-default-executor-5] INFO  segmented.SegmentedRaftLogWorker (SegmentedRaftLogWorker.java:close(224)) - 920a4478-64f4-4720-983c-9a2102f3c94b@group-FBD9F5E75B36-SegmentedRaftLogWorker close()
2019-10-17 07:38:11,290 [grpc-default-executor-5] INFO  impl.RaftServerProxy (RaftServerProxy.java:remove(95)) - 4b035f45-7941-40c3-ba2d-1cbecd2d369e: remove    LEADER 4b035f45-7941-40c3-ba2d-1cbecd2d369e@group-FBD9F5E75B36:t3, leader=4b035f45-7941-40c3-ba2d-1cbecd2d369e, voted=4b035f45-7941-40c3-ba2d-1cbecd2d369e, raftlog=4b035f45-7941-40c3-ba2d-1cbecd2d369e@group-FBD9F5E75B36-SegmentedRaftLog:OPENED:c0,f0,i0, conf=0: [05f59524-a4ea-4be4-b99d-fb9eed47142d:192.168.34.62:45919, 4b035f45-7941-40c3-ba2d-1cbecd2d369e:192.168.34.62:45443, 920a4478-64f4-4720-983c-9a2102f3c94b:192.168.34.62:38609], old=null RUNNING
2019-10-17 07:38:11,290 [grpc-default-executor-5] INFO  impl.RaftServerImpl (RaftServerImpl.java:lambda$shutdown$3(261)) - 4b035f45-7941-40c3-ba2d-1cbecd2d369e@group-FBD9F5E75B36: shutdown
2019-10-17 07:38:11,291 [grpc-default-executor-5] INFO  util.JmxRegister (JmxRegister.java:unregister(73)) - Successfully un-registered JMX Bean with object name Ratis:service=RaftServer,group=group-FBD9F5E75B36,id=4b035f45-7941-40c3-ba2d-1cbecd2d369e
2019-10-17 07:38:11,291 [grpc-default-executor-5] INFO  impl.RoleInfo (RoleInfo.java:shutdownLeaderState(104)) - 4b035f45-7941-40c3-ba2d-1cbecd2d369e: shutdown LeaderState
2019-10-17 07:38:11,294 [org.apache.ratis.server.impl.LogAppender$AppenderDaemon$$Lambda$421/655825463@3151b343] WARN  server.GrpcLogAppender (GrpcLogAppender.java:mayWait(149)) - 4b035f45-7941-40c3-ba2d-1cbecd2d369e@group-FBD9F5E75B36->05f59524-a4ea-4be4-b99d-fb9eed47142d-GrpcLogAppender: Wait interrupted by java.lang.InterruptedException
2019-10-17 07:38:11,295 [grpc-default-executor-5] INFO  impl.PendingRequests (PendingRequests.java:sendNotLeaderResponses(202)) - 4b035f45-7941-40c3-ba2d-1cbecd2d369e@group-FBD9F5E75B36-PendingRequests: sendNotLeaderResponses
2019-10-17 07:38:11,294 [org.apache.ratis.server.impl.LogAppender$AppenderDaemon$$Lambda$421/655825463@603428d9] WARN  server.GrpcLogAppender (GrpcLogAppender.java:mayWait(149)) - 4b035f45-7941-40c3-ba2d-1cbecd2d369e@group-FBD9F5E75B36->920a4478-64f4-4720-983c-9a2102f3c94b-GrpcLogAppender: Wait interrupted by java.lang.InterruptedException
2019-10-17 07:38:11,295 [grpc-default-executor-5] INFO  impl.StateMachineUpdater (StateMachineUpdater.java:stopAndJoin(136)) - 4b035f45-7941-40c3-ba2d-1cbecd2d369e@group-FBD9F5E75B36-StateMachineUpdater: set stopIndex = 0
2019-10-17 07:38:11,296 [grpc-default-executor-2] INFO  server.GrpcServerProtocolService (GrpcServerProtocolService.java:onCompleted(113)) - 05f59524-a4ea-4be4-b99d-fb9eed47142d: Completed APPEND_ENTRIES, lastRequest: 4b035f45-7941-40c3-ba2d-1cbecd2d369e->05f59524-a4ea-4be4-b99d-fb9eed47142d#1-t3, previous=(t:0, i:0), leaderCommit=-1, initializing? false, entries: size=1, first=(t:3, i:0), CONFIGURATIONENTRY
2019-10-17 07:38:11,296 [grpc-default-executor-3] INFO  server.GrpcServerProtocolService (GrpcServerProtocolService.java:onCompleted(113)) - 920a4478-64f4-4720-983c-9a2102f3c94b: Completed APPEND_ENTRIES, lastRequest: 4b035f45-7941-40c3-ba2d-1cbecd2d369e->920a4478-64f4-4720-983c-9a2102f3c94b#1-t3, previous=(t:0, i:0), leaderCommit=-1, initializing? false, entries: size=1, first=(t:3, i:0), CONFIGURATIONENTRY
2019-10-17 07:38:11,296 [grpc-default-executor-5] INFO  impl.RaftServerImpl (ServerState.java:close(388)) - 4b035f45-7941-40c3-ba2d-1cbecd2d369e@group-FBD9F5E75B36: closes. applyIndex: 0
2019-10-17 07:38:11,297 [4b035f45-7941-40c3-ba2d-1cbecd2d369e@group-FBD9F5E75B36-SegmentedRaftLogWorker] INFO  segmented.SegmentedRaftLogWorker (SegmentedRaftLogWorker.java:run(316)) - 4b035f45-7941-40c3-ba2d-1cbecd2d369e@group-FBD9F5E75B36-SegmentedRaftLogWorker was interrupted, exiting. There are 0 tasks remaining in the queue.
2019-10-17 07:38:11,297 [grpc-default-executor-2] INFO  server.GrpcLogAppender (GrpcLogAppender.java:onCompleted(308)) - 4b035f45-7941-40c3-ba2d-1cbecd2d369e@group-FBD9F5E75B36->920a4478-64f4-4720-983c-9a2102f3c94b-AppendLogResponseHandler: follower responses appendEntries COMPLETED
2019-10-17 07:38:11,297 [grpc-default-executor-3] INFO  server.GrpcLogAppender (GrpcLogAppender.java:onCompleted(308)) - 4b035f45-7941-40c3-ba2d-1cbecd2d369e@group-FBD9F5E75B36->05f59524-a4ea-4be4-b99d-fb9eed47142d-AppendLogResponseHandler: follower responses appendEntries COMPLETED
2019-10-17 07:38:11,298 [grpc-default-executor-5] INFO  segmented.SegmentedRaftLogWorker (SegmentedRaftLogWorker.java:close(224)) - 4b035f45-7941-40c3-ba2d-1cbecd2d369e@group-FBD9F5E75B36-SegmentedRaftLogWorker close()
2019-10-17 07:38:11,302 [grpc-default-executor-2] INFO  impl.FollowerInfo (FollowerInfo.java:lambda$new$0(51)) - 4b035f45-7941-40c3-ba2d-1cbecd2d369e@group-FBD9F5E75B36->920a4478-64f4-4720-983c-9a2102f3c94b: nextIndex: updateUnconditionally 1 -> 0
2019-10-17 07:38:11,303 [grpc-default-executor-3] INFO  impl.FollowerInfo (FollowerInfo.java:lambda$new$0(51)) - 4b035f45-7941-40c3-ba2d-1cbecd2d369e@group-FBD9F5E75B36->05f59524-a4ea-4be4-b99d-fb9eed47142d: nextIndex: updateUnconditionally 1 -> 0
2019-10-17 07:38:11,314 [grpc-default-executor-3] INFO  impl.RaftServerProxy (RaftServerProxy.java:remove(95)) - 05f59524-a4ea-4be4-b99d-fb9eed47142d: remove  FOLLOWER 05f59524-a4ea-4be4-b99d-fb9eed47142d@group-FBD9F5E75B36:t3, leader=4b035f45-7941-40c3-ba2d-1cbecd2d369e, voted=4b035f45-7941-40c3-ba2d-1cbecd2d369e, raftlog=05f59524-a4ea-4be4-b99d-fb9eed47142d@group-FBD9F5E75B36-SegmentedRaftLog:OPENED:c-1,f0,i0, conf=0: [05f59524-a4ea-4be4-b99d-fb9eed47142d:192.168.34.62:45919, 4b035f45-7941-40c3-ba2d-1cbecd2d369e:192.168.34.62:45443, 920a4478-64f4-4720-983c-9a2102f3c94b:192.168.34.62:38609], old=null RUNNING
2019-10-17 07:38:11,315 [grpc-default-executor-3] INFO  impl.RaftServerImpl (RaftServerImpl.java:lambda$shutdown$3(261)) - 05f59524-a4ea-4be4-b99d-fb9eed47142d@group-FBD9F5E75B36: shutdown
2019-10-17 07:38:11,315 [grpc-default-executor-3] INFO  util.JmxRegister (JmxRegister.java:unregister(73)) - Successfully un-registered JMX Bean with object name Ratis:service=RaftServer,group=group-FBD9F5E75B36,id=05f59524-a4ea-4be4-b99d-fb9eed47142d
2019-10-17 07:38:11,315 [grpc-default-executor-3] INFO  impl.RoleInfo (RoleInfo.java:shutdownFollowerState(121)) - 05f59524-a4ea-4be4-b99d-fb9eed47142d: shutdown FollowerState
2019-10-17 07:38:11,315 [grpc-default-executor-3] INFO  impl.StateMachineUpdater (StateMachineUpdater.java:stopAndJoin(136)) - 05f59524-a4ea-4be4-b99d-fb9eed47142d@group-FBD9F5E75B36-StateMachineUpdater: set stopIndex = -1
2019-10-17 07:38:11,316 [Thread-297] INFO  impl.FollowerState (FollowerState.java:run(117)) - 05f59524-a4ea-4be4-b99d-fb9eed47142d@group-FBD9F5E75B36-FollowerState was interrupted: java.lang.InterruptedException: sleep interrupted
2019-10-17 07:38:11,316 [grpc-default-executor-3] INFO  impl.RaftServerImpl (ServerState.java:close(388)) - 05f59524-a4ea-4be4-b99d-fb9eed47142d@group-FBD9F5E75B36: closes. applyIndex: -1
2019-10-17 07:38:11,317 [05f59524-a4ea-4be4-b99d-fb9eed47142d@group-FBD9F5E75B36-SegmentedRaftLogWorker] INFO  segmented.SegmentedRaftLogWorker (SegmentedRaftLogWorker.java:run(316)) - 05f59524-a4ea-4be4-b99d-fb9eed47142d@group-FBD9F5E75B36-SegmentedRaftLogWorker was interrupted, exiting. There are 0 tasks remaining in the queue.
2019-10-17 07:38:11,319 [grpc-default-executor-3] INFO  segmented.SegmentedRaftLogWorker (SegmentedRaftLogWorker.java:close(224)) - 05f59524-a4ea-4be4-b99d-fb9eed47142d@group-FBD9F5E75B36-SegmentedRaftLogWorker close()
2019-10-17 07:38:11,326 [Thread-0] INFO  pipeline.PipelineStateManager (PipelineStateManager.java:removePipeline(106)) - Pipeline Pipeline[ Id: 1b6d7be7-f489-4974-a4e8-fbd9f5e75b36, Nodes: 920a4478-64f4-4720-983c-9a2102f3c94b{ip: 192.168.34.62, host: pr-hdds-1868-lzclr-202649289, networkLocation: /default-rack, certSerialId: null}4b035f45-7941-40c3-ba2d-1cbecd2d369e{ip: 192.168.34.62, host: pr-hdds-1868-lzclr-202649289, networkLocation: /default-rack, certSerialId: null}05f59524-a4ea-4be4-b99d-fb9eed47142d{ip: 192.168.34.62, host: pr-hdds-1868-lzclr-202649289, networkLocation: /default-rack, certSerialId: null}, Type:RATIS, Factor:THREE, State:CLOSED] removed from db
2019-10-17 07:38:11,326 [Thread-0] INFO  pipeline.SCMPipelineManager (SCMPipelineManager.java:finalizeAndDestroyPipeline(315)) - destroying pipeline:Pipeline[ Id: 43093ddb-3ab0-420e-9360-03a0b31a0095, Nodes: 2636e257-7a47-4bf8-b940-93a028f0c6b6{ip: 192.168.34.62, host: pr-hdds-1868-lzclr-202649289, networkLocation: /default-rack, certSerialId: null}6befc45b-dcf8-424c-b341-d7aa439c4bd9{ip: 192.168.34.62, host: pr-hdds-1868-lzclr-202649289, networkLocation: /default-rack, certSerialId: null}57d83d75-a41d-4aa4-98a2-4186e05ab504{ip: 192.168.34.62, host: pr-hdds-1868-lzclr-202649289, networkLocation: /default-rack, certSerialId: null}, Type:RATIS, Factor:THREE, State:OPEN]
2019-10-17 07:38:11,343 [grpc-default-executor-5] INFO  impl.RaftServerProxy (RaftServerProxy.java:addNew(89)) - 05f59524-a4ea-4be4-b99d-fb9eed47142d: addNew group-9DC5606B5DE8:[05f59524-a4ea-4be4-b99d-fb9eed47142d:192.168.34.62:45919, 4b035f45-7941-40c3-ba2d-1cbecd2d369e:192.168.34.62:45443, 920a4478-64f4-4720-983c-9a2102f3c94b:192.168.34.62:38609] returns group-9DC5606B5DE8:java.util.concurrent.CompletableFuture@3d131464[Not completed]
2019-10-17 07:38:11,343 [grpc-default-executor-2] INFO  impl.RaftServerProxy (RaftServerProxy.java:addNew(89)) - 920a4478-64f4-4720-983c-9a2102f3c94b: addNew group-9DC5606B5DE8:[05f59524-a4ea-4be4-b99d-fb9eed47142d:192.168.34.62:45919, 4b035f45-7941-40c3-ba2d-1cbecd2d369e:192.168.34.62:45443, 920a4478-64f4-4720-983c-9a2102f3c94b:192.168.34.62:38609] returns group-9DC5606B5DE8:java.util.concurrent.CompletableFuture@3ca0e414[Not completed]
2019-10-17 07:38:11,345 [grpc-default-executor-5] INFO  impl.RaftServerProxy (RaftServerProxy.java:addNew(89)) - 4b035f45-7941-40c3-ba2d-1cbecd2d369e: addNew group-9DC5606B5DE8:[05f59524-a4ea-4be4-b99d-fb9eed47142d:192.168.34.62:45919, 4b035f45-7941-40c3-ba2d-1cbecd2d369e:192.168.34.62:45443, 920a4478-64f4-4720-983c-9a2102f3c94b:192.168.34.62:38609] returns group-9DC5606B5DE8:java.util.concurrent.CompletableFuture@706cac9c[Not completed]
2019-10-17 07:38:11,347 [pool-47-thread-1] INFO  impl.RaftServerImpl (RaftServerImpl.java:<init>(104)) - 920a4478-64f4-4720-983c-9a2102f3c94b: new RaftServerImpl for group-9DC5606B5DE8:[05f59524-a4ea-4be4-b99d-fb9eed47142d:192.168.34.62:45919, 4b035f45-7941-40c3-ba2d-1cbecd2d369e:192.168.34.62:45443, 920a4478-64f4-4720-983c-9a2102f3c94b:192.168.34.62:38609] with ContainerStateMachine:uninitialized
2019-10-17 07:38:11,347 [pool-47-thread-1] INFO  server.RaftServerConfigKeys (ConfUtils.java:logGet(43)) - raft.server.rpc.timeout.min = 5s (custom)
2019-10-17 07:38:11,347 [pool-47-thread-1] INFO  server.RaftServerConfigKeys (ConfUtils.java:logGet(43)) - raft.server.rpc.timeout.max = 5200ms (custom)
2019-10-17 07:38:11,348 [pool-47-thread-1] INFO  server.RaftServerConfigKeys (ConfUtils.java:logGet(43)) - raft.server.rpcslowness.timeout = 120s (custom)
2019-10-17 07:38:11,348 [pool-47-thread-1] INFO  server.RaftServerConfigKeys (ConfUtils.java:logGet(43)) - raft.server.sleep.deviation.threshold = 300 (default)
2019-10-17 07:38:11,348 [pool-47-thread-1] INFO  server.RaftServerConfigKeys (ConfUtils.java:logGet(43)) - raft.server.log.appender.install.snapshot.enabled = false (custom)
2019-10-17 07:38:11,348 [pool-47-thread-1] INFO  impl.RaftServerImpl (ServerState.java:<init>(103)) - 920a4478-64f4-4720-983c-9a2102f3c94b@group-9DC5606B5DE8: ConfigurationManager, init=-1: [05f59524-a4ea-4be4-b99d-fb9eed47142d:192.168.34.62:45919, 4b035f45-7941-40c3-ba2d-1cbecd2d369e:192.168.34.62:45443, 920a4478-64f4-4720-983c-9a2102f3c94b:192.168.34.62:38609], old=null, confs=<EMPTY_MAP>
2019-10-17 07:38:11,348 [pool-57-thread-1] INFO  impl.RaftServerImpl (RaftServerImpl.java:<init>(104)) - 4b035f45-7941-40c3-ba2d-1cbecd2d369e: new RaftServerImpl for group-9DC5606B5DE8:[05f59524-a4ea-4be4-b99d-fb9eed47142d:192.168.34.62:45919, 4b035f45-7941-40c3-ba2d-1cbecd2d369e:192.168.34.62:45443, 920a4478-64f4-4720-983c-9a2102f3c94b:192.168.34.62:38609] with ContainerStateMachine:uninitialized
2019-10-17 07:38:11,348 [pool-47-thread-1] INFO  server.RaftServerConfigKeys (ConfUtils.java:logGet(43)) - raft.server.storage.dir = [/workdir/hadoop-ozone/integration-test/target/test-dir/MiniOzoneClusterImpl-eeadbacc-06c2-472c-a3f4-8a25f61a295a/datanode-2/data/ratis] (custom)
2019-10-17 07:38:11,348 [pool-57-thread-1] INFO  server.RaftServerConfigKeys (ConfUtils.java:logGet(43)) - raft.server.rpc.timeout.min = 5s (custom)
2019-10-17 07:38:11,349 [pool-57-thread-1] INFO  server.RaftServerConfigKeys (ConfUtils.java:logGet(43)) - raft.server.rpc.timeout.max = 5200ms (custom)
2019-10-17 07:38:11,349 [pool-47-thread-1] INFO  server.RaftServerConfigKeys (ConfUtils.java:logGet(43)) - raft.server.log.corruption.policy = EXCEPTION (default)
2019-10-17 07:38:11,349 [pool-57-thread-1] INFO  server.RaftServerConfigKeys (ConfUtils.java:logGet(43)) - raft.server.rpcslowness.timeout = 120s (custom)
2019-10-17 07:38:11,349 [pool-47-thread-1] INFO  storage.RaftStorageDirectory (RaftStorageDirectory.java:analyzeStorage(246)) - The storage directory /workdir/hadoop-ozone/integration-test/target/test-dir/MiniOzoneClusterImpl-eeadbacc-06c2-472c-a3f4-8a25f61a295a/datanode-2/data/ratis/e368d980-3d54-439a-ae9e-9dc5606b5de8 does not exist. Creating ...
2019-10-17 07:38:11,349 [pool-57-thread-1] INFO  server.RaftServerConfigKeys (ConfUtils.java:logGet(43)) - raft.server.sleep.deviation.threshold = 300 (default)
2019-10-17 07:38:11,349 [pool-37-thread-1] INFO  impl.RaftServerImpl (RaftServerImpl.java:<init>(104)) - 05f59524-a4ea-4be4-b99d-fb9eed47142d: new RaftServerImpl for group-9DC5606B5DE8:[05f59524-a4ea-4be4-b99d-fb9eed47142d:192.168.34.62:45919, 4b035f45-7941-40c3-ba2d-1cbecd2d369e:192.168.34.62:45443, 920a4478-64f4-4720-983c-9a2102f3c94b:192.168.34.62:38609] with ContainerStateMachine:uninitialized
2019-10-17 07:38:11,350 [pool-57-thread-1] INFO  server.RaftServerConfigKeys (ConfUtils.java:logGet(43)) - raft.server.log.appender.install.snapshot.enabled = false (custom)
2019-10-17 07:38:11,351 [pool-37-thread-1] INFO  server.RaftServerConfigKeys (ConfUtils.java:logGet(43)) - raft.server.rpc.timeout.min = 5s (custom)
2019-10-17 07:38:11,351 [pool-57-thread-1] INFO  impl.RaftServerImpl (ServerState.java:<init>(103)) - 4b035f45-7941-40c3-ba2d-1cbecd2d369e@group-9DC5606B5DE8: ConfigurationManager, init=-1: [05f59524-a4ea-4be4-b99d-fb9eed47142d:192.168.34.62:45919, 4b035f45-7941-40c3-ba2d-1cbecd2d369e:192.168.34.62:45443, 920a4478-64f4-4720-983c-9a2102f3c94b:192.168.34.62:38609], old=null, confs=<EMPTY_MAP>
2019-10-17 07:38:11,351 [pool-37-thread-1] INFO  server.RaftServerConfigKeys (ConfUtils.java:logGet(43)) - raft.server.rpc.timeout.max = 5200ms (custom)
2019-10-17 07:38:11,351 [pool-37-thread-1] INFO  server.RaftServerConfigKeys (ConfUtils.java:logGet(43)) - raft.server.rpcslowness.timeout = 120s (custom)
2019-10-17 07:38:11,352 [pool-37-thread-1] INFO  server.RaftServerConfigKeys (ConfUtils.java:logGet(43)) - raft.server.sleep.deviation.threshold = 300 (default)
2019-10-17 07:38:11,352 [pool-57-thread-1] INFO  server.RaftServerConfigKeys (ConfUtils.java:logGet(43)) - raft.server.storage.dir = [/workdir/hadoop-ozone/integration-test/target/test-dir/MiniOzoneClusterImpl-eeadbacc-06c2-472c-a3f4-8a25f61a295a/datanode-3/data/ratis] (custom)
2019-10-17 07:38:11,352 [pool-37-thread-1] INFO  server.RaftServerConfigKeys (ConfUtils.java:logGet(43)) - raft.server.log.appender.install.snapshot.enabled = false (custom)
2019-10-17 07:38:11,352 [pool-37-thread-1] INFO  impl.RaftServerImpl (ServerState.java:<init>(103)) - 05f59524-a4ea-4be4-b99d-fb9eed47142d@group-9DC5606B5DE8: ConfigurationManager, init=-1: [05f59524-a4ea-4be4-b99d-fb9eed47142d:192.168.34.62:45919, 4b035f45-7941-40c3-ba2d-1cbecd2d369e:192.168.34.62:45443, 920a4478-64f4-4720-983c-9a2102f3c94b:192.168.34.62:38609], old=null, confs=<EMPTY_MAP>
2019-10-17 07:38:11,352 [pool-37-thread-1] INFO  server.RaftServerConfigKeys (ConfUtils.java:logGet(43)) - raft.server.storage.dir = [/workdir/hadoop-ozone/integration-test/target/test-dir/MiniOzoneClusterImpl-eeadbacc-06c2-472c-a3f4-8a25f61a295a/datanode-1/data/ratis] (custom)
2019-10-17 07:38:11,352 [pool-57-thread-1] INFO  server.RaftServerConfigKeys (ConfUtils.java:logGet(43)) - raft.server.log.corruption.policy = EXCEPTION (default)
2019-10-17 07:38:11,353 [pool-37-thread-1] INFO  server.RaftServerConfigKeys (ConfUtils.java:logGet(43)) - raft.server.log.corruption.policy = EXCEPTION (default)
2019-10-17 07:38:11,353 [pool-57-thread-1] INFO  storage.RaftStorageDirectory (RaftStorageDirectory.java:analyzeStorage(246)) - The storage directory /workdir/hadoop-ozone/integration-test/target/test-dir/MiniOzoneClusterImpl-eeadbacc-06c2-472c-a3f4-8a25f61a295a/datanode-3/data/ratis/e368d980-3d54-439a-ae9e-9dc5606b5de8 does not exist. Creating ...
2019-10-17 07:38:11,353 [pool-37-thread-1] INFO  storage.RaftStorageDirectory (RaftStorageDirectory.java:analyzeStorage(246)) - The storage directory /workdir/hadoop-ozone/integration-test/target/test-dir/MiniOzoneClusterImpl-eeadbacc-06c2-472c-a3f4-8a25f61a295a/datanode-1/data/ratis/e368d980-3d54-439a-ae9e-9dc5606b5de8 does not exist. Creating ...
2019-10-17 07:38:11,457 [pool-57-thread-1] INFO  storage.RaftStorageDirectory (RaftStorageDirectory.java:tryLock(328)) - Lock on /workdir/hadoop-ozone/integration-test/target/test-dir/MiniOzoneClusterImpl-eeadbacc-06c2-472c-a3f4-8a25f61a295a/datanode-3/data/ratis/e368d980-3d54-439a-ae9e-9dc5606b5de8/in_use.lock acquired by nodename 20757@pr-hdds-1868-lzclr-202649289
2019-10-17 07:38:11,457 [pool-47-thread-1] INFO  storage.RaftStorageDirectory (RaftStorageDirectory.java:tryLock(328)) - Lock on /workdir/hadoop-ozone/integration-test/target/test-dir/MiniOzoneClusterImpl-eeadbacc-06c2-472c-a3f4-8a25f61a295a/datanode-2/data/ratis/e368d980-3d54-439a-ae9e-9dc5606b5de8/in_use.lock acquired by nodename 20757@pr-hdds-1868-lzclr-202649289
2019-10-17 07:38:11,457 [pool-37-thread-1] INFO  storage.RaftStorageDirectory (RaftStorageDirectory.java:tryLock(328)) - Lock on /workdir/hadoop-ozone/integration-test/target/test-dir/MiniOzoneClusterImpl-eeadbacc-06c2-472c-a3f4-8a25f61a295a/datanode-1/data/ratis/e368d980-3d54-439a-ae9e-9dc5606b5de8/in_use.lock acquired by nodename 20757@pr-hdds-1868-lzclr-202649289
2019-10-17 07:38:11,494 [pool-57-thread-1] INFO  storage.RaftStorage (RaftStorage.java:format(84)) - Storage directory /workdir/hadoop-ozone/integration-test/target/test-dir/MiniOzoneClusterImpl-eeadbacc-06c2-472c-a3f4-8a25f61a295a/datanode-3/data/ratis/e368d980-3d54-439a-ae9e-9dc5606b5de8 has been successfully formatted.
2019-10-17 07:38:11,494 [pool-37-thread-1] INFO  storage.RaftStorage (RaftStorage.java:format(84)) - Storage directory /workdir/hadoop-ozone/integration-test/target/test-dir/MiniOzoneClusterImpl-eeadbacc-06c2-472c-a3f4-8a25f61a295a/datanode-1/data/ratis/e368d980-3d54-439a-ae9e-9dc5606b5de8 has been successfully formatted.
2019-10-17 07:38:11,494 [pool-47-thread-1] INFO  storage.RaftStorage (RaftStorage.java:format(84)) - Storage directory /workdir/hadoop-ozone/integration-test/target/test-dir/MiniOzoneClusterImpl-eeadbacc-06c2-472c-a3f4-8a25f61a295a/datanode-2/data/ratis/e368d980-3d54-439a-ae9e-9dc5606b5de8 has been successfully formatted.
2019-10-17 07:38:11,494 [pool-57-thread-1] INFO  ratis.ContainerStateMachine (ContainerStateMachine.java:loadSnapshot(233)) - group-9DC5606B5DE8: The snapshot info is null. Setting the last applied indexto:(t:0, i:~)
2019-10-17 07:38:11,494 [pool-37-thread-1] INFO  ratis.ContainerStateMachine (ContainerStateMachine.java:loadSnapshot(233)) - group-9DC5606B5DE8: The snapshot info is null. Setting the last applied indexto:(t:0, i:~)
2019-10-17 07:38:11,495 [pool-57-thread-1] INFO  server.RaftServerConfigKeys (ConfUtils.java:logGet(43)) - raft.server.notification.no-leader.timeout = 120s (custom)
2019-10-17 07:38:11,494 [pool-47-thread-1] INFO  ratis.ContainerStateMachine (ContainerStateMachine.java:loadSnapshot(233)) - group-9DC5606B5DE8: The snapshot info is null. Setting the last applied indexto:(t:0, i:~)
2019-10-17 07:38:11,495 [pool-57-thread-1] INFO  server.RaftServerConfigKeys (ConfUtils.java:logGet(43)) - raft.server.log.use.memory = false (default)
2019-10-17 07:38:11,495 [pool-37-thread-1] INFO  server.RaftServerConfigKeys (ConfUtils.java:logGet(43)) - raft.server.notification.no-leader.timeout = 120s (custom)
2019-10-17 07:38:11,495 [pool-57-thread-1] INFO  server.RaftServerConfigKeys (ConfUtils.java:logGet(43)) - raft.server.log.purge.gap = 1000000 (custom)
2019-10-17 07:38:11,495 [pool-47-thread-1] INFO  server.RaftServerConfigKeys (ConfUtils.java:logGet(43)) - raft.server.notification.no-leader.timeout = 120s (custom)
2019-10-17 07:38:11,496 [pool-57-thread-1] INFO  server.RaftServerConfigKeys (ConfUtils.java:logGet(43)) - raft.server.log.appender.buffer.byte-limit = 33554432 (custom)
2019-10-17 07:38:11,495 [pool-37-thread-1] INFO  server.RaftServerConfigKeys (ConfUtils.java:logGet(43)) - raft.server.log.use.memory = false (default)
2019-10-17 07:38:11,496 [pool-57-thread-1] INFO  server.RaftServerConfigKeys (ConfUtils.java:logGet(43)) - raft.server.log.segment.size.max = 1048576 (custom)
2019-10-17 07:38:11,496 [pool-47-thread-1] INFO  server.RaftServerConfigKeys (ConfUtils.java:logGet(43)) - raft.server.log.use.memory = false (default)
2019-10-17 07:38:11,496 [pool-57-thread-1] INFO  server.RaftServerConfigKeys (ConfUtils.java:logGet(43)) - raft.server.log.segment.cache.num.max = 2 (custom)
2019-10-17 07:38:11,496 [pool-37-thread-1] INFO  server.RaftServerConfigKeys (ConfUtils.java:logGet(43)) - raft.server.log.purge.gap = 1000000 (custom)
2019-10-17 07:38:11,497 [pool-57-thread-1] INFO  segmented.SegmentedRaftLogWorker (SegmentedRaftLogWorker.java:<init>(173)) - new 4b035f45-7941-40c3-ba2d-1cbecd2d369e@group-9DC5606B5DE8-SegmentedRaftLogWorker for RaftStorage:Storage Directory /workdir/hadoop-ozone/integration-test/target/test-dir/MiniOzoneClusterImpl-eeadbacc-06c2-472c-a3f4-8a25f61a295a/datanode-3/data/ratis/e368d980-3d54-439a-ae9e-9dc5606b5de8
2019-10-17 07:38:11,496 [pool-47-thread-1] INFO  server.RaftServerConfigKeys (ConfUtils.java:logGet(43)) - raft.server.log.purge.gap = 1000000 (custom)
2019-10-17 07:38:11,497 [pool-57-thread-1] INFO  server.RaftServerConfigKeys (ConfUtils.java:logGet(43)) - raft.server.log.queue.byte-limit = 2147483647 (custom)
2019-10-17 07:38:11,497 [pool-37-thread-1] INFO  server.RaftServerConfigKeys (ConfUtils.java:logGet(43)) - raft.server.log.appender.buffer.byte-limit = 33554432 (custom)
2019-10-17 07:38:11,497 [pool-57-thread-1] INFO  server.RaftServerConfigKeys (ConfUtils.java:logGet(43)) - raft.server.log.queue.element-limit = 1024 (custom)
2019-10-17 07:38:11,497 [pool-47-thread-1] INFO  server.RaftServerConfigKeys (ConfUtils.java:logGet(43)) - raft.server.log.appender.buffer.byte-limit = 33554432 (custom)
2019-10-17 07:38:11,498 [pool-57-thread-1] INFO  server.RaftServerConfigKeys (ConfUtils.java:logGet(43)) - raft.server.log.segment.size.max = 1048576 (custom)
2019-10-17 07:38:11,497 [pool-37-thread-1] INFO  server.RaftServerConfigKeys (ConfUtils.java:logGet(43)) - raft.server.log.segment.size.max = 1048576 (custom)
2019-10-17 07:38:11,498 [pool-57-thread-1] INFO  server.RaftServerConfigKeys (ConfUtils.java:logGet(43)) - raft.server.log.preallocated.size = 16384 (custom)
2019-10-17 07:38:11,498 [pool-47-thread-1] INFO  server.RaftServerConfigKeys (ConfUtils.java:logGet(43)) - raft.server.log.segment.size.max = 1048576 (custom)
2019-10-17 07:38:11,498 [pool-57-thread-1] INFO  server.RaftServerConfigKeys (ConfUtils.java:logGet(43)) - raft.server.log.write.buffer.size = 33554432 (custom)
2019-10-17 07:38:11,498 [pool-37-thread-1] INFO  server.RaftServerConfigKeys (ConfUtils.java:logGet(43)) - raft.server.log.segment.cache.num.max = 2 (custom)
2019-10-17 07:38:11,498 [pool-57-thread-1] INFO  server.RaftServerConfigKeys (ConfUtils.java:logGet(43)) - raft.server.log.force.sync.num = 128 (default)
2019-10-17 07:38:11,498 [pool-47-thread-1] INFO  server.RaftServerConfigKeys (ConfUtils.java:logGet(43)) - raft.server.log.segment.cache.num.max = 2 (custom)
2019-10-17 07:38:11,499 [pool-57-thread-1] INFO  server.RaftServerConfigKeys (ConfUtils.java:logGet(43)) - raft.server.log.statemachine.data.sync = true (default)
2019-10-17 07:38:11,499 [pool-37-thread-1] INFO  segmented.SegmentedRaftLogWorker (SegmentedRaftLogWorker.java:<init>(173)) - new 05f59524-a4ea-4be4-b99d-fb9eed47142d@group-9DC5606B5DE8-SegmentedRaftLogWorker for RaftStorage:Storage Directory /workdir/hadoop-ozone/integration-test/target/test-dir/MiniOzoneClusterImpl-eeadbacc-06c2-472c-a3f4-8a25f61a295a/datanode-1/data/ratis/e368d980-3d54-439a-ae9e-9dc5606b5de8
2019-10-17 07:38:11,499 [pool-57-thread-1] INFO  server.RaftServerConfigKeys (ConfUtils.java:logGet(43)) - raft.server.log.statemachine.data.sync.timeout = 10s (default)
2019-10-17 07:38:11,499 [pool-57-thread-1] INFO  server.RaftServerConfigKeys (ConfUtils.java:logGet(43)) - raft.server.log.statemachine.data.sync.timeout.retry = -1 (default)
2019-10-17 07:38:11,499 [pool-47-thread-1] INFO  segmented.SegmentedRaftLogWorker (SegmentedRaftLogWorker.java:<init>(173)) - new 920a4478-64f4-4720-983c-9a2102f3c94b@group-9DC5606B5DE8-SegmentedRaftLogWorker for RaftStorage:Storage Directory /workdir/hadoop-ozone/integration-test/target/test-dir/MiniOzoneClusterImpl-eeadbacc-06c2-472c-a3f4-8a25f61a295a/datanode-2/data/ratis/e368d980-3d54-439a-ae9e-9dc5606b5de8
2019-10-17 07:38:11,500 [pool-57-thread-1] INFO  server.RaftServerConfigKeys (ConfUtils.java:logGet(43)) - raft.server.log.statemachine.data.caching.enabled = true (custom)
2019-10-17 07:38:11,499 [pool-37-thread-1] INFO  server.RaftServerConfigKeys (ConfUtils.java:logGet(43)) - raft.server.log.queue.byte-limit = 2147483647 (custom)
2019-10-17 07:38:11,500 [pool-47-thread-1] INFO  server.RaftServerConfigKeys (ConfUtils.java:logGet(43)) - raft.server.log.queue.byte-limit = 2147483647 (custom)
2019-10-17 07:38:11,500 [pool-57-thread-1] INFO  segmented.SegmentedRaftLogWorker (SegmentedRaftLogWorker.java:lambda$new$0(128)) - 4b035f45-7941-40c3-ba2d-1cbecd2d369e@group-9DC5606B5DE8-SegmentedRaftLogWorker: flushIndex: setUnconditionally 0 -> -1
2019-10-17 07:38:11,500 [pool-47-thread-1] INFO  server.RaftServerConfigKeys (ConfUtils.java:logGet(43)) - raft.server.log.queue.element-limit = 1024 (custom)
2019-10-17 07:38:11,500 [pool-37-thread-1] INFO  server.RaftServerConfigKeys (ConfUtils.java:logGet(43)) - raft.server.log.queue.element-limit = 1024 (custom)
2019-10-17 07:38:11,501 [pool-57-thread-1] INFO  server.RaftServerConfigKeys (ConfUtils.java:logGet(43)) - raft.server.snapshot.auto.trigger.enabled = true (custom)
2019-10-17 07:38:11,501 [pool-47-thread-1] INFO  server.RaftServerConfigKeys (ConfUtils.java:logGet(43)) - raft.server.log.segment.size.max = 1048576 (custom)
2019-10-17 07:38:11,501 [pool-57-thread-1] INFO  server.RaftServerConfigKeys (ConfUtils.java:logGet(43)) - raft.server.snapshot.auto.trigger.threshold = 10000 (custom)
2019-10-17 07:38:11,501 [pool-37-thread-1] INFO  server.RaftServerConfigKeys (ConfUtils.java:logGet(43)) - raft.server.log.segment.size.max = 1048576 (custom)
2019-10-17 07:38:11,501 [pool-57-thread-1] INFO  server.RaftServerConfigKeys (ConfUtils.java:logGet(43)) - raft.server.snapshot.retention.file.num = 5 (custom)
2019-10-17 07:38:11,501 [pool-47-thread-1] INFO  server.RaftServerConfigKeys (ConfUtils.java:logGet(43)) - raft.server.log.preallocated.size = 16384 (custom)
2019-10-17 07:38:11,502 [pool-57-thread-1] INFO  server.RaftServerConfigKeys (ConfUtils.java:logGet(43)) - raft.server.retrycache.expirytime = 600000ms (custom)
2019-10-17 07:38:11,501 [pool-37-thread-1] INFO  server.RaftServerConfigKeys (ConfUtils.java:logGet(43)) - raft.server.log.preallocated.size = 16384 (custom)
2019-10-17 07:38:11,502 [pool-47-thread-1] INFO  server.RaftServerConfigKeys (ConfUtils.java:logGet(43)) - raft.server.log.write.buffer.size = 33554432 (custom)
2019-10-17 07:38:11,502 [pool-37-thread-1] INFO  server.RaftServerConfigKeys (ConfUtils.java:logGet(43)) - raft.server.log.write.buffer.size = 33554432 (custom)
2019-10-17 07:38:11,502 [pool-47-thread-1] INFO  server.RaftServerConfigKeys (ConfUtils.java:logGet(43)) - raft.server.log.force.sync.num = 128 (default)
2019-10-17 07:38:11,502 [pool-37-thread-1] INFO  server.RaftServerConfigKeys (ConfUtils.java:logGet(43)) - raft.server.log.force.sync.num = 128 (default)
2019-10-17 07:38:11,502 [pool-47-thread-1] INFO  server.RaftServerConfigKeys (ConfUtils.java:logGet(43)) - raft.server.log.statemachine.data.sync = true (default)
2019-10-17 07:38:11,503 [pool-37-thread-1] INFO  server.RaftServerConfigKeys (ConfUtils.java:logGet(43)) - raft.server.log.statemachine.data.sync = true (default)
2019-10-17 07:38:11,503 [pool-47-thread-1] INFO  server.RaftServerConfigKeys (ConfUtils.java:logGet(43)) - raft.server.log.statemachine.data.sync.timeout = 10s (default)
2019-10-17 07:38:11,503 [pool-37-thread-1] INFO  server.RaftServerConfigKeys (ConfUtils.java:logGet(43)) - raft.server.log.statemachine.data.sync.timeout = 10s (default)
2019-10-17 07:38:11,503 [pool-47-thread-1] INFO  server.RaftServerConfigKeys (ConfUtils.java:logGet(43)) - raft.server.log.statemachine.data.sync.timeout.retry = -1 (default)
2019-10-17 07:38:11,504 [pool-37-thread-1] INFO  server.RaftServerConfigKeys (ConfUtils.java:logGet(43)) - raft.server.log.statemachine.data.sync.timeout.retry = -1 (default)
2019-10-17 07:38:11,504 [pool-47-thread-1] INFO  server.RaftServerConfigKeys (ConfUtils.java:logGet(43)) - raft.server.log.statemachine.data.caching.enabled = true (custom)
2019-10-17 07:38:11,504 [pool-37-thread-1] INFO  server.RaftServerConfigKeys (ConfUtils.java:logGet(43)) - raft.server.log.statemachine.data.caching.enabled = true (custom)
2019-10-17 07:38:11,504 [pool-47-thread-1] INFO  segmented.SegmentedRaftLogWorker (SegmentedRaftLogWorker.java:lambda$new$0(128)) - 920a4478-64f4-4720-983c-9a2102f3c94b@group-9DC5606B5DE8-SegmentedRaftLogWorker: flushIndex: setUnconditionally 0 -> -1
2019-10-17 07:38:11,504 [pool-37-thread-1] INFO  segmented.SegmentedRaftLogWorker (SegmentedRaftLogWorker.java:lambda$new$0(128)) - 05f59524-a4ea-4be4-b99d-fb9eed47142d@group-9DC5606B5DE8-SegmentedRaftLogWorker: flushIndex: setUnconditionally 0 -> -1
2019-10-17 07:38:11,505 [pool-47-thread-1] INFO  server.RaftServerConfigKeys (ConfUtils.java:logGet(43)) - raft.server.snapshot.auto.trigger.enabled = true (custom)
2019-10-17 07:38:11,505 [pool-37-thread-1] INFO  server.RaftServerConfigKeys (ConfUtils.java:logGet(43)) - raft.server.snapshot.auto.trigger.enabled = true (custom)
2019-10-17 07:38:11,505 [pool-47-thread-1] INFO  server.RaftServerConfigKeys (ConfUtils.java:logGet(43)) - raft.server.snapshot.auto.trigger.threshold = 10000 (custom)
2019-10-17 07:38:11,505 [pool-37-thread-1] INFO  server.RaftServerConfigKeys (ConfUtils.java:logGet(43)) - raft.server.snapshot.auto.trigger.threshold = 10000 (custom)
2019-10-17 07:38:11,505 [pool-47-thread-1] INFO  server.RaftServerConfigKeys (ConfUtils.java:logGet(43)) - raft.server.snapshot.retention.file.num = 5 (custom)
2019-10-17 07:38:11,505 [pool-37-thread-1] INFO  server.RaftServerConfigKeys (ConfUtils.java:logGet(43)) - raft.server.snapshot.retention.file.num = 5 (custom)
2019-10-17 07:38:11,506 [pool-47-thread-1] INFO  server.RaftServerConfigKeys (ConfUtils.java:logGet(43)) - raft.server.retrycache.expirytime = 600000ms (custom)
2019-10-17 07:38:11,506 [pool-37-thread-1] INFO  server.RaftServerConfigKeys (ConfUtils.java:logGet(43)) - raft.server.retrycache.expirytime = 600000ms (custom)
2019-10-17 07:38:11,506 [pool-57-thread-1] INFO  impl.RaftServerImpl (RaftServerImpl.java:start(195)) - 4b035f45-7941-40c3-ba2d-1cbecd2d369e@group-9DC5606B5DE8: start as a follower, conf=-1: [05f59524-a4ea-4be4-b99d-fb9eed47142d:192.168.34.62:45919, 4b035f45-7941-40c3-ba2d-1cbecd2d369e:192.168.34.62:45443, 920a4478-64f4-4720-983c-9a2102f3c94b:192.168.34.62:38609], old=null
2019-10-17 07:38:11,507 [pool-57-thread-1] INFO  impl.RaftServerImpl (RaftServerImpl.java:setRole(184)) - 4b035f45-7941-40c3-ba2d-1cbecd2d369e@group-9DC5606B5DE8: changes role from      null to FOLLOWER at term 0 for startAsFollower
2019-10-17 07:38:11,507 [pool-57-thread-1] INFO  impl.RoleInfo (RoleInfo.java:updateAndGet(143)) - 4b035f45-7941-40c3-ba2d-1cbecd2d369e: start FollowerState
2019-10-17 07:38:11,507 [pool-57-thread-1] INFO  util.JmxRegister (JmxRegister.java:tryRegister(44)) - Successfully registered JMX Bean with object name Ratis:service=RaftServer,group=group-9DC5606B5DE8,id=4b035f45-7941-40c3-ba2d-1cbecd2d369e
2019-10-17 07:38:11,511 [pool-47-thread-1] INFO  impl.RaftServerImpl (RaftServerImpl.java:start(195)) - 920a4478-64f4-4720-983c-9a2102f3c94b@group-9DC5606B5DE8: start as a follower, conf=-1: [05f59524-a4ea-4be4-b99d-fb9eed47142d:192.168.34.62:45919, 4b035f45-7941-40c3-ba2d-1cbecd2d369e:192.168.34.62:45443, 920a4478-64f4-4720-983c-9a2102f3c94b:192.168.34.62:38609], old=null
2019-10-17 07:38:11,511 [pool-47-thread-1] INFO  impl.RaftServerImpl (RaftServerImpl.java:setRole(184)) - 920a4478-64f4-4720-983c-9a2102f3c94b@group-9DC5606B5DE8: changes role from      null to FOLLOWER at term 0 for startAsFollower
2019-10-17 07:38:11,511 [pool-47-thread-1] INFO  impl.RoleInfo (RoleInfo.java:updateAndGet(143)) - 920a4478-64f4-4720-983c-9a2102f3c94b: start FollowerState
2019-10-17 07:38:11,511 [pool-37-thread-1] INFO  impl.RaftServerImpl (RaftServerImpl.java:start(195)) - 05f59524-a4ea-4be4-b99d-fb9eed47142d@group-9DC5606B5DE8: start as a follower, conf=-1: [05f59524-a4ea-4be4-b99d-fb9eed47142d:192.168.34.62:45919, 4b035f45-7941-40c3-ba2d-1cbecd2d369e:192.168.34.62:45443, 920a4478-64f4-4720-983c-9a2102f3c94b:192.168.34.62:38609], old=null
2019-10-17 07:38:11,511 [pool-37-thread-1] INFO  impl.RaftServerImpl (RaftServerImpl.java:setRole(184)) - 05f59524-a4ea-4be4-b99d-fb9eed47142d@group-9DC5606B5DE8: changes role from      null to FOLLOWER at term 0 for startAsFollower
2019-10-17 07:38:11,512 [pool-37-thread-1] INFO  impl.RoleInfo (RoleInfo.java:updateAndGet(143)) - 05f59524-a4ea-4be4-b99d-fb9eed47142d: start FollowerState
2019-10-17 07:38:11,512 [pool-47-thread-1] INFO  util.JmxRegister (JmxRegister.java:tryRegister(44)) - Successfully registered JMX Bean with object name Ratis:service=RaftServer,group=group-9DC5606B5DE8,id=920a4478-64f4-4720-983c-9a2102f3c94b
2019-10-17 07:38:11,512 [pool-37-thread-1] INFO  util.JmxRegister (JmxRegister.java:tryRegister(44)) - Successfully registered JMX Bean with object name Ratis:service=RaftServer,group=group-9DC5606B5DE8,id=05f59524-a4ea-4be4-b99d-fb9eed47142d
2019-10-17 07:38:11,525 [RatisPipelineUtilsThread] INFO  pipeline.PipelineStateManager (PipelineStateManager.java:addPipeline(55)) - Created pipeline Pipeline[ Id: e368d980-3d54-439a-ae9e-9dc5606b5de8, Nodes: 920a4478-64f4-4720-983c-9a2102f3c94b{ip: 192.168.34.62, host: pr-hdds-1868-lzclr-202649289, networkLocation: /default-rack, certSerialId: null}4b035f45-7941-40c3-ba2d-1cbecd2d369e{ip: 192.168.34.62, host: pr-hdds-1868-lzclr-202649289, networkLocation: /default-rack, certSerialId: null}05f59524-a4ea-4be4-b99d-fb9eed47142d{ip: 192.168.34.62, host: pr-hdds-1868-lzclr-202649289, networkLocation: /default-rack, certSerialId: null}, Type:RATIS, Factor:THREE, State:ALLOCATED]
2019-10-17 07:38:11,527 [Thread-0] INFO  pipeline.PipelineStateManager (PipelineStateManager.java:finalizePipeline(121)) - Pipeline Pipeline[ Id: 43093ddb-3ab0-420e-9360-03a0b31a0095, Nodes: 2636e257-7a47-4bf8-b940-93a028f0c6b6{ip: 192.168.34.62, host: pr-hdds-1868-lzclr-202649289, networkLocation: /default-rack, certSerialId: null}6befc45b-dcf8-424c-b341-d7aa439c4bd9{ip: 192.168.34.62, host: pr-hdds-1868-lzclr-202649289, networkLocation: /default-rack, certSerialId: null}57d83d75-a41d-4aa4-98a2-4186e05ab504{ip: 192.168.34.62, host: pr-hdds-1868-lzclr-202649289, networkLocation: /default-rack, certSerialId: null}, Type:RATIS, Factor:THREE, State:CLOSED] moved to CLOSED state
2019-10-17 07:38:11,537 [grpc-default-executor-5] INFO  impl.RaftServerProxy (RaftServerProxy.java:remove(95)) - 2636e257-7a47-4bf8-b940-93a028f0c6b6: remove  FOLLOWER 2636e257-7a47-4bf8-b940-93a028f0c6b6@group-03A0B31A0095:t1, leader=57d83d75-a41d-4aa4-98a2-4186e05ab504, voted=57d83d75-a41d-4aa4-98a2-4186e05ab504, raftlog=2636e257-7a47-4bf8-b940-93a028f0c6b6@group-03A0B31A0095-SegmentedRaftLog:OPENED:c-1,f0,i0, conf=0: [57d83d75-a41d-4aa4-98a2-4186e05ab504:192.168.34.62:46845, 6befc45b-dcf8-424c-b341-d7aa439c4bd9:192.168.34.62:36500, 2636e257-7a47-4bf8-b940-93a028f0c6b6:192.168.34.62:43946], old=null RUNNING
2019-10-17 07:38:11,538 [grpc-default-executor-5] INFO  impl.RaftServerImpl (RaftServerImpl.java:lambda$shutdown$3(261)) - 2636e257-7a47-4bf8-b940-93a028f0c6b6@group-03A0B31A0095: shutdown
2019-10-17 07:38:11,539 [grpc-default-executor-5] INFO  util.JmxRegister (JmxRegister.java:unregister(73)) - Successfully un-registered JMX Bean with object name Ratis:service=RaftServer,group=group-03A0B31A0095,id=2636e257-7a47-4bf8-b940-93a028f0c6b6
2019-10-17 07:38:11,539 [grpc-default-executor-5] INFO  impl.RoleInfo (RoleInfo.java:shutdownFollowerState(121)) - 2636e257-7a47-4bf8-b940-93a028f0c6b6: shutdown FollowerState
2019-10-17 07:38:11,539 [grpc-default-executor-5] INFO  impl.StateMachineUpdater (StateMachineUpdater.java:stopAndJoin(136)) - 2636e257-7a47-4bf8-b940-93a028f0c6b6@group-03A0B31A0095-StateMachineUpdater: set stopIndex = -1
2019-10-17 07:38:11,539 [Thread-363] INFO  impl.FollowerState (FollowerState.java:run(117)) - 2636e257-7a47-4bf8-b940-93a028f0c6b6@group-03A0B31A0095-FollowerState was interrupted: java.lang.InterruptedException: sleep interrupted
2019-10-17 07:38:11,542 [grpc-default-executor-5] INFO  impl.RaftServerImpl (ServerState.java:close(388)) - 2636e257-7a47-4bf8-b940-93a028f0c6b6@group-03A0B31A0095: closes. applyIndex: -1
2019-10-17 07:38:11,542 [2636e257-7a47-4bf8-b940-93a028f0c6b6@group-03A0B31A0095-SegmentedRaftLogWorker] INFO  segmented.SegmentedRaftLogWorker (SegmentedRaftLogWorker.java:run(316)) - 2636e257-7a47-4bf8-b940-93a028f0c6b6@group-03A0B31A0095-SegmentedRaftLogWorker was interrupted, exiting. There are 0 tasks remaining in the queue.
2019-10-17 07:38:11,545 [grpc-default-executor-5] INFO  segmented.SegmentedRaftLogWorker (SegmentedRaftLogWorker.java:close(224)) - 2636e257-7a47-4bf8-b940-93a028f0c6b6@group-03A0B31A0095-SegmentedRaftLogWorker close()
2019-10-17 07:38:11,562 [grpc-default-executor-5] INFO  impl.RaftServerProxy (RaftServerProxy.java:remove(95)) - 6befc45b-dcf8-424c-b341-d7aa439c4bd9: remove  FOLLOWER 6befc45b-dcf8-424c-b341-d7aa439c4bd9@group-03A0B31A0095:t1, leader=57d83d75-a41d-4aa4-98a2-4186e05ab504, voted=6befc45b-dcf8-424c-b341-d7aa439c4bd9, raftlog=6befc45b-dcf8-424c-b341-d7aa439c4bd9@group-03A0B31A0095-SegmentedRaftLog:OPENED:c-1,f0,i0, conf=0: [57d83d75-a41d-4aa4-98a2-4186e05ab504:192.168.34.62:46845, 6befc45b-dcf8-424c-b341-d7aa439c4bd9:192.168.34.62:36500, 2636e257-7a47-4bf8-b940-93a028f0c6b6:192.168.34.62:43946], old=null RUNNING
2019-10-17 07:38:11,562 [grpc-default-executor-5] INFO  impl.RaftServerImpl (RaftServerImpl.java:lambda$shutdown$3(261)) - 6befc45b-dcf8-424c-b341-d7aa439c4bd9@group-03A0B31A0095: shutdown
2019-10-17 07:38:11,562 [grpc-default-executor-5] INFO  util.JmxRegister (JmxRegister.java:unregister(73)) - Successfully un-registered JMX Bean with object name Ratis:service=RaftServer,group=group-03A0B31A0095,id=6befc45b-dcf8-424c-b341-d7aa439c4bd9
2019-10-17 07:38:11,562 [grpc-default-executor-5] INFO  impl.RoleInfo (RoleInfo.java:shutdownFollowerState(121)) - 6befc45b-dcf8-424c-b341-d7aa439c4bd9: shutdown FollowerState
2019-10-17 07:38:11,563 [grpc-default-executor-5] INFO  impl.StateMachineUpdater (StateMachineUpdater.java:stopAndJoin(136)) - 6befc45b-dcf8-424c-b341-d7aa439c4bd9@group-03A0B31A0095-StateMachineUpdater: set stopIndex = -1
2019-10-17 07:38:11,563 [Thread-364] INFO  impl.FollowerState (FollowerState.java:run(117)) - 6befc45b-dcf8-424c-b341-d7aa439c4bd9@group-03A0B31A0095-FollowerState was interrupted: java.lang.InterruptedException: sleep interrupted
2019-10-17 07:38:11,564 [grpc-default-executor-5] INFO  impl.RaftServerImpl (ServerState.java:close(388)) - 6befc45b-dcf8-424c-b341-d7aa439c4bd9@group-03A0B31A0095: closes. applyIndex: -1
2019-10-17 07:38:11,566 [6befc45b-dcf8-424c-b341-d7aa439c4bd9@group-03A0B31A0095-SegmentedRaftLogWorker] INFO  segmented.SegmentedRaftLogWorker (SegmentedRaftLogWorker.java:run(316)) - 6befc45b-dcf8-424c-b341-d7aa439c4bd9@group-03A0B31A0095-SegmentedRaftLogWorker was interrupted, exiting. There are 0 tasks remaining in the queue.
2019-10-17 07:38:11,569 [grpc-default-executor-5] INFO  segmented.SegmentedRaftLogWorker (SegmentedRaftLogWorker.java:close(224)) - 6befc45b-dcf8-424c-b341-d7aa439c4bd9@group-03A0B31A0095-SegmentedRaftLogWorker close()
2019-10-17 07:38:11,584 [grpc-default-executor-5] INFO  impl.RaftServerProxy (RaftServerProxy.java:remove(95)) - 57d83d75-a41d-4aa4-98a2-4186e05ab504: remove    LEADER 57d83d75-a41d-4aa4-98a2-4186e05ab504@group-03A0B31A0095:t1, leader=57d83d75-a41d-4aa4-98a2-4186e05ab504, voted=57d83d75-a41d-4aa4-98a2-4186e05ab504, raftlog=57d83d75-a41d-4aa4-98a2-4186e05ab504@group-03A0B31A0095-SegmentedRaftLog:OPENED:c0,f0,i0, conf=0: [57d83d75-a41d-4aa4-98a2-4186e05ab504:192.168.34.62:46845, 6befc45b-dcf8-424c-b341-d7aa439c4bd9:192.168.34.62:36500, 2636e257-7a47-4bf8-b940-93a028f0c6b6:192.168.34.62:43946], old=null RUNNING
2019-10-17 07:38:11,584 [grpc-default-executor-5] INFO  impl.RaftServerImpl (RaftServerImpl.java:lambda$shutdown$3(261)) - 57d83d75-a41d-4aa4-98a2-4186e05ab504@group-03A0B31A0095: shutdown
2019-10-17 07:38:11,585 [grpc-default-executor-5] INFO  util.JmxRegister (JmxRegister.java:unregister(73)) - Successfully un-registered JMX Bean with object name Ratis:service=RaftServer,group=group-03A0B31A0095,id=57d83d75-a41d-4aa4-98a2-4186e05ab504
2019-10-17 07:38:11,585 [grpc-default-executor-5] INFO  impl.RoleInfo (RoleInfo.java:shutdownLeaderState(104)) - 57d83d75-a41d-4aa4-98a2-4186e05ab504: shutdown LeaderState
2019-10-17 07:38:11,587 [org.apache.ratis.server.impl.LogAppender$AppenderDaemon$$Lambda$421/655825463@3e861f47] WARN  server.GrpcLogAppender (GrpcLogAppender.java:mayWait(149)) - 57d83d75-a41d-4aa4-98a2-4186e05ab504@group-03A0B31A0095->2636e257-7a47-4bf8-b940-93a028f0c6b6-GrpcLogAppender: Wait interrupted by java.lang.InterruptedException
2019-10-17 07:38:11,589 [org.apache.ratis.server.impl.LogAppender$AppenderDaemon$$Lambda$421/655825463@f43b4a0] WARN  server.GrpcLogAppender (GrpcLogAppender.java:mayWait(149)) - 57d83d75-a41d-4aa4-98a2-4186e05ab504@group-03A0B31A0095->6befc45b-dcf8-424c-b341-d7aa439c4bd9-GrpcLogAppender: Wait interrupted by java.lang.InterruptedException
2019-10-17 07:38:11,587 [grpc-default-executor-5] INFO  impl.PendingRequests (PendingRequests.java:sendNotLeaderResponses(202)) - 57d83d75-a41d-4aa4-98a2-4186e05ab504@group-03A0B31A0095-PendingRequests: sendNotLeaderResponses
2019-10-17 07:38:11,589 [grpc-default-executor-5] INFO  impl.StateMachineUpdater (StateMachineUpdater.java:stopAndJoin(136)) - 57d83d75-a41d-4aa4-98a2-4186e05ab504@group-03A0B31A0095-StateMachineUpdater: set stopIndex = 0
2019-10-17 07:38:11,590 [grpc-default-executor-2] INFO  server.GrpcServerProtocolService (GrpcServerProtocolService.java:onCompleted(113)) - 2636e257-7a47-4bf8-b940-93a028f0c6b6: Completed APPEND_ENTRIES, lastRequest: 57d83d75-a41d-4aa4-98a2-4186e05ab504->2636e257-7a47-4bf8-b940-93a028f0c6b6#1-t1, previous=(t:0, i:0), leaderCommit=-1, initializing? false, entries: size=1, first=(t:1, i:0), CONFIGURATIONENTRY
2019-10-17 07:38:11,590 [grpc-default-executor-3] INFO  server.GrpcServerProtocolService (GrpcServerProtocolService.java:onCompleted(113)) - 6befc45b-dcf8-424c-b341-d7aa439c4bd9: Completed APPEND_ENTRIES, lastRequest: 57d83d75-a41d-4aa4-98a2-4186e05ab504->6befc45b-dcf8-424c-b341-d7aa439c4bd9#1-t1, previous=(t:0, i:0), leaderCommit=-1, initializing? false, entries: size=1, first=(t:1, i:0), CONFIGURATIONENTRY
2019-10-17 07:38:11,590 [grpc-default-executor-5] INFO  impl.RaftServerImpl (ServerState.java:close(388)) - 57d83d75-a41d-4aa4-98a2-4186e05ab504@group-03A0B31A0095: closes. applyIndex: 0
2019-10-17 07:38:11,590 [57d83d75-a41d-4aa4-98a2-4186e05ab504@group-03A0B31A0095-SegmentedRaftLogWorker] INFO  segmented.SegmentedRaftLogWorker (SegmentedRaftLogWorker.java:run(316)) - 57d83d75-a41d-4aa4-98a2-4186e05ab504@group-03A0B31A0095-SegmentedRaftLogWorker was interrupted, exiting. There are 0 tasks remaining in the queue.
2019-10-17 07:38:11,592 [grpc-default-executor-3] INFO  server.GrpcLogAppender (GrpcLogAppender.java:onCompleted(308)) - 57d83d75-a41d-4aa4-98a2-4186e05ab504@group-03A0B31A0095->2636e257-7a47-4bf8-b940-93a028f0c6b6-AppendLogResponseHandler: follower responses appendEntries COMPLETED
2019-10-17 07:38:11,593 [grpc-default-executor-2] INFO  server.GrpcLogAppender (GrpcLogAppender.java:onCompleted(308)) - 57d83d75-a41d-4aa4-98a2-4186e05ab504@group-03A0B31A0095->6befc45b-dcf8-424c-b341-d7aa439c4bd9-AppendLogResponseHandler: follower responses appendEntries COMPLETED
2019-10-17 07:38:11,593 [Thread-380] INFO  impl.FollowerState (FollowerState.java:run(108)) - 4b035f45-7941-40c3-ba2d-1cbecd2d369e@group-9DC5606B5DE8-FollowerState: change to CANDIDATE, lastRpcTime:86ms, electionTimeout:83ms
2019-10-17 07:38:11,593 [grpc-default-executor-5] INFO  segmented.SegmentedRaftLogWorker (SegmentedRaftLogWorker.java:close(224)) - 57d83d75-a41d-4aa4-98a2-4186e05ab504@group-03A0B31A0095-SegmentedRaftLogWorker close()
2019-10-17 07:38:11,602 [Thread-380] INFO  impl.RoleInfo (RoleInfo.java:shutdownFollowerState(121)) - 4b035f45-7941-40c3-ba2d-1cbecd2d369e: shutdown FollowerState
2019-10-17 07:38:11,605 [Thread-382] INFO  impl.FollowerState (FollowerState.java:run(108)) - 05f59524-a4ea-4be4-b99d-fb9eed47142d@group-9DC5606B5DE8-FollowerState: change to CANDIDATE, lastRpcTime:93ms, electionTimeout:91ms
2019-10-17 07:38:11,606 [Thread-380] INFO  impl.RaftServerImpl (RaftServerImpl.java:setRole(184)) - 4b035f45-7941-40c3-ba2d-1cbecd2d369e@group-9DC5606B5DE8: changes role from  FOLLOWER to CANDIDATE at term 0 for changeToCandidate
2019-10-17 07:38:11,606 [Thread-382] INFO  impl.RoleInfo (RoleInfo.java:shutdownFollowerState(121)) - 05f59524-a4ea-4be4-b99d-fb9eed47142d: shutdown FollowerState
2019-10-17 07:38:11,606 [grpc-default-executor-3] INFO  impl.FollowerInfo (FollowerInfo.java:lambda$new$0(51)) - 57d83d75-a41d-4aa4-98a2-4186e05ab504@group-03A0B31A0095->2636e257-7a47-4bf8-b940-93a028f0c6b6: nextIndex: updateUnconditionally 1 -> 0
2019-10-17 07:38:11,607 [Thread-380] INFO  impl.RoleInfo (RoleInfo.java:updateAndGet(143)) - 4b035f45-7941-40c3-ba2d-1cbecd2d369e: start LeaderElection
2019-10-17 07:38:11,607 [Thread-382] INFO  impl.RaftServerImpl (RaftServerImpl.java:setRole(184)) - 05f59524-a4ea-4be4-b99d-fb9eed47142d@group-9DC5606B5DE8: changes role from  FOLLOWER to CANDIDATE at term 0 for changeToCandidate
2019-10-17 07:38:11,608 [Thread-382] INFO  impl.RoleInfo (RoleInfo.java:updateAndGet(143)) - 05f59524-a4ea-4be4-b99d-fb9eed47142d: start LeaderElection
2019-10-17 07:38:11,612 [grpc-default-executor-2] INFO  impl.FollowerInfo (FollowerInfo.java:lambda$new$0(51)) - 57d83d75-a41d-4aa4-98a2-4186e05ab504@group-03A0B31A0095->6befc45b-dcf8-424c-b341-d7aa439c4bd9: nextIndex: updateUnconditionally 1 -> 0
2019-10-17 07:38:11,619 [Thread-381] INFO  impl.FollowerState (FollowerState.java:run(108)) - 920a4478-64f4-4720-983c-9a2102f3c94b@group-9DC5606B5DE8-FollowerState: change to CANDIDATE, lastRpcTime:107ms, electionTimeout:107ms
2019-10-17 07:38:11,619 [Thread-381] INFO  impl.RoleInfo (RoleInfo.java:shutdownFollowerState(121)) - 920a4478-64f4-4720-983c-9a2102f3c94b: shutdown FollowerState
2019-10-17 07:38:11,619 [Thread-381] INFO  impl.RaftServerImpl (RaftServerImpl.java:setRole(184)) - 920a4478-64f4-4720-983c-9a2102f3c94b@group-9DC5606B5DE8: changes role from  FOLLOWER to CANDIDATE at term 0 for changeToCandidate
2019-10-17 07:38:11,619 [Thread-381] INFO  impl.RoleInfo (RoleInfo.java:updateAndGet(143)) - 920a4478-64f4-4720-983c-9a2102f3c94b: start LeaderElection
2019-10-17 07:38:11,619 [Thread-0] INFO  pipeline.PipelineStateManager (PipelineStateManager.java:removePipeline(106)) - Pipeline Pipeline[ Id: 43093ddb-3ab0-420e-9360-03a0b31a0095, Nodes: 2636e257-7a47-4bf8-b940-93a028f0c6b6{ip: 192.168.34.62, host: pr-hdds-1868-lzclr-202649289, networkLocation: /default-rack, certSerialId: null}6befc45b-dcf8-424c-b341-d7aa439c4bd9{ip: 192.168.34.62, host: pr-hdds-1868-lzclr-202649289, networkLocation: /default-rack, certSerialId: null}57d83d75-a41d-4aa4-98a2-4186e05ab504{ip: 192.168.34.62, host: pr-hdds-1868-lzclr-202649289, networkLocation: /default-rack, certSerialId: null}, Type:RATIS, Factor:THREE, State:CLOSED] removed from db
2019-10-17 07:38:11,633 [grpc-default-executor-3] INFO  impl.RaftServerProxy (RaftServerProxy.java:addNew(89)) - 57d83d75-a41d-4aa4-98a2-4186e05ab504: addNew group-812BEF14F159:[57d83d75-a41d-4aa4-98a2-4186e05ab504:192.168.34.62:46845, 6befc45b-dcf8-424c-b341-d7aa439c4bd9:192.168.34.62:36500, 2636e257-7a47-4bf8-b940-93a028f0c6b6:192.168.34.62:43946] returns group-812BEF14F159:java.util.concurrent.CompletableFuture@48791904[Not completed]
2019-10-17 07:38:11,633 [grpc-default-executor-2] INFO  impl.RaftServerProxy (RaftServerProxy.java:addNew(89)) - 2636e257-7a47-4bf8-b940-93a028f0c6b6: addNew group-812BEF14F159:[57d83d75-a41d-4aa4-98a2-4186e05ab504:192.168.34.62:46845, 6befc45b-dcf8-424c-b341-d7aa439c4bd9:192.168.34.62:36500, 2636e257-7a47-4bf8-b940-93a028f0c6b6:192.168.34.62:43946] returns group-812BEF14F159:java.util.concurrent.CompletableFuture@57d3cc16[Not completed]
2019-10-17 07:38:11,635 [grpc-default-executor-5] INFO  impl.RaftServerProxy (RaftServerProxy.java:addNew(89)) - 6befc45b-dcf8-424c-b341-d7aa439c4bd9: addNew group-812BEF14F159:[57d83d75-a41d-4aa4-98a2-4186e05ab504:192.168.34.62:46845, 6befc45b-dcf8-424c-b341-d7aa439c4bd9:192.168.34.62:36500, 2636e257-7a47-4bf8-b940-93a028f0c6b6:192.168.34.62:43946] returns group-812BEF14F159:java.util.concurrent.CompletableFuture@73963fe0[Not completed]
2019-10-17 07:38:11,637 [pool-67-thread-1] INFO  impl.RaftServerImpl (RaftServerImpl.java:<init>(104)) - 57d83d75-a41d-4aa4-98a2-4186e05ab504: new RaftServerImpl for group-812BEF14F159:[57d83d75-a41d-4aa4-98a2-4186e05ab504:192.168.34.62:46845, 6befc45b-dcf8-424c-b341-d7aa439c4bd9:192.168.34.62:36500, 2636e257-7a47-4bf8-b940-93a028f0c6b6:192.168.34.62:43946] with ContainerStateMachine:uninitialized
2019-10-17 07:38:11,637 [pool-67-thread-1] INFO  server.RaftServerConfigKeys (ConfUtils.java:logGet(43)) - raft.server.rpc.timeout.min = 5s (custom)
2019-10-17 07:38:11,637 [pool-67-thread-1] INFO  server.RaftServerConfigKeys (ConfUtils.java:logGet(43)) - raft.server.rpc.timeout.max = 5200ms (custom)
2019-10-17 07:38:11,637 [pool-67-thread-1] INFO  server.RaftServerConfigKeys (ConfUtils.java:logGet(43)) - raft.server.rpcslowness.timeout = 120s (custom)
2019-10-17 07:38:11,637 [pool-67-thread-1] INFO  server.RaftServerConfigKeys (ConfUtils.java:logGet(43)) - raft.server.sleep.deviation.threshold = 300 (default)
2019-10-17 07:38:11,637 [pool-67-thread-1] INFO  server.RaftServerConfigKeys (ConfUtils.java:logGet(43)) - raft.server.log.appender.install.snapshot.enabled = false (custom)
2019-10-17 07:38:11,638 [pool-67-thread-1] INFO  impl.RaftServerImpl (ServerState.java:<init>(103)) - 57d83d75-a41d-4aa4-98a2-4186e05ab504@group-812BEF14F159: ConfigurationManager, init=-1: [57d83d75-a41d-4aa4-98a2-4186e05ab504:192.168.34.62:46845, 6befc45b-dcf8-424c-b341-d7aa439c4bd9:192.168.34.62:36500, 2636e257-7a47-4bf8-b940-93a028f0c6b6:192.168.34.62:43946], old=null, confs=<EMPTY_MAP>
2019-10-17 07:38:11,638 [pool-67-thread-1] INFO  server.RaftServerConfigKeys (ConfUtils.java:logGet(43)) - raft.server.storage.dir = [/workdir/hadoop-ozone/integration-test/target/test-dir/MiniOzoneClusterImpl-eeadbacc-06c2-472c-a3f4-8a25f61a295a/datanode-4/data/ratis] (custom)
2019-10-17 07:38:11,638 [pool-27-thread-1] INFO  impl.RaftServerImpl (RaftServerImpl.java:<init>(104)) - 6befc45b-dcf8-424c-b341-d7aa439c4bd9: new RaftServerImpl for group-812BEF14F159:[57d83d75-a41d-4aa4-98a2-4186e05ab504:192.168.34.62:46845, 6befc45b-dcf8-424c-b341-d7aa439c4bd9:192.168.34.62:36500, 2636e257-7a47-4bf8-b940-93a028f0c6b6:192.168.34.62:43946] with ContainerStateMachine:uninitialized
2019-10-17 07:38:11,638 [pool-27-thread-1] INFO  server.RaftServerConfigKeys (ConfUtils.java:logGet(43)) - raft.server.rpc.timeout.min = 5s (custom)
2019-10-17 07:38:11,638 [pool-27-thread-1] INFO  server.RaftServerConfigKeys (ConfUtils.java:logGet(43)) - raft.server.rpc.timeout.max = 5200ms (custom)
2019-10-17 07:38:11,638 [pool-27-thread-1] INFO  server.RaftServerConfigKeys (ConfUtils.java:logGet(43)) - raft.server.rpcslowness.timeout = 120s (custom)
2019-10-17 07:38:11,639 [pool-27-thread-1] INFO  server.RaftServerConfigKeys (ConfUtils.java:logGet(43)) - raft.server.sleep.deviation.threshold = 300 (default)
2019-10-17 07:38:11,639 [pool-27-thread-1] INFO  server.RaftServerConfigKeys (ConfUtils.java:logGet(43)) - raft.server.log.appender.install.snapshot.enabled = false (custom)
2019-10-17 07:38:11,639 [pool-77-thread-1] INFO  impl.RaftServerImpl (RaftServerImpl.java:<init>(104)) - 2636e257-7a47-4bf8-b940-93a028f0c6b6: new RaftServerImpl for group-812BEF14F159:[57d83d75-a41d-4aa4-98a2-4186e05ab504:192.168.34.62:46845, 6befc45b-dcf8-424c-b341-d7aa439c4bd9:192.168.34.62:36500, 2636e257-7a47-4bf8-b940-93a028f0c6b6:192.168.34.62:43946] with ContainerStateMachine:uninitialized
2019-10-17 07:38:11,639 [pool-27-thread-1] INFO  impl.RaftServerImpl (ServerState.java:<init>(103)) - 6befc45b-dcf8-424c-b341-d7aa439c4bd9@group-812BEF14F159: ConfigurationManager, init=-1: [57d83d75-a41d-4aa4-98a2-4186e05ab504:192.168.34.62:46845, 6befc45b-dcf8-424c-b341-d7aa439c4bd9:192.168.34.62:36500, 2636e257-7a47-4bf8-b940-93a028f0c6b6:192.168.34.62:43946], old=null, confs=<EMPTY_MAP>
2019-10-17 07:38:11,639 [pool-77-thread-1] INFO  server.RaftServerConfigKeys (ConfUtils.java:logGet(43)) - raft.server.rpc.timeout.min = 5s (custom)
2019-10-17 07:38:11,639 [pool-27-thread-1] INFO  server.RaftServerConfigKeys (ConfUtils.java:logGet(43)) - raft.server.storage.dir = [/workdir/hadoop-ozone/integration-test/target/test-dir/MiniOzoneClusterImpl-eeadbacc-06c2-472c-a3f4-8a25f61a295a/datanode-0/data/ratis] (custom)
2019-10-17 07:38:11,639 [pool-77-thread-1] INFO  server.RaftServerConfigKeys (ConfUtils.java:logGet(43)) - raft.server.rpc.timeout.max = 5200ms (custom)
2019-10-17 07:38:11,640 [pool-77-thread-1] INFO  server.RaftServerConfigKeys (ConfUtils.java:logGet(43)) - raft.server.rpcslowness.timeout = 120s (custom)
2019-10-17 07:38:11,640 [pool-77-thread-1] INFO  server.RaftServerConfigKeys (ConfUtils.java:logGet(43)) - raft.server.sleep.deviation.threshold = 300 (default)
2019-10-17 07:38:11,640 [pool-77-thread-1] INFO  server.RaftServerConfigKeys (ConfUtils.java:logGet(43)) - raft.server.log.appender.install.snapshot.enabled = false (custom)
2019-10-17 07:38:11,640 [pool-77-thread-1] INFO  impl.RaftServerImpl (ServerState.java:<init>(103)) - 2636e257-7a47-4bf8-b940-93a028f0c6b6@group-812BEF14F159: ConfigurationManager, init=-1: [57d83d75-a41d-4aa4-98a2-4186e05ab504:192.168.34.62:46845, 6befc45b-dcf8-424c-b341-d7aa439c4bd9:192.168.34.62:36500, 2636e257-7a47-4bf8-b940-93a028f0c6b6:192.168.34.62:43946], old=null, confs=<EMPTY_MAP>
2019-10-17 07:38:11,640 [pool-77-thread-1] INFO  server.RaftServerConfigKeys (ConfUtils.java:logGet(43)) - raft.server.storage.dir = [/workdir/hadoop-ozone/integration-test/target/test-dir/MiniOzoneClusterImpl-eeadbacc-06c2-472c-a3f4-8a25f61a295a/datanode-5/data/ratis] (custom)
2019-10-17 07:38:11,647 [pool-77-thread-1] INFO  server.RaftServerConfigKeys (ConfUtils.java:logGet(43)) - raft.server.log.corruption.policy = EXCEPTION (default)
2019-10-17 07:38:11,647 [pool-77-thread-1] INFO  storage.RaftStorageDirectory (RaftStorageDirectory.java:analyzeStorage(246)) - The storage directory /workdir/hadoop-ozone/integration-test/target/test-dir/MiniOzoneClusterImpl-eeadbacc-06c2-472c-a3f4-8a25f61a295a/datanode-5/data/ratis/b7a1c9e8-6e4c-48a4-ac4d-812bef14f159 does not exist. Creating ...
2019-10-17 07:38:11,649 [pool-27-thread-1] INFO  server.RaftServerConfigKeys (ConfUtils.java:logGet(43)) - raft.server.log.corruption.policy = EXCEPTION (default)
2019-10-17 07:38:11,649 [pool-67-thread-1] INFO  server.RaftServerConfigKeys (ConfUtils.java:logGet(43)) - raft.server.log.corruption.policy = EXCEPTION (default)
2019-10-17 07:38:11,649 [pool-27-thread-1] INFO  storage.RaftStorageDirectory (RaftStorageDirectory.java:analyzeStorage(246)) - The storage directory /workdir/hadoop-ozone/integration-test/target/test-dir/MiniOzoneClusterImpl-eeadbacc-06c2-472c-a3f4-8a25f61a295a/datanode-0/data/ratis/b7a1c9e8-6e4c-48a4-ac4d-812bef14f159 does not exist. Creating ...
2019-10-17 07:38:11,649 [pool-67-thread-1] INFO  storage.RaftStorageDirectory (RaftStorageDirectory.java:analyzeStorage(246)) - The storage directory /workdir/hadoop-ozone/integration-test/target/test-dir/MiniOzoneClusterImpl-eeadbacc-06c2-472c-a3f4-8a25f61a295a/datanode-4/data/ratis/b7a1c9e8-6e4c-48a4-ac4d-812bef14f159 does not exist. Creating ...
2019-10-17 07:38:11,650 [05f59524-a4ea-4be4-b99d-fb9eed47142d@group-9DC5606B5DE8-LeaderElection21] INFO  impl.LeaderElection (LeaderElection.java:askForVotes(178)) - 05f59524-a4ea-4be4-b99d-fb9eed47142d@group-9DC5606B5DE8-LeaderElection21: begin an election at term 1 for -1: [05f59524-a4ea-4be4-b99d-fb9eed47142d:192.168.34.62:45919, 4b035f45-7941-40c3-ba2d-1cbecd2d369e:192.168.34.62:45443, 920a4478-64f4-4720-983c-9a2102f3c94b:192.168.34.62:38609], old=null
2019-10-17 07:38:11,650 [4b035f45-7941-40c3-ba2d-1cbecd2d369e@group-9DC5606B5DE8-LeaderElection20] INFO  impl.LeaderElection (LeaderElection.java:askForVotes(178)) - 4b035f45-7941-40c3-ba2d-1cbecd2d369e@group-9DC5606B5DE8-LeaderElection20: begin an election at term 1 for -1: [05f59524-a4ea-4be4-b99d-fb9eed47142d:192.168.34.62:45919, 4b035f45-7941-40c3-ba2d-1cbecd2d369e:192.168.34.62:45443, 920a4478-64f4-4720-983c-9a2102f3c94b:192.168.34.62:38609], old=null
2019-10-17 07:38:11,650 [920a4478-64f4-4720-983c-9a2102f3c94b@group-9DC5606B5DE8-LeaderElection22] INFO  impl.LeaderElection (LeaderElection.java:askForVotes(178)) - 920a4478-64f4-4720-983c-9a2102f3c94b@group-9DC5606B5DE8-LeaderElection22: begin an election at term 1 for -1: [05f59524-a4ea-4be4-b99d-fb9eed47142d:192.168.34.62:45919, 4b035f45-7941-40c3-ba2d-1cbecd2d369e:192.168.34.62:45443, 920a4478-64f4-4720-983c-9a2102f3c94b:192.168.34.62:38609], old=null
2019-10-17 07:38:11,655 [4b035f45-7941-40c3-ba2d-1cbecd2d369e@group-9DC5606B5DE8-LeaderElection20] INFO  impl.LeaderElection (LeaderElection.java:logAndReturn(56)) - 4b035f45-7941-40c3-ba2d-1cbecd2d369e@group-9DC5606B5DE8-LeaderElection20: Election TIMEOUT; received 0 response(s) [] and 0 exception(s); 4b035f45-7941-40c3-ba2d-1cbecd2d369e@group-9DC5606B5DE8:t1, leader=null, voted=4b035f45-7941-40c3-ba2d-1cbecd2d369e, raftlog=4b035f45-7941-40c3-ba2d-1cbecd2d369e@group-9DC5606B5DE8-SegmentedRaftLog:OPENED:c-1,f-1,i0, conf=-1: [05f59524-a4ea-4be4-b99d-fb9eed47142d:192.168.34.62:45919, 4b035f45-7941-40c3-ba2d-1cbecd2d369e:192.168.34.62:45443, 920a4478-64f4-4720-983c-9a2102f3c94b:192.168.34.62:38609], old=null
2019-10-17 07:38:11,658 [05f59524-a4ea-4be4-b99d-fb9eed47142d@group-9DC5606B5DE8-LeaderElection21] INFO  impl.LeaderElection (LeaderElection.java:logAndReturn(56)) - 05f59524-a4ea-4be4-b99d-fb9eed47142d@group-9DC5606B5DE8-LeaderElection21: Election REJECTED; received 2 response(s) [05f59524-a4ea-4be4-b99d-fb9eed47142d<-4b035f45-7941-40c3-ba2d-1cbecd2d369e#0:FAIL-t1, 05f59524-a4ea-4be4-b99d-fb9eed47142d<-920a4478-64f4-4720-983c-9a2102f3c94b#0:FAIL-t1] and 0 exception(s); 05f59524-a4ea-4be4-b99d-fb9eed47142d@group-9DC5606B5DE8:t1, leader=null, voted=05f59524-a4ea-4be4-b99d-fb9eed47142d, raftlog=05f59524-a4ea-4be4-b99d-fb9eed47142d@group-9DC5606B5DE8-SegmentedRaftLog:OPENED:c-1,f-1,i0, conf=-1: [05f59524-a4ea-4be4-b99d-fb9eed47142d:192.168.34.62:45919, 4b035f45-7941-40c3-ba2d-1cbecd2d369e:192.168.34.62:45443, 920a4478-64f4-4720-983c-9a2102f3c94b:192.168.34.62:38609], old=null
2019-10-17 07:38:11,658 [05f59524-a4ea-4be4-b99d-fb9eed47142d@group-9DC5606B5DE8-LeaderElection21] INFO  impl.RaftServerImpl (RaftServerImpl.java:setRole(184)) - 05f59524-a4ea-4be4-b99d-fb9eed47142d@group-9DC5606B5DE8: changes role from CANDIDATE to FOLLOWER at term 1 for DISCOVERED_A_NEW_TERM
2019-10-17 07:38:11,659 [05f59524-a4ea-4be4-b99d-fb9eed47142d@group-9DC5606B5DE8-LeaderElection21] INFO  impl.RoleInfo (RoleInfo.java:shutdownLeaderElection(134)) - 05f59524-a4ea-4be4-b99d-fb9eed47142d: shutdown LeaderElection
2019-10-17 07:38:11,659 [05f59524-a4ea-4be4-b99d-fb9eed47142d@group-9DC5606B5DE8-LeaderElection21] INFO  impl.RoleInfo (RoleInfo.java:updateAndGet(143)) - 05f59524-a4ea-4be4-b99d-fb9eed47142d: start FollowerState
2019-10-17 07:38:11,673 [pool-27-thread-1] INFO  storage.RaftStorageDirectory (RaftStorageDirectory.java:tryLock(328)) - Lock on /workdir/hadoop-ozone/integration-test/target/test-dir/MiniOzoneClusterImpl-eeadbacc-06c2-472c-a3f4-8a25f61a295a/datanode-0/data/ratis/b7a1c9e8-6e4c-48a4-ac4d-812bef14f159/in_use.lock acquired by nodename 20757@pr-hdds-1868-lzclr-202649289
2019-10-17 07:38:11,674 [4b035f45-7941-40c3-ba2d-1cbecd2d369e@group-9DC5606B5DE8-LeaderElection20] INFO  impl.LeaderElection (LeaderElection.java:askForVotes(178)) - 4b035f45-7941-40c3-ba2d-1cbecd2d369e@group-9DC5606B5DE8-LeaderElection20: begin an election at term 2 for -1: [05f59524-a4ea-4be4-b99d-fb9eed47142d:192.168.34.62:45919, 4b035f45-7941-40c3-ba2d-1cbecd2d369e:192.168.34.62:45443, 920a4478-64f4-4720-983c-9a2102f3c94b:192.168.34.62:38609], old=null
2019-10-17 07:38:11,673 [pool-67-thread-1] INFO  storage.RaftStorageDirectory (RaftStorageDirectory.java:tryLock(328)) - Lock on /workdir/hadoop-ozone/integration-test/target/test-dir/MiniOzoneClusterImpl-eeadbacc-06c2-472c-a3f4-8a25f61a295a/datanode-4/data/ratis/b7a1c9e8-6e4c-48a4-ac4d-812bef14f159/in_use.lock acquired by nodename 20757@pr-hdds-1868-lzclr-202649289
2019-10-17 07:38:11,673 [pool-77-thread-1] INFO  storage.RaftStorageDirectory (RaftStorageDirectory.java:tryLock(328)) - Lock on /workdir/hadoop-ozone/integration-test/target/test-dir/MiniOzoneClusterImpl-eeadbacc-06c2-472c-a3f4-8a25f61a295a/datanode-5/data/ratis/b7a1c9e8-6e4c-48a4-ac4d-812bef14f159/in_use.lock acquired by nodename 20757@pr-hdds-1868-lzclr-202649289
2019-10-17 07:38:11,676 [920a4478-64f4-4720-983c-9a2102f3c94b@group-9DC5606B5DE8-LeaderElection22] INFO  impl.LeaderElection (LeaderElection.java:logAndReturn(56)) - 920a4478-64f4-4720-983c-9a2102f3c94b@group-9DC5606B5DE8-LeaderElection22: Election DISCOVERED_A_NEW_TERM; received 2 response(s) [920a4478-64f4-4720-983c-9a2102f3c94b<-05f59524-a4ea-4be4-b99d-fb9eed47142d#0:FAIL-t1, 920a4478-64f4-4720-983c-9a2102f3c94b<-4b035f45-7941-40c3-ba2d-1cbecd2d369e#0:FAIL-t2] and 0 exception(s); 920a4478-64f4-4720-983c-9a2102f3c94b@group-9DC5606B5DE8:t1, leader=null, voted=920a4478-64f4-4720-983c-9a2102f3c94b, raftlog=920a4478-64f4-4720-983c-9a2102f3c94b@group-9DC5606B5DE8-SegmentedRaftLog:OPENED:c-1,f-1,i0, conf=-1: [05f59524-a4ea-4be4-b99d-fb9eed47142d:192.168.34.62:45919, 4b035f45-7941-40c3-ba2d-1cbecd2d369e:192.168.34.62:45443, 920a4478-64f4-4720-983c-9a2102f3c94b:192.168.34.62:38609], old=null
2019-10-17 07:38:11,676 [920a4478-64f4-4720-983c-9a2102f3c94b@group-9DC5606B5DE8-LeaderElection22] INFO  impl.RaftServerImpl (RaftServerImpl.java:setRole(184)) - 920a4478-64f4-4720-983c-9a2102f3c94b@group-9DC5606B5DE8: changes role from CANDIDATE to FOLLOWER at term 2 for DISCOVERED_A_NEW_TERM
2019-10-17 07:38:11,676 [920a4478-64f4-4720-983c-9a2102f3c94b@group-9DC5606B5DE8-LeaderElection22] INFO  impl.RoleInfo (RoleInfo.java:shutdownLeaderElection(134)) - 920a4478-64f4-4720-983c-9a2102f3c94b: shutdown LeaderElection
2019-10-17 07:38:11,677 [920a4478-64f4-4720-983c-9a2102f3c94b@group-9DC5606B5DE8-LeaderElection22] INFO  impl.RoleInfo (RoleInfo.java:updateAndGet(143)) - 920a4478-64f4-4720-983c-9a2102f3c94b: start FollowerState
2019-10-17 07:38:11,677 [grpc-default-executor-2] INFO  impl.RaftServerImpl (RaftServerImpl.java:setRole(184)) - 05f59524-a4ea-4be4-b99d-fb9eed47142d@group-9DC5606B5DE8: changes role from  FOLLOWER to FOLLOWER at term 2 for recognizeCandidate:4b035f45-7941-40c3-ba2d-1cbecd2d369e
2019-10-17 07:38:11,683 [grpc-default-executor-2] INFO  impl.RoleInfo (RoleInfo.java:shutdownFollowerState(121)) - 05f59524-a4ea-4be4-b99d-fb9eed47142d: shutdown FollowerState
2019-10-17 07:38:11,683 [grpc-default-executor-2] INFO  impl.RoleInfo (RoleInfo.java:updateAndGet(143)) - 05f59524-a4ea-4be4-b99d-fb9eed47142d: start FollowerState
2019-10-17 07:38:11,683 [Thread-398] INFO  impl.FollowerState (FollowerState.java:run(117)) - 05f59524-a4ea-4be4-b99d-fb9eed47142d@group-9DC5606B5DE8-FollowerState was interrupted: java.lang.InterruptedException: sleep interrupted
2019-10-17 07:38:11,704 [pool-77-thread-1] INFO  storage.RaftStorage (RaftStorage.java:format(84)) - Storage directory /workdir/hadoop-ozone/integration-test/target/test-dir/MiniOzoneClusterImpl-eeadbacc-06c2-472c-a3f4-8a25f61a295a/datanode-5/data/ratis/b7a1c9e8-6e4c-48a4-ac4d-812bef14f159 has been successfully formatted.
2019-10-17 07:38:11,704 [pool-67-thread-1] INFO  storage.RaftStorage (RaftStorage.java:format(84)) - Storage directory /workdir/hadoop-ozone/integration-test/target/test-dir/MiniOzoneClusterImpl-eeadbacc-06c2-472c-a3f4-8a25f61a295a/datanode-4/data/ratis/b7a1c9e8-6e4c-48a4-ac4d-812bef14f159 has been successfully formatted.
2019-10-17 07:38:11,705 [pool-77-thread-1] INFO  ratis.ContainerStateMachine (ContainerStateMachine.java:loadSnapshot(233)) - group-812BEF14F159: The snapshot info is null. Setting the last applied indexto:(t:0, i:~)
2019-10-17 07:38:11,704 [pool-27-thread-1] INFO  storage.RaftStorage (RaftStorage.java:format(84)) - Storage directory /workdir/hadoop-ozone/integration-test/target/test-dir/MiniOzoneClusterImpl-eeadbacc-06c2-472c-a3f4-8a25f61a295a/datanode-0/data/ratis/b7a1c9e8-6e4c-48a4-ac4d-812bef14f159 has been successfully formatted.
2019-10-17 07:38:11,705 [pool-77-thread-1] INFO  server.RaftServerConfigKeys (ConfUtils.java:logGet(43)) - raft.server.notification.no-leader.timeout = 120s (custom)
2019-10-17 07:38:11,705 [pool-67-thread-1] INFO  ratis.ContainerStateMachine (ContainerStateMachine.java:loadSnapshot(233)) - group-812BEF14F159: The snapshot info is null. Setting the last applied indexto:(t:0, i:~)
2019-10-17 07:38:11,705 [pool-77-thread-1] INFO  server.RaftServerConfigKeys (ConfUtils.java:logGet(43)) - raft.server.log.use.memory = false (default)
2019-10-17 07:38:11,705 [pool-27-thread-1] INFO  ratis.ContainerStateMachine (ContainerStateMachine.java:loadSnapshot(233)) - group-812BEF14F159: The snapshot info is null. Setting the last applied indexto:(t:0, i:~)
2019-10-17 07:38:11,706 [pool-77-thread-1] INFO  server.RaftServerConfigKeys (ConfUtils.java:logGet(43)) - raft.server.log.purge.gap = 1000000 (custom)
2019-10-17 07:38:11,705 [pool-67-thread-1] INFO  server.RaftServerConfigKeys (ConfUtils.java:logGet(43)) - raft.server.notification.no-leader.timeout = 120s (custom)
2019-10-17 07:38:11,706 [pool-77-thread-1] INFO  server.RaftServerConfigKeys (ConfUtils.java:logGet(43)) - raft.server.log.appender.buffer.byte-limit = 33554432 (custom)
2019-10-17 07:38:11,706 [pool-27-thread-1] INFO  server.RaftServerConfigKeys (ConfUtils.java:logGet(43)) - raft.server.notification.no-leader.timeout = 120s (custom)
2019-10-17 07:38:11,706 [pool-77-thread-1] INFO  server.RaftServerConfigKeys (ConfUtils.java:logGet(43)) - raft.server.log.segment.size.max = 1048576 (custom)
2019-10-17 07:38:11,706 [pool-67-thread-1] INFO  server.RaftServerConfigKeys (ConfUtils.java:logGet(43)) - raft.server.log.use.memory = false (default)
2019-10-17 07:38:11,707 [pool-77-thread-1] INFO  server.RaftServerConfigKeys (ConfUtils.java:logGet(43)) - raft.server.log.segment.cache.num.max = 2 (custom)
2019-10-17 07:38:11,707 [pool-77-thread-1] INFO  segmented.SegmentedRaftLogWorker (SegmentedRaftLogWorker.java:<init>(173)) - new 2636e257-7a47-4bf8-b940-93a028f0c6b6@group-812BEF14F159-SegmentedRaftLogWorker for RaftStorage:Storage Directory /workdir/hadoop-ozone/integration-test/target/test-dir/MiniOzoneClusterImpl-eeadbacc-06c2-472c-a3f4-8a25f61a295a/datanode-5/data/ratis/b7a1c9e8-6e4c-48a4-ac4d-812bef14f159
2019-10-17 07:38:11,706 [pool-27-thread-1] INFO  server.RaftServerConfigKeys (ConfUtils.java:logGet(43)) - raft.server.log.use.memory = false (default)
2019-10-17 07:38:11,707 [pool-77-thread-1] INFO  server.RaftServerConfigKeys (ConfUtils.java:logGet(43)) - raft.server.log.queue.byte-limit = 2147483647 (custom)
2019-10-17 07:38:11,707 [pool-67-thread-1] INFO  server.RaftServerConfigKeys (ConfUtils.java:logGet(43)) - raft.server.log.purge.gap = 1000000 (custom)
2019-10-17 07:38:11,707 [pool-77-thread-1] INFO  server.RaftServerConfigKeys (ConfUtils.java:logGet(43)) - raft.server.log.queue.element-limit = 1024 (custom)
2019-10-17 07:38:11,707 [pool-27-thread-1] INFO  server.RaftServerConfigKeys (ConfUtils.java:logGet(43)) - raft.server.log.purge.gap = 1000000 (custom)
2019-10-17 07:38:11,708 [pool-77-thread-1] INFO  server.RaftServerConfigKeys (ConfUtils.java:logGet(43)) - raft.server.log.segment.size.max = 1048576 (custom)
2019-10-17 07:38:11,707 [pool-67-thread-1] INFO  server.RaftServerConfigKeys (ConfUtils.java:logGet(43)) - raft.server.log.appender.buffer.byte-limit = 33554432 (custom)
2019-10-17 07:38:11,708 [pool-77-thread-1] INFO  server.RaftServerConfigKeys (ConfUtils.java:logGet(43)) - raft.server.log.preallocated.size = 16384 (custom)
2019-10-17 07:38:11,708 [pool-27-thread-1] INFO  server.RaftServerConfigKeys (ConfUtils.java:logGet(43)) - raft.server.log.appender.buffer.byte-limit = 33554432 (custom)
2019-10-17 07:38:11,708 [pool-77-thread-1] INFO  server.RaftServerConfigKeys (ConfUtils.java:logGet(43)) - raft.server.log.write.buffer.size = 33554432 (custom)
2019-10-17 07:38:11,708 [pool-67-thread-1] INFO  server.RaftServerConfigKeys (ConfUtils.java:logGet(43)) - raft.server.log.segment.size.max = 1048576 (custom)
2019-10-17 07:38:11,708 [pool-77-thread-1] INFO  server.RaftServerConfigKeys (ConfUtils.java:logGet(43)) - raft.server.log.force.sync.num = 128 (default)
2019-10-17 07:38:11,708 [pool-27-thread-1] INFO  server.RaftServerConfigKeys (ConfUtils.java:logGet(43)) - raft.server.log.segment.size.max = 1048576 (custom)
2019-10-17 07:38:11,709 [pool-77-thread-1] INFO  server.RaftServerConfigKeys (ConfUtils.java:logGet(43)) - raft.server.log.statemachine.data.sync = true (default)
2019-10-17 07:38:11,709 [pool-67-thread-1] INFO  server.RaftServerConfigKeys (ConfUtils.java:logGet(43)) - raft.server.log.segment.cache.num.max = 2 (custom)
2019-10-17 07:38:11,709 [pool-77-thread-1] INFO  server.RaftServerConfigKeys (ConfUtils.java:logGet(43)) - raft.server.log.statemachine.data.sync.timeout = 10s (default)
2019-10-17 07:38:11,709 [pool-27-thread-1] INFO  server.RaftServerConfigKeys (ConfUtils.java:logGet(43)) - raft.server.log.segment.cache.num.max = 2 (custom)
2019-10-17 07:38:11,709 [pool-77-thread-1] INFO  server.RaftServerConfigKeys (ConfUtils.java:logGet(43)) - raft.server.log.statemachine.data.sync.timeout.retry = -1 (default)
2019-10-17 07:38:11,709 [pool-67-thread-1] INFO  segmented.SegmentedRaftLogWorker (SegmentedRaftLogWorker.java:<init>(173)) - new 57d83d75-a41d-4aa4-98a2-4186e05ab504@group-812BEF14F159-SegmentedRaftLogWorker for RaftStorage:Storage Directory /workdir/hadoop-ozone/integration-test/target/test-dir/MiniOzoneClusterImpl-eeadbacc-06c2-472c-a3f4-8a25f61a295a/datanode-4/data/ratis/b7a1c9e8-6e4c-48a4-ac4d-812bef14f159
2019-10-17 07:38:11,710 [pool-77-thread-1] INFO  server.RaftServerConfigKeys (ConfUtils.java:logGet(43)) - raft.server.log.statemachine.data.caching.enabled = true (custom)
2019-10-17 07:38:11,709 [pool-27-thread-1] INFO  segmented.SegmentedRaftLogWorker (SegmentedRaftLogWorker.java:<init>(173)) - new 6befc45b-dcf8-424c-b341-d7aa439c4bd9@group-812BEF14F159-SegmentedRaftLogWorker for RaftStorage:Storage Directory /workdir/hadoop-ozone/integration-test/target/test-dir/MiniOzoneClusterImpl-eeadbacc-06c2-472c-a3f4-8a25f61a295a/datanode-0/data/ratis/b7a1c9e8-6e4c-48a4-ac4d-812bef14f159
2019-10-17 07:38:11,710 [pool-67-thread-1] INFO  server.RaftServerConfigKeys (ConfUtils.java:logGet(43)) - raft.server.log.queue.byte-limit = 2147483647 (custom)
2019-10-17 07:38:11,710 [pool-27-thread-1] INFO  server.RaftServerConfigKeys (ConfUtils.java:logGet(43)) - raft.server.log.queue.byte-limit = 2147483647 (custom)
2019-10-17 07:38:11,710 [pool-67-thread-1] INFO  server.RaftServerConfigKeys (ConfUtils.java:logGet(43)) - raft.server.log.queue.element-limit = 1024 (custom)
2019-10-17 07:38:11,710 [pool-27-thread-1] INFO  server.RaftServerConfigKeys (ConfUtils.java:logGet(43)) - raft.server.log.queue.element-limit = 1024 (custom)
2019-10-17 07:38:11,710 [pool-67-thread-1] INFO  server.RaftServerConfigKeys (ConfUtils.java:logGet(43)) - raft.server.log.segment.size.max = 1048576 (custom)
2019-10-17 07:38:11,711 [pool-27-thread-1] INFO  server.RaftServerConfigKeys (ConfUtils.java:logGet(43)) - raft.server.log.segment.size.max = 1048576 (custom)
2019-10-17 07:38:11,711 [pool-67-thread-1] INFO  server.RaftServerConfigKeys (ConfUtils.java:logGet(43)) - raft.server.log.preallocated.size = 16384 (custom)
2019-10-17 07:38:11,711 [pool-27-thread-1] INFO  server.RaftServerConfigKeys (ConfUtils.java:logGet(43)) - raft.server.log.preallocated.size = 16384 (custom)
2019-10-17 07:38:11,711 [pool-67-thread-1] INFO  server.RaftServerConfigKeys (ConfUtils.java:logGet(43)) - raft.server.log.write.buffer.size = 33554432 (custom)
2019-10-17 07:38:11,711 [pool-27-thread-1] INFO  server.RaftServerConfigKeys (ConfUtils.java:logGet(43)) - raft.server.log.write.buffer.size = 33554432 (custom)
2019-10-17 07:38:11,711 [pool-67-thread-1] INFO  server.RaftServerConfigKeys (ConfUtils.java:logGet(43)) - raft.server.log.force.sync.num = 128 (default)
2019-10-17 07:38:11,711 [pool-27-thread-1] INFO  server.RaftServerConfigKeys (ConfUtils.java:logGet(43)) - raft.server.log.force.sync.num = 128 (default)
2019-10-17 07:38:11,711 [pool-67-thread-1] INFO  server.RaftServerConfigKeys (ConfUtils.java:logGet(43)) - raft.server.log.statemachine.data.sync = true (default)
2019-10-17 07:38:11,712 [pool-27-thread-1] INFO  server.RaftServerConfigKeys (ConfUtils.java:logGet(43)) - raft.server.log.statemachine.data.sync = true (default)
2019-10-17 07:38:11,712 [pool-67-thread-1] INFO  server.RaftServerConfigKeys (ConfUtils.java:logGet(43)) - raft.server.log.statemachine.data.sync.timeout = 10s (default)
2019-10-17 07:38:11,712 [pool-27-thread-1] INFO  server.RaftServerConfigKeys (ConfUtils.java:logGet(43)) - raft.server.log.statemachine.data.sync.timeout = 10s (default)
2019-10-17 07:38:11,712 [pool-67-thread-1] INFO  server.RaftServerConfigKeys (ConfUtils.java:logGet(43)) - raft.server.log.statemachine.data.sync.timeout.retry = -1 (default)
2019-10-17 07:38:11,712 [pool-27-thread-1] INFO  server.RaftServerConfigKeys (ConfUtils.java:logGet(43)) - raft.server.log.statemachine.data.sync.timeout.retry = -1 (default)
2019-10-17 07:38:11,712 [pool-67-thread-1] INFO  server.RaftServerConfigKeys (ConfUtils.java:logGet(43)) - raft.server.log.statemachine.data.caching.enabled = true (custom)
2019-10-17 07:38:11,713 [pool-27-thread-1] INFO  server.RaftServerConfigKeys (ConfUtils.java:logGet(43)) - raft.server.log.statemachine.data.caching.enabled = true (custom)
2019-10-17 07:38:11,713 [pool-67-thread-1] INFO  segmented.SegmentedRaftLogWorker (SegmentedRaftLogWorker.java:lambda$new$0(128)) - 57d83d75-a41d-4aa4-98a2-4186e05ab504@group-812BEF14F159-SegmentedRaftLogWorker: flushIndex: setUnconditionally 0 -> -1
2019-10-17 07:38:11,713 [pool-77-thread-1] INFO  segmented.SegmentedRaftLogWorker (SegmentedRaftLogWorker.java:lambda$new$0(128)) - 2636e257-7a47-4bf8-b940-93a028f0c6b6@group-812BEF14F159-SegmentedRaftLogWorker: flushIndex: setUnconditionally 0 -> -1
2019-10-17 07:38:11,713 [pool-27-thread-1] INFO  segmented.SegmentedRaftLogWorker (SegmentedRaftLogWorker.java:lambda$new$0(128)) - 6befc45b-dcf8-424c-b341-d7aa439c4bd9@group-812BEF14F159-SegmentedRaftLogWorker: flushIndex: setUnconditionally 0 -> -1
2019-10-17 07:38:11,714 [pool-67-thread-1] INFO  server.RaftServerConfigKeys (ConfUtils.java:logGet(43)) - raft.server.snapshot.auto.trigger.enabled = true (custom)
2019-10-17 07:38:11,714 [pool-77-thread-1] INFO  server.RaftServerConfigKeys (ConfUtils.java:logGet(43)) - raft.server.snapshot.auto.trigger.enabled = true (custom)
2019-10-17 07:38:11,714 [pool-27-thread-1] INFO  server.RaftServerConfigKeys (ConfUtils.java:logGet(43)) - raft.server.snapshot.auto.trigger.enabled = true (custom)
2019-10-17 07:38:11,714 [pool-67-thread-1] INFO  server.RaftServerConfigKeys (ConfUtils.java:logGet(43)) - raft.server.snapshot.auto.trigger.threshold = 10000 (custom)
2019-10-17 07:38:11,714 [pool-27-thread-1] INFO  server.RaftServerConfigKeys (ConfUtils.java:logGet(43)) - raft.server.snapshot.auto.trigger.threshold = 10000 (custom)
2019-10-17 07:38:11,714 [pool-77-thread-1] INFO  server.RaftServerConfigKeys (ConfUtils.java:logGet(43)) - raft.server.snapshot.auto.trigger.threshold = 10000 (custom)
2019-10-17 07:38:11,715 [pool-27-thread-1] INFO  server.RaftServerConfigKeys (ConfUtils.java:logGet(43)) - raft.server.snapshot.retention.file.num = 5 (custom)
2019-10-17 07:38:11,714 [pool-67-thread-1] INFO  server.RaftServerConfigKeys (ConfUtils.java:logGet(43)) - raft.server.snapshot.retention.file.num = 5 (custom)
2019-10-17 07:38:11,715 [pool-27-thread-1] INFO  server.RaftServerConfigKeys (ConfUtils.java:logGet(43)) - raft.server.retrycache.expirytime = 600000ms (custom)
2019-10-17 07:38:11,715 [pool-77-thread-1] INFO  server.RaftServerConfigKeys (ConfUtils.java:logGet(43)) - raft.server.snapshot.retention.file.num = 5 (custom)
2019-10-17 07:38:11,715 [pool-67-thread-1] INFO  server.RaftServerConfigKeys (ConfUtils.java:logGet(43)) - raft.server.retrycache.expirytime = 600000ms (custom)
2019-10-17 07:38:11,715 [pool-77-thread-1] INFO  server.RaftServerConfigKeys (ConfUtils.java:logGet(43)) - raft.server.retrycache.expirytime = 600000ms (custom)
2019-10-17 07:38:11,720 [pool-27-thread-1] INFO  impl.RaftServerImpl (RaftServerImpl.java:start(195)) - 6befc45b-dcf8-424c-b341-d7aa439c4bd9@group-812BEF14F159: start as a follower, conf=-1: [57d83d75-a41d-4aa4-98a2-4186e05ab504:192.168.34.62:46845, 6befc45b-dcf8-424c-b341-d7aa439c4bd9:192.168.34.62:36500, 2636e257-7a47-4bf8-b940-93a028f0c6b6:192.168.34.62:43946], old=null
2019-10-17 07:38:11,720 [pool-27-thread-1] INFO  impl.RaftServerImpl (RaftServerImpl.java:setRole(184)) - 6befc45b-dcf8-424c-b341-d7aa439c4bd9@group-812BEF14F159: changes role from      null to FOLLOWER at term 0 for startAsFollower
2019-10-17 07:38:11,721 [pool-27-thread-1] INFO  impl.RoleInfo (RoleInfo.java:updateAndGet(143)) - 6befc45b-dcf8-424c-b341-d7aa439c4bd9: start FollowerState
2019-10-17 07:38:11,721 [pool-77-thread-1] INFO  impl.RaftServerImpl (RaftServerImpl.java:start(195)) - 2636e257-7a47-4bf8-b940-93a028f0c6b6@group-812BEF14F159: start as a follower, conf=-1: [57d83d75-a41d-4aa4-98a2-4186e05ab504:192.168.34.62:46845, 6befc45b-dcf8-424c-b341-d7aa439c4bd9:192.168.34.62:36500, 2636e257-7a47-4bf8-b940-93a028f0c6b6:192.168.34.62:43946], old=null
2019-10-17 07:38:11,721 [pool-77-thread-1] INFO  impl.RaftServerImpl (RaftServerImpl.java:setRole(184)) - 2636e257-7a47-4bf8-b940-93a028f0c6b6@group-812BEF14F159: changes role from      null to FOLLOWER at term 0 for startAsFollower
2019-10-17 07:38:11,721 [pool-67-thread-1] INFO  impl.RaftServerImpl (RaftServerImpl.java:start(195)) - 57d83d75-a41d-4aa4-98a2-4186e05ab504@group-812BEF14F159: start as a follower, conf=-1: [57d83d75-a41d-4aa4-98a2-4186e05ab504:192.168.34.62:46845, 6befc45b-dcf8-424c-b341-d7aa439c4bd9:192.168.34.62:36500, 2636e257-7a47-4bf8-b940-93a028f0c6b6:192.168.34.62:43946], old=null
2019-10-17 07:38:11,721 [pool-27-thread-1] INFO  util.JmxRegister (JmxRegister.java:tryRegister(44)) - Successfully registered JMX Bean with object name Ratis:service=RaftServer,group=group-812BEF14F159,id=6befc45b-dcf8-424c-b341-d7aa439c4bd9
2019-10-17 07:38:11,721 [pool-67-thread-1] INFO  impl.RaftServerImpl (RaftServerImpl.java:setRole(184)) - 57d83d75-a41d-4aa4-98a2-4186e05ab504@group-812BEF14F159: changes role from      null to FOLLOWER at term 0 for startAsFollower
2019-10-17 07:38:11,721 [pool-77-thread-1] INFO  impl.RoleInfo (RoleInfo.java:updateAndGet(143)) - 2636e257-7a47-4bf8-b940-93a028f0c6b6: start FollowerState
2019-10-17 07:38:11,722 [pool-67-thread-1] INFO  impl.RoleInfo (RoleInfo.java:updateAndGet(143)) - 57d83d75-a41d-4aa4-98a2-4186e05ab504: start FollowerState
2019-10-17 07:38:11,729 [pool-77-thread-1] INFO  util.JmxRegister (JmxRegister.java:tryRegister(44)) - Successfully registered JMX Bean with object name Ratis:service=RaftServer,group=group-812BEF14F159,id=2636e257-7a47-4bf8-b940-93a028f0c6b6
2019-10-17 07:38:11,730 [pool-67-thread-1] INFO  util.JmxRegister (JmxRegister.java:tryRegister(44)) - Successfully registered JMX Bean with object name Ratis:service=RaftServer,group=group-812BEF14F159,id=57d83d75-a41d-4aa4-98a2-4186e05ab504
2019-10-17 07:38:11,730 [grpc-default-executor-6] INFO  impl.RaftServerImpl (RaftServerImpl.java:setRole(184)) - 920a4478-64f4-4720-983c-9a2102f3c94b@group-9DC5606B5DE8: changes role from  FOLLOWER to FOLLOWER at term 2 for recognizeCandidate:4b035f45-7941-40c3-ba2d-1cbecd2d369e
2019-10-17 07:38:11,731 [grpc-default-executor-6] INFO  impl.RoleInfo (RoleInfo.java:shutdownFollowerState(121)) - 920a4478-64f4-4720-983c-9a2102f3c94b: shutdown FollowerState
2019-10-17 07:38:11,731 [Thread-401] INFO  impl.FollowerState (FollowerState.java:run(117)) - 920a4478-64f4-4720-983c-9a2102f3c94b@group-9DC5606B5DE8-FollowerState was interrupted: java.lang.InterruptedException: sleep interrupted
2019-10-17 07:38:11,731 [grpc-default-executor-6] INFO  impl.RoleInfo (RoleInfo.java:updateAndGet(143)) - 920a4478-64f4-4720-983c-9a2102f3c94b: start FollowerState
2019-10-17 07:38:11,733 [Thread-407] INFO  impl.FollowerState (FollowerState.java:run(108)) - 2636e257-7a47-4bf8-b940-93a028f0c6b6@group-812BEF14F159-FollowerState: change to CANDIDATE, lastRpcTime:11ms, electionTimeout:10ms
2019-10-17 07:38:11,733 [Thread-407] INFO  impl.RoleInfo (RoleInfo.java:shutdownFollowerState(121)) - 2636e257-7a47-4bf8-b940-93a028f0c6b6: shutdown FollowerState
2019-10-17 07:38:11,733 [Thread-407] INFO  impl.RaftServerImpl (RaftServerImpl.java:setRole(184)) - 2636e257-7a47-4bf8-b940-93a028f0c6b6@group-812BEF14F159: changes role from  FOLLOWER to CANDIDATE at term 0 for changeToCandidate
2019-10-17 07:38:11,734 [Thread-407] INFO  impl.RoleInfo (RoleInfo.java:updateAndGet(143)) - 2636e257-7a47-4bf8-b940-93a028f0c6b6: start LeaderElection
2019-10-17 07:38:11,734 [4b035f45-7941-40c3-ba2d-1cbecd2d369e@group-9DC5606B5DE8-LeaderElection20] INFO  impl.LeaderElection (LeaderElection.java:logAndReturn(56)) - 4b035f45-7941-40c3-ba2d-1cbecd2d369e@group-9DC5606B5DE8-LeaderElection20: Election PASSED; received 1 response(s) [4b035f45-7941-40c3-ba2d-1cbecd2d369e<-05f59524-a4ea-4be4-b99d-fb9eed47142d#0:OK-t2] and 0 exception(s); 4b035f45-7941-40c3-ba2d-1cbecd2d369e@group-9DC5606B5DE8:t2, leader=null, voted=4b035f45-7941-40c3-ba2d-1cbecd2d369e, raftlog=4b035f45-7941-40c3-ba2d-1cbecd2d369e@group-9DC5606B5DE8-SegmentedRaftLog:OPENED:c-1,f-1,i0, conf=-1: [05f59524-a4ea-4be4-b99d-fb9eed47142d:192.168.34.62:45919, 4b035f45-7941-40c3-ba2d-1cbecd2d369e:192.168.34.62:45443, 920a4478-64f4-4720-983c-9a2102f3c94b:192.168.34.62:38609], old=null
2019-10-17 07:38:11,734 [4b035f45-7941-40c3-ba2d-1cbecd2d369e@group-9DC5606B5DE8-LeaderElection20] INFO  impl.RoleInfo (RoleInfo.java:shutdownLeaderElection(134)) - 4b035f45-7941-40c3-ba2d-1cbecd2d369e: shutdown LeaderElection
2019-10-17 07:38:11,734 [4b035f45-7941-40c3-ba2d-1cbecd2d369e@group-9DC5606B5DE8-LeaderElection20] INFO  impl.RaftServerImpl (RaftServerImpl.java:setRole(184)) - 4b035f45-7941-40c3-ba2d-1cbecd2d369e@group-9DC5606B5DE8: changes role from CANDIDATE to LEADER at term 2 for changeToLeader
2019-10-17 07:38:11,743 [4b035f45-7941-40c3-ba2d-1cbecd2d369e@group-9DC5606B5DE8-LeaderElection20] INFO  ratis.XceiverServerRatis (XceiverServerRatis.java:handleLeaderChangedNotification(699)) - Leader change notification received for group: group-9DC5606B5DE8 with new leaderId: 4b035f45-7941-40c3-ba2d-1cbecd2d369e
2019-10-17 07:38:11,745 [4b035f45-7941-40c3-ba2d-1cbecd2d369e@group-9DC5606B5DE8-LeaderElection20] INFO  impl.RaftServerImpl (ServerState.java:setLeader(256)) - 4b035f45-7941-40c3-ba2d-1cbecd2d369e@group-9DC5606B5DE8: change Leader from null to 4b035f45-7941-40c3-ba2d-1cbecd2d369e at term 2 for becomeLeader, leader elected after 244ms
2019-10-17 07:38:11,745 [4b035f45-7941-40c3-ba2d-1cbecd2d369e@group-9DC5606B5DE8-LeaderElection20] INFO  server.RaftServerConfigKeys (ConfUtils.java:logGet(43)) - raft.server.staging.catchup.gap = 1000 (default)
2019-10-17 07:38:11,745 [4b035f45-7941-40c3-ba2d-1cbecd2d369e@group-9DC5606B5DE8-LeaderElection20] INFO  server.RaftServerConfigKeys (ConfUtils.java:logGet(43)) - raft.server.rpc.sleep.time = 25ms (default)
2019-10-17 07:38:11,745 [4b035f45-7941-40c3-ba2d-1cbecd2d369e@group-9DC5606B5DE8-LeaderElection20] INFO  server.RaftServerConfigKeys (ConfUtils.java:logGet(43)) - raft.server.write.element-limit = 4096 (default)
2019-10-17 07:38:11,746 [4b035f45-7941-40c3-ba2d-1cbecd2d369e@group-9DC5606B5DE8-LeaderElection20] INFO  server.RaftServerConfigKeys (ConfUtils.java:logGet(43)) - raft.server.watch.timeout = 10s (default)
2019-10-17 07:38:11,746 [4b035f45-7941-40c3-ba2d-1cbecd2d369e@group-9DC5606B5DE8-LeaderElection20] INFO  server.RaftServerConfigKeys (ConfUtils.java:logGet(43)) - raft.server.watch.timeout.denomination = 1s (default)
2019-10-17 07:38:11,746 [4b035f45-7941-40c3-ba2d-1cbecd2d369e@group-9DC5606B5DE8-LeaderElection20] INFO  server.RaftServerConfigKeys (ConfUtils.java:logGet(43)) - raft.server.watch.element-limit = 65536 (default)
2019-10-17 07:38:11,757 [4b035f45-7941-40c3-ba2d-1cbecd2d369e@group-9DC5606B5DE8-LeaderElection20] INFO  server.RaftServerConfigKeys (ConfUtils.java:logGet(43)) - raft.server.log.appender.snapshot.chunk.size.max = 16MB (=16777216) (default)
2019-10-17 07:38:11,757 [4b035f45-7941-40c3-ba2d-1cbecd2d369e@group-9DC5606B5DE8-LeaderElection20] INFO  server.RaftServerConfigKeys (ConfUtils.java:logGet(43)) - raft.server.log.appender.buffer.byte-limit = 33554432 (custom)
2019-10-17 07:38:11,758 [4b035f45-7941-40c3-ba2d-1cbecd2d369e@group-9DC5606B5DE8-LeaderElection20] INFO  server.RaftServerConfigKeys (ConfUtils.java:logGet(43)) - raft.server.log.appender.buffer.element-limit = 1 (custom)
2019-10-17 07:38:11,758 [4b035f45-7941-40c3-ba2d-1cbecd2d369e@group-9DC5606B5DE8-LeaderElection20] INFO  grpc.GrpcConfigKeys$Server (ConfUtils.java:logGet(43)) - raft.grpc.server.leader.outstanding.appends.max = 128 (default)
2019-10-17 07:38:11,758 [4b035f45-7941-40c3-ba2d-1cbecd2d369e@group-9DC5606B5DE8-LeaderElection20] INFO  server.RaftServerConfigKeys (ConfUtils.java:logGet(43)) - raft.server.rpc.request.timeout = 3000ms (default)
2019-10-17 07:38:11,759 [4b035f45-7941-40c3-ba2d-1cbecd2d369e@group-9DC5606B5DE8-LeaderElection20] INFO  server.RaftServerConfigKeys (ConfUtils.java:logGet(43)) - raft.server.log.appender.install.snapshot.enabled = false (custom)
2019-10-17 07:38:11,760 [RatisPipelineUtilsThread] INFO  pipeline.PipelineStateManager (PipelineStateManager.java:addPipeline(55)) - Created pipeline Pipeline[ Id: b7a1c9e8-6e4c-48a4-ac4d-812bef14f159, Nodes: 2636e257-7a47-4bf8-b940-93a028f0c6b6{ip: 192.168.34.62, host: pr-hdds-1868-lzclr-202649289, networkLocation: /default-rack, certSerialId: null}6befc45b-dcf8-424c-b341-d7aa439c4bd9{ip: 192.168.34.62, host: pr-hdds-1868-lzclr-202649289, networkLocation: /default-rack, certSerialId: null}57d83d75-a41d-4aa4-98a2-4186e05ab504{ip: 192.168.34.62, host: pr-hdds-1868-lzclr-202649289, networkLocation: /default-rack, certSerialId: null}, Type:RATIS, Factor:THREE, State:ALLOCATED]
2019-10-17 07:38:11,762 [EventQueue-PipelineReportForPipelineReportHandler] INFO  pipeline.PipelineReportHandler (PipelineReportHandler.java:processPipelineReport(119)) - Pipeline PipelineID=e368d980-3d54-439a-ae9e-9dc5606b5de8 reported by 4b035f45-7941-40c3-ba2d-1cbecd2d369e{ip: 192.168.34.62, host: pr-hdds-1868-lzclr-202649289, networkLocation: /default-rack, certSerialId: null} with leaderId 4b035f45-7941-40c3-ba2d-1cbecd2d369e
2019-10-17 07:38:11,764 [4b035f45-7941-40c3-ba2d-1cbecd2d369e@group-9DC5606B5DE8-LeaderElection20] INFO  server.RaftServerConfigKeys (ConfUtils.java:logGet(43)) - raft.server.log.appender.snapshot.chunk.size.max = 16MB (=16777216) (default)
2019-10-17 07:38:11,764 [Thread-402] INFO  impl.FollowerState (FollowerState.java:run(108)) - 05f59524-a4ea-4be4-b99d-fb9eed47142d@group-9DC5606B5DE8-FollowerState: change to CANDIDATE, lastRpcTime:80ms, electionTimeout:79ms
2019-10-17 07:38:11,764 [4b035f45-7941-40c3-ba2d-1cbecd2d369e@group-9DC5606B5DE8-LeaderElection20] INFO  server.RaftServerConfigKeys (ConfUtils.java:logGet(43)) - raft.server.log.appender.buffer.byte-limit = 33554432 (custom)
2019-10-17 07:38:11,764 [Thread-402] INFO  impl.RoleInfo (RoleInfo.java:shutdownFollowerState(121)) - 05f59524-a4ea-4be4-b99d-fb9eed47142d: shutdown FollowerState
2019-10-17 07:38:11,764 [4b035f45-7941-40c3-ba2d-1cbecd2d369e@group-9DC5606B5DE8-LeaderElection20] INFO  server.RaftServerConfigKeys (ConfUtils.java:logGet(43)) - raft.server.log.appender.buffer.element-limit = 1 (custom)
2019-10-17 07:38:11,764 [Thread-402] INFO  impl.RaftServerImpl (RaftServerImpl.java:setRole(184)) - 05f59524-a4ea-4be4-b99d-fb9eed47142d@group-9DC5606B5DE8: changes role from  FOLLOWER to CANDIDATE at term 2 for changeToCandidate
2019-10-17 07:38:11,764 [4b035f45-7941-40c3-ba2d-1cbecd2d369e@group-9DC5606B5DE8-LeaderElection20] INFO  grpc.GrpcConfigKeys$Server (ConfUtils.java:logGet(43)) - raft.grpc.server.leader.outstanding.appends.max = 128 (default)
2019-10-17 07:38:11,765 [Thread-402] INFO  impl.RoleInfo (RoleInfo.java:updateAndGet(143)) - 05f59524-a4ea-4be4-b99d-fb9eed47142d: start LeaderElection
2019-10-17 07:38:11,765 [4b035f45-7941-40c3-ba2d-1cbecd2d369e@group-9DC5606B5DE8-LeaderElection20] INFO  server.RaftServerConfigKeys (ConfUtils.java:logGet(43)) - raft.server.rpc.request.timeout = 3000ms (default)
2019-10-17 07:38:11,766 [4b035f45-7941-40c3-ba2d-1cbecd2d369e@group-9DC5606B5DE8-LeaderElection20] INFO  server.RaftServerConfigKeys (ConfUtils.java:logGet(43)) - raft.server.log.appender.install.snapshot.enabled = false (custom)
2019-10-17 07:38:11,769 [4b035f45-7941-40c3-ba2d-1cbecd2d369e@group-9DC5606B5DE8-LeaderElection20] INFO  impl.RoleInfo (RoleInfo.java:updateAndGet(143)) - 4b035f45-7941-40c3-ba2d-1cbecd2d369e: start LeaderState
2019-10-17 07:38:11,769 [4b035f45-7941-40c3-ba2d-1cbecd2d369e@group-9DC5606B5DE8-LeaderElection20] INFO  segmented.SegmentedRaftLogWorker (SegmentedRaftLogWorker.java:startLogSegment(385)) - 4b035f45-7941-40c3-ba2d-1cbecd2d369e@group-9DC5606B5DE8-SegmentedRaftLogWorker: Starting segment from index:0
2019-10-17 07:38:11,770 [4b035f45-7941-40c3-ba2d-1cbecd2d369e@group-9DC5606B5DE8-LeaderElection20] INFO  impl.RaftServerImpl (ServerState.java:setRaftConf(357)) - 4b035f45-7941-40c3-ba2d-1cbecd2d369e@group-9DC5606B5DE8: set configuration 0: [05f59524-a4ea-4be4-b99d-fb9eed47142d:192.168.34.62:45919, 4b035f45-7941-40c3-ba2d-1cbecd2d369e:192.168.34.62:45443, 920a4478-64f4-4720-983c-9a2102f3c94b:192.168.34.62:38609], old=null at 0
2019-10-17 07:38:11,773 [grpc-default-executor-6] INFO  ratis.XceiverServerRatis (XceiverServerRatis.java:handleLeaderChangedNotification(699)) - Leader change notification received for group: group-9DC5606B5DE8 with new leaderId: 4b035f45-7941-40c3-ba2d-1cbecd2d369e
2019-10-17 07:38:11,773 [grpc-default-executor-6] INFO  impl.RaftServerImpl (ServerState.java:setLeader(256)) - 920a4478-64f4-4720-983c-9a2102f3c94b@group-9DC5606B5DE8: change Leader from null to 4b035f45-7941-40c3-ba2d-1cbecd2d369e at term 2 for appendEntries, leader elected after 277ms
2019-10-17 07:38:11,775 [EventQueue-PipelineReportForPipelineReportHandler] INFO  pipeline.PipelineReportHandler (PipelineReportHandler.java:processPipelineReport(119)) - Pipeline PipelineID=e368d980-3d54-439a-ae9e-9dc5606b5de8 reported by 920a4478-64f4-4720-983c-9a2102f3c94b{ip: 192.168.34.62, host: pr-hdds-1868-lzclr-202649289, networkLocation: /default-rack, certSerialId: null} with leaderId 4b035f45-7941-40c3-ba2d-1cbecd2d369e
2019-10-17 07:38:11,777 [grpc-default-executor-6] INFO  impl.RaftServerImpl (ServerState.java:setRaftConf(357)) - 920a4478-64f4-4720-983c-9a2102f3c94b@group-9DC5606B5DE8: set configuration 0: [05f59524-a4ea-4be4-b99d-fb9eed47142d:192.168.34.62:45919, 4b035f45-7941-40c3-ba2d-1cbecd2d369e:192.168.34.62:45443, 920a4478-64f4-4720-983c-9a2102f3c94b:192.168.34.62:38609], old=null at 0
2019-10-17 07:38:11,777 [grpc-default-executor-6] INFO  segmented.SegmentedRaftLogWorker (SegmentedRaftLogWorker.java:startLogSegment(385)) - 920a4478-64f4-4720-983c-9a2102f3c94b@group-9DC5606B5DE8-SegmentedRaftLogWorker: Starting segment from index:0
2019-10-17 07:38:11,792 [2636e257-7a47-4bf8-b940-93a028f0c6b6@group-812BEF14F159-LeaderElection23] INFO  impl.LeaderElection (LeaderElection.java:askForVotes(178)) - 2636e257-7a47-4bf8-b940-93a028f0c6b6@group-812BEF14F159-LeaderElection23: begin an election at term 1 for -1: [57d83d75-a41d-4aa4-98a2-4186e05ab504:192.168.34.62:46845, 6befc45b-dcf8-424c-b341-d7aa439c4bd9:192.168.34.62:36500, 2636e257-7a47-4bf8-b940-93a028f0c6b6:192.168.34.62:43946], old=null
2019-10-17 07:38:11,829 [grpc-default-executor-2] INFO  impl.RaftServerImpl (RaftServerImpl.java:setRole(184)) - 6befc45b-dcf8-424c-b341-d7aa439c4bd9@group-812BEF14F159: changes role from  FOLLOWER to FOLLOWER at term 1 for recognizeCandidate:2636e257-7a47-4bf8-b940-93a028f0c6b6
2019-10-17 07:38:11,835 [05f59524-a4ea-4be4-b99d-fb9eed47142d@group-9DC5606B5DE8-LeaderElection24] INFO  impl.LeaderElection (LeaderElection.java:askForVotes(178)) - 05f59524-a4ea-4be4-b99d-fb9eed47142d@group-9DC5606B5DE8-LeaderElection24: begin an election at term 3 for -1: [05f59524-a4ea-4be4-b99d-fb9eed47142d:192.168.34.62:45919, 4b035f45-7941-40c3-ba2d-1cbecd2d369e:192.168.34.62:45443, 920a4478-64f4-4720-983c-9a2102f3c94b:192.168.34.62:38609], old=null
2019-10-17 07:38:11,835 [grpc-default-executor-6] INFO  impl.RaftServerImpl (RaftServerImpl.java:setRole(184)) - 57d83d75-a41d-4aa4-98a2-4186e05ab504@group-812BEF14F159: changes role from  FOLLOWER to FOLLOWER at term 1 for recognizeCandidate:2636e257-7a47-4bf8-b940-93a028f0c6b6
2019-10-17 07:38:11,835 [grpc-default-executor-2] INFO  impl.RoleInfo (RoleInfo.java:shutdownFollowerState(121)) - 6befc45b-dcf8-424c-b341-d7aa439c4bd9: shutdown FollowerState
2019-10-17 07:38:11,835 [grpc-default-executor-6] INFO  impl.RoleInfo (RoleInfo.java:shutdownFollowerState(121)) - 57d83d75-a41d-4aa4-98a2-4186e05ab504: shutdown FollowerState
2019-10-17 07:38:11,836 [Thread-408] INFO  impl.FollowerState (FollowerState.java:run(117)) - 57d83d75-a41d-4aa4-98a2-4186e05ab504@group-812BEF14F159-FollowerState was interrupted: java.lang.InterruptedException: sleep interrupted
2019-10-17 07:38:11,836 [grpc-default-executor-2] INFO  impl.RoleInfo (RoleInfo.java:updateAndGet(143)) - 6befc45b-dcf8-424c-b341-d7aa439c4bd9: start FollowerState
2019-10-17 07:38:11,836 [grpc-default-executor-6] INFO  impl.RoleInfo (RoleInfo.java:updateAndGet(143)) - 57d83d75-a41d-4aa4-98a2-4186e05ab504: start FollowerState
2019-10-17 07:38:11,843 [Thread-411] INFO  impl.RaftServerImpl (ServerState.java:setLeader(256)) - 4b035f45-7941-40c3-ba2d-1cbecd2d369e@group-9DC5606B5DE8: change Leader from 4b035f45-7941-40c3-ba2d-1cbecd2d369e to null at term 3 for updateCurrentTerm
2019-10-17 07:38:11,843 [Thread-411] INFO  impl.RaftServerImpl (RaftServerImpl.java:setRole(184)) - 4b035f45-7941-40c3-ba2d-1cbecd2d369e@group-9DC5606B5DE8: changes role from    LEADER to FOLLOWER at term 3 for stepDown
2019-10-17 07:38:11,843 [Thread-411] INFO  impl.RoleInfo (RoleInfo.java:shutdownLeaderState(104)) - 4b035f45-7941-40c3-ba2d-1cbecd2d369e: shutdown LeaderState
2019-10-17 07:38:11,847 [org.apache.ratis.server.impl.LogAppender$AppenderDaemon$$Lambda$421/655825463@3aed1815] WARN  server.GrpcLogAppender (GrpcLogAppender.java:mayWait(149)) - 4b035f45-7941-40c3-ba2d-1cbecd2d369e@group-9DC5606B5DE8->920a4478-64f4-4720-983c-9a2102f3c94b-GrpcLogAppender: Wait interrupted by java.lang.InterruptedException
2019-10-17 07:38:11,847 [org.apache.ratis.server.impl.LogAppender$AppenderDaemon$$Lambda$421/655825463@6bd21875] WARN  server.GrpcLogAppender (GrpcLogAppender.java:mayWait(149)) - 4b035f45-7941-40c3-ba2d-1cbecd2d369e@group-9DC5606B5DE8->05f59524-a4ea-4be4-b99d-fb9eed47142d-GrpcLogAppender: Wait interrupted by java.lang.InterruptedException
2019-10-17 07:38:11,847 [Thread-411] INFO  impl.PendingRequests (PendingRequests.java:sendNotLeaderResponses(202)) - 4b035f45-7941-40c3-ba2d-1cbecd2d369e@group-9DC5606B5DE8-PendingRequests: sendNotLeaderResponses
2019-10-17 07:38:11,847 [Thread-411] INFO  impl.RoleInfo (RoleInfo.java:updateAndGet(143)) - 4b035f45-7941-40c3-ba2d-1cbecd2d369e: start FollowerState
2019-10-17 07:38:11,848 [grpc-default-executor-5] INFO  server.GrpcServerProtocolService (GrpcServerProtocolService.java:onCompleted(113)) - 05f59524-a4ea-4be4-b99d-fb9eed47142d: Completed APPEND_ENTRIES, lastRequest: 4b035f45-7941-40c3-ba2d-1cbecd2d369e->05f59524-a4ea-4be4-b99d-fb9eed47142d#0-t2, previous=(t:0, i:0), leaderCommit=-1, initializing? false, entries: <empty>
2019-10-17 07:38:11,848 [grpc-default-executor-0] INFO  server.GrpcServerProtocolService (GrpcServerProtocolService.java:onCompleted(113)) - 920a4478-64f4-4720-983c-9a2102f3c94b: Completed APPEND_ENTRIES, lastRequest: 4b035f45-7941-40c3-ba2d-1cbecd2d369e->920a4478-64f4-4720-983c-9a2102f3c94b#1-t2, previous=(t:0, i:0), leaderCommit=-1, initializing? false, entries: size=1, first=(t:2, i:0), CONFIGURATIONENTRY
2019-10-17 07:38:11,849 [grpc-default-executor-4] INFO  impl.RaftServerImpl (ServerState.java:setLeader(256)) - 920a4478-64f4-4720-983c-9a2102f3c94b@group-9DC5606B5DE8: change Leader from 4b035f45-7941-40c3-ba2d-1cbecd2d369e to null at term 3 for updateCurrentTerm
2019-10-17 07:38:11,849 [grpc-default-executor-4] INFO  impl.RaftServerImpl (RaftServerImpl.java:setRole(184)) - 920a4478-64f4-4720-983c-9a2102f3c94b@group-9DC5606B5DE8: changes role from  FOLLOWER to FOLLOWER at term 3 for recognizeCandidate:05f59524-a4ea-4be4-b99d-fb9eed47142d
2019-10-17 07:38:11,849 [grpc-default-executor-4] INFO  impl.RoleInfo (RoleInfo.java:shutdownFollowerState(121)) - 920a4478-64f4-4720-983c-9a2102f3c94b: shutdown FollowerState
2019-10-17 07:38:11,849 [grpc-default-executor-0] INFO  server.GrpcLogAppender (GrpcLogAppender.java:onCompleted(308)) - 4b035f45-7941-40c3-ba2d-1cbecd2d369e@group-9DC5606B5DE8->05f59524-a4ea-4be4-b99d-fb9eed47142d-AppendLogResponseHandler: follower responses appendEntries COMPLETED
2019-10-17 07:38:11,849 [Thread-409] INFO  impl.FollowerState (FollowerState.java:run(117)) - 920a4478-64f4-4720-983c-9a2102f3c94b@group-9DC5606B5DE8-FollowerState was interrupted: java.lang.InterruptedException: sleep interrupted
2019-10-17 07:38:11,849 [grpc-default-executor-4] INFO  impl.RoleInfo (RoleInfo.java:updateAndGet(143)) - 920a4478-64f4-4720-983c-9a2102f3c94b: start FollowerState
2019-10-17 07:38:11,850 [grpc-default-executor-5] INFO  server.GrpcLogAppender (GrpcLogAppender.java:onCompleted(308)) - 4b035f45-7941-40c3-ba2d-1cbecd2d369e@group-9DC5606B5DE8->920a4478-64f4-4720-983c-9a2102f3c94b-AppendLogResponseHandler: follower responses appendEntries COMPLETED
2019-10-17 07:38:11,851 [grpc-default-executor-0] INFO  impl.FollowerInfo (FollowerInfo.java:lambda$new$0(51)) - 4b035f45-7941-40c3-ba2d-1cbecd2d369e@group-9DC5606B5DE8->05f59524-a4ea-4be4-b99d-fb9eed47142d: nextIndex: updateUnconditionally 0 -> 0
2019-10-17 07:38:11,853 [grpc-default-executor-5] INFO  impl.FollowerInfo (FollowerInfo.java:lambda$new$0(51)) - 4b035f45-7941-40c3-ba2d-1cbecd2d369e@group-9DC5606B5DE8->920a4478-64f4-4720-983c-9a2102f3c94b: nextIndex: updateUnconditionally 1 -> 0
2019-10-17 07:38:11,869 [4b035f45-7941-40c3-ba2d-1cbecd2d369e@group-9DC5606B5DE8-SegmentedRaftLogWorker] INFO  segmented.SegmentedRaftLogWorker (SegmentedRaftLogWorker.java:execute(576)) - 4b035f45-7941-40c3-ba2d-1cbecd2d369e@group-9DC5606B5DE8-SegmentedRaftLogWorker: created new log segment /workdir/hadoop-ozone/integration-test/target/test-dir/MiniOzoneClusterImpl-eeadbacc-06c2-472c-a3f4-8a25f61a295a/datanode-3/data/ratis/e368d980-3d54-439a-ae9e-9dc5606b5de8/current/log_inprogress_0
2019-10-17 07:38:11,869 [920a4478-64f4-4720-983c-9a2102f3c94b@group-9DC5606B5DE8-SegmentedRaftLogWorker] INFO  segmented.SegmentedRaftLogWorker (SegmentedRaftLogWorker.java:execute(576)) - 920a4478-64f4-4720-983c-9a2102f3c94b@group-9DC5606B5DE8-SegmentedRaftLogWorker: created new log segment /workdir/hadoop-ozone/integration-test/target/test-dir/MiniOzoneClusterImpl-eeadbacc-06c2-472c-a3f4-8a25f61a295a/datanode-2/data/ratis/e368d980-3d54-439a-ae9e-9dc5606b5de8/current/log_inprogress_0
2019-10-17 07:38:11,869 [Thread-424] INFO  impl.FollowerState (FollowerState.java:run(108)) - 57d83d75-a41d-4aa4-98a2-4186e05ab504@group-812BEF14F159-FollowerState: change to CANDIDATE, lastRpcTime:32ms, electionTimeout:22ms
2019-10-17 07:38:11,869 [Thread-424] INFO  impl.RoleInfo (RoleInfo.java:shutdownFollowerState(121)) - 57d83d75-a41d-4aa4-98a2-4186e05ab504: shutdown FollowerState
2019-10-17 07:38:11,869 [Thread-424] INFO  impl.RaftServerImpl (RaftServerImpl.java:setRole(184)) - 57d83d75-a41d-4aa4-98a2-4186e05ab504@group-812BEF14F159: changes role from  FOLLOWER to CANDIDATE at term 1 for changeToCandidate
2019-10-17 07:38:11,870 [Thread-424] INFO  impl.RoleInfo (RoleInfo.java:updateAndGet(143)) - 57d83d75-a41d-4aa4-98a2-4186e05ab504: start LeaderElection
2019-10-17 07:38:11,872 [2636e257-7a47-4bf8-b940-93a028f0c6b6@group-812BEF14F159-LeaderElection23] INFO  impl.LeaderElection (LeaderElection.java:logAndReturn(56)) - 2636e257-7a47-4bf8-b940-93a028f0c6b6@group-812BEF14F159-LeaderElection23: Election PASSED; received 1 response(s) [2636e257-7a47-4bf8-b940-93a028f0c6b6<-6befc45b-dcf8-424c-b341-d7aa439c4bd9#0:OK-t1] and 0 exception(s); 2636e257-7a47-4bf8-b940-93a028f0c6b6@group-812BEF14F159:t1, leader=null, voted=2636e257-7a47-4bf8-b940-93a028f0c6b6, raftlog=2636e257-7a47-4bf8-b940-93a028f0c6b6@group-812BEF14F159-SegmentedRaftLog:OPENED:c-1,f-1,i0, conf=-1: [57d83d75-a41d-4aa4-98a2-4186e05ab504:192.168.34.62:46845, 6befc45b-dcf8-424c-b341-d7aa439c4bd9:192.168.34.62:36500, 2636e257-7a47-4bf8-b940-93a028f0c6b6:192.168.34.62:43946], old=null
2019-10-17 07:38:11,872 [2636e257-7a47-4bf8-b940-93a028f0c6b6@group-812BEF14F159-LeaderElection23] INFO  impl.RoleInfo (RoleInfo.java:shutdownLeaderElection(134)) - 2636e257-7a47-4bf8-b940-93a028f0c6b6: shutdown LeaderElection
2019-10-17 07:38:11,872 [2636e257-7a47-4bf8-b940-93a028f0c6b6@group-812BEF14F159-LeaderElection23] INFO  impl.RaftServerImpl (RaftServerImpl.java:setRole(184)) - 2636e257-7a47-4bf8-b940-93a028f0c6b6@group-812BEF14F159: changes role from CANDIDATE to LEADER at term 1 for changeToLeader
2019-10-17 07:38:11,872 [2636e257-7a47-4bf8-b940-93a028f0c6b6@group-812BEF14F159-LeaderElection23] INFO  ratis.XceiverServerRatis (XceiverServerRatis.java:handleLeaderChangedNotification(699)) - Leader change notification received for group: group-812BEF14F159 with new leaderId: 2636e257-7a47-4bf8-b940-93a028f0c6b6
2019-10-17 07:38:11,873 [2636e257-7a47-4bf8-b940-93a028f0c6b6@group-812BEF14F159-LeaderElection23] INFO  impl.RaftServerImpl (ServerState.java:setLeader(256)) - 2636e257-7a47-4bf8-b940-93a028f0c6b6@group-812BEF14F159: change Leader from null to 2636e257-7a47-4bf8-b940-93a028f0c6b6 at term 1 for becomeLeader, leader elected after 167ms
2019-10-17 07:38:11,873 [2636e257-7a47-4bf8-b940-93a028f0c6b6@group-812BEF14F159-LeaderElection23] INFO  server.RaftServerConfigKeys (ConfUtils.java:logGet(43)) - raft.server.staging.catchup.gap = 1000 (default)
2019-10-17 07:38:11,873 [2636e257-7a47-4bf8-b940-93a028f0c6b6@group-812BEF14F159-LeaderElection23] INFO  server.RaftServerConfigKeys (ConfUtils.java:logGet(43)) - raft.server.rpc.sleep.time = 25ms (default)
2019-10-17 07:38:11,873 [2636e257-7a47-4bf8-b940-93a028f0c6b6@group-812BEF14F159-LeaderElection23] INFO  server.RaftServerConfigKeys (ConfUtils.java:logGet(43)) - raft.server.write.element-limit = 4096 (default)
2019-10-17 07:38:11,874 [2636e257-7a47-4bf8-b940-93a028f0c6b6@group-812BEF14F159-LeaderElection23] INFO  server.RaftServerConfigKeys (ConfUtils.java:logGet(43)) - raft.server.watch.timeout = 10s (default)
2019-10-17 07:38:11,874 [2636e257-7a47-4bf8-b940-93a028f0c6b6@group-812BEF14F159-LeaderElection23] INFO  server.RaftServerConfigKeys (ConfUtils.java:logGet(43)) - raft.server.watch.timeout.denomination = 1s (default)
2019-10-17 07:38:11,874 [2636e257-7a47-4bf8-b940-93a028f0c6b6@group-812BEF14F159-LeaderElection23] INFO  server.RaftServerConfigKeys (ConfUtils.java:logGet(43)) - raft.server.watch.element-limit = 65536 (default)
2019-10-17 07:38:11,875 [EventQueue-PipelineReportForPipelineReportHandler] INFO  pipeline.PipelineReportHandler (PipelineReportHandler.java:processPipelineReport(119)) - Pipeline PipelineID=b7a1c9e8-6e4c-48a4-ac4d-812bef14f159 reported by 2636e257-7a47-4bf8-b940-93a028f0c6b6{ip: 192.168.34.62, host: pr-hdds-1868-lzclr-202649289, networkLocation: /default-rack, certSerialId: null} with leaderId 2636e257-7a47-4bf8-b940-93a028f0c6b6
2019-10-17 07:38:11,877 [2636e257-7a47-4bf8-b940-93a028f0c6b6@group-812BEF14F159-LeaderElection23] INFO  server.RaftServerConfigKeys (ConfUtils.java:logGet(43)) - raft.server.log.appender.snapshot.chunk.size.max = 16MB (=16777216) (default)
2019-10-17 07:38:11,877 [2636e257-7a47-4bf8-b940-93a028f0c6b6@group-812BEF14F159-LeaderElection23] INFO  server.RaftServerConfigKeys (ConfUtils.java:logGet(43)) - raft.server.log.appender.buffer.byte-limit = 33554432 (custom)
2019-10-17 07:38:11,877 [2636e257-7a47-4bf8-b940-93a028f0c6b6@group-812BEF14F159-LeaderElection23] INFO  server.RaftServerConfigKeys (ConfUtils.java:logGet(43)) - raft.server.log.appender.buffer.element-limit = 1 (custom)
2019-10-17 07:38:11,878 [2636e257-7a47-4bf8-b940-93a028f0c6b6@group-812BEF14F159-LeaderElection23] INFO  grpc.GrpcConfigKeys$Server (ConfUtils.java:logGet(43)) - raft.grpc.server.leader.outstanding.appends.max = 128 (default)
2019-10-17 07:38:11,878 [2636e257-7a47-4bf8-b940-93a028f0c6b6@group-812BEF14F159-LeaderElection23] INFO  server.RaftServerConfigKeys (ConfUtils.java:logGet(43)) - raft.server.rpc.request.timeout = 3000ms (default)
2019-10-17 07:38:11,878 [2636e257-7a47-4bf8-b940-93a028f0c6b6@group-812BEF14F159-LeaderElection23] INFO  server.RaftServerConfigKeys (ConfUtils.java:logGet(43)) - raft.server.log.appender.install.snapshot.enabled = false (custom)
2019-10-17 07:38:11,881 [2636e257-7a47-4bf8-b940-93a028f0c6b6@group-812BEF14F159-LeaderElection23] INFO  server.RaftServerConfigKeys (ConfUtils.java:logGet(43)) - raft.server.log.appender.snapshot.chunk.size.max = 16MB (=16777216) (default)
2019-10-17 07:38:11,881 [2636e257-7a47-4bf8-b940-93a028f0c6b6@group-812BEF14F159-LeaderElection23] INFO  server.RaftServerConfigKeys (ConfUtils.java:logGet(43)) - raft.server.log.appender.buffer.byte-limit = 33554432 (custom)
2019-10-17 07:38:11,881 [2636e257-7a47-4bf8-b940-93a028f0c6b6@group-812BEF14F159-LeaderElection23] INFO  server.RaftServerConfigKeys (ConfUtils.java:logGet(43)) - raft.server.log.appender.buffer.element-limit = 1 (custom)
2019-10-17 07:38:11,882 [2636e257-7a47-4bf8-b940-93a028f0c6b6@group-812BEF14F159-LeaderElection23] INFO  grpc.GrpcConfigKeys$Server (ConfUtils.java:logGet(43)) - raft.grpc.server.leader.outstanding.appends.max = 128 (default)
2019-10-17 07:38:11,882 [2636e257-7a47-4bf8-b940-93a028f0c6b6@group-812BEF14F159-LeaderElection23] INFO  server.RaftServerConfigKeys (ConfUtils.java:logGet(43)) - raft.server.rpc.request.timeout = 3000ms (default)
2019-10-17 07:38:11,882 [2636e257-7a47-4bf8-b940-93a028f0c6b6@group-812BEF14F159-LeaderElection23] INFO  server.RaftServerConfigKeys (ConfUtils.java:logGet(43)) - raft.server.log.appender.install.snapshot.enabled = false (custom)
2019-10-17 07:38:11,885 [2636e257-7a47-4bf8-b940-93a028f0c6b6@group-812BEF14F159-LeaderElection23] INFO  impl.RoleInfo (RoleInfo.java:updateAndGet(143)) - 2636e257-7a47-4bf8-b940-93a028f0c6b6: start LeaderState
2019-10-17 07:38:11,885 [2636e257-7a47-4bf8-b940-93a028f0c6b6@group-812BEF14F159-LeaderElection23] INFO  segmented.SegmentedRaftLogWorker (SegmentedRaftLogWorker.java:startLogSegment(385)) - 2636e257-7a47-4bf8-b940-93a028f0c6b6@group-812BEF14F159-SegmentedRaftLogWorker: Starting segment from index:0
2019-10-17 07:38:11,886 [2636e257-7a47-4bf8-b940-93a028f0c6b6@group-812BEF14F159-LeaderElection23] INFO  impl.RaftServerImpl (ServerState.java:setRaftConf(357)) - 2636e257-7a47-4bf8-b940-93a028f0c6b6@group-812BEF14F159: set configuration 0: [57d83d75-a41d-4aa4-98a2-4186e05ab504:192.168.34.62:46845, 6befc45b-dcf8-424c-b341-d7aa439c4bd9:192.168.34.62:36500, 2636e257-7a47-4bf8-b940-93a028f0c6b6:192.168.34.62:43946], old=null at 0
2019-10-17 07:38:11,888 [57d83d75-a41d-4aa4-98a2-4186e05ab504@group-812BEF14F159-LeaderElection25] INFO  impl.LeaderElection (LeaderElection.java:askForVotes(178)) - 57d83d75-a41d-4aa4-98a2-4186e05ab504@group-812BEF14F159-LeaderElection25: begin an election at term 2 for -1: [57d83d75-a41d-4aa4-98a2-4186e05ab504:192.168.34.62:46845, 6befc45b-dcf8-424c-b341-d7aa439c4bd9:192.168.34.62:36500, 2636e257-7a47-4bf8-b940-93a028f0c6b6:192.168.34.62:43946], old=null
2019-10-17 07:38:11,888 [grpc-default-executor-3] INFO  impl.RaftServerImpl (RaftServerImpl.java:setRole(184)) - 4b035f45-7941-40c3-ba2d-1cbecd2d369e@group-9DC5606B5DE8: changes role from  FOLLOWER to FOLLOWER at term 3 for recognizeCandidate:05f59524-a4ea-4be4-b99d-fb9eed47142d
2019-10-17 07:38:11,888 [grpc-default-executor-3] INFO  impl.RoleInfo (RoleInfo.java:shutdownFollowerState(121)) - 4b035f45-7941-40c3-ba2d-1cbecd2d369e: shutdown FollowerState
2019-10-17 07:38:11,888 [grpc-default-executor-3] INFO  impl.RoleInfo (RoleInfo.java:updateAndGet(143)) - 4b035f45-7941-40c3-ba2d-1cbecd2d369e: start FollowerState
2019-10-17 07:38:11,888 [Thread-427] INFO  impl.FollowerState (FollowerState.java:run(117)) - 4b035f45-7941-40c3-ba2d-1cbecd2d369e@group-9DC5606B5DE8-FollowerState was interrupted: java.lang.InterruptedException: sleep interrupted
2019-10-17 07:38:11,891 [05f59524-a4ea-4be4-b99d-fb9eed47142d@group-9DC5606B5DE8-LeaderElection24] INFO  impl.LeaderElection (LeaderElection.java:logAndReturn(56)) - 05f59524-a4ea-4be4-b99d-fb9eed47142d@group-9DC5606B5DE8-LeaderElection24: Election REJECTED; received 2 response(s) [05f59524-a4ea-4be4-b99d-fb9eed47142d<-4b035f45-7941-40c3-ba2d-1cbecd2d369e#0:FAIL-t3, 05f59524-a4ea-4be4-b99d-fb9eed47142d<-920a4478-64f4-4720-983c-9a2102f3c94b#0:FAIL-t3] and 0 exception(s); 05f59524-a4ea-4be4-b99d-fb9eed47142d@group-9DC5606B5DE8:t3, leader=null, voted=05f59524-a4ea-4be4-b99d-fb9eed47142d, raftlog=05f59524-a4ea-4be4-b99d-fb9eed47142d@group-9DC5606B5DE8-SegmentedRaftLog:OPENED:c-1,f-1,i0, conf=-1: [05f59524-a4ea-4be4-b99d-fb9eed47142d:192.168.34.62:45919, 4b035f45-7941-40c3-ba2d-1cbecd2d369e:192.168.34.62:45443, 920a4478-64f4-4720-983c-9a2102f3c94b:192.168.34.62:38609], old=null
2019-10-17 07:38:11,891 [05f59524-a4ea-4be4-b99d-fb9eed47142d@group-9DC5606B5DE8-LeaderElection24] INFO  impl.RaftServerImpl (RaftServerImpl.java:setRole(184)) - 05f59524-a4ea-4be4-b99d-fb9eed47142d@group-9DC5606B5DE8: changes role from CANDIDATE to FOLLOWER at term 3 for DISCOVERED_A_NEW_TERM
2019-10-17 07:38:11,891 [05f59524-a4ea-4be4-b99d-fb9eed47142d@group-9DC5606B5DE8-LeaderElection24] INFO  impl.RoleInfo (RoleInfo.java:shutdownLeaderElection(134)) - 05f59524-a4ea-4be4-b99d-fb9eed47142d: shutdown LeaderElection
2019-10-17 07:38:11,892 [05f59524-a4ea-4be4-b99d-fb9eed47142d@group-9DC5606B5DE8-LeaderElection24] INFO  impl.RoleInfo (RoleInfo.java:updateAndGet(143)) - 05f59524-a4ea-4be4-b99d-fb9eed47142d: start FollowerState
2019-10-17 07:38:11,893 [grpc-default-executor-3] INFO  ratis.XceiverServerRatis (XceiverServerRatis.java:handleLeaderChangedNotification(699)) - Leader change notification received for group: group-812BEF14F159 with new leaderId: 2636e257-7a47-4bf8-b940-93a028f0c6b6
2019-10-17 07:38:11,893 [grpc-default-executor-3] INFO  impl.RaftServerImpl (ServerState.java:setLeader(256)) - 6befc45b-dcf8-424c-b341-d7aa439c4bd9@group-812BEF14F159: change Leader from null to 2636e257-7a47-4bf8-b940-93a028f0c6b6 at term 1 for appendEntries, leader elected after 186ms
2019-10-17 07:38:11,894 [Thread-430] INFO  impl.RaftServerImpl (ServerState.java:setLeader(256)) - 2636e257-7a47-4bf8-b940-93a028f0c6b6@group-812BEF14F159: change Leader from 2636e257-7a47-4bf8-b940-93a028f0c6b6 to null at term 2 for updateCurrentTerm
2019-10-17 07:38:11,894 [Thread-430] INFO  impl.RaftServerImpl (RaftServerImpl.java:setRole(184)) - 2636e257-7a47-4bf8-b940-93a028f0c6b6@group-812BEF14F159: changes role from    LEADER to FOLLOWER at term 2 for stepDown
2019-10-17 07:38:11,894 [Thread-430] INFO  impl.RoleInfo (RoleInfo.java:shutdownLeaderState(104)) - 2636e257-7a47-4bf8-b940-93a028f0c6b6: shutdown LeaderState
2019-10-17 07:38:11,922 [org.apache.ratis.server.impl.LogAppender$AppenderDaemon$$Lambda$421/655825463@22e24c92] WARN  server.GrpcLogAppender (GrpcLogAppender.java:mayWait(149)) - 2636e257-7a47-4bf8-b940-93a028f0c6b6@group-812BEF14F159->6befc45b-dcf8-424c-b341-d7aa439c4bd9-GrpcLogAppender: Wait interrupted by java.lang.InterruptedException
2019-10-17 07:38:11,922 [Thread-430] INFO  impl.PendingRequests (PendingRequests.java:sendNotLeaderResponses(202)) - 2636e257-7a47-4bf8-b940-93a028f0c6b6@group-812BEF14F159-PendingRequests: sendNotLeaderResponses
2019-10-17 07:38:11,924 [org.apache.ratis.server.impl.LogAppender$AppenderDaemon$$Lambda$421/655825463@133b9b39] WARN  server.GrpcLogAppender (GrpcLogAppender.java:mayWait(149)) - 2636e257-7a47-4bf8-b940-93a028f0c6b6@group-812BEF14F159->57d83d75-a41d-4aa4-98a2-4186e05ab504-GrpcLogAppender: Wait interrupted by java.lang.InterruptedException
2019-10-17 07:38:11,924 [grpc-default-executor-4] INFO  impl.RaftServerImpl (ServerState.java:setLeader(256)) - 6befc45b-dcf8-424c-b341-d7aa439c4bd9@group-812BEF14F159: change Leader from 2636e257-7a47-4bf8-b940-93a028f0c6b6 to null at term 2 for updateCurrentTerm
2019-10-17 07:38:11,925 [Thread-430] INFO  impl.RoleInfo (RoleInfo.java:updateAndGet(143)) - 2636e257-7a47-4bf8-b940-93a028f0c6b6: start FollowerState
2019-10-17 07:38:11,925 [grpc-default-executor-4] INFO  impl.RaftServerImpl (RaftServerImpl.java:setRole(184)) - 6befc45b-dcf8-424c-b341-d7aa439c4bd9@group-812BEF14F159: changes role from  FOLLOWER to FOLLOWER at term 2 for recognizeCandidate:57d83d75-a41d-4aa4-98a2-4186e05ab504
2019-10-17 07:38:11,925 [grpc-default-executor-4] INFO  impl.RoleInfo (RoleInfo.java:shutdownFollowerState(121)) - 6befc45b-dcf8-424c-b341-d7aa439c4bd9: shutdown FollowerState
2019-10-17 07:38:11,925 [EventQueue-PipelineReportForPipelineReportHandler] INFO  pipeline.PipelineReportHandler (PipelineReportHandler.java:processPipelineReport(119)) - Pipeline PipelineID=b7a1c9e8-6e4c-48a4-ac4d-812bef14f159 reported by 6befc45b-dcf8-424c-b341-d7aa439c4bd9{ip: 192.168.34.62, host: pr-hdds-1868-lzclr-202649289, networkLocation: /default-rack, certSerialId: null} with leaderId 2636e257-7a47-4bf8-b940-93a028f0c6b6
2019-10-17 07:38:11,926 [Thread-425] INFO  impl.FollowerState (FollowerState.java:run(117)) - 6befc45b-dcf8-424c-b341-d7aa439c4bd9@group-812BEF14F159-FollowerState was interrupted: java.lang.InterruptedException: sleep interrupted
2019-10-17 07:38:11,925 [grpc-default-executor-4] INFO  impl.RoleInfo (RoleInfo.java:updateAndGet(143)) - 6befc45b-dcf8-424c-b341-d7aa439c4bd9: start FollowerState
2019-10-17 07:38:11,925 [grpc-default-executor-3] INFO  server.GrpcServerProtocolService (GrpcServerProtocolService.java:onCompleted(113)) - 57d83d75-a41d-4aa4-98a2-4186e05ab504: Completed APPEND_ENTRIES, lastRequest: 2636e257-7a47-4bf8-b940-93a028f0c6b6->57d83d75-a41d-4aa4-98a2-4186e05ab504#0-t1, previous=(t:0, i:0), leaderCommit=-1, initializing? false, entries: <empty>
2019-10-17 07:38:11,926 [grpc-default-executor-2] INFO  server.GrpcServerProtocolService (GrpcServerProtocolService.java:onCompleted(113)) - 6befc45b-dcf8-424c-b341-d7aa439c4bd9: Completed APPEND_ENTRIES, lastRequest: 2636e257-7a47-4bf8-b940-93a028f0c6b6->6befc45b-dcf8-424c-b341-d7aa439c4bd9#0-t1, previous=(t:0, i:0), leaderCommit=-1, initializing? false, entries: <empty>
2019-10-17 07:38:11,927 [grpc-default-executor-5] INFO  server.GrpcLogAppender (GrpcLogAppender.java:onCompleted(308)) - 2636e257-7a47-4bf8-b940-93a028f0c6b6@group-812BEF14F159->6befc45b-dcf8-424c-b341-d7aa439c4bd9-AppendLogResponseHandler: follower responses appendEntries COMPLETED
2019-10-17 07:38:11,927 [grpc-default-executor-3] INFO  server.GrpcLogAppender (GrpcLogAppender.java:onCompleted(308)) - 2636e257-7a47-4bf8-b940-93a028f0c6b6@group-812BEF14F159->57d83d75-a41d-4aa4-98a2-4186e05ab504-AppendLogResponseHandler: follower responses appendEntries COMPLETED
2019-10-17 07:38:11,929 [grpc-default-executor-5] INFO  impl.FollowerInfo (FollowerInfo.java:lambda$new$0(51)) - 2636e257-7a47-4bf8-b940-93a028f0c6b6@group-812BEF14F159->6befc45b-dcf8-424c-b341-d7aa439c4bd9: nextIndex: updateUnconditionally 0 -> 0
2019-10-17 07:38:11,931 [grpc-default-executor-3] INFO  impl.FollowerInfo (FollowerInfo.java:lambda$new$0(51)) - 2636e257-7a47-4bf8-b940-93a028f0c6b6@group-812BEF14F159->57d83d75-a41d-4aa4-98a2-4186e05ab504: nextIndex: updateUnconditionally 0 -> 0
2019-10-17 07:38:11,943 [57d83d75-a41d-4aa4-98a2-4186e05ab504@group-812BEF14F159-LeaderElection25] INFO  impl.LeaderElection (LeaderElection.java:logAndReturn(56)) - 57d83d75-a41d-4aa4-98a2-4186e05ab504@group-812BEF14F159-LeaderElection25: Election TIMEOUT; received 0 response(s) [] and 0 exception(s); 57d83d75-a41d-4aa4-98a2-4186e05ab504@group-812BEF14F159:t2, leader=null, voted=57d83d75-a41d-4aa4-98a2-4186e05ab504, raftlog=57d83d75-a41d-4aa4-98a2-4186e05ab504@group-812BEF14F159-SegmentedRaftLog:OPENED:c-1,f-1,i0, conf=-1: [57d83d75-a41d-4aa4-98a2-4186e05ab504:192.168.34.62:46845, 6befc45b-dcf8-424c-b341-d7aa439c4bd9:192.168.34.62:36500, 2636e257-7a47-4bf8-b940-93a028f0c6b6:192.168.34.62:43946], old=null
2019-10-17 07:38:11,951 [2636e257-7a47-4bf8-b940-93a028f0c6b6@group-812BEF14F159-SegmentedRaftLogWorker] INFO  segmented.SegmentedRaftLogWorker (SegmentedRaftLogWorker.java:execute(576)) - 2636e257-7a47-4bf8-b940-93a028f0c6b6@group-812BEF14F159-SegmentedRaftLogWorker: created new log segment /workdir/hadoop-ozone/integration-test/target/test-dir/MiniOzoneClusterImpl-eeadbacc-06c2-472c-a3f4-8a25f61a295a/datanode-5/data/ratis/b7a1c9e8-6e4c-48a4-ac4d-812bef14f159/current/log_inprogress_0
2019-10-17 07:38:11,953 [grpc-default-executor-6] INFO  impl.RaftServerImpl (RaftServerImpl.java:setRole(184)) - 2636e257-7a47-4bf8-b940-93a028f0c6b6@group-812BEF14F159: changes role from  FOLLOWER to FOLLOWER at term 2 for recognizeCandidate:57d83d75-a41d-4aa4-98a2-4186e05ab504
2019-10-17 07:38:11,953 [grpc-default-executor-6] INFO  impl.RoleInfo (RoleInfo.java:shutdownFollowerState(121)) - 2636e257-7a47-4bf8-b940-93a028f0c6b6: shutdown FollowerState
2019-10-17 07:38:11,954 [grpc-default-executor-6] INFO  impl.RoleInfo (RoleInfo.java:updateAndGet(143)) - 2636e257-7a47-4bf8-b940-93a028f0c6b6: start FollowerState
2019-10-17 07:38:11,954 [Thread-441] INFO  impl.FollowerState (FollowerState.java:run(117)) - 2636e257-7a47-4bf8-b940-93a028f0c6b6@group-812BEF14F159-FollowerState was interrupted: java.lang.InterruptedException: sleep interrupted
2019-10-17 07:38:11,973 [57d83d75-a41d-4aa4-98a2-4186e05ab504@group-812BEF14F159-LeaderElection25] INFO  impl.LeaderElection (LeaderElection.java:askForVotes(178)) - 57d83d75-a41d-4aa4-98a2-4186e05ab504@group-812BEF14F159-LeaderElection25: begin an election at term 3 for -1: [57d83d75-a41d-4aa4-98a2-4186e05ab504:192.168.34.62:46845, 6befc45b-dcf8-424c-b341-d7aa439c4bd9:192.168.34.62:36500, 2636e257-7a47-4bf8-b940-93a028f0c6b6:192.168.34.62:43946], old=null
2019-10-17 07:38:11,977 [grpc-default-executor-6] INFO  impl.RaftServerImpl (RaftServerImpl.java:setRole(184)) - 6befc45b-dcf8-424c-b341-d7aa439c4bd9@group-812BEF14F159: changes role from  FOLLOWER to FOLLOWER at term 3 for recognizeCandidate:57d83d75-a41d-4aa4-98a2-4186e05ab504
2019-10-17 07:38:11,977 [grpc-default-executor-6] INFO  impl.RoleInfo (RoleInfo.java:shutdownFollowerState(121)) - 6befc45b-dcf8-424c-b341-d7aa439c4bd9: shutdown FollowerState
2019-10-17 07:38:11,978 [grpc-default-executor-6] INFO  impl.RoleInfo (RoleInfo.java:updateAndGet(143)) - 6befc45b-dcf8-424c-b341-d7aa439c4bd9: start FollowerState
2019-10-17 07:38:11,978 [Thread-442] INFO  impl.FollowerState (FollowerState.java:run(117)) - 6befc45b-dcf8-424c-b341-d7aa439c4bd9@group-812BEF14F159-FollowerState was interrupted: java.lang.InterruptedException: sleep interrupted
2019-10-17 07:38:11,978 [grpc-default-executor-4] INFO  impl.RaftServerImpl (RaftServerImpl.java:setRole(184)) - 2636e257-7a47-4bf8-b940-93a028f0c6b6@group-812BEF14F159: changes role from  FOLLOWER to FOLLOWER at term 3 for recognizeCandidate:57d83d75-a41d-4aa4-98a2-4186e05ab504
2019-10-17 07:38:11,978 [grpc-default-executor-4] INFO  impl.RoleInfo (RoleInfo.java:shutdownFollowerState(121)) - 2636e257-7a47-4bf8-b940-93a028f0c6b6: shutdown FollowerState
2019-10-17 07:38:11,978 [Thread-443] INFO  impl.FollowerState (FollowerState.java:run(117)) - 2636e257-7a47-4bf8-b940-93a028f0c6b6@group-812BEF14F159-FollowerState was interrupted: java.lang.InterruptedException: sleep interrupted
2019-10-17 07:38:11,978 [grpc-default-executor-4] INFO  impl.RoleInfo (RoleInfo.java:updateAndGet(143)) - 2636e257-7a47-4bf8-b940-93a028f0c6b6: start FollowerState
2019-10-17 07:38:12,006 [57d83d75-a41d-4aa4-98a2-4186e05ab504@group-812BEF14F159-LeaderElection25] INFO  impl.LeaderElection (LeaderElection.java:logAndReturn(56)) - 57d83d75-a41d-4aa4-98a2-4186e05ab504@group-812BEF14F159-LeaderElection25: Election TIMEOUT; received 0 response(s) [] and 0 exception(s); 57d83d75-a41d-4aa4-98a2-4186e05ab504@group-812BEF14F159:t3, leader=null, voted=57d83d75-a41d-4aa4-98a2-4186e05ab504, raftlog=57d83d75-a41d-4aa4-98a2-4186e05ab504@group-812BEF14F159-SegmentedRaftLog:OPENED:c-1,f-1,i0, conf=-1: [57d83d75-a41d-4aa4-98a2-4186e05ab504:192.168.34.62:46845, 6befc45b-dcf8-424c-b341-d7aa439c4bd9:192.168.34.62:36500, 2636e257-7a47-4bf8-b940-93a028f0c6b6:192.168.34.62:43946], old=null
2019-10-17 07:38:12,009 [Thread-439] INFO  impl.FollowerState (FollowerState.java:run(108)) - 05f59524-a4ea-4be4-b99d-fb9eed47142d@group-9DC5606B5DE8-FollowerState: change to CANDIDATE, lastRpcTime:117ms, electionTimeout:117ms
2019-10-17 07:38:12,009 [Thread-439] INFO  impl.RoleInfo (RoleInfo.java:shutdownFollowerState(121)) - 05f59524-a4ea-4be4-b99d-fb9eed47142d: shutdown FollowerState
2019-10-17 07:38:12,009 [Thread-439] INFO  impl.RaftServerImpl (RaftServerImpl.java:setRole(184)) - 05f59524-a4ea-4be4-b99d-fb9eed47142d@group-9DC5606B5DE8: changes role from  FOLLOWER to CANDIDATE at term 3 for changeToCandidate
2019-10-17 07:38:12,010 [Thread-439] INFO  impl.RoleInfo (RoleInfo.java:updateAndGet(143)) - 05f59524-a4ea-4be4-b99d-fb9eed47142d: start LeaderElection
2019-10-17 07:38:12,042 [57d83d75-a41d-4aa4-98a2-4186e05ab504@group-812BEF14F159-LeaderElection25] INFO  impl.LeaderElection (LeaderElection.java:askForVotes(178)) - 57d83d75-a41d-4aa4-98a2-4186e05ab504@group-812BEF14F159-LeaderElection25: begin an election at term 4 for -1: [57d83d75-a41d-4aa4-98a2-4186e05ab504:192.168.34.62:46845, 6befc45b-dcf8-424c-b341-d7aa439c4bd9:192.168.34.62:36500, 2636e257-7a47-4bf8-b940-93a028f0c6b6:192.168.34.62:43946], old=null
2019-10-17 07:38:12,042 [05f59524-a4ea-4be4-b99d-fb9eed47142d@group-9DC5606B5DE8-LeaderElection26] INFO  impl.LeaderElection (LeaderElection.java:askForVotes(178)) - 05f59524-a4ea-4be4-b99d-fb9eed47142d@group-9DC5606B5DE8-LeaderElection26: begin an election at term 4 for -1: [05f59524-a4ea-4be4-b99d-fb9eed47142d:192.168.34.62:45919, 4b035f45-7941-40c3-ba2d-1cbecd2d369e:192.168.34.62:45443, 920a4478-64f4-4720-983c-9a2102f3c94b:192.168.34.62:38609], old=null
2019-10-17 07:38:12,046 [grpc-default-executor-4] INFO  impl.RaftServerImpl (RaftServerImpl.java:setRole(184)) - 6befc45b-dcf8-424c-b341-d7aa439c4bd9@group-812BEF14F159: changes role from  FOLLOWER to FOLLOWER at term 4 for recognizeCandidate:57d83d75-a41d-4aa4-98a2-4186e05ab504
2019-10-17 07:38:12,046 [grpc-default-executor-4] INFO  impl.RoleInfo (RoleInfo.java:shutdownFollowerState(121)) - 6befc45b-dcf8-424c-b341-d7aa439c4bd9: shutdown FollowerState
2019-10-17 07:38:12,047 [grpc-default-executor-6] INFO  impl.RaftServerImpl (RaftServerImpl.java:setRole(184)) - 4b035f45-7941-40c3-ba2d-1cbecd2d369e@group-9DC5606B5DE8: changes role from  FOLLOWER to FOLLOWER at term 4 for recognizeCandidate:05f59524-a4ea-4be4-b99d-fb9eed47142d
2019-10-17 07:38:12,047 [grpc-default-executor-3] INFO  impl.RaftServerImpl (RaftServerImpl.java:setRole(184)) - 920a4478-64f4-4720-983c-9a2102f3c94b@group-9DC5606B5DE8: changes role from  FOLLOWER to FOLLOWER at term 4 for recognizeCandidate:05f59524-a4ea-4be4-b99d-fb9eed47142d
2019-10-17 07:38:12,047 [Thread-446] INFO  impl.FollowerState (FollowerState.java:run(117)) - 6befc45b-dcf8-424c-b341-d7aa439c4bd9@group-812BEF14F159-FollowerState was interrupted: java.lang.InterruptedException: sleep interrupted
2019-10-17 07:38:12,047 [grpc-default-executor-4] INFO  impl.RoleInfo (RoleInfo.java:updateAndGet(143)) - 6befc45b-dcf8-424c-b341-d7aa439c4bd9: start FollowerState
2019-10-17 07:38:12,047 [grpc-default-executor-3] INFO  impl.RoleInfo (RoleInfo.java:shutdownFollowerState(121)) - 920a4478-64f4-4720-983c-9a2102f3c94b: shutdown FollowerState
2019-10-17 07:38:12,047 [grpc-default-executor-5] INFO  impl.RaftServerImpl (RaftServerImpl.java:setRole(184)) - 2636e257-7a47-4bf8-b940-93a028f0c6b6@group-812BEF14F159: changes role from  FOLLOWER to FOLLOWER at term 4 for recognizeCandidate:57d83d75-a41d-4aa4-98a2-4186e05ab504
2019-10-17 07:38:12,047 [grpc-default-executor-6] INFO  impl.RoleInfo (RoleInfo.java:shutdownFollowerState(121)) - 4b035f45-7941-40c3-ba2d-1cbecd2d369e: shutdown FollowerState
2019-10-17 07:38:12,048 [grpc-default-executor-5] INFO  impl.RoleInfo (RoleInfo.java:shutdownFollowerState(121)) - 2636e257-7a47-4bf8-b940-93a028f0c6b6: shutdown FollowerState
2019-10-17 07:38:12,048 [Thread-436] INFO  impl.FollowerState (FollowerState.java:run(117)) - 4b035f45-7941-40c3-ba2d-1cbecd2d369e@group-9DC5606B5DE8-FollowerState was interrupted: java.lang.InterruptedException: sleep interrupted
2019-10-17 07:38:12,048 [Thread-447] INFO  impl.FollowerState (FollowerState.java:run(117)) - 2636e257-7a47-4bf8-b940-93a028f0c6b6@group-812BEF14F159-FollowerState was interrupted: java.lang.InterruptedException: sleep interrupted
2019-10-17 07:38:12,048 [grpc-default-executor-3] INFO  impl.RoleInfo (RoleInfo.java:updateAndGet(143)) - 920a4478-64f4-4720-983c-9a2102f3c94b: start FollowerState
2019-10-17 07:38:12,048 [Thread-428] INFO  impl.FollowerState (FollowerState.java:run(117)) - 920a4478-64f4-4720-983c-9a2102f3c94b@group-9DC5606B5DE8-FollowerState was interrupted: java.lang.InterruptedException: sleep interrupted
2019-10-17 07:38:12,048 [grpc-default-executor-5] INFO  impl.RoleInfo (RoleInfo.java:updateAndGet(143)) - 2636e257-7a47-4bf8-b940-93a028f0c6b6: start FollowerState
2019-10-17 07:38:12,048 [grpc-default-executor-6] INFO  impl.RoleInfo (RoleInfo.java:updateAndGet(143)) - 4b035f45-7941-40c3-ba2d-1cbecd2d369e: start FollowerState
2019-10-17 07:38:12,080 [57d83d75-a41d-4aa4-98a2-4186e05ab504@group-812BEF14F159-LeaderElection25] INFO  impl.LeaderElection (LeaderElection.java:logAndReturn(56)) - 57d83d75-a41d-4aa4-98a2-4186e05ab504@group-812BEF14F159-LeaderElection25: Election PASSED; received 2 response(s) [57d83d75-a41d-4aa4-98a2-4186e05ab504<-6befc45b-dcf8-424c-b341-d7aa439c4bd9#0:OK-t4, 57d83d75-a41d-4aa4-98a2-4186e05ab504<-2636e257-7a47-4bf8-b940-93a028f0c6b6#0:FAIL-t4] and 0 exception(s); 57d83d75-a41d-4aa4-98a2-4186e05ab504@group-812BEF14F159:t4, leader=null, voted=57d83d75-a41d-4aa4-98a2-4186e05ab504, raftlog=57d83d75-a41d-4aa4-98a2-4186e05ab504@group-812BEF14F159-SegmentedRaftLog:OPENED:c-1,f-1,i0, conf=-1: [57d83d75-a41d-4aa4-98a2-4186e05ab504:192.168.34.62:46845, 6befc45b-dcf8-424c-b341-d7aa439c4bd9:192.168.34.62:36500, 2636e257-7a47-4bf8-b940-93a028f0c6b6:192.168.34.62:43946], old=null
2019-10-17 07:38:12,080 [05f59524-a4ea-4be4-b99d-fb9eed47142d@group-9DC5606B5DE8-LeaderElection26] INFO  impl.LeaderElection (LeaderElection.java:logAndReturn(56)) - 05f59524-a4ea-4be4-b99d-fb9eed47142d@group-9DC5606B5DE8-LeaderElection26: Election REJECTED; received 2 response(s) [05f59524-a4ea-4be4-b99d-fb9eed47142d<-4b035f45-7941-40c3-ba2d-1cbecd2d369e#0:FAIL-t4, 05f59524-a4ea-4be4-b99d-fb9eed47142d<-920a4478-64f4-4720-983c-9a2102f3c94b#0:FAIL-t4] and 0 exception(s); 05f59524-a4ea-4be4-b99d-fb9eed47142d@group-9DC5606B5DE8:t4, leader=null, voted=05f59524-a4ea-4be4-b99d-fb9eed47142d, raftlog=05f59524-a4ea-4be4-b99d-fb9eed47142d@group-9DC5606B5DE8-SegmentedRaftLog:OPENED:c-1,f-1,i0, conf=-1: [05f59524-a4ea-4be4-b99d-fb9eed47142d:192.168.34.62:45919, 4b035f45-7941-40c3-ba2d-1cbecd2d369e:192.168.34.62:45443, 920a4478-64f4-4720-983c-9a2102f3c94b:192.168.34.62:38609], old=null
2019-10-17 07:38:12,081 [57d83d75-a41d-4aa4-98a2-4186e05ab504@group-812BEF14F159-LeaderElection25] INFO  impl.RoleInfo (RoleInfo.java:shutdownLeaderElection(134)) - 57d83d75-a41d-4aa4-98a2-4186e05ab504: shutdown LeaderElection
2019-10-17 07:38:12,081 [05f59524-a4ea-4be4-b99d-fb9eed47142d@group-9DC5606B5DE8-LeaderElection26] INFO  impl.RaftServerImpl (RaftServerImpl.java:setRole(184)) - 05f59524-a4ea-4be4-b99d-fb9eed47142d@group-9DC5606B5DE8: changes role from CANDIDATE to FOLLOWER at term 4 for DISCOVERED_A_NEW_TERM
2019-10-17 07:38:12,081 [57d83d75-a41d-4aa4-98a2-4186e05ab504@group-812BEF14F159-LeaderElection25] INFO  impl.RaftServerImpl (RaftServerImpl.java:setRole(184)) - 57d83d75-a41d-4aa4-98a2-4186e05ab504@group-812BEF14F159: changes role from CANDIDATE to LEADER at term 4 for changeToLeader
2019-10-17 07:38:12,081 [05f59524-a4ea-4be4-b99d-fb9eed47142d@group-9DC5606B5DE8-LeaderElection26] INFO  impl.RoleInfo (RoleInfo.java:shutdownLeaderElection(134)) - 05f59524-a4ea-4be4-b99d-fb9eed47142d: shutdown LeaderElection
2019-10-17 07:38:12,081 [57d83d75-a41d-4aa4-98a2-4186e05ab504@group-812BEF14F159-LeaderElection25] INFO  ratis.XceiverServerRatis (XceiverServerRatis.java:handleLeaderChangedNotification(699)) - Leader change notification received for group: group-812BEF14F159 with new leaderId: 57d83d75-a41d-4aa4-98a2-4186e05ab504
2019-10-17 07:38:12,082 [05f59524-a4ea-4be4-b99d-fb9eed47142d@group-9DC5606B5DE8-LeaderElection26] INFO  impl.RoleInfo (RoleInfo.java:updateAndGet(143)) - 05f59524-a4ea-4be4-b99d-fb9eed47142d: start FollowerState
2019-10-17 07:38:12,082 [57d83d75-a41d-4aa4-98a2-4186e05ab504@group-812BEF14F159-LeaderElection25] INFO  impl.RaftServerImpl (ServerState.java:setLeader(256)) - 57d83d75-a41d-4aa4-98a2-4186e05ab504@group-812BEF14F159: change Leader from null to 57d83d75-a41d-4aa4-98a2-4186e05ab504 at term 4 for becomeLeader, leader elected after 375ms
2019-10-17 07:38:12,082 [57d83d75-a41d-4aa4-98a2-4186e05ab504@group-812BEF14F159-LeaderElection25] INFO  server.RaftServerConfigKeys (ConfUtils.java:logGet(43)) - raft.server.staging.catchup.gap = 1000 (default)
2019-10-17 07:38:12,082 [57d83d75-a41d-4aa4-98a2-4186e05ab504@group-812BEF14F159-LeaderElection25] INFO  server.RaftServerConfigKeys (ConfUtils.java:logGet(43)) - raft.server.rpc.sleep.time = 25ms (default)
2019-10-17 07:38:12,083 [57d83d75-a41d-4aa4-98a2-4186e05ab504@group-812BEF14F159-LeaderElection25] INFO  server.RaftServerConfigKeys (ConfUtils.java:logGet(43)) - raft.server.write.element-limit = 4096 (default)
2019-10-17 07:38:12,083 [57d83d75-a41d-4aa4-98a2-4186e05ab504@group-812BEF14F159-LeaderElection25] INFO  server.RaftServerConfigKeys (ConfUtils.java:logGet(43)) - raft.server.watch.timeout = 10s (default)
2019-10-17 07:38:12,083 [57d83d75-a41d-4aa4-98a2-4186e05ab504@group-812BEF14F159-LeaderElection25] INFO  server.RaftServerConfigKeys (ConfUtils.java:logGet(43)) - raft.server.watch.timeout.denomination = 1s (default)
2019-10-17 07:38:12,083 [57d83d75-a41d-4aa4-98a2-4186e05ab504@group-812BEF14F159-LeaderElection25] INFO  server.RaftServerConfigKeys (ConfUtils.java:logGet(43)) - raft.server.watch.element-limit = 65536 (default)
2019-10-17 07:38:12,084 [EventQueue-PipelineReportForPipelineReportHandler] INFO  pipeline.PipelineReportHandler (PipelineReportHandler.java:processPipelineReport(119)) - Pipeline PipelineID=b7a1c9e8-6e4c-48a4-ac4d-812bef14f159 reported by 57d83d75-a41d-4aa4-98a2-4186e05ab504{ip: 192.168.34.62, host: pr-hdds-1868-lzclr-202649289, networkLocation: /default-rack, certSerialId: null} with leaderId 57d83d75-a41d-4aa4-98a2-4186e05ab504
2019-10-17 07:38:12,086 [57d83d75-a41d-4aa4-98a2-4186e05ab504@group-812BEF14F159-LeaderElection25] INFO  server.RaftServerConfigKeys (ConfUtils.java:logGet(43)) - raft.server.log.appender.snapshot.chunk.size.max = 16MB (=16777216) (default)
2019-10-17 07:38:12,086 [57d83d75-a41d-4aa4-98a2-4186e05ab504@group-812BEF14F159-LeaderElection25] INFO  server.RaftServerConfigKeys (ConfUtils.java:logGet(43)) - raft.server.log.appender.buffer.byte-limit = 33554432 (custom)
2019-10-17 07:38:12,087 [57d83d75-a41d-4aa4-98a2-4186e05ab504@group-812BEF14F159-LeaderElection25] INFO  server.RaftServerConfigKeys (ConfUtils.java:logGet(43)) - raft.server.log.appender.buffer.element-limit = 1 (custom)
2019-10-17 07:38:12,087 [57d83d75-a41d-4aa4-98a2-4186e05ab504@group-812BEF14F159-LeaderElection25] INFO  grpc.GrpcConfigKeys$Server (ConfUtils.java:logGet(43)) - raft.grpc.server.leader.outstanding.appends.max = 128 (default)
2019-10-17 07:38:12,087 [57d83d75-a41d-4aa4-98a2-4186e05ab504@group-812BEF14F159-LeaderElection25] INFO  server.RaftServerConfigKeys (ConfUtils.java:logGet(43)) - raft.server.rpc.request.timeout = 3000ms (default)
2019-10-17 07:38:12,087 [57d83d75-a41d-4aa4-98a2-4186e05ab504@group-812BEF14F159-LeaderElection25] INFO  server.RaftServerConfigKeys (ConfUtils.java:logGet(43)) - raft.server.log.appender.install.snapshot.enabled = false (custom)
2019-10-17 07:38:12,091 [57d83d75-a41d-4aa4-98a2-4186e05ab504@group-812BEF14F159-LeaderElection25] INFO  server.RaftServerConfigKeys (ConfUtils.java:logGet(43)) - raft.server.log.appender.snapshot.chunk.size.max = 16MB (=16777216) (default)
2019-10-17 07:38:12,091 [57d83d75-a41d-4aa4-98a2-4186e05ab504@group-812BEF14F159-LeaderElection25] INFO  server.RaftServerConfigKeys (ConfUtils.java:logGet(43)) - raft.server.log.appender.buffer.byte-limit = 33554432 (custom)
2019-10-17 07:38:12,091 [57d83d75-a41d-4aa4-98a2-4186e05ab504@group-812BEF14F159-LeaderElection25] INFO  server.RaftServerConfigKeys (ConfUtils.java:logGet(43)) - raft.server.log.appender.buffer.element-limit = 1 (custom)
2019-10-17 07:38:12,091 [57d83d75-a41d-4aa4-98a2-4186e05ab504@group-812BEF14F159-LeaderElection25] INFO  grpc.GrpcConfigKeys$Server (ConfUtils.java:logGet(43)) - raft.grpc.server.leader.outstanding.appends.max = 128 (default)
2019-10-17 07:38:12,091 [57d83d75-a41d-4aa4-98a2-4186e05ab504@group-812BEF14F159-LeaderElection25] INFO  server.RaftServerConfigKeys (ConfUtils.java:logGet(43)) - raft.server.rpc.request.timeout = 3000ms (default)
2019-10-17 07:38:12,092 [57d83d75-a41d-4aa4-98a2-4186e05ab504@group-812BEF14F159-LeaderElection25] INFO  server.RaftServerConfigKeys (ConfUtils.java:logGet(43)) - raft.server.log.appender.install.snapshot.enabled = false (custom)
2019-10-17 07:38:12,095 [57d83d75-a41d-4aa4-98a2-4186e05ab504@group-812BEF14F159-LeaderElection25] INFO  impl.RoleInfo (RoleInfo.java:updateAndGet(143)) - 57d83d75-a41d-4aa4-98a2-4186e05ab504: start LeaderState
2019-10-17 07:38:12,095 [57d83d75-a41d-4aa4-98a2-4186e05ab504@group-812BEF14F159-LeaderElection25] INFO  segmented.SegmentedRaftLogWorker (SegmentedRaftLogWorker.java:startLogSegment(385)) - 57d83d75-a41d-4aa4-98a2-4186e05ab504@group-812BEF14F159-SegmentedRaftLogWorker: Starting segment from index:0
2019-10-17 07:38:12,096 [57d83d75-a41d-4aa4-98a2-4186e05ab504@group-812BEF14F159-LeaderElection25] INFO  impl.RaftServerImpl (ServerState.java:setRaftConf(357)) - 57d83d75-a41d-4aa4-98a2-4186e05ab504@group-812BEF14F159: set configuration 0: [57d83d75-a41d-4aa4-98a2-4186e05ab504:192.168.34.62:46845, 6befc45b-dcf8-424c-b341-d7aa439c4bd9:192.168.34.62:36500, 2636e257-7a47-4bf8-b940-93a028f0c6b6:192.168.34.62:43946], old=null at 0
2019-10-17 07:38:12,099 [grpc-default-executor-6] INFO  ratis.XceiverServerRatis (XceiverServerRatis.java:handleLeaderChangedNotification(699)) - Leader change notification received for group: group-812BEF14F159 with new leaderId: 57d83d75-a41d-4aa4-98a2-4186e05ab504
2019-10-17 07:38:12,099 [grpc-default-executor-5] INFO  ratis.XceiverServerRatis (XceiverServerRatis.java:handleLeaderChangedNotification(699)) - Leader change notification received for group: group-812BEF14F159 with new leaderId: 57d83d75-a41d-4aa4-98a2-4186e05ab504
2019-10-17 07:38:12,099 [grpc-default-executor-6] INFO  impl.RaftServerImpl (ServerState.java:setLeader(256)) - 6befc45b-dcf8-424c-b341-d7aa439c4bd9@group-812BEF14F159: change Leader from null to 57d83d75-a41d-4aa4-98a2-4186e05ab504 at term 4 for appendEntries, leader elected after 174ms
2019-10-17 07:38:12,099 [grpc-default-executor-5] INFO  impl.RaftServerImpl (ServerState.java:setLeader(256)) - 2636e257-7a47-4bf8-b940-93a028f0c6b6@group-812BEF14F159: change Leader from null to 57d83d75-a41d-4aa4-98a2-4186e05ab504 at term 4 for appendEntries, leader elected after 205ms
2019-10-17 07:38:12,101 [EventQueue-PipelineReportForPipelineReportHandler] INFO  pipeline.PipelineReportHandler (PipelineReportHandler.java:processPipelineReport(119)) - Pipeline PipelineID=b7a1c9e8-6e4c-48a4-ac4d-812bef14f159 reported by 6befc45b-dcf8-424c-b341-d7aa439c4bd9{ip: 192.168.34.62, host: pr-hdds-1868-lzclr-202649289, networkLocation: /default-rack, certSerialId: null} with leaderId 57d83d75-a41d-4aa4-98a2-4186e05ab504
2019-10-17 07:38:12,102 [EventQueue-PipelineReportForPipelineReportHandler] INFO  pipeline.PipelineReportHandler (PipelineReportHandler.java:processPipelineReport(119)) - Pipeline PipelineID=b7a1c9e8-6e4c-48a4-ac4d-812bef14f159 reported by 2636e257-7a47-4bf8-b940-93a028f0c6b6{ip: 192.168.34.62, host: pr-hdds-1868-lzclr-202649289, networkLocation: /default-rack, certSerialId: null} with leaderId 57d83d75-a41d-4aa4-98a2-4186e05ab504
2019-10-17 07:38:12,102 [EventQueue-PipelineReportForPipelineReportHandler] INFO  pipeline.PipelineStateManager (PipelineStateManager.java:openPipeline(134)) - Pipeline Pipeline[ Id: b7a1c9e8-6e4c-48a4-ac4d-812bef14f159, Nodes: 2636e257-7a47-4bf8-b940-93a028f0c6b6{ip: 192.168.34.62, host: pr-hdds-1868-lzclr-202649289, networkLocation: /default-rack, certSerialId: null}6befc45b-dcf8-424c-b341-d7aa439c4bd9{ip: 192.168.34.62, host: pr-hdds-1868-lzclr-202649289, networkLocation: /default-rack, certSerialId: null}57d83d75-a41d-4aa4-98a2-4186e05ab504{ip: 192.168.34.62, host: pr-hdds-1868-lzclr-202649289, networkLocation: /default-rack, certSerialId: null}, Type:RATIS, Factor:THREE, State:OPEN] moved to OPEN state
2019-10-17 07:38:12,105 [grpc-default-executor-6] INFO  impl.RaftServerImpl (ServerState.java:setRaftConf(357)) - 2636e257-7a47-4bf8-b940-93a028f0c6b6@group-812BEF14F159: set configuration 0: [57d83d75-a41d-4aa4-98a2-4186e05ab504:192.168.34.62:46845, 6befc45b-dcf8-424c-b341-d7aa439c4bd9:192.168.34.62:36500, 2636e257-7a47-4bf8-b940-93a028f0c6b6:192.168.34.62:43946], old=null at 0
2019-10-17 07:38:12,105 [grpc-default-executor-5] INFO  impl.RaftServerImpl (ServerState.java:setRaftConf(357)) - 6befc45b-dcf8-424c-b341-d7aa439c4bd9@group-812BEF14F159: set configuration 0: [57d83d75-a41d-4aa4-98a2-4186e05ab504:192.168.34.62:46845, 6befc45b-dcf8-424c-b341-d7aa439c4bd9:192.168.34.62:36500, 2636e257-7a47-4bf8-b940-93a028f0c6b6:192.168.34.62:43946], old=null at 0
2019-10-17 07:38:12,105 [grpc-default-executor-6] INFO  segmented.SegmentedRaftLogWorker (SegmentedRaftLogWorker.java:truncate(401)) - 2636e257-7a47-4bf8-b940-93a028f0c6b6@group-812BEF14F159-SegmentedRaftLogWorker: Truncating segments toTruncate: null
  toDelete: [(0, 0) isOpen? true, length=0, newEndIndex=-1], start index 0
2019-10-17 07:38:12,105 [grpc-default-executor-5] INFO  segmented.SegmentedRaftLogWorker (SegmentedRaftLogWorker.java:startLogSegment(385)) - 6befc45b-dcf8-424c-b341-d7aa439c4bd9@group-812BEF14F159-SegmentedRaftLogWorker: Starting segment from index:0
2019-10-17 07:38:12,106 [grpc-default-executor-6] INFO  segmented.SegmentedRaftLogWorker (SegmentedRaftLogWorker.java:startLogSegment(385)) - 2636e257-7a47-4bf8-b940-93a028f0c6b6@group-812BEF14F159-SegmentedRaftLogWorker: Starting segment from index:0
2019-10-17 07:38:12,106 [2636e257-7a47-4bf8-b940-93a028f0c6b6@group-812BEF14F159-SegmentedRaftLogWorker] INFO  segmented.SegmentedRaftLogWorker (SegmentedRaftLogWorker.java:execute(640)) - 2636e257-7a47-4bf8-b940-93a028f0c6b6@group-812BEF14F159-SegmentedRaftLogWorker: Deleted log file /workdir/hadoop-ozone/integration-test/target/test-dir/MiniOzoneClusterImpl-eeadbacc-06c2-472c-a3f4-8a25f61a295a/datanode-5/data/ratis/b7a1c9e8-6e4c-48a4-ac4d-812bef14f159/current/log_inprogress_0
2019-10-17 07:38:12,106 [2636e257-7a47-4bf8-b940-93a028f0c6b6@group-812BEF14F159-SegmentedRaftLogWorker] INFO  segmented.SegmentedRaftLogWorker (SegmentedRaftLogWorker.java:lambda$new$0(128)) - 2636e257-7a47-4bf8-b940-93a028f0c6b6@group-812BEF14F159-SegmentedRaftLogWorker: flushIndex: setUnconditionally 0 -> -1
2019-10-17 07:38:12,178 [57d83d75-a41d-4aa4-98a2-4186e05ab504@group-812BEF14F159-SegmentedRaftLogWorker] INFO  segmented.SegmentedRaftLogWorker (SegmentedRaftLogWorker.java:execute(576)) - 57d83d75-a41d-4aa4-98a2-4186e05ab504@group-812BEF14F159-SegmentedRaftLogWorker: created new log segment /workdir/hadoop-ozone/integration-test/target/test-dir/MiniOzoneClusterImpl-eeadbacc-06c2-472c-a3f4-8a25f61a295a/datanode-4/data/ratis/b7a1c9e8-6e4c-48a4-ac4d-812bef14f159/current/log_inprogress_0
2019-10-17 07:38:12,178 [2636e257-7a47-4bf8-b940-93a028f0c6b6@group-812BEF14F159-SegmentedRaftLogWorker] INFO  segmented.SegmentedRaftLogWorker (SegmentedRaftLogWorker.java:execute(576)) - 2636e257-7a47-4bf8-b940-93a028f0c6b6@group-812BEF14F159-SegmentedRaftLogWorker: created new log segment /workdir/hadoop-ozone/integration-test/target/test-dir/MiniOzoneClusterImpl-eeadbacc-06c2-472c-a3f4-8a25f61a295a/datanode-5/data/ratis/b7a1c9e8-6e4c-48a4-ac4d-812bef14f159/current/log_inprogress_0
2019-10-17 07:38:12,178 [6befc45b-dcf8-424c-b341-d7aa439c4bd9@group-812BEF14F159-SegmentedRaftLogWorker] INFO  segmented.SegmentedRaftLogWorker (SegmentedRaftLogWorker.java:execute(576)) - 6befc45b-dcf8-424c-b341-d7aa439c4bd9@group-812BEF14F159-SegmentedRaftLogWorker: created new log segment /workdir/hadoop-ozone/integration-test/target/test-dir/MiniOzoneClusterImpl-eeadbacc-06c2-472c-a3f4-8a25f61a295a/datanode-0/data/ratis/b7a1c9e8-6e4c-48a4-ac4d-812bef14f159/current/log_inprogress_0
2019-10-17 07:38:12,265 [Thread-457] INFO  impl.FollowerState (FollowerState.java:run(108)) - 05f59524-a4ea-4be4-b99d-fb9eed47142d@group-9DC5606B5DE8-FollowerState: change to CANDIDATE, lastRpcTime:183ms, electionTimeout:183ms
2019-10-17 07:38:12,265 [Thread-457] INFO  impl.RoleInfo (RoleInfo.java:shutdownFollowerState(121)) - 05f59524-a4ea-4be4-b99d-fb9eed47142d: shutdown FollowerState
2019-10-17 07:38:12,265 [Thread-457] INFO  impl.RaftServerImpl (RaftServerImpl.java:setRole(184)) - 05f59524-a4ea-4be4-b99d-fb9eed47142d@group-9DC5606B5DE8: changes role from  FOLLOWER to CANDIDATE at term 4 for changeToCandidate
2019-10-17 07:38:12,266 [Thread-457] INFO  impl.RoleInfo (RoleInfo.java:updateAndGet(143)) - 05f59524-a4ea-4be4-b99d-fb9eed47142d: start LeaderElection
2019-10-17 07:38:12,324 [05f59524-a4ea-4be4-b99d-fb9eed47142d@group-9DC5606B5DE8-LeaderElection27] INFO  impl.LeaderElection (LeaderElection.java:askForVotes(178)) - 05f59524-a4ea-4be4-b99d-fb9eed47142d@group-9DC5606B5DE8-LeaderElection27: begin an election at term 5 for -1: [05f59524-a4ea-4be4-b99d-fb9eed47142d:192.168.34.62:45919, 4b035f45-7941-40c3-ba2d-1cbecd2d369e:192.168.34.62:45443, 920a4478-64f4-4720-983c-9a2102f3c94b:192.168.34.62:38609], old=null
2019-10-17 07:38:12,328 [grpc-default-executor-5] INFO  impl.RaftServerImpl (RaftServerImpl.java:setRole(184)) - 4b035f45-7941-40c3-ba2d-1cbecd2d369e@group-9DC5606B5DE8: changes role from  FOLLOWER to FOLLOWER at term 5 for recognizeCandidate:05f59524-a4ea-4be4-b99d-fb9eed47142d
2019-10-17 07:38:12,328 [grpc-default-executor-5] INFO  impl.RoleInfo (RoleInfo.java:shutdownFollowerState(121)) - 4b035f45-7941-40c3-ba2d-1cbecd2d369e: shutdown FollowerState
2019-10-17 07:38:12,328 [grpc-default-executor-6] INFO  impl.RaftServerImpl (RaftServerImpl.java:setRole(184)) - 920a4478-64f4-4720-983c-9a2102f3c94b@group-9DC5606B5DE8: changes role from  FOLLOWER to FOLLOWER at term 5 for recognizeCandidate:05f59524-a4ea-4be4-b99d-fb9eed47142d
2019-10-17 07:38:12,328 [Thread-455] INFO  impl.FollowerState (FollowerState.java:run(117)) - 4b035f45-7941-40c3-ba2d-1cbecd2d369e@group-9DC5606B5DE8-FollowerState was interrupted: java.lang.InterruptedException: sleep interrupted
2019-10-17 07:38:12,328 [grpc-default-executor-5] INFO  impl.RoleInfo (RoleInfo.java:updateAndGet(143)) - 4b035f45-7941-40c3-ba2d-1cbecd2d369e: start FollowerState
2019-10-17 07:38:12,328 [grpc-default-executor-6] INFO  impl.RoleInfo (RoleInfo.java:shutdownFollowerState(121)) - 920a4478-64f4-4720-983c-9a2102f3c94b: shutdown FollowerState
2019-10-17 07:38:12,329 [Thread-454] INFO  impl.FollowerState (FollowerState.java:run(117)) - 920a4478-64f4-4720-983c-9a2102f3c94b@group-9DC5606B5DE8-FollowerState was interrupted: java.lang.InterruptedException: sleep interrupted
2019-10-17 07:38:12,329 [grpc-default-executor-6] INFO  impl.RoleInfo (RoleInfo.java:updateAndGet(143)) - 920a4478-64f4-4720-983c-9a2102f3c94b: start FollowerState
2019-10-17 07:38:12,360 [05f59524-a4ea-4be4-b99d-fb9eed47142d@group-9DC5606B5DE8-LeaderElection27] INFO  impl.LeaderElection (LeaderElection.java:logAndReturn(56)) - 05f59524-a4ea-4be4-b99d-fb9eed47142d@group-9DC5606B5DE8-LeaderElection27: Election REJECTED; received 2 response(s) [05f59524-a4ea-4be4-b99d-fb9eed47142d<-4b035f45-7941-40c3-ba2d-1cbecd2d369e#0:FAIL-t5, 05f59524-a4ea-4be4-b99d-fb9eed47142d<-920a4478-64f4-4720-983c-9a2102f3c94b#0:FAIL-t5] and 0 exception(s); 05f59524-a4ea-4be4-b99d-fb9eed47142d@group-9DC5606B5DE8:t5, leader=null, voted=05f59524-a4ea-4be4-b99d-fb9eed47142d, raftlog=05f59524-a4ea-4be4-b99d-fb9eed47142d@group-9DC5606B5DE8-SegmentedRaftLog:OPENED:c-1,f-1,i0, conf=-1: [05f59524-a4ea-4be4-b99d-fb9eed47142d:192.168.34.62:45919, 4b035f45-7941-40c3-ba2d-1cbecd2d369e:192.168.34.62:45443, 920a4478-64f4-4720-983c-9a2102f3c94b:192.168.34.62:38609], old=null
2019-10-17 07:38:12,360 [05f59524-a4ea-4be4-b99d-fb9eed47142d@group-9DC5606B5DE8-LeaderElection27] INFO  impl.RaftServerImpl (RaftServerImpl.java:setRole(184)) - 05f59524-a4ea-4be4-b99d-fb9eed47142d@group-9DC5606B5DE8: changes role from CANDIDATE to FOLLOWER at term 5 for DISCOVERED_A_NEW_TERM
2019-10-17 07:38:12,360 [05f59524-a4ea-4be4-b99d-fb9eed47142d@group-9DC5606B5DE8-LeaderElection27] INFO  impl.RoleInfo (RoleInfo.java:shutdownLeaderElection(134)) - 05f59524-a4ea-4be4-b99d-fb9eed47142d: shutdown LeaderElection
2019-10-17 07:38:12,361 [05f59524-a4ea-4be4-b99d-fb9eed47142d@group-9DC5606B5DE8-LeaderElection27] INFO  impl.RoleInfo (RoleInfo.java:updateAndGet(143)) - 05f59524-a4ea-4be4-b99d-fb9eed47142d: start FollowerState
2019-10-17 07:38:12,459 [Thread-472] INFO  impl.FollowerState (FollowerState.java:run(108)) - 05f59524-a4ea-4be4-b99d-fb9eed47142d@group-9DC5606B5DE8-FollowerState: change to CANDIDATE, lastRpcTime:98ms, electionTimeout:98ms
2019-10-17 07:38:12,459 [Thread-472] INFO  impl.RoleInfo (RoleInfo.java:shutdownFollowerState(121)) - 05f59524-a4ea-4be4-b99d-fb9eed47142d: shutdown FollowerState
2019-10-17 07:38:12,459 [Thread-472] INFO  impl.RaftServerImpl (RaftServerImpl.java:setRole(184)) - 05f59524-a4ea-4be4-b99d-fb9eed47142d@group-9DC5606B5DE8: changes role from  FOLLOWER to CANDIDATE at term 5 for changeToCandidate
2019-10-17 07:38:12,460 [Thread-472] INFO  impl.RoleInfo (RoleInfo.java:updateAndGet(143)) - 05f59524-a4ea-4be4-b99d-fb9eed47142d: start LeaderElection
2019-10-17 07:38:12,492 [05f59524-a4ea-4be4-b99d-fb9eed47142d@group-9DC5606B5DE8-LeaderElection28] INFO  impl.LeaderElection (LeaderElection.java:askForVotes(178)) - 05f59524-a4ea-4be4-b99d-fb9eed47142d@group-9DC5606B5DE8-LeaderElection28: begin an election at term 6 for -1: [05f59524-a4ea-4be4-b99d-fb9eed47142d:192.168.34.62:45919, 4b035f45-7941-40c3-ba2d-1cbecd2d369e:192.168.34.62:45443, 920a4478-64f4-4720-983c-9a2102f3c94b:192.168.34.62:38609], old=null
2019-10-17 07:38:12,495 [grpc-default-executor-5] INFO  impl.RaftServerImpl (RaftServerImpl.java:setRole(184)) - 920a4478-64f4-4720-983c-9a2102f3c94b@group-9DC5606B5DE8: changes role from  FOLLOWER to FOLLOWER at term 6 for recognizeCandidate:05f59524-a4ea-4be4-b99d-fb9eed47142d
2019-10-17 07:38:12,496 [grpc-default-executor-6] INFO  impl.RaftServerImpl (RaftServerImpl.java:setRole(184)) - 4b035f45-7941-40c3-ba2d-1cbecd2d369e@group-9DC5606B5DE8: changes role from  FOLLOWER to FOLLOWER at term 6 for recognizeCandidate:05f59524-a4ea-4be4-b99d-fb9eed47142d
2019-10-17 07:38:12,496 [grpc-default-executor-5] INFO  impl.RoleInfo (RoleInfo.java:shutdownFollowerState(121)) - 920a4478-64f4-4720-983c-9a2102f3c94b: shutdown FollowerState
2019-10-17 07:38:12,496 [grpc-default-executor-6] INFO  impl.RoleInfo (RoleInfo.java:shutdownFollowerState(121)) - 4b035f45-7941-40c3-ba2d-1cbecd2d369e: shutdown FollowerState
2019-10-17 07:38:12,496 [Thread-471] INFO  impl.FollowerState (FollowerState.java:run(117)) - 920a4478-64f4-4720-983c-9a2102f3c94b@group-9DC5606B5DE8-FollowerState was interrupted: java.lang.InterruptedException: sleep interrupted
2019-10-17 07:38:12,496 [Thread-470] INFO  impl.FollowerState (FollowerState.java:run(117)) - 4b035f45-7941-40c3-ba2d-1cbecd2d369e@group-9DC5606B5DE8-FollowerState was interrupted: java.lang.InterruptedException: sleep interrupted
2019-10-17 07:38:12,496 [grpc-default-executor-5] INFO  impl.RoleInfo (RoleInfo.java:updateAndGet(143)) - 920a4478-64f4-4720-983c-9a2102f3c94b: start FollowerState
2019-10-17 07:38:12,496 [grpc-default-executor-6] INFO  impl.RoleInfo (RoleInfo.java:updateAndGet(143)) - 4b035f45-7941-40c3-ba2d-1cbecd2d369e: start FollowerState
2019-10-17 07:38:12,529 [05f59524-a4ea-4be4-b99d-fb9eed47142d@group-9DC5606B5DE8-LeaderElection28] INFO  impl.LeaderElection (LeaderElection.java:logAndReturn(56)) - 05f59524-a4ea-4be4-b99d-fb9eed47142d@group-9DC5606B5DE8-LeaderElection28: Election REJECTED; received 2 response(s) [05f59524-a4ea-4be4-b99d-fb9eed47142d<-4b035f45-7941-40c3-ba2d-1cbecd2d369e#0:FAIL-t6, 05f59524-a4ea-4be4-b99d-fb9eed47142d<-920a4478-64f4-4720-983c-9a2102f3c94b#0:FAIL-t6] and 0 exception(s); 05f59524-a4ea-4be4-b99d-fb9eed47142d@group-9DC5606B5DE8:t6, leader=null, voted=05f59524-a4ea-4be4-b99d-fb9eed47142d, raftlog=05f59524-a4ea-4be4-b99d-fb9eed47142d@group-9DC5606B5DE8-SegmentedRaftLog:OPENED:c-1,f-1,i0, conf=-1: [05f59524-a4ea-4be4-b99d-fb9eed47142d:192.168.34.62:45919, 4b035f45-7941-40c3-ba2d-1cbecd2d369e:192.168.34.62:45443, 920a4478-64f4-4720-983c-9a2102f3c94b:192.168.34.62:38609], old=null
2019-10-17 07:38:12,530 [05f59524-a4ea-4be4-b99d-fb9eed47142d@group-9DC5606B5DE8-LeaderElection28] INFO  impl.RaftServerImpl (RaftServerImpl.java:setRole(184)) - 05f59524-a4ea-4be4-b99d-fb9eed47142d@group-9DC5606B5DE8: changes role from CANDIDATE to FOLLOWER at term 6 for DISCOVERED_A_NEW_TERM
2019-10-17 07:38:12,530 [05f59524-a4ea-4be4-b99d-fb9eed47142d@group-9DC5606B5DE8-LeaderElection28] INFO  impl.RoleInfo (RoleInfo.java:shutdownLeaderElection(134)) - 05f59524-a4ea-4be4-b99d-fb9eed47142d: shutdown LeaderElection
2019-10-17 07:38:12,530 [05f59524-a4ea-4be4-b99d-fb9eed47142d@group-9DC5606B5DE8-LeaderElection28] INFO  impl.RoleInfo (RoleInfo.java:updateAndGet(143)) - 05f59524-a4ea-4be4-b99d-fb9eed47142d: start FollowerState
2019-10-17 07:38:12,647 [Thread-478] INFO  impl.FollowerState (FollowerState.java:run(108)) - 05f59524-a4ea-4be4-b99d-fb9eed47142d@group-9DC5606B5DE8-FollowerState: change to CANDIDATE, lastRpcTime:116ms, electionTimeout:116ms
2019-10-17 07:38:12,648 [Thread-478] INFO  impl.RoleInfo (RoleInfo.java:shutdownFollowerState(121)) - 05f59524-a4ea-4be4-b99d-fb9eed47142d: shutdown FollowerState
2019-10-17 07:38:12,648 [Thread-478] INFO  impl.RaftServerImpl (RaftServerImpl.java:setRole(184)) - 05f59524-a4ea-4be4-b99d-fb9eed47142d@group-9DC5606B5DE8: changes role from  FOLLOWER to CANDIDATE at term 6 for changeToCandidate
2019-10-17 07:38:12,648 [Thread-478] INFO  impl.RoleInfo (RoleInfo.java:updateAndGet(143)) - 05f59524-a4ea-4be4-b99d-fb9eed47142d: start LeaderElection
2019-10-17 07:38:12,693 [05f59524-a4ea-4be4-b99d-fb9eed47142d@group-9DC5606B5DE8-LeaderElection29] INFO  impl.LeaderElection (LeaderElection.java:askForVotes(178)) - 05f59524-a4ea-4be4-b99d-fb9eed47142d@group-9DC5606B5DE8-LeaderElection29: begin an election at term 7 for -1: [05f59524-a4ea-4be4-b99d-fb9eed47142d:192.168.34.62:45919, 4b035f45-7941-40c3-ba2d-1cbecd2d369e:192.168.34.62:45443, 920a4478-64f4-4720-983c-9a2102f3c94b:192.168.34.62:38609], old=null
2019-10-17 07:38:12,700 [05f59524-a4ea-4be4-b99d-fb9eed47142d@group-9DC5606B5DE8-LeaderElection29] INFO  impl.LeaderElection (LeaderElection.java:logAndReturn(56)) - 05f59524-a4ea-4be4-b99d-fb9eed47142d@group-9DC5606B5DE8-LeaderElection29: Election TIMEOUT; received 0 response(s) [] and 0 exception(s); 05f59524-a4ea-4be4-b99d-fb9eed47142d@group-9DC5606B5DE8:t7, leader=null, voted=05f59524-a4ea-4be4-b99d-fb9eed47142d, raftlog=05f59524-a4ea-4be4-b99d-fb9eed47142d@group-9DC5606B5DE8-SegmentedRaftLog:OPENED:c-1,f-1,i0, conf=-1: [05f59524-a4ea-4be4-b99d-fb9eed47142d:192.168.34.62:45919, 4b035f45-7941-40c3-ba2d-1cbecd2d369e:192.168.34.62:45443, 920a4478-64f4-4720-983c-9a2102f3c94b:192.168.34.62:38609], old=null
2019-10-17 07:38:12,700 [grpc-default-executor-5] INFO  impl.RaftServerImpl (RaftServerImpl.java:setRole(184)) - 920a4478-64f4-4720-983c-9a2102f3c94b@group-9DC5606B5DE8: changes role from  FOLLOWER to FOLLOWER at term 7 for recognizeCandidate:05f59524-a4ea-4be4-b99d-fb9eed47142d
2019-10-17 07:38:12,700 [grpc-default-executor-6] INFO  impl.RaftServerImpl (RaftServerImpl.java:setRole(184)) - 4b035f45-7941-40c3-ba2d-1cbecd2d369e@group-9DC5606B5DE8: changes role from  FOLLOWER to FOLLOWER at term 7 for recognizeCandidate:05f59524-a4ea-4be4-b99d-fb9eed47142d
2019-10-17 07:38:12,700 [grpc-default-executor-5] INFO  impl.RoleInfo (RoleInfo.java:shutdownFollowerState(121)) - 920a4478-64f4-4720-983c-9a2102f3c94b: shutdown FollowerState
2019-10-17 07:38:12,701 [grpc-default-executor-6] INFO  impl.RoleInfo (RoleInfo.java:shutdownFollowerState(121)) - 4b035f45-7941-40c3-ba2d-1cbecd2d369e: shutdown FollowerState
2019-10-17 07:38:12,701 [grpc-default-executor-5] INFO  impl.RoleInfo (RoleInfo.java:updateAndGet(143)) - 920a4478-64f4-4720-983c-9a2102f3c94b: start FollowerState
2019-10-17 07:38:12,701 [Thread-476] INFO  impl.FollowerState (FollowerState.java:run(117)) - 920a4478-64f4-4720-983c-9a2102f3c94b@group-9DC5606B5DE8-FollowerState was interrupted: java.lang.InterruptedException: sleep interrupted
2019-10-17 07:38:12,701 [grpc-default-executor-6] INFO  impl.RoleInfo (RoleInfo.java:updateAndGet(143)) - 4b035f45-7941-40c3-ba2d-1cbecd2d369e: start FollowerState
2019-10-17 07:38:12,701 [Thread-477] INFO  impl.FollowerState (FollowerState.java:run(117)) - 4b035f45-7941-40c3-ba2d-1cbecd2d369e@group-9DC5606B5DE8-FollowerState was interrupted: java.lang.InterruptedException: sleep interrupted
2019-10-17 07:38:12,720 [05f59524-a4ea-4be4-b99d-fb9eed47142d@group-9DC5606B5DE8-LeaderElection29] INFO  impl.LeaderElection (LeaderElection.java:askForVotes(178)) - 05f59524-a4ea-4be4-b99d-fb9eed47142d@group-9DC5606B5DE8-LeaderElection29: begin an election at term 8 for -1: [05f59524-a4ea-4be4-b99d-fb9eed47142d:192.168.34.62:45919, 4b035f45-7941-40c3-ba2d-1cbecd2d369e:192.168.34.62:45443, 920a4478-64f4-4720-983c-9a2102f3c94b:192.168.34.62:38609], old=null
2019-10-17 07:38:12,723 [grpc-default-executor-5] INFO  impl.RaftServerImpl (RaftServerImpl.java:setRole(184)) - 920a4478-64f4-4720-983c-9a2102f3c94b@group-9DC5606B5DE8: changes role from  FOLLOWER to FOLLOWER at term 8 for recognizeCandidate:05f59524-a4ea-4be4-b99d-fb9eed47142d
2019-10-17 07:38:12,723 [grpc-default-executor-6] INFO  impl.RaftServerImpl (RaftServerImpl.java:setRole(184)) - 4b035f45-7941-40c3-ba2d-1cbecd2d369e@group-9DC5606B5DE8: changes role from  FOLLOWER to FOLLOWER at term 8 for recognizeCandidate:05f59524-a4ea-4be4-b99d-fb9eed47142d
2019-10-17 07:38:12,723 [grpc-default-executor-5] INFO  impl.RoleInfo (RoleInfo.java:shutdownFollowerState(121)) - 920a4478-64f4-4720-983c-9a2102f3c94b: shutdown FollowerState
2019-10-17 07:38:12,723 [grpc-default-executor-6] INFO  impl.RoleInfo (RoleInfo.java:shutdownFollowerState(121)) - 4b035f45-7941-40c3-ba2d-1cbecd2d369e: shutdown FollowerState
2019-10-17 07:38:12,724 [grpc-default-executor-5] INFO  impl.RoleInfo (RoleInfo.java:updateAndGet(143)) - 920a4478-64f4-4720-983c-9a2102f3c94b: start FollowerState
2019-10-17 07:38:12,724 [Thread-482] INFO  impl.FollowerState (FollowerState.java:run(117)) - 920a4478-64f4-4720-983c-9a2102f3c94b@group-9DC5606B5DE8-FollowerState was interrupted: java.lang.InterruptedException: sleep interrupted
2019-10-17 07:38:12,724 [Thread-483] INFO  impl.FollowerState (FollowerState.java:run(117)) - 4b035f45-7941-40c3-ba2d-1cbecd2d369e@group-9DC5606B5DE8-FollowerState was interrupted: java.lang.InterruptedException: sleep interrupted
2019-10-17 07:38:12,724 [grpc-default-executor-6] INFO  impl.RoleInfo (RoleInfo.java:updateAndGet(143)) - 4b035f45-7941-40c3-ba2d-1cbecd2d369e: start FollowerState
2019-10-17 07:38:12,730 [05f59524-a4ea-4be4-b99d-fb9eed47142d@group-9DC5606B5DE8-LeaderElection29] INFO  impl.LeaderElection (LeaderElection.java:logAndReturn(56)) - 05f59524-a4ea-4be4-b99d-fb9eed47142d@group-9DC5606B5DE8-LeaderElection29: Election TIMEOUT; received 0 response(s) [] and 0 exception(s); 05f59524-a4ea-4be4-b99d-fb9eed47142d@group-9DC5606B5DE8:t8, leader=null, voted=05f59524-a4ea-4be4-b99d-fb9eed47142d, raftlog=05f59524-a4ea-4be4-b99d-fb9eed47142d@group-9DC5606B5DE8-SegmentedRaftLog:OPENED:c-1,f-1,i0, conf=-1: [05f59524-a4ea-4be4-b99d-fb9eed47142d:192.168.34.62:45919, 4b035f45-7941-40c3-ba2d-1cbecd2d369e:192.168.34.62:45443, 920a4478-64f4-4720-983c-9a2102f3c94b:192.168.34.62:38609], old=null
2019-10-17 07:38:12,749 [05f59524-a4ea-4be4-b99d-fb9eed47142d@group-9DC5606B5DE8-LeaderElection29] INFO  impl.LeaderElection (LeaderElection.java:askForVotes(178)) - 05f59524-a4ea-4be4-b99d-fb9eed47142d@group-9DC5606B5DE8-LeaderElection29: begin an election at term 9 for -1: [05f59524-a4ea-4be4-b99d-fb9eed47142d:192.168.34.62:45919, 4b035f45-7941-40c3-ba2d-1cbecd2d369e:192.168.34.62:45443, 920a4478-64f4-4720-983c-9a2102f3c94b:192.168.34.62:38609], old=null
2019-10-17 07:38:12,754 [grpc-default-executor-6] INFO  impl.RaftServerImpl (RaftServerImpl.java:setRole(184)) - 920a4478-64f4-4720-983c-9a2102f3c94b@group-9DC5606B5DE8: changes role from  FOLLOWER to FOLLOWER at term 9 for recognizeCandidate:05f59524-a4ea-4be4-b99d-fb9eed47142d
2019-10-17 07:38:12,754 [grpc-default-executor-5] INFO  impl.RaftServerImpl (RaftServerImpl.java:setRole(184)) - 4b035f45-7941-40c3-ba2d-1cbecd2d369e@group-9DC5606B5DE8: changes role from  FOLLOWER to FOLLOWER at term 9 for recognizeCandidate:05f59524-a4ea-4be4-b99d-fb9eed47142d
2019-10-17 07:38:12,754 [grpc-default-executor-6] INFO  impl.RoleInfo (RoleInfo.java:shutdownFollowerState(121)) - 920a4478-64f4-4720-983c-9a2102f3c94b: shutdown FollowerState
2019-10-17 07:38:12,755 [grpc-default-executor-5] INFO  impl.RoleInfo (RoleInfo.java:shutdownFollowerState(121)) - 4b035f45-7941-40c3-ba2d-1cbecd2d369e: shutdown FollowerState
2019-10-17 07:38:12,755 [grpc-default-executor-6] INFO  impl.RoleInfo (RoleInfo.java:updateAndGet(143)) - 920a4478-64f4-4720-983c-9a2102f3c94b: start FollowerState
2019-10-17 07:38:12,755 [Thread-486] INFO  impl.FollowerState (FollowerState.java:run(117)) - 920a4478-64f4-4720-983c-9a2102f3c94b@group-9DC5606B5DE8-FollowerState was interrupted: java.lang.InterruptedException: sleep interrupted
2019-10-17 07:38:12,755 [Thread-487] INFO  impl.FollowerState (FollowerState.java:run(117)) - 4b035f45-7941-40c3-ba2d-1cbecd2d369e@group-9DC5606B5DE8-FollowerState was interrupted: java.lang.InterruptedException: sleep interrupted
2019-10-17 07:38:12,755 [grpc-default-executor-5] INFO  impl.RoleInfo (RoleInfo.java:updateAndGet(143)) - 4b035f45-7941-40c3-ba2d-1cbecd2d369e: start FollowerState
2019-10-17 07:38:12,783 [05f59524-a4ea-4be4-b99d-fb9eed47142d@group-9DC5606B5DE8-LeaderElection29] INFO  impl.LeaderElection (LeaderElection.java:logAndReturn(56)) - 05f59524-a4ea-4be4-b99d-fb9eed47142d@group-9DC5606B5DE8-LeaderElection29: Election REJECTED; received 2 response(s) [05f59524-a4ea-4be4-b99d-fb9eed47142d<-4b035f45-7941-40c3-ba2d-1cbecd2d369e#0:FAIL-t9, 05f59524-a4ea-4be4-b99d-fb9eed47142d<-920a4478-64f4-4720-983c-9a2102f3c94b#0:FAIL-t9] and 0 exception(s); 05f59524-a4ea-4be4-b99d-fb9eed47142d@group-9DC5606B5DE8:t9, leader=null, voted=05f59524-a4ea-4be4-b99d-fb9eed47142d, raftlog=05f59524-a4ea-4be4-b99d-fb9eed47142d@group-9DC5606B5DE8-SegmentedRaftLog:OPENED:c-1,f-1,i0, conf=-1: [05f59524-a4ea-4be4-b99d-fb9eed47142d:192.168.34.62:45919, 4b035f45-7941-40c3-ba2d-1cbecd2d369e:192.168.34.62:45443, 920a4478-64f4-4720-983c-9a2102f3c94b:192.168.34.62:38609], old=null
2019-10-17 07:38:12,783 [05f59524-a4ea-4be4-b99d-fb9eed47142d@group-9DC5606B5DE8-LeaderElection29] INFO  impl.RaftServerImpl (RaftServerImpl.java:setRole(184)) - 05f59524-a4ea-4be4-b99d-fb9eed47142d@group-9DC5606B5DE8: changes role from CANDIDATE to FOLLOWER at term 9 for DISCOVERED_A_NEW_TERM
2019-10-17 07:38:12,783 [05f59524-a4ea-4be4-b99d-fb9eed47142d@group-9DC5606B5DE8-LeaderElection29] INFO  impl.RoleInfo (RoleInfo.java:shutdownLeaderElection(134)) - 05f59524-a4ea-4be4-b99d-fb9eed47142d: shutdown LeaderElection
2019-10-17 07:38:12,784 [05f59524-a4ea-4be4-b99d-fb9eed47142d@group-9DC5606B5DE8-LeaderElection29] INFO  impl.RoleInfo (RoleInfo.java:updateAndGet(143)) - 05f59524-a4ea-4be4-b99d-fb9eed47142d: start FollowerState
2019-10-17 07:38:12,913 [Thread-492] INFO  impl.FollowerState (FollowerState.java:run(108)) - 05f59524-a4ea-4be4-b99d-fb9eed47142d@group-9DC5606B5DE8-FollowerState: change to CANDIDATE, lastRpcTime:129ms, electionTimeout:129ms
2019-10-17 07:38:12,913 [Thread-492] INFO  impl.RoleInfo (RoleInfo.java:shutdownFollowerState(121)) - 05f59524-a4ea-4be4-b99d-fb9eed47142d: shutdown FollowerState
2019-10-17 07:38:12,913 [Thread-492] INFO  impl.RaftServerImpl (RaftServerImpl.java:setRole(184)) - 05f59524-a4ea-4be4-b99d-fb9eed47142d@group-9DC5606B5DE8: changes role from  FOLLOWER to CANDIDATE at term 9 for changeToCandidate
2019-10-17 07:38:12,914 [Thread-492] INFO  impl.RoleInfo (RoleInfo.java:updateAndGet(143)) - 05f59524-a4ea-4be4-b99d-fb9eed47142d: start LeaderElection
2019-10-17 07:38:12,965 [05f59524-a4ea-4be4-b99d-fb9eed47142d@group-9DC5606B5DE8-LeaderElection30] INFO  impl.LeaderElection (LeaderElection.java:askForVotes(178)) - 05f59524-a4ea-4be4-b99d-fb9eed47142d@group-9DC5606B5DE8-LeaderElection30: begin an election at term 10 for -1: [05f59524-a4ea-4be4-b99d-fb9eed47142d:192.168.34.62:45919, 4b035f45-7941-40c3-ba2d-1cbecd2d369e:192.168.34.62:45443, 920a4478-64f4-4720-983c-9a2102f3c94b:192.168.34.62:38609], old=null
2019-10-17 07:38:12,970 [grpc-default-executor-5] INFO  impl.RaftServerImpl (RaftServerImpl.java:setRole(184)) - 4b035f45-7941-40c3-ba2d-1cbecd2d369e@group-9DC5606B5DE8: changes role from  FOLLOWER to FOLLOWER at term 10 for recognizeCandidate:05f59524-a4ea-4be4-b99d-fb9eed47142d
2019-10-17 07:38:12,970 [grpc-default-executor-6] INFO  impl.RaftServerImpl (RaftServerImpl.java:setRole(184)) - 920a4478-64f4-4720-983c-9a2102f3c94b@group-9DC5606B5DE8: changes role from  FOLLOWER to FOLLOWER at term 10 for recognizeCandidate:05f59524-a4ea-4be4-b99d-fb9eed47142d
2019-10-17 07:38:12,970 [grpc-default-executor-5] INFO  impl.RoleInfo (RoleInfo.java:shutdownFollowerState(121)) - 4b035f45-7941-40c3-ba2d-1cbecd2d369e: shutdown FollowerState
2019-10-17 07:38:12,970 [grpc-default-executor-6] INFO  impl.RoleInfo (RoleInfo.java:shutdownFollowerState(121)) - 920a4478-64f4-4720-983c-9a2102f3c94b: shutdown FollowerState
2019-10-17 07:38:12,971 [grpc-default-executor-5] INFO  impl.RoleInfo (RoleInfo.java:updateAndGet(143)) - 4b035f45-7941-40c3-ba2d-1cbecd2d369e: start FollowerState
2019-10-17 07:38:12,971 [Thread-491] INFO  impl.FollowerState (FollowerState.java:run(117)) - 4b035f45-7941-40c3-ba2d-1cbecd2d369e@group-9DC5606B5DE8-FollowerState was interrupted: java.lang.InterruptedException: sleep interrupted
2019-10-17 07:38:12,971 [grpc-default-executor-6] INFO  impl.RoleInfo (RoleInfo.java:updateAndGet(143)) - 920a4478-64f4-4720-983c-9a2102f3c94b: start FollowerState
2019-10-17 07:38:12,971 [Thread-490] INFO  impl.FollowerState (FollowerState.java:run(117)) - 920a4478-64f4-4720-983c-9a2102f3c94b@group-9DC5606B5DE8-FollowerState was interrupted: java.lang.InterruptedException: sleep interrupted
2019-10-17 07:38:12,998 [05f59524-a4ea-4be4-b99d-fb9eed47142d@group-9DC5606B5DE8-LeaderElection30] INFO  impl.LeaderElection (LeaderElection.java:logAndReturn(56)) - 05f59524-a4ea-4be4-b99d-fb9eed47142d@group-9DC5606B5DE8-LeaderElection30: Election REJECTED; received 2 response(s) [05f59524-a4ea-4be4-b99d-fb9eed47142d<-4b035f45-7941-40c3-ba2d-1cbecd2d369e#0:FAIL-t10, 05f59524-a4ea-4be4-b99d-fb9eed47142d<-920a4478-64f4-4720-983c-9a2102f3c94b#0:FAIL-t10] and 0 exception(s); 05f59524-a4ea-4be4-b99d-fb9eed47142d@group-9DC5606B5DE8:t10, leader=null, voted=05f59524-a4ea-4be4-b99d-fb9eed47142d, raftlog=05f59524-a4ea-4be4-b99d-fb9eed47142d@group-9DC5606B5DE8-SegmentedRaftLog:OPENED:c-1,f-1,i0, conf=-1: [05f59524-a4ea-4be4-b99d-fb9eed47142d:192.168.34.62:45919, 4b035f45-7941-40c3-ba2d-1cbecd2d369e:192.168.34.62:45443, 920a4478-64f4-4720-983c-9a2102f3c94b:192.168.34.62:38609], old=null
2019-10-17 07:38:12,999 [05f59524-a4ea-4be4-b99d-fb9eed47142d@group-9DC5606B5DE8-LeaderElection30] INFO  impl.RaftServerImpl (RaftServerImpl.java:setRole(184)) - 05f59524-a4ea-4be4-b99d-fb9eed47142d@group-9DC5606B5DE8: changes role from CANDIDATE to FOLLOWER at term 10 for DISCOVERED_A_NEW_TERM
2019-10-17 07:38:12,999 [05f59524-a4ea-4be4-b99d-fb9eed47142d@group-9DC5606B5DE8-LeaderElection30] INFO  impl.RoleInfo (RoleInfo.java:shutdownLeaderElection(134)) - 05f59524-a4ea-4be4-b99d-fb9eed47142d: shutdown LeaderElection
2019-10-17 07:38:12,999 [05f59524-a4ea-4be4-b99d-fb9eed47142d@group-9DC5606B5DE8-LeaderElection30] INFO  impl.RoleInfo (RoleInfo.java:updateAndGet(143)) - 05f59524-a4ea-4be4-b99d-fb9eed47142d: start FollowerState
2019-10-17 07:38:13,001 [Thread-498] INFO  impl.FollowerState (FollowerState.java:run(108)) - 05f59524-a4ea-4be4-b99d-fb9eed47142d@group-9DC5606B5DE8-FollowerState: change to CANDIDATE, lastRpcTime:1ms, electionTimeout:1ms
2019-10-17 07:38:13,001 [Thread-498] INFO  impl.RoleInfo (RoleInfo.java:shutdownFollowerState(121)) - 05f59524-a4ea-4be4-b99d-fb9eed47142d: shutdown FollowerState
2019-10-17 07:38:13,001 [Thread-498] INFO  impl.RaftServerImpl (RaftServerImpl.java:setRole(184)) - 05f59524-a4ea-4be4-b99d-fb9eed47142d@group-9DC5606B5DE8: changes role from  FOLLOWER to CANDIDATE at term 10 for changeToCandidate
2019-10-17 07:38:13,002 [Thread-498] INFO  impl.RoleInfo (RoleInfo.java:updateAndGet(143)) - 05f59524-a4ea-4be4-b99d-fb9eed47142d: start LeaderElection
2019-10-17 07:38:13,029 [05f59524-a4ea-4be4-b99d-fb9eed47142d@group-9DC5606B5DE8-LeaderElection31] INFO  impl.LeaderElection (LeaderElection.java:askForVotes(178)) - 05f59524-a4ea-4be4-b99d-fb9eed47142d@group-9DC5606B5DE8-LeaderElection31: begin an election at term 11 for -1: [05f59524-a4ea-4be4-b99d-fb9eed47142d:192.168.34.62:45919, 4b035f45-7941-40c3-ba2d-1cbecd2d369e:192.168.34.62:45443, 920a4478-64f4-4720-983c-9a2102f3c94b:192.168.34.62:38609], old=null
2019-10-17 07:38:13,036 [grpc-default-executor-5] INFO  impl.RaftServerImpl (RaftServerImpl.java:setRole(184)) - 920a4478-64f4-4720-983c-9a2102f3c94b@group-9DC5606B5DE8: changes role from  FOLLOWER to FOLLOWER at term 11 for recognizeCandidate:05f59524-a4ea-4be4-b99d-fb9eed47142d
2019-10-17 07:38:13,036 [grpc-default-executor-6] INFO  impl.RaftServerImpl (RaftServerImpl.java:setRole(184)) - 4b035f45-7941-40c3-ba2d-1cbecd2d369e@group-9DC5606B5DE8: changes role from  FOLLOWER to FOLLOWER at term 11 for recognizeCandidate:05f59524-a4ea-4be4-b99d-fb9eed47142d
2019-10-17 07:38:13,036 [grpc-default-executor-5] INFO  impl.RoleInfo (RoleInfo.java:shutdownFollowerState(121)) - 920a4478-64f4-4720-983c-9a2102f3c94b: shutdown FollowerState
2019-10-17 07:38:13,036 [grpc-default-executor-6] INFO  impl.RoleInfo (RoleInfo.java:shutdownFollowerState(121)) - 4b035f45-7941-40c3-ba2d-1cbecd2d369e: shutdown FollowerState
2019-10-17 07:38:13,036 [Thread-497] INFO  impl.FollowerState (FollowerState.java:run(117)) - 920a4478-64f4-4720-983c-9a2102f3c94b@group-9DC5606B5DE8-FollowerState was interrupted: java.lang.InterruptedException: sleep interrupted
2019-10-17 07:38:13,037 [grpc-default-executor-5] INFO  impl.RoleInfo (RoleInfo.java:updateAndGet(143)) - 920a4478-64f4-4720-983c-9a2102f3c94b: start FollowerState
2019-10-17 07:38:13,037 [grpc-default-executor-6] INFO  impl.RoleInfo (RoleInfo.java:updateAndGet(143)) - 4b035f45-7941-40c3-ba2d-1cbecd2d369e: start FollowerState
2019-10-17 07:38:13,037 [Thread-496] INFO  impl.FollowerState (FollowerState.java:run(117)) - 4b035f45-7941-40c3-ba2d-1cbecd2d369e@group-9DC5606B5DE8-FollowerState was interrupted: java.lang.InterruptedException: sleep interrupted
2019-10-17 07:38:13,065 [05f59524-a4ea-4be4-b99d-fb9eed47142d@group-9DC5606B5DE8-LeaderElection31] INFO  impl.LeaderElection (LeaderElection.java:logAndReturn(56)) - 05f59524-a4ea-4be4-b99d-fb9eed47142d@group-9DC5606B5DE8-LeaderElection31: Election REJECTED; received 2 response(s) [05f59524-a4ea-4be4-b99d-fb9eed47142d<-4b035f45-7941-40c3-ba2d-1cbecd2d369e#0:FAIL-t11, 05f59524-a4ea-4be4-b99d-fb9eed47142d<-920a4478-64f4-4720-983c-9a2102f3c94b#0:FAIL-t11] and 0 exception(s); 05f59524-a4ea-4be4-b99d-fb9eed47142d@group-9DC5606B5DE8:t11, leader=null, voted=05f59524-a4ea-4be4-b99d-fb9eed47142d, raftlog=05f59524-a4ea-4be4-b99d-fb9eed47142d@group-9DC5606B5DE8-SegmentedRaftLog:OPENED:c-1,f-1,i0, conf=-1: [05f59524-a4ea-4be4-b99d-fb9eed47142d:192.168.34.62:45919, 4b035f45-7941-40c3-ba2d-1cbecd2d369e:192.168.34.62:45443, 920a4478-64f4-4720-983c-9a2102f3c94b:192.168.34.62:38609], old=null
2019-10-17 07:38:13,065 [05f59524-a4ea-4be4-b99d-fb9eed47142d@group-9DC5606B5DE8-LeaderElection31] INFO  impl.RaftServerImpl (RaftServerImpl.java:setRole(184)) - 05f59524-a4ea-4be4-b99d-fb9eed47142d@group-9DC5606B5DE8: changes role from CANDIDATE to FOLLOWER at term 11 for DISCOVERED_A_NEW_TERM
2019-10-17 07:38:13,065 [05f59524-a4ea-4be4-b99d-fb9eed47142d@group-9DC5606B5DE8-LeaderElection31] INFO  impl.RoleInfo (RoleInfo.java:shutdownLeaderElection(134)) - 05f59524-a4ea-4be4-b99d-fb9eed47142d: shutdown LeaderElection
2019-10-17 07:38:13,066 [05f59524-a4ea-4be4-b99d-fb9eed47142d@group-9DC5606B5DE8-LeaderElection31] INFO  impl.RoleInfo (RoleInfo.java:updateAndGet(143)) - 05f59524-a4ea-4be4-b99d-fb9eed47142d: start FollowerState
2019-10-17 07:38:13,086 [Thread-504] INFO  impl.FollowerState (FollowerState.java:run(108)) - 05f59524-a4ea-4be4-b99d-fb9eed47142d@group-9DC5606B5DE8-FollowerState: change to CANDIDATE, lastRpcTime:20ms, electionTimeout:20ms
2019-10-17 07:38:13,086 [Thread-504] INFO  impl.RoleInfo (RoleInfo.java:shutdownFollowerState(121)) - 05f59524-a4ea-4be4-b99d-fb9eed47142d: shutdown FollowerState
2019-10-17 07:38:13,086 [Thread-504] INFO  impl.RaftServerImpl (RaftServerImpl.java:setRole(184)) - 05f59524-a4ea-4be4-b99d-fb9eed47142d@group-9DC5606B5DE8: changes role from  FOLLOWER to CANDIDATE at term 11 for changeToCandidate
2019-10-17 07:38:13,086 [Thread-504] INFO  impl.RoleInfo (RoleInfo.java:updateAndGet(143)) - 05f59524-a4ea-4be4-b99d-fb9eed47142d: start LeaderElection
2019-10-17 07:38:13,106 [05f59524-a4ea-4be4-b99d-fb9eed47142d@group-9DC5606B5DE8-LeaderElection32] INFO  impl.LeaderElection (LeaderElection.java:askForVotes(178)) - 05f59524-a4ea-4be4-b99d-fb9eed47142d@group-9DC5606B5DE8-LeaderElection32: begin an election at term 12 for -1: [05f59524-a4ea-4be4-b99d-fb9eed47142d:192.168.34.62:45919, 4b035f45-7941-40c3-ba2d-1cbecd2d369e:192.168.34.62:45443, 920a4478-64f4-4720-983c-9a2102f3c94b:192.168.34.62:38609], old=null
2019-10-17 07:38:13,109 [grpc-default-executor-6] INFO  impl.RaftServerImpl (RaftServerImpl.java:setRole(184)) - 4b035f45-7941-40c3-ba2d-1cbecd2d369e@group-9DC5606B5DE8: changes role from  FOLLOWER to FOLLOWER at term 12 for recognizeCandidate:05f59524-a4ea-4be4-b99d-fb9eed47142d
2019-10-17 07:38:13,109 [grpc-default-executor-6] INFO  impl.RoleInfo (RoleInfo.java:shutdownFollowerState(121)) - 4b035f45-7941-40c3-ba2d-1cbecd2d369e: shutdown FollowerState
2019-10-17 07:38:13,109 [grpc-default-executor-5] INFO  impl.RaftServerImpl (RaftServerImpl.java:setRole(184)) - 920a4478-64f4-4720-983c-9a2102f3c94b@group-9DC5606B5DE8: changes role from  FOLLOWER to FOLLOWER at term 12 for recognizeCandidate:05f59524-a4ea-4be4-b99d-fb9eed47142d
2019-10-17 07:38:13,109 [Thread-503] INFO  impl.FollowerState (FollowerState.java:run(117)) - 4b035f45-7941-40c3-ba2d-1cbecd2d369e@group-9DC5606B5DE8-FollowerState was interrupted: java.lang.InterruptedException: sleep interrupted
2019-10-17 07:38:13,109 [grpc-default-executor-6] INFO  impl.RoleInfo (RoleInfo.java:updateAndGet(143)) - 4b035f45-7941-40c3-ba2d-1cbecd2d369e: start FollowerState
2019-10-17 07:38:13,109 [grpc-default-executor-5] INFO  impl.RoleInfo (RoleInfo.java:shutdownFollowerState(121)) - 920a4478-64f4-4720-983c-9a2102f3c94b: shutdown FollowerState
2019-10-17 07:38:13,110 [grpc-default-executor-5] INFO  impl.RoleInfo (RoleInfo.java:updateAndGet(143)) - 920a4478-64f4-4720-983c-9a2102f3c94b: start FollowerState
2019-10-17 07:38:13,110 [Thread-502] INFO  impl.FollowerState (FollowerState.java:run(117)) - 920a4478-64f4-4720-983c-9a2102f3c94b@group-9DC5606B5DE8-FollowerState was interrupted: java.lang.InterruptedException: sleep interrupted
2019-10-17 07:38:13,139 [05f59524-a4ea-4be4-b99d-fb9eed47142d@group-9DC5606B5DE8-LeaderElection32] INFO  impl.LeaderElection (LeaderElection.java:logAndReturn(56)) - 05f59524-a4ea-4be4-b99d-fb9eed47142d@group-9DC5606B5DE8-LeaderElection32: Election REJECTED; received 2 response(s) [05f59524-a4ea-4be4-b99d-fb9eed47142d<-4b035f45-7941-40c3-ba2d-1cbecd2d369e#0:FAIL-t12, 05f59524-a4ea-4be4-b99d-fb9eed47142d<-920a4478-64f4-4720-983c-9a2102f3c94b#0:FAIL-t12] and 0 exception(s); 05f59524-a4ea-4be4-b99d-fb9eed47142d@group-9DC5606B5DE8:t12, leader=null, voted=05f59524-a4ea-4be4-b99d-fb9eed47142d, raftlog=05f59524-a4ea-4be4-b99d-fb9eed47142d@group-9DC5606B5DE8-SegmentedRaftLog:OPENED:c-1,f-1,i0, conf=-1: [05f59524-a4ea-4be4-b99d-fb9eed47142d:192.168.34.62:45919, 4b035f45-7941-40c3-ba2d-1cbecd2d369e:192.168.34.62:45443, 920a4478-64f4-4720-983c-9a2102f3c94b:192.168.34.62:38609], old=null
2019-10-17 07:38:13,140 [05f59524-a4ea-4be4-b99d-fb9eed47142d@group-9DC5606B5DE8-LeaderElection32] INFO  impl.RaftServerImpl (RaftServerImpl.java:setRole(184)) - 05f59524-a4ea-4be4-b99d-fb9eed47142d@group-9DC5606B5DE8: changes role from CANDIDATE to FOLLOWER at term 12 for DISCOVERED_A_NEW_TERM
2019-10-17 07:38:13,140 [05f59524-a4ea-4be4-b99d-fb9eed47142d@group-9DC5606B5DE8-LeaderElection32] INFO  impl.RoleInfo (RoleInfo.java:shutdownLeaderElection(134)) - 05f59524-a4ea-4be4-b99d-fb9eed47142d: shutdown LeaderElection
2019-10-17 07:38:13,140 [05f59524-a4ea-4be4-b99d-fb9eed47142d@group-9DC5606B5DE8-LeaderElection32] INFO  impl.RoleInfo (RoleInfo.java:updateAndGet(143)) - 05f59524-a4ea-4be4-b99d-fb9eed47142d: start FollowerState
2019-10-17 07:38:13,187 [Thread-510] INFO  impl.FollowerState (FollowerState.java:run(108)) - 05f59524-a4ea-4be4-b99d-fb9eed47142d@group-9DC5606B5DE8-FollowerState: change to CANDIDATE, lastRpcTime:46ms, electionTimeout:46ms
2019-10-17 07:38:13,187 [Thread-510] INFO  impl.RoleInfo (RoleInfo.java:shutdownFollowerState(121)) - 05f59524-a4ea-4be4-b99d-fb9eed47142d: shutdown FollowerState
2019-10-17 07:38:13,187 [Thread-510] INFO  impl.RaftServerImpl (RaftServerImpl.java:setRole(184)) - 05f59524-a4ea-4be4-b99d-fb9eed47142d@group-9DC5606B5DE8: changes role from  FOLLOWER to CANDIDATE at term 12 for changeToCandidate
2019-10-17 07:38:13,187 [Thread-510] INFO  impl.RoleInfo (RoleInfo.java:updateAndGet(143)) - 05f59524-a4ea-4be4-b99d-fb9eed47142d: start LeaderElection
2019-10-17 07:38:13,222 [05f59524-a4ea-4be4-b99d-fb9eed47142d@group-9DC5606B5DE8-LeaderElection33] INFO  impl.LeaderElection (LeaderElection.java:askForVotes(178)) - 05f59524-a4ea-4be4-b99d-fb9eed47142d@group-9DC5606B5DE8-LeaderElection33: begin an election at term 13 for -1: [05f59524-a4ea-4be4-b99d-fb9eed47142d:192.168.34.62:45919, 4b035f45-7941-40c3-ba2d-1cbecd2d369e:192.168.34.62:45443, 920a4478-64f4-4720-983c-9a2102f3c94b:192.168.34.62:38609], old=null
2019-10-17 07:38:13,229 [grpc-default-executor-5] INFO  impl.RaftServerImpl (RaftServerImpl.java:setRole(184)) - 4b035f45-7941-40c3-ba2d-1cbecd2d369e@group-9DC5606B5DE8: changes role from  FOLLOWER to FOLLOWER at term 13 for recognizeCandidate:05f59524-a4ea-4be4-b99d-fb9eed47142d
2019-10-17 07:38:13,229 [grpc-default-executor-5] INFO  impl.RoleInfo (RoleInfo.java:shutdownFollowerState(121)) - 4b035f45-7941-40c3-ba2d-1cbecd2d369e: shutdown FollowerState
2019-10-17 07:38:13,229 [grpc-default-executor-6] INFO  impl.RaftServerImpl (RaftServerImpl.java:setRole(184)) - 920a4478-64f4-4720-983c-9a2102f3c94b@group-9DC5606B5DE8: changes role from  FOLLOWER to FOLLOWER at term 13 for recognizeCandidate:05f59524-a4ea-4be4-b99d-fb9eed47142d
2019-10-17 07:38:13,229 [grpc-default-executor-5] INFO  impl.RoleInfo (RoleInfo.java:updateAndGet(143)) - 4b035f45-7941-40c3-ba2d-1cbecd2d369e: start FollowerState
2019-10-17 07:38:13,230 [Thread-508] INFO  impl.FollowerState (FollowerState.java:run(117)) - 4b035f45-7941-40c3-ba2d-1cbecd2d369e@group-9DC5606B5DE8-FollowerState was interrupted: java.lang.InterruptedException: sleep interrupted
2019-10-17 07:38:13,230 [grpc-default-executor-6] INFO  impl.RoleInfo (RoleInfo.java:shutdownFollowerState(121)) - 920a4478-64f4-4720-983c-9a2102f3c94b: shutdown FollowerState
2019-10-17 07:38:13,230 [grpc-default-executor-6] INFO  impl.RoleInfo (RoleInfo.java:updateAndGet(143)) - 920a4478-64f4-4720-983c-9a2102f3c94b: start FollowerState
2019-10-17 07:38:13,230 [Thread-509] INFO  impl.FollowerState (FollowerState.java:run(117)) - 920a4478-64f4-4720-983c-9a2102f3c94b@group-9DC5606B5DE8-FollowerState was interrupted: java.lang.InterruptedException: sleep interrupted
2019-10-17 07:38:13,258 [05f59524-a4ea-4be4-b99d-fb9eed47142d@group-9DC5606B5DE8-LeaderElection33] INFO  impl.LeaderElection (LeaderElection.java:logAndReturn(56)) - 05f59524-a4ea-4be4-b99d-fb9eed47142d@group-9DC5606B5DE8-LeaderElection33: Election REJECTED; received 2 response(s) [05f59524-a4ea-4be4-b99d-fb9eed47142d<-4b035f45-7941-40c3-ba2d-1cbecd2d369e#0:FAIL-t13, 05f59524-a4ea-4be4-b99d-fb9eed47142d<-920a4478-64f4-4720-983c-9a2102f3c94b#0:FAIL-t13] and 0 exception(s); 05f59524-a4ea-4be4-b99d-fb9eed47142d@group-9DC5606B5DE8:t13, leader=null, voted=05f59524-a4ea-4be4-b99d-fb9eed47142d, raftlog=05f59524-a4ea-4be4-b99d-fb9eed47142d@group-9DC5606B5DE8-SegmentedRaftLog:OPENED:c-1,f-1,i0, conf=-1: [05f59524-a4ea-4be4-b99d-fb9eed47142d:192.168.34.62:45919, 4b035f45-7941-40c3-ba2d-1cbecd2d369e:192.168.34.62:45443, 920a4478-64f4-4720-983c-9a2102f3c94b:192.168.34.62:38609], old=null
2019-10-17 07:38:13,258 [05f59524-a4ea-4be4-b99d-fb9eed47142d@group-9DC5606B5DE8-LeaderElection33] INFO  impl.RaftServerImpl (RaftServerImpl.java:setRole(184)) - 05f59524-a4ea-4be4-b99d-fb9eed47142d@group-9DC5606B5DE8: changes role from CANDIDATE to FOLLOWER at term 13 for DISCOVERED_A_NEW_TERM
2019-10-17 07:38:13,258 [05f59524-a4ea-4be4-b99d-fb9eed47142d@group-9DC5606B5DE8-LeaderElection33] INFO  impl.RoleInfo (RoleInfo.java:shutdownLeaderElection(134)) - 05f59524-a4ea-4be4-b99d-fb9eed47142d: shutdown LeaderElection
2019-10-17 07:38:13,258 [05f59524-a4ea-4be4-b99d-fb9eed47142d@group-9DC5606B5DE8-LeaderElection33] INFO  impl.RoleInfo (RoleInfo.java:updateAndGet(143)) - 05f59524-a4ea-4be4-b99d-fb9eed47142d: start FollowerState
2019-10-17 07:38:13,457 [Thread-516] INFO  impl.FollowerState (FollowerState.java:run(108)) - 05f59524-a4ea-4be4-b99d-fb9eed47142d@group-9DC5606B5DE8-FollowerState: change to CANDIDATE, lastRpcTime:198ms, electionTimeout:198ms
2019-10-17 07:38:13,457 [Thread-516] INFO  impl.RoleInfo (RoleInfo.java:shutdownFollowerState(121)) - 05f59524-a4ea-4be4-b99d-fb9eed47142d: shutdown FollowerState
2019-10-17 07:38:13,457 [Thread-516] INFO  impl.RaftServerImpl (RaftServerImpl.java:setRole(184)) - 05f59524-a4ea-4be4-b99d-fb9eed47142d@group-9DC5606B5DE8: changes role from  FOLLOWER to CANDIDATE at term 13 for changeToCandidate
2019-10-17 07:38:13,457 [Thread-516] INFO  impl.RoleInfo (RoleInfo.java:updateAndGet(143)) - 05f59524-a4ea-4be4-b99d-fb9eed47142d: start LeaderElection
2019-10-17 07:38:13,491 [05f59524-a4ea-4be4-b99d-fb9eed47142d@group-9DC5606B5DE8-LeaderElection34] INFO  impl.LeaderElection (LeaderElection.java:askForVotes(178)) - 05f59524-a4ea-4be4-b99d-fb9eed47142d@group-9DC5606B5DE8-LeaderElection34: begin an election at term 14 for -1: [05f59524-a4ea-4be4-b99d-fb9eed47142d:192.168.34.62:45919, 4b035f45-7941-40c3-ba2d-1cbecd2d369e:192.168.34.62:45443, 920a4478-64f4-4720-983c-9a2102f3c94b:192.168.34.62:38609], old=null
2019-10-17 07:38:13,494 [grpc-default-executor-5] INFO  impl.RaftServerImpl (RaftServerImpl.java:setRole(184)) - 4b035f45-7941-40c3-ba2d-1cbecd2d369e@group-9DC5606B5DE8: changes role from  FOLLOWER to FOLLOWER at term 14 for recognizeCandidate:05f59524-a4ea-4be4-b99d-fb9eed47142d
2019-10-17 07:38:13,494 [grpc-default-executor-5] INFO  impl.RoleInfo (RoleInfo.java:shutdownFollowerState(121)) - 4b035f45-7941-40c3-ba2d-1cbecd2d369e: shutdown FollowerState
2019-10-17 07:38:13,494 [grpc-default-executor-6] INFO  impl.RaftServerImpl (RaftServerImpl.java:setRole(184)) - 920a4478-64f4-4720-983c-9a2102f3c94b@group-9DC5606B5DE8: changes role from  FOLLOWER to FOLLOWER at term 14 for recognizeCandidate:05f59524-a4ea-4be4-b99d-fb9eed47142d
2019-10-17 07:38:13,494 [Thread-514] INFO  impl.FollowerState (FollowerState.java:run(117)) - 4b035f45-7941-40c3-ba2d-1cbecd2d369e@group-9DC5606B5DE8-FollowerState was interrupted: java.lang.InterruptedException: sleep interrupted
2019-10-17 07:38:13,494 [grpc-default-executor-5] INFO  impl.RoleInfo (RoleInfo.java:updateAndGet(143)) - 4b035f45-7941-40c3-ba2d-1cbecd2d369e: start FollowerState
2019-10-17 07:38:13,495 [grpc-default-executor-6] INFO  impl.RoleInfo (RoleInfo.java:shutdownFollowerState(121)) - 920a4478-64f4-4720-983c-9a2102f3c94b: shutdown FollowerState
2019-10-17 07:38:13,495 [grpc-default-executor-6] INFO  impl.RoleInfo (RoleInfo.java:updateAndGet(143)) - 920a4478-64f4-4720-983c-9a2102f3c94b: start FollowerState
2019-10-17 07:38:13,495 [Thread-515] INFO  impl.FollowerState (FollowerState.java:run(117)) - 920a4478-64f4-4720-983c-9a2102f3c94b@group-9DC5606B5DE8-FollowerState was interrupted: java.lang.InterruptedException: sleep interrupted
2019-10-17 07:38:13,509 [05f59524-a4ea-4be4-b99d-fb9eed47142d@group-9DC5606B5DE8-LeaderElection34] INFO  impl.LeaderElection (LeaderElection.java:logAndReturn(56)) - 05f59524-a4ea-4be4-b99d-fb9eed47142d@group-9DC5606B5DE8-LeaderElection34: Election TIMEOUT; received 0 response(s) [] and 0 exception(s); 05f59524-a4ea-4be4-b99d-fb9eed47142d@group-9DC5606B5DE8:t14, leader=null, voted=05f59524-a4ea-4be4-b99d-fb9eed47142d, raftlog=05f59524-a4ea-4be4-b99d-fb9eed47142d@group-9DC5606B5DE8-SegmentedRaftLog:OPENED:c-1,f-1,i0, conf=-1: [05f59524-a4ea-4be4-b99d-fb9eed47142d:192.168.34.62:45919, 4b035f45-7941-40c3-ba2d-1cbecd2d369e:192.168.34.62:45443, 920a4478-64f4-4720-983c-9a2102f3c94b:192.168.34.62:38609], old=null
2019-10-17 07:38:13,547 [05f59524-a4ea-4be4-b99d-fb9eed47142d@group-9DC5606B5DE8-LeaderElection34] INFO  impl.LeaderElection (LeaderElection.java:askForVotes(178)) - 05f59524-a4ea-4be4-b99d-fb9eed47142d@group-9DC5606B5DE8-LeaderElection34: begin an election at term 15 for -1: [05f59524-a4ea-4be4-b99d-fb9eed47142d:192.168.34.62:45919, 4b035f45-7941-40c3-ba2d-1cbecd2d369e:192.168.34.62:45443, 920a4478-64f4-4720-983c-9a2102f3c94b:192.168.34.62:38609], old=null
2019-10-17 07:38:13,552 [grpc-default-executor-6] INFO  impl.RaftServerImpl (RaftServerImpl.java:setRole(184)) - 4b035f45-7941-40c3-ba2d-1cbecd2d369e@group-9DC5606B5DE8: changes role from  FOLLOWER to FOLLOWER at term 15 for recognizeCandidate:05f59524-a4ea-4be4-b99d-fb9eed47142d
2019-10-17 07:38:13,552 [grpc-default-executor-6] INFO  impl.RoleInfo (RoleInfo.java:shutdownFollowerState(121)) - 4b035f45-7941-40c3-ba2d-1cbecd2d369e: shutdown FollowerState
2019-10-17 07:38:13,552 [grpc-default-executor-5] INFO  impl.RaftServerImpl (RaftServerImpl.java:setRole(184)) - 920a4478-64f4-4720-983c-9a2102f3c94b@group-9DC5606B5DE8: changes role from  FOLLOWER to FOLLOWER at term 15 for recognizeCandidate:05f59524-a4ea-4be4-b99d-fb9eed47142d
2019-10-17 07:38:13,552 [Thread-520] INFO  impl.FollowerState (FollowerState.java:run(117)) - 4b035f45-7941-40c3-ba2d-1cbecd2d369e@group-9DC5606B5DE8-FollowerState was interrupted: java.lang.InterruptedException: sleep interrupted
2019-10-17 07:38:13,552 [grpc-default-executor-6] INFO  impl.RoleInfo (RoleInfo.java:updateAndGet(143)) - 4b035f45-7941-40c3-ba2d-1cbecd2d369e: start FollowerState
2019-10-17 07:38:13,552 [grpc-default-executor-5] INFO  impl.RoleInfo (RoleInfo.java:shutdownFollowerState(121)) - 920a4478-64f4-4720-983c-9a2102f3c94b: shutdown FollowerState
2019-10-17 07:38:13,553 [grpc-default-executor-5] INFO  impl.RoleInfo (RoleInfo.java:updateAndGet(143)) - 920a4478-64f4-4720-983c-9a2102f3c94b: start FollowerState
2019-10-17 07:38:13,553 [Thread-521] INFO  impl.FollowerState (FollowerState.java:run(117)) - 920a4478-64f4-4720-983c-9a2102f3c94b@group-9DC5606B5DE8-FollowerState was interrupted: java.lang.InterruptedException: sleep interrupted
2019-10-17 07:38:13,575 [05f59524-a4ea-4be4-b99d-fb9eed47142d@group-9DC5606B5DE8-LeaderElection34] INFO  impl.LeaderElection (LeaderElection.java:logAndReturn(56)) - 05f59524-a4ea-4be4-b99d-fb9eed47142d@group-9DC5606B5DE8-LeaderElection34: Election REJECTED; received 2 response(s) [05f59524-a4ea-4be4-b99d-fb9eed47142d<-4b035f45-7941-40c3-ba2d-1cbecd2d369e#0:FAIL-t15, 05f59524-a4ea-4be4-b99d-fb9eed47142d<-920a4478-64f4-4720-983c-9a2102f3c94b#0:FAIL-t15] and 0 exception(s); 05f59524-a4ea-4be4-b99d-fb9eed47142d@group-9DC5606B5DE8:t15, leader=null, voted=05f59524-a4ea-4be4-b99d-fb9eed47142d, raftlog=05f59524-a4ea-4be4-b99d-fb9eed47142d@group-9DC5606B5DE8-SegmentedRaftLog:OPENED:c-1,f-1,i0, conf=-1: [05f59524-a4ea-4be4-b99d-fb9eed47142d:192.168.34.62:45919, 4b035f45-7941-40c3-ba2d-1cbecd2d369e:192.168.34.62:45443, 920a4478-64f4-4720-983c-9a2102f3c94b:192.168.34.62:38609], old=null
2019-10-17 07:38:13,575 [05f59524-a4ea-4be4-b99d-fb9eed47142d@group-9DC5606B5DE8-LeaderElection34] INFO  impl.RaftServerImpl (RaftServerImpl.java:setRole(184)) - 05f59524-a4ea-4be4-b99d-fb9eed47142d@group-9DC5606B5DE8: changes role from CANDIDATE to FOLLOWER at term 15 for DISCOVERED_A_NEW_TERM
2019-10-17 07:38:13,576 [05f59524-a4ea-4be4-b99d-fb9eed47142d@group-9DC5606B5DE8-LeaderElection34] INFO  impl.RoleInfo (RoleInfo.java:shutdownLeaderElection(134)) - 05f59524-a4ea-4be4-b99d-fb9eed47142d: shutdown LeaderElection
2019-10-17 07:38:13,576 [05f59524-a4ea-4be4-b99d-fb9eed47142d@group-9DC5606B5DE8-LeaderElection34] INFO  impl.RoleInfo (RoleInfo.java:updateAndGet(143)) - 05f59524-a4ea-4be4-b99d-fb9eed47142d: start FollowerState
2019-10-17 07:38:13,714 [Thread-526] INFO  impl.FollowerState (FollowerState.java:run(108)) - 05f59524-a4ea-4be4-b99d-fb9eed47142d@group-9DC5606B5DE8-FollowerState: change to CANDIDATE, lastRpcTime:138ms, electionTimeout:138ms
2019-10-17 07:38:13,715 [Thread-526] INFO  impl.RoleInfo (RoleInfo.java:shutdownFollowerState(121)) - 05f59524-a4ea-4be4-b99d-fb9eed47142d: shutdown FollowerState
2019-10-17 07:38:13,715 [Thread-526] INFO  impl.RaftServerImpl (RaftServerImpl.java:setRole(184)) - 05f59524-a4ea-4be4-b99d-fb9eed47142d@group-9DC5606B5DE8: changes role from  FOLLOWER to CANDIDATE at term 15 for changeToCandidate
2019-10-17 07:38:13,715 [Thread-526] INFO  impl.RoleInfo (RoleInfo.java:updateAndGet(143)) - 05f59524-a4ea-4be4-b99d-fb9eed47142d: start LeaderElection
2019-10-17 07:38:13,762 [05f59524-a4ea-4be4-b99d-fb9eed47142d@group-9DC5606B5DE8-LeaderElection35] INFO  impl.LeaderElection (LeaderElection.java:askForVotes(178)) - 05f59524-a4ea-4be4-b99d-fb9eed47142d@group-9DC5606B5DE8-LeaderElection35: begin an election at term 16 for -1: [05f59524-a4ea-4be4-b99d-fb9eed47142d:192.168.34.62:45919, 4b035f45-7941-40c3-ba2d-1cbecd2d369e:192.168.34.62:45443, 920a4478-64f4-4720-983c-9a2102f3c94b:192.168.34.62:38609], old=null
2019-10-17 07:38:13,766 [grpc-default-executor-6] INFO  impl.RaftServerImpl (RaftServerImpl.java:setRole(184)) - 920a4478-64f4-4720-983c-9a2102f3c94b@group-9DC5606B5DE8: changes role from  FOLLOWER to FOLLOWER at term 16 for recognizeCandidate:05f59524-a4ea-4be4-b99d-fb9eed47142d
2019-10-17 07:38:13,767 [grpc-default-executor-5] INFO  impl.RaftServerImpl (RaftServerImpl.java:setRole(184)) - 4b035f45-7941-40c3-ba2d-1cbecd2d369e@group-9DC5606B5DE8: changes role from  FOLLOWER to FOLLOWER at term 16 for recognizeCandidate:05f59524-a4ea-4be4-b99d-fb9eed47142d
2019-10-17 07:38:13,767 [grpc-default-executor-6] INFO  impl.RoleInfo (RoleInfo.java:shutdownFollowerState(121)) - 920a4478-64f4-4720-983c-9a2102f3c94b: shutdown FollowerState
2019-10-17 07:38:13,767 [grpc-default-executor-5] INFO  impl.RoleInfo (RoleInfo.java:shutdownFollowerState(121)) - 4b035f45-7941-40c3-ba2d-1cbecd2d369e: shutdown FollowerState
2019-10-17 07:38:13,767 [grpc-default-executor-6] INFO  impl.RoleInfo (RoleInfo.java:updateAndGet(143)) - 920a4478-64f4-4720-983c-9a2102f3c94b: start FollowerState
2019-10-17 07:38:13,767 [Thread-525] INFO  impl.FollowerState (FollowerState.java:run(117)) - 920a4478-64f4-4720-983c-9a2102f3c94b@group-9DC5606B5DE8-FollowerState was interrupted: java.lang.InterruptedException: sleep interrupted
2019-10-17 07:38:13,767 [Thread-524] INFO  impl.FollowerState (FollowerState.java:run(117)) - 4b035f45-7941-40c3-ba2d-1cbecd2d369e@group-9DC5606B5DE8-FollowerState was interrupted: java.lang.InterruptedException: sleep interrupted
2019-10-17 07:38:13,767 [grpc-default-executor-5] INFO  impl.RoleInfo (RoleInfo.java:updateAndGet(143)) - 4b035f45-7941-40c3-ba2d-1cbecd2d369e: start FollowerState
2019-10-17 07:38:13,802 [05f59524-a4ea-4be4-b99d-fb9eed47142d@group-9DC5606B5DE8-LeaderElection35] INFO  impl.LeaderElection (LeaderElection.java:logAndReturn(56)) - 05f59524-a4ea-4be4-b99d-fb9eed47142d@group-9DC5606B5DE8-LeaderElection35: Election TIMEOUT; received 0 response(s) [] and 0 exception(s); 05f59524-a4ea-4be4-b99d-fb9eed47142d@group-9DC5606B5DE8:t16, leader=null, voted=05f59524-a4ea-4be4-b99d-fb9eed47142d, raftlog=05f59524-a4ea-4be4-b99d-fb9eed47142d@group-9DC5606B5DE8-SegmentedRaftLog:OPENED:c-1,f-1,i0, conf=-1: [05f59524-a4ea-4be4-b99d-fb9eed47142d:192.168.34.62:45919, 4b035f45-7941-40c3-ba2d-1cbecd2d369e:192.168.34.62:45443, 920a4478-64f4-4720-983c-9a2102f3c94b:192.168.34.62:38609], old=null
2019-10-17 07:38:13,840 [05f59524-a4ea-4be4-b99d-fb9eed47142d@group-9DC5606B5DE8-LeaderElection35] INFO  impl.LeaderElection (LeaderElection.java:askForVotes(178)) - 05f59524-a4ea-4be4-b99d-fb9eed47142d@group-9DC5606B5DE8-LeaderElection35: begin an election at term 17 for -1: [05f59524-a4ea-4be4-b99d-fb9eed47142d:192.168.34.62:45919, 4b035f45-7941-40c3-ba2d-1cbecd2d369e:192.168.34.62:45443, 920a4478-64f4-4720-983c-9a2102f3c94b:192.168.34.62:38609], old=null
2019-10-17 07:38:13,845 [grpc-default-executor-6] INFO  impl.RaftServerImpl (RaftServerImpl.java:setRole(184)) - 4b035f45-7941-40c3-ba2d-1cbecd2d369e@group-9DC5606B5DE8: changes role from  FOLLOWER to FOLLOWER at term 17 for recognizeCandidate:05f59524-a4ea-4be4-b99d-fb9eed47142d
2019-10-17 07:38:13,845 [grpc-default-executor-6] INFO  impl.RoleInfo (RoleInfo.java:shutdownFollowerState(121)) - 4b035f45-7941-40c3-ba2d-1cbecd2d369e: shutdown FollowerState
2019-10-17 07:38:13,846 [grpc-default-executor-5] INFO  impl.RaftServerImpl (RaftServerImpl.java:setRole(184)) - 920a4478-64f4-4720-983c-9a2102f3c94b@group-9DC5606B5DE8: changes role from  FOLLOWER to FOLLOWER at term 17 for recognizeCandidate:05f59524-a4ea-4be4-b99d-fb9eed47142d
2019-10-17 07:38:13,846 [Thread-531] INFO  impl.FollowerState (FollowerState.java:run(117)) - 4b035f45-7941-40c3-ba2d-1cbecd2d369e@group-9DC5606B5DE8-FollowerState was interrupted: java.lang.InterruptedException: sleep interrupted
2019-10-17 07:38:13,846 [grpc-default-executor-6] INFO  impl.RoleInfo (RoleInfo.java:updateAndGet(143)) - 4b035f45-7941-40c3-ba2d-1cbecd2d369e: start FollowerState
2019-10-17 07:38:13,846 [grpc-default-executor-5] INFO  impl.RoleInfo (RoleInfo.java:shutdownFollowerState(121)) - 920a4478-64f4-4720-983c-9a2102f3c94b: shutdown FollowerState
2019-10-17 07:38:13,846 [grpc-default-executor-5] INFO  impl.RoleInfo (RoleInfo.java:updateAndGet(143)) - 920a4478-64f4-4720-983c-9a2102f3c94b: start FollowerState
2019-10-17 07:38:13,846 [Thread-530] INFO  impl.FollowerState (FollowerState.java:run(117)) - 920a4478-64f4-4720-983c-9a2102f3c94b@group-9DC5606B5DE8-FollowerState was interrupted: java.lang.InterruptedException: sleep interrupted
2019-10-17 07:38:13,859 [05f59524-a4ea-4be4-b99d-fb9eed47142d@group-9DC5606B5DE8-LeaderElection35] INFO  impl.LeaderElection (LeaderElection.java:logAndReturn(56)) - 05f59524-a4ea-4be4-b99d-fb9eed47142d@group-9DC5606B5DE8-LeaderElection35: Election TIMEOUT; received 0 response(s) [] and 0 exception(s); 05f59524-a4ea-4be4-b99d-fb9eed47142d@group-9DC5606B5DE8:t17, leader=null, voted=05f59524-a4ea-4be4-b99d-fb9eed47142d, raftlog=05f59524-a4ea-4be4-b99d-fb9eed47142d@group-9DC5606B5DE8-SegmentedRaftLog:OPENED:c-1,f-1,i0, conf=-1: [05f59524-a4ea-4be4-b99d-fb9eed47142d:192.168.34.62:45919, 4b035f45-7941-40c3-ba2d-1cbecd2d369e:192.168.34.62:45443, 920a4478-64f4-4720-983c-9a2102f3c94b:192.168.34.62:38609], old=null
2019-10-17 07:38:13,967 [05f59524-a4ea-4be4-b99d-fb9eed47142d@group-9DC5606B5DE8-LeaderElection35] INFO  impl.LeaderElection (LeaderElection.java:askForVotes(178)) - 05f59524-a4ea-4be4-b99d-fb9eed47142d@group-9DC5606B5DE8-LeaderElection35: begin an election at term 18 for -1: [05f59524-a4ea-4be4-b99d-fb9eed47142d:192.168.34.62:45919, 4b035f45-7941-40c3-ba2d-1cbecd2d369e:192.168.34.62:45443, 920a4478-64f4-4720-983c-9a2102f3c94b:192.168.34.62:38609], old=null
2019-10-17 07:38:13,971 [grpc-default-executor-6] INFO  impl.RaftServerImpl (RaftServerImpl.java:setRole(184)) - 920a4478-64f4-4720-983c-9a2102f3c94b@group-9DC5606B5DE8: changes role from  FOLLOWER to FOLLOWER at term 18 for recognizeCandidate:05f59524-a4ea-4be4-b99d-fb9eed47142d
2019-10-17 07:38:13,971 [grpc-default-executor-5] INFO  impl.RaftServerImpl (RaftServerImpl.java:setRole(184)) - 4b035f45-7941-40c3-ba2d-1cbecd2d369e@group-9DC5606B5DE8: changes role from  FOLLOWER to FOLLOWER at term 18 for recognizeCandidate:05f59524-a4ea-4be4-b99d-fb9eed47142d
2019-10-17 07:38:13,971 [grpc-default-executor-6] INFO  impl.RoleInfo (RoleInfo.java:shutdownFollowerState(121)) - 920a4478-64f4-4720-983c-9a2102f3c94b: shutdown FollowerState
2019-10-17 07:38:13,972 [grpc-default-executor-5] INFO  impl.RoleInfo (RoleInfo.java:shutdownFollowerState(121)) - 4b035f45-7941-40c3-ba2d-1cbecd2d369e: shutdown FollowerState
2019-10-17 07:38:13,972 [Thread-535] INFO  impl.FollowerState (FollowerState.java:run(117)) - 920a4478-64f4-4720-983c-9a2102f3c94b@group-9DC5606B5DE8-FollowerState was interrupted: java.lang.InterruptedException: sleep interrupted
2019-10-17 07:38:13,972 [Thread-534] INFO  impl.FollowerState (FollowerState.java:run(117)) - 4b035f45-7941-40c3-ba2d-1cbecd2d369e@group-9DC5606B5DE8-FollowerState was interrupted: java.lang.InterruptedException: sleep interrupted
2019-10-17 07:38:13,972 [grpc-default-executor-6] INFO  impl.RoleInfo (RoleInfo.java:updateAndGet(143)) - 920a4478-64f4-4720-983c-9a2102f3c94b: start FollowerState
2019-10-17 07:38:13,972 [grpc-default-executor-5] INFO  impl.RoleInfo (RoleInfo.java:updateAndGet(143)) - 4b035f45-7941-40c3-ba2d-1cbecd2d369e: start FollowerState
2019-10-17 07:38:14,003 [05f59524-a4ea-4be4-b99d-fb9eed47142d@group-9DC5606B5DE8-LeaderElection35] INFO  impl.LeaderElection (LeaderElection.java:logAndReturn(56)) - 05f59524-a4ea-4be4-b99d-fb9eed47142d@group-9DC5606B5DE8-LeaderElection35: Election TIMEOUT; received 0 response(s) [] and 0 exception(s); 05f59524-a4ea-4be4-b99d-fb9eed47142d@group-9DC5606B5DE8:t18, leader=null, voted=05f59524-a4ea-4be4-b99d-fb9eed47142d, raftlog=05f59524-a4ea-4be4-b99d-fb9eed47142d@group-9DC5606B5DE8-SegmentedRaftLog:OPENED:c-1,f-1,i0, conf=-1: [05f59524-a4ea-4be4-b99d-fb9eed47142d:192.168.34.62:45919, 4b035f45-7941-40c3-ba2d-1cbecd2d369e:192.168.34.62:45443, 920a4478-64f4-4720-983c-9a2102f3c94b:192.168.34.62:38609], old=null
2019-10-17 07:38:14,044 [05f59524-a4ea-4be4-b99d-fb9eed47142d@group-9DC5606B5DE8-LeaderElection35] INFO  impl.LeaderElection (LeaderElection.java:askForVotes(178)) - 05f59524-a4ea-4be4-b99d-fb9eed47142d@group-9DC5606B5DE8-LeaderElection35: begin an election at term 19 for -1: [05f59524-a4ea-4be4-b99d-fb9eed47142d:192.168.34.62:45919, 4b035f45-7941-40c3-ba2d-1cbecd2d369e:192.168.34.62:45443, 920a4478-64f4-4720-983c-9a2102f3c94b:192.168.34.62:38609], old=null
2019-10-17 07:38:14,046 [05f59524-a4ea-4be4-b99d-fb9eed47142d@group-9DC5606B5DE8-LeaderElection35] INFO  impl.LeaderElection (LeaderElection.java:logAndReturn(56)) - 05f59524-a4ea-4be4-b99d-fb9eed47142d@group-9DC5606B5DE8-LeaderElection35: Election TIMEOUT; received 0 response(s) [] and 0 exception(s); 05f59524-a4ea-4be4-b99d-fb9eed47142d@group-9DC5606B5DE8:t19, leader=null, voted=05f59524-a4ea-4be4-b99d-fb9eed47142d, raftlog=05f59524-a4ea-4be4-b99d-fb9eed47142d@group-9DC5606B5DE8-SegmentedRaftLog:OPENED:c-1,f-1,i0, conf=-1: [05f59524-a4ea-4be4-b99d-fb9eed47142d:192.168.34.62:45919, 4b035f45-7941-40c3-ba2d-1cbecd2d369e:192.168.34.62:45443, 920a4478-64f4-4720-983c-9a2102f3c94b:192.168.34.62:38609], old=null
2019-10-17 07:38:14,050 [grpc-default-executor-6] INFO  impl.RaftServerImpl (RaftServerImpl.java:setRole(184)) - 4b035f45-7941-40c3-ba2d-1cbecd2d369e@group-9DC5606B5DE8: changes role from  FOLLOWER to FOLLOWER at term 19 for recognizeCandidate:05f59524-a4ea-4be4-b99d-fb9eed47142d
2019-10-17 07:38:14,050 [grpc-default-executor-5] INFO  impl.RaftServerImpl (RaftServerImpl.java:setRole(184)) - 920a4478-64f4-4720-983c-9a2102f3c94b@group-9DC5606B5DE8: changes role from  FOLLOWER to FOLLOWER at term 19 for recognizeCandidate:05f59524-a4ea-4be4-b99d-fb9eed47142d
2019-10-17 07:38:14,050 [grpc-default-executor-6] INFO  impl.RoleInfo (RoleInfo.java:shutdownFollowerState(121)) - 4b035f45-7941-40c3-ba2d-1cbecd2d369e: shutdown FollowerState
2019-10-17 07:38:14,050 [grpc-default-executor-5] INFO  impl.RoleInfo (RoleInfo.java:shutdownFollowerState(121)) - 920a4478-64f4-4720-983c-9a2102f3c94b: shutdown FollowerState
2019-10-17 07:38:14,050 [Thread-539] INFO  impl.FollowerState (FollowerState.java:run(117)) - 4b035f45-7941-40c3-ba2d-1cbecd2d369e@group-9DC5606B5DE8-FollowerState was interrupted: java.lang.InterruptedException: sleep interrupted
2019-10-17 07:38:14,050 [grpc-default-executor-6] INFO  impl.RoleInfo (RoleInfo.java:updateAndGet(143)) - 4b035f45-7941-40c3-ba2d-1cbecd2d369e: start FollowerState
2019-10-17 07:38:14,051 [Thread-538] INFO  impl.FollowerState (FollowerState.java:run(117)) - 920a4478-64f4-4720-983c-9a2102f3c94b@group-9DC5606B5DE8-FollowerState was interrupted: java.lang.InterruptedException: sleep interrupted
2019-10-17 07:38:14,051 [grpc-default-executor-5] INFO  impl.RoleInfo (RoleInfo.java:updateAndGet(143)) - 920a4478-64f4-4720-983c-9a2102f3c94b: start FollowerState
2019-10-17 07:38:14,072 [05f59524-a4ea-4be4-b99d-fb9eed47142d@group-9DC5606B5DE8-LeaderElection35] INFO  impl.LeaderElection (LeaderElection.java:askForVotes(178)) - 05f59524-a4ea-4be4-b99d-fb9eed47142d@group-9DC5606B5DE8-LeaderElection35: begin an election at term 20 for -1: [05f59524-a4ea-4be4-b99d-fb9eed47142d:192.168.34.62:45919, 4b035f45-7941-40c3-ba2d-1cbecd2d369e:192.168.34.62:45443, 920a4478-64f4-4720-983c-9a2102f3c94b:192.168.34.62:38609], old=null
2019-10-17 07:38:14,074 [grpc-default-executor-5] INFO  impl.RaftServerImpl (RaftServerImpl.java:setRole(184)) - 920a4478-64f4-4720-983c-9a2102f3c94b@group-9DC5606B5DE8: changes role from  FOLLOWER to FOLLOWER at term 20 for recognizeCandidate:05f59524-a4ea-4be4-b99d-fb9eed47142d
2019-10-17 07:38:14,075 [grpc-default-executor-6] INFO  impl.RaftServerImpl (RaftServerImpl.java:setRole(184)) - 4b035f45-7941-40c3-ba2d-1cbecd2d369e@group-9DC5606B5DE8: changes role from  FOLLOWER to FOLLOWER at term 20 for recognizeCandidate:05f59524-a4ea-4be4-b99d-fb9eed47142d
2019-10-17 07:38:14,075 [grpc-default-executor-5] INFO  impl.RoleInfo (RoleInfo.java:shutdownFollowerState(121)) - 920a4478-64f4-4720-983c-9a2102f3c94b: shutdown FollowerState
2019-10-17 07:38:14,075 [grpc-default-executor-6] INFO  impl.RoleInfo (RoleInfo.java:shutdownFollowerState(121)) - 4b035f45-7941-40c3-ba2d-1cbecd2d369e: shutdown FollowerState
2019-10-17 07:38:14,075 [Thread-543] INFO  impl.FollowerState (FollowerState.java:run(117)) - 920a4478-64f4-4720-983c-9a2102f3c94b@group-9DC5606B5DE8-FollowerState was interrupted: java.lang.InterruptedException: sleep interrupted
2019-10-17 07:38:14,075 [grpc-default-executor-5] INFO  impl.RoleInfo (RoleInfo.java:updateAndGet(143)) - 920a4478-64f4-4720-983c-9a2102f3c94b: start FollowerState
2019-10-17 07:38:14,075 [Thread-542] INFO  impl.FollowerState (FollowerState.java:run(117)) - 4b035f45-7941-40c3-ba2d-1cbecd2d369e@group-9DC5606B5DE8-FollowerState was interrupted: java.lang.InterruptedException: sleep interrupted
2019-10-17 07:38:14,075 [grpc-default-executor-6] INFO  impl.RoleInfo (RoleInfo.java:updateAndGet(143)) - 4b035f45-7941-40c3-ba2d-1cbecd2d369e: start FollowerState
2019-10-17 07:38:14,120 [05f59524-a4ea-4be4-b99d-fb9eed47142d@group-9DC5606B5DE8-LeaderElection35] INFO  impl.LeaderElection (LeaderElection.java:logAndReturn(56)) - 05f59524-a4ea-4be4-b99d-fb9eed47142d@group-9DC5606B5DE8-LeaderElection35: Election REJECTED; received 2 response(s) [05f59524-a4ea-4be4-b99d-fb9eed47142d<-4b035f45-7941-40c3-ba2d-1cbecd2d369e#0:FAIL-t20, 05f59524-a4ea-4be4-b99d-fb9eed47142d<-920a4478-64f4-4720-983c-9a2102f3c94b#0:FAIL-t20] and 0 exception(s); 05f59524-a4ea-4be4-b99d-fb9eed47142d@group-9DC5606B5DE8:t20, leader=null, voted=05f59524-a4ea-4be4-b99d-fb9eed47142d, raftlog=05f59524-a4ea-4be4-b99d-fb9eed47142d@group-9DC5606B5DE8-SegmentedRaftLog:OPENED:c-1,f-1,i0, conf=-1: [05f59524-a4ea-4be4-b99d-fb9eed47142d:192.168.34.62:45919, 4b035f45-7941-40c3-ba2d-1cbecd2d369e:192.168.34.62:45443, 920a4478-64f4-4720-983c-9a2102f3c94b:192.168.34.62:38609], old=null
2019-10-17 07:38:14,122 [05f59524-a4ea-4be4-b99d-fb9eed47142d@group-9DC5606B5DE8-LeaderElection35] INFO  impl.RaftServerImpl (RaftServerImpl.java:setRole(184)) - 05f59524-a4ea-4be4-b99d-fb9eed47142d@group-9DC5606B5DE8: changes role from CANDIDATE to FOLLOWER at term 20 for DISCOVERED_A_NEW_TERM
2019-10-17 07:38:14,122 [05f59524-a4ea-4be4-b99d-fb9eed47142d@group-9DC5606B5DE8-LeaderElection35] INFO  impl.RoleInfo (RoleInfo.java:shutdownLeaderElection(134)) - 05f59524-a4ea-4be4-b99d-fb9eed47142d: shutdown LeaderElection
2019-10-17 07:38:14,123 [05f59524-a4ea-4be4-b99d-fb9eed47142d@group-9DC5606B5DE8-LeaderElection35] INFO  impl.RoleInfo (RoleInfo.java:updateAndGet(143)) - 05f59524-a4ea-4be4-b99d-fb9eed47142d: start FollowerState
2019-10-17 07:38:14,169 [Thread-548] INFO  impl.FollowerState (FollowerState.java:run(108)) - 05f59524-a4ea-4be4-b99d-fb9eed47142d@group-9DC5606B5DE8-FollowerState: change to CANDIDATE, lastRpcTime:45ms, electionTimeout:45ms
2019-10-17 07:38:14,169 [Thread-548] INFO  impl.RoleInfo (RoleInfo.java:shutdownFollowerState(121)) - 05f59524-a4ea-4be4-b99d-fb9eed47142d: shutdown FollowerState
2019-10-17 07:38:14,169 [Thread-548] INFO  impl.RaftServerImpl (RaftServerImpl.java:setRole(184)) - 05f59524-a4ea-4be4-b99d-fb9eed47142d@group-9DC5606B5DE8: changes role from  FOLLOWER to CANDIDATE at term 20 for changeToCandidate
2019-10-17 07:38:14,169 [Thread-548] INFO  impl.RoleInfo (RoleInfo.java:updateAndGet(143)) - 05f59524-a4ea-4be4-b99d-fb9eed47142d: start LeaderElection
2019-10-17 07:38:14,202 [05f59524-a4ea-4be4-b99d-fb9eed47142d@group-9DC5606B5DE8-LeaderElection36] INFO  impl.LeaderElection (LeaderElection.java:askForVotes(178)) - 05f59524-a4ea-4be4-b99d-fb9eed47142d@group-9DC5606B5DE8-LeaderElection36: begin an election at term 21 for -1: [05f59524-a4ea-4be4-b99d-fb9eed47142d:192.168.34.62:45919, 4b035f45-7941-40c3-ba2d-1cbecd2d369e:192.168.34.62:45443, 920a4478-64f4-4720-983c-9a2102f3c94b:192.168.34.62:38609], old=null
2019-10-17 07:38:14,208 [grpc-default-executor-5] INFO  impl.RaftServerImpl (RaftServerImpl.java:setRole(184)) - 4b035f45-7941-40c3-ba2d-1cbecd2d369e@group-9DC5606B5DE8: changes role from  FOLLOWER to FOLLOWER at term 21 for recognizeCandidate:05f59524-a4ea-4be4-b99d-fb9eed47142d
2019-10-17 07:38:14,209 [grpc-default-executor-6] INFO  impl.RaftServerImpl (RaftServerImpl.java:setRole(184)) - 920a4478-64f4-4720-983c-9a2102f3c94b@group-9DC5606B5DE8: changes role from  FOLLOWER to FOLLOWER at term 21 for recognizeCandidate:05f59524-a4ea-4be4-b99d-fb9eed47142d
2019-10-17 07:38:14,209 [grpc-default-executor-5] INFO  impl.RoleInfo (RoleInfo.java:shutdownFollowerState(121)) - 4b035f45-7941-40c3-ba2d-1cbecd2d369e: shutdown FollowerState
2019-10-17 07:38:14,209 [grpc-default-executor-6] INFO  impl.RoleInfo (RoleInfo.java:shutdownFollowerState(121)) - 920a4478-64f4-4720-983c-9a2102f3c94b: shutdown FollowerState
2019-10-17 07:38:14,210 [Thread-547] INFO  impl.FollowerState (FollowerState.java:run(117)) - 4b035f45-7941-40c3-ba2d-1cbecd2d369e@group-9DC5606B5DE8-FollowerState was interrupted: java.lang.InterruptedException: sleep interrupted
2019-10-17 07:38:14,210 [grpc-default-executor-6] INFO  impl.RoleInfo (RoleInfo.java:updateAndGet(143)) - 920a4478-64f4-4720-983c-9a2102f3c94b: start FollowerState
2019-10-17 07:38:14,210 [grpc-default-executor-5] INFO  impl.RoleInfo (RoleInfo.java:updateAndGet(143)) - 4b035f45-7941-40c3-ba2d-1cbecd2d369e: start FollowerState
2019-10-17 07:38:14,210 [Thread-546] INFO  impl.FollowerState (FollowerState.java:run(117)) - 920a4478-64f4-4720-983c-9a2102f3c94b@group-9DC5606B5DE8-FollowerState was interrupted: java.lang.InterruptedException: sleep interrupted
2019-10-17 07:38:14,243 [05f59524-a4ea-4be4-b99d-fb9eed47142d@group-9DC5606B5DE8-LeaderElection36] INFO  impl.LeaderElection (LeaderElection.java:logAndReturn(56)) - 05f59524-a4ea-4be4-b99d-fb9eed47142d@group-9DC5606B5DE8-LeaderElection36: Election TIMEOUT; received 0 response(s) [] and 0 exception(s); 05f59524-a4ea-4be4-b99d-fb9eed47142d@group-9DC5606B5DE8:t21, leader=null, voted=05f59524-a4ea-4be4-b99d-fb9eed47142d, raftlog=05f59524-a4ea-4be4-b99d-fb9eed47142d@group-9DC5606B5DE8-SegmentedRaftLog:OPENED:c-1,f-1,i0, conf=-1: [05f59524-a4ea-4be4-b99d-fb9eed47142d:192.168.34.62:45919, 4b035f45-7941-40c3-ba2d-1cbecd2d369e:192.168.34.62:45443, 920a4478-64f4-4720-983c-9a2102f3c94b:192.168.34.62:38609], old=null
2019-10-17 07:38:14,296 [05f59524-a4ea-4be4-b99d-fb9eed47142d@group-9DC5606B5DE8-LeaderElection36] INFO  impl.LeaderElection (LeaderElection.java:askForVotes(178)) - 05f59524-a4ea-4be4-b99d-fb9eed47142d@group-9DC5606B5DE8-LeaderElection36: begin an election at term 22 for -1: [05f59524-a4ea-4be4-b99d-fb9eed47142d:192.168.34.62:45919, 4b035f45-7941-40c3-ba2d-1cbecd2d369e:192.168.34.62:45443, 920a4478-64f4-4720-983c-9a2102f3c94b:192.168.34.62:38609], old=null
2019-10-17 07:38:14,300 [grpc-default-executor-6] INFO  impl.RaftServerImpl (RaftServerImpl.java:setRole(184)) - 4b035f45-7941-40c3-ba2d-1cbecd2d369e@group-9DC5606B5DE8: changes role from  FOLLOWER to FOLLOWER at term 22 for recognizeCandidate:05f59524-a4ea-4be4-b99d-fb9eed47142d
2019-10-17 07:38:14,300 [grpc-default-executor-6] INFO  impl.RoleInfo (RoleInfo.java:shutdownFollowerState(121)) - 4b035f45-7941-40c3-ba2d-1cbecd2d369e: shutdown FollowerState
2019-10-17 07:38:14,300 [grpc-default-executor-6] INFO  impl.RoleInfo (RoleInfo.java:updateAndGet(143)) - 4b035f45-7941-40c3-ba2d-1cbecd2d369e: start FollowerState
2019-10-17 07:38:14,300 [Thread-552] INFO  impl.FollowerState (FollowerState.java:run(117)) - 4b035f45-7941-40c3-ba2d-1cbecd2d369e@group-9DC5606B5DE8-FollowerState was interrupted: java.lang.InterruptedException: sleep interrupted
2019-10-17 07:38:14,300 [grpc-default-executor-5] INFO  impl.RaftServerImpl (RaftServerImpl.java:setRole(184)) - 920a4478-64f4-4720-983c-9a2102f3c94b@group-9DC5606B5DE8: changes role from  FOLLOWER to FOLLOWER at term 22 for recognizeCandidate:05f59524-a4ea-4be4-b99d-fb9eed47142d
2019-10-17 07:38:14,301 [grpc-default-executor-5] INFO  impl.RoleInfo (RoleInfo.java:shutdownFollowerState(121)) - 920a4478-64f4-4720-983c-9a2102f3c94b: shutdown FollowerState
2019-10-17 07:38:14,301 [grpc-default-executor-5] INFO  impl.RoleInfo (RoleInfo.java:updateAndGet(143)) - 920a4478-64f4-4720-983c-9a2102f3c94b: start FollowerState
2019-10-17 07:38:14,301 [Thread-553] INFO  impl.FollowerState (FollowerState.java:run(117)) - 920a4478-64f4-4720-983c-9a2102f3c94b@group-9DC5606B5DE8-FollowerState was interrupted: java.lang.InterruptedException: sleep interrupted
2019-10-17 07:38:14,341 [05f59524-a4ea-4be4-b99d-fb9eed47142d@group-9DC5606B5DE8-LeaderElection36] INFO  impl.LeaderElection (LeaderElection.java:logAndReturn(56)) - 05f59524-a4ea-4be4-b99d-fb9eed47142d@group-9DC5606B5DE8-LeaderElection36: Election REJECTED; received 2 response(s) [05f59524-a4ea-4be4-b99d-fb9eed47142d<-4b035f45-7941-40c3-ba2d-1cbecd2d369e#0:FAIL-t22, 05f59524-a4ea-4be4-b99d-fb9eed47142d<-920a4478-64f4-4720-983c-9a2102f3c94b#0:FAIL-t22] and 0 exception(s); 05f59524-a4ea-4be4-b99d-fb9eed47142d@group-9DC5606B5DE8:t22, leader=null, voted=05f59524-a4ea-4be4-b99d-fb9eed47142d, raftlog=05f59524-a4ea-4be4-b99d-fb9eed47142d@group-9DC5606B5DE8-SegmentedRaftLog:OPENED:c-1,f-1,i0, conf=-1: [05f59524-a4ea-4be4-b99d-fb9eed47142d:192.168.34.62:45919, 4b035f45-7941-40c3-ba2d-1cbecd2d369e:192.168.34.62:45443, 920a4478-64f4-4720-983c-9a2102f3c94b:192.168.34.62:38609], old=null
2019-10-17 07:38:14,341 [05f59524-a4ea-4be4-b99d-fb9eed47142d@group-9DC5606B5DE8-LeaderElection36] INFO  impl.RaftServerImpl (RaftServerImpl.java:setRole(184)) - 05f59524-a4ea-4be4-b99d-fb9eed47142d@group-9DC5606B5DE8: changes role from CANDIDATE to FOLLOWER at term 22 for DISCOVERED_A_NEW_TERM
2019-10-17 07:38:14,342 [05f59524-a4ea-4be4-b99d-fb9eed47142d@group-9DC5606B5DE8-LeaderElection36] INFO  impl.RoleInfo (RoleInfo.java:shutdownLeaderElection(134)) - 05f59524-a4ea-4be4-b99d-fb9eed47142d: shutdown LeaderElection
2019-10-17 07:38:14,342 [05f59524-a4ea-4be4-b99d-fb9eed47142d@group-9DC5606B5DE8-LeaderElection36] INFO  impl.RoleInfo (RoleInfo.java:updateAndGet(143)) - 05f59524-a4ea-4be4-b99d-fb9eed47142d: start FollowerState
2019-10-17 07:38:14,531 [Thread-558] INFO  impl.FollowerState (FollowerState.java:run(108)) - 05f59524-a4ea-4be4-b99d-fb9eed47142d@group-9DC5606B5DE8-FollowerState: change to CANDIDATE, lastRpcTime:189ms, electionTimeout:189ms
2019-10-17 07:38:14,532 [Thread-558] INFO  impl.RoleInfo (RoleInfo.java:shutdownFollowerState(121)) - 05f59524-a4ea-4be4-b99d-fb9eed47142d: shutdown FollowerState
2019-10-17 07:38:14,532 [Thread-558] INFO  impl.RaftServerImpl (RaftServerImpl.java:setRole(184)) - 05f59524-a4ea-4be4-b99d-fb9eed47142d@group-9DC5606B5DE8: changes role from  FOLLOWER to CANDIDATE at term 22 for changeToCandidate
2019-10-17 07:38:14,532 [Thread-558] INFO  impl.RoleInfo (RoleInfo.java:updateAndGet(143)) - 05f59524-a4ea-4be4-b99d-fb9eed47142d: start LeaderElection
2019-10-17 07:38:14,611 [05f59524-a4ea-4be4-b99d-fb9eed47142d@group-9DC5606B5DE8-LeaderElection37] INFO  impl.LeaderElection (LeaderElection.java:askForVotes(178)) - 05f59524-a4ea-4be4-b99d-fb9eed47142d@group-9DC5606B5DE8-LeaderElection37: begin an election at term 23 for -1: [05f59524-a4ea-4be4-b99d-fb9eed47142d:192.168.34.62:45919, 4b035f45-7941-40c3-ba2d-1cbecd2d369e:192.168.34.62:45443, 920a4478-64f4-4720-983c-9a2102f3c94b:192.168.34.62:38609], old=null
2019-10-17 07:38:14,615 [grpc-default-executor-6] INFO  impl.RaftServerImpl (RaftServerImpl.java:setRole(184)) - 4b035f45-7941-40c3-ba2d-1cbecd2d369e@group-9DC5606B5DE8: changes role from  FOLLOWER to FOLLOWER at term 23 for recognizeCandidate:05f59524-a4ea-4be4-b99d-fb9eed47142d
2019-10-17 07:38:14,616 [grpc-default-executor-6] INFO  impl.RoleInfo (RoleInfo.java:shutdownFollowerState(121)) - 4b035f45-7941-40c3-ba2d-1cbecd2d369e: shutdown FollowerState
2019-10-17 07:38:14,616 [grpc-default-executor-5] INFO  impl.RaftServerImpl (RaftServerImpl.java:setRole(184)) - 920a4478-64f4-4720-983c-9a2102f3c94b@group-9DC5606B5DE8: changes role from  FOLLOWER to FOLLOWER at term 23 for recognizeCandidate:05f59524-a4ea-4be4-b99d-fb9eed47142d
2019-10-17 07:38:14,616 [Thread-556] INFO  impl.FollowerState (FollowerState.java:run(117)) - 4b035f45-7941-40c3-ba2d-1cbecd2d369e@group-9DC5606B5DE8-FollowerState was interrupted: java.lang.InterruptedException: sleep interrupted
2019-10-17 07:38:14,616 [grpc-default-executor-6] INFO  impl.RoleInfo (RoleInfo.java:updateAndGet(143)) - 4b035f45-7941-40c3-ba2d-1cbecd2d369e: start FollowerState
2019-10-17 07:38:14,616 [grpc-default-executor-5] INFO  impl.RoleInfo (RoleInfo.java:shutdownFollowerState(121)) - 920a4478-64f4-4720-983c-9a2102f3c94b: shutdown FollowerState
2019-10-17 07:38:14,617 [grpc-default-executor-5] INFO  impl.RoleInfo (RoleInfo.java:updateAndGet(143)) - 920a4478-64f4-4720-983c-9a2102f3c94b: start FollowerState
2019-10-17 07:38:14,617 [Thread-557] INFO  impl.FollowerState (FollowerState.java:run(117)) - 920a4478-64f4-4720-983c-9a2102f3c94b@group-9DC5606B5DE8-FollowerState was interrupted: java.lang.InterruptedException: sleep interrupted
2019-10-17 07:38:14,622 [05f59524-a4ea-4be4-b99d-fb9eed47142d@group-9DC5606B5DE8-LeaderElection37] INFO  impl.LeaderElection (LeaderElection.java:logAndReturn(56)) - 05f59524-a4ea-4be4-b99d-fb9eed47142d@group-9DC5606B5DE8-LeaderElection37: Election TIMEOUT; received 0 response(s) [] and 0 exception(s); 05f59524-a4ea-4be4-b99d-fb9eed47142d@group-9DC5606B5DE8:t23, leader=null, voted=05f59524-a4ea-4be4-b99d-fb9eed47142d, raftlog=05f59524-a4ea-4be4-b99d-fb9eed47142d@group-9DC5606B5DE8-SegmentedRaftLog:OPENED:c-1,f-1,i0, conf=-1: [05f59524-a4ea-4be4-b99d-fb9eed47142d:192.168.34.62:45919, 4b035f45-7941-40c3-ba2d-1cbecd2d369e:192.168.34.62:45443, 920a4478-64f4-4720-983c-9a2102f3c94b:192.168.34.62:38609], old=null
2019-10-17 07:38:14,668 [05f59524-a4ea-4be4-b99d-fb9eed47142d@group-9DC5606B5DE8-LeaderElection37] INFO  impl.LeaderElection (LeaderElection.java:askForVotes(178)) - 05f59524-a4ea-4be4-b99d-fb9eed47142d@group-9DC5606B5DE8-LeaderElection37: begin an election at term 24 for -1: [05f59524-a4ea-4be4-b99d-fb9eed47142d:192.168.34.62:45919, 4b035f45-7941-40c3-ba2d-1cbecd2d369e:192.168.34.62:45443, 920a4478-64f4-4720-983c-9a2102f3c94b:192.168.34.62:38609], old=null
2019-10-17 07:38:14,673 [grpc-default-executor-6] INFO  impl.RaftServerImpl (RaftServerImpl.java:setRole(184)) - 920a4478-64f4-4720-983c-9a2102f3c94b@group-9DC5606B5DE8: changes role from  FOLLOWER to FOLLOWER at term 24 for recognizeCandidate:05f59524-a4ea-4be4-b99d-fb9eed47142d
2019-10-17 07:38:14,674 [grpc-default-executor-6] INFO  impl.RoleInfo (RoleInfo.java:shutdownFollowerState(121)) - 920a4478-64f4-4720-983c-9a2102f3c94b: shutdown FollowerState
2019-10-17 07:38:14,674 [grpc-default-executor-5] INFO  impl.RaftServerImpl (RaftServerImpl.java:setRole(184)) - 4b035f45-7941-40c3-ba2d-1cbecd2d369e@group-9DC5606B5DE8: changes role from  FOLLOWER to FOLLOWER at term 24 for recognizeCandidate:05f59524-a4ea-4be4-b99d-fb9eed47142d
2019-10-17 07:38:14,674 [Thread-563] INFO  impl.FollowerState (FollowerState.java:run(117)) - 920a4478-64f4-4720-983c-9a2102f3c94b@group-9DC5606B5DE8-FollowerState was interrupted: java.lang.InterruptedException: sleep interrupted
2019-10-17 07:38:14,674 [grpc-default-executor-5] INFO  impl.RoleInfo (RoleInfo.java:shutdownFollowerState(121)) - 4b035f45-7941-40c3-ba2d-1cbecd2d369e: shutdown FollowerState
2019-10-17 07:38:14,674 [grpc-default-executor-6] INFO  impl.RoleInfo (RoleInfo.java:updateAndGet(143)) - 920a4478-64f4-4720-983c-9a2102f3c94b: start FollowerState
2019-10-17 07:38:14,674 [Thread-562] INFO  impl.FollowerState (FollowerState.java:run(117)) - 4b035f45-7941-40c3-ba2d-1cbecd2d369e@group-9DC5606B5DE8-FollowerState was interrupted: java.lang.InterruptedException: sleep interrupted
2019-10-17 07:38:14,674 [grpc-default-executor-5] INFO  impl.RoleInfo (RoleInfo.java:updateAndGet(143)) - 4b035f45-7941-40c3-ba2d-1cbecd2d369e: start FollowerState
2019-10-17 07:38:14,714 [05f59524-a4ea-4be4-b99d-fb9eed47142d@group-9DC5606B5DE8-LeaderElection37] INFO  impl.LeaderElection (LeaderElection.java:logAndReturn(56)) - 05f59524-a4ea-4be4-b99d-fb9eed47142d@group-9DC5606B5DE8-LeaderElection37: Election REJECTED; received 2 response(s) [05f59524-a4ea-4be4-b99d-fb9eed47142d<-4b035f45-7941-40c3-ba2d-1cbecd2d369e#0:FAIL-t24, 05f59524-a4ea-4be4-b99d-fb9eed47142d<-920a4478-64f4-4720-983c-9a2102f3c94b#0:FAIL-t24] and 0 exception(s); 05f59524-a4ea-4be4-b99d-fb9eed47142d@group-9DC5606B5DE8:t24, leader=null, voted=05f59524-a4ea-4be4-b99d-fb9eed47142d, raftlog=05f59524-a4ea-4be4-b99d-fb9eed47142d@group-9DC5606B5DE8-SegmentedRaftLog:OPENED:c-1,f-1,i0, conf=-1: [05f59524-a4ea-4be4-b99d-fb9eed47142d:192.168.34.62:45919, 4b035f45-7941-40c3-ba2d-1cbecd2d369e:192.168.34.62:45443, 920a4478-64f4-4720-983c-9a2102f3c94b:192.168.34.62:38609], old=null
2019-10-17 07:38:14,714 [05f59524-a4ea-4be4-b99d-fb9eed47142d@group-9DC5606B5DE8-LeaderElection37] INFO  impl.RaftServerImpl (RaftServerImpl.java:setRole(184)) - 05f59524-a4ea-4be4-b99d-fb9eed47142d@group-9DC5606B5DE8: changes role from CANDIDATE to FOLLOWER at term 24 for DISCOVERED_A_NEW_TERM
2019-10-17 07:38:14,714 [05f59524-a4ea-4be4-b99d-fb9eed47142d@group-9DC5606B5DE8-LeaderElection37] INFO  impl.RoleInfo (RoleInfo.java:shutdownLeaderElection(134)) - 05f59524-a4ea-4be4-b99d-fb9eed47142d: shutdown LeaderElection
2019-10-17 07:38:14,715 [05f59524-a4ea-4be4-b99d-fb9eed47142d@group-9DC5606B5DE8-LeaderElection37] INFO  impl.RoleInfo (RoleInfo.java:updateAndGet(143)) - 05f59524-a4ea-4be4-b99d-fb9eed47142d: start FollowerState
2019-10-17 07:38:14,912 [Thread-570] INFO  impl.FollowerState (FollowerState.java:run(108)) - 05f59524-a4ea-4be4-b99d-fb9eed47142d@group-9DC5606B5DE8-FollowerState: change to CANDIDATE, lastRpcTime:197ms, electionTimeout:197ms
2019-10-17 07:38:14,912 [Thread-570] INFO  impl.RoleInfo (RoleInfo.java:shutdownFollowerState(121)) - 05f59524-a4ea-4be4-b99d-fb9eed47142d: shutdown FollowerState
2019-10-17 07:38:14,913 [Thread-570] INFO  impl.RaftServerImpl (RaftServerImpl.java:setRole(184)) - 05f59524-a4ea-4be4-b99d-fb9eed47142d@group-9DC5606B5DE8: changes role from  FOLLOWER to CANDIDATE at term 24 for changeToCandidate
2019-10-17 07:38:14,913 [Thread-570] INFO  impl.RoleInfo (RoleInfo.java:updateAndGet(143)) - 05f59524-a4ea-4be4-b99d-fb9eed47142d: start LeaderElection
2019-10-17 07:38:14,966 [05f59524-a4ea-4be4-b99d-fb9eed47142d@group-9DC5606B5DE8-LeaderElection38] INFO  impl.LeaderElection (LeaderElection.java:askForVotes(178)) - 05f59524-a4ea-4be4-b99d-fb9eed47142d@group-9DC5606B5DE8-LeaderElection38: begin an election at term 25 for -1: [05f59524-a4ea-4be4-b99d-fb9eed47142d:192.168.34.62:45919, 4b035f45-7941-40c3-ba2d-1cbecd2d369e:192.168.34.62:45443, 920a4478-64f4-4720-983c-9a2102f3c94b:192.168.34.62:38609], old=null
2019-10-17 07:38:14,970 [grpc-default-executor-6] INFO  impl.RaftServerImpl (RaftServerImpl.java:setRole(184)) - 4b035f45-7941-40c3-ba2d-1cbecd2d369e@group-9DC5606B5DE8: changes role from  FOLLOWER to FOLLOWER at term 25 for recognizeCandidate:05f59524-a4ea-4be4-b99d-fb9eed47142d
2019-10-17 07:38:14,970 [grpc-default-executor-6] INFO  impl.RoleInfo (RoleInfo.java:shutdownFollowerState(121)) - 4b035f45-7941-40c3-ba2d-1cbecd2d369e: shutdown FollowerState
2019-10-17 07:38:14,970 [grpc-default-executor-6] INFO  impl.RoleInfo (RoleInfo.java:updateAndGet(143)) - 4b035f45-7941-40c3-ba2d-1cbecd2d369e: start FollowerState
2019-10-17 07:38:14,971 [Thread-567] INFO  impl.FollowerState (FollowerState.java:run(117)) - 4b035f45-7941-40c3-ba2d-1cbecd2d369e@group-9DC5606B5DE8-FollowerState was interrupted: java.lang.InterruptedException: sleep interrupted
2019-10-17 07:38:14,970 [grpc-default-executor-5] INFO  impl.RaftServerImpl (RaftServerImpl.java:setRole(184)) - 920a4478-64f4-4720-983c-9a2102f3c94b@group-9DC5606B5DE8: changes role from  FOLLOWER to FOLLOWER at term 25 for recognizeCandidate:05f59524-a4ea-4be4-b99d-fb9eed47142d
2019-10-17 07:38:14,971 [grpc-default-executor-5] INFO  impl.RoleInfo (RoleInfo.java:shutdownFollowerState(121)) - 920a4478-64f4-4720-983c-9a2102f3c94b: shutdown FollowerState
2019-10-17 07:38:14,971 [grpc-default-executor-5] INFO  impl.RoleInfo (RoleInfo.java:updateAndGet(143)) - 920a4478-64f4-4720-983c-9a2102f3c94b: start FollowerState
2019-10-17 07:38:14,971 [Thread-566] INFO  impl.FollowerState (FollowerState.java:run(117)) - 920a4478-64f4-4720-983c-9a2102f3c94b@group-9DC5606B5DE8-FollowerState was interrupted: java.lang.InterruptedException: sleep interrupted
2019-10-17 07:38:14,998 [05f59524-a4ea-4be4-b99d-fb9eed47142d@group-9DC5606B5DE8-LeaderElection38] INFO  impl.LeaderElection (LeaderElection.java:logAndReturn(56)) - 05f59524-a4ea-4be4-b99d-fb9eed47142d@group-9DC5606B5DE8-LeaderElection38: Election REJECTED; received 2 response(s) [05f59524-a4ea-4be4-b99d-fb9eed47142d<-4b035f45-7941-40c3-ba2d-1cbecd2d369e#0:FAIL-t25, 05f59524-a4ea-4be4-b99d-fb9eed47142d<-920a4478-64f4-4720-983c-9a2102f3c94b#0:FAIL-t25] and 0 exception(s); 05f59524-a4ea-4be4-b99d-fb9eed47142d@group-9DC5606B5DE8:t25, leader=null, voted=05f59524-a4ea-4be4-b99d-fb9eed47142d, raftlog=05f59524-a4ea-4be4-b99d-fb9eed47142d@group-9DC5606B5DE8-SegmentedRaftLog:OPENED:c-1,f-1,i0, conf=-1: [05f59524-a4ea-4be4-b99d-fb9eed47142d:192.168.34.62:45919, 4b035f45-7941-40c3-ba2d-1cbecd2d369e:192.168.34.62:45443, 920a4478-64f4-4720-983c-9a2102f3c94b:192.168.34.62:38609], old=null
2019-10-17 07:38:14,998 [05f59524-a4ea-4be4-b99d-fb9eed47142d@group-9DC5606B5DE8-LeaderElection38] INFO  impl.RaftServerImpl (RaftServerImpl.java:setRole(184)) - 05f59524-a4ea-4be4-b99d-fb9eed47142d@group-9DC5606B5DE8: changes role from CANDIDATE to FOLLOWER at term 25 for DISCOVERED_A_NEW_TERM
2019-10-17 07:38:14,999 [05f59524-a4ea-4be4-b99d-fb9eed47142d@group-9DC5606B5DE8-LeaderElection38] INFO  impl.RoleInfo (RoleInfo.java:shutdownLeaderElection(134)) - 05f59524-a4ea-4be4-b99d-fb9eed47142d: shutdown LeaderElection
2019-10-17 07:38:14,999 [05f59524-a4ea-4be4-b99d-fb9eed47142d@group-9DC5606B5DE8-LeaderElection38] INFO  impl.RoleInfo (RoleInfo.java:updateAndGet(143)) - 05f59524-a4ea-4be4-b99d-fb9eed47142d: start FollowerState
2019-10-17 07:38:15,086 [Thread-576] INFO  impl.FollowerState (FollowerState.java:run(108)) - 05f59524-a4ea-4be4-b99d-fb9eed47142d@group-9DC5606B5DE8-FollowerState: change to CANDIDATE, lastRpcTime:87ms, electionTimeout:87ms
2019-10-17 07:38:15,087 [Thread-576] INFO  impl.RoleInfo (RoleInfo.java:shutdownFollowerState(121)) - 05f59524-a4ea-4be4-b99d-fb9eed47142d: shutdown FollowerState
2019-10-17 07:38:15,087 [Thread-576] INFO  impl.RaftServerImpl (RaftServerImpl.java:setRole(184)) - 05f59524-a4ea-4be4-b99d-fb9eed47142d@group-9DC5606B5DE8: changes role from  FOLLOWER to CANDIDATE at term 25 for changeToCandidate
2019-10-17 07:38:15,087 [Thread-576] INFO  impl.RoleInfo (RoleInfo.java:updateAndGet(143)) - 05f59524-a4ea-4be4-b99d-fb9eed47142d: start LeaderElection
2019-10-17 07:38:15,148 [05f59524-a4ea-4be4-b99d-fb9eed47142d@group-9DC5606B5DE8-LeaderElection39] INFO  impl.LeaderElection (LeaderElection.java:askForVotes(178)) - 05f59524-a4ea-4be4-b99d-fb9eed47142d@group-9DC5606B5DE8-LeaderElection39: begin an election at term 26 for -1: [05f59524-a4ea-4be4-b99d-fb9eed47142d:192.168.34.62:45919, 4b035f45-7941-40c3-ba2d-1cbecd2d369e:192.168.34.62:45443, 920a4478-64f4-4720-983c-9a2102f3c94b:192.168.34.62:38609], old=null
2019-10-17 07:38:15,153 [grpc-default-executor-6] INFO  impl.RaftServerImpl (RaftServerImpl.java:setRole(184)) - 920a4478-64f4-4720-983c-9a2102f3c94b@group-9DC5606B5DE8: changes role from  FOLLOWER to FOLLOWER at term 26 for recognizeCandidate:05f59524-a4ea-4be4-b99d-fb9eed47142d
2019-10-17 07:38:15,153 [grpc-default-executor-5] INFO  impl.RaftServerImpl (RaftServerImpl.java:setRole(184)) - 4b035f45-7941-40c3-ba2d-1cbecd2d369e@group-9DC5606B5DE8: changes role from  FOLLOWER to FOLLOWER at term 26 for recognizeCandidate:05f59524-a4ea-4be4-b99d-fb9eed47142d
2019-10-17 07:38:15,154 [grpc-default-executor-6] INFO  impl.RoleInfo (RoleInfo.java:shutdownFollowerState(121)) - 920a4478-64f4-4720-983c-9a2102f3c94b: shutdown FollowerState
2019-10-17 07:38:15,154 [grpc-default-executor-5] INFO  impl.RoleInfo (RoleInfo.java:shutdownFollowerState(121)) - 4b035f45-7941-40c3-ba2d-1cbecd2d369e: shutdown FollowerState
2019-10-17 07:38:15,154 [grpc-default-executor-6] INFO  impl.RoleInfo (RoleInfo.java:updateAndGet(143)) - 920a4478-64f4-4720-983c-9a2102f3c94b: start FollowerState
2019-10-17 07:38:15,154 [grpc-default-executor-5] INFO  impl.RoleInfo (RoleInfo.java:updateAndGet(143)) - 4b035f45-7941-40c3-ba2d-1cbecd2d369e: start FollowerState
2019-10-17 07:38:15,154 [Thread-575] INFO  impl.FollowerState (FollowerState.java:run(117)) - 920a4478-64f4-4720-983c-9a2102f3c94b@group-9DC5606B5DE8-FollowerState was interrupted: java.lang.InterruptedException: sleep interrupted
2019-10-17 07:38:15,154 [Thread-574] INFO  impl.FollowerState (FollowerState.java:run(117)) - 4b035f45-7941-40c3-ba2d-1cbecd2d369e@group-9DC5606B5DE8-FollowerState was interrupted: java.lang.InterruptedException: sleep interrupted
2019-10-17 07:38:15,190 [05f59524-a4ea-4be4-b99d-fb9eed47142d@group-9DC5606B5DE8-LeaderElection39] INFO  impl.LeaderElection (LeaderElection.java:logAndReturn(56)) - 05f59524-a4ea-4be4-b99d-fb9eed47142d@group-9DC5606B5DE8-LeaderElection39: Election REJECTED; received 2 response(s) [05f59524-a4ea-4be4-b99d-fb9eed47142d<-4b035f45-7941-40c3-ba2d-1cbecd2d369e#0:FAIL-t26, 05f59524-a4ea-4be4-b99d-fb9eed47142d<-920a4478-64f4-4720-983c-9a2102f3c94b#0:FAIL-t26] and 0 exception(s); 05f59524-a4ea-4be4-b99d-fb9eed47142d@group-9DC5606B5DE8:t26, leader=null, voted=05f59524-a4ea-4be4-b99d-fb9eed47142d, raftlog=05f59524-a4ea-4be4-b99d-fb9eed47142d@group-9DC5606B5DE8-SegmentedRaftLog:OPENED:c-1,f-1,i0, conf=-1: [05f59524-a4ea-4be4-b99d-fb9eed47142d:192.168.34.62:45919, 4b035f45-7941-40c3-ba2d-1cbecd2d369e:192.168.34.62:45443, 920a4478-64f4-4720-983c-9a2102f3c94b:192.168.34.62:38609], old=null
2019-10-17 07:38:15,190 [05f59524-a4ea-4be4-b99d-fb9eed47142d@group-9DC5606B5DE8-LeaderElection39] INFO  impl.RaftServerImpl (RaftServerImpl.java:setRole(184)) - 05f59524-a4ea-4be4-b99d-fb9eed47142d@group-9DC5606B5DE8: changes role from CANDIDATE to FOLLOWER at term 26 for DISCOVERED_A_NEW_TERM
2019-10-17 07:38:15,190 [05f59524-a4ea-4be4-b99d-fb9eed47142d@group-9DC5606B5DE8-LeaderElection39] INFO  impl.RoleInfo (RoleInfo.java:shutdownLeaderElection(134)) - 05f59524-a4ea-4be4-b99d-fb9eed47142d: shutdown LeaderElection
2019-10-17 07:38:15,191 [05f59524-a4ea-4be4-b99d-fb9eed47142d@group-9DC5606B5DE8-LeaderElection39] INFO  impl.RoleInfo (RoleInfo.java:updateAndGet(143)) - 05f59524-a4ea-4be4-b99d-fb9eed47142d: start FollowerState
2019-10-17 07:38:15,336 [Thread-582] INFO  impl.FollowerState (FollowerState.java:run(108)) - 05f59524-a4ea-4be4-b99d-fb9eed47142d@group-9DC5606B5DE8-FollowerState: change to CANDIDATE, lastRpcTime:145ms, electionTimeout:145ms
2019-10-17 07:38:15,336 [Thread-582] INFO  impl.RoleInfo (RoleInfo.java:shutdownFollowerState(121)) - 05f59524-a4ea-4be4-b99d-fb9eed47142d: shutdown FollowerState
2019-10-17 07:38:15,337 [Thread-582] INFO  impl.RaftServerImpl (RaftServerImpl.java:setRole(184)) - 05f59524-a4ea-4be4-b99d-fb9eed47142d@group-9DC5606B5DE8: changes role from  FOLLOWER to CANDIDATE at term 26 for changeToCandidate
2019-10-17 07:38:15,337 [Thread-582] INFO  impl.RoleInfo (RoleInfo.java:updateAndGet(143)) - 05f59524-a4ea-4be4-b99d-fb9eed47142d: start LeaderElection
2019-10-17 07:38:15,364 [05f59524-a4ea-4be4-b99d-fb9eed47142d@group-9DC5606B5DE8-LeaderElection40] INFO  impl.LeaderElection (LeaderElection.java:askForVotes(178)) - 05f59524-a4ea-4be4-b99d-fb9eed47142d@group-9DC5606B5DE8-LeaderElection40: begin an election at term 27 for -1: [05f59524-a4ea-4be4-b99d-fb9eed47142d:192.168.34.62:45919, 4b035f45-7941-40c3-ba2d-1cbecd2d369e:192.168.34.62:45443, 920a4478-64f4-4720-983c-9a2102f3c94b:192.168.34.62:38609], old=null
2019-10-17 07:38:15,368 [grpc-default-executor-6] INFO  impl.RaftServerImpl (RaftServerImpl.java:setRole(184)) - 4b035f45-7941-40c3-ba2d-1cbecd2d369e@group-9DC5606B5DE8: changes role from  FOLLOWER to FOLLOWER at term 27 for recognizeCandidate:05f59524-a4ea-4be4-b99d-fb9eed47142d
2019-10-17 07:38:15,368 [grpc-default-executor-6] INFO  impl.RoleInfo (RoleInfo.java:shutdownFollowerState(121)) - 4b035f45-7941-40c3-ba2d-1cbecd2d369e: shutdown FollowerState
2019-10-17 07:38:15,368 [grpc-default-executor-5] INFO  impl.RaftServerImpl (RaftServerImpl.java:setRole(184)) - 920a4478-64f4-4720-983c-9a2102f3c94b@group-9DC5606B5DE8: changes role from  FOLLOWER to FOLLOWER at term 27 for recognizeCandidate:05f59524-a4ea-4be4-b99d-fb9eed47142d
2019-10-17 07:38:15,369 [grpc-default-executor-6] INFO  impl.RoleInfo (RoleInfo.java:updateAndGet(143)) - 4b035f45-7941-40c3-ba2d-1cbecd2d369e: start FollowerState
2019-10-17 07:38:15,369 [Thread-581] INFO  impl.FollowerState (FollowerState.java:run(117)) - 4b035f45-7941-40c3-ba2d-1cbecd2d369e@group-9DC5606B5DE8-FollowerState was interrupted: java.lang.InterruptedException: sleep interrupted
2019-10-17 07:38:15,369 [grpc-default-executor-5] INFO  impl.RoleInfo (RoleInfo.java:shutdownFollowerState(121)) - 920a4478-64f4-4720-983c-9a2102f3c94b: shutdown FollowerState
2019-10-17 07:38:15,370 [grpc-default-executor-5] INFO  impl.RoleInfo (RoleInfo.java:updateAndGet(143)) - 920a4478-64f4-4720-983c-9a2102f3c94b: start FollowerState
2019-10-17 07:38:15,370 [Thread-580] INFO  impl.FollowerState (FollowerState.java:run(117)) - 920a4478-64f4-4720-983c-9a2102f3c94b@group-9DC5606B5DE8-FollowerState was interrupted: java.lang.InterruptedException: sleep interrupted
2019-10-17 07:38:15,408 [05f59524-a4ea-4be4-b99d-fb9eed47142d@group-9DC5606B5DE8-LeaderElection40] INFO  impl.LeaderElection (LeaderElection.java:logAndReturn(56)) - 05f59524-a4ea-4be4-b99d-fb9eed47142d@group-9DC5606B5DE8-LeaderElection40: Election REJECTED; received 2 response(s) [05f59524-a4ea-4be4-b99d-fb9eed47142d<-4b035f45-7941-40c3-ba2d-1cbecd2d369e#0:FAIL-t27, 05f59524-a4ea-4be4-b99d-fb9eed47142d<-920a4478-64f4-4720-983c-9a2102f3c94b#0:FAIL-t27] and 0 exception(s); 05f59524-a4ea-4be4-b99d-fb9eed47142d@group-9DC5606B5DE8:t27, leader=null, voted=05f59524-a4ea-4be4-b99d-fb9eed47142d, raftlog=05f59524-a4ea-4be4-b99d-fb9eed47142d@group-9DC5606B5DE8-SegmentedRaftLog:OPENED:c-1,f-1,i0, conf=-1: [05f59524-a4ea-4be4-b99d-fb9eed47142d:192.168.34.62:45919, 4b035f45-7941-40c3-ba2d-1cbecd2d369e:192.168.34.62:45443, 920a4478-64f4-4720-983c-9a2102f3c94b:192.168.34.62:38609], old=null
2019-10-17 07:38:15,408 [05f59524-a4ea-4be4-b99d-fb9eed47142d@group-9DC5606B5DE8-LeaderElection40] INFO  impl.RaftServerImpl (RaftServerImpl.java:setRole(184)) - 05f59524-a4ea-4be4-b99d-fb9eed47142d@group-9DC5606B5DE8: changes role from CANDIDATE to FOLLOWER at term 27 for DISCOVERED_A_NEW_TERM
2019-10-17 07:38:15,409 [05f59524-a4ea-4be4-b99d-fb9eed47142d@group-9DC5606B5DE8-LeaderElection40] INFO  impl.RoleInfo (RoleInfo.java:shutdownLeaderElection(134)) - 05f59524-a4ea-4be4-b99d-fb9eed47142d: shutdown LeaderElection
2019-10-17 07:38:15,409 [05f59524-a4ea-4be4-b99d-fb9eed47142d@group-9DC5606B5DE8-LeaderElection40] INFO  impl.RoleInfo (RoleInfo.java:updateAndGet(143)) - 05f59524-a4ea-4be4-b99d-fb9eed47142d: start FollowerState
2019-10-17 07:38:15,466 [Thread-588] INFO  impl.FollowerState (FollowerState.java:run(108)) - 05f59524-a4ea-4be4-b99d-fb9eed47142d@group-9DC5606B5DE8-FollowerState: change to CANDIDATE, lastRpcTime:57ms, electionTimeout:57ms
2019-10-17 07:38:15,467 [Thread-588] INFO  impl.RoleInfo (RoleInfo.java:shutdownFollowerState(121)) - 05f59524-a4ea-4be4-b99d-fb9eed47142d: shutdown FollowerState
2019-10-17 07:38:15,467 [Thread-588] INFO  impl.RaftServerImpl (RaftServerImpl.java:setRole(184)) - 05f59524-a4ea-4be4-b99d-fb9eed47142d@group-9DC5606B5DE8: changes role from  FOLLOWER to CANDIDATE at term 27 for changeToCandidate
2019-10-17 07:38:15,467 [Thread-588] INFO  impl.RoleInfo (RoleInfo.java:updateAndGet(143)) - 05f59524-a4ea-4be4-b99d-fb9eed47142d: start LeaderElection
2019-10-17 07:38:15,529 [05f59524-a4ea-4be4-b99d-fb9eed47142d@group-9DC5606B5DE8-LeaderElection41] INFO  impl.LeaderElection (LeaderElection.java:askForVotes(178)) - 05f59524-a4ea-4be4-b99d-fb9eed47142d@group-9DC5606B5DE8-LeaderElection41: begin an election at term 28 for -1: [05f59524-a4ea-4be4-b99d-fb9eed47142d:192.168.34.62:45919, 4b035f45-7941-40c3-ba2d-1cbecd2d369e:192.168.34.62:45443, 920a4478-64f4-4720-983c-9a2102f3c94b:192.168.34.62:38609], old=null
2019-10-17 07:38:15,536 [grpc-default-executor-6] INFO  impl.RaftServerImpl (RaftServerImpl.java:setRole(184)) - 4b035f45-7941-40c3-ba2d-1cbecd2d369e@group-9DC5606B5DE8: changes role from  FOLLOWER to FOLLOWER at term 28 for recognizeCandidate:05f59524-a4ea-4be4-b99d-fb9eed47142d
2019-10-17 07:38:15,536 [grpc-default-executor-6] INFO  impl.RoleInfo (RoleInfo.java:shutdownFollowerState(121)) - 4b035f45-7941-40c3-ba2d-1cbecd2d369e: shutdown FollowerState
2019-10-17 07:38:15,536 [grpc-default-executor-6] INFO  impl.RoleInfo (RoleInfo.java:updateAndGet(143)) - 4b035f45-7941-40c3-ba2d-1cbecd2d369e: start FollowerState
2019-10-17 07:38:15,536 [Thread-586] INFO  impl.FollowerState (FollowerState.java:run(117)) - 4b035f45-7941-40c3-ba2d-1cbecd2d369e@group-9DC5606B5DE8-FollowerState was interrupted: java.lang.InterruptedException: sleep interrupted
2019-10-17 07:38:15,536 [grpc-default-executor-5] INFO  impl.RaftServerImpl (RaftServerImpl.java:setRole(184)) - 920a4478-64f4-4720-983c-9a2102f3c94b@group-9DC5606B5DE8: changes role from  FOLLOWER to FOLLOWER at term 28 for recognizeCandidate:05f59524-a4ea-4be4-b99d-fb9eed47142d
2019-10-17 07:38:15,537 [grpc-default-executor-5] INFO  impl.RoleInfo (RoleInfo.java:shutdownFollowerState(121)) - 920a4478-64f4-4720-983c-9a2102f3c94b: shutdown FollowerState
2019-10-17 07:38:15,537 [grpc-default-executor-5] INFO  impl.RoleInfo (RoleInfo.java:updateAndGet(143)) - 920a4478-64f4-4720-983c-9a2102f3c94b: start FollowerState
2019-10-17 07:38:15,537 [Thread-587] INFO  impl.FollowerState (FollowerState.java:run(117)) - 920a4478-64f4-4720-983c-9a2102f3c94b@group-9DC5606B5DE8-FollowerState was interrupted: java.lang.InterruptedException: sleep interrupted
2019-10-17 07:38:15,565 [05f59524-a4ea-4be4-b99d-fb9eed47142d@group-9DC5606B5DE8-LeaderElection41] INFO  impl.LeaderElection (LeaderElection.java:logAndReturn(56)) - 05f59524-a4ea-4be4-b99d-fb9eed47142d@group-9DC5606B5DE8-LeaderElection41: Election REJECTED; received 2 response(s) [05f59524-a4ea-4be4-b99d-fb9eed47142d<-4b035f45-7941-40c3-ba2d-1cbecd2d369e#0:FAIL-t28, 05f59524-a4ea-4be4-b99d-fb9eed47142d<-920a4478-64f4-4720-983c-9a2102f3c94b#0:FAIL-t28] and 0 exception(s); 05f59524-a4ea-4be4-b99d-fb9eed47142d@group-9DC5606B5DE8:t28, leader=null, voted=05f59524-a4ea-4be4-b99d-fb9eed47142d, raftlog=05f59524-a4ea-4be4-b99d-fb9eed47142d@group-9DC5606B5DE8-SegmentedRaftLog:OPENED:c-1,f-1,i0, conf=-1: [05f59524-a4ea-4be4-b99d-fb9eed47142d:192.168.34.62:45919, 4b035f45-7941-40c3-ba2d-1cbecd2d369e:192.168.34.62:45443, 920a4478-64f4-4720-983c-9a2102f3c94b:192.168.34.62:38609], old=null
2019-10-17 07:38:15,566 [05f59524-a4ea-4be4-b99d-fb9eed47142d@group-9DC5606B5DE8-LeaderElection41] INFO  impl.RaftServerImpl (RaftServerImpl.java:setRole(184)) - 05f59524-a4ea-4be4-b99d-fb9eed47142d@group-9DC5606B5DE8: changes role from CANDIDATE to FOLLOWER at term 28 for DISCOVERED_A_NEW_TERM
2019-10-17 07:38:15,566 [05f59524-a4ea-4be4-b99d-fb9eed47142d@group-9DC5606B5DE8-LeaderElection41] INFO  impl.RoleInfo (RoleInfo.java:shutdownLeaderElection(134)) - 05f59524-a4ea-4be4-b99d-fb9eed47142d: shutdown LeaderElection
2019-10-17 07:38:15,566 [05f59524-a4ea-4be4-b99d-fb9eed47142d@group-9DC5606B5DE8-LeaderElection41] INFO  impl.RoleInfo (RoleInfo.java:updateAndGet(143)) - 05f59524-a4ea-4be4-b99d-fb9eed47142d: start FollowerState
2019-10-17 07:38:15,633 [Thread-594] INFO  impl.FollowerState (FollowerState.java:run(108)) - 05f59524-a4ea-4be4-b99d-fb9eed47142d@group-9DC5606B5DE8-FollowerState: change to CANDIDATE, lastRpcTime:66ms, electionTimeout:66ms
2019-10-17 07:38:15,633 [Thread-594] INFO  impl.RoleInfo (RoleInfo.java:shutdownFollowerState(121)) - 05f59524-a4ea-4be4-b99d-fb9eed47142d: shutdown FollowerState
2019-10-17 07:38:15,633 [Thread-594] INFO  impl.RaftServerImpl (RaftServerImpl.java:setRole(184)) - 05f59524-a4ea-4be4-b99d-fb9eed47142d@group-9DC5606B5DE8: changes role from  FOLLOWER to CANDIDATE at term 28 for changeToCandidate
2019-10-17 07:38:15,633 [Thread-594] INFO  impl.RoleInfo (RoleInfo.java:updateAndGet(143)) - 05f59524-a4ea-4be4-b99d-fb9eed47142d: start LeaderElection
2019-10-17 07:38:15,665 [05f59524-a4ea-4be4-b99d-fb9eed47142d@group-9DC5606B5DE8-LeaderElection42] INFO  impl.LeaderElection (LeaderElection.java:askForVotes(178)) - 05f59524-a4ea-4be4-b99d-fb9eed47142d@group-9DC5606B5DE8-LeaderElection42: begin an election at term 29 for -1: [05f59524-a4ea-4be4-b99d-fb9eed47142d:192.168.34.62:45919, 4b035f45-7941-40c3-ba2d-1cbecd2d369e:192.168.34.62:45443, 920a4478-64f4-4720-983c-9a2102f3c94b:192.168.34.62:38609], old=null
2019-10-17 07:38:15,668 [grpc-default-executor-6] INFO  impl.RaftServerImpl (RaftServerImpl.java:setRole(184)) - 4b035f45-7941-40c3-ba2d-1cbecd2d369e@group-9DC5606B5DE8: changes role from  FOLLOWER to FOLLOWER at term 29 for recognizeCandidate:05f59524-a4ea-4be4-b99d-fb9eed47142d
2019-10-17 07:38:15,668 [grpc-default-executor-6] INFO  impl.RoleInfo (RoleInfo.java:shutdownFollowerState(121)) - 4b035f45-7941-40c3-ba2d-1cbecd2d369e: shutdown FollowerState
2019-10-17 07:38:15,668 [grpc-default-executor-5] INFO  impl.RaftServerImpl (RaftServerImpl.java:setRole(184)) - 920a4478-64f4-4720-983c-9a2102f3c94b@group-9DC5606B5DE8: changes role from  FOLLOWER to FOLLOWER at term 29 for recognizeCandidate:05f59524-a4ea-4be4-b99d-fb9eed47142d
2019-10-17 07:38:15,668 [grpc-default-executor-6] INFO  impl.RoleInfo (RoleInfo.java:updateAndGet(143)) - 4b035f45-7941-40c3-ba2d-1cbecd2d369e: start FollowerState
2019-10-17 07:38:15,668 [Thread-592] INFO  impl.FollowerState (FollowerState.java:run(117)) - 4b035f45-7941-40c3-ba2d-1cbecd2d369e@group-9DC5606B5DE8-FollowerState was interrupted: java.lang.InterruptedException: sleep interrupted
2019-10-17 07:38:15,669 [grpc-default-executor-5] INFO  impl.RoleInfo (RoleInfo.java:shutdownFollowerState(121)) - 920a4478-64f4-4720-983c-9a2102f3c94b: shutdown FollowerState
2019-10-17 07:38:15,669 [grpc-default-executor-5] INFO  impl.RoleInfo (RoleInfo.java:updateAndGet(143)) - 920a4478-64f4-4720-983c-9a2102f3c94b: start FollowerState
2019-10-17 07:38:15,669 [Thread-593] INFO  impl.FollowerState (FollowerState.java:run(117)) - 920a4478-64f4-4720-983c-9a2102f3c94b@group-9DC5606B5DE8-FollowerState was interrupted: java.lang.InterruptedException: sleep interrupted
2019-10-17 07:38:15,812 [05f59524-a4ea-4be4-b99d-fb9eed47142d@group-9DC5606B5DE8-LeaderElection42] INFO  impl.LeaderElection (LeaderElection.java:logAndReturn(56)) - 05f59524-a4ea-4be4-b99d-fb9eed47142d@group-9DC5606B5DE8-LeaderElection42: Election TIMEOUT; received 0 response(s) [] and 0 exception(s); 05f59524-a4ea-4be4-b99d-fb9eed47142d@group-9DC5606B5DE8:t29, leader=null, voted=05f59524-a4ea-4be4-b99d-fb9eed47142d, raftlog=05f59524-a4ea-4be4-b99d-fb9eed47142d@group-9DC5606B5DE8-SegmentedRaftLog:OPENED:c-1,f-1,i0, conf=-1: [05f59524-a4ea-4be4-b99d-fb9eed47142d:192.168.34.62:45919, 4b035f45-7941-40c3-ba2d-1cbecd2d369e:192.168.34.62:45443, 920a4478-64f4-4720-983c-9a2102f3c94b:192.168.34.62:38609], old=null
2019-10-17 07:38:15,976 [05f59524-a4ea-4be4-b99d-fb9eed47142d@group-9DC5606B5DE8-LeaderElection42] INFO  impl.LeaderElection (LeaderElection.java:askForVotes(178)) - 05f59524-a4ea-4be4-b99d-fb9eed47142d@group-9DC5606B5DE8-LeaderElection42: begin an election at term 30 for -1: [05f59524-a4ea-4be4-b99d-fb9eed47142d:192.168.34.62:45919, 4b035f45-7941-40c3-ba2d-1cbecd2d369e:192.168.34.62:45443, 920a4478-64f4-4720-983c-9a2102f3c94b:192.168.34.62:38609], old=null
2019-10-17 07:38:15,982 [grpc-default-executor-5] INFO  impl.RaftServerImpl (RaftServerImpl.java:setRole(184)) - 4b035f45-7941-40c3-ba2d-1cbecd2d369e@group-9DC5606B5DE8: changes role from  FOLLOWER to FOLLOWER at term 30 for recognizeCandidate:05f59524-a4ea-4be4-b99d-fb9eed47142d
2019-10-17 07:38:15,982 [grpc-default-executor-5] INFO  impl.RoleInfo (RoleInfo.java:shutdownFollowerState(121)) - 4b035f45-7941-40c3-ba2d-1cbecd2d369e: shutdown FollowerState
2019-10-17 07:38:15,982 [grpc-default-executor-6] INFO  impl.RaftServerImpl (RaftServerImpl.java:setRole(184)) - 920a4478-64f4-4720-983c-9a2102f3c94b@group-9DC5606B5DE8: changes role from  FOLLOWER to FOLLOWER at term 30 for recognizeCandidate:05f59524-a4ea-4be4-b99d-fb9eed47142d
2019-10-17 07:38:15,982 [Thread-598] INFO  impl.FollowerState (FollowerState.java:run(117)) - 4b035f45-7941-40c3-ba2d-1cbecd2d369e@group-9DC5606B5DE8-FollowerState was interrupted: java.lang.InterruptedException: sleep interrupted
2019-10-17 07:38:15,982 [grpc-default-executor-6] INFO  impl.RoleInfo (RoleInfo.java:shutdownFollowerState(121)) - 920a4478-64f4-4720-983c-9a2102f3c94b: shutdown FollowerState
2019-10-17 07:38:15,982 [grpc-default-executor-5] INFO  impl.RoleInfo (RoleInfo.java:updateAndGet(143)) - 4b035f45-7941-40c3-ba2d-1cbecd2d369e: start FollowerState
2019-10-17 07:38:15,983 [Thread-599] INFO  impl.FollowerState (FollowerState.java:run(117)) - 920a4478-64f4-4720-983c-9a2102f3c94b@group-9DC5606B5DE8-FollowerState was interrupted: java.lang.InterruptedException: sleep interrupted
2019-10-17 07:38:15,983 [grpc-default-executor-6] INFO  impl.RoleInfo (RoleInfo.java:updateAndGet(143)) - 920a4478-64f4-4720-983c-9a2102f3c94b: start FollowerState
2019-10-17 07:38:16,033 [05f59524-a4ea-4be4-b99d-fb9eed47142d@group-9DC5606B5DE8-LeaderElection42] INFO  impl.LeaderElection (LeaderElection.java:logAndReturn(56)) - 05f59524-a4ea-4be4-b99d-fb9eed47142d@group-9DC5606B5DE8-LeaderElection42: Election REJECTED; received 2 response(s) [05f59524-a4ea-4be4-b99d-fb9eed47142d<-4b035f45-7941-40c3-ba2d-1cbecd2d369e#0:FAIL-t30, 05f59524-a4ea-4be4-b99d-fb9eed47142d<-920a4478-64f4-4720-983c-9a2102f3c94b#0:FAIL-t30] and 0 exception(s); 05f59524-a4ea-4be4-b99d-fb9eed47142d@group-9DC5606B5DE8:t30, leader=null, voted=05f59524-a4ea-4be4-b99d-fb9eed47142d, raftlog=05f59524-a4ea-4be4-b99d-fb9eed47142d@group-9DC5606B5DE8-SegmentedRaftLog:OPENED:c-1,f-1,i0, conf=-1: [05f59524-a4ea-4be4-b99d-fb9eed47142d:192.168.34.62:45919, 4b035f45-7941-40c3-ba2d-1cbecd2d369e:192.168.34.62:45443, 920a4478-64f4-4720-983c-9a2102f3c94b:192.168.34.62:38609], old=null
2019-10-17 07:38:16,033 [05f59524-a4ea-4be4-b99d-fb9eed47142d@group-9DC5606B5DE8-LeaderElection42] INFO  impl.RaftServerImpl (RaftServerImpl.java:setRole(184)) - 05f59524-a4ea-4be4-b99d-fb9eed47142d@group-9DC5606B5DE8: changes role from CANDIDATE to FOLLOWER at term 30 for DISCOVERED_A_NEW_TERM
2019-10-17 07:38:16,033 [05f59524-a4ea-4be4-b99d-fb9eed47142d@group-9DC5606B5DE8-LeaderElection42] INFO  impl.RoleInfo (RoleInfo.java:shutdownLeaderElection(134)) - 05f59524-a4ea-4be4-b99d-fb9eed47142d: shutdown LeaderElection
2019-10-17 07:38:16,034 [05f59524-a4ea-4be4-b99d-fb9eed47142d@group-9DC5606B5DE8-LeaderElection42] INFO  impl.RoleInfo (RoleInfo.java:updateAndGet(143)) - 05f59524-a4ea-4be4-b99d-fb9eed47142d: start FollowerState
2019-10-17 07:38:16,207 [Thread-604] INFO  impl.FollowerState (FollowerState.java:run(108)) - 05f59524-a4ea-4be4-b99d-fb9eed47142d@group-9DC5606B5DE8-FollowerState: change to CANDIDATE, lastRpcTime:173ms, electionTimeout:173ms
2019-10-17 07:38:16,208 [Thread-604] INFO  impl.RoleInfo (RoleInfo.java:shutdownFollowerState(121)) - 05f59524-a4ea-4be4-b99d-fb9eed47142d: shutdown FollowerState
2019-10-17 07:38:16,208 [Thread-604] INFO  impl.RaftServerImpl (RaftServerImpl.java:setRole(184)) - 05f59524-a4ea-4be4-b99d-fb9eed47142d@group-9DC5606B5DE8: changes role from  FOLLOWER to CANDIDATE at term 30 for changeToCandidate
2019-10-17 07:38:16,208 [Thread-604] INFO  impl.RoleInfo (RoleInfo.java:updateAndGet(143)) - 05f59524-a4ea-4be4-b99d-fb9eed47142d: start LeaderElection
2019-10-17 07:38:16,258 [05f59524-a4ea-4be4-b99d-fb9eed47142d@group-9DC5606B5DE8-LeaderElection43] INFO  impl.LeaderElection (LeaderElection.java:askForVotes(178)) - 05f59524-a4ea-4be4-b99d-fb9eed47142d@group-9DC5606B5DE8-LeaderElection43: begin an election at term 31 for -1: [05f59524-a4ea-4be4-b99d-fb9eed47142d:192.168.34.62:45919, 4b035f45-7941-40c3-ba2d-1cbecd2d369e:192.168.34.62:45443, 920a4478-64f4-4720-983c-9a2102f3c94b:192.168.34.62:38609], old=null
2019-10-17 07:38:16,262 [grpc-default-executor-5] INFO  impl.RaftServerImpl (RaftServerImpl.java:setRole(184)) - 920a4478-64f4-4720-983c-9a2102f3c94b@group-9DC5606B5DE8: changes role from  FOLLOWER to FOLLOWER at term 31 for recognizeCandidate:05f59524-a4ea-4be4-b99d-fb9eed47142d
2019-10-17 07:38:16,262 [grpc-default-executor-6] INFO  impl.RaftServerImpl (RaftServerImpl.java:setRole(184)) - 4b035f45-7941-40c3-ba2d-1cbecd2d369e@group-9DC5606B5DE8: changes role from  FOLLOWER to FOLLOWER at term 31 for recognizeCandidate:05f59524-a4ea-4be4-b99d-fb9eed47142d
2019-10-17 07:38:16,262 [grpc-default-executor-5] INFO  impl.RoleInfo (RoleInfo.java:shutdownFollowerState(121)) - 920a4478-64f4-4720-983c-9a2102f3c94b: shutdown FollowerState
2019-10-17 07:38:16,263 [grpc-default-executor-6] INFO  impl.RoleInfo (RoleInfo.java:shutdownFollowerState(121)) - 4b035f45-7941-40c3-ba2d-1cbecd2d369e: shutdown FollowerState
2019-10-17 07:38:16,263 [Thread-603] INFO  impl.FollowerState (FollowerState.java:run(117)) - 920a4478-64f4-4720-983c-9a2102f3c94b@group-9DC5606B5DE8-FollowerState was interrupted: java.lang.InterruptedException: sleep interrupted
2019-10-17 07:38:16,263 [grpc-default-executor-5] INFO  impl.RoleInfo (RoleInfo.java:updateAndGet(143)) - 920a4478-64f4-4720-983c-9a2102f3c94b: start FollowerState
2019-10-17 07:38:16,263 [Thread-602] INFO  impl.FollowerState (FollowerState.java:run(117)) - 4b035f45-7941-40c3-ba2d-1cbecd2d369e@group-9DC5606B5DE8-FollowerState was interrupted: java.lang.InterruptedException: sleep interrupted
2019-10-17 07:38:16,263 [grpc-default-executor-6] INFO  impl.RoleInfo (RoleInfo.java:updateAndGet(143)) - 4b035f45-7941-40c3-ba2d-1cbecd2d369e: start FollowerState
2019-10-17 07:38:16,266 [05f59524-a4ea-4be4-b99d-fb9eed47142d@group-9DC5606B5DE8-LeaderElection43] INFO  impl.LeaderElection (LeaderElection.java:logAndReturn(56)) - 05f59524-a4ea-4be4-b99d-fb9eed47142d@group-9DC5606B5DE8-LeaderElection43: Election TIMEOUT; received 0 response(s) [] and 0 exception(s); 05f59524-a4ea-4be4-b99d-fb9eed47142d@group-9DC5606B5DE8:t31, leader=null, voted=05f59524-a4ea-4be4-b99d-fb9eed47142d, raftlog=05f59524-a4ea-4be4-b99d-fb9eed47142d@group-9DC5606B5DE8-SegmentedRaftLog:OPENED:c-1,f-1,i0, conf=-1: [05f59524-a4ea-4be4-b99d-fb9eed47142d:192.168.34.62:45919, 4b035f45-7941-40c3-ba2d-1cbecd2d369e:192.168.34.62:45443, 920a4478-64f4-4720-983c-9a2102f3c94b:192.168.34.62:38609], old=null
2019-10-17 07:38:16,295 [05f59524-a4ea-4be4-b99d-fb9eed47142d@group-9DC5606B5DE8-LeaderElection43] INFO  impl.LeaderElection (LeaderElection.java:askForVotes(178)) - 05f59524-a4ea-4be4-b99d-fb9eed47142d@group-9DC5606B5DE8-LeaderElection43: begin an election at term 32 for -1: [05f59524-a4ea-4be4-b99d-fb9eed47142d:192.168.34.62:45919, 4b035f45-7941-40c3-ba2d-1cbecd2d369e:192.168.34.62:45443, 920a4478-64f4-4720-983c-9a2102f3c94b:192.168.34.62:38609], old=null
2019-10-17 07:38:16,297 [grpc-default-executor-6] INFO  impl.RaftServerImpl (RaftServerImpl.java:setRole(184)) - 4b035f45-7941-40c3-ba2d-1cbecd2d369e@group-9DC5606B5DE8: changes role from  FOLLOWER to FOLLOWER at term 32 for recognizeCandidate:05f59524-a4ea-4be4-b99d-fb9eed47142d
2019-10-17 07:38:16,298 [grpc-default-executor-5] INFO  impl.RaftServerImpl (RaftServerImpl.java:setRole(184)) - 920a4478-64f4-4720-983c-9a2102f3c94b@group-9DC5606B5DE8: changes role from  FOLLOWER to FOLLOWER at term 32 for recognizeCandidate:05f59524-a4ea-4be4-b99d-fb9eed47142d
2019-10-17 07:38:16,298 [grpc-default-executor-6] INFO  impl.RoleInfo (RoleInfo.java:shutdownFollowerState(121)) - 4b035f45-7941-40c3-ba2d-1cbecd2d369e: shutdown FollowerState
2019-10-17 07:38:16,298 [grpc-default-executor-5] INFO  impl.RoleInfo (RoleInfo.java:shutdownFollowerState(121)) - 920a4478-64f4-4720-983c-9a2102f3c94b: shutdown FollowerState
2019-10-17 07:38:16,298 [Thread-609] INFO  impl.FollowerState (FollowerState.java:run(117)) - 4b035f45-7941-40c3-ba2d-1cbecd2d369e@group-9DC5606B5DE8-FollowerState was interrupted: java.lang.InterruptedException: sleep interrupted
2019-10-17 07:38:16,298 [grpc-default-executor-6] INFO  impl.RoleInfo (RoleInfo.java:updateAndGet(143)) - 4b035f45-7941-40c3-ba2d-1cbecd2d369e: start FollowerState
2019-10-17 07:38:16,298 [Thread-608] INFO  impl.FollowerState (FollowerState.java:run(117)) - 920a4478-64f4-4720-983c-9a2102f3c94b@group-9DC5606B5DE8-FollowerState was interrupted: java.lang.InterruptedException: sleep interrupted
2019-10-17 07:38:16,298 [grpc-default-executor-5] INFO  impl.RoleInfo (RoleInfo.java:updateAndGet(143)) - 920a4478-64f4-4720-983c-9a2102f3c94b: start FollowerState
2019-10-17 07:38:16,320 [05f59524-a4ea-4be4-b99d-fb9eed47142d@group-9DC5606B5DE8-LeaderElection43] INFO  impl.LeaderElection (LeaderElection.java:logAndReturn(56)) - 05f59524-a4ea-4be4-b99d-fb9eed47142d@group-9DC5606B5DE8-LeaderElection43: Election REJECTED; received 2 response(s) [05f59524-a4ea-4be4-b99d-fb9eed47142d<-4b035f45-7941-40c3-ba2d-1cbecd2d369e#0:FAIL-t32, 05f59524-a4ea-4be4-b99d-fb9eed47142d<-920a4478-64f4-4720-983c-9a2102f3c94b#0:FAIL-t32] and 0 exception(s); 05f59524-a4ea-4be4-b99d-fb9eed47142d@group-9DC5606B5DE8:t32, leader=null, voted=05f59524-a4ea-4be4-b99d-fb9eed47142d, raftlog=05f59524-a4ea-4be4-b99d-fb9eed47142d@group-9DC5606B5DE8-SegmentedRaftLog:OPENED:c-1,f-1,i0, conf=-1: [05f59524-a4ea-4be4-b99d-fb9eed47142d:192.168.34.62:45919, 4b035f45-7941-40c3-ba2d-1cbecd2d369e:192.168.34.62:45443, 920a4478-64f4-4720-983c-9a2102f3c94b:192.168.34.62:38609], old=null
2019-10-17 07:38:16,320 [05f59524-a4ea-4be4-b99d-fb9eed47142d@group-9DC5606B5DE8-LeaderElection43] INFO  impl.RaftServerImpl (RaftServerImpl.java:setRole(184)) - 05f59524-a4ea-4be4-b99d-fb9eed47142d@group-9DC5606B5DE8: changes role from CANDIDATE to FOLLOWER at term 32 for DISCOVERED_A_NEW_TERM
2019-10-17 07:38:16,320 [05f59524-a4ea-4be4-b99d-fb9eed47142d@group-9DC5606B5DE8-LeaderElection43] INFO  impl.RoleInfo (RoleInfo.java:shutdownLeaderElection(134)) - 05f59524-a4ea-4be4-b99d-fb9eed47142d: shutdown LeaderElection
2019-10-17 07:38:16,320 [05f59524-a4ea-4be4-b99d-fb9eed47142d@group-9DC5606B5DE8-LeaderElection43] INFO  impl.RoleInfo (RoleInfo.java:updateAndGet(143)) - 05f59524-a4ea-4be4-b99d-fb9eed47142d: start FollowerState
2019-10-17 07:38:16,340 [Thread-614] INFO  impl.FollowerState (FollowerState.java:run(108)) - 05f59524-a4ea-4be4-b99d-fb9eed47142d@group-9DC5606B5DE8-FollowerState: change to CANDIDATE, lastRpcTime:19ms, electionTimeout:19ms
2019-10-17 07:38:16,340 [Thread-614] INFO  impl.RoleInfo (RoleInfo.java:shutdownFollowerState(121)) - 05f59524-a4ea-4be4-b99d-fb9eed47142d: shutdown FollowerState
2019-10-17 07:38:16,340 [Thread-614] INFO  impl.RaftServerImpl (RaftServerImpl.java:setRole(184)) - 05f59524-a4ea-4be4-b99d-fb9eed47142d@group-9DC5606B5DE8: changes role from  FOLLOWER to CANDIDATE at term 32 for changeToCandidate
2019-10-17 07:38:16,340 [Thread-614] INFO  impl.RoleInfo (RoleInfo.java:updateAndGet(143)) - 05f59524-a4ea-4be4-b99d-fb9eed47142d: start LeaderElection
2019-10-17 07:38:16,375 [05f59524-a4ea-4be4-b99d-fb9eed47142d@group-9DC5606B5DE8-LeaderElection44] INFO  impl.LeaderElection (LeaderElection.java:askForVotes(178)) - 05f59524-a4ea-4be4-b99d-fb9eed47142d@group-9DC5606B5DE8-LeaderElection44: begin an election at term 33 for -1: [05f59524-a4ea-4be4-b99d-fb9eed47142d:192.168.34.62:45919, 4b035f45-7941-40c3-ba2d-1cbecd2d369e:192.168.34.62:45443, 920a4478-64f4-4720-983c-9a2102f3c94b:192.168.34.62:38609], old=null
2019-10-17 07:38:16,379 [grpc-default-executor-6] INFO  impl.RaftServerImpl (RaftServerImpl.java:setRole(184)) - 4b035f45-7941-40c3-ba2d-1cbecd2d369e@group-9DC5606B5DE8: changes role from  FOLLOWER to FOLLOWER at term 33 for recognizeCandidate:05f59524-a4ea-4be4-b99d-fb9eed47142d
2019-10-17 07:38:16,379 [grpc-default-executor-6] INFO  impl.RoleInfo (RoleInfo.java:shutdownFollowerState(121)) - 4b035f45-7941-40c3-ba2d-1cbecd2d369e: shutdown FollowerState
2019-10-17 07:38:16,379 [grpc-default-executor-5] INFO  impl.RaftServerImpl (RaftServerImpl.java:setRole(184)) - 920a4478-64f4-4720-983c-9a2102f3c94b@group-9DC5606B5DE8: changes role from  FOLLOWER to FOLLOWER at term 33 for recognizeCandidate:05f59524-a4ea-4be4-b99d-fb9eed47142d
2019-10-17 07:38:16,379 [Thread-612] INFO  impl.FollowerState (FollowerState.java:run(117)) - 4b035f45-7941-40c3-ba2d-1cbecd2d369e@group-9DC5606B5DE8-FollowerState was interrupted: java.lang.InterruptedException: sleep interrupted
2019-10-17 07:38:16,379 [grpc-default-executor-6] INFO  impl.RoleInfo (RoleInfo.java:updateAndGet(143)) - 4b035f45-7941-40c3-ba2d-1cbecd2d369e: start FollowerState
2019-10-17 07:38:16,380 [grpc-default-executor-5] INFO  impl.RoleInfo (RoleInfo.java:shutdownFollowerState(121)) - 920a4478-64f4-4720-983c-9a2102f3c94b: shutdown FollowerState
2019-10-17 07:38:16,380 [grpc-default-executor-5] INFO  impl.RoleInfo (RoleInfo.java:updateAndGet(143)) - 920a4478-64f4-4720-983c-9a2102f3c94b: start FollowerState
2019-10-17 07:38:16,380 [Thread-613] INFO  impl.FollowerState (FollowerState.java:run(117)) - 920a4478-64f4-4720-983c-9a2102f3c94b@group-9DC5606B5DE8-FollowerState was interrupted: java.lang.InterruptedException: sleep interrupted
2019-10-17 07:38:16,411 [05f59524-a4ea-4be4-b99d-fb9eed47142d@group-9DC5606B5DE8-LeaderElection44] INFO  impl.LeaderElection (LeaderElection.java:logAndReturn(56)) - 05f59524-a4ea-4be4-b99d-fb9eed47142d@group-9DC5606B5DE8-LeaderElection44: Election REJECTED; received 2 response(s) [05f59524-a4ea-4be4-b99d-fb9eed47142d<-4b035f45-7941-40c3-ba2d-1cbecd2d369e#0:FAIL-t33, 05f59524-a4ea-4be4-b99d-fb9eed47142d<-920a4478-64f4-4720-983c-9a2102f3c94b#0:FAIL-t33] and 0 exception(s); 05f59524-a4ea-4be4-b99d-fb9eed47142d@group-9DC5606B5DE8:t33, leader=null, voted=05f59524-a4ea-4be4-b99d-fb9eed47142d, raftlog=05f59524-a4ea-4be4-b99d-fb9eed47142d@group-9DC5606B5DE8-SegmentedRaftLog:OPENED:c-1,f-1,i0, conf=-1: [05f59524-a4ea-4be4-b99d-fb9eed47142d:192.168.34.62:45919, 4b035f45-7941-40c3-ba2d-1cbecd2d369e:192.168.34.62:45443, 920a4478-64f4-4720-983c-9a2102f3c94b:192.168.34.62:38609], old=null
2019-10-17 07:38:16,411 [05f59524-a4ea-4be4-b99d-fb9eed47142d@group-9DC5606B5DE8-LeaderElection44] INFO  impl.RaftServerImpl (RaftServerImpl.java:setRole(184)) - 05f59524-a4ea-4be4-b99d-fb9eed47142d@group-9DC5606B5DE8: changes role from CANDIDATE to FOLLOWER at term 33 for DISCOVERED_A_NEW_TERM
2019-10-17 07:38:16,411 [05f59524-a4ea-4be4-b99d-fb9eed47142d@group-9DC5606B5DE8-LeaderElection44] INFO  impl.RoleInfo (RoleInfo.java:shutdownLeaderElection(134)) - 05f59524-a4ea-4be4-b99d-fb9eed47142d: shutdown LeaderElection
2019-10-17 07:38:16,412 [05f59524-a4ea-4be4-b99d-fb9eed47142d@group-9DC5606B5DE8-LeaderElection44] INFO  impl.RoleInfo (RoleInfo.java:updateAndGet(143)) - 05f59524-a4ea-4be4-b99d-fb9eed47142d: start FollowerState
2019-10-17 07:38:16,571 [Thread-620] INFO  impl.FollowerState (FollowerState.java:run(108)) - 05f59524-a4ea-4be4-b99d-fb9eed47142d@group-9DC5606B5DE8-FollowerState: change to CANDIDATE, lastRpcTime:159ms, electionTimeout:159ms
2019-10-17 07:38:16,571 [Thread-620] INFO  impl.RoleInfo (RoleInfo.java:shutdownFollowerState(121)) - 05f59524-a4ea-4be4-b99d-fb9eed47142d: shutdown FollowerState
2019-10-17 07:38:16,571 [Thread-620] INFO  impl.RaftServerImpl (RaftServerImpl.java:setRole(184)) - 05f59524-a4ea-4be4-b99d-fb9eed47142d@group-9DC5606B5DE8: changes role from  FOLLOWER to CANDIDATE at term 33 for changeToCandidate
2019-10-17 07:38:16,572 [Thread-620] INFO  impl.RoleInfo (RoleInfo.java:updateAndGet(143)) - 05f59524-a4ea-4be4-b99d-fb9eed47142d: start LeaderElection
2019-10-17 07:38:16,602 [05f59524-a4ea-4be4-b99d-fb9eed47142d@group-9DC5606B5DE8-LeaderElection45] INFO  impl.LeaderElection (LeaderElection.java:askForVotes(178)) - 05f59524-a4ea-4be4-b99d-fb9eed47142d@group-9DC5606B5DE8-LeaderElection45: begin an election at term 34 for -1: [05f59524-a4ea-4be4-b99d-fb9eed47142d:192.168.34.62:45919, 4b035f45-7941-40c3-ba2d-1cbecd2d369e:192.168.34.62:45443, 920a4478-64f4-4720-983c-9a2102f3c94b:192.168.34.62:38609], old=null
2019-10-17 07:38:16,608 [grpc-default-executor-5] INFO  impl.RaftServerImpl (RaftServerImpl.java:setRole(184)) - 920a4478-64f4-4720-983c-9a2102f3c94b@group-9DC5606B5DE8: changes role from  FOLLOWER to FOLLOWER at term 34 for recognizeCandidate:05f59524-a4ea-4be4-b99d-fb9eed47142d
2019-10-17 07:38:16,608 [grpc-default-executor-6] INFO  impl.RaftServerImpl (RaftServerImpl.java:setRole(184)) - 4b035f45-7941-40c3-ba2d-1cbecd2d369e@group-9DC5606B5DE8: changes role from  FOLLOWER to FOLLOWER at term 34 for recognizeCandidate:05f59524-a4ea-4be4-b99d-fb9eed47142d
2019-10-17 07:38:16,609 [grpc-default-executor-5] INFO  impl.RoleInfo (RoleInfo.java:shutdownFollowerState(121)) - 920a4478-64f4-4720-983c-9a2102f3c94b: shutdown FollowerState
2019-10-17 07:38:16,609 [grpc-default-executor-6] INFO  impl.RoleInfo (RoleInfo.java:shutdownFollowerState(121)) - 4b035f45-7941-40c3-ba2d-1cbecd2d369e: shutdown FollowerState
2019-10-17 07:38:16,609 [Thread-619] INFO  impl.FollowerState (FollowerState.java:run(117)) - 920a4478-64f4-4720-983c-9a2102f3c94b@group-9DC5606B5DE8-FollowerState was interrupted: java.lang.InterruptedException: sleep interrupted
2019-10-17 07:38:16,609 [grpc-default-executor-5] INFO  impl.RoleInfo (RoleInfo.java:updateAndGet(143)) - 920a4478-64f4-4720-983c-9a2102f3c94b: start FollowerState
2019-10-17 07:38:16,609 [Thread-618] INFO  impl.FollowerState (FollowerState.java:run(117)) - 4b035f45-7941-40c3-ba2d-1cbecd2d369e@group-9DC5606B5DE8-FollowerState was interrupted: java.lang.InterruptedException: sleep interrupted
2019-10-17 07:38:16,609 [grpc-default-executor-6] INFO  impl.RoleInfo (RoleInfo.java:updateAndGet(143)) - 4b035f45-7941-40c3-ba2d-1cbecd2d369e: start FollowerState
2019-10-17 07:38:16,642 [05f59524-a4ea-4be4-b99d-fb9eed47142d@group-9DC5606B5DE8-LeaderElection45] INFO  impl.LeaderElection (LeaderElection.java:logAndReturn(56)) - 05f59524-a4ea-4be4-b99d-fb9eed47142d@group-9DC5606B5DE8-LeaderElection45: Election REJECTED; received 2 response(s) [05f59524-a4ea-4be4-b99d-fb9eed47142d<-4b035f45-7941-40c3-ba2d-1cbecd2d369e#0:FAIL-t34, 05f59524-a4ea-4be4-b99d-fb9eed47142d<-920a4478-64f4-4720-983c-9a2102f3c94b#0:FAIL-t34] and 0 exception(s); 05f59524-a4ea-4be4-b99d-fb9eed47142d@group-9DC5606B5DE8:t34, leader=null, voted=05f59524-a4ea-4be4-b99d-fb9eed47142d, raftlog=05f59524-a4ea-4be4-b99d-fb9eed47142d@group-9DC5606B5DE8-SegmentedRaftLog:OPENED:c-1,f-1,i0, conf=-1: [05f59524-a4ea-4be4-b99d-fb9eed47142d:192.168.34.62:45919, 4b035f45-7941-40c3-ba2d-1cbecd2d369e:192.168.34.62:45443, 920a4478-64f4-4720-983c-9a2102f3c94b:192.168.34.62:38609], old=null
2019-10-17 07:38:16,642 [05f59524-a4ea-4be4-b99d-fb9eed47142d@group-9DC5606B5DE8-LeaderElection45] INFO  impl.RaftServerImpl (RaftServerImpl.java:setRole(184)) - 05f59524-a4ea-4be4-b99d-fb9eed47142d@group-9DC5606B5DE8: changes role from CANDIDATE to FOLLOWER at term 34 for DISCOVERED_A_NEW_TERM
2019-10-17 07:38:16,643 [05f59524-a4ea-4be4-b99d-fb9eed47142d@group-9DC5606B5DE8-LeaderElection45] INFO  impl.RoleInfo (RoleInfo.java:shutdownLeaderElection(134)) - 05f59524-a4ea-4be4-b99d-fb9eed47142d: shutdown LeaderElection
2019-10-17 07:38:16,643 [05f59524-a4ea-4be4-b99d-fb9eed47142d@group-9DC5606B5DE8-LeaderElection45] INFO  impl.RoleInfo (RoleInfo.java:updateAndGet(143)) - 05f59524-a4ea-4be4-b99d-fb9eed47142d: start FollowerState
2019-10-17 07:38:16,835 [Thread-626] INFO  impl.FollowerState (FollowerState.java:run(108)) - 05f59524-a4ea-4be4-b99d-fb9eed47142d@group-9DC5606B5DE8-FollowerState: change to CANDIDATE, lastRpcTime:192ms, electionTimeout:192ms
2019-10-17 07:38:16,835 [Thread-626] INFO  impl.RoleInfo (RoleInfo.java:shutdownFollowerState(121)) - 05f59524-a4ea-4be4-b99d-fb9eed47142d: shutdown FollowerState
2019-10-17 07:38:16,836 [Thread-626] INFO  impl.RaftServerImpl (RaftServerImpl.java:setRole(184)) - 05f59524-a4ea-4be4-b99d-fb9eed47142d@group-9DC5606B5DE8: changes role from  FOLLOWER to CANDIDATE at term 34 for changeToCandidate
2019-10-17 07:38:16,836 [Thread-626] INFO  impl.RoleInfo (RoleInfo.java:updateAndGet(143)) - 05f59524-a4ea-4be4-b99d-fb9eed47142d: start LeaderElection
2019-10-17 07:38:16,863 [05f59524-a4ea-4be4-b99d-fb9eed47142d@group-9DC5606B5DE8-LeaderElection46] INFO  impl.LeaderElection (LeaderElection.java:askForVotes(178)) - 05f59524-a4ea-4be4-b99d-fb9eed47142d@group-9DC5606B5DE8-LeaderElection46: begin an election at term 35 for -1: [05f59524-a4ea-4be4-b99d-fb9eed47142d:192.168.34.62:45919, 4b035f45-7941-40c3-ba2d-1cbecd2d369e:192.168.34.62:45443, 920a4478-64f4-4720-983c-9a2102f3c94b:192.168.34.62:38609], old=null
2019-10-17 07:38:16,865 [grpc-default-executor-6] INFO  impl.RaftServerImpl (RaftServerImpl.java:setRole(184)) - 4b035f45-7941-40c3-ba2d-1cbecd2d369e@group-9DC5606B5DE8: changes role from  FOLLOWER to FOLLOWER at term 35 for recognizeCandidate:05f59524-a4ea-4be4-b99d-fb9eed47142d
2019-10-17 07:38:16,866 [grpc-default-executor-6] INFO  impl.RoleInfo (RoleInfo.java:shutdownFollowerState(121)) - 4b035f45-7941-40c3-ba2d-1cbecd2d369e: shutdown FollowerState
2019-10-17 07:38:16,866 [grpc-default-executor-5] INFO  impl.RaftServerImpl (RaftServerImpl.java:setRole(184)) - 920a4478-64f4-4720-983c-9a2102f3c94b@group-9DC5606B5DE8: changes role from  FOLLOWER to FOLLOWER at term 35 for recognizeCandidate:05f59524-a4ea-4be4-b99d-fb9eed47142d
2019-10-17 07:38:16,866 [Thread-625] INFO  impl.FollowerState (FollowerState.java:run(117)) - 4b035f45-7941-40c3-ba2d-1cbecd2d369e@group-9DC5606B5DE8-FollowerState was interrupted: java.lang.InterruptedException: sleep interrupted
2019-10-17 07:38:16,866 [grpc-default-executor-6] INFO  impl.RoleInfo (RoleInfo.java:updateAndGet(143)) - 4b035f45-7941-40c3-ba2d-1cbecd2d369e: start FollowerState
2019-10-17 07:38:16,866 [grpc-default-executor-5] INFO  impl.RoleInfo (RoleInfo.java:shutdownFollowerState(121)) - 920a4478-64f4-4720-983c-9a2102f3c94b: shutdown FollowerState
2019-10-17 07:38:16,867 [grpc-default-executor-5] INFO  impl.RoleInfo (RoleInfo.java:updateAndGet(143)) - 920a4478-64f4-4720-983c-9a2102f3c94b: start FollowerState
2019-10-17 07:38:16,867 [Thread-624] INFO  impl.FollowerState (FollowerState.java:run(117)) - 920a4478-64f4-4720-983c-9a2102f3c94b@group-9DC5606B5DE8-FollowerState was interrupted: java.lang.InterruptedException: sleep interrupted
2019-10-17 07:38:16,901 [05f59524-a4ea-4be4-b99d-fb9eed47142d@group-9DC5606B5DE8-LeaderElection46] INFO  impl.LeaderElection (LeaderElection.java:logAndReturn(56)) - 05f59524-a4ea-4be4-b99d-fb9eed47142d@group-9DC5606B5DE8-LeaderElection46: Election REJECTED; received 2 response(s) [05f59524-a4ea-4be4-b99d-fb9eed47142d<-4b035f45-7941-40c3-ba2d-1cbecd2d369e#0:FAIL-t35, 05f59524-a4ea-4be4-b99d-fb9eed47142d<-920a4478-64f4-4720-983c-9a2102f3c94b#0:FAIL-t35] and 0 exception(s); 05f59524-a4ea-4be4-b99d-fb9eed47142d@group-9DC5606B5DE8:t35, leader=null, voted=05f59524-a4ea-4be4-b99d-fb9eed47142d, raftlog=05f59524-a4ea-4be4-b99d-fb9eed47142d@group-9DC5606B5DE8-SegmentedRaftLog:OPENED:c-1,f-1,i0, conf=-1: [05f59524-a4ea-4be4-b99d-fb9eed47142d:192.168.34.62:45919, 4b035f45-7941-40c3-ba2d-1cbecd2d369e:192.168.34.62:45443, 920a4478-64f4-4720-983c-9a2102f3c94b:192.168.34.62:38609], old=null
2019-10-17 07:38:16,901 [05f59524-a4ea-4be4-b99d-fb9eed47142d@group-9DC5606B5DE8-LeaderElection46] INFO  impl.RaftServerImpl (RaftServerImpl.java:setRole(184)) - 05f59524-a4ea-4be4-b99d-fb9eed47142d@group-9DC5606B5DE8: changes role from CANDIDATE to FOLLOWER at term 35 for DISCOVERED_A_NEW_TERM
2019-10-17 07:38:16,902 [05f59524-a4ea-4be4-b99d-fb9eed47142d@group-9DC5606B5DE8-LeaderElection46] INFO  impl.RoleInfo (RoleInfo.java:shutdownLeaderElection(134)) - 05f59524-a4ea-4be4-b99d-fb9eed47142d: shutdown LeaderElection
2019-10-17 07:38:16,902 [05f59524-a4ea-4be4-b99d-fb9eed47142d@group-9DC5606B5DE8-LeaderElection46] INFO  impl.RoleInfo (RoleInfo.java:updateAndGet(143)) - 05f59524-a4ea-4be4-b99d-fb9eed47142d: start FollowerState
2019-10-17 07:38:16,977 [Thread-632] INFO  impl.FollowerState (FollowerState.java:run(108)) - 05f59524-a4ea-4be4-b99d-fb9eed47142d@group-9DC5606B5DE8-FollowerState: change to CANDIDATE, lastRpcTime:75ms, electionTimeout:75ms
2019-10-17 07:38:16,978 [Thread-632] INFO  impl.RoleInfo (RoleInfo.java:shutdownFollowerState(121)) - 05f59524-a4ea-4be4-b99d-fb9eed47142d: shutdown FollowerState
2019-10-17 07:38:16,978 [Thread-632] INFO  impl.RaftServerImpl (RaftServerImpl.java:setRole(184)) - 05f59524-a4ea-4be4-b99d-fb9eed47142d@group-9DC5606B5DE8: changes role from  FOLLOWER to CANDIDATE at term 35 for changeToCandidate
2019-10-17 07:38:16,978 [Thread-632] INFO  impl.RoleInfo (RoleInfo.java:updateAndGet(143)) - 05f59524-a4ea-4be4-b99d-fb9eed47142d: start LeaderElection
2019-10-17 07:38:17,054 [05f59524-a4ea-4be4-b99d-fb9eed47142d@group-9DC5606B5DE8-LeaderElection47] INFO  impl.LeaderElection (LeaderElection.java:askForVotes(178)) - 05f59524-a4ea-4be4-b99d-fb9eed47142d@group-9DC5606B5DE8-LeaderElection47: begin an election at term 36 for -1: [05f59524-a4ea-4be4-b99d-fb9eed47142d:192.168.34.62:45919, 4b035f45-7941-40c3-ba2d-1cbecd2d369e:192.168.34.62:45443, 920a4478-64f4-4720-983c-9a2102f3c94b:192.168.34.62:38609], old=null
2019-10-17 07:38:17,061 [grpc-default-executor-5] INFO  impl.RaftServerImpl (RaftServerImpl.java:setRole(184)) - 4b035f45-7941-40c3-ba2d-1cbecd2d369e@group-9DC5606B5DE8: changes role from  FOLLOWER to FOLLOWER at term 36 for recognizeCandidate:05f59524-a4ea-4be4-b99d-fb9eed47142d
2019-10-17 07:38:17,061 [grpc-default-executor-6] INFO  impl.RaftServerImpl (RaftServerImpl.java:setRole(184)) - 920a4478-64f4-4720-983c-9a2102f3c94b@group-9DC5606B5DE8: changes role from  FOLLOWER to FOLLOWER at term 36 for recognizeCandidate:05f59524-a4ea-4be4-b99d-fb9eed47142d
2019-10-17 07:38:17,061 [grpc-default-executor-5] INFO  impl.RoleInfo (RoleInfo.java:shutdownFollowerState(121)) - 4b035f45-7941-40c3-ba2d-1cbecd2d369e: shutdown FollowerState
2019-10-17 07:38:17,062 [grpc-default-executor-6] INFO  impl.RoleInfo (RoleInfo.java:shutdownFollowerState(121)) - 920a4478-64f4-4720-983c-9a2102f3c94b: shutdown FollowerState
2019-10-17 07:38:17,062 [Thread-630] INFO  impl.FollowerState (FollowerState.java:run(117)) - 4b035f45-7941-40c3-ba2d-1cbecd2d369e@group-9DC5606B5DE8-FollowerState was interrupted: java.lang.InterruptedException: sleep interrupted
2019-10-17 07:38:17,062 [grpc-default-executor-5] INFO  impl.RoleInfo (RoleInfo.java:updateAndGet(143)) - 4b035f45-7941-40c3-ba2d-1cbecd2d369e: start FollowerState
2019-10-17 07:38:17,062 [Thread-631] INFO  impl.FollowerState (FollowerState.java:run(117)) - 920a4478-64f4-4720-983c-9a2102f3c94b@group-9DC5606B5DE8-FollowerState was interrupted: java.lang.InterruptedException: sleep interrupted
2019-10-17 07:38:17,062 [grpc-default-executor-6] INFO  impl.RoleInfo (RoleInfo.java:updateAndGet(143)) - 920a4478-64f4-4720-983c-9a2102f3c94b: start FollowerState
2019-10-17 07:38:17,096 [05f59524-a4ea-4be4-b99d-fb9eed47142d@group-9DC5606B5DE8-LeaderElection47] INFO  impl.LeaderElection (LeaderElection.java:logAndReturn(56)) - 05f59524-a4ea-4be4-b99d-fb9eed47142d@group-9DC5606B5DE8-LeaderElection47: Election REJECTED; received 2 response(s) [05f59524-a4ea-4be4-b99d-fb9eed47142d<-4b035f45-7941-40c3-ba2d-1cbecd2d369e#0:FAIL-t36, 05f59524-a4ea-4be4-b99d-fb9eed47142d<-920a4478-64f4-4720-983c-9a2102f3c94b#0:FAIL-t36] and 0 exception(s); 05f59524-a4ea-4be4-b99d-fb9eed47142d@group-9DC5606B5DE8:t36, leader=null, voted=05f59524-a4ea-4be4-b99d-fb9eed47142d, raftlog=05f59524-a4ea-4be4-b99d-fb9eed47142d@group-9DC5606B5DE8-SegmentedRaftLog:OPENED:c-1,f-1,i0, conf=-1: [05f59524-a4ea-4be4-b99d-fb9eed47142d:192.168.34.62:45919, 4b035f45-7941-40c3-ba2d-1cbecd2d369e:192.168.34.62:45443, 920a4478-64f4-4720-983c-9a2102f3c94b:192.168.34.62:38609], old=null
2019-10-17 07:38:17,096 [05f59524-a4ea-4be4-b99d-fb9eed47142d@group-9DC5606B5DE8-LeaderElection47] INFO  impl.RaftServerImpl (RaftServerImpl.java:setRole(184)) - 05f59524-a4ea-4be4-b99d-fb9eed47142d@group-9DC5606B5DE8: changes role from CANDIDATE to FOLLOWER at term 36 for DISCOVERED_A_NEW_TERM
2019-10-17 07:38:17,096 [05f59524-a4ea-4be4-b99d-fb9eed47142d@group-9DC5606B5DE8-LeaderElection47] INFO  impl.RoleInfo (RoleInfo.java:shutdownLeaderElection(134)) - 05f59524-a4ea-4be4-b99d-fb9eed47142d: shutdown LeaderElection
2019-10-17 07:38:17,097 [05f59524-a4ea-4be4-b99d-fb9eed47142d@group-9DC5606B5DE8-LeaderElection47] INFO  impl.RoleInfo (RoleInfo.java:updateAndGet(143)) - 05f59524-a4ea-4be4-b99d-fb9eed47142d: start FollowerState
2019-10-17 07:38:17,153 [Thread-638] INFO  impl.FollowerState (FollowerState.java:run(108)) - 05f59524-a4ea-4be4-b99d-fb9eed47142d@group-9DC5606B5DE8-FollowerState: change to CANDIDATE, lastRpcTime:56ms, electionTimeout:56ms
2019-10-17 07:38:17,153 [Thread-638] INFO  impl.RoleInfo (RoleInfo.java:shutdownFollowerState(121)) - 05f59524-a4ea-4be4-b99d-fb9eed47142d: shutdown FollowerState
2019-10-17 07:38:17,153 [Thread-638] INFO  impl.RaftServerImpl (RaftServerImpl.java:setRole(184)) - 05f59524-a4ea-4be4-b99d-fb9eed47142d@group-9DC5606B5DE8: changes role from  FOLLOWER to CANDIDATE at term 36 for changeToCandidate
2019-10-17 07:38:17,154 [Thread-638] INFO  impl.RoleInfo (RoleInfo.java:updateAndGet(143)) - 05f59524-a4ea-4be4-b99d-fb9eed47142d: start LeaderElection
2019-10-17 07:38:17,205 [05f59524-a4ea-4be4-b99d-fb9eed47142d@group-9DC5606B5DE8-LeaderElection48] INFO  impl.LeaderElection (LeaderElection.java:askForVotes(178)) - 05f59524-a4ea-4be4-b99d-fb9eed47142d@group-9DC5606B5DE8-LeaderElection48: begin an election at term 37 for -1: [05f59524-a4ea-4be4-b99d-fb9eed47142d:192.168.34.62:45919, 4b035f45-7941-40c3-ba2d-1cbecd2d369e:192.168.34.62:45443, 920a4478-64f4-4720-983c-9a2102f3c94b:192.168.34.62:38609], old=null
2019-10-17 07:38:17,208 [grpc-default-executor-6] INFO  impl.RaftServerImpl (RaftServerImpl.java:setRole(184)) - 4b035f45-7941-40c3-ba2d-1cbecd2d369e@group-9DC5606B5DE8: changes role from  FOLLOWER to FOLLOWER at term 37 for recognizeCandidate:05f59524-a4ea-4be4-b99d-fb9eed47142d
2019-10-17 07:38:17,208 [grpc-default-executor-6] INFO  impl.RoleInfo (RoleInfo.java:shutdownFollowerState(121)) - 4b035f45-7941-40c3-ba2d-1cbecd2d369e: shutdown FollowerState
2019-10-17 07:38:17,208 [grpc-default-executor-5] INFO  impl.RaftServerImpl (RaftServerImpl.java:setRole(184)) - 920a4478-64f4-4720-983c-9a2102f3c94b@group-9DC5606B5DE8: changes role from  FOLLOWER to FOLLOWER at term 37 for recognizeCandidate:05f59524-a4ea-4be4-b99d-fb9eed47142d
2019-10-17 07:38:17,208 [Thread-636] INFO  impl.FollowerState (FollowerState.java:run(117)) - 4b035f45-7941-40c3-ba2d-1cbecd2d369e@group-9DC5606B5DE8-FollowerState was interrupted: java.lang.InterruptedException: sleep interrupted
2019-10-17 07:38:17,208 [grpc-default-executor-6] INFO  impl.RoleInfo (RoleInfo.java:updateAndGet(143)) - 4b035f45-7941-40c3-ba2d-1cbecd2d369e: start FollowerState
2019-10-17 07:38:17,208 [grpc-default-executor-5] INFO  impl.RoleInfo (RoleInfo.java:shutdownFollowerState(121)) - 920a4478-64f4-4720-983c-9a2102f3c94b: shutdown FollowerState
2019-10-17 07:38:17,209 [grpc-default-executor-5] INFO  impl.RoleInfo (RoleInfo.java:updateAndGet(143)) - 920a4478-64f4-4720-983c-9a2102f3c94b: start FollowerState
2019-10-17 07:38:17,209 [Thread-637] INFO  impl.FollowerState (FollowerState.java:run(117)) - 920a4478-64f4-4720-983c-9a2102f3c94b@group-9DC5606B5DE8-FollowerState was interrupted: java.lang.InterruptedException: sleep interrupted
2019-10-17 07:38:17,235 [05f59524-a4ea-4be4-b99d-fb9eed47142d@group-9DC5606B5DE8-LeaderElection48] INFO  impl.LeaderElection (LeaderElection.java:logAndReturn(56)) - 05f59524-a4ea-4be4-b99d-fb9eed47142d@group-9DC5606B5DE8-LeaderElection48: Election TIMEOUT; received 0 response(s) [] and 0 exception(s); 05f59524-a4ea-4be4-b99d-fb9eed47142d@group-9DC5606B5DE8:t37, leader=null, voted=05f59524-a4ea-4be4-b99d-fb9eed47142d, raftlog=05f59524-a4ea-4be4-b99d-fb9eed47142d@group-9DC5606B5DE8-SegmentedRaftLog:OPENED:c-1,f-1,i0, conf=-1: [05f59524-a4ea-4be4-b99d-fb9eed47142d:192.168.34.62:45919, 4b035f45-7941-40c3-ba2d-1cbecd2d369e:192.168.34.62:45443, 920a4478-64f4-4720-983c-9a2102f3c94b:192.168.34.62:38609], old=null
2019-10-17 07:38:17,285 [05f59524-a4ea-4be4-b99d-fb9eed47142d@group-9DC5606B5DE8-LeaderElection48] INFO  impl.LeaderElection (LeaderElection.java:askForVotes(178)) - 05f59524-a4ea-4be4-b99d-fb9eed47142d@group-9DC5606B5DE8-LeaderElection48: begin an election at term 38 for -1: [05f59524-a4ea-4be4-b99d-fb9eed47142d:192.168.34.62:45919, 4b035f45-7941-40c3-ba2d-1cbecd2d369e:192.168.34.62:45443, 920a4478-64f4-4720-983c-9a2102f3c94b:192.168.34.62:38609], old=null
2019-10-17 07:38:17,291 [05f59524-a4ea-4be4-b99d-fb9eed47142d@group-9DC5606B5DE8-LeaderElection48] INFO  impl.LeaderElection (LeaderElection.java:logAndReturn(56)) - 05f59524-a4ea-4be4-b99d-fb9eed47142d@group-9DC5606B5DE8-LeaderElection48: Election TIMEOUT; received 0 response(s) [] and 0 exception(s); 05f59524-a4ea-4be4-b99d-fb9eed47142d@group-9DC5606B5DE8:t38, leader=null, voted=05f59524-a4ea-4be4-b99d-fb9eed47142d, raftlog=05f59524-a4ea-4be4-b99d-fb9eed47142d@group-9DC5606B5DE8-SegmentedRaftLog:OPENED:c-1,f-1,i0, conf=-1: [05f59524-a4ea-4be4-b99d-fb9eed47142d:192.168.34.62:45919, 4b035f45-7941-40c3-ba2d-1cbecd2d369e:192.168.34.62:45443, 920a4478-64f4-4720-983c-9a2102f3c94b:192.168.34.62:38609], old=null
2019-10-17 07:38:17,292 [grpc-default-executor-5] INFO  impl.RaftServerImpl (RaftServerImpl.java:setRole(184)) - 4b035f45-7941-40c3-ba2d-1cbecd2d369e@group-9DC5606B5DE8: changes role from  FOLLOWER to FOLLOWER at term 38 for recognizeCandidate:05f59524-a4ea-4be4-b99d-fb9eed47142d
2019-10-17 07:38:17,292 [grpc-default-executor-6] INFO  impl.RaftServerImpl (RaftServerImpl.java:setRole(184)) - 920a4478-64f4-4720-983c-9a2102f3c94b@group-9DC5606B5DE8: changes role from  FOLLOWER to FOLLOWER at term 38 for recognizeCandidate:05f59524-a4ea-4be4-b99d-fb9eed47142d
2019-10-17 07:38:17,292 [grpc-default-executor-5] INFO  impl.RoleInfo (RoleInfo.java:shutdownFollowerState(121)) - 4b035f45-7941-40c3-ba2d-1cbecd2d369e: shutdown FollowerState
2019-10-17 07:38:17,292 [grpc-default-executor-6] INFO  impl.RoleInfo (RoleInfo.java:shutdownFollowerState(121)) - 920a4478-64f4-4720-983c-9a2102f3c94b: shutdown FollowerState
2019-10-17 07:38:17,292 [Thread-644] INFO  impl.FollowerState (FollowerState.java:run(117)) - 4b035f45-7941-40c3-ba2d-1cbecd2d369e@group-9DC5606B5DE8-FollowerState was interrupted: java.lang.InterruptedException: sleep interrupted
2019-10-17 07:38:17,292 [grpc-default-executor-5] INFO  impl.RoleInfo (RoleInfo.java:updateAndGet(143)) - 4b035f45-7941-40c3-ba2d-1cbecd2d369e: start FollowerState
2019-10-17 07:38:17,293 [Thread-645] INFO  impl.FollowerState (FollowerState.java:run(117)) - 920a4478-64f4-4720-983c-9a2102f3c94b@group-9DC5606B5DE8-FollowerState was interrupted: java.lang.InterruptedException: sleep interrupted
2019-10-17 07:38:17,293 [grpc-default-executor-6] INFO  impl.RoleInfo (RoleInfo.java:updateAndGet(143)) - 920a4478-64f4-4720-983c-9a2102f3c94b: start FollowerState
2019-10-17 07:38:17,324 [05f59524-a4ea-4be4-b99d-fb9eed47142d@group-9DC5606B5DE8-LeaderElection48] INFO  impl.LeaderElection (LeaderElection.java:askForVotes(178)) - 05f59524-a4ea-4be4-b99d-fb9eed47142d@group-9DC5606B5DE8-LeaderElection48: begin an election at term 39 for -1: [05f59524-a4ea-4be4-b99d-fb9eed47142d:192.168.34.62:45919, 4b035f45-7941-40c3-ba2d-1cbecd2d369e:192.168.34.62:45443, 920a4478-64f4-4720-983c-9a2102f3c94b:192.168.34.62:38609], old=null
2019-10-17 07:38:17,327 [grpc-default-executor-5] INFO  impl.RaftServerImpl (RaftServerImpl.java:setRole(184)) - 4b035f45-7941-40c3-ba2d-1cbecd2d369e@group-9DC5606B5DE8: changes role from  FOLLOWER to FOLLOWER at term 39 for recognizeCandidate:05f59524-a4ea-4be4-b99d-fb9eed47142d
2019-10-17 07:38:17,327 [grpc-default-executor-5] INFO  impl.RoleInfo (RoleInfo.java:shutdownFollowerState(121)) - 4b035f45-7941-40c3-ba2d-1cbecd2d369e: shutdown FollowerState
2019-10-17 07:38:17,327 [grpc-default-executor-6] INFO  impl.RaftServerImpl (RaftServerImpl.java:setRole(184)) - 920a4478-64f4-4720-983c-9a2102f3c94b@group-9DC5606B5DE8: changes role from  FOLLOWER to FOLLOWER at term 39 for recognizeCandidate:05f59524-a4ea-4be4-b99d-fb9eed47142d
2019-10-17 07:38:17,328 [Thread-648] INFO  impl.FollowerState (FollowerState.java:run(117)) - 4b035f45-7941-40c3-ba2d-1cbecd2d369e@group-9DC5606B5DE8-FollowerState was interrupted: java.lang.InterruptedException: sleep interrupted
2019-10-17 07:38:17,327 [grpc-default-executor-5] INFO  impl.RoleInfo (RoleInfo.java:updateAndGet(143)) - 4b035f45-7941-40c3-ba2d-1cbecd2d369e: start FollowerState
2019-10-17 07:38:17,328 [grpc-default-executor-6] INFO  impl.RoleInfo (RoleInfo.java:shutdownFollowerState(121)) - 920a4478-64f4-4720-983c-9a2102f3c94b: shutdown FollowerState
2019-10-17 07:38:17,328 [grpc-default-executor-6] INFO  impl.RoleInfo (RoleInfo.java:updateAndGet(143)) - 920a4478-64f4-4720-983c-9a2102f3c94b: start FollowerState
2019-10-17 07:38:17,328 [Thread-649] INFO  impl.FollowerState (FollowerState.java:run(117)) - 920a4478-64f4-4720-983c-9a2102f3c94b@group-9DC5606B5DE8-FollowerState was interrupted: java.lang.InterruptedException: sleep interrupted
2019-10-17 07:38:17,365 [05f59524-a4ea-4be4-b99d-fb9eed47142d@group-9DC5606B5DE8-LeaderElection48] INFO  impl.LeaderElection (LeaderElection.java:logAndReturn(56)) - 05f59524-a4ea-4be4-b99d-fb9eed47142d@group-9DC5606B5DE8-LeaderElection48: Election REJECTED; received 2 response(s) [05f59524-a4ea-4be4-b99d-fb9eed47142d<-4b035f45-7941-40c3-ba2d-1cbecd2d369e#0:FAIL-t39, 05f59524-a4ea-4be4-b99d-fb9eed47142d<-920a4478-64f4-4720-983c-9a2102f3c94b#0:FAIL-t39] and 0 exception(s); 05f59524-a4ea-4be4-b99d-fb9eed47142d@group-9DC5606B5DE8:t39, leader=null, voted=05f59524-a4ea-4be4-b99d-fb9eed47142d, raftlog=05f59524-a4ea-4be4-b99d-fb9eed47142d@group-9DC5606B5DE8-SegmentedRaftLog:OPENED:c-1,f-1,i0, conf=-1: [05f59524-a4ea-4be4-b99d-fb9eed47142d:192.168.34.62:45919, 4b035f45-7941-40c3-ba2d-1cbecd2d369e:192.168.34.62:45443, 920a4478-64f4-4720-983c-9a2102f3c94b:192.168.34.62:38609], old=null
2019-10-17 07:38:17,366 [05f59524-a4ea-4be4-b99d-fb9eed47142d@group-9DC5606B5DE8-LeaderElection48] INFO  impl.RaftServerImpl (RaftServerImpl.java:setRole(184)) - 05f59524-a4ea-4be4-b99d-fb9eed47142d@group-9DC5606B5DE8: changes role from CANDIDATE to FOLLOWER at term 39 for DISCOVERED_A_NEW_TERM
2019-10-17 07:38:17,366 [05f59524-a4ea-4be4-b99d-fb9eed47142d@group-9DC5606B5DE8-LeaderElection48] INFO  impl.RoleInfo (RoleInfo.java:shutdownLeaderElection(134)) - 05f59524-a4ea-4be4-b99d-fb9eed47142d: shutdown LeaderElection
2019-10-17 07:38:17,366 [05f59524-a4ea-4be4-b99d-fb9eed47142d@group-9DC5606B5DE8-LeaderElection48] INFO  impl.RoleInfo (RoleInfo.java:updateAndGet(143)) - 05f59524-a4ea-4be4-b99d-fb9eed47142d: start FollowerState
2019-10-17 07:38:17,390 [Thread-654] INFO  impl.FollowerState (FollowerState.java:run(108)) - 05f59524-a4ea-4be4-b99d-fb9eed47142d@group-9DC5606B5DE8-FollowerState: change to CANDIDATE, lastRpcTime:23ms, electionTimeout:23ms
2019-10-17 07:38:17,390 [Thread-654] INFO  impl.RoleInfo (RoleInfo.java:shutdownFollowerState(121)) - 05f59524-a4ea-4be4-b99d-fb9eed47142d: shutdown FollowerState
2019-10-17 07:38:17,390 [Thread-654] INFO  impl.RaftServerImpl (RaftServerImpl.java:setRole(184)) - 05f59524-a4ea-4be4-b99d-fb9eed47142d@group-9DC5606B5DE8: changes role from  FOLLOWER to CANDIDATE at term 39 for changeToCandidate
2019-10-17 07:38:17,390 [Thread-654] INFO  impl.RoleInfo (RoleInfo.java:updateAndGet(143)) - 05f59524-a4ea-4be4-b99d-fb9eed47142d: start LeaderElection
2019-10-17 07:38:17,420 [05f59524-a4ea-4be4-b99d-fb9eed47142d@group-9DC5606B5DE8-LeaderElection49] INFO  impl.LeaderElection (LeaderElection.java:askForVotes(178)) - 05f59524-a4ea-4be4-b99d-fb9eed47142d@group-9DC5606B5DE8-LeaderElection49: begin an election at term 40 for -1: [05f59524-a4ea-4be4-b99d-fb9eed47142d:192.168.34.62:45919, 4b035f45-7941-40c3-ba2d-1cbecd2d369e:192.168.34.62:45443, 920a4478-64f4-4720-983c-9a2102f3c94b:192.168.34.62:38609], old=null
2019-10-17 07:38:17,423 [grpc-default-executor-5] INFO  impl.RaftServerImpl (RaftServerImpl.java:setRole(184)) - 4b035f45-7941-40c3-ba2d-1cbecd2d369e@group-9DC5606B5DE8: changes role from  FOLLOWER to FOLLOWER at term 40 for recognizeCandidate:05f59524-a4ea-4be4-b99d-fb9eed47142d
2019-10-17 07:38:17,423 [grpc-default-executor-5] INFO  impl.RoleInfo (RoleInfo.java:shutdownFollowerState(121)) - 4b035f45-7941-40c3-ba2d-1cbecd2d369e: shutdown FollowerState
2019-10-17 07:38:17,423 [grpc-default-executor-6] INFO  impl.RaftServerImpl (RaftServerImpl.java:setRole(184)) - 920a4478-64f4-4720-983c-9a2102f3c94b@group-9DC5606B5DE8: changes role from  FOLLOWER to FOLLOWER at term 40 for recognizeCandidate:05f59524-a4ea-4be4-b99d-fb9eed47142d
2019-10-17 07:38:17,423 [Thread-652] INFO  impl.FollowerState (FollowerState.java:run(117)) - 4b035f45-7941-40c3-ba2d-1cbecd2d369e@group-9DC5606B5DE8-FollowerState was interrupted: java.lang.InterruptedException: sleep interrupted
2019-10-17 07:38:17,424 [grpc-default-executor-6] INFO  impl.RoleInfo (RoleInfo.java:shutdownFollowerState(121)) - 920a4478-64f4-4720-983c-9a2102f3c94b: shutdown FollowerState
2019-10-17 07:38:17,423 [grpc-default-executor-5] INFO  impl.RoleInfo (RoleInfo.java:updateAndGet(143)) - 4b035f45-7941-40c3-ba2d-1cbecd2d369e: start FollowerState
2019-10-17 07:38:17,424 [Thread-653] INFO  impl.FollowerState (FollowerState.java:run(117)) - 920a4478-64f4-4720-983c-9a2102f3c94b@group-9DC5606B5DE8-FollowerState was interrupted: java.lang.InterruptedException: sleep interrupted
2019-10-17 07:38:17,424 [grpc-default-executor-6] INFO  impl.RoleInfo (RoleInfo.java:updateAndGet(143)) - 920a4478-64f4-4720-983c-9a2102f3c94b: start FollowerState
2019-10-17 07:38:17,447 [05f59524-a4ea-4be4-b99d-fb9eed47142d@group-9DC5606B5DE8-LeaderElection49] INFO  impl.LeaderElection (LeaderElection.java:logAndReturn(56)) - 05f59524-a4ea-4be4-b99d-fb9eed47142d@group-9DC5606B5DE8-LeaderElection49: Election REJECTED; received 2 response(s) [05f59524-a4ea-4be4-b99d-fb9eed47142d<-4b035f45-7941-40c3-ba2d-1cbecd2d369e#0:FAIL-t40, 05f59524-a4ea-4be4-b99d-fb9eed47142d<-920a4478-64f4-4720-983c-9a2102f3c94b#0:FAIL-t40] and 0 exception(s); 05f59524-a4ea-4be4-b99d-fb9eed47142d@group-9DC5606B5DE8:t40, leader=null, voted=05f59524-a4ea-4be4-b99d-fb9eed47142d, raftlog=05f59524-a4ea-4be4-b99d-fb9eed47142d@group-9DC5606B5DE8-SegmentedRaftLog:OPENED:c-1,f-1,i0, conf=-1: [05f59524-a4ea-4be4-b99d-fb9eed47142d:192.168.34.62:45919, 4b035f45-7941-40c3-ba2d-1cbecd2d369e:192.168.34.62:45443, 920a4478-64f4-4720-983c-9a2102f3c94b:192.168.34.62:38609], old=null
2019-10-17 07:38:17,448 [05f59524-a4ea-4be4-b99d-fb9eed47142d@group-9DC5606B5DE8-LeaderElection49] INFO  impl.RaftServerImpl (RaftServerImpl.java:setRole(184)) - 05f59524-a4ea-4be4-b99d-fb9eed47142d@group-9DC5606B5DE8: changes role from CANDIDATE to FOLLOWER at term 40 for DISCOVERED_A_NEW_TERM
2019-10-17 07:38:17,448 [05f59524-a4ea-4be4-b99d-fb9eed47142d@group-9DC5606B5DE8-LeaderElection49] INFO  impl.RoleInfo (RoleInfo.java:shutdownLeaderElection(134)) - 05f59524-a4ea-4be4-b99d-fb9eed47142d: shutdown LeaderElection
2019-10-17 07:38:17,448 [05f59524-a4ea-4be4-b99d-fb9eed47142d@group-9DC5606B5DE8-LeaderElection49] INFO  impl.RoleInfo (RoleInfo.java:updateAndGet(143)) - 05f59524-a4ea-4be4-b99d-fb9eed47142d: start FollowerState
2019-10-17 07:38:17,566 [Thread-660] INFO  impl.FollowerState (FollowerState.java:run(108)) - 05f59524-a4ea-4be4-b99d-fb9eed47142d@group-9DC5606B5DE8-FollowerState: change to CANDIDATE, lastRpcTime:118ms, electionTimeout:118ms
2019-10-17 07:38:17,567 [Thread-660] INFO  impl.RoleInfo (RoleInfo.java:shutdownFollowerState(121)) - 05f59524-a4ea-4be4-b99d-fb9eed47142d: shutdown FollowerState
2019-10-17 07:38:17,567 [Thread-660] INFO  impl.RaftServerImpl (RaftServerImpl.java:setRole(184)) - 05f59524-a4ea-4be4-b99d-fb9eed47142d@group-9DC5606B5DE8: changes role from  FOLLOWER to CANDIDATE at term 40 for changeToCandidate
2019-10-17 07:38:17,567 [Thread-660] INFO  impl.RoleInfo (RoleInfo.java:updateAndGet(143)) - 05f59524-a4ea-4be4-b99d-fb9eed47142d: start LeaderElection
2019-10-17 07:38:17,621 [05f59524-a4ea-4be4-b99d-fb9eed47142d@group-9DC5606B5DE8-LeaderElection50] INFO  impl.LeaderElection (LeaderElection.java:askForVotes(178)) - 05f59524-a4ea-4be4-b99d-fb9eed47142d@group-9DC5606B5DE8-LeaderElection50: begin an election at term 41 for -1: [05f59524-a4ea-4be4-b99d-fb9eed47142d:192.168.34.62:45919, 4b035f45-7941-40c3-ba2d-1cbecd2d369e:192.168.34.62:45443, 920a4478-64f4-4720-983c-9a2102f3c94b:192.168.34.62:38609], old=null
2019-10-17 07:38:17,625 [grpc-default-executor-5] INFO  impl.RaftServerImpl (RaftServerImpl.java:setRole(184)) - 920a4478-64f4-4720-983c-9a2102f3c94b@group-9DC5606B5DE8: changes role from  FOLLOWER to FOLLOWER at term 41 for recognizeCandidate:05f59524-a4ea-4be4-b99d-fb9eed47142d
2019-10-17 07:38:17,625 [grpc-default-executor-6] INFO  impl.RaftServerImpl (RaftServerImpl.java:setRole(184)) - 4b035f45-7941-40c3-ba2d-1cbecd2d369e@group-9DC5606B5DE8: changes role from  FOLLOWER to FOLLOWER at term 41 for recognizeCandidate:05f59524-a4ea-4be4-b99d-fb9eed47142d
2019-10-17 07:38:17,625 [grpc-default-executor-5] INFO  impl.RoleInfo (RoleInfo.java:shutdownFollowerState(121)) - 920a4478-64f4-4720-983c-9a2102f3c94b: shutdown FollowerState
2019-10-17 07:38:17,626 [grpc-default-executor-6] INFO  impl.RoleInfo (RoleInfo.java:shutdownFollowerState(121)) - 4b035f45-7941-40c3-ba2d-1cbecd2d369e: shutdown FollowerState
2019-10-17 07:38:17,626 [Thread-659] INFO  impl.FollowerState (FollowerState.java:run(117)) - 920a4478-64f4-4720-983c-9a2102f3c94b@group-9DC5606B5DE8-FollowerState was interrupted: java.lang.InterruptedException: sleep interrupted
2019-10-17 07:38:17,626 [grpc-default-executor-5] INFO  impl.RoleInfo (RoleInfo.java:updateAndGet(143)) - 920a4478-64f4-4720-983c-9a2102f3c94b: start FollowerState
2019-10-17 07:38:17,626 [Thread-658] INFO  impl.FollowerState (FollowerState.java:run(117)) - 4b035f45-7941-40c3-ba2d-1cbecd2d369e@group-9DC5606B5DE8-FollowerState was interrupted: java.lang.InterruptedException: sleep interrupted
2019-10-17 07:38:17,626 [grpc-default-executor-6] INFO  impl.RoleInfo (RoleInfo.java:updateAndGet(143)) - 4b035f45-7941-40c3-ba2d-1cbecd2d369e: start FollowerState
2019-10-17 07:38:17,660 [05f59524-a4ea-4be4-b99d-fb9eed47142d@group-9DC5606B5DE8-LeaderElection50] INFO  impl.LeaderElection (LeaderElection.java:logAndReturn(56)) - 05f59524-a4ea-4be4-b99d-fb9eed47142d@group-9DC5606B5DE8-LeaderElection50: Election REJECTED; received 2 response(s) [05f59524-a4ea-4be4-b99d-fb9eed47142d<-4b035f45-7941-40c3-ba2d-1cbecd2d369e#0:FAIL-t41, 05f59524-a4ea-4be4-b99d-fb9eed47142d<-920a4478-64f4-4720-983c-9a2102f3c94b#0:FAIL-t41] and 0 exception(s); 05f59524-a4ea-4be4-b99d-fb9eed47142d@group-9DC5606B5DE8:t41, leader=null, voted=05f59524-a4ea-4be4-b99d-fb9eed47142d, raftlog=05f59524-a4ea-4be4-b99d-fb9eed47142d@group-9DC5606B5DE8-SegmentedRaftLog:OPENED:c-1,f-1,i0, conf=-1: [05f59524-a4ea-4be4-b99d-fb9eed47142d:192.168.34.62:45919, 4b035f45-7941-40c3-ba2d-1cbecd2d369e:192.168.34.62:45443, 920a4478-64f4-4720-983c-9a2102f3c94b:192.168.34.62:38609], old=null
2019-10-17 07:38:17,660 [05f59524-a4ea-4be4-b99d-fb9eed47142d@group-9DC5606B5DE8-LeaderElection50] INFO  impl.RaftServerImpl (RaftServerImpl.java:setRole(184)) - 05f59524-a4ea-4be4-b99d-fb9eed47142d@group-9DC5606B5DE8: changes role from CANDIDATE to FOLLOWER at term 41 for DISCOVERED_A_NEW_TERM
2019-10-17 07:38:17,660 [05f59524-a4ea-4be4-b99d-fb9eed47142d@group-9DC5606B5DE8-LeaderElection50] INFO  impl.RoleInfo (RoleInfo.java:shutdownLeaderElection(134)) - 05f59524-a4ea-4be4-b99d-fb9eed47142d: shutdown LeaderElection
2019-10-17 07:38:17,660 [05f59524-a4ea-4be4-b99d-fb9eed47142d@group-9DC5606B5DE8-LeaderElection50] INFO  impl.RoleInfo (RoleInfo.java:updateAndGet(143)) - 05f59524-a4ea-4be4-b99d-fb9eed47142d: start FollowerState
2019-10-17 07:38:17,811 [Thread-666] INFO  impl.FollowerState (FollowerState.java:run(108)) - 05f59524-a4ea-4be4-b99d-fb9eed47142d@group-9DC5606B5DE8-FollowerState: change to CANDIDATE, lastRpcTime:150ms, electionTimeout:150ms
2019-10-17 07:38:17,811 [Thread-666] INFO  impl.RoleInfo (RoleInfo.java:shutdownFollowerState(121)) - 05f59524-a4ea-4be4-b99d-fb9eed47142d: shutdown FollowerState
2019-10-17 07:38:17,811 [Thread-666] INFO  impl.RaftServerImpl (RaftServerImpl.java:setRole(184)) - 05f59524-a4ea-4be4-b99d-fb9eed47142d@group-9DC5606B5DE8: changes role from  FOLLOWER to CANDIDATE at term 41 for changeToCandidate
2019-10-17 07:38:17,812 [Thread-666] INFO  impl.RoleInfo (RoleInfo.java:updateAndGet(143)) - 05f59524-a4ea-4be4-b99d-fb9eed47142d: start LeaderElection
2019-10-17 07:38:17,866 [05f59524-a4ea-4be4-b99d-fb9eed47142d@group-9DC5606B5DE8-LeaderElection51] INFO  impl.LeaderElection (LeaderElection.java:askForVotes(178)) - 05f59524-a4ea-4be4-b99d-fb9eed47142d@group-9DC5606B5DE8-LeaderElection51: begin an election at term 42 for -1: [05f59524-a4ea-4be4-b99d-fb9eed47142d:192.168.34.62:45919, 4b035f45-7941-40c3-ba2d-1cbecd2d369e:192.168.34.62:45443, 920a4478-64f4-4720-983c-9a2102f3c94b:192.168.34.62:38609], old=null
2019-10-17 07:38:17,880 [grpc-default-executor-5] INFO  impl.RaftServerImpl (RaftServerImpl.java:setRole(184)) - 920a4478-64f4-4720-983c-9a2102f3c94b@group-9DC5606B5DE8: changes role from  FOLLOWER to FOLLOWER at term 42 for recognizeCandidate:05f59524-a4ea-4be4-b99d-fb9eed47142d
2019-10-17 07:38:17,880 [grpc-default-executor-6] INFO  impl.RaftServerImpl (RaftServerImpl.java:setRole(184)) - 4b035f45-7941-40c3-ba2d-1cbecd2d369e@group-9DC5606B5DE8: changes role from  FOLLOWER to FOLLOWER at term 42 for recognizeCandidate:05f59524-a4ea-4be4-b99d-fb9eed47142d
2019-10-17 07:38:17,880 [grpc-default-executor-5] INFO  impl.RoleInfo (RoleInfo.java:shutdownFollowerState(121)) - 920a4478-64f4-4720-983c-9a2102f3c94b: shutdown FollowerState
2019-10-17 07:38:17,880 [grpc-default-executor-6] INFO  impl.RoleInfo (RoleInfo.java:shutdownFollowerState(121)) - 4b035f45-7941-40c3-ba2d-1cbecd2d369e: shutdown FollowerState
2019-10-17 07:38:17,881 [Thread-664] INFO  impl.FollowerState (FollowerState.java:run(117)) - 920a4478-64f4-4720-983c-9a2102f3c94b@group-9DC5606B5DE8-FollowerState was interrupted: java.lang.InterruptedException: sleep interrupted
2019-10-17 07:38:17,881 [grpc-default-executor-5] INFO  impl.RoleInfo (RoleInfo.java:updateAndGet(143)) - 920a4478-64f4-4720-983c-9a2102f3c94b: start FollowerState
2019-10-17 07:38:17,881 [Thread-665] INFO  impl.FollowerState (FollowerState.java:run(117)) - 4b035f45-7941-40c3-ba2d-1cbecd2d369e@group-9DC5606B5DE8-FollowerState was interrupted: java.lang.InterruptedException: sleep interrupted
2019-10-17 07:38:17,881 [grpc-default-executor-6] INFO  impl.RoleInfo (RoleInfo.java:updateAndGet(143)) - 4b035f45-7941-40c3-ba2d-1cbecd2d369e: start FollowerState
2019-10-17 07:38:17,923 [05f59524-a4ea-4be4-b99d-fb9eed47142d@group-9DC5606B5DE8-LeaderElection51] INFO  impl.LeaderElection (LeaderElection.java:logAndReturn(56)) - 05f59524-a4ea-4be4-b99d-fb9eed47142d@group-9DC5606B5DE8-LeaderElection51: Election REJECTED; received 2 response(s) [05f59524-a4ea-4be4-b99d-fb9eed47142d<-4b035f45-7941-40c3-ba2d-1cbecd2d369e#0:FAIL-t42, 05f59524-a4ea-4be4-b99d-fb9eed47142d<-920a4478-64f4-4720-983c-9a2102f3c94b#0:FAIL-t42] and 0 exception(s); 05f59524-a4ea-4be4-b99d-fb9eed47142d@group-9DC5606B5DE8:t42, leader=null, voted=05f59524-a4ea-4be4-b99d-fb9eed47142d, raftlog=05f59524-a4ea-4be4-b99d-fb9eed47142d@group-9DC5606B5DE8-SegmentedRaftLog:OPENED:c-1,f-1,i0, conf=-1: [05f59524-a4ea-4be4-b99d-fb9eed47142d:192.168.34.62:45919, 4b035f45-7941-40c3-ba2d-1cbecd2d369e:192.168.34.62:45443, 920a4478-64f4-4720-983c-9a2102f3c94b:192.168.34.62:38609], old=null
2019-10-17 07:38:17,924 [05f59524-a4ea-4be4-b99d-fb9eed47142d@group-9DC5606B5DE8-LeaderElection51] INFO  impl.RaftServerImpl (RaftServerImpl.java:setRole(184)) - 05f59524-a4ea-4be4-b99d-fb9eed47142d@group-9DC5606B5DE8: changes role from CANDIDATE to FOLLOWER at term 42 for DISCOVERED_A_NEW_TERM
2019-10-17 07:38:17,924 [05f59524-a4ea-4be4-b99d-fb9eed47142d@group-9DC5606B5DE8-LeaderElection51] INFO  impl.RoleInfo (RoleInfo.java:shutdownLeaderElection(134)) - 05f59524-a4ea-4be4-b99d-fb9eed47142d: shutdown LeaderElection
2019-10-17 07:38:17,924 [05f59524-a4ea-4be4-b99d-fb9eed47142d@group-9DC5606B5DE8-LeaderElection51] INFO  impl.RoleInfo (RoleInfo.java:updateAndGet(143)) - 05f59524-a4ea-4be4-b99d-fb9eed47142d: start FollowerState
2019-10-17 07:38:18,107 [Thread-672] INFO  impl.FollowerState (FollowerState.java:run(108)) - 05f59524-a4ea-4be4-b99d-fb9eed47142d@group-9DC5606B5DE8-FollowerState: change to CANDIDATE, lastRpcTime:183ms, electionTimeout:183ms
2019-10-17 07:38:18,108 [Thread-672] INFO  impl.RoleInfo (RoleInfo.java:shutdownFollowerState(121)) - 05f59524-a4ea-4be4-b99d-fb9eed47142d: shutdown FollowerState
2019-10-17 07:38:18,108 [Thread-672] INFO  impl.RaftServerImpl (RaftServerImpl.java:setRole(184)) - 05f59524-a4ea-4be4-b99d-fb9eed47142d@group-9DC5606B5DE8: changes role from  FOLLOWER to CANDIDATE at term 42 for changeToCandidate
2019-10-17 07:38:18,108 [Thread-672] INFO  impl.RoleInfo (RoleInfo.java:updateAndGet(143)) - 05f59524-a4ea-4be4-b99d-fb9eed47142d: start LeaderElection
2019-10-17 07:38:18,166 [05f59524-a4ea-4be4-b99d-fb9eed47142d@group-9DC5606B5DE8-LeaderElection52] INFO  impl.LeaderElection (LeaderElection.java:askForVotes(178)) - 05f59524-a4ea-4be4-b99d-fb9eed47142d@group-9DC5606B5DE8-LeaderElection52: begin an election at term 43 for -1: [05f59524-a4ea-4be4-b99d-fb9eed47142d:192.168.34.62:45919, 4b035f45-7941-40c3-ba2d-1cbecd2d369e:192.168.34.62:45443, 920a4478-64f4-4720-983c-9a2102f3c94b:192.168.34.62:38609], old=null
2019-10-17 07:38:18,169 [grpc-default-executor-6] INFO  impl.RaftServerImpl (RaftServerImpl.java:setRole(184)) - 4b035f45-7941-40c3-ba2d-1cbecd2d369e@group-9DC5606B5DE8: changes role from  FOLLOWER to FOLLOWER at term 43 for recognizeCandidate:05f59524-a4ea-4be4-b99d-fb9eed47142d
2019-10-17 07:38:18,169 [grpc-default-executor-5] INFO  impl.RaftServerImpl (RaftServerImpl.java:setRole(184)) - 920a4478-64f4-4720-983c-9a2102f3c94b@group-9DC5606B5DE8: changes role from  FOLLOWER to FOLLOWER at term 43 for recognizeCandidate:05f59524-a4ea-4be4-b99d-fb9eed47142d
2019-10-17 07:38:18,169 [grpc-default-executor-6] INFO  impl.RoleInfo (RoleInfo.java:shutdownFollowerState(121)) - 4b035f45-7941-40c3-ba2d-1cbecd2d369e: shutdown FollowerState
2019-10-17 07:38:18,169 [grpc-default-executor-5] INFO  impl.RoleInfo (RoleInfo.java:shutdownFollowerState(121)) - 920a4478-64f4-4720-983c-9a2102f3c94b: shutdown FollowerState
2019-10-17 07:38:18,170 [Thread-671] INFO  impl.FollowerState (FollowerState.java:run(117)) - 4b035f45-7941-40c3-ba2d-1cbecd2d369e@group-9DC5606B5DE8-FollowerState was interrupted: java.lang.InterruptedException: sleep interrupted
2019-10-17 07:38:18,170 [grpc-default-executor-5] INFO  impl.RoleInfo (RoleInfo.java:updateAndGet(143)) - 920a4478-64f4-4720-983c-9a2102f3c94b: start FollowerState
2019-10-17 07:38:18,169 [grpc-default-executor-6] INFO  impl.RoleInfo (RoleInfo.java:updateAndGet(143)) - 4b035f45-7941-40c3-ba2d-1cbecd2d369e: start FollowerState
2019-10-17 07:38:18,170 [Thread-670] INFO  impl.FollowerState (FollowerState.java:run(117)) - 920a4478-64f4-4720-983c-9a2102f3c94b@group-9DC5606B5DE8-FollowerState was interrupted: java.lang.InterruptedException: sleep interrupted
2019-10-17 07:38:18,206 [05f59524-a4ea-4be4-b99d-fb9eed47142d@group-9DC5606B5DE8-LeaderElection52] INFO  impl.LeaderElection (LeaderElection.java:logAndReturn(56)) - 05f59524-a4ea-4be4-b99d-fb9eed47142d@group-9DC5606B5DE8-LeaderElection52: Election REJECTED; received 2 response(s) [05f59524-a4ea-4be4-b99d-fb9eed47142d<-4b035f45-7941-40c3-ba2d-1cbecd2d369e#0:FAIL-t43, 05f59524-a4ea-4be4-b99d-fb9eed47142d<-920a4478-64f4-4720-983c-9a2102f3c94b#0:FAIL-t43] and 0 exception(s); 05f59524-a4ea-4be4-b99d-fb9eed47142d@group-9DC5606B5DE8:t43, leader=null, voted=05f59524-a4ea-4be4-b99d-fb9eed47142d, raftlog=05f59524-a4ea-4be4-b99d-fb9eed47142d@group-9DC5606B5DE8-SegmentedRaftLog:OPENED:c-1,f-1,i0, conf=-1: [05f59524-a4ea-4be4-b99d-fb9eed47142d:192.168.34.62:45919, 4b035f45-7941-40c3-ba2d-1cbecd2d369e:192.168.34.62:45443, 920a4478-64f4-4720-983c-9a2102f3c94b:192.168.34.62:38609], old=null
2019-10-17 07:38:18,206 [05f59524-a4ea-4be4-b99d-fb9eed47142d@group-9DC5606B5DE8-LeaderElection52] INFO  impl.RaftServerImpl (RaftServerImpl.java:setRole(184)) - 05f59524-a4ea-4be4-b99d-fb9eed47142d@group-9DC5606B5DE8: changes role from CANDIDATE to FOLLOWER at term 43 for DISCOVERED_A_NEW_TERM
2019-10-17 07:38:18,206 [05f59524-a4ea-4be4-b99d-fb9eed47142d@group-9DC5606B5DE8-LeaderElection52] INFO  impl.RoleInfo (RoleInfo.java:shutdownLeaderElection(134)) - 05f59524-a4ea-4be4-b99d-fb9eed47142d: shutdown LeaderElection
2019-10-17 07:38:18,206 [05f59524-a4ea-4be4-b99d-fb9eed47142d@group-9DC5606B5DE8-LeaderElection52] INFO  impl.RoleInfo (RoleInfo.java:updateAndGet(143)) - 05f59524-a4ea-4be4-b99d-fb9eed47142d: start FollowerState
2019-10-17 07:38:18,397 [Thread-678] INFO  impl.FollowerState (FollowerState.java:run(108)) - 05f59524-a4ea-4be4-b99d-fb9eed47142d@group-9DC5606B5DE8-FollowerState: change to CANDIDATE, lastRpcTime:190ms, electionTimeout:190ms
2019-10-17 07:38:18,397 [Thread-678] INFO  impl.RoleInfo (RoleInfo.java:shutdownFollowerState(121)) - 05f59524-a4ea-4be4-b99d-fb9eed47142d: shutdown FollowerState
2019-10-17 07:38:18,397 [Thread-678] INFO  impl.RaftServerImpl (RaftServerImpl.java:setRole(184)) - 05f59524-a4ea-4be4-b99d-fb9eed47142d@group-9DC5606B5DE8: changes role from  FOLLOWER to CANDIDATE at term 43 for changeToCandidate
2019-10-17 07:38:18,398 [Thread-678] INFO  impl.RoleInfo (RoleInfo.java:updateAndGet(143)) - 05f59524-a4ea-4be4-b99d-fb9eed47142d: start LeaderElection
2019-10-17 07:38:18,443 [05f59524-a4ea-4be4-b99d-fb9eed47142d@group-9DC5606B5DE8-LeaderElection53] INFO  impl.LeaderElection (LeaderElection.java:askForVotes(178)) - 05f59524-a4ea-4be4-b99d-fb9eed47142d@group-9DC5606B5DE8-LeaderElection53: begin an election at term 44 for -1: [05f59524-a4ea-4be4-b99d-fb9eed47142d:192.168.34.62:45919, 4b035f45-7941-40c3-ba2d-1cbecd2d369e:192.168.34.62:45443, 920a4478-64f4-4720-983c-9a2102f3c94b:192.168.34.62:38609], old=null
2019-10-17 07:38:18,446 [grpc-default-executor-5] INFO  impl.RaftServerImpl (RaftServerImpl.java:setRole(184)) - 4b035f45-7941-40c3-ba2d-1cbecd2d369e@group-9DC5606B5DE8: changes role from  FOLLOWER to FOLLOWER at term 44 for recognizeCandidate:05f59524-a4ea-4be4-b99d-fb9eed47142d
2019-10-17 07:38:18,446 [grpc-default-executor-5] INFO  impl.RoleInfo (RoleInfo.java:shutdownFollowerState(121)) - 4b035f45-7941-40c3-ba2d-1cbecd2d369e: shutdown FollowerState
2019-10-17 07:38:18,446 [grpc-default-executor-5] INFO  impl.RoleInfo (RoleInfo.java:updateAndGet(143)) - 4b035f45-7941-40c3-ba2d-1cbecd2d369e: start FollowerState
2019-10-17 07:38:18,446 [Thread-676] INFO  impl.FollowerState (FollowerState.java:run(117)) - 4b035f45-7941-40c3-ba2d-1cbecd2d369e@group-9DC5606B5DE8-FollowerState was interrupted: java.lang.InterruptedException: sleep interrupted
2019-10-17 07:38:18,447 [grpc-default-executor-6] INFO  impl.RaftServerImpl (RaftServerImpl.java:setRole(184)) - 920a4478-64f4-4720-983c-9a2102f3c94b@group-9DC5606B5DE8: changes role from  FOLLOWER to FOLLOWER at term 44 for recognizeCandidate:05f59524-a4ea-4be4-b99d-fb9eed47142d
2019-10-17 07:38:18,447 [grpc-default-executor-6] INFO  impl.RoleInfo (RoleInfo.java:shutdownFollowerState(121)) - 920a4478-64f4-4720-983c-9a2102f3c94b: shutdown FollowerState
2019-10-17 07:38:18,447 [grpc-default-executor-6] INFO  impl.RoleInfo (RoleInfo.java:updateAndGet(143)) - 920a4478-64f4-4720-983c-9a2102f3c94b: start FollowerState
2019-10-17 07:38:18,447 [Thread-677] INFO  impl.FollowerState (FollowerState.java:run(117)) - 920a4478-64f4-4720-983c-9a2102f3c94b@group-9DC5606B5DE8-FollowerState was interrupted: java.lang.InterruptedException: sleep interrupted
2019-10-17 07:38:18,471 [05f59524-a4ea-4be4-b99d-fb9eed47142d@group-9DC5606B5DE8-LeaderElection53] INFO  impl.LeaderElection (LeaderElection.java:logAndReturn(56)) - 05f59524-a4ea-4be4-b99d-fb9eed47142d@group-9DC5606B5DE8-LeaderElection53: Election TIMEOUT; received 0 response(s) [] and 0 exception(s); 05f59524-a4ea-4be4-b99d-fb9eed47142d@group-9DC5606B5DE8:t44, leader=null, voted=05f59524-a4ea-4be4-b99d-fb9eed47142d, raftlog=05f59524-a4ea-4be4-b99d-fb9eed47142d@group-9DC5606B5DE8-SegmentedRaftLog:OPENED:c-1,f-1,i0, conf=-1: [05f59524-a4ea-4be4-b99d-fb9eed47142d:192.168.34.62:45919, 4b035f45-7941-40c3-ba2d-1cbecd2d369e:192.168.34.62:45443, 920a4478-64f4-4720-983c-9a2102f3c94b:192.168.34.62:38609], old=null
2019-10-17 07:38:18,579 [05f59524-a4ea-4be4-b99d-fb9eed47142d@group-9DC5606B5DE8-LeaderElection53] INFO  impl.LeaderElection (LeaderElection.java:askForVotes(178)) - 05f59524-a4ea-4be4-b99d-fb9eed47142d@group-9DC5606B5DE8-LeaderElection53: begin an election at term 45 for -1: [05f59524-a4ea-4be4-b99d-fb9eed47142d:192.168.34.62:45919, 4b035f45-7941-40c3-ba2d-1cbecd2d369e:192.168.34.62:45443, 920a4478-64f4-4720-983c-9a2102f3c94b:192.168.34.62:38609], old=null
2019-10-17 07:38:18,582 [grpc-default-executor-5] INFO  impl.RaftServerImpl (RaftServerImpl.java:setRole(184)) - 4b035f45-7941-40c3-ba2d-1cbecd2d369e@group-9DC5606B5DE8: changes role from  FOLLOWER to FOLLOWER at term 45 for recognizeCandidate:05f59524-a4ea-4be4-b99d-fb9eed47142d
2019-10-17 07:38:18,582 [grpc-default-executor-5] INFO  impl.RoleInfo (RoleInfo.java:shutdownFollowerState(121)) - 4b035f45-7941-40c3-ba2d-1cbecd2d369e: shutdown FollowerState
2019-10-17 07:38:18,583 [grpc-default-executor-5] INFO  impl.RoleInfo (RoleInfo.java:updateAndGet(143)) - 4b035f45-7941-40c3-ba2d-1cbecd2d369e: start FollowerState
2019-10-17 07:38:18,583 [grpc-default-executor-6] INFO  impl.RaftServerImpl (RaftServerImpl.java:setRole(184)) - 920a4478-64f4-4720-983c-9a2102f3c94b@group-9DC5606B5DE8: changes role from  FOLLOWER to FOLLOWER at term 45 for recognizeCandidate:05f59524-a4ea-4be4-b99d-fb9eed47142d
2019-10-17 07:38:18,583 [Thread-682] INFO  impl.FollowerState (FollowerState.java:run(117)) - 4b035f45-7941-40c3-ba2d-1cbecd2d369e@group-9DC5606B5DE8-FollowerState was interrupted: java.lang.InterruptedException: sleep interrupted
2019-10-17 07:38:18,583 [grpc-default-executor-6] INFO  impl.RoleInfo (RoleInfo.java:shutdownFollowerState(121)) - 920a4478-64f4-4720-983c-9a2102f3c94b: shutdown FollowerState
2019-10-17 07:38:18,583 [Thread-683] INFO  impl.FollowerState (FollowerState.java:run(117)) - 920a4478-64f4-4720-983c-9a2102f3c94b@group-9DC5606B5DE8-FollowerState was interrupted: java.lang.InterruptedException: sleep interrupted
2019-10-17 07:38:18,583 [grpc-default-executor-6] INFO  impl.RoleInfo (RoleInfo.java:updateAndGet(143)) - 920a4478-64f4-4720-983c-9a2102f3c94b: start FollowerState
2019-10-17 07:38:18,610 [05f59524-a4ea-4be4-b99d-fb9eed47142d@group-9DC5606B5DE8-LeaderElection53] INFO  impl.LeaderElection (LeaderElection.java:logAndReturn(56)) - 05f59524-a4ea-4be4-b99d-fb9eed47142d@group-9DC5606B5DE8-LeaderElection53: Election REJECTED; received 2 response(s) [05f59524-a4ea-4be4-b99d-fb9eed47142d<-4b035f45-7941-40c3-ba2d-1cbecd2d369e#0:FAIL-t45, 05f59524-a4ea-4be4-b99d-fb9eed47142d<-920a4478-64f4-4720-983c-9a2102f3c94b#0:FAIL-t45] and 0 exception(s); 05f59524-a4ea-4be4-b99d-fb9eed47142d@group-9DC5606B5DE8:t45, leader=null, voted=05f59524-a4ea-4be4-b99d-fb9eed47142d, raftlog=05f59524-a4ea-4be4-b99d-fb9eed47142d@group-9DC5606B5DE8-SegmentedRaftLog:OPENED:c-1,f-1,i0, conf=-1: [05f59524-a4ea-4be4-b99d-fb9eed47142d:192.168.34.62:45919, 4b035f45-7941-40c3-ba2d-1cbecd2d369e:192.168.34.62:45443, 920a4478-64f4-4720-983c-9a2102f3c94b:192.168.34.62:38609], old=null
2019-10-17 07:38:18,610 [05f59524-a4ea-4be4-b99d-fb9eed47142d@group-9DC5606B5DE8-LeaderElection53] INFO  impl.RaftServerImpl (RaftServerImpl.java:setRole(184)) - 05f59524-a4ea-4be4-b99d-fb9eed47142d@group-9DC5606B5DE8: changes role from CANDIDATE to FOLLOWER at term 45 for DISCOVERED_A_NEW_TERM
2019-10-17 07:38:18,610 [05f59524-a4ea-4be4-b99d-fb9eed47142d@group-9DC5606B5DE8-LeaderElection53] INFO  impl.RoleInfo (RoleInfo.java:shutdownLeaderElection(134)) - 05f59524-a4ea-4be4-b99d-fb9eed47142d: shutdown LeaderElection
2019-10-17 07:38:18,610 [05f59524-a4ea-4be4-b99d-fb9eed47142d@group-9DC5606B5DE8-LeaderElection53] INFO  impl.RoleInfo (RoleInfo.java:updateAndGet(143)) - 05f59524-a4ea-4be4-b99d-fb9eed47142d: start FollowerState
2019-10-17 07:38:18,647 [Thread-688] INFO  impl.FollowerState (FollowerState.java:run(108)) - 05f59524-a4ea-4be4-b99d-fb9eed47142d@group-9DC5606B5DE8-FollowerState: change to CANDIDATE, lastRpcTime:37ms, electionTimeout:37ms
2019-10-17 07:38:18,648 [Thread-688] INFO  impl.RoleInfo (RoleInfo.java:shutdownFollowerState(121)) - 05f59524-a4ea-4be4-b99d-fb9eed47142d: shutdown FollowerState
2019-10-17 07:38:18,648 [Thread-688] INFO  impl.RaftServerImpl (RaftServerImpl.java:setRole(184)) - 05f59524-a4ea-4be4-b99d-fb9eed47142d@group-9DC5606B5DE8: changes role from  FOLLOWER to CANDIDATE at term 45 for changeToCandidate
2019-10-17 07:38:18,648 [Thread-688] INFO  impl.RoleInfo (RoleInfo.java:updateAndGet(143)) - 05f59524-a4ea-4be4-b99d-fb9eed47142d: start LeaderElection
2019-10-17 07:38:18,692 [05f59524-a4ea-4be4-b99d-fb9eed47142d@group-9DC5606B5DE8-LeaderElection54] INFO  impl.LeaderElection (LeaderElection.java:askForVotes(178)) - 05f59524-a4ea-4be4-b99d-fb9eed47142d@group-9DC5606B5DE8-LeaderElection54: begin an election at term 46 for -1: [05f59524-a4ea-4be4-b99d-fb9eed47142d:192.168.34.62:45919, 4b035f45-7941-40c3-ba2d-1cbecd2d369e:192.168.34.62:45443, 920a4478-64f4-4720-983c-9a2102f3c94b:192.168.34.62:38609], old=null
2019-10-17 07:38:18,695 [grpc-default-executor-5] INFO  impl.RaftServerImpl (RaftServerImpl.java:setRole(184)) - 4b035f45-7941-40c3-ba2d-1cbecd2d369e@group-9DC5606B5DE8: changes role from  FOLLOWER to FOLLOWER at term 46 for recognizeCandidate:05f59524-a4ea-4be4-b99d-fb9eed47142d
2019-10-17 07:38:18,695 [grpc-default-executor-6] INFO  impl.RaftServerImpl (RaftServerImpl.java:setRole(184)) - 920a4478-64f4-4720-983c-9a2102f3c94b@group-9DC5606B5DE8: changes role from  FOLLOWER to FOLLOWER at term 46 for recognizeCandidate:05f59524-a4ea-4be4-b99d-fb9eed47142d
2019-10-17 07:38:18,695 [grpc-default-executor-5] INFO  impl.RoleInfo (RoleInfo.java:shutdownFollowerState(121)) - 4b035f45-7941-40c3-ba2d-1cbecd2d369e: shutdown FollowerState
2019-10-17 07:38:18,695 [grpc-default-executor-6] INFO  impl.RoleInfo (RoleInfo.java:shutdownFollowerState(121)) - 920a4478-64f4-4720-983c-9a2102f3c94b: shutdown FollowerState
2019-10-17 07:38:18,695 [Thread-686] INFO  impl.FollowerState (FollowerState.java:run(117)) - 4b035f45-7941-40c3-ba2d-1cbecd2d369e@group-9DC5606B5DE8-FollowerState was interrupted: java.lang.InterruptedException: sleep interrupted
2019-10-17 07:38:18,695 [grpc-default-executor-5] INFO  impl.RoleInfo (RoleInfo.java:updateAndGet(143)) - 4b035f45-7941-40c3-ba2d-1cbecd2d369e: start FollowerState
2019-10-17 07:38:18,695 [Thread-687] INFO  impl.FollowerState (FollowerState.java:run(117)) - 920a4478-64f4-4720-983c-9a2102f3c94b@group-9DC5606B5DE8-FollowerState was interrupted: java.lang.InterruptedException: sleep interrupted
2019-10-17 07:38:18,695 [grpc-default-executor-6] INFO  impl.RoleInfo (RoleInfo.java:updateAndGet(143)) - 920a4478-64f4-4720-983c-9a2102f3c94b: start FollowerState
2019-10-17 07:38:18,724 [05f59524-a4ea-4be4-b99d-fb9eed47142d@group-9DC5606B5DE8-LeaderElection54] INFO  impl.LeaderElection (LeaderElection.java:logAndReturn(56)) - 05f59524-a4ea-4be4-b99d-fb9eed47142d@group-9DC5606B5DE8-LeaderElection54: Election REJECTED; received 2 response(s) [05f59524-a4ea-4be4-b99d-fb9eed47142d<-4b035f45-7941-40c3-ba2d-1cbecd2d369e#0:FAIL-t46, 05f59524-a4ea-4be4-b99d-fb9eed47142d<-920a4478-64f4-4720-983c-9a2102f3c94b#0:FAIL-t46] and 0 exception(s); 05f59524-a4ea-4be4-b99d-fb9eed47142d@group-9DC5606B5DE8:t46, leader=null, voted=05f59524-a4ea-4be4-b99d-fb9eed47142d, raftlog=05f59524-a4ea-4be4-b99d-fb9eed47142d@group-9DC5606B5DE8-SegmentedRaftLog:OPENED:c-1,f-1,i0, conf=-1: [05f59524-a4ea-4be4-b99d-fb9eed47142d:192.168.34.62:45919, 4b035f45-7941-40c3-ba2d-1cbecd2d369e:192.168.34.62:45443, 920a4478-64f4-4720-983c-9a2102f3c94b:192.168.34.62:38609], old=null
2019-10-17 07:38:18,724 [05f59524-a4ea-4be4-b99d-fb9eed47142d@group-9DC5606B5DE8-LeaderElection54] INFO  impl.RaftServerImpl (RaftServerImpl.java:setRole(184)) - 05f59524-a4ea-4be4-b99d-fb9eed47142d@group-9DC5606B5DE8: changes role from CANDIDATE to FOLLOWER at term 46 for DISCOVERED_A_NEW_TERM
2019-10-17 07:38:18,724 [05f59524-a4ea-4be4-b99d-fb9eed47142d@group-9DC5606B5DE8-LeaderElection54] INFO  impl.RoleInfo (RoleInfo.java:shutdownLeaderElection(134)) - 05f59524-a4ea-4be4-b99d-fb9eed47142d: shutdown LeaderElection
2019-10-17 07:38:18,725 [05f59524-a4ea-4be4-b99d-fb9eed47142d@group-9DC5606B5DE8-LeaderElection54] INFO  impl.RoleInfo (RoleInfo.java:updateAndGet(143)) - 05f59524-a4ea-4be4-b99d-fb9eed47142d: start FollowerState
2019-10-17 07:38:18,898 [Thread-694] INFO  impl.FollowerState (FollowerState.java:run(108)) - 05f59524-a4ea-4be4-b99d-fb9eed47142d@group-9DC5606B5DE8-FollowerState: change to CANDIDATE, lastRpcTime:173ms, electionTimeout:173ms
2019-10-17 07:38:18,898 [Thread-694] INFO  impl.RoleInfo (RoleInfo.java:shutdownFollowerState(121)) - 05f59524-a4ea-4be4-b99d-fb9eed47142d: shutdown FollowerState
2019-10-17 07:38:18,898 [Thread-694] INFO  impl.RaftServerImpl (RaftServerImpl.java:setRole(184)) - 05f59524-a4ea-4be4-b99d-fb9eed47142d@group-9DC5606B5DE8: changes role from  FOLLOWER to CANDIDATE at term 46 for changeToCandidate
2019-10-17 07:38:18,904 [Thread-694] INFO  impl.RoleInfo (RoleInfo.java:updateAndGet(143)) - 05f59524-a4ea-4be4-b99d-fb9eed47142d: start LeaderElection
2019-10-17 07:38:18,957 [05f59524-a4ea-4be4-b99d-fb9eed47142d@group-9DC5606B5DE8-LeaderElection55] INFO  impl.LeaderElection (LeaderElection.java:askForVotes(178)) - 05f59524-a4ea-4be4-b99d-fb9eed47142d@group-9DC5606B5DE8-LeaderElection55: begin an election at term 47 for -1: [05f59524-a4ea-4be4-b99d-fb9eed47142d:192.168.34.62:45919, 4b035f45-7941-40c3-ba2d-1cbecd2d369e:192.168.34.62:45443, 920a4478-64f4-4720-983c-9a2102f3c94b:192.168.34.62:38609], old=null
2019-10-17 07:38:18,965 [grpc-default-executor-5] INFO  impl.RaftServerImpl (RaftServerImpl.java:setRole(184)) - 920a4478-64f4-4720-983c-9a2102f3c94b@group-9DC5606B5DE8: changes role from  FOLLOWER to FOLLOWER at term 47 for recognizeCandidate:05f59524-a4ea-4be4-b99d-fb9eed47142d
2019-10-17 07:38:18,965 [grpc-default-executor-6] INFO  impl.RaftServerImpl (RaftServerImpl.java:setRole(184)) - 4b035f45-7941-40c3-ba2d-1cbecd2d369e@group-9DC5606B5DE8: changes role from  FOLLOWER to FOLLOWER at term 47 for recognizeCandidate:05f59524-a4ea-4be4-b99d-fb9eed47142d
2019-10-17 07:38:18,965 [grpc-default-executor-5] INFO  impl.RoleInfo (RoleInfo.java:shutdownFollowerState(121)) - 920a4478-64f4-4720-983c-9a2102f3c94b: shutdown FollowerState
2019-10-17 07:38:18,965 [grpc-default-executor-6] INFO  impl.RoleInfo (RoleInfo.java:shutdownFollowerState(121)) - 4b035f45-7941-40c3-ba2d-1cbecd2d369e: shutdown FollowerState
2019-10-17 07:38:18,965 [Thread-693] INFO  impl.FollowerState (FollowerState.java:run(117)) - 920a4478-64f4-4720-983c-9a2102f3c94b@group-9DC5606B5DE8-FollowerState was interrupted: java.lang.InterruptedException: sleep interrupted
2019-10-17 07:38:18,965 [grpc-default-executor-5] INFO  impl.RoleInfo (RoleInfo.java:updateAndGet(143)) - 920a4478-64f4-4720-983c-9a2102f3c94b: start FollowerState
2019-10-17 07:38:18,965 [Thread-692] INFO  impl.FollowerState (FollowerState.java:run(117)) - 4b035f45-7941-40c3-ba2d-1cbecd2d369e@group-9DC5606B5DE8-FollowerState was interrupted: java.lang.InterruptedException: sleep interrupted
2019-10-17 07:38:18,965 [grpc-default-executor-6] INFO  impl.RoleInfo (RoleInfo.java:updateAndGet(143)) - 4b035f45-7941-40c3-ba2d-1cbecd2d369e: start FollowerState
2019-10-17 07:38:18,969 [05f59524-a4ea-4be4-b99d-fb9eed47142d@group-9DC5606B5DE8-LeaderElection55] INFO  impl.LeaderElection (LeaderElection.java:logAndReturn(56)) - 05f59524-a4ea-4be4-b99d-fb9eed47142d@group-9DC5606B5DE8-LeaderElection55: Election TIMEOUT; received 0 response(s) [] and 0 exception(s); 05f59524-a4ea-4be4-b99d-fb9eed47142d@group-9DC5606B5DE8:t47, leader=null, voted=05f59524-a4ea-4be4-b99d-fb9eed47142d, raftlog=05f59524-a4ea-4be4-b99d-fb9eed47142d@group-9DC5606B5DE8-SegmentedRaftLog:OPENED:c-1,f-1,i0, conf=-1: [05f59524-a4ea-4be4-b99d-fb9eed47142d:192.168.34.62:45919, 4b035f45-7941-40c3-ba2d-1cbecd2d369e:192.168.34.62:45443, 920a4478-64f4-4720-983c-9a2102f3c94b:192.168.34.62:38609], old=null
2019-10-17 07:38:19,022 [05f59524-a4ea-4be4-b99d-fb9eed47142d@group-9DC5606B5DE8-LeaderElection55] INFO  impl.LeaderElection (LeaderElection.java:askForVotes(178)) - 05f59524-a4ea-4be4-b99d-fb9eed47142d@group-9DC5606B5DE8-LeaderElection55: begin an election at term 48 for -1: [05f59524-a4ea-4be4-b99d-fb9eed47142d:192.168.34.62:45919, 4b035f45-7941-40c3-ba2d-1cbecd2d369e:192.168.34.62:45443, 920a4478-64f4-4720-983c-9a2102f3c94b:192.168.34.62:38609], old=null
2019-10-17 07:38:19,025 [grpc-default-executor-6] INFO  impl.RaftServerImpl (RaftServerImpl.java:setRole(184)) - 920a4478-64f4-4720-983c-9a2102f3c94b@group-9DC5606B5DE8: changes role from  FOLLOWER to FOLLOWER at term 48 for recognizeCandidate:05f59524-a4ea-4be4-b99d-fb9eed47142d
2019-10-17 07:38:19,025 [grpc-default-executor-5] INFO  impl.RaftServerImpl (RaftServerImpl.java:setRole(184)) - 4b035f45-7941-40c3-ba2d-1cbecd2d369e@group-9DC5606B5DE8: changes role from  FOLLOWER to FOLLOWER at term 48 for recognizeCandidate:05f59524-a4ea-4be4-b99d-fb9eed47142d
2019-10-17 07:38:19,025 [grpc-default-executor-6] INFO  impl.RoleInfo (RoleInfo.java:shutdownFollowerState(121)) - 920a4478-64f4-4720-983c-9a2102f3c94b: shutdown FollowerState
2019-10-17 07:38:19,025 [grpc-default-executor-5] INFO  impl.RoleInfo (RoleInfo.java:shutdownFollowerState(121)) - 4b035f45-7941-40c3-ba2d-1cbecd2d369e: shutdown FollowerState
2019-10-17 07:38:19,025 [Thread-698] INFO  impl.FollowerState (FollowerState.java:run(117)) - 920a4478-64f4-4720-983c-9a2102f3c94b@group-9DC5606B5DE8-FollowerState was interrupted: java.lang.InterruptedException: sleep interrupted
2019-10-17 07:38:19,025 [grpc-default-executor-6] INFO  impl.RoleInfo (RoleInfo.java:updateAndGet(143)) - 920a4478-64f4-4720-983c-9a2102f3c94b: start FollowerState
2019-10-17 07:38:19,025 [Thread-699] INFO  impl.FollowerState (FollowerState.java:run(117)) - 4b035f45-7941-40c3-ba2d-1cbecd2d369e@group-9DC5606B5DE8-FollowerState was interrupted: java.lang.InterruptedException: sleep interrupted
2019-10-17 07:38:19,025 [grpc-default-executor-5] INFO  impl.RoleInfo (RoleInfo.java:updateAndGet(143)) - 4b035f45-7941-40c3-ba2d-1cbecd2d369e: start FollowerState
2019-10-17 07:38:19,049 [05f59524-a4ea-4be4-b99d-fb9eed47142d@group-9DC5606B5DE8-LeaderElection55] INFO  impl.LeaderElection (LeaderElection.java:logAndReturn(56)) - 05f59524-a4ea-4be4-b99d-fb9eed47142d@group-9DC5606B5DE8-LeaderElection55: Election REJECTED; received 2 response(s) [05f59524-a4ea-4be4-b99d-fb9eed47142d<-4b035f45-7941-40c3-ba2d-1cbecd2d369e#0:FAIL-t48, 05f59524-a4ea-4be4-b99d-fb9eed47142d<-920a4478-64f4-4720-983c-9a2102f3c94b#0:FAIL-t48] and 0 exception(s); 05f59524-a4ea-4be4-b99d-fb9eed47142d@group-9DC5606B5DE8:t48, leader=null, voted=05f59524-a4ea-4be4-b99d-fb9eed47142d, raftlog=05f59524-a4ea-4be4-b99d-fb9eed47142d@group-9DC5606B5DE8-SegmentedRaftLog:OPENED:c-1,f-1,i0, conf=-1: [05f59524-a4ea-4be4-b99d-fb9eed47142d:192.168.34.62:45919, 4b035f45-7941-40c3-ba2d-1cbecd2d369e:192.168.34.62:45443, 920a4478-64f4-4720-983c-9a2102f3c94b:192.168.34.62:38609], old=null
2019-10-17 07:38:19,049 [05f59524-a4ea-4be4-b99d-fb9eed47142d@group-9DC5606B5DE8-LeaderElection55] INFO  impl.RaftServerImpl (RaftServerImpl.java:setRole(184)) - 05f59524-a4ea-4be4-b99d-fb9eed47142d@group-9DC5606B5DE8: changes role from CANDIDATE to FOLLOWER at term 48 for DISCOVERED_A_NEW_TERM
2019-10-17 07:38:19,049 [05f59524-a4ea-4be4-b99d-fb9eed47142d@group-9DC5606B5DE8-LeaderElection55] INFO  impl.RoleInfo (RoleInfo.java:shutdownLeaderElection(134)) - 05f59524-a4ea-4be4-b99d-fb9eed47142d: shutdown LeaderElection
2019-10-17 07:38:19,049 [05f59524-a4ea-4be4-b99d-fb9eed47142d@group-9DC5606B5DE8-LeaderElection55] INFO  impl.RoleInfo (RoleInfo.java:updateAndGet(143)) - 05f59524-a4ea-4be4-b99d-fb9eed47142d: start FollowerState
2019-10-17 07:38:19,159 [Thread-704] INFO  impl.FollowerState (FollowerState.java:run(108)) - 05f59524-a4ea-4be4-b99d-fb9eed47142d@group-9DC5606B5DE8-FollowerState: change to CANDIDATE, lastRpcTime:109ms, electionTimeout:109ms
2019-10-17 07:38:19,159 [Thread-704] INFO  impl.RoleInfo (RoleInfo.java:shutdownFollowerState(121)) - 05f59524-a4ea-4be4-b99d-fb9eed47142d: shutdown FollowerState
2019-10-17 07:38:19,159 [Thread-704] INFO  impl.RaftServerImpl (RaftServerImpl.java:setRole(184)) - 05f59524-a4ea-4be4-b99d-fb9eed47142d@group-9DC5606B5DE8: changes role from  FOLLOWER to CANDIDATE at term 48 for changeToCandidate
2019-10-17 07:38:19,159 [Thread-704] INFO  impl.RoleInfo (RoleInfo.java:updateAndGet(143)) - 05f59524-a4ea-4be4-b99d-fb9eed47142d: start LeaderElection
2019-10-17 07:38:19,208 [05f59524-a4ea-4be4-b99d-fb9eed47142d@group-9DC5606B5DE8-LeaderElection56] INFO  impl.LeaderElection (LeaderElection.java:askForVotes(178)) - 05f59524-a4ea-4be4-b99d-fb9eed47142d@group-9DC5606B5DE8-LeaderElection56: begin an election at term 49 for -1: [05f59524-a4ea-4be4-b99d-fb9eed47142d:192.168.34.62:45919, 4b035f45-7941-40c3-ba2d-1cbecd2d369e:192.168.34.62:45443, 920a4478-64f4-4720-983c-9a2102f3c94b:192.168.34.62:38609], old=null
2019-10-17 07:38:19,210 [grpc-default-executor-6] INFO  impl.RaftServerImpl (RaftServerImpl.java:setRole(184)) - 920a4478-64f4-4720-983c-9a2102f3c94b@group-9DC5606B5DE8: changes role from  FOLLOWER to FOLLOWER at term 49 for recognizeCandidate:05f59524-a4ea-4be4-b99d-fb9eed47142d
2019-10-17 07:38:19,210 [grpc-default-executor-5] INFO  impl.RaftServerImpl (RaftServerImpl.java:setRole(184)) - 4b035f45-7941-40c3-ba2d-1cbecd2d369e@group-9DC5606B5DE8: changes role from  FOLLOWER to FOLLOWER at term 49 for recognizeCandidate:05f59524-a4ea-4be4-b99d-fb9eed47142d
2019-10-17 07:38:19,210 [grpc-default-executor-6] INFO  impl.RoleInfo (RoleInfo.java:shutdownFollowerState(121)) - 920a4478-64f4-4720-983c-9a2102f3c94b: shutdown FollowerState
2019-10-17 07:38:19,211 [grpc-default-executor-5] INFO  impl.RoleInfo (RoleInfo.java:shutdownFollowerState(121)) - 4b035f45-7941-40c3-ba2d-1cbecd2d369e: shutdown FollowerState
2019-10-17 07:38:19,211 [Thread-702] INFO  impl.FollowerState (FollowerState.java:run(117)) - 920a4478-64f4-4720-983c-9a2102f3c94b@group-9DC5606B5DE8-FollowerState was interrupted: java.lang.InterruptedException: sleep interrupted
2019-10-17 07:38:19,211 [grpc-default-executor-6] INFO  impl.RoleInfo (RoleInfo.java:updateAndGet(143)) - 920a4478-64f4-4720-983c-9a2102f3c94b: start FollowerState
2019-10-17 07:38:19,211 [Thread-703] INFO  impl.FollowerState (FollowerState.java:run(117)) - 4b035f45-7941-40c3-ba2d-1cbecd2d369e@group-9DC5606B5DE8-FollowerState was interrupted: java.lang.InterruptedException: sleep interrupted
2019-10-17 07:38:19,211 [grpc-default-executor-5] INFO  impl.RoleInfo (RoleInfo.java:updateAndGet(143)) - 4b035f45-7941-40c3-ba2d-1cbecd2d369e: start FollowerState
2019-10-17 07:38:19,228 [05f59524-a4ea-4be4-b99d-fb9eed47142d@group-9DC5606B5DE8-LeaderElection56] INFO  impl.LeaderElection (LeaderElection.java:logAndReturn(56)) - 05f59524-a4ea-4be4-b99d-fb9eed47142d@group-9DC5606B5DE8-LeaderElection56: Election TIMEOUT; received 0 response(s) [] and 0 exception(s); 05f59524-a4ea-4be4-b99d-fb9eed47142d@group-9DC5606B5DE8:t49, leader=null, voted=05f59524-a4ea-4be4-b99d-fb9eed47142d, raftlog=05f59524-a4ea-4be4-b99d-fb9eed47142d@group-9DC5606B5DE8-SegmentedRaftLog:OPENED:c-1,f-1,i0, conf=-1: [05f59524-a4ea-4be4-b99d-fb9eed47142d:192.168.34.62:45919, 4b035f45-7941-40c3-ba2d-1cbecd2d369e:192.168.34.62:45443, 920a4478-64f4-4720-983c-9a2102f3c94b:192.168.34.62:38609], old=null
2019-10-17 07:38:19,286 [05f59524-a4ea-4be4-b99d-fb9eed47142d@group-9DC5606B5DE8-LeaderElection56] INFO  impl.LeaderElection (LeaderElection.java:askForVotes(178)) - 05f59524-a4ea-4be4-b99d-fb9eed47142d@group-9DC5606B5DE8-LeaderElection56: begin an election at term 50 for -1: [05f59524-a4ea-4be4-b99d-fb9eed47142d:192.168.34.62:45919, 4b035f45-7941-40c3-ba2d-1cbecd2d369e:192.168.34.62:45443, 920a4478-64f4-4720-983c-9a2102f3c94b:192.168.34.62:38609], old=null
2019-10-17 07:38:19,289 [grpc-default-executor-5] INFO  impl.RaftServerImpl (RaftServerImpl.java:setRole(184)) - 4b035f45-7941-40c3-ba2d-1cbecd2d369e@group-9DC5606B5DE8: changes role from  FOLLOWER to FOLLOWER at term 50 for recognizeCandidate:05f59524-a4ea-4be4-b99d-fb9eed47142d
2019-10-17 07:38:19,289 [grpc-default-executor-5] INFO  impl.RoleInfo (RoleInfo.java:shutdownFollowerState(121)) - 4b035f45-7941-40c3-ba2d-1cbecd2d369e: shutdown FollowerState
2019-10-17 07:38:19,289 [grpc-default-executor-6] INFO  impl.RaftServerImpl (RaftServerImpl.java:setRole(184)) - 920a4478-64f4-4720-983c-9a2102f3c94b@group-9DC5606B5DE8: changes role from  FOLLOWER to FOLLOWER at term 50 for recognizeCandidate:05f59524-a4ea-4be4-b99d-fb9eed47142d
2019-10-17 07:38:19,289 [Thread-709] INFO  impl.FollowerState (FollowerState.java:run(117)) - 4b035f45-7941-40c3-ba2d-1cbecd2d369e@group-9DC5606B5DE8-FollowerState was interrupted: java.lang.InterruptedException: sleep interrupted
2019-10-17 07:38:19,289 [grpc-default-executor-5] INFO  impl.RoleInfo (RoleInfo.java:updateAndGet(143)) - 4b035f45-7941-40c3-ba2d-1cbecd2d369e: start FollowerState
2019-10-17 07:38:19,289 [grpc-default-executor-6] INFO  impl.RoleInfo (RoleInfo.java:shutdownFollowerState(121)) - 920a4478-64f4-4720-983c-9a2102f3c94b: shutdown FollowerState
2019-10-17 07:38:19,290 [grpc-default-executor-6] INFO  impl.RoleInfo (RoleInfo.java:updateAndGet(143)) - 920a4478-64f4-4720-983c-9a2102f3c94b: start FollowerState
2019-10-17 07:38:19,290 [Thread-708] INFO  impl.FollowerState (FollowerState.java:run(117)) - 920a4478-64f4-4720-983c-9a2102f3c94b@group-9DC5606B5DE8-FollowerState was interrupted: java.lang.InterruptedException: sleep interrupted
2019-10-17 07:38:19,326 [05f59524-a4ea-4be4-b99d-fb9eed47142d@group-9DC5606B5DE8-LeaderElection56] INFO  impl.LeaderElection (LeaderElection.java:logAndReturn(56)) - 05f59524-a4ea-4be4-b99d-fb9eed47142d@group-9DC5606B5DE8-LeaderElection56: Election REJECTED; received 2 response(s) [05f59524-a4ea-4be4-b99d-fb9eed47142d<-4b035f45-7941-40c3-ba2d-1cbecd2d369e#0:FAIL-t50, 05f59524-a4ea-4be4-b99d-fb9eed47142d<-920a4478-64f4-4720-983c-9a2102f3c94b#0:FAIL-t50] and 0 exception(s); 05f59524-a4ea-4be4-b99d-fb9eed47142d@group-9DC5606B5DE8:t50, leader=null, voted=05f59524-a4ea-4be4-b99d-fb9eed47142d, raftlog=05f59524-a4ea-4be4-b99d-fb9eed47142d@group-9DC5606B5DE8-SegmentedRaftLog:OPENED:c-1,f-1,i0, conf=-1: [05f59524-a4ea-4be4-b99d-fb9eed47142d:192.168.34.62:45919, 4b035f45-7941-40c3-ba2d-1cbecd2d369e:192.168.34.62:45443, 920a4478-64f4-4720-983c-9a2102f3c94b:192.168.34.62:38609], old=null
2019-10-17 07:38:19,327 [05f59524-a4ea-4be4-b99d-fb9eed47142d@group-9DC5606B5DE8-LeaderElection56] INFO  impl.RaftServerImpl (RaftServerImpl.java:setRole(184)) - 05f59524-a4ea-4be4-b99d-fb9eed47142d@group-9DC5606B5DE8: changes role from CANDIDATE to FOLLOWER at term 50 for DISCOVERED_A_NEW_TERM
2019-10-17 07:38:19,327 [05f59524-a4ea-4be4-b99d-fb9eed47142d@group-9DC5606B5DE8-LeaderElection56] INFO  impl.RoleInfo (RoleInfo.java:shutdownLeaderElection(134)) - 05f59524-a4ea-4be4-b99d-fb9eed47142d: shutdown LeaderElection
2019-10-17 07:38:19,327 [05f59524-a4ea-4be4-b99d-fb9eed47142d@group-9DC5606B5DE8-LeaderElection56] INFO  impl.RoleInfo (RoleInfo.java:updateAndGet(143)) - 05f59524-a4ea-4be4-b99d-fb9eed47142d: start FollowerState
2019-10-17 07:38:19,425 [Thread-714] INFO  impl.FollowerState (FollowerState.java:run(108)) - 05f59524-a4ea-4be4-b99d-fb9eed47142d@group-9DC5606B5DE8-FollowerState: change to CANDIDATE, lastRpcTime:98ms, electionTimeout:98ms
2019-10-17 07:38:19,426 [Thread-714] INFO  impl.RoleInfo (RoleInfo.java:shutdownFollowerState(121)) - 05f59524-a4ea-4be4-b99d-fb9eed47142d: shutdown FollowerState
2019-10-17 07:38:19,426 [Thread-714] INFO  impl.RaftServerImpl (RaftServerImpl.java:setRole(184)) - 05f59524-a4ea-4be4-b99d-fb9eed47142d@group-9DC5606B5DE8: changes role from  FOLLOWER to CANDIDATE at term 50 for changeToCandidate
2019-10-17 07:38:19,426 [Thread-714] INFO  impl.RoleInfo (RoleInfo.java:updateAndGet(143)) - 05f59524-a4ea-4be4-b99d-fb9eed47142d: start LeaderElection
2019-10-17 07:38:19,486 [05f59524-a4ea-4be4-b99d-fb9eed47142d@group-9DC5606B5DE8-LeaderElection57] INFO  impl.LeaderElection (LeaderElection.java:askForVotes(178)) - 05f59524-a4ea-4be4-b99d-fb9eed47142d@group-9DC5606B5DE8-LeaderElection57: begin an election at term 51 for -1: [05f59524-a4ea-4be4-b99d-fb9eed47142d:192.168.34.62:45919, 4b035f45-7941-40c3-ba2d-1cbecd2d369e:192.168.34.62:45443, 920a4478-64f4-4720-983c-9a2102f3c94b:192.168.34.62:38609], old=null
2019-10-17 07:38:19,489 [grpc-default-executor-5] INFO  impl.RaftServerImpl (RaftServerImpl.java:setRole(184)) - 4b035f45-7941-40c3-ba2d-1cbecd2d369e@group-9DC5606B5DE8: changes role from  FOLLOWER to FOLLOWER at term 51 for recognizeCandidate:05f59524-a4ea-4be4-b99d-fb9eed47142d
2019-10-17 07:38:19,489 [grpc-default-executor-6] INFO  impl.RaftServerImpl (RaftServerImpl.java:setRole(184)) - 920a4478-64f4-4720-983c-9a2102f3c94b@group-9DC5606B5DE8: changes role from  FOLLOWER to FOLLOWER at term 51 for recognizeCandidate:05f59524-a4ea-4be4-b99d-fb9eed47142d
2019-10-17 07:38:19,489 [grpc-default-executor-5] INFO  impl.RoleInfo (RoleInfo.java:shutdownFollowerState(121)) - 4b035f45-7941-40c3-ba2d-1cbecd2d369e: shutdown FollowerState
2019-10-17 07:38:19,489 [grpc-default-executor-6] INFO  impl.RoleInfo (RoleInfo.java:shutdownFollowerState(121)) - 920a4478-64f4-4720-983c-9a2102f3c94b: shutdown FollowerState
2019-10-17 07:38:19,489 [Thread-712] INFO  impl.FollowerState (FollowerState.java:run(117)) - 4b035f45-7941-40c3-ba2d-1cbecd2d369e@group-9DC5606B5DE8-FollowerState was interrupted: java.lang.InterruptedException: sleep interrupted
2019-10-17 07:38:19,489 [grpc-default-executor-5] INFO  impl.RoleInfo (RoleInfo.java:updateAndGet(143)) - 4b035f45-7941-40c3-ba2d-1cbecd2d369e: start FollowerState
2019-10-17 07:38:19,490 [Thread-713] INFO  impl.FollowerState (FollowerState.java:run(117)) - 920a4478-64f4-4720-983c-9a2102f3c94b@group-9DC5606B5DE8-FollowerState was interrupted: java.lang.InterruptedException: sleep interrupted
2019-10-17 07:38:19,490 [grpc-default-executor-6] INFO  impl.RoleInfo (RoleInfo.java:updateAndGet(143)) - 920a4478-64f4-4720-983c-9a2102f3c94b: start FollowerState
2019-10-17 07:38:19,532 [05f59524-a4ea-4be4-b99d-fb9eed47142d@group-9DC5606B5DE8-LeaderElection57] INFO  impl.LeaderElection (LeaderElection.java:logAndReturn(56)) - 05f59524-a4ea-4be4-b99d-fb9eed47142d@group-9DC5606B5DE8-LeaderElection57: Election REJECTED; received 2 response(s) [05f59524-a4ea-4be4-b99d-fb9eed47142d<-4b035f45-7941-40c3-ba2d-1cbecd2d369e#0:FAIL-t51, 05f59524-a4ea-4be4-b99d-fb9eed47142d<-920a4478-64f4-4720-983c-9a2102f3c94b#0:FAIL-t51] and 0 exception(s); 05f59524-a4ea-4be4-b99d-fb9eed47142d@group-9DC5606B5DE8:t51, leader=null, voted=05f59524-a4ea-4be4-b99d-fb9eed47142d, raftlog=05f59524-a4ea-4be4-b99d-fb9eed47142d@group-9DC5606B5DE8-SegmentedRaftLog:OPENED:c-1,f-1,i0, conf=-1: [05f59524-a4ea-4be4-b99d-fb9eed47142d:192.168.34.62:45919, 4b035f45-7941-40c3-ba2d-1cbecd2d369e:192.168.34.62:45443, 920a4478-64f4-4720-983c-9a2102f3c94b:192.168.34.62:38609], old=null
2019-10-17 07:38:19,532 [05f59524-a4ea-4be4-b99d-fb9eed47142d@group-9DC5606B5DE8-LeaderElection57] INFO  impl.RaftServerImpl (RaftServerImpl.java:setRole(184)) - 05f59524-a4ea-4be4-b99d-fb9eed47142d@group-9DC5606B5DE8: changes role from CANDIDATE to FOLLOWER at term 51 for DISCOVERED_A_NEW_TERM
2019-10-17 07:38:19,532 [05f59524-a4ea-4be4-b99d-fb9eed47142d@group-9DC5606B5DE8-LeaderElection57] INFO  impl.RoleInfo (RoleInfo.java:shutdownLeaderElection(134)) - 05f59524-a4ea-4be4-b99d-fb9eed47142d: shutdown LeaderElection
2019-10-17 07:38:19,532 [05f59524-a4ea-4be4-b99d-fb9eed47142d@group-9DC5606B5DE8-LeaderElection57] INFO  impl.RoleInfo (RoleInfo.java:updateAndGet(143)) - 05f59524-a4ea-4be4-b99d-fb9eed47142d: start FollowerState
2019-10-17 07:38:19,593 [Thread-720] INFO  impl.FollowerState (FollowerState.java:run(108)) - 05f59524-a4ea-4be4-b99d-fb9eed47142d@group-9DC5606B5DE8-FollowerState: change to CANDIDATE, lastRpcTime:60ms, electionTimeout:60ms
2019-10-17 07:38:19,593 [Thread-720] INFO  impl.RoleInfo (RoleInfo.java:shutdownFollowerState(121)) - 05f59524-a4ea-4be4-b99d-fb9eed47142d: shutdown FollowerState
2019-10-17 07:38:19,593 [Thread-720] INFO  impl.RaftServerImpl (RaftServerImpl.java:setRole(184)) - 05f59524-a4ea-4be4-b99d-fb9eed47142d@group-9DC5606B5DE8: changes role from  FOLLOWER to CANDIDATE at term 51 for changeToCandidate
2019-10-17 07:38:19,593 [Thread-720] INFO  impl.RoleInfo (RoleInfo.java:updateAndGet(143)) - 05f59524-a4ea-4be4-b99d-fb9eed47142d: start LeaderElection
2019-10-17 07:38:19,621 [05f59524-a4ea-4be4-b99d-fb9eed47142d@group-9DC5606B5DE8-LeaderElection58] INFO  impl.LeaderElection (LeaderElection.java:askForVotes(178)) - 05f59524-a4ea-4be4-b99d-fb9eed47142d@group-9DC5606B5DE8-LeaderElection58: begin an election at term 52 for -1: [05f59524-a4ea-4be4-b99d-fb9eed47142d:192.168.34.62:45919, 4b035f45-7941-40c3-ba2d-1cbecd2d369e:192.168.34.62:45443, 920a4478-64f4-4720-983c-9a2102f3c94b:192.168.34.62:38609], old=null
2019-10-17 07:38:19,624 [grpc-default-executor-6] INFO  impl.RaftServerImpl (RaftServerImpl.java:setRole(184)) - 4b035f45-7941-40c3-ba2d-1cbecd2d369e@group-9DC5606B5DE8: changes role from  FOLLOWER to FOLLOWER at term 52 for recognizeCandidate:05f59524-a4ea-4be4-b99d-fb9eed47142d
2019-10-17 07:38:19,624 [grpc-default-executor-6] INFO  impl.RoleInfo (RoleInfo.java:shutdownFollowerState(121)) - 4b035f45-7941-40c3-ba2d-1cbecd2d369e: shutdown FollowerState
2019-10-17 07:38:19,624 [grpc-default-executor-5] INFO  impl.RaftServerImpl (RaftServerImpl.java:setRole(184)) - 920a4478-64f4-4720-983c-9a2102f3c94b@group-9DC5606B5DE8: changes role from  FOLLOWER to FOLLOWER at term 52 for recognizeCandidate:05f59524-a4ea-4be4-b99d-fb9eed47142d
2019-10-17 07:38:19,625 [Thread-718] INFO  impl.FollowerState (FollowerState.java:run(117)) - 4b035f45-7941-40c3-ba2d-1cbecd2d369e@group-9DC5606B5DE8-FollowerState was interrupted: java.lang.InterruptedException: sleep interrupted
2019-10-17 07:38:19,625 [grpc-default-executor-6] INFO  impl.RoleInfo (RoleInfo.java:updateAndGet(143)) - 4b035f45-7941-40c3-ba2d-1cbecd2d369e: start FollowerState
2019-10-17 07:38:19,625 [grpc-default-executor-5] INFO  impl.RoleInfo (RoleInfo.java:shutdownFollowerState(121)) - 920a4478-64f4-4720-983c-9a2102f3c94b: shutdown FollowerState
2019-10-17 07:38:19,625 [grpc-default-executor-5] INFO  impl.RoleInfo (RoleInfo.java:updateAndGet(143)) - 920a4478-64f4-4720-983c-9a2102f3c94b: start FollowerState
2019-10-17 07:38:19,625 [Thread-719] INFO  impl.FollowerState (FollowerState.java:run(117)) - 920a4478-64f4-4720-983c-9a2102f3c94b@group-9DC5606B5DE8-FollowerState was interrupted: java.lang.InterruptedException: sleep interrupted
2019-10-17 07:38:19,666 [05f59524-a4ea-4be4-b99d-fb9eed47142d@group-9DC5606B5DE8-LeaderElection58] INFO  impl.LeaderElection (LeaderElection.java:logAndReturn(56)) - 05f59524-a4ea-4be4-b99d-fb9eed47142d@group-9DC5606B5DE8-LeaderElection58: Election REJECTED; received 2 response(s) [05f59524-a4ea-4be4-b99d-fb9eed47142d<-4b035f45-7941-40c3-ba2d-1cbecd2d369e#0:FAIL-t52, 05f59524-a4ea-4be4-b99d-fb9eed47142d<-920a4478-64f4-4720-983c-9a2102f3c94b#0:FAIL-t52] and 0 exception(s); 05f59524-a4ea-4be4-b99d-fb9eed47142d@group-9DC5606B5DE8:t52, leader=null, voted=05f59524-a4ea-4be4-b99d-fb9eed47142d, raftlog=05f59524-a4ea-4be4-b99d-fb9eed47142d@group-9DC5606B5DE8-SegmentedRaftLog:OPENED:c-1,f-1,i0, conf=-1: [05f59524-a4ea-4be4-b99d-fb9eed47142d:192.168.34.62:45919, 4b035f45-7941-40c3-ba2d-1cbecd2d369e:192.168.34.62:45443, 920a4478-64f4-4720-983c-9a2102f3c94b:192.168.34.62:38609], old=null
2019-10-17 07:38:19,667 [05f59524-a4ea-4be4-b99d-fb9eed47142d@group-9DC5606B5DE8-LeaderElection58] INFO  impl.RaftServerImpl (RaftServerImpl.java:setRole(184)) - 05f59524-a4ea-4be4-b99d-fb9eed47142d@group-9DC5606B5DE8: changes role from CANDIDATE to FOLLOWER at term 52 for DISCOVERED_A_NEW_TERM
2019-10-17 07:38:19,667 [05f59524-a4ea-4be4-b99d-fb9eed47142d@group-9DC5606B5DE8-LeaderElection58] INFO  impl.RoleInfo (RoleInfo.java:shutdownLeaderElection(134)) - 05f59524-a4ea-4be4-b99d-fb9eed47142d: shutdown LeaderElection
2019-10-17 07:38:19,667 [05f59524-a4ea-4be4-b99d-fb9eed47142d@group-9DC5606B5DE8-LeaderElection58] INFO  impl.RoleInfo (RoleInfo.java:updateAndGet(143)) - 05f59524-a4ea-4be4-b99d-fb9eed47142d: start FollowerState
2019-10-17 07:38:19,739 [Thread-726] INFO  impl.FollowerState (FollowerState.java:run(108)) - 05f59524-a4ea-4be4-b99d-fb9eed47142d@group-9DC5606B5DE8-FollowerState: change to CANDIDATE, lastRpcTime:72ms, electionTimeout:72ms
2019-10-17 07:38:19,740 [Thread-726] INFO  impl.RoleInfo (RoleInfo.java:shutdownFollowerState(121)) - 05f59524-a4ea-4be4-b99d-fb9eed47142d: shutdown FollowerState
2019-10-17 07:38:19,740 [Thread-726] INFO  impl.RaftServerImpl (RaftServerImpl.java:setRole(184)) - 05f59524-a4ea-4be4-b99d-fb9eed47142d@group-9DC5606B5DE8: changes role from  FOLLOWER to CANDIDATE at term 52 for changeToCandidate
2019-10-17 07:38:19,740 [Thread-726] INFO  impl.RoleInfo (RoleInfo.java:updateAndGet(143)) - 05f59524-a4ea-4be4-b99d-fb9eed47142d: start LeaderElection
2019-10-17 07:38:19,789 [05f59524-a4ea-4be4-b99d-fb9eed47142d@group-9DC5606B5DE8-LeaderElection59] INFO  impl.LeaderElection (LeaderElection.java:askForVotes(178)) - 05f59524-a4ea-4be4-b99d-fb9eed47142d@group-9DC5606B5DE8-LeaderElection59: begin an election at term 53 for -1: [05f59524-a4ea-4be4-b99d-fb9eed47142d:192.168.34.62:45919, 4b035f45-7941-40c3-ba2d-1cbecd2d369e:192.168.34.62:45443, 920a4478-64f4-4720-983c-9a2102f3c94b:192.168.34.62:38609], old=null
2019-10-17 07:38:19,792 [grpc-default-executor-6] INFO  impl.RaftServerImpl (RaftServerImpl.java:setRole(184)) - 4b035f45-7941-40c3-ba2d-1cbecd2d369e@group-9DC5606B5DE8: changes role from  FOLLOWER to FOLLOWER at term 53 for recognizeCandidate:05f59524-a4ea-4be4-b99d-fb9eed47142d
2019-10-17 07:38:19,792 [grpc-default-executor-5] INFO  impl.RaftServerImpl (RaftServerImpl.java:setRole(184)) - 920a4478-64f4-4720-983c-9a2102f3c94b@group-9DC5606B5DE8: changes role from  FOLLOWER to FOLLOWER at term 53 for recognizeCandidate:05f59524-a4ea-4be4-b99d-fb9eed47142d
2019-10-17 07:38:19,792 [grpc-default-executor-6] INFO  impl.RoleInfo (RoleInfo.java:shutdownFollowerState(121)) - 4b035f45-7941-40c3-ba2d-1cbecd2d369e: shutdown FollowerState
2019-10-17 07:38:19,792 [grpc-default-executor-5] INFO  impl.RoleInfo (RoleInfo.java:shutdownFollowerState(121)) - 920a4478-64f4-4720-983c-9a2102f3c94b: shutdown FollowerState
2019-10-17 07:38:19,793 [Thread-724] INFO  impl.FollowerState (FollowerState.java:run(117)) - 4b035f45-7941-40c3-ba2d-1cbecd2d369e@group-9DC5606B5DE8-FollowerState was interrupted: java.lang.InterruptedException: sleep interrupted
2019-10-17 07:38:19,793 [grpc-default-executor-6] INFO  impl.RoleInfo (RoleInfo.java:updateAndGet(143)) - 4b035f45-7941-40c3-ba2d-1cbecd2d369e: start FollowerState
2019-10-17 07:38:19,793 [Thread-725] INFO  impl.FollowerState (FollowerState.java:run(117)) - 920a4478-64f4-4720-983c-9a2102f3c94b@group-9DC5606B5DE8-FollowerState was interrupted: java.lang.InterruptedException: sleep interrupted
2019-10-17 07:38:19,793 [grpc-default-executor-5] INFO  impl.RoleInfo (RoleInfo.java:updateAndGet(143)) - 920a4478-64f4-4720-983c-9a2102f3c94b: start FollowerState
2019-10-17 07:38:19,831 [05f59524-a4ea-4be4-b99d-fb9eed47142d@group-9DC5606B5DE8-LeaderElection59] INFO  impl.LeaderElection (LeaderElection.java:logAndReturn(56)) - 05f59524-a4ea-4be4-b99d-fb9eed47142d@group-9DC5606B5DE8-LeaderElection59: Election REJECTED; received 2 response(s) [05f59524-a4ea-4be4-b99d-fb9eed47142d<-4b035f45-7941-40c3-ba2d-1cbecd2d369e#0:FAIL-t53, 05f59524-a4ea-4be4-b99d-fb9eed47142d<-920a4478-64f4-4720-983c-9a2102f3c94b#0:FAIL-t53] and 0 exception(s); 05f59524-a4ea-4be4-b99d-fb9eed47142d@group-9DC5606B5DE8:t53, leader=null, voted=05f59524-a4ea-4be4-b99d-fb9eed47142d, raftlog=05f59524-a4ea-4be4-b99d-fb9eed47142d@group-9DC5606B5DE8-SegmentedRaftLog:OPENED:c-1,f-1,i0, conf=-1: [05f59524-a4ea-4be4-b99d-fb9eed47142d:192.168.34.62:45919, 4b035f45-7941-40c3-ba2d-1cbecd2d369e:192.168.34.62:45443, 920a4478-64f4-4720-983c-9a2102f3c94b:192.168.34.62:38609], old=null
2019-10-17 07:38:19,831 [05f59524-a4ea-4be4-b99d-fb9eed47142d@group-9DC5606B5DE8-LeaderElection59] INFO  impl.RaftServerImpl (RaftServerImpl.java:setRole(184)) - 05f59524-a4ea-4be4-b99d-fb9eed47142d@group-9DC5606B5DE8: changes role from CANDIDATE to FOLLOWER at term 53 for DISCOVERED_A_NEW_TERM
2019-10-17 07:38:19,831 [05f59524-a4ea-4be4-b99d-fb9eed47142d@group-9DC5606B5DE8-LeaderElection59] INFO  impl.RoleInfo (RoleInfo.java:shutdownLeaderElection(134)) - 05f59524-a4ea-4be4-b99d-fb9eed47142d: shutdown LeaderElection
2019-10-17 07:38:19,832 [05f59524-a4ea-4be4-b99d-fb9eed47142d@group-9DC5606B5DE8-LeaderElection59] INFO  impl.RoleInfo (RoleInfo.java:updateAndGet(143)) - 05f59524-a4ea-4be4-b99d-fb9eed47142d: start FollowerState
2019-10-17 07:38:19,901 [Thread-734] INFO  impl.FollowerState (FollowerState.java:run(108)) - 05f59524-a4ea-4be4-b99d-fb9eed47142d@group-9DC5606B5DE8-FollowerState: change to CANDIDATE, lastRpcTime:69ms, electionTimeout:69ms
2019-10-17 07:38:19,901 [Thread-734] INFO  impl.RoleInfo (RoleInfo.java:shutdownFollowerState(121)) - 05f59524-a4ea-4be4-b99d-fb9eed47142d: shutdown FollowerState
2019-10-17 07:38:19,901 [Thread-734] INFO  impl.RaftServerImpl (RaftServerImpl.java:setRole(184)) - 05f59524-a4ea-4be4-b99d-fb9eed47142d@group-9DC5606B5DE8: changes role from  FOLLOWER to CANDIDATE at term 53 for changeToCandidate
2019-10-17 07:38:19,902 [Thread-734] INFO  impl.RoleInfo (RoleInfo.java:updateAndGet(143)) - 05f59524-a4ea-4be4-b99d-fb9eed47142d: start LeaderElection
2019-10-17 07:38:19,983 [05f59524-a4ea-4be4-b99d-fb9eed47142d@group-9DC5606B5DE8-LeaderElection60] INFO  impl.LeaderElection (LeaderElection.java:askForVotes(178)) - 05f59524-a4ea-4be4-b99d-fb9eed47142d@group-9DC5606B5DE8-LeaderElection60: begin an election at term 54 for -1: [05f59524-a4ea-4be4-b99d-fb9eed47142d:192.168.34.62:45919, 4b035f45-7941-40c3-ba2d-1cbecd2d369e:192.168.34.62:45443, 920a4478-64f4-4720-983c-9a2102f3c94b:192.168.34.62:38609], old=null
2019-10-17 07:38:19,986 [grpc-default-executor-6] INFO  impl.RaftServerImpl (RaftServerImpl.java:setRole(184)) - 920a4478-64f4-4720-983c-9a2102f3c94b@group-9DC5606B5DE8: changes role from  FOLLOWER to FOLLOWER at term 54 for recognizeCandidate:05f59524-a4ea-4be4-b99d-fb9eed47142d
2019-10-17 07:38:19,986 [grpc-default-executor-5] INFO  impl.RaftServerImpl (RaftServerImpl.java:setRole(184)) - 4b035f45-7941-40c3-ba2d-1cbecd2d369e@group-9DC5606B5DE8: changes role from  FOLLOWER to FOLLOWER at term 54 for recognizeCandidate:05f59524-a4ea-4be4-b99d-fb9eed47142d
2019-10-17 07:38:19,986 [grpc-default-executor-6] INFO  impl.RoleInfo (RoleInfo.java:shutdownFollowerState(121)) - 920a4478-64f4-4720-983c-9a2102f3c94b: shutdown FollowerState
2019-10-17 07:38:19,987 [grpc-default-executor-5] INFO  impl.RoleInfo (RoleInfo.java:shutdownFollowerState(121)) - 4b035f45-7941-40c3-ba2d-1cbecd2d369e: shutdown FollowerState
2019-10-17 07:38:19,987 [Thread-733] INFO  impl.FollowerState (FollowerState.java:run(117)) - 920a4478-64f4-4720-983c-9a2102f3c94b@group-9DC5606B5DE8-FollowerState was interrupted: java.lang.InterruptedException: sleep interrupted
2019-10-17 07:38:19,987 [grpc-default-executor-6] INFO  impl.RoleInfo (RoleInfo.java:updateAndGet(143)) - 920a4478-64f4-4720-983c-9a2102f3c94b: start FollowerState
2019-10-17 07:38:19,987 [Thread-732] INFO  impl.FollowerState (FollowerState.java:run(117)) - 4b035f45-7941-40c3-ba2d-1cbecd2d369e@group-9DC5606B5DE8-FollowerState was interrupted: java.lang.InterruptedException: sleep interrupted
2019-10-17 07:38:19,987 [grpc-default-executor-5] INFO  impl.RoleInfo (RoleInfo.java:updateAndGet(143)) - 4b035f45-7941-40c3-ba2d-1cbecd2d369e: start FollowerState
2019-10-17 07:38:20,027 [05f59524-a4ea-4be4-b99d-fb9eed47142d@group-9DC5606B5DE8-LeaderElection60] INFO  impl.LeaderElection (LeaderElection.java:logAndReturn(56)) - 05f59524-a4ea-4be4-b99d-fb9eed47142d@group-9DC5606B5DE8-LeaderElection60: Election REJECTED; received 2 response(s) [05f59524-a4ea-4be4-b99d-fb9eed47142d<-4b035f45-7941-40c3-ba2d-1cbecd2d369e#0:FAIL-t54, 05f59524-a4ea-4be4-b99d-fb9eed47142d<-920a4478-64f4-4720-983c-9a2102f3c94b#0:FAIL-t54] and 0 exception(s); 05f59524-a4ea-4be4-b99d-fb9eed47142d@group-9DC5606B5DE8:t54, leader=null, voted=05f59524-a4ea-4be4-b99d-fb9eed47142d, raftlog=05f59524-a4ea-4be4-b99d-fb9eed47142d@group-9DC5606B5DE8-SegmentedRaftLog:OPENED:c-1,f-1,i0, conf=-1: [05f59524-a4ea-4be4-b99d-fb9eed47142d:192.168.34.62:45919, 4b035f45-7941-40c3-ba2d-1cbecd2d369e:192.168.34.62:45443, 920a4478-64f4-4720-983c-9a2102f3c94b:192.168.34.62:38609], old=null
2019-10-17 07:38:20,027 [05f59524-a4ea-4be4-b99d-fb9eed47142d@group-9DC5606B5DE8-LeaderElection60] INFO  impl.RaftServerImpl (RaftServerImpl.java:setRole(184)) - 05f59524-a4ea-4be4-b99d-fb9eed47142d@group-9DC5606B5DE8: changes role from CANDIDATE to FOLLOWER at term 54 for DISCOVERED_A_NEW_TERM
2019-10-17 07:38:20,027 [05f59524-a4ea-4be4-b99d-fb9eed47142d@group-9DC5606B5DE8-LeaderElection60] INFO  impl.RoleInfo (RoleInfo.java:shutdownLeaderElection(134)) - 05f59524-a4ea-4be4-b99d-fb9eed47142d: shutdown LeaderElection
2019-10-17 07:38:20,027 [05f59524-a4ea-4be4-b99d-fb9eed47142d@group-9DC5606B5DE8-LeaderElection60] INFO  impl.RoleInfo (RoleInfo.java:updateAndGet(143)) - 05f59524-a4ea-4be4-b99d-fb9eed47142d: start FollowerState
2019-10-17 07:38:20,120 [Thread-740] INFO  impl.FollowerState (FollowerState.java:run(108)) - 05f59524-a4ea-4be4-b99d-fb9eed47142d@group-9DC5606B5DE8-FollowerState: change to CANDIDATE, lastRpcTime:92ms, electionTimeout:92ms
2019-10-17 07:38:20,120 [Thread-740] INFO  impl.RoleInfo (RoleInfo.java:shutdownFollowerState(121)) - 05f59524-a4ea-4be4-b99d-fb9eed47142d: shutdown FollowerState
2019-10-17 07:38:20,120 [Thread-740] INFO  impl.RaftServerImpl (RaftServerImpl.java:setRole(184)) - 05f59524-a4ea-4be4-b99d-fb9eed47142d@group-9DC5606B5DE8: changes role from  FOLLOWER to CANDIDATE at term 54 for changeToCandidate
2019-10-17 07:38:20,121 [Thread-740] INFO  impl.RoleInfo (RoleInfo.java:updateAndGet(143)) - 05f59524-a4ea-4be4-b99d-fb9eed47142d: start LeaderElection
2019-10-17 07:38:20,179 [05f59524-a4ea-4be4-b99d-fb9eed47142d@group-9DC5606B5DE8-LeaderElection61] INFO  impl.LeaderElection (LeaderElection.java:askForVotes(178)) - 05f59524-a4ea-4be4-b99d-fb9eed47142d@group-9DC5606B5DE8-LeaderElection61: begin an election at term 55 for -1: [05f59524-a4ea-4be4-b99d-fb9eed47142d:192.168.34.62:45919, 4b035f45-7941-40c3-ba2d-1cbecd2d369e:192.168.34.62:45443, 920a4478-64f4-4720-983c-9a2102f3c94b:192.168.34.62:38609], old=null
2019-10-17 07:38:20,182 [grpc-default-executor-5] INFO  impl.RaftServerImpl (RaftServerImpl.java:setRole(184)) - 4b035f45-7941-40c3-ba2d-1cbecd2d369e@group-9DC5606B5DE8: changes role from  FOLLOWER to FOLLOWER at term 55 for recognizeCandidate:05f59524-a4ea-4be4-b99d-fb9eed47142d
2019-10-17 07:38:20,182 [grpc-default-executor-6] INFO  impl.RaftServerImpl (RaftServerImpl.java:setRole(184)) - 920a4478-64f4-4720-983c-9a2102f3c94b@group-9DC5606B5DE8: changes role from  FOLLOWER to FOLLOWER at term 55 for recognizeCandidate:05f59524-a4ea-4be4-b99d-fb9eed47142d
2019-10-17 07:38:20,182 [grpc-default-executor-5] INFO  impl.RoleInfo (RoleInfo.java:shutdownFollowerState(121)) - 4b035f45-7941-40c3-ba2d-1cbecd2d369e: shutdown FollowerState
2019-10-17 07:38:20,182 [grpc-default-executor-6] INFO  impl.RoleInfo (RoleInfo.java:shutdownFollowerState(121)) - 920a4478-64f4-4720-983c-9a2102f3c94b: shutdown FollowerState
2019-10-17 07:38:20,183 [Thread-739] INFO  impl.FollowerState (FollowerState.java:run(117)) - 4b035f45-7941-40c3-ba2d-1cbecd2d369e@group-9DC5606B5DE8-FollowerState was interrupted: java.lang.InterruptedException: sleep interrupted
2019-10-17 07:38:20,183 [Thread-738] INFO  impl.FollowerState (FollowerState.java:run(117)) - 920a4478-64f4-4720-983c-9a2102f3c94b@group-9DC5606B5DE8-FollowerState was interrupted: java.lang.InterruptedException: sleep interrupted
2019-10-17 07:38:20,182 [grpc-default-executor-5] INFO  impl.RoleInfo (RoleInfo.java:updateAndGet(143)) - 4b035f45-7941-40c3-ba2d-1cbecd2d369e: start FollowerState
2019-10-17 07:38:20,183 [grpc-default-executor-6] INFO  impl.RoleInfo (RoleInfo.java:updateAndGet(143)) - 920a4478-64f4-4720-983c-9a2102f3c94b: start FollowerState
2019-10-17 07:38:20,216 [05f59524-a4ea-4be4-b99d-fb9eed47142d@group-9DC5606B5DE8-LeaderElection61] INFO  impl.LeaderElection (LeaderElection.java:logAndReturn(56)) - 05f59524-a4ea-4be4-b99d-fb9eed47142d@group-9DC5606B5DE8-LeaderElection61: Election REJECTED; received 2 response(s) [05f59524-a4ea-4be4-b99d-fb9eed47142d<-4b035f45-7941-40c3-ba2d-1cbecd2d369e#0:FAIL-t55, 05f59524-a4ea-4be4-b99d-fb9eed47142d<-920a4478-64f4-4720-983c-9a2102f3c94b#0:FAIL-t55] and 0 exception(s); 05f59524-a4ea-4be4-b99d-fb9eed47142d@group-9DC5606B5DE8:t55, leader=null, voted=05f59524-a4ea-4be4-b99d-fb9eed47142d, raftlog=05f59524-a4ea-4be4-b99d-fb9eed47142d@group-9DC5606B5DE8-SegmentedRaftLog:OPENED:c-1,f-1,i0, conf=-1: [05f59524-a4ea-4be4-b99d-fb9eed47142d:192.168.34.62:45919, 4b035f45-7941-40c3-ba2d-1cbecd2d369e:192.168.34.62:45443, 920a4478-64f4-4720-983c-9a2102f3c94b:192.168.34.62:38609], old=null
2019-10-17 07:38:20,216 [05f59524-a4ea-4be4-b99d-fb9eed47142d@group-9DC5606B5DE8-LeaderElection61] INFO  impl.RaftServerImpl (RaftServerImpl.java:setRole(184)) - 05f59524-a4ea-4be4-b99d-fb9eed47142d@group-9DC5606B5DE8: changes role from CANDIDATE to FOLLOWER at term 55 for DISCOVERED_A_NEW_TERM
2019-10-17 07:38:20,216 [05f59524-a4ea-4be4-b99d-fb9eed47142d@group-9DC5606B5DE8-LeaderElection61] INFO  impl.RoleInfo (RoleInfo.java:shutdownLeaderElection(134)) - 05f59524-a4ea-4be4-b99d-fb9eed47142d: shutdown LeaderElection
2019-10-17 07:38:20,217 [05f59524-a4ea-4be4-b99d-fb9eed47142d@group-9DC5606B5DE8-LeaderElection61] INFO  impl.RoleInfo (RoleInfo.java:updateAndGet(143)) - 05f59524-a4ea-4be4-b99d-fb9eed47142d: start FollowerState
2019-10-17 07:38:20,407 [Thread-746] INFO  impl.FollowerState (FollowerState.java:run(108)) - 05f59524-a4ea-4be4-b99d-fb9eed47142d@group-9DC5606B5DE8-FollowerState: change to CANDIDATE, lastRpcTime:190ms, electionTimeout:190ms
2019-10-17 07:38:20,407 [Thread-746] INFO  impl.RoleInfo (RoleInfo.java:shutdownFollowerState(121)) - 05f59524-a4ea-4be4-b99d-fb9eed47142d: shutdown FollowerState
2019-10-17 07:38:20,407 [Thread-746] INFO  impl.RaftServerImpl (RaftServerImpl.java:setRole(184)) - 05f59524-a4ea-4be4-b99d-fb9eed47142d@group-9DC5606B5DE8: changes role from  FOLLOWER to CANDIDATE at term 55 for changeToCandidate
2019-10-17 07:38:20,408 [Thread-746] INFO  impl.RoleInfo (RoleInfo.java:updateAndGet(143)) - 05f59524-a4ea-4be4-b99d-fb9eed47142d: start LeaderElection
2019-10-17 07:38:20,474 [05f59524-a4ea-4be4-b99d-fb9eed47142d@group-9DC5606B5DE8-LeaderElection62] INFO  impl.LeaderElection (LeaderElection.java:askForVotes(178)) - 05f59524-a4ea-4be4-b99d-fb9eed47142d@group-9DC5606B5DE8-LeaderElection62: begin an election at term 56 for -1: [05f59524-a4ea-4be4-b99d-fb9eed47142d:192.168.34.62:45919, 4b035f45-7941-40c3-ba2d-1cbecd2d369e:192.168.34.62:45443, 920a4478-64f4-4720-983c-9a2102f3c94b:192.168.34.62:38609], old=null
2019-10-17 07:38:20,478 [grpc-default-executor-5] INFO  impl.RaftServerImpl (RaftServerImpl.java:setRole(184)) - 920a4478-64f4-4720-983c-9a2102f3c94b@group-9DC5606B5DE8: changes role from  FOLLOWER to FOLLOWER at term 56 for recognizeCandidate:05f59524-a4ea-4be4-b99d-fb9eed47142d
2019-10-17 07:38:20,478 [grpc-default-executor-6] INFO  impl.RaftServerImpl (RaftServerImpl.java:setRole(184)) - 4b035f45-7941-40c3-ba2d-1cbecd2d369e@group-9DC5606B5DE8: changes role from  FOLLOWER to FOLLOWER at term 56 for recognizeCandidate:05f59524-a4ea-4be4-b99d-fb9eed47142d
2019-10-17 07:38:20,478 [grpc-default-executor-5] INFO  impl.RoleInfo (RoleInfo.java:shutdownFollowerState(121)) - 920a4478-64f4-4720-983c-9a2102f3c94b: shutdown FollowerState
2019-10-17 07:38:20,478 [grpc-default-executor-6] INFO  impl.RoleInfo (RoleInfo.java:shutdownFollowerState(121)) - 4b035f45-7941-40c3-ba2d-1cbecd2d369e: shutdown FollowerState
2019-10-17 07:38:20,478 [Thread-745] INFO  impl.FollowerState (FollowerState.java:run(117)) - 920a4478-64f4-4720-983c-9a2102f3c94b@group-9DC5606B5DE8-FollowerState was interrupted: java.lang.InterruptedException: sleep interrupted
2019-10-17 07:38:20,479 [Thread-744] INFO  impl.FollowerState (FollowerState.java:run(117)) - 4b035f45-7941-40c3-ba2d-1cbecd2d369e@group-9DC5606B5DE8-FollowerState was interrupted: java.lang.InterruptedException: sleep interrupted
2019-10-17 07:38:20,478 [grpc-default-executor-5] INFO  impl.RoleInfo (RoleInfo.java:updateAndGet(143)) - 920a4478-64f4-4720-983c-9a2102f3c94b: start FollowerState
2019-10-17 07:38:20,479 [grpc-default-executor-6] INFO  impl.RoleInfo (RoleInfo.java:updateAndGet(143)) - 4b035f45-7941-40c3-ba2d-1cbecd2d369e: start FollowerState
2019-10-17 07:38:20,508 [05f59524-a4ea-4be4-b99d-fb9eed47142d@group-9DC5606B5DE8-LeaderElection62] INFO  impl.LeaderElection (LeaderElection.java:logAndReturn(56)) - 05f59524-a4ea-4be4-b99d-fb9eed47142d@group-9DC5606B5DE8-LeaderElection62: Election REJECTED; received 2 response(s) [05f59524-a4ea-4be4-b99d-fb9eed47142d<-4b035f45-7941-40c3-ba2d-1cbecd2d369e#0:FAIL-t56, 05f59524-a4ea-4be4-b99d-fb9eed47142d<-920a4478-64f4-4720-983c-9a2102f3c94b#0:FAIL-t56] and 0 exception(s); 05f59524-a4ea-4be4-b99d-fb9eed47142d@group-9DC5606B5DE8:t56, leader=null, voted=05f59524-a4ea-4be4-b99d-fb9eed47142d, raftlog=05f59524-a4ea-4be4-b99d-fb9eed47142d@group-9DC5606B5DE8-SegmentedRaftLog:OPENED:c-1,f-1,i0, conf=-1: [05f59524-a4ea-4be4-b99d-fb9eed47142d:192.168.34.62:45919, 4b035f45-7941-40c3-ba2d-1cbecd2d369e:192.168.34.62:45443, 920a4478-64f4-4720-983c-9a2102f3c94b:192.168.34.62:38609], old=null
2019-10-17 07:38:20,509 [05f59524-a4ea-4be4-b99d-fb9eed47142d@group-9DC5606B5DE8-LeaderElection62] INFO  impl.RaftServerImpl (RaftServerImpl.java:setRole(184)) - 05f59524-a4ea-4be4-b99d-fb9eed47142d@group-9DC5606B5DE8: changes role from CANDIDATE to FOLLOWER at term 56 for DISCOVERED_A_NEW_TERM
2019-10-17 07:38:20,509 [05f59524-a4ea-4be4-b99d-fb9eed47142d@group-9DC5606B5DE8-LeaderElection62] INFO  impl.RoleInfo (RoleInfo.java:shutdownLeaderElection(134)) - 05f59524-a4ea-4be4-b99d-fb9eed47142d: shutdown LeaderElection
2019-10-17 07:38:20,509 [05f59524-a4ea-4be4-b99d-fb9eed47142d@group-9DC5606B5DE8-LeaderElection62] INFO  impl.RoleInfo (RoleInfo.java:updateAndGet(143)) - 05f59524-a4ea-4be4-b99d-fb9eed47142d: start FollowerState
2019-10-17 07:38:20,526 [Thread-752] INFO  impl.FollowerState (FollowerState.java:run(108)) - 05f59524-a4ea-4be4-b99d-fb9eed47142d@group-9DC5606B5DE8-FollowerState: change to CANDIDATE, lastRpcTime:16ms, electionTimeout:16ms
2019-10-17 07:38:20,526 [Thread-752] INFO  impl.RoleInfo (RoleInfo.java:shutdownFollowerState(121)) - 05f59524-a4ea-4be4-b99d-fb9eed47142d: shutdown FollowerState
2019-10-17 07:38:20,526 [Thread-752] INFO  impl.RaftServerImpl (RaftServerImpl.java:setRole(184)) - 05f59524-a4ea-4be4-b99d-fb9eed47142d@group-9DC5606B5DE8: changes role from  FOLLOWER to CANDIDATE at term 56 for changeToCandidate
2019-10-17 07:38:20,526 [Thread-752] INFO  impl.RoleInfo (RoleInfo.java:updateAndGet(143)) - 05f59524-a4ea-4be4-b99d-fb9eed47142d: start LeaderElection
2019-10-17 07:38:20,559 [05f59524-a4ea-4be4-b99d-fb9eed47142d@group-9DC5606B5DE8-LeaderElection63] INFO  impl.LeaderElection (LeaderElection.java:askForVotes(178)) - 05f59524-a4ea-4be4-b99d-fb9eed47142d@group-9DC5606B5DE8-LeaderElection63: begin an election at term 57 for -1: [05f59524-a4ea-4be4-b99d-fb9eed47142d:192.168.34.62:45919, 4b035f45-7941-40c3-ba2d-1cbecd2d369e:192.168.34.62:45443, 920a4478-64f4-4720-983c-9a2102f3c94b:192.168.34.62:38609], old=null
2019-10-17 07:38:20,561 [grpc-default-executor-5] INFO  impl.RaftServerImpl (RaftServerImpl.java:setRole(184)) - 4b035f45-7941-40c3-ba2d-1cbecd2d369e@group-9DC5606B5DE8: changes role from  FOLLOWER to FOLLOWER at term 57 for recognizeCandidate:05f59524-a4ea-4be4-b99d-fb9eed47142d
2019-10-17 07:38:20,561 [grpc-default-executor-6] INFO  impl.RaftServerImpl (RaftServerImpl.java:setRole(184)) - 920a4478-64f4-4720-983c-9a2102f3c94b@group-9DC5606B5DE8: changes role from  FOLLOWER to FOLLOWER at term 57 for recognizeCandidate:05f59524-a4ea-4be4-b99d-fb9eed47142d
2019-10-17 07:38:20,561 [grpc-default-executor-5] INFO  impl.RoleInfo (RoleInfo.java:shutdownFollowerState(121)) - 4b035f45-7941-40c3-ba2d-1cbecd2d369e: shutdown FollowerState
2019-10-17 07:38:20,561 [grpc-default-executor-6] INFO  impl.RoleInfo (RoleInfo.java:shutdownFollowerState(121)) - 920a4478-64f4-4720-983c-9a2102f3c94b: shutdown FollowerState
2019-10-17 07:38:20,562 [Thread-751] INFO  impl.FollowerState (FollowerState.java:run(117)) - 4b035f45-7941-40c3-ba2d-1cbecd2d369e@group-9DC5606B5DE8-FollowerState was interrupted: java.lang.InterruptedException: sleep interrupted
2019-10-17 07:38:20,562 [grpc-default-executor-5] INFO  impl.RoleInfo (RoleInfo.java:updateAndGet(143)) - 4b035f45-7941-40c3-ba2d-1cbecd2d369e: start FollowerState
2019-10-17 07:38:20,562 [grpc-default-executor-6] INFO  impl.RoleInfo (RoleInfo.java:updateAndGet(143)) - 920a4478-64f4-4720-983c-9a2102f3c94b: start FollowerState
2019-10-17 07:38:20,562 [Thread-750] INFO  impl.FollowerState (FollowerState.java:run(117)) - 920a4478-64f4-4720-983c-9a2102f3c94b@group-9DC5606B5DE8-FollowerState was interrupted: java.lang.InterruptedException: sleep interrupted
2019-10-17 07:38:20,592 [05f59524-a4ea-4be4-b99d-fb9eed47142d@group-9DC5606B5DE8-LeaderElection63] INFO  impl.LeaderElection (LeaderElection.java:logAndReturn(56)) - 05f59524-a4ea-4be4-b99d-fb9eed47142d@group-9DC5606B5DE8-LeaderElection63: Election REJECTED; received 2 response(s) [05f59524-a4ea-4be4-b99d-fb9eed47142d<-4b035f45-7941-40c3-ba2d-1cbecd2d369e#0:FAIL-t57, 05f59524-a4ea-4be4-b99d-fb9eed47142d<-920a4478-64f4-4720-983c-9a2102f3c94b#0:FAIL-t57] and 0 exception(s); 05f59524-a4ea-4be4-b99d-fb9eed47142d@group-9DC5606B5DE8:t57, leader=null, voted=05f59524-a4ea-4be4-b99d-fb9eed47142d, raftlog=05f59524-a4ea-4be4-b99d-fb9eed47142d@group-9DC5606B5DE8-SegmentedRaftLog:OPENED:c-1,f-1,i0, conf=-1: [05f59524-a4ea-4be4-b99d-fb9eed47142d:192.168.34.62:45919, 4b035f45-7941-40c3-ba2d-1cbecd2d369e:192.168.34.62:45443, 920a4478-64f4-4720-983c-9a2102f3c94b:192.168.34.62:38609], old=null
2019-10-17 07:38:20,593 [05f59524-a4ea-4be4-b99d-fb9eed47142d@group-9DC5606B5DE8-LeaderElection63] INFO  impl.RaftServerImpl (RaftServerImpl.java:setRole(184)) - 05f59524-a4ea-4be4-b99d-fb9eed47142d@group-9DC5606B5DE8: changes role from CANDIDATE to FOLLOWER at term 57 for DISCOVERED_A_NEW_TERM
2019-10-17 07:38:20,593 [05f59524-a4ea-4be4-b99d-fb9eed47142d@group-9DC5606B5DE8-LeaderElection63] INFO  impl.RoleInfo (RoleInfo.java:shutdownLeaderElection(134)) - 05f59524-a4ea-4be4-b99d-fb9eed47142d: shutdown LeaderElection
2019-10-17 07:38:20,593 [05f59524-a4ea-4be4-b99d-fb9eed47142d@group-9DC5606B5DE8-LeaderElection63] INFO  impl.RoleInfo (RoleInfo.java:updateAndGet(143)) - 05f59524-a4ea-4be4-b99d-fb9eed47142d: start FollowerState
2019-10-17 07:38:20,691 [Thread-758] INFO  impl.FollowerState (FollowerState.java:run(108)) - 05f59524-a4ea-4be4-b99d-fb9eed47142d@group-9DC5606B5DE8-FollowerState: change to CANDIDATE, lastRpcTime:98ms, electionTimeout:98ms
2019-10-17 07:38:20,692 [Thread-758] INFO  impl.RoleInfo (RoleInfo.java:shutdownFollowerState(121)) - 05f59524-a4ea-4be4-b99d-fb9eed47142d: shutdown FollowerState
2019-10-17 07:38:20,692 [Thread-758] INFO  impl.RaftServerImpl (RaftServerImpl.java:setRole(184)) - 05f59524-a4ea-4be4-b99d-fb9eed47142d@group-9DC5606B5DE8: changes role from  FOLLOWER to CANDIDATE at term 57 for changeToCandidate
2019-10-17 07:38:20,692 [Thread-758] INFO  impl.RoleInfo (RoleInfo.java:updateAndGet(143)) - 05f59524-a4ea-4be4-b99d-fb9eed47142d: start LeaderElection
2019-10-17 07:38:20,740 [05f59524-a4ea-4be4-b99d-fb9eed47142d@group-9DC5606B5DE8-LeaderElection64] INFO  impl.LeaderElection (LeaderElection.java:askForVotes(178)) - 05f59524-a4ea-4be4-b99d-fb9eed47142d@group-9DC5606B5DE8-LeaderElection64: begin an election at term 58 for -1: [05f59524-a4ea-4be4-b99d-fb9eed47142d:192.168.34.62:45919, 4b035f45-7941-40c3-ba2d-1cbecd2d369e:192.168.34.62:45443, 920a4478-64f4-4720-983c-9a2102f3c94b:192.168.34.62:38609], old=null
2019-10-17 07:38:20,745 [05f59524-a4ea-4be4-b99d-fb9eed47142d@group-9DC5606B5DE8-LeaderElection64] INFO  impl.LeaderElection (LeaderElection.java:logAndReturn(56)) - 05f59524-a4ea-4be4-b99d-fb9eed47142d@group-9DC5606B5DE8-LeaderElection64: Election TIMEOUT; received 0 response(s) [] and 0 exception(s); 05f59524-a4ea-4be4-b99d-fb9eed47142d@group-9DC5606B5DE8:t58, leader=null, voted=05f59524-a4ea-4be4-b99d-fb9eed47142d, raftlog=05f59524-a4ea-4be4-b99d-fb9eed47142d@group-9DC5606B5DE8-SegmentedRaftLog:OPENED:c-1,f-1,i0, conf=-1: [05f59524-a4ea-4be4-b99d-fb9eed47142d:192.168.34.62:45919, 4b035f45-7941-40c3-ba2d-1cbecd2d369e:192.168.34.62:45443, 920a4478-64f4-4720-983c-9a2102f3c94b:192.168.34.62:38609], old=null
2019-10-17 07:38:20,746 [grpc-default-executor-5] INFO  impl.RaftServerImpl (RaftServerImpl.java:setRole(184)) - 4b035f45-7941-40c3-ba2d-1cbecd2d369e@group-9DC5606B5DE8: changes role from  FOLLOWER to FOLLOWER at term 58 for recognizeCandidate:05f59524-a4ea-4be4-b99d-fb9eed47142d
2019-10-17 07:38:20,746 [grpc-default-executor-6] INFO  impl.RaftServerImpl (RaftServerImpl.java:setRole(184)) - 920a4478-64f4-4720-983c-9a2102f3c94b@group-9DC5606B5DE8: changes role from  FOLLOWER to FOLLOWER at term 58 for recognizeCandidate:05f59524-a4ea-4be4-b99d-fb9eed47142d
2019-10-17 07:38:20,746 [grpc-default-executor-5] INFO  impl.RoleInfo (RoleInfo.java:shutdownFollowerState(121)) - 4b035f45-7941-40c3-ba2d-1cbecd2d369e: shutdown FollowerState
2019-10-17 07:38:20,746 [grpc-default-executor-6] INFO  impl.RoleInfo (RoleInfo.java:shutdownFollowerState(121)) - 920a4478-64f4-4720-983c-9a2102f3c94b: shutdown FollowerState
2019-10-17 07:38:20,747 [Thread-756] INFO  impl.FollowerState (FollowerState.java:run(117)) - 4b035f45-7941-40c3-ba2d-1cbecd2d369e@group-9DC5606B5DE8-FollowerState was interrupted: java.lang.InterruptedException: sleep interrupted
2019-10-17 07:38:20,747 [grpc-default-executor-5] INFO  impl.RoleInfo (RoleInfo.java:updateAndGet(143)) - 4b035f45-7941-40c3-ba2d-1cbecd2d369e: start FollowerState
2019-10-17 07:38:20,747 [Thread-757] INFO  impl.FollowerState (FollowerState.java:run(117)) - 920a4478-64f4-4720-983c-9a2102f3c94b@group-9DC5606B5DE8-FollowerState was interrupted: java.lang.InterruptedException: sleep interrupted
2019-10-17 07:38:20,747 [grpc-default-executor-6] INFO  impl.RoleInfo (RoleInfo.java:updateAndGet(143)) - 920a4478-64f4-4720-983c-9a2102f3c94b: start FollowerState
2019-10-17 07:38:20,773 [05f59524-a4ea-4be4-b99d-fb9eed47142d@group-9DC5606B5DE8-LeaderElection64] INFO  impl.LeaderElection (LeaderElection.java:askForVotes(178)) - 05f59524-a4ea-4be4-b99d-fb9eed47142d@group-9DC5606B5DE8-LeaderElection64: begin an election at term 59 for -1: [05f59524-a4ea-4be4-b99d-fb9eed47142d:192.168.34.62:45919, 4b035f45-7941-40c3-ba2d-1cbecd2d369e:192.168.34.62:45443, 920a4478-64f4-4720-983c-9a2102f3c94b:192.168.34.62:38609], old=null
2019-10-17 07:38:20,776 [grpc-default-executor-6] INFO  impl.RaftServerImpl (RaftServerImpl.java:setRole(184)) - 4b035f45-7941-40c3-ba2d-1cbecd2d369e@group-9DC5606B5DE8: changes role from  FOLLOWER to FOLLOWER at term 59 for recognizeCandidate:05f59524-a4ea-4be4-b99d-fb9eed47142d
2019-10-17 07:38:20,776 [grpc-default-executor-5] INFO  impl.RaftServerImpl (RaftServerImpl.java:setRole(184)) - 920a4478-64f4-4720-983c-9a2102f3c94b@group-9DC5606B5DE8: changes role from  FOLLOWER to FOLLOWER at term 59 for recognizeCandidate:05f59524-a4ea-4be4-b99d-fb9eed47142d
2019-10-17 07:38:20,776 [grpc-default-executor-6] INFO  impl.RoleInfo (RoleInfo.java:shutdownFollowerState(121)) - 4b035f45-7941-40c3-ba2d-1cbecd2d369e: shutdown FollowerState
2019-10-17 07:38:20,776 [grpc-default-executor-5] INFO  impl.RoleInfo (RoleInfo.java:shutdownFollowerState(121)) - 920a4478-64f4-4720-983c-9a2102f3c94b: shutdown FollowerState
2019-10-17 07:38:20,777 [Thread-762] INFO  impl.FollowerState (FollowerState.java:run(117)) - 4b035f45-7941-40c3-ba2d-1cbecd2d369e@group-9DC5606B5DE8-FollowerState was interrupted: java.lang.InterruptedException: sleep interrupted
2019-10-17 07:38:20,777 [Thread-763] INFO  impl.FollowerState (FollowerState.java:run(117)) - 920a4478-64f4-4720-983c-9a2102f3c94b@group-9DC5606B5DE8-FollowerState was interrupted: java.lang.InterruptedException: sleep interrupted
2019-10-17 07:38:20,777 [grpc-default-executor-6] INFO  impl.RoleInfo (RoleInfo.java:updateAndGet(143)) - 4b035f45-7941-40c3-ba2d-1cbecd2d369e: start FollowerState
2019-10-17 07:38:20,777 [grpc-default-executor-5] INFO  impl.RoleInfo (RoleInfo.java:updateAndGet(143)) - 920a4478-64f4-4720-983c-9a2102f3c94b: start FollowerState
2019-10-17 07:38:20,787 [05f59524-a4ea-4be4-b99d-fb9eed47142d@group-9DC5606B5DE8-LeaderElection64] INFO  impl.LeaderElection (LeaderElection.java:logAndReturn(56)) - 05f59524-a4ea-4be4-b99d-fb9eed47142d@group-9DC5606B5DE8-LeaderElection64: Election TIMEOUT; received 0 response(s) [] and 0 exception(s); 05f59524-a4ea-4be4-b99d-fb9eed47142d@group-9DC5606B5DE8:t59, leader=null, voted=05f59524-a4ea-4be4-b99d-fb9eed47142d, raftlog=05f59524-a4ea-4be4-b99d-fb9eed47142d@group-9DC5606B5DE8-SegmentedRaftLog:OPENED:c-1,f-1,i0, conf=-1: [05f59524-a4ea-4be4-b99d-fb9eed47142d:192.168.34.62:45919, 4b035f45-7941-40c3-ba2d-1cbecd2d369e:192.168.34.62:45443, 920a4478-64f4-4720-983c-9a2102f3c94b:192.168.34.62:38609], old=null
2019-10-17 07:38:20,809 [05f59524-a4ea-4be4-b99d-fb9eed47142d@group-9DC5606B5DE8-LeaderElection64] INFO  impl.LeaderElection (LeaderElection.java:askForVotes(178)) - 05f59524-a4ea-4be4-b99d-fb9eed47142d@group-9DC5606B5DE8-LeaderElection64: begin an election at term 60 for -1: [05f59524-a4ea-4be4-b99d-fb9eed47142d:192.168.34.62:45919, 4b035f45-7941-40c3-ba2d-1cbecd2d369e:192.168.34.62:45443, 920a4478-64f4-4720-983c-9a2102f3c94b:192.168.34.62:38609], old=null
2019-10-17 07:38:20,811 [grpc-default-executor-5] INFO  impl.RaftServerImpl (RaftServerImpl.java:setRole(184)) - 4b035f45-7941-40c3-ba2d-1cbecd2d369e@group-9DC5606B5DE8: changes role from  FOLLOWER to FOLLOWER at term 60 for recognizeCandidate:05f59524-a4ea-4be4-b99d-fb9eed47142d
2019-10-17 07:38:20,811 [grpc-default-executor-6] INFO  impl.RaftServerImpl (RaftServerImpl.java:setRole(184)) - 920a4478-64f4-4720-983c-9a2102f3c94b@group-9DC5606B5DE8: changes role from  FOLLOWER to FOLLOWER at term 60 for recognizeCandidate:05f59524-a4ea-4be4-b99d-fb9eed47142d
2019-10-17 07:38:20,811 [grpc-default-executor-5] INFO  impl.RoleInfo (RoleInfo.java:shutdownFollowerState(121)) - 4b035f45-7941-40c3-ba2d-1cbecd2d369e: shutdown FollowerState
2019-10-17 07:38:20,811 [grpc-default-executor-6] INFO  impl.RoleInfo (RoleInfo.java:shutdownFollowerState(121)) - 920a4478-64f4-4720-983c-9a2102f3c94b: shutdown FollowerState
2019-10-17 07:38:20,812 [Thread-766] INFO  impl.FollowerState (FollowerState.java:run(117)) - 4b035f45-7941-40c3-ba2d-1cbecd2d369e@group-9DC5606B5DE8-FollowerState was interrupted: java.lang.InterruptedException: sleep interrupted
2019-10-17 07:38:20,811 [grpc-default-executor-5] INFO  impl.RoleInfo (RoleInfo.java:updateAndGet(143)) - 4b035f45-7941-40c3-ba2d-1cbecd2d369e: start FollowerState
2019-10-17 07:38:20,812 [Thread-767] INFO  impl.FollowerState (FollowerState.java:run(117)) - 920a4478-64f4-4720-983c-9a2102f3c94b@group-9DC5606B5DE8-FollowerState was interrupted: java.lang.InterruptedException: sleep interrupted
2019-10-17 07:38:20,812 [grpc-default-executor-6] INFO  impl.RoleInfo (RoleInfo.java:updateAndGet(143)) - 920a4478-64f4-4720-983c-9a2102f3c94b: start FollowerState
2019-10-17 07:38:20,969 [05f59524-a4ea-4be4-b99d-fb9eed47142d@group-9DC5606B5DE8-LeaderElection64] INFO  impl.LeaderElection (LeaderElection.java:logAndReturn(56)) - 05f59524-a4ea-4be4-b99d-fb9eed47142d@group-9DC5606B5DE8-LeaderElection64: Election TIMEOUT; received 0 response(s) [] and 0 exception(s); 05f59524-a4ea-4be4-b99d-fb9eed47142d@group-9DC5606B5DE8:t60, leader=null, voted=05f59524-a4ea-4be4-b99d-fb9eed47142d, raftlog=05f59524-a4ea-4be4-b99d-fb9eed47142d@group-9DC5606B5DE8-SegmentedRaftLog:OPENED:c-1,f-1,i0, conf=-1: [05f59524-a4ea-4be4-b99d-fb9eed47142d:192.168.34.62:45919, 4b035f45-7941-40c3-ba2d-1cbecd2d369e:192.168.34.62:45443, 920a4478-64f4-4720-983c-9a2102f3c94b:192.168.34.62:38609], old=null
2019-10-17 07:38:21,330 [05f59524-a4ea-4be4-b99d-fb9eed47142d@group-9DC5606B5DE8-LeaderElection64] INFO  impl.LeaderElection (LeaderElection.java:askForVotes(178)) - 05f59524-a4ea-4be4-b99d-fb9eed47142d@group-9DC5606B5DE8-LeaderElection64: begin an election at term 61 for -1: [05f59524-a4ea-4be4-b99d-fb9eed47142d:192.168.34.62:45919, 4b035f45-7941-40c3-ba2d-1cbecd2d369e:192.168.34.62:45443, 920a4478-64f4-4720-983c-9a2102f3c94b:192.168.34.62:38609], old=null
2019-10-17 07:38:21,334 [grpc-default-executor-5] INFO  impl.RaftServerImpl (RaftServerImpl.java:setRole(184)) - 4b035f45-7941-40c3-ba2d-1cbecd2d369e@group-9DC5606B5DE8: changes role from  FOLLOWER to FOLLOWER at term 61 for recognizeCandidate:05f59524-a4ea-4be4-b99d-fb9eed47142d
2019-10-17 07:38:21,334 [grpc-default-executor-6] INFO  impl.RaftServerImpl (RaftServerImpl.java:setRole(184)) - 920a4478-64f4-4720-983c-9a2102f3c94b@group-9DC5606B5DE8: changes role from  FOLLOWER to FOLLOWER at term 61 for recognizeCandidate:05f59524-a4ea-4be4-b99d-fb9eed47142d
2019-10-17 07:38:21,334 [grpc-default-executor-5] INFO  impl.RoleInfo (RoleInfo.java:shutdownFollowerState(121)) - 4b035f45-7941-40c3-ba2d-1cbecd2d369e: shutdown FollowerState
2019-10-17 07:38:21,334 [grpc-default-executor-6] INFO  impl.RoleInfo (RoleInfo.java:shutdownFollowerState(121)) - 920a4478-64f4-4720-983c-9a2102f3c94b: shutdown FollowerState
2019-10-17 07:38:21,335 [Thread-770] INFO  impl.FollowerState (FollowerState.java:run(117)) - 4b035f45-7941-40c3-ba2d-1cbecd2d369e@group-9DC5606B5DE8-FollowerState was interrupted: java.lang.InterruptedException: sleep interrupted
2019-10-17 07:38:21,335 [grpc-default-executor-5] INFO  impl.RoleInfo (RoleInfo.java:updateAndGet(143)) - 4b035f45-7941-40c3-ba2d-1cbecd2d369e: start FollowerState
2019-10-17 07:38:21,335 [Thread-771] INFO  impl.FollowerState (FollowerState.java:run(117)) - 920a4478-64f4-4720-983c-9a2102f3c94b@group-9DC5606B5DE8-FollowerState was interrupted: java.lang.InterruptedException: sleep interrupted
2019-10-17 07:38:21,335 [grpc-default-executor-6] INFO  impl.RoleInfo (RoleInfo.java:updateAndGet(143)) - 920a4478-64f4-4720-983c-9a2102f3c94b: start FollowerState
2019-10-17 07:38:21,506 [05f59524-a4ea-4be4-b99d-fb9eed47142d@group-9DC5606B5DE8-LeaderElection64] INFO  impl.LeaderElection (LeaderElection.java:logAndReturn(56)) - 05f59524-a4ea-4be4-b99d-fb9eed47142d@group-9DC5606B5DE8-LeaderElection64: Election TIMEOUT; received 0 response(s) [] and 0 exception(s); 05f59524-a4ea-4be4-b99d-fb9eed47142d@group-9DC5606B5DE8:t61, leader=null, voted=05f59524-a4ea-4be4-b99d-fb9eed47142d, raftlog=05f59524-a4ea-4be4-b99d-fb9eed47142d@group-9DC5606B5DE8-SegmentedRaftLog:OPENED:c-1,f-1,i0, conf=-1: [05f59524-a4ea-4be4-b99d-fb9eed47142d:192.168.34.62:45919, 4b035f45-7941-40c3-ba2d-1cbecd2d369e:192.168.34.62:45443, 920a4478-64f4-4720-983c-9a2102f3c94b:192.168.34.62:38609], old=null
2019-10-17 07:38:21,827 [05f59524-a4ea-4be4-b99d-fb9eed47142d@group-9DC5606B5DE8-LeaderElection64] INFO  impl.LeaderElection (LeaderElection.java:askForVotes(178)) - 05f59524-a4ea-4be4-b99d-fb9eed47142d@group-9DC5606B5DE8-LeaderElection64: begin an election at term 62 for -1: [05f59524-a4ea-4be4-b99d-fb9eed47142d:192.168.34.62:45919, 4b035f45-7941-40c3-ba2d-1cbecd2d369e:192.168.34.62:45443, 920a4478-64f4-4720-983c-9a2102f3c94b:192.168.34.62:38609], old=null
2019-10-17 07:38:21,833 [grpc-default-executor-5] INFO  impl.RaftServerImpl (RaftServerImpl.java:setRole(184)) - 4b035f45-7941-40c3-ba2d-1cbecd2d369e@group-9DC5606B5DE8: changes role from  FOLLOWER to FOLLOWER at term 62 for recognizeCandidate:05f59524-a4ea-4be4-b99d-fb9eed47142d
2019-10-17 07:38:21,833 [grpc-default-executor-6] INFO  impl.RaftServerImpl (RaftServerImpl.java:setRole(184)) - 920a4478-64f4-4720-983c-9a2102f3c94b@group-9DC5606B5DE8: changes role from  FOLLOWER to FOLLOWER at term 62 for recognizeCandidate:05f59524-a4ea-4be4-b99d-fb9eed47142d
2019-10-17 07:38:21,833 [grpc-default-executor-5] INFO  impl.RoleInfo (RoleInfo.java:shutdownFollowerState(121)) - 4b035f45-7941-40c3-ba2d-1cbecd2d369e: shutdown FollowerState
2019-10-17 07:38:21,833 [grpc-default-executor-6] INFO  impl.RoleInfo (RoleInfo.java:shutdownFollowerState(121)) - 920a4478-64f4-4720-983c-9a2102f3c94b: shutdown FollowerState
2019-10-17 07:38:21,834 [Thread-774] INFO  impl.FollowerState (FollowerState.java:run(117)) - 4b035f45-7941-40c3-ba2d-1cbecd2d369e@group-9DC5606B5DE8-FollowerState was interrupted: java.lang.InterruptedException: sleep interrupted
2019-10-17 07:38:21,834 [grpc-default-executor-5] INFO  impl.RoleInfo (RoleInfo.java:updateAndGet(143)) - 4b035f45-7941-40c3-ba2d-1cbecd2d369e: start FollowerState
2019-10-17 07:38:21,834 [Thread-775] INFO  impl.FollowerState (FollowerState.java:run(117)) - 920a4478-64f4-4720-983c-9a2102f3c94b@group-9DC5606B5DE8-FollowerState was interrupted: java.lang.InterruptedException: sleep interrupted
2019-10-17 07:38:21,834 [grpc-default-executor-6] INFO  impl.RoleInfo (RoleInfo.java:updateAndGet(143)) - 920a4478-64f4-4720-983c-9a2102f3c94b: start FollowerState
2019-10-17 07:38:21,939 [05f59524-a4ea-4be4-b99d-fb9eed47142d@group-9DC5606B5DE8-LeaderElection64] INFO  impl.LeaderElection (LeaderElection.java:logAndReturn(56)) - 05f59524-a4ea-4be4-b99d-fb9eed47142d@group-9DC5606B5DE8-LeaderElection64: Election TIMEOUT; received 0 response(s) [] and 0 exception(s); 05f59524-a4ea-4be4-b99d-fb9eed47142d@group-9DC5606B5DE8:t62, leader=null, voted=05f59524-a4ea-4be4-b99d-fb9eed47142d, raftlog=05f59524-a4ea-4be4-b99d-fb9eed47142d@group-9DC5606B5DE8-SegmentedRaftLog:OPENED:c-1,f-1,i0, conf=-1: [05f59524-a4ea-4be4-b99d-fb9eed47142d:192.168.34.62:45919, 4b035f45-7941-40c3-ba2d-1cbecd2d369e:192.168.34.62:45443, 920a4478-64f4-4720-983c-9a2102f3c94b:192.168.34.62:38609], old=null
2019-10-17 07:38:22,214 [05f59524-a4ea-4be4-b99d-fb9eed47142d@group-9DC5606B5DE8-LeaderElection64] INFO  impl.LeaderElection (LeaderElection.java:askForVotes(178)) - 05f59524-a4ea-4be4-b99d-fb9eed47142d@group-9DC5606B5DE8-LeaderElection64: begin an election at term 63 for -1: [05f59524-a4ea-4be4-b99d-fb9eed47142d:192.168.34.62:45919, 4b035f45-7941-40c3-ba2d-1cbecd2d369e:192.168.34.62:45443, 920a4478-64f4-4720-983c-9a2102f3c94b:192.168.34.62:38609], old=null
2019-10-17 07:38:22,216 [grpc-default-executor-5] INFO  impl.RaftServerImpl (RaftServerImpl.java:setRole(184)) - 4b035f45-7941-40c3-ba2d-1cbecd2d369e@group-9DC5606B5DE8: changes role from  FOLLOWER to FOLLOWER at term 63 for recognizeCandidate:05f59524-a4ea-4be4-b99d-fb9eed47142d
2019-10-17 07:38:22,216 [grpc-default-executor-5] INFO  impl.RoleInfo (RoleInfo.java:shutdownFollowerState(121)) - 4b035f45-7941-40c3-ba2d-1cbecd2d369e: shutdown FollowerState
2019-10-17 07:38:22,217 [grpc-default-executor-5] INFO  impl.RoleInfo (RoleInfo.java:updateAndGet(143)) - 4b035f45-7941-40c3-ba2d-1cbecd2d369e: start FollowerState
2019-10-17 07:38:22,217 [Thread-778] INFO  impl.FollowerState (FollowerState.java:run(117)) - 4b035f45-7941-40c3-ba2d-1cbecd2d369e@group-9DC5606B5DE8-FollowerState was interrupted: java.lang.InterruptedException: sleep interrupted
2019-10-17 07:38:22,217 [grpc-default-executor-6] INFO  impl.RaftServerImpl (RaftServerImpl.java:setRole(184)) - 920a4478-64f4-4720-983c-9a2102f3c94b@group-9DC5606B5DE8: changes role from  FOLLOWER to FOLLOWER at term 63 for recognizeCandidate:05f59524-a4ea-4be4-b99d-fb9eed47142d
2019-10-17 07:38:22,217 [grpc-default-executor-6] INFO  impl.RoleInfo (RoleInfo.java:shutdownFollowerState(121)) - 920a4478-64f4-4720-983c-9a2102f3c94b: shutdown FollowerState
2019-10-17 07:38:22,218 [grpc-default-executor-6] INFO  impl.RoleInfo (RoleInfo.java:updateAndGet(143)) - 920a4478-64f4-4720-983c-9a2102f3c94b: start FollowerState
2019-10-17 07:38:22,218 [Thread-779] INFO  impl.FollowerState (FollowerState.java:run(117)) - 920a4478-64f4-4720-983c-9a2102f3c94b@group-9DC5606B5DE8-FollowerState was interrupted: java.lang.InterruptedException: sleep interrupted
2019-10-17 07:38:22,248 [05f59524-a4ea-4be4-b99d-fb9eed47142d@group-9DC5606B5DE8-LeaderElection64] INFO  impl.LeaderElection (LeaderElection.java:logAndReturn(56)) - 05f59524-a4ea-4be4-b99d-fb9eed47142d@group-9DC5606B5DE8-LeaderElection64: Election REJECTED; received 2 response(s) [05f59524-a4ea-4be4-b99d-fb9eed47142d<-4b035f45-7941-40c3-ba2d-1cbecd2d369e#0:FAIL-t63, 05f59524-a4ea-4be4-b99d-fb9eed47142d<-920a4478-64f4-4720-983c-9a2102f3c94b#0:FAIL-t63] and 0 exception(s); 05f59524-a4ea-4be4-b99d-fb9eed47142d@group-9DC5606B5DE8:t63, leader=null, voted=05f59524-a4ea-4be4-b99d-fb9eed47142d, raftlog=05f59524-a4ea-4be4-b99d-fb9eed47142d@group-9DC5606B5DE8-SegmentedRaftLog:OPENED:c-1,f-1,i0, conf=-1: [05f59524-a4ea-4be4-b99d-fb9eed47142d:192.168.34.62:45919, 4b035f45-7941-40c3-ba2d-1cbecd2d369e:192.168.34.62:45443, 920a4478-64f4-4720-983c-9a2102f3c94b:192.168.34.62:38609], old=null
2019-10-17 07:38:22,249 [05f59524-a4ea-4be4-b99d-fb9eed47142d@group-9DC5606B5DE8-LeaderElection64] INFO  impl.RaftServerImpl (RaftServerImpl.java:setRole(184)) - 05f59524-a4ea-4be4-b99d-fb9eed47142d@group-9DC5606B5DE8: changes role from CANDIDATE to FOLLOWER at term 63 for DISCOVERED_A_NEW_TERM
2019-10-17 07:38:22,249 [05f59524-a4ea-4be4-b99d-fb9eed47142d@group-9DC5606B5DE8-LeaderElection64] INFO  impl.RoleInfo (RoleInfo.java:shutdownLeaderElection(134)) - 05f59524-a4ea-4be4-b99d-fb9eed47142d: shutdown LeaderElection
2019-10-17 07:38:22,249 [05f59524-a4ea-4be4-b99d-fb9eed47142d@group-9DC5606B5DE8-LeaderElection64] INFO  impl.RoleInfo (RoleInfo.java:updateAndGet(143)) - 05f59524-a4ea-4be4-b99d-fb9eed47142d: start FollowerState
2019-10-17 07:38:22,394 [Thread-786] INFO  impl.FollowerState (FollowerState.java:run(108)) - 05f59524-a4ea-4be4-b99d-fb9eed47142d@group-9DC5606B5DE8-FollowerState: change to CANDIDATE, lastRpcTime:144ms, electionTimeout:144ms
2019-10-17 07:38:22,394 [Thread-786] INFO  impl.RoleInfo (RoleInfo.java:shutdownFollowerState(121)) - 05f59524-a4ea-4be4-b99d-fb9eed47142d: shutdown FollowerState
2019-10-17 07:38:22,394 [Thread-786] INFO  impl.RaftServerImpl (RaftServerImpl.java:setRole(184)) - 05f59524-a4ea-4be4-b99d-fb9eed47142d@group-9DC5606B5DE8: changes role from  FOLLOWER to CANDIDATE at term 63 for changeToCandidate
2019-10-17 07:38:22,394 [Thread-786] INFO  impl.RoleInfo (RoleInfo.java:updateAndGet(143)) - 05f59524-a4ea-4be4-b99d-fb9eed47142d: start LeaderElection
2019-10-17 07:38:22,430 [05f59524-a4ea-4be4-b99d-fb9eed47142d@group-9DC5606B5DE8-LeaderElection65] INFO  impl.LeaderElection (LeaderElection.java:askForVotes(178)) - 05f59524-a4ea-4be4-b99d-fb9eed47142d@group-9DC5606B5DE8-LeaderElection65: begin an election at term 64 for -1: [05f59524-a4ea-4be4-b99d-fb9eed47142d:192.168.34.62:45919, 4b035f45-7941-40c3-ba2d-1cbecd2d369e:192.168.34.62:45443, 920a4478-64f4-4720-983c-9a2102f3c94b:192.168.34.62:38609], old=null
2019-10-17 07:38:22,433 [grpc-default-executor-6] INFO  impl.RaftServerImpl (RaftServerImpl.java:setRole(184)) - 4b035f45-7941-40c3-ba2d-1cbecd2d369e@group-9DC5606B5DE8: changes role from  FOLLOWER to FOLLOWER at term 64 for recognizeCandidate:05f59524-a4ea-4be4-b99d-fb9eed47142d
2019-10-17 07:38:22,433 [grpc-default-executor-5] INFO  impl.RaftServerImpl (RaftServerImpl.java:setRole(184)) - 920a4478-64f4-4720-983c-9a2102f3c94b@group-9DC5606B5DE8: changes role from  FOLLOWER to FOLLOWER at term 64 for recognizeCandidate:05f59524-a4ea-4be4-b99d-fb9eed47142d
2019-10-17 07:38:22,433 [grpc-default-executor-6] INFO  impl.RoleInfo (RoleInfo.java:shutdownFollowerState(121)) - 4b035f45-7941-40c3-ba2d-1cbecd2d369e: shutdown FollowerState
2019-10-17 07:38:22,433 [grpc-default-executor-5] INFO  impl.RoleInfo (RoleInfo.java:shutdownFollowerState(121)) - 920a4478-64f4-4720-983c-9a2102f3c94b: shutdown FollowerState
2019-10-17 07:38:22,433 [Thread-784] INFO  impl.FollowerState (FollowerState.java:run(117)) - 4b035f45-7941-40c3-ba2d-1cbecd2d369e@group-9DC5606B5DE8-FollowerState was interrupted: java.lang.InterruptedException: sleep interrupted
2019-10-17 07:38:22,433 [grpc-default-executor-6] INFO  impl.RoleInfo (RoleInfo.java:updateAndGet(143)) - 4b035f45-7941-40c3-ba2d-1cbecd2d369e: start FollowerState
2019-10-17 07:38:22,434 [grpc-default-executor-5] INFO  impl.RoleInfo (RoleInfo.java:updateAndGet(143)) - 920a4478-64f4-4720-983c-9a2102f3c94b: start FollowerState
2019-10-17 07:38:22,434 [Thread-785] INFO  impl.FollowerState (FollowerState.java:run(117)) - 920a4478-64f4-4720-983c-9a2102f3c94b@group-9DC5606B5DE8-FollowerState was interrupted: java.lang.InterruptedException: sleep interrupted
2019-10-17 07:38:22,466 [05f59524-a4ea-4be4-b99d-fb9eed47142d@group-9DC5606B5DE8-LeaderElection65] INFO  impl.LeaderElection (LeaderElection.java:logAndReturn(56)) - 05f59524-a4ea-4be4-b99d-fb9eed47142d@group-9DC5606B5DE8-LeaderElection65: Election REJECTED; received 2 response(s) [05f59524-a4ea-4be4-b99d-fb9eed47142d<-4b035f45-7941-40c3-ba2d-1cbecd2d369e#0:FAIL-t64, 05f59524-a4ea-4be4-b99d-fb9eed47142d<-920a4478-64f4-4720-983c-9a2102f3c94b#0:FAIL-t64] and 0 exception(s); 05f59524-a4ea-4be4-b99d-fb9eed47142d@group-9DC5606B5DE8:t64, leader=null, voted=05f59524-a4ea-4be4-b99d-fb9eed47142d, raftlog=05f59524-a4ea-4be4-b99d-fb9eed47142d@group-9DC5606B5DE8-SegmentedRaftLog:OPENED:c-1,f-1,i0, conf=-1: [05f59524-a4ea-4be4-b99d-fb9eed47142d:192.168.34.62:45919, 4b035f45-7941-40c3-ba2d-1cbecd2d369e:192.168.34.62:45443, 920a4478-64f4-4720-983c-9a2102f3c94b:192.168.34.62:38609], old=null
2019-10-17 07:38:22,467 [05f59524-a4ea-4be4-b99d-fb9eed47142d@group-9DC5606B5DE8-LeaderElection65] INFO  impl.RaftServerImpl (RaftServerImpl.java:setRole(184)) - 05f59524-a4ea-4be4-b99d-fb9eed47142d@group-9DC5606B5DE8: changes role from CANDIDATE to FOLLOWER at term 64 for DISCOVERED_A_NEW_TERM
2019-10-17 07:38:22,467 [05f59524-a4ea-4be4-b99d-fb9eed47142d@group-9DC5606B5DE8-LeaderElection65] INFO  impl.RoleInfo (RoleInfo.java:shutdownLeaderElection(134)) - 05f59524-a4ea-4be4-b99d-fb9eed47142d: shutdown LeaderElection
2019-10-17 07:38:22,467 [05f59524-a4ea-4be4-b99d-fb9eed47142d@group-9DC5606B5DE8-LeaderElection65] INFO  impl.RoleInfo (RoleInfo.java:updateAndGet(143)) - 05f59524-a4ea-4be4-b99d-fb9eed47142d: start FollowerState
2019-10-17 07:38:22,536 [Thread-792] INFO  impl.FollowerState (FollowerState.java:run(108)) - 05f59524-a4ea-4be4-b99d-fb9eed47142d@group-9DC5606B5DE8-FollowerState: change to CANDIDATE, lastRpcTime:68ms, electionTimeout:68ms
2019-10-17 07:38:22,536 [Thread-792] INFO  impl.RoleInfo (RoleInfo.java:shutdownFollowerState(121)) - 05f59524-a4ea-4be4-b99d-fb9eed47142d: shutdown FollowerState
2019-10-17 07:38:22,536 [Thread-792] INFO  impl.RaftServerImpl (RaftServerImpl.java:setRole(184)) - 05f59524-a4ea-4be4-b99d-fb9eed47142d@group-9DC5606B5DE8: changes role from  FOLLOWER to CANDIDATE at term 64 for changeToCandidate
2019-10-17 07:38:22,536 [Thread-792] INFO  impl.RoleInfo (RoleInfo.java:updateAndGet(143)) - 05f59524-a4ea-4be4-b99d-fb9eed47142d: start LeaderElection
2019-10-17 07:38:22,574 [05f59524-a4ea-4be4-b99d-fb9eed47142d@group-9DC5606B5DE8-LeaderElection66] INFO  impl.LeaderElection (LeaderElection.java:askForVotes(178)) - 05f59524-a4ea-4be4-b99d-fb9eed47142d@group-9DC5606B5DE8-LeaderElection66: begin an election at term 65 for -1: [05f59524-a4ea-4be4-b99d-fb9eed47142d:192.168.34.62:45919, 4b035f45-7941-40c3-ba2d-1cbecd2d369e:192.168.34.62:45443, 920a4478-64f4-4720-983c-9a2102f3c94b:192.168.34.62:38609], old=null
2019-10-17 07:38:22,578 [grpc-default-executor-5] INFO  impl.RaftServerImpl (RaftServerImpl.java:setRole(184)) - 920a4478-64f4-4720-983c-9a2102f3c94b@group-9DC5606B5DE8: changes role from  FOLLOWER to FOLLOWER at term 65 for recognizeCandidate:05f59524-a4ea-4be4-b99d-fb9eed47142d
2019-10-17 07:38:22,578 [grpc-default-executor-6] INFO  impl.RaftServerImpl (RaftServerImpl.java:setRole(184)) - 4b035f45-7941-40c3-ba2d-1cbecd2d369e@group-9DC5606B5DE8: changes role from  FOLLOWER to FOLLOWER at term 65 for recognizeCandidate:05f59524-a4ea-4be4-b99d-fb9eed47142d
2019-10-17 07:38:22,578 [grpc-default-executor-5] INFO  impl.RoleInfo (RoleInfo.java:shutdownFollowerState(121)) - 920a4478-64f4-4720-983c-9a2102f3c94b: shutdown FollowerState
2019-10-17 07:38:22,578 [grpc-default-executor-6] INFO  impl.RoleInfo (RoleInfo.java:shutdownFollowerState(121)) - 4b035f45-7941-40c3-ba2d-1cbecd2d369e: shutdown FollowerState
2019-10-17 07:38:22,579 [Thread-791] INFO  impl.FollowerState (FollowerState.java:run(117)) - 920a4478-64f4-4720-983c-9a2102f3c94b@group-9DC5606B5DE8-FollowerState was interrupted: java.lang.InterruptedException: sleep interrupted
2019-10-17 07:38:22,579 [grpc-default-executor-5] INFO  impl.RoleInfo (RoleInfo.java:updateAndGet(143)) - 920a4478-64f4-4720-983c-9a2102f3c94b: start FollowerState
2019-10-17 07:38:22,579 [Thread-790] INFO  impl.FollowerState (FollowerState.java:run(117)) - 4b035f45-7941-40c3-ba2d-1cbecd2d369e@group-9DC5606B5DE8-FollowerState was interrupted: java.lang.InterruptedException: sleep interrupted
2019-10-17 07:38:22,579 [grpc-default-executor-6] INFO  impl.RoleInfo (RoleInfo.java:updateAndGet(143)) - 4b035f45-7941-40c3-ba2d-1cbecd2d369e: start FollowerState
2019-10-17 07:38:22,599 [05f59524-a4ea-4be4-b99d-fb9eed47142d@group-9DC5606B5DE8-LeaderElection66] INFO  impl.LeaderElection (LeaderElection.java:logAndReturn(56)) - 05f59524-a4ea-4be4-b99d-fb9eed47142d@group-9DC5606B5DE8-LeaderElection66: Election TIMEOUT; received 0 response(s) [] and 0 exception(s); 05f59524-a4ea-4be4-b99d-fb9eed47142d@group-9DC5606B5DE8:t65, leader=null, voted=05f59524-a4ea-4be4-b99d-fb9eed47142d, raftlog=05f59524-a4ea-4be4-b99d-fb9eed47142d@group-9DC5606B5DE8-SegmentedRaftLog:OPENED:c-1,f-1,i0, conf=-1: [05f59524-a4ea-4be4-b99d-fb9eed47142d:192.168.34.62:45919, 4b035f45-7941-40c3-ba2d-1cbecd2d369e:192.168.34.62:45443, 920a4478-64f4-4720-983c-9a2102f3c94b:192.168.34.62:38609], old=null
2019-10-17 07:38:22,669 [05f59524-a4ea-4be4-b99d-fb9eed47142d@group-9DC5606B5DE8-LeaderElection66] INFO  impl.LeaderElection (LeaderElection.java:askForVotes(178)) - 05f59524-a4ea-4be4-b99d-fb9eed47142d@group-9DC5606B5DE8-LeaderElection66: begin an election at term 66 for -1: [05f59524-a4ea-4be4-b99d-fb9eed47142d:192.168.34.62:45919, 4b035f45-7941-40c3-ba2d-1cbecd2d369e:192.168.34.62:45443, 920a4478-64f4-4720-983c-9a2102f3c94b:192.168.34.62:38609], old=null
2019-10-17 07:38:22,671 [grpc-default-executor-5] INFO  impl.RaftServerImpl (RaftServerImpl.java:setRole(184)) - 4b035f45-7941-40c3-ba2d-1cbecd2d369e@group-9DC5606B5DE8: changes role from  FOLLOWER to FOLLOWER at term 66 for recognizeCandidate:05f59524-a4ea-4be4-b99d-fb9eed47142d
2019-10-17 07:38:22,672 [grpc-default-executor-5] INFO  impl.RoleInfo (RoleInfo.java:shutdownFollowerState(121)) - 4b035f45-7941-40c3-ba2d-1cbecd2d369e: shutdown FollowerState
2019-10-17 07:38:22,672 [grpc-default-executor-5] INFO  impl.RoleInfo (RoleInfo.java:updateAndGet(143)) - 4b035f45-7941-40c3-ba2d-1cbecd2d369e: start FollowerState
2019-10-17 07:38:22,672 [Thread-797] INFO  impl.FollowerState (FollowerState.java:run(117)) - 4b035f45-7941-40c3-ba2d-1cbecd2d369e@group-9DC5606B5DE8-FollowerState was interrupted: java.lang.InterruptedException: sleep interrupted
2019-10-17 07:38:22,672 [grpc-default-executor-6] INFO  impl.RaftServerImpl (RaftServerImpl.java:setRole(184)) - 920a4478-64f4-4720-983c-9a2102f3c94b@group-9DC5606B5DE8: changes role from  FOLLOWER to FOLLOWER at term 66 for recognizeCandidate:05f59524-a4ea-4be4-b99d-fb9eed47142d
2019-10-17 07:38:22,672 [grpc-default-executor-6] INFO  impl.RoleInfo (RoleInfo.java:shutdownFollowerState(121)) - 920a4478-64f4-4720-983c-9a2102f3c94b: shutdown FollowerState
2019-10-17 07:38:22,673 [grpc-default-executor-6] INFO  impl.RoleInfo (RoleInfo.java:updateAndGet(143)) - 920a4478-64f4-4720-983c-9a2102f3c94b: start FollowerState
2019-10-17 07:38:22,673 [Thread-796] INFO  impl.FollowerState (FollowerState.java:run(117)) - 920a4478-64f4-4720-983c-9a2102f3c94b@group-9DC5606B5DE8-FollowerState was interrupted: java.lang.InterruptedException: sleep interrupted
2019-10-17 07:38:22,739 [05f59524-a4ea-4be4-b99d-fb9eed47142d@group-9DC5606B5DE8-LeaderElection66] INFO  impl.LeaderElection (LeaderElection.java:logAndReturn(56)) - 05f59524-a4ea-4be4-b99d-fb9eed47142d@group-9DC5606B5DE8-LeaderElection66: Election REJECTED; received 2 response(s) [05f59524-a4ea-4be4-b99d-fb9eed47142d<-4b035f45-7941-40c3-ba2d-1cbecd2d369e#0:FAIL-t66, 05f59524-a4ea-4be4-b99d-fb9eed47142d<-920a4478-64f4-4720-983c-9a2102f3c94b#0:FAIL-t66] and 0 exception(s); 05f59524-a4ea-4be4-b99d-fb9eed47142d@group-9DC5606B5DE8:t66, leader=null, voted=05f59524-a4ea-4be4-b99d-fb9eed47142d, raftlog=05f59524-a4ea-4be4-b99d-fb9eed47142d@group-9DC5606B5DE8-SegmentedRaftLog:OPENED:c-1,f-1,i0, conf=-1: [05f59524-a4ea-4be4-b99d-fb9eed47142d:192.168.34.62:45919, 4b035f45-7941-40c3-ba2d-1cbecd2d369e:192.168.34.62:45443, 920a4478-64f4-4720-983c-9a2102f3c94b:192.168.34.62:38609], old=null
2019-10-17 07:38:22,739 [05f59524-a4ea-4be4-b99d-fb9eed47142d@group-9DC5606B5DE8-LeaderElection66] INFO  impl.RaftServerImpl (RaftServerImpl.java:setRole(184)) - 05f59524-a4ea-4be4-b99d-fb9eed47142d@group-9DC5606B5DE8: changes role from CANDIDATE to FOLLOWER at term 66 for DISCOVERED_A_NEW_TERM
2019-10-17 07:38:22,740 [05f59524-a4ea-4be4-b99d-fb9eed47142d@group-9DC5606B5DE8-LeaderElection66] INFO  impl.RoleInfo (RoleInfo.java:shutdownLeaderElection(134)) - 05f59524-a4ea-4be4-b99d-fb9eed47142d: shutdown LeaderElection
2019-10-17 07:38:22,740 [05f59524-a4ea-4be4-b99d-fb9eed47142d@group-9DC5606B5DE8-LeaderElection66] INFO  impl.RoleInfo (RoleInfo.java:updateAndGet(143)) - 05f59524-a4ea-4be4-b99d-fb9eed47142d: start FollowerState
2019-10-17 07:38:22,824 [Thread-802] INFO  impl.FollowerState (FollowerState.java:run(108)) - 05f59524-a4ea-4be4-b99d-fb9eed47142d@group-9DC5606B5DE8-FollowerState: change to CANDIDATE, lastRpcTime:84ms, electionTimeout:84ms
2019-10-17 07:38:22,824 [Thread-802] INFO  impl.RoleInfo (RoleInfo.java:shutdownFollowerState(121)) - 05f59524-a4ea-4be4-b99d-fb9eed47142d: shutdown FollowerState
2019-10-17 07:38:22,825 [Thread-802] INFO  impl.RaftServerImpl (RaftServerImpl.java:setRole(184)) - 05f59524-a4ea-4be4-b99d-fb9eed47142d@group-9DC5606B5DE8: changes role from  FOLLOWER to CANDIDATE at term 66 for changeToCandidate
2019-10-17 07:38:22,825 [Thread-802] INFO  impl.RoleInfo (RoleInfo.java:updateAndGet(143)) - 05f59524-a4ea-4be4-b99d-fb9eed47142d: start LeaderElection
2019-10-17 07:38:22,881 [05f59524-a4ea-4be4-b99d-fb9eed47142d@group-9DC5606B5DE8-LeaderElection67] INFO  impl.LeaderElection (LeaderElection.java:askForVotes(178)) - 05f59524-a4ea-4be4-b99d-fb9eed47142d@group-9DC5606B5DE8-LeaderElection67: begin an election at term 67 for -1: [05f59524-a4ea-4be4-b99d-fb9eed47142d:192.168.34.62:45919, 4b035f45-7941-40c3-ba2d-1cbecd2d369e:192.168.34.62:45443, 920a4478-64f4-4720-983c-9a2102f3c94b:192.168.34.62:38609], old=null
2019-10-17 07:38:22,885 [grpc-default-executor-5] INFO  impl.RaftServerImpl (RaftServerImpl.java:setRole(184)) - 920a4478-64f4-4720-983c-9a2102f3c94b@group-9DC5606B5DE8: changes role from  FOLLOWER to FOLLOWER at term 67 for recognizeCandidate:05f59524-a4ea-4be4-b99d-fb9eed47142d
2019-10-17 07:38:22,885 [grpc-default-executor-6] INFO  impl.RaftServerImpl (RaftServerImpl.java:setRole(184)) - 4b035f45-7941-40c3-ba2d-1cbecd2d369e@group-9DC5606B5DE8: changes role from  FOLLOWER to FOLLOWER at term 67 for recognizeCandidate:05f59524-a4ea-4be4-b99d-fb9eed47142d
2019-10-17 07:38:22,885 [grpc-default-executor-5] INFO  impl.RoleInfo (RoleInfo.java:shutdownFollowerState(121)) - 920a4478-64f4-4720-983c-9a2102f3c94b: shutdown FollowerState
2019-10-17 07:38:22,885 [grpc-default-executor-6] INFO  impl.RoleInfo (RoleInfo.java:shutdownFollowerState(121)) - 4b035f45-7941-40c3-ba2d-1cbecd2d369e: shutdown FollowerState
2019-10-17 07:38:22,885 [Thread-801] INFO  impl.FollowerState (FollowerState.java:run(117)) - 920a4478-64f4-4720-983c-9a2102f3c94b@group-9DC5606B5DE8-FollowerState was interrupted: java.lang.InterruptedException: sleep interrupted
2019-10-17 07:38:22,885 [grpc-default-executor-5] INFO  impl.RoleInfo (RoleInfo.java:updateAndGet(143)) - 920a4478-64f4-4720-983c-9a2102f3c94b: start FollowerState
2019-10-17 07:38:22,886 [Thread-800] INFO  impl.FollowerState (FollowerState.java:run(117)) - 4b035f45-7941-40c3-ba2d-1cbecd2d369e@group-9DC5606B5DE8-FollowerState was interrupted: java.lang.InterruptedException: sleep interrupted
2019-10-17 07:38:22,885 [grpc-default-executor-6] INFO  impl.RoleInfo (RoleInfo.java:updateAndGet(143)) - 4b035f45-7941-40c3-ba2d-1cbecd2d369e: start FollowerState
2019-10-17 07:38:22,933 [05f59524-a4ea-4be4-b99d-fb9eed47142d@group-9DC5606B5DE8-LeaderElection67] INFO  impl.LeaderElection (LeaderElection.java:logAndReturn(56)) - 05f59524-a4ea-4be4-b99d-fb9eed47142d@group-9DC5606B5DE8-LeaderElection67: Election REJECTED; received 2 response(s) [05f59524-a4ea-4be4-b99d-fb9eed47142d<-4b035f45-7941-40c3-ba2d-1cbecd2d369e#0:FAIL-t67, 05f59524-a4ea-4be4-b99d-fb9eed47142d<-920a4478-64f4-4720-983c-9a2102f3c94b#0:FAIL-t67] and 0 exception(s); 05f59524-a4ea-4be4-b99d-fb9eed47142d@group-9DC5606B5DE8:t67, leader=null, voted=05f59524-a4ea-4be4-b99d-fb9eed47142d, raftlog=05f59524-a4ea-4be4-b99d-fb9eed47142d@group-9DC5606B5DE8-SegmentedRaftLog:OPENED:c-1,f-1,i0, conf=-1: [05f59524-a4ea-4be4-b99d-fb9eed47142d:192.168.34.62:45919, 4b035f45-7941-40c3-ba2d-1cbecd2d369e:192.168.34.62:45443, 920a4478-64f4-4720-983c-9a2102f3c94b:192.168.34.62:38609], old=null
2019-10-17 07:38:22,933 [05f59524-a4ea-4be4-b99d-fb9eed47142d@group-9DC5606B5DE8-LeaderElection67] INFO  impl.RaftServerImpl (RaftServerImpl.java:setRole(184)) - 05f59524-a4ea-4be4-b99d-fb9eed47142d@group-9DC5606B5DE8: changes role from CANDIDATE to FOLLOWER at term 67 for DISCOVERED_A_NEW_TERM
2019-10-17 07:38:22,933 [05f59524-a4ea-4be4-b99d-fb9eed47142d@group-9DC5606B5DE8-LeaderElection67] INFO  impl.RoleInfo (RoleInfo.java:shutdownLeaderElection(134)) - 05f59524-a4ea-4be4-b99d-fb9eed47142d: shutdown LeaderElection
2019-10-17 07:38:22,934 [05f59524-a4ea-4be4-b99d-fb9eed47142d@group-9DC5606B5DE8-LeaderElection67] INFO  impl.RoleInfo (RoleInfo.java:updateAndGet(143)) - 05f59524-a4ea-4be4-b99d-fb9eed47142d: start FollowerState
2019-10-17 07:38:22,937 [Thread-808] INFO  impl.FollowerState (FollowerState.java:run(108)) - 05f59524-a4ea-4be4-b99d-fb9eed47142d@group-9DC5606B5DE8-FollowerState: change to CANDIDATE, lastRpcTime:3ms, electionTimeout:3ms
2019-10-17 07:38:22,937 [Thread-808] INFO  impl.RoleInfo (RoleInfo.java:shutdownFollowerState(121)) - 05f59524-a4ea-4be4-b99d-fb9eed47142d: shutdown FollowerState
2019-10-17 07:38:22,938 [Thread-808] INFO  impl.RaftServerImpl (RaftServerImpl.java:setRole(184)) - 05f59524-a4ea-4be4-b99d-fb9eed47142d@group-9DC5606B5DE8: changes role from  FOLLOWER to CANDIDATE at term 67 for changeToCandidate
2019-10-17 07:38:22,938 [Thread-808] INFO  impl.RoleInfo (RoleInfo.java:updateAndGet(143)) - 05f59524-a4ea-4be4-b99d-fb9eed47142d: start LeaderElection
2019-10-17 07:38:22,975 [05f59524-a4ea-4be4-b99d-fb9eed47142d@group-9DC5606B5DE8-LeaderElection68] INFO  impl.LeaderElection (LeaderElection.java:askForVotes(178)) - 05f59524-a4ea-4be4-b99d-fb9eed47142d@group-9DC5606B5DE8-LeaderElection68: begin an election at term 68 for -1: [05f59524-a4ea-4be4-b99d-fb9eed47142d:192.168.34.62:45919, 4b035f45-7941-40c3-ba2d-1cbecd2d369e:192.168.34.62:45443, 920a4478-64f4-4720-983c-9a2102f3c94b:192.168.34.62:38609], old=null
2019-10-17 07:38:22,979 [grpc-default-executor-6] INFO  impl.RaftServerImpl (RaftServerImpl.java:setRole(184)) - 920a4478-64f4-4720-983c-9a2102f3c94b@group-9DC5606B5DE8: changes role from  FOLLOWER to FOLLOWER at term 68 for recognizeCandidate:05f59524-a4ea-4be4-b99d-fb9eed47142d
2019-10-17 07:38:22,979 [grpc-default-executor-5] INFO  impl.RaftServerImpl (RaftServerImpl.java:setRole(184)) - 4b035f45-7941-40c3-ba2d-1cbecd2d369e@group-9DC5606B5DE8: changes role from  FOLLOWER to FOLLOWER at term 68 for recognizeCandidate:05f59524-a4ea-4be4-b99d-fb9eed47142d
2019-10-17 07:38:22,979 [grpc-default-executor-6] INFO  impl.RoleInfo (RoleInfo.java:shutdownFollowerState(121)) - 920a4478-64f4-4720-983c-9a2102f3c94b: shutdown FollowerState
2019-10-17 07:38:22,979 [grpc-default-executor-5] INFO  impl.RoleInfo (RoleInfo.java:shutdownFollowerState(121)) - 4b035f45-7941-40c3-ba2d-1cbecd2d369e: shutdown FollowerState
2019-10-17 07:38:22,980 [grpc-default-executor-6] INFO  impl.RoleInfo (RoleInfo.java:updateAndGet(143)) - 920a4478-64f4-4720-983c-9a2102f3c94b: start FollowerState
2019-10-17 07:38:22,980 [Thread-807] INFO  impl.FollowerState (FollowerState.java:run(117)) - 4b035f45-7941-40c3-ba2d-1cbecd2d369e@group-9DC5606B5DE8-FollowerState was interrupted: java.lang.InterruptedException: sleep interrupted
2019-10-17 07:38:22,980 [grpc-default-executor-5] INFO  impl.RoleInfo (RoleInfo.java:updateAndGet(143)) - 4b035f45-7941-40c3-ba2d-1cbecd2d369e: start FollowerState
2019-10-17 07:38:22,980 [Thread-806] INFO  impl.FollowerState (FollowerState.java:run(117)) - 920a4478-64f4-4720-983c-9a2102f3c94b@group-9DC5606B5DE8-FollowerState was interrupted: java.lang.InterruptedException: sleep interrupted
2019-10-17 07:38:23,012 [05f59524-a4ea-4be4-b99d-fb9eed47142d@group-9DC5606B5DE8-LeaderElection68] INFO  impl.LeaderElection (LeaderElection.java:logAndReturn(56)) - 05f59524-a4ea-4be4-b99d-fb9eed47142d@group-9DC5606B5DE8-LeaderElection68: Election TIMEOUT; received 0 response(s) [] and 0 exception(s); 05f59524-a4ea-4be4-b99d-fb9eed47142d@group-9DC5606B5DE8:t68, leader=null, voted=05f59524-a4ea-4be4-b99d-fb9eed47142d, raftlog=05f59524-a4ea-4be4-b99d-fb9eed47142d@group-9DC5606B5DE8-SegmentedRaftLog:OPENED:c-1,f-1,i0, conf=-1: [05f59524-a4ea-4be4-b99d-fb9eed47142d:192.168.34.62:45919, 4b035f45-7941-40c3-ba2d-1cbecd2d369e:192.168.34.62:45443, 920a4478-64f4-4720-983c-9a2102f3c94b:192.168.34.62:38609], old=null
2019-10-17 07:38:23,064 [05f59524-a4ea-4be4-b99d-fb9eed47142d@group-9DC5606B5DE8-LeaderElection68] INFO  impl.LeaderElection (LeaderElection.java:askForVotes(178)) - 05f59524-a4ea-4be4-b99d-fb9eed47142d@group-9DC5606B5DE8-LeaderElection68: begin an election at term 69 for -1: [05f59524-a4ea-4be4-b99d-fb9eed47142d:192.168.34.62:45919, 4b035f45-7941-40c3-ba2d-1cbecd2d369e:192.168.34.62:45443, 920a4478-64f4-4720-983c-9a2102f3c94b:192.168.34.62:38609], old=null
2019-10-17 07:38:23,068 [grpc-default-executor-5] INFO  impl.RaftServerImpl (RaftServerImpl.java:setRole(184)) - 920a4478-64f4-4720-983c-9a2102f3c94b@group-9DC5606B5DE8: changes role from  FOLLOWER to FOLLOWER at term 69 for recognizeCandidate:05f59524-a4ea-4be4-b99d-fb9eed47142d
2019-10-17 07:38:23,068 [grpc-default-executor-6] INFO  impl.RaftServerImpl (RaftServerImpl.java:setRole(184)) - 4b035f45-7941-40c3-ba2d-1cbecd2d369e@group-9DC5606B5DE8: changes role from  FOLLOWER to FOLLOWER at term 69 for recognizeCandidate:05f59524-a4ea-4be4-b99d-fb9eed47142d
2019-10-17 07:38:23,068 [grpc-default-executor-5] INFO  impl.RoleInfo (RoleInfo.java:shutdownFollowerState(121)) - 920a4478-64f4-4720-983c-9a2102f3c94b: shutdown FollowerState
2019-10-17 07:38:23,068 [grpc-default-executor-6] INFO  impl.RoleInfo (RoleInfo.java:shutdownFollowerState(121)) - 4b035f45-7941-40c3-ba2d-1cbecd2d369e: shutdown FollowerState
2019-10-17 07:38:23,069 [Thread-812] INFO  impl.FollowerState (FollowerState.java:run(117)) - 920a4478-64f4-4720-983c-9a2102f3c94b@group-9DC5606B5DE8-FollowerState was interrupted: java.lang.InterruptedException: sleep interrupted
2019-10-17 07:38:23,069 [grpc-default-executor-5] INFO  impl.RoleInfo (RoleInfo.java:updateAndGet(143)) - 920a4478-64f4-4720-983c-9a2102f3c94b: start FollowerState
2019-10-17 07:38:23,069 [Thread-813] INFO  impl.FollowerState (FollowerState.java:run(117)) - 4b035f45-7941-40c3-ba2d-1cbecd2d369e@group-9DC5606B5DE8-FollowerState was interrupted: java.lang.InterruptedException: sleep interrupted
2019-10-17 07:38:23,069 [grpc-default-executor-6] INFO  impl.RoleInfo (RoleInfo.java:updateAndGet(143)) - 4b035f45-7941-40c3-ba2d-1cbecd2d369e: start FollowerState
2019-10-17 07:38:23,112 [05f59524-a4ea-4be4-b99d-fb9eed47142d@group-9DC5606B5DE8-LeaderElection68] INFO  impl.LeaderElection (LeaderElection.java:logAndReturn(56)) - 05f59524-a4ea-4be4-b99d-fb9eed47142d@group-9DC5606B5DE8-LeaderElection68: Election REJECTED; received 2 response(s) [05f59524-a4ea-4be4-b99d-fb9eed47142d<-4b035f45-7941-40c3-ba2d-1cbecd2d369e#0:FAIL-t69, 05f59524-a4ea-4be4-b99d-fb9eed47142d<-920a4478-64f4-4720-983c-9a2102f3c94b#0:FAIL-t69] and 0 exception(s); 05f59524-a4ea-4be4-b99d-fb9eed47142d@group-9DC5606B5DE8:t69, leader=null, voted=05f59524-a4ea-4be4-b99d-fb9eed47142d, raftlog=05f59524-a4ea-4be4-b99d-fb9eed47142d@group-9DC5606B5DE8-SegmentedRaftLog:OPENED:c-1,f-1,i0, conf=-1: [05f59524-a4ea-4be4-b99d-fb9eed47142d:192.168.34.62:45919, 4b035f45-7941-40c3-ba2d-1cbecd2d369e:192.168.34.62:45443, 920a4478-64f4-4720-983c-9a2102f3c94b:192.168.34.62:38609], old=null
2019-10-17 07:38:23,113 [05f59524-a4ea-4be4-b99d-fb9eed47142d@group-9DC5606B5DE8-LeaderElection68] INFO  impl.RaftServerImpl (RaftServerImpl.java:setRole(184)) - 05f59524-a4ea-4be4-b99d-fb9eed47142d@group-9DC5606B5DE8: changes role from CANDIDATE to FOLLOWER at term 69 for DISCOVERED_A_NEW_TERM
2019-10-17 07:38:23,113 [05f59524-a4ea-4be4-b99d-fb9eed47142d@group-9DC5606B5DE8-LeaderElection68] INFO  impl.RoleInfo (RoleInfo.java:shutdownLeaderElection(134)) - 05f59524-a4ea-4be4-b99d-fb9eed47142d: shutdown LeaderElection
2019-10-17 07:38:23,113 [05f59524-a4ea-4be4-b99d-fb9eed47142d@group-9DC5606B5DE8-LeaderElection68] INFO  impl.RoleInfo (RoleInfo.java:updateAndGet(143)) - 05f59524-a4ea-4be4-b99d-fb9eed47142d: start FollowerState
2019-10-17 07:38:23,161 [Thread-818] INFO  impl.FollowerState (FollowerState.java:run(108)) - 05f59524-a4ea-4be4-b99d-fb9eed47142d@group-9DC5606B5DE8-FollowerState: change to CANDIDATE, lastRpcTime:47ms, electionTimeout:47ms
2019-10-17 07:38:23,161 [Thread-818] INFO  impl.RoleInfo (RoleInfo.java:shutdownFollowerState(121)) - 05f59524-a4ea-4be4-b99d-fb9eed47142d: shutdown FollowerState
2019-10-17 07:38:23,161 [Thread-818] INFO  impl.RaftServerImpl (RaftServerImpl.java:setRole(184)) - 05f59524-a4ea-4be4-b99d-fb9eed47142d@group-9DC5606B5DE8: changes role from  FOLLOWER to CANDIDATE at term 69 for changeToCandidate
2019-10-17 07:38:23,161 [Thread-818] INFO  impl.RoleInfo (RoleInfo.java:updateAndGet(143)) - 05f59524-a4ea-4be4-b99d-fb9eed47142d: start LeaderElection
2019-10-17 07:38:23,204 [05f59524-a4ea-4be4-b99d-fb9eed47142d@group-9DC5606B5DE8-LeaderElection69] INFO  impl.LeaderElection (LeaderElection.java:askForVotes(178)) - 05f59524-a4ea-4be4-b99d-fb9eed47142d@group-9DC5606B5DE8-LeaderElection69: begin an election at term 70 for -1: [05f59524-a4ea-4be4-b99d-fb9eed47142d:192.168.34.62:45919, 4b035f45-7941-40c3-ba2d-1cbecd2d369e:192.168.34.62:45443, 920a4478-64f4-4720-983c-9a2102f3c94b:192.168.34.62:38609], old=null
2019-10-17 07:38:23,207 [grpc-default-executor-6] INFO  impl.RaftServerImpl (RaftServerImpl.java:setRole(184)) - 4b035f45-7941-40c3-ba2d-1cbecd2d369e@group-9DC5606B5DE8: changes role from  FOLLOWER to FOLLOWER at term 70 for recognizeCandidate:05f59524-a4ea-4be4-b99d-fb9eed47142d
2019-10-17 07:38:23,207 [grpc-default-executor-5] INFO  impl.RaftServerImpl (RaftServerImpl.java:setRole(184)) - 920a4478-64f4-4720-983c-9a2102f3c94b@group-9DC5606B5DE8: changes role from  FOLLOWER to FOLLOWER at term 70 for recognizeCandidate:05f59524-a4ea-4be4-b99d-fb9eed47142d
2019-10-17 07:38:23,207 [grpc-default-executor-6] INFO  impl.RoleInfo (RoleInfo.java:shutdownFollowerState(121)) - 4b035f45-7941-40c3-ba2d-1cbecd2d369e: shutdown FollowerState
2019-10-17 07:38:23,207 [grpc-default-executor-5] INFO  impl.RoleInfo (RoleInfo.java:shutdownFollowerState(121)) - 920a4478-64f4-4720-983c-9a2102f3c94b: shutdown FollowerState
2019-10-17 07:38:23,208 [Thread-817] INFO  impl.FollowerState (FollowerState.java:run(117)) - 4b035f45-7941-40c3-ba2d-1cbecd2d369e@group-9DC5606B5DE8-FollowerState was interrupted: java.lang.InterruptedException: sleep interrupted
2019-10-17 07:38:23,208 [Thread-816] INFO  impl.FollowerState (FollowerState.java:run(117)) - 920a4478-64f4-4720-983c-9a2102f3c94b@group-9DC5606B5DE8-FollowerState was interrupted: java.lang.InterruptedException: sleep interrupted
2019-10-17 07:38:23,208 [grpc-default-executor-6] INFO  impl.RoleInfo (RoleInfo.java:updateAndGet(143)) - 4b035f45-7941-40c3-ba2d-1cbecd2d369e: start FollowerState
2019-10-17 07:38:23,208 [grpc-default-executor-5] INFO  impl.RoleInfo (RoleInfo.java:updateAndGet(143)) - 920a4478-64f4-4720-983c-9a2102f3c94b: start FollowerState
2019-10-17 07:38:23,209 [05f59524-a4ea-4be4-b99d-fb9eed47142d@group-9DC5606B5DE8-LeaderElection69] INFO  impl.LeaderElection (LeaderElection.java:logAndReturn(56)) - 05f59524-a4ea-4be4-b99d-fb9eed47142d@group-9DC5606B5DE8-LeaderElection69: Election TIMEOUT; received 0 response(s) [] and 0 exception(s); 05f59524-a4ea-4be4-b99d-fb9eed47142d@group-9DC5606B5DE8:t70, leader=null, voted=05f59524-a4ea-4be4-b99d-fb9eed47142d, raftlog=05f59524-a4ea-4be4-b99d-fb9eed47142d@group-9DC5606B5DE8-SegmentedRaftLog:OPENED:c-1,f-1,i0, conf=-1: [05f59524-a4ea-4be4-b99d-fb9eed47142d:192.168.34.62:45919, 4b035f45-7941-40c3-ba2d-1cbecd2d369e:192.168.34.62:45443, 920a4478-64f4-4720-983c-9a2102f3c94b:192.168.34.62:38609], old=null
2019-10-17 07:38:23,249 [05f59524-a4ea-4be4-b99d-fb9eed47142d@group-9DC5606B5DE8-LeaderElection69] INFO  impl.LeaderElection (LeaderElection.java:askForVotes(178)) - 05f59524-a4ea-4be4-b99d-fb9eed47142d@group-9DC5606B5DE8-LeaderElection69: begin an election at term 71 for -1: [05f59524-a4ea-4be4-b99d-fb9eed47142d:192.168.34.62:45919, 4b035f45-7941-40c3-ba2d-1cbecd2d369e:192.168.34.62:45443, 920a4478-64f4-4720-983c-9a2102f3c94b:192.168.34.62:38609], old=null
2019-10-17 07:38:23,251 [grpc-default-executor-6] INFO  impl.RaftServerImpl (RaftServerImpl.java:setRole(184)) - 4b035f45-7941-40c3-ba2d-1cbecd2d369e@group-9DC5606B5DE8: changes role from  FOLLOWER to FOLLOWER at term 71 for recognizeCandidate:05f59524-a4ea-4be4-b99d-fb9eed47142d
2019-10-17 07:38:23,251 [grpc-default-executor-6] INFO  impl.RoleInfo (RoleInfo.java:shutdownFollowerState(121)) - 4b035f45-7941-40c3-ba2d-1cbecd2d369e: shutdown FollowerState
2019-10-17 07:38:23,251 [grpc-default-executor-6] INFO  impl.RoleInfo (RoleInfo.java:updateAndGet(143)) - 4b035f45-7941-40c3-ba2d-1cbecd2d369e: start FollowerState
2019-10-17 07:38:23,251 [Thread-822] INFO  impl.FollowerState (FollowerState.java:run(117)) - 4b035f45-7941-40c3-ba2d-1cbecd2d369e@group-9DC5606B5DE8-FollowerState was interrupted: java.lang.InterruptedException: sleep interrupted
2019-10-17 07:38:23,251 [grpc-default-executor-5] INFO  impl.RaftServerImpl (RaftServerImpl.java:setRole(184)) - 920a4478-64f4-4720-983c-9a2102f3c94b@group-9DC5606B5DE8: changes role from  FOLLOWER to FOLLOWER at term 71 for recognizeCandidate:05f59524-a4ea-4be4-b99d-fb9eed47142d
2019-10-17 07:38:23,252 [grpc-default-executor-5] INFO  impl.RoleInfo (RoleInfo.java:shutdownFollowerState(121)) - 920a4478-64f4-4720-983c-9a2102f3c94b: shutdown FollowerState
2019-10-17 07:38:23,252 [grpc-default-executor-5] INFO  impl.RoleInfo (RoleInfo.java:updateAndGet(143)) - 920a4478-64f4-4720-983c-9a2102f3c94b: start FollowerState
2019-10-17 07:38:23,252 [Thread-823] INFO  impl.FollowerState (FollowerState.java:run(117)) - 920a4478-64f4-4720-983c-9a2102f3c94b@group-9DC5606B5DE8-FollowerState was interrupted: java.lang.InterruptedException: sleep interrupted
2019-10-17 07:38:23,314 [05f59524-a4ea-4be4-b99d-fb9eed47142d@group-9DC5606B5DE8-LeaderElection69] INFO  impl.LeaderElection (LeaderElection.java:logAndReturn(56)) - 05f59524-a4ea-4be4-b99d-fb9eed47142d@group-9DC5606B5DE8-LeaderElection69: Election TIMEOUT; received 0 response(s) [] and 0 exception(s); 05f59524-a4ea-4be4-b99d-fb9eed47142d@group-9DC5606B5DE8:t71, leader=null, voted=05f59524-a4ea-4be4-b99d-fb9eed47142d, raftlog=05f59524-a4ea-4be4-b99d-fb9eed47142d@group-9DC5606B5DE8-SegmentedRaftLog:OPENED:c-1,f-1,i0, conf=-1: [05f59524-a4ea-4be4-b99d-fb9eed47142d:192.168.34.62:45919, 4b035f45-7941-40c3-ba2d-1cbecd2d369e:192.168.34.62:45443, 920a4478-64f4-4720-983c-9a2102f3c94b:192.168.34.62:38609], old=null
2019-10-17 07:38:23,374 [05f59524-a4ea-4be4-b99d-fb9eed47142d@group-9DC5606B5DE8-LeaderElection69] INFO  impl.LeaderElection (LeaderElection.java:askForVotes(178)) - 05f59524-a4ea-4be4-b99d-fb9eed47142d@group-9DC5606B5DE8-LeaderElection69: begin an election at term 72 for -1: [05f59524-a4ea-4be4-b99d-fb9eed47142d:192.168.34.62:45919, 4b035f45-7941-40c3-ba2d-1cbecd2d369e:192.168.34.62:45443, 920a4478-64f4-4720-983c-9a2102f3c94b:192.168.34.62:38609], old=null
2019-10-17 07:38:23,376 [grpc-default-executor-6] INFO  impl.RaftServerImpl (RaftServerImpl.java:setRole(184)) - 4b035f45-7941-40c3-ba2d-1cbecd2d369e@group-9DC5606B5DE8: changes role from  FOLLOWER to FOLLOWER at term 72 for recognizeCandidate:05f59524-a4ea-4be4-b99d-fb9eed47142d
2019-10-17 07:38:23,376 [grpc-default-executor-6] INFO  impl.RoleInfo (RoleInfo.java:shutdownFollowerState(121)) - 4b035f45-7941-40c3-ba2d-1cbecd2d369e: shutdown FollowerState
2019-10-17 07:38:23,377 [grpc-default-executor-6] INFO  impl.RoleInfo (RoleInfo.java:updateAndGet(143)) - 4b035f45-7941-40c3-ba2d-1cbecd2d369e: start FollowerState
2019-10-17 07:38:23,377 [grpc-default-executor-5] INFO  impl.RaftServerImpl (RaftServerImpl.java:setRole(184)) - 920a4478-64f4-4720-983c-9a2102f3c94b@group-9DC5606B5DE8: changes role from  FOLLOWER to FOLLOWER at term 72 for recognizeCandidate:05f59524-a4ea-4be4-b99d-fb9eed47142d
2019-10-17 07:38:23,377 [Thread-826] INFO  impl.FollowerState (FollowerState.java:run(117)) - 4b035f45-7941-40c3-ba2d-1cbecd2d369e@group-9DC5606B5DE8-FollowerState was interrupted: java.lang.InterruptedException: sleep interrupted
2019-10-17 07:38:23,377 [grpc-default-executor-5] INFO  impl.RoleInfo (RoleInfo.java:shutdownFollowerState(121)) - 920a4478-64f4-4720-983c-9a2102f3c94b: shutdown FollowerState
2019-10-17 07:38:23,377 [grpc-default-executor-5] INFO  impl.RoleInfo (RoleInfo.java:updateAndGet(143)) - 920a4478-64f4-4720-983c-9a2102f3c94b: start FollowerState
2019-10-17 07:38:23,377 [Thread-827] INFO  impl.FollowerState (FollowerState.java:run(117)) - 920a4478-64f4-4720-983c-9a2102f3c94b@group-9DC5606B5DE8-FollowerState was interrupted: java.lang.InterruptedException: sleep interrupted
2019-10-17 07:38:23,411 [05f59524-a4ea-4be4-b99d-fb9eed47142d@group-9DC5606B5DE8-LeaderElection69] INFO  impl.LeaderElection (LeaderElection.java:logAndReturn(56)) - 05f59524-a4ea-4be4-b99d-fb9eed47142d@group-9DC5606B5DE8-LeaderElection69: Election REJECTED; received 2 response(s) [05f59524-a4ea-4be4-b99d-fb9eed47142d<-4b035f45-7941-40c3-ba2d-1cbecd2d369e#0:FAIL-t72, 05f59524-a4ea-4be4-b99d-fb9eed47142d<-920a4478-64f4-4720-983c-9a2102f3c94b#0:FAIL-t72] and 0 exception(s); 05f59524-a4ea-4be4-b99d-fb9eed47142d@group-9DC5606B5DE8:t72, leader=null, voted=05f59524-a4ea-4be4-b99d-fb9eed47142d, raftlog=05f59524-a4ea-4be4-b99d-fb9eed47142d@group-9DC5606B5DE8-SegmentedRaftLog:OPENED:c-1,f-1,i0, conf=-1: [05f59524-a4ea-4be4-b99d-fb9eed47142d:192.168.34.62:45919, 4b035f45-7941-40c3-ba2d-1cbecd2d369e:192.168.34.62:45443, 920a4478-64f4-4720-983c-9a2102f3c94b:192.168.34.62:38609], old=null
2019-10-17 07:38:23,411 [05f59524-a4ea-4be4-b99d-fb9eed47142d@group-9DC5606B5DE8-LeaderElection69] INFO  impl.RaftServerImpl (RaftServerImpl.java:setRole(184)) - 05f59524-a4ea-4be4-b99d-fb9eed47142d@group-9DC5606B5DE8: changes role from CANDIDATE to FOLLOWER at term 72 for DISCOVERED_A_NEW_TERM
2019-10-17 07:38:23,412 [05f59524-a4ea-4be4-b99d-fb9eed47142d@group-9DC5606B5DE8-LeaderElection69] INFO  impl.RoleInfo (RoleInfo.java:shutdownLeaderElection(134)) - 05f59524-a4ea-4be4-b99d-fb9eed47142d: shutdown LeaderElection
2019-10-17 07:38:23,412 [05f59524-a4ea-4be4-b99d-fb9eed47142d@group-9DC5606B5DE8-LeaderElection69] INFO  impl.RoleInfo (RoleInfo.java:updateAndGet(143)) - 05f59524-a4ea-4be4-b99d-fb9eed47142d: start FollowerState
2019-10-17 07:38:23,575 [Thread-832] INFO  impl.FollowerState (FollowerState.java:run(108)) - 05f59524-a4ea-4be4-b99d-fb9eed47142d@group-9DC5606B5DE8-FollowerState: change to CANDIDATE, lastRpcTime:163ms, electionTimeout:163ms
2019-10-17 07:38:23,576 [Thread-832] INFO  impl.RoleInfo (RoleInfo.java:shutdownFollowerState(121)) - 05f59524-a4ea-4be4-b99d-fb9eed47142d: shutdown FollowerState
2019-10-17 07:38:23,576 [Thread-832] INFO  impl.RaftServerImpl (RaftServerImpl.java:setRole(184)) - 05f59524-a4ea-4be4-b99d-fb9eed47142d@group-9DC5606B5DE8: changes role from  FOLLOWER to CANDIDATE at term 72 for changeToCandidate
2019-10-17 07:38:23,576 [Thread-832] INFO  impl.RoleInfo (RoleInfo.java:updateAndGet(143)) - 05f59524-a4ea-4be4-b99d-fb9eed47142d: start LeaderElection
2019-10-17 07:38:23,648 [05f59524-a4ea-4be4-b99d-fb9eed47142d@group-9DC5606B5DE8-LeaderElection70] INFO  impl.LeaderElection (LeaderElection.java:askForVotes(178)) - 05f59524-a4ea-4be4-b99d-fb9eed47142d@group-9DC5606B5DE8-LeaderElection70: begin an election at term 73 for -1: [05f59524-a4ea-4be4-b99d-fb9eed47142d:192.168.34.62:45919, 4b035f45-7941-40c3-ba2d-1cbecd2d369e:192.168.34.62:45443, 920a4478-64f4-4720-983c-9a2102f3c94b:192.168.34.62:38609], old=null
2019-10-17 07:38:23,650 [grpc-default-executor-6] INFO  impl.RaftServerImpl (RaftServerImpl.java:setRole(184)) - 4b035f45-7941-40c3-ba2d-1cbecd2d369e@group-9DC5606B5DE8: changes role from  FOLLOWER to FOLLOWER at term 73 for recognizeCandidate:05f59524-a4ea-4be4-b99d-fb9eed47142d
2019-10-17 07:38:23,650 [grpc-default-executor-6] INFO  impl.RoleInfo (RoleInfo.java:shutdownFollowerState(121)) - 4b035f45-7941-40c3-ba2d-1cbecd2d369e: shutdown FollowerState
2019-10-17 07:38:23,650 [grpc-default-executor-5] INFO  impl.RaftServerImpl (RaftServerImpl.java:setRole(184)) - 920a4478-64f4-4720-983c-9a2102f3c94b@group-9DC5606B5DE8: changes role from  FOLLOWER to FOLLOWER at term 73 for recognizeCandidate:05f59524-a4ea-4be4-b99d-fb9eed47142d
2019-10-17 07:38:23,651 [Thread-830] INFO  impl.FollowerState (FollowerState.java:run(117)) - 4b035f45-7941-40c3-ba2d-1cbecd2d369e@group-9DC5606B5DE8-FollowerState was interrupted: java.lang.InterruptedException: sleep interrupted
2019-10-17 07:38:23,651 [grpc-default-executor-6] INFO  impl.RoleInfo (RoleInfo.java:updateAndGet(143)) - 4b035f45-7941-40c3-ba2d-1cbecd2d369e: start FollowerState
2019-10-17 07:38:23,651 [grpc-default-executor-5] INFO  impl.RoleInfo (RoleInfo.java:shutdownFollowerState(121)) - 920a4478-64f4-4720-983c-9a2102f3c94b: shutdown FollowerState
2019-10-17 07:38:23,651 [grpc-default-executor-5] INFO  impl.RoleInfo (RoleInfo.java:updateAndGet(143)) - 920a4478-64f4-4720-983c-9a2102f3c94b: start FollowerState
2019-10-17 07:38:23,651 [Thread-831] INFO  impl.FollowerState (FollowerState.java:run(117)) - 920a4478-64f4-4720-983c-9a2102f3c94b@group-9DC5606B5DE8-FollowerState was interrupted: java.lang.InterruptedException: sleep interrupted
2019-10-17 07:38:23,687 [05f59524-a4ea-4be4-b99d-fb9eed47142d@group-9DC5606B5DE8-LeaderElection70] INFO  impl.LeaderElection (LeaderElection.java:logAndReturn(56)) - 05f59524-a4ea-4be4-b99d-fb9eed47142d@group-9DC5606B5DE8-LeaderElection70: Election REJECTED; received 2 response(s) [05f59524-a4ea-4be4-b99d-fb9eed47142d<-4b035f45-7941-40c3-ba2d-1cbecd2d369e#0:FAIL-t73, 05f59524-a4ea-4be4-b99d-fb9eed47142d<-920a4478-64f4-4720-983c-9a2102f3c94b#0:FAIL-t73] and 0 exception(s); 05f59524-a4ea-4be4-b99d-fb9eed47142d@group-9DC5606B5DE8:t73, leader=null, voted=05f59524-a4ea-4be4-b99d-fb9eed47142d, raftlog=05f59524-a4ea-4be4-b99d-fb9eed47142d@group-9DC5606B5DE8-SegmentedRaftLog:OPENED:c-1,f-1,i0, conf=-1: [05f59524-a4ea-4be4-b99d-fb9eed47142d:192.168.34.62:45919, 4b035f45-7941-40c3-ba2d-1cbecd2d369e:192.168.34.62:45443, 920a4478-64f4-4720-983c-9a2102f3c94b:192.168.34.62:38609], old=null
2019-10-17 07:38:23,687 [05f59524-a4ea-4be4-b99d-fb9eed47142d@group-9DC5606B5DE8-LeaderElection70] INFO  impl.RaftServerImpl (RaftServerImpl.java:setRole(184)) - 05f59524-a4ea-4be4-b99d-fb9eed47142d@group-9DC5606B5DE8: changes role from CANDIDATE to FOLLOWER at term 73 for DISCOVERED_A_NEW_TERM
2019-10-17 07:38:23,687 [05f59524-a4ea-4be4-b99d-fb9eed47142d@group-9DC5606B5DE8-LeaderElection70] INFO  impl.RoleInfo (RoleInfo.java:shutdownLeaderElection(134)) - 05f59524-a4ea-4be4-b99d-fb9eed47142d: shutdown LeaderElection
2019-10-17 07:38:23,687 [05f59524-a4ea-4be4-b99d-fb9eed47142d@group-9DC5606B5DE8-LeaderElection70] INFO  impl.RoleInfo (RoleInfo.java:updateAndGet(143)) - 05f59524-a4ea-4be4-b99d-fb9eed47142d: start FollowerState
2019-10-17 07:38:23,783 [Thread-838] INFO  impl.FollowerState (FollowerState.java:run(108)) - 05f59524-a4ea-4be4-b99d-fb9eed47142d@group-9DC5606B5DE8-FollowerState: change to CANDIDATE, lastRpcTime:95ms, electionTimeout:95ms
2019-10-17 07:38:23,783 [Thread-838] INFO  impl.RoleInfo (RoleInfo.java:shutdownFollowerState(121)) - 05f59524-a4ea-4be4-b99d-fb9eed47142d: shutdown FollowerState
2019-10-17 07:38:23,783 [Thread-838] INFO  impl.RaftServerImpl (RaftServerImpl.java:setRole(184)) - 05f59524-a4ea-4be4-b99d-fb9eed47142d@group-9DC5606B5DE8: changes role from  FOLLOWER to CANDIDATE at term 73 for changeToCandidate
2019-10-17 07:38:23,783 [Thread-838] INFO  impl.RoleInfo (RoleInfo.java:updateAndGet(143)) - 05f59524-a4ea-4be4-b99d-fb9eed47142d: start LeaderElection
2019-10-17 07:38:23,808 [05f59524-a4ea-4be4-b99d-fb9eed47142d@group-9DC5606B5DE8-LeaderElection71] INFO  impl.LeaderElection (LeaderElection.java:askForVotes(178)) - 05f59524-a4ea-4be4-b99d-fb9eed47142d@group-9DC5606B5DE8-LeaderElection71: begin an election at term 74 for -1: [05f59524-a4ea-4be4-b99d-fb9eed47142d:192.168.34.62:45919, 4b035f45-7941-40c3-ba2d-1cbecd2d369e:192.168.34.62:45443, 920a4478-64f4-4720-983c-9a2102f3c94b:192.168.34.62:38609], old=null
2019-10-17 07:38:23,811 [grpc-default-executor-5] INFO  impl.RaftServerImpl (RaftServerImpl.java:setRole(184)) - 920a4478-64f4-4720-983c-9a2102f3c94b@group-9DC5606B5DE8: changes role from  FOLLOWER to FOLLOWER at term 74 for recognizeCandidate:05f59524-a4ea-4be4-b99d-fb9eed47142d
2019-10-17 07:38:23,811 [grpc-default-executor-6] INFO  impl.RaftServerImpl (RaftServerImpl.java:setRole(184)) - 4b035f45-7941-40c3-ba2d-1cbecd2d369e@group-9DC5606B5DE8: changes role from  FOLLOWER to FOLLOWER at term 74 for recognizeCandidate:05f59524-a4ea-4be4-b99d-fb9eed47142d
2019-10-17 07:38:23,812 [grpc-default-executor-5] INFO  impl.RoleInfo (RoleInfo.java:shutdownFollowerState(121)) - 920a4478-64f4-4720-983c-9a2102f3c94b: shutdown FollowerState
2019-10-17 07:38:23,812 [grpc-default-executor-6] INFO  impl.RoleInfo (RoleInfo.java:shutdownFollowerState(121)) - 4b035f45-7941-40c3-ba2d-1cbecd2d369e: shutdown FollowerState
2019-10-17 07:38:23,812 [Thread-837] INFO  impl.FollowerState (FollowerState.java:run(117)) - 920a4478-64f4-4720-983c-9a2102f3c94b@group-9DC5606B5DE8-FollowerState was interrupted: java.lang.InterruptedException: sleep interrupted
2019-10-17 07:38:23,812 [Thread-836] INFO  impl.FollowerState (FollowerState.java:run(117)) - 4b035f45-7941-40c3-ba2d-1cbecd2d369e@group-9DC5606B5DE8-FollowerState was interrupted: java.lang.InterruptedException: sleep interrupted
2019-10-17 07:38:23,812 [grpc-default-executor-5] INFO  impl.RoleInfo (RoleInfo.java:updateAndGet(143)) - 920a4478-64f4-4720-983c-9a2102f3c94b: start FollowerState
2019-10-17 07:38:23,812 [grpc-default-executor-6] INFO  impl.RoleInfo (RoleInfo.java:updateAndGet(143)) - 4b035f45-7941-40c3-ba2d-1cbecd2d369e: start FollowerState
2019-10-17 07:38:23,845 [05f59524-a4ea-4be4-b99d-fb9eed47142d@group-9DC5606B5DE8-LeaderElection71] INFO  impl.LeaderElection (LeaderElection.java:logAndReturn(56)) - 05f59524-a4ea-4be4-b99d-fb9eed47142d@group-9DC5606B5DE8-LeaderElection71: Election REJECTED; received 2 response(s) [05f59524-a4ea-4be4-b99d-fb9eed47142d<-4b035f45-7941-40c3-ba2d-1cbecd2d369e#0:FAIL-t74, 05f59524-a4ea-4be4-b99d-fb9eed47142d<-920a4478-64f4-4720-983c-9a2102f3c94b#0:FAIL-t74] and 0 exception(s); 05f59524-a4ea-4be4-b99d-fb9eed47142d@group-9DC5606B5DE8:t74, leader=null, voted=05f59524-a4ea-4be4-b99d-fb9eed47142d, raftlog=05f59524-a4ea-4be4-b99d-fb9eed47142d@group-9DC5606B5DE8-SegmentedRaftLog:OPENED:c-1,f-1,i0, conf=-1: [05f59524-a4ea-4be4-b99d-fb9eed47142d:192.168.34.62:45919, 4b035f45-7941-40c3-ba2d-1cbecd2d369e:192.168.34.62:45443, 920a4478-64f4-4720-983c-9a2102f3c94b:192.168.34.62:38609], old=null
2019-10-17 07:38:23,845 [05f59524-a4ea-4be4-b99d-fb9eed47142d@group-9DC5606B5DE8-LeaderElection71] INFO  impl.RaftServerImpl (RaftServerImpl.java:setRole(184)) - 05f59524-a4ea-4be4-b99d-fb9eed47142d@group-9DC5606B5DE8: changes role from CANDIDATE to FOLLOWER at term 74 for DISCOVERED_A_NEW_TERM
2019-10-17 07:38:23,846 [05f59524-a4ea-4be4-b99d-fb9eed47142d@group-9DC5606B5DE8-LeaderElection71] INFO  impl.RoleInfo (RoleInfo.java:shutdownLeaderElection(134)) - 05f59524-a4ea-4be4-b99d-fb9eed47142d: shutdown LeaderElection
2019-10-17 07:38:23,846 [05f59524-a4ea-4be4-b99d-fb9eed47142d@group-9DC5606B5DE8-LeaderElection71] INFO  impl.RoleInfo (RoleInfo.java:updateAndGet(143)) - 05f59524-a4ea-4be4-b99d-fb9eed47142d: start FollowerState
2019-10-17 07:38:23,947 [Thread-844] INFO  impl.FollowerState (FollowerState.java:run(108)) - 05f59524-a4ea-4be4-b99d-fb9eed47142d@group-9DC5606B5DE8-FollowerState: change to CANDIDATE, lastRpcTime:101ms, electionTimeout:101ms
2019-10-17 07:38:23,947 [Thread-844] INFO  impl.RoleInfo (RoleInfo.java:shutdownFollowerState(121)) - 05f59524-a4ea-4be4-b99d-fb9eed47142d: shutdown FollowerState
2019-10-17 07:38:23,948 [Thread-844] INFO  impl.RaftServerImpl (RaftServerImpl.java:setRole(184)) - 05f59524-a4ea-4be4-b99d-fb9eed47142d@group-9DC5606B5DE8: changes role from  FOLLOWER to CANDIDATE at term 74 for changeToCandidate
2019-10-17 07:38:23,948 [Thread-844] INFO  impl.RoleInfo (RoleInfo.java:updateAndGet(143)) - 05f59524-a4ea-4be4-b99d-fb9eed47142d: start LeaderElection
2019-10-17 07:38:23,978 [05f59524-a4ea-4be4-b99d-fb9eed47142d@group-9DC5606B5DE8-LeaderElection72] INFO  impl.LeaderElection (LeaderElection.java:askForVotes(178)) - 05f59524-a4ea-4be4-b99d-fb9eed47142d@group-9DC5606B5DE8-LeaderElection72: begin an election at term 75 for -1: [05f59524-a4ea-4be4-b99d-fb9eed47142d:192.168.34.62:45919, 4b035f45-7941-40c3-ba2d-1cbecd2d369e:192.168.34.62:45443, 920a4478-64f4-4720-983c-9a2102f3c94b:192.168.34.62:38609], old=null
2019-10-17 07:38:23,981 [grpc-default-executor-6] INFO  impl.RaftServerImpl (RaftServerImpl.java:setRole(184)) - 4b035f45-7941-40c3-ba2d-1cbecd2d369e@group-9DC5606B5DE8: changes role from  FOLLOWER to FOLLOWER at term 75 for recognizeCandidate:05f59524-a4ea-4be4-b99d-fb9eed47142d
2019-10-17 07:38:23,981 [grpc-default-executor-5] INFO  impl.RaftServerImpl (RaftServerImpl.java:setRole(184)) - 920a4478-64f4-4720-983c-9a2102f3c94b@group-9DC5606B5DE8: changes role from  FOLLOWER to FOLLOWER at term 75 for recognizeCandidate:05f59524-a4ea-4be4-b99d-fb9eed47142d
2019-10-17 07:38:23,981 [grpc-default-executor-6] INFO  impl.RoleInfo (RoleInfo.java:shutdownFollowerState(121)) - 4b035f45-7941-40c3-ba2d-1cbecd2d369e: shutdown FollowerState
2019-10-17 07:38:23,982 [grpc-default-executor-5] INFO  impl.RoleInfo (RoleInfo.java:shutdownFollowerState(121)) - 920a4478-64f4-4720-983c-9a2102f3c94b: shutdown FollowerState
2019-10-17 07:38:23,982 [Thread-843] INFO  impl.FollowerState (FollowerState.java:run(117)) - 4b035f45-7941-40c3-ba2d-1cbecd2d369e@group-9DC5606B5DE8-FollowerState was interrupted: java.lang.InterruptedException: sleep interrupted
2019-10-17 07:38:23,982 [Thread-842] INFO  impl.FollowerState (FollowerState.java:run(117)) - 920a4478-64f4-4720-983c-9a2102f3c94b@group-9DC5606B5DE8-FollowerState was interrupted: java.lang.InterruptedException: sleep interrupted
2019-10-17 07:38:23,982 [grpc-default-executor-6] INFO  impl.RoleInfo (RoleInfo.java:updateAndGet(143)) - 4b035f45-7941-40c3-ba2d-1cbecd2d369e: start FollowerState
2019-10-17 07:38:23,982 [grpc-default-executor-5] INFO  impl.RoleInfo (RoleInfo.java:updateAndGet(143)) - 920a4478-64f4-4720-983c-9a2102f3c94b: start FollowerState
2019-10-17 07:38:24,008 [05f59524-a4ea-4be4-b99d-fb9eed47142d@group-9DC5606B5DE8-LeaderElection72] INFO  impl.LeaderElection (LeaderElection.java:logAndReturn(56)) - 05f59524-a4ea-4be4-b99d-fb9eed47142d@group-9DC5606B5DE8-LeaderElection72: Election REJECTED; received 2 response(s) [05f59524-a4ea-4be4-b99d-fb9eed47142d<-4b035f45-7941-40c3-ba2d-1cbecd2d369e#0:FAIL-t75, 05f59524-a4ea-4be4-b99d-fb9eed47142d<-920a4478-64f4-4720-983c-9a2102f3c94b#0:FAIL-t75] and 0 exception(s); 05f59524-a4ea-4be4-b99d-fb9eed47142d@group-9DC5606B5DE8:t75, leader=null, voted=05f59524-a4ea-4be4-b99d-fb9eed47142d, raftlog=05f59524-a4ea-4be4-b99d-fb9eed47142d@group-9DC5606B5DE8-SegmentedRaftLog:OPENED:c-1,f-1,i0, conf=-1: [05f59524-a4ea-4be4-b99d-fb9eed47142d:192.168.34.62:45919, 4b035f45-7941-40c3-ba2d-1cbecd2d369e:192.168.34.62:45443, 920a4478-64f4-4720-983c-9a2102f3c94b:192.168.34.62:38609], old=null
2019-10-17 07:38:24,008 [05f59524-a4ea-4be4-b99d-fb9eed47142d@group-9DC5606B5DE8-LeaderElection72] INFO  impl.RaftServerImpl (RaftServerImpl.java:setRole(184)) - 05f59524-a4ea-4be4-b99d-fb9eed47142d@group-9DC5606B5DE8: changes role from CANDIDATE to FOLLOWER at term 75 for DISCOVERED_A_NEW_TERM
2019-10-17 07:38:24,008 [05f59524-a4ea-4be4-b99d-fb9eed47142d@group-9DC5606B5DE8-LeaderElection72] INFO  impl.RoleInfo (RoleInfo.java:shutdownLeaderElection(134)) - 05f59524-a4ea-4be4-b99d-fb9eed47142d: shutdown LeaderElection
2019-10-17 07:38:24,008 [05f59524-a4ea-4be4-b99d-fb9eed47142d@group-9DC5606B5DE8-LeaderElection72] INFO  impl.RoleInfo (RoleInfo.java:updateAndGet(143)) - 05f59524-a4ea-4be4-b99d-fb9eed47142d: start FollowerState
2019-10-17 07:38:24,028 [Thread-850] INFO  impl.FollowerState (FollowerState.java:run(108)) - 05f59524-a4ea-4be4-b99d-fb9eed47142d@group-9DC5606B5DE8-FollowerState: change to CANDIDATE, lastRpcTime:19ms, electionTimeout:19ms
2019-10-17 07:38:24,028 [Thread-850] INFO  impl.RoleInfo (RoleInfo.java:shutdownFollowerState(121)) - 05f59524-a4ea-4be4-b99d-fb9eed47142d: shutdown FollowerState
2019-10-17 07:38:24,028 [Thread-850] INFO  impl.RaftServerImpl (RaftServerImpl.java:setRole(184)) - 05f59524-a4ea-4be4-b99d-fb9eed47142d@group-9DC5606B5DE8: changes role from  FOLLOWER to CANDIDATE at term 75 for changeToCandidate
2019-10-17 07:38:24,028 [Thread-850] INFO  impl.RoleInfo (RoleInfo.java:updateAndGet(143)) - 05f59524-a4ea-4be4-b99d-fb9eed47142d: start LeaderElection
2019-10-17 07:38:24,055 [05f59524-a4ea-4be4-b99d-fb9eed47142d@group-9DC5606B5DE8-LeaderElection73] INFO  impl.LeaderElection (LeaderElection.java:askForVotes(178)) - 05f59524-a4ea-4be4-b99d-fb9eed47142d@group-9DC5606B5DE8-LeaderElection73: begin an election at term 76 for -1: [05f59524-a4ea-4be4-b99d-fb9eed47142d:192.168.34.62:45919, 4b035f45-7941-40c3-ba2d-1cbecd2d369e:192.168.34.62:45443, 920a4478-64f4-4720-983c-9a2102f3c94b:192.168.34.62:38609], old=null
2019-10-17 07:38:24,058 [grpc-default-executor-6] INFO  impl.RaftServerImpl (RaftServerImpl.java:setRole(184)) - 920a4478-64f4-4720-983c-9a2102f3c94b@group-9DC5606B5DE8: changes role from  FOLLOWER to FOLLOWER at term 76 for recognizeCandidate:05f59524-a4ea-4be4-b99d-fb9eed47142d
2019-10-17 07:38:24,058 [grpc-default-executor-6] INFO  impl.RoleInfo (RoleInfo.java:shutdownFollowerState(121)) - 920a4478-64f4-4720-983c-9a2102f3c94b: shutdown FollowerState
2019-10-17 07:38:24,058 [grpc-default-executor-5] INFO  impl.RaftServerImpl (RaftServerImpl.java:setRole(184)) - 4b035f45-7941-40c3-ba2d-1cbecd2d369e@group-9DC5606B5DE8: changes role from  FOLLOWER to FOLLOWER at term 76 for recognizeCandidate:05f59524-a4ea-4be4-b99d-fb9eed47142d
2019-10-17 07:38:24,058 [Thread-849] INFO  impl.FollowerState (FollowerState.java:run(117)) - 920a4478-64f4-4720-983c-9a2102f3c94b@group-9DC5606B5DE8-FollowerState was interrupted: java.lang.InterruptedException: sleep interrupted
2019-10-17 07:38:24,058 [grpc-default-executor-6] INFO  impl.RoleInfo (RoleInfo.java:updateAndGet(143)) - 920a4478-64f4-4720-983c-9a2102f3c94b: start FollowerState
2019-10-17 07:38:24,058 [grpc-default-executor-5] INFO  impl.RoleInfo (RoleInfo.java:shutdownFollowerState(121)) - 4b035f45-7941-40c3-ba2d-1cbecd2d369e: shutdown FollowerState
2019-10-17 07:38:24,059 [grpc-default-executor-5] INFO  impl.RoleInfo (RoleInfo.java:updateAndGet(143)) - 4b035f45-7941-40c3-ba2d-1cbecd2d369e: start FollowerState
2019-10-17 07:38:24,059 [Thread-848] INFO  impl.FollowerState (FollowerState.java:run(117)) - 4b035f45-7941-40c3-ba2d-1cbecd2d369e@group-9DC5606B5DE8-FollowerState was interrupted: java.lang.InterruptedException: sleep interrupted
2019-10-17 07:38:24,098 [05f59524-a4ea-4be4-b99d-fb9eed47142d@group-9DC5606B5DE8-LeaderElection73] INFO  impl.LeaderElection (LeaderElection.java:logAndReturn(56)) - 05f59524-a4ea-4be4-b99d-fb9eed47142d@group-9DC5606B5DE8-LeaderElection73: Election REJECTED; received 2 response(s) [05f59524-a4ea-4be4-b99d-fb9eed47142d<-4b035f45-7941-40c3-ba2d-1cbecd2d369e#0:FAIL-t76, 05f59524-a4ea-4be4-b99d-fb9eed47142d<-920a4478-64f4-4720-983c-9a2102f3c94b#0:FAIL-t76] and 0 exception(s); 05f59524-a4ea-4be4-b99d-fb9eed47142d@group-9DC5606B5DE8:t76, leader=null, voted=05f59524-a4ea-4be4-b99d-fb9eed47142d, raftlog=05f59524-a4ea-4be4-b99d-fb9eed47142d@group-9DC5606B5DE8-SegmentedRaftLog:OPENED:c-1,f-1,i0, conf=-1: [05f59524-a4ea-4be4-b99d-fb9eed47142d:192.168.34.62:45919, 4b035f45-7941-40c3-ba2d-1cbecd2d369e:192.168.34.62:45443, 920a4478-64f4-4720-983c-9a2102f3c94b:192.168.34.62:38609], old=null
2019-10-17 07:38:24,098 [05f59524-a4ea-4be4-b99d-fb9eed47142d@group-9DC5606B5DE8-LeaderElection73] INFO  impl.RaftServerImpl (RaftServerImpl.java:setRole(184)) - 05f59524-a4ea-4be4-b99d-fb9eed47142d@group-9DC5606B5DE8: changes role from CANDIDATE to FOLLOWER at term 76 for DISCOVERED_A_NEW_TERM
2019-10-17 07:38:24,098 [05f59524-a4ea-4be4-b99d-fb9eed47142d@group-9DC5606B5DE8-LeaderElection73] INFO  impl.RoleInfo (RoleInfo.java:shutdownLeaderElection(134)) - 05f59524-a4ea-4be4-b99d-fb9eed47142d: shutdown LeaderElection
2019-10-17 07:38:24,099 [05f59524-a4ea-4be4-b99d-fb9eed47142d@group-9DC5606B5DE8-LeaderElection73] INFO  impl.RoleInfo (RoleInfo.java:updateAndGet(143)) - 05f59524-a4ea-4be4-b99d-fb9eed47142d: start FollowerState
2019-10-17 07:38:24,262 [Thread-856] INFO  impl.FollowerState (FollowerState.java:run(108)) - 05f59524-a4ea-4be4-b99d-fb9eed47142d@group-9DC5606B5DE8-FollowerState: change to CANDIDATE, lastRpcTime:163ms, electionTimeout:163ms
2019-10-17 07:38:24,262 [Thread-856] INFO  impl.RoleInfo (RoleInfo.java:shutdownFollowerState(121)) - 05f59524-a4ea-4be4-b99d-fb9eed47142d: shutdown FollowerState
2019-10-17 07:38:24,263 [Thread-856] INFO  impl.RaftServerImpl (RaftServerImpl.java:setRole(184)) - 05f59524-a4ea-4be4-b99d-fb9eed47142d@group-9DC5606B5DE8: changes role from  FOLLOWER to CANDIDATE at term 76 for changeToCandidate
2019-10-17 07:38:24,263 [Thread-856] INFO  impl.RoleInfo (RoleInfo.java:updateAndGet(143)) - 05f59524-a4ea-4be4-b99d-fb9eed47142d: start LeaderElection
2019-10-17 07:38:24,301 [05f59524-a4ea-4be4-b99d-fb9eed47142d@group-9DC5606B5DE8-LeaderElection74] INFO  impl.LeaderElection (LeaderElection.java:askForVotes(178)) - 05f59524-a4ea-4be4-b99d-fb9eed47142d@group-9DC5606B5DE8-LeaderElection74: begin an election at term 77 for -1: [05f59524-a4ea-4be4-b99d-fb9eed47142d:192.168.34.62:45919, 4b035f45-7941-40c3-ba2d-1cbecd2d369e:192.168.34.62:45443, 920a4478-64f4-4720-983c-9a2102f3c94b:192.168.34.62:38609], old=null
2019-10-17 07:38:24,304 [grpc-default-executor-5] INFO  impl.RaftServerImpl (RaftServerImpl.java:setRole(184)) - 4b035f45-7941-40c3-ba2d-1cbecd2d369e@group-9DC5606B5DE8: changes role from  FOLLOWER to FOLLOWER at term 77 for recognizeCandidate:05f59524-a4ea-4be4-b99d-fb9eed47142d
2019-10-17 07:38:24,304 [grpc-default-executor-5] INFO  impl.RoleInfo (RoleInfo.java:shutdownFollowerState(121)) - 4b035f45-7941-40c3-ba2d-1cbecd2d369e: shutdown FollowerState
2019-10-17 07:38:24,304 [grpc-default-executor-6] INFO  impl.RaftServerImpl (RaftServerImpl.java:setRole(184)) - 920a4478-64f4-4720-983c-9a2102f3c94b@group-9DC5606B5DE8: changes role from  FOLLOWER to FOLLOWER at term 77 for recognizeCandidate:05f59524-a4ea-4be4-b99d-fb9eed47142d
2019-10-17 07:38:24,304 [grpc-default-executor-5] INFO  impl.RoleInfo (RoleInfo.java:updateAndGet(143)) - 4b035f45-7941-40c3-ba2d-1cbecd2d369e: start FollowerState
2019-10-17 07:38:24,304 [Thread-855] INFO  impl.FollowerState (FollowerState.java:run(117)) - 4b035f45-7941-40c3-ba2d-1cbecd2d369e@group-9DC5606B5DE8-FollowerState was interrupted: java.lang.InterruptedException: sleep interrupted
2019-10-17 07:38:24,304 [grpc-default-executor-6] INFO  impl.RoleInfo (RoleInfo.java:shutdownFollowerState(121)) - 920a4478-64f4-4720-983c-9a2102f3c94b: shutdown FollowerState
2019-10-17 07:38:24,305 [grpc-default-executor-6] INFO  impl.RoleInfo (RoleInfo.java:updateAndGet(143)) - 920a4478-64f4-4720-983c-9a2102f3c94b: start FollowerState
2019-10-17 07:38:24,305 [Thread-854] INFO  impl.FollowerState (FollowerState.java:run(117)) - 920a4478-64f4-4720-983c-9a2102f3c94b@group-9DC5606B5DE8-FollowerState was interrupted: java.lang.InterruptedException: sleep interrupted
2019-10-17 07:38:24,337 [05f59524-a4ea-4be4-b99d-fb9eed47142d@group-9DC5606B5DE8-LeaderElection74] INFO  impl.LeaderElection (LeaderElection.java:logAndReturn(56)) - 05f59524-a4ea-4be4-b99d-fb9eed47142d@group-9DC5606B5DE8-LeaderElection74: Election REJECTED; received 2 response(s) [05f59524-a4ea-4be4-b99d-fb9eed47142d<-4b035f45-7941-40c3-ba2d-1cbecd2d369e#0:FAIL-t77, 05f59524-a4ea-4be4-b99d-fb9eed47142d<-920a4478-64f4-4720-983c-9a2102f3c94b#0:FAIL-t77] and 0 exception(s); 05f59524-a4ea-4be4-b99d-fb9eed47142d@group-9DC5606B5DE8:t77, leader=null, voted=05f59524-a4ea-4be4-b99d-fb9eed47142d, raftlog=05f59524-a4ea-4be4-b99d-fb9eed47142d@group-9DC5606B5DE8-SegmentedRaftLog:OPENED:c-1,f-1,i0, conf=-1: [05f59524-a4ea-4be4-b99d-fb9eed47142d:192.168.34.62:45919, 4b035f45-7941-40c3-ba2d-1cbecd2d369e:192.168.34.62:45443, 920a4478-64f4-4720-983c-9a2102f3c94b:192.168.34.62:38609], old=null
2019-10-17 07:38:24,338 [05f59524-a4ea-4be4-b99d-fb9eed47142d@group-9DC5606B5DE8-LeaderElection74] INFO  impl.RaftServerImpl (RaftServerImpl.java:setRole(184)) - 05f59524-a4ea-4be4-b99d-fb9eed47142d@group-9DC5606B5DE8: changes role from CANDIDATE to FOLLOWER at term 77 for DISCOVERED_A_NEW_TERM
2019-10-17 07:38:24,338 [05f59524-a4ea-4be4-b99d-fb9eed47142d@group-9DC5606B5DE8-LeaderElection74] INFO  impl.RoleInfo (RoleInfo.java:shutdownLeaderElection(134)) - 05f59524-a4ea-4be4-b99d-fb9eed47142d: shutdown LeaderElection
2019-10-17 07:38:24,338 [05f59524-a4ea-4be4-b99d-fb9eed47142d@group-9DC5606B5DE8-LeaderElection74] INFO  impl.RoleInfo (RoleInfo.java:updateAndGet(143)) - 05f59524-a4ea-4be4-b99d-fb9eed47142d: start FollowerState
2019-10-17 07:38:24,456 [Thread-862] INFO  impl.FollowerState (FollowerState.java:run(108)) - 05f59524-a4ea-4be4-b99d-fb9eed47142d@group-9DC5606B5DE8-FollowerState: change to CANDIDATE, lastRpcTime:117ms, electionTimeout:117ms
2019-10-17 07:38:24,456 [Thread-862] INFO  impl.RoleInfo (RoleInfo.java:shutdownFollowerState(121)) - 05f59524-a4ea-4be4-b99d-fb9eed47142d: shutdown FollowerState
2019-10-17 07:38:24,456 [Thread-862] INFO  impl.RaftServerImpl (RaftServerImpl.java:setRole(184)) - 05f59524-a4ea-4be4-b99d-fb9eed47142d@group-9DC5606B5DE8: changes role from  FOLLOWER to CANDIDATE at term 77 for changeToCandidate
2019-10-17 07:38:24,456 [Thread-862] INFO  impl.RoleInfo (RoleInfo.java:updateAndGet(143)) - 05f59524-a4ea-4be4-b99d-fb9eed47142d: start LeaderElection
2019-10-17 07:38:24,506 [05f59524-a4ea-4be4-b99d-fb9eed47142d@group-9DC5606B5DE8-LeaderElection75] INFO  impl.LeaderElection (LeaderElection.java:askForVotes(178)) - 05f59524-a4ea-4be4-b99d-fb9eed47142d@group-9DC5606B5DE8-LeaderElection75: begin an election at term 78 for -1: [05f59524-a4ea-4be4-b99d-fb9eed47142d:192.168.34.62:45919, 4b035f45-7941-40c3-ba2d-1cbecd2d369e:192.168.34.62:45443, 920a4478-64f4-4720-983c-9a2102f3c94b:192.168.34.62:38609], old=null
2019-10-17 07:38:24,509 [grpc-default-executor-6] INFO  impl.RaftServerImpl (RaftServerImpl.java:setRole(184)) - 920a4478-64f4-4720-983c-9a2102f3c94b@group-9DC5606B5DE8: changes role from  FOLLOWER to FOLLOWER at term 78 for recognizeCandidate:05f59524-a4ea-4be4-b99d-fb9eed47142d
2019-10-17 07:38:24,509 [grpc-default-executor-5] INFO  impl.RaftServerImpl (RaftServerImpl.java:setRole(184)) - 4b035f45-7941-40c3-ba2d-1cbecd2d369e@group-9DC5606B5DE8: changes role from  FOLLOWER to FOLLOWER at term 78 for recognizeCandidate:05f59524-a4ea-4be4-b99d-fb9eed47142d
2019-10-17 07:38:24,509 [grpc-default-executor-6] INFO  impl.RoleInfo (RoleInfo.java:shutdownFollowerState(121)) - 920a4478-64f4-4720-983c-9a2102f3c94b: shutdown FollowerState
2019-10-17 07:38:24,509 [grpc-default-executor-5] INFO  impl.RoleInfo (RoleInfo.java:shutdownFollowerState(121)) - 4b035f45-7941-40c3-ba2d-1cbecd2d369e: shutdown FollowerState
2019-10-17 07:38:24,509 [Thread-861] INFO  impl.FollowerState (FollowerState.java:run(117)) - 920a4478-64f4-4720-983c-9a2102f3c94b@group-9DC5606B5DE8-FollowerState was interrupted: java.lang.InterruptedException: sleep interrupted
2019-10-17 07:38:24,509 [grpc-default-executor-6] INFO  impl.RoleInfo (RoleInfo.java:updateAndGet(143)) - 920a4478-64f4-4720-983c-9a2102f3c94b: start FollowerState
2019-10-17 07:38:24,510 [Thread-860] INFO  impl.FollowerState (FollowerState.java:run(117)) - 4b035f45-7941-40c3-ba2d-1cbecd2d369e@group-9DC5606B5DE8-FollowerState was interrupted: java.lang.InterruptedException: sleep interrupted
2019-10-17 07:38:24,510 [grpc-default-executor-5] INFO  impl.RoleInfo (RoleInfo.java:updateAndGet(143)) - 4b035f45-7941-40c3-ba2d-1cbecd2d369e: start FollowerState
2019-10-17 07:38:24,535 [05f59524-a4ea-4be4-b99d-fb9eed47142d@group-9DC5606B5DE8-LeaderElection75] INFO  impl.LeaderElection (LeaderElection.java:logAndReturn(56)) - 05f59524-a4ea-4be4-b99d-fb9eed47142d@group-9DC5606B5DE8-LeaderElection75: Election REJECTED; received 2 response(s) [05f59524-a4ea-4be4-b99d-fb9eed47142d<-4b035f45-7941-40c3-ba2d-1cbecd2d369e#0:FAIL-t78, 05f59524-a4ea-4be4-b99d-fb9eed47142d<-920a4478-64f4-4720-983c-9a2102f3c94b#0:FAIL-t78] and 0 exception(s); 05f59524-a4ea-4be4-b99d-fb9eed47142d@group-9DC5606B5DE8:t78, leader=null, voted=05f59524-a4ea-4be4-b99d-fb9eed47142d, raftlog=05f59524-a4ea-4be4-b99d-fb9eed47142d@group-9DC5606B5DE8-SegmentedRaftLog:OPENED:c-1,f-1,i0, conf=-1: [05f59524-a4ea-4be4-b99d-fb9eed47142d:192.168.34.62:45919, 4b035f45-7941-40c3-ba2d-1cbecd2d369e:192.168.34.62:45443, 920a4478-64f4-4720-983c-9a2102f3c94b:192.168.34.62:38609], old=null
2019-10-17 07:38:24,536 [05f59524-a4ea-4be4-b99d-fb9eed47142d@group-9DC5606B5DE8-LeaderElection75] INFO  impl.RaftServerImpl (RaftServerImpl.java:setRole(184)) - 05f59524-a4ea-4be4-b99d-fb9eed47142d@group-9DC5606B5DE8: changes role from CANDIDATE to FOLLOWER at term 78 for DISCOVERED_A_NEW_TERM
2019-10-17 07:38:24,536 [05f59524-a4ea-4be4-b99d-fb9eed47142d@group-9DC5606B5DE8-LeaderElection75] INFO  impl.RoleInfo (RoleInfo.java:shutdownLeaderElection(134)) - 05f59524-a4ea-4be4-b99d-fb9eed47142d: shutdown LeaderElection
2019-10-17 07:38:24,536 [05f59524-a4ea-4be4-b99d-fb9eed47142d@group-9DC5606B5DE8-LeaderElection75] INFO  impl.RoleInfo (RoleInfo.java:updateAndGet(143)) - 05f59524-a4ea-4be4-b99d-fb9eed47142d: start FollowerState
2019-10-17 07:38:24,716 [Thread-868] INFO  impl.FollowerState (FollowerState.java:run(108)) - 05f59524-a4ea-4be4-b99d-fb9eed47142d@group-9DC5606B5DE8-FollowerState: change to CANDIDATE, lastRpcTime:179ms, electionTimeout:179ms
2019-10-17 07:38:24,716 [Thread-868] INFO  impl.RoleInfo (RoleInfo.java:shutdownFollowerState(121)) - 05f59524-a4ea-4be4-b99d-fb9eed47142d: shutdown FollowerState
2019-10-17 07:38:24,716 [Thread-868] INFO  impl.RaftServerImpl (RaftServerImpl.java:setRole(184)) - 05f59524-a4ea-4be4-b99d-fb9eed47142d@group-9DC5606B5DE8: changes role from  FOLLOWER to CANDIDATE at term 78 for changeToCandidate
2019-10-17 07:38:24,716 [Thread-868] INFO  impl.RoleInfo (RoleInfo.java:updateAndGet(143)) - 05f59524-a4ea-4be4-b99d-fb9eed47142d: start LeaderElection
2019-10-17 07:38:24,775 [05f59524-a4ea-4be4-b99d-fb9eed47142d@group-9DC5606B5DE8-LeaderElection76] INFO  impl.LeaderElection (LeaderElection.java:askForVotes(178)) - 05f59524-a4ea-4be4-b99d-fb9eed47142d@group-9DC5606B5DE8-LeaderElection76: begin an election at term 79 for -1: [05f59524-a4ea-4be4-b99d-fb9eed47142d:192.168.34.62:45919, 4b035f45-7941-40c3-ba2d-1cbecd2d369e:192.168.34.62:45443, 920a4478-64f4-4720-983c-9a2102f3c94b:192.168.34.62:38609], old=null
2019-10-17 07:38:24,779 [grpc-default-executor-6] INFO  impl.RaftServerImpl (RaftServerImpl.java:setRole(184)) - 4b035f45-7941-40c3-ba2d-1cbecd2d369e@group-9DC5606B5DE8: changes role from  FOLLOWER to FOLLOWER at term 79 for recognizeCandidate:05f59524-a4ea-4be4-b99d-fb9eed47142d
2019-10-17 07:38:24,779 [grpc-default-executor-6] INFO  impl.RoleInfo (RoleInfo.java:shutdownFollowerState(121)) - 4b035f45-7941-40c3-ba2d-1cbecd2d369e: shutdown FollowerState
2019-10-17 07:38:24,779 [grpc-default-executor-5] INFO  impl.RaftServerImpl (RaftServerImpl.java:setRole(184)) - 920a4478-64f4-4720-983c-9a2102f3c94b@group-9DC5606B5DE8: changes role from  FOLLOWER to FOLLOWER at term 79 for recognizeCandidate:05f59524-a4ea-4be4-b99d-fb9eed47142d
2019-10-17 07:38:24,779 [Thread-867] INFO  impl.FollowerState (FollowerState.java:run(117)) - 4b035f45-7941-40c3-ba2d-1cbecd2d369e@group-9DC5606B5DE8-FollowerState was interrupted: java.lang.InterruptedException: sleep interrupted
2019-10-17 07:38:24,779 [grpc-default-executor-6] INFO  impl.RoleInfo (RoleInfo.java:updateAndGet(143)) - 4b035f45-7941-40c3-ba2d-1cbecd2d369e: start FollowerState
2019-10-17 07:38:24,779 [grpc-default-executor-5] INFO  impl.RoleInfo (RoleInfo.java:shutdownFollowerState(121)) - 920a4478-64f4-4720-983c-9a2102f3c94b: shutdown FollowerState
2019-10-17 07:38:24,780 [grpc-default-executor-5] INFO  impl.RoleInfo (RoleInfo.java:updateAndGet(143)) - 920a4478-64f4-4720-983c-9a2102f3c94b: start FollowerState
2019-10-17 07:38:24,780 [Thread-866] INFO  impl.FollowerState (FollowerState.java:run(117)) - 920a4478-64f4-4720-983c-9a2102f3c94b@group-9DC5606B5DE8-FollowerState was interrupted: java.lang.InterruptedException: sleep interrupted
2019-10-17 07:38:24,792 [05f59524-a4ea-4be4-b99d-fb9eed47142d@group-9DC5606B5DE8-LeaderElection76] INFO  impl.LeaderElection (LeaderElection.java:logAndReturn(56)) - 05f59524-a4ea-4be4-b99d-fb9eed47142d@group-9DC5606B5DE8-LeaderElection76: Election TIMEOUT; received 0 response(s) [] and 0 exception(s); 05f59524-a4ea-4be4-b99d-fb9eed47142d@group-9DC5606B5DE8:t79, leader=null, voted=05f59524-a4ea-4be4-b99d-fb9eed47142d, raftlog=05f59524-a4ea-4be4-b99d-fb9eed47142d@group-9DC5606B5DE8-SegmentedRaftLog:OPENED:c-1,f-1,i0, conf=-1: [05f59524-a4ea-4be4-b99d-fb9eed47142d:192.168.34.62:45919, 4b035f45-7941-40c3-ba2d-1cbecd2d369e:192.168.34.62:45443, 920a4478-64f4-4720-983c-9a2102f3c94b:192.168.34.62:38609], old=null
2019-10-17 07:38:24,835 [05f59524-a4ea-4be4-b99d-fb9eed47142d@group-9DC5606B5DE8-LeaderElection76] INFO  impl.LeaderElection (LeaderElection.java:askForVotes(178)) - 05f59524-a4ea-4be4-b99d-fb9eed47142d@group-9DC5606B5DE8-LeaderElection76: begin an election at term 80 for -1: [05f59524-a4ea-4be4-b99d-fb9eed47142d:192.168.34.62:45919, 4b035f45-7941-40c3-ba2d-1cbecd2d369e:192.168.34.62:45443, 920a4478-64f4-4720-983c-9a2102f3c94b:192.168.34.62:38609], old=null
2019-10-17 07:38:24,837 [grpc-default-executor-6] INFO  impl.RaftServerImpl (RaftServerImpl.java:setRole(184)) - 4b035f45-7941-40c3-ba2d-1cbecd2d369e@group-9DC5606B5DE8: changes role from  FOLLOWER to FOLLOWER at term 80 for recognizeCandidate:05f59524-a4ea-4be4-b99d-fb9eed47142d
2019-10-17 07:38:24,837 [grpc-default-executor-5] INFO  impl.RaftServerImpl (RaftServerImpl.java:setRole(184)) - 920a4478-64f4-4720-983c-9a2102f3c94b@group-9DC5606B5DE8: changes role from  FOLLOWER to FOLLOWER at term 80 for recognizeCandidate:05f59524-a4ea-4be4-b99d-fb9eed47142d
2019-10-17 07:38:24,837 [grpc-default-executor-6] INFO  impl.RoleInfo (RoleInfo.java:shutdownFollowerState(121)) - 4b035f45-7941-40c3-ba2d-1cbecd2d369e: shutdown FollowerState
2019-10-17 07:38:24,838 [grpc-default-executor-5] INFO  impl.RoleInfo (RoleInfo.java:shutdownFollowerState(121)) - 920a4478-64f4-4720-983c-9a2102f3c94b: shutdown FollowerState
2019-10-17 07:38:24,838 [Thread-874] INFO  impl.FollowerState (FollowerState.java:run(117)) - 4b035f45-7941-40c3-ba2d-1cbecd2d369e@group-9DC5606B5DE8-FollowerState was interrupted: java.lang.InterruptedException: sleep interrupted
2019-10-17 07:38:24,838 [Thread-875] INFO  impl.FollowerState (FollowerState.java:run(117)) - 920a4478-64f4-4720-983c-9a2102f3c94b@group-9DC5606B5DE8-FollowerState was interrupted: java.lang.InterruptedException: sleep interrupted
2019-10-17 07:38:24,838 [grpc-default-executor-5] INFO  impl.RoleInfo (RoleInfo.java:updateAndGet(143)) - 920a4478-64f4-4720-983c-9a2102f3c94b: start FollowerState
2019-10-17 07:38:24,838 [grpc-default-executor-6] INFO  impl.RoleInfo (RoleInfo.java:updateAndGet(143)) - 4b035f45-7941-40c3-ba2d-1cbecd2d369e: start FollowerState
2019-10-17 07:38:24,861 [05f59524-a4ea-4be4-b99d-fb9eed47142d@group-9DC5606B5DE8-LeaderElection76] INFO  impl.LeaderElection (LeaderElection.java:logAndReturn(56)) - 05f59524-a4ea-4be4-b99d-fb9eed47142d@group-9DC5606B5DE8-LeaderElection76: Election REJECTED; received 2 response(s) [05f59524-a4ea-4be4-b99d-fb9eed47142d<-4b035f45-7941-40c3-ba2d-1cbecd2d369e#0:FAIL-t80, 05f59524-a4ea-4be4-b99d-fb9eed47142d<-920a4478-64f4-4720-983c-9a2102f3c94b#0:FAIL-t80] and 0 exception(s); 05f59524-a4ea-4be4-b99d-fb9eed47142d@group-9DC5606B5DE8:t80, leader=null, voted=05f59524-a4ea-4be4-b99d-fb9eed47142d, raftlog=05f59524-a4ea-4be4-b99d-fb9eed47142d@group-9DC5606B5DE8-SegmentedRaftLog:OPENED:c-1,f-1,i0, conf=-1: [05f59524-a4ea-4be4-b99d-fb9eed47142d:192.168.34.62:45919, 4b035f45-7941-40c3-ba2d-1cbecd2d369e:192.168.34.62:45443, 920a4478-64f4-4720-983c-9a2102f3c94b:192.168.34.62:38609], old=null
2019-10-17 07:38:24,861 [05f59524-a4ea-4be4-b99d-fb9eed47142d@group-9DC5606B5DE8-LeaderElection76] INFO  impl.RaftServerImpl (RaftServerImpl.java:setRole(184)) - 05f59524-a4ea-4be4-b99d-fb9eed47142d@group-9DC5606B5DE8: changes role from CANDIDATE to FOLLOWER at term 80 for DISCOVERED_A_NEW_TERM
2019-10-17 07:38:24,861 [05f59524-a4ea-4be4-b99d-fb9eed47142d@group-9DC5606B5DE8-LeaderElection76] INFO  impl.RoleInfo (RoleInfo.java:shutdownLeaderElection(134)) - 05f59524-a4ea-4be4-b99d-fb9eed47142d: shutdown LeaderElection
2019-10-17 07:38:24,861 [05f59524-a4ea-4be4-b99d-fb9eed47142d@group-9DC5606B5DE8-LeaderElection76] INFO  impl.RoleInfo (RoleInfo.java:updateAndGet(143)) - 05f59524-a4ea-4be4-b99d-fb9eed47142d: start FollowerState
2019-10-17 07:38:25,051 [Thread-880] INFO  impl.FollowerState (FollowerState.java:run(108)) - 05f59524-a4ea-4be4-b99d-fb9eed47142d@group-9DC5606B5DE8-FollowerState: change to CANDIDATE, lastRpcTime:189ms, electionTimeout:189ms
2019-10-17 07:38:25,051 [Thread-880] INFO  impl.RoleInfo (RoleInfo.java:shutdownFollowerState(121)) - 05f59524-a4ea-4be4-b99d-fb9eed47142d: shutdown FollowerState
2019-10-17 07:38:25,051 [Thread-880] INFO  impl.RaftServerImpl (RaftServerImpl.java:setRole(184)) - 05f59524-a4ea-4be4-b99d-fb9eed47142d@group-9DC5606B5DE8: changes role from  FOLLOWER to CANDIDATE at term 80 for changeToCandidate
2019-10-17 07:38:25,052 [Thread-880] INFO  impl.RoleInfo (RoleInfo.java:updateAndGet(143)) - 05f59524-a4ea-4be4-b99d-fb9eed47142d: start LeaderElection
2019-10-17 07:38:25,107 [05f59524-a4ea-4be4-b99d-fb9eed47142d@group-9DC5606B5DE8-LeaderElection77] INFO  impl.LeaderElection (LeaderElection.java:askForVotes(178)) - 05f59524-a4ea-4be4-b99d-fb9eed47142d@group-9DC5606B5DE8-LeaderElection77: begin an election at term 81 for -1: [05f59524-a4ea-4be4-b99d-fb9eed47142d:192.168.34.62:45919, 4b035f45-7941-40c3-ba2d-1cbecd2d369e:192.168.34.62:45443, 920a4478-64f4-4720-983c-9a2102f3c94b:192.168.34.62:38609], old=null
2019-10-17 07:38:25,110 [grpc-default-executor-6] INFO  impl.RaftServerImpl (RaftServerImpl.java:setRole(184)) - 4b035f45-7941-40c3-ba2d-1cbecd2d369e@group-9DC5606B5DE8: changes role from  FOLLOWER to FOLLOWER at term 81 for recognizeCandidate:05f59524-a4ea-4be4-b99d-fb9eed47142d
2019-10-17 07:38:25,110 [grpc-default-executor-5] INFO  impl.RaftServerImpl (RaftServerImpl.java:setRole(184)) - 920a4478-64f4-4720-983c-9a2102f3c94b@group-9DC5606B5DE8: changes role from  FOLLOWER to FOLLOWER at term 81 for recognizeCandidate:05f59524-a4ea-4be4-b99d-fb9eed47142d
2019-10-17 07:38:25,110 [grpc-default-executor-6] INFO  impl.RoleInfo (RoleInfo.java:shutdownFollowerState(121)) - 4b035f45-7941-40c3-ba2d-1cbecd2d369e: shutdown FollowerState
2019-10-17 07:38:25,110 [grpc-default-executor-5] INFO  impl.RoleInfo (RoleInfo.java:shutdownFollowerState(121)) - 920a4478-64f4-4720-983c-9a2102f3c94b: shutdown FollowerState
2019-10-17 07:38:25,111 [Thread-878] INFO  impl.FollowerState (FollowerState.java:run(117)) - 4b035f45-7941-40c3-ba2d-1cbecd2d369e@group-9DC5606B5DE8-FollowerState was interrupted: java.lang.InterruptedException: sleep interrupted
2019-10-17 07:38:25,111 [Thread-879] INFO  impl.FollowerState (FollowerState.java:run(117)) - 920a4478-64f4-4720-983c-9a2102f3c94b@group-9DC5606B5DE8-FollowerState was interrupted: java.lang.InterruptedException: sleep interrupted
2019-10-17 07:38:25,111 [grpc-default-executor-6] INFO  impl.RoleInfo (RoleInfo.java:updateAndGet(143)) - 4b035f45-7941-40c3-ba2d-1cbecd2d369e: start FollowerState
2019-10-17 07:38:25,111 [grpc-default-executor-5] INFO  impl.RoleInfo (RoleInfo.java:updateAndGet(143)) - 920a4478-64f4-4720-983c-9a2102f3c94b: start FollowerState
2019-10-17 07:38:25,151 [05f59524-a4ea-4be4-b99d-fb9eed47142d@group-9DC5606B5DE8-LeaderElection77] INFO  impl.LeaderElection (LeaderElection.java:logAndReturn(56)) - 05f59524-a4ea-4be4-b99d-fb9eed47142d@group-9DC5606B5DE8-LeaderElection77: Election REJECTED; received 2 response(s) [05f59524-a4ea-4be4-b99d-fb9eed47142d<-4b035f45-7941-40c3-ba2d-1cbecd2d369e#0:FAIL-t81, 05f59524-a4ea-4be4-b99d-fb9eed47142d<-920a4478-64f4-4720-983c-9a2102f3c94b#0:FAIL-t81] and 0 exception(s); 05f59524-a4ea-4be4-b99d-fb9eed47142d@group-9DC5606B5DE8:t81, leader=null, voted=05f59524-a4ea-4be4-b99d-fb9eed47142d, raftlog=05f59524-a4ea-4be4-b99d-fb9eed47142d@group-9DC5606B5DE8-SegmentedRaftLog:OPENED:c-1,f-1,i0, conf=-1: [05f59524-a4ea-4be4-b99d-fb9eed47142d:192.168.34.62:45919, 4b035f45-7941-40c3-ba2d-1cbecd2d369e:192.168.34.62:45443, 920a4478-64f4-4720-983c-9a2102f3c94b:192.168.34.62:38609], old=null
2019-10-17 07:38:25,152 [05f59524-a4ea-4be4-b99d-fb9eed47142d@group-9DC5606B5DE8-LeaderElection77] INFO  impl.RaftServerImpl (RaftServerImpl.java:setRole(184)) - 05f59524-a4ea-4be4-b99d-fb9eed47142d@group-9DC5606B5DE8: changes role from CANDIDATE to FOLLOWER at term 81 for DISCOVERED_A_NEW_TERM
2019-10-17 07:38:25,152 [05f59524-a4ea-4be4-b99d-fb9eed47142d@group-9DC5606B5DE8-LeaderElection77] INFO  impl.RoleInfo (RoleInfo.java:shutdownLeaderElection(134)) - 05f59524-a4ea-4be4-b99d-fb9eed47142d: shutdown LeaderElection
2019-10-17 07:38:25,152 [05f59524-a4ea-4be4-b99d-fb9eed47142d@group-9DC5606B5DE8-LeaderElection77] INFO  impl.RoleInfo (RoleInfo.java:updateAndGet(143)) - 05f59524-a4ea-4be4-b99d-fb9eed47142d: start FollowerState
2019-10-17 07:38:25,195 [Thread-886] INFO  impl.FollowerState (FollowerState.java:run(108)) - 05f59524-a4ea-4be4-b99d-fb9eed47142d@group-9DC5606B5DE8-FollowerState: change to CANDIDATE, lastRpcTime:42ms, electionTimeout:42ms
2019-10-17 07:38:25,195 [Thread-886] INFO  impl.RoleInfo (RoleInfo.java:shutdownFollowerState(121)) - 05f59524-a4ea-4be4-b99d-fb9eed47142d: shutdown FollowerState
2019-10-17 07:38:25,195 [Thread-886] INFO  impl.RaftServerImpl (RaftServerImpl.java:setRole(184)) - 05f59524-a4ea-4be4-b99d-fb9eed47142d@group-9DC5606B5DE8: changes role from  FOLLOWER to CANDIDATE at term 81 for changeToCandidate
2019-10-17 07:38:25,195 [Thread-886] INFO  impl.RoleInfo (RoleInfo.java:updateAndGet(143)) - 05f59524-a4ea-4be4-b99d-fb9eed47142d: start LeaderElection
2019-10-17 07:38:25,232 [05f59524-a4ea-4be4-b99d-fb9eed47142d@group-9DC5606B5DE8-LeaderElection78] INFO  impl.LeaderElection (LeaderElection.java:askForVotes(178)) - 05f59524-a4ea-4be4-b99d-fb9eed47142d@group-9DC5606B5DE8-LeaderElection78: begin an election at term 82 for -1: [05f59524-a4ea-4be4-b99d-fb9eed47142d:192.168.34.62:45919, 4b035f45-7941-40c3-ba2d-1cbecd2d369e:192.168.34.62:45443, 920a4478-64f4-4720-983c-9a2102f3c94b:192.168.34.62:38609], old=null
2019-10-17 07:38:25,235 [grpc-default-executor-6] INFO  impl.RaftServerImpl (RaftServerImpl.java:setRole(184)) - 920a4478-64f4-4720-983c-9a2102f3c94b@group-9DC5606B5DE8: changes role from  FOLLOWER to FOLLOWER at term 82 for recognizeCandidate:05f59524-a4ea-4be4-b99d-fb9eed47142d
2019-10-17 07:38:25,235 [grpc-default-executor-5] INFO  impl.RaftServerImpl (RaftServerImpl.java:setRole(184)) - 4b035f45-7941-40c3-ba2d-1cbecd2d369e@group-9DC5606B5DE8: changes role from  FOLLOWER to FOLLOWER at term 82 for recognizeCandidate:05f59524-a4ea-4be4-b99d-fb9eed47142d
2019-10-17 07:38:25,235 [grpc-default-executor-6] INFO  impl.RoleInfo (RoleInfo.java:shutdownFollowerState(121)) - 920a4478-64f4-4720-983c-9a2102f3c94b: shutdown FollowerState
2019-10-17 07:38:25,235 [grpc-default-executor-5] INFO  impl.RoleInfo (RoleInfo.java:shutdownFollowerState(121)) - 4b035f45-7941-40c3-ba2d-1cbecd2d369e: shutdown FollowerState
2019-10-17 07:38:25,235 [grpc-default-executor-6] INFO  impl.RoleInfo (RoleInfo.java:updateAndGet(143)) - 920a4478-64f4-4720-983c-9a2102f3c94b: start FollowerState
2019-10-17 07:38:25,235 [Thread-885] INFO  impl.FollowerState (FollowerState.java:run(117)) - 920a4478-64f4-4720-983c-9a2102f3c94b@group-9DC5606B5DE8-FollowerState was interrupted: java.lang.InterruptedException: sleep interrupted
2019-10-17 07:38:25,236 [Thread-884] INFO  impl.FollowerState (FollowerState.java:run(117)) - 4b035f45-7941-40c3-ba2d-1cbecd2d369e@group-9DC5606B5DE8-FollowerState was interrupted: java.lang.InterruptedException: sleep interrupted
2019-10-17 07:38:25,236 [grpc-default-executor-5] INFO  impl.RoleInfo (RoleInfo.java:updateAndGet(143)) - 4b035f45-7941-40c3-ba2d-1cbecd2d369e: start FollowerState
2019-10-17 07:38:25,275 [05f59524-a4ea-4be4-b99d-fb9eed47142d@group-9DC5606B5DE8-LeaderElection78] INFO  impl.LeaderElection (LeaderElection.java:logAndReturn(56)) - 05f59524-a4ea-4be4-b99d-fb9eed47142d@group-9DC5606B5DE8-LeaderElection78: Election REJECTED; received 2 response(s) [05f59524-a4ea-4be4-b99d-fb9eed47142d<-4b035f45-7941-40c3-ba2d-1cbecd2d369e#0:FAIL-t82, 05f59524-a4ea-4be4-b99d-fb9eed47142d<-920a4478-64f4-4720-983c-9a2102f3c94b#0:FAIL-t82] and 0 exception(s); 05f59524-a4ea-4be4-b99d-fb9eed47142d@group-9DC5606B5DE8:t82, leader=null, voted=05f59524-a4ea-4be4-b99d-fb9eed47142d, raftlog=05f59524-a4ea-4be4-b99d-fb9eed47142d@group-9DC5606B5DE8-SegmentedRaftLog:OPENED:c-1,f-1,i0, conf=-1: [05f59524-a4ea-4be4-b99d-fb9eed47142d:192.168.34.62:45919, 4b035f45-7941-40c3-ba2d-1cbecd2d369e:192.168.34.62:45443, 920a4478-64f4-4720-983c-9a2102f3c94b:192.168.34.62:38609], old=null
2019-10-17 07:38:25,275 [05f59524-a4ea-4be4-b99d-fb9eed47142d@group-9DC5606B5DE8-LeaderElection78] INFO  impl.RaftServerImpl (RaftServerImpl.java:setRole(184)) - 05f59524-a4ea-4be4-b99d-fb9eed47142d@group-9DC5606B5DE8: changes role from CANDIDATE to FOLLOWER at term 82 for DISCOVERED_A_NEW_TERM
2019-10-17 07:38:25,275 [05f59524-a4ea-4be4-b99d-fb9eed47142d@group-9DC5606B5DE8-LeaderElection78] INFO  impl.RoleInfo (RoleInfo.java:shutdownLeaderElection(134)) - 05f59524-a4ea-4be4-b99d-fb9eed47142d: shutdown LeaderElection
2019-10-17 07:38:25,275 [05f59524-a4ea-4be4-b99d-fb9eed47142d@group-9DC5606B5DE8-LeaderElection78] INFO  impl.RoleInfo (RoleInfo.java:updateAndGet(143)) - 05f59524-a4ea-4be4-b99d-fb9eed47142d: start FollowerState
2019-10-17 07:38:25,296 [Thread-892] INFO  impl.FollowerState (FollowerState.java:run(108)) - 05f59524-a4ea-4be4-b99d-fb9eed47142d@group-9DC5606B5DE8-FollowerState: change to CANDIDATE, lastRpcTime:20ms, electionTimeout:20ms
2019-10-17 07:38:25,296 [Thread-892] INFO  impl.RoleInfo (RoleInfo.java:shutdownFollowerState(121)) - 05f59524-a4ea-4be4-b99d-fb9eed47142d: shutdown FollowerState
2019-10-17 07:38:25,296 [Thread-892] INFO  impl.RaftServerImpl (RaftServerImpl.java:setRole(184)) - 05f59524-a4ea-4be4-b99d-fb9eed47142d@group-9DC5606B5DE8: changes role from  FOLLOWER to CANDIDATE at term 82 for changeToCandidate
2019-10-17 07:38:25,296 [Thread-892] INFO  impl.RoleInfo (RoleInfo.java:updateAndGet(143)) - 05f59524-a4ea-4be4-b99d-fb9eed47142d: start LeaderElection
2019-10-17 07:38:25,339 [05f59524-a4ea-4be4-b99d-fb9eed47142d@group-9DC5606B5DE8-LeaderElection79] INFO  impl.LeaderElection (LeaderElection.java:askForVotes(178)) - 05f59524-a4ea-4be4-b99d-fb9eed47142d@group-9DC5606B5DE8-LeaderElection79: begin an election at term 83 for -1: [05f59524-a4ea-4be4-b99d-fb9eed47142d:192.168.34.62:45919, 4b035f45-7941-40c3-ba2d-1cbecd2d369e:192.168.34.62:45443, 920a4478-64f4-4720-983c-9a2102f3c94b:192.168.34.62:38609], old=null
2019-10-17 07:38:25,342 [grpc-default-executor-5] INFO  impl.RaftServerImpl (RaftServerImpl.java:setRole(184)) - 920a4478-64f4-4720-983c-9a2102f3c94b@group-9DC5606B5DE8: changes role from  FOLLOWER to FOLLOWER at term 83 for recognizeCandidate:05f59524-a4ea-4be4-b99d-fb9eed47142d
2019-10-17 07:38:25,343 [grpc-default-executor-5] INFO  impl.RoleInfo (RoleInfo.java:shutdownFollowerState(121)) - 920a4478-64f4-4720-983c-9a2102f3c94b: shutdown FollowerState
2019-10-17 07:38:25,343 [grpc-default-executor-5] INFO  impl.RoleInfo (RoleInfo.java:updateAndGet(143)) - 920a4478-64f4-4720-983c-9a2102f3c94b: start FollowerState
2019-10-17 07:38:25,343 [Thread-890] INFO  impl.FollowerState (FollowerState.java:run(117)) - 920a4478-64f4-4720-983c-9a2102f3c94b@group-9DC5606B5DE8-FollowerState was interrupted: java.lang.InterruptedException: sleep interrupted
2019-10-17 07:38:25,343 [grpc-default-executor-6] INFO  impl.RaftServerImpl (RaftServerImpl.java:setRole(184)) - 4b035f45-7941-40c3-ba2d-1cbecd2d369e@group-9DC5606B5DE8: changes role from  FOLLOWER to FOLLOWER at term 83 for recognizeCandidate:05f59524-a4ea-4be4-b99d-fb9eed47142d
2019-10-17 07:38:25,343 [grpc-default-executor-6] INFO  impl.RoleInfo (RoleInfo.java:shutdownFollowerState(121)) - 4b035f45-7941-40c3-ba2d-1cbecd2d369e: shutdown FollowerState
2019-10-17 07:38:25,344 [grpc-default-executor-6] INFO  impl.RoleInfo (RoleInfo.java:updateAndGet(143)) - 4b035f45-7941-40c3-ba2d-1cbecd2d369e: start FollowerState
2019-10-17 07:38:25,344 [Thread-891] INFO  impl.FollowerState (FollowerState.java:run(117)) - 4b035f45-7941-40c3-ba2d-1cbecd2d369e@group-9DC5606B5DE8-FollowerState was interrupted: java.lang.InterruptedException: sleep interrupted
2019-10-17 07:38:25,384 [05f59524-a4ea-4be4-b99d-fb9eed47142d@group-9DC5606B5DE8-LeaderElection79] INFO  impl.LeaderElection (LeaderElection.java:logAndReturn(56)) - 05f59524-a4ea-4be4-b99d-fb9eed47142d@group-9DC5606B5DE8-LeaderElection79: Election REJECTED; received 2 response(s) [05f59524-a4ea-4be4-b99d-fb9eed47142d<-4b035f45-7941-40c3-ba2d-1cbecd2d369e#0:FAIL-t83, 05f59524-a4ea-4be4-b99d-fb9eed47142d<-920a4478-64f4-4720-983c-9a2102f3c94b#0:FAIL-t83] and 0 exception(s); 05f59524-a4ea-4be4-b99d-fb9eed47142d@group-9DC5606B5DE8:t83, leader=null, voted=05f59524-a4ea-4be4-b99d-fb9eed47142d, raftlog=05f59524-a4ea-4be4-b99d-fb9eed47142d@group-9DC5606B5DE8-SegmentedRaftLog:OPENED:c-1,f-1,i0, conf=-1: [05f59524-a4ea-4be4-b99d-fb9eed47142d:192.168.34.62:45919, 4b035f45-7941-40c3-ba2d-1cbecd2d369e:192.168.34.62:45443, 920a4478-64f4-4720-983c-9a2102f3c94b:192.168.34.62:38609], old=null
2019-10-17 07:38:25,384 [05f59524-a4ea-4be4-b99d-fb9eed47142d@group-9DC5606B5DE8-LeaderElection79] INFO  impl.RaftServerImpl (RaftServerImpl.java:setRole(184)) - 05f59524-a4ea-4be4-b99d-fb9eed47142d@group-9DC5606B5DE8: changes role from CANDIDATE to FOLLOWER at term 83 for DISCOVERED_A_NEW_TERM
2019-10-17 07:38:25,385 [05f59524-a4ea-4be4-b99d-fb9eed47142d@group-9DC5606B5DE8-LeaderElection79] INFO  impl.RoleInfo (RoleInfo.java:shutdownLeaderElection(134)) - 05f59524-a4ea-4be4-b99d-fb9eed47142d: shutdown LeaderElection
2019-10-17 07:38:25,385 [05f59524-a4ea-4be4-b99d-fb9eed47142d@group-9DC5606B5DE8-LeaderElection79] INFO  impl.RoleInfo (RoleInfo.java:updateAndGet(143)) - 05f59524-a4ea-4be4-b99d-fb9eed47142d: start FollowerState
2019-10-17 07:38:25,487 [Thread-898] INFO  impl.FollowerState (FollowerState.java:run(108)) - 05f59524-a4ea-4be4-b99d-fb9eed47142d@group-9DC5606B5DE8-FollowerState: change to CANDIDATE, lastRpcTime:102ms, electionTimeout:102ms
2019-10-17 07:38:25,488 [Thread-898] INFO  impl.RoleInfo (RoleInfo.java:shutdownFollowerState(121)) - 05f59524-a4ea-4be4-b99d-fb9eed47142d: shutdown FollowerState
2019-10-17 07:38:25,488 [Thread-898] INFO  impl.RaftServerImpl (RaftServerImpl.java:setRole(184)) - 05f59524-a4ea-4be4-b99d-fb9eed47142d@group-9DC5606B5DE8: changes role from  FOLLOWER to CANDIDATE at term 83 for changeToCandidate
2019-10-17 07:38:25,488 [Thread-898] INFO  impl.RoleInfo (RoleInfo.java:updateAndGet(143)) - 05f59524-a4ea-4be4-b99d-fb9eed47142d: start LeaderElection
2019-10-17 07:38:25,525 [05f59524-a4ea-4be4-b99d-fb9eed47142d@group-9DC5606B5DE8-LeaderElection80] INFO  impl.LeaderElection (LeaderElection.java:askForVotes(178)) - 05f59524-a4ea-4be4-b99d-fb9eed47142d@group-9DC5606B5DE8-LeaderElection80: begin an election at term 84 for -1: [05f59524-a4ea-4be4-b99d-fb9eed47142d:192.168.34.62:45919, 4b035f45-7941-40c3-ba2d-1cbecd2d369e:192.168.34.62:45443, 920a4478-64f4-4720-983c-9a2102f3c94b:192.168.34.62:38609], old=null
2019-10-17 07:38:25,527 [grpc-default-executor-5] INFO  impl.RaftServerImpl (RaftServerImpl.java:setRole(184)) - 4b035f45-7941-40c3-ba2d-1cbecd2d369e@group-9DC5606B5DE8: changes role from  FOLLOWER to FOLLOWER at term 84 for recognizeCandidate:05f59524-a4ea-4be4-b99d-fb9eed47142d
2019-10-17 07:38:25,527 [grpc-default-executor-6] INFO  impl.RaftServerImpl (RaftServerImpl.java:setRole(184)) - 920a4478-64f4-4720-983c-9a2102f3c94b@group-9DC5606B5DE8: changes role from  FOLLOWER to FOLLOWER at term 84 for recognizeCandidate:05f59524-a4ea-4be4-b99d-fb9eed47142d
2019-10-17 07:38:25,528 [grpc-default-executor-5] INFO  impl.RoleInfo (RoleInfo.java:shutdownFollowerState(121)) - 4b035f45-7941-40c3-ba2d-1cbecd2d369e: shutdown FollowerState
2019-10-17 07:38:25,528 [grpc-default-executor-6] INFO  impl.RoleInfo (RoleInfo.java:shutdownFollowerState(121)) - 920a4478-64f4-4720-983c-9a2102f3c94b: shutdown FollowerState
2019-10-17 07:38:25,528 [grpc-default-executor-5] INFO  impl.RoleInfo (RoleInfo.java:updateAndGet(143)) - 4b035f45-7941-40c3-ba2d-1cbecd2d369e: start FollowerState
2019-10-17 07:38:25,528 [Thread-897] INFO  impl.FollowerState (FollowerState.java:run(117)) - 4b035f45-7941-40c3-ba2d-1cbecd2d369e@group-9DC5606B5DE8-FollowerState was interrupted: java.lang.InterruptedException: sleep interrupted
2019-10-17 07:38:25,528 [Thread-896] INFO  impl.FollowerState (FollowerState.java:run(117)) - 920a4478-64f4-4720-983c-9a2102f3c94b@group-9DC5606B5DE8-FollowerState was interrupted: java.lang.InterruptedException: sleep interrupted
2019-10-17 07:38:25,528 [grpc-default-executor-6] INFO  impl.RoleInfo (RoleInfo.java:updateAndGet(143)) - 920a4478-64f4-4720-983c-9a2102f3c94b: start FollowerState
2019-10-17 07:38:25,555 [05f59524-a4ea-4be4-b99d-fb9eed47142d@group-9DC5606B5DE8-LeaderElection80] INFO  impl.LeaderElection (LeaderElection.java:logAndReturn(56)) - 05f59524-a4ea-4be4-b99d-fb9eed47142d@group-9DC5606B5DE8-LeaderElection80: Election REJECTED; received 2 response(s) [05f59524-a4ea-4be4-b99d-fb9eed47142d<-4b035f45-7941-40c3-ba2d-1cbecd2d369e#0:FAIL-t84, 05f59524-a4ea-4be4-b99d-fb9eed47142d<-920a4478-64f4-4720-983c-9a2102f3c94b#0:FAIL-t84] and 0 exception(s); 05f59524-a4ea-4be4-b99d-fb9eed47142d@group-9DC5606B5DE8:t84, leader=null, voted=05f59524-a4ea-4be4-b99d-fb9eed47142d, raftlog=05f59524-a4ea-4be4-b99d-fb9eed47142d@group-9DC5606B5DE8-SegmentedRaftLog:OPENED:c-1,f-1,i0, conf=-1: [05f59524-a4ea-4be4-b99d-fb9eed47142d:192.168.34.62:45919, 4b035f45-7941-40c3-ba2d-1cbecd2d369e:192.168.34.62:45443, 920a4478-64f4-4720-983c-9a2102f3c94b:192.168.34.62:38609], old=null
2019-10-17 07:38:25,555 [05f59524-a4ea-4be4-b99d-fb9eed47142d@group-9DC5606B5DE8-LeaderElection80] INFO  impl.RaftServerImpl (RaftServerImpl.java:setRole(184)) - 05f59524-a4ea-4be4-b99d-fb9eed47142d@group-9DC5606B5DE8: changes role from CANDIDATE to FOLLOWER at term 84 for DISCOVERED_A_NEW_TERM
2019-10-17 07:38:25,556 [05f59524-a4ea-4be4-b99d-fb9eed47142d@group-9DC5606B5DE8-LeaderElection80] INFO  impl.RoleInfo (RoleInfo.java:shutdownLeaderElection(134)) - 05f59524-a4ea-4be4-b99d-fb9eed47142d: shutdown LeaderElection
2019-10-17 07:38:25,556 [05f59524-a4ea-4be4-b99d-fb9eed47142d@group-9DC5606B5DE8-LeaderElection80] INFO  impl.RoleInfo (RoleInfo.java:updateAndGet(143)) - 05f59524-a4ea-4be4-b99d-fb9eed47142d: start FollowerState
2019-10-17 07:38:25,749 [Thread-904] INFO  impl.FollowerState (FollowerState.java:run(108)) - 05f59524-a4ea-4be4-b99d-fb9eed47142d@group-9DC5606B5DE8-FollowerState: change to CANDIDATE, lastRpcTime:193ms, electionTimeout:193ms
2019-10-17 07:38:25,750 [Thread-904] INFO  impl.RoleInfo (RoleInfo.java:shutdownFollowerState(121)) - 05f59524-a4ea-4be4-b99d-fb9eed47142d: shutdown FollowerState
2019-10-17 07:38:25,750 [Thread-904] INFO  impl.RaftServerImpl (RaftServerImpl.java:setRole(184)) - 05f59524-a4ea-4be4-b99d-fb9eed47142d@group-9DC5606B5DE8: changes role from  FOLLOWER to CANDIDATE at term 84 for changeToCandidate
2019-10-17 07:38:25,750 [Thread-904] INFO  impl.RoleInfo (RoleInfo.java:updateAndGet(143)) - 05f59524-a4ea-4be4-b99d-fb9eed47142d: start LeaderElection
2019-10-17 07:38:25,789 [05f59524-a4ea-4be4-b99d-fb9eed47142d@group-9DC5606B5DE8-LeaderElection81] INFO  impl.LeaderElection (LeaderElection.java:askForVotes(178)) - 05f59524-a4ea-4be4-b99d-fb9eed47142d@group-9DC5606B5DE8-LeaderElection81: begin an election at term 85 for -1: [05f59524-a4ea-4be4-b99d-fb9eed47142d:192.168.34.62:45919, 4b035f45-7941-40c3-ba2d-1cbecd2d369e:192.168.34.62:45443, 920a4478-64f4-4720-983c-9a2102f3c94b:192.168.34.62:38609], old=null
2019-10-17 07:38:25,791 [grpc-default-executor-5] INFO  impl.RaftServerImpl (RaftServerImpl.java:setRole(184)) - 4b035f45-7941-40c3-ba2d-1cbecd2d369e@group-9DC5606B5DE8: changes role from  FOLLOWER to FOLLOWER at term 85 for recognizeCandidate:05f59524-a4ea-4be4-b99d-fb9eed47142d
2019-10-17 07:38:25,792 [grpc-default-executor-5] INFO  impl.RoleInfo (RoleInfo.java:shutdownFollowerState(121)) - 4b035f45-7941-40c3-ba2d-1cbecd2d369e: shutdown FollowerState
2019-10-17 07:38:25,792 [grpc-default-executor-6] INFO  impl.RaftServerImpl (RaftServerImpl.java:setRole(184)) - 920a4478-64f4-4720-983c-9a2102f3c94b@group-9DC5606B5DE8: changes role from  FOLLOWER to FOLLOWER at term 85 for recognizeCandidate:05f59524-a4ea-4be4-b99d-fb9eed47142d
2019-10-17 07:38:25,792 [Thread-902] INFO  impl.FollowerState (FollowerState.java:run(117)) - 4b035f45-7941-40c3-ba2d-1cbecd2d369e@group-9DC5606B5DE8-FollowerState was interrupted: java.lang.InterruptedException: sleep interrupted
2019-10-17 07:38:25,792 [grpc-default-executor-5] INFO  impl.RoleInfo (RoleInfo.java:updateAndGet(143)) - 4b035f45-7941-40c3-ba2d-1cbecd2d369e: start FollowerState
2019-10-17 07:38:25,792 [grpc-default-executor-6] INFO  impl.RoleInfo (RoleInfo.java:shutdownFollowerState(121)) - 920a4478-64f4-4720-983c-9a2102f3c94b: shutdown FollowerState
2019-10-17 07:38:25,793 [grpc-default-executor-6] INFO  impl.RoleInfo (RoleInfo.java:updateAndGet(143)) - 920a4478-64f4-4720-983c-9a2102f3c94b: start FollowerState
2019-10-17 07:38:25,793 [Thread-903] INFO  impl.FollowerState (FollowerState.java:run(117)) - 920a4478-64f4-4720-983c-9a2102f3c94b@group-9DC5606B5DE8-FollowerState was interrupted: java.lang.InterruptedException: sleep interrupted
2019-10-17 07:38:25,804 [05f59524-a4ea-4be4-b99d-fb9eed47142d@group-9DC5606B5DE8-LeaderElection81] INFO  impl.LeaderElection (LeaderElection.java:logAndReturn(56)) - 05f59524-a4ea-4be4-b99d-fb9eed47142d@group-9DC5606B5DE8-LeaderElection81: Election TIMEOUT; received 0 response(s) [] and 0 exception(s); 05f59524-a4ea-4be4-b99d-fb9eed47142d@group-9DC5606B5DE8:t85, leader=null, voted=05f59524-a4ea-4be4-b99d-fb9eed47142d, raftlog=05f59524-a4ea-4be4-b99d-fb9eed47142d@group-9DC5606B5DE8-SegmentedRaftLog:OPENED:c-1,f-1,i0, conf=-1: [05f59524-a4ea-4be4-b99d-fb9eed47142d:192.168.34.62:45919, 4b035f45-7941-40c3-ba2d-1cbecd2d369e:192.168.34.62:45443, 920a4478-64f4-4720-983c-9a2102f3c94b:192.168.34.62:38609], old=null
2019-10-17 07:38:25,854 [05f59524-a4ea-4be4-b99d-fb9eed47142d@group-9DC5606B5DE8-LeaderElection81] INFO  impl.LeaderElection (LeaderElection.java:askForVotes(178)) - 05f59524-a4ea-4be4-b99d-fb9eed47142d@group-9DC5606B5DE8-LeaderElection81: begin an election at term 86 for -1: [05f59524-a4ea-4be4-b99d-fb9eed47142d:192.168.34.62:45919, 4b035f45-7941-40c3-ba2d-1cbecd2d369e:192.168.34.62:45443, 920a4478-64f4-4720-983c-9a2102f3c94b:192.168.34.62:38609], old=null
2019-10-17 07:38:25,857 [grpc-default-executor-6] INFO  impl.RaftServerImpl (RaftServerImpl.java:setRole(184)) - 920a4478-64f4-4720-983c-9a2102f3c94b@group-9DC5606B5DE8: changes role from  FOLLOWER to FOLLOWER at term 86 for recognizeCandidate:05f59524-a4ea-4be4-b99d-fb9eed47142d
2019-10-17 07:38:25,857 [grpc-default-executor-6] INFO  impl.RoleInfo (RoleInfo.java:shutdownFollowerState(121)) - 920a4478-64f4-4720-983c-9a2102f3c94b: shutdown FollowerState
2019-10-17 07:38:25,857 [grpc-default-executor-5] INFO  impl.RaftServerImpl (RaftServerImpl.java:setRole(184)) - 4b035f45-7941-40c3-ba2d-1cbecd2d369e@group-9DC5606B5DE8: changes role from  FOLLOWER to FOLLOWER at term 86 for recognizeCandidate:05f59524-a4ea-4be4-b99d-fb9eed47142d
2019-10-17 07:38:25,858 [Thread-909] INFO  impl.FollowerState (FollowerState.java:run(117)) - 920a4478-64f4-4720-983c-9a2102f3c94b@group-9DC5606B5DE8-FollowerState was interrupted: java.lang.InterruptedException: sleep interrupted
2019-10-17 07:38:25,858 [grpc-default-executor-6] INFO  impl.RoleInfo (RoleInfo.java:updateAndGet(143)) - 920a4478-64f4-4720-983c-9a2102f3c94b: start FollowerState
2019-10-17 07:38:25,858 [grpc-default-executor-5] INFO  impl.RoleInfo (RoleInfo.java:shutdownFollowerState(121)) - 4b035f45-7941-40c3-ba2d-1cbecd2d369e: shutdown FollowerState
2019-10-17 07:38:25,859 [grpc-default-executor-5] INFO  impl.RoleInfo (RoleInfo.java:updateAndGet(143)) - 4b035f45-7941-40c3-ba2d-1cbecd2d369e: start FollowerState
2019-10-17 07:38:25,859 [Thread-908] INFO  impl.FollowerState (FollowerState.java:run(117)) - 4b035f45-7941-40c3-ba2d-1cbecd2d369e@group-9DC5606B5DE8-FollowerState was interrupted: java.lang.InterruptedException: sleep interrupted
2019-10-17 07:38:25,881 [05f59524-a4ea-4be4-b99d-fb9eed47142d@group-9DC5606B5DE8-LeaderElection81] INFO  impl.LeaderElection (LeaderElection.java:logAndReturn(56)) - 05f59524-a4ea-4be4-b99d-fb9eed47142d@group-9DC5606B5DE8-LeaderElection81: Election TIMEOUT; received 0 response(s) [] and 0 exception(s); 05f59524-a4ea-4be4-b99d-fb9eed47142d@group-9DC5606B5DE8:t86, leader=null, voted=05f59524-a4ea-4be4-b99d-fb9eed47142d, raftlog=05f59524-a4ea-4be4-b99d-fb9eed47142d@group-9DC5606B5DE8-SegmentedRaftLog:OPENED:c-1,f-1,i0, conf=-1: [05f59524-a4ea-4be4-b99d-fb9eed47142d:192.168.34.62:45919, 4b035f45-7941-40c3-ba2d-1cbecd2d369e:192.168.34.62:45443, 920a4478-64f4-4720-983c-9a2102f3c94b:192.168.34.62:38609], old=null
2019-10-17 07:38:25,932 [05f59524-a4ea-4be4-b99d-fb9eed47142d@group-9DC5606B5DE8-LeaderElection81] INFO  impl.LeaderElection (LeaderElection.java:askForVotes(178)) - 05f59524-a4ea-4be4-b99d-fb9eed47142d@group-9DC5606B5DE8-LeaderElection81: begin an election at term 87 for -1: [05f59524-a4ea-4be4-b99d-fb9eed47142d:192.168.34.62:45919, 4b035f45-7941-40c3-ba2d-1cbecd2d369e:192.168.34.62:45443, 920a4478-64f4-4720-983c-9a2102f3c94b:192.168.34.62:38609], old=null
2019-10-17 07:38:25,935 [grpc-default-executor-5] INFO  impl.RaftServerImpl (RaftServerImpl.java:setRole(184)) - 4b035f45-7941-40c3-ba2d-1cbecd2d369e@group-9DC5606B5DE8: changes role from  FOLLOWER to FOLLOWER at term 87 for recognizeCandidate:05f59524-a4ea-4be4-b99d-fb9eed47142d
2019-10-17 07:38:25,935 [grpc-default-executor-5] INFO  impl.RoleInfo (RoleInfo.java:shutdownFollowerState(121)) - 4b035f45-7941-40c3-ba2d-1cbecd2d369e: shutdown FollowerState
2019-10-17 07:38:25,935 [grpc-default-executor-6] INFO  impl.RaftServerImpl (RaftServerImpl.java:setRole(184)) - 920a4478-64f4-4720-983c-9a2102f3c94b@group-9DC5606B5DE8: changes role from  FOLLOWER to FOLLOWER at term 87 for recognizeCandidate:05f59524-a4ea-4be4-b99d-fb9eed47142d
2019-10-17 07:38:25,935 [Thread-913] INFO  impl.FollowerState (FollowerState.java:run(117)) - 4b035f45-7941-40c3-ba2d-1cbecd2d369e@group-9DC5606B5DE8-FollowerState was interrupted: java.lang.InterruptedException: sleep interrupted
2019-10-17 07:38:25,935 [grpc-default-executor-5] INFO  impl.RoleInfo (RoleInfo.java:updateAndGet(143)) - 4b035f45-7941-40c3-ba2d-1cbecd2d369e: start FollowerState
2019-10-17 07:38:25,935 [grpc-default-executor-6] INFO  impl.RoleInfo (RoleInfo.java:shutdownFollowerState(121)) - 920a4478-64f4-4720-983c-9a2102f3c94b: shutdown FollowerState
2019-10-17 07:38:25,936 [grpc-default-executor-6] INFO  impl.RoleInfo (RoleInfo.java:updateAndGet(143)) - 920a4478-64f4-4720-983c-9a2102f3c94b: start FollowerState
2019-10-17 07:38:25,936 [Thread-912] INFO  impl.FollowerState (FollowerState.java:run(117)) - 920a4478-64f4-4720-983c-9a2102f3c94b@group-9DC5606B5DE8-FollowerState was interrupted: java.lang.InterruptedException: sleep interrupted
2019-10-17 07:38:25,973 [05f59524-a4ea-4be4-b99d-fb9eed47142d@group-9DC5606B5DE8-LeaderElection81] INFO  impl.LeaderElection (LeaderElection.java:logAndReturn(56)) - 05f59524-a4ea-4be4-b99d-fb9eed47142d@group-9DC5606B5DE8-LeaderElection81: Election REJECTED; received 2 response(s) [05f59524-a4ea-4be4-b99d-fb9eed47142d<-4b035f45-7941-40c3-ba2d-1cbecd2d369e#0:FAIL-t87, 05f59524-a4ea-4be4-b99d-fb9eed47142d<-920a4478-64f4-4720-983c-9a2102f3c94b#0:FAIL-t87] and 0 exception(s); 05f59524-a4ea-4be4-b99d-fb9eed47142d@group-9DC5606B5DE8:t87, leader=null, voted=05f59524-a4ea-4be4-b99d-fb9eed47142d, raftlog=05f59524-a4ea-4be4-b99d-fb9eed47142d@group-9DC5606B5DE8-SegmentedRaftLog:OPENED:c-1,f-1,i0, conf=-1: [05f59524-a4ea-4be4-b99d-fb9eed47142d:192.168.34.62:45919, 4b035f45-7941-40c3-ba2d-1cbecd2d369e:192.168.34.62:45443, 920a4478-64f4-4720-983c-9a2102f3c94b:192.168.34.62:38609], old=null
2019-10-17 07:38:25,974 [05f59524-a4ea-4be4-b99d-fb9eed47142d@group-9DC5606B5DE8-LeaderElection81] INFO  impl.RaftServerImpl (RaftServerImpl.java:setRole(184)) - 05f59524-a4ea-4be4-b99d-fb9eed47142d@group-9DC5606B5DE8: changes role from CANDIDATE to FOLLOWER at term 87 for DISCOVERED_A_NEW_TERM
2019-10-17 07:38:25,974 [05f59524-a4ea-4be4-b99d-fb9eed47142d@group-9DC5606B5DE8-LeaderElection81] INFO  impl.RoleInfo (RoleInfo.java:shutdownLeaderElection(134)) - 05f59524-a4ea-4be4-b99d-fb9eed47142d: shutdown LeaderElection
2019-10-17 07:38:25,974 [05f59524-a4ea-4be4-b99d-fb9eed47142d@group-9DC5606B5DE8-LeaderElection81] INFO  impl.RoleInfo (RoleInfo.java:updateAndGet(143)) - 05f59524-a4ea-4be4-b99d-fb9eed47142d: start FollowerState
2019-10-17 07:38:26,097 [Thread-918] INFO  impl.FollowerState (FollowerState.java:run(108)) - 05f59524-a4ea-4be4-b99d-fb9eed47142d@group-9DC5606B5DE8-FollowerState: change to CANDIDATE, lastRpcTime:122ms, electionTimeout:122ms
2019-10-17 07:38:26,097 [Thread-918] INFO  impl.RoleInfo (RoleInfo.java:shutdownFollowerState(121)) - 05f59524-a4ea-4be4-b99d-fb9eed47142d: shutdown FollowerState
2019-10-17 07:38:26,097 [Thread-918] INFO  impl.RaftServerImpl (RaftServerImpl.java:setRole(184)) - 05f59524-a4ea-4be4-b99d-fb9eed47142d@group-9DC5606B5DE8: changes role from  FOLLOWER to CANDIDATE at term 87 for changeToCandidate
2019-10-17 07:38:26,097 [Thread-918] INFO  impl.RoleInfo (RoleInfo.java:updateAndGet(143)) - 05f59524-a4ea-4be4-b99d-fb9eed47142d: start LeaderElection
2019-10-17 07:38:26,126 [05f59524-a4ea-4be4-b99d-fb9eed47142d@group-9DC5606B5DE8-LeaderElection82] INFO  impl.LeaderElection (LeaderElection.java:askForVotes(178)) - 05f59524-a4ea-4be4-b99d-fb9eed47142d@group-9DC5606B5DE8-LeaderElection82: begin an election at term 88 for -1: [05f59524-a4ea-4be4-b99d-fb9eed47142d:192.168.34.62:45919, 4b035f45-7941-40c3-ba2d-1cbecd2d369e:192.168.34.62:45443, 920a4478-64f4-4720-983c-9a2102f3c94b:192.168.34.62:38609], old=null
2019-10-17 07:38:26,130 [grpc-default-executor-5] INFO  impl.RaftServerImpl (RaftServerImpl.java:setRole(184)) - 920a4478-64f4-4720-983c-9a2102f3c94b@group-9DC5606B5DE8: changes role from  FOLLOWER to FOLLOWER at term 88 for recognizeCandidate:05f59524-a4ea-4be4-b99d-fb9eed47142d
2019-10-17 07:38:26,130 [grpc-default-executor-6] INFO  impl.RaftServerImpl (RaftServerImpl.java:setRole(184)) - 4b035f45-7941-40c3-ba2d-1cbecd2d369e@group-9DC5606B5DE8: changes role from  FOLLOWER to FOLLOWER at term 88 for recognizeCandidate:05f59524-a4ea-4be4-b99d-fb9eed47142d
2019-10-17 07:38:26,130 [grpc-default-executor-5] INFO  impl.RoleInfo (RoleInfo.java:shutdownFollowerState(121)) - 920a4478-64f4-4720-983c-9a2102f3c94b: shutdown FollowerState
2019-10-17 07:38:26,130 [grpc-default-executor-6] INFO  impl.RoleInfo (RoleInfo.java:shutdownFollowerState(121)) - 4b035f45-7941-40c3-ba2d-1cbecd2d369e: shutdown FollowerState
2019-10-17 07:38:26,130 [Thread-917] INFO  impl.FollowerState (FollowerState.java:run(117)) - 920a4478-64f4-4720-983c-9a2102f3c94b@group-9DC5606B5DE8-FollowerState was interrupted: java.lang.InterruptedException: sleep interrupted
2019-10-17 07:38:26,130 [grpc-default-executor-5] INFO  impl.RoleInfo (RoleInfo.java:updateAndGet(143)) - 920a4478-64f4-4720-983c-9a2102f3c94b: start FollowerState
2019-10-17 07:38:26,131 [grpc-default-executor-6] INFO  impl.RoleInfo (RoleInfo.java:updateAndGet(143)) - 4b035f45-7941-40c3-ba2d-1cbecd2d369e: start FollowerState
2019-10-17 07:38:26,131 [Thread-916] INFO  impl.FollowerState (FollowerState.java:run(117)) - 4b035f45-7941-40c3-ba2d-1cbecd2d369e@group-9DC5606B5DE8-FollowerState was interrupted: java.lang.InterruptedException: sleep interrupted
2019-10-17 07:38:26,179 [05f59524-a4ea-4be4-b99d-fb9eed47142d@group-9DC5606B5DE8-LeaderElection82] INFO  impl.LeaderElection (LeaderElection.java:logAndReturn(56)) - 05f59524-a4ea-4be4-b99d-fb9eed47142d@group-9DC5606B5DE8-LeaderElection82: Election REJECTED; received 2 response(s) [05f59524-a4ea-4be4-b99d-fb9eed47142d<-4b035f45-7941-40c3-ba2d-1cbecd2d369e#0:FAIL-t88, 05f59524-a4ea-4be4-b99d-fb9eed47142d<-920a4478-64f4-4720-983c-9a2102f3c94b#0:FAIL-t88] and 0 exception(s); 05f59524-a4ea-4be4-b99d-fb9eed47142d@group-9DC5606B5DE8:t88, leader=null, voted=05f59524-a4ea-4be4-b99d-fb9eed47142d, raftlog=05f59524-a4ea-4be4-b99d-fb9eed47142d@group-9DC5606B5DE8-SegmentedRaftLog:OPENED:c-1,f-1,i0, conf=-1: [05f59524-a4ea-4be4-b99d-fb9eed47142d:192.168.34.62:45919, 4b035f45-7941-40c3-ba2d-1cbecd2d369e:192.168.34.62:45443, 920a4478-64f4-4720-983c-9a2102f3c94b:192.168.34.62:38609], old=null
2019-10-17 07:38:26,179 [05f59524-a4ea-4be4-b99d-fb9eed47142d@group-9DC5606B5DE8-LeaderElection82] INFO  impl.RaftServerImpl (RaftServerImpl.java:setRole(184)) - 05f59524-a4ea-4be4-b99d-fb9eed47142d@group-9DC5606B5DE8: changes role from CANDIDATE to FOLLOWER at term 88 for DISCOVERED_A_NEW_TERM
2019-10-17 07:38:26,180 [05f59524-a4ea-4be4-b99d-fb9eed47142d@group-9DC5606B5DE8-LeaderElection82] INFO  impl.RoleInfo (RoleInfo.java:shutdownLeaderElection(134)) - 05f59524-a4ea-4be4-b99d-fb9eed47142d: shutdown LeaderElection
2019-10-17 07:38:26,180 [05f59524-a4ea-4be4-b99d-fb9eed47142d@group-9DC5606B5DE8-LeaderElection82] INFO  impl.RoleInfo (RoleInfo.java:updateAndGet(143)) - 05f59524-a4ea-4be4-b99d-fb9eed47142d: start FollowerState
2019-10-17 07:38:26,198 [Thread-924] INFO  impl.FollowerState (FollowerState.java:run(108)) - 05f59524-a4ea-4be4-b99d-fb9eed47142d@group-9DC5606B5DE8-FollowerState: change to CANDIDATE, lastRpcTime:18ms, electionTimeout:18ms
2019-10-17 07:38:26,198 [Thread-924] INFO  impl.RoleInfo (RoleInfo.java:shutdownFollowerState(121)) - 05f59524-a4ea-4be4-b99d-fb9eed47142d: shutdown FollowerState
2019-10-17 07:38:26,199 [Thread-924] INFO  impl.RaftServerImpl (RaftServerImpl.java:setRole(184)) - 05f59524-a4ea-4be4-b99d-fb9eed47142d@group-9DC5606B5DE8: changes role from  FOLLOWER to CANDIDATE at term 88 for changeToCandidate
2019-10-17 07:38:26,199 [Thread-924] INFO  impl.RoleInfo (RoleInfo.java:updateAndGet(143)) - 05f59524-a4ea-4be4-b99d-fb9eed47142d: start LeaderElection
2019-10-17 07:38:26,232 [05f59524-a4ea-4be4-b99d-fb9eed47142d@group-9DC5606B5DE8-LeaderElection83] INFO  impl.LeaderElection (LeaderElection.java:askForVotes(178)) - 05f59524-a4ea-4be4-b99d-fb9eed47142d@group-9DC5606B5DE8-LeaderElection83: begin an election at term 89 for -1: [05f59524-a4ea-4be4-b99d-fb9eed47142d:192.168.34.62:45919, 4b035f45-7941-40c3-ba2d-1cbecd2d369e:192.168.34.62:45443, 920a4478-64f4-4720-983c-9a2102f3c94b:192.168.34.62:38609], old=null
2019-10-17 07:38:26,234 [grpc-default-executor-5] INFO  impl.RaftServerImpl (RaftServerImpl.java:setRole(184)) - 4b035f45-7941-40c3-ba2d-1cbecd2d369e@group-9DC5606B5DE8: changes role from  FOLLOWER to FOLLOWER at term 89 for recognizeCandidate:05f59524-a4ea-4be4-b99d-fb9eed47142d
2019-10-17 07:38:26,234 [grpc-default-executor-6] INFO  impl.RaftServerImpl (RaftServerImpl.java:setRole(184)) - 920a4478-64f4-4720-983c-9a2102f3c94b@group-9DC5606B5DE8: changes role from  FOLLOWER to FOLLOWER at term 89 for recognizeCandidate:05f59524-a4ea-4be4-b99d-fb9eed47142d
2019-10-17 07:38:26,234 [grpc-default-executor-5] INFO  impl.RoleInfo (RoleInfo.java:shutdownFollowerState(121)) - 4b035f45-7941-40c3-ba2d-1cbecd2d369e: shutdown FollowerState
2019-10-17 07:38:26,235 [grpc-default-executor-6] INFO  impl.RoleInfo (RoleInfo.java:shutdownFollowerState(121)) - 920a4478-64f4-4720-983c-9a2102f3c94b: shutdown FollowerState
2019-10-17 07:38:26,235 [Thread-923] INFO  impl.FollowerState (FollowerState.java:run(117)) - 4b035f45-7941-40c3-ba2d-1cbecd2d369e@group-9DC5606B5DE8-FollowerState was interrupted: java.lang.InterruptedException: sleep interrupted
2019-10-17 07:38:26,235 [grpc-default-executor-5] INFO  impl.RoleInfo (RoleInfo.java:updateAndGet(143)) - 4b035f45-7941-40c3-ba2d-1cbecd2d369e: start FollowerState
2019-10-17 07:38:26,235 [Thread-922] INFO  impl.FollowerState (FollowerState.java:run(117)) - 920a4478-64f4-4720-983c-9a2102f3c94b@group-9DC5606B5DE8-FollowerState was interrupted: java.lang.InterruptedException: sleep interrupted
2019-10-17 07:38:26,235 [grpc-default-executor-6] INFO  impl.RoleInfo (RoleInfo.java:updateAndGet(143)) - 920a4478-64f4-4720-983c-9a2102f3c94b: start FollowerState
2019-10-17 07:38:26,237 [05f59524-a4ea-4be4-b99d-fb9eed47142d@group-9DC5606B5DE8-LeaderElection83] INFO  impl.LeaderElection (LeaderElection.java:logAndReturn(56)) - 05f59524-a4ea-4be4-b99d-fb9eed47142d@group-9DC5606B5DE8-LeaderElection83: Election TIMEOUT; received 0 response(s) [] and 0 exception(s); 05f59524-a4ea-4be4-b99d-fb9eed47142d@group-9DC5606B5DE8:t89, leader=null, voted=05f59524-a4ea-4be4-b99d-fb9eed47142d, raftlog=05f59524-a4ea-4be4-b99d-fb9eed47142d@group-9DC5606B5DE8-SegmentedRaftLog:OPENED:c-1,f-1,i0, conf=-1: [05f59524-a4ea-4be4-b99d-fb9eed47142d:192.168.34.62:45919, 4b035f45-7941-40c3-ba2d-1cbecd2d369e:192.168.34.62:45443, 920a4478-64f4-4720-983c-9a2102f3c94b:192.168.34.62:38609], old=null
2019-10-17 07:38:26,269 [05f59524-a4ea-4be4-b99d-fb9eed47142d@group-9DC5606B5DE8-LeaderElection83] INFO  impl.LeaderElection (LeaderElection.java:askForVotes(178)) - 05f59524-a4ea-4be4-b99d-fb9eed47142d@group-9DC5606B5DE8-LeaderElection83: begin an election at term 90 for -1: [05f59524-a4ea-4be4-b99d-fb9eed47142d:192.168.34.62:45919, 4b035f45-7941-40c3-ba2d-1cbecd2d369e:192.168.34.62:45443, 920a4478-64f4-4720-983c-9a2102f3c94b:192.168.34.62:38609], old=null
2019-10-17 07:38:26,270 [grpc-default-executor-5] INFO  impl.RaftServerImpl (RaftServerImpl.java:setRole(184)) - 4b035f45-7941-40c3-ba2d-1cbecd2d369e@group-9DC5606B5DE8: changes role from  FOLLOWER to FOLLOWER at term 90 for recognizeCandidate:05f59524-a4ea-4be4-b99d-fb9eed47142d
2019-10-17 07:38:26,271 [grpc-default-executor-6] INFO  impl.RaftServerImpl (RaftServerImpl.java:setRole(184)) - 920a4478-64f4-4720-983c-9a2102f3c94b@group-9DC5606B5DE8: changes role from  FOLLOWER to FOLLOWER at term 90 for recognizeCandidate:05f59524-a4ea-4be4-b99d-fb9eed47142d
2019-10-17 07:38:26,271 [grpc-default-executor-5] INFO  impl.RoleInfo (RoleInfo.java:shutdownFollowerState(121)) - 4b035f45-7941-40c3-ba2d-1cbecd2d369e: shutdown FollowerState
2019-10-17 07:38:26,271 [grpc-default-executor-6] INFO  impl.RoleInfo (RoleInfo.java:shutdownFollowerState(121)) - 920a4478-64f4-4720-983c-9a2102f3c94b: shutdown FollowerState
2019-10-17 07:38:26,271 [Thread-928] INFO  impl.FollowerState (FollowerState.java:run(117)) - 4b035f45-7941-40c3-ba2d-1cbecd2d369e@group-9DC5606B5DE8-FollowerState was interrupted: java.lang.InterruptedException: sleep interrupted
2019-10-17 07:38:26,271 [grpc-default-executor-5] INFO  impl.RoleInfo (RoleInfo.java:updateAndGet(143)) - 4b035f45-7941-40c3-ba2d-1cbecd2d369e: start FollowerState
2019-10-17 07:38:26,271 [Thread-929] INFO  impl.FollowerState (FollowerState.java:run(117)) - 920a4478-64f4-4720-983c-9a2102f3c94b@group-9DC5606B5DE8-FollowerState was interrupted: java.lang.InterruptedException: sleep interrupted
2019-10-17 07:38:26,271 [grpc-default-executor-6] INFO  impl.RoleInfo (RoleInfo.java:updateAndGet(143)) - 920a4478-64f4-4720-983c-9a2102f3c94b: start FollowerState
2019-10-17 07:38:26,306 [05f59524-a4ea-4be4-b99d-fb9eed47142d@group-9DC5606B5DE8-LeaderElection83] INFO  impl.LeaderElection (LeaderElection.java:logAndReturn(56)) - 05f59524-a4ea-4be4-b99d-fb9eed47142d@group-9DC5606B5DE8-LeaderElection83: Election REJECTED; received 2 response(s) [05f59524-a4ea-4be4-b99d-fb9eed47142d<-4b035f45-7941-40c3-ba2d-1cbecd2d369e#0:FAIL-t90, 05f59524-a4ea-4be4-b99d-fb9eed47142d<-920a4478-64f4-4720-983c-9a2102f3c94b#0:FAIL-t90] and 0 exception(s); 05f59524-a4ea-4be4-b99d-fb9eed47142d@group-9DC5606B5DE8:t90, leader=null, voted=05f59524-a4ea-4be4-b99d-fb9eed47142d, raftlog=05f59524-a4ea-4be4-b99d-fb9eed47142d@group-9DC5606B5DE8-SegmentedRaftLog:OPENED:c-1,f-1,i0, conf=-1: [05f59524-a4ea-4be4-b99d-fb9eed47142d:192.168.34.62:45919, 4b035f45-7941-40c3-ba2d-1cbecd2d369e:192.168.34.62:45443, 920a4478-64f4-4720-983c-9a2102f3c94b:192.168.34.62:38609], old=null
2019-10-17 07:38:26,307 [05f59524-a4ea-4be4-b99d-fb9eed47142d@group-9DC5606B5DE8-LeaderElection83] INFO  impl.RaftServerImpl (RaftServerImpl.java:setRole(184)) - 05f59524-a4ea-4be4-b99d-fb9eed47142d@group-9DC5606B5DE8: changes role from CANDIDATE to FOLLOWER at term 90 for DISCOVERED_A_NEW_TERM
2019-10-17 07:38:26,307 [05f59524-a4ea-4be4-b99d-fb9eed47142d@group-9DC5606B5DE8-LeaderElection83] INFO  impl.RoleInfo (RoleInfo.java:shutdownLeaderElection(134)) - 05f59524-a4ea-4be4-b99d-fb9eed47142d: shutdown LeaderElection
2019-10-17 07:38:26,307 [05f59524-a4ea-4be4-b99d-fb9eed47142d@group-9DC5606B5DE8-LeaderElection83] INFO  impl.RoleInfo (RoleInfo.java:updateAndGet(143)) - 05f59524-a4ea-4be4-b99d-fb9eed47142d: start FollowerState
2019-10-17 07:38:26,353 [Thread-934] INFO  impl.FollowerState (FollowerState.java:run(108)) - 05f59524-a4ea-4be4-b99d-fb9eed47142d@group-9DC5606B5DE8-FollowerState: change to CANDIDATE, lastRpcTime:45ms, electionTimeout:45ms
2019-10-17 07:38:26,353 [Thread-934] INFO  impl.RoleInfo (RoleInfo.java:shutdownFollowerState(121)) - 05f59524-a4ea-4be4-b99d-fb9eed47142d: shutdown FollowerState
2019-10-17 07:38:26,353 [Thread-934] INFO  impl.RaftServerImpl (RaftServerImpl.java:setRole(184)) - 05f59524-a4ea-4be4-b99d-fb9eed47142d@group-9DC5606B5DE8: changes role from  FOLLOWER to CANDIDATE at term 90 for changeToCandidate
2019-10-17 07:38:26,353 [Thread-934] INFO  impl.RoleInfo (RoleInfo.java:updateAndGet(143)) - 05f59524-a4ea-4be4-b99d-fb9eed47142d: start LeaderElection
2019-10-17 07:38:26,385 [05f59524-a4ea-4be4-b99d-fb9eed47142d@group-9DC5606B5DE8-LeaderElection84] INFO  impl.LeaderElection (LeaderElection.java:askForVotes(178)) - 05f59524-a4ea-4be4-b99d-fb9eed47142d@group-9DC5606B5DE8-LeaderElection84: begin an election at term 91 for -1: [05f59524-a4ea-4be4-b99d-fb9eed47142d:192.168.34.62:45919, 4b035f45-7941-40c3-ba2d-1cbecd2d369e:192.168.34.62:45443, 920a4478-64f4-4720-983c-9a2102f3c94b:192.168.34.62:38609], old=null
2019-10-17 07:38:26,388 [grpc-default-executor-5] INFO  impl.RaftServerImpl (RaftServerImpl.java:setRole(184)) - 4b035f45-7941-40c3-ba2d-1cbecd2d369e@group-9DC5606B5DE8: changes role from  FOLLOWER to FOLLOWER at term 91 for recognizeCandidate:05f59524-a4ea-4be4-b99d-fb9eed47142d
2019-10-17 07:38:26,388 [grpc-default-executor-5] INFO  impl.RoleInfo (RoleInfo.java:shutdownFollowerState(121)) - 4b035f45-7941-40c3-ba2d-1cbecd2d369e: shutdown FollowerState
2019-10-17 07:38:26,388 [grpc-default-executor-5] INFO  impl.RoleInfo (RoleInfo.java:updateAndGet(143)) - 4b035f45-7941-40c3-ba2d-1cbecd2d369e: start FollowerState
2019-10-17 07:38:26,388 [grpc-default-executor-6] INFO  impl.RaftServerImpl (RaftServerImpl.java:setRole(184)) - 920a4478-64f4-4720-983c-9a2102f3c94b@group-9DC5606B5DE8: changes role from  FOLLOWER to FOLLOWER at term 91 for recognizeCandidate:05f59524-a4ea-4be4-b99d-fb9eed47142d
2019-10-17 07:38:26,389 [grpc-default-executor-6] INFO  impl.RoleInfo (RoleInfo.java:shutdownFollowerState(121)) - 920a4478-64f4-4720-983c-9a2102f3c94b: shutdown FollowerState
2019-10-17 07:38:26,388 [Thread-932] INFO  impl.FollowerState (FollowerState.java:run(117)) - 4b035f45-7941-40c3-ba2d-1cbecd2d369e@group-9DC5606B5DE8-FollowerState was interrupted: java.lang.InterruptedException: sleep interrupted
2019-10-17 07:38:26,389 [Thread-933] INFO  impl.FollowerState (FollowerState.java:run(117)) - 920a4478-64f4-4720-983c-9a2102f3c94b@group-9DC5606B5DE8-FollowerState was interrupted: java.lang.InterruptedException: sleep interrupted
2019-10-17 07:38:26,389 [grpc-default-executor-6] INFO  impl.RoleInfo (RoleInfo.java:updateAndGet(143)) - 920a4478-64f4-4720-983c-9a2102f3c94b: start FollowerState
2019-10-17 07:38:26,427 [05f59524-a4ea-4be4-b99d-fb9eed47142d@group-9DC5606B5DE8-LeaderElection84] INFO  impl.LeaderElection (LeaderElection.java:logAndReturn(56)) - 05f59524-a4ea-4be4-b99d-fb9eed47142d@group-9DC5606B5DE8-LeaderElection84: Election REJECTED; received 2 response(s) [05f59524-a4ea-4be4-b99d-fb9eed47142d<-4b035f45-7941-40c3-ba2d-1cbecd2d369e#0:FAIL-t91, 05f59524-a4ea-4be4-b99d-fb9eed47142d<-920a4478-64f4-4720-983c-9a2102f3c94b#0:FAIL-t91] and 0 exception(s); 05f59524-a4ea-4be4-b99d-fb9eed47142d@group-9DC5606B5DE8:t91, leader=null, voted=05f59524-a4ea-4be4-b99d-fb9eed47142d, raftlog=05f59524-a4ea-4be4-b99d-fb9eed47142d@group-9DC5606B5DE8-SegmentedRaftLog:OPENED:c-1,f-1,i0, conf=-1: [05f59524-a4ea-4be4-b99d-fb9eed47142d:192.168.34.62:45919, 4b035f45-7941-40c3-ba2d-1cbecd2d369e:192.168.34.62:45443, 920a4478-64f4-4720-983c-9a2102f3c94b:192.168.34.62:38609], old=null
2019-10-17 07:38:26,427 [05f59524-a4ea-4be4-b99d-fb9eed47142d@group-9DC5606B5DE8-LeaderElection84] INFO  impl.RaftServerImpl (RaftServerImpl.java:setRole(184)) - 05f59524-a4ea-4be4-b99d-fb9eed47142d@group-9DC5606B5DE8: changes role from CANDIDATE to FOLLOWER at term 91 for DISCOVERED_A_NEW_TERM
2019-10-17 07:38:26,427 [05f59524-a4ea-4be4-b99d-fb9eed47142d@group-9DC5606B5DE8-LeaderElection84] INFO  impl.RoleInfo (RoleInfo.java:shutdownLeaderElection(134)) - 05f59524-a4ea-4be4-b99d-fb9eed47142d: shutdown LeaderElection
2019-10-17 07:38:26,428 [05f59524-a4ea-4be4-b99d-fb9eed47142d@group-9DC5606B5DE8-LeaderElection84] INFO  impl.RoleInfo (RoleInfo.java:updateAndGet(143)) - 05f59524-a4ea-4be4-b99d-fb9eed47142d: start FollowerState
2019-10-17 07:38:26,479 [Thread-940] INFO  impl.FollowerState (FollowerState.java:run(108)) - 05f59524-a4ea-4be4-b99d-fb9eed47142d@group-9DC5606B5DE8-FollowerState: change to CANDIDATE, lastRpcTime:51ms, electionTimeout:51ms
2019-10-17 07:38:26,479 [Thread-940] INFO  impl.RoleInfo (RoleInfo.java:shutdownFollowerState(121)) - 05f59524-a4ea-4be4-b99d-fb9eed47142d: shutdown FollowerState
2019-10-17 07:38:26,479 [Thread-940] INFO  impl.RaftServerImpl (RaftServerImpl.java:setRole(184)) - 05f59524-a4ea-4be4-b99d-fb9eed47142d@group-9DC5606B5DE8: changes role from  FOLLOWER to CANDIDATE at term 91 for changeToCandidate
2019-10-17 07:38:26,480 [Thread-940] INFO  impl.RoleInfo (RoleInfo.java:updateAndGet(143)) - 05f59524-a4ea-4be4-b99d-fb9eed47142d: start LeaderElection
2019-10-17 07:38:26,524 [05f59524-a4ea-4be4-b99d-fb9eed47142d@group-9DC5606B5DE8-LeaderElection85] INFO  impl.LeaderElection (LeaderElection.java:askForVotes(178)) - 05f59524-a4ea-4be4-b99d-fb9eed47142d@group-9DC5606B5DE8-LeaderElection85: begin an election at term 92 for -1: [05f59524-a4ea-4be4-b99d-fb9eed47142d:192.168.34.62:45919, 4b035f45-7941-40c3-ba2d-1cbecd2d369e:192.168.34.62:45443, 920a4478-64f4-4720-983c-9a2102f3c94b:192.168.34.62:38609], old=null
2019-10-17 07:38:26,526 [grpc-default-executor-6] INFO  impl.RaftServerImpl (RaftServerImpl.java:setRole(184)) - 4b035f45-7941-40c3-ba2d-1cbecd2d369e@group-9DC5606B5DE8: changes role from  FOLLOWER to FOLLOWER at term 92 for recognizeCandidate:05f59524-a4ea-4be4-b99d-fb9eed47142d
2019-10-17 07:38:26,527 [grpc-default-executor-6] INFO  impl.RoleInfo (RoleInfo.java:shutdownFollowerState(121)) - 4b035f45-7941-40c3-ba2d-1cbecd2d369e: shutdown FollowerState
2019-10-17 07:38:26,527 [grpc-default-executor-5] INFO  impl.RaftServerImpl (RaftServerImpl.java:setRole(184)) - 920a4478-64f4-4720-983c-9a2102f3c94b@group-9DC5606B5DE8: changes role from  FOLLOWER to FOLLOWER at term 92 for recognizeCandidate:05f59524-a4ea-4be4-b99d-fb9eed47142d
2019-10-17 07:38:26,527 [Thread-938] INFO  impl.FollowerState (FollowerState.java:run(117)) - 4b035f45-7941-40c3-ba2d-1cbecd2d369e@group-9DC5606B5DE8-FollowerState was interrupted: java.lang.InterruptedException: sleep interrupted
2019-10-17 07:38:26,527 [grpc-default-executor-6] INFO  impl.RoleInfo (RoleInfo.java:updateAndGet(143)) - 4b035f45-7941-40c3-ba2d-1cbecd2d369e: start FollowerState
2019-10-17 07:38:26,527 [grpc-default-executor-5] INFO  impl.RoleInfo (RoleInfo.java:shutdownFollowerState(121)) - 920a4478-64f4-4720-983c-9a2102f3c94b: shutdown FollowerState
2019-10-17 07:38:26,528 [grpc-default-executor-5] INFO  impl.RoleInfo (RoleInfo.java:updateAndGet(143)) - 920a4478-64f4-4720-983c-9a2102f3c94b: start FollowerState
2019-10-17 07:38:26,528 [Thread-939] INFO  impl.FollowerState (FollowerState.java:run(117)) - 920a4478-64f4-4720-983c-9a2102f3c94b@group-9DC5606B5DE8-FollowerState was interrupted: java.lang.InterruptedException: sleep interrupted
2019-10-17 07:38:26,597 [05f59524-a4ea-4be4-b99d-fb9eed47142d@group-9DC5606B5DE8-LeaderElection85] INFO  impl.LeaderElection (LeaderElection.java:logAndReturn(56)) - 05f59524-a4ea-4be4-b99d-fb9eed47142d@group-9DC5606B5DE8-LeaderElection85: Election REJECTED; received 2 response(s) [05f59524-a4ea-4be4-b99d-fb9eed47142d<-4b035f45-7941-40c3-ba2d-1cbecd2d369e#0:FAIL-t92, 05f59524-a4ea-4be4-b99d-fb9eed47142d<-920a4478-64f4-4720-983c-9a2102f3c94b#0:FAIL-t92] and 0 exception(s); 05f59524-a4ea-4be4-b99d-fb9eed47142d@group-9DC5606B5DE8:t92, leader=null, voted=05f59524-a4ea-4be4-b99d-fb9eed47142d, raftlog=05f59524-a4ea-4be4-b99d-fb9eed47142d@group-9DC5606B5DE8-SegmentedRaftLog:OPENED:c-1,f-1,i0, conf=-1: [05f59524-a4ea-4be4-b99d-fb9eed47142d:192.168.34.62:45919, 4b035f45-7941-40c3-ba2d-1cbecd2d369e:192.168.34.62:45443, 920a4478-64f4-4720-983c-9a2102f3c94b:192.168.34.62:38609], old=null
2019-10-17 07:38:26,597 [05f59524-a4ea-4be4-b99d-fb9eed47142d@group-9DC5606B5DE8-LeaderElection85] INFO  impl.RaftServerImpl (RaftServerImpl.java:setRole(184)) - 05f59524-a4ea-4be4-b99d-fb9eed47142d@group-9DC5606B5DE8: changes role from CANDIDATE to FOLLOWER at term 92 for DISCOVERED_A_NEW_TERM
2019-10-17 07:38:26,597 [05f59524-a4ea-4be4-b99d-fb9eed47142d@group-9DC5606B5DE8-LeaderElection85] INFO  impl.RoleInfo (RoleInfo.java:shutdownLeaderElection(134)) - 05f59524-a4ea-4be4-b99d-fb9eed47142d: shutdown LeaderElection
2019-10-17 07:38:26,598 [05f59524-a4ea-4be4-b99d-fb9eed47142d@group-9DC5606B5DE8-LeaderElection85] INFO  impl.RoleInfo (RoleInfo.java:updateAndGet(143)) - 05f59524-a4ea-4be4-b99d-fb9eed47142d: start FollowerState
2019-10-17 07:38:26,672 [Thread-946] INFO  impl.FollowerState (FollowerState.java:run(108)) - 05f59524-a4ea-4be4-b99d-fb9eed47142d@group-9DC5606B5DE8-FollowerState: change to CANDIDATE, lastRpcTime:74ms, electionTimeout:74ms
2019-10-17 07:38:26,672 [Thread-946] INFO  impl.RoleInfo (RoleInfo.java:shutdownFollowerState(121)) - 05f59524-a4ea-4be4-b99d-fb9eed47142d: shutdown FollowerState
2019-10-17 07:38:26,672 [Thread-946] INFO  impl.RaftServerImpl (RaftServerImpl.java:setRole(184)) - 05f59524-a4ea-4be4-b99d-fb9eed47142d@group-9DC5606B5DE8: changes role from  FOLLOWER to CANDIDATE at term 92 for changeToCandidate
2019-10-17 07:38:26,673 [Thread-946] INFO  impl.RoleInfo (RoleInfo.java:updateAndGet(143)) - 05f59524-a4ea-4be4-b99d-fb9eed47142d: start LeaderElection
2019-10-17 07:38:26,718 [05f59524-a4ea-4be4-b99d-fb9eed47142d@group-9DC5606B5DE8-LeaderElection86] INFO  impl.LeaderElection (LeaderElection.java:askForVotes(178)) - 05f59524-a4ea-4be4-b99d-fb9eed47142d@group-9DC5606B5DE8-LeaderElection86: begin an election at term 93 for -1: [05f59524-a4ea-4be4-b99d-fb9eed47142d:192.168.34.62:45919, 4b035f45-7941-40c3-ba2d-1cbecd2d369e:192.168.34.62:45443, 920a4478-64f4-4720-983c-9a2102f3c94b:192.168.34.62:38609], old=null
2019-10-17 07:38:26,721 [grpc-default-executor-6] INFO  impl.RaftServerImpl (RaftServerImpl.java:setRole(184)) - 4b035f45-7941-40c3-ba2d-1cbecd2d369e@group-9DC5606B5DE8: changes role from  FOLLOWER to FOLLOWER at term 93 for recognizeCandidate:05f59524-a4ea-4be4-b99d-fb9eed47142d
2019-10-17 07:38:26,721 [grpc-default-executor-6] INFO  impl.RoleInfo (RoleInfo.java:shutdownFollowerState(121)) - 4b035f45-7941-40c3-ba2d-1cbecd2d369e: shutdown FollowerState
2019-10-17 07:38:26,721 [grpc-default-executor-5] INFO  impl.RaftServerImpl (RaftServerImpl.java:setRole(184)) - 920a4478-64f4-4720-983c-9a2102f3c94b@group-9DC5606B5DE8: changes role from  FOLLOWER to FOLLOWER at term 93 for recognizeCandidate:05f59524-a4ea-4be4-b99d-fb9eed47142d
2019-10-17 07:38:26,721 [Thread-944] INFO  impl.FollowerState (FollowerState.java:run(117)) - 4b035f45-7941-40c3-ba2d-1cbecd2d369e@group-9DC5606B5DE8-FollowerState was interrupted: java.lang.InterruptedException: sleep interrupted
2019-10-17 07:38:26,721 [grpc-default-executor-6] INFO  impl.RoleInfo (RoleInfo.java:updateAndGet(143)) - 4b035f45-7941-40c3-ba2d-1cbecd2d369e: start FollowerState
2019-10-17 07:38:26,722 [grpc-default-executor-5] INFO  impl.RoleInfo (RoleInfo.java:shutdownFollowerState(121)) - 920a4478-64f4-4720-983c-9a2102f3c94b: shutdown FollowerState
2019-10-17 07:38:26,722 [grpc-default-executor-5] INFO  impl.RoleInfo (RoleInfo.java:updateAndGet(143)) - 920a4478-64f4-4720-983c-9a2102f3c94b: start FollowerState
2019-10-17 07:38:26,722 [Thread-945] INFO  impl.FollowerState (FollowerState.java:run(117)) - 920a4478-64f4-4720-983c-9a2102f3c94b@group-9DC5606B5DE8-FollowerState was interrupted: java.lang.InterruptedException: sleep interrupted
2019-10-17 07:38:26,740 [05f59524-a4ea-4be4-b99d-fb9eed47142d@group-9DC5606B5DE8-LeaderElection86] INFO  impl.LeaderElection (LeaderElection.java:logAndReturn(56)) - 05f59524-a4ea-4be4-b99d-fb9eed47142d@group-9DC5606B5DE8-LeaderElection86: Election REJECTED; received 2 response(s) [05f59524-a4ea-4be4-b99d-fb9eed47142d<-4b035f45-7941-40c3-ba2d-1cbecd2d369e#0:FAIL-t93, 05f59524-a4ea-4be4-b99d-fb9eed47142d<-920a4478-64f4-4720-983c-9a2102f3c94b#0:FAIL-t93] and 0 exception(s); 05f59524-a4ea-4be4-b99d-fb9eed47142d@group-9DC5606B5DE8:t93, leader=null, voted=05f59524-a4ea-4be4-b99d-fb9eed47142d, raftlog=05f59524-a4ea-4be4-b99d-fb9eed47142d@group-9DC5606B5DE8-SegmentedRaftLog:OPENED:c-1,f-1,i0, conf=-1: [05f59524-a4ea-4be4-b99d-fb9eed47142d:192.168.34.62:45919, 4b035f45-7941-40c3-ba2d-1cbecd2d369e:192.168.34.62:45443, 920a4478-64f4-4720-983c-9a2102f3c94b:192.168.34.62:38609], old=null
2019-10-17 07:38:26,740 [05f59524-a4ea-4be4-b99d-fb9eed47142d@group-9DC5606B5DE8-LeaderElection86] INFO  impl.RaftServerImpl (RaftServerImpl.java:setRole(184)) - 05f59524-a4ea-4be4-b99d-fb9eed47142d@group-9DC5606B5DE8: changes role from CANDIDATE to FOLLOWER at term 93 for DISCOVERED_A_NEW_TERM
2019-10-17 07:38:26,740 [05f59524-a4ea-4be4-b99d-fb9eed47142d@group-9DC5606B5DE8-LeaderElection86] INFO  impl.RoleInfo (RoleInfo.java:shutdownLeaderElection(134)) - 05f59524-a4ea-4be4-b99d-fb9eed47142d: shutdown LeaderElection
2019-10-17 07:38:26,740 [05f59524-a4ea-4be4-b99d-fb9eed47142d@group-9DC5606B5DE8-LeaderElection86] INFO  impl.RoleInfo (RoleInfo.java:updateAndGet(143)) - 05f59524-a4ea-4be4-b99d-fb9eed47142d: start FollowerState
2019-10-17 07:38:26,822 [Thread-952] INFO  impl.FollowerState (FollowerState.java:run(108)) - 05f59524-a4ea-4be4-b99d-fb9eed47142d@group-9DC5606B5DE8-FollowerState: change to CANDIDATE, lastRpcTime:81ms, electionTimeout:81ms
2019-10-17 07:38:26,822 [Thread-952] INFO  impl.RoleInfo (RoleInfo.java:shutdownFollowerState(121)) - 05f59524-a4ea-4be4-b99d-fb9eed47142d: shutdown FollowerState
2019-10-17 07:38:26,822 [Thread-952] INFO  impl.RaftServerImpl (RaftServerImpl.java:setRole(184)) - 05f59524-a4ea-4be4-b99d-fb9eed47142d@group-9DC5606B5DE8: changes role from  FOLLOWER to CANDIDATE at term 93 for changeToCandidate
2019-10-17 07:38:26,823 [Thread-952] INFO  impl.RoleInfo (RoleInfo.java:updateAndGet(143)) - 05f59524-a4ea-4be4-b99d-fb9eed47142d: start LeaderElection
2019-10-17 07:38:26,858 [05f59524-a4ea-4be4-b99d-fb9eed47142d@group-9DC5606B5DE8-LeaderElection87] INFO  impl.LeaderElection (LeaderElection.java:askForVotes(178)) - 05f59524-a4ea-4be4-b99d-fb9eed47142d@group-9DC5606B5DE8-LeaderElection87: begin an election at term 94 for -1: [05f59524-a4ea-4be4-b99d-fb9eed47142d:192.168.34.62:45919, 4b035f45-7941-40c3-ba2d-1cbecd2d369e:192.168.34.62:45443, 920a4478-64f4-4720-983c-9a2102f3c94b:192.168.34.62:38609], old=null
2019-10-17 07:38:26,861 [grpc-default-executor-6] INFO  impl.RaftServerImpl (RaftServerImpl.java:setRole(184)) - 4b035f45-7941-40c3-ba2d-1cbecd2d369e@group-9DC5606B5DE8: changes role from  FOLLOWER to FOLLOWER at term 94 for recognizeCandidate:05f59524-a4ea-4be4-b99d-fb9eed47142d
2019-10-17 07:38:26,861 [grpc-default-executor-6] INFO  impl.RoleInfo (RoleInfo.java:shutdownFollowerState(121)) - 4b035f45-7941-40c3-ba2d-1cbecd2d369e: shutdown FollowerState
2019-10-17 07:38:26,861 [grpc-default-executor-5] INFO  impl.RaftServerImpl (RaftServerImpl.java:setRole(184)) - 920a4478-64f4-4720-983c-9a2102f3c94b@group-9DC5606B5DE8: changes role from  FOLLOWER to FOLLOWER at term 94 for recognizeCandidate:05f59524-a4ea-4be4-b99d-fb9eed47142d
2019-10-17 07:38:26,861 [Thread-950] INFO  impl.FollowerState (FollowerState.java:run(117)) - 4b035f45-7941-40c3-ba2d-1cbecd2d369e@group-9DC5606B5DE8-FollowerState was interrupted: java.lang.InterruptedException: sleep interrupted
2019-10-17 07:38:26,861 [grpc-default-executor-6] INFO  impl.RoleInfo (RoleInfo.java:updateAndGet(143)) - 4b035f45-7941-40c3-ba2d-1cbecd2d369e: start FollowerState
2019-10-17 07:38:26,861 [grpc-default-executor-5] INFO  impl.RoleInfo (RoleInfo.java:shutdownFollowerState(121)) - 920a4478-64f4-4720-983c-9a2102f3c94b: shutdown FollowerState
2019-10-17 07:38:26,862 [grpc-default-executor-5] INFO  impl.RoleInfo (RoleInfo.java:updateAndGet(143)) - 920a4478-64f4-4720-983c-9a2102f3c94b: start FollowerState
2019-10-17 07:38:26,862 [Thread-951] INFO  impl.FollowerState (FollowerState.java:run(117)) - 920a4478-64f4-4720-983c-9a2102f3c94b@group-9DC5606B5DE8-FollowerState was interrupted: java.lang.InterruptedException: sleep interrupted
2019-10-17 07:38:26,901 [05f59524-a4ea-4be4-b99d-fb9eed47142d@group-9DC5606B5DE8-LeaderElection87] INFO  impl.LeaderElection (LeaderElection.java:logAndReturn(56)) - 05f59524-a4ea-4be4-b99d-fb9eed47142d@group-9DC5606B5DE8-LeaderElection87: Election REJECTED; received 2 response(s) [05f59524-a4ea-4be4-b99d-fb9eed47142d<-4b035f45-7941-40c3-ba2d-1cbecd2d369e#0:FAIL-t94, 05f59524-a4ea-4be4-b99d-fb9eed47142d<-920a4478-64f4-4720-983c-9a2102f3c94b#0:FAIL-t94] and 0 exception(s); 05f59524-a4ea-4be4-b99d-fb9eed47142d@group-9DC5606B5DE8:t94, leader=null, voted=05f59524-a4ea-4be4-b99d-fb9eed47142d, raftlog=05f59524-a4ea-4be4-b99d-fb9eed47142d@group-9DC5606B5DE8-SegmentedRaftLog:OPENED:c-1,f-1,i0, conf=-1: [05f59524-a4ea-4be4-b99d-fb9eed47142d:192.168.34.62:45919, 4b035f45-7941-40c3-ba2d-1cbecd2d369e:192.168.34.62:45443, 920a4478-64f4-4720-983c-9a2102f3c94b:192.168.34.62:38609], old=null
2019-10-17 07:38:26,902 [05f59524-a4ea-4be4-b99d-fb9eed47142d@group-9DC5606B5DE8-LeaderElection87] INFO  impl.RaftServerImpl (RaftServerImpl.java:setRole(184)) - 05f59524-a4ea-4be4-b99d-fb9eed47142d@group-9DC5606B5DE8: changes role from CANDIDATE to FOLLOWER at term 94 for DISCOVERED_A_NEW_TERM
2019-10-17 07:38:26,902 [05f59524-a4ea-4be4-b99d-fb9eed47142d@group-9DC5606B5DE8-LeaderElection87] INFO  impl.RoleInfo (RoleInfo.java:shutdownLeaderElection(134)) - 05f59524-a4ea-4be4-b99d-fb9eed47142d: shutdown LeaderElection
2019-10-17 07:38:26,902 [05f59524-a4ea-4be4-b99d-fb9eed47142d@group-9DC5606B5DE8-LeaderElection87] INFO  impl.RoleInfo (RoleInfo.java:updateAndGet(143)) - 05f59524-a4ea-4be4-b99d-fb9eed47142d: start FollowerState
2019-10-17 07:38:26,942 [Thread-958] INFO  impl.FollowerState (FollowerState.java:run(108)) - 05f59524-a4ea-4be4-b99d-fb9eed47142d@group-9DC5606B5DE8-FollowerState: change to CANDIDATE, lastRpcTime:39ms, electionTimeout:39ms
2019-10-17 07:38:26,942 [Thread-958] INFO  impl.RoleInfo (RoleInfo.java:shutdownFollowerState(121)) - 05f59524-a4ea-4be4-b99d-fb9eed47142d: shutdown FollowerState
2019-10-17 07:38:26,942 [Thread-958] INFO  impl.RaftServerImpl (RaftServerImpl.java:setRole(184)) - 05f59524-a4ea-4be4-b99d-fb9eed47142d@group-9DC5606B5DE8: changes role from  FOLLOWER to CANDIDATE at term 94 for changeToCandidate
2019-10-17 07:38:26,942 [Thread-958] INFO  impl.RoleInfo (RoleInfo.java:updateAndGet(143)) - 05f59524-a4ea-4be4-b99d-fb9eed47142d: start LeaderElection
2019-10-17 07:38:26,977 [05f59524-a4ea-4be4-b99d-fb9eed47142d@group-9DC5606B5DE8-LeaderElection88] INFO  impl.LeaderElection (LeaderElection.java:askForVotes(178)) - 05f59524-a4ea-4be4-b99d-fb9eed47142d@group-9DC5606B5DE8-LeaderElection88: begin an election at term 95 for -1: [05f59524-a4ea-4be4-b99d-fb9eed47142d:192.168.34.62:45919, 4b035f45-7941-40c3-ba2d-1cbecd2d369e:192.168.34.62:45443, 920a4478-64f4-4720-983c-9a2102f3c94b:192.168.34.62:38609], old=null
2019-10-17 07:38:26,981 [grpc-default-executor-5] INFO  impl.RaftServerImpl (RaftServerImpl.java:setRole(184)) - 4b035f45-7941-40c3-ba2d-1cbecd2d369e@group-9DC5606B5DE8: changes role from  FOLLOWER to FOLLOWER at term 95 for recognizeCandidate:05f59524-a4ea-4be4-b99d-fb9eed47142d
2019-10-17 07:38:26,981 [grpc-default-executor-6] INFO  impl.RaftServerImpl (RaftServerImpl.java:setRole(184)) - 920a4478-64f4-4720-983c-9a2102f3c94b@group-9DC5606B5DE8: changes role from  FOLLOWER to FOLLOWER at term 95 for recognizeCandidate:05f59524-a4ea-4be4-b99d-fb9eed47142d
2019-10-17 07:38:26,981 [grpc-default-executor-5] INFO  impl.RoleInfo (RoleInfo.java:shutdownFollowerState(121)) - 4b035f45-7941-40c3-ba2d-1cbecd2d369e: shutdown FollowerState
2019-10-17 07:38:26,982 [grpc-default-executor-6] INFO  impl.RoleInfo (RoleInfo.java:shutdownFollowerState(121)) - 920a4478-64f4-4720-983c-9a2102f3c94b: shutdown FollowerState
2019-10-17 07:38:26,982 [Thread-956] INFO  impl.FollowerState (FollowerState.java:run(117)) - 4b035f45-7941-40c3-ba2d-1cbecd2d369e@group-9DC5606B5DE8-FollowerState was interrupted: java.lang.InterruptedException: sleep interrupted
2019-10-17 07:38:26,982 [grpc-default-executor-5] INFO  impl.RoleInfo (RoleInfo.java:updateAndGet(143)) - 4b035f45-7941-40c3-ba2d-1cbecd2d369e: start FollowerState
2019-10-17 07:38:26,982 [Thread-957] INFO  impl.FollowerState (FollowerState.java:run(117)) - 920a4478-64f4-4720-983c-9a2102f3c94b@group-9DC5606B5DE8-FollowerState was interrupted: java.lang.InterruptedException: sleep interrupted
2019-10-17 07:38:26,982 [grpc-default-executor-6] INFO  impl.RoleInfo (RoleInfo.java:updateAndGet(143)) - 920a4478-64f4-4720-983c-9a2102f3c94b: start FollowerState
2019-10-17 07:38:27,023 [05f59524-a4ea-4be4-b99d-fb9eed47142d@group-9DC5606B5DE8-LeaderElection88] INFO  impl.LeaderElection (LeaderElection.java:logAndReturn(56)) - 05f59524-a4ea-4be4-b99d-fb9eed47142d@group-9DC5606B5DE8-LeaderElection88: Election TIMEOUT; received 0 response(s) [] and 0 exception(s); 05f59524-a4ea-4be4-b99d-fb9eed47142d@group-9DC5606B5DE8:t95, leader=null, voted=05f59524-a4ea-4be4-b99d-fb9eed47142d, raftlog=05f59524-a4ea-4be4-b99d-fb9eed47142d@group-9DC5606B5DE8-SegmentedRaftLog:OPENED:c-1,f-1,i0, conf=-1: [05f59524-a4ea-4be4-b99d-fb9eed47142d:192.168.34.62:45919, 4b035f45-7941-40c3-ba2d-1cbecd2d369e:192.168.34.62:45443, 920a4478-64f4-4720-983c-9a2102f3c94b:192.168.34.62:38609], old=null
2019-10-17 07:38:27,057 [05f59524-a4ea-4be4-b99d-fb9eed47142d@group-9DC5606B5DE8-LeaderElection88] INFO  impl.LeaderElection (LeaderElection.java:askForVotes(178)) - 05f59524-a4ea-4be4-b99d-fb9eed47142d@group-9DC5606B5DE8-LeaderElection88: begin an election at term 96 for -1: [05f59524-a4ea-4be4-b99d-fb9eed47142d:192.168.34.62:45919, 4b035f45-7941-40c3-ba2d-1cbecd2d369e:192.168.34.62:45443, 920a4478-64f4-4720-983c-9a2102f3c94b:192.168.34.62:38609], old=null
2019-10-17 07:38:27,060 [grpc-default-executor-6] INFO  impl.RaftServerImpl (RaftServerImpl.java:setRole(184)) - 920a4478-64f4-4720-983c-9a2102f3c94b@group-9DC5606B5DE8: changes role from  FOLLOWER to FOLLOWER at term 96 for recognizeCandidate:05f59524-a4ea-4be4-b99d-fb9eed47142d
2019-10-17 07:38:27,060 [grpc-default-executor-5] INFO  impl.RaftServerImpl (RaftServerImpl.java:setRole(184)) - 4b035f45-7941-40c3-ba2d-1cbecd2d369e@group-9DC5606B5DE8: changes role from  FOLLOWER to FOLLOWER at term 96 for recognizeCandidate:05f59524-a4ea-4be4-b99d-fb9eed47142d
2019-10-17 07:38:27,060 [grpc-default-executor-6] INFO  impl.RoleInfo (RoleInfo.java:shutdownFollowerState(121)) - 920a4478-64f4-4720-983c-9a2102f3c94b: shutdown FollowerState
2019-10-17 07:38:27,060 [grpc-default-executor-5] INFO  impl.RoleInfo (RoleInfo.java:shutdownFollowerState(121)) - 4b035f45-7941-40c3-ba2d-1cbecd2d369e: shutdown FollowerState
2019-10-17 07:38:27,060 [Thread-963] INFO  impl.FollowerState (FollowerState.java:run(117)) - 920a4478-64f4-4720-983c-9a2102f3c94b@group-9DC5606B5DE8-FollowerState was interrupted: java.lang.InterruptedException: sleep interrupted
2019-10-17 07:38:27,060 [grpc-default-executor-6] INFO  impl.RoleInfo (RoleInfo.java:updateAndGet(143)) - 920a4478-64f4-4720-983c-9a2102f3c94b: start FollowerState
2019-10-17 07:38:27,060 [Thread-962] INFO  impl.FollowerState (FollowerState.java:run(117)) - 4b035f45-7941-40c3-ba2d-1cbecd2d369e@group-9DC5606B5DE8-FollowerState was interrupted: java.lang.InterruptedException: sleep interrupted
2019-10-17 07:38:27,060 [grpc-default-executor-5] INFO  impl.RoleInfo (RoleInfo.java:updateAndGet(143)) - 4b035f45-7941-40c3-ba2d-1cbecd2d369e: start FollowerState
2019-10-17 07:38:27,099 [05f59524-a4ea-4be4-b99d-fb9eed47142d@group-9DC5606B5DE8-LeaderElection88] INFO  impl.LeaderElection (LeaderElection.java:logAndReturn(56)) - 05f59524-a4ea-4be4-b99d-fb9eed47142d@group-9DC5606B5DE8-LeaderElection88: Election REJECTED; received 2 response(s) [05f59524-a4ea-4be4-b99d-fb9eed47142d<-4b035f45-7941-40c3-ba2d-1cbecd2d369e#0:FAIL-t96, 05f59524-a4ea-4be4-b99d-fb9eed47142d<-920a4478-64f4-4720-983c-9a2102f3c94b#0:FAIL-t96] and 0 exception(s); 05f59524-a4ea-4be4-b99d-fb9eed47142d@group-9DC5606B5DE8:t96, leader=null, voted=05f59524-a4ea-4be4-b99d-fb9eed47142d, raftlog=05f59524-a4ea-4be4-b99d-fb9eed47142d@group-9DC5606B5DE8-SegmentedRaftLog:OPENED:c-1,f-1,i0, conf=-1: [05f59524-a4ea-4be4-b99d-fb9eed47142d:192.168.34.62:45919, 4b035f45-7941-40c3-ba2d-1cbecd2d369e:192.168.34.62:45443, 920a4478-64f4-4720-983c-9a2102f3c94b:192.168.34.62:38609], old=null
2019-10-17 07:38:27,100 [05f59524-a4ea-4be4-b99d-fb9eed47142d@group-9DC5606B5DE8-LeaderElection88] INFO  impl.RaftServerImpl (RaftServerImpl.java:setRole(184)) - 05f59524-a4ea-4be4-b99d-fb9eed47142d@group-9DC5606B5DE8: changes role from CANDIDATE to FOLLOWER at term 96 for DISCOVERED_A_NEW_TERM
2019-10-17 07:38:27,100 [05f59524-a4ea-4be4-b99d-fb9eed47142d@group-9DC5606B5DE8-LeaderElection88] INFO  impl.RoleInfo (RoleInfo.java:shutdownLeaderElection(134)) - 05f59524-a4ea-4be4-b99d-fb9eed47142d: shutdown LeaderElection
2019-10-17 07:38:27,100 [05f59524-a4ea-4be4-b99d-fb9eed47142d@group-9DC5606B5DE8-LeaderElection88] INFO  impl.RoleInfo (RoleInfo.java:updateAndGet(143)) - 05f59524-a4ea-4be4-b99d-fb9eed47142d: start FollowerState
2019-10-17 07:38:27,231 [Thread-968] INFO  impl.FollowerState (FollowerState.java:run(108)) - 05f59524-a4ea-4be4-b99d-fb9eed47142d@group-9DC5606B5DE8-FollowerState: change to CANDIDATE, lastRpcTime:131ms, electionTimeout:125ms
2019-10-17 07:38:27,231 [Thread-968] INFO  impl.RoleInfo (RoleInfo.java:shutdownFollowerState(121)) - 05f59524-a4ea-4be4-b99d-fb9eed47142d: shutdown FollowerState
2019-10-17 07:38:27,232 [Thread-968] INFO  impl.RaftServerImpl (RaftServerImpl.java:setRole(184)) - 05f59524-a4ea-4be4-b99d-fb9eed47142d@group-9DC5606B5DE8: changes role from  FOLLOWER to CANDIDATE at term 96 for changeToCandidate
2019-10-17 07:38:27,232 [Thread-968] INFO  impl.RoleInfo (RoleInfo.java:updateAndGet(143)) - 05f59524-a4ea-4be4-b99d-fb9eed47142d: start LeaderElection
2019-10-17 07:38:27,264 [05f59524-a4ea-4be4-b99d-fb9eed47142d@group-9DC5606B5DE8-LeaderElection89] INFO  impl.LeaderElection (LeaderElection.java:askForVotes(178)) - 05f59524-a4ea-4be4-b99d-fb9eed47142d@group-9DC5606B5DE8-LeaderElection89: begin an election at term 97 for -1: [05f59524-a4ea-4be4-b99d-fb9eed47142d:192.168.34.62:45919, 4b035f45-7941-40c3-ba2d-1cbecd2d369e:192.168.34.62:45443, 920a4478-64f4-4720-983c-9a2102f3c94b:192.168.34.62:38609], old=null
2019-10-17 07:38:27,266 [05f59524-a4ea-4be4-b99d-fb9eed47142d@group-9DC5606B5DE8-LeaderElection89] INFO  impl.LeaderElection (LeaderElection.java:logAndReturn(56)) - 05f59524-a4ea-4be4-b99d-fb9eed47142d@group-9DC5606B5DE8-LeaderElection89: Election TIMEOUT; received 0 response(s) [] and 0 exception(s); 05f59524-a4ea-4be4-b99d-fb9eed47142d@group-9DC5606B5DE8:t97, leader=null, voted=05f59524-a4ea-4be4-b99d-fb9eed47142d, raftlog=05f59524-a4ea-4be4-b99d-fb9eed47142d@group-9DC5606B5DE8-SegmentedRaftLog:OPENED:c-1,f-1,i0, conf=-1: [05f59524-a4ea-4be4-b99d-fb9eed47142d:192.168.34.62:45919, 4b035f45-7941-40c3-ba2d-1cbecd2d369e:192.168.34.62:45443, 920a4478-64f4-4720-983c-9a2102f3c94b:192.168.34.62:38609], old=null
2019-10-17 07:38:27,268 [grpc-default-executor-6] INFO  impl.RaftServerImpl (RaftServerImpl.java:setRole(184)) - 920a4478-64f4-4720-983c-9a2102f3c94b@group-9DC5606B5DE8: changes role from  FOLLOWER to FOLLOWER at term 97 for recognizeCandidate:05f59524-a4ea-4be4-b99d-fb9eed47142d
2019-10-17 07:38:27,268 [grpc-default-executor-5] INFO  impl.RaftServerImpl (RaftServerImpl.java:setRole(184)) - 4b035f45-7941-40c3-ba2d-1cbecd2d369e@group-9DC5606B5DE8: changes role from  FOLLOWER to FOLLOWER at term 97 for recognizeCandidate:05f59524-a4ea-4be4-b99d-fb9eed47142d
2019-10-17 07:38:27,268 [grpc-default-executor-6] INFO  impl.RoleInfo (RoleInfo.java:shutdownFollowerState(121)) - 920a4478-64f4-4720-983c-9a2102f3c94b: shutdown FollowerState
2019-10-17 07:38:27,268 [grpc-default-executor-5] INFO  impl.RoleInfo (RoleInfo.java:shutdownFollowerState(121)) - 4b035f45-7941-40c3-ba2d-1cbecd2d369e: shutdown FollowerState
2019-10-17 07:38:27,269 [Thread-966] INFO  impl.FollowerState (FollowerState.java:run(117)) - 920a4478-64f4-4720-983c-9a2102f3c94b@group-9DC5606B5DE8-FollowerState was interrupted: java.lang.InterruptedException: sleep interrupted
2019-10-17 07:38:27,269 [grpc-default-executor-6] INFO  impl.RoleInfo (RoleInfo.java:updateAndGet(143)) - 920a4478-64f4-4720-983c-9a2102f3c94b: start FollowerState
2019-10-17 07:38:27,269 [Thread-967] INFO  impl.FollowerState (FollowerState.java:run(117)) - 4b035f45-7941-40c3-ba2d-1cbecd2d369e@group-9DC5606B5DE8-FollowerState was interrupted: java.lang.InterruptedException: sleep interrupted
2019-10-17 07:38:27,269 [grpc-default-executor-5] INFO  impl.RoleInfo (RoleInfo.java:updateAndGet(143)) - 4b035f45-7941-40c3-ba2d-1cbecd2d369e: start FollowerState
2019-10-17 07:38:27,298 [05f59524-a4ea-4be4-b99d-fb9eed47142d@group-9DC5606B5DE8-LeaderElection89] INFO  impl.LeaderElection (LeaderElection.java:askForVotes(178)) - 05f59524-a4ea-4be4-b99d-fb9eed47142d@group-9DC5606B5DE8-LeaderElection89: begin an election at term 98 for -1: [05f59524-a4ea-4be4-b99d-fb9eed47142d:192.168.34.62:45919, 4b035f45-7941-40c3-ba2d-1cbecd2d369e:192.168.34.62:45443, 920a4478-64f4-4720-983c-9a2102f3c94b:192.168.34.62:38609], old=null
2019-10-17 07:38:27,300 [grpc-default-executor-5] INFO  impl.RaftServerImpl (RaftServerImpl.java:setRole(184)) - 4b035f45-7941-40c3-ba2d-1cbecd2d369e@group-9DC5606B5DE8: changes role from  FOLLOWER to FOLLOWER at term 98 for recognizeCandidate:05f59524-a4ea-4be4-b99d-fb9eed47142d
2019-10-17 07:38:27,301 [grpc-default-executor-5] INFO  impl.RoleInfo (RoleInfo.java:shutdownFollowerState(121)) - 4b035f45-7941-40c3-ba2d-1cbecd2d369e: shutdown FollowerState
2019-10-17 07:38:27,301 [grpc-default-executor-5] INFO  impl.RoleInfo (RoleInfo.java:updateAndGet(143)) - 4b035f45-7941-40c3-ba2d-1cbecd2d369e: start FollowerState
2019-10-17 07:38:27,301 [Thread-975] INFO  impl.FollowerState (FollowerState.java:run(117)) - 4b035f45-7941-40c3-ba2d-1cbecd2d369e@group-9DC5606B5DE8-FollowerState was interrupted: java.lang.InterruptedException: sleep interrupted
2019-10-17 07:38:27,301 [grpc-default-executor-6] INFO  impl.RaftServerImpl (RaftServerImpl.java:setRole(184)) - 920a4478-64f4-4720-983c-9a2102f3c94b@group-9DC5606B5DE8: changes role from  FOLLOWER to FOLLOWER at term 98 for recognizeCandidate:05f59524-a4ea-4be4-b99d-fb9eed47142d
2019-10-17 07:38:27,302 [grpc-default-executor-6] INFO  impl.RoleInfo (RoleInfo.java:shutdownFollowerState(121)) - 920a4478-64f4-4720-983c-9a2102f3c94b: shutdown FollowerState
2019-10-17 07:38:27,302 [grpc-default-executor-6] INFO  impl.RoleInfo (RoleInfo.java:updateAndGet(143)) - 920a4478-64f4-4720-983c-9a2102f3c94b: start FollowerState
2019-10-17 07:38:27,302 [Thread-974] INFO  impl.FollowerState (FollowerState.java:run(117)) - 920a4478-64f4-4720-983c-9a2102f3c94b@group-9DC5606B5DE8-FollowerState was interrupted: java.lang.InterruptedException: sleep interrupted
2019-10-17 07:38:27,306 [05f59524-a4ea-4be4-b99d-fb9eed47142d@group-9DC5606B5DE8-LeaderElection89] INFO  impl.LeaderElection (LeaderElection.java:logAndReturn(56)) - 05f59524-a4ea-4be4-b99d-fb9eed47142d@group-9DC5606B5DE8-LeaderElection89: Election TIMEOUT; received 0 response(s) [] and 0 exception(s); 05f59524-a4ea-4be4-b99d-fb9eed47142d@group-9DC5606B5DE8:t98, leader=null, voted=05f59524-a4ea-4be4-b99d-fb9eed47142d, raftlog=05f59524-a4ea-4be4-b99d-fb9eed47142d@group-9DC5606B5DE8-SegmentedRaftLog:OPENED:c-1,f-1,i0, conf=-1: [05f59524-a4ea-4be4-b99d-fb9eed47142d:192.168.34.62:45919, 4b035f45-7941-40c3-ba2d-1cbecd2d369e:192.168.34.62:45443, 920a4478-64f4-4720-983c-9a2102f3c94b:192.168.34.62:38609], old=null
2019-10-17 07:38:27,342 [05f59524-a4ea-4be4-b99d-fb9eed47142d@group-9DC5606B5DE8-LeaderElection89] INFO  impl.LeaderElection (LeaderElection.java:askForVotes(178)) - 05f59524-a4ea-4be4-b99d-fb9eed47142d@group-9DC5606B5DE8-LeaderElection89: begin an election at term 99 for -1: [05f59524-a4ea-4be4-b99d-fb9eed47142d:192.168.34.62:45919, 4b035f45-7941-40c3-ba2d-1cbecd2d369e:192.168.34.62:45443, 920a4478-64f4-4720-983c-9a2102f3c94b:192.168.34.62:38609], old=null
2019-10-17 07:38:27,344 [grpc-default-executor-6] INFO  impl.RaftServerImpl (RaftServerImpl.java:setRole(184)) - 4b035f45-7941-40c3-ba2d-1cbecd2d369e@group-9DC5606B5DE8: changes role from  FOLLOWER to FOLLOWER at term 99 for recognizeCandidate:05f59524-a4ea-4be4-b99d-fb9eed47142d
2019-10-17 07:38:27,344 [grpc-default-executor-6] INFO  impl.RoleInfo (RoleInfo.java:shutdownFollowerState(121)) - 4b035f45-7941-40c3-ba2d-1cbecd2d369e: shutdown FollowerState
2019-10-17 07:38:27,344 [grpc-default-executor-6] INFO  impl.RoleInfo (RoleInfo.java:updateAndGet(143)) - 4b035f45-7941-40c3-ba2d-1cbecd2d369e: start FollowerState
2019-10-17 07:38:27,344 [Thread-978] INFO  impl.FollowerState (FollowerState.java:run(117)) - 4b035f45-7941-40c3-ba2d-1cbecd2d369e@group-9DC5606B5DE8-FollowerState was interrupted: java.lang.InterruptedException: sleep interrupted
2019-10-17 07:38:27,345 [grpc-default-executor-5] INFO  impl.RaftServerImpl (RaftServerImpl.java:setRole(184)) - 920a4478-64f4-4720-983c-9a2102f3c94b@group-9DC5606B5DE8: changes role from  FOLLOWER to FOLLOWER at term 99 for recognizeCandidate:05f59524-a4ea-4be4-b99d-fb9eed47142d
2019-10-17 07:38:27,345 [grpc-default-executor-5] INFO  impl.RoleInfo (RoleInfo.java:shutdownFollowerState(121)) - 920a4478-64f4-4720-983c-9a2102f3c94b: shutdown FollowerState
2019-10-17 07:38:27,345 [grpc-default-executor-5] INFO  impl.RoleInfo (RoleInfo.java:updateAndGet(143)) - 920a4478-64f4-4720-983c-9a2102f3c94b: start FollowerState
2019-10-17 07:38:27,345 [Thread-979] INFO  impl.FollowerState (FollowerState.java:run(117)) - 920a4478-64f4-4720-983c-9a2102f3c94b@group-9DC5606B5DE8-FollowerState was interrupted: java.lang.InterruptedException: sleep interrupted
2019-10-17 07:38:27,372 [05f59524-a4ea-4be4-b99d-fb9eed47142d@group-9DC5606B5DE8-LeaderElection89] INFO  impl.LeaderElection (LeaderElection.java:logAndReturn(56)) - 05f59524-a4ea-4be4-b99d-fb9eed47142d@group-9DC5606B5DE8-LeaderElection89: Election REJECTED; received 2 response(s) [05f59524-a4ea-4be4-b99d-fb9eed47142d<-4b035f45-7941-40c3-ba2d-1cbecd2d369e#0:FAIL-t99, 05f59524-a4ea-4be4-b99d-fb9eed47142d<-920a4478-64f4-4720-983c-9a2102f3c94b#0:FAIL-t99] and 0 exception(s); 05f59524-a4ea-4be4-b99d-fb9eed47142d@group-9DC5606B5DE8:t99, leader=null, voted=05f59524-a4ea-4be4-b99d-fb9eed47142d, raftlog=05f59524-a4ea-4be4-b99d-fb9eed47142d@group-9DC5606B5DE8-SegmentedRaftLog:OPENED:c-1,f-1,i0, conf=-1: [05f59524-a4ea-4be4-b99d-fb9eed47142d:192.168.34.62:45919, 4b035f45-7941-40c3-ba2d-1cbecd2d369e:192.168.34.62:45443, 920a4478-64f4-4720-983c-9a2102f3c94b:192.168.34.62:38609], old=null
2019-10-17 07:38:27,373 [05f59524-a4ea-4be4-b99d-fb9eed47142d@group-9DC5606B5DE8-LeaderElection89] INFO  impl.RaftServerImpl (RaftServerImpl.java:setRole(184)) - 05f59524-a4ea-4be4-b99d-fb9eed47142d@group-9DC5606B5DE8: changes role from CANDIDATE to FOLLOWER at term 99 for DISCOVERED_A_NEW_TERM
2019-10-17 07:38:27,373 [05f59524-a4ea-4be4-b99d-fb9eed47142d@group-9DC5606B5DE8-LeaderElection89] INFO  impl.RoleInfo (RoleInfo.java:shutdownLeaderElection(134)) - 05f59524-a4ea-4be4-b99d-fb9eed47142d: shutdown LeaderElection
2019-10-17 07:38:27,373 [05f59524-a4ea-4be4-b99d-fb9eed47142d@group-9DC5606B5DE8-LeaderElection89] INFO  impl.RoleInfo (RoleInfo.java:updateAndGet(143)) - 05f59524-a4ea-4be4-b99d-fb9eed47142d: start FollowerState
2019-10-17 07:38:27,461 [Thread-984] INFO  impl.FollowerState (FollowerState.java:run(108)) - 05f59524-a4ea-4be4-b99d-fb9eed47142d@group-9DC5606B5DE8-FollowerState: change to CANDIDATE, lastRpcTime:88ms, electionTimeout:88ms
2019-10-17 07:38:27,462 [Thread-984] INFO  impl.RoleInfo (RoleInfo.java:shutdownFollowerState(121)) - 05f59524-a4ea-4be4-b99d-fb9eed47142d: shutdown FollowerState
2019-10-17 07:38:27,462 [Thread-984] INFO  impl.RaftServerImpl (RaftServerImpl.java:setRole(184)) - 05f59524-a4ea-4be4-b99d-fb9eed47142d@group-9DC5606B5DE8: changes role from  FOLLOWER to CANDIDATE at term 99 for changeToCandidate
2019-10-17 07:38:27,462 [Thread-984] INFO  impl.RoleInfo (RoleInfo.java:updateAndGet(143)) - 05f59524-a4ea-4be4-b99d-fb9eed47142d: start LeaderElection
2019-10-17 07:38:27,500 [05f59524-a4ea-4be4-b99d-fb9eed47142d@group-9DC5606B5DE8-LeaderElection90] INFO  impl.LeaderElection (LeaderElection.java:askForVotes(178)) - 05f59524-a4ea-4be4-b99d-fb9eed47142d@group-9DC5606B5DE8-LeaderElection90: begin an election at term 100 for -1: [05f59524-a4ea-4be4-b99d-fb9eed47142d:192.168.34.62:45919, 4b035f45-7941-40c3-ba2d-1cbecd2d369e:192.168.34.62:45443, 920a4478-64f4-4720-983c-9a2102f3c94b:192.168.34.62:38609], old=null
2019-10-17 07:38:27,503 [grpc-default-executor-5] INFO  impl.RaftServerImpl (RaftServerImpl.java:setRole(184)) - 4b035f45-7941-40c3-ba2d-1cbecd2d369e@group-9DC5606B5DE8: changes role from  FOLLOWER to FOLLOWER at term 100 for recognizeCandidate:05f59524-a4ea-4be4-b99d-fb9eed47142d
2019-10-17 07:38:27,503 [grpc-default-executor-6] INFO  impl.RaftServerImpl (RaftServerImpl.java:setRole(184)) - 920a4478-64f4-4720-983c-9a2102f3c94b@group-9DC5606B5DE8: changes role from  FOLLOWER to FOLLOWER at term 100 for recognizeCandidate:05f59524-a4ea-4be4-b99d-fb9eed47142d
2019-10-17 07:38:27,504 [grpc-default-executor-5] INFO  impl.RoleInfo (RoleInfo.java:shutdownFollowerState(121)) - 4b035f45-7941-40c3-ba2d-1cbecd2d369e: shutdown FollowerState
2019-10-17 07:38:27,504 [grpc-default-executor-6] INFO  impl.RoleInfo (RoleInfo.java:shutdownFollowerState(121)) - 920a4478-64f4-4720-983c-9a2102f3c94b: shutdown FollowerState
2019-10-17 07:38:27,504 [Thread-982] INFO  impl.FollowerState (FollowerState.java:run(117)) - 4b035f45-7941-40c3-ba2d-1cbecd2d369e@group-9DC5606B5DE8-FollowerState was interrupted: java.lang.InterruptedException: sleep interrupted
2019-10-17 07:38:27,504 [grpc-default-executor-5] INFO  impl.RoleInfo (RoleInfo.java:updateAndGet(143)) - 4b035f45-7941-40c3-ba2d-1cbecd2d369e: start FollowerState
2019-10-17 07:38:27,504 [Thread-983] INFO  impl.FollowerState (FollowerState.java:run(117)) - 920a4478-64f4-4720-983c-9a2102f3c94b@group-9DC5606B5DE8-FollowerState was interrupted: java.lang.InterruptedException: sleep interrupted
2019-10-17 07:38:27,504 [grpc-default-executor-6] INFO  impl.RoleInfo (RoleInfo.java:updateAndGet(143)) - 920a4478-64f4-4720-983c-9a2102f3c94b: start FollowerState
2019-10-17 07:38:27,531 [05f59524-a4ea-4be4-b99d-fb9eed47142d@group-9DC5606B5DE8-LeaderElection90] INFO  impl.LeaderElection (LeaderElection.java:logAndReturn(56)) - 05f59524-a4ea-4be4-b99d-fb9eed47142d@group-9DC5606B5DE8-LeaderElection90: Election REJECTED; received 2 response(s) [05f59524-a4ea-4be4-b99d-fb9eed47142d<-4b035f45-7941-40c3-ba2d-1cbecd2d369e#0:FAIL-t100, 05f59524-a4ea-4be4-b99d-fb9eed47142d<-920a4478-64f4-4720-983c-9a2102f3c94b#0:FAIL-t100] and 0 exception(s); 05f59524-a4ea-4be4-b99d-fb9eed47142d@group-9DC5606B5DE8:t100, leader=null, voted=05f59524-a4ea-4be4-b99d-fb9eed47142d, raftlog=05f59524-a4ea-4be4-b99d-fb9eed47142d@group-9DC5606B5DE8-SegmentedRaftLog:OPENED:c-1,f-1,i0, conf=-1: [05f59524-a4ea-4be4-b99d-fb9eed47142d:192.168.34.62:45919, 4b035f45-7941-40c3-ba2d-1cbecd2d369e:192.168.34.62:45443, 920a4478-64f4-4720-983c-9a2102f3c94b:192.168.34.62:38609], old=null
2019-10-17 07:38:27,532 [05f59524-a4ea-4be4-b99d-fb9eed47142d@group-9DC5606B5DE8-LeaderElection90] INFO  impl.RaftServerImpl (RaftServerImpl.java:setRole(184)) - 05f59524-a4ea-4be4-b99d-fb9eed47142d@group-9DC5606B5DE8: changes role from CANDIDATE to FOLLOWER at term 100 for DISCOVERED_A_NEW_TERM
2019-10-17 07:38:27,532 [05f59524-a4ea-4be4-b99d-fb9eed47142d@group-9DC5606B5DE8-LeaderElection90] INFO  impl.RoleInfo (RoleInfo.java:shutdownLeaderElection(134)) - 05f59524-a4ea-4be4-b99d-fb9eed47142d: shutdown LeaderElection
2019-10-17 07:38:27,532 [05f59524-a4ea-4be4-b99d-fb9eed47142d@group-9DC5606B5DE8-LeaderElection90] INFO  impl.RoleInfo (RoleInfo.java:updateAndGet(143)) - 05f59524-a4ea-4be4-b99d-fb9eed47142d: start FollowerState
2019-10-17 07:38:27,693 [Thread-990] INFO  impl.FollowerState (FollowerState.java:run(108)) - 05f59524-a4ea-4be4-b99d-fb9eed47142d@group-9DC5606B5DE8-FollowerState: change to CANDIDATE, lastRpcTime:161ms, electionTimeout:161ms
2019-10-17 07:38:27,694 [Thread-990] INFO  impl.RoleInfo (RoleInfo.java:shutdownFollowerState(121)) - 05f59524-a4ea-4be4-b99d-fb9eed47142d: shutdown FollowerState
2019-10-17 07:38:27,694 [Thread-990] INFO  impl.RaftServerImpl (RaftServerImpl.java:setRole(184)) - 05f59524-a4ea-4be4-b99d-fb9eed47142d@group-9DC5606B5DE8: changes role from  FOLLOWER to CANDIDATE at term 100 for changeToCandidate
2019-10-17 07:38:27,694 [Thread-990] INFO  impl.RoleInfo (RoleInfo.java:updateAndGet(143)) - 05f59524-a4ea-4be4-b99d-fb9eed47142d: start LeaderElection
2019-10-17 07:38:27,746 [05f59524-a4ea-4be4-b99d-fb9eed47142d@group-9DC5606B5DE8-LeaderElection91] INFO  impl.LeaderElection (LeaderElection.java:askForVotes(178)) - 05f59524-a4ea-4be4-b99d-fb9eed47142d@group-9DC5606B5DE8-LeaderElection91: begin an election at term 101 for -1: [05f59524-a4ea-4be4-b99d-fb9eed47142d:192.168.34.62:45919, 4b035f45-7941-40c3-ba2d-1cbecd2d369e:192.168.34.62:45443, 920a4478-64f4-4720-983c-9a2102f3c94b:192.168.34.62:38609], old=null
2019-10-17 07:38:27,749 [grpc-default-executor-6] INFO  impl.RaftServerImpl (RaftServerImpl.java:setRole(184)) - 4b035f45-7941-40c3-ba2d-1cbecd2d369e@group-9DC5606B5DE8: changes role from  FOLLOWER to FOLLOWER at term 101 for recognizeCandidate:05f59524-a4ea-4be4-b99d-fb9eed47142d
2019-10-17 07:38:27,749 [grpc-default-executor-5] INFO  impl.RaftServerImpl (RaftServerImpl.java:setRole(184)) - 920a4478-64f4-4720-983c-9a2102f3c94b@group-9DC5606B5DE8: changes role from  FOLLOWER to FOLLOWER at term 101 for recognizeCandidate:05f59524-a4ea-4be4-b99d-fb9eed47142d
2019-10-17 07:38:27,749 [grpc-default-executor-6] INFO  impl.RoleInfo (RoleInfo.java:shutdownFollowerState(121)) - 4b035f45-7941-40c3-ba2d-1cbecd2d369e: shutdown FollowerState
2019-10-17 07:38:27,750 [grpc-default-executor-5] INFO  impl.RoleInfo (RoleInfo.java:shutdownFollowerState(121)) - 920a4478-64f4-4720-983c-9a2102f3c94b: shutdown FollowerState
2019-10-17 07:38:27,750 [grpc-default-executor-6] INFO  impl.RoleInfo (RoleInfo.java:updateAndGet(143)) - 4b035f45-7941-40c3-ba2d-1cbecd2d369e: start FollowerState
2019-10-17 07:38:27,750 [Thread-988] INFO  impl.FollowerState (FollowerState.java:run(117)) - 4b035f45-7941-40c3-ba2d-1cbecd2d369e@group-9DC5606B5DE8-FollowerState was interrupted: java.lang.InterruptedException: sleep interrupted
2019-10-17 07:38:27,750 [Thread-989] INFO  impl.FollowerState (FollowerState.java:run(117)) - 920a4478-64f4-4720-983c-9a2102f3c94b@group-9DC5606B5DE8-FollowerState was interrupted: java.lang.InterruptedException: sleep interrupted
2019-10-17 07:38:27,750 [grpc-default-executor-5] INFO  impl.RoleInfo (RoleInfo.java:updateAndGet(143)) - 920a4478-64f4-4720-983c-9a2102f3c94b: start FollowerState
2019-10-17 07:38:27,779 [05f59524-a4ea-4be4-b99d-fb9eed47142d@group-9DC5606B5DE8-LeaderElection91] INFO  impl.LeaderElection (LeaderElection.java:logAndReturn(56)) - 05f59524-a4ea-4be4-b99d-fb9eed47142d@group-9DC5606B5DE8-LeaderElection91: Election REJECTED; received 2 response(s) [05f59524-a4ea-4be4-b99d-fb9eed47142d<-4b035f45-7941-40c3-ba2d-1cbecd2d369e#0:FAIL-t101, 05f59524-a4ea-4be4-b99d-fb9eed47142d<-920a4478-64f4-4720-983c-9a2102f3c94b#0:FAIL-t101] and 0 exception(s); 05f59524-a4ea-4be4-b99d-fb9eed47142d@group-9DC5606B5DE8:t101, leader=null, voted=05f59524-a4ea-4be4-b99d-fb9eed47142d, raftlog=05f59524-a4ea-4be4-b99d-fb9eed47142d@group-9DC5606B5DE8-SegmentedRaftLog:OPENED:c-1,f-1,i0, conf=-1: [05f59524-a4ea-4be4-b99d-fb9eed47142d:192.168.34.62:45919, 4b035f45-7941-40c3-ba2d-1cbecd2d369e:192.168.34.62:45443, 920a4478-64f4-4720-983c-9a2102f3c94b:192.168.34.62:38609], old=null
2019-10-17 07:38:27,780 [05f59524-a4ea-4be4-b99d-fb9eed47142d@group-9DC5606B5DE8-LeaderElection91] INFO  impl.RaftServerImpl (RaftServerImpl.java:setRole(184)) - 05f59524-a4ea-4be4-b99d-fb9eed47142d@group-9DC5606B5DE8: changes role from CANDIDATE to FOLLOWER at term 101 for DISCOVERED_A_NEW_TERM
2019-10-17 07:38:27,780 [05f59524-a4ea-4be4-b99d-fb9eed47142d@group-9DC5606B5DE8-LeaderElection91] INFO  impl.RoleInfo (RoleInfo.java:shutdownLeaderElection(134)) - 05f59524-a4ea-4be4-b99d-fb9eed47142d: shutdown LeaderElection
2019-10-17 07:38:27,780 [05f59524-a4ea-4be4-b99d-fb9eed47142d@group-9DC5606B5DE8-LeaderElection91] INFO  impl.RoleInfo (RoleInfo.java:updateAndGet(143)) - 05f59524-a4ea-4be4-b99d-fb9eed47142d: start FollowerState
2019-10-17 07:38:27,891 [Thread-996] INFO  impl.FollowerState (FollowerState.java:run(108)) - 05f59524-a4ea-4be4-b99d-fb9eed47142d@group-9DC5606B5DE8-FollowerState: change to CANDIDATE, lastRpcTime:110ms, electionTimeout:110ms
2019-10-17 07:38:27,891 [Thread-996] INFO  impl.RoleInfo (RoleInfo.java:shutdownFollowerState(121)) - 05f59524-a4ea-4be4-b99d-fb9eed47142d: shutdown FollowerState
2019-10-17 07:38:27,891 [Thread-996] INFO  impl.RaftServerImpl (RaftServerImpl.java:setRole(184)) - 05f59524-a4ea-4be4-b99d-fb9eed47142d@group-9DC5606B5DE8: changes role from  FOLLOWER to CANDIDATE at term 101 for changeToCandidate
2019-10-17 07:38:27,892 [Thread-996] INFO  impl.RoleInfo (RoleInfo.java:updateAndGet(143)) - 05f59524-a4ea-4be4-b99d-fb9eed47142d: start LeaderElection
2019-10-17 07:38:27,926 [05f59524-a4ea-4be4-b99d-fb9eed47142d@group-9DC5606B5DE8-LeaderElection92] INFO  impl.LeaderElection (LeaderElection.java:askForVotes(178)) - 05f59524-a4ea-4be4-b99d-fb9eed47142d@group-9DC5606B5DE8-LeaderElection92: begin an election at term 102 for -1: [05f59524-a4ea-4be4-b99d-fb9eed47142d:192.168.34.62:45919, 4b035f45-7941-40c3-ba2d-1cbecd2d369e:192.168.34.62:45443, 920a4478-64f4-4720-983c-9a2102f3c94b:192.168.34.62:38609], old=null
2019-10-17 07:38:27,930 [grpc-default-executor-5] INFO  impl.RaftServerImpl (RaftServerImpl.java:setRole(184)) - 920a4478-64f4-4720-983c-9a2102f3c94b@group-9DC5606B5DE8: changes role from  FOLLOWER to FOLLOWER at term 102 for recognizeCandidate:05f59524-a4ea-4be4-b99d-fb9eed47142d
2019-10-17 07:38:27,930 [grpc-default-executor-6] INFO  impl.RaftServerImpl (RaftServerImpl.java:setRole(184)) - 4b035f45-7941-40c3-ba2d-1cbecd2d369e@group-9DC5606B5DE8: changes role from  FOLLOWER to FOLLOWER at term 102 for recognizeCandidate:05f59524-a4ea-4be4-b99d-fb9eed47142d
2019-10-17 07:38:27,930 [grpc-default-executor-5] INFO  impl.RoleInfo (RoleInfo.java:shutdownFollowerState(121)) - 920a4478-64f4-4720-983c-9a2102f3c94b: shutdown FollowerState
2019-10-17 07:38:27,930 [grpc-default-executor-6] INFO  impl.RoleInfo (RoleInfo.java:shutdownFollowerState(121)) - 4b035f45-7941-40c3-ba2d-1cbecd2d369e: shutdown FollowerState
2019-10-17 07:38:27,930 [Thread-995] INFO  impl.FollowerState (FollowerState.java:run(117)) - 920a4478-64f4-4720-983c-9a2102f3c94b@group-9DC5606B5DE8-FollowerState was interrupted: java.lang.InterruptedException: sleep interrupted
2019-10-17 07:38:27,931 [Thread-994] INFO  impl.FollowerState (FollowerState.java:run(117)) - 4b035f45-7941-40c3-ba2d-1cbecd2d369e@group-9DC5606B5DE8-FollowerState was interrupted: java.lang.InterruptedException: sleep interrupted
2019-10-17 07:38:27,930 [grpc-default-executor-5] INFO  impl.RoleInfo (RoleInfo.java:updateAndGet(143)) - 920a4478-64f4-4720-983c-9a2102f3c94b: start FollowerState
2019-10-17 07:38:27,931 [grpc-default-executor-6] INFO  impl.RoleInfo (RoleInfo.java:updateAndGet(143)) - 4b035f45-7941-40c3-ba2d-1cbecd2d369e: start FollowerState
2019-10-17 07:38:27,958 [05f59524-a4ea-4be4-b99d-fb9eed47142d@group-9DC5606B5DE8-LeaderElection92] INFO  impl.LeaderElection (LeaderElection.java:logAndReturn(56)) - 05f59524-a4ea-4be4-b99d-fb9eed47142d@group-9DC5606B5DE8-LeaderElection92: Election REJECTED; received 2 response(s) [05f59524-a4ea-4be4-b99d-fb9eed47142d<-4b035f45-7941-40c3-ba2d-1cbecd2d369e#0:FAIL-t102, 05f59524-a4ea-4be4-b99d-fb9eed47142d<-920a4478-64f4-4720-983c-9a2102f3c94b#0:FAIL-t102] and 0 exception(s); 05f59524-a4ea-4be4-b99d-fb9eed47142d@group-9DC5606B5DE8:t102, leader=null, voted=05f59524-a4ea-4be4-b99d-fb9eed47142d, raftlog=05f59524-a4ea-4be4-b99d-fb9eed47142d@group-9DC5606B5DE8-SegmentedRaftLog:OPENED:c-1,f-1,i0, conf=-1: [05f59524-a4ea-4be4-b99d-fb9eed47142d:192.168.34.62:45919, 4b035f45-7941-40c3-ba2d-1cbecd2d369e:192.168.34.62:45443, 920a4478-64f4-4720-983c-9a2102f3c94b:192.168.34.62:38609], old=null
2019-10-17 07:38:27,958 [05f59524-a4ea-4be4-b99d-fb9eed47142d@group-9DC5606B5DE8-LeaderElection92] INFO  impl.RaftServerImpl (RaftServerImpl.java:setRole(184)) - 05f59524-a4ea-4be4-b99d-fb9eed47142d@group-9DC5606B5DE8: changes role from CANDIDATE to FOLLOWER at term 102 for DISCOVERED_A_NEW_TERM
2019-10-17 07:38:27,958 [05f59524-a4ea-4be4-b99d-fb9eed47142d@group-9DC5606B5DE8-LeaderElection92] INFO  impl.RoleInfo (RoleInfo.java:shutdownLeaderElection(134)) - 05f59524-a4ea-4be4-b99d-fb9eed47142d: shutdown LeaderElection
2019-10-17 07:38:27,958 [05f59524-a4ea-4be4-b99d-fb9eed47142d@group-9DC5606B5DE8-LeaderElection92] INFO  impl.RoleInfo (RoleInfo.java:updateAndGet(143)) - 05f59524-a4ea-4be4-b99d-fb9eed47142d: start FollowerState
2019-10-17 07:38:27,968 [Thread-1002] INFO  impl.FollowerState (FollowerState.java:run(108)) - 05f59524-a4ea-4be4-b99d-fb9eed47142d@group-9DC5606B5DE8-FollowerState: change to CANDIDATE, lastRpcTime:9ms, electionTimeout:9ms
2019-10-17 07:38:27,968 [Thread-1002] INFO  impl.RoleInfo (RoleInfo.java:shutdownFollowerState(121)) - 05f59524-a4ea-4be4-b99d-fb9eed47142d: shutdown FollowerState
2019-10-17 07:38:27,968 [Thread-1002] INFO  impl.RaftServerImpl (RaftServerImpl.java:setRole(184)) - 05f59524-a4ea-4be4-b99d-fb9eed47142d@group-9DC5606B5DE8: changes role from  FOLLOWER to CANDIDATE at term 102 for changeToCandidate
2019-10-17 07:38:27,968 [Thread-1002] INFO  impl.RoleInfo (RoleInfo.java:updateAndGet(143)) - 05f59524-a4ea-4be4-b99d-fb9eed47142d: start LeaderElection
2019-10-17 07:38:28,001 [05f59524-a4ea-4be4-b99d-fb9eed47142d@group-9DC5606B5DE8-LeaderElection93] INFO  impl.LeaderElection (LeaderElection.java:askForVotes(178)) - 05f59524-a4ea-4be4-b99d-fb9eed47142d@group-9DC5606B5DE8-LeaderElection93: begin an election at term 103 for -1: [05f59524-a4ea-4be4-b99d-fb9eed47142d:192.168.34.62:45919, 4b035f45-7941-40c3-ba2d-1cbecd2d369e:192.168.34.62:45443, 920a4478-64f4-4720-983c-9a2102f3c94b:192.168.34.62:38609], old=null
2019-10-17 07:38:28,004 [grpc-default-executor-5] INFO  impl.RaftServerImpl (RaftServerImpl.java:setRole(184)) - 4b035f45-7941-40c3-ba2d-1cbecd2d369e@group-9DC5606B5DE8: changes role from  FOLLOWER to FOLLOWER at term 103 for recognizeCandidate:05f59524-a4ea-4be4-b99d-fb9eed47142d
2019-10-17 07:38:28,004 [grpc-default-executor-6] INFO  impl.RaftServerImpl (RaftServerImpl.java:setRole(184)) - 920a4478-64f4-4720-983c-9a2102f3c94b@group-9DC5606B5DE8: changes role from  FOLLOWER to FOLLOWER at term 103 for recognizeCandidate:05f59524-a4ea-4be4-b99d-fb9eed47142d
2019-10-17 07:38:28,004 [grpc-default-executor-5] INFO  impl.RoleInfo (RoleInfo.java:shutdownFollowerState(121)) - 4b035f45-7941-40c3-ba2d-1cbecd2d369e: shutdown FollowerState
2019-10-17 07:38:28,004 [grpc-default-executor-6] INFO  impl.RoleInfo (RoleInfo.java:shutdownFollowerState(121)) - 920a4478-64f4-4720-983c-9a2102f3c94b: shutdown FollowerState
2019-10-17 07:38:28,004 [Thread-1001] INFO  impl.FollowerState (FollowerState.java:run(117)) - 4b035f45-7941-40c3-ba2d-1cbecd2d369e@group-9DC5606B5DE8-FollowerState was interrupted: java.lang.InterruptedException: sleep interrupted
2019-10-17 07:38:28,005 [Thread-1000] INFO  impl.FollowerState (FollowerState.java:run(117)) - 920a4478-64f4-4720-983c-9a2102f3c94b@group-9DC5606B5DE8-FollowerState was interrupted: java.lang.InterruptedException: sleep interrupted
2019-10-17 07:38:28,004 [grpc-default-executor-5] INFO  impl.RoleInfo (RoleInfo.java:updateAndGet(143)) - 4b035f45-7941-40c3-ba2d-1cbecd2d369e: start FollowerState
2019-10-17 07:38:28,004 [grpc-default-executor-6] INFO  impl.RoleInfo (RoleInfo.java:updateAndGet(143)) - 920a4478-64f4-4720-983c-9a2102f3c94b: start FollowerState
2019-10-17 07:38:28,042 [05f59524-a4ea-4be4-b99d-fb9eed47142d@group-9DC5606B5DE8-LeaderElection93] INFO  impl.LeaderElection (LeaderElection.java:logAndReturn(56)) - 05f59524-a4ea-4be4-b99d-fb9eed47142d@group-9DC5606B5DE8-LeaderElection93: Election REJECTED; received 2 response(s) [05f59524-a4ea-4be4-b99d-fb9eed47142d<-4b035f45-7941-40c3-ba2d-1cbecd2d369e#0:FAIL-t103, 05f59524-a4ea-4be4-b99d-fb9eed47142d<-920a4478-64f4-4720-983c-9a2102f3c94b#0:FAIL-t103] and 0 exception(s); 05f59524-a4ea-4be4-b99d-fb9eed47142d@group-9DC5606B5DE8:t103, leader=null, voted=05f59524-a4ea-4be4-b99d-fb9eed47142d, raftlog=05f59524-a4ea-4be4-b99d-fb9eed47142d@group-9DC5606B5DE8-SegmentedRaftLog:OPENED:c-1,f-1,i0, conf=-1: [05f59524-a4ea-4be4-b99d-fb9eed47142d:192.168.34.62:45919, 4b035f45-7941-40c3-ba2d-1cbecd2d369e:192.168.34.62:45443, 920a4478-64f4-4720-983c-9a2102f3c94b:192.168.34.62:38609], old=null
2019-10-17 07:38:28,042 [05f59524-a4ea-4be4-b99d-fb9eed47142d@group-9DC5606B5DE8-LeaderElection93] INFO  impl.RaftServerImpl (RaftServerImpl.java:setRole(184)) - 05f59524-a4ea-4be4-b99d-fb9eed47142d@group-9DC5606B5DE8: changes role from CANDIDATE to FOLLOWER at term 103 for DISCOVERED_A_NEW_TERM
2019-10-17 07:38:28,043 [05f59524-a4ea-4be4-b99d-fb9eed47142d@group-9DC5606B5DE8-LeaderElection93] INFO  impl.RoleInfo (RoleInfo.java:shutdownLeaderElection(134)) - 05f59524-a4ea-4be4-b99d-fb9eed47142d: shutdown LeaderElection
2019-10-17 07:38:28,061 [05f59524-a4ea-4be4-b99d-fb9eed47142d@group-9DC5606B5DE8-LeaderElection93] INFO  impl.RoleInfo (RoleInfo.java:updateAndGet(143)) - 05f59524-a4ea-4be4-b99d-fb9eed47142d: start FollowerState
2019-10-17 07:38:28,230 [Thread-1008] INFO  impl.FollowerState (FollowerState.java:run(108)) - 05f59524-a4ea-4be4-b99d-fb9eed47142d@group-9DC5606B5DE8-FollowerState: change to CANDIDATE, lastRpcTime:169ms, electionTimeout:168ms
2019-10-17 07:38:28,230 [Thread-1008] INFO  impl.RoleInfo (RoleInfo.java:shutdownFollowerState(121)) - 05f59524-a4ea-4be4-b99d-fb9eed47142d: shutdown FollowerState
2019-10-17 07:38:28,230 [Thread-1008] INFO  impl.RaftServerImpl (RaftServerImpl.java:setRole(184)) - 05f59524-a4ea-4be4-b99d-fb9eed47142d@group-9DC5606B5DE8: changes role from  FOLLOWER to CANDIDATE at term 103 for changeToCandidate
2019-10-17 07:38:28,230 [Thread-1008] INFO  impl.RoleInfo (RoleInfo.java:updateAndGet(143)) - 05f59524-a4ea-4be4-b99d-fb9eed47142d: start LeaderElection
2019-10-17 07:38:28,270 [05f59524-a4ea-4be4-b99d-fb9eed47142d@group-9DC5606B5DE8-LeaderElection94] INFO  impl.LeaderElection (LeaderElection.java:askForVotes(178)) - 05f59524-a4ea-4be4-b99d-fb9eed47142d@group-9DC5606B5DE8-LeaderElection94: begin an election at term 104 for -1: [05f59524-a4ea-4be4-b99d-fb9eed47142d:192.168.34.62:45919, 4b035f45-7941-40c3-ba2d-1cbecd2d369e:192.168.34.62:45443, 920a4478-64f4-4720-983c-9a2102f3c94b:192.168.34.62:38609], old=null
2019-10-17 07:38:28,273 [grpc-default-executor-5] INFO  impl.RaftServerImpl (RaftServerImpl.java:setRole(184)) - 4b035f45-7941-40c3-ba2d-1cbecd2d369e@group-9DC5606B5DE8: changes role from  FOLLOWER to FOLLOWER at term 104 for recognizeCandidate:05f59524-a4ea-4be4-b99d-fb9eed47142d
2019-10-17 07:38:28,273 [grpc-default-executor-6] INFO  impl.RaftServerImpl (RaftServerImpl.java:setRole(184)) - 920a4478-64f4-4720-983c-9a2102f3c94b@group-9DC5606B5DE8: changes role from  FOLLOWER to FOLLOWER at term 104 for recognizeCandidate:05f59524-a4ea-4be4-b99d-fb9eed47142d
2019-10-17 07:38:28,273 [grpc-default-executor-5] INFO  impl.RoleInfo (RoleInfo.java:shutdownFollowerState(121)) - 4b035f45-7941-40c3-ba2d-1cbecd2d369e: shutdown FollowerState
2019-10-17 07:38:28,274 [grpc-default-executor-6] INFO  impl.RoleInfo (RoleInfo.java:shutdownFollowerState(121)) - 920a4478-64f4-4720-983c-9a2102f3c94b: shutdown FollowerState
2019-10-17 07:38:28,274 [Thread-1006] INFO  impl.FollowerState (FollowerState.java:run(117)) - 4b035f45-7941-40c3-ba2d-1cbecd2d369e@group-9DC5606B5DE8-FollowerState was interrupted: java.lang.InterruptedException: sleep interrupted
2019-10-17 07:38:28,274 [grpc-default-executor-5] INFO  impl.RoleInfo (RoleInfo.java:updateAndGet(143)) - 4b035f45-7941-40c3-ba2d-1cbecd2d369e: start FollowerState
2019-10-17 07:38:28,274 [Thread-1007] INFO  impl.FollowerState (FollowerState.java:run(117)) - 920a4478-64f4-4720-983c-9a2102f3c94b@group-9DC5606B5DE8-FollowerState was interrupted: java.lang.InterruptedException: sleep interrupted
2019-10-17 07:38:28,274 [grpc-default-executor-6] INFO  impl.RoleInfo (RoleInfo.java:updateAndGet(143)) - 920a4478-64f4-4720-983c-9a2102f3c94b: start FollowerState
2019-10-17 07:38:28,304 [05f59524-a4ea-4be4-b99d-fb9eed47142d@group-9DC5606B5DE8-LeaderElection94] INFO  impl.LeaderElection (LeaderElection.java:logAndReturn(56)) - 05f59524-a4ea-4be4-b99d-fb9eed47142d@group-9DC5606B5DE8-LeaderElection94: Election REJECTED; received 2 response(s) [05f59524-a4ea-4be4-b99d-fb9eed47142d<-4b035f45-7941-40c3-ba2d-1cbecd2d369e#0:FAIL-t104, 05f59524-a4ea-4be4-b99d-fb9eed47142d<-920a4478-64f4-4720-983c-9a2102f3c94b#0:FAIL-t104] and 0 exception(s); 05f59524-a4ea-4be4-b99d-fb9eed47142d@group-9DC5606B5DE8:t104, leader=null, voted=05f59524-a4ea-4be4-b99d-fb9eed47142d, raftlog=05f59524-a4ea-4be4-b99d-fb9eed47142d@group-9DC5606B5DE8-SegmentedRaftLog:OPENED:c-1,f-1,i0, conf=-1: [05f59524-a4ea-4be4-b99d-fb9eed47142d:192.168.34.62:45919, 4b035f45-7941-40c3-ba2d-1cbecd2d369e:192.168.34.62:45443, 920a4478-64f4-4720-983c-9a2102f3c94b:192.168.34.62:38609], old=null
2019-10-17 07:38:28,305 [05f59524-a4ea-4be4-b99d-fb9eed47142d@group-9DC5606B5DE8-LeaderElection94] INFO  impl.RaftServerImpl (RaftServerImpl.java:setRole(184)) - 05f59524-a4ea-4be4-b99d-fb9eed47142d@group-9DC5606B5DE8: changes role from CANDIDATE to FOLLOWER at term 104 for DISCOVERED_A_NEW_TERM
2019-10-17 07:38:28,305 [05f59524-a4ea-4be4-b99d-fb9eed47142d@group-9DC5606B5DE8-LeaderElection94] INFO  impl.RoleInfo (RoleInfo.java:shutdownLeaderElection(134)) - 05f59524-a4ea-4be4-b99d-fb9eed47142d: shutdown LeaderElection
2019-10-17 07:38:28,305 [05f59524-a4ea-4be4-b99d-fb9eed47142d@group-9DC5606B5DE8-LeaderElection94] INFO  impl.RoleInfo (RoleInfo.java:updateAndGet(143)) - 05f59524-a4ea-4be4-b99d-fb9eed47142d: start FollowerState
2019-10-17 07:38:28,453 [Thread-1014] INFO  impl.FollowerState (FollowerState.java:run(108)) - 05f59524-a4ea-4be4-b99d-fb9eed47142d@group-9DC5606B5DE8-FollowerState: change to CANDIDATE, lastRpcTime:147ms, electionTimeout:147ms
2019-10-17 07:38:28,453 [Thread-1014] INFO  impl.RoleInfo (RoleInfo.java:shutdownFollowerState(121)) - 05f59524-a4ea-4be4-b99d-fb9eed47142d: shutdown FollowerState
2019-10-17 07:38:28,453 [Thread-1014] INFO  impl.RaftServerImpl (RaftServerImpl.java:setRole(184)) - 05f59524-a4ea-4be4-b99d-fb9eed47142d@group-9DC5606B5DE8: changes role from  FOLLOWER to CANDIDATE at term 104 for changeToCandidate
2019-10-17 07:38:28,453 [Thread-1014] INFO  impl.RoleInfo (RoleInfo.java:updateAndGet(143)) - 05f59524-a4ea-4be4-b99d-fb9eed47142d: start LeaderElection
2019-10-17 07:38:28,523 [05f59524-a4ea-4be4-b99d-fb9eed47142d@group-9DC5606B5DE8-LeaderElection95] INFO  impl.LeaderElection (LeaderElection.java:askForVotes(178)) - 05f59524-a4ea-4be4-b99d-fb9eed47142d@group-9DC5606B5DE8-LeaderElection95: begin an election at term 105 for -1: [05f59524-a4ea-4be4-b99d-fb9eed47142d:192.168.34.62:45919, 4b035f45-7941-40c3-ba2d-1cbecd2d369e:192.168.34.62:45443, 920a4478-64f4-4720-983c-9a2102f3c94b:192.168.34.62:38609], old=null
2019-10-17 07:38:28,526 [grpc-default-executor-5] INFO  impl.RaftServerImpl (RaftServerImpl.java:setRole(184)) - 4b035f45-7941-40c3-ba2d-1cbecd2d369e@group-9DC5606B5DE8: changes role from  FOLLOWER to FOLLOWER at term 105 for recognizeCandidate:05f59524-a4ea-4be4-b99d-fb9eed47142d
2019-10-17 07:38:28,526 [grpc-default-executor-6] INFO  impl.RaftServerImpl (RaftServerImpl.java:setRole(184)) - 920a4478-64f4-4720-983c-9a2102f3c94b@group-9DC5606B5DE8: changes role from  FOLLOWER to FOLLOWER at term 105 for recognizeCandidate:05f59524-a4ea-4be4-b99d-fb9eed47142d
2019-10-17 07:38:28,526 [grpc-default-executor-5] INFO  impl.RoleInfo (RoleInfo.java:shutdownFollowerState(121)) - 4b035f45-7941-40c3-ba2d-1cbecd2d369e: shutdown FollowerState
2019-10-17 07:38:28,527 [grpc-default-executor-6] INFO  impl.RoleInfo (RoleInfo.java:shutdownFollowerState(121)) - 920a4478-64f4-4720-983c-9a2102f3c94b: shutdown FollowerState
2019-10-17 07:38:28,527 [Thread-1012] INFO  impl.FollowerState (FollowerState.java:run(117)) - 4b035f45-7941-40c3-ba2d-1cbecd2d369e@group-9DC5606B5DE8-FollowerState was interrupted: java.lang.InterruptedException: sleep interrupted
2019-10-17 07:38:28,527 [grpc-default-executor-5] INFO  impl.RoleInfo (RoleInfo.java:updateAndGet(143)) - 4b035f45-7941-40c3-ba2d-1cbecd2d369e: start FollowerState
2019-10-17 07:38:28,527 [Thread-1013] INFO  impl.FollowerState (FollowerState.java:run(117)) - 920a4478-64f4-4720-983c-9a2102f3c94b@group-9DC5606B5DE8-FollowerState was interrupted: java.lang.InterruptedException: sleep interrupted
2019-10-17 07:38:28,527 [grpc-default-executor-6] INFO  impl.RoleInfo (RoleInfo.java:updateAndGet(143)) - 920a4478-64f4-4720-983c-9a2102f3c94b: start FollowerState
2019-10-17 07:38:28,567 [05f59524-a4ea-4be4-b99d-fb9eed47142d@group-9DC5606B5DE8-LeaderElection95] INFO  impl.LeaderElection (LeaderElection.java:logAndReturn(56)) - 05f59524-a4ea-4be4-b99d-fb9eed47142d@group-9DC5606B5DE8-LeaderElection95: Election REJECTED; received 2 response(s) [05f59524-a4ea-4be4-b99d-fb9eed47142d<-4b035f45-7941-40c3-ba2d-1cbecd2d369e#0:FAIL-t105, 05f59524-a4ea-4be4-b99d-fb9eed47142d<-920a4478-64f4-4720-983c-9a2102f3c94b#0:FAIL-t105] and 0 exception(s); 05f59524-a4ea-4be4-b99d-fb9eed47142d@group-9DC5606B5DE8:t105, leader=null, voted=05f59524-a4ea-4be4-b99d-fb9eed47142d, raftlog=05f59524-a4ea-4be4-b99d-fb9eed47142d@group-9DC5606B5DE8-SegmentedRaftLog:OPENED:c-1,f-1,i0, conf=-1: [05f59524-a4ea-4be4-b99d-fb9eed47142d:192.168.34.62:45919, 4b035f45-7941-40c3-ba2d-1cbecd2d369e:192.168.34.62:45443, 920a4478-64f4-4720-983c-9a2102f3c94b:192.168.34.62:38609], old=null
2019-10-17 07:38:28,567 [05f59524-a4ea-4be4-b99d-fb9eed47142d@group-9DC5606B5DE8-LeaderElection95] INFO  impl.RaftServerImpl (RaftServerImpl.java:setRole(184)) - 05f59524-a4ea-4be4-b99d-fb9eed47142d@group-9DC5606B5DE8: changes role from CANDIDATE to FOLLOWER at term 105 for DISCOVERED_A_NEW_TERM
2019-10-17 07:38:28,567 [05f59524-a4ea-4be4-b99d-fb9eed47142d@group-9DC5606B5DE8-LeaderElection95] INFO  impl.RoleInfo (RoleInfo.java:shutdownLeaderElection(134)) - 05f59524-a4ea-4be4-b99d-fb9eed47142d: shutdown LeaderElection
2019-10-17 07:38:28,568 [05f59524-a4ea-4be4-b99d-fb9eed47142d@group-9DC5606B5DE8-LeaderElection95] INFO  impl.RoleInfo (RoleInfo.java:updateAndGet(143)) - 05f59524-a4ea-4be4-b99d-fb9eed47142d: start FollowerState
2019-10-17 07:38:28,633 [Thread-1020] INFO  impl.FollowerState (FollowerState.java:run(108)) - 05f59524-a4ea-4be4-b99d-fb9eed47142d@group-9DC5606B5DE8-FollowerState: change to CANDIDATE, lastRpcTime:65ms, electionTimeout:65ms
2019-10-17 07:38:28,633 [Thread-1020] INFO  impl.RoleInfo (RoleInfo.java:shutdownFollowerState(121)) - 05f59524-a4ea-4be4-b99d-fb9eed47142d: shutdown FollowerState
2019-10-17 07:38:28,633 [Thread-1020] INFO  impl.RaftServerImpl (RaftServerImpl.java:setRole(184)) - 05f59524-a4ea-4be4-b99d-fb9eed47142d@group-9DC5606B5DE8: changes role from  FOLLOWER to CANDIDATE at term 105 for changeToCandidate
2019-10-17 07:38:28,634 [Thread-1020] INFO  impl.RoleInfo (RoleInfo.java:updateAndGet(143)) - 05f59524-a4ea-4be4-b99d-fb9eed47142d: start LeaderElection
2019-10-17 07:38:28,675 [05f59524-a4ea-4be4-b99d-fb9eed47142d@group-9DC5606B5DE8-LeaderElection96] INFO  impl.LeaderElection (LeaderElection.java:askForVotes(178)) - 05f59524-a4ea-4be4-b99d-fb9eed47142d@group-9DC5606B5DE8-LeaderElection96: begin an election at term 106 for -1: [05f59524-a4ea-4be4-b99d-fb9eed47142d:192.168.34.62:45919, 4b035f45-7941-40c3-ba2d-1cbecd2d369e:192.168.34.62:45443, 920a4478-64f4-4720-983c-9a2102f3c94b:192.168.34.62:38609], old=null
2019-10-17 07:38:28,678 [grpc-default-executor-6] INFO  impl.RaftServerImpl (RaftServerImpl.java:setRole(184)) - 4b035f45-7941-40c3-ba2d-1cbecd2d369e@group-9DC5606B5DE8: changes role from  FOLLOWER to FOLLOWER at term 106 for recognizeCandidate:05f59524-a4ea-4be4-b99d-fb9eed47142d
2019-10-17 07:38:28,678 [grpc-default-executor-6] INFO  impl.RoleInfo (RoleInfo.java:shutdownFollowerState(121)) - 4b035f45-7941-40c3-ba2d-1cbecd2d369e: shutdown FollowerState
2019-10-17 07:38:28,678 [grpc-default-executor-5] INFO  impl.RaftServerImpl (RaftServerImpl.java:setRole(184)) - 920a4478-64f4-4720-983c-9a2102f3c94b@group-9DC5606B5DE8: changes role from  FOLLOWER to FOLLOWER at term 106 for recognizeCandidate:05f59524-a4ea-4be4-b99d-fb9eed47142d
2019-10-17 07:38:28,678 [Thread-1018] INFO  impl.FollowerState (FollowerState.java:run(117)) - 4b035f45-7941-40c3-ba2d-1cbecd2d369e@group-9DC5606B5DE8-FollowerState was interrupted: java.lang.InterruptedException: sleep interrupted
2019-10-17 07:38:28,678 [grpc-default-executor-6] INFO  impl.RoleInfo (RoleInfo.java:updateAndGet(143)) - 4b035f45-7941-40c3-ba2d-1cbecd2d369e: start FollowerState
2019-10-17 07:38:28,678 [grpc-default-executor-5] INFO  impl.RoleInfo (RoleInfo.java:shutdownFollowerState(121)) - 920a4478-64f4-4720-983c-9a2102f3c94b: shutdown FollowerState
2019-10-17 07:38:28,679 [grpc-default-executor-5] INFO  impl.RoleInfo (RoleInfo.java:updateAndGet(143)) - 920a4478-64f4-4720-983c-9a2102f3c94b: start FollowerState
2019-10-17 07:38:28,679 [Thread-1019] INFO  impl.FollowerState (FollowerState.java:run(117)) - 920a4478-64f4-4720-983c-9a2102f3c94b@group-9DC5606B5DE8-FollowerState was interrupted: java.lang.InterruptedException: sleep interrupted
2019-10-17 07:38:28,713 [05f59524-a4ea-4be4-b99d-fb9eed47142d@group-9DC5606B5DE8-LeaderElection96] INFO  impl.LeaderElection (LeaderElection.java:logAndReturn(56)) - 05f59524-a4ea-4be4-b99d-fb9eed47142d@group-9DC5606B5DE8-LeaderElection96: Election REJECTED; received 2 response(s) [05f59524-a4ea-4be4-b99d-fb9eed47142d<-4b035f45-7941-40c3-ba2d-1cbecd2d369e#0:FAIL-t106, 05f59524-a4ea-4be4-b99d-fb9eed47142d<-920a4478-64f4-4720-983c-9a2102f3c94b#0:FAIL-t106] and 0 exception(s); 05f59524-a4ea-4be4-b99d-fb9eed47142d@group-9DC5606B5DE8:t106, leader=null, voted=05f59524-a4ea-4be4-b99d-fb9eed47142d, raftlog=05f59524-a4ea-4be4-b99d-fb9eed47142d@group-9DC5606B5DE8-SegmentedRaftLog:OPENED:c-1,f-1,i0, conf=-1: [05f59524-a4ea-4be4-b99d-fb9eed47142d:192.168.34.62:45919, 4b035f45-7941-40c3-ba2d-1cbecd2d369e:192.168.34.62:45443, 920a4478-64f4-4720-983c-9a2102f3c94b:192.168.34.62:38609], old=null
2019-10-17 07:38:28,714 [05f59524-a4ea-4be4-b99d-fb9eed47142d@group-9DC5606B5DE8-LeaderElection96] INFO  impl.RaftServerImpl (RaftServerImpl.java:setRole(184)) - 05f59524-a4ea-4be4-b99d-fb9eed47142d@group-9DC5606B5DE8: changes role from CANDIDATE to FOLLOWER at term 106 for DISCOVERED_A_NEW_TERM
2019-10-17 07:38:28,714 [05f59524-a4ea-4be4-b99d-fb9eed47142d@group-9DC5606B5DE8-LeaderElection96] INFO  impl.RoleInfo (RoleInfo.java:shutdownLeaderElection(134)) - 05f59524-a4ea-4be4-b99d-fb9eed47142d: shutdown LeaderElection
2019-10-17 07:38:28,714 [05f59524-a4ea-4be4-b99d-fb9eed47142d@group-9DC5606B5DE8-LeaderElection96] INFO  impl.RoleInfo (RoleInfo.java:updateAndGet(143)) - 05f59524-a4ea-4be4-b99d-fb9eed47142d: start FollowerState
2019-10-17 07:38:28,841 [Thread-1026] INFO  impl.FollowerState (FollowerState.java:run(108)) - 05f59524-a4ea-4be4-b99d-fb9eed47142d@group-9DC5606B5DE8-FollowerState: change to CANDIDATE, lastRpcTime:126ms, electionTimeout:126ms
2019-10-17 07:38:28,841 [Thread-1026] INFO  impl.RoleInfo (RoleInfo.java:shutdownFollowerState(121)) - 05f59524-a4ea-4be4-b99d-fb9eed47142d: shutdown FollowerState
2019-10-17 07:38:28,841 [Thread-1026] INFO  impl.RaftServerImpl (RaftServerImpl.java:setRole(184)) - 05f59524-a4ea-4be4-b99d-fb9eed47142d@group-9DC5606B5DE8: changes role from  FOLLOWER to CANDIDATE at term 106 for changeToCandidate
2019-10-17 07:38:28,854 [Thread-1026] INFO  impl.RoleInfo (RoleInfo.java:updateAndGet(143)) - 05f59524-a4ea-4be4-b99d-fb9eed47142d: start LeaderElection
2019-10-17 07:38:28,884 [05f59524-a4ea-4be4-b99d-fb9eed47142d@group-9DC5606B5DE8-LeaderElection97] INFO  impl.LeaderElection (LeaderElection.java:askForVotes(178)) - 05f59524-a4ea-4be4-b99d-fb9eed47142d@group-9DC5606B5DE8-LeaderElection97: begin an election at term 107 for -1: [05f59524-a4ea-4be4-b99d-fb9eed47142d:192.168.34.62:45919, 4b035f45-7941-40c3-ba2d-1cbecd2d369e:192.168.34.62:45443, 920a4478-64f4-4720-983c-9a2102f3c94b:192.168.34.62:38609], old=null
2019-10-17 07:38:28,898 [grpc-default-executor-5] INFO  impl.RaftServerImpl (RaftServerImpl.java:setRole(184)) - 4b035f45-7941-40c3-ba2d-1cbecd2d369e@group-9DC5606B5DE8: changes role from  FOLLOWER to FOLLOWER at term 107 for recognizeCandidate:05f59524-a4ea-4be4-b99d-fb9eed47142d
2019-10-17 07:38:28,898 [grpc-default-executor-6] INFO  impl.RaftServerImpl (RaftServerImpl.java:setRole(184)) - 920a4478-64f4-4720-983c-9a2102f3c94b@group-9DC5606B5DE8: changes role from  FOLLOWER to FOLLOWER at term 107 for recognizeCandidate:05f59524-a4ea-4be4-b99d-fb9eed47142d
2019-10-17 07:38:28,898 [grpc-default-executor-5] INFO  impl.RoleInfo (RoleInfo.java:shutdownFollowerState(121)) - 4b035f45-7941-40c3-ba2d-1cbecd2d369e: shutdown FollowerState
2019-10-17 07:38:28,898 [grpc-default-executor-6] INFO  impl.RoleInfo (RoleInfo.java:shutdownFollowerState(121)) - 920a4478-64f4-4720-983c-9a2102f3c94b: shutdown FollowerState
2019-10-17 07:38:28,908 [grpc-default-executor-6] INFO  impl.RoleInfo (RoleInfo.java:updateAndGet(143)) - 920a4478-64f4-4720-983c-9a2102f3c94b: start FollowerState
2019-10-17 07:38:28,908 [Thread-1024] INFO  impl.FollowerState (FollowerState.java:run(117)) - 4b035f45-7941-40c3-ba2d-1cbecd2d369e@group-9DC5606B5DE8-FollowerState was interrupted: java.lang.InterruptedException: sleep interrupted
2019-10-17 07:38:28,908 [grpc-default-executor-5] INFO  impl.RoleInfo (RoleInfo.java:updateAndGet(143)) - 4b035f45-7941-40c3-ba2d-1cbecd2d369e: start FollowerState
2019-10-17 07:38:28,908 [Thread-1025] INFO  impl.FollowerState (FollowerState.java:run(117)) - 920a4478-64f4-4720-983c-9a2102f3c94b@group-9DC5606B5DE8-FollowerState was interrupted: java.lang.InterruptedException: sleep interrupted
2019-10-17 07:38:28,941 [05f59524-a4ea-4be4-b99d-fb9eed47142d@group-9DC5606B5DE8-LeaderElection97] INFO  impl.LeaderElection (LeaderElection.java:logAndReturn(56)) - 05f59524-a4ea-4be4-b99d-fb9eed47142d@group-9DC5606B5DE8-LeaderElection97: Election REJECTED; received 2 response(s) [05f59524-a4ea-4be4-b99d-fb9eed47142d<-4b035f45-7941-40c3-ba2d-1cbecd2d369e#0:FAIL-t107, 05f59524-a4ea-4be4-b99d-fb9eed47142d<-920a4478-64f4-4720-983c-9a2102f3c94b#0:FAIL-t107] and 0 exception(s); 05f59524-a4ea-4be4-b99d-fb9eed47142d@group-9DC5606B5DE8:t107, leader=null, voted=05f59524-a4ea-4be4-b99d-fb9eed47142d, raftlog=05f59524-a4ea-4be4-b99d-fb9eed47142d@group-9DC5606B5DE8-SegmentedRaftLog:OPENED:c-1,f-1,i0, conf=-1: [05f59524-a4ea-4be4-b99d-fb9eed47142d:192.168.34.62:45919, 4b035f45-7941-40c3-ba2d-1cbecd2d369e:192.168.34.62:45443, 920a4478-64f4-4720-983c-9a2102f3c94b:192.168.34.62:38609], old=null
2019-10-17 07:38:28,942 [05f59524-a4ea-4be4-b99d-fb9eed47142d@group-9DC5606B5DE8-LeaderElection97] INFO  impl.RaftServerImpl (RaftServerImpl.java:setRole(184)) - 05f59524-a4ea-4be4-b99d-fb9eed47142d@group-9DC5606B5DE8: changes role from CANDIDATE to FOLLOWER at term 107 for DISCOVERED_A_NEW_TERM
2019-10-17 07:38:28,942 [05f59524-a4ea-4be4-b99d-fb9eed47142d@group-9DC5606B5DE8-LeaderElection97] INFO  impl.RoleInfo (RoleInfo.java:shutdownLeaderElection(134)) - 05f59524-a4ea-4be4-b99d-fb9eed47142d: shutdown LeaderElection
2019-10-17 07:38:28,942 [05f59524-a4ea-4be4-b99d-fb9eed47142d@group-9DC5606B5DE8-LeaderElection97] INFO  impl.RoleInfo (RoleInfo.java:updateAndGet(143)) - 05f59524-a4ea-4be4-b99d-fb9eed47142d: start FollowerState
2019-10-17 07:38:28,981 [Thread-1032] INFO  impl.FollowerState (FollowerState.java:run(108)) - 05f59524-a4ea-4be4-b99d-fb9eed47142d@group-9DC5606B5DE8-FollowerState: change to CANDIDATE, lastRpcTime:38ms, electionTimeout:38ms
2019-10-17 07:38:28,981 [Thread-1032] INFO  impl.RoleInfo (RoleInfo.java:shutdownFollowerState(121)) - 05f59524-a4ea-4be4-b99d-fb9eed47142d: shutdown FollowerState
2019-10-17 07:38:28,981 [Thread-1032] INFO  impl.RaftServerImpl (RaftServerImpl.java:setRole(184)) - 05f59524-a4ea-4be4-b99d-fb9eed47142d@group-9DC5606B5DE8: changes role from  FOLLOWER to CANDIDATE at term 107 for changeToCandidate
2019-10-17 07:38:28,981 [Thread-1032] INFO  impl.RoleInfo (RoleInfo.java:updateAndGet(143)) - 05f59524-a4ea-4be4-b99d-fb9eed47142d: start LeaderElection
2019-10-17 07:38:29,012 [05f59524-a4ea-4be4-b99d-fb9eed47142d@group-9DC5606B5DE8-LeaderElection98] INFO  impl.LeaderElection (LeaderElection.java:askForVotes(178)) - 05f59524-a4ea-4be4-b99d-fb9eed47142d@group-9DC5606B5DE8-LeaderElection98: begin an election at term 108 for -1: [05f59524-a4ea-4be4-b99d-fb9eed47142d:192.168.34.62:45919, 4b035f45-7941-40c3-ba2d-1cbecd2d369e:192.168.34.62:45443, 920a4478-64f4-4720-983c-9a2102f3c94b:192.168.34.62:38609], old=null
2019-10-17 07:38:29,015 [grpc-default-executor-5] INFO  impl.RaftServerImpl (RaftServerImpl.java:setRole(184)) - 920a4478-64f4-4720-983c-9a2102f3c94b@group-9DC5606B5DE8: changes role from  FOLLOWER to FOLLOWER at term 108 for recognizeCandidate:05f59524-a4ea-4be4-b99d-fb9eed47142d
2019-10-17 07:38:29,015 [grpc-default-executor-6] INFO  impl.RaftServerImpl (RaftServerImpl.java:setRole(184)) - 4b035f45-7941-40c3-ba2d-1cbecd2d369e@group-9DC5606B5DE8: changes role from  FOLLOWER to FOLLOWER at term 108 for recognizeCandidate:05f59524-a4ea-4be4-b99d-fb9eed47142d
2019-10-17 07:38:29,016 [grpc-default-executor-5] INFO  impl.RoleInfo (RoleInfo.java:shutdownFollowerState(121)) - 920a4478-64f4-4720-983c-9a2102f3c94b: shutdown FollowerState
2019-10-17 07:38:29,016 [grpc-default-executor-6] INFO  impl.RoleInfo (RoleInfo.java:shutdownFollowerState(121)) - 4b035f45-7941-40c3-ba2d-1cbecd2d369e: shutdown FollowerState
2019-10-17 07:38:29,016 [Thread-1030] INFO  impl.FollowerState (FollowerState.java:run(117)) - 920a4478-64f4-4720-983c-9a2102f3c94b@group-9DC5606B5DE8-FollowerState was interrupted: java.lang.InterruptedException: sleep interrupted
2019-10-17 07:38:29,016 [grpc-default-executor-5] INFO  impl.RoleInfo (RoleInfo.java:updateAndGet(143)) - 920a4478-64f4-4720-983c-9a2102f3c94b: start FollowerState
2019-10-17 07:38:29,016 [grpc-default-executor-6] INFO  impl.RoleInfo (RoleInfo.java:updateAndGet(143)) - 4b035f45-7941-40c3-ba2d-1cbecd2d369e: start FollowerState
2019-10-17 07:38:29,016 [Thread-1031] INFO  impl.FollowerState (FollowerState.java:run(117)) - 4b035f45-7941-40c3-ba2d-1cbecd2d369e@group-9DC5606B5DE8-FollowerState was interrupted: java.lang.InterruptedException: sleep interrupted
2019-10-17 07:38:29,044 [05f59524-a4ea-4be4-b99d-fb9eed47142d@group-9DC5606B5DE8-LeaderElection98] INFO  impl.LeaderElection (LeaderElection.java:logAndReturn(56)) - 05f59524-a4ea-4be4-b99d-fb9eed47142d@group-9DC5606B5DE8-LeaderElection98: Election REJECTED; received 2 response(s) [05f59524-a4ea-4be4-b99d-fb9eed47142d<-4b035f45-7941-40c3-ba2d-1cbecd2d369e#0:FAIL-t108, 05f59524-a4ea-4be4-b99d-fb9eed47142d<-920a4478-64f4-4720-983c-9a2102f3c94b#0:FAIL-t108] and 0 exception(s); 05f59524-a4ea-4be4-b99d-fb9eed47142d@group-9DC5606B5DE8:t108, leader=null, voted=05f59524-a4ea-4be4-b99d-fb9eed47142d, raftlog=05f59524-a4ea-4be4-b99d-fb9eed47142d@group-9DC5606B5DE8-SegmentedRaftLog:OPENED:c-1,f-1,i0, conf=-1: [05f59524-a4ea-4be4-b99d-fb9eed47142d:192.168.34.62:45919, 4b035f45-7941-40c3-ba2d-1cbecd2d369e:192.168.34.62:45443, 920a4478-64f4-4720-983c-9a2102f3c94b:192.168.34.62:38609], old=null
2019-10-17 07:38:29,044 [05f59524-a4ea-4be4-b99d-fb9eed47142d@group-9DC5606B5DE8-LeaderElection98] INFO  impl.RaftServerImpl (RaftServerImpl.java:setRole(184)) - 05f59524-a4ea-4be4-b99d-fb9eed47142d@group-9DC5606B5DE8: changes role from CANDIDATE to FOLLOWER at term 108 for DISCOVERED_A_NEW_TERM
2019-10-17 07:38:29,045 [05f59524-a4ea-4be4-b99d-fb9eed47142d@group-9DC5606B5DE8-LeaderElection98] INFO  impl.RoleInfo (RoleInfo.java:shutdownLeaderElection(134)) - 05f59524-a4ea-4be4-b99d-fb9eed47142d: shutdown LeaderElection
2019-10-17 07:38:29,045 [05f59524-a4ea-4be4-b99d-fb9eed47142d@group-9DC5606B5DE8-LeaderElection98] INFO  impl.RoleInfo (RoleInfo.java:updateAndGet(143)) - 05f59524-a4ea-4be4-b99d-fb9eed47142d: start FollowerState
2019-10-17 07:38:29,231 [Thread-1038] INFO  impl.FollowerState (FollowerState.java:run(108)) - 05f59524-a4ea-4be4-b99d-fb9eed47142d@group-9DC5606B5DE8-FollowerState: change to CANDIDATE, lastRpcTime:186ms, electionTimeout:186ms
2019-10-17 07:38:29,232 [Thread-1038] INFO  impl.RoleInfo (RoleInfo.java:shutdownFollowerState(121)) - 05f59524-a4ea-4be4-b99d-fb9eed47142d: shutdown FollowerState
2019-10-17 07:38:29,232 [Thread-1038] INFO  impl.RaftServerImpl (RaftServerImpl.java:setRole(184)) - 05f59524-a4ea-4be4-b99d-fb9eed47142d@group-9DC5606B5DE8: changes role from  FOLLOWER to CANDIDATE at term 108 for changeToCandidate
2019-10-17 07:38:29,232 [Thread-1038] INFO  impl.RoleInfo (RoleInfo.java:updateAndGet(143)) - 05f59524-a4ea-4be4-b99d-fb9eed47142d: start LeaderElection
2019-10-17 07:38:29,280 [05f59524-a4ea-4be4-b99d-fb9eed47142d@group-9DC5606B5DE8-LeaderElection99] INFO  impl.LeaderElection (LeaderElection.java:askForVotes(178)) - 05f59524-a4ea-4be4-b99d-fb9eed47142d@group-9DC5606B5DE8-LeaderElection99: begin an election at term 109 for -1: [05f59524-a4ea-4be4-b99d-fb9eed47142d:192.168.34.62:45919, 4b035f45-7941-40c3-ba2d-1cbecd2d369e:192.168.34.62:45443, 920a4478-64f4-4720-983c-9a2102f3c94b:192.168.34.62:38609], old=null
2019-10-17 07:38:29,284 [grpc-default-executor-5] INFO  impl.RaftServerImpl (RaftServerImpl.java:setRole(184)) - 920a4478-64f4-4720-983c-9a2102f3c94b@group-9DC5606B5DE8: changes role from  FOLLOWER to FOLLOWER at term 109 for recognizeCandidate:05f59524-a4ea-4be4-b99d-fb9eed47142d
2019-10-17 07:38:29,284 [grpc-default-executor-6] INFO  impl.RaftServerImpl (RaftServerImpl.java:setRole(184)) - 4b035f45-7941-40c3-ba2d-1cbecd2d369e@group-9DC5606B5DE8: changes role from  FOLLOWER to FOLLOWER at term 109 for recognizeCandidate:05f59524-a4ea-4be4-b99d-fb9eed47142d
2019-10-17 07:38:29,284 [grpc-default-executor-5] INFO  impl.RoleInfo (RoleInfo.java:shutdownFollowerState(121)) - 920a4478-64f4-4720-983c-9a2102f3c94b: shutdown FollowerState
2019-10-17 07:38:29,284 [grpc-default-executor-6] INFO  impl.RoleInfo (RoleInfo.java:shutdownFollowerState(121)) - 4b035f45-7941-40c3-ba2d-1cbecd2d369e: shutdown FollowerState
2019-10-17 07:38:29,284 [Thread-1036] INFO  impl.FollowerState (FollowerState.java:run(117)) - 920a4478-64f4-4720-983c-9a2102f3c94b@group-9DC5606B5DE8-FollowerState was interrupted: java.lang.InterruptedException: sleep interrupted
2019-10-17 07:38:29,284 [grpc-default-executor-5] INFO  impl.RoleInfo (RoleInfo.java:updateAndGet(143)) - 920a4478-64f4-4720-983c-9a2102f3c94b: start FollowerState
2019-10-17 07:38:29,285 [Thread-1037] INFO  impl.FollowerState (FollowerState.java:run(117)) - 4b035f45-7941-40c3-ba2d-1cbecd2d369e@group-9DC5606B5DE8-FollowerState was interrupted: java.lang.InterruptedException: sleep interrupted
2019-10-17 07:38:29,285 [grpc-default-executor-6] INFO  impl.RoleInfo (RoleInfo.java:updateAndGet(143)) - 4b035f45-7941-40c3-ba2d-1cbecd2d369e: start FollowerState
2019-10-17 07:38:29,308 [05f59524-a4ea-4be4-b99d-fb9eed47142d@group-9DC5606B5DE8-LeaderElection99] INFO  impl.LeaderElection (LeaderElection.java:logAndReturn(56)) - 05f59524-a4ea-4be4-b99d-fb9eed47142d@group-9DC5606B5DE8-LeaderElection99: Election REJECTED; received 2 response(s) [05f59524-a4ea-4be4-b99d-fb9eed47142d<-4b035f45-7941-40c3-ba2d-1cbecd2d369e#0:FAIL-t109, 05f59524-a4ea-4be4-b99d-fb9eed47142d<-920a4478-64f4-4720-983c-9a2102f3c94b#0:FAIL-t109] and 0 exception(s); 05f59524-a4ea-4be4-b99d-fb9eed47142d@group-9DC5606B5DE8:t109, leader=null, voted=05f59524-a4ea-4be4-b99d-fb9eed47142d, raftlog=05f59524-a4ea-4be4-b99d-fb9eed47142d@group-9DC5606B5DE8-SegmentedRaftLog:OPENED:c-1,f-1,i0, conf=-1: [05f59524-a4ea-4be4-b99d-fb9eed47142d:192.168.34.62:45919, 4b035f45-7941-40c3-ba2d-1cbecd2d369e:192.168.34.62:45443, 920a4478-64f4-4720-983c-9a2102f3c94b:192.168.34.62:38609], old=null
2019-10-17 07:38:29,309 [05f59524-a4ea-4be4-b99d-fb9eed47142d@group-9DC5606B5DE8-LeaderElection99] INFO  impl.RaftServerImpl (RaftServerImpl.java:setRole(184)) - 05f59524-a4ea-4be4-b99d-fb9eed47142d@group-9DC5606B5DE8: changes role from CANDIDATE to FOLLOWER at term 109 for DISCOVERED_A_NEW_TERM
2019-10-17 07:38:29,309 [05f59524-a4ea-4be4-b99d-fb9eed47142d@group-9DC5606B5DE8-LeaderElection99] INFO  impl.RoleInfo (RoleInfo.java:shutdownLeaderElection(134)) - 05f59524-a4ea-4be4-b99d-fb9eed47142d: shutdown LeaderElection
2019-10-17 07:38:29,309 [05f59524-a4ea-4be4-b99d-fb9eed47142d@group-9DC5606B5DE8-LeaderElection99] INFO  impl.RoleInfo (RoleInfo.java:updateAndGet(143)) - 05f59524-a4ea-4be4-b99d-fb9eed47142d: start FollowerState
2019-10-17 07:38:29,370 [Thread-1044] INFO  impl.FollowerState (FollowerState.java:run(108)) - 05f59524-a4ea-4be4-b99d-fb9eed47142d@group-9DC5606B5DE8-FollowerState: change to CANDIDATE, lastRpcTime:60ms, electionTimeout:60ms
2019-10-17 07:38:29,370 [Thread-1044] INFO  impl.RoleInfo (RoleInfo.java:shutdownFollowerState(121)) - 05f59524-a4ea-4be4-b99d-fb9eed47142d: shutdown FollowerState
2019-10-17 07:38:29,370 [Thread-1044] INFO  impl.RaftServerImpl (RaftServerImpl.java:setRole(184)) - 05f59524-a4ea-4be4-b99d-fb9eed47142d@group-9DC5606B5DE8: changes role from  FOLLOWER to CANDIDATE at term 109 for changeToCandidate
2019-10-17 07:38:29,370 [Thread-1044] INFO  impl.RoleInfo (RoleInfo.java:updateAndGet(143)) - 05f59524-a4ea-4be4-b99d-fb9eed47142d: start LeaderElection
2019-10-17 07:38:29,413 [05f59524-a4ea-4be4-b99d-fb9eed47142d@group-9DC5606B5DE8-LeaderElection100] INFO  impl.LeaderElection (LeaderElection.java:askForVotes(178)) - 05f59524-a4ea-4be4-b99d-fb9eed47142d@group-9DC5606B5DE8-LeaderElection100: begin an election at term 110 for -1: [05f59524-a4ea-4be4-b99d-fb9eed47142d:192.168.34.62:45919, 4b035f45-7941-40c3-ba2d-1cbecd2d369e:192.168.34.62:45443, 920a4478-64f4-4720-983c-9a2102f3c94b:192.168.34.62:38609], old=null
2019-10-17 07:38:29,416 [grpc-default-executor-6] INFO  impl.RaftServerImpl (RaftServerImpl.java:setRole(184)) - 4b035f45-7941-40c3-ba2d-1cbecd2d369e@group-9DC5606B5DE8: changes role from  FOLLOWER to FOLLOWER at term 110 for recognizeCandidate:05f59524-a4ea-4be4-b99d-fb9eed47142d
2019-10-17 07:38:29,416 [grpc-default-executor-6] INFO  impl.RoleInfo (RoleInfo.java:shutdownFollowerState(121)) - 4b035f45-7941-40c3-ba2d-1cbecd2d369e: shutdown FollowerState
2019-10-17 07:38:29,416 [grpc-default-executor-5] INFO  impl.RaftServerImpl (RaftServerImpl.java:setRole(184)) - 920a4478-64f4-4720-983c-9a2102f3c94b@group-9DC5606B5DE8: changes role from  FOLLOWER to FOLLOWER at term 110 for recognizeCandidate:05f59524-a4ea-4be4-b99d-fb9eed47142d
2019-10-17 07:38:29,416 [grpc-default-executor-5] INFO  impl.RoleInfo (RoleInfo.java:shutdownFollowerState(121)) - 920a4478-64f4-4720-983c-9a2102f3c94b: shutdown FollowerState
2019-10-17 07:38:29,416 [Thread-1043] INFO  impl.FollowerState (FollowerState.java:run(117)) - 4b035f45-7941-40c3-ba2d-1cbecd2d369e@group-9DC5606B5DE8-FollowerState was interrupted: java.lang.InterruptedException: sleep interrupted
2019-10-17 07:38:29,416 [grpc-default-executor-6] INFO  impl.RoleInfo (RoleInfo.java:updateAndGet(143)) - 4b035f45-7941-40c3-ba2d-1cbecd2d369e: start FollowerState
2019-10-17 07:38:29,416 [Thread-1042] INFO  impl.FollowerState (FollowerState.java:run(117)) - 920a4478-64f4-4720-983c-9a2102f3c94b@group-9DC5606B5DE8-FollowerState was interrupted: java.lang.InterruptedException: sleep interrupted
2019-10-17 07:38:29,416 [grpc-default-executor-5] INFO  impl.RoleInfo (RoleInfo.java:updateAndGet(143)) - 920a4478-64f4-4720-983c-9a2102f3c94b: start FollowerState
2019-10-17 07:38:29,420 [05f59524-a4ea-4be4-b99d-fb9eed47142d@group-9DC5606B5DE8-LeaderElection100] INFO  impl.LeaderElection (LeaderElection.java:logAndReturn(56)) - 05f59524-a4ea-4be4-b99d-fb9eed47142d@group-9DC5606B5DE8-LeaderElection100: Election TIMEOUT; received 0 response(s) [] and 0 exception(s); 05f59524-a4ea-4be4-b99d-fb9eed47142d@group-9DC5606B5DE8:t110, leader=null, voted=05f59524-a4ea-4be4-b99d-fb9eed47142d, raftlog=05f59524-a4ea-4be4-b99d-fb9eed47142d@group-9DC5606B5DE8-SegmentedRaftLog:OPENED:c-1,f-1,i0, conf=-1: [05f59524-a4ea-4be4-b99d-fb9eed47142d:192.168.34.62:45919, 4b035f45-7941-40c3-ba2d-1cbecd2d369e:192.168.34.62:45443, 920a4478-64f4-4720-983c-9a2102f3c94b:192.168.34.62:38609], old=null
2019-10-17 07:38:29,448 [05f59524-a4ea-4be4-b99d-fb9eed47142d@group-9DC5606B5DE8-LeaderElection100] INFO  impl.LeaderElection (LeaderElection.java:askForVotes(178)) - 05f59524-a4ea-4be4-b99d-fb9eed47142d@group-9DC5606B5DE8-LeaderElection100: begin an election at term 111 for -1: [05f59524-a4ea-4be4-b99d-fb9eed47142d:192.168.34.62:45919, 4b035f45-7941-40c3-ba2d-1cbecd2d369e:192.168.34.62:45443, 920a4478-64f4-4720-983c-9a2102f3c94b:192.168.34.62:38609], old=null
2019-10-17 07:38:29,450 [grpc-default-executor-6] INFO  impl.RaftServerImpl (RaftServerImpl.java:setRole(184)) - 4b035f45-7941-40c3-ba2d-1cbecd2d369e@group-9DC5606B5DE8: changes role from  FOLLOWER to FOLLOWER at term 111 for recognizeCandidate:05f59524-a4ea-4be4-b99d-fb9eed47142d
2019-10-17 07:38:29,450 [grpc-default-executor-6] INFO  impl.RoleInfo (RoleInfo.java:shutdownFollowerState(121)) - 4b035f45-7941-40c3-ba2d-1cbecd2d369e: shutdown FollowerState
2019-10-17 07:38:29,450 [grpc-default-executor-6] INFO  impl.RoleInfo (RoleInfo.java:updateAndGet(143)) - 4b035f45-7941-40c3-ba2d-1cbecd2d369e: start FollowerState
2019-10-17 07:38:29,450 [Thread-1048] INFO  impl.FollowerState (FollowerState.java:run(117)) - 4b035f45-7941-40c3-ba2d-1cbecd2d369e@group-9DC5606B5DE8-FollowerState was interrupted: java.lang.InterruptedException: sleep interrupted
2019-10-17 07:38:29,450 [grpc-default-executor-5] INFO  impl.RaftServerImpl (RaftServerImpl.java:setRole(184)) - 920a4478-64f4-4720-983c-9a2102f3c94b@group-9DC5606B5DE8: changes role from  FOLLOWER to FOLLOWER at term 111 for recognizeCandidate:05f59524-a4ea-4be4-b99d-fb9eed47142d
2019-10-17 07:38:29,451 [grpc-default-executor-5] INFO  impl.RoleInfo (RoleInfo.java:shutdownFollowerState(121)) - 920a4478-64f4-4720-983c-9a2102f3c94b: shutdown FollowerState
2019-10-17 07:38:29,451 [grpc-default-executor-5] INFO  impl.RoleInfo (RoleInfo.java:updateAndGet(143)) - 920a4478-64f4-4720-983c-9a2102f3c94b: start FollowerState
2019-10-17 07:38:29,451 [Thread-1049] INFO  impl.FollowerState (FollowerState.java:run(117)) - 920a4478-64f4-4720-983c-9a2102f3c94b@group-9DC5606B5DE8-FollowerState was interrupted: java.lang.InterruptedException: sleep interrupted
2019-10-17 07:38:29,492 [05f59524-a4ea-4be4-b99d-fb9eed47142d@group-9DC5606B5DE8-LeaderElection100] INFO  impl.LeaderElection (LeaderElection.java:logAndReturn(56)) - 05f59524-a4ea-4be4-b99d-fb9eed47142d@group-9DC5606B5DE8-LeaderElection100: Election REJECTED; received 2 response(s) [05f59524-a4ea-4be4-b99d-fb9eed47142d<-4b035f45-7941-40c3-ba2d-1cbecd2d369e#0:FAIL-t111, 05f59524-a4ea-4be4-b99d-fb9eed47142d<-920a4478-64f4-4720-983c-9a2102f3c94b#0:FAIL-t111] and 0 exception(s); 05f59524-a4ea-4be4-b99d-fb9eed47142d@group-9DC5606B5DE8:t111, leader=null, voted=05f59524-a4ea-4be4-b99d-fb9eed47142d, raftlog=05f59524-a4ea-4be4-b99d-fb9eed47142d@group-9DC5606B5DE8-SegmentedRaftLog:OPENED:c-1,f-1,i0, conf=-1: [05f59524-a4ea-4be4-b99d-fb9eed47142d:192.168.34.62:45919, 4b035f45-7941-40c3-ba2d-1cbecd2d369e:192.168.34.62:45443, 920a4478-64f4-4720-983c-9a2102f3c94b:192.168.34.62:38609], old=null
2019-10-17 07:38:29,492 [05f59524-a4ea-4be4-b99d-fb9eed47142d@group-9DC5606B5DE8-LeaderElection100] INFO  impl.RaftServerImpl (RaftServerImpl.java:setRole(184)) - 05f59524-a4ea-4be4-b99d-fb9eed47142d@group-9DC5606B5DE8: changes role from CANDIDATE to FOLLOWER at term 111 for DISCOVERED_A_NEW_TERM
2019-10-17 07:38:29,492 [05f59524-a4ea-4be4-b99d-fb9eed47142d@group-9DC5606B5DE8-LeaderElection100] INFO  impl.RoleInfo (RoleInfo.java:shutdownLeaderElection(134)) - 05f59524-a4ea-4be4-b99d-fb9eed47142d: shutdown LeaderElection
2019-10-17 07:38:29,492 [05f59524-a4ea-4be4-b99d-fb9eed47142d@group-9DC5606B5DE8-LeaderElection100] INFO  impl.RoleInfo (RoleInfo.java:updateAndGet(143)) - 05f59524-a4ea-4be4-b99d-fb9eed47142d: start FollowerState
2019-10-17 07:38:29,563 [Thread-1054] INFO  impl.FollowerState (FollowerState.java:run(108)) - 05f59524-a4ea-4be4-b99d-fb9eed47142d@group-9DC5606B5DE8-FollowerState: change to CANDIDATE, lastRpcTime:70ms, electionTimeout:70ms
2019-10-17 07:38:29,563 [Thread-1054] INFO  impl.RoleInfo (RoleInfo.java:shutdownFollowerState(121)) - 05f59524-a4ea-4be4-b99d-fb9eed47142d: shutdown FollowerState
2019-10-17 07:38:29,563 [Thread-1054] INFO  impl.RaftServerImpl (RaftServerImpl.java:setRole(184)) - 05f59524-a4ea-4be4-b99d-fb9eed47142d@group-9DC5606B5DE8: changes role from  FOLLOWER to CANDIDATE at term 111 for changeToCandidate
2019-10-17 07:38:29,563 [Thread-1054] INFO  impl.RoleInfo (RoleInfo.java:updateAndGet(143)) - 05f59524-a4ea-4be4-b99d-fb9eed47142d: start LeaderElection
2019-10-17 07:38:29,597 [05f59524-a4ea-4be4-b99d-fb9eed47142d@group-9DC5606B5DE8-LeaderElection101] INFO  impl.LeaderElection (LeaderElection.java:askForVotes(178)) - 05f59524-a4ea-4be4-b99d-fb9eed47142d@group-9DC5606B5DE8-LeaderElection101: begin an election at term 112 for -1: [05f59524-a4ea-4be4-b99d-fb9eed47142d:192.168.34.62:45919, 4b035f45-7941-40c3-ba2d-1cbecd2d369e:192.168.34.62:45443, 920a4478-64f4-4720-983c-9a2102f3c94b:192.168.34.62:38609], old=null
2019-10-17 07:38:29,599 [grpc-default-executor-6] INFO  impl.RaftServerImpl (RaftServerImpl.java:setRole(184)) - 4b035f45-7941-40c3-ba2d-1cbecd2d369e@group-9DC5606B5DE8: changes role from  FOLLOWER to FOLLOWER at term 112 for recognizeCandidate:05f59524-a4ea-4be4-b99d-fb9eed47142d
2019-10-17 07:38:29,599 [grpc-default-executor-6] INFO  impl.RoleInfo (RoleInfo.java:shutdownFollowerState(121)) - 4b035f45-7941-40c3-ba2d-1cbecd2d369e: shutdown FollowerState
2019-10-17 07:38:29,599 [grpc-default-executor-5] INFO  impl.RaftServerImpl (RaftServerImpl.java:setRole(184)) - 920a4478-64f4-4720-983c-9a2102f3c94b@group-9DC5606B5DE8: changes role from  FOLLOWER to FOLLOWER at term 112 for recognizeCandidate:05f59524-a4ea-4be4-b99d-fb9eed47142d
2019-10-17 07:38:29,599 [Thread-1052] INFO  impl.FollowerState (FollowerState.java:run(117)) - 4b035f45-7941-40c3-ba2d-1cbecd2d369e@group-9DC5606B5DE8-FollowerState was interrupted: java.lang.InterruptedException: sleep interrupted
2019-10-17 07:38:29,599 [grpc-default-executor-6] INFO  impl.RoleInfo (RoleInfo.java:updateAndGet(143)) - 4b035f45-7941-40c3-ba2d-1cbecd2d369e: start FollowerState
2019-10-17 07:38:29,600 [grpc-default-executor-5] INFO  impl.RoleInfo (RoleInfo.java:shutdownFollowerState(121)) - 920a4478-64f4-4720-983c-9a2102f3c94b: shutdown FollowerState
2019-10-17 07:38:29,600 [grpc-default-executor-5] INFO  impl.RoleInfo (RoleInfo.java:updateAndGet(143)) - 920a4478-64f4-4720-983c-9a2102f3c94b: start FollowerState
2019-10-17 07:38:29,600 [Thread-1053] INFO  impl.FollowerState (FollowerState.java:run(117)) - 920a4478-64f4-4720-983c-9a2102f3c94b@group-9DC5606B5DE8-FollowerState was interrupted: java.lang.InterruptedException: sleep interrupted
2019-10-17 07:38:29,624 [05f59524-a4ea-4be4-b99d-fb9eed47142d@group-9DC5606B5DE8-LeaderElection101] INFO  impl.LeaderElection (LeaderElection.java:logAndReturn(56)) - 05f59524-a4ea-4be4-b99d-fb9eed47142d@group-9DC5606B5DE8-LeaderElection101: Election TIMEOUT; received 0 response(s) [] and 0 exception(s); 05f59524-a4ea-4be4-b99d-fb9eed47142d@group-9DC5606B5DE8:t112, leader=null, voted=05f59524-a4ea-4be4-b99d-fb9eed47142d, raftlog=05f59524-a4ea-4be4-b99d-fb9eed47142d@group-9DC5606B5DE8-SegmentedRaftLog:OPENED:c-1,f-1,i0, conf=-1: [05f59524-a4ea-4be4-b99d-fb9eed47142d:192.168.34.62:45919, 4b035f45-7941-40c3-ba2d-1cbecd2d369e:192.168.34.62:45443, 920a4478-64f4-4720-983c-9a2102f3c94b:192.168.34.62:38609], old=null
2019-10-17 07:38:29,651 [05f59524-a4ea-4be4-b99d-fb9eed47142d@group-9DC5606B5DE8-LeaderElection101] INFO  impl.LeaderElection (LeaderElection.java:askForVotes(178)) - 05f59524-a4ea-4be4-b99d-fb9eed47142d@group-9DC5606B5DE8-LeaderElection101: begin an election at term 113 for -1: [05f59524-a4ea-4be4-b99d-fb9eed47142d:192.168.34.62:45919, 4b035f45-7941-40c3-ba2d-1cbecd2d369e:192.168.34.62:45443, 920a4478-64f4-4720-983c-9a2102f3c94b:192.168.34.62:38609], old=null
2019-10-17 07:38:29,653 [grpc-default-executor-5] INFO  impl.RaftServerImpl (RaftServerImpl.java:setRole(184)) - 4b035f45-7941-40c3-ba2d-1cbecd2d369e@group-9DC5606B5DE8: changes role from  FOLLOWER to FOLLOWER at term 113 for recognizeCandidate:05f59524-a4ea-4be4-b99d-fb9eed47142d
2019-10-17 07:38:29,653 [grpc-default-executor-5] INFO  impl.RoleInfo (RoleInfo.java:shutdownFollowerState(121)) - 4b035f45-7941-40c3-ba2d-1cbecd2d369e: shutdown FollowerState
2019-10-17 07:38:29,654 [grpc-default-executor-5] INFO  impl.RoleInfo (RoleInfo.java:updateAndGet(143)) - 4b035f45-7941-40c3-ba2d-1cbecd2d369e: start FollowerState
2019-10-17 07:38:29,654 [grpc-default-executor-6] INFO  impl.RaftServerImpl (RaftServerImpl.java:setRole(184)) - 920a4478-64f4-4720-983c-9a2102f3c94b@group-9DC5606B5DE8: changes role from  FOLLOWER to FOLLOWER at term 113 for recognizeCandidate:05f59524-a4ea-4be4-b99d-fb9eed47142d
2019-10-17 07:38:29,654 [grpc-default-executor-6] INFO  impl.RoleInfo (RoleInfo.java:shutdownFollowerState(121)) - 920a4478-64f4-4720-983c-9a2102f3c94b: shutdown FollowerState
2019-10-17 07:38:29,654 [Thread-1058] INFO  impl.FollowerState (FollowerState.java:run(117)) - 4b035f45-7941-40c3-ba2d-1cbecd2d369e@group-9DC5606B5DE8-FollowerState was interrupted: java.lang.InterruptedException: sleep interrupted
2019-10-17 07:38:29,654 [grpc-default-executor-6] INFO  impl.RoleInfo (RoleInfo.java:updateAndGet(143)) - 920a4478-64f4-4720-983c-9a2102f3c94b: start FollowerState
2019-10-17 07:38:29,654 [Thread-1059] INFO  impl.FollowerState (FollowerState.java:run(117)) - 920a4478-64f4-4720-983c-9a2102f3c94b@group-9DC5606B5DE8-FollowerState was interrupted: java.lang.InterruptedException: sleep interrupted
2019-10-17 07:38:29,683 [05f59524-a4ea-4be4-b99d-fb9eed47142d@group-9DC5606B5DE8-LeaderElection101] INFO  impl.LeaderElection (LeaderElection.java:logAndReturn(56)) - 05f59524-a4ea-4be4-b99d-fb9eed47142d@group-9DC5606B5DE8-LeaderElection101: Election REJECTED; received 2 response(s) [05f59524-a4ea-4be4-b99d-fb9eed47142d<-4b035f45-7941-40c3-ba2d-1cbecd2d369e#0:FAIL-t113, 05f59524-a4ea-4be4-b99d-fb9eed47142d<-920a4478-64f4-4720-983c-9a2102f3c94b#0:FAIL-t113] and 0 exception(s); 05f59524-a4ea-4be4-b99d-fb9eed47142d@group-9DC5606B5DE8:t113, leader=null, voted=05f59524-a4ea-4be4-b99d-fb9eed47142d, raftlog=05f59524-a4ea-4be4-b99d-fb9eed47142d@group-9DC5606B5DE8-SegmentedRaftLog:OPENED:c-1,f-1,i0, conf=-1: [05f59524-a4ea-4be4-b99d-fb9eed47142d:192.168.34.62:45919, 4b035f45-7941-40c3-ba2d-1cbecd2d369e:192.168.34.62:45443, 920a4478-64f4-4720-983c-9a2102f3c94b:192.168.34.62:38609], old=null
2019-10-17 07:38:29,683 [05f59524-a4ea-4be4-b99d-fb9eed47142d@group-9DC5606B5DE8-LeaderElection101] INFO  impl.RaftServerImpl (RaftServerImpl.java:setRole(184)) - 05f59524-a4ea-4be4-b99d-fb9eed47142d@group-9DC5606B5DE8: changes role from CANDIDATE to FOLLOWER at term 113 for DISCOVERED_A_NEW_TERM
2019-10-17 07:38:29,683 [05f59524-a4ea-4be4-b99d-fb9eed47142d@group-9DC5606B5DE8-LeaderElection101] INFO  impl.RoleInfo (RoleInfo.java:shutdownLeaderElection(134)) - 05f59524-a4ea-4be4-b99d-fb9eed47142d: shutdown LeaderElection
2019-10-17 07:38:29,683 [05f59524-a4ea-4be4-b99d-fb9eed47142d@group-9DC5606B5DE8-LeaderElection101] INFO  impl.RoleInfo (RoleInfo.java:updateAndGet(143)) - 05f59524-a4ea-4be4-b99d-fb9eed47142d: start FollowerState
2019-10-17 07:38:29,805 [Thread-1064] INFO  impl.FollowerState (FollowerState.java:run(108)) - 05f59524-a4ea-4be4-b99d-fb9eed47142d@group-9DC5606B5DE8-FollowerState: change to CANDIDATE, lastRpcTime:121ms, electionTimeout:121ms
2019-10-17 07:38:29,805 [Thread-1064] INFO  impl.RoleInfo (RoleInfo.java:shutdownFollowerState(121)) - 05f59524-a4ea-4be4-b99d-fb9eed47142d: shutdown FollowerState
2019-10-17 07:38:29,805 [Thread-1064] INFO  impl.RaftServerImpl (RaftServerImpl.java:setRole(184)) - 05f59524-a4ea-4be4-b99d-fb9eed47142d@group-9DC5606B5DE8: changes role from  FOLLOWER to CANDIDATE at term 113 for changeToCandidate
2019-10-17 07:38:29,806 [Thread-1064] INFO  impl.RoleInfo (RoleInfo.java:updateAndGet(143)) - 05f59524-a4ea-4be4-b99d-fb9eed47142d: start LeaderElection
2019-10-17 07:38:29,839 [05f59524-a4ea-4be4-b99d-fb9eed47142d@group-9DC5606B5DE8-LeaderElection102] INFO  impl.LeaderElection (LeaderElection.java:askForVotes(178)) - 05f59524-a4ea-4be4-b99d-fb9eed47142d@group-9DC5606B5DE8-LeaderElection102: begin an election at term 114 for -1: [05f59524-a4ea-4be4-b99d-fb9eed47142d:192.168.34.62:45919, 4b035f45-7941-40c3-ba2d-1cbecd2d369e:192.168.34.62:45443, 920a4478-64f4-4720-983c-9a2102f3c94b:192.168.34.62:38609], old=null
2019-10-17 07:38:29,842 [05f59524-a4ea-4be4-b99d-fb9eed47142d@group-9DC5606B5DE8-LeaderElection102] INFO  impl.LeaderElection (LeaderElection.java:logAndReturn(56)) - 05f59524-a4ea-4be4-b99d-fb9eed47142d@group-9DC5606B5DE8-LeaderElection102: Election TIMEOUT; received 0 response(s) [] and 0 exception(s); 05f59524-a4ea-4be4-b99d-fb9eed47142d@group-9DC5606B5DE8:t114, leader=null, voted=05f59524-a4ea-4be4-b99d-fb9eed47142d, raftlog=05f59524-a4ea-4be4-b99d-fb9eed47142d@group-9DC5606B5DE8-SegmentedRaftLog:OPENED:c-1,f-1,i0, conf=-1: [05f59524-a4ea-4be4-b99d-fb9eed47142d:192.168.34.62:45919, 4b035f45-7941-40c3-ba2d-1cbecd2d369e:192.168.34.62:45443, 920a4478-64f4-4720-983c-9a2102f3c94b:192.168.34.62:38609], old=null
2019-10-17 07:38:29,842 [grpc-default-executor-5] INFO  impl.RaftServerImpl (RaftServerImpl.java:setRole(184)) - 4b035f45-7941-40c3-ba2d-1cbecd2d369e@group-9DC5606B5DE8: changes role from  FOLLOWER to FOLLOWER at term 114 for recognizeCandidate:05f59524-a4ea-4be4-b99d-fb9eed47142d
2019-10-17 07:38:29,842 [grpc-default-executor-5] INFO  impl.RoleInfo (RoleInfo.java:shutdownFollowerState(121)) - 4b035f45-7941-40c3-ba2d-1cbecd2d369e: shutdown FollowerState
2019-10-17 07:38:29,842 [grpc-default-executor-6] INFO  impl.RaftServerImpl (RaftServerImpl.java:setRole(184)) - 920a4478-64f4-4720-983c-9a2102f3c94b@group-9DC5606B5DE8: changes role from  FOLLOWER to FOLLOWER at term 114 for recognizeCandidate:05f59524-a4ea-4be4-b99d-fb9eed47142d
2019-10-17 07:38:29,842 [grpc-default-executor-5] INFO  impl.RoleInfo (RoleInfo.java:updateAndGet(143)) - 4b035f45-7941-40c3-ba2d-1cbecd2d369e: start FollowerState
2019-10-17 07:38:29,842 [Thread-1062] INFO  impl.FollowerState (FollowerState.java:run(117)) - 4b035f45-7941-40c3-ba2d-1cbecd2d369e@group-9DC5606B5DE8-FollowerState was interrupted: java.lang.InterruptedException: sleep interrupted
2019-10-17 07:38:29,842 [grpc-default-executor-6] INFO  impl.RoleInfo (RoleInfo.java:shutdownFollowerState(121)) - 920a4478-64f4-4720-983c-9a2102f3c94b: shutdown FollowerState
2019-10-17 07:38:29,843 [grpc-default-executor-6] INFO  impl.RoleInfo (RoleInfo.java:updateAndGet(143)) - 920a4478-64f4-4720-983c-9a2102f3c94b: start FollowerState
2019-10-17 07:38:29,843 [Thread-1063] INFO  impl.FollowerState (FollowerState.java:run(117)) - 920a4478-64f4-4720-983c-9a2102f3c94b@group-9DC5606B5DE8-FollowerState was interrupted: java.lang.InterruptedException: sleep interrupted
2019-10-17 07:38:29,877 [05f59524-a4ea-4be4-b99d-fb9eed47142d@group-9DC5606B5DE8-LeaderElection102] INFO  impl.LeaderElection (LeaderElection.java:askForVotes(178)) - 05f59524-a4ea-4be4-b99d-fb9eed47142d@group-9DC5606B5DE8-LeaderElection102: begin an election at term 115 for -1: [05f59524-a4ea-4be4-b99d-fb9eed47142d:192.168.34.62:45919, 4b035f45-7941-40c3-ba2d-1cbecd2d369e:192.168.34.62:45443, 920a4478-64f4-4720-983c-9a2102f3c94b:192.168.34.62:38609], old=null
2019-10-17 07:38:29,879 [grpc-default-executor-5] INFO  impl.RaftServerImpl (RaftServerImpl.java:setRole(184)) - 4b035f45-7941-40c3-ba2d-1cbecd2d369e@group-9DC5606B5DE8: changes role from  FOLLOWER to FOLLOWER at term 115 for recognizeCandidate:05f59524-a4ea-4be4-b99d-fb9eed47142d
2019-10-17 07:38:29,879 [grpc-default-executor-5] INFO  impl.RoleInfo (RoleInfo.java:shutdownFollowerState(121)) - 4b035f45-7941-40c3-ba2d-1cbecd2d369e: shutdown FollowerState
2019-10-17 07:38:29,880 [grpc-default-executor-5] INFO  impl.RoleInfo (RoleInfo.java:updateAndGet(143)) - 4b035f45-7941-40c3-ba2d-1cbecd2d369e: start FollowerState
2019-10-17 07:38:29,880 [Thread-1070] INFO  impl.FollowerState (FollowerState.java:run(117)) - 4b035f45-7941-40c3-ba2d-1cbecd2d369e@group-9DC5606B5DE8-FollowerState was interrupted: java.lang.InterruptedException: sleep interrupted
2019-10-17 07:38:29,880 [grpc-default-executor-6] INFO  impl.RaftServerImpl (RaftServerImpl.java:setRole(184)) - 920a4478-64f4-4720-983c-9a2102f3c94b@group-9DC5606B5DE8: changes role from  FOLLOWER to FOLLOWER at term 115 for recognizeCandidate:05f59524-a4ea-4be4-b99d-fb9eed47142d
2019-10-17 07:38:29,880 [grpc-default-executor-6] INFO  impl.RoleInfo (RoleInfo.java:shutdownFollowerState(121)) - 920a4478-64f4-4720-983c-9a2102f3c94b: shutdown FollowerState
2019-10-17 07:38:29,880 [grpc-default-executor-6] INFO  impl.RoleInfo (RoleInfo.java:updateAndGet(143)) - 920a4478-64f4-4720-983c-9a2102f3c94b: start FollowerState
2019-10-17 07:38:29,880 [Thread-1071] INFO  impl.FollowerState (FollowerState.java:run(117)) - 920a4478-64f4-4720-983c-9a2102f3c94b@group-9DC5606B5DE8-FollowerState was interrupted: java.lang.InterruptedException: sleep interrupted
2019-10-17 07:38:29,906 [05f59524-a4ea-4be4-b99d-fb9eed47142d@group-9DC5606B5DE8-LeaderElection102] INFO  impl.LeaderElection (LeaderElection.java:logAndReturn(56)) - 05f59524-a4ea-4be4-b99d-fb9eed47142d@group-9DC5606B5DE8-LeaderElection102: Election REJECTED; received 2 response(s) [05f59524-a4ea-4be4-b99d-fb9eed47142d<-4b035f45-7941-40c3-ba2d-1cbecd2d369e#0:FAIL-t115, 05f59524-a4ea-4be4-b99d-fb9eed47142d<-920a4478-64f4-4720-983c-9a2102f3c94b#0:FAIL-t115] and 0 exception(s); 05f59524-a4ea-4be4-b99d-fb9eed47142d@group-9DC5606B5DE8:t115, leader=null, voted=05f59524-a4ea-4be4-b99d-fb9eed47142d, raftlog=05f59524-a4ea-4be4-b99d-fb9eed47142d@group-9DC5606B5DE8-SegmentedRaftLog:OPENED:c-1,f-1,i0, conf=-1: [05f59524-a4ea-4be4-b99d-fb9eed47142d:192.168.34.62:45919, 4b035f45-7941-40c3-ba2d-1cbecd2d369e:192.168.34.62:45443, 920a4478-64f4-4720-983c-9a2102f3c94b:192.168.34.62:38609], old=null
2019-10-17 07:38:29,906 [05f59524-a4ea-4be4-b99d-fb9eed47142d@group-9DC5606B5DE8-LeaderElection102] INFO  impl.RaftServerImpl (RaftServerImpl.java:setRole(184)) - 05f59524-a4ea-4be4-b99d-fb9eed47142d@group-9DC5606B5DE8: changes role from CANDIDATE to FOLLOWER at term 115 for DISCOVERED_A_NEW_TERM
2019-10-17 07:38:29,907 [05f59524-a4ea-4be4-b99d-fb9eed47142d@group-9DC5606B5DE8-LeaderElection102] INFO  impl.RoleInfo (RoleInfo.java:shutdownLeaderElection(134)) - 05f59524-a4ea-4be4-b99d-fb9eed47142d: shutdown LeaderElection
2019-10-17 07:38:29,907 [05f59524-a4ea-4be4-b99d-fb9eed47142d@group-9DC5606B5DE8-LeaderElection102] INFO  impl.RoleInfo (RoleInfo.java:updateAndGet(143)) - 05f59524-a4ea-4be4-b99d-fb9eed47142d: start FollowerState
2019-10-17 07:38:30,099 [Thread-1076] INFO  impl.FollowerState (FollowerState.java:run(108)) - 05f59524-a4ea-4be4-b99d-fb9eed47142d@group-9DC5606B5DE8-FollowerState: change to CANDIDATE, lastRpcTime:192ms, electionTimeout:192ms
2019-10-17 07:38:30,100 [Thread-1076] INFO  impl.RoleInfo (RoleInfo.java:shutdownFollowerState(121)) - 05f59524-a4ea-4be4-b99d-fb9eed47142d: shutdown FollowerState
2019-10-17 07:38:30,100 [Thread-1076] INFO  impl.RaftServerImpl (RaftServerImpl.java:setRole(184)) - 05f59524-a4ea-4be4-b99d-fb9eed47142d@group-9DC5606B5DE8: changes role from  FOLLOWER to CANDIDATE at term 115 for changeToCandidate
2019-10-17 07:38:30,100 [Thread-1076] INFO  impl.RoleInfo (RoleInfo.java:updateAndGet(143)) - 05f59524-a4ea-4be4-b99d-fb9eed47142d: start LeaderElection
2019-10-17 07:38:30,126 [05f59524-a4ea-4be4-b99d-fb9eed47142d@group-9DC5606B5DE8-LeaderElection103] INFO  impl.LeaderElection (LeaderElection.java:askForVotes(178)) - 05f59524-a4ea-4be4-b99d-fb9eed47142d@group-9DC5606B5DE8-LeaderElection103: begin an election at term 116 for -1: [05f59524-a4ea-4be4-b99d-fb9eed47142d:192.168.34.62:45919, 4b035f45-7941-40c3-ba2d-1cbecd2d369e:192.168.34.62:45443, 920a4478-64f4-4720-983c-9a2102f3c94b:192.168.34.62:38609], old=null
2019-10-17 07:38:30,129 [grpc-default-executor-6] INFO  impl.RaftServerImpl (RaftServerImpl.java:setRole(184)) - 4b035f45-7941-40c3-ba2d-1cbecd2d369e@group-9DC5606B5DE8: changes role from  FOLLOWER to FOLLOWER at term 116 for recognizeCandidate:05f59524-a4ea-4be4-b99d-fb9eed47142d
2019-10-17 07:38:30,129 [grpc-default-executor-5] INFO  impl.RaftServerImpl (RaftServerImpl.java:setRole(184)) - 920a4478-64f4-4720-983c-9a2102f3c94b@group-9DC5606B5DE8: changes role from  FOLLOWER to FOLLOWER at term 116 for recognizeCandidate:05f59524-a4ea-4be4-b99d-fb9eed47142d
2019-10-17 07:38:30,129 [grpc-default-executor-6] INFO  impl.RoleInfo (RoleInfo.java:shutdownFollowerState(121)) - 4b035f45-7941-40c3-ba2d-1cbecd2d369e: shutdown FollowerState
2019-10-17 07:38:30,129 [grpc-default-executor-5] INFO  impl.RoleInfo (RoleInfo.java:shutdownFollowerState(121)) - 920a4478-64f4-4720-983c-9a2102f3c94b: shutdown FollowerState
2019-10-17 07:38:30,129 [grpc-default-executor-6] INFO  impl.RoleInfo (RoleInfo.java:updateAndGet(143)) - 4b035f45-7941-40c3-ba2d-1cbecd2d369e: start FollowerState
2019-10-17 07:38:30,129 [grpc-default-executor-5] INFO  impl.RoleInfo (RoleInfo.java:updateAndGet(143)) - 920a4478-64f4-4720-983c-9a2102f3c94b: start FollowerState
2019-10-17 07:38:30,129 [Thread-1074] INFO  impl.FollowerState (FollowerState.java:run(117)) - 4b035f45-7941-40c3-ba2d-1cbecd2d369e@group-9DC5606B5DE8-FollowerState was interrupted: java.lang.InterruptedException: sleep interrupted
2019-10-17 07:38:30,130 [Thread-1075] INFO  impl.FollowerState (FollowerState.java:run(117)) - 920a4478-64f4-4720-983c-9a2102f3c94b@group-9DC5606B5DE8-FollowerState was interrupted: java.lang.InterruptedException: sleep interrupted
2019-10-17 07:38:30,164 [05f59524-a4ea-4be4-b99d-fb9eed47142d@group-9DC5606B5DE8-LeaderElection103] INFO  impl.LeaderElection (LeaderElection.java:logAndReturn(56)) - 05f59524-a4ea-4be4-b99d-fb9eed47142d@group-9DC5606B5DE8-LeaderElection103: Election REJECTED; received 2 response(s) [05f59524-a4ea-4be4-b99d-fb9eed47142d<-4b035f45-7941-40c3-ba2d-1cbecd2d369e#0:FAIL-t116, 05f59524-a4ea-4be4-b99d-fb9eed47142d<-920a4478-64f4-4720-983c-9a2102f3c94b#0:FAIL-t116] and 0 exception(s); 05f59524-a4ea-4be4-b99d-fb9eed47142d@group-9DC5606B5DE8:t116, leader=null, voted=05f59524-a4ea-4be4-b99d-fb9eed47142d, raftlog=05f59524-a4ea-4be4-b99d-fb9eed47142d@group-9DC5606B5DE8-SegmentedRaftLog:OPENED:c-1,f-1,i0, conf=-1: [05f59524-a4ea-4be4-b99d-fb9eed47142d:192.168.34.62:45919, 4b035f45-7941-40c3-ba2d-1cbecd2d369e:192.168.34.62:45443, 920a4478-64f4-4720-983c-9a2102f3c94b:192.168.34.62:38609], old=null
2019-10-17 07:38:30,165 [05f59524-a4ea-4be4-b99d-fb9eed47142d@group-9DC5606B5DE8-LeaderElection103] INFO  impl.RaftServerImpl (RaftServerImpl.java:setRole(184)) - 05f59524-a4ea-4be4-b99d-fb9eed47142d@group-9DC5606B5DE8: changes role from CANDIDATE to FOLLOWER at term 116 for DISCOVERED_A_NEW_TERM
2019-10-17 07:38:30,165 [05f59524-a4ea-4be4-b99d-fb9eed47142d@group-9DC5606B5DE8-LeaderElection103] INFO  impl.RoleInfo (RoleInfo.java:shutdownLeaderElection(134)) - 05f59524-a4ea-4be4-b99d-fb9eed47142d: shutdown LeaderElection
2019-10-17 07:38:30,165 [05f59524-a4ea-4be4-b99d-fb9eed47142d@group-9DC5606B5DE8-LeaderElection103] INFO  impl.RoleInfo (RoleInfo.java:updateAndGet(143)) - 05f59524-a4ea-4be4-b99d-fb9eed47142d: start FollowerState
2019-10-17 07:38:30,302 [Thread-1082] INFO  impl.FollowerState (FollowerState.java:run(108)) - 05f59524-a4ea-4be4-b99d-fb9eed47142d@group-9DC5606B5DE8-FollowerState: change to CANDIDATE, lastRpcTime:137ms, electionTimeout:137ms
2019-10-17 07:38:30,303 [Thread-1082] INFO  impl.RoleInfo (RoleInfo.java:shutdownFollowerState(121)) - 05f59524-a4ea-4be4-b99d-fb9eed47142d: shutdown FollowerState
2019-10-17 07:38:30,303 [Thread-1082] INFO  impl.RaftServerImpl (RaftServerImpl.java:setRole(184)) - 05f59524-a4ea-4be4-b99d-fb9eed47142d@group-9DC5606B5DE8: changes role from  FOLLOWER to CANDIDATE at term 116 for changeToCandidate
2019-10-17 07:38:30,303 [Thread-1082] INFO  impl.RoleInfo (RoleInfo.java:updateAndGet(143)) - 05f59524-a4ea-4be4-b99d-fb9eed47142d: start LeaderElection
2019-10-17 07:38:30,324 [05f59524-a4ea-4be4-b99d-fb9eed47142d@group-9DC5606B5DE8-LeaderElection104] INFO  impl.LeaderElection (LeaderElection.java:askForVotes(178)) - 05f59524-a4ea-4be4-b99d-fb9eed47142d@group-9DC5606B5DE8-LeaderElection104: begin an election at term 117 for -1: [05f59524-a4ea-4be4-b99d-fb9eed47142d:192.168.34.62:45919, 4b035f45-7941-40c3-ba2d-1cbecd2d369e:192.168.34.62:45443, 920a4478-64f4-4720-983c-9a2102f3c94b:192.168.34.62:38609], old=null
2019-10-17 07:38:30,327 [grpc-default-executor-5] INFO  impl.RaftServerImpl (RaftServerImpl.java:setRole(184)) - 4b035f45-7941-40c3-ba2d-1cbecd2d369e@group-9DC5606B5DE8: changes role from  FOLLOWER to FOLLOWER at term 117 for recognizeCandidate:05f59524-a4ea-4be4-b99d-fb9eed47142d
2019-10-17 07:38:30,327 [grpc-default-executor-6] INFO  impl.RaftServerImpl (RaftServerImpl.java:setRole(184)) - 920a4478-64f4-4720-983c-9a2102f3c94b@group-9DC5606B5DE8: changes role from  FOLLOWER to FOLLOWER at term 117 for recognizeCandidate:05f59524-a4ea-4be4-b99d-fb9eed47142d
2019-10-17 07:38:30,327 [grpc-default-executor-5] INFO  impl.RoleInfo (RoleInfo.java:shutdownFollowerState(121)) - 4b035f45-7941-40c3-ba2d-1cbecd2d369e: shutdown FollowerState
2019-10-17 07:38:30,327 [grpc-default-executor-6] INFO  impl.RoleInfo (RoleInfo.java:shutdownFollowerState(121)) - 920a4478-64f4-4720-983c-9a2102f3c94b: shutdown FollowerState
2019-10-17 07:38:30,327 [grpc-default-executor-5] INFO  impl.RoleInfo (RoleInfo.java:updateAndGet(143)) - 4b035f45-7941-40c3-ba2d-1cbecd2d369e: start FollowerState
2019-10-17 07:38:30,328 [grpc-default-executor-6] INFO  impl.RoleInfo (RoleInfo.java:updateAndGet(143)) - 920a4478-64f4-4720-983c-9a2102f3c94b: start FollowerState
2019-10-17 07:38:30,328 [Thread-1080] INFO  impl.FollowerState (FollowerState.java:run(117)) - 4b035f45-7941-40c3-ba2d-1cbecd2d369e@group-9DC5606B5DE8-FollowerState was interrupted: java.lang.InterruptedException: sleep interrupted
2019-10-17 07:38:30,328 [Thread-1081] INFO  impl.FollowerState (FollowerState.java:run(117)) - 920a4478-64f4-4720-983c-9a2102f3c94b@group-9DC5606B5DE8-FollowerState was interrupted: java.lang.InterruptedException: sleep interrupted
2019-10-17 07:38:30,368 [05f59524-a4ea-4be4-b99d-fb9eed47142d@group-9DC5606B5DE8-LeaderElection104] INFO  impl.LeaderElection (LeaderElection.java:logAndReturn(56)) - 05f59524-a4ea-4be4-b99d-fb9eed47142d@group-9DC5606B5DE8-LeaderElection104: Election REJECTED; received 2 response(s) [05f59524-a4ea-4be4-b99d-fb9eed47142d<-4b035f45-7941-40c3-ba2d-1cbecd2d369e#0:FAIL-t117, 05f59524-a4ea-4be4-b99d-fb9eed47142d<-920a4478-64f4-4720-983c-9a2102f3c94b#0:FAIL-t117] and 0 exception(s); 05f59524-a4ea-4be4-b99d-fb9eed47142d@group-9DC5606B5DE8:t117, leader=null, voted=05f59524-a4ea-4be4-b99d-fb9eed47142d, raftlog=05f59524-a4ea-4be4-b99d-fb9eed47142d@group-9DC5606B5DE8-SegmentedRaftLog:OPENED:c-1,f-1,i0, conf=-1: [05f59524-a4ea-4be4-b99d-fb9eed47142d:192.168.34.62:45919, 4b035f45-7941-40c3-ba2d-1cbecd2d369e:192.168.34.62:45443, 920a4478-64f4-4720-983c-9a2102f3c94b:192.168.34.62:38609], old=null
2019-10-17 07:38:30,368 [05f59524-a4ea-4be4-b99d-fb9eed47142d@group-9DC5606B5DE8-LeaderElection104] INFO  impl.RaftServerImpl (RaftServerImpl.java:setRole(184)) - 05f59524-a4ea-4be4-b99d-fb9eed47142d@group-9DC5606B5DE8: changes role from CANDIDATE to FOLLOWER at term 117 for DISCOVERED_A_NEW_TERM
2019-10-17 07:38:30,368 [05f59524-a4ea-4be4-b99d-fb9eed47142d@group-9DC5606B5DE8-LeaderElection104] INFO  impl.RoleInfo (RoleInfo.java:shutdownLeaderElection(134)) - 05f59524-a4ea-4be4-b99d-fb9eed47142d: shutdown LeaderElection
2019-10-17 07:38:30,368 [05f59524-a4ea-4be4-b99d-fb9eed47142d@group-9DC5606B5DE8-LeaderElection104] INFO  impl.RoleInfo (RoleInfo.java:updateAndGet(143)) - 05f59524-a4ea-4be4-b99d-fb9eed47142d: start FollowerState
2019-10-17 07:38:30,482 [Thread-1088] INFO  impl.FollowerState (FollowerState.java:run(108)) - 05f59524-a4ea-4be4-b99d-fb9eed47142d@group-9DC5606B5DE8-FollowerState: change to CANDIDATE, lastRpcTime:113ms, electionTimeout:113ms
2019-10-17 07:38:30,482 [Thread-1088] INFO  impl.RoleInfo (RoleInfo.java:shutdownFollowerState(121)) - 05f59524-a4ea-4be4-b99d-fb9eed47142d: shutdown FollowerState
2019-10-17 07:38:30,482 [Thread-1088] INFO  impl.RaftServerImpl (RaftServerImpl.java:setRole(184)) - 05f59524-a4ea-4be4-b99d-fb9eed47142d@group-9DC5606B5DE8: changes role from  FOLLOWER to CANDIDATE at term 117 for changeToCandidate
2019-10-17 07:38:30,482 [Thread-1088] INFO  impl.RoleInfo (RoleInfo.java:updateAndGet(143)) - 05f59524-a4ea-4be4-b99d-fb9eed47142d: start LeaderElection
2019-10-17 07:38:30,513 [05f59524-a4ea-4be4-b99d-fb9eed47142d@group-9DC5606B5DE8-LeaderElection105] INFO  impl.LeaderElection (LeaderElection.java:askForVotes(178)) - 05f59524-a4ea-4be4-b99d-fb9eed47142d@group-9DC5606B5DE8-LeaderElection105: begin an election at term 118 for -1: [05f59524-a4ea-4be4-b99d-fb9eed47142d:192.168.34.62:45919, 4b035f45-7941-40c3-ba2d-1cbecd2d369e:192.168.34.62:45443, 920a4478-64f4-4720-983c-9a2102f3c94b:192.168.34.62:38609], old=null
2019-10-17 07:38:30,515 [grpc-default-executor-5] INFO  impl.RaftServerImpl (RaftServerImpl.java:setRole(184)) - 920a4478-64f4-4720-983c-9a2102f3c94b@group-9DC5606B5DE8: changes role from  FOLLOWER to FOLLOWER at term 118 for recognizeCandidate:05f59524-a4ea-4be4-b99d-fb9eed47142d
2019-10-17 07:38:30,515 [grpc-default-executor-6] INFO  impl.RaftServerImpl (RaftServerImpl.java:setRole(184)) - 4b035f45-7941-40c3-ba2d-1cbecd2d369e@group-9DC5606B5DE8: changes role from  FOLLOWER to FOLLOWER at term 118 for recognizeCandidate:05f59524-a4ea-4be4-b99d-fb9eed47142d
2019-10-17 07:38:30,516 [grpc-default-executor-5] INFO  impl.RoleInfo (RoleInfo.java:shutdownFollowerState(121)) - 920a4478-64f4-4720-983c-9a2102f3c94b: shutdown FollowerState
2019-10-17 07:38:30,516 [grpc-default-executor-6] INFO  impl.RoleInfo (RoleInfo.java:shutdownFollowerState(121)) - 4b035f45-7941-40c3-ba2d-1cbecd2d369e: shutdown FollowerState
2019-10-17 07:38:30,516 [Thread-1087] INFO  impl.FollowerState (FollowerState.java:run(117)) - 920a4478-64f4-4720-983c-9a2102f3c94b@group-9DC5606B5DE8-FollowerState was interrupted: java.lang.InterruptedException: sleep interrupted
2019-10-17 07:38:30,516 [grpc-default-executor-5] INFO  impl.RoleInfo (RoleInfo.java:updateAndGet(143)) - 920a4478-64f4-4720-983c-9a2102f3c94b: start FollowerState
2019-10-17 07:38:30,516 [Thread-1086] INFO  impl.FollowerState (FollowerState.java:run(117)) - 4b035f45-7941-40c3-ba2d-1cbecd2d369e@group-9DC5606B5DE8-FollowerState was interrupted: java.lang.InterruptedException: sleep interrupted
2019-10-17 07:38:30,516 [grpc-default-executor-6] INFO  impl.RoleInfo (RoleInfo.java:updateAndGet(143)) - 4b035f45-7941-40c3-ba2d-1cbecd2d369e: start FollowerState
2019-10-17 07:38:30,553 [05f59524-a4ea-4be4-b99d-fb9eed47142d@group-9DC5606B5DE8-LeaderElection105] INFO  impl.LeaderElection (LeaderElection.java:logAndReturn(56)) - 05f59524-a4ea-4be4-b99d-fb9eed47142d@group-9DC5606B5DE8-LeaderElection105: Election REJECTED; received 2 response(s) [05f59524-a4ea-4be4-b99d-fb9eed47142d<-4b035f45-7941-40c3-ba2d-1cbecd2d369e#0:FAIL-t118, 05f59524-a4ea-4be4-b99d-fb9eed47142d<-920a4478-64f4-4720-983c-9a2102f3c94b#0:FAIL-t118] and 0 exception(s); 05f59524-a4ea-4be4-b99d-fb9eed47142d@group-9DC5606B5DE8:t118, leader=null, voted=05f59524-a4ea-4be4-b99d-fb9eed47142d, raftlog=05f59524-a4ea-4be4-b99d-fb9eed47142d@group-9DC5606B5DE8-SegmentedRaftLog:OPENED:c-1,f-1,i0, conf=-1: [05f59524-a4ea-4be4-b99d-fb9eed47142d:192.168.34.62:45919, 4b035f45-7941-40c3-ba2d-1cbecd2d369e:192.168.34.62:45443, 920a4478-64f4-4720-983c-9a2102f3c94b:192.168.34.62:38609], old=null
2019-10-17 07:38:30,553 [05f59524-a4ea-4be4-b99d-fb9eed47142d@group-9DC5606B5DE8-LeaderElection105] INFO  impl.RaftServerImpl (RaftServerImpl.java:setRole(184)) - 05f59524-a4ea-4be4-b99d-fb9eed47142d@group-9DC5606B5DE8: changes role from CANDIDATE to FOLLOWER at term 118 for DISCOVERED_A_NEW_TERM
2019-10-17 07:38:30,553 [05f59524-a4ea-4be4-b99d-fb9eed47142d@group-9DC5606B5DE8-LeaderElection105] INFO  impl.RoleInfo (RoleInfo.java:shutdownLeaderElection(134)) - 05f59524-a4ea-4be4-b99d-fb9eed47142d: shutdown LeaderElection
2019-10-17 07:38:30,553 [05f59524-a4ea-4be4-b99d-fb9eed47142d@group-9DC5606B5DE8-LeaderElection105] INFO  impl.RoleInfo (RoleInfo.java:updateAndGet(143)) - 05f59524-a4ea-4be4-b99d-fb9eed47142d: start FollowerState
2019-10-17 07:38:30,729 [Thread-1094] INFO  impl.FollowerState (FollowerState.java:run(108)) - 05f59524-a4ea-4be4-b99d-fb9eed47142d@group-9DC5606B5DE8-FollowerState: change to CANDIDATE, lastRpcTime:175ms, electionTimeout:175ms
2019-10-17 07:38:30,729 [Thread-1094] INFO  impl.RoleInfo (RoleInfo.java:shutdownFollowerState(121)) - 05f59524-a4ea-4be4-b99d-fb9eed47142d: shutdown FollowerState
2019-10-17 07:38:30,729 [Thread-1094] INFO  impl.RaftServerImpl (RaftServerImpl.java:setRole(184)) - 05f59524-a4ea-4be4-b99d-fb9eed47142d@group-9DC5606B5DE8: changes role from  FOLLOWER to CANDIDATE at term 118 for changeToCandidate
2019-10-17 07:38:30,730 [Thread-1094] INFO  impl.RoleInfo (RoleInfo.java:updateAndGet(143)) - 05f59524-a4ea-4be4-b99d-fb9eed47142d: start LeaderElection
2019-10-17 07:38:30,759 [05f59524-a4ea-4be4-b99d-fb9eed47142d@group-9DC5606B5DE8-LeaderElection106] INFO  impl.LeaderElection (LeaderElection.java:askForVotes(178)) - 05f59524-a4ea-4be4-b99d-fb9eed47142d@group-9DC5606B5DE8-LeaderElection106: begin an election at term 119 for -1: [05f59524-a4ea-4be4-b99d-fb9eed47142d:192.168.34.62:45919, 4b035f45-7941-40c3-ba2d-1cbecd2d369e:192.168.34.62:45443, 920a4478-64f4-4720-983c-9a2102f3c94b:192.168.34.62:38609], old=null
2019-10-17 07:38:30,762 [grpc-default-executor-5] INFO  impl.RaftServerImpl (RaftServerImpl.java:setRole(184)) - 4b035f45-7941-40c3-ba2d-1cbecd2d369e@group-9DC5606B5DE8: changes role from  FOLLOWER to FOLLOWER at term 119 for recognizeCandidate:05f59524-a4ea-4be4-b99d-fb9eed47142d
2019-10-17 07:38:30,762 [grpc-default-executor-5] INFO  impl.RoleInfo (RoleInfo.java:shutdownFollowerState(121)) - 4b035f45-7941-40c3-ba2d-1cbecd2d369e: shutdown FollowerState
2019-10-17 07:38:30,763 [grpc-default-executor-6] INFO  impl.RaftServerImpl (RaftServerImpl.java:setRole(184)) - 920a4478-64f4-4720-983c-9a2102f3c94b@group-9DC5606B5DE8: changes role from  FOLLOWER to FOLLOWER at term 119 for recognizeCandidate:05f59524-a4ea-4be4-b99d-fb9eed47142d
2019-10-17 07:38:30,763 [grpc-default-executor-6] INFO  impl.RoleInfo (RoleInfo.java:shutdownFollowerState(121)) - 920a4478-64f4-4720-983c-9a2102f3c94b: shutdown FollowerState
2019-10-17 07:38:30,763 [Thread-1093] INFO  impl.FollowerState (FollowerState.java:run(117)) - 4b035f45-7941-40c3-ba2d-1cbecd2d369e@group-9DC5606B5DE8-FollowerState was interrupted: java.lang.InterruptedException: sleep interrupted
2019-10-17 07:38:30,763 [grpc-default-executor-5] INFO  impl.RoleInfo (RoleInfo.java:updateAndGet(143)) - 4b035f45-7941-40c3-ba2d-1cbecd2d369e: start FollowerState
2019-10-17 07:38:30,763 [Thread-1092] INFO  impl.FollowerState (FollowerState.java:run(117)) - 920a4478-64f4-4720-983c-9a2102f3c94b@group-9DC5606B5DE8-FollowerState was interrupted: java.lang.InterruptedException: sleep interrupted
2019-10-17 07:38:30,763 [grpc-default-executor-6] INFO  impl.RoleInfo (RoleInfo.java:updateAndGet(143)) - 920a4478-64f4-4720-983c-9a2102f3c94b: start FollowerState
2019-10-17 07:38:30,780 [05f59524-a4ea-4be4-b99d-fb9eed47142d@group-9DC5606B5DE8-LeaderElection106] INFO  impl.LeaderElection (LeaderElection.java:logAndReturn(56)) - 05f59524-a4ea-4be4-b99d-fb9eed47142d@group-9DC5606B5DE8-LeaderElection106: Election TIMEOUT; received 0 response(s) [] and 0 exception(s); 05f59524-a4ea-4be4-b99d-fb9eed47142d@group-9DC5606B5DE8:t119, leader=null, voted=05f59524-a4ea-4be4-b99d-fb9eed47142d, raftlog=05f59524-a4ea-4be4-b99d-fb9eed47142d@group-9DC5606B5DE8-SegmentedRaftLog:OPENED:c-1,f-1,i0, conf=-1: [05f59524-a4ea-4be4-b99d-fb9eed47142d:192.168.34.62:45919, 4b035f45-7941-40c3-ba2d-1cbecd2d369e:192.168.34.62:45443, 920a4478-64f4-4720-983c-9a2102f3c94b:192.168.34.62:38609], old=null
2019-10-17 07:38:30,842 [05f59524-a4ea-4be4-b99d-fb9eed47142d@group-9DC5606B5DE8-LeaderElection106] INFO  impl.LeaderElection (LeaderElection.java:askForVotes(178)) - 05f59524-a4ea-4be4-b99d-fb9eed47142d@group-9DC5606B5DE8-LeaderElection106: begin an election at term 120 for -1: [05f59524-a4ea-4be4-b99d-fb9eed47142d:192.168.34.62:45919, 4b035f45-7941-40c3-ba2d-1cbecd2d369e:192.168.34.62:45443, 920a4478-64f4-4720-983c-9a2102f3c94b:192.168.34.62:38609], old=null
2019-10-17 07:38:30,844 [grpc-default-executor-5] INFO  impl.RaftServerImpl (RaftServerImpl.java:setRole(184)) - 4b035f45-7941-40c3-ba2d-1cbecd2d369e@group-9DC5606B5DE8: changes role from  FOLLOWER to FOLLOWER at term 120 for recognizeCandidate:05f59524-a4ea-4be4-b99d-fb9eed47142d
2019-10-17 07:38:30,845 [grpc-default-executor-6] INFO  impl.RaftServerImpl (RaftServerImpl.java:setRole(184)) - 920a4478-64f4-4720-983c-9a2102f3c94b@group-9DC5606B5DE8: changes role from  FOLLOWER to FOLLOWER at term 120 for recognizeCandidate:05f59524-a4ea-4be4-b99d-fb9eed47142d
2019-10-17 07:38:30,845 [grpc-default-executor-5] INFO  impl.RoleInfo (RoleInfo.java:shutdownFollowerState(121)) - 4b035f45-7941-40c3-ba2d-1cbecd2d369e: shutdown FollowerState
2019-10-17 07:38:30,845 [grpc-default-executor-6] INFO  impl.RoleInfo (RoleInfo.java:shutdownFollowerState(121)) - 920a4478-64f4-4720-983c-9a2102f3c94b: shutdown FollowerState
2019-10-17 07:38:30,845 [grpc-default-executor-5] INFO  impl.RoleInfo (RoleInfo.java:updateAndGet(143)) - 4b035f45-7941-40c3-ba2d-1cbecd2d369e: start FollowerState
2019-10-17 07:38:30,845 [Thread-1099] INFO  impl.FollowerState (FollowerState.java:run(117)) - 920a4478-64f4-4720-983c-9a2102f3c94b@group-9DC5606B5DE8-FollowerState was interrupted: java.lang.InterruptedException: sleep interrupted
2019-10-17 07:38:30,845 [grpc-default-executor-6] INFO  impl.RoleInfo (RoleInfo.java:updateAndGet(143)) - 920a4478-64f4-4720-983c-9a2102f3c94b: start FollowerState
2019-10-17 07:38:30,845 [Thread-1098] INFO  impl.FollowerState (FollowerState.java:run(117)) - 4b035f45-7941-40c3-ba2d-1cbecd2d369e@group-9DC5606B5DE8-FollowerState was interrupted: java.lang.InterruptedException: sleep interrupted
2019-10-17 07:38:30,885 [05f59524-a4ea-4be4-b99d-fb9eed47142d@group-9DC5606B5DE8-LeaderElection106] INFO  impl.LeaderElection (LeaderElection.java:logAndReturn(56)) - 05f59524-a4ea-4be4-b99d-fb9eed47142d@group-9DC5606B5DE8-LeaderElection106: Election REJECTED; received 2 response(s) [05f59524-a4ea-4be4-b99d-fb9eed47142d<-4b035f45-7941-40c3-ba2d-1cbecd2d369e#0:FAIL-t120, 05f59524-a4ea-4be4-b99d-fb9eed47142d<-920a4478-64f4-4720-983c-9a2102f3c94b#0:FAIL-t120] and 0 exception(s); 05f59524-a4ea-4be4-b99d-fb9eed47142d@group-9DC5606B5DE8:t120, leader=null, voted=05f59524-a4ea-4be4-b99d-fb9eed47142d, raftlog=05f59524-a4ea-4be4-b99d-fb9eed47142d@group-9DC5606B5DE8-SegmentedRaftLog:OPENED:c-1,f-1,i0, conf=-1: [05f59524-a4ea-4be4-b99d-fb9eed47142d:192.168.34.62:45919, 4b035f45-7941-40c3-ba2d-1cbecd2d369e:192.168.34.62:45443, 920a4478-64f4-4720-983c-9a2102f3c94b:192.168.34.62:38609], old=null
2019-10-17 07:38:30,885 [05f59524-a4ea-4be4-b99d-fb9eed47142d@group-9DC5606B5DE8-LeaderElection106] INFO  impl.RaftServerImpl (RaftServerImpl.java:setRole(184)) - 05f59524-a4ea-4be4-b99d-fb9eed47142d@group-9DC5606B5DE8: changes role from CANDIDATE to FOLLOWER at term 120 for DISCOVERED_A_NEW_TERM
2019-10-17 07:38:30,886 [05f59524-a4ea-4be4-b99d-fb9eed47142d@group-9DC5606B5DE8-LeaderElection106] INFO  impl.RoleInfo (RoleInfo.java:shutdownLeaderElection(134)) - 05f59524-a4ea-4be4-b99d-fb9eed47142d: shutdown LeaderElection
2019-10-17 07:38:30,886 [05f59524-a4ea-4be4-b99d-fb9eed47142d@group-9DC5606B5DE8-LeaderElection106] INFO  impl.RoleInfo (RoleInfo.java:updateAndGet(143)) - 05f59524-a4ea-4be4-b99d-fb9eed47142d: start FollowerState
2019-10-17 07:38:30,898 [Thread-1104] INFO  impl.FollowerState (FollowerState.java:run(108)) - 05f59524-a4ea-4be4-b99d-fb9eed47142d@group-9DC5606B5DE8-FollowerState: change to CANDIDATE, lastRpcTime:12ms, electionTimeout:12ms
2019-10-17 07:38:30,898 [Thread-1104] INFO  impl.RoleInfo (RoleInfo.java:shutdownFollowerState(121)) - 05f59524-a4ea-4be4-b99d-fb9eed47142d: shutdown FollowerState
2019-10-17 07:38:30,899 [Thread-1104] INFO  impl.RaftServerImpl (RaftServerImpl.java:setRole(184)) - 05f59524-a4ea-4be4-b99d-fb9eed47142d@group-9DC5606B5DE8: changes role from  FOLLOWER to CANDIDATE at term 120 for changeToCandidate
2019-10-17 07:38:30,899 [Thread-1104] INFO  impl.RoleInfo (RoleInfo.java:updateAndGet(143)) - 05f59524-a4ea-4be4-b99d-fb9eed47142d: start LeaderElection
2019-10-17 07:38:30,928 [05f59524-a4ea-4be4-b99d-fb9eed47142d@group-9DC5606B5DE8-LeaderElection107] INFO  impl.LeaderElection (LeaderElection.java:askForVotes(178)) - 05f59524-a4ea-4be4-b99d-fb9eed47142d@group-9DC5606B5DE8-LeaderElection107: begin an election at term 121 for -1: [05f59524-a4ea-4be4-b99d-fb9eed47142d:192.168.34.62:45919, 4b035f45-7941-40c3-ba2d-1cbecd2d369e:192.168.34.62:45443, 920a4478-64f4-4720-983c-9a2102f3c94b:192.168.34.62:38609], old=null
2019-10-17 07:38:30,930 [grpc-default-executor-6] INFO  impl.RaftServerImpl (RaftServerImpl.java:setRole(184)) - 4b035f45-7941-40c3-ba2d-1cbecd2d369e@group-9DC5606B5DE8: changes role from  FOLLOWER to FOLLOWER at term 121 for recognizeCandidate:05f59524-a4ea-4be4-b99d-fb9eed47142d
2019-10-17 07:38:30,930 [grpc-default-executor-6] INFO  impl.RoleInfo (RoleInfo.java:shutdownFollowerState(121)) - 4b035f45-7941-40c3-ba2d-1cbecd2d369e: shutdown FollowerState
2019-10-17 07:38:30,931 [grpc-default-executor-6] INFO  impl.RoleInfo (RoleInfo.java:updateAndGet(143)) - 4b035f45-7941-40c3-ba2d-1cbecd2d369e: start FollowerState
2019-10-17 07:38:30,931 [Thread-1102] INFO  impl.FollowerState (FollowerState.java:run(117)) - 4b035f45-7941-40c3-ba2d-1cbecd2d369e@group-9DC5606B5DE8-FollowerState was interrupted: java.lang.InterruptedException: sleep interrupted
2019-10-17 07:38:30,931 [grpc-default-executor-5] INFO  impl.RaftServerImpl (RaftServerImpl.java:setRole(184)) - 920a4478-64f4-4720-983c-9a2102f3c94b@group-9DC5606B5DE8: changes role from  FOLLOWER to FOLLOWER at term 121 for recognizeCandidate:05f59524-a4ea-4be4-b99d-fb9eed47142d
2019-10-17 07:38:30,931 [grpc-default-executor-5] INFO  impl.RoleInfo (RoleInfo.java:shutdownFollowerState(121)) - 920a4478-64f4-4720-983c-9a2102f3c94b: shutdown FollowerState
2019-10-17 07:38:30,931 [grpc-default-executor-5] INFO  impl.RoleInfo (RoleInfo.java:updateAndGet(143)) - 920a4478-64f4-4720-983c-9a2102f3c94b: start FollowerState
2019-10-17 07:38:30,931 [Thread-1103] INFO  impl.FollowerState (FollowerState.java:run(117)) - 920a4478-64f4-4720-983c-9a2102f3c94b@group-9DC5606B5DE8-FollowerState was interrupted: java.lang.InterruptedException: sleep interrupted
2019-10-17 07:38:30,962 [05f59524-a4ea-4be4-b99d-fb9eed47142d@group-9DC5606B5DE8-LeaderElection107] INFO  impl.LeaderElection (LeaderElection.java:logAndReturn(56)) - 05f59524-a4ea-4be4-b99d-fb9eed47142d@group-9DC5606B5DE8-LeaderElection107: Election TIMEOUT; received 0 response(s) [] and 0 exception(s); 05f59524-a4ea-4be4-b99d-fb9eed47142d@group-9DC5606B5DE8:t121, leader=null, voted=05f59524-a4ea-4be4-b99d-fb9eed47142d, raftlog=05f59524-a4ea-4be4-b99d-fb9eed47142d@group-9DC5606B5DE8-SegmentedRaftLog:OPENED:c-1,f-1,i0, conf=-1: [05f59524-a4ea-4be4-b99d-fb9eed47142d:192.168.34.62:45919, 4b035f45-7941-40c3-ba2d-1cbecd2d369e:192.168.34.62:45443, 920a4478-64f4-4720-983c-9a2102f3c94b:192.168.34.62:38609], old=null
2019-10-17 07:38:31,010 [05f59524-a4ea-4be4-b99d-fb9eed47142d@group-9DC5606B5DE8-LeaderElection107] INFO  impl.LeaderElection (LeaderElection.java:askForVotes(178)) - 05f59524-a4ea-4be4-b99d-fb9eed47142d@group-9DC5606B5DE8-LeaderElection107: begin an election at term 122 for -1: [05f59524-a4ea-4be4-b99d-fb9eed47142d:192.168.34.62:45919, 4b035f45-7941-40c3-ba2d-1cbecd2d369e:192.168.34.62:45443, 920a4478-64f4-4720-983c-9a2102f3c94b:192.168.34.62:38609], old=null
2019-10-17 07:38:31,014 [grpc-default-executor-5] INFO  impl.RaftServerImpl (RaftServerImpl.java:setRole(184)) - 4b035f45-7941-40c3-ba2d-1cbecd2d369e@group-9DC5606B5DE8: changes role from  FOLLOWER to FOLLOWER at term 122 for recognizeCandidate:05f59524-a4ea-4be4-b99d-fb9eed47142d
2019-10-17 07:38:31,014 [grpc-default-executor-5] INFO  impl.RoleInfo (RoleInfo.java:shutdownFollowerState(121)) - 4b035f45-7941-40c3-ba2d-1cbecd2d369e: shutdown FollowerState
2019-10-17 07:38:31,014 [grpc-default-executor-6] INFO  impl.RaftServerImpl (RaftServerImpl.java:setRole(184)) - 920a4478-64f4-4720-983c-9a2102f3c94b@group-9DC5606B5DE8: changes role from  FOLLOWER to FOLLOWER at term 122 for recognizeCandidate:05f59524-a4ea-4be4-b99d-fb9eed47142d
2019-10-17 07:38:31,014 [grpc-default-executor-5] INFO  impl.RoleInfo (RoleInfo.java:updateAndGet(143)) - 4b035f45-7941-40c3-ba2d-1cbecd2d369e: start FollowerState
2019-10-17 07:38:31,014 [grpc-default-executor-6] INFO  impl.RoleInfo (RoleInfo.java:shutdownFollowerState(121)) - 920a4478-64f4-4720-983c-9a2102f3c94b: shutdown FollowerState
2019-10-17 07:38:31,014 [Thread-1108] INFO  impl.FollowerState (FollowerState.java:run(117)) - 4b035f45-7941-40c3-ba2d-1cbecd2d369e@group-9DC5606B5DE8-FollowerState was interrupted: java.lang.InterruptedException: sleep interrupted
2019-10-17 07:38:31,015 [Thread-1109] INFO  impl.FollowerState (FollowerState.java:run(117)) - 920a4478-64f4-4720-983c-9a2102f3c94b@group-9DC5606B5DE8-FollowerState was interrupted: java.lang.InterruptedException: sleep interrupted
2019-10-17 07:38:31,015 [grpc-default-executor-6] INFO  impl.RoleInfo (RoleInfo.java:updateAndGet(143)) - 920a4478-64f4-4720-983c-9a2102f3c94b: start FollowerState
2019-10-17 07:38:31,051 [05f59524-a4ea-4be4-b99d-fb9eed47142d@group-9DC5606B5DE8-LeaderElection107] INFO  impl.LeaderElection (LeaderElection.java:logAndReturn(56)) - 05f59524-a4ea-4be4-b99d-fb9eed47142d@group-9DC5606B5DE8-LeaderElection107: Election REJECTED; received 2 response(s) [05f59524-a4ea-4be4-b99d-fb9eed47142d<-4b035f45-7941-40c3-ba2d-1cbecd2d369e#0:FAIL-t122, 05f59524-a4ea-4be4-b99d-fb9eed47142d<-920a4478-64f4-4720-983c-9a2102f3c94b#0:FAIL-t122] and 0 exception(s); 05f59524-a4ea-4be4-b99d-fb9eed47142d@group-9DC5606B5DE8:t122, leader=null, voted=05f59524-a4ea-4be4-b99d-fb9eed47142d, raftlog=05f59524-a4ea-4be4-b99d-fb9eed47142d@group-9DC5606B5DE8-SegmentedRaftLog:OPENED:c-1,f-1,i0, conf=-1: [05f59524-a4ea-4be4-b99d-fb9eed47142d:192.168.34.62:45919, 4b035f45-7941-40c3-ba2d-1cbecd2d369e:192.168.34.62:45443, 920a4478-64f4-4720-983c-9a2102f3c94b:192.168.34.62:38609], old=null
2019-10-17 07:38:31,051 [05f59524-a4ea-4be4-b99d-fb9eed47142d@group-9DC5606B5DE8-LeaderElection107] INFO  impl.RaftServerImpl (RaftServerImpl.java:setRole(184)) - 05f59524-a4ea-4be4-b99d-fb9eed47142d@group-9DC5606B5DE8: changes role from CANDIDATE to FOLLOWER at term 122 for DISCOVERED_A_NEW_TERM
2019-10-17 07:38:31,052 [05f59524-a4ea-4be4-b99d-fb9eed47142d@group-9DC5606B5DE8-LeaderElection107] INFO  impl.RoleInfo (RoleInfo.java:shutdownLeaderElection(134)) - 05f59524-a4ea-4be4-b99d-fb9eed47142d: shutdown LeaderElection
2019-10-17 07:38:31,052 [05f59524-a4ea-4be4-b99d-fb9eed47142d@group-9DC5606B5DE8-LeaderElection107] INFO  impl.RoleInfo (RoleInfo.java:updateAndGet(143)) - 05f59524-a4ea-4be4-b99d-fb9eed47142d: start FollowerState
2019-10-17 07:38:31,167 [Thread-1114] INFO  impl.FollowerState (FollowerState.java:run(108)) - 05f59524-a4ea-4be4-b99d-fb9eed47142d@group-9DC5606B5DE8-FollowerState: change to CANDIDATE, lastRpcTime:114ms, electionTimeout:114ms
2019-10-17 07:38:31,167 [Thread-1114] INFO  impl.RoleInfo (RoleInfo.java:shutdownFollowerState(121)) - 05f59524-a4ea-4be4-b99d-fb9eed47142d: shutdown FollowerState
2019-10-17 07:38:31,167 [Thread-1114] INFO  impl.RaftServerImpl (RaftServerImpl.java:setRole(184)) - 05f59524-a4ea-4be4-b99d-fb9eed47142d@group-9DC5606B5DE8: changes role from  FOLLOWER to CANDIDATE at term 122 for changeToCandidate
2019-10-17 07:38:31,168 [Thread-1114] INFO  impl.RoleInfo (RoleInfo.java:updateAndGet(143)) - 05f59524-a4ea-4be4-b99d-fb9eed47142d: start LeaderElection
2019-10-17 07:38:31,206 [05f59524-a4ea-4be4-b99d-fb9eed47142d@group-9DC5606B5DE8-LeaderElection108] INFO  impl.LeaderElection (LeaderElection.java:askForVotes(178)) - 05f59524-a4ea-4be4-b99d-fb9eed47142d@group-9DC5606B5DE8-LeaderElection108: begin an election at term 123 for -1: [05f59524-a4ea-4be4-b99d-fb9eed47142d:192.168.34.62:45919, 4b035f45-7941-40c3-ba2d-1cbecd2d369e:192.168.34.62:45443, 920a4478-64f4-4720-983c-9a2102f3c94b:192.168.34.62:38609], old=null
2019-10-17 07:38:31,209 [grpc-default-executor-5] INFO  impl.RaftServerImpl (RaftServerImpl.java:setRole(184)) - 4b035f45-7941-40c3-ba2d-1cbecd2d369e@group-9DC5606B5DE8: changes role from  FOLLOWER to FOLLOWER at term 123 for recognizeCandidate:05f59524-a4ea-4be4-b99d-fb9eed47142d
2019-10-17 07:38:31,209 [grpc-default-executor-6] INFO  impl.RaftServerImpl (RaftServerImpl.java:setRole(184)) - 920a4478-64f4-4720-983c-9a2102f3c94b@group-9DC5606B5DE8: changes role from  FOLLOWER to FOLLOWER at term 123 for recognizeCandidate:05f59524-a4ea-4be4-b99d-fb9eed47142d
2019-10-17 07:38:31,209 [grpc-default-executor-5] INFO  impl.RoleInfo (RoleInfo.java:shutdownFollowerState(121)) - 4b035f45-7941-40c3-ba2d-1cbecd2d369e: shutdown FollowerState
2019-10-17 07:38:31,209 [grpc-default-executor-6] INFO  impl.RoleInfo (RoleInfo.java:shutdownFollowerState(121)) - 920a4478-64f4-4720-983c-9a2102f3c94b: shutdown FollowerState
2019-10-17 07:38:31,210 [grpc-default-executor-5] INFO  impl.RoleInfo (RoleInfo.java:updateAndGet(143)) - 4b035f45-7941-40c3-ba2d-1cbecd2d369e: start FollowerState
2019-10-17 07:38:31,210 [grpc-default-executor-6] INFO  impl.RoleInfo (RoleInfo.java:updateAndGet(143)) - 920a4478-64f4-4720-983c-9a2102f3c94b: start FollowerState
2019-10-17 07:38:31,210 [Thread-1112] INFO  impl.FollowerState (FollowerState.java:run(117)) - 4b035f45-7941-40c3-ba2d-1cbecd2d369e@group-9DC5606B5DE8-FollowerState was interrupted: java.lang.InterruptedException: sleep interrupted
2019-10-17 07:38:31,210 [Thread-1113] INFO  impl.FollowerState (FollowerState.java:run(117)) - 920a4478-64f4-4720-983c-9a2102f3c94b@group-9DC5606B5DE8-FollowerState was interrupted: java.lang.InterruptedException: sleep interrupted
2019-10-17 07:38:31,225 [05f59524-a4ea-4be4-b99d-fb9eed47142d@group-9DC5606B5DE8-LeaderElection108] INFO  impl.LeaderElection (LeaderElection.java:logAndReturn(56)) - 05f59524-a4ea-4be4-b99d-fb9eed47142d@group-9DC5606B5DE8-LeaderElection108: Election REJECTED; received 2 response(s) [05f59524-a4ea-4be4-b99d-fb9eed47142d<-4b035f45-7941-40c3-ba2d-1cbecd2d369e#0:FAIL-t123, 05f59524-a4ea-4be4-b99d-fb9eed47142d<-920a4478-64f4-4720-983c-9a2102f3c94b#0:FAIL-t123] and 0 exception(s); 05f59524-a4ea-4be4-b99d-fb9eed47142d@group-9DC5606B5DE8:t123, leader=null, voted=05f59524-a4ea-4be4-b99d-fb9eed47142d, raftlog=05f59524-a4ea-4be4-b99d-fb9eed47142d@group-9DC5606B5DE8-SegmentedRaftLog:OPENED:c-1,f-1,i0, conf=-1: [05f59524-a4ea-4be4-b99d-fb9eed47142d:192.168.34.62:45919, 4b035f45-7941-40c3-ba2d-1cbecd2d369e:192.168.34.62:45443, 920a4478-64f4-4720-983c-9a2102f3c94b:192.168.34.62:38609], old=null
2019-10-17 07:38:31,225 [05f59524-a4ea-4be4-b99d-fb9eed47142d@group-9DC5606B5DE8-LeaderElection108] INFO  impl.RaftServerImpl (RaftServerImpl.java:setRole(184)) - 05f59524-a4ea-4be4-b99d-fb9eed47142d@group-9DC5606B5DE8: changes role from CANDIDATE to FOLLOWER at term 123 for DISCOVERED_A_NEW_TERM
2019-10-17 07:38:31,225 [05f59524-a4ea-4be4-b99d-fb9eed47142d@group-9DC5606B5DE8-LeaderElection108] INFO  impl.RoleInfo (RoleInfo.java:shutdownLeaderElection(134)) - 05f59524-a4ea-4be4-b99d-fb9eed47142d: shutdown LeaderElection
2019-10-17 07:38:31,225 [05f59524-a4ea-4be4-b99d-fb9eed47142d@group-9DC5606B5DE8-LeaderElection108] INFO  impl.RoleInfo (RoleInfo.java:updateAndGet(143)) - 05f59524-a4ea-4be4-b99d-fb9eed47142d: start FollowerState
2019-10-17 07:38:31,365 [Thread-1120] INFO  impl.FollowerState (FollowerState.java:run(108)) - 05f59524-a4ea-4be4-b99d-fb9eed47142d@group-9DC5606B5DE8-FollowerState: change to CANDIDATE, lastRpcTime:140ms, electionTimeout:140ms
2019-10-17 07:38:31,366 [Thread-1120] INFO  impl.RoleInfo (RoleInfo.java:shutdownFollowerState(121)) - 05f59524-a4ea-4be4-b99d-fb9eed47142d: shutdown FollowerState
2019-10-17 07:38:31,366 [Thread-1120] INFO  impl.RaftServerImpl (RaftServerImpl.java:setRole(184)) - 05f59524-a4ea-4be4-b99d-fb9eed47142d@group-9DC5606B5DE8: changes role from  FOLLOWER to CANDIDATE at term 123 for changeToCandidate
2019-10-17 07:38:31,366 [Thread-1120] INFO  impl.RoleInfo (RoleInfo.java:updateAndGet(143)) - 05f59524-a4ea-4be4-b99d-fb9eed47142d: start LeaderElection
2019-10-17 07:38:31,399 [05f59524-a4ea-4be4-b99d-fb9eed47142d@group-9DC5606B5DE8-LeaderElection109] INFO  impl.LeaderElection (LeaderElection.java:askForVotes(178)) - 05f59524-a4ea-4be4-b99d-fb9eed47142d@group-9DC5606B5DE8-LeaderElection109: begin an election at term 124 for -1: [05f59524-a4ea-4be4-b99d-fb9eed47142d:192.168.34.62:45919, 4b035f45-7941-40c3-ba2d-1cbecd2d369e:192.168.34.62:45443, 920a4478-64f4-4720-983c-9a2102f3c94b:192.168.34.62:38609], old=null
2019-10-17 07:38:31,402 [grpc-default-executor-5] INFO  impl.RaftServerImpl (RaftServerImpl.java:setRole(184)) - 4b035f45-7941-40c3-ba2d-1cbecd2d369e@group-9DC5606B5DE8: changes role from  FOLLOWER to FOLLOWER at term 124 for recognizeCandidate:05f59524-a4ea-4be4-b99d-fb9eed47142d
2019-10-17 07:38:31,402 [grpc-default-executor-5] INFO  impl.RoleInfo (RoleInfo.java:shutdownFollowerState(121)) - 4b035f45-7941-40c3-ba2d-1cbecd2d369e: shutdown FollowerState
2019-10-17 07:38:31,402 [grpc-default-executor-6] INFO  impl.RaftServerImpl (RaftServerImpl.java:setRole(184)) - 920a4478-64f4-4720-983c-9a2102f3c94b@group-9DC5606B5DE8: changes role from  FOLLOWER to FOLLOWER at term 124 for recognizeCandidate:05f59524-a4ea-4be4-b99d-fb9eed47142d
2019-10-17 07:38:31,403 [Thread-1118] INFO  impl.FollowerState (FollowerState.java:run(117)) - 4b035f45-7941-40c3-ba2d-1cbecd2d369e@group-9DC5606B5DE8-FollowerState was interrupted: java.lang.InterruptedException: sleep interrupted
2019-10-17 07:38:31,402 [grpc-default-executor-5] INFO  impl.RoleInfo (RoleInfo.java:updateAndGet(143)) - 4b035f45-7941-40c3-ba2d-1cbecd2d369e: start FollowerState
2019-10-17 07:38:31,403 [grpc-default-executor-6] INFO  impl.RoleInfo (RoleInfo.java:shutdownFollowerState(121)) - 920a4478-64f4-4720-983c-9a2102f3c94b: shutdown FollowerState
2019-10-17 07:38:31,403 [grpc-default-executor-6] INFO  impl.RoleInfo (RoleInfo.java:updateAndGet(143)) - 920a4478-64f4-4720-983c-9a2102f3c94b: start FollowerState
2019-10-17 07:38:31,403 [Thread-1119] INFO  impl.FollowerState (FollowerState.java:run(117)) - 920a4478-64f4-4720-983c-9a2102f3c94b@group-9DC5606B5DE8-FollowerState was interrupted: java.lang.InterruptedException: sleep interrupted
2019-10-17 07:38:31,433 [05f59524-a4ea-4be4-b99d-fb9eed47142d@group-9DC5606B5DE8-LeaderElection109] INFO  impl.LeaderElection (LeaderElection.java:logAndReturn(56)) - 05f59524-a4ea-4be4-b99d-fb9eed47142d@group-9DC5606B5DE8-LeaderElection109: Election REJECTED; received 2 response(s) [05f59524-a4ea-4be4-b99d-fb9eed47142d<-4b035f45-7941-40c3-ba2d-1cbecd2d369e#0:FAIL-t124, 05f59524-a4ea-4be4-b99d-fb9eed47142d<-920a4478-64f4-4720-983c-9a2102f3c94b#0:FAIL-t124] and 0 exception(s); 05f59524-a4ea-4be4-b99d-fb9eed47142d@group-9DC5606B5DE8:t124, leader=null, voted=05f59524-a4ea-4be4-b99d-fb9eed47142d, raftlog=05f59524-a4ea-4be4-b99d-fb9eed47142d@group-9DC5606B5DE8-SegmentedRaftLog:OPENED:c-1,f-1,i0, conf=-1: [05f59524-a4ea-4be4-b99d-fb9eed47142d:192.168.34.62:45919, 4b035f45-7941-40c3-ba2d-1cbecd2d369e:192.168.34.62:45443, 920a4478-64f4-4720-983c-9a2102f3c94b:192.168.34.62:38609], old=null
2019-10-17 07:38:31,433 [05f59524-a4ea-4be4-b99d-fb9eed47142d@group-9DC5606B5DE8-LeaderElection109] INFO  impl.RaftServerImpl (RaftServerImpl.java:setRole(184)) - 05f59524-a4ea-4be4-b99d-fb9eed47142d@group-9DC5606B5DE8: changes role from CANDIDATE to FOLLOWER at term 124 for DISCOVERED_A_NEW_TERM
2019-10-17 07:38:31,433 [05f59524-a4ea-4be4-b99d-fb9eed47142d@group-9DC5606B5DE8-LeaderElection109] INFO  impl.RoleInfo (RoleInfo.java:shutdownLeaderElection(134)) - 05f59524-a4ea-4be4-b99d-fb9eed47142d: shutdown LeaderElection
2019-10-17 07:38:31,433 [05f59524-a4ea-4be4-b99d-fb9eed47142d@group-9DC5606B5DE8-LeaderElection109] INFO  impl.RoleInfo (RoleInfo.java:updateAndGet(143)) - 05f59524-a4ea-4be4-b99d-fb9eed47142d: start FollowerState
2019-10-17 07:38:31,515 [Thread-1126] INFO  impl.FollowerState (FollowerState.java:run(108)) - 05f59524-a4ea-4be4-b99d-fb9eed47142d@group-9DC5606B5DE8-FollowerState: change to CANDIDATE, lastRpcTime:81ms, electionTimeout:81ms
2019-10-17 07:38:31,515 [Thread-1126] INFO  impl.RoleInfo (RoleInfo.java:shutdownFollowerState(121)) - 05f59524-a4ea-4be4-b99d-fb9eed47142d: shutdown FollowerState
2019-10-17 07:38:31,515 [Thread-1126] INFO  impl.RaftServerImpl (RaftServerImpl.java:setRole(184)) - 05f59524-a4ea-4be4-b99d-fb9eed47142d@group-9DC5606B5DE8: changes role from  FOLLOWER to CANDIDATE at term 124 for changeToCandidate
2019-10-17 07:38:31,515 [Thread-1126] INFO  impl.RoleInfo (RoleInfo.java:updateAndGet(143)) - 05f59524-a4ea-4be4-b99d-fb9eed47142d: start LeaderElection
2019-10-17 07:38:31,562 [05f59524-a4ea-4be4-b99d-fb9eed47142d@group-9DC5606B5DE8-LeaderElection110] INFO  impl.LeaderElection (LeaderElection.java:askForVotes(178)) - 05f59524-a4ea-4be4-b99d-fb9eed47142d@group-9DC5606B5DE8-LeaderElection110: begin an election at term 125 for -1: [05f59524-a4ea-4be4-b99d-fb9eed47142d:192.168.34.62:45919, 4b035f45-7941-40c3-ba2d-1cbecd2d369e:192.168.34.62:45443, 920a4478-64f4-4720-983c-9a2102f3c94b:192.168.34.62:38609], old=null
2019-10-17 07:38:31,565 [grpc-default-executor-6] INFO  impl.RaftServerImpl (RaftServerImpl.java:setRole(184)) - 4b035f45-7941-40c3-ba2d-1cbecd2d369e@group-9DC5606B5DE8: changes role from  FOLLOWER to FOLLOWER at term 125 for recognizeCandidate:05f59524-a4ea-4be4-b99d-fb9eed47142d
2019-10-17 07:38:31,565 [grpc-default-executor-5] INFO  impl.RaftServerImpl (RaftServerImpl.java:setRole(184)) - 920a4478-64f4-4720-983c-9a2102f3c94b@group-9DC5606B5DE8: changes role from  FOLLOWER to FOLLOWER at term 125 for recognizeCandidate:05f59524-a4ea-4be4-b99d-fb9eed47142d
2019-10-17 07:38:31,565 [grpc-default-executor-6] INFO  impl.RoleInfo (RoleInfo.java:shutdownFollowerState(121)) - 4b035f45-7941-40c3-ba2d-1cbecd2d369e: shutdown FollowerState
2019-10-17 07:38:31,565 [grpc-default-executor-5] INFO  impl.RoleInfo (RoleInfo.java:shutdownFollowerState(121)) - 920a4478-64f4-4720-983c-9a2102f3c94b: shutdown FollowerState
2019-10-17 07:38:31,566 [grpc-default-executor-6] INFO  impl.RoleInfo (RoleInfo.java:updateAndGet(143)) - 4b035f45-7941-40c3-ba2d-1cbecd2d369e: start FollowerState
2019-10-17 07:38:31,566 [Thread-1125] INFO  impl.FollowerState (FollowerState.java:run(117)) - 920a4478-64f4-4720-983c-9a2102f3c94b@group-9DC5606B5DE8-FollowerState was interrupted: java.lang.InterruptedException: sleep interrupted
2019-10-17 07:38:31,566 [grpc-default-executor-5] INFO  impl.RoleInfo (RoleInfo.java:updateAndGet(143)) - 920a4478-64f4-4720-983c-9a2102f3c94b: start FollowerState
2019-10-17 07:38:31,566 [Thread-1124] INFO  impl.FollowerState (FollowerState.java:run(117)) - 4b035f45-7941-40c3-ba2d-1cbecd2d369e@group-9DC5606B5DE8-FollowerState was interrupted: java.lang.InterruptedException: sleep interrupted
2019-10-17 07:38:31,580 [05f59524-a4ea-4be4-b99d-fb9eed47142d@group-9DC5606B5DE8-LeaderElection110] INFO  impl.LeaderElection (LeaderElection.java:logAndReturn(56)) - 05f59524-a4ea-4be4-b99d-fb9eed47142d@group-9DC5606B5DE8-LeaderElection110: Election REJECTED; received 2 response(s) [05f59524-a4ea-4be4-b99d-fb9eed47142d<-4b035f45-7941-40c3-ba2d-1cbecd2d369e#0:FAIL-t125, 05f59524-a4ea-4be4-b99d-fb9eed47142d<-920a4478-64f4-4720-983c-9a2102f3c94b#0:FAIL-t125] and 0 exception(s); 05f59524-a4ea-4be4-b99d-fb9eed47142d@group-9DC5606B5DE8:t125, leader=null, voted=05f59524-a4ea-4be4-b99d-fb9eed47142d, raftlog=05f59524-a4ea-4be4-b99d-fb9eed47142d@group-9DC5606B5DE8-SegmentedRaftLog:OPENED:c-1,f-1,i0, conf=-1: [05f59524-a4ea-4be4-b99d-fb9eed47142d:192.168.34.62:45919, 4b035f45-7941-40c3-ba2d-1cbecd2d369e:192.168.34.62:45443, 920a4478-64f4-4720-983c-9a2102f3c94b:192.168.34.62:38609], old=null
2019-10-17 07:38:31,581 [05f59524-a4ea-4be4-b99d-fb9eed47142d@group-9DC5606B5DE8-LeaderElection110] INFO  impl.RaftServerImpl (RaftServerImpl.java:setRole(184)) - 05f59524-a4ea-4be4-b99d-fb9eed47142d@group-9DC5606B5DE8: changes role from CANDIDATE to FOLLOWER at term 125 for DISCOVERED_A_NEW_TERM
2019-10-17 07:38:31,581 [05f59524-a4ea-4be4-b99d-fb9eed47142d@group-9DC5606B5DE8-LeaderElection110] INFO  impl.RoleInfo (RoleInfo.java:shutdownLeaderElection(134)) - 05f59524-a4ea-4be4-b99d-fb9eed47142d: shutdown LeaderElection
2019-10-17 07:38:31,581 [05f59524-a4ea-4be4-b99d-fb9eed47142d@group-9DC5606B5DE8-LeaderElection110] INFO  impl.RoleInfo (RoleInfo.java:updateAndGet(143)) - 05f59524-a4ea-4be4-b99d-fb9eed47142d: start FollowerState
2019-10-17 07:38:31,605 [Thread-1132] INFO  impl.FollowerState (FollowerState.java:run(108)) - 05f59524-a4ea-4be4-b99d-fb9eed47142d@group-9DC5606B5DE8-FollowerState: change to CANDIDATE, lastRpcTime:24ms, electionTimeout:24ms
2019-10-17 07:38:31,606 [Thread-1132] INFO  impl.RoleInfo (RoleInfo.java:shutdownFollowerState(121)) - 05f59524-a4ea-4be4-b99d-fb9eed47142d: shutdown FollowerState
2019-10-17 07:38:31,606 [Thread-1132] INFO  impl.RaftServerImpl (RaftServerImpl.java:setRole(184)) - 05f59524-a4ea-4be4-b99d-fb9eed47142d@group-9DC5606B5DE8: changes role from  FOLLOWER to CANDIDATE at term 125 for changeToCandidate
2019-10-17 07:38:31,606 [Thread-1132] INFO  impl.RoleInfo (RoleInfo.java:updateAndGet(143)) - 05f59524-a4ea-4be4-b99d-fb9eed47142d: start LeaderElection
2019-10-17 07:38:31,633 [05f59524-a4ea-4be4-b99d-fb9eed47142d@group-9DC5606B5DE8-LeaderElection111] INFO  impl.LeaderElection (LeaderElection.java:askForVotes(178)) - 05f59524-a4ea-4be4-b99d-fb9eed47142d@group-9DC5606B5DE8-LeaderElection111: begin an election at term 126 for -1: [05f59524-a4ea-4be4-b99d-fb9eed47142d:192.168.34.62:45919, 4b035f45-7941-40c3-ba2d-1cbecd2d369e:192.168.34.62:45443, 920a4478-64f4-4720-983c-9a2102f3c94b:192.168.34.62:38609], old=null
2019-10-17 07:38:31,636 [grpc-default-executor-5] INFO  impl.RaftServerImpl (RaftServerImpl.java:setRole(184)) - 920a4478-64f4-4720-983c-9a2102f3c94b@group-9DC5606B5DE8: changes role from  FOLLOWER to FOLLOWER at term 126 for recognizeCandidate:05f59524-a4ea-4be4-b99d-fb9eed47142d
2019-10-17 07:38:31,636 [grpc-default-executor-5] INFO  impl.RoleInfo (RoleInfo.java:shutdownFollowerState(121)) - 920a4478-64f4-4720-983c-9a2102f3c94b: shutdown FollowerState
2019-10-17 07:38:31,637 [grpc-default-executor-6] INFO  impl.RaftServerImpl (RaftServerImpl.java:setRole(184)) - 4b035f45-7941-40c3-ba2d-1cbecd2d369e@group-9DC5606B5DE8: changes role from  FOLLOWER to FOLLOWER at term 126 for recognizeCandidate:05f59524-a4ea-4be4-b99d-fb9eed47142d
2019-10-17 07:38:31,637 [Thread-1131] INFO  impl.FollowerState (FollowerState.java:run(117)) - 920a4478-64f4-4720-983c-9a2102f3c94b@group-9DC5606B5DE8-FollowerState was interrupted: java.lang.InterruptedException: sleep interrupted
2019-10-17 07:38:31,637 [grpc-default-executor-5] INFO  impl.RoleInfo (RoleInfo.java:updateAndGet(143)) - 920a4478-64f4-4720-983c-9a2102f3c94b: start FollowerState
2019-10-17 07:38:31,637 [grpc-default-executor-6] INFO  impl.RoleInfo (RoleInfo.java:shutdownFollowerState(121)) - 4b035f45-7941-40c3-ba2d-1cbecd2d369e: shutdown FollowerState
2019-10-17 07:38:31,637 [grpc-default-executor-6] INFO  impl.RoleInfo (RoleInfo.java:updateAndGet(143)) - 4b035f45-7941-40c3-ba2d-1cbecd2d369e: start FollowerState
2019-10-17 07:38:31,638 [Thread-1130] INFO  impl.FollowerState (FollowerState.java:run(117)) - 4b035f45-7941-40c3-ba2d-1cbecd2d369e@group-9DC5606B5DE8-FollowerState was interrupted: java.lang.InterruptedException: sleep interrupted
2019-10-17 07:38:31,670 [05f59524-a4ea-4be4-b99d-fb9eed47142d@group-9DC5606B5DE8-LeaderElection111] INFO  impl.LeaderElection (LeaderElection.java:logAndReturn(56)) - 05f59524-a4ea-4be4-b99d-fb9eed47142d@group-9DC5606B5DE8-LeaderElection111: Election REJECTED; received 2 response(s) [05f59524-a4ea-4be4-b99d-fb9eed47142d<-4b035f45-7941-40c3-ba2d-1cbecd2d369e#0:FAIL-t126, 05f59524-a4ea-4be4-b99d-fb9eed47142d<-920a4478-64f4-4720-983c-9a2102f3c94b#0:FAIL-t126] and 0 exception(s); 05f59524-a4ea-4be4-b99d-fb9eed47142d@group-9DC5606B5DE8:t126, leader=null, voted=05f59524-a4ea-4be4-b99d-fb9eed47142d, raftlog=05f59524-a4ea-4be4-b99d-fb9eed47142d@group-9DC5606B5DE8-SegmentedRaftLog:OPENED:c-1,f-1,i0, conf=-1: [05f59524-a4ea-4be4-b99d-fb9eed47142d:192.168.34.62:45919, 4b035f45-7941-40c3-ba2d-1cbecd2d369e:192.168.34.62:45443, 920a4478-64f4-4720-983c-9a2102f3c94b:192.168.34.62:38609], old=null
2019-10-17 07:38:31,670 [05f59524-a4ea-4be4-b99d-fb9eed47142d@group-9DC5606B5DE8-LeaderElection111] INFO  impl.RaftServerImpl (RaftServerImpl.java:setRole(184)) - 05f59524-a4ea-4be4-b99d-fb9eed47142d@group-9DC5606B5DE8: changes role from CANDIDATE to FOLLOWER at term 126 for DISCOVERED_A_NEW_TERM
2019-10-17 07:38:31,670 [05f59524-a4ea-4be4-b99d-fb9eed47142d@group-9DC5606B5DE8-LeaderElection111] INFO  impl.RoleInfo (RoleInfo.java:shutdownLeaderElection(134)) - 05f59524-a4ea-4be4-b99d-fb9eed47142d: shutdown LeaderElection
2019-10-17 07:38:31,671 [05f59524-a4ea-4be4-b99d-fb9eed47142d@group-9DC5606B5DE8-LeaderElection111] INFO  impl.RoleInfo (RoleInfo.java:updateAndGet(143)) - 05f59524-a4ea-4be4-b99d-fb9eed47142d: start FollowerState
2019-10-17 07:38:31,813 [Thread-1138] INFO  impl.FollowerState (FollowerState.java:run(108)) - 05f59524-a4ea-4be4-b99d-fb9eed47142d@group-9DC5606B5DE8-FollowerState: change to CANDIDATE, lastRpcTime:142ms, electionTimeout:142ms
2019-10-17 07:38:31,813 [Thread-1138] INFO  impl.RoleInfo (RoleInfo.java:shutdownFollowerState(121)) - 05f59524-a4ea-4be4-b99d-fb9eed47142d: shutdown FollowerState
2019-10-17 07:38:31,813 [Thread-1138] INFO  impl.RaftServerImpl (RaftServerImpl.java:setRole(184)) - 05f59524-a4ea-4be4-b99d-fb9eed47142d@group-9DC5606B5DE8: changes role from  FOLLOWER to CANDIDATE at term 126 for changeToCandidate
2019-10-17 07:38:31,814 [Thread-1138] INFO  impl.RoleInfo (RoleInfo.java:updateAndGet(143)) - 05f59524-a4ea-4be4-b99d-fb9eed47142d: start LeaderElection
2019-10-17 07:38:31,847 [05f59524-a4ea-4be4-b99d-fb9eed47142d@group-9DC5606B5DE8-LeaderElection112] INFO  impl.LeaderElection (LeaderElection.java:askForVotes(178)) - 05f59524-a4ea-4be4-b99d-fb9eed47142d@group-9DC5606B5DE8-LeaderElection112: begin an election at term 127 for -1: [05f59524-a4ea-4be4-b99d-fb9eed47142d:192.168.34.62:45919, 4b035f45-7941-40c3-ba2d-1cbecd2d369e:192.168.34.62:45443, 920a4478-64f4-4720-983c-9a2102f3c94b:192.168.34.62:38609], old=null
2019-10-17 07:38:31,850 [grpc-default-executor-5] INFO  impl.RaftServerImpl (RaftServerImpl.java:setRole(184)) - 4b035f45-7941-40c3-ba2d-1cbecd2d369e@group-9DC5606B5DE8: changes role from  FOLLOWER to FOLLOWER at term 127 for recognizeCandidate:05f59524-a4ea-4be4-b99d-fb9eed47142d
2019-10-17 07:38:31,851 [grpc-default-executor-6] INFO  impl.RaftServerImpl (RaftServerImpl.java:setRole(184)) - 920a4478-64f4-4720-983c-9a2102f3c94b@group-9DC5606B5DE8: changes role from  FOLLOWER to FOLLOWER at term 127 for recognizeCandidate:05f59524-a4ea-4be4-b99d-fb9eed47142d
2019-10-17 07:38:31,851 [grpc-default-executor-5] INFO  impl.RoleInfo (RoleInfo.java:shutdownFollowerState(121)) - 4b035f45-7941-40c3-ba2d-1cbecd2d369e: shutdown FollowerState
2019-10-17 07:38:31,851 [grpc-default-executor-6] INFO  impl.RoleInfo (RoleInfo.java:shutdownFollowerState(121)) - 920a4478-64f4-4720-983c-9a2102f3c94b: shutdown FollowerState
2019-10-17 07:38:31,851 [Thread-1137] INFO  impl.FollowerState (FollowerState.java:run(117)) - 4b035f45-7941-40c3-ba2d-1cbecd2d369e@group-9DC5606B5DE8-FollowerState was interrupted: java.lang.InterruptedException: sleep interrupted
2019-10-17 07:38:31,851 [Thread-1136] INFO  impl.FollowerState (FollowerState.java:run(117)) - 920a4478-64f4-4720-983c-9a2102f3c94b@group-9DC5606B5DE8-FollowerState was interrupted: java.lang.InterruptedException: sleep interrupted
2019-10-17 07:38:31,851 [grpc-default-executor-5] INFO  impl.RoleInfo (RoleInfo.java:updateAndGet(143)) - 4b035f45-7941-40c3-ba2d-1cbecd2d369e: start FollowerState
2019-10-17 07:38:31,851 [grpc-default-executor-6] INFO  impl.RoleInfo (RoleInfo.java:updateAndGet(143)) - 920a4478-64f4-4720-983c-9a2102f3c94b: start FollowerState
2019-10-17 07:38:31,884 [05f59524-a4ea-4be4-b99d-fb9eed47142d@group-9DC5606B5DE8-LeaderElection112] INFO  impl.LeaderElection (LeaderElection.java:logAndReturn(56)) - 05f59524-a4ea-4be4-b99d-fb9eed47142d@group-9DC5606B5DE8-LeaderElection112: Election REJECTED; received 2 response(s) [05f59524-a4ea-4be4-b99d-fb9eed47142d<-4b035f45-7941-40c3-ba2d-1cbecd2d369e#0:FAIL-t127, 05f59524-a4ea-4be4-b99d-fb9eed47142d<-920a4478-64f4-4720-983c-9a2102f3c94b#0:FAIL-t127] and 0 exception(s); 05f59524-a4ea-4be4-b99d-fb9eed47142d@group-9DC5606B5DE8:t127, leader=null, voted=05f59524-a4ea-4be4-b99d-fb9eed47142d, raftlog=05f59524-a4ea-4be4-b99d-fb9eed47142d@group-9DC5606B5DE8-SegmentedRaftLog:OPENED:c-1,f-1,i0, conf=-1: [05f59524-a4ea-4be4-b99d-fb9eed47142d:192.168.34.62:45919, 4b035f45-7941-40c3-ba2d-1cbecd2d369e:192.168.34.62:45443, 920a4478-64f4-4720-983c-9a2102f3c94b:192.168.34.62:38609], old=null
2019-10-17 07:38:31,884 [05f59524-a4ea-4be4-b99d-fb9eed47142d@group-9DC5606B5DE8-LeaderElection112] INFO  impl.RaftServerImpl (RaftServerImpl.java:setRole(184)) - 05f59524-a4ea-4be4-b99d-fb9eed47142d@group-9DC5606B5DE8: changes role from CANDIDATE to FOLLOWER at term 127 for DISCOVERED_A_NEW_TERM
2019-10-17 07:38:31,884 [05f59524-a4ea-4be4-b99d-fb9eed47142d@group-9DC5606B5DE8-LeaderElection112] INFO  impl.RoleInfo (RoleInfo.java:shutdownLeaderElection(134)) - 05f59524-a4ea-4be4-b99d-fb9eed47142d: shutdown LeaderElection
2019-10-17 07:38:31,884 [05f59524-a4ea-4be4-b99d-fb9eed47142d@group-9DC5606B5DE8-LeaderElection112] INFO  impl.RoleInfo (RoleInfo.java:updateAndGet(143)) - 05f59524-a4ea-4be4-b99d-fb9eed47142d: start FollowerState
2019-10-17 07:38:31,923 [Thread-1144] INFO  impl.FollowerState (FollowerState.java:run(108)) - 05f59524-a4ea-4be4-b99d-fb9eed47142d@group-9DC5606B5DE8-FollowerState: change to CANDIDATE, lastRpcTime:38ms, electionTimeout:38ms
2019-10-17 07:38:31,923 [Thread-1144] INFO  impl.RoleInfo (RoleInfo.java:shutdownFollowerState(121)) - 05f59524-a4ea-4be4-b99d-fb9eed47142d: shutdown FollowerState
2019-10-17 07:38:31,923 [Thread-1144] INFO  impl.RaftServerImpl (RaftServerImpl.java:setRole(184)) - 05f59524-a4ea-4be4-b99d-fb9eed47142d@group-9DC5606B5DE8: changes role from  FOLLOWER to CANDIDATE at term 127 for changeToCandidate
2019-10-17 07:38:31,923 [Thread-1144] INFO  impl.RoleInfo (RoleInfo.java:updateAndGet(143)) - 05f59524-a4ea-4be4-b99d-fb9eed47142d: start LeaderElection
2019-10-17 07:38:31,967 [05f59524-a4ea-4be4-b99d-fb9eed47142d@group-9DC5606B5DE8-LeaderElection113] INFO  impl.LeaderElection (LeaderElection.java:askForVotes(178)) - 05f59524-a4ea-4be4-b99d-fb9eed47142d@group-9DC5606B5DE8-LeaderElection113: begin an election at term 128 for -1: [05f59524-a4ea-4be4-b99d-fb9eed47142d:192.168.34.62:45919, 4b035f45-7941-40c3-ba2d-1cbecd2d369e:192.168.34.62:45443, 920a4478-64f4-4720-983c-9a2102f3c94b:192.168.34.62:38609], old=null
2019-10-17 07:38:31,970 [grpc-default-executor-6] INFO  impl.RaftServerImpl (RaftServerImpl.java:setRole(184)) - 4b035f45-7941-40c3-ba2d-1cbecd2d369e@group-9DC5606B5DE8: changes role from  FOLLOWER to FOLLOWER at term 128 for recognizeCandidate:05f59524-a4ea-4be4-b99d-fb9eed47142d
2019-10-17 07:38:31,970 [grpc-default-executor-6] INFO  impl.RoleInfo (RoleInfo.java:shutdownFollowerState(121)) - 4b035f45-7941-40c3-ba2d-1cbecd2d369e: shutdown FollowerState
2019-10-17 07:38:31,970 [grpc-default-executor-5] INFO  impl.RaftServerImpl (RaftServerImpl.java:setRole(184)) - 920a4478-64f4-4720-983c-9a2102f3c94b@group-9DC5606B5DE8: changes role from  FOLLOWER to FOLLOWER at term 128 for recognizeCandidate:05f59524-a4ea-4be4-b99d-fb9eed47142d
2019-10-17 07:38:31,970 [Thread-1142] INFO  impl.FollowerState (FollowerState.java:run(117)) - 4b035f45-7941-40c3-ba2d-1cbecd2d369e@group-9DC5606B5DE8-FollowerState was interrupted: java.lang.InterruptedException: sleep interrupted
2019-10-17 07:38:31,970 [grpc-default-executor-6] INFO  impl.RoleInfo (RoleInfo.java:updateAndGet(143)) - 4b035f45-7941-40c3-ba2d-1cbecd2d369e: start FollowerState
2019-10-17 07:38:31,970 [grpc-default-executor-5] INFO  impl.RoleInfo (RoleInfo.java:shutdownFollowerState(121)) - 920a4478-64f4-4720-983c-9a2102f3c94b: shutdown FollowerState
2019-10-17 07:38:31,971 [grpc-default-executor-5] INFO  impl.RoleInfo (RoleInfo.java:updateAndGet(143)) - 920a4478-64f4-4720-983c-9a2102f3c94b: start FollowerState
2019-10-17 07:38:31,971 [Thread-1143] INFO  impl.FollowerState (FollowerState.java:run(117)) - 920a4478-64f4-4720-983c-9a2102f3c94b@group-9DC5606B5DE8-FollowerState was interrupted: java.lang.InterruptedException: sleep interrupted
2019-10-17 07:38:32,017 [05f59524-a4ea-4be4-b99d-fb9eed47142d@group-9DC5606B5DE8-LeaderElection113] INFO  impl.LeaderElection (LeaderElection.java:logAndReturn(56)) - 05f59524-a4ea-4be4-b99d-fb9eed47142d@group-9DC5606B5DE8-LeaderElection113: Election REJECTED; received 2 response(s) [05f59524-a4ea-4be4-b99d-fb9eed47142d<-4b035f45-7941-40c3-ba2d-1cbecd2d369e#0:FAIL-t128, 05f59524-a4ea-4be4-b99d-fb9eed47142d<-920a4478-64f4-4720-983c-9a2102f3c94b#0:FAIL-t128] and 0 exception(s); 05f59524-a4ea-4be4-b99d-fb9eed47142d@group-9DC5606B5DE8:t128, leader=null, voted=05f59524-a4ea-4be4-b99d-fb9eed47142d, raftlog=05f59524-a4ea-4be4-b99d-fb9eed47142d@group-9DC5606B5DE8-SegmentedRaftLog:OPENED:c-1,f-1,i0, conf=-1: [05f59524-a4ea-4be4-b99d-fb9eed47142d:192.168.34.62:45919, 4b035f45-7941-40c3-ba2d-1cbecd2d369e:192.168.34.62:45443, 920a4478-64f4-4720-983c-9a2102f3c94b:192.168.34.62:38609], old=null
2019-10-17 07:38:32,018 [05f59524-a4ea-4be4-b99d-fb9eed47142d@group-9DC5606B5DE8-LeaderElection113] INFO  impl.RaftServerImpl (RaftServerImpl.java:setRole(184)) - 05f59524-a4ea-4be4-b99d-fb9eed47142d@group-9DC5606B5DE8: changes role from CANDIDATE to FOLLOWER at term 128 for DISCOVERED_A_NEW_TERM
2019-10-17 07:38:32,018 [05f59524-a4ea-4be4-b99d-fb9eed47142d@group-9DC5606B5DE8-LeaderElection113] INFO  impl.RoleInfo (RoleInfo.java:shutdownLeaderElection(134)) - 05f59524-a4ea-4be4-b99d-fb9eed47142d: shutdown LeaderElection
2019-10-17 07:38:32,018 [05f59524-a4ea-4be4-b99d-fb9eed47142d@group-9DC5606B5DE8-LeaderElection113] INFO  impl.RoleInfo (RoleInfo.java:updateAndGet(143)) - 05f59524-a4ea-4be4-b99d-fb9eed47142d: start FollowerState
2019-10-17 07:38:32,199 [Thread-1150] INFO  impl.FollowerState (FollowerState.java:run(108)) - 05f59524-a4ea-4be4-b99d-fb9eed47142d@group-9DC5606B5DE8-FollowerState: change to CANDIDATE, lastRpcTime:181ms, electionTimeout:181ms
2019-10-17 07:38:32,200 [Thread-1150] INFO  impl.RoleInfo (RoleInfo.java:shutdownFollowerState(121)) - 05f59524-a4ea-4be4-b99d-fb9eed47142d: shutdown FollowerState
2019-10-17 07:38:32,200 [Thread-1150] INFO  impl.RaftServerImpl (RaftServerImpl.java:setRole(184)) - 05f59524-a4ea-4be4-b99d-fb9eed47142d@group-9DC5606B5DE8: changes role from  FOLLOWER to CANDIDATE at term 128 for changeToCandidate
2019-10-17 07:38:32,200 [Thread-1150] INFO  impl.RoleInfo (RoleInfo.java:updateAndGet(143)) - 05f59524-a4ea-4be4-b99d-fb9eed47142d: start LeaderElection
2019-10-17 07:38:32,230 [05f59524-a4ea-4be4-b99d-fb9eed47142d@group-9DC5606B5DE8-LeaderElection114] INFO  impl.LeaderElection (LeaderElection.java:askForVotes(178)) - 05f59524-a4ea-4be4-b99d-fb9eed47142d@group-9DC5606B5DE8-LeaderElection114: begin an election at term 129 for -1: [05f59524-a4ea-4be4-b99d-fb9eed47142d:192.168.34.62:45919, 4b035f45-7941-40c3-ba2d-1cbecd2d369e:192.168.34.62:45443, 920a4478-64f4-4720-983c-9a2102f3c94b:192.168.34.62:38609], old=null
2019-10-17 07:38:32,233 [grpc-default-executor-6] INFO  impl.RaftServerImpl (RaftServerImpl.java:setRole(184)) - 4b035f45-7941-40c3-ba2d-1cbecd2d369e@group-9DC5606B5DE8: changes role from  FOLLOWER to FOLLOWER at term 129 for recognizeCandidate:05f59524-a4ea-4be4-b99d-fb9eed47142d
2019-10-17 07:38:32,233 [grpc-default-executor-5] INFO  impl.RaftServerImpl (RaftServerImpl.java:setRole(184)) - 920a4478-64f4-4720-983c-9a2102f3c94b@group-9DC5606B5DE8: changes role from  FOLLOWER to FOLLOWER at term 129 for recognizeCandidate:05f59524-a4ea-4be4-b99d-fb9eed47142d
2019-10-17 07:38:32,233 [grpc-default-executor-6] INFO  impl.RoleInfo (RoleInfo.java:shutdownFollowerState(121)) - 4b035f45-7941-40c3-ba2d-1cbecd2d369e: shutdown FollowerState
2019-10-17 07:38:32,233 [grpc-default-executor-5] INFO  impl.RoleInfo (RoleInfo.java:shutdownFollowerState(121)) - 920a4478-64f4-4720-983c-9a2102f3c94b: shutdown FollowerState
2019-10-17 07:38:32,233 [Thread-1148] INFO  impl.FollowerState (FollowerState.java:run(117)) - 4b035f45-7941-40c3-ba2d-1cbecd2d369e@group-9DC5606B5DE8-FollowerState was interrupted: java.lang.InterruptedException: sleep interrupted
2019-10-17 07:38:32,233 [grpc-default-executor-6] INFO  impl.RoleInfo (RoleInfo.java:updateAndGet(143)) - 4b035f45-7941-40c3-ba2d-1cbecd2d369e: start FollowerState
2019-10-17 07:38:32,234 [Thread-1149] INFO  impl.FollowerState (FollowerState.java:run(117)) - 920a4478-64f4-4720-983c-9a2102f3c94b@group-9DC5606B5DE8-FollowerState was interrupted: java.lang.InterruptedException: sleep interrupted
2019-10-17 07:38:32,233 [grpc-default-executor-5] INFO  impl.RoleInfo (RoleInfo.java:updateAndGet(143)) - 920a4478-64f4-4720-983c-9a2102f3c94b: start FollowerState
2019-10-17 07:38:32,248 [05f59524-a4ea-4be4-b99d-fb9eed47142d@group-9DC5606B5DE8-LeaderElection114] INFO  impl.LeaderElection (LeaderElection.java:logAndReturn(56)) - 05f59524-a4ea-4be4-b99d-fb9eed47142d@group-9DC5606B5DE8-LeaderElection114: Election REJECTED; received 2 response(s) [05f59524-a4ea-4be4-b99d-fb9eed47142d<-4b035f45-7941-40c3-ba2d-1cbecd2d369e#0:FAIL-t129, 05f59524-a4ea-4be4-b99d-fb9eed47142d<-920a4478-64f4-4720-983c-9a2102f3c94b#0:FAIL-t129] and 0 exception(s); 05f59524-a4ea-4be4-b99d-fb9eed47142d@group-9DC5606B5DE8:t129, leader=null, voted=05f59524-a4ea-4be4-b99d-fb9eed47142d, raftlog=05f59524-a4ea-4be4-b99d-fb9eed47142d@group-9DC5606B5DE8-SegmentedRaftLog:OPENED:c-1,f-1,i0, conf=-1: [05f59524-a4ea-4be4-b99d-fb9eed47142d:192.168.34.62:45919, 4b035f45-7941-40c3-ba2d-1cbecd2d369e:192.168.34.62:45443, 920a4478-64f4-4720-983c-9a2102f3c94b:192.168.34.62:38609], old=null
2019-10-17 07:38:32,249 [05f59524-a4ea-4be4-b99d-fb9eed47142d@group-9DC5606B5DE8-LeaderElection114] INFO  impl.RaftServerImpl (RaftServerImpl.java:setRole(184)) - 05f59524-a4ea-4be4-b99d-fb9eed47142d@group-9DC5606B5DE8: changes role from CANDIDATE to FOLLOWER at term 129 for DISCOVERED_A_NEW_TERM
2019-10-17 07:38:32,249 [05f59524-a4ea-4be4-b99d-fb9eed47142d@group-9DC5606B5DE8-LeaderElection114] INFO  impl.RoleInfo (RoleInfo.java:shutdownLeaderElection(134)) - 05f59524-a4ea-4be4-b99d-fb9eed47142d: shutdown LeaderElection
2019-10-17 07:38:32,249 [05f59524-a4ea-4be4-b99d-fb9eed47142d@group-9DC5606B5DE8-LeaderElection114] INFO  impl.RoleInfo (RoleInfo.java:updateAndGet(143)) - 05f59524-a4ea-4be4-b99d-fb9eed47142d: start FollowerState
2019-10-17 07:38:32,298 [Thread-1158] INFO  impl.FollowerState (FollowerState.java:run(108)) - 05f59524-a4ea-4be4-b99d-fb9eed47142d@group-9DC5606B5DE8-FollowerState: change to CANDIDATE, lastRpcTime:49ms, electionTimeout:49ms
2019-10-17 07:38:32,299 [Thread-1158] INFO  impl.RoleInfo (RoleInfo.java:shutdownFollowerState(121)) - 05f59524-a4ea-4be4-b99d-fb9eed47142d: shutdown FollowerState
2019-10-17 07:38:32,299 [Thread-1158] INFO  impl.RaftServerImpl (RaftServerImpl.java:setRole(184)) - 05f59524-a4ea-4be4-b99d-fb9eed47142d@group-9DC5606B5DE8: changes role from  FOLLOWER to CANDIDATE at term 129 for changeToCandidate
2019-10-17 07:38:32,299 [Thread-1158] INFO  impl.RoleInfo (RoleInfo.java:updateAndGet(143)) - 05f59524-a4ea-4be4-b99d-fb9eed47142d: start LeaderElection
2019-10-17 07:38:32,324 [05f59524-a4ea-4be4-b99d-fb9eed47142d@group-9DC5606B5DE8-LeaderElection115] INFO  impl.LeaderElection (LeaderElection.java:askForVotes(178)) - 05f59524-a4ea-4be4-b99d-fb9eed47142d@group-9DC5606B5DE8-LeaderElection115: begin an election at term 130 for -1: [05f59524-a4ea-4be4-b99d-fb9eed47142d:192.168.34.62:45919, 4b035f45-7941-40c3-ba2d-1cbecd2d369e:192.168.34.62:45443, 920a4478-64f4-4720-983c-9a2102f3c94b:192.168.34.62:38609], old=null
2019-10-17 07:38:32,326 [grpc-default-executor-6] INFO  impl.RaftServerImpl (RaftServerImpl.java:setRole(184)) - 4b035f45-7941-40c3-ba2d-1cbecd2d369e@group-9DC5606B5DE8: changes role from  FOLLOWER to FOLLOWER at term 130 for recognizeCandidate:05f59524-a4ea-4be4-b99d-fb9eed47142d
2019-10-17 07:38:32,326 [grpc-default-executor-6] INFO  impl.RoleInfo (RoleInfo.java:shutdownFollowerState(121)) - 4b035f45-7941-40c3-ba2d-1cbecd2d369e: shutdown FollowerState
2019-10-17 07:38:32,326 [grpc-default-executor-6] INFO  impl.RoleInfo (RoleInfo.java:updateAndGet(143)) - 4b035f45-7941-40c3-ba2d-1cbecd2d369e: start FollowerState
2019-10-17 07:38:32,327 [Thread-1156] INFO  impl.FollowerState (FollowerState.java:run(117)) - 4b035f45-7941-40c3-ba2d-1cbecd2d369e@group-9DC5606B5DE8-FollowerState was interrupted: java.lang.InterruptedException: sleep interrupted
2019-10-17 07:38:32,326 [grpc-default-executor-5] INFO  impl.RaftServerImpl (RaftServerImpl.java:setRole(184)) - 920a4478-64f4-4720-983c-9a2102f3c94b@group-9DC5606B5DE8: changes role from  FOLLOWER to FOLLOWER at term 130 for recognizeCandidate:05f59524-a4ea-4be4-b99d-fb9eed47142d
2019-10-17 07:38:32,327 [grpc-default-executor-5] INFO  impl.RoleInfo (RoleInfo.java:shutdownFollowerState(121)) - 920a4478-64f4-4720-983c-9a2102f3c94b: shutdown FollowerState
2019-10-17 07:38:32,327 [grpc-default-executor-5] INFO  impl.RoleInfo (RoleInfo.java:updateAndGet(143)) - 920a4478-64f4-4720-983c-9a2102f3c94b: start FollowerState
2019-10-17 07:38:32,327 [Thread-1157] INFO  impl.FollowerState (FollowerState.java:run(117)) - 920a4478-64f4-4720-983c-9a2102f3c94b@group-9DC5606B5DE8-FollowerState was interrupted: java.lang.InterruptedException: sleep interrupted
2019-10-17 07:38:32,355 [05f59524-a4ea-4be4-b99d-fb9eed47142d@group-9DC5606B5DE8-LeaderElection115] INFO  impl.LeaderElection (LeaderElection.java:logAndReturn(56)) - 05f59524-a4ea-4be4-b99d-fb9eed47142d@group-9DC5606B5DE8-LeaderElection115: Election REJECTED; received 2 response(s) [05f59524-a4ea-4be4-b99d-fb9eed47142d<-4b035f45-7941-40c3-ba2d-1cbecd2d369e#0:FAIL-t130, 05f59524-a4ea-4be4-b99d-fb9eed47142d<-920a4478-64f4-4720-983c-9a2102f3c94b#0:FAIL-t130] and 0 exception(s); 05f59524-a4ea-4be4-b99d-fb9eed47142d@group-9DC5606B5DE8:t130, leader=null, voted=05f59524-a4ea-4be4-b99d-fb9eed47142d, raftlog=05f59524-a4ea-4be4-b99d-fb9eed47142d@group-9DC5606B5DE8-SegmentedRaftLog:OPENED:c-1,f-1,i0, conf=-1: [05f59524-a4ea-4be4-b99d-fb9eed47142d:192.168.34.62:45919, 4b035f45-7941-40c3-ba2d-1cbecd2d369e:192.168.34.62:45443, 920a4478-64f4-4720-983c-9a2102f3c94b:192.168.34.62:38609], old=null
2019-10-17 07:38:32,355 [05f59524-a4ea-4be4-b99d-fb9eed47142d@group-9DC5606B5DE8-LeaderElection115] INFO  impl.RaftServerImpl (RaftServerImpl.java:setRole(184)) - 05f59524-a4ea-4be4-b99d-fb9eed47142d@group-9DC5606B5DE8: changes role from CANDIDATE to FOLLOWER at term 130 for DISCOVERED_A_NEW_TERM
2019-10-17 07:38:32,355 [05f59524-a4ea-4be4-b99d-fb9eed47142d@group-9DC5606B5DE8-LeaderElection115] INFO  impl.RoleInfo (RoleInfo.java:shutdownLeaderElection(134)) - 05f59524-a4ea-4be4-b99d-fb9eed47142d: shutdown LeaderElection
2019-10-17 07:38:32,355 [05f59524-a4ea-4be4-b99d-fb9eed47142d@group-9DC5606B5DE8-LeaderElection115] INFO  impl.RoleInfo (RoleInfo.java:updateAndGet(143)) - 05f59524-a4ea-4be4-b99d-fb9eed47142d: start FollowerState
2019-10-17 07:38:32,479 [Thread-1164] INFO  impl.FollowerState (FollowerState.java:run(108)) - 05f59524-a4ea-4be4-b99d-fb9eed47142d@group-9DC5606B5DE8-FollowerState: change to CANDIDATE, lastRpcTime:123ms, electionTimeout:123ms
2019-10-17 07:38:32,479 [Thread-1164] INFO  impl.RoleInfo (RoleInfo.java:shutdownFollowerState(121)) - 05f59524-a4ea-4be4-b99d-fb9eed47142d: shutdown FollowerState
2019-10-17 07:38:32,479 [Thread-1164] INFO  impl.RaftServerImpl (RaftServerImpl.java:setRole(184)) - 05f59524-a4ea-4be4-b99d-fb9eed47142d@group-9DC5606B5DE8: changes role from  FOLLOWER to CANDIDATE at term 130 for changeToCandidate
2019-10-17 07:38:32,479 [Thread-1164] INFO  impl.RoleInfo (RoleInfo.java:updateAndGet(143)) - 05f59524-a4ea-4be4-b99d-fb9eed47142d: start LeaderElection
2019-10-17 07:38:32,532 [05f59524-a4ea-4be4-b99d-fb9eed47142d@group-9DC5606B5DE8-LeaderElection116] INFO  impl.LeaderElection (LeaderElection.java:askForVotes(178)) - 05f59524-a4ea-4be4-b99d-fb9eed47142d@group-9DC5606B5DE8-LeaderElection116: begin an election at term 131 for -1: [05f59524-a4ea-4be4-b99d-fb9eed47142d:192.168.34.62:45919, 4b035f45-7941-40c3-ba2d-1cbecd2d369e:192.168.34.62:45443, 920a4478-64f4-4720-983c-9a2102f3c94b:192.168.34.62:38609], old=null
2019-10-17 07:38:32,535 [grpc-default-executor-6] INFO  impl.RaftServerImpl (RaftServerImpl.java:setRole(184)) - 4b035f45-7941-40c3-ba2d-1cbecd2d369e@group-9DC5606B5DE8: changes role from  FOLLOWER to FOLLOWER at term 131 for recognizeCandidate:05f59524-a4ea-4be4-b99d-fb9eed47142d
2019-10-17 07:38:32,535 [grpc-default-executor-6] INFO  impl.RoleInfo (RoleInfo.java:shutdownFollowerState(121)) - 4b035f45-7941-40c3-ba2d-1cbecd2d369e: shutdown FollowerState
2019-10-17 07:38:32,535 [grpc-default-executor-5] INFO  impl.RaftServerImpl (RaftServerImpl.java:setRole(184)) - 920a4478-64f4-4720-983c-9a2102f3c94b@group-9DC5606B5DE8: changes role from  FOLLOWER to FOLLOWER at term 131 for recognizeCandidate:05f59524-a4ea-4be4-b99d-fb9eed47142d
2019-10-17 07:38:32,535 [Thread-1162] INFO  impl.FollowerState (FollowerState.java:run(117)) - 4b035f45-7941-40c3-ba2d-1cbecd2d369e@group-9DC5606B5DE8-FollowerState was interrupted: java.lang.InterruptedException: sleep interrupted
2019-10-17 07:38:32,535 [grpc-default-executor-6] INFO  impl.RoleInfo (RoleInfo.java:updateAndGet(143)) - 4b035f45-7941-40c3-ba2d-1cbecd2d369e: start FollowerState
2019-10-17 07:38:32,536 [grpc-default-executor-5] INFO  impl.RoleInfo (RoleInfo.java:shutdownFollowerState(121)) - 920a4478-64f4-4720-983c-9a2102f3c94b: shutdown FollowerState
2019-10-17 07:38:32,536 [grpc-default-executor-5] INFO  impl.RoleInfo (RoleInfo.java:updateAndGet(143)) - 920a4478-64f4-4720-983c-9a2102f3c94b: start FollowerState
2019-10-17 07:38:32,536 [Thread-1163] INFO  impl.FollowerState (FollowerState.java:run(117)) - 920a4478-64f4-4720-983c-9a2102f3c94b@group-9DC5606B5DE8-FollowerState was interrupted: java.lang.InterruptedException: sleep interrupted
2019-10-17 07:38:32,572 [05f59524-a4ea-4be4-b99d-fb9eed47142d@group-9DC5606B5DE8-LeaderElection116] INFO  impl.LeaderElection (LeaderElection.java:logAndReturn(56)) - 05f59524-a4ea-4be4-b99d-fb9eed47142d@group-9DC5606B5DE8-LeaderElection116: Election REJECTED; received 2 response(s) [05f59524-a4ea-4be4-b99d-fb9eed47142d<-4b035f45-7941-40c3-ba2d-1cbecd2d369e#0:FAIL-t131, 05f59524-a4ea-4be4-b99d-fb9eed47142d<-920a4478-64f4-4720-983c-9a2102f3c94b#0:FAIL-t131] and 0 exception(s); 05f59524-a4ea-4be4-b99d-fb9eed47142d@group-9DC5606B5DE8:t131, leader=null, voted=05f59524-a4ea-4be4-b99d-fb9eed47142d, raftlog=05f59524-a4ea-4be4-b99d-fb9eed47142d@group-9DC5606B5DE8-SegmentedRaftLog:OPENED:c-1,f-1,i0, conf=-1: [05f59524-a4ea-4be4-b99d-fb9eed47142d:192.168.34.62:45919, 4b035f45-7941-40c3-ba2d-1cbecd2d369e:192.168.34.62:45443, 920a4478-64f4-4720-983c-9a2102f3c94b:192.168.34.62:38609], old=null
2019-10-17 07:38:32,572 [05f59524-a4ea-4be4-b99d-fb9eed47142d@group-9DC5606B5DE8-LeaderElection116] INFO  impl.RaftServerImpl (RaftServerImpl.java:setRole(184)) - 05f59524-a4ea-4be4-b99d-fb9eed47142d@group-9DC5606B5DE8: changes role from CANDIDATE to FOLLOWER at term 131 for DISCOVERED_A_NEW_TERM
2019-10-17 07:38:32,572 [05f59524-a4ea-4be4-b99d-fb9eed47142d@group-9DC5606B5DE8-LeaderElection116] INFO  impl.RoleInfo (RoleInfo.java:shutdownLeaderElection(134)) - 05f59524-a4ea-4be4-b99d-fb9eed47142d: shutdown LeaderElection
2019-10-17 07:38:32,573 [05f59524-a4ea-4be4-b99d-fb9eed47142d@group-9DC5606B5DE8-LeaderElection116] INFO  impl.RoleInfo (RoleInfo.java:updateAndGet(143)) - 05f59524-a4ea-4be4-b99d-fb9eed47142d: start FollowerState
2019-10-17 07:38:32,684 [Thread-1170] INFO  impl.FollowerState (FollowerState.java:run(108)) - 05f59524-a4ea-4be4-b99d-fb9eed47142d@group-9DC5606B5DE8-FollowerState: change to CANDIDATE, lastRpcTime:111ms, electionTimeout:111ms
2019-10-17 07:38:32,684 [Thread-1170] INFO  impl.RoleInfo (RoleInfo.java:shutdownFollowerState(121)) - 05f59524-a4ea-4be4-b99d-fb9eed47142d: shutdown FollowerState
2019-10-17 07:38:32,684 [Thread-1170] INFO  impl.RaftServerImpl (RaftServerImpl.java:setRole(184)) - 05f59524-a4ea-4be4-b99d-fb9eed47142d@group-9DC5606B5DE8: changes role from  FOLLOWER to CANDIDATE at term 131 for changeToCandidate
2019-10-17 07:38:32,685 [Thread-1170] INFO  impl.RoleInfo (RoleInfo.java:updateAndGet(143)) - 05f59524-a4ea-4be4-b99d-fb9eed47142d: start LeaderElection
2019-10-17 07:38:32,716 [05f59524-a4ea-4be4-b99d-fb9eed47142d@group-9DC5606B5DE8-LeaderElection117] INFO  impl.LeaderElection (LeaderElection.java:askForVotes(178)) - 05f59524-a4ea-4be4-b99d-fb9eed47142d@group-9DC5606B5DE8-LeaderElection117: begin an election at term 132 for -1: [05f59524-a4ea-4be4-b99d-fb9eed47142d:192.168.34.62:45919, 4b035f45-7941-40c3-ba2d-1cbecd2d369e:192.168.34.62:45443, 920a4478-64f4-4720-983c-9a2102f3c94b:192.168.34.62:38609], old=null
2019-10-17 07:38:32,718 [grpc-default-executor-5] INFO  impl.RaftServerImpl (RaftServerImpl.java:setRole(184)) - 4b035f45-7941-40c3-ba2d-1cbecd2d369e@group-9DC5606B5DE8: changes role from  FOLLOWER to FOLLOWER at term 132 for recognizeCandidate:05f59524-a4ea-4be4-b99d-fb9eed47142d
2019-10-17 07:38:32,718 [grpc-default-executor-6] INFO  impl.RaftServerImpl (RaftServerImpl.java:setRole(184)) - 920a4478-64f4-4720-983c-9a2102f3c94b@group-9DC5606B5DE8: changes role from  FOLLOWER to FOLLOWER at term 132 for recognizeCandidate:05f59524-a4ea-4be4-b99d-fb9eed47142d
2019-10-17 07:38:32,718 [grpc-default-executor-5] INFO  impl.RoleInfo (RoleInfo.java:shutdownFollowerState(121)) - 4b035f45-7941-40c3-ba2d-1cbecd2d369e: shutdown FollowerState
2019-10-17 07:38:32,719 [grpc-default-executor-6] INFO  impl.RoleInfo (RoleInfo.java:shutdownFollowerState(121)) - 920a4478-64f4-4720-983c-9a2102f3c94b: shutdown FollowerState
2019-10-17 07:38:32,719 [grpc-default-executor-5] INFO  impl.RoleInfo (RoleInfo.java:updateAndGet(143)) - 4b035f45-7941-40c3-ba2d-1cbecd2d369e: start FollowerState
2019-10-17 07:38:32,719 [grpc-default-executor-6] INFO  impl.RoleInfo (RoleInfo.java:updateAndGet(143)) - 920a4478-64f4-4720-983c-9a2102f3c94b: start FollowerState
2019-10-17 07:38:32,719 [Thread-1168] INFO  impl.FollowerState (FollowerState.java:run(117)) - 4b035f45-7941-40c3-ba2d-1cbecd2d369e@group-9DC5606B5DE8-FollowerState was interrupted: java.lang.InterruptedException: sleep interrupted
2019-10-17 07:38:32,719 [Thread-1169] INFO  impl.FollowerState (FollowerState.java:run(117)) - 920a4478-64f4-4720-983c-9a2102f3c94b@group-9DC5606B5DE8-FollowerState was interrupted: java.lang.InterruptedException: sleep interrupted
2019-10-17 07:38:32,763 [05f59524-a4ea-4be4-b99d-fb9eed47142d@group-9DC5606B5DE8-LeaderElection117] INFO  impl.LeaderElection (LeaderElection.java:logAndReturn(56)) - 05f59524-a4ea-4be4-b99d-fb9eed47142d@group-9DC5606B5DE8-LeaderElection117: Election TIMEOUT; received 0 response(s) [] and 0 exception(s); 05f59524-a4ea-4be4-b99d-fb9eed47142d@group-9DC5606B5DE8:t132, leader=null, voted=05f59524-a4ea-4be4-b99d-fb9eed47142d, raftlog=05f59524-a4ea-4be4-b99d-fb9eed47142d@group-9DC5606B5DE8-SegmentedRaftLog:OPENED:c-1,f-1,i0, conf=-1: [05f59524-a4ea-4be4-b99d-fb9eed47142d:192.168.34.62:45919, 4b035f45-7941-40c3-ba2d-1cbecd2d369e:192.168.34.62:45443, 920a4478-64f4-4720-983c-9a2102f3c94b:192.168.34.62:38609], old=null
2019-10-17 07:38:32,805 [05f59524-a4ea-4be4-b99d-fb9eed47142d@group-9DC5606B5DE8-LeaderElection117] INFO  impl.LeaderElection (LeaderElection.java:askForVotes(178)) - 05f59524-a4ea-4be4-b99d-fb9eed47142d@group-9DC5606B5DE8-LeaderElection117: begin an election at term 133 for -1: [05f59524-a4ea-4be4-b99d-fb9eed47142d:192.168.34.62:45919, 4b035f45-7941-40c3-ba2d-1cbecd2d369e:192.168.34.62:45443, 920a4478-64f4-4720-983c-9a2102f3c94b:192.168.34.62:38609], old=null
2019-10-17 07:38:32,807 [grpc-default-executor-6] INFO  impl.RaftServerImpl (RaftServerImpl.java:setRole(184)) - 4b035f45-7941-40c3-ba2d-1cbecd2d369e@group-9DC5606B5DE8: changes role from  FOLLOWER to FOLLOWER at term 133 for recognizeCandidate:05f59524-a4ea-4be4-b99d-fb9eed47142d
2019-10-17 07:38:32,807 [grpc-default-executor-5] INFO  impl.RaftServerImpl (RaftServerImpl.java:setRole(184)) - 920a4478-64f4-4720-983c-9a2102f3c94b@group-9DC5606B5DE8: changes role from  FOLLOWER to FOLLOWER at term 133 for recognizeCandidate:05f59524-a4ea-4be4-b99d-fb9eed47142d
2019-10-17 07:38:32,808 [grpc-default-executor-6] INFO  impl.RoleInfo (RoleInfo.java:shutdownFollowerState(121)) - 4b035f45-7941-40c3-ba2d-1cbecd2d369e: shutdown FollowerState
2019-10-17 07:38:32,808 [grpc-default-executor-5] INFO  impl.RoleInfo (RoleInfo.java:shutdownFollowerState(121)) - 920a4478-64f4-4720-983c-9a2102f3c94b: shutdown FollowerState
2019-10-17 07:38:32,808 [grpc-default-executor-6] INFO  impl.RoleInfo (RoleInfo.java:updateAndGet(143)) - 4b035f45-7941-40c3-ba2d-1cbecd2d369e: start FollowerState
2019-10-17 07:38:32,808 [Thread-1174] INFO  impl.FollowerState (FollowerState.java:run(117)) - 4b035f45-7941-40c3-ba2d-1cbecd2d369e@group-9DC5606B5DE8-FollowerState was interrupted: java.lang.InterruptedException: sleep interrupted
2019-10-17 07:38:32,808 [grpc-default-executor-5] INFO  impl.RoleInfo (RoleInfo.java:updateAndGet(143)) - 920a4478-64f4-4720-983c-9a2102f3c94b: start FollowerState
2019-10-17 07:38:32,808 [Thread-1175] INFO  impl.FollowerState (FollowerState.java:run(117)) - 920a4478-64f4-4720-983c-9a2102f3c94b@group-9DC5606B5DE8-FollowerState was interrupted: java.lang.InterruptedException: sleep interrupted
2019-10-17 07:38:32,817 [05f59524-a4ea-4be4-b99d-fb9eed47142d@group-9DC5606B5DE8-LeaderElection117] INFO  impl.LeaderElection (LeaderElection.java:logAndReturn(56)) - 05f59524-a4ea-4be4-b99d-fb9eed47142d@group-9DC5606B5DE8-LeaderElection117: Election TIMEOUT; received 0 response(s) [] and 0 exception(s); 05f59524-a4ea-4be4-b99d-fb9eed47142d@group-9DC5606B5DE8:t133, leader=null, voted=05f59524-a4ea-4be4-b99d-fb9eed47142d, raftlog=05f59524-a4ea-4be4-b99d-fb9eed47142d@group-9DC5606B5DE8-SegmentedRaftLog:OPENED:c-1,f-1,i0, conf=-1: [05f59524-a4ea-4be4-b99d-fb9eed47142d:192.168.34.62:45919, 4b035f45-7941-40c3-ba2d-1cbecd2d369e:192.168.34.62:45443, 920a4478-64f4-4720-983c-9a2102f3c94b:192.168.34.62:38609], old=null
2019-10-17 07:38:32,835 [05f59524-a4ea-4be4-b99d-fb9eed47142d@group-9DC5606B5DE8-LeaderElection117] INFO  impl.LeaderElection (LeaderElection.java:askForVotes(178)) - 05f59524-a4ea-4be4-b99d-fb9eed47142d@group-9DC5606B5DE8-LeaderElection117: begin an election at term 134 for -1: [05f59524-a4ea-4be4-b99d-fb9eed47142d:192.168.34.62:45919, 4b035f45-7941-40c3-ba2d-1cbecd2d369e:192.168.34.62:45443, 920a4478-64f4-4720-983c-9a2102f3c94b:192.168.34.62:38609], old=null
2019-10-17 07:38:32,837 [grpc-default-executor-5] INFO  impl.RaftServerImpl (RaftServerImpl.java:setRole(184)) - 4b035f45-7941-40c3-ba2d-1cbecd2d369e@group-9DC5606B5DE8: changes role from  FOLLOWER to FOLLOWER at term 134 for recognizeCandidate:05f59524-a4ea-4be4-b99d-fb9eed47142d
2019-10-17 07:38:32,837 [grpc-default-executor-6] INFO  impl.RaftServerImpl (RaftServerImpl.java:setRole(184)) - 920a4478-64f4-4720-983c-9a2102f3c94b@group-9DC5606B5DE8: changes role from  FOLLOWER to FOLLOWER at term 134 for recognizeCandidate:05f59524-a4ea-4be4-b99d-fb9eed47142d
2019-10-17 07:38:32,838 [grpc-default-executor-5] INFO  impl.RoleInfo (RoleInfo.java:shutdownFollowerState(121)) - 4b035f45-7941-40c3-ba2d-1cbecd2d369e: shutdown FollowerState
2019-10-17 07:38:32,838 [grpc-default-executor-6] INFO  impl.RoleInfo (RoleInfo.java:shutdownFollowerState(121)) - 920a4478-64f4-4720-983c-9a2102f3c94b: shutdown FollowerState
2019-10-17 07:38:32,838 [Thread-1178] INFO  impl.FollowerState (FollowerState.java:run(117)) - 4b035f45-7941-40c3-ba2d-1cbecd2d369e@group-9DC5606B5DE8-FollowerState was interrupted: java.lang.InterruptedException: sleep interrupted
2019-10-17 07:38:32,838 [grpc-default-executor-5] INFO  impl.RoleInfo (RoleInfo.java:updateAndGet(143)) - 4b035f45-7941-40c3-ba2d-1cbecd2d369e: start FollowerState
2019-10-17 07:38:32,838 [Thread-1179] INFO  impl.FollowerState (FollowerState.java:run(117)) - 920a4478-64f4-4720-983c-9a2102f3c94b@group-9DC5606B5DE8-FollowerState was interrupted: java.lang.InterruptedException: sleep interrupted
2019-10-17 07:38:32,838 [grpc-default-executor-6] INFO  impl.RoleInfo (RoleInfo.java:updateAndGet(143)) - 920a4478-64f4-4720-983c-9a2102f3c94b: start FollowerState
2019-10-17 07:38:32,869 [05f59524-a4ea-4be4-b99d-fb9eed47142d@group-9DC5606B5DE8-LeaderElection117] INFO  impl.LeaderElection (LeaderElection.java:logAndReturn(56)) - 05f59524-a4ea-4be4-b99d-fb9eed47142d@group-9DC5606B5DE8-LeaderElection117: Election REJECTED; received 2 response(s) [05f59524-a4ea-4be4-b99d-fb9eed47142d<-4b035f45-7941-40c3-ba2d-1cbecd2d369e#0:FAIL-t134, 05f59524-a4ea-4be4-b99d-fb9eed47142d<-920a4478-64f4-4720-983c-9a2102f3c94b#0:FAIL-t134] and 0 exception(s); 05f59524-a4ea-4be4-b99d-fb9eed47142d@group-9DC5606B5DE8:t134, leader=null, voted=05f59524-a4ea-4be4-b99d-fb9eed47142d, raftlog=05f59524-a4ea-4be4-b99d-fb9eed47142d@group-9DC5606B5DE8-SegmentedRaftLog:OPENED:c-1,f-1,i0, conf=-1: [05f59524-a4ea-4be4-b99d-fb9eed47142d:192.168.34.62:45919, 4b035f45-7941-40c3-ba2d-1cbecd2d369e:192.168.34.62:45443, 920a4478-64f4-4720-983c-9a2102f3c94b:192.168.34.62:38609], old=null
2019-10-17 07:38:32,869 [05f59524-a4ea-4be4-b99d-fb9eed47142d@group-9DC5606B5DE8-LeaderElection117] INFO  impl.RaftServerImpl (RaftServerImpl.java:setRole(184)) - 05f59524-a4ea-4be4-b99d-fb9eed47142d@group-9DC5606B5DE8: changes role from CANDIDATE to FOLLOWER at term 134 for DISCOVERED_A_NEW_TERM
2019-10-17 07:38:32,869 [05f59524-a4ea-4be4-b99d-fb9eed47142d@group-9DC5606B5DE8-LeaderElection117] INFO  impl.RoleInfo (RoleInfo.java:shutdownLeaderElection(134)) - 05f59524-a4ea-4be4-b99d-fb9eed47142d: shutdown LeaderElection
2019-10-17 07:38:32,869 [05f59524-a4ea-4be4-b99d-fb9eed47142d@group-9DC5606B5DE8-LeaderElection117] INFO  impl.RoleInfo (RoleInfo.java:updateAndGet(143)) - 05f59524-a4ea-4be4-b99d-fb9eed47142d: start FollowerState
2019-10-17 07:38:33,045 [Thread-1184] INFO  impl.FollowerState (FollowerState.java:run(108)) - 05f59524-a4ea-4be4-b99d-fb9eed47142d@group-9DC5606B5DE8-FollowerState: change to CANDIDATE, lastRpcTime:175ms, electionTimeout:175ms
2019-10-17 07:38:33,045 [Thread-1184] INFO  impl.RoleInfo (RoleInfo.java:shutdownFollowerState(121)) - 05f59524-a4ea-4be4-b99d-fb9eed47142d: shutdown FollowerState
2019-10-17 07:38:33,045 [Thread-1184] INFO  impl.RaftServerImpl (RaftServerImpl.java:setRole(184)) - 05f59524-a4ea-4be4-b99d-fb9eed47142d@group-9DC5606B5DE8: changes role from  FOLLOWER to CANDIDATE at term 134 for changeToCandidate
2019-10-17 07:38:33,046 [Thread-1184] INFO  impl.RoleInfo (RoleInfo.java:updateAndGet(143)) - 05f59524-a4ea-4be4-b99d-fb9eed47142d: start LeaderElection
2019-10-17 07:38:33,110 [05f59524-a4ea-4be4-b99d-fb9eed47142d@group-9DC5606B5DE8-LeaderElection118] INFO  impl.LeaderElection (LeaderElection.java:askForVotes(178)) - 05f59524-a4ea-4be4-b99d-fb9eed47142d@group-9DC5606B5DE8-LeaderElection118: begin an election at term 135 for -1: [05f59524-a4ea-4be4-b99d-fb9eed47142d:192.168.34.62:45919, 4b035f45-7941-40c3-ba2d-1cbecd2d369e:192.168.34.62:45443, 920a4478-64f4-4720-983c-9a2102f3c94b:192.168.34.62:38609], old=null
2019-10-17 07:38:33,112 [grpc-default-executor-6] INFO  impl.RaftServerImpl (RaftServerImpl.java:setRole(184)) - 920a4478-64f4-4720-983c-9a2102f3c94b@group-9DC5606B5DE8: changes role from  FOLLOWER to FOLLOWER at term 135 for recognizeCandidate:05f59524-a4ea-4be4-b99d-fb9eed47142d
2019-10-17 07:38:33,112 [grpc-default-executor-5] INFO  impl.RaftServerImpl (RaftServerImpl.java:setRole(184)) - 4b035f45-7941-40c3-ba2d-1cbecd2d369e@group-9DC5606B5DE8: changes role from  FOLLOWER to FOLLOWER at term 135 for recognizeCandidate:05f59524-a4ea-4be4-b99d-fb9eed47142d
2019-10-17 07:38:33,113 [grpc-default-executor-6] INFO  impl.RoleInfo (RoleInfo.java:shutdownFollowerState(121)) - 920a4478-64f4-4720-983c-9a2102f3c94b: shutdown FollowerState
2019-10-17 07:38:33,113 [grpc-default-executor-5] INFO  impl.RoleInfo (RoleInfo.java:shutdownFollowerState(121)) - 4b035f45-7941-40c3-ba2d-1cbecd2d369e: shutdown FollowerState
2019-10-17 07:38:33,113 [Thread-1183] INFO  impl.FollowerState (FollowerState.java:run(117)) - 920a4478-64f4-4720-983c-9a2102f3c94b@group-9DC5606B5DE8-FollowerState was interrupted: java.lang.InterruptedException: sleep interrupted
2019-10-17 07:38:33,113 [grpc-default-executor-6] INFO  impl.RoleInfo (RoleInfo.java:updateAndGet(143)) - 920a4478-64f4-4720-983c-9a2102f3c94b: start FollowerState
2019-10-17 07:38:33,113 [Thread-1182] INFO  impl.FollowerState (FollowerState.java:run(117)) - 4b035f45-7941-40c3-ba2d-1cbecd2d369e@group-9DC5606B5DE8-FollowerState was interrupted: java.lang.InterruptedException: sleep interrupted
2019-10-17 07:38:33,113 [grpc-default-executor-5] INFO  impl.RoleInfo (RoleInfo.java:updateAndGet(143)) - 4b035f45-7941-40c3-ba2d-1cbecd2d369e: start FollowerState
2019-10-17 07:38:33,144 [05f59524-a4ea-4be4-b99d-fb9eed47142d@group-9DC5606B5DE8-LeaderElection118] INFO  impl.LeaderElection (LeaderElection.java:logAndReturn(56)) - 05f59524-a4ea-4be4-b99d-fb9eed47142d@group-9DC5606B5DE8-LeaderElection118: Election REJECTED; received 2 response(s) [05f59524-a4ea-4be4-b99d-fb9eed47142d<-4b035f45-7941-40c3-ba2d-1cbecd2d369e#0:FAIL-t135, 05f59524-a4ea-4be4-b99d-fb9eed47142d<-920a4478-64f4-4720-983c-9a2102f3c94b#0:FAIL-t135] and 0 exception(s); 05f59524-a4ea-4be4-b99d-fb9eed47142d@group-9DC5606B5DE8:t135, leader=null, voted=05f59524-a4ea-4be4-b99d-fb9eed47142d, raftlog=05f59524-a4ea-4be4-b99d-fb9eed47142d@group-9DC5606B5DE8-SegmentedRaftLog:OPENED:c-1,f-1,i0, conf=-1: [05f59524-a4ea-4be4-b99d-fb9eed47142d:192.168.34.62:45919, 4b035f45-7941-40c3-ba2d-1cbecd2d369e:192.168.34.62:45443, 920a4478-64f4-4720-983c-9a2102f3c94b:192.168.34.62:38609], old=null
2019-10-17 07:38:33,144 [05f59524-a4ea-4be4-b99d-fb9eed47142d@group-9DC5606B5DE8-LeaderElection118] INFO  impl.RaftServerImpl (RaftServerImpl.java:setRole(184)) - 05f59524-a4ea-4be4-b99d-fb9eed47142d@group-9DC5606B5DE8: changes role from CANDIDATE to FOLLOWER at term 135 for DISCOVERED_A_NEW_TERM
2019-10-17 07:38:33,144 [05f59524-a4ea-4be4-b99d-fb9eed47142d@group-9DC5606B5DE8-LeaderElection118] INFO  impl.RoleInfo (RoleInfo.java:shutdownLeaderElection(134)) - 05f59524-a4ea-4be4-b99d-fb9eed47142d: shutdown LeaderElection
2019-10-17 07:38:33,144 [05f59524-a4ea-4be4-b99d-fb9eed47142d@group-9DC5606B5DE8-LeaderElection118] INFO  impl.RoleInfo (RoleInfo.java:updateAndGet(143)) - 05f59524-a4ea-4be4-b99d-fb9eed47142d: start FollowerState
2019-10-17 07:38:33,256 [Thread-1190] INFO  impl.FollowerState (FollowerState.java:run(108)) - 05f59524-a4ea-4be4-b99d-fb9eed47142d@group-9DC5606B5DE8-FollowerState: change to CANDIDATE, lastRpcTime:111ms, electionTimeout:111ms
2019-10-17 07:38:33,256 [Thread-1190] INFO  impl.RoleInfo (RoleInfo.java:shutdownFollowerState(121)) - 05f59524-a4ea-4be4-b99d-fb9eed47142d: shutdown FollowerState
2019-10-17 07:38:33,256 [Thread-1190] INFO  impl.RaftServerImpl (RaftServerImpl.java:setRole(184)) - 05f59524-a4ea-4be4-b99d-fb9eed47142d@group-9DC5606B5DE8: changes role from  FOLLOWER to CANDIDATE at term 135 for changeToCandidate
2019-10-17 07:38:33,256 [Thread-1190] INFO  impl.RoleInfo (RoleInfo.java:updateAndGet(143)) - 05f59524-a4ea-4be4-b99d-fb9eed47142d: start LeaderElection
2019-10-17 07:38:33,282 [05f59524-a4ea-4be4-b99d-fb9eed47142d@group-9DC5606B5DE8-LeaderElection119] INFO  impl.LeaderElection (LeaderElection.java:askForVotes(178)) - 05f59524-a4ea-4be4-b99d-fb9eed47142d@group-9DC5606B5DE8-LeaderElection119: begin an election at term 136 for -1: [05f59524-a4ea-4be4-b99d-fb9eed47142d:192.168.34.62:45919, 4b035f45-7941-40c3-ba2d-1cbecd2d369e:192.168.34.62:45443, 920a4478-64f4-4720-983c-9a2102f3c94b:192.168.34.62:38609], old=null
2019-10-17 07:38:33,284 [grpc-default-executor-6] INFO  impl.RaftServerImpl (RaftServerImpl.java:setRole(184)) - 920a4478-64f4-4720-983c-9a2102f3c94b@group-9DC5606B5DE8: changes role from  FOLLOWER to FOLLOWER at term 136 for recognizeCandidate:05f59524-a4ea-4be4-b99d-fb9eed47142d
2019-10-17 07:38:33,284 [grpc-default-executor-5] INFO  impl.RaftServerImpl (RaftServerImpl.java:setRole(184)) - 4b035f45-7941-40c3-ba2d-1cbecd2d369e@group-9DC5606B5DE8: changes role from  FOLLOWER to FOLLOWER at term 136 for recognizeCandidate:05f59524-a4ea-4be4-b99d-fb9eed47142d
2019-10-17 07:38:33,285 [grpc-default-executor-6] INFO  impl.RoleInfo (RoleInfo.java:shutdownFollowerState(121)) - 920a4478-64f4-4720-983c-9a2102f3c94b: shutdown FollowerState
2019-10-17 07:38:33,285 [grpc-default-executor-5] INFO  impl.RoleInfo (RoleInfo.java:shutdownFollowerState(121)) - 4b035f45-7941-40c3-ba2d-1cbecd2d369e: shutdown FollowerState
2019-10-17 07:38:33,285 [grpc-default-executor-6] INFO  impl.RoleInfo (RoleInfo.java:updateAndGet(143)) - 920a4478-64f4-4720-983c-9a2102f3c94b: start FollowerState
2019-10-17 07:38:33,285 [grpc-default-executor-5] INFO  impl.RoleInfo (RoleInfo.java:updateAndGet(143)) - 4b035f45-7941-40c3-ba2d-1cbecd2d369e: start FollowerState
2019-10-17 07:38:33,285 [Thread-1188] INFO  impl.FollowerState (FollowerState.java:run(117)) - 920a4478-64f4-4720-983c-9a2102f3c94b@group-9DC5606B5DE8-FollowerState was interrupted: java.lang.InterruptedException: sleep interrupted
2019-10-17 07:38:33,285 [Thread-1189] INFO  impl.FollowerState (FollowerState.java:run(117)) - 4b035f45-7941-40c3-ba2d-1cbecd2d369e@group-9DC5606B5DE8-FollowerState was interrupted: java.lang.InterruptedException: sleep interrupted
2019-10-17 07:38:33,303 [05f59524-a4ea-4be4-b99d-fb9eed47142d@group-9DC5606B5DE8-LeaderElection119] INFO  impl.LeaderElection (LeaderElection.java:logAndReturn(56)) - 05f59524-a4ea-4be4-b99d-fb9eed47142d@group-9DC5606B5DE8-LeaderElection119: Election REJECTED; received 2 response(s) [05f59524-a4ea-4be4-b99d-fb9eed47142d<-4b035f45-7941-40c3-ba2d-1cbecd2d369e#0:FAIL-t136, 05f59524-a4ea-4be4-b99d-fb9eed47142d<-920a4478-64f4-4720-983c-9a2102f3c94b#0:FAIL-t136] and 0 exception(s); 05f59524-a4ea-4be4-b99d-fb9eed47142d@group-9DC5606B5DE8:t136, leader=null, voted=05f59524-a4ea-4be4-b99d-fb9eed47142d, raftlog=05f59524-a4ea-4be4-b99d-fb9eed47142d@group-9DC5606B5DE8-SegmentedRaftLog:OPENED:c-1,f-1,i0, conf=-1: [05f59524-a4ea-4be4-b99d-fb9eed47142d:192.168.34.62:45919, 4b035f45-7941-40c3-ba2d-1cbecd2d369e:192.168.34.62:45443, 920a4478-64f4-4720-983c-9a2102f3c94b:192.168.34.62:38609], old=null
2019-10-17 07:38:33,303 [05f59524-a4ea-4be4-b99d-fb9eed47142d@group-9DC5606B5DE8-LeaderElection119] INFO  impl.RaftServerImpl (RaftServerImpl.java:setRole(184)) - 05f59524-a4ea-4be4-b99d-fb9eed47142d@group-9DC5606B5DE8: changes role from CANDIDATE to FOLLOWER at term 136 for DISCOVERED_A_NEW_TERM
2019-10-17 07:38:33,303 [05f59524-a4ea-4be4-b99d-fb9eed47142d@group-9DC5606B5DE8-LeaderElection119] INFO  impl.RoleInfo (RoleInfo.java:shutdownLeaderElection(134)) - 05f59524-a4ea-4be4-b99d-fb9eed47142d: shutdown LeaderElection
2019-10-17 07:38:33,304 [05f59524-a4ea-4be4-b99d-fb9eed47142d@group-9DC5606B5DE8-LeaderElection119] INFO  impl.RoleInfo (RoleInfo.java:updateAndGet(143)) - 05f59524-a4ea-4be4-b99d-fb9eed47142d: start FollowerState
2019-10-17 07:38:33,322 [Thread-1196] INFO  impl.FollowerState (FollowerState.java:run(108)) - 05f59524-a4ea-4be4-b99d-fb9eed47142d@group-9DC5606B5DE8-FollowerState: change to CANDIDATE, lastRpcTime:18ms, electionTimeout:18ms
2019-10-17 07:38:33,322 [Thread-1196] INFO  impl.RoleInfo (RoleInfo.java:shutdownFollowerState(121)) - 05f59524-a4ea-4be4-b99d-fb9eed47142d: shutdown FollowerState
2019-10-17 07:38:33,322 [Thread-1196] INFO  impl.RaftServerImpl (RaftServerImpl.java:setRole(184)) - 05f59524-a4ea-4be4-b99d-fb9eed47142d@group-9DC5606B5DE8: changes role from  FOLLOWER to CANDIDATE at term 136 for changeToCandidate
2019-10-17 07:38:33,322 [Thread-1196] INFO  impl.RoleInfo (RoleInfo.java:updateAndGet(143)) - 05f59524-a4ea-4be4-b99d-fb9eed47142d: start LeaderElection
2019-10-17 07:38:33,355 [05f59524-a4ea-4be4-b99d-fb9eed47142d@group-9DC5606B5DE8-LeaderElection120] INFO  impl.LeaderElection (LeaderElection.java:askForVotes(178)) - 05f59524-a4ea-4be4-b99d-fb9eed47142d@group-9DC5606B5DE8-LeaderElection120: begin an election at term 137 for -1: [05f59524-a4ea-4be4-b99d-fb9eed47142d:192.168.34.62:45919, 4b035f45-7941-40c3-ba2d-1cbecd2d369e:192.168.34.62:45443, 920a4478-64f4-4720-983c-9a2102f3c94b:192.168.34.62:38609], old=null
2019-10-17 07:38:33,358 [grpc-default-executor-6] INFO  impl.RaftServerImpl (RaftServerImpl.java:setRole(184)) - 920a4478-64f4-4720-983c-9a2102f3c94b@group-9DC5606B5DE8: changes role from  FOLLOWER to FOLLOWER at term 137 for recognizeCandidate:05f59524-a4ea-4be4-b99d-fb9eed47142d
2019-10-17 07:38:33,358 [grpc-default-executor-5] INFO  impl.RaftServerImpl (RaftServerImpl.java:setRole(184)) - 4b035f45-7941-40c3-ba2d-1cbecd2d369e@group-9DC5606B5DE8: changes role from  FOLLOWER to FOLLOWER at term 137 for recognizeCandidate:05f59524-a4ea-4be4-b99d-fb9eed47142d
2019-10-17 07:38:33,358 [grpc-default-executor-6] INFO  impl.RoleInfo (RoleInfo.java:shutdownFollowerState(121)) - 920a4478-64f4-4720-983c-9a2102f3c94b: shutdown FollowerState
2019-10-17 07:38:33,358 [grpc-default-executor-5] INFO  impl.RoleInfo (RoleInfo.java:shutdownFollowerState(121)) - 4b035f45-7941-40c3-ba2d-1cbecd2d369e: shutdown FollowerState
2019-10-17 07:38:33,358 [grpc-default-executor-6] INFO  impl.RoleInfo (RoleInfo.java:updateAndGet(143)) - 920a4478-64f4-4720-983c-9a2102f3c94b: start FollowerState
2019-10-17 07:38:33,358 [grpc-default-executor-5] INFO  impl.RoleInfo (RoleInfo.java:updateAndGet(143)) - 4b035f45-7941-40c3-ba2d-1cbecd2d369e: start FollowerState
2019-10-17 07:38:33,358 [Thread-1194] INFO  impl.FollowerState (FollowerState.java:run(117)) - 920a4478-64f4-4720-983c-9a2102f3c94b@group-9DC5606B5DE8-FollowerState was interrupted: java.lang.InterruptedException: sleep interrupted
2019-10-17 07:38:33,358 [Thread-1195] INFO  impl.FollowerState (FollowerState.java:run(117)) - 4b035f45-7941-40c3-ba2d-1cbecd2d369e@group-9DC5606B5DE8-FollowerState was interrupted: java.lang.InterruptedException: sleep interrupted
2019-10-17 07:38:33,373 [05f59524-a4ea-4be4-b99d-fb9eed47142d@group-9DC5606B5DE8-LeaderElection120] INFO  impl.LeaderElection (LeaderElection.java:logAndReturn(56)) - 05f59524-a4ea-4be4-b99d-fb9eed47142d@group-9DC5606B5DE8-LeaderElection120: Election REJECTED; received 2 response(s) [05f59524-a4ea-4be4-b99d-fb9eed47142d<-4b035f45-7941-40c3-ba2d-1cbecd2d369e#0:FAIL-t137, 05f59524-a4ea-4be4-b99d-fb9eed47142d<-920a4478-64f4-4720-983c-9a2102f3c94b#0:FAIL-t137] and 0 exception(s); 05f59524-a4ea-4be4-b99d-fb9eed47142d@group-9DC5606B5DE8:t137, leader=null, voted=05f59524-a4ea-4be4-b99d-fb9eed47142d, raftlog=05f59524-a4ea-4be4-b99d-fb9eed47142d@group-9DC5606B5DE8-SegmentedRaftLog:OPENED:c-1,f-1,i0, conf=-1: [05f59524-a4ea-4be4-b99d-fb9eed47142d:192.168.34.62:45919, 4b035f45-7941-40c3-ba2d-1cbecd2d369e:192.168.34.62:45443, 920a4478-64f4-4720-983c-9a2102f3c94b:192.168.34.62:38609], old=null
2019-10-17 07:38:33,373 [05f59524-a4ea-4be4-b99d-fb9eed47142d@group-9DC5606B5DE8-LeaderElection120] INFO  impl.RaftServerImpl (RaftServerImpl.java:setRole(184)) - 05f59524-a4ea-4be4-b99d-fb9eed47142d@group-9DC5606B5DE8: changes role from CANDIDATE to FOLLOWER at term 137 for DISCOVERED_A_NEW_TERM
2019-10-17 07:38:33,373 [05f59524-a4ea-4be4-b99d-fb9eed47142d@group-9DC5606B5DE8-LeaderElection120] INFO  impl.RoleInfo (RoleInfo.java:shutdownLeaderElection(134)) - 05f59524-a4ea-4be4-b99d-fb9eed47142d: shutdown LeaderElection
2019-10-17 07:38:33,373 [05f59524-a4ea-4be4-b99d-fb9eed47142d@group-9DC5606B5DE8-LeaderElection120] INFO  impl.RoleInfo (RoleInfo.java:updateAndGet(143)) - 05f59524-a4ea-4be4-b99d-fb9eed47142d: start FollowerState
2019-10-17 07:38:33,457 [Thread-1202] INFO  impl.FollowerState (FollowerState.java:run(108)) - 05f59524-a4ea-4be4-b99d-fb9eed47142d@group-9DC5606B5DE8-FollowerState: change to CANDIDATE, lastRpcTime:83ms, electionTimeout:83ms
2019-10-17 07:38:33,457 [Thread-1202] INFO  impl.RoleInfo (RoleInfo.java:shutdownFollowerState(121)) - 05f59524-a4ea-4be4-b99d-fb9eed47142d: shutdown FollowerState
2019-10-17 07:38:33,457 [Thread-1202] INFO  impl.RaftServerImpl (RaftServerImpl.java:setRole(184)) - 05f59524-a4ea-4be4-b99d-fb9eed47142d@group-9DC5606B5DE8: changes role from  FOLLOWER to CANDIDATE at term 137 for changeToCandidate
2019-10-17 07:38:33,457 [Thread-1202] INFO  impl.RoleInfo (RoleInfo.java:updateAndGet(143)) - 05f59524-a4ea-4be4-b99d-fb9eed47142d: start LeaderElection
2019-10-17 07:38:33,482 [05f59524-a4ea-4be4-b99d-fb9eed47142d@group-9DC5606B5DE8-LeaderElection121] INFO  impl.LeaderElection (LeaderElection.java:askForVotes(178)) - 05f59524-a4ea-4be4-b99d-fb9eed47142d@group-9DC5606B5DE8-LeaderElection121: begin an election at term 138 for -1: [05f59524-a4ea-4be4-b99d-fb9eed47142d:192.168.34.62:45919, 4b035f45-7941-40c3-ba2d-1cbecd2d369e:192.168.34.62:45443, 920a4478-64f4-4720-983c-9a2102f3c94b:192.168.34.62:38609], old=null
2019-10-17 07:38:33,484 [grpc-default-executor-5] INFO  impl.RaftServerImpl (RaftServerImpl.java:setRole(184)) - 920a4478-64f4-4720-983c-9a2102f3c94b@group-9DC5606B5DE8: changes role from  FOLLOWER to FOLLOWER at term 138 for recognizeCandidate:05f59524-a4ea-4be4-b99d-fb9eed47142d
2019-10-17 07:38:33,484 [grpc-default-executor-6] INFO  impl.RaftServerImpl (RaftServerImpl.java:setRole(184)) - 4b035f45-7941-40c3-ba2d-1cbecd2d369e@group-9DC5606B5DE8: changes role from  FOLLOWER to FOLLOWER at term 138 for recognizeCandidate:05f59524-a4ea-4be4-b99d-fb9eed47142d
2019-10-17 07:38:33,484 [grpc-default-executor-5] INFO  impl.RoleInfo (RoleInfo.java:shutdownFollowerState(121)) - 920a4478-64f4-4720-983c-9a2102f3c94b: shutdown FollowerState
2019-10-17 07:38:33,485 [grpc-default-executor-6] INFO  impl.RoleInfo (RoleInfo.java:shutdownFollowerState(121)) - 4b035f45-7941-40c3-ba2d-1cbecd2d369e: shutdown FollowerState
2019-10-17 07:38:33,485 [grpc-default-executor-5] INFO  impl.RoleInfo (RoleInfo.java:updateAndGet(143)) - 920a4478-64f4-4720-983c-9a2102f3c94b: start FollowerState
2019-10-17 07:38:33,485 [Thread-1201] INFO  impl.FollowerState (FollowerState.java:run(117)) - 4b035f45-7941-40c3-ba2d-1cbecd2d369e@group-9DC5606B5DE8-FollowerState was interrupted: java.lang.InterruptedException: sleep interrupted
2019-10-17 07:38:33,485 [grpc-default-executor-6] INFO  impl.RoleInfo (RoleInfo.java:updateAndGet(143)) - 4b035f45-7941-40c3-ba2d-1cbecd2d369e: start FollowerState
2019-10-17 07:38:33,485 [Thread-1200] INFO  impl.FollowerState (FollowerState.java:run(117)) - 920a4478-64f4-4720-983c-9a2102f3c94b@group-9DC5606B5DE8-FollowerState was interrupted: java.lang.InterruptedException: sleep interrupted
2019-10-17 07:38:33,515 [05f59524-a4ea-4be4-b99d-fb9eed47142d@group-9DC5606B5DE8-LeaderElection121] INFO  impl.LeaderElection (LeaderElection.java:logAndReturn(56)) - 05f59524-a4ea-4be4-b99d-fb9eed47142d@group-9DC5606B5DE8-LeaderElection121: Election REJECTED; received 2 response(s) [05f59524-a4ea-4be4-b99d-fb9eed47142d<-4b035f45-7941-40c3-ba2d-1cbecd2d369e#0:FAIL-t138, 05f59524-a4ea-4be4-b99d-fb9eed47142d<-920a4478-64f4-4720-983c-9a2102f3c94b#0:FAIL-t138] and 0 exception(s); 05f59524-a4ea-4be4-b99d-fb9eed47142d@group-9DC5606B5DE8:t138, leader=null, voted=05f59524-a4ea-4be4-b99d-fb9eed47142d, raftlog=05f59524-a4ea-4be4-b99d-fb9eed47142d@group-9DC5606B5DE8-SegmentedRaftLog:OPENED:c-1,f-1,i0, conf=-1: [05f59524-a4ea-4be4-b99d-fb9eed47142d:192.168.34.62:45919, 4b035f45-7941-40c3-ba2d-1cbecd2d369e:192.168.34.62:45443, 920a4478-64f4-4720-983c-9a2102f3c94b:192.168.34.62:38609], old=null
2019-10-17 07:38:33,515 [05f59524-a4ea-4be4-b99d-fb9eed47142d@group-9DC5606B5DE8-LeaderElection121] INFO  impl.RaftServerImpl (RaftServerImpl.java:setRole(184)) - 05f59524-a4ea-4be4-b99d-fb9eed47142d@group-9DC5606B5DE8: changes role from CANDIDATE to FOLLOWER at term 138 for DISCOVERED_A_NEW_TERM
2019-10-17 07:38:33,515 [05f59524-a4ea-4be4-b99d-fb9eed47142d@group-9DC5606B5DE8-LeaderElection121] INFO  impl.RoleInfo (RoleInfo.java:shutdownLeaderElection(134)) - 05f59524-a4ea-4be4-b99d-fb9eed47142d: shutdown LeaderElection
2019-10-17 07:38:33,515 [05f59524-a4ea-4be4-b99d-fb9eed47142d@group-9DC5606B5DE8-LeaderElection121] INFO  impl.RoleInfo (RoleInfo.java:updateAndGet(143)) - 05f59524-a4ea-4be4-b99d-fb9eed47142d: start FollowerState
2019-10-17 07:38:33,678 [Thread-1208] INFO  impl.FollowerState (FollowerState.java:run(108)) - 05f59524-a4ea-4be4-b99d-fb9eed47142d@group-9DC5606B5DE8-FollowerState: change to CANDIDATE, lastRpcTime:163ms, electionTimeout:163ms
2019-10-17 07:38:33,679 [Thread-1208] INFO  impl.RoleInfo (RoleInfo.java:shutdownFollowerState(121)) - 05f59524-a4ea-4be4-b99d-fb9eed47142d: shutdown FollowerState
2019-10-17 07:38:33,679 [Thread-1208] INFO  impl.RaftServerImpl (RaftServerImpl.java:setRole(184)) - 05f59524-a4ea-4be4-b99d-fb9eed47142d@group-9DC5606B5DE8: changes role from  FOLLOWER to CANDIDATE at term 138 for changeToCandidate
2019-10-17 07:38:33,679 [Thread-1208] INFO  impl.RoleInfo (RoleInfo.java:updateAndGet(143)) - 05f59524-a4ea-4be4-b99d-fb9eed47142d: start LeaderElection
2019-10-17 07:38:33,713 [05f59524-a4ea-4be4-b99d-fb9eed47142d@group-9DC5606B5DE8-LeaderElection122] INFO  impl.LeaderElection (LeaderElection.java:askForVotes(178)) - 05f59524-a4ea-4be4-b99d-fb9eed47142d@group-9DC5606B5DE8-LeaderElection122: begin an election at term 139 for -1: [05f59524-a4ea-4be4-b99d-fb9eed47142d:192.168.34.62:45919, 4b035f45-7941-40c3-ba2d-1cbecd2d369e:192.168.34.62:45443, 920a4478-64f4-4720-983c-9a2102f3c94b:192.168.34.62:38609], old=null
2019-10-17 07:38:33,716 [grpc-default-executor-5] INFO  impl.RaftServerImpl (RaftServerImpl.java:setRole(184)) - 4b035f45-7941-40c3-ba2d-1cbecd2d369e@group-9DC5606B5DE8: changes role from  FOLLOWER to FOLLOWER at term 139 for recognizeCandidate:05f59524-a4ea-4be4-b99d-fb9eed47142d
2019-10-17 07:38:33,716 [grpc-default-executor-6] INFO  impl.RaftServerImpl (RaftServerImpl.java:setRole(184)) - 920a4478-64f4-4720-983c-9a2102f3c94b@group-9DC5606B5DE8: changes role from  FOLLOWER to FOLLOWER at term 139 for recognizeCandidate:05f59524-a4ea-4be4-b99d-fb9eed47142d
2019-10-17 07:38:33,716 [grpc-default-executor-5] INFO  impl.RoleInfo (RoleInfo.java:shutdownFollowerState(121)) - 4b035f45-7941-40c3-ba2d-1cbecd2d369e: shutdown FollowerState
2019-10-17 07:38:33,716 [grpc-default-executor-6] INFO  impl.RoleInfo (RoleInfo.java:shutdownFollowerState(121)) - 920a4478-64f4-4720-983c-9a2102f3c94b: shutdown FollowerState
2019-10-17 07:38:33,716 [grpc-default-executor-5] INFO  impl.RoleInfo (RoleInfo.java:updateAndGet(143)) - 4b035f45-7941-40c3-ba2d-1cbecd2d369e: start FollowerState
2019-10-17 07:38:33,716 [Thread-1207] INFO  impl.FollowerState (FollowerState.java:run(117)) - 4b035f45-7941-40c3-ba2d-1cbecd2d369e@group-9DC5606B5DE8-FollowerState was interrupted: java.lang.InterruptedException: sleep interrupted
2019-10-17 07:38:33,716 [grpc-default-executor-6] INFO  impl.RoleInfo (RoleInfo.java:updateAndGet(143)) - 920a4478-64f4-4720-983c-9a2102f3c94b: start FollowerState
2019-10-17 07:38:33,717 [Thread-1206] INFO  impl.FollowerState (FollowerState.java:run(117)) - 920a4478-64f4-4720-983c-9a2102f3c94b@group-9DC5606B5DE8-FollowerState was interrupted: java.lang.InterruptedException: sleep interrupted
2019-10-17 07:38:33,754 [05f59524-a4ea-4be4-b99d-fb9eed47142d@group-9DC5606B5DE8-LeaderElection122] INFO  impl.LeaderElection (LeaderElection.java:logAndReturn(56)) - 05f59524-a4ea-4be4-b99d-fb9eed47142d@group-9DC5606B5DE8-LeaderElection122: Election REJECTED; received 2 response(s) [05f59524-a4ea-4be4-b99d-fb9eed47142d<-4b035f45-7941-40c3-ba2d-1cbecd2d369e#0:FAIL-t139, 05f59524-a4ea-4be4-b99d-fb9eed47142d<-920a4478-64f4-4720-983c-9a2102f3c94b#0:FAIL-t139] and 0 exception(s); 05f59524-a4ea-4be4-b99d-fb9eed47142d@group-9DC5606B5DE8:t139, leader=null, voted=05f59524-a4ea-4be4-b99d-fb9eed47142d, raftlog=05f59524-a4ea-4be4-b99d-fb9eed47142d@group-9DC5606B5DE8-SegmentedRaftLog:OPENED:c-1,f-1,i0, conf=-1: [05f59524-a4ea-4be4-b99d-fb9eed47142d:192.168.34.62:45919, 4b035f45-7941-40c3-ba2d-1cbecd2d369e:192.168.34.62:45443, 920a4478-64f4-4720-983c-9a2102f3c94b:192.168.34.62:38609], old=null
2019-10-17 07:38:33,754 [05f59524-a4ea-4be4-b99d-fb9eed47142d@group-9DC5606B5DE8-LeaderElection122] INFO  impl.RaftServerImpl (RaftServerImpl.java:setRole(184)) - 05f59524-a4ea-4be4-b99d-fb9eed47142d@group-9DC5606B5DE8: changes role from CANDIDATE to FOLLOWER at term 139 for DISCOVERED_A_NEW_TERM
2019-10-17 07:38:33,755 [05f59524-a4ea-4be4-b99d-fb9eed47142d@group-9DC5606B5DE8-LeaderElection122] INFO  impl.RoleInfo (RoleInfo.java:shutdownLeaderElection(134)) - 05f59524-a4ea-4be4-b99d-fb9eed47142d: shutdown LeaderElection
2019-10-17 07:38:33,755 [05f59524-a4ea-4be4-b99d-fb9eed47142d@group-9DC5606B5DE8-LeaderElection122] INFO  impl.RoleInfo (RoleInfo.java:updateAndGet(143)) - 05f59524-a4ea-4be4-b99d-fb9eed47142d: start FollowerState
2019-10-17 07:38:33,780 [Thread-1214] INFO  impl.FollowerState (FollowerState.java:run(108)) - 05f59524-a4ea-4be4-b99d-fb9eed47142d@group-9DC5606B5DE8-FollowerState: change to CANDIDATE, lastRpcTime:25ms, electionTimeout:25ms
2019-10-17 07:38:33,780 [Thread-1214] INFO  impl.RoleInfo (RoleInfo.java:shutdownFollowerState(121)) - 05f59524-a4ea-4be4-b99d-fb9eed47142d: shutdown FollowerState
2019-10-17 07:38:33,780 [Thread-1214] INFO  impl.RaftServerImpl (RaftServerImpl.java:setRole(184)) - 05f59524-a4ea-4be4-b99d-fb9eed47142d@group-9DC5606B5DE8: changes role from  FOLLOWER to CANDIDATE at term 139 for changeToCandidate
2019-10-17 07:38:33,781 [Thread-1214] INFO  impl.RoleInfo (RoleInfo.java:updateAndGet(143)) - 05f59524-a4ea-4be4-b99d-fb9eed47142d: start LeaderElection
2019-10-17 07:38:33,796 [05f59524-a4ea-4be4-b99d-fb9eed47142d@group-9DC5606B5DE8-LeaderElection123] INFO  impl.LeaderElection (LeaderElection.java:askForVotes(178)) - 05f59524-a4ea-4be4-b99d-fb9eed47142d@group-9DC5606B5DE8-LeaderElection123: begin an election at term 140 for -1: [05f59524-a4ea-4be4-b99d-fb9eed47142d:192.168.34.62:45919, 4b035f45-7941-40c3-ba2d-1cbecd2d369e:192.168.34.62:45443, 920a4478-64f4-4720-983c-9a2102f3c94b:192.168.34.62:38609], old=null
2019-10-17 07:38:33,798 [grpc-default-executor-6] INFO  impl.RaftServerImpl (RaftServerImpl.java:setRole(184)) - 920a4478-64f4-4720-983c-9a2102f3c94b@group-9DC5606B5DE8: changes role from  FOLLOWER to FOLLOWER at term 140 for recognizeCandidate:05f59524-a4ea-4be4-b99d-fb9eed47142d
2019-10-17 07:38:33,798 [grpc-default-executor-5] INFO  impl.RaftServerImpl (RaftServerImpl.java:setRole(184)) - 4b035f45-7941-40c3-ba2d-1cbecd2d369e@group-9DC5606B5DE8: changes role from  FOLLOWER to FOLLOWER at term 140 for recognizeCandidate:05f59524-a4ea-4be4-b99d-fb9eed47142d
2019-10-17 07:38:33,798 [grpc-default-executor-6] INFO  impl.RoleInfo (RoleInfo.java:shutdownFollowerState(121)) - 920a4478-64f4-4720-983c-9a2102f3c94b: shutdown FollowerState
2019-10-17 07:38:33,799 [grpc-default-executor-5] INFO  impl.RoleInfo (RoleInfo.java:shutdownFollowerState(121)) - 4b035f45-7941-40c3-ba2d-1cbecd2d369e: shutdown FollowerState
2019-10-17 07:38:33,799 [grpc-default-executor-6] INFO  impl.RoleInfo (RoleInfo.java:updateAndGet(143)) - 920a4478-64f4-4720-983c-9a2102f3c94b: start FollowerState
2019-10-17 07:38:33,799 [Thread-1212] INFO  impl.FollowerState (FollowerState.java:run(117)) - 4b035f45-7941-40c3-ba2d-1cbecd2d369e@group-9DC5606B5DE8-FollowerState was interrupted: java.lang.InterruptedException: sleep interrupted
2019-10-17 07:38:33,799 [grpc-default-executor-5] INFO  impl.RoleInfo (RoleInfo.java:updateAndGet(143)) - 4b035f45-7941-40c3-ba2d-1cbecd2d369e: start FollowerState
2019-10-17 07:38:33,799 [Thread-1213] INFO  impl.FollowerState (FollowerState.java:run(117)) - 920a4478-64f4-4720-983c-9a2102f3c94b@group-9DC5606B5DE8-FollowerState was interrupted: java.lang.InterruptedException: sleep interrupted
2019-10-17 07:38:33,830 [05f59524-a4ea-4be4-b99d-fb9eed47142d@group-9DC5606B5DE8-LeaderElection123] INFO  impl.LeaderElection (LeaderElection.java:logAndReturn(56)) - 05f59524-a4ea-4be4-b99d-fb9eed47142d@group-9DC5606B5DE8-LeaderElection123: Election REJECTED; received 2 response(s) [05f59524-a4ea-4be4-b99d-fb9eed47142d<-4b035f45-7941-40c3-ba2d-1cbecd2d369e#0:FAIL-t140, 05f59524-a4ea-4be4-b99d-fb9eed47142d<-920a4478-64f4-4720-983c-9a2102f3c94b#0:FAIL-t140] and 0 exception(s); 05f59524-a4ea-4be4-b99d-fb9eed47142d@group-9DC5606B5DE8:t140, leader=null, voted=05f59524-a4ea-4be4-b99d-fb9eed47142d, raftlog=05f59524-a4ea-4be4-b99d-fb9eed47142d@group-9DC5606B5DE8-SegmentedRaftLog:OPENED:c-1,f-1,i0, conf=-1: [05f59524-a4ea-4be4-b99d-fb9eed47142d:192.168.34.62:45919, 4b035f45-7941-40c3-ba2d-1cbecd2d369e:192.168.34.62:45443, 920a4478-64f4-4720-983c-9a2102f3c94b:192.168.34.62:38609], old=null
2019-10-17 07:38:33,830 [05f59524-a4ea-4be4-b99d-fb9eed47142d@group-9DC5606B5DE8-LeaderElection123] INFO  impl.RaftServerImpl (RaftServerImpl.java:setRole(184)) - 05f59524-a4ea-4be4-b99d-fb9eed47142d@group-9DC5606B5DE8: changes role from CANDIDATE to FOLLOWER at term 140 for DISCOVERED_A_NEW_TERM
2019-10-17 07:38:33,830 [05f59524-a4ea-4be4-b99d-fb9eed47142d@group-9DC5606B5DE8-LeaderElection123] INFO  impl.RoleInfo (RoleInfo.java:shutdownLeaderElection(134)) - 05f59524-a4ea-4be4-b99d-fb9eed47142d: shutdown LeaderElection
2019-10-17 07:38:33,830 [05f59524-a4ea-4be4-b99d-fb9eed47142d@group-9DC5606B5DE8-LeaderElection123] INFO  impl.RoleInfo (RoleInfo.java:updateAndGet(143)) - 05f59524-a4ea-4be4-b99d-fb9eed47142d: start FollowerState
2019-10-17 07:38:33,993 [Thread-1220] INFO  impl.FollowerState (FollowerState.java:run(108)) - 05f59524-a4ea-4be4-b99d-fb9eed47142d@group-9DC5606B5DE8-FollowerState: change to CANDIDATE, lastRpcTime:162ms, electionTimeout:162ms
2019-10-17 07:38:33,993 [Thread-1220] INFO  impl.RoleInfo (RoleInfo.java:shutdownFollowerState(121)) - 05f59524-a4ea-4be4-b99d-fb9eed47142d: shutdown FollowerState
2019-10-17 07:38:33,993 [Thread-1220] INFO  impl.RaftServerImpl (RaftServerImpl.java:setRole(184)) - 05f59524-a4ea-4be4-b99d-fb9eed47142d@group-9DC5606B5DE8: changes role from  FOLLOWER to CANDIDATE at term 140 for changeToCandidate
2019-10-17 07:38:33,993 [Thread-1220] INFO  impl.RoleInfo (RoleInfo.java:updateAndGet(143)) - 05f59524-a4ea-4be4-b99d-fb9eed47142d: start LeaderElection
2019-10-17 07:38:34,026 [05f59524-a4ea-4be4-b99d-fb9eed47142d@group-9DC5606B5DE8-LeaderElection124] INFO  impl.LeaderElection (LeaderElection.java:askForVotes(178)) - 05f59524-a4ea-4be4-b99d-fb9eed47142d@group-9DC5606B5DE8-LeaderElection124: begin an election at term 141 for -1: [05f59524-a4ea-4be4-b99d-fb9eed47142d:192.168.34.62:45919, 4b035f45-7941-40c3-ba2d-1cbecd2d369e:192.168.34.62:45443, 920a4478-64f4-4720-983c-9a2102f3c94b:192.168.34.62:38609], old=null
2019-10-17 07:38:34,028 [grpc-default-executor-5] INFO  impl.RaftServerImpl (RaftServerImpl.java:setRole(184)) - 4b035f45-7941-40c3-ba2d-1cbecd2d369e@group-9DC5606B5DE8: changes role from  FOLLOWER to FOLLOWER at term 141 for recognizeCandidate:05f59524-a4ea-4be4-b99d-fb9eed47142d
2019-10-17 07:38:34,028 [grpc-default-executor-6] INFO  impl.RaftServerImpl (RaftServerImpl.java:setRole(184)) - 920a4478-64f4-4720-983c-9a2102f3c94b@group-9DC5606B5DE8: changes role from  FOLLOWER to FOLLOWER at term 141 for recognizeCandidate:05f59524-a4ea-4be4-b99d-fb9eed47142d
2019-10-17 07:38:34,029 [grpc-default-executor-5] INFO  impl.RoleInfo (RoleInfo.java:shutdownFollowerState(121)) - 4b035f45-7941-40c3-ba2d-1cbecd2d369e: shutdown FollowerState
2019-10-17 07:38:34,029 [grpc-default-executor-6] INFO  impl.RoleInfo (RoleInfo.java:shutdownFollowerState(121)) - 920a4478-64f4-4720-983c-9a2102f3c94b: shutdown FollowerState
2019-10-17 07:38:34,029 [Thread-1219] INFO  impl.FollowerState (FollowerState.java:run(117)) - 4b035f45-7941-40c3-ba2d-1cbecd2d369e@group-9DC5606B5DE8-FollowerState was interrupted: java.lang.InterruptedException: sleep interrupted
2019-10-17 07:38:34,029 [grpc-default-executor-5] INFO  impl.RoleInfo (RoleInfo.java:updateAndGet(143)) - 4b035f45-7941-40c3-ba2d-1cbecd2d369e: start FollowerState
2019-10-17 07:38:34,029 [Thread-1218] INFO  impl.FollowerState (FollowerState.java:run(117)) - 920a4478-64f4-4720-983c-9a2102f3c94b@group-9DC5606B5DE8-FollowerState was interrupted: java.lang.InterruptedException: sleep interrupted
2019-10-17 07:38:34,029 [grpc-default-executor-6] INFO  impl.RoleInfo (RoleInfo.java:updateAndGet(143)) - 920a4478-64f4-4720-983c-9a2102f3c94b: start FollowerState
2019-10-17 07:38:34,054 [05f59524-a4ea-4be4-b99d-fb9eed47142d@group-9DC5606B5DE8-LeaderElection124] INFO  impl.LeaderElection (LeaderElection.java:logAndReturn(56)) - 05f59524-a4ea-4be4-b99d-fb9eed47142d@group-9DC5606B5DE8-LeaderElection124: Election REJECTED; received 2 response(s) [05f59524-a4ea-4be4-b99d-fb9eed47142d<-4b035f45-7941-40c3-ba2d-1cbecd2d369e#0:FAIL-t141, 05f59524-a4ea-4be4-b99d-fb9eed47142d<-920a4478-64f4-4720-983c-9a2102f3c94b#0:FAIL-t141] and 0 exception(s); 05f59524-a4ea-4be4-b99d-fb9eed47142d@group-9DC5606B5DE8:t141, leader=null, voted=05f59524-a4ea-4be4-b99d-fb9eed47142d, raftlog=05f59524-a4ea-4be4-b99d-fb9eed47142d@group-9DC5606B5DE8-SegmentedRaftLog:OPENED:c-1,f-1,i0, conf=-1: [05f59524-a4ea-4be4-b99d-fb9eed47142d:192.168.34.62:45919, 4b035f45-7941-40c3-ba2d-1cbecd2d369e:192.168.34.62:45443, 920a4478-64f4-4720-983c-9a2102f3c94b:192.168.34.62:38609], old=null
2019-10-17 07:38:34,054 [05f59524-a4ea-4be4-b99d-fb9eed47142d@group-9DC5606B5DE8-LeaderElection124] INFO  impl.RaftServerImpl (RaftServerImpl.java:setRole(184)) - 05f59524-a4ea-4be4-b99d-fb9eed47142d@group-9DC5606B5DE8: changes role from CANDIDATE to FOLLOWER at term 141 for DISCOVERED_A_NEW_TERM
2019-10-17 07:38:34,054 [05f59524-a4ea-4be4-b99d-fb9eed47142d@group-9DC5606B5DE8-LeaderElection124] INFO  impl.RoleInfo (RoleInfo.java:shutdownLeaderElection(134)) - 05f59524-a4ea-4be4-b99d-fb9eed47142d: shutdown LeaderElection
2019-10-17 07:38:34,054 [05f59524-a4ea-4be4-b99d-fb9eed47142d@group-9DC5606B5DE8-LeaderElection124] INFO  impl.RoleInfo (RoleInfo.java:updateAndGet(143)) - 05f59524-a4ea-4be4-b99d-fb9eed47142d: start FollowerState
2019-10-17 07:38:34,251 [Thread-1226] INFO  impl.FollowerState (FollowerState.java:run(108)) - 05f59524-a4ea-4be4-b99d-fb9eed47142d@group-9DC5606B5DE8-FollowerState: change to CANDIDATE, lastRpcTime:197ms, electionTimeout:197ms
2019-10-17 07:38:34,252 [Thread-1226] INFO  impl.RoleInfo (RoleInfo.java:shutdownFollowerState(121)) - 05f59524-a4ea-4be4-b99d-fb9eed47142d: shutdown FollowerState
2019-10-17 07:38:34,252 [Thread-1226] INFO  impl.RaftServerImpl (RaftServerImpl.java:setRole(184)) - 05f59524-a4ea-4be4-b99d-fb9eed47142d@group-9DC5606B5DE8: changes role from  FOLLOWER to CANDIDATE at term 141 for changeToCandidate
2019-10-17 07:38:34,252 [Thread-1226] INFO  impl.RoleInfo (RoleInfo.java:updateAndGet(143)) - 05f59524-a4ea-4be4-b99d-fb9eed47142d: start LeaderElection
2019-10-17 07:38:34,307 [05f59524-a4ea-4be4-b99d-fb9eed47142d@group-9DC5606B5DE8-LeaderElection125] INFO  impl.LeaderElection (LeaderElection.java:askForVotes(178)) - 05f59524-a4ea-4be4-b99d-fb9eed47142d@group-9DC5606B5DE8-LeaderElection125: begin an election at term 142 for -1: [05f59524-a4ea-4be4-b99d-fb9eed47142d:192.168.34.62:45919, 4b035f45-7941-40c3-ba2d-1cbecd2d369e:192.168.34.62:45443, 920a4478-64f4-4720-983c-9a2102f3c94b:192.168.34.62:38609], old=null
2019-10-17 07:38:34,309 [grpc-default-executor-6] INFO  impl.RaftServerImpl (RaftServerImpl.java:setRole(184)) - 920a4478-64f4-4720-983c-9a2102f3c94b@group-9DC5606B5DE8: changes role from  FOLLOWER to FOLLOWER at term 142 for recognizeCandidate:05f59524-a4ea-4be4-b99d-fb9eed47142d
2019-10-17 07:38:34,310 [grpc-default-executor-6] INFO  impl.RoleInfo (RoleInfo.java:shutdownFollowerState(121)) - 920a4478-64f4-4720-983c-9a2102f3c94b: shutdown FollowerState
2019-10-17 07:38:34,310 [grpc-default-executor-5] INFO  impl.RaftServerImpl (RaftServerImpl.java:setRole(184)) - 4b035f45-7941-40c3-ba2d-1cbecd2d369e@group-9DC5606B5DE8: changes role from  FOLLOWER to FOLLOWER at term 142 for recognizeCandidate:05f59524-a4ea-4be4-b99d-fb9eed47142d
2019-10-17 07:38:34,310 [Thread-1225] INFO  impl.FollowerState (FollowerState.java:run(117)) - 920a4478-64f4-4720-983c-9a2102f3c94b@group-9DC5606B5DE8-FollowerState was interrupted: java.lang.InterruptedException: sleep interrupted
2019-10-17 07:38:34,310 [grpc-default-executor-6] INFO  impl.RoleInfo (RoleInfo.java:updateAndGet(143)) - 920a4478-64f4-4720-983c-9a2102f3c94b: start FollowerState
2019-10-17 07:38:34,310 [grpc-default-executor-5] INFO  impl.RoleInfo (RoleInfo.java:shutdownFollowerState(121)) - 4b035f45-7941-40c3-ba2d-1cbecd2d369e: shutdown FollowerState
2019-10-17 07:38:34,311 [grpc-default-executor-5] INFO  impl.RoleInfo (RoleInfo.java:updateAndGet(143)) - 4b035f45-7941-40c3-ba2d-1cbecd2d369e: start FollowerState
2019-10-17 07:38:34,311 [Thread-1224] INFO  impl.FollowerState (FollowerState.java:run(117)) - 4b035f45-7941-40c3-ba2d-1cbecd2d369e@group-9DC5606B5DE8-FollowerState was interrupted: java.lang.InterruptedException: sleep interrupted
2019-10-17 07:38:34,360 [05f59524-a4ea-4be4-b99d-fb9eed47142d@group-9DC5606B5DE8-LeaderElection125] INFO  impl.LeaderElection (LeaderElection.java:logAndReturn(56)) - 05f59524-a4ea-4be4-b99d-fb9eed47142d@group-9DC5606B5DE8-LeaderElection125: Election REJECTED; received 2 response(s) [05f59524-a4ea-4be4-b99d-fb9eed47142d<-4b035f45-7941-40c3-ba2d-1cbecd2d369e#0:FAIL-t142, 05f59524-a4ea-4be4-b99d-fb9eed47142d<-920a4478-64f4-4720-983c-9a2102f3c94b#0:FAIL-t142] and 0 exception(s); 05f59524-a4ea-4be4-b99d-fb9eed47142d@group-9DC5606B5DE8:t142, leader=null, voted=05f59524-a4ea-4be4-b99d-fb9eed47142d, raftlog=05f59524-a4ea-4be4-b99d-fb9eed47142d@group-9DC5606B5DE8-SegmentedRaftLog:OPENED:c-1,f-1,i0, conf=-1: [05f59524-a4ea-4be4-b99d-fb9eed47142d:192.168.34.62:45919, 4b035f45-7941-40c3-ba2d-1cbecd2d369e:192.168.34.62:45443, 920a4478-64f4-4720-983c-9a2102f3c94b:192.168.34.62:38609], old=null
2019-10-17 07:38:34,360 [05f59524-a4ea-4be4-b99d-fb9eed47142d@group-9DC5606B5DE8-LeaderElection125] INFO  impl.RaftServerImpl (RaftServerImpl.java:setRole(184)) - 05f59524-a4ea-4be4-b99d-fb9eed47142d@group-9DC5606B5DE8: changes role from CANDIDATE to FOLLOWER at term 142 for DISCOVERED_A_NEW_TERM
2019-10-17 07:38:34,360 [05f59524-a4ea-4be4-b99d-fb9eed47142d@group-9DC5606B5DE8-LeaderElection125] INFO  impl.RoleInfo (RoleInfo.java:shutdownLeaderElection(134)) - 05f59524-a4ea-4be4-b99d-fb9eed47142d: shutdown LeaderElection
2019-10-17 07:38:34,360 [05f59524-a4ea-4be4-b99d-fb9eed47142d@group-9DC5606B5DE8-LeaderElection125] INFO  impl.RoleInfo (RoleInfo.java:updateAndGet(143)) - 05f59524-a4ea-4be4-b99d-fb9eed47142d: start FollowerState
2019-10-17 07:38:34,462 [Thread-1232] INFO  impl.FollowerState (FollowerState.java:run(108)) - 05f59524-a4ea-4be4-b99d-fb9eed47142d@group-9DC5606B5DE8-FollowerState: change to CANDIDATE, lastRpcTime:101ms, electionTimeout:101ms
2019-10-17 07:38:34,462 [Thread-1232] INFO  impl.RoleInfo (RoleInfo.java:shutdownFollowerState(121)) - 05f59524-a4ea-4be4-b99d-fb9eed47142d: shutdown FollowerState
2019-10-17 07:38:34,462 [Thread-1232] INFO  impl.RaftServerImpl (RaftServerImpl.java:setRole(184)) - 05f59524-a4ea-4be4-b99d-fb9eed47142d@group-9DC5606B5DE8: changes role from  FOLLOWER to CANDIDATE at term 142 for changeToCandidate
2019-10-17 07:38:34,462 [Thread-1232] INFO  impl.RoleInfo (RoleInfo.java:updateAndGet(143)) - 05f59524-a4ea-4be4-b99d-fb9eed47142d: start LeaderElection
2019-10-17 07:38:34,505 [05f59524-a4ea-4be4-b99d-fb9eed47142d@group-9DC5606B5DE8-LeaderElection126] INFO  impl.LeaderElection (LeaderElection.java:askForVotes(178)) - 05f59524-a4ea-4be4-b99d-fb9eed47142d@group-9DC5606B5DE8-LeaderElection126: begin an election at term 143 for -1: [05f59524-a4ea-4be4-b99d-fb9eed47142d:192.168.34.62:45919, 4b035f45-7941-40c3-ba2d-1cbecd2d369e:192.168.34.62:45443, 920a4478-64f4-4720-983c-9a2102f3c94b:192.168.34.62:38609], old=null
2019-10-17 07:38:34,507 [grpc-default-executor-6] INFO  impl.RaftServerImpl (RaftServerImpl.java:setRole(184)) - 920a4478-64f4-4720-983c-9a2102f3c94b@group-9DC5606B5DE8: changes role from  FOLLOWER to FOLLOWER at term 143 for recognizeCandidate:05f59524-a4ea-4be4-b99d-fb9eed47142d
2019-10-17 07:38:34,507 [grpc-default-executor-5] INFO  impl.RaftServerImpl (RaftServerImpl.java:setRole(184)) - 4b035f45-7941-40c3-ba2d-1cbecd2d369e@group-9DC5606B5DE8: changes role from  FOLLOWER to FOLLOWER at term 143 for recognizeCandidate:05f59524-a4ea-4be4-b99d-fb9eed47142d
2019-10-17 07:38:34,507 [grpc-default-executor-6] INFO  impl.RoleInfo (RoleInfo.java:shutdownFollowerState(121)) - 920a4478-64f4-4720-983c-9a2102f3c94b: shutdown FollowerState
2019-10-17 07:38:34,508 [grpc-default-executor-5] INFO  impl.RoleInfo (RoleInfo.java:shutdownFollowerState(121)) - 4b035f45-7941-40c3-ba2d-1cbecd2d369e: shutdown FollowerState
2019-10-17 07:38:34,508 [grpc-default-executor-6] INFO  impl.RoleInfo (RoleInfo.java:updateAndGet(143)) - 920a4478-64f4-4720-983c-9a2102f3c94b: start FollowerState
2019-10-17 07:38:34,508 [grpc-default-executor-5] INFO  impl.RoleInfo (RoleInfo.java:updateAndGet(143)) - 4b035f45-7941-40c3-ba2d-1cbecd2d369e: start FollowerState
2019-10-17 07:38:34,508 [Thread-1230] INFO  impl.FollowerState (FollowerState.java:run(117)) - 920a4478-64f4-4720-983c-9a2102f3c94b@group-9DC5606B5DE8-FollowerState was interrupted: java.lang.InterruptedException: sleep interrupted
2019-10-17 07:38:34,508 [Thread-1231] INFO  impl.FollowerState (FollowerState.java:run(117)) - 4b035f45-7941-40c3-ba2d-1cbecd2d369e@group-9DC5606B5DE8-FollowerState was interrupted: java.lang.InterruptedException: sleep interrupted
2019-10-17 07:38:34,536 [05f59524-a4ea-4be4-b99d-fb9eed47142d@group-9DC5606B5DE8-LeaderElection126] INFO  impl.LeaderElection (LeaderElection.java:logAndReturn(56)) - 05f59524-a4ea-4be4-b99d-fb9eed47142d@group-9DC5606B5DE8-LeaderElection126: Election REJECTED; received 2 response(s) [05f59524-a4ea-4be4-b99d-fb9eed47142d<-4b035f45-7941-40c3-ba2d-1cbecd2d369e#0:FAIL-t143, 05f59524-a4ea-4be4-b99d-fb9eed47142d<-920a4478-64f4-4720-983c-9a2102f3c94b#0:FAIL-t143] and 0 exception(s); 05f59524-a4ea-4be4-b99d-fb9eed47142d@group-9DC5606B5DE8:t143, leader=null, voted=05f59524-a4ea-4be4-b99d-fb9eed47142d, raftlog=05f59524-a4ea-4be4-b99d-fb9eed47142d@group-9DC5606B5DE8-SegmentedRaftLog:OPENED:c-1,f-1,i0, conf=-1: [05f59524-a4ea-4be4-b99d-fb9eed47142d:192.168.34.62:45919, 4b035f45-7941-40c3-ba2d-1cbecd2d369e:192.168.34.62:45443, 920a4478-64f4-4720-983c-9a2102f3c94b:192.168.34.62:38609], old=null
2019-10-17 07:38:34,536 [05f59524-a4ea-4be4-b99d-fb9eed47142d@group-9DC5606B5DE8-LeaderElection126] INFO  impl.RaftServerImpl (RaftServerImpl.java:setRole(184)) - 05f59524-a4ea-4be4-b99d-fb9eed47142d@group-9DC5606B5DE8: changes role from CANDIDATE to FOLLOWER at term 143 for DISCOVERED_A_NEW_TERM
2019-10-17 07:38:34,536 [05f59524-a4ea-4be4-b99d-fb9eed47142d@group-9DC5606B5DE8-LeaderElection126] INFO  impl.RoleInfo (RoleInfo.java:shutdownLeaderElection(134)) - 05f59524-a4ea-4be4-b99d-fb9eed47142d: shutdown LeaderElection
2019-10-17 07:38:34,537 [05f59524-a4ea-4be4-b99d-fb9eed47142d@group-9DC5606B5DE8-LeaderElection126] INFO  impl.RoleInfo (RoleInfo.java:updateAndGet(143)) - 05f59524-a4ea-4be4-b99d-fb9eed47142d: start FollowerState
2019-10-17 07:38:34,717 [Thread-1238] INFO  impl.FollowerState (FollowerState.java:run(108)) - 05f59524-a4ea-4be4-b99d-fb9eed47142d@group-9DC5606B5DE8-FollowerState: change to CANDIDATE, lastRpcTime:180ms, electionTimeout:180ms
2019-10-17 07:38:34,717 [Thread-1238] INFO  impl.RoleInfo (RoleInfo.java:shutdownFollowerState(121)) - 05f59524-a4ea-4be4-b99d-fb9eed47142d: shutdown FollowerState
2019-10-17 07:38:34,717 [Thread-1238] INFO  impl.RaftServerImpl (RaftServerImpl.java:setRole(184)) - 05f59524-a4ea-4be4-b99d-fb9eed47142d@group-9DC5606B5DE8: changes role from  FOLLOWER to CANDIDATE at term 143 for changeToCandidate
2019-10-17 07:38:34,718 [Thread-1238] INFO  impl.RoleInfo (RoleInfo.java:updateAndGet(143)) - 05f59524-a4ea-4be4-b99d-fb9eed47142d: start LeaderElection
2019-10-17 07:38:34,747 [05f59524-a4ea-4be4-b99d-fb9eed47142d@group-9DC5606B5DE8-LeaderElection127] INFO  impl.LeaderElection (LeaderElection.java:askForVotes(178)) - 05f59524-a4ea-4be4-b99d-fb9eed47142d@group-9DC5606B5DE8-LeaderElection127: begin an election at term 144 for -1: [05f59524-a4ea-4be4-b99d-fb9eed47142d:192.168.34.62:45919, 4b035f45-7941-40c3-ba2d-1cbecd2d369e:192.168.34.62:45443, 920a4478-64f4-4720-983c-9a2102f3c94b:192.168.34.62:38609], old=null
2019-10-17 07:38:34,749 [grpc-default-executor-5] INFO  impl.RaftServerImpl (RaftServerImpl.java:setRole(184)) - 4b035f45-7941-40c3-ba2d-1cbecd2d369e@group-9DC5606B5DE8: changes role from  FOLLOWER to FOLLOWER at term 144 for recognizeCandidate:05f59524-a4ea-4be4-b99d-fb9eed47142d
2019-10-17 07:38:34,749 [grpc-default-executor-5] INFO  impl.RoleInfo (RoleInfo.java:shutdownFollowerState(121)) - 4b035f45-7941-40c3-ba2d-1cbecd2d369e: shutdown FollowerState
2019-10-17 07:38:34,749 [grpc-default-executor-6] INFO  impl.RaftServerImpl (RaftServerImpl.java:setRole(184)) - 920a4478-64f4-4720-983c-9a2102f3c94b@group-9DC5606B5DE8: changes role from  FOLLOWER to FOLLOWER at term 144 for recognizeCandidate:05f59524-a4ea-4be4-b99d-fb9eed47142d
2019-10-17 07:38:34,749 [Thread-1237] INFO  impl.FollowerState (FollowerState.java:run(117)) - 4b035f45-7941-40c3-ba2d-1cbecd2d369e@group-9DC5606B5DE8-FollowerState was interrupted: java.lang.InterruptedException: sleep interrupted
2019-10-17 07:38:34,749 [grpc-default-executor-5] INFO  impl.RoleInfo (RoleInfo.java:updateAndGet(143)) - 4b035f45-7941-40c3-ba2d-1cbecd2d369e: start FollowerState
2019-10-17 07:38:34,749 [grpc-default-executor-6] INFO  impl.RoleInfo (RoleInfo.java:shutdownFollowerState(121)) - 920a4478-64f4-4720-983c-9a2102f3c94b: shutdown FollowerState
2019-10-17 07:38:34,750 [grpc-default-executor-6] INFO  impl.RoleInfo (RoleInfo.java:updateAndGet(143)) - 920a4478-64f4-4720-983c-9a2102f3c94b: start FollowerState
2019-10-17 07:38:34,750 [Thread-1236] INFO  impl.FollowerState (FollowerState.java:run(117)) - 920a4478-64f4-4720-983c-9a2102f3c94b@group-9DC5606B5DE8-FollowerState was interrupted: java.lang.InterruptedException: sleep interrupted
2019-10-17 07:38:34,772 [05f59524-a4ea-4be4-b99d-fb9eed47142d@group-9DC5606B5DE8-LeaderElection127] INFO  impl.LeaderElection (LeaderElection.java:logAndReturn(56)) - 05f59524-a4ea-4be4-b99d-fb9eed47142d@group-9DC5606B5DE8-LeaderElection127: Election REJECTED; received 2 response(s) [05f59524-a4ea-4be4-b99d-fb9eed47142d<-4b035f45-7941-40c3-ba2d-1cbecd2d369e#0:FAIL-t144, 05f59524-a4ea-4be4-b99d-fb9eed47142d<-920a4478-64f4-4720-983c-9a2102f3c94b#0:FAIL-t144] and 0 exception(s); 05f59524-a4ea-4be4-b99d-fb9eed47142d@group-9DC5606B5DE8:t144, leader=null, voted=05f59524-a4ea-4be4-b99d-fb9eed47142d, raftlog=05f59524-a4ea-4be4-b99d-fb9eed47142d@group-9DC5606B5DE8-SegmentedRaftLog:OPENED:c-1,f-1,i0, conf=-1: [05f59524-a4ea-4be4-b99d-fb9eed47142d:192.168.34.62:45919, 4b035f45-7941-40c3-ba2d-1cbecd2d369e:192.168.34.62:45443, 920a4478-64f4-4720-983c-9a2102f3c94b:192.168.34.62:38609], old=null
2019-10-17 07:38:34,772 [05f59524-a4ea-4be4-b99d-fb9eed47142d@group-9DC5606B5DE8-LeaderElection127] INFO  impl.RaftServerImpl (RaftServerImpl.java:setRole(184)) - 05f59524-a4ea-4be4-b99d-fb9eed47142d@group-9DC5606B5DE8: changes role from CANDIDATE to FOLLOWER at term 144 for DISCOVERED_A_NEW_TERM
2019-10-17 07:38:34,772 [05f59524-a4ea-4be4-b99d-fb9eed47142d@group-9DC5606B5DE8-LeaderElection127] INFO  impl.RoleInfo (RoleInfo.java:shutdownLeaderElection(134)) - 05f59524-a4ea-4be4-b99d-fb9eed47142d: shutdown LeaderElection
2019-10-17 07:38:34,772 [05f59524-a4ea-4be4-b99d-fb9eed47142d@group-9DC5606B5DE8-LeaderElection127] INFO  impl.RoleInfo (RoleInfo.java:updateAndGet(143)) - 05f59524-a4ea-4be4-b99d-fb9eed47142d: start FollowerState
2019-10-17 07:38:34,930 [Thread-1246] INFO  impl.FollowerState (FollowerState.java:run(108)) - 05f59524-a4ea-4be4-b99d-fb9eed47142d@group-9DC5606B5DE8-FollowerState: change to CANDIDATE, lastRpcTime:157ms, electionTimeout:157ms
2019-10-17 07:38:34,930 [Thread-1246] INFO  impl.RoleInfo (RoleInfo.java:shutdownFollowerState(121)) - 05f59524-a4ea-4be4-b99d-fb9eed47142d: shutdown FollowerState
2019-10-17 07:38:34,930 [Thread-1246] INFO  impl.RaftServerImpl (RaftServerImpl.java:setRole(184)) - 05f59524-a4ea-4be4-b99d-fb9eed47142d@group-9DC5606B5DE8: changes role from  FOLLOWER to CANDIDATE at term 144 for changeToCandidate
2019-10-17 07:38:34,930 [Thread-1246] INFO  impl.RoleInfo (RoleInfo.java:updateAndGet(143)) - 05f59524-a4ea-4be4-b99d-fb9eed47142d: start LeaderElection
2019-10-17 07:38:34,961 [05f59524-a4ea-4be4-b99d-fb9eed47142d@group-9DC5606B5DE8-LeaderElection128] INFO  impl.LeaderElection (LeaderElection.java:askForVotes(178)) - 05f59524-a4ea-4be4-b99d-fb9eed47142d@group-9DC5606B5DE8-LeaderElection128: begin an election at term 145 for -1: [05f59524-a4ea-4be4-b99d-fb9eed47142d:192.168.34.62:45919, 4b035f45-7941-40c3-ba2d-1cbecd2d369e:192.168.34.62:45443, 920a4478-64f4-4720-983c-9a2102f3c94b:192.168.34.62:38609], old=null
2019-10-17 07:38:34,964 [grpc-default-executor-5] INFO  impl.RaftServerImpl (RaftServerImpl.java:setRole(184)) - 4b035f45-7941-40c3-ba2d-1cbecd2d369e@group-9DC5606B5DE8: changes role from  FOLLOWER to FOLLOWER at term 145 for recognizeCandidate:05f59524-a4ea-4be4-b99d-fb9eed47142d
2019-10-17 07:38:34,964 [grpc-default-executor-5] INFO  impl.RoleInfo (RoleInfo.java:shutdownFollowerState(121)) - 4b035f45-7941-40c3-ba2d-1cbecd2d369e: shutdown FollowerState
2019-10-17 07:38:34,964 [grpc-default-executor-6] INFO  impl.RaftServerImpl (RaftServerImpl.java:setRole(184)) - 920a4478-64f4-4720-983c-9a2102f3c94b@group-9DC5606B5DE8: changes role from  FOLLOWER to FOLLOWER at term 145 for recognizeCandidate:05f59524-a4ea-4be4-b99d-fb9eed47142d
2019-10-17 07:38:34,964 [grpc-default-executor-5] INFO  impl.RoleInfo (RoleInfo.java:updateAndGet(143)) - 4b035f45-7941-40c3-ba2d-1cbecd2d369e: start FollowerState
2019-10-17 07:38:34,964 [Thread-1244] INFO  impl.FollowerState (FollowerState.java:run(117)) - 4b035f45-7941-40c3-ba2d-1cbecd2d369e@group-9DC5606B5DE8-FollowerState was interrupted: java.lang.InterruptedException: sleep interrupted
2019-10-17 07:38:34,964 [grpc-default-executor-6] INFO  impl.RoleInfo (RoleInfo.java:shutdownFollowerState(121)) - 920a4478-64f4-4720-983c-9a2102f3c94b: shutdown FollowerState
2019-10-17 07:38:34,965 [grpc-default-executor-6] INFO  impl.RoleInfo (RoleInfo.java:updateAndGet(143)) - 920a4478-64f4-4720-983c-9a2102f3c94b: start FollowerState
2019-10-17 07:38:34,965 [Thread-1245] INFO  impl.FollowerState (FollowerState.java:run(117)) - 920a4478-64f4-4720-983c-9a2102f3c94b@group-9DC5606B5DE8-FollowerState was interrupted: java.lang.InterruptedException: sleep interrupted
2019-10-17 07:38:35,007 [05f59524-a4ea-4be4-b99d-fb9eed47142d@group-9DC5606B5DE8-LeaderElection128] INFO  impl.LeaderElection (LeaderElection.java:logAndReturn(56)) - 05f59524-a4ea-4be4-b99d-fb9eed47142d@group-9DC5606B5DE8-LeaderElection128: Election REJECTED; received 2 response(s) [05f59524-a4ea-4be4-b99d-fb9eed47142d<-4b035f45-7941-40c3-ba2d-1cbecd2d369e#0:FAIL-t145, 05f59524-a4ea-4be4-b99d-fb9eed47142d<-920a4478-64f4-4720-983c-9a2102f3c94b#0:FAIL-t145] and 0 exception(s); 05f59524-a4ea-4be4-b99d-fb9eed47142d@group-9DC5606B5DE8:t145, leader=null, voted=05f59524-a4ea-4be4-b99d-fb9eed47142d, raftlog=05f59524-a4ea-4be4-b99d-fb9eed47142d@group-9DC5606B5DE8-SegmentedRaftLog:OPENED:c-1,f-1,i0, conf=-1: [05f59524-a4ea-4be4-b99d-fb9eed47142d:192.168.34.62:45919, 4b035f45-7941-40c3-ba2d-1cbecd2d369e:192.168.34.62:45443, 920a4478-64f4-4720-983c-9a2102f3c94b:192.168.34.62:38609], old=null
2019-10-17 07:38:35,007 [05f59524-a4ea-4be4-b99d-fb9eed47142d@group-9DC5606B5DE8-LeaderElection128] INFO  impl.RaftServerImpl (RaftServerImpl.java:setRole(184)) - 05f59524-a4ea-4be4-b99d-fb9eed47142d@group-9DC5606B5DE8: changes role from CANDIDATE to FOLLOWER at term 145 for DISCOVERED_A_NEW_TERM
2019-10-17 07:38:35,007 [05f59524-a4ea-4be4-b99d-fb9eed47142d@group-9DC5606B5DE8-LeaderElection128] INFO  impl.RoleInfo (RoleInfo.java:shutdownLeaderElection(134)) - 05f59524-a4ea-4be4-b99d-fb9eed47142d: shutdown LeaderElection
2019-10-17 07:38:35,008 [05f59524-a4ea-4be4-b99d-fb9eed47142d@group-9DC5606B5DE8-LeaderElection128] INFO  impl.RoleInfo (RoleInfo.java:updateAndGet(143)) - 05f59524-a4ea-4be4-b99d-fb9eed47142d: start FollowerState
2019-10-17 07:38:35,168 [Thread-1252] INFO  impl.FollowerState (FollowerState.java:run(108)) - 05f59524-a4ea-4be4-b99d-fb9eed47142d@group-9DC5606B5DE8-FollowerState: change to CANDIDATE, lastRpcTime:160ms, electionTimeout:160ms
2019-10-17 07:38:35,168 [Thread-1252] INFO  impl.RoleInfo (RoleInfo.java:shutdownFollowerState(121)) - 05f59524-a4ea-4be4-b99d-fb9eed47142d: shutdown FollowerState
2019-10-17 07:38:35,169 [Thread-1252] INFO  impl.RaftServerImpl (RaftServerImpl.java:setRole(184)) - 05f59524-a4ea-4be4-b99d-fb9eed47142d@group-9DC5606B5DE8: changes role from  FOLLOWER to CANDIDATE at term 145 for changeToCandidate
2019-10-17 07:38:35,169 [Thread-1252] INFO  impl.RoleInfo (RoleInfo.java:updateAndGet(143)) - 05f59524-a4ea-4be4-b99d-fb9eed47142d: start LeaderElection
2019-10-17 07:38:35,196 [05f59524-a4ea-4be4-b99d-fb9eed47142d@group-9DC5606B5DE8-LeaderElection129] INFO  impl.LeaderElection (LeaderElection.java:askForVotes(178)) - 05f59524-a4ea-4be4-b99d-fb9eed47142d@group-9DC5606B5DE8-LeaderElection129: begin an election at term 146 for -1: [05f59524-a4ea-4be4-b99d-fb9eed47142d:192.168.34.62:45919, 4b035f45-7941-40c3-ba2d-1cbecd2d369e:192.168.34.62:45443, 920a4478-64f4-4720-983c-9a2102f3c94b:192.168.34.62:38609], old=null
2019-10-17 07:38:35,198 [grpc-default-executor-6] INFO  impl.RaftServerImpl (RaftServerImpl.java:setRole(184)) - 920a4478-64f4-4720-983c-9a2102f3c94b@group-9DC5606B5DE8: changes role from  FOLLOWER to FOLLOWER at term 146 for recognizeCandidate:05f59524-a4ea-4be4-b99d-fb9eed47142d
2019-10-17 07:38:35,198 [grpc-default-executor-5] INFO  impl.RaftServerImpl (RaftServerImpl.java:setRole(184)) - 4b035f45-7941-40c3-ba2d-1cbecd2d369e@group-9DC5606B5DE8: changes role from  FOLLOWER to FOLLOWER at term 146 for recognizeCandidate:05f59524-a4ea-4be4-b99d-fb9eed47142d
2019-10-17 07:38:35,198 [grpc-default-executor-6] INFO  impl.RoleInfo (RoleInfo.java:shutdownFollowerState(121)) - 920a4478-64f4-4720-983c-9a2102f3c94b: shutdown FollowerState
2019-10-17 07:38:35,199 [grpc-default-executor-5] INFO  impl.RoleInfo (RoleInfo.java:shutdownFollowerState(121)) - 4b035f45-7941-40c3-ba2d-1cbecd2d369e: shutdown FollowerState
2019-10-17 07:38:35,199 [grpc-default-executor-6] INFO  impl.RoleInfo (RoleInfo.java:updateAndGet(143)) - 920a4478-64f4-4720-983c-9a2102f3c94b: start FollowerState
2019-10-17 07:38:35,199 [Thread-1251] INFO  impl.FollowerState (FollowerState.java:run(117)) - 920a4478-64f4-4720-983c-9a2102f3c94b@group-9DC5606B5DE8-FollowerState was interrupted: java.lang.InterruptedException: sleep interrupted
2019-10-17 07:38:35,199 [grpc-default-executor-5] INFO  impl.RoleInfo (RoleInfo.java:updateAndGet(143)) - 4b035f45-7941-40c3-ba2d-1cbecd2d369e: start FollowerState
2019-10-17 07:38:35,199 [Thread-1250] INFO  impl.FollowerState (FollowerState.java:run(117)) - 4b035f45-7941-40c3-ba2d-1cbecd2d369e@group-9DC5606B5DE8-FollowerState was interrupted: java.lang.InterruptedException: sleep interrupted
2019-10-17 07:38:35,230 [05f59524-a4ea-4be4-b99d-fb9eed47142d@group-9DC5606B5DE8-LeaderElection129] INFO  impl.LeaderElection (LeaderElection.java:logAndReturn(56)) - 05f59524-a4ea-4be4-b99d-fb9eed47142d@group-9DC5606B5DE8-LeaderElection129: Election REJECTED; received 2 response(s) [05f59524-a4ea-4be4-b99d-fb9eed47142d<-4b035f45-7941-40c3-ba2d-1cbecd2d369e#0:FAIL-t146, 05f59524-a4ea-4be4-b99d-fb9eed47142d<-920a4478-64f4-4720-983c-9a2102f3c94b#0:FAIL-t146] and 0 exception(s); 05f59524-a4ea-4be4-b99d-fb9eed47142d@group-9DC5606B5DE8:t146, leader=null, voted=05f59524-a4ea-4be4-b99d-fb9eed47142d, raftlog=05f59524-a4ea-4be4-b99d-fb9eed47142d@group-9DC5606B5DE8-SegmentedRaftLog:OPENED:c-1,f-1,i0, conf=-1: [05f59524-a4ea-4be4-b99d-fb9eed47142d:192.168.34.62:45919, 4b035f45-7941-40c3-ba2d-1cbecd2d369e:192.168.34.62:45443, 920a4478-64f4-4720-983c-9a2102f3c94b:192.168.34.62:38609], old=null
2019-10-17 07:38:35,231 [05f59524-a4ea-4be4-b99d-fb9eed47142d@group-9DC5606B5DE8-LeaderElection129] INFO  impl.RaftServerImpl (RaftServerImpl.java:setRole(184)) - 05f59524-a4ea-4be4-b99d-fb9eed47142d@group-9DC5606B5DE8: changes role from CANDIDATE to FOLLOWER at term 146 for DISCOVERED_A_NEW_TERM
2019-10-17 07:38:35,231 [05f59524-a4ea-4be4-b99d-fb9eed47142d@group-9DC5606B5DE8-LeaderElection129] INFO  impl.RoleInfo (RoleInfo.java:shutdownLeaderElection(134)) - 05f59524-a4ea-4be4-b99d-fb9eed47142d: shutdown LeaderElection
2019-10-17 07:38:35,231 [05f59524-a4ea-4be4-b99d-fb9eed47142d@group-9DC5606B5DE8-LeaderElection129] INFO  impl.RoleInfo (RoleInfo.java:updateAndGet(143)) - 05f59524-a4ea-4be4-b99d-fb9eed47142d: start FollowerState
2019-10-17 07:38:35,361 [Thread-1258] INFO  impl.FollowerState (FollowerState.java:run(108)) - 05f59524-a4ea-4be4-b99d-fb9eed47142d@group-9DC5606B5DE8-FollowerState: change to CANDIDATE, lastRpcTime:130ms, electionTimeout:130ms
2019-10-17 07:38:35,362 [Thread-1258] INFO  impl.RoleInfo (RoleInfo.java:shutdownFollowerState(121)) - 05f59524-a4ea-4be4-b99d-fb9eed47142d: shutdown FollowerState
2019-10-17 07:38:35,362 [Thread-1258] INFO  impl.RaftServerImpl (RaftServerImpl.java:setRole(184)) - 05f59524-a4ea-4be4-b99d-fb9eed47142d@group-9DC5606B5DE8: changes role from  FOLLOWER to CANDIDATE at term 146 for changeToCandidate
2019-10-17 07:38:35,362 [Thread-1258] INFO  impl.RoleInfo (RoleInfo.java:updateAndGet(143)) - 05f59524-a4ea-4be4-b99d-fb9eed47142d: start LeaderElection
2019-10-17 07:38:35,408 [05f59524-a4ea-4be4-b99d-fb9eed47142d@group-9DC5606B5DE8-LeaderElection130] INFO  impl.LeaderElection (LeaderElection.java:askForVotes(178)) - 05f59524-a4ea-4be4-b99d-fb9eed47142d@group-9DC5606B5DE8-LeaderElection130: begin an election at term 147 for -1: [05f59524-a4ea-4be4-b99d-fb9eed47142d:192.168.34.62:45919, 4b035f45-7941-40c3-ba2d-1cbecd2d369e:192.168.34.62:45443, 920a4478-64f4-4720-983c-9a2102f3c94b:192.168.34.62:38609], old=null
2019-10-17 07:38:35,411 [grpc-default-executor-5] INFO  impl.RaftServerImpl (RaftServerImpl.java:setRole(184)) - 4b035f45-7941-40c3-ba2d-1cbecd2d369e@group-9DC5606B5DE8: changes role from  FOLLOWER to FOLLOWER at term 147 for recognizeCandidate:05f59524-a4ea-4be4-b99d-fb9eed47142d
2019-10-17 07:38:35,411 [grpc-default-executor-6] INFO  impl.RaftServerImpl (RaftServerImpl.java:setRole(184)) - 920a4478-64f4-4720-983c-9a2102f3c94b@group-9DC5606B5DE8: changes role from  FOLLOWER to FOLLOWER at term 147 for recognizeCandidate:05f59524-a4ea-4be4-b99d-fb9eed47142d
2019-10-17 07:38:35,411 [grpc-default-executor-5] INFO  impl.RoleInfo (RoleInfo.java:shutdownFollowerState(121)) - 4b035f45-7941-40c3-ba2d-1cbecd2d369e: shutdown FollowerState
2019-10-17 07:38:35,411 [grpc-default-executor-6] INFO  impl.RoleInfo (RoleInfo.java:shutdownFollowerState(121)) - 920a4478-64f4-4720-983c-9a2102f3c94b: shutdown FollowerState
2019-10-17 07:38:35,411 [grpc-default-executor-5] INFO  impl.RoleInfo (RoleInfo.java:updateAndGet(143)) - 4b035f45-7941-40c3-ba2d-1cbecd2d369e: start FollowerState
2019-10-17 07:38:35,411 [grpc-default-executor-6] INFO  impl.RoleInfo (RoleInfo.java:updateAndGet(143)) - 920a4478-64f4-4720-983c-9a2102f3c94b: start FollowerState
2019-10-17 07:38:35,411 [Thread-1257] INFO  impl.FollowerState (FollowerState.java:run(117)) - 4b035f45-7941-40c3-ba2d-1cbecd2d369e@group-9DC5606B5DE8-FollowerState was interrupted: java.lang.InterruptedException: sleep interrupted
2019-10-17 07:38:35,412 [Thread-1256] INFO  impl.FollowerState (FollowerState.java:run(117)) - 920a4478-64f4-4720-983c-9a2102f3c94b@group-9DC5606B5DE8-FollowerState was interrupted: java.lang.InterruptedException: sleep interrupted
2019-10-17 07:38:35,436 [05f59524-a4ea-4be4-b99d-fb9eed47142d@group-9DC5606B5DE8-LeaderElection130] INFO  impl.LeaderElection (LeaderElection.java:logAndReturn(56)) - 05f59524-a4ea-4be4-b99d-fb9eed47142d@group-9DC5606B5DE8-LeaderElection130: Election REJECTED; received 2 response(s) [05f59524-a4ea-4be4-b99d-fb9eed47142d<-4b035f45-7941-40c3-ba2d-1cbecd2d369e#0:FAIL-t147, 05f59524-a4ea-4be4-b99d-fb9eed47142d<-920a4478-64f4-4720-983c-9a2102f3c94b#0:FAIL-t147] and 0 exception(s); 05f59524-a4ea-4be4-b99d-fb9eed47142d@group-9DC5606B5DE8:t147, leader=null, voted=05f59524-a4ea-4be4-b99d-fb9eed47142d, raftlog=05f59524-a4ea-4be4-b99d-fb9eed47142d@group-9DC5606B5DE8-SegmentedRaftLog:OPENED:c-1,f-1,i0, conf=-1: [05f59524-a4ea-4be4-b99d-fb9eed47142d:192.168.34.62:45919, 4b035f45-7941-40c3-ba2d-1cbecd2d369e:192.168.34.62:45443, 920a4478-64f4-4720-983c-9a2102f3c94b:192.168.34.62:38609], old=null
2019-10-17 07:38:35,436 [05f59524-a4ea-4be4-b99d-fb9eed47142d@group-9DC5606B5DE8-LeaderElection130] INFO  impl.RaftServerImpl (RaftServerImpl.java:setRole(184)) - 05f59524-a4ea-4be4-b99d-fb9eed47142d@group-9DC5606B5DE8: changes role from CANDIDATE to FOLLOWER at term 147 for DISCOVERED_A_NEW_TERM
2019-10-17 07:38:35,436 [05f59524-a4ea-4be4-b99d-fb9eed47142d@group-9DC5606B5DE8-LeaderElection130] INFO  impl.RoleInfo (RoleInfo.java:shutdownLeaderElection(134)) - 05f59524-a4ea-4be4-b99d-fb9eed47142d: shutdown LeaderElection
2019-10-17 07:38:35,436 [05f59524-a4ea-4be4-b99d-fb9eed47142d@group-9DC5606B5DE8-LeaderElection130] INFO  impl.RoleInfo (RoleInfo.java:updateAndGet(143)) - 05f59524-a4ea-4be4-b99d-fb9eed47142d: start FollowerState
2019-10-17 07:38:35,613 [Thread-1264] INFO  impl.FollowerState (FollowerState.java:run(108)) - 05f59524-a4ea-4be4-b99d-fb9eed47142d@group-9DC5606B5DE8-FollowerState: change to CANDIDATE, lastRpcTime:176ms, electionTimeout:176ms
2019-10-17 07:38:35,613 [Thread-1264] INFO  impl.RoleInfo (RoleInfo.java:shutdownFollowerState(121)) - 05f59524-a4ea-4be4-b99d-fb9eed47142d: shutdown FollowerState
2019-10-17 07:38:35,613 [Thread-1264] INFO  impl.RaftServerImpl (RaftServerImpl.java:setRole(184)) - 05f59524-a4ea-4be4-b99d-fb9eed47142d@group-9DC5606B5DE8: changes role from  FOLLOWER to CANDIDATE at term 147 for changeToCandidate
2019-10-17 07:38:35,613 [Thread-1264] INFO  impl.RoleInfo (RoleInfo.java:updateAndGet(143)) - 05f59524-a4ea-4be4-b99d-fb9eed47142d: start LeaderElection
2019-10-17 07:38:35,678 [05f59524-a4ea-4be4-b99d-fb9eed47142d@group-9DC5606B5DE8-LeaderElection131] INFO  impl.LeaderElection (LeaderElection.java:askForVotes(178)) - 05f59524-a4ea-4be4-b99d-fb9eed47142d@group-9DC5606B5DE8-LeaderElection131: begin an election at term 148 for -1: [05f59524-a4ea-4be4-b99d-fb9eed47142d:192.168.34.62:45919, 4b035f45-7941-40c3-ba2d-1cbecd2d369e:192.168.34.62:45443, 920a4478-64f4-4720-983c-9a2102f3c94b:192.168.34.62:38609], old=null
2019-10-17 07:38:35,681 [grpc-default-executor-5] INFO  impl.RaftServerImpl (RaftServerImpl.java:setRole(184)) - 4b035f45-7941-40c3-ba2d-1cbecd2d369e@group-9DC5606B5DE8: changes role from  FOLLOWER to FOLLOWER at term 148 for recognizeCandidate:05f59524-a4ea-4be4-b99d-fb9eed47142d
2019-10-17 07:38:35,681 [grpc-default-executor-6] INFO  impl.RaftServerImpl (RaftServerImpl.java:setRole(184)) - 920a4478-64f4-4720-983c-9a2102f3c94b@group-9DC5606B5DE8: changes role from  FOLLOWER to FOLLOWER at term 148 for recognizeCandidate:05f59524-a4ea-4be4-b99d-fb9eed47142d
2019-10-17 07:38:35,682 [grpc-default-executor-5] INFO  impl.RoleInfo (RoleInfo.java:shutdownFollowerState(121)) - 4b035f45-7941-40c3-ba2d-1cbecd2d369e: shutdown FollowerState
2019-10-17 07:38:35,682 [grpc-default-executor-6] INFO  impl.RoleInfo (RoleInfo.java:shutdownFollowerState(121)) - 920a4478-64f4-4720-983c-9a2102f3c94b: shutdown FollowerState
2019-10-17 07:38:35,682 [grpc-default-executor-5] INFO  impl.RoleInfo (RoleInfo.java:updateAndGet(143)) - 4b035f45-7941-40c3-ba2d-1cbecd2d369e: start FollowerState
2019-10-17 07:38:35,682 [grpc-default-executor-6] INFO  impl.RoleInfo (RoleInfo.java:updateAndGet(143)) - 920a4478-64f4-4720-983c-9a2102f3c94b: start FollowerState
2019-10-17 07:38:35,682 [Thread-1262] INFO  impl.FollowerState (FollowerState.java:run(117)) - 4b035f45-7941-40c3-ba2d-1cbecd2d369e@group-9DC5606B5DE8-FollowerState was interrupted: java.lang.InterruptedException: sleep interrupted
2019-10-17 07:38:35,682 [Thread-1263] INFO  impl.FollowerState (FollowerState.java:run(117)) - 920a4478-64f4-4720-983c-9a2102f3c94b@group-9DC5606B5DE8-FollowerState was interrupted: java.lang.InterruptedException: sleep interrupted
2019-10-17 07:38:35,696 [05f59524-a4ea-4be4-b99d-fb9eed47142d@group-9DC5606B5DE8-LeaderElection131] INFO  impl.LeaderElection (LeaderElection.java:logAndReturn(56)) - 05f59524-a4ea-4be4-b99d-fb9eed47142d@group-9DC5606B5DE8-LeaderElection131: Election TIMEOUT; received 0 response(s) [] and 0 exception(s); 05f59524-a4ea-4be4-b99d-fb9eed47142d@group-9DC5606B5DE8:t148, leader=null, voted=05f59524-a4ea-4be4-b99d-fb9eed47142d, raftlog=05f59524-a4ea-4be4-b99d-fb9eed47142d@group-9DC5606B5DE8-SegmentedRaftLog:OPENED:c-1,f-1,i0, conf=-1: [05f59524-a4ea-4be4-b99d-fb9eed47142d:192.168.34.62:45919, 4b035f45-7941-40c3-ba2d-1cbecd2d369e:192.168.34.62:45443, 920a4478-64f4-4720-983c-9a2102f3c94b:192.168.34.62:38609], old=null
2019-10-17 07:38:35,756 [05f59524-a4ea-4be4-b99d-fb9eed47142d@group-9DC5606B5DE8-LeaderElection131] INFO  impl.LeaderElection (LeaderElection.java:askForVotes(178)) - 05f59524-a4ea-4be4-b99d-fb9eed47142d@group-9DC5606B5DE8-LeaderElection131: begin an election at term 149 for -1: [05f59524-a4ea-4be4-b99d-fb9eed47142d:192.168.34.62:45919, 4b035f45-7941-40c3-ba2d-1cbecd2d369e:192.168.34.62:45443, 920a4478-64f4-4720-983c-9a2102f3c94b:192.168.34.62:38609], old=null
2019-10-17 07:38:35,758 [grpc-default-executor-6] INFO  impl.RaftServerImpl (RaftServerImpl.java:setRole(184)) - 4b035f45-7941-40c3-ba2d-1cbecd2d369e@group-9DC5606B5DE8: changes role from  FOLLOWER to FOLLOWER at term 149 for recognizeCandidate:05f59524-a4ea-4be4-b99d-fb9eed47142d
2019-10-17 07:38:35,758 [grpc-default-executor-6] INFO  impl.RoleInfo (RoleInfo.java:shutdownFollowerState(121)) - 4b035f45-7941-40c3-ba2d-1cbecd2d369e: shutdown FollowerState
2019-10-17 07:38:35,758 [grpc-default-executor-5] INFO  impl.RaftServerImpl (RaftServerImpl.java:setRole(184)) - 920a4478-64f4-4720-983c-9a2102f3c94b@group-9DC5606B5DE8: changes role from  FOLLOWER to FOLLOWER at term 149 for recognizeCandidate:05f59524-a4ea-4be4-b99d-fb9eed47142d
2019-10-17 07:38:35,758 [Thread-1268] INFO  impl.FollowerState (FollowerState.java:run(117)) - 4b035f45-7941-40c3-ba2d-1cbecd2d369e@group-9DC5606B5DE8-FollowerState was interrupted: java.lang.InterruptedException: sleep interrupted
2019-10-17 07:38:35,758 [grpc-default-executor-6] INFO  impl.RoleInfo (RoleInfo.java:updateAndGet(143)) - 4b035f45-7941-40c3-ba2d-1cbecd2d369e: start FollowerState
2019-10-17 07:38:35,758 [grpc-default-executor-5] INFO  impl.RoleInfo (RoleInfo.java:shutdownFollowerState(121)) - 920a4478-64f4-4720-983c-9a2102f3c94b: shutdown FollowerState
2019-10-17 07:38:35,759 [grpc-default-executor-5] INFO  impl.RoleInfo (RoleInfo.java:updateAndGet(143)) - 920a4478-64f4-4720-983c-9a2102f3c94b: start FollowerState
2019-10-17 07:38:35,759 [Thread-1269] INFO  impl.FollowerState (FollowerState.java:run(117)) - 920a4478-64f4-4720-983c-9a2102f3c94b@group-9DC5606B5DE8-FollowerState was interrupted: java.lang.InterruptedException: sleep interrupted
2019-10-17 07:38:35,796 [05f59524-a4ea-4be4-b99d-fb9eed47142d@group-9DC5606B5DE8-LeaderElection131] INFO  impl.LeaderElection (LeaderElection.java:logAndReturn(56)) - 05f59524-a4ea-4be4-b99d-fb9eed47142d@group-9DC5606B5DE8-LeaderElection131: Election REJECTED; received 2 response(s) [05f59524-a4ea-4be4-b99d-fb9eed47142d<-4b035f45-7941-40c3-ba2d-1cbecd2d369e#0:FAIL-t149, 05f59524-a4ea-4be4-b99d-fb9eed47142d<-920a4478-64f4-4720-983c-9a2102f3c94b#0:FAIL-t149] and 0 exception(s); 05f59524-a4ea-4be4-b99d-fb9eed47142d@group-9DC5606B5DE8:t149, leader=null, voted=05f59524-a4ea-4be4-b99d-fb9eed47142d, raftlog=05f59524-a4ea-4be4-b99d-fb9eed47142d@group-9DC5606B5DE8-SegmentedRaftLog:OPENED:c-1,f-1,i0, conf=-1: [05f59524-a4ea-4be4-b99d-fb9eed47142d:192.168.34.62:45919, 4b035f45-7941-40c3-ba2d-1cbecd2d369e:192.168.34.62:45443, 920a4478-64f4-4720-983c-9a2102f3c94b:192.168.34.62:38609], old=null
2019-10-17 07:38:35,796 [05f59524-a4ea-4be4-b99d-fb9eed47142d@group-9DC5606B5DE8-LeaderElection131] INFO  impl.RaftServerImpl (RaftServerImpl.java:setRole(184)) - 05f59524-a4ea-4be4-b99d-fb9eed47142d@group-9DC5606B5DE8: changes role from CANDIDATE to FOLLOWER at term 149 for DISCOVERED_A_NEW_TERM
2019-10-17 07:38:35,796 [05f59524-a4ea-4be4-b99d-fb9eed47142d@group-9DC5606B5DE8-LeaderElection131] INFO  impl.RoleInfo (RoleInfo.java:shutdownLeaderElection(134)) - 05f59524-a4ea-4be4-b99d-fb9eed47142d: shutdown LeaderElection
2019-10-17 07:38:35,796 [05f59524-a4ea-4be4-b99d-fb9eed47142d@group-9DC5606B5DE8-LeaderElection131] INFO  impl.RoleInfo (RoleInfo.java:updateAndGet(143)) - 05f59524-a4ea-4be4-b99d-fb9eed47142d: start FollowerState
2019-10-17 07:38:35,914 [Thread-1274] INFO  impl.FollowerState (FollowerState.java:run(108)) - 05f59524-a4ea-4be4-b99d-fb9eed47142d@group-9DC5606B5DE8-FollowerState: change to CANDIDATE, lastRpcTime:117ms, electionTimeout:117ms
2019-10-17 07:38:35,914 [Thread-1274] INFO  impl.RoleInfo (RoleInfo.java:shutdownFollowerState(121)) - 05f59524-a4ea-4be4-b99d-fb9eed47142d: shutdown FollowerState
2019-10-17 07:38:35,914 [Thread-1274] INFO  impl.RaftServerImpl (RaftServerImpl.java:setRole(184)) - 05f59524-a4ea-4be4-b99d-fb9eed47142d@group-9DC5606B5DE8: changes role from  FOLLOWER to CANDIDATE at term 149 for changeToCandidate
2019-10-17 07:38:35,914 [Thread-1274] INFO  impl.RoleInfo (RoleInfo.java:updateAndGet(143)) - 05f59524-a4ea-4be4-b99d-fb9eed47142d: start LeaderElection
2019-10-17 07:38:35,937 [05f59524-a4ea-4be4-b99d-fb9eed47142d@group-9DC5606B5DE8-LeaderElection132] INFO  impl.LeaderElection (LeaderElection.java:askForVotes(178)) - 05f59524-a4ea-4be4-b99d-fb9eed47142d@group-9DC5606B5DE8-LeaderElection132: begin an election at term 150 for -1: [05f59524-a4ea-4be4-b99d-fb9eed47142d:192.168.34.62:45919, 4b035f45-7941-40c3-ba2d-1cbecd2d369e:192.168.34.62:45443, 920a4478-64f4-4720-983c-9a2102f3c94b:192.168.34.62:38609], old=null
2019-10-17 07:38:35,939 [grpc-default-executor-5] INFO  impl.RaftServerImpl (RaftServerImpl.java:setRole(184)) - 4b035f45-7941-40c3-ba2d-1cbecd2d369e@group-9DC5606B5DE8: changes role from  FOLLOWER to FOLLOWER at term 150 for recognizeCandidate:05f59524-a4ea-4be4-b99d-fb9eed47142d
2019-10-17 07:38:35,939 [grpc-default-executor-6] INFO  impl.RaftServerImpl (RaftServerImpl.java:setRole(184)) - 920a4478-64f4-4720-983c-9a2102f3c94b@group-9DC5606B5DE8: changes role from  FOLLOWER to FOLLOWER at term 150 for recognizeCandidate:05f59524-a4ea-4be4-b99d-fb9eed47142d
2019-10-17 07:38:35,939 [grpc-default-executor-5] INFO  impl.RoleInfo (RoleInfo.java:shutdownFollowerState(121)) - 4b035f45-7941-40c3-ba2d-1cbecd2d369e: shutdown FollowerState
2019-10-17 07:38:35,939 [grpc-default-executor-6] INFO  impl.RoleInfo (RoleInfo.java:shutdownFollowerState(121)) - 920a4478-64f4-4720-983c-9a2102f3c94b: shutdown FollowerState
2019-10-17 07:38:35,940 [grpc-default-executor-5] INFO  impl.RoleInfo (RoleInfo.java:updateAndGet(143)) - 4b035f45-7941-40c3-ba2d-1cbecd2d369e: start FollowerState
2019-10-17 07:38:35,940 [Thread-1272] INFO  impl.FollowerState (FollowerState.java:run(117)) - 4b035f45-7941-40c3-ba2d-1cbecd2d369e@group-9DC5606B5DE8-FollowerState was interrupted: java.lang.InterruptedException: sleep interrupted
2019-10-17 07:38:35,940 [grpc-default-executor-6] INFO  impl.RoleInfo (RoleInfo.java:updateAndGet(143)) - 920a4478-64f4-4720-983c-9a2102f3c94b: start FollowerState
2019-10-17 07:38:35,940 [Thread-1273] INFO  impl.FollowerState (FollowerState.java:run(117)) - 920a4478-64f4-4720-983c-9a2102f3c94b@group-9DC5606B5DE8-FollowerState was interrupted: java.lang.InterruptedException: sleep interrupted
2019-10-17 07:38:35,981 [05f59524-a4ea-4be4-b99d-fb9eed47142d@group-9DC5606B5DE8-LeaderElection132] INFO  impl.LeaderElection (LeaderElection.java:logAndReturn(56)) - 05f59524-a4ea-4be4-b99d-fb9eed47142d@group-9DC5606B5DE8-LeaderElection132: Election REJECTED; received 2 response(s) [05f59524-a4ea-4be4-b99d-fb9eed47142d<-4b035f45-7941-40c3-ba2d-1cbecd2d369e#0:FAIL-t150, 05f59524-a4ea-4be4-b99d-fb9eed47142d<-920a4478-64f4-4720-983c-9a2102f3c94b#0:FAIL-t150] and 0 exception(s); 05f59524-a4ea-4be4-b99d-fb9eed47142d@group-9DC5606B5DE8:t150, leader=null, voted=05f59524-a4ea-4be4-b99d-fb9eed47142d, raftlog=05f59524-a4ea-4be4-b99d-fb9eed47142d@group-9DC5606B5DE8-SegmentedRaftLog:OPENED:c-1,f-1,i0, conf=-1: [05f59524-a4ea-4be4-b99d-fb9eed47142d:192.168.34.62:45919, 4b035f45-7941-40c3-ba2d-1cbecd2d369e:192.168.34.62:45443, 920a4478-64f4-4720-983c-9a2102f3c94b:192.168.34.62:38609], old=null
2019-10-17 07:38:35,981 [05f59524-a4ea-4be4-b99d-fb9eed47142d@group-9DC5606B5DE8-LeaderElection132] INFO  impl.RaftServerImpl (RaftServerImpl.java:setRole(184)) - 05f59524-a4ea-4be4-b99d-fb9eed47142d@group-9DC5606B5DE8: changes role from CANDIDATE to FOLLOWER at term 150 for DISCOVERED_A_NEW_TERM
2019-10-17 07:38:35,981 [05f59524-a4ea-4be4-b99d-fb9eed47142d@group-9DC5606B5DE8-LeaderElection132] INFO  impl.RoleInfo (RoleInfo.java:shutdownLeaderElection(134)) - 05f59524-a4ea-4be4-b99d-fb9eed47142d: shutdown LeaderElection
2019-10-17 07:38:35,981 [05f59524-a4ea-4be4-b99d-fb9eed47142d@group-9DC5606B5DE8-LeaderElection132] INFO  impl.RoleInfo (RoleInfo.java:updateAndGet(143)) - 05f59524-a4ea-4be4-b99d-fb9eed47142d: start FollowerState
2019-10-17 07:38:36,086 [Thread-1280] INFO  impl.FollowerState (FollowerState.java:run(108)) - 05f59524-a4ea-4be4-b99d-fb9eed47142d@group-9DC5606B5DE8-FollowerState: change to CANDIDATE, lastRpcTime:104ms, electionTimeout:104ms
2019-10-17 07:38:36,086 [Thread-1280] INFO  impl.RoleInfo (RoleInfo.java:shutdownFollowerState(121)) - 05f59524-a4ea-4be4-b99d-fb9eed47142d: shutdown FollowerState
2019-10-17 07:38:36,086 [Thread-1280] INFO  impl.RaftServerImpl (RaftServerImpl.java:setRole(184)) - 05f59524-a4ea-4be4-b99d-fb9eed47142d@group-9DC5606B5DE8: changes role from  FOLLOWER to CANDIDATE at term 150 for changeToCandidate
2019-10-17 07:38:36,087 [Thread-1280] INFO  impl.RoleInfo (RoleInfo.java:updateAndGet(143)) - 05f59524-a4ea-4be4-b99d-fb9eed47142d: start LeaderElection
2019-10-17 07:38:36,131 [05f59524-a4ea-4be4-b99d-fb9eed47142d@group-9DC5606B5DE8-LeaderElection133] INFO  impl.LeaderElection (LeaderElection.java:askForVotes(178)) - 05f59524-a4ea-4be4-b99d-fb9eed47142d@group-9DC5606B5DE8-LeaderElection133: begin an election at term 151 for -1: [05f59524-a4ea-4be4-b99d-fb9eed47142d:192.168.34.62:45919, 4b035f45-7941-40c3-ba2d-1cbecd2d369e:192.168.34.62:45443, 920a4478-64f4-4720-983c-9a2102f3c94b:192.168.34.62:38609], old=null
2019-10-17 07:38:36,134 [grpc-default-executor-6] INFO  impl.RaftServerImpl (RaftServerImpl.java:setRole(184)) - 4b035f45-7941-40c3-ba2d-1cbecd2d369e@group-9DC5606B5DE8: changes role from  FOLLOWER to FOLLOWER at term 151 for recognizeCandidate:05f59524-a4ea-4be4-b99d-fb9eed47142d
2019-10-17 07:38:36,134 [grpc-default-executor-5] INFO  impl.RaftServerImpl (RaftServerImpl.java:setRole(184)) - 920a4478-64f4-4720-983c-9a2102f3c94b@group-9DC5606B5DE8: changes role from  FOLLOWER to FOLLOWER at term 151 for recognizeCandidate:05f59524-a4ea-4be4-b99d-fb9eed47142d
2019-10-17 07:38:36,135 [grpc-default-executor-6] INFO  impl.RoleInfo (RoleInfo.java:shutdownFollowerState(121)) - 4b035f45-7941-40c3-ba2d-1cbecd2d369e: shutdown FollowerState
2019-10-17 07:38:36,135 [grpc-default-executor-5] INFO  impl.RoleInfo (RoleInfo.java:shutdownFollowerState(121)) - 920a4478-64f4-4720-983c-9a2102f3c94b: shutdown FollowerState
2019-10-17 07:38:36,135 [grpc-default-executor-6] INFO  impl.RoleInfo (RoleInfo.java:updateAndGet(143)) - 4b035f45-7941-40c3-ba2d-1cbecd2d369e: start FollowerState
2019-10-17 07:38:36,135 [Thread-1279] INFO  impl.FollowerState (FollowerState.java:run(117)) - 920a4478-64f4-4720-983c-9a2102f3c94b@group-9DC5606B5DE8-FollowerState was interrupted: java.lang.InterruptedException: sleep interrupted
2019-10-17 07:38:36,135 [grpc-default-executor-5] INFO  impl.RoleInfo (RoleInfo.java:updateAndGet(143)) - 920a4478-64f4-4720-983c-9a2102f3c94b: start FollowerState
2019-10-17 07:38:36,135 [Thread-1278] INFO  impl.FollowerState (FollowerState.java:run(117)) - 4b035f45-7941-40c3-ba2d-1cbecd2d369e@group-9DC5606B5DE8-FollowerState was interrupted: java.lang.InterruptedException: sleep interrupted
2019-10-17 07:38:36,163 [05f59524-a4ea-4be4-b99d-fb9eed47142d@group-9DC5606B5DE8-LeaderElection133] INFO  impl.LeaderElection (LeaderElection.java:logAndReturn(56)) - 05f59524-a4ea-4be4-b99d-fb9eed47142d@group-9DC5606B5DE8-LeaderElection133: Election REJECTED; received 2 response(s) [05f59524-a4ea-4be4-b99d-fb9eed47142d<-4b035f45-7941-40c3-ba2d-1cbecd2d369e#0:FAIL-t151, 05f59524-a4ea-4be4-b99d-fb9eed47142d<-920a4478-64f4-4720-983c-9a2102f3c94b#0:FAIL-t151] and 0 exception(s); 05f59524-a4ea-4be4-b99d-fb9eed47142d@group-9DC5606B5DE8:t151, leader=null, voted=05f59524-a4ea-4be4-b99d-fb9eed47142d, raftlog=05f59524-a4ea-4be4-b99d-fb9eed47142d@group-9DC5606B5DE8-SegmentedRaftLog:OPENED:c-1,f-1,i0, conf=-1: [05f59524-a4ea-4be4-b99d-fb9eed47142d:192.168.34.62:45919, 4b035f45-7941-40c3-ba2d-1cbecd2d369e:192.168.34.62:45443, 920a4478-64f4-4720-983c-9a2102f3c94b:192.168.34.62:38609], old=null
2019-10-17 07:38:36,164 [05f59524-a4ea-4be4-b99d-fb9eed47142d@group-9DC5606B5DE8-LeaderElection133] INFO  impl.RaftServerImpl (RaftServerImpl.java:setRole(184)) - 05f59524-a4ea-4be4-b99d-fb9eed47142d@group-9DC5606B5DE8: changes role from CANDIDATE to FOLLOWER at term 151 for DISCOVERED_A_NEW_TERM
2019-10-17 07:38:36,164 [05f59524-a4ea-4be4-b99d-fb9eed47142d@group-9DC5606B5DE8-LeaderElection133] INFO  impl.RoleInfo (RoleInfo.java:shutdownLeaderElection(134)) - 05f59524-a4ea-4be4-b99d-fb9eed47142d: shutdown LeaderElection
2019-10-17 07:38:36,164 [05f59524-a4ea-4be4-b99d-fb9eed47142d@group-9DC5606B5DE8-LeaderElection133] INFO  impl.RoleInfo (RoleInfo.java:updateAndGet(143)) - 05f59524-a4ea-4be4-b99d-fb9eed47142d: start FollowerState
2019-10-17 07:38:36,263 [Thread-1286] INFO  impl.FollowerState (FollowerState.java:run(108)) - 05f59524-a4ea-4be4-b99d-fb9eed47142d@group-9DC5606B5DE8-FollowerState: change to CANDIDATE, lastRpcTime:99ms, electionTimeout:99ms
2019-10-17 07:38:36,264 [Thread-1286] INFO  impl.RoleInfo (RoleInfo.java:shutdownFollowerState(121)) - 05f59524-a4ea-4be4-b99d-fb9eed47142d: shutdown FollowerState
2019-10-17 07:38:36,264 [Thread-1286] INFO  impl.RaftServerImpl (RaftServerImpl.java:setRole(184)) - 05f59524-a4ea-4be4-b99d-fb9eed47142d@group-9DC5606B5DE8: changes role from  FOLLOWER to CANDIDATE at term 151 for changeToCandidate
2019-10-17 07:38:36,264 [Thread-1286] INFO  impl.RoleInfo (RoleInfo.java:updateAndGet(143)) - 05f59524-a4ea-4be4-b99d-fb9eed47142d: start LeaderElection
2019-10-17 07:38:36,288 [05f59524-a4ea-4be4-b99d-fb9eed47142d@group-9DC5606B5DE8-LeaderElection134] INFO  impl.LeaderElection (LeaderElection.java:askForVotes(178)) - 05f59524-a4ea-4be4-b99d-fb9eed47142d@group-9DC5606B5DE8-LeaderElection134: begin an election at term 152 for -1: [05f59524-a4ea-4be4-b99d-fb9eed47142d:192.168.34.62:45919, 4b035f45-7941-40c3-ba2d-1cbecd2d369e:192.168.34.62:45443, 920a4478-64f4-4720-983c-9a2102f3c94b:192.168.34.62:38609], old=null
2019-10-17 07:38:36,291 [grpc-default-executor-6] INFO  impl.RaftServerImpl (RaftServerImpl.java:setRole(184)) - 4b035f45-7941-40c3-ba2d-1cbecd2d369e@group-9DC5606B5DE8: changes role from  FOLLOWER to FOLLOWER at term 152 for recognizeCandidate:05f59524-a4ea-4be4-b99d-fb9eed47142d
2019-10-17 07:38:36,291 [grpc-default-executor-5] INFO  impl.RaftServerImpl (RaftServerImpl.java:setRole(184)) - 920a4478-64f4-4720-983c-9a2102f3c94b@group-9DC5606B5DE8: changes role from  FOLLOWER to FOLLOWER at term 152 for recognizeCandidate:05f59524-a4ea-4be4-b99d-fb9eed47142d
2019-10-17 07:38:36,291 [grpc-default-executor-5] INFO  impl.RoleInfo (RoleInfo.java:shutdownFollowerState(121)) - 920a4478-64f4-4720-983c-9a2102f3c94b: shutdown FollowerState
2019-10-17 07:38:36,291 [grpc-default-executor-6] INFO  impl.RoleInfo (RoleInfo.java:shutdownFollowerState(121)) - 4b035f45-7941-40c3-ba2d-1cbecd2d369e: shutdown FollowerState
2019-10-17 07:38:36,292 [Thread-1285] INFO  impl.FollowerState (FollowerState.java:run(117)) - 920a4478-64f4-4720-983c-9a2102f3c94b@group-9DC5606B5DE8-FollowerState was interrupted: java.lang.InterruptedException: sleep interrupted
2019-10-17 07:38:36,292 [grpc-default-executor-6] INFO  impl.RoleInfo (RoleInfo.java:updateAndGet(143)) - 4b035f45-7941-40c3-ba2d-1cbecd2d369e: start FollowerState
2019-10-17 07:38:36,291 [grpc-default-executor-5] INFO  impl.RoleInfo (RoleInfo.java:updateAndGet(143)) - 920a4478-64f4-4720-983c-9a2102f3c94b: start FollowerState
2019-10-17 07:38:36,292 [Thread-1284] INFO  impl.FollowerState (FollowerState.java:run(117)) - 4b035f45-7941-40c3-ba2d-1cbecd2d369e@group-9DC5606B5DE8-FollowerState was interrupted: java.lang.InterruptedException: sleep interrupted
2019-10-17 07:38:36,315 [05f59524-a4ea-4be4-b99d-fb9eed47142d@group-9DC5606B5DE8-LeaderElection134] INFO  impl.LeaderElection (LeaderElection.java:logAndReturn(56)) - 05f59524-a4ea-4be4-b99d-fb9eed47142d@group-9DC5606B5DE8-LeaderElection134: Election REJECTED; received 2 response(s) [05f59524-a4ea-4be4-b99d-fb9eed47142d<-4b035f45-7941-40c3-ba2d-1cbecd2d369e#0:FAIL-t152, 05f59524-a4ea-4be4-b99d-fb9eed47142d<-920a4478-64f4-4720-983c-9a2102f3c94b#0:FAIL-t152] and 0 exception(s); 05f59524-a4ea-4be4-b99d-fb9eed47142d@group-9DC5606B5DE8:t152, leader=null, voted=05f59524-a4ea-4be4-b99d-fb9eed47142d, raftlog=05f59524-a4ea-4be4-b99d-fb9eed47142d@group-9DC5606B5DE8-SegmentedRaftLog:OPENED:c-1,f-1,i0, conf=-1: [05f59524-a4ea-4be4-b99d-fb9eed47142d:192.168.34.62:45919, 4b035f45-7941-40c3-ba2d-1cbecd2d369e:192.168.34.62:45443, 920a4478-64f4-4720-983c-9a2102f3c94b:192.168.34.62:38609], old=null
2019-10-17 07:38:36,315 [05f59524-a4ea-4be4-b99d-fb9eed47142d@group-9DC5606B5DE8-LeaderElection134] INFO  impl.RaftServerImpl (RaftServerImpl.java:setRole(184)) - 05f59524-a4ea-4be4-b99d-fb9eed47142d@group-9DC5606B5DE8: changes role from CANDIDATE to FOLLOWER at term 152 for DISCOVERED_A_NEW_TERM
2019-10-17 07:38:36,315 [05f59524-a4ea-4be4-b99d-fb9eed47142d@group-9DC5606B5DE8-LeaderElection134] INFO  impl.RoleInfo (RoleInfo.java:shutdownLeaderElection(134)) - 05f59524-a4ea-4be4-b99d-fb9eed47142d: shutdown LeaderElection
2019-10-17 07:38:36,315 [05f59524-a4ea-4be4-b99d-fb9eed47142d@group-9DC5606B5DE8-LeaderElection134] INFO  impl.RoleInfo (RoleInfo.java:updateAndGet(143)) - 05f59524-a4ea-4be4-b99d-fb9eed47142d: start FollowerState
2019-10-17 07:38:36,361 [Thread-1292] INFO  impl.FollowerState (FollowerState.java:run(108)) - 05f59524-a4ea-4be4-b99d-fb9eed47142d@group-9DC5606B5DE8-FollowerState: change to CANDIDATE, lastRpcTime:45ms, electionTimeout:45ms
2019-10-17 07:38:36,361 [Thread-1292] INFO  impl.RoleInfo (RoleInfo.java:shutdownFollowerState(121)) - 05f59524-a4ea-4be4-b99d-fb9eed47142d: shutdown FollowerState
2019-10-17 07:38:36,361 [Thread-1292] INFO  impl.RaftServerImpl (RaftServerImpl.java:setRole(184)) - 05f59524-a4ea-4be4-b99d-fb9eed47142d@group-9DC5606B5DE8: changes role from  FOLLOWER to CANDIDATE at term 152 for changeToCandidate
2019-10-17 07:38:36,361 [Thread-1292] INFO  impl.RoleInfo (RoleInfo.java:updateAndGet(143)) - 05f59524-a4ea-4be4-b99d-fb9eed47142d: start LeaderElection
2019-10-17 07:38:36,389 [05f59524-a4ea-4be4-b99d-fb9eed47142d@group-9DC5606B5DE8-LeaderElection135] INFO  impl.LeaderElection (LeaderElection.java:askForVotes(178)) - 05f59524-a4ea-4be4-b99d-fb9eed47142d@group-9DC5606B5DE8-LeaderElection135: begin an election at term 153 for -1: [05f59524-a4ea-4be4-b99d-fb9eed47142d:192.168.34.62:45919, 4b035f45-7941-40c3-ba2d-1cbecd2d369e:192.168.34.62:45443, 920a4478-64f4-4720-983c-9a2102f3c94b:192.168.34.62:38609], old=null
2019-10-17 07:38:36,391 [grpc-default-executor-6] INFO  impl.RaftServerImpl (RaftServerImpl.java:setRole(184)) - 4b035f45-7941-40c3-ba2d-1cbecd2d369e@group-9DC5606B5DE8: changes role from  FOLLOWER to FOLLOWER at term 153 for recognizeCandidate:05f59524-a4ea-4be4-b99d-fb9eed47142d
2019-10-17 07:38:36,391 [grpc-default-executor-6] INFO  impl.RoleInfo (RoleInfo.java:shutdownFollowerState(121)) - 4b035f45-7941-40c3-ba2d-1cbecd2d369e: shutdown FollowerState
2019-10-17 07:38:36,391 [grpc-default-executor-5] INFO  impl.RaftServerImpl (RaftServerImpl.java:setRole(184)) - 920a4478-64f4-4720-983c-9a2102f3c94b@group-9DC5606B5DE8: changes role from  FOLLOWER to FOLLOWER at term 153 for recognizeCandidate:05f59524-a4ea-4be4-b99d-fb9eed47142d
2019-10-17 07:38:36,391 [Thread-1291] INFO  impl.FollowerState (FollowerState.java:run(117)) - 4b035f45-7941-40c3-ba2d-1cbecd2d369e@group-9DC5606B5DE8-FollowerState was interrupted: java.lang.InterruptedException: sleep interrupted
2019-10-17 07:38:36,391 [grpc-default-executor-6] INFO  impl.RoleInfo (RoleInfo.java:updateAndGet(143)) - 4b035f45-7941-40c3-ba2d-1cbecd2d369e: start FollowerState
2019-10-17 07:38:36,391 [grpc-default-executor-5] INFO  impl.RoleInfo (RoleInfo.java:shutdownFollowerState(121)) - 920a4478-64f4-4720-983c-9a2102f3c94b: shutdown FollowerState
2019-10-17 07:38:36,392 [grpc-default-executor-5] INFO  impl.RoleInfo (RoleInfo.java:updateAndGet(143)) - 920a4478-64f4-4720-983c-9a2102f3c94b: start FollowerState
2019-10-17 07:38:36,392 [Thread-1290] INFO  impl.FollowerState (FollowerState.java:run(117)) - 920a4478-64f4-4720-983c-9a2102f3c94b@group-9DC5606B5DE8-FollowerState was interrupted: java.lang.InterruptedException: sleep interrupted
2019-10-17 07:38:36,422 [05f59524-a4ea-4be4-b99d-fb9eed47142d@group-9DC5606B5DE8-LeaderElection135] INFO  impl.LeaderElection (LeaderElection.java:logAndReturn(56)) - 05f59524-a4ea-4be4-b99d-fb9eed47142d@group-9DC5606B5DE8-LeaderElection135: Election REJECTED; received 2 response(s) [05f59524-a4ea-4be4-b99d-fb9eed47142d<-4b035f45-7941-40c3-ba2d-1cbecd2d369e#0:FAIL-t153, 05f59524-a4ea-4be4-b99d-fb9eed47142d<-920a4478-64f4-4720-983c-9a2102f3c94b#0:FAIL-t153] and 0 exception(s); 05f59524-a4ea-4be4-b99d-fb9eed47142d@group-9DC5606B5DE8:t153, leader=null, voted=05f59524-a4ea-4be4-b99d-fb9eed47142d, raftlog=05f59524-a4ea-4be4-b99d-fb9eed47142d@group-9DC5606B5DE8-SegmentedRaftLog:OPENED:c-1,f-1,i0, conf=-1: [05f59524-a4ea-4be4-b99d-fb9eed47142d:192.168.34.62:45919, 4b035f45-7941-40c3-ba2d-1cbecd2d369e:192.168.34.62:45443, 920a4478-64f4-4720-983c-9a2102f3c94b:192.168.34.62:38609], old=null
2019-10-17 07:38:36,422 [05f59524-a4ea-4be4-b99d-fb9eed47142d@group-9DC5606B5DE8-LeaderElection135] INFO  impl.RaftServerImpl (RaftServerImpl.java:setRole(184)) - 05f59524-a4ea-4be4-b99d-fb9eed47142d@group-9DC5606B5DE8: changes role from CANDIDATE to FOLLOWER at term 153 for DISCOVERED_A_NEW_TERM
2019-10-17 07:38:36,422 [05f59524-a4ea-4be4-b99d-fb9eed47142d@group-9DC5606B5DE8-LeaderElection135] INFO  impl.RoleInfo (RoleInfo.java:shutdownLeaderElection(134)) - 05f59524-a4ea-4be4-b99d-fb9eed47142d: shutdown LeaderElection
2019-10-17 07:38:36,422 [05f59524-a4ea-4be4-b99d-fb9eed47142d@group-9DC5606B5DE8-LeaderElection135] INFO  impl.RoleInfo (RoleInfo.java:updateAndGet(143)) - 05f59524-a4ea-4be4-b99d-fb9eed47142d: start FollowerState
2019-10-17 07:38:36,592 [Thread-1298] INFO  impl.FollowerState (FollowerState.java:run(108)) - 05f59524-a4ea-4be4-b99d-fb9eed47142d@group-9DC5606B5DE8-FollowerState: change to CANDIDATE, lastRpcTime:169ms, electionTimeout:169ms
2019-10-17 07:38:36,592 [Thread-1298] INFO  impl.RoleInfo (RoleInfo.java:shutdownFollowerState(121)) - 05f59524-a4ea-4be4-b99d-fb9eed47142d: shutdown FollowerState
2019-10-17 07:38:36,592 [Thread-1298] INFO  impl.RaftServerImpl (RaftServerImpl.java:setRole(184)) - 05f59524-a4ea-4be4-b99d-fb9eed47142d@group-9DC5606B5DE8: changes role from  FOLLOWER to CANDIDATE at term 153 for changeToCandidate
2019-10-17 07:38:36,593 [Thread-1298] INFO  impl.RoleInfo (RoleInfo.java:updateAndGet(143)) - 05f59524-a4ea-4be4-b99d-fb9eed47142d: start LeaderElection
2019-10-17 07:38:36,650 [05f59524-a4ea-4be4-b99d-fb9eed47142d@group-9DC5606B5DE8-LeaderElection136] INFO  impl.LeaderElection (LeaderElection.java:askForVotes(178)) - 05f59524-a4ea-4be4-b99d-fb9eed47142d@group-9DC5606B5DE8-LeaderElection136: begin an election at term 154 for -1: [05f59524-a4ea-4be4-b99d-fb9eed47142d:192.168.34.62:45919, 4b035f45-7941-40c3-ba2d-1cbecd2d369e:192.168.34.62:45443, 920a4478-64f4-4720-983c-9a2102f3c94b:192.168.34.62:38609], old=null
2019-10-17 07:38:36,653 [grpc-default-executor-5] INFO  impl.RaftServerImpl (RaftServerImpl.java:setRole(184)) - 4b035f45-7941-40c3-ba2d-1cbecd2d369e@group-9DC5606B5DE8: changes role from  FOLLOWER to FOLLOWER at term 154 for recognizeCandidate:05f59524-a4ea-4be4-b99d-fb9eed47142d
2019-10-17 07:38:36,653 [grpc-default-executor-6] INFO  impl.RaftServerImpl (RaftServerImpl.java:setRole(184)) - 920a4478-64f4-4720-983c-9a2102f3c94b@group-9DC5606B5DE8: changes role from  FOLLOWER to FOLLOWER at term 154 for recognizeCandidate:05f59524-a4ea-4be4-b99d-fb9eed47142d
2019-10-17 07:38:36,653 [grpc-default-executor-5] INFO  impl.RoleInfo (RoleInfo.java:shutdownFollowerState(121)) - 4b035f45-7941-40c3-ba2d-1cbecd2d369e: shutdown FollowerState
2019-10-17 07:38:36,654 [grpc-default-executor-6] INFO  impl.RoleInfo (RoleInfo.java:shutdownFollowerState(121)) - 920a4478-64f4-4720-983c-9a2102f3c94b: shutdown FollowerState
2019-10-17 07:38:36,654 [grpc-default-executor-5] INFO  impl.RoleInfo (RoleInfo.java:updateAndGet(143)) - 4b035f45-7941-40c3-ba2d-1cbecd2d369e: start FollowerState
2019-10-17 07:38:36,654 [grpc-default-executor-6] INFO  impl.RoleInfo (RoleInfo.java:updateAndGet(143)) - 920a4478-64f4-4720-983c-9a2102f3c94b: start FollowerState
2019-10-17 07:38:36,654 [Thread-1296] INFO  impl.FollowerState (FollowerState.java:run(117)) - 4b035f45-7941-40c3-ba2d-1cbecd2d369e@group-9DC5606B5DE8-FollowerState was interrupted: java.lang.InterruptedException: sleep interrupted
2019-10-17 07:38:36,654 [Thread-1297] INFO  impl.FollowerState (FollowerState.java:run(117)) - 920a4478-64f4-4720-983c-9a2102f3c94b@group-9DC5606B5DE8-FollowerState was interrupted: java.lang.InterruptedException: sleep interrupted
2019-10-17 07:38:36,692 [05f59524-a4ea-4be4-b99d-fb9eed47142d@group-9DC5606B5DE8-LeaderElection136] INFO  impl.LeaderElection (LeaderElection.java:logAndReturn(56)) - 05f59524-a4ea-4be4-b99d-fb9eed47142d@group-9DC5606B5DE8-LeaderElection136: Election REJECTED; received 2 response(s) [05f59524-a4ea-4be4-b99d-fb9eed47142d<-4b035f45-7941-40c3-ba2d-1cbecd2d369e#0:FAIL-t154, 05f59524-a4ea-4be4-b99d-fb9eed47142d<-920a4478-64f4-4720-983c-9a2102f3c94b#0:FAIL-t154] and 0 exception(s); 05f59524-a4ea-4be4-b99d-fb9eed47142d@group-9DC5606B5DE8:t154, leader=null, voted=05f59524-a4ea-4be4-b99d-fb9eed47142d, raftlog=05f59524-a4ea-4be4-b99d-fb9eed47142d@group-9DC5606B5DE8-SegmentedRaftLog:OPENED:c-1,f-1,i0, conf=-1: [05f59524-a4ea-4be4-b99d-fb9eed47142d:192.168.34.62:45919, 4b035f45-7941-40c3-ba2d-1cbecd2d369e:192.168.34.62:45443, 920a4478-64f4-4720-983c-9a2102f3c94b:192.168.34.62:38609], old=null
2019-10-17 07:38:36,692 [05f59524-a4ea-4be4-b99d-fb9eed47142d@group-9DC5606B5DE8-LeaderElection136] INFO  impl.RaftServerImpl (RaftServerImpl.java:setRole(184)) - 05f59524-a4ea-4be4-b99d-fb9eed47142d@group-9DC5606B5DE8: changes role from CANDIDATE to FOLLOWER at term 154 for DISCOVERED_A_NEW_TERM
2019-10-17 07:38:36,692 [05f59524-a4ea-4be4-b99d-fb9eed47142d@group-9DC5606B5DE8-LeaderElection136] INFO  impl.RoleInfo (RoleInfo.java:shutdownLeaderElection(134)) - 05f59524-a4ea-4be4-b99d-fb9eed47142d: shutdown LeaderElection
2019-10-17 07:38:36,692 [05f59524-a4ea-4be4-b99d-fb9eed47142d@group-9DC5606B5DE8-LeaderElection136] INFO  impl.RoleInfo (RoleInfo.java:updateAndGet(143)) - 05f59524-a4ea-4be4-b99d-fb9eed47142d: start FollowerState
2019-10-17 07:38:36,827 [Thread-1304] INFO  impl.FollowerState (FollowerState.java:run(108)) - 05f59524-a4ea-4be4-b99d-fb9eed47142d@group-9DC5606B5DE8-FollowerState: change to CANDIDATE, lastRpcTime:134ms, electionTimeout:134ms
2019-10-17 07:38:36,827 [Thread-1304] INFO  impl.RoleInfo (RoleInfo.java:shutdownFollowerState(121)) - 05f59524-a4ea-4be4-b99d-fb9eed47142d: shutdown FollowerState
2019-10-17 07:38:36,827 [Thread-1304] INFO  impl.RaftServerImpl (RaftServerImpl.java:setRole(184)) - 05f59524-a4ea-4be4-b99d-fb9eed47142d@group-9DC5606B5DE8: changes role from  FOLLOWER to CANDIDATE at term 154 for changeToCandidate
2019-10-17 07:38:36,828 [Thread-1304] INFO  impl.RoleInfo (RoleInfo.java:updateAndGet(143)) - 05f59524-a4ea-4be4-b99d-fb9eed47142d: start LeaderElection
2019-10-17 07:38:36,862 [05f59524-a4ea-4be4-b99d-fb9eed47142d@group-9DC5606B5DE8-LeaderElection137] INFO  impl.LeaderElection (LeaderElection.java:askForVotes(178)) - 05f59524-a4ea-4be4-b99d-fb9eed47142d@group-9DC5606B5DE8-LeaderElection137: begin an election at term 155 for -1: [05f59524-a4ea-4be4-b99d-fb9eed47142d:192.168.34.62:45919, 4b035f45-7941-40c3-ba2d-1cbecd2d369e:192.168.34.62:45443, 920a4478-64f4-4720-983c-9a2102f3c94b:192.168.34.62:38609], old=null
2019-10-17 07:38:36,864 [grpc-default-executor-5] INFO  impl.RaftServerImpl (RaftServerImpl.java:setRole(184)) - 4b035f45-7941-40c3-ba2d-1cbecd2d369e@group-9DC5606B5DE8: changes role from  FOLLOWER to FOLLOWER at term 155 for recognizeCandidate:05f59524-a4ea-4be4-b99d-fb9eed47142d
2019-10-17 07:38:36,864 [grpc-default-executor-6] INFO  impl.RaftServerImpl (RaftServerImpl.java:setRole(184)) - 920a4478-64f4-4720-983c-9a2102f3c94b@group-9DC5606B5DE8: changes role from  FOLLOWER to FOLLOWER at term 155 for recognizeCandidate:05f59524-a4ea-4be4-b99d-fb9eed47142d
2019-10-17 07:38:36,864 [grpc-default-executor-5] INFO  impl.RoleInfo (RoleInfo.java:shutdownFollowerState(121)) - 4b035f45-7941-40c3-ba2d-1cbecd2d369e: shutdown FollowerState
2019-10-17 07:38:36,865 [grpc-default-executor-6] INFO  impl.RoleInfo (RoleInfo.java:shutdownFollowerState(121)) - 920a4478-64f4-4720-983c-9a2102f3c94b: shutdown FollowerState
2019-10-17 07:38:36,865 [grpc-default-executor-5] INFO  impl.RoleInfo (RoleInfo.java:updateAndGet(143)) - 4b035f45-7941-40c3-ba2d-1cbecd2d369e: start FollowerState
2019-10-17 07:38:36,865 [Thread-1303] INFO  impl.FollowerState (FollowerState.java:run(117)) - 920a4478-64f4-4720-983c-9a2102f3c94b@group-9DC5606B5DE8-FollowerState was interrupted: java.lang.InterruptedException: sleep interrupted
2019-10-17 07:38:36,865 [grpc-default-executor-6] INFO  impl.RoleInfo (RoleInfo.java:updateAndGet(143)) - 920a4478-64f4-4720-983c-9a2102f3c94b: start FollowerState
2019-10-17 07:38:36,865 [Thread-1302] INFO  impl.FollowerState (FollowerState.java:run(117)) - 4b035f45-7941-40c3-ba2d-1cbecd2d369e@group-9DC5606B5DE8-FollowerState was interrupted: java.lang.InterruptedException: sleep interrupted
2019-10-17 07:38:36,883 [05f59524-a4ea-4be4-b99d-fb9eed47142d@group-9DC5606B5DE8-LeaderElection137] INFO  impl.LeaderElection (LeaderElection.java:logAndReturn(56)) - 05f59524-a4ea-4be4-b99d-fb9eed47142d@group-9DC5606B5DE8-LeaderElection137: Election TIMEOUT; received 0 response(s) [] and 0 exception(s); 05f59524-a4ea-4be4-b99d-fb9eed47142d@group-9DC5606B5DE8:t155, leader=null, voted=05f59524-a4ea-4be4-b99d-fb9eed47142d, raftlog=05f59524-a4ea-4be4-b99d-fb9eed47142d@group-9DC5606B5DE8-SegmentedRaftLog:OPENED:c-1,f-1,i0, conf=-1: [05f59524-a4ea-4be4-b99d-fb9eed47142d:192.168.34.62:45919, 4b035f45-7941-40c3-ba2d-1cbecd2d369e:192.168.34.62:45443, 920a4478-64f4-4720-983c-9a2102f3c94b:192.168.34.62:38609], old=null
2019-10-17 07:38:36,917 [05f59524-a4ea-4be4-b99d-fb9eed47142d@group-9DC5606B5DE8-LeaderElection137] INFO  impl.LeaderElection (LeaderElection.java:askForVotes(178)) - 05f59524-a4ea-4be4-b99d-fb9eed47142d@group-9DC5606B5DE8-LeaderElection137: begin an election at term 156 for -1: [05f59524-a4ea-4be4-b99d-fb9eed47142d:192.168.34.62:45919, 4b035f45-7941-40c3-ba2d-1cbecd2d369e:192.168.34.62:45443, 920a4478-64f4-4720-983c-9a2102f3c94b:192.168.34.62:38609], old=null
2019-10-17 07:38:36,919 [grpc-default-executor-5] INFO  impl.RaftServerImpl (RaftServerImpl.java:setRole(184)) - 4b035f45-7941-40c3-ba2d-1cbecd2d369e@group-9DC5606B5DE8: changes role from  FOLLOWER to FOLLOWER at term 156 for recognizeCandidate:05f59524-a4ea-4be4-b99d-fb9eed47142d
2019-10-17 07:38:36,919 [grpc-default-executor-6] INFO  impl.RaftServerImpl (RaftServerImpl.java:setRole(184)) - 920a4478-64f4-4720-983c-9a2102f3c94b@group-9DC5606B5DE8: changes role from  FOLLOWER to FOLLOWER at term 156 for recognizeCandidate:05f59524-a4ea-4be4-b99d-fb9eed47142d
2019-10-17 07:38:36,919 [grpc-default-executor-5] INFO  impl.RoleInfo (RoleInfo.java:shutdownFollowerState(121)) - 4b035f45-7941-40c3-ba2d-1cbecd2d369e: shutdown FollowerState
2019-10-17 07:38:36,920 [grpc-default-executor-6] INFO  impl.RoleInfo (RoleInfo.java:shutdownFollowerState(121)) - 920a4478-64f4-4720-983c-9a2102f3c94b: shutdown FollowerState
2019-10-17 07:38:36,920 [Thread-1308] INFO  impl.FollowerState (FollowerState.java:run(117)) - 4b035f45-7941-40c3-ba2d-1cbecd2d369e@group-9DC5606B5DE8-FollowerState was interrupted: java.lang.InterruptedException: sleep interrupted
2019-10-17 07:38:36,920 [grpc-default-executor-5] INFO  impl.RoleInfo (RoleInfo.java:updateAndGet(143)) - 4b035f45-7941-40c3-ba2d-1cbecd2d369e: start FollowerState
2019-10-17 07:38:36,920 [Thread-1309] INFO  impl.FollowerState (FollowerState.java:run(117)) - 920a4478-64f4-4720-983c-9a2102f3c94b@group-9DC5606B5DE8-FollowerState was interrupted: java.lang.InterruptedException: sleep interrupted
2019-10-17 07:38:36,920 [grpc-default-executor-6] INFO  impl.RoleInfo (RoleInfo.java:updateAndGet(143)) - 920a4478-64f4-4720-983c-9a2102f3c94b: start FollowerState
2019-10-17 07:38:36,949 [05f59524-a4ea-4be4-b99d-fb9eed47142d@group-9DC5606B5DE8-LeaderElection137] INFO  impl.LeaderElection (LeaderElection.java:logAndReturn(56)) - 05f59524-a4ea-4be4-b99d-fb9eed47142d@group-9DC5606B5DE8-LeaderElection137: Election REJECTED; received 2 response(s) [05f59524-a4ea-4be4-b99d-fb9eed47142d<-4b035f45-7941-40c3-ba2d-1cbecd2d369e#0:FAIL-t156, 05f59524-a4ea-4be4-b99d-fb9eed47142d<-920a4478-64f4-4720-983c-9a2102f3c94b#0:FAIL-t156] and 0 exception(s); 05f59524-a4ea-4be4-b99d-fb9eed47142d@group-9DC5606B5DE8:t156, leader=null, voted=05f59524-a4ea-4be4-b99d-fb9eed47142d, raftlog=05f59524-a4ea-4be4-b99d-fb9eed47142d@group-9DC5606B5DE8-SegmentedRaftLog:OPENED:c-1,f-1,i0, conf=-1: [05f59524-a4ea-4be4-b99d-fb9eed47142d:192.168.34.62:45919, 4b035f45-7941-40c3-ba2d-1cbecd2d369e:192.168.34.62:45443, 920a4478-64f4-4720-983c-9a2102f3c94b:192.168.34.62:38609], old=null
2019-10-17 07:38:36,949 [05f59524-a4ea-4be4-b99d-fb9eed47142d@group-9DC5606B5DE8-LeaderElection137] INFO  impl.RaftServerImpl (RaftServerImpl.java:setRole(184)) - 05f59524-a4ea-4be4-b99d-fb9eed47142d@group-9DC5606B5DE8: changes role from CANDIDATE to FOLLOWER at term 156 for DISCOVERED_A_NEW_TERM
2019-10-17 07:38:36,949 [05f59524-a4ea-4be4-b99d-fb9eed47142d@group-9DC5606B5DE8-LeaderElection137] INFO  impl.RoleInfo (RoleInfo.java:shutdownLeaderElection(134)) - 05f59524-a4ea-4be4-b99d-fb9eed47142d: shutdown LeaderElection
2019-10-17 07:38:36,949 [05f59524-a4ea-4be4-b99d-fb9eed47142d@group-9DC5606B5DE8-LeaderElection137] INFO  impl.RoleInfo (RoleInfo.java:updateAndGet(143)) - 05f59524-a4ea-4be4-b99d-fb9eed47142d: start FollowerState
2019-10-17 07:38:36,987 [Thread-1314] INFO  impl.FollowerState (FollowerState.java:run(108)) - 05f59524-a4ea-4be4-b99d-fb9eed47142d@group-9DC5606B5DE8-FollowerState: change to CANDIDATE, lastRpcTime:37ms, electionTimeout:37ms
2019-10-17 07:38:36,987 [Thread-1314] INFO  impl.RoleInfo (RoleInfo.java:shutdownFollowerState(121)) - 05f59524-a4ea-4be4-b99d-fb9eed47142d: shutdown FollowerState
2019-10-17 07:38:36,987 [Thread-1314] INFO  impl.RaftServerImpl (RaftServerImpl.java:setRole(184)) - 05f59524-a4ea-4be4-b99d-fb9eed47142d@group-9DC5606B5DE8: changes role from  FOLLOWER to CANDIDATE at term 156 for changeToCandidate
2019-10-17 07:38:36,988 [Thread-1314] INFO  impl.RoleInfo (RoleInfo.java:updateAndGet(143)) - 05f59524-a4ea-4be4-b99d-fb9eed47142d: start LeaderElection
2019-10-17 07:38:37,018 [05f59524-a4ea-4be4-b99d-fb9eed47142d@group-9DC5606B5DE8-LeaderElection138] INFO  impl.LeaderElection (LeaderElection.java:askForVotes(178)) - 05f59524-a4ea-4be4-b99d-fb9eed47142d@group-9DC5606B5DE8-LeaderElection138: begin an election at term 157 for -1: [05f59524-a4ea-4be4-b99d-fb9eed47142d:192.168.34.62:45919, 4b035f45-7941-40c3-ba2d-1cbecd2d369e:192.168.34.62:45443, 920a4478-64f4-4720-983c-9a2102f3c94b:192.168.34.62:38609], old=null
2019-10-17 07:38:37,022 [grpc-default-executor-5] INFO  impl.RaftServerImpl (RaftServerImpl.java:setRole(184)) - 4b035f45-7941-40c3-ba2d-1cbecd2d369e@group-9DC5606B5DE8: changes role from  FOLLOWER to FOLLOWER at term 157 for recognizeCandidate:05f59524-a4ea-4be4-b99d-fb9eed47142d
2019-10-17 07:38:37,023 [grpc-default-executor-5] INFO  impl.RoleInfo (RoleInfo.java:shutdownFollowerState(121)) - 4b035f45-7941-40c3-ba2d-1cbecd2d369e: shutdown FollowerState
2019-10-17 07:38:37,023 [grpc-default-executor-6] INFO  impl.RaftServerImpl (RaftServerImpl.java:setRole(184)) - 920a4478-64f4-4720-983c-9a2102f3c94b@group-9DC5606B5DE8: changes role from  FOLLOWER to FOLLOWER at term 157 for recognizeCandidate:05f59524-a4ea-4be4-b99d-fb9eed47142d
2019-10-17 07:38:37,023 [Thread-1312] INFO  impl.FollowerState (FollowerState.java:run(117)) - 4b035f45-7941-40c3-ba2d-1cbecd2d369e@group-9DC5606B5DE8-FollowerState was interrupted: java.lang.InterruptedException: sleep interrupted
2019-10-17 07:38:37,023 [grpc-default-executor-5] INFO  impl.RoleInfo (RoleInfo.java:updateAndGet(143)) - 4b035f45-7941-40c3-ba2d-1cbecd2d369e: start FollowerState
2019-10-17 07:38:37,023 [grpc-default-executor-6] INFO  impl.RoleInfo (RoleInfo.java:shutdownFollowerState(121)) - 920a4478-64f4-4720-983c-9a2102f3c94b: shutdown FollowerState
2019-10-17 07:38:37,024 [grpc-default-executor-6] INFO  impl.RoleInfo (RoleInfo.java:updateAndGet(143)) - 920a4478-64f4-4720-983c-9a2102f3c94b: start FollowerState
2019-10-17 07:38:37,024 [Thread-1313] INFO  impl.FollowerState (FollowerState.java:run(117)) - 920a4478-64f4-4720-983c-9a2102f3c94b@group-9DC5606B5DE8-FollowerState was interrupted: java.lang.InterruptedException: sleep interrupted
2019-10-17 07:38:37,213 [05f59524-a4ea-4be4-b99d-fb9eed47142d@group-9DC5606B5DE8-LeaderElection138] INFO  impl.LeaderElection (LeaderElection.java:logAndReturn(56)) - 05f59524-a4ea-4be4-b99d-fb9eed47142d@group-9DC5606B5DE8-LeaderElection138: Election TIMEOUT; received 0 response(s) [] and 0 exception(s); 05f59524-a4ea-4be4-b99d-fb9eed47142d@group-9DC5606B5DE8:t157, leader=null, voted=05f59524-a4ea-4be4-b99d-fb9eed47142d, raftlog=05f59524-a4ea-4be4-b99d-fb9eed47142d@group-9DC5606B5DE8-SegmentedRaftLog:OPENED:c-1,f-1,i0, conf=-1: [05f59524-a4ea-4be4-b99d-fb9eed47142d:192.168.34.62:45919, 4b035f45-7941-40c3-ba2d-1cbecd2d369e:192.168.34.62:45443, 920a4478-64f4-4720-983c-9a2102f3c94b:192.168.34.62:38609], old=null
2019-10-17 07:38:37,325 [05f59524-a4ea-4be4-b99d-fb9eed47142d@group-9DC5606B5DE8-LeaderElection138] INFO  impl.LeaderElection (LeaderElection.java:askForVotes(178)) - 05f59524-a4ea-4be4-b99d-fb9eed47142d@group-9DC5606B5DE8-LeaderElection138: begin an election at term 158 for -1: [05f59524-a4ea-4be4-b99d-fb9eed47142d:192.168.34.62:45919, 4b035f45-7941-40c3-ba2d-1cbecd2d369e:192.168.34.62:45443, 920a4478-64f4-4720-983c-9a2102f3c94b:192.168.34.62:38609], old=null
2019-10-17 07:38:37,329 [grpc-default-executor-5] INFO  impl.RaftServerImpl (RaftServerImpl.java:setRole(184)) - 4b035f45-7941-40c3-ba2d-1cbecd2d369e@group-9DC5606B5DE8: changes role from  FOLLOWER to FOLLOWER at term 158 for recognizeCandidate:05f59524-a4ea-4be4-b99d-fb9eed47142d
2019-10-17 07:38:37,329 [grpc-default-executor-5] INFO  impl.RoleInfo (RoleInfo.java:shutdownFollowerState(121)) - 4b035f45-7941-40c3-ba2d-1cbecd2d369e: shutdown FollowerState
2019-10-17 07:38:37,329 [grpc-default-executor-5] INFO  impl.RoleInfo (RoleInfo.java:updateAndGet(143)) - 4b035f45-7941-40c3-ba2d-1cbecd2d369e: start FollowerState
2019-10-17 07:38:37,329 [Thread-1318] INFO  impl.FollowerState (FollowerState.java:run(117)) - 4b035f45-7941-40c3-ba2d-1cbecd2d369e@group-9DC5606B5DE8-FollowerState was interrupted: java.lang.InterruptedException: sleep interrupted
2019-10-17 07:38:37,329 [grpc-default-executor-6] INFO  impl.RaftServerImpl (RaftServerImpl.java:setRole(184)) - 920a4478-64f4-4720-983c-9a2102f3c94b@group-9DC5606B5DE8: changes role from  FOLLOWER to FOLLOWER at term 158 for recognizeCandidate:05f59524-a4ea-4be4-b99d-fb9eed47142d
2019-10-17 07:38:37,330 [grpc-default-executor-6] INFO  impl.RoleInfo (RoleInfo.java:shutdownFollowerState(121)) - 920a4478-64f4-4720-983c-9a2102f3c94b: shutdown FollowerState
2019-10-17 07:38:37,330 [grpc-default-executor-6] INFO  impl.RoleInfo (RoleInfo.java:updateAndGet(143)) - 920a4478-64f4-4720-983c-9a2102f3c94b: start FollowerState
2019-10-17 07:38:37,330 [Thread-1319] INFO  impl.FollowerState (FollowerState.java:run(117)) - 920a4478-64f4-4720-983c-9a2102f3c94b@group-9DC5606B5DE8-FollowerState was interrupted: java.lang.InterruptedException: sleep interrupted
2019-10-17 07:38:37,343 [05f59524-a4ea-4be4-b99d-fb9eed47142d@group-9DC5606B5DE8-LeaderElection138] INFO  impl.LeaderElection (LeaderElection.java:logAndReturn(56)) - 05f59524-a4ea-4be4-b99d-fb9eed47142d@group-9DC5606B5DE8-LeaderElection138: Election TIMEOUT; received 0 response(s) [] and 0 exception(s); 05f59524-a4ea-4be4-b99d-fb9eed47142d@group-9DC5606B5DE8:t158, leader=null, voted=05f59524-a4ea-4be4-b99d-fb9eed47142d, raftlog=05f59524-a4ea-4be4-b99d-fb9eed47142d@group-9DC5606B5DE8-SegmentedRaftLog:OPENED:c-1,f-1,i0, conf=-1: [05f59524-a4ea-4be4-b99d-fb9eed47142d:192.168.34.62:45919, 4b035f45-7941-40c3-ba2d-1cbecd2d369e:192.168.34.62:45443, 920a4478-64f4-4720-983c-9a2102f3c94b:192.168.34.62:38609], old=null
2019-10-17 07:38:37,371 [05f59524-a4ea-4be4-b99d-fb9eed47142d@group-9DC5606B5DE8-LeaderElection138] INFO  impl.LeaderElection (LeaderElection.java:askForVotes(178)) - 05f59524-a4ea-4be4-b99d-fb9eed47142d@group-9DC5606B5DE8-LeaderElection138: begin an election at term 159 for -1: [05f59524-a4ea-4be4-b99d-fb9eed47142d:192.168.34.62:45919, 4b035f45-7941-40c3-ba2d-1cbecd2d369e:192.168.34.62:45443, 920a4478-64f4-4720-983c-9a2102f3c94b:192.168.34.62:38609], old=null
2019-10-17 07:38:37,376 [grpc-default-executor-6] INFO  impl.RaftServerImpl (RaftServerImpl.java:setRole(184)) - 4b035f45-7941-40c3-ba2d-1cbecd2d369e@group-9DC5606B5DE8: changes role from  FOLLOWER to FOLLOWER at term 159 for recognizeCandidate:05f59524-a4ea-4be4-b99d-fb9eed47142d
2019-10-17 07:38:37,376 [grpc-default-executor-5] INFO  impl.RaftServerImpl (RaftServerImpl.java:setRole(184)) - 920a4478-64f4-4720-983c-9a2102f3c94b@group-9DC5606B5DE8: changes role from  FOLLOWER to FOLLOWER at term 159 for recognizeCandidate:05f59524-a4ea-4be4-b99d-fb9eed47142d
2019-10-17 07:38:37,376 [grpc-default-executor-6] INFO  impl.RoleInfo (RoleInfo.java:shutdownFollowerState(121)) - 4b035f45-7941-40c3-ba2d-1cbecd2d369e: shutdown FollowerState
2019-10-17 07:38:37,376 [grpc-default-executor-5] INFO  impl.RoleInfo (RoleInfo.java:shutdownFollowerState(121)) - 920a4478-64f4-4720-983c-9a2102f3c94b: shutdown FollowerState
2019-10-17 07:38:37,376 [grpc-default-executor-6] INFO  impl.RoleInfo (RoleInfo.java:updateAndGet(143)) - 4b035f45-7941-40c3-ba2d-1cbecd2d369e: start FollowerState
2019-10-17 07:38:37,377 [Thread-1325] INFO  impl.FollowerState (FollowerState.java:run(117)) - 920a4478-64f4-4720-983c-9a2102f3c94b@group-9DC5606B5DE8-FollowerState was interrupted: java.lang.InterruptedException: sleep interrupted
2019-10-17 07:38:37,376 [grpc-default-executor-5] INFO  impl.RoleInfo (RoleInfo.java:updateAndGet(143)) - 920a4478-64f4-4720-983c-9a2102f3c94b: start FollowerState
2019-10-17 07:38:37,376 [Thread-1324] INFO  impl.FollowerState (FollowerState.java:run(117)) - 4b035f45-7941-40c3-ba2d-1cbecd2d369e@group-9DC5606B5DE8-FollowerState was interrupted: java.lang.InterruptedException: sleep interrupted
2019-10-17 07:38:37,407 [05f59524-a4ea-4be4-b99d-fb9eed47142d@group-9DC5606B5DE8-LeaderElection138] INFO  impl.LeaderElection (LeaderElection.java:logAndReturn(56)) - 05f59524-a4ea-4be4-b99d-fb9eed47142d@group-9DC5606B5DE8-LeaderElection138: Election REJECTED; received 2 response(s) [05f59524-a4ea-4be4-b99d-fb9eed47142d<-4b035f45-7941-40c3-ba2d-1cbecd2d369e#0:FAIL-t159, 05f59524-a4ea-4be4-b99d-fb9eed47142d<-920a4478-64f4-4720-983c-9a2102f3c94b#0:FAIL-t159] and 0 exception(s); 05f59524-a4ea-4be4-b99d-fb9eed47142d@group-9DC5606B5DE8:t159, leader=null, voted=05f59524-a4ea-4be4-b99d-fb9eed47142d, raftlog=05f59524-a4ea-4be4-b99d-fb9eed47142d@group-9DC5606B5DE8-SegmentedRaftLog:OPENED:c-1,f-1,i0, conf=-1: [05f59524-a4ea-4be4-b99d-fb9eed47142d:192.168.34.62:45919, 4b035f45-7941-40c3-ba2d-1cbecd2d369e:192.168.34.62:45443, 920a4478-64f4-4720-983c-9a2102f3c94b:192.168.34.62:38609], old=null
2019-10-17 07:38:37,407 [05f59524-a4ea-4be4-b99d-fb9eed47142d@group-9DC5606B5DE8-LeaderElection138] INFO  impl.RaftServerImpl (RaftServerImpl.java:setRole(184)) - 05f59524-a4ea-4be4-b99d-fb9eed47142d@group-9DC5606B5DE8: changes role from CANDIDATE to FOLLOWER at term 159 for DISCOVERED_A_NEW_TERM
2019-10-17 07:38:37,407 [05f59524-a4ea-4be4-b99d-fb9eed47142d@group-9DC5606B5DE8-LeaderElection138] INFO  impl.RoleInfo (RoleInfo.java:shutdownLeaderElection(134)) - 05f59524-a4ea-4be4-b99d-fb9eed47142d: shutdown LeaderElection
2019-10-17 07:38:37,408 [05f59524-a4ea-4be4-b99d-fb9eed47142d@group-9DC5606B5DE8-LeaderElection138] INFO  impl.RoleInfo (RoleInfo.java:updateAndGet(143)) - 05f59524-a4ea-4be4-b99d-fb9eed47142d: start FollowerState
2019-10-17 07:38:37,547 [Thread-1330] INFO  impl.FollowerState (FollowerState.java:run(108)) - 05f59524-a4ea-4be4-b99d-fb9eed47142d@group-9DC5606B5DE8-FollowerState: change to CANDIDATE, lastRpcTime:139ms, electionTimeout:139ms
2019-10-17 07:38:37,547 [Thread-1330] INFO  impl.RoleInfo (RoleInfo.java:shutdownFollowerState(121)) - 05f59524-a4ea-4be4-b99d-fb9eed47142d: shutdown FollowerState
2019-10-17 07:38:37,548 [Thread-1330] INFO  impl.RaftServerImpl (RaftServerImpl.java:setRole(184)) - 05f59524-a4ea-4be4-b99d-fb9eed47142d@group-9DC5606B5DE8: changes role from  FOLLOWER to CANDIDATE at term 159 for changeToCandidate
2019-10-17 07:38:37,548 [Thread-1330] INFO  impl.RoleInfo (RoleInfo.java:updateAndGet(143)) - 05f59524-a4ea-4be4-b99d-fb9eed47142d: start LeaderElection
2019-10-17 07:38:37,578 [05f59524-a4ea-4be4-b99d-fb9eed47142d@group-9DC5606B5DE8-LeaderElection139] INFO  impl.LeaderElection (LeaderElection.java:askForVotes(178)) - 05f59524-a4ea-4be4-b99d-fb9eed47142d@group-9DC5606B5DE8-LeaderElection139: begin an election at term 160 for -1: [05f59524-a4ea-4be4-b99d-fb9eed47142d:192.168.34.62:45919, 4b035f45-7941-40c3-ba2d-1cbecd2d369e:192.168.34.62:45443, 920a4478-64f4-4720-983c-9a2102f3c94b:192.168.34.62:38609], old=null
2019-10-17 07:38:37,580 [grpc-default-executor-6] INFO  impl.RaftServerImpl (RaftServerImpl.java:setRole(184)) - 4b035f45-7941-40c3-ba2d-1cbecd2d369e@group-9DC5606B5DE8: changes role from  FOLLOWER to FOLLOWER at term 160 for recognizeCandidate:05f59524-a4ea-4be4-b99d-fb9eed47142d
2019-10-17 07:38:37,581 [grpc-default-executor-6] INFO  impl.RoleInfo (RoleInfo.java:shutdownFollowerState(121)) - 4b035f45-7941-40c3-ba2d-1cbecd2d369e: shutdown FollowerState
2019-10-17 07:38:37,581 [grpc-default-executor-5] INFO  impl.RaftServerImpl (RaftServerImpl.java:setRole(184)) - 920a4478-64f4-4720-983c-9a2102f3c94b@group-9DC5606B5DE8: changes role from  FOLLOWER to FOLLOWER at term 160 for recognizeCandidate:05f59524-a4ea-4be4-b99d-fb9eed47142d
2019-10-17 07:38:37,581 [Thread-1328] INFO  impl.FollowerState (FollowerState.java:run(117)) - 4b035f45-7941-40c3-ba2d-1cbecd2d369e@group-9DC5606B5DE8-FollowerState was interrupted: java.lang.InterruptedException: sleep interrupted
2019-10-17 07:38:37,581 [grpc-default-executor-6] INFO  impl.RoleInfo (RoleInfo.java:updateAndGet(143)) - 4b035f45-7941-40c3-ba2d-1cbecd2d369e: start FollowerState
2019-10-17 07:38:37,581 [grpc-default-executor-5] INFO  impl.RoleInfo (RoleInfo.java:shutdownFollowerState(121)) - 920a4478-64f4-4720-983c-9a2102f3c94b: shutdown FollowerState
2019-10-17 07:38:37,582 [grpc-default-executor-5] INFO  impl.RoleInfo (RoleInfo.java:updateAndGet(143)) - 920a4478-64f4-4720-983c-9a2102f3c94b: start FollowerState
2019-10-17 07:38:37,582 [Thread-1329] INFO  impl.FollowerState (FollowerState.java:run(117)) - 920a4478-64f4-4720-983c-9a2102f3c94b@group-9DC5606B5DE8-FollowerState was interrupted: java.lang.InterruptedException: sleep interrupted
2019-10-17 07:38:37,610 [05f59524-a4ea-4be4-b99d-fb9eed47142d@group-9DC5606B5DE8-LeaderElection139] INFO  impl.LeaderElection (LeaderElection.java:logAndReturn(56)) - 05f59524-a4ea-4be4-b99d-fb9eed47142d@group-9DC5606B5DE8-LeaderElection139: Election REJECTED; received 2 response(s) [05f59524-a4ea-4be4-b99d-fb9eed47142d<-4b035f45-7941-40c3-ba2d-1cbecd2d369e#0:FAIL-t160, 05f59524-a4ea-4be4-b99d-fb9eed47142d<-920a4478-64f4-4720-983c-9a2102f3c94b#0:FAIL-t160] and 0 exception(s); 05f59524-a4ea-4be4-b99d-fb9eed47142d@group-9DC5606B5DE8:t160, leader=null, voted=05f59524-a4ea-4be4-b99d-fb9eed47142d, raftlog=05f59524-a4ea-4be4-b99d-fb9eed47142d@group-9DC5606B5DE8-SegmentedRaftLog:OPENED:c-1,f-1,i0, conf=-1: [05f59524-a4ea-4be4-b99d-fb9eed47142d:192.168.34.62:45919, 4b035f45-7941-40c3-ba2d-1cbecd2d369e:192.168.34.62:45443, 920a4478-64f4-4720-983c-9a2102f3c94b:192.168.34.62:38609], old=null
2019-10-17 07:38:37,610 [05f59524-a4ea-4be4-b99d-fb9eed47142d@group-9DC5606B5DE8-LeaderElection139] INFO  impl.RaftServerImpl (RaftServerImpl.java:setRole(184)) - 05f59524-a4ea-4be4-b99d-fb9eed47142d@group-9DC5606B5DE8: changes role from CANDIDATE to FOLLOWER at term 160 for DISCOVERED_A_NEW_TERM
2019-10-17 07:38:37,610 [05f59524-a4ea-4be4-b99d-fb9eed47142d@group-9DC5606B5DE8-LeaderElection139] INFO  impl.RoleInfo (RoleInfo.java:shutdownLeaderElection(134)) - 05f59524-a4ea-4be4-b99d-fb9eed47142d: shutdown LeaderElection
2019-10-17 07:38:37,610 [05f59524-a4ea-4be4-b99d-fb9eed47142d@group-9DC5606B5DE8-LeaderElection139] INFO  impl.RoleInfo (RoleInfo.java:updateAndGet(143)) - 05f59524-a4ea-4be4-b99d-fb9eed47142d: start FollowerState
2019-10-17 07:38:37,786 [Thread-1336] INFO  impl.FollowerState (FollowerState.java:run(108)) - 05f59524-a4ea-4be4-b99d-fb9eed47142d@group-9DC5606B5DE8-FollowerState: change to CANDIDATE, lastRpcTime:175ms, electionTimeout:175ms
2019-10-17 07:38:37,786 [Thread-1336] INFO  impl.RoleInfo (RoleInfo.java:shutdownFollowerState(121)) - 05f59524-a4ea-4be4-b99d-fb9eed47142d: shutdown FollowerState
2019-10-17 07:38:37,786 [Thread-1336] INFO  impl.RaftServerImpl (RaftServerImpl.java:setRole(184)) - 05f59524-a4ea-4be4-b99d-fb9eed47142d@group-9DC5606B5DE8: changes role from  FOLLOWER to CANDIDATE at term 160 for changeToCandidate
2019-10-17 07:38:37,786 [Thread-1336] INFO  impl.RoleInfo (RoleInfo.java:updateAndGet(143)) - 05f59524-a4ea-4be4-b99d-fb9eed47142d: start LeaderElection
2019-10-17 07:38:37,818 [05f59524-a4ea-4be4-b99d-fb9eed47142d@group-9DC5606B5DE8-LeaderElection140] INFO  impl.LeaderElection (LeaderElection.java:askForVotes(178)) - 05f59524-a4ea-4be4-b99d-fb9eed47142d@group-9DC5606B5DE8-LeaderElection140: begin an election at term 161 for -1: [05f59524-a4ea-4be4-b99d-fb9eed47142d:192.168.34.62:45919, 4b035f45-7941-40c3-ba2d-1cbecd2d369e:192.168.34.62:45443, 920a4478-64f4-4720-983c-9a2102f3c94b:192.168.34.62:38609], old=null
2019-10-17 07:38:37,821 [grpc-default-executor-6] INFO  impl.RaftServerImpl (RaftServerImpl.java:setRole(184)) - 4b035f45-7941-40c3-ba2d-1cbecd2d369e@group-9DC5606B5DE8: changes role from  FOLLOWER to FOLLOWER at term 161 for recognizeCandidate:05f59524-a4ea-4be4-b99d-fb9eed47142d
2019-10-17 07:38:37,821 [grpc-default-executor-5] INFO  impl.RaftServerImpl (RaftServerImpl.java:setRole(184)) - 920a4478-64f4-4720-983c-9a2102f3c94b@group-9DC5606B5DE8: changes role from  FOLLOWER to FOLLOWER at term 161 for recognizeCandidate:05f59524-a4ea-4be4-b99d-fb9eed47142d
2019-10-17 07:38:37,821 [grpc-default-executor-6] INFO  impl.RoleInfo (RoleInfo.java:shutdownFollowerState(121)) - 4b035f45-7941-40c3-ba2d-1cbecd2d369e: shutdown FollowerState
2019-10-17 07:38:37,821 [grpc-default-executor-5] INFO  impl.RoleInfo (RoleInfo.java:shutdownFollowerState(121)) - 920a4478-64f4-4720-983c-9a2102f3c94b: shutdown FollowerState
2019-10-17 07:38:37,822 [Thread-1334] INFO  impl.FollowerState (FollowerState.java:run(117)) - 4b035f45-7941-40c3-ba2d-1cbecd2d369e@group-9DC5606B5DE8-FollowerState was interrupted: java.lang.InterruptedException: sleep interrupted
2019-10-17 07:38:37,822 [grpc-default-executor-6] INFO  impl.RoleInfo (RoleInfo.java:updateAndGet(143)) - 4b035f45-7941-40c3-ba2d-1cbecd2d369e: start FollowerState
2019-10-17 07:38:37,822 [Thread-1335] INFO  impl.FollowerState (FollowerState.java:run(117)) - 920a4478-64f4-4720-983c-9a2102f3c94b@group-9DC5606B5DE8-FollowerState was interrupted: java.lang.InterruptedException: sleep interrupted
2019-10-17 07:38:37,822 [grpc-default-executor-5] INFO  impl.RoleInfo (RoleInfo.java:updateAndGet(143)) - 920a4478-64f4-4720-983c-9a2102f3c94b: start FollowerState
2019-10-17 07:38:37,853 [05f59524-a4ea-4be4-b99d-fb9eed47142d@group-9DC5606B5DE8-LeaderElection140] INFO  impl.LeaderElection (LeaderElection.java:logAndReturn(56)) - 05f59524-a4ea-4be4-b99d-fb9eed47142d@group-9DC5606B5DE8-LeaderElection140: Election REJECTED; received 2 response(s) [05f59524-a4ea-4be4-b99d-fb9eed47142d<-4b035f45-7941-40c3-ba2d-1cbecd2d369e#0:FAIL-t161, 05f59524-a4ea-4be4-b99d-fb9eed47142d<-920a4478-64f4-4720-983c-9a2102f3c94b#0:FAIL-t161] and 0 exception(s); 05f59524-a4ea-4be4-b99d-fb9eed47142d@group-9DC5606B5DE8:t161, leader=null, voted=05f59524-a4ea-4be4-b99d-fb9eed47142d, raftlog=05f59524-a4ea-4be4-b99d-fb9eed47142d@group-9DC5606B5DE8-SegmentedRaftLog:OPENED:c-1,f-1,i0, conf=-1: [05f59524-a4ea-4be4-b99d-fb9eed47142d:192.168.34.62:45919, 4b035f45-7941-40c3-ba2d-1cbecd2d369e:192.168.34.62:45443, 920a4478-64f4-4720-983c-9a2102f3c94b:192.168.34.62:38609], old=null
2019-10-17 07:38:37,853 [05f59524-a4ea-4be4-b99d-fb9eed47142d@group-9DC5606B5DE8-LeaderElection140] INFO  impl.RaftServerImpl (RaftServerImpl.java:setRole(184)) - 05f59524-a4ea-4be4-b99d-fb9eed47142d@group-9DC5606B5DE8: changes role from CANDIDATE to FOLLOWER at term 161 for DISCOVERED_A_NEW_TERM
2019-10-17 07:38:37,853 [05f59524-a4ea-4be4-b99d-fb9eed47142d@group-9DC5606B5DE8-LeaderElection140] INFO  impl.RoleInfo (RoleInfo.java:shutdownLeaderElection(134)) - 05f59524-a4ea-4be4-b99d-fb9eed47142d: shutdown LeaderElection
2019-10-17 07:38:37,853 [05f59524-a4ea-4be4-b99d-fb9eed47142d@group-9DC5606B5DE8-LeaderElection140] INFO  impl.RoleInfo (RoleInfo.java:updateAndGet(143)) - 05f59524-a4ea-4be4-b99d-fb9eed47142d: start FollowerState
2019-10-17 07:38:37,969 [Thread-1342] INFO  impl.FollowerState (FollowerState.java:run(108)) - 05f59524-a4ea-4be4-b99d-fb9eed47142d@group-9DC5606B5DE8-FollowerState: change to CANDIDATE, lastRpcTime:115ms, electionTimeout:115ms
2019-10-17 07:38:37,969 [Thread-1342] INFO  impl.RoleInfo (RoleInfo.java:shutdownFollowerState(121)) - 05f59524-a4ea-4be4-b99d-fb9eed47142d: shutdown FollowerState
2019-10-17 07:38:37,969 [Thread-1342] INFO  impl.RaftServerImpl (RaftServerImpl.java:setRole(184)) - 05f59524-a4ea-4be4-b99d-fb9eed47142d@group-9DC5606B5DE8: changes role from  FOLLOWER to CANDIDATE at term 161 for changeToCandidate
2019-10-17 07:38:37,969 [Thread-1342] INFO  impl.RoleInfo (RoleInfo.java:updateAndGet(143)) - 05f59524-a4ea-4be4-b99d-fb9eed47142d: start LeaderElection
2019-10-17 07:38:38,028 [05f59524-a4ea-4be4-b99d-fb9eed47142d@group-9DC5606B5DE8-LeaderElection141] INFO  impl.LeaderElection (LeaderElection.java:askForVotes(178)) - 05f59524-a4ea-4be4-b99d-fb9eed47142d@group-9DC5606B5DE8-LeaderElection141: begin an election at term 162 for -1: [05f59524-a4ea-4be4-b99d-fb9eed47142d:192.168.34.62:45919, 4b035f45-7941-40c3-ba2d-1cbecd2d369e:192.168.34.62:45443, 920a4478-64f4-4720-983c-9a2102f3c94b:192.168.34.62:38609], old=null
2019-10-17 07:38:38,032 [grpc-default-executor-6] INFO  impl.RaftServerImpl (RaftServerImpl.java:setRole(184)) - 920a4478-64f4-4720-983c-9a2102f3c94b@group-9DC5606B5DE8: changes role from  FOLLOWER to FOLLOWER at term 162 for recognizeCandidate:05f59524-a4ea-4be4-b99d-fb9eed47142d
2019-10-17 07:38:38,032 [grpc-default-executor-5] INFO  impl.RaftServerImpl (RaftServerImpl.java:setRole(184)) - 4b035f45-7941-40c3-ba2d-1cbecd2d369e@group-9DC5606B5DE8: changes role from  FOLLOWER to FOLLOWER at term 162 for recognizeCandidate:05f59524-a4ea-4be4-b99d-fb9eed47142d
2019-10-17 07:38:38,032 [grpc-default-executor-6] INFO  impl.RoleInfo (RoleInfo.java:shutdownFollowerState(121)) - 920a4478-64f4-4720-983c-9a2102f3c94b: shutdown FollowerState
2019-10-17 07:38:38,032 [grpc-default-executor-5] INFO  impl.RoleInfo (RoleInfo.java:shutdownFollowerState(121)) - 4b035f45-7941-40c3-ba2d-1cbecd2d369e: shutdown FollowerState
2019-10-17 07:38:38,033 [grpc-default-executor-6] INFO  impl.RoleInfo (RoleInfo.java:updateAndGet(143)) - 920a4478-64f4-4720-983c-9a2102f3c94b: start FollowerState
2019-10-17 07:38:38,033 [Thread-1340] INFO  impl.FollowerState (FollowerState.java:run(117)) - 4b035f45-7941-40c3-ba2d-1cbecd2d369e@group-9DC5606B5DE8-FollowerState was interrupted: java.lang.InterruptedException: sleep interrupted
2019-10-17 07:38:38,033 [grpc-default-executor-5] INFO  impl.RoleInfo (RoleInfo.java:updateAndGet(143)) - 4b035f45-7941-40c3-ba2d-1cbecd2d369e: start FollowerState
2019-10-17 07:38:38,033 [Thread-1341] INFO  impl.FollowerState (FollowerState.java:run(117)) - 920a4478-64f4-4720-983c-9a2102f3c94b@group-9DC5606B5DE8-FollowerState was interrupted: java.lang.InterruptedException: sleep interrupted
2019-10-17 07:38:38,066 [05f59524-a4ea-4be4-b99d-fb9eed47142d@group-9DC5606B5DE8-LeaderElection141] INFO  impl.LeaderElection (LeaderElection.java:logAndReturn(56)) - 05f59524-a4ea-4be4-b99d-fb9eed47142d@group-9DC5606B5DE8-LeaderElection141: Election REJECTED; received 2 response(s) [05f59524-a4ea-4be4-b99d-fb9eed47142d<-4b035f45-7941-40c3-ba2d-1cbecd2d369e#0:FAIL-t162, 05f59524-a4ea-4be4-b99d-fb9eed47142d<-920a4478-64f4-4720-983c-9a2102f3c94b#0:FAIL-t162] and 0 exception(s); 05f59524-a4ea-4be4-b99d-fb9eed47142d@group-9DC5606B5DE8:t162, leader=null, voted=05f59524-a4ea-4be4-b99d-fb9eed47142d, raftlog=05f59524-a4ea-4be4-b99d-fb9eed47142d@group-9DC5606B5DE8-SegmentedRaftLog:OPENED:c-1,f-1,i0, conf=-1: [05f59524-a4ea-4be4-b99d-fb9eed47142d:192.168.34.62:45919, 4b035f45-7941-40c3-ba2d-1cbecd2d369e:192.168.34.62:45443, 920a4478-64f4-4720-983c-9a2102f3c94b:192.168.34.62:38609], old=null
2019-10-17 07:38:38,066 [05f59524-a4ea-4be4-b99d-fb9eed47142d@group-9DC5606B5DE8-LeaderElection141] INFO  impl.RaftServerImpl (RaftServerImpl.java:setRole(184)) - 05f59524-a4ea-4be4-b99d-fb9eed47142d@group-9DC5606B5DE8: changes role from CANDIDATE to FOLLOWER at term 162 for DISCOVERED_A_NEW_TERM
2019-10-17 07:38:38,066 [05f59524-a4ea-4be4-b99d-fb9eed47142d@group-9DC5606B5DE8-LeaderElection141] INFO  impl.RoleInfo (RoleInfo.java:shutdownLeaderElection(134)) - 05f59524-a4ea-4be4-b99d-fb9eed47142d: shutdown LeaderElection
2019-10-17 07:38:38,067 [05f59524-a4ea-4be4-b99d-fb9eed47142d@group-9DC5606B5DE8-LeaderElection141] INFO  impl.RoleInfo (RoleInfo.java:updateAndGet(143)) - 05f59524-a4ea-4be4-b99d-fb9eed47142d: start FollowerState
2019-10-17 07:38:38,152 [Thread-1348] INFO  impl.FollowerState (FollowerState.java:run(108)) - 05f59524-a4ea-4be4-b99d-fb9eed47142d@group-9DC5606B5DE8-FollowerState: change to CANDIDATE, lastRpcTime:85ms, electionTimeout:85ms
2019-10-17 07:38:38,152 [Thread-1348] INFO  impl.RoleInfo (RoleInfo.java:shutdownFollowerState(121)) - 05f59524-a4ea-4be4-b99d-fb9eed47142d: shutdown FollowerState
2019-10-17 07:38:38,152 [Thread-1348] INFO  impl.RaftServerImpl (RaftServerImpl.java:setRole(184)) - 05f59524-a4ea-4be4-b99d-fb9eed47142d@group-9DC5606B5DE8: changes role from  FOLLOWER to CANDIDATE at term 162 for changeToCandidate
2019-10-17 07:38:38,153 [Thread-1348] INFO  impl.RoleInfo (RoleInfo.java:updateAndGet(143)) - 05f59524-a4ea-4be4-b99d-fb9eed47142d: start LeaderElection
2019-10-17 07:38:38,188 [05f59524-a4ea-4be4-b99d-fb9eed47142d@group-9DC5606B5DE8-LeaderElection142] INFO  impl.LeaderElection (LeaderElection.java:askForVotes(178)) - 05f59524-a4ea-4be4-b99d-fb9eed47142d@group-9DC5606B5DE8-LeaderElection142: begin an election at term 163 for -1: [05f59524-a4ea-4be4-b99d-fb9eed47142d:192.168.34.62:45919, 4b035f45-7941-40c3-ba2d-1cbecd2d369e:192.168.34.62:45443, 920a4478-64f4-4720-983c-9a2102f3c94b:192.168.34.62:38609], old=null
2019-10-17 07:38:38,190 [grpc-default-executor-5] INFO  impl.RaftServerImpl (RaftServerImpl.java:setRole(184)) - 4b035f45-7941-40c3-ba2d-1cbecd2d369e@group-9DC5606B5DE8: changes role from  FOLLOWER to FOLLOWER at term 163 for recognizeCandidate:05f59524-a4ea-4be4-b99d-fb9eed47142d
2019-10-17 07:38:38,191 [grpc-default-executor-5] INFO  impl.RoleInfo (RoleInfo.java:shutdownFollowerState(121)) - 4b035f45-7941-40c3-ba2d-1cbecd2d369e: shutdown FollowerState
2019-10-17 07:38:38,190 [grpc-default-executor-6] INFO  impl.RaftServerImpl (RaftServerImpl.java:setRole(184)) - 920a4478-64f4-4720-983c-9a2102f3c94b@group-9DC5606B5DE8: changes role from  FOLLOWER to FOLLOWER at term 163 for recognizeCandidate:05f59524-a4ea-4be4-b99d-fb9eed47142d
2019-10-17 07:38:38,191 [Thread-1347] INFO  impl.FollowerState (FollowerState.java:run(117)) - 4b035f45-7941-40c3-ba2d-1cbecd2d369e@group-9DC5606B5DE8-FollowerState was interrupted: java.lang.InterruptedException: sleep interrupted
2019-10-17 07:38:38,191 [grpc-default-executor-5] INFO  impl.RoleInfo (RoleInfo.java:updateAndGet(143)) - 4b035f45-7941-40c3-ba2d-1cbecd2d369e: start FollowerState
2019-10-17 07:38:38,191 [grpc-default-executor-6] INFO  impl.RoleInfo (RoleInfo.java:shutdownFollowerState(121)) - 920a4478-64f4-4720-983c-9a2102f3c94b: shutdown FollowerState
2019-10-17 07:38:38,192 [grpc-default-executor-6] INFO  impl.RoleInfo (RoleInfo.java:updateAndGet(143)) - 920a4478-64f4-4720-983c-9a2102f3c94b: start FollowerState
2019-10-17 07:38:38,192 [Thread-1346] INFO  impl.FollowerState (FollowerState.java:run(117)) - 920a4478-64f4-4720-983c-9a2102f3c94b@group-9DC5606B5DE8-FollowerState was interrupted: java.lang.InterruptedException: sleep interrupted
2019-10-17 07:38:38,211 [05f59524-a4ea-4be4-b99d-fb9eed47142d@group-9DC5606B5DE8-LeaderElection142] INFO  impl.LeaderElection (LeaderElection.java:logAndReturn(56)) - 05f59524-a4ea-4be4-b99d-fb9eed47142d@group-9DC5606B5DE8-LeaderElection142: Election REJECTED; received 2 response(s) [05f59524-a4ea-4be4-b99d-fb9eed47142d<-4b035f45-7941-40c3-ba2d-1cbecd2d369e#0:FAIL-t163, 05f59524-a4ea-4be4-b99d-fb9eed47142d<-920a4478-64f4-4720-983c-9a2102f3c94b#0:FAIL-t163] and 0 exception(s); 05f59524-a4ea-4be4-b99d-fb9eed47142d@group-9DC5606B5DE8:t163, leader=null, voted=05f59524-a4ea-4be4-b99d-fb9eed47142d, raftlog=05f59524-a4ea-4be4-b99d-fb9eed47142d@group-9DC5606B5DE8-SegmentedRaftLog:OPENED:c-1,f-1,i0, conf=-1: [05f59524-a4ea-4be4-b99d-fb9eed47142d:192.168.34.62:45919, 4b035f45-7941-40c3-ba2d-1cbecd2d369e:192.168.34.62:45443, 920a4478-64f4-4720-983c-9a2102f3c94b:192.168.34.62:38609], old=null
2019-10-17 07:38:38,211 [05f59524-a4ea-4be4-b99d-fb9eed47142d@group-9DC5606B5DE8-LeaderElection142] INFO  impl.RaftServerImpl (RaftServerImpl.java:setRole(184)) - 05f59524-a4ea-4be4-b99d-fb9eed47142d@group-9DC5606B5DE8: changes role from CANDIDATE to FOLLOWER at term 163 for DISCOVERED_A_NEW_TERM
2019-10-17 07:38:38,211 [05f59524-a4ea-4be4-b99d-fb9eed47142d@group-9DC5606B5DE8-LeaderElection142] INFO  impl.RoleInfo (RoleInfo.java:shutdownLeaderElection(134)) - 05f59524-a4ea-4be4-b99d-fb9eed47142d: shutdown LeaderElection
2019-10-17 07:38:38,211 [05f59524-a4ea-4be4-b99d-fb9eed47142d@group-9DC5606B5DE8-LeaderElection142] INFO  impl.RoleInfo (RoleInfo.java:updateAndGet(143)) - 05f59524-a4ea-4be4-b99d-fb9eed47142d: start FollowerState
2019-10-17 07:38:38,287 [Thread-1354] INFO  impl.FollowerState (FollowerState.java:run(108)) - 05f59524-a4ea-4be4-b99d-fb9eed47142d@group-9DC5606B5DE8-FollowerState: change to CANDIDATE, lastRpcTime:75ms, electionTimeout:75ms
2019-10-17 07:38:38,287 [Thread-1354] INFO  impl.RoleInfo (RoleInfo.java:shutdownFollowerState(121)) - 05f59524-a4ea-4be4-b99d-fb9eed47142d: shutdown FollowerState
2019-10-17 07:38:38,287 [Thread-1354] INFO  impl.RaftServerImpl (RaftServerImpl.java:setRole(184)) - 05f59524-a4ea-4be4-b99d-fb9eed47142d@group-9DC5606B5DE8: changes role from  FOLLOWER to CANDIDATE at term 163 for changeToCandidate
2019-10-17 07:38:38,287 [Thread-1354] INFO  impl.RoleInfo (RoleInfo.java:updateAndGet(143)) - 05f59524-a4ea-4be4-b99d-fb9eed47142d: start LeaderElection
2019-10-17 07:38:38,313 [05f59524-a4ea-4be4-b99d-fb9eed47142d@group-9DC5606B5DE8-LeaderElection143] INFO  impl.LeaderElection (LeaderElection.java:askForVotes(178)) - 05f59524-a4ea-4be4-b99d-fb9eed47142d@group-9DC5606B5DE8-LeaderElection143: begin an election at term 164 for -1: [05f59524-a4ea-4be4-b99d-fb9eed47142d:192.168.34.62:45919, 4b035f45-7941-40c3-ba2d-1cbecd2d369e:192.168.34.62:45443, 920a4478-64f4-4720-983c-9a2102f3c94b:192.168.34.62:38609], old=null
2019-10-17 07:38:38,316 [grpc-default-executor-5] INFO  impl.RaftServerImpl (RaftServerImpl.java:setRole(184)) - 4b035f45-7941-40c3-ba2d-1cbecd2d369e@group-9DC5606B5DE8: changes role from  FOLLOWER to FOLLOWER at term 164 for recognizeCandidate:05f59524-a4ea-4be4-b99d-fb9eed47142d
2019-10-17 07:38:38,316 [grpc-default-executor-6] INFO  impl.RaftServerImpl (RaftServerImpl.java:setRole(184)) - 920a4478-64f4-4720-983c-9a2102f3c94b@group-9DC5606B5DE8: changes role from  FOLLOWER to FOLLOWER at term 164 for recognizeCandidate:05f59524-a4ea-4be4-b99d-fb9eed47142d
2019-10-17 07:38:38,317 [grpc-default-executor-5] INFO  impl.RoleInfo (RoleInfo.java:shutdownFollowerState(121)) - 4b035f45-7941-40c3-ba2d-1cbecd2d369e: shutdown FollowerState
2019-10-17 07:38:38,317 [grpc-default-executor-6] INFO  impl.RoleInfo (RoleInfo.java:shutdownFollowerState(121)) - 920a4478-64f4-4720-983c-9a2102f3c94b: shutdown FollowerState
2019-10-17 07:38:38,317 [Thread-1352] INFO  impl.FollowerState (FollowerState.java:run(117)) - 4b035f45-7941-40c3-ba2d-1cbecd2d369e@group-9DC5606B5DE8-FollowerState was interrupted: java.lang.InterruptedException: sleep interrupted
2019-10-17 07:38:38,317 [grpc-default-executor-5] INFO  impl.RoleInfo (RoleInfo.java:updateAndGet(143)) - 4b035f45-7941-40c3-ba2d-1cbecd2d369e: start FollowerState
2019-10-17 07:38:38,317 [Thread-1353] INFO  impl.FollowerState (FollowerState.java:run(117)) - 920a4478-64f4-4720-983c-9a2102f3c94b@group-9DC5606B5DE8-FollowerState was interrupted: java.lang.InterruptedException: sleep interrupted
2019-10-17 07:38:38,317 [grpc-default-executor-6] INFO  impl.RoleInfo (RoleInfo.java:updateAndGet(143)) - 920a4478-64f4-4720-983c-9a2102f3c94b: start FollowerState
2019-10-17 07:38:38,354 [05f59524-a4ea-4be4-b99d-fb9eed47142d@group-9DC5606B5DE8-LeaderElection143] INFO  impl.LeaderElection (LeaderElection.java:logAndReturn(56)) - 05f59524-a4ea-4be4-b99d-fb9eed47142d@group-9DC5606B5DE8-LeaderElection143: Election REJECTED; received 2 response(s) [05f59524-a4ea-4be4-b99d-fb9eed47142d<-4b035f45-7941-40c3-ba2d-1cbecd2d369e#0:FAIL-t164, 05f59524-a4ea-4be4-b99d-fb9eed47142d<-920a4478-64f4-4720-983c-9a2102f3c94b#0:FAIL-t164] and 0 exception(s); 05f59524-a4ea-4be4-b99d-fb9eed47142d@group-9DC5606B5DE8:t164, leader=null, voted=05f59524-a4ea-4be4-b99d-fb9eed47142d, raftlog=05f59524-a4ea-4be4-b99d-fb9eed47142d@group-9DC5606B5DE8-SegmentedRaftLog:OPENED:c-1,f-1,i0, conf=-1: [05f59524-a4ea-4be4-b99d-fb9eed47142d:192.168.34.62:45919, 4b035f45-7941-40c3-ba2d-1cbecd2d369e:192.168.34.62:45443, 920a4478-64f4-4720-983c-9a2102f3c94b:192.168.34.62:38609], old=null
2019-10-17 07:38:38,354 [05f59524-a4ea-4be4-b99d-fb9eed47142d@group-9DC5606B5DE8-LeaderElection143] INFO  impl.RaftServerImpl (RaftServerImpl.java:setRole(184)) - 05f59524-a4ea-4be4-b99d-fb9eed47142d@group-9DC5606B5DE8: changes role from CANDIDATE to FOLLOWER at term 164 for DISCOVERED_A_NEW_TERM
2019-10-17 07:38:38,354 [05f59524-a4ea-4be4-b99d-fb9eed47142d@group-9DC5606B5DE8-LeaderElection143] INFO  impl.RoleInfo (RoleInfo.java:shutdownLeaderElection(134)) - 05f59524-a4ea-4be4-b99d-fb9eed47142d: shutdown LeaderElection
2019-10-17 07:38:38,354 [05f59524-a4ea-4be4-b99d-fb9eed47142d@group-9DC5606B5DE8-LeaderElection143] INFO  impl.RoleInfo (RoleInfo.java:updateAndGet(143)) - 05f59524-a4ea-4be4-b99d-fb9eed47142d: start FollowerState
2019-10-17 07:38:38,397 [Thread-1360] INFO  impl.FollowerState (FollowerState.java:run(108)) - 05f59524-a4ea-4be4-b99d-fb9eed47142d@group-9DC5606B5DE8-FollowerState: change to CANDIDATE, lastRpcTime:42ms, electionTimeout:42ms
2019-10-17 07:38:38,397 [Thread-1360] INFO  impl.RoleInfo (RoleInfo.java:shutdownFollowerState(121)) - 05f59524-a4ea-4be4-b99d-fb9eed47142d: shutdown FollowerState
2019-10-17 07:38:38,397 [Thread-1360] INFO  impl.RaftServerImpl (RaftServerImpl.java:setRole(184)) - 05f59524-a4ea-4be4-b99d-fb9eed47142d@group-9DC5606B5DE8: changes role from  FOLLOWER to CANDIDATE at term 164 for changeToCandidate
2019-10-17 07:38:38,397 [Thread-1360] INFO  impl.RoleInfo (RoleInfo.java:updateAndGet(143)) - 05f59524-a4ea-4be4-b99d-fb9eed47142d: start LeaderElection
2019-10-17 07:38:38,442 [05f59524-a4ea-4be4-b99d-fb9eed47142d@group-9DC5606B5DE8-LeaderElection144] INFO  impl.LeaderElection (LeaderElection.java:askForVotes(178)) - 05f59524-a4ea-4be4-b99d-fb9eed47142d@group-9DC5606B5DE8-LeaderElection144: begin an election at term 165 for -1: [05f59524-a4ea-4be4-b99d-fb9eed47142d:192.168.34.62:45919, 4b035f45-7941-40c3-ba2d-1cbecd2d369e:192.168.34.62:45443, 920a4478-64f4-4720-983c-9a2102f3c94b:192.168.34.62:38609], old=null
2019-10-17 07:38:38,445 [grpc-default-executor-5] INFO  impl.RaftServerImpl (RaftServerImpl.java:setRole(184)) - 4b035f45-7941-40c3-ba2d-1cbecd2d369e@group-9DC5606B5DE8: changes role from  FOLLOWER to FOLLOWER at term 165 for recognizeCandidate:05f59524-a4ea-4be4-b99d-fb9eed47142d
2019-10-17 07:38:38,445 [grpc-default-executor-5] INFO  impl.RoleInfo (RoleInfo.java:shutdownFollowerState(121)) - 4b035f45-7941-40c3-ba2d-1cbecd2d369e: shutdown FollowerState
2019-10-17 07:38:38,445 [grpc-default-executor-6] INFO  impl.RaftServerImpl (RaftServerImpl.java:setRole(184)) - 920a4478-64f4-4720-983c-9a2102f3c94b@group-9DC5606B5DE8: changes role from  FOLLOWER to FOLLOWER at term 165 for recognizeCandidate:05f59524-a4ea-4be4-b99d-fb9eed47142d
2019-10-17 07:38:38,445 [Thread-1358] INFO  impl.FollowerState (FollowerState.java:run(117)) - 4b035f45-7941-40c3-ba2d-1cbecd2d369e@group-9DC5606B5DE8-FollowerState was interrupted: java.lang.InterruptedException: sleep interrupted
2019-10-17 07:38:38,445 [grpc-default-executor-5] INFO  impl.RoleInfo (RoleInfo.java:updateAndGet(143)) - 4b035f45-7941-40c3-ba2d-1cbecd2d369e: start FollowerState
2019-10-17 07:38:38,445 [grpc-default-executor-6] INFO  impl.RoleInfo (RoleInfo.java:shutdownFollowerState(121)) - 920a4478-64f4-4720-983c-9a2102f3c94b: shutdown FollowerState
2019-10-17 07:38:38,446 [grpc-default-executor-6] INFO  impl.RoleInfo (RoleInfo.java:updateAndGet(143)) - 920a4478-64f4-4720-983c-9a2102f3c94b: start FollowerState
2019-10-17 07:38:38,446 [Thread-1359] INFO  impl.FollowerState (FollowerState.java:run(117)) - 920a4478-64f4-4720-983c-9a2102f3c94b@group-9DC5606B5DE8-FollowerState was interrupted: java.lang.InterruptedException: sleep interrupted
2019-10-17 07:38:38,478 [05f59524-a4ea-4be4-b99d-fb9eed47142d@group-9DC5606B5DE8-LeaderElection144] INFO  impl.LeaderElection (LeaderElection.java:logAndReturn(56)) - 05f59524-a4ea-4be4-b99d-fb9eed47142d@group-9DC5606B5DE8-LeaderElection144: Election REJECTED; received 2 response(s) [05f59524-a4ea-4be4-b99d-fb9eed47142d<-4b035f45-7941-40c3-ba2d-1cbecd2d369e#0:FAIL-t165, 05f59524-a4ea-4be4-b99d-fb9eed47142d<-920a4478-64f4-4720-983c-9a2102f3c94b#0:FAIL-t165] and 0 exception(s); 05f59524-a4ea-4be4-b99d-fb9eed47142d@group-9DC5606B5DE8:t165, leader=null, voted=05f59524-a4ea-4be4-b99d-fb9eed47142d, raftlog=05f59524-a4ea-4be4-b99d-fb9eed47142d@group-9DC5606B5DE8-SegmentedRaftLog:OPENED:c-1,f-1,i0, conf=-1: [05f59524-a4ea-4be4-b99d-fb9eed47142d:192.168.34.62:45919, 4b035f45-7941-40c3-ba2d-1cbecd2d369e:192.168.34.62:45443, 920a4478-64f4-4720-983c-9a2102f3c94b:192.168.34.62:38609], old=null
2019-10-17 07:38:38,478 [05f59524-a4ea-4be4-b99d-fb9eed47142d@group-9DC5606B5DE8-LeaderElection144] INFO  impl.RaftServerImpl (RaftServerImpl.java:setRole(184)) - 05f59524-a4ea-4be4-b99d-fb9eed47142d@group-9DC5606B5DE8: changes role from CANDIDATE to FOLLOWER at term 165 for DISCOVERED_A_NEW_TERM
2019-10-17 07:38:38,479 [05f59524-a4ea-4be4-b99d-fb9eed47142d@group-9DC5606B5DE8-LeaderElection144] INFO  impl.RoleInfo (RoleInfo.java:shutdownLeaderElection(134)) - 05f59524-a4ea-4be4-b99d-fb9eed47142d: shutdown LeaderElection
2019-10-17 07:38:38,479 [05f59524-a4ea-4be4-b99d-fb9eed47142d@group-9DC5606B5DE8-LeaderElection144] INFO  impl.RoleInfo (RoleInfo.java:updateAndGet(143)) - 05f59524-a4ea-4be4-b99d-fb9eed47142d: start FollowerState
2019-10-17 07:38:38,572 [Thread-1366] INFO  impl.FollowerState (FollowerState.java:run(108)) - 05f59524-a4ea-4be4-b99d-fb9eed47142d@group-9DC5606B5DE8-FollowerState: change to CANDIDATE, lastRpcTime:93ms, electionTimeout:93ms
2019-10-17 07:38:38,572 [Thread-1366] INFO  impl.RoleInfo (RoleInfo.java:shutdownFollowerState(121)) - 05f59524-a4ea-4be4-b99d-fb9eed47142d: shutdown FollowerState
2019-10-17 07:38:38,573 [Thread-1366] INFO  impl.RaftServerImpl (RaftServerImpl.java:setRole(184)) - 05f59524-a4ea-4be4-b99d-fb9eed47142d@group-9DC5606B5DE8: changes role from  FOLLOWER to CANDIDATE at term 165 for changeToCandidate
2019-10-17 07:38:38,573 [Thread-1366] INFO  impl.RoleInfo (RoleInfo.java:updateAndGet(143)) - 05f59524-a4ea-4be4-b99d-fb9eed47142d: start LeaderElection
2019-10-17 07:38:38,671 [05f59524-a4ea-4be4-b99d-fb9eed47142d@group-9DC5606B5DE8-LeaderElection145] INFO  impl.LeaderElection (LeaderElection.java:askForVotes(178)) - 05f59524-a4ea-4be4-b99d-fb9eed47142d@group-9DC5606B5DE8-LeaderElection145: begin an election at term 166 for -1: [05f59524-a4ea-4be4-b99d-fb9eed47142d:192.168.34.62:45919, 4b035f45-7941-40c3-ba2d-1cbecd2d369e:192.168.34.62:45443, 920a4478-64f4-4720-983c-9a2102f3c94b:192.168.34.62:38609], old=null
2019-10-17 07:38:38,674 [grpc-default-executor-5] INFO  impl.RaftServerImpl (RaftServerImpl.java:setRole(184)) - 4b035f45-7941-40c3-ba2d-1cbecd2d369e@group-9DC5606B5DE8: changes role from  FOLLOWER to FOLLOWER at term 166 for recognizeCandidate:05f59524-a4ea-4be4-b99d-fb9eed47142d
2019-10-17 07:38:38,674 [grpc-default-executor-6] INFO  impl.RaftServerImpl (RaftServerImpl.java:setRole(184)) - 920a4478-64f4-4720-983c-9a2102f3c94b@group-9DC5606B5DE8: changes role from  FOLLOWER to FOLLOWER at term 166 for recognizeCandidate:05f59524-a4ea-4be4-b99d-fb9eed47142d
2019-10-17 07:38:38,674 [grpc-default-executor-5] INFO  impl.RoleInfo (RoleInfo.java:shutdownFollowerState(121)) - 4b035f45-7941-40c3-ba2d-1cbecd2d369e: shutdown FollowerState
2019-10-17 07:38:38,675 [grpc-default-executor-6] INFO  impl.RoleInfo (RoleInfo.java:shutdownFollowerState(121)) - 920a4478-64f4-4720-983c-9a2102f3c94b: shutdown FollowerState
2019-10-17 07:38:38,675 [grpc-default-executor-5] INFO  impl.RoleInfo (RoleInfo.java:updateAndGet(143)) - 4b035f45-7941-40c3-ba2d-1cbecd2d369e: start FollowerState
2019-10-17 07:38:38,675 [Thread-1365] INFO  impl.FollowerState (FollowerState.java:run(117)) - 920a4478-64f4-4720-983c-9a2102f3c94b@group-9DC5606B5DE8-FollowerState was interrupted: java.lang.InterruptedException: sleep interrupted
2019-10-17 07:38:38,675 [grpc-default-executor-6] INFO  impl.RoleInfo (RoleInfo.java:updateAndGet(143)) - 920a4478-64f4-4720-983c-9a2102f3c94b: start FollowerState
2019-10-17 07:38:38,675 [Thread-1364] INFO  impl.FollowerState (FollowerState.java:run(117)) - 4b035f45-7941-40c3-ba2d-1cbecd2d369e@group-9DC5606B5DE8-FollowerState was interrupted: java.lang.InterruptedException: sleep interrupted
2019-10-17 07:38:38,706 [05f59524-a4ea-4be4-b99d-fb9eed47142d@group-9DC5606B5DE8-LeaderElection145] INFO  impl.LeaderElection (LeaderElection.java:logAndReturn(56)) - 05f59524-a4ea-4be4-b99d-fb9eed47142d@group-9DC5606B5DE8-LeaderElection145: Election REJECTED; received 2 response(s) [05f59524-a4ea-4be4-b99d-fb9eed47142d<-4b035f45-7941-40c3-ba2d-1cbecd2d369e#0:FAIL-t166, 05f59524-a4ea-4be4-b99d-fb9eed47142d<-920a4478-64f4-4720-983c-9a2102f3c94b#0:FAIL-t166] and 0 exception(s); 05f59524-a4ea-4be4-b99d-fb9eed47142d@group-9DC5606B5DE8:t166, leader=null, voted=05f59524-a4ea-4be4-b99d-fb9eed47142d, raftlog=05f59524-a4ea-4be4-b99d-fb9eed47142d@group-9DC5606B5DE8-SegmentedRaftLog:OPENED:c-1,f-1,i0, conf=-1: [05f59524-a4ea-4be4-b99d-fb9eed47142d:192.168.34.62:45919, 4b035f45-7941-40c3-ba2d-1cbecd2d369e:192.168.34.62:45443, 920a4478-64f4-4720-983c-9a2102f3c94b:192.168.34.62:38609], old=null
2019-10-17 07:38:38,706 [05f59524-a4ea-4be4-b99d-fb9eed47142d@group-9DC5606B5DE8-LeaderElection145] INFO  impl.RaftServerImpl (RaftServerImpl.java:setRole(184)) - 05f59524-a4ea-4be4-b99d-fb9eed47142d@group-9DC5606B5DE8: changes role from CANDIDATE to FOLLOWER at term 166 for DISCOVERED_A_NEW_TERM
2019-10-17 07:38:38,706 [05f59524-a4ea-4be4-b99d-fb9eed47142d@group-9DC5606B5DE8-LeaderElection145] INFO  impl.RoleInfo (RoleInfo.java:shutdownLeaderElection(134)) - 05f59524-a4ea-4be4-b99d-fb9eed47142d: shutdown LeaderElection
2019-10-17 07:38:38,706 [05f59524-a4ea-4be4-b99d-fb9eed47142d@group-9DC5606B5DE8-LeaderElection145] INFO  impl.RoleInfo (RoleInfo.java:updateAndGet(143)) - 05f59524-a4ea-4be4-b99d-fb9eed47142d: start FollowerState
2019-10-17 07:38:38,813 [Thread-1372] INFO  impl.FollowerState (FollowerState.java:run(108)) - 05f59524-a4ea-4be4-b99d-fb9eed47142d@group-9DC5606B5DE8-FollowerState: change to CANDIDATE, lastRpcTime:106ms, electionTimeout:106ms
2019-10-17 07:38:38,813 [Thread-1372] INFO  impl.RoleInfo (RoleInfo.java:shutdownFollowerState(121)) - 05f59524-a4ea-4be4-b99d-fb9eed47142d: shutdown FollowerState
2019-10-17 07:38:38,813 [Thread-1372] INFO  impl.RaftServerImpl (RaftServerImpl.java:setRole(184)) - 05f59524-a4ea-4be4-b99d-fb9eed47142d@group-9DC5606B5DE8: changes role from  FOLLOWER to CANDIDATE at term 166 for changeToCandidate
2019-10-17 07:38:38,815 [Thread-1372] INFO  impl.RoleInfo (RoleInfo.java:updateAndGet(143)) - 05f59524-a4ea-4be4-b99d-fb9eed47142d: start LeaderElection
2019-10-17 07:38:38,842 [05f59524-a4ea-4be4-b99d-fb9eed47142d@group-9DC5606B5DE8-LeaderElection146] INFO  impl.LeaderElection (LeaderElection.java:askForVotes(178)) - 05f59524-a4ea-4be4-b99d-fb9eed47142d@group-9DC5606B5DE8-LeaderElection146: begin an election at term 167 for -1: [05f59524-a4ea-4be4-b99d-fb9eed47142d:192.168.34.62:45919, 4b035f45-7941-40c3-ba2d-1cbecd2d369e:192.168.34.62:45443, 920a4478-64f4-4720-983c-9a2102f3c94b:192.168.34.62:38609], old=null
2019-10-17 07:38:38,851 [grpc-default-executor-5] INFO  impl.RaftServerImpl (RaftServerImpl.java:setRole(184)) - 4b035f45-7941-40c3-ba2d-1cbecd2d369e@group-9DC5606B5DE8: changes role from  FOLLOWER to FOLLOWER at term 167 for recognizeCandidate:05f59524-a4ea-4be4-b99d-fb9eed47142d
2019-10-17 07:38:38,851 [grpc-default-executor-5] INFO  impl.RoleInfo (RoleInfo.java:shutdownFollowerState(121)) - 4b035f45-7941-40c3-ba2d-1cbecd2d369e: shutdown FollowerState
2019-10-17 07:38:38,851 [grpc-default-executor-6] INFO  impl.RaftServerImpl (RaftServerImpl.java:setRole(184)) - 920a4478-64f4-4720-983c-9a2102f3c94b@group-9DC5606B5DE8: changes role from  FOLLOWER to FOLLOWER at term 167 for recognizeCandidate:05f59524-a4ea-4be4-b99d-fb9eed47142d
2019-10-17 07:38:38,852 [grpc-default-executor-6] INFO  impl.RoleInfo (RoleInfo.java:shutdownFollowerState(121)) - 920a4478-64f4-4720-983c-9a2102f3c94b: shutdown FollowerState
2019-10-17 07:38:38,862 [grpc-default-executor-6] INFO  impl.RoleInfo (RoleInfo.java:updateAndGet(143)) - 920a4478-64f4-4720-983c-9a2102f3c94b: start FollowerState
2019-10-17 07:38:38,862 [Thread-1371] INFO  impl.FollowerState (FollowerState.java:run(117)) - 920a4478-64f4-4720-983c-9a2102f3c94b@group-9DC5606B5DE8-FollowerState was interrupted: java.lang.InterruptedException: sleep interrupted
2019-10-17 07:38:38,862 [grpc-default-executor-5] INFO  impl.RoleInfo (RoleInfo.java:updateAndGet(143)) - 4b035f45-7941-40c3-ba2d-1cbecd2d369e: start FollowerState
2019-10-17 07:38:38,862 [Thread-1370] INFO  impl.FollowerState (FollowerState.java:run(117)) - 4b035f45-7941-40c3-ba2d-1cbecd2d369e@group-9DC5606B5DE8-FollowerState was interrupted: java.lang.InterruptedException: sleep interrupted
2019-10-17 07:38:38,898 [05f59524-a4ea-4be4-b99d-fb9eed47142d@group-9DC5606B5DE8-LeaderElection146] INFO  impl.LeaderElection (LeaderElection.java:logAndReturn(56)) - 05f59524-a4ea-4be4-b99d-fb9eed47142d@group-9DC5606B5DE8-LeaderElection146: Election REJECTED; received 2 response(s) [05f59524-a4ea-4be4-b99d-fb9eed47142d<-4b035f45-7941-40c3-ba2d-1cbecd2d369e#0:FAIL-t167, 05f59524-a4ea-4be4-b99d-fb9eed47142d<-920a4478-64f4-4720-983c-9a2102f3c94b#0:FAIL-t167] and 0 exception(s); 05f59524-a4ea-4be4-b99d-fb9eed47142d@group-9DC5606B5DE8:t167, leader=null, voted=05f59524-a4ea-4be4-b99d-fb9eed47142d, raftlog=05f59524-a4ea-4be4-b99d-fb9eed47142d@group-9DC5606B5DE8-SegmentedRaftLog:OPENED:c-1,f-1,i0, conf=-1: [05f59524-a4ea-4be4-b99d-fb9eed47142d:192.168.34.62:45919, 4b035f45-7941-40c3-ba2d-1cbecd2d369e:192.168.34.62:45443, 920a4478-64f4-4720-983c-9a2102f3c94b:192.168.34.62:38609], old=null
2019-10-17 07:38:38,899 [05f59524-a4ea-4be4-b99d-fb9eed47142d@group-9DC5606B5DE8-LeaderElection146] INFO  impl.RaftServerImpl (RaftServerImpl.java:setRole(184)) - 05f59524-a4ea-4be4-b99d-fb9eed47142d@group-9DC5606B5DE8: changes role from CANDIDATE to FOLLOWER at term 167 for DISCOVERED_A_NEW_TERM
2019-10-17 07:38:38,899 [05f59524-a4ea-4be4-b99d-fb9eed47142d@group-9DC5606B5DE8-LeaderElection146] INFO  impl.RoleInfo (RoleInfo.java:shutdownLeaderElection(134)) - 05f59524-a4ea-4be4-b99d-fb9eed47142d: shutdown LeaderElection
2019-10-17 07:38:38,899 [05f59524-a4ea-4be4-b99d-fb9eed47142d@group-9DC5606B5DE8-LeaderElection146] INFO  impl.RoleInfo (RoleInfo.java:updateAndGet(143)) - 05f59524-a4ea-4be4-b99d-fb9eed47142d: start FollowerState
2019-10-17 07:38:39,077 [Thread-1378] INFO  impl.FollowerState (FollowerState.java:run(108)) - 05f59524-a4ea-4be4-b99d-fb9eed47142d@group-9DC5606B5DE8-FollowerState: change to CANDIDATE, lastRpcTime:178ms, electionTimeout:178ms
2019-10-17 07:38:39,078 [Thread-1378] INFO  impl.RoleInfo (RoleInfo.java:shutdownFollowerState(121)) - 05f59524-a4ea-4be4-b99d-fb9eed47142d: shutdown FollowerState
2019-10-17 07:38:39,078 [Thread-1378] INFO  impl.RaftServerImpl (RaftServerImpl.java:setRole(184)) - 05f59524-a4ea-4be4-b99d-fb9eed47142d@group-9DC5606B5DE8: changes role from  FOLLOWER to CANDIDATE at term 167 for changeToCandidate
2019-10-17 07:38:39,078 [Thread-1378] INFO  impl.RoleInfo (RoleInfo.java:updateAndGet(143)) - 05f59524-a4ea-4be4-b99d-fb9eed47142d: start LeaderElection
2019-10-17 07:38:39,129 [05f59524-a4ea-4be4-b99d-fb9eed47142d@group-9DC5606B5DE8-LeaderElection147] INFO  impl.LeaderElection (LeaderElection.java:askForVotes(178)) - 05f59524-a4ea-4be4-b99d-fb9eed47142d@group-9DC5606B5DE8-LeaderElection147: begin an election at term 168 for -1: [05f59524-a4ea-4be4-b99d-fb9eed47142d:192.168.34.62:45919, 4b035f45-7941-40c3-ba2d-1cbecd2d369e:192.168.34.62:45443, 920a4478-64f4-4720-983c-9a2102f3c94b:192.168.34.62:38609], old=null
2019-10-17 07:38:39,132 [grpc-default-executor-5] INFO  impl.RaftServerImpl (RaftServerImpl.java:setRole(184)) - 920a4478-64f4-4720-983c-9a2102f3c94b@group-9DC5606B5DE8: changes role from  FOLLOWER to FOLLOWER at term 168 for recognizeCandidate:05f59524-a4ea-4be4-b99d-fb9eed47142d
2019-10-17 07:38:39,132 [grpc-default-executor-5] INFO  impl.RoleInfo (RoleInfo.java:shutdownFollowerState(121)) - 920a4478-64f4-4720-983c-9a2102f3c94b: shutdown FollowerState
2019-10-17 07:38:39,132 [grpc-default-executor-6] INFO  impl.RaftServerImpl (RaftServerImpl.java:setRole(184)) - 4b035f45-7941-40c3-ba2d-1cbecd2d369e@group-9DC5606B5DE8: changes role from  FOLLOWER to FOLLOWER at term 168 for recognizeCandidate:05f59524-a4ea-4be4-b99d-fb9eed47142d
2019-10-17 07:38:39,132 [grpc-default-executor-6] INFO  impl.RoleInfo (RoleInfo.java:shutdownFollowerState(121)) - 4b035f45-7941-40c3-ba2d-1cbecd2d369e: shutdown FollowerState
2019-10-17 07:38:39,132 [Thread-1376] INFO  impl.FollowerState (FollowerState.java:run(117)) - 920a4478-64f4-4720-983c-9a2102f3c94b@group-9DC5606B5DE8-FollowerState was interrupted: java.lang.InterruptedException: sleep interrupted
2019-10-17 07:38:39,132 [grpc-default-executor-5] INFO  impl.RoleInfo (RoleInfo.java:updateAndGet(143)) - 920a4478-64f4-4720-983c-9a2102f3c94b: start FollowerState
2019-10-17 07:38:39,133 [Thread-1377] INFO  impl.FollowerState (FollowerState.java:run(117)) - 4b035f45-7941-40c3-ba2d-1cbecd2d369e@group-9DC5606B5DE8-FollowerState was interrupted: java.lang.InterruptedException: sleep interrupted
2019-10-17 07:38:39,132 [grpc-default-executor-6] INFO  impl.RoleInfo (RoleInfo.java:updateAndGet(143)) - 4b035f45-7941-40c3-ba2d-1cbecd2d369e: start FollowerState
2019-10-17 07:38:39,175 [05f59524-a4ea-4be4-b99d-fb9eed47142d@group-9DC5606B5DE8-LeaderElection147] INFO  impl.LeaderElection (LeaderElection.java:logAndReturn(56)) - 05f59524-a4ea-4be4-b99d-fb9eed47142d@group-9DC5606B5DE8-LeaderElection147: Election REJECTED; received 2 response(s) [05f59524-a4ea-4be4-b99d-fb9eed47142d<-4b035f45-7941-40c3-ba2d-1cbecd2d369e#0:FAIL-t168, 05f59524-a4ea-4be4-b99d-fb9eed47142d<-920a4478-64f4-4720-983c-9a2102f3c94b#0:FAIL-t168] and 0 exception(s); 05f59524-a4ea-4be4-b99d-fb9eed47142d@group-9DC5606B5DE8:t168, leader=null, voted=05f59524-a4ea-4be4-b99d-fb9eed47142d, raftlog=05f59524-a4ea-4be4-b99d-fb9eed47142d@group-9DC5606B5DE8-SegmentedRaftLog:OPENED:c-1,f-1,i0, conf=-1: [05f59524-a4ea-4be4-b99d-fb9eed47142d:192.168.34.62:45919, 4b035f45-7941-40c3-ba2d-1cbecd2d369e:192.168.34.62:45443, 920a4478-64f4-4720-983c-9a2102f3c94b:192.168.34.62:38609], old=null
2019-10-17 07:38:39,175 [05f59524-a4ea-4be4-b99d-fb9eed47142d@group-9DC5606B5DE8-LeaderElection147] INFO  impl.RaftServerImpl (RaftServerImpl.java:setRole(184)) - 05f59524-a4ea-4be4-b99d-fb9eed47142d@group-9DC5606B5DE8: changes role from CANDIDATE to FOLLOWER at term 168 for DISCOVERED_A_NEW_TERM
2019-10-17 07:38:39,175 [05f59524-a4ea-4be4-b99d-fb9eed47142d@group-9DC5606B5DE8-LeaderElection147] INFO  impl.RoleInfo (RoleInfo.java:shutdownLeaderElection(134)) - 05f59524-a4ea-4be4-b99d-fb9eed47142d: shutdown LeaderElection
2019-10-17 07:38:39,175 [05f59524-a4ea-4be4-b99d-fb9eed47142d@group-9DC5606B5DE8-LeaderElection147] INFO  impl.RoleInfo (RoleInfo.java:updateAndGet(143)) - 05f59524-a4ea-4be4-b99d-fb9eed47142d: start FollowerState
2019-10-17 07:38:39,347 [Thread-1384] INFO  impl.FollowerState (FollowerState.java:run(108)) - 05f59524-a4ea-4be4-b99d-fb9eed47142d@group-9DC5606B5DE8-FollowerState: change to CANDIDATE, lastRpcTime:171ms, electionTimeout:171ms
2019-10-17 07:38:39,347 [Thread-1384] INFO  impl.RoleInfo (RoleInfo.java:shutdownFollowerState(121)) - 05f59524-a4ea-4be4-b99d-fb9eed47142d: shutdown FollowerState
2019-10-17 07:38:39,347 [Thread-1384] INFO  impl.RaftServerImpl (RaftServerImpl.java:setRole(184)) - 05f59524-a4ea-4be4-b99d-fb9eed47142d@group-9DC5606B5DE8: changes role from  FOLLOWER to CANDIDATE at term 168 for changeToCandidate
2019-10-17 07:38:39,347 [Thread-1384] INFO  impl.RoleInfo (RoleInfo.java:updateAndGet(143)) - 05f59524-a4ea-4be4-b99d-fb9eed47142d: start LeaderElection
2019-10-17 07:38:39,415 [05f59524-a4ea-4be4-b99d-fb9eed47142d@group-9DC5606B5DE8-LeaderElection148] INFO  impl.LeaderElection (LeaderElection.java:askForVotes(178)) - 05f59524-a4ea-4be4-b99d-fb9eed47142d@group-9DC5606B5DE8-LeaderElection148: begin an election at term 169 for -1: [05f59524-a4ea-4be4-b99d-fb9eed47142d:192.168.34.62:45919, 4b035f45-7941-40c3-ba2d-1cbecd2d369e:192.168.34.62:45443, 920a4478-64f4-4720-983c-9a2102f3c94b:192.168.34.62:38609], old=null
2019-10-17 07:38:39,419 [grpc-default-executor-6] INFO  impl.RaftServerImpl (RaftServerImpl.java:setRole(184)) - 4b035f45-7941-40c3-ba2d-1cbecd2d369e@group-9DC5606B5DE8: changes role from  FOLLOWER to FOLLOWER at term 169 for recognizeCandidate:05f59524-a4ea-4be4-b99d-fb9eed47142d
2019-10-17 07:38:39,419 [grpc-default-executor-5] INFO  impl.RaftServerImpl (RaftServerImpl.java:setRole(184)) - 920a4478-64f4-4720-983c-9a2102f3c94b@group-9DC5606B5DE8: changes role from  FOLLOWER to FOLLOWER at term 169 for recognizeCandidate:05f59524-a4ea-4be4-b99d-fb9eed47142d
2019-10-17 07:38:39,419 [grpc-default-executor-6] INFO  impl.RoleInfo (RoleInfo.java:shutdownFollowerState(121)) - 4b035f45-7941-40c3-ba2d-1cbecd2d369e: shutdown FollowerState
2019-10-17 07:38:39,419 [grpc-default-executor-5] INFO  impl.RoleInfo (RoleInfo.java:shutdownFollowerState(121)) - 920a4478-64f4-4720-983c-9a2102f3c94b: shutdown FollowerState
2019-10-17 07:38:39,420 [Thread-1383] INFO  impl.FollowerState (FollowerState.java:run(117)) - 4b035f45-7941-40c3-ba2d-1cbecd2d369e@group-9DC5606B5DE8-FollowerState was interrupted: java.lang.InterruptedException: sleep interrupted
2019-10-17 07:38:39,420 [Thread-1382] INFO  impl.FollowerState (FollowerState.java:run(117)) - 920a4478-64f4-4720-983c-9a2102f3c94b@group-9DC5606B5DE8-FollowerState was interrupted: java.lang.InterruptedException: sleep interrupted
2019-10-17 07:38:39,419 [grpc-default-executor-6] INFO  impl.RoleInfo (RoleInfo.java:updateAndGet(143)) - 4b035f45-7941-40c3-ba2d-1cbecd2d369e: start FollowerState
2019-10-17 07:38:39,420 [grpc-default-executor-5] INFO  impl.RoleInfo (RoleInfo.java:updateAndGet(143)) - 920a4478-64f4-4720-983c-9a2102f3c94b: start FollowerState
2019-10-17 07:38:39,429 [05f59524-a4ea-4be4-b99d-fb9eed47142d@group-9DC5606B5DE8-LeaderElection148] INFO  impl.LeaderElection (LeaderElection.java:logAndReturn(56)) - 05f59524-a4ea-4be4-b99d-fb9eed47142d@group-9DC5606B5DE8-LeaderElection148: Election TIMEOUT; received 0 response(s) [] and 0 exception(s); 05f59524-a4ea-4be4-b99d-fb9eed47142d@group-9DC5606B5DE8:t169, leader=null, voted=05f59524-a4ea-4be4-b99d-fb9eed47142d, raftlog=05f59524-a4ea-4be4-b99d-fb9eed47142d@group-9DC5606B5DE8-SegmentedRaftLog:OPENED:c-1,f-1,i0, conf=-1: [05f59524-a4ea-4be4-b99d-fb9eed47142d:192.168.34.62:45919, 4b035f45-7941-40c3-ba2d-1cbecd2d369e:192.168.34.62:45443, 920a4478-64f4-4720-983c-9a2102f3c94b:192.168.34.62:38609], old=null
2019-10-17 07:38:39,468 [05f59524-a4ea-4be4-b99d-fb9eed47142d@group-9DC5606B5DE8-LeaderElection148] INFO  impl.LeaderElection (LeaderElection.java:askForVotes(178)) - 05f59524-a4ea-4be4-b99d-fb9eed47142d@group-9DC5606B5DE8-LeaderElection148: begin an election at term 170 for -1: [05f59524-a4ea-4be4-b99d-fb9eed47142d:192.168.34.62:45919, 4b035f45-7941-40c3-ba2d-1cbecd2d369e:192.168.34.62:45443, 920a4478-64f4-4720-983c-9a2102f3c94b:192.168.34.62:38609], old=null
2019-10-17 07:38:39,470 [grpc-default-executor-5] INFO  impl.RaftServerImpl (RaftServerImpl.java:setRole(184)) - 4b035f45-7941-40c3-ba2d-1cbecd2d369e@group-9DC5606B5DE8: changes role from  FOLLOWER to FOLLOWER at term 170 for recognizeCandidate:05f59524-a4ea-4be4-b99d-fb9eed47142d
2019-10-17 07:38:39,470 [grpc-default-executor-5] INFO  impl.RoleInfo (RoleInfo.java:shutdownFollowerState(121)) - 4b035f45-7941-40c3-ba2d-1cbecd2d369e: shutdown FollowerState
2019-10-17 07:38:39,470 [grpc-default-executor-6] INFO  impl.RaftServerImpl (RaftServerImpl.java:setRole(184)) - 920a4478-64f4-4720-983c-9a2102f3c94b@group-9DC5606B5DE8: changes role from  FOLLOWER to FOLLOWER at term 170 for recognizeCandidate:05f59524-a4ea-4be4-b99d-fb9eed47142d
2019-10-17 07:38:39,470 [Thread-1388] INFO  impl.FollowerState (FollowerState.java:run(117)) - 4b035f45-7941-40c3-ba2d-1cbecd2d369e@group-9DC5606B5DE8-FollowerState was interrupted: java.lang.InterruptedException: sleep interrupted
2019-10-17 07:38:39,470 [grpc-default-executor-5] INFO  impl.RoleInfo (RoleInfo.java:updateAndGet(143)) - 4b035f45-7941-40c3-ba2d-1cbecd2d369e: start FollowerState
2019-10-17 07:38:39,470 [grpc-default-executor-6] INFO  impl.RoleInfo (RoleInfo.java:shutdownFollowerState(121)) - 920a4478-64f4-4720-983c-9a2102f3c94b: shutdown FollowerState
2019-10-17 07:38:39,471 [grpc-default-executor-6] INFO  impl.RoleInfo (RoleInfo.java:updateAndGet(143)) - 920a4478-64f4-4720-983c-9a2102f3c94b: start FollowerState
2019-10-17 07:38:39,471 [Thread-1389] INFO  impl.FollowerState (FollowerState.java:run(117)) - 920a4478-64f4-4720-983c-9a2102f3c94b@group-9DC5606B5DE8-FollowerState was interrupted: java.lang.InterruptedException: sleep interrupted
2019-10-17 07:38:39,507 [05f59524-a4ea-4be4-b99d-fb9eed47142d@group-9DC5606B5DE8-LeaderElection148] INFO  impl.LeaderElection (LeaderElection.java:logAndReturn(56)) - 05f59524-a4ea-4be4-b99d-fb9eed47142d@group-9DC5606B5DE8-LeaderElection148: Election REJECTED; received 2 response(s) [05f59524-a4ea-4be4-b99d-fb9eed47142d<-4b035f45-7941-40c3-ba2d-1cbecd2d369e#0:FAIL-t170, 05f59524-a4ea-4be4-b99d-fb9eed47142d<-920a4478-64f4-4720-983c-9a2102f3c94b#0:FAIL-t170] and 0 exception(s); 05f59524-a4ea-4be4-b99d-fb9eed47142d@group-9DC5606B5DE8:t170, leader=null, voted=05f59524-a4ea-4be4-b99d-fb9eed47142d, raftlog=05f59524-a4ea-4be4-b99d-fb9eed47142d@group-9DC5606B5DE8-SegmentedRaftLog:OPENED:c-1,f-1,i0, conf=-1: [05f59524-a4ea-4be4-b99d-fb9eed47142d:192.168.34.62:45919, 4b035f45-7941-40c3-ba2d-1cbecd2d369e:192.168.34.62:45443, 920a4478-64f4-4720-983c-9a2102f3c94b:192.168.34.62:38609], old=null
2019-10-17 07:38:39,507 [05f59524-a4ea-4be4-b99d-fb9eed47142d@group-9DC5606B5DE8-LeaderElection148] INFO  impl.RaftServerImpl (RaftServerImpl.java:setRole(184)) - 05f59524-a4ea-4be4-b99d-fb9eed47142d@group-9DC5606B5DE8: changes role from CANDIDATE to FOLLOWER at term 170 for DISCOVERED_A_NEW_TERM
2019-10-17 07:38:39,507 [05f59524-a4ea-4be4-b99d-fb9eed47142d@group-9DC5606B5DE8-LeaderElection148] INFO  impl.RoleInfo (RoleInfo.java:shutdownLeaderElection(134)) - 05f59524-a4ea-4be4-b99d-fb9eed47142d: shutdown LeaderElection
2019-10-17 07:38:39,507 [05f59524-a4ea-4be4-b99d-fb9eed47142d@group-9DC5606B5DE8-LeaderElection148] INFO  impl.RoleInfo (RoleInfo.java:updateAndGet(143)) - 05f59524-a4ea-4be4-b99d-fb9eed47142d: start FollowerState
2019-10-17 07:38:39,669 [Thread-1394] INFO  impl.FollowerState (FollowerState.java:run(108)) - 05f59524-a4ea-4be4-b99d-fb9eed47142d@group-9DC5606B5DE8-FollowerState: change to CANDIDATE, lastRpcTime:161ms, electionTimeout:161ms
2019-10-17 07:38:39,669 [Thread-1394] INFO  impl.RoleInfo (RoleInfo.java:shutdownFollowerState(121)) - 05f59524-a4ea-4be4-b99d-fb9eed47142d: shutdown FollowerState
2019-10-17 07:38:39,669 [Thread-1394] INFO  impl.RaftServerImpl (RaftServerImpl.java:setRole(184)) - 05f59524-a4ea-4be4-b99d-fb9eed47142d@group-9DC5606B5DE8: changes role from  FOLLOWER to CANDIDATE at term 170 for changeToCandidate
2019-10-17 07:38:39,669 [Thread-1394] INFO  impl.RoleInfo (RoleInfo.java:updateAndGet(143)) - 05f59524-a4ea-4be4-b99d-fb9eed47142d: start LeaderElection
2019-10-17 07:38:39,747 [05f59524-a4ea-4be4-b99d-fb9eed47142d@group-9DC5606B5DE8-LeaderElection149] INFO  impl.LeaderElection (LeaderElection.java:askForVotes(178)) - 05f59524-a4ea-4be4-b99d-fb9eed47142d@group-9DC5606B5DE8-LeaderElection149: begin an election at term 171 for -1: [05f59524-a4ea-4be4-b99d-fb9eed47142d:192.168.34.62:45919, 4b035f45-7941-40c3-ba2d-1cbecd2d369e:192.168.34.62:45443, 920a4478-64f4-4720-983c-9a2102f3c94b:192.168.34.62:38609], old=null
2019-10-17 07:38:39,749 [grpc-default-executor-5] INFO  impl.RaftServerImpl (RaftServerImpl.java:setRole(184)) - 4b035f45-7941-40c3-ba2d-1cbecd2d369e@group-9DC5606B5DE8: changes role from  FOLLOWER to FOLLOWER at term 171 for recognizeCandidate:05f59524-a4ea-4be4-b99d-fb9eed47142d
2019-10-17 07:38:39,749 [grpc-default-executor-5] INFO  impl.RoleInfo (RoleInfo.java:shutdownFollowerState(121)) - 4b035f45-7941-40c3-ba2d-1cbecd2d369e: shutdown FollowerState
2019-10-17 07:38:39,749 [grpc-default-executor-5] INFO  impl.RoleInfo (RoleInfo.java:updateAndGet(143)) - 4b035f45-7941-40c3-ba2d-1cbecd2d369e: start FollowerState
2019-10-17 07:38:39,749 [Thread-1392] INFO  impl.FollowerState (FollowerState.java:run(117)) - 4b035f45-7941-40c3-ba2d-1cbecd2d369e@group-9DC5606B5DE8-FollowerState was interrupted: java.lang.InterruptedException: sleep interrupted
2019-10-17 07:38:39,749 [grpc-default-executor-6] INFO  impl.RaftServerImpl (RaftServerImpl.java:setRole(184)) - 920a4478-64f4-4720-983c-9a2102f3c94b@group-9DC5606B5DE8: changes role from  FOLLOWER to FOLLOWER at term 171 for recognizeCandidate:05f59524-a4ea-4be4-b99d-fb9eed47142d
2019-10-17 07:38:39,750 [grpc-default-executor-6] INFO  impl.RoleInfo (RoleInfo.java:shutdownFollowerState(121)) - 920a4478-64f4-4720-983c-9a2102f3c94b: shutdown FollowerState
2019-10-17 07:38:39,750 [grpc-default-executor-6] INFO  impl.RoleInfo (RoleInfo.java:updateAndGet(143)) - 920a4478-64f4-4720-983c-9a2102f3c94b: start FollowerState
2019-10-17 07:38:39,750 [Thread-1393] INFO  impl.FollowerState (FollowerState.java:run(117)) - 920a4478-64f4-4720-983c-9a2102f3c94b@group-9DC5606B5DE8-FollowerState was interrupted: java.lang.InterruptedException: sleep interrupted
2019-10-17 07:38:39,781 [05f59524-a4ea-4be4-b99d-fb9eed47142d@group-9DC5606B5DE8-LeaderElection149] INFO  impl.LeaderElection (LeaderElection.java:logAndReturn(56)) - 05f59524-a4ea-4be4-b99d-fb9eed47142d@group-9DC5606B5DE8-LeaderElection149: Election REJECTED; received 2 response(s) [05f59524-a4ea-4be4-b99d-fb9eed47142d<-4b035f45-7941-40c3-ba2d-1cbecd2d369e#0:FAIL-t171, 05f59524-a4ea-4be4-b99d-fb9eed47142d<-920a4478-64f4-4720-983c-9a2102f3c94b#0:FAIL-t171] and 0 exception(s); 05f59524-a4ea-4be4-b99d-fb9eed47142d@group-9DC5606B5DE8:t171, leader=null, voted=05f59524-a4ea-4be4-b99d-fb9eed47142d, raftlog=05f59524-a4ea-4be4-b99d-fb9eed47142d@group-9DC5606B5DE8-SegmentedRaftLog:OPENED:c-1,f-1,i0, conf=-1: [05f59524-a4ea-4be4-b99d-fb9eed47142d:192.168.34.62:45919, 4b035f45-7941-40c3-ba2d-1cbecd2d369e:192.168.34.62:45443, 920a4478-64f4-4720-983c-9a2102f3c94b:192.168.34.62:38609], old=null
2019-10-17 07:38:39,781 [05f59524-a4ea-4be4-b99d-fb9eed47142d@group-9DC5606B5DE8-LeaderElection149] INFO  impl.RaftServerImpl (RaftServerImpl.java:setRole(184)) - 05f59524-a4ea-4be4-b99d-fb9eed47142d@group-9DC5606B5DE8: changes role from CANDIDATE to FOLLOWER at term 171 for DISCOVERED_A_NEW_TERM
2019-10-17 07:38:39,781 [05f59524-a4ea-4be4-b99d-fb9eed47142d@group-9DC5606B5DE8-LeaderElection149] INFO  impl.RoleInfo (RoleInfo.java:shutdownLeaderElection(134)) - 05f59524-a4ea-4be4-b99d-fb9eed47142d: shutdown LeaderElection
2019-10-17 07:38:39,781 [05f59524-a4ea-4be4-b99d-fb9eed47142d@group-9DC5606B5DE8-LeaderElection149] INFO  impl.RoleInfo (RoleInfo.java:updateAndGet(143)) - 05f59524-a4ea-4be4-b99d-fb9eed47142d: start FollowerState
2019-10-17 07:38:39,841 [Thread-1402] INFO  impl.FollowerState (FollowerState.java:run(108)) - 05f59524-a4ea-4be4-b99d-fb9eed47142d@group-9DC5606B5DE8-FollowerState: change to CANDIDATE, lastRpcTime:59ms, electionTimeout:59ms
2019-10-17 07:38:39,841 [Thread-1402] INFO  impl.RoleInfo (RoleInfo.java:shutdownFollowerState(121)) - 05f59524-a4ea-4be4-b99d-fb9eed47142d: shutdown FollowerState
2019-10-17 07:38:39,841 [Thread-1402] INFO  impl.RaftServerImpl (RaftServerImpl.java:setRole(184)) - 05f59524-a4ea-4be4-b99d-fb9eed47142d@group-9DC5606B5DE8: changes role from  FOLLOWER to CANDIDATE at term 171 for changeToCandidate
2019-10-17 07:38:39,842 [Thread-1402] INFO  impl.RoleInfo (RoleInfo.java:updateAndGet(143)) - 05f59524-a4ea-4be4-b99d-fb9eed47142d: start LeaderElection
2019-10-17 07:38:39,889 [05f59524-a4ea-4be4-b99d-fb9eed47142d@group-9DC5606B5DE8-LeaderElection150] INFO  impl.LeaderElection (LeaderElection.java:askForVotes(178)) - 05f59524-a4ea-4be4-b99d-fb9eed47142d@group-9DC5606B5DE8-LeaderElection150: begin an election at term 172 for -1: [05f59524-a4ea-4be4-b99d-fb9eed47142d:192.168.34.62:45919, 4b035f45-7941-40c3-ba2d-1cbecd2d369e:192.168.34.62:45443, 920a4478-64f4-4720-983c-9a2102f3c94b:192.168.34.62:38609], old=null
2019-10-17 07:38:39,892 [grpc-default-executor-5] INFO  impl.RaftServerImpl (RaftServerImpl.java:setRole(184)) - 4b035f45-7941-40c3-ba2d-1cbecd2d369e@group-9DC5606B5DE8: changes role from  FOLLOWER to FOLLOWER at term 172 for recognizeCandidate:05f59524-a4ea-4be4-b99d-fb9eed47142d
2019-10-17 07:38:39,892 [grpc-default-executor-5] INFO  impl.RoleInfo (RoleInfo.java:shutdownFollowerState(121)) - 4b035f45-7941-40c3-ba2d-1cbecd2d369e: shutdown FollowerState
2019-10-17 07:38:39,892 [grpc-default-executor-5] INFO  impl.RoleInfo (RoleInfo.java:updateAndGet(143)) - 4b035f45-7941-40c3-ba2d-1cbecd2d369e: start FollowerState
2019-10-17 07:38:39,892 [grpc-default-executor-6] INFO  impl.RaftServerImpl (RaftServerImpl.java:setRole(184)) - 920a4478-64f4-4720-983c-9a2102f3c94b@group-9DC5606B5DE8: changes role from  FOLLOWER to FOLLOWER at term 172 for recognizeCandidate:05f59524-a4ea-4be4-b99d-fb9eed47142d
2019-10-17 07:38:39,893 [grpc-default-executor-6] INFO  impl.RoleInfo (RoleInfo.java:shutdownFollowerState(121)) - 920a4478-64f4-4720-983c-9a2102f3c94b: shutdown FollowerState
2019-10-17 07:38:39,892 [Thread-1400] INFO  impl.FollowerState (FollowerState.java:run(117)) - 4b035f45-7941-40c3-ba2d-1cbecd2d369e@group-9DC5606B5DE8-FollowerState was interrupted: java.lang.InterruptedException: sleep interrupted
2019-10-17 07:38:39,893 [grpc-default-executor-6] INFO  impl.RoleInfo (RoleInfo.java:updateAndGet(143)) - 920a4478-64f4-4720-983c-9a2102f3c94b: start FollowerState
2019-10-17 07:38:39,893 [Thread-1401] INFO  impl.FollowerState (FollowerState.java:run(117)) - 920a4478-64f4-4720-983c-9a2102f3c94b@group-9DC5606B5DE8-FollowerState was interrupted: java.lang.InterruptedException: sleep interrupted
2019-10-17 07:38:39,939 [05f59524-a4ea-4be4-b99d-fb9eed47142d@group-9DC5606B5DE8-LeaderElection150] INFO  impl.LeaderElection (LeaderElection.java:logAndReturn(56)) - 05f59524-a4ea-4be4-b99d-fb9eed47142d@group-9DC5606B5DE8-LeaderElection150: Election REJECTED; received 2 response(s) [05f59524-a4ea-4be4-b99d-fb9eed47142d<-4b035f45-7941-40c3-ba2d-1cbecd2d369e#0:FAIL-t172, 05f59524-a4ea-4be4-b99d-fb9eed47142d<-920a4478-64f4-4720-983c-9a2102f3c94b#0:FAIL-t172] and 0 exception(s); 05f59524-a4ea-4be4-b99d-fb9eed47142d@group-9DC5606B5DE8:t172, leader=null, voted=05f59524-a4ea-4be4-b99d-fb9eed47142d, raftlog=05f59524-a4ea-4be4-b99d-fb9eed47142d@group-9DC5606B5DE8-SegmentedRaftLog:OPENED:c-1,f-1,i0, conf=-1: [05f59524-a4ea-4be4-b99d-fb9eed47142d:192.168.34.62:45919, 4b035f45-7941-40c3-ba2d-1cbecd2d369e:192.168.34.62:45443, 920a4478-64f4-4720-983c-9a2102f3c94b:192.168.34.62:38609], old=null
2019-10-17 07:38:39,940 [05f59524-a4ea-4be4-b99d-fb9eed47142d@group-9DC5606B5DE8-LeaderElection150] INFO  impl.RaftServerImpl (RaftServerImpl.java:setRole(184)) - 05f59524-a4ea-4be4-b99d-fb9eed47142d@group-9DC5606B5DE8: changes role from CANDIDATE to FOLLOWER at term 172 for DISCOVERED_A_NEW_TERM
2019-10-17 07:38:39,940 [05f59524-a4ea-4be4-b99d-fb9eed47142d@group-9DC5606B5DE8-LeaderElection150] INFO  impl.RoleInfo (RoleInfo.java:shutdownLeaderElection(134)) - 05f59524-a4ea-4be4-b99d-fb9eed47142d: shutdown LeaderElection
2019-10-17 07:38:39,940 [05f59524-a4ea-4be4-b99d-fb9eed47142d@group-9DC5606B5DE8-LeaderElection150] INFO  impl.RoleInfo (RoleInfo.java:updateAndGet(143)) - 05f59524-a4ea-4be4-b99d-fb9eed47142d: start FollowerState
2019-10-17 07:38:40,083 [Thread-1408] INFO  impl.FollowerState (FollowerState.java:run(108)) - 05f59524-a4ea-4be4-b99d-fb9eed47142d@group-9DC5606B5DE8-FollowerState: change to CANDIDATE, lastRpcTime:143ms, electionTimeout:143ms
2019-10-17 07:38:40,083 [Thread-1408] INFO  impl.RoleInfo (RoleInfo.java:shutdownFollowerState(121)) - 05f59524-a4ea-4be4-b99d-fb9eed47142d: shutdown FollowerState
2019-10-17 07:38:40,084 [Thread-1408] INFO  impl.RaftServerImpl (RaftServerImpl.java:setRole(184)) - 05f59524-a4ea-4be4-b99d-fb9eed47142d@group-9DC5606B5DE8: changes role from  FOLLOWER to CANDIDATE at term 172 for changeToCandidate
2019-10-17 07:38:40,084 [Thread-1408] INFO  impl.RoleInfo (RoleInfo.java:updateAndGet(143)) - 05f59524-a4ea-4be4-b99d-fb9eed47142d: start LeaderElection
2019-10-17 07:38:40,156 [05f59524-a4ea-4be4-b99d-fb9eed47142d@group-9DC5606B5DE8-LeaderElection151] INFO  impl.LeaderElection (LeaderElection.java:askForVotes(178)) - 05f59524-a4ea-4be4-b99d-fb9eed47142d@group-9DC5606B5DE8-LeaderElection151: begin an election at term 173 for -1: [05f59524-a4ea-4be4-b99d-fb9eed47142d:192.168.34.62:45919, 4b035f45-7941-40c3-ba2d-1cbecd2d369e:192.168.34.62:45443, 920a4478-64f4-4720-983c-9a2102f3c94b:192.168.34.62:38609], old=null
2019-10-17 07:38:40,159 [grpc-default-executor-5] INFO  impl.RaftServerImpl (RaftServerImpl.java:setRole(184)) - 4b035f45-7941-40c3-ba2d-1cbecd2d369e@group-9DC5606B5DE8: changes role from  FOLLOWER to FOLLOWER at term 173 for recognizeCandidate:05f59524-a4ea-4be4-b99d-fb9eed47142d
2019-10-17 07:38:40,159 [grpc-default-executor-6] INFO  impl.RaftServerImpl (RaftServerImpl.java:setRole(184)) - 920a4478-64f4-4720-983c-9a2102f3c94b@group-9DC5606B5DE8: changes role from  FOLLOWER to FOLLOWER at term 173 for recognizeCandidate:05f59524-a4ea-4be4-b99d-fb9eed47142d
2019-10-17 07:38:40,159 [grpc-default-executor-5] INFO  impl.RoleInfo (RoleInfo.java:shutdownFollowerState(121)) - 4b035f45-7941-40c3-ba2d-1cbecd2d369e: shutdown FollowerState
2019-10-17 07:38:40,160 [grpc-default-executor-6] INFO  impl.RoleInfo (RoleInfo.java:shutdownFollowerState(121)) - 920a4478-64f4-4720-983c-9a2102f3c94b: shutdown FollowerState
2019-10-17 07:38:40,160 [Thread-1406] INFO  impl.FollowerState (FollowerState.java:run(117)) - 4b035f45-7941-40c3-ba2d-1cbecd2d369e@group-9DC5606B5DE8-FollowerState was interrupted: java.lang.InterruptedException: sleep interrupted
2019-10-17 07:38:40,160 [grpc-default-executor-5] INFO  impl.RoleInfo (RoleInfo.java:updateAndGet(143)) - 4b035f45-7941-40c3-ba2d-1cbecd2d369e: start FollowerState
2019-10-17 07:38:40,160 [Thread-1407] INFO  impl.FollowerState (FollowerState.java:run(117)) - 920a4478-64f4-4720-983c-9a2102f3c94b@group-9DC5606B5DE8-FollowerState was interrupted: java.lang.InterruptedException: sleep interrupted
2019-10-17 07:38:40,160 [grpc-default-executor-6] INFO  impl.RoleInfo (RoleInfo.java:updateAndGet(143)) - 920a4478-64f4-4720-983c-9a2102f3c94b: start FollowerState
2019-10-17 07:38:40,197 [05f59524-a4ea-4be4-b99d-fb9eed47142d@group-9DC5606B5DE8-LeaderElection151] INFO  impl.LeaderElection (LeaderElection.java:logAndReturn(56)) - 05f59524-a4ea-4be4-b99d-fb9eed47142d@group-9DC5606B5DE8-LeaderElection151: Election REJECTED; received 2 response(s) [05f59524-a4ea-4be4-b99d-fb9eed47142d<-4b035f45-7941-40c3-ba2d-1cbecd2d369e#0:FAIL-t173, 05f59524-a4ea-4be4-b99d-fb9eed47142d<-920a4478-64f4-4720-983c-9a2102f3c94b#0:FAIL-t173] and 0 exception(s); 05f59524-a4ea-4be4-b99d-fb9eed47142d@group-9DC5606B5DE8:t173, leader=null, voted=05f59524-a4ea-4be4-b99d-fb9eed47142d, raftlog=05f59524-a4ea-4be4-b99d-fb9eed47142d@group-9DC5606B5DE8-SegmentedRaftLog:OPENED:c-1,f-1,i0, conf=-1: [05f59524-a4ea-4be4-b99d-fb9eed47142d:192.168.34.62:45919, 4b035f45-7941-40c3-ba2d-1cbecd2d369e:192.168.34.62:45443, 920a4478-64f4-4720-983c-9a2102f3c94b:192.168.34.62:38609], old=null
2019-10-17 07:38:40,197 [05f59524-a4ea-4be4-b99d-fb9eed47142d@group-9DC5606B5DE8-LeaderElection151] INFO  impl.RaftServerImpl (RaftServerImpl.java:setRole(184)) - 05f59524-a4ea-4be4-b99d-fb9eed47142d@group-9DC5606B5DE8: changes role from CANDIDATE to FOLLOWER at term 173 for DISCOVERED_A_NEW_TERM
2019-10-17 07:38:40,197 [05f59524-a4ea-4be4-b99d-fb9eed47142d@group-9DC5606B5DE8-LeaderElection151] INFO  impl.RoleInfo (RoleInfo.java:shutdownLeaderElection(134)) - 05f59524-a4ea-4be4-b99d-fb9eed47142d: shutdown LeaderElection
2019-10-17 07:38:40,198 [05f59524-a4ea-4be4-b99d-fb9eed47142d@group-9DC5606B5DE8-LeaderElection151] INFO  impl.RoleInfo (RoleInfo.java:updateAndGet(143)) - 05f59524-a4ea-4be4-b99d-fb9eed47142d: start FollowerState
2019-10-17 07:38:40,233 [Thread-1414] INFO  impl.FollowerState (FollowerState.java:run(108)) - 05f59524-a4ea-4be4-b99d-fb9eed47142d@group-9DC5606B5DE8-FollowerState: change to CANDIDATE, lastRpcTime:35ms, electionTimeout:35ms
2019-10-17 07:38:40,233 [Thread-1414] INFO  impl.RoleInfo (RoleInfo.java:shutdownFollowerState(121)) - 05f59524-a4ea-4be4-b99d-fb9eed47142d: shutdown FollowerState
2019-10-17 07:38:40,233 [Thread-1414] INFO  impl.RaftServerImpl (RaftServerImpl.java:setRole(184)) - 05f59524-a4ea-4be4-b99d-fb9eed47142d@group-9DC5606B5DE8: changes role from  FOLLOWER to CANDIDATE at term 173 for changeToCandidate
2019-10-17 07:38:40,234 [Thread-1414] INFO  impl.RoleInfo (RoleInfo.java:updateAndGet(143)) - 05f59524-a4ea-4be4-b99d-fb9eed47142d: start LeaderElection
2019-10-17 07:38:40,291 [05f59524-a4ea-4be4-b99d-fb9eed47142d@group-9DC5606B5DE8-LeaderElection152] INFO  impl.LeaderElection (LeaderElection.java:askForVotes(178)) - 05f59524-a4ea-4be4-b99d-fb9eed47142d@group-9DC5606B5DE8-LeaderElection152: begin an election at term 174 for -1: [05f59524-a4ea-4be4-b99d-fb9eed47142d:192.168.34.62:45919, 4b035f45-7941-40c3-ba2d-1cbecd2d369e:192.168.34.62:45443, 920a4478-64f4-4720-983c-9a2102f3c94b:192.168.34.62:38609], old=null
2019-10-17 07:38:40,294 [grpc-default-executor-5] INFO  impl.RaftServerImpl (RaftServerImpl.java:setRole(184)) - 4b035f45-7941-40c3-ba2d-1cbecd2d369e@group-9DC5606B5DE8: changes role from  FOLLOWER to FOLLOWER at term 174 for recognizeCandidate:05f59524-a4ea-4be4-b99d-fb9eed47142d
2019-10-17 07:38:40,294 [grpc-default-executor-5] INFO  impl.RoleInfo (RoleInfo.java:shutdownFollowerState(121)) - 4b035f45-7941-40c3-ba2d-1cbecd2d369e: shutdown FollowerState
2019-10-17 07:38:40,294 [grpc-default-executor-6] INFO  impl.RaftServerImpl (RaftServerImpl.java:setRole(184)) - 920a4478-64f4-4720-983c-9a2102f3c94b@group-9DC5606B5DE8: changes role from  FOLLOWER to FOLLOWER at term 174 for recognizeCandidate:05f59524-a4ea-4be4-b99d-fb9eed47142d
2019-10-17 07:38:40,294 [Thread-1412] INFO  impl.FollowerState (FollowerState.java:run(117)) - 4b035f45-7941-40c3-ba2d-1cbecd2d369e@group-9DC5606B5DE8-FollowerState was interrupted: java.lang.InterruptedException: sleep interrupted
2019-10-17 07:38:40,294 [grpc-default-executor-6] INFO  impl.RoleInfo (RoleInfo.java:shutdownFollowerState(121)) - 920a4478-64f4-4720-983c-9a2102f3c94b: shutdown FollowerState
2019-10-17 07:38:40,294 [grpc-default-executor-5] INFO  impl.RoleInfo (RoleInfo.java:updateAndGet(143)) - 4b035f45-7941-40c3-ba2d-1cbecd2d369e: start FollowerState
2019-10-17 07:38:40,295 [grpc-default-executor-6] INFO  impl.RoleInfo (RoleInfo.java:updateAndGet(143)) - 920a4478-64f4-4720-983c-9a2102f3c94b: start FollowerState
2019-10-17 07:38:40,295 [Thread-1413] INFO  impl.FollowerState (FollowerState.java:run(117)) - 920a4478-64f4-4720-983c-9a2102f3c94b@group-9DC5606B5DE8-FollowerState was interrupted: java.lang.InterruptedException: sleep interrupted
2019-10-17 07:38:40,334 [05f59524-a4ea-4be4-b99d-fb9eed47142d@group-9DC5606B5DE8-LeaderElection152] INFO  impl.LeaderElection (LeaderElection.java:logAndReturn(56)) - 05f59524-a4ea-4be4-b99d-fb9eed47142d@group-9DC5606B5DE8-LeaderElection152: Election REJECTED; received 2 response(s) [05f59524-a4ea-4be4-b99d-fb9eed47142d<-4b035f45-7941-40c3-ba2d-1cbecd2d369e#0:FAIL-t174, 05f59524-a4ea-4be4-b99d-fb9eed47142d<-920a4478-64f4-4720-983c-9a2102f3c94b#0:FAIL-t174] and 0 exception(s); 05f59524-a4ea-4be4-b99d-fb9eed47142d@group-9DC5606B5DE8:t174, leader=null, voted=05f59524-a4ea-4be4-b99d-fb9eed47142d, raftlog=05f59524-a4ea-4be4-b99d-fb9eed47142d@group-9DC5606B5DE8-SegmentedRaftLog:OPENED:c-1,f-1,i0, conf=-1: [05f59524-a4ea-4be4-b99d-fb9eed47142d:192.168.34.62:45919, 4b035f45-7941-40c3-ba2d-1cbecd2d369e:192.168.34.62:45443, 920a4478-64f4-4720-983c-9a2102f3c94b:192.168.34.62:38609], old=null
2019-10-17 07:38:40,334 [05f59524-a4ea-4be4-b99d-fb9eed47142d@group-9DC5606B5DE8-LeaderElection152] INFO  impl.RaftServerImpl (RaftServerImpl.java:setRole(184)) - 05f59524-a4ea-4be4-b99d-fb9eed47142d@group-9DC5606B5DE8: changes role from CANDIDATE to FOLLOWER at term 174 for DISCOVERED_A_NEW_TERM
2019-10-17 07:38:40,334 [05f59524-a4ea-4be4-b99d-fb9eed47142d@group-9DC5606B5DE8-LeaderElection152] INFO  impl.RoleInfo (RoleInfo.java:shutdownLeaderElection(134)) - 05f59524-a4ea-4be4-b99d-fb9eed47142d: shutdown LeaderElection
2019-10-17 07:38:40,335 [05f59524-a4ea-4be4-b99d-fb9eed47142d@group-9DC5606B5DE8-LeaderElection152] INFO  impl.RoleInfo (RoleInfo.java:updateAndGet(143)) - 05f59524-a4ea-4be4-b99d-fb9eed47142d: start FollowerState
2019-10-17 07:38:40,341 [Thread-1420] INFO  impl.FollowerState (FollowerState.java:run(108)) - 05f59524-a4ea-4be4-b99d-fb9eed47142d@group-9DC5606B5DE8-FollowerState: change to CANDIDATE, lastRpcTime:6ms, electionTimeout:6ms
2019-10-17 07:38:40,341 [Thread-1420] INFO  impl.RoleInfo (RoleInfo.java:shutdownFollowerState(121)) - 05f59524-a4ea-4be4-b99d-fb9eed47142d: shutdown FollowerState
2019-10-17 07:38:40,341 [Thread-1420] INFO  impl.RaftServerImpl (RaftServerImpl.java:setRole(184)) - 05f59524-a4ea-4be4-b99d-fb9eed47142d@group-9DC5606B5DE8: changes role from  FOLLOWER to CANDIDATE at term 174 for changeToCandidate
2019-10-17 07:38:40,342 [Thread-1420] INFO  impl.RoleInfo (RoleInfo.java:updateAndGet(143)) - 05f59524-a4ea-4be4-b99d-fb9eed47142d: start LeaderElection
2019-10-17 07:38:40,376 [05f59524-a4ea-4be4-b99d-fb9eed47142d@group-9DC5606B5DE8-LeaderElection153] INFO  impl.LeaderElection (LeaderElection.java:askForVotes(178)) - 05f59524-a4ea-4be4-b99d-fb9eed47142d@group-9DC5606B5DE8-LeaderElection153: begin an election at term 175 for -1: [05f59524-a4ea-4be4-b99d-fb9eed47142d:192.168.34.62:45919, 4b035f45-7941-40c3-ba2d-1cbecd2d369e:192.168.34.62:45443, 920a4478-64f4-4720-983c-9a2102f3c94b:192.168.34.62:38609], old=null
2019-10-17 07:38:40,379 [grpc-default-executor-6] INFO  impl.RaftServerImpl (RaftServerImpl.java:setRole(184)) - 4b035f45-7941-40c3-ba2d-1cbecd2d369e@group-9DC5606B5DE8: changes role from  FOLLOWER to FOLLOWER at term 175 for recognizeCandidate:05f59524-a4ea-4be4-b99d-fb9eed47142d
2019-10-17 07:38:40,379 [grpc-default-executor-6] INFO  impl.RoleInfo (RoleInfo.java:shutdownFollowerState(121)) - 4b035f45-7941-40c3-ba2d-1cbecd2d369e: shutdown FollowerState
2019-10-17 07:38:40,379 [grpc-default-executor-6] INFO  impl.RoleInfo (RoleInfo.java:updateAndGet(143)) - 4b035f45-7941-40c3-ba2d-1cbecd2d369e: start FollowerState
2019-10-17 07:38:40,379 [grpc-default-executor-5] INFO  impl.RaftServerImpl (RaftServerImpl.java:setRole(184)) - 920a4478-64f4-4720-983c-9a2102f3c94b@group-9DC5606B5DE8: changes role from  FOLLOWER to FOLLOWER at term 175 for recognizeCandidate:05f59524-a4ea-4be4-b99d-fb9eed47142d
2019-10-17 07:38:40,380 [grpc-default-executor-5] INFO  impl.RoleInfo (RoleInfo.java:shutdownFollowerState(121)) - 920a4478-64f4-4720-983c-9a2102f3c94b: shutdown FollowerState
2019-10-17 07:38:40,379 [Thread-1418] INFO  impl.FollowerState (FollowerState.java:run(117)) - 4b035f45-7941-40c3-ba2d-1cbecd2d369e@group-9DC5606B5DE8-FollowerState was interrupted: java.lang.InterruptedException: sleep interrupted
2019-10-17 07:38:40,380 [grpc-default-executor-5] INFO  impl.RoleInfo (RoleInfo.java:updateAndGet(143)) - 920a4478-64f4-4720-983c-9a2102f3c94b: start FollowerState
2019-10-17 07:38:40,380 [Thread-1419] INFO  impl.FollowerState (FollowerState.java:run(117)) - 920a4478-64f4-4720-983c-9a2102f3c94b@group-9DC5606B5DE8-FollowerState was interrupted: java.lang.InterruptedException: sleep interrupted
2019-10-17 07:38:40,392 [05f59524-a4ea-4be4-b99d-fb9eed47142d@group-9DC5606B5DE8-LeaderElection153] INFO  impl.LeaderElection (LeaderElection.java:logAndReturn(56)) - 05f59524-a4ea-4be4-b99d-fb9eed47142d@group-9DC5606B5DE8-LeaderElection153: Election TIMEOUT; received 0 response(s) [] and 0 exception(s); 05f59524-a4ea-4be4-b99d-fb9eed47142d@group-9DC5606B5DE8:t175, leader=null, voted=05f59524-a4ea-4be4-b99d-fb9eed47142d, raftlog=05f59524-a4ea-4be4-b99d-fb9eed47142d@group-9DC5606B5DE8-SegmentedRaftLog:OPENED:c-1,f-1,i0, conf=-1: [05f59524-a4ea-4be4-b99d-fb9eed47142d:192.168.34.62:45919, 4b035f45-7941-40c3-ba2d-1cbecd2d369e:192.168.34.62:45443, 920a4478-64f4-4720-983c-9a2102f3c94b:192.168.34.62:38609], old=null
2019-10-17 07:38:40,433 [05f59524-a4ea-4be4-b99d-fb9eed47142d@group-9DC5606B5DE8-LeaderElection153] INFO  impl.LeaderElection (LeaderElection.java:askForVotes(178)) - 05f59524-a4ea-4be4-b99d-fb9eed47142d@group-9DC5606B5DE8-LeaderElection153: begin an election at term 176 for -1: [05f59524-a4ea-4be4-b99d-fb9eed47142d:192.168.34.62:45919, 4b035f45-7941-40c3-ba2d-1cbecd2d369e:192.168.34.62:45443, 920a4478-64f4-4720-983c-9a2102f3c94b:192.168.34.62:38609], old=null
2019-10-17 07:38:40,436 [grpc-default-executor-5] INFO  impl.RaftServerImpl (RaftServerImpl.java:setRole(184)) - 4b035f45-7941-40c3-ba2d-1cbecd2d369e@group-9DC5606B5DE8: changes role from  FOLLOWER to FOLLOWER at term 176 for recognizeCandidate:05f59524-a4ea-4be4-b99d-fb9eed47142d
2019-10-17 07:38:40,436 [grpc-default-executor-6] INFO  impl.RaftServerImpl (RaftServerImpl.java:setRole(184)) - 920a4478-64f4-4720-983c-9a2102f3c94b@group-9DC5606B5DE8: changes role from  FOLLOWER to FOLLOWER at term 176 for recognizeCandidate:05f59524-a4ea-4be4-b99d-fb9eed47142d
2019-10-17 07:38:40,436 [grpc-default-executor-5] INFO  impl.RoleInfo (RoleInfo.java:shutdownFollowerState(121)) - 4b035f45-7941-40c3-ba2d-1cbecd2d369e: shutdown FollowerState
2019-10-17 07:38:40,436 [grpc-default-executor-6] INFO  impl.RoleInfo (RoleInfo.java:shutdownFollowerState(121)) - 920a4478-64f4-4720-983c-9a2102f3c94b: shutdown FollowerState
2019-10-17 07:38:40,437 [Thread-1424] INFO  impl.FollowerState (FollowerState.java:run(117)) - 4b035f45-7941-40c3-ba2d-1cbecd2d369e@group-9DC5606B5DE8-FollowerState was interrupted: java.lang.InterruptedException: sleep interrupted
2019-10-17 07:38:40,436 [grpc-default-executor-5] INFO  impl.RoleInfo (RoleInfo.java:updateAndGet(143)) - 4b035f45-7941-40c3-ba2d-1cbecd2d369e: start FollowerState
2019-10-17 07:38:40,437 [Thread-1425] INFO  impl.FollowerState (FollowerState.java:run(117)) - 920a4478-64f4-4720-983c-9a2102f3c94b@group-9DC5606B5DE8-FollowerState was interrupted: java.lang.InterruptedException: sleep interrupted
2019-10-17 07:38:40,437 [grpc-default-executor-6] INFO  impl.RoleInfo (RoleInfo.java:updateAndGet(143)) - 920a4478-64f4-4720-983c-9a2102f3c94b: start FollowerState
2019-10-17 07:38:40,474 [05f59524-a4ea-4be4-b99d-fb9eed47142d@group-9DC5606B5DE8-LeaderElection153] INFO  impl.LeaderElection (LeaderElection.java:logAndReturn(56)) - 05f59524-a4ea-4be4-b99d-fb9eed47142d@group-9DC5606B5DE8-LeaderElection153: Election REJECTED; received 2 response(s) [05f59524-a4ea-4be4-b99d-fb9eed47142d<-4b035f45-7941-40c3-ba2d-1cbecd2d369e#0:FAIL-t176, 05f59524-a4ea-4be4-b99d-fb9eed47142d<-920a4478-64f4-4720-983c-9a2102f3c94b#0:FAIL-t176] and 0 exception(s); 05f59524-a4ea-4be4-b99d-fb9eed47142d@group-9DC5606B5DE8:t176, leader=null, voted=05f59524-a4ea-4be4-b99d-fb9eed47142d, raftlog=05f59524-a4ea-4be4-b99d-fb9eed47142d@group-9DC5606B5DE8-SegmentedRaftLog:OPENED:c-1,f-1,i0, conf=-1: [05f59524-a4ea-4be4-b99d-fb9eed47142d:192.168.34.62:45919, 4b035f45-7941-40c3-ba2d-1cbecd2d369e:192.168.34.62:45443, 920a4478-64f4-4720-983c-9a2102f3c94b:192.168.34.62:38609], old=null
2019-10-17 07:38:40,475 [05f59524-a4ea-4be4-b99d-fb9eed47142d@group-9DC5606B5DE8-LeaderElection153] INFO  impl.RaftServerImpl (RaftServerImpl.java:setRole(184)) - 05f59524-a4ea-4be4-b99d-fb9eed47142d@group-9DC5606B5DE8: changes role from CANDIDATE to FOLLOWER at term 176 for DISCOVERED_A_NEW_TERM
2019-10-17 07:38:40,475 [05f59524-a4ea-4be4-b99d-fb9eed47142d@group-9DC5606B5DE8-LeaderElection153] INFO  impl.RoleInfo (RoleInfo.java:shutdownLeaderElection(134)) - 05f59524-a4ea-4be4-b99d-fb9eed47142d: shutdown LeaderElection
2019-10-17 07:38:40,475 [05f59524-a4ea-4be4-b99d-fb9eed47142d@group-9DC5606B5DE8-LeaderElection153] INFO  impl.RoleInfo (RoleInfo.java:updateAndGet(143)) - 05f59524-a4ea-4be4-b99d-fb9eed47142d: start FollowerState
2019-10-17 07:38:40,569 [Thread-1430] INFO  impl.FollowerState (FollowerState.java:run(108)) - 05f59524-a4ea-4be4-b99d-fb9eed47142d@group-9DC5606B5DE8-FollowerState: change to CANDIDATE, lastRpcTime:94ms, electionTimeout:94ms
2019-10-17 07:38:40,570 [Thread-1430] INFO  impl.RoleInfo (RoleInfo.java:shutdownFollowerState(121)) - 05f59524-a4ea-4be4-b99d-fb9eed47142d: shutdown FollowerState
2019-10-17 07:38:40,570 [Thread-1430] INFO  impl.RaftServerImpl (RaftServerImpl.java:setRole(184)) - 05f59524-a4ea-4be4-b99d-fb9eed47142d@group-9DC5606B5DE8: changes role from  FOLLOWER to CANDIDATE at term 176 for changeToCandidate
2019-10-17 07:38:40,570 [Thread-1430] INFO  impl.RoleInfo (RoleInfo.java:updateAndGet(143)) - 05f59524-a4ea-4be4-b99d-fb9eed47142d: start LeaderElection
2019-10-17 07:38:40,604 [05f59524-a4ea-4be4-b99d-fb9eed47142d@group-9DC5606B5DE8-LeaderElection154] INFO  impl.LeaderElection (LeaderElection.java:askForVotes(178)) - 05f59524-a4ea-4be4-b99d-fb9eed47142d@group-9DC5606B5DE8-LeaderElection154: begin an election at term 177 for -1: [05f59524-a4ea-4be4-b99d-fb9eed47142d:192.168.34.62:45919, 4b035f45-7941-40c3-ba2d-1cbecd2d369e:192.168.34.62:45443, 920a4478-64f4-4720-983c-9a2102f3c94b:192.168.34.62:38609], old=null
2019-10-17 07:38:40,607 [grpc-default-executor-5] INFO  impl.RaftServerImpl (RaftServerImpl.java:setRole(184)) - 4b035f45-7941-40c3-ba2d-1cbecd2d369e@group-9DC5606B5DE8: changes role from  FOLLOWER to FOLLOWER at term 177 for recognizeCandidate:05f59524-a4ea-4be4-b99d-fb9eed47142d
2019-10-17 07:38:40,607 [grpc-default-executor-5] INFO  impl.RoleInfo (RoleInfo.java:shutdownFollowerState(121)) - 4b035f45-7941-40c3-ba2d-1cbecd2d369e: shutdown FollowerState
2019-10-17 07:38:40,608 [grpc-default-executor-6] INFO  impl.RaftServerImpl (RaftServerImpl.java:setRole(184)) - 920a4478-64f4-4720-983c-9a2102f3c94b@group-9DC5606B5DE8: changes role from  FOLLOWER to FOLLOWER at term 177 for recognizeCandidate:05f59524-a4ea-4be4-b99d-fb9eed47142d
2019-10-17 07:38:40,608 [Thread-1428] INFO  impl.FollowerState (FollowerState.java:run(117)) - 4b035f45-7941-40c3-ba2d-1cbecd2d369e@group-9DC5606B5DE8-FollowerState was interrupted: java.lang.InterruptedException: sleep interrupted
2019-10-17 07:38:40,608 [grpc-default-executor-5] INFO  impl.RoleInfo (RoleInfo.java:updateAndGet(143)) - 4b035f45-7941-40c3-ba2d-1cbecd2d369e: start FollowerState
2019-10-17 07:38:40,608 [grpc-default-executor-6] INFO  impl.RoleInfo (RoleInfo.java:shutdownFollowerState(121)) - 920a4478-64f4-4720-983c-9a2102f3c94b: shutdown FollowerState
2019-10-17 07:38:40,608 [grpc-default-executor-6] INFO  impl.RoleInfo (RoleInfo.java:updateAndGet(143)) - 920a4478-64f4-4720-983c-9a2102f3c94b: start FollowerState
2019-10-17 07:38:40,608 [Thread-1429] INFO  impl.FollowerState (FollowerState.java:run(117)) - 920a4478-64f4-4720-983c-9a2102f3c94b@group-9DC5606B5DE8-FollowerState was interrupted: java.lang.InterruptedException: sleep interrupted
2019-10-17 07:38:40,639 [05f59524-a4ea-4be4-b99d-fb9eed47142d@group-9DC5606B5DE8-LeaderElection154] INFO  impl.LeaderElection (LeaderElection.java:logAndReturn(56)) - 05f59524-a4ea-4be4-b99d-fb9eed47142d@group-9DC5606B5DE8-LeaderElection154: Election REJECTED; received 2 response(s) [05f59524-a4ea-4be4-b99d-fb9eed47142d<-4b035f45-7941-40c3-ba2d-1cbecd2d369e#0:FAIL-t177, 05f59524-a4ea-4be4-b99d-fb9eed47142d<-920a4478-64f4-4720-983c-9a2102f3c94b#0:FAIL-t177] and 0 exception(s); 05f59524-a4ea-4be4-b99d-fb9eed47142d@group-9DC5606B5DE8:t177, leader=null, voted=05f59524-a4ea-4be4-b99d-fb9eed47142d, raftlog=05f59524-a4ea-4be4-b99d-fb9eed47142d@group-9DC5606B5DE8-SegmentedRaftLog:OPENED:c-1,f-1,i0, conf=-1: [05f59524-a4ea-4be4-b99d-fb9eed47142d:192.168.34.62:45919, 4b035f45-7941-40c3-ba2d-1cbecd2d369e:192.168.34.62:45443, 920a4478-64f4-4720-983c-9a2102f3c94b:192.168.34.62:38609], old=null
2019-10-17 07:38:40,640 [05f59524-a4ea-4be4-b99d-fb9eed47142d@group-9DC5606B5DE8-LeaderElection154] INFO  impl.RaftServerImpl (RaftServerImpl.java:setRole(184)) - 05f59524-a4ea-4be4-b99d-fb9eed47142d@group-9DC5606B5DE8: changes role from CANDIDATE to FOLLOWER at term 177 for DISCOVERED_A_NEW_TERM
2019-10-17 07:38:40,640 [05f59524-a4ea-4be4-b99d-fb9eed47142d@group-9DC5606B5DE8-LeaderElection154] INFO  impl.RoleInfo (RoleInfo.java:shutdownLeaderElection(134)) - 05f59524-a4ea-4be4-b99d-fb9eed47142d: shutdown LeaderElection
2019-10-17 07:38:40,640 [05f59524-a4ea-4be4-b99d-fb9eed47142d@group-9DC5606B5DE8-LeaderElection154] INFO  impl.RoleInfo (RoleInfo.java:updateAndGet(143)) - 05f59524-a4ea-4be4-b99d-fb9eed47142d: start FollowerState
2019-10-17 07:38:40,735 [Thread-1436] INFO  impl.FollowerState (FollowerState.java:run(108)) - 05f59524-a4ea-4be4-b99d-fb9eed47142d@group-9DC5606B5DE8-FollowerState: change to CANDIDATE, lastRpcTime:95ms, electionTimeout:95ms
2019-10-17 07:38:40,736 [Thread-1436] INFO  impl.RoleInfo (RoleInfo.java:shutdownFollowerState(121)) - 05f59524-a4ea-4be4-b99d-fb9eed47142d: shutdown FollowerState
2019-10-17 07:38:40,736 [Thread-1436] INFO  impl.RaftServerImpl (RaftServerImpl.java:setRole(184)) - 05f59524-a4ea-4be4-b99d-fb9eed47142d@group-9DC5606B5DE8: changes role from  FOLLOWER to CANDIDATE at term 177 for changeToCandidate
2019-10-17 07:38:40,736 [Thread-1436] INFO  impl.RoleInfo (RoleInfo.java:updateAndGet(143)) - 05f59524-a4ea-4be4-b99d-fb9eed47142d: start LeaderElection
2019-10-17 07:38:40,780 [05f59524-a4ea-4be4-b99d-fb9eed47142d@group-9DC5606B5DE8-LeaderElection155] INFO  impl.LeaderElection (LeaderElection.java:askForVotes(178)) - 05f59524-a4ea-4be4-b99d-fb9eed47142d@group-9DC5606B5DE8-LeaderElection155: begin an election at term 178 for -1: [05f59524-a4ea-4be4-b99d-fb9eed47142d:192.168.34.62:45919, 4b035f45-7941-40c3-ba2d-1cbecd2d369e:192.168.34.62:45443, 920a4478-64f4-4720-983c-9a2102f3c94b:192.168.34.62:38609], old=null
2019-10-17 07:38:40,783 [grpc-default-executor-5] INFO  impl.RaftServerImpl (RaftServerImpl.java:setRole(184)) - 4b035f45-7941-40c3-ba2d-1cbecd2d369e@group-9DC5606B5DE8: changes role from  FOLLOWER to FOLLOWER at term 178 for recognizeCandidate:05f59524-a4ea-4be4-b99d-fb9eed47142d
2019-10-17 07:38:40,784 [grpc-default-executor-6] INFO  impl.RaftServerImpl (RaftServerImpl.java:setRole(184)) - 920a4478-64f4-4720-983c-9a2102f3c94b@group-9DC5606B5DE8: changes role from  FOLLOWER to FOLLOWER at term 178 for recognizeCandidate:05f59524-a4ea-4be4-b99d-fb9eed47142d
2019-10-17 07:38:40,784 [grpc-default-executor-5] INFO  impl.RoleInfo (RoleInfo.java:shutdownFollowerState(121)) - 4b035f45-7941-40c3-ba2d-1cbecd2d369e: shutdown FollowerState
2019-10-17 07:38:40,784 [grpc-default-executor-6] INFO  impl.RoleInfo (RoleInfo.java:shutdownFollowerState(121)) - 920a4478-64f4-4720-983c-9a2102f3c94b: shutdown FollowerState
2019-10-17 07:38:40,784 [Thread-1434] INFO  impl.FollowerState (FollowerState.java:run(117)) - 4b035f45-7941-40c3-ba2d-1cbecd2d369e@group-9DC5606B5DE8-FollowerState was interrupted: java.lang.InterruptedException: sleep interrupted
2019-10-17 07:38:40,784 [grpc-default-executor-5] INFO  impl.RoleInfo (RoleInfo.java:updateAndGet(143)) - 4b035f45-7941-40c3-ba2d-1cbecd2d369e: start FollowerState
2019-10-17 07:38:40,784 [Thread-1435] INFO  impl.FollowerState (FollowerState.java:run(117)) - 920a4478-64f4-4720-983c-9a2102f3c94b@group-9DC5606B5DE8-FollowerState was interrupted: java.lang.InterruptedException: sleep interrupted
2019-10-17 07:38:40,784 [grpc-default-executor-6] INFO  impl.RoleInfo (RoleInfo.java:updateAndGet(143)) - 920a4478-64f4-4720-983c-9a2102f3c94b: start FollowerState
2019-10-17 07:38:40,820 [05f59524-a4ea-4be4-b99d-fb9eed47142d@group-9DC5606B5DE8-LeaderElection155] INFO  impl.LeaderElection (LeaderElection.java:logAndReturn(56)) - 05f59524-a4ea-4be4-b99d-fb9eed47142d@group-9DC5606B5DE8-LeaderElection155: Election TIMEOUT; received 0 response(s) [] and 0 exception(s); 05f59524-a4ea-4be4-b99d-fb9eed47142d@group-9DC5606B5DE8:t178, leader=null, voted=05f59524-a4ea-4be4-b99d-fb9eed47142d, raftlog=05f59524-a4ea-4be4-b99d-fb9eed47142d@group-9DC5606B5DE8-SegmentedRaftLog:OPENED:c-1,f-1,i0, conf=-1: [05f59524-a4ea-4be4-b99d-fb9eed47142d:192.168.34.62:45919, 4b035f45-7941-40c3-ba2d-1cbecd2d369e:192.168.34.62:45443, 920a4478-64f4-4720-983c-9a2102f3c94b:192.168.34.62:38609], old=null
2019-10-17 07:38:40,855 [05f59524-a4ea-4be4-b99d-fb9eed47142d@group-9DC5606B5DE8-LeaderElection155] INFO  impl.LeaderElection (LeaderElection.java:askForVotes(178)) - 05f59524-a4ea-4be4-b99d-fb9eed47142d@group-9DC5606B5DE8-LeaderElection155: begin an election at term 179 for -1: [05f59524-a4ea-4be4-b99d-fb9eed47142d:192.168.34.62:45919, 4b035f45-7941-40c3-ba2d-1cbecd2d369e:192.168.34.62:45443, 920a4478-64f4-4720-983c-9a2102f3c94b:192.168.34.62:38609], old=null
2019-10-17 07:38:40,858 [grpc-default-executor-6] INFO  impl.RaftServerImpl (RaftServerImpl.java:setRole(184)) - 4b035f45-7941-40c3-ba2d-1cbecd2d369e@group-9DC5606B5DE8: changes role from  FOLLOWER to FOLLOWER at term 179 for recognizeCandidate:05f59524-a4ea-4be4-b99d-fb9eed47142d
2019-10-17 07:38:40,858 [grpc-default-executor-6] INFO  impl.RoleInfo (RoleInfo.java:shutdownFollowerState(121)) - 4b035f45-7941-40c3-ba2d-1cbecd2d369e: shutdown FollowerState
2019-10-17 07:38:40,858 [grpc-default-executor-5] INFO  impl.RaftServerImpl (RaftServerImpl.java:setRole(184)) - 920a4478-64f4-4720-983c-9a2102f3c94b@group-9DC5606B5DE8: changes role from  FOLLOWER to FOLLOWER at term 179 for recognizeCandidate:05f59524-a4ea-4be4-b99d-fb9eed47142d
2019-10-17 07:38:40,859 [grpc-default-executor-5] INFO  impl.RoleInfo (RoleInfo.java:shutdownFollowerState(121)) - 920a4478-64f4-4720-983c-9a2102f3c94b: shutdown FollowerState
2019-10-17 07:38:40,859 [Thread-1440] INFO  impl.FollowerState (FollowerState.java:run(117)) - 4b035f45-7941-40c3-ba2d-1cbecd2d369e@group-9DC5606B5DE8-FollowerState was interrupted: java.lang.InterruptedException: sleep interrupted
2019-10-17 07:38:40,858 [grpc-default-executor-6] INFO  impl.RoleInfo (RoleInfo.java:updateAndGet(143)) - 4b035f45-7941-40c3-ba2d-1cbecd2d369e: start FollowerState
2019-10-17 07:38:40,859 [Thread-1441] INFO  impl.FollowerState (FollowerState.java:run(117)) - 920a4478-64f4-4720-983c-9a2102f3c94b@group-9DC5606B5DE8-FollowerState was interrupted: java.lang.InterruptedException: sleep interrupted
2019-10-17 07:38:40,859 [grpc-default-executor-5] INFO  impl.RoleInfo (RoleInfo.java:updateAndGet(143)) - 920a4478-64f4-4720-983c-9a2102f3c94b: start FollowerState
2019-10-17 07:38:40,873 [05f59524-a4ea-4be4-b99d-fb9eed47142d@group-9DC5606B5DE8-LeaderElection155] INFO  impl.LeaderElection (LeaderElection.java:logAndReturn(56)) - 05f59524-a4ea-4be4-b99d-fb9eed47142d@group-9DC5606B5DE8-LeaderElection155: Election REJECTED; received 2 response(s) [05f59524-a4ea-4be4-b99d-fb9eed47142d<-4b035f45-7941-40c3-ba2d-1cbecd2d369e#0:FAIL-t179, 05f59524-a4ea-4be4-b99d-fb9eed47142d<-920a4478-64f4-4720-983c-9a2102f3c94b#0:FAIL-t179] and 0 exception(s); 05f59524-a4ea-4be4-b99d-fb9eed47142d@group-9DC5606B5DE8:t179, leader=null, voted=05f59524-a4ea-4be4-b99d-fb9eed47142d, raftlog=05f59524-a4ea-4be4-b99d-fb9eed47142d@group-9DC5606B5DE8-SegmentedRaftLog:OPENED:c-1,f-1,i0, conf=-1: [05f59524-a4ea-4be4-b99d-fb9eed47142d:192.168.34.62:45919, 4b035f45-7941-40c3-ba2d-1cbecd2d369e:192.168.34.62:45443, 920a4478-64f4-4720-983c-9a2102f3c94b:192.168.34.62:38609], old=null
2019-10-17 07:38:40,873 [05f59524-a4ea-4be4-b99d-fb9eed47142d@group-9DC5606B5DE8-LeaderElection155] INFO  impl.RaftServerImpl (RaftServerImpl.java:setRole(184)) - 05f59524-a4ea-4be4-b99d-fb9eed47142d@group-9DC5606B5DE8: changes role from CANDIDATE to FOLLOWER at term 179 for DISCOVERED_A_NEW_TERM
2019-10-17 07:38:40,874 [05f59524-a4ea-4be4-b99d-fb9eed47142d@group-9DC5606B5DE8-LeaderElection155] INFO  impl.RoleInfo (RoleInfo.java:shutdownLeaderElection(134)) - 05f59524-a4ea-4be4-b99d-fb9eed47142d: shutdown LeaderElection
2019-10-17 07:38:40,874 [05f59524-a4ea-4be4-b99d-fb9eed47142d@group-9DC5606B5DE8-LeaderElection155] INFO  impl.RoleInfo (RoleInfo.java:updateAndGet(143)) - 05f59524-a4ea-4be4-b99d-fb9eed47142d: start FollowerState
2019-10-17 07:38:40,977 [Thread-1446] INFO  impl.FollowerState (FollowerState.java:run(108)) - 05f59524-a4ea-4be4-b99d-fb9eed47142d@group-9DC5606B5DE8-FollowerState: change to CANDIDATE, lastRpcTime:103ms, electionTimeout:103ms
2019-10-17 07:38:40,978 [Thread-1446] INFO  impl.RoleInfo (RoleInfo.java:shutdownFollowerState(121)) - 05f59524-a4ea-4be4-b99d-fb9eed47142d: shutdown FollowerState
2019-10-17 07:38:40,978 [Thread-1446] INFO  impl.RaftServerImpl (RaftServerImpl.java:setRole(184)) - 05f59524-a4ea-4be4-b99d-fb9eed47142d@group-9DC5606B5DE8: changes role from  FOLLOWER to CANDIDATE at term 179 for changeToCandidate
2019-10-17 07:38:40,978 [Thread-1446] INFO  impl.RoleInfo (RoleInfo.java:updateAndGet(143)) - 05f59524-a4ea-4be4-b99d-fb9eed47142d: start LeaderElection
2019-10-17 07:38:41,012 [05f59524-a4ea-4be4-b99d-fb9eed47142d@group-9DC5606B5DE8-LeaderElection156] INFO  impl.LeaderElection (LeaderElection.java:askForVotes(178)) - 05f59524-a4ea-4be4-b99d-fb9eed47142d@group-9DC5606B5DE8-LeaderElection156: begin an election at term 180 for -1: [05f59524-a4ea-4be4-b99d-fb9eed47142d:192.168.34.62:45919, 4b035f45-7941-40c3-ba2d-1cbecd2d369e:192.168.34.62:45443, 920a4478-64f4-4720-983c-9a2102f3c94b:192.168.34.62:38609], old=null
2019-10-17 07:38:41,015 [grpc-default-executor-6] INFO  impl.RaftServerImpl (RaftServerImpl.java:setRole(184)) - 920a4478-64f4-4720-983c-9a2102f3c94b@group-9DC5606B5DE8: changes role from  FOLLOWER to FOLLOWER at term 180 for recognizeCandidate:05f59524-a4ea-4be4-b99d-fb9eed47142d
2019-10-17 07:38:41,015 [grpc-default-executor-5] INFO  impl.RaftServerImpl (RaftServerImpl.java:setRole(184)) - 4b035f45-7941-40c3-ba2d-1cbecd2d369e@group-9DC5606B5DE8: changes role from  FOLLOWER to FOLLOWER at term 180 for recognizeCandidate:05f59524-a4ea-4be4-b99d-fb9eed47142d
2019-10-17 07:38:41,016 [grpc-default-executor-6] INFO  impl.RoleInfo (RoleInfo.java:shutdownFollowerState(121)) - 920a4478-64f4-4720-983c-9a2102f3c94b: shutdown FollowerState
2019-10-17 07:38:41,016 [grpc-default-executor-5] INFO  impl.RoleInfo (RoleInfo.java:shutdownFollowerState(121)) - 4b035f45-7941-40c3-ba2d-1cbecd2d369e: shutdown FollowerState
2019-10-17 07:38:41,016 [Thread-1445] INFO  impl.FollowerState (FollowerState.java:run(117)) - 920a4478-64f4-4720-983c-9a2102f3c94b@group-9DC5606B5DE8-FollowerState was interrupted: java.lang.InterruptedException: sleep interrupted
2019-10-17 07:38:41,016 [grpc-default-executor-6] INFO  impl.RoleInfo (RoleInfo.java:updateAndGet(143)) - 920a4478-64f4-4720-983c-9a2102f3c94b: start FollowerState
2019-10-17 07:38:41,016 [Thread-1444] INFO  impl.FollowerState (FollowerState.java:run(117)) - 4b035f45-7941-40c3-ba2d-1cbecd2d369e@group-9DC5606B5DE8-FollowerState was interrupted: java.lang.InterruptedException: sleep interrupted
2019-10-17 07:38:41,016 [grpc-default-executor-5] INFO  impl.RoleInfo (RoleInfo.java:updateAndGet(143)) - 4b035f45-7941-40c3-ba2d-1cbecd2d369e: start FollowerState
2019-10-17 07:38:41,019 [05f59524-a4ea-4be4-b99d-fb9eed47142d@group-9DC5606B5DE8-LeaderElection156] INFO  impl.LeaderElection (LeaderElection.java:logAndReturn(56)) - 05f59524-a4ea-4be4-b99d-fb9eed47142d@group-9DC5606B5DE8-LeaderElection156: Election TIMEOUT; received 0 response(s) [] and 0 exception(s); 05f59524-a4ea-4be4-b99d-fb9eed47142d@group-9DC5606B5DE8:t180, leader=null, voted=05f59524-a4ea-4be4-b99d-fb9eed47142d, raftlog=05f59524-a4ea-4be4-b99d-fb9eed47142d@group-9DC5606B5DE8-SegmentedRaftLog:OPENED:c-1,f-1,i0, conf=-1: [05f59524-a4ea-4be4-b99d-fb9eed47142d:192.168.34.62:45919, 4b035f45-7941-40c3-ba2d-1cbecd2d369e:192.168.34.62:45443, 920a4478-64f4-4720-983c-9a2102f3c94b:192.168.34.62:38609], old=null
2019-10-17 07:38:41,052 [05f59524-a4ea-4be4-b99d-fb9eed47142d@group-9DC5606B5DE8-LeaderElection156] INFO  impl.LeaderElection (LeaderElection.java:askForVotes(178)) - 05f59524-a4ea-4be4-b99d-fb9eed47142d@group-9DC5606B5DE8-LeaderElection156: begin an election at term 181 for -1: [05f59524-a4ea-4be4-b99d-fb9eed47142d:192.168.34.62:45919, 4b035f45-7941-40c3-ba2d-1cbecd2d369e:192.168.34.62:45443, 920a4478-64f4-4720-983c-9a2102f3c94b:192.168.34.62:38609], old=null
2019-10-17 07:38:41,055 [grpc-default-executor-6] INFO  impl.RaftServerImpl (RaftServerImpl.java:setRole(184)) - 4b035f45-7941-40c3-ba2d-1cbecd2d369e@group-9DC5606B5DE8: changes role from  FOLLOWER to FOLLOWER at term 181 for recognizeCandidate:05f59524-a4ea-4be4-b99d-fb9eed47142d
2019-10-17 07:38:41,055 [grpc-default-executor-6] INFO  impl.RoleInfo (RoleInfo.java:shutdownFollowerState(121)) - 4b035f45-7941-40c3-ba2d-1cbecd2d369e: shutdown FollowerState
2019-10-17 07:38:41,055 [grpc-default-executor-6] INFO  impl.RoleInfo (RoleInfo.java:updateAndGet(143)) - 4b035f45-7941-40c3-ba2d-1cbecd2d369e: start FollowerState
2019-10-17 07:38:41,055 [Thread-1451] INFO  impl.FollowerState (FollowerState.java:run(117)) - 4b035f45-7941-40c3-ba2d-1cbecd2d369e@group-9DC5606B5DE8-FollowerState was interrupted: java.lang.InterruptedException: sleep interrupted
2019-10-17 07:38:41,055 [grpc-default-executor-5] INFO  impl.RaftServerImpl (RaftServerImpl.java:setRole(184)) - 920a4478-64f4-4720-983c-9a2102f3c94b@group-9DC5606B5DE8: changes role from  FOLLOWER to FOLLOWER at term 181 for recognizeCandidate:05f59524-a4ea-4be4-b99d-fb9eed47142d
2019-10-17 07:38:41,056 [grpc-default-executor-5] INFO  impl.RoleInfo (RoleInfo.java:shutdownFollowerState(121)) - 920a4478-64f4-4720-983c-9a2102f3c94b: shutdown FollowerState
2019-10-17 07:38:41,056 [grpc-default-executor-5] INFO  impl.RoleInfo (RoleInfo.java:updateAndGet(143)) - 920a4478-64f4-4720-983c-9a2102f3c94b: start FollowerState
2019-10-17 07:38:41,056 [Thread-1450] INFO  impl.FollowerState (FollowerState.java:run(117)) - 920a4478-64f4-4720-983c-9a2102f3c94b@group-9DC5606B5DE8-FollowerState was interrupted: java.lang.InterruptedException: sleep interrupted
2019-10-17 07:38:41,089 [05f59524-a4ea-4be4-b99d-fb9eed47142d@group-9DC5606B5DE8-LeaderElection156] INFO  impl.LeaderElection (LeaderElection.java:logAndReturn(56)) - 05f59524-a4ea-4be4-b99d-fb9eed47142d@group-9DC5606B5DE8-LeaderElection156: Election REJECTED; received 2 response(s) [05f59524-a4ea-4be4-b99d-fb9eed47142d<-4b035f45-7941-40c3-ba2d-1cbecd2d369e#0:FAIL-t181, 05f59524-a4ea-4be4-b99d-fb9eed47142d<-920a4478-64f4-4720-983c-9a2102f3c94b#0:FAIL-t181] and 0 exception(s); 05f59524-a4ea-4be4-b99d-fb9eed47142d@group-9DC5606B5DE8:t181, leader=null, voted=05f59524-a4ea-4be4-b99d-fb9eed47142d, raftlog=05f59524-a4ea-4be4-b99d-fb9eed47142d@group-9DC5606B5DE8-SegmentedRaftLog:OPENED:c-1,f-1,i0, conf=-1: [05f59524-a4ea-4be4-b99d-fb9eed47142d:192.168.34.62:45919, 4b035f45-7941-40c3-ba2d-1cbecd2d369e:192.168.34.62:45443, 920a4478-64f4-4720-983c-9a2102f3c94b:192.168.34.62:38609], old=null
2019-10-17 07:38:41,090 [05f59524-a4ea-4be4-b99d-fb9eed47142d@group-9DC5606B5DE8-LeaderElection156] INFO  impl.RaftServerImpl (RaftServerImpl.java:setRole(184)) - 05f59524-a4ea-4be4-b99d-fb9eed47142d@group-9DC5606B5DE8: changes role from CANDIDATE to FOLLOWER at term 181 for DISCOVERED_A_NEW_TERM
2019-10-17 07:38:41,090 [05f59524-a4ea-4be4-b99d-fb9eed47142d@group-9DC5606B5DE8-LeaderElection156] INFO  impl.RoleInfo (RoleInfo.java:shutdownLeaderElection(134)) - 05f59524-a4ea-4be4-b99d-fb9eed47142d: shutdown LeaderElection
2019-10-17 07:38:41,090 [05f59524-a4ea-4be4-b99d-fb9eed47142d@group-9DC5606B5DE8-LeaderElection156] INFO  impl.RoleInfo (RoleInfo.java:updateAndGet(143)) - 05f59524-a4ea-4be4-b99d-fb9eed47142d: start FollowerState
2019-10-17 07:38:41,179 [Thread-1456] INFO  impl.FollowerState (FollowerState.java:run(108)) - 05f59524-a4ea-4be4-b99d-fb9eed47142d@group-9DC5606B5DE8-FollowerState: change to CANDIDATE, lastRpcTime:89ms, electionTimeout:89ms
2019-10-17 07:38:41,180 [Thread-1456] INFO  impl.RoleInfo (RoleInfo.java:shutdownFollowerState(121)) - 05f59524-a4ea-4be4-b99d-fb9eed47142d: shutdown FollowerState
2019-10-17 07:38:41,180 [Thread-1456] INFO  impl.RaftServerImpl (RaftServerImpl.java:setRole(184)) - 05f59524-a4ea-4be4-b99d-fb9eed47142d@group-9DC5606B5DE8: changes role from  FOLLOWER to CANDIDATE at term 181 for changeToCandidate
2019-10-17 07:38:41,180 [Thread-1456] INFO  impl.RoleInfo (RoleInfo.java:updateAndGet(143)) - 05f59524-a4ea-4be4-b99d-fb9eed47142d: start LeaderElection
2019-10-17 07:38:41,242 [05f59524-a4ea-4be4-b99d-fb9eed47142d@group-9DC5606B5DE8-LeaderElection157] INFO  impl.LeaderElection (LeaderElection.java:askForVotes(178)) - 05f59524-a4ea-4be4-b99d-fb9eed47142d@group-9DC5606B5DE8-LeaderElection157: begin an election at term 182 for -1: [05f59524-a4ea-4be4-b99d-fb9eed47142d:192.168.34.62:45919, 4b035f45-7941-40c3-ba2d-1cbecd2d369e:192.168.34.62:45443, 920a4478-64f4-4720-983c-9a2102f3c94b:192.168.34.62:38609], old=null
2019-10-17 07:38:41,245 [grpc-default-executor-5] INFO  impl.RaftServerImpl (RaftServerImpl.java:setRole(184)) - 4b035f45-7941-40c3-ba2d-1cbecd2d369e@group-9DC5606B5DE8: changes role from  FOLLOWER to FOLLOWER at term 182 for recognizeCandidate:05f59524-a4ea-4be4-b99d-fb9eed47142d
2019-10-17 07:38:41,245 [grpc-default-executor-5] INFO  impl.RoleInfo (RoleInfo.java:shutdownFollowerState(121)) - 4b035f45-7941-40c3-ba2d-1cbecd2d369e: shutdown FollowerState
2019-10-17 07:38:41,246 [grpc-default-executor-6] INFO  impl.RaftServerImpl (RaftServerImpl.java:setRole(184)) - 920a4478-64f4-4720-983c-9a2102f3c94b@group-9DC5606B5DE8: changes role from  FOLLOWER to FOLLOWER at term 182 for recognizeCandidate:05f59524-a4ea-4be4-b99d-fb9eed47142d
2019-10-17 07:38:41,246 [Thread-1454] INFO  impl.FollowerState (FollowerState.java:run(117)) - 4b035f45-7941-40c3-ba2d-1cbecd2d369e@group-9DC5606B5DE8-FollowerState was interrupted: java.lang.InterruptedException: sleep interrupted
2019-10-17 07:38:41,246 [grpc-default-executor-6] INFO  impl.RoleInfo (RoleInfo.java:shutdownFollowerState(121)) - 920a4478-64f4-4720-983c-9a2102f3c94b: shutdown FollowerState
2019-10-17 07:38:41,246 [grpc-default-executor-5] INFO  impl.RoleInfo (RoleInfo.java:updateAndGet(143)) - 4b035f45-7941-40c3-ba2d-1cbecd2d369e: start FollowerState
2019-10-17 07:38:41,246 [Thread-1455] INFO  impl.FollowerState (FollowerState.java:run(117)) - 920a4478-64f4-4720-983c-9a2102f3c94b@group-9DC5606B5DE8-FollowerState was interrupted: java.lang.InterruptedException: sleep interrupted
2019-10-17 07:38:41,246 [grpc-default-executor-6] INFO  impl.RoleInfo (RoleInfo.java:updateAndGet(143)) - 920a4478-64f4-4720-983c-9a2102f3c94b: start FollowerState
2019-10-17 07:38:41,274 [05f59524-a4ea-4be4-b99d-fb9eed47142d@group-9DC5606B5DE8-LeaderElection157] INFO  impl.LeaderElection (LeaderElection.java:logAndReturn(56)) - 05f59524-a4ea-4be4-b99d-fb9eed47142d@group-9DC5606B5DE8-LeaderElection157: Election REJECTED; received 2 response(s) [05f59524-a4ea-4be4-b99d-fb9eed47142d<-4b035f45-7941-40c3-ba2d-1cbecd2d369e#0:FAIL-t182, 05f59524-a4ea-4be4-b99d-fb9eed47142d<-920a4478-64f4-4720-983c-9a2102f3c94b#0:FAIL-t182] and 0 exception(s); 05f59524-a4ea-4be4-b99d-fb9eed47142d@group-9DC5606B5DE8:t182, leader=null, voted=05f59524-a4ea-4be4-b99d-fb9eed47142d, raftlog=05f59524-a4ea-4be4-b99d-fb9eed47142d@group-9DC5606B5DE8-SegmentedRaftLog:OPENED:c-1,f-1,i0, conf=-1: [05f59524-a4ea-4be4-b99d-fb9eed47142d:192.168.34.62:45919, 4b035f45-7941-40c3-ba2d-1cbecd2d369e:192.168.34.62:45443, 920a4478-64f4-4720-983c-9a2102f3c94b:192.168.34.62:38609], old=null
2019-10-17 07:38:41,274 [05f59524-a4ea-4be4-b99d-fb9eed47142d@group-9DC5606B5DE8-LeaderElection157] INFO  impl.RaftServerImpl (RaftServerImpl.java:setRole(184)) - 05f59524-a4ea-4be4-b99d-fb9eed47142d@group-9DC5606B5DE8: changes role from CANDIDATE to FOLLOWER at term 182 for DISCOVERED_A_NEW_TERM
2019-10-17 07:38:41,274 [05f59524-a4ea-4be4-b99d-fb9eed47142d@group-9DC5606B5DE8-LeaderElection157] INFO  impl.RoleInfo (RoleInfo.java:shutdownLeaderElection(134)) - 05f59524-a4ea-4be4-b99d-fb9eed47142d: shutdown LeaderElection
2019-10-17 07:38:41,275 [05f59524-a4ea-4be4-b99d-fb9eed47142d@group-9DC5606B5DE8-LeaderElection157] INFO  impl.RoleInfo (RoleInfo.java:updateAndGet(143)) - 05f59524-a4ea-4be4-b99d-fb9eed47142d: start FollowerState
2019-10-17 07:38:41,277 [Thread-1462] INFO  impl.FollowerState (FollowerState.java:run(108)) - 05f59524-a4ea-4be4-b99d-fb9eed47142d@group-9DC5606B5DE8-FollowerState: change to CANDIDATE, lastRpcTime:2ms, electionTimeout:2ms
2019-10-17 07:38:41,277 [Thread-1462] INFO  impl.RoleInfo (RoleInfo.java:shutdownFollowerState(121)) - 05f59524-a4ea-4be4-b99d-fb9eed47142d: shutdown FollowerState
2019-10-17 07:38:41,277 [Thread-1462] INFO  impl.RaftServerImpl (RaftServerImpl.java:setRole(184)) - 05f59524-a4ea-4be4-b99d-fb9eed47142d@group-9DC5606B5DE8: changes role from  FOLLOWER to CANDIDATE at term 182 for changeToCandidate
2019-10-17 07:38:41,277 [Thread-1462] INFO  impl.RoleInfo (RoleInfo.java:updateAndGet(143)) - 05f59524-a4ea-4be4-b99d-fb9eed47142d: start LeaderElection
2019-10-17 07:38:41,304 [05f59524-a4ea-4be4-b99d-fb9eed47142d@group-9DC5606B5DE8-LeaderElection158] INFO  impl.LeaderElection (LeaderElection.java:askForVotes(178)) - 05f59524-a4ea-4be4-b99d-fb9eed47142d@group-9DC5606B5DE8-LeaderElection158: begin an election at term 183 for -1: [05f59524-a4ea-4be4-b99d-fb9eed47142d:192.168.34.62:45919, 4b035f45-7941-40c3-ba2d-1cbecd2d369e:192.168.34.62:45443, 920a4478-64f4-4720-983c-9a2102f3c94b:192.168.34.62:38609], old=null
2019-10-17 07:38:41,306 [grpc-default-executor-5] INFO  impl.RaftServerImpl (RaftServerImpl.java:setRole(184)) - 920a4478-64f4-4720-983c-9a2102f3c94b@group-9DC5606B5DE8: changes role from  FOLLOWER to FOLLOWER at term 183 for recognizeCandidate:05f59524-a4ea-4be4-b99d-fb9eed47142d
2019-10-17 07:38:41,306 [grpc-default-executor-6] INFO  impl.RaftServerImpl (RaftServerImpl.java:setRole(184)) - 4b035f45-7941-40c3-ba2d-1cbecd2d369e@group-9DC5606B5DE8: changes role from  FOLLOWER to FOLLOWER at term 183 for recognizeCandidate:05f59524-a4ea-4be4-b99d-fb9eed47142d
2019-10-17 07:38:41,306 [grpc-default-executor-5] INFO  impl.RoleInfo (RoleInfo.java:shutdownFollowerState(121)) - 920a4478-64f4-4720-983c-9a2102f3c94b: shutdown FollowerState
2019-10-17 07:38:41,307 [grpc-default-executor-6] INFO  impl.RoleInfo (RoleInfo.java:shutdownFollowerState(121)) - 4b035f45-7941-40c3-ba2d-1cbecd2d369e: shutdown FollowerState
2019-10-17 07:38:41,307 [Thread-1461] INFO  impl.FollowerState (FollowerState.java:run(117)) - 920a4478-64f4-4720-983c-9a2102f3c94b@group-9DC5606B5DE8-FollowerState was interrupted: java.lang.InterruptedException: sleep interrupted
2019-10-17 07:38:41,307 [grpc-default-executor-5] INFO  impl.RoleInfo (RoleInfo.java:updateAndGet(143)) - 920a4478-64f4-4720-983c-9a2102f3c94b: start FollowerState
2019-10-17 07:38:41,307 [Thread-1460] INFO  impl.FollowerState (FollowerState.java:run(117)) - 4b035f45-7941-40c3-ba2d-1cbecd2d369e@group-9DC5606B5DE8-FollowerState was interrupted: java.lang.InterruptedException: sleep interrupted
2019-10-17 07:38:41,307 [grpc-default-executor-6] INFO  impl.RoleInfo (RoleInfo.java:updateAndGet(143)) - 4b035f45-7941-40c3-ba2d-1cbecd2d369e: start FollowerState
2019-10-17 07:38:41,347 [05f59524-a4ea-4be4-b99d-fb9eed47142d@group-9DC5606B5DE8-LeaderElection158] INFO  impl.LeaderElection (LeaderElection.java:logAndReturn(56)) - 05f59524-a4ea-4be4-b99d-fb9eed47142d@group-9DC5606B5DE8-LeaderElection158: Election REJECTED; received 2 response(s) [05f59524-a4ea-4be4-b99d-fb9eed47142d<-4b035f45-7941-40c3-ba2d-1cbecd2d369e#0:FAIL-t183, 05f59524-a4ea-4be4-b99d-fb9eed47142d<-920a4478-64f4-4720-983c-9a2102f3c94b#0:FAIL-t183] and 0 exception(s); 05f59524-a4ea-4be4-b99d-fb9eed47142d@group-9DC5606B5DE8:t183, leader=null, voted=05f59524-a4ea-4be4-b99d-fb9eed47142d, raftlog=05f59524-a4ea-4be4-b99d-fb9eed47142d@group-9DC5606B5DE8-SegmentedRaftLog:OPENED:c-1,f-1,i0, conf=-1: [05f59524-a4ea-4be4-b99d-fb9eed47142d:192.168.34.62:45919, 4b035f45-7941-40c3-ba2d-1cbecd2d369e:192.168.34.62:45443, 920a4478-64f4-4720-983c-9a2102f3c94b:192.168.34.62:38609], old=null
2019-10-17 07:38:41,347 [05f59524-a4ea-4be4-b99d-fb9eed47142d@group-9DC5606B5DE8-LeaderElection158] INFO  impl.RaftServerImpl (RaftServerImpl.java:setRole(184)) - 05f59524-a4ea-4be4-b99d-fb9eed47142d@group-9DC5606B5DE8: changes role from CANDIDATE to FOLLOWER at term 183 for DISCOVERED_A_NEW_TERM
2019-10-17 07:38:41,347 [05f59524-a4ea-4be4-b99d-fb9eed47142d@group-9DC5606B5DE8-LeaderElection158] INFO  impl.RoleInfo (RoleInfo.java:shutdownLeaderElection(134)) - 05f59524-a4ea-4be4-b99d-fb9eed47142d: shutdown LeaderElection
2019-10-17 07:38:41,347 [05f59524-a4ea-4be4-b99d-fb9eed47142d@group-9DC5606B5DE8-LeaderElection158] INFO  impl.RoleInfo (RoleInfo.java:updateAndGet(143)) - 05f59524-a4ea-4be4-b99d-fb9eed47142d: start FollowerState
2019-10-17 07:38:41,384 [Thread-1468] INFO  impl.FollowerState (FollowerState.java:run(108)) - 05f59524-a4ea-4be4-b99d-fb9eed47142d@group-9DC5606B5DE8-FollowerState: change to CANDIDATE, lastRpcTime:36ms, electionTimeout:36ms
2019-10-17 07:38:41,384 [Thread-1468] INFO  impl.RoleInfo (RoleInfo.java:shutdownFollowerState(121)) - 05f59524-a4ea-4be4-b99d-fb9eed47142d: shutdown FollowerState
2019-10-17 07:38:41,384 [Thread-1468] INFO  impl.RaftServerImpl (RaftServerImpl.java:setRole(184)) - 05f59524-a4ea-4be4-b99d-fb9eed47142d@group-9DC5606B5DE8: changes role from  FOLLOWER to CANDIDATE at term 183 for changeToCandidate
2019-10-17 07:38:41,385 [Thread-1468] INFO  impl.RoleInfo (RoleInfo.java:updateAndGet(143)) - 05f59524-a4ea-4be4-b99d-fb9eed47142d: start LeaderElection
2019-10-17 07:38:41,410 [05f59524-a4ea-4be4-b99d-fb9eed47142d@group-9DC5606B5DE8-LeaderElection159] INFO  impl.LeaderElection (LeaderElection.java:askForVotes(178)) - 05f59524-a4ea-4be4-b99d-fb9eed47142d@group-9DC5606B5DE8-LeaderElection159: begin an election at term 184 for -1: [05f59524-a4ea-4be4-b99d-fb9eed47142d:192.168.34.62:45919, 4b035f45-7941-40c3-ba2d-1cbecd2d369e:192.168.34.62:45443, 920a4478-64f4-4720-983c-9a2102f3c94b:192.168.34.62:38609], old=null
2019-10-17 07:38:41,413 [grpc-default-executor-5] INFO  impl.RaftServerImpl (RaftServerImpl.java:setRole(184)) - 4b035f45-7941-40c3-ba2d-1cbecd2d369e@group-9DC5606B5DE8: changes role from  FOLLOWER to FOLLOWER at term 184 for recognizeCandidate:05f59524-a4ea-4be4-b99d-fb9eed47142d
2019-10-17 07:38:41,413 [grpc-default-executor-5] INFO  impl.RoleInfo (RoleInfo.java:shutdownFollowerState(121)) - 4b035f45-7941-40c3-ba2d-1cbecd2d369e: shutdown FollowerState
2019-10-17 07:38:41,413 [grpc-default-executor-5] INFO  impl.RoleInfo (RoleInfo.java:updateAndGet(143)) - 4b035f45-7941-40c3-ba2d-1cbecd2d369e: start FollowerState
2019-10-17 07:38:41,413 [grpc-default-executor-6] INFO  impl.RaftServerImpl (RaftServerImpl.java:setRole(184)) - 920a4478-64f4-4720-983c-9a2102f3c94b@group-9DC5606B5DE8: changes role from  FOLLOWER to FOLLOWER at term 184 for recognizeCandidate:05f59524-a4ea-4be4-b99d-fb9eed47142d
2019-10-17 07:38:41,413 [Thread-1467] INFO  impl.FollowerState (FollowerState.java:run(117)) - 4b035f45-7941-40c3-ba2d-1cbecd2d369e@group-9DC5606B5DE8-FollowerState was interrupted: java.lang.InterruptedException: sleep interrupted
2019-10-17 07:38:41,414 [grpc-default-executor-6] INFO  impl.RoleInfo (RoleInfo.java:shutdownFollowerState(121)) - 920a4478-64f4-4720-983c-9a2102f3c94b: shutdown FollowerState
2019-10-17 07:38:41,414 [grpc-default-executor-6] INFO  impl.RoleInfo (RoleInfo.java:updateAndGet(143)) - 920a4478-64f4-4720-983c-9a2102f3c94b: start FollowerState
2019-10-17 07:38:41,414 [Thread-1466] INFO  impl.FollowerState (FollowerState.java:run(117)) - 920a4478-64f4-4720-983c-9a2102f3c94b@group-9DC5606B5DE8-FollowerState was interrupted: java.lang.InterruptedException: sleep interrupted
2019-10-17 07:38:41,430 [05f59524-a4ea-4be4-b99d-fb9eed47142d@group-9DC5606B5DE8-LeaderElection159] INFO  impl.LeaderElection (LeaderElection.java:logAndReturn(56)) - 05f59524-a4ea-4be4-b99d-fb9eed47142d@group-9DC5606B5DE8-LeaderElection159: Election REJECTED; received 2 response(s) [05f59524-a4ea-4be4-b99d-fb9eed47142d<-4b035f45-7941-40c3-ba2d-1cbecd2d369e#0:FAIL-t184, 05f59524-a4ea-4be4-b99d-fb9eed47142d<-920a4478-64f4-4720-983c-9a2102f3c94b#0:FAIL-t184] and 0 exception(s); 05f59524-a4ea-4be4-b99d-fb9eed47142d@group-9DC5606B5DE8:t184, leader=null, voted=05f59524-a4ea-4be4-b99d-fb9eed47142d, raftlog=05f59524-a4ea-4be4-b99d-fb9eed47142d@group-9DC5606B5DE8-SegmentedRaftLog:OPENED:c-1,f-1,i0, conf=-1: [05f59524-a4ea-4be4-b99d-fb9eed47142d:192.168.34.62:45919, 4b035f45-7941-40c3-ba2d-1cbecd2d369e:192.168.34.62:45443, 920a4478-64f4-4720-983c-9a2102f3c94b:192.168.34.62:38609], old=null
2019-10-17 07:38:41,430 [05f59524-a4ea-4be4-b99d-fb9eed47142d@group-9DC5606B5DE8-LeaderElection159] INFO  impl.RaftServerImpl (RaftServerImpl.java:setRole(184)) - 05f59524-a4ea-4be4-b99d-fb9eed47142d@group-9DC5606B5DE8: changes role from CANDIDATE to FOLLOWER at term 184 for DISCOVERED_A_NEW_TERM
2019-10-17 07:38:41,431 [05f59524-a4ea-4be4-b99d-fb9eed47142d@group-9DC5606B5DE8-LeaderElection159] INFO  impl.RoleInfo (RoleInfo.java:shutdownLeaderElection(134)) - 05f59524-a4ea-4be4-b99d-fb9eed47142d: shutdown LeaderElection
2019-10-17 07:38:41,431 [05f59524-a4ea-4be4-b99d-fb9eed47142d@group-9DC5606B5DE8-LeaderElection159] INFO  impl.RoleInfo (RoleInfo.java:updateAndGet(143)) - 05f59524-a4ea-4be4-b99d-fb9eed47142d: start FollowerState
2019-10-17 07:38:41,599 [Thread-1474] INFO  impl.FollowerState (FollowerState.java:run(108)) - 05f59524-a4ea-4be4-b99d-fb9eed47142d@group-9DC5606B5DE8-FollowerState: change to CANDIDATE, lastRpcTime:168ms, electionTimeout:168ms
2019-10-17 07:38:41,599 [Thread-1474] INFO  impl.RoleInfo (RoleInfo.java:shutdownFollowerState(121)) - 05f59524-a4ea-4be4-b99d-fb9eed47142d: shutdown FollowerState
2019-10-17 07:38:41,600 [Thread-1474] INFO  impl.RaftServerImpl (RaftServerImpl.java:setRole(184)) - 05f59524-a4ea-4be4-b99d-fb9eed47142d@group-9DC5606B5DE8: changes role from  FOLLOWER to CANDIDATE at term 184 for changeToCandidate
2019-10-17 07:38:41,600 [Thread-1474] INFO  impl.RoleInfo (RoleInfo.java:updateAndGet(143)) - 05f59524-a4ea-4be4-b99d-fb9eed47142d: start LeaderElection
2019-10-17 07:38:41,659 [05f59524-a4ea-4be4-b99d-fb9eed47142d@group-9DC5606B5DE8-LeaderElection160] INFO  impl.LeaderElection (LeaderElection.java:askForVotes(178)) - 05f59524-a4ea-4be4-b99d-fb9eed47142d@group-9DC5606B5DE8-LeaderElection160: begin an election at term 185 for -1: [05f59524-a4ea-4be4-b99d-fb9eed47142d:192.168.34.62:45919, 4b035f45-7941-40c3-ba2d-1cbecd2d369e:192.168.34.62:45443, 920a4478-64f4-4720-983c-9a2102f3c94b:192.168.34.62:38609], old=null
2019-10-17 07:38:41,662 [grpc-default-executor-5] INFO  impl.RaftServerImpl (RaftServerImpl.java:setRole(184)) - 4b035f45-7941-40c3-ba2d-1cbecd2d369e@group-9DC5606B5DE8: changes role from  FOLLOWER to FOLLOWER at term 185 for recognizeCandidate:05f59524-a4ea-4be4-b99d-fb9eed47142d
2019-10-17 07:38:41,663 [grpc-default-executor-6] INFO  impl.RaftServerImpl (RaftServerImpl.java:setRole(184)) - 920a4478-64f4-4720-983c-9a2102f3c94b@group-9DC5606B5DE8: changes role from  FOLLOWER to FOLLOWER at term 185 for recognizeCandidate:05f59524-a4ea-4be4-b99d-fb9eed47142d
2019-10-17 07:38:41,663 [grpc-default-executor-5] INFO  impl.RoleInfo (RoleInfo.java:shutdownFollowerState(121)) - 4b035f45-7941-40c3-ba2d-1cbecd2d369e: shutdown FollowerState
2019-10-17 07:38:41,663 [grpc-default-executor-6] INFO  impl.RoleInfo (RoleInfo.java:shutdownFollowerState(121)) - 920a4478-64f4-4720-983c-9a2102f3c94b: shutdown FollowerState
2019-10-17 07:38:41,663 [Thread-1472] INFO  impl.FollowerState (FollowerState.java:run(117)) - 4b035f45-7941-40c3-ba2d-1cbecd2d369e@group-9DC5606B5DE8-FollowerState was interrupted: java.lang.InterruptedException: sleep interrupted
2019-10-17 07:38:41,663 [grpc-default-executor-5] INFO  impl.RoleInfo (RoleInfo.java:updateAndGet(143)) - 4b035f45-7941-40c3-ba2d-1cbecd2d369e: start FollowerState
2019-10-17 07:38:41,663 [Thread-1473] INFO  impl.FollowerState (FollowerState.java:run(117)) - 920a4478-64f4-4720-983c-9a2102f3c94b@group-9DC5606B5DE8-FollowerState was interrupted: java.lang.InterruptedException: sleep interrupted
2019-10-17 07:38:41,663 [grpc-default-executor-6] INFO  impl.RoleInfo (RoleInfo.java:updateAndGet(143)) - 920a4478-64f4-4720-983c-9a2102f3c94b: start FollowerState
2019-10-17 07:38:41,683 [05f59524-a4ea-4be4-b99d-fb9eed47142d@group-9DC5606B5DE8-LeaderElection160] INFO  impl.LeaderElection (LeaderElection.java:logAndReturn(56)) - 05f59524-a4ea-4be4-b99d-fb9eed47142d@group-9DC5606B5DE8-LeaderElection160: Election REJECTED; received 2 response(s) [05f59524-a4ea-4be4-b99d-fb9eed47142d<-4b035f45-7941-40c3-ba2d-1cbecd2d369e#0:FAIL-t185, 05f59524-a4ea-4be4-b99d-fb9eed47142d<-920a4478-64f4-4720-983c-9a2102f3c94b#0:FAIL-t185] and 0 exception(s); 05f59524-a4ea-4be4-b99d-fb9eed47142d@group-9DC5606B5DE8:t185, leader=null, voted=05f59524-a4ea-4be4-b99d-fb9eed47142d, raftlog=05f59524-a4ea-4be4-b99d-fb9eed47142d@group-9DC5606B5DE8-SegmentedRaftLog:OPENED:c-1,f-1,i0, conf=-1: [05f59524-a4ea-4be4-b99d-fb9eed47142d:192.168.34.62:45919, 4b035f45-7941-40c3-ba2d-1cbecd2d369e:192.168.34.62:45443, 920a4478-64f4-4720-983c-9a2102f3c94b:192.168.34.62:38609], old=null
2019-10-17 07:38:41,684 [05f59524-a4ea-4be4-b99d-fb9eed47142d@group-9DC5606B5DE8-LeaderElection160] INFO  impl.RaftServerImpl (RaftServerImpl.java:setRole(184)) - 05f59524-a4ea-4be4-b99d-fb9eed47142d@group-9DC5606B5DE8: changes role from CANDIDATE to FOLLOWER at term 185 for DISCOVERED_A_NEW_TERM
2019-10-17 07:38:41,684 [05f59524-a4ea-4be4-b99d-fb9eed47142d@group-9DC5606B5DE8-LeaderElection160] INFO  impl.RoleInfo (RoleInfo.java:shutdownLeaderElection(134)) - 05f59524-a4ea-4be4-b99d-fb9eed47142d: shutdown LeaderElection
2019-10-17 07:38:41,684 [05f59524-a4ea-4be4-b99d-fb9eed47142d@group-9DC5606B5DE8-LeaderElection160] INFO  impl.RoleInfo (RoleInfo.java:updateAndGet(143)) - 05f59524-a4ea-4be4-b99d-fb9eed47142d: start FollowerState
2019-10-17 07:38:41,727 [Thread-1480] INFO  impl.FollowerState (FollowerState.java:run(108)) - 05f59524-a4ea-4be4-b99d-fb9eed47142d@group-9DC5606B5DE8-FollowerState: change to CANDIDATE, lastRpcTime:43ms, electionTimeout:43ms
2019-10-17 07:38:41,728 [Thread-1480] INFO  impl.RoleInfo (RoleInfo.java:shutdownFollowerState(121)) - 05f59524-a4ea-4be4-b99d-fb9eed47142d: shutdown FollowerState
2019-10-17 07:38:41,728 [Thread-1480] INFO  impl.RaftServerImpl (RaftServerImpl.java:setRole(184)) - 05f59524-a4ea-4be4-b99d-fb9eed47142d@group-9DC5606B5DE8: changes role from  FOLLOWER to CANDIDATE at term 185 for changeToCandidate
2019-10-17 07:38:41,728 [Thread-1480] INFO  impl.RoleInfo (RoleInfo.java:updateAndGet(143)) - 05f59524-a4ea-4be4-b99d-fb9eed47142d: start LeaderElection
2019-10-17 07:38:41,755 [05f59524-a4ea-4be4-b99d-fb9eed47142d@group-9DC5606B5DE8-LeaderElection161] INFO  impl.LeaderElection (LeaderElection.java:askForVotes(178)) - 05f59524-a4ea-4be4-b99d-fb9eed47142d@group-9DC5606B5DE8-LeaderElection161: begin an election at term 186 for -1: [05f59524-a4ea-4be4-b99d-fb9eed47142d:192.168.34.62:45919, 4b035f45-7941-40c3-ba2d-1cbecd2d369e:192.168.34.62:45443, 920a4478-64f4-4720-983c-9a2102f3c94b:192.168.34.62:38609], old=null
2019-10-17 07:38:41,758 [grpc-default-executor-5] INFO  impl.RaftServerImpl (RaftServerImpl.java:setRole(184)) - 4b035f45-7941-40c3-ba2d-1cbecd2d369e@group-9DC5606B5DE8: changes role from  FOLLOWER to FOLLOWER at term 186 for recognizeCandidate:05f59524-a4ea-4be4-b99d-fb9eed47142d
2019-10-17 07:38:41,759 [grpc-default-executor-5] INFO  impl.RoleInfo (RoleInfo.java:shutdownFollowerState(121)) - 4b035f45-7941-40c3-ba2d-1cbecd2d369e: shutdown FollowerState
2019-10-17 07:38:41,759 [grpc-default-executor-5] INFO  impl.RoleInfo (RoleInfo.java:updateAndGet(143)) - 4b035f45-7941-40c3-ba2d-1cbecd2d369e: start FollowerState
2019-10-17 07:38:41,759 [grpc-default-executor-6] INFO  impl.RaftServerImpl (RaftServerImpl.java:setRole(184)) - 920a4478-64f4-4720-983c-9a2102f3c94b@group-9DC5606B5DE8: changes role from  FOLLOWER to FOLLOWER at term 186 for recognizeCandidate:05f59524-a4ea-4be4-b99d-fb9eed47142d
2019-10-17 07:38:41,759 [grpc-default-executor-6] INFO  impl.RoleInfo (RoleInfo.java:shutdownFollowerState(121)) - 920a4478-64f4-4720-983c-9a2102f3c94b: shutdown FollowerState
2019-10-17 07:38:41,759 [Thread-1478] INFO  impl.FollowerState (FollowerState.java:run(117)) - 4b035f45-7941-40c3-ba2d-1cbecd2d369e@group-9DC5606B5DE8-FollowerState was interrupted: java.lang.InterruptedException: sleep interrupted
2019-10-17 07:38:41,759 [grpc-default-executor-6] INFO  impl.RoleInfo (RoleInfo.java:updateAndGet(143)) - 920a4478-64f4-4720-983c-9a2102f3c94b: start FollowerState
2019-10-17 07:38:41,759 [Thread-1479] INFO  impl.FollowerState (FollowerState.java:run(117)) - 920a4478-64f4-4720-983c-9a2102f3c94b@group-9DC5606B5DE8-FollowerState was interrupted: java.lang.InterruptedException: sleep interrupted
2019-10-17 07:38:41,797 [05f59524-a4ea-4be4-b99d-fb9eed47142d@group-9DC5606B5DE8-LeaderElection161] INFO  impl.LeaderElection (LeaderElection.java:logAndReturn(56)) - 05f59524-a4ea-4be4-b99d-fb9eed47142d@group-9DC5606B5DE8-LeaderElection161: Election REJECTED; received 2 response(s) [05f59524-a4ea-4be4-b99d-fb9eed47142d<-4b035f45-7941-40c3-ba2d-1cbecd2d369e#0:FAIL-t186, 05f59524-a4ea-4be4-b99d-fb9eed47142d<-920a4478-64f4-4720-983c-9a2102f3c94b#0:FAIL-t186] and 0 exception(s); 05f59524-a4ea-4be4-b99d-fb9eed47142d@group-9DC5606B5DE8:t186, leader=null, voted=05f59524-a4ea-4be4-b99d-fb9eed47142d, raftlog=05f59524-a4ea-4be4-b99d-fb9eed47142d@group-9DC5606B5DE8-SegmentedRaftLog:OPENED:c-1,f-1,i0, conf=-1: [05f59524-a4ea-4be4-b99d-fb9eed47142d:192.168.34.62:45919, 4b035f45-7941-40c3-ba2d-1cbecd2d369e:192.168.34.62:45443, 920a4478-64f4-4720-983c-9a2102f3c94b:192.168.34.62:38609], old=null
2019-10-17 07:38:41,797 [05f59524-a4ea-4be4-b99d-fb9eed47142d@group-9DC5606B5DE8-LeaderElection161] INFO  impl.RaftServerImpl (RaftServerImpl.java:setRole(184)) - 05f59524-a4ea-4be4-b99d-fb9eed47142d@group-9DC5606B5DE8: changes role from CANDIDATE to FOLLOWER at term 186 for DISCOVERED_A_NEW_TERM
2019-10-17 07:38:41,797 [05f59524-a4ea-4be4-b99d-fb9eed47142d@group-9DC5606B5DE8-LeaderElection161] INFO  impl.RoleInfo (RoleInfo.java:shutdownLeaderElection(134)) - 05f59524-a4ea-4be4-b99d-fb9eed47142d: shutdown LeaderElection
2019-10-17 07:38:41,797 [05f59524-a4ea-4be4-b99d-fb9eed47142d@group-9DC5606B5DE8-LeaderElection161] INFO  impl.RoleInfo (RoleInfo.java:updateAndGet(143)) - 05f59524-a4ea-4be4-b99d-fb9eed47142d: start FollowerState
2019-10-17 07:38:41,925 [Thread-1486] INFO  impl.FollowerState (FollowerState.java:run(108)) - 05f59524-a4ea-4be4-b99d-fb9eed47142d@group-9DC5606B5DE8-FollowerState: change to CANDIDATE, lastRpcTime:127ms, electionTimeout:127ms
2019-10-17 07:38:41,925 [Thread-1486] INFO  impl.RoleInfo (RoleInfo.java:shutdownFollowerState(121)) - 05f59524-a4ea-4be4-b99d-fb9eed47142d: shutdown FollowerState
2019-10-17 07:38:41,925 [Thread-1486] INFO  impl.RaftServerImpl (RaftServerImpl.java:setRole(184)) - 05f59524-a4ea-4be4-b99d-fb9eed47142d@group-9DC5606B5DE8: changes role from  FOLLOWER to CANDIDATE at term 186 for changeToCandidate
2019-10-17 07:38:41,925 [Thread-1486] INFO  impl.RoleInfo (RoleInfo.java:updateAndGet(143)) - 05f59524-a4ea-4be4-b99d-fb9eed47142d: start LeaderElection
2019-10-17 07:38:41,965 [05f59524-a4ea-4be4-b99d-fb9eed47142d@group-9DC5606B5DE8-LeaderElection162] INFO  impl.LeaderElection (LeaderElection.java:askForVotes(178)) - 05f59524-a4ea-4be4-b99d-fb9eed47142d@group-9DC5606B5DE8-LeaderElection162: begin an election at term 187 for -1: [05f59524-a4ea-4be4-b99d-fb9eed47142d:192.168.34.62:45919, 4b035f45-7941-40c3-ba2d-1cbecd2d369e:192.168.34.62:45443, 920a4478-64f4-4720-983c-9a2102f3c94b:192.168.34.62:38609], old=null
2019-10-17 07:38:41,967 [grpc-default-executor-6] INFO  impl.RaftServerImpl (RaftServerImpl.java:setRole(184)) - 4b035f45-7941-40c3-ba2d-1cbecd2d369e@group-9DC5606B5DE8: changes role from  FOLLOWER to FOLLOWER at term 187 for recognizeCandidate:05f59524-a4ea-4be4-b99d-fb9eed47142d
2019-10-17 07:38:41,967 [grpc-default-executor-6] INFO  impl.RoleInfo (RoleInfo.java:shutdownFollowerState(121)) - 4b035f45-7941-40c3-ba2d-1cbecd2d369e: shutdown FollowerState
2019-10-17 07:38:41,967 [grpc-default-executor-5] INFO  impl.RaftServerImpl (RaftServerImpl.java:setRole(184)) - 920a4478-64f4-4720-983c-9a2102f3c94b@group-9DC5606B5DE8: changes role from  FOLLOWER to FOLLOWER at term 187 for recognizeCandidate:05f59524-a4ea-4be4-b99d-fb9eed47142d
2019-10-17 07:38:41,968 [grpc-default-executor-5] INFO  impl.RoleInfo (RoleInfo.java:shutdownFollowerState(121)) - 920a4478-64f4-4720-983c-9a2102f3c94b: shutdown FollowerState
2019-10-17 07:38:41,968 [Thread-1484] INFO  impl.FollowerState (FollowerState.java:run(117)) - 4b035f45-7941-40c3-ba2d-1cbecd2d369e@group-9DC5606B5DE8-FollowerState was interrupted: java.lang.InterruptedException: sleep interrupted
2019-10-17 07:38:41,968 [grpc-default-executor-6] INFO  impl.RoleInfo (RoleInfo.java:updateAndGet(143)) - 4b035f45-7941-40c3-ba2d-1cbecd2d369e: start FollowerState
2019-10-17 07:38:41,968 [Thread-1485] INFO  impl.FollowerState (FollowerState.java:run(117)) - 920a4478-64f4-4720-983c-9a2102f3c94b@group-9DC5606B5DE8-FollowerState was interrupted: java.lang.InterruptedException: sleep interrupted
2019-10-17 07:38:41,968 [grpc-default-executor-5] INFO  impl.RoleInfo (RoleInfo.java:updateAndGet(143)) - 920a4478-64f4-4720-983c-9a2102f3c94b: start FollowerState
2019-10-17 07:38:41,994 [05f59524-a4ea-4be4-b99d-fb9eed47142d@group-9DC5606B5DE8-LeaderElection162] INFO  impl.LeaderElection (LeaderElection.java:logAndReturn(56)) - 05f59524-a4ea-4be4-b99d-fb9eed47142d@group-9DC5606B5DE8-LeaderElection162: Election REJECTED; received 2 response(s) [05f59524-a4ea-4be4-b99d-fb9eed47142d<-4b035f45-7941-40c3-ba2d-1cbecd2d369e#0:FAIL-t187, 05f59524-a4ea-4be4-b99d-fb9eed47142d<-920a4478-64f4-4720-983c-9a2102f3c94b#0:FAIL-t187] and 0 exception(s); 05f59524-a4ea-4be4-b99d-fb9eed47142d@group-9DC5606B5DE8:t187, leader=null, voted=05f59524-a4ea-4be4-b99d-fb9eed47142d, raftlog=05f59524-a4ea-4be4-b99d-fb9eed47142d@group-9DC5606B5DE8-SegmentedRaftLog:OPENED:c-1,f-1,i0, conf=-1: [05f59524-a4ea-4be4-b99d-fb9eed47142d:192.168.34.62:45919, 4b035f45-7941-40c3-ba2d-1cbecd2d369e:192.168.34.62:45443, 920a4478-64f4-4720-983c-9a2102f3c94b:192.168.34.62:38609], old=null
2019-10-17 07:38:41,994 [05f59524-a4ea-4be4-b99d-fb9eed47142d@group-9DC5606B5DE8-LeaderElection162] INFO  impl.RaftServerImpl (RaftServerImpl.java:setRole(184)) - 05f59524-a4ea-4be4-b99d-fb9eed47142d@group-9DC5606B5DE8: changes role from CANDIDATE to FOLLOWER at term 187 for DISCOVERED_A_NEW_TERM
2019-10-17 07:38:41,994 [05f59524-a4ea-4be4-b99d-fb9eed47142d@group-9DC5606B5DE8-LeaderElection162] INFO  impl.RoleInfo (RoleInfo.java:shutdownLeaderElection(134)) - 05f59524-a4ea-4be4-b99d-fb9eed47142d: shutdown LeaderElection
2019-10-17 07:38:41,994 [05f59524-a4ea-4be4-b99d-fb9eed47142d@group-9DC5606B5DE8-LeaderElection162] INFO  impl.RoleInfo (RoleInfo.java:updateAndGet(143)) - 05f59524-a4ea-4be4-b99d-fb9eed47142d: start FollowerState
2019-10-17 07:38:42,044 [Thread-1492] INFO  impl.FollowerState (FollowerState.java:run(108)) - 05f59524-a4ea-4be4-b99d-fb9eed47142d@group-9DC5606B5DE8-FollowerState: change to CANDIDATE, lastRpcTime:49ms, electionTimeout:49ms
2019-10-17 07:38:42,044 [Thread-1492] INFO  impl.RoleInfo (RoleInfo.java:shutdownFollowerState(121)) - 05f59524-a4ea-4be4-b99d-fb9eed47142d: shutdown FollowerState
2019-10-17 07:38:42,044 [Thread-1492] INFO  impl.RaftServerImpl (RaftServerImpl.java:setRole(184)) - 05f59524-a4ea-4be4-b99d-fb9eed47142d@group-9DC5606B5DE8: changes role from  FOLLOWER to CANDIDATE at term 187 for changeToCandidate
2019-10-17 07:38:42,044 [Thread-1492] INFO  impl.RoleInfo (RoleInfo.java:updateAndGet(143)) - 05f59524-a4ea-4be4-b99d-fb9eed47142d: start LeaderElection
2019-10-17 07:38:42,085 [05f59524-a4ea-4be4-b99d-fb9eed47142d@group-9DC5606B5DE8-LeaderElection163] INFO  impl.LeaderElection (LeaderElection.java:askForVotes(178)) - 05f59524-a4ea-4be4-b99d-fb9eed47142d@group-9DC5606B5DE8-LeaderElection163: begin an election at term 188 for -1: [05f59524-a4ea-4be4-b99d-fb9eed47142d:192.168.34.62:45919, 4b035f45-7941-40c3-ba2d-1cbecd2d369e:192.168.34.62:45443, 920a4478-64f4-4720-983c-9a2102f3c94b:192.168.34.62:38609], old=null
2019-10-17 07:38:42,087 [grpc-default-executor-5] INFO  impl.RaftServerImpl (RaftServerImpl.java:setRole(184)) - 920a4478-64f4-4720-983c-9a2102f3c94b@group-9DC5606B5DE8: changes role from  FOLLOWER to FOLLOWER at term 188 for recognizeCandidate:05f59524-a4ea-4be4-b99d-fb9eed47142d
2019-10-17 07:38:42,088 [grpc-default-executor-5] INFO  impl.RoleInfo (RoleInfo.java:shutdownFollowerState(121)) - 920a4478-64f4-4720-983c-9a2102f3c94b: shutdown FollowerState
2019-10-17 07:38:42,088 [grpc-default-executor-6] INFO  impl.RaftServerImpl (RaftServerImpl.java:setRole(184)) - 4b035f45-7941-40c3-ba2d-1cbecd2d369e@group-9DC5606B5DE8: changes role from  FOLLOWER to FOLLOWER at term 188 for recognizeCandidate:05f59524-a4ea-4be4-b99d-fb9eed47142d
2019-10-17 07:38:42,088 [Thread-1491] INFO  impl.FollowerState (FollowerState.java:run(117)) - 920a4478-64f4-4720-983c-9a2102f3c94b@group-9DC5606B5DE8-FollowerState was interrupted: java.lang.InterruptedException: sleep interrupted
2019-10-17 07:38:42,088 [grpc-default-executor-5] INFO  impl.RoleInfo (RoleInfo.java:updateAndGet(143)) - 920a4478-64f4-4720-983c-9a2102f3c94b: start FollowerState
2019-10-17 07:38:42,088 [grpc-default-executor-6] INFO  impl.RoleInfo (RoleInfo.java:shutdownFollowerState(121)) - 4b035f45-7941-40c3-ba2d-1cbecd2d369e: shutdown FollowerState
2019-10-17 07:38:42,089 [grpc-default-executor-6] INFO  impl.RoleInfo (RoleInfo.java:updateAndGet(143)) - 4b035f45-7941-40c3-ba2d-1cbecd2d369e: start FollowerState
2019-10-17 07:38:42,089 [Thread-1490] INFO  impl.FollowerState (FollowerState.java:run(117)) - 4b035f45-7941-40c3-ba2d-1cbecd2d369e@group-9DC5606B5DE8-FollowerState was interrupted: java.lang.InterruptedException: sleep interrupted
2019-10-17 07:38:42,120 [05f59524-a4ea-4be4-b99d-fb9eed47142d@group-9DC5606B5DE8-LeaderElection163] INFO  impl.LeaderElection (LeaderElection.java:logAndReturn(56)) - 05f59524-a4ea-4be4-b99d-fb9eed47142d@group-9DC5606B5DE8-LeaderElection163: Election REJECTED; received 2 response(s) [05f59524-a4ea-4be4-b99d-fb9eed47142d<-4b035f45-7941-40c3-ba2d-1cbecd2d369e#0:FAIL-t188, 05f59524-a4ea-4be4-b99d-fb9eed47142d<-920a4478-64f4-4720-983c-9a2102f3c94b#0:FAIL-t188] and 0 exception(s); 05f59524-a4ea-4be4-b99d-fb9eed47142d@group-9DC5606B5DE8:t188, leader=null, voted=05f59524-a4ea-4be4-b99d-fb9eed47142d, raftlog=05f59524-a4ea-4be4-b99d-fb9eed47142d@group-9DC5606B5DE8-SegmentedRaftLog:OPENED:c-1,f-1,i0, conf=-1: [05f59524-a4ea-4be4-b99d-fb9eed47142d:192.168.34.62:45919, 4b035f45-7941-40c3-ba2d-1cbecd2d369e:192.168.34.62:45443, 920a4478-64f4-4720-983c-9a2102f3c94b:192.168.34.62:38609], old=null
2019-10-17 07:38:42,120 [05f59524-a4ea-4be4-b99d-fb9eed47142d@group-9DC5606B5DE8-LeaderElection163] INFO  impl.RaftServerImpl (RaftServerImpl.java:setRole(184)) - 05f59524-a4ea-4be4-b99d-fb9eed47142d@group-9DC5606B5DE8: changes role from CANDIDATE to FOLLOWER at term 188 for DISCOVERED_A_NEW_TERM
2019-10-17 07:38:42,120 [05f59524-a4ea-4be4-b99d-fb9eed47142d@group-9DC5606B5DE8-LeaderElection163] INFO  impl.RoleInfo (RoleInfo.java:shutdownLeaderElection(134)) - 05f59524-a4ea-4be4-b99d-fb9eed47142d: shutdown LeaderElection
2019-10-17 07:38:42,120 [05f59524-a4ea-4be4-b99d-fb9eed47142d@group-9DC5606B5DE8-LeaderElection163] INFO  impl.RoleInfo (RoleInfo.java:updateAndGet(143)) - 05f59524-a4ea-4be4-b99d-fb9eed47142d: start FollowerState
2019-10-17 07:38:42,137 [Thread-1498] INFO  impl.FollowerState (FollowerState.java:run(108)) - 05f59524-a4ea-4be4-b99d-fb9eed47142d@group-9DC5606B5DE8-FollowerState: change to CANDIDATE, lastRpcTime:16ms, electionTimeout:16ms
2019-10-17 07:38:42,137 [Thread-1498] INFO  impl.RoleInfo (RoleInfo.java:shutdownFollowerState(121)) - 05f59524-a4ea-4be4-b99d-fb9eed47142d: shutdown FollowerState
2019-10-17 07:38:42,137 [Thread-1498] INFO  impl.RaftServerImpl (RaftServerImpl.java:setRole(184)) - 05f59524-a4ea-4be4-b99d-fb9eed47142d@group-9DC5606B5DE8: changes role from  FOLLOWER to CANDIDATE at term 188 for changeToCandidate
2019-10-17 07:38:42,138 [Thread-1498] INFO  impl.RoleInfo (RoleInfo.java:updateAndGet(143)) - 05f59524-a4ea-4be4-b99d-fb9eed47142d: start LeaderElection
2019-10-17 07:38:42,165 [05f59524-a4ea-4be4-b99d-fb9eed47142d@group-9DC5606B5DE8-LeaderElection164] INFO  impl.LeaderElection (LeaderElection.java:askForVotes(178)) - 05f59524-a4ea-4be4-b99d-fb9eed47142d@group-9DC5606B5DE8-LeaderElection164: begin an election at term 189 for -1: [05f59524-a4ea-4be4-b99d-fb9eed47142d:192.168.34.62:45919, 4b035f45-7941-40c3-ba2d-1cbecd2d369e:192.168.34.62:45443, 920a4478-64f4-4720-983c-9a2102f3c94b:192.168.34.62:38609], old=null
2019-10-17 07:38:42,167 [grpc-default-executor-5] INFO  impl.RaftServerImpl (RaftServerImpl.java:setRole(184)) - 4b035f45-7941-40c3-ba2d-1cbecd2d369e@group-9DC5606B5DE8: changes role from  FOLLOWER to FOLLOWER at term 189 for recognizeCandidate:05f59524-a4ea-4be4-b99d-fb9eed47142d
2019-10-17 07:38:42,167 [grpc-default-executor-5] INFO  impl.RoleInfo (RoleInfo.java:shutdownFollowerState(121)) - 4b035f45-7941-40c3-ba2d-1cbecd2d369e: shutdown FollowerState
2019-10-17 07:38:42,168 [grpc-default-executor-5] INFO  impl.RoleInfo (RoleInfo.java:updateAndGet(143)) - 4b035f45-7941-40c3-ba2d-1cbecd2d369e: start FollowerState
2019-10-17 07:38:42,168 [Thread-1497] INFO  impl.FollowerState (FollowerState.java:run(117)) - 4b035f45-7941-40c3-ba2d-1cbecd2d369e@group-9DC5606B5DE8-FollowerState was interrupted: java.lang.InterruptedException: sleep interrupted
2019-10-17 07:38:42,168 [grpc-default-executor-6] INFO  impl.RaftServerImpl (RaftServerImpl.java:setRole(184)) - 920a4478-64f4-4720-983c-9a2102f3c94b@group-9DC5606B5DE8: changes role from  FOLLOWER to FOLLOWER at term 189 for recognizeCandidate:05f59524-a4ea-4be4-b99d-fb9eed47142d
2019-10-17 07:38:42,168 [grpc-default-executor-6] INFO  impl.RoleInfo (RoleInfo.java:shutdownFollowerState(121)) - 920a4478-64f4-4720-983c-9a2102f3c94b: shutdown FollowerState
2019-10-17 07:38:42,168 [grpc-default-executor-6] INFO  impl.RoleInfo (RoleInfo.java:updateAndGet(143)) - 920a4478-64f4-4720-983c-9a2102f3c94b: start FollowerState
2019-10-17 07:38:42,169 [Thread-1496] INFO  impl.FollowerState (FollowerState.java:run(117)) - 920a4478-64f4-4720-983c-9a2102f3c94b@group-9DC5606B5DE8-FollowerState was interrupted: java.lang.InterruptedException: sleep interrupted
2019-10-17 07:38:42,210 [05f59524-a4ea-4be4-b99d-fb9eed47142d@group-9DC5606B5DE8-LeaderElection164] INFO  impl.LeaderElection (LeaderElection.java:logAndReturn(56)) - 05f59524-a4ea-4be4-b99d-fb9eed47142d@group-9DC5606B5DE8-LeaderElection164: Election REJECTED; received 2 response(s) [05f59524-a4ea-4be4-b99d-fb9eed47142d<-4b035f45-7941-40c3-ba2d-1cbecd2d369e#0:FAIL-t189, 05f59524-a4ea-4be4-b99d-fb9eed47142d<-920a4478-64f4-4720-983c-9a2102f3c94b#0:FAIL-t189] and 0 exception(s); 05f59524-a4ea-4be4-b99d-fb9eed47142d@group-9DC5606B5DE8:t189, leader=null, voted=05f59524-a4ea-4be4-b99d-fb9eed47142d, raftlog=05f59524-a4ea-4be4-b99d-fb9eed47142d@group-9DC5606B5DE8-SegmentedRaftLog:OPENED:c-1,f-1,i0, conf=-1: [05f59524-a4ea-4be4-b99d-fb9eed47142d:192.168.34.62:45919, 4b035f45-7941-40c3-ba2d-1cbecd2d369e:192.168.34.62:45443, 920a4478-64f4-4720-983c-9a2102f3c94b:192.168.34.62:38609], old=null
2019-10-17 07:38:42,211 [05f59524-a4ea-4be4-b99d-fb9eed47142d@group-9DC5606B5DE8-LeaderElection164] INFO  impl.RaftServerImpl (RaftServerImpl.java:setRole(184)) - 05f59524-a4ea-4be4-b99d-fb9eed47142d@group-9DC5606B5DE8: changes role from CANDIDATE to FOLLOWER at term 189 for DISCOVERED_A_NEW_TERM
2019-10-17 07:38:42,211 [05f59524-a4ea-4be4-b99d-fb9eed47142d@group-9DC5606B5DE8-LeaderElection164] INFO  impl.RoleInfo (RoleInfo.java:shutdownLeaderElection(134)) - 05f59524-a4ea-4be4-b99d-fb9eed47142d: shutdown LeaderElection
2019-10-17 07:38:42,211 [05f59524-a4ea-4be4-b99d-fb9eed47142d@group-9DC5606B5DE8-LeaderElection164] INFO  impl.RoleInfo (RoleInfo.java:updateAndGet(143)) - 05f59524-a4ea-4be4-b99d-fb9eed47142d: start FollowerState
2019-10-17 07:38:42,230 [Thread-1504] INFO  impl.FollowerState (FollowerState.java:run(108)) - 05f59524-a4ea-4be4-b99d-fb9eed47142d@group-9DC5606B5DE8-FollowerState: change to CANDIDATE, lastRpcTime:19ms, electionTimeout:19ms
2019-10-17 07:38:42,231 [Thread-1504] INFO  impl.RoleInfo (RoleInfo.java:shutdownFollowerState(121)) - 05f59524-a4ea-4be4-b99d-fb9eed47142d: shutdown FollowerState
2019-10-17 07:38:42,231 [Thread-1504] INFO  impl.RaftServerImpl (RaftServerImpl.java:setRole(184)) - 05f59524-a4ea-4be4-b99d-fb9eed47142d@group-9DC5606B5DE8: changes role from  FOLLOWER to CANDIDATE at term 189 for changeToCandidate
2019-10-17 07:38:42,231 [Thread-1504] INFO  impl.RoleInfo (RoleInfo.java:updateAndGet(143)) - 05f59524-a4ea-4be4-b99d-fb9eed47142d: start LeaderElection
2019-10-17 07:38:42,400 [05f59524-a4ea-4be4-b99d-fb9eed47142d@group-9DC5606B5DE8-LeaderElection165] INFO  impl.LeaderElection (LeaderElection.java:askForVotes(178)) - 05f59524-a4ea-4be4-b99d-fb9eed47142d@group-9DC5606B5DE8-LeaderElection165: begin an election at term 190 for -1: [05f59524-a4ea-4be4-b99d-fb9eed47142d:192.168.34.62:45919, 4b035f45-7941-40c3-ba2d-1cbecd2d369e:192.168.34.62:45443, 920a4478-64f4-4720-983c-9a2102f3c94b:192.168.34.62:38609], old=null
2019-10-17 07:38:42,402 [grpc-default-executor-5] INFO  impl.RaftServerImpl (RaftServerImpl.java:setRole(184)) - 4b035f45-7941-40c3-ba2d-1cbecd2d369e@group-9DC5606B5DE8: changes role from  FOLLOWER to FOLLOWER at term 190 for recognizeCandidate:05f59524-a4ea-4be4-b99d-fb9eed47142d
2019-10-17 07:38:42,403 [grpc-default-executor-5] INFO  impl.RoleInfo (RoleInfo.java:shutdownFollowerState(121)) - 4b035f45-7941-40c3-ba2d-1cbecd2d369e: shutdown FollowerState
2019-10-17 07:38:42,402 [grpc-default-executor-6] INFO  impl.RaftServerImpl (RaftServerImpl.java:setRole(184)) - 920a4478-64f4-4720-983c-9a2102f3c94b@group-9DC5606B5DE8: changes role from  FOLLOWER to FOLLOWER at term 190 for recognizeCandidate:05f59524-a4ea-4be4-b99d-fb9eed47142d
2019-10-17 07:38:42,403 [Thread-1502] INFO  impl.FollowerState (FollowerState.java:run(117)) - 4b035f45-7941-40c3-ba2d-1cbecd2d369e@group-9DC5606B5DE8-FollowerState was interrupted: java.lang.InterruptedException: sleep interrupted
2019-10-17 07:38:42,403 [grpc-default-executor-5] INFO  impl.RoleInfo (RoleInfo.java:updateAndGet(143)) - 4b035f45-7941-40c3-ba2d-1cbecd2d369e: start FollowerState
2019-10-17 07:38:42,403 [grpc-default-executor-6] INFO  impl.RoleInfo (RoleInfo.java:shutdownFollowerState(121)) - 920a4478-64f4-4720-983c-9a2102f3c94b: shutdown FollowerState
2019-10-17 07:38:42,404 [grpc-default-executor-6] INFO  impl.RoleInfo (RoleInfo.java:updateAndGet(143)) - 920a4478-64f4-4720-983c-9a2102f3c94b: start FollowerState
2019-10-17 07:38:42,404 [Thread-1503] INFO  impl.FollowerState (FollowerState.java:run(117)) - 920a4478-64f4-4720-983c-9a2102f3c94b@group-9DC5606B5DE8-FollowerState was interrupted: java.lang.InterruptedException: sleep interrupted
2019-10-17 07:38:42,575 [05f59524-a4ea-4be4-b99d-fb9eed47142d@group-9DC5606B5DE8-LeaderElection165] INFO  impl.LeaderElection (LeaderElection.java:logAndReturn(56)) - 05f59524-a4ea-4be4-b99d-fb9eed47142d@group-9DC5606B5DE8-LeaderElection165: Election TIMEOUT; received 0 response(s) [] and 0 exception(s); 05f59524-a4ea-4be4-b99d-fb9eed47142d@group-9DC5606B5DE8:t190, leader=null, voted=05f59524-a4ea-4be4-b99d-fb9eed47142d, raftlog=05f59524-a4ea-4be4-b99d-fb9eed47142d@group-9DC5606B5DE8-SegmentedRaftLog:OPENED:c-1,f-1,i0, conf=-1: [05f59524-a4ea-4be4-b99d-fb9eed47142d:192.168.34.62:45919, 4b035f45-7941-40c3-ba2d-1cbecd2d369e:192.168.34.62:45443, 920a4478-64f4-4720-983c-9a2102f3c94b:192.168.34.62:38609], old=null
2019-10-17 07:38:42,795 [05f59524-a4ea-4be4-b99d-fb9eed47142d@group-9DC5606B5DE8-LeaderElection165] INFO  impl.LeaderElection (LeaderElection.java:askForVotes(178)) - 05f59524-a4ea-4be4-b99d-fb9eed47142d@group-9DC5606B5DE8-LeaderElection165: begin an election at term 191 for -1: [05f59524-a4ea-4be4-b99d-fb9eed47142d:192.168.34.62:45919, 4b035f45-7941-40c3-ba2d-1cbecd2d369e:192.168.34.62:45443, 920a4478-64f4-4720-983c-9a2102f3c94b:192.168.34.62:38609], old=null
2019-10-17 07:38:42,798 [grpc-default-executor-5] INFO  impl.RaftServerImpl (RaftServerImpl.java:setRole(184)) - 920a4478-64f4-4720-983c-9a2102f3c94b@group-9DC5606B5DE8: changes role from  FOLLOWER to FOLLOWER at term 191 for recognizeCandidate:05f59524-a4ea-4be4-b99d-fb9eed47142d
2019-10-17 07:38:42,798 [grpc-default-executor-6] INFO  impl.RaftServerImpl (RaftServerImpl.java:setRole(184)) - 4b035f45-7941-40c3-ba2d-1cbecd2d369e@group-9DC5606B5DE8: changes role from  FOLLOWER to FOLLOWER at term 191 for recognizeCandidate:05f59524-a4ea-4be4-b99d-fb9eed47142d
2019-10-17 07:38:42,799 [grpc-default-executor-5] INFO  impl.RoleInfo (RoleInfo.java:shutdownFollowerState(121)) - 920a4478-64f4-4720-983c-9a2102f3c94b: shutdown FollowerState
2019-10-17 07:38:42,799 [grpc-default-executor-6] INFO  impl.RoleInfo (RoleInfo.java:shutdownFollowerState(121)) - 4b035f45-7941-40c3-ba2d-1cbecd2d369e: shutdown FollowerState
2019-10-17 07:38:42,799 [grpc-default-executor-5] INFO  impl.RoleInfo (RoleInfo.java:updateAndGet(143)) - 920a4478-64f4-4720-983c-9a2102f3c94b: start FollowerState
2019-10-17 07:38:42,799 [Thread-1511] INFO  impl.FollowerState (FollowerState.java:run(117)) - 920a4478-64f4-4720-983c-9a2102f3c94b@group-9DC5606B5DE8-FollowerState was interrupted: java.lang.InterruptedException: sleep interrupted
2019-10-17 07:38:42,799 [Thread-1510] INFO  impl.FollowerState (FollowerState.java:run(117)) - 4b035f45-7941-40c3-ba2d-1cbecd2d369e@group-9DC5606B5DE8-FollowerState was interrupted: java.lang.InterruptedException: sleep interrupted
2019-10-17 07:38:42,799 [grpc-default-executor-6] INFO  impl.RoleInfo (RoleInfo.java:updateAndGet(143)) - 4b035f45-7941-40c3-ba2d-1cbecd2d369e: start FollowerState
2019-10-17 07:38:42,857 [05f59524-a4ea-4be4-b99d-fb9eed47142d@group-9DC5606B5DE8-LeaderElection165] INFO  impl.LeaderElection (LeaderElection.java:logAndReturn(56)) - 05f59524-a4ea-4be4-b99d-fb9eed47142d@group-9DC5606B5DE8-LeaderElection165: Election TIMEOUT; received 0 response(s) [] and 0 exception(s); 05f59524-a4ea-4be4-b99d-fb9eed47142d@group-9DC5606B5DE8:t191, leader=null, voted=05f59524-a4ea-4be4-b99d-fb9eed47142d, raftlog=05f59524-a4ea-4be4-b99d-fb9eed47142d@group-9DC5606B5DE8-SegmentedRaftLog:OPENED:c-1,f-1,i0, conf=-1: [05f59524-a4ea-4be4-b99d-fb9eed47142d:192.168.34.62:45919, 4b035f45-7941-40c3-ba2d-1cbecd2d369e:192.168.34.62:45443, 920a4478-64f4-4720-983c-9a2102f3c94b:192.168.34.62:38609], old=null
2019-10-17 07:38:43,331 [05f59524-a4ea-4be4-b99d-fb9eed47142d@group-9DC5606B5DE8-LeaderElection165] INFO  impl.LeaderElection (LeaderElection.java:askForVotes(178)) - 05f59524-a4ea-4be4-b99d-fb9eed47142d@group-9DC5606B5DE8-LeaderElection165: begin an election at term 192 for -1: [05f59524-a4ea-4be4-b99d-fb9eed47142d:192.168.34.62:45919, 4b035f45-7941-40c3-ba2d-1cbecd2d369e:192.168.34.62:45443, 920a4478-64f4-4720-983c-9a2102f3c94b:192.168.34.62:38609], old=null
2019-10-17 07:38:43,334 [grpc-default-executor-5] INFO  impl.RaftServerImpl (RaftServerImpl.java:setRole(184)) - 920a4478-64f4-4720-983c-9a2102f3c94b@group-9DC5606B5DE8: changes role from  FOLLOWER to FOLLOWER at term 192 for recognizeCandidate:05f59524-a4ea-4be4-b99d-fb9eed47142d
2019-10-17 07:38:43,334 [grpc-default-executor-6] INFO  impl.RaftServerImpl (RaftServerImpl.java:setRole(184)) - 4b035f45-7941-40c3-ba2d-1cbecd2d369e@group-9DC5606B5DE8: changes role from  FOLLOWER to FOLLOWER at term 192 for recognizeCandidate:05f59524-a4ea-4be4-b99d-fb9eed47142d
2019-10-17 07:38:43,334 [grpc-default-executor-5] INFO  impl.RoleInfo (RoleInfo.java:shutdownFollowerState(121)) - 920a4478-64f4-4720-983c-9a2102f3c94b: shutdown FollowerState
2019-10-17 07:38:43,334 [grpc-default-executor-6] INFO  impl.RoleInfo (RoleInfo.java:shutdownFollowerState(121)) - 4b035f45-7941-40c3-ba2d-1cbecd2d369e: shutdown FollowerState
2019-10-17 07:38:43,334 [Thread-1514] INFO  impl.FollowerState (FollowerState.java:run(117)) - 920a4478-64f4-4720-983c-9a2102f3c94b@group-9DC5606B5DE8-FollowerState was interrupted: java.lang.InterruptedException: sleep interrupted
2019-10-17 07:38:43,334 [grpc-default-executor-5] INFO  impl.RoleInfo (RoleInfo.java:updateAndGet(143)) - 920a4478-64f4-4720-983c-9a2102f3c94b: start FollowerState
2019-10-17 07:38:43,335 [Thread-1515] INFO  impl.FollowerState (FollowerState.java:run(117)) - 4b035f45-7941-40c3-ba2d-1cbecd2d369e@group-9DC5606B5DE8-FollowerState was interrupted: java.lang.InterruptedException: sleep interrupted
2019-10-17 07:38:43,335 [grpc-default-executor-6] INFO  impl.RoleInfo (RoleInfo.java:updateAndGet(143)) - 4b035f45-7941-40c3-ba2d-1cbecd2d369e: start FollowerState
2019-10-17 07:38:43,381 [05f59524-a4ea-4be4-b99d-fb9eed47142d@group-9DC5606B5DE8-LeaderElection165] INFO  impl.LeaderElection (LeaderElection.java:logAndReturn(56)) - 05f59524-a4ea-4be4-b99d-fb9eed47142d@group-9DC5606B5DE8-LeaderElection165: Election REJECTED; received 2 response(s) [05f59524-a4ea-4be4-b99d-fb9eed47142d<-4b035f45-7941-40c3-ba2d-1cbecd2d369e#0:FAIL-t192, 05f59524-a4ea-4be4-b99d-fb9eed47142d<-920a4478-64f4-4720-983c-9a2102f3c94b#0:FAIL-t192] and 0 exception(s); 05f59524-a4ea-4be4-b99d-fb9eed47142d@group-9DC5606B5DE8:t192, leader=null, voted=05f59524-a4ea-4be4-b99d-fb9eed47142d, raftlog=05f59524-a4ea-4be4-b99d-fb9eed47142d@group-9DC5606B5DE8-SegmentedRaftLog:OPENED:c-1,f-1,i0, conf=-1: [05f59524-a4ea-4be4-b99d-fb9eed47142d:192.168.34.62:45919, 4b035f45-7941-40c3-ba2d-1cbecd2d369e:192.168.34.62:45443, 920a4478-64f4-4720-983c-9a2102f3c94b:192.168.34.62:38609], old=null
2019-10-17 07:38:43,381 [05f59524-a4ea-4be4-b99d-fb9eed47142d@group-9DC5606B5DE8-LeaderElection165] INFO  impl.RaftServerImpl (RaftServerImpl.java:setRole(184)) - 05f59524-a4ea-4be4-b99d-fb9eed47142d@group-9DC5606B5DE8: changes role from CANDIDATE to FOLLOWER at term 192 for DISCOVERED_A_NEW_TERM
2019-10-17 07:38:43,382 [05f59524-a4ea-4be4-b99d-fb9eed47142d@group-9DC5606B5DE8-LeaderElection165] INFO  impl.RoleInfo (RoleInfo.java:shutdownLeaderElection(134)) - 05f59524-a4ea-4be4-b99d-fb9eed47142d: shutdown LeaderElection
2019-10-17 07:38:43,382 [05f59524-a4ea-4be4-b99d-fb9eed47142d@group-9DC5606B5DE8-LeaderElection165] INFO  impl.RoleInfo (RoleInfo.java:updateAndGet(143)) - 05f59524-a4ea-4be4-b99d-fb9eed47142d: start FollowerState
2019-10-17 07:38:43,578 [Thread-1520] INFO  impl.FollowerState (FollowerState.java:run(108)) - 05f59524-a4ea-4be4-b99d-fb9eed47142d@group-9DC5606B5DE8-FollowerState: change to CANDIDATE, lastRpcTime:196ms, electionTimeout:196ms
2019-10-17 07:38:43,578 [Thread-1520] INFO  impl.RoleInfo (RoleInfo.java:shutdownFollowerState(121)) - 05f59524-a4ea-4be4-b99d-fb9eed47142d: shutdown FollowerState
2019-10-17 07:38:43,579 [Thread-1520] INFO  impl.RaftServerImpl (RaftServerImpl.java:setRole(184)) - 05f59524-a4ea-4be4-b99d-fb9eed47142d@group-9DC5606B5DE8: changes role from  FOLLOWER to CANDIDATE at term 192 for changeToCandidate
2019-10-17 07:38:43,579 [Thread-1520] INFO  impl.RoleInfo (RoleInfo.java:updateAndGet(143)) - 05f59524-a4ea-4be4-b99d-fb9eed47142d: start LeaderElection
2019-10-17 07:38:43,621 [05f59524-a4ea-4be4-b99d-fb9eed47142d@group-9DC5606B5DE8-LeaderElection166] INFO  impl.LeaderElection (LeaderElection.java:askForVotes(178)) - 05f59524-a4ea-4be4-b99d-fb9eed47142d@group-9DC5606B5DE8-LeaderElection166: begin an election at term 193 for -1: [05f59524-a4ea-4be4-b99d-fb9eed47142d:192.168.34.62:45919, 4b035f45-7941-40c3-ba2d-1cbecd2d369e:192.168.34.62:45443, 920a4478-64f4-4720-983c-9a2102f3c94b:192.168.34.62:38609], old=null
2019-10-17 07:38:43,623 [grpc-default-executor-5] INFO  impl.RaftServerImpl (RaftServerImpl.java:setRole(184)) - 4b035f45-7941-40c3-ba2d-1cbecd2d369e@group-9DC5606B5DE8: changes role from  FOLLOWER to FOLLOWER at term 193 for recognizeCandidate:05f59524-a4ea-4be4-b99d-fb9eed47142d
2019-10-17 07:38:43,624 [grpc-default-executor-5] INFO  impl.RoleInfo (RoleInfo.java:shutdownFollowerState(121)) - 4b035f45-7941-40c3-ba2d-1cbecd2d369e: shutdown FollowerState
2019-10-17 07:38:43,624 [grpc-default-executor-6] INFO  impl.RaftServerImpl (RaftServerImpl.java:setRole(184)) - 920a4478-64f4-4720-983c-9a2102f3c94b@group-9DC5606B5DE8: changes role from  FOLLOWER to FOLLOWER at term 193 for recognizeCandidate:05f59524-a4ea-4be4-b99d-fb9eed47142d
2019-10-17 07:38:43,624 [Thread-1519] INFO  impl.FollowerState (FollowerState.java:run(117)) - 4b035f45-7941-40c3-ba2d-1cbecd2d369e@group-9DC5606B5DE8-FollowerState was interrupted: java.lang.InterruptedException: sleep interrupted
2019-10-17 07:38:43,624 [grpc-default-executor-5] INFO  impl.RoleInfo (RoleInfo.java:updateAndGet(143)) - 4b035f45-7941-40c3-ba2d-1cbecd2d369e: start FollowerState
2019-10-17 07:38:43,624 [grpc-default-executor-6] INFO  impl.RoleInfo (RoleInfo.java:shutdownFollowerState(121)) - 920a4478-64f4-4720-983c-9a2102f3c94b: shutdown FollowerState
2019-10-17 07:38:43,625 [grpc-default-executor-6] INFO  impl.RoleInfo (RoleInfo.java:updateAndGet(143)) - 920a4478-64f4-4720-983c-9a2102f3c94b: start FollowerState
2019-10-17 07:38:43,625 [Thread-1518] INFO  impl.FollowerState (FollowerState.java:run(117)) - 920a4478-64f4-4720-983c-9a2102f3c94b@group-9DC5606B5DE8-FollowerState was interrupted: java.lang.InterruptedException: sleep interrupted
2019-10-17 07:38:43,651 [05f59524-a4ea-4be4-b99d-fb9eed47142d@group-9DC5606B5DE8-LeaderElection166] INFO  impl.LeaderElection (LeaderElection.java:logAndReturn(56)) - 05f59524-a4ea-4be4-b99d-fb9eed47142d@group-9DC5606B5DE8-LeaderElection166: Election REJECTED; received 2 response(s) [05f59524-a4ea-4be4-b99d-fb9eed47142d<-4b035f45-7941-40c3-ba2d-1cbecd2d369e#0:FAIL-t193, 05f59524-a4ea-4be4-b99d-fb9eed47142d<-920a4478-64f4-4720-983c-9a2102f3c94b#0:FAIL-t193] and 0 exception(s); 05f59524-a4ea-4be4-b99d-fb9eed47142d@group-9DC5606B5DE8:t193, leader=null, voted=05f59524-a4ea-4be4-b99d-fb9eed47142d, raftlog=05f59524-a4ea-4be4-b99d-fb9eed47142d@group-9DC5606B5DE8-SegmentedRaftLog:OPENED:c-1,f-1,i0, conf=-1: [05f59524-a4ea-4be4-b99d-fb9eed47142d:192.168.34.62:45919, 4b035f45-7941-40c3-ba2d-1cbecd2d369e:192.168.34.62:45443, 920a4478-64f4-4720-983c-9a2102f3c94b:192.168.34.62:38609], old=null
2019-10-17 07:38:43,652 [05f59524-a4ea-4be4-b99d-fb9eed47142d@group-9DC5606B5DE8-LeaderElection166] INFO  impl.RaftServerImpl (RaftServerImpl.java:setRole(184)) - 05f59524-a4ea-4be4-b99d-fb9eed47142d@group-9DC5606B5DE8: changes role from CANDIDATE to FOLLOWER at term 193 for DISCOVERED_A_NEW_TERM
2019-10-17 07:38:43,652 [05f59524-a4ea-4be4-b99d-fb9eed47142d@group-9DC5606B5DE8-LeaderElection166] INFO  impl.RoleInfo (RoleInfo.java:shutdownLeaderElection(134)) - 05f59524-a4ea-4be4-b99d-fb9eed47142d: shutdown LeaderElection
2019-10-17 07:38:43,652 [05f59524-a4ea-4be4-b99d-fb9eed47142d@group-9DC5606B5DE8-LeaderElection166] INFO  impl.RoleInfo (RoleInfo.java:updateAndGet(143)) - 05f59524-a4ea-4be4-b99d-fb9eed47142d: start FollowerState
2019-10-17 07:38:43,851 [Thread-1526] INFO  impl.FollowerState (FollowerState.java:run(108)) - 05f59524-a4ea-4be4-b99d-fb9eed47142d@group-9DC5606B5DE8-FollowerState: change to CANDIDATE, lastRpcTime:199ms, electionTimeout:199ms
2019-10-17 07:38:43,851 [Thread-1526] INFO  impl.RoleInfo (RoleInfo.java:shutdownFollowerState(121)) - 05f59524-a4ea-4be4-b99d-fb9eed47142d: shutdown FollowerState
2019-10-17 07:38:43,852 [Thread-1526] INFO  impl.RaftServerImpl (RaftServerImpl.java:setRole(184)) - 05f59524-a4ea-4be4-b99d-fb9eed47142d@group-9DC5606B5DE8: changes role from  FOLLOWER to CANDIDATE at term 193 for changeToCandidate
2019-10-17 07:38:43,852 [Thread-1526] INFO  impl.RoleInfo (RoleInfo.java:updateAndGet(143)) - 05f59524-a4ea-4be4-b99d-fb9eed47142d: start LeaderElection
2019-10-17 07:38:43,881 [05f59524-a4ea-4be4-b99d-fb9eed47142d@group-9DC5606B5DE8-LeaderElection167] INFO  impl.LeaderElection (LeaderElection.java:askForVotes(178)) - 05f59524-a4ea-4be4-b99d-fb9eed47142d@group-9DC5606B5DE8-LeaderElection167: begin an election at term 194 for -1: [05f59524-a4ea-4be4-b99d-fb9eed47142d:192.168.34.62:45919, 4b035f45-7941-40c3-ba2d-1cbecd2d369e:192.168.34.62:45443, 920a4478-64f4-4720-983c-9a2102f3c94b:192.168.34.62:38609], old=null
2019-10-17 07:38:43,884 [grpc-default-executor-6] INFO  impl.RaftServerImpl (RaftServerImpl.java:setRole(184)) - 4b035f45-7941-40c3-ba2d-1cbecd2d369e@group-9DC5606B5DE8: changes role from  FOLLOWER to FOLLOWER at term 194 for recognizeCandidate:05f59524-a4ea-4be4-b99d-fb9eed47142d
2019-10-17 07:38:43,884 [grpc-default-executor-5] INFO  impl.RaftServerImpl (RaftServerImpl.java:setRole(184)) - 920a4478-64f4-4720-983c-9a2102f3c94b@group-9DC5606B5DE8: changes role from  FOLLOWER to FOLLOWER at term 194 for recognizeCandidate:05f59524-a4ea-4be4-b99d-fb9eed47142d
2019-10-17 07:38:43,884 [grpc-default-executor-6] INFO  impl.RoleInfo (RoleInfo.java:shutdownFollowerState(121)) - 4b035f45-7941-40c3-ba2d-1cbecd2d369e: shutdown FollowerState
2019-10-17 07:38:43,884 [grpc-default-executor-5] INFO  impl.RoleInfo (RoleInfo.java:shutdownFollowerState(121)) - 920a4478-64f4-4720-983c-9a2102f3c94b: shutdown FollowerState
2019-10-17 07:38:43,885 [Thread-1524] INFO  impl.FollowerState (FollowerState.java:run(117)) - 4b035f45-7941-40c3-ba2d-1cbecd2d369e@group-9DC5606B5DE8-FollowerState was interrupted: java.lang.InterruptedException: sleep interrupted
2019-10-17 07:38:43,885 [grpc-default-executor-6] INFO  impl.RoleInfo (RoleInfo.java:updateAndGet(143)) - 4b035f45-7941-40c3-ba2d-1cbecd2d369e: start FollowerState
2019-10-17 07:38:43,885 [Thread-1525] INFO  impl.FollowerState (FollowerState.java:run(117)) - 920a4478-64f4-4720-983c-9a2102f3c94b@group-9DC5606B5DE8-FollowerState was interrupted: java.lang.InterruptedException: sleep interrupted
2019-10-17 07:38:43,885 [grpc-default-executor-5] INFO  impl.RoleInfo (RoleInfo.java:updateAndGet(143)) - 920a4478-64f4-4720-983c-9a2102f3c94b: start FollowerState
2019-10-17 07:38:43,917 [05f59524-a4ea-4be4-b99d-fb9eed47142d@group-9DC5606B5DE8-LeaderElection167] INFO  impl.LeaderElection (LeaderElection.java:logAndReturn(56)) - 05f59524-a4ea-4be4-b99d-fb9eed47142d@group-9DC5606B5DE8-LeaderElection167: Election REJECTED; received 2 response(s) [05f59524-a4ea-4be4-b99d-fb9eed47142d<-4b035f45-7941-40c3-ba2d-1cbecd2d369e#0:FAIL-t194, 05f59524-a4ea-4be4-b99d-fb9eed47142d<-920a4478-64f4-4720-983c-9a2102f3c94b#0:FAIL-t194] and 0 exception(s); 05f59524-a4ea-4be4-b99d-fb9eed47142d@group-9DC5606B5DE8:t194, leader=null, voted=05f59524-a4ea-4be4-b99d-fb9eed47142d, raftlog=05f59524-a4ea-4be4-b99d-fb9eed47142d@group-9DC5606B5DE8-SegmentedRaftLog:OPENED:c-1,f-1,i0, conf=-1: [05f59524-a4ea-4be4-b99d-fb9eed47142d:192.168.34.62:45919, 4b035f45-7941-40c3-ba2d-1cbecd2d369e:192.168.34.62:45443, 920a4478-64f4-4720-983c-9a2102f3c94b:192.168.34.62:38609], old=null
2019-10-17 07:38:43,917 [05f59524-a4ea-4be4-b99d-fb9eed47142d@group-9DC5606B5DE8-LeaderElection167] INFO  impl.RaftServerImpl (RaftServerImpl.java:setRole(184)) - 05f59524-a4ea-4be4-b99d-fb9eed47142d@group-9DC5606B5DE8: changes role from CANDIDATE to FOLLOWER at term 194 for DISCOVERED_A_NEW_TERM
2019-10-17 07:38:43,917 [05f59524-a4ea-4be4-b99d-fb9eed47142d@group-9DC5606B5DE8-LeaderElection167] INFO  impl.RoleInfo (RoleInfo.java:shutdownLeaderElection(134)) - 05f59524-a4ea-4be4-b99d-fb9eed47142d: shutdown LeaderElection
2019-10-17 07:38:43,917 [05f59524-a4ea-4be4-b99d-fb9eed47142d@group-9DC5606B5DE8-LeaderElection167] INFO  impl.RoleInfo (RoleInfo.java:updateAndGet(143)) - 05f59524-a4ea-4be4-b99d-fb9eed47142d: start FollowerState
2019-10-17 07:38:44,038 [Thread-1532] INFO  impl.FollowerState (FollowerState.java:run(108)) - 05f59524-a4ea-4be4-b99d-fb9eed47142d@group-9DC5606B5DE8-FollowerState: change to CANDIDATE, lastRpcTime:120ms, electionTimeout:120ms
2019-10-17 07:38:44,038 [Thread-1532] INFO  impl.RoleInfo (RoleInfo.java:shutdownFollowerState(121)) - 05f59524-a4ea-4be4-b99d-fb9eed47142d: shutdown FollowerState
2019-10-17 07:38:44,038 [Thread-1532] INFO  impl.RaftServerImpl (RaftServerImpl.java:setRole(184)) - 05f59524-a4ea-4be4-b99d-fb9eed47142d@group-9DC5606B5DE8: changes role from  FOLLOWER to CANDIDATE at term 194 for changeToCandidate
2019-10-17 07:38:44,038 [Thread-1532] INFO  impl.RoleInfo (RoleInfo.java:updateAndGet(143)) - 05f59524-a4ea-4be4-b99d-fb9eed47142d: start LeaderElection
2019-10-17 07:38:44,062 [05f59524-a4ea-4be4-b99d-fb9eed47142d@group-9DC5606B5DE8-LeaderElection168] INFO  impl.LeaderElection (LeaderElection.java:askForVotes(178)) - 05f59524-a4ea-4be4-b99d-fb9eed47142d@group-9DC5606B5DE8-LeaderElection168: begin an election at term 195 for -1: [05f59524-a4ea-4be4-b99d-fb9eed47142d:192.168.34.62:45919, 4b035f45-7941-40c3-ba2d-1cbecd2d369e:192.168.34.62:45443, 920a4478-64f4-4720-983c-9a2102f3c94b:192.168.34.62:38609], old=null
2019-10-17 07:38:44,064 [grpc-default-executor-6] INFO  impl.RaftServerImpl (RaftServerImpl.java:setRole(184)) - 4b035f45-7941-40c3-ba2d-1cbecd2d369e@group-9DC5606B5DE8: changes role from  FOLLOWER to FOLLOWER at term 195 for recognizeCandidate:05f59524-a4ea-4be4-b99d-fb9eed47142d
2019-10-17 07:38:44,064 [grpc-default-executor-5] INFO  impl.RaftServerImpl (RaftServerImpl.java:setRole(184)) - 920a4478-64f4-4720-983c-9a2102f3c94b@group-9DC5606B5DE8: changes role from  FOLLOWER to FOLLOWER at term 195 for recognizeCandidate:05f59524-a4ea-4be4-b99d-fb9eed47142d
2019-10-17 07:38:44,064 [grpc-default-executor-6] INFO  impl.RoleInfo (RoleInfo.java:shutdownFollowerState(121)) - 4b035f45-7941-40c3-ba2d-1cbecd2d369e: shutdown FollowerState
2019-10-17 07:38:44,064 [grpc-default-executor-5] INFO  impl.RoleInfo (RoleInfo.java:shutdownFollowerState(121)) - 920a4478-64f4-4720-983c-9a2102f3c94b: shutdown FollowerState
2019-10-17 07:38:44,065 [Thread-1530] INFO  impl.FollowerState (FollowerState.java:run(117)) - 4b035f45-7941-40c3-ba2d-1cbecd2d369e@group-9DC5606B5DE8-FollowerState was interrupted: java.lang.InterruptedException: sleep interrupted
2019-10-17 07:38:44,065 [grpc-default-executor-6] INFO  impl.RoleInfo (RoleInfo.java:updateAndGet(143)) - 4b035f45-7941-40c3-ba2d-1cbecd2d369e: start FollowerState
2019-10-17 07:38:44,065 [Thread-1531] INFO  impl.FollowerState (FollowerState.java:run(117)) - 920a4478-64f4-4720-983c-9a2102f3c94b@group-9DC5606B5DE8-FollowerState was interrupted: java.lang.InterruptedException: sleep interrupted
2019-10-17 07:38:44,065 [grpc-default-executor-5] INFO  impl.RoleInfo (RoleInfo.java:updateAndGet(143)) - 920a4478-64f4-4720-983c-9a2102f3c94b: start FollowerState
2019-10-17 07:38:44,101 [05f59524-a4ea-4be4-b99d-fb9eed47142d@group-9DC5606B5DE8-LeaderElection168] INFO  impl.LeaderElection (LeaderElection.java:logAndReturn(56)) - 05f59524-a4ea-4be4-b99d-fb9eed47142d@group-9DC5606B5DE8-LeaderElection168: Election REJECTED; received 2 response(s) [05f59524-a4ea-4be4-b99d-fb9eed47142d<-4b035f45-7941-40c3-ba2d-1cbecd2d369e#0:FAIL-t195, 05f59524-a4ea-4be4-b99d-fb9eed47142d<-920a4478-64f4-4720-983c-9a2102f3c94b#0:FAIL-t195] and 0 exception(s); 05f59524-a4ea-4be4-b99d-fb9eed47142d@group-9DC5606B5DE8:t195, leader=null, voted=05f59524-a4ea-4be4-b99d-fb9eed47142d, raftlog=05f59524-a4ea-4be4-b99d-fb9eed47142d@group-9DC5606B5DE8-SegmentedRaftLog:OPENED:c-1,f-1,i0, conf=-1: [05f59524-a4ea-4be4-b99d-fb9eed47142d:192.168.34.62:45919, 4b035f45-7941-40c3-ba2d-1cbecd2d369e:192.168.34.62:45443, 920a4478-64f4-4720-983c-9a2102f3c94b:192.168.34.62:38609], old=null
2019-10-17 07:38:44,101 [05f59524-a4ea-4be4-b99d-fb9eed47142d@group-9DC5606B5DE8-LeaderElection168] INFO  impl.RaftServerImpl (RaftServerImpl.java:setRole(184)) - 05f59524-a4ea-4be4-b99d-fb9eed47142d@group-9DC5606B5DE8: changes role from CANDIDATE to FOLLOWER at term 195 for DISCOVERED_A_NEW_TERM
2019-10-17 07:38:44,101 [05f59524-a4ea-4be4-b99d-fb9eed47142d@group-9DC5606B5DE8-LeaderElection168] INFO  impl.RoleInfo (RoleInfo.java:shutdownLeaderElection(134)) - 05f59524-a4ea-4be4-b99d-fb9eed47142d: shutdown LeaderElection
2019-10-17 07:38:44,101 [05f59524-a4ea-4be4-b99d-fb9eed47142d@group-9DC5606B5DE8-LeaderElection168] INFO  impl.RoleInfo (RoleInfo.java:updateAndGet(143)) - 05f59524-a4ea-4be4-b99d-fb9eed47142d: start FollowerState
2019-10-17 07:38:44,150 [Thread-1538] INFO  impl.FollowerState (FollowerState.java:run(108)) - 05f59524-a4ea-4be4-b99d-fb9eed47142d@group-9DC5606B5DE8-FollowerState: change to CANDIDATE, lastRpcTime:49ms, electionTimeout:49ms
2019-10-17 07:38:44,151 [Thread-1538] INFO  impl.RoleInfo (RoleInfo.java:shutdownFollowerState(121)) - 05f59524-a4ea-4be4-b99d-fb9eed47142d: shutdown FollowerState
2019-10-17 07:38:44,151 [Thread-1538] INFO  impl.RaftServerImpl (RaftServerImpl.java:setRole(184)) - 05f59524-a4ea-4be4-b99d-fb9eed47142d@group-9DC5606B5DE8: changes role from  FOLLOWER to CANDIDATE at term 195 for changeToCandidate
2019-10-17 07:38:44,151 [Thread-1538] INFO  impl.RoleInfo (RoleInfo.java:updateAndGet(143)) - 05f59524-a4ea-4be4-b99d-fb9eed47142d: start LeaderElection
2019-10-17 07:38:44,192 [05f59524-a4ea-4be4-b99d-fb9eed47142d@group-9DC5606B5DE8-LeaderElection169] INFO  impl.LeaderElection (LeaderElection.java:askForVotes(178)) - 05f59524-a4ea-4be4-b99d-fb9eed47142d@group-9DC5606B5DE8-LeaderElection169: begin an election at term 196 for -1: [05f59524-a4ea-4be4-b99d-fb9eed47142d:192.168.34.62:45919, 4b035f45-7941-40c3-ba2d-1cbecd2d369e:192.168.34.62:45443, 920a4478-64f4-4720-983c-9a2102f3c94b:192.168.34.62:38609], old=null
2019-10-17 07:38:44,195 [grpc-default-executor-6] INFO  impl.RaftServerImpl (RaftServerImpl.java:setRole(184)) - 4b035f45-7941-40c3-ba2d-1cbecd2d369e@group-9DC5606B5DE8: changes role from  FOLLOWER to FOLLOWER at term 196 for recognizeCandidate:05f59524-a4ea-4be4-b99d-fb9eed47142d
2019-10-17 07:38:44,195 [grpc-default-executor-6] INFO  impl.RoleInfo (RoleInfo.java:shutdownFollowerState(121)) - 4b035f45-7941-40c3-ba2d-1cbecd2d369e: shutdown FollowerState
2019-10-17 07:38:44,195 [grpc-default-executor-5] INFO  impl.RaftServerImpl (RaftServerImpl.java:setRole(184)) - 920a4478-64f4-4720-983c-9a2102f3c94b@group-9DC5606B5DE8: changes role from  FOLLOWER to FOLLOWER at term 196 for recognizeCandidate:05f59524-a4ea-4be4-b99d-fb9eed47142d
2019-10-17 07:38:44,195 [grpc-default-executor-5] INFO  impl.RoleInfo (RoleInfo.java:shutdownFollowerState(121)) - 920a4478-64f4-4720-983c-9a2102f3c94b: shutdown FollowerState
2019-10-17 07:38:44,195 [Thread-1536] INFO  impl.FollowerState (FollowerState.java:run(117)) - 4b035f45-7941-40c3-ba2d-1cbecd2d369e@group-9DC5606B5DE8-FollowerState was interrupted: java.lang.InterruptedException: sleep interrupted
2019-10-17 07:38:44,195 [grpc-default-executor-6] INFO  impl.RoleInfo (RoleInfo.java:updateAndGet(143)) - 4b035f45-7941-40c3-ba2d-1cbecd2d369e: start FollowerState
2019-10-17 07:38:44,195 [Thread-1537] INFO  impl.FollowerState (FollowerState.java:run(117)) - 920a4478-64f4-4720-983c-9a2102f3c94b@group-9DC5606B5DE8-FollowerState was interrupted: java.lang.InterruptedException: sleep interrupted
2019-10-17 07:38:44,195 [grpc-default-executor-5] INFO  impl.RoleInfo (RoleInfo.java:updateAndGet(143)) - 920a4478-64f4-4720-983c-9a2102f3c94b: start FollowerState
2019-10-17 07:38:44,239 [05f59524-a4ea-4be4-b99d-fb9eed47142d@group-9DC5606B5DE8-LeaderElection169] INFO  impl.LeaderElection (LeaderElection.java:logAndReturn(56)) - 05f59524-a4ea-4be4-b99d-fb9eed47142d@group-9DC5606B5DE8-LeaderElection169: Election REJECTED; received 2 response(s) [05f59524-a4ea-4be4-b99d-fb9eed47142d<-4b035f45-7941-40c3-ba2d-1cbecd2d369e#0:FAIL-t196, 05f59524-a4ea-4be4-b99d-fb9eed47142d<-920a4478-64f4-4720-983c-9a2102f3c94b#0:FAIL-t196] and 0 exception(s); 05f59524-a4ea-4be4-b99d-fb9eed47142d@group-9DC5606B5DE8:t196, leader=null, voted=05f59524-a4ea-4be4-b99d-fb9eed47142d, raftlog=05f59524-a4ea-4be4-b99d-fb9eed47142d@group-9DC5606B5DE8-SegmentedRaftLog:OPENED:c-1,f-1,i0, conf=-1: [05f59524-a4ea-4be4-b99d-fb9eed47142d:192.168.34.62:45919, 4b035f45-7941-40c3-ba2d-1cbecd2d369e:192.168.34.62:45443, 920a4478-64f4-4720-983c-9a2102f3c94b:192.168.34.62:38609], old=null
2019-10-17 07:38:44,240 [05f59524-a4ea-4be4-b99d-fb9eed47142d@group-9DC5606B5DE8-LeaderElection169] INFO  impl.RaftServerImpl (RaftServerImpl.java:setRole(184)) - 05f59524-a4ea-4be4-b99d-fb9eed47142d@group-9DC5606B5DE8: changes role from CANDIDATE to FOLLOWER at term 196 for DISCOVERED_A_NEW_TERM
2019-10-17 07:38:44,240 [05f59524-a4ea-4be4-b99d-fb9eed47142d@group-9DC5606B5DE8-LeaderElection169] INFO  impl.RoleInfo (RoleInfo.java:shutdownLeaderElection(134)) - 05f59524-a4ea-4be4-b99d-fb9eed47142d: shutdown LeaderElection
2019-10-17 07:38:44,240 [05f59524-a4ea-4be4-b99d-fb9eed47142d@group-9DC5606B5DE8-LeaderElection169] INFO  impl.RoleInfo (RoleInfo.java:updateAndGet(143)) - 05f59524-a4ea-4be4-b99d-fb9eed47142d: start FollowerState
2019-10-17 07:38:44,404 [Thread-1544] INFO  impl.FollowerState (FollowerState.java:run(108)) - 05f59524-a4ea-4be4-b99d-fb9eed47142d@group-9DC5606B5DE8-FollowerState: change to CANDIDATE, lastRpcTime:164ms, electionTimeout:164ms
2019-10-17 07:38:44,405 [Thread-1544] INFO  impl.RoleInfo (RoleInfo.java:shutdownFollowerState(121)) - 05f59524-a4ea-4be4-b99d-fb9eed47142d: shutdown FollowerState
2019-10-17 07:38:44,405 [Thread-1544] INFO  impl.RaftServerImpl (RaftServerImpl.java:setRole(184)) - 05f59524-a4ea-4be4-b99d-fb9eed47142d@group-9DC5606B5DE8: changes role from  FOLLOWER to CANDIDATE at term 196 for changeToCandidate
2019-10-17 07:38:44,405 [Thread-1544] INFO  impl.RoleInfo (RoleInfo.java:updateAndGet(143)) - 05f59524-a4ea-4be4-b99d-fb9eed47142d: start LeaderElection
2019-10-17 07:38:44,454 [05f59524-a4ea-4be4-b99d-fb9eed47142d@group-9DC5606B5DE8-LeaderElection170] INFO  impl.LeaderElection (LeaderElection.java:askForVotes(178)) - 05f59524-a4ea-4be4-b99d-fb9eed47142d@group-9DC5606B5DE8-LeaderElection170: begin an election at term 197 for -1: [05f59524-a4ea-4be4-b99d-fb9eed47142d:192.168.34.62:45919, 4b035f45-7941-40c3-ba2d-1cbecd2d369e:192.168.34.62:45443, 920a4478-64f4-4720-983c-9a2102f3c94b:192.168.34.62:38609], old=null
2019-10-17 07:38:44,456 [grpc-default-executor-6] INFO  impl.RaftServerImpl (RaftServerImpl.java:setRole(184)) - 920a4478-64f4-4720-983c-9a2102f3c94b@group-9DC5606B5DE8: changes role from  FOLLOWER to FOLLOWER at term 197 for recognizeCandidate:05f59524-a4ea-4be4-b99d-fb9eed47142d
2019-10-17 07:38:44,459 [grpc-default-executor-6] INFO  impl.RoleInfo (RoleInfo.java:shutdownFollowerState(121)) - 920a4478-64f4-4720-983c-9a2102f3c94b: shutdown FollowerState
2019-10-17 07:38:44,457 [grpc-default-executor-5] INFO  impl.RaftServerImpl (RaftServerImpl.java:setRole(184)) - 4b035f45-7941-40c3-ba2d-1cbecd2d369e@group-9DC5606B5DE8: changes role from  FOLLOWER to FOLLOWER at term 197 for recognizeCandidate:05f59524-a4ea-4be4-b99d-fb9eed47142d
2019-10-17 07:38:44,459 [Thread-1543] INFO  impl.FollowerState (FollowerState.java:run(117)) - 920a4478-64f4-4720-983c-9a2102f3c94b@group-9DC5606B5DE8-FollowerState was interrupted: java.lang.InterruptedException: sleep interrupted
2019-10-17 07:38:44,459 [grpc-default-executor-6] INFO  impl.RoleInfo (RoleInfo.java:updateAndGet(143)) - 920a4478-64f4-4720-983c-9a2102f3c94b: start FollowerState
2019-10-17 07:38:44,459 [grpc-default-executor-5] INFO  impl.RoleInfo (RoleInfo.java:shutdownFollowerState(121)) - 4b035f45-7941-40c3-ba2d-1cbecd2d369e: shutdown FollowerState
2019-10-17 07:38:44,460 [grpc-default-executor-5] INFO  impl.RoleInfo (RoleInfo.java:updateAndGet(143)) - 4b035f45-7941-40c3-ba2d-1cbecd2d369e: start FollowerState
2019-10-17 07:38:44,460 [Thread-1542] INFO  impl.FollowerState (FollowerState.java:run(117)) - 4b035f45-7941-40c3-ba2d-1cbecd2d369e@group-9DC5606B5DE8-FollowerState was interrupted: java.lang.InterruptedException: sleep interrupted
2019-10-17 07:38:44,514 [05f59524-a4ea-4be4-b99d-fb9eed47142d@group-9DC5606B5DE8-LeaderElection170] INFO  impl.LeaderElection (LeaderElection.java:logAndReturn(56)) - 05f59524-a4ea-4be4-b99d-fb9eed47142d@group-9DC5606B5DE8-LeaderElection170: Election REJECTED; received 2 response(s) [05f59524-a4ea-4be4-b99d-fb9eed47142d<-4b035f45-7941-40c3-ba2d-1cbecd2d369e#0:FAIL-t197, 05f59524-a4ea-4be4-b99d-fb9eed47142d<-920a4478-64f4-4720-983c-9a2102f3c94b#0:FAIL-t197] and 0 exception(s); 05f59524-a4ea-4be4-b99d-fb9eed47142d@group-9DC5606B5DE8:t197, leader=null, voted=05f59524-a4ea-4be4-b99d-fb9eed47142d, raftlog=05f59524-a4ea-4be4-b99d-fb9eed47142d@group-9DC5606B5DE8-SegmentedRaftLog:OPENED:c-1,f-1,i0, conf=-1: [05f59524-a4ea-4be4-b99d-fb9eed47142d:192.168.34.62:45919, 4b035f45-7941-40c3-ba2d-1cbecd2d369e:192.168.34.62:45443, 920a4478-64f4-4720-983c-9a2102f3c94b:192.168.34.62:38609], old=null
2019-10-17 07:38:44,515 [05f59524-a4ea-4be4-b99d-fb9eed47142d@group-9DC5606B5DE8-LeaderElection170] INFO  impl.RaftServerImpl (RaftServerImpl.java:setRole(184)) - 05f59524-a4ea-4be4-b99d-fb9eed47142d@group-9DC5606B5DE8: changes role from CANDIDATE to FOLLOWER at term 197 for DISCOVERED_A_NEW_TERM
2019-10-17 07:38:44,515 [05f59524-a4ea-4be4-b99d-fb9eed47142d@group-9DC5606B5DE8-LeaderElection170] INFO  impl.RoleInfo (RoleInfo.java:shutdownLeaderElection(134)) - 05f59524-a4ea-4be4-b99d-fb9eed47142d: shutdown LeaderElection
2019-10-17 07:38:44,515 [05f59524-a4ea-4be4-b99d-fb9eed47142d@group-9DC5606B5DE8-LeaderElection170] INFO  impl.RoleInfo (RoleInfo.java:updateAndGet(143)) - 05f59524-a4ea-4be4-b99d-fb9eed47142d: start FollowerState
2019-10-17 07:38:44,561 [Thread-1550] INFO  impl.FollowerState (FollowerState.java:run(108)) - 05f59524-a4ea-4be4-b99d-fb9eed47142d@group-9DC5606B5DE8-FollowerState: change to CANDIDATE, lastRpcTime:46ms, electionTimeout:46ms
2019-10-17 07:38:44,562 [Thread-1550] INFO  impl.RoleInfo (RoleInfo.java:shutdownFollowerState(121)) - 05f59524-a4ea-4be4-b99d-fb9eed47142d: shutdown FollowerState
2019-10-17 07:38:44,562 [Thread-1550] INFO  impl.RaftServerImpl (RaftServerImpl.java:setRole(184)) - 05f59524-a4ea-4be4-b99d-fb9eed47142d@group-9DC5606B5DE8: changes role from  FOLLOWER to CANDIDATE at term 197 for changeToCandidate
2019-10-17 07:38:44,562 [Thread-1550] INFO  impl.RoleInfo (RoleInfo.java:updateAndGet(143)) - 05f59524-a4ea-4be4-b99d-fb9eed47142d: start LeaderElection
2019-10-17 07:38:44,608 [05f59524-a4ea-4be4-b99d-fb9eed47142d@group-9DC5606B5DE8-LeaderElection171] INFO  impl.LeaderElection (LeaderElection.java:askForVotes(178)) - 05f59524-a4ea-4be4-b99d-fb9eed47142d@group-9DC5606B5DE8-LeaderElection171: begin an election at term 198 for -1: [05f59524-a4ea-4be4-b99d-fb9eed47142d:192.168.34.62:45919, 4b035f45-7941-40c3-ba2d-1cbecd2d369e:192.168.34.62:45443, 920a4478-64f4-4720-983c-9a2102f3c94b:192.168.34.62:38609], old=null
2019-10-17 07:38:44,611 [grpc-default-executor-5] INFO  impl.RaftServerImpl (RaftServerImpl.java:setRole(184)) - 4b035f45-7941-40c3-ba2d-1cbecd2d369e@group-9DC5606B5DE8: changes role from  FOLLOWER to FOLLOWER at term 198 for recognizeCandidate:05f59524-a4ea-4be4-b99d-fb9eed47142d
2019-10-17 07:38:44,611 [grpc-default-executor-5] INFO  impl.RoleInfo (RoleInfo.java:shutdownFollowerState(121)) - 4b035f45-7941-40c3-ba2d-1cbecd2d369e: shutdown FollowerState
2019-10-17 07:38:44,611 [grpc-default-executor-6] INFO  impl.RaftServerImpl (RaftServerImpl.java:setRole(184)) - 920a4478-64f4-4720-983c-9a2102f3c94b@group-9DC5606B5DE8: changes role from  FOLLOWER to FOLLOWER at term 198 for recognizeCandidate:05f59524-a4ea-4be4-b99d-fb9eed47142d
2019-10-17 07:38:44,611 [grpc-default-executor-6] INFO  impl.RoleInfo (RoleInfo.java:shutdownFollowerState(121)) - 920a4478-64f4-4720-983c-9a2102f3c94b: shutdown FollowerState
2019-10-17 07:38:44,611 [Thread-1549] INFO  impl.FollowerState (FollowerState.java:run(117)) - 4b035f45-7941-40c3-ba2d-1cbecd2d369e@group-9DC5606B5DE8-FollowerState was interrupted: java.lang.InterruptedException: sleep interrupted
2019-10-17 07:38:44,611 [grpc-default-executor-5] INFO  impl.RoleInfo (RoleInfo.java:updateAndGet(143)) - 4b035f45-7941-40c3-ba2d-1cbecd2d369e: start FollowerState
2019-10-17 07:38:44,611 [grpc-default-executor-6] INFO  impl.RoleInfo (RoleInfo.java:updateAndGet(143)) - 920a4478-64f4-4720-983c-9a2102f3c94b: start FollowerState
2019-10-17 07:38:44,611 [Thread-1548] INFO  impl.FollowerState (FollowerState.java:run(117)) - 920a4478-64f4-4720-983c-9a2102f3c94b@group-9DC5606B5DE8-FollowerState was interrupted: java.lang.InterruptedException: sleep interrupted
2019-10-17 07:38:44,635 [05f59524-a4ea-4be4-b99d-fb9eed47142d@group-9DC5606B5DE8-LeaderElection171] INFO  impl.LeaderElection (LeaderElection.java:logAndReturn(56)) - 05f59524-a4ea-4be4-b99d-fb9eed47142d@group-9DC5606B5DE8-LeaderElection171: Election TIMEOUT; received 0 response(s) [] and 0 exception(s); 05f59524-a4ea-4be4-b99d-fb9eed47142d@group-9DC5606B5DE8:t198, leader=null, voted=05f59524-a4ea-4be4-b99d-fb9eed47142d, raftlog=05f59524-a4ea-4be4-b99d-fb9eed47142d@group-9DC5606B5DE8-SegmentedRaftLog:OPENED:c-1,f-1,i0, conf=-1: [05f59524-a4ea-4be4-b99d-fb9eed47142d:192.168.34.62:45919, 4b035f45-7941-40c3-ba2d-1cbecd2d369e:192.168.34.62:45443, 920a4478-64f4-4720-983c-9a2102f3c94b:192.168.34.62:38609], old=null
2019-10-17 07:38:44,711 [05f59524-a4ea-4be4-b99d-fb9eed47142d@group-9DC5606B5DE8-LeaderElection171] INFO  impl.LeaderElection (LeaderElection.java:askForVotes(178)) - 05f59524-a4ea-4be4-b99d-fb9eed47142d@group-9DC5606B5DE8-LeaderElection171: begin an election at term 199 for -1: [05f59524-a4ea-4be4-b99d-fb9eed47142d:192.168.34.62:45919, 4b035f45-7941-40c3-ba2d-1cbecd2d369e:192.168.34.62:45443, 920a4478-64f4-4720-983c-9a2102f3c94b:192.168.34.62:38609], old=null
2019-10-17 07:38:44,713 [grpc-default-executor-5] INFO  impl.RaftServerImpl (RaftServerImpl.java:setRole(184)) - 4b035f45-7941-40c3-ba2d-1cbecd2d369e@group-9DC5606B5DE8: changes role from  FOLLOWER to FOLLOWER at term 199 for recognizeCandidate:05f59524-a4ea-4be4-b99d-fb9eed47142d
2019-10-17 07:38:44,714 [grpc-default-executor-5] INFO  impl.RoleInfo (RoleInfo.java:shutdownFollowerState(121)) - 4b035f45-7941-40c3-ba2d-1cbecd2d369e: shutdown FollowerState
2019-10-17 07:38:44,714 [grpc-default-executor-5] INFO  impl.RoleInfo (RoleInfo.java:updateAndGet(143)) - 4b035f45-7941-40c3-ba2d-1cbecd2d369e: start FollowerState
2019-10-17 07:38:44,714 [grpc-default-executor-6] INFO  impl.RaftServerImpl (RaftServerImpl.java:setRole(184)) - 920a4478-64f4-4720-983c-9a2102f3c94b@group-9DC5606B5DE8: changes role from  FOLLOWER to FOLLOWER at term 199 for recognizeCandidate:05f59524-a4ea-4be4-b99d-fb9eed47142d
2019-10-17 07:38:44,714 [grpc-default-executor-6] INFO  impl.RoleInfo (RoleInfo.java:shutdownFollowerState(121)) - 920a4478-64f4-4720-983c-9a2102f3c94b: shutdown FollowerState
2019-10-17 07:38:44,714 [Thread-1554] INFO  impl.FollowerState (FollowerState.java:run(117)) - 4b035f45-7941-40c3-ba2d-1cbecd2d369e@group-9DC5606B5DE8-FollowerState was interrupted: java.lang.InterruptedException: sleep interrupted
2019-10-17 07:38:44,714 [grpc-default-executor-6] INFO  impl.RoleInfo (RoleInfo.java:updateAndGet(143)) - 920a4478-64f4-4720-983c-9a2102f3c94b: start FollowerState
2019-10-17 07:38:44,714 [Thread-1555] INFO  impl.FollowerState (FollowerState.java:run(117)) - 920a4478-64f4-4720-983c-9a2102f3c94b@group-9DC5606B5DE8-FollowerState was interrupted: java.lang.InterruptedException: sleep interrupted
2019-10-17 07:38:44,741 [05f59524-a4ea-4be4-b99d-fb9eed47142d@group-9DC5606B5DE8-LeaderElection171] INFO  impl.LeaderElection (LeaderElection.java:logAndReturn(56)) - 05f59524-a4ea-4be4-b99d-fb9eed47142d@group-9DC5606B5DE8-LeaderElection171: Election TIMEOUT; received 0 response(s) [] and 0 exception(s); 05f59524-a4ea-4be4-b99d-fb9eed47142d@group-9DC5606B5DE8:t199, leader=null, voted=05f59524-a4ea-4be4-b99d-fb9eed47142d, raftlog=05f59524-a4ea-4be4-b99d-fb9eed47142d@group-9DC5606B5DE8-SegmentedRaftLog:OPENED:c-1,f-1,i0, conf=-1: [05f59524-a4ea-4be4-b99d-fb9eed47142d:192.168.34.62:45919, 4b035f45-7941-40c3-ba2d-1cbecd2d369e:192.168.34.62:45443, 920a4478-64f4-4720-983c-9a2102f3c94b:192.168.34.62:38609], old=null
2019-10-17 07:38:44,799 [05f59524-a4ea-4be4-b99d-fb9eed47142d@group-9DC5606B5DE8-LeaderElection171] INFO  impl.LeaderElection (LeaderElection.java:askForVotes(178)) - 05f59524-a4ea-4be4-b99d-fb9eed47142d@group-9DC5606B5DE8-LeaderElection171: begin an election at term 200 for -1: [05f59524-a4ea-4be4-b99d-fb9eed47142d:192.168.34.62:45919, 4b035f45-7941-40c3-ba2d-1cbecd2d369e:192.168.34.62:45443, 920a4478-64f4-4720-983c-9a2102f3c94b:192.168.34.62:38609], old=null
2019-10-17 07:38:44,802 [grpc-default-executor-6] INFO  impl.RaftServerImpl (RaftServerImpl.java:setRole(184)) - 4b035f45-7941-40c3-ba2d-1cbecd2d369e@group-9DC5606B5DE8: changes role from  FOLLOWER to FOLLOWER at term 200 for recognizeCandidate:05f59524-a4ea-4be4-b99d-fb9eed47142d
2019-10-17 07:38:44,802 [grpc-default-executor-5] INFO  impl.RaftServerImpl (RaftServerImpl.java:setRole(184)) - 920a4478-64f4-4720-983c-9a2102f3c94b@group-9DC5606B5DE8: changes role from  FOLLOWER to FOLLOWER at term 200 for recognizeCandidate:05f59524-a4ea-4be4-b99d-fb9eed47142d
2019-10-17 07:38:44,802 [grpc-default-executor-6] INFO  impl.RoleInfo (RoleInfo.java:shutdownFollowerState(121)) - 4b035f45-7941-40c3-ba2d-1cbecd2d369e: shutdown FollowerState
2019-10-17 07:38:44,802 [grpc-default-executor-5] INFO  impl.RoleInfo (RoleInfo.java:shutdownFollowerState(121)) - 920a4478-64f4-4720-983c-9a2102f3c94b: shutdown FollowerState
2019-10-17 07:38:44,803 [Thread-1558] INFO  impl.FollowerState (FollowerState.java:run(117)) - 4b035f45-7941-40c3-ba2d-1cbecd2d369e@group-9DC5606B5DE8-FollowerState was interrupted: java.lang.InterruptedException: sleep interrupted
2019-10-17 07:38:44,803 [grpc-default-executor-6] INFO  impl.RoleInfo (RoleInfo.java:updateAndGet(143)) - 4b035f45-7941-40c3-ba2d-1cbecd2d369e: start FollowerState
2019-10-17 07:38:44,803 [Thread-1559] INFO  impl.FollowerState (FollowerState.java:run(117)) - 920a4478-64f4-4720-983c-9a2102f3c94b@group-9DC5606B5DE8-FollowerState was interrupted: java.lang.InterruptedException: sleep interrupted
2019-10-17 07:38:44,803 [grpc-default-executor-5] INFO  impl.RoleInfo (RoleInfo.java:updateAndGet(143)) - 920a4478-64f4-4720-983c-9a2102f3c94b: start FollowerState
2019-10-17 07:38:44,807 [05f59524-a4ea-4be4-b99d-fb9eed47142d@group-9DC5606B5DE8-LeaderElection171] INFO  impl.LeaderElection (LeaderElection.java:logAndReturn(56)) - 05f59524-a4ea-4be4-b99d-fb9eed47142d@group-9DC5606B5DE8-LeaderElection171: Election TIMEOUT; received 0 response(s) [] and 0 exception(s); 05f59524-a4ea-4be4-b99d-fb9eed47142d@group-9DC5606B5DE8:t200, leader=null, voted=05f59524-a4ea-4be4-b99d-fb9eed47142d, raftlog=05f59524-a4ea-4be4-b99d-fb9eed47142d@group-9DC5606B5DE8-SegmentedRaftLog:OPENED:c-1,f-1,i0, conf=-1: [05f59524-a4ea-4be4-b99d-fb9eed47142d:192.168.34.62:45919, 4b035f45-7941-40c3-ba2d-1cbecd2d369e:192.168.34.62:45443, 920a4478-64f4-4720-983c-9a2102f3c94b:192.168.34.62:38609], old=null
2019-10-17 07:38:44,826 [05f59524-a4ea-4be4-b99d-fb9eed47142d@group-9DC5606B5DE8-LeaderElection171] INFO  impl.LeaderElection (LeaderElection.java:askForVotes(178)) - 05f59524-a4ea-4be4-b99d-fb9eed47142d@group-9DC5606B5DE8-LeaderElection171: begin an election at term 201 for -1: [05f59524-a4ea-4be4-b99d-fb9eed47142d:192.168.34.62:45919, 4b035f45-7941-40c3-ba2d-1cbecd2d369e:192.168.34.62:45443, 920a4478-64f4-4720-983c-9a2102f3c94b:192.168.34.62:38609], old=null
2019-10-17 07:38:44,828 [grpc-default-executor-6] INFO  impl.RaftServerImpl (RaftServerImpl.java:setRole(184)) - 4b035f45-7941-40c3-ba2d-1cbecd2d369e@group-9DC5606B5DE8: changes role from  FOLLOWER to FOLLOWER at term 201 for recognizeCandidate:05f59524-a4ea-4be4-b99d-fb9eed47142d
2019-10-17 07:38:44,828 [grpc-default-executor-6] INFO  impl.RoleInfo (RoleInfo.java:shutdownFollowerState(121)) - 4b035f45-7941-40c3-ba2d-1cbecd2d369e: shutdown FollowerState
2019-10-17 07:38:44,829 [grpc-default-executor-6] INFO  impl.RoleInfo (RoleInfo.java:updateAndGet(143)) - 4b035f45-7941-40c3-ba2d-1cbecd2d369e: start FollowerState
2019-10-17 07:38:44,829 [Thread-1564] INFO  impl.FollowerState (FollowerState.java:run(117)) - 4b035f45-7941-40c3-ba2d-1cbecd2d369e@group-9DC5606B5DE8-FollowerState was interrupted: java.lang.InterruptedException: sleep interrupted
2019-10-17 07:38:44,829 [grpc-default-executor-5] INFO  impl.RaftServerImpl (RaftServerImpl.java:setRole(184)) - 920a4478-64f4-4720-983c-9a2102f3c94b@group-9DC5606B5DE8: changes role from  FOLLOWER to FOLLOWER at term 201 for recognizeCandidate:05f59524-a4ea-4be4-b99d-fb9eed47142d
2019-10-17 07:38:44,829 [grpc-default-executor-5] INFO  impl.RoleInfo (RoleInfo.java:shutdownFollowerState(121)) - 920a4478-64f4-4720-983c-9a2102f3c94b: shutdown FollowerState
2019-10-17 07:38:44,830 [grpc-default-executor-5] INFO  impl.RoleInfo (RoleInfo.java:updateAndGet(143)) - 920a4478-64f4-4720-983c-9a2102f3c94b: start FollowerState
2019-10-17 07:38:44,830 [Thread-1565] INFO  impl.FollowerState (FollowerState.java:run(117)) - 920a4478-64f4-4720-983c-9a2102f3c94b@group-9DC5606B5DE8-FollowerState was interrupted: java.lang.InterruptedException: sleep interrupted
2019-10-17 07:38:44,863 [05f59524-a4ea-4be4-b99d-fb9eed47142d@group-9DC5606B5DE8-LeaderElection171] INFO  impl.LeaderElection (LeaderElection.java:logAndReturn(56)) - 05f59524-a4ea-4be4-b99d-fb9eed47142d@group-9DC5606B5DE8-LeaderElection171: Election REJECTED; received 2 response(s) [05f59524-a4ea-4be4-b99d-fb9eed47142d<-4b035f45-7941-40c3-ba2d-1cbecd2d369e#0:FAIL-t201, 05f59524-a4ea-4be4-b99d-fb9eed47142d<-920a4478-64f4-4720-983c-9a2102f3c94b#0:FAIL-t201] and 0 exception(s); 05f59524-a4ea-4be4-b99d-fb9eed47142d@group-9DC5606B5DE8:t201, leader=null, voted=05f59524-a4ea-4be4-b99d-fb9eed47142d, raftlog=05f59524-a4ea-4be4-b99d-fb9eed47142d@group-9DC5606B5DE8-SegmentedRaftLog:OPENED:c-1,f-1,i0, conf=-1: [05f59524-a4ea-4be4-b99d-fb9eed47142d:192.168.34.62:45919, 4b035f45-7941-40c3-ba2d-1cbecd2d369e:192.168.34.62:45443, 920a4478-64f4-4720-983c-9a2102f3c94b:192.168.34.62:38609], old=null
2019-10-17 07:38:44,863 [05f59524-a4ea-4be4-b99d-fb9eed47142d@group-9DC5606B5DE8-LeaderElection171] INFO  impl.RaftServerImpl (RaftServerImpl.java:setRole(184)) - 05f59524-a4ea-4be4-b99d-fb9eed47142d@group-9DC5606B5DE8: changes role from CANDIDATE to FOLLOWER at term 201 for DISCOVERED_A_NEW_TERM
2019-10-17 07:38:44,863 [05f59524-a4ea-4be4-b99d-fb9eed47142d@group-9DC5606B5DE8-LeaderElection171] INFO  impl.RoleInfo (RoleInfo.java:shutdownLeaderElection(134)) - 05f59524-a4ea-4be4-b99d-fb9eed47142d: shutdown LeaderElection
2019-10-17 07:38:44,863 [05f59524-a4ea-4be4-b99d-fb9eed47142d@group-9DC5606B5DE8-LeaderElection171] INFO  impl.RoleInfo (RoleInfo.java:updateAndGet(143)) - 05f59524-a4ea-4be4-b99d-fb9eed47142d: start FollowerState
2019-10-17 07:38:44,953 [Thread-1570] INFO  impl.FollowerState (FollowerState.java:run(108)) - 05f59524-a4ea-4be4-b99d-fb9eed47142d@group-9DC5606B5DE8-FollowerState: change to CANDIDATE, lastRpcTime:89ms, electionTimeout:89ms
2019-10-17 07:38:44,953 [Thread-1570] INFO  impl.RoleInfo (RoleInfo.java:shutdownFollowerState(121)) - 05f59524-a4ea-4be4-b99d-fb9eed47142d: shutdown FollowerState
2019-10-17 07:38:44,953 [Thread-1570] INFO  impl.RaftServerImpl (RaftServerImpl.java:setRole(184)) - 05f59524-a4ea-4be4-b99d-fb9eed47142d@group-9DC5606B5DE8: changes role from  FOLLOWER to CANDIDATE at term 201 for changeToCandidate
2019-10-17 07:38:44,954 [Thread-1570] INFO  impl.RoleInfo (RoleInfo.java:updateAndGet(143)) - 05f59524-a4ea-4be4-b99d-fb9eed47142d: start LeaderElection
2019-10-17 07:38:45,010 [05f59524-a4ea-4be4-b99d-fb9eed47142d@group-9DC5606B5DE8-LeaderElection172] INFO  impl.LeaderElection (LeaderElection.java:askForVotes(178)) - 05f59524-a4ea-4be4-b99d-fb9eed47142d@group-9DC5606B5DE8-LeaderElection172: begin an election at term 202 for -1: [05f59524-a4ea-4be4-b99d-fb9eed47142d:192.168.34.62:45919, 4b035f45-7941-40c3-ba2d-1cbecd2d369e:192.168.34.62:45443, 920a4478-64f4-4720-983c-9a2102f3c94b:192.168.34.62:38609], old=null
2019-10-17 07:38:45,014 [grpc-default-executor-6] INFO  impl.RaftServerImpl (RaftServerImpl.java:setRole(184)) - 4b035f45-7941-40c3-ba2d-1cbecd2d369e@group-9DC5606B5DE8: changes role from  FOLLOWER to FOLLOWER at term 202 for recognizeCandidate:05f59524-a4ea-4be4-b99d-fb9eed47142d
2019-10-17 07:38:45,014 [grpc-default-executor-5] INFO  impl.RaftServerImpl (RaftServerImpl.java:setRole(184)) - 920a4478-64f4-4720-983c-9a2102f3c94b@group-9DC5606B5DE8: changes role from  FOLLOWER to FOLLOWER at term 202 for recognizeCandidate:05f59524-a4ea-4be4-b99d-fb9eed47142d
2019-10-17 07:38:45,014 [grpc-default-executor-6] INFO  impl.RoleInfo (RoleInfo.java:shutdownFollowerState(121)) - 4b035f45-7941-40c3-ba2d-1cbecd2d369e: shutdown FollowerState
2019-10-17 07:38:45,015 [grpc-default-executor-5] INFO  impl.RoleInfo (RoleInfo.java:shutdownFollowerState(121)) - 920a4478-64f4-4720-983c-9a2102f3c94b: shutdown FollowerState
2019-10-17 07:38:45,015 [Thread-1568] INFO  impl.FollowerState (FollowerState.java:run(117)) - 4b035f45-7941-40c3-ba2d-1cbecd2d369e@group-9DC5606B5DE8-FollowerState was interrupted: java.lang.InterruptedException: sleep interrupted
2019-10-17 07:38:45,015 [grpc-default-executor-6] INFO  impl.RoleInfo (RoleInfo.java:updateAndGet(143)) - 4b035f45-7941-40c3-ba2d-1cbecd2d369e: start FollowerState
2019-10-17 07:38:45,015 [Thread-1569] INFO  impl.FollowerState (FollowerState.java:run(117)) - 920a4478-64f4-4720-983c-9a2102f3c94b@group-9DC5606B5DE8-FollowerState was interrupted: java.lang.InterruptedException: sleep interrupted
2019-10-17 07:38:45,015 [grpc-default-executor-5] INFO  impl.RoleInfo (RoleInfo.java:updateAndGet(143)) - 920a4478-64f4-4720-983c-9a2102f3c94b: start FollowerState
2019-10-17 07:38:45,065 [05f59524-a4ea-4be4-b99d-fb9eed47142d@group-9DC5606B5DE8-LeaderElection172] INFO  impl.LeaderElection (LeaderElection.java:logAndReturn(56)) - 05f59524-a4ea-4be4-b99d-fb9eed47142d@group-9DC5606B5DE8-LeaderElection172: Election REJECTED; received 2 response(s) [05f59524-a4ea-4be4-b99d-fb9eed47142d<-4b035f45-7941-40c3-ba2d-1cbecd2d369e#0:FAIL-t202, 05f59524-a4ea-4be4-b99d-fb9eed47142d<-920a4478-64f4-4720-983c-9a2102f3c94b#0:FAIL-t202] and 0 exception(s); 05f59524-a4ea-4be4-b99d-fb9eed47142d@group-9DC5606B5DE8:t202, leader=null, voted=05f59524-a4ea-4be4-b99d-fb9eed47142d, raftlog=05f59524-a4ea-4be4-b99d-fb9eed47142d@group-9DC5606B5DE8-SegmentedRaftLog:OPENED:c-1,f-1,i0, conf=-1: [05f59524-a4ea-4be4-b99d-fb9eed47142d:192.168.34.62:45919, 4b035f45-7941-40c3-ba2d-1cbecd2d369e:192.168.34.62:45443, 920a4478-64f4-4720-983c-9a2102f3c94b:192.168.34.62:38609], old=null
2019-10-17 07:38:45,065 [05f59524-a4ea-4be4-b99d-fb9eed47142d@group-9DC5606B5DE8-LeaderElection172] INFO  impl.RaftServerImpl (RaftServerImpl.java:setRole(184)) - 05f59524-a4ea-4be4-b99d-fb9eed47142d@group-9DC5606B5DE8: changes role from CANDIDATE to FOLLOWER at term 202 for DISCOVERED_A_NEW_TERM
2019-10-17 07:38:45,065 [05f59524-a4ea-4be4-b99d-fb9eed47142d@group-9DC5606B5DE8-LeaderElection172] INFO  impl.RoleInfo (RoleInfo.java:shutdownLeaderElection(134)) - 05f59524-a4ea-4be4-b99d-fb9eed47142d: shutdown LeaderElection
2019-10-17 07:38:45,066 [05f59524-a4ea-4be4-b99d-fb9eed47142d@group-9DC5606B5DE8-LeaderElection172] INFO  impl.RoleInfo (RoleInfo.java:updateAndGet(143)) - 05f59524-a4ea-4be4-b99d-fb9eed47142d: start FollowerState
2019-10-17 07:38:45,158 [Thread-1576] INFO  impl.FollowerState (FollowerState.java:run(108)) - 05f59524-a4ea-4be4-b99d-fb9eed47142d@group-9DC5606B5DE8-FollowerState: change to CANDIDATE, lastRpcTime:92ms, electionTimeout:92ms
2019-10-17 07:38:45,158 [Thread-1576] INFO  impl.RoleInfo (RoleInfo.java:shutdownFollowerState(121)) - 05f59524-a4ea-4be4-b99d-fb9eed47142d: shutdown FollowerState
2019-10-17 07:38:45,159 [Thread-1576] INFO  impl.RaftServerImpl (RaftServerImpl.java:setRole(184)) - 05f59524-a4ea-4be4-b99d-fb9eed47142d@group-9DC5606B5DE8: changes role from  FOLLOWER to CANDIDATE at term 202 for changeToCandidate
2019-10-17 07:38:45,159 [Thread-1576] INFO  impl.RoleInfo (RoleInfo.java:updateAndGet(143)) - 05f59524-a4ea-4be4-b99d-fb9eed47142d: start LeaderElection
2019-10-17 07:38:45,571 [05f59524-a4ea-4be4-b99d-fb9eed47142d@group-9DC5606B5DE8-LeaderElection173] INFO  impl.LeaderElection (LeaderElection.java:askForVotes(178)) - 05f59524-a4ea-4be4-b99d-fb9eed47142d@group-9DC5606B5DE8-LeaderElection173: begin an election at term 203 for -1: [05f59524-a4ea-4be4-b99d-fb9eed47142d:192.168.34.62:45919, 4b035f45-7941-40c3-ba2d-1cbecd2d369e:192.168.34.62:45443, 920a4478-64f4-4720-983c-9a2102f3c94b:192.168.34.62:38609], old=null
2019-10-17 07:38:45,574 [grpc-default-executor-5] INFO  impl.RaftServerImpl (RaftServerImpl.java:setRole(184)) - 4b035f45-7941-40c3-ba2d-1cbecd2d369e@group-9DC5606B5DE8: changes role from  FOLLOWER to FOLLOWER at term 203 for recognizeCandidate:05f59524-a4ea-4be4-b99d-fb9eed47142d
2019-10-17 07:38:45,575 [grpc-default-executor-5] INFO  impl.RoleInfo (RoleInfo.java:shutdownFollowerState(121)) - 4b035f45-7941-40c3-ba2d-1cbecd2d369e: shutdown FollowerState
2019-10-17 07:38:45,575 [grpc-default-executor-6] INFO  impl.RaftServerImpl (RaftServerImpl.java:setRole(184)) - 920a4478-64f4-4720-983c-9a2102f3c94b@group-9DC5606B5DE8: changes role from  FOLLOWER to FOLLOWER at term 203 for recognizeCandidate:05f59524-a4ea-4be4-b99d-fb9eed47142d
2019-10-17 07:38:45,575 [grpc-default-executor-6] INFO  impl.RoleInfo (RoleInfo.java:shutdownFollowerState(121)) - 920a4478-64f4-4720-983c-9a2102f3c94b: shutdown FollowerState
2019-10-17 07:38:45,575 [Thread-1574] INFO  impl.FollowerState (FollowerState.java:run(117)) - 4b035f45-7941-40c3-ba2d-1cbecd2d369e@group-9DC5606B5DE8-FollowerState was interrupted: java.lang.InterruptedException: sleep interrupted
2019-10-17 07:38:45,575 [grpc-default-executor-5] INFO  impl.RoleInfo (RoleInfo.java:updateAndGet(143)) - 4b035f45-7941-40c3-ba2d-1cbecd2d369e: start FollowerState
2019-10-17 07:38:45,575 [Thread-1575] INFO  impl.FollowerState (FollowerState.java:run(117)) - 920a4478-64f4-4720-983c-9a2102f3c94b@group-9DC5606B5DE8-FollowerState was interrupted: java.lang.InterruptedException: sleep interrupted
2019-10-17 07:38:45,575 [grpc-default-executor-6] INFO  impl.RoleInfo (RoleInfo.java:updateAndGet(143)) - 920a4478-64f4-4720-983c-9a2102f3c94b: start FollowerState
2019-10-17 07:38:45,613 [05f59524-a4ea-4be4-b99d-fb9eed47142d@group-9DC5606B5DE8-LeaderElection173] INFO  impl.LeaderElection (LeaderElection.java:logAndReturn(56)) - 05f59524-a4ea-4be4-b99d-fb9eed47142d@group-9DC5606B5DE8-LeaderElection173: Election REJECTED; received 2 response(s) [05f59524-a4ea-4be4-b99d-fb9eed47142d<-4b035f45-7941-40c3-ba2d-1cbecd2d369e#0:FAIL-t203, 05f59524-a4ea-4be4-b99d-fb9eed47142d<-920a4478-64f4-4720-983c-9a2102f3c94b#0:FAIL-t203] and 0 exception(s); 05f59524-a4ea-4be4-b99d-fb9eed47142d@group-9DC5606B5DE8:t203, leader=null, voted=05f59524-a4ea-4be4-b99d-fb9eed47142d, raftlog=05f59524-a4ea-4be4-b99d-fb9eed47142d@group-9DC5606B5DE8-SegmentedRaftLog:OPENED:c-1,f-1,i0, conf=-1: [05f59524-a4ea-4be4-b99d-fb9eed47142d:192.168.34.62:45919, 4b035f45-7941-40c3-ba2d-1cbecd2d369e:192.168.34.62:45443, 920a4478-64f4-4720-983c-9a2102f3c94b:192.168.34.62:38609], old=null
2019-10-17 07:38:45,613 [05f59524-a4ea-4be4-b99d-fb9eed47142d@group-9DC5606B5DE8-LeaderElection173] INFO  impl.RaftServerImpl (RaftServerImpl.java:setRole(184)) - 05f59524-a4ea-4be4-b99d-fb9eed47142d@group-9DC5606B5DE8: changes role from CANDIDATE to FOLLOWER at term 203 for DISCOVERED_A_NEW_TERM
2019-10-17 07:38:45,613 [05f59524-a4ea-4be4-b99d-fb9eed47142d@group-9DC5606B5DE8-LeaderElection173] INFO  impl.RoleInfo (RoleInfo.java:shutdownLeaderElection(134)) - 05f59524-a4ea-4be4-b99d-fb9eed47142d: shutdown LeaderElection
2019-10-17 07:38:45,613 [05f59524-a4ea-4be4-b99d-fb9eed47142d@group-9DC5606B5DE8-LeaderElection173] INFO  impl.RoleInfo (RoleInfo.java:updateAndGet(143)) - 05f59524-a4ea-4be4-b99d-fb9eed47142d: start FollowerState
2019-10-17 07:38:45,665 [Thread-1582] INFO  impl.FollowerState (FollowerState.java:run(108)) - 05f59524-a4ea-4be4-b99d-fb9eed47142d@group-9DC5606B5DE8-FollowerState: change to CANDIDATE, lastRpcTime:51ms, electionTimeout:51ms
2019-10-17 07:38:45,665 [Thread-1582] INFO  impl.RoleInfo (RoleInfo.java:shutdownFollowerState(121)) - 05f59524-a4ea-4be4-b99d-fb9eed47142d: shutdown FollowerState
2019-10-17 07:38:45,665 [Thread-1582] INFO  impl.RaftServerImpl (RaftServerImpl.java:setRole(184)) - 05f59524-a4ea-4be4-b99d-fb9eed47142d@group-9DC5606B5DE8: changes role from  FOLLOWER to CANDIDATE at term 203 for changeToCandidate
2019-10-17 07:38:45,665 [Thread-1582] INFO  impl.RoleInfo (RoleInfo.java:updateAndGet(143)) - 05f59524-a4ea-4be4-b99d-fb9eed47142d: start LeaderElection
2019-10-17 07:38:45,707 [05f59524-a4ea-4be4-b99d-fb9eed47142d@group-9DC5606B5DE8-LeaderElection174] INFO  impl.LeaderElection (LeaderElection.java:askForVotes(178)) - 05f59524-a4ea-4be4-b99d-fb9eed47142d@group-9DC5606B5DE8-LeaderElection174: begin an election at term 204 for -1: [05f59524-a4ea-4be4-b99d-fb9eed47142d:192.168.34.62:45919, 4b035f45-7941-40c3-ba2d-1cbecd2d369e:192.168.34.62:45443, 920a4478-64f4-4720-983c-9a2102f3c94b:192.168.34.62:38609], old=null
2019-10-17 07:38:45,710 [grpc-default-executor-5] INFO  impl.RaftServerImpl (RaftServerImpl.java:setRole(184)) - 4b035f45-7941-40c3-ba2d-1cbecd2d369e@group-9DC5606B5DE8: changes role from  FOLLOWER to FOLLOWER at term 204 for recognizeCandidate:05f59524-a4ea-4be4-b99d-fb9eed47142d
2019-10-17 07:38:45,710 [grpc-default-executor-5] INFO  impl.RoleInfo (RoleInfo.java:shutdownFollowerState(121)) - 4b035f45-7941-40c3-ba2d-1cbecd2d369e: shutdown FollowerState
2019-10-17 07:38:45,710 [grpc-default-executor-6] INFO  impl.RaftServerImpl (RaftServerImpl.java:setRole(184)) - 920a4478-64f4-4720-983c-9a2102f3c94b@group-9DC5606B5DE8: changes role from  FOLLOWER to FOLLOWER at term 204 for recognizeCandidate:05f59524-a4ea-4be4-b99d-fb9eed47142d
2019-10-17 07:38:45,710 [Thread-1580] INFO  impl.FollowerState (FollowerState.java:run(117)) - 4b035f45-7941-40c3-ba2d-1cbecd2d369e@group-9DC5606B5DE8-FollowerState was interrupted: java.lang.InterruptedException: sleep interrupted
2019-10-17 07:38:45,710 [grpc-default-executor-5] INFO  impl.RoleInfo (RoleInfo.java:updateAndGet(143)) - 4b035f45-7941-40c3-ba2d-1cbecd2d369e: start FollowerState
2019-10-17 07:38:45,710 [grpc-default-executor-6] INFO  impl.RoleInfo (RoleInfo.java:shutdownFollowerState(121)) - 920a4478-64f4-4720-983c-9a2102f3c94b: shutdown FollowerState
2019-10-17 07:38:45,711 [grpc-default-executor-6] INFO  impl.RoleInfo (RoleInfo.java:updateAndGet(143)) - 920a4478-64f4-4720-983c-9a2102f3c94b: start FollowerState
2019-10-17 07:38:45,711 [Thread-1581] INFO  impl.FollowerState (FollowerState.java:run(117)) - 920a4478-64f4-4720-983c-9a2102f3c94b@group-9DC5606B5DE8-FollowerState was interrupted: java.lang.InterruptedException: sleep interrupted
2019-10-17 07:38:45,744 [05f59524-a4ea-4be4-b99d-fb9eed47142d@group-9DC5606B5DE8-LeaderElection174] INFO  impl.LeaderElection (LeaderElection.java:logAndReturn(56)) - 05f59524-a4ea-4be4-b99d-fb9eed47142d@group-9DC5606B5DE8-LeaderElection174: Election REJECTED; received 2 response(s) [05f59524-a4ea-4be4-b99d-fb9eed47142d<-4b035f45-7941-40c3-ba2d-1cbecd2d369e#0:FAIL-t204, 05f59524-a4ea-4be4-b99d-fb9eed47142d<-920a4478-64f4-4720-983c-9a2102f3c94b#0:FAIL-t204] and 0 exception(s); 05f59524-a4ea-4be4-b99d-fb9eed47142d@group-9DC5606B5DE8:t204, leader=null, voted=05f59524-a4ea-4be4-b99d-fb9eed47142d, raftlog=05f59524-a4ea-4be4-b99d-fb9eed47142d@group-9DC5606B5DE8-SegmentedRaftLog:OPENED:c-1,f-1,i0, conf=-1: [05f59524-a4ea-4be4-b99d-fb9eed47142d:192.168.34.62:45919, 4b035f45-7941-40c3-ba2d-1cbecd2d369e:192.168.34.62:45443, 920a4478-64f4-4720-983c-9a2102f3c94b:192.168.34.62:38609], old=null
2019-10-17 07:38:45,745 [05f59524-a4ea-4be4-b99d-fb9eed47142d@group-9DC5606B5DE8-LeaderElection174] INFO  impl.RaftServerImpl (RaftServerImpl.java:setRole(184)) - 05f59524-a4ea-4be4-b99d-fb9eed47142d@group-9DC5606B5DE8: changes role from CANDIDATE to FOLLOWER at term 204 for DISCOVERED_A_NEW_TERM
2019-10-17 07:38:45,745 [05f59524-a4ea-4be4-b99d-fb9eed47142d@group-9DC5606B5DE8-LeaderElection174] INFO  impl.RoleInfo (RoleInfo.java:shutdownLeaderElection(134)) - 05f59524-a4ea-4be4-b99d-fb9eed47142d: shutdown LeaderElection
2019-10-17 07:38:45,745 [05f59524-a4ea-4be4-b99d-fb9eed47142d@group-9DC5606B5DE8-LeaderElection174] INFO  impl.RoleInfo (RoleInfo.java:updateAndGet(143)) - 05f59524-a4ea-4be4-b99d-fb9eed47142d: start FollowerState
2019-10-17 07:38:45,843 [Thread-1588] INFO  impl.FollowerState (FollowerState.java:run(108)) - 05f59524-a4ea-4be4-b99d-fb9eed47142d@group-9DC5606B5DE8-FollowerState: change to CANDIDATE, lastRpcTime:98ms, electionTimeout:98ms
2019-10-17 07:38:45,844 [Thread-1588] INFO  impl.RoleInfo (RoleInfo.java:shutdownFollowerState(121)) - 05f59524-a4ea-4be4-b99d-fb9eed47142d: shutdown FollowerState
2019-10-17 07:38:45,844 [Thread-1588] INFO  impl.RaftServerImpl (RaftServerImpl.java:setRole(184)) - 05f59524-a4ea-4be4-b99d-fb9eed47142d@group-9DC5606B5DE8: changes role from  FOLLOWER to CANDIDATE at term 204 for changeToCandidate
2019-10-17 07:38:45,844 [Thread-1588] INFO  impl.RoleInfo (RoleInfo.java:updateAndGet(143)) - 05f59524-a4ea-4be4-b99d-fb9eed47142d: start LeaderElection
2019-10-17 07:38:45,966 [05f59524-a4ea-4be4-b99d-fb9eed47142d@group-9DC5606B5DE8-LeaderElection175] INFO  impl.LeaderElection (LeaderElection.java:askForVotes(178)) - 05f59524-a4ea-4be4-b99d-fb9eed47142d@group-9DC5606B5DE8-LeaderElection175: begin an election at term 205 for -1: [05f59524-a4ea-4be4-b99d-fb9eed47142d:192.168.34.62:45919, 4b035f45-7941-40c3-ba2d-1cbecd2d369e:192.168.34.62:45443, 920a4478-64f4-4720-983c-9a2102f3c94b:192.168.34.62:38609], old=null
2019-10-17 07:38:45,969 [grpc-default-executor-5] INFO  impl.RaftServerImpl (RaftServerImpl.java:setRole(184)) - 4b035f45-7941-40c3-ba2d-1cbecd2d369e@group-9DC5606B5DE8: changes role from  FOLLOWER to FOLLOWER at term 205 for recognizeCandidate:05f59524-a4ea-4be4-b99d-fb9eed47142d
2019-10-17 07:38:45,969 [grpc-default-executor-5] INFO  impl.RoleInfo (RoleInfo.java:shutdownFollowerState(121)) - 4b035f45-7941-40c3-ba2d-1cbecd2d369e: shutdown FollowerState
2019-10-17 07:38:45,970 [grpc-default-executor-5] INFO  impl.RoleInfo (RoleInfo.java:updateAndGet(143)) - 4b035f45-7941-40c3-ba2d-1cbecd2d369e: start FollowerState
2019-10-17 07:38:45,970 [grpc-default-executor-6] INFO  impl.RaftServerImpl (RaftServerImpl.java:setRole(184)) - 920a4478-64f4-4720-983c-9a2102f3c94b@group-9DC5606B5DE8: changes role from  FOLLOWER to FOLLOWER at term 205 for recognizeCandidate:05f59524-a4ea-4be4-b99d-fb9eed47142d
2019-10-17 07:38:45,970 [grpc-default-executor-6] INFO  impl.RoleInfo (RoleInfo.java:shutdownFollowerState(121)) - 920a4478-64f4-4720-983c-9a2102f3c94b: shutdown FollowerState
2019-10-17 07:38:45,970 [grpc-default-executor-6] INFO  impl.RoleInfo (RoleInfo.java:updateAndGet(143)) - 920a4478-64f4-4720-983c-9a2102f3c94b: start FollowerState
2019-10-17 07:38:45,970 [Thread-1586] INFO  impl.FollowerState (FollowerState.java:run(117)) - 4b035f45-7941-40c3-ba2d-1cbecd2d369e@group-9DC5606B5DE8-FollowerState was interrupted: java.lang.InterruptedException: sleep interrupted
2019-10-17 07:38:45,970 [Thread-1587] INFO  impl.FollowerState (FollowerState.java:run(117)) - 920a4478-64f4-4720-983c-9a2102f3c94b@group-9DC5606B5DE8-FollowerState was interrupted: java.lang.InterruptedException: sleep interrupted
2019-10-17 07:38:46,023 [05f59524-a4ea-4be4-b99d-fb9eed47142d@group-9DC5606B5DE8-LeaderElection175] INFO  impl.LeaderElection (LeaderElection.java:logAndReturn(56)) - 05f59524-a4ea-4be4-b99d-fb9eed47142d@group-9DC5606B5DE8-LeaderElection175: Election REJECTED; received 2 response(s) [05f59524-a4ea-4be4-b99d-fb9eed47142d<-4b035f45-7941-40c3-ba2d-1cbecd2d369e#0:FAIL-t205, 05f59524-a4ea-4be4-b99d-fb9eed47142d<-920a4478-64f4-4720-983c-9a2102f3c94b#0:FAIL-t205] and 0 exception(s); 05f59524-a4ea-4be4-b99d-fb9eed47142d@group-9DC5606B5DE8:t205, leader=null, voted=05f59524-a4ea-4be4-b99d-fb9eed47142d, raftlog=05f59524-a4ea-4be4-b99d-fb9eed47142d@group-9DC5606B5DE8-SegmentedRaftLog:OPENED:c-1,f-1,i0, conf=-1: [05f59524-a4ea-4be4-b99d-fb9eed47142d:192.168.34.62:45919, 4b035f45-7941-40c3-ba2d-1cbecd2d369e:192.168.34.62:45443, 920a4478-64f4-4720-983c-9a2102f3c94b:192.168.34.62:38609], old=null
2019-10-17 07:38:46,023 [05f59524-a4ea-4be4-b99d-fb9eed47142d@group-9DC5606B5DE8-LeaderElection175] INFO  impl.RaftServerImpl (RaftServerImpl.java:setRole(184)) - 05f59524-a4ea-4be4-b99d-fb9eed47142d@group-9DC5606B5DE8: changes role from CANDIDATE to FOLLOWER at term 205 for DISCOVERED_A_NEW_TERM
2019-10-17 07:38:46,023 [05f59524-a4ea-4be4-b99d-fb9eed47142d@group-9DC5606B5DE8-LeaderElection175] INFO  impl.RoleInfo (RoleInfo.java:shutdownLeaderElection(134)) - 05f59524-a4ea-4be4-b99d-fb9eed47142d: shutdown LeaderElection
2019-10-17 07:38:46,023 [05f59524-a4ea-4be4-b99d-fb9eed47142d@group-9DC5606B5DE8-LeaderElection175] INFO  impl.RoleInfo (RoleInfo.java:updateAndGet(143)) - 05f59524-a4ea-4be4-b99d-fb9eed47142d: start FollowerState
2019-10-17 07:38:46,072 [Thread-1594] INFO  impl.FollowerState (FollowerState.java:run(108)) - 05f59524-a4ea-4be4-b99d-fb9eed47142d@group-9DC5606B5DE8-FollowerState: change to CANDIDATE, lastRpcTime:48ms, electionTimeout:48ms
2019-10-17 07:38:46,072 [Thread-1594] INFO  impl.RoleInfo (RoleInfo.java:shutdownFollowerState(121)) - 05f59524-a4ea-4be4-b99d-fb9eed47142d: shutdown FollowerState
2019-10-17 07:38:46,072 [Thread-1594] INFO  impl.RaftServerImpl (RaftServerImpl.java:setRole(184)) - 05f59524-a4ea-4be4-b99d-fb9eed47142d@group-9DC5606B5DE8: changes role from  FOLLOWER to CANDIDATE at term 205 for changeToCandidate
2019-10-17 07:38:46,072 [Thread-1594] INFO  impl.RoleInfo (RoleInfo.java:updateAndGet(143)) - 05f59524-a4ea-4be4-b99d-fb9eed47142d: start LeaderElection
2019-10-17 07:38:46,100 [05f59524-a4ea-4be4-b99d-fb9eed47142d@group-9DC5606B5DE8-LeaderElection176] INFO  impl.LeaderElection (LeaderElection.java:askForVotes(178)) - 05f59524-a4ea-4be4-b99d-fb9eed47142d@group-9DC5606B5DE8-LeaderElection176: begin an election at term 206 for -1: [05f59524-a4ea-4be4-b99d-fb9eed47142d:192.168.34.62:45919, 4b035f45-7941-40c3-ba2d-1cbecd2d369e:192.168.34.62:45443, 920a4478-64f4-4720-983c-9a2102f3c94b:192.168.34.62:38609], old=null
2019-10-17 07:38:46,103 [grpc-default-executor-6] INFO  impl.RaftServerImpl (RaftServerImpl.java:setRole(184)) - 4b035f45-7941-40c3-ba2d-1cbecd2d369e@group-9DC5606B5DE8: changes role from  FOLLOWER to FOLLOWER at term 206 for recognizeCandidate:05f59524-a4ea-4be4-b99d-fb9eed47142d
2019-10-17 07:38:46,103 [grpc-default-executor-5] INFO  impl.RaftServerImpl (RaftServerImpl.java:setRole(184)) - 920a4478-64f4-4720-983c-9a2102f3c94b@group-9DC5606B5DE8: changes role from  FOLLOWER to FOLLOWER at term 206 for recognizeCandidate:05f59524-a4ea-4be4-b99d-fb9eed47142d
2019-10-17 07:38:46,103 [grpc-default-executor-6] INFO  impl.RoleInfo (RoleInfo.java:shutdownFollowerState(121)) - 4b035f45-7941-40c3-ba2d-1cbecd2d369e: shutdown FollowerState
2019-10-17 07:38:46,103 [grpc-default-executor-5] INFO  impl.RoleInfo (RoleInfo.java:shutdownFollowerState(121)) - 920a4478-64f4-4720-983c-9a2102f3c94b: shutdown FollowerState
2019-10-17 07:38:46,104 [Thread-1592] INFO  impl.FollowerState (FollowerState.java:run(117)) - 4b035f45-7941-40c3-ba2d-1cbecd2d369e@group-9DC5606B5DE8-FollowerState was interrupted: java.lang.InterruptedException: sleep interrupted
2019-10-17 07:38:46,104 [grpc-default-executor-6] INFO  impl.RoleInfo (RoleInfo.java:updateAndGet(143)) - 4b035f45-7941-40c3-ba2d-1cbecd2d369e: start FollowerState
2019-10-17 07:38:46,104 [Thread-1593] INFO  impl.FollowerState (FollowerState.java:run(117)) - 920a4478-64f4-4720-983c-9a2102f3c94b@group-9DC5606B5DE8-FollowerState was interrupted: java.lang.InterruptedException: sleep interrupted
2019-10-17 07:38:46,104 [grpc-default-executor-5] INFO  impl.RoleInfo (RoleInfo.java:updateAndGet(143)) - 920a4478-64f4-4720-983c-9a2102f3c94b: start FollowerState
2019-10-17 07:38:46,132 [05f59524-a4ea-4be4-b99d-fb9eed47142d@group-9DC5606B5DE8-LeaderElection176] INFO  impl.LeaderElection (LeaderElection.java:logAndReturn(56)) - 05f59524-a4ea-4be4-b99d-fb9eed47142d@group-9DC5606B5DE8-LeaderElection176: Election REJECTED; received 2 response(s) [05f59524-a4ea-4be4-b99d-fb9eed47142d<-4b035f45-7941-40c3-ba2d-1cbecd2d369e#0:FAIL-t206, 05f59524-a4ea-4be4-b99d-fb9eed47142d<-920a4478-64f4-4720-983c-9a2102f3c94b#0:FAIL-t206] and 0 exception(s); 05f59524-a4ea-4be4-b99d-fb9eed47142d@group-9DC5606B5DE8:t206, leader=null, voted=05f59524-a4ea-4be4-b99d-fb9eed47142d, raftlog=05f59524-a4ea-4be4-b99d-fb9eed47142d@group-9DC5606B5DE8-SegmentedRaftLog:OPENED:c-1,f-1,i0, conf=-1: [05f59524-a4ea-4be4-b99d-fb9eed47142d:192.168.34.62:45919, 4b035f45-7941-40c3-ba2d-1cbecd2d369e:192.168.34.62:45443, 920a4478-64f4-4720-983c-9a2102f3c94b:192.168.34.62:38609], old=null
2019-10-17 07:38:46,132 [05f59524-a4ea-4be4-b99d-fb9eed47142d@group-9DC5606B5DE8-LeaderElection176] INFO  impl.RaftServerImpl (RaftServerImpl.java:setRole(184)) - 05f59524-a4ea-4be4-b99d-fb9eed47142d@group-9DC5606B5DE8: changes role from CANDIDATE to FOLLOWER at term 206 for DISCOVERED_A_NEW_TERM
2019-10-17 07:38:46,132 [05f59524-a4ea-4be4-b99d-fb9eed47142d@group-9DC5606B5DE8-LeaderElection176] INFO  impl.RoleInfo (RoleInfo.java:shutdownLeaderElection(134)) - 05f59524-a4ea-4be4-b99d-fb9eed47142d: shutdown LeaderElection
2019-10-17 07:38:46,132 [05f59524-a4ea-4be4-b99d-fb9eed47142d@group-9DC5606B5DE8-LeaderElection176] INFO  impl.RoleInfo (RoleInfo.java:updateAndGet(143)) - 05f59524-a4ea-4be4-b99d-fb9eed47142d: start FollowerState
2019-10-17 07:38:46,300 [Thread-1600] INFO  impl.FollowerState (FollowerState.java:run(108)) - 05f59524-a4ea-4be4-b99d-fb9eed47142d@group-9DC5606B5DE8-FollowerState: change to CANDIDATE, lastRpcTime:167ms, electionTimeout:167ms
2019-10-17 07:38:46,300 [Thread-1600] INFO  impl.RoleInfo (RoleInfo.java:shutdownFollowerState(121)) - 05f59524-a4ea-4be4-b99d-fb9eed47142d: shutdown FollowerState
2019-10-17 07:38:46,300 [Thread-1600] INFO  impl.RaftServerImpl (RaftServerImpl.java:setRole(184)) - 05f59524-a4ea-4be4-b99d-fb9eed47142d@group-9DC5606B5DE8: changes role from  FOLLOWER to CANDIDATE at term 206 for changeToCandidate
2019-10-17 07:38:46,300 [Thread-1600] INFO  impl.RoleInfo (RoleInfo.java:updateAndGet(143)) - 05f59524-a4ea-4be4-b99d-fb9eed47142d: start LeaderElection
2019-10-17 07:38:46,382 [05f59524-a4ea-4be4-b99d-fb9eed47142d@group-9DC5606B5DE8-LeaderElection177] INFO  impl.LeaderElection (LeaderElection.java:askForVotes(178)) - 05f59524-a4ea-4be4-b99d-fb9eed47142d@group-9DC5606B5DE8-LeaderElection177: begin an election at term 207 for -1: [05f59524-a4ea-4be4-b99d-fb9eed47142d:192.168.34.62:45919, 4b035f45-7941-40c3-ba2d-1cbecd2d369e:192.168.34.62:45443, 920a4478-64f4-4720-983c-9a2102f3c94b:192.168.34.62:38609], old=null
2019-10-17 07:38:46,385 [grpc-default-executor-5] INFO  impl.RaftServerImpl (RaftServerImpl.java:setRole(184)) - 4b035f45-7941-40c3-ba2d-1cbecd2d369e@group-9DC5606B5DE8: changes role from  FOLLOWER to FOLLOWER at term 207 for recognizeCandidate:05f59524-a4ea-4be4-b99d-fb9eed47142d
2019-10-17 07:38:46,385 [grpc-default-executor-5] INFO  impl.RoleInfo (RoleInfo.java:shutdownFollowerState(121)) - 4b035f45-7941-40c3-ba2d-1cbecd2d369e: shutdown FollowerState
2019-10-17 07:38:46,385 [grpc-default-executor-5] INFO  impl.RoleInfo (RoleInfo.java:updateAndGet(143)) - 4b035f45-7941-40c3-ba2d-1cbecd2d369e: start FollowerState
2019-10-17 07:38:46,385 [Thread-1598] INFO  impl.FollowerState (FollowerState.java:run(117)) - 4b035f45-7941-40c3-ba2d-1cbecd2d369e@group-9DC5606B5DE8-FollowerState was interrupted: java.lang.InterruptedException: sleep interrupted
2019-10-17 07:38:46,385 [grpc-default-executor-6] INFO  impl.RaftServerImpl (RaftServerImpl.java:setRole(184)) - 920a4478-64f4-4720-983c-9a2102f3c94b@group-9DC5606B5DE8: changes role from  FOLLOWER to FOLLOWER at term 207 for recognizeCandidate:05f59524-a4ea-4be4-b99d-fb9eed47142d
2019-10-17 07:38:46,386 [grpc-default-executor-6] INFO  impl.RoleInfo (RoleInfo.java:shutdownFollowerState(121)) - 920a4478-64f4-4720-983c-9a2102f3c94b: shutdown FollowerState
2019-10-17 07:38:46,386 [grpc-default-executor-6] INFO  impl.RoleInfo (RoleInfo.java:updateAndGet(143)) - 920a4478-64f4-4720-983c-9a2102f3c94b: start FollowerState
2019-10-17 07:38:46,386 [Thread-1599] INFO  impl.FollowerState (FollowerState.java:run(117)) - 920a4478-64f4-4720-983c-9a2102f3c94b@group-9DC5606B5DE8-FollowerState was interrupted: java.lang.InterruptedException: sleep interrupted
2019-10-17 07:38:46,407 [05f59524-a4ea-4be4-b99d-fb9eed47142d@group-9DC5606B5DE8-LeaderElection177] INFO  impl.LeaderElection (LeaderElection.java:logAndReturn(56)) - 05f59524-a4ea-4be4-b99d-fb9eed47142d@group-9DC5606B5DE8-LeaderElection177: Election TIMEOUT; received 0 response(s) [] and 0 exception(s); 05f59524-a4ea-4be4-b99d-fb9eed47142d@group-9DC5606B5DE8:t207, leader=null, voted=05f59524-a4ea-4be4-b99d-fb9eed47142d, raftlog=05f59524-a4ea-4be4-b99d-fb9eed47142d@group-9DC5606B5DE8-SegmentedRaftLog:OPENED:c-1,f-1,i0, conf=-1: [05f59524-a4ea-4be4-b99d-fb9eed47142d:192.168.34.62:45919, 4b035f45-7941-40c3-ba2d-1cbecd2d369e:192.168.34.62:45443, 920a4478-64f4-4720-983c-9a2102f3c94b:192.168.34.62:38609], old=null
2019-10-17 07:38:46,452 [05f59524-a4ea-4be4-b99d-fb9eed47142d@group-9DC5606B5DE8-LeaderElection177] INFO  impl.LeaderElection (LeaderElection.java:askForVotes(178)) - 05f59524-a4ea-4be4-b99d-fb9eed47142d@group-9DC5606B5DE8-LeaderElection177: begin an election at term 208 for -1: [05f59524-a4ea-4be4-b99d-fb9eed47142d:192.168.34.62:45919, 4b035f45-7941-40c3-ba2d-1cbecd2d369e:192.168.34.62:45443, 920a4478-64f4-4720-983c-9a2102f3c94b:192.168.34.62:38609], old=null
2019-10-17 07:38:46,454 [grpc-default-executor-5] INFO  impl.RaftServerImpl (RaftServerImpl.java:setRole(184)) - 4b035f45-7941-40c3-ba2d-1cbecd2d369e@group-9DC5606B5DE8: changes role from  FOLLOWER to FOLLOWER at term 208 for recognizeCandidate:05f59524-a4ea-4be4-b99d-fb9eed47142d
2019-10-17 07:38:46,454 [grpc-default-executor-5] INFO  impl.RoleInfo (RoleInfo.java:shutdownFollowerState(121)) - 4b035f45-7941-40c3-ba2d-1cbecd2d369e: shutdown FollowerState
2019-10-17 07:38:46,454 [grpc-default-executor-5] INFO  impl.RoleInfo (RoleInfo.java:updateAndGet(143)) - 4b035f45-7941-40c3-ba2d-1cbecd2d369e: start FollowerState
2019-10-17 07:38:46,454 [grpc-default-executor-6] INFO  impl.RaftServerImpl (RaftServerImpl.java:setRole(184)) - 920a4478-64f4-4720-983c-9a2102f3c94b@group-9DC5606B5DE8: changes role from  FOLLOWER to FOLLOWER at term 208 for recognizeCandidate:05f59524-a4ea-4be4-b99d-fb9eed47142d
2019-10-17 07:38:46,455 [grpc-default-executor-6] INFO  impl.RoleInfo (RoleInfo.java:shutdownFollowerState(121)) - 920a4478-64f4-4720-983c-9a2102f3c94b: shutdown FollowerState
2019-10-17 07:38:46,454 [Thread-1604] INFO  impl.FollowerState (FollowerState.java:run(117)) - 4b035f45-7941-40c3-ba2d-1cbecd2d369e@group-9DC5606B5DE8-FollowerState was interrupted: java.lang.InterruptedException: sleep interrupted
2019-10-17 07:38:46,455 [Thread-1605] INFO  impl.FollowerState (FollowerState.java:run(117)) - 920a4478-64f4-4720-983c-9a2102f3c94b@group-9DC5606B5DE8-FollowerState was interrupted: java.lang.InterruptedException: sleep interrupted
2019-10-17 07:38:46,455 [grpc-default-executor-6] INFO  impl.RoleInfo (RoleInfo.java:updateAndGet(143)) - 920a4478-64f4-4720-983c-9a2102f3c94b: start FollowerState
2019-10-17 07:38:46,490 [05f59524-a4ea-4be4-b99d-fb9eed47142d@group-9DC5606B5DE8-LeaderElection177] INFO  impl.LeaderElection (LeaderElection.java:logAndReturn(56)) - 05f59524-a4ea-4be4-b99d-fb9eed47142d@group-9DC5606B5DE8-LeaderElection177: Election REJECTED; received 2 response(s) [05f59524-a4ea-4be4-b99d-fb9eed47142d<-4b035f45-7941-40c3-ba2d-1cbecd2d369e#0:FAIL-t208, 05f59524-a4ea-4be4-b99d-fb9eed47142d<-920a4478-64f4-4720-983c-9a2102f3c94b#0:FAIL-t208] and 0 exception(s); 05f59524-a4ea-4be4-b99d-fb9eed47142d@group-9DC5606B5DE8:t208, leader=null, voted=05f59524-a4ea-4be4-b99d-fb9eed47142d, raftlog=05f59524-a4ea-4be4-b99d-fb9eed47142d@group-9DC5606B5DE8-SegmentedRaftLog:OPENED:c-1,f-1,i0, conf=-1: [05f59524-a4ea-4be4-b99d-fb9eed47142d:192.168.34.62:45919, 4b035f45-7941-40c3-ba2d-1cbecd2d369e:192.168.34.62:45443, 920a4478-64f4-4720-983c-9a2102f3c94b:192.168.34.62:38609], old=null
2019-10-17 07:38:46,490 [05f59524-a4ea-4be4-b99d-fb9eed47142d@group-9DC5606B5DE8-LeaderElection177] INFO  impl.RaftServerImpl (RaftServerImpl.java:setRole(184)) - 05f59524-a4ea-4be4-b99d-fb9eed47142d@group-9DC5606B5DE8: changes role from CANDIDATE to FOLLOWER at term 208 for DISCOVERED_A_NEW_TERM
2019-10-17 07:38:46,490 [05f59524-a4ea-4be4-b99d-fb9eed47142d@group-9DC5606B5DE8-LeaderElection177] INFO  impl.RoleInfo (RoleInfo.java:shutdownLeaderElection(134)) - 05f59524-a4ea-4be4-b99d-fb9eed47142d: shutdown LeaderElection
2019-10-17 07:38:46,490 [05f59524-a4ea-4be4-b99d-fb9eed47142d@group-9DC5606B5DE8-LeaderElection177] INFO  impl.RoleInfo (RoleInfo.java:updateAndGet(143)) - 05f59524-a4ea-4be4-b99d-fb9eed47142d: start FollowerState
2019-10-17 07:38:46,586 [Thread-1610] INFO  impl.FollowerState (FollowerState.java:run(108)) - 05f59524-a4ea-4be4-b99d-fb9eed47142d@group-9DC5606B5DE8-FollowerState: change to CANDIDATE, lastRpcTime:95ms, electionTimeout:95ms
2019-10-17 07:38:46,586 [Thread-1610] INFO  impl.RoleInfo (RoleInfo.java:shutdownFollowerState(121)) - 05f59524-a4ea-4be4-b99d-fb9eed47142d: shutdown FollowerState
2019-10-17 07:38:46,586 [Thread-1610] INFO  impl.RaftServerImpl (RaftServerImpl.java:setRole(184)) - 05f59524-a4ea-4be4-b99d-fb9eed47142d@group-9DC5606B5DE8: changes role from  FOLLOWER to CANDIDATE at term 208 for changeToCandidate
2019-10-17 07:38:46,586 [Thread-1610] INFO  impl.RoleInfo (RoleInfo.java:updateAndGet(143)) - 05f59524-a4ea-4be4-b99d-fb9eed47142d: start LeaderElection
2019-10-17 07:38:46,637 [05f59524-a4ea-4be4-b99d-fb9eed47142d@group-9DC5606B5DE8-LeaderElection178] INFO  impl.LeaderElection (LeaderElection.java:askForVotes(178)) - 05f59524-a4ea-4be4-b99d-fb9eed47142d@group-9DC5606B5DE8-LeaderElection178: begin an election at term 209 for -1: [05f59524-a4ea-4be4-b99d-fb9eed47142d:192.168.34.62:45919, 4b035f45-7941-40c3-ba2d-1cbecd2d369e:192.168.34.62:45443, 920a4478-64f4-4720-983c-9a2102f3c94b:192.168.34.62:38609], old=null
2019-10-17 07:38:46,640 [grpc-default-executor-5] INFO  impl.RaftServerImpl (RaftServerImpl.java:setRole(184)) - 4b035f45-7941-40c3-ba2d-1cbecd2d369e@group-9DC5606B5DE8: changes role from  FOLLOWER to FOLLOWER at term 209 for recognizeCandidate:05f59524-a4ea-4be4-b99d-fb9eed47142d
2019-10-17 07:38:46,640 [grpc-default-executor-6] INFO  impl.RaftServerImpl (RaftServerImpl.java:setRole(184)) - 920a4478-64f4-4720-983c-9a2102f3c94b@group-9DC5606B5DE8: changes role from  FOLLOWER to FOLLOWER at term 209 for recognizeCandidate:05f59524-a4ea-4be4-b99d-fb9eed47142d
2019-10-17 07:38:46,640 [grpc-default-executor-5] INFO  impl.RoleInfo (RoleInfo.java:shutdownFollowerState(121)) - 4b035f45-7941-40c3-ba2d-1cbecd2d369e: shutdown FollowerState
2019-10-17 07:38:46,640 [grpc-default-executor-6] INFO  impl.RoleInfo (RoleInfo.java:shutdownFollowerState(121)) - 920a4478-64f4-4720-983c-9a2102f3c94b: shutdown FollowerState
2019-10-17 07:38:46,641 [Thread-1608] INFO  impl.FollowerState (FollowerState.java:run(117)) - 4b035f45-7941-40c3-ba2d-1cbecd2d369e@group-9DC5606B5DE8-FollowerState was interrupted: java.lang.InterruptedException: sleep interrupted
2019-10-17 07:38:46,641 [grpc-default-executor-5] INFO  impl.RoleInfo (RoleInfo.java:updateAndGet(143)) - 4b035f45-7941-40c3-ba2d-1cbecd2d369e: start FollowerState
2019-10-17 07:38:46,641 [Thread-1609] INFO  impl.FollowerState (FollowerState.java:run(117)) - 920a4478-64f4-4720-983c-9a2102f3c94b@group-9DC5606B5DE8-FollowerState was interrupted: java.lang.InterruptedException: sleep interrupted
2019-10-17 07:38:46,641 [grpc-default-executor-6] INFO  impl.RoleInfo (RoleInfo.java:updateAndGet(143)) - 920a4478-64f4-4720-983c-9a2102f3c94b: start FollowerState
2019-10-17 07:38:46,670 [05f59524-a4ea-4be4-b99d-fb9eed47142d@group-9DC5606B5DE8-LeaderElection178] INFO  impl.LeaderElection (LeaderElection.java:logAndReturn(56)) - 05f59524-a4ea-4be4-b99d-fb9eed47142d@group-9DC5606B5DE8-LeaderElection178: Election REJECTED; received 2 response(s) [05f59524-a4ea-4be4-b99d-fb9eed47142d<-4b035f45-7941-40c3-ba2d-1cbecd2d369e#0:FAIL-t209, 05f59524-a4ea-4be4-b99d-fb9eed47142d<-920a4478-64f4-4720-983c-9a2102f3c94b#0:FAIL-t209] and 0 exception(s); 05f59524-a4ea-4be4-b99d-fb9eed47142d@group-9DC5606B5DE8:t209, leader=null, voted=05f59524-a4ea-4be4-b99d-fb9eed47142d, raftlog=05f59524-a4ea-4be4-b99d-fb9eed47142d@group-9DC5606B5DE8-SegmentedRaftLog:OPENED:c-1,f-1,i0, conf=-1: [05f59524-a4ea-4be4-b99d-fb9eed47142d:192.168.34.62:45919, 4b035f45-7941-40c3-ba2d-1cbecd2d369e:192.168.34.62:45443, 920a4478-64f4-4720-983c-9a2102f3c94b:192.168.34.62:38609], old=null
2019-10-17 07:38:46,670 [05f59524-a4ea-4be4-b99d-fb9eed47142d@group-9DC5606B5DE8-LeaderElection178] INFO  impl.RaftServerImpl (RaftServerImpl.java:setRole(184)) - 05f59524-a4ea-4be4-b99d-fb9eed47142d@group-9DC5606B5DE8: changes role from CANDIDATE to FOLLOWER at term 209 for DISCOVERED_A_NEW_TERM
2019-10-17 07:38:46,670 [05f59524-a4ea-4be4-b99d-fb9eed47142d@group-9DC5606B5DE8-LeaderElection178] INFO  impl.RoleInfo (RoleInfo.java:shutdownLeaderElection(134)) - 05f59524-a4ea-4be4-b99d-fb9eed47142d: shutdown LeaderElection
2019-10-17 07:38:46,671 [05f59524-a4ea-4be4-b99d-fb9eed47142d@group-9DC5606B5DE8-LeaderElection178] INFO  impl.RoleInfo (RoleInfo.java:updateAndGet(143)) - 05f59524-a4ea-4be4-b99d-fb9eed47142d: start FollowerState
2019-10-17 07:38:46,791 [Thread-1616] INFO  impl.FollowerState (FollowerState.java:run(108)) - 05f59524-a4ea-4be4-b99d-fb9eed47142d@group-9DC5606B5DE8-FollowerState: change to CANDIDATE, lastRpcTime:120ms, electionTimeout:120ms
2019-10-17 07:38:46,791 [Thread-1616] INFO  impl.RoleInfo (RoleInfo.java:shutdownFollowerState(121)) - 05f59524-a4ea-4be4-b99d-fb9eed47142d: shutdown FollowerState
2019-10-17 07:38:46,791 [Thread-1616] INFO  impl.RaftServerImpl (RaftServerImpl.java:setRole(184)) - 05f59524-a4ea-4be4-b99d-fb9eed47142d@group-9DC5606B5DE8: changes role from  FOLLOWER to CANDIDATE at term 209 for changeToCandidate
2019-10-17 07:38:46,792 [Thread-1616] INFO  impl.RoleInfo (RoleInfo.java:updateAndGet(143)) - 05f59524-a4ea-4be4-b99d-fb9eed47142d: start LeaderElection
2019-10-17 07:38:46,833 [05f59524-a4ea-4be4-b99d-fb9eed47142d@group-9DC5606B5DE8-LeaderElection179] INFO  impl.LeaderElection (LeaderElection.java:askForVotes(178)) - 05f59524-a4ea-4be4-b99d-fb9eed47142d@group-9DC5606B5DE8-LeaderElection179: begin an election at term 210 for -1: [05f59524-a4ea-4be4-b99d-fb9eed47142d:192.168.34.62:45919, 4b035f45-7941-40c3-ba2d-1cbecd2d369e:192.168.34.62:45443, 920a4478-64f4-4720-983c-9a2102f3c94b:192.168.34.62:38609], old=null
2019-10-17 07:38:46,836 [grpc-default-executor-6] INFO  impl.RaftServerImpl (RaftServerImpl.java:setRole(184)) - 4b035f45-7941-40c3-ba2d-1cbecd2d369e@group-9DC5606B5DE8: changes role from  FOLLOWER to FOLLOWER at term 210 for recognizeCandidate:05f59524-a4ea-4be4-b99d-fb9eed47142d
2019-10-17 07:38:46,836 [grpc-default-executor-5] INFO  impl.RaftServerImpl (RaftServerImpl.java:setRole(184)) - 920a4478-64f4-4720-983c-9a2102f3c94b@group-9DC5606B5DE8: changes role from  FOLLOWER to FOLLOWER at term 210 for recognizeCandidate:05f59524-a4ea-4be4-b99d-fb9eed47142d
2019-10-17 07:38:46,836 [grpc-default-executor-6] INFO  impl.RoleInfo (RoleInfo.java:shutdownFollowerState(121)) - 4b035f45-7941-40c3-ba2d-1cbecd2d369e: shutdown FollowerState
2019-10-17 07:38:46,836 [grpc-default-executor-5] INFO  impl.RoleInfo (RoleInfo.java:shutdownFollowerState(121)) - 920a4478-64f4-4720-983c-9a2102f3c94b: shutdown FollowerState
2019-10-17 07:38:46,837 [Thread-1614] INFO  impl.FollowerState (FollowerState.java:run(117)) - 4b035f45-7941-40c3-ba2d-1cbecd2d369e@group-9DC5606B5DE8-FollowerState was interrupted: java.lang.InterruptedException: sleep interrupted
2019-10-17 07:38:46,836 [grpc-default-executor-6] INFO  impl.RoleInfo (RoleInfo.java:updateAndGet(143)) - 4b035f45-7941-40c3-ba2d-1cbecd2d369e: start FollowerState
2019-10-17 07:38:46,837 [Thread-1615] INFO  impl.FollowerState (FollowerState.java:run(117)) - 920a4478-64f4-4720-983c-9a2102f3c94b@group-9DC5606B5DE8-FollowerState was interrupted: java.lang.InterruptedException: sleep interrupted
2019-10-17 07:38:46,837 [grpc-default-executor-5] INFO  impl.RoleInfo (RoleInfo.java:updateAndGet(143)) - 920a4478-64f4-4720-983c-9a2102f3c94b: start FollowerState
2019-10-17 07:38:46,887 [05f59524-a4ea-4be4-b99d-fb9eed47142d@group-9DC5606B5DE8-LeaderElection179] INFO  impl.LeaderElection (LeaderElection.java:logAndReturn(56)) - 05f59524-a4ea-4be4-b99d-fb9eed47142d@group-9DC5606B5DE8-LeaderElection179: Election REJECTED; received 2 response(s) [05f59524-a4ea-4be4-b99d-fb9eed47142d<-4b035f45-7941-40c3-ba2d-1cbecd2d369e#0:FAIL-t210, 05f59524-a4ea-4be4-b99d-fb9eed47142d<-920a4478-64f4-4720-983c-9a2102f3c94b#0:FAIL-t210] and 0 exception(s); 05f59524-a4ea-4be4-b99d-fb9eed47142d@group-9DC5606B5DE8:t210, leader=null, voted=05f59524-a4ea-4be4-b99d-fb9eed47142d, raftlog=05f59524-a4ea-4be4-b99d-fb9eed47142d@group-9DC5606B5DE8-SegmentedRaftLog:OPENED:c-1,f-1,i0, conf=-1: [05f59524-a4ea-4be4-b99d-fb9eed47142d:192.168.34.62:45919, 4b035f45-7941-40c3-ba2d-1cbecd2d369e:192.168.34.62:45443, 920a4478-64f4-4720-983c-9a2102f3c94b:192.168.34.62:38609], old=null
2019-10-17 07:38:46,887 [05f59524-a4ea-4be4-b99d-fb9eed47142d@group-9DC5606B5DE8-LeaderElection179] INFO  impl.RaftServerImpl (RaftServerImpl.java:setRole(184)) - 05f59524-a4ea-4be4-b99d-fb9eed47142d@group-9DC5606B5DE8: changes role from CANDIDATE to FOLLOWER at term 210 for DISCOVERED_A_NEW_TERM
2019-10-17 07:38:46,887 [05f59524-a4ea-4be4-b99d-fb9eed47142d@group-9DC5606B5DE8-LeaderElection179] INFO  impl.RoleInfo (RoleInfo.java:shutdownLeaderElection(134)) - 05f59524-a4ea-4be4-b99d-fb9eed47142d: shutdown LeaderElection
2019-10-17 07:38:46,887 [05f59524-a4ea-4be4-b99d-fb9eed47142d@group-9DC5606B5DE8-LeaderElection179] INFO  impl.RoleInfo (RoleInfo.java:updateAndGet(143)) - 05f59524-a4ea-4be4-b99d-fb9eed47142d: start FollowerState
2019-10-17 07:38:47,042 [Thread-1622] INFO  impl.FollowerState (FollowerState.java:run(108)) - 05f59524-a4ea-4be4-b99d-fb9eed47142d@group-9DC5606B5DE8-FollowerState: change to CANDIDATE, lastRpcTime:154ms, electionTimeout:154ms
2019-10-17 07:38:47,042 [Thread-1622] INFO  impl.RoleInfo (RoleInfo.java:shutdownFollowerState(121)) - 05f59524-a4ea-4be4-b99d-fb9eed47142d: shutdown FollowerState
2019-10-17 07:38:47,043 [Thread-1622] INFO  impl.RaftServerImpl (RaftServerImpl.java:setRole(184)) - 05f59524-a4ea-4be4-b99d-fb9eed47142d@group-9DC5606B5DE8: changes role from  FOLLOWER to CANDIDATE at term 210 for changeToCandidate
2019-10-17 07:38:47,043 [Thread-1622] INFO  impl.RoleInfo (RoleInfo.java:updateAndGet(143)) - 05f59524-a4ea-4be4-b99d-fb9eed47142d: start LeaderElection
2019-10-17 07:38:47,073 [05f59524-a4ea-4be4-b99d-fb9eed47142d@group-9DC5606B5DE8-LeaderElection180] INFO  impl.LeaderElection (LeaderElection.java:askForVotes(178)) - 05f59524-a4ea-4be4-b99d-fb9eed47142d@group-9DC5606B5DE8-LeaderElection180: begin an election at term 211 for -1: [05f59524-a4ea-4be4-b99d-fb9eed47142d:192.168.34.62:45919, 4b035f45-7941-40c3-ba2d-1cbecd2d369e:192.168.34.62:45443, 920a4478-64f4-4720-983c-9a2102f3c94b:192.168.34.62:38609], old=null
2019-10-17 07:38:47,077 [grpc-default-executor-6] INFO  impl.RaftServerImpl (RaftServerImpl.java:setRole(184)) - 920a4478-64f4-4720-983c-9a2102f3c94b@group-9DC5606B5DE8: changes role from  FOLLOWER to FOLLOWER at term 211 for recognizeCandidate:05f59524-a4ea-4be4-b99d-fb9eed47142d
2019-10-17 07:38:47,077 [grpc-default-executor-5] INFO  impl.RaftServerImpl (RaftServerImpl.java:setRole(184)) - 4b035f45-7941-40c3-ba2d-1cbecd2d369e@group-9DC5606B5DE8: changes role from  FOLLOWER to FOLLOWER at term 211 for recognizeCandidate:05f59524-a4ea-4be4-b99d-fb9eed47142d
2019-10-17 07:38:47,077 [grpc-default-executor-6] INFO  impl.RoleInfo (RoleInfo.java:shutdownFollowerState(121)) - 920a4478-64f4-4720-983c-9a2102f3c94b: shutdown FollowerState
2019-10-17 07:38:47,077 [grpc-default-executor-5] INFO  impl.RoleInfo (RoleInfo.java:shutdownFollowerState(121)) - 4b035f45-7941-40c3-ba2d-1cbecd2d369e: shutdown FollowerState
2019-10-17 07:38:47,078 [Thread-1621] INFO  impl.FollowerState (FollowerState.java:run(117)) - 920a4478-64f4-4720-983c-9a2102f3c94b@group-9DC5606B5DE8-FollowerState was interrupted: java.lang.InterruptedException: sleep interrupted
2019-10-17 07:38:47,077 [grpc-default-executor-6] INFO  impl.RoleInfo (RoleInfo.java:updateAndGet(143)) - 920a4478-64f4-4720-983c-9a2102f3c94b: start FollowerState
2019-10-17 07:38:47,078 [Thread-1620] INFO  impl.FollowerState (FollowerState.java:run(117)) - 4b035f45-7941-40c3-ba2d-1cbecd2d369e@group-9DC5606B5DE8-FollowerState was interrupted: java.lang.InterruptedException: sleep interrupted
2019-10-17 07:38:47,078 [grpc-default-executor-5] INFO  impl.RoleInfo (RoleInfo.java:updateAndGet(143)) - 4b035f45-7941-40c3-ba2d-1cbecd2d369e: start FollowerState
2019-10-17 07:38:47,120 [05f59524-a4ea-4be4-b99d-fb9eed47142d@group-9DC5606B5DE8-LeaderElection180] INFO  impl.LeaderElection (LeaderElection.java:logAndReturn(56)) - 05f59524-a4ea-4be4-b99d-fb9eed47142d@group-9DC5606B5DE8-LeaderElection180: Election REJECTED; received 2 response(s) [05f59524-a4ea-4be4-b99d-fb9eed47142d<-4b035f45-7941-40c3-ba2d-1cbecd2d369e#0:FAIL-t211, 05f59524-a4ea-4be4-b99d-fb9eed47142d<-920a4478-64f4-4720-983c-9a2102f3c94b#0:FAIL-t211] and 0 exception(s); 05f59524-a4ea-4be4-b99d-fb9eed47142d@group-9DC5606B5DE8:t211, leader=null, voted=05f59524-a4ea-4be4-b99d-fb9eed47142d, raftlog=05f59524-a4ea-4be4-b99d-fb9eed47142d@group-9DC5606B5DE8-SegmentedRaftLog:OPENED:c-1,f-1,i0, conf=-1: [05f59524-a4ea-4be4-b99d-fb9eed47142d:192.168.34.62:45919, 4b035f45-7941-40c3-ba2d-1cbecd2d369e:192.168.34.62:45443, 920a4478-64f4-4720-983c-9a2102f3c94b:192.168.34.62:38609], old=null
2019-10-17 07:38:47,120 [05f59524-a4ea-4be4-b99d-fb9eed47142d@group-9DC5606B5DE8-LeaderElection180] INFO  impl.RaftServerImpl (RaftServerImpl.java:setRole(184)) - 05f59524-a4ea-4be4-b99d-fb9eed47142d@group-9DC5606B5DE8: changes role from CANDIDATE to FOLLOWER at term 211 for DISCOVERED_A_NEW_TERM
2019-10-17 07:38:47,120 [05f59524-a4ea-4be4-b99d-fb9eed47142d@group-9DC5606B5DE8-LeaderElection180] INFO  impl.RoleInfo (RoleInfo.java:shutdownLeaderElection(134)) - 05f59524-a4ea-4be4-b99d-fb9eed47142d: shutdown LeaderElection
2019-10-17 07:38:47,120 [05f59524-a4ea-4be4-b99d-fb9eed47142d@group-9DC5606B5DE8-LeaderElection180] INFO  impl.RoleInfo (RoleInfo.java:updateAndGet(143)) - 05f59524-a4ea-4be4-b99d-fb9eed47142d: start FollowerState
2019-10-17 07:38:47,243 [Thread-1628] INFO  impl.FollowerState (FollowerState.java:run(108)) - 05f59524-a4ea-4be4-b99d-fb9eed47142d@group-9DC5606B5DE8-FollowerState: change to CANDIDATE, lastRpcTime:122ms, electionTimeout:122ms
2019-10-17 07:38:47,243 [Thread-1628] INFO  impl.RoleInfo (RoleInfo.java:shutdownFollowerState(121)) - 05f59524-a4ea-4be4-b99d-fb9eed47142d: shutdown FollowerState
2019-10-17 07:38:47,243 [Thread-1628] INFO  impl.RaftServerImpl (RaftServerImpl.java:setRole(184)) - 05f59524-a4ea-4be4-b99d-fb9eed47142d@group-9DC5606B5DE8: changes role from  FOLLOWER to CANDIDATE at term 211 for changeToCandidate
2019-10-17 07:38:47,243 [Thread-1628] INFO  impl.RoleInfo (RoleInfo.java:updateAndGet(143)) - 05f59524-a4ea-4be4-b99d-fb9eed47142d: start LeaderElection
2019-10-17 07:38:47,282 [05f59524-a4ea-4be4-b99d-fb9eed47142d@group-9DC5606B5DE8-LeaderElection181] INFO  impl.LeaderElection (LeaderElection.java:askForVotes(178)) - 05f59524-a4ea-4be4-b99d-fb9eed47142d@group-9DC5606B5DE8-LeaderElection181: begin an election at term 212 for -1: [05f59524-a4ea-4be4-b99d-fb9eed47142d:192.168.34.62:45919, 4b035f45-7941-40c3-ba2d-1cbecd2d369e:192.168.34.62:45443, 920a4478-64f4-4720-983c-9a2102f3c94b:192.168.34.62:38609], old=null
2019-10-17 07:38:47,284 [grpc-default-executor-5] INFO  impl.RaftServerImpl (RaftServerImpl.java:setRole(184)) - 4b035f45-7941-40c3-ba2d-1cbecd2d369e@group-9DC5606B5DE8: changes role from  FOLLOWER to FOLLOWER at term 212 for recognizeCandidate:05f59524-a4ea-4be4-b99d-fb9eed47142d
2019-10-17 07:38:47,284 [grpc-default-executor-5] INFO  impl.RoleInfo (RoleInfo.java:shutdownFollowerState(121)) - 4b035f45-7941-40c3-ba2d-1cbecd2d369e: shutdown FollowerState
2019-10-17 07:38:47,284 [grpc-default-executor-6] INFO  impl.RaftServerImpl (RaftServerImpl.java:setRole(184)) - 920a4478-64f4-4720-983c-9a2102f3c94b@group-9DC5606B5DE8: changes role from  FOLLOWER to FOLLOWER at term 212 for recognizeCandidate:05f59524-a4ea-4be4-b99d-fb9eed47142d
2019-10-17 07:38:47,285 [grpc-default-executor-6] INFO  impl.RoleInfo (RoleInfo.java:shutdownFollowerState(121)) - 920a4478-64f4-4720-983c-9a2102f3c94b: shutdown FollowerState
2019-10-17 07:38:47,285 [Thread-1627] INFO  impl.FollowerState (FollowerState.java:run(117)) - 4b035f45-7941-40c3-ba2d-1cbecd2d369e@group-9DC5606B5DE8-FollowerState was interrupted: java.lang.InterruptedException: sleep interrupted
2019-10-17 07:38:47,285 [grpc-default-executor-5] INFO  impl.RoleInfo (RoleInfo.java:updateAndGet(143)) - 4b035f45-7941-40c3-ba2d-1cbecd2d369e: start FollowerState
2019-10-17 07:38:47,285 [Thread-1626] INFO  impl.FollowerState (FollowerState.java:run(117)) - 920a4478-64f4-4720-983c-9a2102f3c94b@group-9DC5606B5DE8-FollowerState was interrupted: java.lang.InterruptedException: sleep interrupted
2019-10-17 07:38:47,285 [grpc-default-executor-6] INFO  impl.RoleInfo (RoleInfo.java:updateAndGet(143)) - 920a4478-64f4-4720-983c-9a2102f3c94b: start FollowerState
2019-10-17 07:38:47,323 [05f59524-a4ea-4be4-b99d-fb9eed47142d@group-9DC5606B5DE8-LeaderElection181] INFO  impl.LeaderElection (LeaderElection.java:logAndReturn(56)) - 05f59524-a4ea-4be4-b99d-fb9eed47142d@group-9DC5606B5DE8-LeaderElection181: Election REJECTED; received 2 response(s) [05f59524-a4ea-4be4-b99d-fb9eed47142d<-4b035f45-7941-40c3-ba2d-1cbecd2d369e#0:FAIL-t212, 05f59524-a4ea-4be4-b99d-fb9eed47142d<-920a4478-64f4-4720-983c-9a2102f3c94b#0:FAIL-t212] and 0 exception(s); 05f59524-a4ea-4be4-b99d-fb9eed47142d@group-9DC5606B5DE8:t212, leader=null, voted=05f59524-a4ea-4be4-b99d-fb9eed47142d, raftlog=05f59524-a4ea-4be4-b99d-fb9eed47142d@group-9DC5606B5DE8-SegmentedRaftLog:OPENED:c-1,f-1,i0, conf=-1: [05f59524-a4ea-4be4-b99d-fb9eed47142d:192.168.34.62:45919, 4b035f45-7941-40c3-ba2d-1cbecd2d369e:192.168.34.62:45443, 920a4478-64f4-4720-983c-9a2102f3c94b:192.168.34.62:38609], old=null
2019-10-17 07:38:47,323 [05f59524-a4ea-4be4-b99d-fb9eed47142d@group-9DC5606B5DE8-LeaderElection181] INFO  impl.RaftServerImpl (RaftServerImpl.java:setRole(184)) - 05f59524-a4ea-4be4-b99d-fb9eed47142d@group-9DC5606B5DE8: changes role from CANDIDATE to FOLLOWER at term 212 for DISCOVERED_A_NEW_TERM
2019-10-17 07:38:47,323 [05f59524-a4ea-4be4-b99d-fb9eed47142d@group-9DC5606B5DE8-LeaderElection181] INFO  impl.RoleInfo (RoleInfo.java:shutdownLeaderElection(134)) - 05f59524-a4ea-4be4-b99d-fb9eed47142d: shutdown LeaderElection
2019-10-17 07:38:47,323 [05f59524-a4ea-4be4-b99d-fb9eed47142d@group-9DC5606B5DE8-LeaderElection181] INFO  impl.RoleInfo (RoleInfo.java:updateAndGet(143)) - 05f59524-a4ea-4be4-b99d-fb9eed47142d: start FollowerState
2019-10-17 07:38:47,421 [Thread-1636] INFO  impl.FollowerState (FollowerState.java:run(108)) - 05f59524-a4ea-4be4-b99d-fb9eed47142d@group-9DC5606B5DE8-FollowerState: change to CANDIDATE, lastRpcTime:97ms, electionTimeout:97ms
2019-10-17 07:38:47,421 [Thread-1636] INFO  impl.RoleInfo (RoleInfo.java:shutdownFollowerState(121)) - 05f59524-a4ea-4be4-b99d-fb9eed47142d: shutdown FollowerState
2019-10-17 07:38:47,421 [Thread-1636] INFO  impl.RaftServerImpl (RaftServerImpl.java:setRole(184)) - 05f59524-a4ea-4be4-b99d-fb9eed47142d@group-9DC5606B5DE8: changes role from  FOLLOWER to CANDIDATE at term 212 for changeToCandidate
2019-10-17 07:38:47,421 [Thread-1636] INFO  impl.RoleInfo (RoleInfo.java:updateAndGet(143)) - 05f59524-a4ea-4be4-b99d-fb9eed47142d: start LeaderElection
2019-10-17 07:38:47,458 [05f59524-a4ea-4be4-b99d-fb9eed47142d@group-9DC5606B5DE8-LeaderElection182] INFO  impl.LeaderElection (LeaderElection.java:askForVotes(178)) - 05f59524-a4ea-4be4-b99d-fb9eed47142d@group-9DC5606B5DE8-LeaderElection182: begin an election at term 213 for -1: [05f59524-a4ea-4be4-b99d-fb9eed47142d:192.168.34.62:45919, 4b035f45-7941-40c3-ba2d-1cbecd2d369e:192.168.34.62:45443, 920a4478-64f4-4720-983c-9a2102f3c94b:192.168.34.62:38609], old=null
2019-10-17 07:38:47,460 [grpc-default-executor-6] INFO  impl.RaftServerImpl (RaftServerImpl.java:setRole(184)) - 4b035f45-7941-40c3-ba2d-1cbecd2d369e@group-9DC5606B5DE8: changes role from  FOLLOWER to FOLLOWER at term 213 for recognizeCandidate:05f59524-a4ea-4be4-b99d-fb9eed47142d
2019-10-17 07:38:47,461 [grpc-default-executor-6] INFO  impl.RoleInfo (RoleInfo.java:shutdownFollowerState(121)) - 4b035f45-7941-40c3-ba2d-1cbecd2d369e: shutdown FollowerState
2019-10-17 07:38:47,461 [grpc-default-executor-5] INFO  impl.RaftServerImpl (RaftServerImpl.java:setRole(184)) - 920a4478-64f4-4720-983c-9a2102f3c94b@group-9DC5606B5DE8: changes role from  FOLLOWER to FOLLOWER at term 213 for recognizeCandidate:05f59524-a4ea-4be4-b99d-fb9eed47142d
2019-10-17 07:38:47,461 [Thread-1634] INFO  impl.FollowerState (FollowerState.java:run(117)) - 4b035f45-7941-40c3-ba2d-1cbecd2d369e@group-9DC5606B5DE8-FollowerState was interrupted: java.lang.InterruptedException: sleep interrupted
2019-10-17 07:38:47,461 [grpc-default-executor-6] INFO  impl.RoleInfo (RoleInfo.java:updateAndGet(143)) - 4b035f45-7941-40c3-ba2d-1cbecd2d369e: start FollowerState
2019-10-17 07:38:47,461 [grpc-default-executor-5] INFO  impl.RoleInfo (RoleInfo.java:shutdownFollowerState(121)) - 920a4478-64f4-4720-983c-9a2102f3c94b: shutdown FollowerState
2019-10-17 07:38:47,462 [grpc-default-executor-5] INFO  impl.RoleInfo (RoleInfo.java:updateAndGet(143)) - 920a4478-64f4-4720-983c-9a2102f3c94b: start FollowerState
2019-10-17 07:38:47,462 [Thread-1635] INFO  impl.FollowerState (FollowerState.java:run(117)) - 920a4478-64f4-4720-983c-9a2102f3c94b@group-9DC5606B5DE8-FollowerState was interrupted: java.lang.InterruptedException: sleep interrupted
2019-10-17 07:38:47,490 [05f59524-a4ea-4be4-b99d-fb9eed47142d@group-9DC5606B5DE8-LeaderElection182] INFO  impl.LeaderElection (LeaderElection.java:logAndReturn(56)) - 05f59524-a4ea-4be4-b99d-fb9eed47142d@group-9DC5606B5DE8-LeaderElection182: Election REJECTED; received 2 response(s) [05f59524-a4ea-4be4-b99d-fb9eed47142d<-4b035f45-7941-40c3-ba2d-1cbecd2d369e#0:FAIL-t213, 05f59524-a4ea-4be4-b99d-fb9eed47142d<-920a4478-64f4-4720-983c-9a2102f3c94b#0:FAIL-t213] and 0 exception(s); 05f59524-a4ea-4be4-b99d-fb9eed47142d@group-9DC5606B5DE8:t213, leader=null, voted=05f59524-a4ea-4be4-b99d-fb9eed47142d, raftlog=05f59524-a4ea-4be4-b99d-fb9eed47142d@group-9DC5606B5DE8-SegmentedRaftLog:OPENED:c-1,f-1,i0, conf=-1: [05f59524-a4ea-4be4-b99d-fb9eed47142d:192.168.34.62:45919, 4b035f45-7941-40c3-ba2d-1cbecd2d369e:192.168.34.62:45443, 920a4478-64f4-4720-983c-9a2102f3c94b:192.168.34.62:38609], old=null
2019-10-17 07:38:47,491 [05f59524-a4ea-4be4-b99d-fb9eed47142d@group-9DC5606B5DE8-LeaderElection182] INFO  impl.RaftServerImpl (RaftServerImpl.java:setRole(184)) - 05f59524-a4ea-4be4-b99d-fb9eed47142d@group-9DC5606B5DE8: changes role from CANDIDATE to FOLLOWER at term 213 for DISCOVERED_A_NEW_TERM
2019-10-17 07:38:47,491 [05f59524-a4ea-4be4-b99d-fb9eed47142d@group-9DC5606B5DE8-LeaderElection182] INFO  impl.RoleInfo (RoleInfo.java:shutdownLeaderElection(134)) - 05f59524-a4ea-4be4-b99d-fb9eed47142d: shutdown LeaderElection
2019-10-17 07:38:47,491 [05f59524-a4ea-4be4-b99d-fb9eed47142d@group-9DC5606B5DE8-LeaderElection182] INFO  impl.RoleInfo (RoleInfo.java:updateAndGet(143)) - 05f59524-a4ea-4be4-b99d-fb9eed47142d: start FollowerState
2019-10-17 07:38:47,586 [Thread-1642] INFO  impl.FollowerState (FollowerState.java:run(108)) - 05f59524-a4ea-4be4-b99d-fb9eed47142d@group-9DC5606B5DE8-FollowerState: change to CANDIDATE, lastRpcTime:95ms, electionTimeout:95ms
2019-10-17 07:38:47,587 [Thread-1642] INFO  impl.RoleInfo (RoleInfo.java:shutdownFollowerState(121)) - 05f59524-a4ea-4be4-b99d-fb9eed47142d: shutdown FollowerState
2019-10-17 07:38:47,587 [Thread-1642] INFO  impl.RaftServerImpl (RaftServerImpl.java:setRole(184)) - 05f59524-a4ea-4be4-b99d-fb9eed47142d@group-9DC5606B5DE8: changes role from  FOLLOWER to CANDIDATE at term 213 for changeToCandidate
2019-10-17 07:38:47,587 [Thread-1642] INFO  impl.RoleInfo (RoleInfo.java:updateAndGet(143)) - 05f59524-a4ea-4be4-b99d-fb9eed47142d: start LeaderElection
2019-10-17 07:38:47,619 [05f59524-a4ea-4be4-b99d-fb9eed47142d@group-9DC5606B5DE8-LeaderElection183] INFO  impl.LeaderElection (LeaderElection.java:askForVotes(178)) - 05f59524-a4ea-4be4-b99d-fb9eed47142d@group-9DC5606B5DE8-LeaderElection183: begin an election at term 214 for -1: [05f59524-a4ea-4be4-b99d-fb9eed47142d:192.168.34.62:45919, 4b035f45-7941-40c3-ba2d-1cbecd2d369e:192.168.34.62:45443, 920a4478-64f4-4720-983c-9a2102f3c94b:192.168.34.62:38609], old=null
2019-10-17 07:38:47,621 [grpc-default-executor-6] INFO  impl.RaftServerImpl (RaftServerImpl.java:setRole(184)) - 4b035f45-7941-40c3-ba2d-1cbecd2d369e@group-9DC5606B5DE8: changes role from  FOLLOWER to FOLLOWER at term 214 for recognizeCandidate:05f59524-a4ea-4be4-b99d-fb9eed47142d
2019-10-17 07:38:47,621 [grpc-default-executor-6] INFO  impl.RoleInfo (RoleInfo.java:shutdownFollowerState(121)) - 4b035f45-7941-40c3-ba2d-1cbecd2d369e: shutdown FollowerState
2019-10-17 07:38:47,621 [grpc-default-executor-6] INFO  impl.RoleInfo (RoleInfo.java:updateAndGet(143)) - 4b035f45-7941-40c3-ba2d-1cbecd2d369e: start FollowerState
2019-10-17 07:38:47,621 [Thread-1640] INFO  impl.FollowerState (FollowerState.java:run(117)) - 4b035f45-7941-40c3-ba2d-1cbecd2d369e@group-9DC5606B5DE8-FollowerState was interrupted: java.lang.InterruptedException: sleep interrupted
2019-10-17 07:38:47,622 [grpc-default-executor-5] INFO  impl.RaftServerImpl (RaftServerImpl.java:setRole(184)) - 920a4478-64f4-4720-983c-9a2102f3c94b@group-9DC5606B5DE8: changes role from  FOLLOWER to FOLLOWER at term 214 for recognizeCandidate:05f59524-a4ea-4be4-b99d-fb9eed47142d
2019-10-17 07:38:47,622 [grpc-default-executor-5] INFO  impl.RoleInfo (RoleInfo.java:shutdownFollowerState(121)) - 920a4478-64f4-4720-983c-9a2102f3c94b: shutdown FollowerState
2019-10-17 07:38:47,622 [grpc-default-executor-5] INFO  impl.RoleInfo (RoleInfo.java:updateAndGet(143)) - 920a4478-64f4-4720-983c-9a2102f3c94b: start FollowerState
2019-10-17 07:38:47,622 [Thread-1641] INFO  impl.FollowerState (FollowerState.java:run(117)) - 920a4478-64f4-4720-983c-9a2102f3c94b@group-9DC5606B5DE8-FollowerState was interrupted: java.lang.InterruptedException: sleep interrupted
2019-10-17 07:38:47,680 [05f59524-a4ea-4be4-b99d-fb9eed47142d@group-9DC5606B5DE8-LeaderElection183] INFO  impl.LeaderElection (LeaderElection.java:logAndReturn(56)) - 05f59524-a4ea-4be4-b99d-fb9eed47142d@group-9DC5606B5DE8-LeaderElection183: Election REJECTED; received 2 response(s) [05f59524-a4ea-4be4-b99d-fb9eed47142d<-4b035f45-7941-40c3-ba2d-1cbecd2d369e#0:FAIL-t214, 05f59524-a4ea-4be4-b99d-fb9eed47142d<-920a4478-64f4-4720-983c-9a2102f3c94b#0:FAIL-t214] and 0 exception(s); 05f59524-a4ea-4be4-b99d-fb9eed47142d@group-9DC5606B5DE8:t214, leader=null, voted=05f59524-a4ea-4be4-b99d-fb9eed47142d, raftlog=05f59524-a4ea-4be4-b99d-fb9eed47142d@group-9DC5606B5DE8-SegmentedRaftLog:OPENED:c-1,f-1,i0, conf=-1: [05f59524-a4ea-4be4-b99d-fb9eed47142d:192.168.34.62:45919, 4b035f45-7941-40c3-ba2d-1cbecd2d369e:192.168.34.62:45443, 920a4478-64f4-4720-983c-9a2102f3c94b:192.168.34.62:38609], old=null
2019-10-17 07:38:47,680 [05f59524-a4ea-4be4-b99d-fb9eed47142d@group-9DC5606B5DE8-LeaderElection183] INFO  impl.RaftServerImpl (RaftServerImpl.java:setRole(184)) - 05f59524-a4ea-4be4-b99d-fb9eed47142d@group-9DC5606B5DE8: changes role from CANDIDATE to FOLLOWER at term 214 for DISCOVERED_A_NEW_TERM
2019-10-17 07:38:47,681 [05f59524-a4ea-4be4-b99d-fb9eed47142d@group-9DC5606B5DE8-LeaderElection183] INFO  impl.RoleInfo (RoleInfo.java:shutdownLeaderElection(134)) - 05f59524-a4ea-4be4-b99d-fb9eed47142d: shutdown LeaderElection
2019-10-17 07:38:47,681 [05f59524-a4ea-4be4-b99d-fb9eed47142d@group-9DC5606B5DE8-LeaderElection183] INFO  impl.RoleInfo (RoleInfo.java:updateAndGet(143)) - 05f59524-a4ea-4be4-b99d-fb9eed47142d: start FollowerState
2019-10-17 07:38:47,767 [Thread-1648] INFO  impl.FollowerState (FollowerState.java:run(108)) - 05f59524-a4ea-4be4-b99d-fb9eed47142d@group-9DC5606B5DE8-FollowerState: change to CANDIDATE, lastRpcTime:86ms, electionTimeout:86ms
2019-10-17 07:38:47,767 [Thread-1648] INFO  impl.RoleInfo (RoleInfo.java:shutdownFollowerState(121)) - 05f59524-a4ea-4be4-b99d-fb9eed47142d: shutdown FollowerState
2019-10-17 07:38:47,768 [Thread-1648] INFO  impl.RaftServerImpl (RaftServerImpl.java:setRole(184)) - 05f59524-a4ea-4be4-b99d-fb9eed47142d@group-9DC5606B5DE8: changes role from  FOLLOWER to CANDIDATE at term 214 for changeToCandidate
2019-10-17 07:38:47,768 [Thread-1648] INFO  impl.RoleInfo (RoleInfo.java:updateAndGet(143)) - 05f59524-a4ea-4be4-b99d-fb9eed47142d: start LeaderElection
2019-10-17 07:38:47,804 [05f59524-a4ea-4be4-b99d-fb9eed47142d@group-9DC5606B5DE8-LeaderElection184] INFO  impl.LeaderElection (LeaderElection.java:askForVotes(178)) - 05f59524-a4ea-4be4-b99d-fb9eed47142d@group-9DC5606B5DE8-LeaderElection184: begin an election at term 215 for -1: [05f59524-a4ea-4be4-b99d-fb9eed47142d:192.168.34.62:45919, 4b035f45-7941-40c3-ba2d-1cbecd2d369e:192.168.34.62:45443, 920a4478-64f4-4720-983c-9a2102f3c94b:192.168.34.62:38609], old=null
2019-10-17 07:38:47,809 [grpc-default-executor-6] INFO  impl.RaftServerImpl (RaftServerImpl.java:setRole(184)) - 920a4478-64f4-4720-983c-9a2102f3c94b@group-9DC5606B5DE8: changes role from  FOLLOWER to FOLLOWER at term 215 for recognizeCandidate:05f59524-a4ea-4be4-b99d-fb9eed47142d
2019-10-17 07:38:47,809 [grpc-default-executor-5] INFO  impl.RaftServerImpl (RaftServerImpl.java:setRole(184)) - 4b035f45-7941-40c3-ba2d-1cbecd2d369e@group-9DC5606B5DE8: changes role from  FOLLOWER to FOLLOWER at term 215 for recognizeCandidate:05f59524-a4ea-4be4-b99d-fb9eed47142d
2019-10-17 07:38:47,809 [grpc-default-executor-6] INFO  impl.RoleInfo (RoleInfo.java:shutdownFollowerState(121)) - 920a4478-64f4-4720-983c-9a2102f3c94b: shutdown FollowerState
2019-10-17 07:38:47,809 [grpc-default-executor-5] INFO  impl.RoleInfo (RoleInfo.java:shutdownFollowerState(121)) - 4b035f45-7941-40c3-ba2d-1cbecd2d369e: shutdown FollowerState
2019-10-17 07:38:47,809 [grpc-default-executor-5] INFO  impl.RoleInfo (RoleInfo.java:updateAndGet(143)) - 4b035f45-7941-40c3-ba2d-1cbecd2d369e: start FollowerState
2019-10-17 07:38:47,809 [Thread-1647] INFO  impl.FollowerState (FollowerState.java:run(117)) - 920a4478-64f4-4720-983c-9a2102f3c94b@group-9DC5606B5DE8-FollowerState was interrupted: java.lang.InterruptedException: sleep interrupted
2019-10-17 07:38:47,809 [grpc-default-executor-6] INFO  impl.RoleInfo (RoleInfo.java:updateAndGet(143)) - 920a4478-64f4-4720-983c-9a2102f3c94b: start FollowerState
2019-10-17 07:38:47,809 [Thread-1646] INFO  impl.FollowerState (FollowerState.java:run(117)) - 4b035f45-7941-40c3-ba2d-1cbecd2d369e@group-9DC5606B5DE8-FollowerState was interrupted: java.lang.InterruptedException: sleep interrupted
2019-10-17 07:38:47,848 [05f59524-a4ea-4be4-b99d-fb9eed47142d@group-9DC5606B5DE8-LeaderElection184] INFO  impl.LeaderElection (LeaderElection.java:logAndReturn(56)) - 05f59524-a4ea-4be4-b99d-fb9eed47142d@group-9DC5606B5DE8-LeaderElection184: Election REJECTED; received 2 response(s) [05f59524-a4ea-4be4-b99d-fb9eed47142d<-4b035f45-7941-40c3-ba2d-1cbecd2d369e#0:FAIL-t215, 05f59524-a4ea-4be4-b99d-fb9eed47142d<-920a4478-64f4-4720-983c-9a2102f3c94b#0:FAIL-t215] and 0 exception(s); 05f59524-a4ea-4be4-b99d-fb9eed47142d@group-9DC5606B5DE8:t215, leader=null, voted=05f59524-a4ea-4be4-b99d-fb9eed47142d, raftlog=05f59524-a4ea-4be4-b99d-fb9eed47142d@group-9DC5606B5DE8-SegmentedRaftLog:OPENED:c-1,f-1,i0, conf=-1: [05f59524-a4ea-4be4-b99d-fb9eed47142d:192.168.34.62:45919, 4b035f45-7941-40c3-ba2d-1cbecd2d369e:192.168.34.62:45443, 920a4478-64f4-4720-983c-9a2102f3c94b:192.168.34.62:38609], old=null
2019-10-17 07:38:47,848 [05f59524-a4ea-4be4-b99d-fb9eed47142d@group-9DC5606B5DE8-LeaderElection184] INFO  impl.RaftServerImpl (RaftServerImpl.java:setRole(184)) - 05f59524-a4ea-4be4-b99d-fb9eed47142d@group-9DC5606B5DE8: changes role from CANDIDATE to FOLLOWER at term 215 for DISCOVERED_A_NEW_TERM
2019-10-17 07:38:47,848 [05f59524-a4ea-4be4-b99d-fb9eed47142d@group-9DC5606B5DE8-LeaderElection184] INFO  impl.RoleInfo (RoleInfo.java:shutdownLeaderElection(134)) - 05f59524-a4ea-4be4-b99d-fb9eed47142d: shutdown LeaderElection
2019-10-17 07:38:47,848 [05f59524-a4ea-4be4-b99d-fb9eed47142d@group-9DC5606B5DE8-LeaderElection184] INFO  impl.RoleInfo (RoleInfo.java:updateAndGet(143)) - 05f59524-a4ea-4be4-b99d-fb9eed47142d: start FollowerState
2019-10-17 07:38:47,903 [Thread-1654] INFO  impl.FollowerState (FollowerState.java:run(108)) - 05f59524-a4ea-4be4-b99d-fb9eed47142d@group-9DC5606B5DE8-FollowerState: change to CANDIDATE, lastRpcTime:54ms, electionTimeout:54ms
2019-10-17 07:38:47,903 [Thread-1654] INFO  impl.RoleInfo (RoleInfo.java:shutdownFollowerState(121)) - 05f59524-a4ea-4be4-b99d-fb9eed47142d: shutdown FollowerState
2019-10-17 07:38:47,903 [Thread-1654] INFO  impl.RaftServerImpl (RaftServerImpl.java:setRole(184)) - 05f59524-a4ea-4be4-b99d-fb9eed47142d@group-9DC5606B5DE8: changes role from  FOLLOWER to CANDIDATE at term 215 for changeToCandidate
2019-10-17 07:38:47,903 [Thread-1654] INFO  impl.RoleInfo (RoleInfo.java:updateAndGet(143)) - 05f59524-a4ea-4be4-b99d-fb9eed47142d: start LeaderElection
2019-10-17 07:38:47,929 [05f59524-a4ea-4be4-b99d-fb9eed47142d@group-9DC5606B5DE8-LeaderElection185] INFO  impl.LeaderElection (LeaderElection.java:askForVotes(178)) - 05f59524-a4ea-4be4-b99d-fb9eed47142d@group-9DC5606B5DE8-LeaderElection185: begin an election at term 216 for -1: [05f59524-a4ea-4be4-b99d-fb9eed47142d:192.168.34.62:45919, 4b035f45-7941-40c3-ba2d-1cbecd2d369e:192.168.34.62:45443, 920a4478-64f4-4720-983c-9a2102f3c94b:192.168.34.62:38609], old=null
2019-10-17 07:38:47,931 [grpc-default-executor-6] INFO  impl.RaftServerImpl (RaftServerImpl.java:setRole(184)) - 920a4478-64f4-4720-983c-9a2102f3c94b@group-9DC5606B5DE8: changes role from  FOLLOWER to FOLLOWER at term 216 for recognizeCandidate:05f59524-a4ea-4be4-b99d-fb9eed47142d
2019-10-17 07:38:47,931 [grpc-default-executor-5] INFO  impl.RaftServerImpl (RaftServerImpl.java:setRole(184)) - 4b035f45-7941-40c3-ba2d-1cbecd2d369e@group-9DC5606B5DE8: changes role from  FOLLOWER to FOLLOWER at term 216 for recognizeCandidate:05f59524-a4ea-4be4-b99d-fb9eed47142d
2019-10-17 07:38:47,932 [grpc-default-executor-6] INFO  impl.RoleInfo (RoleInfo.java:shutdownFollowerState(121)) - 920a4478-64f4-4720-983c-9a2102f3c94b: shutdown FollowerState
2019-10-17 07:38:47,932 [grpc-default-executor-5] INFO  impl.RoleInfo (RoleInfo.java:shutdownFollowerState(121)) - 4b035f45-7941-40c3-ba2d-1cbecd2d369e: shutdown FollowerState
2019-10-17 07:38:47,932 [Thread-1653] INFO  impl.FollowerState (FollowerState.java:run(117)) - 4b035f45-7941-40c3-ba2d-1cbecd2d369e@group-9DC5606B5DE8-FollowerState was interrupted: java.lang.InterruptedException: sleep interrupted
2019-10-17 07:38:47,932 [Thread-1652] INFO  impl.FollowerState (FollowerState.java:run(117)) - 920a4478-64f4-4720-983c-9a2102f3c94b@group-9DC5606B5DE8-FollowerState was interrupted: java.lang.InterruptedException: sleep interrupted
2019-10-17 07:38:47,932 [grpc-default-executor-6] INFO  impl.RoleInfo (RoleInfo.java:updateAndGet(143)) - 920a4478-64f4-4720-983c-9a2102f3c94b: start FollowerState
2019-10-17 07:38:47,932 [grpc-default-executor-5] INFO  impl.RoleInfo (RoleInfo.java:updateAndGet(143)) - 4b035f45-7941-40c3-ba2d-1cbecd2d369e: start FollowerState
2019-10-17 07:38:47,960 [05f59524-a4ea-4be4-b99d-fb9eed47142d@group-9DC5606B5DE8-LeaderElection185] INFO  impl.LeaderElection (LeaderElection.java:logAndReturn(56)) - 05f59524-a4ea-4be4-b99d-fb9eed47142d@group-9DC5606B5DE8-LeaderElection185: Election REJECTED; received 2 response(s) [05f59524-a4ea-4be4-b99d-fb9eed47142d<-4b035f45-7941-40c3-ba2d-1cbecd2d369e#0:FAIL-t216, 05f59524-a4ea-4be4-b99d-fb9eed47142d<-920a4478-64f4-4720-983c-9a2102f3c94b#0:FAIL-t216] and 0 exception(s); 05f59524-a4ea-4be4-b99d-fb9eed47142d@group-9DC5606B5DE8:t216, leader=null, voted=05f59524-a4ea-4be4-b99d-fb9eed47142d, raftlog=05f59524-a4ea-4be4-b99d-fb9eed47142d@group-9DC5606B5DE8-SegmentedRaftLog:OPENED:c-1,f-1,i0, conf=-1: [05f59524-a4ea-4be4-b99d-fb9eed47142d:192.168.34.62:45919, 4b035f45-7941-40c3-ba2d-1cbecd2d369e:192.168.34.62:45443, 920a4478-64f4-4720-983c-9a2102f3c94b:192.168.34.62:38609], old=null
2019-10-17 07:38:47,960 [05f59524-a4ea-4be4-b99d-fb9eed47142d@group-9DC5606B5DE8-LeaderElection185] INFO  impl.RaftServerImpl (RaftServerImpl.java:setRole(184)) - 05f59524-a4ea-4be4-b99d-fb9eed47142d@group-9DC5606B5DE8: changes role from CANDIDATE to FOLLOWER at term 216 for DISCOVERED_A_NEW_TERM
2019-10-17 07:38:47,961 [05f59524-a4ea-4be4-b99d-fb9eed47142d@group-9DC5606B5DE8-LeaderElection185] INFO  impl.RoleInfo (RoleInfo.java:shutdownLeaderElection(134)) - 05f59524-a4ea-4be4-b99d-fb9eed47142d: shutdown LeaderElection
2019-10-17 07:38:47,961 [05f59524-a4ea-4be4-b99d-fb9eed47142d@group-9DC5606B5DE8-LeaderElection185] INFO  impl.RoleInfo (RoleInfo.java:updateAndGet(143)) - 05f59524-a4ea-4be4-b99d-fb9eed47142d: start FollowerState
2019-10-17 07:38:47,965 [Thread-1660] INFO  impl.FollowerState (FollowerState.java:run(108)) - 05f59524-a4ea-4be4-b99d-fb9eed47142d@group-9DC5606B5DE8-FollowerState: change to CANDIDATE, lastRpcTime:4ms, electionTimeout:4ms
2019-10-17 07:38:47,965 [Thread-1660] INFO  impl.RoleInfo (RoleInfo.java:shutdownFollowerState(121)) - 05f59524-a4ea-4be4-b99d-fb9eed47142d: shutdown FollowerState
2019-10-17 07:38:47,966 [Thread-1660] INFO  impl.RaftServerImpl (RaftServerImpl.java:setRole(184)) - 05f59524-a4ea-4be4-b99d-fb9eed47142d@group-9DC5606B5DE8: changes role from  FOLLOWER to CANDIDATE at term 216 for changeToCandidate
2019-10-17 07:38:47,966 [Thread-1660] INFO  impl.RoleInfo (RoleInfo.java:updateAndGet(143)) - 05f59524-a4ea-4be4-b99d-fb9eed47142d: start LeaderElection
2019-10-17 07:38:48,000 [05f59524-a4ea-4be4-b99d-fb9eed47142d@group-9DC5606B5DE8-LeaderElection186] INFO  impl.LeaderElection (LeaderElection.java:askForVotes(178)) - 05f59524-a4ea-4be4-b99d-fb9eed47142d@group-9DC5606B5DE8-LeaderElection186: begin an election at term 217 for -1: [05f59524-a4ea-4be4-b99d-fb9eed47142d:192.168.34.62:45919, 4b035f45-7941-40c3-ba2d-1cbecd2d369e:192.168.34.62:45443, 920a4478-64f4-4720-983c-9a2102f3c94b:192.168.34.62:38609], old=null
2019-10-17 07:38:48,002 [grpc-default-executor-5] INFO  impl.RaftServerImpl (RaftServerImpl.java:setRole(184)) - 4b035f45-7941-40c3-ba2d-1cbecd2d369e@group-9DC5606B5DE8: changes role from  FOLLOWER to FOLLOWER at term 217 for recognizeCandidate:05f59524-a4ea-4be4-b99d-fb9eed47142d
2019-10-17 07:38:48,003 [grpc-default-executor-5] INFO  impl.RoleInfo (RoleInfo.java:shutdownFollowerState(121)) - 4b035f45-7941-40c3-ba2d-1cbecd2d369e: shutdown FollowerState
2019-10-17 07:38:48,003 [grpc-default-executor-6] INFO  impl.RaftServerImpl (RaftServerImpl.java:setRole(184)) - 920a4478-64f4-4720-983c-9a2102f3c94b@group-9DC5606B5DE8: changes role from  FOLLOWER to FOLLOWER at term 217 for recognizeCandidate:05f59524-a4ea-4be4-b99d-fb9eed47142d
2019-10-17 07:38:48,003 [Thread-1659] INFO  impl.FollowerState (FollowerState.java:run(117)) - 4b035f45-7941-40c3-ba2d-1cbecd2d369e@group-9DC5606B5DE8-FollowerState was interrupted: java.lang.InterruptedException: sleep interrupted
2019-10-17 07:38:48,003 [grpc-default-executor-5] INFO  impl.RoleInfo (RoleInfo.java:updateAndGet(143)) - 4b035f45-7941-40c3-ba2d-1cbecd2d369e: start FollowerState
2019-10-17 07:38:48,003 [grpc-default-executor-6] INFO  impl.RoleInfo (RoleInfo.java:shutdownFollowerState(121)) - 920a4478-64f4-4720-983c-9a2102f3c94b: shutdown FollowerState
2019-10-17 07:38:48,004 [grpc-default-executor-6] INFO  impl.RoleInfo (RoleInfo.java:updateAndGet(143)) - 920a4478-64f4-4720-983c-9a2102f3c94b: start FollowerState
2019-10-17 07:38:48,004 [Thread-1658] INFO  impl.FollowerState (FollowerState.java:run(117)) - 920a4478-64f4-4720-983c-9a2102f3c94b@group-9DC5606B5DE8-FollowerState was interrupted: java.lang.InterruptedException: sleep interrupted
2019-10-17 07:38:48,044 [05f59524-a4ea-4be4-b99d-fb9eed47142d@group-9DC5606B5DE8-LeaderElection186] INFO  impl.LeaderElection (LeaderElection.java:logAndReturn(56)) - 05f59524-a4ea-4be4-b99d-fb9eed47142d@group-9DC5606B5DE8-LeaderElection186: Election REJECTED; received 2 response(s) [05f59524-a4ea-4be4-b99d-fb9eed47142d<-4b035f45-7941-40c3-ba2d-1cbecd2d369e#0:FAIL-t217, 05f59524-a4ea-4be4-b99d-fb9eed47142d<-920a4478-64f4-4720-983c-9a2102f3c94b#0:FAIL-t217] and 0 exception(s); 05f59524-a4ea-4be4-b99d-fb9eed47142d@group-9DC5606B5DE8:t217, leader=null, voted=05f59524-a4ea-4be4-b99d-fb9eed47142d, raftlog=05f59524-a4ea-4be4-b99d-fb9eed47142d@group-9DC5606B5DE8-SegmentedRaftLog:OPENED:c-1,f-1,i0, conf=-1: [05f59524-a4ea-4be4-b99d-fb9eed47142d:192.168.34.62:45919, 4b035f45-7941-40c3-ba2d-1cbecd2d369e:192.168.34.62:45443, 920a4478-64f4-4720-983c-9a2102f3c94b:192.168.34.62:38609], old=null
2019-10-17 07:38:48,044 [05f59524-a4ea-4be4-b99d-fb9eed47142d@group-9DC5606B5DE8-LeaderElection186] INFO  impl.RaftServerImpl (RaftServerImpl.java:setRole(184)) - 05f59524-a4ea-4be4-b99d-fb9eed47142d@group-9DC5606B5DE8: changes role from CANDIDATE to FOLLOWER at term 217 for DISCOVERED_A_NEW_TERM
2019-10-17 07:38:48,044 [05f59524-a4ea-4be4-b99d-fb9eed47142d@group-9DC5606B5DE8-LeaderElection186] INFO  impl.RoleInfo (RoleInfo.java:shutdownLeaderElection(134)) - 05f59524-a4ea-4be4-b99d-fb9eed47142d: shutdown LeaderElection
2019-10-17 07:38:48,044 [05f59524-a4ea-4be4-b99d-fb9eed47142d@group-9DC5606B5DE8-LeaderElection186] INFO  impl.RoleInfo (RoleInfo.java:updateAndGet(143)) - 05f59524-a4ea-4be4-b99d-fb9eed47142d: start FollowerState
2019-10-17 07:38:48,107 [Thread-1666] INFO  impl.FollowerState (FollowerState.java:run(108)) - 05f59524-a4ea-4be4-b99d-fb9eed47142d@group-9DC5606B5DE8-FollowerState: change to CANDIDATE, lastRpcTime:62ms, electionTimeout:62ms
2019-10-17 07:38:48,107 [Thread-1666] INFO  impl.RoleInfo (RoleInfo.java:shutdownFollowerState(121)) - 05f59524-a4ea-4be4-b99d-fb9eed47142d: shutdown FollowerState
2019-10-17 07:38:48,107 [Thread-1666] INFO  impl.RaftServerImpl (RaftServerImpl.java:setRole(184)) - 05f59524-a4ea-4be4-b99d-fb9eed47142d@group-9DC5606B5DE8: changes role from  FOLLOWER to CANDIDATE at term 217 for changeToCandidate
2019-10-17 07:38:48,107 [Thread-1666] INFO  impl.RoleInfo (RoleInfo.java:updateAndGet(143)) - 05f59524-a4ea-4be4-b99d-fb9eed47142d: start LeaderElection
2019-10-17 07:38:48,135 [05f59524-a4ea-4be4-b99d-fb9eed47142d@group-9DC5606B5DE8-LeaderElection187] INFO  impl.LeaderElection (LeaderElection.java:askForVotes(178)) - 05f59524-a4ea-4be4-b99d-fb9eed47142d@group-9DC5606B5DE8-LeaderElection187: begin an election at term 218 for -1: [05f59524-a4ea-4be4-b99d-fb9eed47142d:192.168.34.62:45919, 4b035f45-7941-40c3-ba2d-1cbecd2d369e:192.168.34.62:45443, 920a4478-64f4-4720-983c-9a2102f3c94b:192.168.34.62:38609], old=null
2019-10-17 07:38:48,138 [grpc-default-executor-5] INFO  impl.RaftServerImpl (RaftServerImpl.java:setRole(184)) - 4b035f45-7941-40c3-ba2d-1cbecd2d369e@group-9DC5606B5DE8: changes role from  FOLLOWER to FOLLOWER at term 218 for recognizeCandidate:05f59524-a4ea-4be4-b99d-fb9eed47142d
2019-10-17 07:38:48,138 [grpc-default-executor-6] INFO  impl.RaftServerImpl (RaftServerImpl.java:setRole(184)) - 920a4478-64f4-4720-983c-9a2102f3c94b@group-9DC5606B5DE8: changes role from  FOLLOWER to FOLLOWER at term 218 for recognizeCandidate:05f59524-a4ea-4be4-b99d-fb9eed47142d
2019-10-17 07:38:48,138 [grpc-default-executor-5] INFO  impl.RoleInfo (RoleInfo.java:shutdownFollowerState(121)) - 4b035f45-7941-40c3-ba2d-1cbecd2d369e: shutdown FollowerState
2019-10-17 07:38:48,138 [grpc-default-executor-6] INFO  impl.RoleInfo (RoleInfo.java:shutdownFollowerState(121)) - 920a4478-64f4-4720-983c-9a2102f3c94b: shutdown FollowerState
2019-10-17 07:38:48,139 [Thread-1664] INFO  impl.FollowerState (FollowerState.java:run(117)) - 4b035f45-7941-40c3-ba2d-1cbecd2d369e@group-9DC5606B5DE8-FollowerState was interrupted: java.lang.InterruptedException: sleep interrupted
2019-10-17 07:38:48,139 [grpc-default-executor-5] INFO  impl.RoleInfo (RoleInfo.java:updateAndGet(143)) - 4b035f45-7941-40c3-ba2d-1cbecd2d369e: start FollowerState
2019-10-17 07:38:48,139 [Thread-1665] INFO  impl.FollowerState (FollowerState.java:run(117)) - 920a4478-64f4-4720-983c-9a2102f3c94b@group-9DC5606B5DE8-FollowerState was interrupted: java.lang.InterruptedException: sleep interrupted
2019-10-17 07:38:48,139 [grpc-default-executor-6] INFO  impl.RoleInfo (RoleInfo.java:updateAndGet(143)) - 920a4478-64f4-4720-983c-9a2102f3c94b: start FollowerState
2019-10-17 07:38:48,184 [05f59524-a4ea-4be4-b99d-fb9eed47142d@group-9DC5606B5DE8-LeaderElection187] INFO  impl.LeaderElection (LeaderElection.java:logAndReturn(56)) - 05f59524-a4ea-4be4-b99d-fb9eed47142d@group-9DC5606B5DE8-LeaderElection187: Election REJECTED; received 2 response(s) [05f59524-a4ea-4be4-b99d-fb9eed47142d<-4b035f45-7941-40c3-ba2d-1cbecd2d369e#0:FAIL-t218, 05f59524-a4ea-4be4-b99d-fb9eed47142d<-920a4478-64f4-4720-983c-9a2102f3c94b#0:FAIL-t218] and 0 exception(s); 05f59524-a4ea-4be4-b99d-fb9eed47142d@group-9DC5606B5DE8:t218, leader=null, voted=05f59524-a4ea-4be4-b99d-fb9eed47142d, raftlog=05f59524-a4ea-4be4-b99d-fb9eed47142d@group-9DC5606B5DE8-SegmentedRaftLog:OPENED:c-1,f-1,i0, conf=-1: [05f59524-a4ea-4be4-b99d-fb9eed47142d:192.168.34.62:45919, 4b035f45-7941-40c3-ba2d-1cbecd2d369e:192.168.34.62:45443, 920a4478-64f4-4720-983c-9a2102f3c94b:192.168.34.62:38609], old=null
2019-10-17 07:38:48,184 [05f59524-a4ea-4be4-b99d-fb9eed47142d@group-9DC5606B5DE8-LeaderElection187] INFO  impl.RaftServerImpl (RaftServerImpl.java:setRole(184)) - 05f59524-a4ea-4be4-b99d-fb9eed47142d@group-9DC5606B5DE8: changes role from CANDIDATE to FOLLOWER at term 218 for DISCOVERED_A_NEW_TERM
2019-10-17 07:38:48,184 [05f59524-a4ea-4be4-b99d-fb9eed47142d@group-9DC5606B5DE8-LeaderElection187] INFO  impl.RoleInfo (RoleInfo.java:shutdownLeaderElection(134)) - 05f59524-a4ea-4be4-b99d-fb9eed47142d: shutdown LeaderElection
2019-10-17 07:38:48,184 [05f59524-a4ea-4be4-b99d-fb9eed47142d@group-9DC5606B5DE8-LeaderElection187] INFO  impl.RoleInfo (RoleInfo.java:updateAndGet(143)) - 05f59524-a4ea-4be4-b99d-fb9eed47142d: start FollowerState
2019-10-17 07:38:48,324 [Thread-1672] INFO  impl.FollowerState (FollowerState.java:run(108)) - 05f59524-a4ea-4be4-b99d-fb9eed47142d@group-9DC5606B5DE8-FollowerState: change to CANDIDATE, lastRpcTime:139ms, electionTimeout:139ms
2019-10-17 07:38:48,324 [Thread-1672] INFO  impl.RoleInfo (RoleInfo.java:shutdownFollowerState(121)) - 05f59524-a4ea-4be4-b99d-fb9eed47142d: shutdown FollowerState
2019-10-17 07:38:48,324 [Thread-1672] INFO  impl.RaftServerImpl (RaftServerImpl.java:setRole(184)) - 05f59524-a4ea-4be4-b99d-fb9eed47142d@group-9DC5606B5DE8: changes role from  FOLLOWER to CANDIDATE at term 218 for changeToCandidate
2019-10-17 07:38:48,324 [Thread-1672] INFO  impl.RoleInfo (RoleInfo.java:updateAndGet(143)) - 05f59524-a4ea-4be4-b99d-fb9eed47142d: start LeaderElection
2019-10-17 07:38:48,367 [05f59524-a4ea-4be4-b99d-fb9eed47142d@group-9DC5606B5DE8-LeaderElection188] INFO  impl.LeaderElection (LeaderElection.java:askForVotes(178)) - 05f59524-a4ea-4be4-b99d-fb9eed47142d@group-9DC5606B5DE8-LeaderElection188: begin an election at term 219 for -1: [05f59524-a4ea-4be4-b99d-fb9eed47142d:192.168.34.62:45919, 4b035f45-7941-40c3-ba2d-1cbecd2d369e:192.168.34.62:45443, 920a4478-64f4-4720-983c-9a2102f3c94b:192.168.34.62:38609], old=null
2019-10-17 07:38:48,370 [grpc-default-executor-6] INFO  impl.RaftServerImpl (RaftServerImpl.java:setRole(184)) - 4b035f45-7941-40c3-ba2d-1cbecd2d369e@group-9DC5606B5DE8: changes role from  FOLLOWER to FOLLOWER at term 219 for recognizeCandidate:05f59524-a4ea-4be4-b99d-fb9eed47142d
2019-10-17 07:38:48,370 [grpc-default-executor-5] INFO  impl.RaftServerImpl (RaftServerImpl.java:setRole(184)) - 920a4478-64f4-4720-983c-9a2102f3c94b@group-9DC5606B5DE8: changes role from  FOLLOWER to FOLLOWER at term 219 for recognizeCandidate:05f59524-a4ea-4be4-b99d-fb9eed47142d
2019-10-17 07:38:48,370 [grpc-default-executor-6] INFO  impl.RoleInfo (RoleInfo.java:shutdownFollowerState(121)) - 4b035f45-7941-40c3-ba2d-1cbecd2d369e: shutdown FollowerState
2019-10-17 07:38:48,370 [grpc-default-executor-5] INFO  impl.RoleInfo (RoleInfo.java:shutdownFollowerState(121)) - 920a4478-64f4-4720-983c-9a2102f3c94b: shutdown FollowerState
2019-10-17 07:38:48,370 [Thread-1670] INFO  impl.FollowerState (FollowerState.java:run(117)) - 4b035f45-7941-40c3-ba2d-1cbecd2d369e@group-9DC5606B5DE8-FollowerState was interrupted: java.lang.InterruptedException: sleep interrupted
2019-10-17 07:38:48,370 [grpc-default-executor-6] INFO  impl.RoleInfo (RoleInfo.java:updateAndGet(143)) - 4b035f45-7941-40c3-ba2d-1cbecd2d369e: start FollowerState
2019-10-17 07:38:48,370 [Thread-1671] INFO  impl.FollowerState (FollowerState.java:run(117)) - 920a4478-64f4-4720-983c-9a2102f3c94b@group-9DC5606B5DE8-FollowerState was interrupted: java.lang.InterruptedException: sleep interrupted
2019-10-17 07:38:48,370 [grpc-default-executor-5] INFO  impl.RoleInfo (RoleInfo.java:updateAndGet(143)) - 920a4478-64f4-4720-983c-9a2102f3c94b: start FollowerState
2019-10-17 07:38:48,402 [05f59524-a4ea-4be4-b99d-fb9eed47142d@group-9DC5606B5DE8-LeaderElection188] INFO  impl.LeaderElection (LeaderElection.java:logAndReturn(56)) - 05f59524-a4ea-4be4-b99d-fb9eed47142d@group-9DC5606B5DE8-LeaderElection188: Election REJECTED; received 2 response(s) [05f59524-a4ea-4be4-b99d-fb9eed47142d<-4b035f45-7941-40c3-ba2d-1cbecd2d369e#0:FAIL-t219, 05f59524-a4ea-4be4-b99d-fb9eed47142d<-920a4478-64f4-4720-983c-9a2102f3c94b#0:FAIL-t219] and 0 exception(s); 05f59524-a4ea-4be4-b99d-fb9eed47142d@group-9DC5606B5DE8:t219, leader=null, voted=05f59524-a4ea-4be4-b99d-fb9eed47142d, raftlog=05f59524-a4ea-4be4-b99d-fb9eed47142d@group-9DC5606B5DE8-SegmentedRaftLog:OPENED:c-1,f-1,i0, conf=-1: [05f59524-a4ea-4be4-b99d-fb9eed47142d:192.168.34.62:45919, 4b035f45-7941-40c3-ba2d-1cbecd2d369e:192.168.34.62:45443, 920a4478-64f4-4720-983c-9a2102f3c94b:192.168.34.62:38609], old=null
2019-10-17 07:38:48,402 [05f59524-a4ea-4be4-b99d-fb9eed47142d@group-9DC5606B5DE8-LeaderElection188] INFO  impl.RaftServerImpl (RaftServerImpl.java:setRole(184)) - 05f59524-a4ea-4be4-b99d-fb9eed47142d@group-9DC5606B5DE8: changes role from CANDIDATE to FOLLOWER at term 219 for DISCOVERED_A_NEW_TERM
2019-10-17 07:38:48,402 [05f59524-a4ea-4be4-b99d-fb9eed47142d@group-9DC5606B5DE8-LeaderElection188] INFO  impl.RoleInfo (RoleInfo.java:shutdownLeaderElection(134)) - 05f59524-a4ea-4be4-b99d-fb9eed47142d: shutdown LeaderElection
2019-10-17 07:38:48,402 [05f59524-a4ea-4be4-b99d-fb9eed47142d@group-9DC5606B5DE8-LeaderElection188] INFO  impl.RoleInfo (RoleInfo.java:updateAndGet(143)) - 05f59524-a4ea-4be4-b99d-fb9eed47142d: start FollowerState
2019-10-17 07:38:48,502 [Thread-1678] INFO  impl.FollowerState (FollowerState.java:run(108)) - 05f59524-a4ea-4be4-b99d-fb9eed47142d@group-9DC5606B5DE8-FollowerState: change to CANDIDATE, lastRpcTime:99ms, electionTimeout:99ms
2019-10-17 07:38:48,502 [Thread-1678] INFO  impl.RoleInfo (RoleInfo.java:shutdownFollowerState(121)) - 05f59524-a4ea-4be4-b99d-fb9eed47142d: shutdown FollowerState
2019-10-17 07:38:48,502 [Thread-1678] INFO  impl.RaftServerImpl (RaftServerImpl.java:setRole(184)) - 05f59524-a4ea-4be4-b99d-fb9eed47142d@group-9DC5606B5DE8: changes role from  FOLLOWER to CANDIDATE at term 219 for changeToCandidate
2019-10-17 07:38:48,502 [Thread-1678] INFO  impl.RoleInfo (RoleInfo.java:updateAndGet(143)) - 05f59524-a4ea-4be4-b99d-fb9eed47142d: start LeaderElection
2019-10-17 07:38:48,557 [05f59524-a4ea-4be4-b99d-fb9eed47142d@group-9DC5606B5DE8-LeaderElection189] INFO  impl.LeaderElection (LeaderElection.java:askForVotes(178)) - 05f59524-a4ea-4be4-b99d-fb9eed47142d@group-9DC5606B5DE8-LeaderElection189: begin an election at term 220 for -1: [05f59524-a4ea-4be4-b99d-fb9eed47142d:192.168.34.62:45919, 4b035f45-7941-40c3-ba2d-1cbecd2d369e:192.168.34.62:45443, 920a4478-64f4-4720-983c-9a2102f3c94b:192.168.34.62:38609], old=null
2019-10-17 07:38:48,560 [grpc-default-executor-6] INFO  impl.RaftServerImpl (RaftServerImpl.java:setRole(184)) - 920a4478-64f4-4720-983c-9a2102f3c94b@group-9DC5606B5DE8: changes role from  FOLLOWER to FOLLOWER at term 220 for recognizeCandidate:05f59524-a4ea-4be4-b99d-fb9eed47142d
2019-10-17 07:38:48,560 [grpc-default-executor-6] INFO  impl.RoleInfo (RoleInfo.java:shutdownFollowerState(121)) - 920a4478-64f4-4720-983c-9a2102f3c94b: shutdown FollowerState
2019-10-17 07:38:48,560 [grpc-default-executor-5] INFO  impl.RaftServerImpl (RaftServerImpl.java:setRole(184)) - 4b035f45-7941-40c3-ba2d-1cbecd2d369e@group-9DC5606B5DE8: changes role from  FOLLOWER to FOLLOWER at term 220 for recognizeCandidate:05f59524-a4ea-4be4-b99d-fb9eed47142d
2019-10-17 07:38:48,560 [Thread-1677] INFO  impl.FollowerState (FollowerState.java:run(117)) - 920a4478-64f4-4720-983c-9a2102f3c94b@group-9DC5606B5DE8-FollowerState was interrupted: java.lang.InterruptedException: sleep interrupted
2019-10-17 07:38:48,560 [grpc-default-executor-6] INFO  impl.RoleInfo (RoleInfo.java:updateAndGet(143)) - 920a4478-64f4-4720-983c-9a2102f3c94b: start FollowerState
2019-10-17 07:38:48,560 [grpc-default-executor-5] INFO  impl.RoleInfo (RoleInfo.java:shutdownFollowerState(121)) - 4b035f45-7941-40c3-ba2d-1cbecd2d369e: shutdown FollowerState
2019-10-17 07:38:48,561 [Thread-1676] INFO  impl.FollowerState (FollowerState.java:run(117)) - 4b035f45-7941-40c3-ba2d-1cbecd2d369e@group-9DC5606B5DE8-FollowerState was interrupted: java.lang.InterruptedException: sleep interrupted
2019-10-17 07:38:48,561 [grpc-default-executor-5] INFO  impl.RoleInfo (RoleInfo.java:updateAndGet(143)) - 4b035f45-7941-40c3-ba2d-1cbecd2d369e: start FollowerState
2019-10-17 07:38:48,588 [05f59524-a4ea-4be4-b99d-fb9eed47142d@group-9DC5606B5DE8-LeaderElection189] INFO  impl.LeaderElection (LeaderElection.java:logAndReturn(56)) - 05f59524-a4ea-4be4-b99d-fb9eed47142d@group-9DC5606B5DE8-LeaderElection189: Election REJECTED; received 2 response(s) [05f59524-a4ea-4be4-b99d-fb9eed47142d<-4b035f45-7941-40c3-ba2d-1cbecd2d369e#0:FAIL-t220, 05f59524-a4ea-4be4-b99d-fb9eed47142d<-920a4478-64f4-4720-983c-9a2102f3c94b#0:FAIL-t220] and 0 exception(s); 05f59524-a4ea-4be4-b99d-fb9eed47142d@group-9DC5606B5DE8:t220, leader=null, voted=05f59524-a4ea-4be4-b99d-fb9eed47142d, raftlog=05f59524-a4ea-4be4-b99d-fb9eed47142d@group-9DC5606B5DE8-SegmentedRaftLog:OPENED:c-1,f-1,i0, conf=-1: [05f59524-a4ea-4be4-b99d-fb9eed47142d:192.168.34.62:45919, 4b035f45-7941-40c3-ba2d-1cbecd2d369e:192.168.34.62:45443, 920a4478-64f4-4720-983c-9a2102f3c94b:192.168.34.62:38609], old=null
2019-10-17 07:38:48,588 [05f59524-a4ea-4be4-b99d-fb9eed47142d@group-9DC5606B5DE8-LeaderElection189] INFO  impl.RaftServerImpl (RaftServerImpl.java:setRole(184)) - 05f59524-a4ea-4be4-b99d-fb9eed47142d@group-9DC5606B5DE8: changes role from CANDIDATE to FOLLOWER at term 220 for DISCOVERED_A_NEW_TERM
2019-10-17 07:38:48,588 [05f59524-a4ea-4be4-b99d-fb9eed47142d@group-9DC5606B5DE8-LeaderElection189] INFO  impl.RoleInfo (RoleInfo.java:shutdownLeaderElection(134)) - 05f59524-a4ea-4be4-b99d-fb9eed47142d: shutdown LeaderElection
2019-10-17 07:38:48,588 [05f59524-a4ea-4be4-b99d-fb9eed47142d@group-9DC5606B5DE8-LeaderElection189] INFO  impl.RoleInfo (RoleInfo.java:updateAndGet(143)) - 05f59524-a4ea-4be4-b99d-fb9eed47142d: start FollowerState
2019-10-17 07:38:48,609 [Thread-1684] INFO  impl.FollowerState (FollowerState.java:run(108)) - 05f59524-a4ea-4be4-b99d-fb9eed47142d@group-9DC5606B5DE8-FollowerState: change to CANDIDATE, lastRpcTime:20ms, electionTimeout:20ms
2019-10-17 07:38:48,609 [Thread-1684] INFO  impl.RoleInfo (RoleInfo.java:shutdownFollowerState(121)) - 05f59524-a4ea-4be4-b99d-fb9eed47142d: shutdown FollowerState
2019-10-17 07:38:48,609 [Thread-1684] INFO  impl.RaftServerImpl (RaftServerImpl.java:setRole(184)) - 05f59524-a4ea-4be4-b99d-fb9eed47142d@group-9DC5606B5DE8: changes role from  FOLLOWER to CANDIDATE at term 220 for changeToCandidate
2019-10-17 07:38:48,609 [Thread-1684] INFO  impl.RoleInfo (RoleInfo.java:updateAndGet(143)) - 05f59524-a4ea-4be4-b99d-fb9eed47142d: start LeaderElection
2019-10-17 07:38:48,642 [05f59524-a4ea-4be4-b99d-fb9eed47142d@group-9DC5606B5DE8-LeaderElection190] INFO  impl.LeaderElection (LeaderElection.java:askForVotes(178)) - 05f59524-a4ea-4be4-b99d-fb9eed47142d@group-9DC5606B5DE8-LeaderElection190: begin an election at term 221 for -1: [05f59524-a4ea-4be4-b99d-fb9eed47142d:192.168.34.62:45919, 4b035f45-7941-40c3-ba2d-1cbecd2d369e:192.168.34.62:45443, 920a4478-64f4-4720-983c-9a2102f3c94b:192.168.34.62:38609], old=null
2019-10-17 07:38:48,644 [grpc-default-executor-6] INFO  impl.RaftServerImpl (RaftServerImpl.java:setRole(184)) - 4b035f45-7941-40c3-ba2d-1cbecd2d369e@group-9DC5606B5DE8: changes role from  FOLLOWER to FOLLOWER at term 221 for recognizeCandidate:05f59524-a4ea-4be4-b99d-fb9eed47142d
2019-10-17 07:38:48,644 [grpc-default-executor-6] INFO  impl.RoleInfo (RoleInfo.java:shutdownFollowerState(121)) - 4b035f45-7941-40c3-ba2d-1cbecd2d369e: shutdown FollowerState
2019-10-17 07:38:48,644 [grpc-default-executor-5] INFO  impl.RaftServerImpl (RaftServerImpl.java:setRole(184)) - 920a4478-64f4-4720-983c-9a2102f3c94b@group-9DC5606B5DE8: changes role from  FOLLOWER to FOLLOWER at term 221 for recognizeCandidate:05f59524-a4ea-4be4-b99d-fb9eed47142d
2019-10-17 07:38:48,645 [Thread-1683] INFO  impl.FollowerState (FollowerState.java:run(117)) - 4b035f45-7941-40c3-ba2d-1cbecd2d369e@group-9DC5606B5DE8-FollowerState was interrupted: java.lang.InterruptedException: sleep interrupted
2019-10-17 07:38:48,645 [grpc-default-executor-6] INFO  impl.RoleInfo (RoleInfo.java:updateAndGet(143)) - 4b035f45-7941-40c3-ba2d-1cbecd2d369e: start FollowerState
2019-10-17 07:38:48,645 [grpc-default-executor-5] INFO  impl.RoleInfo (RoleInfo.java:shutdownFollowerState(121)) - 920a4478-64f4-4720-983c-9a2102f3c94b: shutdown FollowerState
2019-10-17 07:38:48,645 [grpc-default-executor-5] INFO  impl.RoleInfo (RoleInfo.java:updateAndGet(143)) - 920a4478-64f4-4720-983c-9a2102f3c94b: start FollowerState
2019-10-17 07:38:48,645 [Thread-1682] INFO  impl.FollowerState (FollowerState.java:run(117)) - 920a4478-64f4-4720-983c-9a2102f3c94b@group-9DC5606B5DE8-FollowerState was interrupted: java.lang.InterruptedException: sleep interrupted
2019-10-17 07:38:48,688 [05f59524-a4ea-4be4-b99d-fb9eed47142d@group-9DC5606B5DE8-LeaderElection190] INFO  impl.LeaderElection (LeaderElection.java:logAndReturn(56)) - 05f59524-a4ea-4be4-b99d-fb9eed47142d@group-9DC5606B5DE8-LeaderElection190: Election REJECTED; received 2 response(s) [05f59524-a4ea-4be4-b99d-fb9eed47142d<-4b035f45-7941-40c3-ba2d-1cbecd2d369e#0:FAIL-t221, 05f59524-a4ea-4be4-b99d-fb9eed47142d<-920a4478-64f4-4720-983c-9a2102f3c94b#0:FAIL-t221] and 0 exception(s); 05f59524-a4ea-4be4-b99d-fb9eed47142d@group-9DC5606B5DE8:t221, leader=null, voted=05f59524-a4ea-4be4-b99d-fb9eed47142d, raftlog=05f59524-a4ea-4be4-b99d-fb9eed47142d@group-9DC5606B5DE8-SegmentedRaftLog:OPENED:c-1,f-1,i0, conf=-1: [05f59524-a4ea-4be4-b99d-fb9eed47142d:192.168.34.62:45919, 4b035f45-7941-40c3-ba2d-1cbecd2d369e:192.168.34.62:45443, 920a4478-64f4-4720-983c-9a2102f3c94b:192.168.34.62:38609], old=null
2019-10-17 07:38:48,688 [05f59524-a4ea-4be4-b99d-fb9eed47142d@group-9DC5606B5DE8-LeaderElection190] INFO  impl.RaftServerImpl (RaftServerImpl.java:setRole(184)) - 05f59524-a4ea-4be4-b99d-fb9eed47142d@group-9DC5606B5DE8: changes role from CANDIDATE to FOLLOWER at term 221 for DISCOVERED_A_NEW_TERM
2019-10-17 07:38:48,688 [05f59524-a4ea-4be4-b99d-fb9eed47142d@group-9DC5606B5DE8-LeaderElection190] INFO  impl.RoleInfo (RoleInfo.java:shutdownLeaderElection(134)) - 05f59524-a4ea-4be4-b99d-fb9eed47142d: shutdown LeaderElection
2019-10-17 07:38:48,689 [05f59524-a4ea-4be4-b99d-fb9eed47142d@group-9DC5606B5DE8-LeaderElection190] INFO  impl.RoleInfo (RoleInfo.java:updateAndGet(143)) - 05f59524-a4ea-4be4-b99d-fb9eed47142d: start FollowerState
2019-10-17 07:38:48,771 [Thread-1690] INFO  impl.FollowerState (FollowerState.java:run(108)) - 05f59524-a4ea-4be4-b99d-fb9eed47142d@group-9DC5606B5DE8-FollowerState: change to CANDIDATE, lastRpcTime:82ms, electionTimeout:82ms
2019-10-17 07:38:48,771 [Thread-1690] INFO  impl.RoleInfo (RoleInfo.java:shutdownFollowerState(121)) - 05f59524-a4ea-4be4-b99d-fb9eed47142d: shutdown FollowerState
2019-10-17 07:38:48,771 [Thread-1690] INFO  impl.RaftServerImpl (RaftServerImpl.java:setRole(184)) - 05f59524-a4ea-4be4-b99d-fb9eed47142d@group-9DC5606B5DE8: changes role from  FOLLOWER to CANDIDATE at term 221 for changeToCandidate
2019-10-17 07:38:48,771 [Thread-1690] INFO  impl.RoleInfo (RoleInfo.java:updateAndGet(143)) - 05f59524-a4ea-4be4-b99d-fb9eed47142d: start LeaderElection
2019-10-17 07:38:48,808 [05f59524-a4ea-4be4-b99d-fb9eed47142d@group-9DC5606B5DE8-LeaderElection191] INFO  impl.LeaderElection (LeaderElection.java:askForVotes(178)) - 05f59524-a4ea-4be4-b99d-fb9eed47142d@group-9DC5606B5DE8-LeaderElection191: begin an election at term 222 for -1: [05f59524-a4ea-4be4-b99d-fb9eed47142d:192.168.34.62:45919, 4b035f45-7941-40c3-ba2d-1cbecd2d369e:192.168.34.62:45443, 920a4478-64f4-4720-983c-9a2102f3c94b:192.168.34.62:38609], old=null
2019-10-17 07:38:48,811 [grpc-default-executor-6] INFO  impl.RaftServerImpl (RaftServerImpl.java:setRole(184)) - 4b035f45-7941-40c3-ba2d-1cbecd2d369e@group-9DC5606B5DE8: changes role from  FOLLOWER to FOLLOWER at term 222 for recognizeCandidate:05f59524-a4ea-4be4-b99d-fb9eed47142d
2019-10-17 07:38:48,811 [grpc-default-executor-5] INFO  impl.RaftServerImpl (RaftServerImpl.java:setRole(184)) - 920a4478-64f4-4720-983c-9a2102f3c94b@group-9DC5606B5DE8: changes role from  FOLLOWER to FOLLOWER at term 222 for recognizeCandidate:05f59524-a4ea-4be4-b99d-fb9eed47142d
2019-10-17 07:38:48,812 [grpc-default-executor-5] INFO  impl.RoleInfo (RoleInfo.java:shutdownFollowerState(121)) - 920a4478-64f4-4720-983c-9a2102f3c94b: shutdown FollowerState
2019-10-17 07:38:48,811 [grpc-default-executor-6] INFO  impl.RoleInfo (RoleInfo.java:shutdownFollowerState(121)) - 4b035f45-7941-40c3-ba2d-1cbecd2d369e: shutdown FollowerState
2019-10-17 07:38:48,822 [Thread-1689] INFO  impl.FollowerState (FollowerState.java:run(117)) - 920a4478-64f4-4720-983c-9a2102f3c94b@group-9DC5606B5DE8-FollowerState was interrupted: java.lang.InterruptedException: sleep interrupted
2019-10-17 07:38:48,822 [grpc-default-executor-5] INFO  impl.RoleInfo (RoleInfo.java:updateAndGet(143)) - 920a4478-64f4-4720-983c-9a2102f3c94b: start FollowerState
2019-10-17 07:38:48,822 [Thread-1688] INFO  impl.FollowerState (FollowerState.java:run(117)) - 4b035f45-7941-40c3-ba2d-1cbecd2d369e@group-9DC5606B5DE8-FollowerState was interrupted: java.lang.InterruptedException: sleep interrupted
2019-10-17 07:38:48,822 [grpc-default-executor-6] INFO  impl.RoleInfo (RoleInfo.java:updateAndGet(143)) - 4b035f45-7941-40c3-ba2d-1cbecd2d369e: start FollowerState
2019-10-17 07:38:48,866 [05f59524-a4ea-4be4-b99d-fb9eed47142d@group-9DC5606B5DE8-LeaderElection191] INFO  impl.LeaderElection (LeaderElection.java:logAndReturn(56)) - 05f59524-a4ea-4be4-b99d-fb9eed47142d@group-9DC5606B5DE8-LeaderElection191: Election REJECTED; received 2 response(s) [05f59524-a4ea-4be4-b99d-fb9eed47142d<-4b035f45-7941-40c3-ba2d-1cbecd2d369e#0:FAIL-t222, 05f59524-a4ea-4be4-b99d-fb9eed47142d<-920a4478-64f4-4720-983c-9a2102f3c94b#0:FAIL-t222] and 0 exception(s); 05f59524-a4ea-4be4-b99d-fb9eed47142d@group-9DC5606B5DE8:t222, leader=null, voted=05f59524-a4ea-4be4-b99d-fb9eed47142d, raftlog=05f59524-a4ea-4be4-b99d-fb9eed47142d@group-9DC5606B5DE8-SegmentedRaftLog:OPENED:c-1,f-1,i0, conf=-1: [05f59524-a4ea-4be4-b99d-fb9eed47142d:192.168.34.62:45919, 4b035f45-7941-40c3-ba2d-1cbecd2d369e:192.168.34.62:45443, 920a4478-64f4-4720-983c-9a2102f3c94b:192.168.34.62:38609], old=null
2019-10-17 07:38:48,866 [05f59524-a4ea-4be4-b99d-fb9eed47142d@group-9DC5606B5DE8-LeaderElection191] INFO  impl.RaftServerImpl (RaftServerImpl.java:setRole(184)) - 05f59524-a4ea-4be4-b99d-fb9eed47142d@group-9DC5606B5DE8: changes role from CANDIDATE to FOLLOWER at term 222 for DISCOVERED_A_NEW_TERM
2019-10-17 07:38:48,866 [05f59524-a4ea-4be4-b99d-fb9eed47142d@group-9DC5606B5DE8-LeaderElection191] INFO  impl.RoleInfo (RoleInfo.java:shutdownLeaderElection(134)) - 05f59524-a4ea-4be4-b99d-fb9eed47142d: shutdown LeaderElection
2019-10-17 07:38:48,866 [05f59524-a4ea-4be4-b99d-fb9eed47142d@group-9DC5606B5DE8-LeaderElection191] INFO  impl.RoleInfo (RoleInfo.java:updateAndGet(143)) - 05f59524-a4ea-4be4-b99d-fb9eed47142d: start FollowerState
2019-10-17 07:38:48,976 [Thread-1696] INFO  impl.FollowerState (FollowerState.java:run(108)) - 05f59524-a4ea-4be4-b99d-fb9eed47142d@group-9DC5606B5DE8-FollowerState: change to CANDIDATE, lastRpcTime:109ms, electionTimeout:109ms
2019-10-17 07:38:48,976 [Thread-1696] INFO  impl.RoleInfo (RoleInfo.java:shutdownFollowerState(121)) - 05f59524-a4ea-4be4-b99d-fb9eed47142d: shutdown FollowerState
2019-10-17 07:38:48,976 [Thread-1696] INFO  impl.RaftServerImpl (RaftServerImpl.java:setRole(184)) - 05f59524-a4ea-4be4-b99d-fb9eed47142d@group-9DC5606B5DE8: changes role from  FOLLOWER to CANDIDATE at term 222 for changeToCandidate
2019-10-17 07:38:48,977 [Thread-1696] INFO  impl.RoleInfo (RoleInfo.java:updateAndGet(143)) - 05f59524-a4ea-4be4-b99d-fb9eed47142d: start LeaderElection
2019-10-17 07:38:49,042 [05f59524-a4ea-4be4-b99d-fb9eed47142d@group-9DC5606B5DE8-LeaderElection192] INFO  impl.LeaderElection (LeaderElection.java:askForVotes(178)) - 05f59524-a4ea-4be4-b99d-fb9eed47142d@group-9DC5606B5DE8-LeaderElection192: begin an election at term 223 for -1: [05f59524-a4ea-4be4-b99d-fb9eed47142d:192.168.34.62:45919, 4b035f45-7941-40c3-ba2d-1cbecd2d369e:192.168.34.62:45443, 920a4478-64f4-4720-983c-9a2102f3c94b:192.168.34.62:38609], old=null
2019-10-17 07:38:49,046 [grpc-default-executor-5] INFO  impl.RaftServerImpl (RaftServerImpl.java:setRole(184)) - 4b035f45-7941-40c3-ba2d-1cbecd2d369e@group-9DC5606B5DE8: changes role from  FOLLOWER to FOLLOWER at term 223 for recognizeCandidate:05f59524-a4ea-4be4-b99d-fb9eed47142d
2019-10-17 07:38:49,046 [grpc-default-executor-5] INFO  impl.RoleInfo (RoleInfo.java:shutdownFollowerState(121)) - 4b035f45-7941-40c3-ba2d-1cbecd2d369e: shutdown FollowerState
2019-10-17 07:38:49,046 [grpc-default-executor-6] INFO  impl.RaftServerImpl (RaftServerImpl.java:setRole(184)) - 920a4478-64f4-4720-983c-9a2102f3c94b@group-9DC5606B5DE8: changes role from  FOLLOWER to FOLLOWER at term 223 for recognizeCandidate:05f59524-a4ea-4be4-b99d-fb9eed47142d
2019-10-17 07:38:49,046 [Thread-1694] INFO  impl.FollowerState (FollowerState.java:run(117)) - 4b035f45-7941-40c3-ba2d-1cbecd2d369e@group-9DC5606B5DE8-FollowerState was interrupted: java.lang.InterruptedException: sleep interrupted
2019-10-17 07:38:49,046 [grpc-default-executor-5] INFO  impl.RoleInfo (RoleInfo.java:updateAndGet(143)) - 4b035f45-7941-40c3-ba2d-1cbecd2d369e: start FollowerState
2019-10-17 07:38:49,046 [grpc-default-executor-6] INFO  impl.RoleInfo (RoleInfo.java:shutdownFollowerState(121)) - 920a4478-64f4-4720-983c-9a2102f3c94b: shutdown FollowerState
2019-10-17 07:38:49,047 [grpc-default-executor-6] INFO  impl.RoleInfo (RoleInfo.java:updateAndGet(143)) - 920a4478-64f4-4720-983c-9a2102f3c94b: start FollowerState
2019-10-17 07:38:49,047 [Thread-1695] INFO  impl.FollowerState (FollowerState.java:run(117)) - 920a4478-64f4-4720-983c-9a2102f3c94b@group-9DC5606B5DE8-FollowerState was interrupted: java.lang.InterruptedException: sleep interrupted
2019-10-17 07:38:49,071 [05f59524-a4ea-4be4-b99d-fb9eed47142d@group-9DC5606B5DE8-LeaderElection192] INFO  impl.LeaderElection (LeaderElection.java:logAndReturn(56)) - 05f59524-a4ea-4be4-b99d-fb9eed47142d@group-9DC5606B5DE8-LeaderElection192: Election TIMEOUT; received 0 response(s) [] and 0 exception(s); 05f59524-a4ea-4be4-b99d-fb9eed47142d@group-9DC5606B5DE8:t223, leader=null, voted=05f59524-a4ea-4be4-b99d-fb9eed47142d, raftlog=05f59524-a4ea-4be4-b99d-fb9eed47142d@group-9DC5606B5DE8-SegmentedRaftLog:OPENED:c-1,f-1,i0, conf=-1: [05f59524-a4ea-4be4-b99d-fb9eed47142d:192.168.34.62:45919, 4b035f45-7941-40c3-ba2d-1cbecd2d369e:192.168.34.62:45443, 920a4478-64f4-4720-983c-9a2102f3c94b:192.168.34.62:38609], old=null
2019-10-17 07:38:49,109 [05f59524-a4ea-4be4-b99d-fb9eed47142d@group-9DC5606B5DE8-LeaderElection192] INFO  impl.LeaderElection (LeaderElection.java:askForVotes(178)) - 05f59524-a4ea-4be4-b99d-fb9eed47142d@group-9DC5606B5DE8-LeaderElection192: begin an election at term 224 for -1: [05f59524-a4ea-4be4-b99d-fb9eed47142d:192.168.34.62:45919, 4b035f45-7941-40c3-ba2d-1cbecd2d369e:192.168.34.62:45443, 920a4478-64f4-4720-983c-9a2102f3c94b:192.168.34.62:38609], old=null
2019-10-17 07:38:49,111 [grpc-default-executor-6] INFO  impl.RaftServerImpl (RaftServerImpl.java:setRole(184)) - 4b035f45-7941-40c3-ba2d-1cbecd2d369e@group-9DC5606B5DE8: changes role from  FOLLOWER to FOLLOWER at term 224 for recognizeCandidate:05f59524-a4ea-4be4-b99d-fb9eed47142d
2019-10-17 07:38:49,112 [grpc-default-executor-6] INFO  impl.RoleInfo (RoleInfo.java:shutdownFollowerState(121)) - 4b035f45-7941-40c3-ba2d-1cbecd2d369e: shutdown FollowerState
2019-10-17 07:38:49,112 [grpc-default-executor-6] INFO  impl.RoleInfo (RoleInfo.java:updateAndGet(143)) - 4b035f45-7941-40c3-ba2d-1cbecd2d369e: start FollowerState
2019-10-17 07:38:49,112 [grpc-default-executor-5] INFO  impl.RaftServerImpl (RaftServerImpl.java:setRole(184)) - 920a4478-64f4-4720-983c-9a2102f3c94b@group-9DC5606B5DE8: changes role from  FOLLOWER to FOLLOWER at term 224 for recognizeCandidate:05f59524-a4ea-4be4-b99d-fb9eed47142d
2019-10-17 07:38:49,112 [grpc-default-executor-5] INFO  impl.RoleInfo (RoleInfo.java:shutdownFollowerState(121)) - 920a4478-64f4-4720-983c-9a2102f3c94b: shutdown FollowerState
2019-10-17 07:38:49,112 [Thread-1700] INFO  impl.FollowerState (FollowerState.java:run(117)) - 4b035f45-7941-40c3-ba2d-1cbecd2d369e@group-9DC5606B5DE8-FollowerState was interrupted: java.lang.InterruptedException: sleep interrupted
2019-10-17 07:38:49,112 [Thread-1701] INFO  impl.FollowerState (FollowerState.java:run(117)) - 920a4478-64f4-4720-983c-9a2102f3c94b@group-9DC5606B5DE8-FollowerState was interrupted: java.lang.InterruptedException: sleep interrupted
2019-10-17 07:38:49,112 [grpc-default-executor-5] INFO  impl.RoleInfo (RoleInfo.java:updateAndGet(143)) - 920a4478-64f4-4720-983c-9a2102f3c94b: start FollowerState
2019-10-17 07:38:49,154 [05f59524-a4ea-4be4-b99d-fb9eed47142d@group-9DC5606B5DE8-LeaderElection192] INFO  impl.LeaderElection (LeaderElection.java:logAndReturn(56)) - 05f59524-a4ea-4be4-b99d-fb9eed47142d@group-9DC5606B5DE8-LeaderElection192: Election REJECTED; received 2 response(s) [05f59524-a4ea-4be4-b99d-fb9eed47142d<-4b035f45-7941-40c3-ba2d-1cbecd2d369e#0:FAIL-t224, 05f59524-a4ea-4be4-b99d-fb9eed47142d<-920a4478-64f4-4720-983c-9a2102f3c94b#0:FAIL-t224] and 0 exception(s); 05f59524-a4ea-4be4-b99d-fb9eed47142d@group-9DC5606B5DE8:t224, leader=null, voted=05f59524-a4ea-4be4-b99d-fb9eed47142d, raftlog=05f59524-a4ea-4be4-b99d-fb9eed47142d@group-9DC5606B5DE8-SegmentedRaftLog:OPENED:c-1,f-1,i0, conf=-1: [05f59524-a4ea-4be4-b99d-fb9eed47142d:192.168.34.62:45919, 4b035f45-7941-40c3-ba2d-1cbecd2d369e:192.168.34.62:45443, 920a4478-64f4-4720-983c-9a2102f3c94b:192.168.34.62:38609], old=null
2019-10-17 07:38:49,155 [05f59524-a4ea-4be4-b99d-fb9eed47142d@group-9DC5606B5DE8-LeaderElection192] INFO  impl.RaftServerImpl (RaftServerImpl.java:setRole(184)) - 05f59524-a4ea-4be4-b99d-fb9eed47142d@group-9DC5606B5DE8: changes role from CANDIDATE to FOLLOWER at term 224 for DISCOVERED_A_NEW_TERM
2019-10-17 07:38:49,155 [05f59524-a4ea-4be4-b99d-fb9eed47142d@group-9DC5606B5DE8-LeaderElection192] INFO  impl.RoleInfo (RoleInfo.java:shutdownLeaderElection(134)) - 05f59524-a4ea-4be4-b99d-fb9eed47142d: shutdown LeaderElection
2019-10-17 07:38:49,155 [05f59524-a4ea-4be4-b99d-fb9eed47142d@group-9DC5606B5DE8-LeaderElection192] INFO  impl.RoleInfo (RoleInfo.java:updateAndGet(143)) - 05f59524-a4ea-4be4-b99d-fb9eed47142d: start FollowerState
2019-10-17 07:38:49,334 [Thread-1706] INFO  impl.FollowerState (FollowerState.java:run(108)) - 05f59524-a4ea-4be4-b99d-fb9eed47142d@group-9DC5606B5DE8-FollowerState: change to CANDIDATE, lastRpcTime:179ms, electionTimeout:179ms
2019-10-17 07:38:49,335 [Thread-1706] INFO  impl.RoleInfo (RoleInfo.java:shutdownFollowerState(121)) - 05f59524-a4ea-4be4-b99d-fb9eed47142d: shutdown FollowerState
2019-10-17 07:38:49,335 [Thread-1706] INFO  impl.RaftServerImpl (RaftServerImpl.java:setRole(184)) - 05f59524-a4ea-4be4-b99d-fb9eed47142d@group-9DC5606B5DE8: changes role from  FOLLOWER to CANDIDATE at term 224 for changeToCandidate
2019-10-17 07:38:49,335 [Thread-1706] INFO  impl.RoleInfo (RoleInfo.java:updateAndGet(143)) - 05f59524-a4ea-4be4-b99d-fb9eed47142d: start LeaderElection
2019-10-17 07:38:49,379 [05f59524-a4ea-4be4-b99d-fb9eed47142d@group-9DC5606B5DE8-LeaderElection193] INFO  impl.LeaderElection (LeaderElection.java:askForVotes(178)) - 05f59524-a4ea-4be4-b99d-fb9eed47142d@group-9DC5606B5DE8-LeaderElection193: begin an election at term 225 for -1: [05f59524-a4ea-4be4-b99d-fb9eed47142d:192.168.34.62:45919, 4b035f45-7941-40c3-ba2d-1cbecd2d369e:192.168.34.62:45443, 920a4478-64f4-4720-983c-9a2102f3c94b:192.168.34.62:38609], old=null
2019-10-17 07:38:49,382 [grpc-default-executor-5] INFO  impl.RaftServerImpl (RaftServerImpl.java:setRole(184)) - 4b035f45-7941-40c3-ba2d-1cbecd2d369e@group-9DC5606B5DE8: changes role from  FOLLOWER to FOLLOWER at term 225 for recognizeCandidate:05f59524-a4ea-4be4-b99d-fb9eed47142d
2019-10-17 07:38:49,383 [grpc-default-executor-6] INFO  impl.RaftServerImpl (RaftServerImpl.java:setRole(184)) - 920a4478-64f4-4720-983c-9a2102f3c94b@group-9DC5606B5DE8: changes role from  FOLLOWER to FOLLOWER at term 225 for recognizeCandidate:05f59524-a4ea-4be4-b99d-fb9eed47142d
2019-10-17 07:38:49,383 [grpc-default-executor-5] INFO  impl.RoleInfo (RoleInfo.java:shutdownFollowerState(121)) - 4b035f45-7941-40c3-ba2d-1cbecd2d369e: shutdown FollowerState
2019-10-17 07:38:49,383 [grpc-default-executor-6] INFO  impl.RoleInfo (RoleInfo.java:shutdownFollowerState(121)) - 920a4478-64f4-4720-983c-9a2102f3c94b: shutdown FollowerState
2019-10-17 07:38:49,383 [Thread-1704] INFO  impl.FollowerState (FollowerState.java:run(117)) - 4b035f45-7941-40c3-ba2d-1cbecd2d369e@group-9DC5606B5DE8-FollowerState was interrupted: java.lang.InterruptedException: sleep interrupted
2019-10-17 07:38:49,383 [grpc-default-executor-5] INFO  impl.RoleInfo (RoleInfo.java:updateAndGet(143)) - 4b035f45-7941-40c3-ba2d-1cbecd2d369e: start FollowerState
2019-10-17 07:38:49,383 [Thread-1705] INFO  impl.FollowerState (FollowerState.java:run(117)) - 920a4478-64f4-4720-983c-9a2102f3c94b@group-9DC5606B5DE8-FollowerState was interrupted: java.lang.InterruptedException: sleep interrupted
2019-10-17 07:38:49,383 [grpc-default-executor-6] INFO  impl.RoleInfo (RoleInfo.java:updateAndGet(143)) - 920a4478-64f4-4720-983c-9a2102f3c94b: start FollowerState
2019-10-17 07:38:49,417 [05f59524-a4ea-4be4-b99d-fb9eed47142d@group-9DC5606B5DE8-LeaderElection193] INFO  impl.LeaderElection (LeaderElection.java:logAndReturn(56)) - 05f59524-a4ea-4be4-b99d-fb9eed47142d@group-9DC5606B5DE8-LeaderElection193: Election REJECTED; received 2 response(s) [05f59524-a4ea-4be4-b99d-fb9eed47142d<-4b035f45-7941-40c3-ba2d-1cbecd2d369e#0:FAIL-t225, 05f59524-a4ea-4be4-b99d-fb9eed47142d<-920a4478-64f4-4720-983c-9a2102f3c94b#0:FAIL-t225] and 0 exception(s); 05f59524-a4ea-4be4-b99d-fb9eed47142d@group-9DC5606B5DE8:t225, leader=null, voted=05f59524-a4ea-4be4-b99d-fb9eed47142d, raftlog=05f59524-a4ea-4be4-b99d-fb9eed47142d@group-9DC5606B5DE8-SegmentedRaftLog:OPENED:c-1,f-1,i0, conf=-1: [05f59524-a4ea-4be4-b99d-fb9eed47142d:192.168.34.62:45919, 4b035f45-7941-40c3-ba2d-1cbecd2d369e:192.168.34.62:45443, 920a4478-64f4-4720-983c-9a2102f3c94b:192.168.34.62:38609], old=null
2019-10-17 07:38:49,418 [05f59524-a4ea-4be4-b99d-fb9eed47142d@group-9DC5606B5DE8-LeaderElection193] INFO  impl.RaftServerImpl (RaftServerImpl.java:setRole(184)) - 05f59524-a4ea-4be4-b99d-fb9eed47142d@group-9DC5606B5DE8: changes role from CANDIDATE to FOLLOWER at term 225 for DISCOVERED_A_NEW_TERM
2019-10-17 07:38:49,418 [05f59524-a4ea-4be4-b99d-fb9eed47142d@group-9DC5606B5DE8-LeaderElection193] INFO  impl.RoleInfo (RoleInfo.java:shutdownLeaderElection(134)) - 05f59524-a4ea-4be4-b99d-fb9eed47142d: shutdown LeaderElection
2019-10-17 07:38:49,418 [05f59524-a4ea-4be4-b99d-fb9eed47142d@group-9DC5606B5DE8-LeaderElection193] INFO  impl.RoleInfo (RoleInfo.java:updateAndGet(143)) - 05f59524-a4ea-4be4-b99d-fb9eed47142d: start FollowerState
2019-10-17 07:38:49,583 [Thread-1712] INFO  impl.FollowerState (FollowerState.java:run(108)) - 05f59524-a4ea-4be4-b99d-fb9eed47142d@group-9DC5606B5DE8-FollowerState: change to CANDIDATE, lastRpcTime:165ms, electionTimeout:165ms
2019-10-17 07:38:49,584 [Thread-1712] INFO  impl.RoleInfo (RoleInfo.java:shutdownFollowerState(121)) - 05f59524-a4ea-4be4-b99d-fb9eed47142d: shutdown FollowerState
2019-10-17 07:38:49,584 [Thread-1712] INFO  impl.RaftServerImpl (RaftServerImpl.java:setRole(184)) - 05f59524-a4ea-4be4-b99d-fb9eed47142d@group-9DC5606B5DE8: changes role from  FOLLOWER to CANDIDATE at term 225 for changeToCandidate
2019-10-17 07:38:49,584 [Thread-1712] INFO  impl.RoleInfo (RoleInfo.java:updateAndGet(143)) - 05f59524-a4ea-4be4-b99d-fb9eed47142d: start LeaderElection
2019-10-17 07:38:49,622 [05f59524-a4ea-4be4-b99d-fb9eed47142d@group-9DC5606B5DE8-LeaderElection194] INFO  impl.LeaderElection (LeaderElection.java:askForVotes(178)) - 05f59524-a4ea-4be4-b99d-fb9eed47142d@group-9DC5606B5DE8-LeaderElection194: begin an election at term 226 for -1: [05f59524-a4ea-4be4-b99d-fb9eed47142d:192.168.34.62:45919, 4b035f45-7941-40c3-ba2d-1cbecd2d369e:192.168.34.62:45443, 920a4478-64f4-4720-983c-9a2102f3c94b:192.168.34.62:38609], old=null
2019-10-17 07:38:49,625 [grpc-default-executor-6] INFO  impl.RaftServerImpl (RaftServerImpl.java:setRole(184)) - 4b035f45-7941-40c3-ba2d-1cbecd2d369e@group-9DC5606B5DE8: changes role from  FOLLOWER to FOLLOWER at term 226 for recognizeCandidate:05f59524-a4ea-4be4-b99d-fb9eed47142d
2019-10-17 07:38:49,625 [grpc-default-executor-6] INFO  impl.RoleInfo (RoleInfo.java:shutdownFollowerState(121)) - 4b035f45-7941-40c3-ba2d-1cbecd2d369e: shutdown FollowerState
2019-10-17 07:38:49,625 [grpc-default-executor-6] INFO  impl.RoleInfo (RoleInfo.java:updateAndGet(143)) - 4b035f45-7941-40c3-ba2d-1cbecd2d369e: start FollowerState
2019-10-17 07:38:49,625 [grpc-default-executor-5] INFO  impl.RaftServerImpl (RaftServerImpl.java:setRole(184)) - 920a4478-64f4-4720-983c-9a2102f3c94b@group-9DC5606B5DE8: changes role from  FOLLOWER to FOLLOWER at term 226 for recognizeCandidate:05f59524-a4ea-4be4-b99d-fb9eed47142d
2019-10-17 07:38:49,625 [Thread-1710] INFO  impl.FollowerState (FollowerState.java:run(117)) - 4b035f45-7941-40c3-ba2d-1cbecd2d369e@group-9DC5606B5DE8-FollowerState was interrupted: java.lang.InterruptedException: sleep interrupted
2019-10-17 07:38:49,625 [grpc-default-executor-5] INFO  impl.RoleInfo (RoleInfo.java:shutdownFollowerState(121)) - 920a4478-64f4-4720-983c-9a2102f3c94b: shutdown FollowerState
2019-10-17 07:38:49,626 [grpc-default-executor-5] INFO  impl.RoleInfo (RoleInfo.java:updateAndGet(143)) - 920a4478-64f4-4720-983c-9a2102f3c94b: start FollowerState
2019-10-17 07:38:49,626 [Thread-1711] INFO  impl.FollowerState (FollowerState.java:run(117)) - 920a4478-64f4-4720-983c-9a2102f3c94b@group-9DC5606B5DE8-FollowerState was interrupted: java.lang.InterruptedException: sleep interrupted
2019-10-17 07:38:49,651 [05f59524-a4ea-4be4-b99d-fb9eed47142d@group-9DC5606B5DE8-LeaderElection194] INFO  impl.LeaderElection (LeaderElection.java:logAndReturn(56)) - 05f59524-a4ea-4be4-b99d-fb9eed47142d@group-9DC5606B5DE8-LeaderElection194: Election REJECTED; received 2 response(s) [05f59524-a4ea-4be4-b99d-fb9eed47142d<-4b035f45-7941-40c3-ba2d-1cbecd2d369e#0:FAIL-t226, 05f59524-a4ea-4be4-b99d-fb9eed47142d<-920a4478-64f4-4720-983c-9a2102f3c94b#0:FAIL-t226] and 0 exception(s); 05f59524-a4ea-4be4-b99d-fb9eed47142d@group-9DC5606B5DE8:t226, leader=null, voted=05f59524-a4ea-4be4-b99d-fb9eed47142d, raftlog=05f59524-a4ea-4be4-b99d-fb9eed47142d@group-9DC5606B5DE8-SegmentedRaftLog:OPENED:c-1,f-1,i0, conf=-1: [05f59524-a4ea-4be4-b99d-fb9eed47142d:192.168.34.62:45919, 4b035f45-7941-40c3-ba2d-1cbecd2d369e:192.168.34.62:45443, 920a4478-64f4-4720-983c-9a2102f3c94b:192.168.34.62:38609], old=null
2019-10-17 07:38:49,652 [05f59524-a4ea-4be4-b99d-fb9eed47142d@group-9DC5606B5DE8-LeaderElection194] INFO  impl.RaftServerImpl (RaftServerImpl.java:setRole(184)) - 05f59524-a4ea-4be4-b99d-fb9eed47142d@group-9DC5606B5DE8: changes role from CANDIDATE to FOLLOWER at term 226 for DISCOVERED_A_NEW_TERM
2019-10-17 07:38:49,652 [05f59524-a4ea-4be4-b99d-fb9eed47142d@group-9DC5606B5DE8-LeaderElection194] INFO  impl.RoleInfo (RoleInfo.java:shutdownLeaderElection(134)) - 05f59524-a4ea-4be4-b99d-fb9eed47142d: shutdown LeaderElection
2019-10-17 07:38:49,652 [05f59524-a4ea-4be4-b99d-fb9eed47142d@group-9DC5606B5DE8-LeaderElection194] INFO  impl.RoleInfo (RoleInfo.java:updateAndGet(143)) - 05f59524-a4ea-4be4-b99d-fb9eed47142d: start FollowerState
2019-10-17 07:38:49,720 [Thread-1718] INFO  impl.FollowerState (FollowerState.java:run(108)) - 05f59524-a4ea-4be4-b99d-fb9eed47142d@group-9DC5606B5DE8-FollowerState: change to CANDIDATE, lastRpcTime:67ms, electionTimeout:67ms
2019-10-17 07:38:49,720 [Thread-1718] INFO  impl.RoleInfo (RoleInfo.java:shutdownFollowerState(121)) - 05f59524-a4ea-4be4-b99d-fb9eed47142d: shutdown FollowerState
2019-10-17 07:38:49,720 [Thread-1718] INFO  impl.RaftServerImpl (RaftServerImpl.java:setRole(184)) - 05f59524-a4ea-4be4-b99d-fb9eed47142d@group-9DC5606B5DE8: changes role from  FOLLOWER to CANDIDATE at term 226 for changeToCandidate
2019-10-17 07:38:49,720 [Thread-1718] INFO  impl.RoleInfo (RoleInfo.java:updateAndGet(143)) - 05f59524-a4ea-4be4-b99d-fb9eed47142d: start LeaderElection
2019-10-17 07:38:49,746 [05f59524-a4ea-4be4-b99d-fb9eed47142d@group-9DC5606B5DE8-LeaderElection195] INFO  impl.LeaderElection (LeaderElection.java:askForVotes(178)) - 05f59524-a4ea-4be4-b99d-fb9eed47142d@group-9DC5606B5DE8-LeaderElection195: begin an election at term 227 for -1: [05f59524-a4ea-4be4-b99d-fb9eed47142d:192.168.34.62:45919, 4b035f45-7941-40c3-ba2d-1cbecd2d369e:192.168.34.62:45443, 920a4478-64f4-4720-983c-9a2102f3c94b:192.168.34.62:38609], old=null
2019-10-17 07:38:49,749 [grpc-default-executor-5] INFO  impl.RaftServerImpl (RaftServerImpl.java:setRole(184)) - 4b035f45-7941-40c3-ba2d-1cbecd2d369e@group-9DC5606B5DE8: changes role from  FOLLOWER to FOLLOWER at term 227 for recognizeCandidate:05f59524-a4ea-4be4-b99d-fb9eed47142d
2019-10-17 07:38:49,749 [grpc-default-executor-5] INFO  impl.RoleInfo (RoleInfo.java:shutdownFollowerState(121)) - 4b035f45-7941-40c3-ba2d-1cbecd2d369e: shutdown FollowerState
2019-10-17 07:38:49,749 [grpc-default-executor-6] INFO  impl.RaftServerImpl (RaftServerImpl.java:setRole(184)) - 920a4478-64f4-4720-983c-9a2102f3c94b@group-9DC5606B5DE8: changes role from  FOLLOWER to FOLLOWER at term 227 for recognizeCandidate:05f59524-a4ea-4be4-b99d-fb9eed47142d
2019-10-17 07:38:49,749 [grpc-default-executor-6] INFO  impl.RoleInfo (RoleInfo.java:shutdownFollowerState(121)) - 920a4478-64f4-4720-983c-9a2102f3c94b: shutdown FollowerState
2019-10-17 07:38:49,749 [Thread-1716] INFO  impl.FollowerState (FollowerState.java:run(117)) - 4b035f45-7941-40c3-ba2d-1cbecd2d369e@group-9DC5606B5DE8-FollowerState was interrupted: java.lang.InterruptedException: sleep interrupted
2019-10-17 07:38:49,749 [grpc-default-executor-5] INFO  impl.RoleInfo (RoleInfo.java:updateAndGet(143)) - 4b035f45-7941-40c3-ba2d-1cbecd2d369e: start FollowerState
2019-10-17 07:38:49,750 [Thread-1717] INFO  impl.FollowerState (FollowerState.java:run(117)) - 920a4478-64f4-4720-983c-9a2102f3c94b@group-9DC5606B5DE8-FollowerState was interrupted: java.lang.InterruptedException: sleep interrupted
2019-10-17 07:38:49,749 [grpc-default-executor-6] INFO  impl.RoleInfo (RoleInfo.java:updateAndGet(143)) - 920a4478-64f4-4720-983c-9a2102f3c94b: start FollowerState
2019-10-17 07:38:49,764 [05f59524-a4ea-4be4-b99d-fb9eed47142d@group-9DC5606B5DE8-LeaderElection195] INFO  impl.LeaderElection (LeaderElection.java:logAndReturn(56)) - 05f59524-a4ea-4be4-b99d-fb9eed47142d@group-9DC5606B5DE8-LeaderElection195: Election REJECTED; received 2 response(s) [05f59524-a4ea-4be4-b99d-fb9eed47142d<-4b035f45-7941-40c3-ba2d-1cbecd2d369e#0:FAIL-t227, 05f59524-a4ea-4be4-b99d-fb9eed47142d<-920a4478-64f4-4720-983c-9a2102f3c94b#0:FAIL-t227] and 0 exception(s); 05f59524-a4ea-4be4-b99d-fb9eed47142d@group-9DC5606B5DE8:t227, leader=null, voted=05f59524-a4ea-4be4-b99d-fb9eed47142d, raftlog=05f59524-a4ea-4be4-b99d-fb9eed47142d@group-9DC5606B5DE8-SegmentedRaftLog:OPENED:c-1,f-1,i0, conf=-1: [05f59524-a4ea-4be4-b99d-fb9eed47142d:192.168.34.62:45919, 4b035f45-7941-40c3-ba2d-1cbecd2d369e:192.168.34.62:45443, 920a4478-64f4-4720-983c-9a2102f3c94b:192.168.34.62:38609], old=null
2019-10-17 07:38:49,764 [05f59524-a4ea-4be4-b99d-fb9eed47142d@group-9DC5606B5DE8-LeaderElection195] INFO  impl.RaftServerImpl (RaftServerImpl.java:setRole(184)) - 05f59524-a4ea-4be4-b99d-fb9eed47142d@group-9DC5606B5DE8: changes role from CANDIDATE to FOLLOWER at term 227 for DISCOVERED_A_NEW_TERM
2019-10-17 07:38:49,765 [05f59524-a4ea-4be4-b99d-fb9eed47142d@group-9DC5606B5DE8-LeaderElection195] INFO  impl.RoleInfo (RoleInfo.java:shutdownLeaderElection(134)) - 05f59524-a4ea-4be4-b99d-fb9eed47142d: shutdown LeaderElection
2019-10-17 07:38:49,765 [05f59524-a4ea-4be4-b99d-fb9eed47142d@group-9DC5606B5DE8-LeaderElection195] INFO  impl.RoleInfo (RoleInfo.java:updateAndGet(143)) - 05f59524-a4ea-4be4-b99d-fb9eed47142d: start FollowerState
2019-10-17 07:38:49,829 [Thread-1726] INFO  impl.FollowerState (FollowerState.java:run(108)) - 05f59524-a4ea-4be4-b99d-fb9eed47142d@group-9DC5606B5DE8-FollowerState: change to CANDIDATE, lastRpcTime:64ms, electionTimeout:64ms
2019-10-17 07:38:49,830 [Thread-1726] INFO  impl.RoleInfo (RoleInfo.java:shutdownFollowerState(121)) - 05f59524-a4ea-4be4-b99d-fb9eed47142d: shutdown FollowerState
2019-10-17 07:38:49,830 [Thread-1726] INFO  impl.RaftServerImpl (RaftServerImpl.java:setRole(184)) - 05f59524-a4ea-4be4-b99d-fb9eed47142d@group-9DC5606B5DE8: changes role from  FOLLOWER to CANDIDATE at term 227 for changeToCandidate
2019-10-17 07:38:49,830 [Thread-1726] INFO  impl.RoleInfo (RoleInfo.java:updateAndGet(143)) - 05f59524-a4ea-4be4-b99d-fb9eed47142d: start LeaderElection
2019-10-17 07:38:49,875 [05f59524-a4ea-4be4-b99d-fb9eed47142d@group-9DC5606B5DE8-LeaderElection196] INFO  impl.LeaderElection (LeaderElection.java:askForVotes(178)) - 05f59524-a4ea-4be4-b99d-fb9eed47142d@group-9DC5606B5DE8-LeaderElection196: begin an election at term 228 for -1: [05f59524-a4ea-4be4-b99d-fb9eed47142d:192.168.34.62:45919, 4b035f45-7941-40c3-ba2d-1cbecd2d369e:192.168.34.62:45443, 920a4478-64f4-4720-983c-9a2102f3c94b:192.168.34.62:38609], old=null
2019-10-17 07:38:49,877 [grpc-default-executor-6] INFO  impl.RaftServerImpl (RaftServerImpl.java:setRole(184)) - 4b035f45-7941-40c3-ba2d-1cbecd2d369e@group-9DC5606B5DE8: changes role from  FOLLOWER to FOLLOWER at term 228 for recognizeCandidate:05f59524-a4ea-4be4-b99d-fb9eed47142d
2019-10-17 07:38:49,877 [grpc-default-executor-6] INFO  impl.RoleInfo (RoleInfo.java:shutdownFollowerState(121)) - 4b035f45-7941-40c3-ba2d-1cbecd2d369e: shutdown FollowerState
2019-10-17 07:38:49,877 [grpc-default-executor-5] INFO  impl.RaftServerImpl (RaftServerImpl.java:setRole(184)) - 920a4478-64f4-4720-983c-9a2102f3c94b@group-9DC5606B5DE8: changes role from  FOLLOWER to FOLLOWER at term 228 for recognizeCandidate:05f59524-a4ea-4be4-b99d-fb9eed47142d
2019-10-17 07:38:49,878 [Thread-1722] INFO  impl.FollowerState (FollowerState.java:run(117)) - 4b035f45-7941-40c3-ba2d-1cbecd2d369e@group-9DC5606B5DE8-FollowerState was interrupted: java.lang.InterruptedException: sleep interrupted
2019-10-17 07:38:49,877 [grpc-default-executor-6] INFO  impl.RoleInfo (RoleInfo.java:updateAndGet(143)) - 4b035f45-7941-40c3-ba2d-1cbecd2d369e: start FollowerState
2019-10-17 07:38:49,878 [grpc-default-executor-5] INFO  impl.RoleInfo (RoleInfo.java:shutdownFollowerState(121)) - 920a4478-64f4-4720-983c-9a2102f3c94b: shutdown FollowerState
2019-10-17 07:38:49,878 [grpc-default-executor-5] INFO  impl.RoleInfo (RoleInfo.java:updateAndGet(143)) - 920a4478-64f4-4720-983c-9a2102f3c94b: start FollowerState
2019-10-17 07:38:49,878 [Thread-1723] INFO  impl.FollowerState (FollowerState.java:run(117)) - 920a4478-64f4-4720-983c-9a2102f3c94b@group-9DC5606B5DE8-FollowerState was interrupted: java.lang.InterruptedException: sleep interrupted
2019-10-17 07:38:49,903 [05f59524-a4ea-4be4-b99d-fb9eed47142d@group-9DC5606B5DE8-LeaderElection196] INFO  impl.LeaderElection (LeaderElection.java:logAndReturn(56)) - 05f59524-a4ea-4be4-b99d-fb9eed47142d@group-9DC5606B5DE8-LeaderElection196: Election REJECTED; received 2 response(s) [05f59524-a4ea-4be4-b99d-fb9eed47142d<-4b035f45-7941-40c3-ba2d-1cbecd2d369e#0:FAIL-t228, 05f59524-a4ea-4be4-b99d-fb9eed47142d<-920a4478-64f4-4720-983c-9a2102f3c94b#0:FAIL-t228] and 0 exception(s); 05f59524-a4ea-4be4-b99d-fb9eed47142d@group-9DC5606B5DE8:t228, leader=null, voted=05f59524-a4ea-4be4-b99d-fb9eed47142d, raftlog=05f59524-a4ea-4be4-b99d-fb9eed47142d@group-9DC5606B5DE8-SegmentedRaftLog:OPENED:c-1,f-1,i0, conf=-1: [05f59524-a4ea-4be4-b99d-fb9eed47142d:192.168.34.62:45919, 4b035f45-7941-40c3-ba2d-1cbecd2d369e:192.168.34.62:45443, 920a4478-64f4-4720-983c-9a2102f3c94b:192.168.34.62:38609], old=null
2019-10-17 07:38:49,903 [05f59524-a4ea-4be4-b99d-fb9eed47142d@group-9DC5606B5DE8-LeaderElection196] INFO  impl.RaftServerImpl (RaftServerImpl.java:setRole(184)) - 05f59524-a4ea-4be4-b99d-fb9eed47142d@group-9DC5606B5DE8: changes role from CANDIDATE to FOLLOWER at term 228 for DISCOVERED_A_NEW_TERM
2019-10-17 07:38:49,903 [05f59524-a4ea-4be4-b99d-fb9eed47142d@group-9DC5606B5DE8-LeaderElection196] INFO  impl.RoleInfo (RoleInfo.java:shutdownLeaderElection(134)) - 05f59524-a4ea-4be4-b99d-fb9eed47142d: shutdown LeaderElection
2019-10-17 07:38:49,903 [05f59524-a4ea-4be4-b99d-fb9eed47142d@group-9DC5606B5DE8-LeaderElection196] INFO  impl.RoleInfo (RoleInfo.java:updateAndGet(143)) - 05f59524-a4ea-4be4-b99d-fb9eed47142d: start FollowerState
2019-10-17 07:38:50,028 [Thread-1732] INFO  impl.FollowerState (FollowerState.java:run(108)) - 05f59524-a4ea-4be4-b99d-fb9eed47142d@group-9DC5606B5DE8-FollowerState: change to CANDIDATE, lastRpcTime:124ms, electionTimeout:124ms
2019-10-17 07:38:50,028 [Thread-1732] INFO  impl.RoleInfo (RoleInfo.java:shutdownFollowerState(121)) - 05f59524-a4ea-4be4-b99d-fb9eed47142d: shutdown FollowerState
2019-10-17 07:38:50,028 [Thread-1732] INFO  impl.RaftServerImpl (RaftServerImpl.java:setRole(184)) - 05f59524-a4ea-4be4-b99d-fb9eed47142d@group-9DC5606B5DE8: changes role from  FOLLOWER to CANDIDATE at term 228 for changeToCandidate
2019-10-17 07:38:50,029 [Thread-1732] INFO  impl.RoleInfo (RoleInfo.java:updateAndGet(143)) - 05f59524-a4ea-4be4-b99d-fb9eed47142d: start LeaderElection
2019-10-17 07:38:50,079 [05f59524-a4ea-4be4-b99d-fb9eed47142d@group-9DC5606B5DE8-LeaderElection197] INFO  impl.LeaderElection (LeaderElection.java:askForVotes(178)) - 05f59524-a4ea-4be4-b99d-fb9eed47142d@group-9DC5606B5DE8-LeaderElection197: begin an election at term 229 for -1: [05f59524-a4ea-4be4-b99d-fb9eed47142d:192.168.34.62:45919, 4b035f45-7941-40c3-ba2d-1cbecd2d369e:192.168.34.62:45443, 920a4478-64f4-4720-983c-9a2102f3c94b:192.168.34.62:38609], old=null
2019-10-17 07:38:50,081 [grpc-default-executor-5] INFO  impl.RaftServerImpl (RaftServerImpl.java:setRole(184)) - 4b035f45-7941-40c3-ba2d-1cbecd2d369e@group-9DC5606B5DE8: changes role from  FOLLOWER to FOLLOWER at term 229 for recognizeCandidate:05f59524-a4ea-4be4-b99d-fb9eed47142d
2019-10-17 07:38:50,082 [grpc-default-executor-5] INFO  impl.RoleInfo (RoleInfo.java:shutdownFollowerState(121)) - 4b035f45-7941-40c3-ba2d-1cbecd2d369e: shutdown FollowerState
2019-10-17 07:38:50,082 [grpc-default-executor-5] INFO  impl.RoleInfo (RoleInfo.java:updateAndGet(143)) - 4b035f45-7941-40c3-ba2d-1cbecd2d369e: start FollowerState
2019-10-17 07:38:50,082 [Thread-1730] INFO  impl.FollowerState (FollowerState.java:run(117)) - 4b035f45-7941-40c3-ba2d-1cbecd2d369e@group-9DC5606B5DE8-FollowerState was interrupted: java.lang.InterruptedException: sleep interrupted
2019-10-17 07:38:50,082 [grpc-default-executor-6] INFO  impl.RaftServerImpl (RaftServerImpl.java:setRole(184)) - 920a4478-64f4-4720-983c-9a2102f3c94b@group-9DC5606B5DE8: changes role from  FOLLOWER to FOLLOWER at term 229 for recognizeCandidate:05f59524-a4ea-4be4-b99d-fb9eed47142d
2019-10-17 07:38:50,082 [grpc-default-executor-6] INFO  impl.RoleInfo (RoleInfo.java:shutdownFollowerState(121)) - 920a4478-64f4-4720-983c-9a2102f3c94b: shutdown FollowerState
2019-10-17 07:38:50,082 [grpc-default-executor-6] INFO  impl.RoleInfo (RoleInfo.java:updateAndGet(143)) - 920a4478-64f4-4720-983c-9a2102f3c94b: start FollowerState
2019-10-17 07:38:50,083 [Thread-1731] INFO  impl.FollowerState (FollowerState.java:run(117)) - 920a4478-64f4-4720-983c-9a2102f3c94b@group-9DC5606B5DE8-FollowerState was interrupted: java.lang.InterruptedException: sleep interrupted
2019-10-17 07:38:50,116 [05f59524-a4ea-4be4-b99d-fb9eed47142d@group-9DC5606B5DE8-LeaderElection197] INFO  impl.LeaderElection (LeaderElection.java:logAndReturn(56)) - 05f59524-a4ea-4be4-b99d-fb9eed47142d@group-9DC5606B5DE8-LeaderElection197: Election REJECTED; received 2 response(s) [05f59524-a4ea-4be4-b99d-fb9eed47142d<-4b035f45-7941-40c3-ba2d-1cbecd2d369e#0:FAIL-t229, 05f59524-a4ea-4be4-b99d-fb9eed47142d<-920a4478-64f4-4720-983c-9a2102f3c94b#0:FAIL-t229] and 0 exception(s); 05f59524-a4ea-4be4-b99d-fb9eed47142d@group-9DC5606B5DE8:t229, leader=null, voted=05f59524-a4ea-4be4-b99d-fb9eed47142d, raftlog=05f59524-a4ea-4be4-b99d-fb9eed47142d@group-9DC5606B5DE8-SegmentedRaftLog:OPENED:c-1,f-1,i0, conf=-1: [05f59524-a4ea-4be4-b99d-fb9eed47142d:192.168.34.62:45919, 4b035f45-7941-40c3-ba2d-1cbecd2d369e:192.168.34.62:45443, 920a4478-64f4-4720-983c-9a2102f3c94b:192.168.34.62:38609], old=null
2019-10-17 07:38:50,116 [05f59524-a4ea-4be4-b99d-fb9eed47142d@group-9DC5606B5DE8-LeaderElection197] INFO  impl.RaftServerImpl (RaftServerImpl.java:setRole(184)) - 05f59524-a4ea-4be4-b99d-fb9eed47142d@group-9DC5606B5DE8: changes role from CANDIDATE to FOLLOWER at term 229 for DISCOVERED_A_NEW_TERM
2019-10-17 07:38:50,116 [05f59524-a4ea-4be4-b99d-fb9eed47142d@group-9DC5606B5DE8-LeaderElection197] INFO  impl.RoleInfo (RoleInfo.java:shutdownLeaderElection(134)) - 05f59524-a4ea-4be4-b99d-fb9eed47142d: shutdown LeaderElection
2019-10-17 07:38:50,116 [05f59524-a4ea-4be4-b99d-fb9eed47142d@group-9DC5606B5DE8-LeaderElection197] INFO  impl.RoleInfo (RoleInfo.java:updateAndGet(143)) - 05f59524-a4ea-4be4-b99d-fb9eed47142d: start FollowerState
2019-10-17 07:38:50,154 [Thread-1738] INFO  impl.FollowerState (FollowerState.java:run(108)) - 05f59524-a4ea-4be4-b99d-fb9eed47142d@group-9DC5606B5DE8-FollowerState: change to CANDIDATE, lastRpcTime:37ms, electionTimeout:37ms
2019-10-17 07:38:50,154 [Thread-1738] INFO  impl.RoleInfo (RoleInfo.java:shutdownFollowerState(121)) - 05f59524-a4ea-4be4-b99d-fb9eed47142d: shutdown FollowerState
2019-10-17 07:38:50,154 [Thread-1738] INFO  impl.RaftServerImpl (RaftServerImpl.java:setRole(184)) - 05f59524-a4ea-4be4-b99d-fb9eed47142d@group-9DC5606B5DE8: changes role from  FOLLOWER to CANDIDATE at term 229 for changeToCandidate
2019-10-17 07:38:50,154 [Thread-1738] INFO  impl.RoleInfo (RoleInfo.java:updateAndGet(143)) - 05f59524-a4ea-4be4-b99d-fb9eed47142d: start LeaderElection
2019-10-17 07:38:50,181 [05f59524-a4ea-4be4-b99d-fb9eed47142d@group-9DC5606B5DE8-LeaderElection198] INFO  impl.LeaderElection (LeaderElection.java:askForVotes(178)) - 05f59524-a4ea-4be4-b99d-fb9eed47142d@group-9DC5606B5DE8-LeaderElection198: begin an election at term 230 for -1: [05f59524-a4ea-4be4-b99d-fb9eed47142d:192.168.34.62:45919, 4b035f45-7941-40c3-ba2d-1cbecd2d369e:192.168.34.62:45443, 920a4478-64f4-4720-983c-9a2102f3c94b:192.168.34.62:38609], old=null
2019-10-17 07:38:50,184 [grpc-default-executor-5] INFO  impl.RaftServerImpl (RaftServerImpl.java:setRole(184)) - 4b035f45-7941-40c3-ba2d-1cbecd2d369e@group-9DC5606B5DE8: changes role from  FOLLOWER to FOLLOWER at term 230 for recognizeCandidate:05f59524-a4ea-4be4-b99d-fb9eed47142d
2019-10-17 07:38:50,184 [grpc-default-executor-5] INFO  impl.RoleInfo (RoleInfo.java:shutdownFollowerState(121)) - 4b035f45-7941-40c3-ba2d-1cbecd2d369e: shutdown FollowerState
2019-10-17 07:38:50,184 [grpc-default-executor-6] INFO  impl.RaftServerImpl (RaftServerImpl.java:setRole(184)) - 920a4478-64f4-4720-983c-9a2102f3c94b@group-9DC5606B5DE8: changes role from  FOLLOWER to FOLLOWER at term 230 for recognizeCandidate:05f59524-a4ea-4be4-b99d-fb9eed47142d
2019-10-17 07:38:50,184 [Thread-1736] INFO  impl.FollowerState (FollowerState.java:run(117)) - 4b035f45-7941-40c3-ba2d-1cbecd2d369e@group-9DC5606B5DE8-FollowerState was interrupted: java.lang.InterruptedException: sleep interrupted
2019-10-17 07:38:50,184 [grpc-default-executor-5] INFO  impl.RoleInfo (RoleInfo.java:updateAndGet(143)) - 4b035f45-7941-40c3-ba2d-1cbecd2d369e: start FollowerState
2019-10-17 07:38:50,184 [grpc-default-executor-6] INFO  impl.RoleInfo (RoleInfo.java:shutdownFollowerState(121)) - 920a4478-64f4-4720-983c-9a2102f3c94b: shutdown FollowerState
2019-10-17 07:38:50,185 [grpc-default-executor-6] INFO  impl.RoleInfo (RoleInfo.java:updateAndGet(143)) - 920a4478-64f4-4720-983c-9a2102f3c94b: start FollowerState
2019-10-17 07:38:50,185 [Thread-1737] INFO  impl.FollowerState (FollowerState.java:run(117)) - 920a4478-64f4-4720-983c-9a2102f3c94b@group-9DC5606B5DE8-FollowerState was interrupted: java.lang.InterruptedException: sleep interrupted
2019-10-17 07:38:50,246 [05f59524-a4ea-4be4-b99d-fb9eed47142d@group-9DC5606B5DE8-LeaderElection198] INFO  impl.LeaderElection (LeaderElection.java:logAndReturn(56)) - 05f59524-a4ea-4be4-b99d-fb9eed47142d@group-9DC5606B5DE8-LeaderElection198: Election REJECTED; received 2 response(s) [05f59524-a4ea-4be4-b99d-fb9eed47142d<-4b035f45-7941-40c3-ba2d-1cbecd2d369e#0:FAIL-t230, 05f59524-a4ea-4be4-b99d-fb9eed47142d<-920a4478-64f4-4720-983c-9a2102f3c94b#0:FAIL-t230] and 0 exception(s); 05f59524-a4ea-4be4-b99d-fb9eed47142d@group-9DC5606B5DE8:t230, leader=null, voted=05f59524-a4ea-4be4-b99d-fb9eed47142d, raftlog=05f59524-a4ea-4be4-b99d-fb9eed47142d@group-9DC5606B5DE8-SegmentedRaftLog:OPENED:c-1,f-1,i0, conf=-1: [05f59524-a4ea-4be4-b99d-fb9eed47142d:192.168.34.62:45919, 4b035f45-7941-40c3-ba2d-1cbecd2d369e:192.168.34.62:45443, 920a4478-64f4-4720-983c-9a2102f3c94b:192.168.34.62:38609], old=null
2019-10-17 07:38:50,246 [05f59524-a4ea-4be4-b99d-fb9eed47142d@group-9DC5606B5DE8-LeaderElection198] INFO  impl.RaftServerImpl (RaftServerImpl.java:setRole(184)) - 05f59524-a4ea-4be4-b99d-fb9eed47142d@group-9DC5606B5DE8: changes role from CANDIDATE to FOLLOWER at term 230 for DISCOVERED_A_NEW_TERM
2019-10-17 07:38:50,246 [05f59524-a4ea-4be4-b99d-fb9eed47142d@group-9DC5606B5DE8-LeaderElection198] INFO  impl.RoleInfo (RoleInfo.java:shutdownLeaderElection(134)) - 05f59524-a4ea-4be4-b99d-fb9eed47142d: shutdown LeaderElection
2019-10-17 07:38:50,246 [05f59524-a4ea-4be4-b99d-fb9eed47142d@group-9DC5606B5DE8-LeaderElection198] INFO  impl.RoleInfo (RoleInfo.java:updateAndGet(143)) - 05f59524-a4ea-4be4-b99d-fb9eed47142d: start FollowerState
2019-10-17 07:38:50,421 [Thread-1744] INFO  impl.FollowerState (FollowerState.java:run(108)) - 05f59524-a4ea-4be4-b99d-fb9eed47142d@group-9DC5606B5DE8-FollowerState: change to CANDIDATE, lastRpcTime:174ms, electionTimeout:174ms
2019-10-17 07:38:50,421 [Thread-1744] INFO  impl.RoleInfo (RoleInfo.java:shutdownFollowerState(121)) - 05f59524-a4ea-4be4-b99d-fb9eed47142d: shutdown FollowerState
2019-10-17 07:38:50,421 [Thread-1744] INFO  impl.RaftServerImpl (RaftServerImpl.java:setRole(184)) - 05f59524-a4ea-4be4-b99d-fb9eed47142d@group-9DC5606B5DE8: changes role from  FOLLOWER to CANDIDATE at term 230 for changeToCandidate
2019-10-17 07:38:50,421 [Thread-1744] INFO  impl.RoleInfo (RoleInfo.java:updateAndGet(143)) - 05f59524-a4ea-4be4-b99d-fb9eed47142d: start LeaderElection
2019-10-17 07:38:50,470 [05f59524-a4ea-4be4-b99d-fb9eed47142d@group-9DC5606B5DE8-LeaderElection199] INFO  impl.LeaderElection (LeaderElection.java:askForVotes(178)) - 05f59524-a4ea-4be4-b99d-fb9eed47142d@group-9DC5606B5DE8-LeaderElection199: begin an election at term 231 for -1: [05f59524-a4ea-4be4-b99d-fb9eed47142d:192.168.34.62:45919, 4b035f45-7941-40c3-ba2d-1cbecd2d369e:192.168.34.62:45443, 920a4478-64f4-4720-983c-9a2102f3c94b:192.168.34.62:38609], old=null
2019-10-17 07:38:50,473 [grpc-default-executor-6] INFO  impl.RaftServerImpl (RaftServerImpl.java:setRole(184)) - 4b035f45-7941-40c3-ba2d-1cbecd2d369e@group-9DC5606B5DE8: changes role from  FOLLOWER to FOLLOWER at term 231 for recognizeCandidate:05f59524-a4ea-4be4-b99d-fb9eed47142d
2019-10-17 07:38:50,473 [grpc-default-executor-6] INFO  impl.RoleInfo (RoleInfo.java:shutdownFollowerState(121)) - 4b035f45-7941-40c3-ba2d-1cbecd2d369e: shutdown FollowerState
2019-10-17 07:38:50,473 [grpc-default-executor-5] INFO  impl.RaftServerImpl (RaftServerImpl.java:setRole(184)) - 920a4478-64f4-4720-983c-9a2102f3c94b@group-9DC5606B5DE8: changes role from  FOLLOWER to FOLLOWER at term 231 for recognizeCandidate:05f59524-a4ea-4be4-b99d-fb9eed47142d
2019-10-17 07:38:50,473 [grpc-default-executor-6] INFO  impl.RoleInfo (RoleInfo.java:updateAndGet(143)) - 4b035f45-7941-40c3-ba2d-1cbecd2d369e: start FollowerState
2019-10-17 07:38:50,473 [Thread-1742] INFO  impl.FollowerState (FollowerState.java:run(117)) - 4b035f45-7941-40c3-ba2d-1cbecd2d369e@group-9DC5606B5DE8-FollowerState was interrupted: java.lang.InterruptedException: sleep interrupted
2019-10-17 07:38:50,473 [grpc-default-executor-5] INFO  impl.RoleInfo (RoleInfo.java:shutdownFollowerState(121)) - 920a4478-64f4-4720-983c-9a2102f3c94b: shutdown FollowerState
2019-10-17 07:38:50,474 [grpc-default-executor-5] INFO  impl.RoleInfo (RoleInfo.java:updateAndGet(143)) - 920a4478-64f4-4720-983c-9a2102f3c94b: start FollowerState
2019-10-17 07:38:50,474 [Thread-1743] INFO  impl.FollowerState (FollowerState.java:run(117)) - 920a4478-64f4-4720-983c-9a2102f3c94b@group-9DC5606B5DE8-FollowerState was interrupted: java.lang.InterruptedException: sleep interrupted
2019-10-17 07:38:50,509 [05f59524-a4ea-4be4-b99d-fb9eed47142d@group-9DC5606B5DE8-LeaderElection199] INFO  impl.LeaderElection (LeaderElection.java:logAndReturn(56)) - 05f59524-a4ea-4be4-b99d-fb9eed47142d@group-9DC5606B5DE8-LeaderElection199: Election REJECTED; received 2 response(s) [05f59524-a4ea-4be4-b99d-fb9eed47142d<-4b035f45-7941-40c3-ba2d-1cbecd2d369e#0:FAIL-t231, 05f59524-a4ea-4be4-b99d-fb9eed47142d<-920a4478-64f4-4720-983c-9a2102f3c94b#0:FAIL-t231] and 0 exception(s); 05f59524-a4ea-4be4-b99d-fb9eed47142d@group-9DC5606B5DE8:t231, leader=null, voted=05f59524-a4ea-4be4-b99d-fb9eed47142d, raftlog=05f59524-a4ea-4be4-b99d-fb9eed47142d@group-9DC5606B5DE8-SegmentedRaftLog:OPENED:c-1,f-1,i0, conf=-1: [05f59524-a4ea-4be4-b99d-fb9eed47142d:192.168.34.62:45919, 4b035f45-7941-40c3-ba2d-1cbecd2d369e:192.168.34.62:45443, 920a4478-64f4-4720-983c-9a2102f3c94b:192.168.34.62:38609], old=null
2019-10-17 07:38:50,509 [05f59524-a4ea-4be4-b99d-fb9eed47142d@group-9DC5606B5DE8-LeaderElection199] INFO  impl.RaftServerImpl (RaftServerImpl.java:setRole(184)) - 05f59524-a4ea-4be4-b99d-fb9eed47142d@group-9DC5606B5DE8: changes role from CANDIDATE to FOLLOWER at term 231 for DISCOVERED_A_NEW_TERM
2019-10-17 07:38:50,509 [05f59524-a4ea-4be4-b99d-fb9eed47142d@group-9DC5606B5DE8-LeaderElection199] INFO  impl.RoleInfo (RoleInfo.java:shutdownLeaderElection(134)) - 05f59524-a4ea-4be4-b99d-fb9eed47142d: shutdown LeaderElection
2019-10-17 07:38:50,509 [05f59524-a4ea-4be4-b99d-fb9eed47142d@group-9DC5606B5DE8-LeaderElection199] INFO  impl.RoleInfo (RoleInfo.java:updateAndGet(143)) - 05f59524-a4ea-4be4-b99d-fb9eed47142d: start FollowerState
2019-10-17 07:38:50,646 [Thread-1750] INFO  impl.FollowerState (FollowerState.java:run(108)) - 05f59524-a4ea-4be4-b99d-fb9eed47142d@group-9DC5606B5DE8-FollowerState: change to CANDIDATE, lastRpcTime:136ms, electionTimeout:136ms
2019-10-17 07:38:50,646 [Thread-1750] INFO  impl.RoleInfo (RoleInfo.java:shutdownFollowerState(121)) - 05f59524-a4ea-4be4-b99d-fb9eed47142d: shutdown FollowerState
2019-10-17 07:38:50,646 [Thread-1750] INFO  impl.RaftServerImpl (RaftServerImpl.java:setRole(184)) - 05f59524-a4ea-4be4-b99d-fb9eed47142d@group-9DC5606B5DE8: changes role from  FOLLOWER to CANDIDATE at term 231 for changeToCandidate
2019-10-17 07:38:50,646 [Thread-1750] INFO  impl.RoleInfo (RoleInfo.java:updateAndGet(143)) - 05f59524-a4ea-4be4-b99d-fb9eed47142d: start LeaderElection
2019-10-17 07:38:50,681 [05f59524-a4ea-4be4-b99d-fb9eed47142d@group-9DC5606B5DE8-LeaderElection200] INFO  impl.LeaderElection (LeaderElection.java:askForVotes(178)) - 05f59524-a4ea-4be4-b99d-fb9eed47142d@group-9DC5606B5DE8-LeaderElection200: begin an election at term 232 for -1: [05f59524-a4ea-4be4-b99d-fb9eed47142d:192.168.34.62:45919, 4b035f45-7941-40c3-ba2d-1cbecd2d369e:192.168.34.62:45443, 920a4478-64f4-4720-983c-9a2102f3c94b:192.168.34.62:38609], old=null
2019-10-17 07:38:50,684 [grpc-default-executor-6] INFO  impl.RaftServerImpl (RaftServerImpl.java:setRole(184)) - 920a4478-64f4-4720-983c-9a2102f3c94b@group-9DC5606B5DE8: changes role from  FOLLOWER to FOLLOWER at term 232 for recognizeCandidate:05f59524-a4ea-4be4-b99d-fb9eed47142d
2019-10-17 07:38:50,684 [grpc-default-executor-6] INFO  impl.RoleInfo (RoleInfo.java:shutdownFollowerState(121)) - 920a4478-64f4-4720-983c-9a2102f3c94b: shutdown FollowerState
2019-10-17 07:38:50,684 [grpc-default-executor-5] INFO  impl.RaftServerImpl (RaftServerImpl.java:setRole(184)) - 4b035f45-7941-40c3-ba2d-1cbecd2d369e@group-9DC5606B5DE8: changes role from  FOLLOWER to FOLLOWER at term 232 for recognizeCandidate:05f59524-a4ea-4be4-b99d-fb9eed47142d
2019-10-17 07:38:50,685 [Thread-1749] INFO  impl.FollowerState (FollowerState.java:run(117)) - 920a4478-64f4-4720-983c-9a2102f3c94b@group-9DC5606B5DE8-FollowerState was interrupted: java.lang.InterruptedException: sleep interrupted
2019-10-17 07:38:50,685 [grpc-default-executor-6] INFO  impl.RoleInfo (RoleInfo.java:updateAndGet(143)) - 920a4478-64f4-4720-983c-9a2102f3c94b: start FollowerState
2019-10-17 07:38:50,685 [grpc-default-executor-5] INFO  impl.RoleInfo (RoleInfo.java:shutdownFollowerState(121)) - 4b035f45-7941-40c3-ba2d-1cbecd2d369e: shutdown FollowerState
2019-10-17 07:38:50,686 [grpc-default-executor-5] INFO  impl.RoleInfo (RoleInfo.java:updateAndGet(143)) - 4b035f45-7941-40c3-ba2d-1cbecd2d369e: start FollowerState
2019-10-17 07:38:50,686 [Thread-1748] INFO  impl.FollowerState (FollowerState.java:run(117)) - 4b035f45-7941-40c3-ba2d-1cbecd2d369e@group-9DC5606B5DE8-FollowerState was interrupted: java.lang.InterruptedException: sleep interrupted
2019-10-17 07:38:50,694 [05f59524-a4ea-4be4-b99d-fb9eed47142d@group-9DC5606B5DE8-LeaderElection200] INFO  impl.LeaderElection (LeaderElection.java:logAndReturn(56)) - 05f59524-a4ea-4be4-b99d-fb9eed47142d@group-9DC5606B5DE8-LeaderElection200: Election TIMEOUT; received 0 response(s) [] and 0 exception(s); 05f59524-a4ea-4be4-b99d-fb9eed47142d@group-9DC5606B5DE8:t232, leader=null, voted=05f59524-a4ea-4be4-b99d-fb9eed47142d, raftlog=05f59524-a4ea-4be4-b99d-fb9eed47142d@group-9DC5606B5DE8-SegmentedRaftLog:OPENED:c-1,f-1,i0, conf=-1: [05f59524-a4ea-4be4-b99d-fb9eed47142d:192.168.34.62:45919, 4b035f45-7941-40c3-ba2d-1cbecd2d369e:192.168.34.62:45443, 920a4478-64f4-4720-983c-9a2102f3c94b:192.168.34.62:38609], old=null
2019-10-17 07:38:50,709 [05f59524-a4ea-4be4-b99d-fb9eed47142d@group-9DC5606B5DE8-LeaderElection200] INFO  impl.LeaderElection (LeaderElection.java:askForVotes(178)) - 05f59524-a4ea-4be4-b99d-fb9eed47142d@group-9DC5606B5DE8-LeaderElection200: begin an election at term 233 for -1: [05f59524-a4ea-4be4-b99d-fb9eed47142d:192.168.34.62:45919, 4b035f45-7941-40c3-ba2d-1cbecd2d369e:192.168.34.62:45443, 920a4478-64f4-4720-983c-9a2102f3c94b:192.168.34.62:38609], old=null
2019-10-17 07:38:50,711 [grpc-default-executor-5] INFO  impl.RaftServerImpl (RaftServerImpl.java:setRole(184)) - 4b035f45-7941-40c3-ba2d-1cbecd2d369e@group-9DC5606B5DE8: changes role from  FOLLOWER to FOLLOWER at term 233 for recognizeCandidate:05f59524-a4ea-4be4-b99d-fb9eed47142d
2019-10-17 07:38:50,712 [grpc-default-executor-5] INFO  impl.RoleInfo (RoleInfo.java:shutdownFollowerState(121)) - 4b035f45-7941-40c3-ba2d-1cbecd2d369e: shutdown FollowerState
2019-10-17 07:38:50,712 [grpc-default-executor-5] INFO  impl.RoleInfo (RoleInfo.java:updateAndGet(143)) - 4b035f45-7941-40c3-ba2d-1cbecd2d369e: start FollowerState
2019-10-17 07:38:50,712 [grpc-default-executor-6] INFO  impl.RaftServerImpl (RaftServerImpl.java:setRole(184)) - 920a4478-64f4-4720-983c-9a2102f3c94b@group-9DC5606B5DE8: changes role from  FOLLOWER to FOLLOWER at term 233 for recognizeCandidate:05f59524-a4ea-4be4-b99d-fb9eed47142d
2019-10-17 07:38:50,712 [grpc-default-executor-6] INFO  impl.RoleInfo (RoleInfo.java:shutdownFollowerState(121)) - 920a4478-64f4-4720-983c-9a2102f3c94b: shutdown FollowerState
2019-10-17 07:38:50,712 [Thread-1755] INFO  impl.FollowerState (FollowerState.java:run(117)) - 4b035f45-7941-40c3-ba2d-1cbecd2d369e@group-9DC5606B5DE8-FollowerState was interrupted: java.lang.InterruptedException: sleep interrupted
2019-10-17 07:38:50,713 [Thread-1754] INFO  impl.FollowerState (FollowerState.java:run(117)) - 920a4478-64f4-4720-983c-9a2102f3c94b@group-9DC5606B5DE8-FollowerState was interrupted: java.lang.InterruptedException: sleep interrupted
2019-10-17 07:38:50,713 [grpc-default-executor-6] INFO  impl.RoleInfo (RoleInfo.java:updateAndGet(143)) - 920a4478-64f4-4720-983c-9a2102f3c94b: start FollowerState
2019-10-17 07:38:50,737 [05f59524-a4ea-4be4-b99d-fb9eed47142d@group-9DC5606B5DE8-LeaderElection200] INFO  impl.LeaderElection (LeaderElection.java:logAndReturn(56)) - 05f59524-a4ea-4be4-b99d-fb9eed47142d@group-9DC5606B5DE8-LeaderElection200: Election REJECTED; received 2 response(s) [05f59524-a4ea-4be4-b99d-fb9eed47142d<-4b035f45-7941-40c3-ba2d-1cbecd2d369e#0:FAIL-t233, 05f59524-a4ea-4be4-b99d-fb9eed47142d<-920a4478-64f4-4720-983c-9a2102f3c94b#0:FAIL-t233] and 0 exception(s); 05f59524-a4ea-4be4-b99d-fb9eed47142d@group-9DC5606B5DE8:t233, leader=null, voted=05f59524-a4ea-4be4-b99d-fb9eed47142d, raftlog=05f59524-a4ea-4be4-b99d-fb9eed47142d@group-9DC5606B5DE8-SegmentedRaftLog:OPENED:c-1,f-1,i0, conf=-1: [05f59524-a4ea-4be4-b99d-fb9eed47142d:192.168.34.62:45919, 4b035f45-7941-40c3-ba2d-1cbecd2d369e:192.168.34.62:45443, 920a4478-64f4-4720-983c-9a2102f3c94b:192.168.34.62:38609], old=null
2019-10-17 07:38:50,737 [05f59524-a4ea-4be4-b99d-fb9eed47142d@group-9DC5606B5DE8-LeaderElection200] INFO  impl.RaftServerImpl (RaftServerImpl.java:setRole(184)) - 05f59524-a4ea-4be4-b99d-fb9eed47142d@group-9DC5606B5DE8: changes role from CANDIDATE to FOLLOWER at term 233 for DISCOVERED_A_NEW_TERM
2019-10-17 07:38:50,737 [05f59524-a4ea-4be4-b99d-fb9eed47142d@group-9DC5606B5DE8-LeaderElection200] INFO  impl.RoleInfo (RoleInfo.java:shutdownLeaderElection(134)) - 05f59524-a4ea-4be4-b99d-fb9eed47142d: shutdown LeaderElection
2019-10-17 07:38:50,738 [05f59524-a4ea-4be4-b99d-fb9eed47142d@group-9DC5606B5DE8-LeaderElection200] INFO  impl.RoleInfo (RoleInfo.java:updateAndGet(143)) - 05f59524-a4ea-4be4-b99d-fb9eed47142d: start FollowerState
2019-10-17 07:38:50,800 [Thread-1760] INFO  impl.FollowerState (FollowerState.java:run(108)) - 05f59524-a4ea-4be4-b99d-fb9eed47142d@group-9DC5606B5DE8-FollowerState: change to CANDIDATE, lastRpcTime:62ms, electionTimeout:62ms
2019-10-17 07:38:50,800 [Thread-1760] INFO  impl.RoleInfo (RoleInfo.java:shutdownFollowerState(121)) - 05f59524-a4ea-4be4-b99d-fb9eed47142d: shutdown FollowerState
2019-10-17 07:38:50,800 [Thread-1760] INFO  impl.RaftServerImpl (RaftServerImpl.java:setRole(184)) - 05f59524-a4ea-4be4-b99d-fb9eed47142d@group-9DC5606B5DE8: changes role from  FOLLOWER to CANDIDATE at term 233 for changeToCandidate
2019-10-17 07:38:50,801 [Thread-1760] INFO  impl.RoleInfo (RoleInfo.java:updateAndGet(143)) - 05f59524-a4ea-4be4-b99d-fb9eed47142d: start LeaderElection
2019-10-17 07:38:50,826 [05f59524-a4ea-4be4-b99d-fb9eed47142d@group-9DC5606B5DE8-LeaderElection201] INFO  impl.LeaderElection (LeaderElection.java:askForVotes(178)) - 05f59524-a4ea-4be4-b99d-fb9eed47142d@group-9DC5606B5DE8-LeaderElection201: begin an election at term 234 for -1: [05f59524-a4ea-4be4-b99d-fb9eed47142d:192.168.34.62:45919, 4b035f45-7941-40c3-ba2d-1cbecd2d369e:192.168.34.62:45443, 920a4478-64f4-4720-983c-9a2102f3c94b:192.168.34.62:38609], old=null
2019-10-17 07:38:50,828 [grpc-default-executor-5] INFO  impl.RaftServerImpl (RaftServerImpl.java:setRole(184)) - 4b035f45-7941-40c3-ba2d-1cbecd2d369e@group-9DC5606B5DE8: changes role from  FOLLOWER to FOLLOWER at term 234 for recognizeCandidate:05f59524-a4ea-4be4-b99d-fb9eed47142d
2019-10-17 07:38:50,828 [grpc-default-executor-5] INFO  impl.RoleInfo (RoleInfo.java:shutdownFollowerState(121)) - 4b035f45-7941-40c3-ba2d-1cbecd2d369e: shutdown FollowerState
2019-10-17 07:38:50,828 [grpc-default-executor-6] INFO  impl.RaftServerImpl (RaftServerImpl.java:setRole(184)) - 920a4478-64f4-4720-983c-9a2102f3c94b@group-9DC5606B5DE8: changes role from  FOLLOWER to FOLLOWER at term 234 for recognizeCandidate:05f59524-a4ea-4be4-b99d-fb9eed47142d
2019-10-17 07:38:50,828 [Thread-1758] INFO  impl.FollowerState (FollowerState.java:run(117)) - 4b035f45-7941-40c3-ba2d-1cbecd2d369e@group-9DC5606B5DE8-FollowerState was interrupted: java.lang.InterruptedException: sleep interrupted
2019-10-17 07:38:50,828 [grpc-default-executor-5] INFO  impl.RoleInfo (RoleInfo.java:updateAndGet(143)) - 4b035f45-7941-40c3-ba2d-1cbecd2d369e: start FollowerState
2019-10-17 07:38:50,829 [grpc-default-executor-6] INFO  impl.RoleInfo (RoleInfo.java:shutdownFollowerState(121)) - 920a4478-64f4-4720-983c-9a2102f3c94b: shutdown FollowerState
2019-10-17 07:38:50,829 [grpc-default-executor-6] INFO  impl.RoleInfo (RoleInfo.java:updateAndGet(143)) - 920a4478-64f4-4720-983c-9a2102f3c94b: start FollowerState
2019-10-17 07:38:50,829 [Thread-1759] INFO  impl.FollowerState (FollowerState.java:run(117)) - 920a4478-64f4-4720-983c-9a2102f3c94b@group-9DC5606B5DE8-FollowerState was interrupted: java.lang.InterruptedException: sleep interrupted
2019-10-17 07:38:50,853 [05f59524-a4ea-4be4-b99d-fb9eed47142d@group-9DC5606B5DE8-LeaderElection201] INFO  impl.LeaderElection (LeaderElection.java:logAndReturn(56)) - 05f59524-a4ea-4be4-b99d-fb9eed47142d@group-9DC5606B5DE8-LeaderElection201: Election REJECTED; received 2 response(s) [05f59524-a4ea-4be4-b99d-fb9eed47142d<-4b035f45-7941-40c3-ba2d-1cbecd2d369e#0:FAIL-t234, 05f59524-a4ea-4be4-b99d-fb9eed47142d<-920a4478-64f4-4720-983c-9a2102f3c94b#0:FAIL-t234] and 0 exception(s); 05f59524-a4ea-4be4-b99d-fb9eed47142d@group-9DC5606B5DE8:t234, leader=null, voted=05f59524-a4ea-4be4-b99d-fb9eed47142d, raftlog=05f59524-a4ea-4be4-b99d-fb9eed47142d@group-9DC5606B5DE8-SegmentedRaftLog:OPENED:c-1,f-1,i0, conf=-1: [05f59524-a4ea-4be4-b99d-fb9eed47142d:192.168.34.62:45919, 4b035f45-7941-40c3-ba2d-1cbecd2d369e:192.168.34.62:45443, 920a4478-64f4-4720-983c-9a2102f3c94b:192.168.34.62:38609], old=null
2019-10-17 07:38:50,853 [05f59524-a4ea-4be4-b99d-fb9eed47142d@group-9DC5606B5DE8-LeaderElection201] INFO  impl.RaftServerImpl (RaftServerImpl.java:setRole(184)) - 05f59524-a4ea-4be4-b99d-fb9eed47142d@group-9DC5606B5DE8: changes role from CANDIDATE to FOLLOWER at term 234 for DISCOVERED_A_NEW_TERM
2019-10-17 07:38:50,853 [05f59524-a4ea-4be4-b99d-fb9eed47142d@group-9DC5606B5DE8-LeaderElection201] INFO  impl.RoleInfo (RoleInfo.java:shutdownLeaderElection(134)) - 05f59524-a4ea-4be4-b99d-fb9eed47142d: shutdown LeaderElection
2019-10-17 07:38:50,854 [05f59524-a4ea-4be4-b99d-fb9eed47142d@group-9DC5606B5DE8-LeaderElection201] INFO  impl.RoleInfo (RoleInfo.java:updateAndGet(143)) - 05f59524-a4ea-4be4-b99d-fb9eed47142d: start FollowerState
2019-10-17 07:38:51,047 [Thread-1766] INFO  impl.FollowerState (FollowerState.java:run(108)) - 05f59524-a4ea-4be4-b99d-fb9eed47142d@group-9DC5606B5DE8-FollowerState: change to CANDIDATE, lastRpcTime:193ms, electionTimeout:193ms
2019-10-17 07:38:51,048 [Thread-1766] INFO  impl.RoleInfo (RoleInfo.java:shutdownFollowerState(121)) - 05f59524-a4ea-4be4-b99d-fb9eed47142d: shutdown FollowerState
2019-10-17 07:38:51,048 [Thread-1766] INFO  impl.RaftServerImpl (RaftServerImpl.java:setRole(184)) - 05f59524-a4ea-4be4-b99d-fb9eed47142d@group-9DC5606B5DE8: changes role from  FOLLOWER to CANDIDATE at term 234 for changeToCandidate
2019-10-17 07:38:51,048 [Thread-1766] INFO  impl.RoleInfo (RoleInfo.java:updateAndGet(143)) - 05f59524-a4ea-4be4-b99d-fb9eed47142d: start LeaderElection
2019-10-17 07:38:51,081 [05f59524-a4ea-4be4-b99d-fb9eed47142d@group-9DC5606B5DE8-LeaderElection202] INFO  impl.LeaderElection (LeaderElection.java:askForVotes(178)) - 05f59524-a4ea-4be4-b99d-fb9eed47142d@group-9DC5606B5DE8-LeaderElection202: begin an election at term 235 for -1: [05f59524-a4ea-4be4-b99d-fb9eed47142d:192.168.34.62:45919, 4b035f45-7941-40c3-ba2d-1cbecd2d369e:192.168.34.62:45443, 920a4478-64f4-4720-983c-9a2102f3c94b:192.168.34.62:38609], old=null
2019-10-17 07:38:51,085 [grpc-default-executor-6] INFO  impl.RaftServerImpl (RaftServerImpl.java:setRole(184)) - 4b035f45-7941-40c3-ba2d-1cbecd2d369e@group-9DC5606B5DE8: changes role from  FOLLOWER to FOLLOWER at term 235 for recognizeCandidate:05f59524-a4ea-4be4-b99d-fb9eed47142d
2019-10-17 07:38:51,085 [grpc-default-executor-5] INFO  impl.RaftServerImpl (RaftServerImpl.java:setRole(184)) - 920a4478-64f4-4720-983c-9a2102f3c94b@group-9DC5606B5DE8: changes role from  FOLLOWER to FOLLOWER at term 235 for recognizeCandidate:05f59524-a4ea-4be4-b99d-fb9eed47142d
2019-10-17 07:38:51,085 [grpc-default-executor-5] INFO  impl.RoleInfo (RoleInfo.java:shutdownFollowerState(121)) - 920a4478-64f4-4720-983c-9a2102f3c94b: shutdown FollowerState
2019-10-17 07:38:51,085 [grpc-default-executor-6] INFO  impl.RoleInfo (RoleInfo.java:shutdownFollowerState(121)) - 4b035f45-7941-40c3-ba2d-1cbecd2d369e: shutdown FollowerState
2019-10-17 07:38:51,085 [Thread-1765] INFO  impl.FollowerState (FollowerState.java:run(117)) - 920a4478-64f4-4720-983c-9a2102f3c94b@group-9DC5606B5DE8-FollowerState was interrupted: java.lang.InterruptedException: sleep interrupted
2019-10-17 07:38:51,086 [Thread-1764] INFO  impl.FollowerState (FollowerState.java:run(117)) - 4b035f45-7941-40c3-ba2d-1cbecd2d369e@group-9DC5606B5DE8-FollowerState was interrupted: java.lang.InterruptedException: sleep interrupted
2019-10-17 07:38:51,085 [grpc-default-executor-5] INFO  impl.RoleInfo (RoleInfo.java:updateAndGet(143)) - 920a4478-64f4-4720-983c-9a2102f3c94b: start FollowerState
2019-10-17 07:38:51,086 [grpc-default-executor-6] INFO  impl.RoleInfo (RoleInfo.java:updateAndGet(143)) - 4b035f45-7941-40c3-ba2d-1cbecd2d369e: start FollowerState
2019-10-17 07:38:51,110 [05f59524-a4ea-4be4-b99d-fb9eed47142d@group-9DC5606B5DE8-LeaderElection202] INFO  impl.LeaderElection (LeaderElection.java:logAndReturn(56)) - 05f59524-a4ea-4be4-b99d-fb9eed47142d@group-9DC5606B5DE8-LeaderElection202: Election REJECTED; received 2 response(s) [05f59524-a4ea-4be4-b99d-fb9eed47142d<-4b035f45-7941-40c3-ba2d-1cbecd2d369e#0:FAIL-t235, 05f59524-a4ea-4be4-b99d-fb9eed47142d<-920a4478-64f4-4720-983c-9a2102f3c94b#0:FAIL-t235] and 0 exception(s); 05f59524-a4ea-4be4-b99d-fb9eed47142d@group-9DC5606B5DE8:t235, leader=null, voted=05f59524-a4ea-4be4-b99d-fb9eed47142d, raftlog=05f59524-a4ea-4be4-b99d-fb9eed47142d@group-9DC5606B5DE8-SegmentedRaftLog:OPENED:c-1,f-1,i0, conf=-1: [05f59524-a4ea-4be4-b99d-fb9eed47142d:192.168.34.62:45919, 4b035f45-7941-40c3-ba2d-1cbecd2d369e:192.168.34.62:45443, 920a4478-64f4-4720-983c-9a2102f3c94b:192.168.34.62:38609], old=null
2019-10-17 07:38:51,110 [05f59524-a4ea-4be4-b99d-fb9eed47142d@group-9DC5606B5DE8-LeaderElection202] INFO  impl.RaftServerImpl (RaftServerImpl.java:setRole(184)) - 05f59524-a4ea-4be4-b99d-fb9eed47142d@group-9DC5606B5DE8: changes role from CANDIDATE to FOLLOWER at term 235 for DISCOVERED_A_NEW_TERM
2019-10-17 07:38:51,111 [05f59524-a4ea-4be4-b99d-fb9eed47142d@group-9DC5606B5DE8-LeaderElection202] INFO  impl.RoleInfo (RoleInfo.java:shutdownLeaderElection(134)) - 05f59524-a4ea-4be4-b99d-fb9eed47142d: shutdown LeaderElection
2019-10-17 07:38:51,111 [05f59524-a4ea-4be4-b99d-fb9eed47142d@group-9DC5606B5DE8-LeaderElection202] INFO  impl.RoleInfo (RoleInfo.java:updateAndGet(143)) - 05f59524-a4ea-4be4-b99d-fb9eed47142d: start FollowerState
2019-10-17 07:38:51,159 [Thread-1772] INFO  impl.FollowerState (FollowerState.java:run(108)) - 05f59524-a4ea-4be4-b99d-fb9eed47142d@group-9DC5606B5DE8-FollowerState: change to CANDIDATE, lastRpcTime:48ms, electionTimeout:48ms
2019-10-17 07:38:51,160 [Thread-1772] INFO  impl.RoleInfo (RoleInfo.java:shutdownFollowerState(121)) - 05f59524-a4ea-4be4-b99d-fb9eed47142d: shutdown FollowerState
2019-10-17 07:38:51,160 [Thread-1772] INFO  impl.RaftServerImpl (RaftServerImpl.java:setRole(184)) - 05f59524-a4ea-4be4-b99d-fb9eed47142d@group-9DC5606B5DE8: changes role from  FOLLOWER to CANDIDATE at term 235 for changeToCandidate
2019-10-17 07:38:51,160 [Thread-1772] INFO  impl.RoleInfo (RoleInfo.java:updateAndGet(143)) - 05f59524-a4ea-4be4-b99d-fb9eed47142d: start LeaderElection
2019-10-17 07:38:51,175 [05f59524-a4ea-4be4-b99d-fb9eed47142d@group-9DC5606B5DE8-LeaderElection203] INFO  impl.LeaderElection (LeaderElection.java:askForVotes(178)) - 05f59524-a4ea-4be4-b99d-fb9eed47142d@group-9DC5606B5DE8-LeaderElection203: begin an election at term 236 for -1: [05f59524-a4ea-4be4-b99d-fb9eed47142d:192.168.34.62:45919, 4b035f45-7941-40c3-ba2d-1cbecd2d369e:192.168.34.62:45443, 920a4478-64f4-4720-983c-9a2102f3c94b:192.168.34.62:38609], old=null
2019-10-17 07:38:51,178 [grpc-default-executor-6] INFO  impl.RaftServerImpl (RaftServerImpl.java:setRole(184)) - 4b035f45-7941-40c3-ba2d-1cbecd2d369e@group-9DC5606B5DE8: changes role from  FOLLOWER to FOLLOWER at term 236 for recognizeCandidate:05f59524-a4ea-4be4-b99d-fb9eed47142d
2019-10-17 07:38:51,178 [grpc-default-executor-6] INFO  impl.RoleInfo (RoleInfo.java:shutdownFollowerState(121)) - 4b035f45-7941-40c3-ba2d-1cbecd2d369e: shutdown FollowerState
2019-10-17 07:38:51,178 [grpc-default-executor-5] INFO  impl.RaftServerImpl (RaftServerImpl.java:setRole(184)) - 920a4478-64f4-4720-983c-9a2102f3c94b@group-9DC5606B5DE8: changes role from  FOLLOWER to FOLLOWER at term 236 for recognizeCandidate:05f59524-a4ea-4be4-b99d-fb9eed47142d
2019-10-17 07:38:51,178 [Thread-1771] INFO  impl.FollowerState (FollowerState.java:run(117)) - 4b035f45-7941-40c3-ba2d-1cbecd2d369e@group-9DC5606B5DE8-FollowerState was interrupted: java.lang.InterruptedException: sleep interrupted
2019-10-17 07:38:51,178 [grpc-default-executor-6] INFO  impl.RoleInfo (RoleInfo.java:updateAndGet(143)) - 4b035f45-7941-40c3-ba2d-1cbecd2d369e: start FollowerState
2019-10-17 07:38:51,178 [grpc-default-executor-5] INFO  impl.RoleInfo (RoleInfo.java:shutdownFollowerState(121)) - 920a4478-64f4-4720-983c-9a2102f3c94b: shutdown FollowerState
2019-10-17 07:38:51,178 [Thread-1770] INFO  impl.FollowerState (FollowerState.java:run(117)) - 920a4478-64f4-4720-983c-9a2102f3c94b@group-9DC5606B5DE8-FollowerState was interrupted: java.lang.InterruptedException: sleep interrupted
2019-10-17 07:38:51,178 [grpc-default-executor-5] INFO  impl.RoleInfo (RoleInfo.java:updateAndGet(143)) - 920a4478-64f4-4720-983c-9a2102f3c94b: start FollowerState
2019-10-17 07:38:51,202 [05f59524-a4ea-4be4-b99d-fb9eed47142d@group-9DC5606B5DE8-LeaderElection203] INFO  impl.LeaderElection (LeaderElection.java:logAndReturn(56)) - 05f59524-a4ea-4be4-b99d-fb9eed47142d@group-9DC5606B5DE8-LeaderElection203: Election REJECTED; received 2 response(s) [05f59524-a4ea-4be4-b99d-fb9eed47142d<-4b035f45-7941-40c3-ba2d-1cbecd2d369e#0:FAIL-t236, 05f59524-a4ea-4be4-b99d-fb9eed47142d<-920a4478-64f4-4720-983c-9a2102f3c94b#0:FAIL-t236] and 0 exception(s); 05f59524-a4ea-4be4-b99d-fb9eed47142d@group-9DC5606B5DE8:t236, leader=null, voted=05f59524-a4ea-4be4-b99d-fb9eed47142d, raftlog=05f59524-a4ea-4be4-b99d-fb9eed47142d@group-9DC5606B5DE8-SegmentedRaftLog:OPENED:c-1,f-1,i0, conf=-1: [05f59524-a4ea-4be4-b99d-fb9eed47142d:192.168.34.62:45919, 4b035f45-7941-40c3-ba2d-1cbecd2d369e:192.168.34.62:45443, 920a4478-64f4-4720-983c-9a2102f3c94b:192.168.34.62:38609], old=null
2019-10-17 07:38:51,202 [05f59524-a4ea-4be4-b99d-fb9eed47142d@group-9DC5606B5DE8-LeaderElection203] INFO  impl.RaftServerImpl (RaftServerImpl.java:setRole(184)) - 05f59524-a4ea-4be4-b99d-fb9eed47142d@group-9DC5606B5DE8: changes role from CANDIDATE to FOLLOWER at term 236 for DISCOVERED_A_NEW_TERM
2019-10-17 07:38:51,203 [05f59524-a4ea-4be4-b99d-fb9eed47142d@group-9DC5606B5DE8-LeaderElection203] INFO  impl.RoleInfo (RoleInfo.java:shutdownLeaderElection(134)) - 05f59524-a4ea-4be4-b99d-fb9eed47142d: shutdown LeaderElection
2019-10-17 07:38:51,203 [05f59524-a4ea-4be4-b99d-fb9eed47142d@group-9DC5606B5DE8-LeaderElection203] INFO  impl.RoleInfo (RoleInfo.java:updateAndGet(143)) - 05f59524-a4ea-4be4-b99d-fb9eed47142d: start FollowerState
2019-10-17 07:38:51,366 [Thread-1778] INFO  impl.FollowerState (FollowerState.java:run(108)) - 05f59524-a4ea-4be4-b99d-fb9eed47142d@group-9DC5606B5DE8-FollowerState: change to CANDIDATE, lastRpcTime:163ms, electionTimeout:163ms
2019-10-17 07:38:51,366 [Thread-1778] INFO  impl.RoleInfo (RoleInfo.java:shutdownFollowerState(121)) - 05f59524-a4ea-4be4-b99d-fb9eed47142d: shutdown FollowerState
2019-10-17 07:38:51,367 [Thread-1778] INFO  impl.RaftServerImpl (RaftServerImpl.java:setRole(184)) - 05f59524-a4ea-4be4-b99d-fb9eed47142d@group-9DC5606B5DE8: changes role from  FOLLOWER to CANDIDATE at term 236 for changeToCandidate
2019-10-17 07:38:51,367 [Thread-1778] INFO  impl.RoleInfo (RoleInfo.java:updateAndGet(143)) - 05f59524-a4ea-4be4-b99d-fb9eed47142d: start LeaderElection
2019-10-17 07:38:51,398 [05f59524-a4ea-4be4-b99d-fb9eed47142d@group-9DC5606B5DE8-LeaderElection204] INFO  impl.LeaderElection (LeaderElection.java:askForVotes(178)) - 05f59524-a4ea-4be4-b99d-fb9eed47142d@group-9DC5606B5DE8-LeaderElection204: begin an election at term 237 for -1: [05f59524-a4ea-4be4-b99d-fb9eed47142d:192.168.34.62:45919, 4b035f45-7941-40c3-ba2d-1cbecd2d369e:192.168.34.62:45443, 920a4478-64f4-4720-983c-9a2102f3c94b:192.168.34.62:38609], old=null
2019-10-17 07:38:51,401 [grpc-default-executor-6] INFO  impl.RaftServerImpl (RaftServerImpl.java:setRole(184)) - 920a4478-64f4-4720-983c-9a2102f3c94b@group-9DC5606B5DE8: changes role from  FOLLOWER to FOLLOWER at term 237 for recognizeCandidate:05f59524-a4ea-4be4-b99d-fb9eed47142d
2019-10-17 07:38:51,401 [grpc-default-executor-5] INFO  impl.RaftServerImpl (RaftServerImpl.java:setRole(184)) - 4b035f45-7941-40c3-ba2d-1cbecd2d369e@group-9DC5606B5DE8: changes role from  FOLLOWER to FOLLOWER at term 237 for recognizeCandidate:05f59524-a4ea-4be4-b99d-fb9eed47142d
2019-10-17 07:38:51,402 [grpc-default-executor-6] INFO  impl.RoleInfo (RoleInfo.java:shutdownFollowerState(121)) - 920a4478-64f4-4720-983c-9a2102f3c94b: shutdown FollowerState
2019-10-17 07:38:51,402 [grpc-default-executor-5] INFO  impl.RoleInfo (RoleInfo.java:shutdownFollowerState(121)) - 4b035f45-7941-40c3-ba2d-1cbecd2d369e: shutdown FollowerState
2019-10-17 07:38:51,402 [Thread-1777] INFO  impl.FollowerState (FollowerState.java:run(117)) - 920a4478-64f4-4720-983c-9a2102f3c94b@group-9DC5606B5DE8-FollowerState was interrupted: java.lang.InterruptedException: sleep interrupted
2019-10-17 07:38:51,402 [grpc-default-executor-6] INFO  impl.RoleInfo (RoleInfo.java:updateAndGet(143)) - 920a4478-64f4-4720-983c-9a2102f3c94b: start FollowerState
2019-10-17 07:38:51,402 [Thread-1776] INFO  impl.FollowerState (FollowerState.java:run(117)) - 4b035f45-7941-40c3-ba2d-1cbecd2d369e@group-9DC5606B5DE8-FollowerState was interrupted: java.lang.InterruptedException: sleep interrupted
2019-10-17 07:38:51,402 [grpc-default-executor-5] INFO  impl.RoleInfo (RoleInfo.java:updateAndGet(143)) - 4b035f45-7941-40c3-ba2d-1cbecd2d369e: start FollowerState
2019-10-17 07:38:51,418 [05f59524-a4ea-4be4-b99d-fb9eed47142d@group-9DC5606B5DE8-LeaderElection204] INFO  impl.LeaderElection (LeaderElection.java:logAndReturn(56)) - 05f59524-a4ea-4be4-b99d-fb9eed47142d@group-9DC5606B5DE8-LeaderElection204: Election REJECTED; received 2 response(s) [05f59524-a4ea-4be4-b99d-fb9eed47142d<-4b035f45-7941-40c3-ba2d-1cbecd2d369e#0:FAIL-t237, 05f59524-a4ea-4be4-b99d-fb9eed47142d<-920a4478-64f4-4720-983c-9a2102f3c94b#0:FAIL-t237] and 0 exception(s); 05f59524-a4ea-4be4-b99d-fb9eed47142d@group-9DC5606B5DE8:t237, leader=null, voted=05f59524-a4ea-4be4-b99d-fb9eed47142d, raftlog=05f59524-a4ea-4be4-b99d-fb9eed47142d@group-9DC5606B5DE8-SegmentedRaftLog:OPENED:c-1,f-1,i0, conf=-1: [05f59524-a4ea-4be4-b99d-fb9eed47142d:192.168.34.62:45919, 4b035f45-7941-40c3-ba2d-1cbecd2d369e:192.168.34.62:45443, 920a4478-64f4-4720-983c-9a2102f3c94b:192.168.34.62:38609], old=null
2019-10-17 07:38:51,418 [05f59524-a4ea-4be4-b99d-fb9eed47142d@group-9DC5606B5DE8-LeaderElection204] INFO  impl.RaftServerImpl (RaftServerImpl.java:setRole(184)) - 05f59524-a4ea-4be4-b99d-fb9eed47142d@group-9DC5606B5DE8: changes role from CANDIDATE to FOLLOWER at term 237 for DISCOVERED_A_NEW_TERM
2019-10-17 07:38:51,419 [05f59524-a4ea-4be4-b99d-fb9eed47142d@group-9DC5606B5DE8-LeaderElection204] INFO  impl.RoleInfo (RoleInfo.java:shutdownLeaderElection(134)) - 05f59524-a4ea-4be4-b99d-fb9eed47142d: shutdown LeaderElection
2019-10-17 07:38:51,419 [05f59524-a4ea-4be4-b99d-fb9eed47142d@group-9DC5606B5DE8-LeaderElection204] INFO  impl.RoleInfo (RoleInfo.java:updateAndGet(143)) - 05f59524-a4ea-4be4-b99d-fb9eed47142d: start FollowerState
2019-10-17 07:38:51,515 [Thread-1784] INFO  impl.FollowerState (FollowerState.java:run(108)) - 05f59524-a4ea-4be4-b99d-fb9eed47142d@group-9DC5606B5DE8-FollowerState: change to CANDIDATE, lastRpcTime:96ms, electionTimeout:96ms
2019-10-17 07:38:51,515 [Thread-1784] INFO  impl.RoleInfo (RoleInfo.java:shutdownFollowerState(121)) - 05f59524-a4ea-4be4-b99d-fb9eed47142d: shutdown FollowerState
2019-10-17 07:38:51,515 [Thread-1784] INFO  impl.RaftServerImpl (RaftServerImpl.java:setRole(184)) - 05f59524-a4ea-4be4-b99d-fb9eed47142d@group-9DC5606B5DE8: changes role from  FOLLOWER to CANDIDATE at term 237 for changeToCandidate
2019-10-17 07:38:51,516 [Thread-1784] INFO  impl.RoleInfo (RoleInfo.java:updateAndGet(143)) - 05f59524-a4ea-4be4-b99d-fb9eed47142d: start LeaderElection
2019-10-17 07:38:51,529 [05f59524-a4ea-4be4-b99d-fb9eed47142d@group-9DC5606B5DE8-LeaderElection205] INFO  impl.LeaderElection (LeaderElection.java:askForVotes(178)) - 05f59524-a4ea-4be4-b99d-fb9eed47142d@group-9DC5606B5DE8-LeaderElection205: begin an election at term 238 for -1: [05f59524-a4ea-4be4-b99d-fb9eed47142d:192.168.34.62:45919, 4b035f45-7941-40c3-ba2d-1cbecd2d369e:192.168.34.62:45443, 920a4478-64f4-4720-983c-9a2102f3c94b:192.168.34.62:38609], old=null
2019-10-17 07:38:51,532 [grpc-default-executor-6] INFO  impl.RaftServerImpl (RaftServerImpl.java:setRole(184)) - 4b035f45-7941-40c3-ba2d-1cbecd2d369e@group-9DC5606B5DE8: changes role from  FOLLOWER to FOLLOWER at term 238 for recognizeCandidate:05f59524-a4ea-4be4-b99d-fb9eed47142d
2019-10-17 07:38:51,532 [grpc-default-executor-6] INFO  impl.RoleInfo (RoleInfo.java:shutdownFollowerState(121)) - 4b035f45-7941-40c3-ba2d-1cbecd2d369e: shutdown FollowerState
2019-10-17 07:38:51,532 [grpc-default-executor-6] INFO  impl.RoleInfo (RoleInfo.java:updateAndGet(143)) - 4b035f45-7941-40c3-ba2d-1cbecd2d369e: start FollowerState
2019-10-17 07:38:51,532 [grpc-default-executor-5] INFO  impl.RaftServerImpl (RaftServerImpl.java:setRole(184)) - 920a4478-64f4-4720-983c-9a2102f3c94b@group-9DC5606B5DE8: changes role from  FOLLOWER to FOLLOWER at term 238 for recognizeCandidate:05f59524-a4ea-4be4-b99d-fb9eed47142d
2019-10-17 07:38:51,533 [grpc-default-executor-5] INFO  impl.RoleInfo (RoleInfo.java:shutdownFollowerState(121)) - 920a4478-64f4-4720-983c-9a2102f3c94b: shutdown FollowerState
2019-10-17 07:38:51,532 [Thread-1783] INFO  impl.FollowerState (FollowerState.java:run(117)) - 4b035f45-7941-40c3-ba2d-1cbecd2d369e@group-9DC5606B5DE8-FollowerState was interrupted: java.lang.InterruptedException: sleep interrupted
2019-10-17 07:38:51,533 [Thread-1782] INFO  impl.FollowerState (FollowerState.java:run(117)) - 920a4478-64f4-4720-983c-9a2102f3c94b@group-9DC5606B5DE8-FollowerState was interrupted: java.lang.InterruptedException: sleep interrupted
2019-10-17 07:38:51,533 [grpc-default-executor-5] INFO  impl.RoleInfo (RoleInfo.java:updateAndGet(143)) - 920a4478-64f4-4720-983c-9a2102f3c94b: start FollowerState
2019-10-17 07:38:51,557 [05f59524-a4ea-4be4-b99d-fb9eed47142d@group-9DC5606B5DE8-LeaderElection205] INFO  impl.LeaderElection (LeaderElection.java:logAndReturn(56)) - 05f59524-a4ea-4be4-b99d-fb9eed47142d@group-9DC5606B5DE8-LeaderElection205: Election REJECTED; received 2 response(s) [05f59524-a4ea-4be4-b99d-fb9eed47142d<-4b035f45-7941-40c3-ba2d-1cbecd2d369e#0:FAIL-t238, 05f59524-a4ea-4be4-b99d-fb9eed47142d<-920a4478-64f4-4720-983c-9a2102f3c94b#0:FAIL-t238] and 0 exception(s); 05f59524-a4ea-4be4-b99d-fb9eed47142d@group-9DC5606B5DE8:t238, leader=null, voted=05f59524-a4ea-4be4-b99d-fb9eed47142d, raftlog=05f59524-a4ea-4be4-b99d-fb9eed47142d@group-9DC5606B5DE8-SegmentedRaftLog:OPENED:c-1,f-1,i0, conf=-1: [05f59524-a4ea-4be4-b99d-fb9eed47142d:192.168.34.62:45919, 4b035f45-7941-40c3-ba2d-1cbecd2d369e:192.168.34.62:45443, 920a4478-64f4-4720-983c-9a2102f3c94b:192.168.34.62:38609], old=null
2019-10-17 07:38:51,557 [05f59524-a4ea-4be4-b99d-fb9eed47142d@group-9DC5606B5DE8-LeaderElection205] INFO  impl.RaftServerImpl (RaftServerImpl.java:setRole(184)) - 05f59524-a4ea-4be4-b99d-fb9eed47142d@group-9DC5606B5DE8: changes role from CANDIDATE to FOLLOWER at term 238 for DISCOVERED_A_NEW_TERM
2019-10-17 07:38:51,557 [05f59524-a4ea-4be4-b99d-fb9eed47142d@group-9DC5606B5DE8-LeaderElection205] INFO  impl.RoleInfo (RoleInfo.java:shutdownLeaderElection(134)) - 05f59524-a4ea-4be4-b99d-fb9eed47142d: shutdown LeaderElection
2019-10-17 07:38:51,557 [05f59524-a4ea-4be4-b99d-fb9eed47142d@group-9DC5606B5DE8-LeaderElection205] INFO  impl.RoleInfo (RoleInfo.java:updateAndGet(143)) - 05f59524-a4ea-4be4-b99d-fb9eed47142d: start FollowerState
2019-10-17 07:38:51,652 [Thread-1790] INFO  impl.FollowerState (FollowerState.java:run(108)) - 05f59524-a4ea-4be4-b99d-fb9eed47142d@group-9DC5606B5DE8-FollowerState: change to CANDIDATE, lastRpcTime:95ms, electionTimeout:83ms
2019-10-17 07:38:51,653 [Thread-1790] INFO  impl.RoleInfo (RoleInfo.java:shutdownFollowerState(121)) - 05f59524-a4ea-4be4-b99d-fb9eed47142d: shutdown FollowerState
2019-10-17 07:38:51,653 [Thread-1790] INFO  impl.RaftServerImpl (RaftServerImpl.java:setRole(184)) - 05f59524-a4ea-4be4-b99d-fb9eed47142d@group-9DC5606B5DE8: changes role from  FOLLOWER to CANDIDATE at term 238 for changeToCandidate
2019-10-17 07:38:51,653 [Thread-1790] INFO  impl.RoleInfo (RoleInfo.java:updateAndGet(143)) - 05f59524-a4ea-4be4-b99d-fb9eed47142d: start LeaderElection
2019-10-17 07:38:51,667 [05f59524-a4ea-4be4-b99d-fb9eed47142d@group-9DC5606B5DE8-LeaderElection206] INFO  impl.LeaderElection (LeaderElection.java:askForVotes(178)) - 05f59524-a4ea-4be4-b99d-fb9eed47142d@group-9DC5606B5DE8-LeaderElection206: begin an election at term 239 for -1: [05f59524-a4ea-4be4-b99d-fb9eed47142d:192.168.34.62:45919, 4b035f45-7941-40c3-ba2d-1cbecd2d369e:192.168.34.62:45443, 920a4478-64f4-4720-983c-9a2102f3c94b:192.168.34.62:38609], old=null
2019-10-17 07:38:51,693 [grpc-default-executor-5] INFO  impl.RaftServerImpl (RaftServerImpl.java:setRole(184)) - 4b035f45-7941-40c3-ba2d-1cbecd2d369e@group-9DC5606B5DE8: changes role from  FOLLOWER to FOLLOWER at term 239 for recognizeCandidate:05f59524-a4ea-4be4-b99d-fb9eed47142d
2019-10-17 07:38:51,693 [grpc-default-executor-6] INFO  impl.RaftServerImpl (RaftServerImpl.java:setRole(184)) - 920a4478-64f4-4720-983c-9a2102f3c94b@group-9DC5606B5DE8: changes role from  FOLLOWER to FOLLOWER at term 239 for recognizeCandidate:05f59524-a4ea-4be4-b99d-fb9eed47142d
2019-10-17 07:38:51,693 [grpc-default-executor-5] INFO  impl.RoleInfo (RoleInfo.java:shutdownFollowerState(121)) - 4b035f45-7941-40c3-ba2d-1cbecd2d369e: shutdown FollowerState
2019-10-17 07:38:51,693 [grpc-default-executor-6] INFO  impl.RoleInfo (RoleInfo.java:shutdownFollowerState(121)) - 920a4478-64f4-4720-983c-9a2102f3c94b: shutdown FollowerState
2019-10-17 07:38:51,693 [Thread-1788] INFO  impl.FollowerState (FollowerState.java:run(117)) - 4b035f45-7941-40c3-ba2d-1cbecd2d369e@group-9DC5606B5DE8-FollowerState was interrupted: java.lang.InterruptedException: sleep interrupted
2019-10-17 07:38:51,693 [grpc-default-executor-5] INFO  impl.RoleInfo (RoleInfo.java:updateAndGet(143)) - 4b035f45-7941-40c3-ba2d-1cbecd2d369e: start FollowerState
2019-10-17 07:38:51,694 [grpc-default-executor-6] INFO  impl.RoleInfo (RoleInfo.java:updateAndGet(143)) - 920a4478-64f4-4720-983c-9a2102f3c94b: start FollowerState
2019-10-17 07:38:51,694 [Thread-1789] INFO  impl.FollowerState (FollowerState.java:run(117)) - 920a4478-64f4-4720-983c-9a2102f3c94b@group-9DC5606B5DE8-FollowerState was interrupted: java.lang.InterruptedException: sleep interrupted
2019-10-17 07:38:51,708 [05f59524-a4ea-4be4-b99d-fb9eed47142d@group-9DC5606B5DE8-LeaderElection206] INFO  impl.LeaderElection (LeaderElection.java:logAndReturn(56)) - 05f59524-a4ea-4be4-b99d-fb9eed47142d@group-9DC5606B5DE8-LeaderElection206: Election REJECTED; received 2 response(s) [05f59524-a4ea-4be4-b99d-fb9eed47142d<-4b035f45-7941-40c3-ba2d-1cbecd2d369e#0:FAIL-t239, 05f59524-a4ea-4be4-b99d-fb9eed47142d<-920a4478-64f4-4720-983c-9a2102f3c94b#0:FAIL-t239] and 0 exception(s); 05f59524-a4ea-4be4-b99d-fb9eed47142d@group-9DC5606B5DE8:t239, leader=null, voted=05f59524-a4ea-4be4-b99d-fb9eed47142d, raftlog=05f59524-a4ea-4be4-b99d-fb9eed47142d@group-9DC5606B5DE8-SegmentedRaftLog:OPENED:c-1,f-1,i0, conf=-1: [05f59524-a4ea-4be4-b99d-fb9eed47142d:192.168.34.62:45919, 4b035f45-7941-40c3-ba2d-1cbecd2d369e:192.168.34.62:45443, 920a4478-64f4-4720-983c-9a2102f3c94b:192.168.34.62:38609], old=null
2019-10-17 07:38:51,708 [05f59524-a4ea-4be4-b99d-fb9eed47142d@group-9DC5606B5DE8-LeaderElection206] INFO  impl.RaftServerImpl (RaftServerImpl.java:setRole(184)) - 05f59524-a4ea-4be4-b99d-fb9eed47142d@group-9DC5606B5DE8: changes role from CANDIDATE to FOLLOWER at term 239 for DISCOVERED_A_NEW_TERM
2019-10-17 07:38:51,708 [05f59524-a4ea-4be4-b99d-fb9eed47142d@group-9DC5606B5DE8-LeaderElection206] INFO  impl.RoleInfo (RoleInfo.java:shutdownLeaderElection(134)) - 05f59524-a4ea-4be4-b99d-fb9eed47142d: shutdown LeaderElection
2019-10-17 07:38:51,708 [05f59524-a4ea-4be4-b99d-fb9eed47142d@group-9DC5606B5DE8-LeaderElection206] INFO  impl.RoleInfo (RoleInfo.java:updateAndGet(143)) - 05f59524-a4ea-4be4-b99d-fb9eed47142d: start FollowerState
2019-10-17 07:38:51,731 [main] INFO  ozone.MiniOzoneClusterImpl (MiniOzoneClusterImpl.java:shutdown(352)) - Shutting down the Mini Ozone Cluster
2019-10-17 07:38:51,733 [main] INFO  ozone.MiniOzoneClusterImpl (MiniOzoneClusterImpl.java:stop(368)) - Stopping the Mini Ozone Cluster
2019-10-17 07:38:51,733 [main] INFO  ozone.MiniOzoneClusterImpl (MiniOzoneClusterImpl.java:stopOM(438)) - Stopping the OzoneManager
2019-10-17 07:38:51,735 [main] INFO  ipc.Server (Server.java:stop(3082)) - Stopping server on 42810
2019-10-17 07:38:51,980 [Thread-1796] INFO  impl.FollowerState (FollowerState.java:run(108)) - 05f59524-a4ea-4be4-b99d-fb9eed47142d@group-9DC5606B5DE8-FollowerState: change to CANDIDATE, lastRpcTime:271ms, electionTimeout:131ms
2019-10-17 07:38:51,987 [Thread-1796] INFO  impl.RoleInfo (RoleInfo.java:shutdownFollowerState(121)) - 05f59524-a4ea-4be4-b99d-fb9eed47142d: shutdown FollowerState
2019-10-17 07:38:51,994 [Thread-1796] INFO  impl.RaftServerImpl (RaftServerImpl.java:setRole(184)) - 05f59524-a4ea-4be4-b99d-fb9eed47142d@group-9DC5606B5DE8: changes role from  FOLLOWER to CANDIDATE at term 239 for changeToCandidate
2019-10-17 07:38:52,001 [IPC Server listener on 42810] INFO  ipc.Server (Server.java:run(1185)) - Stopping IPC Server listener on 42810
2019-10-17 07:38:52,012 [main] INFO  ratis.OzoneManagerDoubleBuffer (OzoneManagerDoubleBuffer.java:stop(250)) - Stopping OMDoubleBuffer flush thread
2019-10-17 07:38:52,019 [Thread-1796] INFO  impl.RoleInfo (RoleInfo.java:updateAndGet(143)) - 05f59524-a4ea-4be4-b99d-fb9eed47142d: start LeaderElection
2019-10-17 07:38:52,025 [IPC Server Responder] INFO  ipc.Server (Server.java:run(1319)) - Stopping IPC Server Responder
2019-10-17 07:38:52,028 [OMDoubleBufferFlushThread] INFO  ratis.OzoneManagerDoubleBuffer (OzoneManagerDoubleBuffer.java:flushTransactions(193)) - OMDoubleBuffer flush thread OMDoubleBufferFlushThread is interrupted and will exit. OMDoubleBufferFlushThread
2019-10-17 07:38:52,031 [main] INFO  utils.BackgroundService (BackgroundService.java:shutdown(151)) - Shutting down service KeyDeletingService
2019-10-17 07:38:52,038 [main] INFO  handler.ContextHandler (ContextHandler.java:doStop(910)) - Stopped o.e.j.w.WebAppContext@7cb5f16a{/,null,UNAVAILABLE}{/ozoneManager}
2019-10-17 07:38:52,044 [05f59524-a4ea-4be4-b99d-fb9eed47142d@group-9DC5606B5DE8-LeaderElection207] INFO  impl.LeaderElection (LeaderElection.java:askForVotes(178)) - 05f59524-a4ea-4be4-b99d-fb9eed47142d@group-9DC5606B5DE8-LeaderElection207: begin an election at term 240 for -1: [05f59524-a4ea-4be4-b99d-fb9eed47142d:192.168.34.62:45919, 4b035f45-7941-40c3-ba2d-1cbecd2d369e:192.168.34.62:45443, 920a4478-64f4-4720-983c-9a2102f3c94b:192.168.34.62:38609], old=null
2019-10-17 07:38:52,045 [main] INFO  server.AbstractConnector (AbstractConnector.java:doStop(318)) - Stopped ServerConnector@55fff88e{HTTP/1.1,[http/1.1]}{0.0.0.0:0}
2019-10-17 07:38:52,046 [main] INFO  handler.ContextHandler (ContextHandler.java:doStop(910)) - Stopped o.e.j.s.ServletContextHandler@1eb8be19{/static,file:///workdir/hadoop-ozone/integration-test/target/test-classes/webapps/static,UNAVAILABLE}
2019-10-17 07:38:52,048 [main] INFO  handler.ContextHandler (ContextHandler.java:doStop(910)) - Stopped o.e.j.s.ServletContextHandler@fa084a7{/logs,file:///workdir/hadoop-ozone/integration-test/target/log,UNAVAILABLE}
2019-10-17 07:38:52,049 [grpc-default-executor-5] INFO  impl.RaftServerImpl (RaftServerImpl.java:setRole(184)) - 4b035f45-7941-40c3-ba2d-1cbecd2d369e@group-9DC5606B5DE8: changes role from  FOLLOWER to FOLLOWER at term 240 for recognizeCandidate:05f59524-a4ea-4be4-b99d-fb9eed47142d
2019-10-17 07:38:52,049 [grpc-default-executor-5] INFO  impl.RoleInfo (RoleInfo.java:shutdownFollowerState(121)) - 4b035f45-7941-40c3-ba2d-1cbecd2d369e: shutdown FollowerState
2019-10-17 07:38:52,049 [grpc-default-executor-6] INFO  impl.RaftServerImpl (RaftServerImpl.java:setRole(184)) - 920a4478-64f4-4720-983c-9a2102f3c94b@group-9DC5606B5DE8: changes role from  FOLLOWER to FOLLOWER at term 240 for recognizeCandidate:05f59524-a4ea-4be4-b99d-fb9eed47142d
2019-10-17 07:38:52,049 [Thread-1794] INFO  impl.FollowerState (FollowerState.java:run(117)) - 4b035f45-7941-40c3-ba2d-1cbecd2d369e@group-9DC5606B5DE8-FollowerState was interrupted: java.lang.InterruptedException: sleep interrupted
2019-10-17 07:38:52,049 [grpc-default-executor-5] INFO  impl.RoleInfo (RoleInfo.java:updateAndGet(143)) - 4b035f45-7941-40c3-ba2d-1cbecd2d369e: start FollowerState
2019-10-17 07:38:52,049 [grpc-default-executor-6] INFO  impl.RoleInfo (RoleInfo.java:shutdownFollowerState(121)) - 920a4478-64f4-4720-983c-9a2102f3c94b: shutdown FollowerState
2019-10-17 07:38:52,050 [grpc-default-executor-6] INFO  impl.RoleInfo (RoleInfo.java:updateAndGet(143)) - 920a4478-64f4-4720-983c-9a2102f3c94b: start FollowerState
2019-10-17 07:38:52,050 [Thread-1795] INFO  impl.FollowerState (FollowerState.java:run(117)) - 920a4478-64f4-4720-983c-9a2102f3c94b@group-9DC5606B5DE8-FollowerState was interrupted: java.lang.InterruptedException: sleep interrupted
2019-10-17 07:38:52,057 [main] INFO  ozone.MiniOzoneClusterImpl (MiniOzoneClusterImpl.java:stopDatanodes(415)) - Stopping the HddsDatanodes
2019-10-17 07:38:52,079 [05f59524-a4ea-4be4-b99d-fb9eed47142d@group-9DC5606B5DE8-LeaderElection207] INFO  impl.LeaderElection (LeaderElection.java:logAndReturn(56)) - 05f59524-a4ea-4be4-b99d-fb9eed47142d@group-9DC5606B5DE8-LeaderElection207: Election REJECTED; received 2 response(s) [05f59524-a4ea-4be4-b99d-fb9eed47142d<-4b035f45-7941-40c3-ba2d-1cbecd2d369e#0:FAIL-t240, 05f59524-a4ea-4be4-b99d-fb9eed47142d<-920a4478-64f4-4720-983c-9a2102f3c94b#0:FAIL-t240] and 0 exception(s); 05f59524-a4ea-4be4-b99d-fb9eed47142d@group-9DC5606B5DE8:t240, leader=null, voted=05f59524-a4ea-4be4-b99d-fb9eed47142d, raftlog=05f59524-a4ea-4be4-b99d-fb9eed47142d@group-9DC5606B5DE8-SegmentedRaftLog:OPENED:c-1,f-1,i0, conf=-1: [05f59524-a4ea-4be4-b99d-fb9eed47142d:192.168.34.62:45919, 4b035f45-7941-40c3-ba2d-1cbecd2d369e:192.168.34.62:45443, 920a4478-64f4-4720-983c-9a2102f3c94b:192.168.34.62:38609], old=null
2019-10-17 07:38:52,079 [05f59524-a4ea-4be4-b99d-fb9eed47142d@group-9DC5606B5DE8-LeaderElection207] INFO  impl.RaftServerImpl (RaftServerImpl.java:setRole(184)) - 05f59524-a4ea-4be4-b99d-fb9eed47142d@group-9DC5606B5DE8: changes role from CANDIDATE to FOLLOWER at term 240 for DISCOVERED_A_NEW_TERM
2019-10-17 07:38:52,079 [05f59524-a4ea-4be4-b99d-fb9eed47142d@group-9DC5606B5DE8-LeaderElection207] INFO  impl.RoleInfo (RoleInfo.java:shutdownLeaderElection(134)) - 05f59524-a4ea-4be4-b99d-fb9eed47142d: shutdown LeaderElection
2019-10-17 07:38:52,080 [05f59524-a4ea-4be4-b99d-fb9eed47142d@group-9DC5606B5DE8-LeaderElection207] INFO  impl.RoleInfo (RoleInfo.java:updateAndGet(143)) - 05f59524-a4ea-4be4-b99d-fb9eed47142d: start FollowerState
2019-10-17 07:38:52,185 [Thread-1802] INFO  impl.FollowerState (FollowerState.java:run(108)) - 05f59524-a4ea-4be4-b99d-fb9eed47142d@group-9DC5606B5DE8-FollowerState: change to CANDIDATE, lastRpcTime:105ms, electionTimeout:105ms
2019-10-17 07:38:52,185 [Thread-1802] INFO  impl.RoleInfo (RoleInfo.java:shutdownFollowerState(121)) - 05f59524-a4ea-4be4-b99d-fb9eed47142d: shutdown FollowerState
2019-10-17 07:38:52,185 [Thread-1802] INFO  impl.RaftServerImpl (RaftServerImpl.java:setRole(184)) - 05f59524-a4ea-4be4-b99d-fb9eed47142d@group-9DC5606B5DE8: changes role from  FOLLOWER to CANDIDATE at term 240 for changeToCandidate
2019-10-17 07:38:52,186 [Thread-1802] INFO  impl.RoleInfo (RoleInfo.java:updateAndGet(143)) - 05f59524-a4ea-4be4-b99d-fb9eed47142d: start LeaderElection
2019-10-17 07:38:52,211 [05f59524-a4ea-4be4-b99d-fb9eed47142d@group-9DC5606B5DE8-LeaderElection208] INFO  impl.LeaderElection (LeaderElection.java:askForVotes(178)) - 05f59524-a4ea-4be4-b99d-fb9eed47142d@group-9DC5606B5DE8-LeaderElection208: begin an election at term 241 for -1: [05f59524-a4ea-4be4-b99d-fb9eed47142d:192.168.34.62:45919, 4b035f45-7941-40c3-ba2d-1cbecd2d369e:192.168.34.62:45443, 920a4478-64f4-4720-983c-9a2102f3c94b:192.168.34.62:38609], old=null
2019-10-17 07:38:52,213 [grpc-default-executor-5] INFO  impl.RaftServerImpl (RaftServerImpl.java:setRole(184)) - 4b035f45-7941-40c3-ba2d-1cbecd2d369e@group-9DC5606B5DE8: changes role from  FOLLOWER to FOLLOWER at term 241 for recognizeCandidate:05f59524-a4ea-4be4-b99d-fb9eed47142d
2019-10-17 07:38:52,213 [grpc-default-executor-5] INFO  impl.RoleInfo (RoleInfo.java:shutdownFollowerState(121)) - 4b035f45-7941-40c3-ba2d-1cbecd2d369e: shutdown FollowerState
2019-10-17 07:38:52,213 [grpc-default-executor-6] INFO  impl.RaftServerImpl (RaftServerImpl.java:setRole(184)) - 920a4478-64f4-4720-983c-9a2102f3c94b@group-9DC5606B5DE8: changes role from  FOLLOWER to FOLLOWER at term 241 for recognizeCandidate:05f59524-a4ea-4be4-b99d-fb9eed47142d
2019-10-17 07:38:52,214 [grpc-default-executor-6] INFO  impl.RoleInfo (RoleInfo.java:shutdownFollowerState(121)) - 920a4478-64f4-4720-983c-9a2102f3c94b: shutdown FollowerState
2019-10-17 07:38:52,214 [Thread-1800] INFO  impl.FollowerState (FollowerState.java:run(117)) - 4b035f45-7941-40c3-ba2d-1cbecd2d369e@group-9DC5606B5DE8-FollowerState was interrupted: java.lang.InterruptedException: sleep interrupted
2019-10-17 07:38:52,214 [Thread-1801] INFO  impl.FollowerState (FollowerState.java:run(117)) - 920a4478-64f4-4720-983c-9a2102f3c94b@group-9DC5606B5DE8-FollowerState was interrupted: java.lang.InterruptedException: sleep interrupted
2019-10-17 07:38:52,214 [grpc-default-executor-5] INFO  impl.RoleInfo (RoleInfo.java:updateAndGet(143)) - 4b035f45-7941-40c3-ba2d-1cbecd2d369e: start FollowerState
2019-10-17 07:38:52,214 [grpc-default-executor-6] INFO  impl.RoleInfo (RoleInfo.java:updateAndGet(143)) - 920a4478-64f4-4720-983c-9a2102f3c94b: start FollowerState
2019-10-17 07:38:52,235 [05f59524-a4ea-4be4-b99d-fb9eed47142d@group-9DC5606B5DE8-LeaderElection208] INFO  impl.LeaderElection (LeaderElection.java:logAndReturn(56)) - 05f59524-a4ea-4be4-b99d-fb9eed47142d@group-9DC5606B5DE8-LeaderElection208: Election TIMEOUT; received 0 response(s) [] and 0 exception(s); 05f59524-a4ea-4be4-b99d-fb9eed47142d@group-9DC5606B5DE8:t241, leader=null, voted=05f59524-a4ea-4be4-b99d-fb9eed47142d, raftlog=05f59524-a4ea-4be4-b99d-fb9eed47142d@group-9DC5606B5DE8-SegmentedRaftLog:OPENED:c-1,f-1,i0, conf=-1: [05f59524-a4ea-4be4-b99d-fb9eed47142d:192.168.34.62:45919, 4b035f45-7941-40c3-ba2d-1cbecd2d369e:192.168.34.62:45443, 920a4478-64f4-4720-983c-9a2102f3c94b:192.168.34.62:38609], old=null
2019-10-17 07:38:52,253 [05f59524-a4ea-4be4-b99d-fb9eed47142d@group-9DC5606B5DE8-LeaderElection208] INFO  impl.LeaderElection (LeaderElection.java:askForVotes(178)) - 05f59524-a4ea-4be4-b99d-fb9eed47142d@group-9DC5606B5DE8-LeaderElection208: begin an election at term 242 for -1: [05f59524-a4ea-4be4-b99d-fb9eed47142d:192.168.34.62:45919, 4b035f45-7941-40c3-ba2d-1cbecd2d369e:192.168.34.62:45443, 920a4478-64f4-4720-983c-9a2102f3c94b:192.168.34.62:38609], old=null
2019-10-17 07:38:52,255 [grpc-default-executor-6] INFO  impl.RaftServerImpl (RaftServerImpl.java:setRole(184)) - 4b035f45-7941-40c3-ba2d-1cbecd2d369e@group-9DC5606B5DE8: changes role from  FOLLOWER to FOLLOWER at term 242 for recognizeCandidate:05f59524-a4ea-4be4-b99d-fb9eed47142d
2019-10-17 07:38:52,255 [grpc-default-executor-6] INFO  impl.RoleInfo (RoleInfo.java:shutdownFollowerState(121)) - 4b035f45-7941-40c3-ba2d-1cbecd2d369e: shutdown FollowerState
2019-10-17 07:38:52,255 [grpc-default-executor-5] INFO  impl.RaftServerImpl (RaftServerImpl.java:setRole(184)) - 920a4478-64f4-4720-983c-9a2102f3c94b@group-9DC5606B5DE8: changes role from  FOLLOWER to FOLLOWER at term 242 for recognizeCandidate:05f59524-a4ea-4be4-b99d-fb9eed47142d
2019-10-17 07:38:52,255 [Thread-1806] INFO  impl.FollowerState (FollowerState.java:run(117)) - 4b035f45-7941-40c3-ba2d-1cbecd2d369e@group-9DC5606B5DE8-FollowerState was interrupted: java.lang.InterruptedException: sleep interrupted
2019-10-17 07:38:52,255 [grpc-default-executor-6] INFO  impl.RoleInfo (RoleInfo.java:updateAndGet(143)) - 4b035f45-7941-40c3-ba2d-1cbecd2d369e: start FollowerState
2019-10-17 07:38:52,255 [grpc-default-executor-5] INFO  impl.RoleInfo (RoleInfo.java:shutdownFollowerState(121)) - 920a4478-64f4-4720-983c-9a2102f3c94b: shutdown FollowerState
2019-10-17 07:38:52,256 [grpc-default-executor-5] INFO  impl.RoleInfo (RoleInfo.java:updateAndGet(143)) - 920a4478-64f4-4720-983c-9a2102f3c94b: start FollowerState
2019-10-17 07:38:52,256 [Thread-1807] INFO  impl.FollowerState (FollowerState.java:run(117)) - 920a4478-64f4-4720-983c-9a2102f3c94b@group-9DC5606B5DE8-FollowerState was interrupted: java.lang.InterruptedException: sleep interrupted
2019-10-17 07:38:52,280 [05f59524-a4ea-4be4-b99d-fb9eed47142d@group-9DC5606B5DE8-LeaderElection208] INFO  impl.LeaderElection (LeaderElection.java:logAndReturn(56)) - 05f59524-a4ea-4be4-b99d-fb9eed47142d@group-9DC5606B5DE8-LeaderElection208: Election REJECTED; received 2 response(s) [05f59524-a4ea-4be4-b99d-fb9eed47142d<-4b035f45-7941-40c3-ba2d-1cbecd2d369e#0:FAIL-t242, 05f59524-a4ea-4be4-b99d-fb9eed47142d<-920a4478-64f4-4720-983c-9a2102f3c94b#0:FAIL-t242] and 0 exception(s); 05f59524-a4ea-4be4-b99d-fb9eed47142d@group-9DC5606B5DE8:t242, leader=null, voted=05f59524-a4ea-4be4-b99d-fb9eed47142d, raftlog=05f59524-a4ea-4be4-b99d-fb9eed47142d@group-9DC5606B5DE8-SegmentedRaftLog:OPENED:c-1,f-1,i0, conf=-1: [05f59524-a4ea-4be4-b99d-fb9eed47142d:192.168.34.62:45919, 4b035f45-7941-40c3-ba2d-1cbecd2d369e:192.168.34.62:45443, 920a4478-64f4-4720-983c-9a2102f3c94b:192.168.34.62:38609], old=null
2019-10-17 07:38:52,280 [05f59524-a4ea-4be4-b99d-fb9eed47142d@group-9DC5606B5DE8-LeaderElection208] INFO  impl.RaftServerImpl (RaftServerImpl.java:setRole(184)) - 05f59524-a4ea-4be4-b99d-fb9eed47142d@group-9DC5606B5DE8: changes role from CANDIDATE to FOLLOWER at term 242 for DISCOVERED_A_NEW_TERM
2019-10-17 07:38:52,280 [05f59524-a4ea-4be4-b99d-fb9eed47142d@group-9DC5606B5DE8-LeaderElection208] INFO  impl.RoleInfo (RoleInfo.java:shutdownLeaderElection(134)) - 05f59524-a4ea-4be4-b99d-fb9eed47142d: shutdown LeaderElection
2019-10-17 07:38:52,280 [05f59524-a4ea-4be4-b99d-fb9eed47142d@group-9DC5606B5DE8-LeaderElection208] INFO  impl.RoleInfo (RoleInfo.java:updateAndGet(143)) - 05f59524-a4ea-4be4-b99d-fb9eed47142d: start FollowerState
2019-10-17 07:38:52,328 [Thread-1814] INFO  impl.FollowerState (FollowerState.java:run(108)) - 05f59524-a4ea-4be4-b99d-fb9eed47142d@group-9DC5606B5DE8-FollowerState: change to CANDIDATE, lastRpcTime:47ms, electionTimeout:47ms
2019-10-17 07:38:52,328 [Thread-1814] INFO  impl.RoleInfo (RoleInfo.java:shutdownFollowerState(121)) - 05f59524-a4ea-4be4-b99d-fb9eed47142d: shutdown FollowerState
2019-10-17 07:38:52,328 [Thread-1814] INFO  impl.RaftServerImpl (RaftServerImpl.java:setRole(184)) - 05f59524-a4ea-4be4-b99d-fb9eed47142d@group-9DC5606B5DE8: changes role from  FOLLOWER to CANDIDATE at term 242 for changeToCandidate
2019-10-17 07:38:52,328 [Thread-1814] INFO  impl.RoleInfo (RoleInfo.java:updateAndGet(143)) - 05f59524-a4ea-4be4-b99d-fb9eed47142d: start LeaderElection
2019-10-17 07:38:52,350 [05f59524-a4ea-4be4-b99d-fb9eed47142d@group-9DC5606B5DE8-LeaderElection209] INFO  impl.LeaderElection (LeaderElection.java:askForVotes(178)) - 05f59524-a4ea-4be4-b99d-fb9eed47142d@group-9DC5606B5DE8-LeaderElection209: begin an election at term 243 for -1: [05f59524-a4ea-4be4-b99d-fb9eed47142d:192.168.34.62:45919, 4b035f45-7941-40c3-ba2d-1cbecd2d369e:192.168.34.62:45443, 920a4478-64f4-4720-983c-9a2102f3c94b:192.168.34.62:38609], old=null
2019-10-17 07:38:52,351 [grpc-default-executor-6] INFO  impl.RaftServerImpl (RaftServerImpl.java:setRole(184)) - 4b035f45-7941-40c3-ba2d-1cbecd2d369e@group-9DC5606B5DE8: changes role from  FOLLOWER to FOLLOWER at term 243 for recognizeCandidate:05f59524-a4ea-4be4-b99d-fb9eed47142d
2019-10-17 07:38:52,352 [grpc-default-executor-6] INFO  impl.RoleInfo (RoleInfo.java:shutdownFollowerState(121)) - 4b035f45-7941-40c3-ba2d-1cbecd2d369e: shutdown FollowerState
2019-10-17 07:38:52,352 [grpc-default-executor-5] INFO  impl.RaftServerImpl (RaftServerImpl.java:setRole(184)) - 920a4478-64f4-4720-983c-9a2102f3c94b@group-9DC5606B5DE8: changes role from  FOLLOWER to FOLLOWER at term 243 for recognizeCandidate:05f59524-a4ea-4be4-b99d-fb9eed47142d
2019-10-17 07:38:52,352 [grpc-default-executor-5] INFO  impl.RoleInfo (RoleInfo.java:shutdownFollowerState(121)) - 920a4478-64f4-4720-983c-9a2102f3c94b: shutdown FollowerState
2019-10-17 07:38:52,352 [Thread-1810] INFO  impl.FollowerState (FollowerState.java:run(117)) - 4b035f45-7941-40c3-ba2d-1cbecd2d369e@group-9DC5606B5DE8-FollowerState was interrupted: java.lang.InterruptedException: sleep interrupted
2019-10-17 07:38:52,352 [grpc-default-executor-6] INFO  impl.RoleInfo (RoleInfo.java:updateAndGet(143)) - 4b035f45-7941-40c3-ba2d-1cbecd2d369e: start FollowerState
2019-10-17 07:38:52,352 [Thread-1811] INFO  impl.FollowerState (FollowerState.java:run(117)) - 920a4478-64f4-4720-983c-9a2102f3c94b@group-9DC5606B5DE8-FollowerState was interrupted: java.lang.InterruptedException: sleep interrupted
2019-10-17 07:38:52,352 [grpc-default-executor-5] INFO  impl.RoleInfo (RoleInfo.java:updateAndGet(143)) - 920a4478-64f4-4720-983c-9a2102f3c94b: start FollowerState
2019-10-17 07:38:52,369 [05f59524-a4ea-4be4-b99d-fb9eed47142d@group-9DC5606B5DE8-LeaderElection209] INFO  impl.LeaderElection (LeaderElection.java:logAndReturn(56)) - 05f59524-a4ea-4be4-b99d-fb9eed47142d@group-9DC5606B5DE8-LeaderElection209: Election REJECTED; received 2 response(s) [05f59524-a4ea-4be4-b99d-fb9eed47142d<-4b035f45-7941-40c3-ba2d-1cbecd2d369e#0:FAIL-t243, 05f59524-a4ea-4be4-b99d-fb9eed47142d<-920a4478-64f4-4720-983c-9a2102f3c94b#0:FAIL-t243] and 0 exception(s); 05f59524-a4ea-4be4-b99d-fb9eed47142d@group-9DC5606B5DE8:t243, leader=null, voted=05f59524-a4ea-4be4-b99d-fb9eed47142d, raftlog=05f59524-a4ea-4be4-b99d-fb9eed47142d@group-9DC5606B5DE8-SegmentedRaftLog:OPENED:c-1,f-1,i0, conf=-1: [05f59524-a4ea-4be4-b99d-fb9eed47142d:192.168.34.62:45919, 4b035f45-7941-40c3-ba2d-1cbecd2d369e:192.168.34.62:45443, 920a4478-64f4-4720-983c-9a2102f3c94b:192.168.34.62:38609], old=null
2019-10-17 07:38:52,369 [05f59524-a4ea-4be4-b99d-fb9eed47142d@group-9DC5606B5DE8-LeaderElection209] INFO  impl.RaftServerImpl (RaftServerImpl.java:setRole(184)) - 05f59524-a4ea-4be4-b99d-fb9eed47142d@group-9DC5606B5DE8: changes role from CANDIDATE to FOLLOWER at term 243 for DISCOVERED_A_NEW_TERM
2019-10-17 07:38:52,370 [05f59524-a4ea-4be4-b99d-fb9eed47142d@group-9DC5606B5DE8-LeaderElection209] INFO  impl.RoleInfo (RoleInfo.java:shutdownLeaderElection(134)) - 05f59524-a4ea-4be4-b99d-fb9eed47142d: shutdown LeaderElection
2019-10-17 07:38:52,370 [05f59524-a4ea-4be4-b99d-fb9eed47142d@group-9DC5606B5DE8-LeaderElection209] INFO  impl.RoleInfo (RoleInfo.java:updateAndGet(143)) - 05f59524-a4ea-4be4-b99d-fb9eed47142d: start FollowerState
2019-10-17 07:38:52,407 [Thread-1820] INFO  impl.FollowerState (FollowerState.java:run(108)) - 05f59524-a4ea-4be4-b99d-fb9eed47142d@group-9DC5606B5DE8-FollowerState: change to CANDIDATE, lastRpcTime:37ms, electionTimeout:37ms
2019-10-17 07:38:52,407 [Thread-1820] INFO  impl.RoleInfo (RoleInfo.java:shutdownFollowerState(121)) - 05f59524-a4ea-4be4-b99d-fb9eed47142d: shutdown FollowerState
2019-10-17 07:38:52,407 [Thread-1820] INFO  impl.RaftServerImpl (RaftServerImpl.java:setRole(184)) - 05f59524-a4ea-4be4-b99d-fb9eed47142d@group-9DC5606B5DE8: changes role from  FOLLOWER to CANDIDATE at term 243 for changeToCandidate
2019-10-17 07:38:52,408 [Thread-1820] INFO  impl.RoleInfo (RoleInfo.java:updateAndGet(143)) - 05f59524-a4ea-4be4-b99d-fb9eed47142d: start LeaderElection
2019-10-17 07:38:52,422 [05f59524-a4ea-4be4-b99d-fb9eed47142d@group-9DC5606B5DE8-LeaderElection210] INFO  impl.LeaderElection (LeaderElection.java:askForVotes(178)) - 05f59524-a4ea-4be4-b99d-fb9eed47142d@group-9DC5606B5DE8-LeaderElection210: begin an election at term 244 for -1: [05f59524-a4ea-4be4-b99d-fb9eed47142d:192.168.34.62:45919, 4b035f45-7941-40c3-ba2d-1cbecd2d369e:192.168.34.62:45443, 920a4478-64f4-4720-983c-9a2102f3c94b:192.168.34.62:38609], old=null
2019-10-17 07:38:52,424 [grpc-default-executor-6] INFO  impl.RaftServerImpl (RaftServerImpl.java:setRole(184)) - 4b035f45-7941-40c3-ba2d-1cbecd2d369e@group-9DC5606B5DE8: changes role from  FOLLOWER to FOLLOWER at term 244 for recognizeCandidate:05f59524-a4ea-4be4-b99d-fb9eed47142d
2019-10-17 07:38:52,424 [grpc-default-executor-6] INFO  impl.RoleInfo (RoleInfo.java:shutdownFollowerState(121)) - 4b035f45-7941-40c3-ba2d-1cbecd2d369e: shutdown FollowerState
2019-10-17 07:38:52,424 [grpc-default-executor-6] INFO  impl.RoleInfo (RoleInfo.java:updateAndGet(143)) - 4b035f45-7941-40c3-ba2d-1cbecd2d369e: start FollowerState
2019-10-17 07:38:52,424 [Thread-1818] INFO  impl.FollowerState (FollowerState.java:run(117)) - 4b035f45-7941-40c3-ba2d-1cbecd2d369e@group-9DC5606B5DE8-FollowerState was interrupted: java.lang.InterruptedException: sleep interrupted
2019-10-17 07:38:52,424 [grpc-default-executor-5] INFO  impl.RaftServerImpl (RaftServerImpl.java:setRole(184)) - 920a4478-64f4-4720-983c-9a2102f3c94b@group-9DC5606B5DE8: changes role from  FOLLOWER to FOLLOWER at term 244 for recognizeCandidate:05f59524-a4ea-4be4-b99d-fb9eed47142d
2019-10-17 07:38:52,425 [grpc-default-executor-5] INFO  impl.RoleInfo (RoleInfo.java:shutdownFollowerState(121)) - 920a4478-64f4-4720-983c-9a2102f3c94b: shutdown FollowerState
2019-10-17 07:38:52,425 [grpc-default-executor-5] INFO  impl.RoleInfo (RoleInfo.java:updateAndGet(143)) - 920a4478-64f4-4720-983c-9a2102f3c94b: start FollowerState
2019-10-17 07:38:52,425 [Thread-1819] INFO  impl.FollowerState (FollowerState.java:run(117)) - 920a4478-64f4-4720-983c-9a2102f3c94b@group-9DC5606B5DE8-FollowerState was interrupted: java.lang.InterruptedException: sleep interrupted
2019-10-17 07:38:52,441 [05f59524-a4ea-4be4-b99d-fb9eed47142d@group-9DC5606B5DE8-LeaderElection210] INFO  impl.LeaderElection (LeaderElection.java:logAndReturn(56)) - 05f59524-a4ea-4be4-b99d-fb9eed47142d@group-9DC5606B5DE8-LeaderElection210: Election REJECTED; received 2 response(s) [05f59524-a4ea-4be4-b99d-fb9eed47142d<-4b035f45-7941-40c3-ba2d-1cbecd2d369e#0:FAIL-t244, 05f59524-a4ea-4be4-b99d-fb9eed47142d<-920a4478-64f4-4720-983c-9a2102f3c94b#0:FAIL-t244] and 0 exception(s); 05f59524-a4ea-4be4-b99d-fb9eed47142d@group-9DC5606B5DE8:t244, leader=null, voted=05f59524-a4ea-4be4-b99d-fb9eed47142d, raftlog=05f59524-a4ea-4be4-b99d-fb9eed47142d@group-9DC5606B5DE8-SegmentedRaftLog:OPENED:c-1,f-1,i0, conf=-1: [05f59524-a4ea-4be4-b99d-fb9eed47142d:192.168.34.62:45919, 4b035f45-7941-40c3-ba2d-1cbecd2d369e:192.168.34.62:45443, 920a4478-64f4-4720-983c-9a2102f3c94b:192.168.34.62:38609], old=null
2019-10-17 07:38:52,441 [05f59524-a4ea-4be4-b99d-fb9eed47142d@group-9DC5606B5DE8-LeaderElection210] INFO  impl.RaftServerImpl (RaftServerImpl.java:setRole(184)) - 05f59524-a4ea-4be4-b99d-fb9eed47142d@group-9DC5606B5DE8: changes role from CANDIDATE to FOLLOWER at term 244 for DISCOVERED_A_NEW_TERM
2019-10-17 07:38:52,441 [05f59524-a4ea-4be4-b99d-fb9eed47142d@group-9DC5606B5DE8-LeaderElection210] INFO  impl.RoleInfo (RoleInfo.java:shutdownLeaderElection(134)) - 05f59524-a4ea-4be4-b99d-fb9eed47142d: shutdown LeaderElection
2019-10-17 07:38:52,441 [05f59524-a4ea-4be4-b99d-fb9eed47142d@group-9DC5606B5DE8-LeaderElection210] INFO  impl.RoleInfo (RoleInfo.java:updateAndGet(143)) - 05f59524-a4ea-4be4-b99d-fb9eed47142d: start FollowerState
2019-10-17 07:38:52,498 [Datanode State Machine Thread - 0] INFO  statemachine.DatanodeStateMachine (DatanodeStateMachine.java:lambda$startDaemon$0(350)) - Ozone container server started.
2019-10-17 07:38:52,549 [Thread-1826] INFO  impl.FollowerState (FollowerState.java:run(108)) - 05f59524-a4ea-4be4-b99d-fb9eed47142d@group-9DC5606B5DE8-FollowerState: change to CANDIDATE, lastRpcTime:107ms, electionTimeout:107ms
2019-10-17 07:38:52,549 [Thread-1826] INFO  impl.RoleInfo (RoleInfo.java:shutdownFollowerState(121)) - 05f59524-a4ea-4be4-b99d-fb9eed47142d: shutdown FollowerState
2019-10-17 07:38:52,549 [Thread-1826] INFO  impl.RaftServerImpl (RaftServerImpl.java:setRole(184)) - 05f59524-a4ea-4be4-b99d-fb9eed47142d@group-9DC5606B5DE8: changes role from  FOLLOWER to CANDIDATE at term 244 for changeToCandidate
2019-10-17 07:38:52,549 [Thread-1826] INFO  impl.RoleInfo (RoleInfo.java:updateAndGet(143)) - 05f59524-a4ea-4be4-b99d-fb9eed47142d: start LeaderElection
2019-10-17 07:38:52,562 [05f59524-a4ea-4be4-b99d-fb9eed47142d@group-9DC5606B5DE8-LeaderElection211] INFO  impl.LeaderElection (LeaderElection.java:askForVotes(178)) - 05f59524-a4ea-4be4-b99d-fb9eed47142d@group-9DC5606B5DE8-LeaderElection211: begin an election at term 245 for -1: [05f59524-a4ea-4be4-b99d-fb9eed47142d:192.168.34.62:45919, 4b035f45-7941-40c3-ba2d-1cbecd2d369e:192.168.34.62:45443, 920a4478-64f4-4720-983c-9a2102f3c94b:192.168.34.62:38609], old=null
2019-10-17 07:38:52,564 [grpc-default-executor-5] INFO  impl.RaftServerImpl (RaftServerImpl.java:setRole(184)) - 4b035f45-7941-40c3-ba2d-1cbecd2d369e@group-9DC5606B5DE8: changes role from  FOLLOWER to FOLLOWER at term 245 for recognizeCandidate:05f59524-a4ea-4be4-b99d-fb9eed47142d
2019-10-17 07:38:52,565 [grpc-default-executor-5] INFO  impl.RoleInfo (RoleInfo.java:shutdownFollowerState(121)) - 4b035f45-7941-40c3-ba2d-1cbecd2d369e: shutdown FollowerState
2019-10-17 07:38:52,565 [grpc-default-executor-6] INFO  impl.RaftServerImpl (RaftServerImpl.java:setRole(184)) - 920a4478-64f4-4720-983c-9a2102f3c94b@group-9DC5606B5DE8: changes role from  FOLLOWER to FOLLOWER at term 245 for recognizeCandidate:05f59524-a4ea-4be4-b99d-fb9eed47142d
2019-10-17 07:38:52,565 [grpc-default-executor-6] INFO  impl.RoleInfo (RoleInfo.java:shutdownFollowerState(121)) - 920a4478-64f4-4720-983c-9a2102f3c94b: shutdown FollowerState
2019-10-17 07:38:52,565 [Thread-1824] INFO  impl.FollowerState (FollowerState.java:run(117)) - 4b035f45-7941-40c3-ba2d-1cbecd2d369e@group-9DC5606B5DE8-FollowerState was interrupted: java.lang.InterruptedException: sleep interrupted
2019-10-17 07:38:52,565 [grpc-default-executor-5] INFO  impl.RoleInfo (RoleInfo.java:updateAndGet(143)) - 4b035f45-7941-40c3-ba2d-1cbecd2d369e: start FollowerState
2019-10-17 07:38:52,565 [Thread-1825] INFO  impl.FollowerState (FollowerState.java:run(117)) - 920a4478-64f4-4720-983c-9a2102f3c94b@group-9DC5606B5DE8-FollowerState was interrupted: java.lang.InterruptedException: sleep interrupted
2019-10-17 07:38:52,565 [grpc-default-executor-6] INFO  impl.RoleInfo (RoleInfo.java:updateAndGet(143)) - 920a4478-64f4-4720-983c-9a2102f3c94b: start FollowerState
2019-10-17 07:38:52,581 [05f59524-a4ea-4be4-b99d-fb9eed47142d@group-9DC5606B5DE8-LeaderElection211] INFO  impl.LeaderElection (LeaderElection.java:logAndReturn(56)) - 05f59524-a4ea-4be4-b99d-fb9eed47142d@group-9DC5606B5DE8-LeaderElection211: Election REJECTED; received 2 response(s) [05f59524-a4ea-4be4-b99d-fb9eed47142d<-4b035f45-7941-40c3-ba2d-1cbecd2d369e#0:FAIL-t245, 05f59524-a4ea-4be4-b99d-fb9eed47142d<-920a4478-64f4-4720-983c-9a2102f3c94b#0:FAIL-t245] and 0 exception(s); 05f59524-a4ea-4be4-b99d-fb9eed47142d@group-9DC5606B5DE8:t245, leader=null, voted=05f59524-a4ea-4be4-b99d-fb9eed47142d, raftlog=05f59524-a4ea-4be4-b99d-fb9eed47142d@group-9DC5606B5DE8-SegmentedRaftLog:OPENED:c-1,f-1,i0, conf=-1: [05f59524-a4ea-4be4-b99d-fb9eed47142d:192.168.34.62:45919, 4b035f45-7941-40c3-ba2d-1cbecd2d369e:192.168.34.62:45443, 920a4478-64f4-4720-983c-9a2102f3c94b:192.168.34.62:38609], old=null
2019-10-17 07:38:52,581 [05f59524-a4ea-4be4-b99d-fb9eed47142d@group-9DC5606B5DE8-LeaderElection211] INFO  impl.RaftServerImpl (RaftServerImpl.java:setRole(184)) - 05f59524-a4ea-4be4-b99d-fb9eed47142d@group-9DC5606B5DE8: changes role from CANDIDATE to FOLLOWER at term 245 for DISCOVERED_A_NEW_TERM
2019-10-17 07:38:52,581 [05f59524-a4ea-4be4-b99d-fb9eed47142d@group-9DC5606B5DE8-LeaderElection211] INFO  impl.RoleInfo (RoleInfo.java:shutdownLeaderElection(134)) - 05f59524-a4ea-4be4-b99d-fb9eed47142d: shutdown LeaderElection
2019-10-17 07:38:52,581 [05f59524-a4ea-4be4-b99d-fb9eed47142d@group-9DC5606B5DE8-LeaderElection211] INFO  impl.RoleInfo (RoleInfo.java:updateAndGet(143)) - 05f59524-a4ea-4be4-b99d-fb9eed47142d: start FollowerState
2019-10-17 07:38:52,686 [Thread-1832] INFO  impl.FollowerState (FollowerState.java:run(108)) - 05f59524-a4ea-4be4-b99d-fb9eed47142d@group-9DC5606B5DE8-FollowerState: change to CANDIDATE, lastRpcTime:104ms, electionTimeout:104ms
2019-10-17 07:38:52,686 [Thread-1832] INFO  impl.RoleInfo (RoleInfo.java:shutdownFollowerState(121)) - 05f59524-a4ea-4be4-b99d-fb9eed47142d: shutdown FollowerState
2019-10-17 07:38:52,686 [Thread-1832] INFO  impl.RaftServerImpl (RaftServerImpl.java:setRole(184)) - 05f59524-a4ea-4be4-b99d-fb9eed47142d@group-9DC5606B5DE8: changes role from  FOLLOWER to CANDIDATE at term 245 for changeToCandidate
2019-10-17 07:38:52,686 [Thread-1832] INFO  impl.RoleInfo (RoleInfo.java:updateAndGet(143)) - 05f59524-a4ea-4be4-b99d-fb9eed47142d: start LeaderElection
2019-10-17 07:38:52,700 [05f59524-a4ea-4be4-b99d-fb9eed47142d@group-9DC5606B5DE8-LeaderElection212] INFO  impl.LeaderElection (LeaderElection.java:askForVotes(178)) - 05f59524-a4ea-4be4-b99d-fb9eed47142d@group-9DC5606B5DE8-LeaderElection212: begin an election at term 246 for -1: [05f59524-a4ea-4be4-b99d-fb9eed47142d:192.168.34.62:45919, 4b035f45-7941-40c3-ba2d-1cbecd2d369e:192.168.34.62:45443, 920a4478-64f4-4720-983c-9a2102f3c94b:192.168.34.62:38609], old=null
2019-10-17 07:38:52,702 [grpc-default-executor-5] INFO  impl.RaftServerImpl (RaftServerImpl.java:setRole(184)) - 4b035f45-7941-40c3-ba2d-1cbecd2d369e@group-9DC5606B5DE8: changes role from  FOLLOWER to FOLLOWER at term 246 for recognizeCandidate:05f59524-a4ea-4be4-b99d-fb9eed47142d
2019-10-17 07:38:52,702 [grpc-default-executor-5] INFO  impl.RoleInfo (RoleInfo.java:shutdownFollowerState(121)) - 4b035f45-7941-40c3-ba2d-1cbecd2d369e: shutdown FollowerState
2019-10-17 07:38:52,702 [grpc-default-executor-6] INFO  impl.RaftServerImpl (RaftServerImpl.java:setRole(184)) - 920a4478-64f4-4720-983c-9a2102f3c94b@group-9DC5606B5DE8: changes role from  FOLLOWER to FOLLOWER at term 246 for recognizeCandidate:05f59524-a4ea-4be4-b99d-fb9eed47142d
2019-10-17 07:38:52,702 [Thread-1830] INFO  impl.FollowerState (FollowerState.java:run(117)) - 4b035f45-7941-40c3-ba2d-1cbecd2d369e@group-9DC5606B5DE8-FollowerState was interrupted: java.lang.InterruptedException: sleep interrupted
2019-10-17 07:38:52,702 [grpc-default-executor-5] INFO  impl.RoleInfo (RoleInfo.java:updateAndGet(143)) - 4b035f45-7941-40c3-ba2d-1cbecd2d369e: start FollowerState
2019-10-17 07:38:52,702 [grpc-default-executor-6] INFO  impl.RoleInfo (RoleInfo.java:shutdownFollowerState(121)) - 920a4478-64f4-4720-983c-9a2102f3c94b: shutdown FollowerState
2019-10-17 07:38:52,703 [grpc-default-executor-6] INFO  impl.RoleInfo (RoleInfo.java:updateAndGet(143)) - 920a4478-64f4-4720-983c-9a2102f3c94b: start FollowerState
2019-10-17 07:38:52,703 [Thread-1831] INFO  impl.FollowerState (FollowerState.java:run(117)) - 920a4478-64f4-4720-983c-9a2102f3c94b@group-9DC5606B5DE8-FollowerState was interrupted: java.lang.InterruptedException: sleep interrupted
2019-10-17 07:38:52,719 [05f59524-a4ea-4be4-b99d-fb9eed47142d@group-9DC5606B5DE8-LeaderElection212] INFO  impl.LeaderElection (LeaderElection.java:logAndReturn(56)) - 05f59524-a4ea-4be4-b99d-fb9eed47142d@group-9DC5606B5DE8-LeaderElection212: Election TIMEOUT; received 0 response(s) [] and 0 exception(s); 05f59524-a4ea-4be4-b99d-fb9eed47142d@group-9DC5606B5DE8:t246, leader=null, voted=05f59524-a4ea-4be4-b99d-fb9eed47142d, raftlog=05f59524-a4ea-4be4-b99d-fb9eed47142d@group-9DC5606B5DE8-SegmentedRaftLog:OPENED:c-1,f-1,i0, conf=-1: [05f59524-a4ea-4be4-b99d-fb9eed47142d:192.168.34.62:45919, 4b035f45-7941-40c3-ba2d-1cbecd2d369e:192.168.34.62:45443, 920a4478-64f4-4720-983c-9a2102f3c94b:192.168.34.62:38609], old=null
2019-10-17 07:38:52,749 [05f59524-a4ea-4be4-b99d-fb9eed47142d@group-9DC5606B5DE8-LeaderElection212] INFO  impl.LeaderElection (LeaderElection.java:askForVotes(178)) - 05f59524-a4ea-4be4-b99d-fb9eed47142d@group-9DC5606B5DE8-LeaderElection212: begin an election at term 247 for -1: [05f59524-a4ea-4be4-b99d-fb9eed47142d:192.168.34.62:45919, 4b035f45-7941-40c3-ba2d-1cbecd2d369e:192.168.34.62:45443, 920a4478-64f4-4720-983c-9a2102f3c94b:192.168.34.62:38609], old=null
2019-10-17 07:38:52,751 [grpc-default-executor-6] INFO  impl.RaftServerImpl (RaftServerImpl.java:setRole(184)) - 920a4478-64f4-4720-983c-9a2102f3c94b@group-9DC5606B5DE8: changes role from  FOLLOWER to FOLLOWER at term 247 for recognizeCandidate:05f59524-a4ea-4be4-b99d-fb9eed47142d
2019-10-17 07:38:52,751 [grpc-default-executor-6] INFO  impl.RoleInfo (RoleInfo.java:shutdownFollowerState(121)) - 920a4478-64f4-4720-983c-9a2102f3c94b: shutdown FollowerState
2019-10-17 07:38:52,751 [grpc-default-executor-5] INFO  impl.RaftServerImpl (RaftServerImpl.java:setRole(184)) - 4b035f45-7941-40c3-ba2d-1cbecd2d369e@group-9DC5606B5DE8: changes role from  FOLLOWER to FOLLOWER at term 247 for recognizeCandidate:05f59524-a4ea-4be4-b99d-fb9eed47142d
2019-10-17 07:38:52,752 [grpc-default-executor-5] INFO  impl.RoleInfo (RoleInfo.java:shutdownFollowerState(121)) - 4b035f45-7941-40c3-ba2d-1cbecd2d369e: shutdown FollowerState
2019-10-17 07:38:52,751 [Thread-1837] INFO  impl.FollowerState (FollowerState.java:run(117)) - 920a4478-64f4-4720-983c-9a2102f3c94b@group-9DC5606B5DE8-FollowerState was interrupted: java.lang.InterruptedException: sleep interrupted
2019-10-17 07:38:52,751 [grpc-default-executor-6] INFO  impl.RoleInfo (RoleInfo.java:updateAndGet(143)) - 920a4478-64f4-4720-983c-9a2102f3c94b: start FollowerState
2019-10-17 07:38:52,752 [Thread-1836] INFO  impl.FollowerState (FollowerState.java:run(117)) - 4b035f45-7941-40c3-ba2d-1cbecd2d369e@group-9DC5606B5DE8-FollowerState was interrupted: java.lang.InterruptedException: sleep interrupted
2019-10-17 07:38:52,752 [grpc-default-executor-5] INFO  impl.RoleInfo (RoleInfo.java:updateAndGet(143)) - 4b035f45-7941-40c3-ba2d-1cbecd2d369e: start FollowerState
2019-10-17 07:38:52,776 [05f59524-a4ea-4be4-b99d-fb9eed47142d@group-9DC5606B5DE8-LeaderElection212] INFO  impl.LeaderElection (LeaderElection.java:logAndReturn(56)) - 05f59524-a4ea-4be4-b99d-fb9eed47142d@group-9DC5606B5DE8-LeaderElection212: Election REJECTED; received 2 response(s) [05f59524-a4ea-4be4-b99d-fb9eed47142d<-4b035f45-7941-40c3-ba2d-1cbecd2d369e#0:FAIL-t247, 05f59524-a4ea-4be4-b99d-fb9eed47142d<-920a4478-64f4-4720-983c-9a2102f3c94b#0:FAIL-t247] and 0 exception(s); 05f59524-a4ea-4be4-b99d-fb9eed47142d@group-9DC5606B5DE8:t247, leader=null, voted=05f59524-a4ea-4be4-b99d-fb9eed47142d, raftlog=05f59524-a4ea-4be4-b99d-fb9eed47142d@group-9DC5606B5DE8-SegmentedRaftLog:OPENED:c-1,f-1,i0, conf=-1: [05f59524-a4ea-4be4-b99d-fb9eed47142d:192.168.34.62:45919, 4b035f45-7941-40c3-ba2d-1cbecd2d369e:192.168.34.62:45443, 920a4478-64f4-4720-983c-9a2102f3c94b:192.168.34.62:38609], old=null
2019-10-17 07:38:52,776 [05f59524-a4ea-4be4-b99d-fb9eed47142d@group-9DC5606B5DE8-LeaderElection212] INFO  impl.RaftServerImpl (RaftServerImpl.java:setRole(184)) - 05f59524-a4ea-4be4-b99d-fb9eed47142d@group-9DC5606B5DE8: changes role from CANDIDATE to FOLLOWER at term 247 for DISCOVERED_A_NEW_TERM
2019-10-17 07:38:52,777 [05f59524-a4ea-4be4-b99d-fb9eed47142d@group-9DC5606B5DE8-LeaderElection212] INFO  impl.RoleInfo (RoleInfo.java:shutdownLeaderElection(134)) - 05f59524-a4ea-4be4-b99d-fb9eed47142d: shutdown LeaderElection
2019-10-17 07:38:52,777 [05f59524-a4ea-4be4-b99d-fb9eed47142d@group-9DC5606B5DE8-LeaderElection212] INFO  impl.RoleInfo (RoleInfo.java:updateAndGet(143)) - 05f59524-a4ea-4be4-b99d-fb9eed47142d: start FollowerState
2019-10-17 07:38:52,834 [Thread-1842] INFO  impl.FollowerState (FollowerState.java:run(108)) - 05f59524-a4ea-4be4-b99d-fb9eed47142d@group-9DC5606B5DE8-FollowerState: change to CANDIDATE, lastRpcTime:57ms, electionTimeout:57ms
2019-10-17 07:38:52,834 [Thread-1842] INFO  impl.RoleInfo (RoleInfo.java:shutdownFollowerState(121)) - 05f59524-a4ea-4be4-b99d-fb9eed47142d: shutdown FollowerState
2019-10-17 07:38:52,834 [Thread-1842] INFO  impl.RaftServerImpl (RaftServerImpl.java:setRole(184)) - 05f59524-a4ea-4be4-b99d-fb9eed47142d@group-9DC5606B5DE8: changes role from  FOLLOWER to CANDIDATE at term 247 for changeToCandidate
2019-10-17 07:38:52,835 [Thread-1842] INFO  impl.RoleInfo (RoleInfo.java:updateAndGet(143)) - 05f59524-a4ea-4be4-b99d-fb9eed47142d: start LeaderElection
2019-10-17 07:38:52,865 [05f59524-a4ea-4be4-b99d-fb9eed47142d@group-9DC5606B5DE8-LeaderElection213] INFO  impl.LeaderElection (LeaderElection.java:askForVotes(178)) - 05f59524-a4ea-4be4-b99d-fb9eed47142d@group-9DC5606B5DE8-LeaderElection213: begin an election at term 248 for -1: [05f59524-a4ea-4be4-b99d-fb9eed47142d:192.168.34.62:45919, 4b035f45-7941-40c3-ba2d-1cbecd2d369e:192.168.34.62:45443, 920a4478-64f4-4720-983c-9a2102f3c94b:192.168.34.62:38609], old=null
2019-10-17 07:38:52,867 [grpc-default-executor-5] INFO  impl.RaftServerImpl (RaftServerImpl.java:setRole(184)) - 4b035f45-7941-40c3-ba2d-1cbecd2d369e@group-9DC5606B5DE8: changes role from  FOLLOWER to FOLLOWER at term 248 for recognizeCandidate:05f59524-a4ea-4be4-b99d-fb9eed47142d
2019-10-17 07:38:52,867 [grpc-default-executor-6] INFO  impl.RaftServerImpl (RaftServerImpl.java:setRole(184)) - 920a4478-64f4-4720-983c-9a2102f3c94b@group-9DC5606B5DE8: changes role from  FOLLOWER to FOLLOWER at term 248 for recognizeCandidate:05f59524-a4ea-4be4-b99d-fb9eed47142d
2019-10-17 07:38:52,867 [grpc-default-executor-5] INFO  impl.RoleInfo (RoleInfo.java:shutdownFollowerState(121)) - 4b035f45-7941-40c3-ba2d-1cbecd2d369e: shutdown FollowerState
2019-10-17 07:38:52,867 [grpc-default-executor-6] INFO  impl.RoleInfo (RoleInfo.java:shutdownFollowerState(121)) - 920a4478-64f4-4720-983c-9a2102f3c94b: shutdown FollowerState
2019-10-17 07:38:52,868 [Thread-1841] INFO  impl.FollowerState (FollowerState.java:run(117)) - 4b035f45-7941-40c3-ba2d-1cbecd2d369e@group-9DC5606B5DE8-FollowerState was interrupted: java.lang.InterruptedException: sleep interrupted
2019-10-17 07:38:52,868 [Thread-1840] INFO  impl.FollowerState (FollowerState.java:run(117)) - 920a4478-64f4-4720-983c-9a2102f3c94b@group-9DC5606B5DE8-FollowerState was interrupted: java.lang.InterruptedException: sleep interrupted
2019-10-17 07:38:52,868 [grpc-default-executor-5] INFO  impl.RoleInfo (RoleInfo.java:updateAndGet(143)) - 4b035f45-7941-40c3-ba2d-1cbecd2d369e: start FollowerState
2019-10-17 07:38:52,868 [grpc-default-executor-6] INFO  impl.RoleInfo (RoleInfo.java:updateAndGet(143)) - 920a4478-64f4-4720-983c-9a2102f3c94b: start FollowerState
2019-10-17 07:38:52,894 [05f59524-a4ea-4be4-b99d-fb9eed47142d@group-9DC5606B5DE8-LeaderElection213] INFO  impl.LeaderElection (LeaderElection.java:logAndReturn(56)) - 05f59524-a4ea-4be4-b99d-fb9eed47142d@group-9DC5606B5DE8-LeaderElection213: Election REJECTED; received 2 response(s) [05f59524-a4ea-4be4-b99d-fb9eed47142d<-4b035f45-7941-40c3-ba2d-1cbecd2d369e#0:FAIL-t248, 05f59524-a4ea-4be4-b99d-fb9eed47142d<-920a4478-64f4-4720-983c-9a2102f3c94b#0:FAIL-t248] and 0 exception(s); 05f59524-a4ea-4be4-b99d-fb9eed47142d@group-9DC5606B5DE8:t248, leader=null, voted=05f59524-a4ea-4be4-b99d-fb9eed47142d, raftlog=05f59524-a4ea-4be4-b99d-fb9eed47142d@group-9DC5606B5DE8-SegmentedRaftLog:OPENED:c-1,f-1,i0, conf=-1: [05f59524-a4ea-4be4-b99d-fb9eed47142d:192.168.34.62:45919, 4b035f45-7941-40c3-ba2d-1cbecd2d369e:192.168.34.62:45443, 920a4478-64f4-4720-983c-9a2102f3c94b:192.168.34.62:38609], old=null
2019-10-17 07:38:52,894 [05f59524-a4ea-4be4-b99d-fb9eed47142d@group-9DC5606B5DE8-LeaderElection213] INFO  impl.RaftServerImpl (RaftServerImpl.java:setRole(184)) - 05f59524-a4ea-4be4-b99d-fb9eed47142d@group-9DC5606B5DE8: changes role from CANDIDATE to FOLLOWER at term 248 for DISCOVERED_A_NEW_TERM
2019-10-17 07:38:52,894 [05f59524-a4ea-4be4-b99d-fb9eed47142d@group-9DC5606B5DE8-LeaderElection213] INFO  impl.RoleInfo (RoleInfo.java:shutdownLeaderElection(134)) - 05f59524-a4ea-4be4-b99d-fb9eed47142d: shutdown LeaderElection
2019-10-17 07:38:52,894 [05f59524-a4ea-4be4-b99d-fb9eed47142d@group-9DC5606B5DE8-LeaderElection213] INFO  impl.RoleInfo (RoleInfo.java:updateAndGet(143)) - 05f59524-a4ea-4be4-b99d-fb9eed47142d: start FollowerState
2019-10-17 07:38:52,954 [Thread-1848] INFO  impl.FollowerState (FollowerState.java:run(108)) - 05f59524-a4ea-4be4-b99d-fb9eed47142d@group-9DC5606B5DE8-FollowerState: change to CANDIDATE, lastRpcTime:59ms, electionTimeout:59ms
2019-10-17 07:38:52,954 [Thread-1848] INFO  impl.RoleInfo (RoleInfo.java:shutdownFollowerState(121)) - 05f59524-a4ea-4be4-b99d-fb9eed47142d: shutdown FollowerState
2019-10-17 07:38:52,954 [Thread-1848] INFO  impl.RaftServerImpl (RaftServerImpl.java:setRole(184)) - 05f59524-a4ea-4be4-b99d-fb9eed47142d@group-9DC5606B5DE8: changes role from  FOLLOWER to CANDIDATE at term 248 for changeToCandidate
2019-10-17 07:38:52,954 [Thread-1848] INFO  impl.RoleInfo (RoleInfo.java:updateAndGet(143)) - 05f59524-a4ea-4be4-b99d-fb9eed47142d: start LeaderElection
2019-10-17 07:38:52,968 [05f59524-a4ea-4be4-b99d-fb9eed47142d@group-9DC5606B5DE8-LeaderElection214] INFO  impl.LeaderElection (LeaderElection.java:askForVotes(178)) - 05f59524-a4ea-4be4-b99d-fb9eed47142d@group-9DC5606B5DE8-LeaderElection214: begin an election at term 249 for -1: [05f59524-a4ea-4be4-b99d-fb9eed47142d:192.168.34.62:45919, 4b035f45-7941-40c3-ba2d-1cbecd2d369e:192.168.34.62:45443, 920a4478-64f4-4720-983c-9a2102f3c94b:192.168.34.62:38609], old=null
2019-10-17 07:38:52,970 [grpc-default-executor-6] INFO  impl.RaftServerImpl (RaftServerImpl.java:setRole(184)) - 920a4478-64f4-4720-983c-9a2102f3c94b@group-9DC5606B5DE8: changes role from  FOLLOWER to FOLLOWER at term 249 for recognizeCandidate:05f59524-a4ea-4be4-b99d-fb9eed47142d
2019-10-17 07:38:52,970 [grpc-default-executor-5] INFO  impl.RaftServerImpl (RaftServerImpl.java:setRole(184)) - 4b035f45-7941-40c3-ba2d-1cbecd2d369e@group-9DC5606B5DE8: changes role from  FOLLOWER to FOLLOWER at term 249 for recognizeCandidate:05f59524-a4ea-4be4-b99d-fb9eed47142d
2019-10-17 07:38:52,971 [grpc-default-executor-6] INFO  impl.RoleInfo (RoleInfo.java:shutdownFollowerState(121)) - 920a4478-64f4-4720-983c-9a2102f3c94b: shutdown FollowerState
2019-10-17 07:38:52,971 [grpc-default-executor-5] INFO  impl.RoleInfo (RoleInfo.java:shutdownFollowerState(121)) - 4b035f45-7941-40c3-ba2d-1cbecd2d369e: shutdown FollowerState
2019-10-17 07:38:52,971 [Thread-1847] INFO  impl.FollowerState (FollowerState.java:run(117)) - 920a4478-64f4-4720-983c-9a2102f3c94b@group-9DC5606B5DE8-FollowerState was interrupted: java.lang.InterruptedException: sleep interrupted
2019-10-17 07:38:52,971 [grpc-default-executor-6] INFO  impl.RoleInfo (RoleInfo.java:updateAndGet(143)) - 920a4478-64f4-4720-983c-9a2102f3c94b: start FollowerState
2019-10-17 07:38:52,971 [Thread-1846] INFO  impl.FollowerState (FollowerState.java:run(117)) - 4b035f45-7941-40c3-ba2d-1cbecd2d369e@group-9DC5606B5DE8-FollowerState was interrupted: java.lang.InterruptedException: sleep interrupted
2019-10-17 07:38:52,971 [grpc-default-executor-5] INFO  impl.RoleInfo (RoleInfo.java:updateAndGet(143)) - 4b035f45-7941-40c3-ba2d-1cbecd2d369e: start FollowerState
2019-10-17 07:38:52,974 [Datanode State Machine Thread - 0] INFO  statemachine.DatanodeStateMachine (DatanodeStateMachine.java:lambda$startDaemon$0(350)) - Ozone container server started.
2019-10-17 07:38:52,995 [05f59524-a4ea-4be4-b99d-fb9eed47142d@group-9DC5606B5DE8-LeaderElection214] INFO  impl.LeaderElection (LeaderElection.java:logAndReturn(56)) - 05f59524-a4ea-4be4-b99d-fb9eed47142d@group-9DC5606B5DE8-LeaderElection214: Election REJECTED; received 2 response(s) [05f59524-a4ea-4be4-b99d-fb9eed47142d<-4b035f45-7941-40c3-ba2d-1cbecd2d369e#0:FAIL-t249, 05f59524-a4ea-4be4-b99d-fb9eed47142d<-920a4478-64f4-4720-983c-9a2102f3c94b#0:FAIL-t249] and 0 exception(s); 05f59524-a4ea-4be4-b99d-fb9eed47142d@group-9DC5606B5DE8:t249, leader=null, voted=05f59524-a4ea-4be4-b99d-fb9eed47142d, raftlog=05f59524-a4ea-4be4-b99d-fb9eed47142d@group-9DC5606B5DE8-SegmentedRaftLog:OPENED:c-1,f-1,i0, conf=-1: [05f59524-a4ea-4be4-b99d-fb9eed47142d:192.168.34.62:45919, 4b035f45-7941-40c3-ba2d-1cbecd2d369e:192.168.34.62:45443, 920a4478-64f4-4720-983c-9a2102f3c94b:192.168.34.62:38609], old=null
2019-10-17 07:38:52,996 [05f59524-a4ea-4be4-b99d-fb9eed47142d@group-9DC5606B5DE8-LeaderElection214] INFO  impl.RaftServerImpl (RaftServerImpl.java:setRole(184)) - 05f59524-a4ea-4be4-b99d-fb9eed47142d@group-9DC5606B5DE8: changes role from CANDIDATE to FOLLOWER at term 249 for DISCOVERED_A_NEW_TERM
2019-10-17 07:38:52,996 [05f59524-a4ea-4be4-b99d-fb9eed47142d@group-9DC5606B5DE8-LeaderElection214] INFO  impl.RoleInfo (RoleInfo.java:shutdownLeaderElection(134)) - 05f59524-a4ea-4be4-b99d-fb9eed47142d: shutdown LeaderElection
2019-10-17 07:38:52,996 [05f59524-a4ea-4be4-b99d-fb9eed47142d@group-9DC5606B5DE8-LeaderElection214] INFO  impl.RoleInfo (RoleInfo.java:updateAndGet(143)) - 05f59524-a4ea-4be4-b99d-fb9eed47142d: start FollowerState
2019-10-17 07:38:53,030 [Thread-1854] INFO  impl.FollowerState (FollowerState.java:run(108)) - 05f59524-a4ea-4be4-b99d-fb9eed47142d@group-9DC5606B5DE8-FollowerState: change to CANDIDATE, lastRpcTime:34ms, electionTimeout:34ms
2019-10-17 07:38:53,031 [Thread-1854] INFO  impl.RoleInfo (RoleInfo.java:shutdownFollowerState(121)) - 05f59524-a4ea-4be4-b99d-fb9eed47142d: shutdown FollowerState
2019-10-17 07:38:53,031 [Thread-1854] INFO  impl.RaftServerImpl (RaftServerImpl.java:setRole(184)) - 05f59524-a4ea-4be4-b99d-fb9eed47142d@group-9DC5606B5DE8: changes role from  FOLLOWER to CANDIDATE at term 249 for changeToCandidate
2019-10-17 07:38:53,031 [Thread-1854] INFO  impl.RoleInfo (RoleInfo.java:updateAndGet(143)) - 05f59524-a4ea-4be4-b99d-fb9eed47142d: start LeaderElection
2019-10-17 07:38:53,046 [05f59524-a4ea-4be4-b99d-fb9eed47142d@group-9DC5606B5DE8-LeaderElection215] INFO  impl.LeaderElection (LeaderElection.java:askForVotes(178)) - 05f59524-a4ea-4be4-b99d-fb9eed47142d@group-9DC5606B5DE8-LeaderElection215: begin an election at term 250 for -1: [05f59524-a4ea-4be4-b99d-fb9eed47142d:192.168.34.62:45919, 4b035f45-7941-40c3-ba2d-1cbecd2d369e:192.168.34.62:45443, 920a4478-64f4-4720-983c-9a2102f3c94b:192.168.34.62:38609], old=null
2019-10-17 07:38:53,048 [grpc-default-executor-5] INFO  impl.RaftServerImpl (RaftServerImpl.java:setRole(184)) - 4b035f45-7941-40c3-ba2d-1cbecd2d369e@group-9DC5606B5DE8: changes role from  FOLLOWER to FOLLOWER at term 250 for recognizeCandidate:05f59524-a4ea-4be4-b99d-fb9eed47142d
2019-10-17 07:38:53,048 [grpc-default-executor-6] INFO  impl.RaftServerImpl (RaftServerImpl.java:setRole(184)) - 920a4478-64f4-4720-983c-9a2102f3c94b@group-9DC5606B5DE8: changes role from  FOLLOWER to FOLLOWER at term 250 for recognizeCandidate:05f59524-a4ea-4be4-b99d-fb9eed47142d
2019-10-17 07:38:53,048 [grpc-default-executor-5] INFO  impl.RoleInfo (RoleInfo.java:shutdownFollowerState(121)) - 4b035f45-7941-40c3-ba2d-1cbecd2d369e: shutdown FollowerState
2019-10-17 07:38:53,048 [grpc-default-executor-6] INFO  impl.RoleInfo (RoleInfo.java:shutdownFollowerState(121)) - 920a4478-64f4-4720-983c-9a2102f3c94b: shutdown FollowerState
2019-10-17 07:38:53,049 [Thread-1853] INFO  impl.FollowerState (FollowerState.java:run(117)) - 4b035f45-7941-40c3-ba2d-1cbecd2d369e@group-9DC5606B5DE8-FollowerState was interrupted: java.lang.InterruptedException: sleep interrupted
2019-10-17 07:38:53,049 [grpc-default-executor-5] INFO  impl.RoleInfo (RoleInfo.java:updateAndGet(143)) - 4b035f45-7941-40c3-ba2d-1cbecd2d369e: start FollowerState
2019-10-17 07:38:53,049 [Thread-1852] INFO  impl.FollowerState (FollowerState.java:run(117)) - 920a4478-64f4-4720-983c-9a2102f3c94b@group-9DC5606B5DE8-FollowerState was interrupted: java.lang.InterruptedException: sleep interrupted
2019-10-17 07:38:53,049 [grpc-default-executor-6] INFO  impl.RoleInfo (RoleInfo.java:updateAndGet(143)) - 920a4478-64f4-4720-983c-9a2102f3c94b: start FollowerState
2019-10-17 07:38:53,073 [05f59524-a4ea-4be4-b99d-fb9eed47142d@group-9DC5606B5DE8-LeaderElection215] INFO  impl.LeaderElection (LeaderElection.java:logAndReturn(56)) - 05f59524-a4ea-4be4-b99d-fb9eed47142d@group-9DC5606B5DE8-LeaderElection215: Election REJECTED; received 2 response(s) [05f59524-a4ea-4be4-b99d-fb9eed47142d<-4b035f45-7941-40c3-ba2d-1cbecd2d369e#0:FAIL-t250, 05f59524-a4ea-4be4-b99d-fb9eed47142d<-920a4478-64f4-4720-983c-9a2102f3c94b#0:FAIL-t250] and 0 exception(s); 05f59524-a4ea-4be4-b99d-fb9eed47142d@group-9DC5606B5DE8:t250, leader=null, voted=05f59524-a4ea-4be4-b99d-fb9eed47142d, raftlog=05f59524-a4ea-4be4-b99d-fb9eed47142d@group-9DC5606B5DE8-SegmentedRaftLog:OPENED:c-1,f-1,i0, conf=-1: [05f59524-a4ea-4be4-b99d-fb9eed47142d:192.168.34.62:45919, 4b035f45-7941-40c3-ba2d-1cbecd2d369e:192.168.34.62:45443, 920a4478-64f4-4720-983c-9a2102f3c94b:192.168.34.62:38609], old=null
2019-10-17 07:38:53,073 [05f59524-a4ea-4be4-b99d-fb9eed47142d@group-9DC5606B5DE8-LeaderElection215] INFO  impl.RaftServerImpl (RaftServerImpl.java:setRole(184)) - 05f59524-a4ea-4be4-b99d-fb9eed47142d@group-9DC5606B5DE8: changes role from CANDIDATE to FOLLOWER at term 250 for DISCOVERED_A_NEW_TERM
2019-10-17 07:38:53,074 [05f59524-a4ea-4be4-b99d-fb9eed47142d@group-9DC5606B5DE8-LeaderElection215] INFO  impl.RoleInfo (RoleInfo.java:shutdownLeaderElection(134)) - 05f59524-a4ea-4be4-b99d-fb9eed47142d: shutdown LeaderElection
2019-10-17 07:38:53,074 [05f59524-a4ea-4be4-b99d-fb9eed47142d@group-9DC5606B5DE8-LeaderElection215] INFO  impl.RoleInfo (RoleInfo.java:updateAndGet(143)) - 05f59524-a4ea-4be4-b99d-fb9eed47142d: start FollowerState
2019-10-17 07:38:53,223 [Thread-1860] INFO  impl.FollowerState (FollowerState.java:run(108)) - 05f59524-a4ea-4be4-b99d-fb9eed47142d@group-9DC5606B5DE8-FollowerState: change to CANDIDATE, lastRpcTime:149ms, electionTimeout:149ms
2019-10-17 07:38:53,223 [Thread-1860] INFO  impl.RoleInfo (RoleInfo.java:shutdownFollowerState(121)) - 05f59524-a4ea-4be4-b99d-fb9eed47142d: shutdown FollowerState
2019-10-17 07:38:53,224 [Thread-1860] INFO  impl.RaftServerImpl (RaftServerImpl.java:setRole(184)) - 05f59524-a4ea-4be4-b99d-fb9eed47142d@group-9DC5606B5DE8: changes role from  FOLLOWER to CANDIDATE at term 250 for changeToCandidate
2019-10-17 07:38:53,224 [Thread-1860] INFO  impl.RoleInfo (RoleInfo.java:updateAndGet(143)) - 05f59524-a4ea-4be4-b99d-fb9eed47142d: start LeaderElection
2019-10-17 07:38:53,520 [05f59524-a4ea-4be4-b99d-fb9eed47142d@group-9DC5606B5DE8-LeaderElection216] INFO  impl.LeaderElection (LeaderElection.java:askForVotes(178)) - 05f59524-a4ea-4be4-b99d-fb9eed47142d@group-9DC5606B5DE8-LeaderElection216: begin an election at term 251 for -1: [05f59524-a4ea-4be4-b99d-fb9eed47142d:192.168.34.62:45919, 4b035f45-7941-40c3-ba2d-1cbecd2d369e:192.168.34.62:45443, 920a4478-64f4-4720-983c-9a2102f3c94b:192.168.34.62:38609], old=null
2019-10-17 07:38:53,523 [grpc-default-executor-6] INFO  impl.RaftServerImpl (RaftServerImpl.java:setRole(184)) - 4b035f45-7941-40c3-ba2d-1cbecd2d369e@group-9DC5606B5DE8: changes role from  FOLLOWER to FOLLOWER at term 251 for recognizeCandidate:05f59524-a4ea-4be4-b99d-fb9eed47142d
2019-10-17 07:38:53,523 [grpc-default-executor-5] INFO  impl.RaftServerImpl (RaftServerImpl.java:setRole(184)) - 920a4478-64f4-4720-983c-9a2102f3c94b@group-9DC5606B5DE8: changes role from  FOLLOWER to FOLLOWER at term 251 for recognizeCandidate:05f59524-a4ea-4be4-b99d-fb9eed47142d
2019-10-17 07:38:53,523 [grpc-default-executor-6] INFO  impl.RoleInfo (RoleInfo.java:shutdownFollowerState(121)) - 4b035f45-7941-40c3-ba2d-1cbecd2d369e: shutdown FollowerState
2019-10-17 07:38:53,523 [grpc-default-executor-5] INFO  impl.RoleInfo (RoleInfo.java:shutdownFollowerState(121)) - 920a4478-64f4-4720-983c-9a2102f3c94b: shutdown FollowerState
2019-10-17 07:38:53,523 [Thread-1858] INFO  impl.FollowerState (FollowerState.java:run(117)) - 4b035f45-7941-40c3-ba2d-1cbecd2d369e@group-9DC5606B5DE8-FollowerState was interrupted: java.lang.InterruptedException: sleep interrupted
2019-10-17 07:38:53,523 [grpc-default-executor-6] INFO  impl.RoleInfo (RoleInfo.java:updateAndGet(143)) - 4b035f45-7941-40c3-ba2d-1cbecd2d369e: start FollowerState
2019-10-17 07:38:53,523 [Thread-1859] INFO  impl.FollowerState (FollowerState.java:run(117)) - 920a4478-64f4-4720-983c-9a2102f3c94b@group-9DC5606B5DE8-FollowerState was interrupted: java.lang.InterruptedException: sleep interrupted
2019-10-17 07:38:53,523 [grpc-default-executor-5] INFO  impl.RoleInfo (RoleInfo.java:updateAndGet(143)) - 920a4478-64f4-4720-983c-9a2102f3c94b: start FollowerState
2019-10-17 07:38:53,553 [05f59524-a4ea-4be4-b99d-fb9eed47142d@group-9DC5606B5DE8-LeaderElection216] INFO  impl.LeaderElection (LeaderElection.java:logAndReturn(56)) - 05f59524-a4ea-4be4-b99d-fb9eed47142d@group-9DC5606B5DE8-LeaderElection216: Election REJECTED; received 2 response(s) [05f59524-a4ea-4be4-b99d-fb9eed47142d<-4b035f45-7941-40c3-ba2d-1cbecd2d369e#0:FAIL-t251, 05f59524-a4ea-4be4-b99d-fb9eed47142d<-920a4478-64f4-4720-983c-9a2102f3c94b#0:FAIL-t251] and 0 exception(s); 05f59524-a4ea-4be4-b99d-fb9eed47142d@group-9DC5606B5DE8:t251, leader=null, voted=05f59524-a4ea-4be4-b99d-fb9eed47142d, raftlog=05f59524-a4ea-4be4-b99d-fb9eed47142d@group-9DC5606B5DE8-SegmentedRaftLog:OPENED:c-1,f-1,i0, conf=-1: [05f59524-a4ea-4be4-b99d-fb9eed47142d:192.168.34.62:45919, 4b035f45-7941-40c3-ba2d-1cbecd2d369e:192.168.34.62:45443, 920a4478-64f4-4720-983c-9a2102f3c94b:192.168.34.62:38609], old=null
2019-10-17 07:38:53,553 [05f59524-a4ea-4be4-b99d-fb9eed47142d@group-9DC5606B5DE8-LeaderElection216] INFO  impl.RaftServerImpl (RaftServerImpl.java:setRole(184)) - 05f59524-a4ea-4be4-b99d-fb9eed47142d@group-9DC5606B5DE8: changes role from CANDIDATE to FOLLOWER at term 251 for DISCOVERED_A_NEW_TERM
2019-10-17 07:38:53,553 [05f59524-a4ea-4be4-b99d-fb9eed47142d@group-9DC5606B5DE8-LeaderElection216] INFO  impl.RoleInfo (RoleInfo.java:shutdownLeaderElection(134)) - 05f59524-a4ea-4be4-b99d-fb9eed47142d: shutdown LeaderElection
2019-10-17 07:38:53,554 [05f59524-a4ea-4be4-b99d-fb9eed47142d@group-9DC5606B5DE8-LeaderElection216] INFO  impl.RoleInfo (RoleInfo.java:updateAndGet(143)) - 05f59524-a4ea-4be4-b99d-fb9eed47142d: start FollowerState
2019-10-17 07:38:53,654 [Thread-1866] INFO  impl.FollowerState (FollowerState.java:run(108)) - 05f59524-a4ea-4be4-b99d-fb9eed47142d@group-9DC5606B5DE8-FollowerState: change to CANDIDATE, lastRpcTime:100ms, electionTimeout:100ms
2019-10-17 07:38:53,654 [Thread-1866] INFO  impl.RoleInfo (RoleInfo.java:shutdownFollowerState(121)) - 05f59524-a4ea-4be4-b99d-fb9eed47142d: shutdown FollowerState
2019-10-17 07:38:53,654 [Thread-1866] INFO  impl.RaftServerImpl (RaftServerImpl.java:setRole(184)) - 05f59524-a4ea-4be4-b99d-fb9eed47142d@group-9DC5606B5DE8: changes role from  FOLLOWER to CANDIDATE at term 251 for changeToCandidate
2019-10-17 07:38:53,655 [Thread-1866] INFO  impl.RoleInfo (RoleInfo.java:updateAndGet(143)) - 05f59524-a4ea-4be4-b99d-fb9eed47142d: start LeaderElection
2019-10-17 07:38:53,683 [05f59524-a4ea-4be4-b99d-fb9eed47142d@group-9DC5606B5DE8-LeaderElection217] INFO  impl.LeaderElection (LeaderElection.java:askForVotes(178)) - 05f59524-a4ea-4be4-b99d-fb9eed47142d@group-9DC5606B5DE8-LeaderElection217: begin an election at term 252 for -1: [05f59524-a4ea-4be4-b99d-fb9eed47142d:192.168.34.62:45919, 4b035f45-7941-40c3-ba2d-1cbecd2d369e:192.168.34.62:45443, 920a4478-64f4-4720-983c-9a2102f3c94b:192.168.34.62:38609], old=null
2019-10-17 07:38:53,685 [grpc-default-executor-6] INFO  impl.RaftServerImpl (RaftServerImpl.java:setRole(184)) - 4b035f45-7941-40c3-ba2d-1cbecd2d369e@group-9DC5606B5DE8: changes role from  FOLLOWER to FOLLOWER at term 252 for recognizeCandidate:05f59524-a4ea-4be4-b99d-fb9eed47142d
2019-10-17 07:38:53,685 [grpc-default-executor-6] INFO  impl.RoleInfo (RoleInfo.java:shutdownFollowerState(121)) - 4b035f45-7941-40c3-ba2d-1cbecd2d369e: shutdown FollowerState
2019-10-17 07:38:53,685 [grpc-default-executor-5] INFO  impl.RaftServerImpl (RaftServerImpl.java:setRole(184)) - 920a4478-64f4-4720-983c-9a2102f3c94b@group-9DC5606B5DE8: changes role from  FOLLOWER to FOLLOWER at term 252 for recognizeCandidate:05f59524-a4ea-4be4-b99d-fb9eed47142d
2019-10-17 07:38:53,685 [Thread-1864] INFO  impl.FollowerState (FollowerState.java:run(117)) - 4b035f45-7941-40c3-ba2d-1cbecd2d369e@group-9DC5606B5DE8-FollowerState was interrupted: java.lang.InterruptedException: sleep interrupted
2019-10-17 07:38:53,685 [grpc-default-executor-6] INFO  impl.RoleInfo (RoleInfo.java:updateAndGet(143)) - 4b035f45-7941-40c3-ba2d-1cbecd2d369e: start FollowerState
2019-10-17 07:38:53,685 [grpc-default-executor-5] INFO  impl.RoleInfo (RoleInfo.java:shutdownFollowerState(121)) - 920a4478-64f4-4720-983c-9a2102f3c94b: shutdown FollowerState
2019-10-17 07:38:53,686 [grpc-default-executor-5] INFO  impl.RoleInfo (RoleInfo.java:updateAndGet(143)) - 920a4478-64f4-4720-983c-9a2102f3c94b: start FollowerState
2019-10-17 07:38:53,686 [Thread-1865] INFO  impl.FollowerState (FollowerState.java:run(117)) - 920a4478-64f4-4720-983c-9a2102f3c94b@group-9DC5606B5DE8-FollowerState was interrupted: java.lang.InterruptedException: sleep interrupted
2019-10-17 07:38:53,715 [05f59524-a4ea-4be4-b99d-fb9eed47142d@group-9DC5606B5DE8-LeaderElection217] INFO  impl.LeaderElection (LeaderElection.java:logAndReturn(56)) - 05f59524-a4ea-4be4-b99d-fb9eed47142d@group-9DC5606B5DE8-LeaderElection217: Election REJECTED; received 2 response(s) [05f59524-a4ea-4be4-b99d-fb9eed47142d<-4b035f45-7941-40c3-ba2d-1cbecd2d369e#0:FAIL-t252, 05f59524-a4ea-4be4-b99d-fb9eed47142d<-920a4478-64f4-4720-983c-9a2102f3c94b#0:FAIL-t252] and 0 exception(s); 05f59524-a4ea-4be4-b99d-fb9eed47142d@group-9DC5606B5DE8:t252, leader=null, voted=05f59524-a4ea-4be4-b99d-fb9eed47142d, raftlog=05f59524-a4ea-4be4-b99d-fb9eed47142d@group-9DC5606B5DE8-SegmentedRaftLog:OPENED:c-1,f-1,i0, conf=-1: [05f59524-a4ea-4be4-b99d-fb9eed47142d:192.168.34.62:45919, 4b035f45-7941-40c3-ba2d-1cbecd2d369e:192.168.34.62:45443, 920a4478-64f4-4720-983c-9a2102f3c94b:192.168.34.62:38609], old=null
2019-10-17 07:38:53,715 [05f59524-a4ea-4be4-b99d-fb9eed47142d@group-9DC5606B5DE8-LeaderElection217] INFO  impl.RaftServerImpl (RaftServerImpl.java:setRole(184)) - 05f59524-a4ea-4be4-b99d-fb9eed47142d@group-9DC5606B5DE8: changes role from CANDIDATE to FOLLOWER at term 252 for DISCOVERED_A_NEW_TERM
2019-10-17 07:38:53,716 [05f59524-a4ea-4be4-b99d-fb9eed47142d@group-9DC5606B5DE8-LeaderElection217] INFO  impl.RoleInfo (RoleInfo.java:shutdownLeaderElection(134)) - 05f59524-a4ea-4be4-b99d-fb9eed47142d: shutdown LeaderElection
2019-10-17 07:38:53,716 [05f59524-a4ea-4be4-b99d-fb9eed47142d@group-9DC5606B5DE8-LeaderElection217] INFO  impl.RoleInfo (RoleInfo.java:updateAndGet(143)) - 05f59524-a4ea-4be4-b99d-fb9eed47142d: start FollowerState
2019-10-17 07:38:53,829 [Thread-1872] INFO  impl.FollowerState (FollowerState.java:run(108)) - 05f59524-a4ea-4be4-b99d-fb9eed47142d@group-9DC5606B5DE8-FollowerState: change to CANDIDATE, lastRpcTime:113ms, electionTimeout:113ms
2019-10-17 07:38:53,829 [Thread-1872] INFO  impl.RoleInfo (RoleInfo.java:shutdownFollowerState(121)) - 05f59524-a4ea-4be4-b99d-fb9eed47142d: shutdown FollowerState
2019-10-17 07:38:53,830 [Thread-1872] INFO  impl.RaftServerImpl (RaftServerImpl.java:setRole(184)) - 05f59524-a4ea-4be4-b99d-fb9eed47142d@group-9DC5606B5DE8: changes role from  FOLLOWER to CANDIDATE at term 252 for changeToCandidate
2019-10-17 07:38:53,830 [Thread-1872] INFO  impl.RoleInfo (RoleInfo.java:updateAndGet(143)) - 05f59524-a4ea-4be4-b99d-fb9eed47142d: start LeaderElection
2019-10-17 07:38:53,855 [05f59524-a4ea-4be4-b99d-fb9eed47142d@group-9DC5606B5DE8-LeaderElection218] INFO  impl.LeaderElection (LeaderElection.java:askForVotes(178)) - 05f59524-a4ea-4be4-b99d-fb9eed47142d@group-9DC5606B5DE8-LeaderElection218: begin an election at term 253 for -1: [05f59524-a4ea-4be4-b99d-fb9eed47142d:192.168.34.62:45919, 4b035f45-7941-40c3-ba2d-1cbecd2d369e:192.168.34.62:45443, 920a4478-64f4-4720-983c-9a2102f3c94b:192.168.34.62:38609], old=null
2019-10-17 07:38:53,858 [grpc-default-executor-5] INFO  impl.RaftServerImpl (RaftServerImpl.java:setRole(184)) - 4b035f45-7941-40c3-ba2d-1cbecd2d369e@group-9DC5606B5DE8: changes role from  FOLLOWER to FOLLOWER at term 253 for recognizeCandidate:05f59524-a4ea-4be4-b99d-fb9eed47142d
2019-10-17 07:38:53,858 [grpc-default-executor-5] INFO  impl.RoleInfo (RoleInfo.java:shutdownFollowerState(121)) - 4b035f45-7941-40c3-ba2d-1cbecd2d369e: shutdown FollowerState
2019-10-17 07:38:53,858 [grpc-default-executor-6] INFO  impl.RaftServerImpl (RaftServerImpl.java:setRole(184)) - 920a4478-64f4-4720-983c-9a2102f3c94b@group-9DC5606B5DE8: changes role from  FOLLOWER to FOLLOWER at term 253 for recognizeCandidate:05f59524-a4ea-4be4-b99d-fb9eed47142d
2019-10-17 07:38:53,858 [grpc-default-executor-5] INFO  impl.RoleInfo (RoleInfo.java:updateAndGet(143)) - 4b035f45-7941-40c3-ba2d-1cbecd2d369e: start FollowerState
2019-10-17 07:38:53,858 [Thread-1870] INFO  impl.FollowerState (FollowerState.java:run(117)) - 4b035f45-7941-40c3-ba2d-1cbecd2d369e@group-9DC5606B5DE8-FollowerState was interrupted: java.lang.InterruptedException: sleep interrupted
2019-10-17 07:38:53,859 [grpc-default-executor-6] INFO  impl.RoleInfo (RoleInfo.java:shutdownFollowerState(121)) - 920a4478-64f4-4720-983c-9a2102f3c94b: shutdown FollowerState
2019-10-17 07:38:53,859 [grpc-default-executor-6] INFO  impl.RoleInfo (RoleInfo.java:updateAndGet(143)) - 920a4478-64f4-4720-983c-9a2102f3c94b: start FollowerState
2019-10-17 07:38:53,859 [Thread-1871] INFO  impl.FollowerState (FollowerState.java:run(117)) - 920a4478-64f4-4720-983c-9a2102f3c94b@group-9DC5606B5DE8-FollowerState was interrupted: java.lang.InterruptedException: sleep interrupted
2019-10-17 07:38:53,880 [05f59524-a4ea-4be4-b99d-fb9eed47142d@group-9DC5606B5DE8-LeaderElection218] INFO  impl.LeaderElection (LeaderElection.java:logAndReturn(56)) - 05f59524-a4ea-4be4-b99d-fb9eed47142d@group-9DC5606B5DE8-LeaderElection218: Election REJECTED; received 2 response(s) [05f59524-a4ea-4be4-b99d-fb9eed47142d<-4b035f45-7941-40c3-ba2d-1cbecd2d369e#0:FAIL-t253, 05f59524-a4ea-4be4-b99d-fb9eed47142d<-920a4478-64f4-4720-983c-9a2102f3c94b#0:FAIL-t253] and 0 exception(s); 05f59524-a4ea-4be4-b99d-fb9eed47142d@group-9DC5606B5DE8:t253, leader=null, voted=05f59524-a4ea-4be4-b99d-fb9eed47142d, raftlog=05f59524-a4ea-4be4-b99d-fb9eed47142d@group-9DC5606B5DE8-SegmentedRaftLog:OPENED:c-1,f-1,i0, conf=-1: [05f59524-a4ea-4be4-b99d-fb9eed47142d:192.168.34.62:45919, 4b035f45-7941-40c3-ba2d-1cbecd2d369e:192.168.34.62:45443, 920a4478-64f4-4720-983c-9a2102f3c94b:192.168.34.62:38609], old=null
2019-10-17 07:38:53,880 [05f59524-a4ea-4be4-b99d-fb9eed47142d@group-9DC5606B5DE8-LeaderElection218] INFO  impl.RaftServerImpl (RaftServerImpl.java:setRole(184)) - 05f59524-a4ea-4be4-b99d-fb9eed47142d@group-9DC5606B5DE8: changes role from CANDIDATE to FOLLOWER at term 253 for DISCOVERED_A_NEW_TERM
2019-10-17 07:38:53,880 [05f59524-a4ea-4be4-b99d-fb9eed47142d@group-9DC5606B5DE8-LeaderElection218] INFO  impl.RoleInfo (RoleInfo.java:shutdownLeaderElection(134)) - 05f59524-a4ea-4be4-b99d-fb9eed47142d: shutdown LeaderElection
2019-10-17 07:38:53,880 [05f59524-a4ea-4be4-b99d-fb9eed47142d@group-9DC5606B5DE8-LeaderElection218] INFO  impl.RoleInfo (RoleInfo.java:updateAndGet(143)) - 05f59524-a4ea-4be4-b99d-fb9eed47142d: start FollowerState
2019-10-17 07:38:53,969 [Thread-1878] INFO  impl.FollowerState (FollowerState.java:run(108)) - 05f59524-a4ea-4be4-b99d-fb9eed47142d@group-9DC5606B5DE8-FollowerState: change to CANDIDATE, lastRpcTime:88ms, electionTimeout:88ms
2019-10-17 07:38:53,969 [Thread-1878] INFO  impl.RoleInfo (RoleInfo.java:shutdownFollowerState(121)) - 05f59524-a4ea-4be4-b99d-fb9eed47142d: shutdown FollowerState
2019-10-17 07:38:53,969 [Thread-1878] INFO  impl.RaftServerImpl (RaftServerImpl.java:setRole(184)) - 05f59524-a4ea-4be4-b99d-fb9eed47142d@group-9DC5606B5DE8: changes role from  FOLLOWER to CANDIDATE at term 253 for changeToCandidate
2019-10-17 07:38:53,969 [Thread-1878] INFO  impl.RoleInfo (RoleInfo.java:updateAndGet(143)) - 05f59524-a4ea-4be4-b99d-fb9eed47142d: start LeaderElection
2019-10-17 07:38:53,992 [05f59524-a4ea-4be4-b99d-fb9eed47142d@group-9DC5606B5DE8-LeaderElection219] INFO  impl.LeaderElection (LeaderElection.java:askForVotes(178)) - 05f59524-a4ea-4be4-b99d-fb9eed47142d@group-9DC5606B5DE8-LeaderElection219: begin an election at term 254 for -1: [05f59524-a4ea-4be4-b99d-fb9eed47142d:192.168.34.62:45919, 4b035f45-7941-40c3-ba2d-1cbecd2d369e:192.168.34.62:45443, 920a4478-64f4-4720-983c-9a2102f3c94b:192.168.34.62:38609], old=null
2019-10-17 07:38:53,994 [grpc-default-executor-6] INFO  impl.RaftServerImpl (RaftServerImpl.java:setRole(184)) - 920a4478-64f4-4720-983c-9a2102f3c94b@group-9DC5606B5DE8: changes role from  FOLLOWER to FOLLOWER at term 254 for recognizeCandidate:05f59524-a4ea-4be4-b99d-fb9eed47142d
2019-10-17 07:38:53,994 [grpc-default-executor-5] INFO  impl.RaftServerImpl (RaftServerImpl.java:setRole(184)) - 4b035f45-7941-40c3-ba2d-1cbecd2d369e@group-9DC5606B5DE8: changes role from  FOLLOWER to FOLLOWER at term 254 for recognizeCandidate:05f59524-a4ea-4be4-b99d-fb9eed47142d
2019-10-17 07:38:53,994 [grpc-default-executor-6] INFO  impl.RoleInfo (RoleInfo.java:shutdownFollowerState(121)) - 920a4478-64f4-4720-983c-9a2102f3c94b: shutdown FollowerState
2019-10-17 07:38:53,994 [grpc-default-executor-5] INFO  impl.RoleInfo (RoleInfo.java:shutdownFollowerState(121)) - 4b035f45-7941-40c3-ba2d-1cbecd2d369e: shutdown FollowerState
2019-10-17 07:38:53,995 [Thread-1877] INFO  impl.FollowerState (FollowerState.java:run(117)) - 920a4478-64f4-4720-983c-9a2102f3c94b@group-9DC5606B5DE8-FollowerState was interrupted: java.lang.InterruptedException: sleep interrupted
2019-10-17 07:38:53,995 [grpc-default-executor-6] INFO  impl.RoleInfo (RoleInfo.java:updateAndGet(143)) - 920a4478-64f4-4720-983c-9a2102f3c94b: start FollowerState
2019-10-17 07:38:53,995 [Thread-1876] INFO  impl.FollowerState (FollowerState.java:run(117)) - 4b035f45-7941-40c3-ba2d-1cbecd2d369e@group-9DC5606B5DE8-FollowerState was interrupted: java.lang.InterruptedException: sleep interrupted
2019-10-17 07:38:53,995 [grpc-default-executor-5] INFO  impl.RoleInfo (RoleInfo.java:updateAndGet(143)) - 4b035f45-7941-40c3-ba2d-1cbecd2d369e: start FollowerState
2019-10-17 07:38:54,031 [05f59524-a4ea-4be4-b99d-fb9eed47142d@group-9DC5606B5DE8-LeaderElection219] INFO  impl.LeaderElection (LeaderElection.java:logAndReturn(56)) - 05f59524-a4ea-4be4-b99d-fb9eed47142d@group-9DC5606B5DE8-LeaderElection219: Election REJECTED; received 2 response(s) [05f59524-a4ea-4be4-b99d-fb9eed47142d<-4b035f45-7941-40c3-ba2d-1cbecd2d369e#0:FAIL-t254, 05f59524-a4ea-4be4-b99d-fb9eed47142d<-920a4478-64f4-4720-983c-9a2102f3c94b#0:FAIL-t254] and 0 exception(s); 05f59524-a4ea-4be4-b99d-fb9eed47142d@group-9DC5606B5DE8:t254, leader=null, voted=05f59524-a4ea-4be4-b99d-fb9eed47142d, raftlog=05f59524-a4ea-4be4-b99d-fb9eed47142d@group-9DC5606B5DE8-SegmentedRaftLog:OPENED:c-1,f-1,i0, conf=-1: [05f59524-a4ea-4be4-b99d-fb9eed47142d:192.168.34.62:45919, 4b035f45-7941-40c3-ba2d-1cbecd2d369e:192.168.34.62:45443, 920a4478-64f4-4720-983c-9a2102f3c94b:192.168.34.62:38609], old=null
2019-10-17 07:38:54,031 [05f59524-a4ea-4be4-b99d-fb9eed47142d@group-9DC5606B5DE8-LeaderElection219] INFO  impl.RaftServerImpl (RaftServerImpl.java:setRole(184)) - 05f59524-a4ea-4be4-b99d-fb9eed47142d@group-9DC5606B5DE8: changes role from CANDIDATE to FOLLOWER at term 254 for DISCOVERED_A_NEW_TERM
2019-10-17 07:38:54,031 [05f59524-a4ea-4be4-b99d-fb9eed47142d@group-9DC5606B5DE8-LeaderElection219] INFO  impl.RoleInfo (RoleInfo.java:shutdownLeaderElection(134)) - 05f59524-a4ea-4be4-b99d-fb9eed47142d: shutdown LeaderElection
2019-10-17 07:38:54,031 [05f59524-a4ea-4be4-b99d-fb9eed47142d@group-9DC5606B5DE8-LeaderElection219] INFO  impl.RoleInfo (RoleInfo.java:updateAndGet(143)) - 05f59524-a4ea-4be4-b99d-fb9eed47142d: start FollowerState
2019-10-17 07:38:54,123 [Thread-1884] INFO  impl.FollowerState (FollowerState.java:run(108)) - 05f59524-a4ea-4be4-b99d-fb9eed47142d@group-9DC5606B5DE8-FollowerState: change to CANDIDATE, lastRpcTime:92ms, electionTimeout:92ms
2019-10-17 07:38:54,124 [Thread-1884] INFO  impl.RoleInfo (RoleInfo.java:shutdownFollowerState(121)) - 05f59524-a4ea-4be4-b99d-fb9eed47142d: shutdown FollowerState
2019-10-17 07:38:54,124 [Thread-1884] INFO  impl.RaftServerImpl (RaftServerImpl.java:setRole(184)) - 05f59524-a4ea-4be4-b99d-fb9eed47142d@group-9DC5606B5DE8: changes role from  FOLLOWER to CANDIDATE at term 254 for changeToCandidate
2019-10-17 07:38:54,124 [Thread-1884] INFO  impl.RoleInfo (RoleInfo.java:updateAndGet(143)) - 05f59524-a4ea-4be4-b99d-fb9eed47142d: start LeaderElection
2019-10-17 07:38:54,159 [05f59524-a4ea-4be4-b99d-fb9eed47142d@group-9DC5606B5DE8-LeaderElection220] INFO  impl.LeaderElection (LeaderElection.java:askForVotes(178)) - 05f59524-a4ea-4be4-b99d-fb9eed47142d@group-9DC5606B5DE8-LeaderElection220: begin an election at term 255 for -1: [05f59524-a4ea-4be4-b99d-fb9eed47142d:192.168.34.62:45919, 4b035f45-7941-40c3-ba2d-1cbecd2d369e:192.168.34.62:45443, 920a4478-64f4-4720-983c-9a2102f3c94b:192.168.34.62:38609], old=null
2019-10-17 07:38:54,162 [grpc-default-executor-5] INFO  impl.RaftServerImpl (RaftServerImpl.java:setRole(184)) - 4b035f45-7941-40c3-ba2d-1cbecd2d369e@group-9DC5606B5DE8: changes role from  FOLLOWER to FOLLOWER at term 255 for recognizeCandidate:05f59524-a4ea-4be4-b99d-fb9eed47142d
2019-10-17 07:38:54,162 [grpc-default-executor-6] INFO  impl.RaftServerImpl (RaftServerImpl.java:setRole(184)) - 920a4478-64f4-4720-983c-9a2102f3c94b@group-9DC5606B5DE8: changes role from  FOLLOWER to FOLLOWER at term 255 for recognizeCandidate:05f59524-a4ea-4be4-b99d-fb9eed47142d
2019-10-17 07:38:54,162 [grpc-default-executor-5] INFO  impl.RoleInfo (RoleInfo.java:shutdownFollowerState(121)) - 4b035f45-7941-40c3-ba2d-1cbecd2d369e: shutdown FollowerState
2019-10-17 07:38:54,162 [grpc-default-executor-6] INFO  impl.RoleInfo (RoleInfo.java:shutdownFollowerState(121)) - 920a4478-64f4-4720-983c-9a2102f3c94b: shutdown FollowerState
2019-10-17 07:38:54,162 [Thread-1883] INFO  impl.FollowerState (FollowerState.java:run(117)) - 4b035f45-7941-40c3-ba2d-1cbecd2d369e@group-9DC5606B5DE8-FollowerState was interrupted: java.lang.InterruptedException: sleep interrupted
2019-10-17 07:38:54,162 [grpc-default-executor-5] INFO  impl.RoleInfo (RoleInfo.java:updateAndGet(143)) - 4b035f45-7941-40c3-ba2d-1cbecd2d369e: start FollowerState
2019-10-17 07:38:54,163 [Thread-1882] INFO  impl.FollowerState (FollowerState.java:run(117)) - 920a4478-64f4-4720-983c-9a2102f3c94b@group-9DC5606B5DE8-FollowerState was interrupted: java.lang.InterruptedException: sleep interrupted
2019-10-17 07:38:54,163 [grpc-default-executor-6] INFO  impl.RoleInfo (RoleInfo.java:updateAndGet(143)) - 920a4478-64f4-4720-983c-9a2102f3c94b: start FollowerState
2019-10-17 07:38:54,184 [05f59524-a4ea-4be4-b99d-fb9eed47142d@group-9DC5606B5DE8-LeaderElection220] INFO  impl.LeaderElection (LeaderElection.java:logAndReturn(56)) - 05f59524-a4ea-4be4-b99d-fb9eed47142d@group-9DC5606B5DE8-LeaderElection220: Election REJECTED; received 2 response(s) [05f59524-a4ea-4be4-b99d-fb9eed47142d<-4b035f45-7941-40c3-ba2d-1cbecd2d369e#0:FAIL-t255, 05f59524-a4ea-4be4-b99d-fb9eed47142d<-920a4478-64f4-4720-983c-9a2102f3c94b#0:FAIL-t255] and 0 exception(s); 05f59524-a4ea-4be4-b99d-fb9eed47142d@group-9DC5606B5DE8:t255, leader=null, voted=05f59524-a4ea-4be4-b99d-fb9eed47142d, raftlog=05f59524-a4ea-4be4-b99d-fb9eed47142d@group-9DC5606B5DE8-SegmentedRaftLog:OPENED:c-1,f-1,i0, conf=-1: [05f59524-a4ea-4be4-b99d-fb9eed47142d:192.168.34.62:45919, 4b035f45-7941-40c3-ba2d-1cbecd2d369e:192.168.34.62:45443, 920a4478-64f4-4720-983c-9a2102f3c94b:192.168.34.62:38609], old=null
2019-10-17 07:38:54,184 [05f59524-a4ea-4be4-b99d-fb9eed47142d@group-9DC5606B5DE8-LeaderElection220] INFO  impl.RaftServerImpl (RaftServerImpl.java:setRole(184)) - 05f59524-a4ea-4be4-b99d-fb9eed47142d@group-9DC5606B5DE8: changes role from CANDIDATE to FOLLOWER at term 255 for DISCOVERED_A_NEW_TERM
2019-10-17 07:38:54,184 [05f59524-a4ea-4be4-b99d-fb9eed47142d@group-9DC5606B5DE8-LeaderElection220] INFO  impl.RoleInfo (RoleInfo.java:shutdownLeaderElection(134)) - 05f59524-a4ea-4be4-b99d-fb9eed47142d: shutdown LeaderElection
2019-10-17 07:38:54,184 [05f59524-a4ea-4be4-b99d-fb9eed47142d@group-9DC5606B5DE8-LeaderElection220] INFO  impl.RoleInfo (RoleInfo.java:updateAndGet(143)) - 05f59524-a4ea-4be4-b99d-fb9eed47142d: start FollowerState
2019-10-17 07:38:54,260 [Thread-1890] INFO  impl.FollowerState (FollowerState.java:run(108)) - 05f59524-a4ea-4be4-b99d-fb9eed47142d@group-9DC5606B5DE8-FollowerState: change to CANDIDATE, lastRpcTime:75ms, electionTimeout:75ms
2019-10-17 07:38:54,260 [Thread-1890] INFO  impl.RoleInfo (RoleInfo.java:shutdownFollowerState(121)) - 05f59524-a4ea-4be4-b99d-fb9eed47142d: shutdown FollowerState
2019-10-17 07:38:54,260 [Thread-1890] INFO  impl.RaftServerImpl (RaftServerImpl.java:setRole(184)) - 05f59524-a4ea-4be4-b99d-fb9eed47142d@group-9DC5606B5DE8: changes role from  FOLLOWER to CANDIDATE at term 255 for changeToCandidate
2019-10-17 07:38:54,260 [Thread-1890] INFO  impl.RoleInfo (RoleInfo.java:updateAndGet(143)) - 05f59524-a4ea-4be4-b99d-fb9eed47142d: start LeaderElection
2019-10-17 07:38:54,276 [05f59524-a4ea-4be4-b99d-fb9eed47142d@group-9DC5606B5DE8-LeaderElection221] INFO  impl.LeaderElection (LeaderElection.java:askForVotes(178)) - 05f59524-a4ea-4be4-b99d-fb9eed47142d@group-9DC5606B5DE8-LeaderElection221: begin an election at term 256 for -1: [05f59524-a4ea-4be4-b99d-fb9eed47142d:192.168.34.62:45919, 4b035f45-7941-40c3-ba2d-1cbecd2d369e:192.168.34.62:45443, 920a4478-64f4-4720-983c-9a2102f3c94b:192.168.34.62:38609], old=null
2019-10-17 07:38:54,278 [grpc-default-executor-6] INFO  impl.RaftServerImpl (RaftServerImpl.java:setRole(184)) - 4b035f45-7941-40c3-ba2d-1cbecd2d369e@group-9DC5606B5DE8: changes role from  FOLLOWER to FOLLOWER at term 256 for recognizeCandidate:05f59524-a4ea-4be4-b99d-fb9eed47142d
2019-10-17 07:38:54,278 [grpc-default-executor-5] INFO  impl.RaftServerImpl (RaftServerImpl.java:setRole(184)) - 920a4478-64f4-4720-983c-9a2102f3c94b@group-9DC5606B5DE8: changes role from  FOLLOWER to FOLLOWER at term 256 for recognizeCandidate:05f59524-a4ea-4be4-b99d-fb9eed47142d
2019-10-17 07:38:54,279 [grpc-default-executor-5] INFO  impl.RoleInfo (RoleInfo.java:shutdownFollowerState(121)) - 920a4478-64f4-4720-983c-9a2102f3c94b: shutdown FollowerState
2019-10-17 07:38:54,278 [grpc-default-executor-6] INFO  impl.RoleInfo (RoleInfo.java:shutdownFollowerState(121)) - 4b035f45-7941-40c3-ba2d-1cbecd2d369e: shutdown FollowerState
2019-10-17 07:38:54,279 [Thread-1889] INFO  impl.FollowerState (FollowerState.java:run(117)) - 920a4478-64f4-4720-983c-9a2102f3c94b@group-9DC5606B5DE8-FollowerState was interrupted: java.lang.InterruptedException: sleep interrupted
2019-10-17 07:38:54,279 [grpc-default-executor-5] INFO  impl.RoleInfo (RoleInfo.java:updateAndGet(143)) - 920a4478-64f4-4720-983c-9a2102f3c94b: start FollowerState
2019-10-17 07:38:54,279 [Thread-1888] INFO  impl.FollowerState (FollowerState.java:run(117)) - 4b035f45-7941-40c3-ba2d-1cbecd2d369e@group-9DC5606B5DE8-FollowerState was interrupted: java.lang.InterruptedException: sleep interrupted
2019-10-17 07:38:54,279 [grpc-default-executor-6] INFO  impl.RoleInfo (RoleInfo.java:updateAndGet(143)) - 4b035f45-7941-40c3-ba2d-1cbecd2d369e: start FollowerState
2019-10-17 07:38:54,305 [05f59524-a4ea-4be4-b99d-fb9eed47142d@group-9DC5606B5DE8-LeaderElection221] INFO  impl.LeaderElection (LeaderElection.java:logAndReturn(56)) - 05f59524-a4ea-4be4-b99d-fb9eed47142d@group-9DC5606B5DE8-LeaderElection221: Election REJECTED; received 2 response(s) [05f59524-a4ea-4be4-b99d-fb9eed47142d<-4b035f45-7941-40c3-ba2d-1cbecd2d369e#0:FAIL-t256, 05f59524-a4ea-4be4-b99d-fb9eed47142d<-920a4478-64f4-4720-983c-9a2102f3c94b#0:FAIL-t256] and 0 exception(s); 05f59524-a4ea-4be4-b99d-fb9eed47142d@group-9DC5606B5DE8:t256, leader=null, voted=05f59524-a4ea-4be4-b99d-fb9eed47142d, raftlog=05f59524-a4ea-4be4-b99d-fb9eed47142d@group-9DC5606B5DE8-SegmentedRaftLog:OPENED:c-1,f-1,i0, conf=-1: [05f59524-a4ea-4be4-b99d-fb9eed47142d:192.168.34.62:45919, 4b035f45-7941-40c3-ba2d-1cbecd2d369e:192.168.34.62:45443, 920a4478-64f4-4720-983c-9a2102f3c94b:192.168.34.62:38609], old=null
2019-10-17 07:38:54,305 [05f59524-a4ea-4be4-b99d-fb9eed47142d@group-9DC5606B5DE8-LeaderElection221] INFO  impl.RaftServerImpl (RaftServerImpl.java:setRole(184)) - 05f59524-a4ea-4be4-b99d-fb9eed47142d@group-9DC5606B5DE8: changes role from CANDIDATE to FOLLOWER at term 256 for DISCOVERED_A_NEW_TERM
2019-10-17 07:38:54,305 [05f59524-a4ea-4be4-b99d-fb9eed47142d@group-9DC5606B5DE8-LeaderElection221] INFO  impl.RoleInfo (RoleInfo.java:shutdownLeaderElection(134)) - 05f59524-a4ea-4be4-b99d-fb9eed47142d: shutdown LeaderElection
2019-10-17 07:38:54,305 [05f59524-a4ea-4be4-b99d-fb9eed47142d@group-9DC5606B5DE8-LeaderElection221] INFO  impl.RoleInfo (RoleInfo.java:updateAndGet(143)) - 05f59524-a4ea-4be4-b99d-fb9eed47142d: start FollowerState
2019-10-17 07:38:54,324 [Thread-1896] INFO  impl.FollowerState (FollowerState.java:run(108)) - 05f59524-a4ea-4be4-b99d-fb9eed47142d@group-9DC5606B5DE8-FollowerState: change to CANDIDATE, lastRpcTime:18ms, electionTimeout:18ms
2019-10-17 07:38:54,324 [Thread-1896] INFO  impl.RoleInfo (RoleInfo.java:shutdownFollowerState(121)) - 05f59524-a4ea-4be4-b99d-fb9eed47142d: shutdown FollowerState
2019-10-17 07:38:54,324 [Thread-1896] INFO  impl.RaftServerImpl (RaftServerImpl.java:setRole(184)) - 05f59524-a4ea-4be4-b99d-fb9eed47142d@group-9DC5606B5DE8: changes role from  FOLLOWER to CANDIDATE at term 256 for changeToCandidate
2019-10-17 07:38:54,324 [Thread-1896] INFO  impl.RoleInfo (RoleInfo.java:updateAndGet(143)) - 05f59524-a4ea-4be4-b99d-fb9eed47142d: start LeaderElection
2019-10-17 07:38:54,341 [05f59524-a4ea-4be4-b99d-fb9eed47142d@group-9DC5606B5DE8-LeaderElection222] INFO  impl.LeaderElection (LeaderElection.java:askForVotes(178)) - 05f59524-a4ea-4be4-b99d-fb9eed47142d@group-9DC5606B5DE8-LeaderElection222: begin an election at term 257 for -1: [05f59524-a4ea-4be4-b99d-fb9eed47142d:192.168.34.62:45919, 4b035f45-7941-40c3-ba2d-1cbecd2d369e:192.168.34.62:45443, 920a4478-64f4-4720-983c-9a2102f3c94b:192.168.34.62:38609], old=null
2019-10-17 07:38:54,343 [grpc-default-executor-5] INFO  impl.RaftServerImpl (RaftServerImpl.java:setRole(184)) - 4b035f45-7941-40c3-ba2d-1cbecd2d369e@group-9DC5606B5DE8: changes role from  FOLLOWER to FOLLOWER at term 257 for recognizeCandidate:05f59524-a4ea-4be4-b99d-fb9eed47142d
2019-10-17 07:38:54,343 [grpc-default-executor-6] INFO  impl.RaftServerImpl (RaftServerImpl.java:setRole(184)) - 920a4478-64f4-4720-983c-9a2102f3c94b@group-9DC5606B5DE8: changes role from  FOLLOWER to FOLLOWER at term 257 for recognizeCandidate:05f59524-a4ea-4be4-b99d-fb9eed47142d
2019-10-17 07:38:54,343 [grpc-default-executor-5] INFO  impl.RoleInfo (RoleInfo.java:shutdownFollowerState(121)) - 4b035f45-7941-40c3-ba2d-1cbecd2d369e: shutdown FollowerState
2019-10-17 07:38:54,343 [grpc-default-executor-6] INFO  impl.RoleInfo (RoleInfo.java:shutdownFollowerState(121)) - 920a4478-64f4-4720-983c-9a2102f3c94b: shutdown FollowerState
2019-10-17 07:38:54,344 [Thread-1895] INFO  impl.FollowerState (FollowerState.java:run(117)) - 4b035f45-7941-40c3-ba2d-1cbecd2d369e@group-9DC5606B5DE8-FollowerState was interrupted: java.lang.InterruptedException: sleep interrupted
2019-10-17 07:38:54,343 [grpc-default-executor-5] INFO  impl.RoleInfo (RoleInfo.java:updateAndGet(143)) - 4b035f45-7941-40c3-ba2d-1cbecd2d369e: start FollowerState
2019-10-17 07:38:54,344 [Thread-1894] INFO  impl.FollowerState (FollowerState.java:run(117)) - 920a4478-64f4-4720-983c-9a2102f3c94b@group-9DC5606B5DE8-FollowerState was interrupted: java.lang.InterruptedException: sleep interrupted
2019-10-17 07:38:54,344 [grpc-default-executor-6] INFO  impl.RoleInfo (RoleInfo.java:updateAndGet(143)) - 920a4478-64f4-4720-983c-9a2102f3c94b: start FollowerState
2019-10-17 07:38:54,371 [05f59524-a4ea-4be4-b99d-fb9eed47142d@group-9DC5606B5DE8-LeaderElection222] INFO  impl.LeaderElection (LeaderElection.java:logAndReturn(56)) - 05f59524-a4ea-4be4-b99d-fb9eed47142d@group-9DC5606B5DE8-LeaderElection222: Election REJECTED; received 2 response(s) [05f59524-a4ea-4be4-b99d-fb9eed47142d<-4b035f45-7941-40c3-ba2d-1cbecd2d369e#0:FAIL-t257, 05f59524-a4ea-4be4-b99d-fb9eed47142d<-920a4478-64f4-4720-983c-9a2102f3c94b#0:FAIL-t257] and 0 exception(s); 05f59524-a4ea-4be4-b99d-fb9eed47142d@group-9DC5606B5DE8:t257, leader=null, voted=05f59524-a4ea-4be4-b99d-fb9eed47142d, raftlog=05f59524-a4ea-4be4-b99d-fb9eed47142d@group-9DC5606B5DE8-SegmentedRaftLog:OPENED:c-1,f-1,i0, conf=-1: [05f59524-a4ea-4be4-b99d-fb9eed47142d:192.168.34.62:45919, 4b035f45-7941-40c3-ba2d-1cbecd2d369e:192.168.34.62:45443, 920a4478-64f4-4720-983c-9a2102f3c94b:192.168.34.62:38609], old=null
2019-10-17 07:38:54,371 [05f59524-a4ea-4be4-b99d-fb9eed47142d@group-9DC5606B5DE8-LeaderElection222] INFO  impl.RaftServerImpl (RaftServerImpl.java:setRole(184)) - 05f59524-a4ea-4be4-b99d-fb9eed47142d@group-9DC5606B5DE8: changes role from CANDIDATE to FOLLOWER at term 257 for DISCOVERED_A_NEW_TERM
2019-10-17 07:38:54,372 [05f59524-a4ea-4be4-b99d-fb9eed47142d@group-9DC5606B5DE8-LeaderElection222] INFO  impl.RoleInfo (RoleInfo.java:shutdownLeaderElection(134)) - 05f59524-a4ea-4be4-b99d-fb9eed47142d: shutdown LeaderElection
2019-10-17 07:38:54,372 [05f59524-a4ea-4be4-b99d-fb9eed47142d@group-9DC5606B5DE8-LeaderElection222] INFO  impl.RoleInfo (RoleInfo.java:updateAndGet(143)) - 05f59524-a4ea-4be4-b99d-fb9eed47142d: start FollowerState
2019-10-17 07:38:54,486 [Thread-1902] INFO  impl.FollowerState (FollowerState.java:run(108)) - 05f59524-a4ea-4be4-b99d-fb9eed47142d@group-9DC5606B5DE8-FollowerState: change to CANDIDATE, lastRpcTime:114ms, electionTimeout:114ms
2019-10-17 07:38:54,486 [Thread-1902] INFO  impl.RoleInfo (RoleInfo.java:shutdownFollowerState(121)) - 05f59524-a4ea-4be4-b99d-fb9eed47142d: shutdown FollowerState
2019-10-17 07:38:54,486 [Thread-1902] INFO  impl.RaftServerImpl (RaftServerImpl.java:setRole(184)) - 05f59524-a4ea-4be4-b99d-fb9eed47142d@group-9DC5606B5DE8: changes role from  FOLLOWER to CANDIDATE at term 257 for changeToCandidate
2019-10-17 07:38:54,487 [Thread-1902] INFO  impl.RoleInfo (RoleInfo.java:updateAndGet(143)) - 05f59524-a4ea-4be4-b99d-fb9eed47142d: start LeaderElection
2019-10-17 07:38:54,505 [05f59524-a4ea-4be4-b99d-fb9eed47142d@group-9DC5606B5DE8-LeaderElection223] INFO  impl.LeaderElection (LeaderElection.java:askForVotes(178)) - 05f59524-a4ea-4be4-b99d-fb9eed47142d@group-9DC5606B5DE8-LeaderElection223: begin an election at term 258 for -1: [05f59524-a4ea-4be4-b99d-fb9eed47142d:192.168.34.62:45919, 4b035f45-7941-40c3-ba2d-1cbecd2d369e:192.168.34.62:45443, 920a4478-64f4-4720-983c-9a2102f3c94b:192.168.34.62:38609], old=null
2019-10-17 07:38:54,507 [grpc-default-executor-5] INFO  impl.RaftServerImpl (RaftServerImpl.java:setRole(184)) - 4b035f45-7941-40c3-ba2d-1cbecd2d369e@group-9DC5606B5DE8: changes role from  FOLLOWER to FOLLOWER at term 258 for recognizeCandidate:05f59524-a4ea-4be4-b99d-fb9eed47142d
2019-10-17 07:38:54,507 [grpc-default-executor-5] INFO  impl.RoleInfo (RoleInfo.java:shutdownFollowerState(121)) - 4b035f45-7941-40c3-ba2d-1cbecd2d369e: shutdown FollowerState
2019-10-17 07:38:54,507 [grpc-default-executor-6] INFO  impl.RaftServerImpl (RaftServerImpl.java:setRole(184)) - 920a4478-64f4-4720-983c-9a2102f3c94b@group-9DC5606B5DE8: changes role from  FOLLOWER to FOLLOWER at term 258 for recognizeCandidate:05f59524-a4ea-4be4-b99d-fb9eed47142d
2019-10-17 07:38:54,508 [grpc-default-executor-6] INFO  impl.RoleInfo (RoleInfo.java:shutdownFollowerState(121)) - 920a4478-64f4-4720-983c-9a2102f3c94b: shutdown FollowerState
2019-10-17 07:38:54,508 [Thread-1900] INFO  impl.FollowerState (FollowerState.java:run(117)) - 4b035f45-7941-40c3-ba2d-1cbecd2d369e@group-9DC5606B5DE8-FollowerState was interrupted: java.lang.InterruptedException: sleep interrupted
2019-10-17 07:38:54,507 [grpc-default-executor-5] INFO  impl.RoleInfo (RoleInfo.java:updateAndGet(143)) - 4b035f45-7941-40c3-ba2d-1cbecd2d369e: start FollowerState
2019-10-17 07:38:54,508 [Thread-1901] INFO  impl.FollowerState (FollowerState.java:run(117)) - 920a4478-64f4-4720-983c-9a2102f3c94b@group-9DC5606B5DE8-FollowerState was interrupted: java.lang.InterruptedException: sleep interrupted
2019-10-17 07:38:54,508 [grpc-default-executor-6] INFO  impl.RoleInfo (RoleInfo.java:updateAndGet(143)) - 920a4478-64f4-4720-983c-9a2102f3c94b: start FollowerState
2019-10-17 07:38:54,533 [05f59524-a4ea-4be4-b99d-fb9eed47142d@group-9DC5606B5DE8-LeaderElection223] INFO  impl.LeaderElection (LeaderElection.java:logAndReturn(56)) - 05f59524-a4ea-4be4-b99d-fb9eed47142d@group-9DC5606B5DE8-LeaderElection223: Election REJECTED; received 2 response(s) [05f59524-a4ea-4be4-b99d-fb9eed47142d<-4b035f45-7941-40c3-ba2d-1cbecd2d369e#0:FAIL-t258, 05f59524-a4ea-4be4-b99d-fb9eed47142d<-920a4478-64f4-4720-983c-9a2102f3c94b#0:FAIL-t258] and 0 exception(s); 05f59524-a4ea-4be4-b99d-fb9eed47142d@group-9DC5606B5DE8:t258, leader=null, voted=05f59524-a4ea-4be4-b99d-fb9eed47142d, raftlog=05f59524-a4ea-4be4-b99d-fb9eed47142d@group-9DC5606B5DE8-SegmentedRaftLog:OPENED:c-1,f-1,i0, conf=-1: [05f59524-a4ea-4be4-b99d-fb9eed47142d:192.168.34.62:45919, 4b035f45-7941-40c3-ba2d-1cbecd2d369e:192.168.34.62:45443, 920a4478-64f4-4720-983c-9a2102f3c94b:192.168.34.62:38609], old=null
2019-10-17 07:38:54,533 [05f59524-a4ea-4be4-b99d-fb9eed47142d@group-9DC5606B5DE8-LeaderElection223] INFO  impl.RaftServerImpl (RaftServerImpl.java:setRole(184)) - 05f59524-a4ea-4be4-b99d-fb9eed47142d@group-9DC5606B5DE8: changes role from CANDIDATE to FOLLOWER at term 258 for DISCOVERED_A_NEW_TERM
2019-10-17 07:38:54,534 [05f59524-a4ea-4be4-b99d-fb9eed47142d@group-9DC5606B5DE8-LeaderElection223] INFO  impl.RoleInfo (RoleInfo.java:shutdownLeaderElection(134)) - 05f59524-a4ea-4be4-b99d-fb9eed47142d: shutdown LeaderElection
2019-10-17 07:38:54,534 [05f59524-a4ea-4be4-b99d-fb9eed47142d@group-9DC5606B5DE8-LeaderElection223] INFO  impl.RoleInfo (RoleInfo.java:updateAndGet(143)) - 05f59524-a4ea-4be4-b99d-fb9eed47142d: start FollowerState
2019-10-17 07:38:54,547 [Thread-1908] INFO  impl.FollowerState (FollowerState.java:run(108)) - 05f59524-a4ea-4be4-b99d-fb9eed47142d@group-9DC5606B5DE8-FollowerState: change to CANDIDATE, lastRpcTime:13ms, electionTimeout:13ms
2019-10-17 07:38:54,547 [Thread-1908] INFO  impl.RoleInfo (RoleInfo.java:shutdownFollowerState(121)) - 05f59524-a4ea-4be4-b99d-fb9eed47142d: shutdown FollowerState
2019-10-17 07:38:54,547 [Thread-1908] INFO  impl.RaftServerImpl (RaftServerImpl.java:setRole(184)) - 05f59524-a4ea-4be4-b99d-fb9eed47142d@group-9DC5606B5DE8: changes role from  FOLLOWER to CANDIDATE at term 258 for changeToCandidate
2019-10-17 07:38:54,548 [Thread-1908] INFO  impl.RoleInfo (RoleInfo.java:updateAndGet(143)) - 05f59524-a4ea-4be4-b99d-fb9eed47142d: start LeaderElection
2019-10-17 07:38:54,584 [05f59524-a4ea-4be4-b99d-fb9eed47142d@group-9DC5606B5DE8-LeaderElection224] INFO  impl.LeaderElection (LeaderElection.java:askForVotes(178)) - 05f59524-a4ea-4be4-b99d-fb9eed47142d@group-9DC5606B5DE8-LeaderElection224: begin an election at term 259 for -1: [05f59524-a4ea-4be4-b99d-fb9eed47142d:192.168.34.62:45919, 4b035f45-7941-40c3-ba2d-1cbecd2d369e:192.168.34.62:45443, 920a4478-64f4-4720-983c-9a2102f3c94b:192.168.34.62:38609], old=null
2019-10-17 07:38:54,586 [grpc-default-executor-5] INFO  impl.RaftServerImpl (RaftServerImpl.java:setRole(184)) - 4b035f45-7941-40c3-ba2d-1cbecd2d369e@group-9DC5606B5DE8: changes role from  FOLLOWER to FOLLOWER at term 259 for recognizeCandidate:05f59524-a4ea-4be4-b99d-fb9eed47142d
2019-10-17 07:38:54,586 [grpc-default-executor-5] INFO  impl.RoleInfo (RoleInfo.java:shutdownFollowerState(121)) - 4b035f45-7941-40c3-ba2d-1cbecd2d369e: shutdown FollowerState
2019-10-17 07:38:54,586 [grpc-default-executor-6] INFO  impl.RaftServerImpl (RaftServerImpl.java:setRole(184)) - 920a4478-64f4-4720-983c-9a2102f3c94b@group-9DC5606B5DE8: changes role from  FOLLOWER to FOLLOWER at term 259 for recognizeCandidate:05f59524-a4ea-4be4-b99d-fb9eed47142d
2019-10-17 07:38:54,586 [grpc-default-executor-6] INFO  impl.RoleInfo (RoleInfo.java:shutdownFollowerState(121)) - 920a4478-64f4-4720-983c-9a2102f3c94b: shutdown FollowerState
2019-10-17 07:38:54,586 [Thread-1906] INFO  impl.FollowerState (FollowerState.java:run(117)) - 4b035f45-7941-40c3-ba2d-1cbecd2d369e@group-9DC5606B5DE8-FollowerState was interrupted: java.lang.InterruptedException: sleep interrupted
2019-10-17 07:38:54,587 [Thread-1907] INFO  impl.FollowerState (FollowerState.java:run(117)) - 920a4478-64f4-4720-983c-9a2102f3c94b@group-9DC5606B5DE8-FollowerState was interrupted: java.lang.InterruptedException: sleep interrupted
2019-10-17 07:38:54,586 [grpc-default-executor-5] INFO  impl.RoleInfo (RoleInfo.java:updateAndGet(143)) - 4b035f45-7941-40c3-ba2d-1cbecd2d369e: start FollowerState
2019-10-17 07:38:54,587 [grpc-default-executor-6] INFO  impl.RoleInfo (RoleInfo.java:updateAndGet(143)) - 920a4478-64f4-4720-983c-9a2102f3c94b: start FollowerState
2019-10-17 07:38:54,599 [05f59524-a4ea-4be4-b99d-fb9eed47142d@group-9DC5606B5DE8-LeaderElection224] INFO  impl.LeaderElection (LeaderElection.java:logAndReturn(56)) - 05f59524-a4ea-4be4-b99d-fb9eed47142d@group-9DC5606B5DE8-LeaderElection224: Election TIMEOUT; received 0 response(s) [] and 0 exception(s); 05f59524-a4ea-4be4-b99d-fb9eed47142d@group-9DC5606B5DE8:t259, leader=null, voted=05f59524-a4ea-4be4-b99d-fb9eed47142d, raftlog=05f59524-a4ea-4be4-b99d-fb9eed47142d@group-9DC5606B5DE8-SegmentedRaftLog:OPENED:c-1,f-1,i0, conf=-1: [05f59524-a4ea-4be4-b99d-fb9eed47142d:192.168.34.62:45919, 4b035f45-7941-40c3-ba2d-1cbecd2d369e:192.168.34.62:45443, 920a4478-64f4-4720-983c-9a2102f3c94b:192.168.34.62:38609], old=null
2019-10-17 07:38:54,605 [05f59524-a4ea-4be4-b99d-fb9eed47142d@group-9DC5606B5DE8-LeaderElection224] INFO  impl.LeaderElection (LeaderElection.java:askForVotes(178)) - 05f59524-a4ea-4be4-b99d-fb9eed47142d@group-9DC5606B5DE8-LeaderElection224: begin an election at term 260 for -1: [05f59524-a4ea-4be4-b99d-fb9eed47142d:192.168.34.62:45919, 4b035f45-7941-40c3-ba2d-1cbecd2d369e:192.168.34.62:45443, 920a4478-64f4-4720-983c-9a2102f3c94b:192.168.34.62:38609], old=null
2019-10-17 07:38:54,607 [grpc-default-executor-5] INFO  impl.RaftServerImpl (RaftServerImpl.java:setRole(184)) - 4b035f45-7941-40c3-ba2d-1cbecd2d369e@group-9DC5606B5DE8: changes role from  FOLLOWER to FOLLOWER at term 260 for recognizeCandidate:05f59524-a4ea-4be4-b99d-fb9eed47142d
2019-10-17 07:38:54,608 [grpc-default-executor-5] INFO  impl.RoleInfo (RoleInfo.java:shutdownFollowerState(121)) - 4b035f45-7941-40c3-ba2d-1cbecd2d369e: shutdown FollowerState
2019-10-17 07:38:54,608 [grpc-default-executor-6] INFO  impl.RaftServerImpl (RaftServerImpl.java:setRole(184)) - 920a4478-64f4-4720-983c-9a2102f3c94b@group-9DC5606B5DE8: changes role from  FOLLOWER to FOLLOWER at term 260 for recognizeCandidate:05f59524-a4ea-4be4-b99d-fb9eed47142d
2019-10-17 07:38:54,608 [grpc-default-executor-5] INFO  impl.RoleInfo (RoleInfo.java:updateAndGet(143)) - 4b035f45-7941-40c3-ba2d-1cbecd2d369e: start FollowerState
2019-10-17 07:38:54,608 [Thread-1912] INFO  impl.FollowerState (FollowerState.java:run(117)) - 4b035f45-7941-40c3-ba2d-1cbecd2d369e@group-9DC5606B5DE8-FollowerState was interrupted: java.lang.InterruptedException: sleep interrupted
2019-10-17 07:38:54,608 [grpc-default-executor-6] INFO  impl.RoleInfo (RoleInfo.java:shutdownFollowerState(121)) - 920a4478-64f4-4720-983c-9a2102f3c94b: shutdown FollowerState
2019-10-17 07:38:54,608 [grpc-default-executor-6] INFO  impl.RoleInfo (RoleInfo.java:updateAndGet(143)) - 920a4478-64f4-4720-983c-9a2102f3c94b: start FollowerState
2019-10-17 07:38:54,608 [Thread-1913] INFO  impl.FollowerState (FollowerState.java:run(117)) - 920a4478-64f4-4720-983c-9a2102f3c94b@group-9DC5606B5DE8-FollowerState was interrupted: java.lang.InterruptedException: sleep interrupted
2019-10-17 07:38:54,629 [05f59524-a4ea-4be4-b99d-fb9eed47142d@group-9DC5606B5DE8-LeaderElection224] INFO  impl.LeaderElection (LeaderElection.java:logAndReturn(56)) - 05f59524-a4ea-4be4-b99d-fb9eed47142d@group-9DC5606B5DE8-LeaderElection224: Election REJECTED; received 2 response(s) [05f59524-a4ea-4be4-b99d-fb9eed47142d<-4b035f45-7941-40c3-ba2d-1cbecd2d369e#0:FAIL-t260, 05f59524-a4ea-4be4-b99d-fb9eed47142d<-920a4478-64f4-4720-983c-9a2102f3c94b#0:FAIL-t260] and 0 exception(s); 05f59524-a4ea-4be4-b99d-fb9eed47142d@group-9DC5606B5DE8:t260, leader=null, voted=05f59524-a4ea-4be4-b99d-fb9eed47142d, raftlog=05f59524-a4ea-4be4-b99d-fb9eed47142d@group-9DC5606B5DE8-SegmentedRaftLog:OPENED:c-1,f-1,i0, conf=-1: [05f59524-a4ea-4be4-b99d-fb9eed47142d:192.168.34.62:45919, 4b035f45-7941-40c3-ba2d-1cbecd2d369e:192.168.34.62:45443, 920a4478-64f4-4720-983c-9a2102f3c94b:192.168.34.62:38609], old=null
2019-10-17 07:38:54,630 [05f59524-a4ea-4be4-b99d-fb9eed47142d@group-9DC5606B5DE8-LeaderElection224] INFO  impl.RaftServerImpl (RaftServerImpl.java:setRole(184)) - 05f59524-a4ea-4be4-b99d-fb9eed47142d@group-9DC5606B5DE8: changes role from CANDIDATE to FOLLOWER at term 260 for DISCOVERED_A_NEW_TERM
2019-10-17 07:38:54,630 [05f59524-a4ea-4be4-b99d-fb9eed47142d@group-9DC5606B5DE8-LeaderElection224] INFO  impl.RoleInfo (RoleInfo.java:shutdownLeaderElection(134)) - 05f59524-a4ea-4be4-b99d-fb9eed47142d: shutdown LeaderElection
2019-10-17 07:38:54,630 [05f59524-a4ea-4be4-b99d-fb9eed47142d@group-9DC5606B5DE8-LeaderElection224] INFO  impl.RoleInfo (RoleInfo.java:updateAndGet(143)) - 05f59524-a4ea-4be4-b99d-fb9eed47142d: start FollowerState
2019-10-17 07:38:54,808 [Thread-1918] INFO  impl.FollowerState (FollowerState.java:run(108)) - 05f59524-a4ea-4be4-b99d-fb9eed47142d@group-9DC5606B5DE8-FollowerState: change to CANDIDATE, lastRpcTime:178ms, electionTimeout:178ms
2019-10-17 07:38:54,809 [Thread-1918] INFO  impl.RoleInfo (RoleInfo.java:shutdownFollowerState(121)) - 05f59524-a4ea-4be4-b99d-fb9eed47142d: shutdown FollowerState
2019-10-17 07:38:54,809 [Thread-1918] INFO  impl.RaftServerImpl (RaftServerImpl.java:setRole(184)) - 05f59524-a4ea-4be4-b99d-fb9eed47142d@group-9DC5606B5DE8: changes role from  FOLLOWER to CANDIDATE at term 260 for changeToCandidate
2019-10-17 07:38:54,809 [Thread-1918] INFO  impl.RoleInfo (RoleInfo.java:updateAndGet(143)) - 05f59524-a4ea-4be4-b99d-fb9eed47142d: start LeaderElection
2019-10-17 07:38:54,833 [05f59524-a4ea-4be4-b99d-fb9eed47142d@group-9DC5606B5DE8-LeaderElection225] INFO  impl.LeaderElection (LeaderElection.java:askForVotes(178)) - 05f59524-a4ea-4be4-b99d-fb9eed47142d@group-9DC5606B5DE8-LeaderElection225: begin an election at term 261 for -1: [05f59524-a4ea-4be4-b99d-fb9eed47142d:192.168.34.62:45919, 4b035f45-7941-40c3-ba2d-1cbecd2d369e:192.168.34.62:45443, 920a4478-64f4-4720-983c-9a2102f3c94b:192.168.34.62:38609], old=null
2019-10-17 07:38:54,835 [grpc-default-executor-6] INFO  impl.RaftServerImpl (RaftServerImpl.java:setRole(184)) - 4b035f45-7941-40c3-ba2d-1cbecd2d369e@group-9DC5606B5DE8: changes role from  FOLLOWER to FOLLOWER at term 261 for recognizeCandidate:05f59524-a4ea-4be4-b99d-fb9eed47142d
2019-10-17 07:38:54,835 [grpc-default-executor-6] INFO  impl.RoleInfo (RoleInfo.java:shutdownFollowerState(121)) - 4b035f45-7941-40c3-ba2d-1cbecd2d369e: shutdown FollowerState
2019-10-17 07:38:54,835 [grpc-default-executor-5] INFO  impl.RaftServerImpl (RaftServerImpl.java:setRole(184)) - 920a4478-64f4-4720-983c-9a2102f3c94b@group-9DC5606B5DE8: changes role from  FOLLOWER to FOLLOWER at term 261 for recognizeCandidate:05f59524-a4ea-4be4-b99d-fb9eed47142d
2019-10-17 07:38:54,835 [grpc-default-executor-5] INFO  impl.RoleInfo (RoleInfo.java:shutdownFollowerState(121)) - 920a4478-64f4-4720-983c-9a2102f3c94b: shutdown FollowerState
2019-10-17 07:38:54,835 [grpc-default-executor-6] INFO  impl.RoleInfo (RoleInfo.java:updateAndGet(143)) - 4b035f45-7941-40c3-ba2d-1cbecd2d369e: start FollowerState
2019-10-17 07:38:54,835 [Thread-1916] INFO  impl.FollowerState (FollowerState.java:run(117)) - 4b035f45-7941-40c3-ba2d-1cbecd2d369e@group-9DC5606B5DE8-FollowerState was interrupted: java.lang.InterruptedException: sleep interrupted
2019-10-17 07:38:54,835 [Thread-1917] INFO  impl.FollowerState (FollowerState.java:run(117)) - 920a4478-64f4-4720-983c-9a2102f3c94b@group-9DC5606B5DE8-FollowerState was interrupted: java.lang.InterruptedException: sleep interrupted
2019-10-17 07:38:54,835 [grpc-default-executor-5] INFO  impl.RoleInfo (RoleInfo.java:updateAndGet(143)) - 920a4478-64f4-4720-983c-9a2102f3c94b: start FollowerState
2019-10-17 07:38:54,859 [05f59524-a4ea-4be4-b99d-fb9eed47142d@group-9DC5606B5DE8-LeaderElection225] INFO  impl.LeaderElection (LeaderElection.java:logAndReturn(56)) - 05f59524-a4ea-4be4-b99d-fb9eed47142d@group-9DC5606B5DE8-LeaderElection225: Election REJECTED; received 2 response(s) [05f59524-a4ea-4be4-b99d-fb9eed47142d<-4b035f45-7941-40c3-ba2d-1cbecd2d369e#0:FAIL-t261, 05f59524-a4ea-4be4-b99d-fb9eed47142d<-920a4478-64f4-4720-983c-9a2102f3c94b#0:FAIL-t261] and 0 exception(s); 05f59524-a4ea-4be4-b99d-fb9eed47142d@group-9DC5606B5DE8:t261, leader=null, voted=05f59524-a4ea-4be4-b99d-fb9eed47142d, raftlog=05f59524-a4ea-4be4-b99d-fb9eed47142d@group-9DC5606B5DE8-SegmentedRaftLog:OPENED:c-1,f-1,i0, conf=-1: [05f59524-a4ea-4be4-b99d-fb9eed47142d:192.168.34.62:45919, 4b035f45-7941-40c3-ba2d-1cbecd2d369e:192.168.34.62:45443, 920a4478-64f4-4720-983c-9a2102f3c94b:192.168.34.62:38609], old=null
2019-10-17 07:38:54,859 [05f59524-a4ea-4be4-b99d-fb9eed47142d@group-9DC5606B5DE8-LeaderElection225] INFO  impl.RaftServerImpl (RaftServerImpl.java:setRole(184)) - 05f59524-a4ea-4be4-b99d-fb9eed47142d@group-9DC5606B5DE8: changes role from CANDIDATE to FOLLOWER at term 261 for DISCOVERED_A_NEW_TERM
2019-10-17 07:38:54,859 [05f59524-a4ea-4be4-b99d-fb9eed47142d@group-9DC5606B5DE8-LeaderElection225] INFO  impl.RoleInfo (RoleInfo.java:shutdownLeaderElection(134)) - 05f59524-a4ea-4be4-b99d-fb9eed47142d: shutdown LeaderElection
2019-10-17 07:38:54,859 [05f59524-a4ea-4be4-b99d-fb9eed47142d@group-9DC5606B5DE8-LeaderElection225] INFO  impl.RoleInfo (RoleInfo.java:updateAndGet(143)) - 05f59524-a4ea-4be4-b99d-fb9eed47142d: start FollowerState
2019-10-17 07:38:55,013 [Thread-1926] INFO  impl.FollowerState (FollowerState.java:run(108)) - 05f59524-a4ea-4be4-b99d-fb9eed47142d@group-9DC5606B5DE8-FollowerState: change to CANDIDATE, lastRpcTime:154ms, electionTimeout:154ms
2019-10-17 07:38:55,014 [Thread-1926] INFO  impl.RoleInfo (RoleInfo.java:shutdownFollowerState(121)) - 05f59524-a4ea-4be4-b99d-fb9eed47142d: shutdown FollowerState
2019-10-17 07:38:55,014 [Thread-1926] INFO  impl.RaftServerImpl (RaftServerImpl.java:setRole(184)) - 05f59524-a4ea-4be4-b99d-fb9eed47142d@group-9DC5606B5DE8: changes role from  FOLLOWER to CANDIDATE at term 261 for changeToCandidate
2019-10-17 07:38:55,014 [Thread-1926] INFO  impl.RoleInfo (RoleInfo.java:updateAndGet(143)) - 05f59524-a4ea-4be4-b99d-fb9eed47142d: start LeaderElection
2019-10-17 07:38:55,039 [05f59524-a4ea-4be4-b99d-fb9eed47142d@group-9DC5606B5DE8-LeaderElection226] INFO  impl.LeaderElection (LeaderElection.java:askForVotes(178)) - 05f59524-a4ea-4be4-b99d-fb9eed47142d@group-9DC5606B5DE8-LeaderElection226: begin an election at term 262 for -1: [05f59524-a4ea-4be4-b99d-fb9eed47142d:192.168.34.62:45919, 4b035f45-7941-40c3-ba2d-1cbecd2d369e:192.168.34.62:45443, 920a4478-64f4-4720-983c-9a2102f3c94b:192.168.34.62:38609], old=null
2019-10-17 07:38:55,042 [grpc-default-executor-5] INFO  impl.RaftServerImpl (RaftServerImpl.java:setRole(184)) - 920a4478-64f4-4720-983c-9a2102f3c94b@group-9DC5606B5DE8: changes role from  FOLLOWER to FOLLOWER at term 262 for recognizeCandidate:05f59524-a4ea-4be4-b99d-fb9eed47142d
2019-10-17 07:38:55,042 [grpc-default-executor-6] INFO  impl.RaftServerImpl (RaftServerImpl.java:setRole(184)) - 4b035f45-7941-40c3-ba2d-1cbecd2d369e@group-9DC5606B5DE8: changes role from  FOLLOWER to FOLLOWER at term 262 for recognizeCandidate:05f59524-a4ea-4be4-b99d-fb9eed47142d
2019-10-17 07:38:55,042 [grpc-default-executor-5] INFO  impl.RoleInfo (RoleInfo.java:shutdownFollowerState(121)) - 920a4478-64f4-4720-983c-9a2102f3c94b: shutdown FollowerState
2019-10-17 07:38:55,042 [grpc-default-executor-6] INFO  impl.RoleInfo (RoleInfo.java:shutdownFollowerState(121)) - 4b035f45-7941-40c3-ba2d-1cbecd2d369e: shutdown FollowerState
2019-10-17 07:38:55,043 [Thread-1925] INFO  impl.FollowerState (FollowerState.java:run(117)) - 920a4478-64f4-4720-983c-9a2102f3c94b@group-9DC5606B5DE8-FollowerState was interrupted: java.lang.InterruptedException: sleep interrupted
2019-10-17 07:38:55,043 [grpc-default-executor-5] INFO  impl.RoleInfo (RoleInfo.java:updateAndGet(143)) - 920a4478-64f4-4720-983c-9a2102f3c94b: start FollowerState
2019-10-17 07:38:55,043 [Thread-1924] INFO  impl.FollowerState (FollowerState.java:run(117)) - 4b035f45-7941-40c3-ba2d-1cbecd2d369e@group-9DC5606B5DE8-FollowerState was interrupted: java.lang.InterruptedException: sleep interrupted
2019-10-17 07:38:55,043 [grpc-default-executor-6] INFO  impl.RoleInfo (RoleInfo.java:updateAndGet(143)) - 4b035f45-7941-40c3-ba2d-1cbecd2d369e: start FollowerState
2019-10-17 07:38:55,057 [05f59524-a4ea-4be4-b99d-fb9eed47142d@group-9DC5606B5DE8-LeaderElection226] INFO  impl.LeaderElection (LeaderElection.java:logAndReturn(56)) - 05f59524-a4ea-4be4-b99d-fb9eed47142d@group-9DC5606B5DE8-LeaderElection226: Election REJECTED; received 2 response(s) [05f59524-a4ea-4be4-b99d-fb9eed47142d<-4b035f45-7941-40c3-ba2d-1cbecd2d369e#0:FAIL-t262, 05f59524-a4ea-4be4-b99d-fb9eed47142d<-920a4478-64f4-4720-983c-9a2102f3c94b#0:FAIL-t262] and 0 exception(s); 05f59524-a4ea-4be4-b99d-fb9eed47142d@group-9DC5606B5DE8:t262, leader=null, voted=05f59524-a4ea-4be4-b99d-fb9eed47142d, raftlog=05f59524-a4ea-4be4-b99d-fb9eed47142d@group-9DC5606B5DE8-SegmentedRaftLog:OPENED:c-1,f-1,i0, conf=-1: [05f59524-a4ea-4be4-b99d-fb9eed47142d:192.168.34.62:45919, 4b035f45-7941-40c3-ba2d-1cbecd2d369e:192.168.34.62:45443, 920a4478-64f4-4720-983c-9a2102f3c94b:192.168.34.62:38609], old=null
2019-10-17 07:38:55,057 [05f59524-a4ea-4be4-b99d-fb9eed47142d@group-9DC5606B5DE8-LeaderElection226] INFO  impl.RaftServerImpl (RaftServerImpl.java:setRole(184)) - 05f59524-a4ea-4be4-b99d-fb9eed47142d@group-9DC5606B5DE8: changes role from CANDIDATE to FOLLOWER at term 262 for DISCOVERED_A_NEW_TERM
2019-10-17 07:38:55,057 [05f59524-a4ea-4be4-b99d-fb9eed47142d@group-9DC5606B5DE8-LeaderElection226] INFO  impl.RoleInfo (RoleInfo.java:shutdownLeaderElection(134)) - 05f59524-a4ea-4be4-b99d-fb9eed47142d: shutdown LeaderElection
2019-10-17 07:38:55,057 [05f59524-a4ea-4be4-b99d-fb9eed47142d@group-9DC5606B5DE8-LeaderElection226] INFO  impl.RoleInfo (RoleInfo.java:updateAndGet(143)) - 05f59524-a4ea-4be4-b99d-fb9eed47142d: start FollowerState
2019-10-17 07:38:55,201 [Thread-1932] INFO  impl.FollowerState (FollowerState.java:run(108)) - 05f59524-a4ea-4be4-b99d-fb9eed47142d@group-9DC5606B5DE8-FollowerState: change to CANDIDATE, lastRpcTime:143ms, electionTimeout:143ms
2019-10-17 07:38:55,201 [Thread-1932] INFO  impl.RoleInfo (RoleInfo.java:shutdownFollowerState(121)) - 05f59524-a4ea-4be4-b99d-fb9eed47142d: shutdown FollowerState
2019-10-17 07:38:55,201 [Thread-1932] INFO  impl.RaftServerImpl (RaftServerImpl.java:setRole(184)) - 05f59524-a4ea-4be4-b99d-fb9eed47142d@group-9DC5606B5DE8: changes role from  FOLLOWER to CANDIDATE at term 262 for changeToCandidate
2019-10-17 07:38:55,201 [Thread-1932] INFO  impl.RoleInfo (RoleInfo.java:updateAndGet(143)) - 05f59524-a4ea-4be4-b99d-fb9eed47142d: start LeaderElection
2019-10-17 07:38:55,216 [05f59524-a4ea-4be4-b99d-fb9eed47142d@group-9DC5606B5DE8-LeaderElection227] INFO  impl.LeaderElection (LeaderElection.java:askForVotes(178)) - 05f59524-a4ea-4be4-b99d-fb9eed47142d@group-9DC5606B5DE8-LeaderElection227: begin an election at term 263 for -1: [05f59524-a4ea-4be4-b99d-fb9eed47142d:192.168.34.62:45919, 4b035f45-7941-40c3-ba2d-1cbecd2d369e:192.168.34.62:45443, 920a4478-64f4-4720-983c-9a2102f3c94b:192.168.34.62:38609], old=null
2019-10-17 07:38:55,218 [grpc-default-executor-5] INFO  impl.RaftServerImpl (RaftServerImpl.java:setRole(184)) - 4b035f45-7941-40c3-ba2d-1cbecd2d369e@group-9DC5606B5DE8: changes role from  FOLLOWER to FOLLOWER at term 263 for recognizeCandidate:05f59524-a4ea-4be4-b99d-fb9eed47142d
2019-10-17 07:38:55,219 [grpc-default-executor-5] INFO  impl.RoleInfo (RoleInfo.java:shutdownFollowerState(121)) - 4b035f45-7941-40c3-ba2d-1cbecd2d369e: shutdown FollowerState
2019-10-17 07:38:55,218 [grpc-default-executor-6] INFO  impl.RaftServerImpl (RaftServerImpl.java:setRole(184)) - 920a4478-64f4-4720-983c-9a2102f3c94b@group-9DC5606B5DE8: changes role from  FOLLOWER to FOLLOWER at term 263 for recognizeCandidate:05f59524-a4ea-4be4-b99d-fb9eed47142d
2019-10-17 07:38:55,219 [Thread-1931] INFO  impl.FollowerState (FollowerState.java:run(117)) - 4b035f45-7941-40c3-ba2d-1cbecd2d369e@group-9DC5606B5DE8-FollowerState was interrupted: java.lang.InterruptedException: sleep interrupted
2019-10-17 07:38:55,219 [grpc-default-executor-5] INFO  impl.RoleInfo (RoleInfo.java:updateAndGet(143)) - 4b035f45-7941-40c3-ba2d-1cbecd2d369e: start FollowerState
2019-10-17 07:38:55,219 [grpc-default-executor-6] INFO  impl.RoleInfo (RoleInfo.java:shutdownFollowerState(121)) - 920a4478-64f4-4720-983c-9a2102f3c94b: shutdown FollowerState
2019-10-17 07:38:55,220 [grpc-default-executor-6] INFO  impl.RoleInfo (RoleInfo.java:updateAndGet(143)) - 920a4478-64f4-4720-983c-9a2102f3c94b: start FollowerState
2019-10-17 07:38:55,220 [Thread-1930] INFO  impl.FollowerState (FollowerState.java:run(117)) - 920a4478-64f4-4720-983c-9a2102f3c94b@group-9DC5606B5DE8-FollowerState was interrupted: java.lang.InterruptedException: sleep interrupted
2019-10-17 07:38:55,233 [05f59524-a4ea-4be4-b99d-fb9eed47142d@group-9DC5606B5DE8-LeaderElection227] INFO  impl.LeaderElection (LeaderElection.java:logAndReturn(56)) - 05f59524-a4ea-4be4-b99d-fb9eed47142d@group-9DC5606B5DE8-LeaderElection227: Election REJECTED; received 2 response(s) [05f59524-a4ea-4be4-b99d-fb9eed47142d<-4b035f45-7941-40c3-ba2d-1cbecd2d369e#0:FAIL-t263, 05f59524-a4ea-4be4-b99d-fb9eed47142d<-920a4478-64f4-4720-983c-9a2102f3c94b#0:FAIL-t263] and 0 exception(s); 05f59524-a4ea-4be4-b99d-fb9eed47142d@group-9DC5606B5DE8:t263, leader=null, voted=05f59524-a4ea-4be4-b99d-fb9eed47142d, raftlog=05f59524-a4ea-4be4-b99d-fb9eed47142d@group-9DC5606B5DE8-SegmentedRaftLog:OPENED:c-1,f-1,i0, conf=-1: [05f59524-a4ea-4be4-b99d-fb9eed47142d:192.168.34.62:45919, 4b035f45-7941-40c3-ba2d-1cbecd2d369e:192.168.34.62:45443, 920a4478-64f4-4720-983c-9a2102f3c94b:192.168.34.62:38609], old=null
2019-10-17 07:38:55,234 [05f59524-a4ea-4be4-b99d-fb9eed47142d@group-9DC5606B5DE8-LeaderElection227] INFO  impl.RaftServerImpl (RaftServerImpl.java:setRole(184)) - 05f59524-a4ea-4be4-b99d-fb9eed47142d@group-9DC5606B5DE8: changes role from CANDIDATE to FOLLOWER at term 263 for DISCOVERED_A_NEW_TERM
2019-10-17 07:38:55,235 [05f59524-a4ea-4be4-b99d-fb9eed47142d@group-9DC5606B5DE8-LeaderElection227] INFO  impl.RoleInfo (RoleInfo.java:shutdownLeaderElection(134)) - 05f59524-a4ea-4be4-b99d-fb9eed47142d: shutdown LeaderElection
2019-10-17 07:38:55,235 [05f59524-a4ea-4be4-b99d-fb9eed47142d@group-9DC5606B5DE8-LeaderElection227] INFO  impl.RoleInfo (RoleInfo.java:updateAndGet(143)) - 05f59524-a4ea-4be4-b99d-fb9eed47142d: start FollowerState
2019-10-17 07:38:55,285 [Thread-1938] INFO  impl.FollowerState (FollowerState.java:run(108)) - 05f59524-a4ea-4be4-b99d-fb9eed47142d@group-9DC5606B5DE8-FollowerState: change to CANDIDATE, lastRpcTime:50ms, electionTimeout:50ms
2019-10-17 07:38:55,285 [Thread-1938] INFO  impl.RoleInfo (RoleInfo.java:shutdownFollowerState(121)) - 05f59524-a4ea-4be4-b99d-fb9eed47142d: shutdown FollowerState
2019-10-17 07:38:55,286 [Thread-1938] INFO  impl.RaftServerImpl (RaftServerImpl.java:setRole(184)) - 05f59524-a4ea-4be4-b99d-fb9eed47142d@group-9DC5606B5DE8: changes role from  FOLLOWER to CANDIDATE at term 263 for changeToCandidate
2019-10-17 07:38:55,286 [Thread-1938] INFO  impl.RoleInfo (RoleInfo.java:updateAndGet(143)) - 05f59524-a4ea-4be4-b99d-fb9eed47142d: start LeaderElection
2019-10-17 07:38:55,324 [05f59524-a4ea-4be4-b99d-fb9eed47142d@group-9DC5606B5DE8-LeaderElection228] INFO  impl.LeaderElection (LeaderElection.java:askForVotes(178)) - 05f59524-a4ea-4be4-b99d-fb9eed47142d@group-9DC5606B5DE8-LeaderElection228: begin an election at term 264 for -1: [05f59524-a4ea-4be4-b99d-fb9eed47142d:192.168.34.62:45919, 4b035f45-7941-40c3-ba2d-1cbecd2d369e:192.168.34.62:45443, 920a4478-64f4-4720-983c-9a2102f3c94b:192.168.34.62:38609], old=null
2019-10-17 07:38:55,326 [grpc-default-executor-5] INFO  impl.RaftServerImpl (RaftServerImpl.java:setRole(184)) - 4b035f45-7941-40c3-ba2d-1cbecd2d369e@group-9DC5606B5DE8: changes role from  FOLLOWER to FOLLOWER at term 264 for recognizeCandidate:05f59524-a4ea-4be4-b99d-fb9eed47142d
2019-10-17 07:38:55,326 [grpc-default-executor-5] INFO  impl.RoleInfo (RoleInfo.java:shutdownFollowerState(121)) - 4b035f45-7941-40c3-ba2d-1cbecd2d369e: shutdown FollowerState
2019-10-17 07:38:55,326 [grpc-default-executor-6] INFO  impl.RaftServerImpl (RaftServerImpl.java:setRole(184)) - 920a4478-64f4-4720-983c-9a2102f3c94b@group-9DC5606B5DE8: changes role from  FOLLOWER to FOLLOWER at term 264 for recognizeCandidate:05f59524-a4ea-4be4-b99d-fb9eed47142d
2019-10-17 07:38:55,326 [Thread-1936] INFO  impl.FollowerState (FollowerState.java:run(117)) - 4b035f45-7941-40c3-ba2d-1cbecd2d369e@group-9DC5606B5DE8-FollowerState was interrupted: java.lang.InterruptedException: sleep interrupted
2019-10-17 07:38:55,326 [grpc-default-executor-5] INFO  impl.RoleInfo (RoleInfo.java:updateAndGet(143)) - 4b035f45-7941-40c3-ba2d-1cbecd2d369e: start FollowerState
2019-10-17 07:38:55,326 [grpc-default-executor-6] INFO  impl.RoleInfo (RoleInfo.java:shutdownFollowerState(121)) - 920a4478-64f4-4720-983c-9a2102f3c94b: shutdown FollowerState
2019-10-17 07:38:55,327 [grpc-default-executor-6] INFO  impl.RoleInfo (RoleInfo.java:updateAndGet(143)) - 920a4478-64f4-4720-983c-9a2102f3c94b: start FollowerState
2019-10-17 07:38:55,327 [Thread-1937] INFO  impl.FollowerState (FollowerState.java:run(117)) - 920a4478-64f4-4720-983c-9a2102f3c94b@group-9DC5606B5DE8-FollowerState was interrupted: java.lang.InterruptedException: sleep interrupted
2019-10-17 07:38:55,357 [05f59524-a4ea-4be4-b99d-fb9eed47142d@group-9DC5606B5DE8-LeaderElection228] INFO  impl.LeaderElection (LeaderElection.java:logAndReturn(56)) - 05f59524-a4ea-4be4-b99d-fb9eed47142d@group-9DC5606B5DE8-LeaderElection228: Election REJECTED; received 2 response(s) [05f59524-a4ea-4be4-b99d-fb9eed47142d<-4b035f45-7941-40c3-ba2d-1cbecd2d369e#0:FAIL-t264, 05f59524-a4ea-4be4-b99d-fb9eed47142d<-920a4478-64f4-4720-983c-9a2102f3c94b#0:FAIL-t264] and 0 exception(s); 05f59524-a4ea-4be4-b99d-fb9eed47142d@group-9DC5606B5DE8:t264, leader=null, voted=05f59524-a4ea-4be4-b99d-fb9eed47142d, raftlog=05f59524-a4ea-4be4-b99d-fb9eed47142d@group-9DC5606B5DE8-SegmentedRaftLog:OPENED:c-1,f-1,i0, conf=-1: [05f59524-a4ea-4be4-b99d-fb9eed47142d:192.168.34.62:45919, 4b035f45-7941-40c3-ba2d-1cbecd2d369e:192.168.34.62:45443, 920a4478-64f4-4720-983c-9a2102f3c94b:192.168.34.62:38609], old=null
2019-10-17 07:38:55,357 [05f59524-a4ea-4be4-b99d-fb9eed47142d@group-9DC5606B5DE8-LeaderElection228] INFO  impl.RaftServerImpl (RaftServerImpl.java:setRole(184)) - 05f59524-a4ea-4be4-b99d-fb9eed47142d@group-9DC5606B5DE8: changes role from CANDIDATE to FOLLOWER at term 264 for DISCOVERED_A_NEW_TERM
2019-10-17 07:38:55,357 [05f59524-a4ea-4be4-b99d-fb9eed47142d@group-9DC5606B5DE8-LeaderElection228] INFO  impl.RoleInfo (RoleInfo.java:shutdownLeaderElection(134)) - 05f59524-a4ea-4be4-b99d-fb9eed47142d: shutdown LeaderElection
2019-10-17 07:38:55,357 [05f59524-a4ea-4be4-b99d-fb9eed47142d@group-9DC5606B5DE8-LeaderElection228] INFO  impl.RoleInfo (RoleInfo.java:updateAndGet(143)) - 05f59524-a4ea-4be4-b99d-fb9eed47142d: start FollowerState
2019-10-17 07:38:55,517 [Thread-1944] INFO  impl.FollowerState (FollowerState.java:run(108)) - 05f59524-a4ea-4be4-b99d-fb9eed47142d@group-9DC5606B5DE8-FollowerState: change to CANDIDATE, lastRpcTime:159ms, electionTimeout:159ms
2019-10-17 07:38:55,517 [Thread-1944] INFO  impl.RoleInfo (RoleInfo.java:shutdownFollowerState(121)) - 05f59524-a4ea-4be4-b99d-fb9eed47142d: shutdown FollowerState
2019-10-17 07:38:55,517 [Thread-1944] INFO  impl.RaftServerImpl (RaftServerImpl.java:setRole(184)) - 05f59524-a4ea-4be4-b99d-fb9eed47142d@group-9DC5606B5DE8: changes role from  FOLLOWER to CANDIDATE at term 264 for changeToCandidate
2019-10-17 07:38:55,517 [Thread-1944] INFO  impl.RoleInfo (RoleInfo.java:updateAndGet(143)) - 05f59524-a4ea-4be4-b99d-fb9eed47142d: start LeaderElection
2019-10-17 07:38:55,540 [05f59524-a4ea-4be4-b99d-fb9eed47142d@group-9DC5606B5DE8-LeaderElection229] INFO  impl.LeaderElection (LeaderElection.java:askForVotes(178)) - 05f59524-a4ea-4be4-b99d-fb9eed47142d@group-9DC5606B5DE8-LeaderElection229: begin an election at term 265 for -1: [05f59524-a4ea-4be4-b99d-fb9eed47142d:192.168.34.62:45919, 4b035f45-7941-40c3-ba2d-1cbecd2d369e:192.168.34.62:45443, 920a4478-64f4-4720-983c-9a2102f3c94b:192.168.34.62:38609], old=null
2019-10-17 07:38:55,543 [grpc-default-executor-5] INFO  impl.RaftServerImpl (RaftServerImpl.java:setRole(184)) - 4b035f45-7941-40c3-ba2d-1cbecd2d369e@group-9DC5606B5DE8: changes role from  FOLLOWER to FOLLOWER at term 265 for recognizeCandidate:05f59524-a4ea-4be4-b99d-fb9eed47142d
2019-10-17 07:38:55,543 [grpc-default-executor-5] INFO  impl.RoleInfo (RoleInfo.java:shutdownFollowerState(121)) - 4b035f45-7941-40c3-ba2d-1cbecd2d369e: shutdown FollowerState
2019-10-17 07:38:55,543 [grpc-default-executor-6] INFO  impl.RaftServerImpl (RaftServerImpl.java:setRole(184)) - 920a4478-64f4-4720-983c-9a2102f3c94b@group-9DC5606B5DE8: changes role from  FOLLOWER to FOLLOWER at term 265 for recognizeCandidate:05f59524-a4ea-4be4-b99d-fb9eed47142d
2019-10-17 07:38:55,543 [grpc-default-executor-5] INFO  impl.RoleInfo (RoleInfo.java:updateAndGet(143)) - 4b035f45-7941-40c3-ba2d-1cbecd2d369e: start FollowerState
2019-10-17 07:38:55,543 [Thread-1942] INFO  impl.FollowerState (FollowerState.java:run(117)) - 4b035f45-7941-40c3-ba2d-1cbecd2d369e@group-9DC5606B5DE8-FollowerState was interrupted: java.lang.InterruptedException: sleep interrupted
2019-10-17 07:38:55,544 [grpc-default-executor-6] INFO  impl.RoleInfo (RoleInfo.java:shutdownFollowerState(121)) - 920a4478-64f4-4720-983c-9a2102f3c94b: shutdown FollowerState
2019-10-17 07:38:55,544 [grpc-default-executor-6] INFO  impl.RoleInfo (RoleInfo.java:updateAndGet(143)) - 920a4478-64f4-4720-983c-9a2102f3c94b: start FollowerState
2019-10-17 07:38:55,544 [Thread-1943] INFO  impl.FollowerState (FollowerState.java:run(117)) - 920a4478-64f4-4720-983c-9a2102f3c94b@group-9DC5606B5DE8-FollowerState was interrupted: java.lang.InterruptedException: sleep interrupted
2019-10-17 07:38:55,568 [05f59524-a4ea-4be4-b99d-fb9eed47142d@group-9DC5606B5DE8-LeaderElection229] INFO  impl.LeaderElection (LeaderElection.java:logAndReturn(56)) - 05f59524-a4ea-4be4-b99d-fb9eed47142d@group-9DC5606B5DE8-LeaderElection229: Election REJECTED; received 2 response(s) [05f59524-a4ea-4be4-b99d-fb9eed47142d<-4b035f45-7941-40c3-ba2d-1cbecd2d369e#0:FAIL-t265, 05f59524-a4ea-4be4-b99d-fb9eed47142d<-920a4478-64f4-4720-983c-9a2102f3c94b#0:FAIL-t265] and 0 exception(s); 05f59524-a4ea-4be4-b99d-fb9eed47142d@group-9DC5606B5DE8:t265, leader=null, voted=05f59524-a4ea-4be4-b99d-fb9eed47142d, raftlog=05f59524-a4ea-4be4-b99d-fb9eed47142d@group-9DC5606B5DE8-SegmentedRaftLog:OPENED:c-1,f-1,i0, conf=-1: [05f59524-a4ea-4be4-b99d-fb9eed47142d:192.168.34.62:45919, 4b035f45-7941-40c3-ba2d-1cbecd2d369e:192.168.34.62:45443, 920a4478-64f4-4720-983c-9a2102f3c94b:192.168.34.62:38609], old=null
2019-10-17 07:38:55,568 [05f59524-a4ea-4be4-b99d-fb9eed47142d@group-9DC5606B5DE8-LeaderElection229] INFO  impl.RaftServerImpl (RaftServerImpl.java:setRole(184)) - 05f59524-a4ea-4be4-b99d-fb9eed47142d@group-9DC5606B5DE8: changes role from CANDIDATE to FOLLOWER at term 265 for DISCOVERED_A_NEW_TERM
2019-10-17 07:38:55,568 [05f59524-a4ea-4be4-b99d-fb9eed47142d@group-9DC5606B5DE8-LeaderElection229] INFO  impl.RoleInfo (RoleInfo.java:shutdownLeaderElection(134)) - 05f59524-a4ea-4be4-b99d-fb9eed47142d: shutdown LeaderElection
2019-10-17 07:38:55,569 [05f59524-a4ea-4be4-b99d-fb9eed47142d@group-9DC5606B5DE8-LeaderElection229] INFO  impl.RoleInfo (RoleInfo.java:updateAndGet(143)) - 05f59524-a4ea-4be4-b99d-fb9eed47142d: start FollowerState
2019-10-17 07:38:55,633 [Thread-1950] INFO  impl.FollowerState (FollowerState.java:run(108)) - 05f59524-a4ea-4be4-b99d-fb9eed47142d@group-9DC5606B5DE8-FollowerState: change to CANDIDATE, lastRpcTime:64ms, electionTimeout:64ms
2019-10-17 07:38:55,633 [Thread-1950] INFO  impl.RoleInfo (RoleInfo.java:shutdownFollowerState(121)) - 05f59524-a4ea-4be4-b99d-fb9eed47142d: shutdown FollowerState
2019-10-17 07:38:55,633 [Thread-1950] INFO  impl.RaftServerImpl (RaftServerImpl.java:setRole(184)) - 05f59524-a4ea-4be4-b99d-fb9eed47142d@group-9DC5606B5DE8: changes role from  FOLLOWER to CANDIDATE at term 265 for changeToCandidate
2019-10-17 07:38:55,634 [Thread-1950] INFO  impl.RoleInfo (RoleInfo.java:updateAndGet(143)) - 05f59524-a4ea-4be4-b99d-fb9eed47142d: start LeaderElection
2019-10-17 07:38:55,648 [05f59524-a4ea-4be4-b99d-fb9eed47142d@group-9DC5606B5DE8-LeaderElection230] INFO  impl.LeaderElection (LeaderElection.java:askForVotes(178)) - 05f59524-a4ea-4be4-b99d-fb9eed47142d@group-9DC5606B5DE8-LeaderElection230: begin an election at term 266 for -1: [05f59524-a4ea-4be4-b99d-fb9eed47142d:192.168.34.62:45919, 4b035f45-7941-40c3-ba2d-1cbecd2d369e:192.168.34.62:45443, 920a4478-64f4-4720-983c-9a2102f3c94b:192.168.34.62:38609], old=null
2019-10-17 07:38:55,650 [grpc-default-executor-6] INFO  impl.RaftServerImpl (RaftServerImpl.java:setRole(184)) - 4b035f45-7941-40c3-ba2d-1cbecd2d369e@group-9DC5606B5DE8: changes role from  FOLLOWER to FOLLOWER at term 266 for recognizeCandidate:05f59524-a4ea-4be4-b99d-fb9eed47142d
2019-10-17 07:38:55,650 [grpc-default-executor-5] INFO  impl.RaftServerImpl (RaftServerImpl.java:setRole(184)) - 920a4478-64f4-4720-983c-9a2102f3c94b@group-9DC5606B5DE8: changes role from  FOLLOWER to FOLLOWER at term 266 for recognizeCandidate:05f59524-a4ea-4be4-b99d-fb9eed47142d
2019-10-17 07:38:55,651 [grpc-default-executor-6] INFO  impl.RoleInfo (RoleInfo.java:shutdownFollowerState(121)) - 4b035f45-7941-40c3-ba2d-1cbecd2d369e: shutdown FollowerState
2019-10-17 07:38:55,651 [grpc-default-executor-5] INFO  impl.RoleInfo (RoleInfo.java:shutdownFollowerState(121)) - 920a4478-64f4-4720-983c-9a2102f3c94b: shutdown FollowerState
2019-10-17 07:38:55,651 [Thread-1948] INFO  impl.FollowerState (FollowerState.java:run(117)) - 4b035f45-7941-40c3-ba2d-1cbecd2d369e@group-9DC5606B5DE8-FollowerState was interrupted: java.lang.InterruptedException: sleep interrupted
2019-10-17 07:38:55,651 [grpc-default-executor-6] INFO  impl.RoleInfo (RoleInfo.java:updateAndGet(143)) - 4b035f45-7941-40c3-ba2d-1cbecd2d369e: start FollowerState
2019-10-17 07:38:55,651 [Thread-1949] INFO  impl.FollowerState (FollowerState.java:run(117)) - 920a4478-64f4-4720-983c-9a2102f3c94b@group-9DC5606B5DE8-FollowerState was interrupted: java.lang.InterruptedException: sleep interrupted
2019-10-17 07:38:55,651 [grpc-default-executor-5] INFO  impl.RoleInfo (RoleInfo.java:updateAndGet(143)) - 920a4478-64f4-4720-983c-9a2102f3c94b: start FollowerState
2019-10-17 07:38:55,675 [05f59524-a4ea-4be4-b99d-fb9eed47142d@group-9DC5606B5DE8-LeaderElection230] INFO  impl.LeaderElection (LeaderElection.java:logAndReturn(56)) - 05f59524-a4ea-4be4-b99d-fb9eed47142d@group-9DC5606B5DE8-LeaderElection230: Election REJECTED; received 2 response(s) [05f59524-a4ea-4be4-b99d-fb9eed47142d<-4b035f45-7941-40c3-ba2d-1cbecd2d369e#0:FAIL-t266, 05f59524-a4ea-4be4-b99d-fb9eed47142d<-920a4478-64f4-4720-983c-9a2102f3c94b#0:FAIL-t266] and 0 exception(s); 05f59524-a4ea-4be4-b99d-fb9eed47142d@group-9DC5606B5DE8:t266, leader=null, voted=05f59524-a4ea-4be4-b99d-fb9eed47142d, raftlog=05f59524-a4ea-4be4-b99d-fb9eed47142d@group-9DC5606B5DE8-SegmentedRaftLog:OPENED:c-1,f-1,i0, conf=-1: [05f59524-a4ea-4be4-b99d-fb9eed47142d:192.168.34.62:45919, 4b035f45-7941-40c3-ba2d-1cbecd2d369e:192.168.34.62:45443, 920a4478-64f4-4720-983c-9a2102f3c94b:192.168.34.62:38609], old=null
2019-10-17 07:38:55,675 [05f59524-a4ea-4be4-b99d-fb9eed47142d@group-9DC5606B5DE8-LeaderElection230] INFO  impl.RaftServerImpl (RaftServerImpl.java:setRole(184)) - 05f59524-a4ea-4be4-b99d-fb9eed47142d@group-9DC5606B5DE8: changes role from CANDIDATE to FOLLOWER at term 266 for DISCOVERED_A_NEW_TERM
2019-10-17 07:38:55,676 [05f59524-a4ea-4be4-b99d-fb9eed47142d@group-9DC5606B5DE8-LeaderElection230] INFO  impl.RoleInfo (RoleInfo.java:shutdownLeaderElection(134)) - 05f59524-a4ea-4be4-b99d-fb9eed47142d: shutdown LeaderElection
2019-10-17 07:38:55,676 [05f59524-a4ea-4be4-b99d-fb9eed47142d@group-9DC5606B5DE8-LeaderElection230] INFO  impl.RoleInfo (RoleInfo.java:updateAndGet(143)) - 05f59524-a4ea-4be4-b99d-fb9eed47142d: start FollowerState
2019-10-17 07:38:55,771 [Thread-1956] INFO  impl.FollowerState (FollowerState.java:run(108)) - 05f59524-a4ea-4be4-b99d-fb9eed47142d@group-9DC5606B5DE8-FollowerState: change to CANDIDATE, lastRpcTime:95ms, electionTimeout:95ms
2019-10-17 07:38:55,771 [Thread-1956] INFO  impl.RoleInfo (RoleInfo.java:shutdownFollowerState(121)) - 05f59524-a4ea-4be4-b99d-fb9eed47142d: shutdown FollowerState
2019-10-17 07:38:55,772 [Thread-1956] INFO  impl.RaftServerImpl (RaftServerImpl.java:setRole(184)) - 05f59524-a4ea-4be4-b99d-fb9eed47142d@group-9DC5606B5DE8: changes role from  FOLLOWER to CANDIDATE at term 266 for changeToCandidate
2019-10-17 07:38:55,772 [Thread-1956] INFO  impl.RoleInfo (RoleInfo.java:updateAndGet(143)) - 05f59524-a4ea-4be4-b99d-fb9eed47142d: start LeaderElection
2019-10-17 07:38:55,785 [05f59524-a4ea-4be4-b99d-fb9eed47142d@group-9DC5606B5DE8-LeaderElection231] INFO  impl.LeaderElection (LeaderElection.java:askForVotes(178)) - 05f59524-a4ea-4be4-b99d-fb9eed47142d@group-9DC5606B5DE8-LeaderElection231: begin an election at term 267 for -1: [05f59524-a4ea-4be4-b99d-fb9eed47142d:192.168.34.62:45919, 4b035f45-7941-40c3-ba2d-1cbecd2d369e:192.168.34.62:45443, 920a4478-64f4-4720-983c-9a2102f3c94b:192.168.34.62:38609], old=null
2019-10-17 07:38:55,787 [grpc-default-executor-5] INFO  impl.RaftServerImpl (RaftServerImpl.java:setRole(184)) - 4b035f45-7941-40c3-ba2d-1cbecd2d369e@group-9DC5606B5DE8: changes role from  FOLLOWER to FOLLOWER at term 267 for recognizeCandidate:05f59524-a4ea-4be4-b99d-fb9eed47142d
2019-10-17 07:38:55,787 [grpc-default-executor-5] INFO  impl.RoleInfo (RoleInfo.java:shutdownFollowerState(121)) - 4b035f45-7941-40c3-ba2d-1cbecd2d369e: shutdown FollowerState
2019-10-17 07:38:55,787 [grpc-default-executor-6] INFO  impl.RaftServerImpl (RaftServerImpl.java:setRole(184)) - 920a4478-64f4-4720-983c-9a2102f3c94b@group-9DC5606B5DE8: changes role from  FOLLOWER to FOLLOWER at term 267 for recognizeCandidate:05f59524-a4ea-4be4-b99d-fb9eed47142d
2019-10-17 07:38:55,788 [grpc-default-executor-6] INFO  impl.RoleInfo (RoleInfo.java:shutdownFollowerState(121)) - 920a4478-64f4-4720-983c-9a2102f3c94b: shutdown FollowerState
2019-10-17 07:38:55,787 [Thread-1954] INFO  impl.FollowerState (FollowerState.java:run(117)) - 4b035f45-7941-40c3-ba2d-1cbecd2d369e@group-9DC5606B5DE8-FollowerState was interrupted: java.lang.InterruptedException: sleep interrupted
2019-10-17 07:38:55,787 [grpc-default-executor-5] INFO  impl.RoleInfo (RoleInfo.java:updateAndGet(143)) - 4b035f45-7941-40c3-ba2d-1cbecd2d369e: start FollowerState
2019-10-17 07:38:55,788 [grpc-default-executor-6] INFO  impl.RoleInfo (RoleInfo.java:updateAndGet(143)) - 920a4478-64f4-4720-983c-9a2102f3c94b: start FollowerState
2019-10-17 07:38:55,788 [Thread-1955] INFO  impl.FollowerState (FollowerState.java:run(117)) - 920a4478-64f4-4720-983c-9a2102f3c94b@group-9DC5606B5DE8-FollowerState was interrupted: java.lang.InterruptedException: sleep interrupted
2019-10-17 07:38:55,812 [05f59524-a4ea-4be4-b99d-fb9eed47142d@group-9DC5606B5DE8-LeaderElection231] INFO  impl.LeaderElection (LeaderElection.java:logAndReturn(56)) - 05f59524-a4ea-4be4-b99d-fb9eed47142d@group-9DC5606B5DE8-LeaderElection231: Election REJECTED; received 2 response(s) [05f59524-a4ea-4be4-b99d-fb9eed47142d<-4b035f45-7941-40c3-ba2d-1cbecd2d369e#0:FAIL-t267, 05f59524-a4ea-4be4-b99d-fb9eed47142d<-920a4478-64f4-4720-983c-9a2102f3c94b#0:FAIL-t267] and 0 exception(s); 05f59524-a4ea-4be4-b99d-fb9eed47142d@group-9DC5606B5DE8:t267, leader=null, voted=05f59524-a4ea-4be4-b99d-fb9eed47142d, raftlog=05f59524-a4ea-4be4-b99d-fb9eed47142d@group-9DC5606B5DE8-SegmentedRaftLog:OPENED:c-1,f-1,i0, conf=-1: [05f59524-a4ea-4be4-b99d-fb9eed47142d:192.168.34.62:45919, 4b035f45-7941-40c3-ba2d-1cbecd2d369e:192.168.34.62:45443, 920a4478-64f4-4720-983c-9a2102f3c94b:192.168.34.62:38609], old=null
2019-10-17 07:38:55,812 [05f59524-a4ea-4be4-b99d-fb9eed47142d@group-9DC5606B5DE8-LeaderElection231] INFO  impl.RaftServerImpl (RaftServerImpl.java:setRole(184)) - 05f59524-a4ea-4be4-b99d-fb9eed47142d@group-9DC5606B5DE8: changes role from CANDIDATE to FOLLOWER at term 267 for DISCOVERED_A_NEW_TERM
2019-10-17 07:38:55,812 [05f59524-a4ea-4be4-b99d-fb9eed47142d@group-9DC5606B5DE8-LeaderElection231] INFO  impl.RoleInfo (RoleInfo.java:shutdownLeaderElection(134)) - 05f59524-a4ea-4be4-b99d-fb9eed47142d: shutdown LeaderElection
2019-10-17 07:38:55,812 [05f59524-a4ea-4be4-b99d-fb9eed47142d@group-9DC5606B5DE8-LeaderElection231] INFO  impl.RoleInfo (RoleInfo.java:updateAndGet(143)) - 05f59524-a4ea-4be4-b99d-fb9eed47142d: start FollowerState
2019-10-17 07:38:55,835 [Thread-1962] INFO  impl.FollowerState (FollowerState.java:run(108)) - 05f59524-a4ea-4be4-b99d-fb9eed47142d@group-9DC5606B5DE8-FollowerState: change to CANDIDATE, lastRpcTime:22ms, electionTimeout:22ms
2019-10-17 07:38:55,835 [Thread-1962] INFO  impl.RoleInfo (RoleInfo.java:shutdownFollowerState(121)) - 05f59524-a4ea-4be4-b99d-fb9eed47142d: shutdown FollowerState
2019-10-17 07:38:55,835 [Thread-1962] INFO  impl.RaftServerImpl (RaftServerImpl.java:setRole(184)) - 05f59524-a4ea-4be4-b99d-fb9eed47142d@group-9DC5606B5DE8: changes role from  FOLLOWER to CANDIDATE at term 267 for changeToCandidate
2019-10-17 07:38:55,835 [Thread-1962] INFO  impl.RoleInfo (RoleInfo.java:updateAndGet(143)) - 05f59524-a4ea-4be4-b99d-fb9eed47142d: start LeaderElection
2019-10-17 07:38:55,849 [05f59524-a4ea-4be4-b99d-fb9eed47142d@group-9DC5606B5DE8-LeaderElection232] INFO  impl.LeaderElection (LeaderElection.java:askForVotes(178)) - 05f59524-a4ea-4be4-b99d-fb9eed47142d@group-9DC5606B5DE8-LeaderElection232: begin an election at term 268 for -1: [05f59524-a4ea-4be4-b99d-fb9eed47142d:192.168.34.62:45919, 4b035f45-7941-40c3-ba2d-1cbecd2d369e:192.168.34.62:45443, 920a4478-64f4-4720-983c-9a2102f3c94b:192.168.34.62:38609], old=null
2019-10-17 07:38:55,851 [grpc-default-executor-5] INFO  impl.RaftServerImpl (RaftServerImpl.java:setRole(184)) - 4b035f45-7941-40c3-ba2d-1cbecd2d369e@group-9DC5606B5DE8: changes role from  FOLLOWER to FOLLOWER at term 268 for recognizeCandidate:05f59524-a4ea-4be4-b99d-fb9eed47142d
2019-10-17 07:38:55,851 [grpc-default-executor-6] INFO  impl.RaftServerImpl (RaftServerImpl.java:setRole(184)) - 920a4478-64f4-4720-983c-9a2102f3c94b@group-9DC5606B5DE8: changes role from  FOLLOWER to FOLLOWER at term 268 for recognizeCandidate:05f59524-a4ea-4be4-b99d-fb9eed47142d
2019-10-17 07:38:55,851 [grpc-default-executor-6] INFO  impl.RoleInfo (RoleInfo.java:shutdownFollowerState(121)) - 920a4478-64f4-4720-983c-9a2102f3c94b: shutdown FollowerState
2019-10-17 07:38:55,851 [grpc-default-executor-5] INFO  impl.RoleInfo (RoleInfo.java:shutdownFollowerState(121)) - 4b035f45-7941-40c3-ba2d-1cbecd2d369e: shutdown FollowerState
2019-10-17 07:38:55,852 [Thread-1961] INFO  impl.FollowerState (FollowerState.java:run(117)) - 920a4478-64f4-4720-983c-9a2102f3c94b@group-9DC5606B5DE8-FollowerState was interrupted: java.lang.InterruptedException: sleep interrupted
2019-10-17 07:38:55,852 [grpc-default-executor-6] INFO  impl.RoleInfo (RoleInfo.java:updateAndGet(143)) - 920a4478-64f4-4720-983c-9a2102f3c94b: start FollowerState
2019-10-17 07:38:55,852 [Thread-1960] INFO  impl.FollowerState (FollowerState.java:run(117)) - 4b035f45-7941-40c3-ba2d-1cbecd2d369e@group-9DC5606B5DE8-FollowerState was interrupted: java.lang.InterruptedException: sleep interrupted
2019-10-17 07:38:55,852 [grpc-default-executor-5] INFO  impl.RoleInfo (RoleInfo.java:updateAndGet(143)) - 4b035f45-7941-40c3-ba2d-1cbecd2d369e: start FollowerState
2019-10-17 07:38:55,867 [05f59524-a4ea-4be4-b99d-fb9eed47142d@group-9DC5606B5DE8-LeaderElection232] INFO  impl.LeaderElection (LeaderElection.java:logAndReturn(56)) - 05f59524-a4ea-4be4-b99d-fb9eed47142d@group-9DC5606B5DE8-LeaderElection232: Election REJECTED; received 2 response(s) [05f59524-a4ea-4be4-b99d-fb9eed47142d<-4b035f45-7941-40c3-ba2d-1cbecd2d369e#0:FAIL-t268, 05f59524-a4ea-4be4-b99d-fb9eed47142d<-920a4478-64f4-4720-983c-9a2102f3c94b#0:FAIL-t268] and 0 exception(s); 05f59524-a4ea-4be4-b99d-fb9eed47142d@group-9DC5606B5DE8:t268, leader=null, voted=05f59524-a4ea-4be4-b99d-fb9eed47142d, raftlog=05f59524-a4ea-4be4-b99d-fb9eed47142d@group-9DC5606B5DE8-SegmentedRaftLog:OPENED:c-1,f-1,i0, conf=-1: [05f59524-a4ea-4be4-b99d-fb9eed47142d:192.168.34.62:45919, 4b035f45-7941-40c3-ba2d-1cbecd2d369e:192.168.34.62:45443, 920a4478-64f4-4720-983c-9a2102f3c94b:192.168.34.62:38609], old=null
2019-10-17 07:38:55,867 [05f59524-a4ea-4be4-b99d-fb9eed47142d@group-9DC5606B5DE8-LeaderElection232] INFO  impl.RaftServerImpl (RaftServerImpl.java:setRole(184)) - 05f59524-a4ea-4be4-b99d-fb9eed47142d@group-9DC5606B5DE8: changes role from CANDIDATE to FOLLOWER at term 268 for DISCOVERED_A_NEW_TERM
2019-10-17 07:38:55,867 [05f59524-a4ea-4be4-b99d-fb9eed47142d@group-9DC5606B5DE8-LeaderElection232] INFO  impl.RoleInfo (RoleInfo.java:shutdownLeaderElection(134)) - 05f59524-a4ea-4be4-b99d-fb9eed47142d: shutdown LeaderElection
2019-10-17 07:38:55,867 [05f59524-a4ea-4be4-b99d-fb9eed47142d@group-9DC5606B5DE8-LeaderElection232] INFO  impl.RoleInfo (RoleInfo.java:updateAndGet(143)) - 05f59524-a4ea-4be4-b99d-fb9eed47142d: start FollowerState
2019-10-17 07:38:56,045 [Thread-1968] INFO  impl.FollowerState (FollowerState.java:run(108)) - 05f59524-a4ea-4be4-b99d-fb9eed47142d@group-9DC5606B5DE8-FollowerState: change to CANDIDATE, lastRpcTime:177ms, electionTimeout:177ms
2019-10-17 07:38:56,045 [Thread-1968] INFO  impl.RoleInfo (RoleInfo.java:shutdownFollowerState(121)) - 05f59524-a4ea-4be4-b99d-fb9eed47142d: shutdown FollowerState
2019-10-17 07:38:56,045 [Thread-1968] INFO  impl.RaftServerImpl (RaftServerImpl.java:setRole(184)) - 05f59524-a4ea-4be4-b99d-fb9eed47142d@group-9DC5606B5DE8: changes role from  FOLLOWER to CANDIDATE at term 268 for changeToCandidate
2019-10-17 07:38:56,045 [Thread-1968] INFO  impl.RoleInfo (RoleInfo.java:updateAndGet(143)) - 05f59524-a4ea-4be4-b99d-fb9eed47142d: start LeaderElection
2019-10-17 07:38:56,059 [05f59524-a4ea-4be4-b99d-fb9eed47142d@group-9DC5606B5DE8-LeaderElection233] INFO  impl.LeaderElection (LeaderElection.java:askForVotes(178)) - 05f59524-a4ea-4be4-b99d-fb9eed47142d@group-9DC5606B5DE8-LeaderElection233: begin an election at term 269 for -1: [05f59524-a4ea-4be4-b99d-fb9eed47142d:192.168.34.62:45919, 4b035f45-7941-40c3-ba2d-1cbecd2d369e:192.168.34.62:45443, 920a4478-64f4-4720-983c-9a2102f3c94b:192.168.34.62:38609], old=null
2019-10-17 07:38:56,061 [grpc-default-executor-5] INFO  impl.RaftServerImpl (RaftServerImpl.java:setRole(184)) - 920a4478-64f4-4720-983c-9a2102f3c94b@group-9DC5606B5DE8: changes role from  FOLLOWER to FOLLOWER at term 269 for recognizeCandidate:05f59524-a4ea-4be4-b99d-fb9eed47142d
2019-10-17 07:38:56,061 [grpc-default-executor-5] INFO  impl.RoleInfo (RoleInfo.java:shutdownFollowerState(121)) - 920a4478-64f4-4720-983c-9a2102f3c94b: shutdown FollowerState
2019-10-17 07:38:56,061 [grpc-default-executor-6] INFO  impl.RaftServerImpl (RaftServerImpl.java:setRole(184)) - 4b035f45-7941-40c3-ba2d-1cbecd2d369e@group-9DC5606B5DE8: changes role from  FOLLOWER to FOLLOWER at term 269 for recognizeCandidate:05f59524-a4ea-4be4-b99d-fb9eed47142d
2019-10-17 07:38:56,062 [Thread-1966] INFO  impl.FollowerState (FollowerState.java:run(117)) - 920a4478-64f4-4720-983c-9a2102f3c94b@group-9DC5606B5DE8-FollowerState was interrupted: java.lang.InterruptedException: sleep interrupted
2019-10-17 07:38:56,062 [grpc-default-executor-5] INFO  impl.RoleInfo (RoleInfo.java:updateAndGet(143)) - 920a4478-64f4-4720-983c-9a2102f3c94b: start FollowerState
2019-10-17 07:38:56,062 [grpc-default-executor-6] INFO  impl.RoleInfo (RoleInfo.java:shutdownFollowerState(121)) - 4b035f45-7941-40c3-ba2d-1cbecd2d369e: shutdown FollowerState
2019-10-17 07:38:56,062 [grpc-default-executor-6] INFO  impl.RoleInfo (RoleInfo.java:updateAndGet(143)) - 4b035f45-7941-40c3-ba2d-1cbecd2d369e: start FollowerState
2019-10-17 07:38:56,063 [Thread-1967] INFO  impl.FollowerState (FollowerState.java:run(117)) - 4b035f45-7941-40c3-ba2d-1cbecd2d369e@group-9DC5606B5DE8-FollowerState was interrupted: java.lang.InterruptedException: sleep interrupted
2019-10-17 07:38:56,080 [05f59524-a4ea-4be4-b99d-fb9eed47142d@group-9DC5606B5DE8-LeaderElection233] INFO  impl.LeaderElection (LeaderElection.java:logAndReturn(56)) - 05f59524-a4ea-4be4-b99d-fb9eed47142d@group-9DC5606B5DE8-LeaderElection233: Election REJECTED; received 2 response(s) [05f59524-a4ea-4be4-b99d-fb9eed47142d<-4b035f45-7941-40c3-ba2d-1cbecd2d369e#0:FAIL-t269, 05f59524-a4ea-4be4-b99d-fb9eed47142d<-920a4478-64f4-4720-983c-9a2102f3c94b#0:FAIL-t269] and 0 exception(s); 05f59524-a4ea-4be4-b99d-fb9eed47142d@group-9DC5606B5DE8:t269, leader=null, voted=05f59524-a4ea-4be4-b99d-fb9eed47142d, raftlog=05f59524-a4ea-4be4-b99d-fb9eed47142d@group-9DC5606B5DE8-SegmentedRaftLog:OPENED:c-1,f-1,i0, conf=-1: [05f59524-a4ea-4be4-b99d-fb9eed47142d:192.168.34.62:45919, 4b035f45-7941-40c3-ba2d-1cbecd2d369e:192.168.34.62:45443, 920a4478-64f4-4720-983c-9a2102f3c94b:192.168.34.62:38609], old=null
2019-10-17 07:38:56,080 [05f59524-a4ea-4be4-b99d-fb9eed47142d@group-9DC5606B5DE8-LeaderElection233] INFO  impl.RaftServerImpl (RaftServerImpl.java:setRole(184)) - 05f59524-a4ea-4be4-b99d-fb9eed47142d@group-9DC5606B5DE8: changes role from CANDIDATE to FOLLOWER at term 269 for DISCOVERED_A_NEW_TERM
2019-10-17 07:38:56,081 [05f59524-a4ea-4be4-b99d-fb9eed47142d@group-9DC5606B5DE8-LeaderElection233] INFO  impl.RoleInfo (RoleInfo.java:shutdownLeaderElection(134)) - 05f59524-a4ea-4be4-b99d-fb9eed47142d: shutdown LeaderElection
2019-10-17 07:38:56,081 [05f59524-a4ea-4be4-b99d-fb9eed47142d@group-9DC5606B5DE8-LeaderElection233] INFO  impl.RoleInfo (RoleInfo.java:updateAndGet(143)) - 05f59524-a4ea-4be4-b99d-fb9eed47142d: start FollowerState
2019-10-17 07:38:56,200 [Thread-1974] INFO  impl.FollowerState (FollowerState.java:run(108)) - 05f59524-a4ea-4be4-b99d-fb9eed47142d@group-9DC5606B5DE8-FollowerState: change to CANDIDATE, lastRpcTime:119ms, electionTimeout:119ms
2019-10-17 07:38:56,200 [Thread-1974] INFO  impl.RoleInfo (RoleInfo.java:shutdownFollowerState(121)) - 05f59524-a4ea-4be4-b99d-fb9eed47142d: shutdown FollowerState
2019-10-17 07:38:56,200 [Thread-1974] INFO  impl.RaftServerImpl (RaftServerImpl.java:setRole(184)) - 05f59524-a4ea-4be4-b99d-fb9eed47142d@group-9DC5606B5DE8: changes role from  FOLLOWER to CANDIDATE at term 269 for changeToCandidate
2019-10-17 07:38:56,201 [Thread-1974] INFO  impl.RoleInfo (RoleInfo.java:updateAndGet(143)) - 05f59524-a4ea-4be4-b99d-fb9eed47142d: start LeaderElection
2019-10-17 07:38:56,214 [05f59524-a4ea-4be4-b99d-fb9eed47142d@group-9DC5606B5DE8-LeaderElection234] INFO  impl.LeaderElection (LeaderElection.java:askForVotes(178)) - 05f59524-a4ea-4be4-b99d-fb9eed47142d@group-9DC5606B5DE8-LeaderElection234: begin an election at term 270 for -1: [05f59524-a4ea-4be4-b99d-fb9eed47142d:192.168.34.62:45919, 4b035f45-7941-40c3-ba2d-1cbecd2d369e:192.168.34.62:45443, 920a4478-64f4-4720-983c-9a2102f3c94b:192.168.34.62:38609], old=null
2019-10-17 07:38:56,217 [grpc-default-executor-5] INFO  impl.RaftServerImpl (RaftServerImpl.java:setRole(184)) - 4b035f45-7941-40c3-ba2d-1cbecd2d369e@group-9DC5606B5DE8: changes role from  FOLLOWER to FOLLOWER at term 270 for recognizeCandidate:05f59524-a4ea-4be4-b99d-fb9eed47142d
2019-10-17 07:38:56,217 [grpc-default-executor-5] INFO  impl.RoleInfo (RoleInfo.java:shutdownFollowerState(121)) - 4b035f45-7941-40c3-ba2d-1cbecd2d369e: shutdown FollowerState
2019-10-17 07:38:56,217 [grpc-default-executor-6] INFO  impl.RaftServerImpl (RaftServerImpl.java:setRole(184)) - 920a4478-64f4-4720-983c-9a2102f3c94b@group-9DC5606B5DE8: changes role from  FOLLOWER to FOLLOWER at term 270 for recognizeCandidate:05f59524-a4ea-4be4-b99d-fb9eed47142d
2019-10-17 07:38:56,217 [Thread-1973] INFO  impl.FollowerState (FollowerState.java:run(117)) - 4b035f45-7941-40c3-ba2d-1cbecd2d369e@group-9DC5606B5DE8-FollowerState was interrupted: java.lang.InterruptedException: sleep interrupted
2019-10-17 07:38:56,217 [grpc-default-executor-5] INFO  impl.RoleInfo (RoleInfo.java:updateAndGet(143)) - 4b035f45-7941-40c3-ba2d-1cbecd2d369e: start FollowerState
2019-10-17 07:38:56,217 [grpc-default-executor-6] INFO  impl.RoleInfo (RoleInfo.java:shutdownFollowerState(121)) - 920a4478-64f4-4720-983c-9a2102f3c94b: shutdown FollowerState
2019-10-17 07:38:56,218 [grpc-default-executor-6] INFO  impl.RoleInfo (RoleInfo.java:updateAndGet(143)) - 920a4478-64f4-4720-983c-9a2102f3c94b: start FollowerState
2019-10-17 07:38:56,218 [Thread-1972] INFO  impl.FollowerState (FollowerState.java:run(117)) - 920a4478-64f4-4720-983c-9a2102f3c94b@group-9DC5606B5DE8-FollowerState was interrupted: java.lang.InterruptedException: sleep interrupted
2019-10-17 07:38:56,236 [05f59524-a4ea-4be4-b99d-fb9eed47142d@group-9DC5606B5DE8-LeaderElection234] INFO  impl.LeaderElection (LeaderElection.java:logAndReturn(56)) - 05f59524-a4ea-4be4-b99d-fb9eed47142d@group-9DC5606B5DE8-LeaderElection234: Election TIMEOUT; received 0 response(s) [] and 0 exception(s); 05f59524-a4ea-4be4-b99d-fb9eed47142d@group-9DC5606B5DE8:t270, leader=null, voted=05f59524-a4ea-4be4-b99d-fb9eed47142d, raftlog=05f59524-a4ea-4be4-b99d-fb9eed47142d@group-9DC5606B5DE8-SegmentedRaftLog:OPENED:c-1,f-1,i0, conf=-1: [05f59524-a4ea-4be4-b99d-fb9eed47142d:192.168.34.62:45919, 4b035f45-7941-40c3-ba2d-1cbecd2d369e:192.168.34.62:45443, 920a4478-64f4-4720-983c-9a2102f3c94b:192.168.34.62:38609], old=null
2019-10-17 07:38:56,264 [05f59524-a4ea-4be4-b99d-fb9eed47142d@group-9DC5606B5DE8-LeaderElection234] INFO  impl.LeaderElection (LeaderElection.java:askForVotes(178)) - 05f59524-a4ea-4be4-b99d-fb9eed47142d@group-9DC5606B5DE8-LeaderElection234: begin an election at term 271 for -1: [05f59524-a4ea-4be4-b99d-fb9eed47142d:192.168.34.62:45919, 4b035f45-7941-40c3-ba2d-1cbecd2d369e:192.168.34.62:45443, 920a4478-64f4-4720-983c-9a2102f3c94b:192.168.34.62:38609], old=null
2019-10-17 07:38:56,266 [grpc-default-executor-6] INFO  impl.RaftServerImpl (RaftServerImpl.java:setRole(184)) - 4b035f45-7941-40c3-ba2d-1cbecd2d369e@group-9DC5606B5DE8: changes role from  FOLLOWER to FOLLOWER at term 271 for recognizeCandidate:05f59524-a4ea-4be4-b99d-fb9eed47142d
2019-10-17 07:38:56,266 [grpc-default-executor-6] INFO  impl.RoleInfo (RoleInfo.java:shutdownFollowerState(121)) - 4b035f45-7941-40c3-ba2d-1cbecd2d369e: shutdown FollowerState
2019-10-17 07:38:56,266 [grpc-default-executor-5] INFO  impl.RaftServerImpl (RaftServerImpl.java:setRole(184)) - 920a4478-64f4-4720-983c-9a2102f3c94b@group-9DC5606B5DE8: changes role from  FOLLOWER to FOLLOWER at term 271 for recognizeCandidate:05f59524-a4ea-4be4-b99d-fb9eed47142d
2019-10-17 07:38:56,266 [Thread-1978] INFO  impl.FollowerState (FollowerState.java:run(117)) - 4b035f45-7941-40c3-ba2d-1cbecd2d369e@group-9DC5606B5DE8-FollowerState was interrupted: java.lang.InterruptedException: sleep interrupted
2019-10-17 07:38:56,266 [grpc-default-executor-6] INFO  impl.RoleInfo (RoleInfo.java:updateAndGet(143)) - 4b035f45-7941-40c3-ba2d-1cbecd2d369e: start FollowerState
2019-10-17 07:38:56,266 [grpc-default-executor-5] INFO  impl.RoleInfo (RoleInfo.java:shutdownFollowerState(121)) - 920a4478-64f4-4720-983c-9a2102f3c94b: shutdown FollowerState
2019-10-17 07:38:56,267 [grpc-default-executor-5] INFO  impl.RoleInfo (RoleInfo.java:updateAndGet(143)) - 920a4478-64f4-4720-983c-9a2102f3c94b: start FollowerState
2019-10-17 07:38:56,267 [Thread-1979] INFO  impl.FollowerState (FollowerState.java:run(117)) - 920a4478-64f4-4720-983c-9a2102f3c94b@group-9DC5606B5DE8-FollowerState was interrupted: java.lang.InterruptedException: sleep interrupted
2019-10-17 07:38:56,291 [05f59524-a4ea-4be4-b99d-fb9eed47142d@group-9DC5606B5DE8-LeaderElection234] INFO  impl.LeaderElection (LeaderElection.java:logAndReturn(56)) - 05f59524-a4ea-4be4-b99d-fb9eed47142d@group-9DC5606B5DE8-LeaderElection234: Election REJECTED; received 2 response(s) [05f59524-a4ea-4be4-b99d-fb9eed47142d<-4b035f45-7941-40c3-ba2d-1cbecd2d369e#0:FAIL-t271, 05f59524-a4ea-4be4-b99d-fb9eed47142d<-920a4478-64f4-4720-983c-9a2102f3c94b#0:FAIL-t271] and 0 exception(s); 05f59524-a4ea-4be4-b99d-fb9eed47142d@group-9DC5606B5DE8:t271, leader=null, voted=05f59524-a4ea-4be4-b99d-fb9eed47142d, raftlog=05f59524-a4ea-4be4-b99d-fb9eed47142d@group-9DC5606B5DE8-SegmentedRaftLog:OPENED:c-1,f-1,i0, conf=-1: [05f59524-a4ea-4be4-b99d-fb9eed47142d:192.168.34.62:45919, 4b035f45-7941-40c3-ba2d-1cbecd2d369e:192.168.34.62:45443, 920a4478-64f4-4720-983c-9a2102f3c94b:192.168.34.62:38609], old=null
2019-10-17 07:38:56,291 [05f59524-a4ea-4be4-b99d-fb9eed47142d@group-9DC5606B5DE8-LeaderElection234] INFO  impl.RaftServerImpl (RaftServerImpl.java:setRole(184)) - 05f59524-a4ea-4be4-b99d-fb9eed47142d@group-9DC5606B5DE8: changes role from CANDIDATE to FOLLOWER at term 271 for DISCOVERED_A_NEW_TERM
2019-10-17 07:38:56,291 [05f59524-a4ea-4be4-b99d-fb9eed47142d@group-9DC5606B5DE8-LeaderElection234] INFO  impl.RoleInfo (RoleInfo.java:shutdownLeaderElection(134)) - 05f59524-a4ea-4be4-b99d-fb9eed47142d: shutdown LeaderElection
2019-10-17 07:38:56,291 [05f59524-a4ea-4be4-b99d-fb9eed47142d@group-9DC5606B5DE8-LeaderElection234] INFO  impl.RoleInfo (RoleInfo.java:updateAndGet(143)) - 05f59524-a4ea-4be4-b99d-fb9eed47142d: start FollowerState
2019-10-17 07:38:56,316 [Thread-1984] INFO  impl.FollowerState (FollowerState.java:run(108)) - 05f59524-a4ea-4be4-b99d-fb9eed47142d@group-9DC5606B5DE8-FollowerState: change to CANDIDATE, lastRpcTime:24ms, electionTimeout:24ms
2019-10-17 07:38:56,316 [Thread-1984] INFO  impl.RoleInfo (RoleInfo.java:shutdownFollowerState(121)) - 05f59524-a4ea-4be4-b99d-fb9eed47142d: shutdown FollowerState
2019-10-17 07:38:56,316 [Thread-1984] INFO  impl.RaftServerImpl (RaftServerImpl.java:setRole(184)) - 05f59524-a4ea-4be4-b99d-fb9eed47142d@group-9DC5606B5DE8: changes role from  FOLLOWER to CANDIDATE at term 271 for changeToCandidate
2019-10-17 07:38:56,317 [Thread-1984] INFO  impl.RoleInfo (RoleInfo.java:updateAndGet(143)) - 05f59524-a4ea-4be4-b99d-fb9eed47142d: start LeaderElection
2019-10-17 07:38:56,340 [05f59524-a4ea-4be4-b99d-fb9eed47142d@group-9DC5606B5DE8-LeaderElection235] INFO  impl.LeaderElection (LeaderElection.java:askForVotes(178)) - 05f59524-a4ea-4be4-b99d-fb9eed47142d@group-9DC5606B5DE8-LeaderElection235: begin an election at term 272 for -1: [05f59524-a4ea-4be4-b99d-fb9eed47142d:192.168.34.62:45919, 4b035f45-7941-40c3-ba2d-1cbecd2d369e:192.168.34.62:45443, 920a4478-64f4-4720-983c-9a2102f3c94b:192.168.34.62:38609], old=null
2019-10-17 07:38:56,342 [grpc-default-executor-5] INFO  impl.RaftServerImpl (RaftServerImpl.java:setRole(184)) - 4b035f45-7941-40c3-ba2d-1cbecd2d369e@group-9DC5606B5DE8: changes role from  FOLLOWER to FOLLOWER at term 272 for recognizeCandidate:05f59524-a4ea-4be4-b99d-fb9eed47142d
2019-10-17 07:38:56,343 [grpc-default-executor-5] INFO  impl.RoleInfo (RoleInfo.java:shutdownFollowerState(121)) - 4b035f45-7941-40c3-ba2d-1cbecd2d369e: shutdown FollowerState
2019-10-17 07:38:56,343 [grpc-default-executor-6] INFO  impl.RaftServerImpl (RaftServerImpl.java:setRole(184)) - 920a4478-64f4-4720-983c-9a2102f3c94b@group-9DC5606B5DE8: changes role from  FOLLOWER to FOLLOWER at term 272 for recognizeCandidate:05f59524-a4ea-4be4-b99d-fb9eed47142d
2019-10-17 07:38:56,343 [Thread-1982] INFO  impl.FollowerState (FollowerState.java:run(117)) - 4b035f45-7941-40c3-ba2d-1cbecd2d369e@group-9DC5606B5DE8-FollowerState was interrupted: java.lang.InterruptedException: sleep interrupted
2019-10-17 07:38:56,343 [grpc-default-executor-5] INFO  impl.RoleInfo (RoleInfo.java:updateAndGet(143)) - 4b035f45-7941-40c3-ba2d-1cbecd2d369e: start FollowerState
2019-10-17 07:38:56,343 [grpc-default-executor-6] INFO  impl.RoleInfo (RoleInfo.java:shutdownFollowerState(121)) - 920a4478-64f4-4720-983c-9a2102f3c94b: shutdown FollowerState
2019-10-17 07:38:56,344 [grpc-default-executor-6] INFO  impl.RoleInfo (RoleInfo.java:updateAndGet(143)) - 920a4478-64f4-4720-983c-9a2102f3c94b: start FollowerState
2019-10-17 07:38:56,344 [Thread-1983] INFO  impl.FollowerState (FollowerState.java:run(117)) - 920a4478-64f4-4720-983c-9a2102f3c94b@group-9DC5606B5DE8-FollowerState was interrupted: java.lang.InterruptedException: sleep interrupted
2019-10-17 07:38:56,363 [05f59524-a4ea-4be4-b99d-fb9eed47142d@group-9DC5606B5DE8-LeaderElection235] INFO  impl.LeaderElection (LeaderElection.java:logAndReturn(56)) - 05f59524-a4ea-4be4-b99d-fb9eed47142d@group-9DC5606B5DE8-LeaderElection235: Election REJECTED; received 2 response(s) [05f59524-a4ea-4be4-b99d-fb9eed47142d<-4b035f45-7941-40c3-ba2d-1cbecd2d369e#0:FAIL-t272, 05f59524-a4ea-4be4-b99d-fb9eed47142d<-920a4478-64f4-4720-983c-9a2102f3c94b#0:FAIL-t272] and 0 exception(s); 05f59524-a4ea-4be4-b99d-fb9eed47142d@group-9DC5606B5DE8:t272, leader=null, voted=05f59524-a4ea-4be4-b99d-fb9eed47142d, raftlog=05f59524-a4ea-4be4-b99d-fb9eed47142d@group-9DC5606B5DE8-SegmentedRaftLog:OPENED:c-1,f-1,i0, conf=-1: [05f59524-a4ea-4be4-b99d-fb9eed47142d:192.168.34.62:45919, 4b035f45-7941-40c3-ba2d-1cbecd2d369e:192.168.34.62:45443, 920a4478-64f4-4720-983c-9a2102f3c94b:192.168.34.62:38609], old=null
2019-10-17 07:38:56,363 [05f59524-a4ea-4be4-b99d-fb9eed47142d@group-9DC5606B5DE8-LeaderElection235] INFO  impl.RaftServerImpl (RaftServerImpl.java:setRole(184)) - 05f59524-a4ea-4be4-b99d-fb9eed47142d@group-9DC5606B5DE8: changes role from CANDIDATE to FOLLOWER at term 272 for DISCOVERED_A_NEW_TERM
2019-10-17 07:38:56,363 [05f59524-a4ea-4be4-b99d-fb9eed47142d@group-9DC5606B5DE8-LeaderElection235] INFO  impl.RoleInfo (RoleInfo.java:shutdownLeaderElection(134)) - 05f59524-a4ea-4be4-b99d-fb9eed47142d: shutdown LeaderElection
2019-10-17 07:38:56,363 [05f59524-a4ea-4be4-b99d-fb9eed47142d@group-9DC5606B5DE8-LeaderElection235] INFO  impl.RoleInfo (RoleInfo.java:updateAndGet(143)) - 05f59524-a4ea-4be4-b99d-fb9eed47142d: start FollowerState
2019-10-17 07:38:56,410 [Thread-1990] INFO  impl.FollowerState (FollowerState.java:run(108)) - 05f59524-a4ea-4be4-b99d-fb9eed47142d@group-9DC5606B5DE8-FollowerState: change to CANDIDATE, lastRpcTime:46ms, electionTimeout:46ms
2019-10-17 07:38:56,410 [Thread-1990] INFO  impl.RoleInfo (RoleInfo.java:shutdownFollowerState(121)) - 05f59524-a4ea-4be4-b99d-fb9eed47142d: shutdown FollowerState
2019-10-17 07:38:56,410 [Thread-1990] INFO  impl.RaftServerImpl (RaftServerImpl.java:setRole(184)) - 05f59524-a4ea-4be4-b99d-fb9eed47142d@group-9DC5606B5DE8: changes role from  FOLLOWER to CANDIDATE at term 272 for changeToCandidate
2019-10-17 07:38:56,410 [Thread-1990] INFO  impl.RoleInfo (RoleInfo.java:updateAndGet(143)) - 05f59524-a4ea-4be4-b99d-fb9eed47142d: start LeaderElection
2019-10-17 07:38:56,425 [05f59524-a4ea-4be4-b99d-fb9eed47142d@group-9DC5606B5DE8-LeaderElection236] INFO  impl.LeaderElection (LeaderElection.java:askForVotes(178)) - 05f59524-a4ea-4be4-b99d-fb9eed47142d@group-9DC5606B5DE8-LeaderElection236: begin an election at term 273 for -1: [05f59524-a4ea-4be4-b99d-fb9eed47142d:192.168.34.62:45919, 4b035f45-7941-40c3-ba2d-1cbecd2d369e:192.168.34.62:45443, 920a4478-64f4-4720-983c-9a2102f3c94b:192.168.34.62:38609], old=null
2019-10-17 07:38:56,427 [grpc-default-executor-5] INFO  impl.RaftServerImpl (RaftServerImpl.java:setRole(184)) - 4b035f45-7941-40c3-ba2d-1cbecd2d369e@group-9DC5606B5DE8: changes role from  FOLLOWER to FOLLOWER at term 273 for recognizeCandidate:05f59524-a4ea-4be4-b99d-fb9eed47142d
2019-10-17 07:38:56,427 [grpc-default-executor-5] INFO  impl.RoleInfo (RoleInfo.java:shutdownFollowerState(121)) - 4b035f45-7941-40c3-ba2d-1cbecd2d369e: shutdown FollowerState
2019-10-17 07:38:56,427 [grpc-default-executor-6] INFO  impl.RaftServerImpl (RaftServerImpl.java:setRole(184)) - 920a4478-64f4-4720-983c-9a2102f3c94b@group-9DC5606B5DE8: changes role from  FOLLOWER to FOLLOWER at term 273 for recognizeCandidate:05f59524-a4ea-4be4-b99d-fb9eed47142d
2019-10-17 07:38:56,428 [Thread-1988] INFO  impl.FollowerState (FollowerState.java:run(117)) - 4b035f45-7941-40c3-ba2d-1cbecd2d369e@group-9DC5606B5DE8-FollowerState was interrupted: java.lang.InterruptedException: sleep interrupted
2019-10-17 07:38:56,427 [grpc-default-executor-5] INFO  impl.RoleInfo (RoleInfo.java:updateAndGet(143)) - 4b035f45-7941-40c3-ba2d-1cbecd2d369e: start FollowerState
2019-10-17 07:38:56,428 [grpc-default-executor-6] INFO  impl.RoleInfo (RoleInfo.java:shutdownFollowerState(121)) - 920a4478-64f4-4720-983c-9a2102f3c94b: shutdown FollowerState
2019-10-17 07:38:56,428 [grpc-default-executor-6] INFO  impl.RoleInfo (RoleInfo.java:updateAndGet(143)) - 920a4478-64f4-4720-983c-9a2102f3c94b: start FollowerState
2019-10-17 07:38:56,428 [Thread-1989] INFO  impl.FollowerState (FollowerState.java:run(117)) - 920a4478-64f4-4720-983c-9a2102f3c94b@group-9DC5606B5DE8-FollowerState was interrupted: java.lang.InterruptedException: sleep interrupted
2019-10-17 07:38:56,444 [05f59524-a4ea-4be4-b99d-fb9eed47142d@group-9DC5606B5DE8-LeaderElection236] INFO  impl.LeaderElection (LeaderElection.java:logAndReturn(56)) - 05f59524-a4ea-4be4-b99d-fb9eed47142d@group-9DC5606B5DE8-LeaderElection236: Election REJECTED; received 2 response(s) [05f59524-a4ea-4be4-b99d-fb9eed47142d<-4b035f45-7941-40c3-ba2d-1cbecd2d369e#0:FAIL-t273, 05f59524-a4ea-4be4-b99d-fb9eed47142d<-920a4478-64f4-4720-983c-9a2102f3c94b#0:FAIL-t273] and 0 exception(s); 05f59524-a4ea-4be4-b99d-fb9eed47142d@group-9DC5606B5DE8:t273, leader=null, voted=05f59524-a4ea-4be4-b99d-fb9eed47142d, raftlog=05f59524-a4ea-4be4-b99d-fb9eed47142d@group-9DC5606B5DE8-SegmentedRaftLog:OPENED:c-1,f-1,i0, conf=-1: [05f59524-a4ea-4be4-b99d-fb9eed47142d:192.168.34.62:45919, 4b035f45-7941-40c3-ba2d-1cbecd2d369e:192.168.34.62:45443, 920a4478-64f4-4720-983c-9a2102f3c94b:192.168.34.62:38609], old=null
2019-10-17 07:38:56,444 [05f59524-a4ea-4be4-b99d-fb9eed47142d@group-9DC5606B5DE8-LeaderElection236] INFO  impl.RaftServerImpl (RaftServerImpl.java:setRole(184)) - 05f59524-a4ea-4be4-b99d-fb9eed47142d@group-9DC5606B5DE8: changes role from CANDIDATE to FOLLOWER at term 273 for DISCOVERED_A_NEW_TERM
2019-10-17 07:38:56,444 [05f59524-a4ea-4be4-b99d-fb9eed47142d@group-9DC5606B5DE8-LeaderElection236] INFO  impl.RoleInfo (RoleInfo.java:shutdownLeaderElection(134)) - 05f59524-a4ea-4be4-b99d-fb9eed47142d: shutdown LeaderElection
2019-10-17 07:38:56,445 [05f59524-a4ea-4be4-b99d-fb9eed47142d@group-9DC5606B5DE8-LeaderElection236] INFO  impl.RoleInfo (RoleInfo.java:updateAndGet(143)) - 05f59524-a4ea-4be4-b99d-fb9eed47142d: start FollowerState
2019-10-17 07:38:56,599 [Thread-1996] INFO  impl.FollowerState (FollowerState.java:run(108)) - 05f59524-a4ea-4be4-b99d-fb9eed47142d@group-9DC5606B5DE8-FollowerState: change to CANDIDATE, lastRpcTime:154ms, electionTimeout:154ms
2019-10-17 07:38:56,599 [Thread-1996] INFO  impl.RoleInfo (RoleInfo.java:shutdownFollowerState(121)) - 05f59524-a4ea-4be4-b99d-fb9eed47142d: shutdown FollowerState
2019-10-17 07:38:56,599 [Thread-1996] INFO  impl.RaftServerImpl (RaftServerImpl.java:setRole(184)) - 05f59524-a4ea-4be4-b99d-fb9eed47142d@group-9DC5606B5DE8: changes role from  FOLLOWER to CANDIDATE at term 273 for changeToCandidate
2019-10-17 07:38:56,599 [Thread-1996] INFO  impl.RoleInfo (RoleInfo.java:updateAndGet(143)) - 05f59524-a4ea-4be4-b99d-fb9eed47142d: start LeaderElection
2019-10-17 07:38:56,644 [05f59524-a4ea-4be4-b99d-fb9eed47142d@group-9DC5606B5DE8-LeaderElection237] INFO  impl.LeaderElection (LeaderElection.java:askForVotes(178)) - 05f59524-a4ea-4be4-b99d-fb9eed47142d@group-9DC5606B5DE8-LeaderElection237: begin an election at term 274 for -1: [05f59524-a4ea-4be4-b99d-fb9eed47142d:192.168.34.62:45919, 4b035f45-7941-40c3-ba2d-1cbecd2d369e:192.168.34.62:45443, 920a4478-64f4-4720-983c-9a2102f3c94b:192.168.34.62:38609], old=null
2019-10-17 07:38:56,646 [grpc-default-executor-5] INFO  impl.RaftServerImpl (RaftServerImpl.java:setRole(184)) - 4b035f45-7941-40c3-ba2d-1cbecd2d369e@group-9DC5606B5DE8: changes role from  FOLLOWER to FOLLOWER at term 274 for recognizeCandidate:05f59524-a4ea-4be4-b99d-fb9eed47142d
2019-10-17 07:38:56,646 [grpc-default-executor-5] INFO  impl.RoleInfo (RoleInfo.java:shutdownFollowerState(121)) - 4b035f45-7941-40c3-ba2d-1cbecd2d369e: shutdown FollowerState
2019-10-17 07:38:56,646 [grpc-default-executor-6] INFO  impl.RaftServerImpl (RaftServerImpl.java:setRole(184)) - 920a4478-64f4-4720-983c-9a2102f3c94b@group-9DC5606B5DE8: changes role from  FOLLOWER to FOLLOWER at term 274 for recognizeCandidate:05f59524-a4ea-4be4-b99d-fb9eed47142d
2019-10-17 07:38:56,646 [grpc-default-executor-5] INFO  impl.RoleInfo (RoleInfo.java:updateAndGet(143)) - 4b035f45-7941-40c3-ba2d-1cbecd2d369e: start FollowerState
2019-10-17 07:38:56,646 [Thread-1994] INFO  impl.FollowerState (FollowerState.java:run(117)) - 4b035f45-7941-40c3-ba2d-1cbecd2d369e@group-9DC5606B5DE8-FollowerState was interrupted: java.lang.InterruptedException: sleep interrupted
2019-10-17 07:38:56,646 [grpc-default-executor-6] INFO  impl.RoleInfo (RoleInfo.java:shutdownFollowerState(121)) - 920a4478-64f4-4720-983c-9a2102f3c94b: shutdown FollowerState
2019-10-17 07:38:56,647 [grpc-default-executor-6] INFO  impl.RoleInfo (RoleInfo.java:updateAndGet(143)) - 920a4478-64f4-4720-983c-9a2102f3c94b: start FollowerState
2019-10-17 07:38:56,647 [Thread-1995] INFO  impl.FollowerState (FollowerState.java:run(117)) - 920a4478-64f4-4720-983c-9a2102f3c94b@group-9DC5606B5DE8-FollowerState was interrupted: java.lang.InterruptedException: sleep interrupted
2019-10-17 07:38:56,672 [05f59524-a4ea-4be4-b99d-fb9eed47142d@group-9DC5606B5DE8-LeaderElection237] INFO  impl.LeaderElection (LeaderElection.java:logAndReturn(56)) - 05f59524-a4ea-4be4-b99d-fb9eed47142d@group-9DC5606B5DE8-LeaderElection237: Election REJECTED; received 2 response(s) [05f59524-a4ea-4be4-b99d-fb9eed47142d<-4b035f45-7941-40c3-ba2d-1cbecd2d369e#0:FAIL-t274, 05f59524-a4ea-4be4-b99d-fb9eed47142d<-920a4478-64f4-4720-983c-9a2102f3c94b#0:FAIL-t274] and 0 exception(s); 05f59524-a4ea-4be4-b99d-fb9eed47142d@group-9DC5606B5DE8:t274, leader=null, voted=05f59524-a4ea-4be4-b99d-fb9eed47142d, raftlog=05f59524-a4ea-4be4-b99d-fb9eed47142d@group-9DC5606B5DE8-SegmentedRaftLog:OPENED:c-1,f-1,i0, conf=-1: [05f59524-a4ea-4be4-b99d-fb9eed47142d:192.168.34.62:45919, 4b035f45-7941-40c3-ba2d-1cbecd2d369e:192.168.34.62:45443, 920a4478-64f4-4720-983c-9a2102f3c94b:192.168.34.62:38609], old=null
2019-10-17 07:38:56,672 [05f59524-a4ea-4be4-b99d-fb9eed47142d@group-9DC5606B5DE8-LeaderElection237] INFO  impl.RaftServerImpl (RaftServerImpl.java:setRole(184)) - 05f59524-a4ea-4be4-b99d-fb9eed47142d@group-9DC5606B5DE8: changes role from CANDIDATE to FOLLOWER at term 274 for DISCOVERED_A_NEW_TERM
2019-10-17 07:38:56,672 [05f59524-a4ea-4be4-b99d-fb9eed47142d@group-9DC5606B5DE8-LeaderElection237] INFO  impl.RoleInfo (RoleInfo.java:shutdownLeaderElection(134)) - 05f59524-a4ea-4be4-b99d-fb9eed47142d: shutdown LeaderElection
2019-10-17 07:38:56,672 [05f59524-a4ea-4be4-b99d-fb9eed47142d@group-9DC5606B5DE8-LeaderElection237] INFO  impl.RoleInfo (RoleInfo.java:updateAndGet(143)) - 05f59524-a4ea-4be4-b99d-fb9eed47142d: start FollowerState
2019-10-17 07:38:56,801 [Thread-2002] INFO  impl.FollowerState (FollowerState.java:run(108)) - 05f59524-a4ea-4be4-b99d-fb9eed47142d@group-9DC5606B5DE8-FollowerState: change to CANDIDATE, lastRpcTime:128ms, electionTimeout:128ms
2019-10-17 07:38:56,801 [Thread-2002] INFO  impl.RoleInfo (RoleInfo.java:shutdownFollowerState(121)) - 05f59524-a4ea-4be4-b99d-fb9eed47142d: shutdown FollowerState
2019-10-17 07:38:56,801 [Thread-2002] INFO  impl.RaftServerImpl (RaftServerImpl.java:setRole(184)) - 05f59524-a4ea-4be4-b99d-fb9eed47142d@group-9DC5606B5DE8: changes role from  FOLLOWER to CANDIDATE at term 274 for changeToCandidate
2019-10-17 07:38:56,801 [Thread-2002] INFO  impl.RoleInfo (RoleInfo.java:updateAndGet(143)) - 05f59524-a4ea-4be4-b99d-fb9eed47142d: start LeaderElection
2019-10-17 07:38:56,814 [05f59524-a4ea-4be4-b99d-fb9eed47142d@group-9DC5606B5DE8-LeaderElection238] INFO  impl.LeaderElection (LeaderElection.java:askForVotes(178)) - 05f59524-a4ea-4be4-b99d-fb9eed47142d@group-9DC5606B5DE8-LeaderElection238: begin an election at term 275 for -1: [05f59524-a4ea-4be4-b99d-fb9eed47142d:192.168.34.62:45919, 4b035f45-7941-40c3-ba2d-1cbecd2d369e:192.168.34.62:45443, 920a4478-64f4-4720-983c-9a2102f3c94b:192.168.34.62:38609], old=null
2019-10-17 07:38:56,817 [grpc-default-executor-5] INFO  impl.RaftServerImpl (RaftServerImpl.java:setRole(184)) - 4b035f45-7941-40c3-ba2d-1cbecd2d369e@group-9DC5606B5DE8: changes role from  FOLLOWER to FOLLOWER at term 275 for recognizeCandidate:05f59524-a4ea-4be4-b99d-fb9eed47142d
2019-10-17 07:38:56,817 [grpc-default-executor-5] INFO  impl.RoleInfo (RoleInfo.java:shutdownFollowerState(121)) - 4b035f45-7941-40c3-ba2d-1cbecd2d369e: shutdown FollowerState
2019-10-17 07:38:56,817 [grpc-default-executor-6] INFO  impl.RaftServerImpl (RaftServerImpl.java:setRole(184)) - 920a4478-64f4-4720-983c-9a2102f3c94b@group-9DC5606B5DE8: changes role from  FOLLOWER to FOLLOWER at term 275 for recognizeCandidate:05f59524-a4ea-4be4-b99d-fb9eed47142d
2019-10-17 07:38:56,817 [Thread-2000] INFO  impl.FollowerState (FollowerState.java:run(117)) - 4b035f45-7941-40c3-ba2d-1cbecd2d369e@group-9DC5606B5DE8-FollowerState was interrupted: java.lang.InterruptedException: sleep interrupted
2019-10-17 07:38:56,817 [grpc-default-executor-5] INFO  impl.RoleInfo (RoleInfo.java:updateAndGet(143)) - 4b035f45-7941-40c3-ba2d-1cbecd2d369e: start FollowerState
2019-10-17 07:38:56,817 [grpc-default-executor-6] INFO  impl.RoleInfo (RoleInfo.java:shutdownFollowerState(121)) - 920a4478-64f4-4720-983c-9a2102f3c94b: shutdown FollowerState
2019-10-17 07:38:56,818 [grpc-default-executor-6] INFO  impl.RoleInfo (RoleInfo.java:updateAndGet(143)) - 920a4478-64f4-4720-983c-9a2102f3c94b: start FollowerState
2019-10-17 07:38:56,818 [Thread-2001] INFO  impl.FollowerState (FollowerState.java:run(117)) - 920a4478-64f4-4720-983c-9a2102f3c94b@group-9DC5606B5DE8-FollowerState was interrupted: java.lang.InterruptedException: sleep interrupted
2019-10-17 07:38:56,842 [05f59524-a4ea-4be4-b99d-fb9eed47142d@group-9DC5606B5DE8-LeaderElection238] INFO  impl.LeaderElection (LeaderElection.java:logAndReturn(56)) - 05f59524-a4ea-4be4-b99d-fb9eed47142d@group-9DC5606B5DE8-LeaderElection238: Election REJECTED; received 2 response(s) [05f59524-a4ea-4be4-b99d-fb9eed47142d<-4b035f45-7941-40c3-ba2d-1cbecd2d369e#0:FAIL-t275, 05f59524-a4ea-4be4-b99d-fb9eed47142d<-920a4478-64f4-4720-983c-9a2102f3c94b#0:FAIL-t275] and 0 exception(s); 05f59524-a4ea-4be4-b99d-fb9eed47142d@group-9DC5606B5DE8:t275, leader=null, voted=05f59524-a4ea-4be4-b99d-fb9eed47142d, raftlog=05f59524-a4ea-4be4-b99d-fb9eed47142d@group-9DC5606B5DE8-SegmentedRaftLog:OPENED:c-1,f-1,i0, conf=-1: [05f59524-a4ea-4be4-b99d-fb9eed47142d:192.168.34.62:45919, 4b035f45-7941-40c3-ba2d-1cbecd2d369e:192.168.34.62:45443, 920a4478-64f4-4720-983c-9a2102f3c94b:192.168.34.62:38609], old=null
2019-10-17 07:38:56,842 [05f59524-a4ea-4be4-b99d-fb9eed47142d@group-9DC5606B5DE8-LeaderElection238] INFO  impl.RaftServerImpl (RaftServerImpl.java:setRole(184)) - 05f59524-a4ea-4be4-b99d-fb9eed47142d@group-9DC5606B5DE8: changes role from CANDIDATE to FOLLOWER at term 275 for DISCOVERED_A_NEW_TERM
2019-10-17 07:38:56,842 [05f59524-a4ea-4be4-b99d-fb9eed47142d@group-9DC5606B5DE8-LeaderElection238] INFO  impl.RoleInfo (RoleInfo.java:shutdownLeaderElection(134)) - 05f59524-a4ea-4be4-b99d-fb9eed47142d: shutdown LeaderElection
2019-10-17 07:38:56,843 [05f59524-a4ea-4be4-b99d-fb9eed47142d@group-9DC5606B5DE8-LeaderElection238] INFO  impl.RoleInfo (RoleInfo.java:updateAndGet(143)) - 05f59524-a4ea-4be4-b99d-fb9eed47142d: start FollowerState
2019-10-17 07:38:57,027 [Thread-2008] INFO  impl.FollowerState (FollowerState.java:run(108)) - 05f59524-a4ea-4be4-b99d-fb9eed47142d@group-9DC5606B5DE8-FollowerState: change to CANDIDATE, lastRpcTime:184ms, electionTimeout:184ms
2019-10-17 07:38:57,027 [Thread-2008] INFO  impl.RoleInfo (RoleInfo.java:shutdownFollowerState(121)) - 05f59524-a4ea-4be4-b99d-fb9eed47142d: shutdown FollowerState
2019-10-17 07:38:57,028 [Thread-2008] INFO  impl.RaftServerImpl (RaftServerImpl.java:setRole(184)) - 05f59524-a4ea-4be4-b99d-fb9eed47142d@group-9DC5606B5DE8: changes role from  FOLLOWER to CANDIDATE at term 275 for changeToCandidate
2019-10-17 07:38:57,028 [Thread-2008] INFO  impl.RoleInfo (RoleInfo.java:updateAndGet(143)) - 05f59524-a4ea-4be4-b99d-fb9eed47142d: start LeaderElection
2019-10-17 07:38:57,054 [05f59524-a4ea-4be4-b99d-fb9eed47142d@group-9DC5606B5DE8-LeaderElection239] INFO  impl.LeaderElection (LeaderElection.java:askForVotes(178)) - 05f59524-a4ea-4be4-b99d-fb9eed47142d@group-9DC5606B5DE8-LeaderElection239: begin an election at term 276 for -1: [05f59524-a4ea-4be4-b99d-fb9eed47142d:192.168.34.62:45919, 4b035f45-7941-40c3-ba2d-1cbecd2d369e:192.168.34.62:45443, 920a4478-64f4-4720-983c-9a2102f3c94b:192.168.34.62:38609], old=null
2019-10-17 07:38:57,057 [grpc-default-executor-6] INFO  impl.RaftServerImpl (RaftServerImpl.java:setRole(184)) - 920a4478-64f4-4720-983c-9a2102f3c94b@group-9DC5606B5DE8: changes role from  FOLLOWER to FOLLOWER at term 276 for recognizeCandidate:05f59524-a4ea-4be4-b99d-fb9eed47142d
2019-10-17 07:38:57,057 [grpc-default-executor-5] INFO  impl.RaftServerImpl (RaftServerImpl.java:setRole(184)) - 4b035f45-7941-40c3-ba2d-1cbecd2d369e@group-9DC5606B5DE8: changes role from  FOLLOWER to FOLLOWER at term 276 for recognizeCandidate:05f59524-a4ea-4be4-b99d-fb9eed47142d
2019-10-17 07:38:57,057 [grpc-default-executor-5] INFO  impl.RoleInfo (RoleInfo.java:shutdownFollowerState(121)) - 4b035f45-7941-40c3-ba2d-1cbecd2d369e: shutdown FollowerState
2019-10-17 07:38:57,057 [grpc-default-executor-6] INFO  impl.RoleInfo (RoleInfo.java:shutdownFollowerState(121)) - 920a4478-64f4-4720-983c-9a2102f3c94b: shutdown FollowerState
2019-10-17 07:38:57,057 [Thread-2006] INFO  impl.FollowerState (FollowerState.java:run(117)) - 4b035f45-7941-40c3-ba2d-1cbecd2d369e@group-9DC5606B5DE8-FollowerState was interrupted: java.lang.InterruptedException: sleep interrupted
2019-10-17 07:38:57,057 [grpc-default-executor-5] INFO  impl.RoleInfo (RoleInfo.java:updateAndGet(143)) - 4b035f45-7941-40c3-ba2d-1cbecd2d369e: start FollowerState
2019-10-17 07:38:57,057 [Thread-2007] INFO  impl.FollowerState (FollowerState.java:run(117)) - 920a4478-64f4-4720-983c-9a2102f3c94b@group-9DC5606B5DE8-FollowerState was interrupted: java.lang.InterruptedException: sleep interrupted
2019-10-17 07:38:57,057 [grpc-default-executor-6] INFO  impl.RoleInfo (RoleInfo.java:updateAndGet(143)) - 920a4478-64f4-4720-983c-9a2102f3c94b: start FollowerState
2019-10-17 07:38:57,061 [ForkJoinPool.commonPool-worker-0] INFO  ozoneimpl.OzoneContainer (OzoneContainer.java:stop(227)) - Attempting to stop container services.
2019-10-17 07:38:57,061 [main] INFO  ozoneimpl.OzoneContainer (OzoneContainer.java:stop(227)) - Attempting to stop container services.
2019-10-17 07:38:57,063 [ForkJoinPool.commonPool-worker-0] INFO  impl.RaftServerProxy (RaftServerProxy.java:lambda$close$4(314)) - 05f59524-a4ea-4be4-b99d-fb9eed47142d: close
2019-10-17 07:38:57,063 [main] INFO  impl.RaftServerProxy (RaftServerProxy.java:lambda$close$4(314)) - 4b035f45-7941-40c3-ba2d-1cbecd2d369e: close
2019-10-17 07:38:57,064 [ForkJoinPool.commonPool-worker-0] INFO  impl.RaftServerImpl (RaftServerImpl.java:lambda$shutdown$3(261)) - 05f59524-a4ea-4be4-b99d-fb9eed47142d@group-40B9D2E3090B: shutdown
2019-10-17 07:38:57,064 [main] INFO  impl.RaftServerImpl (RaftServerImpl.java:lambda$shutdown$3(261)) - 4b035f45-7941-40c3-ba2d-1cbecd2d369e@group-8AC045C62D9A: shutdown
2019-10-17 07:38:57,065 [ForkJoinPool.commonPool-worker-0] INFO  util.JmxRegister (JmxRegister.java:unregister(73)) - Successfully un-registered JMX Bean with object name Ratis:service=RaftServer,group=group-40B9D2E3090B,id=05f59524-a4ea-4be4-b99d-fb9eed47142d
2019-10-17 07:38:57,065 [main] INFO  util.JmxRegister (JmxRegister.java:unregister(73)) - Successfully un-registered JMX Bean with object name Ratis:service=RaftServer,group=group-8AC045C62D9A,id=4b035f45-7941-40c3-ba2d-1cbecd2d369e
2019-10-17 07:38:57,065 [ForkJoinPool.commonPool-worker-0] INFO  impl.RoleInfo (RoleInfo.java:shutdownLeaderState(104)) - 05f59524-a4ea-4be4-b99d-fb9eed47142d: shutdown LeaderState
2019-10-17 07:38:57,066 [main] INFO  impl.RoleInfo (RoleInfo.java:shutdownLeaderState(104)) - 4b035f45-7941-40c3-ba2d-1cbecd2d369e: shutdown LeaderState
2019-10-17 07:38:57,066 [ForkJoinPool.commonPool-worker-0] INFO  impl.PendingRequests (PendingRequests.java:sendNotLeaderResponses(202)) - 05f59524-a4ea-4be4-b99d-fb9eed47142d@group-40B9D2E3090B-PendingRequests: sendNotLeaderResponses
2019-10-17 07:38:57,066 [main] INFO  impl.PendingRequests (PendingRequests.java:sendNotLeaderResponses(202)) - 4b035f45-7941-40c3-ba2d-1cbecd2d369e@group-8AC045C62D9A-PendingRequests: sendNotLeaderResponses
2019-10-17 07:38:57,067 [ForkJoinPool.commonPool-worker-0] INFO  impl.StateMachineUpdater (StateMachineUpdater.java:stopAndJoin(136)) - 05f59524-a4ea-4be4-b99d-fb9eed47142d@group-40B9D2E3090B-StateMachineUpdater: set stopIndex = 0
2019-10-17 07:38:57,067 [main] INFO  impl.StateMachineUpdater (StateMachineUpdater.java:stopAndJoin(136)) - 4b035f45-7941-40c3-ba2d-1cbecd2d369e@group-8AC045C62D9A-StateMachineUpdater: set stopIndex = 0
2019-10-17 07:38:57,067 [ForkJoinPool.commonPool-worker-0] INFO  impl.RaftServerImpl (ServerState.java:close(388)) - 05f59524-a4ea-4be4-b99d-fb9eed47142d@group-40B9D2E3090B: closes. applyIndex: 0
2019-10-17 07:38:57,068 [main] INFO  impl.RaftServerImpl (ServerState.java:close(388)) - 4b035f45-7941-40c3-ba2d-1cbecd2d369e@group-8AC045C62D9A: closes. applyIndex: 0
2019-10-17 07:38:57,068 [05f59524-a4ea-4be4-b99d-fb9eed47142d@group-40B9D2E3090B-SegmentedRaftLogWorker] INFO  segmented.SegmentedRaftLogWorker (SegmentedRaftLogWorker.java:run(316)) - 05f59524-a4ea-4be4-b99d-fb9eed47142d@group-40B9D2E3090B-SegmentedRaftLogWorker was interrupted, exiting. There are 0 tasks remaining in the queue.
2019-10-17 07:38:57,070 [4b035f45-7941-40c3-ba2d-1cbecd2d369e@group-8AC045C62D9A-SegmentedRaftLogWorker] INFO  segmented.SegmentedRaftLogWorker (SegmentedRaftLogWorker.java:run(316)) - 4b035f45-7941-40c3-ba2d-1cbecd2d369e@group-8AC045C62D9A-SegmentedRaftLogWorker was interrupted, exiting. There are 0 tasks remaining in the queue.
2019-10-17 07:38:57,080 [main] INFO  segmented.SegmentedRaftLogWorker (SegmentedRaftLogWorker.java:close(224)) - 4b035f45-7941-40c3-ba2d-1cbecd2d369e@group-8AC045C62D9A-SegmentedRaftLogWorker close()
2019-10-17 07:38:57,080 [ForkJoinPool.commonPool-worker-0] INFO  segmented.SegmentedRaftLogWorker (SegmentedRaftLogWorker.java:close(224)) - 05f59524-a4ea-4be4-b99d-fb9eed47142d@group-40B9D2E3090B-SegmentedRaftLogWorker close()
2019-10-17 07:38:57,090 [main] INFO  impl.RaftServerImpl (RaftServerImpl.java:lambda$shutdown$3(261)) - 4b035f45-7941-40c3-ba2d-1cbecd2d369e@group-9DC5606B5DE8: shutdown
2019-10-17 07:38:57,091 [ForkJoinPool.commonPool-worker-0] INFO  impl.RaftServerImpl (RaftServerImpl.java:lambda$shutdown$3(261)) - 05f59524-a4ea-4be4-b99d-fb9eed47142d@group-9DC5606B5DE8: shutdown
2019-10-17 07:38:57,092 [main] INFO  util.JmxRegister (JmxRegister.java:unregister(73)) - Successfully un-registered JMX Bean with object name Ratis:service=RaftServer,group=group-9DC5606B5DE8,id=4b035f45-7941-40c3-ba2d-1cbecd2d369e
2019-10-17 07:38:57,092 [05f59524-a4ea-4be4-b99d-fb9eed47142d@group-9DC5606B5DE8-LeaderElection239] INFO  impl.LeaderElection (LeaderElection.java:logAndReturn(56)) - 05f59524-a4ea-4be4-b99d-fb9eed47142d@group-9DC5606B5DE8-LeaderElection239: Election REJECTED; received 1 response(s) [05f59524-a4ea-4be4-b99d-fb9eed47142d<-920a4478-64f4-4720-983c-9a2102f3c94b#0:FAIL-t276] and 0 exception(s); 05f59524-a4ea-4be4-b99d-fb9eed47142d@group-9DC5606B5DE8:t276, leader=null, voted=05f59524-a4ea-4be4-b99d-fb9eed47142d, raftlog=05f59524-a4ea-4be4-b99d-fb9eed47142d@group-9DC5606B5DE8-SegmentedRaftLog:OPENED:c-1,f-1,i0, conf=-1: [05f59524-a4ea-4be4-b99d-fb9eed47142d:192.168.34.62:45919, 4b035f45-7941-40c3-ba2d-1cbecd2d369e:192.168.34.62:45443, 920a4478-64f4-4720-983c-9a2102f3c94b:192.168.34.62:38609], old=null
2019-10-17 07:38:57,092 [ForkJoinPool.commonPool-worker-0] INFO  util.JmxRegister (JmxRegister.java:unregister(73)) - Successfully un-registered JMX Bean with object name Ratis:service=RaftServer,group=group-9DC5606B5DE8,id=05f59524-a4ea-4be4-b99d-fb9eed47142d
2019-10-17 07:38:57,092 [main] INFO  impl.RoleInfo (RoleInfo.java:shutdownFollowerState(121)) - 4b035f45-7941-40c3-ba2d-1cbecd2d369e: shutdown FollowerState
2019-10-17 07:38:57,093 [ForkJoinPool.commonPool-worker-0] INFO  impl.RoleInfo (RoleInfo.java:shutdownLeaderElection(134)) - 05f59524-a4ea-4be4-b99d-fb9eed47142d: shutdown LeaderElection
2019-10-17 07:38:57,093 [Thread-2012] INFO  impl.FollowerState (FollowerState.java:run(117)) - 4b035f45-7941-40c3-ba2d-1cbecd2d369e@group-9DC5606B5DE8-FollowerState was interrupted: java.lang.InterruptedException: sleep interrupted
2019-10-17 07:38:57,093 [main] INFO  impl.StateMachineUpdater (StateMachineUpdater.java:stopAndJoin(136)) - 4b035f45-7941-40c3-ba2d-1cbecd2d369e@group-9DC5606B5DE8-StateMachineUpdater: set stopIndex = -1
2019-10-17 07:38:57,094 [ForkJoinPool.commonPool-worker-0] INFO  impl.StateMachineUpdater (StateMachineUpdater.java:stopAndJoin(136)) - 05f59524-a4ea-4be4-b99d-fb9eed47142d@group-9DC5606B5DE8-StateMachineUpdater: set stopIndex = -1
2019-10-17 07:38:57,094 [main] INFO  impl.RaftServerImpl (ServerState.java:close(388)) - 4b035f45-7941-40c3-ba2d-1cbecd2d369e@group-9DC5606B5DE8: closes. applyIndex: -1
2019-10-17 07:38:57,094 [ForkJoinPool.commonPool-worker-0] INFO  impl.RaftServerImpl (ServerState.java:close(388)) - 05f59524-a4ea-4be4-b99d-fb9eed47142d@group-9DC5606B5DE8: closes. applyIndex: -1
2019-10-17 07:38:57,095 [4b035f45-7941-40c3-ba2d-1cbecd2d369e@group-9DC5606B5DE8-SegmentedRaftLogWorker] INFO  segmented.SegmentedRaftLogWorker (SegmentedRaftLogWorker.java:run(316)) - 4b035f45-7941-40c3-ba2d-1cbecd2d369e@group-9DC5606B5DE8-SegmentedRaftLogWorker was interrupted, exiting. There are 0 tasks remaining in the queue.
2019-10-17 07:38:57,095 [05f59524-a4ea-4be4-b99d-fb9eed47142d@group-9DC5606B5DE8-SegmentedRaftLogWorker] INFO  segmented.SegmentedRaftLogWorker (SegmentedRaftLogWorker.java:run(316)) - 05f59524-a4ea-4be4-b99d-fb9eed47142d@group-9DC5606B5DE8-SegmentedRaftLogWorker was interrupted, exiting. There are 0 tasks remaining in the queue.
2019-10-17 07:38:57,095 [main] INFO  segmented.SegmentedRaftLogWorker (SegmentedRaftLogWorker.java:close(224)) - 4b035f45-7941-40c3-ba2d-1cbecd2d369e@group-9DC5606B5DE8-SegmentedRaftLogWorker close()
2019-10-17 07:38:57,095 [ForkJoinPool.commonPool-worker-0] INFO  segmented.SegmentedRaftLogWorker (SegmentedRaftLogWorker.java:close(224)) - 05f59524-a4ea-4be4-b99d-fb9eed47142d@group-9DC5606B5DE8-SegmentedRaftLogWorker close()
2019-10-17 07:38:57,099 [main] INFO  server.GrpcService (GrpcService.java:closeImpl(164)) - 4b035f45-7941-40c3-ba2d-1cbecd2d369e: shutdown server with port 45443 now
2019-10-17 07:38:57,099 [ForkJoinPool.commonPool-worker-0] INFO  server.GrpcService (GrpcService.java:closeImpl(164)) - 05f59524-a4ea-4be4-b99d-fb9eed47142d: shutdown server with port 45919 now
2019-10-17 07:38:57,106 [main] INFO  server.GrpcService (GrpcService.java:closeImpl(172)) - 4b035f45-7941-40c3-ba2d-1cbecd2d369e: shutdown server with port 45443 successfully
2019-10-17 07:38:57,106 [ForkJoinPool.commonPool-worker-0] INFO  server.GrpcService (GrpcService.java:closeImpl(172)) - 05f59524-a4ea-4be4-b99d-fb9eed47142d: shutdown server with port 45919 successfully
2019-10-17 07:38:57,119 [refreshUsed-/workdir/hadoop-ozone/integration-test/target/test-dir/MiniOzoneClusterImpl-eeadbacc-06c2-472c-a3f4-8a25f61a295a/datanode-1/data/containers] WARN  fs.CachingGetSpaceUsed (CachingGetSpaceUsed.java:run(183)) - Thread Interrupted waiting to refresh disk information: sleep interrupted
2019-10-17 07:38:57,119 [refreshUsed-/workdir/hadoop-ozone/integration-test/target/test-dir/MiniOzoneClusterImpl-eeadbacc-06c2-472c-a3f4-8a25f61a295a/datanode-3/data/containers] WARN  fs.CachingGetSpaceUsed (CachingGetSpaceUsed.java:run(183)) - Thread Interrupted waiting to refresh disk information: sleep interrupted
2019-10-17 07:38:57,148 [main] INFO  utils.BackgroundService (BackgroundService.java:shutdown(151)) - Shutting down service BlockDeletingService
2019-10-17 07:38:57,150 [ForkJoinPool.commonPool-worker-0] INFO  utils.BackgroundService (BackgroundService.java:shutdown(151)) - Shutting down service BlockDeletingService
2019-10-17 07:38:57,151 [main] INFO  statemachine.DatanodeStateMachine (DatanodeStateMachine.java:stopDaemon(395)) - Ozone container server stopped.
2019-10-17 07:38:57,155 [ForkJoinPool.commonPool-worker-0] INFO  statemachine.DatanodeStateMachine (DatanodeStateMachine.java:stopDaemon(395)) - Ozone container server stopped.
2019-10-17 07:38:57,158 [main] INFO  handler.ContextHandler (ContextHandler.java:doStop(910)) - Stopped o.e.j.w.WebAppContext@7a27845c{/,null,UNAVAILABLE}{/hddsDatanode}
2019-10-17 07:38:57,160 [ForkJoinPool.commonPool-worker-0] INFO  handler.ContextHandler (ContextHandler.java:doStop(910)) - Stopped o.e.j.w.WebAppContext@6019aa11{/,null,UNAVAILABLE}{/hddsDatanode}
2019-10-17 07:38:57,160 [main] INFO  server.AbstractConnector (AbstractConnector.java:doStop(318)) - Stopped ServerConnector@7744f648{HTTP/1.1,[http/1.1]}{0.0.0.0:0}
2019-10-17 07:38:57,161 [ForkJoinPool.commonPool-worker-0] INFO  server.AbstractConnector (AbstractConnector.java:doStop(318)) - Stopped ServerConnector@33f6a80b{HTTP/1.1,[http/1.1]}{0.0.0.0:0}
2019-10-17 07:38:57,162 [main] INFO  handler.ContextHandler (ContextHandler.java:doStop(910)) - Stopped o.e.j.s.ServletContextHandler@5ddfd515{/static,jar:file:/home/user/.m2/repository/org/apache/hadoop/hadoop-hdds-container-service/0.5.0-SNAPSHOT/hadoop-hdds-container-service-0.5.0-SNAPSHOT.jar!/webapps/static,UNAVAILABLE}
2019-10-17 07:38:57,163 [ForkJoinPool.commonPool-worker-0] INFO  handler.ContextHandler (ContextHandler.java:doStop(910)) - Stopped o.e.j.s.ServletContextHandler@78efb1e7{/static,jar:file:/home/user/.m2/repository/org/apache/hadoop/hadoop-hdds-container-service/0.5.0-SNAPSHOT/hadoop-hdds-container-service-0.5.0-SNAPSHOT.jar!/webapps/static,UNAVAILABLE}
2019-10-17 07:38:57,164 [main] INFO  handler.ContextHandler (ContextHandler.java:doStop(910)) - Stopped o.e.j.s.ServletContextHandler@649cf00{/logs,file:///workdir/hadoop-ozone/integration-test/target/log,UNAVAILABLE}
2019-10-17 07:38:57,165 [ForkJoinPool.commonPool-worker-0] INFO  handler.ContextHandler (ContextHandler.java:doStop(910)) - Stopped o.e.j.s.ServletContextHandler@42eed357{/logs,file:///workdir/hadoop-ozone/integration-test/target/log,UNAVAILABLE}
2019-10-17 07:38:57,975 [Datanode State Machine Thread - 0] INFO  statemachine.DatanodeStateMachine (DatanodeStateMachine.java:lambda$startDaemon$0(350)) - Ozone container server started.
2019-10-17 07:38:58,106 [Datanode State Machine Thread - 0] INFO  statemachine.DatanodeStateMachine (DatanodeStateMachine.java:lambda$startDaemon$0(350)) - Ozone container server started.
2019-10-17 07:39:02,167 [main] INFO  ozoneimpl.OzoneContainer (OzoneContainer.java:stop(227)) - Attempting to stop container services.
2019-10-17 07:39:02,167 [ForkJoinPool.commonPool-worker-0] INFO  ozoneimpl.OzoneContainer (OzoneContainer.java:stop(227)) - Attempting to stop container services.
2019-10-17 07:39:02,168 [main] INFO  impl.RaftServerProxy (RaftServerProxy.java:lambda$close$4(314)) - 2636e257-7a47-4bf8-b940-93a028f0c6b6: close
2019-10-17 07:39:02,169 [ForkJoinPool.commonPool-worker-0] INFO  impl.RaftServerProxy (RaftServerProxy.java:lambda$close$4(314)) - 920a4478-64f4-4720-983c-9a2102f3c94b: close
2019-10-17 07:39:02,169 [main] INFO  impl.RaftServerImpl (RaftServerImpl.java:lambda$shutdown$3(261)) - 2636e257-7a47-4bf8-b940-93a028f0c6b6@group-CA4E2DA81E43: shutdown
2019-10-17 07:39:02,169 [ForkJoinPool.commonPool-worker-0] INFO  impl.RaftServerImpl (RaftServerImpl.java:lambda$shutdown$3(261)) - 920a4478-64f4-4720-983c-9a2102f3c94b@group-EE70740DC1AF: shutdown
2019-10-17 07:39:02,169 [main] INFO  util.JmxRegister (JmxRegister.java:unregister(73)) - Successfully un-registered JMX Bean with object name Ratis:service=RaftServer,group=group-CA4E2DA81E43,id=2636e257-7a47-4bf8-b940-93a028f0c6b6
2019-10-17 07:39:02,170 [ForkJoinPool.commonPool-worker-0] INFO  util.JmxRegister (JmxRegister.java:unregister(73)) - Successfully un-registered JMX Bean with object name Ratis:service=RaftServer,group=group-EE70740DC1AF,id=920a4478-64f4-4720-983c-9a2102f3c94b
2019-10-17 07:39:02,170 [main] INFO  impl.RoleInfo (RoleInfo.java:shutdownLeaderState(104)) - 2636e257-7a47-4bf8-b940-93a028f0c6b6: shutdown LeaderState
2019-10-17 07:39:02,170 [ForkJoinPool.commonPool-worker-0] INFO  impl.RoleInfo (RoleInfo.java:shutdownLeaderState(104)) - 920a4478-64f4-4720-983c-9a2102f3c94b: shutdown LeaderState
2019-10-17 07:39:02,171 [main] INFO  impl.PendingRequests (PendingRequests.java:sendNotLeaderResponses(202)) - 2636e257-7a47-4bf8-b940-93a028f0c6b6@group-CA4E2DA81E43-PendingRequests: sendNotLeaderResponses
2019-10-17 07:39:02,171 [ForkJoinPool.commonPool-worker-0] INFO  impl.PendingRequests (PendingRequests.java:sendNotLeaderResponses(202)) - 920a4478-64f4-4720-983c-9a2102f3c94b@group-EE70740DC1AF-PendingRequests: sendNotLeaderResponses
2019-10-17 07:39:02,172 [main] INFO  impl.StateMachineUpdater (StateMachineUpdater.java:stopAndJoin(136)) - 2636e257-7a47-4bf8-b940-93a028f0c6b6@group-CA4E2DA81E43-StateMachineUpdater: set stopIndex = 0
2019-10-17 07:39:02,172 [ForkJoinPool.commonPool-worker-0] INFO  impl.StateMachineUpdater (StateMachineUpdater.java:stopAndJoin(136)) - 920a4478-64f4-4720-983c-9a2102f3c94b@group-EE70740DC1AF-StateMachineUpdater: set stopIndex = 0
2019-10-17 07:39:02,172 [main] INFO  impl.RaftServerImpl (ServerState.java:close(388)) - 2636e257-7a47-4bf8-b940-93a028f0c6b6@group-CA4E2DA81E43: closes. applyIndex: 0
2019-10-17 07:39:02,173 [ForkJoinPool.commonPool-worker-0] INFO  impl.RaftServerImpl (ServerState.java:close(388)) - 920a4478-64f4-4720-983c-9a2102f3c94b@group-EE70740DC1AF: closes. applyIndex: 0
2019-10-17 07:39:02,175 [2636e257-7a47-4bf8-b940-93a028f0c6b6@group-CA4E2DA81E43-SegmentedRaftLogWorker] INFO  segmented.SegmentedRaftLogWorker (SegmentedRaftLogWorker.java:run(316)) - 2636e257-7a47-4bf8-b940-93a028f0c6b6@group-CA4E2DA81E43-SegmentedRaftLogWorker was interrupted, exiting. There are 0 tasks remaining in the queue.
2019-10-17 07:39:02,175 [920a4478-64f4-4720-983c-9a2102f3c94b@group-EE70740DC1AF-SegmentedRaftLogWorker] INFO  segmented.SegmentedRaftLogWorker (SegmentedRaftLogWorker.java:run(316)) - 920a4478-64f4-4720-983c-9a2102f3c94b@group-EE70740DC1AF-SegmentedRaftLogWorker was interrupted, exiting. There are 0 tasks remaining in the queue.
2019-10-17 07:39:02,176 [main] INFO  segmented.SegmentedRaftLogWorker (SegmentedRaftLogWorker.java:close(224)) - 2636e257-7a47-4bf8-b940-93a028f0c6b6@group-CA4E2DA81E43-SegmentedRaftLogWorker close()
2019-10-17 07:39:02,176 [ForkJoinPool.commonPool-worker-0] INFO  segmented.SegmentedRaftLogWorker (SegmentedRaftLogWorker.java:close(224)) - 920a4478-64f4-4720-983c-9a2102f3c94b@group-EE70740DC1AF-SegmentedRaftLogWorker close()
2019-10-17 07:39:02,177 [main] INFO  impl.RaftServerImpl (RaftServerImpl.java:lambda$shutdown$3(261)) - 2636e257-7a47-4bf8-b940-93a028f0c6b6@group-812BEF14F159: shutdown
2019-10-17 07:39:02,179 [ForkJoinPool.commonPool-worker-0] INFO  impl.RaftServerImpl (RaftServerImpl.java:lambda$shutdown$3(261)) - 920a4478-64f4-4720-983c-9a2102f3c94b@group-9DC5606B5DE8: shutdown
2019-10-17 07:39:02,179 [main] INFO  util.JmxRegister (JmxRegister.java:unregister(73)) - Successfully un-registered JMX Bean with object name Ratis:service=RaftServer,group=group-812BEF14F159,id=2636e257-7a47-4bf8-b940-93a028f0c6b6
2019-10-17 07:39:02,179 [ForkJoinPool.commonPool-worker-0] INFO  util.JmxRegister (JmxRegister.java:unregister(73)) - Successfully un-registered JMX Bean with object name Ratis:service=RaftServer,group=group-9DC5606B5DE8,id=920a4478-64f4-4720-983c-9a2102f3c94b
2019-10-17 07:39:02,180 [ForkJoinPool.commonPool-worker-0] INFO  impl.RoleInfo (RoleInfo.java:shutdownFollowerState(121)) - 920a4478-64f4-4720-983c-9a2102f3c94b: shutdown FollowerState
2019-10-17 07:39:02,180 [main] INFO  impl.RoleInfo (RoleInfo.java:shutdownFollowerState(121)) - 2636e257-7a47-4bf8-b940-93a028f0c6b6: shutdown FollowerState
2019-10-17 07:39:02,180 [Thread-2013] INFO  impl.FollowerState (FollowerState.java:run(117)) - 920a4478-64f4-4720-983c-9a2102f3c94b@group-9DC5606B5DE8-FollowerState was interrupted: java.lang.InterruptedException: sleep interrupted
2019-10-17 07:39:02,180 [ForkJoinPool.commonPool-worker-0] INFO  impl.StateMachineUpdater (StateMachineUpdater.java:stopAndJoin(136)) - 920a4478-64f4-4720-983c-9a2102f3c94b@group-9DC5606B5DE8-StateMachineUpdater: set stopIndex = -1
2019-10-17 07:39:02,181 [Thread-456] INFO  impl.FollowerState (FollowerState.java:run(117)) - 2636e257-7a47-4bf8-b940-93a028f0c6b6@group-812BEF14F159-FollowerState was interrupted: java.lang.InterruptedException: sleep interrupted
2019-10-17 07:39:02,181 [main] INFO  impl.StateMachineUpdater (StateMachineUpdater.java:stopAndJoin(136)) - 2636e257-7a47-4bf8-b940-93a028f0c6b6@group-812BEF14F159-StateMachineUpdater: set stopIndex = 0
2019-10-17 07:39:02,181 [ForkJoinPool.commonPool-worker-0] INFO  impl.RaftServerImpl (ServerState.java:close(388)) - 920a4478-64f4-4720-983c-9a2102f3c94b@group-9DC5606B5DE8: closes. applyIndex: -1
2019-10-17 07:39:02,182 [main] INFO  impl.RaftServerImpl (ServerState.java:close(388)) - 2636e257-7a47-4bf8-b940-93a028f0c6b6@group-812BEF14F159: closes. applyIndex: 0
2019-10-17 07:39:02,182 [920a4478-64f4-4720-983c-9a2102f3c94b@group-9DC5606B5DE8-SegmentedRaftLogWorker] INFO  segmented.SegmentedRaftLogWorker (SegmentedRaftLogWorker.java:run(316)) - 920a4478-64f4-4720-983c-9a2102f3c94b@group-9DC5606B5DE8-SegmentedRaftLogWorker was interrupted, exiting. There are 0 tasks remaining in the queue.
2019-10-17 07:39:02,183 [2636e257-7a47-4bf8-b940-93a028f0c6b6@group-812BEF14F159-SegmentedRaftLogWorker] INFO  segmented.SegmentedRaftLogWorker (SegmentedRaftLogWorker.java:run(316)) - 2636e257-7a47-4bf8-b940-93a028f0c6b6@group-812BEF14F159-SegmentedRaftLogWorker was interrupted, exiting. There are 0 tasks remaining in the queue.
2019-10-17 07:39:02,188 [main] INFO  segmented.SegmentedRaftLogWorker (SegmentedRaftLogWorker.java:close(224)) - 2636e257-7a47-4bf8-b940-93a028f0c6b6@group-812BEF14F159-SegmentedRaftLogWorker close()
2019-10-17 07:39:02,188 [ForkJoinPool.commonPool-worker-0] INFO  segmented.SegmentedRaftLogWorker (SegmentedRaftLogWorker.java:close(224)) - 920a4478-64f4-4720-983c-9a2102f3c94b@group-9DC5606B5DE8-SegmentedRaftLogWorker close()
2019-10-17 07:39:02,189 [main] INFO  server.GrpcService (GrpcService.java:closeImpl(164)) - 2636e257-7a47-4bf8-b940-93a028f0c6b6: shutdown server with port 43946 now
2019-10-17 07:39:02,191 [ForkJoinPool.commonPool-worker-0] INFO  server.GrpcService (GrpcService.java:closeImpl(164)) - 920a4478-64f4-4720-983c-9a2102f3c94b: shutdown server with port 38609 now
2019-10-17 07:39:02,194 [ForkJoinPool.commonPool-worker-0] INFO  server.GrpcService (GrpcService.java:closeImpl(172)) - 920a4478-64f4-4720-983c-9a2102f3c94b: shutdown server with port 38609 successfully
2019-10-17 07:39:02,195 [refreshUsed-/workdir/hadoop-ozone/integration-test/target/test-dir/MiniOzoneClusterImpl-eeadbacc-06c2-472c-a3f4-8a25f61a295a/datanode-2/data/containers] WARN  fs.CachingGetSpaceUsed (CachingGetSpaceUsed.java:run(183)) - Thread Interrupted waiting to refresh disk information: sleep interrupted
2019-10-17 07:39:02,198 [grpc-default-executor-5] WARN  server.GrpcServerProtocolService (LogUtils.java:warn(134)) - 2636e257-7a47-4bf8-b940-93a028f0c6b6: installSnapshot onError, lastRequest: 57d83d75-a41d-4aa4-98a2-4186e05ab504->2636e257-7a47-4bf8-b940-93a028f0c6b6#20-t4, previous=(t:4, i:0), leaderCommit=0, initializing? false, entries: <empty>: org.apache.ratis.thirdparty.io.grpc.StatusRuntimeException: CANCELLED: cancelled before receiving half close
2019-10-17 07:39:02,199 [main] INFO  server.GrpcService (GrpcService.java:closeImpl(172)) - 2636e257-7a47-4bf8-b940-93a028f0c6b6: shutdown server with port 43946 successfully
2019-10-17 07:39:02,202 [grpc-default-executor-6] WARN  server.GrpcLogAppender (LogUtils.java:warn(134)) - 57d83d75-a41d-4aa4-98a2-4186e05ab504@group-812BEF14F159->2636e257-7a47-4bf8-b940-93a028f0c6b6-AppendLogResponseHandler: Failed appendEntries: org.apache.ratis.thirdparty.io.grpc.StatusRuntimeException: CANCELLED: HTTP/2 error code: CANCEL
Received Rst Stream
2019-10-17 07:39:02,210 [refreshUsed-/workdir/hadoop-ozone/integration-test/target/test-dir/MiniOzoneClusterImpl-eeadbacc-06c2-472c-a3f4-8a25f61a295a/datanode-5/data/containers] WARN  fs.CachingGetSpaceUsed (CachingGetSpaceUsed.java:run(183)) - Thread Interrupted waiting to refresh disk information: sleep interrupted
2019-10-17 07:39:02,226 [ForkJoinPool.commonPool-worker-0] INFO  utils.BackgroundService (BackgroundService.java:shutdown(151)) - Shutting down service BlockDeletingService
2019-10-17 07:39:02,228 [ForkJoinPool.commonPool-worker-0] INFO  statemachine.DatanodeStateMachine (DatanodeStateMachine.java:stopDaemon(395)) - Ozone container server stopped.
2019-10-17 07:39:02,232 [ForkJoinPool.commonPool-worker-0] INFO  handler.ContextHandler (ContextHandler.java:doStop(910)) - Stopped o.e.j.w.WebAppContext@2d2cb891{/,null,UNAVAILABLE}{/hddsDatanode}
2019-10-17 07:39:02,233 [ForkJoinPool.commonPool-worker-0] INFO  server.AbstractConnector (AbstractConnector.java:doStop(318)) - Stopped ServerConnector@2ca17423{HTTP/1.1,[http/1.1]}{0.0.0.0:0}
2019-10-17 07:39:02,234 [ForkJoinPool.commonPool-worker-0] INFO  handler.ContextHandler (ContextHandler.java:doStop(910)) - Stopped o.e.j.s.ServletContextHandler@2880f04f{/static,jar:file:/home/user/.m2/repository/org/apache/hadoop/hadoop-hdds-container-service/0.5.0-SNAPSHOT/hadoop-hdds-container-service-0.5.0-SNAPSHOT.jar!/webapps/static,UNAVAILABLE}
2019-10-17 07:39:02,235 [ForkJoinPool.commonPool-worker-0] INFO  handler.ContextHandler (ContextHandler.java:doStop(910)) - Stopped o.e.j.s.ServletContextHandler@4591aeed{/logs,file:///workdir/hadoop-ozone/integration-test/target/log,UNAVAILABLE}
2019-10-17 07:39:02,236 [main] INFO  utils.BackgroundService (BackgroundService.java:shutdown(151)) - Shutting down service BlockDeletingService
2019-10-17 07:39:02,239 [main] INFO  statemachine.DatanodeStateMachine (DatanodeStateMachine.java:stopDaemon(395)) - Ozone container server stopped.
2019-10-17 07:39:02,242 [main] INFO  handler.ContextHandler (ContextHandler.java:doStop(910)) - Stopped o.e.j.w.WebAppContext@4a900883{/,null,UNAVAILABLE}{/hddsDatanode}
2019-10-17 07:39:02,242 [main] INFO  server.AbstractConnector (AbstractConnector.java:doStop(318)) - Stopped ServerConnector@76899234{HTTP/1.1,[http/1.1]}{0.0.0.0:0}
2019-10-17 07:39:02,243 [main] INFO  handler.ContextHandler (ContextHandler.java:doStop(910)) - Stopped o.e.j.s.ServletContextHandler@53fb375{/static,jar:file:/home/user/.m2/repository/org/apache/hadoop/hadoop-hdds-container-service/0.5.0-SNAPSHOT/hadoop-hdds-container-service-0.5.0-SNAPSHOT.jar!/webapps/static,UNAVAILABLE}
2019-10-17 07:39:02,244 [main] INFO  handler.ContextHandler (ContextHandler.java:doStop(910)) - Stopped o.e.j.s.ServletContextHandler@6509734e{/logs,file:///workdir/hadoop-ozone/integration-test/target/log,UNAVAILABLE}
2019-10-17 07:39:03,090 [Datanode State Machine Thread - 0] INFO  statemachine.DatanodeStateMachine (DatanodeStateMachine.java:lambda$startDaemon$0(350)) - Ozone container server started.
2019-10-17 07:39:03,111 [Datanode State Machine Thread - 0] INFO  statemachine.DatanodeStateMachine (DatanodeStateMachine.java:lambda$startDaemon$0(350)) - Ozone container server started.
2019-10-17 07:39:05,269 [java.util.concurrent.ThreadPoolExecutor$Worker@6ef2825f[State = -1, empty queue]] WARN  server.GrpcLogAppender (GrpcLogAppender.java:timeoutAppendRequest(209)) - 57d83d75-a41d-4aa4-98a2-4186e05ab504@group-812BEF14F159->2636e257-7a47-4bf8-b940-93a028f0c6b6-GrpcLogAppender: appendEntries Timeout, request=57d83d75-a41d-4aa4-98a2-4186e05ab504->2636e257-7a47-4bf8-b940-93a028f0c6b6#21-t4, previous=(t:4, i:0), leaderCommit=0, initializing? false, entries: <empty>
2019-10-17 07:39:07,237 [ForkJoinPool.commonPool-worker-0] INFO  ozoneimpl.OzoneContainer (OzoneContainer.java:stop(227)) - Attempting to stop container services.
2019-10-17 07:39:07,238 [ForkJoinPool.commonPool-worker-0] INFO  impl.RaftServerProxy (RaftServerProxy.java:lambda$close$4(314)) - 6befc45b-dcf8-424c-b341-d7aa439c4bd9: close
2019-10-17 07:39:07,238 [ForkJoinPool.commonPool-worker-0] INFO  impl.RaftServerImpl (RaftServerImpl.java:lambda$shutdown$3(261)) - 6befc45b-dcf8-424c-b341-d7aa439c4bd9@group-7DCB31437E77: shutdown
2019-10-17 07:39:07,238 [ForkJoinPool.commonPool-worker-0] INFO  util.JmxRegister (JmxRegister.java:unregister(73)) - Successfully un-registered JMX Bean with object name Ratis:service=RaftServer,group=group-7DCB31437E77,id=6befc45b-dcf8-424c-b341-d7aa439c4bd9
2019-10-17 07:39:07,239 [ForkJoinPool.commonPool-worker-0] INFO  impl.RoleInfo (RoleInfo.java:shutdownLeaderState(104)) - 6befc45b-dcf8-424c-b341-d7aa439c4bd9: shutdown LeaderState
2019-10-17 07:39:07,239 [ForkJoinPool.commonPool-worker-0] INFO  impl.PendingRequests (PendingRequests.java:sendNotLeaderResponses(202)) - 6befc45b-dcf8-424c-b341-d7aa439c4bd9@group-7DCB31437E77-PendingRequests: sendNotLeaderResponses
2019-10-17 07:39:07,240 [ForkJoinPool.commonPool-worker-0] INFO  impl.StateMachineUpdater (StateMachineUpdater.java:stopAndJoin(136)) - 6befc45b-dcf8-424c-b341-d7aa439c4bd9@group-7DCB31437E77-StateMachineUpdater: set stopIndex = 0
2019-10-17 07:39:07,240 [ForkJoinPool.commonPool-worker-0] INFO  impl.RaftServerImpl (ServerState.java:close(388)) - 6befc45b-dcf8-424c-b341-d7aa439c4bd9@group-7DCB31437E77: closes. applyIndex: 0
2019-10-17 07:39:07,241 [6befc45b-dcf8-424c-b341-d7aa439c4bd9@group-7DCB31437E77-SegmentedRaftLogWorker] INFO  segmented.SegmentedRaftLogWorker (SegmentedRaftLogWorker.java:run(316)) - 6befc45b-dcf8-424c-b341-d7aa439c4bd9@group-7DCB31437E77-SegmentedRaftLogWorker was interrupted, exiting. There are 0 tasks remaining in the queue.
2019-10-17 07:39:07,241 [ForkJoinPool.commonPool-worker-0] INFO  segmented.SegmentedRaftLogWorker (SegmentedRaftLogWorker.java:close(224)) - 6befc45b-dcf8-424c-b341-d7aa439c4bd9@group-7DCB31437E77-SegmentedRaftLogWorker close()
2019-10-17 07:39:07,243 [ForkJoinPool.commonPool-worker-0] INFO  impl.RaftServerImpl (RaftServerImpl.java:lambda$shutdown$3(261)) - 6befc45b-dcf8-424c-b341-d7aa439c4bd9@group-812BEF14F159: shutdown
2019-10-17 07:39:07,244 [ForkJoinPool.commonPool-worker-0] INFO  util.JmxRegister (JmxRegister.java:unregister(73)) - Successfully un-registered JMX Bean with object name Ratis:service=RaftServer,group=group-812BEF14F159,id=6befc45b-dcf8-424c-b341-d7aa439c4bd9
2019-10-17 07:39:07,244 [ForkJoinPool.commonPool-worker-0] INFO  impl.RoleInfo (RoleInfo.java:shutdownFollowerState(121)) - 6befc45b-dcf8-424c-b341-d7aa439c4bd9: shutdown FollowerState
2019-10-17 07:39:07,244 [ForkJoinPool.commonPool-worker-0] INFO  impl.StateMachineUpdater (StateMachineUpdater.java:stopAndJoin(136)) - 6befc45b-dcf8-424c-b341-d7aa439c4bd9@group-812BEF14F159-StateMachineUpdater: set stopIndex = 0
2019-10-17 07:39:07,244 [Thread-453] INFO  impl.FollowerState (FollowerState.java:run(117)) - 6befc45b-dcf8-424c-b341-d7aa439c4bd9@group-812BEF14F159-FollowerState was interrupted: java.lang.InterruptedException: sleep interrupted
2019-10-17 07:39:07,245 [ForkJoinPool.commonPool-worker-0] INFO  impl.RaftServerImpl (ServerState.java:close(388)) - 6befc45b-dcf8-424c-b341-d7aa439c4bd9@group-812BEF14F159: closes. applyIndex: 0
2019-10-17 07:39:07,245 [6befc45b-dcf8-424c-b341-d7aa439c4bd9@group-812BEF14F159-SegmentedRaftLogWorker] INFO  segmented.SegmentedRaftLogWorker (SegmentedRaftLogWorker.java:run(316)) - 6befc45b-dcf8-424c-b341-d7aa439c4bd9@group-812BEF14F159-SegmentedRaftLogWorker was interrupted, exiting. There are 0 tasks remaining in the queue.
2019-10-17 07:39:07,246 [main] INFO  ozoneimpl.OzoneContainer (OzoneContainer.java:stop(227)) - Attempting to stop container services.
2019-10-17 07:39:07,247 [main] INFO  impl.RaftServerProxy (RaftServerProxy.java:lambda$close$4(314)) - 57d83d75-a41d-4aa4-98a2-4186e05ab504: close
2019-10-17 07:39:07,247 [main] INFO  impl.RaftServerImpl (RaftServerImpl.java:lambda$shutdown$3(261)) - 57d83d75-a41d-4aa4-98a2-4186e05ab504@group-812BEF14F159: shutdown
2019-10-17 07:39:07,248 [main] INFO  util.JmxRegister (JmxRegister.java:unregister(73)) - Successfully un-registered JMX Bean with object name Ratis:service=RaftServer,group=group-812BEF14F159,id=57d83d75-a41d-4aa4-98a2-4186e05ab504
2019-10-17 07:39:07,248 [main] INFO  impl.RoleInfo (RoleInfo.java:shutdownLeaderState(104)) - 57d83d75-a41d-4aa4-98a2-4186e05ab504: shutdown LeaderState
2019-10-17 07:39:07,250 [org.apache.ratis.server.impl.LogAppender$AppenderDaemon$$Lambda$421/655825463@d0ea011] WARN  server.GrpcLogAppender (GrpcLogAppender.java:mayWait(149)) - 57d83d75-a41d-4aa4-98a2-4186e05ab504@group-812BEF14F159->6befc45b-dcf8-424c-b341-d7aa439c4bd9-GrpcLogAppender: Wait interrupted by java.lang.InterruptedException
2019-10-17 07:39:07,250 [main] INFO  impl.PendingRequests (PendingRequests.java:sendNotLeaderResponses(202)) - 57d83d75-a41d-4aa4-98a2-4186e05ab504@group-812BEF14F159-PendingRequests: sendNotLeaderResponses
2019-10-17 07:39:07,250 [org.apache.ratis.server.impl.LogAppender$AppenderDaemon$$Lambda$421/655825463@d35f6d8] WARN  server.GrpcLogAppender (GrpcLogAppender.java:mayWait(149)) - 57d83d75-a41d-4aa4-98a2-4186e05ab504@group-812BEF14F159->2636e257-7a47-4bf8-b940-93a028f0c6b6-GrpcLogAppender: Wait interrupted by java.lang.InterruptedException
2019-10-17 07:39:07,251 [main] INFO  impl.StateMachineUpdater (StateMachineUpdater.java:stopAndJoin(136)) - 57d83d75-a41d-4aa4-98a2-4186e05ab504@group-812BEF14F159-StateMachineUpdater: set stopIndex = 0
2019-10-17 07:39:07,251 [grpc-default-executor-6] INFO  server.GrpcServerProtocolService (GrpcServerProtocolService.java:onCompleted(113)) - 6befc45b-dcf8-424c-b341-d7aa439c4bd9: Completed APPEND_ENTRIES, lastRequest: 57d83d75-a41d-4aa4-98a2-4186e05ab504->6befc45b-dcf8-424c-b341-d7aa439c4bd9#22-t4, previous=(t:4, i:0), leaderCommit=0, initializing? false, entries: <empty>
2019-10-17 07:39:07,251 [main] INFO  impl.RaftServerImpl (ServerState.java:close(388)) - 57d83d75-a41d-4aa4-98a2-4186e05ab504@group-812BEF14F159: closes. applyIndex: 0
2019-10-17 07:39:07,252 [57d83d75-a41d-4aa4-98a2-4186e05ab504@group-812BEF14F159-SegmentedRaftLogWorker] INFO  segmented.SegmentedRaftLogWorker (SegmentedRaftLogWorker.java:run(316)) - 57d83d75-a41d-4aa4-98a2-4186e05ab504@group-812BEF14F159-SegmentedRaftLogWorker was interrupted, exiting. There are 0 tasks remaining in the queue.
2019-10-17 07:39:07,252 [grpc-default-executor-6] INFO  server.GrpcLogAppender (GrpcLogAppender.java:onCompleted(308)) - 57d83d75-a41d-4aa4-98a2-4186e05ab504@group-812BEF14F159->6befc45b-dcf8-424c-b341-d7aa439c4bd9-AppendLogResponseHandler: follower responses appendEntries COMPLETED
2019-10-17 07:39:07,252 [main] INFO  segmented.SegmentedRaftLogWorker (SegmentedRaftLogWorker.java:close(224)) - 57d83d75-a41d-4aa4-98a2-4186e05ab504@group-812BEF14F159-SegmentedRaftLogWorker close()
2019-10-17 07:39:07,252 [ForkJoinPool.commonPool-worker-0] INFO  segmented.SegmentedRaftLogWorker (SegmentedRaftLogWorker.java:close(224)) - 6befc45b-dcf8-424c-b341-d7aa439c4bd9@group-812BEF14F159-SegmentedRaftLogWorker close()
2019-10-17 07:39:07,255 [main] INFO  impl.RaftServerImpl (RaftServerImpl.java:lambda$shutdown$3(261)) - 57d83d75-a41d-4aa4-98a2-4186e05ab504@group-6F55AE0B2E8B: shutdown
2019-10-17 07:39:07,260 [ForkJoinPool.commonPool-worker-0] INFO  server.GrpcService (GrpcService.java:closeImpl(164)) - 6befc45b-dcf8-424c-b341-d7aa439c4bd9: shutdown server with port 36500 now
2019-10-17 07:39:07,260 [grpc-default-executor-6] INFO  impl.FollowerInfo (FollowerInfo.java:lambda$new$0(51)) - 57d83d75-a41d-4aa4-98a2-4186e05ab504@group-812BEF14F159->6befc45b-dcf8-424c-b341-d7aa439c4bd9: nextIndex: updateUnconditionally 1 -> 0
2019-10-17 07:39:07,260 [main] INFO  util.JmxRegister (JmxRegister.java:unregister(73)) - Successfully un-registered JMX Bean with object name Ratis:service=RaftServer,group=group-6F55AE0B2E8B,id=57d83d75-a41d-4aa4-98a2-4186e05ab504
2019-10-17 07:39:07,263 [main] INFO  impl.RoleInfo (RoleInfo.java:shutdownLeaderState(104)) - 57d83d75-a41d-4aa4-98a2-4186e05ab504: shutdown LeaderState
2019-10-17 07:39:07,263 [ForkJoinPool.commonPool-worker-0] INFO  server.GrpcService (GrpcService.java:closeImpl(172)) - 6befc45b-dcf8-424c-b341-d7aa439c4bd9: shutdown server with port 36500 successfully
2019-10-17 07:39:07,263 [main] INFO  impl.PendingRequests (PendingRequests.java:sendNotLeaderResponses(202)) - 57d83d75-a41d-4aa4-98a2-4186e05ab504@group-6F55AE0B2E8B-PendingRequests: sendNotLeaderResponses
2019-10-17 07:39:07,264 [main] INFO  impl.StateMachineUpdater (StateMachineUpdater.java:stopAndJoin(136)) - 57d83d75-a41d-4aa4-98a2-4186e05ab504@group-6F55AE0B2E8B-StateMachineUpdater: set stopIndex = 0
2019-10-17 07:39:07,265 [main] INFO  impl.RaftServerImpl (ServerState.java:close(388)) - 57d83d75-a41d-4aa4-98a2-4186e05ab504@group-6F55AE0B2E8B: closes. applyIndex: 0
2019-10-17 07:39:07,265 [57d83d75-a41d-4aa4-98a2-4186e05ab504@group-6F55AE0B2E8B-SegmentedRaftLogWorker] INFO  segmented.SegmentedRaftLogWorker (SegmentedRaftLogWorker.java:run(316)) - 57d83d75-a41d-4aa4-98a2-4186e05ab504@group-6F55AE0B2E8B-SegmentedRaftLogWorker was interrupted, exiting. There are 0 tasks remaining in the queue.
2019-10-17 07:39:07,265 [main] INFO  segmented.SegmentedRaftLogWorker (SegmentedRaftLogWorker.java:close(224)) - 57d83d75-a41d-4aa4-98a2-4186e05ab504@group-6F55AE0B2E8B-SegmentedRaftLogWorker close()
2019-10-17 07:39:07,266 [main] INFO  server.GrpcService (GrpcService.java:closeImpl(164)) - 57d83d75-a41d-4aa4-98a2-4186e05ab504: shutdown server with port 46845 now
2019-10-17 07:39:07,270 [main] INFO  server.GrpcService (GrpcService.java:closeImpl(172)) - 57d83d75-a41d-4aa4-98a2-4186e05ab504: shutdown server with port 46845 successfully
2019-10-17 07:39:07,273 [refreshUsed-/workdir/hadoop-ozone/integration-test/target/test-dir/MiniOzoneClusterImpl-eeadbacc-06c2-472c-a3f4-8a25f61a295a/datanode-0/data/containers] WARN  fs.CachingGetSpaceUsed (CachingGetSpaceUsed.java:run(183)) - Thread Interrupted waiting to refresh disk information: sleep interrupted
2019-10-17 07:39:07,282 [refreshUsed-/workdir/hadoop-ozone/integration-test/target/test-dir/MiniOzoneClusterImpl-eeadbacc-06c2-472c-a3f4-8a25f61a295a/datanode-4/data/containers] WARN  fs.CachingGetSpaceUsed (CachingGetSpaceUsed.java:run(183)) - Thread Interrupted waiting to refresh disk information: sleep interrupted
2019-10-17 07:39:07,292 [ForkJoinPool.commonPool-worker-0] INFO  utils.BackgroundService (BackgroundService.java:shutdown(151)) - Shutting down service BlockDeletingService
2019-10-17 07:39:07,294 [ForkJoinPool.commonPool-worker-0] INFO  statemachine.DatanodeStateMachine (DatanodeStateMachine.java:stopDaemon(395)) - Ozone container server stopped.
2019-10-17 07:39:07,297 [ForkJoinPool.commonPool-worker-0] INFO  handler.ContextHandler (ContextHandler.java:doStop(910)) - Stopped o.e.j.w.WebAppContext@4565feb7{/,null,UNAVAILABLE}{/hddsDatanode}
2019-10-17 07:39:07,297 [ForkJoinPool.commonPool-worker-0] INFO  server.AbstractConnector (AbstractConnector.java:doStop(318)) - Stopped ServerConnector@e8aadf0{HTTP/1.1,[http/1.1]}{0.0.0.0:0}
2019-10-17 07:39:07,298 [ForkJoinPool.commonPool-worker-0] INFO  handler.ContextHandler (ContextHandler.java:doStop(910)) - Stopped o.e.j.s.ServletContextHandler@3174da55{/static,jar:file:/home/user/.m2/repository/org/apache/hadoop/hadoop-hdds-container-service/0.5.0-SNAPSHOT/hadoop-hdds-container-service-0.5.0-SNAPSHOT.jar!/webapps/static,UNAVAILABLE}
2019-10-17 07:39:07,299 [ForkJoinPool.commonPool-worker-0] INFO  handler.ContextHandler (ContextHandler.java:doStop(910)) - Stopped o.e.j.s.ServletContextHandler@4abea437{/logs,file:///workdir/hadoop-ozone/integration-test/target/log,UNAVAILABLE}
2019-10-17 07:39:07,304 [main] INFO  utils.BackgroundService (BackgroundService.java:shutdown(151)) - Shutting down service BlockDeletingService
2019-10-17 07:39:07,305 [main] INFO  statemachine.DatanodeStateMachine (DatanodeStateMachine.java:stopDaemon(395)) - Ozone container server stopped.
2019-10-17 07:39:07,308 [main] INFO  handler.ContextHandler (ContextHandler.java:doStop(910)) - Stopped o.e.j.w.WebAppContext@6fd780c{/,null,UNAVAILABLE}{/hddsDatanode}
2019-10-17 07:39:07,309 [main] INFO  server.AbstractConnector (AbstractConnector.java:doStop(318)) - Stopped ServerConnector@3cc97f44{HTTP/1.1,[http/1.1]}{0.0.0.0:0}
2019-10-17 07:39:07,311 [main] INFO  handler.ContextHandler (ContextHandler.java:doStop(910)) - Stopped o.e.j.s.ServletContextHandler@353fb64e{/static,jar:file:/home/user/.m2/repository/org/apache/hadoop/hadoop-hdds-container-service/0.5.0-SNAPSHOT/hadoop-hdds-container-service-0.5.0-SNAPSHOT.jar!/webapps/static,UNAVAILABLE}
2019-10-17 07:39:07,312 [main] INFO  handler.ContextHandler (ContextHandler.java:doStop(910)) - Stopped o.e.j.s.ServletContextHandler@5064de39{/logs,file:///workdir/hadoop-ozone/integration-test/target/log,UNAVAILABLE}
2019-10-17 07:39:07,312 [main] INFO  ozone.MiniOzoneClusterImpl (MiniOzoneClusterImpl.java:stopSCM(430)) - Stopping the StorageContainerManager
2019-10-17 07:39:07,313 [main] INFO  server.StorageContainerManager (StorageContainerManager.java:stop(810)) - Stopping Replication Manager Service.
2019-10-17 07:39:07,313 [main] INFO  container.ReplicationManager (ReplicationManager.java:stop(203)) - Stopping Replication Monitor Thread.
2019-10-17 07:39:07,313 [main] INFO  server.StorageContainerManager (StorageContainerManager.java:stop(817)) - Stopping Lease Manager of the command watchers
2019-10-17 07:39:07,314 [main] INFO  server.StorageContainerManager (StorageContainerManager.java:stop(824)) - Stopping datanode service RPC server
2019-10-17 07:39:07,314 [main] INFO  server.SCMDatanodeProtocolServer (SCMDatanodeProtocolServer.java:stop(346)) - Stopping the RPC server for DataNodes
2019-10-17 07:39:07,314 [main] INFO  ipc.Server (Server.java:stop(3082)) - Stopping server on 42372
2019-10-17 07:39:07,315 [IPC Server listener on 42372] INFO  ipc.Server (Server.java:run(1185)) - Stopping IPC Server listener on 42372
2019-10-17 07:39:07,315 [IPC Server Responder] INFO  ipc.Server (Server.java:run(1319)) - Stopping IPC Server Responder
2019-10-17 07:39:07,529 [SCM Heartbeat Processing Thread - 0] WARN  node.NodeStateManager (NodeStateManager.java:scheduleNextHealthCheck(646)) - Current Thread is interrupted, shutting down HB processing thread for Node Manager.
2019-10-17 07:39:07,530 [main] INFO  server.StorageContainerManager (StorageContainerManager.java:stop(832)) - Stopping block service RPC server
2019-10-17 07:39:07,530 [main] INFO  server.SCMBlockProtocolServer (SCMBlockProtocolServer.java:stop(155)) - Stopping the RPC server for Block Protocol
2019-10-17 07:39:07,530 [main] INFO  ipc.Server (Server.java:stop(3082)) - Stopping server on 33223
2019-10-17 07:39:07,532 [IPC Server listener on 33223] INFO  ipc.Server (Server.java:run(1185)) - Stopping IPC Server listener on 33223
2019-10-17 07:39:07,532 [main] INFO  server.StorageContainerManager (StorageContainerManager.java:stop(839)) - Stopping the StorageContainerLocationProtocol RPC server
2019-10-17 07:39:07,533 [IPC Server Responder] INFO  ipc.Server (Server.java:run(1319)) - Stopping IPC Server Responder
2019-10-17 07:39:07,533 [main] INFO  server.SCMClientProtocolServer (SCMClientProtocolServer.java:stop(168)) - Stopping the RPC server for Client Protocol
2019-10-17 07:39:07,533 [main] INFO  ipc.Server (Server.java:stop(3082)) - Stopping server on 45420
2019-10-17 07:39:07,535 [IPC Server listener on 45420] INFO  ipc.Server (Server.java:run(1185)) - Stopping IPC Server listener on 45420
2019-10-17 07:39:07,535 [main] INFO  server.StorageContainerManager (StorageContainerManager.java:stop(846)) - Stopping Storage Container Manager HTTP server.
2019-10-17 07:39:07,536 [IPC Server Responder] INFO  ipc.Server (Server.java:run(1319)) - Stopping IPC Server Responder
2019-10-17 07:39:07,537 [main] INFO  handler.ContextHandler (ContextHandler.java:doStop(910)) - Stopped o.e.j.w.WebAppContext@26f73022{/,null,UNAVAILABLE}{/scm}
2019-10-17 07:39:07,539 [main] INFO  server.AbstractConnector (AbstractConnector.java:doStop(318)) - Stopped ServerConnector@2669f601{HTTP/1.1,[http/1.1]}{0.0.0.0:0}
2019-10-17 07:39:07,539 [main] INFO  handler.ContextHandler (ContextHandler.java:doStop(910)) - Stopped o.e.j.s.ServletContextHandler@75f2b85{/static,file:///workdir/hadoop-ozone/integration-test/target/test-classes/webapps/static,UNAVAILABLE}
2019-10-17 07:39:07,540 [main] INFO  handler.ContextHandler (ContextHandler.java:doStop(910)) - Stopped o.e.j.s.ServletContextHandler@2dfff131{/logs,file:///workdir/hadoop-ozone/integration-test/target/log,UNAVAILABLE}
2019-10-17 07:39:07,541 [main] INFO  server.StorageContainerManager (StorageContainerManager.java:stop(857)) - Stopping Block Manager Service.
2019-10-17 07:39:07,541 [main] INFO  utils.BackgroundService (BackgroundService.java:shutdown(151)) - Shutting down service SCMBlockDeletingService
2019-10-17 07:39:07,542 [main] INFO  utils.BackgroundService (BackgroundService.java:shutdown(151)) - Shutting down service SCMBlockDeletingService
2019-10-17 07:39:07,542 [main] INFO  server.StorageContainerManager (StorageContainerManager.java:stop(879)) - Stopping SCM Event Queue.
2019-10-17 07:39:07,551 [main] INFO  impl.MetricsSystemImpl (MetricsSystemImpl.java:stop(210)) - Stopping ratis metrics system...
2019-10-17 07:39:07,564 [prometheus] INFO  impl.MetricsSinkAdapter (MetricsSinkAdapter.java:publishMetricsFromQueue(141)) - prometheus thread interrupted.
2019-10-17 07:39:07,564 [main] INFO  impl.MetricsSystemImpl (MetricsSystemImpl.java:stop(216)) - ratis metrics system stopped.
]]></system-out>
    <system-err><![CDATA[ERROR StatusLogger No Log4j 2 configuration file found. Using default configuration (logging only errors to the console), or user programmatically provided configurations. Set system property 'log4j2.debug' to show Log4j 2 internal initialization logging. See https://logging.apache.org/log4j/2.x/manual/configuration.html for instructions on how to configure Log4j 2
Exception in thread "05f59524-a4ea-4be4-b99d-fb9eed47142d@group-9DC5606B5DE8-LeaderElection239" java.lang.IllegalStateException: ILLEGAL TRANSITION: In 05f59524-a4ea-4be4-b99d-fb9eed47142d@group-9DC5606B5DE8-LeaderElection239, RUNNING -> CLOSED
	at org.apache.ratis.util.Preconditions.assertTrue(Preconditions.java:63)
	at org.apache.ratis.util.LifeCycle$State.validate(LifeCycle.java:123)
	at org.apache.ratis.util.LifeCycle.transition(LifeCycle.java:143)
	at org.apache.ratis.server.impl.LeaderElection.run(LeaderElection.java:151)
	at java.lang.Thread.run(Thread.java:748)
Oct 17, 2019 7:39:02 AM org.apache.ratis.thirdparty.io.grpc.internal.SerializingExecutor run
SEVERE: Exception while executing runnable org.apache.ratis.thirdparty.io.grpc.internal.ServerImpl$JumpToApplicationThreadServerStreamListener$1Closed@2b28cbfc
org.apache.ratis.thirdparty.io.grpc.StatusRuntimeException: CANCELLED: call already cancelled
	at org.apache.ratis.thirdparty.io.grpc.Status.asRuntimeException(Status.java:517)
	at org.apache.ratis.thirdparty.io.grpc.stub.ServerCalls$ServerCallStreamObserverImpl.onCompleted(ServerCalls.java:356)
	at org.apache.ratis.grpc.server.GrpcServerProtocolService$ServerRequestStreamObserver.onError(GrpcServerProtocolService.java:121)
	at org.apache.ratis.thirdparty.io.grpc.stub.ServerCalls$StreamingServerCallHandler$StreamingServerCallListener.onCancel(ServerCalls.java:269)
	at org.apache.ratis.thirdparty.io.grpc.internal.ServerCallImpl$ServerStreamListenerImpl.closed(ServerCallImpl.java:293)
	at org.apache.ratis.thirdparty.io.grpc.internal.ServerImpl$JumpToApplicationThreadServerStreamListener$1Closed.runInContext(ServerImpl.java:741)
	at org.apache.ratis.thirdparty.io.grpc.internal.ContextRunnable.run(ContextRunnable.java:37)
	at org.apache.ratis.thirdparty.io.grpc.internal.SerializingExecutor.run(SerializingExecutor.java:123)
	at java.util.concurrent.ThreadPoolExecutor.runWorker(ThreadPoolExecutor.java:1149)
	at java.util.concurrent.ThreadPoolExecutor$Worker.run(ThreadPoolExecutor.java:624)
	at java.lang.Thread.run(Thread.java:748)

Oct 17, 2019 7:39:02 AM org.apache.ratis.thirdparty.io.grpc.internal.SerializingExecutor run
SEVERE: Exception while executing runnable org.apache.ratis.thirdparty.io.grpc.internal.ClientCallImpl$ClientStreamListenerImpl$1StreamClosed@76f13d61
java.lang.NullPointerException
	at org.apache.ratis.grpc.server.GrpcLogAppender$AppendLogResponseHandler.onError(GrpcLogAppender.java:303)
	at org.apache.ratis.thirdparty.io.grpc.stub.ClientCalls$StreamObserverToCallListenerAdapter.onClose(ClientCalls.java:434)
	at org.apache.ratis.thirdparty.io.grpc.PartialForwardingClientCallListener.onClose(PartialForwardingClientCallListener.java:39)
	at org.apache.ratis.thirdparty.io.grpc.ForwardingClientCallListener.onClose(ForwardingClientCallListener.java:23)
	at org.apache.ratis.thirdparty.io.grpc.ForwardingClientCallListener$SimpleForwardingClientCallListener.onClose(ForwardingClientCallListener.java:40)
	at org.apache.ratis.thirdparty.io.grpc.internal.CensusStatsModule$StatsClientInterceptor$1$1.onClose(CensusStatsModule.java:678)
	at org.apache.ratis.thirdparty.io.grpc.PartialForwardingClientCallListener.onClose(PartialForwardingClientCallListener.java:39)
	at org.apache.ratis.thirdparty.io.grpc.ForwardingClientCallListener.onClose(ForwardingClientCallListener.java:23)
	at org.apache.ratis.thirdparty.io.grpc.ForwardingClientCallListener$SimpleForwardingClientCallListener.onClose(ForwardingClientCallListener.java:40)
	at org.apache.ratis.thirdparty.io.grpc.internal.CensusTracingModule$TracingClientInterceptor$1$1.onClose(CensusTracingModule.java:397)
	at org.apache.ratis.thirdparty.io.grpc.internal.ClientCallImpl.closeObserver(ClientCallImpl.java:459)
	at org.apache.ratis.thirdparty.io.grpc.internal.ClientCallImpl.access$300(ClientCallImpl.java:63)
	at org.apache.ratis.thirdparty.io.grpc.internal.ClientCallImpl$ClientStreamListenerImpl.close(ClientCallImpl.java:546)
	at org.apache.ratis.thirdparty.io.grpc.internal.ClientCallImpl$ClientStreamListenerImpl.access$600(ClientCallImpl.java:467)
	at org.apache.ratis.thirdparty.io.grpc.internal.ClientCallImpl$ClientStreamListenerImpl$1StreamClosed.runInContext(ClientCallImpl.java:584)
	at org.apache.ratis.thirdparty.io.grpc.internal.ContextRunnable.run(ContextRunnable.java:37)
	at org.apache.ratis.thirdparty.io.grpc.internal.SerializingExecutor.run(SerializingExecutor.java:123)
	at java.util.concurrent.ThreadPoolExecutor.runWorker(ThreadPoolExecutor.java:1149)
	at java.util.concurrent.ThreadPoolExecutor$Worker.run(ThreadPoolExecutor.java:624)
	at java.lang.Thread.run(Thread.java:748)

]]></system-err>
  </testcase>
  <testcase name="testPipelineCreationOnNodeRestart" classname="org.apache.hadoop.hdds.scm.pipeline.TestRatisPipelineCreateAndDestroy" time="40.705"/>
</testsuite>