<?xml version="1.0" encoding="UTF-8"?>
<testsuite xmlns:xsi="http://www.w3.org/2001/XMLSchema-instance" xsi:noNamespaceSchemaLocation="https://maven.apache.org/surefire/maven-surefire-plugin/xsd/surefire-test-report.xsd" name="org.apache.hadoop.ozone.client.rpc.TestWatchForCommit" time="247.89" tests="5" errors="1" skipped="0" failures="0">
  <properties>
    <property name="awt.toolkit" value="sun.awt.X11.XToolkit"/>
    <property name="file.encoding.pkg" value="sun.io"/>
    <property name="java.specification.version" value="1.8"/>
    <property name="sun.cpu.isalist" value=""/>
    <property name="sun.jnu.encoding" value="UTF-8"/>
    <property name="java.class.path" value="/workdir/hadoop-ozone/integration-test/target/test-classes:/workdir/hadoop-ozone/integration-test/target/classes:/home/user/.m2/repository/org/apache/hadoop/hadoop-ozone-common/0.5.0-SNAPSHOT/hadoop-ozone-common-0.5.0-SNAPSHOT.jar:/home/user/.m2/repository/org/apache/commons/commons-compress/1.4.1/commons-compress-1.4.1.jar:/home/user/.m2/repository/org/tukaani/xz/1.0/xz-1.0.jar:/home/user/.m2/repository/org/apache/hadoop/hadoop-common/3.2.0/hadoop-common-3.2.0.jar:/home/user/.m2/repository/org/apache/hadoop/hadoop-hdfs/3.2.0/hadoop-hdfs-3.2.0.jar:/home/user/.m2/repository/org/apache/hadoop/hadoop-hdfs-client/3.2.0/hadoop-hdfs-client-3.2.0.jar:/home/user/.m2/repository/com/fasterxml/jackson/core/jackson-annotations/2.9.9/jackson-annotations-2.9.9.jar:/home/user/.m2/repository/org/apache/hadoop/hadoop-hdds-common/0.5.0-SNAPSHOT/hadoop-hdds-common-0.5.0-SNAPSHOT.jar:/home/user/.m2/repository/javax/annotation/javax.annotation-api/1.2/javax.annotation-api-1.2.jar:/home/user/.m2/repository/org/apache/ratis/ratis-server/0.5.0-201fc85-SNAPSHOT/ratis-server-0.5.0-201fc85-SNAPSHOT.jar:/home/user/.m2/repository/org/apache/ratis/ratis-thirdparty-misc/0.2.0/ratis-thirdparty-misc-0.2.0.jar:/home/user/.m2/repository/org/apache/ratis/ratis-proto/0.5.0-201fc85-SNAPSHOT/ratis-proto-0.5.0-201fc85-SNAPSHOT.jar:/home/user/.m2/repository/org/apache/ratis/ratis-common/0.5.0-201fc85-SNAPSHOT/ratis-common-0.5.0-201fc85-SNAPSHOT.jar:/home/user/.m2/repository/org/apache/ratis/ratis-client/0.5.0-201fc85-SNAPSHOT/ratis-client-0.5.0-201fc85-SNAPSHOT.jar:/home/user/.m2/repository/org/apache/ratis/ratis-metrics/0.5.0-201fc85-SNAPSHOT/ratis-metrics-0.5.0-201fc85-SNAPSHOT.jar:/home/user/.m2/repository/com/github/joshelser/dropwizard-metrics-hadoop-metrics2-reporter/0.1.2/dropwizard-metrics-hadoop-metrics2-reporter-0.1.2.jar:/home/user/.m2/repository/io/dropwizard/metrics/metrics-jvm/3.2.5/metrics-jvm-3.2.5.jar:/home/user/.m2/repository/io/dropwizard/metrics/metrics-ganglia/3.2.5/metrics-ganglia-3.2.5.jar:/home/user/.m2/repository/info/ganglia/gmetric4j/gmetric4j/1.0.7/gmetric4j-1.0.7.jar:/home/user/.m2/repository/org/apache/ratis/ratis-netty/0.5.0-201fc85-SNAPSHOT/ratis-netty-0.5.0-201fc85-SNAPSHOT.jar:/home/user/.m2/repository/org/apache/ratis/ratis-grpc/0.5.0-201fc85-SNAPSHOT/ratis-grpc-0.5.0-201fc85-SNAPSHOT.jar:/home/user/.m2/repository/org/rocksdb/rocksdbjni/6.0.1/rocksdbjni-6.0.1.jar:/home/user/.m2/repository/org/apache/logging/log4j/log4j-api/2.11.0/log4j-api-2.11.0.jar:/home/user/.m2/repository/org/apache/logging/log4j/log4j-core/2.11.0/log4j-core-2.11.0.jar:/home/user/.m2/repository/com/lmax/disruptor/3.4.2/disruptor-3.4.2.jar:/home/user/.m2/repository/org/apache/commons/commons-pool2/2.6.0/commons-pool2-2.6.0.jar:/home/user/.m2/repository/org/bouncycastle/bcpkix-jdk15on/1.60/bcpkix-jdk15on-1.60.jar:/home/user/.m2/repository/commons-validator/commons-validator/1.6/commons-validator-1.6.jar:/home/user/.m2/repository/commons-digester/commons-digester/1.8.1/commons-digester-1.8.1.jar:/home/user/.m2/repository/io/jaegertracing/jaeger-client/0.34.0/jaeger-client-0.34.0.jar:/home/user/.m2/repository/io/jaegertracing/jaeger-thrift/0.34.0/jaeger-thrift-0.34.0.jar:/home/user/.m2/repository/org/apache/thrift/libthrift/0.12.0/libthrift-0.12.0.jar:/home/user/.m2/repository/com/squareup/okhttp3/okhttp/3.9.0/okhttp-3.9.0.jar:/home/user/.m2/repository/com/squareup/okio/okio/1.13.0/okio-1.13.0.jar:/home/user/.m2/repository/io/jaegertracing/jaeger-core/0.34.0/jaeger-core-0.34.0.jar:/home/user/.m2/repository/io/jaegertracing/jaeger-tracerresolver/0.34.0/jaeger-tracerresolver-0.34.0.jar:/home/user/.m2/repository/io/opentracing/contrib/opentracing-tracerresolver/0.1.5/opentracing-tracerresolver-0.1.5.jar:/home/user/.m2/repository/io/opentracing/opentracing-util/0.31.0/opentracing-util-0.31.0.jar:/home/user/.m2/repository/io/opentracing/opentracing-api/0.31.0/opentracing-api-0.31.0.jar:/home/user/.m2/repository/io/opentracing/opentracing-noop/0.31.0/opentracing-noop-0.31.0.jar:/home/user/.m2/repository/org/apache/hadoop/hadoop-hdds-server-framework/0.5.0-SNAPSHOT/hadoop-hdds-server-framework-0.5.0-SNAPSHOT.jar:/home/user/.m2/repository/org/apache/hadoop/hadoop-hdds-container-service/0.5.0-SNAPSHOT/hadoop-hdds-container-service-0.5.0-SNAPSHOT.jar:/home/user/.m2/repository/org/apache/hadoop/hadoop-hdds-client/0.5.0-SNAPSHOT/hadoop-hdds-client-0.5.0-SNAPSHOT.jar:/home/user/.m2/repository/org/apache/hadoop/hadoop-hdds-tools/0.5.0-SNAPSHOT/hadoop-hdds-tools-0.5.0-SNAPSHOT.jar:/home/user/.m2/repository/org/apache/hadoop/hadoop-hdds-server-scm/0.5.0-SNAPSHOT/hadoop-hdds-server-scm-0.5.0-SNAPSHOT.jar:/home/user/.m2/repository/org/apache/hadoop/hadoop-hdds-docs/0.5.0-SNAPSHOT/hadoop-hdds-docs-0.5.0-SNAPSHOT.jar:/home/user/.m2/repository/io/dropwizard/metrics/metrics-core/3.2.4/metrics-core-3.2.4.jar:/home/user/.m2/repository/org/hamcrest/hamcrest-all/1.3/hamcrest-all-1.3.jar:/home/user/.m2/repository/org/bouncycastle/bcprov-jdk15on/1.60/bcprov-jdk15on-1.60.jar:/home/user/.m2/repository/info/picocli/picocli/3.9.6/picocli-3.9.6.jar:/home/user/.m2/repository/com/google/protobuf/protobuf-java/2.5.0/protobuf-java-2.5.0.jar:/home/user/.m2/repository/com/google/guava/guava/11.0.2/guava-11.0.2.jar:/home/user/.m2/repository/org/apache/hadoop/hadoop-ozone-ozone-manager/0.5.0-SNAPSHOT/hadoop-ozone-ozone-manager-0.5.0-SNAPSHOT.jar:/home/user/.m2/repository/org/apache/hadoop/hadoop-minikdc/3.2.0/hadoop-minikdc-3.2.0.jar:/home/user/.m2/repository/commons-io/commons-io/2.5/commons-io-2.5.jar:/home/user/.m2/repository/org/apache/kerby/kerb-simplekdc/1.0.1/kerb-simplekdc-1.0.1.jar:/home/user/.m2/repository/org/apache/kerby/kerb-client/1.0.1/kerb-client-1.0.1.jar:/home/user/.m2/repository/org/apache/kerby/kerby-config/1.0.1/kerby-config-1.0.1.jar:/home/user/.m2/repository/org/apache/kerby/kerb-core/1.0.1/kerb-core-1.0.1.jar:/home/user/.m2/repository/org/apache/kerby/kerby-pkix/1.0.1/kerby-pkix-1.0.1.jar:/home/user/.m2/repository/org/apache/kerby/kerby-asn1/1.0.1/kerby-asn1-1.0.1.jar:/home/user/.m2/repository/org/apache/kerby/kerby-util/1.0.1/kerby-util-1.0.1.jar:/home/user/.m2/repository/org/apache/kerby/kerb-common/1.0.1/kerb-common-1.0.1.jar:/home/user/.m2/repository/org/apache/kerby/kerb-crypto/1.0.1/kerb-crypto-1.0.1.jar:/home/user/.m2/repository/org/apache/kerby/kerb-util/1.0.1/kerb-util-1.0.1.jar:/home/user/.m2/repository/org/apache/kerby/token-provider/1.0.1/token-provider-1.0.1.jar:/home/user/.m2/repository/org/apache/kerby/kerb-admin/1.0.1/kerb-admin-1.0.1.jar:/home/user/.m2/repository/org/apache/kerby/kerb-server/1.0.1/kerb-server-1.0.1.jar:/home/user/.m2/repository/org/apache/kerby/kerb-identity/1.0.1/kerb-identity-1.0.1.jar:/home/user/.m2/repository/org/apache/kerby/kerby-xdr/1.0.1/kerby-xdr-1.0.1.jar:/home/user/.m2/repository/org/slf4j/slf4j-log4j12/1.7.25/slf4j-log4j12-1.7.25.jar:/home/user/.m2/repository/org/apache/hadoop/hadoop-ozone-s3gateway/0.5.0-SNAPSHOT/hadoop-ozone-s3gateway-0.5.0-SNAPSHOT.jar:/home/user/.m2/repository/org/jboss/weld/servlet/weld-servlet/2.4.7.Final/weld-servlet-2.4.7.Final.jar:/home/user/.m2/repository/org/glassfish/jersey/containers/jersey-container-servlet-core/2.27/jersey-container-servlet-core-2.27.jar:/home/user/.m2/repository/org/glassfish/hk2/external/javax.inject/2.5.0-b42/javax.inject-2.5.0-b42.jar:/home/user/.m2/repository/org/glassfish/jersey/core/jersey-common/2.27/jersey-common-2.27.jar:/home/user/.m2/repository/org/glassfish/hk2/osgi-resource-locator/1.0.1/osgi-resource-locator-1.0.1.jar:/home/user/.m2/repository/javax/ws/rs/javax.ws.rs-api/2.1/javax.ws.rs-api-2.1.jar:/home/user/.m2/repository/org/glassfish/jersey/ext/cdi/jersey-cdi1x/2.27/jersey-cdi1x-2.27.jar:/home/user/.m2/repository/org/glassfish/jersey/inject/jersey-hk2/2.27/jersey-hk2-2.27.jar:/home/user/.m2/repository/org/glassfish/hk2/hk2-locator/2.5.0-b42/hk2-locator-2.5.0-b42.jar:/home/user/.m2/repository/org/javassist/javassist/3.22.0-CR2/javassist-3.22.0-CR2.jar:/home/user/.m2/repository/org/glassfish/hk2/hk2-api/2.5.0/hk2-api-2.5.0.jar:/home/user/.m2/repository/org/glassfish/hk2/external/jakarta.inject/2.5.0/jakarta.inject-2.5.0.jar:/home/user/.m2/repository/org/glassfish/hk2/hk2-utils/2.5.0/hk2-utils-2.5.0.jar:/home/user/.m2/repository/jakarta/annotation/jakarta.annotation-api/1.3.4/jakarta.annotation-api-1.3.4.jar:/home/user/.m2/repository/org/glassfish/hk2/external/aopalliance-repackaged/2.5.0/aopalliance-repackaged-2.5.0.jar:/home/user/.m2/repository/com/fasterxml/jackson/dataformat/jackson-dataformat-xml/2.9.0/jackson-dataformat-xml-2.9.0.jar:/home/user/.m2/repository/com/fasterxml/jackson/core/jackson-core/2.9.9/jackson-core-2.9.9.jar:/home/user/.m2/repository/com/fasterxml/jackson/module/jackson-module-jaxb-annotations/2.9.9/jackson-module-jaxb-annotations-2.9.9.jar:/home/user/.m2/repository/javax/enterprise/cdi-api/1.2/cdi-api-1.2.jar:/home/user/.m2/repository/javax/el/javax.el-api/3.0.0/javax.el-api-3.0.0.jar:/home/user/.m2/repository/javax/interceptor/javax.interceptor-api/1.2/javax.interceptor-api-1.2.jar:/home/user/.m2/repository/javax/inject/javax.inject/1/javax.inject-1.jar:/home/user/.m2/repository/com/sun/xml/bind/jaxb-impl/2.3.0.1/jaxb-impl-2.3.0.1.jar:/home/user/.m2/repository/com/sun/xml/bind/jaxb-core/2.3.0.1/jaxb-core-2.3.0.1.jar:/home/user/.m2/repository/javax/xml/bind/jaxb-api/2.3.0/jaxb-api-2.3.0.jar:/home/user/.m2/repository/javax/activation/activation/1.1.1/activation-1.1.1.jar:/home/user/.m2/repository/org/apache/hadoop/hadoop-ozone-csi/0.5.0-SNAPSHOT/hadoop-ozone-csi-0.5.0-SNAPSHOT.jar:/home/user/.m2/repository/com/google/protobuf/protobuf-java-util/3.5.1/protobuf-java-util-3.5.1.jar:/home/user/.m2/repository/org/apache/hadoop/hadoop-hdds-config/0.5.0-SNAPSHOT/hadoop-hdds-config-0.5.0-SNAPSHOT.jar:/home/user/.m2/repository/io/grpc/grpc-netty/1.17.1/grpc-netty-1.17.1.jar:/home/user/.m2/repository/io/grpc/grpc-core/1.17.1/grpc-core-1.17.1.jar:/home/user/.m2/repository/io/grpc/grpc-context/1.17.1/grpc-context-1.17.1.jar:/home/user/.m2/repository/com/google/errorprone/error_prone_annotations/2.2.0/error_prone_annotations-2.2.0.jar:/home/user/.m2/repository/org/codehaus/mojo/animal-sniffer-annotations/1.17/animal-sniffer-annotations-1.17.jar:/home/user/.m2/repository/io/opencensus/opencensus-api/0.17.0/opencensus-api-0.17.0.jar:/home/user/.m2/repository/io/opencensus/opencensus-contrib-grpc-metrics/0.17.0/opencensus-contrib-grpc-metrics-0.17.0.jar:/home/user/.m2/repository/io/netty/netty-codec-http2/4.1.30.Final/netty-codec-http2-4.1.30.Final.jar:/home/user/.m2/repository/io/netty/netty-codec-http/4.1.30.Final/netty-codec-http-4.1.30.Final.jar:/home/user/.m2/repository/io/netty/netty-codec/4.1.30.Final/netty-codec-4.1.30.Final.jar:/home/user/.m2/repository/io/netty/netty-handler/4.1.30.Final/netty-handler-4.1.30.Final.jar:/home/user/.m2/repository/io/netty/netty-handler-proxy/4.1.30.Final/netty-handler-proxy-4.1.30.Final.jar:/home/user/.m2/repository/io/netty/netty-codec-socks/4.1.30.Final/netty-codec-socks-4.1.30.Final.jar:/home/user/.m2/repository/io/netty/netty-transport-native-epoll/4.1.30.Final/netty-transport-native-epoll-4.1.30.Final.jar:/home/user/.m2/repository/io/netty/netty-common/4.1.30.Final/netty-common-4.1.30.Final.jar:/home/user/.m2/repository/io/netty/netty-buffer/4.1.30.Final/netty-buffer-4.1.30.Final.jar:/home/user/.m2/repository/io/netty/netty-transport/4.1.30.Final/netty-transport-4.1.30.Final.jar:/home/user/.m2/repository/io/netty/netty-resolver/4.1.30.Final/netty-resolver-4.1.30.Final.jar:/home/user/.m2/repository/io/netty/netty-transport-native-unix-common/4.1.30.Final/netty-transport-native-unix-common-4.1.30.Final.jar:/home/user/.m2/repository/io/grpc/grpc-protobuf/1.17.1/grpc-protobuf-1.17.1.jar:/home/user/.m2/repository/com/google/api/grpc/proto-google-common-protos/1.0.0/proto-google-common-protos-1.0.0.jar:/home/user/.m2/repository/io/grpc/grpc-protobuf-lite/1.17.1/grpc-protobuf-lite-1.17.1.jar:/home/user/.m2/repository/io/grpc/grpc-stub/1.17.1/grpc-stub-1.17.1.jar:/home/user/.m2/repository/org/apache/hadoop/hadoop-ozone-recon/0.5.0-SNAPSHOT/hadoop-ozone-recon-0.5.0-SNAPSHOT.jar:/home/user/.m2/repository/org/apache/hadoop/hadoop-ozone-reconcodegen/0.5.0-SNAPSHOT/hadoop-ozone-reconcodegen-0.5.0-SNAPSHOT.jar:/home/user/.m2/repository/com/google/inject/extensions/guice-multibindings/4.0/guice-multibindings-4.0.jar:/home/user/.m2/repository/com/google/inject/guice/4.0/guice-4.0.jar:/home/user/.m2/repository/aopalliance/aopalliance/1.0/aopalliance-1.0.jar:/home/user/.m2/repository/com/google/inject/extensions/guice-servlet/4.0/guice-servlet-4.0.jar:/home/user/.m2/repository/org/glassfish/jersey/containers/jersey-container-servlet/2.27/jersey-container-servlet-2.27.jar:/home/user/.m2/repository/org/glassfish/hk2/guice-bridge/2.5.0/guice-bridge-2.5.0.jar:/home/user/.m2/repository/org/glassfish/jersey/core/jersey-server/2.27/jersey-server-2.27.jar:/home/user/.m2/repository/org/glassfish/jersey/core/jersey-client/2.27/jersey-client-2.27.jar:/home/user/.m2/repository/org/glassfish/jersey/media/jersey-media-jaxb/2.27/jersey-media-jaxb-2.27.jar:/home/user/.m2/repository/javax/validation/validation-api/1.1.0.Final/validation-api-1.1.0.Final.jar:/home/user/.m2/repository/org/glassfish/jersey/media/jersey-media-json-jackson/2.27/jersey-media-json-jackson-2.27.jar:/home/user/.m2/repository/org/glassfish/jersey/ext/jersey-entity-filtering/2.27/jersey-entity-filtering-2.27.jar:/home/user/.m2/repository/com/google/inject/extensions/guice-assistedinject/4.0/guice-assistedinject-4.0.jar:/home/user/.m2/repository/org/jooq/jooq/3.11.10/jooq-3.11.10.jar:/home/user/.m2/repository/org/jooq/jooq-meta/3.11.10/jooq-meta-3.11.10.jar:/home/user/.m2/repository/org/jooq/jooq-codegen/3.11.10/jooq-codegen-3.11.10.jar:/home/user/.m2/repository/com/jolbox/bonecp/0.8.0.RELEASE/bonecp-0.8.0.RELEASE.jar:/home/user/.m2/repository/org/xerial/sqlite-jdbc/3.25.2/sqlite-jdbc-3.25.2.jar:/home/user/.m2/repository/org/springframework/spring-jdbc/5.1.3.RELEASE/spring-jdbc-5.1.3.RELEASE.jar:/home/user/.m2/repository/org/springframework/spring-beans/5.1.3.RELEASE/spring-beans-5.1.3.RELEASE.jar:/home/user/.m2/repository/org/springframework/spring-core/5.1.3.RELEASE/spring-core-5.1.3.RELEASE.jar:/home/user/.m2/repository/org/springframework/spring-jcl/5.1.3.RELEASE/spring-jcl-5.1.3.RELEASE.jar:/home/user/.m2/repository/org/springframework/spring-tx/5.1.3.RELEASE/spring-tx-5.1.3.RELEASE.jar:/home/user/.m2/repository/org/apache/hadoop/hadoop-ozone-client/0.5.0-SNAPSHOT/hadoop-ozone-client-0.5.0-SNAPSHOT.jar:/home/user/.m2/repository/commons-lang/commons-lang/2.6/commons-lang-2.6.jar:/home/user/.m2/repository/org/apache/hadoop/hadoop-ozone-ozone-manager/0.5.0-SNAPSHOT/hadoop-ozone-ozone-manager-0.5.0-SNAPSHOT-tests.jar:/home/user/.m2/repository/junit/junit/4.11/junit-4.11.jar:/home/user/.m2/repository/org/hamcrest/hamcrest-core/1.3/hamcrest-core-1.3.jar:/home/user/.m2/repository/org/openjdk/jmh/jmh-core/1.19/jmh-core-1.19.jar:/home/user/.m2/repository/net/sf/jopt-simple/jopt-simple/4.6/jopt-simple-4.6.jar:/home/user/.m2/repository/org/apache/commons/commons-math3/3.1.1/commons-math3-3.1.1.jar:/home/user/.m2/repository/org/openjdk/jmh/jmh-generator-annprocess/1.19/jmh-generator-annprocess-1.19.jar:/home/user/.m2/repository/org/mockito/mockito-all/1.8.5/mockito-all-1.8.5.jar:/home/user/.m2/repository/org/apache/hadoop/hadoop-kms/3.2.0/hadoop-kms-3.2.0.jar:/home/user/.m2/repository/org/apache/hadoop/hadoop-auth/3.2.0/hadoop-auth-3.2.0.jar:/home/user/.m2/repository/com/nimbusds/nimbus-jose-jwt/4.41.1/nimbus-jose-jwt-4.41.1.jar:/home/user/.m2/repository/com/github/stephenc/jcip/jcip-annotations/1.0-1/jcip-annotations-1.0-1.jar:/home/user/.m2/repository/net/minidev/json-smart/2.3/json-smart-2.3.jar:/home/user/.m2/repository/net/minidev/accessors-smart/1.2/accessors-smart-1.2.jar:/home/user/.m2/repository/org/ow2/asm/asm/5.0.4/asm-5.0.4.jar:/home/user/.m2/repository/org/apache/curator/curator-framework/2.12.0/curator-framework-2.12.0.jar:/home/user/.m2/repository/com/sun/jersey/jersey-core/1.19/jersey-core-1.19.jar:/home/user/.m2/repository/javax/ws/rs/jsr311-api/1.1.1/jsr311-api-1.1.1.jar:/home/user/.m2/repository/com/sun/jersey/jersey-server/1.19/jersey-server-1.19.jar:/home/user/.m2/repository/javax/servlet/javax.servlet-api/3.1.0/javax.servlet-api-3.1.0.jar:/home/user/.m2/repository/org/eclipse/jetty/jetty-server/9.3.25.v20180904/jetty-server-9.3.25.v20180904.jar:/home/user/.m2/repository/org/eclipse/jetty/jetty-http/9.3.25.v20180904/jetty-http-9.3.25.v20180904.jar:/home/user/.m2/repository/org/eclipse/jetty/jetty-io/9.3.25.v20180904/jetty-io-9.3.25.v20180904.jar:/home/user/.m2/repository/org/eclipse/jetty/jetty-webapp/9.3.25.v20180904/jetty-webapp-9.3.25.v20180904.jar:/home/user/.m2/repository/org/eclipse/jetty/jetty-xml/9.3.25.v20180904/jetty-xml-9.3.25.v20180904.jar:/home/user/.m2/repository/log4j/log4j/1.2.17/log4j-1.2.17.jar:/home/user/.m2/repository/org/slf4j/slf4j-api/1.7.25/slf4j-api-1.7.25.jar:/home/user/.m2/repository/org/slf4j/jul-to-slf4j/1.7.25/jul-to-slf4j-1.7.25.jar:/home/user/.m2/repository/org/eclipse/jetty/jetty-util/9.3.25.v20180904/jetty-util-9.3.25.v20180904.jar:/home/user/.m2/repository/com/fasterxml/jackson/core/jackson-databind/2.9.9/jackson-databind-2.9.9.jar:/home/user/.m2/repository/org/apache/hadoop/hadoop-kms/3.2.0/hadoop-kms-3.2.0-tests.jar:/home/user/.m2/repository/org/apache/hadoop/hadoop-hdds-server-scm/0.5.0-SNAPSHOT/hadoop-hdds-server-scm-0.5.0-SNAPSHOT-tests.jar:/home/user/.m2/repository/org/apache/hadoop/hadoop-hdds-container-service/0.5.0-SNAPSHOT/hadoop-hdds-container-service-0.5.0-SNAPSHOT-tests.jar:/home/user/.m2/repository/org/yaml/snakeyaml/1.16/snakeyaml-1.16.jar:/home/user/.m2/repository/org/apache/hadoop/hadoop-common/3.2.0/hadoop-common-3.2.0-tests.jar:/home/user/.m2/repository/org/apache/hadoop/hadoop-annotations/3.2.0/hadoop-annotations-3.2.0.jar:/usr/lib/jvm/java-1.8-openjdk/jre/../lib/tools.jar:/home/user/.m2/repository/commons-cli/commons-cli/1.2/commons-cli-1.2.jar:/home/user/.m2/repository/org/apache/httpcomponents/httpclient/4.5.2/httpclient-4.5.2.jar:/home/user/.m2/repository/org/apache/httpcomponents/httpcore/4.4.4/httpcore-4.4.4.jar:/home/user/.m2/repository/commons-codec/commons-codec/1.11/commons-codec-1.11.jar:/home/user/.m2/repository/commons-net/commons-net/3.6/commons-net-3.6.jar:/home/user/.m2/repository/commons-collections/commons-collections/3.2.2/commons-collections-3.2.2.jar:/home/user/.m2/repository/org/eclipse/jetty/jetty-servlet/9.3.25.v20180904/jetty-servlet-9.3.25.v20180904.jar:/home/user/.m2/repository/org/eclipse/jetty/jetty-security/9.3.25.v20180904/jetty-security-9.3.25.v20180904.jar:/home/user/.m2/repository/javax/servlet/jsp/jsp-api/2.1/jsp-api-2.1.jar:/home/user/.m2/repository/com/sun/jersey/jersey-servlet/1.19/jersey-servlet-1.19.jar:/home/user/.m2/repository/com/sun/jersey/jersey-json/1.19/jersey-json-1.19.jar:/home/user/.m2/repository/org/codehaus/jettison/jettison/1.1/jettison-1.1.jar:/home/user/.m2/repository/org/codehaus/jackson/jackson-core-asl/1.9.13/jackson-core-asl-1.9.13.jar:/home/user/.m2/repository/org/codehaus/jackson/jackson-mapper-asl/1.9.13/jackson-mapper-asl-1.9.13.jar:/home/user/.m2/repository/org/codehaus/jackson/jackson-jaxrs/1.9.13/jackson-jaxrs-1.9.13.jar:/home/user/.m2/repository/org/codehaus/jackson/jackson-xc/1.9.13/jackson-xc-1.9.13.jar:/home/user/.m2/repository/commons-logging/commons-logging/1.1.3/commons-logging-1.1.3.jar:/home/user/.m2/repository/commons-beanutils/commons-beanutils/1.9.4/commons-beanutils-1.9.4.jar:/home/user/.m2/repository/org/apache/commons/commons-configuration2/2.1.1/commons-configuration2-2.1.1.jar:/home/user/.m2/repository/org/apache/commons/commons-lang3/3.7/commons-lang3-3.7.jar:/home/user/.m2/repository/org/apache/commons/commons-text/1.4/commons-text-1.4.jar:/home/user/.m2/repository/org/apache/avro/avro/1.7.7/avro-1.7.7.jar:/home/user/.m2/repository/com/thoughtworks/paranamer/paranamer/2.3/paranamer-2.3.jar:/home/user/.m2/repository/org/xerial/snappy/snappy-java/1.0.5/snappy-java-1.0.5.jar:/home/user/.m2/repository/com/google/re2j/re2j/1.1/re2j-1.1.jar:/home/user/.m2/repository/com/google/code/gson/gson/2.2.4/gson-2.2.4.jar:/home/user/.m2/repository/com/jcraft/jsch/0.1.54/jsch-0.1.54.jar:/home/user/.m2/repository/org/apache/curator/curator-client/2.12.0/curator-client-2.12.0.jar:/home/user/.m2/repository/org/apache/curator/curator-recipes/2.12.0/curator-recipes-2.12.0.jar:/home/user/.m2/repository/com/google/code/findbugs/jsr305/3.0.0/jsr305-3.0.0.jar:/home/user/.m2/repository/org/apache/htrace/htrace-core4/4.1.0-incubating/htrace-core4-4.1.0-incubating.jar:/home/user/.m2/repository/org/apache/zookeeper/zookeeper/3.4.13/zookeeper-3.4.13.jar:/home/user/.m2/repository/jline/jline/0.9.94/jline-0.9.94.jar:/home/user/.m2/repository/org/apache/yetus/audience-annotations/0.5.0/audience-annotations-0.5.0.jar:/home/user/.m2/repository/org/codehaus/woodstox/stax2-api/3.1.4/stax2-api-3.1.4.jar:/home/user/.m2/repository/com/fasterxml/woodstox/woodstox-core/5.0.3/woodstox-core-5.0.3.jar:/home/user/.m2/repository/dnsjava/dnsjava/2.1.7/dnsjava-2.1.7.jar:/home/user/.m2/repository/org/apache/hadoop/hadoop-hdfs/3.2.0/hadoop-hdfs-3.2.0-tests.jar:/home/user/.m2/repository/org/eclipse/jetty/jetty-util-ajax/9.3.25.v20180904/jetty-util-ajax-9.3.25.v20180904.jar:/home/user/.m2/repository/commons-daemon/commons-daemon/1.0.13/commons-daemon-1.0.13.jar:/home/user/.m2/repository/io/netty/netty/3.10.5.Final/netty-3.10.5.Final.jar:/home/user/.m2/repository/io/netty/netty-all/4.0.52.Final/netty-all-4.0.52.Final.jar:/home/user/.m2/repository/org/fusesource/leveldbjni/leveldbjni-all/1.8/leveldbjni-all-1.8.jar:"/>
    <property name="java.vm.vendor" value="IcedTea"/>
    <property name="sun.arch.data.model" value="64"/>
    <property name="test.build.dir" value="/workdir/hadoop-ozone/integration-test/target/test-dir"/>
    <property name="test.cache.data" value=""/>
    <property name="java.vendor.url" value="https://icedtea.classpath.org"/>
    <property name="user.timezone" value=""/>
    <property name="java.vm.specification.version" value="1.8"/>
    <property name="os.name" value="Linux"/>
    <property name="test.build.data" value="/workdir/hadoop-ozone/integration-test/target/test-dir"/>
    <property name="user.country" value="US"/>
    <property name="sun.java.launcher" value="SUN_STANDARD"/>
    <property name="sun.boot.library.path" value="/usr/lib/jvm/java-1.8-openjdk/jre/lib/amd64"/>
    <property name="sun.java.command" value="/workdir/hadoop-ozone/integration-test/target/surefire/surefirebooter312226348166617356.jar /workdir/hadoop-ozone/integration-test/target/surefire 2019-10-09T22-45-18_520-jvmRun1 surefire5818626446305730167tmp surefire_628073096692140706556tmp"/>
    <property name="test" value="!TestMiniChaosOzoneCluster"/>
    <property name="surefire.test.class.path" value="/workdir/hadoop-ozone/integration-test/target/test-classes:/workdir/hadoop-ozone/integration-test/target/classes:/home/user/.m2/repository/org/apache/hadoop/hadoop-ozone-common/0.5.0-SNAPSHOT/hadoop-ozone-common-0.5.0-SNAPSHOT.jar:/home/user/.m2/repository/org/apache/commons/commons-compress/1.4.1/commons-compress-1.4.1.jar:/home/user/.m2/repository/org/tukaani/xz/1.0/xz-1.0.jar:/home/user/.m2/repository/org/apache/hadoop/hadoop-common/3.2.0/hadoop-common-3.2.0.jar:/home/user/.m2/repository/org/apache/hadoop/hadoop-hdfs/3.2.0/hadoop-hdfs-3.2.0.jar:/home/user/.m2/repository/org/apache/hadoop/hadoop-hdfs-client/3.2.0/hadoop-hdfs-client-3.2.0.jar:/home/user/.m2/repository/com/fasterxml/jackson/core/jackson-annotations/2.9.9/jackson-annotations-2.9.9.jar:/home/user/.m2/repository/org/apache/hadoop/hadoop-hdds-common/0.5.0-SNAPSHOT/hadoop-hdds-common-0.5.0-SNAPSHOT.jar:/home/user/.m2/repository/javax/annotation/javax.annotation-api/1.2/javax.annotation-api-1.2.jar:/home/user/.m2/repository/org/apache/ratis/ratis-server/0.5.0-201fc85-SNAPSHOT/ratis-server-0.5.0-201fc85-SNAPSHOT.jar:/home/user/.m2/repository/org/apache/ratis/ratis-thirdparty-misc/0.2.0/ratis-thirdparty-misc-0.2.0.jar:/home/user/.m2/repository/org/apache/ratis/ratis-proto/0.5.0-201fc85-SNAPSHOT/ratis-proto-0.5.0-201fc85-SNAPSHOT.jar:/home/user/.m2/repository/org/apache/ratis/ratis-common/0.5.0-201fc85-SNAPSHOT/ratis-common-0.5.0-201fc85-SNAPSHOT.jar:/home/user/.m2/repository/org/apache/ratis/ratis-client/0.5.0-201fc85-SNAPSHOT/ratis-client-0.5.0-201fc85-SNAPSHOT.jar:/home/user/.m2/repository/org/apache/ratis/ratis-metrics/0.5.0-201fc85-SNAPSHOT/ratis-metrics-0.5.0-201fc85-SNAPSHOT.jar:/home/user/.m2/repository/com/github/joshelser/dropwizard-metrics-hadoop-metrics2-reporter/0.1.2/dropwizard-metrics-hadoop-metrics2-reporter-0.1.2.jar:/home/user/.m2/repository/io/dropwizard/metrics/metrics-jvm/3.2.5/metrics-jvm-3.2.5.jar:/home/user/.m2/repository/io/dropwizard/metrics/metrics-ganglia/3.2.5/metrics-ganglia-3.2.5.jar:/home/user/.m2/repository/info/ganglia/gmetric4j/gmetric4j/1.0.7/gmetric4j-1.0.7.jar:/home/user/.m2/repository/org/apache/ratis/ratis-netty/0.5.0-201fc85-SNAPSHOT/ratis-netty-0.5.0-201fc85-SNAPSHOT.jar:/home/user/.m2/repository/org/apache/ratis/ratis-grpc/0.5.0-201fc85-SNAPSHOT/ratis-grpc-0.5.0-201fc85-SNAPSHOT.jar:/home/user/.m2/repository/org/rocksdb/rocksdbjni/6.0.1/rocksdbjni-6.0.1.jar:/home/user/.m2/repository/org/apache/logging/log4j/log4j-api/2.11.0/log4j-api-2.11.0.jar:/home/user/.m2/repository/org/apache/logging/log4j/log4j-core/2.11.0/log4j-core-2.11.0.jar:/home/user/.m2/repository/com/lmax/disruptor/3.4.2/disruptor-3.4.2.jar:/home/user/.m2/repository/org/apache/commons/commons-pool2/2.6.0/commons-pool2-2.6.0.jar:/home/user/.m2/repository/org/bouncycastle/bcpkix-jdk15on/1.60/bcpkix-jdk15on-1.60.jar:/home/user/.m2/repository/commons-validator/commons-validator/1.6/commons-validator-1.6.jar:/home/user/.m2/repository/commons-digester/commons-digester/1.8.1/commons-digester-1.8.1.jar:/home/user/.m2/repository/io/jaegertracing/jaeger-client/0.34.0/jaeger-client-0.34.0.jar:/home/user/.m2/repository/io/jaegertracing/jaeger-thrift/0.34.0/jaeger-thrift-0.34.0.jar:/home/user/.m2/repository/org/apache/thrift/libthrift/0.12.0/libthrift-0.12.0.jar:/home/user/.m2/repository/com/squareup/okhttp3/okhttp/3.9.0/okhttp-3.9.0.jar:/home/user/.m2/repository/com/squareup/okio/okio/1.13.0/okio-1.13.0.jar:/home/user/.m2/repository/io/jaegertracing/jaeger-core/0.34.0/jaeger-core-0.34.0.jar:/home/user/.m2/repository/io/jaegertracing/jaeger-tracerresolver/0.34.0/jaeger-tracerresolver-0.34.0.jar:/home/user/.m2/repository/io/opentracing/contrib/opentracing-tracerresolver/0.1.5/opentracing-tracerresolver-0.1.5.jar:/home/user/.m2/repository/io/opentracing/opentracing-util/0.31.0/opentracing-util-0.31.0.jar:/home/user/.m2/repository/io/opentracing/opentracing-api/0.31.0/opentracing-api-0.31.0.jar:/home/user/.m2/repository/io/opentracing/opentracing-noop/0.31.0/opentracing-noop-0.31.0.jar:/home/user/.m2/repository/org/apache/hadoop/hadoop-hdds-server-framework/0.5.0-SNAPSHOT/hadoop-hdds-server-framework-0.5.0-SNAPSHOT.jar:/home/user/.m2/repository/org/apache/hadoop/hadoop-hdds-container-service/0.5.0-SNAPSHOT/hadoop-hdds-container-service-0.5.0-SNAPSHOT.jar:/home/user/.m2/repository/org/apache/hadoop/hadoop-hdds-client/0.5.0-SNAPSHOT/hadoop-hdds-client-0.5.0-SNAPSHOT.jar:/home/user/.m2/repository/org/apache/hadoop/hadoop-hdds-tools/0.5.0-SNAPSHOT/hadoop-hdds-tools-0.5.0-SNAPSHOT.jar:/home/user/.m2/repository/org/apache/hadoop/hadoop-hdds-server-scm/0.5.0-SNAPSHOT/hadoop-hdds-server-scm-0.5.0-SNAPSHOT.jar:/home/user/.m2/repository/org/apache/hadoop/hadoop-hdds-docs/0.5.0-SNAPSHOT/hadoop-hdds-docs-0.5.0-SNAPSHOT.jar:/home/user/.m2/repository/io/dropwizard/metrics/metrics-core/3.2.4/metrics-core-3.2.4.jar:/home/user/.m2/repository/org/hamcrest/hamcrest-all/1.3/hamcrest-all-1.3.jar:/home/user/.m2/repository/org/bouncycastle/bcprov-jdk15on/1.60/bcprov-jdk15on-1.60.jar:/home/user/.m2/repository/info/picocli/picocli/3.9.6/picocli-3.9.6.jar:/home/user/.m2/repository/com/google/protobuf/protobuf-java/2.5.0/protobuf-java-2.5.0.jar:/home/user/.m2/repository/com/google/guava/guava/11.0.2/guava-11.0.2.jar:/home/user/.m2/repository/org/apache/hadoop/hadoop-ozone-ozone-manager/0.5.0-SNAPSHOT/hadoop-ozone-ozone-manager-0.5.0-SNAPSHOT.jar:/home/user/.m2/repository/org/apache/hadoop/hadoop-minikdc/3.2.0/hadoop-minikdc-3.2.0.jar:/home/user/.m2/repository/commons-io/commons-io/2.5/commons-io-2.5.jar:/home/user/.m2/repository/org/apache/kerby/kerb-simplekdc/1.0.1/kerb-simplekdc-1.0.1.jar:/home/user/.m2/repository/org/apache/kerby/kerb-client/1.0.1/kerb-client-1.0.1.jar:/home/user/.m2/repository/org/apache/kerby/kerby-config/1.0.1/kerby-config-1.0.1.jar:/home/user/.m2/repository/org/apache/kerby/kerb-core/1.0.1/kerb-core-1.0.1.jar:/home/user/.m2/repository/org/apache/kerby/kerby-pkix/1.0.1/kerby-pkix-1.0.1.jar:/home/user/.m2/repository/org/apache/kerby/kerby-asn1/1.0.1/kerby-asn1-1.0.1.jar:/home/user/.m2/repository/org/apache/kerby/kerby-util/1.0.1/kerby-util-1.0.1.jar:/home/user/.m2/repository/org/apache/kerby/kerb-common/1.0.1/kerb-common-1.0.1.jar:/home/user/.m2/repository/org/apache/kerby/kerb-crypto/1.0.1/kerb-crypto-1.0.1.jar:/home/user/.m2/repository/org/apache/kerby/kerb-util/1.0.1/kerb-util-1.0.1.jar:/home/user/.m2/repository/org/apache/kerby/token-provider/1.0.1/token-provider-1.0.1.jar:/home/user/.m2/repository/org/apache/kerby/kerb-admin/1.0.1/kerb-admin-1.0.1.jar:/home/user/.m2/repository/org/apache/kerby/kerb-server/1.0.1/kerb-server-1.0.1.jar:/home/user/.m2/repository/org/apache/kerby/kerb-identity/1.0.1/kerb-identity-1.0.1.jar:/home/user/.m2/repository/org/apache/kerby/kerby-xdr/1.0.1/kerby-xdr-1.0.1.jar:/home/user/.m2/repository/org/slf4j/slf4j-log4j12/1.7.25/slf4j-log4j12-1.7.25.jar:/home/user/.m2/repository/org/apache/hadoop/hadoop-ozone-s3gateway/0.5.0-SNAPSHOT/hadoop-ozone-s3gateway-0.5.0-SNAPSHOT.jar:/home/user/.m2/repository/org/jboss/weld/servlet/weld-servlet/2.4.7.Final/weld-servlet-2.4.7.Final.jar:/home/user/.m2/repository/org/glassfish/jersey/containers/jersey-container-servlet-core/2.27/jersey-container-servlet-core-2.27.jar:/home/user/.m2/repository/org/glassfish/hk2/external/javax.inject/2.5.0-b42/javax.inject-2.5.0-b42.jar:/home/user/.m2/repository/org/glassfish/jersey/core/jersey-common/2.27/jersey-common-2.27.jar:/home/user/.m2/repository/org/glassfish/hk2/osgi-resource-locator/1.0.1/osgi-resource-locator-1.0.1.jar:/home/user/.m2/repository/javax/ws/rs/javax.ws.rs-api/2.1/javax.ws.rs-api-2.1.jar:/home/user/.m2/repository/org/glassfish/jersey/ext/cdi/jersey-cdi1x/2.27/jersey-cdi1x-2.27.jar:/home/user/.m2/repository/org/glassfish/jersey/inject/jersey-hk2/2.27/jersey-hk2-2.27.jar:/home/user/.m2/repository/org/glassfish/hk2/hk2-locator/2.5.0-b42/hk2-locator-2.5.0-b42.jar:/home/user/.m2/repository/org/javassist/javassist/3.22.0-CR2/javassist-3.22.0-CR2.jar:/home/user/.m2/repository/org/glassfish/hk2/hk2-api/2.5.0/hk2-api-2.5.0.jar:/home/user/.m2/repository/org/glassfish/hk2/external/jakarta.inject/2.5.0/jakarta.inject-2.5.0.jar:/home/user/.m2/repository/org/glassfish/hk2/hk2-utils/2.5.0/hk2-utils-2.5.0.jar:/home/user/.m2/repository/jakarta/annotation/jakarta.annotation-api/1.3.4/jakarta.annotation-api-1.3.4.jar:/home/user/.m2/repository/org/glassfish/hk2/external/aopalliance-repackaged/2.5.0/aopalliance-repackaged-2.5.0.jar:/home/user/.m2/repository/com/fasterxml/jackson/dataformat/jackson-dataformat-xml/2.9.0/jackson-dataformat-xml-2.9.0.jar:/home/user/.m2/repository/com/fasterxml/jackson/core/jackson-core/2.9.9/jackson-core-2.9.9.jar:/home/user/.m2/repository/com/fasterxml/jackson/module/jackson-module-jaxb-annotations/2.9.9/jackson-module-jaxb-annotations-2.9.9.jar:/home/user/.m2/repository/javax/enterprise/cdi-api/1.2/cdi-api-1.2.jar:/home/user/.m2/repository/javax/el/javax.el-api/3.0.0/javax.el-api-3.0.0.jar:/home/user/.m2/repository/javax/interceptor/javax.interceptor-api/1.2/javax.interceptor-api-1.2.jar:/home/user/.m2/repository/javax/inject/javax.inject/1/javax.inject-1.jar:/home/user/.m2/repository/com/sun/xml/bind/jaxb-impl/2.3.0.1/jaxb-impl-2.3.0.1.jar:/home/user/.m2/repository/com/sun/xml/bind/jaxb-core/2.3.0.1/jaxb-core-2.3.0.1.jar:/home/user/.m2/repository/javax/xml/bind/jaxb-api/2.3.0/jaxb-api-2.3.0.jar:/home/user/.m2/repository/javax/activation/activation/1.1.1/activation-1.1.1.jar:/home/user/.m2/repository/org/apache/hadoop/hadoop-ozone-csi/0.5.0-SNAPSHOT/hadoop-ozone-csi-0.5.0-SNAPSHOT.jar:/home/user/.m2/repository/com/google/protobuf/protobuf-java-util/3.5.1/protobuf-java-util-3.5.1.jar:/home/user/.m2/repository/org/apache/hadoop/hadoop-hdds-config/0.5.0-SNAPSHOT/hadoop-hdds-config-0.5.0-SNAPSHOT.jar:/home/user/.m2/repository/io/grpc/grpc-netty/1.17.1/grpc-netty-1.17.1.jar:/home/user/.m2/repository/io/grpc/grpc-core/1.17.1/grpc-core-1.17.1.jar:/home/user/.m2/repository/io/grpc/grpc-context/1.17.1/grpc-context-1.17.1.jar:/home/user/.m2/repository/com/google/errorprone/error_prone_annotations/2.2.0/error_prone_annotations-2.2.0.jar:/home/user/.m2/repository/org/codehaus/mojo/animal-sniffer-annotations/1.17/animal-sniffer-annotations-1.17.jar:/home/user/.m2/repository/io/opencensus/opencensus-api/0.17.0/opencensus-api-0.17.0.jar:/home/user/.m2/repository/io/opencensus/opencensus-contrib-grpc-metrics/0.17.0/opencensus-contrib-grpc-metrics-0.17.0.jar:/home/user/.m2/repository/io/netty/netty-codec-http2/4.1.30.Final/netty-codec-http2-4.1.30.Final.jar:/home/user/.m2/repository/io/netty/netty-codec-http/4.1.30.Final/netty-codec-http-4.1.30.Final.jar:/home/user/.m2/repository/io/netty/netty-codec/4.1.30.Final/netty-codec-4.1.30.Final.jar:/home/user/.m2/repository/io/netty/netty-handler/4.1.30.Final/netty-handler-4.1.30.Final.jar:/home/user/.m2/repository/io/netty/netty-handler-proxy/4.1.30.Final/netty-handler-proxy-4.1.30.Final.jar:/home/user/.m2/repository/io/netty/netty-codec-socks/4.1.30.Final/netty-codec-socks-4.1.30.Final.jar:/home/user/.m2/repository/io/netty/netty-transport-native-epoll/4.1.30.Final/netty-transport-native-epoll-4.1.30.Final.jar:/home/user/.m2/repository/io/netty/netty-common/4.1.30.Final/netty-common-4.1.30.Final.jar:/home/user/.m2/repository/io/netty/netty-buffer/4.1.30.Final/netty-buffer-4.1.30.Final.jar:/home/user/.m2/repository/io/netty/netty-transport/4.1.30.Final/netty-transport-4.1.30.Final.jar:/home/user/.m2/repository/io/netty/netty-resolver/4.1.30.Final/netty-resolver-4.1.30.Final.jar:/home/user/.m2/repository/io/netty/netty-transport-native-unix-common/4.1.30.Final/netty-transport-native-unix-common-4.1.30.Final.jar:/home/user/.m2/repository/io/grpc/grpc-protobuf/1.17.1/grpc-protobuf-1.17.1.jar:/home/user/.m2/repository/com/google/api/grpc/proto-google-common-protos/1.0.0/proto-google-common-protos-1.0.0.jar:/home/user/.m2/repository/io/grpc/grpc-protobuf-lite/1.17.1/grpc-protobuf-lite-1.17.1.jar:/home/user/.m2/repository/io/grpc/grpc-stub/1.17.1/grpc-stub-1.17.1.jar:/home/user/.m2/repository/org/apache/hadoop/hadoop-ozone-recon/0.5.0-SNAPSHOT/hadoop-ozone-recon-0.5.0-SNAPSHOT.jar:/home/user/.m2/repository/org/apache/hadoop/hadoop-ozone-reconcodegen/0.5.0-SNAPSHOT/hadoop-ozone-reconcodegen-0.5.0-SNAPSHOT.jar:/home/user/.m2/repository/com/google/inject/extensions/guice-multibindings/4.0/guice-multibindings-4.0.jar:/home/user/.m2/repository/com/google/inject/guice/4.0/guice-4.0.jar:/home/user/.m2/repository/aopalliance/aopalliance/1.0/aopalliance-1.0.jar:/home/user/.m2/repository/com/google/inject/extensions/guice-servlet/4.0/guice-servlet-4.0.jar:/home/user/.m2/repository/org/glassfish/jersey/containers/jersey-container-servlet/2.27/jersey-container-servlet-2.27.jar:/home/user/.m2/repository/org/glassfish/hk2/guice-bridge/2.5.0/guice-bridge-2.5.0.jar:/home/user/.m2/repository/org/glassfish/jersey/core/jersey-server/2.27/jersey-server-2.27.jar:/home/user/.m2/repository/org/glassfish/jersey/core/jersey-client/2.27/jersey-client-2.27.jar:/home/user/.m2/repository/org/glassfish/jersey/media/jersey-media-jaxb/2.27/jersey-media-jaxb-2.27.jar:/home/user/.m2/repository/javax/validation/validation-api/1.1.0.Final/validation-api-1.1.0.Final.jar:/home/user/.m2/repository/org/glassfish/jersey/media/jersey-media-json-jackson/2.27/jersey-media-json-jackson-2.27.jar:/home/user/.m2/repository/org/glassfish/jersey/ext/jersey-entity-filtering/2.27/jersey-entity-filtering-2.27.jar:/home/user/.m2/repository/com/google/inject/extensions/guice-assistedinject/4.0/guice-assistedinject-4.0.jar:/home/user/.m2/repository/org/jooq/jooq/3.11.10/jooq-3.11.10.jar:/home/user/.m2/repository/org/jooq/jooq-meta/3.11.10/jooq-meta-3.11.10.jar:/home/user/.m2/repository/org/jooq/jooq-codegen/3.11.10/jooq-codegen-3.11.10.jar:/home/user/.m2/repository/com/jolbox/bonecp/0.8.0.RELEASE/bonecp-0.8.0.RELEASE.jar:/home/user/.m2/repository/org/xerial/sqlite-jdbc/3.25.2/sqlite-jdbc-3.25.2.jar:/home/user/.m2/repository/org/springframework/spring-jdbc/5.1.3.RELEASE/spring-jdbc-5.1.3.RELEASE.jar:/home/user/.m2/repository/org/springframework/spring-beans/5.1.3.RELEASE/spring-beans-5.1.3.RELEASE.jar:/home/user/.m2/repository/org/springframework/spring-core/5.1.3.RELEASE/spring-core-5.1.3.RELEASE.jar:/home/user/.m2/repository/org/springframework/spring-jcl/5.1.3.RELEASE/spring-jcl-5.1.3.RELEASE.jar:/home/user/.m2/repository/org/springframework/spring-tx/5.1.3.RELEASE/spring-tx-5.1.3.RELEASE.jar:/home/user/.m2/repository/org/apache/hadoop/hadoop-ozone-client/0.5.0-SNAPSHOT/hadoop-ozone-client-0.5.0-SNAPSHOT.jar:/home/user/.m2/repository/commons-lang/commons-lang/2.6/commons-lang-2.6.jar:/home/user/.m2/repository/org/apache/hadoop/hadoop-ozone-ozone-manager/0.5.0-SNAPSHOT/hadoop-ozone-ozone-manager-0.5.0-SNAPSHOT-tests.jar:/home/user/.m2/repository/junit/junit/4.11/junit-4.11.jar:/home/user/.m2/repository/org/hamcrest/hamcrest-core/1.3/hamcrest-core-1.3.jar:/home/user/.m2/repository/org/openjdk/jmh/jmh-core/1.19/jmh-core-1.19.jar:/home/user/.m2/repository/net/sf/jopt-simple/jopt-simple/4.6/jopt-simple-4.6.jar:/home/user/.m2/repository/org/apache/commons/commons-math3/3.1.1/commons-math3-3.1.1.jar:/home/user/.m2/repository/org/openjdk/jmh/jmh-generator-annprocess/1.19/jmh-generator-annprocess-1.19.jar:/home/user/.m2/repository/org/mockito/mockito-all/1.8.5/mockito-all-1.8.5.jar:/home/user/.m2/repository/org/apache/hadoop/hadoop-kms/3.2.0/hadoop-kms-3.2.0.jar:/home/user/.m2/repository/org/apache/hadoop/hadoop-auth/3.2.0/hadoop-auth-3.2.0.jar:/home/user/.m2/repository/com/nimbusds/nimbus-jose-jwt/4.41.1/nimbus-jose-jwt-4.41.1.jar:/home/user/.m2/repository/com/github/stephenc/jcip/jcip-annotations/1.0-1/jcip-annotations-1.0-1.jar:/home/user/.m2/repository/net/minidev/json-smart/2.3/json-smart-2.3.jar:/home/user/.m2/repository/net/minidev/accessors-smart/1.2/accessors-smart-1.2.jar:/home/user/.m2/repository/org/ow2/asm/asm/5.0.4/asm-5.0.4.jar:/home/user/.m2/repository/org/apache/curator/curator-framework/2.12.0/curator-framework-2.12.0.jar:/home/user/.m2/repository/com/sun/jersey/jersey-core/1.19/jersey-core-1.19.jar:/home/user/.m2/repository/javax/ws/rs/jsr311-api/1.1.1/jsr311-api-1.1.1.jar:/home/user/.m2/repository/com/sun/jersey/jersey-server/1.19/jersey-server-1.19.jar:/home/user/.m2/repository/javax/servlet/javax.servlet-api/3.1.0/javax.servlet-api-3.1.0.jar:/home/user/.m2/repository/org/eclipse/jetty/jetty-server/9.3.25.v20180904/jetty-server-9.3.25.v20180904.jar:/home/user/.m2/repository/org/eclipse/jetty/jetty-http/9.3.25.v20180904/jetty-http-9.3.25.v20180904.jar:/home/user/.m2/repository/org/eclipse/jetty/jetty-io/9.3.25.v20180904/jetty-io-9.3.25.v20180904.jar:/home/user/.m2/repository/org/eclipse/jetty/jetty-webapp/9.3.25.v20180904/jetty-webapp-9.3.25.v20180904.jar:/home/user/.m2/repository/org/eclipse/jetty/jetty-xml/9.3.25.v20180904/jetty-xml-9.3.25.v20180904.jar:/home/user/.m2/repository/log4j/log4j/1.2.17/log4j-1.2.17.jar:/home/user/.m2/repository/org/slf4j/slf4j-api/1.7.25/slf4j-api-1.7.25.jar:/home/user/.m2/repository/org/slf4j/jul-to-slf4j/1.7.25/jul-to-slf4j-1.7.25.jar:/home/user/.m2/repository/org/eclipse/jetty/jetty-util/9.3.25.v20180904/jetty-util-9.3.25.v20180904.jar:/home/user/.m2/repository/com/fasterxml/jackson/core/jackson-databind/2.9.9/jackson-databind-2.9.9.jar:/home/user/.m2/repository/org/apache/hadoop/hadoop-kms/3.2.0/hadoop-kms-3.2.0-tests.jar:/home/user/.m2/repository/org/apache/hadoop/hadoop-hdds-server-scm/0.5.0-SNAPSHOT/hadoop-hdds-server-scm-0.5.0-SNAPSHOT-tests.jar:/home/user/.m2/repository/org/apache/hadoop/hadoop-hdds-container-service/0.5.0-SNAPSHOT/hadoop-hdds-container-service-0.5.0-SNAPSHOT-tests.jar:/home/user/.m2/repository/org/yaml/snakeyaml/1.16/snakeyaml-1.16.jar:/home/user/.m2/repository/org/apache/hadoop/hadoop-common/3.2.0/hadoop-common-3.2.0-tests.jar:/home/user/.m2/repository/org/apache/hadoop/hadoop-annotations/3.2.0/hadoop-annotations-3.2.0.jar:/usr/lib/jvm/java-1.8-openjdk/jre/../lib/tools.jar:/home/user/.m2/repository/commons-cli/commons-cli/1.2/commons-cli-1.2.jar:/home/user/.m2/repository/org/apache/httpcomponents/httpclient/4.5.2/httpclient-4.5.2.jar:/home/user/.m2/repository/org/apache/httpcomponents/httpcore/4.4.4/httpcore-4.4.4.jar:/home/user/.m2/repository/commons-codec/commons-codec/1.11/commons-codec-1.11.jar:/home/user/.m2/repository/commons-net/commons-net/3.6/commons-net-3.6.jar:/home/user/.m2/repository/commons-collections/commons-collections/3.2.2/commons-collections-3.2.2.jar:/home/user/.m2/repository/org/eclipse/jetty/jetty-servlet/9.3.25.v20180904/jetty-servlet-9.3.25.v20180904.jar:/home/user/.m2/repository/org/eclipse/jetty/jetty-security/9.3.25.v20180904/jetty-security-9.3.25.v20180904.jar:/home/user/.m2/repository/javax/servlet/jsp/jsp-api/2.1/jsp-api-2.1.jar:/home/user/.m2/repository/com/sun/jersey/jersey-servlet/1.19/jersey-servlet-1.19.jar:/home/user/.m2/repository/com/sun/jersey/jersey-json/1.19/jersey-json-1.19.jar:/home/user/.m2/repository/org/codehaus/jettison/jettison/1.1/jettison-1.1.jar:/home/user/.m2/repository/org/codehaus/jackson/jackson-core-asl/1.9.13/jackson-core-asl-1.9.13.jar:/home/user/.m2/repository/org/codehaus/jackson/jackson-mapper-asl/1.9.13/jackson-mapper-asl-1.9.13.jar:/home/user/.m2/repository/org/codehaus/jackson/jackson-jaxrs/1.9.13/jackson-jaxrs-1.9.13.jar:/home/user/.m2/repository/org/codehaus/jackson/jackson-xc/1.9.13/jackson-xc-1.9.13.jar:/home/user/.m2/repository/commons-logging/commons-logging/1.1.3/commons-logging-1.1.3.jar:/home/user/.m2/repository/commons-beanutils/commons-beanutils/1.9.4/commons-beanutils-1.9.4.jar:/home/user/.m2/repository/org/apache/commons/commons-configuration2/2.1.1/commons-configuration2-2.1.1.jar:/home/user/.m2/repository/org/apache/commons/commons-lang3/3.7/commons-lang3-3.7.jar:/home/user/.m2/repository/org/apache/commons/commons-text/1.4/commons-text-1.4.jar:/home/user/.m2/repository/org/apache/avro/avro/1.7.7/avro-1.7.7.jar:/home/user/.m2/repository/com/thoughtworks/paranamer/paranamer/2.3/paranamer-2.3.jar:/home/user/.m2/repository/org/xerial/snappy/snappy-java/1.0.5/snappy-java-1.0.5.jar:/home/user/.m2/repository/com/google/re2j/re2j/1.1/re2j-1.1.jar:/home/user/.m2/repository/com/google/code/gson/gson/2.2.4/gson-2.2.4.jar:/home/user/.m2/repository/com/jcraft/jsch/0.1.54/jsch-0.1.54.jar:/home/user/.m2/repository/org/apache/curator/curator-client/2.12.0/curator-client-2.12.0.jar:/home/user/.m2/repository/org/apache/curator/curator-recipes/2.12.0/curator-recipes-2.12.0.jar:/home/user/.m2/repository/com/google/code/findbugs/jsr305/3.0.0/jsr305-3.0.0.jar:/home/user/.m2/repository/org/apache/htrace/htrace-core4/4.1.0-incubating/htrace-core4-4.1.0-incubating.jar:/home/user/.m2/repository/org/apache/zookeeper/zookeeper/3.4.13/zookeeper-3.4.13.jar:/home/user/.m2/repository/jline/jline/0.9.94/jline-0.9.94.jar:/home/user/.m2/repository/org/apache/yetus/audience-annotations/0.5.0/audience-annotations-0.5.0.jar:/home/user/.m2/repository/org/codehaus/woodstox/stax2-api/3.1.4/stax2-api-3.1.4.jar:/home/user/.m2/repository/com/fasterxml/woodstox/woodstox-core/5.0.3/woodstox-core-5.0.3.jar:/home/user/.m2/repository/dnsjava/dnsjava/2.1.7/dnsjava-2.1.7.jar:/home/user/.m2/repository/org/apache/hadoop/hadoop-hdfs/3.2.0/hadoop-hdfs-3.2.0-tests.jar:/home/user/.m2/repository/org/eclipse/jetty/jetty-util-ajax/9.3.25.v20180904/jetty-util-ajax-9.3.25.v20180904.jar:/home/user/.m2/repository/commons-daemon/commons-daemon/1.0.13/commons-daemon-1.0.13.jar:/home/user/.m2/repository/io/netty/netty/3.10.5.Final/netty-3.10.5.Final.jar:/home/user/.m2/repository/io/netty/netty-all/4.0.52.Final/netty-all-4.0.52.Final.jar:/home/user/.m2/repository/org/fusesource/leveldbjni/leveldbjni-all/1.8/leveldbjni-all-1.8.jar:"/>
    <property name="sun.cpu.endian" value="little"/>
    <property name="user.home" value="/home/user"/>
    <property name="user.language" value="en"/>
    <property name="java.specification.vendor" value="Oracle Corporation"/>
    <property name="java.home" value="/usr/lib/jvm/java-1.8-openjdk/jre"/>
    <property name="java.security.krb5.conf" value="/workdir/hadoop-ozone/integration-test/target/test-classes/krb5.conf"/>
    <property name="basedir" value="/workdir/hadoop-ozone/integration-test"/>
    <property name="file.separator" value="/"/>
    <property name="line.separator" value="&#10;"/>
    <property name="java.vm.specification.vendor" value="Oracle Corporation"/>
    <property name="java.specification.name" value="Java Platform API Specification"/>
    <property name="java.awt.graphicsenv" value="sun.awt.X11GraphicsEnvironment"/>
    <property name="surefire.real.class.path" value="/workdir/hadoop-ozone/integration-test/target/surefire/surefirebooter312226348166617356.jar"/>
    <property name="hadoop.log.dir" value="/workdir/hadoop-ozone/integration-test/target/log"/>
    <property name="sun.boot.class.path" value="/usr/lib/jvm/java-1.8-openjdk/jre/lib/resources.jar:/usr/lib/jvm/java-1.8-openjdk/jre/lib/rt.jar:/usr/lib/jvm/java-1.8-openjdk/jre/lib/sunrsasign.jar:/usr/lib/jvm/java-1.8-openjdk/jre/lib/jsse.jar:/usr/lib/jvm/java-1.8-openjdk/jre/lib/jce.jar:/usr/lib/jvm/java-1.8-openjdk/jre/lib/charsets.jar:/usr/lib/jvm/java-1.8-openjdk/jre/lib/jfr.jar:/usr/lib/jvm/java-1.8-openjdk/jre/classes"/>
    <property name="sun.management.compiler" value="HotSpot 64-Bit Tiered Compilers"/>
    <property name="java.runtime.version" value="1.8.0_212-b04"/>
    <property name="java.net.preferIPv4Stack" value="true"/>
    <property name="user.name" value="jenkins1000"/>
    <property name="path.separator" value=":"/>
    <property name="java.security.egd" value="file:///dev/urandom"/>
    <property name="os.version" value="3.10.0-957.12.2.el7.x86_64"/>
    <property name="java.endorsed.dirs" value="/usr/lib/jvm/java-1.8-openjdk/jre/lib/endorsed"/>
    <property name="java.runtime.name" value="OpenJDK Runtime Environment"/>
    <property name="file.encoding" value="UTF-8"/>
    <property name="java.vm.name" value="OpenJDK 64-Bit Server VM"/>
    <property name="test.build.webapps" value=""/>
    <property name="localRepository" value="/home/user/.m2/repository"/>
    <property name="java.vendor.url.bug" value="https://icedtea.classpath.org/bugzilla"/>
    <property name="java.io.tmpdir" value="/tmp"/>
    <property name="require.test.libhadoop" value=""/>
    <property name="java.version" value="1.8.0_212"/>
    <property name="user.dir" value="/workdir/hadoop-ozone/integration-test"/>
    <property name="os.arch" value="amd64"/>
    <property name="java.vm.specification.name" value="Java Virtual Machine Specification"/>
    <property name="test.build.classes" value="/workdir/hadoop-ozone/integration-test/target/test-classes"/>
    <property name="java.awt.printerjob" value="sun.print.PSPrinterJob"/>
    <property name="sun.os.patch.level" value="unknown"/>
    <property name="hadoop.tmp.dir" value="/workdir/hadoop-ozone/integration-test/target/tmp"/>
    <property name="java.library.path" value="/usr/lib/jvm/java-1.8-openjdk/jre/lib/amd64/server:/usr/lib/jvm/java-1.8-openjdk/jre/lib/amd64:/usr/lib/jvm/java-1.8-openjdk/jre/../lib/amd64:/workdir/hadoop-ozone/integration-test/target/native/target/usr/local/lib:/workdir/hadoop-ozone/integration-test/../../hadoop-common-project/hadoop-common/target/native/target/usr/local/lib:/usr/java/packages/lib/amd64:/usr/lib64:/lib64:/lib:/usr/lib"/>
    <property name="java.vm.info" value="mixed mode"/>
    <property name="java.vendor" value="IcedTea"/>
    <property name="java.vm.version" value="25.212-b04"/>
    <property name="java.ext.dirs" value="/usr/lib/jvm/java-1.8-openjdk/jre/lib/ext:/usr/java/packages/lib/ext"/>
    <property name="sun.io.unicode.encoding" value="UnicodeLittle"/>
    <property name="java.class.version" value="52.0"/>
  </properties>
  <testcase name="testWatchForCommitWithKeyWrite" classname="org.apache.hadoop.ozone.client.rpc.TestWatchForCommit" time="60.342"/>
  <testcase name="testWatchForCommitWithSmallerTimeoutValue" classname="org.apache.hadoop.ozone.client.rpc.TestWatchForCommit" time="42.802"/>
  <testcase name="testWatchForCommitForRetryfailure" classname="org.apache.hadoop.ozone.client.rpc.TestWatchForCommit" time="89.731"/>
  <testcase name="testWatchForCommitForGroupMismatchException" classname="org.apache.hadoop.ozone.client.rpc.TestWatchForCommit" time="32.836"/>
  <testcase name="test2WayCommitForTimeoutException" classname="org.apache.hadoop.ozone.client.rpc.TestWatchForCommit" time="22.108">
    <error type="java.util.concurrent.TimeoutException">java.util.concurrent.TimeoutException
	at java.util.concurrent.CompletableFuture.timedGet(CompletableFuture.java:1771)
	at java.util.concurrent.CompletableFuture.get(CompletableFuture.java:1915)
	at org.apache.hadoop.hdds.scm.XceiverClientRatis.watchForCommit(XceiverClientRatis.java:283)
	at org.apache.hadoop.ozone.client.rpc.TestWatchForCommit.test2WayCommitForTimeoutException(TestWatchForCommit.java:391)
	at sun.reflect.NativeMethodAccessorImpl.invoke0(Native Method)
	at sun.reflect.NativeMethodAccessorImpl.invoke(NativeMethodAccessorImpl.java:62)
	at sun.reflect.DelegatingMethodAccessorImpl.invoke(DelegatingMethodAccessorImpl.java:43)
	at java.lang.reflect.Method.invoke(Method.java:498)
	at org.junit.runners.model.FrameworkMethod$1.runReflectiveCall(FrameworkMethod.java:47)
	at org.junit.internal.runners.model.ReflectiveCallable.run(ReflectiveCallable.java:12)
	at org.junit.runners.model.FrameworkMethod.invokeExplosively(FrameworkMethod.java:44)
	at org.junit.internal.runners.statements.InvokeMethod.evaluate(InvokeMethod.java:17)
	at org.junit.runners.ParentRunner.runLeaf(ParentRunner.java:271)
	at org.junit.runners.BlockJUnit4ClassRunner.runChild(BlockJUnit4ClassRunner.java:70)
	at org.junit.runners.BlockJUnit4ClassRunner.runChild(BlockJUnit4ClassRunner.java:50)
	at org.junit.runners.ParentRunner$3.run(ParentRunner.java:238)
	at org.junit.runners.ParentRunner$1.schedule(ParentRunner.java:63)
	at org.junit.runners.ParentRunner.runChildren(ParentRunner.java:236)
	at org.junit.runners.ParentRunner.access$000(ParentRunner.java:53)
	at org.junit.runners.ParentRunner$2.evaluate(ParentRunner.java:229)
	at org.junit.runners.ParentRunner.run(ParentRunner.java:309)
	at org.apache.maven.surefire.junit4.JUnit4Provider.execute(JUnit4Provider.java:365)
	at org.apache.maven.surefire.junit4.JUnit4Provider.executeWithRerun(JUnit4Provider.java:273)
	at org.apache.maven.surefire.junit4.JUnit4Provider.executeTestSet(JUnit4Provider.java:238)
	at org.apache.maven.surefire.junit4.JUnit4Provider.invoke(JUnit4Provider.java:159)
	at org.apache.maven.surefire.booter.ForkedBooter.invokeProviderInSameClassLoader(ForkedBooter.java:384)
	at org.apache.maven.surefire.booter.ForkedBooter.runSuitesInProcess(ForkedBooter.java:345)
	at org.apache.maven.surefire.booter.ForkedBooter.execute(ForkedBooter.java:126)
	at org.apache.maven.surefire.booter.ForkedBooter.main(ForkedBooter.java:418)
</error>
    <system-out><![CDATA[2019-10-10 00:01:40,106 [main] WARN  server.ServerUtils (ServerUtils.java:getScmDbDir(145)) - ozone.scm.db.dirs is not configured. We recommend adding this setting. Falling back to ozone.metadata.dirs instead.
2019-10-10 00:01:40,121 [main] WARN  server.ServerUtils (ServerUtils.java:getScmDbDir(145)) - ozone.scm.db.dirs is not configured. We recommend adding this setting. Falling back to ozone.metadata.dirs instead.
2019-10-10 00:01:40,121 [main] WARN  server.ServerUtils (ServerUtils.java:getScmDbDir(145)) - ozone.scm.db.dirs is not configured. We recommend adding this setting. Falling back to ozone.metadata.dirs instead.
2019-10-10 00:01:40,122 [main] INFO  db.DBStoreBuilder (DBStoreBuilder.java:addTable(117)) - using custom profile for table: deletedBlocks
2019-10-10 00:01:40,122 [main] INFO  db.DBStoreBuilder (DBStoreBuilder.java:processTables(168)) - Using default column profile:DBProfile.DISK for Table:deletedBlocks
2019-10-10 00:01:40,122 [main] INFO  db.DBStoreBuilder (DBStoreBuilder.java:addTable(117)) - using custom profile for table: validCerts
2019-10-10 00:01:40,122 [main] INFO  db.DBStoreBuilder (DBStoreBuilder.java:processTables(168)) - Using default column profile:DBProfile.DISK for Table:validCerts
2019-10-10 00:01:40,123 [main] INFO  db.DBStoreBuilder (DBStoreBuilder.java:addTable(117)) - using custom profile for table: revokedCerts
2019-10-10 00:01:40,123 [main] INFO  db.DBStoreBuilder (DBStoreBuilder.java:processTables(168)) - Using default column profile:DBProfile.DISK for Table:revokedCerts
2019-10-10 00:01:40,123 [main] INFO  db.DBStoreBuilder (DBStoreBuilder.java:addTable(117)) - using custom profile for table: default
2019-10-10 00:01:40,123 [main] INFO  db.DBStoreBuilder (DBStoreBuilder.java:processTables(174)) - Using default column profile:DBProfile.DISK for Table:default
2019-10-10 00:01:40,123 [main] INFO  db.DBStoreBuilder (DBStoreBuilder.java:getDbProfile(205)) - Using default options. DBProfile.DISK
2019-10-10 00:01:40,273 [main] INFO  net.NodeSchemaLoader (NodeSchemaLoader.java:loadSchemaFromFile(125)) - Loading file from sun.misc.CompoundEnumeration@6a2d867d
2019-10-10 00:01:40,274 [main] INFO  net.NodeSchemaLoader (NodeSchemaLoader.java:loadSchema(171)) - Loading network topology layer schema file
2019-10-10 00:01:40,278 [main] WARN  server.ServerUtils (ServerUtils.java:sanitizeUserArgs(70)) - ozone.scm.stale.node.interval value = 300000 is larger than max = 100000 based on the key value of ozone.scm.heartbeat.thread.interval, reset to the max value 100000.
2019-10-10 00:01:40,278 [main] WARN  server.ServerUtils (ServerUtils.java:sanitizeUserArgs(70)) - ozone.scm.stale.node.interval value = 300000 is larger than max = 100000 based on the key value of ozone.scm.heartbeat.thread.interval, reset to the max value 100000.
2019-10-10 00:01:40,279 [main] INFO  node.SCMNodeManager (SCMNodeManager.java:<init>(116)) - Entering startup safe mode.
2019-10-10 00:01:40,279 [main] INFO  algorithms.ContainerPlacementPolicyFactory (ContainerPlacementPolicyFactory.java:getPolicy(57)) - Create container placement policy of type org.apache.hadoop.hdds.scm.container.placement.algorithms.SCMContainerPlacementRandom
2019-10-10 00:01:40,280 [main] WARN  server.ServerUtils (ServerUtils.java:getScmDbDir(145)) - ozone.scm.db.dirs is not configured. We recommend adding this setting. Falling back to ozone.metadata.dirs instead.
2019-10-10 00:01:40,328 [main] INFO  pipeline.SCMPipelineManager (SCMPipelineManager.java:initializePipelineState(132)) - No pipeline exists in current db
2019-10-10 00:01:40,328 [main] WARN  server.ServerUtils (ServerUtils.java:getScmDbDir(145)) - ozone.scm.db.dirs is not configured. We recommend adding this setting. Falling back to ozone.metadata.dirs instead.
2019-10-10 00:01:40,372 [main] WARN  events.EventQueue (EventQueue.java:fireEvent(183)) - No event handler registered for event TypedEvent{payloadType=SafeModeStatus, name='SafeModeStatus'}
2019-10-10 00:01:40,374 [main] INFO  ipc.CallQueueManager (CallQueueManager.java:<init>(84)) - Using callQueue: class java.util.concurrent.LinkedBlockingQueue, queueCapacity: 2000, scheduler: class org.apache.hadoop.ipc.DefaultRpcScheduler, ipcBackoff: false.
2019-10-10 00:01:40,375 [Socket Reader #1 for port 35563] INFO  ipc.Server (Server.java:run(1074)) - Starting Socket Reader #1 for port 35563
2019-10-10 00:01:40,379 [main] INFO  ipc.CallQueueManager (CallQueueManager.java:<init>(84)) - Using callQueue: class java.util.concurrent.LinkedBlockingQueue, queueCapacity: 2000, scheduler: class org.apache.hadoop.ipc.DefaultRpcScheduler, ipcBackoff: false.
2019-10-10 00:01:40,380 [Socket Reader #1 for port 38057] INFO  ipc.Server (Server.java:run(1074)) - Starting Socket Reader #1 for port 38057
2019-10-10 00:01:40,383 [main] INFO  ipc.CallQueueManager (CallQueueManager.java:<init>(84)) - Using callQueue: class java.util.concurrent.LinkedBlockingQueue, queueCapacity: 2000, scheduler: class org.apache.hadoop.ipc.DefaultRpcScheduler, ipcBackoff: false.
2019-10-10 00:01:40,384 [Socket Reader #1 for port 39052] INFO  ipc.Server (Server.java:run(1074)) - Starting Socket Reader #1 for port 39052
2019-10-10 00:01:40,387 [main] INFO  hdfs.DFSUtil (DFSUtil.java:httpServerTemplateForNNAndJN(1641)) - Starting Web-server for scm at: http://0.0.0.0:0
2019-10-10 00:01:40,389 [main] INFO  server.AuthenticationFilter (AuthenticationFilter.java:constructSecretProvider(240)) - Unable to initialize FileSignerSecretProvider, falling back to use random secrets.
2019-10-10 00:01:40,389 [main] WARN  http.HttpRequestLog (HttpRequestLog.java:getRequestLog(97)) - Jetty request log can only be enabled using Log4j
2019-10-10 00:01:40,391 [main] INFO  http.HttpServer2 (HttpServer2.java:addGlobalFilter(975)) - Added global filter 'safety' (class=org.apache.hadoop.http.HttpServer2$QuotingInputFilter)
2019-10-10 00:01:40,391 [main] INFO  http.HttpServer2 (HttpServer2.java:addFilter(948)) - Added filter static_user_filter (class=org.apache.hadoop.http.lib.StaticUserWebFilter$StaticUserFilter) to context scm
2019-10-10 00:01:40,391 [main] INFO  http.HttpServer2 (HttpServer2.java:addFilter(958)) - Added filter static_user_filter (class=org.apache.hadoop.http.lib.StaticUserWebFilter$StaticUserFilter) to context static
2019-10-10 00:01:40,392 [main] INFO  http.HttpServer2 (HttpServer2.java:addFilter(958)) - Added filter static_user_filter (class=org.apache.hadoop.http.lib.StaticUserWebFilter$StaticUserFilter) to context logs
2019-10-10 00:01:40,393 [main] INFO  server.StorageContainerManager (StorageContainerManager.java:start(772)) - StorageContainerLocationProtocol RPC server is listening at /0.0.0.0:39052
2019-10-10 00:01:40,395 [main] WARN  impl.MetricsConfig (MetricsConfig.java:loadFirst(134)) - Cannot locate configuration: tried hadoop-metrics2-storagecontainermanager.properties,hadoop-metrics2.properties
2019-10-10 00:01:40,396 [main] INFO  impl.MetricsSystemImpl (MetricsSystemImpl.java:startTimer(374)) - Scheduled Metric snapshot period at 10 second(s).
2019-10-10 00:01:40,396 [main] INFO  impl.MetricsSystemImpl (MetricsSystemImpl.java:start(191)) - StorageContainerManager metrics system started
2019-10-10 00:01:40,461 [main] WARN  impl.MetricsSystemImpl (MetricsSystemImpl.java:register(276)) - Sink prometheus already exists!
2019-10-10 00:01:40,550 [main] INFO  server.SCMClientProtocolServer (SCMClientProtocolServer.java:start(159)) - RPC server for Client  is listening at /0.0.0.0:39052
2019-10-10 00:01:40,551 [IPC Server Responder] INFO  ipc.Server (Server.java:run(1314)) - IPC Server Responder: starting
2019-10-10 00:01:40,552 [IPC Server listener on 39052] INFO  ipc.Server (Server.java:run(1153)) - IPC Server listener on 39052: starting
2019-10-10 00:01:40,555 [main] INFO  server.StorageContainerManager (StorageContainerManager.java:start(782)) - ScmBlockLocationProtocol RPC server is listening at /0.0.0.0:38057
2019-10-10 00:01:40,555 [main] INFO  server.SCMBlockProtocolServer (SCMBlockProtocolServer.java:start(146)) - RPC server for Block Protocol is listening at /0.0.0.0:38057
2019-10-10 00:01:40,555 [IPC Server Responder] INFO  ipc.Server (Server.java:run(1314)) - IPC Server Responder: starting
2019-10-10 00:01:40,556 [IPC Server listener on 38057] INFO  ipc.Server (Server.java:run(1153)) - IPC Server listener on 38057: starting
2019-10-10 00:01:40,561 [main] INFO  server.StorageContainerManager (StorageContainerManager.java:start(786)) - ScmDatanodeProtocl RPC server is listening at /0.0.0.0:35563
2019-10-10 00:01:40,561 [main] INFO  server.SCMDatanodeProtocolServer (SCMDatanodeProtocolServer.java:start(169)) - RPC server for DataNodes is listening at /0.0.0.0:35563
2019-10-10 00:01:40,561 [IPC Server Responder] INFO  ipc.Server (Server.java:run(1314)) - IPC Server Responder: starting
2019-10-10 00:01:40,562 [IPC Server listener on 35563] INFO  ipc.Server (Server.java:run(1153)) - IPC Server listener on 35563: starting
2019-10-10 00:01:40,565 [main] INFO  http.HttpServer2 (HttpServer2.java:bindListener(1191)) - Jetty bound to port 36836
2019-10-10 00:01:40,566 [main] INFO  server.Server (Server.java:doStart(351)) - jetty-9.3.25.v20180904, build timestamp: 2018-09-04T21:11:46Z, git hash: 3ce520221d0240229c862b122d2b06c12a625732
2019-10-10 00:01:40,568 [main] INFO  handler.ContextHandler (ContextHandler.java:doStart(781)) - Started o.e.j.s.ServletContextHandler@491f8831{/logs,file:///workdir/hadoop-ozone/integration-test/target/log,AVAILABLE}
2019-10-10 00:01:40,568 [main] INFO  handler.ContextHandler (ContextHandler.java:doStart(781)) - Started o.e.j.s.ServletContextHandler@5b733ef7{/static,file:///workdir/hadoop-ozone/integration-test/target/test-classes/webapps/static,AVAILABLE}
2019-10-10 00:01:40,573 [main] INFO  handler.ContextHandler (ContextHandler.java:doStart(781)) - Started o.e.j.w.WebAppContext@26c8b296{/,file:///workdir/hadoop-ozone/integration-test/target/test-classes/webapps/scm/,AVAILABLE}{/scm}
2019-10-10 00:01:40,573 [main] INFO  server.AbstractConnector (AbstractConnector.java:doStart(278)) - Started ServerConnector@1d289d3f{HTTP/1.1,[http/1.1]}{0.0.0.0:36836}
2019-10-10 00:01:40,574 [main] INFO  server.Server (Server.java:doStart(419)) - Started @227270ms
2019-10-10 00:01:40,574 [main] WARN  impl.MetricsSystemImpl (MetricsSystemImpl.java:register(276)) - Sink prometheus already exists!
2019-10-10 00:01:40,575 [main] INFO  server.BaseHttpServer (BaseHttpServer.java:updateConnectorAddress(215)) - HTTP server of SCM is listening at http://0.0.0.0:36836
2019-10-10 00:01:40,577 [main] WARN  server.ServerUtils (ServerUtils.java:getDBPath(222)) - ozone.om.db.dirs is not configured. We recommend adding this setting. Falling back to ozone.metadata.dirs instead.
2019-10-10 00:01:40,577 [org.apache.hadoop.util.JvmPauseMonitor$Monitor@7f27f59b] INFO  util.JvmPauseMonitor (JvmPauseMonitor.java:run(188)) - Starting JVM pause monitor
2019-10-10 00:01:40,602 [main] INFO  ha.OMHANodeDetails (OMHANodeDetails.java:loadOMHAConfig(190)) - Configuration either no ozone.om.address set. Falling back to the default OM address /127.0.0.1:0
2019-10-10 00:01:40,602 [main] INFO  ha.OMHANodeDetails (OMHANodeDetails.java:getOMNodeDetails(220)) - OM Service ID is not set. Setting it to the default ID: omServiceIdDefault
2019-10-10 00:01:40,602 [main] WARN  server.ServerUtils (ServerUtils.java:getDBPath(222)) - ozone.om.db.dirs is not configured. We recommend adding this setting. Falling back to ozone.metadata.dirs instead.
2019-10-10 00:01:40,603 [main] WARN  server.ServerUtils (ServerUtils.java:getDBPath(222)) - ozone.om.db.dirs is not configured. We recommend adding this setting. Falling back to ozone.metadata.dirs instead.
2019-10-10 00:01:40,610 [main] WARN  server.ServerUtils (ServerUtils.java:getDBPath(222)) - ozone.om.db.dirs is not configured. We recommend adding this setting. Falling back to ozone.metadata.dirs instead.
2019-10-10 00:01:40,611 [main] INFO  db.DBStoreBuilder (DBStoreBuilder.java:addTable(117)) - using custom profile for table: userTable
2019-10-10 00:01:40,611 [main] INFO  db.DBStoreBuilder (DBStoreBuilder.java:processTables(168)) - Using default column profile:DBProfile.DISK for Table:userTable
2019-10-10 00:01:40,611 [main] INFO  db.DBStoreBuilder (DBStoreBuilder.java:addTable(117)) - using custom profile for table: volumeTable
2019-10-10 00:01:40,611 [main] INFO  db.DBStoreBuilder (DBStoreBuilder.java:processTables(168)) - Using default column profile:DBProfile.DISK for Table:volumeTable
2019-10-10 00:01:40,612 [main] INFO  db.DBStoreBuilder (DBStoreBuilder.java:addTable(117)) - using custom profile for table: bucketTable
2019-10-10 00:01:40,612 [main] INFO  db.DBStoreBuilder (DBStoreBuilder.java:processTables(168)) - Using default column profile:DBProfile.DISK for Table:bucketTable
2019-10-10 00:01:40,612 [main] INFO  db.DBStoreBuilder (DBStoreBuilder.java:addTable(117)) - using custom profile for table: keyTable
2019-10-10 00:01:40,612 [main] INFO  db.DBStoreBuilder (DBStoreBuilder.java:processTables(168)) - Using default column profile:DBProfile.DISK for Table:keyTable
2019-10-10 00:01:40,612 [main] INFO  db.DBStoreBuilder (DBStoreBuilder.java:addTable(117)) - using custom profile for table: deletedTable
2019-10-10 00:01:40,612 [main] INFO  db.DBStoreBuilder (DBStoreBuilder.java:processTables(168)) - Using default column profile:DBProfile.DISK for Table:deletedTable
2019-10-10 00:01:40,612 [main] INFO  db.DBStoreBuilder (DBStoreBuilder.java:addTable(117)) - using custom profile for table: openKeyTable
2019-10-10 00:01:40,612 [main] INFO  db.DBStoreBuilder (DBStoreBuilder.java:processTables(168)) - Using default column profile:DBProfile.DISK for Table:openKeyTable
2019-10-10 00:01:40,613 [main] INFO  db.DBStoreBuilder (DBStoreBuilder.java:addTable(117)) - using custom profile for table: s3Table
2019-10-10 00:01:40,613 [main] INFO  db.DBStoreBuilder (DBStoreBuilder.java:processTables(168)) - Using default column profile:DBProfile.DISK for Table:s3Table
2019-10-10 00:01:40,613 [main] INFO  db.DBStoreBuilder (DBStoreBuilder.java:addTable(117)) - using custom profile for table: multipartInfoTable
2019-10-10 00:01:40,613 [main] INFO  db.DBStoreBuilder (DBStoreBuilder.java:processTables(168)) - Using default column profile:DBProfile.DISK for Table:multipartInfoTable
2019-10-10 00:01:40,613 [main] INFO  db.DBStoreBuilder (DBStoreBuilder.java:addTable(117)) - using custom profile for table: dTokenTable
2019-10-10 00:01:40,613 [main] INFO  db.DBStoreBuilder (DBStoreBuilder.java:processTables(168)) - Using default column profile:DBProfile.DISK for Table:dTokenTable
2019-10-10 00:01:40,614 [main] INFO  db.DBStoreBuilder (DBStoreBuilder.java:addTable(117)) - using custom profile for table: s3SecretTable
2019-10-10 00:01:40,614 [main] INFO  db.DBStoreBuilder (DBStoreBuilder.java:processTables(168)) - Using default column profile:DBProfile.DISK for Table:s3SecretTable
2019-10-10 00:01:40,614 [main] INFO  db.DBStoreBuilder (DBStoreBuilder.java:addTable(117)) - using custom profile for table: prefixTable
2019-10-10 00:01:40,614 [main] INFO  db.DBStoreBuilder (DBStoreBuilder.java:processTables(168)) - Using default column profile:DBProfile.DISK for Table:prefixTable
2019-10-10 00:01:40,614 [main] INFO  db.DBStoreBuilder (DBStoreBuilder.java:addTable(117)) - using custom profile for table: default
2019-10-10 00:01:40,614 [main] INFO  db.DBStoreBuilder (DBStoreBuilder.java:processTables(174)) - Using default column profile:DBProfile.DISK for Table:default
2019-10-10 00:01:40,614 [main] INFO  db.DBStoreBuilder (DBStoreBuilder.java:getDbProfile(205)) - Using default options. DBProfile.DISK
2019-10-10 00:01:41,090 [main] INFO  ipc.CallQueueManager (CallQueueManager.java:<init>(84)) - Using callQueue: class java.util.concurrent.LinkedBlockingQueue, queueCapacity: 2000, scheduler: class org.apache.hadoop.ipc.DefaultRpcScheduler, ipcBackoff: false.
2019-10-10 00:01:41,091 [Socket Reader #1 for port 39171] INFO  ipc.Server (Server.java:run(1074)) - Starting Socket Reader #1 for port 39171
2019-10-10 00:01:41,104 [main] INFO  om.OzoneManager (OzoneManager.java:start(1069)) - OzoneManager RPC server is listening at localhost/127.0.0.1:39171
2019-10-10 00:01:41,104 [main] INFO  impl.MetricsSystemImpl (MetricsSystemImpl.java:init(158)) - OzoneManager metrics system started (again)
2019-10-10 00:01:41,105 [IPC Server Responder] INFO  ipc.Server (Server.java:run(1314)) - IPC Server Responder: starting
2019-10-10 00:01:41,105 [IPC Server listener on 39171] INFO  ipc.Server (Server.java:run(1153)) - IPC Server listener on 39171: starting
2019-10-10 00:01:41,111 [main] INFO  hdfs.DFSUtil (DFSUtil.java:httpServerTemplateForNNAndJN(1641)) - Starting Web-server for ozoneManager at: http://0.0.0.0:0
2019-10-10 00:01:41,112 [main] INFO  server.AuthenticationFilter (AuthenticationFilter.java:constructSecretProvider(240)) - Unable to initialize FileSignerSecretProvider, falling back to use random secrets.
2019-10-10 00:01:41,112 [main] WARN  http.HttpRequestLog (HttpRequestLog.java:getRequestLog(97)) - Jetty request log can only be enabled using Log4j
2019-10-10 00:01:41,114 [main] INFO  http.HttpServer2 (HttpServer2.java:addGlobalFilter(975)) - Added global filter 'safety' (class=org.apache.hadoop.http.HttpServer2$QuotingInputFilter)
2019-10-10 00:01:41,114 [main] INFO  http.HttpServer2 (HttpServer2.java:addFilter(948)) - Added filter static_user_filter (class=org.apache.hadoop.http.lib.StaticUserWebFilter$StaticUserFilter) to context ozoneManager
2019-10-10 00:01:41,114 [main] INFO  http.HttpServer2 (HttpServer2.java:addFilter(958)) - Added filter static_user_filter (class=org.apache.hadoop.http.lib.StaticUserWebFilter$StaticUserFilter) to context static
2019-10-10 00:01:41,114 [main] INFO  http.HttpServer2 (HttpServer2.java:addFilter(958)) - Added filter static_user_filter (class=org.apache.hadoop.http.lib.StaticUserWebFilter$StaticUserFilter) to context logs
2019-10-10 00:01:41,115 [main] INFO  http.HttpServer2 (HttpServer2.java:bindListener(1191)) - Jetty bound to port 46836
2019-10-10 00:01:41,115 [main] INFO  server.Server (Server.java:doStart(351)) - jetty-9.3.25.v20180904, build timestamp: 2018-09-04T21:11:46Z, git hash: 3ce520221d0240229c862b122d2b06c12a625732
2019-10-10 00:01:41,116 [main] INFO  handler.ContextHandler (ContextHandler.java:doStart(781)) - Started o.e.j.s.ServletContextHandler@41e9f86{/logs,file:///workdir/hadoop-ozone/integration-test/target/log,AVAILABLE}
2019-10-10 00:01:41,117 [main] INFO  handler.ContextHandler (ContextHandler.java:doStart(781)) - Started o.e.j.s.ServletContextHandler@233f52f8{/static,file:///workdir/hadoop-ozone/integration-test/target/test-classes/webapps/static,AVAILABLE}
2019-10-10 00:01:41,120 [main] INFO  handler.ContextHandler (ContextHandler.java:doStart(781)) - Started o.e.j.w.WebAppContext@3a11c0eb{/,file:///workdir/hadoop-ozone/integration-test/target/test-classes/webapps/ozoneManager/,AVAILABLE}{/ozoneManager}
2019-10-10 00:01:41,120 [main] INFO  server.AbstractConnector (AbstractConnector.java:doStart(278)) - Started ServerConnector@3313d477{HTTP/1.1,[http/1.1]}{0.0.0.0:46836}
2019-10-10 00:01:41,121 [main] INFO  server.Server (Server.java:doStart(419)) - Started @227817ms
2019-10-10 00:01:41,121 [main] WARN  impl.MetricsSystemImpl (MetricsSystemImpl.java:register(276)) - Sink prometheus already exists!
2019-10-10 00:01:41,122 [main] INFO  server.BaseHttpServer (BaseHttpServer.java:updateConnectorAddress(215)) - HTTP server of OZONEMANAGER is listening at http://0.0.0.0:46836
2019-10-10 00:01:41,137 [main] INFO  impl.MetricsSystemImpl (MetricsSystemImpl.java:init(158)) - HddsDatanode metrics system started (again)
2019-10-10 00:01:41,141 [main] INFO  ozone.HddsDatanodeService (HddsDatanodeService.java:start(184)) - HddsDatanodeService host:pr-hdds-2194-ljcxr-4216244270 ip:192.168.30.20
2019-10-10 00:01:41,146 [main] INFO  volume.HddsVolume (HddsVolume.java:<init>(176)) - Creating Volume: /workdir/hadoop-ozone/integration-test/target/test-dir/MiniOzoneClusterImpl-c8dce9f5-5a7e-41b0-972e-b66a6036fa2a/datanode-0/data/containers/hdds of  storage type : DISK and capacity : 1482555576320
2019-10-10 00:01:41,146 [main] INFO  volume.VolumeSet (VolumeSet.java:initializeVolumeSet(170)) - Added Volume : /workdir/hadoop-ozone/integration-test/target/test-dir/MiniOzoneClusterImpl-c8dce9f5-5a7e-41b0-972e-b66a6036fa2a/datanode-0/data/containers/hdds to VolumeSet
2019-10-10 00:01:41,147 [main] INFO  volume.ThrottledAsyncChecker (ThrottledAsyncChecker.java:schedule(141)) - Scheduling a check for org.apache.hadoop.ozone.container.common.volume.HddsVolume@1e6060f1
2019-10-10 00:01:41,148 [main] INFO  volume.HddsVolumeChecker (HddsVolumeChecker.java:checkAllVolumes(204)) - Scheduled health check for volume org.apache.hadoop.ozone.container.common.volume.HddsVolume@1e6060f1
2019-10-10 00:01:41,161 [main] INFO  impl.RaftServerProxy (ConfUtils.java:logGet(43)) - raft.rpc.type = GRPC (default)
2019-10-10 00:01:41,162 [main] INFO  grpc.GrpcFactory (GrpcFactory.java:checkPooledByteBufAllocatorUseCacheForAllThreads(45)) - PERFORMANCE WARNING: useCacheForAllThreads is true that may cause Netty to create a lot garbage objects and, as a result, trigger GC.
	It is recommended to disable useCacheForAllThreads by setting -Dorg.apache.ratis.thirdparty.io.netty.allocator.useCacheForAllThreads=false in command line.
2019-10-10 00:01:41,162 [main] INFO  grpc.GrpcConfigKeys$Server (ConfUtils.java:logGet(43)) - raft.grpc.server.port = 0 (default)
2019-10-10 00:01:41,162 [main] INFO  server.GrpcService (ConfUtils.java:logGet(43)) - raft.grpc.message.size.max = 33570816 (custom)
2019-10-10 00:01:41,162 [main] INFO  server.RaftServerConfigKeys (ConfUtils.java:logGet(43)) - raft.server.log.appender.buffer.byte-limit = 33554432 (custom)
2019-10-10 00:01:41,162 [main] INFO  server.GrpcService (ConfUtils.java:logGet(43)) - raft.grpc.flow.control.window = 1MB (=1048576) (default)
2019-10-10 00:01:41,163 [main] INFO  server.RaftServerConfigKeys (ConfUtils.java:logGet(43)) - raft.server.rpc.request.timeout = 3000ms (default)
2019-10-10 00:01:41,163 [main] INFO  server.RaftServerConfigKeys (ConfUtils.java:logGet(43)) - raft.server.storage.dir = [/workdir/hadoop-ozone/integration-test/target/test-dir/MiniOzoneClusterImpl-c8dce9f5-5a7e-41b0-972e-b66a6036fa2a/datanode-0/data/ratis] (custom)
2019-10-10 00:01:41,165 [main] INFO  hdfs.DFSUtil (DFSUtil.java:httpServerTemplateForNNAndJN(1641)) - Starting Web-server for hddsDatanode at: http://0.0.0.0:0
2019-10-10 00:01:41,166 [main] INFO  server.AuthenticationFilter (AuthenticationFilter.java:constructSecretProvider(240)) - Unable to initialize FileSignerSecretProvider, falling back to use random secrets.
2019-10-10 00:01:41,166 [main] WARN  http.HttpRequestLog (HttpRequestLog.java:getRequestLog(97)) - Jetty request log can only be enabled using Log4j
2019-10-10 00:01:41,167 [main] INFO  http.HttpServer2 (HttpServer2.java:addGlobalFilter(975)) - Added global filter 'safety' (class=org.apache.hadoop.http.HttpServer2$QuotingInputFilter)
2019-10-10 00:01:41,168 [main] INFO  http.HttpServer2 (HttpServer2.java:addFilter(948)) - Added filter static_user_filter (class=org.apache.hadoop.http.lib.StaticUserWebFilter$StaticUserFilter) to context hddsDatanode
2019-10-10 00:01:41,168 [main] INFO  http.HttpServer2 (HttpServer2.java:addFilter(958)) - Added filter static_user_filter (class=org.apache.hadoop.http.lib.StaticUserWebFilter$StaticUserFilter) to context logs
2019-10-10 00:01:41,168 [main] INFO  http.HttpServer2 (HttpServer2.java:addFilter(958)) - Added filter static_user_filter (class=org.apache.hadoop.http.lib.StaticUserWebFilter$StaticUserFilter) to context static
2019-10-10 00:01:41,169 [main] INFO  http.HttpServer2 (HttpServer2.java:bindListener(1191)) - Jetty bound to port 42342
2019-10-10 00:01:41,169 [main] INFO  server.Server (Server.java:doStart(351)) - jetty-9.3.25.v20180904, build timestamp: 2018-09-04T21:11:46Z, git hash: 3ce520221d0240229c862b122d2b06c12a625732
2019-10-10 00:01:41,170 [main] INFO  handler.ContextHandler (ContextHandler.java:doStart(781)) - Started o.e.j.s.ServletContextHandler@1a1f79ce{/logs,file:///workdir/hadoop-ozone/integration-test/target/log,AVAILABLE}
2019-10-10 00:01:41,170 [main] INFO  handler.ContextHandler (ContextHandler.java:doStart(781)) - Started o.e.j.s.ServletContextHandler@52abed9d{/static,jar:file:/home/user/.m2/repository/org/apache/hadoop/hadoop-hdds-container-service/0.5.0-SNAPSHOT/hadoop-hdds-container-service-0.5.0-SNAPSHOT.jar!/webapps/static,AVAILABLE}
2019-10-10 00:01:41,197 [main] INFO  handler.ContextHandler (ContextHandler.java:doStart(781)) - Started o.e.j.w.WebAppContext@38732364{/,file:///tmp/jetty-0.0.0.0-42342-hddsDatanode-_-any-1483690002731238867.dir/webapp/,AVAILABLE}{/hddsDatanode}
2019-10-10 00:01:41,197 [main] INFO  server.AbstractConnector (AbstractConnector.java:doStart(278)) - Started ServerConnector@7c70aae1{HTTP/1.1,[http/1.1]}{0.0.0.0:42342}
2019-10-10 00:01:41,199 [main] INFO  server.Server (Server.java:doStart(419)) - Started @227895ms
2019-10-10 00:01:41,199 [main] WARN  impl.MetricsSystemImpl (MetricsSystemImpl.java:register(276)) - Sink prometheus already exists!
2019-10-10 00:01:41,200 [main] INFO  server.BaseHttpServer (BaseHttpServer.java:updateConnectorAddress(215)) - HTTP server of HDDSDATANODE is listening at http://0.0.0.0:42342
2019-10-10 00:01:41,200 [main] INFO  impl.MetricsSystemImpl (MetricsSystemImpl.java:init(158)) - HddsDatanode metrics system started (again)
2019-10-10 00:01:41,203 [org.apache.hadoop.util.JvmPauseMonitor$Monitor@1cf7e51a] INFO  util.JvmPauseMonitor (JvmPauseMonitor.java:run(188)) - Starting JVM pause monitor
2019-10-10 00:01:41,204 [main] INFO  ozone.HddsDatanodeService (HddsDatanodeService.java:start(184)) - HddsDatanodeService host:pr-hdds-2194-ljcxr-4216244270 ip:192.168.30.20
2019-10-10 00:01:41,204 [Datanode State Machine Thread - 0] INFO  datanode.InitDatanodeState (InitDatanodeState.java:persistContainerDatanodeDetails(140)) - DatanodeDetails is persisted to /workdir/hadoop-ozone/integration-test/target/test-dir/MiniOzoneClusterImpl-c8dce9f5-5a7e-41b0-972e-b66a6036fa2a/datanode-0/meta/datanode.id
2019-10-10 00:01:41,209 [main] INFO  volume.HddsVolume (HddsVolume.java:<init>(176)) - Creating Volume: /workdir/hadoop-ozone/integration-test/target/test-dir/MiniOzoneClusterImpl-c8dce9f5-5a7e-41b0-972e-b66a6036fa2a/datanode-1/data/containers/hdds of  storage type : DISK and capacity : 1482555576320
2019-10-10 00:01:41,210 [main] INFO  volume.VolumeSet (VolumeSet.java:initializeVolumeSet(170)) - Added Volume : /workdir/hadoop-ozone/integration-test/target/test-dir/MiniOzoneClusterImpl-c8dce9f5-5a7e-41b0-972e-b66a6036fa2a/datanode-1/data/containers/hdds to VolumeSet
2019-10-10 00:01:41,210 [main] INFO  volume.ThrottledAsyncChecker (ThrottledAsyncChecker.java:schedule(141)) - Scheduling a check for org.apache.hadoop.ozone.container.common.volume.HddsVolume@443a06ad
2019-10-10 00:01:41,210 [main] INFO  volume.HddsVolumeChecker (HddsVolumeChecker.java:checkAllVolumes(204)) - Scheduled health check for volume org.apache.hadoop.ozone.container.common.volume.HddsVolume@443a06ad
2019-10-10 00:01:41,222 [main] INFO  impl.RaftServerProxy (ConfUtils.java:logGet(43)) - raft.rpc.type = GRPC (default)
2019-10-10 00:01:41,222 [main] INFO  grpc.GrpcFactory (GrpcFactory.java:checkPooledByteBufAllocatorUseCacheForAllThreads(45)) - PERFORMANCE WARNING: useCacheForAllThreads is true that may cause Netty to create a lot garbage objects and, as a result, trigger GC.
	It is recommended to disable useCacheForAllThreads by setting -Dorg.apache.ratis.thirdparty.io.netty.allocator.useCacheForAllThreads=false in command line.
2019-10-10 00:01:41,222 [main] INFO  grpc.GrpcConfigKeys$Server (ConfUtils.java:logGet(43)) - raft.grpc.server.port = 0 (default)
2019-10-10 00:01:41,222 [main] INFO  server.GrpcService (ConfUtils.java:logGet(43)) - raft.grpc.message.size.max = 33570816 (custom)
2019-10-10 00:01:41,223 [main] INFO  server.RaftServerConfigKeys (ConfUtils.java:logGet(43)) - raft.server.log.appender.buffer.byte-limit = 33554432 (custom)
2019-10-10 00:01:41,223 [main] INFO  server.GrpcService (ConfUtils.java:logGet(43)) - raft.grpc.flow.control.window = 1MB (=1048576) (default)
2019-10-10 00:01:41,223 [main] INFO  server.RaftServerConfigKeys (ConfUtils.java:logGet(43)) - raft.server.rpc.request.timeout = 3000ms (default)
2019-10-10 00:01:41,223 [main] INFO  server.RaftServerConfigKeys (ConfUtils.java:logGet(43)) - raft.server.storage.dir = [/workdir/hadoop-ozone/integration-test/target/test-dir/MiniOzoneClusterImpl-c8dce9f5-5a7e-41b0-972e-b66a6036fa2a/datanode-1/data/ratis] (custom)
2019-10-10 00:01:41,225 [main] INFO  hdfs.DFSUtil (DFSUtil.java:httpServerTemplateForNNAndJN(1641)) - Starting Web-server for hddsDatanode at: http://0.0.0.0:0
2019-10-10 00:01:41,226 [main] INFO  server.AuthenticationFilter (AuthenticationFilter.java:constructSecretProvider(240)) - Unable to initialize FileSignerSecretProvider, falling back to use random secrets.
2019-10-10 00:01:41,226 [main] WARN  http.HttpRequestLog (HttpRequestLog.java:getRequestLog(97)) - Jetty request log can only be enabled using Log4j
2019-10-10 00:01:41,227 [main] INFO  http.HttpServer2 (HttpServer2.java:addGlobalFilter(975)) - Added global filter 'safety' (class=org.apache.hadoop.http.HttpServer2$QuotingInputFilter)
2019-10-10 00:01:41,228 [main] INFO  http.HttpServer2 (HttpServer2.java:addFilter(948)) - Added filter static_user_filter (class=org.apache.hadoop.http.lib.StaticUserWebFilter$StaticUserFilter) to context hddsDatanode
2019-10-10 00:01:41,228 [main] INFO  http.HttpServer2 (HttpServer2.java:addFilter(958)) - Added filter static_user_filter (class=org.apache.hadoop.http.lib.StaticUserWebFilter$StaticUserFilter) to context static
2019-10-10 00:01:41,228 [main] INFO  http.HttpServer2 (HttpServer2.java:addFilter(958)) - Added filter static_user_filter (class=org.apache.hadoop.http.lib.StaticUserWebFilter$StaticUserFilter) to context logs
2019-10-10 00:01:41,228 [main] INFO  http.HttpServer2 (HttpServer2.java:bindListener(1191)) - Jetty bound to port 44712
2019-10-10 00:01:41,228 [main] INFO  server.Server (Server.java:doStart(351)) - jetty-9.3.25.v20180904, build timestamp: 2018-09-04T21:11:46Z, git hash: 3ce520221d0240229c862b122d2b06c12a625732
2019-10-10 00:01:41,230 [main] INFO  handler.ContextHandler (ContextHandler.java:doStart(781)) - Started o.e.j.s.ServletContextHandler@5d194314{/logs,file:///workdir/hadoop-ozone/integration-test/target/log,AVAILABLE}
2019-10-10 00:01:41,230 [main] INFO  handler.ContextHandler (ContextHandler.java:doStart(781)) - Started o.e.j.s.ServletContextHandler@637c840d{/static,jar:file:/home/user/.m2/repository/org/apache/hadoop/hadoop-hdds-container-service/0.5.0-SNAPSHOT/hadoop-hdds-container-service-0.5.0-SNAPSHOT.jar!/webapps/static,AVAILABLE}
2019-10-10 00:01:41,261 [main] INFO  handler.ContextHandler (ContextHandler.java:doStart(781)) - Started o.e.j.w.WebAppContext@38ac8968{/,file:///tmp/jetty-0.0.0.0-44712-hddsDatanode-_-any-5693390744919114094.dir/webapp/,AVAILABLE}{/hddsDatanode}
2019-10-10 00:01:41,262 [main] INFO  server.AbstractConnector (AbstractConnector.java:doStart(278)) - Started ServerConnector@17ff8810{HTTP/1.1,[http/1.1]}{0.0.0.0:44712}
2019-10-10 00:01:41,264 [main] INFO  server.Server (Server.java:doStart(419)) - Started @227960ms
2019-10-10 00:01:41,264 [main] WARN  impl.MetricsSystemImpl (MetricsSystemImpl.java:register(276)) - Sink prometheus already exists!
2019-10-10 00:01:41,265 [main] INFO  server.BaseHttpServer (BaseHttpServer.java:updateConnectorAddress(215)) - HTTP server of HDDSDATANODE is listening at http://0.0.0.0:44712
2019-10-10 00:01:41,265 [main] INFO  impl.MetricsSystemImpl (MetricsSystemImpl.java:init(158)) - HddsDatanode metrics system started (again)
2019-10-10 00:01:41,269 [org.apache.hadoop.util.JvmPauseMonitor$Monitor@7e3463da] INFO  util.JvmPauseMonitor (JvmPauseMonitor.java:run(188)) - Starting JVM pause monitor
2019-10-10 00:01:41,270 [Datanode State Machine Thread - 0] INFO  datanode.InitDatanodeState (InitDatanodeState.java:persistContainerDatanodeDetails(140)) - DatanodeDetails is persisted to /workdir/hadoop-ozone/integration-test/target/test-dir/MiniOzoneClusterImpl-c8dce9f5-5a7e-41b0-972e-b66a6036fa2a/datanode-1/meta/datanode.id
2019-10-10 00:01:41,270 [main] INFO  ozone.HddsDatanodeService (HddsDatanodeService.java:start(184)) - HddsDatanodeService host:pr-hdds-2194-ljcxr-4216244270 ip:192.168.30.20
2019-10-10 00:01:41,276 [main] INFO  volume.HddsVolume (HddsVolume.java:<init>(176)) - Creating Volume: /workdir/hadoop-ozone/integration-test/target/test-dir/MiniOzoneClusterImpl-c8dce9f5-5a7e-41b0-972e-b66a6036fa2a/datanode-2/data/containers/hdds of  storage type : DISK and capacity : 1482555576320
2019-10-10 00:01:41,276 [main] INFO  volume.VolumeSet (VolumeSet.java:initializeVolumeSet(170)) - Added Volume : /workdir/hadoop-ozone/integration-test/target/test-dir/MiniOzoneClusterImpl-c8dce9f5-5a7e-41b0-972e-b66a6036fa2a/datanode-2/data/containers/hdds to VolumeSet
2019-10-10 00:01:41,277 [main] INFO  volume.ThrottledAsyncChecker (ThrottledAsyncChecker.java:schedule(141)) - Scheduling a check for org.apache.hadoop.ozone.container.common.volume.HddsVolume@6de7778f
2019-10-10 00:01:41,277 [main] INFO  volume.HddsVolumeChecker (HddsVolumeChecker.java:checkAllVolumes(204)) - Scheduled health check for volume org.apache.hadoop.ozone.container.common.volume.HddsVolume@6de7778f
2019-10-10 00:01:41,289 [main] INFO  impl.RaftServerProxy (ConfUtils.java:logGet(43)) - raft.rpc.type = GRPC (default)
2019-10-10 00:01:41,289 [main] INFO  grpc.GrpcFactory (GrpcFactory.java:checkPooledByteBufAllocatorUseCacheForAllThreads(45)) - PERFORMANCE WARNING: useCacheForAllThreads is true that may cause Netty to create a lot garbage objects and, as a result, trigger GC.
	It is recommended to disable useCacheForAllThreads by setting -Dorg.apache.ratis.thirdparty.io.netty.allocator.useCacheForAllThreads=false in command line.
2019-10-10 00:01:41,289 [main] INFO  grpc.GrpcConfigKeys$Server (ConfUtils.java:logGet(43)) - raft.grpc.server.port = 0 (default)
2019-10-10 00:01:41,290 [main] INFO  server.GrpcService (ConfUtils.java:logGet(43)) - raft.grpc.message.size.max = 33570816 (custom)
2019-10-10 00:01:41,290 [main] INFO  server.RaftServerConfigKeys (ConfUtils.java:logGet(43)) - raft.server.log.appender.buffer.byte-limit = 33554432 (custom)
2019-10-10 00:01:41,290 [main] INFO  server.GrpcService (ConfUtils.java:logGet(43)) - raft.grpc.flow.control.window = 1MB (=1048576) (default)
2019-10-10 00:01:41,290 [main] INFO  server.RaftServerConfigKeys (ConfUtils.java:logGet(43)) - raft.server.rpc.request.timeout = 3000ms (default)
2019-10-10 00:01:41,290 [main] INFO  server.RaftServerConfigKeys (ConfUtils.java:logGet(43)) - raft.server.storage.dir = [/workdir/hadoop-ozone/integration-test/target/test-dir/MiniOzoneClusterImpl-c8dce9f5-5a7e-41b0-972e-b66a6036fa2a/datanode-2/data/ratis] (custom)
2019-10-10 00:01:41,291 [main] INFO  hdfs.DFSUtil (DFSUtil.java:httpServerTemplateForNNAndJN(1641)) - Starting Web-server for hddsDatanode at: http://0.0.0.0:0
2019-10-10 00:01:41,293 [main] INFO  server.AuthenticationFilter (AuthenticationFilter.java:constructSecretProvider(240)) - Unable to initialize FileSignerSecretProvider, falling back to use random secrets.
2019-10-10 00:01:41,293 [main] WARN  http.HttpRequestLog (HttpRequestLog.java:getRequestLog(97)) - Jetty request log can only be enabled using Log4j
2019-10-10 00:01:41,294 [main] INFO  http.HttpServer2 (HttpServer2.java:addGlobalFilter(975)) - Added global filter 'safety' (class=org.apache.hadoop.http.HttpServer2$QuotingInputFilter)
2019-10-10 00:01:41,294 [main] INFO  http.HttpServer2 (HttpServer2.java:addFilter(948)) - Added filter static_user_filter (class=org.apache.hadoop.http.lib.StaticUserWebFilter$StaticUserFilter) to context hddsDatanode
2019-10-10 00:01:41,295 [main] INFO  http.HttpServer2 (HttpServer2.java:addFilter(958)) - Added filter static_user_filter (class=org.apache.hadoop.http.lib.StaticUserWebFilter$StaticUserFilter) to context static
2019-10-10 00:01:41,295 [main] INFO  http.HttpServer2 (HttpServer2.java:addFilter(958)) - Added filter static_user_filter (class=org.apache.hadoop.http.lib.StaticUserWebFilter$StaticUserFilter) to context logs
2019-10-10 00:01:41,295 [main] INFO  http.HttpServer2 (HttpServer2.java:bindListener(1191)) - Jetty bound to port 46568
2019-10-10 00:01:41,295 [main] INFO  server.Server (Server.java:doStart(351)) - jetty-9.3.25.v20180904, build timestamp: 2018-09-04T21:11:46Z, git hash: 3ce520221d0240229c862b122d2b06c12a625732
2019-10-10 00:01:41,301 [main] INFO  handler.ContextHandler (ContextHandler.java:doStart(781)) - Started o.e.j.s.ServletContextHandler@3dfd6220{/logs,file:///workdir/hadoop-ozone/integration-test/target/log,AVAILABLE}
2019-10-10 00:01:41,301 [main] INFO  handler.ContextHandler (ContextHandler.java:doStart(781)) - Started o.e.j.s.ServletContextHandler@6de43bc1{/static,jar:file:/home/user/.m2/repository/org/apache/hadoop/hadoop-hdds-container-service/0.5.0-SNAPSHOT/hadoop-hdds-container-service-0.5.0-SNAPSHOT.jar!/webapps/static,AVAILABLE}
2019-10-10 00:01:41,349 [main] INFO  handler.ContextHandler (ContextHandler.java:doStart(781)) - Started o.e.j.w.WebAppContext@5a592c70{/,file:///tmp/jetty-0.0.0.0-46568-hddsDatanode-_-any-1924191889030567945.dir/webapp/,AVAILABLE}{/hddsDatanode}
2019-10-10 00:01:41,349 [main] INFO  server.AbstractConnector (AbstractConnector.java:doStart(278)) - Started ServerConnector@252ec02e{HTTP/1.1,[http/1.1]}{0.0.0.0:46568}
2019-10-10 00:01:41,351 [main] INFO  server.Server (Server.java:doStart(419)) - Started @228047ms
2019-10-10 00:01:41,351 [main] WARN  impl.MetricsSystemImpl (MetricsSystemImpl.java:register(276)) - Sink prometheus already exists!
2019-10-10 00:01:41,352 [main] INFO  server.BaseHttpServer (BaseHttpServer.java:updateConnectorAddress(215)) - HTTP server of HDDSDATANODE is listening at http://0.0.0.0:46568
2019-10-10 00:01:41,353 [main] INFO  impl.MetricsSystemImpl (MetricsSystemImpl.java:init(158)) - HddsDatanode metrics system started (again)
2019-10-10 00:01:41,356 [org.apache.hadoop.util.JvmPauseMonitor$Monitor@4ee8d981] INFO  util.JvmPauseMonitor (JvmPauseMonitor.java:run(188)) - Starting JVM pause monitor
2019-10-10 00:01:41,357 [main] INFO  ozone.HddsDatanodeService (HddsDatanodeService.java:start(184)) - HddsDatanodeService host:pr-hdds-2194-ljcxr-4216244270 ip:192.168.30.20
2019-10-10 00:01:41,358 [Datanode State Machine Thread - 0] INFO  datanode.InitDatanodeState (InitDatanodeState.java:persistContainerDatanodeDetails(140)) - DatanodeDetails is persisted to /workdir/hadoop-ozone/integration-test/target/test-dir/MiniOzoneClusterImpl-c8dce9f5-5a7e-41b0-972e-b66a6036fa2a/datanode-2/meta/datanode.id
2019-10-10 00:01:41,363 [main] INFO  volume.HddsVolume (HddsVolume.java:<init>(176)) - Creating Volume: /workdir/hadoop-ozone/integration-test/target/test-dir/MiniOzoneClusterImpl-c8dce9f5-5a7e-41b0-972e-b66a6036fa2a/datanode-3/data/containers/hdds of  storage type : DISK and capacity : 1482555576320
2019-10-10 00:01:41,363 [main] INFO  volume.VolumeSet (VolumeSet.java:initializeVolumeSet(170)) - Added Volume : /workdir/hadoop-ozone/integration-test/target/test-dir/MiniOzoneClusterImpl-c8dce9f5-5a7e-41b0-972e-b66a6036fa2a/datanode-3/data/containers/hdds to VolumeSet
2019-10-10 00:01:41,363 [main] INFO  volume.ThrottledAsyncChecker (ThrottledAsyncChecker.java:schedule(141)) - Scheduling a check for org.apache.hadoop.ozone.container.common.volume.HddsVolume@3e6ec74
2019-10-10 00:01:41,363 [main] INFO  volume.HddsVolumeChecker (HddsVolumeChecker.java:checkAllVolumes(204)) - Scheduled health check for volume org.apache.hadoop.ozone.container.common.volume.HddsVolume@3e6ec74
2019-10-10 00:01:41,375 [main] INFO  impl.RaftServerProxy (ConfUtils.java:logGet(43)) - raft.rpc.type = GRPC (default)
2019-10-10 00:01:41,376 [main] INFO  grpc.GrpcFactory (GrpcFactory.java:checkPooledByteBufAllocatorUseCacheForAllThreads(45)) - PERFORMANCE WARNING: useCacheForAllThreads is true that may cause Netty to create a lot garbage objects and, as a result, trigger GC.
	It is recommended to disable useCacheForAllThreads by setting -Dorg.apache.ratis.thirdparty.io.netty.allocator.useCacheForAllThreads=false in command line.
2019-10-10 00:01:41,376 [main] INFO  grpc.GrpcConfigKeys$Server (ConfUtils.java:logGet(43)) - raft.grpc.server.port = 0 (default)
2019-10-10 00:01:41,376 [main] INFO  server.GrpcService (ConfUtils.java:logGet(43)) - raft.grpc.message.size.max = 33570816 (custom)
2019-10-10 00:01:41,376 [main] INFO  server.RaftServerConfigKeys (ConfUtils.java:logGet(43)) - raft.server.log.appender.buffer.byte-limit = 33554432 (custom)
2019-10-10 00:01:41,376 [main] INFO  server.GrpcService (ConfUtils.java:logGet(43)) - raft.grpc.flow.control.window = 1MB (=1048576) (default)
2019-10-10 00:01:41,376 [main] INFO  server.RaftServerConfigKeys (ConfUtils.java:logGet(43)) - raft.server.rpc.request.timeout = 3000ms (default)
2019-10-10 00:01:41,377 [main] INFO  server.RaftServerConfigKeys (ConfUtils.java:logGet(43)) - raft.server.storage.dir = [/workdir/hadoop-ozone/integration-test/target/test-dir/MiniOzoneClusterImpl-c8dce9f5-5a7e-41b0-972e-b66a6036fa2a/datanode-3/data/ratis] (custom)
2019-10-10 00:01:41,378 [main] INFO  hdfs.DFSUtil (DFSUtil.java:httpServerTemplateForNNAndJN(1641)) - Starting Web-server for hddsDatanode at: http://0.0.0.0:0
2019-10-10 00:01:41,379 [main] INFO  server.AuthenticationFilter (AuthenticationFilter.java:constructSecretProvider(240)) - Unable to initialize FileSignerSecretProvider, falling back to use random secrets.
2019-10-10 00:01:41,379 [main] WARN  http.HttpRequestLog (HttpRequestLog.java:getRequestLog(97)) - Jetty request log can only be enabled using Log4j
2019-10-10 00:01:41,380 [main] INFO  http.HttpServer2 (HttpServer2.java:addGlobalFilter(975)) - Added global filter 'safety' (class=org.apache.hadoop.http.HttpServer2$QuotingInputFilter)
2019-10-10 00:01:41,381 [main] INFO  http.HttpServer2 (HttpServer2.java:addFilter(948)) - Added filter static_user_filter (class=org.apache.hadoop.http.lib.StaticUserWebFilter$StaticUserFilter) to context hddsDatanode
2019-10-10 00:01:41,381 [main] INFO  http.HttpServer2 (HttpServer2.java:addFilter(958)) - Added filter static_user_filter (class=org.apache.hadoop.http.lib.StaticUserWebFilter$StaticUserFilter) to context static
2019-10-10 00:01:41,381 [main] INFO  http.HttpServer2 (HttpServer2.java:addFilter(958)) - Added filter static_user_filter (class=org.apache.hadoop.http.lib.StaticUserWebFilter$StaticUserFilter) to context logs
2019-10-10 00:01:41,382 [main] INFO  http.HttpServer2 (HttpServer2.java:bindListener(1191)) - Jetty bound to port 43284
2019-10-10 00:01:41,382 [main] INFO  server.Server (Server.java:doStart(351)) - jetty-9.3.25.v20180904, build timestamp: 2018-09-04T21:11:46Z, git hash: 3ce520221d0240229c862b122d2b06c12a625732
2019-10-10 00:01:41,383 [main] INFO  handler.ContextHandler (ContextHandler.java:doStart(781)) - Started o.e.j.s.ServletContextHandler@5785e813{/logs,file:///workdir/hadoop-ozone/integration-test/target/log,AVAILABLE}
2019-10-10 00:01:41,384 [main] INFO  handler.ContextHandler (ContextHandler.java:doStart(781)) - Started o.e.j.s.ServletContextHandler@6d294ddc{/static,jar:file:/home/user/.m2/repository/org/apache/hadoop/hadoop-hdds-container-service/0.5.0-SNAPSHOT/hadoop-hdds-container-service-0.5.0-SNAPSHOT.jar!/webapps/static,AVAILABLE}
2019-10-10 00:01:41,410 [main] INFO  handler.ContextHandler (ContextHandler.java:doStart(781)) - Started o.e.j.w.WebAppContext@5111de7c{/,file:///tmp/jetty-0.0.0.0-43284-hddsDatanode-_-any-6223377683627301976.dir/webapp/,AVAILABLE}{/hddsDatanode}
2019-10-10 00:01:41,410 [main] INFO  server.AbstractConnector (AbstractConnector.java:doStart(278)) - Started ServerConnector@7ac48e10{HTTP/1.1,[http/1.1]}{0.0.0.0:43284}
2019-10-10 00:01:41,412 [main] INFO  server.Server (Server.java:doStart(419)) - Started @228108ms
2019-10-10 00:01:41,412 [main] WARN  impl.MetricsSystemImpl (MetricsSystemImpl.java:register(276)) - Sink prometheus already exists!
2019-10-10 00:01:41,413 [main] INFO  server.BaseHttpServer (BaseHttpServer.java:updateConnectorAddress(215)) - HTTP server of HDDSDATANODE is listening at http://0.0.0.0:43284
2019-10-10 00:01:41,413 [main] INFO  impl.MetricsSystemImpl (MetricsSystemImpl.java:init(158)) - HddsDatanode metrics system started (again)
2019-10-10 00:01:41,417 [org.apache.hadoop.util.JvmPauseMonitor$Monitor@35ee7722] INFO  util.JvmPauseMonitor (JvmPauseMonitor.java:run(188)) - Starting JVM pause monitor
2019-10-10 00:01:41,418 [main] INFO  ozone.HddsDatanodeService (HddsDatanodeService.java:start(184)) - HddsDatanodeService host:pr-hdds-2194-ljcxr-4216244270 ip:192.168.30.20
2019-10-10 00:01:41,419 [Datanode State Machine Thread - 0] INFO  datanode.InitDatanodeState (InitDatanodeState.java:persistContainerDatanodeDetails(140)) - DatanodeDetails is persisted to /workdir/hadoop-ozone/integration-test/target/test-dir/MiniOzoneClusterImpl-c8dce9f5-5a7e-41b0-972e-b66a6036fa2a/datanode-3/meta/datanode.id
2019-10-10 00:01:41,423 [main] INFO  volume.HddsVolume (HddsVolume.java:<init>(176)) - Creating Volume: /workdir/hadoop-ozone/integration-test/target/test-dir/MiniOzoneClusterImpl-c8dce9f5-5a7e-41b0-972e-b66a6036fa2a/datanode-4/data/containers/hdds of  storage type : DISK and capacity : 1482555576320
2019-10-10 00:01:41,424 [main] INFO  volume.VolumeSet (VolumeSet.java:initializeVolumeSet(170)) - Added Volume : /workdir/hadoop-ozone/integration-test/target/test-dir/MiniOzoneClusterImpl-c8dce9f5-5a7e-41b0-972e-b66a6036fa2a/datanode-4/data/containers/hdds to VolumeSet
2019-10-10 00:01:41,424 [main] INFO  volume.ThrottledAsyncChecker (ThrottledAsyncChecker.java:schedule(141)) - Scheduling a check for org.apache.hadoop.ozone.container.common.volume.HddsVolume@7a0ab480
2019-10-10 00:01:41,424 [main] INFO  volume.HddsVolumeChecker (HddsVolumeChecker.java:checkAllVolumes(204)) - Scheduled health check for volume org.apache.hadoop.ozone.container.common.volume.HddsVolume@7a0ab480
2019-10-10 00:01:41,436 [main] INFO  impl.RaftServerProxy (ConfUtils.java:logGet(43)) - raft.rpc.type = GRPC (default)
2019-10-10 00:01:41,436 [main] INFO  grpc.GrpcFactory (GrpcFactory.java:checkPooledByteBufAllocatorUseCacheForAllThreads(45)) - PERFORMANCE WARNING: useCacheForAllThreads is true that may cause Netty to create a lot garbage objects and, as a result, trigger GC.
	It is recommended to disable useCacheForAllThreads by setting -Dorg.apache.ratis.thirdparty.io.netty.allocator.useCacheForAllThreads=false in command line.
2019-10-10 00:01:41,436 [main] INFO  grpc.GrpcConfigKeys$Server (ConfUtils.java:logGet(43)) - raft.grpc.server.port = 0 (default)
2019-10-10 00:01:41,436 [main] INFO  server.GrpcService (ConfUtils.java:logGet(43)) - raft.grpc.message.size.max = 33570816 (custom)
2019-10-10 00:01:41,437 [main] INFO  server.RaftServerConfigKeys (ConfUtils.java:logGet(43)) - raft.server.log.appender.buffer.byte-limit = 33554432 (custom)
2019-10-10 00:01:41,437 [main] INFO  server.GrpcService (ConfUtils.java:logGet(43)) - raft.grpc.flow.control.window = 1MB (=1048576) (default)
2019-10-10 00:01:41,437 [main] INFO  server.RaftServerConfigKeys (ConfUtils.java:logGet(43)) - raft.server.rpc.request.timeout = 3000ms (default)
2019-10-10 00:01:41,437 [main] INFO  server.RaftServerConfigKeys (ConfUtils.java:logGet(43)) - raft.server.storage.dir = [/workdir/hadoop-ozone/integration-test/target/test-dir/MiniOzoneClusterImpl-c8dce9f5-5a7e-41b0-972e-b66a6036fa2a/datanode-4/data/ratis] (custom)
2019-10-10 00:01:41,438 [main] INFO  hdfs.DFSUtil (DFSUtil.java:httpServerTemplateForNNAndJN(1641)) - Starting Web-server for hddsDatanode at: http://0.0.0.0:0
2019-10-10 00:01:41,439 [main] INFO  server.AuthenticationFilter (AuthenticationFilter.java:constructSecretProvider(240)) - Unable to initialize FileSignerSecretProvider, falling back to use random secrets.
2019-10-10 00:01:41,440 [main] WARN  http.HttpRequestLog (HttpRequestLog.java:getRequestLog(97)) - Jetty request log can only be enabled using Log4j
2019-10-10 00:01:41,441 [main] INFO  http.HttpServer2 (HttpServer2.java:addGlobalFilter(975)) - Added global filter 'safety' (class=org.apache.hadoop.http.HttpServer2$QuotingInputFilter)
2019-10-10 00:01:41,441 [main] INFO  http.HttpServer2 (HttpServer2.java:addFilter(948)) - Added filter static_user_filter (class=org.apache.hadoop.http.lib.StaticUserWebFilter$StaticUserFilter) to context hddsDatanode
2019-10-10 00:01:41,442 [main] INFO  http.HttpServer2 (HttpServer2.java:addFilter(958)) - Added filter static_user_filter (class=org.apache.hadoop.http.lib.StaticUserWebFilter$StaticUserFilter) to context static
2019-10-10 00:01:41,442 [main] INFO  http.HttpServer2 (HttpServer2.java:addFilter(958)) - Added filter static_user_filter (class=org.apache.hadoop.http.lib.StaticUserWebFilter$StaticUserFilter) to context logs
2019-10-10 00:01:41,442 [main] INFO  http.HttpServer2 (HttpServer2.java:bindListener(1191)) - Jetty bound to port 42842
2019-10-10 00:01:41,442 [main] INFO  server.Server (Server.java:doStart(351)) - jetty-9.3.25.v20180904, build timestamp: 2018-09-04T21:11:46Z, git hash: 3ce520221d0240229c862b122d2b06c12a625732
2019-10-10 00:01:41,444 [main] INFO  handler.ContextHandler (ContextHandler.java:doStart(781)) - Started o.e.j.s.ServletContextHandler@2b43f314{/logs,file:///workdir/hadoop-ozone/integration-test/target/log,AVAILABLE}
2019-10-10 00:01:41,444 [main] INFO  handler.ContextHandler (ContextHandler.java:doStart(781)) - Started o.e.j.s.ServletContextHandler@4f3356c0{/static,jar:file:/home/user/.m2/repository/org/apache/hadoop/hadoop-hdds-container-service/0.5.0-SNAPSHOT/hadoop-hdds-container-service-0.5.0-SNAPSHOT.jar!/webapps/static,AVAILABLE}
2019-10-10 00:01:41,469 [main] INFO  handler.ContextHandler (ContextHandler.java:doStart(781)) - Started o.e.j.w.WebAppContext@36c07c75{/,file:///tmp/jetty-0.0.0.0-42842-hddsDatanode-_-any-4549500605674648052.dir/webapp/,AVAILABLE}{/hddsDatanode}
2019-10-10 00:01:41,470 [main] INFO  server.AbstractConnector (AbstractConnector.java:doStart(278)) - Started ServerConnector@6750e381{HTTP/1.1,[http/1.1]}{0.0.0.0:42842}
2019-10-10 00:01:41,472 [main] INFO  server.Server (Server.java:doStart(419)) - Started @228168ms
2019-10-10 00:01:41,472 [main] WARN  impl.MetricsSystemImpl (MetricsSystemImpl.java:register(276)) - Sink prometheus already exists!
2019-10-10 00:01:41,473 [main] INFO  server.BaseHttpServer (BaseHttpServer.java:updateConnectorAddress(215)) - HTTP server of HDDSDATANODE is listening at http://0.0.0.0:42842
2019-10-10 00:01:41,473 [main] INFO  impl.MetricsSystemImpl (MetricsSystemImpl.java:init(158)) - HddsDatanode metrics system started (again)
2019-10-10 00:01:41,477 [org.apache.hadoop.util.JvmPauseMonitor$Monitor@24aafcfe] INFO  util.JvmPauseMonitor (JvmPauseMonitor.java:run(188)) - Starting JVM pause monitor
2019-10-10 00:01:41,478 [main] INFO  ozone.HddsDatanodeService (HddsDatanodeService.java:start(184)) - HddsDatanodeService host:pr-hdds-2194-ljcxr-4216244270 ip:192.168.30.20
2019-10-10 00:01:41,479 [Datanode State Machine Thread - 0] INFO  datanode.InitDatanodeState (InitDatanodeState.java:persistContainerDatanodeDetails(140)) - DatanodeDetails is persisted to /workdir/hadoop-ozone/integration-test/target/test-dir/MiniOzoneClusterImpl-c8dce9f5-5a7e-41b0-972e-b66a6036fa2a/datanode-4/meta/datanode.id
2019-10-10 00:01:41,484 [main] INFO  volume.HddsVolume (HddsVolume.java:<init>(176)) - Creating Volume: /workdir/hadoop-ozone/integration-test/target/test-dir/MiniOzoneClusterImpl-c8dce9f5-5a7e-41b0-972e-b66a6036fa2a/datanode-5/data/containers/hdds of  storage type : DISK and capacity : 1482555576320
2019-10-10 00:01:41,484 [main] INFO  volume.VolumeSet (VolumeSet.java:initializeVolumeSet(170)) - Added Volume : /workdir/hadoop-ozone/integration-test/target/test-dir/MiniOzoneClusterImpl-c8dce9f5-5a7e-41b0-972e-b66a6036fa2a/datanode-5/data/containers/hdds to VolumeSet
2019-10-10 00:01:41,484 [main] INFO  volume.ThrottledAsyncChecker (ThrottledAsyncChecker.java:schedule(141)) - Scheduling a check for org.apache.hadoop.ozone.container.common.volume.HddsVolume@6b4a4e40
2019-10-10 00:01:41,485 [main] INFO  volume.HddsVolumeChecker (HddsVolumeChecker.java:checkAllVolumes(204)) - Scheduled health check for volume org.apache.hadoop.ozone.container.common.volume.HddsVolume@6b4a4e40
2019-10-10 00:01:41,497 [main] INFO  impl.RaftServerProxy (ConfUtils.java:logGet(43)) - raft.rpc.type = GRPC (default)
2019-10-10 00:01:41,497 [main] INFO  grpc.GrpcFactory (GrpcFactory.java:checkPooledByteBufAllocatorUseCacheForAllThreads(45)) - PERFORMANCE WARNING: useCacheForAllThreads is true that may cause Netty to create a lot garbage objects and, as a result, trigger GC.
	It is recommended to disable useCacheForAllThreads by setting -Dorg.apache.ratis.thirdparty.io.netty.allocator.useCacheForAllThreads=false in command line.
2019-10-10 00:01:41,497 [main] INFO  grpc.GrpcConfigKeys$Server (ConfUtils.java:logGet(43)) - raft.grpc.server.port = 0 (default)
2019-10-10 00:01:41,497 [main] INFO  server.GrpcService (ConfUtils.java:logGet(43)) - raft.grpc.message.size.max = 33570816 (custom)
2019-10-10 00:01:41,497 [main] INFO  server.RaftServerConfigKeys (ConfUtils.java:logGet(43)) - raft.server.log.appender.buffer.byte-limit = 33554432 (custom)
2019-10-10 00:01:41,498 [main] INFO  server.GrpcService (ConfUtils.java:logGet(43)) - raft.grpc.flow.control.window = 1MB (=1048576) (default)
2019-10-10 00:01:41,498 [main] INFO  server.RaftServerConfigKeys (ConfUtils.java:logGet(43)) - raft.server.rpc.request.timeout = 3000ms (default)
2019-10-10 00:01:41,498 [main] INFO  server.RaftServerConfigKeys (ConfUtils.java:logGet(43)) - raft.server.storage.dir = [/workdir/hadoop-ozone/integration-test/target/test-dir/MiniOzoneClusterImpl-c8dce9f5-5a7e-41b0-972e-b66a6036fa2a/datanode-5/data/ratis] (custom)
2019-10-10 00:01:41,499 [main] INFO  hdfs.DFSUtil (DFSUtil.java:httpServerTemplateForNNAndJN(1641)) - Starting Web-server for hddsDatanode at: http://0.0.0.0:0
2019-10-10 00:01:41,500 [main] INFO  server.AuthenticationFilter (AuthenticationFilter.java:constructSecretProvider(240)) - Unable to initialize FileSignerSecretProvider, falling back to use random secrets.
2019-10-10 00:01:41,501 [main] WARN  http.HttpRequestLog (HttpRequestLog.java:getRequestLog(97)) - Jetty request log can only be enabled using Log4j
2019-10-10 00:01:41,502 [main] INFO  http.HttpServer2 (HttpServer2.java:addGlobalFilter(975)) - Added global filter 'safety' (class=org.apache.hadoop.http.HttpServer2$QuotingInputFilter)
2019-10-10 00:01:41,502 [main] INFO  http.HttpServer2 (HttpServer2.java:addFilter(948)) - Added filter static_user_filter (class=org.apache.hadoop.http.lib.StaticUserWebFilter$StaticUserFilter) to context hddsDatanode
2019-10-10 00:01:41,502 [main] INFO  http.HttpServer2 (HttpServer2.java:addFilter(958)) - Added filter static_user_filter (class=org.apache.hadoop.http.lib.StaticUserWebFilter$StaticUserFilter) to context static
2019-10-10 00:01:41,502 [main] INFO  http.HttpServer2 (HttpServer2.java:addFilter(958)) - Added filter static_user_filter (class=org.apache.hadoop.http.lib.StaticUserWebFilter$StaticUserFilter) to context logs
2019-10-10 00:01:41,503 [main] INFO  http.HttpServer2 (HttpServer2.java:bindListener(1191)) - Jetty bound to port 42825
2019-10-10 00:01:41,503 [main] INFO  server.Server (Server.java:doStart(351)) - jetty-9.3.25.v20180904, build timestamp: 2018-09-04T21:11:46Z, git hash: 3ce520221d0240229c862b122d2b06c12a625732
2019-10-10 00:01:41,504 [main] INFO  handler.ContextHandler (ContextHandler.java:doStart(781)) - Started o.e.j.s.ServletContextHandler@5bb8e6fc{/logs,file:///workdir/hadoop-ozone/integration-test/target/log,AVAILABLE}
2019-10-10 00:01:41,505 [main] INFO  handler.ContextHandler (ContextHandler.java:doStart(781)) - Started o.e.j.s.ServletContextHandler@72c9ebfa{/static,jar:file:/home/user/.m2/repository/org/apache/hadoop/hadoop-hdds-container-service/0.5.0-SNAPSHOT/hadoop-hdds-container-service-0.5.0-SNAPSHOT.jar!/webapps/static,AVAILABLE}
2019-10-10 00:01:41,531 [main] INFO  handler.ContextHandler (ContextHandler.java:doStart(781)) - Started o.e.j.w.WebAppContext@52ecc989{/,file:///tmp/jetty-0.0.0.0-42825-hddsDatanode-_-any-664775019306282280.dir/webapp/,AVAILABLE}{/hddsDatanode}
2019-10-10 00:01:41,531 [main] INFO  server.AbstractConnector (AbstractConnector.java:doStart(278)) - Started ServerConnector@756808cc{HTTP/1.1,[http/1.1]}{0.0.0.0:42825}
2019-10-10 00:01:41,533 [main] INFO  server.Server (Server.java:doStart(419)) - Started @228230ms
2019-10-10 00:01:41,534 [main] WARN  impl.MetricsSystemImpl (MetricsSystemImpl.java:register(276)) - Sink prometheus already exists!
2019-10-10 00:01:41,534 [main] INFO  server.BaseHttpServer (BaseHttpServer.java:updateConnectorAddress(215)) - HTTP server of HDDSDATANODE is listening at http://0.0.0.0:42825
2019-10-10 00:01:41,534 [main] INFO  impl.MetricsSystemImpl (MetricsSystemImpl.java:init(158)) - HddsDatanode metrics system started (again)
2019-10-10 00:01:41,539 [org.apache.hadoop.util.JvmPauseMonitor$Monitor@131ea6cf] INFO  util.JvmPauseMonitor (JvmPauseMonitor.java:run(188)) - Starting JVM pause monitor
2019-10-10 00:01:41,540 [main] INFO  ozone.HddsDatanodeService (HddsDatanodeService.java:start(184)) - HddsDatanodeService host:pr-hdds-2194-ljcxr-4216244270 ip:192.168.30.20
2019-10-10 00:01:41,540 [Datanode State Machine Thread - 0] INFO  datanode.InitDatanodeState (InitDatanodeState.java:persistContainerDatanodeDetails(140)) - DatanodeDetails is persisted to /workdir/hadoop-ozone/integration-test/target/test-dir/MiniOzoneClusterImpl-c8dce9f5-5a7e-41b0-972e-b66a6036fa2a/datanode-5/meta/datanode.id
2019-10-10 00:01:41,546 [main] INFO  volume.HddsVolume (HddsVolume.java:<init>(176)) - Creating Volume: /workdir/hadoop-ozone/integration-test/target/test-dir/MiniOzoneClusterImpl-c8dce9f5-5a7e-41b0-972e-b66a6036fa2a/datanode-6/data/containers/hdds of  storage type : DISK and capacity : 1482555576320
2019-10-10 00:01:41,547 [main] INFO  volume.VolumeSet (VolumeSet.java:initializeVolumeSet(170)) - Added Volume : /workdir/hadoop-ozone/integration-test/target/test-dir/MiniOzoneClusterImpl-c8dce9f5-5a7e-41b0-972e-b66a6036fa2a/datanode-6/data/containers/hdds to VolumeSet
2019-10-10 00:01:41,547 [main] INFO  volume.ThrottledAsyncChecker (ThrottledAsyncChecker.java:schedule(141)) - Scheduling a check for org.apache.hadoop.ozone.container.common.volume.HddsVolume@238291d4
2019-10-10 00:01:41,547 [main] INFO  volume.HddsVolumeChecker (HddsVolumeChecker.java:checkAllVolumes(204)) - Scheduled health check for volume org.apache.hadoop.ozone.container.common.volume.HddsVolume@238291d4
2019-10-10 00:01:41,561 [main] INFO  impl.RaftServerProxy (ConfUtils.java:logGet(43)) - raft.rpc.type = GRPC (default)
2019-10-10 00:01:41,561 [main] INFO  grpc.GrpcFactory (GrpcFactory.java:checkPooledByteBufAllocatorUseCacheForAllThreads(45)) - PERFORMANCE WARNING: useCacheForAllThreads is true that may cause Netty to create a lot garbage objects and, as a result, trigger GC.
	It is recommended to disable useCacheForAllThreads by setting -Dorg.apache.ratis.thirdparty.io.netty.allocator.useCacheForAllThreads=false in command line.
2019-10-10 00:01:41,561 [main] INFO  grpc.GrpcConfigKeys$Server (ConfUtils.java:logGet(43)) - raft.grpc.server.port = 0 (default)
2019-10-10 00:01:41,561 [main] INFO  server.GrpcService (ConfUtils.java:logGet(43)) - raft.grpc.message.size.max = 33570816 (custom)
2019-10-10 00:01:41,562 [main] INFO  server.RaftServerConfigKeys (ConfUtils.java:logGet(43)) - raft.server.log.appender.buffer.byte-limit = 33554432 (custom)
2019-10-10 00:01:41,562 [main] INFO  server.GrpcService (ConfUtils.java:logGet(43)) - raft.grpc.flow.control.window = 1MB (=1048576) (default)
2019-10-10 00:01:41,562 [main] INFO  server.RaftServerConfigKeys (ConfUtils.java:logGet(43)) - raft.server.rpc.request.timeout = 3000ms (default)
2019-10-10 00:01:41,563 [main] INFO  server.RaftServerConfigKeys (ConfUtils.java:logGet(43)) - raft.server.storage.dir = [/workdir/hadoop-ozone/integration-test/target/test-dir/MiniOzoneClusterImpl-c8dce9f5-5a7e-41b0-972e-b66a6036fa2a/datanode-6/data/ratis] (custom)
2019-10-10 00:01:41,564 [main] INFO  hdfs.DFSUtil (DFSUtil.java:httpServerTemplateForNNAndJN(1641)) - Starting Web-server for hddsDatanode at: http://0.0.0.0:0
2019-10-10 00:01:41,565 [main] INFO  server.AuthenticationFilter (AuthenticationFilter.java:constructSecretProvider(240)) - Unable to initialize FileSignerSecretProvider, falling back to use random secrets.
2019-10-10 00:01:41,566 [main] WARN  http.HttpRequestLog (HttpRequestLog.java:getRequestLog(97)) - Jetty request log can only be enabled using Log4j
2019-10-10 00:01:41,567 [main] INFO  http.HttpServer2 (HttpServer2.java:addGlobalFilter(975)) - Added global filter 'safety' (class=org.apache.hadoop.http.HttpServer2$QuotingInputFilter)
2019-10-10 00:01:41,568 [main] INFO  http.HttpServer2 (HttpServer2.java:addFilter(948)) - Added filter static_user_filter (class=org.apache.hadoop.http.lib.StaticUserWebFilter$StaticUserFilter) to context hddsDatanode
2019-10-10 00:01:41,568 [main] INFO  http.HttpServer2 (HttpServer2.java:addFilter(958)) - Added filter static_user_filter (class=org.apache.hadoop.http.lib.StaticUserWebFilter$StaticUserFilter) to context static
2019-10-10 00:01:41,568 [main] INFO  http.HttpServer2 (HttpServer2.java:addFilter(958)) - Added filter static_user_filter (class=org.apache.hadoop.http.lib.StaticUserWebFilter$StaticUserFilter) to context logs
2019-10-10 00:01:41,569 [main] INFO  http.HttpServer2 (HttpServer2.java:bindListener(1191)) - Jetty bound to port 32859
2019-10-10 00:01:41,569 [main] INFO  server.Server (Server.java:doStart(351)) - jetty-9.3.25.v20180904, build timestamp: 2018-09-04T21:11:46Z, git hash: 3ce520221d0240229c862b122d2b06c12a625732
2019-10-10 00:01:41,571 [main] INFO  handler.ContextHandler (ContextHandler.java:doStart(781)) - Started o.e.j.s.ServletContextHandler@755b5f30{/logs,file:///workdir/hadoop-ozone/integration-test/target/log,AVAILABLE}
2019-10-10 00:01:41,572 [main] INFO  handler.ContextHandler (ContextHandler.java:doStart(781)) - Started o.e.j.s.ServletContextHandler@272778ae{/static,jar:file:/home/user/.m2/repository/org/apache/hadoop/hadoop-hdds-container-service/0.5.0-SNAPSHOT/hadoop-hdds-container-service-0.5.0-SNAPSHOT.jar!/webapps/static,AVAILABLE}
2019-10-10 00:01:41,611 [main] INFO  handler.ContextHandler (ContextHandler.java:doStart(781)) - Started o.e.j.w.WebAppContext@77083e41{/,file:///tmp/jetty-0.0.0.0-32859-hddsDatanode-_-any-6458490480278752713.dir/webapp/,AVAILABLE}{/hddsDatanode}
2019-10-10 00:01:41,612 [main] INFO  server.AbstractConnector (AbstractConnector.java:doStart(278)) - Started ServerConnector@231df705{HTTP/1.1,[http/1.1]}{0.0.0.0:32859}
2019-10-10 00:01:41,614 [main] INFO  server.Server (Server.java:doStart(419)) - Started @228310ms
2019-10-10 00:01:41,614 [main] WARN  impl.MetricsSystemImpl (MetricsSystemImpl.java:register(276)) - Sink prometheus already exists!
2019-10-10 00:01:41,615 [main] INFO  server.BaseHttpServer (BaseHttpServer.java:updateConnectorAddress(215)) - HTTP server of HDDSDATANODE is listening at http://0.0.0.0:32859
2019-10-10 00:01:41,615 [main] INFO  ozone.MiniOzoneClusterImpl (MiniOzoneClusterImpl.java:lambda$waitForClusterToBeReady$0(147)) - Waiting for cluster to be ready. Got 0 of 7 DN Heartbeats.
2019-10-10 00:01:41,617 [org.apache.hadoop.util.JvmPauseMonitor$Monitor@14f66c3d] INFO  util.JvmPauseMonitor (JvmPauseMonitor.java:run(188)) - Starting JVM pause monitor
2019-10-10 00:01:41,618 [Datanode State Machine Thread - 0] INFO  datanode.InitDatanodeState (InitDatanodeState.java:persistContainerDatanodeDetails(140)) - DatanodeDetails is persisted to /workdir/hadoop-ozone/integration-test/target/test-dir/MiniOzoneClusterImpl-c8dce9f5-5a7e-41b0-972e-b66a6036fa2a/datanode-6/meta/datanode.id
2019-10-10 00:01:42,616 [main] INFO  ozone.MiniOzoneClusterImpl (MiniOzoneClusterImpl.java:lambda$waitForClusterToBeReady$0(147)) - Waiting for cluster to be ready. Got 0 of 7 DN Heartbeats.
2019-10-10 00:01:43,259 [Datanode State Machine Thread - 0] INFO  ozoneimpl.OzoneContainer (OzoneContainer.java:start(213)) - Attempting to start container services.
2019-10-10 00:01:43,260 [Datanode State Machine Thread - 0] INFO  ozoneimpl.OzoneContainer (OzoneContainer.java:startContainerScrub(177)) - Background container scanner has been disabled.
2019-10-10 00:01:43,260 [Datanode State Machine Thread - 0] INFO  ratis.XceiverServerRatis (XceiverServerRatis.java:start(418)) - Starting XceiverServerRatis c9e65df3-45bf-4dd6-ae39-7ce62a01d289 at port 0
2019-10-10 00:01:43,267 [Datanode State Machine Thread - 0] INFO  impl.RaftServerProxy (RaftServerProxy.java:lambda$start$3(299)) - c9e65df3-45bf-4dd6-ae39-7ce62a01d289: start RPC server
2019-10-10 00:01:43,271 [Datanode State Machine Thread - 0] INFO  server.GrpcService (GrpcService.java:startImpl(158)) - c9e65df3-45bf-4dd6-ae39-7ce62a01d289: GrpcService started, listening on 0.0.0.0/0.0.0.0:45118
2019-10-10 00:01:43,273 [Datanode State Machine Thread - 0] INFO  ratis.XceiverServerRatis (XceiverServerRatis.java:start(428)) - XceiverServerRatis c9e65df3-45bf-4dd6-ae39-7ce62a01d289 is started using port 45118
2019-10-10 00:01:43,281 [Datanode State Machine Thread - 0] INFO  server.XceiverServerGrpc (XceiverServerGrpc.java:start(149)) - XceiverServerGrpc c9e65df3-45bf-4dd6-ae39-7ce62a01d289 is started using port 39931
2019-10-10 00:01:43,299 [Datanode State Machine Thread - 0] INFO  ozoneimpl.OzoneContainer (OzoneContainer.java:start(213)) - Attempting to start container services.
2019-10-10 00:01:43,300 [Datanode State Machine Thread - 0] INFO  ozoneimpl.OzoneContainer (OzoneContainer.java:startContainerScrub(177)) - Background container scanner has been disabled.
2019-10-10 00:01:43,300 [Datanode State Machine Thread - 0] INFO  ratis.XceiverServerRatis (XceiverServerRatis.java:start(418)) - Starting XceiverServerRatis 25cab065-c995-47b0-a463-90382842bb3e at port 0
2019-10-10 00:01:43,304 [Datanode State Machine Thread - 0] INFO  impl.RaftServerProxy (RaftServerProxy.java:lambda$start$3(299)) - 25cab065-c995-47b0-a463-90382842bb3e: start RPC server
2019-10-10 00:01:43,307 [Datanode State Machine Thread - 0] INFO  server.GrpcService (GrpcService.java:startImpl(158)) - 25cab065-c995-47b0-a463-90382842bb3e: GrpcService started, listening on 0.0.0.0/0.0.0.0:38858
2019-10-10 00:01:43,307 [Datanode State Machine Thread - 0] INFO  ratis.XceiverServerRatis (XceiverServerRatis.java:start(428)) - XceiverServerRatis 25cab065-c995-47b0-a463-90382842bb3e is started using port 38858
2019-10-10 00:01:43,307 [Datanode State Machine Thread - 0] INFO  server.XceiverServerGrpc (XceiverServerGrpc.java:start(149)) - XceiverServerGrpc 25cab065-c995-47b0-a463-90382842bb3e is started using port 43673
2019-10-10 00:01:43,370 [Datanode State Machine Thread - 0] INFO  ozoneimpl.OzoneContainer (OzoneContainer.java:start(213)) - Attempting to start container services.
2019-10-10 00:01:43,370 [Datanode State Machine Thread - 0] INFO  ozoneimpl.OzoneContainer (OzoneContainer.java:startContainerScrub(177)) - Background container scanner has been disabled.
2019-10-10 00:01:43,371 [Datanode State Machine Thread - 0] INFO  ratis.XceiverServerRatis (XceiverServerRatis.java:start(418)) - Starting XceiverServerRatis 8f652a8f-83fc-485f-8261-ffc4a6489a4f at port 0
2019-10-10 00:01:43,377 [Datanode State Machine Thread - 0] INFO  impl.RaftServerProxy (RaftServerProxy.java:lambda$start$3(299)) - 8f652a8f-83fc-485f-8261-ffc4a6489a4f: start RPC server
2019-10-10 00:01:43,377 [Datanode State Machine Thread - 0] INFO  server.GrpcService (GrpcService.java:startImpl(158)) - 8f652a8f-83fc-485f-8261-ffc4a6489a4f: GrpcService started, listening on 0.0.0.0/0.0.0.0:32785
2019-10-10 00:01:43,378 [Datanode State Machine Thread - 0] INFO  ratis.XceiverServerRatis (XceiverServerRatis.java:start(428)) - XceiverServerRatis 8f652a8f-83fc-485f-8261-ffc4a6489a4f is started using port 32785
2019-10-10 00:01:43,378 [Datanode State Machine Thread - 0] INFO  server.XceiverServerGrpc (XceiverServerGrpc.java:start(149)) - XceiverServerGrpc 8f652a8f-83fc-485f-8261-ffc4a6489a4f is started using port 34364
2019-10-10 00:01:43,432 [Datanode State Machine Thread - 0] INFO  ozoneimpl.OzoneContainer (OzoneContainer.java:start(213)) - Attempting to start container services.
2019-10-10 00:01:43,432 [Datanode State Machine Thread - 0] INFO  ozoneimpl.OzoneContainer (OzoneContainer.java:startContainerScrub(177)) - Background container scanner has been disabled.
2019-10-10 00:01:43,433 [Datanode State Machine Thread - 0] INFO  ratis.XceiverServerRatis (XceiverServerRatis.java:start(418)) - Starting XceiverServerRatis e29b9466-7351-4886-b5e2-e152884e8580 at port 0
2019-10-10 00:01:43,440 [Datanode State Machine Thread - 0] INFO  impl.RaftServerProxy (RaftServerProxy.java:lambda$start$3(299)) - e29b9466-7351-4886-b5e2-e152884e8580: start RPC server
2019-10-10 00:01:43,441 [Datanode State Machine Thread - 0] INFO  server.GrpcService (GrpcService.java:startImpl(158)) - e29b9466-7351-4886-b5e2-e152884e8580: GrpcService started, listening on 0.0.0.0/0.0.0.0:46073
2019-10-10 00:01:43,441 [Datanode State Machine Thread - 0] INFO  ratis.XceiverServerRatis (XceiverServerRatis.java:start(428)) - XceiverServerRatis e29b9466-7351-4886-b5e2-e152884e8580 is started using port 46073
2019-10-10 00:01:43,441 [Datanode State Machine Thread - 0] INFO  server.XceiverServerGrpc (XceiverServerGrpc.java:start(149)) - XceiverServerGrpc e29b9466-7351-4886-b5e2-e152884e8580 is started using port 35349
2019-10-10 00:01:43,503 [Datanode State Machine Thread - 0] INFO  ozoneimpl.OzoneContainer (OzoneContainer.java:start(213)) - Attempting to start container services.
2019-10-10 00:01:43,504 [Datanode State Machine Thread - 0] INFO  ozoneimpl.OzoneContainer (OzoneContainer.java:startContainerScrub(177)) - Background container scanner has been disabled.
2019-10-10 00:01:43,504 [Datanode State Machine Thread - 0] INFO  ratis.XceiverServerRatis (XceiverServerRatis.java:start(418)) - Starting XceiverServerRatis a8ced4b5-6d88-493d-8e29-f3136537723d at port 0
2019-10-10 00:01:43,508 [Datanode State Machine Thread - 0] INFO  impl.RaftServerProxy (RaftServerProxy.java:lambda$start$3(299)) - a8ced4b5-6d88-493d-8e29-f3136537723d: start RPC server
2019-10-10 00:01:43,509 [Datanode State Machine Thread - 0] INFO  server.GrpcService (GrpcService.java:startImpl(158)) - a8ced4b5-6d88-493d-8e29-f3136537723d: GrpcService started, listening on 0.0.0.0/0.0.0.0:45352
2019-10-10 00:01:43,509 [Datanode State Machine Thread - 0] INFO  ratis.XceiverServerRatis (XceiverServerRatis.java:start(428)) - XceiverServerRatis a8ced4b5-6d88-493d-8e29-f3136537723d is started using port 45352
2019-10-10 00:01:43,509 [Datanode State Machine Thread - 0] INFO  server.XceiverServerGrpc (XceiverServerGrpc.java:start(149)) - XceiverServerGrpc a8ced4b5-6d88-493d-8e29-f3136537723d is started using port 35887
2019-10-10 00:01:43,554 [Datanode State Machine Thread - 0] INFO  ozoneimpl.OzoneContainer (OzoneContainer.java:start(213)) - Attempting to start container services.
2019-10-10 00:01:43,554 [Datanode State Machine Thread - 0] INFO  ozoneimpl.OzoneContainer (OzoneContainer.java:startContainerScrub(177)) - Background container scanner has been disabled.
2019-10-10 00:01:43,554 [Datanode State Machine Thread - 0] INFO  ratis.XceiverServerRatis (XceiverServerRatis.java:start(418)) - Starting XceiverServerRatis 529a44ef-bbfe-4f75-bb16-a8c2613c2992 at port 0
2019-10-10 00:01:43,560 [Datanode State Machine Thread - 0] INFO  impl.RaftServerProxy (RaftServerProxy.java:lambda$start$3(299)) - 529a44ef-bbfe-4f75-bb16-a8c2613c2992: start RPC server
2019-10-10 00:01:43,561 [Datanode State Machine Thread - 0] INFO  server.GrpcService (GrpcService.java:startImpl(158)) - 529a44ef-bbfe-4f75-bb16-a8c2613c2992: GrpcService started, listening on 0.0.0.0/0.0.0.0:39709
2019-10-10 00:01:43,561 [Datanode State Machine Thread - 0] INFO  ratis.XceiverServerRatis (XceiverServerRatis.java:start(428)) - XceiverServerRatis 529a44ef-bbfe-4f75-bb16-a8c2613c2992 is started using port 39709
2019-10-10 00:01:43,561 [Datanode State Machine Thread - 0] INFO  server.XceiverServerGrpc (XceiverServerGrpc.java:start(149)) - XceiverServerGrpc 529a44ef-bbfe-4f75-bb16-a8c2613c2992 is started using port 39217
2019-10-10 00:01:43,617 [main] INFO  ozone.MiniOzoneClusterImpl (MiniOzoneClusterImpl.java:lambda$waitForClusterToBeReady$0(147)) - Waiting for cluster to be ready. Got 0 of 7 DN Heartbeats.
2019-10-10 00:01:43,634 [Datanode State Machine Thread - 0] INFO  ozoneimpl.OzoneContainer (OzoneContainer.java:start(213)) - Attempting to start container services.
2019-10-10 00:01:43,635 [Datanode State Machine Thread - 0] INFO  ozoneimpl.OzoneContainer (OzoneContainer.java:startContainerScrub(177)) - Background container scanner has been disabled.
2019-10-10 00:01:43,635 [Datanode State Machine Thread - 0] INFO  ratis.XceiverServerRatis (XceiverServerRatis.java:start(418)) - Starting XceiverServerRatis 5b86d9ca-52cc-4995-ab70-5af1072a8d6e at port 0
2019-10-10 00:01:43,644 [Datanode State Machine Thread - 0] INFO  impl.RaftServerProxy (RaftServerProxy.java:lambda$start$3(299)) - 5b86d9ca-52cc-4995-ab70-5af1072a8d6e: start RPC server
2019-10-10 00:01:43,645 [Datanode State Machine Thread - 0] INFO  server.GrpcService (GrpcService.java:startImpl(158)) - 5b86d9ca-52cc-4995-ab70-5af1072a8d6e: GrpcService started, listening on 0.0.0.0/0.0.0.0:33714
2019-10-10 00:01:43,645 [Datanode State Machine Thread - 0] INFO  ratis.XceiverServerRatis (XceiverServerRatis.java:start(428)) - XceiverServerRatis 5b86d9ca-52cc-4995-ab70-5af1072a8d6e is started using port 33714
2019-10-10 00:01:43,645 [Datanode State Machine Thread - 0] INFO  server.XceiverServerGrpc (XceiverServerGrpc.java:start(149)) - XceiverServerGrpc 5b86d9ca-52cc-4995-ab70-5af1072a8d6e is started using port 41485
2019-10-10 00:01:44,617 [main] INFO  ozone.MiniOzoneClusterImpl (MiniOzoneClusterImpl.java:lambda$waitForClusterToBeReady$0(147)) - Waiting for cluster to be ready. Got 0 of 7 DN Heartbeats.
2019-10-10 00:01:45,209 [IPC Server handler 2 on 35563] INFO  net.NetworkTopology (NetworkTopologyImpl.java:add(111)) - Added a new node: /default-rack/c9e65df3-45bf-4dd6-ae39-7ce62a01d289
2019-10-10 00:01:45,212 [IPC Server handler 2 on 35563] INFO  node.SCMNodeManager (SCMNodeManager.java:register(268)) - Registered Data node : c9e65df3-45bf-4dd6-ae39-7ce62a01d289{ip: 192.168.30.20, host: pr-hdds-2194-ljcxr-4216244270, networkLocation: /default-rack, certSerialId: null}
2019-10-10 00:01:45,212 [EventQueue-NodeRegistrationContainerReportForDataNodeSafeModeRule] INFO  safemode.SCMSafeModeManager (DataNodeSafeModeRule.java:process(71)) - SCM in safe mode. 1 DataNodes registered, 1 required.
2019-10-10 00:01:45,214 [EventQueue-NodeRegistrationContainerReportForDataNodeSafeModeRule] INFO  safemode.SCMSafeModeManager (SCMSafeModeManager.java:validateSafeModeExitRules(177)) - ScmSafeModeManager, all rules are successfully validated
2019-10-10 00:01:45,214 [EventQueue-NodeRegistrationContainerReportForDataNodeSafeModeRule] INFO  safemode.SCMSafeModeManager (SCMSafeModeManager.java:exitSafeMode(193)) - SCM exiting safe mode.
2019-10-10 00:01:45,224 [grpc-default-executor-5] INFO  impl.RaftServerProxy (RaftServerProxy.java:addNew(89)) - c9e65df3-45bf-4dd6-ae39-7ce62a01d289: addNew group-AFBC2FC5FF82:[c9e65df3-45bf-4dd6-ae39-7ce62a01d289:192.168.30.20:45118] returns group-AFBC2FC5FF82:java.util.concurrent.CompletableFuture@57b294e[Not completed]
2019-10-10 00:01:45,226 [pool-383-thread-1] INFO  impl.RaftServerImpl (RaftServerImpl.java:<init>(95)) - c9e65df3-45bf-4dd6-ae39-7ce62a01d289: new RaftServerImpl for group-AFBC2FC5FF82:[c9e65df3-45bf-4dd6-ae39-7ce62a01d289:192.168.30.20:45118] with ContainerStateMachine:uninitialized
2019-10-10 00:01:45,226 [pool-383-thread-1] INFO  server.RaftServerConfigKeys (ConfUtils.java:logGet(43)) - raft.server.rpc.timeout.min = 5s (custom)
2019-10-10 00:01:45,226 [pool-383-thread-1] INFO  server.RaftServerConfigKeys (ConfUtils.java:logGet(43)) - raft.server.rpc.timeout.max = 5200ms (custom)
2019-10-10 00:01:45,226 [pool-383-thread-1] INFO  server.RaftServerConfigKeys (ConfUtils.java:logGet(43)) - raft.server.rpcslowness.timeout = 120s (custom)
2019-10-10 00:01:45,226 [pool-383-thread-1] INFO  server.RaftServerConfigKeys (ConfUtils.java:logGet(43)) - raft.server.sleep.deviation.threshold = 300 (default)
2019-10-10 00:01:45,226 [pool-383-thread-1] INFO  server.RaftServerConfigKeys (ConfUtils.java:logGet(43)) - raft.server.log.appender.install.snapshot.enabled = false (custom)
2019-10-10 00:01:45,226 [pool-383-thread-1] INFO  impl.RaftServerImpl (ServerState.java:<init>(103)) - c9e65df3-45bf-4dd6-ae39-7ce62a01d289@group-AFBC2FC5FF82: ConfigurationManager, init=-1: [c9e65df3-45bf-4dd6-ae39-7ce62a01d289:192.168.30.20:45118], old=null, confs=<EMPTY_MAP>
2019-10-10 00:01:45,226 [pool-383-thread-1] INFO  server.RaftServerConfigKeys (ConfUtils.java:logGet(43)) - raft.server.storage.dir = [/workdir/hadoop-ozone/integration-test/target/test-dir/MiniOzoneClusterImpl-c8dce9f5-5a7e-41b0-972e-b66a6036fa2a/datanode-0/data/ratis] (custom)
2019-10-10 00:01:45,227 [pool-383-thread-1] INFO  server.RaftServerConfigKeys (ConfUtils.java:logGet(43)) - raft.server.log.corruption.policy = EXCEPTION (default)
2019-10-10 00:01:45,227 [pool-383-thread-1] INFO  storage.RaftStorageDirectory (RaftStorageDirectory.java:analyzeStorage(246)) - The storage directory /workdir/hadoop-ozone/integration-test/target/test-dir/MiniOzoneClusterImpl-c8dce9f5-5a7e-41b0-972e-b66a6036fa2a/datanode-0/data/ratis/31dce2b2-649a-40bb-a34b-afbc2fc5ff82 does not exist. Creating ...
2019-10-10 00:01:45,232 [pool-383-thread-1] INFO  storage.RaftStorageDirectory (RaftStorageDirectory.java:tryLock(328)) - Lock on /workdir/hadoop-ozone/integration-test/target/test-dir/MiniOzoneClusterImpl-c8dce9f5-5a7e-41b0-972e-b66a6036fa2a/datanode-0/data/ratis/31dce2b2-649a-40bb-a34b-afbc2fc5ff82/in_use.lock acquired by nodename 9599@pr-hdds-2194-ljcxr-4216244270
2019-10-10 00:01:45,244 [pool-383-thread-1] INFO  storage.RaftStorage (RaftStorage.java:format(84)) - Storage directory /workdir/hadoop-ozone/integration-test/target/test-dir/MiniOzoneClusterImpl-c8dce9f5-5a7e-41b0-972e-b66a6036fa2a/datanode-0/data/ratis/31dce2b2-649a-40bb-a34b-afbc2fc5ff82 has been successfully formatted.
2019-10-10 00:01:45,244 [pool-383-thread-1] INFO  ratis.ContainerStateMachine (ContainerStateMachine.java:loadSnapshot(231)) - group-AFBC2FC5FF82: The snapshot info is null. Setting the last applied indexto:(t:0, i:~)
2019-10-10 00:01:45,245 [pool-383-thread-1] INFO  server.RaftServerConfigKeys (ConfUtils.java:logGet(43)) - raft.server.notification.no-leader.timeout = 120s (custom)
2019-10-10 00:01:45,245 [pool-383-thread-1] INFO  server.RaftServerConfigKeys (ConfUtils.java:logGet(43)) - raft.server.log.use.memory = false (default)
2019-10-10 00:01:45,245 [pool-383-thread-1] INFO  server.RaftServerConfigKeys (ConfUtils.java:logGet(43)) - raft.server.log.purge.gap = 1000000 (custom)
2019-10-10 00:01:45,245 [pool-383-thread-1] INFO  server.RaftServerConfigKeys (ConfUtils.java:logGet(43)) - raft.server.log.appender.buffer.byte-limit = 33554432 (custom)
2019-10-10 00:01:45,245 [pool-383-thread-1] INFO  server.RaftServerConfigKeys (ConfUtils.java:logGet(43)) - raft.server.log.segment.size.max = 1048576 (custom)
2019-10-10 00:01:45,247 [pool-383-thread-1] INFO  server.RaftServerConfigKeys (ConfUtils.java:logGet(43)) - raft.server.log.segment.cache.num.max = 2 (custom)
2019-10-10 00:01:45,247 [pool-383-thread-1] INFO  segmented.SegmentedRaftLogWorker (SegmentedRaftLogWorker.java:<init>(173)) - new c9e65df3-45bf-4dd6-ae39-7ce62a01d289@group-AFBC2FC5FF82-SegmentedRaftLogWorker for RaftStorage:Storage Directory /workdir/hadoop-ozone/integration-test/target/test-dir/MiniOzoneClusterImpl-c8dce9f5-5a7e-41b0-972e-b66a6036fa2a/datanode-0/data/ratis/31dce2b2-649a-40bb-a34b-afbc2fc5ff82
2019-10-10 00:01:45,247 [pool-383-thread-1] INFO  server.RaftServerConfigKeys (ConfUtils.java:logGet(43)) - raft.server.log.queue.byte-limit = 2147483647 (custom)
2019-10-10 00:01:45,247 [pool-383-thread-1] INFO  server.RaftServerConfigKeys (ConfUtils.java:logGet(43)) - raft.server.log.queue.element-limit = 1024 (custom)
2019-10-10 00:01:45,248 [pool-383-thread-1] INFO  server.RaftServerConfigKeys (ConfUtils.java:logGet(43)) - raft.server.log.segment.size.max = 1048576 (custom)
2019-10-10 00:01:45,248 [pool-383-thread-1] INFO  server.RaftServerConfigKeys (ConfUtils.java:logGet(43)) - raft.server.log.preallocated.size = 16384 (custom)
2019-10-10 00:01:45,248 [pool-383-thread-1] INFO  server.RaftServerConfigKeys (ConfUtils.java:logGet(43)) - raft.server.log.write.buffer.size = 33554432 (custom)
2019-10-10 00:01:45,248 [pool-383-thread-1] INFO  server.RaftServerConfigKeys (ConfUtils.java:logGet(43)) - raft.server.log.force.sync.num = 128 (default)
2019-10-10 00:01:45,248 [pool-383-thread-1] INFO  server.RaftServerConfigKeys (ConfUtils.java:logGet(43)) - raft.server.log.statemachine.data.sync = true (default)
2019-10-10 00:01:45,248 [pool-383-thread-1] INFO  server.RaftServerConfigKeys (ConfUtils.java:logGet(43)) - raft.server.log.statemachine.data.sync.timeout = 10s (default)
2019-10-10 00:01:45,248 [pool-383-thread-1] INFO  server.RaftServerConfigKeys (ConfUtils.java:logGet(43)) - raft.server.log.statemachine.data.sync.timeout.retry = -1 (default)
2019-10-10 00:01:45,249 [pool-383-thread-1] INFO  server.RaftServerConfigKeys (ConfUtils.java:logGet(43)) - raft.server.log.statemachine.data.caching.enabled = true (custom)
2019-10-10 00:01:45,249 [pool-383-thread-1] INFO  segmented.SegmentedRaftLogWorker (SegmentedRaftLogWorker.java:lambda$new$0(128)) - c9e65df3-45bf-4dd6-ae39-7ce62a01d289@group-AFBC2FC5FF82-SegmentedRaftLogWorker: flushIndex: setUnconditionally 0 -> -1
2019-10-10 00:01:45,249 [pool-383-thread-1] INFO  server.RaftServerConfigKeys (ConfUtils.java:logGet(43)) - raft.server.snapshot.auto.trigger.enabled = true (custom)
2019-10-10 00:01:45,249 [pool-383-thread-1] INFO  server.RaftServerConfigKeys (ConfUtils.java:logGet(43)) - raft.server.snapshot.auto.trigger.threshold = 10000 (custom)
2019-10-10 00:01:45,249 [pool-383-thread-1] INFO  server.RaftServerConfigKeys (ConfUtils.java:logGet(43)) - raft.server.snapshot.retention.file.num = 5 (custom)
2019-10-10 00:01:45,250 [pool-383-thread-1] INFO  server.RaftServerConfigKeys (ConfUtils.java:logGet(43)) - raft.server.retrycache.expirytime = 600000ms (custom)
2019-10-10 00:01:45,251 [pool-383-thread-1] INFO  impl.RaftServerImpl (RaftServerImpl.java:start(181)) - c9e65df3-45bf-4dd6-ae39-7ce62a01d289@group-AFBC2FC5FF82: start as a follower, conf=-1: [c9e65df3-45bf-4dd6-ae39-7ce62a01d289:192.168.30.20:45118], old=null
2019-10-10 00:01:45,251 [pool-383-thread-1] INFO  impl.RaftServerImpl (RaftServerImpl.java:setRole(170)) - c9e65df3-45bf-4dd6-ae39-7ce62a01d289@group-AFBC2FC5FF82: changes role from      null to FOLLOWER at term 0 for startAsFollower
2019-10-10 00:01:45,251 [pool-383-thread-1] INFO  impl.RoleInfo (RoleInfo.java:updateAndGet(143)) - c9e65df3-45bf-4dd6-ae39-7ce62a01d289: start FollowerState
2019-10-10 00:01:45,252 [pool-383-thread-1] INFO  util.JmxRegister (JmxRegister.java:tryRegister(44)) - Successfully registered JMX Bean with object name Ratis:service=RaftServer,group=group-AFBC2FC5FF82,id=c9e65df3-45bf-4dd6-ae39-7ce62a01d289
2019-10-10 00:01:45,255 [RatisPipelineUtilsThread] INFO  pipeline.PipelineStateManager (PipelineStateManager.java:addPipeline(56)) - Created pipeline Pipeline[ Id: 31dce2b2-649a-40bb-a34b-afbc2fc5ff82, Nodes: c9e65df3-45bf-4dd6-ae39-7ce62a01d289{ip: 192.168.30.20, host: pr-hdds-2194-ljcxr-4216244270, networkLocation: /default-rack, certSerialId: null}, Type:RATIS, Factor:ONE, State:OPEN]
2019-10-10 00:01:45,272 [IPC Server handler 3 on 35563] INFO  net.NetworkTopology (NetworkTopologyImpl.java:add(111)) - Added a new node: /default-rack/25cab065-c995-47b0-a463-90382842bb3e
2019-10-10 00:01:45,272 [IPC Server handler 3 on 35563] INFO  node.SCMNodeManager (SCMNodeManager.java:register(268)) - Registered Data node : 25cab065-c995-47b0-a463-90382842bb3e{ip: 192.168.30.20, host: pr-hdds-2194-ljcxr-4216244270, networkLocation: /default-rack, certSerialId: null}
2019-10-10 00:01:45,280 [grpc-default-executor-5] INFO  impl.RaftServerProxy (RaftServerProxy.java:addNew(89)) - 25cab065-c995-47b0-a463-90382842bb3e: addNew group-DC94A63A9D74:[25cab065-c995-47b0-a463-90382842bb3e:192.168.30.20:38858] returns group-DC94A63A9D74:java.util.concurrent.CompletableFuture@5ca7f61e[Not completed]
2019-10-10 00:01:45,281 [pool-393-thread-1] INFO  impl.RaftServerImpl (RaftServerImpl.java:<init>(95)) - 25cab065-c995-47b0-a463-90382842bb3e: new RaftServerImpl for group-DC94A63A9D74:[25cab065-c995-47b0-a463-90382842bb3e:192.168.30.20:38858] with ContainerStateMachine:uninitialized
2019-10-10 00:01:45,281 [pool-393-thread-1] INFO  server.RaftServerConfigKeys (ConfUtils.java:logGet(43)) - raft.server.rpc.timeout.min = 5s (custom)
2019-10-10 00:01:45,281 [pool-393-thread-1] INFO  server.RaftServerConfigKeys (ConfUtils.java:logGet(43)) - raft.server.rpc.timeout.max = 5200ms (custom)
2019-10-10 00:01:45,282 [pool-393-thread-1] INFO  server.RaftServerConfigKeys (ConfUtils.java:logGet(43)) - raft.server.rpcslowness.timeout = 120s (custom)
2019-10-10 00:01:45,282 [pool-393-thread-1] INFO  server.RaftServerConfigKeys (ConfUtils.java:logGet(43)) - raft.server.sleep.deviation.threshold = 300 (default)
2019-10-10 00:01:45,282 [pool-393-thread-1] INFO  server.RaftServerConfigKeys (ConfUtils.java:logGet(43)) - raft.server.log.appender.install.snapshot.enabled = false (custom)
2019-10-10 00:01:45,282 [pool-393-thread-1] INFO  impl.RaftServerImpl (ServerState.java:<init>(103)) - 25cab065-c995-47b0-a463-90382842bb3e@group-DC94A63A9D74: ConfigurationManager, init=-1: [25cab065-c995-47b0-a463-90382842bb3e:192.168.30.20:38858], old=null, confs=<EMPTY_MAP>
2019-10-10 00:01:45,282 [pool-393-thread-1] INFO  server.RaftServerConfigKeys (ConfUtils.java:logGet(43)) - raft.server.storage.dir = [/workdir/hadoop-ozone/integration-test/target/test-dir/MiniOzoneClusterImpl-c8dce9f5-5a7e-41b0-972e-b66a6036fa2a/datanode-1/data/ratis] (custom)
2019-10-10 00:01:45,282 [pool-393-thread-1] INFO  server.RaftServerConfigKeys (ConfUtils.java:logGet(43)) - raft.server.log.corruption.policy = EXCEPTION (default)
2019-10-10 00:01:45,283 [pool-393-thread-1] INFO  storage.RaftStorageDirectory (RaftStorageDirectory.java:analyzeStorage(246)) - The storage directory /workdir/hadoop-ozone/integration-test/target/test-dir/MiniOzoneClusterImpl-c8dce9f5-5a7e-41b0-972e-b66a6036fa2a/datanode-1/data/ratis/97ffa5f2-dffc-4ed3-aa0a-dc94a63a9d74 does not exist. Creating ...
2019-10-10 00:01:45,295 [pool-393-thread-1] INFO  storage.RaftStorageDirectory (RaftStorageDirectory.java:tryLock(328)) - Lock on /workdir/hadoop-ozone/integration-test/target/test-dir/MiniOzoneClusterImpl-c8dce9f5-5a7e-41b0-972e-b66a6036fa2a/datanode-1/data/ratis/97ffa5f2-dffc-4ed3-aa0a-dc94a63a9d74/in_use.lock acquired by nodename 9599@pr-hdds-2194-ljcxr-4216244270
2019-10-10 00:01:45,299 [pool-393-thread-1] INFO  storage.RaftStorage (RaftStorage.java:format(84)) - Storage directory /workdir/hadoop-ozone/integration-test/target/test-dir/MiniOzoneClusterImpl-c8dce9f5-5a7e-41b0-972e-b66a6036fa2a/datanode-1/data/ratis/97ffa5f2-dffc-4ed3-aa0a-dc94a63a9d74 has been successfully formatted.
2019-10-10 00:01:45,299 [pool-393-thread-1] INFO  ratis.ContainerStateMachine (ContainerStateMachine.java:loadSnapshot(231)) - group-DC94A63A9D74: The snapshot info is null. Setting the last applied indexto:(t:0, i:~)
2019-10-10 00:01:45,299 [pool-393-thread-1] INFO  server.RaftServerConfigKeys (ConfUtils.java:logGet(43)) - raft.server.notification.no-leader.timeout = 120s (custom)
2019-10-10 00:01:45,299 [pool-393-thread-1] INFO  server.RaftServerConfigKeys (ConfUtils.java:logGet(43)) - raft.server.log.use.memory = false (default)
2019-10-10 00:01:45,299 [pool-393-thread-1] INFO  server.RaftServerConfigKeys (ConfUtils.java:logGet(43)) - raft.server.log.purge.gap = 1000000 (custom)
2019-10-10 00:01:45,299 [pool-393-thread-1] INFO  server.RaftServerConfigKeys (ConfUtils.java:logGet(43)) - raft.server.log.appender.buffer.byte-limit = 33554432 (custom)
2019-10-10 00:01:45,300 [pool-393-thread-1] INFO  server.RaftServerConfigKeys (ConfUtils.java:logGet(43)) - raft.server.log.segment.size.max = 1048576 (custom)
2019-10-10 00:01:45,303 [pool-393-thread-1] INFO  server.RaftServerConfigKeys (ConfUtils.java:logGet(43)) - raft.server.log.segment.cache.num.max = 2 (custom)
2019-10-10 00:01:45,303 [pool-393-thread-1] INFO  segmented.SegmentedRaftLogWorker (SegmentedRaftLogWorker.java:<init>(173)) - new 25cab065-c995-47b0-a463-90382842bb3e@group-DC94A63A9D74-SegmentedRaftLogWorker for RaftStorage:Storage Directory /workdir/hadoop-ozone/integration-test/target/test-dir/MiniOzoneClusterImpl-c8dce9f5-5a7e-41b0-972e-b66a6036fa2a/datanode-1/data/ratis/97ffa5f2-dffc-4ed3-aa0a-dc94a63a9d74
2019-10-10 00:01:45,303 [pool-393-thread-1] INFO  server.RaftServerConfigKeys (ConfUtils.java:logGet(43)) - raft.server.log.queue.byte-limit = 2147483647 (custom)
2019-10-10 00:01:45,303 [pool-393-thread-1] INFO  server.RaftServerConfigKeys (ConfUtils.java:logGet(43)) - raft.server.log.queue.element-limit = 1024 (custom)
2019-10-10 00:01:45,303 [pool-393-thread-1] INFO  server.RaftServerConfigKeys (ConfUtils.java:logGet(43)) - raft.server.log.segment.size.max = 1048576 (custom)
2019-10-10 00:01:45,303 [pool-393-thread-1] INFO  server.RaftServerConfigKeys (ConfUtils.java:logGet(43)) - raft.server.log.preallocated.size = 16384 (custom)
2019-10-10 00:01:45,303 [pool-393-thread-1] INFO  server.RaftServerConfigKeys (ConfUtils.java:logGet(43)) - raft.server.log.write.buffer.size = 33554432 (custom)
2019-10-10 00:01:45,304 [pool-393-thread-1] INFO  server.RaftServerConfigKeys (ConfUtils.java:logGet(43)) - raft.server.log.force.sync.num = 128 (default)
2019-10-10 00:01:45,304 [pool-393-thread-1] INFO  server.RaftServerConfigKeys (ConfUtils.java:logGet(43)) - raft.server.log.statemachine.data.sync = true (default)
2019-10-10 00:01:45,304 [pool-393-thread-1] INFO  server.RaftServerConfigKeys (ConfUtils.java:logGet(43)) - raft.server.log.statemachine.data.sync.timeout = 10s (default)
2019-10-10 00:01:45,304 [pool-393-thread-1] INFO  server.RaftServerConfigKeys (ConfUtils.java:logGet(43)) - raft.server.log.statemachine.data.sync.timeout.retry = -1 (default)
2019-10-10 00:01:45,304 [pool-393-thread-1] INFO  server.RaftServerConfigKeys (ConfUtils.java:logGet(43)) - raft.server.log.statemachine.data.caching.enabled = true (custom)
2019-10-10 00:01:45,305 [pool-393-thread-1] INFO  segmented.SegmentedRaftLogWorker (SegmentedRaftLogWorker.java:lambda$new$0(128)) - 25cab065-c995-47b0-a463-90382842bb3e@group-DC94A63A9D74-SegmentedRaftLogWorker: flushIndex: setUnconditionally 0 -> -1
2019-10-10 00:01:45,305 [pool-393-thread-1] INFO  server.RaftServerConfigKeys (ConfUtils.java:logGet(43)) - raft.server.snapshot.auto.trigger.enabled = true (custom)
2019-10-10 00:01:45,306 [pool-393-thread-1] INFO  server.RaftServerConfigKeys (ConfUtils.java:logGet(43)) - raft.server.snapshot.auto.trigger.threshold = 10000 (custom)
2019-10-10 00:01:45,306 [pool-393-thread-1] INFO  server.RaftServerConfigKeys (ConfUtils.java:logGet(43)) - raft.server.snapshot.retention.file.num = 5 (custom)
2019-10-10 00:01:45,306 [pool-393-thread-1] INFO  server.RaftServerConfigKeys (ConfUtils.java:logGet(43)) - raft.server.retrycache.expirytime = 600000ms (custom)
2019-10-10 00:01:45,308 [pool-393-thread-1] INFO  impl.RaftServerImpl (RaftServerImpl.java:start(181)) - 25cab065-c995-47b0-a463-90382842bb3e@group-DC94A63A9D74: start as a follower, conf=-1: [25cab065-c995-47b0-a463-90382842bb3e:192.168.30.20:38858], old=null
2019-10-10 00:01:45,308 [pool-393-thread-1] INFO  impl.RaftServerImpl (RaftServerImpl.java:setRole(170)) - 25cab065-c995-47b0-a463-90382842bb3e@group-DC94A63A9D74: changes role from      null to FOLLOWER at term 0 for startAsFollower
2019-10-10 00:01:45,308 [pool-393-thread-1] INFO  impl.RoleInfo (RoleInfo.java:updateAndGet(143)) - 25cab065-c995-47b0-a463-90382842bb3e: start FollowerState
2019-10-10 00:01:45,308 [pool-393-thread-1] INFO  util.JmxRegister (JmxRegister.java:tryRegister(44)) - Successfully registered JMX Bean with object name Ratis:service=RaftServer,group=group-DC94A63A9D74,id=25cab065-c995-47b0-a463-90382842bb3e
2019-10-10 00:01:45,313 [RatisPipelineUtilsThread] INFO  pipeline.PipelineStateManager (PipelineStateManager.java:addPipeline(56)) - Created pipeline Pipeline[ Id: 97ffa5f2-dffc-4ed3-aa0a-dc94a63a9d74, Nodes: 25cab065-c995-47b0-a463-90382842bb3e{ip: 192.168.30.20, host: pr-hdds-2194-ljcxr-4216244270, networkLocation: /default-rack, certSerialId: null}, Type:RATIS, Factor:ONE, State:OPEN]
2019-10-10 00:01:45,360 [IPC Server handler 4 on 35563] INFO  net.NetworkTopology (NetworkTopologyImpl.java:add(111)) - Added a new node: /default-rack/8f652a8f-83fc-485f-8261-ffc4a6489a4f
2019-10-10 00:01:45,360 [IPC Server handler 4 on 35563] INFO  node.SCMNodeManager (SCMNodeManager.java:register(268)) - Registered Data node : 8f652a8f-83fc-485f-8261-ffc4a6489a4f{ip: 192.168.30.20, host: pr-hdds-2194-ljcxr-4216244270, networkLocation: /default-rack, certSerialId: null}
2019-10-10 00:01:45,369 [grpc-default-executor-5] INFO  impl.RaftServerProxy (RaftServerProxy.java:addNew(89)) - 8f652a8f-83fc-485f-8261-ffc4a6489a4f: addNew group-FAA3FED70B13:[8f652a8f-83fc-485f-8261-ffc4a6489a4f:192.168.30.20:32785] returns group-FAA3FED70B13:java.util.concurrent.CompletableFuture@2a81b2[Not completed]
2019-10-10 00:01:45,371 [pool-403-thread-1] INFO  impl.RaftServerImpl (RaftServerImpl.java:<init>(95)) - 8f652a8f-83fc-485f-8261-ffc4a6489a4f: new RaftServerImpl for group-FAA3FED70B13:[8f652a8f-83fc-485f-8261-ffc4a6489a4f:192.168.30.20:32785] with ContainerStateMachine:uninitialized
2019-10-10 00:01:45,372 [pool-403-thread-1] INFO  server.RaftServerConfigKeys (ConfUtils.java:logGet(43)) - raft.server.rpc.timeout.min = 5s (custom)
2019-10-10 00:01:45,372 [pool-403-thread-1] INFO  server.RaftServerConfigKeys (ConfUtils.java:logGet(43)) - raft.server.rpc.timeout.max = 5200ms (custom)
2019-10-10 00:01:45,372 [pool-403-thread-1] INFO  server.RaftServerConfigKeys (ConfUtils.java:logGet(43)) - raft.server.rpcslowness.timeout = 120s (custom)
2019-10-10 00:01:45,372 [pool-403-thread-1] INFO  server.RaftServerConfigKeys (ConfUtils.java:logGet(43)) - raft.server.sleep.deviation.threshold = 300 (default)
2019-10-10 00:01:45,373 [pool-403-thread-1] INFO  server.RaftServerConfigKeys (ConfUtils.java:logGet(43)) - raft.server.log.appender.install.snapshot.enabled = false (custom)
2019-10-10 00:01:45,373 [pool-403-thread-1] INFO  impl.RaftServerImpl (ServerState.java:<init>(103)) - 8f652a8f-83fc-485f-8261-ffc4a6489a4f@group-FAA3FED70B13: ConfigurationManager, init=-1: [8f652a8f-83fc-485f-8261-ffc4a6489a4f:192.168.30.20:32785], old=null, confs=<EMPTY_MAP>
2019-10-10 00:01:45,373 [pool-403-thread-1] INFO  server.RaftServerConfigKeys (ConfUtils.java:logGet(43)) - raft.server.storage.dir = [/workdir/hadoop-ozone/integration-test/target/test-dir/MiniOzoneClusterImpl-c8dce9f5-5a7e-41b0-972e-b66a6036fa2a/datanode-2/data/ratis] (custom)
2019-10-10 00:01:45,374 [pool-403-thread-1] INFO  server.RaftServerConfigKeys (ConfUtils.java:logGet(43)) - raft.server.log.corruption.policy = EXCEPTION (default)
2019-10-10 00:01:45,374 [pool-403-thread-1] INFO  storage.RaftStorageDirectory (RaftStorageDirectory.java:analyzeStorage(246)) - The storage directory /workdir/hadoop-ozone/integration-test/target/test-dir/MiniOzoneClusterImpl-c8dce9f5-5a7e-41b0-972e-b66a6036fa2a/datanode-2/data/ratis/154fa2a5-1915-494b-8428-faa3fed70b13 does not exist. Creating ...
2019-10-10 00:01:45,387 [pool-403-thread-1] INFO  storage.RaftStorageDirectory (RaftStorageDirectory.java:tryLock(328)) - Lock on /workdir/hadoop-ozone/integration-test/target/test-dir/MiniOzoneClusterImpl-c8dce9f5-5a7e-41b0-972e-b66a6036fa2a/datanode-2/data/ratis/154fa2a5-1915-494b-8428-faa3fed70b13/in_use.lock acquired by nodename 9599@pr-hdds-2194-ljcxr-4216244270
2019-10-10 00:01:45,391 [pool-403-thread-1] INFO  storage.RaftStorage (RaftStorage.java:format(84)) - Storage directory /workdir/hadoop-ozone/integration-test/target/test-dir/MiniOzoneClusterImpl-c8dce9f5-5a7e-41b0-972e-b66a6036fa2a/datanode-2/data/ratis/154fa2a5-1915-494b-8428-faa3fed70b13 has been successfully formatted.
2019-10-10 00:01:45,391 [pool-403-thread-1] INFO  ratis.ContainerStateMachine (ContainerStateMachine.java:loadSnapshot(231)) - group-FAA3FED70B13: The snapshot info is null. Setting the last applied indexto:(t:0, i:~)
2019-10-10 00:01:45,391 [pool-403-thread-1] INFO  server.RaftServerConfigKeys (ConfUtils.java:logGet(43)) - raft.server.notification.no-leader.timeout = 120s (custom)
2019-10-10 00:01:45,391 [pool-403-thread-1] INFO  server.RaftServerConfigKeys (ConfUtils.java:logGet(43)) - raft.server.log.use.memory = false (default)
2019-10-10 00:01:45,392 [pool-403-thread-1] INFO  server.RaftServerConfigKeys (ConfUtils.java:logGet(43)) - raft.server.log.purge.gap = 1000000 (custom)
2019-10-10 00:01:45,392 [pool-403-thread-1] INFO  server.RaftServerConfigKeys (ConfUtils.java:logGet(43)) - raft.server.log.appender.buffer.byte-limit = 33554432 (custom)
2019-10-10 00:01:45,392 [pool-403-thread-1] INFO  server.RaftServerConfigKeys (ConfUtils.java:logGet(43)) - raft.server.log.segment.size.max = 1048576 (custom)
2019-10-10 00:01:45,395 [pool-403-thread-1] INFO  server.RaftServerConfigKeys (ConfUtils.java:logGet(43)) - raft.server.log.segment.cache.num.max = 2 (custom)
2019-10-10 00:01:45,395 [pool-403-thread-1] INFO  segmented.SegmentedRaftLogWorker (SegmentedRaftLogWorker.java:<init>(173)) - new 8f652a8f-83fc-485f-8261-ffc4a6489a4f@group-FAA3FED70B13-SegmentedRaftLogWorker for RaftStorage:Storage Directory /workdir/hadoop-ozone/integration-test/target/test-dir/MiniOzoneClusterImpl-c8dce9f5-5a7e-41b0-972e-b66a6036fa2a/datanode-2/data/ratis/154fa2a5-1915-494b-8428-faa3fed70b13
2019-10-10 00:01:45,395 [pool-403-thread-1] INFO  server.RaftServerConfigKeys (ConfUtils.java:logGet(43)) - raft.server.log.queue.byte-limit = 2147483647 (custom)
2019-10-10 00:01:45,395 [pool-403-thread-1] INFO  server.RaftServerConfigKeys (ConfUtils.java:logGet(43)) - raft.server.log.queue.element-limit = 1024 (custom)
2019-10-10 00:01:45,396 [pool-403-thread-1] INFO  server.RaftServerConfigKeys (ConfUtils.java:logGet(43)) - raft.server.log.segment.size.max = 1048576 (custom)
2019-10-10 00:01:45,396 [pool-403-thread-1] INFO  server.RaftServerConfigKeys (ConfUtils.java:logGet(43)) - raft.server.log.preallocated.size = 16384 (custom)
2019-10-10 00:01:45,396 [pool-403-thread-1] INFO  server.RaftServerConfigKeys (ConfUtils.java:logGet(43)) - raft.server.log.write.buffer.size = 33554432 (custom)
2019-10-10 00:01:45,396 [pool-403-thread-1] INFO  server.RaftServerConfigKeys (ConfUtils.java:logGet(43)) - raft.server.log.force.sync.num = 128 (default)
2019-10-10 00:01:45,396 [pool-403-thread-1] INFO  server.RaftServerConfigKeys (ConfUtils.java:logGet(43)) - raft.server.log.statemachine.data.sync = true (default)
2019-10-10 00:01:45,397 [pool-403-thread-1] INFO  server.RaftServerConfigKeys (ConfUtils.java:logGet(43)) - raft.server.log.statemachine.data.sync.timeout = 10s (default)
2019-10-10 00:01:45,397 [pool-403-thread-1] INFO  server.RaftServerConfigKeys (ConfUtils.java:logGet(43)) - raft.server.log.statemachine.data.sync.timeout.retry = -1 (default)
2019-10-10 00:01:45,397 [pool-403-thread-1] INFO  server.RaftServerConfigKeys (ConfUtils.java:logGet(43)) - raft.server.log.statemachine.data.caching.enabled = true (custom)
2019-10-10 00:01:45,398 [pool-403-thread-1] INFO  segmented.SegmentedRaftLogWorker (SegmentedRaftLogWorker.java:lambda$new$0(128)) - 8f652a8f-83fc-485f-8261-ffc4a6489a4f@group-FAA3FED70B13-SegmentedRaftLogWorker: flushIndex: setUnconditionally 0 -> -1
2019-10-10 00:01:45,398 [pool-403-thread-1] INFO  server.RaftServerConfigKeys (ConfUtils.java:logGet(43)) - raft.server.snapshot.auto.trigger.enabled = true (custom)
2019-10-10 00:01:45,399 [pool-403-thread-1] INFO  server.RaftServerConfigKeys (ConfUtils.java:logGet(43)) - raft.server.snapshot.auto.trigger.threshold = 10000 (custom)
2019-10-10 00:01:45,399 [pool-403-thread-1] INFO  server.RaftServerConfigKeys (ConfUtils.java:logGet(43)) - raft.server.snapshot.retention.file.num = 5 (custom)
2019-10-10 00:01:45,399 [pool-403-thread-1] INFO  server.RaftServerConfigKeys (ConfUtils.java:logGet(43)) - raft.server.retrycache.expirytime = 600000ms (custom)
2019-10-10 00:01:45,402 [pool-403-thread-1] INFO  impl.RaftServerImpl (RaftServerImpl.java:start(181)) - 8f652a8f-83fc-485f-8261-ffc4a6489a4f@group-FAA3FED70B13: start as a follower, conf=-1: [8f652a8f-83fc-485f-8261-ffc4a6489a4f:192.168.30.20:32785], old=null
2019-10-10 00:01:45,402 [pool-403-thread-1] INFO  impl.RaftServerImpl (RaftServerImpl.java:setRole(170)) - 8f652a8f-83fc-485f-8261-ffc4a6489a4f@group-FAA3FED70B13: changes role from      null to FOLLOWER at term 0 for startAsFollower
2019-10-10 00:01:45,402 [pool-403-thread-1] INFO  impl.RoleInfo (RoleInfo.java:updateAndGet(143)) - 8f652a8f-83fc-485f-8261-ffc4a6489a4f: start FollowerState
2019-10-10 00:01:45,403 [pool-403-thread-1] INFO  util.JmxRegister (JmxRegister.java:tryRegister(44)) - Successfully registered JMX Bean with object name Ratis:service=RaftServer,group=group-FAA3FED70B13,id=8f652a8f-83fc-485f-8261-ffc4a6489a4f
2019-10-10 00:01:45,407 [RatisPipelineUtilsThread] INFO  pipeline.PipelineStateManager (PipelineStateManager.java:addPipeline(56)) - Created pipeline Pipeline[ Id: 154fa2a5-1915-494b-8428-faa3fed70b13, Nodes: 8f652a8f-83fc-485f-8261-ffc4a6489a4f{ip: 192.168.30.20, host: pr-hdds-2194-ljcxr-4216244270, networkLocation: /default-rack, certSerialId: null}, Type:RATIS, Factor:ONE, State:OPEN]
2019-10-10 00:01:45,419 [IPC Server handler 5 on 35563] INFO  net.NetworkTopology (NetworkTopologyImpl.java:add(111)) - Added a new node: /default-rack/e29b9466-7351-4886-b5e2-e152884e8580
2019-10-10 00:01:45,420 [IPC Server handler 5 on 35563] INFO  node.SCMNodeManager (SCMNodeManager.java:register(268)) - Registered Data node : e29b9466-7351-4886-b5e2-e152884e8580{ip: 192.168.30.20, host: pr-hdds-2194-ljcxr-4216244270, networkLocation: /default-rack, certSerialId: null}
2019-10-10 00:01:45,420 [grpc-default-executor-6] INFO  impl.RaftServerProxy (RaftServerProxy.java:addNew(89)) - c9e65df3-45bf-4dd6-ae39-7ce62a01d289: addNew group-2EA8FE10FE47:[c9e65df3-45bf-4dd6-ae39-7ce62a01d289:192.168.30.20:45118, 8f652a8f-83fc-485f-8261-ffc4a6489a4f:192.168.30.20:32785, 25cab065-c995-47b0-a463-90382842bb3e:192.168.30.20:38858] returns group-2EA8FE10FE47:java.util.concurrent.CompletableFuture@7b3b561c[Not completed]
2019-10-10 00:01:45,421 [grpc-default-executor-3] INFO  impl.RaftServerProxy (RaftServerProxy.java:addNew(89)) - 25cab065-c995-47b0-a463-90382842bb3e: addNew group-2EA8FE10FE47:[c9e65df3-45bf-4dd6-ae39-7ce62a01d289:192.168.30.20:45118, 8f652a8f-83fc-485f-8261-ffc4a6489a4f:192.168.30.20:32785, 25cab065-c995-47b0-a463-90382842bb3e:192.168.30.20:38858] returns group-2EA8FE10FE47:java.util.concurrent.CompletableFuture@6d873c2b[Not completed]
2019-10-10 00:01:45,420 [grpc-default-executor-5] INFO  impl.RaftServerProxy (RaftServerProxy.java:addNew(89)) - 8f652a8f-83fc-485f-8261-ffc4a6489a4f: addNew group-2EA8FE10FE47:[c9e65df3-45bf-4dd6-ae39-7ce62a01d289:192.168.30.20:45118, 8f652a8f-83fc-485f-8261-ffc4a6489a4f:192.168.30.20:32785, 25cab065-c995-47b0-a463-90382842bb3e:192.168.30.20:38858] returns group-2EA8FE10FE47:java.util.concurrent.CompletableFuture@37ec0724[Not completed]
2019-10-10 00:01:45,422 [pool-393-thread-1] INFO  impl.RaftServerImpl (RaftServerImpl.java:<init>(95)) - 25cab065-c995-47b0-a463-90382842bb3e: new RaftServerImpl for group-2EA8FE10FE47:[c9e65df3-45bf-4dd6-ae39-7ce62a01d289:192.168.30.20:45118, 8f652a8f-83fc-485f-8261-ffc4a6489a4f:192.168.30.20:32785, 25cab065-c995-47b0-a463-90382842bb3e:192.168.30.20:38858] with ContainerStateMachine:uninitialized
2019-10-10 00:01:45,422 [pool-393-thread-1] INFO  server.RaftServerConfigKeys (ConfUtils.java:logGet(43)) - raft.server.rpc.timeout.min = 5s (custom)
2019-10-10 00:01:45,422 [pool-393-thread-1] INFO  server.RaftServerConfigKeys (ConfUtils.java:logGet(43)) - raft.server.rpc.timeout.max = 5200ms (custom)
2019-10-10 00:01:45,423 [pool-393-thread-1] INFO  server.RaftServerConfigKeys (ConfUtils.java:logGet(43)) - raft.server.rpcslowness.timeout = 120s (custom)
2019-10-10 00:01:45,423 [pool-393-thread-1] INFO  server.RaftServerConfigKeys (ConfUtils.java:logGet(43)) - raft.server.sleep.deviation.threshold = 300 (default)
2019-10-10 00:01:45,423 [pool-393-thread-1] INFO  server.RaftServerConfigKeys (ConfUtils.java:logGet(43)) - raft.server.log.appender.install.snapshot.enabled = false (custom)
2019-10-10 00:01:45,423 [pool-383-thread-1] INFO  impl.RaftServerImpl (RaftServerImpl.java:<init>(95)) - c9e65df3-45bf-4dd6-ae39-7ce62a01d289: new RaftServerImpl for group-2EA8FE10FE47:[c9e65df3-45bf-4dd6-ae39-7ce62a01d289:192.168.30.20:45118, 8f652a8f-83fc-485f-8261-ffc4a6489a4f:192.168.30.20:32785, 25cab065-c995-47b0-a463-90382842bb3e:192.168.30.20:38858] with ContainerStateMachine:uninitialized
2019-10-10 00:01:45,423 [pool-393-thread-1] INFO  impl.RaftServerImpl (ServerState.java:<init>(103)) - 25cab065-c995-47b0-a463-90382842bb3e@group-2EA8FE10FE47: ConfigurationManager, init=-1: [c9e65df3-45bf-4dd6-ae39-7ce62a01d289:192.168.30.20:45118, 8f652a8f-83fc-485f-8261-ffc4a6489a4f:192.168.30.20:32785, 25cab065-c995-47b0-a463-90382842bb3e:192.168.30.20:38858], old=null, confs=<EMPTY_MAP>
2019-10-10 00:01:45,423 [pool-383-thread-1] INFO  server.RaftServerConfigKeys (ConfUtils.java:logGet(43)) - raft.server.rpc.timeout.min = 5s (custom)
2019-10-10 00:01:45,423 [pool-393-thread-1] INFO  server.RaftServerConfigKeys (ConfUtils.java:logGet(43)) - raft.server.storage.dir = [/workdir/hadoop-ozone/integration-test/target/test-dir/MiniOzoneClusterImpl-c8dce9f5-5a7e-41b0-972e-b66a6036fa2a/datanode-1/data/ratis] (custom)
2019-10-10 00:01:45,423 [pool-383-thread-1] INFO  server.RaftServerConfigKeys (ConfUtils.java:logGet(43)) - raft.server.rpc.timeout.max = 5200ms (custom)
2019-10-10 00:01:45,423 [pool-403-thread-1] INFO  impl.RaftServerImpl (RaftServerImpl.java:<init>(95)) - 8f652a8f-83fc-485f-8261-ffc4a6489a4f: new RaftServerImpl for group-2EA8FE10FE47:[c9e65df3-45bf-4dd6-ae39-7ce62a01d289:192.168.30.20:45118, 8f652a8f-83fc-485f-8261-ffc4a6489a4f:192.168.30.20:32785, 25cab065-c995-47b0-a463-90382842bb3e:192.168.30.20:38858] with ContainerStateMachine:uninitialized
2019-10-10 00:01:45,423 [pool-393-thread-1] INFO  server.RaftServerConfigKeys (ConfUtils.java:logGet(43)) - raft.server.log.corruption.policy = EXCEPTION (default)
2019-10-10 00:01:45,423 [pool-383-thread-1] INFO  server.RaftServerConfigKeys (ConfUtils.java:logGet(43)) - raft.server.rpcslowness.timeout = 120s (custom)
2019-10-10 00:01:45,424 [pool-393-thread-1] INFO  storage.RaftStorageDirectory (RaftStorageDirectory.java:analyzeStorage(246)) - The storage directory /workdir/hadoop-ozone/integration-test/target/test-dir/MiniOzoneClusterImpl-c8dce9f5-5a7e-41b0-972e-b66a6036fa2a/datanode-1/data/ratis/62ef2101-f14e-470d-a142-2ea8fe10fe47 does not exist. Creating ...
2019-10-10 00:01:45,424 [pool-403-thread-1] INFO  server.RaftServerConfigKeys (ConfUtils.java:logGet(43)) - raft.server.rpc.timeout.min = 5s (custom)
2019-10-10 00:01:45,424 [pool-383-thread-1] INFO  server.RaftServerConfigKeys (ConfUtils.java:logGet(43)) - raft.server.sleep.deviation.threshold = 300 (default)
2019-10-10 00:01:45,424 [pool-403-thread-1] INFO  server.RaftServerConfigKeys (ConfUtils.java:logGet(43)) - raft.server.rpc.timeout.max = 5200ms (custom)
2019-10-10 00:01:45,424 [pool-383-thread-1] INFO  server.RaftServerConfigKeys (ConfUtils.java:logGet(43)) - raft.server.log.appender.install.snapshot.enabled = false (custom)
2019-10-10 00:01:45,424 [pool-403-thread-1] INFO  server.RaftServerConfigKeys (ConfUtils.java:logGet(43)) - raft.server.rpcslowness.timeout = 120s (custom)
2019-10-10 00:01:45,424 [pool-383-thread-1] INFO  impl.RaftServerImpl (ServerState.java:<init>(103)) - c9e65df3-45bf-4dd6-ae39-7ce62a01d289@group-2EA8FE10FE47: ConfigurationManager, init=-1: [c9e65df3-45bf-4dd6-ae39-7ce62a01d289:192.168.30.20:45118, 8f652a8f-83fc-485f-8261-ffc4a6489a4f:192.168.30.20:32785, 25cab065-c995-47b0-a463-90382842bb3e:192.168.30.20:38858], old=null, confs=<EMPTY_MAP>
2019-10-10 00:01:45,424 [pool-403-thread-1] INFO  server.RaftServerConfigKeys (ConfUtils.java:logGet(43)) - raft.server.sleep.deviation.threshold = 300 (default)
2019-10-10 00:01:45,424 [pool-383-thread-1] INFO  server.RaftServerConfigKeys (ConfUtils.java:logGet(43)) - raft.server.storage.dir = [/workdir/hadoop-ozone/integration-test/target/test-dir/MiniOzoneClusterImpl-c8dce9f5-5a7e-41b0-972e-b66a6036fa2a/datanode-0/data/ratis] (custom)
2019-10-10 00:01:45,424 [pool-403-thread-1] INFO  server.RaftServerConfigKeys (ConfUtils.java:logGet(43)) - raft.server.log.appender.install.snapshot.enabled = false (custom)
2019-10-10 00:01:45,425 [pool-383-thread-1] INFO  server.RaftServerConfigKeys (ConfUtils.java:logGet(43)) - raft.server.log.corruption.policy = EXCEPTION (default)
2019-10-10 00:01:45,425 [pool-403-thread-1] INFO  impl.RaftServerImpl (ServerState.java:<init>(103)) - 8f652a8f-83fc-485f-8261-ffc4a6489a4f@group-2EA8FE10FE47: ConfigurationManager, init=-1: [c9e65df3-45bf-4dd6-ae39-7ce62a01d289:192.168.30.20:45118, 8f652a8f-83fc-485f-8261-ffc4a6489a4f:192.168.30.20:32785, 25cab065-c995-47b0-a463-90382842bb3e:192.168.30.20:38858], old=null, confs=<EMPTY_MAP>
2019-10-10 00:01:45,425 [pool-383-thread-1] INFO  storage.RaftStorageDirectory (RaftStorageDirectory.java:analyzeStorage(246)) - The storage directory /workdir/hadoop-ozone/integration-test/target/test-dir/MiniOzoneClusterImpl-c8dce9f5-5a7e-41b0-972e-b66a6036fa2a/datanode-0/data/ratis/62ef2101-f14e-470d-a142-2ea8fe10fe47 does not exist. Creating ...
2019-10-10 00:01:45,425 [pool-403-thread-1] INFO  server.RaftServerConfigKeys (ConfUtils.java:logGet(43)) - raft.server.storage.dir = [/workdir/hadoop-ozone/integration-test/target/test-dir/MiniOzoneClusterImpl-c8dce9f5-5a7e-41b0-972e-b66a6036fa2a/datanode-2/data/ratis] (custom)
2019-10-10 00:01:45,425 [pool-403-thread-1] INFO  server.RaftServerConfigKeys (ConfUtils.java:logGet(43)) - raft.server.log.corruption.policy = EXCEPTION (default)
2019-10-10 00:01:45,425 [pool-403-thread-1] INFO  storage.RaftStorageDirectory (RaftStorageDirectory.java:analyzeStorage(246)) - The storage directory /workdir/hadoop-ozone/integration-test/target/test-dir/MiniOzoneClusterImpl-c8dce9f5-5a7e-41b0-972e-b66a6036fa2a/datanode-2/data/ratis/62ef2101-f14e-470d-a142-2ea8fe10fe47 does not exist. Creating ...
2019-10-10 00:01:45,428 [pool-393-thread-1] INFO  storage.RaftStorageDirectory (RaftStorageDirectory.java:tryLock(328)) - Lock on /workdir/hadoop-ozone/integration-test/target/test-dir/MiniOzoneClusterImpl-c8dce9f5-5a7e-41b0-972e-b66a6036fa2a/datanode-1/data/ratis/62ef2101-f14e-470d-a142-2ea8fe10fe47/in_use.lock acquired by nodename 9599@pr-hdds-2194-ljcxr-4216244270
2019-10-10 00:01:45,428 [pool-383-thread-1] INFO  storage.RaftStorageDirectory (RaftStorageDirectory.java:tryLock(328)) - Lock on /workdir/hadoop-ozone/integration-test/target/test-dir/MiniOzoneClusterImpl-c8dce9f5-5a7e-41b0-972e-b66a6036fa2a/datanode-0/data/ratis/62ef2101-f14e-470d-a142-2ea8fe10fe47/in_use.lock acquired by nodename 9599@pr-hdds-2194-ljcxr-4216244270
2019-10-10 00:01:45,432 [pool-403-thread-1] INFO  storage.RaftStorageDirectory (RaftStorageDirectory.java:tryLock(328)) - Lock on /workdir/hadoop-ozone/integration-test/target/test-dir/MiniOzoneClusterImpl-c8dce9f5-5a7e-41b0-972e-b66a6036fa2a/datanode-2/data/ratis/62ef2101-f14e-470d-a142-2ea8fe10fe47/in_use.lock acquired by nodename 9599@pr-hdds-2194-ljcxr-4216244270
2019-10-10 00:01:45,432 [pool-383-thread-1] INFO  storage.RaftStorage (RaftStorage.java:format(84)) - Storage directory /workdir/hadoop-ozone/integration-test/target/test-dir/MiniOzoneClusterImpl-c8dce9f5-5a7e-41b0-972e-b66a6036fa2a/datanode-0/data/ratis/62ef2101-f14e-470d-a142-2ea8fe10fe47 has been successfully formatted.
2019-10-10 00:01:45,432 [pool-393-thread-1] INFO  storage.RaftStorage (RaftStorage.java:format(84)) - Storage directory /workdir/hadoop-ozone/integration-test/target/test-dir/MiniOzoneClusterImpl-c8dce9f5-5a7e-41b0-972e-b66a6036fa2a/datanode-1/data/ratis/62ef2101-f14e-470d-a142-2ea8fe10fe47 has been successfully formatted.
2019-10-10 00:01:45,433 [pool-383-thread-1] INFO  ratis.ContainerStateMachine (ContainerStateMachine.java:loadSnapshot(231)) - group-2EA8FE10FE47: The snapshot info is null. Setting the last applied indexto:(t:0, i:~)
2019-10-10 00:01:45,433 [pool-393-thread-1] INFO  ratis.ContainerStateMachine (ContainerStateMachine.java:loadSnapshot(231)) - group-2EA8FE10FE47: The snapshot info is null. Setting the last applied indexto:(t:0, i:~)
2019-10-10 00:01:45,433 [pool-383-thread-1] INFO  server.RaftServerConfigKeys (ConfUtils.java:logGet(43)) - raft.server.notification.no-leader.timeout = 120s (custom)
2019-10-10 00:01:45,433 [pool-393-thread-1] INFO  server.RaftServerConfigKeys (ConfUtils.java:logGet(43)) - raft.server.notification.no-leader.timeout = 120s (custom)
2019-10-10 00:01:45,433 [pool-383-thread-1] INFO  server.RaftServerConfigKeys (ConfUtils.java:logGet(43)) - raft.server.log.use.memory = false (default)
2019-10-10 00:01:45,433 [pool-393-thread-1] INFO  server.RaftServerConfigKeys (ConfUtils.java:logGet(43)) - raft.server.log.use.memory = false (default)
2019-10-10 00:01:45,433 [pool-383-thread-1] INFO  server.RaftServerConfigKeys (ConfUtils.java:logGet(43)) - raft.server.log.purge.gap = 1000000 (custom)
2019-10-10 00:01:45,433 [pool-393-thread-1] INFO  server.RaftServerConfigKeys (ConfUtils.java:logGet(43)) - raft.server.log.purge.gap = 1000000 (custom)
2019-10-10 00:01:45,433 [pool-383-thread-1] INFO  server.RaftServerConfigKeys (ConfUtils.java:logGet(43)) - raft.server.log.appender.buffer.byte-limit = 33554432 (custom)
2019-10-10 00:01:45,433 [pool-393-thread-1] INFO  server.RaftServerConfigKeys (ConfUtils.java:logGet(43)) - raft.server.log.appender.buffer.byte-limit = 33554432 (custom)
2019-10-10 00:01:45,434 [pool-383-thread-1] INFO  server.RaftServerConfigKeys (ConfUtils.java:logGet(43)) - raft.server.log.segment.size.max = 1048576 (custom)
2019-10-10 00:01:45,434 [pool-393-thread-1] INFO  server.RaftServerConfigKeys (ConfUtils.java:logGet(43)) - raft.server.log.segment.size.max = 1048576 (custom)
2019-10-10 00:01:45,434 [pool-383-thread-1] INFO  server.RaftServerConfigKeys (ConfUtils.java:logGet(43)) - raft.server.log.segment.cache.num.max = 2 (custom)
2019-10-10 00:01:45,434 [pool-393-thread-1] INFO  server.RaftServerConfigKeys (ConfUtils.java:logGet(43)) - raft.server.log.segment.cache.num.max = 2 (custom)
2019-10-10 00:01:45,434 [pool-383-thread-1] INFO  segmented.SegmentedRaftLogWorker (SegmentedRaftLogWorker.java:<init>(173)) - new c9e65df3-45bf-4dd6-ae39-7ce62a01d289@group-2EA8FE10FE47-SegmentedRaftLogWorker for RaftStorage:Storage Directory /workdir/hadoop-ozone/integration-test/target/test-dir/MiniOzoneClusterImpl-c8dce9f5-5a7e-41b0-972e-b66a6036fa2a/datanode-0/data/ratis/62ef2101-f14e-470d-a142-2ea8fe10fe47
2019-10-10 00:01:45,434 [pool-383-thread-1] INFO  server.RaftServerConfigKeys (ConfUtils.java:logGet(43)) - raft.server.log.queue.byte-limit = 2147483647 (custom)
2019-10-10 00:01:45,434 [pool-393-thread-1] INFO  segmented.SegmentedRaftLogWorker (SegmentedRaftLogWorker.java:<init>(173)) - new 25cab065-c995-47b0-a463-90382842bb3e@group-2EA8FE10FE47-SegmentedRaftLogWorker for RaftStorage:Storage Directory /workdir/hadoop-ozone/integration-test/target/test-dir/MiniOzoneClusterImpl-c8dce9f5-5a7e-41b0-972e-b66a6036fa2a/datanode-1/data/ratis/62ef2101-f14e-470d-a142-2ea8fe10fe47
2019-10-10 00:01:45,434 [pool-383-thread-1] INFO  server.RaftServerConfigKeys (ConfUtils.java:logGet(43)) - raft.server.log.queue.element-limit = 1024 (custom)
2019-10-10 00:01:45,434 [pool-393-thread-1] INFO  server.RaftServerConfigKeys (ConfUtils.java:logGet(43)) - raft.server.log.queue.byte-limit = 2147483647 (custom)
2019-10-10 00:01:45,434 [pool-383-thread-1] INFO  server.RaftServerConfigKeys (ConfUtils.java:logGet(43)) - raft.server.log.segment.size.max = 1048576 (custom)
2019-10-10 00:01:45,434 [pool-393-thread-1] INFO  server.RaftServerConfigKeys (ConfUtils.java:logGet(43)) - raft.server.log.queue.element-limit = 1024 (custom)
2019-10-10 00:01:45,434 [pool-383-thread-1] INFO  server.RaftServerConfigKeys (ConfUtils.java:logGet(43)) - raft.server.log.preallocated.size = 16384 (custom)
2019-10-10 00:01:45,435 [pool-393-thread-1] INFO  server.RaftServerConfigKeys (ConfUtils.java:logGet(43)) - raft.server.log.segment.size.max = 1048576 (custom)
2019-10-10 00:01:45,435 [pool-383-thread-1] INFO  server.RaftServerConfigKeys (ConfUtils.java:logGet(43)) - raft.server.log.write.buffer.size = 33554432 (custom)
2019-10-10 00:01:45,435 [pool-393-thread-1] INFO  server.RaftServerConfigKeys (ConfUtils.java:logGet(43)) - raft.server.log.preallocated.size = 16384 (custom)
2019-10-10 00:01:45,435 [pool-383-thread-1] INFO  server.RaftServerConfigKeys (ConfUtils.java:logGet(43)) - raft.server.log.force.sync.num = 128 (default)
2019-10-10 00:01:45,435 [pool-393-thread-1] INFO  server.RaftServerConfigKeys (ConfUtils.java:logGet(43)) - raft.server.log.write.buffer.size = 33554432 (custom)
2019-10-10 00:01:45,435 [pool-383-thread-1] INFO  server.RaftServerConfigKeys (ConfUtils.java:logGet(43)) - raft.server.log.statemachine.data.sync = true (default)
2019-10-10 00:01:45,435 [pool-393-thread-1] INFO  server.RaftServerConfigKeys (ConfUtils.java:logGet(43)) - raft.server.log.force.sync.num = 128 (default)
2019-10-10 00:01:45,435 [pool-383-thread-1] INFO  server.RaftServerConfigKeys (ConfUtils.java:logGet(43)) - raft.server.log.statemachine.data.sync.timeout = 10s (default)
2019-10-10 00:01:45,435 [pool-393-thread-1] INFO  server.RaftServerConfigKeys (ConfUtils.java:logGet(43)) - raft.server.log.statemachine.data.sync = true (default)
2019-10-10 00:01:45,435 [pool-383-thread-1] INFO  server.RaftServerConfigKeys (ConfUtils.java:logGet(43)) - raft.server.log.statemachine.data.sync.timeout.retry = -1 (default)
2019-10-10 00:01:45,435 [pool-393-thread-1] INFO  server.RaftServerConfigKeys (ConfUtils.java:logGet(43)) - raft.server.log.statemachine.data.sync.timeout = 10s (default)
2019-10-10 00:01:45,436 [pool-383-thread-1] INFO  server.RaftServerConfigKeys (ConfUtils.java:logGet(43)) - raft.server.log.statemachine.data.caching.enabled = true (custom)
2019-10-10 00:01:45,436 [pool-393-thread-1] INFO  server.RaftServerConfigKeys (ConfUtils.java:logGet(43)) - raft.server.log.statemachine.data.sync.timeout.retry = -1 (default)
2019-10-10 00:01:45,436 [pool-393-thread-1] INFO  server.RaftServerConfigKeys (ConfUtils.java:logGet(43)) - raft.server.log.statemachine.data.caching.enabled = true (custom)
2019-10-10 00:01:45,436 [pool-383-thread-1] INFO  segmented.SegmentedRaftLogWorker (SegmentedRaftLogWorker.java:lambda$new$0(128)) - c9e65df3-45bf-4dd6-ae39-7ce62a01d289@group-2EA8FE10FE47-SegmentedRaftLogWorker: flushIndex: setUnconditionally 0 -> -1
2019-10-10 00:01:45,436 [pool-403-thread-1] INFO  storage.RaftStorage (RaftStorage.java:format(84)) - Storage directory /workdir/hadoop-ozone/integration-test/target/test-dir/MiniOzoneClusterImpl-c8dce9f5-5a7e-41b0-972e-b66a6036fa2a/datanode-2/data/ratis/62ef2101-f14e-470d-a142-2ea8fe10fe47 has been successfully formatted.
2019-10-10 00:01:45,436 [pool-393-thread-1] INFO  segmented.SegmentedRaftLogWorker (SegmentedRaftLogWorker.java:lambda$new$0(128)) - 25cab065-c995-47b0-a463-90382842bb3e@group-2EA8FE10FE47-SegmentedRaftLogWorker: flushIndex: setUnconditionally 0 -> -1
2019-10-10 00:01:45,436 [pool-383-thread-1] INFO  server.RaftServerConfigKeys (ConfUtils.java:logGet(43)) - raft.server.snapshot.auto.trigger.enabled = true (custom)
2019-10-10 00:01:45,436 [pool-403-thread-1] INFO  ratis.ContainerStateMachine (ContainerStateMachine.java:loadSnapshot(231)) - group-2EA8FE10FE47: The snapshot info is null. Setting the last applied indexto:(t:0, i:~)
2019-10-10 00:01:45,436 [pool-393-thread-1] INFO  server.RaftServerConfigKeys (ConfUtils.java:logGet(43)) - raft.server.snapshot.auto.trigger.enabled = true (custom)
2019-10-10 00:01:45,436 [pool-383-thread-1] INFO  server.RaftServerConfigKeys (ConfUtils.java:logGet(43)) - raft.server.snapshot.auto.trigger.threshold = 10000 (custom)
2019-10-10 00:01:45,436 [pool-393-thread-1] INFO  server.RaftServerConfigKeys (ConfUtils.java:logGet(43)) - raft.server.snapshot.auto.trigger.threshold = 10000 (custom)
2019-10-10 00:01:45,436 [pool-403-thread-1] INFO  server.RaftServerConfigKeys (ConfUtils.java:logGet(43)) - raft.server.notification.no-leader.timeout = 120s (custom)
2019-10-10 00:01:45,437 [pool-393-thread-1] INFO  server.RaftServerConfigKeys (ConfUtils.java:logGet(43)) - raft.server.snapshot.retention.file.num = 5 (custom)
2019-10-10 00:01:45,437 [pool-383-thread-1] INFO  server.RaftServerConfigKeys (ConfUtils.java:logGet(43)) - raft.server.snapshot.retention.file.num = 5 (custom)
2019-10-10 00:01:45,437 [pool-393-thread-1] INFO  server.RaftServerConfigKeys (ConfUtils.java:logGet(43)) - raft.server.retrycache.expirytime = 600000ms (custom)
2019-10-10 00:01:45,437 [pool-403-thread-1] INFO  server.RaftServerConfigKeys (ConfUtils.java:logGet(43)) - raft.server.log.use.memory = false (default)
2019-10-10 00:01:45,437 [pool-383-thread-1] INFO  server.RaftServerConfigKeys (ConfUtils.java:logGet(43)) - raft.server.retrycache.expirytime = 600000ms (custom)
2019-10-10 00:01:45,437 [pool-403-thread-1] INFO  server.RaftServerConfigKeys (ConfUtils.java:logGet(43)) - raft.server.log.purge.gap = 1000000 (custom)
2019-10-10 00:01:45,437 [pool-403-thread-1] INFO  server.RaftServerConfigKeys (ConfUtils.java:logGet(43)) - raft.server.log.appender.buffer.byte-limit = 33554432 (custom)
2019-10-10 00:01:45,437 [pool-403-thread-1] INFO  server.RaftServerConfigKeys (ConfUtils.java:logGet(43)) - raft.server.log.segment.size.max = 1048576 (custom)
2019-10-10 00:01:45,438 [pool-403-thread-1] INFO  server.RaftServerConfigKeys (ConfUtils.java:logGet(43)) - raft.server.log.segment.cache.num.max = 2 (custom)
2019-10-10 00:01:45,438 [pool-403-thread-1] INFO  segmented.SegmentedRaftLogWorker (SegmentedRaftLogWorker.java:<init>(173)) - new 8f652a8f-83fc-485f-8261-ffc4a6489a4f@group-2EA8FE10FE47-SegmentedRaftLogWorker for RaftStorage:Storage Directory /workdir/hadoop-ozone/integration-test/target/test-dir/MiniOzoneClusterImpl-c8dce9f5-5a7e-41b0-972e-b66a6036fa2a/datanode-2/data/ratis/62ef2101-f14e-470d-a142-2ea8fe10fe47
2019-10-10 00:01:45,438 [pool-403-thread-1] INFO  server.RaftServerConfigKeys (ConfUtils.java:logGet(43)) - raft.server.log.queue.byte-limit = 2147483647 (custom)
2019-10-10 00:01:45,438 [pool-403-thread-1] INFO  server.RaftServerConfigKeys (ConfUtils.java:logGet(43)) - raft.server.log.queue.element-limit = 1024 (custom)
2019-10-10 00:01:45,438 [pool-403-thread-1] INFO  server.RaftServerConfigKeys (ConfUtils.java:logGet(43)) - raft.server.log.segment.size.max = 1048576 (custom)
2019-10-10 00:01:45,438 [pool-403-thread-1] INFO  server.RaftServerConfigKeys (ConfUtils.java:logGet(43)) - raft.server.log.preallocated.size = 16384 (custom)
2019-10-10 00:01:45,438 [pool-403-thread-1] INFO  server.RaftServerConfigKeys (ConfUtils.java:logGet(43)) - raft.server.log.write.buffer.size = 33554432 (custom)
2019-10-10 00:01:45,438 [pool-403-thread-1] INFO  server.RaftServerConfigKeys (ConfUtils.java:logGet(43)) - raft.server.log.force.sync.num = 128 (default)
2019-10-10 00:01:45,438 [pool-403-thread-1] INFO  server.RaftServerConfigKeys (ConfUtils.java:logGet(43)) - raft.server.log.statemachine.data.sync = true (default)
2019-10-10 00:01:45,438 [pool-403-thread-1] INFO  server.RaftServerConfigKeys (ConfUtils.java:logGet(43)) - raft.server.log.statemachine.data.sync.timeout = 10s (default)
2019-10-10 00:01:45,438 [pool-403-thread-1] INFO  server.RaftServerConfigKeys (ConfUtils.java:logGet(43)) - raft.server.log.statemachine.data.sync.timeout.retry = -1 (default)
2019-10-10 00:01:45,439 [pool-403-thread-1] INFO  server.RaftServerConfigKeys (ConfUtils.java:logGet(43)) - raft.server.log.statemachine.data.caching.enabled = true (custom)
2019-10-10 00:01:45,439 [pool-403-thread-1] INFO  segmented.SegmentedRaftLogWorker (SegmentedRaftLogWorker.java:lambda$new$0(128)) - 8f652a8f-83fc-485f-8261-ffc4a6489a4f@group-2EA8FE10FE47-SegmentedRaftLogWorker: flushIndex: setUnconditionally 0 -> -1
2019-10-10 00:01:45,439 [pool-403-thread-1] INFO  server.RaftServerConfigKeys (ConfUtils.java:logGet(43)) - raft.server.snapshot.auto.trigger.enabled = true (custom)
2019-10-10 00:01:45,439 [pool-403-thread-1] INFO  server.RaftServerConfigKeys (ConfUtils.java:logGet(43)) - raft.server.snapshot.auto.trigger.threshold = 10000 (custom)
2019-10-10 00:01:45,439 [pool-403-thread-1] INFO  server.RaftServerConfigKeys (ConfUtils.java:logGet(43)) - raft.server.snapshot.retention.file.num = 5 (custom)
2019-10-10 00:01:45,439 [pool-383-thread-1] INFO  impl.RaftServerImpl (RaftServerImpl.java:start(181)) - c9e65df3-45bf-4dd6-ae39-7ce62a01d289@group-2EA8FE10FE47: start as a follower, conf=-1: [c9e65df3-45bf-4dd6-ae39-7ce62a01d289:192.168.30.20:45118, 8f652a8f-83fc-485f-8261-ffc4a6489a4f:192.168.30.20:32785, 25cab065-c995-47b0-a463-90382842bb3e:192.168.30.20:38858], old=null
2019-10-10 00:01:45,439 [pool-403-thread-1] INFO  server.RaftServerConfigKeys (ConfUtils.java:logGet(43)) - raft.server.retrycache.expirytime = 600000ms (custom)
2019-10-10 00:01:45,439 [pool-393-thread-1] INFO  impl.RaftServerImpl (RaftServerImpl.java:start(181)) - 25cab065-c995-47b0-a463-90382842bb3e@group-2EA8FE10FE47: start as a follower, conf=-1: [c9e65df3-45bf-4dd6-ae39-7ce62a01d289:192.168.30.20:45118, 8f652a8f-83fc-485f-8261-ffc4a6489a4f:192.168.30.20:32785, 25cab065-c995-47b0-a463-90382842bb3e:192.168.30.20:38858], old=null
2019-10-10 00:01:45,439 [pool-383-thread-1] INFO  impl.RaftServerImpl (RaftServerImpl.java:setRole(170)) - c9e65df3-45bf-4dd6-ae39-7ce62a01d289@group-2EA8FE10FE47: changes role from      null to FOLLOWER at term 0 for startAsFollower
2019-10-10 00:01:45,440 [pool-393-thread-1] INFO  impl.RaftServerImpl (RaftServerImpl.java:setRole(170)) - 25cab065-c995-47b0-a463-90382842bb3e@group-2EA8FE10FE47: changes role from      null to FOLLOWER at term 0 for startAsFollower
2019-10-10 00:01:45,440 [pool-383-thread-1] INFO  impl.RoleInfo (RoleInfo.java:updateAndGet(143)) - c9e65df3-45bf-4dd6-ae39-7ce62a01d289: start FollowerState
2019-10-10 00:01:45,440 [pool-393-thread-1] INFO  impl.RoleInfo (RoleInfo.java:updateAndGet(143)) - 25cab065-c995-47b0-a463-90382842bb3e: start FollowerState
2019-10-10 00:01:45,440 [pool-383-thread-1] INFO  util.JmxRegister (JmxRegister.java:tryRegister(44)) - Successfully registered JMX Bean with object name Ratis:service=RaftServer,group=group-2EA8FE10FE47,id=c9e65df3-45bf-4dd6-ae39-7ce62a01d289
2019-10-10 00:01:45,440 [pool-393-thread-1] INFO  util.JmxRegister (JmxRegister.java:tryRegister(44)) - Successfully registered JMX Bean with object name Ratis:service=RaftServer,group=group-2EA8FE10FE47,id=25cab065-c995-47b0-a463-90382842bb3e
2019-10-10 00:01:45,441 [pool-403-thread-1] INFO  impl.RaftServerImpl (RaftServerImpl.java:start(181)) - 8f652a8f-83fc-485f-8261-ffc4a6489a4f@group-2EA8FE10FE47: start as a follower, conf=-1: [c9e65df3-45bf-4dd6-ae39-7ce62a01d289:192.168.30.20:45118, 8f652a8f-83fc-485f-8261-ffc4a6489a4f:192.168.30.20:32785, 25cab065-c995-47b0-a463-90382842bb3e:192.168.30.20:38858], old=null
2019-10-10 00:01:45,441 [pool-403-thread-1] INFO  impl.RaftServerImpl (RaftServerImpl.java:setRole(170)) - 8f652a8f-83fc-485f-8261-ffc4a6489a4f@group-2EA8FE10FE47: changes role from      null to FOLLOWER at term 0 for startAsFollower
2019-10-10 00:01:45,441 [pool-403-thread-1] INFO  impl.RoleInfo (RoleInfo.java:updateAndGet(143)) - 8f652a8f-83fc-485f-8261-ffc4a6489a4f: start FollowerState
2019-10-10 00:01:45,442 [pool-403-thread-1] INFO  util.JmxRegister (JmxRegister.java:tryRegister(44)) - Successfully registered JMX Bean with object name Ratis:service=RaftServer,group=group-2EA8FE10FE47,id=8f652a8f-83fc-485f-8261-ffc4a6489a4f
2019-10-10 00:01:45,446 [RatisPipelineUtilsThread] INFO  pipeline.PipelineStateManager (PipelineStateManager.java:addPipeline(56)) - Created pipeline Pipeline[ Id: 62ef2101-f14e-470d-a142-2ea8fe10fe47, Nodes: c9e65df3-45bf-4dd6-ae39-7ce62a01d289{ip: 192.168.30.20, host: pr-hdds-2194-ljcxr-4216244270, networkLocation: /default-rack, certSerialId: null}8f652a8f-83fc-485f-8261-ffc4a6489a4f{ip: 192.168.30.20, host: pr-hdds-2194-ljcxr-4216244270, networkLocation: /default-rack, certSerialId: null}25cab065-c995-47b0-a463-90382842bb3e{ip: 192.168.30.20, host: pr-hdds-2194-ljcxr-4216244270, networkLocation: /default-rack, certSerialId: null}, Type:RATIS, Factor:THREE, State:OPEN]
2019-10-10 00:01:45,478 [IPC Server handler 6 on 35563] INFO  net.NetworkTopology (NetworkTopologyImpl.java:add(111)) - Added a new node: /default-rack/a8ced4b5-6d88-493d-8e29-f3136537723d
2019-10-10 00:01:45,478 [IPC Server handler 6 on 35563] INFO  node.SCMNodeManager (SCMNodeManager.java:register(268)) - Registered Data node : a8ced4b5-6d88-493d-8e29-f3136537723d{ip: 192.168.30.20, host: pr-hdds-2194-ljcxr-4216244270, networkLocation: /default-rack, certSerialId: null}
2019-10-10 00:01:45,485 [grpc-default-executor-5] INFO  impl.RaftServerProxy (RaftServerProxy.java:addNew(89)) - e29b9466-7351-4886-b5e2-e152884e8580: addNew group-2593D6C4D67A:[e29b9466-7351-4886-b5e2-e152884e8580:192.168.30.20:46073] returns group-2593D6C4D67A:java.util.concurrent.CompletableFuture@7a40e622[Not completed]
2019-10-10 00:01:45,488 [pool-413-thread-1] INFO  impl.RaftServerImpl (RaftServerImpl.java:<init>(95)) - e29b9466-7351-4886-b5e2-e152884e8580: new RaftServerImpl for group-2593D6C4D67A:[e29b9466-7351-4886-b5e2-e152884e8580:192.168.30.20:46073] with ContainerStateMachine:uninitialized
2019-10-10 00:01:45,488 [pool-413-thread-1] INFO  server.RaftServerConfigKeys (ConfUtils.java:logGet(43)) - raft.server.rpc.timeout.min = 5s (custom)
2019-10-10 00:01:45,488 [pool-413-thread-1] INFO  server.RaftServerConfigKeys (ConfUtils.java:logGet(43)) - raft.server.rpc.timeout.max = 5200ms (custom)
2019-10-10 00:01:45,488 [pool-413-thread-1] INFO  server.RaftServerConfigKeys (ConfUtils.java:logGet(43)) - raft.server.rpcslowness.timeout = 120s (custom)
2019-10-10 00:01:45,488 [pool-413-thread-1] INFO  server.RaftServerConfigKeys (ConfUtils.java:logGet(43)) - raft.server.sleep.deviation.threshold = 300 (default)
2019-10-10 00:01:45,488 [pool-413-thread-1] INFO  server.RaftServerConfigKeys (ConfUtils.java:logGet(43)) - raft.server.log.appender.install.snapshot.enabled = false (custom)
2019-10-10 00:01:45,488 [pool-413-thread-1] INFO  impl.RaftServerImpl (ServerState.java:<init>(103)) - e29b9466-7351-4886-b5e2-e152884e8580@group-2593D6C4D67A: ConfigurationManager, init=-1: [e29b9466-7351-4886-b5e2-e152884e8580:192.168.30.20:46073], old=null, confs=<EMPTY_MAP>
2019-10-10 00:01:45,489 [pool-413-thread-1] INFO  server.RaftServerConfigKeys (ConfUtils.java:logGet(43)) - raft.server.storage.dir = [/workdir/hadoop-ozone/integration-test/target/test-dir/MiniOzoneClusterImpl-c8dce9f5-5a7e-41b0-972e-b66a6036fa2a/datanode-3/data/ratis] (custom)
2019-10-10 00:01:45,489 [pool-413-thread-1] INFO  server.RaftServerConfigKeys (ConfUtils.java:logGet(43)) - raft.server.log.corruption.policy = EXCEPTION (default)
2019-10-10 00:01:45,489 [pool-413-thread-1] INFO  storage.RaftStorageDirectory (RaftStorageDirectory.java:analyzeStorage(246)) - The storage directory /workdir/hadoop-ozone/integration-test/target/test-dir/MiniOzoneClusterImpl-c8dce9f5-5a7e-41b0-972e-b66a6036fa2a/datanode-3/data/ratis/5f6a0079-0ada-4826-99f2-2593d6c4d67a does not exist. Creating ...
2019-10-10 00:01:45,493 [pool-413-thread-1] INFO  storage.RaftStorageDirectory (RaftStorageDirectory.java:tryLock(328)) - Lock on /workdir/hadoop-ozone/integration-test/target/test-dir/MiniOzoneClusterImpl-c8dce9f5-5a7e-41b0-972e-b66a6036fa2a/datanode-3/data/ratis/5f6a0079-0ada-4826-99f2-2593d6c4d67a/in_use.lock acquired by nodename 9599@pr-hdds-2194-ljcxr-4216244270
2019-10-10 00:01:45,496 [pool-413-thread-1] INFO  storage.RaftStorage (RaftStorage.java:format(84)) - Storage directory /workdir/hadoop-ozone/integration-test/target/test-dir/MiniOzoneClusterImpl-c8dce9f5-5a7e-41b0-972e-b66a6036fa2a/datanode-3/data/ratis/5f6a0079-0ada-4826-99f2-2593d6c4d67a has been successfully formatted.
2019-10-10 00:01:45,497 [pool-413-thread-1] INFO  ratis.ContainerStateMachine (ContainerStateMachine.java:loadSnapshot(231)) - group-2593D6C4D67A: The snapshot info is null. Setting the last applied indexto:(t:0, i:~)
2019-10-10 00:01:45,497 [pool-413-thread-1] INFO  server.RaftServerConfigKeys (ConfUtils.java:logGet(43)) - raft.server.notification.no-leader.timeout = 120s (custom)
2019-10-10 00:01:45,497 [pool-413-thread-1] INFO  server.RaftServerConfigKeys (ConfUtils.java:logGet(43)) - raft.server.log.use.memory = false (default)
2019-10-10 00:01:45,497 [pool-413-thread-1] INFO  server.RaftServerConfigKeys (ConfUtils.java:logGet(43)) - raft.server.log.purge.gap = 1000000 (custom)
2019-10-10 00:01:45,497 [pool-413-thread-1] INFO  server.RaftServerConfigKeys (ConfUtils.java:logGet(43)) - raft.server.log.appender.buffer.byte-limit = 33554432 (custom)
2019-10-10 00:01:45,497 [pool-413-thread-1] INFO  server.RaftServerConfigKeys (ConfUtils.java:logGet(43)) - raft.server.log.segment.size.max = 1048576 (custom)
2019-10-10 00:01:45,499 [pool-413-thread-1] INFO  server.RaftServerConfigKeys (ConfUtils.java:logGet(43)) - raft.server.log.segment.cache.num.max = 2 (custom)
2019-10-10 00:01:45,499 [pool-413-thread-1] INFO  segmented.SegmentedRaftLogWorker (SegmentedRaftLogWorker.java:<init>(173)) - new e29b9466-7351-4886-b5e2-e152884e8580@group-2593D6C4D67A-SegmentedRaftLogWorker for RaftStorage:Storage Directory /workdir/hadoop-ozone/integration-test/target/test-dir/MiniOzoneClusterImpl-c8dce9f5-5a7e-41b0-972e-b66a6036fa2a/datanode-3/data/ratis/5f6a0079-0ada-4826-99f2-2593d6c4d67a
2019-10-10 00:01:45,499 [pool-413-thread-1] INFO  server.RaftServerConfigKeys (ConfUtils.java:logGet(43)) - raft.server.log.queue.byte-limit = 2147483647 (custom)
2019-10-10 00:01:45,499 [pool-413-thread-1] INFO  server.RaftServerConfigKeys (ConfUtils.java:logGet(43)) - raft.server.log.queue.element-limit = 1024 (custom)
2019-10-10 00:01:45,499 [pool-413-thread-1] INFO  server.RaftServerConfigKeys (ConfUtils.java:logGet(43)) - raft.server.log.segment.size.max = 1048576 (custom)
2019-10-10 00:01:45,499 [pool-413-thread-1] INFO  server.RaftServerConfigKeys (ConfUtils.java:logGet(43)) - raft.server.log.preallocated.size = 16384 (custom)
2019-10-10 00:01:45,499 [pool-413-thread-1] INFO  server.RaftServerConfigKeys (ConfUtils.java:logGet(43)) - raft.server.log.write.buffer.size = 33554432 (custom)
2019-10-10 00:01:45,499 [pool-413-thread-1] INFO  server.RaftServerConfigKeys (ConfUtils.java:logGet(43)) - raft.server.log.force.sync.num = 128 (default)
2019-10-10 00:01:45,499 [pool-413-thread-1] INFO  server.RaftServerConfigKeys (ConfUtils.java:logGet(43)) - raft.server.log.statemachine.data.sync = true (default)
2019-10-10 00:01:45,500 [pool-413-thread-1] INFO  server.RaftServerConfigKeys (ConfUtils.java:logGet(43)) - raft.server.log.statemachine.data.sync.timeout = 10s (default)
2019-10-10 00:01:45,500 [pool-413-thread-1] INFO  server.RaftServerConfigKeys (ConfUtils.java:logGet(43)) - raft.server.log.statemachine.data.sync.timeout.retry = -1 (default)
2019-10-10 00:01:45,500 [pool-413-thread-1] INFO  server.RaftServerConfigKeys (ConfUtils.java:logGet(43)) - raft.server.log.statemachine.data.caching.enabled = true (custom)
2019-10-10 00:01:45,500 [pool-413-thread-1] INFO  segmented.SegmentedRaftLogWorker (SegmentedRaftLogWorker.java:lambda$new$0(128)) - e29b9466-7351-4886-b5e2-e152884e8580@group-2593D6C4D67A-SegmentedRaftLogWorker: flushIndex: setUnconditionally 0 -> -1
2019-10-10 00:01:45,500 [pool-413-thread-1] INFO  server.RaftServerConfigKeys (ConfUtils.java:logGet(43)) - raft.server.snapshot.auto.trigger.enabled = true (custom)
2019-10-10 00:01:45,501 [pool-413-thread-1] INFO  server.RaftServerConfigKeys (ConfUtils.java:logGet(43)) - raft.server.snapshot.auto.trigger.threshold = 10000 (custom)
2019-10-10 00:01:45,501 [pool-413-thread-1] INFO  server.RaftServerConfigKeys (ConfUtils.java:logGet(43)) - raft.server.snapshot.retention.file.num = 5 (custom)
2019-10-10 00:01:45,501 [pool-413-thread-1] INFO  server.RaftServerConfigKeys (ConfUtils.java:logGet(43)) - raft.server.retrycache.expirytime = 600000ms (custom)
2019-10-10 00:01:45,502 [pool-413-thread-1] INFO  impl.RaftServerImpl (RaftServerImpl.java:start(181)) - e29b9466-7351-4886-b5e2-e152884e8580@group-2593D6C4D67A: start as a follower, conf=-1: [e29b9466-7351-4886-b5e2-e152884e8580:192.168.30.20:46073], old=null
2019-10-10 00:01:45,502 [pool-413-thread-1] INFO  impl.RaftServerImpl (RaftServerImpl.java:setRole(170)) - e29b9466-7351-4886-b5e2-e152884e8580@group-2593D6C4D67A: changes role from      null to FOLLOWER at term 0 for startAsFollower
2019-10-10 00:01:45,503 [pool-413-thread-1] INFO  impl.RoleInfo (RoleInfo.java:updateAndGet(143)) - e29b9466-7351-4886-b5e2-e152884e8580: start FollowerState
2019-10-10 00:01:45,503 [pool-413-thread-1] INFO  util.JmxRegister (JmxRegister.java:tryRegister(44)) - Successfully registered JMX Bean with object name Ratis:service=RaftServer,group=group-2593D6C4D67A,id=e29b9466-7351-4886-b5e2-e152884e8580
2019-10-10 00:01:45,506 [RatisPipelineUtilsThread] INFO  pipeline.PipelineStateManager (PipelineStateManager.java:addPipeline(56)) - Created pipeline Pipeline[ Id: 5f6a0079-0ada-4826-99f2-2593d6c4d67a, Nodes: e29b9466-7351-4886-b5e2-e152884e8580{ip: 192.168.30.20, host: pr-hdds-2194-ljcxr-4216244270, networkLocation: /default-rack, certSerialId: null}, Type:RATIS, Factor:ONE, State:OPEN]
2019-10-10 00:01:45,514 [grpc-default-executor-5] INFO  impl.RaftServerProxy (RaftServerProxy.java:addNew(89)) - a8ced4b5-6d88-493d-8e29-f3136537723d: addNew group-A42439A84F55:[a8ced4b5-6d88-493d-8e29-f3136537723d:192.168.30.20:45352] returns group-A42439A84F55:java.util.concurrent.CompletableFuture@6070adea[Not completed]
2019-10-10 00:01:45,515 [pool-423-thread-1] INFO  impl.RaftServerImpl (RaftServerImpl.java:<init>(95)) - a8ced4b5-6d88-493d-8e29-f3136537723d: new RaftServerImpl for group-A42439A84F55:[a8ced4b5-6d88-493d-8e29-f3136537723d:192.168.30.20:45352] with ContainerStateMachine:uninitialized
2019-10-10 00:01:45,515 [pool-423-thread-1] INFO  server.RaftServerConfigKeys (ConfUtils.java:logGet(43)) - raft.server.rpc.timeout.min = 5s (custom)
2019-10-10 00:01:45,515 [pool-423-thread-1] INFO  server.RaftServerConfigKeys (ConfUtils.java:logGet(43)) - raft.server.rpc.timeout.max = 5200ms (custom)
2019-10-10 00:01:45,515 [pool-423-thread-1] INFO  server.RaftServerConfigKeys (ConfUtils.java:logGet(43)) - raft.server.rpcslowness.timeout = 120s (custom)
2019-10-10 00:01:45,515 [pool-423-thread-1] INFO  server.RaftServerConfigKeys (ConfUtils.java:logGet(43)) - raft.server.sleep.deviation.threshold = 300 (default)
2019-10-10 00:01:45,515 [pool-423-thread-1] INFO  server.RaftServerConfigKeys (ConfUtils.java:logGet(43)) - raft.server.log.appender.install.snapshot.enabled = false (custom)
2019-10-10 00:01:45,515 [pool-423-thread-1] INFO  impl.RaftServerImpl (ServerState.java:<init>(103)) - a8ced4b5-6d88-493d-8e29-f3136537723d@group-A42439A84F55: ConfigurationManager, init=-1: [a8ced4b5-6d88-493d-8e29-f3136537723d:192.168.30.20:45352], old=null, confs=<EMPTY_MAP>
2019-10-10 00:01:45,516 [pool-423-thread-1] INFO  server.RaftServerConfigKeys (ConfUtils.java:logGet(43)) - raft.server.storage.dir = [/workdir/hadoop-ozone/integration-test/target/test-dir/MiniOzoneClusterImpl-c8dce9f5-5a7e-41b0-972e-b66a6036fa2a/datanode-4/data/ratis] (custom)
2019-10-10 00:01:45,516 [pool-423-thread-1] INFO  server.RaftServerConfigKeys (ConfUtils.java:logGet(43)) - raft.server.log.corruption.policy = EXCEPTION (default)
2019-10-10 00:01:45,516 [pool-423-thread-1] INFO  storage.RaftStorageDirectory (RaftStorageDirectory.java:analyzeStorage(246)) - The storage directory /workdir/hadoop-ozone/integration-test/target/test-dir/MiniOzoneClusterImpl-c8dce9f5-5a7e-41b0-972e-b66a6036fa2a/datanode-4/data/ratis/39871ec5-9a61-44d6-9514-a42439a84f55 does not exist. Creating ...
2019-10-10 00:01:45,521 [pool-423-thread-1] INFO  storage.RaftStorageDirectory (RaftStorageDirectory.java:tryLock(328)) - Lock on /workdir/hadoop-ozone/integration-test/target/test-dir/MiniOzoneClusterImpl-c8dce9f5-5a7e-41b0-972e-b66a6036fa2a/datanode-4/data/ratis/39871ec5-9a61-44d6-9514-a42439a84f55/in_use.lock acquired by nodename 9599@pr-hdds-2194-ljcxr-4216244270
2019-10-10 00:01:45,533 [pool-423-thread-1] INFO  storage.RaftStorage (RaftStorage.java:format(84)) - Storage directory /workdir/hadoop-ozone/integration-test/target/test-dir/MiniOzoneClusterImpl-c8dce9f5-5a7e-41b0-972e-b66a6036fa2a/datanode-4/data/ratis/39871ec5-9a61-44d6-9514-a42439a84f55 has been successfully formatted.
2019-10-10 00:01:45,533 [pool-423-thread-1] INFO  ratis.ContainerStateMachine (ContainerStateMachine.java:loadSnapshot(231)) - group-A42439A84F55: The snapshot info is null. Setting the last applied indexto:(t:0, i:~)
2019-10-10 00:01:45,533 [pool-423-thread-1] INFO  server.RaftServerConfigKeys (ConfUtils.java:logGet(43)) - raft.server.notification.no-leader.timeout = 120s (custom)
2019-10-10 00:01:45,533 [pool-423-thread-1] INFO  server.RaftServerConfigKeys (ConfUtils.java:logGet(43)) - raft.server.log.use.memory = false (default)
2019-10-10 00:01:45,534 [pool-423-thread-1] INFO  server.RaftServerConfigKeys (ConfUtils.java:logGet(43)) - raft.server.log.purge.gap = 1000000 (custom)
2019-10-10 00:01:45,534 [pool-423-thread-1] INFO  server.RaftServerConfigKeys (ConfUtils.java:logGet(43)) - raft.server.log.appender.buffer.byte-limit = 33554432 (custom)
2019-10-10 00:01:45,534 [pool-423-thread-1] INFO  server.RaftServerConfigKeys (ConfUtils.java:logGet(43)) - raft.server.log.segment.size.max = 1048576 (custom)
2019-10-10 00:01:45,535 [pool-423-thread-1] INFO  server.RaftServerConfigKeys (ConfUtils.java:logGet(43)) - raft.server.log.segment.cache.num.max = 2 (custom)
2019-10-10 00:01:45,535 [pool-423-thread-1] INFO  segmented.SegmentedRaftLogWorker (SegmentedRaftLogWorker.java:<init>(173)) - new a8ced4b5-6d88-493d-8e29-f3136537723d@group-A42439A84F55-SegmentedRaftLogWorker for RaftStorage:Storage Directory /workdir/hadoop-ozone/integration-test/target/test-dir/MiniOzoneClusterImpl-c8dce9f5-5a7e-41b0-972e-b66a6036fa2a/datanode-4/data/ratis/39871ec5-9a61-44d6-9514-a42439a84f55
2019-10-10 00:01:45,535 [pool-423-thread-1] INFO  server.RaftServerConfigKeys (ConfUtils.java:logGet(43)) - raft.server.log.queue.byte-limit = 2147483647 (custom)
2019-10-10 00:01:45,535 [pool-423-thread-1] INFO  server.RaftServerConfigKeys (ConfUtils.java:logGet(43)) - raft.server.log.queue.element-limit = 1024 (custom)
2019-10-10 00:01:45,535 [pool-423-thread-1] INFO  server.RaftServerConfigKeys (ConfUtils.java:logGet(43)) - raft.server.log.segment.size.max = 1048576 (custom)
2019-10-10 00:01:45,535 [pool-423-thread-1] INFO  server.RaftServerConfigKeys (ConfUtils.java:logGet(43)) - raft.server.log.preallocated.size = 16384 (custom)
2019-10-10 00:01:45,535 [pool-423-thread-1] INFO  server.RaftServerConfigKeys (ConfUtils.java:logGet(43)) - raft.server.log.write.buffer.size = 33554432 (custom)
2019-10-10 00:01:45,536 [pool-423-thread-1] INFO  server.RaftServerConfigKeys (ConfUtils.java:logGet(43)) - raft.server.log.force.sync.num = 128 (default)
2019-10-10 00:01:45,536 [pool-423-thread-1] INFO  server.RaftServerConfigKeys (ConfUtils.java:logGet(43)) - raft.server.log.statemachine.data.sync = true (default)
2019-10-10 00:01:45,536 [pool-423-thread-1] INFO  server.RaftServerConfigKeys (ConfUtils.java:logGet(43)) - raft.server.log.statemachine.data.sync.timeout = 10s (default)
2019-10-10 00:01:45,536 [pool-423-thread-1] INFO  server.RaftServerConfigKeys (ConfUtils.java:logGet(43)) - raft.server.log.statemachine.data.sync.timeout.retry = -1 (default)
2019-10-10 00:01:45,536 [pool-423-thread-1] INFO  server.RaftServerConfigKeys (ConfUtils.java:logGet(43)) - raft.server.log.statemachine.data.caching.enabled = true (custom)
2019-10-10 00:01:45,536 [pool-423-thread-1] INFO  segmented.SegmentedRaftLogWorker (SegmentedRaftLogWorker.java:lambda$new$0(128)) - a8ced4b5-6d88-493d-8e29-f3136537723d@group-A42439A84F55-SegmentedRaftLogWorker: flushIndex: setUnconditionally 0 -> -1
2019-10-10 00:01:45,536 [pool-423-thread-1] INFO  server.RaftServerConfigKeys (ConfUtils.java:logGet(43)) - raft.server.snapshot.auto.trigger.enabled = true (custom)
2019-10-10 00:01:45,537 [pool-423-thread-1] INFO  server.RaftServerConfigKeys (ConfUtils.java:logGet(43)) - raft.server.snapshot.auto.trigger.threshold = 10000 (custom)
2019-10-10 00:01:45,537 [pool-423-thread-1] INFO  server.RaftServerConfigKeys (ConfUtils.java:logGet(43)) - raft.server.snapshot.retention.file.num = 5 (custom)
2019-10-10 00:01:45,537 [pool-423-thread-1] INFO  server.RaftServerConfigKeys (ConfUtils.java:logGet(43)) - raft.server.retrycache.expirytime = 600000ms (custom)
2019-10-10 00:01:45,538 [pool-423-thread-1] INFO  impl.RaftServerImpl (RaftServerImpl.java:start(181)) - a8ced4b5-6d88-493d-8e29-f3136537723d@group-A42439A84F55: start as a follower, conf=-1: [a8ced4b5-6d88-493d-8e29-f3136537723d:192.168.30.20:45352], old=null
2019-10-10 00:01:45,538 [pool-423-thread-1] INFO  impl.RaftServerImpl (RaftServerImpl.java:setRole(170)) - a8ced4b5-6d88-493d-8e29-f3136537723d@group-A42439A84F55: changes role from      null to FOLLOWER at term 0 for startAsFollower
2019-10-10 00:01:45,538 [pool-423-thread-1] INFO  impl.RoleInfo (RoleInfo.java:updateAndGet(143)) - a8ced4b5-6d88-493d-8e29-f3136537723d: start FollowerState
2019-10-10 00:01:45,538 [pool-423-thread-1] INFO  util.JmxRegister (JmxRegister.java:tryRegister(44)) - Successfully registered JMX Bean with object name Ratis:service=RaftServer,group=group-A42439A84F55,id=a8ced4b5-6d88-493d-8e29-f3136537723d
2019-10-10 00:01:45,540 [IPC Server handler 8 on 35563] INFO  net.NetworkTopology (NetworkTopologyImpl.java:add(111)) - Added a new node: /default-rack/529a44ef-bbfe-4f75-bb16-a8c2613c2992
2019-10-10 00:01:45,540 [IPC Server handler 8 on 35563] INFO  node.SCMNodeManager (SCMNodeManager.java:register(268)) - Registered Data node : 529a44ef-bbfe-4f75-bb16-a8c2613c2992{ip: 192.168.30.20, host: pr-hdds-2194-ljcxr-4216244270, networkLocation: /default-rack, certSerialId: null}
2019-10-10 00:01:45,542 [RatisPipelineUtilsThread] INFO  pipeline.PipelineStateManager (PipelineStateManager.java:addPipeline(56)) - Created pipeline Pipeline[ Id: 39871ec5-9a61-44d6-9514-a42439a84f55, Nodes: a8ced4b5-6d88-493d-8e29-f3136537723d{ip: 192.168.30.20, host: pr-hdds-2194-ljcxr-4216244270, networkLocation: /default-rack, certSerialId: null}, Type:RATIS, Factor:ONE, State:OPEN]
2019-10-10 00:01:45,549 [grpc-default-executor-5] INFO  impl.RaftServerProxy (RaftServerProxy.java:addNew(89)) - 529a44ef-bbfe-4f75-bb16-a8c2613c2992: addNew group-DB21EAEDFCF5:[529a44ef-bbfe-4f75-bb16-a8c2613c2992:192.168.30.20:39709] returns group-DB21EAEDFCF5:java.util.concurrent.CompletableFuture@431b599c[Not completed]
2019-10-10 00:01:45,550 [pool-433-thread-1] INFO  impl.RaftServerImpl (RaftServerImpl.java:<init>(95)) - 529a44ef-bbfe-4f75-bb16-a8c2613c2992: new RaftServerImpl for group-DB21EAEDFCF5:[529a44ef-bbfe-4f75-bb16-a8c2613c2992:192.168.30.20:39709] with ContainerStateMachine:uninitialized
2019-10-10 00:01:45,550 [pool-433-thread-1] INFO  server.RaftServerConfigKeys (ConfUtils.java:logGet(43)) - raft.server.rpc.timeout.min = 5s (custom)
2019-10-10 00:01:45,551 [pool-433-thread-1] INFO  server.RaftServerConfigKeys (ConfUtils.java:logGet(43)) - raft.server.rpc.timeout.max = 5200ms (custom)
2019-10-10 00:01:45,551 [pool-433-thread-1] INFO  server.RaftServerConfigKeys (ConfUtils.java:logGet(43)) - raft.server.rpcslowness.timeout = 120s (custom)
2019-10-10 00:01:45,551 [pool-433-thread-1] INFO  server.RaftServerConfigKeys (ConfUtils.java:logGet(43)) - raft.server.sleep.deviation.threshold = 300 (default)
2019-10-10 00:01:45,551 [pool-433-thread-1] INFO  server.RaftServerConfigKeys (ConfUtils.java:logGet(43)) - raft.server.log.appender.install.snapshot.enabled = false (custom)
2019-10-10 00:01:45,551 [pool-433-thread-1] INFO  impl.RaftServerImpl (ServerState.java:<init>(103)) - 529a44ef-bbfe-4f75-bb16-a8c2613c2992@group-DB21EAEDFCF5: ConfigurationManager, init=-1: [529a44ef-bbfe-4f75-bb16-a8c2613c2992:192.168.30.20:39709], old=null, confs=<EMPTY_MAP>
2019-10-10 00:01:45,551 [pool-433-thread-1] INFO  server.RaftServerConfigKeys (ConfUtils.java:logGet(43)) - raft.server.storage.dir = [/workdir/hadoop-ozone/integration-test/target/test-dir/MiniOzoneClusterImpl-c8dce9f5-5a7e-41b0-972e-b66a6036fa2a/datanode-5/data/ratis] (custom)
2019-10-10 00:01:45,551 [pool-433-thread-1] INFO  server.RaftServerConfigKeys (ConfUtils.java:logGet(43)) - raft.server.log.corruption.policy = EXCEPTION (default)
2019-10-10 00:01:45,551 [pool-433-thread-1] INFO  storage.RaftStorageDirectory (RaftStorageDirectory.java:analyzeStorage(246)) - The storage directory /workdir/hadoop-ozone/integration-test/target/test-dir/MiniOzoneClusterImpl-c8dce9f5-5a7e-41b0-972e-b66a6036fa2a/datanode-5/data/ratis/1895a01c-8507-4fb3-b4dc-db21eaedfcf5 does not exist. Creating ...
2019-10-10 00:01:45,564 [pool-433-thread-1] INFO  storage.RaftStorageDirectory (RaftStorageDirectory.java:tryLock(328)) - Lock on /workdir/hadoop-ozone/integration-test/target/test-dir/MiniOzoneClusterImpl-c8dce9f5-5a7e-41b0-972e-b66a6036fa2a/datanode-5/data/ratis/1895a01c-8507-4fb3-b4dc-db21eaedfcf5/in_use.lock acquired by nodename 9599@pr-hdds-2194-ljcxr-4216244270
2019-10-10 00:01:45,577 [pool-433-thread-1] INFO  storage.RaftStorage (RaftStorage.java:format(84)) - Storage directory /workdir/hadoop-ozone/integration-test/target/test-dir/MiniOzoneClusterImpl-c8dce9f5-5a7e-41b0-972e-b66a6036fa2a/datanode-5/data/ratis/1895a01c-8507-4fb3-b4dc-db21eaedfcf5 has been successfully formatted.
2019-10-10 00:01:45,577 [pool-433-thread-1] INFO  ratis.ContainerStateMachine (ContainerStateMachine.java:loadSnapshot(231)) - group-DB21EAEDFCF5: The snapshot info is null. Setting the last applied indexto:(t:0, i:~)
2019-10-10 00:01:45,577 [pool-433-thread-1] INFO  server.RaftServerConfigKeys (ConfUtils.java:logGet(43)) - raft.server.notification.no-leader.timeout = 120s (custom)
2019-10-10 00:01:45,577 [pool-433-thread-1] INFO  server.RaftServerConfigKeys (ConfUtils.java:logGet(43)) - raft.server.log.use.memory = false (default)
2019-10-10 00:01:45,577 [pool-433-thread-1] INFO  server.RaftServerConfigKeys (ConfUtils.java:logGet(43)) - raft.server.log.purge.gap = 1000000 (custom)
2019-10-10 00:01:45,577 [pool-433-thread-1] INFO  server.RaftServerConfigKeys (ConfUtils.java:logGet(43)) - raft.server.log.appender.buffer.byte-limit = 33554432 (custom)
2019-10-10 00:01:45,578 [pool-433-thread-1] INFO  server.RaftServerConfigKeys (ConfUtils.java:logGet(43)) - raft.server.log.segment.size.max = 1048576 (custom)
2019-10-10 00:01:45,579 [pool-433-thread-1] INFO  server.RaftServerConfigKeys (ConfUtils.java:logGet(43)) - raft.server.log.segment.cache.num.max = 2 (custom)
2019-10-10 00:01:45,579 [pool-433-thread-1] INFO  segmented.SegmentedRaftLogWorker (SegmentedRaftLogWorker.java:<init>(173)) - new 529a44ef-bbfe-4f75-bb16-a8c2613c2992@group-DB21EAEDFCF5-SegmentedRaftLogWorker for RaftStorage:Storage Directory /workdir/hadoop-ozone/integration-test/target/test-dir/MiniOzoneClusterImpl-c8dce9f5-5a7e-41b0-972e-b66a6036fa2a/datanode-5/data/ratis/1895a01c-8507-4fb3-b4dc-db21eaedfcf5
2019-10-10 00:01:45,579 [pool-433-thread-1] INFO  server.RaftServerConfigKeys (ConfUtils.java:logGet(43)) - raft.server.log.queue.byte-limit = 2147483647 (custom)
2019-10-10 00:01:45,579 [pool-433-thread-1] INFO  server.RaftServerConfigKeys (ConfUtils.java:logGet(43)) - raft.server.log.queue.element-limit = 1024 (custom)
2019-10-10 00:01:45,579 [pool-433-thread-1] INFO  server.RaftServerConfigKeys (ConfUtils.java:logGet(43)) - raft.server.log.segment.size.max = 1048576 (custom)
2019-10-10 00:01:45,579 [pool-433-thread-1] INFO  server.RaftServerConfigKeys (ConfUtils.java:logGet(43)) - raft.server.log.preallocated.size = 16384 (custom)
2019-10-10 00:01:45,579 [pool-433-thread-1] INFO  server.RaftServerConfigKeys (ConfUtils.java:logGet(43)) - raft.server.log.write.buffer.size = 33554432 (custom)
2019-10-10 00:01:45,579 [pool-433-thread-1] INFO  server.RaftServerConfigKeys (ConfUtils.java:logGet(43)) - raft.server.log.force.sync.num = 128 (default)
2019-10-10 00:01:45,580 [pool-433-thread-1] INFO  server.RaftServerConfigKeys (ConfUtils.java:logGet(43)) - raft.server.log.statemachine.data.sync = true (default)
2019-10-10 00:01:45,580 [pool-433-thread-1] INFO  server.RaftServerConfigKeys (ConfUtils.java:logGet(43)) - raft.server.log.statemachine.data.sync.timeout = 10s (default)
2019-10-10 00:01:45,580 [pool-433-thread-1] INFO  server.RaftServerConfigKeys (ConfUtils.java:logGet(43)) - raft.server.log.statemachine.data.sync.timeout.retry = -1 (default)
2019-10-10 00:01:45,580 [pool-433-thread-1] INFO  server.RaftServerConfigKeys (ConfUtils.java:logGet(43)) - raft.server.log.statemachine.data.caching.enabled = true (custom)
2019-10-10 00:01:45,580 [pool-433-thread-1] INFO  segmented.SegmentedRaftLogWorker (SegmentedRaftLogWorker.java:lambda$new$0(128)) - 529a44ef-bbfe-4f75-bb16-a8c2613c2992@group-DB21EAEDFCF5-SegmentedRaftLogWorker: flushIndex: setUnconditionally 0 -> -1
2019-10-10 00:01:45,581 [pool-433-thread-1] INFO  server.RaftServerConfigKeys (ConfUtils.java:logGet(43)) - raft.server.snapshot.auto.trigger.enabled = true (custom)
2019-10-10 00:01:45,581 [pool-433-thread-1] INFO  server.RaftServerConfigKeys (ConfUtils.java:logGet(43)) - raft.server.snapshot.auto.trigger.threshold = 10000 (custom)
2019-10-10 00:01:45,581 [pool-433-thread-1] INFO  server.RaftServerConfigKeys (ConfUtils.java:logGet(43)) - raft.server.snapshot.retention.file.num = 5 (custom)
2019-10-10 00:01:45,581 [pool-433-thread-1] INFO  server.RaftServerConfigKeys (ConfUtils.java:logGet(43)) - raft.server.retrycache.expirytime = 600000ms (custom)
2019-10-10 00:01:45,582 [pool-433-thread-1] INFO  impl.RaftServerImpl (RaftServerImpl.java:start(181)) - 529a44ef-bbfe-4f75-bb16-a8c2613c2992@group-DB21EAEDFCF5: start as a follower, conf=-1: [529a44ef-bbfe-4f75-bb16-a8c2613c2992:192.168.30.20:39709], old=null
2019-10-10 00:01:45,582 [pool-433-thread-1] INFO  impl.RaftServerImpl (RaftServerImpl.java:setRole(170)) - 529a44ef-bbfe-4f75-bb16-a8c2613c2992@group-DB21EAEDFCF5: changes role from      null to FOLLOWER at term 0 for startAsFollower
2019-10-10 00:01:45,582 [pool-433-thread-1] INFO  impl.RoleInfo (RoleInfo.java:updateAndGet(143)) - 529a44ef-bbfe-4f75-bb16-a8c2613c2992: start FollowerState
2019-10-10 00:01:45,583 [pool-433-thread-1] INFO  util.JmxRegister (JmxRegister.java:tryRegister(44)) - Successfully registered JMX Bean with object name Ratis:service=RaftServer,group=group-DB21EAEDFCF5,id=529a44ef-bbfe-4f75-bb16-a8c2613c2992
2019-10-10 00:01:45,586 [RatisPipelineUtilsThread] INFO  pipeline.PipelineStateManager (PipelineStateManager.java:addPipeline(56)) - Created pipeline Pipeline[ Id: 1895a01c-8507-4fb3-b4dc-db21eaedfcf5, Nodes: 529a44ef-bbfe-4f75-bb16-a8c2613c2992{ip: 192.168.30.20, host: pr-hdds-2194-ljcxr-4216244270, networkLocation: /default-rack, certSerialId: null}, Type:RATIS, Factor:ONE, State:OPEN]
2019-10-10 00:01:45,608 [grpc-default-executor-3] INFO  impl.RaftServerProxy (RaftServerProxy.java:addNew(89)) - e29b9466-7351-4886-b5e2-e152884e8580: addNew group-894264BA73B1:[e29b9466-7351-4886-b5e2-e152884e8580:192.168.30.20:46073, 529a44ef-bbfe-4f75-bb16-a8c2613c2992:192.168.30.20:39709, a8ced4b5-6d88-493d-8e29-f3136537723d:192.168.30.20:45352] returns group-894264BA73B1:java.util.concurrent.CompletableFuture@556db619[Not completed]
2019-10-10 00:01:45,608 [grpc-default-executor-6] INFO  impl.RaftServerProxy (RaftServerProxy.java:addNew(89)) - a8ced4b5-6d88-493d-8e29-f3136537723d: addNew group-894264BA73B1:[e29b9466-7351-4886-b5e2-e152884e8580:192.168.30.20:46073, 529a44ef-bbfe-4f75-bb16-a8c2613c2992:192.168.30.20:39709, a8ced4b5-6d88-493d-8e29-f3136537723d:192.168.30.20:45352] returns group-894264BA73B1:java.util.concurrent.CompletableFuture@2f6c0c01[Not completed]
2019-10-10 00:01:45,608 [grpc-default-executor-5] INFO  impl.RaftServerProxy (RaftServerProxy.java:addNew(89)) - 529a44ef-bbfe-4f75-bb16-a8c2613c2992: addNew group-894264BA73B1:[e29b9466-7351-4886-b5e2-e152884e8580:192.168.30.20:46073, 529a44ef-bbfe-4f75-bb16-a8c2613c2992:192.168.30.20:39709, a8ced4b5-6d88-493d-8e29-f3136537723d:192.168.30.20:45352] returns group-894264BA73B1:java.util.concurrent.CompletableFuture@5ad0cca2[Not completed]
2019-10-10 00:01:45,610 [pool-423-thread-1] INFO  impl.RaftServerImpl (RaftServerImpl.java:<init>(95)) - a8ced4b5-6d88-493d-8e29-f3136537723d: new RaftServerImpl for group-894264BA73B1:[e29b9466-7351-4886-b5e2-e152884e8580:192.168.30.20:46073, 529a44ef-bbfe-4f75-bb16-a8c2613c2992:192.168.30.20:39709, a8ced4b5-6d88-493d-8e29-f3136537723d:192.168.30.20:45352] with ContainerStateMachine:uninitialized
2019-10-10 00:01:45,610 [pool-423-thread-1] INFO  server.RaftServerConfigKeys (ConfUtils.java:logGet(43)) - raft.server.rpc.timeout.min = 5s (custom)
2019-10-10 00:01:45,610 [pool-423-thread-1] INFO  server.RaftServerConfigKeys (ConfUtils.java:logGet(43)) - raft.server.rpc.timeout.max = 5200ms (custom)
2019-10-10 00:01:45,610 [pool-413-thread-1] INFO  impl.RaftServerImpl (RaftServerImpl.java:<init>(95)) - e29b9466-7351-4886-b5e2-e152884e8580: new RaftServerImpl for group-894264BA73B1:[e29b9466-7351-4886-b5e2-e152884e8580:192.168.30.20:46073, 529a44ef-bbfe-4f75-bb16-a8c2613c2992:192.168.30.20:39709, a8ced4b5-6d88-493d-8e29-f3136537723d:192.168.30.20:45352] with ContainerStateMachine:uninitialized
2019-10-10 00:01:45,610 [pool-423-thread-1] INFO  server.RaftServerConfigKeys (ConfUtils.java:logGet(43)) - raft.server.rpcslowness.timeout = 120s (custom)
2019-10-10 00:01:45,610 [pool-413-thread-1] INFO  server.RaftServerConfigKeys (ConfUtils.java:logGet(43)) - raft.server.rpc.timeout.min = 5s (custom)
2019-10-10 00:01:45,611 [pool-433-thread-1] INFO  impl.RaftServerImpl (RaftServerImpl.java:<init>(95)) - 529a44ef-bbfe-4f75-bb16-a8c2613c2992: new RaftServerImpl for group-894264BA73B1:[e29b9466-7351-4886-b5e2-e152884e8580:192.168.30.20:46073, 529a44ef-bbfe-4f75-bb16-a8c2613c2992:192.168.30.20:39709, a8ced4b5-6d88-493d-8e29-f3136537723d:192.168.30.20:45352] with ContainerStateMachine:uninitialized
2019-10-10 00:01:45,611 [pool-423-thread-1] INFO  server.RaftServerConfigKeys (ConfUtils.java:logGet(43)) - raft.server.sleep.deviation.threshold = 300 (default)
2019-10-10 00:01:45,611 [pool-433-thread-1] INFO  server.RaftServerConfigKeys (ConfUtils.java:logGet(43)) - raft.server.rpc.timeout.min = 5s (custom)
2019-10-10 00:01:45,611 [pool-413-thread-1] INFO  server.RaftServerConfigKeys (ConfUtils.java:logGet(43)) - raft.server.rpc.timeout.max = 5200ms (custom)
2019-10-10 00:01:45,611 [pool-433-thread-1] INFO  server.RaftServerConfigKeys (ConfUtils.java:logGet(43)) - raft.server.rpc.timeout.max = 5200ms (custom)
2019-10-10 00:01:45,611 [pool-423-thread-1] INFO  server.RaftServerConfigKeys (ConfUtils.java:logGet(43)) - raft.server.log.appender.install.snapshot.enabled = false (custom)
2019-10-10 00:01:45,611 [pool-433-thread-1] INFO  server.RaftServerConfigKeys (ConfUtils.java:logGet(43)) - raft.server.rpcslowness.timeout = 120s (custom)
2019-10-10 00:01:45,611 [pool-413-thread-1] INFO  server.RaftServerConfigKeys (ConfUtils.java:logGet(43)) - raft.server.rpcslowness.timeout = 120s (custom)
2019-10-10 00:01:45,611 [pool-433-thread-1] INFO  server.RaftServerConfigKeys (ConfUtils.java:logGet(43)) - raft.server.sleep.deviation.threshold = 300 (default)
2019-10-10 00:01:45,611 [pool-423-thread-1] INFO  impl.RaftServerImpl (ServerState.java:<init>(103)) - a8ced4b5-6d88-493d-8e29-f3136537723d@group-894264BA73B1: ConfigurationManager, init=-1: [e29b9466-7351-4886-b5e2-e152884e8580:192.168.30.20:46073, 529a44ef-bbfe-4f75-bb16-a8c2613c2992:192.168.30.20:39709, a8ced4b5-6d88-493d-8e29-f3136537723d:192.168.30.20:45352], old=null, confs=<EMPTY_MAP>
2019-10-10 00:01:45,612 [pool-433-thread-1] INFO  server.RaftServerConfigKeys (ConfUtils.java:logGet(43)) - raft.server.log.appender.install.snapshot.enabled = false (custom)
2019-10-10 00:01:45,612 [pool-423-thread-1] INFO  server.RaftServerConfigKeys (ConfUtils.java:logGet(43)) - raft.server.storage.dir = [/workdir/hadoop-ozone/integration-test/target/test-dir/MiniOzoneClusterImpl-c8dce9f5-5a7e-41b0-972e-b66a6036fa2a/datanode-4/data/ratis] (custom)
2019-10-10 00:01:45,611 [pool-413-thread-1] INFO  server.RaftServerConfigKeys (ConfUtils.java:logGet(43)) - raft.server.sleep.deviation.threshold = 300 (default)
2019-10-10 00:01:45,612 [pool-433-thread-1] INFO  impl.RaftServerImpl (ServerState.java:<init>(103)) - 529a44ef-bbfe-4f75-bb16-a8c2613c2992@group-894264BA73B1: ConfigurationManager, init=-1: [e29b9466-7351-4886-b5e2-e152884e8580:192.168.30.20:46073, 529a44ef-bbfe-4f75-bb16-a8c2613c2992:192.168.30.20:39709, a8ced4b5-6d88-493d-8e29-f3136537723d:192.168.30.20:45352], old=null, confs=<EMPTY_MAP>
2019-10-10 00:01:45,612 [pool-413-thread-1] INFO  server.RaftServerConfigKeys (ConfUtils.java:logGet(43)) - raft.server.log.appender.install.snapshot.enabled = false (custom)
2019-10-10 00:01:45,612 [pool-433-thread-1] INFO  server.RaftServerConfigKeys (ConfUtils.java:logGet(43)) - raft.server.storage.dir = [/workdir/hadoop-ozone/integration-test/target/test-dir/MiniOzoneClusterImpl-c8dce9f5-5a7e-41b0-972e-b66a6036fa2a/datanode-5/data/ratis] (custom)
2019-10-10 00:01:45,612 [pool-423-thread-1] INFO  server.RaftServerConfigKeys (ConfUtils.java:logGet(43)) - raft.server.log.corruption.policy = EXCEPTION (default)
2019-10-10 00:01:45,612 [pool-433-thread-1] INFO  server.RaftServerConfigKeys (ConfUtils.java:logGet(43)) - raft.server.log.corruption.policy = EXCEPTION (default)
2019-10-10 00:01:45,612 [pool-413-thread-1] INFO  impl.RaftServerImpl (ServerState.java:<init>(103)) - e29b9466-7351-4886-b5e2-e152884e8580@group-894264BA73B1: ConfigurationManager, init=-1: [e29b9466-7351-4886-b5e2-e152884e8580:192.168.30.20:46073, 529a44ef-bbfe-4f75-bb16-a8c2613c2992:192.168.30.20:39709, a8ced4b5-6d88-493d-8e29-f3136537723d:192.168.30.20:45352], old=null, confs=<EMPTY_MAP>
2019-10-10 00:01:45,612 [pool-433-thread-1] INFO  storage.RaftStorageDirectory (RaftStorageDirectory.java:analyzeStorage(246)) - The storage directory /workdir/hadoop-ozone/integration-test/target/test-dir/MiniOzoneClusterImpl-c8dce9f5-5a7e-41b0-972e-b66a6036fa2a/datanode-5/data/ratis/da67ee0a-5d0e-479f-95b8-894264ba73b1 does not exist. Creating ...
2019-10-10 00:01:45,612 [pool-423-thread-1] INFO  storage.RaftStorageDirectory (RaftStorageDirectory.java:analyzeStorage(246)) - The storage directory /workdir/hadoop-ozone/integration-test/target/test-dir/MiniOzoneClusterImpl-c8dce9f5-5a7e-41b0-972e-b66a6036fa2a/datanode-4/data/ratis/da67ee0a-5d0e-479f-95b8-894264ba73b1 does not exist. Creating ...
2019-10-10 00:01:45,613 [pool-413-thread-1] INFO  server.RaftServerConfigKeys (ConfUtils.java:logGet(43)) - raft.server.storage.dir = [/workdir/hadoop-ozone/integration-test/target/test-dir/MiniOzoneClusterImpl-c8dce9f5-5a7e-41b0-972e-b66a6036fa2a/datanode-3/data/ratis] (custom)
2019-10-10 00:01:45,613 [pool-413-thread-1] INFO  server.RaftServerConfigKeys (ConfUtils.java:logGet(43)) - raft.server.log.corruption.policy = EXCEPTION (default)
2019-10-10 00:01:45,613 [pool-413-thread-1] INFO  storage.RaftStorageDirectory (RaftStorageDirectory.java:analyzeStorage(246)) - The storage directory /workdir/hadoop-ozone/integration-test/target/test-dir/MiniOzoneClusterImpl-c8dce9f5-5a7e-41b0-972e-b66a6036fa2a/datanode-3/data/ratis/da67ee0a-5d0e-479f-95b8-894264ba73b1 does not exist. Creating ...
2019-10-10 00:01:45,618 [main] INFO  ozone.MiniOzoneClusterImpl (MiniOzoneClusterImpl.java:lambda$waitForClusterToBeReady$0(147)) - Waiting for cluster to be ready. Got 6 of 7 DN Heartbeats.
2019-10-10 00:01:45,621 [IPC Server handler 0 on 35563] INFO  net.NetworkTopology (NetworkTopologyImpl.java:add(111)) - Added a new node: /default-rack/5b86d9ca-52cc-4995-ab70-5af1072a8d6e
2019-10-10 00:01:45,621 [IPC Server handler 0 on 35563] INFO  node.SCMNodeManager (SCMNodeManager.java:register(268)) - Registered Data node : 5b86d9ca-52cc-4995-ab70-5af1072a8d6e{ip: 192.168.30.20, host: pr-hdds-2194-ljcxr-4216244270, networkLocation: /default-rack, certSerialId: null}
2019-10-10 00:01:45,626 [pool-423-thread-1] INFO  storage.RaftStorageDirectory (RaftStorageDirectory.java:tryLock(328)) - Lock on /workdir/hadoop-ozone/integration-test/target/test-dir/MiniOzoneClusterImpl-c8dce9f5-5a7e-41b0-972e-b66a6036fa2a/datanode-4/data/ratis/da67ee0a-5d0e-479f-95b8-894264ba73b1/in_use.lock acquired by nodename 9599@pr-hdds-2194-ljcxr-4216244270
2019-10-10 00:01:45,626 [pool-433-thread-1] INFO  storage.RaftStorageDirectory (RaftStorageDirectory.java:tryLock(328)) - Lock on /workdir/hadoop-ozone/integration-test/target/test-dir/MiniOzoneClusterImpl-c8dce9f5-5a7e-41b0-972e-b66a6036fa2a/datanode-5/data/ratis/da67ee0a-5d0e-479f-95b8-894264ba73b1/in_use.lock acquired by nodename 9599@pr-hdds-2194-ljcxr-4216244270
2019-10-10 00:01:45,626 [pool-413-thread-1] INFO  storage.RaftStorageDirectory (RaftStorageDirectory.java:tryLock(328)) - Lock on /workdir/hadoop-ozone/integration-test/target/test-dir/MiniOzoneClusterImpl-c8dce9f5-5a7e-41b0-972e-b66a6036fa2a/datanode-3/data/ratis/da67ee0a-5d0e-479f-95b8-894264ba73b1/in_use.lock acquired by nodename 9599@pr-hdds-2194-ljcxr-4216244270
2019-10-10 00:01:45,640 [pool-413-thread-1] INFO  storage.RaftStorage (RaftStorage.java:format(84)) - Storage directory /workdir/hadoop-ozone/integration-test/target/test-dir/MiniOzoneClusterImpl-c8dce9f5-5a7e-41b0-972e-b66a6036fa2a/datanode-3/data/ratis/da67ee0a-5d0e-479f-95b8-894264ba73b1 has been successfully formatted.
2019-10-10 00:01:45,640 [pool-433-thread-1] INFO  storage.RaftStorage (RaftStorage.java:format(84)) - Storage directory /workdir/hadoop-ozone/integration-test/target/test-dir/MiniOzoneClusterImpl-c8dce9f5-5a7e-41b0-972e-b66a6036fa2a/datanode-5/data/ratis/da67ee0a-5d0e-479f-95b8-894264ba73b1 has been successfully formatted.
2019-10-10 00:01:45,640 [pool-413-thread-1] INFO  ratis.ContainerStateMachine (ContainerStateMachine.java:loadSnapshot(231)) - group-894264BA73B1: The snapshot info is null. Setting the last applied indexto:(t:0, i:~)
2019-10-10 00:01:45,640 [pool-423-thread-1] INFO  storage.RaftStorage (RaftStorage.java:format(84)) - Storage directory /workdir/hadoop-ozone/integration-test/target/test-dir/MiniOzoneClusterImpl-c8dce9f5-5a7e-41b0-972e-b66a6036fa2a/datanode-4/data/ratis/da67ee0a-5d0e-479f-95b8-894264ba73b1 has been successfully formatted.
2019-10-10 00:01:45,640 [pool-413-thread-1] INFO  server.RaftServerConfigKeys (ConfUtils.java:logGet(43)) - raft.server.notification.no-leader.timeout = 120s (custom)
2019-10-10 00:01:45,640 [pool-433-thread-1] INFO  ratis.ContainerStateMachine (ContainerStateMachine.java:loadSnapshot(231)) - group-894264BA73B1: The snapshot info is null. Setting the last applied indexto:(t:0, i:~)
2019-10-10 00:01:45,640 [pool-413-thread-1] INFO  server.RaftServerConfigKeys (ConfUtils.java:logGet(43)) - raft.server.log.use.memory = false (default)
2019-10-10 00:01:45,640 [pool-423-thread-1] INFO  ratis.ContainerStateMachine (ContainerStateMachine.java:loadSnapshot(231)) - group-894264BA73B1: The snapshot info is null. Setting the last applied indexto:(t:0, i:~)
2019-10-10 00:01:45,641 [pool-413-thread-1] INFO  server.RaftServerConfigKeys (ConfUtils.java:logGet(43)) - raft.server.log.purge.gap = 1000000 (custom)
2019-10-10 00:01:45,641 [pool-423-thread-1] INFO  server.RaftServerConfigKeys (ConfUtils.java:logGet(43)) - raft.server.notification.no-leader.timeout = 120s (custom)
2019-10-10 00:01:45,641 [pool-413-thread-1] INFO  server.RaftServerConfigKeys (ConfUtils.java:logGet(43)) - raft.server.log.appender.buffer.byte-limit = 33554432 (custom)
2019-10-10 00:01:45,641 [pool-423-thread-1] INFO  server.RaftServerConfigKeys (ConfUtils.java:logGet(43)) - raft.server.log.use.memory = false (default)
2019-10-10 00:01:45,642 [pool-413-thread-1] INFO  server.RaftServerConfigKeys (ConfUtils.java:logGet(43)) - raft.server.log.segment.size.max = 1048576 (custom)
2019-10-10 00:01:45,642 [pool-423-thread-1] INFO  server.RaftServerConfigKeys (ConfUtils.java:logGet(43)) - raft.server.log.purge.gap = 1000000 (custom)
2019-10-10 00:01:45,642 [pool-413-thread-1] INFO  server.RaftServerConfigKeys (ConfUtils.java:logGet(43)) - raft.server.log.segment.cache.num.max = 2 (custom)
2019-10-10 00:01:45,642 [pool-423-thread-1] INFO  server.RaftServerConfigKeys (ConfUtils.java:logGet(43)) - raft.server.log.appender.buffer.byte-limit = 33554432 (custom)
2019-10-10 00:01:45,642 [pool-413-thread-1] INFO  segmented.SegmentedRaftLogWorker (SegmentedRaftLogWorker.java:<init>(173)) - new e29b9466-7351-4886-b5e2-e152884e8580@group-894264BA73B1-SegmentedRaftLogWorker for RaftStorage:Storage Directory /workdir/hadoop-ozone/integration-test/target/test-dir/MiniOzoneClusterImpl-c8dce9f5-5a7e-41b0-972e-b66a6036fa2a/datanode-3/data/ratis/da67ee0a-5d0e-479f-95b8-894264ba73b1
2019-10-10 00:01:45,642 [pool-423-thread-1] INFO  server.RaftServerConfigKeys (ConfUtils.java:logGet(43)) - raft.server.log.segment.size.max = 1048576 (custom)
2019-10-10 00:01:45,643 [pool-413-thread-1] INFO  server.RaftServerConfigKeys (ConfUtils.java:logGet(43)) - raft.server.log.queue.byte-limit = 2147483647 (custom)
2019-10-10 00:01:45,643 [pool-423-thread-1] INFO  server.RaftServerConfigKeys (ConfUtils.java:logGet(43)) - raft.server.log.segment.cache.num.max = 2 (custom)
2019-10-10 00:01:45,643 [pool-433-thread-1] INFO  server.RaftServerConfigKeys (ConfUtils.java:logGet(43)) - raft.server.notification.no-leader.timeout = 120s (custom)
2019-10-10 00:01:45,643 [pool-413-thread-1] INFO  server.RaftServerConfigKeys (ConfUtils.java:logGet(43)) - raft.server.log.queue.element-limit = 1024 (custom)
2019-10-10 00:01:45,643 [pool-433-thread-1] INFO  server.RaftServerConfigKeys (ConfUtils.java:logGet(43)) - raft.server.log.use.memory = false (default)
2019-10-10 00:01:45,643 [pool-423-thread-1] INFO  segmented.SegmentedRaftLogWorker (SegmentedRaftLogWorker.java:<init>(173)) - new a8ced4b5-6d88-493d-8e29-f3136537723d@group-894264BA73B1-SegmentedRaftLogWorker for RaftStorage:Storage Directory /workdir/hadoop-ozone/integration-test/target/test-dir/MiniOzoneClusterImpl-c8dce9f5-5a7e-41b0-972e-b66a6036fa2a/datanode-4/data/ratis/da67ee0a-5d0e-479f-95b8-894264ba73b1
2019-10-10 00:01:45,644 [pool-433-thread-1] INFO  server.RaftServerConfigKeys (ConfUtils.java:logGet(43)) - raft.server.log.purge.gap = 1000000 (custom)
2019-10-10 00:01:45,643 [pool-413-thread-1] INFO  server.RaftServerConfigKeys (ConfUtils.java:logGet(43)) - raft.server.log.segment.size.max = 1048576 (custom)
2019-10-10 00:01:45,644 [pool-433-thread-1] INFO  server.RaftServerConfigKeys (ConfUtils.java:logGet(43)) - raft.server.log.appender.buffer.byte-limit = 33554432 (custom)
2019-10-10 00:01:45,644 [pool-423-thread-1] INFO  server.RaftServerConfigKeys (ConfUtils.java:logGet(43)) - raft.server.log.queue.byte-limit = 2147483647 (custom)
2019-10-10 00:01:45,644 [pool-433-thread-1] INFO  server.RaftServerConfigKeys (ConfUtils.java:logGet(43)) - raft.server.log.segment.size.max = 1048576 (custom)
2019-10-10 00:01:45,644 [pool-413-thread-1] INFO  server.RaftServerConfigKeys (ConfUtils.java:logGet(43)) - raft.server.log.preallocated.size = 16384 (custom)
2019-10-10 00:01:45,645 [pool-433-thread-1] INFO  server.RaftServerConfigKeys (ConfUtils.java:logGet(43)) - raft.server.log.segment.cache.num.max = 2 (custom)
2019-10-10 00:01:45,644 [pool-423-thread-1] INFO  server.RaftServerConfigKeys (ConfUtils.java:logGet(43)) - raft.server.log.queue.element-limit = 1024 (custom)
2019-10-10 00:01:45,645 [pool-433-thread-1] INFO  segmented.SegmentedRaftLogWorker (SegmentedRaftLogWorker.java:<init>(173)) - new 529a44ef-bbfe-4f75-bb16-a8c2613c2992@group-894264BA73B1-SegmentedRaftLogWorker for RaftStorage:Storage Directory /workdir/hadoop-ozone/integration-test/target/test-dir/MiniOzoneClusterImpl-c8dce9f5-5a7e-41b0-972e-b66a6036fa2a/datanode-5/data/ratis/da67ee0a-5d0e-479f-95b8-894264ba73b1
2019-10-10 00:01:45,645 [pool-413-thread-1] INFO  server.RaftServerConfigKeys (ConfUtils.java:logGet(43)) - raft.server.log.write.buffer.size = 33554432 (custom)
2019-10-10 00:01:45,645 [pool-433-thread-1] INFO  server.RaftServerConfigKeys (ConfUtils.java:logGet(43)) - raft.server.log.queue.byte-limit = 2147483647 (custom)
2019-10-10 00:01:45,645 [pool-423-thread-1] INFO  server.RaftServerConfigKeys (ConfUtils.java:logGet(43)) - raft.server.log.segment.size.max = 1048576 (custom)
2019-10-10 00:01:45,646 [pool-433-thread-1] INFO  server.RaftServerConfigKeys (ConfUtils.java:logGet(43)) - raft.server.log.queue.element-limit = 1024 (custom)
2019-10-10 00:01:45,645 [pool-413-thread-1] INFO  server.RaftServerConfigKeys (ConfUtils.java:logGet(43)) - raft.server.log.force.sync.num = 128 (default)
2019-10-10 00:01:45,646 [pool-433-thread-1] INFO  server.RaftServerConfigKeys (ConfUtils.java:logGet(43)) - raft.server.log.segment.size.max = 1048576 (custom)
2019-10-10 00:01:45,646 [pool-423-thread-1] INFO  server.RaftServerConfigKeys (ConfUtils.java:logGet(43)) - raft.server.log.preallocated.size = 16384 (custom)
2019-10-10 00:01:45,646 [pool-433-thread-1] INFO  server.RaftServerConfigKeys (ConfUtils.java:logGet(43)) - raft.server.log.preallocated.size = 16384 (custom)
2019-10-10 00:01:45,646 [pool-413-thread-1] INFO  server.RaftServerConfigKeys (ConfUtils.java:logGet(43)) - raft.server.log.statemachine.data.sync = true (default)
2019-10-10 00:01:45,646 [pool-423-thread-1] INFO  server.RaftServerConfigKeys (ConfUtils.java:logGet(43)) - raft.server.log.write.buffer.size = 33554432 (custom)
2019-10-10 00:01:45,647 [pool-423-thread-1] INFO  server.RaftServerConfigKeys (ConfUtils.java:logGet(43)) - raft.server.log.force.sync.num = 128 (default)
2019-10-10 00:01:45,647 [pool-413-thread-1] INFO  server.RaftServerConfigKeys (ConfUtils.java:logGet(43)) - raft.server.log.statemachine.data.sync.timeout = 10s (default)
2019-10-10 00:01:45,647 [pool-423-thread-1] INFO  server.RaftServerConfigKeys (ConfUtils.java:logGet(43)) - raft.server.log.statemachine.data.sync = true (default)
2019-10-10 00:01:45,647 [pool-433-thread-1] INFO  server.RaftServerConfigKeys (ConfUtils.java:logGet(43)) - raft.server.log.write.buffer.size = 33554432 (custom)
2019-10-10 00:01:45,647 [pool-423-thread-1] INFO  server.RaftServerConfigKeys (ConfUtils.java:logGet(43)) - raft.server.log.statemachine.data.sync.timeout = 10s (default)
2019-10-10 00:01:45,647 [pool-413-thread-1] INFO  server.RaftServerConfigKeys (ConfUtils.java:logGet(43)) - raft.server.log.statemachine.data.sync.timeout.retry = -1 (default)
2019-10-10 00:01:45,648 [pool-423-thread-1] INFO  server.RaftServerConfigKeys (ConfUtils.java:logGet(43)) - raft.server.log.statemachine.data.sync.timeout.retry = -1 (default)
2019-10-10 00:01:45,648 [pool-413-thread-1] INFO  server.RaftServerConfigKeys (ConfUtils.java:logGet(43)) - raft.server.log.statemachine.data.caching.enabled = true (custom)
2019-10-10 00:01:45,649 [pool-413-thread-1] INFO  segmented.SegmentedRaftLogWorker (SegmentedRaftLogWorker.java:lambda$new$0(128)) - e29b9466-7351-4886-b5e2-e152884e8580@group-894264BA73B1-SegmentedRaftLogWorker: flushIndex: setUnconditionally 0 -> -1
2019-10-10 00:01:45,648 [pool-433-thread-1] INFO  server.RaftServerConfigKeys (ConfUtils.java:logGet(43)) - raft.server.log.force.sync.num = 128 (default)
2019-10-10 00:01:45,648 [pool-423-thread-1] INFO  server.RaftServerConfigKeys (ConfUtils.java:logGet(43)) - raft.server.log.statemachine.data.caching.enabled = true (custom)
2019-10-10 00:01:45,649 [pool-413-thread-1] INFO  server.RaftServerConfigKeys (ConfUtils.java:logGet(43)) - raft.server.snapshot.auto.trigger.enabled = true (custom)
2019-10-10 00:01:45,649 [pool-433-thread-1] INFO  server.RaftServerConfigKeys (ConfUtils.java:logGet(43)) - raft.server.log.statemachine.data.sync = true (default)
2019-10-10 00:01:45,649 [pool-413-thread-1] INFO  server.RaftServerConfigKeys (ConfUtils.java:logGet(43)) - raft.server.snapshot.auto.trigger.threshold = 10000 (custom)
2019-10-10 00:01:45,649 [pool-423-thread-1] INFO  segmented.SegmentedRaftLogWorker (SegmentedRaftLogWorker.java:lambda$new$0(128)) - a8ced4b5-6d88-493d-8e29-f3136537723d@group-894264BA73B1-SegmentedRaftLogWorker: flushIndex: setUnconditionally 0 -> -1
2019-10-10 00:01:45,650 [pool-413-thread-1] INFO  server.RaftServerConfigKeys (ConfUtils.java:logGet(43)) - raft.server.snapshot.retention.file.num = 5 (custom)
2019-10-10 00:01:45,650 [pool-433-thread-1] INFO  server.RaftServerConfigKeys (ConfUtils.java:logGet(43)) - raft.server.log.statemachine.data.sync.timeout = 10s (default)
2019-10-10 00:01:45,650 [pool-413-thread-1] INFO  server.RaftServerConfigKeys (ConfUtils.java:logGet(43)) - raft.server.retrycache.expirytime = 600000ms (custom)
2019-10-10 00:01:45,650 [pool-423-thread-1] INFO  server.RaftServerConfigKeys (ConfUtils.java:logGet(43)) - raft.server.snapshot.auto.trigger.enabled = true (custom)
2019-10-10 00:01:45,650 [pool-433-thread-1] INFO  server.RaftServerConfigKeys (ConfUtils.java:logGet(43)) - raft.server.log.statemachine.data.sync.timeout.retry = -1 (default)
2019-10-10 00:01:45,650 [pool-423-thread-1] INFO  server.RaftServerConfigKeys (ConfUtils.java:logGet(43)) - raft.server.snapshot.auto.trigger.threshold = 10000 (custom)
2019-10-10 00:01:45,651 [pool-433-thread-1] INFO  server.RaftServerConfigKeys (ConfUtils.java:logGet(43)) - raft.server.log.statemachine.data.caching.enabled = true (custom)
2019-10-10 00:01:45,651 [pool-423-thread-1] INFO  server.RaftServerConfigKeys (ConfUtils.java:logGet(43)) - raft.server.snapshot.retention.file.num = 5 (custom)
2019-10-10 00:01:45,651 [pool-423-thread-1] INFO  server.RaftServerConfigKeys (ConfUtils.java:logGet(43)) - raft.server.retrycache.expirytime = 600000ms (custom)
2019-10-10 00:01:45,651 [pool-433-thread-1] INFO  segmented.SegmentedRaftLogWorker (SegmentedRaftLogWorker.java:lambda$new$0(128)) - 529a44ef-bbfe-4f75-bb16-a8c2613c2992@group-894264BA73B1-SegmentedRaftLogWorker: flushIndex: setUnconditionally 0 -> -1
2019-10-10 00:01:45,652 [pool-433-thread-1] INFO  server.RaftServerConfigKeys (ConfUtils.java:logGet(43)) - raft.server.snapshot.auto.trigger.enabled = true (custom)
2019-10-10 00:01:45,652 [pool-433-thread-1] INFO  server.RaftServerConfigKeys (ConfUtils.java:logGet(43)) - raft.server.snapshot.auto.trigger.threshold = 10000 (custom)
2019-10-10 00:01:45,652 [pool-433-thread-1] INFO  server.RaftServerConfigKeys (ConfUtils.java:logGet(43)) - raft.server.snapshot.retention.file.num = 5 (custom)
2019-10-10 00:01:45,652 [pool-433-thread-1] INFO  server.RaftServerConfigKeys (ConfUtils.java:logGet(43)) - raft.server.retrycache.expirytime = 600000ms (custom)
2019-10-10 00:01:45,653 [pool-413-thread-1] INFO  impl.RaftServerImpl (RaftServerImpl.java:start(181)) - e29b9466-7351-4886-b5e2-e152884e8580@group-894264BA73B1: start as a follower, conf=-1: [e29b9466-7351-4886-b5e2-e152884e8580:192.168.30.20:46073, 529a44ef-bbfe-4f75-bb16-a8c2613c2992:192.168.30.20:39709, a8ced4b5-6d88-493d-8e29-f3136537723d:192.168.30.20:45352], old=null
2019-10-10 00:01:45,653 [pool-413-thread-1] INFO  impl.RaftServerImpl (RaftServerImpl.java:setRole(170)) - e29b9466-7351-4886-b5e2-e152884e8580@group-894264BA73B1: changes role from      null to FOLLOWER at term 0 for startAsFollower
2019-10-10 00:01:45,654 [pool-413-thread-1] INFO  impl.RoleInfo (RoleInfo.java:updateAndGet(143)) - e29b9466-7351-4886-b5e2-e152884e8580: start FollowerState
2019-10-10 00:01:45,654 [pool-423-thread-1] INFO  impl.RaftServerImpl (RaftServerImpl.java:start(181)) - a8ced4b5-6d88-493d-8e29-f3136537723d@group-894264BA73B1: start as a follower, conf=-1: [e29b9466-7351-4886-b5e2-e152884e8580:192.168.30.20:46073, 529a44ef-bbfe-4f75-bb16-a8c2613c2992:192.168.30.20:39709, a8ced4b5-6d88-493d-8e29-f3136537723d:192.168.30.20:45352], old=null
2019-10-10 00:01:45,654 [pool-423-thread-1] INFO  impl.RaftServerImpl (RaftServerImpl.java:setRole(170)) - a8ced4b5-6d88-493d-8e29-f3136537723d@group-894264BA73B1: changes role from      null to FOLLOWER at term 0 for startAsFollower
2019-10-10 00:01:45,654 [pool-423-thread-1] INFO  impl.RoleInfo (RoleInfo.java:updateAndGet(143)) - a8ced4b5-6d88-493d-8e29-f3136537723d: start FollowerState
2019-10-10 00:01:45,654 [pool-413-thread-1] INFO  util.JmxRegister (JmxRegister.java:tryRegister(44)) - Successfully registered JMX Bean with object name Ratis:service=RaftServer,group=group-894264BA73B1,id=e29b9466-7351-4886-b5e2-e152884e8580
2019-10-10 00:01:45,654 [pool-423-thread-1] INFO  util.JmxRegister (JmxRegister.java:tryRegister(44)) - Successfully registered JMX Bean with object name Ratis:service=RaftServer,group=group-894264BA73B1,id=a8ced4b5-6d88-493d-8e29-f3136537723d
2019-10-10 00:01:45,655 [pool-433-thread-1] INFO  impl.RaftServerImpl (RaftServerImpl.java:start(181)) - 529a44ef-bbfe-4f75-bb16-a8c2613c2992@group-894264BA73B1: start as a follower, conf=-1: [e29b9466-7351-4886-b5e2-e152884e8580:192.168.30.20:46073, 529a44ef-bbfe-4f75-bb16-a8c2613c2992:192.168.30.20:39709, a8ced4b5-6d88-493d-8e29-f3136537723d:192.168.30.20:45352], old=null
2019-10-10 00:01:45,655 [pool-433-thread-1] INFO  impl.RaftServerImpl (RaftServerImpl.java:setRole(170)) - 529a44ef-bbfe-4f75-bb16-a8c2613c2992@group-894264BA73B1: changes role from      null to FOLLOWER at term 0 for startAsFollower
2019-10-10 00:01:45,655 [pool-433-thread-1] INFO  impl.RoleInfo (RoleInfo.java:updateAndGet(143)) - 529a44ef-bbfe-4f75-bb16-a8c2613c2992: start FollowerState
2019-10-10 00:01:45,656 [pool-433-thread-1] INFO  util.JmxRegister (JmxRegister.java:tryRegister(44)) - Successfully registered JMX Bean with object name Ratis:service=RaftServer,group=group-894264BA73B1,id=529a44ef-bbfe-4f75-bb16-a8c2613c2992
2019-10-10 00:01:45,674 [RatisPipelineUtilsThread] INFO  pipeline.PipelineStateManager (PipelineStateManager.java:addPipeline(56)) - Created pipeline Pipeline[ Id: da67ee0a-5d0e-479f-95b8-894264ba73b1, Nodes: e29b9466-7351-4886-b5e2-e152884e8580{ip: 192.168.30.20, host: pr-hdds-2194-ljcxr-4216244270, networkLocation: /default-rack, certSerialId: null}529a44ef-bbfe-4f75-bb16-a8c2613c2992{ip: 192.168.30.20, host: pr-hdds-2194-ljcxr-4216244270, networkLocation: /default-rack, certSerialId: null}a8ced4b5-6d88-493d-8e29-f3136537723d{ip: 192.168.30.20, host: pr-hdds-2194-ljcxr-4216244270, networkLocation: /default-rack, certSerialId: null}, Type:RATIS, Factor:THREE, State:OPEN]
2019-10-10 00:01:46,618 [main] INFO  ozone.MiniOzoneClusterImpl (MiniOzoneClusterImpl.java:lambda$waitForClusterToBeReady$0(147)) - Cluster is ready. Got 7 of 7 DN Heartbeats.
2019-10-10 00:01:46,664 [main] INFO  rpc.RpcClient (RpcClient.java:createVolume(272)) - Creating Volume: watchforcommithandlingtest, with jenkins1000 as owner.
2019-10-10 00:01:46,667 [IPC Server handler 2 on 39171] INFO  volume.OMVolumeCreateRequest (OMVolumeCreateRequest.java:validateAndUpdateCache(193)) - created volume:watchforcommithandlingtest for user:jenkins1000
2019-10-10 00:01:46,687 [main] INFO  rpc.RpcClient (RpcClient.java:createBucket(411)) - Creating Bucket: watchforcommithandlingtest/watchforcommithandlingtest, with Versioning false and Storage Type set to DISK and Encryption set to false 
2019-10-10 00:01:46,692 [main] INFO  ozone.MiniOzoneClusterImpl (MiniOzoneClusterImpl.java:getStorageContainerLocationClient(234)) - Creating StorageContainerLocationProtocol RPC client with address /0.0.0.0:39052
2019-10-10 00:01:48,216 [Thread-2329] INFO  container.ReplicationManager (ReplicationManager.java:start(162)) - Starting Replication Monitor Thread.
2019-10-10 00:01:48,221 [ReplicationMonitor] INFO  container.ReplicationManager (ReplicationManager.java:run(225)) - Replication Monitor Thread took 0 milliseconds for processing 1 containers.
2019-10-10 00:01:50,272 [Thread-2331] INFO  impl.FollowerState (FollowerState.java:run(108)) - c9e65df3-45bf-4dd6-ae39-7ce62a01d289@group-AFBC2FC5FF82-FollowerState: change to CANDIDATE, lastRpcTime:5020ms, electionTimeout:5020ms
2019-10-10 00:01:50,272 [Thread-2331] INFO  impl.RoleInfo (RoleInfo.java:shutdownFollowerState(121)) - c9e65df3-45bf-4dd6-ae39-7ce62a01d289: shutdown FollowerState
2019-10-10 00:01:50,272 [Thread-2331] INFO  impl.RaftServerImpl (RaftServerImpl.java:setRole(170)) - c9e65df3-45bf-4dd6-ae39-7ce62a01d289@group-AFBC2FC5FF82: changes role from  FOLLOWER to CANDIDATE at term 0 for changeToCandidate
2019-10-10 00:01:50,272 [Thread-2331] INFO  impl.RoleInfo (RoleInfo.java:updateAndGet(143)) - c9e65df3-45bf-4dd6-ae39-7ce62a01d289: start LeaderElection
2019-10-10 00:01:50,295 [c9e65df3-45bf-4dd6-ae39-7ce62a01d289@group-AFBC2FC5FF82-LeaderElection84] INFO  impl.LeaderElection (LeaderElection.java:askForVotes(178)) - c9e65df3-45bf-4dd6-ae39-7ce62a01d289@group-AFBC2FC5FF82-LeaderElection84: begin an election at term 1 for -1: [c9e65df3-45bf-4dd6-ae39-7ce62a01d289:192.168.30.20:45118], old=null
2019-10-10 00:01:50,295 [c9e65df3-45bf-4dd6-ae39-7ce62a01d289@group-AFBC2FC5FF82-LeaderElection84] INFO  impl.RoleInfo (RoleInfo.java:shutdownLeaderElection(134)) - c9e65df3-45bf-4dd6-ae39-7ce62a01d289: shutdown LeaderElection
2019-10-10 00:01:50,295 [c9e65df3-45bf-4dd6-ae39-7ce62a01d289@group-AFBC2FC5FF82-LeaderElection84] INFO  impl.RaftServerImpl (RaftServerImpl.java:setRole(170)) - c9e65df3-45bf-4dd6-ae39-7ce62a01d289@group-AFBC2FC5FF82: changes role from CANDIDATE to LEADER at term 1 for changeToLeader
2019-10-10 00:01:50,295 [c9e65df3-45bf-4dd6-ae39-7ce62a01d289@group-AFBC2FC5FF82-LeaderElection84] INFO  impl.RaftServerImpl (ServerState.java:setLeader(255)) - c9e65df3-45bf-4dd6-ae39-7ce62a01d289@group-AFBC2FC5FF82: change Leader from null to c9e65df3-45bf-4dd6-ae39-7ce62a01d289 at term 1 for becomeLeader, leader elected after 5050ms
2019-10-10 00:01:50,295 [c9e65df3-45bf-4dd6-ae39-7ce62a01d289@group-AFBC2FC5FF82-LeaderElection84] INFO  server.RaftServerConfigKeys (ConfUtils.java:logGet(43)) - raft.server.staging.catchup.gap = 1000 (default)
2019-10-10 00:01:50,296 [c9e65df3-45bf-4dd6-ae39-7ce62a01d289@group-AFBC2FC5FF82-LeaderElection84] INFO  server.RaftServerConfigKeys (ConfUtils.java:logGet(43)) - raft.server.rpc.sleep.time = 25ms (default)
2019-10-10 00:01:50,296 [c9e65df3-45bf-4dd6-ae39-7ce62a01d289@group-AFBC2FC5FF82-LeaderElection84] INFO  server.RaftServerConfigKeys (ConfUtils.java:logGet(43)) - raft.server.write.element-limit = 4096 (default)
2019-10-10 00:01:50,296 [c9e65df3-45bf-4dd6-ae39-7ce62a01d289@group-AFBC2FC5FF82-LeaderElection84] INFO  server.RaftServerConfigKeys (ConfUtils.java:logGet(43)) - raft.server.watch.timeout = 10s (default)
2019-10-10 00:01:50,296 [c9e65df3-45bf-4dd6-ae39-7ce62a01d289@group-AFBC2FC5FF82-LeaderElection84] INFO  server.RaftServerConfigKeys (ConfUtils.java:logGet(43)) - raft.server.watch.timeout.denomination = 1s (default)
2019-10-10 00:01:50,297 [c9e65df3-45bf-4dd6-ae39-7ce62a01d289@group-AFBC2FC5FF82-LeaderElection84] INFO  server.RaftServerConfigKeys (ConfUtils.java:logGet(43)) - raft.server.watch.element-limit = 65536 (default)
2019-10-10 00:01:50,299 [c9e65df3-45bf-4dd6-ae39-7ce62a01d289@group-AFBC2FC5FF82-LeaderElection84] INFO  impl.RoleInfo (RoleInfo.java:updateAndGet(143)) - c9e65df3-45bf-4dd6-ae39-7ce62a01d289: start LeaderState
2019-10-10 00:01:50,300 [c9e65df3-45bf-4dd6-ae39-7ce62a01d289@group-AFBC2FC5FF82-LeaderElection84] INFO  segmented.SegmentedRaftLogWorker (SegmentedRaftLogWorker.java:startLogSegment(385)) - c9e65df3-45bf-4dd6-ae39-7ce62a01d289@group-AFBC2FC5FF82-SegmentedRaftLogWorker: Starting segment from index:0
2019-10-10 00:01:50,301 [c9e65df3-45bf-4dd6-ae39-7ce62a01d289@group-AFBC2FC5FF82-LeaderElection84] INFO  impl.RaftServerImpl (ServerState.java:setRaftConf(356)) - c9e65df3-45bf-4dd6-ae39-7ce62a01d289@group-AFBC2FC5FF82: set configuration 0: [c9e65df3-45bf-4dd6-ae39-7ce62a01d289:192.168.30.20:45118], old=null at 0
2019-10-10 00:01:50,322 [c9e65df3-45bf-4dd6-ae39-7ce62a01d289@group-AFBC2FC5FF82-SegmentedRaftLogWorker] INFO  segmented.SegmentedRaftLogWorker (SegmentedRaftLogWorker.java:execute(574)) - c9e65df3-45bf-4dd6-ae39-7ce62a01d289@group-AFBC2FC5FF82-SegmentedRaftLogWorker: created new log segment /workdir/hadoop-ozone/integration-test/target/test-dir/MiniOzoneClusterImpl-c8dce9f5-5a7e-41b0-972e-b66a6036fa2a/datanode-0/data/ratis/31dce2b2-649a-40bb-a34b-afbc2fc5ff82/current/log_inprogress_0
2019-10-10 00:01:50,439 [Thread-2334] INFO  impl.FollowerState (FollowerState.java:run(108)) - 25cab065-c995-47b0-a463-90382842bb3e@group-DC94A63A9D74-FollowerState: change to CANDIDATE, lastRpcTime:5131ms, electionTimeout:5131ms
2019-10-10 00:01:50,440 [Thread-2334] INFO  impl.RoleInfo (RoleInfo.java:shutdownFollowerState(121)) - 25cab065-c995-47b0-a463-90382842bb3e: shutdown FollowerState
2019-10-10 00:01:50,440 [Thread-2334] INFO  impl.RaftServerImpl (RaftServerImpl.java:setRole(170)) - 25cab065-c995-47b0-a463-90382842bb3e@group-DC94A63A9D74: changes role from  FOLLOWER to CANDIDATE at term 0 for changeToCandidate
2019-10-10 00:01:50,440 [Thread-2334] INFO  impl.RoleInfo (RoleInfo.java:updateAndGet(143)) - 25cab065-c995-47b0-a463-90382842bb3e: start LeaderElection
2019-10-10 00:01:50,458 [25cab065-c995-47b0-a463-90382842bb3e@group-DC94A63A9D74-LeaderElection85] INFO  impl.LeaderElection (LeaderElection.java:askForVotes(178)) - 25cab065-c995-47b0-a463-90382842bb3e@group-DC94A63A9D74-LeaderElection85: begin an election at term 1 for -1: [25cab065-c995-47b0-a463-90382842bb3e:192.168.30.20:38858], old=null
2019-10-10 00:01:50,458 [25cab065-c995-47b0-a463-90382842bb3e@group-DC94A63A9D74-LeaderElection85] INFO  impl.RoleInfo (RoleInfo.java:shutdownLeaderElection(134)) - 25cab065-c995-47b0-a463-90382842bb3e: shutdown LeaderElection
2019-10-10 00:01:50,458 [25cab065-c995-47b0-a463-90382842bb3e@group-DC94A63A9D74-LeaderElection85] INFO  impl.RaftServerImpl (RaftServerImpl.java:setRole(170)) - 25cab065-c995-47b0-a463-90382842bb3e@group-DC94A63A9D74: changes role from CANDIDATE to LEADER at term 1 for changeToLeader
2019-10-10 00:01:50,458 [25cab065-c995-47b0-a463-90382842bb3e@group-DC94A63A9D74-LeaderElection85] INFO  impl.RaftServerImpl (ServerState.java:setLeader(255)) - 25cab065-c995-47b0-a463-90382842bb3e@group-DC94A63A9D74: change Leader from null to 25cab065-c995-47b0-a463-90382842bb3e at term 1 for becomeLeader, leader elected after 5159ms
2019-10-10 00:01:50,458 [25cab065-c995-47b0-a463-90382842bb3e@group-DC94A63A9D74-LeaderElection85] INFO  server.RaftServerConfigKeys (ConfUtils.java:logGet(43)) - raft.server.staging.catchup.gap = 1000 (default)
2019-10-10 00:01:50,458 [25cab065-c995-47b0-a463-90382842bb3e@group-DC94A63A9D74-LeaderElection85] INFO  server.RaftServerConfigKeys (ConfUtils.java:logGet(43)) - raft.server.rpc.sleep.time = 25ms (default)
2019-10-10 00:01:50,459 [25cab065-c995-47b0-a463-90382842bb3e@group-DC94A63A9D74-LeaderElection85] INFO  server.RaftServerConfigKeys (ConfUtils.java:logGet(43)) - raft.server.write.element-limit = 4096 (default)
2019-10-10 00:01:50,459 [25cab065-c995-47b0-a463-90382842bb3e@group-DC94A63A9D74-LeaderElection85] INFO  server.RaftServerConfigKeys (ConfUtils.java:logGet(43)) - raft.server.watch.timeout = 10s (default)
2019-10-10 00:01:50,459 [25cab065-c995-47b0-a463-90382842bb3e@group-DC94A63A9D74-LeaderElection85] INFO  server.RaftServerConfigKeys (ConfUtils.java:logGet(43)) - raft.server.watch.timeout.denomination = 1s (default)
2019-10-10 00:01:50,459 [25cab065-c995-47b0-a463-90382842bb3e@group-DC94A63A9D74-LeaderElection85] INFO  server.RaftServerConfigKeys (ConfUtils.java:logGet(43)) - raft.server.watch.element-limit = 65536 (default)
2019-10-10 00:01:50,461 [25cab065-c995-47b0-a463-90382842bb3e@group-DC94A63A9D74-LeaderElection85] INFO  impl.RoleInfo (RoleInfo.java:updateAndGet(143)) - 25cab065-c995-47b0-a463-90382842bb3e: start LeaderState
2019-10-10 00:01:50,461 [25cab065-c995-47b0-a463-90382842bb3e@group-DC94A63A9D74-LeaderElection85] INFO  segmented.SegmentedRaftLogWorker (SegmentedRaftLogWorker.java:startLogSegment(385)) - 25cab065-c995-47b0-a463-90382842bb3e@group-DC94A63A9D74-SegmentedRaftLogWorker: Starting segment from index:0
2019-10-10 00:01:50,461 [25cab065-c995-47b0-a463-90382842bb3e@group-DC94A63A9D74-LeaderElection85] INFO  impl.RaftServerImpl (ServerState.java:setRaftConf(356)) - 25cab065-c995-47b0-a463-90382842bb3e@group-DC94A63A9D74: set configuration 0: [25cab065-c995-47b0-a463-90382842bb3e:192.168.30.20:38858], old=null at 0
2019-10-10 00:01:50,482 [Thread-2337] INFO  impl.FollowerState (FollowerState.java:run(108)) - 8f652a8f-83fc-485f-8261-ffc4a6489a4f@group-FAA3FED70B13-FollowerState: change to CANDIDATE, lastRpcTime:5079ms, electionTimeout:5079ms
2019-10-10 00:01:50,482 [Thread-2337] INFO  impl.RoleInfo (RoleInfo.java:shutdownFollowerState(121)) - 8f652a8f-83fc-485f-8261-ffc4a6489a4f: shutdown FollowerState
2019-10-10 00:01:50,482 [Thread-2337] INFO  impl.RaftServerImpl (RaftServerImpl.java:setRole(170)) - 8f652a8f-83fc-485f-8261-ffc4a6489a4f@group-FAA3FED70B13: changes role from  FOLLOWER to CANDIDATE at term 0 for changeToCandidate
2019-10-10 00:01:50,482 [Thread-2337] INFO  impl.RoleInfo (RoleInfo.java:updateAndGet(143)) - 8f652a8f-83fc-485f-8261-ffc4a6489a4f: start LeaderElection
2019-10-10 00:01:50,487 [Thread-2344] INFO  impl.FollowerState (FollowerState.java:run(108)) - 8f652a8f-83fc-485f-8261-ffc4a6489a4f@group-2EA8FE10FE47-FollowerState: change to CANDIDATE, lastRpcTime:5045ms, electionTimeout:5044ms
2019-10-10 00:01:50,487 [25cab065-c995-47b0-a463-90382842bb3e@group-DC94A63A9D74-SegmentedRaftLogWorker] INFO  segmented.SegmentedRaftLogWorker (SegmentedRaftLogWorker.java:execute(574)) - 25cab065-c995-47b0-a463-90382842bb3e@group-DC94A63A9D74-SegmentedRaftLogWorker: created new log segment /workdir/hadoop-ozone/integration-test/target/test-dir/MiniOzoneClusterImpl-c8dce9f5-5a7e-41b0-972e-b66a6036fa2a/datanode-1/data/ratis/97ffa5f2-dffc-4ed3-aa0a-dc94a63a9d74/current/log_inprogress_0
2019-10-10 00:01:50,487 [Thread-2344] INFO  impl.RoleInfo (RoleInfo.java:shutdownFollowerState(121)) - 8f652a8f-83fc-485f-8261-ffc4a6489a4f: shutdown FollowerState
2019-10-10 00:01:50,487 [Thread-2344] INFO  impl.RaftServerImpl (RaftServerImpl.java:setRole(170)) - 8f652a8f-83fc-485f-8261-ffc4a6489a4f@group-2EA8FE10FE47: changes role from  FOLLOWER to CANDIDATE at term 0 for changeToCandidate
2019-10-10 00:01:50,487 [Thread-2344] INFO  impl.RoleInfo (RoleInfo.java:updateAndGet(143)) - 8f652a8f-83fc-485f-8261-ffc4a6489a4f: start LeaderElection
2019-10-10 00:01:50,500 [8f652a8f-83fc-485f-8261-ffc4a6489a4f@group-FAA3FED70B13-LeaderElection86] INFO  impl.LeaderElection (LeaderElection.java:askForVotes(178)) - 8f652a8f-83fc-485f-8261-ffc4a6489a4f@group-FAA3FED70B13-LeaderElection86: begin an election at term 1 for -1: [8f652a8f-83fc-485f-8261-ffc4a6489a4f:192.168.30.20:32785], old=null
2019-10-10 00:01:50,500 [8f652a8f-83fc-485f-8261-ffc4a6489a4f@group-2EA8FE10FE47-LeaderElection87] INFO  impl.LeaderElection (LeaderElection.java:askForVotes(178)) - 8f652a8f-83fc-485f-8261-ffc4a6489a4f@group-2EA8FE10FE47-LeaderElection87: begin an election at term 1 for -1: [c9e65df3-45bf-4dd6-ae39-7ce62a01d289:192.168.30.20:45118, 8f652a8f-83fc-485f-8261-ffc4a6489a4f:192.168.30.20:32785, 25cab065-c995-47b0-a463-90382842bb3e:192.168.30.20:38858], old=null
2019-10-10 00:01:50,500 [8f652a8f-83fc-485f-8261-ffc4a6489a4f@group-FAA3FED70B13-LeaderElection86] INFO  impl.RoleInfo (RoleInfo.java:shutdownLeaderElection(134)) - 8f652a8f-83fc-485f-8261-ffc4a6489a4f: shutdown LeaderElection
2019-10-10 00:01:50,501 [8f652a8f-83fc-485f-8261-ffc4a6489a4f@group-FAA3FED70B13-LeaderElection86] INFO  impl.RaftServerImpl (RaftServerImpl.java:setRole(170)) - 8f652a8f-83fc-485f-8261-ffc4a6489a4f@group-FAA3FED70B13: changes role from CANDIDATE to LEADER at term 1 for changeToLeader
2019-10-10 00:01:50,501 [8f652a8f-83fc-485f-8261-ffc4a6489a4f@group-FAA3FED70B13-LeaderElection86] INFO  impl.RaftServerImpl (ServerState.java:setLeader(255)) - 8f652a8f-83fc-485f-8261-ffc4a6489a4f@group-FAA3FED70B13: change Leader from null to 8f652a8f-83fc-485f-8261-ffc4a6489a4f at term 1 for becomeLeader, leader elected after 5109ms
2019-10-10 00:01:50,501 [8f652a8f-83fc-485f-8261-ffc4a6489a4f@group-FAA3FED70B13-LeaderElection86] INFO  server.RaftServerConfigKeys (ConfUtils.java:logGet(43)) - raft.server.staging.catchup.gap = 1000 (default)
2019-10-10 00:01:50,501 [8f652a8f-83fc-485f-8261-ffc4a6489a4f@group-FAA3FED70B13-LeaderElection86] INFO  server.RaftServerConfigKeys (ConfUtils.java:logGet(43)) - raft.server.rpc.sleep.time = 25ms (default)
2019-10-10 00:01:50,501 [8f652a8f-83fc-485f-8261-ffc4a6489a4f@group-FAA3FED70B13-LeaderElection86] INFO  server.RaftServerConfigKeys (ConfUtils.java:logGet(43)) - raft.server.write.element-limit = 4096 (default)
2019-10-10 00:01:50,501 [8f652a8f-83fc-485f-8261-ffc4a6489a4f@group-FAA3FED70B13-LeaderElection86] INFO  server.RaftServerConfigKeys (ConfUtils.java:logGet(43)) - raft.server.watch.timeout = 10s (default)
2019-10-10 00:01:50,501 [8f652a8f-83fc-485f-8261-ffc4a6489a4f@group-FAA3FED70B13-LeaderElection86] INFO  server.RaftServerConfigKeys (ConfUtils.java:logGet(43)) - raft.server.watch.timeout.denomination = 1s (default)
2019-10-10 00:01:50,501 [8f652a8f-83fc-485f-8261-ffc4a6489a4f@group-FAA3FED70B13-LeaderElection86] INFO  server.RaftServerConfigKeys (ConfUtils.java:logGet(43)) - raft.server.watch.element-limit = 65536 (default)
2019-10-10 00:01:50,503 [8f652a8f-83fc-485f-8261-ffc4a6489a4f@group-FAA3FED70B13-LeaderElection86] INFO  impl.RoleInfo (RoleInfo.java:updateAndGet(143)) - 8f652a8f-83fc-485f-8261-ffc4a6489a4f: start LeaderState
2019-10-10 00:01:50,504 [8f652a8f-83fc-485f-8261-ffc4a6489a4f@group-FAA3FED70B13-LeaderElection86] INFO  segmented.SegmentedRaftLogWorker (SegmentedRaftLogWorker.java:startLogSegment(385)) - 8f652a8f-83fc-485f-8261-ffc4a6489a4f@group-FAA3FED70B13-SegmentedRaftLogWorker: Starting segment from index:0
2019-10-10 00:01:50,504 [8f652a8f-83fc-485f-8261-ffc4a6489a4f@group-FAA3FED70B13-LeaderElection86] INFO  impl.RaftServerImpl (ServerState.java:setRaftConf(356)) - 8f652a8f-83fc-485f-8261-ffc4a6489a4f@group-FAA3FED70B13: set configuration 0: [8f652a8f-83fc-485f-8261-ffc4a6489a4f:192.168.30.20:32785], old=null at 0
2019-10-10 00:01:50,506 [grpc-default-executor-5] INFO  impl.RaftServerImpl (RaftServerImpl.java:setRole(170)) - 25cab065-c995-47b0-a463-90382842bb3e@group-2EA8FE10FE47: changes role from  FOLLOWER to FOLLOWER at term 1 for recognizeCandidate:8f652a8f-83fc-485f-8261-ffc4a6489a4f
2019-10-10 00:01:50,506 [grpc-default-executor-6] INFO  impl.RaftServerImpl (RaftServerImpl.java:setRole(170)) - c9e65df3-45bf-4dd6-ae39-7ce62a01d289@group-2EA8FE10FE47: changes role from  FOLLOWER to FOLLOWER at term 1 for recognizeCandidate:8f652a8f-83fc-485f-8261-ffc4a6489a4f
2019-10-10 00:01:50,507 [grpc-default-executor-5] INFO  impl.RoleInfo (RoleInfo.java:shutdownFollowerState(121)) - 25cab065-c995-47b0-a463-90382842bb3e: shutdown FollowerState
2019-10-10 00:01:50,507 [grpc-default-executor-6] INFO  impl.RoleInfo (RoleInfo.java:shutdownFollowerState(121)) - c9e65df3-45bf-4dd6-ae39-7ce62a01d289: shutdown FollowerState
2019-10-10 00:01:50,507 [Thread-2343] INFO  impl.FollowerState (FollowerState.java:run(117)) - 25cab065-c995-47b0-a463-90382842bb3e@group-2EA8FE10FE47-FollowerState was interrupted: java.lang.InterruptedException: sleep interrupted
2019-10-10 00:01:50,507 [grpc-default-executor-5] INFO  impl.RoleInfo (RoleInfo.java:updateAndGet(143)) - 25cab065-c995-47b0-a463-90382842bb3e: start FollowerState
2019-10-10 00:01:50,507 [Thread-2342] INFO  impl.FollowerState (FollowerState.java:run(117)) - c9e65df3-45bf-4dd6-ae39-7ce62a01d289@group-2EA8FE10FE47-FollowerState was interrupted: java.lang.InterruptedException: sleep interrupted
2019-10-10 00:01:50,507 [grpc-default-executor-6] INFO  impl.RoleInfo (RoleInfo.java:updateAndGet(143)) - c9e65df3-45bf-4dd6-ae39-7ce62a01d289: start FollowerState
2019-10-10 00:01:50,520 [Thread-2349] INFO  impl.FollowerState (FollowerState.java:run(108)) - e29b9466-7351-4886-b5e2-e152884e8580@group-2593D6C4D67A-FollowerState: change to CANDIDATE, lastRpcTime:5017ms, electionTimeout:5017ms
2019-10-10 00:01:50,521 [Thread-2349] INFO  impl.RoleInfo (RoleInfo.java:shutdownFollowerState(121)) - e29b9466-7351-4886-b5e2-e152884e8580: shutdown FollowerState
2019-10-10 00:01:50,521 [Thread-2349] INFO  impl.RaftServerImpl (RaftServerImpl.java:setRole(170)) - e29b9466-7351-4886-b5e2-e152884e8580@group-2593D6C4D67A: changes role from  FOLLOWER to CANDIDATE at term 0 for changeToCandidate
2019-10-10 00:01:50,521 [Thread-2349] INFO  impl.RoleInfo (RoleInfo.java:updateAndGet(143)) - e29b9466-7351-4886-b5e2-e152884e8580: start LeaderElection
2019-10-10 00:01:50,534 [8f652a8f-83fc-485f-8261-ffc4a6489a4f@group-2EA8FE10FE47-LeaderElection87] INFO  impl.LeaderElection (LeaderElection.java:logAndReturn(56)) - 8f652a8f-83fc-485f-8261-ffc4a6489a4f@group-2EA8FE10FE47-LeaderElection87: Election PASSED; received 1 response(s) [8f652a8f-83fc-485f-8261-ffc4a6489a4f<-c9e65df3-45bf-4dd6-ae39-7ce62a01d289#0:OK-t1] and 0 exception(s); 8f652a8f-83fc-485f-8261-ffc4a6489a4f@group-2EA8FE10FE47:t1, leader=null, voted=8f652a8f-83fc-485f-8261-ffc4a6489a4f, raftlog=8f652a8f-83fc-485f-8261-ffc4a6489a4f@group-2EA8FE10FE47-SegmentedRaftLog:OPENED:c-1,f-1,i0, conf=-1: [c9e65df3-45bf-4dd6-ae39-7ce62a01d289:192.168.30.20:45118, 8f652a8f-83fc-485f-8261-ffc4a6489a4f:192.168.30.20:32785, 25cab065-c995-47b0-a463-90382842bb3e:192.168.30.20:38858], old=null
2019-10-10 00:01:50,534 [8f652a8f-83fc-485f-8261-ffc4a6489a4f@group-2EA8FE10FE47-LeaderElection87] INFO  impl.RoleInfo (RoleInfo.java:shutdownLeaderElection(134)) - 8f652a8f-83fc-485f-8261-ffc4a6489a4f: shutdown LeaderElection
2019-10-10 00:01:50,534 [8f652a8f-83fc-485f-8261-ffc4a6489a4f@group-2EA8FE10FE47-LeaderElection87] INFO  impl.RaftServerImpl (RaftServerImpl.java:setRole(170)) - 8f652a8f-83fc-485f-8261-ffc4a6489a4f@group-2EA8FE10FE47: changes role from CANDIDATE to LEADER at term 1 for changeToLeader
2019-10-10 00:01:50,534 [8f652a8f-83fc-485f-8261-ffc4a6489a4f@group-2EA8FE10FE47-LeaderElection87] INFO  impl.RaftServerImpl (ServerState.java:setLeader(255)) - 8f652a8f-83fc-485f-8261-ffc4a6489a4f@group-2EA8FE10FE47: change Leader from null to 8f652a8f-83fc-485f-8261-ffc4a6489a4f at term 1 for becomeLeader, leader elected after 5097ms
2019-10-10 00:01:50,534 [8f652a8f-83fc-485f-8261-ffc4a6489a4f@group-2EA8FE10FE47-LeaderElection87] INFO  server.RaftServerConfigKeys (ConfUtils.java:logGet(43)) - raft.server.staging.catchup.gap = 1000 (default)
2019-10-10 00:01:50,534 [8f652a8f-83fc-485f-8261-ffc4a6489a4f@group-2EA8FE10FE47-LeaderElection87] INFO  server.RaftServerConfigKeys (ConfUtils.java:logGet(43)) - raft.server.rpc.sleep.time = 25ms (default)
2019-10-10 00:01:50,534 [8f652a8f-83fc-485f-8261-ffc4a6489a4f@group-2EA8FE10FE47-LeaderElection87] INFO  server.RaftServerConfigKeys (ConfUtils.java:logGet(43)) - raft.server.write.element-limit = 4096 (default)
2019-10-10 00:01:50,535 [8f652a8f-83fc-485f-8261-ffc4a6489a4f@group-2EA8FE10FE47-LeaderElection87] INFO  server.RaftServerConfigKeys (ConfUtils.java:logGet(43)) - raft.server.watch.timeout = 10s (default)
2019-10-10 00:01:50,535 [8f652a8f-83fc-485f-8261-ffc4a6489a4f@group-2EA8FE10FE47-LeaderElection87] INFO  server.RaftServerConfigKeys (ConfUtils.java:logGet(43)) - raft.server.watch.timeout.denomination = 1s (default)
2019-10-10 00:01:50,535 [8f652a8f-83fc-485f-8261-ffc4a6489a4f@group-2EA8FE10FE47-LeaderElection87] INFO  server.RaftServerConfigKeys (ConfUtils.java:logGet(43)) - raft.server.watch.element-limit = 65536 (default)
2019-10-10 00:01:50,536 [8f652a8f-83fc-485f-8261-ffc4a6489a4f@group-2EA8FE10FE47-LeaderElection87] INFO  server.RaftServerConfigKeys (ConfUtils.java:logGet(43)) - raft.server.log.appender.snapshot.chunk.size.max = 16MB (=16777216) (default)
2019-10-10 00:01:50,536 [8f652a8f-83fc-485f-8261-ffc4a6489a4f@group-2EA8FE10FE47-LeaderElection87] INFO  server.RaftServerConfigKeys (ConfUtils.java:logGet(43)) - raft.server.log.appender.buffer.byte-limit = 33554432 (custom)
2019-10-10 00:01:50,537 [8f652a8f-83fc-485f-8261-ffc4a6489a4f@group-2EA8FE10FE47-LeaderElection87] INFO  server.RaftServerConfigKeys (ConfUtils.java:logGet(43)) - raft.server.log.appender.buffer.element-limit = 1 (custom)
2019-10-10 00:01:50,537 [8f652a8f-83fc-485f-8261-ffc4a6489a4f@group-2EA8FE10FE47-LeaderElection87] INFO  grpc.GrpcConfigKeys$Server (ConfUtils.java:logGet(43)) - raft.grpc.server.leader.outstanding.appends.max = 128 (default)
2019-10-10 00:01:50,537 [8f652a8f-83fc-485f-8261-ffc4a6489a4f@group-2EA8FE10FE47-LeaderElection87] INFO  server.RaftServerConfigKeys (ConfUtils.java:logGet(43)) - raft.server.rpc.request.timeout = 3000ms (default)
2019-10-10 00:01:50,537 [8f652a8f-83fc-485f-8261-ffc4a6489a4f@group-2EA8FE10FE47-LeaderElection87] INFO  server.RaftServerConfigKeys (ConfUtils.java:logGet(43)) - raft.server.log.appender.install.snapshot.enabled = false (custom)
2019-10-10 00:01:50,537 [8f652a8f-83fc-485f-8261-ffc4a6489a4f@group-2EA8FE10FE47-LeaderElection87] INFO  server.RaftServerConfigKeys (ConfUtils.java:logGet(43)) - raft.server.log.appender.snapshot.chunk.size.max = 16MB (=16777216) (default)
2019-10-10 00:01:50,537 [8f652a8f-83fc-485f-8261-ffc4a6489a4f@group-2EA8FE10FE47-LeaderElection87] INFO  server.RaftServerConfigKeys (ConfUtils.java:logGet(43)) - raft.server.log.appender.buffer.byte-limit = 33554432 (custom)
2019-10-10 00:01:50,537 [8f652a8f-83fc-485f-8261-ffc4a6489a4f@group-2EA8FE10FE47-LeaderElection87] INFO  server.RaftServerConfigKeys (ConfUtils.java:logGet(43)) - raft.server.log.appender.buffer.element-limit = 1 (custom)
2019-10-10 00:01:50,538 [8f652a8f-83fc-485f-8261-ffc4a6489a4f@group-2EA8FE10FE47-LeaderElection87] INFO  grpc.GrpcConfigKeys$Server (ConfUtils.java:logGet(43)) - raft.grpc.server.leader.outstanding.appends.max = 128 (default)
2019-10-10 00:01:50,538 [8f652a8f-83fc-485f-8261-ffc4a6489a4f@group-2EA8FE10FE47-LeaderElection87] INFO  server.RaftServerConfigKeys (ConfUtils.java:logGet(43)) - raft.server.rpc.request.timeout = 3000ms (default)
2019-10-10 00:01:50,538 [8f652a8f-83fc-485f-8261-ffc4a6489a4f@group-2EA8FE10FE47-LeaderElection87] INFO  server.RaftServerConfigKeys (ConfUtils.java:logGet(43)) - raft.server.log.appender.install.snapshot.enabled = false (custom)
2019-10-10 00:01:50,538 [8f652a8f-83fc-485f-8261-ffc4a6489a4f@group-2EA8FE10FE47-LeaderElection87] INFO  impl.RoleInfo (RoleInfo.java:updateAndGet(143)) - 8f652a8f-83fc-485f-8261-ffc4a6489a4f: start LeaderState
2019-10-10 00:01:50,538 [8f652a8f-83fc-485f-8261-ffc4a6489a4f@group-2EA8FE10FE47-LeaderElection87] INFO  segmented.SegmentedRaftLogWorker (SegmentedRaftLogWorker.java:startLogSegment(385)) - 8f652a8f-83fc-485f-8261-ffc4a6489a4f@group-2EA8FE10FE47-SegmentedRaftLogWorker: Starting segment from index:0
2019-10-10 00:01:50,539 [8f652a8f-83fc-485f-8261-ffc4a6489a4f@group-2EA8FE10FE47-LeaderElection87] INFO  impl.RaftServerImpl (ServerState.java:setRaftConf(356)) - 8f652a8f-83fc-485f-8261-ffc4a6489a4f@group-2EA8FE10FE47: set configuration 0: [c9e65df3-45bf-4dd6-ae39-7ce62a01d289:192.168.30.20:45118, 8f652a8f-83fc-485f-8261-ffc4a6489a4f:192.168.30.20:32785, 25cab065-c995-47b0-a463-90382842bb3e:192.168.30.20:38858], old=null at 0
2019-10-10 00:01:50,560 [Thread-2352] INFO  impl.FollowerState (FollowerState.java:run(108)) - a8ced4b5-6d88-493d-8e29-f3136537723d@group-A42439A84F55-FollowerState: change to CANDIDATE, lastRpcTime:5021ms, electionTimeout:5010ms
2019-10-10 00:01:50,560 [e29b9466-7351-4886-b5e2-e152884e8580@group-2593D6C4D67A-LeaderElection88] INFO  impl.LeaderElection (LeaderElection.java:askForVotes(178)) - e29b9466-7351-4886-b5e2-e152884e8580@group-2593D6C4D67A-LeaderElection88: begin an election at term 1 for -1: [e29b9466-7351-4886-b5e2-e152884e8580:192.168.30.20:46073], old=null
2019-10-10 00:01:50,562 [e29b9466-7351-4886-b5e2-e152884e8580@group-2593D6C4D67A-LeaderElection88] INFO  impl.RoleInfo (RoleInfo.java:shutdownLeaderElection(134)) - e29b9466-7351-4886-b5e2-e152884e8580: shutdown LeaderElection
2019-10-10 00:01:50,560 [8f652a8f-83fc-485f-8261-ffc4a6489a4f@group-FAA3FED70B13-SegmentedRaftLogWorker] INFO  segmented.SegmentedRaftLogWorker (SegmentedRaftLogWorker.java:execute(574)) - 8f652a8f-83fc-485f-8261-ffc4a6489a4f@group-FAA3FED70B13-SegmentedRaftLogWorker: created new log segment /workdir/hadoop-ozone/integration-test/target/test-dir/MiniOzoneClusterImpl-c8dce9f5-5a7e-41b0-972e-b66a6036fa2a/datanode-2/data/ratis/154fa2a5-1915-494b-8428-faa3fed70b13/current/log_inprogress_0
2019-10-10 00:01:50,562 [e29b9466-7351-4886-b5e2-e152884e8580@group-2593D6C4D67A-LeaderElection88] INFO  impl.RaftServerImpl (RaftServerImpl.java:setRole(170)) - e29b9466-7351-4886-b5e2-e152884e8580@group-2593D6C4D67A: changes role from CANDIDATE to LEADER at term 1 for changeToLeader
2019-10-10 00:01:50,562 [Thread-2352] INFO  impl.RoleInfo (RoleInfo.java:shutdownFollowerState(121)) - a8ced4b5-6d88-493d-8e29-f3136537723d: shutdown FollowerState
2019-10-10 00:01:50,565 [grpc-default-executor-6] INFO  impl.RaftServerImpl (ServerState.java:setLeader(255)) - 25cab065-c995-47b0-a463-90382842bb3e@group-2EA8FE10FE47: change Leader from null to 8f652a8f-83fc-485f-8261-ffc4a6489a4f at term 1 for appendEntries, leader elected after 5131ms
2019-10-10 00:01:50,563 [e29b9466-7351-4886-b5e2-e152884e8580@group-2593D6C4D67A-LeaderElection88] INFO  impl.RaftServerImpl (ServerState.java:setLeader(255)) - e29b9466-7351-4886-b5e2-e152884e8580@group-2593D6C4D67A: change Leader from null to e29b9466-7351-4886-b5e2-e152884e8580 at term 1 for becomeLeader, leader elected after 5066ms
2019-10-10 00:01:50,565 [Thread-2352] INFO  impl.RaftServerImpl (RaftServerImpl.java:setRole(170)) - a8ced4b5-6d88-493d-8e29-f3136537723d@group-A42439A84F55: changes role from  FOLLOWER to CANDIDATE at term 0 for changeToCandidate
2019-10-10 00:01:50,565 [e29b9466-7351-4886-b5e2-e152884e8580@group-2593D6C4D67A-LeaderElection88] INFO  server.RaftServerConfigKeys (ConfUtils.java:logGet(43)) - raft.server.staging.catchup.gap = 1000 (default)
2019-10-10 00:01:50,567 [Thread-2352] INFO  impl.RoleInfo (RoleInfo.java:updateAndGet(143)) - a8ced4b5-6d88-493d-8e29-f3136537723d: start LeaderElection
2019-10-10 00:01:50,567 [grpc-default-executor-5] INFO  impl.RaftServerImpl (ServerState.java:setLeader(255)) - c9e65df3-45bf-4dd6-ae39-7ce62a01d289@group-2EA8FE10FE47: change Leader from null to 8f652a8f-83fc-485f-8261-ffc4a6489a4f at term 1 for appendEntries, leader elected after 5134ms
2019-10-10 00:01:50,568 [e29b9466-7351-4886-b5e2-e152884e8580@group-2593D6C4D67A-LeaderElection88] INFO  server.RaftServerConfigKeys (ConfUtils.java:logGet(43)) - raft.server.rpc.sleep.time = 25ms (default)
2019-10-10 00:01:50,572 [e29b9466-7351-4886-b5e2-e152884e8580@group-2593D6C4D67A-LeaderElection88] INFO  server.RaftServerConfigKeys (ConfUtils.java:logGet(43)) - raft.server.write.element-limit = 4096 (default)
2019-10-10 00:01:50,572 [8f652a8f-83fc-485f-8261-ffc4a6489a4f@group-2EA8FE10FE47-SegmentedRaftLogWorker] INFO  segmented.SegmentedRaftLogWorker (SegmentedRaftLogWorker.java:execute(574)) - 8f652a8f-83fc-485f-8261-ffc4a6489a4f@group-2EA8FE10FE47-SegmentedRaftLogWorker: created new log segment /workdir/hadoop-ozone/integration-test/target/test-dir/MiniOzoneClusterImpl-c8dce9f5-5a7e-41b0-972e-b66a6036fa2a/datanode-2/data/ratis/62ef2101-f14e-470d-a142-2ea8fe10fe47/current/log_inprogress_0
2019-10-10 00:01:50,572 [e29b9466-7351-4886-b5e2-e152884e8580@group-2593D6C4D67A-LeaderElection88] INFO  server.RaftServerConfigKeys (ConfUtils.java:logGet(43)) - raft.server.watch.timeout = 10s (default)
2019-10-10 00:01:50,572 [e29b9466-7351-4886-b5e2-e152884e8580@group-2593D6C4D67A-LeaderElection88] INFO  server.RaftServerConfigKeys (ConfUtils.java:logGet(43)) - raft.server.watch.timeout.denomination = 1s (default)
2019-10-10 00:01:50,573 [e29b9466-7351-4886-b5e2-e152884e8580@group-2593D6C4D67A-LeaderElection88] INFO  server.RaftServerConfigKeys (ConfUtils.java:logGet(43)) - raft.server.watch.element-limit = 65536 (default)
2019-10-10 00:01:50,574 [grpc-default-executor-5] INFO  impl.RaftServerImpl (ServerState.java:setRaftConf(356)) - 25cab065-c995-47b0-a463-90382842bb3e@group-2EA8FE10FE47: set configuration 0: [c9e65df3-45bf-4dd6-ae39-7ce62a01d289:192.168.30.20:45118, 8f652a8f-83fc-485f-8261-ffc4a6489a4f:192.168.30.20:32785, 25cab065-c995-47b0-a463-90382842bb3e:192.168.30.20:38858], old=null at 0
2019-10-10 00:01:50,574 [grpc-default-executor-6] INFO  impl.RaftServerImpl (ServerState.java:setRaftConf(356)) - c9e65df3-45bf-4dd6-ae39-7ce62a01d289@group-2EA8FE10FE47: set configuration 0: [c9e65df3-45bf-4dd6-ae39-7ce62a01d289:192.168.30.20:45118, 8f652a8f-83fc-485f-8261-ffc4a6489a4f:192.168.30.20:32785, 25cab065-c995-47b0-a463-90382842bb3e:192.168.30.20:38858], old=null at 0
2019-10-10 00:01:50,574 [grpc-default-executor-6] INFO  segmented.SegmentedRaftLogWorker (SegmentedRaftLogWorker.java:startLogSegment(385)) - c9e65df3-45bf-4dd6-ae39-7ce62a01d289@group-2EA8FE10FE47-SegmentedRaftLogWorker: Starting segment from index:0
2019-10-10 00:01:50,574 [grpc-default-executor-5] INFO  segmented.SegmentedRaftLogWorker (SegmentedRaftLogWorker.java:startLogSegment(385)) - 25cab065-c995-47b0-a463-90382842bb3e@group-2EA8FE10FE47-SegmentedRaftLogWorker: Starting segment from index:0
2019-10-10 00:01:50,574 [e29b9466-7351-4886-b5e2-e152884e8580@group-2593D6C4D67A-LeaderElection88] INFO  impl.RoleInfo (RoleInfo.java:updateAndGet(143)) - e29b9466-7351-4886-b5e2-e152884e8580: start LeaderState
2019-10-10 00:01:50,575 [e29b9466-7351-4886-b5e2-e152884e8580@group-2593D6C4D67A-LeaderElection88] INFO  segmented.SegmentedRaftLogWorker (SegmentedRaftLogWorker.java:startLogSegment(385)) - e29b9466-7351-4886-b5e2-e152884e8580@group-2593D6C4D67A-SegmentedRaftLogWorker: Starting segment from index:0
2019-10-10 00:01:50,576 [e29b9466-7351-4886-b5e2-e152884e8580@group-2593D6C4D67A-LeaderElection88] INFO  impl.RaftServerImpl (ServerState.java:setRaftConf(356)) - e29b9466-7351-4886-b5e2-e152884e8580@group-2593D6C4D67A: set configuration 0: [e29b9466-7351-4886-b5e2-e152884e8580:192.168.30.20:46073], old=null at 0
2019-10-10 00:01:50,585 [a8ced4b5-6d88-493d-8e29-f3136537723d@group-A42439A84F55-LeaderElection89] INFO  impl.LeaderElection (LeaderElection.java:askForVotes(178)) - a8ced4b5-6d88-493d-8e29-f3136537723d@group-A42439A84F55-LeaderElection89: begin an election at term 1 for -1: [a8ced4b5-6d88-493d-8e29-f3136537723d:192.168.30.20:45352], old=null
2019-10-10 00:01:50,585 [a8ced4b5-6d88-493d-8e29-f3136537723d@group-A42439A84F55-LeaderElection89] INFO  impl.RoleInfo (RoleInfo.java:shutdownLeaderElection(134)) - a8ced4b5-6d88-493d-8e29-f3136537723d: shutdown LeaderElection
2019-10-10 00:01:50,585 [a8ced4b5-6d88-493d-8e29-f3136537723d@group-A42439A84F55-LeaderElection89] INFO  impl.RaftServerImpl (RaftServerImpl.java:setRole(170)) - a8ced4b5-6d88-493d-8e29-f3136537723d@group-A42439A84F55: changes role from CANDIDATE to LEADER at term 1 for changeToLeader
2019-10-10 00:01:50,586 [a8ced4b5-6d88-493d-8e29-f3136537723d@group-A42439A84F55-LeaderElection89] INFO  impl.RaftServerImpl (ServerState.java:setLeader(255)) - a8ced4b5-6d88-493d-8e29-f3136537723d@group-A42439A84F55: change Leader from null to a8ced4b5-6d88-493d-8e29-f3136537723d at term 1 for becomeLeader, leader elected after 5052ms
2019-10-10 00:01:50,586 [a8ced4b5-6d88-493d-8e29-f3136537723d@group-A42439A84F55-LeaderElection89] INFO  server.RaftServerConfigKeys (ConfUtils.java:logGet(43)) - raft.server.staging.catchup.gap = 1000 (default)
2019-10-10 00:01:50,586 [a8ced4b5-6d88-493d-8e29-f3136537723d@group-A42439A84F55-LeaderElection89] INFO  server.RaftServerConfigKeys (ConfUtils.java:logGet(43)) - raft.server.rpc.sleep.time = 25ms (default)
2019-10-10 00:01:50,586 [a8ced4b5-6d88-493d-8e29-f3136537723d@group-A42439A84F55-LeaderElection89] INFO  server.RaftServerConfigKeys (ConfUtils.java:logGet(43)) - raft.server.write.element-limit = 4096 (default)
2019-10-10 00:01:50,586 [a8ced4b5-6d88-493d-8e29-f3136537723d@group-A42439A84F55-LeaderElection89] INFO  server.RaftServerConfigKeys (ConfUtils.java:logGet(43)) - raft.server.watch.timeout = 10s (default)
2019-10-10 00:01:50,586 [a8ced4b5-6d88-493d-8e29-f3136537723d@group-A42439A84F55-LeaderElection89] INFO  server.RaftServerConfigKeys (ConfUtils.java:logGet(43)) - raft.server.watch.timeout.denomination = 1s (default)
2019-10-10 00:01:50,586 [a8ced4b5-6d88-493d-8e29-f3136537723d@group-A42439A84F55-LeaderElection89] INFO  server.RaftServerConfigKeys (ConfUtils.java:logGet(43)) - raft.server.watch.element-limit = 65536 (default)
2019-10-10 00:01:50,588 [a8ced4b5-6d88-493d-8e29-f3136537723d@group-A42439A84F55-LeaderElection89] INFO  impl.RoleInfo (RoleInfo.java:updateAndGet(143)) - a8ced4b5-6d88-493d-8e29-f3136537723d: start LeaderState
2019-10-10 00:01:50,588 [a8ced4b5-6d88-493d-8e29-f3136537723d@group-A42439A84F55-LeaderElection89] INFO  segmented.SegmentedRaftLogWorker (SegmentedRaftLogWorker.java:startLogSegment(385)) - a8ced4b5-6d88-493d-8e29-f3136537723d@group-A42439A84F55-SegmentedRaftLogWorker: Starting segment from index:0
2019-10-10 00:01:50,589 [a8ced4b5-6d88-493d-8e29-f3136537723d@group-A42439A84F55-LeaderElection89] INFO  impl.RaftServerImpl (ServerState.java:setRaftConf(356)) - a8ced4b5-6d88-493d-8e29-f3136537723d@group-A42439A84F55: set configuration 0: [a8ced4b5-6d88-493d-8e29-f3136537723d:192.168.30.20:45352], old=null at 0
2019-10-10 00:01:50,618 [c9e65df3-45bf-4dd6-ae39-7ce62a01d289@group-2EA8FE10FE47-SegmentedRaftLogWorker] INFO  segmented.SegmentedRaftLogWorker (SegmentedRaftLogWorker.java:execute(574)) - c9e65df3-45bf-4dd6-ae39-7ce62a01d289@group-2EA8FE10FE47-SegmentedRaftLogWorker: created new log segment /workdir/hadoop-ozone/integration-test/target/test-dir/MiniOzoneClusterImpl-c8dce9f5-5a7e-41b0-972e-b66a6036fa2a/datanode-0/data/ratis/62ef2101-f14e-470d-a142-2ea8fe10fe47/current/log_inprogress_0
2019-10-10 00:01:50,618 [25cab065-c995-47b0-a463-90382842bb3e@group-2EA8FE10FE47-SegmentedRaftLogWorker] INFO  segmented.SegmentedRaftLogWorker (SegmentedRaftLogWorker.java:execute(574)) - 25cab065-c995-47b0-a463-90382842bb3e@group-2EA8FE10FE47-SegmentedRaftLogWorker: created new log segment /workdir/hadoop-ozone/integration-test/target/test-dir/MiniOzoneClusterImpl-c8dce9f5-5a7e-41b0-972e-b66a6036fa2a/datanode-1/data/ratis/62ef2101-f14e-470d-a142-2ea8fe10fe47/current/log_inprogress_0
2019-10-10 00:01:50,618 [e29b9466-7351-4886-b5e2-e152884e8580@group-2593D6C4D67A-SegmentedRaftLogWorker] INFO  segmented.SegmentedRaftLogWorker (SegmentedRaftLogWorker.java:execute(574)) - e29b9466-7351-4886-b5e2-e152884e8580@group-2593D6C4D67A-SegmentedRaftLogWorker: created new log segment /workdir/hadoop-ozone/integration-test/target/test-dir/MiniOzoneClusterImpl-c8dce9f5-5a7e-41b0-972e-b66a6036fa2a/datanode-3/data/ratis/5f6a0079-0ada-4826-99f2-2593d6c4d67a/current/log_inprogress_0
2019-10-10 00:01:50,621 [a8ced4b5-6d88-493d-8e29-f3136537723d@group-A42439A84F55-SegmentedRaftLogWorker] INFO  segmented.SegmentedRaftLogWorker (SegmentedRaftLogWorker.java:execute(574)) - a8ced4b5-6d88-493d-8e29-f3136537723d@group-A42439A84F55-SegmentedRaftLogWorker: created new log segment /workdir/hadoop-ozone/integration-test/target/test-dir/MiniOzoneClusterImpl-c8dce9f5-5a7e-41b0-972e-b66a6036fa2a/datanode-4/data/ratis/39871ec5-9a61-44d6-9514-a42439a84f55/current/log_inprogress_0
2019-10-10 00:01:50,758 [Thread-2361] INFO  impl.FollowerState (FollowerState.java:run(108)) - a8ced4b5-6d88-493d-8e29-f3136537723d@group-894264BA73B1-FollowerState: change to CANDIDATE, lastRpcTime:5103ms, electionTimeout:5103ms
2019-10-10 00:01:50,758 [Thread-2361] INFO  impl.RoleInfo (RoleInfo.java:shutdownFollowerState(121)) - a8ced4b5-6d88-493d-8e29-f3136537723d: shutdown FollowerState
2019-10-10 00:01:50,758 [Thread-2361] INFO  impl.RaftServerImpl (RaftServerImpl.java:setRole(170)) - a8ced4b5-6d88-493d-8e29-f3136537723d@group-894264BA73B1: changes role from  FOLLOWER to CANDIDATE at term 0 for changeToCandidate
2019-10-10 00:01:50,758 [Thread-2361] INFO  impl.RoleInfo (RoleInfo.java:updateAndGet(143)) - a8ced4b5-6d88-493d-8e29-f3136537723d: start LeaderElection
2019-10-10 00:01:50,764 [Thread-2355] INFO  impl.FollowerState (FollowerState.java:run(108)) - 529a44ef-bbfe-4f75-bb16-a8c2613c2992@group-DB21EAEDFCF5-FollowerState: change to CANDIDATE, lastRpcTime:5181ms, electionTimeout:5181ms
2019-10-10 00:01:50,764 [Thread-2355] INFO  impl.RoleInfo (RoleInfo.java:shutdownFollowerState(121)) - 529a44ef-bbfe-4f75-bb16-a8c2613c2992: shutdown FollowerState
2019-10-10 00:01:50,764 [Thread-2355] INFO  impl.RaftServerImpl (RaftServerImpl.java:setRole(170)) - 529a44ef-bbfe-4f75-bb16-a8c2613c2992@group-DB21EAEDFCF5: changes role from  FOLLOWER to CANDIDATE at term 0 for changeToCandidate
2019-10-10 00:01:50,764 [Thread-2355] INFO  impl.RoleInfo (RoleInfo.java:updateAndGet(143)) - 529a44ef-bbfe-4f75-bb16-a8c2613c2992: start LeaderElection
2019-10-10 00:01:50,769 [Thread-2362] INFO  impl.FollowerState (FollowerState.java:run(108)) - 529a44ef-bbfe-4f75-bb16-a8c2613c2992@group-894264BA73B1-FollowerState: change to CANDIDATE, lastRpcTime:5113ms, electionTimeout:5110ms
2019-10-10 00:01:50,769 [Thread-2362] INFO  impl.RoleInfo (RoleInfo.java:shutdownFollowerState(121)) - 529a44ef-bbfe-4f75-bb16-a8c2613c2992: shutdown FollowerState
2019-10-10 00:01:50,769 [Thread-2362] INFO  impl.RaftServerImpl (RaftServerImpl.java:setRole(170)) - 529a44ef-bbfe-4f75-bb16-a8c2613c2992@group-894264BA73B1: changes role from  FOLLOWER to CANDIDATE at term 0 for changeToCandidate
2019-10-10 00:01:50,769 [Thread-2362] INFO  impl.RoleInfo (RoleInfo.java:updateAndGet(143)) - 529a44ef-bbfe-4f75-bb16-a8c2613c2992: start LeaderElection
2019-10-10 00:01:50,779 [529a44ef-bbfe-4f75-bb16-a8c2613c2992@group-DB21EAEDFCF5-LeaderElection91] INFO  impl.LeaderElection (LeaderElection.java:askForVotes(178)) - 529a44ef-bbfe-4f75-bb16-a8c2613c2992@group-DB21EAEDFCF5-LeaderElection91: begin an election at term 1 for -1: [529a44ef-bbfe-4f75-bb16-a8c2613c2992:192.168.30.20:39709], old=null
2019-10-10 00:01:50,780 [a8ced4b5-6d88-493d-8e29-f3136537723d@group-894264BA73B1-LeaderElection90] INFO  impl.LeaderElection (LeaderElection.java:askForVotes(178)) - a8ced4b5-6d88-493d-8e29-f3136537723d@group-894264BA73B1-LeaderElection90: begin an election at term 1 for -1: [e29b9466-7351-4886-b5e2-e152884e8580:192.168.30.20:46073, 529a44ef-bbfe-4f75-bb16-a8c2613c2992:192.168.30.20:39709, a8ced4b5-6d88-493d-8e29-f3136537723d:192.168.30.20:45352], old=null
2019-10-10 00:01:50,780 [529a44ef-bbfe-4f75-bb16-a8c2613c2992@group-DB21EAEDFCF5-LeaderElection91] INFO  impl.RoleInfo (RoleInfo.java:shutdownLeaderElection(134)) - 529a44ef-bbfe-4f75-bb16-a8c2613c2992: shutdown LeaderElection
2019-10-10 00:01:50,779 [529a44ef-bbfe-4f75-bb16-a8c2613c2992@group-894264BA73B1-LeaderElection92] INFO  impl.LeaderElection (LeaderElection.java:askForVotes(178)) - 529a44ef-bbfe-4f75-bb16-a8c2613c2992@group-894264BA73B1-LeaderElection92: begin an election at term 1 for -1: [e29b9466-7351-4886-b5e2-e152884e8580:192.168.30.20:46073, 529a44ef-bbfe-4f75-bb16-a8c2613c2992:192.168.30.20:39709, a8ced4b5-6d88-493d-8e29-f3136537723d:192.168.30.20:45352], old=null
2019-10-10 00:01:50,780 [529a44ef-bbfe-4f75-bb16-a8c2613c2992@group-DB21EAEDFCF5-LeaderElection91] INFO  impl.RaftServerImpl (RaftServerImpl.java:setRole(170)) - 529a44ef-bbfe-4f75-bb16-a8c2613c2992@group-DB21EAEDFCF5: changes role from CANDIDATE to LEADER at term 1 for changeToLeader
2019-10-10 00:01:50,780 [529a44ef-bbfe-4f75-bb16-a8c2613c2992@group-DB21EAEDFCF5-LeaderElection91] INFO  impl.RaftServerImpl (ServerState.java:setLeader(255)) - 529a44ef-bbfe-4f75-bb16-a8c2613c2992@group-DB21EAEDFCF5: change Leader from null to 529a44ef-bbfe-4f75-bb16-a8c2613c2992 at term 1 for becomeLeader, leader elected after 5202ms
2019-10-10 00:01:50,780 [529a44ef-bbfe-4f75-bb16-a8c2613c2992@group-DB21EAEDFCF5-LeaderElection91] INFO  server.RaftServerConfigKeys (ConfUtils.java:logGet(43)) - raft.server.staging.catchup.gap = 1000 (default)
2019-10-10 00:01:50,780 [529a44ef-bbfe-4f75-bb16-a8c2613c2992@group-DB21EAEDFCF5-LeaderElection91] INFO  server.RaftServerConfigKeys (ConfUtils.java:logGet(43)) - raft.server.rpc.sleep.time = 25ms (default)
2019-10-10 00:01:50,780 [529a44ef-bbfe-4f75-bb16-a8c2613c2992@group-DB21EAEDFCF5-LeaderElection91] INFO  server.RaftServerConfigKeys (ConfUtils.java:logGet(43)) - raft.server.write.element-limit = 4096 (default)
2019-10-10 00:01:50,781 [529a44ef-bbfe-4f75-bb16-a8c2613c2992@group-DB21EAEDFCF5-LeaderElection91] INFO  server.RaftServerConfigKeys (ConfUtils.java:logGet(43)) - raft.server.watch.timeout = 10s (default)
2019-10-10 00:01:50,781 [529a44ef-bbfe-4f75-bb16-a8c2613c2992@group-DB21EAEDFCF5-LeaderElection91] INFO  server.RaftServerConfigKeys (ConfUtils.java:logGet(43)) - raft.server.watch.timeout.denomination = 1s (default)
2019-10-10 00:01:50,784 [529a44ef-bbfe-4f75-bb16-a8c2613c2992@group-DB21EAEDFCF5-LeaderElection91] INFO  server.RaftServerConfigKeys (ConfUtils.java:logGet(43)) - raft.server.watch.element-limit = 65536 (default)
2019-10-10 00:01:50,787 [529a44ef-bbfe-4f75-bb16-a8c2613c2992@group-DB21EAEDFCF5-LeaderElection91] INFO  impl.RoleInfo (RoleInfo.java:updateAndGet(143)) - 529a44ef-bbfe-4f75-bb16-a8c2613c2992: start LeaderState
2019-10-10 00:01:50,790 [grpc-default-executor-5] INFO  impl.RaftServerImpl (RaftServerImpl.java:setRole(170)) - e29b9466-7351-4886-b5e2-e152884e8580@group-894264BA73B1: changes role from  FOLLOWER to FOLLOWER at term 1 for recognizeCandidate:529a44ef-bbfe-4f75-bb16-a8c2613c2992
2019-10-10 00:01:50,791 [grpc-default-executor-5] INFO  impl.RoleInfo (RoleInfo.java:shutdownFollowerState(121)) - e29b9466-7351-4886-b5e2-e152884e8580: shutdown FollowerState
2019-10-10 00:01:50,791 [grpc-default-executor-5] INFO  impl.RoleInfo (RoleInfo.java:updateAndGet(143)) - e29b9466-7351-4886-b5e2-e152884e8580: start FollowerState
2019-10-10 00:01:50,791 [529a44ef-bbfe-4f75-bb16-a8c2613c2992@group-DB21EAEDFCF5-LeaderElection91] INFO  segmented.SegmentedRaftLogWorker (SegmentedRaftLogWorker.java:startLogSegment(385)) - 529a44ef-bbfe-4f75-bb16-a8c2613c2992@group-DB21EAEDFCF5-SegmentedRaftLogWorker: Starting segment from index:0
2019-10-10 00:01:50,791 [Thread-2360] INFO  impl.FollowerState (FollowerState.java:run(117)) - e29b9466-7351-4886-b5e2-e152884e8580@group-894264BA73B1-FollowerState was interrupted: java.lang.InterruptedException: sleep interrupted
2019-10-10 00:01:50,791 [529a44ef-bbfe-4f75-bb16-a8c2613c2992@group-DB21EAEDFCF5-LeaderElection91] INFO  impl.RaftServerImpl (ServerState.java:setRaftConf(356)) - 529a44ef-bbfe-4f75-bb16-a8c2613c2992@group-DB21EAEDFCF5: set configuration 0: [529a44ef-bbfe-4f75-bb16-a8c2613c2992:192.168.30.20:39709], old=null at 0
2019-10-10 00:01:50,823 [529a44ef-bbfe-4f75-bb16-a8c2613c2992@group-894264BA73B1-LeaderElection92] INFO  impl.LeaderElection (LeaderElection.java:logAndReturn(56)) - 529a44ef-bbfe-4f75-bb16-a8c2613c2992@group-894264BA73B1-LeaderElection92: Election PASSED; received 1 response(s) [529a44ef-bbfe-4f75-bb16-a8c2613c2992<-e29b9466-7351-4886-b5e2-e152884e8580#0:OK-t1] and 0 exception(s); 529a44ef-bbfe-4f75-bb16-a8c2613c2992@group-894264BA73B1:t1, leader=null, voted=529a44ef-bbfe-4f75-bb16-a8c2613c2992, raftlog=529a44ef-bbfe-4f75-bb16-a8c2613c2992@group-894264BA73B1-SegmentedRaftLog:OPENED:c-1,f-1,i0, conf=-1: [e29b9466-7351-4886-b5e2-e152884e8580:192.168.30.20:46073, 529a44ef-bbfe-4f75-bb16-a8c2613c2992:192.168.30.20:39709, a8ced4b5-6d88-493d-8e29-f3136537723d:192.168.30.20:45352], old=null
2019-10-10 00:01:50,823 [529a44ef-bbfe-4f75-bb16-a8c2613c2992@group-894264BA73B1-LeaderElection92] INFO  impl.RoleInfo (RoleInfo.java:shutdownLeaderElection(134)) - 529a44ef-bbfe-4f75-bb16-a8c2613c2992: shutdown LeaderElection
2019-10-10 00:01:50,824 [529a44ef-bbfe-4f75-bb16-a8c2613c2992@group-894264BA73B1-LeaderElection92] INFO  impl.RaftServerImpl (RaftServerImpl.java:setRole(170)) - 529a44ef-bbfe-4f75-bb16-a8c2613c2992@group-894264BA73B1: changes role from CANDIDATE to LEADER at term 1 for changeToLeader
2019-10-10 00:01:50,824 [529a44ef-bbfe-4f75-bb16-a8c2613c2992@group-894264BA73B1-LeaderElection92] INFO  impl.RaftServerImpl (ServerState.java:setLeader(255)) - 529a44ef-bbfe-4f75-bb16-a8c2613c2992@group-894264BA73B1: change Leader from null to 529a44ef-bbfe-4f75-bb16-a8c2613c2992 at term 1 for becomeLeader, leader elected after 5182ms
2019-10-10 00:01:50,824 [529a44ef-bbfe-4f75-bb16-a8c2613c2992@group-894264BA73B1-LeaderElection92] INFO  server.RaftServerConfigKeys (ConfUtils.java:logGet(43)) - raft.server.staging.catchup.gap = 1000 (default)
2019-10-10 00:01:50,824 [a8ced4b5-6d88-493d-8e29-f3136537723d@group-894264BA73B1-LeaderElection90] INFO  impl.LeaderElection (LeaderElection.java:logAndReturn(56)) - a8ced4b5-6d88-493d-8e29-f3136537723d@group-894264BA73B1-LeaderElection90: Election REJECTED; received 2 response(s) [a8ced4b5-6d88-493d-8e29-f3136537723d<-e29b9466-7351-4886-b5e2-e152884e8580#0:FAIL-t1, a8ced4b5-6d88-493d-8e29-f3136537723d<-529a44ef-bbfe-4f75-bb16-a8c2613c2992#0:FAIL-t1] and 0 exception(s); a8ced4b5-6d88-493d-8e29-f3136537723d@group-894264BA73B1:t1, leader=null, voted=a8ced4b5-6d88-493d-8e29-f3136537723d, raftlog=a8ced4b5-6d88-493d-8e29-f3136537723d@group-894264BA73B1-SegmentedRaftLog:OPENED:c-1,f-1,i0, conf=-1: [e29b9466-7351-4886-b5e2-e152884e8580:192.168.30.20:46073, 529a44ef-bbfe-4f75-bb16-a8c2613c2992:192.168.30.20:39709, a8ced4b5-6d88-493d-8e29-f3136537723d:192.168.30.20:45352], old=null
2019-10-10 00:01:50,824 [529a44ef-bbfe-4f75-bb16-a8c2613c2992@group-894264BA73B1-LeaderElection92] INFO  server.RaftServerConfigKeys (ConfUtils.java:logGet(43)) - raft.server.rpc.sleep.time = 25ms (default)
2019-10-10 00:01:50,827 [a8ced4b5-6d88-493d-8e29-f3136537723d@group-894264BA73B1-LeaderElection90] INFO  impl.RaftServerImpl (RaftServerImpl.java:setRole(170)) - a8ced4b5-6d88-493d-8e29-f3136537723d@group-894264BA73B1: changes role from CANDIDATE to FOLLOWER at term 1 for DISCOVERED_A_NEW_TERM
2019-10-10 00:01:50,829 [529a44ef-bbfe-4f75-bb16-a8c2613c2992@group-894264BA73B1-LeaderElection92] INFO  server.RaftServerConfigKeys (ConfUtils.java:logGet(43)) - raft.server.write.element-limit = 4096 (default)
2019-10-10 00:01:50,829 [a8ced4b5-6d88-493d-8e29-f3136537723d@group-894264BA73B1-LeaderElection90] INFO  impl.RoleInfo (RoleInfo.java:shutdownLeaderElection(134)) - a8ced4b5-6d88-493d-8e29-f3136537723d: shutdown LeaderElection
2019-10-10 00:01:50,829 [529a44ef-bbfe-4f75-bb16-a8c2613c2992@group-894264BA73B1-LeaderElection92] INFO  server.RaftServerConfigKeys (ConfUtils.java:logGet(43)) - raft.server.watch.timeout = 10s (default)
2019-10-10 00:01:50,829 [a8ced4b5-6d88-493d-8e29-f3136537723d@group-894264BA73B1-LeaderElection90] INFO  impl.RoleInfo (RoleInfo.java:updateAndGet(143)) - a8ced4b5-6d88-493d-8e29-f3136537723d: start FollowerState
2019-10-10 00:01:50,829 [529a44ef-bbfe-4f75-bb16-a8c2613c2992@group-894264BA73B1-LeaderElection92] INFO  server.RaftServerConfigKeys (ConfUtils.java:logGet(43)) - raft.server.watch.timeout.denomination = 1s (default)
2019-10-10 00:01:50,829 [529a44ef-bbfe-4f75-bb16-a8c2613c2992@group-894264BA73B1-LeaderElection92] INFO  server.RaftServerConfigKeys (ConfUtils.java:logGet(43)) - raft.server.watch.element-limit = 65536 (default)
2019-10-10 00:01:50,831 [529a44ef-bbfe-4f75-bb16-a8c2613c2992@group-894264BA73B1-LeaderElection92] INFO  server.RaftServerConfigKeys (ConfUtils.java:logGet(43)) - raft.server.log.appender.snapshot.chunk.size.max = 16MB (=16777216) (default)
2019-10-10 00:01:50,831 [529a44ef-bbfe-4f75-bb16-a8c2613c2992@group-894264BA73B1-LeaderElection92] INFO  server.RaftServerConfigKeys (ConfUtils.java:logGet(43)) - raft.server.log.appender.buffer.byte-limit = 33554432 (custom)
2019-10-10 00:01:50,831 [529a44ef-bbfe-4f75-bb16-a8c2613c2992@group-894264BA73B1-LeaderElection92] INFO  server.RaftServerConfigKeys (ConfUtils.java:logGet(43)) - raft.server.log.appender.buffer.element-limit = 1 (custom)
2019-10-10 00:01:50,831 [529a44ef-bbfe-4f75-bb16-a8c2613c2992@group-894264BA73B1-LeaderElection92] INFO  grpc.GrpcConfigKeys$Server (ConfUtils.java:logGet(43)) - raft.grpc.server.leader.outstanding.appends.max = 128 (default)
2019-10-10 00:01:50,831 [529a44ef-bbfe-4f75-bb16-a8c2613c2992@group-894264BA73B1-LeaderElection92] INFO  server.RaftServerConfigKeys (ConfUtils.java:logGet(43)) - raft.server.rpc.request.timeout = 3000ms (default)
2019-10-10 00:01:50,831 [529a44ef-bbfe-4f75-bb16-a8c2613c2992@group-894264BA73B1-LeaderElection92] INFO  server.RaftServerConfigKeys (ConfUtils.java:logGet(43)) - raft.server.log.appender.install.snapshot.enabled = false (custom)
2019-10-10 00:01:50,831 [529a44ef-bbfe-4f75-bb16-a8c2613c2992@group-894264BA73B1-LeaderElection92] INFO  server.RaftServerConfigKeys (ConfUtils.java:logGet(43)) - raft.server.log.appender.snapshot.chunk.size.max = 16MB (=16777216) (default)
2019-10-10 00:01:50,832 [529a44ef-bbfe-4f75-bb16-a8c2613c2992@group-894264BA73B1-LeaderElection92] INFO  server.RaftServerConfigKeys (ConfUtils.java:logGet(43)) - raft.server.log.appender.buffer.byte-limit = 33554432 (custom)
2019-10-10 00:01:50,832 [529a44ef-bbfe-4f75-bb16-a8c2613c2992@group-894264BA73B1-LeaderElection92] INFO  server.RaftServerConfigKeys (ConfUtils.java:logGet(43)) - raft.server.log.appender.buffer.element-limit = 1 (custom)
2019-10-10 00:01:50,832 [529a44ef-bbfe-4f75-bb16-a8c2613c2992@group-894264BA73B1-LeaderElection92] INFO  grpc.GrpcConfigKeys$Server (ConfUtils.java:logGet(43)) - raft.grpc.server.leader.outstanding.appends.max = 128 (default)
2019-10-10 00:01:50,832 [529a44ef-bbfe-4f75-bb16-a8c2613c2992@group-894264BA73B1-LeaderElection92] INFO  server.RaftServerConfigKeys (ConfUtils.java:logGet(43)) - raft.server.rpc.request.timeout = 3000ms (default)
2019-10-10 00:01:50,832 [529a44ef-bbfe-4f75-bb16-a8c2613c2992@group-894264BA73B1-LeaderElection92] INFO  server.RaftServerConfigKeys (ConfUtils.java:logGet(43)) - raft.server.log.appender.install.snapshot.enabled = false (custom)
2019-10-10 00:01:50,832 [529a44ef-bbfe-4f75-bb16-a8c2613c2992@group-894264BA73B1-LeaderElection92] INFO  impl.RoleInfo (RoleInfo.java:updateAndGet(143)) - 529a44ef-bbfe-4f75-bb16-a8c2613c2992: start LeaderState
2019-10-10 00:01:50,832 [529a44ef-bbfe-4f75-bb16-a8c2613c2992@group-894264BA73B1-LeaderElection92] INFO  segmented.SegmentedRaftLogWorker (SegmentedRaftLogWorker.java:startLogSegment(385)) - 529a44ef-bbfe-4f75-bb16-a8c2613c2992@group-894264BA73B1-SegmentedRaftLogWorker: Starting segment from index:0
2019-10-10 00:01:50,833 [529a44ef-bbfe-4f75-bb16-a8c2613c2992@group-894264BA73B1-LeaderElection92] INFO  impl.RaftServerImpl (ServerState.java:setRaftConf(356)) - 529a44ef-bbfe-4f75-bb16-a8c2613c2992@group-894264BA73B1: set configuration 0: [e29b9466-7351-4886-b5e2-e152884e8580:192.168.30.20:46073, 529a44ef-bbfe-4f75-bb16-a8c2613c2992:192.168.30.20:39709, a8ced4b5-6d88-493d-8e29-f3136537723d:192.168.30.20:45352], old=null at 0
2019-10-10 00:01:50,834 [529a44ef-bbfe-4f75-bb16-a8c2613c2992@group-DB21EAEDFCF5-SegmentedRaftLogWorker] INFO  segmented.SegmentedRaftLogWorker (SegmentedRaftLogWorker.java:execute(574)) - 529a44ef-bbfe-4f75-bb16-a8c2613c2992@group-DB21EAEDFCF5-SegmentedRaftLogWorker: created new log segment /workdir/hadoop-ozone/integration-test/target/test-dir/MiniOzoneClusterImpl-c8dce9f5-5a7e-41b0-972e-b66a6036fa2a/datanode-5/data/ratis/1895a01c-8507-4fb3-b4dc-db21eaedfcf5/current/log_inprogress_0
2019-10-10 00:01:50,835 [grpc-default-executor-5] INFO  impl.RaftServerImpl (ServerState.java:setLeader(255)) - e29b9466-7351-4886-b5e2-e152884e8580@group-894264BA73B1: change Leader from null to 529a44ef-bbfe-4f75-bb16-a8c2613c2992 at term 1 for appendEntries, leader elected after 5194ms
2019-10-10 00:01:50,836 [grpc-default-executor-3] INFO  impl.RaftServerImpl (ServerState.java:setLeader(255)) - a8ced4b5-6d88-493d-8e29-f3136537723d@group-894264BA73B1: change Leader from null to 529a44ef-bbfe-4f75-bb16-a8c2613c2992 at term 1 for appendEntries, leader elected after 5194ms
2019-10-10 00:01:50,837 [grpc-default-executor-5] INFO  impl.RaftServerImpl (ServerState.java:setRaftConf(356)) - e29b9466-7351-4886-b5e2-e152884e8580@group-894264BA73B1: set configuration 0: [e29b9466-7351-4886-b5e2-e152884e8580:192.168.30.20:46073, 529a44ef-bbfe-4f75-bb16-a8c2613c2992:192.168.30.20:39709, a8ced4b5-6d88-493d-8e29-f3136537723d:192.168.30.20:45352], old=null at 0
2019-10-10 00:01:50,838 [grpc-default-executor-5] INFO  segmented.SegmentedRaftLogWorker (SegmentedRaftLogWorker.java:startLogSegment(385)) - e29b9466-7351-4886-b5e2-e152884e8580@group-894264BA73B1-SegmentedRaftLogWorker: Starting segment from index:0
2019-10-10 00:01:50,838 [grpc-default-executor-3] INFO  impl.RaftServerImpl (ServerState.java:setRaftConf(356)) - a8ced4b5-6d88-493d-8e29-f3136537723d@group-894264BA73B1: set configuration 0: [e29b9466-7351-4886-b5e2-e152884e8580:192.168.30.20:46073, 529a44ef-bbfe-4f75-bb16-a8c2613c2992:192.168.30.20:39709, a8ced4b5-6d88-493d-8e29-f3136537723d:192.168.30.20:45352], old=null at 0
2019-10-10 00:01:50,839 [grpc-default-executor-3] INFO  segmented.SegmentedRaftLogWorker (SegmentedRaftLogWorker.java:startLogSegment(385)) - a8ced4b5-6d88-493d-8e29-f3136537723d@group-894264BA73B1-SegmentedRaftLogWorker: Starting segment from index:0
2019-10-10 00:01:50,865 [e29b9466-7351-4886-b5e2-e152884e8580@group-894264BA73B1-SegmentedRaftLogWorker] INFO  segmented.SegmentedRaftLogWorker (SegmentedRaftLogWorker.java:execute(574)) - e29b9466-7351-4886-b5e2-e152884e8580@group-894264BA73B1-SegmentedRaftLogWorker: created new log segment /workdir/hadoop-ozone/integration-test/target/test-dir/MiniOzoneClusterImpl-c8dce9f5-5a7e-41b0-972e-b66a6036fa2a/datanode-3/data/ratis/da67ee0a-5d0e-479f-95b8-894264ba73b1/current/log_inprogress_0
2019-10-10 00:01:50,885 [529a44ef-bbfe-4f75-bb16-a8c2613c2992@group-894264BA73B1-SegmentedRaftLogWorker] INFO  segmented.SegmentedRaftLogWorker (SegmentedRaftLogWorker.java:execute(574)) - 529a44ef-bbfe-4f75-bb16-a8c2613c2992@group-894264BA73B1-SegmentedRaftLogWorker: created new log segment /workdir/hadoop-ozone/integration-test/target/test-dir/MiniOzoneClusterImpl-c8dce9f5-5a7e-41b0-972e-b66a6036fa2a/datanode-5/data/ratis/da67ee0a-5d0e-479f-95b8-894264ba73b1/current/log_inprogress_0
2019-10-10 00:01:50,887 [a8ced4b5-6d88-493d-8e29-f3136537723d@group-894264BA73B1-SegmentedRaftLogWorker] INFO  segmented.SegmentedRaftLogWorker (SegmentedRaftLogWorker.java:execute(574)) - a8ced4b5-6d88-493d-8e29-f3136537723d@group-894264BA73B1-SegmentedRaftLogWorker: created new log segment /workdir/hadoop-ozone/integration-test/target/test-dir/MiniOzoneClusterImpl-c8dce9f5-5a7e-41b0-972e-b66a6036fa2a/datanode-4/data/ratis/da67ee0a-5d0e-479f-95b8-894264ba73b1/current/log_inprogress_0
2019-10-10 00:01:51,946 [Datanode State Machine Thread - 0] INFO  statemachine.DatanodeStateMachine (DatanodeStateMachine.java:lambda$startDaemon$0(350)) - Ozone container server started.
2019-10-10 00:01:55,961 [main] INFO  ozoneimpl.OzoneContainer (OzoneContainer.java:stop(227)) - Attempting to stop container services.
2019-10-10 00:01:55,963 [main] INFO  impl.RaftServerProxy (RaftServerProxy.java:lambda$close$4(314)) - c9e65df3-45bf-4dd6-ae39-7ce62a01d289: close
2019-10-10 00:01:55,964 [main] INFO  impl.RaftServerImpl (RaftServerImpl.java:lambda$shutdown$3(247)) - c9e65df3-45bf-4dd6-ae39-7ce62a01d289@group-2EA8FE10FE47: shutdown
2019-10-10 00:01:55,964 [ForkJoinPool.commonPool-worker-1] INFO  impl.RaftServerImpl (RaftServerImpl.java:lambda$shutdown$3(247)) - c9e65df3-45bf-4dd6-ae39-7ce62a01d289@group-AFBC2FC5FF82: shutdown
2019-10-10 00:01:55,964 [main] INFO  util.JmxRegister (JmxRegister.java:unregister(73)) - Successfully un-registered JMX Bean with object name Ratis:service=RaftServer,group=group-2EA8FE10FE47,id=c9e65df3-45bf-4dd6-ae39-7ce62a01d289
2019-10-10 00:01:55,965 [ForkJoinPool.commonPool-worker-1] INFO  util.JmxRegister (JmxRegister.java:unregister(73)) - Successfully un-registered JMX Bean with object name Ratis:service=RaftServer,group=group-AFBC2FC5FF82,id=c9e65df3-45bf-4dd6-ae39-7ce62a01d289
2019-10-10 00:01:55,965 [main] INFO  impl.RoleInfo (RoleInfo.java:shutdownFollowerState(121)) - c9e65df3-45bf-4dd6-ae39-7ce62a01d289: shutdown FollowerState
2019-10-10 00:01:55,965 [ForkJoinPool.commonPool-worker-1] INFO  impl.RoleInfo (RoleInfo.java:shutdownLeaderState(104)) - c9e65df3-45bf-4dd6-ae39-7ce62a01d289: shutdown LeaderState
2019-10-10 00:01:55,965 [main] INFO  impl.StateMachineUpdater (StateMachineUpdater.java:stopAndJoin(136)) - c9e65df3-45bf-4dd6-ae39-7ce62a01d289@group-2EA8FE10FE47-StateMachineUpdater: set stopIndex = 2
2019-10-10 00:01:55,966 [ForkJoinPool.commonPool-worker-1] INFO  impl.PendingRequests (PendingRequests.java:sendNotLeaderResponses(202)) - c9e65df3-45bf-4dd6-ae39-7ce62a01d289@group-AFBC2FC5FF82-PendingRequests: sendNotLeaderResponses
2019-10-10 00:01:55,966 [Thread-2387] INFO  impl.FollowerState (FollowerState.java:run(117)) - c9e65df3-45bf-4dd6-ae39-7ce62a01d289@group-2EA8FE10FE47-FollowerState was interrupted: java.lang.InterruptedException: sleep interrupted
2019-10-10 00:01:55,966 [c9e65df3-45bf-4dd6-ae39-7ce62a01d289@group-2EA8FE10FE47-StateMachineUpdater] INFO  ratis.ContainerStateMachine (ContainerStateMachine.java:takeSnapshot(294)) - group-2EA8FE10FE47: Taking a snapshot at:(t:1, i:1) file /workdir/hadoop-ozone/integration-test/target/test-dir/MiniOzoneClusterImpl-c8dce9f5-5a7e-41b0-972e-b66a6036fa2a/datanode-0/data/ratis/62ef2101-f14e-470d-a142-2ea8fe10fe47/sm/snapshot.1_1
2019-10-10 00:01:55,967 [ForkJoinPool.commonPool-worker-1] INFO  impl.StateMachineUpdater (StateMachineUpdater.java:stopAndJoin(136)) - c9e65df3-45bf-4dd6-ae39-7ce62a01d289@group-AFBC2FC5FF82-StateMachineUpdater: set stopIndex = 0
2019-10-10 00:01:55,967 [ForkJoinPool.commonPool-worker-1] INFO  impl.RaftServerImpl (ServerState.java:close(387)) - c9e65df3-45bf-4dd6-ae39-7ce62a01d289@group-AFBC2FC5FF82: closes. applyIndex: 0
2019-10-10 00:01:55,968 [c9e65df3-45bf-4dd6-ae39-7ce62a01d289@group-AFBC2FC5FF82-SegmentedRaftLogWorker] INFO  segmented.SegmentedRaftLogWorker (SegmentedRaftLogWorker.java:run(316)) - c9e65df3-45bf-4dd6-ae39-7ce62a01d289@group-AFBC2FC5FF82-SegmentedRaftLogWorker was interrupted, exiting. There are 0 tasks remaining in the queue.
2019-10-10 00:01:55,978 [ForkJoinPool.commonPool-worker-1] INFO  segmented.SegmentedRaftLogWorker (SegmentedRaftLogWorker.java:close(224)) - c9e65df3-45bf-4dd6-ae39-7ce62a01d289@group-AFBC2FC5FF82-SegmentedRaftLogWorker close()
2019-10-10 00:01:55,981 [c9e65df3-45bf-4dd6-ae39-7ce62a01d289@group-2EA8FE10FE47-StateMachineUpdater] INFO  ratis.ContainerStateMachine (ContainerStateMachine.java:takeSnapshot(305)) - group-2EA8FE10FE47: Finished taking a snapshot at:(t:1, i:1) file:/workdir/hadoop-ozone/integration-test/target/test-dir/MiniOzoneClusterImpl-c8dce9f5-5a7e-41b0-972e-b66a6036fa2a/datanode-0/data/ratis/62ef2101-f14e-470d-a142-2ea8fe10fe47/sm/snapshot.1_1 time:15
2019-10-10 00:01:55,981 [c9e65df3-45bf-4dd6-ae39-7ce62a01d289@group-2EA8FE10FE47-StateMachineUpdater] INFO  impl.StateMachineUpdater (StateMachineUpdater.java:takeSnapshot(269)) - c9e65df3-45bf-4dd6-ae39-7ce62a01d289@group-2EA8FE10FE47-StateMachineUpdater: Took a snapshot at index 1
2019-10-10 00:01:55,981 [c9e65df3-45bf-4dd6-ae39-7ce62a01d289@group-2EA8FE10FE47-StateMachineUpdater] INFO  impl.StateMachineUpdater (StateMachineUpdater.java:lambda$new$0(84)) - c9e65df3-45bf-4dd6-ae39-7ce62a01d289@group-2EA8FE10FE47-StateMachineUpdater: snapshotIndex: updateIncreasingly -1 -> 1
2019-10-10 00:01:55,981 [c9e65df3-45bf-4dd6-ae39-7ce62a01d289@group-2EA8FE10FE47-StateMachineUpdater] INFO  ratis.ContainerStateMachine (ContainerStateMachine.java:takeSnapshot(294)) - group-2EA8FE10FE47: Taking a snapshot at:(t:1, i:1) file /workdir/hadoop-ozone/integration-test/target/test-dir/MiniOzoneClusterImpl-c8dce9f5-5a7e-41b0-972e-b66a6036fa2a/datanode-0/data/ratis/62ef2101-f14e-470d-a142-2ea8fe10fe47/sm/snapshot.1_1
2019-10-10 00:01:55,994 [c9e65df3-45bf-4dd6-ae39-7ce62a01d289@group-2EA8FE10FE47-StateMachineUpdater] INFO  ratis.ContainerStateMachine (ContainerStateMachine.java:takeSnapshot(305)) - group-2EA8FE10FE47: Finished taking a snapshot at:(t:1, i:1) file:/workdir/hadoop-ozone/integration-test/target/test-dir/MiniOzoneClusterImpl-c8dce9f5-5a7e-41b0-972e-b66a6036fa2a/datanode-0/data/ratis/62ef2101-f14e-470d-a142-2ea8fe10fe47/sm/snapshot.1_1 time:13
2019-10-10 00:01:55,994 [c9e65df3-45bf-4dd6-ae39-7ce62a01d289@group-2EA8FE10FE47-StateMachineUpdater] INFO  impl.StateMachineUpdater (StateMachineUpdater.java:takeSnapshot(269)) - c9e65df3-45bf-4dd6-ae39-7ce62a01d289@group-2EA8FE10FE47-StateMachineUpdater: Took a snapshot at index 1
2019-10-10 00:01:55,994 [c9e65df3-45bf-4dd6-ae39-7ce62a01d289@group-2EA8FE10FE47-StateMachineUpdater] INFO  impl.StateMachineUpdater (StateMachineUpdater.java:lambda$new$0(84)) - c9e65df3-45bf-4dd6-ae39-7ce62a01d289@group-2EA8FE10FE47-StateMachineUpdater: snapshotIndex: updateIncreasingly 1 -> 1
2019-10-10 00:01:55,994 [main] INFO  impl.RaftServerImpl (ServerState.java:close(387)) - c9e65df3-45bf-4dd6-ae39-7ce62a01d289@group-2EA8FE10FE47: closes. applyIndex: 2
2019-10-10 00:01:55,994 [c9e65df3-45bf-4dd6-ae39-7ce62a01d289@group-2EA8FE10FE47-SegmentedRaftLogWorker] INFO  segmented.SegmentedRaftLogWorker (SegmentedRaftLogWorker.java:run(316)) - c9e65df3-45bf-4dd6-ae39-7ce62a01d289@group-2EA8FE10FE47-SegmentedRaftLogWorker was interrupted, exiting. There are 0 tasks remaining in the queue.
2019-10-10 00:01:56,008 [main] INFO  segmented.SegmentedRaftLogWorker (SegmentedRaftLogWorker.java:close(224)) - c9e65df3-45bf-4dd6-ae39-7ce62a01d289@group-2EA8FE10FE47-SegmentedRaftLogWorker close()
2019-10-10 00:01:56,011 [main] INFO  server.GrpcService (GrpcService.java:closeImpl(164)) - c9e65df3-45bf-4dd6-ae39-7ce62a01d289: shutdown server with port 45118 now
2019-10-10 00:01:56,012 [grpc-default-executor-3] WARN  server.GrpcServerProtocolService (LogUtils.java:warn(134)) - c9e65df3-45bf-4dd6-ae39-7ce62a01d289: installSnapshot onError, lastRequest: 8f652a8f-83fc-485f-8261-ffc4a6489a4f->c9e65df3-45bf-4dd6-ae39-7ce62a01d289#5-t1, previous=(t:1, i:2), leaderCommit=2, initializing? false, entries: <empty>: org.apache.ratis.thirdparty.io.grpc.StatusRuntimeException: CANCELLED: cancelled before receiving half close
2019-10-10 00:01:56,012 [grpc-default-executor-6] WARN  server.GrpcLogAppender (LogUtils.java:warn(134)) - 8f652a8f-83fc-485f-8261-ffc4a6489a4f@group-2EA8FE10FE47->c9e65df3-45bf-4dd6-ae39-7ce62a01d289-AppendLogResponseHandler: Failed appendEntries: org.apache.ratis.thirdparty.io.grpc.StatusRuntimeException: CANCELLED: HTTP/2 error code: CANCEL
Received Rst Stream
2019-10-10 00:01:56,012 [main] INFO  server.GrpcService (GrpcService.java:closeImpl(172)) - c9e65df3-45bf-4dd6-ae39-7ce62a01d289: shutdown server with port 45118 successfully
2019-10-10 00:01:56,012 [grpc-default-executor-6] INFO  impl.FollowerInfo (FollowerInfo.java:lambda$new$0(51)) - 8f652a8f-83fc-485f-8261-ffc4a6489a4f@group-2EA8FE10FE47->c9e65df3-45bf-4dd6-ae39-7ce62a01d289: nextIndex: updateUnconditionally 3 -> 2
2019-10-10 00:01:56,014 [refreshUsed-/workdir/hadoop-ozone/integration-test/target/test-dir/MiniOzoneClusterImpl-c8dce9f5-5a7e-41b0-972e-b66a6036fa2a/datanode-0/data/containers] WARN  fs.CachingGetSpaceUsed (CachingGetSpaceUsed.java:run(183)) - Thread Interrupted waiting to refresh disk information: sleep interrupted
2019-10-10 00:01:56,027 [main] INFO  utils.BackgroundService (BackgroundService.java:shutdown(151)) - Shutting down service BlockDeletingService
2019-10-10 00:01:56,033 [main] INFO  statemachine.DatanodeStateMachine (DatanodeStateMachine.java:stopDaemon(395)) - Ozone container server stopped.
2019-10-10 00:01:56,034 [main] INFO  handler.ContextHandler (ContextHandler.java:doStop(910)) - Stopped o.e.j.w.WebAppContext@38732364{/,null,UNAVAILABLE}{/hddsDatanode}
2019-10-10 00:01:56,035 [main] INFO  server.AbstractConnector (AbstractConnector.java:doStop(318)) - Stopped ServerConnector@7c70aae1{HTTP/1.1,[http/1.1]}{0.0.0.0:0}
2019-10-10 00:01:56,035 [main] INFO  handler.ContextHandler (ContextHandler.java:doStop(910)) - Stopped o.e.j.s.ServletContextHandler@52abed9d{/static,jar:file:/home/user/.m2/repository/org/apache/hadoop/hadoop-hdds-container-service/0.5.0-SNAPSHOT/hadoop-hdds-container-service-0.5.0-SNAPSHOT.jar!/webapps/static,UNAVAILABLE}
2019-10-10 00:01:56,035 [main] INFO  handler.ContextHandler (ContextHandler.java:doStop(910)) - Stopped o.e.j.s.ServletContextHandler@1a1f79ce{/logs,file:///workdir/hadoop-ozone/integration-test/target/log,UNAVAILABLE}
2019-10-10 00:01:56,042 [grpc-default-executor-3] WARN  server.GrpcLogAppender (LogUtils.java:warn(134)) - 8f652a8f-83fc-485f-8261-ffc4a6489a4f@group-2EA8FE10FE47->c9e65df3-45bf-4dd6-ae39-7ce62a01d289-AppendLogResponseHandler: Failed appendEntries: org.apache.ratis.thirdparty.io.grpc.StatusRuntimeException: UNAVAILABLE: io exception
2019-10-10 00:01:56,042 [grpc-default-executor-3] INFO  impl.FollowerInfo (FollowerInfo.java:lambda$new$0(51)) - 8f652a8f-83fc-485f-8261-ffc4a6489a4f@group-2EA8FE10FE47->c9e65df3-45bf-4dd6-ae39-7ce62a01d289: nextIndex: updateUnconditionally 3 -> 2
2019-10-10 00:01:56,054 [grpc-default-executor-5] WARN  server.GrpcLogAppender (LogUtils.java:warn(134)) - 8f652a8f-83fc-485f-8261-ffc4a6489a4f@group-2EA8FE10FE47->c9e65df3-45bf-4dd6-ae39-7ce62a01d289-AppendLogResponseHandler: Failed appendEntries: org.apache.ratis.thirdparty.io.grpc.StatusRuntimeException: UNAVAILABLE: io exception
2019-10-10 00:01:56,054 [grpc-default-executor-5] INFO  impl.FollowerInfo (FollowerInfo.java:lambda$new$0(51)) - 8f652a8f-83fc-485f-8261-ffc4a6489a4f@group-2EA8FE10FE47->c9e65df3-45bf-4dd6-ae39-7ce62a01d289: nextIndex: updateUnconditionally 3 -> 2
2019-10-10 00:01:56,069 [EventQueue-IncrementalContainerReportForIncrementalContainerReportHandler] WARN  container.IncrementalContainerReportHandler (AbstractContainerReportHandler.java:updateContainerState(145)) - Container #1 is in OPEN state, but the datanode 8f652a8f-83fc-485f-8261-ffc4a6489a4f{ip: 192.168.30.20, host: pr-hdds-2194-ljcxr-4216244270, networkLocation: /default-rack, certSerialId: null} reports an CLOSING replica.
2019-10-10 00:01:56,070 [grpc-default-executor-5] WARN  server.GrpcLogAppender (LogUtils.java:warn(134)) - 8f652a8f-83fc-485f-8261-ffc4a6489a4f@group-2EA8FE10FE47->c9e65df3-45bf-4dd6-ae39-7ce62a01d289-AppendLogResponseHandler: Failed appendEntries: org.apache.ratis.thirdparty.io.grpc.StatusRuntimeException: UNAVAILABLE: io exception
2019-10-10 00:01:56,070 [grpc-default-executor-5] INFO  impl.FollowerInfo (FollowerInfo.java:lambda$new$0(51)) - 8f652a8f-83fc-485f-8261-ffc4a6489a4f@group-2EA8FE10FE47->c9e65df3-45bf-4dd6-ae39-7ce62a01d289: nextIndex: updateUnconditionally 3 -> 2
2019-10-10 00:01:56,082 [EventQueue-IncrementalContainerReportForIncrementalContainerReportHandler] WARN  container.IncrementalContainerReportHandler (AbstractContainerReportHandler.java:updateContainerState(145)) - Container #1 is in OPEN state, but the datanode 25cab065-c995-47b0-a463-90382842bb3e{ip: 192.168.30.20, host: pr-hdds-2194-ljcxr-4216244270, networkLocation: /default-rack, certSerialId: null} reports an CLOSING replica.
2019-10-10 00:01:56,111 [RatisApplyTransactionExecutor 1] INFO  interfaces.Container (KeyValueContainer.java:flushAndSyncDB(386)) - Container 1 is synced with bcsId 0.
2019-10-10 00:01:56,156 [RatisApplyTransactionExecutor 1] INFO  interfaces.Container (KeyValueContainer.java:flushAndSyncDB(386)) - Container 1 is synced with bcsId 0.
2019-10-10 00:01:56,158 [RatisApplyTransactionExecutor 1] INFO  interfaces.Container (KeyValueContainer.java:flushAndSyncDB(386)) - Container 1 is synced with bcsId 0.
2019-10-10 00:01:56,158 [RatisApplyTransactionExecutor 1] INFO  interfaces.Container (KeyValueContainer.java:flushAndSyncDB(386)) - Container 1 is synced with bcsId 0.
2019-10-10 00:01:56,162 [RatisApplyTransactionExecutor 1] INFO  interfaces.Container (KeyValueContainer.java:close(335)) - Container 1 is closed with bcsId 0.
2019-10-10 00:01:56,162 [RatisApplyTransactionExecutor 1] INFO  interfaces.Container (KeyValueContainer.java:close(335)) - Container 1 is closed with bcsId 0.
2019-10-10 00:01:56,171 [EventQueue-IncrementalContainerReportForIncrementalContainerReportHandler] WARN  container.IncrementalContainerReportHandler (AbstractContainerReportHandler.java:updateContainerState(145)) - Container #1 is in OPEN state, but the datanode 8f652a8f-83fc-485f-8261-ffc4a6489a4f{ip: 192.168.30.20, host: pr-hdds-2194-ljcxr-4216244270, networkLocation: /default-rack, certSerialId: null} reports an CLOSED replica.
2019-10-10 00:01:56,172 [EventQueue-IncrementalContainerReportForIncrementalContainerReportHandler] WARN  container.IncrementalContainerReportHandler (AbstractContainerReportHandler.java:updateContainerState(145)) - Container #1 is in OPEN state, but the datanode 25cab065-c995-47b0-a463-90382842bb3e{ip: 192.168.30.20, host: pr-hdds-2194-ljcxr-4216244270, networkLocation: /default-rack, certSerialId: null} reports an CLOSED replica.
2019-10-10 00:01:58,571 [grpc-default-executor-6] WARN  server.GrpcLogAppender (LogUtils.java:warn(134)) - 8f652a8f-83fc-485f-8261-ffc4a6489a4f@group-2EA8FE10FE47->c9e65df3-45bf-4dd6-ae39-7ce62a01d289-AppendLogResponseHandler: Failed appendEntries: org.apache.ratis.thirdparty.io.grpc.StatusRuntimeException: UNAVAILABLE: io exception
2019-10-10 00:01:58,571 [grpc-default-executor-6] INFO  impl.FollowerInfo (FollowerInfo.java:lambda$new$0(51)) - 8f652a8f-83fc-485f-8261-ffc4a6489a4f@group-2EA8FE10FE47->c9e65df3-45bf-4dd6-ae39-7ce62a01d289: nextIndex: updateUnconditionally 2 -> 1
2019-10-10 00:01:59,180 [main] WARN  scm.XceiverClientRatis (XceiverClientRatis.java:watchForCommit(277)) - 3 way commit failed on pipeline Pipeline[ Id: 62ef2101-f14e-470d-a142-2ea8fe10fe47, Nodes: c9e65df3-45bf-4dd6-ae39-7ce62a01d289{ip: 192.168.30.20, host: pr-hdds-2194-ljcxr-4216244270, networkLocation: /default-rack, certSerialId: null}8f652a8f-83fc-485f-8261-ffc4a6489a4f{ip: 192.168.30.20, host: pr-hdds-2194-ljcxr-4216244270, networkLocation: /default-rack, certSerialId: null}25cab065-c995-47b0-a463-90382842bb3e{ip: 192.168.30.20, host: pr-hdds-2194-ljcxr-4216244270, networkLocation: /default-rack, certSerialId: null}, Type:RATIS, Factor:THREE, State:OPEN]
java.util.concurrent.TimeoutException
	at java.util.concurrent.CompletableFuture.timedGet(CompletableFuture.java:1771)
	at java.util.concurrent.CompletableFuture.get(CompletableFuture.java:1915)
	at org.apache.hadoop.hdds.scm.XceiverClientRatis.watchForCommit(XceiverClientRatis.java:274)
	at org.apache.hadoop.ozone.client.rpc.TestWatchForCommit.test2WayCommitForTimeoutException(TestWatchForCommit.java:391)
	at sun.reflect.NativeMethodAccessorImpl.invoke0(Native Method)
	at sun.reflect.NativeMethodAccessorImpl.invoke(NativeMethodAccessorImpl.java:62)
	at sun.reflect.DelegatingMethodAccessorImpl.invoke(DelegatingMethodAccessorImpl.java:43)
	at java.lang.reflect.Method.invoke(Method.java:498)
	at org.junit.runners.model.FrameworkMethod$1.runReflectiveCall(FrameworkMethod.java:47)
	at org.junit.internal.runners.model.ReflectiveCallable.run(ReflectiveCallable.java:12)
	at org.junit.runners.model.FrameworkMethod.invokeExplosively(FrameworkMethod.java:44)
	at org.junit.internal.runners.statements.InvokeMethod.evaluate(InvokeMethod.java:17)
	at org.junit.runners.ParentRunner.runLeaf(ParentRunner.java:271)
	at org.junit.runners.BlockJUnit4ClassRunner.runChild(BlockJUnit4ClassRunner.java:70)
	at org.junit.runners.BlockJUnit4ClassRunner.runChild(BlockJUnit4ClassRunner.java:50)
	at org.junit.runners.ParentRunner$3.run(ParentRunner.java:238)
	at org.junit.runners.ParentRunner$1.schedule(ParentRunner.java:63)
	at org.junit.runners.ParentRunner.runChildren(ParentRunner.java:236)
	at org.junit.runners.ParentRunner.access$000(ParentRunner.java:53)
	at org.junit.runners.ParentRunner$2.evaluate(ParentRunner.java:229)
	at org.junit.runners.ParentRunner.run(ParentRunner.java:309)
	at org.apache.maven.surefire.junit4.JUnit4Provider.execute(JUnit4Provider.java:365)
	at org.apache.maven.surefire.junit4.JUnit4Provider.executeWithRerun(JUnit4Provider.java:273)
	at org.apache.maven.surefire.junit4.JUnit4Provider.executeTestSet(JUnit4Provider.java:238)
	at org.apache.maven.surefire.junit4.JUnit4Provider.invoke(JUnit4Provider.java:159)
	at org.apache.maven.surefire.booter.ForkedBooter.invokeProviderInSameClassLoader(ForkedBooter.java:384)
	at org.apache.maven.surefire.booter.ForkedBooter.runSuitesInProcess(ForkedBooter.java:345)
	at org.apache.maven.surefire.booter.ForkedBooter.execute(ForkedBooter.java:126)
	at org.apache.maven.surefire.booter.ForkedBooter.main(ForkedBooter.java:418)
2019-10-10 00:01:59,188 [Thread-2450] INFO  client.GrpcClientProtocolService (GrpcClientProtocolService.java:lambda$processClientRequest$0(278)) - Failed RaftClientRequest:client-F8BF661AB264->25cab065-c995-47b0-a463-90382842bb3e@group-2EA8FE10FE47, cid=103, seq=0, Watch-MAJORITY_COMMITTED(3), Message:<EMPTY>, reply=RaftClientReply:client-F8BF661AB264->25cab065-c995-47b0-a463-90382842bb3e@group-2EA8FE10FE47, cid=103, FAILED org.apache.ratis.protocol.NotLeaderException: Server 25cab065-c995-47b0-a463-90382842bb3e@group-2EA8FE10FE47 is not the leader 8f652a8f-83fc-485f-8261-ffc4a6489a4f:192.168.30.20:32785, logIndex=0, commits[25cab065-c995-47b0-a463-90382842bb3e:c4, c9e65df3-45bf-4dd6-ae39-7ce62a01d289:c2, 8f652a8f-83fc-485f-8261-ffc4a6489a4f:c4]
2019-10-10 00:02:01,072 [grpc-default-executor-6] WARN  server.GrpcLogAppender (LogUtils.java:warn(134)) - 8f652a8f-83fc-485f-8261-ffc4a6489a4f@group-2EA8FE10FE47->c9e65df3-45bf-4dd6-ae39-7ce62a01d289-AppendLogResponseHandler: Failed appendEntries: org.apache.ratis.thirdparty.io.grpc.StatusRuntimeException: UNAVAILABLE: io exception
2019-10-10 00:02:01,080 [grpc-default-executor-6] INFO  impl.FollowerInfo (FollowerInfo.java:lambda$new$0(51)) - 8f652a8f-83fc-485f-8261-ffc4a6489a4f@group-2EA8FE10FE47->c9e65df3-45bf-4dd6-ae39-7ce62a01d289: nextIndex: updateUnconditionally 1 -> 0
]]></system-out>
    <system-err><![CDATA[Oct 10, 2019 12:01:56 AM org.apache.ratis.thirdparty.io.grpc.internal.SerializingExecutor run
SEVERE: Exception while executing runnable org.apache.ratis.thirdparty.io.grpc.internal.ServerImpl$JumpToApplicationThreadServerStreamListener$1Closed@30af0c05
org.apache.ratis.thirdparty.io.grpc.StatusRuntimeException: CANCELLED: call already cancelled
	at org.apache.ratis.thirdparty.io.grpc.Status.asRuntimeException(Status.java:517)
	at org.apache.ratis.thirdparty.io.grpc.stub.ServerCalls$ServerCallStreamObserverImpl.onCompleted(ServerCalls.java:356)
	at org.apache.ratis.grpc.server.GrpcServerProtocolService$ServerRequestStreamObserver.onError(GrpcServerProtocolService.java:121)
	at org.apache.ratis.thirdparty.io.grpc.stub.ServerCalls$StreamingServerCallHandler$StreamingServerCallListener.onCancel(ServerCalls.java:269)
	at org.apache.ratis.thirdparty.io.grpc.internal.ServerCallImpl$ServerStreamListenerImpl.closed(ServerCallImpl.java:293)
	at org.apache.ratis.thirdparty.io.grpc.internal.ServerImpl$JumpToApplicationThreadServerStreamListener$1Closed.runInContext(ServerImpl.java:741)
	at org.apache.ratis.thirdparty.io.grpc.internal.ContextRunnable.run(ContextRunnable.java:37)
	at org.apache.ratis.thirdparty.io.grpc.internal.SerializingExecutor.run(SerializingExecutor.java:123)
	at java.util.concurrent.ThreadPoolExecutor.runWorker(ThreadPoolExecutor.java:1149)
	at java.util.concurrent.ThreadPoolExecutor$Worker.run(ThreadPoolExecutor.java:624)
	at java.lang.Thread.run(Thread.java:748)

]]></system-err>
  </testcase>
</testsuite>