<?xml version="1.0" encoding="UTF-8"?>
<testsuite xmlns:xsi="http://www.w3.org/2001/XMLSchema-instance" xsi:noNamespaceSchemaLocation="https://maven.apache.org/surefire/maven-surefire-plugin/xsd/surefire-test-report.xsd" name="org.apache.hadoop.ozone.client.rpc.TestBlockOutputStreamWithFailures" time="688.652" tests="8" errors="0" skipped="0" failures="1">
  <properties>
    <property name="awt.toolkit" value="sun.awt.X11.XToolkit"/>
    <property name="file.encoding.pkg" value="sun.io"/>
    <property name="java.specification.version" value="1.8"/>
    <property name="sun.cpu.isalist" value=""/>
    <property name="sun.jnu.encoding" value="UTF-8"/>
    <property name="java.class.path" value="/workdir/hadoop-ozone/integration-test/target/test-classes:/workdir/hadoop-ozone/integration-test/target/classes:/home/user/.m2/repository/org/apache/hadoop/hadoop-ozone-common/0.5.0-SNAPSHOT/hadoop-ozone-common-0.5.0-SNAPSHOT.jar:/home/user/.m2/repository/org/apache/commons/commons-compress/1.4.1/commons-compress-1.4.1.jar:/home/user/.m2/repository/org/tukaani/xz/1.0/xz-1.0.jar:/home/user/.m2/repository/org/apache/hadoop/hadoop-common/3.2.0/hadoop-common-3.2.0.jar:/home/user/.m2/repository/org/apache/hadoop/hadoop-hdfs/3.2.0/hadoop-hdfs-3.2.0.jar:/home/user/.m2/repository/org/apache/hadoop/hadoop-hdfs-client/3.2.0/hadoop-hdfs-client-3.2.0.jar:/home/user/.m2/repository/com/fasterxml/jackson/core/jackson-annotations/2.9.9/jackson-annotations-2.9.9.jar:/home/user/.m2/repository/org/apache/hadoop/hadoop-hdds-common/0.5.0-SNAPSHOT/hadoop-hdds-common-0.5.0-SNAPSHOT.jar:/home/user/.m2/repository/javax/annotation/javax.annotation-api/1.2/javax.annotation-api-1.2.jar:/home/user/.m2/repository/org/apache/ratis/ratis-server/0.4.0/ratis-server-0.4.0.jar:/home/user/.m2/repository/org/apache/ratis/ratis-thirdparty-misc/0.2.0/ratis-thirdparty-misc-0.2.0.jar:/home/user/.m2/repository/org/apache/ratis/ratis-proto/0.4.0/ratis-proto-0.4.0.jar:/home/user/.m2/repository/org/apache/ratis/ratis-common/0.4.0/ratis-common-0.4.0.jar:/home/user/.m2/repository/org/apache/ratis/ratis-client/0.4.0/ratis-client-0.4.0.jar:/home/user/.m2/repository/org/apache/ratis/ratis-metrics/0.4.0/ratis-metrics-0.4.0.jar:/home/user/.m2/repository/com/github/joshelser/dropwizard-metrics-hadoop-metrics2-reporter/0.1.2/dropwizard-metrics-hadoop-metrics2-reporter-0.1.2.jar:/home/user/.m2/repository/io/dropwizard/metrics/metrics-jvm/3.2.5/metrics-jvm-3.2.5.jar:/home/user/.m2/repository/io/dropwizard/metrics/metrics-ganglia/3.2.5/metrics-ganglia-3.2.5.jar:/home/user/.m2/repository/info/ganglia/gmetric4j/gmetric4j/1.0.7/gmetric4j-1.0.7.jar:/home/user/.m2/repository/org/apache/ratis/ratis-netty/0.4.0/ratis-netty-0.4.0.jar:/home/user/.m2/repository/org/apache/ratis/ratis-grpc/0.4.0/ratis-grpc-0.4.0.jar:/home/user/.m2/repository/org/rocksdb/rocksdbjni/6.0.1/rocksdbjni-6.0.1.jar:/home/user/.m2/repository/org/apache/logging/log4j/log4j-api/2.11.0/log4j-api-2.11.0.jar:/home/user/.m2/repository/org/apache/logging/log4j/log4j-core/2.11.0/log4j-core-2.11.0.jar:/home/user/.m2/repository/com/lmax/disruptor/3.4.2/disruptor-3.4.2.jar:/home/user/.m2/repository/org/apache/commons/commons-pool2/2.6.0/commons-pool2-2.6.0.jar:/home/user/.m2/repository/org/bouncycastle/bcpkix-jdk15on/1.60/bcpkix-jdk15on-1.60.jar:/home/user/.m2/repository/commons-validator/commons-validator/1.6/commons-validator-1.6.jar:/home/user/.m2/repository/commons-digester/commons-digester/1.8.1/commons-digester-1.8.1.jar:/home/user/.m2/repository/io/jaegertracing/jaeger-client/0.34.0/jaeger-client-0.34.0.jar:/home/user/.m2/repository/io/jaegertracing/jaeger-thrift/0.34.0/jaeger-thrift-0.34.0.jar:/home/user/.m2/repository/org/apache/thrift/libthrift/0.12.0/libthrift-0.12.0.jar:/home/user/.m2/repository/com/squareup/okhttp3/okhttp/3.9.0/okhttp-3.9.0.jar:/home/user/.m2/repository/com/squareup/okio/okio/1.13.0/okio-1.13.0.jar:/home/user/.m2/repository/io/jaegertracing/jaeger-core/0.34.0/jaeger-core-0.34.0.jar:/home/user/.m2/repository/io/jaegertracing/jaeger-tracerresolver/0.34.0/jaeger-tracerresolver-0.34.0.jar:/home/user/.m2/repository/io/opentracing/contrib/opentracing-tracerresolver/0.1.5/opentracing-tracerresolver-0.1.5.jar:/home/user/.m2/repository/io/opentracing/opentracing-util/0.31.0/opentracing-util-0.31.0.jar:/home/user/.m2/repository/io/opentracing/opentracing-api/0.31.0/opentracing-api-0.31.0.jar:/home/user/.m2/repository/io/opentracing/opentracing-noop/0.31.0/opentracing-noop-0.31.0.jar:/home/user/.m2/repository/org/apache/hadoop/hadoop-hdds-server-framework/0.5.0-SNAPSHOT/hadoop-hdds-server-framework-0.5.0-SNAPSHOT.jar:/home/user/.m2/repository/org/apache/hadoop/hadoop-hdds-container-service/0.5.0-SNAPSHOT/hadoop-hdds-container-service-0.5.0-SNAPSHOT.jar:/home/user/.m2/repository/org/apache/hadoop/hadoop-hdds-client/0.5.0-SNAPSHOT/hadoop-hdds-client-0.5.0-SNAPSHOT.jar:/home/user/.m2/repository/org/apache/hadoop/hadoop-hdds-tools/0.5.0-SNAPSHOT/hadoop-hdds-tools-0.5.0-SNAPSHOT.jar:/home/user/.m2/repository/org/apache/hadoop/hadoop-hdds-server-scm/0.5.0-SNAPSHOT/hadoop-hdds-server-scm-0.5.0-SNAPSHOT.jar:/home/user/.m2/repository/org/apache/hadoop/hadoop-hdds-docs/0.5.0-SNAPSHOT/hadoop-hdds-docs-0.5.0-SNAPSHOT.jar:/home/user/.m2/repository/io/dropwizard/metrics/metrics-core/3.2.4/metrics-core-3.2.4.jar:/home/user/.m2/repository/org/hamcrest/hamcrest-all/1.3/hamcrest-all-1.3.jar:/home/user/.m2/repository/org/bouncycastle/bcprov-jdk15on/1.60/bcprov-jdk15on-1.60.jar:/home/user/.m2/repository/info/picocli/picocli/3.9.6/picocli-3.9.6.jar:/home/user/.m2/repository/com/google/protobuf/protobuf-java/2.5.0/protobuf-java-2.5.0.jar:/home/user/.m2/repository/com/google/guava/guava/11.0.2/guava-11.0.2.jar:/home/user/.m2/repository/org/apache/hadoop/hadoop-ozone-ozone-manager/0.5.0-SNAPSHOT/hadoop-ozone-ozone-manager-0.5.0-SNAPSHOT.jar:/home/user/.m2/repository/org/apache/hadoop/hadoop-minikdc/3.2.0/hadoop-minikdc-3.2.0.jar:/home/user/.m2/repository/commons-io/commons-io/2.5/commons-io-2.5.jar:/home/user/.m2/repository/org/apache/kerby/kerb-simplekdc/1.0.1/kerb-simplekdc-1.0.1.jar:/home/user/.m2/repository/org/apache/kerby/kerb-client/1.0.1/kerb-client-1.0.1.jar:/home/user/.m2/repository/org/apache/kerby/kerby-config/1.0.1/kerby-config-1.0.1.jar:/home/user/.m2/repository/org/apache/kerby/kerb-core/1.0.1/kerb-core-1.0.1.jar:/home/user/.m2/repository/org/apache/kerby/kerby-pkix/1.0.1/kerby-pkix-1.0.1.jar:/home/user/.m2/repository/org/apache/kerby/kerby-asn1/1.0.1/kerby-asn1-1.0.1.jar:/home/user/.m2/repository/org/apache/kerby/kerby-util/1.0.1/kerby-util-1.0.1.jar:/home/user/.m2/repository/org/apache/kerby/kerb-common/1.0.1/kerb-common-1.0.1.jar:/home/user/.m2/repository/org/apache/kerby/kerb-crypto/1.0.1/kerb-crypto-1.0.1.jar:/home/user/.m2/repository/org/apache/kerby/kerb-util/1.0.1/kerb-util-1.0.1.jar:/home/user/.m2/repository/org/apache/kerby/token-provider/1.0.1/token-provider-1.0.1.jar:/home/user/.m2/repository/org/apache/kerby/kerb-admin/1.0.1/kerb-admin-1.0.1.jar:/home/user/.m2/repository/org/apache/kerby/kerb-server/1.0.1/kerb-server-1.0.1.jar:/home/user/.m2/repository/org/apache/kerby/kerb-identity/1.0.1/kerb-identity-1.0.1.jar:/home/user/.m2/repository/org/apache/kerby/kerby-xdr/1.0.1/kerby-xdr-1.0.1.jar:/home/user/.m2/repository/org/slf4j/slf4j-log4j12/1.7.25/slf4j-log4j12-1.7.25.jar:/home/user/.m2/repository/org/apache/hadoop/hadoop-ozone-s3gateway/0.5.0-SNAPSHOT/hadoop-ozone-s3gateway-0.5.0-SNAPSHOT.jar:/home/user/.m2/repository/org/jboss/weld/servlet/weld-servlet/2.4.7.Final/weld-servlet-2.4.7.Final.jar:/home/user/.m2/repository/org/glassfish/jersey/containers/jersey-container-servlet-core/2.27/jersey-container-servlet-core-2.27.jar:/home/user/.m2/repository/org/glassfish/hk2/external/javax.inject/2.5.0-b42/javax.inject-2.5.0-b42.jar:/home/user/.m2/repository/org/glassfish/jersey/core/jersey-common/2.27/jersey-common-2.27.jar:/home/user/.m2/repository/org/glassfish/hk2/osgi-resource-locator/1.0.1/osgi-resource-locator-1.0.1.jar:/home/user/.m2/repository/javax/ws/rs/javax.ws.rs-api/2.1/javax.ws.rs-api-2.1.jar:/home/user/.m2/repository/org/glassfish/jersey/ext/cdi/jersey-cdi1x/2.27/jersey-cdi1x-2.27.jar:/home/user/.m2/repository/org/glassfish/jersey/inject/jersey-hk2/2.27/jersey-hk2-2.27.jar:/home/user/.m2/repository/org/glassfish/hk2/hk2-locator/2.5.0-b42/hk2-locator-2.5.0-b42.jar:/home/user/.m2/repository/org/javassist/javassist/3.22.0-CR2/javassist-3.22.0-CR2.jar:/home/user/.m2/repository/org/glassfish/hk2/hk2-api/2.5.0/hk2-api-2.5.0.jar:/home/user/.m2/repository/org/glassfish/hk2/external/jakarta.inject/2.5.0/jakarta.inject-2.5.0.jar:/home/user/.m2/repository/org/glassfish/hk2/hk2-utils/2.5.0/hk2-utils-2.5.0.jar:/home/user/.m2/repository/jakarta/annotation/jakarta.annotation-api/1.3.4/jakarta.annotation-api-1.3.4.jar:/home/user/.m2/repository/org/glassfish/hk2/external/aopalliance-repackaged/2.5.0/aopalliance-repackaged-2.5.0.jar:/home/user/.m2/repository/com/fasterxml/jackson/dataformat/jackson-dataformat-xml/2.9.0/jackson-dataformat-xml-2.9.0.jar:/home/user/.m2/repository/com/fasterxml/jackson/core/jackson-core/2.9.9/jackson-core-2.9.9.jar:/home/user/.m2/repository/com/fasterxml/jackson/module/jackson-module-jaxb-annotations/2.9.9/jackson-module-jaxb-annotations-2.9.9.jar:/home/user/.m2/repository/javax/enterprise/cdi-api/1.2/cdi-api-1.2.jar:/home/user/.m2/repository/javax/el/javax.el-api/3.0.0/javax.el-api-3.0.0.jar:/home/user/.m2/repository/javax/interceptor/javax.interceptor-api/1.2/javax.interceptor-api-1.2.jar:/home/user/.m2/repository/javax/inject/javax.inject/1/javax.inject-1.jar:/home/user/.m2/repository/com/sun/xml/bind/jaxb-impl/2.3.0.1/jaxb-impl-2.3.0.1.jar:/home/user/.m2/repository/com/sun/xml/bind/jaxb-core/2.3.0.1/jaxb-core-2.3.0.1.jar:/home/user/.m2/repository/javax/xml/bind/jaxb-api/2.3.0/jaxb-api-2.3.0.jar:/home/user/.m2/repository/javax/activation/activation/1.1.1/activation-1.1.1.jar:/home/user/.m2/repository/org/apache/hadoop/hadoop-ozone-csi/0.5.0-SNAPSHOT/hadoop-ozone-csi-0.5.0-SNAPSHOT.jar:/home/user/.m2/repository/com/google/protobuf/protobuf-java-util/3.5.1/protobuf-java-util-3.5.1.jar:/home/user/.m2/repository/org/apache/hadoop/hadoop-hdds-config/0.5.0-SNAPSHOT/hadoop-hdds-config-0.5.0-SNAPSHOT.jar:/home/user/.m2/repository/io/grpc/grpc-netty/1.17.1/grpc-netty-1.17.1.jar:/home/user/.m2/repository/io/grpc/grpc-core/1.17.1/grpc-core-1.17.1.jar:/home/user/.m2/repository/io/grpc/grpc-context/1.17.1/grpc-context-1.17.1.jar:/home/user/.m2/repository/com/google/errorprone/error_prone_annotations/2.2.0/error_prone_annotations-2.2.0.jar:/home/user/.m2/repository/org/codehaus/mojo/animal-sniffer-annotations/1.17/animal-sniffer-annotations-1.17.jar:/home/user/.m2/repository/io/opencensus/opencensus-api/0.17.0/opencensus-api-0.17.0.jar:/home/user/.m2/repository/io/opencensus/opencensus-contrib-grpc-metrics/0.17.0/opencensus-contrib-grpc-metrics-0.17.0.jar:/home/user/.m2/repository/io/netty/netty-codec-http2/4.1.30.Final/netty-codec-http2-4.1.30.Final.jar:/home/user/.m2/repository/io/netty/netty-codec-http/4.1.30.Final/netty-codec-http-4.1.30.Final.jar:/home/user/.m2/repository/io/netty/netty-codec/4.1.30.Final/netty-codec-4.1.30.Final.jar:/home/user/.m2/repository/io/netty/netty-handler/4.1.30.Final/netty-handler-4.1.30.Final.jar:/home/user/.m2/repository/io/netty/netty-handler-proxy/4.1.30.Final/netty-handler-proxy-4.1.30.Final.jar:/home/user/.m2/repository/io/netty/netty-codec-socks/4.1.30.Final/netty-codec-socks-4.1.30.Final.jar:/home/user/.m2/repository/io/netty/netty-transport-native-epoll/4.1.30.Final/netty-transport-native-epoll-4.1.30.Final.jar:/home/user/.m2/repository/io/netty/netty-common/4.1.30.Final/netty-common-4.1.30.Final.jar:/home/user/.m2/repository/io/netty/netty-buffer/4.1.30.Final/netty-buffer-4.1.30.Final.jar:/home/user/.m2/repository/io/netty/netty-transport/4.1.30.Final/netty-transport-4.1.30.Final.jar:/home/user/.m2/repository/io/netty/netty-resolver/4.1.30.Final/netty-resolver-4.1.30.Final.jar:/home/user/.m2/repository/io/netty/netty-transport-native-unix-common/4.1.30.Final/netty-transport-native-unix-common-4.1.30.Final.jar:/home/user/.m2/repository/io/grpc/grpc-protobuf/1.17.1/grpc-protobuf-1.17.1.jar:/home/user/.m2/repository/com/google/api/grpc/proto-google-common-protos/1.0.0/proto-google-common-protos-1.0.0.jar:/home/user/.m2/repository/io/grpc/grpc-protobuf-lite/1.17.1/grpc-protobuf-lite-1.17.1.jar:/home/user/.m2/repository/io/grpc/grpc-stub/1.17.1/grpc-stub-1.17.1.jar:/home/user/.m2/repository/org/apache/hadoop/hadoop-ozone-recon/0.5.0-SNAPSHOT/hadoop-ozone-recon-0.5.0-SNAPSHOT.jar:/home/user/.m2/repository/org/apache/hadoop/hadoop-ozone-reconcodegen/0.5.0-SNAPSHOT/hadoop-ozone-reconcodegen-0.5.0-SNAPSHOT.jar:/home/user/.m2/repository/com/google/inject/extensions/guice-multibindings/4.0/guice-multibindings-4.0.jar:/home/user/.m2/repository/com/google/inject/guice/4.0/guice-4.0.jar:/home/user/.m2/repository/aopalliance/aopalliance/1.0/aopalliance-1.0.jar:/home/user/.m2/repository/com/google/inject/extensions/guice-servlet/4.0/guice-servlet-4.0.jar:/home/user/.m2/repository/org/glassfish/jersey/containers/jersey-container-servlet/2.27/jersey-container-servlet-2.27.jar:/home/user/.m2/repository/org/glassfish/hk2/guice-bridge/2.5.0/guice-bridge-2.5.0.jar:/home/user/.m2/repository/org/glassfish/jersey/core/jersey-server/2.27/jersey-server-2.27.jar:/home/user/.m2/repository/org/glassfish/jersey/core/jersey-client/2.27/jersey-client-2.27.jar:/home/user/.m2/repository/org/glassfish/jersey/media/jersey-media-jaxb/2.27/jersey-media-jaxb-2.27.jar:/home/user/.m2/repository/javax/validation/validation-api/1.1.0.Final/validation-api-1.1.0.Final.jar:/home/user/.m2/repository/org/glassfish/jersey/media/jersey-media-json-jackson/2.27/jersey-media-json-jackson-2.27.jar:/home/user/.m2/repository/org/glassfish/jersey/ext/jersey-entity-filtering/2.27/jersey-entity-filtering-2.27.jar:/home/user/.m2/repository/com/google/inject/extensions/guice-assistedinject/4.0/guice-assistedinject-4.0.jar:/home/user/.m2/repository/org/jooq/jooq/3.11.10/jooq-3.11.10.jar:/home/user/.m2/repository/org/jooq/jooq-meta/3.11.10/jooq-meta-3.11.10.jar:/home/user/.m2/repository/org/jooq/jooq-codegen/3.11.10/jooq-codegen-3.11.10.jar:/home/user/.m2/repository/com/jolbox/bonecp/0.8.0.RELEASE/bonecp-0.8.0.RELEASE.jar:/home/user/.m2/repository/org/xerial/sqlite-jdbc/3.25.2/sqlite-jdbc-3.25.2.jar:/home/user/.m2/repository/org/springframework/spring-jdbc/5.1.3.RELEASE/spring-jdbc-5.1.3.RELEASE.jar:/home/user/.m2/repository/org/springframework/spring-beans/5.1.3.RELEASE/spring-beans-5.1.3.RELEASE.jar:/home/user/.m2/repository/org/springframework/spring-core/5.1.3.RELEASE/spring-core-5.1.3.RELEASE.jar:/home/user/.m2/repository/org/springframework/spring-jcl/5.1.3.RELEASE/spring-jcl-5.1.3.RELEASE.jar:/home/user/.m2/repository/org/springframework/spring-tx/5.1.3.RELEASE/spring-tx-5.1.3.RELEASE.jar:/home/user/.m2/repository/org/apache/hadoop/hadoop-ozone-client/0.5.0-SNAPSHOT/hadoop-ozone-client-0.5.0-SNAPSHOT.jar:/home/user/.m2/repository/commons-lang/commons-lang/2.6/commons-lang-2.6.jar:/home/user/.m2/repository/org/apache/hadoop/hadoop-ozone-ozone-manager/0.5.0-SNAPSHOT/hadoop-ozone-ozone-manager-0.5.0-SNAPSHOT-tests.jar:/home/user/.m2/repository/junit/junit/4.11/junit-4.11.jar:/home/user/.m2/repository/org/hamcrest/hamcrest-core/1.3/hamcrest-core-1.3.jar:/home/user/.m2/repository/org/openjdk/jmh/jmh-core/1.19/jmh-core-1.19.jar:/home/user/.m2/repository/net/sf/jopt-simple/jopt-simple/4.6/jopt-simple-4.6.jar:/home/user/.m2/repository/org/apache/commons/commons-math3/3.1.1/commons-math3-3.1.1.jar:/home/user/.m2/repository/org/openjdk/jmh/jmh-generator-annprocess/1.19/jmh-generator-annprocess-1.19.jar:/home/user/.m2/repository/org/mockito/mockito-all/1.8.5/mockito-all-1.8.5.jar:/home/user/.m2/repository/org/apache/hadoop/hadoop-kms/3.2.0/hadoop-kms-3.2.0.jar:/home/user/.m2/repository/org/apache/hadoop/hadoop-auth/3.2.0/hadoop-auth-3.2.0.jar:/home/user/.m2/repository/com/nimbusds/nimbus-jose-jwt/4.41.1/nimbus-jose-jwt-4.41.1.jar:/home/user/.m2/repository/com/github/stephenc/jcip/jcip-annotations/1.0-1/jcip-annotations-1.0-1.jar:/home/user/.m2/repository/net/minidev/json-smart/2.3/json-smart-2.3.jar:/home/user/.m2/repository/net/minidev/accessors-smart/1.2/accessors-smart-1.2.jar:/home/user/.m2/repository/org/ow2/asm/asm/5.0.4/asm-5.0.4.jar:/home/user/.m2/repository/org/apache/curator/curator-framework/2.12.0/curator-framework-2.12.0.jar:/home/user/.m2/repository/com/sun/jersey/jersey-core/1.19/jersey-core-1.19.jar:/home/user/.m2/repository/javax/ws/rs/jsr311-api/1.1.1/jsr311-api-1.1.1.jar:/home/user/.m2/repository/com/sun/jersey/jersey-server/1.19/jersey-server-1.19.jar:/home/user/.m2/repository/javax/servlet/javax.servlet-api/3.1.0/javax.servlet-api-3.1.0.jar:/home/user/.m2/repository/org/eclipse/jetty/jetty-server/9.3.25.v20180904/jetty-server-9.3.25.v20180904.jar:/home/user/.m2/repository/org/eclipse/jetty/jetty-http/9.3.25.v20180904/jetty-http-9.3.25.v20180904.jar:/home/user/.m2/repository/org/eclipse/jetty/jetty-io/9.3.25.v20180904/jetty-io-9.3.25.v20180904.jar:/home/user/.m2/repository/org/eclipse/jetty/jetty-webapp/9.3.25.v20180904/jetty-webapp-9.3.25.v20180904.jar:/home/user/.m2/repository/org/eclipse/jetty/jetty-xml/9.3.25.v20180904/jetty-xml-9.3.25.v20180904.jar:/home/user/.m2/repository/log4j/log4j/1.2.17/log4j-1.2.17.jar:/home/user/.m2/repository/org/slf4j/slf4j-api/1.7.25/slf4j-api-1.7.25.jar:/home/user/.m2/repository/org/slf4j/jul-to-slf4j/1.7.25/jul-to-slf4j-1.7.25.jar:/home/user/.m2/repository/org/eclipse/jetty/jetty-util/9.3.25.v20180904/jetty-util-9.3.25.v20180904.jar:/home/user/.m2/repository/com/fasterxml/jackson/core/jackson-databind/2.9.9/jackson-databind-2.9.9.jar:/home/user/.m2/repository/org/apache/hadoop/hadoop-kms/3.2.0/hadoop-kms-3.2.0-tests.jar:/home/user/.m2/repository/org/apache/hadoop/hadoop-hdds-server-scm/0.5.0-SNAPSHOT/hadoop-hdds-server-scm-0.5.0-SNAPSHOT-tests.jar:/home/user/.m2/repository/org/apache/hadoop/hadoop-hdds-container-service/0.5.0-SNAPSHOT/hadoop-hdds-container-service-0.5.0-SNAPSHOT-tests.jar:/home/user/.m2/repository/org/yaml/snakeyaml/1.16/snakeyaml-1.16.jar:/home/user/.m2/repository/org/apache/hadoop/hadoop-common/3.2.0/hadoop-common-3.2.0-tests.jar:/home/user/.m2/repository/org/apache/hadoop/hadoop-annotations/3.2.0/hadoop-annotations-3.2.0.jar:/usr/lib/jvm/java-1.8-openjdk/jre/../lib/tools.jar:/home/user/.m2/repository/commons-cli/commons-cli/1.2/commons-cli-1.2.jar:/home/user/.m2/repository/org/apache/httpcomponents/httpclient/4.5.2/httpclient-4.5.2.jar:/home/user/.m2/repository/org/apache/httpcomponents/httpcore/4.4.4/httpcore-4.4.4.jar:/home/user/.m2/repository/commons-codec/commons-codec/1.11/commons-codec-1.11.jar:/home/user/.m2/repository/commons-net/commons-net/3.6/commons-net-3.6.jar:/home/user/.m2/repository/commons-collections/commons-collections/3.2.2/commons-collections-3.2.2.jar:/home/user/.m2/repository/org/eclipse/jetty/jetty-servlet/9.3.25.v20180904/jetty-servlet-9.3.25.v20180904.jar:/home/user/.m2/repository/org/eclipse/jetty/jetty-security/9.3.25.v20180904/jetty-security-9.3.25.v20180904.jar:/home/user/.m2/repository/javax/servlet/jsp/jsp-api/2.1/jsp-api-2.1.jar:/home/user/.m2/repository/com/sun/jersey/jersey-servlet/1.19/jersey-servlet-1.19.jar:/home/user/.m2/repository/com/sun/jersey/jersey-json/1.19/jersey-json-1.19.jar:/home/user/.m2/repository/org/codehaus/jettison/jettison/1.1/jettison-1.1.jar:/home/user/.m2/repository/org/codehaus/jackson/jackson-core-asl/1.9.13/jackson-core-asl-1.9.13.jar:/home/user/.m2/repository/org/codehaus/jackson/jackson-mapper-asl/1.9.13/jackson-mapper-asl-1.9.13.jar:/home/user/.m2/repository/org/codehaus/jackson/jackson-jaxrs/1.9.13/jackson-jaxrs-1.9.13.jar:/home/user/.m2/repository/org/codehaus/jackson/jackson-xc/1.9.13/jackson-xc-1.9.13.jar:/home/user/.m2/repository/commons-logging/commons-logging/1.1.3/commons-logging-1.1.3.jar:/home/user/.m2/repository/commons-beanutils/commons-beanutils/1.9.4/commons-beanutils-1.9.4.jar:/home/user/.m2/repository/org/apache/commons/commons-configuration2/2.1.1/commons-configuration2-2.1.1.jar:/home/user/.m2/repository/org/apache/commons/commons-lang3/3.7/commons-lang3-3.7.jar:/home/user/.m2/repository/org/apache/commons/commons-text/1.4/commons-text-1.4.jar:/home/user/.m2/repository/org/apache/avro/avro/1.7.7/avro-1.7.7.jar:/home/user/.m2/repository/com/thoughtworks/paranamer/paranamer/2.3/paranamer-2.3.jar:/home/user/.m2/repository/org/xerial/snappy/snappy-java/1.0.5/snappy-java-1.0.5.jar:/home/user/.m2/repository/com/google/re2j/re2j/1.1/re2j-1.1.jar:/home/user/.m2/repository/com/google/code/gson/gson/2.2.4/gson-2.2.4.jar:/home/user/.m2/repository/com/jcraft/jsch/0.1.54/jsch-0.1.54.jar:/home/user/.m2/repository/org/apache/curator/curator-client/2.12.0/curator-client-2.12.0.jar:/home/user/.m2/repository/org/apache/curator/curator-recipes/2.12.0/curator-recipes-2.12.0.jar:/home/user/.m2/repository/com/google/code/findbugs/jsr305/3.0.0/jsr305-3.0.0.jar:/home/user/.m2/repository/org/apache/htrace/htrace-core4/4.1.0-incubating/htrace-core4-4.1.0-incubating.jar:/home/user/.m2/repository/org/apache/zookeeper/zookeeper/3.4.13/zookeeper-3.4.13.jar:/home/user/.m2/repository/jline/jline/0.9.94/jline-0.9.94.jar:/home/user/.m2/repository/org/apache/yetus/audience-annotations/0.5.0/audience-annotations-0.5.0.jar:/home/user/.m2/repository/org/codehaus/woodstox/stax2-api/3.1.4/stax2-api-3.1.4.jar:/home/user/.m2/repository/com/fasterxml/woodstox/woodstox-core/5.0.3/woodstox-core-5.0.3.jar:/home/user/.m2/repository/dnsjava/dnsjava/2.1.7/dnsjava-2.1.7.jar:/home/user/.m2/repository/org/apache/hadoop/hadoop-hdfs/3.2.0/hadoop-hdfs-3.2.0-tests.jar:/home/user/.m2/repository/org/eclipse/jetty/jetty-util-ajax/9.3.25.v20180904/jetty-util-ajax-9.3.25.v20180904.jar:/home/user/.m2/repository/commons-daemon/commons-daemon/1.0.13/commons-daemon-1.0.13.jar:/home/user/.m2/repository/io/netty/netty/3.10.5.Final/netty-3.10.5.Final.jar:/home/user/.m2/repository/io/netty/netty-all/4.0.52.Final/netty-all-4.0.52.Final.jar:/home/user/.m2/repository/org/fusesource/leveldbjni/leveldbjni-all/1.8/leveldbjni-all-1.8.jar:"/>
    <property name="java.vm.vendor" value="IcedTea"/>
    <property name="sun.arch.data.model" value="64"/>
    <property name="test.build.dir" value="/workdir/hadoop-ozone/integration-test/target/test-dir"/>
    <property name="test.cache.data" value=""/>
    <property name="java.vendor.url" value="https://icedtea.classpath.org"/>
    <property name="user.timezone" value=""/>
    <property name="java.vm.specification.version" value="1.8"/>
    <property name="os.name" value="Linux"/>
    <property name="test.build.data" value="/workdir/hadoop-ozone/integration-test/target/test-dir"/>
    <property name="user.country" value="US"/>
    <property name="sun.java.launcher" value="SUN_STANDARD"/>
    <property name="sun.boot.library.path" value="/usr/lib/jvm/java-1.8-openjdk/jre/lib/amd64"/>
    <property name="sun.java.command" value="/workdir/hadoop-ozone/integration-test/target/surefire/surefirebooter3198777626831385301.jar /workdir/hadoop-ozone/integration-test/target/surefire 2019-09-26T15-04-37_391-jvmRun1 surefire8157075483809898171tmp surefire_557547906237260887293tmp"/>
    <property name="test" value="!TestMiniChaosOzoneCluster"/>
    <property name="surefire.test.class.path" value="/workdir/hadoop-ozone/integration-test/target/test-classes:/workdir/hadoop-ozone/integration-test/target/classes:/home/user/.m2/repository/org/apache/hadoop/hadoop-ozone-common/0.5.0-SNAPSHOT/hadoop-ozone-common-0.5.0-SNAPSHOT.jar:/home/user/.m2/repository/org/apache/commons/commons-compress/1.4.1/commons-compress-1.4.1.jar:/home/user/.m2/repository/org/tukaani/xz/1.0/xz-1.0.jar:/home/user/.m2/repository/org/apache/hadoop/hadoop-common/3.2.0/hadoop-common-3.2.0.jar:/home/user/.m2/repository/org/apache/hadoop/hadoop-hdfs/3.2.0/hadoop-hdfs-3.2.0.jar:/home/user/.m2/repository/org/apache/hadoop/hadoop-hdfs-client/3.2.0/hadoop-hdfs-client-3.2.0.jar:/home/user/.m2/repository/com/fasterxml/jackson/core/jackson-annotations/2.9.9/jackson-annotations-2.9.9.jar:/home/user/.m2/repository/org/apache/hadoop/hadoop-hdds-common/0.5.0-SNAPSHOT/hadoop-hdds-common-0.5.0-SNAPSHOT.jar:/home/user/.m2/repository/javax/annotation/javax.annotation-api/1.2/javax.annotation-api-1.2.jar:/home/user/.m2/repository/org/apache/ratis/ratis-server/0.4.0/ratis-server-0.4.0.jar:/home/user/.m2/repository/org/apache/ratis/ratis-thirdparty-misc/0.2.0/ratis-thirdparty-misc-0.2.0.jar:/home/user/.m2/repository/org/apache/ratis/ratis-proto/0.4.0/ratis-proto-0.4.0.jar:/home/user/.m2/repository/org/apache/ratis/ratis-common/0.4.0/ratis-common-0.4.0.jar:/home/user/.m2/repository/org/apache/ratis/ratis-client/0.4.0/ratis-client-0.4.0.jar:/home/user/.m2/repository/org/apache/ratis/ratis-metrics/0.4.0/ratis-metrics-0.4.0.jar:/home/user/.m2/repository/com/github/joshelser/dropwizard-metrics-hadoop-metrics2-reporter/0.1.2/dropwizard-metrics-hadoop-metrics2-reporter-0.1.2.jar:/home/user/.m2/repository/io/dropwizard/metrics/metrics-jvm/3.2.5/metrics-jvm-3.2.5.jar:/home/user/.m2/repository/io/dropwizard/metrics/metrics-ganglia/3.2.5/metrics-ganglia-3.2.5.jar:/home/user/.m2/repository/info/ganglia/gmetric4j/gmetric4j/1.0.7/gmetric4j-1.0.7.jar:/home/user/.m2/repository/org/apache/ratis/ratis-netty/0.4.0/ratis-netty-0.4.0.jar:/home/user/.m2/repository/org/apache/ratis/ratis-grpc/0.4.0/ratis-grpc-0.4.0.jar:/home/user/.m2/repository/org/rocksdb/rocksdbjni/6.0.1/rocksdbjni-6.0.1.jar:/home/user/.m2/repository/org/apache/logging/log4j/log4j-api/2.11.0/log4j-api-2.11.0.jar:/home/user/.m2/repository/org/apache/logging/log4j/log4j-core/2.11.0/log4j-core-2.11.0.jar:/home/user/.m2/repository/com/lmax/disruptor/3.4.2/disruptor-3.4.2.jar:/home/user/.m2/repository/org/apache/commons/commons-pool2/2.6.0/commons-pool2-2.6.0.jar:/home/user/.m2/repository/org/bouncycastle/bcpkix-jdk15on/1.60/bcpkix-jdk15on-1.60.jar:/home/user/.m2/repository/commons-validator/commons-validator/1.6/commons-validator-1.6.jar:/home/user/.m2/repository/commons-digester/commons-digester/1.8.1/commons-digester-1.8.1.jar:/home/user/.m2/repository/io/jaegertracing/jaeger-client/0.34.0/jaeger-client-0.34.0.jar:/home/user/.m2/repository/io/jaegertracing/jaeger-thrift/0.34.0/jaeger-thrift-0.34.0.jar:/home/user/.m2/repository/org/apache/thrift/libthrift/0.12.0/libthrift-0.12.0.jar:/home/user/.m2/repository/com/squareup/okhttp3/okhttp/3.9.0/okhttp-3.9.0.jar:/home/user/.m2/repository/com/squareup/okio/okio/1.13.0/okio-1.13.0.jar:/home/user/.m2/repository/io/jaegertracing/jaeger-core/0.34.0/jaeger-core-0.34.0.jar:/home/user/.m2/repository/io/jaegertracing/jaeger-tracerresolver/0.34.0/jaeger-tracerresolver-0.34.0.jar:/home/user/.m2/repository/io/opentracing/contrib/opentracing-tracerresolver/0.1.5/opentracing-tracerresolver-0.1.5.jar:/home/user/.m2/repository/io/opentracing/opentracing-util/0.31.0/opentracing-util-0.31.0.jar:/home/user/.m2/repository/io/opentracing/opentracing-api/0.31.0/opentracing-api-0.31.0.jar:/home/user/.m2/repository/io/opentracing/opentracing-noop/0.31.0/opentracing-noop-0.31.0.jar:/home/user/.m2/repository/org/apache/hadoop/hadoop-hdds-server-framework/0.5.0-SNAPSHOT/hadoop-hdds-server-framework-0.5.0-SNAPSHOT.jar:/home/user/.m2/repository/org/apache/hadoop/hadoop-hdds-container-service/0.5.0-SNAPSHOT/hadoop-hdds-container-service-0.5.0-SNAPSHOT.jar:/home/user/.m2/repository/org/apache/hadoop/hadoop-hdds-client/0.5.0-SNAPSHOT/hadoop-hdds-client-0.5.0-SNAPSHOT.jar:/home/user/.m2/repository/org/apache/hadoop/hadoop-hdds-tools/0.5.0-SNAPSHOT/hadoop-hdds-tools-0.5.0-SNAPSHOT.jar:/home/user/.m2/repository/org/apache/hadoop/hadoop-hdds-server-scm/0.5.0-SNAPSHOT/hadoop-hdds-server-scm-0.5.0-SNAPSHOT.jar:/home/user/.m2/repository/org/apache/hadoop/hadoop-hdds-docs/0.5.0-SNAPSHOT/hadoop-hdds-docs-0.5.0-SNAPSHOT.jar:/home/user/.m2/repository/io/dropwizard/metrics/metrics-core/3.2.4/metrics-core-3.2.4.jar:/home/user/.m2/repository/org/hamcrest/hamcrest-all/1.3/hamcrest-all-1.3.jar:/home/user/.m2/repository/org/bouncycastle/bcprov-jdk15on/1.60/bcprov-jdk15on-1.60.jar:/home/user/.m2/repository/info/picocli/picocli/3.9.6/picocli-3.9.6.jar:/home/user/.m2/repository/com/google/protobuf/protobuf-java/2.5.0/protobuf-java-2.5.0.jar:/home/user/.m2/repository/com/google/guava/guava/11.0.2/guava-11.0.2.jar:/home/user/.m2/repository/org/apache/hadoop/hadoop-ozone-ozone-manager/0.5.0-SNAPSHOT/hadoop-ozone-ozone-manager-0.5.0-SNAPSHOT.jar:/home/user/.m2/repository/org/apache/hadoop/hadoop-minikdc/3.2.0/hadoop-minikdc-3.2.0.jar:/home/user/.m2/repository/commons-io/commons-io/2.5/commons-io-2.5.jar:/home/user/.m2/repository/org/apache/kerby/kerb-simplekdc/1.0.1/kerb-simplekdc-1.0.1.jar:/home/user/.m2/repository/org/apache/kerby/kerb-client/1.0.1/kerb-client-1.0.1.jar:/home/user/.m2/repository/org/apache/kerby/kerby-config/1.0.1/kerby-config-1.0.1.jar:/home/user/.m2/repository/org/apache/kerby/kerb-core/1.0.1/kerb-core-1.0.1.jar:/home/user/.m2/repository/org/apache/kerby/kerby-pkix/1.0.1/kerby-pkix-1.0.1.jar:/home/user/.m2/repository/org/apache/kerby/kerby-asn1/1.0.1/kerby-asn1-1.0.1.jar:/home/user/.m2/repository/org/apache/kerby/kerby-util/1.0.1/kerby-util-1.0.1.jar:/home/user/.m2/repository/org/apache/kerby/kerb-common/1.0.1/kerb-common-1.0.1.jar:/home/user/.m2/repository/org/apache/kerby/kerb-crypto/1.0.1/kerb-crypto-1.0.1.jar:/home/user/.m2/repository/org/apache/kerby/kerb-util/1.0.1/kerb-util-1.0.1.jar:/home/user/.m2/repository/org/apache/kerby/token-provider/1.0.1/token-provider-1.0.1.jar:/home/user/.m2/repository/org/apache/kerby/kerb-admin/1.0.1/kerb-admin-1.0.1.jar:/home/user/.m2/repository/org/apache/kerby/kerb-server/1.0.1/kerb-server-1.0.1.jar:/home/user/.m2/repository/org/apache/kerby/kerb-identity/1.0.1/kerb-identity-1.0.1.jar:/home/user/.m2/repository/org/apache/kerby/kerby-xdr/1.0.1/kerby-xdr-1.0.1.jar:/home/user/.m2/repository/org/slf4j/slf4j-log4j12/1.7.25/slf4j-log4j12-1.7.25.jar:/home/user/.m2/repository/org/apache/hadoop/hadoop-ozone-s3gateway/0.5.0-SNAPSHOT/hadoop-ozone-s3gateway-0.5.0-SNAPSHOT.jar:/home/user/.m2/repository/org/jboss/weld/servlet/weld-servlet/2.4.7.Final/weld-servlet-2.4.7.Final.jar:/home/user/.m2/repository/org/glassfish/jersey/containers/jersey-container-servlet-core/2.27/jersey-container-servlet-core-2.27.jar:/home/user/.m2/repository/org/glassfish/hk2/external/javax.inject/2.5.0-b42/javax.inject-2.5.0-b42.jar:/home/user/.m2/repository/org/glassfish/jersey/core/jersey-common/2.27/jersey-common-2.27.jar:/home/user/.m2/repository/org/glassfish/hk2/osgi-resource-locator/1.0.1/osgi-resource-locator-1.0.1.jar:/home/user/.m2/repository/javax/ws/rs/javax.ws.rs-api/2.1/javax.ws.rs-api-2.1.jar:/home/user/.m2/repository/org/glassfish/jersey/ext/cdi/jersey-cdi1x/2.27/jersey-cdi1x-2.27.jar:/home/user/.m2/repository/org/glassfish/jersey/inject/jersey-hk2/2.27/jersey-hk2-2.27.jar:/home/user/.m2/repository/org/glassfish/hk2/hk2-locator/2.5.0-b42/hk2-locator-2.5.0-b42.jar:/home/user/.m2/repository/org/javassist/javassist/3.22.0-CR2/javassist-3.22.0-CR2.jar:/home/user/.m2/repository/org/glassfish/hk2/hk2-api/2.5.0/hk2-api-2.5.0.jar:/home/user/.m2/repository/org/glassfish/hk2/external/jakarta.inject/2.5.0/jakarta.inject-2.5.0.jar:/home/user/.m2/repository/org/glassfish/hk2/hk2-utils/2.5.0/hk2-utils-2.5.0.jar:/home/user/.m2/repository/jakarta/annotation/jakarta.annotation-api/1.3.4/jakarta.annotation-api-1.3.4.jar:/home/user/.m2/repository/org/glassfish/hk2/external/aopalliance-repackaged/2.5.0/aopalliance-repackaged-2.5.0.jar:/home/user/.m2/repository/com/fasterxml/jackson/dataformat/jackson-dataformat-xml/2.9.0/jackson-dataformat-xml-2.9.0.jar:/home/user/.m2/repository/com/fasterxml/jackson/core/jackson-core/2.9.9/jackson-core-2.9.9.jar:/home/user/.m2/repository/com/fasterxml/jackson/module/jackson-module-jaxb-annotations/2.9.9/jackson-module-jaxb-annotations-2.9.9.jar:/home/user/.m2/repository/javax/enterprise/cdi-api/1.2/cdi-api-1.2.jar:/home/user/.m2/repository/javax/el/javax.el-api/3.0.0/javax.el-api-3.0.0.jar:/home/user/.m2/repository/javax/interceptor/javax.interceptor-api/1.2/javax.interceptor-api-1.2.jar:/home/user/.m2/repository/javax/inject/javax.inject/1/javax.inject-1.jar:/home/user/.m2/repository/com/sun/xml/bind/jaxb-impl/2.3.0.1/jaxb-impl-2.3.0.1.jar:/home/user/.m2/repository/com/sun/xml/bind/jaxb-core/2.3.0.1/jaxb-core-2.3.0.1.jar:/home/user/.m2/repository/javax/xml/bind/jaxb-api/2.3.0/jaxb-api-2.3.0.jar:/home/user/.m2/repository/javax/activation/activation/1.1.1/activation-1.1.1.jar:/home/user/.m2/repository/org/apache/hadoop/hadoop-ozone-csi/0.5.0-SNAPSHOT/hadoop-ozone-csi-0.5.0-SNAPSHOT.jar:/home/user/.m2/repository/com/google/protobuf/protobuf-java-util/3.5.1/protobuf-java-util-3.5.1.jar:/home/user/.m2/repository/org/apache/hadoop/hadoop-hdds-config/0.5.0-SNAPSHOT/hadoop-hdds-config-0.5.0-SNAPSHOT.jar:/home/user/.m2/repository/io/grpc/grpc-netty/1.17.1/grpc-netty-1.17.1.jar:/home/user/.m2/repository/io/grpc/grpc-core/1.17.1/grpc-core-1.17.1.jar:/home/user/.m2/repository/io/grpc/grpc-context/1.17.1/grpc-context-1.17.1.jar:/home/user/.m2/repository/com/google/errorprone/error_prone_annotations/2.2.0/error_prone_annotations-2.2.0.jar:/home/user/.m2/repository/org/codehaus/mojo/animal-sniffer-annotations/1.17/animal-sniffer-annotations-1.17.jar:/home/user/.m2/repository/io/opencensus/opencensus-api/0.17.0/opencensus-api-0.17.0.jar:/home/user/.m2/repository/io/opencensus/opencensus-contrib-grpc-metrics/0.17.0/opencensus-contrib-grpc-metrics-0.17.0.jar:/home/user/.m2/repository/io/netty/netty-codec-http2/4.1.30.Final/netty-codec-http2-4.1.30.Final.jar:/home/user/.m2/repository/io/netty/netty-codec-http/4.1.30.Final/netty-codec-http-4.1.30.Final.jar:/home/user/.m2/repository/io/netty/netty-codec/4.1.30.Final/netty-codec-4.1.30.Final.jar:/home/user/.m2/repository/io/netty/netty-handler/4.1.30.Final/netty-handler-4.1.30.Final.jar:/home/user/.m2/repository/io/netty/netty-handler-proxy/4.1.30.Final/netty-handler-proxy-4.1.30.Final.jar:/home/user/.m2/repository/io/netty/netty-codec-socks/4.1.30.Final/netty-codec-socks-4.1.30.Final.jar:/home/user/.m2/repository/io/netty/netty-transport-native-epoll/4.1.30.Final/netty-transport-native-epoll-4.1.30.Final.jar:/home/user/.m2/repository/io/netty/netty-common/4.1.30.Final/netty-common-4.1.30.Final.jar:/home/user/.m2/repository/io/netty/netty-buffer/4.1.30.Final/netty-buffer-4.1.30.Final.jar:/home/user/.m2/repository/io/netty/netty-transport/4.1.30.Final/netty-transport-4.1.30.Final.jar:/home/user/.m2/repository/io/netty/netty-resolver/4.1.30.Final/netty-resolver-4.1.30.Final.jar:/home/user/.m2/repository/io/netty/netty-transport-native-unix-common/4.1.30.Final/netty-transport-native-unix-common-4.1.30.Final.jar:/home/user/.m2/repository/io/grpc/grpc-protobuf/1.17.1/grpc-protobuf-1.17.1.jar:/home/user/.m2/repository/com/google/api/grpc/proto-google-common-protos/1.0.0/proto-google-common-protos-1.0.0.jar:/home/user/.m2/repository/io/grpc/grpc-protobuf-lite/1.17.1/grpc-protobuf-lite-1.17.1.jar:/home/user/.m2/repository/io/grpc/grpc-stub/1.17.1/grpc-stub-1.17.1.jar:/home/user/.m2/repository/org/apache/hadoop/hadoop-ozone-recon/0.5.0-SNAPSHOT/hadoop-ozone-recon-0.5.0-SNAPSHOT.jar:/home/user/.m2/repository/org/apache/hadoop/hadoop-ozone-reconcodegen/0.5.0-SNAPSHOT/hadoop-ozone-reconcodegen-0.5.0-SNAPSHOT.jar:/home/user/.m2/repository/com/google/inject/extensions/guice-multibindings/4.0/guice-multibindings-4.0.jar:/home/user/.m2/repository/com/google/inject/guice/4.0/guice-4.0.jar:/home/user/.m2/repository/aopalliance/aopalliance/1.0/aopalliance-1.0.jar:/home/user/.m2/repository/com/google/inject/extensions/guice-servlet/4.0/guice-servlet-4.0.jar:/home/user/.m2/repository/org/glassfish/jersey/containers/jersey-container-servlet/2.27/jersey-container-servlet-2.27.jar:/home/user/.m2/repository/org/glassfish/hk2/guice-bridge/2.5.0/guice-bridge-2.5.0.jar:/home/user/.m2/repository/org/glassfish/jersey/core/jersey-server/2.27/jersey-server-2.27.jar:/home/user/.m2/repository/org/glassfish/jersey/core/jersey-client/2.27/jersey-client-2.27.jar:/home/user/.m2/repository/org/glassfish/jersey/media/jersey-media-jaxb/2.27/jersey-media-jaxb-2.27.jar:/home/user/.m2/repository/javax/validation/validation-api/1.1.0.Final/validation-api-1.1.0.Final.jar:/home/user/.m2/repository/org/glassfish/jersey/media/jersey-media-json-jackson/2.27/jersey-media-json-jackson-2.27.jar:/home/user/.m2/repository/org/glassfish/jersey/ext/jersey-entity-filtering/2.27/jersey-entity-filtering-2.27.jar:/home/user/.m2/repository/com/google/inject/extensions/guice-assistedinject/4.0/guice-assistedinject-4.0.jar:/home/user/.m2/repository/org/jooq/jooq/3.11.10/jooq-3.11.10.jar:/home/user/.m2/repository/org/jooq/jooq-meta/3.11.10/jooq-meta-3.11.10.jar:/home/user/.m2/repository/org/jooq/jooq-codegen/3.11.10/jooq-codegen-3.11.10.jar:/home/user/.m2/repository/com/jolbox/bonecp/0.8.0.RELEASE/bonecp-0.8.0.RELEASE.jar:/home/user/.m2/repository/org/xerial/sqlite-jdbc/3.25.2/sqlite-jdbc-3.25.2.jar:/home/user/.m2/repository/org/springframework/spring-jdbc/5.1.3.RELEASE/spring-jdbc-5.1.3.RELEASE.jar:/home/user/.m2/repository/org/springframework/spring-beans/5.1.3.RELEASE/spring-beans-5.1.3.RELEASE.jar:/home/user/.m2/repository/org/springframework/spring-core/5.1.3.RELEASE/spring-core-5.1.3.RELEASE.jar:/home/user/.m2/repository/org/springframework/spring-jcl/5.1.3.RELEASE/spring-jcl-5.1.3.RELEASE.jar:/home/user/.m2/repository/org/springframework/spring-tx/5.1.3.RELEASE/spring-tx-5.1.3.RELEASE.jar:/home/user/.m2/repository/org/apache/hadoop/hadoop-ozone-client/0.5.0-SNAPSHOT/hadoop-ozone-client-0.5.0-SNAPSHOT.jar:/home/user/.m2/repository/commons-lang/commons-lang/2.6/commons-lang-2.6.jar:/home/user/.m2/repository/org/apache/hadoop/hadoop-ozone-ozone-manager/0.5.0-SNAPSHOT/hadoop-ozone-ozone-manager-0.5.0-SNAPSHOT-tests.jar:/home/user/.m2/repository/junit/junit/4.11/junit-4.11.jar:/home/user/.m2/repository/org/hamcrest/hamcrest-core/1.3/hamcrest-core-1.3.jar:/home/user/.m2/repository/org/openjdk/jmh/jmh-core/1.19/jmh-core-1.19.jar:/home/user/.m2/repository/net/sf/jopt-simple/jopt-simple/4.6/jopt-simple-4.6.jar:/home/user/.m2/repository/org/apache/commons/commons-math3/3.1.1/commons-math3-3.1.1.jar:/home/user/.m2/repository/org/openjdk/jmh/jmh-generator-annprocess/1.19/jmh-generator-annprocess-1.19.jar:/home/user/.m2/repository/org/mockito/mockito-all/1.8.5/mockito-all-1.8.5.jar:/home/user/.m2/repository/org/apache/hadoop/hadoop-kms/3.2.0/hadoop-kms-3.2.0.jar:/home/user/.m2/repository/org/apache/hadoop/hadoop-auth/3.2.0/hadoop-auth-3.2.0.jar:/home/user/.m2/repository/com/nimbusds/nimbus-jose-jwt/4.41.1/nimbus-jose-jwt-4.41.1.jar:/home/user/.m2/repository/com/github/stephenc/jcip/jcip-annotations/1.0-1/jcip-annotations-1.0-1.jar:/home/user/.m2/repository/net/minidev/json-smart/2.3/json-smart-2.3.jar:/home/user/.m2/repository/net/minidev/accessors-smart/1.2/accessors-smart-1.2.jar:/home/user/.m2/repository/org/ow2/asm/asm/5.0.4/asm-5.0.4.jar:/home/user/.m2/repository/org/apache/curator/curator-framework/2.12.0/curator-framework-2.12.0.jar:/home/user/.m2/repository/com/sun/jersey/jersey-core/1.19/jersey-core-1.19.jar:/home/user/.m2/repository/javax/ws/rs/jsr311-api/1.1.1/jsr311-api-1.1.1.jar:/home/user/.m2/repository/com/sun/jersey/jersey-server/1.19/jersey-server-1.19.jar:/home/user/.m2/repository/javax/servlet/javax.servlet-api/3.1.0/javax.servlet-api-3.1.0.jar:/home/user/.m2/repository/org/eclipse/jetty/jetty-server/9.3.25.v20180904/jetty-server-9.3.25.v20180904.jar:/home/user/.m2/repository/org/eclipse/jetty/jetty-http/9.3.25.v20180904/jetty-http-9.3.25.v20180904.jar:/home/user/.m2/repository/org/eclipse/jetty/jetty-io/9.3.25.v20180904/jetty-io-9.3.25.v20180904.jar:/home/user/.m2/repository/org/eclipse/jetty/jetty-webapp/9.3.25.v20180904/jetty-webapp-9.3.25.v20180904.jar:/home/user/.m2/repository/org/eclipse/jetty/jetty-xml/9.3.25.v20180904/jetty-xml-9.3.25.v20180904.jar:/home/user/.m2/repository/log4j/log4j/1.2.17/log4j-1.2.17.jar:/home/user/.m2/repository/org/slf4j/slf4j-api/1.7.25/slf4j-api-1.7.25.jar:/home/user/.m2/repository/org/slf4j/jul-to-slf4j/1.7.25/jul-to-slf4j-1.7.25.jar:/home/user/.m2/repository/org/eclipse/jetty/jetty-util/9.3.25.v20180904/jetty-util-9.3.25.v20180904.jar:/home/user/.m2/repository/com/fasterxml/jackson/core/jackson-databind/2.9.9/jackson-databind-2.9.9.jar:/home/user/.m2/repository/org/apache/hadoop/hadoop-kms/3.2.0/hadoop-kms-3.2.0-tests.jar:/home/user/.m2/repository/org/apache/hadoop/hadoop-hdds-server-scm/0.5.0-SNAPSHOT/hadoop-hdds-server-scm-0.5.0-SNAPSHOT-tests.jar:/home/user/.m2/repository/org/apache/hadoop/hadoop-hdds-container-service/0.5.0-SNAPSHOT/hadoop-hdds-container-service-0.5.0-SNAPSHOT-tests.jar:/home/user/.m2/repository/org/yaml/snakeyaml/1.16/snakeyaml-1.16.jar:/home/user/.m2/repository/org/apache/hadoop/hadoop-common/3.2.0/hadoop-common-3.2.0-tests.jar:/home/user/.m2/repository/org/apache/hadoop/hadoop-annotations/3.2.0/hadoop-annotations-3.2.0.jar:/usr/lib/jvm/java-1.8-openjdk/jre/../lib/tools.jar:/home/user/.m2/repository/commons-cli/commons-cli/1.2/commons-cli-1.2.jar:/home/user/.m2/repository/org/apache/httpcomponents/httpclient/4.5.2/httpclient-4.5.2.jar:/home/user/.m2/repository/org/apache/httpcomponents/httpcore/4.4.4/httpcore-4.4.4.jar:/home/user/.m2/repository/commons-codec/commons-codec/1.11/commons-codec-1.11.jar:/home/user/.m2/repository/commons-net/commons-net/3.6/commons-net-3.6.jar:/home/user/.m2/repository/commons-collections/commons-collections/3.2.2/commons-collections-3.2.2.jar:/home/user/.m2/repository/org/eclipse/jetty/jetty-servlet/9.3.25.v20180904/jetty-servlet-9.3.25.v20180904.jar:/home/user/.m2/repository/org/eclipse/jetty/jetty-security/9.3.25.v20180904/jetty-security-9.3.25.v20180904.jar:/home/user/.m2/repository/javax/servlet/jsp/jsp-api/2.1/jsp-api-2.1.jar:/home/user/.m2/repository/com/sun/jersey/jersey-servlet/1.19/jersey-servlet-1.19.jar:/home/user/.m2/repository/com/sun/jersey/jersey-json/1.19/jersey-json-1.19.jar:/home/user/.m2/repository/org/codehaus/jettison/jettison/1.1/jettison-1.1.jar:/home/user/.m2/repository/org/codehaus/jackson/jackson-core-asl/1.9.13/jackson-core-asl-1.9.13.jar:/home/user/.m2/repository/org/codehaus/jackson/jackson-mapper-asl/1.9.13/jackson-mapper-asl-1.9.13.jar:/home/user/.m2/repository/org/codehaus/jackson/jackson-jaxrs/1.9.13/jackson-jaxrs-1.9.13.jar:/home/user/.m2/repository/org/codehaus/jackson/jackson-xc/1.9.13/jackson-xc-1.9.13.jar:/home/user/.m2/repository/commons-logging/commons-logging/1.1.3/commons-logging-1.1.3.jar:/home/user/.m2/repository/commons-beanutils/commons-beanutils/1.9.4/commons-beanutils-1.9.4.jar:/home/user/.m2/repository/org/apache/commons/commons-configuration2/2.1.1/commons-configuration2-2.1.1.jar:/home/user/.m2/repository/org/apache/commons/commons-lang3/3.7/commons-lang3-3.7.jar:/home/user/.m2/repository/org/apache/commons/commons-text/1.4/commons-text-1.4.jar:/home/user/.m2/repository/org/apache/avro/avro/1.7.7/avro-1.7.7.jar:/home/user/.m2/repository/com/thoughtworks/paranamer/paranamer/2.3/paranamer-2.3.jar:/home/user/.m2/repository/org/xerial/snappy/snappy-java/1.0.5/snappy-java-1.0.5.jar:/home/user/.m2/repository/com/google/re2j/re2j/1.1/re2j-1.1.jar:/home/user/.m2/repository/com/google/code/gson/gson/2.2.4/gson-2.2.4.jar:/home/user/.m2/repository/com/jcraft/jsch/0.1.54/jsch-0.1.54.jar:/home/user/.m2/repository/org/apache/curator/curator-client/2.12.0/curator-client-2.12.0.jar:/home/user/.m2/repository/org/apache/curator/curator-recipes/2.12.0/curator-recipes-2.12.0.jar:/home/user/.m2/repository/com/google/code/findbugs/jsr305/3.0.0/jsr305-3.0.0.jar:/home/user/.m2/repository/org/apache/htrace/htrace-core4/4.1.0-incubating/htrace-core4-4.1.0-incubating.jar:/home/user/.m2/repository/org/apache/zookeeper/zookeeper/3.4.13/zookeeper-3.4.13.jar:/home/user/.m2/repository/jline/jline/0.9.94/jline-0.9.94.jar:/home/user/.m2/repository/org/apache/yetus/audience-annotations/0.5.0/audience-annotations-0.5.0.jar:/home/user/.m2/repository/org/codehaus/woodstox/stax2-api/3.1.4/stax2-api-3.1.4.jar:/home/user/.m2/repository/com/fasterxml/woodstox/woodstox-core/5.0.3/woodstox-core-5.0.3.jar:/home/user/.m2/repository/dnsjava/dnsjava/2.1.7/dnsjava-2.1.7.jar:/home/user/.m2/repository/org/apache/hadoop/hadoop-hdfs/3.2.0/hadoop-hdfs-3.2.0-tests.jar:/home/user/.m2/repository/org/eclipse/jetty/jetty-util-ajax/9.3.25.v20180904/jetty-util-ajax-9.3.25.v20180904.jar:/home/user/.m2/repository/commons-daemon/commons-daemon/1.0.13/commons-daemon-1.0.13.jar:/home/user/.m2/repository/io/netty/netty/3.10.5.Final/netty-3.10.5.Final.jar:/home/user/.m2/repository/io/netty/netty-all/4.0.52.Final/netty-all-4.0.52.Final.jar:/home/user/.m2/repository/org/fusesource/leveldbjni/leveldbjni-all/1.8/leveldbjni-all-1.8.jar:"/>
    <property name="sun.cpu.endian" value="little"/>
    <property name="user.home" value="/home/user"/>
    <property name="user.language" value="en"/>
    <property name="java.specification.vendor" value="Oracle Corporation"/>
    <property name="java.home" value="/usr/lib/jvm/java-1.8-openjdk/jre"/>
    <property name="java.security.krb5.conf" value="/workdir/hadoop-ozone/integration-test/target/test-classes/krb5.conf"/>
    <property name="basedir" value="/workdir/hadoop-ozone/integration-test"/>
    <property name="file.separator" value="/"/>
    <property name="line.separator" value="&#10;"/>
    <property name="java.vm.specification.vendor" value="Oracle Corporation"/>
    <property name="java.specification.name" value="Java Platform API Specification"/>
    <property name="java.awt.graphicsenv" value="sun.awt.X11GraphicsEnvironment"/>
    <property name="surefire.real.class.path" value="/workdir/hadoop-ozone/integration-test/target/surefire/surefirebooter3198777626831385301.jar"/>
    <property name="hadoop.log.dir" value="/workdir/hadoop-ozone/integration-test/target/log"/>
    <property name="sun.boot.class.path" value="/usr/lib/jvm/java-1.8-openjdk/jre/lib/resources.jar:/usr/lib/jvm/java-1.8-openjdk/jre/lib/rt.jar:/usr/lib/jvm/java-1.8-openjdk/jre/lib/sunrsasign.jar:/usr/lib/jvm/java-1.8-openjdk/jre/lib/jsse.jar:/usr/lib/jvm/java-1.8-openjdk/jre/lib/jce.jar:/usr/lib/jvm/java-1.8-openjdk/jre/lib/charsets.jar:/usr/lib/jvm/java-1.8-openjdk/jre/lib/jfr.jar:/usr/lib/jvm/java-1.8-openjdk/jre/classes"/>
    <property name="sun.management.compiler" value="HotSpot 64-Bit Tiered Compilers"/>
    <property name="java.runtime.version" value="1.8.0_212-b04"/>
    <property name="java.net.preferIPv4Stack" value="true"/>
    <property name="user.name" value="jenkins1000"/>
    <property name="path.separator" value=":"/>
    <property name="java.security.egd" value="file:///dev/urandom"/>
    <property name="os.version" value="3.10.0-957.12.2.el7.x86_64"/>
    <property name="java.endorsed.dirs" value="/usr/lib/jvm/java-1.8-openjdk/jre/lib/endorsed"/>
    <property name="java.runtime.name" value="OpenJDK Runtime Environment"/>
    <property name="file.encoding" value="UTF-8"/>
    <property name="java.vm.name" value="OpenJDK 64-Bit Server VM"/>
    <property name="test.build.webapps" value=""/>
    <property name="localRepository" value="/home/user/.m2/repository"/>
    <property name="java.vendor.url.bug" value="https://icedtea.classpath.org/bugzilla"/>
    <property name="java.io.tmpdir" value="/tmp"/>
    <property name="require.test.libhadoop" value=""/>
    <property name="java.version" value="1.8.0_212"/>
    <property name="user.dir" value="/workdir/hadoop-ozone/integration-test"/>
    <property name="os.arch" value="amd64"/>
    <property name="java.vm.specification.name" value="Java Virtual Machine Specification"/>
    <property name="test.build.classes" value="/workdir/hadoop-ozone/integration-test/target/test-classes"/>
    <property name="java.awt.printerjob" value="sun.print.PSPrinterJob"/>
    <property name="sun.os.patch.level" value="unknown"/>
    <property name="hadoop.tmp.dir" value="/workdir/hadoop-ozone/integration-test/target/tmp"/>
    <property name="java.library.path" value="/usr/lib/jvm/java-1.8-openjdk/jre/lib/amd64/server:/usr/lib/jvm/java-1.8-openjdk/jre/lib/amd64:/usr/lib/jvm/java-1.8-openjdk/jre/../lib/amd64:/workdir/hadoop-ozone/integration-test/target/native/target/usr/local/lib:/workdir/hadoop-ozone/integration-test/../../hadoop-common-project/hadoop-common/target/native/target/usr/local/lib:/usr/java/packages/lib/amd64:/usr/lib64:/lib64:/lib:/usr/lib"/>
    <property name="java.vm.info" value="mixed mode"/>
    <property name="java.vendor" value="IcedTea"/>
    <property name="java.vm.version" value="25.212-b04"/>
    <property name="java.ext.dirs" value="/usr/lib/jvm/java-1.8-openjdk/jre/lib/ext:/usr/java/packages/lib/ext"/>
    <property name="sun.io.unicode.encoding" value="UnicodeLittle"/>
    <property name="java.class.version" value="52.0"/>
  </properties>
  <testcase name="test2DatanodesFailure" classname="org.apache.hadoop.ozone.client.rpc.TestBlockOutputStreamWithFailures" time="48.924"/>
  <testcase name="testDatanodeFailureWithPreAllocation" classname="org.apache.hadoop.ozone.client.rpc.TestBlockOutputStreamWithFailures" time="222.549"/>
  <testcase name="testDatanodeFailureWithSingleNodeRatis" classname="org.apache.hadoop.ozone.client.rpc.TestBlockOutputStreamWithFailures" time="221.833"/>
  <testcase name="testWatchForCommitWithSingleNodeRatis" classname="org.apache.hadoop.ozone.client.rpc.TestBlockOutputStreamWithFailures" time="36.542"/>
  <testcase name="testWatchForCommitDatanodeFailure" classname="org.apache.hadoop.ozone.client.rpc.TestBlockOutputStreamWithFailures" time="42.548">
    <failure message="expected:&lt;2&gt; but was:&lt;3&gt;" type="java.lang.AssertionError"><![CDATA[java.lang.AssertionError: expected:<2> but was:<3>
	at org.junit.Assert.fail(Assert.java:88)
	at org.junit.Assert.failNotEquals(Assert.java:743)
	at org.junit.Assert.assertEquals(Assert.java:118)
	at org.junit.Assert.assertEquals(Assert.java:555)
	at org.junit.Assert.assertEquals(Assert.java:542)
	at org.apache.hadoop.ozone.client.rpc.TestBlockOutputStreamWithFailures.testWatchForCommitDatanodeFailure(TestBlockOutputStreamWithFailures.java:366)
	at sun.reflect.NativeMethodAccessorImpl.invoke0(Native Method)
	at sun.reflect.NativeMethodAccessorImpl.invoke(NativeMethodAccessorImpl.java:62)
	at sun.reflect.DelegatingMethodAccessorImpl.invoke(DelegatingMethodAccessorImpl.java:43)
	at java.lang.reflect.Method.invoke(Method.java:498)
	at org.junit.runners.model.FrameworkMethod$1.runReflectiveCall(FrameworkMethod.java:47)
	at org.junit.internal.runners.model.ReflectiveCallable.run(ReflectiveCallable.java:12)
	at org.junit.runners.model.FrameworkMethod.invokeExplosively(FrameworkMethod.java:44)
	at org.junit.internal.runners.statements.InvokeMethod.evaluate(InvokeMethod.java:17)
	at org.junit.internal.runners.statements.RunBefores.evaluate(RunBefores.java:26)
	at org.junit.internal.runners.statements.RunAfters.evaluate(RunAfters.java:27)
	at org.junit.runners.ParentRunner.runLeaf(ParentRunner.java:271)
	at org.junit.runners.BlockJUnit4ClassRunner.runChild(BlockJUnit4ClassRunner.java:70)
	at org.junit.runners.BlockJUnit4ClassRunner.runChild(BlockJUnit4ClassRunner.java:50)
	at org.junit.runners.ParentRunner$3.run(ParentRunner.java:238)
	at org.junit.runners.ParentRunner$1.schedule(ParentRunner.java:63)
	at org.junit.runners.ParentRunner.runChildren(ParentRunner.java:236)
	at org.junit.runners.ParentRunner.access$000(ParentRunner.java:53)
	at org.junit.runners.ParentRunner$2.evaluate(ParentRunner.java:229)
	at org.junit.runners.ParentRunner.run(ParentRunner.java:309)
	at org.apache.maven.surefire.junit4.JUnit4Provider.execute(JUnit4Provider.java:365)
	at org.apache.maven.surefire.junit4.JUnit4Provider.executeWithRerun(JUnit4Provider.java:273)
	at org.apache.maven.surefire.junit4.JUnit4Provider.executeTestSet(JUnit4Provider.java:238)
	at org.apache.maven.surefire.junit4.JUnit4Provider.invoke(JUnit4Provider.java:159)
	at org.apache.maven.surefire.booter.ForkedBooter.invokeProviderInSameClassLoader(ForkedBooter.java:384)
	at org.apache.maven.surefire.booter.ForkedBooter.runSuitesInProcess(ForkedBooter.java:345)
	at org.apache.maven.surefire.booter.ForkedBooter.execute(ForkedBooter.java:126)
	at org.apache.maven.surefire.booter.ForkedBooter.main(ForkedBooter.java:418)
]]></failure>
    <system-out><![CDATA[2019-09-26 16:01:38,460 [main] WARN  server.ServerUtils (ServerUtils.java:getScmDbDir(145)) - ozone.scm.db.dirs is not configured. We recommend adding this setting. Falling back to ozone.metadata.dirs instead.
2019-09-26 16:01:38,485 [main] WARN  server.ServerUtils (ServerUtils.java:getScmDbDir(145)) - ozone.scm.db.dirs is not configured. We recommend adding this setting. Falling back to ozone.metadata.dirs instead.
2019-09-26 16:01:38,486 [main] WARN  server.ServerUtils (ServerUtils.java:getScmDbDir(145)) - ozone.scm.db.dirs is not configured. We recommend adding this setting. Falling back to ozone.metadata.dirs instead.
2019-09-26 16:01:38,486 [main] INFO  db.DBStoreBuilder (DBStoreBuilder.java:addTable(110)) - using custom profile for table: deletedBlocks
2019-09-26 16:01:38,486 [main] INFO  db.DBStoreBuilder (DBStoreBuilder.java:processTables(161)) - Using default column profile:DBProfile.DISK for Table:deletedBlocks
2019-09-26 16:01:38,486 [main] INFO  db.DBStoreBuilder (DBStoreBuilder.java:addTable(110)) - using custom profile for table: validCerts
2019-09-26 16:01:38,487 [main] INFO  db.DBStoreBuilder (DBStoreBuilder.java:processTables(161)) - Using default column profile:DBProfile.DISK for Table:validCerts
2019-09-26 16:01:38,487 [main] INFO  db.DBStoreBuilder (DBStoreBuilder.java:addTable(110)) - using custom profile for table: revokedCerts
2019-09-26 16:01:38,487 [main] INFO  db.DBStoreBuilder (DBStoreBuilder.java:processTables(161)) - Using default column profile:DBProfile.DISK for Table:revokedCerts
2019-09-26 16:01:38,487 [main] INFO  db.DBStoreBuilder (DBStoreBuilder.java:addTable(110)) - using custom profile for table: default
2019-09-26 16:01:38,487 [main] INFO  db.DBStoreBuilder (DBStoreBuilder.java:processTables(167)) - Using default column profile:DBProfile.DISK for Table:default
2019-09-26 16:01:38,488 [main] INFO  db.DBStoreBuilder (DBStoreBuilder.java:getDbProfile(198)) - Using default options. DBProfile.DISK
2019-09-26 16:01:38,671 [main] INFO  net.NodeSchemaLoader (NodeSchemaLoader.java:loadSchemaFromFile(125)) - Loading file from sun.misc.CompoundEnumeration@6d0e45a5
2019-09-26 16:01:38,671 [main] INFO  net.NodeSchemaLoader (NodeSchemaLoader.java:loadSchema(171)) - Loading network topology layer schema file
2019-09-26 16:01:38,676 [main] INFO  node.SCMNodeManager (SCMNodeManager.java:<init>(114)) - Entering startup safe mode.
2019-09-26 16:01:38,677 [main] INFO  algorithms.ContainerPlacementPolicyFactory (ContainerPlacementPolicyFactory.java:getPolicy(57)) - Create container placement policy of type org.apache.hadoop.hdds.scm.container.placement.algorithms.SCMContainerPlacementRandom
2019-09-26 16:01:38,677 [main] WARN  server.ServerUtils (ServerUtils.java:getScmDbDir(145)) - ozone.scm.db.dirs is not configured. We recommend adding this setting. Falling back to ozone.metadata.dirs instead.
2019-09-26 16:01:38,741 [main] INFO  pipeline.SCMPipelineManager (SCMPipelineManager.java:initializePipelineState(132)) - No pipeline exists in current db
2019-09-26 16:01:38,741 [main] WARN  server.ServerUtils (ServerUtils.java:getScmDbDir(145)) - ozone.scm.db.dirs is not configured. We recommend adding this setting. Falling back to ozone.metadata.dirs instead.
2019-09-26 16:01:38,822 [main] WARN  events.EventQueue (EventQueue.java:fireEvent(183)) - No event handler registered for event TypedEvent{payloadType=SafeModeStatus, name='SafeModeStatus'}
2019-09-26 16:01:38,823 [main] INFO  ipc.CallQueueManager (CallQueueManager.java:<init>(84)) - Using callQueue: class java.util.concurrent.LinkedBlockingQueue, queueCapacity: 2000, scheduler: class org.apache.hadoop.ipc.DefaultRpcScheduler, ipcBackoff: false.
2019-09-26 16:01:38,824 [Socket Reader #1 for port 46178] INFO  ipc.Server (Server.java:run(1074)) - Starting Socket Reader #1 for port 46178
2019-09-26 16:01:38,825 [main] INFO  ipc.CallQueueManager (CallQueueManager.java:<init>(84)) - Using callQueue: class java.util.concurrent.LinkedBlockingQueue, queueCapacity: 2000, scheduler: class org.apache.hadoop.ipc.DefaultRpcScheduler, ipcBackoff: false.
2019-09-26 16:01:38,826 [Socket Reader #1 for port 36245] INFO  ipc.Server (Server.java:run(1074)) - Starting Socket Reader #1 for port 36245
2019-09-26 16:01:38,827 [main] INFO  ipc.CallQueueManager (CallQueueManager.java:<init>(84)) - Using callQueue: class java.util.concurrent.LinkedBlockingQueue, queueCapacity: 2000, scheduler: class org.apache.hadoop.ipc.DefaultRpcScheduler, ipcBackoff: false.
2019-09-26 16:01:38,828 [Socket Reader #1 for port 41122] INFO  ipc.Server (Server.java:run(1074)) - Starting Socket Reader #1 for port 41122
2019-09-26 16:01:38,830 [main] INFO  hdfs.DFSUtil (DFSUtil.java:httpServerTemplateForNNAndJN(1641)) - Starting Web-server for scm at: http://0.0.0.0:0
2019-09-26 16:01:38,831 [main] INFO  server.AuthenticationFilter (AuthenticationFilter.java:constructSecretProvider(240)) - Unable to initialize FileSignerSecretProvider, falling back to use random secrets.
2019-09-26 16:01:38,832 [main] WARN  http.HttpRequestLog (HttpRequestLog.java:getRequestLog(97)) - Jetty request log can only be enabled using Log4j
2019-09-26 16:01:38,833 [main] INFO  http.HttpServer2 (HttpServer2.java:addGlobalFilter(975)) - Added global filter 'safety' (class=org.apache.hadoop.http.HttpServer2$QuotingInputFilter)
2019-09-26 16:01:38,833 [main] INFO  http.HttpServer2 (HttpServer2.java:addFilter(948)) - Added filter static_user_filter (class=org.apache.hadoop.http.lib.StaticUserWebFilter$StaticUserFilter) to context scm
2019-09-26 16:01:38,834 [main] INFO  http.HttpServer2 (HttpServer2.java:addFilter(958)) - Added filter static_user_filter (class=org.apache.hadoop.http.lib.StaticUserWebFilter$StaticUserFilter) to context logs
2019-09-26 16:01:38,834 [main] INFO  http.HttpServer2 (HttpServer2.java:addFilter(958)) - Added filter static_user_filter (class=org.apache.hadoop.http.lib.StaticUserWebFilter$StaticUserFilter) to context static
2019-09-26 16:01:38,835 [main] INFO  server.StorageContainerManager (StorageContainerManager.java:start(770)) - StorageContainerLocationProtocol RPC server is listening at /0.0.0.0:41122
2019-09-26 16:01:38,837 [main] WARN  impl.MetricsConfig (MetricsConfig.java:loadFirst(134)) - Cannot locate configuration: tried hadoop-metrics2-storagecontainermanager.properties,hadoop-metrics2.properties
2019-09-26 16:01:38,837 [main] INFO  impl.MetricsSystemImpl (MetricsSystemImpl.java:startTimer(374)) - Scheduled Metric snapshot period at 10 second(s).
2019-09-26 16:01:38,838 [main] INFO  impl.MetricsSystemImpl (MetricsSystemImpl.java:start(191)) - StorageContainerManager metrics system started
2019-09-26 16:01:38,878 [main] WARN  impl.MetricsSystemImpl (MetricsSystemImpl.java:register(276)) - Sink prometheus already exists!
2019-09-26 16:01:38,956 [main] INFO  server.SCMClientProtocolServer (SCMClientProtocolServer.java:start(151)) - RPC server for Client  is listening at /0.0.0.0:41122
2019-09-26 16:01:38,956 [IPC Server Responder] INFO  ipc.Server (Server.java:run(1314)) - IPC Server Responder: starting
2019-09-26 16:01:38,957 [IPC Server listener on 41122] INFO  ipc.Server (Server.java:run(1153)) - IPC Server listener on 41122: starting
2019-09-26 16:01:38,961 [main] INFO  server.StorageContainerManager (StorageContainerManager.java:start(780)) - ScmBlockLocationProtocol RPC server is listening at /0.0.0.0:36245
2019-09-26 16:01:38,961 [main] INFO  server.SCMBlockProtocolServer (SCMBlockProtocolServer.java:start(146)) - RPC server for Block Protocol is listening at /0.0.0.0:36245
2019-09-26 16:01:38,961 [IPC Server Responder] INFO  ipc.Server (Server.java:run(1314)) - IPC Server Responder: starting
2019-09-26 16:01:38,961 [IPC Server listener on 36245] INFO  ipc.Server (Server.java:run(1153)) - IPC Server listener on 36245: starting
2019-09-26 16:01:38,965 [main] INFO  server.StorageContainerManager (StorageContainerManager.java:start(784)) - ScmDatanodeProtocl RPC server is listening at /0.0.0.0:46178
2019-09-26 16:01:38,965 [main] INFO  server.SCMDatanodeProtocolServer (SCMDatanodeProtocolServer.java:start(191)) - RPC server for DataNodes is listening at /0.0.0.0:46178
2019-09-26 16:01:38,966 [IPC Server Responder] INFO  ipc.Server (Server.java:run(1314)) - IPC Server Responder: starting
2019-09-26 16:01:38,966 [IPC Server listener on 46178] INFO  ipc.Server (Server.java:run(1153)) - IPC Server listener on 46178: starting
2019-09-26 16:01:38,970 [main] INFO  http.HttpServer2 (HttpServer2.java:bindListener(1191)) - Jetty bound to port 41496
2019-09-26 16:01:38,970 [main] INFO  server.Server (Server.java:doStart(351)) - jetty-9.3.25.v20180904, build timestamp: 2018-09-04T21:11:46Z, git hash: 3ce520221d0240229c862b122d2b06c12a625732
2019-09-26 16:01:38,972 [main] INFO  handler.ContextHandler (ContextHandler.java:doStart(781)) - Started o.e.j.s.ServletContextHandler@67b61834{/logs,file:///workdir/hadoop-ozone/integration-test/target/log,AVAILABLE}
2019-09-26 16:01:38,972 [main] INFO  handler.ContextHandler (ContextHandler.java:doStart(781)) - Started o.e.j.s.ServletContextHandler@50598a1a{/static,file:///workdir/hadoop-ozone/integration-test/target/test-classes/webapps/static,AVAILABLE}
2019-09-26 16:01:38,976 [main] INFO  handler.ContextHandler (ContextHandler.java:doStart(781)) - Started o.e.j.w.WebAppContext@4270b142{/,file:///workdir/hadoop-ozone/integration-test/target/test-classes/webapps/scm/,AVAILABLE}{/scm}
2019-09-26 16:01:38,976 [main] INFO  server.AbstractConnector (AbstractConnector.java:doStart(278)) - Started ServerConnector@2dfa02c1{HTTP/1.1,[http/1.1]}{0.0.0.0:41496}
2019-09-26 16:01:38,977 [main] INFO  server.Server (Server.java:doStart(419)) - Started @530990ms
2019-09-26 16:01:38,977 [main] WARN  impl.MetricsSystemImpl (MetricsSystemImpl.java:register(276)) - Sink prometheus already exists!
2019-09-26 16:01:38,977 [main] INFO  server.BaseHttpServer (BaseHttpServer.java:updateConnectorAddress(215)) - HTTP server of SCM is listening at http://0.0.0.0:41496
2019-09-26 16:01:38,978 [main] WARN  server.ServerUtils (ServerUtils.java:getDBPath(222)) - ozone.om.db.dirs is not configured. We recommend adding this setting. Falling back to ozone.metadata.dirs instead.
2019-09-26 16:01:38,979 [org.apache.hadoop.util.JvmPauseMonitor$Monitor@5785e813] INFO  util.JvmPauseMonitor (JvmPauseMonitor.java:run(188)) - Starting JVM pause monitor
2019-09-26 16:01:38,992 [main] WARN  server.ServerUtils (ServerUtils.java:getDBPath(222)) - ozone.om.db.dirs is not configured. We recommend adding this setting. Falling back to ozone.metadata.dirs instead.
2019-09-26 16:01:38,992 [main] WARN  server.ServerUtils (ServerUtils.java:getDBPath(222)) - ozone.om.db.dirs is not configured. We recommend adding this setting. Falling back to ozone.metadata.dirs instead.
2019-09-26 16:01:38,993 [main] INFO  om.OzoneManager (OzoneManager.java:setOMNodeDetails(652)) - OM Service ID is not set. Setting it to the default ID: omServiceIdDefault
2019-09-26 16:01:38,993 [main] INFO  om.OzoneManager (OzoneManager.java:setOMNodeDetails(658)) - OM Node ID is not set. Setting it to the OmStorage's OmID: 8a42d4ca-fc57-4747-91e4-d6172b672916
2019-09-26 16:01:38,993 [main] INFO  om.OzoneManager (OzoneManager.java:loadOMHAConfigs(609)) - Found matching OM address with OMServiceId: null, OMNodeId: null, RPC Address: localhost:0 and Ratis port: 9872
2019-09-26 16:01:39,000 [main] WARN  server.ServerUtils (ServerUtils.java:getDBPath(222)) - ozone.om.db.dirs is not configured. We recommend adding this setting. Falling back to ozone.metadata.dirs instead.
2019-09-26 16:01:39,000 [main] INFO  db.DBStoreBuilder (DBStoreBuilder.java:addTable(110)) - using custom profile for table: userTable
2019-09-26 16:01:39,000 [main] INFO  db.DBStoreBuilder (DBStoreBuilder.java:processTables(161)) - Using default column profile:DBProfile.DISK for Table:userTable
2019-09-26 16:01:39,000 [main] INFO  db.DBStoreBuilder (DBStoreBuilder.java:addTable(110)) - using custom profile for table: volumeTable
2019-09-26 16:01:39,001 [main] INFO  db.DBStoreBuilder (DBStoreBuilder.java:processTables(161)) - Using default column profile:DBProfile.DISK for Table:volumeTable
2019-09-26 16:01:39,001 [main] INFO  db.DBStoreBuilder (DBStoreBuilder.java:addTable(110)) - using custom profile for table: bucketTable
2019-09-26 16:01:39,001 [main] INFO  db.DBStoreBuilder (DBStoreBuilder.java:processTables(161)) - Using default column profile:DBProfile.DISK for Table:bucketTable
2019-09-26 16:01:39,001 [main] INFO  db.DBStoreBuilder (DBStoreBuilder.java:addTable(110)) - using custom profile for table: keyTable
2019-09-26 16:01:39,001 [main] INFO  db.DBStoreBuilder (DBStoreBuilder.java:processTables(161)) - Using default column profile:DBProfile.DISK for Table:keyTable
2019-09-26 16:01:39,001 [main] INFO  db.DBStoreBuilder (DBStoreBuilder.java:addTable(110)) - using custom profile for table: deletedTable
2019-09-26 16:01:39,002 [main] INFO  db.DBStoreBuilder (DBStoreBuilder.java:processTables(161)) - Using default column profile:DBProfile.DISK for Table:deletedTable
2019-09-26 16:01:39,002 [main] INFO  db.DBStoreBuilder (DBStoreBuilder.java:addTable(110)) - using custom profile for table: openKeyTable
2019-09-26 16:01:39,002 [main] INFO  db.DBStoreBuilder (DBStoreBuilder.java:processTables(161)) - Using default column profile:DBProfile.DISK for Table:openKeyTable
2019-09-26 16:01:39,002 [main] INFO  db.DBStoreBuilder (DBStoreBuilder.java:addTable(110)) - using custom profile for table: s3Table
2019-09-26 16:01:39,002 [main] INFO  db.DBStoreBuilder (DBStoreBuilder.java:processTables(161)) - Using default column profile:DBProfile.DISK for Table:s3Table
2019-09-26 16:01:39,002 [main] INFO  db.DBStoreBuilder (DBStoreBuilder.java:addTable(110)) - using custom profile for table: multipartInfoTable
2019-09-26 16:01:39,003 [main] INFO  db.DBStoreBuilder (DBStoreBuilder.java:processTables(161)) - Using default column profile:DBProfile.DISK for Table:multipartInfoTable
2019-09-26 16:01:39,003 [main] INFO  db.DBStoreBuilder (DBStoreBuilder.java:addTable(110)) - using custom profile for table: dTokenTable
2019-09-26 16:01:39,003 [main] INFO  db.DBStoreBuilder (DBStoreBuilder.java:processTables(161)) - Using default column profile:DBProfile.DISK for Table:dTokenTable
2019-09-26 16:01:39,003 [main] INFO  db.DBStoreBuilder (DBStoreBuilder.java:addTable(110)) - using custom profile for table: s3SecretTable
2019-09-26 16:01:39,003 [main] INFO  db.DBStoreBuilder (DBStoreBuilder.java:processTables(161)) - Using default column profile:DBProfile.DISK for Table:s3SecretTable
2019-09-26 16:01:39,003 [main] INFO  db.DBStoreBuilder (DBStoreBuilder.java:addTable(110)) - using custom profile for table: prefixTable
2019-09-26 16:01:39,003 [main] INFO  db.DBStoreBuilder (DBStoreBuilder.java:processTables(161)) - Using default column profile:DBProfile.DISK for Table:prefixTable
2019-09-26 16:01:39,004 [main] INFO  db.DBStoreBuilder (DBStoreBuilder.java:addTable(110)) - using custom profile for table: default
2019-09-26 16:01:39,004 [main] INFO  db.DBStoreBuilder (DBStoreBuilder.java:processTables(167)) - Using default column profile:DBProfile.DISK for Table:default
2019-09-26 16:01:39,004 [main] INFO  db.DBStoreBuilder (DBStoreBuilder.java:getDbProfile(198)) - Using default options. DBProfile.DISK
2019-09-26 16:01:39,470 [main] INFO  ipc.CallQueueManager (CallQueueManager.java:<init>(84)) - Using callQueue: class java.util.concurrent.LinkedBlockingQueue, queueCapacity: 2000, scheduler: class org.apache.hadoop.ipc.DefaultRpcScheduler, ipcBackoff: false.
2019-09-26 16:01:39,471 [Socket Reader #1 for port 37349] INFO  ipc.Server (Server.java:run(1074)) - Starting Socket Reader #1 for port 37349
2019-09-26 16:01:39,482 [main] INFO  om.OzoneManager (OzoneManager.java:start(1243)) - OzoneManager RPC server is listening at localhost/127.0.0.1:37349
2019-09-26 16:01:39,482 [main] INFO  impl.MetricsSystemImpl (MetricsSystemImpl.java:init(158)) - OzoneManager metrics system started (again)
2019-09-26 16:01:39,483 [IPC Server Responder] INFO  ipc.Server (Server.java:run(1314)) - IPC Server Responder: starting
2019-09-26 16:01:39,483 [IPC Server listener on 37349] INFO  ipc.Server (Server.java:run(1153)) - IPC Server listener on 37349: starting
2019-09-26 16:01:39,489 [main] INFO  hdfs.DFSUtil (DFSUtil.java:httpServerTemplateForNNAndJN(1641)) - Starting Web-server for ozoneManager at: http://0.0.0.0:0
2019-09-26 16:01:39,491 [main] INFO  server.AuthenticationFilter (AuthenticationFilter.java:constructSecretProvider(240)) - Unable to initialize FileSignerSecretProvider, falling back to use random secrets.
2019-09-26 16:01:39,492 [main] WARN  http.HttpRequestLog (HttpRequestLog.java:getRequestLog(97)) - Jetty request log can only be enabled using Log4j
2019-09-26 16:01:39,494 [main] INFO  http.HttpServer2 (HttpServer2.java:addGlobalFilter(975)) - Added global filter 'safety' (class=org.apache.hadoop.http.HttpServer2$QuotingInputFilter)
2019-09-26 16:01:39,495 [main] INFO  http.HttpServer2 (HttpServer2.java:addFilter(948)) - Added filter static_user_filter (class=org.apache.hadoop.http.lib.StaticUserWebFilter$StaticUserFilter) to context ozoneManager
2019-09-26 16:01:39,495 [main] INFO  http.HttpServer2 (HttpServer2.java:addFilter(958)) - Added filter static_user_filter (class=org.apache.hadoop.http.lib.StaticUserWebFilter$StaticUserFilter) to context logs
2019-09-26 16:01:39,496 [main] INFO  http.HttpServer2 (HttpServer2.java:addFilter(958)) - Added filter static_user_filter (class=org.apache.hadoop.http.lib.StaticUserWebFilter$StaticUserFilter) to context static
2019-09-26 16:01:39,497 [main] INFO  http.HttpServer2 (HttpServer2.java:bindListener(1191)) - Jetty bound to port 37294
2019-09-26 16:01:39,497 [main] INFO  server.Server (Server.java:doStart(351)) - jetty-9.3.25.v20180904, build timestamp: 2018-09-04T21:11:46Z, git hash: 3ce520221d0240229c862b122d2b06c12a625732
2019-09-26 16:01:39,498 [main] INFO  handler.ContextHandler (ContextHandler.java:doStart(781)) - Started o.e.j.s.ServletContextHandler@4f235107{/logs,file:///workdir/hadoop-ozone/integration-test/target/log,AVAILABLE}
2019-09-26 16:01:39,499 [main] INFO  handler.ContextHandler (ContextHandler.java:doStart(781)) - Started o.e.j.s.ServletContextHandler@1c5d3a37{/static,file:///workdir/hadoop-ozone/integration-test/target/test-classes/webapps/static,AVAILABLE}
2019-09-26 16:01:39,504 [main] INFO  handler.ContextHandler (ContextHandler.java:doStart(781)) - Started o.e.j.w.WebAppContext@7739aac4{/,file:///workdir/hadoop-ozone/integration-test/target/test-classes/webapps/ozoneManager/,AVAILABLE}{/ozoneManager}
2019-09-26 16:01:39,504 [main] INFO  server.AbstractConnector (AbstractConnector.java:doStart(278)) - Started ServerConnector@353c6da1{HTTP/1.1,[http/1.1]}{0.0.0.0:37294}
2019-09-26 16:01:39,506 [main] INFO  server.Server (Server.java:doStart(419)) - Started @531519ms
2019-09-26 16:01:39,506 [main] WARN  impl.MetricsSystemImpl (MetricsSystemImpl.java:register(276)) - Sink prometheus already exists!
2019-09-26 16:01:39,507 [main] INFO  server.BaseHttpServer (BaseHttpServer.java:updateConnectorAddress(215)) - HTTP server of OZONEMANAGER is listening at http://0.0.0.0:37294
2019-09-26 16:01:39,533 [main] INFO  impl.MetricsSystemImpl (MetricsSystemImpl.java:init(158)) - HddsDatanode metrics system started (again)
2019-09-26 16:01:39,537 [main] INFO  ozone.HddsDatanodeService (HddsDatanodeService.java:start(184)) - HddsDatanodeService host:pr-hdds-2149-6mrrv-456159840 ip:192.168.30.25
2019-09-26 16:01:39,544 [main] INFO  volume.HddsVolume (HddsVolume.java:<init>(176)) - Creating Volume: /workdir/hadoop-ozone/integration-test/target/test-dir/MiniOzoneClusterImpl-37ef80a0-c7b2-4a5a-9454-a4bcd92af4bb/datanode-0/data/containers/hdds of  storage type : DISK and capacity : 1482555576320
2019-09-26 16:01:39,544 [main] INFO  volume.VolumeSet (VolumeSet.java:initializeVolumeSet(170)) - Added Volume : /workdir/hadoop-ozone/integration-test/target/test-dir/MiniOzoneClusterImpl-37ef80a0-c7b2-4a5a-9454-a4bcd92af4bb/datanode-0/data/containers/hdds to VolumeSet
2019-09-26 16:01:39,544 [main] INFO  volume.ThrottledAsyncChecker (ThrottledAsyncChecker.java:schedule(139)) - Scheduling a check for org.apache.hadoop.ozone.container.common.volume.HddsVolume@73e4387
2019-09-26 16:01:39,546 [main] INFO  volume.HddsVolumeChecker (HddsVolumeChecker.java:checkAllVolumes(202)) - Scheduled health check for volume org.apache.hadoop.ozone.container.common.volume.HddsVolume@73e4387
2019-09-26 16:01:39,560 [main] INFO  impl.RaftServerProxy (ConfUtils.java:logGet(43)) - raft.rpc.type = GRPC (default)
2019-09-26 16:01:39,561 [main] INFO  grpc.GrpcFactory (GrpcFactory.java:checkPooledByteBufAllocatorUseCacheForAllThreads(45)) - PERFORMANCE WARNING: useCacheForAllThreads is true that may cause Netty to create a lot garbage objects and, as a result, trigger GC.
	It is recommended to disable useCacheForAllThreads by setting -Dorg.apache.ratis.thirdparty.io.netty.allocator.useCacheForAllThreads=false in command line.
2019-09-26 16:01:39,561 [main] INFO  grpc.GrpcConfigKeys$Server (ConfUtils.java:logGet(43)) - raft.grpc.server.port = 0 (default)
2019-09-26 16:01:39,561 [main] INFO  server.GrpcService (ConfUtils.java:logGet(43)) - raft.grpc.message.size.max = 33570816 (custom)
2019-09-26 16:01:39,561 [main] INFO  server.RaftServerConfigKeys (ConfUtils.java:logGet(43)) - raft.server.log.appender.buffer.byte-limit = 33554432 (custom)
2019-09-26 16:01:39,562 [main] INFO  server.GrpcService (ConfUtils.java:logGet(43)) - raft.grpc.flow.control.window = 1MB (=1048576) (default)
2019-09-26 16:01:39,562 [main] INFO  server.RaftServerConfigKeys (ConfUtils.java:logGet(43)) - raft.server.rpc.request.timeout = 3000ms (default)
2019-09-26 16:01:39,562 [main] INFO  server.RaftServerConfigKeys (ConfUtils.java:logGet(43)) - raft.server.storage.dir = [/workdir/hadoop-ozone/integration-test/target/test-dir/MiniOzoneClusterImpl-37ef80a0-c7b2-4a5a-9454-a4bcd92af4bb/datanode-0/data/ratis] (custom)
2019-09-26 16:01:39,564 [main] INFO  hdfs.DFSUtil (DFSUtil.java:httpServerTemplateForNNAndJN(1641)) - Starting Web-server for hddsDatanode at: http://0.0.0.0:0
2019-09-26 16:01:39,566 [main] INFO  server.AuthenticationFilter (AuthenticationFilter.java:constructSecretProvider(240)) - Unable to initialize FileSignerSecretProvider, falling back to use random secrets.
2019-09-26 16:01:39,566 [main] WARN  http.HttpRequestLog (HttpRequestLog.java:getRequestLog(97)) - Jetty request log can only be enabled using Log4j
2019-09-26 16:01:39,568 [main] INFO  http.HttpServer2 (HttpServer2.java:addGlobalFilter(975)) - Added global filter 'safety' (class=org.apache.hadoop.http.HttpServer2$QuotingInputFilter)
2019-09-26 16:01:39,568 [main] INFO  http.HttpServer2 (HttpServer2.java:addFilter(948)) - Added filter static_user_filter (class=org.apache.hadoop.http.lib.StaticUserWebFilter$StaticUserFilter) to context hddsDatanode
2019-09-26 16:01:39,569 [main] INFO  http.HttpServer2 (HttpServer2.java:addFilter(958)) - Added filter static_user_filter (class=org.apache.hadoop.http.lib.StaticUserWebFilter$StaticUserFilter) to context static
2019-09-26 16:01:39,569 [main] INFO  http.HttpServer2 (HttpServer2.java:addFilter(958)) - Added filter static_user_filter (class=org.apache.hadoop.http.lib.StaticUserWebFilter$StaticUserFilter) to context logs
2019-09-26 16:01:39,570 [main] INFO  http.HttpServer2 (HttpServer2.java:bindListener(1191)) - Jetty bound to port 35162
2019-09-26 16:01:39,570 [main] INFO  server.Server (Server.java:doStart(351)) - jetty-9.3.25.v20180904, build timestamp: 2018-09-04T21:11:46Z, git hash: 3ce520221d0240229c862b122d2b06c12a625732
2019-09-26 16:01:39,571 [main] INFO  handler.ContextHandler (ContextHandler.java:doStart(781)) - Started o.e.j.s.ServletContextHandler@93bf0e0{/logs,file:///workdir/hadoop-ozone/integration-test/target/log,AVAILABLE}
2019-09-26 16:01:39,572 [main] INFO  handler.ContextHandler (ContextHandler.java:doStart(781)) - Started o.e.j.s.ServletContextHandler@656842bc{/static,jar:file:/home/user/.m2/repository/org/apache/hadoop/hadoop-hdds-container-service/0.5.0-SNAPSHOT/hadoop-hdds-container-service-0.5.0-SNAPSHOT.jar!/webapps/static,AVAILABLE}
2019-09-26 16:01:39,608 [main] INFO  handler.ContextHandler (ContextHandler.java:doStart(781)) - Started o.e.j.w.WebAppContext@28ee882c{/,file:///tmp/jetty-0.0.0.0-35162-hddsDatanode-_-any-6795617299401947900.dir/webapp/,AVAILABLE}{/hddsDatanode}
2019-09-26 16:01:39,609 [main] INFO  server.AbstractConnector (AbstractConnector.java:doStart(278)) - Started ServerConnector@78d73b1b{HTTP/1.1,[http/1.1]}{0.0.0.0:35162}
2019-09-26 16:01:39,610 [main] INFO  server.Server (Server.java:doStart(419)) - Started @531623ms
2019-09-26 16:01:39,610 [main] WARN  impl.MetricsSystemImpl (MetricsSystemImpl.java:register(276)) - Sink prometheus already exists!
2019-09-26 16:01:39,611 [main] INFO  server.BaseHttpServer (BaseHttpServer.java:updateConnectorAddress(215)) - HTTP server of HDDSDATANODE is listening at http://0.0.0.0:35162
2019-09-26 16:01:39,612 [main] INFO  impl.MetricsSystemImpl (MetricsSystemImpl.java:init(158)) - HddsDatanode metrics system started (again)
2019-09-26 16:01:39,615 [org.apache.hadoop.util.JvmPauseMonitor$Monitor@361a671e] INFO  util.JvmPauseMonitor (JvmPauseMonitor.java:run(188)) - Starting JVM pause monitor
2019-09-26 16:01:39,615 [main] INFO  ozone.HddsDatanodeService (HddsDatanodeService.java:start(184)) - HddsDatanodeService host:pr-hdds-2149-6mrrv-456159840 ip:192.168.30.25
2019-09-26 16:01:39,616 [Datanode State Machine Thread - 0] INFO  datanode.InitDatanodeState (InitDatanodeState.java:persistContainerDatanodeDetails(140)) - DatanodeDetails is persisted to /workdir/hadoop-ozone/integration-test/target/test-dir/MiniOzoneClusterImpl-37ef80a0-c7b2-4a5a-9454-a4bcd92af4bb/datanode-0/meta/datanode.id
2019-09-26 16:01:39,621 [main] INFO  volume.HddsVolume (HddsVolume.java:<init>(176)) - Creating Volume: /workdir/hadoop-ozone/integration-test/target/test-dir/MiniOzoneClusterImpl-37ef80a0-c7b2-4a5a-9454-a4bcd92af4bb/datanode-1/data/containers/hdds of  storage type : DISK and capacity : 1482555576320
2019-09-26 16:01:39,622 [main] INFO  volume.VolumeSet (VolumeSet.java:initializeVolumeSet(170)) - Added Volume : /workdir/hadoop-ozone/integration-test/target/test-dir/MiniOzoneClusterImpl-37ef80a0-c7b2-4a5a-9454-a4bcd92af4bb/datanode-1/data/containers/hdds to VolumeSet
2019-09-26 16:01:39,622 [main] INFO  volume.ThrottledAsyncChecker (ThrottledAsyncChecker.java:schedule(139)) - Scheduling a check for org.apache.hadoop.ozone.container.common.volume.HddsVolume@39d77de9
2019-09-26 16:01:39,622 [main] INFO  volume.HddsVolumeChecker (HddsVolumeChecker.java:checkAllVolumes(202)) - Scheduled health check for volume org.apache.hadoop.ozone.container.common.volume.HddsVolume@39d77de9
2019-09-26 16:01:39,638 [main] INFO  impl.RaftServerProxy (ConfUtils.java:logGet(43)) - raft.rpc.type = GRPC (default)
2019-09-26 16:01:39,639 [main] INFO  grpc.GrpcFactory (GrpcFactory.java:checkPooledByteBufAllocatorUseCacheForAllThreads(45)) - PERFORMANCE WARNING: useCacheForAllThreads is true that may cause Netty to create a lot garbage objects and, as a result, trigger GC.
	It is recommended to disable useCacheForAllThreads by setting -Dorg.apache.ratis.thirdparty.io.netty.allocator.useCacheForAllThreads=false in command line.
2019-09-26 16:01:39,639 [main] INFO  grpc.GrpcConfigKeys$Server (ConfUtils.java:logGet(43)) - raft.grpc.server.port = 0 (default)
2019-09-26 16:01:39,639 [main] INFO  server.GrpcService (ConfUtils.java:logGet(43)) - raft.grpc.message.size.max = 33570816 (custom)
2019-09-26 16:01:39,640 [main] INFO  server.RaftServerConfigKeys (ConfUtils.java:logGet(43)) - raft.server.log.appender.buffer.byte-limit = 33554432 (custom)
2019-09-26 16:01:39,640 [main] INFO  server.GrpcService (ConfUtils.java:logGet(43)) - raft.grpc.flow.control.window = 1MB (=1048576) (default)
2019-09-26 16:01:39,640 [main] INFO  server.RaftServerConfigKeys (ConfUtils.java:logGet(43)) - raft.server.rpc.request.timeout = 3000ms (default)
2019-09-26 16:01:39,640 [main] INFO  server.RaftServerConfigKeys (ConfUtils.java:logGet(43)) - raft.server.storage.dir = [/workdir/hadoop-ozone/integration-test/target/test-dir/MiniOzoneClusterImpl-37ef80a0-c7b2-4a5a-9454-a4bcd92af4bb/datanode-1/data/ratis] (custom)
2019-09-26 16:01:39,642 [main] INFO  hdfs.DFSUtil (DFSUtil.java:httpServerTemplateForNNAndJN(1641)) - Starting Web-server for hddsDatanode at: http://0.0.0.0:0
2019-09-26 16:01:39,643 [main] INFO  server.AuthenticationFilter (AuthenticationFilter.java:constructSecretProvider(240)) - Unable to initialize FileSignerSecretProvider, falling back to use random secrets.
2019-09-26 16:01:39,644 [main] WARN  http.HttpRequestLog (HttpRequestLog.java:getRequestLog(97)) - Jetty request log can only be enabled using Log4j
2019-09-26 16:01:39,645 [main] INFO  http.HttpServer2 (HttpServer2.java:addGlobalFilter(975)) - Added global filter 'safety' (class=org.apache.hadoop.http.HttpServer2$QuotingInputFilter)
2019-09-26 16:01:39,646 [main] INFO  http.HttpServer2 (HttpServer2.java:addFilter(948)) - Added filter static_user_filter (class=org.apache.hadoop.http.lib.StaticUserWebFilter$StaticUserFilter) to context hddsDatanode
2019-09-26 16:01:39,646 [main] INFO  http.HttpServer2 (HttpServer2.java:addFilter(958)) - Added filter static_user_filter (class=org.apache.hadoop.http.lib.StaticUserWebFilter$StaticUserFilter) to context logs
2019-09-26 16:01:39,646 [main] INFO  http.HttpServer2 (HttpServer2.java:addFilter(958)) - Added filter static_user_filter (class=org.apache.hadoop.http.lib.StaticUserWebFilter$StaticUserFilter) to context static
2019-09-26 16:01:39,647 [main] INFO  http.HttpServer2 (HttpServer2.java:bindListener(1191)) - Jetty bound to port 45918
2019-09-26 16:01:39,647 [main] INFO  server.Server (Server.java:doStart(351)) - jetty-9.3.25.v20180904, build timestamp: 2018-09-04T21:11:46Z, git hash: 3ce520221d0240229c862b122d2b06c12a625732
2019-09-26 16:01:39,649 [main] INFO  handler.ContextHandler (ContextHandler.java:doStart(781)) - Started o.e.j.s.ServletContextHandler@32ab408e{/logs,file:///workdir/hadoop-ozone/integration-test/target/log,AVAILABLE}
2019-09-26 16:01:39,649 [main] INFO  handler.ContextHandler (ContextHandler.java:doStart(781)) - Started o.e.j.s.ServletContextHandler@78b03788{/static,jar:file:/home/user/.m2/repository/org/apache/hadoop/hadoop-hdds-container-service/0.5.0-SNAPSHOT/hadoop-hdds-container-service-0.5.0-SNAPSHOT.jar!/webapps/static,AVAILABLE}
2019-09-26 16:01:39,690 [main] INFO  handler.ContextHandler (ContextHandler.java:doStart(781)) - Started o.e.j.w.WebAppContext@5a30722c{/,file:///tmp/jetty-0.0.0.0-45918-hddsDatanode-_-any-8802326487743996504.dir/webapp/,AVAILABLE}{/hddsDatanode}
2019-09-26 16:01:39,690 [main] INFO  server.AbstractConnector (AbstractConnector.java:doStart(278)) - Started ServerConnector@4f2ac7e0{HTTP/1.1,[http/1.1]}{0.0.0.0:45918}
2019-09-26 16:01:39,692 [main] INFO  server.Server (Server.java:doStart(419)) - Started @531705ms
2019-09-26 16:01:39,692 [main] WARN  impl.MetricsSystemImpl (MetricsSystemImpl.java:register(276)) - Sink prometheus already exists!
2019-09-26 16:01:39,693 [main] INFO  server.BaseHttpServer (BaseHttpServer.java:updateConnectorAddress(215)) - HTTP server of HDDSDATANODE is listening at http://0.0.0.0:45918
2019-09-26 16:01:39,693 [main] INFO  impl.MetricsSystemImpl (MetricsSystemImpl.java:init(158)) - HddsDatanode metrics system started (again)
2019-09-26 16:01:39,697 [org.apache.hadoop.util.JvmPauseMonitor$Monitor@70f16ea8] INFO  util.JvmPauseMonitor (JvmPauseMonitor.java:run(188)) - Starting JVM pause monitor
2019-09-26 16:01:39,698 [main] INFO  ozone.HddsDatanodeService (HddsDatanodeService.java:start(184)) - HddsDatanodeService host:pr-hdds-2149-6mrrv-456159840 ip:192.168.30.25
2019-09-26 16:01:39,699 [Datanode State Machine Thread - 0] INFO  datanode.InitDatanodeState (InitDatanodeState.java:persistContainerDatanodeDetails(140)) - DatanodeDetails is persisted to /workdir/hadoop-ozone/integration-test/target/test-dir/MiniOzoneClusterImpl-37ef80a0-c7b2-4a5a-9454-a4bcd92af4bb/datanode-1/meta/datanode.id
2019-09-26 16:01:39,705 [main] INFO  volume.HddsVolume (HddsVolume.java:<init>(176)) - Creating Volume: /workdir/hadoop-ozone/integration-test/target/test-dir/MiniOzoneClusterImpl-37ef80a0-c7b2-4a5a-9454-a4bcd92af4bb/datanode-2/data/containers/hdds of  storage type : DISK and capacity : 1482555576320
2019-09-26 16:01:39,705 [main] INFO  volume.VolumeSet (VolumeSet.java:initializeVolumeSet(170)) - Added Volume : /workdir/hadoop-ozone/integration-test/target/test-dir/MiniOzoneClusterImpl-37ef80a0-c7b2-4a5a-9454-a4bcd92af4bb/datanode-2/data/containers/hdds to VolumeSet
2019-09-26 16:01:39,705 [main] INFO  volume.ThrottledAsyncChecker (ThrottledAsyncChecker.java:schedule(139)) - Scheduling a check for org.apache.hadoop.ozone.container.common.volume.HddsVolume@50cdfafa
2019-09-26 16:01:39,705 [main] INFO  volume.HddsVolumeChecker (HddsVolumeChecker.java:checkAllVolumes(202)) - Scheduled health check for volume org.apache.hadoop.ozone.container.common.volume.HddsVolume@50cdfafa
2019-09-26 16:01:39,718 [main] INFO  impl.RaftServerProxy (ConfUtils.java:logGet(43)) - raft.rpc.type = GRPC (default)
2019-09-26 16:01:39,718 [main] INFO  grpc.GrpcFactory (GrpcFactory.java:checkPooledByteBufAllocatorUseCacheForAllThreads(45)) - PERFORMANCE WARNING: useCacheForAllThreads is true that may cause Netty to create a lot garbage objects and, as a result, trigger GC.
	It is recommended to disable useCacheForAllThreads by setting -Dorg.apache.ratis.thirdparty.io.netty.allocator.useCacheForAllThreads=false in command line.
2019-09-26 16:01:39,718 [main] INFO  grpc.GrpcConfigKeys$Server (ConfUtils.java:logGet(43)) - raft.grpc.server.port = 0 (default)
2019-09-26 16:01:39,718 [main] INFO  server.GrpcService (ConfUtils.java:logGet(43)) - raft.grpc.message.size.max = 33570816 (custom)
2019-09-26 16:01:39,718 [main] INFO  server.RaftServerConfigKeys (ConfUtils.java:logGet(43)) - raft.server.log.appender.buffer.byte-limit = 33554432 (custom)
2019-09-26 16:01:39,719 [main] INFO  server.GrpcService (ConfUtils.java:logGet(43)) - raft.grpc.flow.control.window = 1MB (=1048576) (default)
2019-09-26 16:01:39,719 [main] INFO  server.RaftServerConfigKeys (ConfUtils.java:logGet(43)) - raft.server.rpc.request.timeout = 3000ms (default)
2019-09-26 16:01:39,719 [main] INFO  server.RaftServerConfigKeys (ConfUtils.java:logGet(43)) - raft.server.storage.dir = [/workdir/hadoop-ozone/integration-test/target/test-dir/MiniOzoneClusterImpl-37ef80a0-c7b2-4a5a-9454-a4bcd92af4bb/datanode-2/data/ratis] (custom)
2019-09-26 16:01:39,720 [main] INFO  hdfs.DFSUtil (DFSUtil.java:httpServerTemplateForNNAndJN(1641)) - Starting Web-server for hddsDatanode at: http://0.0.0.0:0
2019-09-26 16:01:39,722 [main] INFO  server.AuthenticationFilter (AuthenticationFilter.java:constructSecretProvider(240)) - Unable to initialize FileSignerSecretProvider, falling back to use random secrets.
2019-09-26 16:01:39,722 [main] WARN  http.HttpRequestLog (HttpRequestLog.java:getRequestLog(97)) - Jetty request log can only be enabled using Log4j
2019-09-26 16:01:39,724 [main] INFO  http.HttpServer2 (HttpServer2.java:addGlobalFilter(975)) - Added global filter 'safety' (class=org.apache.hadoop.http.HttpServer2$QuotingInputFilter)
2019-09-26 16:01:39,725 [main] INFO  http.HttpServer2 (HttpServer2.java:addFilter(948)) - Added filter static_user_filter (class=org.apache.hadoop.http.lib.StaticUserWebFilter$StaticUserFilter) to context hddsDatanode
2019-09-26 16:01:39,725 [main] INFO  http.HttpServer2 (HttpServer2.java:addFilter(958)) - Added filter static_user_filter (class=org.apache.hadoop.http.lib.StaticUserWebFilter$StaticUserFilter) to context static
2019-09-26 16:01:39,725 [main] INFO  http.HttpServer2 (HttpServer2.java:addFilter(958)) - Added filter static_user_filter (class=org.apache.hadoop.http.lib.StaticUserWebFilter$StaticUserFilter) to context logs
2019-09-26 16:01:39,726 [main] INFO  http.HttpServer2 (HttpServer2.java:bindListener(1191)) - Jetty bound to port 41213
2019-09-26 16:01:39,726 [main] INFO  server.Server (Server.java:doStart(351)) - jetty-9.3.25.v20180904, build timestamp: 2018-09-04T21:11:46Z, git hash: 3ce520221d0240229c862b122d2b06c12a625732
2019-09-26 16:01:39,728 [main] INFO  handler.ContextHandler (ContextHandler.java:doStart(781)) - Started o.e.j.s.ServletContextHandler@3b5a19ed{/logs,file:///workdir/hadoop-ozone/integration-test/target/log,AVAILABLE}
2019-09-26 16:01:39,728 [main] INFO  handler.ContextHandler (ContextHandler.java:doStart(781)) - Started o.e.j.s.ServletContextHandler@6b9c42bd{/static,jar:file:/home/user/.m2/repository/org/apache/hadoop/hadoop-hdds-container-service/0.5.0-SNAPSHOT/hadoop-hdds-container-service-0.5.0-SNAPSHOT.jar!/webapps/static,AVAILABLE}
2019-09-26 16:01:39,756 [main] INFO  handler.ContextHandler (ContextHandler.java:doStart(781)) - Started o.e.j.w.WebAppContext@d8835af{/,file:///tmp/jetty-0.0.0.0-41213-hddsDatanode-_-any-8473542187999617842.dir/webapp/,AVAILABLE}{/hddsDatanode}
2019-09-26 16:01:39,756 [main] INFO  server.AbstractConnector (AbstractConnector.java:doStart(278)) - Started ServerConnector@16681017{HTTP/1.1,[http/1.1]}{0.0.0.0:41213}
2019-09-26 16:01:39,757 [main] INFO  server.Server (Server.java:doStart(419)) - Started @531771ms
2019-09-26 16:01:39,758 [main] WARN  impl.MetricsSystemImpl (MetricsSystemImpl.java:register(276)) - Sink prometheus already exists!
2019-09-26 16:01:39,758 [main] INFO  server.BaseHttpServer (BaseHttpServer.java:updateConnectorAddress(215)) - HTTP server of HDDSDATANODE is listening at http://0.0.0.0:41213
2019-09-26 16:01:39,758 [main] INFO  impl.MetricsSystemImpl (MetricsSystemImpl.java:init(158)) - HddsDatanode metrics system started (again)
2019-09-26 16:01:39,762 [org.apache.hadoop.util.JvmPauseMonitor$Monitor@334173dd] INFO  util.JvmPauseMonitor (JvmPauseMonitor.java:run(188)) - Starting JVM pause monitor
2019-09-26 16:01:39,763 [main] INFO  ozone.HddsDatanodeService (HddsDatanodeService.java:start(184)) - HddsDatanodeService host:pr-hdds-2149-6mrrv-456159840 ip:192.168.30.25
2019-09-26 16:01:39,763 [Datanode State Machine Thread - 0] INFO  datanode.InitDatanodeState (InitDatanodeState.java:persistContainerDatanodeDetails(140)) - DatanodeDetails is persisted to /workdir/hadoop-ozone/integration-test/target/test-dir/MiniOzoneClusterImpl-37ef80a0-c7b2-4a5a-9454-a4bcd92af4bb/datanode-2/meta/datanode.id
2019-09-26 16:01:39,769 [main] INFO  volume.HddsVolume (HddsVolume.java:<init>(176)) - Creating Volume: /workdir/hadoop-ozone/integration-test/target/test-dir/MiniOzoneClusterImpl-37ef80a0-c7b2-4a5a-9454-a4bcd92af4bb/datanode-3/data/containers/hdds of  storage type : DISK and capacity : 1482555576320
2019-09-26 16:01:39,769 [main] INFO  volume.VolumeSet (VolumeSet.java:initializeVolumeSet(170)) - Added Volume : /workdir/hadoop-ozone/integration-test/target/test-dir/MiniOzoneClusterImpl-37ef80a0-c7b2-4a5a-9454-a4bcd92af4bb/datanode-3/data/containers/hdds to VolumeSet
2019-09-26 16:01:39,769 [main] INFO  volume.ThrottledAsyncChecker (ThrottledAsyncChecker.java:schedule(139)) - Scheduling a check for org.apache.hadoop.ozone.container.common.volume.HddsVolume@7bd38fed
2019-09-26 16:01:39,770 [main] INFO  volume.HddsVolumeChecker (HddsVolumeChecker.java:checkAllVolumes(202)) - Scheduled health check for volume org.apache.hadoop.ozone.container.common.volume.HddsVolume@7bd38fed
2019-09-26 16:01:39,781 [main] INFO  impl.RaftServerProxy (ConfUtils.java:logGet(43)) - raft.rpc.type = GRPC (default)
2019-09-26 16:01:39,782 [main] INFO  grpc.GrpcFactory (GrpcFactory.java:checkPooledByteBufAllocatorUseCacheForAllThreads(45)) - PERFORMANCE WARNING: useCacheForAllThreads is true that may cause Netty to create a lot garbage objects and, as a result, trigger GC.
	It is recommended to disable useCacheForAllThreads by setting -Dorg.apache.ratis.thirdparty.io.netty.allocator.useCacheForAllThreads=false in command line.
2019-09-26 16:01:39,782 [main] INFO  grpc.GrpcConfigKeys$Server (ConfUtils.java:logGet(43)) - raft.grpc.server.port = 0 (default)
2019-09-26 16:01:39,782 [main] INFO  server.GrpcService (ConfUtils.java:logGet(43)) - raft.grpc.message.size.max = 33570816 (custom)
2019-09-26 16:01:39,782 [main] INFO  server.RaftServerConfigKeys (ConfUtils.java:logGet(43)) - raft.server.log.appender.buffer.byte-limit = 33554432 (custom)
2019-09-26 16:01:39,782 [main] INFO  server.GrpcService (ConfUtils.java:logGet(43)) - raft.grpc.flow.control.window = 1MB (=1048576) (default)
2019-09-26 16:01:39,783 [main] INFO  server.RaftServerConfigKeys (ConfUtils.java:logGet(43)) - raft.server.rpc.request.timeout = 3000ms (default)
2019-09-26 16:01:39,783 [main] INFO  server.RaftServerConfigKeys (ConfUtils.java:logGet(43)) - raft.server.storage.dir = [/workdir/hadoop-ozone/integration-test/target/test-dir/MiniOzoneClusterImpl-37ef80a0-c7b2-4a5a-9454-a4bcd92af4bb/datanode-3/data/ratis] (custom)
2019-09-26 16:01:39,784 [main] INFO  hdfs.DFSUtil (DFSUtil.java:httpServerTemplateForNNAndJN(1641)) - Starting Web-server for hddsDatanode at: http://0.0.0.0:0
2019-09-26 16:01:39,785 [main] INFO  server.AuthenticationFilter (AuthenticationFilter.java:constructSecretProvider(240)) - Unable to initialize FileSignerSecretProvider, falling back to use random secrets.
2019-09-26 16:01:39,785 [main] WARN  http.HttpRequestLog (HttpRequestLog.java:getRequestLog(97)) - Jetty request log can only be enabled using Log4j
2019-09-26 16:01:39,787 [main] INFO  http.HttpServer2 (HttpServer2.java:addGlobalFilter(975)) - Added global filter 'safety' (class=org.apache.hadoop.http.HttpServer2$QuotingInputFilter)
2019-09-26 16:01:39,787 [main] INFO  http.HttpServer2 (HttpServer2.java:addFilter(948)) - Added filter static_user_filter (class=org.apache.hadoop.http.lib.StaticUserWebFilter$StaticUserFilter) to context hddsDatanode
2019-09-26 16:01:39,787 [main] INFO  http.HttpServer2 (HttpServer2.java:addFilter(958)) - Added filter static_user_filter (class=org.apache.hadoop.http.lib.StaticUserWebFilter$StaticUserFilter) to context static
2019-09-26 16:01:39,787 [main] INFO  http.HttpServer2 (HttpServer2.java:addFilter(958)) - Added filter static_user_filter (class=org.apache.hadoop.http.lib.StaticUserWebFilter$StaticUserFilter) to context logs
2019-09-26 16:01:39,788 [main] INFO  http.HttpServer2 (HttpServer2.java:bindListener(1191)) - Jetty bound to port 40363
2019-09-26 16:01:39,788 [main] INFO  server.Server (Server.java:doStart(351)) - jetty-9.3.25.v20180904, build timestamp: 2018-09-04T21:11:46Z, git hash: 3ce520221d0240229c862b122d2b06c12a625732
2019-09-26 16:01:39,789 [main] INFO  handler.ContextHandler (ContextHandler.java:doStart(781)) - Started o.e.j.s.ServletContextHandler@61d60e38{/logs,file:///workdir/hadoop-ozone/integration-test/target/log,AVAILABLE}
2019-09-26 16:01:39,790 [main] INFO  handler.ContextHandler (ContextHandler.java:doStart(781)) - Started o.e.j.s.ServletContextHandler@404ced67{/static,jar:file:/home/user/.m2/repository/org/apache/hadoop/hadoop-hdds-container-service/0.5.0-SNAPSHOT/hadoop-hdds-container-service-0.5.0-SNAPSHOT.jar!/webapps/static,AVAILABLE}
2019-09-26 16:01:39,816 [main] INFO  handler.ContextHandler (ContextHandler.java:doStart(781)) - Started o.e.j.w.WebAppContext@23e61112{/,file:///tmp/jetty-0.0.0.0-40363-hddsDatanode-_-any-2763795176666230769.dir/webapp/,AVAILABLE}{/hddsDatanode}
2019-09-26 16:01:39,817 [main] INFO  server.AbstractConnector (AbstractConnector.java:doStart(278)) - Started ServerConnector@58a7dc4{HTTP/1.1,[http/1.1]}{0.0.0.0:40363}
2019-09-26 16:01:39,818 [main] INFO  server.Server (Server.java:doStart(419)) - Started @531831ms
2019-09-26 16:01:39,818 [main] WARN  impl.MetricsSystemImpl (MetricsSystemImpl.java:register(276)) - Sink prometheus already exists!
2019-09-26 16:01:39,819 [main] INFO  server.BaseHttpServer (BaseHttpServer.java:updateConnectorAddress(215)) - HTTP server of HDDSDATANODE is listening at http://0.0.0.0:40363
2019-09-26 16:01:39,819 [main] INFO  impl.MetricsSystemImpl (MetricsSystemImpl.java:init(158)) - HddsDatanode metrics system started (again)
2019-09-26 16:01:39,823 [org.apache.hadoop.util.JvmPauseMonitor$Monitor@48839c59] INFO  util.JvmPauseMonitor (JvmPauseMonitor.java:run(188)) - Starting JVM pause monitor
2019-09-26 16:01:39,824 [main] INFO  ozone.HddsDatanodeService (HddsDatanodeService.java:start(184)) - HddsDatanodeService host:pr-hdds-2149-6mrrv-456159840 ip:192.168.30.25
2019-09-26 16:01:39,824 [Datanode State Machine Thread - 0] INFO  datanode.InitDatanodeState (InitDatanodeState.java:persistContainerDatanodeDetails(140)) - DatanodeDetails is persisted to /workdir/hadoop-ozone/integration-test/target/test-dir/MiniOzoneClusterImpl-37ef80a0-c7b2-4a5a-9454-a4bcd92af4bb/datanode-3/meta/datanode.id
2019-09-26 16:01:39,831 [main] INFO  volume.HddsVolume (HddsVolume.java:<init>(176)) - Creating Volume: /workdir/hadoop-ozone/integration-test/target/test-dir/MiniOzoneClusterImpl-37ef80a0-c7b2-4a5a-9454-a4bcd92af4bb/datanode-4/data/containers/hdds of  storage type : DISK and capacity : 1482555576320
2019-09-26 16:01:39,831 [main] INFO  volume.VolumeSet (VolumeSet.java:initializeVolumeSet(170)) - Added Volume : /workdir/hadoop-ozone/integration-test/target/test-dir/MiniOzoneClusterImpl-37ef80a0-c7b2-4a5a-9454-a4bcd92af4bb/datanode-4/data/containers/hdds to VolumeSet
2019-09-26 16:01:39,831 [main] INFO  volume.ThrottledAsyncChecker (ThrottledAsyncChecker.java:schedule(139)) - Scheduling a check for org.apache.hadoop.ozone.container.common.volume.HddsVolume@1de13f34
2019-09-26 16:01:39,832 [main] INFO  volume.HddsVolumeChecker (HddsVolumeChecker.java:checkAllVolumes(202)) - Scheduled health check for volume org.apache.hadoop.ozone.container.common.volume.HddsVolume@1de13f34
2019-09-26 16:01:39,846 [main] INFO  impl.RaftServerProxy (ConfUtils.java:logGet(43)) - raft.rpc.type = GRPC (default)
2019-09-26 16:01:39,847 [main] INFO  grpc.GrpcFactory (GrpcFactory.java:checkPooledByteBufAllocatorUseCacheForAllThreads(45)) - PERFORMANCE WARNING: useCacheForAllThreads is true that may cause Netty to create a lot garbage objects and, as a result, trigger GC.
	It is recommended to disable useCacheForAllThreads by setting -Dorg.apache.ratis.thirdparty.io.netty.allocator.useCacheForAllThreads=false in command line.
2019-09-26 16:01:39,847 [main] INFO  grpc.GrpcConfigKeys$Server (ConfUtils.java:logGet(43)) - raft.grpc.server.port = 0 (default)
2019-09-26 16:01:39,847 [main] INFO  server.GrpcService (ConfUtils.java:logGet(43)) - raft.grpc.message.size.max = 33570816 (custom)
2019-09-26 16:01:39,847 [main] INFO  server.RaftServerConfigKeys (ConfUtils.java:logGet(43)) - raft.server.log.appender.buffer.byte-limit = 33554432 (custom)
2019-09-26 16:01:39,847 [main] INFO  server.GrpcService (ConfUtils.java:logGet(43)) - raft.grpc.flow.control.window = 1MB (=1048576) (default)
2019-09-26 16:01:39,847 [main] INFO  server.RaftServerConfigKeys (ConfUtils.java:logGet(43)) - raft.server.rpc.request.timeout = 3000ms (default)
2019-09-26 16:01:39,848 [main] INFO  server.RaftServerConfigKeys (ConfUtils.java:logGet(43)) - raft.server.storage.dir = [/workdir/hadoop-ozone/integration-test/target/test-dir/MiniOzoneClusterImpl-37ef80a0-c7b2-4a5a-9454-a4bcd92af4bb/datanode-4/data/ratis] (custom)
2019-09-26 16:01:39,849 [main] INFO  hdfs.DFSUtil (DFSUtil.java:httpServerTemplateForNNAndJN(1641)) - Starting Web-server for hddsDatanode at: http://0.0.0.0:0
2019-09-26 16:01:39,850 [main] INFO  server.AuthenticationFilter (AuthenticationFilter.java:constructSecretProvider(240)) - Unable to initialize FileSignerSecretProvider, falling back to use random secrets.
2019-09-26 16:01:39,850 [main] WARN  http.HttpRequestLog (HttpRequestLog.java:getRequestLog(97)) - Jetty request log can only be enabled using Log4j
2019-09-26 16:01:39,852 [main] INFO  http.HttpServer2 (HttpServer2.java:addGlobalFilter(975)) - Added global filter 'safety' (class=org.apache.hadoop.http.HttpServer2$QuotingInputFilter)
2019-09-26 16:01:39,852 [main] INFO  http.HttpServer2 (HttpServer2.java:addFilter(948)) - Added filter static_user_filter (class=org.apache.hadoop.http.lib.StaticUserWebFilter$StaticUserFilter) to context hddsDatanode
2019-09-26 16:01:39,853 [main] INFO  http.HttpServer2 (HttpServer2.java:addFilter(958)) - Added filter static_user_filter (class=org.apache.hadoop.http.lib.StaticUserWebFilter$StaticUserFilter) to context static
2019-09-26 16:01:39,853 [main] INFO  http.HttpServer2 (HttpServer2.java:addFilter(958)) - Added filter static_user_filter (class=org.apache.hadoop.http.lib.StaticUserWebFilter$StaticUserFilter) to context logs
2019-09-26 16:01:39,853 [main] INFO  http.HttpServer2 (HttpServer2.java:bindListener(1191)) - Jetty bound to port 37494
2019-09-26 16:01:39,854 [main] INFO  server.Server (Server.java:doStart(351)) - jetty-9.3.25.v20180904, build timestamp: 2018-09-04T21:11:46Z, git hash: 3ce520221d0240229c862b122d2b06c12a625732
2019-09-26 16:01:39,855 [main] INFO  handler.ContextHandler (ContextHandler.java:doStart(781)) - Started o.e.j.s.ServletContextHandler@13192275{/logs,file:///workdir/hadoop-ozone/integration-test/target/log,AVAILABLE}
2019-09-26 16:01:39,855 [main] INFO  handler.ContextHandler (ContextHandler.java:doStart(781)) - Started o.e.j.s.ServletContextHandler@c9b5a99{/static,jar:file:/home/user/.m2/repository/org/apache/hadoop/hadoop-hdds-container-service/0.5.0-SNAPSHOT/hadoop-hdds-container-service-0.5.0-SNAPSHOT.jar!/webapps/static,AVAILABLE}
2019-09-26 16:01:39,882 [main] INFO  handler.ContextHandler (ContextHandler.java:doStart(781)) - Started o.e.j.w.WebAppContext@447521e{/,file:///tmp/jetty-0.0.0.0-37494-hddsDatanode-_-any-1346132592238387574.dir/webapp/,AVAILABLE}{/hddsDatanode}
2019-09-26 16:01:39,883 [main] INFO  server.AbstractConnector (AbstractConnector.java:doStart(278)) - Started ServerConnector@2fde9469{HTTP/1.1,[http/1.1]}{0.0.0.0:37494}
2019-09-26 16:01:39,883 [main] INFO  server.Server (Server.java:doStart(419)) - Started @531896ms
2019-09-26 16:01:39,884 [main] WARN  impl.MetricsSystemImpl (MetricsSystemImpl.java:register(276)) - Sink prometheus already exists!
2019-09-26 16:01:39,885 [main] INFO  server.BaseHttpServer (BaseHttpServer.java:updateConnectorAddress(215)) - HTTP server of HDDSDATANODE is listening at http://0.0.0.0:37494
2019-09-26 16:01:39,885 [main] INFO  impl.MetricsSystemImpl (MetricsSystemImpl.java:init(158)) - HddsDatanode metrics system started (again)
2019-09-26 16:01:39,890 [org.apache.hadoop.util.JvmPauseMonitor$Monitor@4859b421] INFO  util.JvmPauseMonitor (JvmPauseMonitor.java:run(188)) - Starting JVM pause monitor
2019-09-26 16:01:39,890 [main] INFO  ozone.HddsDatanodeService (HddsDatanodeService.java:start(184)) - HddsDatanodeService host:pr-hdds-2149-6mrrv-456159840 ip:192.168.30.25
2019-09-26 16:01:39,891 [Datanode State Machine Thread - 0] INFO  datanode.InitDatanodeState (InitDatanodeState.java:persistContainerDatanodeDetails(140)) - DatanodeDetails is persisted to /workdir/hadoop-ozone/integration-test/target/test-dir/MiniOzoneClusterImpl-37ef80a0-c7b2-4a5a-9454-a4bcd92af4bb/datanode-4/meta/datanode.id
2019-09-26 16:01:39,896 [main] INFO  volume.HddsVolume (HddsVolume.java:<init>(176)) - Creating Volume: /workdir/hadoop-ozone/integration-test/target/test-dir/MiniOzoneClusterImpl-37ef80a0-c7b2-4a5a-9454-a4bcd92af4bb/datanode-5/data/containers/hdds of  storage type : DISK and capacity : 1482555576320
2019-09-26 16:01:39,897 [main] INFO  volume.VolumeSet (VolumeSet.java:initializeVolumeSet(170)) - Added Volume : /workdir/hadoop-ozone/integration-test/target/test-dir/MiniOzoneClusterImpl-37ef80a0-c7b2-4a5a-9454-a4bcd92af4bb/datanode-5/data/containers/hdds to VolumeSet
2019-09-26 16:01:39,897 [main] INFO  volume.ThrottledAsyncChecker (ThrottledAsyncChecker.java:schedule(139)) - Scheduling a check for org.apache.hadoop.ozone.container.common.volume.HddsVolume@33e3bd2e
2019-09-26 16:01:39,897 [main] INFO  volume.HddsVolumeChecker (HddsVolumeChecker.java:checkAllVolumes(202)) - Scheduled health check for volume org.apache.hadoop.ozone.container.common.volume.HddsVolume@33e3bd2e
2019-09-26 16:01:39,911 [main] INFO  impl.RaftServerProxy (ConfUtils.java:logGet(43)) - raft.rpc.type = GRPC (default)
2019-09-26 16:01:39,911 [main] INFO  grpc.GrpcFactory (GrpcFactory.java:checkPooledByteBufAllocatorUseCacheForAllThreads(45)) - PERFORMANCE WARNING: useCacheForAllThreads is true that may cause Netty to create a lot garbage objects and, as a result, trigger GC.
	It is recommended to disable useCacheForAllThreads by setting -Dorg.apache.ratis.thirdparty.io.netty.allocator.useCacheForAllThreads=false in command line.
2019-09-26 16:01:39,911 [main] INFO  grpc.GrpcConfigKeys$Server (ConfUtils.java:logGet(43)) - raft.grpc.server.port = 0 (default)
2019-09-26 16:01:39,912 [main] INFO  server.GrpcService (ConfUtils.java:logGet(43)) - raft.grpc.message.size.max = 33570816 (custom)
2019-09-26 16:01:39,912 [main] INFO  server.RaftServerConfigKeys (ConfUtils.java:logGet(43)) - raft.server.log.appender.buffer.byte-limit = 33554432 (custom)
2019-09-26 16:01:39,912 [main] INFO  server.GrpcService (ConfUtils.java:logGet(43)) - raft.grpc.flow.control.window = 1MB (=1048576) (default)
2019-09-26 16:01:39,912 [main] INFO  server.RaftServerConfigKeys (ConfUtils.java:logGet(43)) - raft.server.rpc.request.timeout = 3000ms (default)
2019-09-26 16:01:39,913 [main] INFO  server.RaftServerConfigKeys (ConfUtils.java:logGet(43)) - raft.server.storage.dir = [/workdir/hadoop-ozone/integration-test/target/test-dir/MiniOzoneClusterImpl-37ef80a0-c7b2-4a5a-9454-a4bcd92af4bb/datanode-5/data/ratis] (custom)
2019-09-26 16:01:39,914 [main] INFO  hdfs.DFSUtil (DFSUtil.java:httpServerTemplateForNNAndJN(1641)) - Starting Web-server for hddsDatanode at: http://0.0.0.0:0
2019-09-26 16:01:39,915 [main] INFO  server.AuthenticationFilter (AuthenticationFilter.java:constructSecretProvider(240)) - Unable to initialize FileSignerSecretProvider, falling back to use random secrets.
2019-09-26 16:01:39,915 [main] WARN  http.HttpRequestLog (HttpRequestLog.java:getRequestLog(97)) - Jetty request log can only be enabled using Log4j
2019-09-26 16:01:39,917 [main] INFO  http.HttpServer2 (HttpServer2.java:addGlobalFilter(975)) - Added global filter 'safety' (class=org.apache.hadoop.http.HttpServer2$QuotingInputFilter)
2019-09-26 16:01:39,917 [main] INFO  http.HttpServer2 (HttpServer2.java:addFilter(948)) - Added filter static_user_filter (class=org.apache.hadoop.http.lib.StaticUserWebFilter$StaticUserFilter) to context hddsDatanode
2019-09-26 16:01:39,918 [main] INFO  http.HttpServer2 (HttpServer2.java:addFilter(958)) - Added filter static_user_filter (class=org.apache.hadoop.http.lib.StaticUserWebFilter$StaticUserFilter) to context logs
2019-09-26 16:01:39,918 [main] INFO  http.HttpServer2 (HttpServer2.java:addFilter(958)) - Added filter static_user_filter (class=org.apache.hadoop.http.lib.StaticUserWebFilter$StaticUserFilter) to context static
2019-09-26 16:01:39,918 [main] INFO  http.HttpServer2 (HttpServer2.java:bindListener(1191)) - Jetty bound to port 37394
2019-09-26 16:01:39,919 [main] INFO  server.Server (Server.java:doStart(351)) - jetty-9.3.25.v20180904, build timestamp: 2018-09-04T21:11:46Z, git hash: 3ce520221d0240229c862b122d2b06c12a625732
2019-09-26 16:01:39,920 [main] INFO  handler.ContextHandler (ContextHandler.java:doStart(781)) - Started o.e.j.s.ServletContextHandler@14e750c5{/logs,file:///workdir/hadoop-ozone/integration-test/target/log,AVAILABLE}
2019-09-26 16:01:39,921 [main] INFO  handler.ContextHandler (ContextHandler.java:doStart(781)) - Started o.e.j.s.ServletContextHandler@5329f6b3{/static,jar:file:/home/user/.m2/repository/org/apache/hadoop/hadoop-hdds-container-service/0.5.0-SNAPSHOT/hadoop-hdds-container-service-0.5.0-SNAPSHOT.jar!/webapps/static,AVAILABLE}
2019-09-26 16:01:39,948 [main] INFO  handler.ContextHandler (ContextHandler.java:doStart(781)) - Started o.e.j.w.WebAppContext@35563e4c{/,file:///tmp/jetty-0.0.0.0-37394-hddsDatanode-_-any-4045055084966252584.dir/webapp/,AVAILABLE}{/hddsDatanode}
2019-09-26 16:01:39,948 [main] INFO  server.AbstractConnector (AbstractConnector.java:doStart(278)) - Started ServerConnector@6dd79214{HTTP/1.1,[http/1.1]}{0.0.0.0:37394}
2019-09-26 16:01:39,950 [main] INFO  server.Server (Server.java:doStart(419)) - Started @531964ms
2019-09-26 16:01:39,950 [main] WARN  impl.MetricsSystemImpl (MetricsSystemImpl.java:register(276)) - Sink prometheus already exists!
2019-09-26 16:01:39,951 [main] INFO  server.BaseHttpServer (BaseHttpServer.java:updateConnectorAddress(215)) - HTTP server of HDDSDATANODE is listening at http://0.0.0.0:37394
2019-09-26 16:01:39,952 [main] INFO  impl.MetricsSystemImpl (MetricsSystemImpl.java:init(158)) - HddsDatanode metrics system started (again)
2019-09-26 16:01:39,953 [org.apache.hadoop.util.JvmPauseMonitor$Monitor@2e9dbf3d] INFO  util.JvmPauseMonitor (JvmPauseMonitor.java:run(188)) - Starting JVM pause monitor
2019-09-26 16:01:39,954 [Datanode State Machine Thread - 0] INFO  datanode.InitDatanodeState (InitDatanodeState.java:persistContainerDatanodeDetails(140)) - DatanodeDetails is persisted to /workdir/hadoop-ozone/integration-test/target/test-dir/MiniOzoneClusterImpl-37ef80a0-c7b2-4a5a-9454-a4bcd92af4bb/datanode-5/meta/datanode.id
2019-09-26 16:01:39,960 [main] INFO  ozone.HddsDatanodeService (HddsDatanodeService.java:start(184)) - HddsDatanodeService host:pr-hdds-2149-6mrrv-456159840 ip:192.168.30.25
2019-09-26 16:01:39,967 [main] INFO  volume.HddsVolume (HddsVolume.java:<init>(176)) - Creating Volume: /workdir/hadoop-ozone/integration-test/target/test-dir/MiniOzoneClusterImpl-37ef80a0-c7b2-4a5a-9454-a4bcd92af4bb/datanode-6/data/containers/hdds of  storage type : DISK and capacity : 1482555576320
2019-09-26 16:01:39,967 [main] INFO  volume.VolumeSet (VolumeSet.java:initializeVolumeSet(170)) - Added Volume : /workdir/hadoop-ozone/integration-test/target/test-dir/MiniOzoneClusterImpl-37ef80a0-c7b2-4a5a-9454-a4bcd92af4bb/datanode-6/data/containers/hdds to VolumeSet
2019-09-26 16:01:39,968 [main] INFO  volume.ThrottledAsyncChecker (ThrottledAsyncChecker.java:schedule(139)) - Scheduling a check for org.apache.hadoop.ozone.container.common.volume.HddsVolume@2f4d32bf
2019-09-26 16:01:39,970 [main] INFO  volume.HddsVolumeChecker (HddsVolumeChecker.java:checkAllVolumes(202)) - Scheduled health check for volume org.apache.hadoop.ozone.container.common.volume.HddsVolume@2f4d32bf
2019-09-26 16:01:39,990 [main] INFO  impl.RaftServerProxy (ConfUtils.java:logGet(43)) - raft.rpc.type = GRPC (default)
2019-09-26 16:01:39,990 [main] INFO  grpc.GrpcFactory (GrpcFactory.java:checkPooledByteBufAllocatorUseCacheForAllThreads(45)) - PERFORMANCE WARNING: useCacheForAllThreads is true that may cause Netty to create a lot garbage objects and, as a result, trigger GC.
	It is recommended to disable useCacheForAllThreads by setting -Dorg.apache.ratis.thirdparty.io.netty.allocator.useCacheForAllThreads=false in command line.
2019-09-26 16:01:39,990 [main] INFO  grpc.GrpcConfigKeys$Server (ConfUtils.java:logGet(43)) - raft.grpc.server.port = 0 (default)
2019-09-26 16:01:39,990 [main] INFO  server.GrpcService (ConfUtils.java:logGet(43)) - raft.grpc.message.size.max = 33570816 (custom)
2019-09-26 16:01:39,991 [main] INFO  server.RaftServerConfigKeys (ConfUtils.java:logGet(43)) - raft.server.log.appender.buffer.byte-limit = 33554432 (custom)
2019-09-26 16:01:39,991 [main] INFO  server.GrpcService (ConfUtils.java:logGet(43)) - raft.grpc.flow.control.window = 1MB (=1048576) (default)
2019-09-26 16:01:39,991 [main] INFO  server.RaftServerConfigKeys (ConfUtils.java:logGet(43)) - raft.server.rpc.request.timeout = 3000ms (default)
2019-09-26 16:01:39,992 [main] INFO  server.RaftServerConfigKeys (ConfUtils.java:logGet(43)) - raft.server.storage.dir = [/workdir/hadoop-ozone/integration-test/target/test-dir/MiniOzoneClusterImpl-37ef80a0-c7b2-4a5a-9454-a4bcd92af4bb/datanode-6/data/ratis] (custom)
2019-09-26 16:01:39,993 [main] INFO  hdfs.DFSUtil (DFSUtil.java:httpServerTemplateForNNAndJN(1641)) - Starting Web-server for hddsDatanode at: http://0.0.0.0:0
2019-09-26 16:01:39,995 [main] INFO  server.AuthenticationFilter (AuthenticationFilter.java:constructSecretProvider(240)) - Unable to initialize FileSignerSecretProvider, falling back to use random secrets.
2019-09-26 16:01:39,995 [main] WARN  http.HttpRequestLog (HttpRequestLog.java:getRequestLog(97)) - Jetty request log can only be enabled using Log4j
2019-09-26 16:01:39,997 [main] INFO  http.HttpServer2 (HttpServer2.java:addGlobalFilter(975)) - Added global filter 'safety' (class=org.apache.hadoop.http.HttpServer2$QuotingInputFilter)
2019-09-26 16:01:39,998 [main] INFO  http.HttpServer2 (HttpServer2.java:addFilter(948)) - Added filter static_user_filter (class=org.apache.hadoop.http.lib.StaticUserWebFilter$StaticUserFilter) to context hddsDatanode
2019-09-26 16:01:39,998 [main] INFO  http.HttpServer2 (HttpServer2.java:addFilter(958)) - Added filter static_user_filter (class=org.apache.hadoop.http.lib.StaticUserWebFilter$StaticUserFilter) to context logs
2019-09-26 16:01:39,998 [main] INFO  http.HttpServer2 (HttpServer2.java:addFilter(958)) - Added filter static_user_filter (class=org.apache.hadoop.http.lib.StaticUserWebFilter$StaticUserFilter) to context static
2019-09-26 16:01:39,999 [main] INFO  http.HttpServer2 (HttpServer2.java:bindListener(1191)) - Jetty bound to port 43419
2019-09-26 16:01:39,999 [main] INFO  server.Server (Server.java:doStart(351)) - jetty-9.3.25.v20180904, build timestamp: 2018-09-04T21:11:46Z, git hash: 3ce520221d0240229c862b122d2b06c12a625732
2019-09-26 16:01:40,001 [main] INFO  handler.ContextHandler (ContextHandler.java:doStart(781)) - Started o.e.j.s.ServletContextHandler@3ca3648{/logs,file:///workdir/hadoop-ozone/integration-test/target/log,AVAILABLE}
2019-09-26 16:01:40,001 [main] INFO  handler.ContextHandler (ContextHandler.java:doStart(781)) - Started o.e.j.s.ServletContextHandler@39f0c343{/static,jar:file:/home/user/.m2/repository/org/apache/hadoop/hadoop-hdds-container-service/0.5.0-SNAPSHOT/hadoop-hdds-container-service-0.5.0-SNAPSHOT.jar!/webapps/static,AVAILABLE}
2019-09-26 16:01:40,036 [main] INFO  handler.ContextHandler (ContextHandler.java:doStart(781)) - Started o.e.j.w.WebAppContext@3be3e76c{/,file:///tmp/jetty-0.0.0.0-43419-hddsDatanode-_-any-7251288579432974800.dir/webapp/,AVAILABLE}{/hddsDatanode}
2019-09-26 16:01:40,036 [main] INFO  server.AbstractConnector (AbstractConnector.java:doStart(278)) - Started ServerConnector@6c07ad6b{HTTP/1.1,[http/1.1]}{0.0.0.0:43419}
2019-09-26 16:01:40,036 [main] INFO  server.Server (Server.java:doStart(419)) - Started @532050ms
2019-09-26 16:01:40,041 [main] WARN  impl.MetricsSystemImpl (MetricsSystemImpl.java:register(276)) - Sink prometheus already exists!
2019-09-26 16:01:40,042 [main] INFO  server.BaseHttpServer (BaseHttpServer.java:updateConnectorAddress(215)) - HTTP server of HDDSDATANODE is listening at http://0.0.0.0:43419
2019-09-26 16:01:40,042 [main] INFO  ozone.MiniOzoneClusterImpl (MiniOzoneClusterImpl.java:lambda$waitForClusterToBeReady$0(147)) - Waiting for cluster to be ready. Got 0 of 7 DN Heartbeats.
2019-09-26 16:01:40,043 [org.apache.hadoop.util.JvmPauseMonitor$Monitor@7ae134eb] INFO  util.JvmPauseMonitor (JvmPauseMonitor.java:run(188)) - Starting JVM pause monitor
2019-09-26 16:01:40,044 [Datanode State Machine Thread - 0] INFO  datanode.InitDatanodeState (InitDatanodeState.java:persistContainerDatanodeDetails(140)) - DatanodeDetails is persisted to /workdir/hadoop-ozone/integration-test/target/test-dir/MiniOzoneClusterImpl-37ef80a0-c7b2-4a5a-9454-a4bcd92af4bb/datanode-6/meta/datanode.id
2019-09-26 16:01:41,042 [main] INFO  ozone.MiniOzoneClusterImpl (MiniOzoneClusterImpl.java:lambda$waitForClusterToBeReady$0(147)) - Waiting for cluster to be ready. Got 0 of 7 DN Heartbeats.
2019-09-26 16:01:41,639 [Datanode State Machine Thread - 0] INFO  ozoneimpl.OzoneContainer (OzoneContainer.java:start(217)) - Attempting to start container services.
2019-09-26 16:01:41,640 [Datanode State Machine Thread - 0] INFO  ozoneimpl.OzoneContainer (OzoneContainer.java:startContainerScrub(179)) - Background container scanner has been disabled.
2019-09-26 16:01:41,640 [Datanode State Machine Thread - 0] INFO  ratis.XceiverServerRatis (XceiverServerRatis.java:start(411)) - Starting XceiverServerRatis 8313d97f-2d94-4d1e-92c6-63f4a9fb5f70 at port 0
2019-09-26 16:01:41,647 [Datanode State Machine Thread - 0] INFO  impl.RaftServerProxy (RaftServerProxy.java:lambda$start$3(299)) - 8313d97f-2d94-4d1e-92c6-63f4a9fb5f70: start RPC server
2019-09-26 16:01:41,648 [Datanode State Machine Thread - 0] INFO  server.GrpcService (GrpcService.java:startImpl(158)) - 8313d97f-2d94-4d1e-92c6-63f4a9fb5f70: GrpcService started, listening on 0.0.0.0/0.0.0.0:35781
2019-09-26 16:01:41,649 [Datanode State Machine Thread - 0] INFO  ratis.XceiverServerRatis (XceiverServerRatis.java:start(421)) - XceiverServerRatis 8313d97f-2d94-4d1e-92c6-63f4a9fb5f70 is started using port 35781
2019-09-26 16:01:41,649 [Datanode State Machine Thread - 0] INFO  server.XceiverServerGrpc (XceiverServerGrpc.java:start(149)) - XceiverServerGrpc 8313d97f-2d94-4d1e-92c6-63f4a9fb5f70 is started using port 36408
2019-09-26 16:01:41,712 [Datanode State Machine Thread - 0] INFO  ozoneimpl.OzoneContainer (OzoneContainer.java:start(217)) - Attempting to start container services.
2019-09-26 16:01:41,713 [Datanode State Machine Thread - 0] INFO  ozoneimpl.OzoneContainer (OzoneContainer.java:startContainerScrub(179)) - Background container scanner has been disabled.
2019-09-26 16:01:41,713 [Datanode State Machine Thread - 0] INFO  ratis.XceiverServerRatis (XceiverServerRatis.java:start(411)) - Starting XceiverServerRatis 78fe6ec9-8553-4a78-a89d-2d8ec94d0a0a at port 0
2019-09-26 16:01:41,721 [Datanode State Machine Thread - 0] INFO  impl.RaftServerProxy (RaftServerProxy.java:lambda$start$3(299)) - 78fe6ec9-8553-4a78-a89d-2d8ec94d0a0a: start RPC server
2019-09-26 16:01:41,722 [Datanode State Machine Thread - 0] INFO  server.GrpcService (GrpcService.java:startImpl(158)) - 78fe6ec9-8553-4a78-a89d-2d8ec94d0a0a: GrpcService started, listening on 0.0.0.0/0.0.0.0:34653
2019-09-26 16:01:41,722 [Datanode State Machine Thread - 0] INFO  ratis.XceiverServerRatis (XceiverServerRatis.java:start(421)) - XceiverServerRatis 78fe6ec9-8553-4a78-a89d-2d8ec94d0a0a is started using port 34653
2019-09-26 16:01:41,722 [Datanode State Machine Thread - 0] INFO  server.XceiverServerGrpc (XceiverServerGrpc.java:start(149)) - XceiverServerGrpc 78fe6ec9-8553-4a78-a89d-2d8ec94d0a0a is started using port 36604
2019-09-26 16:01:41,775 [Datanode State Machine Thread - 0] INFO  ozoneimpl.OzoneContainer (OzoneContainer.java:start(217)) - Attempting to start container services.
2019-09-26 16:01:41,776 [Datanode State Machine Thread - 0] INFO  ozoneimpl.OzoneContainer (OzoneContainer.java:startContainerScrub(179)) - Background container scanner has been disabled.
2019-09-26 16:01:41,776 [Datanode State Machine Thread - 0] INFO  ratis.XceiverServerRatis (XceiverServerRatis.java:start(411)) - Starting XceiverServerRatis 9f94f691-0884-4444-930f-fe6b174506dd at port 0
2019-09-26 16:01:41,784 [Datanode State Machine Thread - 0] INFO  impl.RaftServerProxy (RaftServerProxy.java:lambda$start$3(299)) - 9f94f691-0884-4444-930f-fe6b174506dd: start RPC server
2019-09-26 16:01:41,786 [Datanode State Machine Thread - 0] INFO  server.GrpcService (GrpcService.java:startImpl(158)) - 9f94f691-0884-4444-930f-fe6b174506dd: GrpcService started, listening on 0.0.0.0/0.0.0.0:38956
2019-09-26 16:01:41,786 [Datanode State Machine Thread - 0] INFO  ratis.XceiverServerRatis (XceiverServerRatis.java:start(421)) - XceiverServerRatis 9f94f691-0884-4444-930f-fe6b174506dd is started using port 38956
2019-09-26 16:01:41,787 [Datanode State Machine Thread - 0] INFO  server.XceiverServerGrpc (XceiverServerGrpc.java:start(149)) - XceiverServerGrpc 9f94f691-0884-4444-930f-fe6b174506dd is started using port 46165
2019-09-26 16:01:41,838 [Datanode State Machine Thread - 0] INFO  ozoneimpl.OzoneContainer (OzoneContainer.java:start(217)) - Attempting to start container services.
2019-09-26 16:01:41,838 [Datanode State Machine Thread - 0] INFO  ozoneimpl.OzoneContainer (OzoneContainer.java:startContainerScrub(179)) - Background container scanner has been disabled.
2019-09-26 16:01:41,838 [Datanode State Machine Thread - 0] INFO  ratis.XceiverServerRatis (XceiverServerRatis.java:start(411)) - Starting XceiverServerRatis 677fedf0-f3ff-4f0d-bf3f-efe50b6efefa at port 0
2019-09-26 16:01:41,845 [Datanode State Machine Thread - 0] INFO  impl.RaftServerProxy (RaftServerProxy.java:lambda$start$3(299)) - 677fedf0-f3ff-4f0d-bf3f-efe50b6efefa: start RPC server
2019-09-26 16:01:41,848 [Datanode State Machine Thread - 0] INFO  server.GrpcService (GrpcService.java:startImpl(158)) - 677fedf0-f3ff-4f0d-bf3f-efe50b6efefa: GrpcService started, listening on 0.0.0.0/0.0.0.0:33755
2019-09-26 16:01:41,848 [Datanode State Machine Thread - 0] INFO  ratis.XceiverServerRatis (XceiverServerRatis.java:start(421)) - XceiverServerRatis 677fedf0-f3ff-4f0d-bf3f-efe50b6efefa is started using port 33755
2019-09-26 16:01:41,849 [Datanode State Machine Thread - 0] INFO  server.XceiverServerGrpc (XceiverServerGrpc.java:start(149)) - XceiverServerGrpc 677fedf0-f3ff-4f0d-bf3f-efe50b6efefa is started using port 39437
2019-09-26 16:01:41,903 [Datanode State Machine Thread - 0] INFO  ozoneimpl.OzoneContainer (OzoneContainer.java:start(217)) - Attempting to start container services.
2019-09-26 16:01:41,903 [Datanode State Machine Thread - 0] INFO  ozoneimpl.OzoneContainer (OzoneContainer.java:startContainerScrub(179)) - Background container scanner has been disabled.
2019-09-26 16:01:41,903 [Datanode State Machine Thread - 0] INFO  ratis.XceiverServerRatis (XceiverServerRatis.java:start(411)) - Starting XceiverServerRatis 3fb57adb-a0d1-4f11-b6a1-e7035e94dbe3 at port 0
2019-09-26 16:01:41,911 [Datanode State Machine Thread - 0] INFO  impl.RaftServerProxy (RaftServerProxy.java:lambda$start$3(299)) - 3fb57adb-a0d1-4f11-b6a1-e7035e94dbe3: start RPC server
2019-09-26 16:01:41,914 [Datanode State Machine Thread - 0] INFO  server.GrpcService (GrpcService.java:startImpl(158)) - 3fb57adb-a0d1-4f11-b6a1-e7035e94dbe3: GrpcService started, listening on 0.0.0.0/0.0.0.0:34731
2019-09-26 16:01:41,914 [Datanode State Machine Thread - 0] INFO  ratis.XceiverServerRatis (XceiverServerRatis.java:start(421)) - XceiverServerRatis 3fb57adb-a0d1-4f11-b6a1-e7035e94dbe3 is started using port 34731
2019-09-26 16:01:41,914 [Datanode State Machine Thread - 0] INFO  server.XceiverServerGrpc (XceiverServerGrpc.java:start(149)) - XceiverServerGrpc 3fb57adb-a0d1-4f11-b6a1-e7035e94dbe3 is started using port 36405
2019-09-26 16:01:41,966 [Datanode State Machine Thread - 0] INFO  ozoneimpl.OzoneContainer (OzoneContainer.java:start(217)) - Attempting to start container services.
2019-09-26 16:01:41,966 [Datanode State Machine Thread - 0] INFO  ozoneimpl.OzoneContainer (OzoneContainer.java:startContainerScrub(179)) - Background container scanner has been disabled.
2019-09-26 16:01:41,966 [Datanode State Machine Thread - 0] INFO  ratis.XceiverServerRatis (XceiverServerRatis.java:start(411)) - Starting XceiverServerRatis acecd6ed-521c-4847-90c2-b671590b4ee4 at port 0
2019-09-26 16:01:41,974 [Datanode State Machine Thread - 0] INFO  impl.RaftServerProxy (RaftServerProxy.java:lambda$start$3(299)) - acecd6ed-521c-4847-90c2-b671590b4ee4: start RPC server
2019-09-26 16:01:41,975 [Datanode State Machine Thread - 0] INFO  server.GrpcService (GrpcService.java:startImpl(158)) - acecd6ed-521c-4847-90c2-b671590b4ee4: GrpcService started, listening on 0.0.0.0/0.0.0.0:37337
2019-09-26 16:01:41,975 [Datanode State Machine Thread - 0] INFO  ratis.XceiverServerRatis (XceiverServerRatis.java:start(421)) - XceiverServerRatis acecd6ed-521c-4847-90c2-b671590b4ee4 is started using port 37337
2019-09-26 16:01:41,975 [Datanode State Machine Thread - 0] INFO  server.XceiverServerGrpc (XceiverServerGrpc.java:start(149)) - XceiverServerGrpc acecd6ed-521c-4847-90c2-b671590b4ee4 is started using port 37807
2019-09-26 16:01:42,043 [main] INFO  ozone.MiniOzoneClusterImpl (MiniOzoneClusterImpl.java:lambda$waitForClusterToBeReady$0(147)) - Waiting for cluster to be ready. Got 0 of 7 DN Heartbeats.
2019-09-26 16:01:42,057 [Datanode State Machine Thread - 0] INFO  ozoneimpl.OzoneContainer (OzoneContainer.java:start(217)) - Attempting to start container services.
2019-09-26 16:01:42,058 [Datanode State Machine Thread - 0] INFO  ozoneimpl.OzoneContainer (OzoneContainer.java:startContainerScrub(179)) - Background container scanner has been disabled.
2019-09-26 16:01:42,058 [Datanode State Machine Thread - 0] INFO  ratis.XceiverServerRatis (XceiverServerRatis.java:start(411)) - Starting XceiverServerRatis 92335f2c-6300-4e2c-8b27-b5b19b8ba4b6 at port 0
2019-09-26 16:01:42,065 [Datanode State Machine Thread - 0] INFO  impl.RaftServerProxy (RaftServerProxy.java:lambda$start$3(299)) - 92335f2c-6300-4e2c-8b27-b5b19b8ba4b6: start RPC server
2019-09-26 16:01:42,066 [Datanode State Machine Thread - 0] INFO  server.GrpcService (GrpcService.java:startImpl(158)) - 92335f2c-6300-4e2c-8b27-b5b19b8ba4b6: GrpcService started, listening on 0.0.0.0/0.0.0.0:45713
2019-09-26 16:01:42,066 [Datanode State Machine Thread - 0] INFO  ratis.XceiverServerRatis (XceiverServerRatis.java:start(421)) - XceiverServerRatis 92335f2c-6300-4e2c-8b27-b5b19b8ba4b6 is started using port 45713
2019-09-26 16:01:42,067 [Datanode State Machine Thread - 0] INFO  server.XceiverServerGrpc (XceiverServerGrpc.java:start(149)) - XceiverServerGrpc 92335f2c-6300-4e2c-8b27-b5b19b8ba4b6 is started using port 41532
2019-09-26 16:01:43,044 [main] INFO  ozone.MiniOzoneClusterImpl (MiniOzoneClusterImpl.java:lambda$waitForClusterToBeReady$0(147)) - Waiting for cluster to be ready. Got 0 of 7 DN Heartbeats.
2019-09-26 16:01:43,624 [IPC Server handler 2 on 46178] INFO  net.NetworkTopology (NetworkTopologyImpl.java:add(111)) - Added a new node: /default-rack/8313d97f-2d94-4d1e-92c6-63f4a9fb5f70
2019-09-26 16:01:43,626 [IPC Server handler 2 on 46178] INFO  node.SCMNodeManager (SCMNodeManager.java:register(266)) - Registered Data node : 8313d97f-2d94-4d1e-92c6-63f4a9fb5f70{ip: 192.168.30.25, host: pr-hdds-2149-6mrrv-456159840, networkLocation: /default-rack, certSerialId: null}
2019-09-26 16:01:43,627 [EventQueue-NodeRegistrationContainerReportForDataNodeSafeModeRule] INFO  safemode.SCMSafeModeManager (DataNodeSafeModeRule.java:process(71)) - SCM in safe mode. 1 DataNodes registered, 1 required.
2019-09-26 16:01:43,628 [EventQueue-NodeRegistrationContainerReportForDataNodeSafeModeRule] INFO  safemode.SCMSafeModeManager (SCMSafeModeManager.java:validateSafeModeExitRules(177)) - ScmSafeModeManager, all rules are successfully validated
2019-09-26 16:01:43,629 [EventQueue-NodeRegistrationContainerReportForDataNodeSafeModeRule] INFO  safemode.SCMSafeModeManager (SCMSafeModeManager.java:exitSafeMode(193)) - SCM exiting safe mode.
2019-09-26 16:01:43,653 [grpc-default-executor-9] INFO  impl.RaftServerProxy (RaftServerProxy.java:addNew(89)) - 8313d97f-2d94-4d1e-92c6-63f4a9fb5f70: addNew group-F7B4334A3EBF:[8313d97f-2d94-4d1e-92c6-63f4a9fb5f70:192.168.30.25:35781] returns group-F7B4334A3EBF:java.util.concurrent.CompletableFuture@acd7ab7[Not completed]
2019-09-26 16:01:43,656 [pool-409-thread-1] INFO  impl.RaftServerImpl (RaftServerImpl.java:<init>(95)) - 8313d97f-2d94-4d1e-92c6-63f4a9fb5f70: new RaftServerImpl for group-F7B4334A3EBF:[8313d97f-2d94-4d1e-92c6-63f4a9fb5f70:192.168.30.25:35781] with ContainerStateMachine:uninitialized
2019-09-26 16:01:43,656 [pool-409-thread-1] INFO  server.RaftServerConfigKeys (ConfUtils.java:logGet(43)) - raft.server.rpc.timeout.min = 5s (custom)
2019-09-26 16:01:43,657 [pool-409-thread-1] INFO  server.RaftServerConfigKeys (ConfUtils.java:logGet(43)) - raft.server.rpc.timeout.max = 5200ms (custom)
2019-09-26 16:01:43,657 [pool-409-thread-1] INFO  server.RaftServerConfigKeys (ConfUtils.java:logGet(43)) - raft.server.rpcslowness.timeout = 120s (custom)
2019-09-26 16:01:43,657 [pool-409-thread-1] INFO  server.RaftServerConfigKeys (ConfUtils.java:logGet(43)) - raft.server.sleep.deviation.threshold = 300 (default)
2019-09-26 16:01:43,657 [pool-409-thread-1] INFO  server.RaftServerConfigKeys (ConfUtils.java:logGet(43)) - raft.server.log.appender.install.snapshot.enabled = false (custom)
2019-09-26 16:01:43,657 [pool-409-thread-1] INFO  impl.RaftServerImpl (ServerState.java:<init>(103)) - 8313d97f-2d94-4d1e-92c6-63f4a9fb5f70@group-F7B4334A3EBF: ConfigurationManager, init=-1: [8313d97f-2d94-4d1e-92c6-63f4a9fb5f70:192.168.30.25:35781], old=null, confs=<EMPTY_MAP>
2019-09-26 16:01:43,658 [pool-409-thread-1] INFO  server.RaftServerConfigKeys (ConfUtils.java:logGet(43)) - raft.server.storage.dir = [/workdir/hadoop-ozone/integration-test/target/test-dir/MiniOzoneClusterImpl-37ef80a0-c7b2-4a5a-9454-a4bcd92af4bb/datanode-0/data/ratis] (custom)
2019-09-26 16:01:43,658 [pool-409-thread-1] INFO  storage.RaftStorageDirectory (RaftStorageDirectory.java:analyzeStorage(246)) - The storage directory /workdir/hadoop-ozone/integration-test/target/test-dir/MiniOzoneClusterImpl-37ef80a0-c7b2-4a5a-9454-a4bcd92af4bb/datanode-0/data/ratis/ad377d53-4725-4d5e-b6d0-f7b4334a3ebf does not exist. Creating ...
2019-09-26 16:01:43,672 [pool-409-thread-1] INFO  storage.RaftStorageDirectory (RaftStorageDirectory.java:tryLock(328)) - Lock on /workdir/hadoop-ozone/integration-test/target/test-dir/MiniOzoneClusterImpl-37ef80a0-c7b2-4a5a-9454-a4bcd92af4bb/datanode-0/data/ratis/ad377d53-4725-4d5e-b6d0-f7b4334a3ebf/in_use.lock acquired by nodename 22057@pr-hdds-2149-6mrrv-456159840
2019-09-26 16:01:43,686 [pool-409-thread-1] INFO  storage.RaftStorage (RaftStorage.java:format(72)) - Storage directory /workdir/hadoop-ozone/integration-test/target/test-dir/MiniOzoneClusterImpl-37ef80a0-c7b2-4a5a-9454-a4bcd92af4bb/datanode-0/data/ratis/ad377d53-4725-4d5e-b6d0-f7b4334a3ebf has been successfully formatted.
2019-09-26 16:01:43,686 [pool-409-thread-1] INFO  ratis.ContainerStateMachine (ContainerStateMachine.java:loadSnapshot(230)) - group-F7B4334A3EBF: The snapshot info is null. Setting the last applied indexto:(t:0, i:~)
2019-09-26 16:01:43,686 [pool-409-thread-1] INFO  server.RaftServerConfigKeys (ConfUtils.java:logGet(43)) - raft.server.notification.no-leader.timeout = 120s (custom)
2019-09-26 16:01:43,686 [pool-409-thread-1] INFO  server.RaftServerConfigKeys (ConfUtils.java:logGet(43)) - raft.server.log.use.memory = false (default)
2019-09-26 16:01:43,687 [pool-409-thread-1] INFO  server.RaftServerConfigKeys (ConfUtils.java:logGet(43)) - raft.server.log.purge.gap = 1000000 (custom)
2019-09-26 16:01:43,687 [pool-409-thread-1] INFO  server.RaftServerConfigKeys (ConfUtils.java:logGet(43)) - raft.server.log.appender.buffer.byte-limit = 33554432 (custom)
2019-09-26 16:01:43,687 [pool-409-thread-1] INFO  server.RaftServerConfigKeys (ConfUtils.java:logGet(43)) - raft.server.log.segment.size.max = 1048576 (custom)
2019-09-26 16:01:43,687 [pool-409-thread-1] INFO  server.RaftServerConfigKeys (ConfUtils.java:logGet(43)) - raft.server.log.segment.cache.num.max = 2 (custom)
2019-09-26 16:01:43,687 [pool-409-thread-1] INFO  segmented.SegmentedRaftLogWorker (SegmentedRaftLogWorker.java:<init>(172)) - new 8313d97f-2d94-4d1e-92c6-63f4a9fb5f70@group-F7B4334A3EBF-SegmentedRaftLogWorker for RaftStorage:Storage Directory /workdir/hadoop-ozone/integration-test/target/test-dir/MiniOzoneClusterImpl-37ef80a0-c7b2-4a5a-9454-a4bcd92af4bb/datanode-0/data/ratis/ad377d53-4725-4d5e-b6d0-f7b4334a3ebf
2019-09-26 16:01:43,690 [pool-409-thread-1] INFO  server.RaftServerConfigKeys (ConfUtils.java:logGet(43)) - raft.server.log.queue.byte-limit = 2147483647 (custom)
2019-09-26 16:01:43,690 [pool-409-thread-1] INFO  server.RaftServerConfigKeys (ConfUtils.java:logGet(43)) - raft.server.log.queue.element-limit = 1024 (custom)
2019-09-26 16:01:43,690 [pool-409-thread-1] INFO  server.RaftServerConfigKeys (ConfUtils.java:logGet(43)) - raft.server.log.segment.size.max = 1048576 (custom)
2019-09-26 16:01:43,690 [pool-409-thread-1] INFO  server.RaftServerConfigKeys (ConfUtils.java:logGet(43)) - raft.server.log.preallocated.size = 16384 (custom)
2019-09-26 16:01:43,691 [pool-409-thread-1] INFO  server.RaftServerConfigKeys (ConfUtils.java:logGet(43)) - raft.server.log.write.buffer.size = 33554432 (custom)
2019-09-26 16:01:43,691 [pool-409-thread-1] INFO  server.RaftServerConfigKeys (ConfUtils.java:logGet(43)) - raft.server.log.force.sync.num = 128 (default)
2019-09-26 16:01:43,691 [pool-409-thread-1] INFO  server.RaftServerConfigKeys (ConfUtils.java:logGet(43)) - raft.server.log.statemachine.data.sync = true (default)
2019-09-26 16:01:43,691 [pool-409-thread-1] INFO  server.RaftServerConfigKeys (ConfUtils.java:logGet(43)) - raft.server.log.statemachine.data.sync.timeout = 10s (default)
2019-09-26 16:01:43,691 [pool-409-thread-1] INFO  server.RaftServerConfigKeys (ConfUtils.java:logGet(43)) - raft.server.log.statemachine.data.sync.timeout.retry = -1 (default)
2019-09-26 16:01:43,691 [pool-409-thread-1] INFO  server.RaftServerConfigKeys (ConfUtils.java:logGet(43)) - raft.server.log.statemachine.data.caching.enabled = true (custom)
2019-09-26 16:01:43,692 [pool-409-thread-1] INFO  segmented.SegmentedRaftLogWorker (SegmentedRaftLogWorker.java:lambda$new$0(132)) - 8313d97f-2d94-4d1e-92c6-63f4a9fb5f70@group-F7B4334A3EBF-SegmentedRaftLogWorker: flushIndex: setUnconditionally 0 -> -1
2019-09-26 16:01:43,692 [pool-409-thread-1] INFO  server.RaftServerConfigKeys (ConfUtils.java:logGet(43)) - raft.server.snapshot.auto.trigger.enabled = true (custom)
2019-09-26 16:01:43,692 [pool-409-thread-1] INFO  server.RaftServerConfigKeys (ConfUtils.java:logGet(43)) - raft.server.snapshot.auto.trigger.threshold = 10000 (custom)
2019-09-26 16:01:43,693 [pool-409-thread-1] INFO  server.RaftServerConfigKeys (ConfUtils.java:logGet(43)) - raft.server.snapshot.retention.num.files = 5 (custom)
2019-09-26 16:01:43,693 [pool-409-thread-1] INFO  server.RaftServerConfigKeys (ConfUtils.java:logGet(43)) - raft.server.retrycache.expirytime = 600000ms (custom)
2019-09-26 16:01:43,695 [pool-409-thread-1] INFO  impl.RaftServerImpl (RaftServerImpl.java:start(185)) - 8313d97f-2d94-4d1e-92c6-63f4a9fb5f70@group-F7B4334A3EBF: start as a follower, conf=-1: [8313d97f-2d94-4d1e-92c6-63f4a9fb5f70:192.168.30.25:35781], old=null
2019-09-26 16:01:43,695 [pool-409-thread-1] INFO  impl.RaftServerImpl (RaftServerImpl.java:setRole(174)) - 8313d97f-2d94-4d1e-92c6-63f4a9fb5f70@group-F7B4334A3EBF: changes role from      null to FOLLOWER at term 0 for startAsFollower
2019-09-26 16:01:43,695 [pool-409-thread-1] INFO  impl.RoleInfo (RoleInfo.java:updateAndGet(143)) - 8313d97f-2d94-4d1e-92c6-63f4a9fb5f70: start FollowerState
2019-09-26 16:01:43,696 [pool-409-thread-1] INFO  util.JmxRegister (JmxRegister.java:tryRegister(44)) - Successfully registered JMX Bean with object name Ratis:service=RaftServer,group=group-F7B4334A3EBF,id=8313d97f-2d94-4d1e-92c6-63f4a9fb5f70
2019-09-26 16:01:43,699 [IPC Server handler 3 on 46178] INFO  net.NetworkTopology (NetworkTopologyImpl.java:add(111)) - Added a new node: /default-rack/78fe6ec9-8553-4a78-a89d-2d8ec94d0a0a
2019-09-26 16:01:43,699 [IPC Server handler 3 on 46178] INFO  node.SCMNodeManager (SCMNodeManager.java:register(266)) - Registered Data node : 78fe6ec9-8553-4a78-a89d-2d8ec94d0a0a{ip: 192.168.30.25, host: pr-hdds-2149-6mrrv-456159840, networkLocation: /default-rack, certSerialId: null}
2019-09-26 16:01:43,700 [RatisPipelineUtilsThread] INFO  pipeline.PipelineStateManager (PipelineStateManager.java:addPipeline(56)) - Created pipeline Pipeline[ Id: ad377d53-4725-4d5e-b6d0-f7b4334a3ebf, Nodes: 8313d97f-2d94-4d1e-92c6-63f4a9fb5f70{ip: 192.168.30.25, host: pr-hdds-2149-6mrrv-456159840, networkLocation: /default-rack, certSerialId: null}, Type:RATIS, Factor:ONE, State:OPEN]
2019-09-26 16:01:43,709 [grpc-default-executor-9] INFO  impl.RaftServerProxy (RaftServerProxy.java:addNew(89)) - 78fe6ec9-8553-4a78-a89d-2d8ec94d0a0a: addNew group-9C34EF63F9F8:[78fe6ec9-8553-4a78-a89d-2d8ec94d0a0a:192.168.30.25:34653] returns group-9C34EF63F9F8:java.util.concurrent.CompletableFuture@7e4a8ab0[Not completed]
2019-09-26 16:01:43,710 [pool-419-thread-1] INFO  impl.RaftServerImpl (RaftServerImpl.java:<init>(95)) - 78fe6ec9-8553-4a78-a89d-2d8ec94d0a0a: new RaftServerImpl for group-9C34EF63F9F8:[78fe6ec9-8553-4a78-a89d-2d8ec94d0a0a:192.168.30.25:34653] with ContainerStateMachine:uninitialized
2019-09-26 16:01:43,710 [pool-419-thread-1] INFO  server.RaftServerConfigKeys (ConfUtils.java:logGet(43)) - raft.server.rpc.timeout.min = 5s (custom)
2019-09-26 16:01:43,710 [pool-419-thread-1] INFO  server.RaftServerConfigKeys (ConfUtils.java:logGet(43)) - raft.server.rpc.timeout.max = 5200ms (custom)
2019-09-26 16:01:43,710 [pool-419-thread-1] INFO  server.RaftServerConfigKeys (ConfUtils.java:logGet(43)) - raft.server.rpcslowness.timeout = 120s (custom)
2019-09-26 16:01:43,710 [pool-419-thread-1] INFO  server.RaftServerConfigKeys (ConfUtils.java:logGet(43)) - raft.server.sleep.deviation.threshold = 300 (default)
2019-09-26 16:01:43,711 [pool-419-thread-1] INFO  server.RaftServerConfigKeys (ConfUtils.java:logGet(43)) - raft.server.log.appender.install.snapshot.enabled = false (custom)
2019-09-26 16:01:43,711 [pool-419-thread-1] INFO  impl.RaftServerImpl (ServerState.java:<init>(103)) - 78fe6ec9-8553-4a78-a89d-2d8ec94d0a0a@group-9C34EF63F9F8: ConfigurationManager, init=-1: [78fe6ec9-8553-4a78-a89d-2d8ec94d0a0a:192.168.30.25:34653], old=null, confs=<EMPTY_MAP>
2019-09-26 16:01:43,711 [pool-419-thread-1] INFO  server.RaftServerConfigKeys (ConfUtils.java:logGet(43)) - raft.server.storage.dir = [/workdir/hadoop-ozone/integration-test/target/test-dir/MiniOzoneClusterImpl-37ef80a0-c7b2-4a5a-9454-a4bcd92af4bb/datanode-1/data/ratis] (custom)
2019-09-26 16:01:43,711 [pool-419-thread-1] INFO  storage.RaftStorageDirectory (RaftStorageDirectory.java:analyzeStorage(246)) - The storage directory /workdir/hadoop-ozone/integration-test/target/test-dir/MiniOzoneClusterImpl-37ef80a0-c7b2-4a5a-9454-a4bcd92af4bb/datanode-1/data/ratis/683d91b8-19fa-4c4b-8067-9c34ef63f9f8 does not exist. Creating ...
2019-09-26 16:01:43,724 [pool-419-thread-1] INFO  storage.RaftStorageDirectory (RaftStorageDirectory.java:tryLock(328)) - Lock on /workdir/hadoop-ozone/integration-test/target/test-dir/MiniOzoneClusterImpl-37ef80a0-c7b2-4a5a-9454-a4bcd92af4bb/datanode-1/data/ratis/683d91b8-19fa-4c4b-8067-9c34ef63f9f8/in_use.lock acquired by nodename 22057@pr-hdds-2149-6mrrv-456159840
2019-09-26 16:01:43,737 [pool-419-thread-1] INFO  storage.RaftStorage (RaftStorage.java:format(72)) - Storage directory /workdir/hadoop-ozone/integration-test/target/test-dir/MiniOzoneClusterImpl-37ef80a0-c7b2-4a5a-9454-a4bcd92af4bb/datanode-1/data/ratis/683d91b8-19fa-4c4b-8067-9c34ef63f9f8 has been successfully formatted.
2019-09-26 16:01:43,737 [pool-419-thread-1] INFO  ratis.ContainerStateMachine (ContainerStateMachine.java:loadSnapshot(230)) - group-9C34EF63F9F8: The snapshot info is null. Setting the last applied indexto:(t:0, i:~)
2019-09-26 16:01:43,737 [pool-419-thread-1] INFO  server.RaftServerConfigKeys (ConfUtils.java:logGet(43)) - raft.server.notification.no-leader.timeout = 120s (custom)
2019-09-26 16:01:43,737 [pool-419-thread-1] INFO  server.RaftServerConfigKeys (ConfUtils.java:logGet(43)) - raft.server.log.use.memory = false (default)
2019-09-26 16:01:43,737 [pool-419-thread-1] INFO  server.RaftServerConfigKeys (ConfUtils.java:logGet(43)) - raft.server.log.purge.gap = 1000000 (custom)
2019-09-26 16:01:43,737 [pool-419-thread-1] INFO  server.RaftServerConfigKeys (ConfUtils.java:logGet(43)) - raft.server.log.appender.buffer.byte-limit = 33554432 (custom)
2019-09-26 16:01:43,737 [pool-419-thread-1] INFO  server.RaftServerConfigKeys (ConfUtils.java:logGet(43)) - raft.server.log.segment.size.max = 1048576 (custom)
2019-09-26 16:01:43,737 [pool-419-thread-1] INFO  server.RaftServerConfigKeys (ConfUtils.java:logGet(43)) - raft.server.log.segment.cache.num.max = 2 (custom)
2019-09-26 16:01:43,737 [pool-419-thread-1] INFO  segmented.SegmentedRaftLogWorker (SegmentedRaftLogWorker.java:<init>(172)) - new 78fe6ec9-8553-4a78-a89d-2d8ec94d0a0a@group-9C34EF63F9F8-SegmentedRaftLogWorker for RaftStorage:Storage Directory /workdir/hadoop-ozone/integration-test/target/test-dir/MiniOzoneClusterImpl-37ef80a0-c7b2-4a5a-9454-a4bcd92af4bb/datanode-1/data/ratis/683d91b8-19fa-4c4b-8067-9c34ef63f9f8
2019-09-26 16:01:43,739 [pool-419-thread-1] INFO  server.RaftServerConfigKeys (ConfUtils.java:logGet(43)) - raft.server.log.queue.byte-limit = 2147483647 (custom)
2019-09-26 16:01:43,739 [pool-419-thread-1] INFO  server.RaftServerConfigKeys (ConfUtils.java:logGet(43)) - raft.server.log.queue.element-limit = 1024 (custom)
2019-09-26 16:01:43,739 [pool-419-thread-1] INFO  server.RaftServerConfigKeys (ConfUtils.java:logGet(43)) - raft.server.log.segment.size.max = 1048576 (custom)
2019-09-26 16:01:43,739 [pool-419-thread-1] INFO  server.RaftServerConfigKeys (ConfUtils.java:logGet(43)) - raft.server.log.preallocated.size = 16384 (custom)
2019-09-26 16:01:43,739 [pool-419-thread-1] INFO  server.RaftServerConfigKeys (ConfUtils.java:logGet(43)) - raft.server.log.write.buffer.size = 33554432 (custom)
2019-09-26 16:01:43,739 [pool-419-thread-1] INFO  server.RaftServerConfigKeys (ConfUtils.java:logGet(43)) - raft.server.log.force.sync.num = 128 (default)
2019-09-26 16:01:43,739 [pool-419-thread-1] INFO  server.RaftServerConfigKeys (ConfUtils.java:logGet(43)) - raft.server.log.statemachine.data.sync = true (default)
2019-09-26 16:01:43,739 [pool-419-thread-1] INFO  server.RaftServerConfigKeys (ConfUtils.java:logGet(43)) - raft.server.log.statemachine.data.sync.timeout = 10s (default)
2019-09-26 16:01:43,739 [pool-419-thread-1] INFO  server.RaftServerConfigKeys (ConfUtils.java:logGet(43)) - raft.server.log.statemachine.data.sync.timeout.retry = -1 (default)
2019-09-26 16:01:43,740 [pool-419-thread-1] INFO  server.RaftServerConfigKeys (ConfUtils.java:logGet(43)) - raft.server.log.statemachine.data.caching.enabled = true (custom)
2019-09-26 16:01:43,740 [pool-419-thread-1] INFO  segmented.SegmentedRaftLogWorker (SegmentedRaftLogWorker.java:lambda$new$0(132)) - 78fe6ec9-8553-4a78-a89d-2d8ec94d0a0a@group-9C34EF63F9F8-SegmentedRaftLogWorker: flushIndex: setUnconditionally 0 -> -1
2019-09-26 16:01:43,740 [pool-419-thread-1] INFO  server.RaftServerConfigKeys (ConfUtils.java:logGet(43)) - raft.server.snapshot.auto.trigger.enabled = true (custom)
2019-09-26 16:01:43,740 [pool-419-thread-1] INFO  server.RaftServerConfigKeys (ConfUtils.java:logGet(43)) - raft.server.snapshot.auto.trigger.threshold = 10000 (custom)
2019-09-26 16:01:43,740 [pool-419-thread-1] INFO  server.RaftServerConfigKeys (ConfUtils.java:logGet(43)) - raft.server.snapshot.retention.num.files = 5 (custom)
2019-09-26 16:01:43,740 [pool-419-thread-1] INFO  server.RaftServerConfigKeys (ConfUtils.java:logGet(43)) - raft.server.retrycache.expirytime = 600000ms (custom)
2019-09-26 16:01:43,742 [pool-419-thread-1] INFO  impl.RaftServerImpl (RaftServerImpl.java:start(185)) - 78fe6ec9-8553-4a78-a89d-2d8ec94d0a0a@group-9C34EF63F9F8: start as a follower, conf=-1: [78fe6ec9-8553-4a78-a89d-2d8ec94d0a0a:192.168.30.25:34653], old=null
2019-09-26 16:01:43,742 [pool-419-thread-1] INFO  impl.RaftServerImpl (RaftServerImpl.java:setRole(174)) - 78fe6ec9-8553-4a78-a89d-2d8ec94d0a0a@group-9C34EF63F9F8: changes role from      null to FOLLOWER at term 0 for startAsFollower
2019-09-26 16:01:43,742 [pool-419-thread-1] INFO  impl.RoleInfo (RoleInfo.java:updateAndGet(143)) - 78fe6ec9-8553-4a78-a89d-2d8ec94d0a0a: start FollowerState
2019-09-26 16:01:43,742 [pool-419-thread-1] INFO  util.JmxRegister (JmxRegister.java:tryRegister(44)) - Successfully registered JMX Bean with object name Ratis:service=RaftServer,group=group-9C34EF63F9F8,id=78fe6ec9-8553-4a78-a89d-2d8ec94d0a0a
2019-09-26 16:01:43,744 [RatisPipelineUtilsThread] INFO  pipeline.PipelineStateManager (PipelineStateManager.java:addPipeline(56)) - Created pipeline Pipeline[ Id: 683d91b8-19fa-4c4b-8067-9c34ef63f9f8, Nodes: 78fe6ec9-8553-4a78-a89d-2d8ec94d0a0a{ip: 192.168.30.25, host: pr-hdds-2149-6mrrv-456159840, networkLocation: /default-rack, certSerialId: null}, Type:RATIS, Factor:ONE, State:OPEN]
2019-09-26 16:01:43,763 [IPC Server handler 4 on 46178] INFO  net.NetworkTopology (NetworkTopologyImpl.java:add(111)) - Added a new node: /default-rack/9f94f691-0884-4444-930f-fe6b174506dd
2019-09-26 16:01:43,763 [IPC Server handler 4 on 46178] INFO  node.SCMNodeManager (SCMNodeManager.java:register(266)) - Registered Data node : 9f94f691-0884-4444-930f-fe6b174506dd{ip: 192.168.30.25, host: pr-hdds-2149-6mrrv-456159840, networkLocation: /default-rack, certSerialId: null}
2019-09-26 16:01:43,774 [grpc-default-executor-9] INFO  impl.RaftServerProxy (RaftServerProxy.java:addNew(89)) - 9f94f691-0884-4444-930f-fe6b174506dd: addNew group-B19791551BF0:[9f94f691-0884-4444-930f-fe6b174506dd:192.168.30.25:38956] returns group-B19791551BF0:java.util.concurrent.CompletableFuture@2bcc3122[Not completed]
2019-09-26 16:01:43,776 [pool-429-thread-1] INFO  impl.RaftServerImpl (RaftServerImpl.java:<init>(95)) - 9f94f691-0884-4444-930f-fe6b174506dd: new RaftServerImpl for group-B19791551BF0:[9f94f691-0884-4444-930f-fe6b174506dd:192.168.30.25:38956] with ContainerStateMachine:uninitialized
2019-09-26 16:01:43,776 [pool-429-thread-1] INFO  server.RaftServerConfigKeys (ConfUtils.java:logGet(43)) - raft.server.rpc.timeout.min = 5s (custom)
2019-09-26 16:01:43,776 [pool-429-thread-1] INFO  server.RaftServerConfigKeys (ConfUtils.java:logGet(43)) - raft.server.rpc.timeout.max = 5200ms (custom)
2019-09-26 16:01:43,776 [pool-429-thread-1] INFO  server.RaftServerConfigKeys (ConfUtils.java:logGet(43)) - raft.server.rpcslowness.timeout = 120s (custom)
2019-09-26 16:01:43,776 [pool-429-thread-1] INFO  server.RaftServerConfigKeys (ConfUtils.java:logGet(43)) - raft.server.sleep.deviation.threshold = 300 (default)
2019-09-26 16:01:43,777 [pool-429-thread-1] INFO  server.RaftServerConfigKeys (ConfUtils.java:logGet(43)) - raft.server.log.appender.install.snapshot.enabled = false (custom)
2019-09-26 16:01:43,777 [pool-429-thread-1] INFO  impl.RaftServerImpl (ServerState.java:<init>(103)) - 9f94f691-0884-4444-930f-fe6b174506dd@group-B19791551BF0: ConfigurationManager, init=-1: [9f94f691-0884-4444-930f-fe6b174506dd:192.168.30.25:38956], old=null, confs=<EMPTY_MAP>
2019-09-26 16:01:43,777 [pool-429-thread-1] INFO  server.RaftServerConfigKeys (ConfUtils.java:logGet(43)) - raft.server.storage.dir = [/workdir/hadoop-ozone/integration-test/target/test-dir/MiniOzoneClusterImpl-37ef80a0-c7b2-4a5a-9454-a4bcd92af4bb/datanode-2/data/ratis] (custom)
2019-09-26 16:01:43,777 [pool-429-thread-1] INFO  storage.RaftStorageDirectory (RaftStorageDirectory.java:analyzeStorage(246)) - The storage directory /workdir/hadoop-ozone/integration-test/target/test-dir/MiniOzoneClusterImpl-37ef80a0-c7b2-4a5a-9454-a4bcd92af4bb/datanode-2/data/ratis/e7a54b62-880c-49d2-b122-b19791551bf0 does not exist. Creating ...
2019-09-26 16:01:43,789 [pool-429-thread-1] INFO  storage.RaftStorageDirectory (RaftStorageDirectory.java:tryLock(328)) - Lock on /workdir/hadoop-ozone/integration-test/target/test-dir/MiniOzoneClusterImpl-37ef80a0-c7b2-4a5a-9454-a4bcd92af4bb/datanode-2/data/ratis/e7a54b62-880c-49d2-b122-b19791551bf0/in_use.lock acquired by nodename 22057@pr-hdds-2149-6mrrv-456159840
2019-09-26 16:01:43,802 [pool-429-thread-1] INFO  storage.RaftStorage (RaftStorage.java:format(72)) - Storage directory /workdir/hadoop-ozone/integration-test/target/test-dir/MiniOzoneClusterImpl-37ef80a0-c7b2-4a5a-9454-a4bcd92af4bb/datanode-2/data/ratis/e7a54b62-880c-49d2-b122-b19791551bf0 has been successfully formatted.
2019-09-26 16:01:43,802 [pool-429-thread-1] INFO  ratis.ContainerStateMachine (ContainerStateMachine.java:loadSnapshot(230)) - group-B19791551BF0: The snapshot info is null. Setting the last applied indexto:(t:0, i:~)
2019-09-26 16:01:43,803 [pool-429-thread-1] INFO  server.RaftServerConfigKeys (ConfUtils.java:logGet(43)) - raft.server.notification.no-leader.timeout = 120s (custom)
2019-09-26 16:01:43,803 [pool-429-thread-1] INFO  server.RaftServerConfigKeys (ConfUtils.java:logGet(43)) - raft.server.log.use.memory = false (default)
2019-09-26 16:01:43,803 [pool-429-thread-1] INFO  server.RaftServerConfigKeys (ConfUtils.java:logGet(43)) - raft.server.log.purge.gap = 1000000 (custom)
2019-09-26 16:01:43,803 [pool-429-thread-1] INFO  server.RaftServerConfigKeys (ConfUtils.java:logGet(43)) - raft.server.log.appender.buffer.byte-limit = 33554432 (custom)
2019-09-26 16:01:43,803 [pool-429-thread-1] INFO  server.RaftServerConfigKeys (ConfUtils.java:logGet(43)) - raft.server.log.segment.size.max = 1048576 (custom)
2019-09-26 16:01:43,803 [pool-429-thread-1] INFO  server.RaftServerConfigKeys (ConfUtils.java:logGet(43)) - raft.server.log.segment.cache.num.max = 2 (custom)
2019-09-26 16:01:43,803 [pool-429-thread-1] INFO  segmented.SegmentedRaftLogWorker (SegmentedRaftLogWorker.java:<init>(172)) - new 9f94f691-0884-4444-930f-fe6b174506dd@group-B19791551BF0-SegmentedRaftLogWorker for RaftStorage:Storage Directory /workdir/hadoop-ozone/integration-test/target/test-dir/MiniOzoneClusterImpl-37ef80a0-c7b2-4a5a-9454-a4bcd92af4bb/datanode-2/data/ratis/e7a54b62-880c-49d2-b122-b19791551bf0
2019-09-26 16:01:43,805 [pool-429-thread-1] INFO  server.RaftServerConfigKeys (ConfUtils.java:logGet(43)) - raft.server.log.queue.byte-limit = 2147483647 (custom)
2019-09-26 16:01:43,805 [pool-429-thread-1] INFO  server.RaftServerConfigKeys (ConfUtils.java:logGet(43)) - raft.server.log.queue.element-limit = 1024 (custom)
2019-09-26 16:01:43,805 [pool-429-thread-1] INFO  server.RaftServerConfigKeys (ConfUtils.java:logGet(43)) - raft.server.log.segment.size.max = 1048576 (custom)
2019-09-26 16:01:43,805 [pool-429-thread-1] INFO  server.RaftServerConfigKeys (ConfUtils.java:logGet(43)) - raft.server.log.preallocated.size = 16384 (custom)
2019-09-26 16:01:43,805 [pool-429-thread-1] INFO  server.RaftServerConfigKeys (ConfUtils.java:logGet(43)) - raft.server.log.write.buffer.size = 33554432 (custom)
2019-09-26 16:01:43,805 [pool-429-thread-1] INFO  server.RaftServerConfigKeys (ConfUtils.java:logGet(43)) - raft.server.log.force.sync.num = 128 (default)
2019-09-26 16:01:43,806 [pool-429-thread-1] INFO  server.RaftServerConfigKeys (ConfUtils.java:logGet(43)) - raft.server.log.statemachine.data.sync = true (default)
2019-09-26 16:01:43,806 [pool-429-thread-1] INFO  server.RaftServerConfigKeys (ConfUtils.java:logGet(43)) - raft.server.log.statemachine.data.sync.timeout = 10s (default)
2019-09-26 16:01:43,806 [pool-429-thread-1] INFO  server.RaftServerConfigKeys (ConfUtils.java:logGet(43)) - raft.server.log.statemachine.data.sync.timeout.retry = -1 (default)
2019-09-26 16:01:43,806 [pool-429-thread-1] INFO  server.RaftServerConfigKeys (ConfUtils.java:logGet(43)) - raft.server.log.statemachine.data.caching.enabled = true (custom)
2019-09-26 16:01:43,806 [pool-429-thread-1] INFO  segmented.SegmentedRaftLogWorker (SegmentedRaftLogWorker.java:lambda$new$0(132)) - 9f94f691-0884-4444-930f-fe6b174506dd@group-B19791551BF0-SegmentedRaftLogWorker: flushIndex: setUnconditionally 0 -> -1
2019-09-26 16:01:43,806 [pool-429-thread-1] INFO  server.RaftServerConfigKeys (ConfUtils.java:logGet(43)) - raft.server.snapshot.auto.trigger.enabled = true (custom)
2019-09-26 16:01:43,807 [pool-429-thread-1] INFO  server.RaftServerConfigKeys (ConfUtils.java:logGet(43)) - raft.server.snapshot.auto.trigger.threshold = 10000 (custom)
2019-09-26 16:01:43,807 [pool-429-thread-1] INFO  server.RaftServerConfigKeys (ConfUtils.java:logGet(43)) - raft.server.snapshot.retention.num.files = 5 (custom)
2019-09-26 16:01:43,807 [pool-429-thread-1] INFO  server.RaftServerConfigKeys (ConfUtils.java:logGet(43)) - raft.server.retrycache.expirytime = 600000ms (custom)
2019-09-26 16:01:43,809 [pool-429-thread-1] INFO  impl.RaftServerImpl (RaftServerImpl.java:start(185)) - 9f94f691-0884-4444-930f-fe6b174506dd@group-B19791551BF0: start as a follower, conf=-1: [9f94f691-0884-4444-930f-fe6b174506dd:192.168.30.25:38956], old=null
2019-09-26 16:01:43,809 [pool-429-thread-1] INFO  impl.RaftServerImpl (RaftServerImpl.java:setRole(174)) - 9f94f691-0884-4444-930f-fe6b174506dd@group-B19791551BF0: changes role from      null to FOLLOWER at term 0 for startAsFollower
2019-09-26 16:01:43,809 [pool-429-thread-1] INFO  impl.RoleInfo (RoleInfo.java:updateAndGet(143)) - 9f94f691-0884-4444-930f-fe6b174506dd: start FollowerState
2019-09-26 16:01:43,809 [pool-429-thread-1] INFO  util.JmxRegister (JmxRegister.java:tryRegister(44)) - Successfully registered JMX Bean with object name Ratis:service=RaftServer,group=group-B19791551BF0,id=9f94f691-0884-4444-930f-fe6b174506dd
2019-09-26 16:01:43,811 [RatisPipelineUtilsThread] INFO  pipeline.PipelineStateManager (PipelineStateManager.java:addPipeline(56)) - Created pipeline Pipeline[ Id: e7a54b62-880c-49d2-b122-b19791551bf0, Nodes: 9f94f691-0884-4444-930f-fe6b174506dd{ip: 192.168.30.25, host: pr-hdds-2149-6mrrv-456159840, networkLocation: /default-rack, certSerialId: null}, Type:RATIS, Factor:ONE, State:OPEN]
2019-09-26 16:01:43,830 [IPC Server handler 6 on 46178] INFO  net.NetworkTopology (NetworkTopologyImpl.java:add(111)) - Added a new node: /default-rack/677fedf0-f3ff-4f0d-bf3f-efe50b6efefa
2019-09-26 16:01:43,830 [IPC Server handler 6 on 46178] INFO  node.SCMNodeManager (SCMNodeManager.java:register(266)) - Registered Data node : 677fedf0-f3ff-4f0d-bf3f-efe50b6efefa{ip: 192.168.30.25, host: pr-hdds-2149-6mrrv-456159840, networkLocation: /default-rack, certSerialId: null}
2019-09-26 16:01:43,833 [grpc-default-executor-9] INFO  impl.RaftServerProxy (RaftServerProxy.java:addNew(89)) - 9f94f691-0884-4444-930f-fe6b174506dd: addNew group-29F9F8F5C47F:[9f94f691-0884-4444-930f-fe6b174506dd:192.168.30.25:38956, 8313d97f-2d94-4d1e-92c6-63f4a9fb5f70:192.168.30.25:35781, 78fe6ec9-8553-4a78-a89d-2d8ec94d0a0a:192.168.30.25:34653] returns group-29F9F8F5C47F:java.util.concurrent.CompletableFuture@2bae418c[Not completed]
2019-09-26 16:01:43,837 [grpc-default-executor-9] INFO  impl.RaftServerProxy (RaftServerProxy.java:addNew(89)) - 78fe6ec9-8553-4a78-a89d-2d8ec94d0a0a: addNew group-29F9F8F5C47F:[9f94f691-0884-4444-930f-fe6b174506dd:192.168.30.25:38956, 8313d97f-2d94-4d1e-92c6-63f4a9fb5f70:192.168.30.25:35781, 78fe6ec9-8553-4a78-a89d-2d8ec94d0a0a:192.168.30.25:34653] returns group-29F9F8F5C47F:java.util.concurrent.CompletableFuture@612130fa[Not completed]
2019-09-26 16:01:43,837 [pool-429-thread-1] INFO  impl.RaftServerImpl (RaftServerImpl.java:<init>(95)) - 9f94f691-0884-4444-930f-fe6b174506dd: new RaftServerImpl for group-29F9F8F5C47F:[9f94f691-0884-4444-930f-fe6b174506dd:192.168.30.25:38956, 8313d97f-2d94-4d1e-92c6-63f4a9fb5f70:192.168.30.25:35781, 78fe6ec9-8553-4a78-a89d-2d8ec94d0a0a:192.168.30.25:34653] with ContainerStateMachine:uninitialized
2019-09-26 16:01:43,838 [pool-429-thread-1] INFO  server.RaftServerConfigKeys (ConfUtils.java:logGet(43)) - raft.server.rpc.timeout.min = 5s (custom)
2019-09-26 16:01:43,840 [pool-429-thread-1] INFO  server.RaftServerConfigKeys (ConfUtils.java:logGet(43)) - raft.server.rpc.timeout.max = 5200ms (custom)
2019-09-26 16:01:43,840 [pool-429-thread-1] INFO  server.RaftServerConfigKeys (ConfUtils.java:logGet(43)) - raft.server.rpcslowness.timeout = 120s (custom)
2019-09-26 16:01:43,840 [grpc-default-executor-9] INFO  impl.RaftServerProxy (RaftServerProxy.java:addNew(89)) - 8313d97f-2d94-4d1e-92c6-63f4a9fb5f70: addNew group-29F9F8F5C47F:[9f94f691-0884-4444-930f-fe6b174506dd:192.168.30.25:38956, 8313d97f-2d94-4d1e-92c6-63f4a9fb5f70:192.168.30.25:35781, 78fe6ec9-8553-4a78-a89d-2d8ec94d0a0a:192.168.30.25:34653] returns group-29F9F8F5C47F:java.util.concurrent.CompletableFuture@291f7306[Not completed]
2019-09-26 16:01:43,841 [pool-429-thread-1] INFO  server.RaftServerConfigKeys (ConfUtils.java:logGet(43)) - raft.server.sleep.deviation.threshold = 300 (default)
2019-09-26 16:01:43,841 [pool-429-thread-1] INFO  server.RaftServerConfigKeys (ConfUtils.java:logGet(43)) - raft.server.log.appender.install.snapshot.enabled = false (custom)
2019-09-26 16:01:43,841 [pool-429-thread-1] INFO  impl.RaftServerImpl (ServerState.java:<init>(103)) - 9f94f691-0884-4444-930f-fe6b174506dd@group-29F9F8F5C47F: ConfigurationManager, init=-1: [9f94f691-0884-4444-930f-fe6b174506dd:192.168.30.25:38956, 8313d97f-2d94-4d1e-92c6-63f4a9fb5f70:192.168.30.25:35781, 78fe6ec9-8553-4a78-a89d-2d8ec94d0a0a:192.168.30.25:34653], old=null, confs=<EMPTY_MAP>
2019-09-26 16:01:43,841 [pool-419-thread-1] INFO  impl.RaftServerImpl (RaftServerImpl.java:<init>(95)) - 78fe6ec9-8553-4a78-a89d-2d8ec94d0a0a: new RaftServerImpl for group-29F9F8F5C47F:[9f94f691-0884-4444-930f-fe6b174506dd:192.168.30.25:38956, 8313d97f-2d94-4d1e-92c6-63f4a9fb5f70:192.168.30.25:35781, 78fe6ec9-8553-4a78-a89d-2d8ec94d0a0a:192.168.30.25:34653] with ContainerStateMachine:uninitialized
2019-09-26 16:01:43,841 [pool-429-thread-1] INFO  server.RaftServerConfigKeys (ConfUtils.java:logGet(43)) - raft.server.storage.dir = [/workdir/hadoop-ozone/integration-test/target/test-dir/MiniOzoneClusterImpl-37ef80a0-c7b2-4a5a-9454-a4bcd92af4bb/datanode-2/data/ratis] (custom)
2019-09-26 16:01:43,841 [pool-419-thread-1] INFO  server.RaftServerConfigKeys (ConfUtils.java:logGet(43)) - raft.server.rpc.timeout.min = 5s (custom)
2019-09-26 16:01:43,842 [pool-419-thread-1] INFO  server.RaftServerConfigKeys (ConfUtils.java:logGet(43)) - raft.server.rpc.timeout.max = 5200ms (custom)
2019-09-26 16:01:43,842 [pool-429-thread-1] INFO  storage.RaftStorageDirectory (RaftStorageDirectory.java:analyzeStorage(246)) - The storage directory /workdir/hadoop-ozone/integration-test/target/test-dir/MiniOzoneClusterImpl-37ef80a0-c7b2-4a5a-9454-a4bcd92af4bb/datanode-2/data/ratis/ea83e6af-74fd-4d0d-9f3b-29f9f8f5c47f does not exist. Creating ...
2019-09-26 16:01:43,842 [pool-419-thread-1] INFO  server.RaftServerConfigKeys (ConfUtils.java:logGet(43)) - raft.server.rpcslowness.timeout = 120s (custom)
2019-09-26 16:01:43,842 [pool-409-thread-1] INFO  impl.RaftServerImpl (RaftServerImpl.java:<init>(95)) - 8313d97f-2d94-4d1e-92c6-63f4a9fb5f70: new RaftServerImpl for group-29F9F8F5C47F:[9f94f691-0884-4444-930f-fe6b174506dd:192.168.30.25:38956, 8313d97f-2d94-4d1e-92c6-63f4a9fb5f70:192.168.30.25:35781, 78fe6ec9-8553-4a78-a89d-2d8ec94d0a0a:192.168.30.25:34653] with ContainerStateMachine:uninitialized
2019-09-26 16:01:43,842 [pool-419-thread-1] INFO  server.RaftServerConfigKeys (ConfUtils.java:logGet(43)) - raft.server.sleep.deviation.threshold = 300 (default)
2019-09-26 16:01:43,842 [pool-409-thread-1] INFO  server.RaftServerConfigKeys (ConfUtils.java:logGet(43)) - raft.server.rpc.timeout.min = 5s (custom)
2019-09-26 16:01:43,842 [pool-419-thread-1] INFO  server.RaftServerConfigKeys (ConfUtils.java:logGet(43)) - raft.server.log.appender.install.snapshot.enabled = false (custom)
2019-09-26 16:01:43,842 [pool-409-thread-1] INFO  server.RaftServerConfigKeys (ConfUtils.java:logGet(43)) - raft.server.rpc.timeout.max = 5200ms (custom)
2019-09-26 16:01:43,842 [pool-419-thread-1] INFO  impl.RaftServerImpl (ServerState.java:<init>(103)) - 78fe6ec9-8553-4a78-a89d-2d8ec94d0a0a@group-29F9F8F5C47F: ConfigurationManager, init=-1: [9f94f691-0884-4444-930f-fe6b174506dd:192.168.30.25:38956, 8313d97f-2d94-4d1e-92c6-63f4a9fb5f70:192.168.30.25:35781, 78fe6ec9-8553-4a78-a89d-2d8ec94d0a0a:192.168.30.25:34653], old=null, confs=<EMPTY_MAP>
2019-09-26 16:01:43,842 [pool-409-thread-1] INFO  server.RaftServerConfigKeys (ConfUtils.java:logGet(43)) - raft.server.rpcslowness.timeout = 120s (custom)
2019-09-26 16:01:43,843 [pool-419-thread-1] INFO  server.RaftServerConfigKeys (ConfUtils.java:logGet(43)) - raft.server.storage.dir = [/workdir/hadoop-ozone/integration-test/target/test-dir/MiniOzoneClusterImpl-37ef80a0-c7b2-4a5a-9454-a4bcd92af4bb/datanode-1/data/ratis] (custom)
2019-09-26 16:01:43,843 [pool-409-thread-1] INFO  server.RaftServerConfigKeys (ConfUtils.java:logGet(43)) - raft.server.sleep.deviation.threshold = 300 (default)
2019-09-26 16:01:43,843 [pool-409-thread-1] INFO  server.RaftServerConfigKeys (ConfUtils.java:logGet(43)) - raft.server.log.appender.install.snapshot.enabled = false (custom)
2019-09-26 16:01:43,843 [pool-419-thread-1] INFO  storage.RaftStorageDirectory (RaftStorageDirectory.java:analyzeStorage(246)) - The storage directory /workdir/hadoop-ozone/integration-test/target/test-dir/MiniOzoneClusterImpl-37ef80a0-c7b2-4a5a-9454-a4bcd92af4bb/datanode-1/data/ratis/ea83e6af-74fd-4d0d-9f3b-29f9f8f5c47f does not exist. Creating ...
2019-09-26 16:01:43,843 [pool-409-thread-1] INFO  impl.RaftServerImpl (ServerState.java:<init>(103)) - 8313d97f-2d94-4d1e-92c6-63f4a9fb5f70@group-29F9F8F5C47F: ConfigurationManager, init=-1: [9f94f691-0884-4444-930f-fe6b174506dd:192.168.30.25:38956, 8313d97f-2d94-4d1e-92c6-63f4a9fb5f70:192.168.30.25:35781, 78fe6ec9-8553-4a78-a89d-2d8ec94d0a0a:192.168.30.25:34653], old=null, confs=<EMPTY_MAP>
2019-09-26 16:01:43,843 [pool-409-thread-1] INFO  server.RaftServerConfigKeys (ConfUtils.java:logGet(43)) - raft.server.storage.dir = [/workdir/hadoop-ozone/integration-test/target/test-dir/MiniOzoneClusterImpl-37ef80a0-c7b2-4a5a-9454-a4bcd92af4bb/datanode-0/data/ratis] (custom)
2019-09-26 16:01:43,844 [pool-409-thread-1] INFO  storage.RaftStorageDirectory (RaftStorageDirectory.java:analyzeStorage(246)) - The storage directory /workdir/hadoop-ozone/integration-test/target/test-dir/MiniOzoneClusterImpl-37ef80a0-c7b2-4a5a-9454-a4bcd92af4bb/datanode-0/data/ratis/ea83e6af-74fd-4d0d-9f3b-29f9f8f5c47f does not exist. Creating ...
2019-09-26 16:01:43,855 [pool-429-thread-1] INFO  storage.RaftStorageDirectory (RaftStorageDirectory.java:tryLock(328)) - Lock on /workdir/hadoop-ozone/integration-test/target/test-dir/MiniOzoneClusterImpl-37ef80a0-c7b2-4a5a-9454-a4bcd92af4bb/datanode-2/data/ratis/ea83e6af-74fd-4d0d-9f3b-29f9f8f5c47f/in_use.lock acquired by nodename 22057@pr-hdds-2149-6mrrv-456159840
2019-09-26 16:01:43,855 [pool-409-thread-1] INFO  storage.RaftStorageDirectory (RaftStorageDirectory.java:tryLock(328)) - Lock on /workdir/hadoop-ozone/integration-test/target/test-dir/MiniOzoneClusterImpl-37ef80a0-c7b2-4a5a-9454-a4bcd92af4bb/datanode-0/data/ratis/ea83e6af-74fd-4d0d-9f3b-29f9f8f5c47f/in_use.lock acquired by nodename 22057@pr-hdds-2149-6mrrv-456159840
2019-09-26 16:01:43,855 [pool-419-thread-1] INFO  storage.RaftStorageDirectory (RaftStorageDirectory.java:tryLock(328)) - Lock on /workdir/hadoop-ozone/integration-test/target/test-dir/MiniOzoneClusterImpl-37ef80a0-c7b2-4a5a-9454-a4bcd92af4bb/datanode-1/data/ratis/ea83e6af-74fd-4d0d-9f3b-29f9f8f5c47f/in_use.lock acquired by nodename 22057@pr-hdds-2149-6mrrv-456159840
2019-09-26 16:01:43,868 [pool-429-thread-1] INFO  storage.RaftStorage (RaftStorage.java:format(72)) - Storage directory /workdir/hadoop-ozone/integration-test/target/test-dir/MiniOzoneClusterImpl-37ef80a0-c7b2-4a5a-9454-a4bcd92af4bb/datanode-2/data/ratis/ea83e6af-74fd-4d0d-9f3b-29f9f8f5c47f has been successfully formatted.
2019-09-26 16:01:43,869 [pool-409-thread-1] INFO  storage.RaftStorage (RaftStorage.java:format(72)) - Storage directory /workdir/hadoop-ozone/integration-test/target/test-dir/MiniOzoneClusterImpl-37ef80a0-c7b2-4a5a-9454-a4bcd92af4bb/datanode-0/data/ratis/ea83e6af-74fd-4d0d-9f3b-29f9f8f5c47f has been successfully formatted.
2019-09-26 16:01:43,868 [pool-419-thread-1] INFO  storage.RaftStorage (RaftStorage.java:format(72)) - Storage directory /workdir/hadoop-ozone/integration-test/target/test-dir/MiniOzoneClusterImpl-37ef80a0-c7b2-4a5a-9454-a4bcd92af4bb/datanode-1/data/ratis/ea83e6af-74fd-4d0d-9f3b-29f9f8f5c47f has been successfully formatted.
2019-09-26 16:01:43,869 [pool-429-thread-1] INFO  ratis.ContainerStateMachine (ContainerStateMachine.java:loadSnapshot(230)) - group-29F9F8F5C47F: The snapshot info is null. Setting the last applied indexto:(t:0, i:~)
2019-09-26 16:01:43,869 [pool-419-thread-1] INFO  ratis.ContainerStateMachine (ContainerStateMachine.java:loadSnapshot(230)) - group-29F9F8F5C47F: The snapshot info is null. Setting the last applied indexto:(t:0, i:~)
2019-09-26 16:01:43,869 [pool-409-thread-1] INFO  ratis.ContainerStateMachine (ContainerStateMachine.java:loadSnapshot(230)) - group-29F9F8F5C47F: The snapshot info is null. Setting the last applied indexto:(t:0, i:~)
2019-09-26 16:01:43,869 [pool-419-thread-1] INFO  server.RaftServerConfigKeys (ConfUtils.java:logGet(43)) - raft.server.notification.no-leader.timeout = 120s (custom)
2019-09-26 16:01:43,869 [pool-429-thread-1] INFO  server.RaftServerConfigKeys (ConfUtils.java:logGet(43)) - raft.server.notification.no-leader.timeout = 120s (custom)
2019-09-26 16:01:43,869 [pool-419-thread-1] INFO  server.RaftServerConfigKeys (ConfUtils.java:logGet(43)) - raft.server.log.use.memory = false (default)
2019-09-26 16:01:43,869 [pool-409-thread-1] INFO  server.RaftServerConfigKeys (ConfUtils.java:logGet(43)) - raft.server.notification.no-leader.timeout = 120s (custom)
2019-09-26 16:01:43,870 [pool-419-thread-1] INFO  server.RaftServerConfigKeys (ConfUtils.java:logGet(43)) - raft.server.log.purge.gap = 1000000 (custom)
2019-09-26 16:01:43,870 [pool-429-thread-1] INFO  server.RaftServerConfigKeys (ConfUtils.java:logGet(43)) - raft.server.log.use.memory = false (default)
2019-09-26 16:01:43,870 [pool-419-thread-1] INFO  server.RaftServerConfigKeys (ConfUtils.java:logGet(43)) - raft.server.log.appender.buffer.byte-limit = 33554432 (custom)
2019-09-26 16:01:43,870 [pool-409-thread-1] INFO  server.RaftServerConfigKeys (ConfUtils.java:logGet(43)) - raft.server.log.use.memory = false (default)
2019-09-26 16:01:43,870 [pool-419-thread-1] INFO  server.RaftServerConfigKeys (ConfUtils.java:logGet(43)) - raft.server.log.segment.size.max = 1048576 (custom)
2019-09-26 16:01:43,870 [pool-429-thread-1] INFO  server.RaftServerConfigKeys (ConfUtils.java:logGet(43)) - raft.server.log.purge.gap = 1000000 (custom)
2019-09-26 16:01:43,870 [pool-419-thread-1] INFO  server.RaftServerConfigKeys (ConfUtils.java:logGet(43)) - raft.server.log.segment.cache.num.max = 2 (custom)
2019-09-26 16:01:43,870 [pool-409-thread-1] INFO  server.RaftServerConfigKeys (ConfUtils.java:logGet(43)) - raft.server.log.purge.gap = 1000000 (custom)
2019-09-26 16:01:43,871 [pool-419-thread-1] INFO  segmented.SegmentedRaftLogWorker (SegmentedRaftLogWorker.java:<init>(172)) - new 78fe6ec9-8553-4a78-a89d-2d8ec94d0a0a@group-29F9F8F5C47F-SegmentedRaftLogWorker for RaftStorage:Storage Directory /workdir/hadoop-ozone/integration-test/target/test-dir/MiniOzoneClusterImpl-37ef80a0-c7b2-4a5a-9454-a4bcd92af4bb/datanode-1/data/ratis/ea83e6af-74fd-4d0d-9f3b-29f9f8f5c47f
2019-09-26 16:01:43,871 [pool-429-thread-1] INFO  server.RaftServerConfigKeys (ConfUtils.java:logGet(43)) - raft.server.log.appender.buffer.byte-limit = 33554432 (custom)
2019-09-26 16:01:43,871 [pool-419-thread-1] INFO  server.RaftServerConfigKeys (ConfUtils.java:logGet(43)) - raft.server.log.queue.byte-limit = 2147483647 (custom)
2019-09-26 16:01:43,871 [pool-419-thread-1] INFO  server.RaftServerConfigKeys (ConfUtils.java:logGet(43)) - raft.server.log.queue.element-limit = 1024 (custom)
2019-09-26 16:01:43,871 [pool-409-thread-1] INFO  server.RaftServerConfigKeys (ConfUtils.java:logGet(43)) - raft.server.log.appender.buffer.byte-limit = 33554432 (custom)
2019-09-26 16:01:43,871 [pool-419-thread-1] INFO  server.RaftServerConfigKeys (ConfUtils.java:logGet(43)) - raft.server.log.segment.size.max = 1048576 (custom)
2019-09-26 16:01:43,871 [pool-429-thread-1] INFO  server.RaftServerConfigKeys (ConfUtils.java:logGet(43)) - raft.server.log.segment.size.max = 1048576 (custom)
2019-09-26 16:01:43,872 [pool-419-thread-1] INFO  server.RaftServerConfigKeys (ConfUtils.java:logGet(43)) - raft.server.log.preallocated.size = 16384 (custom)
2019-09-26 16:01:43,872 [pool-409-thread-1] INFO  server.RaftServerConfigKeys (ConfUtils.java:logGet(43)) - raft.server.log.segment.size.max = 1048576 (custom)
2019-09-26 16:01:43,872 [pool-419-thread-1] INFO  server.RaftServerConfigKeys (ConfUtils.java:logGet(43)) - raft.server.log.write.buffer.size = 33554432 (custom)
2019-09-26 16:01:43,872 [pool-429-thread-1] INFO  server.RaftServerConfigKeys (ConfUtils.java:logGet(43)) - raft.server.log.segment.cache.num.max = 2 (custom)
2019-09-26 16:01:43,872 [pool-419-thread-1] INFO  server.RaftServerConfigKeys (ConfUtils.java:logGet(43)) - raft.server.log.force.sync.num = 128 (default)
2019-09-26 16:01:43,872 [pool-409-thread-1] INFO  server.RaftServerConfigKeys (ConfUtils.java:logGet(43)) - raft.server.log.segment.cache.num.max = 2 (custom)
2019-09-26 16:01:43,872 [pool-419-thread-1] INFO  server.RaftServerConfigKeys (ConfUtils.java:logGet(43)) - raft.server.log.statemachine.data.sync = true (default)
2019-09-26 16:01:43,872 [pool-429-thread-1] INFO  segmented.SegmentedRaftLogWorker (SegmentedRaftLogWorker.java:<init>(172)) - new 9f94f691-0884-4444-930f-fe6b174506dd@group-29F9F8F5C47F-SegmentedRaftLogWorker for RaftStorage:Storage Directory /workdir/hadoop-ozone/integration-test/target/test-dir/MiniOzoneClusterImpl-37ef80a0-c7b2-4a5a-9454-a4bcd92af4bb/datanode-2/data/ratis/ea83e6af-74fd-4d0d-9f3b-29f9f8f5c47f
2019-09-26 16:01:43,873 [pool-419-thread-1] INFO  server.RaftServerConfigKeys (ConfUtils.java:logGet(43)) - raft.server.log.statemachine.data.sync.timeout = 10s (default)
2019-09-26 16:01:43,873 [pool-409-thread-1] INFO  segmented.SegmentedRaftLogWorker (SegmentedRaftLogWorker.java:<init>(172)) - new 8313d97f-2d94-4d1e-92c6-63f4a9fb5f70@group-29F9F8F5C47F-SegmentedRaftLogWorker for RaftStorage:Storage Directory /workdir/hadoop-ozone/integration-test/target/test-dir/MiniOzoneClusterImpl-37ef80a0-c7b2-4a5a-9454-a4bcd92af4bb/datanode-0/data/ratis/ea83e6af-74fd-4d0d-9f3b-29f9f8f5c47f
2019-09-26 16:01:43,873 [pool-419-thread-1] INFO  server.RaftServerConfigKeys (ConfUtils.java:logGet(43)) - raft.server.log.statemachine.data.sync.timeout.retry = -1 (default)
2019-09-26 16:01:43,873 [pool-429-thread-1] INFO  server.RaftServerConfigKeys (ConfUtils.java:logGet(43)) - raft.server.log.queue.byte-limit = 2147483647 (custom)
2019-09-26 16:01:43,873 [pool-419-thread-1] INFO  server.RaftServerConfigKeys (ConfUtils.java:logGet(43)) - raft.server.log.statemachine.data.caching.enabled = true (custom)
2019-09-26 16:01:43,873 [pool-409-thread-1] INFO  server.RaftServerConfigKeys (ConfUtils.java:logGet(43)) - raft.server.log.queue.byte-limit = 2147483647 (custom)
2019-09-26 16:01:43,874 [pool-419-thread-1] INFO  segmented.SegmentedRaftLogWorker (SegmentedRaftLogWorker.java:lambda$new$0(132)) - 78fe6ec9-8553-4a78-a89d-2d8ec94d0a0a@group-29F9F8F5C47F-SegmentedRaftLogWorker: flushIndex: setUnconditionally 0 -> -1
2019-09-26 16:01:43,873 [pool-429-thread-1] INFO  server.RaftServerConfigKeys (ConfUtils.java:logGet(43)) - raft.server.log.queue.element-limit = 1024 (custom)
2019-09-26 16:01:43,874 [pool-409-thread-1] INFO  server.RaftServerConfigKeys (ConfUtils.java:logGet(43)) - raft.server.log.queue.element-limit = 1024 (custom)
2019-09-26 16:01:43,874 [pool-429-thread-1] INFO  server.RaftServerConfigKeys (ConfUtils.java:logGet(43)) - raft.server.log.segment.size.max = 1048576 (custom)
2019-09-26 16:01:43,874 [pool-419-thread-1] INFO  server.RaftServerConfigKeys (ConfUtils.java:logGet(43)) - raft.server.snapshot.auto.trigger.enabled = true (custom)
2019-09-26 16:01:43,874 [pool-429-thread-1] INFO  server.RaftServerConfigKeys (ConfUtils.java:logGet(43)) - raft.server.log.preallocated.size = 16384 (custom)
2019-09-26 16:01:43,874 [pool-409-thread-1] INFO  server.RaftServerConfigKeys (ConfUtils.java:logGet(43)) - raft.server.log.segment.size.max = 1048576 (custom)
2019-09-26 16:01:43,874 [pool-429-thread-1] INFO  server.RaftServerConfigKeys (ConfUtils.java:logGet(43)) - raft.server.log.write.buffer.size = 33554432 (custom)
2019-09-26 16:01:43,875 [pool-429-thread-1] INFO  server.RaftServerConfigKeys (ConfUtils.java:logGet(43)) - raft.server.log.force.sync.num = 128 (default)
2019-09-26 16:01:43,874 [pool-419-thread-1] INFO  server.RaftServerConfigKeys (ConfUtils.java:logGet(43)) - raft.server.snapshot.auto.trigger.threshold = 10000 (custom)
2019-09-26 16:01:43,875 [pool-429-thread-1] INFO  server.RaftServerConfigKeys (ConfUtils.java:logGet(43)) - raft.server.log.statemachine.data.sync = true (default)
2019-09-26 16:01:43,875 [pool-409-thread-1] INFO  server.RaftServerConfigKeys (ConfUtils.java:logGet(43)) - raft.server.log.preallocated.size = 16384 (custom)
2019-09-26 16:01:43,875 [pool-429-thread-1] INFO  server.RaftServerConfigKeys (ConfUtils.java:logGet(43)) - raft.server.log.statemachine.data.sync.timeout = 10s (default)
2019-09-26 16:01:43,875 [pool-429-thread-1] INFO  server.RaftServerConfigKeys (ConfUtils.java:logGet(43)) - raft.server.log.statemachine.data.sync.timeout.retry = -1 (default)
2019-09-26 16:01:43,875 [pool-419-thread-1] INFO  server.RaftServerConfigKeys (ConfUtils.java:logGet(43)) - raft.server.snapshot.retention.num.files = 5 (custom)
2019-09-26 16:01:43,876 [pool-429-thread-1] INFO  server.RaftServerConfigKeys (ConfUtils.java:logGet(43)) - raft.server.log.statemachine.data.caching.enabled = true (custom)
2019-09-26 16:01:43,875 [pool-409-thread-1] INFO  server.RaftServerConfigKeys (ConfUtils.java:logGet(43)) - raft.server.log.write.buffer.size = 33554432 (custom)
2019-09-26 16:01:43,876 [pool-429-thread-1] INFO  segmented.SegmentedRaftLogWorker (SegmentedRaftLogWorker.java:lambda$new$0(132)) - 9f94f691-0884-4444-930f-fe6b174506dd@group-29F9F8F5C47F-SegmentedRaftLogWorker: flushIndex: setUnconditionally 0 -> -1
2019-09-26 16:01:43,876 [pool-419-thread-1] INFO  server.RaftServerConfigKeys (ConfUtils.java:logGet(43)) - raft.server.retrycache.expirytime = 600000ms (custom)
2019-09-26 16:01:43,876 [pool-429-thread-1] INFO  server.RaftServerConfigKeys (ConfUtils.java:logGet(43)) - raft.server.snapshot.auto.trigger.enabled = true (custom)
2019-09-26 16:01:43,876 [pool-429-thread-1] INFO  server.RaftServerConfigKeys (ConfUtils.java:logGet(43)) - raft.server.snapshot.auto.trigger.threshold = 10000 (custom)
2019-09-26 16:01:43,876 [pool-409-thread-1] INFO  server.RaftServerConfigKeys (ConfUtils.java:logGet(43)) - raft.server.log.force.sync.num = 128 (default)
2019-09-26 16:01:43,877 [pool-429-thread-1] INFO  server.RaftServerConfigKeys (ConfUtils.java:logGet(43)) - raft.server.snapshot.retention.num.files = 5 (custom)
2019-09-26 16:01:43,877 [pool-409-thread-1] INFO  server.RaftServerConfigKeys (ConfUtils.java:logGet(43)) - raft.server.log.statemachine.data.sync = true (default)
2019-09-26 16:01:43,877 [pool-429-thread-1] INFO  server.RaftServerConfigKeys (ConfUtils.java:logGet(43)) - raft.server.retrycache.expirytime = 600000ms (custom)
2019-09-26 16:01:43,877 [pool-409-thread-1] INFO  server.RaftServerConfigKeys (ConfUtils.java:logGet(43)) - raft.server.log.statemachine.data.sync.timeout = 10s (default)
2019-09-26 16:01:43,877 [pool-409-thread-1] INFO  server.RaftServerConfigKeys (ConfUtils.java:logGet(43)) - raft.server.log.statemachine.data.sync.timeout.retry = -1 (default)
2019-09-26 16:01:43,878 [pool-409-thread-1] INFO  server.RaftServerConfigKeys (ConfUtils.java:logGet(43)) - raft.server.log.statemachine.data.caching.enabled = true (custom)
2019-09-26 16:01:43,878 [pool-409-thread-1] INFO  segmented.SegmentedRaftLogWorker (SegmentedRaftLogWorker.java:lambda$new$0(132)) - 8313d97f-2d94-4d1e-92c6-63f4a9fb5f70@group-29F9F8F5C47F-SegmentedRaftLogWorker: flushIndex: setUnconditionally 0 -> -1
2019-09-26 16:01:43,878 [pool-419-thread-1] INFO  impl.RaftServerImpl (RaftServerImpl.java:start(185)) - 78fe6ec9-8553-4a78-a89d-2d8ec94d0a0a@group-29F9F8F5C47F: start as a follower, conf=-1: [9f94f691-0884-4444-930f-fe6b174506dd:192.168.30.25:38956, 8313d97f-2d94-4d1e-92c6-63f4a9fb5f70:192.168.30.25:35781, 78fe6ec9-8553-4a78-a89d-2d8ec94d0a0a:192.168.30.25:34653], old=null
2019-09-26 16:01:43,878 [pool-409-thread-1] INFO  server.RaftServerConfigKeys (ConfUtils.java:logGet(43)) - raft.server.snapshot.auto.trigger.enabled = true (custom)
2019-09-26 16:01:43,878 [pool-419-thread-1] INFO  impl.RaftServerImpl (RaftServerImpl.java:setRole(174)) - 78fe6ec9-8553-4a78-a89d-2d8ec94d0a0a@group-29F9F8F5C47F: changes role from      null to FOLLOWER at term 0 for startAsFollower
2019-09-26 16:01:43,878 [pool-409-thread-1] INFO  server.RaftServerConfigKeys (ConfUtils.java:logGet(43)) - raft.server.snapshot.auto.trigger.threshold = 10000 (custom)
2019-09-26 16:01:43,879 [pool-419-thread-1] INFO  impl.RoleInfo (RoleInfo.java:updateAndGet(143)) - 78fe6ec9-8553-4a78-a89d-2d8ec94d0a0a: start FollowerState
2019-09-26 16:01:43,879 [pool-429-thread-1] INFO  impl.RaftServerImpl (RaftServerImpl.java:start(185)) - 9f94f691-0884-4444-930f-fe6b174506dd@group-29F9F8F5C47F: start as a follower, conf=-1: [9f94f691-0884-4444-930f-fe6b174506dd:192.168.30.25:38956, 8313d97f-2d94-4d1e-92c6-63f4a9fb5f70:192.168.30.25:35781, 78fe6ec9-8553-4a78-a89d-2d8ec94d0a0a:192.168.30.25:34653], old=null
2019-09-26 16:01:43,879 [pool-409-thread-1] INFO  server.RaftServerConfigKeys (ConfUtils.java:logGet(43)) - raft.server.snapshot.retention.num.files = 5 (custom)
2019-09-26 16:01:43,879 [pool-419-thread-1] INFO  util.JmxRegister (JmxRegister.java:tryRegister(44)) - Successfully registered JMX Bean with object name Ratis:service=RaftServer,group=group-29F9F8F5C47F,id=78fe6ec9-8553-4a78-a89d-2d8ec94d0a0a
2019-09-26 16:01:43,879 [pool-429-thread-1] INFO  impl.RaftServerImpl (RaftServerImpl.java:setRole(174)) - 9f94f691-0884-4444-930f-fe6b174506dd@group-29F9F8F5C47F: changes role from      null to FOLLOWER at term 0 for startAsFollower
2019-09-26 16:01:43,879 [pool-409-thread-1] INFO  server.RaftServerConfigKeys (ConfUtils.java:logGet(43)) - raft.server.retrycache.expirytime = 600000ms (custom)
2019-09-26 16:01:43,879 [pool-429-thread-1] INFO  impl.RoleInfo (RoleInfo.java:updateAndGet(143)) - 9f94f691-0884-4444-930f-fe6b174506dd: start FollowerState
2019-09-26 16:01:43,891 [pool-429-thread-1] INFO  util.JmxRegister (JmxRegister.java:tryRegister(44)) - Successfully registered JMX Bean with object name Ratis:service=RaftServer,group=group-29F9F8F5C47F,id=9f94f691-0884-4444-930f-fe6b174506dd
2019-09-26 16:01:43,900 [IPC Server handler 1 on 46178] INFO  net.NetworkTopology (NetworkTopologyImpl.java:add(111)) - Added a new node: /default-rack/3fb57adb-a0d1-4f11-b6a1-e7035e94dbe3
2019-09-26 16:01:43,900 [IPC Server handler 1 on 46178] INFO  node.SCMNodeManager (SCMNodeManager.java:register(266)) - Registered Data node : 3fb57adb-a0d1-4f11-b6a1-e7035e94dbe3{ip: 192.168.30.25, host: pr-hdds-2149-6mrrv-456159840, networkLocation: /default-rack, certSerialId: null}
2019-09-26 16:01:43,901 [pool-409-thread-1] INFO  impl.RaftServerImpl (RaftServerImpl.java:start(185)) - 8313d97f-2d94-4d1e-92c6-63f4a9fb5f70@group-29F9F8F5C47F: start as a follower, conf=-1: [9f94f691-0884-4444-930f-fe6b174506dd:192.168.30.25:38956, 8313d97f-2d94-4d1e-92c6-63f4a9fb5f70:192.168.30.25:35781, 78fe6ec9-8553-4a78-a89d-2d8ec94d0a0a:192.168.30.25:34653], old=null
2019-09-26 16:01:43,901 [pool-409-thread-1] INFO  impl.RaftServerImpl (RaftServerImpl.java:setRole(174)) - 8313d97f-2d94-4d1e-92c6-63f4a9fb5f70@group-29F9F8F5C47F: changes role from      null to FOLLOWER at term 0 for startAsFollower
2019-09-26 16:01:43,901 [pool-409-thread-1] INFO  impl.RoleInfo (RoleInfo.java:updateAndGet(143)) - 8313d97f-2d94-4d1e-92c6-63f4a9fb5f70: start FollowerState
2019-09-26 16:01:43,902 [pool-409-thread-1] INFO  util.JmxRegister (JmxRegister.java:tryRegister(44)) - Successfully registered JMX Bean with object name Ratis:service=RaftServer,group=group-29F9F8F5C47F,id=8313d97f-2d94-4d1e-92c6-63f4a9fb5f70
2019-09-26 16:01:43,904 [RatisPipelineUtilsThread] INFO  pipeline.PipelineStateManager (PipelineStateManager.java:addPipeline(56)) - Created pipeline Pipeline[ Id: ea83e6af-74fd-4d0d-9f3b-29f9f8f5c47f, Nodes: 78fe6ec9-8553-4a78-a89d-2d8ec94d0a0a{ip: 192.168.30.25, host: pr-hdds-2149-6mrrv-456159840, networkLocation: /default-rack, certSerialId: null}9f94f691-0884-4444-930f-fe6b174506dd{ip: 192.168.30.25, host: pr-hdds-2149-6mrrv-456159840, networkLocation: /default-rack, certSerialId: null}8313d97f-2d94-4d1e-92c6-63f4a9fb5f70{ip: 192.168.30.25, host: pr-hdds-2149-6mrrv-456159840, networkLocation: /default-rack, certSerialId: null}, Type:RATIS, Factor:THREE, State:OPEN]
2019-09-26 16:01:43,953 [IPC Server handler 13 on 46178] INFO  net.NetworkTopology (NetworkTopologyImpl.java:add(111)) - Added a new node: /default-rack/acecd6ed-521c-4847-90c2-b671590b4ee4
2019-09-26 16:01:43,953 [IPC Server handler 13 on 46178] INFO  node.SCMNodeManager (SCMNodeManager.java:register(266)) - Registered Data node : acecd6ed-521c-4847-90c2-b671590b4ee4{ip: 192.168.30.25, host: pr-hdds-2149-6mrrv-456159840, networkLocation: /default-rack, certSerialId: null}
2019-09-26 16:01:43,963 [grpc-default-executor-9] INFO  impl.RaftServerProxy (RaftServerProxy.java:addNew(89)) - 677fedf0-f3ff-4f0d-bf3f-efe50b6efefa: addNew group-733BC87D5D13:[677fedf0-f3ff-4f0d-bf3f-efe50b6efefa:192.168.30.25:33755] returns group-733BC87D5D13:java.util.concurrent.CompletableFuture@268c8d6d[Not completed]
2019-09-26 16:01:43,968 [pool-439-thread-1] INFO  impl.RaftServerImpl (RaftServerImpl.java:<init>(95)) - 677fedf0-f3ff-4f0d-bf3f-efe50b6efefa: new RaftServerImpl for group-733BC87D5D13:[677fedf0-f3ff-4f0d-bf3f-efe50b6efefa:192.168.30.25:33755] with ContainerStateMachine:uninitialized
2019-09-26 16:01:43,968 [pool-439-thread-1] INFO  server.RaftServerConfigKeys (ConfUtils.java:logGet(43)) - raft.server.rpc.timeout.min = 5s (custom)
2019-09-26 16:01:43,968 [pool-439-thread-1] INFO  server.RaftServerConfigKeys (ConfUtils.java:logGet(43)) - raft.server.rpc.timeout.max = 5200ms (custom)
2019-09-26 16:01:43,968 [pool-439-thread-1] INFO  server.RaftServerConfigKeys (ConfUtils.java:logGet(43)) - raft.server.rpcslowness.timeout = 120s (custom)
2019-09-26 16:01:43,968 [pool-439-thread-1] INFO  server.RaftServerConfigKeys (ConfUtils.java:logGet(43)) - raft.server.sleep.deviation.threshold = 300 (default)
2019-09-26 16:01:43,969 [pool-439-thread-1] INFO  server.RaftServerConfigKeys (ConfUtils.java:logGet(43)) - raft.server.log.appender.install.snapshot.enabled = false (custom)
2019-09-26 16:01:43,969 [pool-439-thread-1] INFO  impl.RaftServerImpl (ServerState.java:<init>(103)) - 677fedf0-f3ff-4f0d-bf3f-efe50b6efefa@group-733BC87D5D13: ConfigurationManager, init=-1: [677fedf0-f3ff-4f0d-bf3f-efe50b6efefa:192.168.30.25:33755], old=null, confs=<EMPTY_MAP>
2019-09-26 16:01:43,969 [pool-439-thread-1] INFO  server.RaftServerConfigKeys (ConfUtils.java:logGet(43)) - raft.server.storage.dir = [/workdir/hadoop-ozone/integration-test/target/test-dir/MiniOzoneClusterImpl-37ef80a0-c7b2-4a5a-9454-a4bcd92af4bb/datanode-3/data/ratis] (custom)
2019-09-26 16:01:43,969 [pool-439-thread-1] INFO  storage.RaftStorageDirectory (RaftStorageDirectory.java:analyzeStorage(246)) - The storage directory /workdir/hadoop-ozone/integration-test/target/test-dir/MiniOzoneClusterImpl-37ef80a0-c7b2-4a5a-9454-a4bcd92af4bb/datanode-3/data/ratis/6b575f32-7037-4ac6-87aa-733bc87d5d13 does not exist. Creating ...
2019-09-26 16:01:43,983 [pool-439-thread-1] INFO  storage.RaftStorageDirectory (RaftStorageDirectory.java:tryLock(328)) - Lock on /workdir/hadoop-ozone/integration-test/target/test-dir/MiniOzoneClusterImpl-37ef80a0-c7b2-4a5a-9454-a4bcd92af4bb/datanode-3/data/ratis/6b575f32-7037-4ac6-87aa-733bc87d5d13/in_use.lock acquired by nodename 22057@pr-hdds-2149-6mrrv-456159840
2019-09-26 16:01:43,996 [pool-439-thread-1] INFO  storage.RaftStorage (RaftStorage.java:format(72)) - Storage directory /workdir/hadoop-ozone/integration-test/target/test-dir/MiniOzoneClusterImpl-37ef80a0-c7b2-4a5a-9454-a4bcd92af4bb/datanode-3/data/ratis/6b575f32-7037-4ac6-87aa-733bc87d5d13 has been successfully formatted.
2019-09-26 16:01:43,996 [pool-439-thread-1] INFO  ratis.ContainerStateMachine (ContainerStateMachine.java:loadSnapshot(230)) - group-733BC87D5D13: The snapshot info is null. Setting the last applied indexto:(t:0, i:~)
2019-09-26 16:01:43,997 [pool-439-thread-1] INFO  server.RaftServerConfigKeys (ConfUtils.java:logGet(43)) - raft.server.notification.no-leader.timeout = 120s (custom)
2019-09-26 16:01:43,997 [pool-439-thread-1] INFO  server.RaftServerConfigKeys (ConfUtils.java:logGet(43)) - raft.server.log.use.memory = false (default)
2019-09-26 16:01:43,997 [pool-439-thread-1] INFO  server.RaftServerConfigKeys (ConfUtils.java:logGet(43)) - raft.server.log.purge.gap = 1000000 (custom)
2019-09-26 16:01:43,997 [pool-439-thread-1] INFO  server.RaftServerConfigKeys (ConfUtils.java:logGet(43)) - raft.server.log.appender.buffer.byte-limit = 33554432 (custom)
2019-09-26 16:01:43,997 [pool-439-thread-1] INFO  server.RaftServerConfigKeys (ConfUtils.java:logGet(43)) - raft.server.log.segment.size.max = 1048576 (custom)
2019-09-26 16:01:43,997 [pool-439-thread-1] INFO  server.RaftServerConfigKeys (ConfUtils.java:logGet(43)) - raft.server.log.segment.cache.num.max = 2 (custom)
2019-09-26 16:01:43,997 [pool-439-thread-1] INFO  segmented.SegmentedRaftLogWorker (SegmentedRaftLogWorker.java:<init>(172)) - new 677fedf0-f3ff-4f0d-bf3f-efe50b6efefa@group-733BC87D5D13-SegmentedRaftLogWorker for RaftStorage:Storage Directory /workdir/hadoop-ozone/integration-test/target/test-dir/MiniOzoneClusterImpl-37ef80a0-c7b2-4a5a-9454-a4bcd92af4bb/datanode-3/data/ratis/6b575f32-7037-4ac6-87aa-733bc87d5d13
2019-09-26 16:01:43,999 [pool-439-thread-1] INFO  server.RaftServerConfigKeys (ConfUtils.java:logGet(43)) - raft.server.log.queue.byte-limit = 2147483647 (custom)
2019-09-26 16:01:43,999 [pool-439-thread-1] INFO  server.RaftServerConfigKeys (ConfUtils.java:logGet(43)) - raft.server.log.queue.element-limit = 1024 (custom)
2019-09-26 16:01:43,999 [pool-439-thread-1] INFO  server.RaftServerConfigKeys (ConfUtils.java:logGet(43)) - raft.server.log.segment.size.max = 1048576 (custom)
2019-09-26 16:01:43,999 [pool-439-thread-1] INFO  server.RaftServerConfigKeys (ConfUtils.java:logGet(43)) - raft.server.log.preallocated.size = 16384 (custom)
2019-09-26 16:01:44,000 [pool-439-thread-1] INFO  server.RaftServerConfigKeys (ConfUtils.java:logGet(43)) - raft.server.log.write.buffer.size = 33554432 (custom)
2019-09-26 16:01:44,000 [pool-439-thread-1] INFO  server.RaftServerConfigKeys (ConfUtils.java:logGet(43)) - raft.server.log.force.sync.num = 128 (default)
2019-09-26 16:01:44,000 [pool-439-thread-1] INFO  server.RaftServerConfigKeys (ConfUtils.java:logGet(43)) - raft.server.log.statemachine.data.sync = true (default)
2019-09-26 16:01:44,000 [pool-439-thread-1] INFO  server.RaftServerConfigKeys (ConfUtils.java:logGet(43)) - raft.server.log.statemachine.data.sync.timeout = 10s (default)
2019-09-26 16:01:44,000 [pool-439-thread-1] INFO  server.RaftServerConfigKeys (ConfUtils.java:logGet(43)) - raft.server.log.statemachine.data.sync.timeout.retry = -1 (default)
2019-09-26 16:01:44,000 [pool-439-thread-1] INFO  server.RaftServerConfigKeys (ConfUtils.java:logGet(43)) - raft.server.log.statemachine.data.caching.enabled = true (custom)
2019-09-26 16:01:44,001 [pool-439-thread-1] INFO  segmented.SegmentedRaftLogWorker (SegmentedRaftLogWorker.java:lambda$new$0(132)) - 677fedf0-f3ff-4f0d-bf3f-efe50b6efefa@group-733BC87D5D13-SegmentedRaftLogWorker: flushIndex: setUnconditionally 0 -> -1
2019-09-26 16:01:44,001 [pool-439-thread-1] INFO  server.RaftServerConfigKeys (ConfUtils.java:logGet(43)) - raft.server.snapshot.auto.trigger.enabled = true (custom)
2019-09-26 16:01:44,001 [pool-439-thread-1] INFO  server.RaftServerConfigKeys (ConfUtils.java:logGet(43)) - raft.server.snapshot.auto.trigger.threshold = 10000 (custom)
2019-09-26 16:01:44,001 [pool-439-thread-1] INFO  server.RaftServerConfigKeys (ConfUtils.java:logGet(43)) - raft.server.snapshot.retention.num.files = 5 (custom)
2019-09-26 16:01:44,001 [pool-439-thread-1] INFO  server.RaftServerConfigKeys (ConfUtils.java:logGet(43)) - raft.server.retrycache.expirytime = 600000ms (custom)
2019-09-26 16:01:44,003 [pool-439-thread-1] INFO  impl.RaftServerImpl (RaftServerImpl.java:start(185)) - 677fedf0-f3ff-4f0d-bf3f-efe50b6efefa@group-733BC87D5D13: start as a follower, conf=-1: [677fedf0-f3ff-4f0d-bf3f-efe50b6efefa:192.168.30.25:33755], old=null
2019-09-26 16:01:44,003 [pool-439-thread-1] INFO  impl.RaftServerImpl (RaftServerImpl.java:setRole(174)) - 677fedf0-f3ff-4f0d-bf3f-efe50b6efefa@group-733BC87D5D13: changes role from      null to FOLLOWER at term 0 for startAsFollower
2019-09-26 16:01:44,004 [pool-439-thread-1] INFO  impl.RoleInfo (RoleInfo.java:updateAndGet(143)) - 677fedf0-f3ff-4f0d-bf3f-efe50b6efefa: start FollowerState
2019-09-26 16:01:44,004 [pool-439-thread-1] INFO  util.JmxRegister (JmxRegister.java:tryRegister(44)) - Successfully registered JMX Bean with object name Ratis:service=RaftServer,group=group-733BC87D5D13,id=677fedf0-f3ff-4f0d-bf3f-efe50b6efefa
2019-09-26 16:01:44,006 [RatisPipelineUtilsThread] INFO  pipeline.PipelineStateManager (PipelineStateManager.java:addPipeline(56)) - Created pipeline Pipeline[ Id: 6b575f32-7037-4ac6-87aa-733bc87d5d13, Nodes: 677fedf0-f3ff-4f0d-bf3f-efe50b6efefa{ip: 192.168.30.25, host: pr-hdds-2149-6mrrv-456159840, networkLocation: /default-rack, certSerialId: null}, Type:RATIS, Factor:ONE, State:OPEN]
2019-09-26 16:01:44,013 [grpc-default-executor-9] INFO  impl.RaftServerProxy (RaftServerProxy.java:addNew(89)) - acecd6ed-521c-4847-90c2-b671590b4ee4: addNew group-CF6F3017991A:[acecd6ed-521c-4847-90c2-b671590b4ee4:192.168.30.25:37337] returns group-CF6F3017991A:java.util.concurrent.CompletableFuture@71ade6cd[Not completed]
2019-09-26 16:01:44,014 [pool-459-thread-1] INFO  impl.RaftServerImpl (RaftServerImpl.java:<init>(95)) - acecd6ed-521c-4847-90c2-b671590b4ee4: new RaftServerImpl for group-CF6F3017991A:[acecd6ed-521c-4847-90c2-b671590b4ee4:192.168.30.25:37337] with ContainerStateMachine:uninitialized
2019-09-26 16:01:44,014 [pool-459-thread-1] INFO  server.RaftServerConfigKeys (ConfUtils.java:logGet(43)) - raft.server.rpc.timeout.min = 5s (custom)
2019-09-26 16:01:44,014 [pool-459-thread-1] INFO  server.RaftServerConfigKeys (ConfUtils.java:logGet(43)) - raft.server.rpc.timeout.max = 5200ms (custom)
2019-09-26 16:01:44,014 [pool-459-thread-1] INFO  server.RaftServerConfigKeys (ConfUtils.java:logGet(43)) - raft.server.rpcslowness.timeout = 120s (custom)
2019-09-26 16:01:44,014 [pool-459-thread-1] INFO  server.RaftServerConfigKeys (ConfUtils.java:logGet(43)) - raft.server.sleep.deviation.threshold = 300 (default)
2019-09-26 16:01:44,014 [pool-459-thread-1] INFO  server.RaftServerConfigKeys (ConfUtils.java:logGet(43)) - raft.server.log.appender.install.snapshot.enabled = false (custom)
2019-09-26 16:01:44,014 [pool-459-thread-1] INFO  impl.RaftServerImpl (ServerState.java:<init>(103)) - acecd6ed-521c-4847-90c2-b671590b4ee4@group-CF6F3017991A: ConfigurationManager, init=-1: [acecd6ed-521c-4847-90c2-b671590b4ee4:192.168.30.25:37337], old=null, confs=<EMPTY_MAP>
2019-09-26 16:01:44,015 [pool-459-thread-1] INFO  server.RaftServerConfigKeys (ConfUtils.java:logGet(43)) - raft.server.storage.dir = [/workdir/hadoop-ozone/integration-test/target/test-dir/MiniOzoneClusterImpl-37ef80a0-c7b2-4a5a-9454-a4bcd92af4bb/datanode-5/data/ratis] (custom)
2019-09-26 16:01:44,015 [pool-459-thread-1] INFO  storage.RaftStorageDirectory (RaftStorageDirectory.java:analyzeStorage(246)) - The storage directory /workdir/hadoop-ozone/integration-test/target/test-dir/MiniOzoneClusterImpl-37ef80a0-c7b2-4a5a-9454-a4bcd92af4bb/datanode-5/data/ratis/0df59435-2d0e-4e97-ac0c-cf6f3017991a does not exist. Creating ...
2019-09-26 16:01:44,027 [pool-459-thread-1] INFO  storage.RaftStorageDirectory (RaftStorageDirectory.java:tryLock(328)) - Lock on /workdir/hadoop-ozone/integration-test/target/test-dir/MiniOzoneClusterImpl-37ef80a0-c7b2-4a5a-9454-a4bcd92af4bb/datanode-5/data/ratis/0df59435-2d0e-4e97-ac0c-cf6f3017991a/in_use.lock acquired by nodename 22057@pr-hdds-2149-6mrrv-456159840
2019-09-26 16:01:44,040 [pool-459-thread-1] INFO  storage.RaftStorage (RaftStorage.java:format(72)) - Storage directory /workdir/hadoop-ozone/integration-test/target/test-dir/MiniOzoneClusterImpl-37ef80a0-c7b2-4a5a-9454-a4bcd92af4bb/datanode-5/data/ratis/0df59435-2d0e-4e97-ac0c-cf6f3017991a has been successfully formatted.
2019-09-26 16:01:44,040 [pool-459-thread-1] INFO  ratis.ContainerStateMachine (ContainerStateMachine.java:loadSnapshot(230)) - group-CF6F3017991A: The snapshot info is null. Setting the last applied indexto:(t:0, i:~)
2019-09-26 16:01:44,041 [pool-459-thread-1] INFO  server.RaftServerConfigKeys (ConfUtils.java:logGet(43)) - raft.server.notification.no-leader.timeout = 120s (custom)
2019-09-26 16:01:44,041 [pool-459-thread-1] INFO  server.RaftServerConfigKeys (ConfUtils.java:logGet(43)) - raft.server.log.use.memory = false (default)
2019-09-26 16:01:44,041 [pool-459-thread-1] INFO  server.RaftServerConfigKeys (ConfUtils.java:logGet(43)) - raft.server.log.purge.gap = 1000000 (custom)
2019-09-26 16:01:44,041 [pool-459-thread-1] INFO  server.RaftServerConfigKeys (ConfUtils.java:logGet(43)) - raft.server.log.appender.buffer.byte-limit = 33554432 (custom)
2019-09-26 16:01:44,041 [pool-459-thread-1] INFO  server.RaftServerConfigKeys (ConfUtils.java:logGet(43)) - raft.server.log.segment.size.max = 1048576 (custom)
2019-09-26 16:01:44,041 [pool-459-thread-1] INFO  server.RaftServerConfigKeys (ConfUtils.java:logGet(43)) - raft.server.log.segment.cache.num.max = 2 (custom)
2019-09-26 16:01:44,041 [pool-459-thread-1] INFO  segmented.SegmentedRaftLogWorker (SegmentedRaftLogWorker.java:<init>(172)) - new acecd6ed-521c-4847-90c2-b671590b4ee4@group-CF6F3017991A-SegmentedRaftLogWorker for RaftStorage:Storage Directory /workdir/hadoop-ozone/integration-test/target/test-dir/MiniOzoneClusterImpl-37ef80a0-c7b2-4a5a-9454-a4bcd92af4bb/datanode-5/data/ratis/0df59435-2d0e-4e97-ac0c-cf6f3017991a
2019-09-26 16:01:44,043 [pool-459-thread-1] INFO  server.RaftServerConfigKeys (ConfUtils.java:logGet(43)) - raft.server.log.queue.byte-limit = 2147483647 (custom)
2019-09-26 16:01:44,043 [pool-459-thread-1] INFO  server.RaftServerConfigKeys (ConfUtils.java:logGet(43)) - raft.server.log.queue.element-limit = 1024 (custom)
2019-09-26 16:01:44,043 [pool-459-thread-1] INFO  server.RaftServerConfigKeys (ConfUtils.java:logGet(43)) - raft.server.log.segment.size.max = 1048576 (custom)
2019-09-26 16:01:44,043 [pool-459-thread-1] INFO  server.RaftServerConfigKeys (ConfUtils.java:logGet(43)) - raft.server.log.preallocated.size = 16384 (custom)
2019-09-26 16:01:44,043 [pool-459-thread-1] INFO  server.RaftServerConfigKeys (ConfUtils.java:logGet(43)) - raft.server.log.write.buffer.size = 33554432 (custom)
2019-09-26 16:01:44,043 [pool-459-thread-1] INFO  server.RaftServerConfigKeys (ConfUtils.java:logGet(43)) - raft.server.log.force.sync.num = 128 (default)
2019-09-26 16:01:44,043 [pool-459-thread-1] INFO  server.RaftServerConfigKeys (ConfUtils.java:logGet(43)) - raft.server.log.statemachine.data.sync = true (default)
2019-09-26 16:01:44,044 [pool-459-thread-1] INFO  server.RaftServerConfigKeys (ConfUtils.java:logGet(43)) - raft.server.log.statemachine.data.sync.timeout = 10s (default)
2019-09-26 16:01:44,044 [pool-459-thread-1] INFO  server.RaftServerConfigKeys (ConfUtils.java:logGet(43)) - raft.server.log.statemachine.data.sync.timeout.retry = -1 (default)
2019-09-26 16:01:44,044 [pool-459-thread-1] INFO  server.RaftServerConfigKeys (ConfUtils.java:logGet(43)) - raft.server.log.statemachine.data.caching.enabled = true (custom)
2019-09-26 16:01:44,044 [pool-459-thread-1] INFO  segmented.SegmentedRaftLogWorker (SegmentedRaftLogWorker.java:lambda$new$0(132)) - acecd6ed-521c-4847-90c2-b671590b4ee4@group-CF6F3017991A-SegmentedRaftLogWorker: flushIndex: setUnconditionally 0 -> -1
2019-09-26 16:01:44,044 [IPC Server handler 0 on 46178] INFO  net.NetworkTopology (NetworkTopologyImpl.java:add(111)) - Added a new node: /default-rack/92335f2c-6300-4e2c-8b27-b5b19b8ba4b6
2019-09-26 16:01:44,044 [pool-459-thread-1] INFO  server.RaftServerConfigKeys (ConfUtils.java:logGet(43)) - raft.server.snapshot.auto.trigger.enabled = true (custom)
2019-09-26 16:01:44,044 [IPC Server handler 0 on 46178] INFO  node.SCMNodeManager (SCMNodeManager.java:register(266)) - Registered Data node : 92335f2c-6300-4e2c-8b27-b5b19b8ba4b6{ip: 192.168.30.25, host: pr-hdds-2149-6mrrv-456159840, networkLocation: /default-rack, certSerialId: null}
2019-09-26 16:01:44,045 [pool-459-thread-1] INFO  server.RaftServerConfigKeys (ConfUtils.java:logGet(43)) - raft.server.snapshot.auto.trigger.threshold = 10000 (custom)
2019-09-26 16:01:44,045 [main] INFO  ozone.MiniOzoneClusterImpl (MiniOzoneClusterImpl.java:lambda$waitForClusterToBeReady$0(147)) - Cluster is ready. Got 7 of 7 DN Heartbeats.
2019-09-26 16:01:44,045 [pool-459-thread-1] INFO  server.RaftServerConfigKeys (ConfUtils.java:logGet(43)) - raft.server.snapshot.retention.num.files = 5 (custom)
2019-09-26 16:01:44,045 [pool-459-thread-1] INFO  server.RaftServerConfigKeys (ConfUtils.java:logGet(43)) - raft.server.retrycache.expirytime = 600000ms (custom)
2019-09-26 16:01:44,047 [pool-459-thread-1] INFO  impl.RaftServerImpl (RaftServerImpl.java:start(185)) - acecd6ed-521c-4847-90c2-b671590b4ee4@group-CF6F3017991A: start as a follower, conf=-1: [acecd6ed-521c-4847-90c2-b671590b4ee4:192.168.30.25:37337], old=null
2019-09-26 16:01:44,047 [pool-459-thread-1] INFO  impl.RaftServerImpl (RaftServerImpl.java:setRole(174)) - acecd6ed-521c-4847-90c2-b671590b4ee4@group-CF6F3017991A: changes role from      null to FOLLOWER at term 0 for startAsFollower
2019-09-26 16:01:44,047 [pool-459-thread-1] INFO  impl.RoleInfo (RoleInfo.java:updateAndGet(143)) - acecd6ed-521c-4847-90c2-b671590b4ee4: start FollowerState
2019-09-26 16:01:44,047 [pool-459-thread-1] INFO  util.JmxRegister (JmxRegister.java:tryRegister(44)) - Successfully registered JMX Bean with object name Ratis:service=RaftServer,group=group-CF6F3017991A,id=acecd6ed-521c-4847-90c2-b671590b4ee4
2019-09-26 16:01:44,054 [RatisPipelineUtilsThread] INFO  pipeline.PipelineStateManager (PipelineStateManager.java:addPipeline(56)) - Created pipeline Pipeline[ Id: 0df59435-2d0e-4e97-ac0c-cf6f3017991a, Nodes: acecd6ed-521c-4847-90c2-b671590b4ee4{ip: 192.168.30.25, host: pr-hdds-2149-6mrrv-456159840, networkLocation: /default-rack, certSerialId: null}, Type:RATIS, Factor:ONE, State:OPEN]
2019-09-26 16:01:44,063 [grpc-default-executor-9] INFO  impl.RaftServerProxy (RaftServerProxy.java:addNew(89)) - 92335f2c-6300-4e2c-8b27-b5b19b8ba4b6: addNew group-02CE31911551:[92335f2c-6300-4e2c-8b27-b5b19b8ba4b6:192.168.30.25:45713] returns group-02CE31911551:java.util.concurrent.CompletableFuture@3468e1cf[Not completed]
2019-09-26 16:01:44,076 [pool-469-thread-1] INFO  impl.RaftServerImpl (RaftServerImpl.java:<init>(95)) - 92335f2c-6300-4e2c-8b27-b5b19b8ba4b6: new RaftServerImpl for group-02CE31911551:[92335f2c-6300-4e2c-8b27-b5b19b8ba4b6:192.168.30.25:45713] with ContainerStateMachine:uninitialized
2019-09-26 16:01:44,076 [pool-469-thread-1] INFO  server.RaftServerConfigKeys (ConfUtils.java:logGet(43)) - raft.server.rpc.timeout.min = 5s (custom)
2019-09-26 16:01:44,076 [pool-469-thread-1] INFO  server.RaftServerConfigKeys (ConfUtils.java:logGet(43)) - raft.server.rpc.timeout.max = 5200ms (custom)
2019-09-26 16:01:44,076 [pool-469-thread-1] INFO  server.RaftServerConfigKeys (ConfUtils.java:logGet(43)) - raft.server.rpcslowness.timeout = 120s (custom)
2019-09-26 16:01:44,076 [pool-469-thread-1] INFO  server.RaftServerConfigKeys (ConfUtils.java:logGet(43)) - raft.server.sleep.deviation.threshold = 300 (default)
2019-09-26 16:01:44,076 [pool-469-thread-1] INFO  server.RaftServerConfigKeys (ConfUtils.java:logGet(43)) - raft.server.log.appender.install.snapshot.enabled = false (custom)
2019-09-26 16:01:44,077 [pool-469-thread-1] INFO  impl.RaftServerImpl (ServerState.java:<init>(103)) - 92335f2c-6300-4e2c-8b27-b5b19b8ba4b6@group-02CE31911551: ConfigurationManager, init=-1: [92335f2c-6300-4e2c-8b27-b5b19b8ba4b6:192.168.30.25:45713], old=null, confs=<EMPTY_MAP>
2019-09-26 16:01:44,077 [pool-469-thread-1] INFO  server.RaftServerConfigKeys (ConfUtils.java:logGet(43)) - raft.server.storage.dir = [/workdir/hadoop-ozone/integration-test/target/test-dir/MiniOzoneClusterImpl-37ef80a0-c7b2-4a5a-9454-a4bcd92af4bb/datanode-6/data/ratis] (custom)
2019-09-26 16:01:44,077 [pool-469-thread-1] INFO  storage.RaftStorageDirectory (RaftStorageDirectory.java:analyzeStorage(246)) - The storage directory /workdir/hadoop-ozone/integration-test/target/test-dir/MiniOzoneClusterImpl-37ef80a0-c7b2-4a5a-9454-a4bcd92af4bb/datanode-6/data/ratis/670f11e7-2d46-4369-aa31-02ce31911551 does not exist. Creating ...
2019-09-26 16:01:44,082 [main] INFO  rpc.RpcClient (RpcClient.java:createVolume(276)) - Creating Volume: testblockoutputstream, with jenkins1000 as owner.
2019-09-26 16:01:44,086 [IPC Server handler 1 on 37349] INFO  volume.OMVolumeCreateRequest (OMVolumeCreateRequest.java:validateAndUpdateCache(189)) - created volume:testblockoutputstream for user:jenkins1000
2019-09-26 16:01:44,090 [pool-469-thread-1] INFO  storage.RaftStorageDirectory (RaftStorageDirectory.java:tryLock(328)) - Lock on /workdir/hadoop-ozone/integration-test/target/test-dir/MiniOzoneClusterImpl-37ef80a0-c7b2-4a5a-9454-a4bcd92af4bb/datanode-6/data/ratis/670f11e7-2d46-4369-aa31-02ce31911551/in_use.lock acquired by nodename 22057@pr-hdds-2149-6mrrv-456159840
2019-09-26 16:01:44,099 [main] INFO  rpc.RpcClient (RpcClient.java:createBucket(415)) - Creating Bucket: testblockoutputstream/testblockoutputstream, with Versioning false and Storage Type set to DISK and Encryption set to false 
2019-09-26 16:01:44,103 [pool-469-thread-1] INFO  storage.RaftStorage (RaftStorage.java:format(72)) - Storage directory /workdir/hadoop-ozone/integration-test/target/test-dir/MiniOzoneClusterImpl-37ef80a0-c7b2-4a5a-9454-a4bcd92af4bb/datanode-6/data/ratis/670f11e7-2d46-4369-aa31-02ce31911551 has been successfully formatted.
2019-09-26 16:01:44,104 [pool-469-thread-1] INFO  ratis.ContainerStateMachine (ContainerStateMachine.java:loadSnapshot(230)) - group-02CE31911551: The snapshot info is null. Setting the last applied indexto:(t:0, i:~)
2019-09-26 16:01:44,104 [pool-469-thread-1] INFO  server.RaftServerConfigKeys (ConfUtils.java:logGet(43)) - raft.server.notification.no-leader.timeout = 120s (custom)
2019-09-26 16:01:44,104 [pool-469-thread-1] INFO  server.RaftServerConfigKeys (ConfUtils.java:logGet(43)) - raft.server.log.use.memory = false (default)
2019-09-26 16:01:44,104 [pool-469-thread-1] INFO  server.RaftServerConfigKeys (ConfUtils.java:logGet(43)) - raft.server.log.purge.gap = 1000000 (custom)
2019-09-26 16:01:44,104 [pool-469-thread-1] INFO  server.RaftServerConfigKeys (ConfUtils.java:logGet(43)) - raft.server.log.appender.buffer.byte-limit = 33554432 (custom)
2019-09-26 16:01:44,104 [pool-469-thread-1] INFO  server.RaftServerConfigKeys (ConfUtils.java:logGet(43)) - raft.server.log.segment.size.max = 1048576 (custom)
2019-09-26 16:01:44,104 [pool-469-thread-1] INFO  server.RaftServerConfigKeys (ConfUtils.java:logGet(43)) - raft.server.log.segment.cache.num.max = 2 (custom)
2019-09-26 16:01:44,104 [pool-469-thread-1] INFO  segmented.SegmentedRaftLogWorker (SegmentedRaftLogWorker.java:<init>(172)) - new 92335f2c-6300-4e2c-8b27-b5b19b8ba4b6@group-02CE31911551-SegmentedRaftLogWorker for RaftStorage:Storage Directory /workdir/hadoop-ozone/integration-test/target/test-dir/MiniOzoneClusterImpl-37ef80a0-c7b2-4a5a-9454-a4bcd92af4bb/datanode-6/data/ratis/670f11e7-2d46-4369-aa31-02ce31911551
2019-09-26 16:01:44,106 [pool-469-thread-1] INFO  server.RaftServerConfigKeys (ConfUtils.java:logGet(43)) - raft.server.log.queue.byte-limit = 2147483647 (custom)
2019-09-26 16:01:44,106 [pool-469-thread-1] INFO  server.RaftServerConfigKeys (ConfUtils.java:logGet(43)) - raft.server.log.queue.element-limit = 1024 (custom)
2019-09-26 16:01:44,106 [pool-469-thread-1] INFO  server.RaftServerConfigKeys (ConfUtils.java:logGet(43)) - raft.server.log.segment.size.max = 1048576 (custom)
2019-09-26 16:01:44,106 [pool-469-thread-1] INFO  server.RaftServerConfigKeys (ConfUtils.java:logGet(43)) - raft.server.log.preallocated.size = 16384 (custom)
2019-09-26 16:01:44,106 [pool-469-thread-1] INFO  server.RaftServerConfigKeys (ConfUtils.java:logGet(43)) - raft.server.log.write.buffer.size = 33554432 (custom)
2019-09-26 16:01:44,106 [pool-469-thread-1] INFO  server.RaftServerConfigKeys (ConfUtils.java:logGet(43)) - raft.server.log.force.sync.num = 128 (default)
2019-09-26 16:01:44,106 [pool-469-thread-1] INFO  server.RaftServerConfigKeys (ConfUtils.java:logGet(43)) - raft.server.log.statemachine.data.sync = true (default)
2019-09-26 16:01:44,106 [pool-469-thread-1] INFO  server.RaftServerConfigKeys (ConfUtils.java:logGet(43)) - raft.server.log.statemachine.data.sync.timeout = 10s (default)
2019-09-26 16:01:44,107 [pool-469-thread-1] INFO  server.RaftServerConfigKeys (ConfUtils.java:logGet(43)) - raft.server.log.statemachine.data.sync.timeout.retry = -1 (default)
2019-09-26 16:01:44,107 [pool-469-thread-1] INFO  server.RaftServerConfigKeys (ConfUtils.java:logGet(43)) - raft.server.log.statemachine.data.caching.enabled = true (custom)
2019-09-26 16:01:44,107 [pool-469-thread-1] INFO  segmented.SegmentedRaftLogWorker (SegmentedRaftLogWorker.java:lambda$new$0(132)) - 92335f2c-6300-4e2c-8b27-b5b19b8ba4b6@group-02CE31911551-SegmentedRaftLogWorker: flushIndex: setUnconditionally 0 -> -1
2019-09-26 16:01:44,107 [pool-469-thread-1] INFO  server.RaftServerConfigKeys (ConfUtils.java:logGet(43)) - raft.server.snapshot.auto.trigger.enabled = true (custom)
2019-09-26 16:01:44,107 [pool-469-thread-1] INFO  server.RaftServerConfigKeys (ConfUtils.java:logGet(43)) - raft.server.snapshot.auto.trigger.threshold = 10000 (custom)
2019-09-26 16:01:44,107 [pool-469-thread-1] INFO  server.RaftServerConfigKeys (ConfUtils.java:logGet(43)) - raft.server.snapshot.retention.num.files = 5 (custom)
2019-09-26 16:01:44,107 [pool-469-thread-1] INFO  server.RaftServerConfigKeys (ConfUtils.java:logGet(43)) - raft.server.retrycache.expirytime = 600000ms (custom)
2019-09-26 16:01:44,109 [pool-469-thread-1] INFO  impl.RaftServerImpl (RaftServerImpl.java:start(185)) - 92335f2c-6300-4e2c-8b27-b5b19b8ba4b6@group-02CE31911551: start as a follower, conf=-1: [92335f2c-6300-4e2c-8b27-b5b19b8ba4b6:192.168.30.25:45713], old=null
2019-09-26 16:01:44,109 [pool-469-thread-1] INFO  impl.RaftServerImpl (RaftServerImpl.java:setRole(174)) - 92335f2c-6300-4e2c-8b27-b5b19b8ba4b6@group-02CE31911551: changes role from      null to FOLLOWER at term 0 for startAsFollower
2019-09-26 16:01:44,109 [pool-469-thread-1] INFO  impl.RoleInfo (RoleInfo.java:updateAndGet(143)) - 92335f2c-6300-4e2c-8b27-b5b19b8ba4b6: start FollowerState
2019-09-26 16:01:44,109 [pool-469-thread-1] INFO  util.JmxRegister (JmxRegister.java:tryRegister(44)) - Successfully registered JMX Bean with object name Ratis:service=RaftServer,group=group-02CE31911551,id=92335f2c-6300-4e2c-8b27-b5b19b8ba4b6
2019-09-26 16:01:44,111 [RatisPipelineUtilsThread] INFO  pipeline.PipelineStateManager (PipelineStateManager.java:addPipeline(56)) - Created pipeline Pipeline[ Id: 670f11e7-2d46-4369-aa31-02ce31911551, Nodes: 92335f2c-6300-4e2c-8b27-b5b19b8ba4b6{ip: 192.168.30.25, host: pr-hdds-2149-6mrrv-456159840, networkLocation: /default-rack, certSerialId: null}, Type:RATIS, Factor:ONE, State:OPEN]
2019-09-26 16:01:44,118 [grpc-default-executor-9] INFO  impl.RaftServerProxy (RaftServerProxy.java:addNew(89)) - 3fb57adb-a0d1-4f11-b6a1-e7035e94dbe3: addNew group-105F6CC09499:[3fb57adb-a0d1-4f11-b6a1-e7035e94dbe3:192.168.30.25:34731] returns group-105F6CC09499:java.util.concurrent.CompletableFuture@513681c4[Not completed]
2019-09-26 16:01:44,119 [pool-449-thread-1] INFO  impl.RaftServerImpl (RaftServerImpl.java:<init>(95)) - 3fb57adb-a0d1-4f11-b6a1-e7035e94dbe3: new RaftServerImpl for group-105F6CC09499:[3fb57adb-a0d1-4f11-b6a1-e7035e94dbe3:192.168.30.25:34731] with ContainerStateMachine:uninitialized
2019-09-26 16:01:44,119 [pool-449-thread-1] INFO  server.RaftServerConfigKeys (ConfUtils.java:logGet(43)) - raft.server.rpc.timeout.min = 5s (custom)
2019-09-26 16:01:44,119 [pool-449-thread-1] INFO  server.RaftServerConfigKeys (ConfUtils.java:logGet(43)) - raft.server.rpc.timeout.max = 5200ms (custom)
2019-09-26 16:01:44,119 [pool-449-thread-1] INFO  server.RaftServerConfigKeys (ConfUtils.java:logGet(43)) - raft.server.rpcslowness.timeout = 120s (custom)
2019-09-26 16:01:44,119 [pool-449-thread-1] INFO  server.RaftServerConfigKeys (ConfUtils.java:logGet(43)) - raft.server.sleep.deviation.threshold = 300 (default)
2019-09-26 16:01:44,119 [pool-449-thread-1] INFO  server.RaftServerConfigKeys (ConfUtils.java:logGet(43)) - raft.server.log.appender.install.snapshot.enabled = false (custom)
2019-09-26 16:01:44,120 [pool-449-thread-1] INFO  impl.RaftServerImpl (ServerState.java:<init>(103)) - 3fb57adb-a0d1-4f11-b6a1-e7035e94dbe3@group-105F6CC09499: ConfigurationManager, init=-1: [3fb57adb-a0d1-4f11-b6a1-e7035e94dbe3:192.168.30.25:34731], old=null, confs=<EMPTY_MAP>
2019-09-26 16:01:44,120 [pool-449-thread-1] INFO  server.RaftServerConfigKeys (ConfUtils.java:logGet(43)) - raft.server.storage.dir = [/workdir/hadoop-ozone/integration-test/target/test-dir/MiniOzoneClusterImpl-37ef80a0-c7b2-4a5a-9454-a4bcd92af4bb/datanode-4/data/ratis] (custom)
2019-09-26 16:01:44,120 [pool-449-thread-1] INFO  storage.RaftStorageDirectory (RaftStorageDirectory.java:analyzeStorage(246)) - The storage directory /workdir/hadoop-ozone/integration-test/target/test-dir/MiniOzoneClusterImpl-37ef80a0-c7b2-4a5a-9454-a4bcd92af4bb/datanode-4/data/ratis/60de9b43-cf98-44e1-aac6-105f6cc09499 does not exist. Creating ...
2019-09-26 16:01:44,133 [pool-449-thread-1] INFO  storage.RaftStorageDirectory (RaftStorageDirectory.java:tryLock(328)) - Lock on /workdir/hadoop-ozone/integration-test/target/test-dir/MiniOzoneClusterImpl-37ef80a0-c7b2-4a5a-9454-a4bcd92af4bb/datanode-4/data/ratis/60de9b43-cf98-44e1-aac6-105f6cc09499/in_use.lock acquired by nodename 22057@pr-hdds-2149-6mrrv-456159840
2019-09-26 16:01:44,146 [pool-449-thread-1] INFO  storage.RaftStorage (RaftStorage.java:format(72)) - Storage directory /workdir/hadoop-ozone/integration-test/target/test-dir/MiniOzoneClusterImpl-37ef80a0-c7b2-4a5a-9454-a4bcd92af4bb/datanode-4/data/ratis/60de9b43-cf98-44e1-aac6-105f6cc09499 has been successfully formatted.
2019-09-26 16:01:44,146 [pool-449-thread-1] INFO  ratis.ContainerStateMachine (ContainerStateMachine.java:loadSnapshot(230)) - group-105F6CC09499: The snapshot info is null. Setting the last applied indexto:(t:0, i:~)
2019-09-26 16:01:44,146 [pool-449-thread-1] INFO  server.RaftServerConfigKeys (ConfUtils.java:logGet(43)) - raft.server.notification.no-leader.timeout = 120s (custom)
2019-09-26 16:01:44,146 [pool-449-thread-1] INFO  server.RaftServerConfigKeys (ConfUtils.java:logGet(43)) - raft.server.log.use.memory = false (default)
2019-09-26 16:01:44,146 [pool-449-thread-1] INFO  server.RaftServerConfigKeys (ConfUtils.java:logGet(43)) - raft.server.log.purge.gap = 1000000 (custom)
2019-09-26 16:01:44,147 [pool-449-thread-1] INFO  server.RaftServerConfigKeys (ConfUtils.java:logGet(43)) - raft.server.log.appender.buffer.byte-limit = 33554432 (custom)
2019-09-26 16:01:44,147 [pool-449-thread-1] INFO  server.RaftServerConfigKeys (ConfUtils.java:logGet(43)) - raft.server.log.segment.size.max = 1048576 (custom)
2019-09-26 16:01:44,147 [pool-449-thread-1] INFO  server.RaftServerConfigKeys (ConfUtils.java:logGet(43)) - raft.server.log.segment.cache.num.max = 2 (custom)
2019-09-26 16:01:44,147 [pool-449-thread-1] INFO  segmented.SegmentedRaftLogWorker (SegmentedRaftLogWorker.java:<init>(172)) - new 3fb57adb-a0d1-4f11-b6a1-e7035e94dbe3@group-105F6CC09499-SegmentedRaftLogWorker for RaftStorage:Storage Directory /workdir/hadoop-ozone/integration-test/target/test-dir/MiniOzoneClusterImpl-37ef80a0-c7b2-4a5a-9454-a4bcd92af4bb/datanode-4/data/ratis/60de9b43-cf98-44e1-aac6-105f6cc09499
2019-09-26 16:01:44,148 [pool-449-thread-1] INFO  server.RaftServerConfigKeys (ConfUtils.java:logGet(43)) - raft.server.log.queue.byte-limit = 2147483647 (custom)
2019-09-26 16:01:44,148 [pool-449-thread-1] INFO  server.RaftServerConfigKeys (ConfUtils.java:logGet(43)) - raft.server.log.queue.element-limit = 1024 (custom)
2019-09-26 16:01:44,148 [pool-449-thread-1] INFO  server.RaftServerConfigKeys (ConfUtils.java:logGet(43)) - raft.server.log.segment.size.max = 1048576 (custom)
2019-09-26 16:01:44,148 [pool-449-thread-1] INFO  server.RaftServerConfigKeys (ConfUtils.java:logGet(43)) - raft.server.log.preallocated.size = 16384 (custom)
2019-09-26 16:01:44,149 [pool-449-thread-1] INFO  server.RaftServerConfigKeys (ConfUtils.java:logGet(43)) - raft.server.log.write.buffer.size = 33554432 (custom)
2019-09-26 16:01:44,149 [pool-449-thread-1] INFO  server.RaftServerConfigKeys (ConfUtils.java:logGet(43)) - raft.server.log.force.sync.num = 128 (default)
2019-09-26 16:01:44,149 [pool-449-thread-1] INFO  server.RaftServerConfigKeys (ConfUtils.java:logGet(43)) - raft.server.log.statemachine.data.sync = true (default)
2019-09-26 16:01:44,149 [pool-449-thread-1] INFO  server.RaftServerConfigKeys (ConfUtils.java:logGet(43)) - raft.server.log.statemachine.data.sync.timeout = 10s (default)
2019-09-26 16:01:44,149 [pool-449-thread-1] INFO  server.RaftServerConfigKeys (ConfUtils.java:logGet(43)) - raft.server.log.statemachine.data.sync.timeout.retry = -1 (default)
2019-09-26 16:01:44,149 [pool-449-thread-1] INFO  server.RaftServerConfigKeys (ConfUtils.java:logGet(43)) - raft.server.log.statemachine.data.caching.enabled = true (custom)
2019-09-26 16:01:44,149 [pool-449-thread-1] INFO  segmented.SegmentedRaftLogWorker (SegmentedRaftLogWorker.java:lambda$new$0(132)) - 3fb57adb-a0d1-4f11-b6a1-e7035e94dbe3@group-105F6CC09499-SegmentedRaftLogWorker: flushIndex: setUnconditionally 0 -> -1
2019-09-26 16:01:44,150 [pool-449-thread-1] INFO  server.RaftServerConfigKeys (ConfUtils.java:logGet(43)) - raft.server.snapshot.auto.trigger.enabled = true (custom)
2019-09-26 16:01:44,150 [pool-449-thread-1] INFO  server.RaftServerConfigKeys (ConfUtils.java:logGet(43)) - raft.server.snapshot.auto.trigger.threshold = 10000 (custom)
2019-09-26 16:01:44,150 [pool-449-thread-1] INFO  server.RaftServerConfigKeys (ConfUtils.java:logGet(43)) - raft.server.snapshot.retention.num.files = 5 (custom)
2019-09-26 16:01:44,150 [pool-449-thread-1] INFO  server.RaftServerConfigKeys (ConfUtils.java:logGet(43)) - raft.server.retrycache.expirytime = 600000ms (custom)
2019-09-26 16:01:44,151 [pool-449-thread-1] INFO  impl.RaftServerImpl (RaftServerImpl.java:start(185)) - 3fb57adb-a0d1-4f11-b6a1-e7035e94dbe3@group-105F6CC09499: start as a follower, conf=-1: [3fb57adb-a0d1-4f11-b6a1-e7035e94dbe3:192.168.30.25:34731], old=null
2019-09-26 16:01:44,151 [pool-449-thread-1] INFO  impl.RaftServerImpl (RaftServerImpl.java:setRole(174)) - 3fb57adb-a0d1-4f11-b6a1-e7035e94dbe3@group-105F6CC09499: changes role from      null to FOLLOWER at term 0 for startAsFollower
2019-09-26 16:01:44,151 [pool-449-thread-1] INFO  impl.RoleInfo (RoleInfo.java:updateAndGet(143)) - 3fb57adb-a0d1-4f11-b6a1-e7035e94dbe3: start FollowerState
2019-09-26 16:01:44,152 [pool-449-thread-1] INFO  util.JmxRegister (JmxRegister.java:tryRegister(44)) - Successfully registered JMX Bean with object name Ratis:service=RaftServer,group=group-105F6CC09499,id=3fb57adb-a0d1-4f11-b6a1-e7035e94dbe3
2019-09-26 16:01:44,153 [RatisPipelineUtilsThread] INFO  pipeline.PipelineStateManager (PipelineStateManager.java:addPipeline(56)) - Created pipeline Pipeline[ Id: 60de9b43-cf98-44e1-aac6-105f6cc09499, Nodes: 3fb57adb-a0d1-4f11-b6a1-e7035e94dbe3{ip: 192.168.30.25, host: pr-hdds-2149-6mrrv-456159840, networkLocation: /default-rack, certSerialId: null}, Type:RATIS, Factor:ONE, State:OPEN]
2019-09-26 16:01:44,167 [grpc-default-executor-0] INFO  impl.RaftServerProxy (RaftServerProxy.java:addNew(89)) - acecd6ed-521c-4847-90c2-b671590b4ee4: addNew group-D2E23EB158A5:[acecd6ed-521c-4847-90c2-b671590b4ee4:192.168.30.25:37337, 92335f2c-6300-4e2c-8b27-b5b19b8ba4b6:192.168.30.25:45713, 677fedf0-f3ff-4f0d-bf3f-efe50b6efefa:192.168.30.25:33755] returns group-D2E23EB158A5:java.util.concurrent.CompletableFuture@10147cc[Not completed]
2019-09-26 16:01:44,173 [grpc-default-executor-8] INFO  impl.RaftServerProxy (RaftServerProxy.java:addNew(89)) - 677fedf0-f3ff-4f0d-bf3f-efe50b6efefa: addNew group-D2E23EB158A5:[acecd6ed-521c-4847-90c2-b671590b4ee4:192.168.30.25:37337, 92335f2c-6300-4e2c-8b27-b5b19b8ba4b6:192.168.30.25:45713, 677fedf0-f3ff-4f0d-bf3f-efe50b6efefa:192.168.30.25:33755] returns group-D2E23EB158A5:java.util.concurrent.CompletableFuture@d9cb4ff[Not completed]
2019-09-26 16:01:44,173 [grpc-default-executor-0] INFO  impl.RaftServerProxy (RaftServerProxy.java:addNew(89)) - 92335f2c-6300-4e2c-8b27-b5b19b8ba4b6: addNew group-D2E23EB158A5:[acecd6ed-521c-4847-90c2-b671590b4ee4:192.168.30.25:37337, 92335f2c-6300-4e2c-8b27-b5b19b8ba4b6:192.168.30.25:45713, 677fedf0-f3ff-4f0d-bf3f-efe50b6efefa:192.168.30.25:33755] returns group-D2E23EB158A5:java.util.concurrent.CompletableFuture@75dbcd89[Not completed]
2019-09-26 16:01:44,173 [pool-459-thread-1] INFO  impl.RaftServerImpl (RaftServerImpl.java:<init>(95)) - acecd6ed-521c-4847-90c2-b671590b4ee4: new RaftServerImpl for group-D2E23EB158A5:[acecd6ed-521c-4847-90c2-b671590b4ee4:192.168.30.25:37337, 92335f2c-6300-4e2c-8b27-b5b19b8ba4b6:192.168.30.25:45713, 677fedf0-f3ff-4f0d-bf3f-efe50b6efefa:192.168.30.25:33755] with ContainerStateMachine:uninitialized
2019-09-26 16:01:44,173 [pool-459-thread-1] INFO  server.RaftServerConfigKeys (ConfUtils.java:logGet(43)) - raft.server.rpc.timeout.min = 5s (custom)
2019-09-26 16:01:44,173 [pool-459-thread-1] INFO  server.RaftServerConfigKeys (ConfUtils.java:logGet(43)) - raft.server.rpc.timeout.max = 5200ms (custom)
2019-09-26 16:01:44,174 [pool-459-thread-1] INFO  server.RaftServerConfigKeys (ConfUtils.java:logGet(43)) - raft.server.rpcslowness.timeout = 120s (custom)
2019-09-26 16:01:44,174 [pool-459-thread-1] INFO  server.RaftServerConfigKeys (ConfUtils.java:logGet(43)) - raft.server.sleep.deviation.threshold = 300 (default)
2019-09-26 16:01:44,174 [pool-439-thread-1] INFO  impl.RaftServerImpl (RaftServerImpl.java:<init>(95)) - 677fedf0-f3ff-4f0d-bf3f-efe50b6efefa: new RaftServerImpl for group-D2E23EB158A5:[acecd6ed-521c-4847-90c2-b671590b4ee4:192.168.30.25:37337, 92335f2c-6300-4e2c-8b27-b5b19b8ba4b6:192.168.30.25:45713, 677fedf0-f3ff-4f0d-bf3f-efe50b6efefa:192.168.30.25:33755] with ContainerStateMachine:uninitialized
2019-09-26 16:01:44,174 [pool-459-thread-1] INFO  server.RaftServerConfigKeys (ConfUtils.java:logGet(43)) - raft.server.log.appender.install.snapshot.enabled = false (custom)
2019-09-26 16:01:44,174 [pool-439-thread-1] INFO  server.RaftServerConfigKeys (ConfUtils.java:logGet(43)) - raft.server.rpc.timeout.min = 5s (custom)
2019-09-26 16:01:44,174 [pool-459-thread-1] INFO  impl.RaftServerImpl (ServerState.java:<init>(103)) - acecd6ed-521c-4847-90c2-b671590b4ee4@group-D2E23EB158A5: ConfigurationManager, init=-1: [acecd6ed-521c-4847-90c2-b671590b4ee4:192.168.30.25:37337, 92335f2c-6300-4e2c-8b27-b5b19b8ba4b6:192.168.30.25:45713, 677fedf0-f3ff-4f0d-bf3f-efe50b6efefa:192.168.30.25:33755], old=null, confs=<EMPTY_MAP>
2019-09-26 16:01:44,174 [pool-439-thread-1] INFO  server.RaftServerConfigKeys (ConfUtils.java:logGet(43)) - raft.server.rpc.timeout.max = 5200ms (custom)
2019-09-26 16:01:44,174 [pool-459-thread-1] INFO  server.RaftServerConfigKeys (ConfUtils.java:logGet(43)) - raft.server.storage.dir = [/workdir/hadoop-ozone/integration-test/target/test-dir/MiniOzoneClusterImpl-37ef80a0-c7b2-4a5a-9454-a4bcd92af4bb/datanode-5/data/ratis] (custom)
2019-09-26 16:01:44,174 [pool-439-thread-1] INFO  server.RaftServerConfigKeys (ConfUtils.java:logGet(43)) - raft.server.rpcslowness.timeout = 120s (custom)
2019-09-26 16:01:44,174 [pool-439-thread-1] INFO  server.RaftServerConfigKeys (ConfUtils.java:logGet(43)) - raft.server.sleep.deviation.threshold = 300 (default)
2019-09-26 16:01:44,174 [pool-469-thread-1] INFO  impl.RaftServerImpl (RaftServerImpl.java:<init>(95)) - 92335f2c-6300-4e2c-8b27-b5b19b8ba4b6: new RaftServerImpl for group-D2E23EB158A5:[acecd6ed-521c-4847-90c2-b671590b4ee4:192.168.30.25:37337, 92335f2c-6300-4e2c-8b27-b5b19b8ba4b6:192.168.30.25:45713, 677fedf0-f3ff-4f0d-bf3f-efe50b6efefa:192.168.30.25:33755] with ContainerStateMachine:uninitialized
2019-09-26 16:01:44,174 [pool-439-thread-1] INFO  server.RaftServerConfigKeys (ConfUtils.java:logGet(43)) - raft.server.log.appender.install.snapshot.enabled = false (custom)
2019-09-26 16:01:44,174 [pool-459-thread-1] INFO  storage.RaftStorageDirectory (RaftStorageDirectory.java:analyzeStorage(246)) - The storage directory /workdir/hadoop-ozone/integration-test/target/test-dir/MiniOzoneClusterImpl-37ef80a0-c7b2-4a5a-9454-a4bcd92af4bb/datanode-5/data/ratis/47343084-b10f-471b-8680-d2e23eb158a5 does not exist. Creating ...
2019-09-26 16:01:44,175 [pool-439-thread-1] INFO  impl.RaftServerImpl (ServerState.java:<init>(103)) - 677fedf0-f3ff-4f0d-bf3f-efe50b6efefa@group-D2E23EB158A5: ConfigurationManager, init=-1: [acecd6ed-521c-4847-90c2-b671590b4ee4:192.168.30.25:37337, 92335f2c-6300-4e2c-8b27-b5b19b8ba4b6:192.168.30.25:45713, 677fedf0-f3ff-4f0d-bf3f-efe50b6efefa:192.168.30.25:33755], old=null, confs=<EMPTY_MAP>
2019-09-26 16:01:44,175 [pool-469-thread-1] INFO  server.RaftServerConfigKeys (ConfUtils.java:logGet(43)) - raft.server.rpc.timeout.min = 5s (custom)
2019-09-26 16:01:44,175 [pool-439-thread-1] INFO  server.RaftServerConfigKeys (ConfUtils.java:logGet(43)) - raft.server.storage.dir = [/workdir/hadoop-ozone/integration-test/target/test-dir/MiniOzoneClusterImpl-37ef80a0-c7b2-4a5a-9454-a4bcd92af4bb/datanode-3/data/ratis] (custom)
2019-09-26 16:01:44,175 [pool-469-thread-1] INFO  server.RaftServerConfigKeys (ConfUtils.java:logGet(43)) - raft.server.rpc.timeout.max = 5200ms (custom)
2019-09-26 16:01:44,175 [pool-469-thread-1] INFO  server.RaftServerConfigKeys (ConfUtils.java:logGet(43)) - raft.server.rpcslowness.timeout = 120s (custom)
2019-09-26 16:01:44,175 [pool-439-thread-1] INFO  storage.RaftStorageDirectory (RaftStorageDirectory.java:analyzeStorage(246)) - The storage directory /workdir/hadoop-ozone/integration-test/target/test-dir/MiniOzoneClusterImpl-37ef80a0-c7b2-4a5a-9454-a4bcd92af4bb/datanode-3/data/ratis/47343084-b10f-471b-8680-d2e23eb158a5 does not exist. Creating ...
2019-09-26 16:01:44,175 [pool-469-thread-1] INFO  server.RaftServerConfigKeys (ConfUtils.java:logGet(43)) - raft.server.sleep.deviation.threshold = 300 (default)
2019-09-26 16:01:44,175 [pool-469-thread-1] INFO  server.RaftServerConfigKeys (ConfUtils.java:logGet(43)) - raft.server.log.appender.install.snapshot.enabled = false (custom)
2019-09-26 16:01:44,176 [pool-469-thread-1] INFO  impl.RaftServerImpl (ServerState.java:<init>(103)) - 92335f2c-6300-4e2c-8b27-b5b19b8ba4b6@group-D2E23EB158A5: ConfigurationManager, init=-1: [acecd6ed-521c-4847-90c2-b671590b4ee4:192.168.30.25:37337, 92335f2c-6300-4e2c-8b27-b5b19b8ba4b6:192.168.30.25:45713, 677fedf0-f3ff-4f0d-bf3f-efe50b6efefa:192.168.30.25:33755], old=null, confs=<EMPTY_MAP>
2019-09-26 16:01:44,176 [pool-469-thread-1] INFO  server.RaftServerConfigKeys (ConfUtils.java:logGet(43)) - raft.server.storage.dir = [/workdir/hadoop-ozone/integration-test/target/test-dir/MiniOzoneClusterImpl-37ef80a0-c7b2-4a5a-9454-a4bcd92af4bb/datanode-6/data/ratis] (custom)
2019-09-26 16:01:44,176 [pool-469-thread-1] INFO  storage.RaftStorageDirectory (RaftStorageDirectory.java:analyzeStorage(246)) - The storage directory /workdir/hadoop-ozone/integration-test/target/test-dir/MiniOzoneClusterImpl-37ef80a0-c7b2-4a5a-9454-a4bcd92af4bb/datanode-6/data/ratis/47343084-b10f-471b-8680-d2e23eb158a5 does not exist. Creating ...
2019-09-26 16:01:44,187 [pool-469-thread-1] INFO  storage.RaftStorageDirectory (RaftStorageDirectory.java:tryLock(328)) - Lock on /workdir/hadoop-ozone/integration-test/target/test-dir/MiniOzoneClusterImpl-37ef80a0-c7b2-4a5a-9454-a4bcd92af4bb/datanode-6/data/ratis/47343084-b10f-471b-8680-d2e23eb158a5/in_use.lock acquired by nodename 22057@pr-hdds-2149-6mrrv-456159840
2019-09-26 16:01:44,187 [pool-459-thread-1] INFO  storage.RaftStorageDirectory (RaftStorageDirectory.java:tryLock(328)) - Lock on /workdir/hadoop-ozone/integration-test/target/test-dir/MiniOzoneClusterImpl-37ef80a0-c7b2-4a5a-9454-a4bcd92af4bb/datanode-5/data/ratis/47343084-b10f-471b-8680-d2e23eb158a5/in_use.lock acquired by nodename 22057@pr-hdds-2149-6mrrv-456159840
2019-09-26 16:01:44,187 [pool-439-thread-1] INFO  storage.RaftStorageDirectory (RaftStorageDirectory.java:tryLock(328)) - Lock on /workdir/hadoop-ozone/integration-test/target/test-dir/MiniOzoneClusterImpl-37ef80a0-c7b2-4a5a-9454-a4bcd92af4bb/datanode-3/data/ratis/47343084-b10f-471b-8680-d2e23eb158a5/in_use.lock acquired by nodename 22057@pr-hdds-2149-6mrrv-456159840
2019-09-26 16:01:44,201 [pool-459-thread-1] INFO  storage.RaftStorage (RaftStorage.java:format(72)) - Storage directory /workdir/hadoop-ozone/integration-test/target/test-dir/MiniOzoneClusterImpl-37ef80a0-c7b2-4a5a-9454-a4bcd92af4bb/datanode-5/data/ratis/47343084-b10f-471b-8680-d2e23eb158a5 has been successfully formatted.
2019-09-26 16:01:44,201 [pool-439-thread-1] INFO  storage.RaftStorage (RaftStorage.java:format(72)) - Storage directory /workdir/hadoop-ozone/integration-test/target/test-dir/MiniOzoneClusterImpl-37ef80a0-c7b2-4a5a-9454-a4bcd92af4bb/datanode-3/data/ratis/47343084-b10f-471b-8680-d2e23eb158a5 has been successfully formatted.
2019-09-26 16:01:44,201 [pool-459-thread-1] INFO  ratis.ContainerStateMachine (ContainerStateMachine.java:loadSnapshot(230)) - group-D2E23EB158A5: The snapshot info is null. Setting the last applied indexto:(t:0, i:~)
2019-09-26 16:01:44,201 [pool-469-thread-1] INFO  storage.RaftStorage (RaftStorage.java:format(72)) - Storage directory /workdir/hadoop-ozone/integration-test/target/test-dir/MiniOzoneClusterImpl-37ef80a0-c7b2-4a5a-9454-a4bcd92af4bb/datanode-6/data/ratis/47343084-b10f-471b-8680-d2e23eb158a5 has been successfully formatted.
2019-09-26 16:01:44,201 [pool-439-thread-1] INFO  ratis.ContainerStateMachine (ContainerStateMachine.java:loadSnapshot(230)) - group-D2E23EB158A5: The snapshot info is null. Setting the last applied indexto:(t:0, i:~)
2019-09-26 16:01:44,201 [pool-459-thread-1] INFO  server.RaftServerConfigKeys (ConfUtils.java:logGet(43)) - raft.server.notification.no-leader.timeout = 120s (custom)
2019-09-26 16:01:44,201 [pool-439-thread-1] INFO  server.RaftServerConfigKeys (ConfUtils.java:logGet(43)) - raft.server.notification.no-leader.timeout = 120s (custom)
2019-09-26 16:01:44,201 [pool-469-thread-1] INFO  ratis.ContainerStateMachine (ContainerStateMachine.java:loadSnapshot(230)) - group-D2E23EB158A5: The snapshot info is null. Setting the last applied indexto:(t:0, i:~)
2019-09-26 16:01:44,202 [pool-439-thread-1] INFO  server.RaftServerConfigKeys (ConfUtils.java:logGet(43)) - raft.server.log.use.memory = false (default)
2019-09-26 16:01:44,202 [pool-459-thread-1] INFO  server.RaftServerConfigKeys (ConfUtils.java:logGet(43)) - raft.server.log.use.memory = false (default)
2019-09-26 16:01:44,202 [pool-439-thread-1] INFO  server.RaftServerConfigKeys (ConfUtils.java:logGet(43)) - raft.server.log.purge.gap = 1000000 (custom)
2019-09-26 16:01:44,202 [pool-469-thread-1] INFO  server.RaftServerConfigKeys (ConfUtils.java:logGet(43)) - raft.server.notification.no-leader.timeout = 120s (custom)
2019-09-26 16:01:44,202 [pool-439-thread-1] INFO  server.RaftServerConfigKeys (ConfUtils.java:logGet(43)) - raft.server.log.appender.buffer.byte-limit = 33554432 (custom)
2019-09-26 16:01:44,202 [pool-459-thread-1] INFO  server.RaftServerConfigKeys (ConfUtils.java:logGet(43)) - raft.server.log.purge.gap = 1000000 (custom)
2019-09-26 16:01:44,202 [pool-439-thread-1] INFO  server.RaftServerConfigKeys (ConfUtils.java:logGet(43)) - raft.server.log.segment.size.max = 1048576 (custom)
2019-09-26 16:01:44,202 [pool-469-thread-1] INFO  server.RaftServerConfigKeys (ConfUtils.java:logGet(43)) - raft.server.log.use.memory = false (default)
2019-09-26 16:01:44,203 [pool-439-thread-1] INFO  server.RaftServerConfigKeys (ConfUtils.java:logGet(43)) - raft.server.log.segment.cache.num.max = 2 (custom)
2019-09-26 16:01:44,202 [pool-459-thread-1] INFO  server.RaftServerConfigKeys (ConfUtils.java:logGet(43)) - raft.server.log.appender.buffer.byte-limit = 33554432 (custom)
2019-09-26 16:01:44,203 [pool-439-thread-1] INFO  segmented.SegmentedRaftLogWorker (SegmentedRaftLogWorker.java:<init>(172)) - new 677fedf0-f3ff-4f0d-bf3f-efe50b6efefa@group-D2E23EB158A5-SegmentedRaftLogWorker for RaftStorage:Storage Directory /workdir/hadoop-ozone/integration-test/target/test-dir/MiniOzoneClusterImpl-37ef80a0-c7b2-4a5a-9454-a4bcd92af4bb/datanode-3/data/ratis/47343084-b10f-471b-8680-d2e23eb158a5
2019-09-26 16:01:44,203 [pool-469-thread-1] INFO  server.RaftServerConfigKeys (ConfUtils.java:logGet(43)) - raft.server.log.purge.gap = 1000000 (custom)
2019-09-26 16:01:44,203 [pool-439-thread-1] INFO  server.RaftServerConfigKeys (ConfUtils.java:logGet(43)) - raft.server.log.queue.byte-limit = 2147483647 (custom)
2019-09-26 16:01:44,203 [pool-459-thread-1] INFO  server.RaftServerConfigKeys (ConfUtils.java:logGet(43)) - raft.server.log.segment.size.max = 1048576 (custom)
2019-09-26 16:01:44,203 [pool-439-thread-1] INFO  server.RaftServerConfigKeys (ConfUtils.java:logGet(43)) - raft.server.log.queue.element-limit = 1024 (custom)
2019-09-26 16:01:44,203 [pool-469-thread-1] INFO  server.RaftServerConfigKeys (ConfUtils.java:logGet(43)) - raft.server.log.appender.buffer.byte-limit = 33554432 (custom)
2019-09-26 16:01:44,204 [pool-439-thread-1] INFO  server.RaftServerConfigKeys (ConfUtils.java:logGet(43)) - raft.server.log.segment.size.max = 1048576 (custom)
2019-09-26 16:01:44,204 [pool-439-thread-1] INFO  server.RaftServerConfigKeys (ConfUtils.java:logGet(43)) - raft.server.log.preallocated.size = 16384 (custom)
2019-09-26 16:01:44,203 [pool-459-thread-1] INFO  server.RaftServerConfigKeys (ConfUtils.java:logGet(43)) - raft.server.log.segment.cache.num.max = 2 (custom)
2019-09-26 16:01:44,204 [pool-439-thread-1] INFO  server.RaftServerConfigKeys (ConfUtils.java:logGet(43)) - raft.server.log.write.buffer.size = 33554432 (custom)
2019-09-26 16:01:44,204 [pool-439-thread-1] INFO  server.RaftServerConfigKeys (ConfUtils.java:logGet(43)) - raft.server.log.force.sync.num = 128 (default)
2019-09-26 16:01:44,204 [pool-469-thread-1] INFO  server.RaftServerConfigKeys (ConfUtils.java:logGet(43)) - raft.server.log.segment.size.max = 1048576 (custom)
2019-09-26 16:01:44,204 [pool-439-thread-1] INFO  server.RaftServerConfigKeys (ConfUtils.java:logGet(43)) - raft.server.log.statemachine.data.sync = true (default)
2019-09-26 16:01:44,204 [pool-459-thread-1] INFO  segmented.SegmentedRaftLogWorker (SegmentedRaftLogWorker.java:<init>(172)) - new acecd6ed-521c-4847-90c2-b671590b4ee4@group-D2E23EB158A5-SegmentedRaftLogWorker for RaftStorage:Storage Directory /workdir/hadoop-ozone/integration-test/target/test-dir/MiniOzoneClusterImpl-37ef80a0-c7b2-4a5a-9454-a4bcd92af4bb/datanode-5/data/ratis/47343084-b10f-471b-8680-d2e23eb158a5
2019-09-26 16:01:44,205 [pool-439-thread-1] INFO  server.RaftServerConfigKeys (ConfUtils.java:logGet(43)) - raft.server.log.statemachine.data.sync.timeout = 10s (default)
2019-09-26 16:01:44,205 [pool-469-thread-1] INFO  server.RaftServerConfigKeys (ConfUtils.java:logGet(43)) - raft.server.log.segment.cache.num.max = 2 (custom)
2019-09-26 16:01:44,205 [pool-439-thread-1] INFO  server.RaftServerConfigKeys (ConfUtils.java:logGet(43)) - raft.server.log.statemachine.data.sync.timeout.retry = -1 (default)
2019-09-26 16:01:44,205 [pool-459-thread-1] INFO  server.RaftServerConfigKeys (ConfUtils.java:logGet(43)) - raft.server.log.queue.byte-limit = 2147483647 (custom)
2019-09-26 16:01:44,205 [pool-439-thread-1] INFO  server.RaftServerConfigKeys (ConfUtils.java:logGet(43)) - raft.server.log.statemachine.data.caching.enabled = true (custom)
2019-09-26 16:01:44,205 [pool-469-thread-1] INFO  segmented.SegmentedRaftLogWorker (SegmentedRaftLogWorker.java:<init>(172)) - new 92335f2c-6300-4e2c-8b27-b5b19b8ba4b6@group-D2E23EB158A5-SegmentedRaftLogWorker for RaftStorage:Storage Directory /workdir/hadoop-ozone/integration-test/target/test-dir/MiniOzoneClusterImpl-37ef80a0-c7b2-4a5a-9454-a4bcd92af4bb/datanode-6/data/ratis/47343084-b10f-471b-8680-d2e23eb158a5
2019-09-26 16:01:44,205 [pool-459-thread-1] INFO  server.RaftServerConfigKeys (ConfUtils.java:logGet(43)) - raft.server.log.queue.element-limit = 1024 (custom)
2019-09-26 16:01:44,206 [pool-439-thread-1] INFO  segmented.SegmentedRaftLogWorker (SegmentedRaftLogWorker.java:lambda$new$0(132)) - 677fedf0-f3ff-4f0d-bf3f-efe50b6efefa@group-D2E23EB158A5-SegmentedRaftLogWorker: flushIndex: setUnconditionally 0 -> -1
2019-09-26 16:01:44,206 [pool-469-thread-1] INFO  server.RaftServerConfigKeys (ConfUtils.java:logGet(43)) - raft.server.log.queue.byte-limit = 2147483647 (custom)
2019-09-26 16:01:44,206 [pool-459-thread-1] INFO  server.RaftServerConfigKeys (ConfUtils.java:logGet(43)) - raft.server.log.segment.size.max = 1048576 (custom)
2019-09-26 16:01:44,206 [pool-439-thread-1] INFO  server.RaftServerConfigKeys (ConfUtils.java:logGet(43)) - raft.server.snapshot.auto.trigger.enabled = true (custom)
2019-09-26 16:01:44,206 [pool-469-thread-1] INFO  server.RaftServerConfigKeys (ConfUtils.java:logGet(43)) - raft.server.log.queue.element-limit = 1024 (custom)
2019-09-26 16:01:44,206 [pool-439-thread-1] INFO  server.RaftServerConfigKeys (ConfUtils.java:logGet(43)) - raft.server.snapshot.auto.trigger.threshold = 10000 (custom)
2019-09-26 16:01:44,206 [pool-459-thread-1] INFO  server.RaftServerConfigKeys (ConfUtils.java:logGet(43)) - raft.server.log.preallocated.size = 16384 (custom)
2019-09-26 16:01:44,206 [pool-439-thread-1] INFO  server.RaftServerConfigKeys (ConfUtils.java:logGet(43)) - raft.server.snapshot.retention.num.files = 5 (custom)
2019-09-26 16:01:44,206 [pool-469-thread-1] INFO  server.RaftServerConfigKeys (ConfUtils.java:logGet(43)) - raft.server.log.segment.size.max = 1048576 (custom)
2019-09-26 16:01:44,207 [pool-439-thread-1] INFO  server.RaftServerConfigKeys (ConfUtils.java:logGet(43)) - raft.server.retrycache.expirytime = 600000ms (custom)
2019-09-26 16:01:44,207 [pool-459-thread-1] INFO  server.RaftServerConfigKeys (ConfUtils.java:logGet(43)) - raft.server.log.write.buffer.size = 33554432 (custom)
2019-09-26 16:01:44,207 [pool-469-thread-1] INFO  server.RaftServerConfigKeys (ConfUtils.java:logGet(43)) - raft.server.log.preallocated.size = 16384 (custom)
2019-09-26 16:01:44,207 [pool-459-thread-1] INFO  server.RaftServerConfigKeys (ConfUtils.java:logGet(43)) - raft.server.log.force.sync.num = 128 (default)
2019-09-26 16:01:44,207 [pool-469-thread-1] INFO  server.RaftServerConfigKeys (ConfUtils.java:logGet(43)) - raft.server.log.write.buffer.size = 33554432 (custom)
2019-09-26 16:01:44,207 [pool-459-thread-1] INFO  server.RaftServerConfigKeys (ConfUtils.java:logGet(43)) - raft.server.log.statemachine.data.sync = true (default)
2019-09-26 16:01:44,207 [pool-469-thread-1] INFO  server.RaftServerConfigKeys (ConfUtils.java:logGet(43)) - raft.server.log.force.sync.num = 128 (default)
2019-09-26 16:01:44,208 [pool-459-thread-1] INFO  server.RaftServerConfigKeys (ConfUtils.java:logGet(43)) - raft.server.log.statemachine.data.sync.timeout = 10s (default)
2019-09-26 16:01:44,208 [pool-469-thread-1] INFO  server.RaftServerConfigKeys (ConfUtils.java:logGet(43)) - raft.server.log.statemachine.data.sync = true (default)
2019-09-26 16:01:44,208 [pool-459-thread-1] INFO  server.RaftServerConfigKeys (ConfUtils.java:logGet(43)) - raft.server.log.statemachine.data.sync.timeout.retry = -1 (default)
2019-09-26 16:01:44,208 [pool-469-thread-1] INFO  server.RaftServerConfigKeys (ConfUtils.java:logGet(43)) - raft.server.log.statemachine.data.sync.timeout = 10s (default)
2019-09-26 16:01:44,208 [pool-459-thread-1] INFO  server.RaftServerConfigKeys (ConfUtils.java:logGet(43)) - raft.server.log.statemachine.data.caching.enabled = true (custom)
2019-09-26 16:01:44,208 [pool-469-thread-1] INFO  server.RaftServerConfigKeys (ConfUtils.java:logGet(43)) - raft.server.log.statemachine.data.sync.timeout.retry = -1 (default)
2019-09-26 16:01:44,208 [pool-459-thread-1] INFO  segmented.SegmentedRaftLogWorker (SegmentedRaftLogWorker.java:lambda$new$0(132)) - acecd6ed-521c-4847-90c2-b671590b4ee4@group-D2E23EB158A5-SegmentedRaftLogWorker: flushIndex: setUnconditionally 0 -> -1
2019-09-26 16:01:44,208 [pool-469-thread-1] INFO  server.RaftServerConfigKeys (ConfUtils.java:logGet(43)) - raft.server.log.statemachine.data.caching.enabled = true (custom)
2019-09-26 16:01:44,209 [pool-459-thread-1] INFO  server.RaftServerConfigKeys (ConfUtils.java:logGet(43)) - raft.server.snapshot.auto.trigger.enabled = true (custom)
2019-09-26 16:01:44,209 [pool-469-thread-1] INFO  segmented.SegmentedRaftLogWorker (SegmentedRaftLogWorker.java:lambda$new$0(132)) - 92335f2c-6300-4e2c-8b27-b5b19b8ba4b6@group-D2E23EB158A5-SegmentedRaftLogWorker: flushIndex: setUnconditionally 0 -> -1
2019-09-26 16:01:44,209 [pool-459-thread-1] INFO  server.RaftServerConfigKeys (ConfUtils.java:logGet(43)) - raft.server.snapshot.auto.trigger.threshold = 10000 (custom)
2019-09-26 16:01:44,209 [pool-459-thread-1] INFO  server.RaftServerConfigKeys (ConfUtils.java:logGet(43)) - raft.server.snapshot.retention.num.files = 5 (custom)
2019-09-26 16:01:44,209 [pool-469-thread-1] INFO  server.RaftServerConfigKeys (ConfUtils.java:logGet(43)) - raft.server.snapshot.auto.trigger.enabled = true (custom)
2019-09-26 16:01:44,209 [pool-459-thread-1] INFO  server.RaftServerConfigKeys (ConfUtils.java:logGet(43)) - raft.server.retrycache.expirytime = 600000ms (custom)
2019-09-26 16:01:44,209 [pool-469-thread-1] INFO  server.RaftServerConfigKeys (ConfUtils.java:logGet(43)) - raft.server.snapshot.auto.trigger.threshold = 10000 (custom)
2019-09-26 16:01:44,210 [pool-469-thread-1] INFO  server.RaftServerConfigKeys (ConfUtils.java:logGet(43)) - raft.server.snapshot.retention.num.files = 5 (custom)
2019-09-26 16:01:44,210 [pool-469-thread-1] INFO  server.RaftServerConfigKeys (ConfUtils.java:logGet(43)) - raft.server.retrycache.expirytime = 600000ms (custom)
2019-09-26 16:01:44,212 [pool-439-thread-1] INFO  impl.RaftServerImpl (RaftServerImpl.java:start(185)) - 677fedf0-f3ff-4f0d-bf3f-efe50b6efefa@group-D2E23EB158A5: start as a follower, conf=-1: [acecd6ed-521c-4847-90c2-b671590b4ee4:192.168.30.25:37337, 92335f2c-6300-4e2c-8b27-b5b19b8ba4b6:192.168.30.25:45713, 677fedf0-f3ff-4f0d-bf3f-efe50b6efefa:192.168.30.25:33755], old=null
2019-09-26 16:01:44,212 [pool-459-thread-1] INFO  impl.RaftServerImpl (RaftServerImpl.java:start(185)) - acecd6ed-521c-4847-90c2-b671590b4ee4@group-D2E23EB158A5: start as a follower, conf=-1: [acecd6ed-521c-4847-90c2-b671590b4ee4:192.168.30.25:37337, 92335f2c-6300-4e2c-8b27-b5b19b8ba4b6:192.168.30.25:45713, 677fedf0-f3ff-4f0d-bf3f-efe50b6efefa:192.168.30.25:33755], old=null
2019-09-26 16:01:44,212 [pool-439-thread-1] INFO  impl.RaftServerImpl (RaftServerImpl.java:setRole(174)) - 677fedf0-f3ff-4f0d-bf3f-efe50b6efefa@group-D2E23EB158A5: changes role from      null to FOLLOWER at term 0 for startAsFollower
2019-09-26 16:01:44,212 [pool-459-thread-1] INFO  impl.RaftServerImpl (RaftServerImpl.java:setRole(174)) - acecd6ed-521c-4847-90c2-b671590b4ee4@group-D2E23EB158A5: changes role from      null to FOLLOWER at term 0 for startAsFollower
2019-09-26 16:01:44,213 [pool-439-thread-1] INFO  impl.RoleInfo (RoleInfo.java:updateAndGet(143)) - 677fedf0-f3ff-4f0d-bf3f-efe50b6efefa: start FollowerState
2019-09-26 16:01:44,213 [pool-469-thread-1] INFO  impl.RaftServerImpl (RaftServerImpl.java:start(185)) - 92335f2c-6300-4e2c-8b27-b5b19b8ba4b6@group-D2E23EB158A5: start as a follower, conf=-1: [acecd6ed-521c-4847-90c2-b671590b4ee4:192.168.30.25:37337, 92335f2c-6300-4e2c-8b27-b5b19b8ba4b6:192.168.30.25:45713, 677fedf0-f3ff-4f0d-bf3f-efe50b6efefa:192.168.30.25:33755], old=null
2019-09-26 16:01:44,213 [pool-459-thread-1] INFO  impl.RoleInfo (RoleInfo.java:updateAndGet(143)) - acecd6ed-521c-4847-90c2-b671590b4ee4: start FollowerState
2019-09-26 16:01:44,213 [pool-439-thread-1] INFO  util.JmxRegister (JmxRegister.java:tryRegister(44)) - Successfully registered JMX Bean with object name Ratis:service=RaftServer,group=group-D2E23EB158A5,id=677fedf0-f3ff-4f0d-bf3f-efe50b6efefa
2019-09-26 16:01:44,213 [pool-469-thread-1] INFO  impl.RaftServerImpl (RaftServerImpl.java:setRole(174)) - 92335f2c-6300-4e2c-8b27-b5b19b8ba4b6@group-D2E23EB158A5: changes role from      null to FOLLOWER at term 0 for startAsFollower
2019-09-26 16:01:44,213 [pool-459-thread-1] INFO  util.JmxRegister (JmxRegister.java:tryRegister(44)) - Successfully registered JMX Bean with object name Ratis:service=RaftServer,group=group-D2E23EB158A5,id=acecd6ed-521c-4847-90c2-b671590b4ee4
2019-09-26 16:01:44,213 [pool-469-thread-1] INFO  impl.RoleInfo (RoleInfo.java:updateAndGet(143)) - 92335f2c-6300-4e2c-8b27-b5b19b8ba4b6: start FollowerState
2019-09-26 16:01:44,214 [pool-469-thread-1] INFO  util.JmxRegister (JmxRegister.java:tryRegister(44)) - Successfully registered JMX Bean with object name Ratis:service=RaftServer,group=group-D2E23EB158A5,id=92335f2c-6300-4e2c-8b27-b5b19b8ba4b6
2019-09-26 16:01:44,217 [RatisPipelineUtilsThread] INFO  pipeline.PipelineStateManager (PipelineStateManager.java:addPipeline(56)) - Created pipeline Pipeline[ Id: 47343084-b10f-471b-8680-d2e23eb158a5, Nodes: 677fedf0-f3ff-4f0d-bf3f-efe50b6efefa{ip: 192.168.30.25, host: pr-hdds-2149-6mrrv-456159840, networkLocation: /default-rack, certSerialId: null}acecd6ed-521c-4847-90c2-b671590b4ee4{ip: 192.168.30.25, host: pr-hdds-2149-6mrrv-456159840, networkLocation: /default-rack, certSerialId: null}92335f2c-6300-4e2c-8b27-b5b19b8ba4b6{ip: 192.168.30.25, host: pr-hdds-2149-6mrrv-456159840, networkLocation: /default-rack, certSerialId: null}, Type:RATIS, Factor:THREE, State:OPEN]
2019-09-26 16:01:46,630 [Thread-2890] INFO  container.ReplicationManager (ReplicationManager.java:start(162)) - Starting Replication Monitor Thread.
2019-09-26 16:01:46,635 [ReplicationMonitor] INFO  container.ReplicationManager (ReplicationManager.java:run(225)) - Replication Monitor Thread took 0 milliseconds for processing 1 containers.
2019-09-26 16:01:48,775 [Thread-2895] INFO  impl.FollowerState (FollowerState.java:run(106)) - 78fe6ec9-8553-4a78-a89d-2d8ec94d0a0a:group-9C34EF63F9F8 changes to CANDIDATE, lastRpcTime:5032, electionTimeout:5032ms
2019-09-26 16:01:48,777 [Thread-2895] INFO  impl.RoleInfo (RoleInfo.java:shutdownFollowerState(121)) - 78fe6ec9-8553-4a78-a89d-2d8ec94d0a0a: shutdown FollowerState
2019-09-26 16:01:48,777 [Thread-2895] INFO  impl.RaftServerImpl (RaftServerImpl.java:setRole(174)) - 78fe6ec9-8553-4a78-a89d-2d8ec94d0a0a@group-9C34EF63F9F8: changes role from  FOLLOWER to CANDIDATE at term 0 for changeToCandidate
2019-09-26 16:01:48,777 [Thread-2895] INFO  impl.RoleInfo (RoleInfo.java:updateAndGet(143)) - 78fe6ec9-8553-4a78-a89d-2d8ec94d0a0a: start LeaderElection
2019-09-26 16:01:48,796 [Thread-2892] INFO  impl.FollowerState (FollowerState.java:run(106)) - 8313d97f-2d94-4d1e-92c6-63f4a9fb5f70:group-F7B4334A3EBF changes to CANDIDATE, lastRpcTime:5100, electionTimeout:5100ms
2019-09-26 16:01:48,796 [Thread-2892] INFO  impl.RoleInfo (RoleInfo.java:shutdownFollowerState(121)) - 8313d97f-2d94-4d1e-92c6-63f4a9fb5f70: shutdown FollowerState
2019-09-26 16:01:48,796 [Thread-2892] INFO  impl.RaftServerImpl (RaftServerImpl.java:setRole(174)) - 8313d97f-2d94-4d1e-92c6-63f4a9fb5f70@group-F7B4334A3EBF: changes role from  FOLLOWER to CANDIDATE at term 0 for changeToCandidate
2019-09-26 16:01:48,796 [Thread-2892] INFO  impl.RoleInfo (RoleInfo.java:updateAndGet(143)) - 8313d97f-2d94-4d1e-92c6-63f4a9fb5f70: start LeaderElection
2019-09-26 16:01:48,818 [78fe6ec9-8553-4a78-a89d-2d8ec94d0a0a@group-9C34EF63F9F8:LeaderElection53] INFO  impl.LeaderElection (LeaderElection.java:askForVotes(182)) - 78fe6ec9-8553-4a78-a89d-2d8ec94d0a0a@group-9C34EF63F9F8:LeaderElection53: begin an election at term 1 for -1: [78fe6ec9-8553-4a78-a89d-2d8ec94d0a0a:192.168.30.25:34653], old=null
2019-09-26 16:01:48,818 [78fe6ec9-8553-4a78-a89d-2d8ec94d0a0a@group-9C34EF63F9F8:LeaderElection53] INFO  impl.RoleInfo (RoleInfo.java:shutdownLeaderElection(134)) - 78fe6ec9-8553-4a78-a89d-2d8ec94d0a0a: shutdown LeaderElection
2019-09-26 16:01:48,819 [78fe6ec9-8553-4a78-a89d-2d8ec94d0a0a@group-9C34EF63F9F8:LeaderElection53] INFO  impl.RaftServerImpl (RaftServerImpl.java:setRole(174)) - 78fe6ec9-8553-4a78-a89d-2d8ec94d0a0a@group-9C34EF63F9F8: changes role from CANDIDATE to LEADER at term 1 for changeToLeader
2019-09-26 16:01:48,819 [78fe6ec9-8553-4a78-a89d-2d8ec94d0a0a@group-9C34EF63F9F8:LeaderElection53] INFO  impl.RaftServerImpl (ServerState.java:setLeader(253)) - 78fe6ec9-8553-4a78-a89d-2d8ec94d0a0a@group-9C34EF63F9F8: change Leader from null to 78fe6ec9-8553-4a78-a89d-2d8ec94d0a0a at term 1 for becomeLeader, leader elected after 5081ms
2019-09-26 16:01:48,819 [78fe6ec9-8553-4a78-a89d-2d8ec94d0a0a@group-9C34EF63F9F8:LeaderElection53] INFO  server.RaftServerConfigKeys (ConfUtils.java:logGet(43)) - raft.server.staging.catchup.gap = 1000 (default)
2019-09-26 16:01:48,820 [78fe6ec9-8553-4a78-a89d-2d8ec94d0a0a@group-9C34EF63F9F8:LeaderElection53] INFO  server.RaftServerConfigKeys (ConfUtils.java:logGet(43)) - raft.server.rpc.sleep.time = 25ms (default)
2019-09-26 16:01:48,820 [78fe6ec9-8553-4a78-a89d-2d8ec94d0a0a@group-9C34EF63F9F8:LeaderElection53] INFO  server.RaftServerConfigKeys (ConfUtils.java:logGet(43)) - raft.server.write.element-limit = 4096 (default)
2019-09-26 16:01:48,820 [78fe6ec9-8553-4a78-a89d-2d8ec94d0a0a@group-9C34EF63F9F8:LeaderElection53] INFO  server.RaftServerConfigKeys (ConfUtils.java:logGet(43)) - raft.server.watch.timeout = 10s (default)
2019-09-26 16:01:48,820 [78fe6ec9-8553-4a78-a89d-2d8ec94d0a0a@group-9C34EF63F9F8:LeaderElection53] INFO  server.RaftServerConfigKeys (ConfUtils.java:logGet(43)) - raft.server.watch.timeout.denomination = 1s (default)
2019-09-26 16:01:48,821 [78fe6ec9-8553-4a78-a89d-2d8ec94d0a0a@group-9C34EF63F9F8:LeaderElection53] INFO  server.RaftServerConfigKeys (ConfUtils.java:logGet(43)) - raft.server.watch.element-limit = 65536 (default)
2019-09-26 16:01:48,824 [78fe6ec9-8553-4a78-a89d-2d8ec94d0a0a@group-9C34EF63F9F8:LeaderElection53] INFO  impl.RoleInfo (RoleInfo.java:updateAndGet(143)) - 78fe6ec9-8553-4a78-a89d-2d8ec94d0a0a: start LeaderState
2019-09-26 16:01:48,825 [78fe6ec9-8553-4a78-a89d-2d8ec94d0a0a@group-9C34EF63F9F8:LeaderElection53] INFO  segmented.SegmentedRaftLogWorker (SegmentedRaftLogWorker.java:startLogSegment(380)) - 78fe6ec9-8553-4a78-a89d-2d8ec94d0a0a@group-9C34EF63F9F8-SegmentedRaftLogWorker: Starting segment from index:0
2019-09-26 16:01:48,826 [78fe6ec9-8553-4a78-a89d-2d8ec94d0a0a@group-9C34EF63F9F8:LeaderElection53] INFO  impl.RaftServerImpl (ServerState.java:setRaftConf(354)) - 78fe6ec9-8553-4a78-a89d-2d8ec94d0a0a@group-9C34EF63F9F8: set configuration 0: [78fe6ec9-8553-4a78-a89d-2d8ec94d0a0a:192.168.30.25:34653], old=null at 0
2019-09-26 16:01:48,831 [8313d97f-2d94-4d1e-92c6-63f4a9fb5f70@group-F7B4334A3EBF:LeaderElection54] INFO  impl.LeaderElection (LeaderElection.java:askForVotes(182)) - 8313d97f-2d94-4d1e-92c6-63f4a9fb5f70@group-F7B4334A3EBF:LeaderElection54: begin an election at term 1 for -1: [8313d97f-2d94-4d1e-92c6-63f4a9fb5f70:192.168.30.25:35781], old=null
2019-09-26 16:01:48,831 [8313d97f-2d94-4d1e-92c6-63f4a9fb5f70@group-F7B4334A3EBF:LeaderElection54] INFO  impl.RoleInfo (RoleInfo.java:shutdownLeaderElection(134)) - 8313d97f-2d94-4d1e-92c6-63f4a9fb5f70: shutdown LeaderElection
2019-09-26 16:01:48,831 [8313d97f-2d94-4d1e-92c6-63f4a9fb5f70@group-F7B4334A3EBF:LeaderElection54] INFO  impl.RaftServerImpl (RaftServerImpl.java:setRole(174)) - 8313d97f-2d94-4d1e-92c6-63f4a9fb5f70@group-F7B4334A3EBF: changes role from CANDIDATE to LEADER at term 1 for changeToLeader
2019-09-26 16:01:48,832 [8313d97f-2d94-4d1e-92c6-63f4a9fb5f70@group-F7B4334A3EBF:LeaderElection54] INFO  impl.RaftServerImpl (ServerState.java:setLeader(253)) - 8313d97f-2d94-4d1e-92c6-63f4a9fb5f70@group-F7B4334A3EBF: change Leader from null to 8313d97f-2d94-4d1e-92c6-63f4a9fb5f70 at term 1 for becomeLeader, leader elected after 5145ms
2019-09-26 16:01:48,832 [8313d97f-2d94-4d1e-92c6-63f4a9fb5f70@group-F7B4334A3EBF:LeaderElection54] INFO  server.RaftServerConfigKeys (ConfUtils.java:logGet(43)) - raft.server.staging.catchup.gap = 1000 (default)
2019-09-26 16:01:48,832 [8313d97f-2d94-4d1e-92c6-63f4a9fb5f70@group-F7B4334A3EBF:LeaderElection54] INFO  server.RaftServerConfigKeys (ConfUtils.java:logGet(43)) - raft.server.rpc.sleep.time = 25ms (default)
2019-09-26 16:01:48,832 [8313d97f-2d94-4d1e-92c6-63f4a9fb5f70@group-F7B4334A3EBF:LeaderElection54] INFO  server.RaftServerConfigKeys (ConfUtils.java:logGet(43)) - raft.server.write.element-limit = 4096 (default)
2019-09-26 16:01:48,832 [8313d97f-2d94-4d1e-92c6-63f4a9fb5f70@group-F7B4334A3EBF:LeaderElection54] INFO  server.RaftServerConfigKeys (ConfUtils.java:logGet(43)) - raft.server.watch.timeout = 10s (default)
2019-09-26 16:01:48,832 [8313d97f-2d94-4d1e-92c6-63f4a9fb5f70@group-F7B4334A3EBF:LeaderElection54] INFO  server.RaftServerConfigKeys (ConfUtils.java:logGet(43)) - raft.server.watch.timeout.denomination = 1s (default)
2019-09-26 16:01:48,833 [8313d97f-2d94-4d1e-92c6-63f4a9fb5f70@group-F7B4334A3EBF:LeaderElection54] INFO  server.RaftServerConfigKeys (ConfUtils.java:logGet(43)) - raft.server.watch.element-limit = 65536 (default)
2019-09-26 16:01:48,835 [8313d97f-2d94-4d1e-92c6-63f4a9fb5f70@group-F7B4334A3EBF:LeaderElection54] INFO  impl.RoleInfo (RoleInfo.java:updateAndGet(143)) - 8313d97f-2d94-4d1e-92c6-63f4a9fb5f70: start LeaderState
2019-09-26 16:01:48,835 [8313d97f-2d94-4d1e-92c6-63f4a9fb5f70@group-F7B4334A3EBF:LeaderElection54] INFO  segmented.SegmentedRaftLogWorker (SegmentedRaftLogWorker.java:startLogSegment(380)) - 8313d97f-2d94-4d1e-92c6-63f4a9fb5f70@group-F7B4334A3EBF-SegmentedRaftLogWorker: Starting segment from index:0
2019-09-26 16:01:48,835 [8313d97f-2d94-4d1e-92c6-63f4a9fb5f70@group-F7B4334A3EBF:LeaderElection54] INFO  impl.RaftServerImpl (ServerState.java:setRaftConf(354)) - 8313d97f-2d94-4d1e-92c6-63f4a9fb5f70@group-F7B4334A3EBF: set configuration 0: [8313d97f-2d94-4d1e-92c6-63f4a9fb5f70:192.168.30.25:35781], old=null at 0
2019-09-26 16:01:48,887 [8313d97f-2d94-4d1e-92c6-63f4a9fb5f70@group-F7B4334A3EBF-SegmentedRaftLogWorker] INFO  segmented.SegmentedRaftLogWorker (SegmentedRaftLogWorker.java:execute(569)) - 8313d97f-2d94-4d1e-92c6-63f4a9fb5f70@group-F7B4334A3EBF-SegmentedRaftLogWorker: created new log segment /workdir/hadoop-ozone/integration-test/target/test-dir/MiniOzoneClusterImpl-37ef80a0-c7b2-4a5a-9454-a4bcd92af4bb/datanode-0/data/ratis/ad377d53-4725-4d5e-b6d0-f7b4334a3ebf/current/log_inprogress_0
2019-09-26 16:01:48,887 [78fe6ec9-8553-4a78-a89d-2d8ec94d0a0a@group-9C34EF63F9F8-SegmentedRaftLogWorker] INFO  segmented.SegmentedRaftLogWorker (SegmentedRaftLogWorker.java:execute(569)) - 78fe6ec9-8553-4a78-a89d-2d8ec94d0a0a@group-9C34EF63F9F8-SegmentedRaftLogWorker: created new log segment /workdir/hadoop-ozone/integration-test/target/test-dir/MiniOzoneClusterImpl-37ef80a0-c7b2-4a5a-9454-a4bcd92af4bb/datanode-1/data/ratis/683d91b8-19fa-4c4b-8067-9c34ef63f9f8/current/log_inprogress_0
2019-09-26 16:01:48,946 [Thread-2907] INFO  impl.FollowerState (FollowerState.java:run(106)) - 8313d97f-2d94-4d1e-92c6-63f4a9fb5f70:group-29F9F8F5C47F changes to CANDIDATE, lastRpcTime:5044, electionTimeout:5044ms
2019-09-26 16:01:48,946 [Thread-2907] INFO  impl.RoleInfo (RoleInfo.java:shutdownFollowerState(121)) - 8313d97f-2d94-4d1e-92c6-63f4a9fb5f70: shutdown FollowerState
2019-09-26 16:01:48,946 [Thread-2907] INFO  impl.RaftServerImpl (RaftServerImpl.java:setRole(174)) - 8313d97f-2d94-4d1e-92c6-63f4a9fb5f70@group-29F9F8F5C47F: changes role from  FOLLOWER to CANDIDATE at term 0 for changeToCandidate
2019-09-26 16:01:48,946 [Thread-2907] INFO  impl.RoleInfo (RoleInfo.java:updateAndGet(143)) - 8313d97f-2d94-4d1e-92c6-63f4a9fb5f70: start LeaderElection
2019-09-26 16:01:48,950 [Thread-2898] INFO  impl.FollowerState (FollowerState.java:run(106)) - 9f94f691-0884-4444-930f-fe6b174506dd:group-B19791551BF0 changes to CANDIDATE, lastRpcTime:5141, electionTimeout:5141ms
2019-09-26 16:01:48,951 [Thread-2898] INFO  impl.RoleInfo (RoleInfo.java:shutdownFollowerState(121)) - 9f94f691-0884-4444-930f-fe6b174506dd: shutdown FollowerState
2019-09-26 16:01:48,951 [Thread-2898] INFO  impl.RaftServerImpl (RaftServerImpl.java:setRole(174)) - 9f94f691-0884-4444-930f-fe6b174506dd@group-B19791551BF0: changes role from  FOLLOWER to CANDIDATE at term 0 for changeToCandidate
2019-09-26 16:01:48,951 [Thread-2898] INFO  impl.RoleInfo (RoleInfo.java:updateAndGet(143)) - 9f94f691-0884-4444-930f-fe6b174506dd: start LeaderElection
2019-09-26 16:01:48,964 [9f94f691-0884-4444-930f-fe6b174506dd@group-B19791551BF0:LeaderElection56] INFO  impl.LeaderElection (LeaderElection.java:askForVotes(182)) - 9f94f691-0884-4444-930f-fe6b174506dd@group-B19791551BF0:LeaderElection56: begin an election at term 1 for -1: [9f94f691-0884-4444-930f-fe6b174506dd:192.168.30.25:38956], old=null
2019-09-26 16:01:48,964 [8313d97f-2d94-4d1e-92c6-63f4a9fb5f70@group-29F9F8F5C47F:LeaderElection55] INFO  impl.LeaderElection (LeaderElection.java:askForVotes(182)) - 8313d97f-2d94-4d1e-92c6-63f4a9fb5f70@group-29F9F8F5C47F:LeaderElection55: begin an election at term 1 for -1: [9f94f691-0884-4444-930f-fe6b174506dd:192.168.30.25:38956, 8313d97f-2d94-4d1e-92c6-63f4a9fb5f70:192.168.30.25:35781, 78fe6ec9-8553-4a78-a89d-2d8ec94d0a0a:192.168.30.25:34653], old=null
2019-09-26 16:01:48,964 [9f94f691-0884-4444-930f-fe6b174506dd@group-B19791551BF0:LeaderElection56] INFO  impl.RoleInfo (RoleInfo.java:shutdownLeaderElection(134)) - 9f94f691-0884-4444-930f-fe6b174506dd: shutdown LeaderElection
2019-09-26 16:01:48,964 [9f94f691-0884-4444-930f-fe6b174506dd@group-B19791551BF0:LeaderElection56] INFO  impl.RaftServerImpl (RaftServerImpl.java:setRole(174)) - 9f94f691-0884-4444-930f-fe6b174506dd@group-B19791551BF0: changes role from CANDIDATE to LEADER at term 1 for changeToLeader
2019-09-26 16:01:48,964 [9f94f691-0884-4444-930f-fe6b174506dd@group-B19791551BF0:LeaderElection56] INFO  impl.RaftServerImpl (ServerState.java:setLeader(253)) - 9f94f691-0884-4444-930f-fe6b174506dd@group-B19791551BF0: change Leader from null to 9f94f691-0884-4444-930f-fe6b174506dd at term 1 for becomeLeader, leader elected after 5161ms
2019-09-26 16:01:48,965 [9f94f691-0884-4444-930f-fe6b174506dd@group-B19791551BF0:LeaderElection56] INFO  server.RaftServerConfigKeys (ConfUtils.java:logGet(43)) - raft.server.staging.catchup.gap = 1000 (default)
2019-09-26 16:01:48,965 [9f94f691-0884-4444-930f-fe6b174506dd@group-B19791551BF0:LeaderElection56] INFO  server.RaftServerConfigKeys (ConfUtils.java:logGet(43)) - raft.server.rpc.sleep.time = 25ms (default)
2019-09-26 16:01:48,965 [9f94f691-0884-4444-930f-fe6b174506dd@group-B19791551BF0:LeaderElection56] INFO  server.RaftServerConfigKeys (ConfUtils.java:logGet(43)) - raft.server.write.element-limit = 4096 (default)
2019-09-26 16:01:48,965 [9f94f691-0884-4444-930f-fe6b174506dd@group-B19791551BF0:LeaderElection56] INFO  server.RaftServerConfigKeys (ConfUtils.java:logGet(43)) - raft.server.watch.timeout = 10s (default)
2019-09-26 16:01:48,965 [9f94f691-0884-4444-930f-fe6b174506dd@group-B19791551BF0:LeaderElection56] INFO  server.RaftServerConfigKeys (ConfUtils.java:logGet(43)) - raft.server.watch.timeout.denomination = 1s (default)
2019-09-26 16:01:48,965 [9f94f691-0884-4444-930f-fe6b174506dd@group-B19791551BF0:LeaderElection56] INFO  server.RaftServerConfigKeys (ConfUtils.java:logGet(43)) - raft.server.watch.element-limit = 65536 (default)
2019-09-26 16:01:48,968 [9f94f691-0884-4444-930f-fe6b174506dd@group-B19791551BF0:LeaderElection56] INFO  impl.RoleInfo (RoleInfo.java:updateAndGet(143)) - 9f94f691-0884-4444-930f-fe6b174506dd: start LeaderState
2019-09-26 16:01:48,968 [9f94f691-0884-4444-930f-fe6b174506dd@group-B19791551BF0:LeaderElection56] INFO  segmented.SegmentedRaftLogWorker (SegmentedRaftLogWorker.java:startLogSegment(380)) - 9f94f691-0884-4444-930f-fe6b174506dd@group-B19791551BF0-SegmentedRaftLogWorker: Starting segment from index:0
2019-09-26 16:01:48,972 [9f94f691-0884-4444-930f-fe6b174506dd@group-B19791551BF0:LeaderElection56] INFO  impl.RaftServerImpl (ServerState.java:setRaftConf(354)) - 9f94f691-0884-4444-930f-fe6b174506dd@group-B19791551BF0: set configuration 0: [9f94f691-0884-4444-930f-fe6b174506dd:192.168.30.25:38956], old=null at 0
2019-09-26 16:01:48,973 [grpc-default-executor-0] INFO  impl.RaftServerImpl (RaftServerImpl.java:setRole(174)) - 9f94f691-0884-4444-930f-fe6b174506dd@group-29F9F8F5C47F: changes role from  FOLLOWER to FOLLOWER at term 1 for recognizeCandidate:8313d97f-2d94-4d1e-92c6-63f4a9fb5f70
2019-09-26 16:01:48,973 [grpc-default-executor-8] INFO  impl.RaftServerImpl (RaftServerImpl.java:setRole(174)) - 78fe6ec9-8553-4a78-a89d-2d8ec94d0a0a@group-29F9F8F5C47F: changes role from  FOLLOWER to FOLLOWER at term 1 for recognizeCandidate:8313d97f-2d94-4d1e-92c6-63f4a9fb5f70
2019-09-26 16:01:49,003 [grpc-default-executor-0] INFO  impl.RoleInfo (RoleInfo.java:shutdownFollowerState(121)) - 9f94f691-0884-4444-930f-fe6b174506dd: shutdown FollowerState
2019-09-26 16:01:49,004 [grpc-default-executor-8] INFO  impl.RoleInfo (RoleInfo.java:shutdownFollowerState(121)) - 78fe6ec9-8553-4a78-a89d-2d8ec94d0a0a: shutdown FollowerState
2019-09-26 16:01:49,004 [grpc-default-executor-0] INFO  impl.RoleInfo (RoleInfo.java:updateAndGet(143)) - 9f94f691-0884-4444-930f-fe6b174506dd: start FollowerState
2019-09-26 16:01:49,004 [grpc-default-executor-8] INFO  impl.RoleInfo (RoleInfo.java:updateAndGet(143)) - 78fe6ec9-8553-4a78-a89d-2d8ec94d0a0a: start FollowerState
2019-09-26 16:01:49,011 [9f94f691-0884-4444-930f-fe6b174506dd@group-B19791551BF0-SegmentedRaftLogWorker] INFO  segmented.SegmentedRaftLogWorker (SegmentedRaftLogWorker.java:execute(569)) - 9f94f691-0884-4444-930f-fe6b174506dd@group-B19791551BF0-SegmentedRaftLogWorker: created new log segment /workdir/hadoop-ozone/integration-test/target/test-dir/MiniOzoneClusterImpl-37ef80a0-c7b2-4a5a-9454-a4bcd92af4bb/datanode-2/data/ratis/e7a54b62-880c-49d2-b122-b19791551bf0/current/log_inprogress_0
2019-09-26 16:01:49,015 [8313d97f-2d94-4d1e-92c6-63f4a9fb5f70@group-29F9F8F5C47F:LeaderElection55] INFO  impl.LeaderElection (LeaderElection.java:logAndReturn(56)) - 8313d97f-2d94-4d1e-92c6-63f4a9fb5f70@group-29F9F8F5C47F:LeaderElection55: Election PASSED; received 1 response(s) [8313d97f-2d94-4d1e-92c6-63f4a9fb5f70<-9f94f691-0884-4444-930f-fe6b174506dd#0:OK-t1] and 0 exception(s); 8313d97f-2d94-4d1e-92c6-63f4a9fb5f70@group-29F9F8F5C47F:t1, leader=null, voted=8313d97f-2d94-4d1e-92c6-63f4a9fb5f70, raftlog=8313d97f-2d94-4d1e-92c6-63f4a9fb5f70@group-29F9F8F5C47F-SegmentedRaftLog:OPENED:c-1,f-1,i0, conf=-1: [9f94f691-0884-4444-930f-fe6b174506dd:192.168.30.25:38956, 8313d97f-2d94-4d1e-92c6-63f4a9fb5f70:192.168.30.25:35781, 78fe6ec9-8553-4a78-a89d-2d8ec94d0a0a:192.168.30.25:34653], old=null
2019-09-26 16:01:49,015 [8313d97f-2d94-4d1e-92c6-63f4a9fb5f70@group-29F9F8F5C47F:LeaderElection55] INFO  impl.RoleInfo (RoleInfo.java:shutdownLeaderElection(134)) - 8313d97f-2d94-4d1e-92c6-63f4a9fb5f70: shutdown LeaderElection
2019-09-26 16:01:49,016 [8313d97f-2d94-4d1e-92c6-63f4a9fb5f70@group-29F9F8F5C47F:LeaderElection55] INFO  impl.RaftServerImpl (RaftServerImpl.java:setRole(174)) - 8313d97f-2d94-4d1e-92c6-63f4a9fb5f70@group-29F9F8F5C47F: changes role from CANDIDATE to LEADER at term 1 for changeToLeader
2019-09-26 16:01:49,016 [8313d97f-2d94-4d1e-92c6-63f4a9fb5f70@group-29F9F8F5C47F:LeaderElection55] INFO  impl.RaftServerImpl (ServerState.java:setLeader(253)) - 8313d97f-2d94-4d1e-92c6-63f4a9fb5f70@group-29F9F8F5C47F: change Leader from null to 8313d97f-2d94-4d1e-92c6-63f4a9fb5f70 at term 1 for becomeLeader, leader elected after 5146ms
2019-09-26 16:01:49,016 [8313d97f-2d94-4d1e-92c6-63f4a9fb5f70@group-29F9F8F5C47F:LeaderElection55] INFO  server.RaftServerConfigKeys (ConfUtils.java:logGet(43)) - raft.server.staging.catchup.gap = 1000 (default)
2019-09-26 16:01:49,016 [8313d97f-2d94-4d1e-92c6-63f4a9fb5f70@group-29F9F8F5C47F:LeaderElection55] INFO  server.RaftServerConfigKeys (ConfUtils.java:logGet(43)) - raft.server.rpc.sleep.time = 25ms (default)
2019-09-26 16:01:49,016 [8313d97f-2d94-4d1e-92c6-63f4a9fb5f70@group-29F9F8F5C47F:LeaderElection55] INFO  server.RaftServerConfigKeys (ConfUtils.java:logGet(43)) - raft.server.write.element-limit = 4096 (default)
2019-09-26 16:01:49,017 [8313d97f-2d94-4d1e-92c6-63f4a9fb5f70@group-29F9F8F5C47F:LeaderElection55] INFO  server.RaftServerConfigKeys (ConfUtils.java:logGet(43)) - raft.server.watch.timeout = 10s (default)
2019-09-26 16:01:49,017 [8313d97f-2d94-4d1e-92c6-63f4a9fb5f70@group-29F9F8F5C47F:LeaderElection55] INFO  server.RaftServerConfigKeys (ConfUtils.java:logGet(43)) - raft.server.watch.timeout.denomination = 1s (default)
2019-09-26 16:01:49,017 [8313d97f-2d94-4d1e-92c6-63f4a9fb5f70@group-29F9F8F5C47F:LeaderElection55] INFO  server.RaftServerConfigKeys (ConfUtils.java:logGet(43)) - raft.server.watch.element-limit = 65536 (default)
2019-09-26 16:01:49,020 [8313d97f-2d94-4d1e-92c6-63f4a9fb5f70@group-29F9F8F5C47F:LeaderElection55] INFO  server.RaftServerConfigKeys (ConfUtils.java:logGet(43)) - raft.server.log.appender.snapshot.chunk.size.max = 16MB (=16777216) (default)
2019-09-26 16:01:49,020 [8313d97f-2d94-4d1e-92c6-63f4a9fb5f70@group-29F9F8F5C47F:LeaderElection55] INFO  server.RaftServerConfigKeys (ConfUtils.java:logGet(43)) - raft.server.log.appender.buffer.byte-limit = 33554432 (custom)
2019-09-26 16:01:49,021 [8313d97f-2d94-4d1e-92c6-63f4a9fb5f70@group-29F9F8F5C47F:LeaderElection55] INFO  server.RaftServerConfigKeys (ConfUtils.java:logGet(43)) - raft.server.log.appender.buffer.element-limit = 1 (custom)
2019-09-26 16:01:49,021 [8313d97f-2d94-4d1e-92c6-63f4a9fb5f70@group-29F9F8F5C47F:LeaderElection55] INFO  grpc.GrpcConfigKeys$Server (ConfUtils.java:logGet(43)) - raft.grpc.server.leader.outstanding.appends.max = 128 (default)
2019-09-26 16:01:49,021 [8313d97f-2d94-4d1e-92c6-63f4a9fb5f70@group-29F9F8F5C47F:LeaderElection55] INFO  server.RaftServerConfigKeys (ConfUtils.java:logGet(43)) - raft.server.rpc.request.timeout = 3000ms (default)
2019-09-26 16:01:49,022 [8313d97f-2d94-4d1e-92c6-63f4a9fb5f70@group-29F9F8F5C47F:LeaderElection55] INFO  server.RaftServerConfigKeys (ConfUtils.java:logGet(43)) - raft.server.log.appender.install.snapshot.enabled = false (custom)
2019-09-26 16:01:49,022 [8313d97f-2d94-4d1e-92c6-63f4a9fb5f70@group-29F9F8F5C47F:LeaderElection55] INFO  server.RaftServerConfigKeys (ConfUtils.java:logGet(43)) - raft.server.log.appender.snapshot.chunk.size.max = 16MB (=16777216) (default)
2019-09-26 16:01:49,022 [8313d97f-2d94-4d1e-92c6-63f4a9fb5f70@group-29F9F8F5C47F:LeaderElection55] INFO  server.RaftServerConfigKeys (ConfUtils.java:logGet(43)) - raft.server.log.appender.buffer.byte-limit = 33554432 (custom)
2019-09-26 16:01:49,022 [8313d97f-2d94-4d1e-92c6-63f4a9fb5f70@group-29F9F8F5C47F:LeaderElection55] INFO  server.RaftServerConfigKeys (ConfUtils.java:logGet(43)) - raft.server.log.appender.buffer.element-limit = 1 (custom)
2019-09-26 16:01:49,023 [8313d97f-2d94-4d1e-92c6-63f4a9fb5f70@group-29F9F8F5C47F:LeaderElection55] INFO  grpc.GrpcConfigKeys$Server (ConfUtils.java:logGet(43)) - raft.grpc.server.leader.outstanding.appends.max = 128 (default)
2019-09-26 16:01:49,023 [8313d97f-2d94-4d1e-92c6-63f4a9fb5f70@group-29F9F8F5C47F:LeaderElection55] INFO  server.RaftServerConfigKeys (ConfUtils.java:logGet(43)) - raft.server.rpc.request.timeout = 3000ms (default)
2019-09-26 16:01:49,023 [8313d97f-2d94-4d1e-92c6-63f4a9fb5f70@group-29F9F8F5C47F:LeaderElection55] INFO  server.RaftServerConfigKeys (ConfUtils.java:logGet(43)) - raft.server.log.appender.install.snapshot.enabled = false (custom)
2019-09-26 16:01:49,024 [8313d97f-2d94-4d1e-92c6-63f4a9fb5f70@group-29F9F8F5C47F:LeaderElection55] INFO  impl.RoleInfo (RoleInfo.java:updateAndGet(143)) - 8313d97f-2d94-4d1e-92c6-63f4a9fb5f70: start LeaderState
2019-09-26 16:01:49,024 [8313d97f-2d94-4d1e-92c6-63f4a9fb5f70@group-29F9F8F5C47F:LeaderElection55] INFO  segmented.SegmentedRaftLogWorker (SegmentedRaftLogWorker.java:startLogSegment(380)) - 8313d97f-2d94-4d1e-92c6-63f4a9fb5f70@group-29F9F8F5C47F-SegmentedRaftLogWorker: Starting segment from index:0
2019-09-26 16:01:49,025 [8313d97f-2d94-4d1e-92c6-63f4a9fb5f70@group-29F9F8F5C47F:LeaderElection55] INFO  impl.RaftServerImpl (ServerState.java:setRaftConf(354)) - 8313d97f-2d94-4d1e-92c6-63f4a9fb5f70@group-29F9F8F5C47F: set configuration 0: [9f94f691-0884-4444-930f-fe6b174506dd:192.168.30.25:38956, 8313d97f-2d94-4d1e-92c6-63f4a9fb5f70:192.168.30.25:35781, 78fe6ec9-8553-4a78-a89d-2d8ec94d0a0a:192.168.30.25:34653], old=null at 0
2019-09-26 16:01:49,066 [Thread-2913] INFO  impl.FollowerState (FollowerState.java:run(106)) - acecd6ed-521c-4847-90c2-b671590b4ee4:group-CF6F3017991A changes to CANDIDATE, lastRpcTime:5018, electionTimeout:5018ms
2019-09-26 16:01:49,069 [Thread-2913] INFO  impl.RoleInfo (RoleInfo.java:shutdownFollowerState(121)) - acecd6ed-521c-4847-90c2-b671590b4ee4: shutdown FollowerState
2019-09-26 16:01:49,069 [Thread-2913] INFO  impl.RaftServerImpl (RaftServerImpl.java:setRole(174)) - acecd6ed-521c-4847-90c2-b671590b4ee4@group-CF6F3017991A: changes role from  FOLLOWER to CANDIDATE at term 0 for changeToCandidate
2019-09-26 16:01:49,070 [Thread-2913] INFO  impl.RoleInfo (RoleInfo.java:updateAndGet(143)) - acecd6ed-521c-4847-90c2-b671590b4ee4: start LeaderElection
2019-09-26 16:01:49,084 [8313d97f-2d94-4d1e-92c6-63f4a9fb5f70@group-29F9F8F5C47F-SegmentedRaftLogWorker] INFO  segmented.SegmentedRaftLogWorker (SegmentedRaftLogWorker.java:execute(569)) - 8313d97f-2d94-4d1e-92c6-63f4a9fb5f70@group-29F9F8F5C47F-SegmentedRaftLogWorker: created new log segment /workdir/hadoop-ozone/integration-test/target/test-dir/MiniOzoneClusterImpl-37ef80a0-c7b2-4a5a-9454-a4bcd92af4bb/datanode-0/data/ratis/ea83e6af-74fd-4d0d-9f3b-29f9f8f5c47f/current/log_inprogress_0
2019-09-26 16:01:49,084 [grpc-default-executor-0] INFO  impl.RaftServerImpl (ServerState.java:setLeader(253)) - 9f94f691-0884-4444-930f-fe6b174506dd@group-29F9F8F5C47F: change Leader from null to 8313d97f-2d94-4d1e-92c6-63f4a9fb5f70 at term 1 for appendEntries, leader elected after 5215ms
2019-09-26 16:01:49,084 [grpc-default-executor-8] INFO  impl.RaftServerImpl (ServerState.java:setLeader(253)) - 78fe6ec9-8553-4a78-a89d-2d8ec94d0a0a@group-29F9F8F5C47F: change Leader from null to 8313d97f-2d94-4d1e-92c6-63f4a9fb5f70 at term 1 for appendEntries, leader elected after 5215ms
2019-09-26 16:01:49,088 [grpc-default-executor-8] INFO  impl.RaftServerImpl (ServerState.java:setRaftConf(354)) - 78fe6ec9-8553-4a78-a89d-2d8ec94d0a0a@group-29F9F8F5C47F: set configuration 0: [9f94f691-0884-4444-930f-fe6b174506dd:192.168.30.25:38956, 8313d97f-2d94-4d1e-92c6-63f4a9fb5f70:192.168.30.25:35781, 78fe6ec9-8553-4a78-a89d-2d8ec94d0a0a:192.168.30.25:34653], old=null at 0
2019-09-26 16:01:49,088 [grpc-default-executor-0] INFO  impl.RaftServerImpl (ServerState.java:setRaftConf(354)) - 9f94f691-0884-4444-930f-fe6b174506dd@group-29F9F8F5C47F: set configuration 0: [9f94f691-0884-4444-930f-fe6b174506dd:192.168.30.25:38956, 8313d97f-2d94-4d1e-92c6-63f4a9fb5f70:192.168.30.25:35781, 78fe6ec9-8553-4a78-a89d-2d8ec94d0a0a:192.168.30.25:34653], old=null at 0
2019-09-26 16:01:49,088 [grpc-default-executor-8] INFO  segmented.SegmentedRaftLogWorker (SegmentedRaftLogWorker.java:startLogSegment(380)) - 78fe6ec9-8553-4a78-a89d-2d8ec94d0a0a@group-29F9F8F5C47F-SegmentedRaftLogWorker: Starting segment from index:0
2019-09-26 16:01:49,088 [grpc-default-executor-0] INFO  segmented.SegmentedRaftLogWorker (SegmentedRaftLogWorker.java:startLogSegment(380)) - 9f94f691-0884-4444-930f-fe6b174506dd@group-29F9F8F5C47F-SegmentedRaftLogWorker: Starting segment from index:0
2019-09-26 16:01:49,100 [acecd6ed-521c-4847-90c2-b671590b4ee4@group-CF6F3017991A:LeaderElection57] INFO  impl.LeaderElection (LeaderElection.java:askForVotes(182)) - acecd6ed-521c-4847-90c2-b671590b4ee4@group-CF6F3017991A:LeaderElection57: begin an election at term 1 for -1: [acecd6ed-521c-4847-90c2-b671590b4ee4:192.168.30.25:37337], old=null
2019-09-26 16:01:49,100 [acecd6ed-521c-4847-90c2-b671590b4ee4@group-CF6F3017991A:LeaderElection57] INFO  impl.RoleInfo (RoleInfo.java:shutdownLeaderElection(134)) - acecd6ed-521c-4847-90c2-b671590b4ee4: shutdown LeaderElection
2019-09-26 16:01:49,100 [acecd6ed-521c-4847-90c2-b671590b4ee4@group-CF6F3017991A:LeaderElection57] INFO  impl.RaftServerImpl (RaftServerImpl.java:setRole(174)) - acecd6ed-521c-4847-90c2-b671590b4ee4@group-CF6F3017991A: changes role from CANDIDATE to LEADER at term 1 for changeToLeader
2019-09-26 16:01:49,101 [acecd6ed-521c-4847-90c2-b671590b4ee4@group-CF6F3017991A:LeaderElection57] INFO  impl.RaftServerImpl (ServerState.java:setLeader(253)) - acecd6ed-521c-4847-90c2-b671590b4ee4@group-CF6F3017991A: change Leader from null to acecd6ed-521c-4847-90c2-b671590b4ee4 at term 1 for becomeLeader, leader elected after 5059ms
2019-09-26 16:01:49,101 [acecd6ed-521c-4847-90c2-b671590b4ee4@group-CF6F3017991A:LeaderElection57] INFO  server.RaftServerConfigKeys (ConfUtils.java:logGet(43)) - raft.server.staging.catchup.gap = 1000 (default)
2019-09-26 16:01:49,101 [acecd6ed-521c-4847-90c2-b671590b4ee4@group-CF6F3017991A:LeaderElection57] INFO  server.RaftServerConfigKeys (ConfUtils.java:logGet(43)) - raft.server.rpc.sleep.time = 25ms (default)
2019-09-26 16:01:49,101 [acecd6ed-521c-4847-90c2-b671590b4ee4@group-CF6F3017991A:LeaderElection57] INFO  server.RaftServerConfigKeys (ConfUtils.java:logGet(43)) - raft.server.write.element-limit = 4096 (default)
2019-09-26 16:01:49,101 [acecd6ed-521c-4847-90c2-b671590b4ee4@group-CF6F3017991A:LeaderElection57] INFO  server.RaftServerConfigKeys (ConfUtils.java:logGet(43)) - raft.server.watch.timeout = 10s (default)
2019-09-26 16:01:49,101 [acecd6ed-521c-4847-90c2-b671590b4ee4@group-CF6F3017991A:LeaderElection57] INFO  server.RaftServerConfigKeys (ConfUtils.java:logGet(43)) - raft.server.watch.timeout.denomination = 1s (default)
2019-09-26 16:01:49,101 [acecd6ed-521c-4847-90c2-b671590b4ee4@group-CF6F3017991A:LeaderElection57] INFO  server.RaftServerConfigKeys (ConfUtils.java:logGet(43)) - raft.server.watch.element-limit = 65536 (default)
2019-09-26 16:01:49,103 [acecd6ed-521c-4847-90c2-b671590b4ee4@group-CF6F3017991A:LeaderElection57] INFO  impl.RoleInfo (RoleInfo.java:updateAndGet(143)) - acecd6ed-521c-4847-90c2-b671590b4ee4: start LeaderState
2019-09-26 16:01:49,103 [acecd6ed-521c-4847-90c2-b671590b4ee4@group-CF6F3017991A:LeaderElection57] INFO  segmented.SegmentedRaftLogWorker (SegmentedRaftLogWorker.java:startLogSegment(380)) - acecd6ed-521c-4847-90c2-b671590b4ee4@group-CF6F3017991A-SegmentedRaftLogWorker: Starting segment from index:0
2019-09-26 16:01:49,104 [acecd6ed-521c-4847-90c2-b671590b4ee4@group-CF6F3017991A:LeaderElection57] INFO  impl.RaftServerImpl (ServerState.java:setRaftConf(354)) - acecd6ed-521c-4847-90c2-b671590b4ee4@group-CF6F3017991A: set configuration 0: [acecd6ed-521c-4847-90c2-b671590b4ee4:192.168.30.25:37337], old=null at 0
2019-09-26 16:01:49,159 [78fe6ec9-8553-4a78-a89d-2d8ec94d0a0a@group-29F9F8F5C47F-SegmentedRaftLogWorker] INFO  segmented.SegmentedRaftLogWorker (SegmentedRaftLogWorker.java:execute(569)) - 78fe6ec9-8553-4a78-a89d-2d8ec94d0a0a@group-29F9F8F5C47F-SegmentedRaftLogWorker: created new log segment /workdir/hadoop-ozone/integration-test/target/test-dir/MiniOzoneClusterImpl-37ef80a0-c7b2-4a5a-9454-a4bcd92af4bb/datanode-1/data/ratis/ea83e6af-74fd-4d0d-9f3b-29f9f8f5c47f/current/log_inprogress_0
2019-09-26 16:01:49,159 [acecd6ed-521c-4847-90c2-b671590b4ee4@group-CF6F3017991A-SegmentedRaftLogWorker] INFO  segmented.SegmentedRaftLogWorker (SegmentedRaftLogWorker.java:execute(569)) - acecd6ed-521c-4847-90c2-b671590b4ee4@group-CF6F3017991A-SegmentedRaftLogWorker: created new log segment /workdir/hadoop-ozone/integration-test/target/test-dir/MiniOzoneClusterImpl-37ef80a0-c7b2-4a5a-9454-a4bcd92af4bb/datanode-5/data/ratis/0df59435-2d0e-4e97-ac0c-cf6f3017991a/current/log_inprogress_0
2019-09-26 16:01:49,159 [9f94f691-0884-4444-930f-fe6b174506dd@group-29F9F8F5C47F-SegmentedRaftLogWorker] INFO  segmented.SegmentedRaftLogWorker (SegmentedRaftLogWorker.java:execute(569)) - 9f94f691-0884-4444-930f-fe6b174506dd@group-29F9F8F5C47F-SegmentedRaftLogWorker: created new log segment /workdir/hadoop-ozone/integration-test/target/test-dir/MiniOzoneClusterImpl-37ef80a0-c7b2-4a5a-9454-a4bcd92af4bb/datanode-2/data/ratis/ea83e6af-74fd-4d0d-9f3b-29f9f8f5c47f/current/log_inprogress_0
2019-09-26 16:01:49,174 [Thread-2910] INFO  impl.FollowerState (FollowerState.java:run(106)) - 677fedf0-f3ff-4f0d-bf3f-efe50b6efefa:group-733BC87D5D13 changes to CANDIDATE, lastRpcTime:5170, electionTimeout:5170ms
2019-09-26 16:01:49,174 [Thread-2910] INFO  impl.RoleInfo (RoleInfo.java:shutdownFollowerState(121)) - 677fedf0-f3ff-4f0d-bf3f-efe50b6efefa: shutdown FollowerState
2019-09-26 16:01:49,175 [Thread-2910] INFO  impl.RaftServerImpl (RaftServerImpl.java:setRole(174)) - 677fedf0-f3ff-4f0d-bf3f-efe50b6efefa@group-733BC87D5D13: changes role from  FOLLOWER to CANDIDATE at term 0 for changeToCandidate
2019-09-26 16:01:49,175 [Thread-2910] INFO  impl.RoleInfo (RoleInfo.java:updateAndGet(143)) - 677fedf0-f3ff-4f0d-bf3f-efe50b6efefa: start LeaderElection
2019-09-26 16:01:49,195 [677fedf0-f3ff-4f0d-bf3f-efe50b6efefa@group-733BC87D5D13:LeaderElection58] INFO  impl.LeaderElection (LeaderElection.java:askForVotes(182)) - 677fedf0-f3ff-4f0d-bf3f-efe50b6efefa@group-733BC87D5D13:LeaderElection58: begin an election at term 1 for -1: [677fedf0-f3ff-4f0d-bf3f-efe50b6efefa:192.168.30.25:33755], old=null
2019-09-26 16:01:49,195 [677fedf0-f3ff-4f0d-bf3f-efe50b6efefa@group-733BC87D5D13:LeaderElection58] INFO  impl.RoleInfo (RoleInfo.java:shutdownLeaderElection(134)) - 677fedf0-f3ff-4f0d-bf3f-efe50b6efefa: shutdown LeaderElection
2019-09-26 16:01:49,196 [677fedf0-f3ff-4f0d-bf3f-efe50b6efefa@group-733BC87D5D13:LeaderElection58] INFO  impl.RaftServerImpl (RaftServerImpl.java:setRole(174)) - 677fedf0-f3ff-4f0d-bf3f-efe50b6efefa@group-733BC87D5D13: changes role from CANDIDATE to LEADER at term 1 for changeToLeader
2019-09-26 16:01:49,196 [677fedf0-f3ff-4f0d-bf3f-efe50b6efefa@group-733BC87D5D13:LeaderElection58] INFO  impl.RaftServerImpl (ServerState.java:setLeader(253)) - 677fedf0-f3ff-4f0d-bf3f-efe50b6efefa@group-733BC87D5D13: change Leader from null to 677fedf0-f3ff-4f0d-bf3f-efe50b6efefa at term 1 for becomeLeader, leader elected after 5199ms
2019-09-26 16:01:49,196 [677fedf0-f3ff-4f0d-bf3f-efe50b6efefa@group-733BC87D5D13:LeaderElection58] INFO  server.RaftServerConfigKeys (ConfUtils.java:logGet(43)) - raft.server.staging.catchup.gap = 1000 (default)
2019-09-26 16:01:49,196 [677fedf0-f3ff-4f0d-bf3f-efe50b6efefa@group-733BC87D5D13:LeaderElection58] INFO  server.RaftServerConfigKeys (ConfUtils.java:logGet(43)) - raft.server.rpc.sleep.time = 25ms (default)
2019-09-26 16:01:49,196 [677fedf0-f3ff-4f0d-bf3f-efe50b6efefa@group-733BC87D5D13:LeaderElection58] INFO  server.RaftServerConfigKeys (ConfUtils.java:logGet(43)) - raft.server.write.element-limit = 4096 (default)
2019-09-26 16:01:49,196 [677fedf0-f3ff-4f0d-bf3f-efe50b6efefa@group-733BC87D5D13:LeaderElection58] INFO  server.RaftServerConfigKeys (ConfUtils.java:logGet(43)) - raft.server.watch.timeout = 10s (default)
2019-09-26 16:01:49,197 [677fedf0-f3ff-4f0d-bf3f-efe50b6efefa@group-733BC87D5D13:LeaderElection58] INFO  server.RaftServerConfigKeys (ConfUtils.java:logGet(43)) - raft.server.watch.timeout.denomination = 1s (default)
2019-09-26 16:01:49,197 [677fedf0-f3ff-4f0d-bf3f-efe50b6efefa@group-733BC87D5D13:LeaderElection58] INFO  server.RaftServerConfigKeys (ConfUtils.java:logGet(43)) - raft.server.watch.element-limit = 65536 (default)
2019-09-26 16:01:49,199 [677fedf0-f3ff-4f0d-bf3f-efe50b6efefa@group-733BC87D5D13:LeaderElection58] INFO  impl.RoleInfo (RoleInfo.java:updateAndGet(143)) - 677fedf0-f3ff-4f0d-bf3f-efe50b6efefa: start LeaderState
2019-09-26 16:01:49,199 [677fedf0-f3ff-4f0d-bf3f-efe50b6efefa@group-733BC87D5D13:LeaderElection58] INFO  segmented.SegmentedRaftLogWorker (SegmentedRaftLogWorker.java:startLogSegment(380)) - 677fedf0-f3ff-4f0d-bf3f-efe50b6efefa@group-733BC87D5D13-SegmentedRaftLogWorker: Starting segment from index:0
2019-09-26 16:01:49,200 [677fedf0-f3ff-4f0d-bf3f-efe50b6efefa@group-733BC87D5D13:LeaderElection58] INFO  impl.RaftServerImpl (ServerState.java:setRaftConf(354)) - 677fedf0-f3ff-4f0d-bf3f-efe50b6efefa@group-733BC87D5D13: set configuration 0: [677fedf0-f3ff-4f0d-bf3f-efe50b6efefa:192.168.30.25:33755], old=null at 0
2019-09-26 16:01:49,245 [Thread-2918] INFO  impl.FollowerState (FollowerState.java:run(106)) - 92335f2c-6300-4e2c-8b27-b5b19b8ba4b6:group-02CE31911551 changes to CANDIDATE, lastRpcTime:5136, electionTimeout:5120ms
2019-09-26 16:01:49,245 [Thread-2918] INFO  impl.RoleInfo (RoleInfo.java:shutdownFollowerState(121)) - 92335f2c-6300-4e2c-8b27-b5b19b8ba4b6: shutdown FollowerState
2019-09-26 16:01:49,246 [Thread-2918] INFO  impl.RaftServerImpl (RaftServerImpl.java:setRole(174)) - 92335f2c-6300-4e2c-8b27-b5b19b8ba4b6@group-02CE31911551: changes role from  FOLLOWER to CANDIDATE at term 0 for changeToCandidate
2019-09-26 16:01:49,246 [Thread-2918] INFO  impl.RoleInfo (RoleInfo.java:updateAndGet(143)) - 92335f2c-6300-4e2c-8b27-b5b19b8ba4b6: start LeaderElection
2019-09-26 16:01:49,255 [Thread-2926] INFO  impl.FollowerState (FollowerState.java:run(106)) - 677fedf0-f3ff-4f0d-bf3f-efe50b6efefa:group-D2E23EB158A5 changes to CANDIDATE, lastRpcTime:5042, electionTimeout:5042ms
2019-09-26 16:01:49,256 [Thread-2926] INFO  impl.RoleInfo (RoleInfo.java:shutdownFollowerState(121)) - 677fedf0-f3ff-4f0d-bf3f-efe50b6efefa: shutdown FollowerState
2019-09-26 16:01:49,256 [Thread-2926] INFO  impl.RaftServerImpl (RaftServerImpl.java:setRole(174)) - 677fedf0-f3ff-4f0d-bf3f-efe50b6efefa@group-D2E23EB158A5: changes role from  FOLLOWER to CANDIDATE at term 0 for changeToCandidate
2019-09-26 16:01:49,256 [Thread-2926] INFO  impl.RoleInfo (RoleInfo.java:updateAndGet(143)) - 677fedf0-f3ff-4f0d-bf3f-efe50b6efefa: start LeaderElection
2019-09-26 16:01:49,259 [677fedf0-f3ff-4f0d-bf3f-efe50b6efefa@group-733BC87D5D13-SegmentedRaftLogWorker] INFO  segmented.SegmentedRaftLogWorker (SegmentedRaftLogWorker.java:execute(569)) - 677fedf0-f3ff-4f0d-bf3f-efe50b6efefa@group-733BC87D5D13-SegmentedRaftLogWorker: created new log segment /workdir/hadoop-ozone/integration-test/target/test-dir/MiniOzoneClusterImpl-37ef80a0-c7b2-4a5a-9454-a4bcd92af4bb/datanode-3/data/ratis/6b575f32-7037-4ac6-87aa-733bc87d5d13/current/log_inprogress_0
2019-09-26 16:01:49,262 [92335f2c-6300-4e2c-8b27-b5b19b8ba4b6@group-02CE31911551:LeaderElection59] INFO  impl.LeaderElection (LeaderElection.java:askForVotes(182)) - 92335f2c-6300-4e2c-8b27-b5b19b8ba4b6@group-02CE31911551:LeaderElection59: begin an election at term 1 for -1: [92335f2c-6300-4e2c-8b27-b5b19b8ba4b6:192.168.30.25:45713], old=null
2019-09-26 16:01:49,262 [92335f2c-6300-4e2c-8b27-b5b19b8ba4b6@group-02CE31911551:LeaderElection59] INFO  impl.RoleInfo (RoleInfo.java:shutdownLeaderElection(134)) - 92335f2c-6300-4e2c-8b27-b5b19b8ba4b6: shutdown LeaderElection
2019-09-26 16:01:49,262 [92335f2c-6300-4e2c-8b27-b5b19b8ba4b6@group-02CE31911551:LeaderElection59] INFO  impl.RaftServerImpl (RaftServerImpl.java:setRole(174)) - 92335f2c-6300-4e2c-8b27-b5b19b8ba4b6@group-02CE31911551: changes role from CANDIDATE to LEADER at term 1 for changeToLeader
2019-09-26 16:01:49,262 [92335f2c-6300-4e2c-8b27-b5b19b8ba4b6@group-02CE31911551:LeaderElection59] INFO  impl.RaftServerImpl (ServerState.java:setLeader(253)) - 92335f2c-6300-4e2c-8b27-b5b19b8ba4b6@group-02CE31911551: change Leader from null to 92335f2c-6300-4e2c-8b27-b5b19b8ba4b6 at term 1 for becomeLeader, leader elected after 5158ms
2019-09-26 16:01:49,263 [92335f2c-6300-4e2c-8b27-b5b19b8ba4b6@group-02CE31911551:LeaderElection59] INFO  server.RaftServerConfigKeys (ConfUtils.java:logGet(43)) - raft.server.staging.catchup.gap = 1000 (default)
2019-09-26 16:01:49,263 [92335f2c-6300-4e2c-8b27-b5b19b8ba4b6@group-02CE31911551:LeaderElection59] INFO  server.RaftServerConfigKeys (ConfUtils.java:logGet(43)) - raft.server.rpc.sleep.time = 25ms (default)
2019-09-26 16:01:49,263 [92335f2c-6300-4e2c-8b27-b5b19b8ba4b6@group-02CE31911551:LeaderElection59] INFO  server.RaftServerConfigKeys (ConfUtils.java:logGet(43)) - raft.server.write.element-limit = 4096 (default)
2019-09-26 16:01:49,263 [92335f2c-6300-4e2c-8b27-b5b19b8ba4b6@group-02CE31911551:LeaderElection59] INFO  server.RaftServerConfigKeys (ConfUtils.java:logGet(43)) - raft.server.watch.timeout = 10s (default)
2019-09-26 16:01:49,263 [92335f2c-6300-4e2c-8b27-b5b19b8ba4b6@group-02CE31911551:LeaderElection59] INFO  server.RaftServerConfigKeys (ConfUtils.java:logGet(43)) - raft.server.watch.timeout.denomination = 1s (default)
2019-09-26 16:01:49,263 [92335f2c-6300-4e2c-8b27-b5b19b8ba4b6@group-02CE31911551:LeaderElection59] INFO  server.RaftServerConfigKeys (ConfUtils.java:logGet(43)) - raft.server.watch.element-limit = 65536 (default)
2019-09-26 16:01:49,265 [92335f2c-6300-4e2c-8b27-b5b19b8ba4b6@group-02CE31911551:LeaderElection59] INFO  impl.RoleInfo (RoleInfo.java:updateAndGet(143)) - 92335f2c-6300-4e2c-8b27-b5b19b8ba4b6: start LeaderState
2019-09-26 16:01:49,265 [92335f2c-6300-4e2c-8b27-b5b19b8ba4b6@group-02CE31911551:LeaderElection59] INFO  segmented.SegmentedRaftLogWorker (SegmentedRaftLogWorker.java:startLogSegment(380)) - 92335f2c-6300-4e2c-8b27-b5b19b8ba4b6@group-02CE31911551-SegmentedRaftLogWorker: Starting segment from index:0
2019-09-26 16:01:49,265 [92335f2c-6300-4e2c-8b27-b5b19b8ba4b6@group-02CE31911551:LeaderElection59] INFO  impl.RaftServerImpl (ServerState.java:setRaftConf(354)) - 92335f2c-6300-4e2c-8b27-b5b19b8ba4b6@group-02CE31911551: set configuration 0: [92335f2c-6300-4e2c-8b27-b5b19b8ba4b6:192.168.30.25:45713], old=null at 0
2019-09-26 16:01:49,268 [Thread-2921] INFO  impl.FollowerState (FollowerState.java:run(106)) - 3fb57adb-a0d1-4f11-b6a1-e7035e94dbe3:group-105F6CC09499 changes to CANDIDATE, lastRpcTime:5116, electionTimeout:5114ms
2019-09-26 16:01:49,268 [Thread-2921] INFO  impl.RoleInfo (RoleInfo.java:shutdownFollowerState(121)) - 3fb57adb-a0d1-4f11-b6a1-e7035e94dbe3: shutdown FollowerState
2019-09-26 16:01:49,269 [Thread-2921] INFO  impl.RaftServerImpl (RaftServerImpl.java:setRole(174)) - 3fb57adb-a0d1-4f11-b6a1-e7035e94dbe3@group-105F6CC09499: changes role from  FOLLOWER to CANDIDATE at term 0 for changeToCandidate
2019-09-26 16:01:49,269 [Thread-2921] INFO  impl.RoleInfo (RoleInfo.java:updateAndGet(143)) - 3fb57adb-a0d1-4f11-b6a1-e7035e94dbe3: start LeaderElection
2019-09-26 16:01:49,308 [677fedf0-f3ff-4f0d-bf3f-efe50b6efefa@group-D2E23EB158A5:LeaderElection60] INFO  impl.LeaderElection (LeaderElection.java:askForVotes(182)) - 677fedf0-f3ff-4f0d-bf3f-efe50b6efefa@group-D2E23EB158A5:LeaderElection60: begin an election at term 1 for -1: [acecd6ed-521c-4847-90c2-b671590b4ee4:192.168.30.25:37337, 92335f2c-6300-4e2c-8b27-b5b19b8ba4b6:192.168.30.25:45713, 677fedf0-f3ff-4f0d-bf3f-efe50b6efefa:192.168.30.25:33755], old=null
2019-09-26 16:01:49,317 [grpc-default-executor-0] INFO  impl.RaftServerImpl (RaftServerImpl.java:setRole(174)) - acecd6ed-521c-4847-90c2-b671590b4ee4@group-D2E23EB158A5: changes role from  FOLLOWER to FOLLOWER at term 1 for recognizeCandidate:677fedf0-f3ff-4f0d-bf3f-efe50b6efefa
2019-09-26 16:01:49,317 [grpc-default-executor-0] INFO  impl.RoleInfo (RoleInfo.java:shutdownFollowerState(121)) - acecd6ed-521c-4847-90c2-b671590b4ee4: shutdown FollowerState
2019-09-26 16:01:49,341 [grpc-default-executor-0] INFO  impl.RoleInfo (RoleInfo.java:updateAndGet(143)) - acecd6ed-521c-4847-90c2-b671590b4ee4: start FollowerState
2019-09-26 16:01:49,342 [Thread-2927] INFO  impl.FollowerState (FollowerState.java:run(115)) - acecd6ed-521c-4847-90c2-b671590b4ee4: FollowerState was interrupted: java.lang.InterruptedException: sleep interrupted
2019-09-26 16:01:49,345 [3fb57adb-a0d1-4f11-b6a1-e7035e94dbe3@group-105F6CC09499:LeaderElection61] INFO  impl.LeaderElection (LeaderElection.java:askForVotes(182)) - 3fb57adb-a0d1-4f11-b6a1-e7035e94dbe3@group-105F6CC09499:LeaderElection61: begin an election at term 1 for -1: [3fb57adb-a0d1-4f11-b6a1-e7035e94dbe3:192.168.30.25:34731], old=null
2019-09-26 16:01:49,345 [grpc-default-executor-8] INFO  impl.RaftServerImpl (RaftServerImpl.java:setRole(174)) - 92335f2c-6300-4e2c-8b27-b5b19b8ba4b6@group-D2E23EB158A5: changes role from  FOLLOWER to FOLLOWER at term 1 for recognizeCandidate:677fedf0-f3ff-4f0d-bf3f-efe50b6efefa
2019-09-26 16:01:49,345 [3fb57adb-a0d1-4f11-b6a1-e7035e94dbe3@group-105F6CC09499:LeaderElection61] INFO  impl.RoleInfo (RoleInfo.java:shutdownLeaderElection(134)) - 3fb57adb-a0d1-4f11-b6a1-e7035e94dbe3: shutdown LeaderElection
2019-09-26 16:01:49,345 [92335f2c-6300-4e2c-8b27-b5b19b8ba4b6@group-02CE31911551-SegmentedRaftLogWorker] INFO  segmented.SegmentedRaftLogWorker (SegmentedRaftLogWorker.java:execute(569)) - 92335f2c-6300-4e2c-8b27-b5b19b8ba4b6@group-02CE31911551-SegmentedRaftLogWorker: created new log segment /workdir/hadoop-ozone/integration-test/target/test-dir/MiniOzoneClusterImpl-37ef80a0-c7b2-4a5a-9454-a4bcd92af4bb/datanode-6/data/ratis/670f11e7-2d46-4369-aa31-02ce31911551/current/log_inprogress_0
2019-09-26 16:01:49,345 [grpc-default-executor-8] INFO  impl.RoleInfo (RoleInfo.java:shutdownFollowerState(121)) - 92335f2c-6300-4e2c-8b27-b5b19b8ba4b6: shutdown FollowerState
2019-09-26 16:01:49,345 [3fb57adb-a0d1-4f11-b6a1-e7035e94dbe3@group-105F6CC09499:LeaderElection61] INFO  impl.RaftServerImpl (RaftServerImpl.java:setRole(174)) - 3fb57adb-a0d1-4f11-b6a1-e7035e94dbe3@group-105F6CC09499: changes role from CANDIDATE to LEADER at term 1 for changeToLeader
2019-09-26 16:01:49,346 [grpc-default-executor-8] INFO  impl.RoleInfo (RoleInfo.java:updateAndGet(143)) - 92335f2c-6300-4e2c-8b27-b5b19b8ba4b6: start FollowerState
2019-09-26 16:01:49,346 [Thread-2928] INFO  impl.FollowerState (FollowerState.java:run(115)) - 92335f2c-6300-4e2c-8b27-b5b19b8ba4b6: FollowerState was interrupted: java.lang.InterruptedException: sleep interrupted
2019-09-26 16:01:49,346 [3fb57adb-a0d1-4f11-b6a1-e7035e94dbe3@group-105F6CC09499:LeaderElection61] INFO  impl.RaftServerImpl (ServerState.java:setLeader(253)) - 3fb57adb-a0d1-4f11-b6a1-e7035e94dbe3@group-105F6CC09499: change Leader from null to 3fb57adb-a0d1-4f11-b6a1-e7035e94dbe3 at term 1 for becomeLeader, leader elected after 5199ms
2019-09-26 16:01:49,349 [3fb57adb-a0d1-4f11-b6a1-e7035e94dbe3@group-105F6CC09499:LeaderElection61] INFO  server.RaftServerConfigKeys (ConfUtils.java:logGet(43)) - raft.server.staging.catchup.gap = 1000 (default)
2019-09-26 16:01:49,349 [3fb57adb-a0d1-4f11-b6a1-e7035e94dbe3@group-105F6CC09499:LeaderElection61] INFO  server.RaftServerConfigKeys (ConfUtils.java:logGet(43)) - raft.server.rpc.sleep.time = 25ms (default)
2019-09-26 16:01:49,350 [3fb57adb-a0d1-4f11-b6a1-e7035e94dbe3@group-105F6CC09499:LeaderElection61] INFO  server.RaftServerConfigKeys (ConfUtils.java:logGet(43)) - raft.server.write.element-limit = 4096 (default)
2019-09-26 16:01:49,350 [3fb57adb-a0d1-4f11-b6a1-e7035e94dbe3@group-105F6CC09499:LeaderElection61] INFO  server.RaftServerConfigKeys (ConfUtils.java:logGet(43)) - raft.server.watch.timeout = 10s (default)
2019-09-26 16:01:49,350 [3fb57adb-a0d1-4f11-b6a1-e7035e94dbe3@group-105F6CC09499:LeaderElection61] INFO  server.RaftServerConfigKeys (ConfUtils.java:logGet(43)) - raft.server.watch.timeout.denomination = 1s (default)
2019-09-26 16:01:49,350 [3fb57adb-a0d1-4f11-b6a1-e7035e94dbe3@group-105F6CC09499:LeaderElection61] INFO  server.RaftServerConfigKeys (ConfUtils.java:logGet(43)) - raft.server.watch.element-limit = 65536 (default)
2019-09-26 16:01:49,355 [3fb57adb-a0d1-4f11-b6a1-e7035e94dbe3@group-105F6CC09499:LeaderElection61] INFO  impl.RoleInfo (RoleInfo.java:updateAndGet(143)) - 3fb57adb-a0d1-4f11-b6a1-e7035e94dbe3: start LeaderState
2019-09-26 16:01:49,356 [3fb57adb-a0d1-4f11-b6a1-e7035e94dbe3@group-105F6CC09499:LeaderElection61] INFO  segmented.SegmentedRaftLogWorker (SegmentedRaftLogWorker.java:startLogSegment(380)) - 3fb57adb-a0d1-4f11-b6a1-e7035e94dbe3@group-105F6CC09499-SegmentedRaftLogWorker: Starting segment from index:0
2019-09-26 16:01:49,356 [3fb57adb-a0d1-4f11-b6a1-e7035e94dbe3@group-105F6CC09499:LeaderElection61] INFO  impl.RaftServerImpl (ServerState.java:setRaftConf(354)) - 3fb57adb-a0d1-4f11-b6a1-e7035e94dbe3@group-105F6CC09499: set configuration 0: [3fb57adb-a0d1-4f11-b6a1-e7035e94dbe3:192.168.30.25:34731], old=null at 0
2019-09-26 16:01:49,402 [677fedf0-f3ff-4f0d-bf3f-efe50b6efefa@group-D2E23EB158A5:LeaderElection60] INFO  impl.LeaderElection (LeaderElection.java:logAndReturn(56)) - 677fedf0-f3ff-4f0d-bf3f-efe50b6efefa@group-D2E23EB158A5:LeaderElection60: Election PASSED; received 1 response(s) [677fedf0-f3ff-4f0d-bf3f-efe50b6efefa<-acecd6ed-521c-4847-90c2-b671590b4ee4#0:OK-t1] and 0 exception(s); 677fedf0-f3ff-4f0d-bf3f-efe50b6efefa@group-D2E23EB158A5:t1, leader=null, voted=677fedf0-f3ff-4f0d-bf3f-efe50b6efefa, raftlog=677fedf0-f3ff-4f0d-bf3f-efe50b6efefa@group-D2E23EB158A5-SegmentedRaftLog:OPENED:c-1,f-1,i0, conf=-1: [acecd6ed-521c-4847-90c2-b671590b4ee4:192.168.30.25:37337, 92335f2c-6300-4e2c-8b27-b5b19b8ba4b6:192.168.30.25:45713, 677fedf0-f3ff-4f0d-bf3f-efe50b6efefa:192.168.30.25:33755], old=null
2019-09-26 16:01:49,403 [677fedf0-f3ff-4f0d-bf3f-efe50b6efefa@group-D2E23EB158A5:LeaderElection60] INFO  impl.RoleInfo (RoleInfo.java:shutdownLeaderElection(134)) - 677fedf0-f3ff-4f0d-bf3f-efe50b6efefa: shutdown LeaderElection
2019-09-26 16:01:49,403 [677fedf0-f3ff-4f0d-bf3f-efe50b6efefa@group-D2E23EB158A5:LeaderElection60] INFO  impl.RaftServerImpl (RaftServerImpl.java:setRole(174)) - 677fedf0-f3ff-4f0d-bf3f-efe50b6efefa@group-D2E23EB158A5: changes role from CANDIDATE to LEADER at term 1 for changeToLeader
2019-09-26 16:01:49,403 [677fedf0-f3ff-4f0d-bf3f-efe50b6efefa@group-D2E23EB158A5:LeaderElection60] INFO  impl.RaftServerImpl (ServerState.java:setLeader(253)) - 677fedf0-f3ff-4f0d-bf3f-efe50b6efefa@group-D2E23EB158A5: change Leader from null to 677fedf0-f3ff-4f0d-bf3f-efe50b6efefa at term 1 for becomeLeader, leader elected after 5201ms
2019-09-26 16:01:49,403 [677fedf0-f3ff-4f0d-bf3f-efe50b6efefa@group-D2E23EB158A5:LeaderElection60] INFO  server.RaftServerConfigKeys (ConfUtils.java:logGet(43)) - raft.server.staging.catchup.gap = 1000 (default)
2019-09-26 16:01:49,403 [677fedf0-f3ff-4f0d-bf3f-efe50b6efefa@group-D2E23EB158A5:LeaderElection60] INFO  server.RaftServerConfigKeys (ConfUtils.java:logGet(43)) - raft.server.rpc.sleep.time = 25ms (default)
2019-09-26 16:01:49,403 [677fedf0-f3ff-4f0d-bf3f-efe50b6efefa@group-D2E23EB158A5:LeaderElection60] INFO  server.RaftServerConfigKeys (ConfUtils.java:logGet(43)) - raft.server.write.element-limit = 4096 (default)
2019-09-26 16:01:49,404 [677fedf0-f3ff-4f0d-bf3f-efe50b6efefa@group-D2E23EB158A5:LeaderElection60] INFO  server.RaftServerConfigKeys (ConfUtils.java:logGet(43)) - raft.server.watch.timeout = 10s (default)
2019-09-26 16:01:49,404 [677fedf0-f3ff-4f0d-bf3f-efe50b6efefa@group-D2E23EB158A5:LeaderElection60] INFO  server.RaftServerConfigKeys (ConfUtils.java:logGet(43)) - raft.server.watch.timeout.denomination = 1s (default)
2019-09-26 16:01:49,404 [677fedf0-f3ff-4f0d-bf3f-efe50b6efefa@group-D2E23EB158A5:LeaderElection60] INFO  server.RaftServerConfigKeys (ConfUtils.java:logGet(43)) - raft.server.watch.element-limit = 65536 (default)
2019-09-26 16:01:49,406 [677fedf0-f3ff-4f0d-bf3f-efe50b6efefa@group-D2E23EB158A5:LeaderElection60] INFO  server.RaftServerConfigKeys (ConfUtils.java:logGet(43)) - raft.server.log.appender.snapshot.chunk.size.max = 16MB (=16777216) (default)
2019-09-26 16:01:49,406 [677fedf0-f3ff-4f0d-bf3f-efe50b6efefa@group-D2E23EB158A5:LeaderElection60] INFO  server.RaftServerConfigKeys (ConfUtils.java:logGet(43)) - raft.server.log.appender.buffer.byte-limit = 33554432 (custom)
2019-09-26 16:01:49,406 [677fedf0-f3ff-4f0d-bf3f-efe50b6efefa@group-D2E23EB158A5:LeaderElection60] INFO  server.RaftServerConfigKeys (ConfUtils.java:logGet(43)) - raft.server.log.appender.buffer.element-limit = 1 (custom)
2019-09-26 16:01:49,407 [677fedf0-f3ff-4f0d-bf3f-efe50b6efefa@group-D2E23EB158A5:LeaderElection60] INFO  grpc.GrpcConfigKeys$Server (ConfUtils.java:logGet(43)) - raft.grpc.server.leader.outstanding.appends.max = 128 (default)
2019-09-26 16:01:49,407 [677fedf0-f3ff-4f0d-bf3f-efe50b6efefa@group-D2E23EB158A5:LeaderElection60] INFO  server.RaftServerConfigKeys (ConfUtils.java:logGet(43)) - raft.server.rpc.request.timeout = 3000ms (default)
2019-09-26 16:01:49,407 [677fedf0-f3ff-4f0d-bf3f-efe50b6efefa@group-D2E23EB158A5:LeaderElection60] INFO  server.RaftServerConfigKeys (ConfUtils.java:logGet(43)) - raft.server.log.appender.install.snapshot.enabled = false (custom)
2019-09-26 16:01:49,407 [677fedf0-f3ff-4f0d-bf3f-efe50b6efefa@group-D2E23EB158A5:LeaderElection60] INFO  server.RaftServerConfigKeys (ConfUtils.java:logGet(43)) - raft.server.log.appender.snapshot.chunk.size.max = 16MB (=16777216) (default)
2019-09-26 16:01:49,408 [677fedf0-f3ff-4f0d-bf3f-efe50b6efefa@group-D2E23EB158A5:LeaderElection60] INFO  server.RaftServerConfigKeys (ConfUtils.java:logGet(43)) - raft.server.log.appender.buffer.byte-limit = 33554432 (custom)
2019-09-26 16:01:49,408 [677fedf0-f3ff-4f0d-bf3f-efe50b6efefa@group-D2E23EB158A5:LeaderElection60] INFO  server.RaftServerConfigKeys (ConfUtils.java:logGet(43)) - raft.server.log.appender.buffer.element-limit = 1 (custom)
2019-09-26 16:01:49,408 [677fedf0-f3ff-4f0d-bf3f-efe50b6efefa@group-D2E23EB158A5:LeaderElection60] INFO  grpc.GrpcConfigKeys$Server (ConfUtils.java:logGet(43)) - raft.grpc.server.leader.outstanding.appends.max = 128 (default)
2019-09-26 16:01:49,408 [677fedf0-f3ff-4f0d-bf3f-efe50b6efefa@group-D2E23EB158A5:LeaderElection60] INFO  server.RaftServerConfigKeys (ConfUtils.java:logGet(43)) - raft.server.rpc.request.timeout = 3000ms (default)
2019-09-26 16:01:49,409 [677fedf0-f3ff-4f0d-bf3f-efe50b6efefa@group-D2E23EB158A5:LeaderElection60] INFO  server.RaftServerConfigKeys (ConfUtils.java:logGet(43)) - raft.server.log.appender.install.snapshot.enabled = false (custom)
2019-09-26 16:01:49,409 [677fedf0-f3ff-4f0d-bf3f-efe50b6efefa@group-D2E23EB158A5:LeaderElection60] INFO  impl.RoleInfo (RoleInfo.java:updateAndGet(143)) - 677fedf0-f3ff-4f0d-bf3f-efe50b6efefa: start LeaderState
2019-09-26 16:01:49,409 [677fedf0-f3ff-4f0d-bf3f-efe50b6efefa@group-D2E23EB158A5:LeaderElection60] INFO  segmented.SegmentedRaftLogWorker (SegmentedRaftLogWorker.java:startLogSegment(380)) - 677fedf0-f3ff-4f0d-bf3f-efe50b6efefa@group-D2E23EB158A5-SegmentedRaftLogWorker: Starting segment from index:0
2019-09-26 16:01:49,409 [3fb57adb-a0d1-4f11-b6a1-e7035e94dbe3@group-105F6CC09499-SegmentedRaftLogWorker] INFO  segmented.SegmentedRaftLogWorker (SegmentedRaftLogWorker.java:execute(569)) - 3fb57adb-a0d1-4f11-b6a1-e7035e94dbe3@group-105F6CC09499-SegmentedRaftLogWorker: created new log segment /workdir/hadoop-ozone/integration-test/target/test-dir/MiniOzoneClusterImpl-37ef80a0-c7b2-4a5a-9454-a4bcd92af4bb/datanode-4/data/ratis/60de9b43-cf98-44e1-aac6-105f6cc09499/current/log_inprogress_0
2019-09-26 16:01:49,413 [677fedf0-f3ff-4f0d-bf3f-efe50b6efefa@group-D2E23EB158A5:LeaderElection60] INFO  impl.RaftServerImpl (ServerState.java:setRaftConf(354)) - 677fedf0-f3ff-4f0d-bf3f-efe50b6efefa@group-D2E23EB158A5: set configuration 0: [acecd6ed-521c-4847-90c2-b671590b4ee4:192.168.30.25:37337, 92335f2c-6300-4e2c-8b27-b5b19b8ba4b6:192.168.30.25:45713, 677fedf0-f3ff-4f0d-bf3f-efe50b6efefa:192.168.30.25:33755], old=null at 0
2019-09-26 16:01:49,456 [grpc-default-executor-0] INFO  impl.RaftServerImpl (ServerState.java:setLeader(253)) - acecd6ed-521c-4847-90c2-b671590b4ee4@group-D2E23EB158A5: change Leader from null to 677fedf0-f3ff-4f0d-bf3f-efe50b6efefa at term 1 for appendEntries, leader elected after 5254ms
2019-09-26 16:01:49,460 [grpc-default-executor-4] INFO  impl.RaftServerImpl (ServerState.java:setLeader(253)) - 92335f2c-6300-4e2c-8b27-b5b19b8ba4b6@group-D2E23EB158A5: change Leader from null to 677fedf0-f3ff-4f0d-bf3f-efe50b6efefa at term 1 for appendEntries, leader elected after 5257ms
2019-09-26 16:01:49,465 [grpc-default-executor-0] INFO  impl.RaftServerImpl (ServerState.java:setRaftConf(354)) - acecd6ed-521c-4847-90c2-b671590b4ee4@group-D2E23EB158A5: set configuration 0: [acecd6ed-521c-4847-90c2-b671590b4ee4:192.168.30.25:37337, 92335f2c-6300-4e2c-8b27-b5b19b8ba4b6:192.168.30.25:45713, 677fedf0-f3ff-4f0d-bf3f-efe50b6efefa:192.168.30.25:33755], old=null at 0
2019-09-26 16:01:49,466 [grpc-default-executor-0] INFO  segmented.SegmentedRaftLogWorker (SegmentedRaftLogWorker.java:startLogSegment(380)) - acecd6ed-521c-4847-90c2-b671590b4ee4@group-D2E23EB158A5-SegmentedRaftLogWorker: Starting segment from index:0
2019-09-26 16:01:49,466 [grpc-default-executor-4] INFO  impl.RaftServerImpl (ServerState.java:setRaftConf(354)) - 92335f2c-6300-4e2c-8b27-b5b19b8ba4b6@group-D2E23EB158A5: set configuration 0: [acecd6ed-521c-4847-90c2-b671590b4ee4:192.168.30.25:37337, 92335f2c-6300-4e2c-8b27-b5b19b8ba4b6:192.168.30.25:45713, 677fedf0-f3ff-4f0d-bf3f-efe50b6efefa:192.168.30.25:33755], old=null at 0
2019-09-26 16:01:49,470 [677fedf0-f3ff-4f0d-bf3f-efe50b6efefa@group-D2E23EB158A5-SegmentedRaftLogWorker] INFO  segmented.SegmentedRaftLogWorker (SegmentedRaftLogWorker.java:execute(569)) - 677fedf0-f3ff-4f0d-bf3f-efe50b6efefa@group-D2E23EB158A5-SegmentedRaftLogWorker: created new log segment /workdir/hadoop-ozone/integration-test/target/test-dir/MiniOzoneClusterImpl-37ef80a0-c7b2-4a5a-9454-a4bcd92af4bb/datanode-3/data/ratis/47343084-b10f-471b-8680-d2e23eb158a5/current/log_inprogress_0
2019-09-26 16:01:49,470 [grpc-default-executor-4] INFO  segmented.SegmentedRaftLogWorker (SegmentedRaftLogWorker.java:startLogSegment(380)) - 92335f2c-6300-4e2c-8b27-b5b19b8ba4b6@group-D2E23EB158A5-SegmentedRaftLogWorker: Starting segment from index:0
2019-09-26 16:01:49,516 [92335f2c-6300-4e2c-8b27-b5b19b8ba4b6@group-D2E23EB158A5-SegmentedRaftLogWorker] INFO  segmented.SegmentedRaftLogWorker (SegmentedRaftLogWorker.java:execute(569)) - 92335f2c-6300-4e2c-8b27-b5b19b8ba4b6@group-D2E23EB158A5-SegmentedRaftLogWorker: created new log segment /workdir/hadoop-ozone/integration-test/target/test-dir/MiniOzoneClusterImpl-37ef80a0-c7b2-4a5a-9454-a4bcd92af4bb/datanode-6/data/ratis/47343084-b10f-471b-8680-d2e23eb158a5/current/log_inprogress_0
2019-09-26 16:01:49,516 [acecd6ed-521c-4847-90c2-b671590b4ee4@group-D2E23EB158A5-SegmentedRaftLogWorker] INFO  segmented.SegmentedRaftLogWorker (SegmentedRaftLogWorker.java:execute(569)) - acecd6ed-521c-4847-90c2-b671590b4ee4@group-D2E23EB158A5-SegmentedRaftLogWorker: created new log segment /workdir/hadoop-ozone/integration-test/target/test-dir/MiniOzoneClusterImpl-37ef80a0-c7b2-4a5a-9454-a4bcd92af4bb/datanode-5/data/ratis/47343084-b10f-471b-8680-d2e23eb158a5/current/log_inprogress_0
2019-09-26 16:01:51,541 [Datanode State Machine Thread - 0] INFO  statemachine.DatanodeStateMachine (DatanodeStateMachine.java:lambda$startDaemon$0(350)) - Ozone container server started.
2019-09-26 16:01:55,564 [EventQueue-StaleNodeForStaleNodeHandler] INFO  node.StaleNodeHandler (StaleNodeHandler.java:onMessage(58)) - Datanode 677fedf0-f3ff-4f0d-bf3f-efe50b6efefa{ip: 192.168.30.25, host: pr-hdds-2149-6mrrv-456159840, networkLocation: /default-rack, certSerialId: null} moved to stale state. Finalizing its pipelines [PipelineID=47343084-b10f-471b-8680-d2e23eb158a5, PipelineID=6b575f32-7037-4ac6-87aa-733bc87d5d13]
2019-09-26 16:01:55,565 [EventQueue-StaleNodeForStaleNodeHandler] INFO  pipeline.SCMPipelineManager (SCMPipelineManager.java:finalizeAndDestroyPipeline(315)) - destroying pipeline:Pipeline[ Id: 47343084-b10f-471b-8680-d2e23eb158a5, Nodes: 677fedf0-f3ff-4f0d-bf3f-efe50b6efefa{ip: 192.168.30.25, host: pr-hdds-2149-6mrrv-456159840, networkLocation: /default-rack, certSerialId: null}acecd6ed-521c-4847-90c2-b671590b4ee4{ip: 192.168.30.25, host: pr-hdds-2149-6mrrv-456159840, networkLocation: /default-rack, certSerialId: null}92335f2c-6300-4e2c-8b27-b5b19b8ba4b6{ip: 192.168.30.25, host: pr-hdds-2149-6mrrv-456159840, networkLocation: /default-rack, certSerialId: null}, Type:RATIS, Factor:THREE, State:OPEN]
2019-09-26 16:01:55,565 [EventQueue-StaleNodeForStaleNodeHandler] INFO  pipeline.PipelineStateManager (PipelineStateManager.java:finalizePipeline(123)) - Pipeline Pipeline[ Id: 47343084-b10f-471b-8680-d2e23eb158a5, Nodes: 677fedf0-f3ff-4f0d-bf3f-efe50b6efefa{ip: 192.168.30.25, host: pr-hdds-2149-6mrrv-456159840, networkLocation: /default-rack, certSerialId: null}acecd6ed-521c-4847-90c2-b671590b4ee4{ip: 192.168.30.25, host: pr-hdds-2149-6mrrv-456159840, networkLocation: /default-rack, certSerialId: null}92335f2c-6300-4e2c-8b27-b5b19b8ba4b6{ip: 192.168.30.25, host: pr-hdds-2149-6mrrv-456159840, networkLocation: /default-rack, certSerialId: null}, Type:RATIS, Factor:THREE, State:CLOSED] moved to CLOSED state
2019-09-26 16:01:55,566 [EventQueue-CloseContainerForCloseContainerEventHandler] INFO  container.CloseContainerEventHandler (CloseContainerEventHandler.java:onMessage(61)) - Close container Event triggered for container : #1
2019-09-26 16:01:55,571 [EventQueue-StaleNodeForStaleNodeHandler] INFO  pipeline.SCMPipelineManager (SCMPipelineManager.java:finalizeAndDestroyPipeline(315)) - destroying pipeline:Pipeline[ Id: 6b575f32-7037-4ac6-87aa-733bc87d5d13, Nodes: 677fedf0-f3ff-4f0d-bf3f-efe50b6efefa{ip: 192.168.30.25, host: pr-hdds-2149-6mrrv-456159840, networkLocation: /default-rack, certSerialId: null}, Type:RATIS, Factor:ONE, State:OPEN]
2019-09-26 16:01:55,573 [EventQueue-StaleNodeForStaleNodeHandler] INFO  pipeline.PipelineStateManager (PipelineStateManager.java:finalizePipeline(123)) - Pipeline Pipeline[ Id: 6b575f32-7037-4ac6-87aa-733bc87d5d13, Nodes: 677fedf0-f3ff-4f0d-bf3f-efe50b6efefa{ip: 192.168.30.25, host: pr-hdds-2149-6mrrv-456159840, networkLocation: /default-rack, certSerialId: null}, Type:RATIS, Factor:ONE, State:CLOSED] moved to CLOSED state
2019-09-26 16:01:55,742 [main] INFO  ozoneimpl.OzoneContainer (OzoneContainer.java:stop(231)) - Attempting to stop container services.
2019-09-26 16:01:55,743 [main] INFO  impl.RaftServerProxy (RaftServerProxy.java:lambda$close$4(314)) - 677fedf0-f3ff-4f0d-bf3f-efe50b6efefa: close
2019-09-26 16:01:55,744 [main] INFO  impl.RaftServerImpl (RaftServerImpl.java:lambda$shutdown$3(251)) - 677fedf0-f3ff-4f0d-bf3f-efe50b6efefa@group-D2E23EB158A5: shutdown
2019-09-26 16:01:55,745 [ForkJoinPool.commonPool-worker-1] INFO  impl.RaftServerImpl (RaftServerImpl.java:lambda$shutdown$3(251)) - 677fedf0-f3ff-4f0d-bf3f-efe50b6efefa@group-733BC87D5D13: shutdown
2019-09-26 16:01:55,745 [main] INFO  util.JmxRegister (JmxRegister.java:unregister(73)) - Successfully un-registered JMX Bean with object name Ratis:service=RaftServer,group=group-D2E23EB158A5,id=677fedf0-f3ff-4f0d-bf3f-efe50b6efefa
2019-09-26 16:01:55,745 [ForkJoinPool.commonPool-worker-1] INFO  util.JmxRegister (JmxRegister.java:unregister(73)) - Successfully un-registered JMX Bean with object name Ratis:service=RaftServer,group=group-733BC87D5D13,id=677fedf0-f3ff-4f0d-bf3f-efe50b6efefa
2019-09-26 16:01:55,745 [main] INFO  impl.RoleInfo (RoleInfo.java:shutdownLeaderState(104)) - 677fedf0-f3ff-4f0d-bf3f-efe50b6efefa: shutdown LeaderState
2019-09-26 16:01:55,746 [ForkJoinPool.commonPool-worker-1] INFO  impl.RoleInfo (RoleInfo.java:shutdownLeaderState(104)) - 677fedf0-f3ff-4f0d-bf3f-efe50b6efefa: shutdown LeaderState
2019-09-26 16:01:55,749 [org.apache.ratis.server.impl.LogAppender$AppenderDaemon$$Lambda$488/1343894712@5c5f51bc] WARN  server.GrpcLogAppender (GrpcLogAppender.java:mayWait(143)) - 677fedf0-f3ff-4f0d-bf3f-efe50b6efefa@group-D2E23EB158A5->92335f2c-6300-4e2c-8b27-b5b19b8ba4b6-GrpcLogAppender: Wait interrupted by java.lang.InterruptedException
2019-09-26 16:01:55,749 [main] INFO  impl.PendingRequests (PendingRequests.java:sendNotLeaderResponses(202)) - 677fedf0-f3ff-4f0d-bf3f-efe50b6efefa-PendingRequests: sendNotLeaderResponses
2019-09-26 16:01:55,750 [ForkJoinPool.commonPool-worker-1] INFO  impl.PendingRequests (PendingRequests.java:sendNotLeaderResponses(202)) - 677fedf0-f3ff-4f0d-bf3f-efe50b6efefa-PendingRequests: sendNotLeaderResponses
2019-09-26 16:01:55,750 [org.apache.ratis.server.impl.LogAppender$AppenderDaemon$$Lambda$488/1343894712@7f28929c] WARN  server.GrpcLogAppender (GrpcLogAppender.java:mayWait(143)) - 677fedf0-f3ff-4f0d-bf3f-efe50b6efefa@group-D2E23EB158A5->acecd6ed-521c-4847-90c2-b671590b4ee4-GrpcLogAppender: Wait interrupted by java.lang.InterruptedException
2019-09-26 16:01:55,753 [ForkJoinPool.commonPool-worker-1] INFO  impl.StateMachineUpdater (StateMachineUpdater.java:stopAndJoin(125)) - 677fedf0-f3ff-4f0d-bf3f-efe50b6efefa@group-733BC87D5D13-StateMachineUpdater: set stopIndex = 0
2019-09-26 16:01:55,754 [grpc-default-executor-9] INFO  server.GrpcServerProtocolService (GrpcServerProtocolService.java:onCompleted(113)) - acecd6ed-521c-4847-90c2-b671590b4ee4: Completed APPEND_ENTRIES, lastRequest: 677fedf0-f3ff-4f0d-bf3f-efe50b6efefa->acecd6ed-521c-4847-90c2-b671590b4ee4#19-t1, previous=(t:1, i:16), leaderCommit=16, initializing? false, entries: <empty>
2019-09-26 16:01:55,754 [677fedf0-f3ff-4f0d-bf3f-efe50b6efefa@group-D2E23EB158A5-StateMachineUpdater] INFO  ratis.ContainerStateMachine (ContainerStateMachine.java:takeSnapshot(289)) - group-D2E23EB158A5: Taking a snapshot at:(t:1, i:14) file /workdir/hadoop-ozone/integration-test/target/test-dir/MiniOzoneClusterImpl-37ef80a0-c7b2-4a5a-9454-a4bcd92af4bb/datanode-3/data/ratis/47343084-b10f-471b-8680-d2e23eb158a5/sm/snapshot.1_14
2019-09-26 16:01:55,753 [main] INFO  impl.StateMachineUpdater (StateMachineUpdater.java:stopAndJoin(125)) - 677fedf0-f3ff-4f0d-bf3f-efe50b6efefa@group-D2E23EB158A5-StateMachineUpdater: set stopIndex = 16
2019-09-26 16:01:55,753 [grpc-default-executor-8] INFO  server.GrpcServerProtocolService (GrpcServerProtocolService.java:onCompleted(113)) - 92335f2c-6300-4e2c-8b27-b5b19b8ba4b6: Completed APPEND_ENTRIES, lastRequest: 677fedf0-f3ff-4f0d-bf3f-efe50b6efefa->92335f2c-6300-4e2c-8b27-b5b19b8ba4b6#19-t1, previous=(t:1, i:16), leaderCommit=16, initializing? false, entries: <empty>
2019-09-26 16:01:55,754 [ForkJoinPool.commonPool-worker-1] INFO  impl.RaftServerImpl (ServerState.java:close(385)) - 677fedf0-f3ff-4f0d-bf3f-efe50b6efefa@group-733BC87D5D13: closes. applyIndex: 0
2019-09-26 16:01:55,755 [grpc-default-executor-4] INFO  server.GrpcLogAppender (GrpcLogAppender.java:onCompleted(293)) - 677fedf0-f3ff-4f0d-bf3f-efe50b6efefa@group-D2E23EB158A5->92335f2c-6300-4e2c-8b27-b5b19b8ba4b6-AppendLogResponseHandler: follower responses appendEntries COMPLETED
2019-09-26 16:01:55,755 [677fedf0-f3ff-4f0d-bf3f-efe50b6efefa@group-733BC87D5D13-SegmentedRaftLogWorker] INFO  segmented.SegmentedRaftLogWorker (SegmentedRaftLogWorker.java:run(313)) - 677fedf0-f3ff-4f0d-bf3f-efe50b6efefa@group-733BC87D5D13-SegmentedRaftLogWorker was interrupted, exiting. There are 0 tasks remaining in the queue.
2019-09-26 16:01:55,755 [grpc-default-executor-8] INFO  server.GrpcLogAppender (GrpcLogAppender.java:onCompleted(293)) - 677fedf0-f3ff-4f0d-bf3f-efe50b6efefa@group-D2E23EB158A5->acecd6ed-521c-4847-90c2-b671590b4ee4-AppendLogResponseHandler: follower responses appendEntries COMPLETED
2019-09-26 16:01:55,757 [grpc-default-executor-4] INFO  impl.FollowerInfo (FollowerInfo.java:lambda$new$0(51)) - 677fedf0-f3ff-4f0d-bf3f-efe50b6efefa@group-D2E23EB158A5->92335f2c-6300-4e2c-8b27-b5b19b8ba4b6: nextIndex: updateUnconditionally 17 -> 16
2019-09-26 16:01:55,757 [grpc-default-executor-8] INFO  impl.FollowerInfo (FollowerInfo.java:lambda$new$0(51)) - 677fedf0-f3ff-4f0d-bf3f-efe50b6efefa@group-D2E23EB158A5->acecd6ed-521c-4847-90c2-b671590b4ee4: nextIndex: updateUnconditionally 17 -> 16
2019-09-26 16:01:55,766 [ForkJoinPool.commonPool-worker-1] INFO  segmented.SegmentedRaftLogWorker (SegmentedRaftLogWorker.java:close(228)) - 677fedf0-f3ff-4f0d-bf3f-efe50b6efefa@group-733BC87D5D13-SegmentedRaftLogWorker close()
2019-09-26 16:01:55,769 [677fedf0-f3ff-4f0d-bf3f-efe50b6efefa@group-D2E23EB158A5-StateMachineUpdater] INFO  ratis.ContainerStateMachine (ContainerStateMachine.java:takeSnapshot(300)) - group-D2E23EB158A5: Finished taking a snapshot at:(t:1, i:14) file:/workdir/hadoop-ozone/integration-test/target/test-dir/MiniOzoneClusterImpl-37ef80a0-c7b2-4a5a-9454-a4bcd92af4bb/datanode-3/data/ratis/47343084-b10f-471b-8680-d2e23eb158a5/sm/snapshot.1_14 time:15
2019-09-26 16:01:55,769 [677fedf0-f3ff-4f0d-bf3f-efe50b6efefa@group-D2E23EB158A5-StateMachineUpdater] INFO  impl.StateMachineUpdater (StateMachineUpdater.java:takeSnapshot(258)) - 677fedf0-f3ff-4f0d-bf3f-efe50b6efefa@group-D2E23EB158A5-StateMachineUpdater: Took a snapshot at index 14
2019-09-26 16:01:55,769 [677fedf0-f3ff-4f0d-bf3f-efe50b6efefa@group-D2E23EB158A5-StateMachineUpdater] INFO  impl.StateMachineUpdater (StateMachineUpdater.java:lambda$new$0(83)) - 677fedf0-f3ff-4f0d-bf3f-efe50b6efefa@group-D2E23EB158A5-StateMachineUpdater: snapshotIndex: updateIncreasingly -1 -> 14
2019-09-26 16:01:55,769 [677fedf0-f3ff-4f0d-bf3f-efe50b6efefa@group-D2E23EB158A5-StateMachineUpdater] INFO  ratis.ContainerStateMachine (ContainerStateMachine.java:takeSnapshot(289)) - group-D2E23EB158A5: Taking a snapshot at:(t:1, i:14) file /workdir/hadoop-ozone/integration-test/target/test-dir/MiniOzoneClusterImpl-37ef80a0-c7b2-4a5a-9454-a4bcd92af4bb/datanode-3/data/ratis/47343084-b10f-471b-8680-d2e23eb158a5/sm/snapshot.1_14
2019-09-26 16:01:55,782 [677fedf0-f3ff-4f0d-bf3f-efe50b6efefa@group-D2E23EB158A5-StateMachineUpdater] INFO  ratis.ContainerStateMachine (ContainerStateMachine.java:takeSnapshot(300)) - group-D2E23EB158A5: Finished taking a snapshot at:(t:1, i:14) file:/workdir/hadoop-ozone/integration-test/target/test-dir/MiniOzoneClusterImpl-37ef80a0-c7b2-4a5a-9454-a4bcd92af4bb/datanode-3/data/ratis/47343084-b10f-471b-8680-d2e23eb158a5/sm/snapshot.1_14 time:13
2019-09-26 16:01:55,782 [677fedf0-f3ff-4f0d-bf3f-efe50b6efefa@group-D2E23EB158A5-StateMachineUpdater] INFO  impl.StateMachineUpdater (StateMachineUpdater.java:takeSnapshot(258)) - 677fedf0-f3ff-4f0d-bf3f-efe50b6efefa@group-D2E23EB158A5-StateMachineUpdater: Took a snapshot at index 14
2019-09-26 16:01:55,782 [677fedf0-f3ff-4f0d-bf3f-efe50b6efefa@group-D2E23EB158A5-StateMachineUpdater] INFO  impl.StateMachineUpdater (StateMachineUpdater.java:lambda$new$0(83)) - 677fedf0-f3ff-4f0d-bf3f-efe50b6efefa@group-D2E23EB158A5-StateMachineUpdater: snapshotIndex: updateIncreasingly 14 -> 14
2019-09-26 16:01:55,783 [main] INFO  impl.RaftServerImpl (ServerState.java:close(385)) - 677fedf0-f3ff-4f0d-bf3f-efe50b6efefa@group-D2E23EB158A5: closes. applyIndex: 16
2019-09-26 16:01:55,783 [677fedf0-f3ff-4f0d-bf3f-efe50b6efefa@group-D2E23EB158A5-SegmentedRaftLogWorker] INFO  segmented.SegmentedRaftLogWorker (SegmentedRaftLogWorker.java:run(313)) - 677fedf0-f3ff-4f0d-bf3f-efe50b6efefa@group-D2E23EB158A5-SegmentedRaftLogWorker was interrupted, exiting. There are 0 tasks remaining in the queue.
2019-09-26 16:01:55,785 [main] INFO  segmented.SegmentedRaftLogWorker (SegmentedRaftLogWorker.java:close(228)) - 677fedf0-f3ff-4f0d-bf3f-efe50b6efefa@group-D2E23EB158A5-SegmentedRaftLogWorker close()
2019-09-26 16:01:55,788 [main] INFO  server.GrpcService (GrpcService.java:closeImpl(164)) - 677fedf0-f3ff-4f0d-bf3f-efe50b6efefa: shutdown server with port 33755 now
2019-09-26 16:01:55,789 [grpc-default-executor-4] WARN  client.GrpcClientProtocolService (LogUtils.java:warn(134)) - 3-UnorderedRequestStreamObserver3: onError: org.apache.ratis.thirdparty.io.grpc.StatusRuntimeException: CANCELLED: cancelled before receiving half close
2019-09-26 16:01:55,789 [main] INFO  server.GrpcService (GrpcService.java:closeImpl(172)) - 677fedf0-f3ff-4f0d-bf3f-efe50b6efefa: shutdown server with port 33755 successfully
2019-09-26 16:01:55,792 [refreshUsed-/workdir/hadoop-ozone/integration-test/target/test-dir/MiniOzoneClusterImpl-37ef80a0-c7b2-4a5a-9454-a4bcd92af4bb/datanode-3/data/containers] WARN  fs.CachingGetSpaceUsed (CachingGetSpaceUsed.java:run(183)) - Thread Interrupted waiting to refresh disk information: sleep interrupted
2019-09-26 16:01:55,804 [main] INFO  utils.BackgroundService (BackgroundService.java:shutdown(148)) - Shutting down service BlockDeletingService
2019-09-26 16:01:55,812 [main] INFO  statemachine.DatanodeStateMachine (DatanodeStateMachine.java:stopDaemon(395)) - Ozone container server stopped.
2019-09-26 16:01:55,813 [main] INFO  handler.ContextHandler (ContextHandler.java:doStop(910)) - Stopped o.e.j.w.WebAppContext@23e61112{/,null,UNAVAILABLE}{/hddsDatanode}
2019-09-26 16:01:55,814 [main] INFO  server.AbstractConnector (AbstractConnector.java:doStop(318)) - Stopped ServerConnector@58a7dc4{HTTP/1.1,[http/1.1]}{0.0.0.0:0}
2019-09-26 16:01:55,814 [main] INFO  handler.ContextHandler (ContextHandler.java:doStop(910)) - Stopped o.e.j.s.ServletContextHandler@404ced67{/static,jar:file:/home/user/.m2/repository/org/apache/hadoop/hadoop-hdds-container-service/0.5.0-SNAPSHOT/hadoop-hdds-container-service-0.5.0-SNAPSHOT.jar!/webapps/static,UNAVAILABLE}
2019-09-26 16:01:55,815 [main] INFO  handler.ContextHandler (ContextHandler.java:doStop(910)) - Stopped o.e.j.s.ServletContextHandler@61d60e38{/logs,file:///workdir/hadoop-ozone/integration-test/target/log,UNAVAILABLE}
2019-09-26 16:02:04,637 [Thread-2974] INFO  impl.FollowerState (FollowerState.java:run(106)) - acecd6ed-521c-4847-90c2-b671590b4ee4:group-D2E23EB158A5 changes to CANDIDATE, lastRpcTime:8894, electionTimeout:5036ms
2019-09-26 16:02:04,638 [Thread-2974] INFO  impl.RoleInfo (RoleInfo.java:shutdownFollowerState(121)) - acecd6ed-521c-4847-90c2-b671590b4ee4: shutdown FollowerState
2019-09-26 16:02:04,638 [Thread-2974] INFO  impl.RaftServerImpl (RaftServerImpl.java:setRole(174)) - acecd6ed-521c-4847-90c2-b671590b4ee4@group-D2E23EB158A5: changes role from  FOLLOWER to CANDIDATE at term 1 for changeToCandidate
2019-09-26 16:02:04,639 [Thread-2974] INFO  impl.RoleInfo (RoleInfo.java:updateAndGet(143)) - acecd6ed-521c-4847-90c2-b671590b4ee4: start LeaderElection
2019-09-26 16:02:04,648 [acecd6ed-521c-4847-90c2-b671590b4ee4@group-D2E23EB158A5:LeaderElection62] INFO  impl.RaftServerImpl (ServerState.java:setLeader(253)) - acecd6ed-521c-4847-90c2-b671590b4ee4@group-D2E23EB158A5: change Leader from 677fedf0-f3ff-4f0d-bf3f-efe50b6efefa to null at term 1 for initElection
2019-09-26 16:02:04,662 [acecd6ed-521c-4847-90c2-b671590b4ee4@group-D2E23EB158A5:LeaderElection62] INFO  impl.LeaderElection (LeaderElection.java:askForVotes(182)) - acecd6ed-521c-4847-90c2-b671590b4ee4@group-D2E23EB158A5:LeaderElection62: begin an election at term 2 for 0: [acecd6ed-521c-4847-90c2-b671590b4ee4:192.168.30.25:37337, 92335f2c-6300-4e2c-8b27-b5b19b8ba4b6:192.168.30.25:45713, 677fedf0-f3ff-4f0d-bf3f-efe50b6efefa:192.168.30.25:33755], old=null
2019-09-26 16:02:04,668 [grpc-default-executor-4] INFO  impl.RaftServerImpl (ServerState.java:setLeader(253)) - 92335f2c-6300-4e2c-8b27-b5b19b8ba4b6@group-D2E23EB158A5: change Leader from 677fedf0-f3ff-4f0d-bf3f-efe50b6efefa to null at term 2 for updateCurrentTerm
2019-09-26 16:02:04,669 [grpc-default-executor-4] INFO  impl.RaftServerImpl (RaftServerImpl.java:setRole(174)) - 92335f2c-6300-4e2c-8b27-b5b19b8ba4b6@group-D2E23EB158A5: changes role from  FOLLOWER to FOLLOWER at term 2 for recognizeCandidate:acecd6ed-521c-4847-90c2-b671590b4ee4
2019-09-26 16:02:04,669 [grpc-default-executor-4] INFO  impl.RoleInfo (RoleInfo.java:shutdownFollowerState(121)) - 92335f2c-6300-4e2c-8b27-b5b19b8ba4b6: shutdown FollowerState
2019-09-26 16:02:04,669 [acecd6ed-521c-4847-90c2-b671590b4ee4@group-D2E23EB158A5:LeaderElection62] INFO  impl.LeaderElection (LogUtils.java:infoOrTrace(149)) - acecd6ed-521c-4847-90c2-b671590b4ee4@group-D2E23EB158A5:LeaderElection62 got exception when requesting votes: {}
java.util.concurrent.ExecutionException: org.apache.ratis.thirdparty.io.grpc.StatusRuntimeException: UNAVAILABLE: io exception
	at java.util.concurrent.FutureTask.report(FutureTask.java:122)
	at java.util.concurrent.FutureTask.get(FutureTask.java:192)
	at org.apache.ratis.server.impl.LeaderElection.waitForResults(LeaderElection.java:263)
	at org.apache.ratis.server.impl.LeaderElection.askForVotes(LeaderElection.java:201)
	at org.apache.ratis.server.impl.LeaderElection.run(LeaderElection.java:133)
	at java.lang.Thread.run(Thread.java:748)
Caused by: org.apache.ratis.thirdparty.io.grpc.StatusRuntimeException: UNAVAILABLE: io exception
	at org.apache.ratis.thirdparty.io.grpc.stub.ClientCalls.toStatusRuntimeException(ClientCalls.java:233)
	at org.apache.ratis.thirdparty.io.grpc.stub.ClientCalls.getUnchecked(ClientCalls.java:214)
	at org.apache.ratis.thirdparty.io.grpc.stub.ClientCalls.blockingUnaryCall(ClientCalls.java:139)
	at org.apache.ratis.proto.grpc.RaftServerProtocolServiceGrpc$RaftServerProtocolServiceBlockingStub.requestVote(RaftServerProtocolServiceGrpc.java:265)
	at org.apache.ratis.grpc.server.GrpcServerProtocolClient.requestVote(GrpcServerProtocolClient.java:90)
	at org.apache.ratis.grpc.server.GrpcService.requestVote(GrpcService.java:204)
	at org.apache.ratis.server.impl.LeaderElection.lambda$submitRequests$1(LeaderElection.java:238)
	at java.util.concurrent.FutureTask.run(FutureTask.java:266)
	at java.util.concurrent.Executors$RunnableAdapter.call(Executors.java:511)
	at java.util.concurrent.FutureTask.run(FutureTask.java:266)
	at java.util.concurrent.ThreadPoolExecutor.runWorker(ThreadPoolExecutor.java:1149)
	at java.util.concurrent.ThreadPoolExecutor$Worker.run(ThreadPoolExecutor.java:624)
	... 1 more
Caused by: org.apache.ratis.thirdparty.io.netty.channel.AbstractChannel$AnnotatedConnectException: Connection refused: /192.168.30.25:33755
	at sun.nio.ch.SocketChannelImpl.checkConnect(Native Method)
	at sun.nio.ch.SocketChannelImpl.finishConnect(SocketChannelImpl.java:717)
	at org.apache.ratis.thirdparty.io.netty.channel.socket.nio.NioSocketChannel.doFinishConnect(NioSocketChannel.java:327)
	at org.apache.ratis.thirdparty.io.netty.channel.nio.AbstractNioChannel$AbstractNioUnsafe.finishConnect(AbstractNioChannel.java:340)
	at org.apache.ratis.thirdparty.io.netty.channel.nio.NioEventLoop.processSelectedKey(NioEventLoop.java:632)
	at org.apache.ratis.thirdparty.io.netty.channel.nio.NioEventLoop.processSelectedKeysOptimized(NioEventLoop.java:579)
	at org.apache.ratis.thirdparty.io.netty.channel.nio.NioEventLoop.processSelectedKeys(NioEventLoop.java:496)
	at org.apache.ratis.thirdparty.io.netty.channel.nio.NioEventLoop.run(NioEventLoop.java:458)
	at org.apache.ratis.thirdparty.io.netty.util.concurrent.SingleThreadEventExecutor$5.run(SingleThreadEventExecutor.java:897)
	at org.apache.ratis.thirdparty.io.netty.util.concurrent.FastThreadLocalRunnable.run(FastThreadLocalRunnable.java:30)
	... 1 more
Caused by: java.net.ConnectException: Connection refused
	... 11 more
2019-09-26 16:02:04,669 [Thread-2976] INFO  impl.FollowerState (FollowerState.java:run(115)) - 92335f2c-6300-4e2c-8b27-b5b19b8ba4b6: FollowerState was interrupted: java.lang.InterruptedException: sleep interrupted
2019-09-26 16:02:04,669 [grpc-default-executor-4] INFO  impl.RoleInfo (RoleInfo.java:updateAndGet(143)) - 92335f2c-6300-4e2c-8b27-b5b19b8ba4b6: start FollowerState
2019-09-26 16:02:04,709 [acecd6ed-521c-4847-90c2-b671590b4ee4@group-D2E23EB158A5:LeaderElection62] INFO  impl.LeaderElection (LeaderElection.java:logAndReturn(56)) - acecd6ed-521c-4847-90c2-b671590b4ee4@group-D2E23EB158A5:LeaderElection62: Election PASSED; received 1 response(s) [acecd6ed-521c-4847-90c2-b671590b4ee4<-92335f2c-6300-4e2c-8b27-b5b19b8ba4b6#0:OK-t2] and 1 exception(s); acecd6ed-521c-4847-90c2-b671590b4ee4@group-D2E23EB158A5:t2, leader=null, voted=acecd6ed-521c-4847-90c2-b671590b4ee4, raftlog=acecd6ed-521c-4847-90c2-b671590b4ee4@group-D2E23EB158A5-SegmentedRaftLog:OPENED:c16,f16,i16, conf=0: [acecd6ed-521c-4847-90c2-b671590b4ee4:192.168.30.25:37337, 92335f2c-6300-4e2c-8b27-b5b19b8ba4b6:192.168.30.25:45713, 677fedf0-f3ff-4f0d-bf3f-efe50b6efefa:192.168.30.25:33755], old=null
2019-09-26 16:02:04,709 [acecd6ed-521c-4847-90c2-b671590b4ee4@group-D2E23EB158A5:LeaderElection62] INFO  impl.LeaderElection (LogUtils.java:infoOrTrace(149)) -   Exception 0: {}
java.util.concurrent.ExecutionException: org.apache.ratis.thirdparty.io.grpc.StatusRuntimeException: UNAVAILABLE: io exception
	at java.util.concurrent.FutureTask.report(FutureTask.java:122)
	at java.util.concurrent.FutureTask.get(FutureTask.java:192)
	at org.apache.ratis.server.impl.LeaderElection.waitForResults(LeaderElection.java:263)
	at org.apache.ratis.server.impl.LeaderElection.askForVotes(LeaderElection.java:201)
	at org.apache.ratis.server.impl.LeaderElection.run(LeaderElection.java:133)
	at java.lang.Thread.run(Thread.java:748)
Caused by: org.apache.ratis.thirdparty.io.grpc.StatusRuntimeException: UNAVAILABLE: io exception
	at org.apache.ratis.thirdparty.io.grpc.stub.ClientCalls.toStatusRuntimeException(ClientCalls.java:233)
	at org.apache.ratis.thirdparty.io.grpc.stub.ClientCalls.getUnchecked(ClientCalls.java:214)
	at org.apache.ratis.thirdparty.io.grpc.stub.ClientCalls.blockingUnaryCall(ClientCalls.java:139)
	at org.apache.ratis.proto.grpc.RaftServerProtocolServiceGrpc$RaftServerProtocolServiceBlockingStub.requestVote(RaftServerProtocolServiceGrpc.java:265)
	at org.apache.ratis.grpc.server.GrpcServerProtocolClient.requestVote(GrpcServerProtocolClient.java:90)
	at org.apache.ratis.grpc.server.GrpcService.requestVote(GrpcService.java:204)
	at org.apache.ratis.server.impl.LeaderElection.lambda$submitRequests$1(LeaderElection.java:238)
	at java.util.concurrent.FutureTask.run(FutureTask.java:266)
	at java.util.concurrent.Executors$RunnableAdapter.call(Executors.java:511)
	at java.util.concurrent.FutureTask.run(FutureTask.java:266)
	at java.util.concurrent.ThreadPoolExecutor.runWorker(ThreadPoolExecutor.java:1149)
	at java.util.concurrent.ThreadPoolExecutor$Worker.run(ThreadPoolExecutor.java:624)
	... 1 more
Caused by: org.apache.ratis.thirdparty.io.netty.channel.AbstractChannel$AnnotatedConnectException: Connection refused: /192.168.30.25:33755
	at sun.nio.ch.SocketChannelImpl.checkConnect(Native Method)
	at sun.nio.ch.SocketChannelImpl.finishConnect(SocketChannelImpl.java:717)
	at org.apache.ratis.thirdparty.io.netty.channel.socket.nio.NioSocketChannel.doFinishConnect(NioSocketChannel.java:327)
	at org.apache.ratis.thirdparty.io.netty.channel.nio.AbstractNioChannel$AbstractNioUnsafe.finishConnect(AbstractNioChannel.java:340)
	at org.apache.ratis.thirdparty.io.netty.channel.nio.NioEventLoop.processSelectedKey(NioEventLoop.java:632)
	at org.apache.ratis.thirdparty.io.netty.channel.nio.NioEventLoop.processSelectedKeysOptimized(NioEventLoop.java:579)
	at org.apache.ratis.thirdparty.io.netty.channel.nio.NioEventLoop.processSelectedKeys(NioEventLoop.java:496)
	at org.apache.ratis.thirdparty.io.netty.channel.nio.NioEventLoop.run(NioEventLoop.java:458)
	at org.apache.ratis.thirdparty.io.netty.util.concurrent.SingleThreadEventExecutor$5.run(SingleThreadEventExecutor.java:897)
	at org.apache.ratis.thirdparty.io.netty.util.concurrent.FastThreadLocalRunnable.run(FastThreadLocalRunnable.java:30)
	... 1 more
Caused by: java.net.ConnectException: Connection refused
	... 11 more
2019-09-26 16:02:04,710 [acecd6ed-521c-4847-90c2-b671590b4ee4@group-D2E23EB158A5:LeaderElection62] INFO  impl.RoleInfo (RoleInfo.java:shutdownLeaderElection(134)) - acecd6ed-521c-4847-90c2-b671590b4ee4: shutdown LeaderElection
2019-09-26 16:02:04,710 [acecd6ed-521c-4847-90c2-b671590b4ee4@group-D2E23EB158A5:LeaderElection62] INFO  impl.RaftServerImpl (RaftServerImpl.java:setRole(174)) - acecd6ed-521c-4847-90c2-b671590b4ee4@group-D2E23EB158A5: changes role from CANDIDATE to LEADER at term 2 for changeToLeader
2019-09-26 16:02:04,710 [acecd6ed-521c-4847-90c2-b671590b4ee4@group-D2E23EB158A5:LeaderElection62] INFO  impl.RaftServerImpl (ServerState.java:setLeader(253)) - acecd6ed-521c-4847-90c2-b671590b4ee4@group-D2E23EB158A5: change Leader from null to acecd6ed-521c-4847-90c2-b671590b4ee4 at term 2 for becomeLeader, leader elected after 62ms
2019-09-26 16:02:04,710 [acecd6ed-521c-4847-90c2-b671590b4ee4@group-D2E23EB158A5:LeaderElection62] INFO  server.RaftServerConfigKeys (ConfUtils.java:logGet(43)) - raft.server.staging.catchup.gap = 1000 (default)
2019-09-26 16:02:04,711 [acecd6ed-521c-4847-90c2-b671590b4ee4@group-D2E23EB158A5:LeaderElection62] INFO  server.RaftServerConfigKeys (ConfUtils.java:logGet(43)) - raft.server.rpc.sleep.time = 25ms (default)
2019-09-26 16:02:04,711 [acecd6ed-521c-4847-90c2-b671590b4ee4@group-D2E23EB158A5:LeaderElection62] INFO  server.RaftServerConfigKeys (ConfUtils.java:logGet(43)) - raft.server.write.element-limit = 4096 (default)
2019-09-26 16:02:04,711 [acecd6ed-521c-4847-90c2-b671590b4ee4@group-D2E23EB158A5:LeaderElection62] INFO  server.RaftServerConfigKeys (ConfUtils.java:logGet(43)) - raft.server.watch.timeout = 10s (default)
2019-09-26 16:02:04,711 [acecd6ed-521c-4847-90c2-b671590b4ee4@group-D2E23EB158A5:LeaderElection62] INFO  server.RaftServerConfigKeys (ConfUtils.java:logGet(43)) - raft.server.watch.timeout.denomination = 1s (default)
2019-09-26 16:02:04,711 [acecd6ed-521c-4847-90c2-b671590b4ee4@group-D2E23EB158A5:LeaderElection62] INFO  server.RaftServerConfigKeys (ConfUtils.java:logGet(43)) - raft.server.watch.element-limit = 65536 (default)
2019-09-26 16:02:04,715 [acecd6ed-521c-4847-90c2-b671590b4ee4@group-D2E23EB158A5:LeaderElection62] INFO  server.RaftServerConfigKeys (ConfUtils.java:logGet(43)) - raft.server.log.appender.snapshot.chunk.size.max = 16MB (=16777216) (default)
2019-09-26 16:02:04,715 [acecd6ed-521c-4847-90c2-b671590b4ee4@group-D2E23EB158A5:LeaderElection62] INFO  server.RaftServerConfigKeys (ConfUtils.java:logGet(43)) - raft.server.log.appender.buffer.byte-limit = 33554432 (custom)
2019-09-26 16:02:04,715 [acecd6ed-521c-4847-90c2-b671590b4ee4@group-D2E23EB158A5:LeaderElection62] INFO  server.RaftServerConfigKeys (ConfUtils.java:logGet(43)) - raft.server.log.appender.buffer.element-limit = 1 (custom)
2019-09-26 16:02:04,716 [acecd6ed-521c-4847-90c2-b671590b4ee4@group-D2E23EB158A5:LeaderElection62] INFO  grpc.GrpcConfigKeys$Server (ConfUtils.java:logGet(43)) - raft.grpc.server.leader.outstanding.appends.max = 128 (default)
2019-09-26 16:02:04,716 [acecd6ed-521c-4847-90c2-b671590b4ee4@group-D2E23EB158A5:LeaderElection62] INFO  server.RaftServerConfigKeys (ConfUtils.java:logGet(43)) - raft.server.rpc.request.timeout = 3000ms (default)
2019-09-26 16:02:04,716 [acecd6ed-521c-4847-90c2-b671590b4ee4@group-D2E23EB158A5:LeaderElection62] INFO  server.RaftServerConfigKeys (ConfUtils.java:logGet(43)) - raft.server.log.appender.install.snapshot.enabled = false (custom)
2019-09-26 16:02:04,716 [acecd6ed-521c-4847-90c2-b671590b4ee4@group-D2E23EB158A5:LeaderElection62] INFO  server.RaftServerConfigKeys (ConfUtils.java:logGet(43)) - raft.server.log.appender.snapshot.chunk.size.max = 16MB (=16777216) (default)
2019-09-26 16:02:04,716 [acecd6ed-521c-4847-90c2-b671590b4ee4@group-D2E23EB158A5:LeaderElection62] INFO  server.RaftServerConfigKeys (ConfUtils.java:logGet(43)) - raft.server.log.appender.buffer.byte-limit = 33554432 (custom)
2019-09-26 16:02:04,716 [acecd6ed-521c-4847-90c2-b671590b4ee4@group-D2E23EB158A5:LeaderElection62] INFO  server.RaftServerConfigKeys (ConfUtils.java:logGet(43)) - raft.server.log.appender.buffer.element-limit = 1 (custom)
2019-09-26 16:02:04,717 [acecd6ed-521c-4847-90c2-b671590b4ee4@group-D2E23EB158A5:LeaderElection62] INFO  grpc.GrpcConfigKeys$Server (ConfUtils.java:logGet(43)) - raft.grpc.server.leader.outstanding.appends.max = 128 (default)
2019-09-26 16:02:04,717 [acecd6ed-521c-4847-90c2-b671590b4ee4@group-D2E23EB158A5:LeaderElection62] INFO  server.RaftServerConfigKeys (ConfUtils.java:logGet(43)) - raft.server.rpc.request.timeout = 3000ms (default)
2019-09-26 16:02:04,717 [acecd6ed-521c-4847-90c2-b671590b4ee4@group-D2E23EB158A5:LeaderElection62] INFO  server.RaftServerConfigKeys (ConfUtils.java:logGet(43)) - raft.server.log.appender.install.snapshot.enabled = false (custom)
2019-09-26 16:02:04,717 [acecd6ed-521c-4847-90c2-b671590b4ee4@group-D2E23EB158A5:LeaderElection62] INFO  impl.RoleInfo (RoleInfo.java:updateAndGet(143)) - acecd6ed-521c-4847-90c2-b671590b4ee4: start LeaderState
2019-09-26 16:02:04,718 [acecd6ed-521c-4847-90c2-b671590b4ee4@group-D2E23EB158A5:LeaderElection62] INFO  segmented.SegmentedRaftLogWorker (SegmentedRaftLogWorker.java:rollLogSegment(385)) - acecd6ed-521c-4847-90c2-b671590b4ee4@group-D2E23EB158A5-SegmentedRaftLogWorker: Rolling segment log-0_16 to index:16
2019-09-26 16:02:04,722 [acecd6ed-521c-4847-90c2-b671590b4ee4@group-D2E23EB158A5:LeaderElection62] INFO  impl.RaftServerImpl (ServerState.java:setRaftConf(354)) - acecd6ed-521c-4847-90c2-b671590b4ee4@group-D2E23EB158A5: set configuration 17: [acecd6ed-521c-4847-90c2-b671590b4ee4:192.168.30.25:37337, 92335f2c-6300-4e2c-8b27-b5b19b8ba4b6:192.168.30.25:45713, 677fedf0-f3ff-4f0d-bf3f-efe50b6efefa:192.168.30.25:33755], old=null at 17
2019-09-26 16:02:04,722 [grpc-default-executor-4] WARN  server.GrpcLogAppender (LogUtils.java:warn(134)) - acecd6ed-521c-4847-90c2-b671590b4ee4@group-D2E23EB158A5->677fedf0-f3ff-4f0d-bf3f-efe50b6efefa-AppendLogResponseHandler: Failed appendEntries: org.apache.ratis.thirdparty.io.grpc.StatusRuntimeException: UNAVAILABLE: io exception
2019-09-26 16:02:04,726 [grpc-default-executor-4] INFO  impl.FollowerInfo (FollowerInfo.java:lambda$new$0(51)) - acecd6ed-521c-4847-90c2-b671590b4ee4@group-D2E23EB158A5->677fedf0-f3ff-4f0d-bf3f-efe50b6efefa: nextIndex: updateUnconditionally 17 -> 1
2019-09-26 16:02:04,727 [grpc-default-executor-4] INFO  impl.RaftServerImpl (ServerState.java:setLeader(253)) - 92335f2c-6300-4e2c-8b27-b5b19b8ba4b6@group-D2E23EB158A5: change Leader from null to acecd6ed-521c-4847-90c2-b671590b4ee4 at term 2 for appendEntries, leader elected after 58ms
2019-09-26 16:02:04,727 [acecd6ed-521c-4847-90c2-b671590b4ee4@group-D2E23EB158A5-SegmentedRaftLogWorker] INFO  segmented.SegmentedRaftLogWorker (SegmentedRaftLogWorker.java:execute(526)) - acecd6ed-521c-4847-90c2-b671590b4ee4@group-D2E23EB158A5-SegmentedRaftLogWorker: Rolled log segment from /workdir/hadoop-ozone/integration-test/target/test-dir/MiniOzoneClusterImpl-37ef80a0-c7b2-4a5a-9454-a4bcd92af4bb/datanode-5/data/ratis/47343084-b10f-471b-8680-d2e23eb158a5/current/log_inprogress_0 to /workdir/hadoop-ozone/integration-test/target/test-dir/MiniOzoneClusterImpl-37ef80a0-c7b2-4a5a-9454-a4bcd92af4bb/datanode-5/data/ratis/47343084-b10f-471b-8680-d2e23eb158a5/current/log_0-16
2019-09-26 16:02:04,729 [grpc-default-executor-4] INFO  impl.RaftServerImpl (ServerState.java:setRaftConf(354)) - 92335f2c-6300-4e2c-8b27-b5b19b8ba4b6@group-D2E23EB158A5: set configuration 17: [acecd6ed-521c-4847-90c2-b671590b4ee4:192.168.30.25:37337, 92335f2c-6300-4e2c-8b27-b5b19b8ba4b6:192.168.30.25:45713, 677fedf0-f3ff-4f0d-bf3f-efe50b6efefa:192.168.30.25:33755], old=null at 17
2019-09-26 16:02:04,730 [grpc-default-executor-4] INFO  segmented.SegmentedRaftLogWorker (SegmentedRaftLogWorker.java:rollLogSegment(385)) - 92335f2c-6300-4e2c-8b27-b5b19b8ba4b6@group-D2E23EB158A5-SegmentedRaftLogWorker: Rolling segment log-0_16 to index:16
2019-09-26 16:02:04,730 [92335f2c-6300-4e2c-8b27-b5b19b8ba4b6@group-D2E23EB158A5-SegmentedRaftLogWorker] INFO  segmented.SegmentedRaftLogWorker (SegmentedRaftLogWorker.java:execute(526)) - 92335f2c-6300-4e2c-8b27-b5b19b8ba4b6@group-D2E23EB158A5-SegmentedRaftLogWorker: Rolled log segment from /workdir/hadoop-ozone/integration-test/target/test-dir/MiniOzoneClusterImpl-37ef80a0-c7b2-4a5a-9454-a4bcd92af4bb/datanode-6/data/ratis/47343084-b10f-471b-8680-d2e23eb158a5/current/log_inprogress_0 to /workdir/hadoop-ozone/integration-test/target/test-dir/MiniOzoneClusterImpl-37ef80a0-c7b2-4a5a-9454-a4bcd92af4bb/datanode-6/data/ratis/47343084-b10f-471b-8680-d2e23eb158a5/current/log_0-16
2019-09-26 16:02:04,777 [acecd6ed-521c-4847-90c2-b671590b4ee4@group-D2E23EB158A5-SegmentedRaftLogWorker] INFO  segmented.SegmentedRaftLogWorker (SegmentedRaftLogWorker.java:execute(569)) - acecd6ed-521c-4847-90c2-b671590b4ee4@group-D2E23EB158A5-SegmentedRaftLogWorker: created new log segment /workdir/hadoop-ozone/integration-test/target/test-dir/MiniOzoneClusterImpl-37ef80a0-c7b2-4a5a-9454-a4bcd92af4bb/datanode-5/data/ratis/47343084-b10f-471b-8680-d2e23eb158a5/current/log_inprogress_17
2019-09-26 16:02:04,810 [92335f2c-6300-4e2c-8b27-b5b19b8ba4b6@group-D2E23EB158A5-SegmentedRaftLogWorker] INFO  segmented.SegmentedRaftLogWorker (SegmentedRaftLogWorker.java:execute(569)) - 92335f2c-6300-4e2c-8b27-b5b19b8ba4b6@group-D2E23EB158A5-SegmentedRaftLogWorker: created new log segment /workdir/hadoop-ozone/integration-test/target/test-dir/MiniOzoneClusterImpl-37ef80a0-c7b2-4a5a-9454-a4bcd92af4bb/datanode-6/data/ratis/47343084-b10f-471b-8680-d2e23eb158a5/current/log_inprogress_17
2019-09-26 16:02:04,835 [grpc-default-executor-8] WARN  server.GrpcLogAppender (LogUtils.java:warn(134)) - acecd6ed-521c-4847-90c2-b671590b4ee4@group-D2E23EB158A5->677fedf0-f3ff-4f0d-bf3f-efe50b6efefa-AppendLogResponseHandler: Failed appendEntries: org.apache.ratis.thirdparty.io.grpc.StatusRuntimeException: UNAVAILABLE: io exception
2019-09-26 16:02:04,836 [grpc-default-executor-8] INFO  impl.FollowerInfo (FollowerInfo.java:lambda$new$0(51)) - acecd6ed-521c-4847-90c2-b671590b4ee4@group-D2E23EB158A5->677fedf0-f3ff-4f0d-bf3f-efe50b6efefa: nextIndex: updateUnconditionally 2 -> 1
2019-09-26 16:02:04,847 [grpc-default-executor-4] WARN  server.GrpcLogAppender (LogUtils.java:warn(134)) - acecd6ed-521c-4847-90c2-b671590b4ee4@group-D2E23EB158A5->677fedf0-f3ff-4f0d-bf3f-efe50b6efefa-AppendLogResponseHandler: Failed appendEntries: org.apache.ratis.thirdparty.io.grpc.StatusRuntimeException: UNAVAILABLE: io exception
2019-09-26 16:02:04,847 [grpc-default-executor-4] INFO  impl.FollowerInfo (FollowerInfo.java:lambda$new$0(51)) - acecd6ed-521c-4847-90c2-b671590b4ee4@group-D2E23EB158A5->677fedf0-f3ff-4f0d-bf3f-efe50b6efefa: nextIndex: updateUnconditionally 2 -> 1
16:02:04.965 [grpc-default-executor-8] ERROR DNAudit - user=null | ip=null | op=WRITE_CHUNK {blockData=conID: 1 locID: 102859650119630861 bcsId: 14} | ret=FAILURE
org.apache.hadoop.hdds.scm.container.common.helpers.ContainerNotOpenException: Container 1 in CLOSING state
	at org.apache.hadoop.ozone.container.common.impl.HddsDispatcher.validateContainerCommand(HddsDispatcher.java:434) ~[hadoop-hdds-container-service-0.5.0-SNAPSHOT.jar:?]
	at org.apache.hadoop.ozone.container.common.transport.server.ratis.ContainerStateMachine.startTransaction(ContainerStateMachine.java:315) ~[hadoop-hdds-container-service-0.5.0-SNAPSHOT.jar:?]
	at org.apache.ratis.server.impl.RaftServerImpl.submitClientRequestAsync(RaftServerImpl.java:573) ~[ratis-server-0.4.0.jar:0.4.0]
	at org.apache.ratis.server.impl.RaftServerProxy.lambda$submitClientRequestAsync$7(RaftServerProxy.java:333) ~[ratis-server-0.4.0.jar:0.4.0]
	at org.apache.ratis.server.impl.RaftServerProxy.lambda$null$5(RaftServerProxy.java:328) ~[ratis-server-0.4.0.jar:0.4.0]
	at org.apache.ratis.util.JavaUtils.callAsUnchecked(JavaUtils.java:109) ~[ratis-common-0.4.0.jar:0.4.0]
	at org.apache.ratis.server.impl.RaftServerProxy.lambda$submitRequest$6(RaftServerProxy.java:328) ~[ratis-server-0.4.0.jar:0.4.0]
	at java.util.concurrent.CompletableFuture.uniComposeStage(CompletableFuture.java:981) ~[?:1.8.0_212]
	at java.util.concurrent.CompletableFuture.thenCompose(CompletableFuture.java:2124) ~[?:1.8.0_212]
	at org.apache.ratis.server.impl.RaftServerProxy.submitRequest(RaftServerProxy.java:327) ~[ratis-server-0.4.0.jar:0.4.0]
	at org.apache.ratis.server.impl.RaftServerProxy.submitClientRequestAsync(RaftServerProxy.java:333) ~[ratis-server-0.4.0.jar:0.4.0]
	at org.apache.ratis.grpc.client.GrpcClientProtocolService$RequestStreamObserver.processClientRequest(GrpcClientProtocolService.java:220) ~[ratis-grpc-0.4.0.jar:0.4.0]
	at org.apache.ratis.grpc.client.GrpcClientProtocolService$OrderedRequestStreamObserver.processClientRequest(GrpcClientProtocolService.java:326) ~[ratis-grpc-0.4.0.jar:0.4.0]
	at org.apache.ratis.util.SlidingWindow$Server.processRequestsFromHead(SlidingWindow.java:429) [ratis-common-0.4.0.jar:0.4.0]
	at org.apache.ratis.util.SlidingWindow$Server.receivedRequest(SlidingWindow.java:421) [ratis-common-0.4.0.jar:0.4.0]
	at org.apache.ratis.grpc.client.GrpcClientProtocolService$OrderedRequestStreamObserver.processClientRequest(GrpcClientProtocolService.java:345) [ratis-grpc-0.4.0.jar:0.4.0]
	at org.apache.ratis.grpc.client.GrpcClientProtocolService$RequestStreamObserver.onNext(GrpcClientProtocolService.java:240) [ratis-grpc-0.4.0.jar:0.4.0]
	at org.apache.ratis.grpc.client.GrpcClientProtocolService$RequestStreamObserver.onNext(GrpcClientProtocolService.java:168) [ratis-grpc-0.4.0.jar:0.4.0]
	at org.apache.ratis.thirdparty.io.grpc.stub.ServerCalls$StreamingServerCallHandler$StreamingServerCallListener.onMessage(ServerCalls.java:248) [ratis-thirdparty-misc-0.2.0.jar:0.2.0]
	at org.apache.ratis.thirdparty.io.grpc.internal.ServerCallImpl$ServerStreamListenerImpl.messagesAvailable(ServerCallImpl.java:263) [ratis-thirdparty-misc-0.2.0.jar:0.2.0]
	at org.apache.ratis.thirdparty.io.grpc.internal.ServerImpl$JumpToApplicationThreadServerStreamListener$1MessagesAvailable.runInContext(ServerImpl.java:686) [ratis-thirdparty-misc-0.2.0.jar:0.2.0]
	at org.apache.ratis.thirdparty.io.grpc.internal.ContextRunnable.run(ContextRunnable.java:37) [ratis-thirdparty-misc-0.2.0.jar:0.2.0]
	at org.apache.ratis.thirdparty.io.grpc.internal.SerializingExecutor.run(SerializingExecutor.java:123) [ratis-thirdparty-misc-0.2.0.jar:0.2.0]
	at java.util.concurrent.ThreadPoolExecutor.runWorker(ThreadPoolExecutor.java:1149) [?:1.8.0_212]
	at java.util.concurrent.ThreadPoolExecutor$Worker.run(ThreadPoolExecutor.java:624) [?:1.8.0_212]
	at java.lang.Thread.run(Thread.java:748) [?:1.8.0_212]
16:02:04.977 [grpc-default-executor-4] ERROR DNAudit - user=null | ip=null | op=WRITE_CHUNK {blockData=conID: 1 locID: 102859650119630861 bcsId: 14} | ret=FAILURE
org.apache.hadoop.hdds.scm.container.common.helpers.ContainerNotOpenException: Container 1 in CLOSING state
	at org.apache.hadoop.ozone.container.common.impl.HddsDispatcher.validateContainerCommand(HddsDispatcher.java:434) ~[hadoop-hdds-container-service-0.5.0-SNAPSHOT.jar:?]
	at org.apache.hadoop.ozone.container.common.transport.server.ratis.ContainerStateMachine.startTransaction(ContainerStateMachine.java:315) ~[hadoop-hdds-container-service-0.5.0-SNAPSHOT.jar:?]
	at org.apache.ratis.server.impl.RaftServerImpl.submitClientRequestAsync(RaftServerImpl.java:573) ~[ratis-server-0.4.0.jar:0.4.0]
	at org.apache.ratis.server.impl.RaftServerProxy.lambda$submitClientRequestAsync$7(RaftServerProxy.java:333) ~[ratis-server-0.4.0.jar:0.4.0]
	at org.apache.ratis.server.impl.RaftServerProxy.lambda$null$5(RaftServerProxy.java:328) ~[ratis-server-0.4.0.jar:0.4.0]
	at org.apache.ratis.util.JavaUtils.callAsUnchecked(JavaUtils.java:109) ~[ratis-common-0.4.0.jar:0.4.0]
	at org.apache.ratis.server.impl.RaftServerProxy.lambda$submitRequest$6(RaftServerProxy.java:328) ~[ratis-server-0.4.0.jar:0.4.0]
	at java.util.concurrent.CompletableFuture.uniComposeStage(CompletableFuture.java:981) ~[?:1.8.0_212]
	at java.util.concurrent.CompletableFuture.thenCompose(CompletableFuture.java:2124) ~[?:1.8.0_212]
	at org.apache.ratis.server.impl.RaftServerProxy.submitRequest(RaftServerProxy.java:327) ~[ratis-server-0.4.0.jar:0.4.0]
	at org.apache.ratis.server.impl.RaftServerProxy.submitClientRequestAsync(RaftServerProxy.java:333) ~[ratis-server-0.4.0.jar:0.4.0]
	at org.apache.ratis.grpc.client.GrpcClientProtocolService$RequestStreamObserver.processClientRequest(GrpcClientProtocolService.java:220) ~[ratis-grpc-0.4.0.jar:0.4.0]
	at org.apache.ratis.grpc.client.GrpcClientProtocolService$OrderedRequestStreamObserver.processClientRequest(GrpcClientProtocolService.java:326) ~[ratis-grpc-0.4.0.jar:0.4.0]
	at org.apache.ratis.util.SlidingWindow$Server.processRequestsFromHead(SlidingWindow.java:429) [ratis-common-0.4.0.jar:0.4.0]
	at org.apache.ratis.util.SlidingWindow$Server.receivedRequest(SlidingWindow.java:421) [ratis-common-0.4.0.jar:0.4.0]
	at org.apache.ratis.grpc.client.GrpcClientProtocolService$OrderedRequestStreamObserver.processClientRequest(GrpcClientProtocolService.java:345) [ratis-grpc-0.4.0.jar:0.4.0]
	at org.apache.ratis.grpc.client.GrpcClientProtocolService$RequestStreamObserver.onNext(GrpcClientProtocolService.java:240) [ratis-grpc-0.4.0.jar:0.4.0]
	at org.apache.ratis.grpc.client.GrpcClientProtocolService$RequestStreamObserver.onNext(GrpcClientProtocolService.java:168) [ratis-grpc-0.4.0.jar:0.4.0]
	at org.apache.ratis.thirdparty.io.grpc.stub.ServerCalls$StreamingServerCallHandler$StreamingServerCallListener.onMessage(ServerCalls.java:248) [ratis-thirdparty-misc-0.2.0.jar:0.2.0]
	at org.apache.ratis.thirdparty.io.grpc.internal.ServerCallImpl$ServerStreamListenerImpl.messagesAvailable(ServerCallImpl.java:263) [ratis-thirdparty-misc-0.2.0.jar:0.2.0]
	at org.apache.ratis.thirdparty.io.grpc.internal.ServerImpl$JumpToApplicationThreadServerStreamListener$1MessagesAvailable.runInContext(ServerImpl.java:686) [ratis-thirdparty-misc-0.2.0.jar:0.2.0]
	at org.apache.ratis.thirdparty.io.grpc.internal.ContextRunnable.run(ContextRunnable.java:37) [ratis-thirdparty-misc-0.2.0.jar:0.2.0]
	at org.apache.ratis.thirdparty.io.grpc.internal.SerializingExecutor.run(SerializingExecutor.java:123) [ratis-thirdparty-misc-0.2.0.jar:0.2.0]
	at java.util.concurrent.ThreadPoolExecutor.runWorker(ThreadPoolExecutor.java:1149) [?:1.8.0_212]
	at java.util.concurrent.ThreadPoolExecutor$Worker.run(ThreadPoolExecutor.java:624) [?:1.8.0_212]
	at java.lang.Thread.run(Thread.java:748) [?:1.8.0_212]
16:02:04.979 [grpc-default-executor-4] ERROR DNAudit - user=null | ip=null | op=PUT_BLOCK {blockData=[blockId=conID: 1 locID: 102859650119630861 bcsId: 0,size=650]} | ret=FAILURE
org.apache.hadoop.hdds.scm.container.common.helpers.ContainerNotOpenException: Container 1 in CLOSING state
	at org.apache.hadoop.ozone.container.common.impl.HddsDispatcher.validateContainerCommand(HddsDispatcher.java:434) ~[hadoop-hdds-container-service-0.5.0-SNAPSHOT.jar:?]
	at org.apache.hadoop.ozone.container.common.transport.server.ratis.ContainerStateMachine.startTransaction(ContainerStateMachine.java:315) ~[hadoop-hdds-container-service-0.5.0-SNAPSHOT.jar:?]
	at org.apache.ratis.server.impl.RaftServerImpl.submitClientRequestAsync(RaftServerImpl.java:573) ~[ratis-server-0.4.0.jar:0.4.0]
	at org.apache.ratis.server.impl.RaftServerProxy.lambda$submitClientRequestAsync$7(RaftServerProxy.java:333) ~[ratis-server-0.4.0.jar:0.4.0]
	at org.apache.ratis.server.impl.RaftServerProxy.lambda$null$5(RaftServerProxy.java:328) ~[ratis-server-0.4.0.jar:0.4.0]
	at org.apache.ratis.util.JavaUtils.callAsUnchecked(JavaUtils.java:109) ~[ratis-common-0.4.0.jar:0.4.0]
	at org.apache.ratis.server.impl.RaftServerProxy.lambda$submitRequest$6(RaftServerProxy.java:328) ~[ratis-server-0.4.0.jar:0.4.0]
	at java.util.concurrent.CompletableFuture.uniComposeStage(CompletableFuture.java:981) ~[?:1.8.0_212]
	at java.util.concurrent.CompletableFuture.thenCompose(CompletableFuture.java:2124) ~[?:1.8.0_212]
	at org.apache.ratis.server.impl.RaftServerProxy.submitRequest(RaftServerProxy.java:327) ~[ratis-server-0.4.0.jar:0.4.0]
	at org.apache.ratis.server.impl.RaftServerProxy.submitClientRequestAsync(RaftServerProxy.java:333) ~[ratis-server-0.4.0.jar:0.4.0]
	at org.apache.ratis.grpc.client.GrpcClientProtocolService$RequestStreamObserver.processClientRequest(GrpcClientProtocolService.java:220) ~[ratis-grpc-0.4.0.jar:0.4.0]
	at org.apache.ratis.grpc.client.GrpcClientProtocolService$OrderedRequestStreamObserver.processClientRequest(GrpcClientProtocolService.java:326) ~[ratis-grpc-0.4.0.jar:0.4.0]
	at org.apache.ratis.util.SlidingWindow$Server.processRequestsFromHead(SlidingWindow.java:429) [ratis-common-0.4.0.jar:0.4.0]
	at org.apache.ratis.util.SlidingWindow$Server.receivedRequest(SlidingWindow.java:421) [ratis-common-0.4.0.jar:0.4.0]
	at org.apache.ratis.grpc.client.GrpcClientProtocolService$OrderedRequestStreamObserver.processClientRequest(GrpcClientProtocolService.java:345) [ratis-grpc-0.4.0.jar:0.4.0]
	at org.apache.ratis.grpc.client.GrpcClientProtocolService$RequestStreamObserver.onNext(GrpcClientProtocolService.java:240) [ratis-grpc-0.4.0.jar:0.4.0]
	at org.apache.ratis.grpc.client.GrpcClientProtocolService$RequestStreamObserver.onNext(GrpcClientProtocolService.java:168) [ratis-grpc-0.4.0.jar:0.4.0]
	at org.apache.ratis.thirdparty.io.grpc.stub.ServerCalls$StreamingServerCallHandler$StreamingServerCallListener.onMessage(ServerCalls.java:248) [ratis-thirdparty-misc-0.2.0.jar:0.2.0]
	at org.apache.ratis.thirdparty.io.grpc.internal.ServerCallImpl$ServerStreamListenerImpl.messagesAvailable(ServerCallImpl.java:263) [ratis-thirdparty-misc-0.2.0.jar:0.2.0]
	at org.apache.ratis.thirdparty.io.grpc.internal.ServerImpl$JumpToApplicationThreadServerStreamListener$1MessagesAvailable.runInContext(ServerImpl.java:686) [ratis-thirdparty-misc-0.2.0.jar:0.2.0]
	at org.apache.ratis.thirdparty.io.grpc.internal.ContextRunnable.run(ContextRunnable.java:37) [ratis-thirdparty-misc-0.2.0.jar:0.2.0]
	at org.apache.ratis.thirdparty.io.grpc.internal.SerializingExecutor.run(SerializingExecutor.java:123) [ratis-thirdparty-misc-0.2.0.jar:0.2.0]
	at java.util.concurrent.ThreadPoolExecutor.runWorker(ThreadPoolExecutor.java:1149) [?:1.8.0_212]
	at java.util.concurrent.ThreadPoolExecutor$Worker.run(ThreadPoolExecutor.java:624) [?:1.8.0_212]
	at java.lang.Thread.run(Thread.java:748) [?:1.8.0_212]
16:02:04.990 [grpc-default-executor-4] ERROR DNAudit - user=null | ip=null | op=WRITE_CHUNK {blockData=conID: 1 locID: 102859650119630861 bcsId: 14} | ret=FAILURE
org.apache.hadoop.hdds.scm.container.common.helpers.ContainerNotOpenException: Container 1 in CLOSING state
	at org.apache.hadoop.ozone.container.common.impl.HddsDispatcher.validateContainerCommand(HddsDispatcher.java:434) ~[hadoop-hdds-container-service-0.5.0-SNAPSHOT.jar:?]
	at org.apache.hadoop.ozone.container.common.transport.server.ratis.ContainerStateMachine.startTransaction(ContainerStateMachine.java:315) ~[hadoop-hdds-container-service-0.5.0-SNAPSHOT.jar:?]
	at org.apache.ratis.server.impl.RaftServerImpl.submitClientRequestAsync(RaftServerImpl.java:573) ~[ratis-server-0.4.0.jar:0.4.0]
	at org.apache.ratis.server.impl.RaftServerProxy.lambda$submitClientRequestAsync$7(RaftServerProxy.java:333) ~[ratis-server-0.4.0.jar:0.4.0]
	at org.apache.ratis.server.impl.RaftServerProxy.lambda$null$5(RaftServerProxy.java:328) ~[ratis-server-0.4.0.jar:0.4.0]
	at org.apache.ratis.util.JavaUtils.callAsUnchecked(JavaUtils.java:109) ~[ratis-common-0.4.0.jar:0.4.0]
	at org.apache.ratis.server.impl.RaftServerProxy.lambda$submitRequest$6(RaftServerProxy.java:328) ~[ratis-server-0.4.0.jar:0.4.0]
	at java.util.concurrent.CompletableFuture.uniComposeStage(CompletableFuture.java:981) ~[?:1.8.0_212]
	at java.util.concurrent.CompletableFuture.thenCompose(CompletableFuture.java:2124) ~[?:1.8.0_212]
	at org.apache.ratis.server.impl.RaftServerProxy.submitRequest(RaftServerProxy.java:327) ~[ratis-server-0.4.0.jar:0.4.0]
	at org.apache.ratis.server.impl.RaftServerProxy.submitClientRequestAsync(RaftServerProxy.java:333) ~[ratis-server-0.4.0.jar:0.4.0]
	at org.apache.ratis.grpc.client.GrpcClientProtocolService$RequestStreamObserver.processClientRequest(GrpcClientProtocolService.java:220) ~[ratis-grpc-0.4.0.jar:0.4.0]
	at org.apache.ratis.grpc.client.GrpcClientProtocolService$OrderedRequestStreamObserver.processClientRequest(GrpcClientProtocolService.java:326) ~[ratis-grpc-0.4.0.jar:0.4.0]
	at org.apache.ratis.util.SlidingWindow$Server.processRequestsFromHead(SlidingWindow.java:429) [ratis-common-0.4.0.jar:0.4.0]
	at org.apache.ratis.util.SlidingWindow$Server.receivedRequest(SlidingWindow.java:421) [ratis-common-0.4.0.jar:0.4.0]
	at org.apache.ratis.grpc.client.GrpcClientProtocolService$OrderedRequestStreamObserver.processClientRequest(GrpcClientProtocolService.java:345) [ratis-grpc-0.4.0.jar:0.4.0]
	at org.apache.ratis.grpc.client.GrpcClientProtocolService$RequestStreamObserver.onNext(GrpcClientProtocolService.java:240) [ratis-grpc-0.4.0.jar:0.4.0]
	at org.apache.ratis.grpc.client.GrpcClientProtocolService$RequestStreamObserver.onNext(GrpcClientProtocolService.java:168) [ratis-grpc-0.4.0.jar:0.4.0]
	at org.apache.ratis.thirdparty.io.grpc.stub.ServerCalls$StreamingServerCallHandler$StreamingServerCallListener.onMessage(ServerCalls.java:248) [ratis-thirdparty-misc-0.2.0.jar:0.2.0]
	at org.apache.ratis.thirdparty.io.grpc.internal.ServerCallImpl$ServerStreamListenerImpl.messagesAvailable(ServerCallImpl.java:263) [ratis-thirdparty-misc-0.2.0.jar:0.2.0]
	at org.apache.ratis.thirdparty.io.grpc.internal.ServerImpl$JumpToApplicationThreadServerStreamListener$1MessagesAvailable.runInContext(ServerImpl.java:686) [ratis-thirdparty-misc-0.2.0.jar:0.2.0]
	at org.apache.ratis.thirdparty.io.grpc.internal.ContextRunnable.run(ContextRunnable.java:37) [ratis-thirdparty-misc-0.2.0.jar:0.2.0]
	at org.apache.ratis.thirdparty.io.grpc.internal.SerializingExecutor.run(SerializingExecutor.java:123) [ratis-thirdparty-misc-0.2.0.jar:0.2.0]
	at java.util.concurrent.ThreadPoolExecutor.runWorker(ThreadPoolExecutor.java:1149) [?:1.8.0_212]
	at java.util.concurrent.ThreadPoolExecutor$Worker.run(ThreadPoolExecutor.java:624) [?:1.8.0_212]
	at java.lang.Thread.run(Thread.java:748) [?:1.8.0_212]
16:02:05.003 [grpc-default-executor-4] ERROR DNAudit - user=null | ip=null | op=WRITE_CHUNK {blockData=conID: 1 locID: 102859650119630861 bcsId: 14} | ret=FAILURE
org.apache.hadoop.hdds.scm.container.common.helpers.ContainerNotOpenException: Container 1 in CLOSING state
	at org.apache.hadoop.ozone.container.common.impl.HddsDispatcher.validateContainerCommand(HddsDispatcher.java:434) ~[hadoop-hdds-container-service-0.5.0-SNAPSHOT.jar:?]
	at org.apache.hadoop.ozone.container.common.transport.server.ratis.ContainerStateMachine.startTransaction(ContainerStateMachine.java:315) ~[hadoop-hdds-container-service-0.5.0-SNAPSHOT.jar:?]
	at org.apache.ratis.server.impl.RaftServerImpl.submitClientRequestAsync(RaftServerImpl.java:573) ~[ratis-server-0.4.0.jar:0.4.0]
	at org.apache.ratis.server.impl.RaftServerProxy.lambda$submitClientRequestAsync$7(RaftServerProxy.java:333) ~[ratis-server-0.4.0.jar:0.4.0]
	at org.apache.ratis.server.impl.RaftServerProxy.lambda$null$5(RaftServerProxy.java:328) ~[ratis-server-0.4.0.jar:0.4.0]
	at org.apache.ratis.util.JavaUtils.callAsUnchecked(JavaUtils.java:109) ~[ratis-common-0.4.0.jar:0.4.0]
	at org.apache.ratis.server.impl.RaftServerProxy.lambda$submitRequest$6(RaftServerProxy.java:328) ~[ratis-server-0.4.0.jar:0.4.0]
	at java.util.concurrent.CompletableFuture.uniComposeStage(CompletableFuture.java:981) ~[?:1.8.0_212]
	at java.util.concurrent.CompletableFuture.thenCompose(CompletableFuture.java:2124) ~[?:1.8.0_212]
	at org.apache.ratis.server.impl.RaftServerProxy.submitRequest(RaftServerProxy.java:327) ~[ratis-server-0.4.0.jar:0.4.0]
	at org.apache.ratis.server.impl.RaftServerProxy.submitClientRequestAsync(RaftServerProxy.java:333) ~[ratis-server-0.4.0.jar:0.4.0]
	at org.apache.ratis.grpc.client.GrpcClientProtocolService$RequestStreamObserver.processClientRequest(GrpcClientProtocolService.java:220) ~[ratis-grpc-0.4.0.jar:0.4.0]
	at org.apache.ratis.grpc.client.GrpcClientProtocolService$OrderedRequestStreamObserver.processClientRequest(GrpcClientProtocolService.java:326) ~[ratis-grpc-0.4.0.jar:0.4.0]
	at org.apache.ratis.util.SlidingWindow$Server.processRequestsFromHead(SlidingWindow.java:429) [ratis-common-0.4.0.jar:0.4.0]
	at org.apache.ratis.util.SlidingWindow$Server.receivedRequest(SlidingWindow.java:421) [ratis-common-0.4.0.jar:0.4.0]
	at org.apache.ratis.grpc.client.GrpcClientProtocolService$OrderedRequestStreamObserver.processClientRequest(GrpcClientProtocolService.java:345) [ratis-grpc-0.4.0.jar:0.4.0]
	at org.apache.ratis.grpc.client.GrpcClientProtocolService$RequestStreamObserver.onNext(GrpcClientProtocolService.java:240) [ratis-grpc-0.4.0.jar:0.4.0]
	at org.apache.ratis.grpc.client.GrpcClientProtocolService$RequestStreamObserver.onNext(GrpcClientProtocolService.java:168) [ratis-grpc-0.4.0.jar:0.4.0]
	at org.apache.ratis.thirdparty.io.grpc.stub.ServerCalls$StreamingServerCallHandler$StreamingServerCallListener.onMessage(ServerCalls.java:248) [ratis-thirdparty-misc-0.2.0.jar:0.2.0]
	at org.apache.ratis.thirdparty.io.grpc.internal.ServerCallImpl$ServerStreamListenerImpl.messagesAvailable(ServerCallImpl.java:263) [ratis-thirdparty-misc-0.2.0.jar:0.2.0]
	at org.apache.ratis.thirdparty.io.grpc.internal.ServerImpl$JumpToApplicationThreadServerStreamListener$1MessagesAvailable.runInContext(ServerImpl.java:686) [ratis-thirdparty-misc-0.2.0.jar:0.2.0]
	at org.apache.ratis.thirdparty.io.grpc.internal.ContextRunnable.run(ContextRunnable.java:37) [ratis-thirdparty-misc-0.2.0.jar:0.2.0]
	at org.apache.ratis.thirdparty.io.grpc.internal.SerializingExecutor.run(SerializingExecutor.java:123) [ratis-thirdparty-misc-0.2.0.jar:0.2.0]
	at java.util.concurrent.ThreadPoolExecutor.runWorker(ThreadPoolExecutor.java:1149) [?:1.8.0_212]
	at java.util.concurrent.ThreadPoolExecutor$Worker.run(ThreadPoolExecutor.java:624) [?:1.8.0_212]
	at java.lang.Thread.run(Thread.java:748) [?:1.8.0_212]
16:02:05.005 [grpc-default-executor-4] ERROR DNAudit - user=null | ip=null | op=PUT_BLOCK {blockData=[blockId=conID: 1 locID: 102859650119630861 bcsId: 0,size=800]} | ret=FAILURE
org.apache.hadoop.hdds.scm.container.common.helpers.ContainerNotOpenException: Container 1 in CLOSING state
	at org.apache.hadoop.ozone.container.common.impl.HddsDispatcher.validateContainerCommand(HddsDispatcher.java:434) ~[hadoop-hdds-container-service-0.5.0-SNAPSHOT.jar:?]
	at org.apache.hadoop.ozone.container.common.transport.server.ratis.ContainerStateMachine.startTransaction(ContainerStateMachine.java:315) ~[hadoop-hdds-container-service-0.5.0-SNAPSHOT.jar:?]
	at org.apache.ratis.server.impl.RaftServerImpl.submitClientRequestAsync(RaftServerImpl.java:573) ~[ratis-server-0.4.0.jar:0.4.0]
	at org.apache.ratis.server.impl.RaftServerProxy.lambda$submitClientRequestAsync$7(RaftServerProxy.java:333) ~[ratis-server-0.4.0.jar:0.4.0]
	at org.apache.ratis.server.impl.RaftServerProxy.lambda$null$5(RaftServerProxy.java:328) ~[ratis-server-0.4.0.jar:0.4.0]
	at org.apache.ratis.util.JavaUtils.callAsUnchecked(JavaUtils.java:109) ~[ratis-common-0.4.0.jar:0.4.0]
	at org.apache.ratis.server.impl.RaftServerProxy.lambda$submitRequest$6(RaftServerProxy.java:328) ~[ratis-server-0.4.0.jar:0.4.0]
	at java.util.concurrent.CompletableFuture.uniComposeStage(CompletableFuture.java:981) ~[?:1.8.0_212]
	at java.util.concurrent.CompletableFuture.thenCompose(CompletableFuture.java:2124) ~[?:1.8.0_212]
	at org.apache.ratis.server.impl.RaftServerProxy.submitRequest(RaftServerProxy.java:327) ~[ratis-server-0.4.0.jar:0.4.0]
	at org.apache.ratis.server.impl.RaftServerProxy.submitClientRequestAsync(RaftServerProxy.java:333) ~[ratis-server-0.4.0.jar:0.4.0]
	at org.apache.ratis.grpc.client.GrpcClientProtocolService$RequestStreamObserver.processClientRequest(GrpcClientProtocolService.java:220) ~[ratis-grpc-0.4.0.jar:0.4.0]
	at org.apache.ratis.grpc.client.GrpcClientProtocolService$OrderedRequestStreamObserver.processClientRequest(GrpcClientProtocolService.java:326) ~[ratis-grpc-0.4.0.jar:0.4.0]
	at org.apache.ratis.util.SlidingWindow$Server.processRequestsFromHead(SlidingWindow.java:429) [ratis-common-0.4.0.jar:0.4.0]
	at org.apache.ratis.util.SlidingWindow$Server.receivedRequest(SlidingWindow.java:421) [ratis-common-0.4.0.jar:0.4.0]
	at org.apache.ratis.grpc.client.GrpcClientProtocolService$OrderedRequestStreamObserver.processClientRequest(GrpcClientProtocolService.java:345) [ratis-grpc-0.4.0.jar:0.4.0]
	at org.apache.ratis.grpc.client.GrpcClientProtocolService$RequestStreamObserver.onNext(GrpcClientProtocolService.java:240) [ratis-grpc-0.4.0.jar:0.4.0]
	at org.apache.ratis.grpc.client.GrpcClientProtocolService$RequestStreamObserver.onNext(GrpcClientProtocolService.java:168) [ratis-grpc-0.4.0.jar:0.4.0]
	at org.apache.ratis.thirdparty.io.grpc.stub.ServerCalls$StreamingServerCallHandler$StreamingServerCallListener.onMessage(ServerCalls.java:248) [ratis-thirdparty-misc-0.2.0.jar:0.2.0]
	at org.apache.ratis.thirdparty.io.grpc.internal.ServerCallImpl$ServerStreamListenerImpl.messagesAvailable(ServerCallImpl.java:263) [ratis-thirdparty-misc-0.2.0.jar:0.2.0]
	at org.apache.ratis.thirdparty.io.grpc.internal.ServerImpl$JumpToApplicationThreadServerStreamListener$1MessagesAvailable.runInContext(ServerImpl.java:686) [ratis-thirdparty-misc-0.2.0.jar:0.2.0]
	at org.apache.ratis.thirdparty.io.grpc.internal.ContextRunnable.run(ContextRunnable.java:37) [ratis-thirdparty-misc-0.2.0.jar:0.2.0]
	at org.apache.ratis.thirdparty.io.grpc.internal.SerializingExecutor.run(SerializingExecutor.java:123) [ratis-thirdparty-misc-0.2.0.jar:0.2.0]
	at java.util.concurrent.ThreadPoolExecutor.runWorker(ThreadPoolExecutor.java:1149) [?:1.8.0_212]
	at java.util.concurrent.ThreadPoolExecutor$Worker.run(ThreadPoolExecutor.java:624) [?:1.8.0_212]
	at java.lang.Thread.run(Thread.java:748) [?:1.8.0_212]
2019-09-26 16:02:05,438 [main] INFO  ozone.MiniOzoneClusterImpl (MiniOzoneClusterImpl.java:shutdown(314)) - Shutting down the Mini Ozone Cluster
2019-09-26 16:02:05,438 [main] INFO  ozone.MiniOzoneClusterImpl (MiniOzoneClusterImpl.java:stop(330)) - Stopping the Mini Ozone Cluster
2019-09-26 16:02:05,438 [main] INFO  ozone.MiniOzoneClusterImpl (MiniOzoneClusterImpl.java:stopOM(400)) - Stopping the OzoneManager
2019-09-26 16:02:05,438 [main] INFO  ipc.Server (Server.java:stop(3082)) - Stopping server on 37349
2019-09-26 16:02:05,464 [IPC Server listener on 37349] INFO  ipc.Server (Server.java:run(1185)) - Stopping IPC Server listener on 37349
2019-09-26 16:02:05,465 [main] INFO  ratis.OzoneManagerDoubleBuffer (OzoneManagerDoubleBuffer.java:stop(248)) - Stopping OMDoubleBuffer flush thread
2019-09-26 16:02:05,465 [IPC Server Responder] INFO  ipc.Server (Server.java:run(1319)) - Stopping IPC Server Responder
2019-09-26 16:02:05,468 [OMDoubleBufferFlushThread] INFO  ratis.OzoneManagerDoubleBuffer (OzoneManagerDoubleBuffer.java:flushTransactions(191)) - OMDoubleBuffer flush thread OMDoubleBufferFlushThread is interrupted and will exit. OMDoubleBufferFlushThread
2019-09-26 16:02:05,468 [main] INFO  utils.BackgroundService (BackgroundService.java:shutdown(148)) - Shutting down service KeyDeletingService
2019-09-26 16:02:05,470 [main] INFO  handler.ContextHandler (ContextHandler.java:doStop(910)) - Stopped o.e.j.w.WebAppContext@7739aac4{/,null,UNAVAILABLE}{/ozoneManager}
2019-09-26 16:02:05,471 [main] INFO  server.AbstractConnector (AbstractConnector.java:doStop(318)) - Stopped ServerConnector@353c6da1{HTTP/1.1,[http/1.1]}{0.0.0.0:0}
2019-09-26 16:02:05,471 [main] INFO  handler.ContextHandler (ContextHandler.java:doStop(910)) - Stopped o.e.j.s.ServletContextHandler@1c5d3a37{/static,file:///workdir/hadoop-ozone/integration-test/target/test-classes/webapps/static,UNAVAILABLE}
2019-09-26 16:02:05,472 [main] INFO  handler.ContextHandler (ContextHandler.java:doStop(910)) - Stopped o.e.j.s.ServletContextHandler@4f235107{/logs,file:///workdir/hadoop-ozone/integration-test/target/log,UNAVAILABLE}
2019-09-26 16:02:05,474 [main] INFO  ozone.MiniOzoneClusterImpl (MiniOzoneClusterImpl.java:stopDatanodes(377)) - Stopping the HddsDatanodes
2019-09-26 16:02:05,892 [Datanode State Machine Thread - 0] INFO  statemachine.DatanodeStateMachine (DatanodeStateMachine.java:lambda$startDaemon$0(350)) - Ozone container server started.
2019-09-26 16:02:06,219 [Datanode State Machine Thread - 0] INFO  statemachine.DatanodeStateMachine (DatanodeStateMachine.java:lambda$startDaemon$0(350)) - Ozone container server started.
2019-09-26 16:02:07,348 [grpc-default-executor-4] WARN  server.GrpcLogAppender (LogUtils.java:warn(134)) - acecd6ed-521c-4847-90c2-b671590b4ee4@group-D2E23EB158A5->677fedf0-f3ff-4f0d-bf3f-efe50b6efefa-AppendLogResponseHandler: Failed appendEntries: org.apache.ratis.thirdparty.io.grpc.StatusRuntimeException: UNAVAILABLE: io exception
2019-09-26 16:02:07,349 [grpc-default-executor-4] INFO  impl.FollowerInfo (FollowerInfo.java:lambda$new$0(51)) - acecd6ed-521c-4847-90c2-b671590b4ee4@group-D2E23EB158A5->677fedf0-f3ff-4f0d-bf3f-efe50b6efefa: nextIndex: updateUnconditionally 1 -> 0
2019-09-26 16:02:09,852 [grpc-default-executor-4] WARN  server.GrpcLogAppender (LogUtils.java:warn(134)) - acecd6ed-521c-4847-90c2-b671590b4ee4@group-D2E23EB158A5->677fedf0-f3ff-4f0d-bf3f-efe50b6efefa-AppendLogResponseHandler: Failed appendEntries: org.apache.ratis.thirdparty.io.grpc.StatusRuntimeException: UNAVAILABLE: io exception
2019-09-26 16:02:09,853 [grpc-default-executor-4] INFO  impl.FollowerInfo (FollowerInfo.java:lambda$new$0(51)) - acecd6ed-521c-4847-90c2-b671590b4ee4@group-D2E23EB158A5->677fedf0-f3ff-4f0d-bf3f-efe50b6efefa: nextIndex: updateUnconditionally 0 -> 0
2019-09-26 16:02:09,898 [EventQueue-StaleNodeForStaleNodeHandler] INFO  node.StaleNodeHandler (StaleNodeHandler.java:onMessage(58)) - Datanode 3fb57adb-a0d1-4f11-b6a1-e7035e94dbe3{ip: 192.168.30.25, host: pr-hdds-2149-6mrrv-456159840, networkLocation: /default-rack, certSerialId: null} moved to stale state. Finalizing its pipelines [PipelineID=60de9b43-cf98-44e1-aac6-105f6cc09499]
2019-09-26 16:02:09,899 [EventQueue-StaleNodeForStaleNodeHandler] INFO  pipeline.SCMPipelineManager (SCMPipelineManager.java:finalizeAndDestroyPipeline(315)) - destroying pipeline:Pipeline[ Id: 60de9b43-cf98-44e1-aac6-105f6cc09499, Nodes: 3fb57adb-a0d1-4f11-b6a1-e7035e94dbe3{ip: 192.168.30.25, host: pr-hdds-2149-6mrrv-456159840, networkLocation: /default-rack, certSerialId: null}, Type:RATIS, Factor:ONE, State:OPEN]
2019-09-26 16:02:09,899 [EventQueue-StaleNodeForStaleNodeHandler] INFO  pipeline.PipelineStateManager (PipelineStateManager.java:finalizePipeline(123)) - Pipeline Pipeline[ Id: 60de9b43-cf98-44e1-aac6-105f6cc09499, Nodes: 3fb57adb-a0d1-4f11-b6a1-e7035e94dbe3{ip: 192.168.30.25, host: pr-hdds-2149-6mrrv-456159840, networkLocation: /default-rack, certSerialId: null}, Type:RATIS, Factor:ONE, State:CLOSED] moved to CLOSED state
2019-09-26 16:02:10,299 [EventQueue-StaleNodeForStaleNodeHandler] INFO  node.StaleNodeHandler (StaleNodeHandler.java:onMessage(58)) - Datanode 78fe6ec9-8553-4a78-a89d-2d8ec94d0a0a{ip: 192.168.30.25, host: pr-hdds-2149-6mrrv-456159840, networkLocation: /default-rack, certSerialId: null} moved to stale state. Finalizing its pipelines [PipelineID=ea83e6af-74fd-4d0d-9f3b-29f9f8f5c47f, PipelineID=683d91b8-19fa-4c4b-8067-9c34ef63f9f8]
2019-09-26 16:02:10,299 [EventQueue-StaleNodeForStaleNodeHandler] INFO  pipeline.SCMPipelineManager (SCMPipelineManager.java:finalizeAndDestroyPipeline(315)) - destroying pipeline:Pipeline[ Id: ea83e6af-74fd-4d0d-9f3b-29f9f8f5c47f, Nodes: 78fe6ec9-8553-4a78-a89d-2d8ec94d0a0a{ip: 192.168.30.25, host: pr-hdds-2149-6mrrv-456159840, networkLocation: /default-rack, certSerialId: null}9f94f691-0884-4444-930f-fe6b174506dd{ip: 192.168.30.25, host: pr-hdds-2149-6mrrv-456159840, networkLocation: /default-rack, certSerialId: null}8313d97f-2d94-4d1e-92c6-63f4a9fb5f70{ip: 192.168.30.25, host: pr-hdds-2149-6mrrv-456159840, networkLocation: /default-rack, certSerialId: null}, Type:RATIS, Factor:THREE, State:OPEN]
2019-09-26 16:02:10,299 [EventQueue-StaleNodeForStaleNodeHandler] INFO  pipeline.PipelineStateManager (PipelineStateManager.java:finalizePipeline(123)) - Pipeline Pipeline[ Id: ea83e6af-74fd-4d0d-9f3b-29f9f8f5c47f, Nodes: 78fe6ec9-8553-4a78-a89d-2d8ec94d0a0a{ip: 192.168.30.25, host: pr-hdds-2149-6mrrv-456159840, networkLocation: /default-rack, certSerialId: null}9f94f691-0884-4444-930f-fe6b174506dd{ip: 192.168.30.25, host: pr-hdds-2149-6mrrv-456159840, networkLocation: /default-rack, certSerialId: null}8313d97f-2d94-4d1e-92c6-63f4a9fb5f70{ip: 192.168.30.25, host: pr-hdds-2149-6mrrv-456159840, networkLocation: /default-rack, certSerialId: null}, Type:RATIS, Factor:THREE, State:CLOSED] moved to CLOSED state
2019-09-26 16:02:10,300 [EventQueue-StaleNodeForStaleNodeHandler] INFO  pipeline.SCMPipelineManager (SCMPipelineManager.java:finalizeAndDestroyPipeline(315)) - destroying pipeline:Pipeline[ Id: 683d91b8-19fa-4c4b-8067-9c34ef63f9f8, Nodes: 78fe6ec9-8553-4a78-a89d-2d8ec94d0a0a{ip: 192.168.30.25, host: pr-hdds-2149-6mrrv-456159840, networkLocation: /default-rack, certSerialId: null}, Type:RATIS, Factor:ONE, State:OPEN]
2019-09-26 16:02:10,300 [EventQueue-CloseContainerForCloseContainerEventHandler] INFO  container.CloseContainerEventHandler (CloseContainerEventHandler.java:onMessage(61)) - Close container Event triggered for container : #2
2019-09-26 16:02:10,300 [EventQueue-StaleNodeForStaleNodeHandler] INFO  pipeline.PipelineStateManager (PipelineStateManager.java:finalizePipeline(123)) - Pipeline Pipeline[ Id: 683d91b8-19fa-4c4b-8067-9c34ef63f9f8, Nodes: 78fe6ec9-8553-4a78-a89d-2d8ec94d0a0a{ip: 192.168.30.25, host: pr-hdds-2149-6mrrv-456159840, networkLocation: /default-rack, certSerialId: null}, Type:RATIS, Factor:ONE, State:CLOSED] moved to CLOSED state
2019-09-26 16:02:10,476 [main] INFO  ozoneimpl.OzoneContainer (OzoneContainer.java:stop(231)) - Attempting to stop container services.
2019-09-26 16:02:10,476 [ForkJoinPool.commonPool-worker-0] INFO  ozoneimpl.OzoneContainer (OzoneContainer.java:stop(231)) - Attempting to stop container services.
2019-09-26 16:02:10,478 [main] INFO  impl.RaftServerProxy (RaftServerProxy.java:lambda$close$4(314)) - 3fb57adb-a0d1-4f11-b6a1-e7035e94dbe3: close
2019-09-26 16:02:10,478 [ForkJoinPool.commonPool-worker-0] INFO  impl.RaftServerProxy (RaftServerProxy.java:lambda$close$4(314)) - 78fe6ec9-8553-4a78-a89d-2d8ec94d0a0a: close
2019-09-26 16:02:10,479 [main] INFO  impl.RaftServerImpl (RaftServerImpl.java:lambda$shutdown$3(251)) - 3fb57adb-a0d1-4f11-b6a1-e7035e94dbe3@group-105F6CC09499: shutdown
2019-09-26 16:02:10,479 [ForkJoinPool.commonPool-worker-0] INFO  impl.RaftServerImpl (RaftServerImpl.java:lambda$shutdown$3(251)) - 78fe6ec9-8553-4a78-a89d-2d8ec94d0a0a@group-29F9F8F5C47F: shutdown
2019-09-26 16:02:10,479 [main] INFO  util.JmxRegister (JmxRegister.java:unregister(73)) - Successfully un-registered JMX Bean with object name Ratis:service=RaftServer,group=group-105F6CC09499,id=3fb57adb-a0d1-4f11-b6a1-e7035e94dbe3
2019-09-26 16:02:10,479 [ForkJoinPool.commonPool-worker-0] INFO  util.JmxRegister (JmxRegister.java:unregister(73)) - Successfully un-registered JMX Bean with object name Ratis:service=RaftServer,group=group-29F9F8F5C47F,id=78fe6ec9-8553-4a78-a89d-2d8ec94d0a0a
2019-09-26 16:02:10,480 [main] INFO  impl.RoleInfo (RoleInfo.java:shutdownLeaderState(104)) - 3fb57adb-a0d1-4f11-b6a1-e7035e94dbe3: shutdown LeaderState
2019-09-26 16:02:10,480 [ForkJoinPool.commonPool-worker-0] INFO  impl.RoleInfo (RoleInfo.java:shutdownFollowerState(121)) - 78fe6ec9-8553-4a78-a89d-2d8ec94d0a0a: shutdown FollowerState
2019-09-26 16:02:10,481 [main] INFO  impl.PendingRequests (PendingRequests.java:sendNotLeaderResponses(202)) - 3fb57adb-a0d1-4f11-b6a1-e7035e94dbe3-PendingRequests: sendNotLeaderResponses
2019-09-26 16:02:10,481 [Thread-2954] INFO  impl.FollowerState (FollowerState.java:run(115)) - 78fe6ec9-8553-4a78-a89d-2d8ec94d0a0a: FollowerState was interrupted: java.lang.InterruptedException: sleep interrupted
2019-09-26 16:02:10,481 [ForkJoinPool.commonPool-worker-0] INFO  impl.StateMachineUpdater (StateMachineUpdater.java:stopAndJoin(125)) - 78fe6ec9-8553-4a78-a89d-2d8ec94d0a0a@group-29F9F8F5C47F-StateMachineUpdater: set stopIndex = 16
2019-09-26 16:02:10,485 [main] INFO  impl.StateMachineUpdater (StateMachineUpdater.java:stopAndJoin(125)) - 3fb57adb-a0d1-4f11-b6a1-e7035e94dbe3@group-105F6CC09499-StateMachineUpdater: set stopIndex = 0
2019-09-26 16:02:10,481 [78fe6ec9-8553-4a78-a89d-2d8ec94d0a0a@group-29F9F8F5C47F-StateMachineUpdater] INFO  ratis.ContainerStateMachine (ContainerStateMachine.java:takeSnapshot(289)) - group-29F9F8F5C47F: Taking a snapshot at:(t:1, i:14) file /workdir/hadoop-ozone/integration-test/target/test-dir/MiniOzoneClusterImpl-37ef80a0-c7b2-4a5a-9454-a4bcd92af4bb/datanode-1/data/ratis/ea83e6af-74fd-4d0d-9f3b-29f9f8f5c47f/sm/snapshot.1_14
2019-09-26 16:02:10,485 [main] INFO  impl.RaftServerImpl (ServerState.java:close(385)) - 3fb57adb-a0d1-4f11-b6a1-e7035e94dbe3@group-105F6CC09499: closes. applyIndex: 0
2019-09-26 16:02:10,486 [3fb57adb-a0d1-4f11-b6a1-e7035e94dbe3@group-105F6CC09499-SegmentedRaftLogWorker] INFO  segmented.SegmentedRaftLogWorker (SegmentedRaftLogWorker.java:run(313)) - 3fb57adb-a0d1-4f11-b6a1-e7035e94dbe3@group-105F6CC09499-SegmentedRaftLogWorker was interrupted, exiting. There are 0 tasks remaining in the queue.
2019-09-26 16:02:10,498 [main] INFO  segmented.SegmentedRaftLogWorker (SegmentedRaftLogWorker.java:close(228)) - 3fb57adb-a0d1-4f11-b6a1-e7035e94dbe3@group-105F6CC09499-SegmentedRaftLogWorker close()
2019-09-26 16:02:10,501 [78fe6ec9-8553-4a78-a89d-2d8ec94d0a0a@group-29F9F8F5C47F-StateMachineUpdater] INFO  ratis.ContainerStateMachine (ContainerStateMachine.java:takeSnapshot(300)) - group-29F9F8F5C47F: Finished taking a snapshot at:(t:1, i:14) file:/workdir/hadoop-ozone/integration-test/target/test-dir/MiniOzoneClusterImpl-37ef80a0-c7b2-4a5a-9454-a4bcd92af4bb/datanode-1/data/ratis/ea83e6af-74fd-4d0d-9f3b-29f9f8f5c47f/sm/snapshot.1_14 time:20
2019-09-26 16:02:10,503 [main] INFO  server.GrpcService (GrpcService.java:closeImpl(164)) - 3fb57adb-a0d1-4f11-b6a1-e7035e94dbe3: shutdown server with port 34731 now
2019-09-26 16:02:10,504 [78fe6ec9-8553-4a78-a89d-2d8ec94d0a0a@group-29F9F8F5C47F-StateMachineUpdater] INFO  impl.StateMachineUpdater (StateMachineUpdater.java:takeSnapshot(258)) - 78fe6ec9-8553-4a78-a89d-2d8ec94d0a0a@group-29F9F8F5C47F-StateMachineUpdater: Took a snapshot at index 14
2019-09-26 16:02:10,504 [78fe6ec9-8553-4a78-a89d-2d8ec94d0a0a@group-29F9F8F5C47F-StateMachineUpdater] INFO  impl.StateMachineUpdater (StateMachineUpdater.java:lambda$new$0(83)) - 78fe6ec9-8553-4a78-a89d-2d8ec94d0a0a@group-29F9F8F5C47F-StateMachineUpdater: snapshotIndex: updateIncreasingly -1 -> 14
2019-09-26 16:02:10,519 [main] INFO  server.GrpcService (GrpcService.java:closeImpl(172)) - 3fb57adb-a0d1-4f11-b6a1-e7035e94dbe3: shutdown server with port 34731 successfully
2019-09-26 16:02:10,519 [78fe6ec9-8553-4a78-a89d-2d8ec94d0a0a@group-29F9F8F5C47F-StateMachineUpdater] INFO  ratis.ContainerStateMachine (ContainerStateMachine.java:takeSnapshot(289)) - group-29F9F8F5C47F: Taking a snapshot at:(t:1, i:14) file /workdir/hadoop-ozone/integration-test/target/test-dir/MiniOzoneClusterImpl-37ef80a0-c7b2-4a5a-9454-a4bcd92af4bb/datanode-1/data/ratis/ea83e6af-74fd-4d0d-9f3b-29f9f8f5c47f/sm/snapshot.1_14
2019-09-26 16:02:10,522 [refreshUsed-/workdir/hadoop-ozone/integration-test/target/test-dir/MiniOzoneClusterImpl-37ef80a0-c7b2-4a5a-9454-a4bcd92af4bb/datanode-4/data/containers] WARN  fs.CachingGetSpaceUsed (CachingGetSpaceUsed.java:run(183)) - Thread Interrupted waiting to refresh disk information: sleep interrupted
2019-09-26 16:02:10,532 [78fe6ec9-8553-4a78-a89d-2d8ec94d0a0a@group-29F9F8F5C47F-StateMachineUpdater] INFO  ratis.ContainerStateMachine (ContainerStateMachine.java:takeSnapshot(300)) - group-29F9F8F5C47F: Finished taking a snapshot at:(t:1, i:14) file:/workdir/hadoop-ozone/integration-test/target/test-dir/MiniOzoneClusterImpl-37ef80a0-c7b2-4a5a-9454-a4bcd92af4bb/datanode-1/data/ratis/ea83e6af-74fd-4d0d-9f3b-29f9f8f5c47f/sm/snapshot.1_14 time:13
2019-09-26 16:02:10,532 [78fe6ec9-8553-4a78-a89d-2d8ec94d0a0a@group-29F9F8F5C47F-StateMachineUpdater] INFO  impl.StateMachineUpdater (StateMachineUpdater.java:takeSnapshot(258)) - 78fe6ec9-8553-4a78-a89d-2d8ec94d0a0a@group-29F9F8F5C47F-StateMachineUpdater: Took a snapshot at index 14
2019-09-26 16:02:10,532 [78fe6ec9-8553-4a78-a89d-2d8ec94d0a0a@group-29F9F8F5C47F-StateMachineUpdater] INFO  impl.StateMachineUpdater (StateMachineUpdater.java:lambda$new$0(83)) - 78fe6ec9-8553-4a78-a89d-2d8ec94d0a0a@group-29F9F8F5C47F-StateMachineUpdater: snapshotIndex: updateIncreasingly 14 -> 14
2019-09-26 16:02:10,532 [ForkJoinPool.commonPool-worker-0] INFO  impl.RaftServerImpl (ServerState.java:close(385)) - 78fe6ec9-8553-4a78-a89d-2d8ec94d0a0a@group-29F9F8F5C47F: closes. applyIndex: 16
2019-09-26 16:02:10,533 [78fe6ec9-8553-4a78-a89d-2d8ec94d0a0a@group-29F9F8F5C47F-SegmentedRaftLogWorker] INFO  segmented.SegmentedRaftLogWorker (SegmentedRaftLogWorker.java:run(313)) - 78fe6ec9-8553-4a78-a89d-2d8ec94d0a0a@group-29F9F8F5C47F-SegmentedRaftLogWorker was interrupted, exiting. There are 0 tasks remaining in the queue.
2019-09-26 16:02:10,535 [ForkJoinPool.commonPool-worker-0] INFO  segmented.SegmentedRaftLogWorker (SegmentedRaftLogWorker.java:close(228)) - 78fe6ec9-8553-4a78-a89d-2d8ec94d0a0a@group-29F9F8F5C47F-SegmentedRaftLogWorker close()
2019-09-26 16:02:10,540 [ForkJoinPool.commonPool-worker-0] INFO  impl.RaftServerImpl (RaftServerImpl.java:lambda$shutdown$3(251)) - 78fe6ec9-8553-4a78-a89d-2d8ec94d0a0a@group-9C34EF63F9F8: shutdown
2019-09-26 16:02:10,541 [ForkJoinPool.commonPool-worker-0] INFO  util.JmxRegister (JmxRegister.java:unregister(73)) - Successfully un-registered JMX Bean with object name Ratis:service=RaftServer,group=group-9C34EF63F9F8,id=78fe6ec9-8553-4a78-a89d-2d8ec94d0a0a
2019-09-26 16:02:10,541 [ForkJoinPool.commonPool-worker-0] INFO  impl.RoleInfo (RoleInfo.java:shutdownLeaderState(104)) - 78fe6ec9-8553-4a78-a89d-2d8ec94d0a0a: shutdown LeaderState
2019-09-26 16:02:10,541 [ForkJoinPool.commonPool-worker-0] INFO  impl.PendingRequests (PendingRequests.java:sendNotLeaderResponses(202)) - 78fe6ec9-8553-4a78-a89d-2d8ec94d0a0a-PendingRequests: sendNotLeaderResponses
2019-09-26 16:02:10,542 [ForkJoinPool.commonPool-worker-0] INFO  impl.StateMachineUpdater (StateMachineUpdater.java:stopAndJoin(125)) - 78fe6ec9-8553-4a78-a89d-2d8ec94d0a0a@group-9C34EF63F9F8-StateMachineUpdater: set stopIndex = 0
2019-09-26 16:02:10,542 [ForkJoinPool.commonPool-worker-0] INFO  impl.RaftServerImpl (ServerState.java:close(385)) - 78fe6ec9-8553-4a78-a89d-2d8ec94d0a0a@group-9C34EF63F9F8: closes. applyIndex: 0
2019-09-26 16:02:10,543 [78fe6ec9-8553-4a78-a89d-2d8ec94d0a0a@group-9C34EF63F9F8-SegmentedRaftLogWorker] INFO  segmented.SegmentedRaftLogWorker (SegmentedRaftLogWorker.java:run(313)) - 78fe6ec9-8553-4a78-a89d-2d8ec94d0a0a@group-9C34EF63F9F8-SegmentedRaftLogWorker was interrupted, exiting. There are 0 tasks remaining in the queue.
2019-09-26 16:02:10,545 [ForkJoinPool.commonPool-worker-0] INFO  segmented.SegmentedRaftLogWorker (SegmentedRaftLogWorker.java:close(228)) - 78fe6ec9-8553-4a78-a89d-2d8ec94d0a0a@group-9C34EF63F9F8-SegmentedRaftLogWorker close()
2019-09-26 16:02:10,550 [ForkJoinPool.commonPool-worker-0] INFO  server.GrpcService (GrpcService.java:closeImpl(164)) - 78fe6ec9-8553-4a78-a89d-2d8ec94d0a0a: shutdown server with port 34653 now
2019-09-26 16:02:10,551 [grpc-default-executor-0] WARN  server.GrpcServerProtocolService (LogUtils.java:warn(134)) - 78fe6ec9-8553-4a78-a89d-2d8ec94d0a0a: installSnapshot onError, lastRequest: 8313d97f-2d94-4d1e-92c6-63f4a9fb5f70->78fe6ec9-8553-4a78-a89d-2d8ec94d0a0a#25-t1, previous=(t:1, i:16), leaderCommit=16, initializing? false, entries: <empty>: org.apache.ratis.thirdparty.io.grpc.StatusRuntimeException: CANCELLED: cancelled before receiving half close
2019-09-26 16:02:10,551 [ForkJoinPool.commonPool-worker-0] INFO  server.GrpcService (GrpcService.java:closeImpl(172)) - 78fe6ec9-8553-4a78-a89d-2d8ec94d0a0a: shutdown server with port 34653 successfully
2019-09-26 16:02:10,551 [grpc-default-executor-9] WARN  server.GrpcLogAppender (LogUtils.java:warn(134)) - 8313d97f-2d94-4d1e-92c6-63f4a9fb5f70@group-29F9F8F5C47F->78fe6ec9-8553-4a78-a89d-2d8ec94d0a0a-AppendLogResponseHandler: Failed appendEntries: org.apache.ratis.thirdparty.io.grpc.StatusRuntimeException: CANCELLED: HTTP/2 error code: CANCEL
Received Rst Stream
2019-09-26 16:02:10,552 [grpc-default-executor-9] INFO  impl.FollowerInfo (FollowerInfo.java:lambda$new$0(51)) - 8313d97f-2d94-4d1e-92c6-63f4a9fb5f70@group-29F9F8F5C47F->78fe6ec9-8553-4a78-a89d-2d8ec94d0a0a: nextIndex: updateUnconditionally 17 -> 16
2019-09-26 16:02:10,555 [refreshUsed-/workdir/hadoop-ozone/integration-test/target/test-dir/MiniOzoneClusterImpl-37ef80a0-c7b2-4a5a-9454-a4bcd92af4bb/datanode-1/data/containers] WARN  fs.CachingGetSpaceUsed (CachingGetSpaceUsed.java:run(183)) - Thread Interrupted waiting to refresh disk information: sleep interrupted
2019-09-26 16:02:10,562 [main] INFO  utils.BackgroundService (BackgroundService.java:shutdown(148)) - Shutting down service BlockDeletingService
2019-09-26 16:02:10,569 [main] INFO  statemachine.DatanodeStateMachine (DatanodeStateMachine.java:stopDaemon(395)) - Ozone container server stopped.
2019-09-26 16:02:10,571 [main] INFO  handler.ContextHandler (ContextHandler.java:doStop(910)) - Stopped o.e.j.w.WebAppContext@447521e{/,null,UNAVAILABLE}{/hddsDatanode}
2019-09-26 16:02:10,572 [main] INFO  server.AbstractConnector (AbstractConnector.java:doStop(318)) - Stopped ServerConnector@2fde9469{HTTP/1.1,[http/1.1]}{0.0.0.0:0}
2019-09-26 16:02:10,572 [main] INFO  handler.ContextHandler (ContextHandler.java:doStop(910)) - Stopped o.e.j.s.ServletContextHandler@c9b5a99{/static,jar:file:/home/user/.m2/repository/org/apache/hadoop/hadoop-hdds-container-service/0.5.0-SNAPSHOT/hadoop-hdds-container-service-0.5.0-SNAPSHOT.jar!/webapps/static,UNAVAILABLE}
2019-09-26 16:02:10,572 [main] INFO  handler.ContextHandler (ContextHandler.java:doStop(910)) - Stopped o.e.j.s.ServletContextHandler@13192275{/logs,file:///workdir/hadoop-ozone/integration-test/target/log,UNAVAILABLE}
2019-09-26 16:02:10,577 [ForkJoinPool.commonPool-worker-0] INFO  utils.BackgroundService (BackgroundService.java:shutdown(148)) - Shutting down service BlockDeletingService
2019-09-26 16:02:10,581 [ForkJoinPool.commonPool-worker-0] INFO  statemachine.DatanodeStateMachine (DatanodeStateMachine.java:stopDaemon(395)) - Ozone container server stopped.
2019-09-26 16:02:10,585 [ForkJoinPool.commonPool-worker-0] INFO  handler.ContextHandler (ContextHandler.java:doStop(910)) - Stopped o.e.j.w.WebAppContext@5a30722c{/,null,UNAVAILABLE}{/hddsDatanode}
2019-09-26 16:02:10,586 [ForkJoinPool.commonPool-worker-0] INFO  server.AbstractConnector (AbstractConnector.java:doStop(318)) - Stopped ServerConnector@4f2ac7e0{HTTP/1.1,[http/1.1]}{0.0.0.0:0}
2019-09-26 16:02:10,587 [ForkJoinPool.commonPool-worker-0] INFO  handler.ContextHandler (ContextHandler.java:doStop(910)) - Stopped o.e.j.s.ServletContextHandler@78b03788{/static,jar:file:/home/user/.m2/repository/org/apache/hadoop/hadoop-hdds-container-service/0.5.0-SNAPSHOT/hadoop-hdds-container-service-0.5.0-SNAPSHOT.jar!/webapps/static,UNAVAILABLE}
2019-09-26 16:02:10,589 [ForkJoinPool.commonPool-worker-0] INFO  handler.ContextHandler (ContextHandler.java:doStop(910)) - Stopped o.e.j.s.ServletContextHandler@32ab408e{/logs,file:///workdir/hadoop-ozone/integration-test/target/log,UNAVAILABLE}
2019-09-26 16:02:11,221 [Datanode State Machine Thread - 0] INFO  statemachine.DatanodeStateMachine (DatanodeStateMachine.java:lambda$startDaemon$0(350)) - Ozone container server started.
2019-09-26 16:02:11,567 [Datanode State Machine Thread - 0] INFO  statemachine.DatanodeStateMachine (DatanodeStateMachine.java:lambda$startDaemon$0(350)) - Ozone container server started.
2019-09-26 16:02:12,251 [grpc-default-executor-4] WARN  server.GrpcLogAppender (LogUtils.java:warn(134)) - 8313d97f-2d94-4d1e-92c6-63f4a9fb5f70@group-29F9F8F5C47F->78fe6ec9-8553-4a78-a89d-2d8ec94d0a0a-AppendLogResponseHandler: Failed appendEntries: org.apache.ratis.thirdparty.io.grpc.StatusRuntimeException: UNAVAILABLE: io exception
2019-09-26 16:02:12,251 [grpc-default-executor-4] INFO  impl.FollowerInfo (FollowerInfo.java:lambda$new$0(51)) - 8313d97f-2d94-4d1e-92c6-63f4a9fb5f70@group-29F9F8F5C47F->78fe6ec9-8553-4a78-a89d-2d8ec94d0a0a: nextIndex: updateUnconditionally 17 -> 16
2019-09-26 16:02:12,264 [grpc-default-executor-0] WARN  server.GrpcLogAppender (LogUtils.java:warn(134)) - 8313d97f-2d94-4d1e-92c6-63f4a9fb5f70@group-29F9F8F5C47F->78fe6ec9-8553-4a78-a89d-2d8ec94d0a0a-AppendLogResponseHandler: Failed appendEntries: org.apache.ratis.thirdparty.io.grpc.StatusRuntimeException: UNAVAILABLE: io exception
2019-09-26 16:02:12,264 [grpc-default-executor-0] INFO  impl.FollowerInfo (FollowerInfo.java:lambda$new$0(51)) - 8313d97f-2d94-4d1e-92c6-63f4a9fb5f70@group-29F9F8F5C47F->78fe6ec9-8553-4a78-a89d-2d8ec94d0a0a: nextIndex: updateUnconditionally 17 -> 16
2019-09-26 16:02:12,276 [grpc-default-executor-0] WARN  server.GrpcLogAppender (LogUtils.java:warn(134)) - 8313d97f-2d94-4d1e-92c6-63f4a9fb5f70@group-29F9F8F5C47F->78fe6ec9-8553-4a78-a89d-2d8ec94d0a0a-AppendLogResponseHandler: Failed appendEntries: org.apache.ratis.thirdparty.io.grpc.StatusRuntimeException: UNAVAILABLE: io exception
2019-09-26 16:02:12,276 [grpc-default-executor-0] INFO  impl.FollowerInfo (FollowerInfo.java:lambda$new$0(51)) - 8313d97f-2d94-4d1e-92c6-63f4a9fb5f70@group-29F9F8F5C47F->78fe6ec9-8553-4a78-a89d-2d8ec94d0a0a: nextIndex: updateUnconditionally 17 -> 16
2019-09-26 16:02:12,289 [RatisApplyTransactionExecutor 2] INFO  interfaces.Container (KeyValueContainer.java:flushAndSyncDB(386)) - Container 2 is synced with bcsId 14.
2019-09-26 16:02:12,289 [RatisApplyTransactionExecutor 2] INFO  interfaces.Container (KeyValueContainer.java:flushAndSyncDB(386)) - Container 2 is synced with bcsId 14.
2019-09-26 16:02:12,303 [RatisApplyTransactionExecutor 2] INFO  interfaces.Container (KeyValueContainer.java:flushAndSyncDB(386)) - Container 2 is synced with bcsId 14.
2019-09-26 16:02:12,303 [RatisApplyTransactionExecutor 2] INFO  interfaces.Container (KeyValueContainer.java:close(335)) - Container 2 is closed with bcsId 14.
2019-09-26 16:02:12,303 [RatisApplyTransactionExecutor 2] INFO  interfaces.Container (KeyValueContainer.java:flushAndSyncDB(386)) - Container 2 is synced with bcsId 14.
2019-09-26 16:02:12,304 [EventQueue-IncrementalContainerReportForIncrementalContainerReportHandler] INFO  container.IncrementalContainerReportHandler (AbstractContainerReportHandler.java:updateContainerState(176)) - Moving container #2 to CLOSED state, datanode 8313d97f-2d94-4d1e-92c6-63f4a9fb5f70{ip: 192.168.30.25, host: pr-hdds-2149-6mrrv-456159840, networkLocation: /default-rack, certSerialId: null} reported CLOSED replica.
2019-09-26 16:02:12,318 [RatisApplyTransactionExecutor 2] INFO  interfaces.Container (KeyValueContainer.java:close(335)) - Container 2 is closed with bcsId 14.
2019-09-26 16:02:12,350 [grpc-default-executor-0] WARN  server.GrpcLogAppender (LogUtils.java:warn(134)) - acecd6ed-521c-4847-90c2-b671590b4ee4@group-D2E23EB158A5->677fedf0-f3ff-4f0d-bf3f-efe50b6efefa-AppendLogResponseHandler: Failed appendEntries: org.apache.ratis.thirdparty.io.grpc.StatusRuntimeException: UNAVAILABLE: io exception
2019-09-26 16:02:12,351 [grpc-default-executor-0] INFO  impl.FollowerInfo (FollowerInfo.java:lambda$new$0(51)) - acecd6ed-521c-4847-90c2-b671590b4ee4@group-D2E23EB158A5->677fedf0-f3ff-4f0d-bf3f-efe50b6efefa: nextIndex: updateUnconditionally 0 -> 0
2019-09-26 16:02:14,788 [grpc-default-executor-4] WARN  server.GrpcLogAppender (LogUtils.java:warn(134)) - 8313d97f-2d94-4d1e-92c6-63f4a9fb5f70@group-29F9F8F5C47F->78fe6ec9-8553-4a78-a89d-2d8ec94d0a0a-AppendLogResponseHandler: Failed appendEntries: org.apache.ratis.thirdparty.io.grpc.StatusRuntimeException: UNAVAILABLE: io exception
2019-09-26 16:02:14,790 [grpc-default-executor-4] INFO  impl.FollowerInfo (FollowerInfo.java:lambda$new$0(51)) - 8313d97f-2d94-4d1e-92c6-63f4a9fb5f70@group-29F9F8F5C47F->78fe6ec9-8553-4a78-a89d-2d8ec94d0a0a: nextIndex: updateUnconditionally 16 -> 15
2019-09-26 16:02:14,851 [grpc-default-executor-4] WARN  server.GrpcLogAppender (LogUtils.java:warn(134)) - acecd6ed-521c-4847-90c2-b671590b4ee4@group-D2E23EB158A5->677fedf0-f3ff-4f0d-bf3f-efe50b6efefa-AppendLogResponseHandler: Failed appendEntries: org.apache.ratis.thirdparty.io.grpc.StatusRuntimeException: UNAVAILABLE: io exception
2019-09-26 16:02:14,852 [grpc-default-executor-4] INFO  impl.FollowerInfo (FollowerInfo.java:lambda$new$0(51)) - acecd6ed-521c-4847-90c2-b671590b4ee4@group-D2E23EB158A5->677fedf0-f3ff-4f0d-bf3f-efe50b6efefa: nextIndex: updateUnconditionally 0 -> 0
2019-09-26 16:02:15,307 [EventQueue-StaleNodeForStaleNodeHandler] INFO  node.StaleNodeHandler (StaleNodeHandler.java:onMessage(58)) - Datanode 9f94f691-0884-4444-930f-fe6b174506dd{ip: 192.168.30.25, host: pr-hdds-2149-6mrrv-456159840, networkLocation: /default-rack, certSerialId: null} moved to stale state. Finalizing its pipelines [PipelineID=ea83e6af-74fd-4d0d-9f3b-29f9f8f5c47f, PipelineID=e7a54b62-880c-49d2-b122-b19791551bf0]
2019-09-26 16:02:15,308 [EventQueue-StaleNodeForStaleNodeHandler] INFO  pipeline.SCMPipelineManager (SCMPipelineManager.java:finalizeAndDestroyPipeline(315)) - destroying pipeline:Pipeline[ Id: ea83e6af-74fd-4d0d-9f3b-29f9f8f5c47f, Nodes: 78fe6ec9-8553-4a78-a89d-2d8ec94d0a0a{ip: 192.168.30.25, host: pr-hdds-2149-6mrrv-456159840, networkLocation: /default-rack, certSerialId: null}9f94f691-0884-4444-930f-fe6b174506dd{ip: 192.168.30.25, host: pr-hdds-2149-6mrrv-456159840, networkLocation: /default-rack, certSerialId: null}8313d97f-2d94-4d1e-92c6-63f4a9fb5f70{ip: 192.168.30.25, host: pr-hdds-2149-6mrrv-456159840, networkLocation: /default-rack, certSerialId: null}, Type:RATIS, Factor:THREE, State:CLOSED]
2019-09-26 16:02:15,309 [EventQueue-StaleNodeForStaleNodeHandler] INFO  pipeline.SCMPipelineManager (SCMPipelineManager.java:finalizeAndDestroyPipeline(315)) - destroying pipeline:Pipeline[ Id: e7a54b62-880c-49d2-b122-b19791551bf0, Nodes: 9f94f691-0884-4444-930f-fe6b174506dd{ip: 192.168.30.25, host: pr-hdds-2149-6mrrv-456159840, networkLocation: /default-rack, certSerialId: null}, Type:RATIS, Factor:ONE, State:OPEN]
2019-09-26 16:02:15,310 [EventQueue-StaleNodeForStaleNodeHandler] INFO  pipeline.PipelineStateManager (PipelineStateManager.java:finalizePipeline(123)) - Pipeline Pipeline[ Id: e7a54b62-880c-49d2-b122-b19791551bf0, Nodes: 9f94f691-0884-4444-930f-fe6b174506dd{ip: 192.168.30.25, host: pr-hdds-2149-6mrrv-456159840, networkLocation: /default-rack, certSerialId: null}, Type:RATIS, Factor:ONE, State:CLOSED] moved to CLOSED state
2019-09-26 16:02:15,575 [main] INFO  ozoneimpl.OzoneContainer (OzoneContainer.java:stop(231)) - Attempting to stop container services.
2019-09-26 16:02:15,582 [main] INFO  impl.RaftServerProxy (RaftServerProxy.java:lambda$close$4(314)) - 92335f2c-6300-4e2c-8b27-b5b19b8ba4b6: close
2019-09-26 16:02:15,583 [main] INFO  impl.RaftServerImpl (RaftServerImpl.java:lambda$shutdown$3(251)) - 92335f2c-6300-4e2c-8b27-b5b19b8ba4b6@group-D2E23EB158A5: shutdown
2019-09-26 16:02:15,583 [main] INFO  util.JmxRegister (JmxRegister.java:unregister(73)) - Successfully un-registered JMX Bean with object name Ratis:service=RaftServer,group=group-D2E23EB158A5,id=92335f2c-6300-4e2c-8b27-b5b19b8ba4b6
2019-09-26 16:02:15,584 [main] INFO  impl.RoleInfo (RoleInfo.java:shutdownFollowerState(121)) - 92335f2c-6300-4e2c-8b27-b5b19b8ba4b6: shutdown FollowerState
2019-09-26 16:02:15,584 [main] INFO  impl.StateMachineUpdater (StateMachineUpdater.java:stopAndJoin(125)) - 92335f2c-6300-4e2c-8b27-b5b19b8ba4b6@group-D2E23EB158A5-StateMachineUpdater: set stopIndex = 18
2019-09-26 16:02:15,584 [92335f2c-6300-4e2c-8b27-b5b19b8ba4b6@group-D2E23EB158A5-StateMachineUpdater] INFO  ratis.ContainerStateMachine (ContainerStateMachine.java:takeSnapshot(289)) - group-D2E23EB158A5: Taking a snapshot at:(t:1, i:14) file /workdir/hadoop-ozone/integration-test/target/test-dir/MiniOzoneClusterImpl-37ef80a0-c7b2-4a5a-9454-a4bcd92af4bb/datanode-6/data/ratis/47343084-b10f-471b-8680-d2e23eb158a5/sm/snapshot.1_14
2019-09-26 16:02:15,584 [Thread-3082] INFO  impl.FollowerState (FollowerState.java:run(115)) - 92335f2c-6300-4e2c-8b27-b5b19b8ba4b6: FollowerState was interrupted: java.lang.InterruptedException: sleep interrupted
2019-09-26 16:02:15,590 [ForkJoinPool.commonPool-worker-0] INFO  ozoneimpl.OzoneContainer (OzoneContainer.java:stop(231)) - Attempting to stop container services.
2019-09-26 16:02:15,591 [ForkJoinPool.commonPool-worker-0] INFO  impl.RaftServerProxy (RaftServerProxy.java:lambda$close$4(314)) - 9f94f691-0884-4444-930f-fe6b174506dd: close
2019-09-26 16:02:15,591 [ForkJoinPool.commonPool-worker-0] INFO  impl.RaftServerImpl (RaftServerImpl.java:lambda$shutdown$3(251)) - 9f94f691-0884-4444-930f-fe6b174506dd@group-29F9F8F5C47F: shutdown
2019-09-26 16:02:15,591 [ForkJoinPool.commonPool-worker-0] INFO  util.JmxRegister (JmxRegister.java:unregister(73)) - Successfully un-registered JMX Bean with object name Ratis:service=RaftServer,group=group-29F9F8F5C47F,id=9f94f691-0884-4444-930f-fe6b174506dd
2019-09-26 16:02:15,591 [ForkJoinPool.commonPool-worker-0] INFO  impl.RoleInfo (RoleInfo.java:shutdownFollowerState(121)) - 9f94f691-0884-4444-930f-fe6b174506dd: shutdown FollowerState
2019-09-26 16:02:15,592 [ForkJoinPool.commonPool-worker-0] INFO  impl.StateMachineUpdater (StateMachineUpdater.java:stopAndJoin(125)) - 9f94f691-0884-4444-930f-fe6b174506dd@group-29F9F8F5C47F-StateMachineUpdater: set stopIndex = 18
2019-09-26 16:02:15,592 [9f94f691-0884-4444-930f-fe6b174506dd@group-29F9F8F5C47F-StateMachineUpdater] INFO  ratis.ContainerStateMachine (ContainerStateMachine.java:takeSnapshot(289)) - group-29F9F8F5C47F: Taking a snapshot at:(t:1, i:17) file /workdir/hadoop-ozone/integration-test/target/test-dir/MiniOzoneClusterImpl-37ef80a0-c7b2-4a5a-9454-a4bcd92af4bb/datanode-2/data/ratis/ea83e6af-74fd-4d0d-9f3b-29f9f8f5c47f/sm/snapshot.1_17
2019-09-26 16:02:15,592 [Thread-2953] INFO  impl.FollowerState (FollowerState.java:run(115)) - 9f94f691-0884-4444-930f-fe6b174506dd: FollowerState was interrupted: java.lang.InterruptedException: sleep interrupted
2019-09-26 16:02:15,601 [92335f2c-6300-4e2c-8b27-b5b19b8ba4b6@group-D2E23EB158A5-StateMachineUpdater] INFO  ratis.ContainerStateMachine (ContainerStateMachine.java:takeSnapshot(300)) - group-D2E23EB158A5: Finished taking a snapshot at:(t:1, i:14) file:/workdir/hadoop-ozone/integration-test/target/test-dir/MiniOzoneClusterImpl-37ef80a0-c7b2-4a5a-9454-a4bcd92af4bb/datanode-6/data/ratis/47343084-b10f-471b-8680-d2e23eb158a5/sm/snapshot.1_14 time:17
2019-09-26 16:02:15,601 [9f94f691-0884-4444-930f-fe6b174506dd@group-29F9F8F5C47F-StateMachineUpdater] INFO  ratis.ContainerStateMachine (ContainerStateMachine.java:takeSnapshot(300)) - group-29F9F8F5C47F: Finished taking a snapshot at:(t:1, i:17) file:/workdir/hadoop-ozone/integration-test/target/test-dir/MiniOzoneClusterImpl-37ef80a0-c7b2-4a5a-9454-a4bcd92af4bb/datanode-2/data/ratis/ea83e6af-74fd-4d0d-9f3b-29f9f8f5c47f/sm/snapshot.1_17 time:9
2019-09-26 16:02:15,602 [9f94f691-0884-4444-930f-fe6b174506dd@group-29F9F8F5C47F-StateMachineUpdater] INFO  impl.StateMachineUpdater (StateMachineUpdater.java:takeSnapshot(258)) - 9f94f691-0884-4444-930f-fe6b174506dd@group-29F9F8F5C47F-StateMachineUpdater: Took a snapshot at index 17
2019-09-26 16:02:15,602 [92335f2c-6300-4e2c-8b27-b5b19b8ba4b6@group-D2E23EB158A5-StateMachineUpdater] INFO  impl.StateMachineUpdater (StateMachineUpdater.java:takeSnapshot(258)) - 92335f2c-6300-4e2c-8b27-b5b19b8ba4b6@group-D2E23EB158A5-StateMachineUpdater: Took a snapshot at index 14
2019-09-26 16:02:15,602 [9f94f691-0884-4444-930f-fe6b174506dd@group-29F9F8F5C47F-StateMachineUpdater] INFO  impl.StateMachineUpdater (StateMachineUpdater.java:lambda$new$0(83)) - 9f94f691-0884-4444-930f-fe6b174506dd@group-29F9F8F5C47F-StateMachineUpdater: snapshotIndex: updateIncreasingly -1 -> 17
2019-09-26 16:02:15,602 [92335f2c-6300-4e2c-8b27-b5b19b8ba4b6@group-D2E23EB158A5-StateMachineUpdater] INFO  impl.StateMachineUpdater (StateMachineUpdater.java:lambda$new$0(83)) - 92335f2c-6300-4e2c-8b27-b5b19b8ba4b6@group-D2E23EB158A5-StateMachineUpdater: snapshotIndex: updateIncreasingly -1 -> 14
2019-09-26 16:02:15,602 [9f94f691-0884-4444-930f-fe6b174506dd@group-29F9F8F5C47F-StateMachineUpdater] INFO  ratis.ContainerStateMachine (ContainerStateMachine.java:takeSnapshot(289)) - group-29F9F8F5C47F: Taking a snapshot at:(t:1, i:17) file /workdir/hadoop-ozone/integration-test/target/test-dir/MiniOzoneClusterImpl-37ef80a0-c7b2-4a5a-9454-a4bcd92af4bb/datanode-2/data/ratis/ea83e6af-74fd-4d0d-9f3b-29f9f8f5c47f/sm/snapshot.1_17
2019-09-26 16:02:15,602 [92335f2c-6300-4e2c-8b27-b5b19b8ba4b6@group-D2E23EB158A5-StateMachineUpdater] INFO  ratis.ContainerStateMachine (ContainerStateMachine.java:takeSnapshot(289)) - group-D2E23EB158A5: Taking a snapshot at:(t:1, i:14) file /workdir/hadoop-ozone/integration-test/target/test-dir/MiniOzoneClusterImpl-37ef80a0-c7b2-4a5a-9454-a4bcd92af4bb/datanode-6/data/ratis/47343084-b10f-471b-8680-d2e23eb158a5/sm/snapshot.1_14
2019-09-26 16:02:15,608 [EventQueue-StaleNodeForStaleNodeHandler] INFO  node.StaleNodeHandler (StaleNodeHandler.java:onMessage(58)) - Datanode 92335f2c-6300-4e2c-8b27-b5b19b8ba4b6{ip: 192.168.30.25, host: pr-hdds-2149-6mrrv-456159840, networkLocation: /default-rack, certSerialId: null} moved to stale state. Finalizing its pipelines [PipelineID=47343084-b10f-471b-8680-d2e23eb158a5, PipelineID=670f11e7-2d46-4369-aa31-02ce31911551]
2019-09-26 16:02:15,608 [EventQueue-StaleNodeForStaleNodeHandler] INFO  pipeline.SCMPipelineManager (SCMPipelineManager.java:finalizeAndDestroyPipeline(315)) - destroying pipeline:Pipeline[ Id: 47343084-b10f-471b-8680-d2e23eb158a5, Nodes: 677fedf0-f3ff-4f0d-bf3f-efe50b6efefa{ip: 192.168.30.25, host: pr-hdds-2149-6mrrv-456159840, networkLocation: /default-rack, certSerialId: null}acecd6ed-521c-4847-90c2-b671590b4ee4{ip: 192.168.30.25, host: pr-hdds-2149-6mrrv-456159840, networkLocation: /default-rack, certSerialId: null}92335f2c-6300-4e2c-8b27-b5b19b8ba4b6{ip: 192.168.30.25, host: pr-hdds-2149-6mrrv-456159840, networkLocation: /default-rack, certSerialId: null}, Type:RATIS, Factor:THREE, State:CLOSED]
2019-09-26 16:02:15,608 [EventQueue-StaleNodeForStaleNodeHandler] INFO  pipeline.SCMPipelineManager (SCMPipelineManager.java:finalizeAndDestroyPipeline(315)) - destroying pipeline:Pipeline[ Id: 670f11e7-2d46-4369-aa31-02ce31911551, Nodes: 92335f2c-6300-4e2c-8b27-b5b19b8ba4b6{ip: 192.168.30.25, host: pr-hdds-2149-6mrrv-456159840, networkLocation: /default-rack, certSerialId: null}, Type:RATIS, Factor:ONE, State:OPEN]
2019-09-26 16:02:15,608 [EventQueue-StaleNodeForStaleNodeHandler] INFO  pipeline.PipelineStateManager (PipelineStateManager.java:finalizePipeline(123)) - Pipeline Pipeline[ Id: 670f11e7-2d46-4369-aa31-02ce31911551, Nodes: 92335f2c-6300-4e2c-8b27-b5b19b8ba4b6{ip: 192.168.30.25, host: pr-hdds-2149-6mrrv-456159840, networkLocation: /default-rack, certSerialId: null}, Type:RATIS, Factor:ONE, State:CLOSED] moved to CLOSED state
2019-09-26 16:02:15,618 [9f94f691-0884-4444-930f-fe6b174506dd@group-29F9F8F5C47F-StateMachineUpdater] INFO  ratis.ContainerStateMachine (ContainerStateMachine.java:takeSnapshot(300)) - group-29F9F8F5C47F: Finished taking a snapshot at:(t:1, i:17) file:/workdir/hadoop-ozone/integration-test/target/test-dir/MiniOzoneClusterImpl-37ef80a0-c7b2-4a5a-9454-a4bcd92af4bb/datanode-2/data/ratis/ea83e6af-74fd-4d0d-9f3b-29f9f8f5c47f/sm/snapshot.1_17 time:16
2019-09-26 16:02:15,618 [92335f2c-6300-4e2c-8b27-b5b19b8ba4b6@group-D2E23EB158A5-StateMachineUpdater] INFO  ratis.ContainerStateMachine (ContainerStateMachine.java:takeSnapshot(300)) - group-D2E23EB158A5: Finished taking a snapshot at:(t:1, i:14) file:/workdir/hadoop-ozone/integration-test/target/test-dir/MiniOzoneClusterImpl-37ef80a0-c7b2-4a5a-9454-a4bcd92af4bb/datanode-6/data/ratis/47343084-b10f-471b-8680-d2e23eb158a5/sm/snapshot.1_14 time:16
2019-09-26 16:02:15,620 [9f94f691-0884-4444-930f-fe6b174506dd@group-29F9F8F5C47F-StateMachineUpdater] INFO  impl.StateMachineUpdater (StateMachineUpdater.java:takeSnapshot(258)) - 9f94f691-0884-4444-930f-fe6b174506dd@group-29F9F8F5C47F-StateMachineUpdater: Took a snapshot at index 17
2019-09-26 16:02:15,620 [9f94f691-0884-4444-930f-fe6b174506dd@group-29F9F8F5C47F-StateMachineUpdater] INFO  impl.StateMachineUpdater (StateMachineUpdater.java:lambda$new$0(83)) - 9f94f691-0884-4444-930f-fe6b174506dd@group-29F9F8F5C47F-StateMachineUpdater: snapshotIndex: updateIncreasingly 17 -> 17
2019-09-26 16:02:15,620 [92335f2c-6300-4e2c-8b27-b5b19b8ba4b6@group-D2E23EB158A5-StateMachineUpdater] INFO  impl.StateMachineUpdater (StateMachineUpdater.java:takeSnapshot(258)) - 92335f2c-6300-4e2c-8b27-b5b19b8ba4b6@group-D2E23EB158A5-StateMachineUpdater: Took a snapshot at index 14
2019-09-26 16:02:15,621 [92335f2c-6300-4e2c-8b27-b5b19b8ba4b6@group-D2E23EB158A5-StateMachineUpdater] INFO  impl.StateMachineUpdater (StateMachineUpdater.java:lambda$new$0(83)) - 92335f2c-6300-4e2c-8b27-b5b19b8ba4b6@group-D2E23EB158A5-StateMachineUpdater: snapshotIndex: updateIncreasingly 14 -> 14
2019-09-26 16:02:15,621 [ForkJoinPool.commonPool-worker-0] INFO  impl.RaftServerImpl (ServerState.java:close(385)) - 9f94f691-0884-4444-930f-fe6b174506dd@group-29F9F8F5C47F: closes. applyIndex: 18
2019-09-26 16:02:15,621 [main] INFO  impl.RaftServerImpl (ServerState.java:close(385)) - 92335f2c-6300-4e2c-8b27-b5b19b8ba4b6@group-D2E23EB158A5: closes. applyIndex: 18
2019-09-26 16:02:15,622 [9f94f691-0884-4444-930f-fe6b174506dd@group-29F9F8F5C47F-SegmentedRaftLogWorker] INFO  segmented.SegmentedRaftLogWorker (SegmentedRaftLogWorker.java:run(313)) - 9f94f691-0884-4444-930f-fe6b174506dd@group-29F9F8F5C47F-SegmentedRaftLogWorker was interrupted, exiting. There are 0 tasks remaining in the queue.
2019-09-26 16:02:15,622 [92335f2c-6300-4e2c-8b27-b5b19b8ba4b6@group-D2E23EB158A5-SegmentedRaftLogWorker] INFO  segmented.SegmentedRaftLogWorker (SegmentedRaftLogWorker.java:run(313)) - 92335f2c-6300-4e2c-8b27-b5b19b8ba4b6@group-D2E23EB158A5-SegmentedRaftLogWorker was interrupted, exiting. There are 0 tasks remaining in the queue.
2019-09-26 16:02:15,624 [ForkJoinPool.commonPool-worker-0] INFO  segmented.SegmentedRaftLogWorker (SegmentedRaftLogWorker.java:close(228)) - 9f94f691-0884-4444-930f-fe6b174506dd@group-29F9F8F5C47F-SegmentedRaftLogWorker close()
2019-09-26 16:02:15,626 [main] INFO  segmented.SegmentedRaftLogWorker (SegmentedRaftLogWorker.java:close(228)) - 92335f2c-6300-4e2c-8b27-b5b19b8ba4b6@group-D2E23EB158A5-SegmentedRaftLogWorker close()
2019-09-26 16:02:15,630 [ForkJoinPool.commonPool-worker-0] INFO  impl.RaftServerImpl (RaftServerImpl.java:lambda$shutdown$3(251)) - 9f94f691-0884-4444-930f-fe6b174506dd@group-B19791551BF0: shutdown
2019-09-26 16:02:15,634 [main] INFO  impl.RaftServerImpl (RaftServerImpl.java:lambda$shutdown$3(251)) - 92335f2c-6300-4e2c-8b27-b5b19b8ba4b6@group-02CE31911551: shutdown
2019-09-26 16:02:15,634 [ForkJoinPool.commonPool-worker-0] INFO  util.JmxRegister (JmxRegister.java:unregister(73)) - Successfully un-registered JMX Bean with object name Ratis:service=RaftServer,group=group-B19791551BF0,id=9f94f691-0884-4444-930f-fe6b174506dd
2019-09-26 16:02:15,634 [main] INFO  util.JmxRegister (JmxRegister.java:unregister(73)) - Successfully un-registered JMX Bean with object name Ratis:service=RaftServer,group=group-02CE31911551,id=92335f2c-6300-4e2c-8b27-b5b19b8ba4b6
2019-09-26 16:02:15,635 [ForkJoinPool.commonPool-worker-0] INFO  impl.RoleInfo (RoleInfo.java:shutdownLeaderState(104)) - 9f94f691-0884-4444-930f-fe6b174506dd: shutdown LeaderState
2019-09-26 16:02:15,635 [main] INFO  impl.RoleInfo (RoleInfo.java:shutdownLeaderState(104)) - 92335f2c-6300-4e2c-8b27-b5b19b8ba4b6: shutdown LeaderState
2019-09-26 16:02:15,635 [ForkJoinPool.commonPool-worker-0] INFO  impl.PendingRequests (PendingRequests.java:sendNotLeaderResponses(202)) - 9f94f691-0884-4444-930f-fe6b174506dd-PendingRequests: sendNotLeaderResponses
2019-09-26 16:02:15,635 [main] INFO  impl.PendingRequests (PendingRequests.java:sendNotLeaderResponses(202)) - 92335f2c-6300-4e2c-8b27-b5b19b8ba4b6-PendingRequests: sendNotLeaderResponses
2019-09-26 16:02:15,636 [ForkJoinPool.commonPool-worker-0] INFO  impl.StateMachineUpdater (StateMachineUpdater.java:stopAndJoin(125)) - 9f94f691-0884-4444-930f-fe6b174506dd@group-B19791551BF0-StateMachineUpdater: set stopIndex = 0
2019-09-26 16:02:15,636 [main] INFO  impl.StateMachineUpdater (StateMachineUpdater.java:stopAndJoin(125)) - 92335f2c-6300-4e2c-8b27-b5b19b8ba4b6@group-02CE31911551-StateMachineUpdater: set stopIndex = 0
2019-09-26 16:02:15,636 [ForkJoinPool.commonPool-worker-0] INFO  impl.RaftServerImpl (ServerState.java:close(385)) - 9f94f691-0884-4444-930f-fe6b174506dd@group-B19791551BF0: closes. applyIndex: 0
2019-09-26 16:02:15,637 [main] INFO  impl.RaftServerImpl (ServerState.java:close(385)) - 92335f2c-6300-4e2c-8b27-b5b19b8ba4b6@group-02CE31911551: closes. applyIndex: 0
2019-09-26 16:02:15,637 [9f94f691-0884-4444-930f-fe6b174506dd@group-B19791551BF0-SegmentedRaftLogWorker] INFO  segmented.SegmentedRaftLogWorker (SegmentedRaftLogWorker.java:run(313)) - 9f94f691-0884-4444-930f-fe6b174506dd@group-B19791551BF0-SegmentedRaftLogWorker was interrupted, exiting. There are 0 tasks remaining in the queue.
2019-09-26 16:02:15,639 [92335f2c-6300-4e2c-8b27-b5b19b8ba4b6@group-02CE31911551-SegmentedRaftLogWorker] INFO  segmented.SegmentedRaftLogWorker (SegmentedRaftLogWorker.java:run(313)) - 92335f2c-6300-4e2c-8b27-b5b19b8ba4b6@group-02CE31911551-SegmentedRaftLogWorker was interrupted, exiting. There are 0 tasks remaining in the queue.
2019-09-26 16:02:15,639 [ForkJoinPool.commonPool-worker-0] INFO  segmented.SegmentedRaftLogWorker (SegmentedRaftLogWorker.java:close(228)) - 9f94f691-0884-4444-930f-fe6b174506dd@group-B19791551BF0-SegmentedRaftLogWorker close()
2019-09-26 16:02:15,641 [main] INFO  segmented.SegmentedRaftLogWorker (SegmentedRaftLogWorker.java:close(228)) - 92335f2c-6300-4e2c-8b27-b5b19b8ba4b6@group-02CE31911551-SegmentedRaftLogWorker close()
2019-09-26 16:02:15,645 [ForkJoinPool.commonPool-worker-0] INFO  server.GrpcService (GrpcService.java:closeImpl(164)) - 9f94f691-0884-4444-930f-fe6b174506dd: shutdown server with port 38956 now
2019-09-26 16:02:15,649 [main] INFO  server.GrpcService (GrpcService.java:closeImpl(164)) - 92335f2c-6300-4e2c-8b27-b5b19b8ba4b6: shutdown server with port 45713 now
2019-09-26 16:02:15,650 [grpc-default-executor-0] WARN  server.GrpcServerProtocolService (LogUtils.java:warn(134)) - 9f94f691-0884-4444-930f-fe6b174506dd: installSnapshot onError, lastRequest: 8313d97f-2d94-4d1e-92c6-63f4a9fb5f70->9f94f691-0884-4444-930f-fe6b174506dd#28-t1, previous=(t:1, i:18), leaderCommit=18, initializing? false, entries: <empty>: org.apache.ratis.thirdparty.io.grpc.StatusRuntimeException: CANCELLED: cancelled before receiving half close
2019-09-26 16:02:15,650 [ForkJoinPool.commonPool-worker-0] INFO  server.GrpcService (GrpcService.java:closeImpl(172)) - 9f94f691-0884-4444-930f-fe6b174506dd: shutdown server with port 38956 successfully
2019-09-26 16:02:15,650 [main] INFO  server.GrpcService (GrpcService.java:closeImpl(172)) - 92335f2c-6300-4e2c-8b27-b5b19b8ba4b6: shutdown server with port 45713 successfully
2019-09-26 16:02:15,650 [grpc-default-executor-9] WARN  server.GrpcLogAppender (LogUtils.java:warn(134)) - acecd6ed-521c-4847-90c2-b671590b4ee4@group-D2E23EB158A5->92335f2c-6300-4e2c-8b27-b5b19b8ba4b6-AppendLogResponseHandler: Failed appendEntries: org.apache.ratis.thirdparty.io.grpc.StatusRuntimeException: CANCELLED: HTTP/2 error code: CANCEL
Received Rst Stream
2019-09-26 16:02:15,650 [grpc-default-executor-4] WARN  server.GrpcLogAppender (LogUtils.java:warn(134)) - 8313d97f-2d94-4d1e-92c6-63f4a9fb5f70@group-29F9F8F5C47F->9f94f691-0884-4444-930f-fe6b174506dd-AppendLogResponseHandler: Failed appendEntries: org.apache.ratis.thirdparty.io.grpc.StatusRuntimeException: CANCELLED: HTTP/2 error code: CANCEL
Received Rst Stream
2019-09-26 16:02:15,650 [grpc-default-executor-8] WARN  server.GrpcServerProtocolService (LogUtils.java:warn(134)) - 92335f2c-6300-4e2c-8b27-b5b19b8ba4b6: installSnapshot onError, lastRequest: acecd6ed-521c-4847-90c2-b671590b4ee4->92335f2c-6300-4e2c-8b27-b5b19b8ba4b6#6-t2, previous=(t:2, i:18), leaderCommit=18, initializing? false, entries: <empty>: org.apache.ratis.thirdparty.io.grpc.StatusRuntimeException: CANCELLED: cancelled before receiving half close
2019-09-26 16:02:15,651 [grpc-default-executor-4] INFO  impl.FollowerInfo (FollowerInfo.java:lambda$new$0(51)) - 8313d97f-2d94-4d1e-92c6-63f4a9fb5f70@group-29F9F8F5C47F->9f94f691-0884-4444-930f-fe6b174506dd: nextIndex: updateUnconditionally 19 -> 18
2019-09-26 16:02:15,651 [grpc-default-executor-9] INFO  impl.FollowerInfo (FollowerInfo.java:lambda$new$0(51)) - acecd6ed-521c-4847-90c2-b671590b4ee4@group-D2E23EB158A5->92335f2c-6300-4e2c-8b27-b5b19b8ba4b6: nextIndex: updateUnconditionally 19 -> 18
2019-09-26 16:02:15,657 [refreshUsed-/workdir/hadoop-ozone/integration-test/target/test-dir/MiniOzoneClusterImpl-37ef80a0-c7b2-4a5a-9454-a4bcd92af4bb/datanode-2/data/containers] WARN  fs.CachingGetSpaceUsed (CachingGetSpaceUsed.java:run(183)) - Thread Interrupted waiting to refresh disk information: sleep interrupted
2019-09-26 16:02:15,657 [refreshUsed-/workdir/hadoop-ozone/integration-test/target/test-dir/MiniOzoneClusterImpl-37ef80a0-c7b2-4a5a-9454-a4bcd92af4bb/datanode-6/data/containers] WARN  fs.CachingGetSpaceUsed (CachingGetSpaceUsed.java:run(183)) - Thread Interrupted waiting to refresh disk information: sleep interrupted
2019-09-26 16:02:15,680 [main] INFO  utils.BackgroundService (BackgroundService.java:shutdown(148)) - Shutting down service BlockDeletingService
2019-09-26 16:02:15,680 [ForkJoinPool.commonPool-worker-0] INFO  utils.BackgroundService (BackgroundService.java:shutdown(148)) - Shutting down service BlockDeletingService
2019-09-26 16:02:15,688 [ForkJoinPool.commonPool-worker-0] INFO  statemachine.DatanodeStateMachine (DatanodeStateMachine.java:stopDaemon(395)) - Ozone container server stopped.
2019-09-26 16:02:15,689 [main] INFO  statemachine.DatanodeStateMachine (DatanodeStateMachine.java:stopDaemon(395)) - Ozone container server stopped.
2019-09-26 16:02:15,695 [ForkJoinPool.commonPool-worker-0] INFO  handler.ContextHandler (ContextHandler.java:doStop(910)) - Stopped o.e.j.w.WebAppContext@d8835af{/,null,UNAVAILABLE}{/hddsDatanode}
2019-09-26 16:02:15,695 [main] INFO  handler.ContextHandler (ContextHandler.java:doStop(910)) - Stopped o.e.j.w.WebAppContext@3be3e76c{/,null,UNAVAILABLE}{/hddsDatanode}
2019-09-26 16:02:15,698 [ForkJoinPool.commonPool-worker-0] INFO  server.AbstractConnector (AbstractConnector.java:doStop(318)) - Stopped ServerConnector@16681017{HTTP/1.1,[http/1.1]}{0.0.0.0:0}
2019-09-26 16:02:15,698 [main] INFO  server.AbstractConnector (AbstractConnector.java:doStop(318)) - Stopped ServerConnector@6c07ad6b{HTTP/1.1,[http/1.1]}{0.0.0.0:0}
2019-09-26 16:02:15,700 [ForkJoinPool.commonPool-worker-0] INFO  handler.ContextHandler (ContextHandler.java:doStop(910)) - Stopped o.e.j.s.ServletContextHandler@6b9c42bd{/static,jar:file:/home/user/.m2/repository/org/apache/hadoop/hadoop-hdds-container-service/0.5.0-SNAPSHOT/hadoop-hdds-container-service-0.5.0-SNAPSHOT.jar!/webapps/static,UNAVAILABLE}
2019-09-26 16:02:15,700 [main] INFO  handler.ContextHandler (ContextHandler.java:doStop(910)) - Stopped o.e.j.s.ServletContextHandler@39f0c343{/static,jar:file:/home/user/.m2/repository/org/apache/hadoop/hadoop-hdds-container-service/0.5.0-SNAPSHOT/hadoop-hdds-container-service-0.5.0-SNAPSHOT.jar!/webapps/static,UNAVAILABLE}
2019-09-26 16:02:15,701 [ForkJoinPool.commonPool-worker-0] INFO  handler.ContextHandler (ContextHandler.java:doStop(910)) - Stopped o.e.j.s.ServletContextHandler@3b5a19ed{/logs,file:///workdir/hadoop-ozone/integration-test/target/log,UNAVAILABLE}
2019-09-26 16:02:15,702 [main] INFO  handler.ContextHandler (ContextHandler.java:doStop(910)) - Stopped o.e.j.s.ServletContextHandler@3ca3648{/logs,file:///workdir/hadoop-ozone/integration-test/target/log,UNAVAILABLE}
2019-09-26 16:02:16,304 [Datanode State Machine Thread - 0] INFO  statemachine.DatanodeStateMachine (DatanodeStateMachine.java:lambda$startDaemon$0(350)) - Ozone container server started.
2019-09-26 16:02:16,580 [Datanode State Machine Thread - 0] INFO  statemachine.DatanodeStateMachine (DatanodeStateMachine.java:lambda$startDaemon$0(350)) - Ozone container server started.
2019-09-26 16:02:17,279 [grpc-default-executor-4] WARN  server.GrpcLogAppender (LogUtils.java:warn(134)) - 8313d97f-2d94-4d1e-92c6-63f4a9fb5f70@group-29F9F8F5C47F->78fe6ec9-8553-4a78-a89d-2d8ec94d0a0a-AppendLogResponseHandler: Failed appendEntries: org.apache.ratis.thirdparty.io.grpc.StatusRuntimeException: UNAVAILABLE: io exception
2019-09-26 16:02:17,279 [grpc-default-executor-4] INFO  impl.FollowerInfo (FollowerInfo.java:lambda$new$0(51)) - 8313d97f-2d94-4d1e-92c6-63f4a9fb5f70@group-29F9F8F5C47F->78fe6ec9-8553-4a78-a89d-2d8ec94d0a0a: nextIndex: updateUnconditionally 15 -> 14
2019-09-26 16:02:17,290 [grpc-default-executor-9] WARN  server.GrpcLogAppender (LogUtils.java:warn(134)) - 8313d97f-2d94-4d1e-92c6-63f4a9fb5f70@group-29F9F8F5C47F->9f94f691-0884-4444-930f-fe6b174506dd-AppendLogResponseHandler: Failed appendEntries: org.apache.ratis.thirdparty.io.grpc.StatusRuntimeException: UNAVAILABLE: io exception
2019-09-26 16:02:17,290 [grpc-default-executor-9] INFO  impl.FollowerInfo (FollowerInfo.java:lambda$new$0(51)) - 8313d97f-2d94-4d1e-92c6-63f4a9fb5f70@group-29F9F8F5C47F->9f94f691-0884-4444-930f-fe6b174506dd: nextIndex: updateUnconditionally 18 -> 17
2019-09-26 16:02:17,352 [grpc-default-executor-8] WARN  server.GrpcLogAppender (LogUtils.java:warn(134)) - acecd6ed-521c-4847-90c2-b671590b4ee4@group-D2E23EB158A5->677fedf0-f3ff-4f0d-bf3f-efe50b6efefa-AppendLogResponseHandler: Failed appendEntries: org.apache.ratis.thirdparty.io.grpc.StatusRuntimeException: UNAVAILABLE: io exception
2019-09-26 16:02:17,352 [grpc-default-executor-8] INFO  impl.FollowerInfo (FollowerInfo.java:lambda$new$0(51)) - acecd6ed-521c-4847-90c2-b671590b4ee4@group-D2E23EB158A5->677fedf0-f3ff-4f0d-bf3f-efe50b6efefa: nextIndex: updateUnconditionally 0 -> 0
2019-09-26 16:02:17,358 [grpc-default-executor-4] WARN  server.GrpcLogAppender (LogUtils.java:warn(134)) - acecd6ed-521c-4847-90c2-b671590b4ee4@group-D2E23EB158A5->92335f2c-6300-4e2c-8b27-b5b19b8ba4b6-AppendLogResponseHandler: Failed appendEntries: org.apache.ratis.thirdparty.io.grpc.StatusRuntimeException: UNAVAILABLE: io exception
2019-09-26 16:02:17,358 [grpc-default-executor-4] INFO  impl.FollowerInfo (FollowerInfo.java:lambda$new$0(51)) - acecd6ed-521c-4847-90c2-b671590b4ee4@group-D2E23EB158A5->92335f2c-6300-4e2c-8b27-b5b19b8ba4b6: nextIndex: updateUnconditionally 18 -> 17
2019-09-26 16:02:19,791 [grpc-default-executor-8] WARN  server.GrpcLogAppender (LogUtils.java:warn(134)) - 8313d97f-2d94-4d1e-92c6-63f4a9fb5f70@group-29F9F8F5C47F->9f94f691-0884-4444-930f-fe6b174506dd-AppendLogResponseHandler: Failed appendEntries: org.apache.ratis.thirdparty.io.grpc.StatusRuntimeException: UNAVAILABLE: io exception
2019-09-26 16:02:19,791 [grpc-default-executor-4] WARN  server.GrpcLogAppender (LogUtils.java:warn(134)) - 8313d97f-2d94-4d1e-92c6-63f4a9fb5f70@group-29F9F8F5C47F->78fe6ec9-8553-4a78-a89d-2d8ec94d0a0a-AppendLogResponseHandler: Failed appendEntries: org.apache.ratis.thirdparty.io.grpc.StatusRuntimeException: UNAVAILABLE: io exception
2019-09-26 16:02:19,793 [grpc-default-executor-4] INFO  impl.FollowerInfo (FollowerInfo.java:lambda$new$0(51)) - 8313d97f-2d94-4d1e-92c6-63f4a9fb5f70@group-29F9F8F5C47F->78fe6ec9-8553-4a78-a89d-2d8ec94d0a0a: nextIndex: updateUnconditionally 14 -> 13
2019-09-26 16:02:19,793 [grpc-default-executor-8] INFO  impl.FollowerInfo (FollowerInfo.java:lambda$new$0(51)) - 8313d97f-2d94-4d1e-92c6-63f4a9fb5f70@group-29F9F8F5C47F->9f94f691-0884-4444-930f-fe6b174506dd: nextIndex: updateUnconditionally 17 -> 16
2019-09-26 16:02:19,853 [grpc-default-executor-9] WARN  server.GrpcLogAppender (LogUtils.java:warn(134)) - acecd6ed-521c-4847-90c2-b671590b4ee4@group-D2E23EB158A5->677fedf0-f3ff-4f0d-bf3f-efe50b6efefa-AppendLogResponseHandler: Failed appendEntries: org.apache.ratis.thirdparty.io.grpc.StatusRuntimeException: UNAVAILABLE: io exception
2019-09-26 16:02:19,854 [grpc-default-executor-9] INFO  impl.FollowerInfo (FollowerInfo.java:lambda$new$0(51)) - acecd6ed-521c-4847-90c2-b671590b4ee4@group-D2E23EB158A5->677fedf0-f3ff-4f0d-bf3f-efe50b6efefa: nextIndex: updateUnconditionally 0 -> 0
2019-09-26 16:02:19,859 [grpc-default-executor-4] WARN  server.GrpcLogAppender (LogUtils.java:warn(134)) - acecd6ed-521c-4847-90c2-b671590b4ee4@group-D2E23EB158A5->92335f2c-6300-4e2c-8b27-b5b19b8ba4b6-AppendLogResponseHandler: Failed appendEntries: org.apache.ratis.thirdparty.io.grpc.StatusRuntimeException: UNAVAILABLE: io exception
2019-09-26 16:02:19,859 [grpc-default-executor-4] INFO  impl.FollowerInfo (FollowerInfo.java:lambda$new$0(51)) - acecd6ed-521c-4847-90c2-b671590b4ee4@group-D2E23EB158A5->92335f2c-6300-4e2c-8b27-b5b19b8ba4b6: nextIndex: updateUnconditionally 17 -> 16
2019-09-26 16:02:20,315 [EventQueue-StaleNodeForStaleNodeHandler] INFO  node.StaleNodeHandler (StaleNodeHandler.java:onMessage(58)) - Datanode 8313d97f-2d94-4d1e-92c6-63f4a9fb5f70{ip: 192.168.30.25, host: pr-hdds-2149-6mrrv-456159840, networkLocation: /default-rack, certSerialId: null} moved to stale state. Finalizing its pipelines [PipelineID=ea83e6af-74fd-4d0d-9f3b-29f9f8f5c47f, PipelineID=ad377d53-4725-4d5e-b6d0-f7b4334a3ebf]
2019-09-26 16:02:20,316 [EventQueue-StaleNodeForStaleNodeHandler] INFO  pipeline.SCMPipelineManager (SCMPipelineManager.java:finalizeAndDestroyPipeline(315)) - destroying pipeline:Pipeline[ Id: ea83e6af-74fd-4d0d-9f3b-29f9f8f5c47f, Nodes: 78fe6ec9-8553-4a78-a89d-2d8ec94d0a0a{ip: 192.168.30.25, host: pr-hdds-2149-6mrrv-456159840, networkLocation: /default-rack, certSerialId: null}9f94f691-0884-4444-930f-fe6b174506dd{ip: 192.168.30.25, host: pr-hdds-2149-6mrrv-456159840, networkLocation: /default-rack, certSerialId: null}8313d97f-2d94-4d1e-92c6-63f4a9fb5f70{ip: 192.168.30.25, host: pr-hdds-2149-6mrrv-456159840, networkLocation: /default-rack, certSerialId: null}, Type:RATIS, Factor:THREE, State:CLOSED]
2019-09-26 16:02:20,317 [EventQueue-StaleNodeForStaleNodeHandler] INFO  pipeline.SCMPipelineManager (SCMPipelineManager.java:finalizeAndDestroyPipeline(315)) - destroying pipeline:Pipeline[ Id: ad377d53-4725-4d5e-b6d0-f7b4334a3ebf, Nodes: 8313d97f-2d94-4d1e-92c6-63f4a9fb5f70{ip: 192.168.30.25, host: pr-hdds-2149-6mrrv-456159840, networkLocation: /default-rack, certSerialId: null}, Type:RATIS, Factor:ONE, State:OPEN]
2019-09-26 16:02:20,317 [EventQueue-StaleNodeForStaleNodeHandler] INFO  pipeline.PipelineStateManager (PipelineStateManager.java:finalizePipeline(123)) - Pipeline Pipeline[ Id: ad377d53-4725-4d5e-b6d0-f7b4334a3ebf, Nodes: 8313d97f-2d94-4d1e-92c6-63f4a9fb5f70{ip: 192.168.30.25, host: pr-hdds-2149-6mrrv-456159840, networkLocation: /default-rack, certSerialId: null}, Type:RATIS, Factor:ONE, State:CLOSED] moved to CLOSED state
2019-09-26 16:02:20,615 [EventQueue-StaleNodeForStaleNodeHandler] INFO  node.StaleNodeHandler (StaleNodeHandler.java:onMessage(58)) - Datanode acecd6ed-521c-4847-90c2-b671590b4ee4{ip: 192.168.30.25, host: pr-hdds-2149-6mrrv-456159840, networkLocation: /default-rack, certSerialId: null} moved to stale state. Finalizing its pipelines [PipelineID=47343084-b10f-471b-8680-d2e23eb158a5, PipelineID=0df59435-2d0e-4e97-ac0c-cf6f3017991a]
2019-09-26 16:02:20,615 [EventQueue-StaleNodeForStaleNodeHandler] INFO  pipeline.SCMPipelineManager (SCMPipelineManager.java:finalizeAndDestroyPipeline(315)) - destroying pipeline:Pipeline[ Id: 47343084-b10f-471b-8680-d2e23eb158a5, Nodes: 677fedf0-f3ff-4f0d-bf3f-efe50b6efefa{ip: 192.168.30.25, host: pr-hdds-2149-6mrrv-456159840, networkLocation: /default-rack, certSerialId: null}acecd6ed-521c-4847-90c2-b671590b4ee4{ip: 192.168.30.25, host: pr-hdds-2149-6mrrv-456159840, networkLocation: /default-rack, certSerialId: null}92335f2c-6300-4e2c-8b27-b5b19b8ba4b6{ip: 192.168.30.25, host: pr-hdds-2149-6mrrv-456159840, networkLocation: /default-rack, certSerialId: null}, Type:RATIS, Factor:THREE, State:CLOSED]
2019-09-26 16:02:20,616 [EventQueue-StaleNodeForStaleNodeHandler] INFO  pipeline.SCMPipelineManager (SCMPipelineManager.java:finalizeAndDestroyPipeline(315)) - destroying pipeline:Pipeline[ Id: 0df59435-2d0e-4e97-ac0c-cf6f3017991a, Nodes: acecd6ed-521c-4847-90c2-b671590b4ee4{ip: 192.168.30.25, host: pr-hdds-2149-6mrrv-456159840, networkLocation: /default-rack, certSerialId: null}, Type:RATIS, Factor:ONE, State:OPEN]
2019-09-26 16:02:20,616 [EventQueue-StaleNodeForStaleNodeHandler] INFO  pipeline.PipelineStateManager (PipelineStateManager.java:finalizePipeline(123)) - Pipeline Pipeline[ Id: 0df59435-2d0e-4e97-ac0c-cf6f3017991a, Nodes: acecd6ed-521c-4847-90c2-b671590b4ee4{ip: 192.168.30.25, host: pr-hdds-2149-6mrrv-456159840, networkLocation: /default-rack, certSerialId: null}, Type:RATIS, Factor:ONE, State:CLOSED] moved to CLOSED state
2019-09-26 16:02:20,710 [ForkJoinPool.commonPool-worker-0] INFO  ozoneimpl.OzoneContainer (OzoneContainer.java:stop(231)) - Attempting to stop container services.
2019-09-26 16:02:20,710 [main] INFO  ozoneimpl.OzoneContainer (OzoneContainer.java:stop(231)) - Attempting to stop container services.
2019-09-26 16:02:20,713 [ForkJoinPool.commonPool-worker-0] INFO  impl.RaftServerProxy (RaftServerProxy.java:lambda$close$4(314)) - 8313d97f-2d94-4d1e-92c6-63f4a9fb5f70: close
2019-09-26 16:02:20,714 [main] INFO  impl.RaftServerProxy (RaftServerProxy.java:lambda$close$4(314)) - acecd6ed-521c-4847-90c2-b671590b4ee4: close
2019-09-26 16:02:20,714 [ForkJoinPool.commonPool-worker-0] INFO  impl.RaftServerImpl (RaftServerImpl.java:lambda$shutdown$3(251)) - 8313d97f-2d94-4d1e-92c6-63f4a9fb5f70@group-29F9F8F5C47F: shutdown
2019-09-26 16:02:20,714 [main] INFO  impl.RaftServerImpl (RaftServerImpl.java:lambda$shutdown$3(251)) - acecd6ed-521c-4847-90c2-b671590b4ee4@group-D2E23EB158A5: shutdown
2019-09-26 16:02:20,714 [ForkJoinPool.commonPool-worker-0] INFO  util.JmxRegister (JmxRegister.java:unregister(73)) - Successfully un-registered JMX Bean with object name Ratis:service=RaftServer,group=group-29F9F8F5C47F,id=8313d97f-2d94-4d1e-92c6-63f4a9fb5f70
2019-09-26 16:02:20,715 [main] INFO  util.JmxRegister (JmxRegister.java:unregister(73)) - Successfully un-registered JMX Bean with object name Ratis:service=RaftServer,group=group-D2E23EB158A5,id=acecd6ed-521c-4847-90c2-b671590b4ee4
2019-09-26 16:02:20,715 [ForkJoinPool.commonPool-worker-0] INFO  impl.RoleInfo (RoleInfo.java:shutdownLeaderState(104)) - 8313d97f-2d94-4d1e-92c6-63f4a9fb5f70: shutdown LeaderState
2019-09-26 16:02:20,715 [main] INFO  impl.RoleInfo (RoleInfo.java:shutdownLeaderState(104)) - acecd6ed-521c-4847-90c2-b671590b4ee4: shutdown LeaderState
2019-09-26 16:02:20,719 [ForkJoinPool.commonPool-worker-0] INFO  impl.PendingRequests (PendingRequests.java:sendNotLeaderResponses(202)) - 8313d97f-2d94-4d1e-92c6-63f4a9fb5f70-PendingRequests: sendNotLeaderResponses
2019-09-26 16:02:20,719 [org.apache.ratis.server.impl.LogAppender$AppenderDaemon$$Lambda$488/1343894712@67057e28] WARN  server.GrpcLogAppender (GrpcLogAppender.java:mayWait(143)) - 8313d97f-2d94-4d1e-92c6-63f4a9fb5f70@group-29F9F8F5C47F->78fe6ec9-8553-4a78-a89d-2d8ec94d0a0a-GrpcLogAppender: Wait interrupted by java.lang.InterruptedException
2019-09-26 16:02:20,722 [org.apache.ratis.server.impl.LogAppender$AppenderDaemon$$Lambda$488/1343894712@150515d7] WARN  server.GrpcLogAppender (GrpcLogAppender.java:mayWait(143)) - acecd6ed-521c-4847-90c2-b671590b4ee4@group-D2E23EB158A5->92335f2c-6300-4e2c-8b27-b5b19b8ba4b6-GrpcLogAppender: Wait interrupted by java.lang.InterruptedException
2019-09-26 16:02:20,722 [org.apache.ratis.server.impl.LogAppender$AppenderDaemon$$Lambda$488/1343894712@3f6cc503] WARN  server.GrpcLogAppender (GrpcLogAppender.java:mayWait(143)) - acecd6ed-521c-4847-90c2-b671590b4ee4@group-D2E23EB158A5->677fedf0-f3ff-4f0d-bf3f-efe50b6efefa-GrpcLogAppender: Wait interrupted by java.lang.InterruptedException
2019-09-26 16:02:20,722 [main] INFO  impl.PendingRequests (PendingRequests.java:sendNotLeaderResponses(202)) - acecd6ed-521c-4847-90c2-b671590b4ee4-PendingRequests: sendNotLeaderResponses
2019-09-26 16:02:20,719 [org.apache.ratis.server.impl.LogAppender$AppenderDaemon$$Lambda$488/1343894712@7e0ffea5] WARN  server.GrpcLogAppender (GrpcLogAppender.java:mayWait(143)) - 8313d97f-2d94-4d1e-92c6-63f4a9fb5f70@group-29F9F8F5C47F->9f94f691-0884-4444-930f-fe6b174506dd-GrpcLogAppender: Wait interrupted by java.lang.InterruptedException
2019-09-26 16:02:20,726 [main] INFO  impl.StateMachineUpdater (StateMachineUpdater.java:stopAndJoin(125)) - acecd6ed-521c-4847-90c2-b671590b4ee4@group-D2E23EB158A5-StateMachineUpdater: set stopIndex = 18
2019-09-26 16:02:20,727 [acecd6ed-521c-4847-90c2-b671590b4ee4@group-D2E23EB158A5-StateMachineUpdater] INFO  ratis.ContainerStateMachine (ContainerStateMachine.java:takeSnapshot(289)) - group-D2E23EB158A5: Taking a snapshot at:(t:1, i:14) file /workdir/hadoop-ozone/integration-test/target/test-dir/MiniOzoneClusterImpl-37ef80a0-c7b2-4a5a-9454-a4bcd92af4bb/datanode-5/data/ratis/47343084-b10f-471b-8680-d2e23eb158a5/sm/snapshot.1_14
2019-09-26 16:02:20,727 [8313d97f-2d94-4d1e-92c6-63f4a9fb5f70@group-29F9F8F5C47F-StateMachineUpdater] INFO  ratis.ContainerStateMachine (ContainerStateMachine.java:takeSnapshot(289)) - group-29F9F8F5C47F: Taking a snapshot at:(t:1, i:18) file /workdir/hadoop-ozone/integration-test/target/test-dir/MiniOzoneClusterImpl-37ef80a0-c7b2-4a5a-9454-a4bcd92af4bb/datanode-0/data/ratis/ea83e6af-74fd-4d0d-9f3b-29f9f8f5c47f/sm/snapshot.1_18
2019-09-26 16:02:20,727 [ForkJoinPool.commonPool-worker-0] INFO  impl.StateMachineUpdater (StateMachineUpdater.java:stopAndJoin(125)) - 8313d97f-2d94-4d1e-92c6-63f4a9fb5f70@group-29F9F8F5C47F-StateMachineUpdater: set stopIndex = 18
2019-09-26 16:02:20,753 [acecd6ed-521c-4847-90c2-b671590b4ee4@group-D2E23EB158A5-StateMachineUpdater] INFO  ratis.ContainerStateMachine (ContainerStateMachine.java:takeSnapshot(300)) - group-D2E23EB158A5: Finished taking a snapshot at:(t:1, i:14) file:/workdir/hadoop-ozone/integration-test/target/test-dir/MiniOzoneClusterImpl-37ef80a0-c7b2-4a5a-9454-a4bcd92af4bb/datanode-5/data/ratis/47343084-b10f-471b-8680-d2e23eb158a5/sm/snapshot.1_14 time:26
2019-09-26 16:02:20,753 [8313d97f-2d94-4d1e-92c6-63f4a9fb5f70@group-29F9F8F5C47F-StateMachineUpdater] INFO  ratis.ContainerStateMachine (ContainerStateMachine.java:takeSnapshot(300)) - group-29F9F8F5C47F: Finished taking a snapshot at:(t:1, i:18) file:/workdir/hadoop-ozone/integration-test/target/test-dir/MiniOzoneClusterImpl-37ef80a0-c7b2-4a5a-9454-a4bcd92af4bb/datanode-0/data/ratis/ea83e6af-74fd-4d0d-9f3b-29f9f8f5c47f/sm/snapshot.1_18 time:26
2019-09-26 16:02:20,753 [acecd6ed-521c-4847-90c2-b671590b4ee4@group-D2E23EB158A5-StateMachineUpdater] INFO  impl.StateMachineUpdater (StateMachineUpdater.java:takeSnapshot(258)) - acecd6ed-521c-4847-90c2-b671590b4ee4@group-D2E23EB158A5-StateMachineUpdater: Took a snapshot at index 14
2019-09-26 16:02:20,753 [8313d97f-2d94-4d1e-92c6-63f4a9fb5f70@group-29F9F8F5C47F-StateMachineUpdater] INFO  impl.StateMachineUpdater (StateMachineUpdater.java:takeSnapshot(258)) - 8313d97f-2d94-4d1e-92c6-63f4a9fb5f70@group-29F9F8F5C47F-StateMachineUpdater: Took a snapshot at index 18
2019-09-26 16:02:20,754 [acecd6ed-521c-4847-90c2-b671590b4ee4@group-D2E23EB158A5-StateMachineUpdater] INFO  impl.StateMachineUpdater (StateMachineUpdater.java:lambda$new$0(83)) - acecd6ed-521c-4847-90c2-b671590b4ee4@group-D2E23EB158A5-StateMachineUpdater: snapshotIndex: updateIncreasingly -1 -> 14
2019-09-26 16:02:20,754 [8313d97f-2d94-4d1e-92c6-63f4a9fb5f70@group-29F9F8F5C47F-StateMachineUpdater] INFO  impl.StateMachineUpdater (StateMachineUpdater.java:lambda$new$0(83)) - 8313d97f-2d94-4d1e-92c6-63f4a9fb5f70@group-29F9F8F5C47F-StateMachineUpdater: snapshotIndex: updateIncreasingly -1 -> 18
2019-09-26 16:02:20,754 [acecd6ed-521c-4847-90c2-b671590b4ee4@group-D2E23EB158A5-StateMachineUpdater] INFO  ratis.ContainerStateMachine (ContainerStateMachine.java:takeSnapshot(289)) - group-D2E23EB158A5: Taking a snapshot at:(t:1, i:14) file /workdir/hadoop-ozone/integration-test/target/test-dir/MiniOzoneClusterImpl-37ef80a0-c7b2-4a5a-9454-a4bcd92af4bb/datanode-5/data/ratis/47343084-b10f-471b-8680-d2e23eb158a5/sm/snapshot.1_14
2019-09-26 16:02:20,754 [ForkJoinPool.commonPool-worker-0] INFO  impl.RaftServerImpl (ServerState.java:close(385)) - 8313d97f-2d94-4d1e-92c6-63f4a9fb5f70@group-29F9F8F5C47F: closes. applyIndex: 18
2019-09-26 16:02:20,755 [8313d97f-2d94-4d1e-92c6-63f4a9fb5f70@group-29F9F8F5C47F-SegmentedRaftLogWorker] INFO  segmented.SegmentedRaftLogWorker (SegmentedRaftLogWorker.java:run(313)) - 8313d97f-2d94-4d1e-92c6-63f4a9fb5f70@group-29F9F8F5C47F-SegmentedRaftLogWorker was interrupted, exiting. There are 0 tasks remaining in the queue.
2019-09-26 16:02:20,757 [ForkJoinPool.commonPool-worker-0] INFO  segmented.SegmentedRaftLogWorker (SegmentedRaftLogWorker.java:close(228)) - 8313d97f-2d94-4d1e-92c6-63f4a9fb5f70@group-29F9F8F5C47F-SegmentedRaftLogWorker close()
2019-09-26 16:02:20,761 [ForkJoinPool.commonPool-worker-0] INFO  impl.RaftServerImpl (RaftServerImpl.java:lambda$shutdown$3(251)) - 8313d97f-2d94-4d1e-92c6-63f4a9fb5f70@group-F7B4334A3EBF: shutdown
2019-09-26 16:02:20,761 [ForkJoinPool.commonPool-worker-0] INFO  util.JmxRegister (JmxRegister.java:unregister(73)) - Successfully un-registered JMX Bean with object name Ratis:service=RaftServer,group=group-F7B4334A3EBF,id=8313d97f-2d94-4d1e-92c6-63f4a9fb5f70
2019-09-26 16:02:20,761 [ForkJoinPool.commonPool-worker-0] INFO  impl.RoleInfo (RoleInfo.java:shutdownLeaderState(104)) - 8313d97f-2d94-4d1e-92c6-63f4a9fb5f70: shutdown LeaderState
2019-09-26 16:02:20,761 [ForkJoinPool.commonPool-worker-0] INFO  impl.PendingRequests (PendingRequests.java:sendNotLeaderResponses(202)) - 8313d97f-2d94-4d1e-92c6-63f4a9fb5f70-PendingRequests: sendNotLeaderResponses
2019-09-26 16:02:20,762 [ForkJoinPool.commonPool-worker-0] INFO  impl.StateMachineUpdater (StateMachineUpdater.java:stopAndJoin(125)) - 8313d97f-2d94-4d1e-92c6-63f4a9fb5f70@group-F7B4334A3EBF-StateMachineUpdater: set stopIndex = 0
2019-09-26 16:02:20,762 [ForkJoinPool.commonPool-worker-0] INFO  impl.RaftServerImpl (ServerState.java:close(385)) - 8313d97f-2d94-4d1e-92c6-63f4a9fb5f70@group-F7B4334A3EBF: closes. applyIndex: 0
2019-09-26 16:02:20,763 [8313d97f-2d94-4d1e-92c6-63f4a9fb5f70@group-F7B4334A3EBF-SegmentedRaftLogWorker] INFO  segmented.SegmentedRaftLogWorker (SegmentedRaftLogWorker.java:run(313)) - 8313d97f-2d94-4d1e-92c6-63f4a9fb5f70@group-F7B4334A3EBF-SegmentedRaftLogWorker was interrupted, exiting. There are 0 tasks remaining in the queue.
2019-09-26 16:02:20,764 [ForkJoinPool.commonPool-worker-0] INFO  segmented.SegmentedRaftLogWorker (SegmentedRaftLogWorker.java:close(228)) - 8313d97f-2d94-4d1e-92c6-63f4a9fb5f70@group-F7B4334A3EBF-SegmentedRaftLogWorker close()
2019-09-26 16:02:20,768 [ForkJoinPool.commonPool-worker-0] INFO  server.GrpcService (GrpcService.java:closeImpl(164)) - 8313d97f-2d94-4d1e-92c6-63f4a9fb5f70: shutdown server with port 35781 now
2019-09-26 16:02:20,768 [acecd6ed-521c-4847-90c2-b671590b4ee4@group-D2E23EB158A5-StateMachineUpdater] INFO  ratis.ContainerStateMachine (ContainerStateMachine.java:takeSnapshot(300)) - group-D2E23EB158A5: Finished taking a snapshot at:(t:1, i:14) file:/workdir/hadoop-ozone/integration-test/target/test-dir/MiniOzoneClusterImpl-37ef80a0-c7b2-4a5a-9454-a4bcd92af4bb/datanode-5/data/ratis/47343084-b10f-471b-8680-d2e23eb158a5/sm/snapshot.1_14 time:14
2019-09-26 16:02:20,769 [acecd6ed-521c-4847-90c2-b671590b4ee4@group-D2E23EB158A5-StateMachineUpdater] INFO  impl.StateMachineUpdater (StateMachineUpdater.java:takeSnapshot(258)) - acecd6ed-521c-4847-90c2-b671590b4ee4@group-D2E23EB158A5-StateMachineUpdater: Took a snapshot at index 14
2019-09-26 16:02:20,769 [acecd6ed-521c-4847-90c2-b671590b4ee4@group-D2E23EB158A5-StateMachineUpdater] INFO  impl.StateMachineUpdater (StateMachineUpdater.java:lambda$new$0(83)) - acecd6ed-521c-4847-90c2-b671590b4ee4@group-D2E23EB158A5-StateMachineUpdater: snapshotIndex: updateIncreasingly 14 -> 14
2019-09-26 16:02:20,769 [main] INFO  impl.RaftServerImpl (ServerState.java:close(385)) - acecd6ed-521c-4847-90c2-b671590b4ee4@group-D2E23EB158A5: closes. applyIndex: 18
2019-09-26 16:02:20,770 [acecd6ed-521c-4847-90c2-b671590b4ee4@group-D2E23EB158A5-SegmentedRaftLogWorker] INFO  segmented.SegmentedRaftLogWorker (SegmentedRaftLogWorker.java:run(313)) - acecd6ed-521c-4847-90c2-b671590b4ee4@group-D2E23EB158A5-SegmentedRaftLogWorker was interrupted, exiting. There are 0 tasks remaining in the queue.
2019-09-26 16:02:20,770 [grpc-default-executor-9] WARN  client.GrpcClientProtocolService (LogUtils.java:warn(134)) - 1-UnorderedRequestStreamObserver1: onError: org.apache.ratis.thirdparty.io.grpc.StatusRuntimeException: CANCELLED: cancelled before receiving half close
2019-09-26 16:02:20,770 [ForkJoinPool.commonPool-worker-0] INFO  server.GrpcService (GrpcService.java:closeImpl(172)) - 8313d97f-2d94-4d1e-92c6-63f4a9fb5f70: shutdown server with port 35781 successfully
2019-09-26 16:02:20,772 [main] INFO  segmented.SegmentedRaftLogWorker (SegmentedRaftLogWorker.java:close(228)) - acecd6ed-521c-4847-90c2-b671590b4ee4@group-D2E23EB158A5-SegmentedRaftLogWorker close()
2019-09-26 16:02:20,783 [main] INFO  impl.RaftServerImpl (RaftServerImpl.java:lambda$shutdown$3(251)) - acecd6ed-521c-4847-90c2-b671590b4ee4@group-CF6F3017991A: shutdown
2019-09-26 16:02:20,783 [main] INFO  util.JmxRegister (JmxRegister.java:unregister(73)) - Successfully un-registered JMX Bean with object name Ratis:service=RaftServer,group=group-CF6F3017991A,id=acecd6ed-521c-4847-90c2-b671590b4ee4
2019-09-26 16:02:20,784 [main] INFO  impl.RoleInfo (RoleInfo.java:shutdownLeaderState(104)) - acecd6ed-521c-4847-90c2-b671590b4ee4: shutdown LeaderState
2019-09-26 16:02:20,785 [main] INFO  impl.PendingRequests (PendingRequests.java:sendNotLeaderResponses(202)) - acecd6ed-521c-4847-90c2-b671590b4ee4-PendingRequests: sendNotLeaderResponses
2019-09-26 16:02:20,787 [main] INFO  impl.StateMachineUpdater (StateMachineUpdater.java:stopAndJoin(125)) - acecd6ed-521c-4847-90c2-b671590b4ee4@group-CF6F3017991A-StateMachineUpdater: set stopIndex = 0
2019-09-26 16:02:20,787 [refreshUsed-/workdir/hadoop-ozone/integration-test/target/test-dir/MiniOzoneClusterImpl-37ef80a0-c7b2-4a5a-9454-a4bcd92af4bb/datanode-0/data/containers] WARN  fs.CachingGetSpaceUsed (CachingGetSpaceUsed.java:run(183)) - Thread Interrupted waiting to refresh disk information: sleep interrupted
2019-09-26 16:02:20,787 [main] INFO  impl.RaftServerImpl (ServerState.java:close(385)) - acecd6ed-521c-4847-90c2-b671590b4ee4@group-CF6F3017991A: closes. applyIndex: 0
2019-09-26 16:02:20,788 [acecd6ed-521c-4847-90c2-b671590b4ee4@group-CF6F3017991A-SegmentedRaftLogWorker] INFO  segmented.SegmentedRaftLogWorker (SegmentedRaftLogWorker.java:run(313)) - acecd6ed-521c-4847-90c2-b671590b4ee4@group-CF6F3017991A-SegmentedRaftLogWorker was interrupted, exiting. There are 0 tasks remaining in the queue.
2019-09-26 16:02:20,788 [main] INFO  segmented.SegmentedRaftLogWorker (SegmentedRaftLogWorker.java:close(228)) - acecd6ed-521c-4847-90c2-b671590b4ee4@group-CF6F3017991A-SegmentedRaftLogWorker close()
2019-09-26 16:02:20,790 [main] INFO  server.GrpcService (GrpcService.java:closeImpl(164)) - acecd6ed-521c-4847-90c2-b671590b4ee4: shutdown server with port 37337 now
2019-09-26 16:02:20,791 [main] INFO  server.GrpcService (GrpcService.java:closeImpl(172)) - acecd6ed-521c-4847-90c2-b671590b4ee4: shutdown server with port 37337 successfully
2019-09-26 16:02:20,795 [refreshUsed-/workdir/hadoop-ozone/integration-test/target/test-dir/MiniOzoneClusterImpl-37ef80a0-c7b2-4a5a-9454-a4bcd92af4bb/datanode-5/data/containers] WARN  fs.CachingGetSpaceUsed (CachingGetSpaceUsed.java:run(183)) - Thread Interrupted waiting to refresh disk information: sleep interrupted
2019-09-26 16:02:20,805 [ForkJoinPool.commonPool-worker-0] INFO  utils.BackgroundService (BackgroundService.java:shutdown(148)) - Shutting down service BlockDeletingService
2019-09-26 16:02:20,809 [ForkJoinPool.commonPool-worker-0] INFO  statemachine.DatanodeStateMachine (DatanodeStateMachine.java:stopDaemon(395)) - Ozone container server stopped.
2019-09-26 16:02:20,813 [ForkJoinPool.commonPool-worker-0] INFO  handler.ContextHandler (ContextHandler.java:doStop(910)) - Stopped o.e.j.w.WebAppContext@28ee882c{/,null,UNAVAILABLE}{/hddsDatanode}
2019-09-26 16:02:20,814 [ForkJoinPool.commonPool-worker-0] INFO  server.AbstractConnector (AbstractConnector.java:doStop(318)) - Stopped ServerConnector@78d73b1b{HTTP/1.1,[http/1.1]}{0.0.0.0:0}
2019-09-26 16:02:20,815 [ForkJoinPool.commonPool-worker-0] INFO  handler.ContextHandler (ContextHandler.java:doStop(910)) - Stopped o.e.j.s.ServletContextHandler@656842bc{/static,jar:file:/home/user/.m2/repository/org/apache/hadoop/hadoop-hdds-container-service/0.5.0-SNAPSHOT/hadoop-hdds-container-service-0.5.0-SNAPSHOT.jar!/webapps/static,UNAVAILABLE}
2019-09-26 16:02:20,816 [ForkJoinPool.commonPool-worker-0] INFO  handler.ContextHandler (ContextHandler.java:doStop(910)) - Stopped o.e.j.s.ServletContextHandler@93bf0e0{/logs,file:///workdir/hadoop-ozone/integration-test/target/log,UNAVAILABLE}
2019-09-26 16:02:20,818 [main] INFO  utils.BackgroundService (BackgroundService.java:shutdown(148)) - Shutting down service BlockDeletingService
2019-09-26 16:02:20,823 [main] INFO  statemachine.DatanodeStateMachine (DatanodeStateMachine.java:stopDaemon(395)) - Ozone container server stopped.
2019-09-26 16:02:20,824 [main] INFO  handler.ContextHandler (ContextHandler.java:doStop(910)) - Stopped o.e.j.w.WebAppContext@35563e4c{/,null,UNAVAILABLE}{/hddsDatanode}
2019-09-26 16:02:20,825 [main] INFO  server.AbstractConnector (AbstractConnector.java:doStop(318)) - Stopped ServerConnector@6dd79214{HTTP/1.1,[http/1.1]}{0.0.0.0:0}
2019-09-26 16:02:20,825 [main] INFO  handler.ContextHandler (ContextHandler.java:doStop(910)) - Stopped o.e.j.s.ServletContextHandler@5329f6b3{/static,jar:file:/home/user/.m2/repository/org/apache/hadoop/hadoop-hdds-container-service/0.5.0-SNAPSHOT/hadoop-hdds-container-service-0.5.0-SNAPSHOT.jar!/webapps/static,UNAVAILABLE}
2019-09-26 16:02:20,826 [main] INFO  handler.ContextHandler (ContextHandler.java:doStop(910)) - Stopped o.e.j.s.ServletContextHandler@14e750c5{/logs,file:///workdir/hadoop-ozone/integration-test/target/log,UNAVAILABLE}
2019-09-26 16:02:20,826 [main] INFO  ozone.MiniOzoneClusterImpl (MiniOzoneClusterImpl.java:stopSCM(392)) - Stopping the StorageContainerManager
2019-09-26 16:02:20,827 [main] INFO  server.StorageContainerManager (StorageContainerManager.java:stop(808)) - Stopping Replication Manager Service.
2019-09-26 16:02:20,827 [main] INFO  container.ReplicationManager (ReplicationManager.java:stop(203)) - Stopping Replication Monitor Thread.
2019-09-26 16:02:20,827 [main] INFO  server.StorageContainerManager (StorageContainerManager.java:stop(815)) - Stopping Lease Manager of the command watchers
2019-09-26 16:02:20,827 [main] INFO  server.StorageContainerManager (StorageContainerManager.java:stop(822)) - Stopping datanode service RPC server
2019-09-26 16:02:20,827 [main] INFO  server.SCMDatanodeProtocolServer (SCMDatanodeProtocolServer.java:stop(367)) - Stopping the RPC server for DataNodes
2019-09-26 16:02:20,828 [main] INFO  ipc.Server (Server.java:stop(3082)) - Stopping server on 46178
2019-09-26 16:02:20,830 [IPC Server listener on 46178] INFO  ipc.Server (Server.java:run(1185)) - Stopping IPC Server listener on 46178
2019-09-26 16:02:20,830 [IPC Server Responder] INFO  ipc.Server (Server.java:run(1319)) - Stopping IPC Server Responder
2019-09-26 16:02:20,915 [SCM Heartbeat Processing Thread - 0] WARN  node.NodeStateManager (NodeStateManager.java:scheduleNextHealthCheck(646)) - Current Thread is interrupted, shutting down HB processing thread for Node Manager.
2019-09-26 16:02:20,916 [main] INFO  server.StorageContainerManager (StorageContainerManager.java:stop(830)) - Stopping block service RPC server
2019-09-26 16:02:20,916 [main] INFO  server.SCMBlockProtocolServer (SCMBlockProtocolServer.java:stop(155)) - Stopping the RPC server for Block Protocol
2019-09-26 16:02:20,916 [main] INFO  ipc.Server (Server.java:stop(3082)) - Stopping server on 36245
2019-09-26 16:02:20,919 [IPC Server listener on 36245] INFO  ipc.Server (Server.java:run(1185)) - Stopping IPC Server listener on 36245
2019-09-26 16:02:20,919 [main] INFO  server.StorageContainerManager (StorageContainerManager.java:stop(837)) - Stopping the StorageContainerLocationProtocol RPC server
2019-09-26 16:02:20,919 [main] INFO  server.SCMClientProtocolServer (SCMClientProtocolServer.java:stop(159)) - Stopping the RPC server for Client Protocol
2019-09-26 16:02:20,919 [IPC Server Responder] INFO  ipc.Server (Server.java:run(1319)) - Stopping IPC Server Responder
2019-09-26 16:02:20,920 [main] INFO  ipc.Server (Server.java:stop(3082)) - Stopping server on 41122
2019-09-26 16:02:20,922 [IPC Server listener on 41122] INFO  ipc.Server (Server.java:run(1185)) - Stopping IPC Server listener on 41122
2019-09-26 16:02:20,922 [main] INFO  server.StorageContainerManager (StorageContainerManager.java:stop(844)) - Stopping Storage Container Manager HTTP server.
2019-09-26 16:02:20,923 [IPC Server Responder] INFO  ipc.Server (Server.java:run(1319)) - Stopping IPC Server Responder
2019-09-26 16:02:20,925 [main] INFO  handler.ContextHandler (ContextHandler.java:doStop(910)) - Stopped o.e.j.w.WebAppContext@4270b142{/,null,UNAVAILABLE}{/scm}
2019-09-26 16:02:20,925 [main] INFO  server.AbstractConnector (AbstractConnector.java:doStop(318)) - Stopped ServerConnector@2dfa02c1{HTTP/1.1,[http/1.1]}{0.0.0.0:0}
2019-09-26 16:02:20,925 [main] INFO  handler.ContextHandler (ContextHandler.java:doStop(910)) - Stopped o.e.j.s.ServletContextHandler@50598a1a{/static,file:///workdir/hadoop-ozone/integration-test/target/test-classes/webapps/static,UNAVAILABLE}
2019-09-26 16:02:20,926 [main] INFO  handler.ContextHandler (ContextHandler.java:doStop(910)) - Stopped o.e.j.s.ServletContextHandler@67b61834{/logs,file:///workdir/hadoop-ozone/integration-test/target/log,UNAVAILABLE}
2019-09-26 16:02:20,927 [main] INFO  server.StorageContainerManager (StorageContainerManager.java:stop(855)) - Stopping Block Manager Service.
2019-09-26 16:02:20,927 [main] INFO  utils.BackgroundService (BackgroundService.java:shutdown(148)) - Shutting down service SCMBlockDeletingService
2019-09-26 16:02:20,927 [main] INFO  utils.BackgroundService (BackgroundService.java:shutdown(148)) - Shutting down service SCMBlockDeletingService
2019-09-26 16:02:20,927 [main] INFO  server.StorageContainerManager (StorageContainerManager.java:stop(877)) - Stopping SCM Event Queue.
2019-09-26 16:02:20,930 [main] INFO  impl.MetricsSystemImpl (MetricsSystemImpl.java:stop(210)) - Stopping HddsDatanode metrics system...
2019-09-26 16:02:20,952 [main] INFO  impl.MetricsSystemImpl (MetricsSystemImpl.java:stop(216)) - HddsDatanode metrics system stopped.
]]></system-out>
    <system-err><![CDATA[Sep 26, 2019 4:02:10 PM org.apache.ratis.thirdparty.io.grpc.internal.SerializingExecutor run
SEVERE: Exception while executing runnable org.apache.ratis.thirdparty.io.grpc.internal.ServerImpl$JumpToApplicationThreadServerStreamListener$1Closed@32fc8bec
org.apache.ratis.thirdparty.io.grpc.StatusRuntimeException: CANCELLED: call already cancelled
	at org.apache.ratis.thirdparty.io.grpc.Status.asRuntimeException(Status.java:517)
	at org.apache.ratis.thirdparty.io.grpc.stub.ServerCalls$ServerCallStreamObserverImpl.onCompleted(ServerCalls.java:356)
	at org.apache.ratis.grpc.server.GrpcServerProtocolService$ServerRequestStreamObserver.onError(GrpcServerProtocolService.java:121)
	at org.apache.ratis.thirdparty.io.grpc.stub.ServerCalls$StreamingServerCallHandler$StreamingServerCallListener.onCancel(ServerCalls.java:269)
	at org.apache.ratis.thirdparty.io.grpc.internal.ServerCallImpl$ServerStreamListenerImpl.closed(ServerCallImpl.java:293)
	at org.apache.ratis.thirdparty.io.grpc.internal.ServerImpl$JumpToApplicationThreadServerStreamListener$1Closed.runInContext(ServerImpl.java:741)
	at org.apache.ratis.thirdparty.io.grpc.internal.ContextRunnable.run(ContextRunnable.java:37)
	at org.apache.ratis.thirdparty.io.grpc.internal.SerializingExecutor.run(SerializingExecutor.java:123)
	at java.util.concurrent.ThreadPoolExecutor.runWorker(ThreadPoolExecutor.java:1149)
	at java.util.concurrent.ThreadPoolExecutor$Worker.run(ThreadPoolExecutor.java:624)
	at java.lang.Thread.run(Thread.java:748)

Sep 26, 2019 4:02:15 PM org.apache.ratis.thirdparty.io.grpc.internal.SerializingExecutor run
SEVERE: Exception while executing runnable org.apache.ratis.thirdparty.io.grpc.internal.ServerImpl$JumpToApplicationThreadServerStreamListener$1Closed@444fcb06
org.apache.ratis.thirdparty.io.grpc.StatusRuntimeException: CANCELLED: call already cancelled
	at org.apache.ratis.thirdparty.io.grpc.Status.asRuntimeException(Status.java:517)
	at org.apache.ratis.thirdparty.io.grpc.stub.ServerCalls$ServerCallStreamObserverImpl.onCompleted(ServerCalls.java:356)
	at org.apache.ratis.grpc.server.GrpcServerProtocolService$ServerRequestStreamObserver.onError(GrpcServerProtocolService.java:121)
	at org.apache.ratis.thirdparty.io.grpc.stub.ServerCalls$StreamingServerCallHandler$StreamingServerCallListener.onCancel(ServerCalls.java:269)
	at org.apache.ratis.thirdparty.io.grpc.internal.ServerCallImpl$ServerStreamListenerImpl.closed(ServerCallImpl.java:293)
	at org.apache.ratis.thirdparty.io.grpc.internal.ServerImpl$JumpToApplicationThreadServerStreamListener$1Closed.runInContext(ServerImpl.java:741)
	at org.apache.ratis.thirdparty.io.grpc.internal.ContextRunnable.run(ContextRunnable.java:37)
	at org.apache.ratis.thirdparty.io.grpc.internal.SerializingExecutor.run(SerializingExecutor.java:123)
	at java.util.concurrent.ThreadPoolExecutor.runWorker(ThreadPoolExecutor.java:1149)
	at java.util.concurrent.ThreadPoolExecutor$Worker.run(ThreadPoolExecutor.java:624)
	at java.lang.Thread.run(Thread.java:748)

Sep 26, 2019 4:02:15 PM org.apache.ratis.thirdparty.io.grpc.internal.SerializingExecutor run
SEVERE: Exception while executing runnable org.apache.ratis.thirdparty.io.grpc.internal.ServerImpl$JumpToApplicationThreadServerStreamListener$1Closed@be7cbfa
org.apache.ratis.thirdparty.io.grpc.StatusRuntimeException: CANCELLED: call already cancelled
	at org.apache.ratis.thirdparty.io.grpc.Status.asRuntimeException(Status.java:517)
	at org.apache.ratis.thirdparty.io.grpc.stub.ServerCalls$ServerCallStreamObserverImpl.onCompleted(ServerCalls.java:356)
	at org.apache.ratis.grpc.server.GrpcServerProtocolService$ServerRequestStreamObserver.onError(GrpcServerProtocolService.java:121)
	at org.apache.ratis.thirdparty.io.grpc.stub.ServerCalls$StreamingServerCallHandler$StreamingServerCallListener.onCancel(ServerCalls.java:269)
	at org.apache.ratis.thirdparty.io.grpc.internal.ServerCallImpl$ServerStreamListenerImpl.closed(ServerCallImpl.java:293)
	at org.apache.ratis.thirdparty.io.grpc.internal.ServerImpl$JumpToApplicationThreadServerStreamListener$1Closed.runInContext(ServerImpl.java:741)
	at org.apache.ratis.thirdparty.io.grpc.internal.ContextRunnable.run(ContextRunnable.java:37)
	at org.apache.ratis.thirdparty.io.grpc.internal.SerializingExecutor.run(SerializingExecutor.java:123)
	at java.util.concurrent.ThreadPoolExecutor.runWorker(ThreadPoolExecutor.java:1149)
	at java.util.concurrent.ThreadPoolExecutor$Worker.run(ThreadPoolExecutor.java:624)
	at java.lang.Thread.run(Thread.java:748)

]]></system-err>
  </testcase>
  <testcase name="testFailureWithPrimeSizedData" classname="org.apache.hadoop.ozone.client.rpc.TestBlockOutputStreamWithFailures" time="35.899"/>
  <testcase name="testWatchForCommitWithCloseContainerException" classname="org.apache.hadoop.ozone.client.rpc.TestBlockOutputStreamWithFailures" time="39.712"/>
  <testcase name="testExceptionDuringClose" classname="org.apache.hadoop.ozone.client.rpc.TestBlockOutputStreamWithFailures" time="40.386"/>
</testsuite>