<?xml version="1.0" encoding="UTF-8"?>
<testsuite xmlns:xsi="http://www.w3.org/2001/XMLSchema-instance" xsi:noNamespaceSchemaLocation="https://maven.apache.org/surefire/maven-surefire-plugin/xsd/surefire-test-report.xsd" name="org.apache.hadoop.ozone.client.rpc.TestWatchForCommit" time="232.042" tests="5" errors="1" skipped="0" failures="0">
  <properties>
    <property name="awt.toolkit" value="sun.awt.X11.XToolkit"/>
    <property name="file.encoding.pkg" value="sun.io"/>
    <property name="java.specification.version" value="1.8"/>
    <property name="sun.cpu.isalist" value=""/>
    <property name="sun.jnu.encoding" value="UTF-8"/>
    <property name="java.class.path" value="/workdir/hadoop-ozone/integration-test/target/test-classes:/workdir/hadoop-ozone/integration-test/target/classes:/home/user/.m2/repository/org/apache/hadoop/hadoop-ozone-common/0.5.0-SNAPSHOT/hadoop-ozone-common-0.5.0-SNAPSHOT.jar:/home/user/.m2/repository/org/apache/commons/commons-compress/1.4.1/commons-compress-1.4.1.jar:/home/user/.m2/repository/org/tukaani/xz/1.0/xz-1.0.jar:/home/user/.m2/repository/org/apache/hadoop/hadoop-common/3.2.0/hadoop-common-3.2.0.jar:/home/user/.m2/repository/org/apache/hadoop/hadoop-hdfs/3.2.0/hadoop-hdfs-3.2.0.jar:/home/user/.m2/repository/org/apache/hadoop/hadoop-hdfs-client/3.2.0/hadoop-hdfs-client-3.2.0.jar:/home/user/.m2/repository/com/fasterxml/jackson/core/jackson-annotations/2.9.9/jackson-annotations-2.9.9.jar:/home/user/.m2/repository/org/apache/hadoop/hadoop-hdds-common/0.5.0-SNAPSHOT/hadoop-hdds-common-0.5.0-SNAPSHOT.jar:/home/user/.m2/repository/javax/annotation/javax.annotation-api/1.2/javax.annotation-api-1.2.jar:/home/user/.m2/repository/org/apache/ratis/ratis-server/0.5.0-201fc85-SNAPSHOT/ratis-server-0.5.0-201fc85-SNAPSHOT.jar:/home/user/.m2/repository/org/apache/ratis/ratis-thirdparty-misc/0.2.0/ratis-thirdparty-misc-0.2.0.jar:/home/user/.m2/repository/org/apache/ratis/ratis-proto/0.5.0-201fc85-SNAPSHOT/ratis-proto-0.5.0-201fc85-SNAPSHOT.jar:/home/user/.m2/repository/org/apache/ratis/ratis-common/0.5.0-201fc85-SNAPSHOT/ratis-common-0.5.0-201fc85-SNAPSHOT.jar:/home/user/.m2/repository/org/apache/ratis/ratis-client/0.5.0-201fc85-SNAPSHOT/ratis-client-0.5.0-201fc85-SNAPSHOT.jar:/home/user/.m2/repository/org/apache/ratis/ratis-metrics/0.5.0-201fc85-SNAPSHOT/ratis-metrics-0.5.0-201fc85-SNAPSHOT.jar:/home/user/.m2/repository/com/github/joshelser/dropwizard-metrics-hadoop-metrics2-reporter/0.1.2/dropwizard-metrics-hadoop-metrics2-reporter-0.1.2.jar:/home/user/.m2/repository/io/dropwizard/metrics/metrics-jvm/3.2.5/metrics-jvm-3.2.5.jar:/home/user/.m2/repository/io/dropwizard/metrics/metrics-ganglia/3.2.5/metrics-ganglia-3.2.5.jar:/home/user/.m2/repository/info/ganglia/gmetric4j/gmetric4j/1.0.7/gmetric4j-1.0.7.jar:/home/user/.m2/repository/org/apache/ratis/ratis-netty/0.5.0-201fc85-SNAPSHOT/ratis-netty-0.5.0-201fc85-SNAPSHOT.jar:/home/user/.m2/repository/org/apache/ratis/ratis-grpc/0.5.0-201fc85-SNAPSHOT/ratis-grpc-0.5.0-201fc85-SNAPSHOT.jar:/home/user/.m2/repository/org/rocksdb/rocksdbjni/6.0.1/rocksdbjni-6.0.1.jar:/home/user/.m2/repository/org/apache/logging/log4j/log4j-api/2.11.0/log4j-api-2.11.0.jar:/home/user/.m2/repository/org/apache/logging/log4j/log4j-core/2.11.0/log4j-core-2.11.0.jar:/home/user/.m2/repository/com/lmax/disruptor/3.4.2/disruptor-3.4.2.jar:/home/user/.m2/repository/org/apache/commons/commons-pool2/2.6.0/commons-pool2-2.6.0.jar:/home/user/.m2/repository/org/bouncycastle/bcpkix-jdk15on/1.60/bcpkix-jdk15on-1.60.jar:/home/user/.m2/repository/commons-validator/commons-validator/1.6/commons-validator-1.6.jar:/home/user/.m2/repository/commons-digester/commons-digester/1.8.1/commons-digester-1.8.1.jar:/home/user/.m2/repository/io/jaegertracing/jaeger-client/0.34.0/jaeger-client-0.34.0.jar:/home/user/.m2/repository/io/jaegertracing/jaeger-thrift/0.34.0/jaeger-thrift-0.34.0.jar:/home/user/.m2/repository/org/apache/thrift/libthrift/0.12.0/libthrift-0.12.0.jar:/home/user/.m2/repository/com/squareup/okhttp3/okhttp/3.9.0/okhttp-3.9.0.jar:/home/user/.m2/repository/com/squareup/okio/okio/1.13.0/okio-1.13.0.jar:/home/user/.m2/repository/io/jaegertracing/jaeger-core/0.34.0/jaeger-core-0.34.0.jar:/home/user/.m2/repository/io/jaegertracing/jaeger-tracerresolver/0.34.0/jaeger-tracerresolver-0.34.0.jar:/home/user/.m2/repository/io/opentracing/contrib/opentracing-tracerresolver/0.1.5/opentracing-tracerresolver-0.1.5.jar:/home/user/.m2/repository/io/opentracing/opentracing-util/0.31.0/opentracing-util-0.31.0.jar:/home/user/.m2/repository/io/opentracing/opentracing-api/0.31.0/opentracing-api-0.31.0.jar:/home/user/.m2/repository/io/opentracing/opentracing-noop/0.31.0/opentracing-noop-0.31.0.jar:/home/user/.m2/repository/org/apache/hadoop/hadoop-hdds-server-framework/0.5.0-SNAPSHOT/hadoop-hdds-server-framework-0.5.0-SNAPSHOT.jar:/home/user/.m2/repository/org/apache/hadoop/hadoop-hdds-container-service/0.5.0-SNAPSHOT/hadoop-hdds-container-service-0.5.0-SNAPSHOT.jar:/home/user/.m2/repository/org/apache/hadoop/hadoop-hdds-client/0.5.0-SNAPSHOT/hadoop-hdds-client-0.5.0-SNAPSHOT.jar:/home/user/.m2/repository/org/apache/hadoop/hadoop-hdds-tools/0.5.0-SNAPSHOT/hadoop-hdds-tools-0.5.0-SNAPSHOT.jar:/home/user/.m2/repository/org/apache/hadoop/hadoop-hdds-server-scm/0.5.0-SNAPSHOT/hadoop-hdds-server-scm-0.5.0-SNAPSHOT.jar:/home/user/.m2/repository/org/apache/hadoop/hadoop-hdds-docs/0.5.0-SNAPSHOT/hadoop-hdds-docs-0.5.0-SNAPSHOT.jar:/home/user/.m2/repository/io/dropwizard/metrics/metrics-core/3.2.4/metrics-core-3.2.4.jar:/home/user/.m2/repository/org/hamcrest/hamcrest-all/1.3/hamcrest-all-1.3.jar:/home/user/.m2/repository/org/bouncycastle/bcprov-jdk15on/1.60/bcprov-jdk15on-1.60.jar:/home/user/.m2/repository/info/picocli/picocli/3.9.6/picocli-3.9.6.jar:/home/user/.m2/repository/com/google/protobuf/protobuf-java/2.5.0/protobuf-java-2.5.0.jar:/home/user/.m2/repository/com/google/guava/guava/11.0.2/guava-11.0.2.jar:/home/user/.m2/repository/org/apache/hadoop/hadoop-ozone-ozone-manager/0.5.0-SNAPSHOT/hadoop-ozone-ozone-manager-0.5.0-SNAPSHOT.jar:/home/user/.m2/repository/org/apache/hadoop/hadoop-minikdc/3.2.0/hadoop-minikdc-3.2.0.jar:/home/user/.m2/repository/commons-io/commons-io/2.5/commons-io-2.5.jar:/home/user/.m2/repository/org/apache/kerby/kerb-simplekdc/1.0.1/kerb-simplekdc-1.0.1.jar:/home/user/.m2/repository/org/apache/kerby/kerb-client/1.0.1/kerb-client-1.0.1.jar:/home/user/.m2/repository/org/apache/kerby/kerby-config/1.0.1/kerby-config-1.0.1.jar:/home/user/.m2/repository/org/apache/kerby/kerb-core/1.0.1/kerb-core-1.0.1.jar:/home/user/.m2/repository/org/apache/kerby/kerby-pkix/1.0.1/kerby-pkix-1.0.1.jar:/home/user/.m2/repository/org/apache/kerby/kerby-asn1/1.0.1/kerby-asn1-1.0.1.jar:/home/user/.m2/repository/org/apache/kerby/kerby-util/1.0.1/kerby-util-1.0.1.jar:/home/user/.m2/repository/org/apache/kerby/kerb-common/1.0.1/kerb-common-1.0.1.jar:/home/user/.m2/repository/org/apache/kerby/kerb-crypto/1.0.1/kerb-crypto-1.0.1.jar:/home/user/.m2/repository/org/apache/kerby/kerb-util/1.0.1/kerb-util-1.0.1.jar:/home/user/.m2/repository/org/apache/kerby/token-provider/1.0.1/token-provider-1.0.1.jar:/home/user/.m2/repository/org/apache/kerby/kerb-admin/1.0.1/kerb-admin-1.0.1.jar:/home/user/.m2/repository/org/apache/kerby/kerb-server/1.0.1/kerb-server-1.0.1.jar:/home/user/.m2/repository/org/apache/kerby/kerb-identity/1.0.1/kerb-identity-1.0.1.jar:/home/user/.m2/repository/org/apache/kerby/kerby-xdr/1.0.1/kerby-xdr-1.0.1.jar:/home/user/.m2/repository/org/slf4j/slf4j-log4j12/1.7.25/slf4j-log4j12-1.7.25.jar:/home/user/.m2/repository/org/apache/hadoop/hadoop-ozone-s3gateway/0.5.0-SNAPSHOT/hadoop-ozone-s3gateway-0.5.0-SNAPSHOT.jar:/home/user/.m2/repository/org/jboss/weld/servlet/weld-servlet/2.4.7.Final/weld-servlet-2.4.7.Final.jar:/home/user/.m2/repository/org/glassfish/jersey/containers/jersey-container-servlet-core/2.27/jersey-container-servlet-core-2.27.jar:/home/user/.m2/repository/org/glassfish/hk2/external/javax.inject/2.5.0-b42/javax.inject-2.5.0-b42.jar:/home/user/.m2/repository/org/glassfish/jersey/core/jersey-common/2.27/jersey-common-2.27.jar:/home/user/.m2/repository/org/glassfish/hk2/osgi-resource-locator/1.0.1/osgi-resource-locator-1.0.1.jar:/home/user/.m2/repository/javax/ws/rs/javax.ws.rs-api/2.1/javax.ws.rs-api-2.1.jar:/home/user/.m2/repository/org/glassfish/jersey/ext/cdi/jersey-cdi1x/2.27/jersey-cdi1x-2.27.jar:/home/user/.m2/repository/org/glassfish/jersey/inject/jersey-hk2/2.27/jersey-hk2-2.27.jar:/home/user/.m2/repository/org/glassfish/hk2/hk2-locator/2.5.0-b42/hk2-locator-2.5.0-b42.jar:/home/user/.m2/repository/org/javassist/javassist/3.22.0-CR2/javassist-3.22.0-CR2.jar:/home/user/.m2/repository/org/glassfish/hk2/hk2-api/2.5.0/hk2-api-2.5.0.jar:/home/user/.m2/repository/org/glassfish/hk2/external/jakarta.inject/2.5.0/jakarta.inject-2.5.0.jar:/home/user/.m2/repository/org/glassfish/hk2/hk2-utils/2.5.0/hk2-utils-2.5.0.jar:/home/user/.m2/repository/jakarta/annotation/jakarta.annotation-api/1.3.4/jakarta.annotation-api-1.3.4.jar:/home/user/.m2/repository/org/glassfish/hk2/external/aopalliance-repackaged/2.5.0/aopalliance-repackaged-2.5.0.jar:/home/user/.m2/repository/com/fasterxml/jackson/dataformat/jackson-dataformat-xml/2.9.0/jackson-dataformat-xml-2.9.0.jar:/home/user/.m2/repository/com/fasterxml/jackson/core/jackson-core/2.9.9/jackson-core-2.9.9.jar:/home/user/.m2/repository/com/fasterxml/jackson/module/jackson-module-jaxb-annotations/2.9.9/jackson-module-jaxb-annotations-2.9.9.jar:/home/user/.m2/repository/javax/enterprise/cdi-api/1.2/cdi-api-1.2.jar:/home/user/.m2/repository/javax/el/javax.el-api/3.0.0/javax.el-api-3.0.0.jar:/home/user/.m2/repository/javax/interceptor/javax.interceptor-api/1.2/javax.interceptor-api-1.2.jar:/home/user/.m2/repository/javax/inject/javax.inject/1/javax.inject-1.jar:/home/user/.m2/repository/com/sun/xml/bind/jaxb-impl/2.3.0.1/jaxb-impl-2.3.0.1.jar:/home/user/.m2/repository/com/sun/xml/bind/jaxb-core/2.3.0.1/jaxb-core-2.3.0.1.jar:/home/user/.m2/repository/javax/xml/bind/jaxb-api/2.3.0/jaxb-api-2.3.0.jar:/home/user/.m2/repository/javax/activation/activation/1.1.1/activation-1.1.1.jar:/home/user/.m2/repository/org/apache/hadoop/hadoop-ozone-csi/0.5.0-SNAPSHOT/hadoop-ozone-csi-0.5.0-SNAPSHOT.jar:/home/user/.m2/repository/com/google/protobuf/protobuf-java-util/3.5.1/protobuf-java-util-3.5.1.jar:/home/user/.m2/repository/org/apache/hadoop/hadoop-hdds-config/0.5.0-SNAPSHOT/hadoop-hdds-config-0.5.0-SNAPSHOT.jar:/home/user/.m2/repository/io/grpc/grpc-netty/1.17.1/grpc-netty-1.17.1.jar:/home/user/.m2/repository/io/grpc/grpc-core/1.17.1/grpc-core-1.17.1.jar:/home/user/.m2/repository/io/grpc/grpc-context/1.17.1/grpc-context-1.17.1.jar:/home/user/.m2/repository/com/google/errorprone/error_prone_annotations/2.2.0/error_prone_annotations-2.2.0.jar:/home/user/.m2/repository/org/codehaus/mojo/animal-sniffer-annotations/1.17/animal-sniffer-annotations-1.17.jar:/home/user/.m2/repository/io/opencensus/opencensus-api/0.17.0/opencensus-api-0.17.0.jar:/home/user/.m2/repository/io/opencensus/opencensus-contrib-grpc-metrics/0.17.0/opencensus-contrib-grpc-metrics-0.17.0.jar:/home/user/.m2/repository/io/netty/netty-codec-http2/4.1.30.Final/netty-codec-http2-4.1.30.Final.jar:/home/user/.m2/repository/io/netty/netty-codec-http/4.1.30.Final/netty-codec-http-4.1.30.Final.jar:/home/user/.m2/repository/io/netty/netty-codec/4.1.30.Final/netty-codec-4.1.30.Final.jar:/home/user/.m2/repository/io/netty/netty-handler/4.1.30.Final/netty-handler-4.1.30.Final.jar:/home/user/.m2/repository/io/netty/netty-handler-proxy/4.1.30.Final/netty-handler-proxy-4.1.30.Final.jar:/home/user/.m2/repository/io/netty/netty-codec-socks/4.1.30.Final/netty-codec-socks-4.1.30.Final.jar:/home/user/.m2/repository/io/netty/netty-transport-native-epoll/4.1.30.Final/netty-transport-native-epoll-4.1.30.Final.jar:/home/user/.m2/repository/io/netty/netty-common/4.1.30.Final/netty-common-4.1.30.Final.jar:/home/user/.m2/repository/io/netty/netty-buffer/4.1.30.Final/netty-buffer-4.1.30.Final.jar:/home/user/.m2/repository/io/netty/netty-transport/4.1.30.Final/netty-transport-4.1.30.Final.jar:/home/user/.m2/repository/io/netty/netty-resolver/4.1.30.Final/netty-resolver-4.1.30.Final.jar:/home/user/.m2/repository/io/netty/netty-transport-native-unix-common/4.1.30.Final/netty-transport-native-unix-common-4.1.30.Final.jar:/home/user/.m2/repository/io/grpc/grpc-protobuf/1.17.1/grpc-protobuf-1.17.1.jar:/home/user/.m2/repository/com/google/api/grpc/proto-google-common-protos/1.0.0/proto-google-common-protos-1.0.0.jar:/home/user/.m2/repository/io/grpc/grpc-protobuf-lite/1.17.1/grpc-protobuf-lite-1.17.1.jar:/home/user/.m2/repository/io/grpc/grpc-stub/1.17.1/grpc-stub-1.17.1.jar:/home/user/.m2/repository/org/apache/hadoop/hadoop-ozone-recon/0.5.0-SNAPSHOT/hadoop-ozone-recon-0.5.0-SNAPSHOT.jar:/home/user/.m2/repository/org/apache/hadoop/hadoop-ozone-reconcodegen/0.5.0-SNAPSHOT/hadoop-ozone-reconcodegen-0.5.0-SNAPSHOT.jar:/home/user/.m2/repository/com/google/inject/extensions/guice-multibindings/4.0/guice-multibindings-4.0.jar:/home/user/.m2/repository/com/google/inject/guice/4.0/guice-4.0.jar:/home/user/.m2/repository/aopalliance/aopalliance/1.0/aopalliance-1.0.jar:/home/user/.m2/repository/com/google/inject/extensions/guice-servlet/4.0/guice-servlet-4.0.jar:/home/user/.m2/repository/org/glassfish/jersey/containers/jersey-container-servlet/2.27/jersey-container-servlet-2.27.jar:/home/user/.m2/repository/org/glassfish/hk2/guice-bridge/2.5.0/guice-bridge-2.5.0.jar:/home/user/.m2/repository/org/glassfish/jersey/core/jersey-server/2.27/jersey-server-2.27.jar:/home/user/.m2/repository/org/glassfish/jersey/core/jersey-client/2.27/jersey-client-2.27.jar:/home/user/.m2/repository/org/glassfish/jersey/media/jersey-media-jaxb/2.27/jersey-media-jaxb-2.27.jar:/home/user/.m2/repository/javax/validation/validation-api/1.1.0.Final/validation-api-1.1.0.Final.jar:/home/user/.m2/repository/org/glassfish/jersey/media/jersey-media-json-jackson/2.27/jersey-media-json-jackson-2.27.jar:/home/user/.m2/repository/org/glassfish/jersey/ext/jersey-entity-filtering/2.27/jersey-entity-filtering-2.27.jar:/home/user/.m2/repository/com/google/inject/extensions/guice-assistedinject/4.0/guice-assistedinject-4.0.jar:/home/user/.m2/repository/org/jooq/jooq/3.11.10/jooq-3.11.10.jar:/home/user/.m2/repository/org/jooq/jooq-meta/3.11.10/jooq-meta-3.11.10.jar:/home/user/.m2/repository/org/jooq/jooq-codegen/3.11.10/jooq-codegen-3.11.10.jar:/home/user/.m2/repository/com/jolbox/bonecp/0.8.0.RELEASE/bonecp-0.8.0.RELEASE.jar:/home/user/.m2/repository/org/xerial/sqlite-jdbc/3.25.2/sqlite-jdbc-3.25.2.jar:/home/user/.m2/repository/org/springframework/spring-jdbc/5.1.3.RELEASE/spring-jdbc-5.1.3.RELEASE.jar:/home/user/.m2/repository/org/springframework/spring-beans/5.1.3.RELEASE/spring-beans-5.1.3.RELEASE.jar:/home/user/.m2/repository/org/springframework/spring-core/5.1.3.RELEASE/spring-core-5.1.3.RELEASE.jar:/home/user/.m2/repository/org/springframework/spring-jcl/5.1.3.RELEASE/spring-jcl-5.1.3.RELEASE.jar:/home/user/.m2/repository/org/springframework/spring-tx/5.1.3.RELEASE/spring-tx-5.1.3.RELEASE.jar:/home/user/.m2/repository/org/apache/hadoop/hadoop-ozone-client/0.5.0-SNAPSHOT/hadoop-ozone-client-0.5.0-SNAPSHOT.jar:/home/user/.m2/repository/commons-lang/commons-lang/2.6/commons-lang-2.6.jar:/home/user/.m2/repository/org/apache/hadoop/hadoop-ozone-ozone-manager/0.5.0-SNAPSHOT/hadoop-ozone-ozone-manager-0.5.0-SNAPSHOT-tests.jar:/home/user/.m2/repository/junit/junit/4.11/junit-4.11.jar:/home/user/.m2/repository/org/hamcrest/hamcrest-core/1.3/hamcrest-core-1.3.jar:/home/user/.m2/repository/org/openjdk/jmh/jmh-core/1.19/jmh-core-1.19.jar:/home/user/.m2/repository/net/sf/jopt-simple/jopt-simple/4.6/jopt-simple-4.6.jar:/home/user/.m2/repository/org/apache/commons/commons-math3/3.1.1/commons-math3-3.1.1.jar:/home/user/.m2/repository/org/openjdk/jmh/jmh-generator-annprocess/1.19/jmh-generator-annprocess-1.19.jar:/home/user/.m2/repository/org/mockito/mockito-all/1.8.5/mockito-all-1.8.5.jar:/home/user/.m2/repository/org/apache/hadoop/hadoop-kms/3.2.0/hadoop-kms-3.2.0.jar:/home/user/.m2/repository/org/apache/hadoop/hadoop-auth/3.2.0/hadoop-auth-3.2.0.jar:/home/user/.m2/repository/com/nimbusds/nimbus-jose-jwt/4.41.1/nimbus-jose-jwt-4.41.1.jar:/home/user/.m2/repository/com/github/stephenc/jcip/jcip-annotations/1.0-1/jcip-annotations-1.0-1.jar:/home/user/.m2/repository/net/minidev/json-smart/2.3/json-smart-2.3.jar:/home/user/.m2/repository/net/minidev/accessors-smart/1.2/accessors-smart-1.2.jar:/home/user/.m2/repository/org/ow2/asm/asm/5.0.4/asm-5.0.4.jar:/home/user/.m2/repository/org/apache/curator/curator-framework/2.12.0/curator-framework-2.12.0.jar:/home/user/.m2/repository/com/sun/jersey/jersey-core/1.19/jersey-core-1.19.jar:/home/user/.m2/repository/javax/ws/rs/jsr311-api/1.1.1/jsr311-api-1.1.1.jar:/home/user/.m2/repository/com/sun/jersey/jersey-server/1.19/jersey-server-1.19.jar:/home/user/.m2/repository/javax/servlet/javax.servlet-api/3.1.0/javax.servlet-api-3.1.0.jar:/home/user/.m2/repository/org/eclipse/jetty/jetty-server/9.3.25.v20180904/jetty-server-9.3.25.v20180904.jar:/home/user/.m2/repository/org/eclipse/jetty/jetty-http/9.3.25.v20180904/jetty-http-9.3.25.v20180904.jar:/home/user/.m2/repository/org/eclipse/jetty/jetty-io/9.3.25.v20180904/jetty-io-9.3.25.v20180904.jar:/home/user/.m2/repository/org/eclipse/jetty/jetty-webapp/9.3.25.v20180904/jetty-webapp-9.3.25.v20180904.jar:/home/user/.m2/repository/org/eclipse/jetty/jetty-xml/9.3.25.v20180904/jetty-xml-9.3.25.v20180904.jar:/home/user/.m2/repository/log4j/log4j/1.2.17/log4j-1.2.17.jar:/home/user/.m2/repository/org/slf4j/slf4j-api/1.7.25/slf4j-api-1.7.25.jar:/home/user/.m2/repository/org/slf4j/jul-to-slf4j/1.7.25/jul-to-slf4j-1.7.25.jar:/home/user/.m2/repository/org/eclipse/jetty/jetty-util/9.3.25.v20180904/jetty-util-9.3.25.v20180904.jar:/home/user/.m2/repository/com/fasterxml/jackson/core/jackson-databind/2.9.9/jackson-databind-2.9.9.jar:/home/user/.m2/repository/org/apache/hadoop/hadoop-kms/3.2.0/hadoop-kms-3.2.0-tests.jar:/home/user/.m2/repository/org/apache/hadoop/hadoop-hdds-server-scm/0.5.0-SNAPSHOT/hadoop-hdds-server-scm-0.5.0-SNAPSHOT-tests.jar:/home/user/.m2/repository/org/apache/hadoop/hadoop-hdds-container-service/0.5.0-SNAPSHOT/hadoop-hdds-container-service-0.5.0-SNAPSHOT-tests.jar:/home/user/.m2/repository/org/yaml/snakeyaml/1.16/snakeyaml-1.16.jar:/home/user/.m2/repository/org/apache/hadoop/hadoop-common/3.2.0/hadoop-common-3.2.0-tests.jar:/home/user/.m2/repository/org/apache/hadoop/hadoop-annotations/3.2.0/hadoop-annotations-3.2.0.jar:/usr/lib/jvm/java-1.8-openjdk/jre/../lib/tools.jar:/home/user/.m2/repository/commons-cli/commons-cli/1.2/commons-cli-1.2.jar:/home/user/.m2/repository/org/apache/httpcomponents/httpclient/4.5.2/httpclient-4.5.2.jar:/home/user/.m2/repository/org/apache/httpcomponents/httpcore/4.4.4/httpcore-4.4.4.jar:/home/user/.m2/repository/commons-codec/commons-codec/1.11/commons-codec-1.11.jar:/home/user/.m2/repository/commons-net/commons-net/3.6/commons-net-3.6.jar:/home/user/.m2/repository/commons-collections/commons-collections/3.2.2/commons-collections-3.2.2.jar:/home/user/.m2/repository/org/eclipse/jetty/jetty-servlet/9.3.25.v20180904/jetty-servlet-9.3.25.v20180904.jar:/home/user/.m2/repository/org/eclipse/jetty/jetty-security/9.3.25.v20180904/jetty-security-9.3.25.v20180904.jar:/home/user/.m2/repository/javax/servlet/jsp/jsp-api/2.1/jsp-api-2.1.jar:/home/user/.m2/repository/com/sun/jersey/jersey-servlet/1.19/jersey-servlet-1.19.jar:/home/user/.m2/repository/com/sun/jersey/jersey-json/1.19/jersey-json-1.19.jar:/home/user/.m2/repository/org/codehaus/jettison/jettison/1.1/jettison-1.1.jar:/home/user/.m2/repository/org/codehaus/jackson/jackson-core-asl/1.9.13/jackson-core-asl-1.9.13.jar:/home/user/.m2/repository/org/codehaus/jackson/jackson-mapper-asl/1.9.13/jackson-mapper-asl-1.9.13.jar:/home/user/.m2/repository/org/codehaus/jackson/jackson-jaxrs/1.9.13/jackson-jaxrs-1.9.13.jar:/home/user/.m2/repository/org/codehaus/jackson/jackson-xc/1.9.13/jackson-xc-1.9.13.jar:/home/user/.m2/repository/commons-logging/commons-logging/1.1.3/commons-logging-1.1.3.jar:/home/user/.m2/repository/commons-beanutils/commons-beanutils/1.9.4/commons-beanutils-1.9.4.jar:/home/user/.m2/repository/org/apache/commons/commons-configuration2/2.1.1/commons-configuration2-2.1.1.jar:/home/user/.m2/repository/org/apache/commons/commons-lang3/3.7/commons-lang3-3.7.jar:/home/user/.m2/repository/org/apache/commons/commons-text/1.4/commons-text-1.4.jar:/home/user/.m2/repository/org/apache/avro/avro/1.7.7/avro-1.7.7.jar:/home/user/.m2/repository/com/thoughtworks/paranamer/paranamer/2.3/paranamer-2.3.jar:/home/user/.m2/repository/org/xerial/snappy/snappy-java/1.0.5/snappy-java-1.0.5.jar:/home/user/.m2/repository/com/google/re2j/re2j/1.1/re2j-1.1.jar:/home/user/.m2/repository/com/google/code/gson/gson/2.2.4/gson-2.2.4.jar:/home/user/.m2/repository/com/jcraft/jsch/0.1.54/jsch-0.1.54.jar:/home/user/.m2/repository/org/apache/curator/curator-client/2.12.0/curator-client-2.12.0.jar:/home/user/.m2/repository/org/apache/curator/curator-recipes/2.12.0/curator-recipes-2.12.0.jar:/home/user/.m2/repository/com/google/code/findbugs/jsr305/3.0.0/jsr305-3.0.0.jar:/home/user/.m2/repository/org/apache/htrace/htrace-core4/4.1.0-incubating/htrace-core4-4.1.0-incubating.jar:/home/user/.m2/repository/org/apache/zookeeper/zookeeper/3.4.13/zookeeper-3.4.13.jar:/home/user/.m2/repository/jline/jline/0.9.94/jline-0.9.94.jar:/home/user/.m2/repository/org/apache/yetus/audience-annotations/0.5.0/audience-annotations-0.5.0.jar:/home/user/.m2/repository/org/codehaus/woodstox/stax2-api/3.1.4/stax2-api-3.1.4.jar:/home/user/.m2/repository/com/fasterxml/woodstox/woodstox-core/5.0.3/woodstox-core-5.0.3.jar:/home/user/.m2/repository/dnsjava/dnsjava/2.1.7/dnsjava-2.1.7.jar:/home/user/.m2/repository/org/apache/hadoop/hadoop-hdfs/3.2.0/hadoop-hdfs-3.2.0-tests.jar:/home/user/.m2/repository/org/eclipse/jetty/jetty-util-ajax/9.3.25.v20180904/jetty-util-ajax-9.3.25.v20180904.jar:/home/user/.m2/repository/commons-daemon/commons-daemon/1.0.13/commons-daemon-1.0.13.jar:/home/user/.m2/repository/io/netty/netty/3.10.5.Final/netty-3.10.5.Final.jar:/home/user/.m2/repository/io/netty/netty-all/4.0.52.Final/netty-all-4.0.52.Final.jar:/home/user/.m2/repository/org/fusesource/leveldbjni/leveldbjni-all/1.8/leveldbjni-all-1.8.jar:"/>
    <property name="java.vm.vendor" value="IcedTea"/>
    <property name="sun.arch.data.model" value="64"/>
    <property name="test.build.dir" value="/workdir/hadoop-ozone/integration-test/target/test-dir"/>
    <property name="test.cache.data" value=""/>
    <property name="java.vendor.url" value="https://icedtea.classpath.org"/>
    <property name="user.timezone" value=""/>
    <property name="java.vm.specification.version" value="1.8"/>
    <property name="os.name" value="Linux"/>
    <property name="test.build.data" value="/workdir/hadoop-ozone/integration-test/target/test-dir"/>
    <property name="user.country" value="US"/>
    <property name="sun.java.launcher" value="SUN_STANDARD"/>
    <property name="sun.boot.library.path" value="/usr/lib/jvm/java-1.8-openjdk/jre/lib/amd64"/>
    <property name="sun.java.command" value="/workdir/hadoop-ozone/integration-test/target/surefire/surefirebooter7551523950805907466.jar /workdir/hadoop-ozone/integration-test/target/surefire 2019-10-02T11-15-52_964-jvmRun1 surefire1760482653082172779tmp surefire_202367962082419173034tmp"/>
    <property name="test" value="!TestMiniChaosOzoneCluster"/>
    <property name="surefire.test.class.path" value="/workdir/hadoop-ozone/integration-test/target/test-classes:/workdir/hadoop-ozone/integration-test/target/classes:/home/user/.m2/repository/org/apache/hadoop/hadoop-ozone-common/0.5.0-SNAPSHOT/hadoop-ozone-common-0.5.0-SNAPSHOT.jar:/home/user/.m2/repository/org/apache/commons/commons-compress/1.4.1/commons-compress-1.4.1.jar:/home/user/.m2/repository/org/tukaani/xz/1.0/xz-1.0.jar:/home/user/.m2/repository/org/apache/hadoop/hadoop-common/3.2.0/hadoop-common-3.2.0.jar:/home/user/.m2/repository/org/apache/hadoop/hadoop-hdfs/3.2.0/hadoop-hdfs-3.2.0.jar:/home/user/.m2/repository/org/apache/hadoop/hadoop-hdfs-client/3.2.0/hadoop-hdfs-client-3.2.0.jar:/home/user/.m2/repository/com/fasterxml/jackson/core/jackson-annotations/2.9.9/jackson-annotations-2.9.9.jar:/home/user/.m2/repository/org/apache/hadoop/hadoop-hdds-common/0.5.0-SNAPSHOT/hadoop-hdds-common-0.5.0-SNAPSHOT.jar:/home/user/.m2/repository/javax/annotation/javax.annotation-api/1.2/javax.annotation-api-1.2.jar:/home/user/.m2/repository/org/apache/ratis/ratis-server/0.5.0-201fc85-SNAPSHOT/ratis-server-0.5.0-201fc85-SNAPSHOT.jar:/home/user/.m2/repository/org/apache/ratis/ratis-thirdparty-misc/0.2.0/ratis-thirdparty-misc-0.2.0.jar:/home/user/.m2/repository/org/apache/ratis/ratis-proto/0.5.0-201fc85-SNAPSHOT/ratis-proto-0.5.0-201fc85-SNAPSHOT.jar:/home/user/.m2/repository/org/apache/ratis/ratis-common/0.5.0-201fc85-SNAPSHOT/ratis-common-0.5.0-201fc85-SNAPSHOT.jar:/home/user/.m2/repository/org/apache/ratis/ratis-client/0.5.0-201fc85-SNAPSHOT/ratis-client-0.5.0-201fc85-SNAPSHOT.jar:/home/user/.m2/repository/org/apache/ratis/ratis-metrics/0.5.0-201fc85-SNAPSHOT/ratis-metrics-0.5.0-201fc85-SNAPSHOT.jar:/home/user/.m2/repository/com/github/joshelser/dropwizard-metrics-hadoop-metrics2-reporter/0.1.2/dropwizard-metrics-hadoop-metrics2-reporter-0.1.2.jar:/home/user/.m2/repository/io/dropwizard/metrics/metrics-jvm/3.2.5/metrics-jvm-3.2.5.jar:/home/user/.m2/repository/io/dropwizard/metrics/metrics-ganglia/3.2.5/metrics-ganglia-3.2.5.jar:/home/user/.m2/repository/info/ganglia/gmetric4j/gmetric4j/1.0.7/gmetric4j-1.0.7.jar:/home/user/.m2/repository/org/apache/ratis/ratis-netty/0.5.0-201fc85-SNAPSHOT/ratis-netty-0.5.0-201fc85-SNAPSHOT.jar:/home/user/.m2/repository/org/apache/ratis/ratis-grpc/0.5.0-201fc85-SNAPSHOT/ratis-grpc-0.5.0-201fc85-SNAPSHOT.jar:/home/user/.m2/repository/org/rocksdb/rocksdbjni/6.0.1/rocksdbjni-6.0.1.jar:/home/user/.m2/repository/org/apache/logging/log4j/log4j-api/2.11.0/log4j-api-2.11.0.jar:/home/user/.m2/repository/org/apache/logging/log4j/log4j-core/2.11.0/log4j-core-2.11.0.jar:/home/user/.m2/repository/com/lmax/disruptor/3.4.2/disruptor-3.4.2.jar:/home/user/.m2/repository/org/apache/commons/commons-pool2/2.6.0/commons-pool2-2.6.0.jar:/home/user/.m2/repository/org/bouncycastle/bcpkix-jdk15on/1.60/bcpkix-jdk15on-1.60.jar:/home/user/.m2/repository/commons-validator/commons-validator/1.6/commons-validator-1.6.jar:/home/user/.m2/repository/commons-digester/commons-digester/1.8.1/commons-digester-1.8.1.jar:/home/user/.m2/repository/io/jaegertracing/jaeger-client/0.34.0/jaeger-client-0.34.0.jar:/home/user/.m2/repository/io/jaegertracing/jaeger-thrift/0.34.0/jaeger-thrift-0.34.0.jar:/home/user/.m2/repository/org/apache/thrift/libthrift/0.12.0/libthrift-0.12.0.jar:/home/user/.m2/repository/com/squareup/okhttp3/okhttp/3.9.0/okhttp-3.9.0.jar:/home/user/.m2/repository/com/squareup/okio/okio/1.13.0/okio-1.13.0.jar:/home/user/.m2/repository/io/jaegertracing/jaeger-core/0.34.0/jaeger-core-0.34.0.jar:/home/user/.m2/repository/io/jaegertracing/jaeger-tracerresolver/0.34.0/jaeger-tracerresolver-0.34.0.jar:/home/user/.m2/repository/io/opentracing/contrib/opentracing-tracerresolver/0.1.5/opentracing-tracerresolver-0.1.5.jar:/home/user/.m2/repository/io/opentracing/opentracing-util/0.31.0/opentracing-util-0.31.0.jar:/home/user/.m2/repository/io/opentracing/opentracing-api/0.31.0/opentracing-api-0.31.0.jar:/home/user/.m2/repository/io/opentracing/opentracing-noop/0.31.0/opentracing-noop-0.31.0.jar:/home/user/.m2/repository/org/apache/hadoop/hadoop-hdds-server-framework/0.5.0-SNAPSHOT/hadoop-hdds-server-framework-0.5.0-SNAPSHOT.jar:/home/user/.m2/repository/org/apache/hadoop/hadoop-hdds-container-service/0.5.0-SNAPSHOT/hadoop-hdds-container-service-0.5.0-SNAPSHOT.jar:/home/user/.m2/repository/org/apache/hadoop/hadoop-hdds-client/0.5.0-SNAPSHOT/hadoop-hdds-client-0.5.0-SNAPSHOT.jar:/home/user/.m2/repository/org/apache/hadoop/hadoop-hdds-tools/0.5.0-SNAPSHOT/hadoop-hdds-tools-0.5.0-SNAPSHOT.jar:/home/user/.m2/repository/org/apache/hadoop/hadoop-hdds-server-scm/0.5.0-SNAPSHOT/hadoop-hdds-server-scm-0.5.0-SNAPSHOT.jar:/home/user/.m2/repository/org/apache/hadoop/hadoop-hdds-docs/0.5.0-SNAPSHOT/hadoop-hdds-docs-0.5.0-SNAPSHOT.jar:/home/user/.m2/repository/io/dropwizard/metrics/metrics-core/3.2.4/metrics-core-3.2.4.jar:/home/user/.m2/repository/org/hamcrest/hamcrest-all/1.3/hamcrest-all-1.3.jar:/home/user/.m2/repository/org/bouncycastle/bcprov-jdk15on/1.60/bcprov-jdk15on-1.60.jar:/home/user/.m2/repository/info/picocli/picocli/3.9.6/picocli-3.9.6.jar:/home/user/.m2/repository/com/google/protobuf/protobuf-java/2.5.0/protobuf-java-2.5.0.jar:/home/user/.m2/repository/com/google/guava/guava/11.0.2/guava-11.0.2.jar:/home/user/.m2/repository/org/apache/hadoop/hadoop-ozone-ozone-manager/0.5.0-SNAPSHOT/hadoop-ozone-ozone-manager-0.5.0-SNAPSHOT.jar:/home/user/.m2/repository/org/apache/hadoop/hadoop-minikdc/3.2.0/hadoop-minikdc-3.2.0.jar:/home/user/.m2/repository/commons-io/commons-io/2.5/commons-io-2.5.jar:/home/user/.m2/repository/org/apache/kerby/kerb-simplekdc/1.0.1/kerb-simplekdc-1.0.1.jar:/home/user/.m2/repository/org/apache/kerby/kerb-client/1.0.1/kerb-client-1.0.1.jar:/home/user/.m2/repository/org/apache/kerby/kerby-config/1.0.1/kerby-config-1.0.1.jar:/home/user/.m2/repository/org/apache/kerby/kerb-core/1.0.1/kerb-core-1.0.1.jar:/home/user/.m2/repository/org/apache/kerby/kerby-pkix/1.0.1/kerby-pkix-1.0.1.jar:/home/user/.m2/repository/org/apache/kerby/kerby-asn1/1.0.1/kerby-asn1-1.0.1.jar:/home/user/.m2/repository/org/apache/kerby/kerby-util/1.0.1/kerby-util-1.0.1.jar:/home/user/.m2/repository/org/apache/kerby/kerb-common/1.0.1/kerb-common-1.0.1.jar:/home/user/.m2/repository/org/apache/kerby/kerb-crypto/1.0.1/kerb-crypto-1.0.1.jar:/home/user/.m2/repository/org/apache/kerby/kerb-util/1.0.1/kerb-util-1.0.1.jar:/home/user/.m2/repository/org/apache/kerby/token-provider/1.0.1/token-provider-1.0.1.jar:/home/user/.m2/repository/org/apache/kerby/kerb-admin/1.0.1/kerb-admin-1.0.1.jar:/home/user/.m2/repository/org/apache/kerby/kerb-server/1.0.1/kerb-server-1.0.1.jar:/home/user/.m2/repository/org/apache/kerby/kerb-identity/1.0.1/kerb-identity-1.0.1.jar:/home/user/.m2/repository/org/apache/kerby/kerby-xdr/1.0.1/kerby-xdr-1.0.1.jar:/home/user/.m2/repository/org/slf4j/slf4j-log4j12/1.7.25/slf4j-log4j12-1.7.25.jar:/home/user/.m2/repository/org/apache/hadoop/hadoop-ozone-s3gateway/0.5.0-SNAPSHOT/hadoop-ozone-s3gateway-0.5.0-SNAPSHOT.jar:/home/user/.m2/repository/org/jboss/weld/servlet/weld-servlet/2.4.7.Final/weld-servlet-2.4.7.Final.jar:/home/user/.m2/repository/org/glassfish/jersey/containers/jersey-container-servlet-core/2.27/jersey-container-servlet-core-2.27.jar:/home/user/.m2/repository/org/glassfish/hk2/external/javax.inject/2.5.0-b42/javax.inject-2.5.0-b42.jar:/home/user/.m2/repository/org/glassfish/jersey/core/jersey-common/2.27/jersey-common-2.27.jar:/home/user/.m2/repository/org/glassfish/hk2/osgi-resource-locator/1.0.1/osgi-resource-locator-1.0.1.jar:/home/user/.m2/repository/javax/ws/rs/javax.ws.rs-api/2.1/javax.ws.rs-api-2.1.jar:/home/user/.m2/repository/org/glassfish/jersey/ext/cdi/jersey-cdi1x/2.27/jersey-cdi1x-2.27.jar:/home/user/.m2/repository/org/glassfish/jersey/inject/jersey-hk2/2.27/jersey-hk2-2.27.jar:/home/user/.m2/repository/org/glassfish/hk2/hk2-locator/2.5.0-b42/hk2-locator-2.5.0-b42.jar:/home/user/.m2/repository/org/javassist/javassist/3.22.0-CR2/javassist-3.22.0-CR2.jar:/home/user/.m2/repository/org/glassfish/hk2/hk2-api/2.5.0/hk2-api-2.5.0.jar:/home/user/.m2/repository/org/glassfish/hk2/external/jakarta.inject/2.5.0/jakarta.inject-2.5.0.jar:/home/user/.m2/repository/org/glassfish/hk2/hk2-utils/2.5.0/hk2-utils-2.5.0.jar:/home/user/.m2/repository/jakarta/annotation/jakarta.annotation-api/1.3.4/jakarta.annotation-api-1.3.4.jar:/home/user/.m2/repository/org/glassfish/hk2/external/aopalliance-repackaged/2.5.0/aopalliance-repackaged-2.5.0.jar:/home/user/.m2/repository/com/fasterxml/jackson/dataformat/jackson-dataformat-xml/2.9.0/jackson-dataformat-xml-2.9.0.jar:/home/user/.m2/repository/com/fasterxml/jackson/core/jackson-core/2.9.9/jackson-core-2.9.9.jar:/home/user/.m2/repository/com/fasterxml/jackson/module/jackson-module-jaxb-annotations/2.9.9/jackson-module-jaxb-annotations-2.9.9.jar:/home/user/.m2/repository/javax/enterprise/cdi-api/1.2/cdi-api-1.2.jar:/home/user/.m2/repository/javax/el/javax.el-api/3.0.0/javax.el-api-3.0.0.jar:/home/user/.m2/repository/javax/interceptor/javax.interceptor-api/1.2/javax.interceptor-api-1.2.jar:/home/user/.m2/repository/javax/inject/javax.inject/1/javax.inject-1.jar:/home/user/.m2/repository/com/sun/xml/bind/jaxb-impl/2.3.0.1/jaxb-impl-2.3.0.1.jar:/home/user/.m2/repository/com/sun/xml/bind/jaxb-core/2.3.0.1/jaxb-core-2.3.0.1.jar:/home/user/.m2/repository/javax/xml/bind/jaxb-api/2.3.0/jaxb-api-2.3.0.jar:/home/user/.m2/repository/javax/activation/activation/1.1.1/activation-1.1.1.jar:/home/user/.m2/repository/org/apache/hadoop/hadoop-ozone-csi/0.5.0-SNAPSHOT/hadoop-ozone-csi-0.5.0-SNAPSHOT.jar:/home/user/.m2/repository/com/google/protobuf/protobuf-java-util/3.5.1/protobuf-java-util-3.5.1.jar:/home/user/.m2/repository/org/apache/hadoop/hadoop-hdds-config/0.5.0-SNAPSHOT/hadoop-hdds-config-0.5.0-SNAPSHOT.jar:/home/user/.m2/repository/io/grpc/grpc-netty/1.17.1/grpc-netty-1.17.1.jar:/home/user/.m2/repository/io/grpc/grpc-core/1.17.1/grpc-core-1.17.1.jar:/home/user/.m2/repository/io/grpc/grpc-context/1.17.1/grpc-context-1.17.1.jar:/home/user/.m2/repository/com/google/errorprone/error_prone_annotations/2.2.0/error_prone_annotations-2.2.0.jar:/home/user/.m2/repository/org/codehaus/mojo/animal-sniffer-annotations/1.17/animal-sniffer-annotations-1.17.jar:/home/user/.m2/repository/io/opencensus/opencensus-api/0.17.0/opencensus-api-0.17.0.jar:/home/user/.m2/repository/io/opencensus/opencensus-contrib-grpc-metrics/0.17.0/opencensus-contrib-grpc-metrics-0.17.0.jar:/home/user/.m2/repository/io/netty/netty-codec-http2/4.1.30.Final/netty-codec-http2-4.1.30.Final.jar:/home/user/.m2/repository/io/netty/netty-codec-http/4.1.30.Final/netty-codec-http-4.1.30.Final.jar:/home/user/.m2/repository/io/netty/netty-codec/4.1.30.Final/netty-codec-4.1.30.Final.jar:/home/user/.m2/repository/io/netty/netty-handler/4.1.30.Final/netty-handler-4.1.30.Final.jar:/home/user/.m2/repository/io/netty/netty-handler-proxy/4.1.30.Final/netty-handler-proxy-4.1.30.Final.jar:/home/user/.m2/repository/io/netty/netty-codec-socks/4.1.30.Final/netty-codec-socks-4.1.30.Final.jar:/home/user/.m2/repository/io/netty/netty-transport-native-epoll/4.1.30.Final/netty-transport-native-epoll-4.1.30.Final.jar:/home/user/.m2/repository/io/netty/netty-common/4.1.30.Final/netty-common-4.1.30.Final.jar:/home/user/.m2/repository/io/netty/netty-buffer/4.1.30.Final/netty-buffer-4.1.30.Final.jar:/home/user/.m2/repository/io/netty/netty-transport/4.1.30.Final/netty-transport-4.1.30.Final.jar:/home/user/.m2/repository/io/netty/netty-resolver/4.1.30.Final/netty-resolver-4.1.30.Final.jar:/home/user/.m2/repository/io/netty/netty-transport-native-unix-common/4.1.30.Final/netty-transport-native-unix-common-4.1.30.Final.jar:/home/user/.m2/repository/io/grpc/grpc-protobuf/1.17.1/grpc-protobuf-1.17.1.jar:/home/user/.m2/repository/com/google/api/grpc/proto-google-common-protos/1.0.0/proto-google-common-protos-1.0.0.jar:/home/user/.m2/repository/io/grpc/grpc-protobuf-lite/1.17.1/grpc-protobuf-lite-1.17.1.jar:/home/user/.m2/repository/io/grpc/grpc-stub/1.17.1/grpc-stub-1.17.1.jar:/home/user/.m2/repository/org/apache/hadoop/hadoop-ozone-recon/0.5.0-SNAPSHOT/hadoop-ozone-recon-0.5.0-SNAPSHOT.jar:/home/user/.m2/repository/org/apache/hadoop/hadoop-ozone-reconcodegen/0.5.0-SNAPSHOT/hadoop-ozone-reconcodegen-0.5.0-SNAPSHOT.jar:/home/user/.m2/repository/com/google/inject/extensions/guice-multibindings/4.0/guice-multibindings-4.0.jar:/home/user/.m2/repository/com/google/inject/guice/4.0/guice-4.0.jar:/home/user/.m2/repository/aopalliance/aopalliance/1.0/aopalliance-1.0.jar:/home/user/.m2/repository/com/google/inject/extensions/guice-servlet/4.0/guice-servlet-4.0.jar:/home/user/.m2/repository/org/glassfish/jersey/containers/jersey-container-servlet/2.27/jersey-container-servlet-2.27.jar:/home/user/.m2/repository/org/glassfish/hk2/guice-bridge/2.5.0/guice-bridge-2.5.0.jar:/home/user/.m2/repository/org/glassfish/jersey/core/jersey-server/2.27/jersey-server-2.27.jar:/home/user/.m2/repository/org/glassfish/jersey/core/jersey-client/2.27/jersey-client-2.27.jar:/home/user/.m2/repository/org/glassfish/jersey/media/jersey-media-jaxb/2.27/jersey-media-jaxb-2.27.jar:/home/user/.m2/repository/javax/validation/validation-api/1.1.0.Final/validation-api-1.1.0.Final.jar:/home/user/.m2/repository/org/glassfish/jersey/media/jersey-media-json-jackson/2.27/jersey-media-json-jackson-2.27.jar:/home/user/.m2/repository/org/glassfish/jersey/ext/jersey-entity-filtering/2.27/jersey-entity-filtering-2.27.jar:/home/user/.m2/repository/com/google/inject/extensions/guice-assistedinject/4.0/guice-assistedinject-4.0.jar:/home/user/.m2/repository/org/jooq/jooq/3.11.10/jooq-3.11.10.jar:/home/user/.m2/repository/org/jooq/jooq-meta/3.11.10/jooq-meta-3.11.10.jar:/home/user/.m2/repository/org/jooq/jooq-codegen/3.11.10/jooq-codegen-3.11.10.jar:/home/user/.m2/repository/com/jolbox/bonecp/0.8.0.RELEASE/bonecp-0.8.0.RELEASE.jar:/home/user/.m2/repository/org/xerial/sqlite-jdbc/3.25.2/sqlite-jdbc-3.25.2.jar:/home/user/.m2/repository/org/springframework/spring-jdbc/5.1.3.RELEASE/spring-jdbc-5.1.3.RELEASE.jar:/home/user/.m2/repository/org/springframework/spring-beans/5.1.3.RELEASE/spring-beans-5.1.3.RELEASE.jar:/home/user/.m2/repository/org/springframework/spring-core/5.1.3.RELEASE/spring-core-5.1.3.RELEASE.jar:/home/user/.m2/repository/org/springframework/spring-jcl/5.1.3.RELEASE/spring-jcl-5.1.3.RELEASE.jar:/home/user/.m2/repository/org/springframework/spring-tx/5.1.3.RELEASE/spring-tx-5.1.3.RELEASE.jar:/home/user/.m2/repository/org/apache/hadoop/hadoop-ozone-client/0.5.0-SNAPSHOT/hadoop-ozone-client-0.5.0-SNAPSHOT.jar:/home/user/.m2/repository/commons-lang/commons-lang/2.6/commons-lang-2.6.jar:/home/user/.m2/repository/org/apache/hadoop/hadoop-ozone-ozone-manager/0.5.0-SNAPSHOT/hadoop-ozone-ozone-manager-0.5.0-SNAPSHOT-tests.jar:/home/user/.m2/repository/junit/junit/4.11/junit-4.11.jar:/home/user/.m2/repository/org/hamcrest/hamcrest-core/1.3/hamcrest-core-1.3.jar:/home/user/.m2/repository/org/openjdk/jmh/jmh-core/1.19/jmh-core-1.19.jar:/home/user/.m2/repository/net/sf/jopt-simple/jopt-simple/4.6/jopt-simple-4.6.jar:/home/user/.m2/repository/org/apache/commons/commons-math3/3.1.1/commons-math3-3.1.1.jar:/home/user/.m2/repository/org/openjdk/jmh/jmh-generator-annprocess/1.19/jmh-generator-annprocess-1.19.jar:/home/user/.m2/repository/org/mockito/mockito-all/1.8.5/mockito-all-1.8.5.jar:/home/user/.m2/repository/org/apache/hadoop/hadoop-kms/3.2.0/hadoop-kms-3.2.0.jar:/home/user/.m2/repository/org/apache/hadoop/hadoop-auth/3.2.0/hadoop-auth-3.2.0.jar:/home/user/.m2/repository/com/nimbusds/nimbus-jose-jwt/4.41.1/nimbus-jose-jwt-4.41.1.jar:/home/user/.m2/repository/com/github/stephenc/jcip/jcip-annotations/1.0-1/jcip-annotations-1.0-1.jar:/home/user/.m2/repository/net/minidev/json-smart/2.3/json-smart-2.3.jar:/home/user/.m2/repository/net/minidev/accessors-smart/1.2/accessors-smart-1.2.jar:/home/user/.m2/repository/org/ow2/asm/asm/5.0.4/asm-5.0.4.jar:/home/user/.m2/repository/org/apache/curator/curator-framework/2.12.0/curator-framework-2.12.0.jar:/home/user/.m2/repository/com/sun/jersey/jersey-core/1.19/jersey-core-1.19.jar:/home/user/.m2/repository/javax/ws/rs/jsr311-api/1.1.1/jsr311-api-1.1.1.jar:/home/user/.m2/repository/com/sun/jersey/jersey-server/1.19/jersey-server-1.19.jar:/home/user/.m2/repository/javax/servlet/javax.servlet-api/3.1.0/javax.servlet-api-3.1.0.jar:/home/user/.m2/repository/org/eclipse/jetty/jetty-server/9.3.25.v20180904/jetty-server-9.3.25.v20180904.jar:/home/user/.m2/repository/org/eclipse/jetty/jetty-http/9.3.25.v20180904/jetty-http-9.3.25.v20180904.jar:/home/user/.m2/repository/org/eclipse/jetty/jetty-io/9.3.25.v20180904/jetty-io-9.3.25.v20180904.jar:/home/user/.m2/repository/org/eclipse/jetty/jetty-webapp/9.3.25.v20180904/jetty-webapp-9.3.25.v20180904.jar:/home/user/.m2/repository/org/eclipse/jetty/jetty-xml/9.3.25.v20180904/jetty-xml-9.3.25.v20180904.jar:/home/user/.m2/repository/log4j/log4j/1.2.17/log4j-1.2.17.jar:/home/user/.m2/repository/org/slf4j/slf4j-api/1.7.25/slf4j-api-1.7.25.jar:/home/user/.m2/repository/org/slf4j/jul-to-slf4j/1.7.25/jul-to-slf4j-1.7.25.jar:/home/user/.m2/repository/org/eclipse/jetty/jetty-util/9.3.25.v20180904/jetty-util-9.3.25.v20180904.jar:/home/user/.m2/repository/com/fasterxml/jackson/core/jackson-databind/2.9.9/jackson-databind-2.9.9.jar:/home/user/.m2/repository/org/apache/hadoop/hadoop-kms/3.2.0/hadoop-kms-3.2.0-tests.jar:/home/user/.m2/repository/org/apache/hadoop/hadoop-hdds-server-scm/0.5.0-SNAPSHOT/hadoop-hdds-server-scm-0.5.0-SNAPSHOT-tests.jar:/home/user/.m2/repository/org/apache/hadoop/hadoop-hdds-container-service/0.5.0-SNAPSHOT/hadoop-hdds-container-service-0.5.0-SNAPSHOT-tests.jar:/home/user/.m2/repository/org/yaml/snakeyaml/1.16/snakeyaml-1.16.jar:/home/user/.m2/repository/org/apache/hadoop/hadoop-common/3.2.0/hadoop-common-3.2.0-tests.jar:/home/user/.m2/repository/org/apache/hadoop/hadoop-annotations/3.2.0/hadoop-annotations-3.2.0.jar:/usr/lib/jvm/java-1.8-openjdk/jre/../lib/tools.jar:/home/user/.m2/repository/commons-cli/commons-cli/1.2/commons-cli-1.2.jar:/home/user/.m2/repository/org/apache/httpcomponents/httpclient/4.5.2/httpclient-4.5.2.jar:/home/user/.m2/repository/org/apache/httpcomponents/httpcore/4.4.4/httpcore-4.4.4.jar:/home/user/.m2/repository/commons-codec/commons-codec/1.11/commons-codec-1.11.jar:/home/user/.m2/repository/commons-net/commons-net/3.6/commons-net-3.6.jar:/home/user/.m2/repository/commons-collections/commons-collections/3.2.2/commons-collections-3.2.2.jar:/home/user/.m2/repository/org/eclipse/jetty/jetty-servlet/9.3.25.v20180904/jetty-servlet-9.3.25.v20180904.jar:/home/user/.m2/repository/org/eclipse/jetty/jetty-security/9.3.25.v20180904/jetty-security-9.3.25.v20180904.jar:/home/user/.m2/repository/javax/servlet/jsp/jsp-api/2.1/jsp-api-2.1.jar:/home/user/.m2/repository/com/sun/jersey/jersey-servlet/1.19/jersey-servlet-1.19.jar:/home/user/.m2/repository/com/sun/jersey/jersey-json/1.19/jersey-json-1.19.jar:/home/user/.m2/repository/org/codehaus/jettison/jettison/1.1/jettison-1.1.jar:/home/user/.m2/repository/org/codehaus/jackson/jackson-core-asl/1.9.13/jackson-core-asl-1.9.13.jar:/home/user/.m2/repository/org/codehaus/jackson/jackson-mapper-asl/1.9.13/jackson-mapper-asl-1.9.13.jar:/home/user/.m2/repository/org/codehaus/jackson/jackson-jaxrs/1.9.13/jackson-jaxrs-1.9.13.jar:/home/user/.m2/repository/org/codehaus/jackson/jackson-xc/1.9.13/jackson-xc-1.9.13.jar:/home/user/.m2/repository/commons-logging/commons-logging/1.1.3/commons-logging-1.1.3.jar:/home/user/.m2/repository/commons-beanutils/commons-beanutils/1.9.4/commons-beanutils-1.9.4.jar:/home/user/.m2/repository/org/apache/commons/commons-configuration2/2.1.1/commons-configuration2-2.1.1.jar:/home/user/.m2/repository/org/apache/commons/commons-lang3/3.7/commons-lang3-3.7.jar:/home/user/.m2/repository/org/apache/commons/commons-text/1.4/commons-text-1.4.jar:/home/user/.m2/repository/org/apache/avro/avro/1.7.7/avro-1.7.7.jar:/home/user/.m2/repository/com/thoughtworks/paranamer/paranamer/2.3/paranamer-2.3.jar:/home/user/.m2/repository/org/xerial/snappy/snappy-java/1.0.5/snappy-java-1.0.5.jar:/home/user/.m2/repository/com/google/re2j/re2j/1.1/re2j-1.1.jar:/home/user/.m2/repository/com/google/code/gson/gson/2.2.4/gson-2.2.4.jar:/home/user/.m2/repository/com/jcraft/jsch/0.1.54/jsch-0.1.54.jar:/home/user/.m2/repository/org/apache/curator/curator-client/2.12.0/curator-client-2.12.0.jar:/home/user/.m2/repository/org/apache/curator/curator-recipes/2.12.0/curator-recipes-2.12.0.jar:/home/user/.m2/repository/com/google/code/findbugs/jsr305/3.0.0/jsr305-3.0.0.jar:/home/user/.m2/repository/org/apache/htrace/htrace-core4/4.1.0-incubating/htrace-core4-4.1.0-incubating.jar:/home/user/.m2/repository/org/apache/zookeeper/zookeeper/3.4.13/zookeeper-3.4.13.jar:/home/user/.m2/repository/jline/jline/0.9.94/jline-0.9.94.jar:/home/user/.m2/repository/org/apache/yetus/audience-annotations/0.5.0/audience-annotations-0.5.0.jar:/home/user/.m2/repository/org/codehaus/woodstox/stax2-api/3.1.4/stax2-api-3.1.4.jar:/home/user/.m2/repository/com/fasterxml/woodstox/woodstox-core/5.0.3/woodstox-core-5.0.3.jar:/home/user/.m2/repository/dnsjava/dnsjava/2.1.7/dnsjava-2.1.7.jar:/home/user/.m2/repository/org/apache/hadoop/hadoop-hdfs/3.2.0/hadoop-hdfs-3.2.0-tests.jar:/home/user/.m2/repository/org/eclipse/jetty/jetty-util-ajax/9.3.25.v20180904/jetty-util-ajax-9.3.25.v20180904.jar:/home/user/.m2/repository/commons-daemon/commons-daemon/1.0.13/commons-daemon-1.0.13.jar:/home/user/.m2/repository/io/netty/netty/3.10.5.Final/netty-3.10.5.Final.jar:/home/user/.m2/repository/io/netty/netty-all/4.0.52.Final/netty-all-4.0.52.Final.jar:/home/user/.m2/repository/org/fusesource/leveldbjni/leveldbjni-all/1.8/leveldbjni-all-1.8.jar:"/>
    <property name="sun.cpu.endian" value="little"/>
    <property name="user.home" value="/home/user"/>
    <property name="user.language" value="en"/>
    <property name="java.specification.vendor" value="Oracle Corporation"/>
    <property name="java.home" value="/usr/lib/jvm/java-1.8-openjdk/jre"/>
    <property name="java.security.krb5.conf" value="/workdir/hadoop-ozone/integration-test/target/test-classes/krb5.conf"/>
    <property name="basedir" value="/workdir/hadoop-ozone/integration-test"/>
    <property name="file.separator" value="/"/>
    <property name="line.separator" value="&#10;"/>
    <property name="java.vm.specification.vendor" value="Oracle Corporation"/>
    <property name="java.specification.name" value="Java Platform API Specification"/>
    <property name="java.awt.graphicsenv" value="sun.awt.X11GraphicsEnvironment"/>
    <property name="surefire.real.class.path" value="/workdir/hadoop-ozone/integration-test/target/surefire/surefirebooter7551523950805907466.jar"/>
    <property name="hadoop.log.dir" value="/workdir/hadoop-ozone/integration-test/target/log"/>
    <property name="sun.boot.class.path" value="/usr/lib/jvm/java-1.8-openjdk/jre/lib/resources.jar:/usr/lib/jvm/java-1.8-openjdk/jre/lib/rt.jar:/usr/lib/jvm/java-1.8-openjdk/jre/lib/sunrsasign.jar:/usr/lib/jvm/java-1.8-openjdk/jre/lib/jsse.jar:/usr/lib/jvm/java-1.8-openjdk/jre/lib/jce.jar:/usr/lib/jvm/java-1.8-openjdk/jre/lib/charsets.jar:/usr/lib/jvm/java-1.8-openjdk/jre/lib/jfr.jar:/usr/lib/jvm/java-1.8-openjdk/jre/classes"/>
    <property name="sun.management.compiler" value="HotSpot 64-Bit Tiered Compilers"/>
    <property name="java.runtime.version" value="1.8.0_212-b04"/>
    <property name="java.net.preferIPv4Stack" value="true"/>
    <property name="user.name" value="jenkins1000"/>
    <property name="path.separator" value=":"/>
    <property name="java.security.egd" value="file:///dev/urandom"/>
    <property name="os.version" value="3.10.0-957.12.2.el7.x86_64"/>
    <property name="java.endorsed.dirs" value="/usr/lib/jvm/java-1.8-openjdk/jre/lib/endorsed"/>
    <property name="java.runtime.name" value="OpenJDK Runtime Environment"/>
    <property name="file.encoding" value="UTF-8"/>
    <property name="java.vm.name" value="OpenJDK 64-Bit Server VM"/>
    <property name="test.build.webapps" value=""/>
    <property name="localRepository" value="/home/user/.m2/repository"/>
    <property name="java.vendor.url.bug" value="https://icedtea.classpath.org/bugzilla"/>
    <property name="java.io.tmpdir" value="/tmp"/>
    <property name="require.test.libhadoop" value=""/>
    <property name="java.version" value="1.8.0_212"/>
    <property name="user.dir" value="/workdir/hadoop-ozone/integration-test"/>
    <property name="os.arch" value="amd64"/>
    <property name="java.vm.specification.name" value="Java Virtual Machine Specification"/>
    <property name="test.build.classes" value="/workdir/hadoop-ozone/integration-test/target/test-classes"/>
    <property name="java.awt.printerjob" value="sun.print.PSPrinterJob"/>
    <property name="sun.os.patch.level" value="unknown"/>
    <property name="hadoop.tmp.dir" value="/workdir/hadoop-ozone/integration-test/target/tmp"/>
    <property name="java.library.path" value="/usr/lib/jvm/java-1.8-openjdk/jre/lib/amd64/server:/usr/lib/jvm/java-1.8-openjdk/jre/lib/amd64:/usr/lib/jvm/java-1.8-openjdk/jre/../lib/amd64:/workdir/hadoop-ozone/integration-test/target/native/target/usr/local/lib:/workdir/hadoop-ozone/integration-test/../../hadoop-common-project/hadoop-common/target/native/target/usr/local/lib:/usr/java/packages/lib/amd64:/usr/lib64:/lib64:/lib:/usr/lib"/>
    <property name="java.vm.info" value="mixed mode"/>
    <property name="java.vendor" value="IcedTea"/>
    <property name="java.vm.version" value="25.212-b04"/>
    <property name="java.ext.dirs" value="/usr/lib/jvm/java-1.8-openjdk/jre/lib/ext:/usr/java/packages/lib/ext"/>
    <property name="sun.io.unicode.encoding" value="UnicodeLittle"/>
    <property name="java.class.version" value="52.0"/>
  </properties>
  <testcase name="testWatchForCommitWithKeyWrite" classname="org.apache.hadoop.ozone.client.rpc.TestWatchForCommit" time="58.157"/>
  <testcase name="testWatchForCommitWithSmallerTimeoutValue" classname="org.apache.hadoop.ozone.client.rpc.TestWatchForCommit" time="49.199"/>
  <testcase name="testWatchForCommitForRetryfailure" classname="org.apache.hadoop.ozone.client.rpc.TestWatchForCommit" time="70.662"/>
  <testcase name="testWatchForCommitForGroupMismatchException" classname="org.apache.hadoop.ozone.client.rpc.TestWatchForCommit" time="31.879"/>
  <testcase name="test2WayCommitForTimeoutException" classname="org.apache.hadoop.ozone.client.rpc.TestWatchForCommit" time="22.091">
    <error type="java.util.concurrent.TimeoutException">java.util.concurrent.TimeoutException
	at java.util.concurrent.CompletableFuture.timedGet(CompletableFuture.java:1771)
	at java.util.concurrent.CompletableFuture.get(CompletableFuture.java:1915)
	at org.apache.hadoop.hdds.scm.XceiverClientRatis.watchForCommit(XceiverClientRatis.java:298)
	at org.apache.hadoop.ozone.client.rpc.TestWatchForCommit.test2WayCommitForTimeoutException(TestWatchForCommit.java:391)
	at sun.reflect.NativeMethodAccessorImpl.invoke0(Native Method)
	at sun.reflect.NativeMethodAccessorImpl.invoke(NativeMethodAccessorImpl.java:62)
	at sun.reflect.DelegatingMethodAccessorImpl.invoke(DelegatingMethodAccessorImpl.java:43)
	at java.lang.reflect.Method.invoke(Method.java:498)
	at org.junit.runners.model.FrameworkMethod$1.runReflectiveCall(FrameworkMethod.java:47)
	at org.junit.internal.runners.model.ReflectiveCallable.run(ReflectiveCallable.java:12)
	at org.junit.runners.model.FrameworkMethod.invokeExplosively(FrameworkMethod.java:44)
	at org.junit.internal.runners.statements.InvokeMethod.evaluate(InvokeMethod.java:17)
	at org.junit.runners.ParentRunner.runLeaf(ParentRunner.java:271)
	at org.junit.runners.BlockJUnit4ClassRunner.runChild(BlockJUnit4ClassRunner.java:70)
	at org.junit.runners.BlockJUnit4ClassRunner.runChild(BlockJUnit4ClassRunner.java:50)
	at org.junit.runners.ParentRunner$3.run(ParentRunner.java:238)
	at org.junit.runners.ParentRunner$1.schedule(ParentRunner.java:63)
	at org.junit.runners.ParentRunner.runChildren(ParentRunner.java:236)
	at org.junit.runners.ParentRunner.access$000(ParentRunner.java:53)
	at org.junit.runners.ParentRunner$2.evaluate(ParentRunner.java:229)
	at org.junit.runners.ParentRunner.run(ParentRunner.java:309)
	at org.apache.maven.surefire.junit4.JUnit4Provider.execute(JUnit4Provider.java:365)
	at org.apache.maven.surefire.junit4.JUnit4Provider.executeWithRerun(JUnit4Provider.java:273)
	at org.apache.maven.surefire.junit4.JUnit4Provider.executeTestSet(JUnit4Provider.java:238)
	at org.apache.maven.surefire.junit4.JUnit4Provider.invoke(JUnit4Provider.java:159)
	at org.apache.maven.surefire.booter.ForkedBooter.invokeProviderInSameClassLoader(ForkedBooter.java:384)
	at org.apache.maven.surefire.booter.ForkedBooter.runSuitesInProcess(ForkedBooter.java:345)
	at org.apache.maven.surefire.booter.ForkedBooter.execute(ForkedBooter.java:126)
	at org.apache.maven.surefire.booter.ForkedBooter.main(ForkedBooter.java:418)
</error>
    <system-out><![CDATA[2019-10-02 11:34:49,308 [main] WARN  server.ServerUtils (ServerUtils.java:getScmDbDir(145)) - ozone.scm.db.dirs is not configured. We recommend adding this setting. Falling back to ozone.metadata.dirs instead.
2019-10-02 11:34:49,323 [main] WARN  server.ServerUtils (ServerUtils.java:getScmDbDir(145)) - ozone.scm.db.dirs is not configured. We recommend adding this setting. Falling back to ozone.metadata.dirs instead.
2019-10-02 11:34:49,324 [main] WARN  server.ServerUtils (ServerUtils.java:getScmDbDir(145)) - ozone.scm.db.dirs is not configured. We recommend adding this setting. Falling back to ozone.metadata.dirs instead.
2019-10-02 11:34:49,324 [main] INFO  db.DBStoreBuilder (DBStoreBuilder.java:addTable(110)) - using custom profile for table: deletedBlocks
2019-10-02 11:34:49,324 [main] INFO  db.DBStoreBuilder (DBStoreBuilder.java:processTables(161)) - Using default column profile:DBProfile.DISK for Table:deletedBlocks
2019-10-02 11:34:49,324 [main] INFO  db.DBStoreBuilder (DBStoreBuilder.java:addTable(110)) - using custom profile for table: validCerts
2019-10-02 11:34:49,324 [main] INFO  db.DBStoreBuilder (DBStoreBuilder.java:processTables(161)) - Using default column profile:DBProfile.DISK for Table:validCerts
2019-10-02 11:34:49,325 [main] INFO  db.DBStoreBuilder (DBStoreBuilder.java:addTable(110)) - using custom profile for table: revokedCerts
2019-10-02 11:34:49,325 [main] INFO  db.DBStoreBuilder (DBStoreBuilder.java:processTables(161)) - Using default column profile:DBProfile.DISK for Table:revokedCerts
2019-10-02 11:34:49,325 [main] INFO  db.DBStoreBuilder (DBStoreBuilder.java:addTable(110)) - using custom profile for table: default
2019-10-02 11:34:49,325 [main] INFO  db.DBStoreBuilder (DBStoreBuilder.java:processTables(167)) - Using default column profile:DBProfile.DISK for Table:default
2019-10-02 11:34:49,325 [main] INFO  db.DBStoreBuilder (DBStoreBuilder.java:getDbProfile(198)) - Using default options. DBProfile.DISK
2019-10-02 11:34:49,466 [main] INFO  net.NodeSchemaLoader (NodeSchemaLoader.java:loadSchemaFromFile(125)) - Loading file from sun.misc.CompoundEnumeration@5b2b8d86
2019-10-02 11:34:49,467 [main] INFO  net.NodeSchemaLoader (NodeSchemaLoader.java:loadSchema(171)) - Loading network topology layer schema file
2019-10-02 11:34:49,471 [main] WARN  server.ServerUtils (ServerUtils.java:sanitizeUserArgs(70)) - ozone.scm.stale.node.interval value = 300000 is larger than max = 100000 based on the key value of ozone.scm.heartbeat.thread.interval, reset to the max value 100000.
2019-10-02 11:34:49,472 [main] WARN  server.ServerUtils (ServerUtils.java:sanitizeUserArgs(70)) - ozone.scm.stale.node.interval value = 300000 is larger than max = 100000 based on the key value of ozone.scm.heartbeat.thread.interval, reset to the max value 100000.
2019-10-02 11:34:49,472 [main] INFO  node.SCMNodeManager (SCMNodeManager.java:<init>(117)) - Entering startup safe mode.
2019-10-02 11:34:49,472 [main] INFO  algorithms.ContainerPlacementPolicyFactory (ContainerPlacementPolicyFactory.java:getPolicy(57)) - Create container placement policy of type org.apache.hadoop.hdds.scm.container.placement.algorithms.SCMContainerPlacementRandom
2019-10-02 11:34:49,473 [main] WARN  server.ServerUtils (ServerUtils.java:getScmDbDir(145)) - ozone.scm.db.dirs is not configured. We recommend adding this setting. Falling back to ozone.metadata.dirs instead.
2019-10-02 11:34:49,519 [main] INFO  pipeline.SCMPipelineManager (SCMPipelineManager.java:initializePipelineState(132)) - No pipeline exists in current db
2019-10-02 11:34:49,519 [main] WARN  server.ServerUtils (ServerUtils.java:getScmDbDir(145)) - ozone.scm.db.dirs is not configured. We recommend adding this setting. Falling back to ozone.metadata.dirs instead.
2019-10-02 11:34:49,557 [main] WARN  events.EventQueue (EventQueue.java:fireEvent(183)) - No event handler registered for event TypedEvent{payloadType=SafeModeStatus, name='SafeModeStatus'}
2019-10-02 11:34:49,557 [main] INFO  ipc.CallQueueManager (CallQueueManager.java:<init>(84)) - Using callQueue: class java.util.concurrent.LinkedBlockingQueue, queueCapacity: 2000, scheduler: class org.apache.hadoop.ipc.DefaultRpcScheduler, ipcBackoff: false.
2019-10-02 11:34:49,558 [Socket Reader #1 for port 40109] INFO  ipc.Server (Server.java:run(1074)) - Starting Socket Reader #1 for port 40109
2019-10-02 11:34:49,560 [main] INFO  ipc.CallQueueManager (CallQueueManager.java:<init>(84)) - Using callQueue: class java.util.concurrent.LinkedBlockingQueue, queueCapacity: 2000, scheduler: class org.apache.hadoop.ipc.DefaultRpcScheduler, ipcBackoff: false.
2019-10-02 11:34:49,560 [Socket Reader #1 for port 33001] INFO  ipc.Server (Server.java:run(1074)) - Starting Socket Reader #1 for port 33001
2019-10-02 11:34:49,562 [main] INFO  ipc.CallQueueManager (CallQueueManager.java:<init>(84)) - Using callQueue: class java.util.concurrent.LinkedBlockingQueue, queueCapacity: 2000, scheduler: class org.apache.hadoop.ipc.DefaultRpcScheduler, ipcBackoff: false.
2019-10-02 11:34:49,562 [Socket Reader #1 for port 41682] INFO  ipc.Server (Server.java:run(1074)) - Starting Socket Reader #1 for port 41682
2019-10-02 11:34:49,564 [main] INFO  hdfs.DFSUtil (DFSUtil.java:httpServerTemplateForNNAndJN(1641)) - Starting Web-server for scm at: http://0.0.0.0:0
2019-10-02 11:34:49,566 [main] INFO  server.AuthenticationFilter (AuthenticationFilter.java:constructSecretProvider(240)) - Unable to initialize FileSignerSecretProvider, falling back to use random secrets.
2019-10-02 11:34:49,567 [main] WARN  http.HttpRequestLog (HttpRequestLog.java:getRequestLog(97)) - Jetty request log can only be enabled using Log4j
2019-10-02 11:34:49,568 [main] INFO  http.HttpServer2 (HttpServer2.java:addGlobalFilter(975)) - Added global filter 'safety' (class=org.apache.hadoop.http.HttpServer2$QuotingInputFilter)
2019-10-02 11:34:49,568 [main] INFO  http.HttpServer2 (HttpServer2.java:addFilter(948)) - Added filter static_user_filter (class=org.apache.hadoop.http.lib.StaticUserWebFilter$StaticUserFilter) to context scm
2019-10-02 11:34:49,568 [main] INFO  http.HttpServer2 (HttpServer2.java:addFilter(958)) - Added filter static_user_filter (class=org.apache.hadoop.http.lib.StaticUserWebFilter$StaticUserFilter) to context logs
2019-10-02 11:34:49,568 [main] INFO  http.HttpServer2 (HttpServer2.java:addFilter(958)) - Added filter static_user_filter (class=org.apache.hadoop.http.lib.StaticUserWebFilter$StaticUserFilter) to context static
2019-10-02 11:34:49,570 [main] INFO  server.StorageContainerManager (StorageContainerManager.java:start(770)) - StorageContainerLocationProtocol RPC server is listening at /0.0.0.0:41682
2019-10-02 11:34:49,572 [main] WARN  impl.MetricsConfig (MetricsConfig.java:loadFirst(134)) - Cannot locate configuration: tried hadoop-metrics2-storagecontainermanager.properties,hadoop-metrics2.properties
2019-10-02 11:34:49,572 [main] INFO  impl.MetricsSystemImpl (MetricsSystemImpl.java:startTimer(374)) - Scheduled Metric snapshot period at 10 second(s).
2019-10-02 11:34:49,572 [main] INFO  impl.MetricsSystemImpl (MetricsSystemImpl.java:start(191)) - StorageContainerManager metrics system started
2019-10-02 11:34:49,645 [main] WARN  impl.MetricsSystemImpl (MetricsSystemImpl.java:register(276)) - Sink prometheus already exists!
2019-10-02 11:34:49,719 [main] INFO  server.SCMClientProtocolServer (SCMClientProtocolServer.java:start(150)) - RPC server for Client  is listening at /0.0.0.0:41682
2019-10-02 11:34:49,719 [IPC Server Responder] INFO  ipc.Server (Server.java:run(1314)) - IPC Server Responder: starting
2019-10-02 11:34:49,721 [IPC Server listener on 41682] INFO  ipc.Server (Server.java:run(1153)) - IPC Server listener on 41682: starting
2019-10-02 11:34:49,728 [main] INFO  server.StorageContainerManager (StorageContainerManager.java:start(780)) - ScmBlockLocationProtocol RPC server is listening at /0.0.0.0:33001
2019-10-02 11:34:49,728 [main] INFO  server.SCMBlockProtocolServer (SCMBlockProtocolServer.java:start(148)) - RPC server for Block Protocol is listening at /0.0.0.0:33001
2019-10-02 11:34:49,729 [IPC Server Responder] INFO  ipc.Server (Server.java:run(1314)) - IPC Server Responder: starting
2019-10-02 11:34:49,729 [IPC Server listener on 33001] INFO  ipc.Server (Server.java:run(1153)) - IPC Server listener on 33001: starting
2019-10-02 11:34:49,732 [main] INFO  server.StorageContainerManager (StorageContainerManager.java:start(784)) - ScmDatanodeProtocl RPC server is listening at /0.0.0.0:40109
2019-10-02 11:34:49,732 [main] INFO  server.SCMDatanodeProtocolServer (SCMDatanodeProtocolServer.java:start(191)) - RPC server for DataNodes is listening at /0.0.0.0:40109
2019-10-02 11:34:49,732 [IPC Server Responder] INFO  ipc.Server (Server.java:run(1314)) - IPC Server Responder: starting
2019-10-02 11:34:49,732 [IPC Server listener on 40109] INFO  ipc.Server (Server.java:run(1153)) - IPC Server listener on 40109: starting
2019-10-02 11:34:49,734 [main] INFO  http.HttpServer2 (HttpServer2.java:bindListener(1191)) - Jetty bound to port 46159
2019-10-02 11:34:49,735 [main] INFO  server.Server (Server.java:doStart(351)) - jetty-9.3.25.v20180904, build timestamp: 2018-09-04T21:11:46Z, git hash: 3ce520221d0240229c862b122d2b06c12a625732
2019-10-02 11:34:49,736 [main] INFO  handler.ContextHandler (ContextHandler.java:doStart(781)) - Started o.e.j.s.ServletContextHandler@357c9bd9{/logs,file:///workdir/hadoop-ozone/integration-test/target/log,AVAILABLE}
2019-10-02 11:34:49,737 [main] INFO  handler.ContextHandler (ContextHandler.java:doStart(781)) - Started o.e.j.s.ServletContextHandler@6d0290d8{/static,file:///workdir/hadoop-ozone/integration-test/target/test-classes/webapps/static,AVAILABLE}
2019-10-02 11:34:49,740 [main] INFO  handler.ContextHandler (ContextHandler.java:doStart(781)) - Started o.e.j.w.WebAppContext@22d477c2{/,file:///workdir/hadoop-ozone/integration-test/target/test-classes/webapps/scm/,AVAILABLE}{/scm}
2019-10-02 11:34:49,741 [main] INFO  server.AbstractConnector (AbstractConnector.java:doStart(278)) - Started ServerConnector@6de545f6{HTTP/1.1,[http/1.1]}{0.0.0.0:46159}
2019-10-02 11:34:49,742 [main] INFO  server.Server (Server.java:doStart(419)) - Started @210699ms
2019-10-02 11:34:49,742 [main] WARN  impl.MetricsSystemImpl (MetricsSystemImpl.java:register(276)) - Sink prometheus already exists!
2019-10-02 11:34:49,743 [main] INFO  server.BaseHttpServer (BaseHttpServer.java:updateConnectorAddress(215)) - HTTP server of SCM is listening at http://0.0.0.0:46159
2019-10-02 11:34:49,744 [main] WARN  server.ServerUtils (ServerUtils.java:getDBPath(222)) - ozone.om.db.dirs is not configured. We recommend adding this setting. Falling back to ozone.metadata.dirs instead.
2019-10-02 11:34:49,744 [org.apache.hadoop.util.JvmPauseMonitor$Monitor@41def031] INFO  util.JvmPauseMonitor (JvmPauseMonitor.java:run(188)) - Starting JVM pause monitor
2019-10-02 11:34:49,757 [main] WARN  server.ServerUtils (ServerUtils.java:getDBPath(222)) - ozone.om.db.dirs is not configured. We recommend adding this setting. Falling back to ozone.metadata.dirs instead.
2019-10-02 11:34:49,757 [main] WARN  server.ServerUtils (ServerUtils.java:getDBPath(222)) - ozone.om.db.dirs is not configured. We recommend adding this setting. Falling back to ozone.metadata.dirs instead.
2019-10-02 11:34:49,757 [main] INFO  om.OzoneManager (OzoneManager.java:setOMNodeDetails(652)) - OM Service ID is not set. Setting it to the default ID: omServiceIdDefault
2019-10-02 11:34:49,758 [main] INFO  om.OzoneManager (OzoneManager.java:setOMNodeDetails(658)) - OM Node ID is not set. Setting it to the OmStorage's OmID: 962218da-c177-4a2f-b9ce-c6d43c77f87d
2019-10-02 11:34:49,758 [main] INFO  om.OzoneManager (OzoneManager.java:loadOMHAConfigs(609)) - Found matching OM address with OMServiceId: null, OMNodeId: null, RPC Address: localhost:0 and Ratis port: 9872
2019-10-02 11:34:49,765 [main] WARN  server.ServerUtils (ServerUtils.java:getDBPath(222)) - ozone.om.db.dirs is not configured. We recommend adding this setting. Falling back to ozone.metadata.dirs instead.
2019-10-02 11:34:49,765 [main] INFO  db.DBStoreBuilder (DBStoreBuilder.java:addTable(110)) - using custom profile for table: userTable
2019-10-02 11:34:49,765 [main] INFO  db.DBStoreBuilder (DBStoreBuilder.java:processTables(161)) - Using default column profile:DBProfile.DISK for Table:userTable
2019-10-02 11:34:49,765 [main] INFO  db.DBStoreBuilder (DBStoreBuilder.java:addTable(110)) - using custom profile for table: volumeTable
2019-10-02 11:34:49,765 [main] INFO  db.DBStoreBuilder (DBStoreBuilder.java:processTables(161)) - Using default column profile:DBProfile.DISK for Table:volumeTable
2019-10-02 11:34:49,766 [main] INFO  db.DBStoreBuilder (DBStoreBuilder.java:addTable(110)) - using custom profile for table: bucketTable
2019-10-02 11:34:49,766 [main] INFO  db.DBStoreBuilder (DBStoreBuilder.java:processTables(161)) - Using default column profile:DBProfile.DISK for Table:bucketTable
2019-10-02 11:34:49,766 [main] INFO  db.DBStoreBuilder (DBStoreBuilder.java:addTable(110)) - using custom profile for table: keyTable
2019-10-02 11:34:49,766 [main] INFO  db.DBStoreBuilder (DBStoreBuilder.java:processTables(161)) - Using default column profile:DBProfile.DISK for Table:keyTable
2019-10-02 11:34:49,766 [main] INFO  db.DBStoreBuilder (DBStoreBuilder.java:addTable(110)) - using custom profile for table: deletedTable
2019-10-02 11:34:49,766 [main] INFO  db.DBStoreBuilder (DBStoreBuilder.java:processTables(161)) - Using default column profile:DBProfile.DISK for Table:deletedTable
2019-10-02 11:34:49,766 [main] INFO  db.DBStoreBuilder (DBStoreBuilder.java:addTable(110)) - using custom profile for table: openKeyTable
2019-10-02 11:34:49,767 [main] INFO  db.DBStoreBuilder (DBStoreBuilder.java:processTables(161)) - Using default column profile:DBProfile.DISK for Table:openKeyTable
2019-10-02 11:34:49,767 [main] INFO  db.DBStoreBuilder (DBStoreBuilder.java:addTable(110)) - using custom profile for table: s3Table
2019-10-02 11:34:49,767 [main] INFO  db.DBStoreBuilder (DBStoreBuilder.java:processTables(161)) - Using default column profile:DBProfile.DISK for Table:s3Table
2019-10-02 11:34:49,767 [main] INFO  db.DBStoreBuilder (DBStoreBuilder.java:addTable(110)) - using custom profile for table: multipartInfoTable
2019-10-02 11:34:49,767 [main] INFO  db.DBStoreBuilder (DBStoreBuilder.java:processTables(161)) - Using default column profile:DBProfile.DISK for Table:multipartInfoTable
2019-10-02 11:34:49,767 [main] INFO  db.DBStoreBuilder (DBStoreBuilder.java:addTable(110)) - using custom profile for table: dTokenTable
2019-10-02 11:34:49,767 [main] INFO  db.DBStoreBuilder (DBStoreBuilder.java:processTables(161)) - Using default column profile:DBProfile.DISK for Table:dTokenTable
2019-10-02 11:34:49,768 [main] INFO  db.DBStoreBuilder (DBStoreBuilder.java:addTable(110)) - using custom profile for table: s3SecretTable
2019-10-02 11:34:49,768 [main] INFO  db.DBStoreBuilder (DBStoreBuilder.java:processTables(161)) - Using default column profile:DBProfile.DISK for Table:s3SecretTable
2019-10-02 11:34:49,768 [main] INFO  db.DBStoreBuilder (DBStoreBuilder.java:addTable(110)) - using custom profile for table: prefixTable
2019-10-02 11:34:49,768 [main] INFO  db.DBStoreBuilder (DBStoreBuilder.java:processTables(161)) - Using default column profile:DBProfile.DISK for Table:prefixTable
2019-10-02 11:34:49,768 [main] INFO  db.DBStoreBuilder (DBStoreBuilder.java:addTable(110)) - using custom profile for table: default
2019-10-02 11:34:49,768 [main] INFO  db.DBStoreBuilder (DBStoreBuilder.java:processTables(167)) - Using default column profile:DBProfile.DISK for Table:default
2019-10-02 11:34:49,768 [main] INFO  db.DBStoreBuilder (DBStoreBuilder.java:getDbProfile(198)) - Using default options. DBProfile.DISK
2019-10-02 11:34:50,232 [main] INFO  ipc.CallQueueManager (CallQueueManager.java:<init>(84)) - Using callQueue: class java.util.concurrent.LinkedBlockingQueue, queueCapacity: 2000, scheduler: class org.apache.hadoop.ipc.DefaultRpcScheduler, ipcBackoff: false.
2019-10-02 11:34:50,233 [Socket Reader #1 for port 39605] INFO  ipc.Server (Server.java:run(1074)) - Starting Socket Reader #1 for port 39605
2019-10-02 11:34:50,245 [main] INFO  om.OzoneManager (OzoneManager.java:start(1243)) - OzoneManager RPC server is listening at localhost/127.0.0.1:39605
2019-10-02 11:34:50,245 [main] INFO  impl.MetricsSystemImpl (MetricsSystemImpl.java:init(158)) - OzoneManager metrics system started (again)
2019-10-02 11:34:50,246 [IPC Server Responder] INFO  ipc.Server (Server.java:run(1314)) - IPC Server Responder: starting
2019-10-02 11:34:50,246 [IPC Server listener on 39605] INFO  ipc.Server (Server.java:run(1153)) - IPC Server listener on 39605: starting
2019-10-02 11:34:50,251 [main] INFO  hdfs.DFSUtil (DFSUtil.java:httpServerTemplateForNNAndJN(1641)) - Starting Web-server for ozoneManager at: http://0.0.0.0:0
2019-10-02 11:34:50,253 [main] INFO  server.AuthenticationFilter (AuthenticationFilter.java:constructSecretProvider(240)) - Unable to initialize FileSignerSecretProvider, falling back to use random secrets.
2019-10-02 11:34:50,254 [main] WARN  http.HttpRequestLog (HttpRequestLog.java:getRequestLog(97)) - Jetty request log can only be enabled using Log4j
2019-10-02 11:34:50,256 [main] INFO  http.HttpServer2 (HttpServer2.java:addGlobalFilter(975)) - Added global filter 'safety' (class=org.apache.hadoop.http.HttpServer2$QuotingInputFilter)
2019-10-02 11:34:50,256 [main] INFO  http.HttpServer2 (HttpServer2.java:addFilter(948)) - Added filter static_user_filter (class=org.apache.hadoop.http.lib.StaticUserWebFilter$StaticUserFilter) to context ozoneManager
2019-10-02 11:34:50,257 [main] INFO  http.HttpServer2 (HttpServer2.java:addFilter(958)) - Added filter static_user_filter (class=org.apache.hadoop.http.lib.StaticUserWebFilter$StaticUserFilter) to context static
2019-10-02 11:34:50,257 [main] INFO  http.HttpServer2 (HttpServer2.java:addFilter(958)) - Added filter static_user_filter (class=org.apache.hadoop.http.lib.StaticUserWebFilter$StaticUserFilter) to context logs
2019-10-02 11:34:50,258 [main] INFO  http.HttpServer2 (HttpServer2.java:bindListener(1191)) - Jetty bound to port 36084
2019-10-02 11:34:50,258 [main] INFO  server.Server (Server.java:doStart(351)) - jetty-9.3.25.v20180904, build timestamp: 2018-09-04T21:11:46Z, git hash: 3ce520221d0240229c862b122d2b06c12a625732
2019-10-02 11:34:50,259 [main] INFO  handler.ContextHandler (ContextHandler.java:doStart(781)) - Started o.e.j.s.ServletContextHandler@26be9a6{/logs,file:///workdir/hadoop-ozone/integration-test/target/log,AVAILABLE}
2019-10-02 11:34:50,260 [main] INFO  handler.ContextHandler (ContextHandler.java:doStart(781)) - Started o.e.j.s.ServletContextHandler@411fa0ce{/static,file:///workdir/hadoop-ozone/integration-test/target/test-classes/webapps/static,AVAILABLE}
2019-10-02 11:34:50,264 [main] INFO  handler.ContextHandler (ContextHandler.java:doStart(781)) - Started o.e.j.w.WebAppContext@58b311ba{/,file:///workdir/hadoop-ozone/integration-test/target/test-classes/webapps/ozoneManager/,AVAILABLE}{/ozoneManager}
2019-10-02 11:34:50,265 [main] INFO  server.AbstractConnector (AbstractConnector.java:doStart(278)) - Started ServerConnector@482c351d{HTTP/1.1,[http/1.1]}{0.0.0.0:36084}
2019-10-02 11:34:50,266 [main] INFO  server.Server (Server.java:doStart(419)) - Started @211223ms
2019-10-02 11:34:50,266 [main] WARN  impl.MetricsSystemImpl (MetricsSystemImpl.java:register(276)) - Sink prometheus already exists!
2019-10-02 11:34:50,267 [main] INFO  server.BaseHttpServer (BaseHttpServer.java:updateConnectorAddress(215)) - HTTP server of OZONEMANAGER is listening at http://0.0.0.0:36084
2019-10-02 11:34:50,283 [main] INFO  impl.MetricsSystemImpl (MetricsSystemImpl.java:init(158)) - HddsDatanode metrics system started (again)
2019-10-02 11:34:50,287 [main] INFO  ozone.HddsDatanodeService (HddsDatanodeService.java:start(184)) - HddsDatanodeService host:pr-hdds-2199-dnstouuidmap-dclhp-1004891939 ip:192.168.5.172
2019-10-02 11:34:50,293 [main] INFO  volume.HddsVolume (HddsVolume.java:<init>(176)) - Creating Volume: /workdir/hadoop-ozone/integration-test/target/test-dir/MiniOzoneClusterImpl-01254bcd-b9e8-48c1-94f1-223cf5a25b98/datanode-0/data/containers/hdds of  storage type : DISK and capacity : 1482555576320
2019-10-02 11:34:50,293 [main] INFO  volume.VolumeSet (VolumeSet.java:initializeVolumeSet(170)) - Added Volume : /workdir/hadoop-ozone/integration-test/target/test-dir/MiniOzoneClusterImpl-01254bcd-b9e8-48c1-94f1-223cf5a25b98/datanode-0/data/containers/hdds to VolumeSet
2019-10-02 11:34:50,293 [main] INFO  volume.ThrottledAsyncChecker (ThrottledAsyncChecker.java:schedule(139)) - Scheduling a check for org.apache.hadoop.ozone.container.common.volume.HddsVolume@4168f3d9
2019-10-02 11:34:50,294 [main] INFO  volume.HddsVolumeChecker (HddsVolumeChecker.java:checkAllVolumes(202)) - Scheduled health check for volume org.apache.hadoop.ozone.container.common.volume.HddsVolume@4168f3d9
2019-10-02 11:34:50,310 [main] INFO  impl.RaftServerProxy (ConfUtils.java:logGet(43)) - raft.rpc.type = GRPC (default)
2019-10-02 11:34:50,311 [main] INFO  grpc.GrpcFactory (GrpcFactory.java:checkPooledByteBufAllocatorUseCacheForAllThreads(45)) - PERFORMANCE WARNING: useCacheForAllThreads is true that may cause Netty to create a lot garbage objects and, as a result, trigger GC.
	It is recommended to disable useCacheForAllThreads by setting -Dorg.apache.ratis.thirdparty.io.netty.allocator.useCacheForAllThreads=false in command line.
2019-10-02 11:34:50,311 [main] INFO  grpc.GrpcConfigKeys$Server (ConfUtils.java:logGet(43)) - raft.grpc.server.port = 0 (default)
2019-10-02 11:34:50,311 [main] INFO  server.GrpcService (ConfUtils.java:logGet(43)) - raft.grpc.message.size.max = 33570816 (custom)
2019-10-02 11:34:50,311 [main] INFO  server.RaftServerConfigKeys (ConfUtils.java:logGet(43)) - raft.server.log.appender.buffer.byte-limit = 33554432 (custom)
2019-10-02 11:34:50,312 [main] INFO  server.GrpcService (ConfUtils.java:logGet(43)) - raft.grpc.flow.control.window = 1MB (=1048576) (default)
2019-10-02 11:34:50,312 [main] INFO  server.RaftServerConfigKeys (ConfUtils.java:logGet(43)) - raft.server.rpc.request.timeout = 3000ms (default)
2019-10-02 11:34:50,313 [main] INFO  server.RaftServerConfigKeys (ConfUtils.java:logGet(43)) - raft.server.storage.dir = [/workdir/hadoop-ozone/integration-test/target/test-dir/MiniOzoneClusterImpl-01254bcd-b9e8-48c1-94f1-223cf5a25b98/datanode-0/data/ratis] (custom)
2019-10-02 11:34:50,314 [main] INFO  hdfs.DFSUtil (DFSUtil.java:httpServerTemplateForNNAndJN(1641)) - Starting Web-server for hddsDatanode at: http://0.0.0.0:0
2019-10-02 11:34:50,316 [main] INFO  server.AuthenticationFilter (AuthenticationFilter.java:constructSecretProvider(240)) - Unable to initialize FileSignerSecretProvider, falling back to use random secrets.
2019-10-02 11:34:50,316 [main] WARN  http.HttpRequestLog (HttpRequestLog.java:getRequestLog(97)) - Jetty request log can only be enabled using Log4j
2019-10-02 11:34:50,318 [main] INFO  http.HttpServer2 (HttpServer2.java:addGlobalFilter(975)) - Added global filter 'safety' (class=org.apache.hadoop.http.HttpServer2$QuotingInputFilter)
2019-10-02 11:34:50,318 [main] INFO  http.HttpServer2 (HttpServer2.java:addFilter(948)) - Added filter static_user_filter (class=org.apache.hadoop.http.lib.StaticUserWebFilter$StaticUserFilter) to context hddsDatanode
2019-10-02 11:34:50,319 [main] INFO  http.HttpServer2 (HttpServer2.java:addFilter(958)) - Added filter static_user_filter (class=org.apache.hadoop.http.lib.StaticUserWebFilter$StaticUserFilter) to context logs
2019-10-02 11:34:50,319 [main] INFO  http.HttpServer2 (HttpServer2.java:addFilter(958)) - Added filter static_user_filter (class=org.apache.hadoop.http.lib.StaticUserWebFilter$StaticUserFilter) to context static
2019-10-02 11:34:50,320 [main] INFO  http.HttpServer2 (HttpServer2.java:bindListener(1191)) - Jetty bound to port 38093
2019-10-02 11:34:50,320 [main] INFO  server.Server (Server.java:doStart(351)) - jetty-9.3.25.v20180904, build timestamp: 2018-09-04T21:11:46Z, git hash: 3ce520221d0240229c862b122d2b06c12a625732
2019-10-02 11:34:50,321 [main] INFO  handler.ContextHandler (ContextHandler.java:doStart(781)) - Started o.e.j.s.ServletContextHandler@3a11c0eb{/logs,file:///workdir/hadoop-ozone/integration-test/target/log,AVAILABLE}
2019-10-02 11:34:50,322 [main] INFO  handler.ContextHandler (ContextHandler.java:doStart(781)) - Started o.e.j.s.ServletContextHandler@2c2c3947{/static,jar:file:/home/user/.m2/repository/org/apache/hadoop/hadoop-hdds-container-service/0.5.0-SNAPSHOT/hadoop-hdds-container-service-0.5.0-SNAPSHOT.jar!/webapps/static,AVAILABLE}
2019-10-02 11:34:50,359 [main] INFO  handler.ContextHandler (ContextHandler.java:doStart(781)) - Started o.e.j.w.WebAppContext@1b560eb0{/,file:///tmp/jetty-0.0.0.0-38093-hddsDatanode-_-any-3362797728485848743.dir/webapp/,AVAILABLE}{/hddsDatanode}
2019-10-02 11:34:50,359 [main] INFO  server.AbstractConnector (AbstractConnector.java:doStart(278)) - Started ServerConnector@9e02f84{HTTP/1.1,[http/1.1]}{0.0.0.0:38093}
2019-10-02 11:34:50,360 [main] INFO  server.Server (Server.java:doStart(419)) - Started @211318ms
2019-10-02 11:34:50,361 [main] WARN  impl.MetricsSystemImpl (MetricsSystemImpl.java:register(276)) - Sink prometheus already exists!
2019-10-02 11:34:50,361 [main] INFO  server.BaseHttpServer (BaseHttpServer.java:updateConnectorAddress(215)) - HTTP server of HDDSDATANODE is listening at http://0.0.0.0:38093
2019-10-02 11:34:50,362 [main] INFO  impl.MetricsSystemImpl (MetricsSystemImpl.java:init(158)) - HddsDatanode metrics system started (again)
2019-10-02 11:34:50,365 [org.apache.hadoop.util.JvmPauseMonitor$Monitor@2081c142] INFO  util.JvmPauseMonitor (JvmPauseMonitor.java:run(188)) - Starting JVM pause monitor
2019-10-02 11:34:50,366 [main] INFO  ozone.HddsDatanodeService (HddsDatanodeService.java:start(184)) - HddsDatanodeService host:pr-hdds-2199-dnstouuidmap-dclhp-1004891939 ip:192.168.5.172
2019-10-02 11:34:50,367 [Datanode State Machine Thread - 0] INFO  datanode.InitDatanodeState (InitDatanodeState.java:persistContainerDatanodeDetails(140)) - DatanodeDetails is persisted to /workdir/hadoop-ozone/integration-test/target/test-dir/MiniOzoneClusterImpl-01254bcd-b9e8-48c1-94f1-223cf5a25b98/datanode-0/meta/datanode.id
2019-10-02 11:34:50,371 [main] INFO  volume.HddsVolume (HddsVolume.java:<init>(176)) - Creating Volume: /workdir/hadoop-ozone/integration-test/target/test-dir/MiniOzoneClusterImpl-01254bcd-b9e8-48c1-94f1-223cf5a25b98/datanode-1/data/containers/hdds of  storage type : DISK and capacity : 1482555576320
2019-10-02 11:34:50,372 [main] INFO  volume.VolumeSet (VolumeSet.java:initializeVolumeSet(170)) - Added Volume : /workdir/hadoop-ozone/integration-test/target/test-dir/MiniOzoneClusterImpl-01254bcd-b9e8-48c1-94f1-223cf5a25b98/datanode-1/data/containers/hdds to VolumeSet
2019-10-02 11:34:50,372 [main] INFO  volume.ThrottledAsyncChecker (ThrottledAsyncChecker.java:schedule(139)) - Scheduling a check for org.apache.hadoop.ozone.container.common.volume.HddsVolume@19b75b2b
2019-10-02 11:34:50,372 [main] INFO  volume.HddsVolumeChecker (HddsVolumeChecker.java:checkAllVolumes(202)) - Scheduled health check for volume org.apache.hadoop.ozone.container.common.volume.HddsVolume@19b75b2b
2019-10-02 11:34:50,387 [main] INFO  impl.RaftServerProxy (ConfUtils.java:logGet(43)) - raft.rpc.type = GRPC (default)
2019-10-02 11:34:50,387 [main] INFO  grpc.GrpcFactory (GrpcFactory.java:checkPooledByteBufAllocatorUseCacheForAllThreads(45)) - PERFORMANCE WARNING: useCacheForAllThreads is true that may cause Netty to create a lot garbage objects and, as a result, trigger GC.
	It is recommended to disable useCacheForAllThreads by setting -Dorg.apache.ratis.thirdparty.io.netty.allocator.useCacheForAllThreads=false in command line.
2019-10-02 11:34:50,387 [main] INFO  grpc.GrpcConfigKeys$Server (ConfUtils.java:logGet(43)) - raft.grpc.server.port = 0 (default)
2019-10-02 11:34:50,387 [main] INFO  server.GrpcService (ConfUtils.java:logGet(43)) - raft.grpc.message.size.max = 33570816 (custom)
2019-10-02 11:34:50,388 [main] INFO  server.RaftServerConfigKeys (ConfUtils.java:logGet(43)) - raft.server.log.appender.buffer.byte-limit = 33554432 (custom)
2019-10-02 11:34:50,388 [main] INFO  server.GrpcService (ConfUtils.java:logGet(43)) - raft.grpc.flow.control.window = 1MB (=1048576) (default)
2019-10-02 11:34:50,388 [main] INFO  server.RaftServerConfigKeys (ConfUtils.java:logGet(43)) - raft.server.rpc.request.timeout = 3000ms (default)
2019-10-02 11:34:50,388 [main] INFO  server.RaftServerConfigKeys (ConfUtils.java:logGet(43)) - raft.server.storage.dir = [/workdir/hadoop-ozone/integration-test/target/test-dir/MiniOzoneClusterImpl-01254bcd-b9e8-48c1-94f1-223cf5a25b98/datanode-1/data/ratis] (custom)
2019-10-02 11:34:50,390 [main] INFO  hdfs.DFSUtil (DFSUtil.java:httpServerTemplateForNNAndJN(1641)) - Starting Web-server for hddsDatanode at: http://0.0.0.0:0
2019-10-02 11:34:50,391 [main] INFO  server.AuthenticationFilter (AuthenticationFilter.java:constructSecretProvider(240)) - Unable to initialize FileSignerSecretProvider, falling back to use random secrets.
2019-10-02 11:34:50,392 [main] WARN  http.HttpRequestLog (HttpRequestLog.java:getRequestLog(97)) - Jetty request log can only be enabled using Log4j
2019-10-02 11:34:50,393 [main] INFO  http.HttpServer2 (HttpServer2.java:addGlobalFilter(975)) - Added global filter 'safety' (class=org.apache.hadoop.http.HttpServer2$QuotingInputFilter)
2019-10-02 11:34:50,393 [main] INFO  http.HttpServer2 (HttpServer2.java:addFilter(948)) - Added filter static_user_filter (class=org.apache.hadoop.http.lib.StaticUserWebFilter$StaticUserFilter) to context hddsDatanode
2019-10-02 11:34:50,393 [main] INFO  http.HttpServer2 (HttpServer2.java:addFilter(958)) - Added filter static_user_filter (class=org.apache.hadoop.http.lib.StaticUserWebFilter$StaticUserFilter) to context static
2019-10-02 11:34:50,393 [main] INFO  http.HttpServer2 (HttpServer2.java:addFilter(958)) - Added filter static_user_filter (class=org.apache.hadoop.http.lib.StaticUserWebFilter$StaticUserFilter) to context logs
2019-10-02 11:34:50,394 [main] INFO  http.HttpServer2 (HttpServer2.java:bindListener(1191)) - Jetty bound to port 39340
2019-10-02 11:34:50,394 [main] INFO  server.Server (Server.java:doStart(351)) - jetty-9.3.25.v20180904, build timestamp: 2018-09-04T21:11:46Z, git hash: 3ce520221d0240229c862b122d2b06c12a625732
2019-10-02 11:34:50,396 [main] INFO  handler.ContextHandler (ContextHandler.java:doStart(781)) - Started o.e.j.s.ServletContextHandler@391d1e33{/logs,file:///workdir/hadoop-ozone/integration-test/target/log,AVAILABLE}
2019-10-02 11:34:50,396 [main] INFO  handler.ContextHandler (ContextHandler.java:doStart(781)) - Started o.e.j.s.ServletContextHandler@2871ac91{/static,jar:file:/home/user/.m2/repository/org/apache/hadoop/hadoop-hdds-container-service/0.5.0-SNAPSHOT/hadoop-hdds-container-service-0.5.0-SNAPSHOT.jar!/webapps/static,AVAILABLE}
2019-10-02 11:34:50,421 [main] INFO  handler.ContextHandler (ContextHandler.java:doStart(781)) - Started o.e.j.w.WebAppContext@4f1afe8f{/,file:///tmp/jetty-0.0.0.0-39340-hddsDatanode-_-any-7830272945738512697.dir/webapp/,AVAILABLE}{/hddsDatanode}
2019-10-02 11:34:50,421 [main] INFO  server.AbstractConnector (AbstractConnector.java:doStart(278)) - Started ServerConnector@492521c4{HTTP/1.1,[http/1.1]}{0.0.0.0:39340}
2019-10-02 11:34:50,423 [main] INFO  server.Server (Server.java:doStart(419)) - Started @211380ms
2019-10-02 11:34:50,423 [main] WARN  impl.MetricsSystemImpl (MetricsSystemImpl.java:register(276)) - Sink prometheus already exists!
2019-10-02 11:34:50,424 [main] INFO  server.BaseHttpServer (BaseHttpServer.java:updateConnectorAddress(215)) - HTTP server of HDDSDATANODE is listening at http://0.0.0.0:39340
2019-10-02 11:34:50,424 [main] INFO  impl.MetricsSystemImpl (MetricsSystemImpl.java:init(158)) - HddsDatanode metrics system started (again)
2019-10-02 11:34:50,428 [org.apache.hadoop.util.JvmPauseMonitor$Monitor@76bf6b34] INFO  util.JvmPauseMonitor (JvmPauseMonitor.java:run(188)) - Starting JVM pause monitor
2019-10-02 11:34:50,428 [main] INFO  ozone.HddsDatanodeService (HddsDatanodeService.java:start(184)) - HddsDatanodeService host:pr-hdds-2199-dnstouuidmap-dclhp-1004891939 ip:192.168.5.172
2019-10-02 11:34:50,429 [Datanode State Machine Thread - 0] INFO  datanode.InitDatanodeState (InitDatanodeState.java:persistContainerDatanodeDetails(140)) - DatanodeDetails is persisted to /workdir/hadoop-ozone/integration-test/target/test-dir/MiniOzoneClusterImpl-01254bcd-b9e8-48c1-94f1-223cf5a25b98/datanode-1/meta/datanode.id
2019-10-02 11:34:50,434 [main] INFO  volume.HddsVolume (HddsVolume.java:<init>(176)) - Creating Volume: /workdir/hadoop-ozone/integration-test/target/test-dir/MiniOzoneClusterImpl-01254bcd-b9e8-48c1-94f1-223cf5a25b98/datanode-2/data/containers/hdds of  storage type : DISK and capacity : 1482555576320
2019-10-02 11:34:50,434 [main] INFO  volume.VolumeSet (VolumeSet.java:initializeVolumeSet(170)) - Added Volume : /workdir/hadoop-ozone/integration-test/target/test-dir/MiniOzoneClusterImpl-01254bcd-b9e8-48c1-94f1-223cf5a25b98/datanode-2/data/containers/hdds to VolumeSet
2019-10-02 11:34:50,434 [main] INFO  volume.ThrottledAsyncChecker (ThrottledAsyncChecker.java:schedule(139)) - Scheduling a check for org.apache.hadoop.ozone.container.common.volume.HddsVolume@42c0a16e
2019-10-02 11:34:50,435 [main] INFO  volume.HddsVolumeChecker (HddsVolumeChecker.java:checkAllVolumes(202)) - Scheduled health check for volume org.apache.hadoop.ozone.container.common.volume.HddsVolume@42c0a16e
2019-10-02 11:34:50,446 [main] INFO  impl.RaftServerProxy (ConfUtils.java:logGet(43)) - raft.rpc.type = GRPC (default)
2019-10-02 11:34:50,446 [main] INFO  grpc.GrpcFactory (GrpcFactory.java:checkPooledByteBufAllocatorUseCacheForAllThreads(45)) - PERFORMANCE WARNING: useCacheForAllThreads is true that may cause Netty to create a lot garbage objects and, as a result, trigger GC.
	It is recommended to disable useCacheForAllThreads by setting -Dorg.apache.ratis.thirdparty.io.netty.allocator.useCacheForAllThreads=false in command line.
2019-10-02 11:34:50,447 [main] INFO  grpc.GrpcConfigKeys$Server (ConfUtils.java:logGet(43)) - raft.grpc.server.port = 0 (default)
2019-10-02 11:34:50,447 [main] INFO  server.GrpcService (ConfUtils.java:logGet(43)) - raft.grpc.message.size.max = 33570816 (custom)
2019-10-02 11:34:50,447 [main] INFO  server.RaftServerConfigKeys (ConfUtils.java:logGet(43)) - raft.server.log.appender.buffer.byte-limit = 33554432 (custom)
2019-10-02 11:34:50,447 [main] INFO  server.GrpcService (ConfUtils.java:logGet(43)) - raft.grpc.flow.control.window = 1MB (=1048576) (default)
2019-10-02 11:34:50,447 [main] INFO  server.RaftServerConfigKeys (ConfUtils.java:logGet(43)) - raft.server.rpc.request.timeout = 3000ms (default)
2019-10-02 11:34:50,448 [main] INFO  server.RaftServerConfigKeys (ConfUtils.java:logGet(43)) - raft.server.storage.dir = [/workdir/hadoop-ozone/integration-test/target/test-dir/MiniOzoneClusterImpl-01254bcd-b9e8-48c1-94f1-223cf5a25b98/datanode-2/data/ratis] (custom)
2019-10-02 11:34:50,449 [main] INFO  hdfs.DFSUtil (DFSUtil.java:httpServerTemplateForNNAndJN(1641)) - Starting Web-server for hddsDatanode at: http://0.0.0.0:0
2019-10-02 11:34:50,450 [main] INFO  server.AuthenticationFilter (AuthenticationFilter.java:constructSecretProvider(240)) - Unable to initialize FileSignerSecretProvider, falling back to use random secrets.
2019-10-02 11:34:50,450 [main] WARN  http.HttpRequestLog (HttpRequestLog.java:getRequestLog(97)) - Jetty request log can only be enabled using Log4j
2019-10-02 11:34:50,452 [main] INFO  http.HttpServer2 (HttpServer2.java:addGlobalFilter(975)) - Added global filter 'safety' (class=org.apache.hadoop.http.HttpServer2$QuotingInputFilter)
2019-10-02 11:34:50,452 [main] INFO  http.HttpServer2 (HttpServer2.java:addFilter(948)) - Added filter static_user_filter (class=org.apache.hadoop.http.lib.StaticUserWebFilter$StaticUserFilter) to context hddsDatanode
2019-10-02 11:34:50,452 [main] INFO  http.HttpServer2 (HttpServer2.java:addFilter(958)) - Added filter static_user_filter (class=org.apache.hadoop.http.lib.StaticUserWebFilter$StaticUserFilter) to context static
2019-10-02 11:34:50,452 [main] INFO  http.HttpServer2 (HttpServer2.java:addFilter(958)) - Added filter static_user_filter (class=org.apache.hadoop.http.lib.StaticUserWebFilter$StaticUserFilter) to context logs
2019-10-02 11:34:50,453 [main] INFO  http.HttpServer2 (HttpServer2.java:bindListener(1191)) - Jetty bound to port 44155
2019-10-02 11:34:50,453 [main] INFO  server.Server (Server.java:doStart(351)) - jetty-9.3.25.v20180904, build timestamp: 2018-09-04T21:11:46Z, git hash: 3ce520221d0240229c862b122d2b06c12a625732
2019-10-02 11:34:50,454 [main] INFO  handler.ContextHandler (ContextHandler.java:doStart(781)) - Started o.e.j.s.ServletContextHandler@6d0e45a5{/logs,file:///workdir/hadoop-ozone/integration-test/target/log,AVAILABLE}
2019-10-02 11:34:50,455 [main] INFO  handler.ContextHandler (ContextHandler.java:doStart(781)) - Started o.e.j.s.ServletContextHandler@7aa01bd9{/static,jar:file:/home/user/.m2/repository/org/apache/hadoop/hadoop-hdds-container-service/0.5.0-SNAPSHOT/hadoop-hdds-container-service-0.5.0-SNAPSHOT.jar!/webapps/static,AVAILABLE}
2019-10-02 11:34:50,478 [main] INFO  handler.ContextHandler (ContextHandler.java:doStart(781)) - Started o.e.j.w.WebAppContext@26f0141{/,file:///tmp/jetty-0.0.0.0-44155-hddsDatanode-_-any-5863815199323554362.dir/webapp/,AVAILABLE}{/hddsDatanode}
2019-10-02 11:34:50,479 [main] INFO  server.AbstractConnector (AbstractConnector.java:doStart(278)) - Started ServerConnector@34136bd1{HTTP/1.1,[http/1.1]}{0.0.0.0:44155}
2019-10-02 11:34:50,480 [main] INFO  server.Server (Server.java:doStart(419)) - Started @211437ms
2019-10-02 11:34:50,480 [main] WARN  impl.MetricsSystemImpl (MetricsSystemImpl.java:register(276)) - Sink prometheus already exists!
2019-10-02 11:34:50,480 [main] INFO  server.BaseHttpServer (BaseHttpServer.java:updateConnectorAddress(215)) - HTTP server of HDDSDATANODE is listening at http://0.0.0.0:44155
2019-10-02 11:34:50,481 [main] INFO  impl.MetricsSystemImpl (MetricsSystemImpl.java:init(158)) - HddsDatanode metrics system started (again)
2019-10-02 11:34:50,484 [org.apache.hadoop.util.JvmPauseMonitor$Monitor@341e2eff] INFO  util.JvmPauseMonitor (JvmPauseMonitor.java:run(188)) - Starting JVM pause monitor
2019-10-02 11:34:50,485 [main] INFO  ozone.HddsDatanodeService (HddsDatanodeService.java:start(184)) - HddsDatanodeService host:pr-hdds-2199-dnstouuidmap-dclhp-1004891939 ip:192.168.5.172
2019-10-02 11:34:50,485 [Datanode State Machine Thread - 0] INFO  datanode.InitDatanodeState (InitDatanodeState.java:persistContainerDatanodeDetails(140)) - DatanodeDetails is persisted to /workdir/hadoop-ozone/integration-test/target/test-dir/MiniOzoneClusterImpl-01254bcd-b9e8-48c1-94f1-223cf5a25b98/datanode-2/meta/datanode.id
2019-10-02 11:34:50,490 [main] INFO  volume.HddsVolume (HddsVolume.java:<init>(176)) - Creating Volume: /workdir/hadoop-ozone/integration-test/target/test-dir/MiniOzoneClusterImpl-01254bcd-b9e8-48c1-94f1-223cf5a25b98/datanode-3/data/containers/hdds of  storage type : DISK and capacity : 1482555576320
2019-10-02 11:34:50,490 [main] INFO  volume.VolumeSet (VolumeSet.java:initializeVolumeSet(170)) - Added Volume : /workdir/hadoop-ozone/integration-test/target/test-dir/MiniOzoneClusterImpl-01254bcd-b9e8-48c1-94f1-223cf5a25b98/datanode-3/data/containers/hdds to VolumeSet
2019-10-02 11:34:50,490 [main] INFO  volume.ThrottledAsyncChecker (ThrottledAsyncChecker.java:schedule(139)) - Scheduling a check for org.apache.hadoop.ozone.container.common.volume.HddsVolume@5657967b
2019-10-02 11:34:50,492 [main] INFO  volume.HddsVolumeChecker (HddsVolumeChecker.java:checkAllVolumes(202)) - Scheduled health check for volume org.apache.hadoop.ozone.container.common.volume.HddsVolume@5657967b
2019-10-02 11:34:50,501 [main] INFO  impl.RaftServerProxy (ConfUtils.java:logGet(43)) - raft.rpc.type = GRPC (default)
2019-10-02 11:34:50,501 [main] INFO  grpc.GrpcFactory (GrpcFactory.java:checkPooledByteBufAllocatorUseCacheForAllThreads(45)) - PERFORMANCE WARNING: useCacheForAllThreads is true that may cause Netty to create a lot garbage objects and, as a result, trigger GC.
	It is recommended to disable useCacheForAllThreads by setting -Dorg.apache.ratis.thirdparty.io.netty.allocator.useCacheForAllThreads=false in command line.
2019-10-02 11:34:50,501 [main] INFO  grpc.GrpcConfigKeys$Server (ConfUtils.java:logGet(43)) - raft.grpc.server.port = 0 (default)
2019-10-02 11:34:50,502 [main] INFO  server.GrpcService (ConfUtils.java:logGet(43)) - raft.grpc.message.size.max = 33570816 (custom)
2019-10-02 11:34:50,502 [main] INFO  server.RaftServerConfigKeys (ConfUtils.java:logGet(43)) - raft.server.log.appender.buffer.byte-limit = 33554432 (custom)
2019-10-02 11:34:50,502 [main] INFO  server.GrpcService (ConfUtils.java:logGet(43)) - raft.grpc.flow.control.window = 1MB (=1048576) (default)
2019-10-02 11:34:50,502 [main] INFO  server.RaftServerConfigKeys (ConfUtils.java:logGet(43)) - raft.server.rpc.request.timeout = 3000ms (default)
2019-10-02 11:34:50,502 [main] INFO  server.RaftServerConfigKeys (ConfUtils.java:logGet(43)) - raft.server.storage.dir = [/workdir/hadoop-ozone/integration-test/target/test-dir/MiniOzoneClusterImpl-01254bcd-b9e8-48c1-94f1-223cf5a25b98/datanode-3/data/ratis] (custom)
2019-10-02 11:34:50,503 [main] INFO  hdfs.DFSUtil (DFSUtil.java:httpServerTemplateForNNAndJN(1641)) - Starting Web-server for hddsDatanode at: http://0.0.0.0:0
2019-10-02 11:34:50,504 [main] INFO  server.AuthenticationFilter (AuthenticationFilter.java:constructSecretProvider(240)) - Unable to initialize FileSignerSecretProvider, falling back to use random secrets.
2019-10-02 11:34:50,505 [main] WARN  http.HttpRequestLog (HttpRequestLog.java:getRequestLog(97)) - Jetty request log can only be enabled using Log4j
2019-10-02 11:34:50,505 [main] INFO  http.HttpServer2 (HttpServer2.java:addGlobalFilter(975)) - Added global filter 'safety' (class=org.apache.hadoop.http.HttpServer2$QuotingInputFilter)
2019-10-02 11:34:50,506 [main] INFO  http.HttpServer2 (HttpServer2.java:addFilter(948)) - Added filter static_user_filter (class=org.apache.hadoop.http.lib.StaticUserWebFilter$StaticUserFilter) to context hddsDatanode
2019-10-02 11:34:50,506 [main] INFO  http.HttpServer2 (HttpServer2.java:addFilter(958)) - Added filter static_user_filter (class=org.apache.hadoop.http.lib.StaticUserWebFilter$StaticUserFilter) to context logs
2019-10-02 11:34:50,506 [main] INFO  http.HttpServer2 (HttpServer2.java:addFilter(958)) - Added filter static_user_filter (class=org.apache.hadoop.http.lib.StaticUserWebFilter$StaticUserFilter) to context static
2019-10-02 11:34:50,506 [main] INFO  http.HttpServer2 (HttpServer2.java:bindListener(1191)) - Jetty bound to port 44310
2019-10-02 11:34:50,507 [main] INFO  server.Server (Server.java:doStart(351)) - jetty-9.3.25.v20180904, build timestamp: 2018-09-04T21:11:46Z, git hash: 3ce520221d0240229c862b122d2b06c12a625732
2019-10-02 11:34:50,508 [main] INFO  handler.ContextHandler (ContextHandler.java:doStart(781)) - Started o.e.j.s.ServletContextHandler@14b4340c{/logs,file:///workdir/hadoop-ozone/integration-test/target/log,AVAILABLE}
2019-10-02 11:34:50,508 [main] INFO  handler.ContextHandler (ContextHandler.java:doStart(781)) - Started o.e.j.s.ServletContextHandler@2fd9fb34{/static,jar:file:/home/user/.m2/repository/org/apache/hadoop/hadoop-hdds-container-service/0.5.0-SNAPSHOT/hadoop-hdds-container-service-0.5.0-SNAPSHOT.jar!/webapps/static,AVAILABLE}
2019-10-02 11:34:50,532 [main] INFO  handler.ContextHandler (ContextHandler.java:doStart(781)) - Started o.e.j.w.WebAppContext@6094de13{/,file:///tmp/jetty-0.0.0.0-44310-hddsDatanode-_-any-3288624392659141258.dir/webapp/,AVAILABLE}{/hddsDatanode}
2019-10-02 11:34:50,532 [main] INFO  server.AbstractConnector (AbstractConnector.java:doStart(278)) - Started ServerConnector@bbb6f0{HTTP/1.1,[http/1.1]}{0.0.0.0:44310}
2019-10-02 11:34:50,534 [main] INFO  server.Server (Server.java:doStart(419)) - Started @211491ms
2019-10-02 11:34:50,534 [main] WARN  impl.MetricsSystemImpl (MetricsSystemImpl.java:register(276)) - Sink prometheus already exists!
2019-10-02 11:34:50,535 [main] INFO  server.BaseHttpServer (BaseHttpServer.java:updateConnectorAddress(215)) - HTTP server of HDDSDATANODE is listening at http://0.0.0.0:44310
2019-10-02 11:34:50,535 [main] INFO  impl.MetricsSystemImpl (MetricsSystemImpl.java:init(158)) - HddsDatanode metrics system started (again)
2019-10-02 11:34:50,539 [org.apache.hadoop.util.JvmPauseMonitor$Monitor@3806175d] INFO  util.JvmPauseMonitor (JvmPauseMonitor.java:run(188)) - Starting JVM pause monitor
2019-10-02 11:34:50,539 [main] INFO  ozone.HddsDatanodeService (HddsDatanodeService.java:start(184)) - HddsDatanodeService host:pr-hdds-2199-dnstouuidmap-dclhp-1004891939 ip:192.168.5.172
2019-10-02 11:34:50,540 [Datanode State Machine Thread - 0] INFO  datanode.InitDatanodeState (InitDatanodeState.java:persistContainerDatanodeDetails(140)) - DatanodeDetails is persisted to /workdir/hadoop-ozone/integration-test/target/test-dir/MiniOzoneClusterImpl-01254bcd-b9e8-48c1-94f1-223cf5a25b98/datanode-3/meta/datanode.id
2019-10-02 11:34:50,544 [main] INFO  volume.HddsVolume (HddsVolume.java:<init>(176)) - Creating Volume: /workdir/hadoop-ozone/integration-test/target/test-dir/MiniOzoneClusterImpl-01254bcd-b9e8-48c1-94f1-223cf5a25b98/datanode-4/data/containers/hdds of  storage type : DISK and capacity : 1482555576320
2019-10-02 11:34:50,545 [main] INFO  volume.VolumeSet (VolumeSet.java:initializeVolumeSet(170)) - Added Volume : /workdir/hadoop-ozone/integration-test/target/test-dir/MiniOzoneClusterImpl-01254bcd-b9e8-48c1-94f1-223cf5a25b98/datanode-4/data/containers/hdds to VolumeSet
2019-10-02 11:34:50,545 [main] INFO  volume.ThrottledAsyncChecker (ThrottledAsyncChecker.java:schedule(139)) - Scheduling a check for org.apache.hadoop.ozone.container.common.volume.HddsVolume@63e5b8aa
2019-10-02 11:34:50,545 [main] INFO  volume.HddsVolumeChecker (HddsVolumeChecker.java:checkAllVolumes(202)) - Scheduled health check for volume org.apache.hadoop.ozone.container.common.volume.HddsVolume@63e5b8aa
2019-10-02 11:34:50,561 [main] INFO  impl.RaftServerProxy (ConfUtils.java:logGet(43)) - raft.rpc.type = GRPC (default)
2019-10-02 11:34:50,562 [main] INFO  grpc.GrpcFactory (GrpcFactory.java:checkPooledByteBufAllocatorUseCacheForAllThreads(45)) - PERFORMANCE WARNING: useCacheForAllThreads is true that may cause Netty to create a lot garbage objects and, as a result, trigger GC.
	It is recommended to disable useCacheForAllThreads by setting -Dorg.apache.ratis.thirdparty.io.netty.allocator.useCacheForAllThreads=false in command line.
2019-10-02 11:34:50,562 [main] INFO  grpc.GrpcConfigKeys$Server (ConfUtils.java:logGet(43)) - raft.grpc.server.port = 0 (default)
2019-10-02 11:34:50,562 [main] INFO  server.GrpcService (ConfUtils.java:logGet(43)) - raft.grpc.message.size.max = 33570816 (custom)
2019-10-02 11:34:50,563 [main] INFO  server.RaftServerConfigKeys (ConfUtils.java:logGet(43)) - raft.server.log.appender.buffer.byte-limit = 33554432 (custom)
2019-10-02 11:34:50,563 [main] INFO  server.GrpcService (ConfUtils.java:logGet(43)) - raft.grpc.flow.control.window = 1MB (=1048576) (default)
2019-10-02 11:34:50,563 [main] INFO  server.RaftServerConfigKeys (ConfUtils.java:logGet(43)) - raft.server.rpc.request.timeout = 3000ms (default)
2019-10-02 11:34:50,563 [main] INFO  server.RaftServerConfigKeys (ConfUtils.java:logGet(43)) - raft.server.storage.dir = [/workdir/hadoop-ozone/integration-test/target/test-dir/MiniOzoneClusterImpl-01254bcd-b9e8-48c1-94f1-223cf5a25b98/datanode-4/data/ratis] (custom)
2019-10-02 11:34:50,565 [main] INFO  hdfs.DFSUtil (DFSUtil.java:httpServerTemplateForNNAndJN(1641)) - Starting Web-server for hddsDatanode at: http://0.0.0.0:0
2019-10-02 11:34:50,566 [main] INFO  server.AuthenticationFilter (AuthenticationFilter.java:constructSecretProvider(240)) - Unable to initialize FileSignerSecretProvider, falling back to use random secrets.
2019-10-02 11:34:50,566 [main] WARN  http.HttpRequestLog (HttpRequestLog.java:getRequestLog(97)) - Jetty request log can only be enabled using Log4j
2019-10-02 11:34:50,567 [main] INFO  http.HttpServer2 (HttpServer2.java:addGlobalFilter(975)) - Added global filter 'safety' (class=org.apache.hadoop.http.HttpServer2$QuotingInputFilter)
2019-10-02 11:34:50,568 [main] INFO  http.HttpServer2 (HttpServer2.java:addFilter(948)) - Added filter static_user_filter (class=org.apache.hadoop.http.lib.StaticUserWebFilter$StaticUserFilter) to context hddsDatanode
2019-10-02 11:34:50,568 [main] INFO  http.HttpServer2 (HttpServer2.java:addFilter(958)) - Added filter static_user_filter (class=org.apache.hadoop.http.lib.StaticUserWebFilter$StaticUserFilter) to context logs
2019-10-02 11:34:50,568 [main] INFO  http.HttpServer2 (HttpServer2.java:addFilter(958)) - Added filter static_user_filter (class=org.apache.hadoop.http.lib.StaticUserWebFilter$StaticUserFilter) to context static
2019-10-02 11:34:50,569 [main] INFO  http.HttpServer2 (HttpServer2.java:bindListener(1191)) - Jetty bound to port 37849
2019-10-02 11:34:50,569 [main] INFO  server.Server (Server.java:doStart(351)) - jetty-9.3.25.v20180904, build timestamp: 2018-09-04T21:11:46Z, git hash: 3ce520221d0240229c862b122d2b06c12a625732
2019-10-02 11:34:50,570 [main] INFO  handler.ContextHandler (ContextHandler.java:doStart(781)) - Started o.e.j.s.ServletContextHandler@70881123{/logs,file:///workdir/hadoop-ozone/integration-test/target/log,AVAILABLE}
2019-10-02 11:34:50,571 [main] INFO  handler.ContextHandler (ContextHandler.java:doStart(781)) - Started o.e.j.s.ServletContextHandler@5e905f2c{/static,jar:file:/home/user/.m2/repository/org/apache/hadoop/hadoop-hdds-container-service/0.5.0-SNAPSHOT/hadoop-hdds-container-service-0.5.0-SNAPSHOT.jar!/webapps/static,AVAILABLE}
2019-10-02 11:34:50,597 [main] INFO  handler.ContextHandler (ContextHandler.java:doStart(781)) - Started o.e.j.w.WebAppContext@6d4a82{/,file:///tmp/jetty-0.0.0.0-37849-hddsDatanode-_-any-1039511125458736278.dir/webapp/,AVAILABLE}{/hddsDatanode}
2019-10-02 11:34:50,598 [main] INFO  server.AbstractConnector (AbstractConnector.java:doStart(278)) - Started ServerConnector@14f060b8{HTTP/1.1,[http/1.1]}{0.0.0.0:37849}
2019-10-02 11:34:50,599 [main] INFO  server.Server (Server.java:doStart(419)) - Started @211556ms
2019-10-02 11:34:50,599 [main] WARN  impl.MetricsSystemImpl (MetricsSystemImpl.java:register(276)) - Sink prometheus already exists!
2019-10-02 11:34:50,599 [main] INFO  server.BaseHttpServer (BaseHttpServer.java:updateConnectorAddress(215)) - HTTP server of HDDSDATANODE is listening at http://0.0.0.0:37849
2019-10-02 11:34:50,600 [main] INFO  impl.MetricsSystemImpl (MetricsSystemImpl.java:init(158)) - HddsDatanode metrics system started (again)
2019-10-02 11:34:50,604 [org.apache.hadoop.util.JvmPauseMonitor$Monitor@140b0372] INFO  util.JvmPauseMonitor (JvmPauseMonitor.java:run(188)) - Starting JVM pause monitor
2019-10-02 11:34:50,604 [main] INFO  ozone.HddsDatanodeService (HddsDatanodeService.java:start(184)) - HddsDatanodeService host:pr-hdds-2199-dnstouuidmap-dclhp-1004891939 ip:192.168.5.172
2019-10-02 11:34:50,605 [Datanode State Machine Thread - 0] INFO  datanode.InitDatanodeState (InitDatanodeState.java:persistContainerDatanodeDetails(140)) - DatanodeDetails is persisted to /workdir/hadoop-ozone/integration-test/target/test-dir/MiniOzoneClusterImpl-01254bcd-b9e8-48c1-94f1-223cf5a25b98/datanode-4/meta/datanode.id
2019-10-02 11:34:50,609 [main] INFO  volume.HddsVolume (HddsVolume.java:<init>(176)) - Creating Volume: /workdir/hadoop-ozone/integration-test/target/test-dir/MiniOzoneClusterImpl-01254bcd-b9e8-48c1-94f1-223cf5a25b98/datanode-5/data/containers/hdds of  storage type : DISK and capacity : 1482555576320
2019-10-02 11:34:50,609 [main] INFO  volume.VolumeSet (VolumeSet.java:initializeVolumeSet(170)) - Added Volume : /workdir/hadoop-ozone/integration-test/target/test-dir/MiniOzoneClusterImpl-01254bcd-b9e8-48c1-94f1-223cf5a25b98/datanode-5/data/containers/hdds to VolumeSet
2019-10-02 11:34:50,609 [main] INFO  volume.ThrottledAsyncChecker (ThrottledAsyncChecker.java:schedule(139)) - Scheduling a check for org.apache.hadoop.ozone.container.common.volume.HddsVolume@132e3594
2019-10-02 11:34:50,610 [main] INFO  volume.HddsVolumeChecker (HddsVolumeChecker.java:checkAllVolumes(202)) - Scheduled health check for volume org.apache.hadoop.ozone.container.common.volume.HddsVolume@132e3594
2019-10-02 11:34:50,622 [main] INFO  impl.RaftServerProxy (ConfUtils.java:logGet(43)) - raft.rpc.type = GRPC (default)
2019-10-02 11:34:50,622 [main] INFO  grpc.GrpcFactory (GrpcFactory.java:checkPooledByteBufAllocatorUseCacheForAllThreads(45)) - PERFORMANCE WARNING: useCacheForAllThreads is true that may cause Netty to create a lot garbage objects and, as a result, trigger GC.
	It is recommended to disable useCacheForAllThreads by setting -Dorg.apache.ratis.thirdparty.io.netty.allocator.useCacheForAllThreads=false in command line.
2019-10-02 11:34:50,622 [main] INFO  grpc.GrpcConfigKeys$Server (ConfUtils.java:logGet(43)) - raft.grpc.server.port = 0 (default)
2019-10-02 11:34:50,623 [main] INFO  server.GrpcService (ConfUtils.java:logGet(43)) - raft.grpc.message.size.max = 33570816 (custom)
2019-10-02 11:34:50,623 [main] INFO  server.RaftServerConfigKeys (ConfUtils.java:logGet(43)) - raft.server.log.appender.buffer.byte-limit = 33554432 (custom)
2019-10-02 11:34:50,623 [main] INFO  server.GrpcService (ConfUtils.java:logGet(43)) - raft.grpc.flow.control.window = 1MB (=1048576) (default)
2019-10-02 11:34:50,623 [main] INFO  server.RaftServerConfigKeys (ConfUtils.java:logGet(43)) - raft.server.rpc.request.timeout = 3000ms (default)
2019-10-02 11:34:50,623 [main] INFO  server.RaftServerConfigKeys (ConfUtils.java:logGet(43)) - raft.server.storage.dir = [/workdir/hadoop-ozone/integration-test/target/test-dir/MiniOzoneClusterImpl-01254bcd-b9e8-48c1-94f1-223cf5a25b98/datanode-5/data/ratis] (custom)
2019-10-02 11:34:50,625 [main] INFO  hdfs.DFSUtil (DFSUtil.java:httpServerTemplateForNNAndJN(1641)) - Starting Web-server for hddsDatanode at: http://0.0.0.0:0
2019-10-02 11:34:50,626 [main] INFO  server.AuthenticationFilter (AuthenticationFilter.java:constructSecretProvider(240)) - Unable to initialize FileSignerSecretProvider, falling back to use random secrets.
2019-10-02 11:34:50,626 [main] WARN  http.HttpRequestLog (HttpRequestLog.java:getRequestLog(97)) - Jetty request log can only be enabled using Log4j
2019-10-02 11:34:50,627 [main] INFO  http.HttpServer2 (HttpServer2.java:addGlobalFilter(975)) - Added global filter 'safety' (class=org.apache.hadoop.http.HttpServer2$QuotingInputFilter)
2019-10-02 11:34:50,627 [main] INFO  http.HttpServer2 (HttpServer2.java:addFilter(948)) - Added filter static_user_filter (class=org.apache.hadoop.http.lib.StaticUserWebFilter$StaticUserFilter) to context hddsDatanode
2019-10-02 11:34:50,627 [main] INFO  http.HttpServer2 (HttpServer2.java:addFilter(958)) - Added filter static_user_filter (class=org.apache.hadoop.http.lib.StaticUserWebFilter$StaticUserFilter) to context logs
2019-10-02 11:34:50,627 [main] INFO  http.HttpServer2 (HttpServer2.java:addFilter(958)) - Added filter static_user_filter (class=org.apache.hadoop.http.lib.StaticUserWebFilter$StaticUserFilter) to context static
2019-10-02 11:34:50,628 [main] INFO  http.HttpServer2 (HttpServer2.java:bindListener(1191)) - Jetty bound to port 34304
2019-10-02 11:34:50,628 [main] INFO  server.Server (Server.java:doStart(351)) - jetty-9.3.25.v20180904, build timestamp: 2018-09-04T21:11:46Z, git hash: 3ce520221d0240229c862b122d2b06c12a625732
2019-10-02 11:34:50,629 [main] INFO  handler.ContextHandler (ContextHandler.java:doStart(781)) - Started o.e.j.s.ServletContextHandler@231b35fb{/logs,file:///workdir/hadoop-ozone/integration-test/target/log,AVAILABLE}
2019-10-02 11:34:50,630 [main] INFO  handler.ContextHandler (ContextHandler.java:doStart(781)) - Started o.e.j.s.ServletContextHandler@3820cfe{/static,jar:file:/home/user/.m2/repository/org/apache/hadoop/hadoop-hdds-container-service/0.5.0-SNAPSHOT/hadoop-hdds-container-service-0.5.0-SNAPSHOT.jar!/webapps/static,AVAILABLE}
2019-10-02 11:34:50,653 [main] INFO  handler.ContextHandler (ContextHandler.java:doStart(781)) - Started o.e.j.w.WebAppContext@21b51e59{/,file:///tmp/jetty-0.0.0.0-34304-hddsDatanode-_-any-9094782737464167513.dir/webapp/,AVAILABLE}{/hddsDatanode}
2019-10-02 11:34:50,654 [main] INFO  server.AbstractConnector (AbstractConnector.java:doStart(278)) - Started ServerConnector@1785d194{HTTP/1.1,[http/1.1]}{0.0.0.0:34304}
2019-10-02 11:34:50,655 [main] INFO  server.Server (Server.java:doStart(419)) - Started @211612ms
2019-10-02 11:34:50,655 [main] WARN  impl.MetricsSystemImpl (MetricsSystemImpl.java:register(276)) - Sink prometheus already exists!
2019-10-02 11:34:50,656 [main] INFO  server.BaseHttpServer (BaseHttpServer.java:updateConnectorAddress(215)) - HTTP server of HDDSDATANODE is listening at http://0.0.0.0:34304
2019-10-02 11:34:50,656 [main] INFO  impl.MetricsSystemImpl (MetricsSystemImpl.java:init(158)) - HddsDatanode metrics system started (again)
2019-10-02 11:34:50,660 [org.apache.hadoop.util.JvmPauseMonitor$Monitor@76724120] INFO  util.JvmPauseMonitor (JvmPauseMonitor.java:run(188)) - Starting JVM pause monitor
2019-10-02 11:34:50,661 [main] INFO  ozone.HddsDatanodeService (HddsDatanodeService.java:start(184)) - HddsDatanodeService host:pr-hdds-2199-dnstouuidmap-dclhp-1004891939 ip:192.168.5.172
2019-10-02 11:34:50,662 [Datanode State Machine Thread - 0] INFO  datanode.InitDatanodeState (InitDatanodeState.java:persistContainerDatanodeDetails(140)) - DatanodeDetails is persisted to /workdir/hadoop-ozone/integration-test/target/test-dir/MiniOzoneClusterImpl-01254bcd-b9e8-48c1-94f1-223cf5a25b98/datanode-5/meta/datanode.id
2019-10-02 11:34:50,666 [main] INFO  volume.HddsVolume (HddsVolume.java:<init>(176)) - Creating Volume: /workdir/hadoop-ozone/integration-test/target/test-dir/MiniOzoneClusterImpl-01254bcd-b9e8-48c1-94f1-223cf5a25b98/datanode-6/data/containers/hdds of  storage type : DISK and capacity : 1482555576320
2019-10-02 11:34:50,667 [main] INFO  volume.VolumeSet (VolumeSet.java:initializeVolumeSet(170)) - Added Volume : /workdir/hadoop-ozone/integration-test/target/test-dir/MiniOzoneClusterImpl-01254bcd-b9e8-48c1-94f1-223cf5a25b98/datanode-6/data/containers/hdds to VolumeSet
2019-10-02 11:34:50,667 [main] INFO  volume.ThrottledAsyncChecker (ThrottledAsyncChecker.java:schedule(139)) - Scheduling a check for org.apache.hadoop.ozone.container.common.volume.HddsVolume@73e4387
2019-10-02 11:34:50,667 [main] INFO  volume.HddsVolumeChecker (HddsVolumeChecker.java:checkAllVolumes(202)) - Scheduled health check for volume org.apache.hadoop.ozone.container.common.volume.HddsVolume@73e4387
2019-10-02 11:34:50,678 [main] INFO  impl.RaftServerProxy (ConfUtils.java:logGet(43)) - raft.rpc.type = GRPC (default)
2019-10-02 11:34:50,678 [main] INFO  grpc.GrpcFactory (GrpcFactory.java:checkPooledByteBufAllocatorUseCacheForAllThreads(45)) - PERFORMANCE WARNING: useCacheForAllThreads is true that may cause Netty to create a lot garbage objects and, as a result, trigger GC.
	It is recommended to disable useCacheForAllThreads by setting -Dorg.apache.ratis.thirdparty.io.netty.allocator.useCacheForAllThreads=false in command line.
2019-10-02 11:34:50,678 [main] INFO  grpc.GrpcConfigKeys$Server (ConfUtils.java:logGet(43)) - raft.grpc.server.port = 0 (default)
2019-10-02 11:34:50,678 [main] INFO  server.GrpcService (ConfUtils.java:logGet(43)) - raft.grpc.message.size.max = 33570816 (custom)
2019-10-02 11:34:50,678 [main] INFO  server.RaftServerConfigKeys (ConfUtils.java:logGet(43)) - raft.server.log.appender.buffer.byte-limit = 33554432 (custom)
2019-10-02 11:34:50,679 [main] INFO  server.GrpcService (ConfUtils.java:logGet(43)) - raft.grpc.flow.control.window = 1MB (=1048576) (default)
2019-10-02 11:34:50,679 [main] INFO  server.RaftServerConfigKeys (ConfUtils.java:logGet(43)) - raft.server.rpc.request.timeout = 3000ms (default)
2019-10-02 11:34:50,679 [main] INFO  server.RaftServerConfigKeys (ConfUtils.java:logGet(43)) - raft.server.storage.dir = [/workdir/hadoop-ozone/integration-test/target/test-dir/MiniOzoneClusterImpl-01254bcd-b9e8-48c1-94f1-223cf5a25b98/datanode-6/data/ratis] (custom)
2019-10-02 11:34:50,680 [main] INFO  hdfs.DFSUtil (DFSUtil.java:httpServerTemplateForNNAndJN(1641)) - Starting Web-server for hddsDatanode at: http://0.0.0.0:0
2019-10-02 11:34:50,681 [main] INFO  server.AuthenticationFilter (AuthenticationFilter.java:constructSecretProvider(240)) - Unable to initialize FileSignerSecretProvider, falling back to use random secrets.
2019-10-02 11:34:50,681 [main] WARN  http.HttpRequestLog (HttpRequestLog.java:getRequestLog(97)) - Jetty request log can only be enabled using Log4j
2019-10-02 11:34:50,682 [main] INFO  http.HttpServer2 (HttpServer2.java:addGlobalFilter(975)) - Added global filter 'safety' (class=org.apache.hadoop.http.HttpServer2$QuotingInputFilter)
2019-10-02 11:34:50,683 [main] INFO  http.HttpServer2 (HttpServer2.java:addFilter(948)) - Added filter static_user_filter (class=org.apache.hadoop.http.lib.StaticUserWebFilter$StaticUserFilter) to context hddsDatanode
2019-10-02 11:34:50,683 [main] INFO  http.HttpServer2 (HttpServer2.java:addFilter(958)) - Added filter static_user_filter (class=org.apache.hadoop.http.lib.StaticUserWebFilter$StaticUserFilter) to context static
2019-10-02 11:34:50,683 [main] INFO  http.HttpServer2 (HttpServer2.java:addFilter(958)) - Added filter static_user_filter (class=org.apache.hadoop.http.lib.StaticUserWebFilter$StaticUserFilter) to context logs
2019-10-02 11:34:50,684 [main] INFO  http.HttpServer2 (HttpServer2.java:bindListener(1191)) - Jetty bound to port 38271
2019-10-02 11:34:50,684 [main] INFO  server.Server (Server.java:doStart(351)) - jetty-9.3.25.v20180904, build timestamp: 2018-09-04T21:11:46Z, git hash: 3ce520221d0240229c862b122d2b06c12a625732
2019-10-02 11:34:50,685 [main] INFO  handler.ContextHandler (ContextHandler.java:doStart(781)) - Started o.e.j.s.ServletContextHandler@93bf0e0{/logs,file:///workdir/hadoop-ozone/integration-test/target/log,AVAILABLE}
2019-10-02 11:34:50,686 [main] INFO  handler.ContextHandler (ContextHandler.java:doStart(781)) - Started o.e.j.s.ServletContextHandler@656842bc{/static,jar:file:/home/user/.m2/repository/org/apache/hadoop/hadoop-hdds-container-service/0.5.0-SNAPSHOT/hadoop-hdds-container-service-0.5.0-SNAPSHOT.jar!/webapps/static,AVAILABLE}
2019-10-02 11:34:50,713 [main] INFO  handler.ContextHandler (ContextHandler.java:doStart(781)) - Started o.e.j.w.WebAppContext@28ee882c{/,file:///tmp/jetty-0.0.0.0-38271-hddsDatanode-_-any-1368765124486948687.dir/webapp/,AVAILABLE}{/hddsDatanode}
2019-10-02 11:34:50,714 [main] INFO  server.AbstractConnector (AbstractConnector.java:doStart(278)) - Started ServerConnector@78d73b1b{HTTP/1.1,[http/1.1]}{0.0.0.0:38271}
2019-10-02 11:34:50,715 [main] INFO  server.Server (Server.java:doStart(419)) - Started @211672ms
2019-10-02 11:34:50,715 [main] WARN  impl.MetricsSystemImpl (MetricsSystemImpl.java:register(276)) - Sink prometheus already exists!
2019-10-02 11:34:50,716 [main] INFO  server.BaseHttpServer (BaseHttpServer.java:updateConnectorAddress(215)) - HTTP server of HDDSDATANODE is listening at http://0.0.0.0:38271
2019-10-02 11:34:50,717 [main] INFO  ozone.MiniOzoneClusterImpl (MiniOzoneClusterImpl.java:lambda$waitForClusterToBeReady$0(147)) - Waiting for cluster to be ready. Got 0 of 7 DN Heartbeats.
2019-10-02 11:34:50,717 [org.apache.hadoop.util.JvmPauseMonitor$Monitor@256e9c7c] INFO  util.JvmPauseMonitor (JvmPauseMonitor.java:run(188)) - Starting JVM pause monitor
2019-10-02 11:34:50,718 [Datanode State Machine Thread - 0] INFO  datanode.InitDatanodeState (InitDatanodeState.java:persistContainerDatanodeDetails(140)) - DatanodeDetails is persisted to /workdir/hadoop-ozone/integration-test/target/test-dir/MiniOzoneClusterImpl-01254bcd-b9e8-48c1-94f1-223cf5a25b98/datanode-6/meta/datanode.id
2019-10-02 11:34:51,717 [main] INFO  ozone.MiniOzoneClusterImpl (MiniOzoneClusterImpl.java:lambda$waitForClusterToBeReady$0(147)) - Waiting for cluster to be ready. Got 0 of 7 DN Heartbeats.
2019-10-02 11:34:52,413 [Datanode State Machine Thread - 0] INFO  ozoneimpl.OzoneContainer (OzoneContainer.java:start(217)) - Attempting to start container services.
2019-10-02 11:34:52,413 [Datanode State Machine Thread - 0] INFO  ozoneimpl.OzoneContainer (OzoneContainer.java:startContainerScrub(179)) - Background container scanner has been disabled.
2019-10-02 11:34:52,413 [Datanode State Machine Thread - 0] INFO  ratis.XceiverServerRatis (XceiverServerRatis.java:start(417)) - Starting XceiverServerRatis 5bc98c9f-31e4-4984-b874-abe18842ad65 at port 0
2019-10-02 11:34:52,419 [Datanode State Machine Thread - 0] INFO  impl.RaftServerProxy (RaftServerProxy.java:lambda$start$3(299)) - 5bc98c9f-31e4-4984-b874-abe18842ad65: start RPC server
2019-10-02 11:34:52,420 [Datanode State Machine Thread - 0] INFO  server.GrpcService (GrpcService.java:startImpl(158)) - 5bc98c9f-31e4-4984-b874-abe18842ad65: GrpcService started, listening on 0.0.0.0/0.0.0.0:36650
2019-10-02 11:34:52,421 [Datanode State Machine Thread - 0] INFO  ratis.XceiverServerRatis (XceiverServerRatis.java:start(427)) - XceiverServerRatis 5bc98c9f-31e4-4984-b874-abe18842ad65 is started using port 36650
2019-10-02 11:34:52,421 [Datanode State Machine Thread - 0] INFO  server.XceiverServerGrpc (XceiverServerGrpc.java:start(149)) - XceiverServerGrpc 5bc98c9f-31e4-4984-b874-abe18842ad65 is started using port 34011
2019-10-02 11:34:52,444 [Datanode State Machine Thread - 0] INFO  ozoneimpl.OzoneContainer (OzoneContainer.java:start(217)) - Attempting to start container services.
2019-10-02 11:34:52,444 [Datanode State Machine Thread - 0] INFO  ozoneimpl.OzoneContainer (OzoneContainer.java:startContainerScrub(179)) - Background container scanner has been disabled.
2019-10-02 11:34:52,445 [Datanode State Machine Thread - 0] INFO  ratis.XceiverServerRatis (XceiverServerRatis.java:start(417)) - Starting XceiverServerRatis fdaab930-5407-41a3-9bac-01c79c9b09d1 at port 0
2019-10-02 11:34:52,449 [Datanode State Machine Thread - 0] INFO  impl.RaftServerProxy (RaftServerProxy.java:lambda$start$3(299)) - fdaab930-5407-41a3-9bac-01c79c9b09d1: start RPC server
2019-10-02 11:34:52,449 [Datanode State Machine Thread - 0] INFO  server.GrpcService (GrpcService.java:startImpl(158)) - fdaab930-5407-41a3-9bac-01c79c9b09d1: GrpcService started, listening on 0.0.0.0/0.0.0.0:42493
2019-10-02 11:34:52,449 [Datanode State Machine Thread - 0] INFO  ratis.XceiverServerRatis (XceiverServerRatis.java:start(427)) - XceiverServerRatis fdaab930-5407-41a3-9bac-01c79c9b09d1 is started using port 42493
2019-10-02 11:34:52,450 [Datanode State Machine Thread - 0] INFO  server.XceiverServerGrpc (XceiverServerGrpc.java:start(149)) - XceiverServerGrpc fdaab930-5407-41a3-9bac-01c79c9b09d1 is started using port 32914
2019-10-02 11:34:52,498 [Datanode State Machine Thread - 0] INFO  ozoneimpl.OzoneContainer (OzoneContainer.java:start(217)) - Attempting to start container services.
2019-10-02 11:34:52,499 [Datanode State Machine Thread - 0] INFO  ozoneimpl.OzoneContainer (OzoneContainer.java:startContainerScrub(179)) - Background container scanner has been disabled.
2019-10-02 11:34:52,499 [Datanode State Machine Thread - 0] INFO  ratis.XceiverServerRatis (XceiverServerRatis.java:start(417)) - Starting XceiverServerRatis 4db9b2a2-7056-42cd-8596-b16c20d80aba at port 0
2019-10-02 11:34:52,505 [Datanode State Machine Thread - 0] INFO  impl.RaftServerProxy (RaftServerProxy.java:lambda$start$3(299)) - 4db9b2a2-7056-42cd-8596-b16c20d80aba: start RPC server
2019-10-02 11:34:52,508 [Datanode State Machine Thread - 0] INFO  server.GrpcService (GrpcService.java:startImpl(158)) - 4db9b2a2-7056-42cd-8596-b16c20d80aba: GrpcService started, listening on 0.0.0.0/0.0.0.0:34818
2019-10-02 11:34:52,508 [Datanode State Machine Thread - 0] INFO  ratis.XceiverServerRatis (XceiverServerRatis.java:start(427)) - XceiverServerRatis 4db9b2a2-7056-42cd-8596-b16c20d80aba is started using port 34818
2019-10-02 11:34:52,508 [Datanode State Machine Thread - 0] INFO  server.XceiverServerGrpc (XceiverServerGrpc.java:start(149)) - XceiverServerGrpc 4db9b2a2-7056-42cd-8596-b16c20d80aba is started using port 44297
2019-10-02 11:34:52,552 [Datanode State Machine Thread - 0] INFO  ozoneimpl.OzoneContainer (OzoneContainer.java:start(217)) - Attempting to start container services.
2019-10-02 11:34:52,552 [Datanode State Machine Thread - 0] INFO  ozoneimpl.OzoneContainer (OzoneContainer.java:startContainerScrub(179)) - Background container scanner has been disabled.
2019-10-02 11:34:52,552 [Datanode State Machine Thread - 0] INFO  ratis.XceiverServerRatis (XceiverServerRatis.java:start(417)) - Starting XceiverServerRatis 2ce1e488-9bfe-4cdd-a912-5807f6fc1d5d at port 0
2019-10-02 11:34:52,558 [Datanode State Machine Thread - 0] INFO  impl.RaftServerProxy (RaftServerProxy.java:lambda$start$3(299)) - 2ce1e488-9bfe-4cdd-a912-5807f6fc1d5d: start RPC server
2019-10-02 11:34:52,560 [Datanode State Machine Thread - 0] INFO  server.GrpcService (GrpcService.java:startImpl(158)) - 2ce1e488-9bfe-4cdd-a912-5807f6fc1d5d: GrpcService started, listening on 0.0.0.0/0.0.0.0:41132
2019-10-02 11:34:52,560 [Datanode State Machine Thread - 0] INFO  ratis.XceiverServerRatis (XceiverServerRatis.java:start(427)) - XceiverServerRatis 2ce1e488-9bfe-4cdd-a912-5807f6fc1d5d is started using port 41132
2019-10-02 11:34:52,561 [Datanode State Machine Thread - 0] INFO  server.XceiverServerGrpc (XceiverServerGrpc.java:start(149)) - XceiverServerGrpc 2ce1e488-9bfe-4cdd-a912-5807f6fc1d5d is started using port 32776
2019-10-02 11:34:52,617 [Datanode State Machine Thread - 0] INFO  ozoneimpl.OzoneContainer (OzoneContainer.java:start(217)) - Attempting to start container services.
2019-10-02 11:34:52,618 [Datanode State Machine Thread - 0] INFO  ozoneimpl.OzoneContainer (OzoneContainer.java:startContainerScrub(179)) - Background container scanner has been disabled.
2019-10-02 11:34:52,618 [Datanode State Machine Thread - 0] INFO  ratis.XceiverServerRatis (XceiverServerRatis.java:start(417)) - Starting XceiverServerRatis 96a22126-b919-4884-837d-759e325b4d05 at port 0
2019-10-02 11:34:52,625 [Datanode State Machine Thread - 0] INFO  impl.RaftServerProxy (RaftServerProxy.java:lambda$start$3(299)) - 96a22126-b919-4884-837d-759e325b4d05: start RPC server
2019-10-02 11:34:52,627 [Datanode State Machine Thread - 0] INFO  server.GrpcService (GrpcService.java:startImpl(158)) - 96a22126-b919-4884-837d-759e325b4d05: GrpcService started, listening on 0.0.0.0/0.0.0.0:45697
2019-10-02 11:34:52,627 [Datanode State Machine Thread - 0] INFO  ratis.XceiverServerRatis (XceiverServerRatis.java:start(427)) - XceiverServerRatis 96a22126-b919-4884-837d-759e325b4d05 is started using port 45697
2019-10-02 11:34:52,629 [Datanode State Machine Thread - 0] INFO  server.XceiverServerGrpc (XceiverServerGrpc.java:start(149)) - XceiverServerGrpc 96a22126-b919-4884-837d-759e325b4d05 is started using port 36140
2019-10-02 11:34:52,673 [Datanode State Machine Thread - 0] INFO  ozoneimpl.OzoneContainer (OzoneContainer.java:start(217)) - Attempting to start container services.
2019-10-02 11:34:52,673 [Datanode State Machine Thread - 0] INFO  ozoneimpl.OzoneContainer (OzoneContainer.java:startContainerScrub(179)) - Background container scanner has been disabled.
2019-10-02 11:34:52,673 [Datanode State Machine Thread - 0] INFO  ratis.XceiverServerRatis (XceiverServerRatis.java:start(417)) - Starting XceiverServerRatis b18ee12f-cc5d-449f-a063-e8da99b2acf5 at port 0
2019-10-02 11:34:52,677 [Datanode State Machine Thread - 0] INFO  impl.RaftServerProxy (RaftServerProxy.java:lambda$start$3(299)) - b18ee12f-cc5d-449f-a063-e8da99b2acf5: start RPC server
2019-10-02 11:34:52,680 [Datanode State Machine Thread - 0] INFO  server.GrpcService (GrpcService.java:startImpl(158)) - b18ee12f-cc5d-449f-a063-e8da99b2acf5: GrpcService started, listening on 0.0.0.0/0.0.0.0:32974
2019-10-02 11:34:52,680 [Datanode State Machine Thread - 0] INFO  ratis.XceiverServerRatis (XceiverServerRatis.java:start(427)) - XceiverServerRatis b18ee12f-cc5d-449f-a063-e8da99b2acf5 is started using port 32974
2019-10-02 11:34:52,680 [Datanode State Machine Thread - 0] INFO  server.XceiverServerGrpc (XceiverServerGrpc.java:start(149)) - XceiverServerGrpc b18ee12f-cc5d-449f-a063-e8da99b2acf5 is started using port 43536
2019-10-02 11:34:52,717 [main] INFO  ozone.MiniOzoneClusterImpl (MiniOzoneClusterImpl.java:lambda$waitForClusterToBeReady$0(147)) - Waiting for cluster to be ready. Got 0 of 7 DN Heartbeats.
2019-10-02 11:34:52,730 [Datanode State Machine Thread - 0] INFO  ozoneimpl.OzoneContainer (OzoneContainer.java:start(217)) - Attempting to start container services.
2019-10-02 11:34:52,731 [Datanode State Machine Thread - 0] INFO  ozoneimpl.OzoneContainer (OzoneContainer.java:startContainerScrub(179)) - Background container scanner has been disabled.
2019-10-02 11:34:52,731 [Datanode State Machine Thread - 0] INFO  ratis.XceiverServerRatis (XceiverServerRatis.java:start(417)) - Starting XceiverServerRatis 2953f136-a798-4fb2-a14e-c5fc2a2ba208 at port 0
2019-10-02 11:34:52,736 [Datanode State Machine Thread - 0] INFO  impl.RaftServerProxy (RaftServerProxy.java:lambda$start$3(299)) - 2953f136-a798-4fb2-a14e-c5fc2a2ba208: start RPC server
2019-10-02 11:34:52,737 [Datanode State Machine Thread - 0] INFO  server.GrpcService (GrpcService.java:startImpl(158)) - 2953f136-a798-4fb2-a14e-c5fc2a2ba208: GrpcService started, listening on 0.0.0.0/0.0.0.0:34697
2019-10-02 11:34:52,737 [Datanode State Machine Thread - 0] INFO  ratis.XceiverServerRatis (XceiverServerRatis.java:start(427)) - XceiverServerRatis 2953f136-a798-4fb2-a14e-c5fc2a2ba208 is started using port 34697
2019-10-02 11:34:52,751 [Datanode State Machine Thread - 0] INFO  server.XceiverServerGrpc (XceiverServerGrpc.java:start(149)) - XceiverServerGrpc 2953f136-a798-4fb2-a14e-c5fc2a2ba208 is started using port 45790
2019-10-02 11:34:53,718 [main] INFO  ozone.MiniOzoneClusterImpl (MiniOzoneClusterImpl.java:lambda$waitForClusterToBeReady$0(147)) - Waiting for cluster to be ready. Got 0 of 7 DN Heartbeats.
2019-10-02 11:34:54,369 [IPC Server handler 0 on 40109] INFO  net.NetworkTopology (NetworkTopologyImpl.java:add(111)) - Added a new node: /default-rack/5bc98c9f-31e4-4984-b874-abe18842ad65
2019-10-02 11:34:54,371 [IPC Server handler 0 on 40109] INFO  node.SCMNodeManager (SCMNodeManager.java:register(269)) - Registered Data node : 5bc98c9f-31e4-4984-b874-abe18842ad65{ip: 192.168.5.172, host: pr-hdds-2199-dnstouuidmap-dclhp-1004891939, networkLocation: /default-rack, certSerialId: null}
2019-10-02 11:34:54,372 [EventQueue-NodeRegistrationContainerReportForDataNodeSafeModeRule] INFO  safemode.SCMSafeModeManager (DataNodeSafeModeRule.java:process(71)) - SCM in safe mode. 1 DataNodes registered, 1 required.
2019-10-02 11:34:54,374 [EventQueue-NodeRegistrationContainerReportForDataNodeSafeModeRule] INFO  safemode.SCMSafeModeManager (SCMSafeModeManager.java:validateSafeModeExitRules(177)) - ScmSafeModeManager, all rules are successfully validated
2019-10-02 11:34:54,374 [EventQueue-NodeRegistrationContainerReportForDataNodeSafeModeRule] INFO  safemode.SCMSafeModeManager (SCMSafeModeManager.java:exitSafeMode(193)) - SCM exiting safe mode.
2019-10-02 11:34:54,381 [grpc-default-executor-7] INFO  impl.RaftServerProxy (RaftServerProxy.java:addNew(89)) - 5bc98c9f-31e4-4984-b874-abe18842ad65: addNew group-CBD18185331B:[5bc98c9f-31e4-4984-b874-abe18842ad65:192.168.5.172:36650] returns group-CBD18185331B:java.util.concurrent.CompletableFuture@9176cd7[Not completed]
2019-10-02 11:34:54,383 [pool-383-thread-1] INFO  impl.RaftServerImpl (RaftServerImpl.java:<init>(95)) - 5bc98c9f-31e4-4984-b874-abe18842ad65: new RaftServerImpl for group-CBD18185331B:[5bc98c9f-31e4-4984-b874-abe18842ad65:192.168.5.172:36650] with ContainerStateMachine:uninitialized
2019-10-02 11:34:54,383 [pool-383-thread-1] INFO  server.RaftServerConfigKeys (ConfUtils.java:logGet(43)) - raft.server.rpc.timeout.min = 5s (custom)
2019-10-02 11:34:54,383 [pool-383-thread-1] INFO  server.RaftServerConfigKeys (ConfUtils.java:logGet(43)) - raft.server.rpc.timeout.max = 5200ms (custom)
2019-10-02 11:34:54,383 [pool-383-thread-1] INFO  server.RaftServerConfigKeys (ConfUtils.java:logGet(43)) - raft.server.rpcslowness.timeout = 120s (custom)
2019-10-02 11:34:54,383 [pool-383-thread-1] INFO  server.RaftServerConfigKeys (ConfUtils.java:logGet(43)) - raft.server.sleep.deviation.threshold = 300 (default)
2019-10-02 11:34:54,383 [pool-383-thread-1] INFO  server.RaftServerConfigKeys (ConfUtils.java:logGet(43)) - raft.server.log.appender.install.snapshot.enabled = false (custom)
2019-10-02 11:34:54,384 [pool-383-thread-1] INFO  impl.RaftServerImpl (ServerState.java:<init>(103)) - 5bc98c9f-31e4-4984-b874-abe18842ad65@group-CBD18185331B: ConfigurationManager, init=-1: [5bc98c9f-31e4-4984-b874-abe18842ad65:192.168.5.172:36650], old=null, confs=<EMPTY_MAP>
2019-10-02 11:34:54,384 [pool-383-thread-1] INFO  server.RaftServerConfigKeys (ConfUtils.java:logGet(43)) - raft.server.storage.dir = [/workdir/hadoop-ozone/integration-test/target/test-dir/MiniOzoneClusterImpl-01254bcd-b9e8-48c1-94f1-223cf5a25b98/datanode-0/data/ratis] (custom)
2019-10-02 11:34:54,384 [pool-383-thread-1] INFO  server.RaftServerConfigKeys (ConfUtils.java:logGet(43)) - raft.server.log.corruption.policy = EXCEPTION (default)
2019-10-02 11:34:54,384 [pool-383-thread-1] INFO  storage.RaftStorageDirectory (RaftStorageDirectory.java:analyzeStorage(246)) - The storage directory /workdir/hadoop-ozone/integration-test/target/test-dir/MiniOzoneClusterImpl-01254bcd-b9e8-48c1-94f1-223cf5a25b98/datanode-0/data/ratis/69e3d7da-c797-49bf-8108-cbd18185331b does not exist. Creating ...
2019-10-02 11:34:54,397 [pool-383-thread-1] INFO  storage.RaftStorageDirectory (RaftStorageDirectory.java:tryLock(328)) - Lock on /workdir/hadoop-ozone/integration-test/target/test-dir/MiniOzoneClusterImpl-01254bcd-b9e8-48c1-94f1-223cf5a25b98/datanode-0/data/ratis/69e3d7da-c797-49bf-8108-cbd18185331b/in_use.lock acquired by nodename 24020@pr-hdds-2199-dnstouuidmap-dclhp-1004891939
2019-10-02 11:34:54,409 [pool-383-thread-1] INFO  storage.RaftStorage (RaftStorage.java:format(84)) - Storage directory /workdir/hadoop-ozone/integration-test/target/test-dir/MiniOzoneClusterImpl-01254bcd-b9e8-48c1-94f1-223cf5a25b98/datanode-0/data/ratis/69e3d7da-c797-49bf-8108-cbd18185331b has been successfully formatted.
2019-10-02 11:34:54,409 [pool-383-thread-1] INFO  ratis.ContainerStateMachine (ContainerStateMachine.java:loadSnapshot(230)) - group-CBD18185331B: The snapshot info is null. Setting the last applied indexto:(t:0, i:~)
2019-10-02 11:34:54,409 [pool-383-thread-1] INFO  server.RaftServerConfigKeys (ConfUtils.java:logGet(43)) - raft.server.notification.no-leader.timeout = 120s (custom)
2019-10-02 11:34:54,410 [pool-383-thread-1] INFO  server.RaftServerConfigKeys (ConfUtils.java:logGet(43)) - raft.server.log.use.memory = false (default)
2019-10-02 11:34:54,410 [pool-383-thread-1] INFO  server.RaftServerConfigKeys (ConfUtils.java:logGet(43)) - raft.server.log.purge.gap = 1000000 (custom)
2019-10-02 11:34:54,410 [pool-383-thread-1] INFO  server.RaftServerConfigKeys (ConfUtils.java:logGet(43)) - raft.server.log.appender.buffer.byte-limit = 33554432 (custom)
2019-10-02 11:34:54,410 [pool-383-thread-1] INFO  server.RaftServerConfigKeys (ConfUtils.java:logGet(43)) - raft.server.log.segment.size.max = 1048576 (custom)
2019-10-02 11:34:54,412 [pool-383-thread-1] INFO  server.RaftServerConfigKeys (ConfUtils.java:logGet(43)) - raft.server.log.segment.cache.num.max = 2 (custom)
2019-10-02 11:34:54,412 [pool-383-thread-1] INFO  segmented.SegmentedRaftLogWorker (SegmentedRaftLogWorker.java:<init>(173)) - new 5bc98c9f-31e4-4984-b874-abe18842ad65@group-CBD18185331B-SegmentedRaftLogWorker for RaftStorage:Storage Directory /workdir/hadoop-ozone/integration-test/target/test-dir/MiniOzoneClusterImpl-01254bcd-b9e8-48c1-94f1-223cf5a25b98/datanode-0/data/ratis/69e3d7da-c797-49bf-8108-cbd18185331b
2019-10-02 11:34:54,412 [pool-383-thread-1] INFO  server.RaftServerConfigKeys (ConfUtils.java:logGet(43)) - raft.server.log.queue.byte-limit = 2147483647 (custom)
2019-10-02 11:34:54,412 [pool-383-thread-1] INFO  server.RaftServerConfigKeys (ConfUtils.java:logGet(43)) - raft.server.log.queue.element-limit = 1024 (custom)
2019-10-02 11:34:54,412 [pool-383-thread-1] INFO  server.RaftServerConfigKeys (ConfUtils.java:logGet(43)) - raft.server.log.segment.size.max = 1048576 (custom)
2019-10-02 11:34:54,412 [pool-383-thread-1] INFO  server.RaftServerConfigKeys (ConfUtils.java:logGet(43)) - raft.server.log.preallocated.size = 16384 (custom)
2019-10-02 11:34:54,413 [pool-383-thread-1] INFO  server.RaftServerConfigKeys (ConfUtils.java:logGet(43)) - raft.server.log.write.buffer.size = 33554432 (custom)
2019-10-02 11:34:54,413 [pool-383-thread-1] INFO  server.RaftServerConfigKeys (ConfUtils.java:logGet(43)) - raft.server.log.force.sync.num = 128 (default)
2019-10-02 11:34:54,413 [pool-383-thread-1] INFO  server.RaftServerConfigKeys (ConfUtils.java:logGet(43)) - raft.server.log.statemachine.data.sync = true (default)
2019-10-02 11:34:54,413 [pool-383-thread-1] INFO  server.RaftServerConfigKeys (ConfUtils.java:logGet(43)) - raft.server.log.statemachine.data.sync.timeout = 10s (default)
2019-10-02 11:34:54,413 [pool-383-thread-1] INFO  server.RaftServerConfigKeys (ConfUtils.java:logGet(43)) - raft.server.log.statemachine.data.sync.timeout.retry = -1 (default)
2019-10-02 11:34:54,413 [pool-383-thread-1] INFO  server.RaftServerConfigKeys (ConfUtils.java:logGet(43)) - raft.server.log.statemachine.data.caching.enabled = true (custom)
2019-10-02 11:34:54,413 [pool-383-thread-1] INFO  segmented.SegmentedRaftLogWorker (SegmentedRaftLogWorker.java:lambda$new$0(128)) - 5bc98c9f-31e4-4984-b874-abe18842ad65@group-CBD18185331B-SegmentedRaftLogWorker: flushIndex: setUnconditionally 0 -> -1
2019-10-02 11:34:54,414 [pool-383-thread-1] INFO  server.RaftServerConfigKeys (ConfUtils.java:logGet(43)) - raft.server.snapshot.auto.trigger.enabled = true (custom)
2019-10-02 11:34:54,414 [pool-383-thread-1] INFO  server.RaftServerConfigKeys (ConfUtils.java:logGet(43)) - raft.server.snapshot.auto.trigger.threshold = 10000 (custom)
2019-10-02 11:34:54,414 [pool-383-thread-1] INFO  server.RaftServerConfigKeys (ConfUtils.java:logGet(43)) - raft.server.snapshot.retention.file.num = 5 (custom)
2019-10-02 11:34:54,414 [pool-383-thread-1] INFO  server.RaftServerConfigKeys (ConfUtils.java:logGet(43)) - raft.server.retrycache.expirytime = 600000ms (custom)
2019-10-02 11:34:54,416 [pool-383-thread-1] INFO  impl.RaftServerImpl (RaftServerImpl.java:start(181)) - 5bc98c9f-31e4-4984-b874-abe18842ad65@group-CBD18185331B: start as a follower, conf=-1: [5bc98c9f-31e4-4984-b874-abe18842ad65:192.168.5.172:36650], old=null
2019-10-02 11:34:54,416 [pool-383-thread-1] INFO  impl.RaftServerImpl (RaftServerImpl.java:setRole(170)) - 5bc98c9f-31e4-4984-b874-abe18842ad65@group-CBD18185331B: changes role from      null to FOLLOWER at term 0 for startAsFollower
2019-10-02 11:34:54,416 [pool-383-thread-1] INFO  impl.RoleInfo (RoleInfo.java:updateAndGet(143)) - 5bc98c9f-31e4-4984-b874-abe18842ad65: start FollowerState
2019-10-02 11:34:54,417 [pool-383-thread-1] INFO  util.JmxRegister (JmxRegister.java:tryRegister(44)) - Successfully registered JMX Bean with object name Ratis:service=RaftServer,group=group-CBD18185331B,id=5bc98c9f-31e4-4984-b874-abe18842ad65
2019-10-02 11:34:54,420 [RatisPipelineUtilsThread] INFO  pipeline.PipelineStateManager (PipelineStateManager.java:addPipeline(56)) - Created pipeline Pipeline[ Id: 69e3d7da-c797-49bf-8108-cbd18185331b, Nodes: 5bc98c9f-31e4-4984-b874-abe18842ad65{ip: 192.168.5.172, host: pr-hdds-2199-dnstouuidmap-dclhp-1004891939, networkLocation: /default-rack, certSerialId: null}, Type:RATIS, Factor:ONE, State:OPEN]
2019-10-02 11:34:54,429 [IPC Server handler 1 on 40109] INFO  net.NetworkTopology (NetworkTopologyImpl.java:add(111)) - Added a new node: /default-rack/fdaab930-5407-41a3-9bac-01c79c9b09d1
2019-10-02 11:34:54,429 [IPC Server handler 1 on 40109] INFO  node.SCMNodeManager (SCMNodeManager.java:register(269)) - Registered Data node : fdaab930-5407-41a3-9bac-01c79c9b09d1{ip: 192.168.5.172, host: pr-hdds-2199-dnstouuidmap-dclhp-1004891939, networkLocation: /default-rack, certSerialId: null}
2019-10-02 11:34:54,435 [grpc-default-executor-7] INFO  impl.RaftServerProxy (RaftServerProxy.java:addNew(89)) - fdaab930-5407-41a3-9bac-01c79c9b09d1: addNew group-165CDB69B3BE:[fdaab930-5407-41a3-9bac-01c79c9b09d1:192.168.5.172:42493] returns group-165CDB69B3BE:java.util.concurrent.CompletableFuture@7d935d7f[Not completed]
2019-10-02 11:34:54,436 [pool-393-thread-1] INFO  impl.RaftServerImpl (RaftServerImpl.java:<init>(95)) - fdaab930-5407-41a3-9bac-01c79c9b09d1: new RaftServerImpl for group-165CDB69B3BE:[fdaab930-5407-41a3-9bac-01c79c9b09d1:192.168.5.172:42493] with ContainerStateMachine:uninitialized
2019-10-02 11:34:54,436 [pool-393-thread-1] INFO  server.RaftServerConfigKeys (ConfUtils.java:logGet(43)) - raft.server.rpc.timeout.min = 5s (custom)
2019-10-02 11:34:54,436 [pool-393-thread-1] INFO  server.RaftServerConfigKeys (ConfUtils.java:logGet(43)) - raft.server.rpc.timeout.max = 5200ms (custom)
2019-10-02 11:34:54,437 [pool-393-thread-1] INFO  server.RaftServerConfigKeys (ConfUtils.java:logGet(43)) - raft.server.rpcslowness.timeout = 120s (custom)
2019-10-02 11:34:54,437 [pool-393-thread-1] INFO  server.RaftServerConfigKeys (ConfUtils.java:logGet(43)) - raft.server.sleep.deviation.threshold = 300 (default)
2019-10-02 11:34:54,437 [pool-393-thread-1] INFO  server.RaftServerConfigKeys (ConfUtils.java:logGet(43)) - raft.server.log.appender.install.snapshot.enabled = false (custom)
2019-10-02 11:34:54,437 [pool-393-thread-1] INFO  impl.RaftServerImpl (ServerState.java:<init>(103)) - fdaab930-5407-41a3-9bac-01c79c9b09d1@group-165CDB69B3BE: ConfigurationManager, init=-1: [fdaab930-5407-41a3-9bac-01c79c9b09d1:192.168.5.172:42493], old=null, confs=<EMPTY_MAP>
2019-10-02 11:34:54,437 [pool-393-thread-1] INFO  server.RaftServerConfigKeys (ConfUtils.java:logGet(43)) - raft.server.storage.dir = [/workdir/hadoop-ozone/integration-test/target/test-dir/MiniOzoneClusterImpl-01254bcd-b9e8-48c1-94f1-223cf5a25b98/datanode-1/data/ratis] (custom)
2019-10-02 11:34:54,437 [pool-393-thread-1] INFO  server.RaftServerConfigKeys (ConfUtils.java:logGet(43)) - raft.server.log.corruption.policy = EXCEPTION (default)
2019-10-02 11:34:54,438 [pool-393-thread-1] INFO  storage.RaftStorageDirectory (RaftStorageDirectory.java:analyzeStorage(246)) - The storage directory /workdir/hadoop-ozone/integration-test/target/test-dir/MiniOzoneClusterImpl-01254bcd-b9e8-48c1-94f1-223cf5a25b98/datanode-1/data/ratis/22d5aff2-9b75-4cbb-a646-165cdb69b3be does not exist. Creating ...
2019-10-02 11:34:54,450 [pool-393-thread-1] INFO  storage.RaftStorageDirectory (RaftStorageDirectory.java:tryLock(328)) - Lock on /workdir/hadoop-ozone/integration-test/target/test-dir/MiniOzoneClusterImpl-01254bcd-b9e8-48c1-94f1-223cf5a25b98/datanode-1/data/ratis/22d5aff2-9b75-4cbb-a646-165cdb69b3be/in_use.lock acquired by nodename 24020@pr-hdds-2199-dnstouuidmap-dclhp-1004891939
2019-10-02 11:34:54,463 [pool-393-thread-1] INFO  storage.RaftStorage (RaftStorage.java:format(84)) - Storage directory /workdir/hadoop-ozone/integration-test/target/test-dir/MiniOzoneClusterImpl-01254bcd-b9e8-48c1-94f1-223cf5a25b98/datanode-1/data/ratis/22d5aff2-9b75-4cbb-a646-165cdb69b3be has been successfully formatted.
2019-10-02 11:34:54,463 [pool-393-thread-1] INFO  ratis.ContainerStateMachine (ContainerStateMachine.java:loadSnapshot(230)) - group-165CDB69B3BE: The snapshot info is null. Setting the last applied indexto:(t:0, i:~)
2019-10-02 11:34:54,463 [pool-393-thread-1] INFO  server.RaftServerConfigKeys (ConfUtils.java:logGet(43)) - raft.server.notification.no-leader.timeout = 120s (custom)
2019-10-02 11:34:54,463 [pool-393-thread-1] INFO  server.RaftServerConfigKeys (ConfUtils.java:logGet(43)) - raft.server.log.use.memory = false (default)
2019-10-02 11:34:54,463 [pool-393-thread-1] INFO  server.RaftServerConfigKeys (ConfUtils.java:logGet(43)) - raft.server.log.purge.gap = 1000000 (custom)
2019-10-02 11:34:54,463 [pool-393-thread-1] INFO  server.RaftServerConfigKeys (ConfUtils.java:logGet(43)) - raft.server.log.appender.buffer.byte-limit = 33554432 (custom)
2019-10-02 11:34:54,464 [pool-393-thread-1] INFO  server.RaftServerConfigKeys (ConfUtils.java:logGet(43)) - raft.server.log.segment.size.max = 1048576 (custom)
2019-10-02 11:34:54,465 [pool-393-thread-1] INFO  server.RaftServerConfigKeys (ConfUtils.java:logGet(43)) - raft.server.log.segment.cache.num.max = 2 (custom)
2019-10-02 11:34:54,465 [pool-393-thread-1] INFO  segmented.SegmentedRaftLogWorker (SegmentedRaftLogWorker.java:<init>(173)) - new fdaab930-5407-41a3-9bac-01c79c9b09d1@group-165CDB69B3BE-SegmentedRaftLogWorker for RaftStorage:Storage Directory /workdir/hadoop-ozone/integration-test/target/test-dir/MiniOzoneClusterImpl-01254bcd-b9e8-48c1-94f1-223cf5a25b98/datanode-1/data/ratis/22d5aff2-9b75-4cbb-a646-165cdb69b3be
2019-10-02 11:34:54,465 [pool-393-thread-1] INFO  server.RaftServerConfigKeys (ConfUtils.java:logGet(43)) - raft.server.log.queue.byte-limit = 2147483647 (custom)
2019-10-02 11:34:54,465 [pool-393-thread-1] INFO  server.RaftServerConfigKeys (ConfUtils.java:logGet(43)) - raft.server.log.queue.element-limit = 1024 (custom)
2019-10-02 11:34:54,465 [pool-393-thread-1] INFO  server.RaftServerConfigKeys (ConfUtils.java:logGet(43)) - raft.server.log.segment.size.max = 1048576 (custom)
2019-10-02 11:34:54,466 [pool-393-thread-1] INFO  server.RaftServerConfigKeys (ConfUtils.java:logGet(43)) - raft.server.log.preallocated.size = 16384 (custom)
2019-10-02 11:34:54,466 [pool-393-thread-1] INFO  server.RaftServerConfigKeys (ConfUtils.java:logGet(43)) - raft.server.log.write.buffer.size = 33554432 (custom)
2019-10-02 11:34:54,466 [pool-393-thread-1] INFO  server.RaftServerConfigKeys (ConfUtils.java:logGet(43)) - raft.server.log.force.sync.num = 128 (default)
2019-10-02 11:34:54,466 [pool-393-thread-1] INFO  server.RaftServerConfigKeys (ConfUtils.java:logGet(43)) - raft.server.log.statemachine.data.sync = true (default)
2019-10-02 11:34:54,466 [pool-393-thread-1] INFO  server.RaftServerConfigKeys (ConfUtils.java:logGet(43)) - raft.server.log.statemachine.data.sync.timeout = 10s (default)
2019-10-02 11:34:54,466 [pool-393-thread-1] INFO  server.RaftServerConfigKeys (ConfUtils.java:logGet(43)) - raft.server.log.statemachine.data.sync.timeout.retry = -1 (default)
2019-10-02 11:34:54,466 [pool-393-thread-1] INFO  server.RaftServerConfigKeys (ConfUtils.java:logGet(43)) - raft.server.log.statemachine.data.caching.enabled = true (custom)
2019-10-02 11:34:54,466 [pool-393-thread-1] INFO  segmented.SegmentedRaftLogWorker (SegmentedRaftLogWorker.java:lambda$new$0(128)) - fdaab930-5407-41a3-9bac-01c79c9b09d1@group-165CDB69B3BE-SegmentedRaftLogWorker: flushIndex: setUnconditionally 0 -> -1
2019-10-02 11:34:54,467 [pool-393-thread-1] INFO  server.RaftServerConfigKeys (ConfUtils.java:logGet(43)) - raft.server.snapshot.auto.trigger.enabled = true (custom)
2019-10-02 11:34:54,467 [pool-393-thread-1] INFO  server.RaftServerConfigKeys (ConfUtils.java:logGet(43)) - raft.server.snapshot.auto.trigger.threshold = 10000 (custom)
2019-10-02 11:34:54,467 [pool-393-thread-1] INFO  server.RaftServerConfigKeys (ConfUtils.java:logGet(43)) - raft.server.snapshot.retention.file.num = 5 (custom)
2019-10-02 11:34:54,467 [pool-393-thread-1] INFO  server.RaftServerConfigKeys (ConfUtils.java:logGet(43)) - raft.server.retrycache.expirytime = 600000ms (custom)
2019-10-02 11:34:54,468 [pool-393-thread-1] INFO  impl.RaftServerImpl (RaftServerImpl.java:start(181)) - fdaab930-5407-41a3-9bac-01c79c9b09d1@group-165CDB69B3BE: start as a follower, conf=-1: [fdaab930-5407-41a3-9bac-01c79c9b09d1:192.168.5.172:42493], old=null
2019-10-02 11:34:54,468 [pool-393-thread-1] INFO  impl.RaftServerImpl (RaftServerImpl.java:setRole(170)) - fdaab930-5407-41a3-9bac-01c79c9b09d1@group-165CDB69B3BE: changes role from      null to FOLLOWER at term 0 for startAsFollower
2019-10-02 11:34:54,468 [pool-393-thread-1] INFO  impl.RoleInfo (RoleInfo.java:updateAndGet(143)) - fdaab930-5407-41a3-9bac-01c79c9b09d1: start FollowerState
2019-10-02 11:34:54,469 [pool-393-thread-1] INFO  util.JmxRegister (JmxRegister.java:tryRegister(44)) - Successfully registered JMX Bean with object name Ratis:service=RaftServer,group=group-165CDB69B3BE,id=fdaab930-5407-41a3-9bac-01c79c9b09d1
2019-10-02 11:34:54,472 [RatisPipelineUtilsThread] INFO  pipeline.PipelineStateManager (PipelineStateManager.java:addPipeline(56)) - Created pipeline Pipeline[ Id: 22d5aff2-9b75-4cbb-a646-165cdb69b3be, Nodes: fdaab930-5407-41a3-9bac-01c79c9b09d1{ip: 192.168.5.172, host: pr-hdds-2199-dnstouuidmap-dclhp-1004891939, networkLocation: /default-rack, certSerialId: null}, Type:RATIS, Factor:ONE, State:OPEN]
2019-10-02 11:34:54,485 [IPC Server handler 3 on 40109] INFO  net.NetworkTopology (NetworkTopologyImpl.java:add(111)) - Added a new node: /default-rack/4db9b2a2-7056-42cd-8596-b16c20d80aba
2019-10-02 11:34:54,486 [IPC Server handler 3 on 40109] INFO  node.SCMNodeManager (SCMNodeManager.java:register(269)) - Registered Data node : 4db9b2a2-7056-42cd-8596-b16c20d80aba{ip: 192.168.5.172, host: pr-hdds-2199-dnstouuidmap-dclhp-1004891939, networkLocation: /default-rack, certSerialId: null}
2019-10-02 11:34:54,492 [grpc-default-executor-7] INFO  impl.RaftServerProxy (RaftServerProxy.java:addNew(89)) - 4db9b2a2-7056-42cd-8596-b16c20d80aba: addNew group-36291DBD880B:[4db9b2a2-7056-42cd-8596-b16c20d80aba:192.168.5.172:34818] returns group-36291DBD880B:java.util.concurrent.CompletableFuture@7bedd68d[Not completed]
2019-10-02 11:34:54,493 [pool-403-thread-1] INFO  impl.RaftServerImpl (RaftServerImpl.java:<init>(95)) - 4db9b2a2-7056-42cd-8596-b16c20d80aba: new RaftServerImpl for group-36291DBD880B:[4db9b2a2-7056-42cd-8596-b16c20d80aba:192.168.5.172:34818] with ContainerStateMachine:uninitialized
2019-10-02 11:34:54,493 [pool-403-thread-1] INFO  server.RaftServerConfigKeys (ConfUtils.java:logGet(43)) - raft.server.rpc.timeout.min = 5s (custom)
2019-10-02 11:34:54,493 [pool-403-thread-1] INFO  server.RaftServerConfigKeys (ConfUtils.java:logGet(43)) - raft.server.rpc.timeout.max = 5200ms (custom)
2019-10-02 11:34:54,493 [pool-403-thread-1] INFO  server.RaftServerConfigKeys (ConfUtils.java:logGet(43)) - raft.server.rpcslowness.timeout = 120s (custom)
2019-10-02 11:34:54,493 [pool-403-thread-1] INFO  server.RaftServerConfigKeys (ConfUtils.java:logGet(43)) - raft.server.sleep.deviation.threshold = 300 (default)
2019-10-02 11:34:54,493 [pool-403-thread-1] INFO  server.RaftServerConfigKeys (ConfUtils.java:logGet(43)) - raft.server.log.appender.install.snapshot.enabled = false (custom)
2019-10-02 11:34:54,493 [pool-403-thread-1] INFO  impl.RaftServerImpl (ServerState.java:<init>(103)) - 4db9b2a2-7056-42cd-8596-b16c20d80aba@group-36291DBD880B: ConfigurationManager, init=-1: [4db9b2a2-7056-42cd-8596-b16c20d80aba:192.168.5.172:34818], old=null, confs=<EMPTY_MAP>
2019-10-02 11:34:54,494 [pool-403-thread-1] INFO  server.RaftServerConfigKeys (ConfUtils.java:logGet(43)) - raft.server.storage.dir = [/workdir/hadoop-ozone/integration-test/target/test-dir/MiniOzoneClusterImpl-01254bcd-b9e8-48c1-94f1-223cf5a25b98/datanode-2/data/ratis] (custom)
2019-10-02 11:34:54,494 [pool-403-thread-1] INFO  server.RaftServerConfigKeys (ConfUtils.java:logGet(43)) - raft.server.log.corruption.policy = EXCEPTION (default)
2019-10-02 11:34:54,494 [pool-403-thread-1] INFO  storage.RaftStorageDirectory (RaftStorageDirectory.java:analyzeStorage(246)) - The storage directory /workdir/hadoop-ozone/integration-test/target/test-dir/MiniOzoneClusterImpl-01254bcd-b9e8-48c1-94f1-223cf5a25b98/datanode-2/data/ratis/4d6d0853-82d1-439e-8644-36291dbd880b does not exist. Creating ...
2019-10-02 11:34:54,506 [pool-403-thread-1] INFO  storage.RaftStorageDirectory (RaftStorageDirectory.java:tryLock(328)) - Lock on /workdir/hadoop-ozone/integration-test/target/test-dir/MiniOzoneClusterImpl-01254bcd-b9e8-48c1-94f1-223cf5a25b98/datanode-2/data/ratis/4d6d0853-82d1-439e-8644-36291dbd880b/in_use.lock acquired by nodename 24020@pr-hdds-2199-dnstouuidmap-dclhp-1004891939
2019-10-02 11:34:54,518 [pool-403-thread-1] INFO  storage.RaftStorage (RaftStorage.java:format(84)) - Storage directory /workdir/hadoop-ozone/integration-test/target/test-dir/MiniOzoneClusterImpl-01254bcd-b9e8-48c1-94f1-223cf5a25b98/datanode-2/data/ratis/4d6d0853-82d1-439e-8644-36291dbd880b has been successfully formatted.
2019-10-02 11:34:54,519 [pool-403-thread-1] INFO  ratis.ContainerStateMachine (ContainerStateMachine.java:loadSnapshot(230)) - group-36291DBD880B: The snapshot info is null. Setting the last applied indexto:(t:0, i:~)
2019-10-02 11:34:54,519 [pool-403-thread-1] INFO  server.RaftServerConfigKeys (ConfUtils.java:logGet(43)) - raft.server.notification.no-leader.timeout = 120s (custom)
2019-10-02 11:34:54,519 [pool-403-thread-1] INFO  server.RaftServerConfigKeys (ConfUtils.java:logGet(43)) - raft.server.log.use.memory = false (default)
2019-10-02 11:34:54,519 [pool-403-thread-1] INFO  server.RaftServerConfigKeys (ConfUtils.java:logGet(43)) - raft.server.log.purge.gap = 1000000 (custom)
2019-10-02 11:34:54,519 [pool-403-thread-1] INFO  server.RaftServerConfigKeys (ConfUtils.java:logGet(43)) - raft.server.log.appender.buffer.byte-limit = 33554432 (custom)
2019-10-02 11:34:54,519 [pool-403-thread-1] INFO  server.RaftServerConfigKeys (ConfUtils.java:logGet(43)) - raft.server.log.segment.size.max = 1048576 (custom)
2019-10-02 11:34:54,521 [pool-403-thread-1] INFO  server.RaftServerConfigKeys (ConfUtils.java:logGet(43)) - raft.server.log.segment.cache.num.max = 2 (custom)
2019-10-02 11:34:54,521 [pool-403-thread-1] INFO  segmented.SegmentedRaftLogWorker (SegmentedRaftLogWorker.java:<init>(173)) - new 4db9b2a2-7056-42cd-8596-b16c20d80aba@group-36291DBD880B-SegmentedRaftLogWorker for RaftStorage:Storage Directory /workdir/hadoop-ozone/integration-test/target/test-dir/MiniOzoneClusterImpl-01254bcd-b9e8-48c1-94f1-223cf5a25b98/datanode-2/data/ratis/4d6d0853-82d1-439e-8644-36291dbd880b
2019-10-02 11:34:54,521 [pool-403-thread-1] INFO  server.RaftServerConfigKeys (ConfUtils.java:logGet(43)) - raft.server.log.queue.byte-limit = 2147483647 (custom)
2019-10-02 11:34:54,521 [pool-403-thread-1] INFO  server.RaftServerConfigKeys (ConfUtils.java:logGet(43)) - raft.server.log.queue.element-limit = 1024 (custom)
2019-10-02 11:34:54,521 [pool-403-thread-1] INFO  server.RaftServerConfigKeys (ConfUtils.java:logGet(43)) - raft.server.log.segment.size.max = 1048576 (custom)
2019-10-02 11:34:54,521 [pool-403-thread-1] INFO  server.RaftServerConfigKeys (ConfUtils.java:logGet(43)) - raft.server.log.preallocated.size = 16384 (custom)
2019-10-02 11:34:54,521 [pool-403-thread-1] INFO  server.RaftServerConfigKeys (ConfUtils.java:logGet(43)) - raft.server.log.write.buffer.size = 33554432 (custom)
2019-10-02 11:34:54,521 [pool-403-thread-1] INFO  server.RaftServerConfigKeys (ConfUtils.java:logGet(43)) - raft.server.log.force.sync.num = 128 (default)
2019-10-02 11:34:54,522 [pool-403-thread-1] INFO  server.RaftServerConfigKeys (ConfUtils.java:logGet(43)) - raft.server.log.statemachine.data.sync = true (default)
2019-10-02 11:34:54,522 [pool-403-thread-1] INFO  server.RaftServerConfigKeys (ConfUtils.java:logGet(43)) - raft.server.log.statemachine.data.sync.timeout = 10s (default)
2019-10-02 11:34:54,522 [pool-403-thread-1] INFO  server.RaftServerConfigKeys (ConfUtils.java:logGet(43)) - raft.server.log.statemachine.data.sync.timeout.retry = -1 (default)
2019-10-02 11:34:54,522 [pool-403-thread-1] INFO  server.RaftServerConfigKeys (ConfUtils.java:logGet(43)) - raft.server.log.statemachine.data.caching.enabled = true (custom)
2019-10-02 11:34:54,522 [pool-403-thread-1] INFO  segmented.SegmentedRaftLogWorker (SegmentedRaftLogWorker.java:lambda$new$0(128)) - 4db9b2a2-7056-42cd-8596-b16c20d80aba@group-36291DBD880B-SegmentedRaftLogWorker: flushIndex: setUnconditionally 0 -> -1
2019-10-02 11:34:54,523 [pool-403-thread-1] INFO  server.RaftServerConfigKeys (ConfUtils.java:logGet(43)) - raft.server.snapshot.auto.trigger.enabled = true (custom)
2019-10-02 11:34:54,523 [pool-403-thread-1] INFO  server.RaftServerConfigKeys (ConfUtils.java:logGet(43)) - raft.server.snapshot.auto.trigger.threshold = 10000 (custom)
2019-10-02 11:34:54,523 [pool-403-thread-1] INFO  server.RaftServerConfigKeys (ConfUtils.java:logGet(43)) - raft.server.snapshot.retention.file.num = 5 (custom)
2019-10-02 11:34:54,523 [pool-403-thread-1] INFO  server.RaftServerConfigKeys (ConfUtils.java:logGet(43)) - raft.server.retrycache.expirytime = 600000ms (custom)
2019-10-02 11:34:54,524 [pool-403-thread-1] INFO  impl.RaftServerImpl (RaftServerImpl.java:start(181)) - 4db9b2a2-7056-42cd-8596-b16c20d80aba@group-36291DBD880B: start as a follower, conf=-1: [4db9b2a2-7056-42cd-8596-b16c20d80aba:192.168.5.172:34818], old=null
2019-10-02 11:34:54,525 [pool-403-thread-1] INFO  impl.RaftServerImpl (RaftServerImpl.java:setRole(170)) - 4db9b2a2-7056-42cd-8596-b16c20d80aba@group-36291DBD880B: changes role from      null to FOLLOWER at term 0 for startAsFollower
2019-10-02 11:34:54,525 [pool-403-thread-1] INFO  impl.RoleInfo (RoleInfo.java:updateAndGet(143)) - 4db9b2a2-7056-42cd-8596-b16c20d80aba: start FollowerState
2019-10-02 11:34:54,525 [pool-403-thread-1] INFO  util.JmxRegister (JmxRegister.java:tryRegister(44)) - Successfully registered JMX Bean with object name Ratis:service=RaftServer,group=group-36291DBD880B,id=4db9b2a2-7056-42cd-8596-b16c20d80aba
2019-10-02 11:34:54,529 [RatisPipelineUtilsThread] INFO  pipeline.PipelineStateManager (PipelineStateManager.java:addPipeline(56)) - Created pipeline Pipeline[ Id: 4d6d0853-82d1-439e-8644-36291dbd880b, Nodes: 4db9b2a2-7056-42cd-8596-b16c20d80aba{ip: 192.168.5.172, host: pr-hdds-2199-dnstouuidmap-dclhp-1004891939, networkLocation: /default-rack, certSerialId: null}, Type:RATIS, Factor:ONE, State:OPEN]
2019-10-02 11:34:54,541 [IPC Server handler 2 on 40109] INFO  net.NetworkTopology (NetworkTopologyImpl.java:add(111)) - Added a new node: /default-rack/2ce1e488-9bfe-4cdd-a912-5807f6fc1d5d
2019-10-02 11:34:54,541 [IPC Server handler 2 on 40109] INFO  node.SCMNodeManager (SCMNodeManager.java:register(269)) - Registered Data node : 2ce1e488-9bfe-4cdd-a912-5807f6fc1d5d{ip: 192.168.5.172, host: pr-hdds-2199-dnstouuidmap-dclhp-1004891939, networkLocation: /default-rack, certSerialId: null}
2019-10-02 11:34:54,543 [grpc-default-executor-1] INFO  impl.RaftServerProxy (RaftServerProxy.java:addNew(89)) - fdaab930-5407-41a3-9bac-01c79c9b09d1: addNew group-A18BFC18C8B4:[5bc98c9f-31e4-4984-b874-abe18842ad65:192.168.5.172:36650, fdaab930-5407-41a3-9bac-01c79c9b09d1:192.168.5.172:42493, 4db9b2a2-7056-42cd-8596-b16c20d80aba:192.168.5.172:34818] returns group-A18BFC18C8B4:java.util.concurrent.CompletableFuture@29c9ea6b[Not completed]
2019-10-02 11:34:54,543 [grpc-default-executor-7] INFO  impl.RaftServerProxy (RaftServerProxy.java:addNew(89)) - 4db9b2a2-7056-42cd-8596-b16c20d80aba: addNew group-A18BFC18C8B4:[5bc98c9f-31e4-4984-b874-abe18842ad65:192.168.5.172:36650, fdaab930-5407-41a3-9bac-01c79c9b09d1:192.168.5.172:42493, 4db9b2a2-7056-42cd-8596-b16c20d80aba:192.168.5.172:34818] returns group-A18BFC18C8B4:java.util.concurrent.CompletableFuture@54d4feed[Not completed]
2019-10-02 11:34:54,544 [grpc-default-executor-7] INFO  impl.RaftServerProxy (RaftServerProxy.java:addNew(89)) - 5bc98c9f-31e4-4984-b874-abe18842ad65: addNew group-A18BFC18C8B4:[5bc98c9f-31e4-4984-b874-abe18842ad65:192.168.5.172:36650, fdaab930-5407-41a3-9bac-01c79c9b09d1:192.168.5.172:42493, 4db9b2a2-7056-42cd-8596-b16c20d80aba:192.168.5.172:34818] returns group-A18BFC18C8B4:java.util.concurrent.CompletableFuture@28745455[Not completed]
2019-10-02 11:34:54,545 [pool-403-thread-1] INFO  impl.RaftServerImpl (RaftServerImpl.java:<init>(95)) - 4db9b2a2-7056-42cd-8596-b16c20d80aba: new RaftServerImpl for group-A18BFC18C8B4:[5bc98c9f-31e4-4984-b874-abe18842ad65:192.168.5.172:36650, fdaab930-5407-41a3-9bac-01c79c9b09d1:192.168.5.172:42493, 4db9b2a2-7056-42cd-8596-b16c20d80aba:192.168.5.172:34818] with ContainerStateMachine:uninitialized
2019-10-02 11:34:54,545 [pool-403-thread-1] INFO  server.RaftServerConfigKeys (ConfUtils.java:logGet(43)) - raft.server.rpc.timeout.min = 5s (custom)
2019-10-02 11:34:54,545 [pool-403-thread-1] INFO  server.RaftServerConfigKeys (ConfUtils.java:logGet(43)) - raft.server.rpc.timeout.max = 5200ms (custom)
2019-10-02 11:34:54,545 [pool-403-thread-1] INFO  server.RaftServerConfigKeys (ConfUtils.java:logGet(43)) - raft.server.rpcslowness.timeout = 120s (custom)
2019-10-02 11:34:54,545 [pool-403-thread-1] INFO  server.RaftServerConfigKeys (ConfUtils.java:logGet(43)) - raft.server.sleep.deviation.threshold = 300 (default)
2019-10-02 11:34:54,545 [pool-403-thread-1] INFO  server.RaftServerConfigKeys (ConfUtils.java:logGet(43)) - raft.server.log.appender.install.snapshot.enabled = false (custom)
2019-10-02 11:34:54,545 [pool-383-thread-1] INFO  impl.RaftServerImpl (RaftServerImpl.java:<init>(95)) - 5bc98c9f-31e4-4984-b874-abe18842ad65: new RaftServerImpl for group-A18BFC18C8B4:[5bc98c9f-31e4-4984-b874-abe18842ad65:192.168.5.172:36650, fdaab930-5407-41a3-9bac-01c79c9b09d1:192.168.5.172:42493, 4db9b2a2-7056-42cd-8596-b16c20d80aba:192.168.5.172:34818] with ContainerStateMachine:uninitialized
2019-10-02 11:34:54,545 [pool-403-thread-1] INFO  impl.RaftServerImpl (ServerState.java:<init>(103)) - 4db9b2a2-7056-42cd-8596-b16c20d80aba@group-A18BFC18C8B4: ConfigurationManager, init=-1: [5bc98c9f-31e4-4984-b874-abe18842ad65:192.168.5.172:36650, fdaab930-5407-41a3-9bac-01c79c9b09d1:192.168.5.172:42493, 4db9b2a2-7056-42cd-8596-b16c20d80aba:192.168.5.172:34818], old=null, confs=<EMPTY_MAP>
2019-10-02 11:34:54,546 [pool-383-thread-1] INFO  server.RaftServerConfigKeys (ConfUtils.java:logGet(43)) - raft.server.rpc.timeout.min = 5s (custom)
2019-10-02 11:34:54,546 [pool-403-thread-1] INFO  server.RaftServerConfigKeys (ConfUtils.java:logGet(43)) - raft.server.storage.dir = [/workdir/hadoop-ozone/integration-test/target/test-dir/MiniOzoneClusterImpl-01254bcd-b9e8-48c1-94f1-223cf5a25b98/datanode-2/data/ratis] (custom)
2019-10-02 11:34:54,546 [pool-383-thread-1] INFO  server.RaftServerConfigKeys (ConfUtils.java:logGet(43)) - raft.server.rpc.timeout.max = 5200ms (custom)
2019-10-02 11:34:54,546 [pool-383-thread-1] INFO  server.RaftServerConfigKeys (ConfUtils.java:logGet(43)) - raft.server.rpcslowness.timeout = 120s (custom)
2019-10-02 11:34:54,546 [pool-403-thread-1] INFO  server.RaftServerConfigKeys (ConfUtils.java:logGet(43)) - raft.server.log.corruption.policy = EXCEPTION (default)
2019-10-02 11:34:54,546 [pool-383-thread-1] INFO  server.RaftServerConfigKeys (ConfUtils.java:logGet(43)) - raft.server.sleep.deviation.threshold = 300 (default)
2019-10-02 11:34:54,546 [pool-403-thread-1] INFO  storage.RaftStorageDirectory (RaftStorageDirectory.java:analyzeStorage(246)) - The storage directory /workdir/hadoop-ozone/integration-test/target/test-dir/MiniOzoneClusterImpl-01254bcd-b9e8-48c1-94f1-223cf5a25b98/datanode-2/data/ratis/4d758cfe-8963-40c7-a99d-a18bfc18c8b4 does not exist. Creating ...
2019-10-02 11:34:54,547 [pool-383-thread-1] INFO  server.RaftServerConfigKeys (ConfUtils.java:logGet(43)) - raft.server.log.appender.install.snapshot.enabled = false (custom)
2019-10-02 11:34:54,547 [pool-393-thread-1] INFO  impl.RaftServerImpl (RaftServerImpl.java:<init>(95)) - fdaab930-5407-41a3-9bac-01c79c9b09d1: new RaftServerImpl for group-A18BFC18C8B4:[5bc98c9f-31e4-4984-b874-abe18842ad65:192.168.5.172:36650, fdaab930-5407-41a3-9bac-01c79c9b09d1:192.168.5.172:42493, 4db9b2a2-7056-42cd-8596-b16c20d80aba:192.168.5.172:34818] with ContainerStateMachine:uninitialized
2019-10-02 11:34:54,547 [pool-383-thread-1] INFO  impl.RaftServerImpl (ServerState.java:<init>(103)) - 5bc98c9f-31e4-4984-b874-abe18842ad65@group-A18BFC18C8B4: ConfigurationManager, init=-1: [5bc98c9f-31e4-4984-b874-abe18842ad65:192.168.5.172:36650, fdaab930-5407-41a3-9bac-01c79c9b09d1:192.168.5.172:42493, 4db9b2a2-7056-42cd-8596-b16c20d80aba:192.168.5.172:34818], old=null, confs=<EMPTY_MAP>
2019-10-02 11:34:54,547 [pool-393-thread-1] INFO  server.RaftServerConfigKeys (ConfUtils.java:logGet(43)) - raft.server.rpc.timeout.min = 5s (custom)
2019-10-02 11:34:54,547 [pool-383-thread-1] INFO  server.RaftServerConfigKeys (ConfUtils.java:logGet(43)) - raft.server.storage.dir = [/workdir/hadoop-ozone/integration-test/target/test-dir/MiniOzoneClusterImpl-01254bcd-b9e8-48c1-94f1-223cf5a25b98/datanode-0/data/ratis] (custom)
2019-10-02 11:34:54,547 [pool-393-thread-1] INFO  server.RaftServerConfigKeys (ConfUtils.java:logGet(43)) - raft.server.rpc.timeout.max = 5200ms (custom)
2019-10-02 11:34:54,547 [pool-383-thread-1] INFO  server.RaftServerConfigKeys (ConfUtils.java:logGet(43)) - raft.server.log.corruption.policy = EXCEPTION (default)
2019-10-02 11:34:54,547 [pool-393-thread-1] INFO  server.RaftServerConfigKeys (ConfUtils.java:logGet(43)) - raft.server.rpcslowness.timeout = 120s (custom)
2019-10-02 11:34:54,548 [pool-383-thread-1] INFO  storage.RaftStorageDirectory (RaftStorageDirectory.java:analyzeStorage(246)) - The storage directory /workdir/hadoop-ozone/integration-test/target/test-dir/MiniOzoneClusterImpl-01254bcd-b9e8-48c1-94f1-223cf5a25b98/datanode-0/data/ratis/4d758cfe-8963-40c7-a99d-a18bfc18c8b4 does not exist. Creating ...
2019-10-02 11:34:54,548 [pool-393-thread-1] INFO  server.RaftServerConfigKeys (ConfUtils.java:logGet(43)) - raft.server.sleep.deviation.threshold = 300 (default)
2019-10-02 11:34:54,548 [pool-393-thread-1] INFO  server.RaftServerConfigKeys (ConfUtils.java:logGet(43)) - raft.server.log.appender.install.snapshot.enabled = false (custom)
2019-10-02 11:34:54,548 [pool-393-thread-1] INFO  impl.RaftServerImpl (ServerState.java:<init>(103)) - fdaab930-5407-41a3-9bac-01c79c9b09d1@group-A18BFC18C8B4: ConfigurationManager, init=-1: [5bc98c9f-31e4-4984-b874-abe18842ad65:192.168.5.172:36650, fdaab930-5407-41a3-9bac-01c79c9b09d1:192.168.5.172:42493, 4db9b2a2-7056-42cd-8596-b16c20d80aba:192.168.5.172:34818], old=null, confs=<EMPTY_MAP>
2019-10-02 11:34:54,548 [pool-393-thread-1] INFO  server.RaftServerConfigKeys (ConfUtils.java:logGet(43)) - raft.server.storage.dir = [/workdir/hadoop-ozone/integration-test/target/test-dir/MiniOzoneClusterImpl-01254bcd-b9e8-48c1-94f1-223cf5a25b98/datanode-1/data/ratis] (custom)
2019-10-02 11:34:54,549 [pool-393-thread-1] INFO  server.RaftServerConfigKeys (ConfUtils.java:logGet(43)) - raft.server.log.corruption.policy = EXCEPTION (default)
2019-10-02 11:34:54,549 [pool-393-thread-1] INFO  storage.RaftStorageDirectory (RaftStorageDirectory.java:analyzeStorage(246)) - The storage directory /workdir/hadoop-ozone/integration-test/target/test-dir/MiniOzoneClusterImpl-01254bcd-b9e8-48c1-94f1-223cf5a25b98/datanode-1/data/ratis/4d758cfe-8963-40c7-a99d-a18bfc18c8b4 does not exist. Creating ...
2019-10-02 11:34:54,560 [pool-383-thread-1] INFO  storage.RaftStorageDirectory (RaftStorageDirectory.java:tryLock(328)) - Lock on /workdir/hadoop-ozone/integration-test/target/test-dir/MiniOzoneClusterImpl-01254bcd-b9e8-48c1-94f1-223cf5a25b98/datanode-0/data/ratis/4d758cfe-8963-40c7-a99d-a18bfc18c8b4/in_use.lock acquired by nodename 24020@pr-hdds-2199-dnstouuidmap-dclhp-1004891939
2019-10-02 11:34:54,560 [pool-393-thread-1] INFO  storage.RaftStorageDirectory (RaftStorageDirectory.java:tryLock(328)) - Lock on /workdir/hadoop-ozone/integration-test/target/test-dir/MiniOzoneClusterImpl-01254bcd-b9e8-48c1-94f1-223cf5a25b98/datanode-1/data/ratis/4d758cfe-8963-40c7-a99d-a18bfc18c8b4/in_use.lock acquired by nodename 24020@pr-hdds-2199-dnstouuidmap-dclhp-1004891939
2019-10-02 11:34:54,560 [pool-403-thread-1] INFO  storage.RaftStorageDirectory (RaftStorageDirectory.java:tryLock(328)) - Lock on /workdir/hadoop-ozone/integration-test/target/test-dir/MiniOzoneClusterImpl-01254bcd-b9e8-48c1-94f1-223cf5a25b98/datanode-2/data/ratis/4d758cfe-8963-40c7-a99d-a18bfc18c8b4/in_use.lock acquired by nodename 24020@pr-hdds-2199-dnstouuidmap-dclhp-1004891939
2019-10-02 11:34:54,574 [pool-393-thread-1] INFO  storage.RaftStorage (RaftStorage.java:format(84)) - Storage directory /workdir/hadoop-ozone/integration-test/target/test-dir/MiniOzoneClusterImpl-01254bcd-b9e8-48c1-94f1-223cf5a25b98/datanode-1/data/ratis/4d758cfe-8963-40c7-a99d-a18bfc18c8b4 has been successfully formatted.
2019-10-02 11:34:54,574 [pool-403-thread-1] INFO  storage.RaftStorage (RaftStorage.java:format(84)) - Storage directory /workdir/hadoop-ozone/integration-test/target/test-dir/MiniOzoneClusterImpl-01254bcd-b9e8-48c1-94f1-223cf5a25b98/datanode-2/data/ratis/4d758cfe-8963-40c7-a99d-a18bfc18c8b4 has been successfully formatted.
2019-10-02 11:34:54,574 [pool-383-thread-1] INFO  storage.RaftStorage (RaftStorage.java:format(84)) - Storage directory /workdir/hadoop-ozone/integration-test/target/test-dir/MiniOzoneClusterImpl-01254bcd-b9e8-48c1-94f1-223cf5a25b98/datanode-0/data/ratis/4d758cfe-8963-40c7-a99d-a18bfc18c8b4 has been successfully formatted.
2019-10-02 11:34:54,574 [pool-403-thread-1] INFO  ratis.ContainerStateMachine (ContainerStateMachine.java:loadSnapshot(230)) - group-A18BFC18C8B4: The snapshot info is null. Setting the last applied indexto:(t:0, i:~)
2019-10-02 11:34:54,574 [pool-393-thread-1] INFO  ratis.ContainerStateMachine (ContainerStateMachine.java:loadSnapshot(230)) - group-A18BFC18C8B4: The snapshot info is null. Setting the last applied indexto:(t:0, i:~)
2019-10-02 11:34:54,574 [pool-403-thread-1] INFO  server.RaftServerConfigKeys (ConfUtils.java:logGet(43)) - raft.server.notification.no-leader.timeout = 120s (custom)
2019-10-02 11:34:54,574 [pool-383-thread-1] INFO  ratis.ContainerStateMachine (ContainerStateMachine.java:loadSnapshot(230)) - group-A18BFC18C8B4: The snapshot info is null. Setting the last applied indexto:(t:0, i:~)
2019-10-02 11:34:54,575 [pool-403-thread-1] INFO  server.RaftServerConfigKeys (ConfUtils.java:logGet(43)) - raft.server.log.use.memory = false (default)
2019-10-02 11:34:54,575 [pool-393-thread-1] INFO  server.RaftServerConfigKeys (ConfUtils.java:logGet(43)) - raft.server.notification.no-leader.timeout = 120s (custom)
2019-10-02 11:34:54,575 [pool-403-thread-1] INFO  server.RaftServerConfigKeys (ConfUtils.java:logGet(43)) - raft.server.log.purge.gap = 1000000 (custom)
2019-10-02 11:34:54,575 [pool-383-thread-1] INFO  server.RaftServerConfigKeys (ConfUtils.java:logGet(43)) - raft.server.notification.no-leader.timeout = 120s (custom)
2019-10-02 11:34:54,575 [pool-403-thread-1] INFO  server.RaftServerConfigKeys (ConfUtils.java:logGet(43)) - raft.server.log.appender.buffer.byte-limit = 33554432 (custom)
2019-10-02 11:34:54,575 [pool-393-thread-1] INFO  server.RaftServerConfigKeys (ConfUtils.java:logGet(43)) - raft.server.log.use.memory = false (default)
2019-10-02 11:34:54,576 [pool-403-thread-1] INFO  server.RaftServerConfigKeys (ConfUtils.java:logGet(43)) - raft.server.log.segment.size.max = 1048576 (custom)
2019-10-02 11:34:54,575 [pool-383-thread-1] INFO  server.RaftServerConfigKeys (ConfUtils.java:logGet(43)) - raft.server.log.use.memory = false (default)
2019-10-02 11:34:54,576 [pool-403-thread-1] INFO  server.RaftServerConfigKeys (ConfUtils.java:logGet(43)) - raft.server.log.segment.cache.num.max = 2 (custom)
2019-10-02 11:34:54,576 [pool-393-thread-1] INFO  server.RaftServerConfigKeys (ConfUtils.java:logGet(43)) - raft.server.log.purge.gap = 1000000 (custom)
2019-10-02 11:34:54,576 [pool-403-thread-1] INFO  segmented.SegmentedRaftLogWorker (SegmentedRaftLogWorker.java:<init>(173)) - new 4db9b2a2-7056-42cd-8596-b16c20d80aba@group-A18BFC18C8B4-SegmentedRaftLogWorker for RaftStorage:Storage Directory /workdir/hadoop-ozone/integration-test/target/test-dir/MiniOzoneClusterImpl-01254bcd-b9e8-48c1-94f1-223cf5a25b98/datanode-2/data/ratis/4d758cfe-8963-40c7-a99d-a18bfc18c8b4
2019-10-02 11:34:54,576 [pool-383-thread-1] INFO  server.RaftServerConfigKeys (ConfUtils.java:logGet(43)) - raft.server.log.purge.gap = 1000000 (custom)
2019-10-02 11:34:54,576 [pool-403-thread-1] INFO  server.RaftServerConfigKeys (ConfUtils.java:logGet(43)) - raft.server.log.queue.byte-limit = 2147483647 (custom)
2019-10-02 11:34:54,576 [pool-393-thread-1] INFO  server.RaftServerConfigKeys (ConfUtils.java:logGet(43)) - raft.server.log.appender.buffer.byte-limit = 33554432 (custom)
2019-10-02 11:34:54,577 [pool-403-thread-1] INFO  server.RaftServerConfigKeys (ConfUtils.java:logGet(43)) - raft.server.log.queue.element-limit = 1024 (custom)
2019-10-02 11:34:54,577 [pool-383-thread-1] INFO  server.RaftServerConfigKeys (ConfUtils.java:logGet(43)) - raft.server.log.appender.buffer.byte-limit = 33554432 (custom)
2019-10-02 11:34:54,577 [pool-403-thread-1] INFO  server.RaftServerConfigKeys (ConfUtils.java:logGet(43)) - raft.server.log.segment.size.max = 1048576 (custom)
2019-10-02 11:34:54,577 [pool-393-thread-1] INFO  server.RaftServerConfigKeys (ConfUtils.java:logGet(43)) - raft.server.log.segment.size.max = 1048576 (custom)
2019-10-02 11:34:54,577 [pool-403-thread-1] INFO  server.RaftServerConfigKeys (ConfUtils.java:logGet(43)) - raft.server.log.preallocated.size = 16384 (custom)
2019-10-02 11:34:54,577 [pool-383-thread-1] INFO  server.RaftServerConfigKeys (ConfUtils.java:logGet(43)) - raft.server.log.segment.size.max = 1048576 (custom)
2019-10-02 11:34:54,577 [pool-403-thread-1] INFO  server.RaftServerConfigKeys (ConfUtils.java:logGet(43)) - raft.server.log.write.buffer.size = 33554432 (custom)
2019-10-02 11:34:54,577 [pool-393-thread-1] INFO  server.RaftServerConfigKeys (ConfUtils.java:logGet(43)) - raft.server.log.segment.cache.num.max = 2 (custom)
2019-10-02 11:34:54,578 [pool-403-thread-1] INFO  server.RaftServerConfigKeys (ConfUtils.java:logGet(43)) - raft.server.log.force.sync.num = 128 (default)
2019-10-02 11:34:54,578 [pool-383-thread-1] INFO  server.RaftServerConfigKeys (ConfUtils.java:logGet(43)) - raft.server.log.segment.cache.num.max = 2 (custom)
2019-10-02 11:34:54,578 [pool-403-thread-1] INFO  server.RaftServerConfigKeys (ConfUtils.java:logGet(43)) - raft.server.log.statemachine.data.sync = true (default)
2019-10-02 11:34:54,578 [pool-393-thread-1] INFO  segmented.SegmentedRaftLogWorker (SegmentedRaftLogWorker.java:<init>(173)) - new fdaab930-5407-41a3-9bac-01c79c9b09d1@group-A18BFC18C8B4-SegmentedRaftLogWorker for RaftStorage:Storage Directory /workdir/hadoop-ozone/integration-test/target/test-dir/MiniOzoneClusterImpl-01254bcd-b9e8-48c1-94f1-223cf5a25b98/datanode-1/data/ratis/4d758cfe-8963-40c7-a99d-a18bfc18c8b4
2019-10-02 11:34:54,578 [pool-403-thread-1] INFO  server.RaftServerConfigKeys (ConfUtils.java:logGet(43)) - raft.server.log.statemachine.data.sync.timeout = 10s (default)
2019-10-02 11:34:54,578 [pool-383-thread-1] INFO  segmented.SegmentedRaftLogWorker (SegmentedRaftLogWorker.java:<init>(173)) - new 5bc98c9f-31e4-4984-b874-abe18842ad65@group-A18BFC18C8B4-SegmentedRaftLogWorker for RaftStorage:Storage Directory /workdir/hadoop-ozone/integration-test/target/test-dir/MiniOzoneClusterImpl-01254bcd-b9e8-48c1-94f1-223cf5a25b98/datanode-0/data/ratis/4d758cfe-8963-40c7-a99d-a18bfc18c8b4
2019-10-02 11:34:54,579 [pool-403-thread-1] INFO  server.RaftServerConfigKeys (ConfUtils.java:logGet(43)) - raft.server.log.statemachine.data.sync.timeout.retry = -1 (default)
2019-10-02 11:34:54,578 [pool-393-thread-1] INFO  server.RaftServerConfigKeys (ConfUtils.java:logGet(43)) - raft.server.log.queue.byte-limit = 2147483647 (custom)
2019-10-02 11:34:54,579 [pool-403-thread-1] INFO  server.RaftServerConfigKeys (ConfUtils.java:logGet(43)) - raft.server.log.statemachine.data.caching.enabled = true (custom)
2019-10-02 11:34:54,579 [pool-383-thread-1] INFO  server.RaftServerConfigKeys (ConfUtils.java:logGet(43)) - raft.server.log.queue.byte-limit = 2147483647 (custom)
2019-10-02 11:34:54,579 [pool-393-thread-1] INFO  server.RaftServerConfigKeys (ConfUtils.java:logGet(43)) - raft.server.log.queue.element-limit = 1024 (custom)
2019-10-02 11:34:54,579 [pool-403-thread-1] INFO  segmented.SegmentedRaftLogWorker (SegmentedRaftLogWorker.java:lambda$new$0(128)) - 4db9b2a2-7056-42cd-8596-b16c20d80aba@group-A18BFC18C8B4-SegmentedRaftLogWorker: flushIndex: setUnconditionally 0 -> -1
2019-10-02 11:34:54,579 [pool-383-thread-1] INFO  server.RaftServerConfigKeys (ConfUtils.java:logGet(43)) - raft.server.log.queue.element-limit = 1024 (custom)
2019-10-02 11:34:54,580 [pool-403-thread-1] INFO  server.RaftServerConfigKeys (ConfUtils.java:logGet(43)) - raft.server.snapshot.auto.trigger.enabled = true (custom)
2019-10-02 11:34:54,580 [pool-383-thread-1] INFO  server.RaftServerConfigKeys (ConfUtils.java:logGet(43)) - raft.server.log.segment.size.max = 1048576 (custom)
2019-10-02 11:34:54,579 [pool-393-thread-1] INFO  server.RaftServerConfigKeys (ConfUtils.java:logGet(43)) - raft.server.log.segment.size.max = 1048576 (custom)
2019-10-02 11:34:54,580 [pool-383-thread-1] INFO  server.RaftServerConfigKeys (ConfUtils.java:logGet(43)) - raft.server.log.preallocated.size = 16384 (custom)
2019-10-02 11:34:54,580 [pool-403-thread-1] INFO  server.RaftServerConfigKeys (ConfUtils.java:logGet(43)) - raft.server.snapshot.auto.trigger.threshold = 10000 (custom)
2019-10-02 11:34:54,580 [pool-383-thread-1] INFO  server.RaftServerConfigKeys (ConfUtils.java:logGet(43)) - raft.server.log.write.buffer.size = 33554432 (custom)
2019-10-02 11:34:54,580 [pool-393-thread-1] INFO  server.RaftServerConfigKeys (ConfUtils.java:logGet(43)) - raft.server.log.preallocated.size = 16384 (custom)
2019-10-02 11:34:54,581 [pool-383-thread-1] INFO  server.RaftServerConfigKeys (ConfUtils.java:logGet(43)) - raft.server.log.force.sync.num = 128 (default)
2019-10-02 11:34:54,580 [pool-403-thread-1] INFO  server.RaftServerConfigKeys (ConfUtils.java:logGet(43)) - raft.server.snapshot.retention.file.num = 5 (custom)
2019-10-02 11:34:54,581 [pool-383-thread-1] INFO  server.RaftServerConfigKeys (ConfUtils.java:logGet(43)) - raft.server.log.statemachine.data.sync = true (default)
2019-10-02 11:34:54,581 [pool-393-thread-1] INFO  server.RaftServerConfigKeys (ConfUtils.java:logGet(43)) - raft.server.log.write.buffer.size = 33554432 (custom)
2019-10-02 11:34:54,581 [pool-383-thread-1] INFO  server.RaftServerConfigKeys (ConfUtils.java:logGet(43)) - raft.server.log.statemachine.data.sync.timeout = 10s (default)
2019-10-02 11:34:54,581 [pool-403-thread-1] INFO  server.RaftServerConfigKeys (ConfUtils.java:logGet(43)) - raft.server.retrycache.expirytime = 600000ms (custom)
2019-10-02 11:34:54,581 [pool-383-thread-1] INFO  server.RaftServerConfigKeys (ConfUtils.java:logGet(43)) - raft.server.log.statemachine.data.sync.timeout.retry = -1 (default)
2019-10-02 11:34:54,581 [pool-393-thread-1] INFO  server.RaftServerConfigKeys (ConfUtils.java:logGet(43)) - raft.server.log.force.sync.num = 128 (default)
2019-10-02 11:34:54,582 [pool-383-thread-1] INFO  server.RaftServerConfigKeys (ConfUtils.java:logGet(43)) - raft.server.log.statemachine.data.caching.enabled = true (custom)
2019-10-02 11:34:54,582 [pool-393-thread-1] INFO  server.RaftServerConfigKeys (ConfUtils.java:logGet(43)) - raft.server.log.statemachine.data.sync = true (default)
2019-10-02 11:34:54,582 [pool-393-thread-1] INFO  server.RaftServerConfigKeys (ConfUtils.java:logGet(43)) - raft.server.log.statemachine.data.sync.timeout = 10s (default)
2019-10-02 11:34:54,582 [pool-383-thread-1] INFO  segmented.SegmentedRaftLogWorker (SegmentedRaftLogWorker.java:lambda$new$0(128)) - 5bc98c9f-31e4-4984-b874-abe18842ad65@group-A18BFC18C8B4-SegmentedRaftLogWorker: flushIndex: setUnconditionally 0 -> -1
2019-10-02 11:34:54,582 [pool-393-thread-1] INFO  server.RaftServerConfigKeys (ConfUtils.java:logGet(43)) - raft.server.log.statemachine.data.sync.timeout.retry = -1 (default)
2019-10-02 11:34:54,583 [pool-383-thread-1] INFO  server.RaftServerConfigKeys (ConfUtils.java:logGet(43)) - raft.server.snapshot.auto.trigger.enabled = true (custom)
2019-10-02 11:34:54,583 [pool-393-thread-1] INFO  server.RaftServerConfigKeys (ConfUtils.java:logGet(43)) - raft.server.log.statemachine.data.caching.enabled = true (custom)
2019-10-02 11:34:54,583 [pool-383-thread-1] INFO  server.RaftServerConfigKeys (ConfUtils.java:logGet(43)) - raft.server.snapshot.auto.trigger.threshold = 10000 (custom)
2019-10-02 11:34:54,583 [pool-393-thread-1] INFO  segmented.SegmentedRaftLogWorker (SegmentedRaftLogWorker.java:lambda$new$0(128)) - fdaab930-5407-41a3-9bac-01c79c9b09d1@group-A18BFC18C8B4-SegmentedRaftLogWorker: flushIndex: setUnconditionally 0 -> -1
2019-10-02 11:34:54,583 [pool-383-thread-1] INFO  server.RaftServerConfigKeys (ConfUtils.java:logGet(43)) - raft.server.snapshot.retention.file.num = 5 (custom)
2019-10-02 11:34:54,583 [pool-393-thread-1] INFO  server.RaftServerConfigKeys (ConfUtils.java:logGet(43)) - raft.server.snapshot.auto.trigger.enabled = true (custom)
2019-10-02 11:34:54,584 [pool-383-thread-1] INFO  server.RaftServerConfigKeys (ConfUtils.java:logGet(43)) - raft.server.retrycache.expirytime = 600000ms (custom)
2019-10-02 11:34:54,584 [pool-393-thread-1] INFO  server.RaftServerConfigKeys (ConfUtils.java:logGet(43)) - raft.server.snapshot.auto.trigger.threshold = 10000 (custom)
2019-10-02 11:34:54,584 [pool-393-thread-1] INFO  server.RaftServerConfigKeys (ConfUtils.java:logGet(43)) - raft.server.snapshot.retention.file.num = 5 (custom)
2019-10-02 11:34:54,584 [pool-393-thread-1] INFO  server.RaftServerConfigKeys (ConfUtils.java:logGet(43)) - raft.server.retrycache.expirytime = 600000ms (custom)
2019-10-02 11:34:54,585 [pool-403-thread-1] INFO  impl.RaftServerImpl (RaftServerImpl.java:start(181)) - 4db9b2a2-7056-42cd-8596-b16c20d80aba@group-A18BFC18C8B4: start as a follower, conf=-1: [5bc98c9f-31e4-4984-b874-abe18842ad65:192.168.5.172:36650, fdaab930-5407-41a3-9bac-01c79c9b09d1:192.168.5.172:42493, 4db9b2a2-7056-42cd-8596-b16c20d80aba:192.168.5.172:34818], old=null
2019-10-02 11:34:54,585 [pool-403-thread-1] INFO  impl.RaftServerImpl (RaftServerImpl.java:setRole(170)) - 4db9b2a2-7056-42cd-8596-b16c20d80aba@group-A18BFC18C8B4: changes role from      null to FOLLOWER at term 0 for startAsFollower
2019-10-02 11:34:54,585 [pool-403-thread-1] INFO  impl.RoleInfo (RoleInfo.java:updateAndGet(143)) - 4db9b2a2-7056-42cd-8596-b16c20d80aba: start FollowerState
2019-10-02 11:34:54,586 [pool-403-thread-1] INFO  util.JmxRegister (JmxRegister.java:tryRegister(44)) - Successfully registered JMX Bean with object name Ratis:service=RaftServer,group=group-A18BFC18C8B4,id=4db9b2a2-7056-42cd-8596-b16c20d80aba
2019-10-02 11:34:54,587 [pool-393-thread-1] INFO  impl.RaftServerImpl (RaftServerImpl.java:start(181)) - fdaab930-5407-41a3-9bac-01c79c9b09d1@group-A18BFC18C8B4: start as a follower, conf=-1: [5bc98c9f-31e4-4984-b874-abe18842ad65:192.168.5.172:36650, fdaab930-5407-41a3-9bac-01c79c9b09d1:192.168.5.172:42493, 4db9b2a2-7056-42cd-8596-b16c20d80aba:192.168.5.172:34818], old=null
2019-10-02 11:34:54,587 [pool-393-thread-1] INFO  impl.RaftServerImpl (RaftServerImpl.java:setRole(170)) - fdaab930-5407-41a3-9bac-01c79c9b09d1@group-A18BFC18C8B4: changes role from      null to FOLLOWER at term 0 for startAsFollower
2019-10-02 11:34:54,587 [pool-393-thread-1] INFO  impl.RoleInfo (RoleInfo.java:updateAndGet(143)) - fdaab930-5407-41a3-9bac-01c79c9b09d1: start FollowerState
2019-10-02 11:34:54,587 [pool-383-thread-1] INFO  impl.RaftServerImpl (RaftServerImpl.java:start(181)) - 5bc98c9f-31e4-4984-b874-abe18842ad65@group-A18BFC18C8B4: start as a follower, conf=-1: [5bc98c9f-31e4-4984-b874-abe18842ad65:192.168.5.172:36650, fdaab930-5407-41a3-9bac-01c79c9b09d1:192.168.5.172:42493, 4db9b2a2-7056-42cd-8596-b16c20d80aba:192.168.5.172:34818], old=null
2019-10-02 11:34:54,587 [pool-393-thread-1] INFO  util.JmxRegister (JmxRegister.java:tryRegister(44)) - Successfully registered JMX Bean with object name Ratis:service=RaftServer,group=group-A18BFC18C8B4,id=fdaab930-5407-41a3-9bac-01c79c9b09d1
2019-10-02 11:34:54,587 [pool-383-thread-1] INFO  impl.RaftServerImpl (RaftServerImpl.java:setRole(170)) - 5bc98c9f-31e4-4984-b874-abe18842ad65@group-A18BFC18C8B4: changes role from      null to FOLLOWER at term 0 for startAsFollower
2019-10-02 11:34:54,588 [pool-383-thread-1] INFO  impl.RoleInfo (RoleInfo.java:updateAndGet(143)) - 5bc98c9f-31e4-4984-b874-abe18842ad65: start FollowerState
2019-10-02 11:34:54,588 [pool-383-thread-1] INFO  util.JmxRegister (JmxRegister.java:tryRegister(44)) - Successfully registered JMX Bean with object name Ratis:service=RaftServer,group=group-A18BFC18C8B4,id=5bc98c9f-31e4-4984-b874-abe18842ad65
2019-10-02 11:34:54,592 [RatisPipelineUtilsThread] INFO  pipeline.PipelineStateManager (PipelineStateManager.java:addPipeline(56)) - Created pipeline Pipeline[ Id: 4d758cfe-8963-40c7-a99d-a18bfc18c8b4, Nodes: 5bc98c9f-31e4-4984-b874-abe18842ad65{ip: 192.168.5.172, host: pr-hdds-2199-dnstouuidmap-dclhp-1004891939, networkLocation: /default-rack, certSerialId: null}4db9b2a2-7056-42cd-8596-b16c20d80aba{ip: 192.168.5.172, host: pr-hdds-2199-dnstouuidmap-dclhp-1004891939, networkLocation: /default-rack, certSerialId: null}fdaab930-5407-41a3-9bac-01c79c9b09d1{ip: 192.168.5.172, host: pr-hdds-2199-dnstouuidmap-dclhp-1004891939, networkLocation: /default-rack, certSerialId: null}, Type:RATIS, Factor:THREE, State:OPEN]
2019-10-02 11:34:54,606 [IPC Server handler 4 on 40109] INFO  net.NetworkTopology (NetworkTopologyImpl.java:add(111)) - Added a new node: /default-rack/96a22126-b919-4884-837d-759e325b4d05
2019-10-02 11:34:54,606 [IPC Server handler 4 on 40109] INFO  node.SCMNodeManager (SCMNodeManager.java:register(269)) - Registered Data node : 96a22126-b919-4884-837d-759e325b4d05{ip: 192.168.5.172, host: pr-hdds-2199-dnstouuidmap-dclhp-1004891939, networkLocation: /default-rack, certSerialId: null}
2019-10-02 11:34:54,613 [grpc-default-executor-7] INFO  impl.RaftServerProxy (RaftServerProxy.java:addNew(89)) - 96a22126-b919-4884-837d-759e325b4d05: addNew group-ECA57E6234D2:[96a22126-b919-4884-837d-759e325b4d05:192.168.5.172:45697] returns group-ECA57E6234D2:java.util.concurrent.CompletableFuture@42b715e6[Not completed]
2019-10-02 11:34:54,614 [pool-423-thread-1] INFO  impl.RaftServerImpl (RaftServerImpl.java:<init>(95)) - 96a22126-b919-4884-837d-759e325b4d05: new RaftServerImpl for group-ECA57E6234D2:[96a22126-b919-4884-837d-759e325b4d05:192.168.5.172:45697] with ContainerStateMachine:uninitialized
2019-10-02 11:34:54,614 [pool-423-thread-1] INFO  server.RaftServerConfigKeys (ConfUtils.java:logGet(43)) - raft.server.rpc.timeout.min = 5s (custom)
2019-10-02 11:34:54,614 [pool-423-thread-1] INFO  server.RaftServerConfigKeys (ConfUtils.java:logGet(43)) - raft.server.rpc.timeout.max = 5200ms (custom)
2019-10-02 11:34:54,614 [pool-423-thread-1] INFO  server.RaftServerConfigKeys (ConfUtils.java:logGet(43)) - raft.server.rpcslowness.timeout = 120s (custom)
2019-10-02 11:34:54,614 [pool-423-thread-1] INFO  server.RaftServerConfigKeys (ConfUtils.java:logGet(43)) - raft.server.sleep.deviation.threshold = 300 (default)
2019-10-02 11:34:54,614 [pool-423-thread-1] INFO  server.RaftServerConfigKeys (ConfUtils.java:logGet(43)) - raft.server.log.appender.install.snapshot.enabled = false (custom)
2019-10-02 11:34:54,615 [pool-423-thread-1] INFO  impl.RaftServerImpl (ServerState.java:<init>(103)) - 96a22126-b919-4884-837d-759e325b4d05@group-ECA57E6234D2: ConfigurationManager, init=-1: [96a22126-b919-4884-837d-759e325b4d05:192.168.5.172:45697], old=null, confs=<EMPTY_MAP>
2019-10-02 11:34:54,615 [pool-423-thread-1] INFO  server.RaftServerConfigKeys (ConfUtils.java:logGet(43)) - raft.server.storage.dir = [/workdir/hadoop-ozone/integration-test/target/test-dir/MiniOzoneClusterImpl-01254bcd-b9e8-48c1-94f1-223cf5a25b98/datanode-4/data/ratis] (custom)
2019-10-02 11:34:54,615 [pool-423-thread-1] INFO  server.RaftServerConfigKeys (ConfUtils.java:logGet(43)) - raft.server.log.corruption.policy = EXCEPTION (default)
2019-10-02 11:34:54,615 [pool-423-thread-1] INFO  storage.RaftStorageDirectory (RaftStorageDirectory.java:analyzeStorage(246)) - The storage directory /workdir/hadoop-ozone/integration-test/target/test-dir/MiniOzoneClusterImpl-01254bcd-b9e8-48c1-94f1-223cf5a25b98/datanode-4/data/ratis/d0832d74-dcb8-454e-bdab-eca57e6234d2 does not exist. Creating ...
2019-10-02 11:34:54,628 [pool-423-thread-1] INFO  storage.RaftStorageDirectory (RaftStorageDirectory.java:tryLock(328)) - Lock on /workdir/hadoop-ozone/integration-test/target/test-dir/MiniOzoneClusterImpl-01254bcd-b9e8-48c1-94f1-223cf5a25b98/datanode-4/data/ratis/d0832d74-dcb8-454e-bdab-eca57e6234d2/in_use.lock acquired by nodename 24020@pr-hdds-2199-dnstouuidmap-dclhp-1004891939
2019-10-02 11:34:54,641 [pool-423-thread-1] INFO  storage.RaftStorage (RaftStorage.java:format(84)) - Storage directory /workdir/hadoop-ozone/integration-test/target/test-dir/MiniOzoneClusterImpl-01254bcd-b9e8-48c1-94f1-223cf5a25b98/datanode-4/data/ratis/d0832d74-dcb8-454e-bdab-eca57e6234d2 has been successfully formatted.
2019-10-02 11:34:54,641 [pool-423-thread-1] INFO  ratis.ContainerStateMachine (ContainerStateMachine.java:loadSnapshot(230)) - group-ECA57E6234D2: The snapshot info is null. Setting the last applied indexto:(t:0, i:~)
2019-10-02 11:34:54,641 [pool-423-thread-1] INFO  server.RaftServerConfigKeys (ConfUtils.java:logGet(43)) - raft.server.notification.no-leader.timeout = 120s (custom)
2019-10-02 11:34:54,641 [pool-423-thread-1] INFO  server.RaftServerConfigKeys (ConfUtils.java:logGet(43)) - raft.server.log.use.memory = false (default)
2019-10-02 11:34:54,641 [pool-423-thread-1] INFO  server.RaftServerConfigKeys (ConfUtils.java:logGet(43)) - raft.server.log.purge.gap = 1000000 (custom)
2019-10-02 11:34:54,641 [pool-423-thread-1] INFO  server.RaftServerConfigKeys (ConfUtils.java:logGet(43)) - raft.server.log.appender.buffer.byte-limit = 33554432 (custom)
2019-10-02 11:34:54,641 [pool-423-thread-1] INFO  server.RaftServerConfigKeys (ConfUtils.java:logGet(43)) - raft.server.log.segment.size.max = 1048576 (custom)
2019-10-02 11:34:54,643 [pool-423-thread-1] INFO  server.RaftServerConfigKeys (ConfUtils.java:logGet(43)) - raft.server.log.segment.cache.num.max = 2 (custom)
2019-10-02 11:34:54,643 [pool-423-thread-1] INFO  segmented.SegmentedRaftLogWorker (SegmentedRaftLogWorker.java:<init>(173)) - new 96a22126-b919-4884-837d-759e325b4d05@group-ECA57E6234D2-SegmentedRaftLogWorker for RaftStorage:Storage Directory /workdir/hadoop-ozone/integration-test/target/test-dir/MiniOzoneClusterImpl-01254bcd-b9e8-48c1-94f1-223cf5a25b98/datanode-4/data/ratis/d0832d74-dcb8-454e-bdab-eca57e6234d2
2019-10-02 11:34:54,643 [pool-423-thread-1] INFO  server.RaftServerConfigKeys (ConfUtils.java:logGet(43)) - raft.server.log.queue.byte-limit = 2147483647 (custom)
2019-10-02 11:34:54,643 [pool-423-thread-1] INFO  server.RaftServerConfigKeys (ConfUtils.java:logGet(43)) - raft.server.log.queue.element-limit = 1024 (custom)
2019-10-02 11:34:54,643 [pool-423-thread-1] INFO  server.RaftServerConfigKeys (ConfUtils.java:logGet(43)) - raft.server.log.segment.size.max = 1048576 (custom)
2019-10-02 11:34:54,643 [pool-423-thread-1] INFO  server.RaftServerConfigKeys (ConfUtils.java:logGet(43)) - raft.server.log.preallocated.size = 16384 (custom)
2019-10-02 11:34:54,643 [pool-423-thread-1] INFO  server.RaftServerConfigKeys (ConfUtils.java:logGet(43)) - raft.server.log.write.buffer.size = 33554432 (custom)
2019-10-02 11:34:54,643 [pool-423-thread-1] INFO  server.RaftServerConfigKeys (ConfUtils.java:logGet(43)) - raft.server.log.force.sync.num = 128 (default)
2019-10-02 11:34:54,643 [pool-423-thread-1] INFO  server.RaftServerConfigKeys (ConfUtils.java:logGet(43)) - raft.server.log.statemachine.data.sync = true (default)
2019-10-02 11:34:54,643 [pool-423-thread-1] INFO  server.RaftServerConfigKeys (ConfUtils.java:logGet(43)) - raft.server.log.statemachine.data.sync.timeout = 10s (default)
2019-10-02 11:34:54,644 [pool-423-thread-1] INFO  server.RaftServerConfigKeys (ConfUtils.java:logGet(43)) - raft.server.log.statemachine.data.sync.timeout.retry = -1 (default)
2019-10-02 11:34:54,644 [pool-423-thread-1] INFO  server.RaftServerConfigKeys (ConfUtils.java:logGet(43)) - raft.server.log.statemachine.data.caching.enabled = true (custom)
2019-10-02 11:34:54,644 [pool-423-thread-1] INFO  segmented.SegmentedRaftLogWorker (SegmentedRaftLogWorker.java:lambda$new$0(128)) - 96a22126-b919-4884-837d-759e325b4d05@group-ECA57E6234D2-SegmentedRaftLogWorker: flushIndex: setUnconditionally 0 -> -1
2019-10-02 11:34:54,644 [pool-423-thread-1] INFO  server.RaftServerConfigKeys (ConfUtils.java:logGet(43)) - raft.server.snapshot.auto.trigger.enabled = true (custom)
2019-10-02 11:34:54,644 [pool-423-thread-1] INFO  server.RaftServerConfigKeys (ConfUtils.java:logGet(43)) - raft.server.snapshot.auto.trigger.threshold = 10000 (custom)
2019-10-02 11:34:54,644 [pool-423-thread-1] INFO  server.RaftServerConfigKeys (ConfUtils.java:logGet(43)) - raft.server.snapshot.retention.file.num = 5 (custom)
2019-10-02 11:34:54,644 [pool-423-thread-1] INFO  server.RaftServerConfigKeys (ConfUtils.java:logGet(43)) - raft.server.retrycache.expirytime = 600000ms (custom)
2019-10-02 11:34:54,646 [pool-423-thread-1] INFO  impl.RaftServerImpl (RaftServerImpl.java:start(181)) - 96a22126-b919-4884-837d-759e325b4d05@group-ECA57E6234D2: start as a follower, conf=-1: [96a22126-b919-4884-837d-759e325b4d05:192.168.5.172:45697], old=null
2019-10-02 11:34:54,646 [pool-423-thread-1] INFO  impl.RaftServerImpl (RaftServerImpl.java:setRole(170)) - 96a22126-b919-4884-837d-759e325b4d05@group-ECA57E6234D2: changes role from      null to FOLLOWER at term 0 for startAsFollower
2019-10-02 11:34:54,646 [pool-423-thread-1] INFO  impl.RoleInfo (RoleInfo.java:updateAndGet(143)) - 96a22126-b919-4884-837d-759e325b4d05: start FollowerState
2019-10-02 11:34:54,646 [pool-423-thread-1] INFO  util.JmxRegister (JmxRegister.java:tryRegister(44)) - Successfully registered JMX Bean with object name Ratis:service=RaftServer,group=group-ECA57E6234D2,id=96a22126-b919-4884-837d-759e325b4d05
2019-10-02 11:34:54,649 [RatisPipelineUtilsThread] INFO  pipeline.PipelineStateManager (PipelineStateManager.java:addPipeline(56)) - Created pipeline Pipeline[ Id: d0832d74-dcb8-454e-bdab-eca57e6234d2, Nodes: 96a22126-b919-4884-837d-759e325b4d05{ip: 192.168.5.172, host: pr-hdds-2199-dnstouuidmap-dclhp-1004891939, networkLocation: /default-rack, certSerialId: null}, Type:RATIS, Factor:ONE, State:OPEN]
2019-10-02 11:34:54,656 [grpc-default-executor-7] INFO  impl.RaftServerProxy (RaftServerProxy.java:addNew(89)) - 2ce1e488-9bfe-4cdd-a912-5807f6fc1d5d: addNew group-E916191D0E76:[2ce1e488-9bfe-4cdd-a912-5807f6fc1d5d:192.168.5.172:41132] returns group-E916191D0E76:java.util.concurrent.CompletableFuture@3c463916[Not completed]
2019-10-02 11:34:54,657 [pool-413-thread-1] INFO  impl.RaftServerImpl (RaftServerImpl.java:<init>(95)) - 2ce1e488-9bfe-4cdd-a912-5807f6fc1d5d: new RaftServerImpl for group-E916191D0E76:[2ce1e488-9bfe-4cdd-a912-5807f6fc1d5d:192.168.5.172:41132] with ContainerStateMachine:uninitialized
2019-10-02 11:34:54,657 [pool-413-thread-1] INFO  server.RaftServerConfigKeys (ConfUtils.java:logGet(43)) - raft.server.rpc.timeout.min = 5s (custom)
2019-10-02 11:34:54,657 [pool-413-thread-1] INFO  server.RaftServerConfigKeys (ConfUtils.java:logGet(43)) - raft.server.rpc.timeout.max = 5200ms (custom)
2019-10-02 11:34:54,657 [pool-413-thread-1] INFO  server.RaftServerConfigKeys (ConfUtils.java:logGet(43)) - raft.server.rpcslowness.timeout = 120s (custom)
2019-10-02 11:34:54,657 [pool-413-thread-1] INFO  server.RaftServerConfigKeys (ConfUtils.java:logGet(43)) - raft.server.sleep.deviation.threshold = 300 (default)
2019-10-02 11:34:54,657 [pool-413-thread-1] INFO  server.RaftServerConfigKeys (ConfUtils.java:logGet(43)) - raft.server.log.appender.install.snapshot.enabled = false (custom)
2019-10-02 11:34:54,657 [pool-413-thread-1] INFO  impl.RaftServerImpl (ServerState.java:<init>(103)) - 2ce1e488-9bfe-4cdd-a912-5807f6fc1d5d@group-E916191D0E76: ConfigurationManager, init=-1: [2ce1e488-9bfe-4cdd-a912-5807f6fc1d5d:192.168.5.172:41132], old=null, confs=<EMPTY_MAP>
2019-10-02 11:34:54,657 [pool-413-thread-1] INFO  server.RaftServerConfigKeys (ConfUtils.java:logGet(43)) - raft.server.storage.dir = [/workdir/hadoop-ozone/integration-test/target/test-dir/MiniOzoneClusterImpl-01254bcd-b9e8-48c1-94f1-223cf5a25b98/datanode-3/data/ratis] (custom)
2019-10-02 11:34:54,658 [pool-413-thread-1] INFO  server.RaftServerConfigKeys (ConfUtils.java:logGet(43)) - raft.server.log.corruption.policy = EXCEPTION (default)
2019-10-02 11:34:54,658 [pool-413-thread-1] INFO  storage.RaftStorageDirectory (RaftStorageDirectory.java:analyzeStorage(246)) - The storage directory /workdir/hadoop-ozone/integration-test/target/test-dir/MiniOzoneClusterImpl-01254bcd-b9e8-48c1-94f1-223cf5a25b98/datanode-3/data/ratis/bfb9537b-92ad-46f2-bc93-e916191d0e76 does not exist. Creating ...
2019-10-02 11:34:54,661 [IPC Server handler 6 on 40109] INFO  net.NetworkTopology (NetworkTopologyImpl.java:add(111)) - Added a new node: /default-rack/b18ee12f-cc5d-449f-a063-e8da99b2acf5
2019-10-02 11:34:54,661 [IPC Server handler 6 on 40109] INFO  node.SCMNodeManager (SCMNodeManager.java:register(269)) - Registered Data node : b18ee12f-cc5d-449f-a063-e8da99b2acf5{ip: 192.168.5.172, host: pr-hdds-2199-dnstouuidmap-dclhp-1004891939, networkLocation: /default-rack, certSerialId: null}
2019-10-02 11:34:54,665 [pool-413-thread-1] INFO  storage.RaftStorageDirectory (RaftStorageDirectory.java:tryLock(328)) - Lock on /workdir/hadoop-ozone/integration-test/target/test-dir/MiniOzoneClusterImpl-01254bcd-b9e8-48c1-94f1-223cf5a25b98/datanode-3/data/ratis/bfb9537b-92ad-46f2-bc93-e916191d0e76/in_use.lock acquired by nodename 24020@pr-hdds-2199-dnstouuidmap-dclhp-1004891939
2019-10-02 11:34:54,678 [pool-413-thread-1] INFO  storage.RaftStorage (RaftStorage.java:format(84)) - Storage directory /workdir/hadoop-ozone/integration-test/target/test-dir/MiniOzoneClusterImpl-01254bcd-b9e8-48c1-94f1-223cf5a25b98/datanode-3/data/ratis/bfb9537b-92ad-46f2-bc93-e916191d0e76 has been successfully formatted.
2019-10-02 11:34:54,678 [pool-413-thread-1] INFO  ratis.ContainerStateMachine (ContainerStateMachine.java:loadSnapshot(230)) - group-E916191D0E76: The snapshot info is null. Setting the last applied indexto:(t:0, i:~)
2019-10-02 11:34:54,678 [pool-413-thread-1] INFO  server.RaftServerConfigKeys (ConfUtils.java:logGet(43)) - raft.server.notification.no-leader.timeout = 120s (custom)
2019-10-02 11:34:54,678 [pool-413-thread-1] INFO  server.RaftServerConfigKeys (ConfUtils.java:logGet(43)) - raft.server.log.use.memory = false (default)
2019-10-02 11:34:54,679 [pool-413-thread-1] INFO  server.RaftServerConfigKeys (ConfUtils.java:logGet(43)) - raft.server.log.purge.gap = 1000000 (custom)
2019-10-02 11:34:54,679 [pool-413-thread-1] INFO  server.RaftServerConfigKeys (ConfUtils.java:logGet(43)) - raft.server.log.appender.buffer.byte-limit = 33554432 (custom)
2019-10-02 11:34:54,679 [pool-413-thread-1] INFO  server.RaftServerConfigKeys (ConfUtils.java:logGet(43)) - raft.server.log.segment.size.max = 1048576 (custom)
2019-10-02 11:34:54,680 [pool-413-thread-1] INFO  server.RaftServerConfigKeys (ConfUtils.java:logGet(43)) - raft.server.log.segment.cache.num.max = 2 (custom)
2019-10-02 11:34:54,680 [pool-413-thread-1] INFO  segmented.SegmentedRaftLogWorker (SegmentedRaftLogWorker.java:<init>(173)) - new 2ce1e488-9bfe-4cdd-a912-5807f6fc1d5d@group-E916191D0E76-SegmentedRaftLogWorker for RaftStorage:Storage Directory /workdir/hadoop-ozone/integration-test/target/test-dir/MiniOzoneClusterImpl-01254bcd-b9e8-48c1-94f1-223cf5a25b98/datanode-3/data/ratis/bfb9537b-92ad-46f2-bc93-e916191d0e76
2019-10-02 11:34:54,680 [pool-413-thread-1] INFO  server.RaftServerConfigKeys (ConfUtils.java:logGet(43)) - raft.server.log.queue.byte-limit = 2147483647 (custom)
2019-10-02 11:34:54,680 [pool-413-thread-1] INFO  server.RaftServerConfigKeys (ConfUtils.java:logGet(43)) - raft.server.log.queue.element-limit = 1024 (custom)
2019-10-02 11:34:54,680 [pool-413-thread-1] INFO  server.RaftServerConfigKeys (ConfUtils.java:logGet(43)) - raft.server.log.segment.size.max = 1048576 (custom)
2019-10-02 11:34:54,680 [pool-413-thread-1] INFO  server.RaftServerConfigKeys (ConfUtils.java:logGet(43)) - raft.server.log.preallocated.size = 16384 (custom)
2019-10-02 11:34:54,680 [pool-413-thread-1] INFO  server.RaftServerConfigKeys (ConfUtils.java:logGet(43)) - raft.server.log.write.buffer.size = 33554432 (custom)
2019-10-02 11:34:54,680 [pool-413-thread-1] INFO  server.RaftServerConfigKeys (ConfUtils.java:logGet(43)) - raft.server.log.force.sync.num = 128 (default)
2019-10-02 11:34:54,680 [pool-413-thread-1] INFO  server.RaftServerConfigKeys (ConfUtils.java:logGet(43)) - raft.server.log.statemachine.data.sync = true (default)
2019-10-02 11:34:54,681 [pool-413-thread-1] INFO  server.RaftServerConfigKeys (ConfUtils.java:logGet(43)) - raft.server.log.statemachine.data.sync.timeout = 10s (default)
2019-10-02 11:34:54,681 [pool-413-thread-1] INFO  server.RaftServerConfigKeys (ConfUtils.java:logGet(43)) - raft.server.log.statemachine.data.sync.timeout.retry = -1 (default)
2019-10-02 11:34:54,681 [pool-413-thread-1] INFO  server.RaftServerConfigKeys (ConfUtils.java:logGet(43)) - raft.server.log.statemachine.data.caching.enabled = true (custom)
2019-10-02 11:34:54,681 [pool-413-thread-1] INFO  segmented.SegmentedRaftLogWorker (SegmentedRaftLogWorker.java:lambda$new$0(128)) - 2ce1e488-9bfe-4cdd-a912-5807f6fc1d5d@group-E916191D0E76-SegmentedRaftLogWorker: flushIndex: setUnconditionally 0 -> -1
2019-10-02 11:34:54,681 [pool-413-thread-1] INFO  server.RaftServerConfigKeys (ConfUtils.java:logGet(43)) - raft.server.snapshot.auto.trigger.enabled = true (custom)
2019-10-02 11:34:54,681 [pool-413-thread-1] INFO  server.RaftServerConfigKeys (ConfUtils.java:logGet(43)) - raft.server.snapshot.auto.trigger.threshold = 10000 (custom)
2019-10-02 11:34:54,681 [pool-413-thread-1] INFO  server.RaftServerConfigKeys (ConfUtils.java:logGet(43)) - raft.server.snapshot.retention.file.num = 5 (custom)
2019-10-02 11:34:54,682 [pool-413-thread-1] INFO  server.RaftServerConfigKeys (ConfUtils.java:logGet(43)) - raft.server.retrycache.expirytime = 600000ms (custom)
2019-10-02 11:34:54,683 [pool-413-thread-1] INFO  impl.RaftServerImpl (RaftServerImpl.java:start(181)) - 2ce1e488-9bfe-4cdd-a912-5807f6fc1d5d@group-E916191D0E76: start as a follower, conf=-1: [2ce1e488-9bfe-4cdd-a912-5807f6fc1d5d:192.168.5.172:41132], old=null
2019-10-02 11:34:54,683 [pool-413-thread-1] INFO  impl.RaftServerImpl (RaftServerImpl.java:setRole(170)) - 2ce1e488-9bfe-4cdd-a912-5807f6fc1d5d@group-E916191D0E76: changes role from      null to FOLLOWER at term 0 for startAsFollower
2019-10-02 11:34:54,683 [pool-413-thread-1] INFO  impl.RoleInfo (RoleInfo.java:updateAndGet(143)) - 2ce1e488-9bfe-4cdd-a912-5807f6fc1d5d: start FollowerState
2019-10-02 11:34:54,683 [pool-413-thread-1] INFO  util.JmxRegister (JmxRegister.java:tryRegister(44)) - Successfully registered JMX Bean with object name Ratis:service=RaftServer,group=group-E916191D0E76,id=2ce1e488-9bfe-4cdd-a912-5807f6fc1d5d
2019-10-02 11:34:54,686 [RatisPipelineUtilsThread] INFO  pipeline.PipelineStateManager (PipelineStateManager.java:addPipeline(56)) - Created pipeline Pipeline[ Id: bfb9537b-92ad-46f2-bc93-e916191d0e76, Nodes: 2ce1e488-9bfe-4cdd-a912-5807f6fc1d5d{ip: 192.168.5.172, host: pr-hdds-2199-dnstouuidmap-dclhp-1004891939, networkLocation: /default-rack, certSerialId: null}, Type:RATIS, Factor:ONE, State:OPEN]
2019-10-02 11:34:54,692 [grpc-default-executor-7] INFO  impl.RaftServerProxy (RaftServerProxy.java:addNew(89)) - b18ee12f-cc5d-449f-a063-e8da99b2acf5: addNew group-EFB62DA4AA64:[b18ee12f-cc5d-449f-a063-e8da99b2acf5:192.168.5.172:32974] returns group-EFB62DA4AA64:java.util.concurrent.CompletableFuture@2114ba1a[Not completed]
2019-10-02 11:34:54,692 [pool-433-thread-1] INFO  impl.RaftServerImpl (RaftServerImpl.java:<init>(95)) - b18ee12f-cc5d-449f-a063-e8da99b2acf5: new RaftServerImpl for group-EFB62DA4AA64:[b18ee12f-cc5d-449f-a063-e8da99b2acf5:192.168.5.172:32974] with ContainerStateMachine:uninitialized
2019-10-02 11:34:54,692 [pool-433-thread-1] INFO  server.RaftServerConfigKeys (ConfUtils.java:logGet(43)) - raft.server.rpc.timeout.min = 5s (custom)
2019-10-02 11:34:54,692 [pool-433-thread-1] INFO  server.RaftServerConfigKeys (ConfUtils.java:logGet(43)) - raft.server.rpc.timeout.max = 5200ms (custom)
2019-10-02 11:34:54,692 [pool-433-thread-1] INFO  server.RaftServerConfigKeys (ConfUtils.java:logGet(43)) - raft.server.rpcslowness.timeout = 120s (custom)
2019-10-02 11:34:54,693 [pool-433-thread-1] INFO  server.RaftServerConfigKeys (ConfUtils.java:logGet(43)) - raft.server.sleep.deviation.threshold = 300 (default)
2019-10-02 11:34:54,693 [pool-433-thread-1] INFO  server.RaftServerConfigKeys (ConfUtils.java:logGet(43)) - raft.server.log.appender.install.snapshot.enabled = false (custom)
2019-10-02 11:34:54,693 [pool-433-thread-1] INFO  impl.RaftServerImpl (ServerState.java:<init>(103)) - b18ee12f-cc5d-449f-a063-e8da99b2acf5@group-EFB62DA4AA64: ConfigurationManager, init=-1: [b18ee12f-cc5d-449f-a063-e8da99b2acf5:192.168.5.172:32974], old=null, confs=<EMPTY_MAP>
2019-10-02 11:34:54,693 [pool-433-thread-1] INFO  server.RaftServerConfigKeys (ConfUtils.java:logGet(43)) - raft.server.storage.dir = [/workdir/hadoop-ozone/integration-test/target/test-dir/MiniOzoneClusterImpl-01254bcd-b9e8-48c1-94f1-223cf5a25b98/datanode-5/data/ratis] (custom)
2019-10-02 11:34:54,693 [pool-433-thread-1] INFO  server.RaftServerConfigKeys (ConfUtils.java:logGet(43)) - raft.server.log.corruption.policy = EXCEPTION (default)
2019-10-02 11:34:54,693 [pool-433-thread-1] INFO  storage.RaftStorageDirectory (RaftStorageDirectory.java:analyzeStorage(246)) - The storage directory /workdir/hadoop-ozone/integration-test/target/test-dir/MiniOzoneClusterImpl-01254bcd-b9e8-48c1-94f1-223cf5a25b98/datanode-5/data/ratis/3cf87a61-9bcb-49f5-9ca2-efb62da4aa64 does not exist. Creating ...
2019-10-02 11:34:54,706 [pool-433-thread-1] INFO  storage.RaftStorageDirectory (RaftStorageDirectory.java:tryLock(328)) - Lock on /workdir/hadoop-ozone/integration-test/target/test-dir/MiniOzoneClusterImpl-01254bcd-b9e8-48c1-94f1-223cf5a25b98/datanode-5/data/ratis/3cf87a61-9bcb-49f5-9ca2-efb62da4aa64/in_use.lock acquired by nodename 24020@pr-hdds-2199-dnstouuidmap-dclhp-1004891939
2019-10-02 11:34:54,718 [IPC Server handler 8 on 40109] INFO  net.NetworkTopology (NetworkTopologyImpl.java:add(111)) - Added a new node: /default-rack/2953f136-a798-4fb2-a14e-c5fc2a2ba208
2019-10-02 11:34:54,718 [IPC Server handler 8 on 40109] INFO  node.SCMNodeManager (SCMNodeManager.java:register(269)) - Registered Data node : 2953f136-a798-4fb2-a14e-c5fc2a2ba208{ip: 192.168.5.172, host: pr-hdds-2199-dnstouuidmap-dclhp-1004891939, networkLocation: /default-rack, certSerialId: null}
2019-10-02 11:34:54,718 [pool-433-thread-1] INFO  storage.RaftStorage (RaftStorage.java:format(84)) - Storage directory /workdir/hadoop-ozone/integration-test/target/test-dir/MiniOzoneClusterImpl-01254bcd-b9e8-48c1-94f1-223cf5a25b98/datanode-5/data/ratis/3cf87a61-9bcb-49f5-9ca2-efb62da4aa64 has been successfully formatted.
2019-10-02 11:34:54,718 [main] INFO  ozone.MiniOzoneClusterImpl (MiniOzoneClusterImpl.java:lambda$waitForClusterToBeReady$0(147)) - Cluster is ready. Got 7 of 7 DN Heartbeats.
2019-10-02 11:34:54,718 [pool-433-thread-1] INFO  ratis.ContainerStateMachine (ContainerStateMachine.java:loadSnapshot(230)) - group-EFB62DA4AA64: The snapshot info is null. Setting the last applied indexto:(t:0, i:~)
2019-10-02 11:34:54,719 [pool-433-thread-1] INFO  server.RaftServerConfigKeys (ConfUtils.java:logGet(43)) - raft.server.notification.no-leader.timeout = 120s (custom)
2019-10-02 11:34:54,719 [pool-433-thread-1] INFO  server.RaftServerConfigKeys (ConfUtils.java:logGet(43)) - raft.server.log.use.memory = false (default)
2019-10-02 11:34:54,719 [pool-433-thread-1] INFO  server.RaftServerConfigKeys (ConfUtils.java:logGet(43)) - raft.server.log.purge.gap = 1000000 (custom)
2019-10-02 11:34:54,719 [pool-433-thread-1] INFO  server.RaftServerConfigKeys (ConfUtils.java:logGet(43)) - raft.server.log.appender.buffer.byte-limit = 33554432 (custom)
2019-10-02 11:34:54,719 [pool-433-thread-1] INFO  server.RaftServerConfigKeys (ConfUtils.java:logGet(43)) - raft.server.log.segment.size.max = 1048576 (custom)
2019-10-02 11:34:54,720 [pool-433-thread-1] INFO  server.RaftServerConfigKeys (ConfUtils.java:logGet(43)) - raft.server.log.segment.cache.num.max = 2 (custom)
2019-10-02 11:34:54,720 [pool-433-thread-1] INFO  segmented.SegmentedRaftLogWorker (SegmentedRaftLogWorker.java:<init>(173)) - new b18ee12f-cc5d-449f-a063-e8da99b2acf5@group-EFB62DA4AA64-SegmentedRaftLogWorker for RaftStorage:Storage Directory /workdir/hadoop-ozone/integration-test/target/test-dir/MiniOzoneClusterImpl-01254bcd-b9e8-48c1-94f1-223cf5a25b98/datanode-5/data/ratis/3cf87a61-9bcb-49f5-9ca2-efb62da4aa64
2019-10-02 11:34:54,720 [pool-433-thread-1] INFO  server.RaftServerConfigKeys (ConfUtils.java:logGet(43)) - raft.server.log.queue.byte-limit = 2147483647 (custom)
2019-10-02 11:34:54,720 [pool-433-thread-1] INFO  server.RaftServerConfigKeys (ConfUtils.java:logGet(43)) - raft.server.log.queue.element-limit = 1024 (custom)
2019-10-02 11:34:54,720 [pool-433-thread-1] INFO  server.RaftServerConfigKeys (ConfUtils.java:logGet(43)) - raft.server.log.segment.size.max = 1048576 (custom)
2019-10-02 11:34:54,720 [pool-433-thread-1] INFO  server.RaftServerConfigKeys (ConfUtils.java:logGet(43)) - raft.server.log.preallocated.size = 16384 (custom)
2019-10-02 11:34:54,721 [pool-433-thread-1] INFO  server.RaftServerConfigKeys (ConfUtils.java:logGet(43)) - raft.server.log.write.buffer.size = 33554432 (custom)
2019-10-02 11:34:54,721 [pool-433-thread-1] INFO  server.RaftServerConfigKeys (ConfUtils.java:logGet(43)) - raft.server.log.force.sync.num = 128 (default)
2019-10-02 11:34:54,721 [pool-433-thread-1] INFO  server.RaftServerConfigKeys (ConfUtils.java:logGet(43)) - raft.server.log.statemachine.data.sync = true (default)
2019-10-02 11:34:54,721 [pool-433-thread-1] INFO  server.RaftServerConfigKeys (ConfUtils.java:logGet(43)) - raft.server.log.statemachine.data.sync.timeout = 10s (default)
2019-10-02 11:34:54,721 [pool-433-thread-1] INFO  server.RaftServerConfigKeys (ConfUtils.java:logGet(43)) - raft.server.log.statemachine.data.sync.timeout.retry = -1 (default)
2019-10-02 11:34:54,728 [pool-433-thread-1] INFO  server.RaftServerConfigKeys (ConfUtils.java:logGet(43)) - raft.server.log.statemachine.data.caching.enabled = true (custom)
2019-10-02 11:34:54,728 [pool-433-thread-1] INFO  segmented.SegmentedRaftLogWorker (SegmentedRaftLogWorker.java:lambda$new$0(128)) - b18ee12f-cc5d-449f-a063-e8da99b2acf5@group-EFB62DA4AA64-SegmentedRaftLogWorker: flushIndex: setUnconditionally 0 -> -1
2019-10-02 11:34:54,728 [pool-433-thread-1] INFO  server.RaftServerConfigKeys (ConfUtils.java:logGet(43)) - raft.server.snapshot.auto.trigger.enabled = true (custom)
2019-10-02 11:34:54,728 [pool-433-thread-1] INFO  server.RaftServerConfigKeys (ConfUtils.java:logGet(43)) - raft.server.snapshot.auto.trigger.threshold = 10000 (custom)
2019-10-02 11:34:54,728 [pool-433-thread-1] INFO  server.RaftServerConfigKeys (ConfUtils.java:logGet(43)) - raft.server.snapshot.retention.file.num = 5 (custom)
2019-10-02 11:34:54,728 [pool-433-thread-1] INFO  server.RaftServerConfigKeys (ConfUtils.java:logGet(43)) - raft.server.retrycache.expirytime = 600000ms (custom)
2019-10-02 11:34:54,729 [pool-433-thread-1] INFO  impl.RaftServerImpl (RaftServerImpl.java:start(181)) - b18ee12f-cc5d-449f-a063-e8da99b2acf5@group-EFB62DA4AA64: start as a follower, conf=-1: [b18ee12f-cc5d-449f-a063-e8da99b2acf5:192.168.5.172:32974], old=null
2019-10-02 11:34:54,729 [pool-433-thread-1] INFO  impl.RaftServerImpl (RaftServerImpl.java:setRole(170)) - b18ee12f-cc5d-449f-a063-e8da99b2acf5@group-EFB62DA4AA64: changes role from      null to FOLLOWER at term 0 for startAsFollower
2019-10-02 11:34:54,729 [pool-433-thread-1] INFO  impl.RoleInfo (RoleInfo.java:updateAndGet(143)) - b18ee12f-cc5d-449f-a063-e8da99b2acf5: start FollowerState
2019-10-02 11:34:54,730 [pool-433-thread-1] INFO  util.JmxRegister (JmxRegister.java:tryRegister(44)) - Successfully registered JMX Bean with object name Ratis:service=RaftServer,group=group-EFB62DA4AA64,id=b18ee12f-cc5d-449f-a063-e8da99b2acf5
2019-10-02 11:34:54,753 [RatisPipelineUtilsThread] INFO  pipeline.PipelineStateManager (PipelineStateManager.java:addPipeline(56)) - Created pipeline Pipeline[ Id: 3cf87a61-9bcb-49f5-9ca2-efb62da4aa64, Nodes: b18ee12f-cc5d-449f-a063-e8da99b2acf5{ip: 192.168.5.172, host: pr-hdds-2199-dnstouuidmap-dclhp-1004891939, networkLocation: /default-rack, certSerialId: null}, Type:RATIS, Factor:ONE, State:OPEN]
2019-10-02 11:34:54,758 [main] INFO  rpc.RpcClient (RpcClient.java:createVolume(276)) - Creating Volume: watchforcommithandlingtest, with jenkins1000 as owner.
2019-10-02 11:34:54,761 [IPC Server handler 2 on 39605] INFO  volume.OMVolumeCreateRequest (OMVolumeCreateRequest.java:validateAndUpdateCache(194)) - created volume:watchforcommithandlingtest for user:jenkins1000
2019-10-02 11:34:54,763 [grpc-default-executor-7] INFO  impl.RaftServerProxy (RaftServerProxy.java:addNew(89)) - 2953f136-a798-4fb2-a14e-c5fc2a2ba208: addNew group-23A755F1DA03:[2953f136-a798-4fb2-a14e-c5fc2a2ba208:192.168.5.172:34697] returns group-23A755F1DA03:java.util.concurrent.CompletableFuture@2cf4f2ea[Not completed]
2019-10-02 11:34:54,766 [pool-443-thread-1] INFO  impl.RaftServerImpl (RaftServerImpl.java:<init>(95)) - 2953f136-a798-4fb2-a14e-c5fc2a2ba208: new RaftServerImpl for group-23A755F1DA03:[2953f136-a798-4fb2-a14e-c5fc2a2ba208:192.168.5.172:34697] with ContainerStateMachine:uninitialized
2019-10-02 11:34:54,766 [pool-443-thread-1] INFO  server.RaftServerConfigKeys (ConfUtils.java:logGet(43)) - raft.server.rpc.timeout.min = 5s (custom)
2019-10-02 11:34:54,766 [pool-443-thread-1] INFO  server.RaftServerConfigKeys (ConfUtils.java:logGet(43)) - raft.server.rpc.timeout.max = 5200ms (custom)
2019-10-02 11:34:54,766 [pool-443-thread-1] INFO  server.RaftServerConfigKeys (ConfUtils.java:logGet(43)) - raft.server.rpcslowness.timeout = 120s (custom)
2019-10-02 11:34:54,766 [pool-443-thread-1] INFO  server.RaftServerConfigKeys (ConfUtils.java:logGet(43)) - raft.server.sleep.deviation.threshold = 300 (default)
2019-10-02 11:34:54,772 [pool-443-thread-1] INFO  server.RaftServerConfigKeys (ConfUtils.java:logGet(43)) - raft.server.log.appender.install.snapshot.enabled = false (custom)
2019-10-02 11:34:54,772 [pool-443-thread-1] INFO  impl.RaftServerImpl (ServerState.java:<init>(103)) - 2953f136-a798-4fb2-a14e-c5fc2a2ba208@group-23A755F1DA03: ConfigurationManager, init=-1: [2953f136-a798-4fb2-a14e-c5fc2a2ba208:192.168.5.172:34697], old=null, confs=<EMPTY_MAP>
2019-10-02 11:34:54,772 [pool-443-thread-1] INFO  server.RaftServerConfigKeys (ConfUtils.java:logGet(43)) - raft.server.storage.dir = [/workdir/hadoop-ozone/integration-test/target/test-dir/MiniOzoneClusterImpl-01254bcd-b9e8-48c1-94f1-223cf5a25b98/datanode-6/data/ratis] (custom)
2019-10-02 11:34:54,772 [main] INFO  rpc.RpcClient (RpcClient.java:createBucket(415)) - Creating Bucket: watchforcommithandlingtest/watchforcommithandlingtest, with Versioning false and Storage Type set to DISK and Encryption set to false 
2019-10-02 11:34:54,773 [pool-443-thread-1] INFO  server.RaftServerConfigKeys (ConfUtils.java:logGet(43)) - raft.server.log.corruption.policy = EXCEPTION (default)
2019-10-02 11:34:54,773 [pool-443-thread-1] INFO  storage.RaftStorageDirectory (RaftStorageDirectory.java:analyzeStorage(246)) - The storage directory /workdir/hadoop-ozone/integration-test/target/test-dir/MiniOzoneClusterImpl-01254bcd-b9e8-48c1-94f1-223cf5a25b98/datanode-6/data/ratis/742c06c8-df19-444a-b6cc-23a755f1da03 does not exist. Creating ...
2019-10-02 11:34:54,776 [main] INFO  ozone.MiniOzoneClusterImpl (MiniOzoneClusterImpl.java:getStorageContainerLocationClient(234)) - Creating StorageContainerLocationProtocol RPC client with address /0.0.0.0:41682
2019-10-02 11:34:54,786 [pool-443-thread-1] INFO  storage.RaftStorageDirectory (RaftStorageDirectory.java:tryLock(328)) - Lock on /workdir/hadoop-ozone/integration-test/target/test-dir/MiniOzoneClusterImpl-01254bcd-b9e8-48c1-94f1-223cf5a25b98/datanode-6/data/ratis/742c06c8-df19-444a-b6cc-23a755f1da03/in_use.lock acquired by nodename 24020@pr-hdds-2199-dnstouuidmap-dclhp-1004891939
2019-10-02 11:34:54,798 [pool-443-thread-1] INFO  storage.RaftStorage (RaftStorage.java:format(84)) - Storage directory /workdir/hadoop-ozone/integration-test/target/test-dir/MiniOzoneClusterImpl-01254bcd-b9e8-48c1-94f1-223cf5a25b98/datanode-6/data/ratis/742c06c8-df19-444a-b6cc-23a755f1da03 has been successfully formatted.
2019-10-02 11:34:54,798 [pool-443-thread-1] INFO  ratis.ContainerStateMachine (ContainerStateMachine.java:loadSnapshot(230)) - group-23A755F1DA03: The snapshot info is null. Setting the last applied indexto:(t:0, i:~)
2019-10-02 11:34:54,798 [pool-443-thread-1] INFO  server.RaftServerConfigKeys (ConfUtils.java:logGet(43)) - raft.server.notification.no-leader.timeout = 120s (custom)
2019-10-02 11:34:54,798 [pool-443-thread-1] INFO  server.RaftServerConfigKeys (ConfUtils.java:logGet(43)) - raft.server.log.use.memory = false (default)
2019-10-02 11:34:54,798 [pool-443-thread-1] INFO  server.RaftServerConfigKeys (ConfUtils.java:logGet(43)) - raft.server.log.purge.gap = 1000000 (custom)
2019-10-02 11:34:54,798 [pool-443-thread-1] INFO  server.RaftServerConfigKeys (ConfUtils.java:logGet(43)) - raft.server.log.appender.buffer.byte-limit = 33554432 (custom)
2019-10-02 11:34:54,798 [pool-443-thread-1] INFO  server.RaftServerConfigKeys (ConfUtils.java:logGet(43)) - raft.server.log.segment.size.max = 1048576 (custom)
2019-10-02 11:34:54,799 [pool-443-thread-1] INFO  server.RaftServerConfigKeys (ConfUtils.java:logGet(43)) - raft.server.log.segment.cache.num.max = 2 (custom)
2019-10-02 11:34:54,800 [pool-443-thread-1] INFO  segmented.SegmentedRaftLogWorker (SegmentedRaftLogWorker.java:<init>(173)) - new 2953f136-a798-4fb2-a14e-c5fc2a2ba208@group-23A755F1DA03-SegmentedRaftLogWorker for RaftStorage:Storage Directory /workdir/hadoop-ozone/integration-test/target/test-dir/MiniOzoneClusterImpl-01254bcd-b9e8-48c1-94f1-223cf5a25b98/datanode-6/data/ratis/742c06c8-df19-444a-b6cc-23a755f1da03
2019-10-02 11:34:54,800 [pool-443-thread-1] INFO  server.RaftServerConfigKeys (ConfUtils.java:logGet(43)) - raft.server.log.queue.byte-limit = 2147483647 (custom)
2019-10-02 11:34:54,800 [pool-443-thread-1] INFO  server.RaftServerConfigKeys (ConfUtils.java:logGet(43)) - raft.server.log.queue.element-limit = 1024 (custom)
2019-10-02 11:34:54,800 [pool-443-thread-1] INFO  server.RaftServerConfigKeys (ConfUtils.java:logGet(43)) - raft.server.log.segment.size.max = 1048576 (custom)
2019-10-02 11:34:54,800 [pool-443-thread-1] INFO  server.RaftServerConfigKeys (ConfUtils.java:logGet(43)) - raft.server.log.preallocated.size = 16384 (custom)
2019-10-02 11:34:54,800 [pool-443-thread-1] INFO  server.RaftServerConfigKeys (ConfUtils.java:logGet(43)) - raft.server.log.write.buffer.size = 33554432 (custom)
2019-10-02 11:34:54,800 [pool-443-thread-1] INFO  server.RaftServerConfigKeys (ConfUtils.java:logGet(43)) - raft.server.log.force.sync.num = 128 (default)
2019-10-02 11:34:54,800 [pool-443-thread-1] INFO  server.RaftServerConfigKeys (ConfUtils.java:logGet(43)) - raft.server.log.statemachine.data.sync = true (default)
2019-10-02 11:34:54,800 [pool-443-thread-1] INFO  server.RaftServerConfigKeys (ConfUtils.java:logGet(43)) - raft.server.log.statemachine.data.sync.timeout = 10s (default)
2019-10-02 11:34:54,800 [pool-443-thread-1] INFO  server.RaftServerConfigKeys (ConfUtils.java:logGet(43)) - raft.server.log.statemachine.data.sync.timeout.retry = -1 (default)
2019-10-02 11:34:54,801 [pool-443-thread-1] INFO  server.RaftServerConfigKeys (ConfUtils.java:logGet(43)) - raft.server.log.statemachine.data.caching.enabled = true (custom)
2019-10-02 11:34:54,801 [pool-443-thread-1] INFO  segmented.SegmentedRaftLogWorker (SegmentedRaftLogWorker.java:lambda$new$0(128)) - 2953f136-a798-4fb2-a14e-c5fc2a2ba208@group-23A755F1DA03-SegmentedRaftLogWorker: flushIndex: setUnconditionally 0 -> -1
2019-10-02 11:34:54,801 [pool-443-thread-1] INFO  server.RaftServerConfigKeys (ConfUtils.java:logGet(43)) - raft.server.snapshot.auto.trigger.enabled = true (custom)
2019-10-02 11:34:54,801 [pool-443-thread-1] INFO  server.RaftServerConfigKeys (ConfUtils.java:logGet(43)) - raft.server.snapshot.auto.trigger.threshold = 10000 (custom)
2019-10-02 11:34:54,801 [pool-443-thread-1] INFO  server.RaftServerConfigKeys (ConfUtils.java:logGet(43)) - raft.server.snapshot.retention.file.num = 5 (custom)
2019-10-02 11:34:54,801 [pool-443-thread-1] INFO  server.RaftServerConfigKeys (ConfUtils.java:logGet(43)) - raft.server.retrycache.expirytime = 600000ms (custom)
2019-10-02 11:34:54,802 [pool-443-thread-1] INFO  impl.RaftServerImpl (RaftServerImpl.java:start(181)) - 2953f136-a798-4fb2-a14e-c5fc2a2ba208@group-23A755F1DA03: start as a follower, conf=-1: [2953f136-a798-4fb2-a14e-c5fc2a2ba208:192.168.5.172:34697], old=null
2019-10-02 11:34:54,802 [pool-443-thread-1] INFO  impl.RaftServerImpl (RaftServerImpl.java:setRole(170)) - 2953f136-a798-4fb2-a14e-c5fc2a2ba208@group-23A755F1DA03: changes role from      null to FOLLOWER at term 0 for startAsFollower
2019-10-02 11:34:54,803 [pool-443-thread-1] INFO  impl.RoleInfo (RoleInfo.java:updateAndGet(143)) - 2953f136-a798-4fb2-a14e-c5fc2a2ba208: start FollowerState
2019-10-02 11:34:54,803 [pool-443-thread-1] INFO  util.JmxRegister (JmxRegister.java:tryRegister(44)) - Successfully registered JMX Bean with object name Ratis:service=RaftServer,group=group-23A755F1DA03,id=2953f136-a798-4fb2-a14e-c5fc2a2ba208
2019-10-02 11:34:54,806 [RatisPipelineUtilsThread] INFO  pipeline.PipelineStateManager (PipelineStateManager.java:addPipeline(56)) - Created pipeline Pipeline[ Id: 742c06c8-df19-444a-b6cc-23a755f1da03, Nodes: 2953f136-a798-4fb2-a14e-c5fc2a2ba208{ip: 192.168.5.172, host: pr-hdds-2199-dnstouuidmap-dclhp-1004891939, networkLocation: /default-rack, certSerialId: null}, Type:RATIS, Factor:ONE, State:OPEN]
2019-10-02 11:34:54,816 [grpc-default-executor-1] INFO  impl.RaftServerProxy (RaftServerProxy.java:addNew(89)) - 96a22126-b919-4884-837d-759e325b4d05: addNew group-B2CC8CDFB3BC:[b18ee12f-cc5d-449f-a063-e8da99b2acf5:192.168.5.172:32974, 2ce1e488-9bfe-4cdd-a912-5807f6fc1d5d:192.168.5.172:41132, 96a22126-b919-4884-837d-759e325b4d05:192.168.5.172:45697] returns group-B2CC8CDFB3BC:java.util.concurrent.CompletableFuture@632a6d7e[Not completed]
2019-10-02 11:34:54,816 [grpc-default-executor-7] INFO  impl.RaftServerProxy (RaftServerProxy.java:addNew(89)) - 2ce1e488-9bfe-4cdd-a912-5807f6fc1d5d: addNew group-B2CC8CDFB3BC:[b18ee12f-cc5d-449f-a063-e8da99b2acf5:192.168.5.172:32974, 2ce1e488-9bfe-4cdd-a912-5807f6fc1d5d:192.168.5.172:41132, 96a22126-b919-4884-837d-759e325b4d05:192.168.5.172:45697] returns group-B2CC8CDFB3BC:java.util.concurrent.CompletableFuture@39ff9734[Not completed]
2019-10-02 11:34:54,816 [grpc-default-executor-6] INFO  impl.RaftServerProxy (RaftServerProxy.java:addNew(89)) - b18ee12f-cc5d-449f-a063-e8da99b2acf5: addNew group-B2CC8CDFB3BC:[b18ee12f-cc5d-449f-a063-e8da99b2acf5:192.168.5.172:32974, 2ce1e488-9bfe-4cdd-a912-5807f6fc1d5d:192.168.5.172:41132, 96a22126-b919-4884-837d-759e325b4d05:192.168.5.172:45697] returns group-B2CC8CDFB3BC:java.util.concurrent.CompletableFuture@5c9a2078[Not completed]
2019-10-02 11:34:54,817 [pool-423-thread-1] INFO  impl.RaftServerImpl (RaftServerImpl.java:<init>(95)) - 96a22126-b919-4884-837d-759e325b4d05: new RaftServerImpl for group-B2CC8CDFB3BC:[b18ee12f-cc5d-449f-a063-e8da99b2acf5:192.168.5.172:32974, 2ce1e488-9bfe-4cdd-a912-5807f6fc1d5d:192.168.5.172:41132, 96a22126-b919-4884-837d-759e325b4d05:192.168.5.172:45697] with ContainerStateMachine:uninitialized
2019-10-02 11:34:54,817 [pool-423-thread-1] INFO  server.RaftServerConfigKeys (ConfUtils.java:logGet(43)) - raft.server.rpc.timeout.min = 5s (custom)
2019-10-02 11:34:54,817 [pool-423-thread-1] INFO  server.RaftServerConfigKeys (ConfUtils.java:logGet(43)) - raft.server.rpc.timeout.max = 5200ms (custom)
2019-10-02 11:34:54,817 [pool-423-thread-1] INFO  server.RaftServerConfigKeys (ConfUtils.java:logGet(43)) - raft.server.rpcslowness.timeout = 120s (custom)
2019-10-02 11:34:54,817 [pool-433-thread-1] INFO  impl.RaftServerImpl (RaftServerImpl.java:<init>(95)) - b18ee12f-cc5d-449f-a063-e8da99b2acf5: new RaftServerImpl for group-B2CC8CDFB3BC:[b18ee12f-cc5d-449f-a063-e8da99b2acf5:192.168.5.172:32974, 2ce1e488-9bfe-4cdd-a912-5807f6fc1d5d:192.168.5.172:41132, 96a22126-b919-4884-837d-759e325b4d05:192.168.5.172:45697] with ContainerStateMachine:uninitialized
2019-10-02 11:34:54,817 [pool-423-thread-1] INFO  server.RaftServerConfigKeys (ConfUtils.java:logGet(43)) - raft.server.sleep.deviation.threshold = 300 (default)
2019-10-02 11:34:54,817 [pool-433-thread-1] INFO  server.RaftServerConfigKeys (ConfUtils.java:logGet(43)) - raft.server.rpc.timeout.min = 5s (custom)
2019-10-02 11:34:54,818 [pool-423-thread-1] INFO  server.RaftServerConfigKeys (ConfUtils.java:logGet(43)) - raft.server.log.appender.install.snapshot.enabled = false (custom)
2019-10-02 11:34:54,818 [pool-433-thread-1] INFO  server.RaftServerConfigKeys (ConfUtils.java:logGet(43)) - raft.server.rpc.timeout.max = 5200ms (custom)
2019-10-02 11:34:54,818 [pool-413-thread-1] INFO  impl.RaftServerImpl (RaftServerImpl.java:<init>(95)) - 2ce1e488-9bfe-4cdd-a912-5807f6fc1d5d: new RaftServerImpl for group-B2CC8CDFB3BC:[b18ee12f-cc5d-449f-a063-e8da99b2acf5:192.168.5.172:32974, 2ce1e488-9bfe-4cdd-a912-5807f6fc1d5d:192.168.5.172:41132, 96a22126-b919-4884-837d-759e325b4d05:192.168.5.172:45697] with ContainerStateMachine:uninitialized
2019-10-02 11:34:54,818 [pool-423-thread-1] INFO  impl.RaftServerImpl (ServerState.java:<init>(103)) - 96a22126-b919-4884-837d-759e325b4d05@group-B2CC8CDFB3BC: ConfigurationManager, init=-1: [b18ee12f-cc5d-449f-a063-e8da99b2acf5:192.168.5.172:32974, 2ce1e488-9bfe-4cdd-a912-5807f6fc1d5d:192.168.5.172:41132, 96a22126-b919-4884-837d-759e325b4d05:192.168.5.172:45697], old=null, confs=<EMPTY_MAP>
2019-10-02 11:34:54,818 [pool-413-thread-1] INFO  server.RaftServerConfigKeys (ConfUtils.java:logGet(43)) - raft.server.rpc.timeout.min = 5s (custom)
2019-10-02 11:34:54,818 [pool-433-thread-1] INFO  server.RaftServerConfigKeys (ConfUtils.java:logGet(43)) - raft.server.rpcslowness.timeout = 120s (custom)
2019-10-02 11:34:54,818 [pool-413-thread-1] INFO  server.RaftServerConfigKeys (ConfUtils.java:logGet(43)) - raft.server.rpc.timeout.max = 5200ms (custom)
2019-10-02 11:34:54,818 [pool-423-thread-1] INFO  server.RaftServerConfigKeys (ConfUtils.java:logGet(43)) - raft.server.storage.dir = [/workdir/hadoop-ozone/integration-test/target/test-dir/MiniOzoneClusterImpl-01254bcd-b9e8-48c1-94f1-223cf5a25b98/datanode-4/data/ratis] (custom)
2019-10-02 11:34:54,818 [pool-413-thread-1] INFO  server.RaftServerConfigKeys (ConfUtils.java:logGet(43)) - raft.server.rpcslowness.timeout = 120s (custom)
2019-10-02 11:34:54,818 [pool-433-thread-1] INFO  server.RaftServerConfigKeys (ConfUtils.java:logGet(43)) - raft.server.sleep.deviation.threshold = 300 (default)
2019-10-02 11:34:54,818 [pool-423-thread-1] INFO  server.RaftServerConfigKeys (ConfUtils.java:logGet(43)) - raft.server.log.corruption.policy = EXCEPTION (default)
2019-10-02 11:34:54,818 [pool-413-thread-1] INFO  server.RaftServerConfigKeys (ConfUtils.java:logGet(43)) - raft.server.sleep.deviation.threshold = 300 (default)
2019-10-02 11:34:54,819 [pool-423-thread-1] INFO  storage.RaftStorageDirectory (RaftStorageDirectory.java:analyzeStorage(246)) - The storage directory /workdir/hadoop-ozone/integration-test/target/test-dir/MiniOzoneClusterImpl-01254bcd-b9e8-48c1-94f1-223cf5a25b98/datanode-4/data/ratis/b8944552-aa94-4305-96d3-b2cc8cdfb3bc does not exist. Creating ...
2019-10-02 11:34:54,819 [pool-433-thread-1] INFO  server.RaftServerConfigKeys (ConfUtils.java:logGet(43)) - raft.server.log.appender.install.snapshot.enabled = false (custom)
2019-10-02 11:34:54,819 [pool-413-thread-1] INFO  server.RaftServerConfigKeys (ConfUtils.java:logGet(43)) - raft.server.log.appender.install.snapshot.enabled = false (custom)
2019-10-02 11:34:54,819 [pool-433-thread-1] INFO  impl.RaftServerImpl (ServerState.java:<init>(103)) - b18ee12f-cc5d-449f-a063-e8da99b2acf5@group-B2CC8CDFB3BC: ConfigurationManager, init=-1: [b18ee12f-cc5d-449f-a063-e8da99b2acf5:192.168.5.172:32974, 2ce1e488-9bfe-4cdd-a912-5807f6fc1d5d:192.168.5.172:41132, 96a22126-b919-4884-837d-759e325b4d05:192.168.5.172:45697], old=null, confs=<EMPTY_MAP>
2019-10-02 11:34:54,819 [pool-413-thread-1] INFO  impl.RaftServerImpl (ServerState.java:<init>(103)) - 2ce1e488-9bfe-4cdd-a912-5807f6fc1d5d@group-B2CC8CDFB3BC: ConfigurationManager, init=-1: [b18ee12f-cc5d-449f-a063-e8da99b2acf5:192.168.5.172:32974, 2ce1e488-9bfe-4cdd-a912-5807f6fc1d5d:192.168.5.172:41132, 96a22126-b919-4884-837d-759e325b4d05:192.168.5.172:45697], old=null, confs=<EMPTY_MAP>
2019-10-02 11:34:54,819 [pool-433-thread-1] INFO  server.RaftServerConfigKeys (ConfUtils.java:logGet(43)) - raft.server.storage.dir = [/workdir/hadoop-ozone/integration-test/target/test-dir/MiniOzoneClusterImpl-01254bcd-b9e8-48c1-94f1-223cf5a25b98/datanode-5/data/ratis] (custom)
2019-10-02 11:34:54,819 [pool-413-thread-1] INFO  server.RaftServerConfigKeys (ConfUtils.java:logGet(43)) - raft.server.storage.dir = [/workdir/hadoop-ozone/integration-test/target/test-dir/MiniOzoneClusterImpl-01254bcd-b9e8-48c1-94f1-223cf5a25b98/datanode-3/data/ratis] (custom)
2019-10-02 11:34:54,819 [pool-433-thread-1] INFO  server.RaftServerConfigKeys (ConfUtils.java:logGet(43)) - raft.server.log.corruption.policy = EXCEPTION (default)
2019-10-02 11:34:54,819 [pool-413-thread-1] INFO  server.RaftServerConfigKeys (ConfUtils.java:logGet(43)) - raft.server.log.corruption.policy = EXCEPTION (default)
2019-10-02 11:34:54,819 [pool-433-thread-1] INFO  storage.RaftStorageDirectory (RaftStorageDirectory.java:analyzeStorage(246)) - The storage directory /workdir/hadoop-ozone/integration-test/target/test-dir/MiniOzoneClusterImpl-01254bcd-b9e8-48c1-94f1-223cf5a25b98/datanode-5/data/ratis/b8944552-aa94-4305-96d3-b2cc8cdfb3bc does not exist. Creating ...
2019-10-02 11:34:54,820 [pool-413-thread-1] INFO  storage.RaftStorageDirectory (RaftStorageDirectory.java:analyzeStorage(246)) - The storage directory /workdir/hadoop-ozone/integration-test/target/test-dir/MiniOzoneClusterImpl-01254bcd-b9e8-48c1-94f1-223cf5a25b98/datanode-3/data/ratis/b8944552-aa94-4305-96d3-b2cc8cdfb3bc does not exist. Creating ...
2019-10-02 11:34:54,832 [pool-423-thread-1] INFO  storage.RaftStorageDirectory (RaftStorageDirectory.java:tryLock(328)) - Lock on /workdir/hadoop-ozone/integration-test/target/test-dir/MiniOzoneClusterImpl-01254bcd-b9e8-48c1-94f1-223cf5a25b98/datanode-4/data/ratis/b8944552-aa94-4305-96d3-b2cc8cdfb3bc/in_use.lock acquired by nodename 24020@pr-hdds-2199-dnstouuidmap-dclhp-1004891939
2019-10-02 11:34:54,832 [pool-413-thread-1] INFO  storage.RaftStorageDirectory (RaftStorageDirectory.java:tryLock(328)) - Lock on /workdir/hadoop-ozone/integration-test/target/test-dir/MiniOzoneClusterImpl-01254bcd-b9e8-48c1-94f1-223cf5a25b98/datanode-3/data/ratis/b8944552-aa94-4305-96d3-b2cc8cdfb3bc/in_use.lock acquired by nodename 24020@pr-hdds-2199-dnstouuidmap-dclhp-1004891939
2019-10-02 11:34:54,832 [pool-433-thread-1] INFO  storage.RaftStorageDirectory (RaftStorageDirectory.java:tryLock(328)) - Lock on /workdir/hadoop-ozone/integration-test/target/test-dir/MiniOzoneClusterImpl-01254bcd-b9e8-48c1-94f1-223cf5a25b98/datanode-5/data/ratis/b8944552-aa94-4305-96d3-b2cc8cdfb3bc/in_use.lock acquired by nodename 24020@pr-hdds-2199-dnstouuidmap-dclhp-1004891939
2019-10-02 11:34:54,856 [pool-413-thread-1] INFO  storage.RaftStorage (RaftStorage.java:format(84)) - Storage directory /workdir/hadoop-ozone/integration-test/target/test-dir/MiniOzoneClusterImpl-01254bcd-b9e8-48c1-94f1-223cf5a25b98/datanode-3/data/ratis/b8944552-aa94-4305-96d3-b2cc8cdfb3bc has been successfully formatted.
2019-10-02 11:34:54,856 [pool-423-thread-1] INFO  storage.RaftStorage (RaftStorage.java:format(84)) - Storage directory /workdir/hadoop-ozone/integration-test/target/test-dir/MiniOzoneClusterImpl-01254bcd-b9e8-48c1-94f1-223cf5a25b98/datanode-4/data/ratis/b8944552-aa94-4305-96d3-b2cc8cdfb3bc has been successfully formatted.
2019-10-02 11:34:54,856 [pool-433-thread-1] INFO  storage.RaftStorage (RaftStorage.java:format(84)) - Storage directory /workdir/hadoop-ozone/integration-test/target/test-dir/MiniOzoneClusterImpl-01254bcd-b9e8-48c1-94f1-223cf5a25b98/datanode-5/data/ratis/b8944552-aa94-4305-96d3-b2cc8cdfb3bc has been successfully formatted.
2019-10-02 11:34:54,857 [pool-423-thread-1] INFO  ratis.ContainerStateMachine (ContainerStateMachine.java:loadSnapshot(230)) - group-B2CC8CDFB3BC: The snapshot info is null. Setting the last applied indexto:(t:0, i:~)
2019-10-02 11:34:54,857 [pool-413-thread-1] INFO  ratis.ContainerStateMachine (ContainerStateMachine.java:loadSnapshot(230)) - group-B2CC8CDFB3BC: The snapshot info is null. Setting the last applied indexto:(t:0, i:~)
2019-10-02 11:34:54,857 [pool-423-thread-1] INFO  server.RaftServerConfigKeys (ConfUtils.java:logGet(43)) - raft.server.notification.no-leader.timeout = 120s (custom)
2019-10-02 11:34:54,857 [pool-433-thread-1] INFO  ratis.ContainerStateMachine (ContainerStateMachine.java:loadSnapshot(230)) - group-B2CC8CDFB3BC: The snapshot info is null. Setting the last applied indexto:(t:0, i:~)
2019-10-02 11:34:54,857 [pool-423-thread-1] INFO  server.RaftServerConfigKeys (ConfUtils.java:logGet(43)) - raft.server.log.use.memory = false (default)
2019-10-02 11:34:54,857 [pool-413-thread-1] INFO  server.RaftServerConfigKeys (ConfUtils.java:logGet(43)) - raft.server.notification.no-leader.timeout = 120s (custom)
2019-10-02 11:34:54,857 [pool-423-thread-1] INFO  server.RaftServerConfigKeys (ConfUtils.java:logGet(43)) - raft.server.log.purge.gap = 1000000 (custom)
2019-10-02 11:34:54,857 [pool-433-thread-1] INFO  server.RaftServerConfigKeys (ConfUtils.java:logGet(43)) - raft.server.notification.no-leader.timeout = 120s (custom)
2019-10-02 11:34:54,857 [pool-423-thread-1] INFO  server.RaftServerConfigKeys (ConfUtils.java:logGet(43)) - raft.server.log.appender.buffer.byte-limit = 33554432 (custom)
2019-10-02 11:34:54,857 [pool-413-thread-1] INFO  server.RaftServerConfigKeys (ConfUtils.java:logGet(43)) - raft.server.log.use.memory = false (default)
2019-10-02 11:34:54,858 [pool-423-thread-1] INFO  server.RaftServerConfigKeys (ConfUtils.java:logGet(43)) - raft.server.log.segment.size.max = 1048576 (custom)
2019-10-02 11:34:54,858 [pool-433-thread-1] INFO  server.RaftServerConfigKeys (ConfUtils.java:logGet(43)) - raft.server.log.use.memory = false (default)
2019-10-02 11:34:54,858 [pool-423-thread-1] INFO  server.RaftServerConfigKeys (ConfUtils.java:logGet(43)) - raft.server.log.segment.cache.num.max = 2 (custom)
2019-10-02 11:34:54,858 [pool-413-thread-1] INFO  server.RaftServerConfigKeys (ConfUtils.java:logGet(43)) - raft.server.log.purge.gap = 1000000 (custom)
2019-10-02 11:34:54,858 [pool-423-thread-1] INFO  segmented.SegmentedRaftLogWorker (SegmentedRaftLogWorker.java:<init>(173)) - new 96a22126-b919-4884-837d-759e325b4d05@group-B2CC8CDFB3BC-SegmentedRaftLogWorker for RaftStorage:Storage Directory /workdir/hadoop-ozone/integration-test/target/test-dir/MiniOzoneClusterImpl-01254bcd-b9e8-48c1-94f1-223cf5a25b98/datanode-4/data/ratis/b8944552-aa94-4305-96d3-b2cc8cdfb3bc
2019-10-02 11:34:54,858 [pool-433-thread-1] INFO  server.RaftServerConfigKeys (ConfUtils.java:logGet(43)) - raft.server.log.purge.gap = 1000000 (custom)
2019-10-02 11:34:54,858 [pool-423-thread-1] INFO  server.RaftServerConfigKeys (ConfUtils.java:logGet(43)) - raft.server.log.queue.byte-limit = 2147483647 (custom)
2019-10-02 11:34:54,858 [pool-413-thread-1] INFO  server.RaftServerConfigKeys (ConfUtils.java:logGet(43)) - raft.server.log.appender.buffer.byte-limit = 33554432 (custom)
2019-10-02 11:34:54,858 [pool-423-thread-1] INFO  server.RaftServerConfigKeys (ConfUtils.java:logGet(43)) - raft.server.log.queue.element-limit = 1024 (custom)
2019-10-02 11:34:54,858 [pool-433-thread-1] INFO  server.RaftServerConfigKeys (ConfUtils.java:logGet(43)) - raft.server.log.appender.buffer.byte-limit = 33554432 (custom)
2019-10-02 11:34:54,858 [pool-423-thread-1] INFO  server.RaftServerConfigKeys (ConfUtils.java:logGet(43)) - raft.server.log.segment.size.max = 1048576 (custom)
2019-10-02 11:34:54,858 [pool-413-thread-1] INFO  server.RaftServerConfigKeys (ConfUtils.java:logGet(43)) - raft.server.log.segment.size.max = 1048576 (custom)
2019-10-02 11:34:54,859 [pool-423-thread-1] INFO  server.RaftServerConfigKeys (ConfUtils.java:logGet(43)) - raft.server.log.preallocated.size = 16384 (custom)
2019-10-02 11:34:54,858 [pool-433-thread-1] INFO  server.RaftServerConfigKeys (ConfUtils.java:logGet(43)) - raft.server.log.segment.size.max = 1048576 (custom)
2019-10-02 11:34:54,859 [pool-423-thread-1] INFO  server.RaftServerConfigKeys (ConfUtils.java:logGet(43)) - raft.server.log.write.buffer.size = 33554432 (custom)
2019-10-02 11:34:54,859 [pool-413-thread-1] INFO  server.RaftServerConfigKeys (ConfUtils.java:logGet(43)) - raft.server.log.segment.cache.num.max = 2 (custom)
2019-10-02 11:34:54,859 [pool-423-thread-1] INFO  server.RaftServerConfigKeys (ConfUtils.java:logGet(43)) - raft.server.log.force.sync.num = 128 (default)
2019-10-02 11:34:54,859 [pool-433-thread-1] INFO  server.RaftServerConfigKeys (ConfUtils.java:logGet(43)) - raft.server.log.segment.cache.num.max = 2 (custom)
2019-10-02 11:34:54,859 [pool-423-thread-1] INFO  server.RaftServerConfigKeys (ConfUtils.java:logGet(43)) - raft.server.log.statemachine.data.sync = true (default)
2019-10-02 11:34:54,859 [pool-413-thread-1] INFO  segmented.SegmentedRaftLogWorker (SegmentedRaftLogWorker.java:<init>(173)) - new 2ce1e488-9bfe-4cdd-a912-5807f6fc1d5d@group-B2CC8CDFB3BC-SegmentedRaftLogWorker for RaftStorage:Storage Directory /workdir/hadoop-ozone/integration-test/target/test-dir/MiniOzoneClusterImpl-01254bcd-b9e8-48c1-94f1-223cf5a25b98/datanode-3/data/ratis/b8944552-aa94-4305-96d3-b2cc8cdfb3bc
2019-10-02 11:34:54,859 [pool-423-thread-1] INFO  server.RaftServerConfigKeys (ConfUtils.java:logGet(43)) - raft.server.log.statemachine.data.sync.timeout = 10s (default)
2019-10-02 11:34:54,859 [pool-433-thread-1] INFO  segmented.SegmentedRaftLogWorker (SegmentedRaftLogWorker.java:<init>(173)) - new b18ee12f-cc5d-449f-a063-e8da99b2acf5@group-B2CC8CDFB3BC-SegmentedRaftLogWorker for RaftStorage:Storage Directory /workdir/hadoop-ozone/integration-test/target/test-dir/MiniOzoneClusterImpl-01254bcd-b9e8-48c1-94f1-223cf5a25b98/datanode-5/data/ratis/b8944552-aa94-4305-96d3-b2cc8cdfb3bc
2019-10-02 11:34:54,859 [pool-423-thread-1] INFO  server.RaftServerConfigKeys (ConfUtils.java:logGet(43)) - raft.server.log.statemachine.data.sync.timeout.retry = -1 (default)
2019-10-02 11:34:54,859 [pool-413-thread-1] INFO  server.RaftServerConfigKeys (ConfUtils.java:logGet(43)) - raft.server.log.queue.byte-limit = 2147483647 (custom)
2019-10-02 11:34:54,860 [pool-433-thread-1] INFO  server.RaftServerConfigKeys (ConfUtils.java:logGet(43)) - raft.server.log.queue.byte-limit = 2147483647 (custom)
2019-10-02 11:34:54,860 [pool-413-thread-1] INFO  server.RaftServerConfigKeys (ConfUtils.java:logGet(43)) - raft.server.log.queue.element-limit = 1024 (custom)
2019-10-02 11:34:54,860 [pool-423-thread-1] INFO  server.RaftServerConfigKeys (ConfUtils.java:logGet(43)) - raft.server.log.statemachine.data.caching.enabled = true (custom)
2019-10-02 11:34:54,860 [pool-413-thread-1] INFO  server.RaftServerConfigKeys (ConfUtils.java:logGet(43)) - raft.server.log.segment.size.max = 1048576 (custom)
2019-10-02 11:34:54,860 [pool-413-thread-1] INFO  server.RaftServerConfigKeys (ConfUtils.java:logGet(43)) - raft.server.log.preallocated.size = 16384 (custom)
2019-10-02 11:34:54,860 [pool-433-thread-1] INFO  server.RaftServerConfigKeys (ConfUtils.java:logGet(43)) - raft.server.log.queue.element-limit = 1024 (custom)
2019-10-02 11:34:54,860 [pool-413-thread-1] INFO  server.RaftServerConfigKeys (ConfUtils.java:logGet(43)) - raft.server.log.write.buffer.size = 33554432 (custom)
2019-10-02 11:34:54,860 [pool-423-thread-1] INFO  segmented.SegmentedRaftLogWorker (SegmentedRaftLogWorker.java:lambda$new$0(128)) - 96a22126-b919-4884-837d-759e325b4d05@group-B2CC8CDFB3BC-SegmentedRaftLogWorker: flushIndex: setUnconditionally 0 -> -1
2019-10-02 11:34:54,860 [pool-413-thread-1] INFO  server.RaftServerConfigKeys (ConfUtils.java:logGet(43)) - raft.server.log.force.sync.num = 128 (default)
2019-10-02 11:34:54,860 [pool-433-thread-1] INFO  server.RaftServerConfigKeys (ConfUtils.java:logGet(43)) - raft.server.log.segment.size.max = 1048576 (custom)
2019-10-02 11:34:54,861 [pool-423-thread-1] INFO  server.RaftServerConfigKeys (ConfUtils.java:logGet(43)) - raft.server.snapshot.auto.trigger.enabled = true (custom)
2019-10-02 11:34:54,861 [pool-413-thread-1] INFO  server.RaftServerConfigKeys (ConfUtils.java:logGet(43)) - raft.server.log.statemachine.data.sync = true (default)
2019-10-02 11:34:54,861 [pool-423-thread-1] INFO  server.RaftServerConfigKeys (ConfUtils.java:logGet(43)) - raft.server.snapshot.auto.trigger.threshold = 10000 (custom)
2019-10-02 11:34:54,861 [pool-433-thread-1] INFO  server.RaftServerConfigKeys (ConfUtils.java:logGet(43)) - raft.server.log.preallocated.size = 16384 (custom)
2019-10-02 11:34:54,861 [pool-423-thread-1] INFO  server.RaftServerConfigKeys (ConfUtils.java:logGet(43)) - raft.server.snapshot.retention.file.num = 5 (custom)
2019-10-02 11:34:54,861 [pool-413-thread-1] INFO  server.RaftServerConfigKeys (ConfUtils.java:logGet(43)) - raft.server.log.statemachine.data.sync.timeout = 10s (default)
2019-10-02 11:34:54,861 [pool-423-thread-1] INFO  server.RaftServerConfigKeys (ConfUtils.java:logGet(43)) - raft.server.retrycache.expirytime = 600000ms (custom)
2019-10-02 11:34:54,861 [pool-433-thread-1] INFO  server.RaftServerConfigKeys (ConfUtils.java:logGet(43)) - raft.server.log.write.buffer.size = 33554432 (custom)
2019-10-02 11:34:54,861 [pool-413-thread-1] INFO  server.RaftServerConfigKeys (ConfUtils.java:logGet(43)) - raft.server.log.statemachine.data.sync.timeout.retry = -1 (default)
2019-10-02 11:34:54,862 [pool-433-thread-1] INFO  server.RaftServerConfigKeys (ConfUtils.java:logGet(43)) - raft.server.log.force.sync.num = 128 (default)
2019-10-02 11:34:54,862 [pool-413-thread-1] INFO  server.RaftServerConfigKeys (ConfUtils.java:logGet(43)) - raft.server.log.statemachine.data.caching.enabled = true (custom)
2019-10-02 11:34:54,862 [pool-433-thread-1] INFO  server.RaftServerConfigKeys (ConfUtils.java:logGet(43)) - raft.server.log.statemachine.data.sync = true (default)
2019-10-02 11:34:54,862 [pool-413-thread-1] INFO  segmented.SegmentedRaftLogWorker (SegmentedRaftLogWorker.java:lambda$new$0(128)) - 2ce1e488-9bfe-4cdd-a912-5807f6fc1d5d@group-B2CC8CDFB3BC-SegmentedRaftLogWorker: flushIndex: setUnconditionally 0 -> -1
2019-10-02 11:34:54,862 [pool-433-thread-1] INFO  server.RaftServerConfigKeys (ConfUtils.java:logGet(43)) - raft.server.log.statemachine.data.sync.timeout = 10s (default)
2019-10-02 11:34:54,862 [pool-413-thread-1] INFO  server.RaftServerConfigKeys (ConfUtils.java:logGet(43)) - raft.server.snapshot.auto.trigger.enabled = true (custom)
2019-10-02 11:34:54,862 [pool-433-thread-1] INFO  server.RaftServerConfigKeys (ConfUtils.java:logGet(43)) - raft.server.log.statemachine.data.sync.timeout.retry = -1 (default)
2019-10-02 11:34:54,862 [pool-413-thread-1] INFO  server.RaftServerConfigKeys (ConfUtils.java:logGet(43)) - raft.server.snapshot.auto.trigger.threshold = 10000 (custom)
2019-10-02 11:34:54,862 [pool-433-thread-1] INFO  server.RaftServerConfigKeys (ConfUtils.java:logGet(43)) - raft.server.log.statemachine.data.caching.enabled = true (custom)
2019-10-02 11:34:54,862 [pool-413-thread-1] INFO  server.RaftServerConfigKeys (ConfUtils.java:logGet(43)) - raft.server.snapshot.retention.file.num = 5 (custom)
2019-10-02 11:34:54,863 [pool-413-thread-1] INFO  server.RaftServerConfigKeys (ConfUtils.java:logGet(43)) - raft.server.retrycache.expirytime = 600000ms (custom)
2019-10-02 11:34:54,863 [pool-433-thread-1] INFO  segmented.SegmentedRaftLogWorker (SegmentedRaftLogWorker.java:lambda$new$0(128)) - b18ee12f-cc5d-449f-a063-e8da99b2acf5@group-B2CC8CDFB3BC-SegmentedRaftLogWorker: flushIndex: setUnconditionally 0 -> -1
2019-10-02 11:34:54,863 [pool-433-thread-1] INFO  server.RaftServerConfigKeys (ConfUtils.java:logGet(43)) - raft.server.snapshot.auto.trigger.enabled = true (custom)
2019-10-02 11:34:54,863 [pool-433-thread-1] INFO  server.RaftServerConfigKeys (ConfUtils.java:logGet(43)) - raft.server.snapshot.auto.trigger.threshold = 10000 (custom)
2019-10-02 11:34:54,863 [pool-433-thread-1] INFO  server.RaftServerConfigKeys (ConfUtils.java:logGet(43)) - raft.server.snapshot.retention.file.num = 5 (custom)
2019-10-02 11:34:54,863 [pool-423-thread-1] INFO  impl.RaftServerImpl (RaftServerImpl.java:start(181)) - 96a22126-b919-4884-837d-759e325b4d05@group-B2CC8CDFB3BC: start as a follower, conf=-1: [b18ee12f-cc5d-449f-a063-e8da99b2acf5:192.168.5.172:32974, 2ce1e488-9bfe-4cdd-a912-5807f6fc1d5d:192.168.5.172:41132, 96a22126-b919-4884-837d-759e325b4d05:192.168.5.172:45697], old=null
2019-10-02 11:34:54,863 [pool-433-thread-1] INFO  server.RaftServerConfigKeys (ConfUtils.java:logGet(43)) - raft.server.retrycache.expirytime = 600000ms (custom)
2019-10-02 11:34:54,863 [pool-423-thread-1] INFO  impl.RaftServerImpl (RaftServerImpl.java:setRole(170)) - 96a22126-b919-4884-837d-759e325b4d05@group-B2CC8CDFB3BC: changes role from      null to FOLLOWER at term 0 for startAsFollower
2019-10-02 11:34:54,864 [pool-423-thread-1] INFO  impl.RoleInfo (RoleInfo.java:updateAndGet(143)) - 96a22126-b919-4884-837d-759e325b4d05: start FollowerState
2019-10-02 11:34:54,864 [pool-413-thread-1] INFO  impl.RaftServerImpl (RaftServerImpl.java:start(181)) - 2ce1e488-9bfe-4cdd-a912-5807f6fc1d5d@group-B2CC8CDFB3BC: start as a follower, conf=-1: [b18ee12f-cc5d-449f-a063-e8da99b2acf5:192.168.5.172:32974, 2ce1e488-9bfe-4cdd-a912-5807f6fc1d5d:192.168.5.172:41132, 96a22126-b919-4884-837d-759e325b4d05:192.168.5.172:45697], old=null
2019-10-02 11:34:54,864 [pool-423-thread-1] INFO  util.JmxRegister (JmxRegister.java:tryRegister(44)) - Successfully registered JMX Bean with object name Ratis:service=RaftServer,group=group-B2CC8CDFB3BC,id=96a22126-b919-4884-837d-759e325b4d05
2019-10-02 11:34:54,864 [pool-413-thread-1] INFO  impl.RaftServerImpl (RaftServerImpl.java:setRole(170)) - 2ce1e488-9bfe-4cdd-a912-5807f6fc1d5d@group-B2CC8CDFB3BC: changes role from      null to FOLLOWER at term 0 for startAsFollower
2019-10-02 11:34:54,864 [pool-413-thread-1] INFO  impl.RoleInfo (RoleInfo.java:updateAndGet(143)) - 2ce1e488-9bfe-4cdd-a912-5807f6fc1d5d: start FollowerState
2019-10-02 11:34:54,864 [pool-413-thread-1] INFO  util.JmxRegister (JmxRegister.java:tryRegister(44)) - Successfully registered JMX Bean with object name Ratis:service=RaftServer,group=group-B2CC8CDFB3BC,id=2ce1e488-9bfe-4cdd-a912-5807f6fc1d5d
2019-10-02 11:34:54,866 [pool-433-thread-1] INFO  impl.RaftServerImpl (RaftServerImpl.java:start(181)) - b18ee12f-cc5d-449f-a063-e8da99b2acf5@group-B2CC8CDFB3BC: start as a follower, conf=-1: [b18ee12f-cc5d-449f-a063-e8da99b2acf5:192.168.5.172:32974, 2ce1e488-9bfe-4cdd-a912-5807f6fc1d5d:192.168.5.172:41132, 96a22126-b919-4884-837d-759e325b4d05:192.168.5.172:45697], old=null
2019-10-02 11:34:54,866 [pool-433-thread-1] INFO  impl.RaftServerImpl (RaftServerImpl.java:setRole(170)) - b18ee12f-cc5d-449f-a063-e8da99b2acf5@group-B2CC8CDFB3BC: changes role from      null to FOLLOWER at term 0 for startAsFollower
2019-10-02 11:34:54,866 [pool-433-thread-1] INFO  impl.RoleInfo (RoleInfo.java:updateAndGet(143)) - b18ee12f-cc5d-449f-a063-e8da99b2acf5: start FollowerState
2019-10-02 11:34:54,867 [pool-433-thread-1] INFO  util.JmxRegister (JmxRegister.java:tryRegister(44)) - Successfully registered JMX Bean with object name Ratis:service=RaftServer,group=group-B2CC8CDFB3BC,id=b18ee12f-cc5d-449f-a063-e8da99b2acf5
2019-10-02 11:34:54,871 [RatisPipelineUtilsThread] INFO  pipeline.PipelineStateManager (PipelineStateManager.java:addPipeline(56)) - Created pipeline Pipeline[ Id: b8944552-aa94-4305-96d3-b2cc8cdfb3bc, Nodes: 96a22126-b919-4884-837d-759e325b4d05{ip: 192.168.5.172, host: pr-hdds-2199-dnstouuidmap-dclhp-1004891939, networkLocation: /default-rack, certSerialId: null}b18ee12f-cc5d-449f-a063-e8da99b2acf5{ip: 192.168.5.172, host: pr-hdds-2199-dnstouuidmap-dclhp-1004891939, networkLocation: /default-rack, certSerialId: null}2ce1e488-9bfe-4cdd-a912-5807f6fc1d5d{ip: 192.168.5.172, host: pr-hdds-2199-dnstouuidmap-dclhp-1004891939, networkLocation: /default-rack, certSerialId: null}, Type:RATIS, Factor:THREE, State:OPEN]
2019-10-02 11:34:57,375 [Thread-2362] INFO  container.ReplicationManager (ReplicationManager.java:start(162)) - Starting Replication Monitor Thread.
2019-10-02 11:34:57,379 [ReplicationMonitor] INFO  container.ReplicationManager (ReplicationManager.java:run(225)) - Replication Monitor Thread took 0 milliseconds for processing 1 containers.
2019-10-02 11:34:59,511 [Thread-2364] INFO  impl.FollowerState (FollowerState.java:run(108)) - 5bc98c9f-31e4-4984-b874-abe18842ad65@group-CBD18185331B-FollowerState: change to CANDIDATE, lastRpcTime:5094ms, electionTimeout:5094ms
2019-10-02 11:34:59,511 [Thread-2364] INFO  impl.RoleInfo (RoleInfo.java:shutdownFollowerState(121)) - 5bc98c9f-31e4-4984-b874-abe18842ad65: shutdown FollowerState
2019-10-02 11:34:59,511 [Thread-2364] INFO  impl.RaftServerImpl (RaftServerImpl.java:setRole(170)) - 5bc98c9f-31e4-4984-b874-abe18842ad65@group-CBD18185331B: changes role from  FOLLOWER to CANDIDATE at term 0 for changeToCandidate
2019-10-02 11:34:59,511 [Thread-2364] INFO  impl.RoleInfo (RoleInfo.java:updateAndGet(143)) - 5bc98c9f-31e4-4984-b874-abe18842ad65: start LeaderElection
2019-10-02 11:34:59,529 [5bc98c9f-31e4-4984-b874-abe18842ad65@group-CBD18185331B-LeaderElection84] INFO  impl.LeaderElection (LeaderElection.java:askForVotes(178)) - 5bc98c9f-31e4-4984-b874-abe18842ad65@group-CBD18185331B-LeaderElection84: begin an election at term 1 for -1: [5bc98c9f-31e4-4984-b874-abe18842ad65:192.168.5.172:36650], old=null
2019-10-02 11:34:59,530 [5bc98c9f-31e4-4984-b874-abe18842ad65@group-CBD18185331B-LeaderElection84] INFO  impl.RoleInfo (RoleInfo.java:shutdownLeaderElection(134)) - 5bc98c9f-31e4-4984-b874-abe18842ad65: shutdown LeaderElection
2019-10-02 11:34:59,530 [5bc98c9f-31e4-4984-b874-abe18842ad65@group-CBD18185331B-LeaderElection84] INFO  impl.RaftServerImpl (RaftServerImpl.java:setRole(170)) - 5bc98c9f-31e4-4984-b874-abe18842ad65@group-CBD18185331B: changes role from CANDIDATE to LEADER at term 1 for changeToLeader
2019-10-02 11:34:59,530 [5bc98c9f-31e4-4984-b874-abe18842ad65@group-CBD18185331B-LeaderElection84] INFO  impl.RaftServerImpl (ServerState.java:setLeader(255)) - 5bc98c9f-31e4-4984-b874-abe18842ad65@group-CBD18185331B: change Leader from null to 5bc98c9f-31e4-4984-b874-abe18842ad65 at term 1 for becomeLeader, leader elected after 5120ms
2019-10-02 11:34:59,530 [5bc98c9f-31e4-4984-b874-abe18842ad65@group-CBD18185331B-LeaderElection84] INFO  server.RaftServerConfigKeys (ConfUtils.java:logGet(43)) - raft.server.staging.catchup.gap = 1000 (default)
2019-10-02 11:34:59,530 [5bc98c9f-31e4-4984-b874-abe18842ad65@group-CBD18185331B-LeaderElection84] INFO  server.RaftServerConfigKeys (ConfUtils.java:logGet(43)) - raft.server.rpc.sleep.time = 25ms (default)
2019-10-02 11:34:59,531 [5bc98c9f-31e4-4984-b874-abe18842ad65@group-CBD18185331B-LeaderElection84] INFO  server.RaftServerConfigKeys (ConfUtils.java:logGet(43)) - raft.server.write.element-limit = 4096 (default)
2019-10-02 11:34:59,531 [5bc98c9f-31e4-4984-b874-abe18842ad65@group-CBD18185331B-LeaderElection84] INFO  server.RaftServerConfigKeys (ConfUtils.java:logGet(43)) - raft.server.watch.timeout = 10s (default)
2019-10-02 11:34:59,531 [5bc98c9f-31e4-4984-b874-abe18842ad65@group-CBD18185331B-LeaderElection84] INFO  server.RaftServerConfigKeys (ConfUtils.java:logGet(43)) - raft.server.watch.timeout.denomination = 1s (default)
2019-10-02 11:34:59,531 [5bc98c9f-31e4-4984-b874-abe18842ad65@group-CBD18185331B-LeaderElection84] INFO  server.RaftServerConfigKeys (ConfUtils.java:logGet(43)) - raft.server.watch.element-limit = 65536 (default)
2019-10-02 11:34:59,534 [5bc98c9f-31e4-4984-b874-abe18842ad65@group-CBD18185331B-LeaderElection84] INFO  impl.RoleInfo (RoleInfo.java:updateAndGet(143)) - 5bc98c9f-31e4-4984-b874-abe18842ad65: start LeaderState
2019-10-02 11:34:59,535 [5bc98c9f-31e4-4984-b874-abe18842ad65@group-CBD18185331B-LeaderElection84] INFO  segmented.SegmentedRaftLogWorker (SegmentedRaftLogWorker.java:startLogSegment(385)) - 5bc98c9f-31e4-4984-b874-abe18842ad65@group-CBD18185331B-SegmentedRaftLogWorker: Starting segment from index:0
2019-10-02 11:34:59,535 [5bc98c9f-31e4-4984-b874-abe18842ad65@group-CBD18185331B-LeaderElection84] INFO  impl.RaftServerImpl (ServerState.java:setRaftConf(356)) - 5bc98c9f-31e4-4984-b874-abe18842ad65@group-CBD18185331B: set configuration 0: [5bc98c9f-31e4-4984-b874-abe18842ad65:192.168.5.172:36650], old=null at 0
2019-10-02 11:34:59,547 [Thread-2367] INFO  impl.FollowerState (FollowerState.java:run(108)) - fdaab930-5407-41a3-9bac-01c79c9b09d1@group-165CDB69B3BE-FollowerState: change to CANDIDATE, lastRpcTime:5078ms, electionTimeout:5078ms
2019-10-02 11:34:59,547 [Thread-2367] INFO  impl.RoleInfo (RoleInfo.java:shutdownFollowerState(121)) - fdaab930-5407-41a3-9bac-01c79c9b09d1: shutdown FollowerState
2019-10-02 11:34:59,547 [Thread-2367] INFO  impl.RaftServerImpl (RaftServerImpl.java:setRole(170)) - fdaab930-5407-41a3-9bac-01c79c9b09d1@group-165CDB69B3BE: changes role from  FOLLOWER to CANDIDATE at term 0 for changeToCandidate
2019-10-02 11:34:59,547 [Thread-2367] INFO  impl.RoleInfo (RoleInfo.java:updateAndGet(143)) - fdaab930-5407-41a3-9bac-01c79c9b09d1: start LeaderElection
2019-10-02 11:34:59,574 [5bc98c9f-31e4-4984-b874-abe18842ad65@group-CBD18185331B-SegmentedRaftLogWorker] INFO  segmented.SegmentedRaftLogWorker (SegmentedRaftLogWorker.java:execute(574)) - 5bc98c9f-31e4-4984-b874-abe18842ad65@group-CBD18185331B-SegmentedRaftLogWorker: created new log segment /workdir/hadoop-ozone/integration-test/target/test-dir/MiniOzoneClusterImpl-01254bcd-b9e8-48c1-94f1-223cf5a25b98/datanode-0/data/ratis/69e3d7da-c797-49bf-8108-cbd18185331b/current/log_inprogress_0
2019-10-02 11:34:59,574 [fdaab930-5407-41a3-9bac-01c79c9b09d1@group-165CDB69B3BE-LeaderElection85] INFO  impl.LeaderElection (LeaderElection.java:askForVotes(178)) - fdaab930-5407-41a3-9bac-01c79c9b09d1@group-165CDB69B3BE-LeaderElection85: begin an election at term 1 for -1: [fdaab930-5407-41a3-9bac-01c79c9b09d1:192.168.5.172:42493], old=null
2019-10-02 11:34:59,574 [fdaab930-5407-41a3-9bac-01c79c9b09d1@group-165CDB69B3BE-LeaderElection85] INFO  impl.RoleInfo (RoleInfo.java:shutdownLeaderElection(134)) - fdaab930-5407-41a3-9bac-01c79c9b09d1: shutdown LeaderElection
2019-10-02 11:34:59,575 [fdaab930-5407-41a3-9bac-01c79c9b09d1@group-165CDB69B3BE-LeaderElection85] INFO  impl.RaftServerImpl (RaftServerImpl.java:setRole(170)) - fdaab930-5407-41a3-9bac-01c79c9b09d1@group-165CDB69B3BE: changes role from CANDIDATE to LEADER at term 1 for changeToLeader
2019-10-02 11:34:59,575 [fdaab930-5407-41a3-9bac-01c79c9b09d1@group-165CDB69B3BE-LeaderElection85] INFO  impl.RaftServerImpl (ServerState.java:setLeader(255)) - fdaab930-5407-41a3-9bac-01c79c9b09d1@group-165CDB69B3BE: change Leader from null to fdaab930-5407-41a3-9bac-01c79c9b09d1 at term 1 for becomeLeader, leader elected after 5111ms
2019-10-02 11:34:59,575 [fdaab930-5407-41a3-9bac-01c79c9b09d1@group-165CDB69B3BE-LeaderElection85] INFO  server.RaftServerConfigKeys (ConfUtils.java:logGet(43)) - raft.server.staging.catchup.gap = 1000 (default)
2019-10-02 11:34:59,575 [fdaab930-5407-41a3-9bac-01c79c9b09d1@group-165CDB69B3BE-LeaderElection85] INFO  server.RaftServerConfigKeys (ConfUtils.java:logGet(43)) - raft.server.rpc.sleep.time = 25ms (default)
2019-10-02 11:34:59,575 [fdaab930-5407-41a3-9bac-01c79c9b09d1@group-165CDB69B3BE-LeaderElection85] INFO  server.RaftServerConfigKeys (ConfUtils.java:logGet(43)) - raft.server.write.element-limit = 4096 (default)
2019-10-02 11:34:59,575 [fdaab930-5407-41a3-9bac-01c79c9b09d1@group-165CDB69B3BE-LeaderElection85] INFO  server.RaftServerConfigKeys (ConfUtils.java:logGet(43)) - raft.server.watch.timeout = 10s (default)
2019-10-02 11:34:59,575 [fdaab930-5407-41a3-9bac-01c79c9b09d1@group-165CDB69B3BE-LeaderElection85] INFO  server.RaftServerConfigKeys (ConfUtils.java:logGet(43)) - raft.server.watch.timeout.denomination = 1s (default)
2019-10-02 11:34:59,576 [fdaab930-5407-41a3-9bac-01c79c9b09d1@group-165CDB69B3BE-LeaderElection85] INFO  server.RaftServerConfigKeys (ConfUtils.java:logGet(43)) - raft.server.watch.element-limit = 65536 (default)
2019-10-02 11:34:59,577 [fdaab930-5407-41a3-9bac-01c79c9b09d1@group-165CDB69B3BE-LeaderElection85] INFO  impl.RoleInfo (RoleInfo.java:updateAndGet(143)) - fdaab930-5407-41a3-9bac-01c79c9b09d1: start LeaderState
2019-10-02 11:34:59,577 [fdaab930-5407-41a3-9bac-01c79c9b09d1@group-165CDB69B3BE-LeaderElection85] INFO  segmented.SegmentedRaftLogWorker (SegmentedRaftLogWorker.java:startLogSegment(385)) - fdaab930-5407-41a3-9bac-01c79c9b09d1@group-165CDB69B3BE-SegmentedRaftLogWorker: Starting segment from index:0
2019-10-02 11:34:59,578 [fdaab930-5407-41a3-9bac-01c79c9b09d1@group-165CDB69B3BE-LeaderElection85] INFO  impl.RaftServerImpl (ServerState.java:setRaftConf(356)) - fdaab930-5407-41a3-9bac-01c79c9b09d1@group-165CDB69B3BE: set configuration 0: [fdaab930-5407-41a3-9bac-01c79c9b09d1:192.168.5.172:42493], old=null at 0
2019-10-02 11:34:59,616 [fdaab930-5407-41a3-9bac-01c79c9b09d1@group-165CDB69B3BE-SegmentedRaftLogWorker] INFO  segmented.SegmentedRaftLogWorker (SegmentedRaftLogWorker.java:execute(574)) - fdaab930-5407-41a3-9bac-01c79c9b09d1@group-165CDB69B3BE-SegmentedRaftLogWorker: created new log segment /workdir/hadoop-ozone/integration-test/target/test-dir/MiniOzoneClusterImpl-01254bcd-b9e8-48c1-94f1-223cf5a25b98/datanode-1/data/ratis/22d5aff2-9b75-4cbb-a646-165cdb69b3be/current/log_inprogress_0
2019-10-02 11:34:59,638 [Thread-2376] INFO  impl.FollowerState (FollowerState.java:run(108)) - fdaab930-5407-41a3-9bac-01c79c9b09d1@group-A18BFC18C8B4-FollowerState: change to CANDIDATE, lastRpcTime:5051ms, electionTimeout:5051ms
2019-10-02 11:34:59,639 [Thread-2376] INFO  impl.RoleInfo (RoleInfo.java:shutdownFollowerState(121)) - fdaab930-5407-41a3-9bac-01c79c9b09d1: shutdown FollowerState
2019-10-02 11:34:59,639 [Thread-2376] INFO  impl.RaftServerImpl (RaftServerImpl.java:setRole(170)) - fdaab930-5407-41a3-9bac-01c79c9b09d1@group-A18BFC18C8B4: changes role from  FOLLOWER to CANDIDATE at term 0 for changeToCandidate
2019-10-02 11:34:59,639 [Thread-2376] INFO  impl.RoleInfo (RoleInfo.java:updateAndGet(143)) - fdaab930-5407-41a3-9bac-01c79c9b09d1: start LeaderElection
2019-10-02 11:34:59,658 [fdaab930-5407-41a3-9bac-01c79c9b09d1@group-A18BFC18C8B4-LeaderElection86] INFO  impl.LeaderElection (LeaderElection.java:askForVotes(178)) - fdaab930-5407-41a3-9bac-01c79c9b09d1@group-A18BFC18C8B4-LeaderElection86: begin an election at term 1 for -1: [5bc98c9f-31e4-4984-b874-abe18842ad65:192.168.5.172:36650, fdaab930-5407-41a3-9bac-01c79c9b09d1:192.168.5.172:42493, 4db9b2a2-7056-42cd-8596-b16c20d80aba:192.168.5.172:34818], old=null
2019-10-02 11:34:59,663 [grpc-default-executor-6] INFO  impl.RaftServerImpl (RaftServerImpl.java:setRole(170)) - 4db9b2a2-7056-42cd-8596-b16c20d80aba@group-A18BFC18C8B4: changes role from  FOLLOWER to FOLLOWER at term 1 for recognizeCandidate:fdaab930-5407-41a3-9bac-01c79c9b09d1
2019-10-02 11:34:59,663 [grpc-default-executor-7] INFO  impl.RaftServerImpl (RaftServerImpl.java:setRole(170)) - 5bc98c9f-31e4-4984-b874-abe18842ad65@group-A18BFC18C8B4: changes role from  FOLLOWER to FOLLOWER at term 1 for recognizeCandidate:fdaab930-5407-41a3-9bac-01c79c9b09d1
2019-10-02 11:34:59,663 [grpc-default-executor-6] INFO  impl.RoleInfo (RoleInfo.java:shutdownFollowerState(121)) - 4db9b2a2-7056-42cd-8596-b16c20d80aba: shutdown FollowerState
2019-10-02 11:34:59,663 [grpc-default-executor-7] INFO  impl.RoleInfo (RoleInfo.java:shutdownFollowerState(121)) - 5bc98c9f-31e4-4984-b874-abe18842ad65: shutdown FollowerState
2019-10-02 11:34:59,663 [Thread-2375] INFO  impl.FollowerState (FollowerState.java:run(117)) - 4db9b2a2-7056-42cd-8596-b16c20d80aba@group-A18BFC18C8B4-FollowerState was interrupted: java.lang.InterruptedException: sleep interrupted
2019-10-02 11:34:59,663 [grpc-default-executor-6] INFO  impl.RoleInfo (RoleInfo.java:updateAndGet(143)) - 4db9b2a2-7056-42cd-8596-b16c20d80aba: start FollowerState
2019-10-02 11:34:59,664 [Thread-2377] INFO  impl.FollowerState (FollowerState.java:run(117)) - 5bc98c9f-31e4-4984-b874-abe18842ad65@group-A18BFC18C8B4-FollowerState was interrupted: java.lang.InterruptedException: sleep interrupted
2019-10-02 11:34:59,663 [grpc-default-executor-7] INFO  impl.RoleInfo (RoleInfo.java:updateAndGet(143)) - 5bc98c9f-31e4-4984-b874-abe18842ad65: start FollowerState
2019-10-02 11:34:59,678 [fdaab930-5407-41a3-9bac-01c79c9b09d1@group-A18BFC18C8B4-LeaderElection86] INFO  impl.LeaderElection (LeaderElection.java:logAndReturn(56)) - fdaab930-5407-41a3-9bac-01c79c9b09d1@group-A18BFC18C8B4-LeaderElection86: Election PASSED; received 1 response(s) [fdaab930-5407-41a3-9bac-01c79c9b09d1<-4db9b2a2-7056-42cd-8596-b16c20d80aba#0:OK-t1] and 0 exception(s); fdaab930-5407-41a3-9bac-01c79c9b09d1@group-A18BFC18C8B4:t1, leader=null, voted=fdaab930-5407-41a3-9bac-01c79c9b09d1, raftlog=fdaab930-5407-41a3-9bac-01c79c9b09d1@group-A18BFC18C8B4-SegmentedRaftLog:OPENED:c-1,f-1,i0, conf=-1: [5bc98c9f-31e4-4984-b874-abe18842ad65:192.168.5.172:36650, fdaab930-5407-41a3-9bac-01c79c9b09d1:192.168.5.172:42493, 4db9b2a2-7056-42cd-8596-b16c20d80aba:192.168.5.172:34818], old=null
2019-10-02 11:34:59,678 [fdaab930-5407-41a3-9bac-01c79c9b09d1@group-A18BFC18C8B4-LeaderElection86] INFO  impl.RoleInfo (RoleInfo.java:shutdownLeaderElection(134)) - fdaab930-5407-41a3-9bac-01c79c9b09d1: shutdown LeaderElection
2019-10-02 11:34:59,678 [fdaab930-5407-41a3-9bac-01c79c9b09d1@group-A18BFC18C8B4-LeaderElection86] INFO  impl.RaftServerImpl (RaftServerImpl.java:setRole(170)) - fdaab930-5407-41a3-9bac-01c79c9b09d1@group-A18BFC18C8B4: changes role from CANDIDATE to LEADER at term 1 for changeToLeader
2019-10-02 11:34:59,678 [fdaab930-5407-41a3-9bac-01c79c9b09d1@group-A18BFC18C8B4-LeaderElection86] INFO  impl.RaftServerImpl (ServerState.java:setLeader(255)) - fdaab930-5407-41a3-9bac-01c79c9b09d1@group-A18BFC18C8B4: change Leader from null to fdaab930-5407-41a3-9bac-01c79c9b09d1 at term 1 for becomeLeader, leader elected after 5103ms
2019-10-02 11:34:59,679 [fdaab930-5407-41a3-9bac-01c79c9b09d1@group-A18BFC18C8B4-LeaderElection86] INFO  server.RaftServerConfigKeys (ConfUtils.java:logGet(43)) - raft.server.staging.catchup.gap = 1000 (default)
2019-10-02 11:34:59,679 [fdaab930-5407-41a3-9bac-01c79c9b09d1@group-A18BFC18C8B4-LeaderElection86] INFO  server.RaftServerConfigKeys (ConfUtils.java:logGet(43)) - raft.server.rpc.sleep.time = 25ms (default)
2019-10-02 11:34:59,679 [fdaab930-5407-41a3-9bac-01c79c9b09d1@group-A18BFC18C8B4-LeaderElection86] INFO  server.RaftServerConfigKeys (ConfUtils.java:logGet(43)) - raft.server.write.element-limit = 4096 (default)
2019-10-02 11:34:59,679 [fdaab930-5407-41a3-9bac-01c79c9b09d1@group-A18BFC18C8B4-LeaderElection86] INFO  server.RaftServerConfigKeys (ConfUtils.java:logGet(43)) - raft.server.watch.timeout = 10s (default)
2019-10-02 11:34:59,679 [fdaab930-5407-41a3-9bac-01c79c9b09d1@group-A18BFC18C8B4-LeaderElection86] INFO  server.RaftServerConfigKeys (ConfUtils.java:logGet(43)) - raft.server.watch.timeout.denomination = 1s (default)
2019-10-02 11:34:59,679 [fdaab930-5407-41a3-9bac-01c79c9b09d1@group-A18BFC18C8B4-LeaderElection86] INFO  server.RaftServerConfigKeys (ConfUtils.java:logGet(43)) - raft.server.watch.element-limit = 65536 (default)
2019-10-02 11:34:59,682 [fdaab930-5407-41a3-9bac-01c79c9b09d1@group-A18BFC18C8B4-LeaderElection86] INFO  server.RaftServerConfigKeys (ConfUtils.java:logGet(43)) - raft.server.log.appender.snapshot.chunk.size.max = 16MB (=16777216) (default)
2019-10-02 11:34:59,682 [fdaab930-5407-41a3-9bac-01c79c9b09d1@group-A18BFC18C8B4-LeaderElection86] INFO  server.RaftServerConfigKeys (ConfUtils.java:logGet(43)) - raft.server.log.appender.buffer.byte-limit = 33554432 (custom)
2019-10-02 11:34:59,682 [fdaab930-5407-41a3-9bac-01c79c9b09d1@group-A18BFC18C8B4-LeaderElection86] INFO  server.RaftServerConfigKeys (ConfUtils.java:logGet(43)) - raft.server.log.appender.buffer.element-limit = 1 (custom)
2019-10-02 11:34:59,683 [fdaab930-5407-41a3-9bac-01c79c9b09d1@group-A18BFC18C8B4-LeaderElection86] INFO  grpc.GrpcConfigKeys$Server (ConfUtils.java:logGet(43)) - raft.grpc.server.leader.outstanding.appends.max = 128 (default)
2019-10-02 11:34:59,683 [fdaab930-5407-41a3-9bac-01c79c9b09d1@group-A18BFC18C8B4-LeaderElection86] INFO  server.RaftServerConfigKeys (ConfUtils.java:logGet(43)) - raft.server.rpc.request.timeout = 3000ms (default)
2019-10-02 11:34:59,683 [fdaab930-5407-41a3-9bac-01c79c9b09d1@group-A18BFC18C8B4-LeaderElection86] INFO  server.RaftServerConfigKeys (ConfUtils.java:logGet(43)) - raft.server.log.appender.install.snapshot.enabled = false (custom)
2019-10-02 11:34:59,683 [fdaab930-5407-41a3-9bac-01c79c9b09d1@group-A18BFC18C8B4-LeaderElection86] INFO  server.RaftServerConfigKeys (ConfUtils.java:logGet(43)) - raft.server.log.appender.snapshot.chunk.size.max = 16MB (=16777216) (default)
2019-10-02 11:34:59,684 [fdaab930-5407-41a3-9bac-01c79c9b09d1@group-A18BFC18C8B4-LeaderElection86] INFO  server.RaftServerConfigKeys (ConfUtils.java:logGet(43)) - raft.server.log.appender.buffer.byte-limit = 33554432 (custom)
2019-10-02 11:34:59,684 [fdaab930-5407-41a3-9bac-01c79c9b09d1@group-A18BFC18C8B4-LeaderElection86] INFO  server.RaftServerConfigKeys (ConfUtils.java:logGet(43)) - raft.server.log.appender.buffer.element-limit = 1 (custom)
2019-10-02 11:34:59,684 [fdaab930-5407-41a3-9bac-01c79c9b09d1@group-A18BFC18C8B4-LeaderElection86] INFO  grpc.GrpcConfigKeys$Server (ConfUtils.java:logGet(43)) - raft.grpc.server.leader.outstanding.appends.max = 128 (default)
2019-10-02 11:34:59,684 [fdaab930-5407-41a3-9bac-01c79c9b09d1@group-A18BFC18C8B4-LeaderElection86] INFO  server.RaftServerConfigKeys (ConfUtils.java:logGet(43)) - raft.server.rpc.request.timeout = 3000ms (default)
2019-10-02 11:34:59,684 [fdaab930-5407-41a3-9bac-01c79c9b09d1@group-A18BFC18C8B4-LeaderElection86] INFO  server.RaftServerConfigKeys (ConfUtils.java:logGet(43)) - raft.server.log.appender.install.snapshot.enabled = false (custom)
2019-10-02 11:34:59,685 [fdaab930-5407-41a3-9bac-01c79c9b09d1@group-A18BFC18C8B4-LeaderElection86] INFO  impl.RoleInfo (RoleInfo.java:updateAndGet(143)) - fdaab930-5407-41a3-9bac-01c79c9b09d1: start LeaderState
2019-10-02 11:34:59,685 [fdaab930-5407-41a3-9bac-01c79c9b09d1@group-A18BFC18C8B4-LeaderElection86] INFO  segmented.SegmentedRaftLogWorker (SegmentedRaftLogWorker.java:startLogSegment(385)) - fdaab930-5407-41a3-9bac-01c79c9b09d1@group-A18BFC18C8B4-SegmentedRaftLogWorker: Starting segment from index:0
2019-10-02 11:34:59,686 [fdaab930-5407-41a3-9bac-01c79c9b09d1@group-A18BFC18C8B4-LeaderElection86] INFO  impl.RaftServerImpl (ServerState.java:setRaftConf(356)) - fdaab930-5407-41a3-9bac-01c79c9b09d1@group-A18BFC18C8B4: set configuration 0: [5bc98c9f-31e4-4984-b874-abe18842ad65:192.168.5.172:36650, fdaab930-5407-41a3-9bac-01c79c9b09d1:192.168.5.172:42493, 4db9b2a2-7056-42cd-8596-b16c20d80aba:192.168.5.172:34818], old=null at 0
2019-10-02 11:34:59,711 [grpc-default-executor-7] INFO  impl.RaftServerImpl (ServerState.java:setLeader(255)) - 4db9b2a2-7056-42cd-8596-b16c20d80aba@group-A18BFC18C8B4: change Leader from null to fdaab930-5407-41a3-9bac-01c79c9b09d1 at term 1 for appendEntries, leader elected after 5136ms
2019-10-02 11:34:59,711 [Thread-2370] INFO  impl.FollowerState (FollowerState.java:run(108)) - 4db9b2a2-7056-42cd-8596-b16c20d80aba@group-36291DBD880B-FollowerState: change to CANDIDATE, lastRpcTime:5185ms, electionTimeout:5182ms
2019-10-02 11:34:59,711 [Thread-2370] INFO  impl.RoleInfo (RoleInfo.java:shutdownFollowerState(121)) - 4db9b2a2-7056-42cd-8596-b16c20d80aba: shutdown FollowerState
2019-10-02 11:34:59,713 [grpc-default-executor-6] INFO  impl.RaftServerImpl (ServerState.java:setLeader(255)) - 5bc98c9f-31e4-4984-b874-abe18842ad65@group-A18BFC18C8B4: change Leader from null to fdaab930-5407-41a3-9bac-01c79c9b09d1 at term 1 for appendEntries, leader elected after 5138ms
2019-10-02 11:34:59,713 [Thread-2370] INFO  impl.RaftServerImpl (RaftServerImpl.java:setRole(170)) - 4db9b2a2-7056-42cd-8596-b16c20d80aba@group-36291DBD880B: changes role from  FOLLOWER to CANDIDATE at term 0 for changeToCandidate
2019-10-02 11:34:59,714 [Thread-2370] INFO  impl.RoleInfo (RoleInfo.java:updateAndGet(143)) - 4db9b2a2-7056-42cd-8596-b16c20d80aba: start LeaderElection
2019-10-02 11:34:59,719 [grpc-default-executor-7] INFO  impl.RaftServerImpl (ServerState.java:setRaftConf(356)) - 4db9b2a2-7056-42cd-8596-b16c20d80aba@group-A18BFC18C8B4: set configuration 0: [5bc98c9f-31e4-4984-b874-abe18842ad65:192.168.5.172:36650, fdaab930-5407-41a3-9bac-01c79c9b09d1:192.168.5.172:42493, 4db9b2a2-7056-42cd-8596-b16c20d80aba:192.168.5.172:34818], old=null at 0
2019-10-02 11:34:59,719 [grpc-default-executor-6] INFO  impl.RaftServerImpl (ServerState.java:setRaftConf(356)) - 5bc98c9f-31e4-4984-b874-abe18842ad65@group-A18BFC18C8B4: set configuration 0: [5bc98c9f-31e4-4984-b874-abe18842ad65:192.168.5.172:36650, fdaab930-5407-41a3-9bac-01c79c9b09d1:192.168.5.172:42493, 4db9b2a2-7056-42cd-8596-b16c20d80aba:192.168.5.172:34818], old=null at 0
2019-10-02 11:34:59,719 [grpc-default-executor-7] INFO  segmented.SegmentedRaftLogWorker (SegmentedRaftLogWorker.java:startLogSegment(385)) - 4db9b2a2-7056-42cd-8596-b16c20d80aba@group-A18BFC18C8B4-SegmentedRaftLogWorker: Starting segment from index:0
2019-10-02 11:34:59,719 [grpc-default-executor-6] INFO  segmented.SegmentedRaftLogWorker (SegmentedRaftLogWorker.java:startLogSegment(385)) - 5bc98c9f-31e4-4984-b874-abe18842ad65@group-A18BFC18C8B4-SegmentedRaftLogWorker: Starting segment from index:0
2019-10-02 11:34:59,724 [4db9b2a2-7056-42cd-8596-b16c20d80aba@group-36291DBD880B-LeaderElection87] INFO  impl.LeaderElection (LeaderElection.java:askForVotes(178)) - 4db9b2a2-7056-42cd-8596-b16c20d80aba@group-36291DBD880B-LeaderElection87: begin an election at term 1 for -1: [4db9b2a2-7056-42cd-8596-b16c20d80aba:192.168.5.172:34818], old=null
2019-10-02 11:34:59,724 [4db9b2a2-7056-42cd-8596-b16c20d80aba@group-36291DBD880B-LeaderElection87] INFO  impl.RoleInfo (RoleInfo.java:shutdownLeaderElection(134)) - 4db9b2a2-7056-42cd-8596-b16c20d80aba: shutdown LeaderElection
2019-10-02 11:34:59,724 [4db9b2a2-7056-42cd-8596-b16c20d80aba@group-36291DBD880B-LeaderElection87] INFO  impl.RaftServerImpl (RaftServerImpl.java:setRole(170)) - 4db9b2a2-7056-42cd-8596-b16c20d80aba@group-36291DBD880B: changes role from CANDIDATE to LEADER at term 1 for changeToLeader
2019-10-02 11:34:59,724 [4db9b2a2-7056-42cd-8596-b16c20d80aba@group-36291DBD880B-LeaderElection87] INFO  impl.RaftServerImpl (ServerState.java:setLeader(255)) - 4db9b2a2-7056-42cd-8596-b16c20d80aba@group-36291DBD880B: change Leader from null to 4db9b2a2-7056-42cd-8596-b16c20d80aba at term 1 for becomeLeader, leader elected after 5205ms
2019-10-02 11:34:59,724 [4db9b2a2-7056-42cd-8596-b16c20d80aba@group-36291DBD880B-LeaderElection87] INFO  server.RaftServerConfigKeys (ConfUtils.java:logGet(43)) - raft.server.staging.catchup.gap = 1000 (default)
2019-10-02 11:34:59,724 [4db9b2a2-7056-42cd-8596-b16c20d80aba@group-36291DBD880B-LeaderElection87] INFO  server.RaftServerConfigKeys (ConfUtils.java:logGet(43)) - raft.server.rpc.sleep.time = 25ms (default)
2019-10-02 11:34:59,724 [4db9b2a2-7056-42cd-8596-b16c20d80aba@group-36291DBD880B-LeaderElection87] INFO  server.RaftServerConfigKeys (ConfUtils.java:logGet(43)) - raft.server.write.element-limit = 4096 (default)
2019-10-02 11:34:59,725 [4db9b2a2-7056-42cd-8596-b16c20d80aba@group-36291DBD880B-LeaderElection87] INFO  server.RaftServerConfigKeys (ConfUtils.java:logGet(43)) - raft.server.watch.timeout = 10s (default)
2019-10-02 11:34:59,725 [fdaab930-5407-41a3-9bac-01c79c9b09d1@group-A18BFC18C8B4-SegmentedRaftLogWorker] INFO  segmented.SegmentedRaftLogWorker (SegmentedRaftLogWorker.java:execute(574)) - fdaab930-5407-41a3-9bac-01c79c9b09d1@group-A18BFC18C8B4-SegmentedRaftLogWorker: created new log segment /workdir/hadoop-ozone/integration-test/target/test-dir/MiniOzoneClusterImpl-01254bcd-b9e8-48c1-94f1-223cf5a25b98/datanode-1/data/ratis/4d758cfe-8963-40c7-a99d-a18bfc18c8b4/current/log_inprogress_0
2019-10-02 11:34:59,725 [4db9b2a2-7056-42cd-8596-b16c20d80aba@group-36291DBD880B-LeaderElection87] INFO  server.RaftServerConfigKeys (ConfUtils.java:logGet(43)) - raft.server.watch.timeout.denomination = 1s (default)
2019-10-02 11:34:59,725 [4db9b2a2-7056-42cd-8596-b16c20d80aba@group-36291DBD880B-LeaderElection87] INFO  server.RaftServerConfigKeys (ConfUtils.java:logGet(43)) - raft.server.watch.element-limit = 65536 (default)
2019-10-02 11:34:59,727 [4db9b2a2-7056-42cd-8596-b16c20d80aba@group-36291DBD880B-LeaderElection87] INFO  impl.RoleInfo (RoleInfo.java:updateAndGet(143)) - 4db9b2a2-7056-42cd-8596-b16c20d80aba: start LeaderState
2019-10-02 11:34:59,728 [4db9b2a2-7056-42cd-8596-b16c20d80aba@group-36291DBD880B-LeaderElection87] INFO  segmented.SegmentedRaftLogWorker (SegmentedRaftLogWorker.java:startLogSegment(385)) - 4db9b2a2-7056-42cd-8596-b16c20d80aba@group-36291DBD880B-SegmentedRaftLogWorker: Starting segment from index:0
2019-10-02 11:34:59,728 [4db9b2a2-7056-42cd-8596-b16c20d80aba@group-36291DBD880B-LeaderElection87] INFO  impl.RaftServerImpl (ServerState.java:setRaftConf(356)) - 4db9b2a2-7056-42cd-8596-b16c20d80aba@group-36291DBD880B: set configuration 0: [4db9b2a2-7056-42cd-8596-b16c20d80aba:192.168.5.172:34818], old=null at 0
2019-10-02 11:34:59,759 [4db9b2a2-7056-42cd-8596-b16c20d80aba@group-36291DBD880B-SegmentedRaftLogWorker] INFO  segmented.SegmentedRaftLogWorker (SegmentedRaftLogWorker.java:execute(574)) - 4db9b2a2-7056-42cd-8596-b16c20d80aba@group-36291DBD880B-SegmentedRaftLogWorker: created new log segment /workdir/hadoop-ozone/integration-test/target/test-dir/MiniOzoneClusterImpl-01254bcd-b9e8-48c1-94f1-223cf5a25b98/datanode-2/data/ratis/4d6d0853-82d1-439e-8644-36291dbd880b/current/log_inprogress_0
2019-10-02 11:34:59,759 [4db9b2a2-7056-42cd-8596-b16c20d80aba@group-A18BFC18C8B4-SegmentedRaftLogWorker] INFO  segmented.SegmentedRaftLogWorker (SegmentedRaftLogWorker.java:execute(574)) - 4db9b2a2-7056-42cd-8596-b16c20d80aba@group-A18BFC18C8B4-SegmentedRaftLogWorker: created new log segment /workdir/hadoop-ozone/integration-test/target/test-dir/MiniOzoneClusterImpl-01254bcd-b9e8-48c1-94f1-223cf5a25b98/datanode-2/data/ratis/4d758cfe-8963-40c7-a99d-a18bfc18c8b4/current/log_inprogress_0
2019-10-02 11:34:59,759 [5bc98c9f-31e4-4984-b874-abe18842ad65@group-A18BFC18C8B4-SegmentedRaftLogWorker] INFO  segmented.SegmentedRaftLogWorker (SegmentedRaftLogWorker.java:execute(574)) - 5bc98c9f-31e4-4984-b874-abe18842ad65@group-A18BFC18C8B4-SegmentedRaftLogWorker: created new log segment /workdir/hadoop-ozone/integration-test/target/test-dir/MiniOzoneClusterImpl-01254bcd-b9e8-48c1-94f1-223cf5a25b98/datanode-0/data/ratis/4d758cfe-8963-40c7-a99d-a18bfc18c8b4/current/log_inprogress_0
2019-10-02 11:34:59,770 [Thread-2385] INFO  impl.FollowerState (FollowerState.java:run(108)) - 2ce1e488-9bfe-4cdd-a912-5807f6fc1d5d@group-E916191D0E76-FollowerState: change to CANDIDATE, lastRpcTime:5087ms, electionTimeout:5087ms
2019-10-02 11:34:59,770 [Thread-2385] INFO  impl.RoleInfo (RoleInfo.java:shutdownFollowerState(121)) - 2ce1e488-9bfe-4cdd-a912-5807f6fc1d5d: shutdown FollowerState
2019-10-02 11:34:59,770 [Thread-2385] INFO  impl.RaftServerImpl (RaftServerImpl.java:setRole(170)) - 2ce1e488-9bfe-4cdd-a912-5807f6fc1d5d@group-E916191D0E76: changes role from  FOLLOWER to CANDIDATE at term 0 for changeToCandidate
2019-10-02 11:34:59,770 [Thread-2385] INFO  impl.RoleInfo (RoleInfo.java:updateAndGet(143)) - 2ce1e488-9bfe-4cdd-a912-5807f6fc1d5d: start LeaderElection
2019-10-02 11:34:59,786 [2ce1e488-9bfe-4cdd-a912-5807f6fc1d5d@group-E916191D0E76-LeaderElection88] INFO  impl.LeaderElection (LeaderElection.java:askForVotes(178)) - 2ce1e488-9bfe-4cdd-a912-5807f6fc1d5d@group-E916191D0E76-LeaderElection88: begin an election at term 1 for -1: [2ce1e488-9bfe-4cdd-a912-5807f6fc1d5d:192.168.5.172:41132], old=null
2019-10-02 11:34:59,786 [2ce1e488-9bfe-4cdd-a912-5807f6fc1d5d@group-E916191D0E76-LeaderElection88] INFO  impl.RoleInfo (RoleInfo.java:shutdownLeaderElection(134)) - 2ce1e488-9bfe-4cdd-a912-5807f6fc1d5d: shutdown LeaderElection
2019-10-02 11:34:59,786 [2ce1e488-9bfe-4cdd-a912-5807f6fc1d5d@group-E916191D0E76-LeaderElection88] INFO  impl.RaftServerImpl (RaftServerImpl.java:setRole(170)) - 2ce1e488-9bfe-4cdd-a912-5807f6fc1d5d@group-E916191D0E76: changes role from CANDIDATE to LEADER at term 1 for changeToLeader
2019-10-02 11:34:59,786 [2ce1e488-9bfe-4cdd-a912-5807f6fc1d5d@group-E916191D0E76-LeaderElection88] INFO  impl.RaftServerImpl (ServerState.java:setLeader(255)) - 2ce1e488-9bfe-4cdd-a912-5807f6fc1d5d@group-E916191D0E76: change Leader from null to 2ce1e488-9bfe-4cdd-a912-5807f6fc1d5d at term 1 for becomeLeader, leader elected after 5107ms
2019-10-02 11:34:59,786 [2ce1e488-9bfe-4cdd-a912-5807f6fc1d5d@group-E916191D0E76-LeaderElection88] INFO  server.RaftServerConfigKeys (ConfUtils.java:logGet(43)) - raft.server.staging.catchup.gap = 1000 (default)
2019-10-02 11:34:59,786 [2ce1e488-9bfe-4cdd-a912-5807f6fc1d5d@group-E916191D0E76-LeaderElection88] INFO  server.RaftServerConfigKeys (ConfUtils.java:logGet(43)) - raft.server.rpc.sleep.time = 25ms (default)
2019-10-02 11:34:59,786 [2ce1e488-9bfe-4cdd-a912-5807f6fc1d5d@group-E916191D0E76-LeaderElection88] INFO  server.RaftServerConfigKeys (ConfUtils.java:logGet(43)) - raft.server.write.element-limit = 4096 (default)
2019-10-02 11:34:59,786 [2ce1e488-9bfe-4cdd-a912-5807f6fc1d5d@group-E916191D0E76-LeaderElection88] INFO  server.RaftServerConfigKeys (ConfUtils.java:logGet(43)) - raft.server.watch.timeout = 10s (default)
2019-10-02 11:34:59,787 [2ce1e488-9bfe-4cdd-a912-5807f6fc1d5d@group-E916191D0E76-LeaderElection88] INFO  server.RaftServerConfigKeys (ConfUtils.java:logGet(43)) - raft.server.watch.timeout.denomination = 1s (default)
2019-10-02 11:34:59,787 [2ce1e488-9bfe-4cdd-a912-5807f6fc1d5d@group-E916191D0E76-LeaderElection88] INFO  server.RaftServerConfigKeys (ConfUtils.java:logGet(43)) - raft.server.watch.element-limit = 65536 (default)
2019-10-02 11:34:59,788 [2ce1e488-9bfe-4cdd-a912-5807f6fc1d5d@group-E916191D0E76-LeaderElection88] INFO  impl.RoleInfo (RoleInfo.java:updateAndGet(143)) - 2ce1e488-9bfe-4cdd-a912-5807f6fc1d5d: start LeaderState
2019-10-02 11:34:59,789 [2ce1e488-9bfe-4cdd-a912-5807f6fc1d5d@group-E916191D0E76-LeaderElection88] INFO  segmented.SegmentedRaftLogWorker (SegmentedRaftLogWorker.java:startLogSegment(385)) - 2ce1e488-9bfe-4cdd-a912-5807f6fc1d5d@group-E916191D0E76-SegmentedRaftLogWorker: Starting segment from index:0
2019-10-02 11:34:59,789 [2ce1e488-9bfe-4cdd-a912-5807f6fc1d5d@group-E916191D0E76-LeaderElection88] INFO  impl.RaftServerImpl (ServerState.java:setRaftConf(356)) - 2ce1e488-9bfe-4cdd-a912-5807f6fc1d5d@group-E916191D0E76: set configuration 0: [2ce1e488-9bfe-4cdd-a912-5807f6fc1d5d:192.168.5.172:41132], old=null at 0
2019-10-02 11:34:59,823 [2ce1e488-9bfe-4cdd-a912-5807f6fc1d5d@group-E916191D0E76-SegmentedRaftLogWorker] INFO  segmented.SegmentedRaftLogWorker (SegmentedRaftLogWorker.java:execute(574)) - 2ce1e488-9bfe-4cdd-a912-5807f6fc1d5d@group-E916191D0E76-SegmentedRaftLogWorker: created new log segment /workdir/hadoop-ozone/integration-test/target/test-dir/MiniOzoneClusterImpl-01254bcd-b9e8-48c1-94f1-223cf5a25b98/datanode-3/data/ratis/bfb9537b-92ad-46f2-bc93-e916191d0e76/current/log_inprogress_0
2019-10-02 11:34:59,842 [Thread-2382] INFO  impl.FollowerState (FollowerState.java:run(108)) - 96a22126-b919-4884-837d-759e325b4d05@group-ECA57E6234D2-FollowerState: change to CANDIDATE, lastRpcTime:5196ms, electionTimeout:5196ms
2019-10-02 11:34:59,842 [Thread-2382] INFO  impl.RoleInfo (RoleInfo.java:shutdownFollowerState(121)) - 96a22126-b919-4884-837d-759e325b4d05: shutdown FollowerState
2019-10-02 11:34:59,842 [Thread-2382] INFO  impl.RaftServerImpl (RaftServerImpl.java:setRole(170)) - 96a22126-b919-4884-837d-759e325b4d05@group-ECA57E6234D2: changes role from  FOLLOWER to CANDIDATE at term 0 for changeToCandidate
2019-10-02 11:34:59,842 [Thread-2382] INFO  impl.RoleInfo (RoleInfo.java:updateAndGet(143)) - 96a22126-b919-4884-837d-759e325b4d05: start LeaderElection
2019-10-02 11:34:59,860 [96a22126-b919-4884-837d-759e325b4d05@group-ECA57E6234D2-LeaderElection89] INFO  impl.LeaderElection (LeaderElection.java:askForVotes(178)) - 96a22126-b919-4884-837d-759e325b4d05@group-ECA57E6234D2-LeaderElection89: begin an election at term 1 for -1: [96a22126-b919-4884-837d-759e325b4d05:192.168.5.172:45697], old=null
2019-10-02 11:34:59,860 [96a22126-b919-4884-837d-759e325b4d05@group-ECA57E6234D2-LeaderElection89] INFO  impl.RoleInfo (RoleInfo.java:shutdownLeaderElection(134)) - 96a22126-b919-4884-837d-759e325b4d05: shutdown LeaderElection
2019-10-02 11:34:59,860 [96a22126-b919-4884-837d-759e325b4d05@group-ECA57E6234D2-LeaderElection89] INFO  impl.RaftServerImpl (RaftServerImpl.java:setRole(170)) - 96a22126-b919-4884-837d-759e325b4d05@group-ECA57E6234D2: changes role from CANDIDATE to LEADER at term 1 for changeToLeader
2019-10-02 11:34:59,860 [96a22126-b919-4884-837d-759e325b4d05@group-ECA57E6234D2-LeaderElection89] INFO  impl.RaftServerImpl (ServerState.java:setLeader(255)) - 96a22126-b919-4884-837d-759e325b4d05@group-ECA57E6234D2: change Leader from null to 96a22126-b919-4884-837d-759e325b4d05 at term 1 for becomeLeader, leader elected after 5218ms
2019-10-02 11:34:59,860 [96a22126-b919-4884-837d-759e325b4d05@group-ECA57E6234D2-LeaderElection89] INFO  server.RaftServerConfigKeys (ConfUtils.java:logGet(43)) - raft.server.staging.catchup.gap = 1000 (default)
2019-10-02 11:34:59,860 [96a22126-b919-4884-837d-759e325b4d05@group-ECA57E6234D2-LeaderElection89] INFO  server.RaftServerConfigKeys (ConfUtils.java:logGet(43)) - raft.server.rpc.sleep.time = 25ms (default)
2019-10-02 11:34:59,861 [96a22126-b919-4884-837d-759e325b4d05@group-ECA57E6234D2-LeaderElection89] INFO  server.RaftServerConfigKeys (ConfUtils.java:logGet(43)) - raft.server.write.element-limit = 4096 (default)
2019-10-02 11:34:59,861 [96a22126-b919-4884-837d-759e325b4d05@group-ECA57E6234D2-LeaderElection89] INFO  server.RaftServerConfigKeys (ConfUtils.java:logGet(43)) - raft.server.watch.timeout = 10s (default)
2019-10-02 11:34:59,861 [96a22126-b919-4884-837d-759e325b4d05@group-ECA57E6234D2-LeaderElection89] INFO  server.RaftServerConfigKeys (ConfUtils.java:logGet(43)) - raft.server.watch.timeout.denomination = 1s (default)
2019-10-02 11:34:59,861 [96a22126-b919-4884-837d-759e325b4d05@group-ECA57E6234D2-LeaderElection89] INFO  server.RaftServerConfigKeys (ConfUtils.java:logGet(43)) - raft.server.watch.element-limit = 65536 (default)
2019-10-02 11:34:59,863 [96a22126-b919-4884-837d-759e325b4d05@group-ECA57E6234D2-LeaderElection89] INFO  impl.RoleInfo (RoleInfo.java:updateAndGet(143)) - 96a22126-b919-4884-837d-759e325b4d05: start LeaderState
2019-10-02 11:34:59,864 [96a22126-b919-4884-837d-759e325b4d05@group-ECA57E6234D2-LeaderElection89] INFO  segmented.SegmentedRaftLogWorker (SegmentedRaftLogWorker.java:startLogSegment(385)) - 96a22126-b919-4884-837d-759e325b4d05@group-ECA57E6234D2-SegmentedRaftLogWorker: Starting segment from index:0
2019-10-02 11:34:59,864 [96a22126-b919-4884-837d-759e325b4d05@group-ECA57E6234D2-LeaderElection89] INFO  impl.RaftServerImpl (ServerState.java:setRaftConf(356)) - 96a22126-b919-4884-837d-759e325b4d05@group-ECA57E6234D2: set configuration 0: [96a22126-b919-4884-837d-759e325b4d05:192.168.5.172:45697], old=null at 0
2019-10-02 11:34:59,901 [96a22126-b919-4884-837d-759e325b4d05@group-ECA57E6234D2-SegmentedRaftLogWorker] INFO  segmented.SegmentedRaftLogWorker (SegmentedRaftLogWorker.java:execute(574)) - 96a22126-b919-4884-837d-759e325b4d05@group-ECA57E6234D2-SegmentedRaftLogWorker: created new log segment /workdir/hadoop-ozone/integration-test/target/test-dir/MiniOzoneClusterImpl-01254bcd-b9e8-48c1-94f1-223cf5a25b98/datanode-4/data/ratis/d0832d74-dcb8-454e-bdab-eca57e6234d2/current/log_inprogress_0
2019-10-02 11:34:59,910 [Thread-2400] INFO  impl.FollowerState (FollowerState.java:run(108)) - b18ee12f-cc5d-449f-a063-e8da99b2acf5@group-B2CC8CDFB3BC-FollowerState: change to CANDIDATE, lastRpcTime:5043ms, electionTimeout:5043ms
2019-10-02 11:34:59,910 [Thread-2400] INFO  impl.RoleInfo (RoleInfo.java:shutdownFollowerState(121)) - b18ee12f-cc5d-449f-a063-e8da99b2acf5: shutdown FollowerState
2019-10-02 11:34:59,910 [Thread-2400] INFO  impl.RaftServerImpl (RaftServerImpl.java:setRole(170)) - b18ee12f-cc5d-449f-a063-e8da99b2acf5@group-B2CC8CDFB3BC: changes role from  FOLLOWER to CANDIDATE at term 0 for changeToCandidate
2019-10-02 11:34:59,910 [Thread-2400] INFO  impl.RoleInfo (RoleInfo.java:updateAndGet(143)) - b18ee12f-cc5d-449f-a063-e8da99b2acf5: start LeaderElection
2019-10-02 11:34:59,913 [Thread-2393] INFO  impl.FollowerState (FollowerState.java:run(108)) - 2953f136-a798-4fb2-a14e-c5fc2a2ba208@group-23A755F1DA03-FollowerState: change to CANDIDATE, lastRpcTime:5110ms, electionTimeout:5109ms
2019-10-02 11:34:59,915 [Thread-2393] INFO  impl.RoleInfo (RoleInfo.java:shutdownFollowerState(121)) - 2953f136-a798-4fb2-a14e-c5fc2a2ba208: shutdown FollowerState
2019-10-02 11:34:59,915 [Thread-2393] INFO  impl.RaftServerImpl (RaftServerImpl.java:setRole(170)) - 2953f136-a798-4fb2-a14e-c5fc2a2ba208@group-23A755F1DA03: changes role from  FOLLOWER to CANDIDATE at term 0 for changeToCandidate
2019-10-02 11:34:59,915 [Thread-2393] INFO  impl.RoleInfo (RoleInfo.java:updateAndGet(143)) - 2953f136-a798-4fb2-a14e-c5fc2a2ba208: start LeaderElection
2019-10-02 11:34:59,918 [Thread-2389] INFO  impl.FollowerState (FollowerState.java:run(108)) - b18ee12f-cc5d-449f-a063-e8da99b2acf5@group-EFB62DA4AA64-FollowerState: change to CANDIDATE, lastRpcTime:5188ms, electionTimeout:5188ms
2019-10-02 11:34:59,918 [Thread-2389] INFO  impl.RoleInfo (RoleInfo.java:shutdownFollowerState(121)) - b18ee12f-cc5d-449f-a063-e8da99b2acf5: shutdown FollowerState
2019-10-02 11:34:59,918 [Thread-2389] INFO  impl.RaftServerImpl (RaftServerImpl.java:setRole(170)) - b18ee12f-cc5d-449f-a063-e8da99b2acf5@group-EFB62DA4AA64: changes role from  FOLLOWER to CANDIDATE at term 0 for changeToCandidate
2019-10-02 11:34:59,919 [Thread-2389] INFO  impl.RoleInfo (RoleInfo.java:updateAndGet(143)) - b18ee12f-cc5d-449f-a063-e8da99b2acf5: start LeaderElection
2019-10-02 11:34:59,931 [2953f136-a798-4fb2-a14e-c5fc2a2ba208@group-23A755F1DA03-LeaderElection91] INFO  impl.LeaderElection (LeaderElection.java:askForVotes(178)) - 2953f136-a798-4fb2-a14e-c5fc2a2ba208@group-23A755F1DA03-LeaderElection91: begin an election at term 1 for -1: [2953f136-a798-4fb2-a14e-c5fc2a2ba208:192.168.5.172:34697], old=null
2019-10-02 11:34:59,931 [b18ee12f-cc5d-449f-a063-e8da99b2acf5@group-EFB62DA4AA64-LeaderElection92] INFO  impl.LeaderElection (LeaderElection.java:askForVotes(178)) - b18ee12f-cc5d-449f-a063-e8da99b2acf5@group-EFB62DA4AA64-LeaderElection92: begin an election at term 1 for -1: [b18ee12f-cc5d-449f-a063-e8da99b2acf5:192.168.5.172:32974], old=null
2019-10-02 11:34:59,931 [2953f136-a798-4fb2-a14e-c5fc2a2ba208@group-23A755F1DA03-LeaderElection91] INFO  impl.RoleInfo (RoleInfo.java:shutdownLeaderElection(134)) - 2953f136-a798-4fb2-a14e-c5fc2a2ba208: shutdown LeaderElection
2019-10-02 11:34:59,931 [b18ee12f-cc5d-449f-a063-e8da99b2acf5@group-B2CC8CDFB3BC-LeaderElection90] INFO  impl.LeaderElection (LeaderElection.java:askForVotes(178)) - b18ee12f-cc5d-449f-a063-e8da99b2acf5@group-B2CC8CDFB3BC-LeaderElection90: begin an election at term 1 for -1: [b18ee12f-cc5d-449f-a063-e8da99b2acf5:192.168.5.172:32974, 2ce1e488-9bfe-4cdd-a912-5807f6fc1d5d:192.168.5.172:41132, 96a22126-b919-4884-837d-759e325b4d05:192.168.5.172:45697], old=null
2019-10-02 11:34:59,932 [2953f136-a798-4fb2-a14e-c5fc2a2ba208@group-23A755F1DA03-LeaderElection91] INFO  impl.RaftServerImpl (RaftServerImpl.java:setRole(170)) - 2953f136-a798-4fb2-a14e-c5fc2a2ba208@group-23A755F1DA03: changes role from CANDIDATE to LEADER at term 1 for changeToLeader
2019-10-02 11:34:59,931 [b18ee12f-cc5d-449f-a063-e8da99b2acf5@group-EFB62DA4AA64-LeaderElection92] INFO  impl.RoleInfo (RoleInfo.java:shutdownLeaderElection(134)) - b18ee12f-cc5d-449f-a063-e8da99b2acf5: shutdown LeaderElection
2019-10-02 11:34:59,932 [2953f136-a798-4fb2-a14e-c5fc2a2ba208@group-23A755F1DA03-LeaderElection91] INFO  impl.RaftServerImpl (ServerState.java:setLeader(255)) - 2953f136-a798-4fb2-a14e-c5fc2a2ba208@group-23A755F1DA03: change Leader from null to 2953f136-a798-4fb2-a14e-c5fc2a2ba208 at term 1 for becomeLeader, leader elected after 5133ms
2019-10-02 11:34:59,932 [b18ee12f-cc5d-449f-a063-e8da99b2acf5@group-EFB62DA4AA64-LeaderElection92] INFO  impl.RaftServerImpl (RaftServerImpl.java:setRole(170)) - b18ee12f-cc5d-449f-a063-e8da99b2acf5@group-EFB62DA4AA64: changes role from CANDIDATE to LEADER at term 1 for changeToLeader
2019-10-02 11:34:59,932 [2953f136-a798-4fb2-a14e-c5fc2a2ba208@group-23A755F1DA03-LeaderElection91] INFO  server.RaftServerConfigKeys (ConfUtils.java:logGet(43)) - raft.server.staging.catchup.gap = 1000 (default)
2019-10-02 11:34:59,932 [b18ee12f-cc5d-449f-a063-e8da99b2acf5@group-EFB62DA4AA64-LeaderElection92] INFO  impl.RaftServerImpl (ServerState.java:setLeader(255)) - b18ee12f-cc5d-449f-a063-e8da99b2acf5@group-EFB62DA4AA64: change Leader from null to b18ee12f-cc5d-449f-a063-e8da99b2acf5 at term 1 for becomeLeader, leader elected after 5213ms
2019-10-02 11:34:59,932 [2953f136-a798-4fb2-a14e-c5fc2a2ba208@group-23A755F1DA03-LeaderElection91] INFO  server.RaftServerConfigKeys (ConfUtils.java:logGet(43)) - raft.server.rpc.sleep.time = 25ms (default)
2019-10-02 11:34:59,932 [b18ee12f-cc5d-449f-a063-e8da99b2acf5@group-EFB62DA4AA64-LeaderElection92] INFO  server.RaftServerConfigKeys (ConfUtils.java:logGet(43)) - raft.server.staging.catchup.gap = 1000 (default)
2019-10-02 11:34:59,932 [2953f136-a798-4fb2-a14e-c5fc2a2ba208@group-23A755F1DA03-LeaderElection91] INFO  server.RaftServerConfigKeys (ConfUtils.java:logGet(43)) - raft.server.write.element-limit = 4096 (default)
2019-10-02 11:34:59,933 [b18ee12f-cc5d-449f-a063-e8da99b2acf5@group-EFB62DA4AA64-LeaderElection92] INFO  server.RaftServerConfigKeys (ConfUtils.java:logGet(43)) - raft.server.rpc.sleep.time = 25ms (default)
2019-10-02 11:34:59,933 [2953f136-a798-4fb2-a14e-c5fc2a2ba208@group-23A755F1DA03-LeaderElection91] INFO  server.RaftServerConfigKeys (ConfUtils.java:logGet(43)) - raft.server.watch.timeout = 10s (default)
2019-10-02 11:34:59,933 [2953f136-a798-4fb2-a14e-c5fc2a2ba208@group-23A755F1DA03-LeaderElection91] INFO  server.RaftServerConfigKeys (ConfUtils.java:logGet(43)) - raft.server.watch.timeout.denomination = 1s (default)
2019-10-02 11:34:59,933 [b18ee12f-cc5d-449f-a063-e8da99b2acf5@group-EFB62DA4AA64-LeaderElection92] INFO  server.RaftServerConfigKeys (ConfUtils.java:logGet(43)) - raft.server.write.element-limit = 4096 (default)
2019-10-02 11:34:59,933 [2953f136-a798-4fb2-a14e-c5fc2a2ba208@group-23A755F1DA03-LeaderElection91] INFO  server.RaftServerConfigKeys (ConfUtils.java:logGet(43)) - raft.server.watch.element-limit = 65536 (default)
2019-10-02 11:34:59,933 [b18ee12f-cc5d-449f-a063-e8da99b2acf5@group-EFB62DA4AA64-LeaderElection92] INFO  server.RaftServerConfigKeys (ConfUtils.java:logGet(43)) - raft.server.watch.timeout = 10s (default)
2019-10-02 11:34:59,933 [b18ee12f-cc5d-449f-a063-e8da99b2acf5@group-EFB62DA4AA64-LeaderElection92] INFO  server.RaftServerConfigKeys (ConfUtils.java:logGet(43)) - raft.server.watch.timeout.denomination = 1s (default)
2019-10-02 11:34:59,935 [b18ee12f-cc5d-449f-a063-e8da99b2acf5@group-EFB62DA4AA64-LeaderElection92] INFO  server.RaftServerConfigKeys (ConfUtils.java:logGet(43)) - raft.server.watch.element-limit = 65536 (default)
2019-10-02 11:34:59,937 [2953f136-a798-4fb2-a14e-c5fc2a2ba208@group-23A755F1DA03-LeaderElection91] INFO  impl.RoleInfo (RoleInfo.java:updateAndGet(143)) - 2953f136-a798-4fb2-a14e-c5fc2a2ba208: start LeaderState
2019-10-02 11:34:59,937 [2953f136-a798-4fb2-a14e-c5fc2a2ba208@group-23A755F1DA03-LeaderElection91] INFO  segmented.SegmentedRaftLogWorker (SegmentedRaftLogWorker.java:startLogSegment(385)) - 2953f136-a798-4fb2-a14e-c5fc2a2ba208@group-23A755F1DA03-SegmentedRaftLogWorker: Starting segment from index:0
2019-10-02 11:34:59,937 [2953f136-a798-4fb2-a14e-c5fc2a2ba208@group-23A755F1DA03-LeaderElection91] INFO  impl.RaftServerImpl (ServerState.java:setRaftConf(356)) - 2953f136-a798-4fb2-a14e-c5fc2a2ba208@group-23A755F1DA03: set configuration 0: [2953f136-a798-4fb2-a14e-c5fc2a2ba208:192.168.5.172:34697], old=null at 0
2019-10-02 11:34:59,961 [grpc-default-executor-7] INFO  impl.RaftServerImpl (RaftServerImpl.java:setRole(170)) - 2ce1e488-9bfe-4cdd-a912-5807f6fc1d5d@group-B2CC8CDFB3BC: changes role from  FOLLOWER to FOLLOWER at term 1 for recognizeCandidate:b18ee12f-cc5d-449f-a063-e8da99b2acf5
2019-10-02 11:34:59,961 [grpc-default-executor-7] INFO  impl.RoleInfo (RoleInfo.java:shutdownFollowerState(121)) - 2ce1e488-9bfe-4cdd-a912-5807f6fc1d5d: shutdown FollowerState
2019-10-02 11:34:59,961 [grpc-default-executor-7] INFO  impl.RoleInfo (RoleInfo.java:updateAndGet(143)) - 2ce1e488-9bfe-4cdd-a912-5807f6fc1d5d: start FollowerState
2019-10-02 11:34:59,961 [Thread-2399] INFO  impl.FollowerState (FollowerState.java:run(117)) - 2ce1e488-9bfe-4cdd-a912-5807f6fc1d5d@group-B2CC8CDFB3BC-FollowerState was interrupted: java.lang.InterruptedException: sleep interrupted
2019-10-02 11:34:59,963 [grpc-default-executor-6] INFO  impl.RaftServerImpl (RaftServerImpl.java:setRole(170)) - 96a22126-b919-4884-837d-759e325b4d05@group-B2CC8CDFB3BC: changes role from  FOLLOWER to FOLLOWER at term 1 for recognizeCandidate:b18ee12f-cc5d-449f-a063-e8da99b2acf5
2019-10-02 11:34:59,963 [grpc-default-executor-6] INFO  impl.RoleInfo (RoleInfo.java:shutdownFollowerState(121)) - 96a22126-b919-4884-837d-759e325b4d05: shutdown FollowerState
2019-10-02 11:34:59,963 [grpc-default-executor-6] INFO  impl.RoleInfo (RoleInfo.java:updateAndGet(143)) - 96a22126-b919-4884-837d-759e325b4d05: start FollowerState
2019-10-02 11:34:59,963 [b18ee12f-cc5d-449f-a063-e8da99b2acf5@group-EFB62DA4AA64-LeaderElection92] INFO  impl.RoleInfo (RoleInfo.java:updateAndGet(143)) - b18ee12f-cc5d-449f-a063-e8da99b2acf5: start LeaderState
2019-10-02 11:34:59,963 [Thread-2398] INFO  impl.FollowerState (FollowerState.java:run(117)) - 96a22126-b919-4884-837d-759e325b4d05@group-B2CC8CDFB3BC-FollowerState was interrupted: java.lang.InterruptedException: sleep interrupted
2019-10-02 11:34:59,964 [b18ee12f-cc5d-449f-a063-e8da99b2acf5@group-EFB62DA4AA64-LeaderElection92] INFO  segmented.SegmentedRaftLogWorker (SegmentedRaftLogWorker.java:startLogSegment(385)) - b18ee12f-cc5d-449f-a063-e8da99b2acf5@group-EFB62DA4AA64-SegmentedRaftLogWorker: Starting segment from index:0
2019-10-02 11:34:59,965 [b18ee12f-cc5d-449f-a063-e8da99b2acf5@group-EFB62DA4AA64-LeaderElection92] INFO  impl.RaftServerImpl (ServerState.java:setRaftConf(356)) - b18ee12f-cc5d-449f-a063-e8da99b2acf5@group-EFB62DA4AA64: set configuration 0: [b18ee12f-cc5d-449f-a063-e8da99b2acf5:192.168.5.172:32974], old=null at 0
2019-10-02 11:34:59,986 [2953f136-a798-4fb2-a14e-c5fc2a2ba208@group-23A755F1DA03-SegmentedRaftLogWorker] INFO  segmented.SegmentedRaftLogWorker (SegmentedRaftLogWorker.java:execute(574)) - 2953f136-a798-4fb2-a14e-c5fc2a2ba208@group-23A755F1DA03-SegmentedRaftLogWorker: created new log segment /workdir/hadoop-ozone/integration-test/target/test-dir/MiniOzoneClusterImpl-01254bcd-b9e8-48c1-94f1-223cf5a25b98/datanode-6/data/ratis/742c06c8-df19-444a-b6cc-23a755f1da03/current/log_inprogress_0
2019-10-02 11:34:59,987 [b18ee12f-cc5d-449f-a063-e8da99b2acf5@group-B2CC8CDFB3BC-LeaderElection90] INFO  impl.LeaderElection (LeaderElection.java:logAndReturn(56)) - b18ee12f-cc5d-449f-a063-e8da99b2acf5@group-B2CC8CDFB3BC-LeaderElection90: Election PASSED; received 1 response(s) [b18ee12f-cc5d-449f-a063-e8da99b2acf5<-96a22126-b919-4884-837d-759e325b4d05#0:OK-t1] and 0 exception(s); b18ee12f-cc5d-449f-a063-e8da99b2acf5@group-B2CC8CDFB3BC:t1, leader=null, voted=b18ee12f-cc5d-449f-a063-e8da99b2acf5, raftlog=b18ee12f-cc5d-449f-a063-e8da99b2acf5@group-B2CC8CDFB3BC-SegmentedRaftLog:OPENED:c-1,f-1,i0, conf=-1: [b18ee12f-cc5d-449f-a063-e8da99b2acf5:192.168.5.172:32974, 2ce1e488-9bfe-4cdd-a912-5807f6fc1d5d:192.168.5.172:41132, 96a22126-b919-4884-837d-759e325b4d05:192.168.5.172:45697], old=null
2019-10-02 11:34:59,987 [b18ee12f-cc5d-449f-a063-e8da99b2acf5@group-B2CC8CDFB3BC-LeaderElection90] INFO  impl.RoleInfo (RoleInfo.java:shutdownLeaderElection(134)) - b18ee12f-cc5d-449f-a063-e8da99b2acf5: shutdown LeaderElection
2019-10-02 11:34:59,988 [b18ee12f-cc5d-449f-a063-e8da99b2acf5@group-B2CC8CDFB3BC-LeaderElection90] INFO  impl.RaftServerImpl (RaftServerImpl.java:setRole(170)) - b18ee12f-cc5d-449f-a063-e8da99b2acf5@group-B2CC8CDFB3BC: changes role from CANDIDATE to LEADER at term 1 for changeToLeader
2019-10-02 11:34:59,988 [b18ee12f-cc5d-449f-a063-e8da99b2acf5@group-B2CC8CDFB3BC-LeaderElection90] INFO  impl.RaftServerImpl (ServerState.java:setLeader(255)) - b18ee12f-cc5d-449f-a063-e8da99b2acf5@group-B2CC8CDFB3BC: change Leader from null to b18ee12f-cc5d-449f-a063-e8da99b2acf5 at term 1 for becomeLeader, leader elected after 5130ms
2019-10-02 11:34:59,988 [b18ee12f-cc5d-449f-a063-e8da99b2acf5@group-B2CC8CDFB3BC-LeaderElection90] INFO  server.RaftServerConfigKeys (ConfUtils.java:logGet(43)) - raft.server.staging.catchup.gap = 1000 (default)
2019-10-02 11:34:59,990 [b18ee12f-cc5d-449f-a063-e8da99b2acf5@group-B2CC8CDFB3BC-LeaderElection90] INFO  server.RaftServerConfigKeys (ConfUtils.java:logGet(43)) - raft.server.rpc.sleep.time = 25ms (default)
2019-10-02 11:34:59,990 [b18ee12f-cc5d-449f-a063-e8da99b2acf5@group-B2CC8CDFB3BC-LeaderElection90] INFO  server.RaftServerConfigKeys (ConfUtils.java:logGet(43)) - raft.server.write.element-limit = 4096 (default)
2019-10-02 11:34:59,990 [b18ee12f-cc5d-449f-a063-e8da99b2acf5@group-B2CC8CDFB3BC-LeaderElection90] INFO  server.RaftServerConfigKeys (ConfUtils.java:logGet(43)) - raft.server.watch.timeout = 10s (default)
2019-10-02 11:34:59,991 [b18ee12f-cc5d-449f-a063-e8da99b2acf5@group-B2CC8CDFB3BC-LeaderElection90] INFO  server.RaftServerConfigKeys (ConfUtils.java:logGet(43)) - raft.server.watch.timeout.denomination = 1s (default)
2019-10-02 11:34:59,991 [b18ee12f-cc5d-449f-a063-e8da99b2acf5@group-B2CC8CDFB3BC-LeaderElection90] INFO  server.RaftServerConfigKeys (ConfUtils.java:logGet(43)) - raft.server.watch.element-limit = 65536 (default)
2019-10-02 11:34:59,993 [b18ee12f-cc5d-449f-a063-e8da99b2acf5@group-B2CC8CDFB3BC-LeaderElection90] INFO  server.RaftServerConfigKeys (ConfUtils.java:logGet(43)) - raft.server.log.appender.snapshot.chunk.size.max = 16MB (=16777216) (default)
2019-10-02 11:34:59,993 [b18ee12f-cc5d-449f-a063-e8da99b2acf5@group-B2CC8CDFB3BC-LeaderElection90] INFO  server.RaftServerConfigKeys (ConfUtils.java:logGet(43)) - raft.server.log.appender.buffer.byte-limit = 33554432 (custom)
2019-10-02 11:34:59,993 [b18ee12f-cc5d-449f-a063-e8da99b2acf5@group-B2CC8CDFB3BC-LeaderElection90] INFO  server.RaftServerConfigKeys (ConfUtils.java:logGet(43)) - raft.server.log.appender.buffer.element-limit = 1 (custom)
2019-10-02 11:34:59,994 [b18ee12f-cc5d-449f-a063-e8da99b2acf5@group-B2CC8CDFB3BC-LeaderElection90] INFO  grpc.GrpcConfigKeys$Server (ConfUtils.java:logGet(43)) - raft.grpc.server.leader.outstanding.appends.max = 128 (default)
2019-10-02 11:34:59,994 [b18ee12f-cc5d-449f-a063-e8da99b2acf5@group-B2CC8CDFB3BC-LeaderElection90] INFO  server.RaftServerConfigKeys (ConfUtils.java:logGet(43)) - raft.server.rpc.request.timeout = 3000ms (default)
2019-10-02 11:34:59,994 [b18ee12f-cc5d-449f-a063-e8da99b2acf5@group-B2CC8CDFB3BC-LeaderElection90] INFO  server.RaftServerConfigKeys (ConfUtils.java:logGet(43)) - raft.server.log.appender.install.snapshot.enabled = false (custom)
2019-10-02 11:34:59,994 [b18ee12f-cc5d-449f-a063-e8da99b2acf5@group-B2CC8CDFB3BC-LeaderElection90] INFO  server.RaftServerConfigKeys (ConfUtils.java:logGet(43)) - raft.server.log.appender.snapshot.chunk.size.max = 16MB (=16777216) (default)
2019-10-02 11:34:59,995 [b18ee12f-cc5d-449f-a063-e8da99b2acf5@group-B2CC8CDFB3BC-LeaderElection90] INFO  server.RaftServerConfigKeys (ConfUtils.java:logGet(43)) - raft.server.log.appender.buffer.byte-limit = 33554432 (custom)
2019-10-02 11:34:59,995 [b18ee12f-cc5d-449f-a063-e8da99b2acf5@group-B2CC8CDFB3BC-LeaderElection90] INFO  server.RaftServerConfigKeys (ConfUtils.java:logGet(43)) - raft.server.log.appender.buffer.element-limit = 1 (custom)
2019-10-02 11:34:59,995 [b18ee12f-cc5d-449f-a063-e8da99b2acf5@group-B2CC8CDFB3BC-LeaderElection90] INFO  grpc.GrpcConfigKeys$Server (ConfUtils.java:logGet(43)) - raft.grpc.server.leader.outstanding.appends.max = 128 (default)
2019-10-02 11:34:59,995 [b18ee12f-cc5d-449f-a063-e8da99b2acf5@group-B2CC8CDFB3BC-LeaderElection90] INFO  server.RaftServerConfigKeys (ConfUtils.java:logGet(43)) - raft.server.rpc.request.timeout = 3000ms (default)
2019-10-02 11:34:59,995 [b18ee12f-cc5d-449f-a063-e8da99b2acf5@group-B2CC8CDFB3BC-LeaderElection90] INFO  server.RaftServerConfigKeys (ConfUtils.java:logGet(43)) - raft.server.log.appender.install.snapshot.enabled = false (custom)
2019-10-02 11:34:59,996 [b18ee12f-cc5d-449f-a063-e8da99b2acf5@group-B2CC8CDFB3BC-LeaderElection90] INFO  impl.RoleInfo (RoleInfo.java:updateAndGet(143)) - b18ee12f-cc5d-449f-a063-e8da99b2acf5: start LeaderState
2019-10-02 11:34:59,996 [b18ee12f-cc5d-449f-a063-e8da99b2acf5@group-B2CC8CDFB3BC-LeaderElection90] INFO  segmented.SegmentedRaftLogWorker (SegmentedRaftLogWorker.java:startLogSegment(385)) - b18ee12f-cc5d-449f-a063-e8da99b2acf5@group-B2CC8CDFB3BC-SegmentedRaftLogWorker: Starting segment from index:0
2019-10-02 11:34:59,997 [b18ee12f-cc5d-449f-a063-e8da99b2acf5@group-B2CC8CDFB3BC-LeaderElection90] INFO  impl.RaftServerImpl (ServerState.java:setRaftConf(356)) - b18ee12f-cc5d-449f-a063-e8da99b2acf5@group-B2CC8CDFB3BC: set configuration 0: [b18ee12f-cc5d-449f-a063-e8da99b2acf5:192.168.5.172:32974, 2ce1e488-9bfe-4cdd-a912-5807f6fc1d5d:192.168.5.172:41132, 96a22126-b919-4884-837d-759e325b4d05:192.168.5.172:45697], old=null at 0
2019-10-02 11:34:59,998 [grpc-default-executor-7] INFO  impl.RaftServerImpl (ServerState.java:setLeader(255)) - 2ce1e488-9bfe-4cdd-a912-5807f6fc1d5d@group-B2CC8CDFB3BC: change Leader from null to b18ee12f-cc5d-449f-a063-e8da99b2acf5 at term 1 for appendEntries, leader elected after 5140ms
2019-10-02 11:34:59,998 [grpc-default-executor-6] INFO  impl.RaftServerImpl (ServerState.java:setLeader(255)) - 96a22126-b919-4884-837d-759e325b4d05@group-B2CC8CDFB3BC: change Leader from null to b18ee12f-cc5d-449f-a063-e8da99b2acf5 at term 1 for appendEntries, leader elected after 5141ms
2019-10-02 11:34:59,999 [b18ee12f-cc5d-449f-a063-e8da99b2acf5@group-EFB62DA4AA64-SegmentedRaftLogWorker] INFO  segmented.SegmentedRaftLogWorker (SegmentedRaftLogWorker.java:execute(574)) - b18ee12f-cc5d-449f-a063-e8da99b2acf5@group-EFB62DA4AA64-SegmentedRaftLogWorker: created new log segment /workdir/hadoop-ozone/integration-test/target/test-dir/MiniOzoneClusterImpl-01254bcd-b9e8-48c1-94f1-223cf5a25b98/datanode-5/data/ratis/3cf87a61-9bcb-49f5-9ca2-efb62da4aa64/current/log_inprogress_0
2019-10-02 11:35:00,025 [grpc-default-executor-6] INFO  impl.RaftServerImpl (ServerState.java:setRaftConf(356)) - 2ce1e488-9bfe-4cdd-a912-5807f6fc1d5d@group-B2CC8CDFB3BC: set configuration 0: [b18ee12f-cc5d-449f-a063-e8da99b2acf5:192.168.5.172:32974, 2ce1e488-9bfe-4cdd-a912-5807f6fc1d5d:192.168.5.172:41132, 96a22126-b919-4884-837d-759e325b4d05:192.168.5.172:45697], old=null at 0
2019-10-02 11:35:00,026 [grpc-default-executor-6] INFO  segmented.SegmentedRaftLogWorker (SegmentedRaftLogWorker.java:startLogSegment(385)) - 2ce1e488-9bfe-4cdd-a912-5807f6fc1d5d@group-B2CC8CDFB3BC-SegmentedRaftLogWorker: Starting segment from index:0
2019-10-02 11:35:00,026 [grpc-default-executor-7] INFO  impl.RaftServerImpl (ServerState.java:setRaftConf(356)) - 96a22126-b919-4884-837d-759e325b4d05@group-B2CC8CDFB3BC: set configuration 0: [b18ee12f-cc5d-449f-a063-e8da99b2acf5:192.168.5.172:32974, 2ce1e488-9bfe-4cdd-a912-5807f6fc1d5d:192.168.5.172:41132, 96a22126-b919-4884-837d-759e325b4d05:192.168.5.172:45697], old=null at 0
2019-10-02 11:35:00,026 [grpc-default-executor-7] INFO  segmented.SegmentedRaftLogWorker (SegmentedRaftLogWorker.java:startLogSegment(385)) - 96a22126-b919-4884-837d-759e325b4d05@group-B2CC8CDFB3BC-SegmentedRaftLogWorker: Starting segment from index:0
2019-10-02 11:35:00,035 [b18ee12f-cc5d-449f-a063-e8da99b2acf5@group-B2CC8CDFB3BC-SegmentedRaftLogWorker] INFO  segmented.SegmentedRaftLogWorker (SegmentedRaftLogWorker.java:execute(574)) - b18ee12f-cc5d-449f-a063-e8da99b2acf5@group-B2CC8CDFB3BC-SegmentedRaftLogWorker: created new log segment /workdir/hadoop-ozone/integration-test/target/test-dir/MiniOzoneClusterImpl-01254bcd-b9e8-48c1-94f1-223cf5a25b98/datanode-5/data/ratis/b8944552-aa94-4305-96d3-b2cc8cdfb3bc/current/log_inprogress_0
2019-10-02 11:35:00,066 [96a22126-b919-4884-837d-759e325b4d05@group-B2CC8CDFB3BC-SegmentedRaftLogWorker] INFO  segmented.SegmentedRaftLogWorker (SegmentedRaftLogWorker.java:execute(574)) - 96a22126-b919-4884-837d-759e325b4d05@group-B2CC8CDFB3BC-SegmentedRaftLogWorker: created new log segment /workdir/hadoop-ozone/integration-test/target/test-dir/MiniOzoneClusterImpl-01254bcd-b9e8-48c1-94f1-223cf5a25b98/datanode-4/data/ratis/b8944552-aa94-4305-96d3-b2cc8cdfb3bc/current/log_inprogress_0
2019-10-02 11:35:00,078 [2ce1e488-9bfe-4cdd-a912-5807f6fc1d5d@group-B2CC8CDFB3BC-SegmentedRaftLogWorker] INFO  segmented.SegmentedRaftLogWorker (SegmentedRaftLogWorker.java:execute(574)) - 2ce1e488-9bfe-4cdd-a912-5807f6fc1d5d@group-B2CC8CDFB3BC-SegmentedRaftLogWorker: created new log segment /workdir/hadoop-ozone/integration-test/target/test-dir/MiniOzoneClusterImpl-01254bcd-b9e8-48c1-94f1-223cf5a25b98/datanode-3/data/ratis/b8944552-aa94-4305-96d3-b2cc8cdfb3bc/current/log_inprogress_0
2019-10-02 11:35:00,152 [Datanode State Machine Thread - 0] INFO  statemachine.DatanodeStateMachine (DatanodeStateMachine.java:lambda$startDaemon$0(350)) - Ozone container server started.
2019-10-02 11:35:05,133 [main] INFO  ozoneimpl.OzoneContainer (OzoneContainer.java:stop(231)) - Attempting to stop container services.
2019-10-02 11:35:05,133 [main] INFO  impl.RaftServerProxy (RaftServerProxy.java:lambda$close$4(314)) - 5bc98c9f-31e4-4984-b874-abe18842ad65: close
2019-10-02 11:35:05,134 [main] INFO  impl.RaftServerImpl (RaftServerImpl.java:lambda$shutdown$3(247)) - 5bc98c9f-31e4-4984-b874-abe18842ad65@group-A18BFC18C8B4: shutdown
2019-10-02 11:35:05,134 [main] INFO  util.JmxRegister (JmxRegister.java:unregister(73)) - Successfully un-registered JMX Bean with object name Ratis:service=RaftServer,group=group-A18BFC18C8B4,id=5bc98c9f-31e4-4984-b874-abe18842ad65
2019-10-02 11:35:05,134 [main] INFO  impl.RoleInfo (RoleInfo.java:shutdownFollowerState(121)) - 5bc98c9f-31e4-4984-b874-abe18842ad65: shutdown FollowerState
2019-10-02 11:35:05,135 [main] INFO  impl.StateMachineUpdater (StateMachineUpdater.java:stopAndJoin(136)) - 5bc98c9f-31e4-4984-b874-abe18842ad65@group-A18BFC18C8B4-StateMachineUpdater: set stopIndex = 2
2019-10-02 11:35:05,135 [Thread-2424] INFO  impl.FollowerState (FollowerState.java:run(117)) - 5bc98c9f-31e4-4984-b874-abe18842ad65@group-A18BFC18C8B4-FollowerState was interrupted: java.lang.InterruptedException: sleep interrupted
2019-10-02 11:35:05,135 [5bc98c9f-31e4-4984-b874-abe18842ad65@group-A18BFC18C8B4-StateMachineUpdater] INFO  ratis.ContainerStateMachine (ContainerStateMachine.java:takeSnapshot(293)) - group-A18BFC18C8B4: Taking a snapshot at:(t:1, i:1) file /workdir/hadoop-ozone/integration-test/target/test-dir/MiniOzoneClusterImpl-01254bcd-b9e8-48c1-94f1-223cf5a25b98/datanode-0/data/ratis/4d758cfe-8963-40c7-a99d-a18bfc18c8b4/sm/snapshot.1_1
2019-10-02 11:35:05,149 [5bc98c9f-31e4-4984-b874-abe18842ad65@group-A18BFC18C8B4-StateMachineUpdater] INFO  ratis.ContainerStateMachine (ContainerStateMachine.java:takeSnapshot(304)) - group-A18BFC18C8B4: Finished taking a snapshot at:(t:1, i:1) file:/workdir/hadoop-ozone/integration-test/target/test-dir/MiniOzoneClusterImpl-01254bcd-b9e8-48c1-94f1-223cf5a25b98/datanode-0/data/ratis/4d758cfe-8963-40c7-a99d-a18bfc18c8b4/sm/snapshot.1_1 time:14
2019-10-02 11:35:05,149 [5bc98c9f-31e4-4984-b874-abe18842ad65@group-A18BFC18C8B4-StateMachineUpdater] INFO  impl.StateMachineUpdater (StateMachineUpdater.java:takeSnapshot(269)) - 5bc98c9f-31e4-4984-b874-abe18842ad65@group-A18BFC18C8B4-StateMachineUpdater: Took a snapshot at index 1
2019-10-02 11:35:05,149 [5bc98c9f-31e4-4984-b874-abe18842ad65@group-A18BFC18C8B4-StateMachineUpdater] INFO  impl.StateMachineUpdater (StateMachineUpdater.java:lambda$new$0(84)) - 5bc98c9f-31e4-4984-b874-abe18842ad65@group-A18BFC18C8B4-StateMachineUpdater: snapshotIndex: updateIncreasingly -1 -> 1
2019-10-02 11:35:05,150 [5bc98c9f-31e4-4984-b874-abe18842ad65@group-A18BFC18C8B4-StateMachineUpdater] INFO  ratis.ContainerStateMachine (ContainerStateMachine.java:takeSnapshot(293)) - group-A18BFC18C8B4: Taking a snapshot at:(t:1, i:1) file /workdir/hadoop-ozone/integration-test/target/test-dir/MiniOzoneClusterImpl-01254bcd-b9e8-48c1-94f1-223cf5a25b98/datanode-0/data/ratis/4d758cfe-8963-40c7-a99d-a18bfc18c8b4/sm/snapshot.1_1
2019-10-02 11:35:05,162 [5bc98c9f-31e4-4984-b874-abe18842ad65@group-A18BFC18C8B4-StateMachineUpdater] INFO  ratis.ContainerStateMachine (ContainerStateMachine.java:takeSnapshot(304)) - group-A18BFC18C8B4: Finished taking a snapshot at:(t:1, i:1) file:/workdir/hadoop-ozone/integration-test/target/test-dir/MiniOzoneClusterImpl-01254bcd-b9e8-48c1-94f1-223cf5a25b98/datanode-0/data/ratis/4d758cfe-8963-40c7-a99d-a18bfc18c8b4/sm/snapshot.1_1 time:12
2019-10-02 11:35:05,163 [5bc98c9f-31e4-4984-b874-abe18842ad65@group-A18BFC18C8B4-StateMachineUpdater] INFO  impl.StateMachineUpdater (StateMachineUpdater.java:takeSnapshot(269)) - 5bc98c9f-31e4-4984-b874-abe18842ad65@group-A18BFC18C8B4-StateMachineUpdater: Took a snapshot at index 1
2019-10-02 11:35:05,163 [5bc98c9f-31e4-4984-b874-abe18842ad65@group-A18BFC18C8B4-StateMachineUpdater] INFO  impl.StateMachineUpdater (StateMachineUpdater.java:lambda$new$0(84)) - 5bc98c9f-31e4-4984-b874-abe18842ad65@group-A18BFC18C8B4-StateMachineUpdater: snapshotIndex: updateIncreasingly 1 -> 1
2019-10-02 11:35:05,163 [main] INFO  impl.RaftServerImpl (ServerState.java:close(387)) - 5bc98c9f-31e4-4984-b874-abe18842ad65@group-A18BFC18C8B4: closes. applyIndex: 2
2019-10-02 11:35:05,163 [5bc98c9f-31e4-4984-b874-abe18842ad65@group-A18BFC18C8B4-SegmentedRaftLogWorker] INFO  segmented.SegmentedRaftLogWorker (SegmentedRaftLogWorker.java:run(316)) - 5bc98c9f-31e4-4984-b874-abe18842ad65@group-A18BFC18C8B4-SegmentedRaftLogWorker was interrupted, exiting. There are 0 tasks remaining in the queue.
2019-10-02 11:35:05,167 [main] INFO  segmented.SegmentedRaftLogWorker (SegmentedRaftLogWorker.java:close(224)) - 5bc98c9f-31e4-4984-b874-abe18842ad65@group-A18BFC18C8B4-SegmentedRaftLogWorker close()
2019-10-02 11:35:05,173 [main] INFO  impl.RaftServerImpl (RaftServerImpl.java:lambda$shutdown$3(247)) - 5bc98c9f-31e4-4984-b874-abe18842ad65@group-CBD18185331B: shutdown
2019-10-02 11:35:05,173 [main] INFO  util.JmxRegister (JmxRegister.java:unregister(73)) - Successfully un-registered JMX Bean with object name Ratis:service=RaftServer,group=group-CBD18185331B,id=5bc98c9f-31e4-4984-b874-abe18842ad65
2019-10-02 11:35:05,173 [main] INFO  impl.RoleInfo (RoleInfo.java:shutdownLeaderState(104)) - 5bc98c9f-31e4-4984-b874-abe18842ad65: shutdown LeaderState
2019-10-02 11:35:05,173 [main] INFO  impl.PendingRequests (PendingRequests.java:sendNotLeaderResponses(202)) - 5bc98c9f-31e4-4984-b874-abe18842ad65@group-CBD18185331B-PendingRequests: sendNotLeaderResponses
2019-10-02 11:35:05,173 [main] INFO  impl.StateMachineUpdater (StateMachineUpdater.java:stopAndJoin(136)) - 5bc98c9f-31e4-4984-b874-abe18842ad65@group-CBD18185331B-StateMachineUpdater: set stopIndex = 0
2019-10-02 11:35:05,174 [main] INFO  impl.RaftServerImpl (ServerState.java:close(387)) - 5bc98c9f-31e4-4984-b874-abe18842ad65@group-CBD18185331B: closes. applyIndex: 0
2019-10-02 11:35:05,174 [5bc98c9f-31e4-4984-b874-abe18842ad65@group-CBD18185331B-SegmentedRaftLogWorker] INFO  segmented.SegmentedRaftLogWorker (SegmentedRaftLogWorker.java:run(316)) - 5bc98c9f-31e4-4984-b874-abe18842ad65@group-CBD18185331B-SegmentedRaftLogWorker was interrupted, exiting. There are 0 tasks remaining in the queue.
2019-10-02 11:35:05,176 [main] INFO  segmented.SegmentedRaftLogWorker (SegmentedRaftLogWorker.java:close(224)) - 5bc98c9f-31e4-4984-b874-abe18842ad65@group-CBD18185331B-SegmentedRaftLogWorker close()
2019-10-02 11:35:05,181 [main] INFO  server.GrpcService (GrpcService.java:closeImpl(164)) - 5bc98c9f-31e4-4984-b874-abe18842ad65: shutdown server with port 36650 now
2019-10-02 11:35:05,182 [grpc-default-executor-6] WARN  server.GrpcServerProtocolService (LogUtils.java:warn(134)) - 5bc98c9f-31e4-4984-b874-abe18842ad65: installSnapshot onError, lastRequest: fdaab930-5407-41a3-9bac-01c79c9b09d1->5bc98c9f-31e4-4984-b874-abe18842ad65#5-t1, previous=(t:1, i:2), leaderCommit=2, initializing? false, entries: <empty>: org.apache.ratis.thirdparty.io.grpc.StatusRuntimeException: CANCELLED: cancelled before receiving half close
2019-10-02 11:35:05,182 [main] INFO  server.GrpcService (GrpcService.java:closeImpl(172)) - 5bc98c9f-31e4-4984-b874-abe18842ad65: shutdown server with port 36650 successfully
2019-10-02 11:35:05,183 [grpc-default-executor-1] WARN  server.GrpcLogAppender (LogUtils.java:warn(134)) - fdaab930-5407-41a3-9bac-01c79c9b09d1@group-A18BFC18C8B4->5bc98c9f-31e4-4984-b874-abe18842ad65-AppendLogResponseHandler: Failed appendEntries: org.apache.ratis.thirdparty.io.grpc.StatusRuntimeException: CANCELLED: HTTP/2 error code: CANCEL
Received Rst Stream
2019-10-02 11:35:05,183 [grpc-default-executor-1] INFO  impl.FollowerInfo (FollowerInfo.java:lambda$new$0(51)) - fdaab930-5407-41a3-9bac-01c79c9b09d1@group-A18BFC18C8B4->5bc98c9f-31e4-4984-b874-abe18842ad65: nextIndex: updateUnconditionally 3 -> 2
2019-10-02 11:35:05,184 [refreshUsed-/workdir/hadoop-ozone/integration-test/target/test-dir/MiniOzoneClusterImpl-01254bcd-b9e8-48c1-94f1-223cf5a25b98/datanode-0/data/containers] WARN  fs.CachingGetSpaceUsed (CachingGetSpaceUsed.java:run(183)) - Thread Interrupted waiting to refresh disk information: sleep interrupted
2019-10-02 11:35:05,196 [main] INFO  utils.BackgroundService (BackgroundService.java:shutdown(148)) - Shutting down service BlockDeletingService
2019-10-02 11:35:05,203 [main] INFO  statemachine.DatanodeStateMachine (DatanodeStateMachine.java:stopDaemon(395)) - Ozone container server stopped.
2019-10-02 11:35:05,204 [main] INFO  handler.ContextHandler (ContextHandler.java:doStop(910)) - Stopped o.e.j.w.WebAppContext@1b560eb0{/,null,UNAVAILABLE}{/hddsDatanode}
2019-10-02 11:35:05,204 [main] INFO  server.AbstractConnector (AbstractConnector.java:doStop(318)) - Stopped ServerConnector@9e02f84{HTTP/1.1,[http/1.1]}{0.0.0.0:0}
2019-10-02 11:35:05,204 [main] INFO  handler.ContextHandler (ContextHandler.java:doStop(910)) - Stopped o.e.j.s.ServletContextHandler@2c2c3947{/static,jar:file:/home/user/.m2/repository/org/apache/hadoop/hadoop-hdds-container-service/0.5.0-SNAPSHOT/hadoop-hdds-container-service-0.5.0-SNAPSHOT.jar!/webapps/static,UNAVAILABLE}
2019-10-02 11:35:05,205 [main] INFO  handler.ContextHandler (ContextHandler.java:doStop(910)) - Stopped o.e.j.s.ServletContextHandler@3a11c0eb{/logs,file:///workdir/hadoop-ozone/integration-test/target/log,UNAVAILABLE}
2019-10-02 11:35:05,212 [grpc-default-executor-7] WARN  server.GrpcLogAppender (LogUtils.java:warn(134)) - fdaab930-5407-41a3-9bac-01c79c9b09d1@group-A18BFC18C8B4->5bc98c9f-31e4-4984-b874-abe18842ad65-AppendLogResponseHandler: Failed appendEntries: org.apache.ratis.thirdparty.io.grpc.StatusRuntimeException: UNAVAILABLE: io exception
2019-10-02 11:35:05,212 [grpc-default-executor-7] INFO  impl.FollowerInfo (FollowerInfo.java:lambda$new$0(51)) - fdaab930-5407-41a3-9bac-01c79c9b09d1@group-A18BFC18C8B4->5bc98c9f-31e4-4984-b874-abe18842ad65: nextIndex: updateUnconditionally 3 -> 2
2019-10-02 11:35:05,225 [grpc-default-executor-1] WARN  server.GrpcLogAppender (LogUtils.java:warn(134)) - fdaab930-5407-41a3-9bac-01c79c9b09d1@group-A18BFC18C8B4->5bc98c9f-31e4-4984-b874-abe18842ad65-AppendLogResponseHandler: Failed appendEntries: org.apache.ratis.thirdparty.io.grpc.StatusRuntimeException: UNAVAILABLE: io exception
2019-10-02 11:35:05,226 [grpc-default-executor-1] INFO  impl.FollowerInfo (FollowerInfo.java:lambda$new$0(51)) - fdaab930-5407-41a3-9bac-01c79c9b09d1@group-A18BFC18C8B4->5bc98c9f-31e4-4984-b874-abe18842ad65: nextIndex: updateUnconditionally 3 -> 2
2019-10-02 11:35:05,240 [grpc-default-executor-7] WARN  server.GrpcLogAppender (LogUtils.java:warn(134)) - fdaab930-5407-41a3-9bac-01c79c9b09d1@group-A18BFC18C8B4->5bc98c9f-31e4-4984-b874-abe18842ad65-AppendLogResponseHandler: Failed appendEntries: org.apache.ratis.thirdparty.io.grpc.StatusRuntimeException: UNAVAILABLE: io exception
2019-10-02 11:35:05,240 [grpc-default-executor-7] INFO  impl.FollowerInfo (FollowerInfo.java:lambda$new$0(51)) - fdaab930-5407-41a3-9bac-01c79c9b09d1@group-A18BFC18C8B4->5bc98c9f-31e4-4984-b874-abe18842ad65: nextIndex: updateUnconditionally 3 -> 2
2019-10-02 11:35:05,246 [EventQueue-IncrementalContainerReportForIncrementalContainerReportHandler] WARN  container.IncrementalContainerReportHandler (AbstractContainerReportHandler.java:updateContainerState(143)) - Container #1 is in OPEN state, but the datanode fdaab930-5407-41a3-9bac-01c79c9b09d1{ip: 192.168.5.172, host: pr-hdds-2199-dnstouuidmap-dclhp-1004891939, networkLocation: /default-rack, certSerialId: null} reports an CLOSING replica.
2019-10-02 11:35:05,250 [EventQueue-IncrementalContainerReportForIncrementalContainerReportHandler] WARN  container.IncrementalContainerReportHandler (AbstractContainerReportHandler.java:updateContainerState(143)) - Container #1 is in OPEN state, but the datanode 4db9b2a2-7056-42cd-8596-b16c20d80aba{ip: 192.168.5.172, host: pr-hdds-2199-dnstouuidmap-dclhp-1004891939, networkLocation: /default-rack, certSerialId: null} reports an CLOSING replica.
2019-10-02 11:35:05,283 [RatisApplyTransactionExecutor 1] INFO  interfaces.Container (KeyValueContainer.java:flushAndSyncDB(386)) - Container 1 is synced with bcsId 0.
2019-10-02 11:35:05,320 [RatisApplyTransactionExecutor 1] INFO  interfaces.Container (KeyValueContainer.java:flushAndSyncDB(386)) - Container 1 is synced with bcsId 0.
2019-10-02 11:35:05,331 [RatisApplyTransactionExecutor 1] INFO  interfaces.Container (KeyValueContainer.java:flushAndSyncDB(386)) - Container 1 is synced with bcsId 0.
2019-10-02 11:35:05,332 [RatisApplyTransactionExecutor 1] INFO  interfaces.Container (KeyValueContainer.java:flushAndSyncDB(386)) - Container 1 is synced with bcsId 0.
2019-10-02 11:35:05,337 [RatisApplyTransactionExecutor 1] INFO  interfaces.Container (KeyValueContainer.java:close(335)) - Container 1 is closed with bcsId 0.
2019-10-02 11:35:05,337 [RatisApplyTransactionExecutor 1] INFO  interfaces.Container (KeyValueContainer.java:close(335)) - Container 1 is closed with bcsId 0.
2019-10-02 11:35:05,346 [EventQueue-IncrementalContainerReportForIncrementalContainerReportHandler] WARN  container.IncrementalContainerReportHandler (AbstractContainerReportHandler.java:updateContainerState(143)) - Container #1 is in OPEN state, but the datanode 4db9b2a2-7056-42cd-8596-b16c20d80aba{ip: 192.168.5.172, host: pr-hdds-2199-dnstouuidmap-dclhp-1004891939, networkLocation: /default-rack, certSerialId: null} reports an CLOSED replica.
2019-10-02 11:35:05,346 [EventQueue-IncrementalContainerReportForIncrementalContainerReportHandler] WARN  container.IncrementalContainerReportHandler (AbstractContainerReportHandler.java:updateContainerState(143)) - Container #1 is in OPEN state, but the datanode fdaab930-5407-41a3-9bac-01c79c9b09d1{ip: 192.168.5.172, host: pr-hdds-2199-dnstouuidmap-dclhp-1004891939, networkLocation: /default-rack, certSerialId: null} reports an CLOSED replica.
2019-10-02 11:35:07,742 [grpc-default-executor-7] WARN  server.GrpcLogAppender (LogUtils.java:warn(134)) - fdaab930-5407-41a3-9bac-01c79c9b09d1@group-A18BFC18C8B4->5bc98c9f-31e4-4984-b874-abe18842ad65-AppendLogResponseHandler: Failed appendEntries: org.apache.ratis.thirdparty.io.grpc.StatusRuntimeException: UNAVAILABLE: io exception
2019-10-02 11:35:07,743 [grpc-default-executor-7] INFO  impl.FollowerInfo (FollowerInfo.java:lambda$new$0(51)) - fdaab930-5407-41a3-9bac-01c79c9b09d1@group-A18BFC18C8B4->5bc98c9f-31e4-4984-b874-abe18842ad65: nextIndex: updateUnconditionally 2 -> 1
2019-10-02 11:35:08,363 [main] WARN  scm.XceiverClientRatis (XceiverClientRatis.java:watchForCommit(292)) - 3 way commit failed on pipeline Pipeline[ Id: 4d758cfe-8963-40c7-a99d-a18bfc18c8b4, Nodes: 5bc98c9f-31e4-4984-b874-abe18842ad65{ip: 192.168.5.172, host: pr-hdds-2199-dnstouuidmap-dclhp-1004891939, networkLocation: /default-rack, certSerialId: null}4db9b2a2-7056-42cd-8596-b16c20d80aba{ip: 192.168.5.172, host: pr-hdds-2199-dnstouuidmap-dclhp-1004891939, networkLocation: /default-rack, certSerialId: null}fdaab930-5407-41a3-9bac-01c79c9b09d1{ip: 192.168.5.172, host: pr-hdds-2199-dnstouuidmap-dclhp-1004891939, networkLocation: /default-rack, certSerialId: null}, Type:RATIS, Factor:THREE, State:OPEN]
java.util.concurrent.TimeoutException
	at java.util.concurrent.CompletableFuture.timedGet(CompletableFuture.java:1771)
	at java.util.concurrent.CompletableFuture.get(CompletableFuture.java:1915)
	at org.apache.hadoop.hdds.scm.XceiverClientRatis.watchForCommit(XceiverClientRatis.java:289)
	at org.apache.hadoop.ozone.client.rpc.TestWatchForCommit.test2WayCommitForTimeoutException(TestWatchForCommit.java:391)
	at sun.reflect.NativeMethodAccessorImpl.invoke0(Native Method)
	at sun.reflect.NativeMethodAccessorImpl.invoke(NativeMethodAccessorImpl.java:62)
	at sun.reflect.DelegatingMethodAccessorImpl.invoke(DelegatingMethodAccessorImpl.java:43)
	at java.lang.reflect.Method.invoke(Method.java:498)
	at org.junit.runners.model.FrameworkMethod$1.runReflectiveCall(FrameworkMethod.java:47)
	at org.junit.internal.runners.model.ReflectiveCallable.run(ReflectiveCallable.java:12)
	at org.junit.runners.model.FrameworkMethod.invokeExplosively(FrameworkMethod.java:44)
	at org.junit.internal.runners.statements.InvokeMethod.evaluate(InvokeMethod.java:17)
	at org.junit.runners.ParentRunner.runLeaf(ParentRunner.java:271)
	at org.junit.runners.BlockJUnit4ClassRunner.runChild(BlockJUnit4ClassRunner.java:70)
	at org.junit.runners.BlockJUnit4ClassRunner.runChild(BlockJUnit4ClassRunner.java:50)
	at org.junit.runners.ParentRunner$3.run(ParentRunner.java:238)
	at org.junit.runners.ParentRunner$1.schedule(ParentRunner.java:63)
	at org.junit.runners.ParentRunner.runChildren(ParentRunner.java:236)
	at org.junit.runners.ParentRunner.access$000(ParentRunner.java:53)
	at org.junit.runners.ParentRunner$2.evaluate(ParentRunner.java:229)
	at org.junit.runners.ParentRunner.run(ParentRunner.java:309)
	at org.apache.maven.surefire.junit4.JUnit4Provider.execute(JUnit4Provider.java:365)
	at org.apache.maven.surefire.junit4.JUnit4Provider.executeWithRerun(JUnit4Provider.java:273)
	at org.apache.maven.surefire.junit4.JUnit4Provider.executeTestSet(JUnit4Provider.java:238)
	at org.apache.maven.surefire.junit4.JUnit4Provider.invoke(JUnit4Provider.java:159)
	at org.apache.maven.surefire.booter.ForkedBooter.invokeProviderInSameClassLoader(ForkedBooter.java:384)
	at org.apache.maven.surefire.booter.ForkedBooter.runSuitesInProcess(ForkedBooter.java:345)
	at org.apache.maven.surefire.booter.ForkedBooter.execute(ForkedBooter.java:126)
	at org.apache.maven.surefire.booter.ForkedBooter.main(ForkedBooter.java:418)
2019-10-02 11:35:10,243 [grpc-default-executor-1] WARN  server.GrpcLogAppender (LogUtils.java:warn(134)) - fdaab930-5407-41a3-9bac-01c79c9b09d1@group-A18BFC18C8B4->5bc98c9f-31e4-4984-b874-abe18842ad65-AppendLogResponseHandler: Failed appendEntries: org.apache.ratis.thirdparty.io.grpc.StatusRuntimeException: UNAVAILABLE: io exception
2019-10-02 11:35:10,243 [grpc-default-executor-1] INFO  impl.FollowerInfo (FollowerInfo.java:lambda$new$0(51)) - fdaab930-5407-41a3-9bac-01c79c9b09d1@group-A18BFC18C8B4->5bc98c9f-31e4-4984-b874-abe18842ad65: nextIndex: updateUnconditionally 1 -> 0
]]></system-out>
    <system-err><![CDATA[Oct 02, 2019 11:35:05 AM org.apache.ratis.thirdparty.io.grpc.internal.SerializingExecutor run
SEVERE: Exception while executing runnable org.apache.ratis.thirdparty.io.grpc.internal.ServerImpl$JumpToApplicationThreadServerStreamListener$1Closed@27ba9b41
org.apache.ratis.thirdparty.io.grpc.StatusRuntimeException: CANCELLED: call already cancelled
	at org.apache.ratis.thirdparty.io.grpc.Status.asRuntimeException(Status.java:517)
	at org.apache.ratis.thirdparty.io.grpc.stub.ServerCalls$ServerCallStreamObserverImpl.onCompleted(ServerCalls.java:356)
	at org.apache.ratis.grpc.server.GrpcServerProtocolService$ServerRequestStreamObserver.onError(GrpcServerProtocolService.java:121)
	at org.apache.ratis.thirdparty.io.grpc.stub.ServerCalls$StreamingServerCallHandler$StreamingServerCallListener.onCancel(ServerCalls.java:269)
	at org.apache.ratis.thirdparty.io.grpc.internal.ServerCallImpl$ServerStreamListenerImpl.closed(ServerCallImpl.java:293)
	at org.apache.ratis.thirdparty.io.grpc.internal.ServerImpl$JumpToApplicationThreadServerStreamListener$1Closed.runInContext(ServerImpl.java:741)
	at org.apache.ratis.thirdparty.io.grpc.internal.ContextRunnable.run(ContextRunnable.java:37)
	at org.apache.ratis.thirdparty.io.grpc.internal.SerializingExecutor.run(SerializingExecutor.java:123)
	at java.util.concurrent.ThreadPoolExecutor.runWorker(ThreadPoolExecutor.java:1149)
	at java.util.concurrent.ThreadPoolExecutor$Worker.run(ThreadPoolExecutor.java:624)
	at java.lang.Thread.run(Thread.java:748)

]]></system-err>
  </testcase>
</testsuite>