<?xml version="1.0" encoding="UTF-8"?>
<testsuite xmlns:xsi="http://www.w3.org/2001/XMLSchema-instance" xsi:noNamespaceSchemaLocation="https://maven.apache.org/surefire/maven-surefire-plugin/xsd/surefire-test-report.xsd" name="org.apache.hadoop.ozone.client.rpc.TestWatchForCommit" time="250.297" tests="5" errors="1" skipped="0" failures="0">
  <properties>
    <property name="awt.toolkit" value="sun.awt.X11.XToolkit"/>
    <property name="file.encoding.pkg" value="sun.io"/>
    <property name="java.specification.version" value="1.8"/>
    <property name="sun.cpu.isalist" value=""/>
    <property name="sun.jnu.encoding" value="UTF-8"/>
    <property name="java.class.path" value="/workdir/hadoop-ozone/integration-test/target/test-classes:/workdir/hadoop-ozone/integration-test/target/classes:/home/user/.m2/repository/org/apache/hadoop/hadoop-ozone-common/0.5.0-SNAPSHOT/hadoop-ozone-common-0.5.0-SNAPSHOT.jar:/home/user/.m2/repository/org/apache/commons/commons-compress/1.4.1/commons-compress-1.4.1.jar:/home/user/.m2/repository/org/tukaani/xz/1.0/xz-1.0.jar:/home/user/.m2/repository/org/apache/hadoop/hadoop-common/3.2.0/hadoop-common-3.2.0.jar:/home/user/.m2/repository/org/apache/hadoop/hadoop-hdfs/3.2.0/hadoop-hdfs-3.2.0.jar:/home/user/.m2/repository/org/apache/hadoop/hadoop-hdfs-client/3.2.0/hadoop-hdfs-client-3.2.0.jar:/home/user/.m2/repository/com/fasterxml/jackson/core/jackson-annotations/2.9.9/jackson-annotations-2.9.9.jar:/home/user/.m2/repository/org/apache/hadoop/hadoop-hdds-common/0.5.0-SNAPSHOT/hadoop-hdds-common-0.5.0-SNAPSHOT.jar:/home/user/.m2/repository/javax/annotation/javax.annotation-api/1.2/javax.annotation-api-1.2.jar:/home/user/.m2/repository/org/apache/ratis/ratis-server/0.5.0-201fc85-SNAPSHOT/ratis-server-0.5.0-201fc85-SNAPSHOT.jar:/home/user/.m2/repository/org/apache/ratis/ratis-thirdparty-misc/0.2.0/ratis-thirdparty-misc-0.2.0.jar:/home/user/.m2/repository/org/apache/ratis/ratis-proto/0.5.0-201fc85-SNAPSHOT/ratis-proto-0.5.0-201fc85-SNAPSHOT.jar:/home/user/.m2/repository/org/apache/ratis/ratis-common/0.5.0-201fc85-SNAPSHOT/ratis-common-0.5.0-201fc85-SNAPSHOT.jar:/home/user/.m2/repository/org/apache/ratis/ratis-client/0.5.0-201fc85-SNAPSHOT/ratis-client-0.5.0-201fc85-SNAPSHOT.jar:/home/user/.m2/repository/org/apache/ratis/ratis-metrics/0.5.0-201fc85-SNAPSHOT/ratis-metrics-0.5.0-201fc85-SNAPSHOT.jar:/home/user/.m2/repository/com/github/joshelser/dropwizard-metrics-hadoop-metrics2-reporter/0.1.2/dropwizard-metrics-hadoop-metrics2-reporter-0.1.2.jar:/home/user/.m2/repository/io/dropwizard/metrics/metrics-jvm/3.2.5/metrics-jvm-3.2.5.jar:/home/user/.m2/repository/io/dropwizard/metrics/metrics-ganglia/3.2.5/metrics-ganglia-3.2.5.jar:/home/user/.m2/repository/info/ganglia/gmetric4j/gmetric4j/1.0.7/gmetric4j-1.0.7.jar:/home/user/.m2/repository/org/apache/ratis/ratis-netty/0.5.0-201fc85-SNAPSHOT/ratis-netty-0.5.0-201fc85-SNAPSHOT.jar:/home/user/.m2/repository/org/apache/ratis/ratis-grpc/0.5.0-201fc85-SNAPSHOT/ratis-grpc-0.5.0-201fc85-SNAPSHOT.jar:/home/user/.m2/repository/org/rocksdb/rocksdbjni/6.0.1/rocksdbjni-6.0.1.jar:/home/user/.m2/repository/org/apache/logging/log4j/log4j-api/2.11.0/log4j-api-2.11.0.jar:/home/user/.m2/repository/org/apache/logging/log4j/log4j-core/2.11.0/log4j-core-2.11.0.jar:/home/user/.m2/repository/com/lmax/disruptor/3.4.2/disruptor-3.4.2.jar:/home/user/.m2/repository/org/apache/commons/commons-pool2/2.6.0/commons-pool2-2.6.0.jar:/home/user/.m2/repository/org/bouncycastle/bcpkix-jdk15on/1.60/bcpkix-jdk15on-1.60.jar:/home/user/.m2/repository/commons-validator/commons-validator/1.6/commons-validator-1.6.jar:/home/user/.m2/repository/commons-digester/commons-digester/1.8.1/commons-digester-1.8.1.jar:/home/user/.m2/repository/io/jaegertracing/jaeger-client/0.34.0/jaeger-client-0.34.0.jar:/home/user/.m2/repository/io/jaegertracing/jaeger-thrift/0.34.0/jaeger-thrift-0.34.0.jar:/home/user/.m2/repository/org/apache/thrift/libthrift/0.12.0/libthrift-0.12.0.jar:/home/user/.m2/repository/com/squareup/okhttp3/okhttp/3.9.0/okhttp-3.9.0.jar:/home/user/.m2/repository/com/squareup/okio/okio/1.13.0/okio-1.13.0.jar:/home/user/.m2/repository/io/jaegertracing/jaeger-core/0.34.0/jaeger-core-0.34.0.jar:/home/user/.m2/repository/io/jaegertracing/jaeger-tracerresolver/0.34.0/jaeger-tracerresolver-0.34.0.jar:/home/user/.m2/repository/io/opentracing/contrib/opentracing-tracerresolver/0.1.5/opentracing-tracerresolver-0.1.5.jar:/home/user/.m2/repository/io/opentracing/opentracing-util/0.31.0/opentracing-util-0.31.0.jar:/home/user/.m2/repository/io/opentracing/opentracing-api/0.31.0/opentracing-api-0.31.0.jar:/home/user/.m2/repository/io/opentracing/opentracing-noop/0.31.0/opentracing-noop-0.31.0.jar:/home/user/.m2/repository/org/apache/hadoop/hadoop-hdds-server-framework/0.5.0-SNAPSHOT/hadoop-hdds-server-framework-0.5.0-SNAPSHOT.jar:/home/user/.m2/repository/org/apache/hadoop/hadoop-hdds-container-service/0.5.0-SNAPSHOT/hadoop-hdds-container-service-0.5.0-SNAPSHOT.jar:/home/user/.m2/repository/org/apache/hadoop/hadoop-hdds-client/0.5.0-SNAPSHOT/hadoop-hdds-client-0.5.0-SNAPSHOT.jar:/home/user/.m2/repository/org/apache/hadoop/hadoop-hdds-tools/0.5.0-SNAPSHOT/hadoop-hdds-tools-0.5.0-SNAPSHOT.jar:/home/user/.m2/repository/org/apache/hadoop/hadoop-hdds-server-scm/0.5.0-SNAPSHOT/hadoop-hdds-server-scm-0.5.0-SNAPSHOT.jar:/home/user/.m2/repository/org/apache/hadoop/hadoop-hdds-docs/0.5.0-SNAPSHOT/hadoop-hdds-docs-0.5.0-SNAPSHOT.jar:/home/user/.m2/repository/io/dropwizard/metrics/metrics-core/3.2.4/metrics-core-3.2.4.jar:/home/user/.m2/repository/org/hamcrest/hamcrest-all/1.3/hamcrest-all-1.3.jar:/home/user/.m2/repository/org/bouncycastle/bcprov-jdk15on/1.60/bcprov-jdk15on-1.60.jar:/home/user/.m2/repository/info/picocli/picocli/3.9.6/picocli-3.9.6.jar:/home/user/.m2/repository/com/google/protobuf/protobuf-java/2.5.0/protobuf-java-2.5.0.jar:/home/user/.m2/repository/com/google/guava/guava/11.0.2/guava-11.0.2.jar:/home/user/.m2/repository/org/apache/hadoop/hadoop-ozone-ozone-manager/0.5.0-SNAPSHOT/hadoop-ozone-ozone-manager-0.5.0-SNAPSHOT.jar:/home/user/.m2/repository/org/apache/hadoop/hadoop-minikdc/3.2.0/hadoop-minikdc-3.2.0.jar:/home/user/.m2/repository/commons-io/commons-io/2.5/commons-io-2.5.jar:/home/user/.m2/repository/org/apache/kerby/kerb-simplekdc/1.0.1/kerb-simplekdc-1.0.1.jar:/home/user/.m2/repository/org/apache/kerby/kerb-client/1.0.1/kerb-client-1.0.1.jar:/home/user/.m2/repository/org/apache/kerby/kerby-config/1.0.1/kerby-config-1.0.1.jar:/home/user/.m2/repository/org/apache/kerby/kerb-core/1.0.1/kerb-core-1.0.1.jar:/home/user/.m2/repository/org/apache/kerby/kerby-pkix/1.0.1/kerby-pkix-1.0.1.jar:/home/user/.m2/repository/org/apache/kerby/kerby-asn1/1.0.1/kerby-asn1-1.0.1.jar:/home/user/.m2/repository/org/apache/kerby/kerby-util/1.0.1/kerby-util-1.0.1.jar:/home/user/.m2/repository/org/apache/kerby/kerb-common/1.0.1/kerb-common-1.0.1.jar:/home/user/.m2/repository/org/apache/kerby/kerb-crypto/1.0.1/kerb-crypto-1.0.1.jar:/home/user/.m2/repository/org/apache/kerby/kerb-util/1.0.1/kerb-util-1.0.1.jar:/home/user/.m2/repository/org/apache/kerby/token-provider/1.0.1/token-provider-1.0.1.jar:/home/user/.m2/repository/org/apache/kerby/kerb-admin/1.0.1/kerb-admin-1.0.1.jar:/home/user/.m2/repository/org/apache/kerby/kerb-server/1.0.1/kerb-server-1.0.1.jar:/home/user/.m2/repository/org/apache/kerby/kerb-identity/1.0.1/kerb-identity-1.0.1.jar:/home/user/.m2/repository/org/apache/kerby/kerby-xdr/1.0.1/kerby-xdr-1.0.1.jar:/home/user/.m2/repository/org/slf4j/slf4j-log4j12/1.7.25/slf4j-log4j12-1.7.25.jar:/home/user/.m2/repository/org/apache/hadoop/hadoop-ozone-s3gateway/0.5.0-SNAPSHOT/hadoop-ozone-s3gateway-0.5.0-SNAPSHOT.jar:/home/user/.m2/repository/org/jboss/weld/servlet/weld-servlet/2.4.7.Final/weld-servlet-2.4.7.Final.jar:/home/user/.m2/repository/org/glassfish/jersey/containers/jersey-container-servlet-core/2.27/jersey-container-servlet-core-2.27.jar:/home/user/.m2/repository/org/glassfish/hk2/external/javax.inject/2.5.0-b42/javax.inject-2.5.0-b42.jar:/home/user/.m2/repository/org/glassfish/jersey/core/jersey-common/2.27/jersey-common-2.27.jar:/home/user/.m2/repository/org/glassfish/hk2/osgi-resource-locator/1.0.1/osgi-resource-locator-1.0.1.jar:/home/user/.m2/repository/javax/ws/rs/javax.ws.rs-api/2.1/javax.ws.rs-api-2.1.jar:/home/user/.m2/repository/org/glassfish/jersey/ext/cdi/jersey-cdi1x/2.27/jersey-cdi1x-2.27.jar:/home/user/.m2/repository/org/glassfish/jersey/inject/jersey-hk2/2.27/jersey-hk2-2.27.jar:/home/user/.m2/repository/org/glassfish/hk2/hk2-locator/2.5.0-b42/hk2-locator-2.5.0-b42.jar:/home/user/.m2/repository/org/javassist/javassist/3.22.0-CR2/javassist-3.22.0-CR2.jar:/home/user/.m2/repository/org/glassfish/hk2/hk2-api/2.5.0/hk2-api-2.5.0.jar:/home/user/.m2/repository/org/glassfish/hk2/external/jakarta.inject/2.5.0/jakarta.inject-2.5.0.jar:/home/user/.m2/repository/org/glassfish/hk2/hk2-utils/2.5.0/hk2-utils-2.5.0.jar:/home/user/.m2/repository/jakarta/annotation/jakarta.annotation-api/1.3.4/jakarta.annotation-api-1.3.4.jar:/home/user/.m2/repository/org/glassfish/hk2/external/aopalliance-repackaged/2.5.0/aopalliance-repackaged-2.5.0.jar:/home/user/.m2/repository/com/fasterxml/jackson/dataformat/jackson-dataformat-xml/2.9.0/jackson-dataformat-xml-2.9.0.jar:/home/user/.m2/repository/com/fasterxml/jackson/core/jackson-core/2.9.9/jackson-core-2.9.9.jar:/home/user/.m2/repository/com/fasterxml/jackson/module/jackson-module-jaxb-annotations/2.9.9/jackson-module-jaxb-annotations-2.9.9.jar:/home/user/.m2/repository/javax/enterprise/cdi-api/1.2/cdi-api-1.2.jar:/home/user/.m2/repository/javax/el/javax.el-api/3.0.0/javax.el-api-3.0.0.jar:/home/user/.m2/repository/javax/interceptor/javax.interceptor-api/1.2/javax.interceptor-api-1.2.jar:/home/user/.m2/repository/javax/inject/javax.inject/1/javax.inject-1.jar:/home/user/.m2/repository/com/sun/xml/bind/jaxb-impl/2.3.0.1/jaxb-impl-2.3.0.1.jar:/home/user/.m2/repository/com/sun/xml/bind/jaxb-core/2.3.0.1/jaxb-core-2.3.0.1.jar:/home/user/.m2/repository/javax/xml/bind/jaxb-api/2.3.0/jaxb-api-2.3.0.jar:/home/user/.m2/repository/javax/activation/activation/1.1.1/activation-1.1.1.jar:/home/user/.m2/repository/org/apache/hadoop/hadoop-ozone-csi/0.5.0-SNAPSHOT/hadoop-ozone-csi-0.5.0-SNAPSHOT.jar:/home/user/.m2/repository/com/google/protobuf/protobuf-java-util/3.5.1/protobuf-java-util-3.5.1.jar:/home/user/.m2/repository/org/apache/hadoop/hadoop-hdds-config/0.5.0-SNAPSHOT/hadoop-hdds-config-0.5.0-SNAPSHOT.jar:/home/user/.m2/repository/io/grpc/grpc-netty/1.17.1/grpc-netty-1.17.1.jar:/home/user/.m2/repository/io/grpc/grpc-core/1.17.1/grpc-core-1.17.1.jar:/home/user/.m2/repository/io/grpc/grpc-context/1.17.1/grpc-context-1.17.1.jar:/home/user/.m2/repository/com/google/errorprone/error_prone_annotations/2.2.0/error_prone_annotations-2.2.0.jar:/home/user/.m2/repository/org/codehaus/mojo/animal-sniffer-annotations/1.17/animal-sniffer-annotations-1.17.jar:/home/user/.m2/repository/io/opencensus/opencensus-api/0.17.0/opencensus-api-0.17.0.jar:/home/user/.m2/repository/io/opencensus/opencensus-contrib-grpc-metrics/0.17.0/opencensus-contrib-grpc-metrics-0.17.0.jar:/home/user/.m2/repository/io/netty/netty-codec-http2/4.1.30.Final/netty-codec-http2-4.1.30.Final.jar:/home/user/.m2/repository/io/netty/netty-codec-http/4.1.30.Final/netty-codec-http-4.1.30.Final.jar:/home/user/.m2/repository/io/netty/netty-codec/4.1.30.Final/netty-codec-4.1.30.Final.jar:/home/user/.m2/repository/io/netty/netty-handler/4.1.30.Final/netty-handler-4.1.30.Final.jar:/home/user/.m2/repository/io/netty/netty-handler-proxy/4.1.30.Final/netty-handler-proxy-4.1.30.Final.jar:/home/user/.m2/repository/io/netty/netty-codec-socks/4.1.30.Final/netty-codec-socks-4.1.30.Final.jar:/home/user/.m2/repository/io/netty/netty-transport-native-epoll/4.1.30.Final/netty-transport-native-epoll-4.1.30.Final.jar:/home/user/.m2/repository/io/netty/netty-common/4.1.30.Final/netty-common-4.1.30.Final.jar:/home/user/.m2/repository/io/netty/netty-buffer/4.1.30.Final/netty-buffer-4.1.30.Final.jar:/home/user/.m2/repository/io/netty/netty-transport/4.1.30.Final/netty-transport-4.1.30.Final.jar:/home/user/.m2/repository/io/netty/netty-resolver/4.1.30.Final/netty-resolver-4.1.30.Final.jar:/home/user/.m2/repository/io/netty/netty-transport-native-unix-common/4.1.30.Final/netty-transport-native-unix-common-4.1.30.Final.jar:/home/user/.m2/repository/io/grpc/grpc-protobuf/1.17.1/grpc-protobuf-1.17.1.jar:/home/user/.m2/repository/com/google/api/grpc/proto-google-common-protos/1.0.0/proto-google-common-protos-1.0.0.jar:/home/user/.m2/repository/io/grpc/grpc-protobuf-lite/1.17.1/grpc-protobuf-lite-1.17.1.jar:/home/user/.m2/repository/io/grpc/grpc-stub/1.17.1/grpc-stub-1.17.1.jar:/home/user/.m2/repository/org/apache/hadoop/hadoop-ozone-recon/0.5.0-SNAPSHOT/hadoop-ozone-recon-0.5.0-SNAPSHOT.jar:/home/user/.m2/repository/org/apache/hadoop/hadoop-ozone-reconcodegen/0.5.0-SNAPSHOT/hadoop-ozone-reconcodegen-0.5.0-SNAPSHOT.jar:/home/user/.m2/repository/com/google/inject/extensions/guice-multibindings/4.0/guice-multibindings-4.0.jar:/home/user/.m2/repository/com/google/inject/guice/4.0/guice-4.0.jar:/home/user/.m2/repository/aopalliance/aopalliance/1.0/aopalliance-1.0.jar:/home/user/.m2/repository/com/google/inject/extensions/guice-servlet/4.0/guice-servlet-4.0.jar:/home/user/.m2/repository/org/glassfish/jersey/containers/jersey-container-servlet/2.27/jersey-container-servlet-2.27.jar:/home/user/.m2/repository/org/glassfish/hk2/guice-bridge/2.5.0/guice-bridge-2.5.0.jar:/home/user/.m2/repository/org/glassfish/jersey/core/jersey-server/2.27/jersey-server-2.27.jar:/home/user/.m2/repository/org/glassfish/jersey/core/jersey-client/2.27/jersey-client-2.27.jar:/home/user/.m2/repository/org/glassfish/jersey/media/jersey-media-jaxb/2.27/jersey-media-jaxb-2.27.jar:/home/user/.m2/repository/javax/validation/validation-api/1.1.0.Final/validation-api-1.1.0.Final.jar:/home/user/.m2/repository/org/glassfish/jersey/media/jersey-media-json-jackson/2.27/jersey-media-json-jackson-2.27.jar:/home/user/.m2/repository/org/glassfish/jersey/ext/jersey-entity-filtering/2.27/jersey-entity-filtering-2.27.jar:/home/user/.m2/repository/com/google/inject/extensions/guice-assistedinject/4.0/guice-assistedinject-4.0.jar:/home/user/.m2/repository/org/jooq/jooq/3.11.10/jooq-3.11.10.jar:/home/user/.m2/repository/org/jooq/jooq-meta/3.11.10/jooq-meta-3.11.10.jar:/home/user/.m2/repository/org/jooq/jooq-codegen/3.11.10/jooq-codegen-3.11.10.jar:/home/user/.m2/repository/com/jolbox/bonecp/0.8.0.RELEASE/bonecp-0.8.0.RELEASE.jar:/home/user/.m2/repository/org/xerial/sqlite-jdbc/3.25.2/sqlite-jdbc-3.25.2.jar:/home/user/.m2/repository/org/springframework/spring-jdbc/5.1.3.RELEASE/spring-jdbc-5.1.3.RELEASE.jar:/home/user/.m2/repository/org/springframework/spring-beans/5.1.3.RELEASE/spring-beans-5.1.3.RELEASE.jar:/home/user/.m2/repository/org/springframework/spring-core/5.1.3.RELEASE/spring-core-5.1.3.RELEASE.jar:/home/user/.m2/repository/org/springframework/spring-jcl/5.1.3.RELEASE/spring-jcl-5.1.3.RELEASE.jar:/home/user/.m2/repository/org/springframework/spring-tx/5.1.3.RELEASE/spring-tx-5.1.3.RELEASE.jar:/home/user/.m2/repository/org/apache/hadoop/hadoop-ozone-client/0.5.0-SNAPSHOT/hadoop-ozone-client-0.5.0-SNAPSHOT.jar:/home/user/.m2/repository/commons-lang/commons-lang/2.6/commons-lang-2.6.jar:/home/user/.m2/repository/org/apache/hadoop/hadoop-ozone-ozone-manager/0.5.0-SNAPSHOT/hadoop-ozone-ozone-manager-0.5.0-SNAPSHOT-tests.jar:/home/user/.m2/repository/junit/junit/4.11/junit-4.11.jar:/home/user/.m2/repository/org/hamcrest/hamcrest-core/1.3/hamcrest-core-1.3.jar:/home/user/.m2/repository/org/openjdk/jmh/jmh-core/1.19/jmh-core-1.19.jar:/home/user/.m2/repository/net/sf/jopt-simple/jopt-simple/4.6/jopt-simple-4.6.jar:/home/user/.m2/repository/org/apache/commons/commons-math3/3.1.1/commons-math3-3.1.1.jar:/home/user/.m2/repository/org/openjdk/jmh/jmh-generator-annprocess/1.19/jmh-generator-annprocess-1.19.jar:/home/user/.m2/repository/org/mockito/mockito-all/1.8.5/mockito-all-1.8.5.jar:/home/user/.m2/repository/org/apache/hadoop/hadoop-kms/3.2.0/hadoop-kms-3.2.0.jar:/home/user/.m2/repository/org/apache/hadoop/hadoop-auth/3.2.0/hadoop-auth-3.2.0.jar:/home/user/.m2/repository/com/nimbusds/nimbus-jose-jwt/4.41.1/nimbus-jose-jwt-4.41.1.jar:/home/user/.m2/repository/com/github/stephenc/jcip/jcip-annotations/1.0-1/jcip-annotations-1.0-1.jar:/home/user/.m2/repository/net/minidev/json-smart/2.3/json-smart-2.3.jar:/home/user/.m2/repository/net/minidev/accessors-smart/1.2/accessors-smart-1.2.jar:/home/user/.m2/repository/org/ow2/asm/asm/5.0.4/asm-5.0.4.jar:/home/user/.m2/repository/org/apache/curator/curator-framework/2.12.0/curator-framework-2.12.0.jar:/home/user/.m2/repository/com/sun/jersey/jersey-core/1.19/jersey-core-1.19.jar:/home/user/.m2/repository/javax/ws/rs/jsr311-api/1.1.1/jsr311-api-1.1.1.jar:/home/user/.m2/repository/com/sun/jersey/jersey-server/1.19/jersey-server-1.19.jar:/home/user/.m2/repository/javax/servlet/javax.servlet-api/3.1.0/javax.servlet-api-3.1.0.jar:/home/user/.m2/repository/org/eclipse/jetty/jetty-server/9.3.25.v20180904/jetty-server-9.3.25.v20180904.jar:/home/user/.m2/repository/org/eclipse/jetty/jetty-http/9.3.25.v20180904/jetty-http-9.3.25.v20180904.jar:/home/user/.m2/repository/org/eclipse/jetty/jetty-io/9.3.25.v20180904/jetty-io-9.3.25.v20180904.jar:/home/user/.m2/repository/org/eclipse/jetty/jetty-webapp/9.3.25.v20180904/jetty-webapp-9.3.25.v20180904.jar:/home/user/.m2/repository/org/eclipse/jetty/jetty-xml/9.3.25.v20180904/jetty-xml-9.3.25.v20180904.jar:/home/user/.m2/repository/log4j/log4j/1.2.17/log4j-1.2.17.jar:/home/user/.m2/repository/org/slf4j/slf4j-api/1.7.25/slf4j-api-1.7.25.jar:/home/user/.m2/repository/org/slf4j/jul-to-slf4j/1.7.25/jul-to-slf4j-1.7.25.jar:/home/user/.m2/repository/org/eclipse/jetty/jetty-util/9.3.25.v20180904/jetty-util-9.3.25.v20180904.jar:/home/user/.m2/repository/com/fasterxml/jackson/core/jackson-databind/2.9.9/jackson-databind-2.9.9.jar:/home/user/.m2/repository/org/apache/hadoop/hadoop-kms/3.2.0/hadoop-kms-3.2.0-tests.jar:/home/user/.m2/repository/org/apache/hadoop/hadoop-hdds-server-scm/0.5.0-SNAPSHOT/hadoop-hdds-server-scm-0.5.0-SNAPSHOT-tests.jar:/home/user/.m2/repository/org/apache/hadoop/hadoop-hdds-container-service/0.5.0-SNAPSHOT/hadoop-hdds-container-service-0.5.0-SNAPSHOT-tests.jar:/home/user/.m2/repository/org/yaml/snakeyaml/1.16/snakeyaml-1.16.jar:/home/user/.m2/repository/org/apache/hadoop/hadoop-common/3.2.0/hadoop-common-3.2.0-tests.jar:/home/user/.m2/repository/org/apache/hadoop/hadoop-annotations/3.2.0/hadoop-annotations-3.2.0.jar:/usr/lib/jvm/java-1.8-openjdk/jre/../lib/tools.jar:/home/user/.m2/repository/commons-cli/commons-cli/1.2/commons-cli-1.2.jar:/home/user/.m2/repository/org/apache/httpcomponents/httpclient/4.5.2/httpclient-4.5.2.jar:/home/user/.m2/repository/org/apache/httpcomponents/httpcore/4.4.4/httpcore-4.4.4.jar:/home/user/.m2/repository/commons-codec/commons-codec/1.11/commons-codec-1.11.jar:/home/user/.m2/repository/commons-net/commons-net/3.6/commons-net-3.6.jar:/home/user/.m2/repository/commons-collections/commons-collections/3.2.2/commons-collections-3.2.2.jar:/home/user/.m2/repository/org/eclipse/jetty/jetty-servlet/9.3.25.v20180904/jetty-servlet-9.3.25.v20180904.jar:/home/user/.m2/repository/org/eclipse/jetty/jetty-security/9.3.25.v20180904/jetty-security-9.3.25.v20180904.jar:/home/user/.m2/repository/javax/servlet/jsp/jsp-api/2.1/jsp-api-2.1.jar:/home/user/.m2/repository/com/sun/jersey/jersey-servlet/1.19/jersey-servlet-1.19.jar:/home/user/.m2/repository/com/sun/jersey/jersey-json/1.19/jersey-json-1.19.jar:/home/user/.m2/repository/org/codehaus/jettison/jettison/1.1/jettison-1.1.jar:/home/user/.m2/repository/org/codehaus/jackson/jackson-core-asl/1.9.13/jackson-core-asl-1.9.13.jar:/home/user/.m2/repository/org/codehaus/jackson/jackson-mapper-asl/1.9.13/jackson-mapper-asl-1.9.13.jar:/home/user/.m2/repository/org/codehaus/jackson/jackson-jaxrs/1.9.13/jackson-jaxrs-1.9.13.jar:/home/user/.m2/repository/org/codehaus/jackson/jackson-xc/1.9.13/jackson-xc-1.9.13.jar:/home/user/.m2/repository/commons-logging/commons-logging/1.1.3/commons-logging-1.1.3.jar:/home/user/.m2/repository/commons-beanutils/commons-beanutils/1.9.4/commons-beanutils-1.9.4.jar:/home/user/.m2/repository/org/apache/commons/commons-configuration2/2.1.1/commons-configuration2-2.1.1.jar:/home/user/.m2/repository/org/apache/commons/commons-lang3/3.7/commons-lang3-3.7.jar:/home/user/.m2/repository/org/apache/commons/commons-text/1.4/commons-text-1.4.jar:/home/user/.m2/repository/org/apache/avro/avro/1.7.7/avro-1.7.7.jar:/home/user/.m2/repository/com/thoughtworks/paranamer/paranamer/2.3/paranamer-2.3.jar:/home/user/.m2/repository/org/xerial/snappy/snappy-java/1.0.5/snappy-java-1.0.5.jar:/home/user/.m2/repository/com/google/re2j/re2j/1.1/re2j-1.1.jar:/home/user/.m2/repository/com/google/code/gson/gson/2.2.4/gson-2.2.4.jar:/home/user/.m2/repository/com/jcraft/jsch/0.1.54/jsch-0.1.54.jar:/home/user/.m2/repository/org/apache/curator/curator-client/2.12.0/curator-client-2.12.0.jar:/home/user/.m2/repository/org/apache/curator/curator-recipes/2.12.0/curator-recipes-2.12.0.jar:/home/user/.m2/repository/com/google/code/findbugs/jsr305/3.0.0/jsr305-3.0.0.jar:/home/user/.m2/repository/org/apache/htrace/htrace-core4/4.1.0-incubating/htrace-core4-4.1.0-incubating.jar:/home/user/.m2/repository/org/apache/zookeeper/zookeeper/3.4.13/zookeeper-3.4.13.jar:/home/user/.m2/repository/jline/jline/0.9.94/jline-0.9.94.jar:/home/user/.m2/repository/org/apache/yetus/audience-annotations/0.5.0/audience-annotations-0.5.0.jar:/home/user/.m2/repository/org/codehaus/woodstox/stax2-api/3.1.4/stax2-api-3.1.4.jar:/home/user/.m2/repository/com/fasterxml/woodstox/woodstox-core/5.0.3/woodstox-core-5.0.3.jar:/home/user/.m2/repository/dnsjava/dnsjava/2.1.7/dnsjava-2.1.7.jar:/home/user/.m2/repository/org/apache/hadoop/hadoop-hdfs/3.2.0/hadoop-hdfs-3.2.0-tests.jar:/home/user/.m2/repository/org/eclipse/jetty/jetty-util-ajax/9.3.25.v20180904/jetty-util-ajax-9.3.25.v20180904.jar:/home/user/.m2/repository/commons-daemon/commons-daemon/1.0.13/commons-daemon-1.0.13.jar:/home/user/.m2/repository/io/netty/netty/3.10.5.Final/netty-3.10.5.Final.jar:/home/user/.m2/repository/io/netty/netty-all/4.0.52.Final/netty-all-4.0.52.Final.jar:/home/user/.m2/repository/org/fusesource/leveldbjni/leveldbjni-all/1.8/leveldbjni-all-1.8.jar:"/>
    <property name="java.vm.vendor" value="IcedTea"/>
    <property name="sun.arch.data.model" value="64"/>
    <property name="test.build.dir" value="/workdir/hadoop-ozone/integration-test/target/test-dir"/>
    <property name="test.cache.data" value=""/>
    <property name="java.vendor.url" value="https://icedtea.classpath.org"/>
    <property name="user.timezone" value=""/>
    <property name="java.vm.specification.version" value="1.8"/>
    <property name="os.name" value="Linux"/>
    <property name="test.build.data" value="/workdir/hadoop-ozone/integration-test/target/test-dir"/>
    <property name="user.country" value="US"/>
    <property name="sun.java.launcher" value="SUN_STANDARD"/>
    <property name="sun.boot.library.path" value="/usr/lib/jvm/java-1.8-openjdk/jre/lib/amd64"/>
    <property name="sun.java.command" value="/workdir/hadoop-ozone/integration-test/target/surefire/surefirebooter224664694226875082.jar /workdir/hadoop-ozone/integration-test/target/surefire 2019-10-02T18-41-22_187-jvmRun1 surefire7720778226164035445tmp surefire_614922347779007409314tmp"/>
    <property name="test" value="!TestMiniChaosOzoneCluster"/>
    <property name="surefire.test.class.path" value="/workdir/hadoop-ozone/integration-test/target/test-classes:/workdir/hadoop-ozone/integration-test/target/classes:/home/user/.m2/repository/org/apache/hadoop/hadoop-ozone-common/0.5.0-SNAPSHOT/hadoop-ozone-common-0.5.0-SNAPSHOT.jar:/home/user/.m2/repository/org/apache/commons/commons-compress/1.4.1/commons-compress-1.4.1.jar:/home/user/.m2/repository/org/tukaani/xz/1.0/xz-1.0.jar:/home/user/.m2/repository/org/apache/hadoop/hadoop-common/3.2.0/hadoop-common-3.2.0.jar:/home/user/.m2/repository/org/apache/hadoop/hadoop-hdfs/3.2.0/hadoop-hdfs-3.2.0.jar:/home/user/.m2/repository/org/apache/hadoop/hadoop-hdfs-client/3.2.0/hadoop-hdfs-client-3.2.0.jar:/home/user/.m2/repository/com/fasterxml/jackson/core/jackson-annotations/2.9.9/jackson-annotations-2.9.9.jar:/home/user/.m2/repository/org/apache/hadoop/hadoop-hdds-common/0.5.0-SNAPSHOT/hadoop-hdds-common-0.5.0-SNAPSHOT.jar:/home/user/.m2/repository/javax/annotation/javax.annotation-api/1.2/javax.annotation-api-1.2.jar:/home/user/.m2/repository/org/apache/ratis/ratis-server/0.5.0-201fc85-SNAPSHOT/ratis-server-0.5.0-201fc85-SNAPSHOT.jar:/home/user/.m2/repository/org/apache/ratis/ratis-thirdparty-misc/0.2.0/ratis-thirdparty-misc-0.2.0.jar:/home/user/.m2/repository/org/apache/ratis/ratis-proto/0.5.0-201fc85-SNAPSHOT/ratis-proto-0.5.0-201fc85-SNAPSHOT.jar:/home/user/.m2/repository/org/apache/ratis/ratis-common/0.5.0-201fc85-SNAPSHOT/ratis-common-0.5.0-201fc85-SNAPSHOT.jar:/home/user/.m2/repository/org/apache/ratis/ratis-client/0.5.0-201fc85-SNAPSHOT/ratis-client-0.5.0-201fc85-SNAPSHOT.jar:/home/user/.m2/repository/org/apache/ratis/ratis-metrics/0.5.0-201fc85-SNAPSHOT/ratis-metrics-0.5.0-201fc85-SNAPSHOT.jar:/home/user/.m2/repository/com/github/joshelser/dropwizard-metrics-hadoop-metrics2-reporter/0.1.2/dropwizard-metrics-hadoop-metrics2-reporter-0.1.2.jar:/home/user/.m2/repository/io/dropwizard/metrics/metrics-jvm/3.2.5/metrics-jvm-3.2.5.jar:/home/user/.m2/repository/io/dropwizard/metrics/metrics-ganglia/3.2.5/metrics-ganglia-3.2.5.jar:/home/user/.m2/repository/info/ganglia/gmetric4j/gmetric4j/1.0.7/gmetric4j-1.0.7.jar:/home/user/.m2/repository/org/apache/ratis/ratis-netty/0.5.0-201fc85-SNAPSHOT/ratis-netty-0.5.0-201fc85-SNAPSHOT.jar:/home/user/.m2/repository/org/apache/ratis/ratis-grpc/0.5.0-201fc85-SNAPSHOT/ratis-grpc-0.5.0-201fc85-SNAPSHOT.jar:/home/user/.m2/repository/org/rocksdb/rocksdbjni/6.0.1/rocksdbjni-6.0.1.jar:/home/user/.m2/repository/org/apache/logging/log4j/log4j-api/2.11.0/log4j-api-2.11.0.jar:/home/user/.m2/repository/org/apache/logging/log4j/log4j-core/2.11.0/log4j-core-2.11.0.jar:/home/user/.m2/repository/com/lmax/disruptor/3.4.2/disruptor-3.4.2.jar:/home/user/.m2/repository/org/apache/commons/commons-pool2/2.6.0/commons-pool2-2.6.0.jar:/home/user/.m2/repository/org/bouncycastle/bcpkix-jdk15on/1.60/bcpkix-jdk15on-1.60.jar:/home/user/.m2/repository/commons-validator/commons-validator/1.6/commons-validator-1.6.jar:/home/user/.m2/repository/commons-digester/commons-digester/1.8.1/commons-digester-1.8.1.jar:/home/user/.m2/repository/io/jaegertracing/jaeger-client/0.34.0/jaeger-client-0.34.0.jar:/home/user/.m2/repository/io/jaegertracing/jaeger-thrift/0.34.0/jaeger-thrift-0.34.0.jar:/home/user/.m2/repository/org/apache/thrift/libthrift/0.12.0/libthrift-0.12.0.jar:/home/user/.m2/repository/com/squareup/okhttp3/okhttp/3.9.0/okhttp-3.9.0.jar:/home/user/.m2/repository/com/squareup/okio/okio/1.13.0/okio-1.13.0.jar:/home/user/.m2/repository/io/jaegertracing/jaeger-core/0.34.0/jaeger-core-0.34.0.jar:/home/user/.m2/repository/io/jaegertracing/jaeger-tracerresolver/0.34.0/jaeger-tracerresolver-0.34.0.jar:/home/user/.m2/repository/io/opentracing/contrib/opentracing-tracerresolver/0.1.5/opentracing-tracerresolver-0.1.5.jar:/home/user/.m2/repository/io/opentracing/opentracing-util/0.31.0/opentracing-util-0.31.0.jar:/home/user/.m2/repository/io/opentracing/opentracing-api/0.31.0/opentracing-api-0.31.0.jar:/home/user/.m2/repository/io/opentracing/opentracing-noop/0.31.0/opentracing-noop-0.31.0.jar:/home/user/.m2/repository/org/apache/hadoop/hadoop-hdds-server-framework/0.5.0-SNAPSHOT/hadoop-hdds-server-framework-0.5.0-SNAPSHOT.jar:/home/user/.m2/repository/org/apache/hadoop/hadoop-hdds-container-service/0.5.0-SNAPSHOT/hadoop-hdds-container-service-0.5.0-SNAPSHOT.jar:/home/user/.m2/repository/org/apache/hadoop/hadoop-hdds-client/0.5.0-SNAPSHOT/hadoop-hdds-client-0.5.0-SNAPSHOT.jar:/home/user/.m2/repository/org/apache/hadoop/hadoop-hdds-tools/0.5.0-SNAPSHOT/hadoop-hdds-tools-0.5.0-SNAPSHOT.jar:/home/user/.m2/repository/org/apache/hadoop/hadoop-hdds-server-scm/0.5.0-SNAPSHOT/hadoop-hdds-server-scm-0.5.0-SNAPSHOT.jar:/home/user/.m2/repository/org/apache/hadoop/hadoop-hdds-docs/0.5.0-SNAPSHOT/hadoop-hdds-docs-0.5.0-SNAPSHOT.jar:/home/user/.m2/repository/io/dropwizard/metrics/metrics-core/3.2.4/metrics-core-3.2.4.jar:/home/user/.m2/repository/org/hamcrest/hamcrest-all/1.3/hamcrest-all-1.3.jar:/home/user/.m2/repository/org/bouncycastle/bcprov-jdk15on/1.60/bcprov-jdk15on-1.60.jar:/home/user/.m2/repository/info/picocli/picocli/3.9.6/picocli-3.9.6.jar:/home/user/.m2/repository/com/google/protobuf/protobuf-java/2.5.0/protobuf-java-2.5.0.jar:/home/user/.m2/repository/com/google/guava/guava/11.0.2/guava-11.0.2.jar:/home/user/.m2/repository/org/apache/hadoop/hadoop-ozone-ozone-manager/0.5.0-SNAPSHOT/hadoop-ozone-ozone-manager-0.5.0-SNAPSHOT.jar:/home/user/.m2/repository/org/apache/hadoop/hadoop-minikdc/3.2.0/hadoop-minikdc-3.2.0.jar:/home/user/.m2/repository/commons-io/commons-io/2.5/commons-io-2.5.jar:/home/user/.m2/repository/org/apache/kerby/kerb-simplekdc/1.0.1/kerb-simplekdc-1.0.1.jar:/home/user/.m2/repository/org/apache/kerby/kerb-client/1.0.1/kerb-client-1.0.1.jar:/home/user/.m2/repository/org/apache/kerby/kerby-config/1.0.1/kerby-config-1.0.1.jar:/home/user/.m2/repository/org/apache/kerby/kerb-core/1.0.1/kerb-core-1.0.1.jar:/home/user/.m2/repository/org/apache/kerby/kerby-pkix/1.0.1/kerby-pkix-1.0.1.jar:/home/user/.m2/repository/org/apache/kerby/kerby-asn1/1.0.1/kerby-asn1-1.0.1.jar:/home/user/.m2/repository/org/apache/kerby/kerby-util/1.0.1/kerby-util-1.0.1.jar:/home/user/.m2/repository/org/apache/kerby/kerb-common/1.0.1/kerb-common-1.0.1.jar:/home/user/.m2/repository/org/apache/kerby/kerb-crypto/1.0.1/kerb-crypto-1.0.1.jar:/home/user/.m2/repository/org/apache/kerby/kerb-util/1.0.1/kerb-util-1.0.1.jar:/home/user/.m2/repository/org/apache/kerby/token-provider/1.0.1/token-provider-1.0.1.jar:/home/user/.m2/repository/org/apache/kerby/kerb-admin/1.0.1/kerb-admin-1.0.1.jar:/home/user/.m2/repository/org/apache/kerby/kerb-server/1.0.1/kerb-server-1.0.1.jar:/home/user/.m2/repository/org/apache/kerby/kerb-identity/1.0.1/kerb-identity-1.0.1.jar:/home/user/.m2/repository/org/apache/kerby/kerby-xdr/1.0.1/kerby-xdr-1.0.1.jar:/home/user/.m2/repository/org/slf4j/slf4j-log4j12/1.7.25/slf4j-log4j12-1.7.25.jar:/home/user/.m2/repository/org/apache/hadoop/hadoop-ozone-s3gateway/0.5.0-SNAPSHOT/hadoop-ozone-s3gateway-0.5.0-SNAPSHOT.jar:/home/user/.m2/repository/org/jboss/weld/servlet/weld-servlet/2.4.7.Final/weld-servlet-2.4.7.Final.jar:/home/user/.m2/repository/org/glassfish/jersey/containers/jersey-container-servlet-core/2.27/jersey-container-servlet-core-2.27.jar:/home/user/.m2/repository/org/glassfish/hk2/external/javax.inject/2.5.0-b42/javax.inject-2.5.0-b42.jar:/home/user/.m2/repository/org/glassfish/jersey/core/jersey-common/2.27/jersey-common-2.27.jar:/home/user/.m2/repository/org/glassfish/hk2/osgi-resource-locator/1.0.1/osgi-resource-locator-1.0.1.jar:/home/user/.m2/repository/javax/ws/rs/javax.ws.rs-api/2.1/javax.ws.rs-api-2.1.jar:/home/user/.m2/repository/org/glassfish/jersey/ext/cdi/jersey-cdi1x/2.27/jersey-cdi1x-2.27.jar:/home/user/.m2/repository/org/glassfish/jersey/inject/jersey-hk2/2.27/jersey-hk2-2.27.jar:/home/user/.m2/repository/org/glassfish/hk2/hk2-locator/2.5.0-b42/hk2-locator-2.5.0-b42.jar:/home/user/.m2/repository/org/javassist/javassist/3.22.0-CR2/javassist-3.22.0-CR2.jar:/home/user/.m2/repository/org/glassfish/hk2/hk2-api/2.5.0/hk2-api-2.5.0.jar:/home/user/.m2/repository/org/glassfish/hk2/external/jakarta.inject/2.5.0/jakarta.inject-2.5.0.jar:/home/user/.m2/repository/org/glassfish/hk2/hk2-utils/2.5.0/hk2-utils-2.5.0.jar:/home/user/.m2/repository/jakarta/annotation/jakarta.annotation-api/1.3.4/jakarta.annotation-api-1.3.4.jar:/home/user/.m2/repository/org/glassfish/hk2/external/aopalliance-repackaged/2.5.0/aopalliance-repackaged-2.5.0.jar:/home/user/.m2/repository/com/fasterxml/jackson/dataformat/jackson-dataformat-xml/2.9.0/jackson-dataformat-xml-2.9.0.jar:/home/user/.m2/repository/com/fasterxml/jackson/core/jackson-core/2.9.9/jackson-core-2.9.9.jar:/home/user/.m2/repository/com/fasterxml/jackson/module/jackson-module-jaxb-annotations/2.9.9/jackson-module-jaxb-annotations-2.9.9.jar:/home/user/.m2/repository/javax/enterprise/cdi-api/1.2/cdi-api-1.2.jar:/home/user/.m2/repository/javax/el/javax.el-api/3.0.0/javax.el-api-3.0.0.jar:/home/user/.m2/repository/javax/interceptor/javax.interceptor-api/1.2/javax.interceptor-api-1.2.jar:/home/user/.m2/repository/javax/inject/javax.inject/1/javax.inject-1.jar:/home/user/.m2/repository/com/sun/xml/bind/jaxb-impl/2.3.0.1/jaxb-impl-2.3.0.1.jar:/home/user/.m2/repository/com/sun/xml/bind/jaxb-core/2.3.0.1/jaxb-core-2.3.0.1.jar:/home/user/.m2/repository/javax/xml/bind/jaxb-api/2.3.0/jaxb-api-2.3.0.jar:/home/user/.m2/repository/javax/activation/activation/1.1.1/activation-1.1.1.jar:/home/user/.m2/repository/org/apache/hadoop/hadoop-ozone-csi/0.5.0-SNAPSHOT/hadoop-ozone-csi-0.5.0-SNAPSHOT.jar:/home/user/.m2/repository/com/google/protobuf/protobuf-java-util/3.5.1/protobuf-java-util-3.5.1.jar:/home/user/.m2/repository/org/apache/hadoop/hadoop-hdds-config/0.5.0-SNAPSHOT/hadoop-hdds-config-0.5.0-SNAPSHOT.jar:/home/user/.m2/repository/io/grpc/grpc-netty/1.17.1/grpc-netty-1.17.1.jar:/home/user/.m2/repository/io/grpc/grpc-core/1.17.1/grpc-core-1.17.1.jar:/home/user/.m2/repository/io/grpc/grpc-context/1.17.1/grpc-context-1.17.1.jar:/home/user/.m2/repository/com/google/errorprone/error_prone_annotations/2.2.0/error_prone_annotations-2.2.0.jar:/home/user/.m2/repository/org/codehaus/mojo/animal-sniffer-annotations/1.17/animal-sniffer-annotations-1.17.jar:/home/user/.m2/repository/io/opencensus/opencensus-api/0.17.0/opencensus-api-0.17.0.jar:/home/user/.m2/repository/io/opencensus/opencensus-contrib-grpc-metrics/0.17.0/opencensus-contrib-grpc-metrics-0.17.0.jar:/home/user/.m2/repository/io/netty/netty-codec-http2/4.1.30.Final/netty-codec-http2-4.1.30.Final.jar:/home/user/.m2/repository/io/netty/netty-codec-http/4.1.30.Final/netty-codec-http-4.1.30.Final.jar:/home/user/.m2/repository/io/netty/netty-codec/4.1.30.Final/netty-codec-4.1.30.Final.jar:/home/user/.m2/repository/io/netty/netty-handler/4.1.30.Final/netty-handler-4.1.30.Final.jar:/home/user/.m2/repository/io/netty/netty-handler-proxy/4.1.30.Final/netty-handler-proxy-4.1.30.Final.jar:/home/user/.m2/repository/io/netty/netty-codec-socks/4.1.30.Final/netty-codec-socks-4.1.30.Final.jar:/home/user/.m2/repository/io/netty/netty-transport-native-epoll/4.1.30.Final/netty-transport-native-epoll-4.1.30.Final.jar:/home/user/.m2/repository/io/netty/netty-common/4.1.30.Final/netty-common-4.1.30.Final.jar:/home/user/.m2/repository/io/netty/netty-buffer/4.1.30.Final/netty-buffer-4.1.30.Final.jar:/home/user/.m2/repository/io/netty/netty-transport/4.1.30.Final/netty-transport-4.1.30.Final.jar:/home/user/.m2/repository/io/netty/netty-resolver/4.1.30.Final/netty-resolver-4.1.30.Final.jar:/home/user/.m2/repository/io/netty/netty-transport-native-unix-common/4.1.30.Final/netty-transport-native-unix-common-4.1.30.Final.jar:/home/user/.m2/repository/io/grpc/grpc-protobuf/1.17.1/grpc-protobuf-1.17.1.jar:/home/user/.m2/repository/com/google/api/grpc/proto-google-common-protos/1.0.0/proto-google-common-protos-1.0.0.jar:/home/user/.m2/repository/io/grpc/grpc-protobuf-lite/1.17.1/grpc-protobuf-lite-1.17.1.jar:/home/user/.m2/repository/io/grpc/grpc-stub/1.17.1/grpc-stub-1.17.1.jar:/home/user/.m2/repository/org/apache/hadoop/hadoop-ozone-recon/0.5.0-SNAPSHOT/hadoop-ozone-recon-0.5.0-SNAPSHOT.jar:/home/user/.m2/repository/org/apache/hadoop/hadoop-ozone-reconcodegen/0.5.0-SNAPSHOT/hadoop-ozone-reconcodegen-0.5.0-SNAPSHOT.jar:/home/user/.m2/repository/com/google/inject/extensions/guice-multibindings/4.0/guice-multibindings-4.0.jar:/home/user/.m2/repository/com/google/inject/guice/4.0/guice-4.0.jar:/home/user/.m2/repository/aopalliance/aopalliance/1.0/aopalliance-1.0.jar:/home/user/.m2/repository/com/google/inject/extensions/guice-servlet/4.0/guice-servlet-4.0.jar:/home/user/.m2/repository/org/glassfish/jersey/containers/jersey-container-servlet/2.27/jersey-container-servlet-2.27.jar:/home/user/.m2/repository/org/glassfish/hk2/guice-bridge/2.5.0/guice-bridge-2.5.0.jar:/home/user/.m2/repository/org/glassfish/jersey/core/jersey-server/2.27/jersey-server-2.27.jar:/home/user/.m2/repository/org/glassfish/jersey/core/jersey-client/2.27/jersey-client-2.27.jar:/home/user/.m2/repository/org/glassfish/jersey/media/jersey-media-jaxb/2.27/jersey-media-jaxb-2.27.jar:/home/user/.m2/repository/javax/validation/validation-api/1.1.0.Final/validation-api-1.1.0.Final.jar:/home/user/.m2/repository/org/glassfish/jersey/media/jersey-media-json-jackson/2.27/jersey-media-json-jackson-2.27.jar:/home/user/.m2/repository/org/glassfish/jersey/ext/jersey-entity-filtering/2.27/jersey-entity-filtering-2.27.jar:/home/user/.m2/repository/com/google/inject/extensions/guice-assistedinject/4.0/guice-assistedinject-4.0.jar:/home/user/.m2/repository/org/jooq/jooq/3.11.10/jooq-3.11.10.jar:/home/user/.m2/repository/org/jooq/jooq-meta/3.11.10/jooq-meta-3.11.10.jar:/home/user/.m2/repository/org/jooq/jooq-codegen/3.11.10/jooq-codegen-3.11.10.jar:/home/user/.m2/repository/com/jolbox/bonecp/0.8.0.RELEASE/bonecp-0.8.0.RELEASE.jar:/home/user/.m2/repository/org/xerial/sqlite-jdbc/3.25.2/sqlite-jdbc-3.25.2.jar:/home/user/.m2/repository/org/springframework/spring-jdbc/5.1.3.RELEASE/spring-jdbc-5.1.3.RELEASE.jar:/home/user/.m2/repository/org/springframework/spring-beans/5.1.3.RELEASE/spring-beans-5.1.3.RELEASE.jar:/home/user/.m2/repository/org/springframework/spring-core/5.1.3.RELEASE/spring-core-5.1.3.RELEASE.jar:/home/user/.m2/repository/org/springframework/spring-jcl/5.1.3.RELEASE/spring-jcl-5.1.3.RELEASE.jar:/home/user/.m2/repository/org/springframework/spring-tx/5.1.3.RELEASE/spring-tx-5.1.3.RELEASE.jar:/home/user/.m2/repository/org/apache/hadoop/hadoop-ozone-client/0.5.0-SNAPSHOT/hadoop-ozone-client-0.5.0-SNAPSHOT.jar:/home/user/.m2/repository/commons-lang/commons-lang/2.6/commons-lang-2.6.jar:/home/user/.m2/repository/org/apache/hadoop/hadoop-ozone-ozone-manager/0.5.0-SNAPSHOT/hadoop-ozone-ozone-manager-0.5.0-SNAPSHOT-tests.jar:/home/user/.m2/repository/junit/junit/4.11/junit-4.11.jar:/home/user/.m2/repository/org/hamcrest/hamcrest-core/1.3/hamcrest-core-1.3.jar:/home/user/.m2/repository/org/openjdk/jmh/jmh-core/1.19/jmh-core-1.19.jar:/home/user/.m2/repository/net/sf/jopt-simple/jopt-simple/4.6/jopt-simple-4.6.jar:/home/user/.m2/repository/org/apache/commons/commons-math3/3.1.1/commons-math3-3.1.1.jar:/home/user/.m2/repository/org/openjdk/jmh/jmh-generator-annprocess/1.19/jmh-generator-annprocess-1.19.jar:/home/user/.m2/repository/org/mockito/mockito-all/1.8.5/mockito-all-1.8.5.jar:/home/user/.m2/repository/org/apache/hadoop/hadoop-kms/3.2.0/hadoop-kms-3.2.0.jar:/home/user/.m2/repository/org/apache/hadoop/hadoop-auth/3.2.0/hadoop-auth-3.2.0.jar:/home/user/.m2/repository/com/nimbusds/nimbus-jose-jwt/4.41.1/nimbus-jose-jwt-4.41.1.jar:/home/user/.m2/repository/com/github/stephenc/jcip/jcip-annotations/1.0-1/jcip-annotations-1.0-1.jar:/home/user/.m2/repository/net/minidev/json-smart/2.3/json-smart-2.3.jar:/home/user/.m2/repository/net/minidev/accessors-smart/1.2/accessors-smart-1.2.jar:/home/user/.m2/repository/org/ow2/asm/asm/5.0.4/asm-5.0.4.jar:/home/user/.m2/repository/org/apache/curator/curator-framework/2.12.0/curator-framework-2.12.0.jar:/home/user/.m2/repository/com/sun/jersey/jersey-core/1.19/jersey-core-1.19.jar:/home/user/.m2/repository/javax/ws/rs/jsr311-api/1.1.1/jsr311-api-1.1.1.jar:/home/user/.m2/repository/com/sun/jersey/jersey-server/1.19/jersey-server-1.19.jar:/home/user/.m2/repository/javax/servlet/javax.servlet-api/3.1.0/javax.servlet-api-3.1.0.jar:/home/user/.m2/repository/org/eclipse/jetty/jetty-server/9.3.25.v20180904/jetty-server-9.3.25.v20180904.jar:/home/user/.m2/repository/org/eclipse/jetty/jetty-http/9.3.25.v20180904/jetty-http-9.3.25.v20180904.jar:/home/user/.m2/repository/org/eclipse/jetty/jetty-io/9.3.25.v20180904/jetty-io-9.3.25.v20180904.jar:/home/user/.m2/repository/org/eclipse/jetty/jetty-webapp/9.3.25.v20180904/jetty-webapp-9.3.25.v20180904.jar:/home/user/.m2/repository/org/eclipse/jetty/jetty-xml/9.3.25.v20180904/jetty-xml-9.3.25.v20180904.jar:/home/user/.m2/repository/log4j/log4j/1.2.17/log4j-1.2.17.jar:/home/user/.m2/repository/org/slf4j/slf4j-api/1.7.25/slf4j-api-1.7.25.jar:/home/user/.m2/repository/org/slf4j/jul-to-slf4j/1.7.25/jul-to-slf4j-1.7.25.jar:/home/user/.m2/repository/org/eclipse/jetty/jetty-util/9.3.25.v20180904/jetty-util-9.3.25.v20180904.jar:/home/user/.m2/repository/com/fasterxml/jackson/core/jackson-databind/2.9.9/jackson-databind-2.9.9.jar:/home/user/.m2/repository/org/apache/hadoop/hadoop-kms/3.2.0/hadoop-kms-3.2.0-tests.jar:/home/user/.m2/repository/org/apache/hadoop/hadoop-hdds-server-scm/0.5.0-SNAPSHOT/hadoop-hdds-server-scm-0.5.0-SNAPSHOT-tests.jar:/home/user/.m2/repository/org/apache/hadoop/hadoop-hdds-container-service/0.5.0-SNAPSHOT/hadoop-hdds-container-service-0.5.0-SNAPSHOT-tests.jar:/home/user/.m2/repository/org/yaml/snakeyaml/1.16/snakeyaml-1.16.jar:/home/user/.m2/repository/org/apache/hadoop/hadoop-common/3.2.0/hadoop-common-3.2.0-tests.jar:/home/user/.m2/repository/org/apache/hadoop/hadoop-annotations/3.2.0/hadoop-annotations-3.2.0.jar:/usr/lib/jvm/java-1.8-openjdk/jre/../lib/tools.jar:/home/user/.m2/repository/commons-cli/commons-cli/1.2/commons-cli-1.2.jar:/home/user/.m2/repository/org/apache/httpcomponents/httpclient/4.5.2/httpclient-4.5.2.jar:/home/user/.m2/repository/org/apache/httpcomponents/httpcore/4.4.4/httpcore-4.4.4.jar:/home/user/.m2/repository/commons-codec/commons-codec/1.11/commons-codec-1.11.jar:/home/user/.m2/repository/commons-net/commons-net/3.6/commons-net-3.6.jar:/home/user/.m2/repository/commons-collections/commons-collections/3.2.2/commons-collections-3.2.2.jar:/home/user/.m2/repository/org/eclipse/jetty/jetty-servlet/9.3.25.v20180904/jetty-servlet-9.3.25.v20180904.jar:/home/user/.m2/repository/org/eclipse/jetty/jetty-security/9.3.25.v20180904/jetty-security-9.3.25.v20180904.jar:/home/user/.m2/repository/javax/servlet/jsp/jsp-api/2.1/jsp-api-2.1.jar:/home/user/.m2/repository/com/sun/jersey/jersey-servlet/1.19/jersey-servlet-1.19.jar:/home/user/.m2/repository/com/sun/jersey/jersey-json/1.19/jersey-json-1.19.jar:/home/user/.m2/repository/org/codehaus/jettison/jettison/1.1/jettison-1.1.jar:/home/user/.m2/repository/org/codehaus/jackson/jackson-core-asl/1.9.13/jackson-core-asl-1.9.13.jar:/home/user/.m2/repository/org/codehaus/jackson/jackson-mapper-asl/1.9.13/jackson-mapper-asl-1.9.13.jar:/home/user/.m2/repository/org/codehaus/jackson/jackson-jaxrs/1.9.13/jackson-jaxrs-1.9.13.jar:/home/user/.m2/repository/org/codehaus/jackson/jackson-xc/1.9.13/jackson-xc-1.9.13.jar:/home/user/.m2/repository/commons-logging/commons-logging/1.1.3/commons-logging-1.1.3.jar:/home/user/.m2/repository/commons-beanutils/commons-beanutils/1.9.4/commons-beanutils-1.9.4.jar:/home/user/.m2/repository/org/apache/commons/commons-configuration2/2.1.1/commons-configuration2-2.1.1.jar:/home/user/.m2/repository/org/apache/commons/commons-lang3/3.7/commons-lang3-3.7.jar:/home/user/.m2/repository/org/apache/commons/commons-text/1.4/commons-text-1.4.jar:/home/user/.m2/repository/org/apache/avro/avro/1.7.7/avro-1.7.7.jar:/home/user/.m2/repository/com/thoughtworks/paranamer/paranamer/2.3/paranamer-2.3.jar:/home/user/.m2/repository/org/xerial/snappy/snappy-java/1.0.5/snappy-java-1.0.5.jar:/home/user/.m2/repository/com/google/re2j/re2j/1.1/re2j-1.1.jar:/home/user/.m2/repository/com/google/code/gson/gson/2.2.4/gson-2.2.4.jar:/home/user/.m2/repository/com/jcraft/jsch/0.1.54/jsch-0.1.54.jar:/home/user/.m2/repository/org/apache/curator/curator-client/2.12.0/curator-client-2.12.0.jar:/home/user/.m2/repository/org/apache/curator/curator-recipes/2.12.0/curator-recipes-2.12.0.jar:/home/user/.m2/repository/com/google/code/findbugs/jsr305/3.0.0/jsr305-3.0.0.jar:/home/user/.m2/repository/org/apache/htrace/htrace-core4/4.1.0-incubating/htrace-core4-4.1.0-incubating.jar:/home/user/.m2/repository/org/apache/zookeeper/zookeeper/3.4.13/zookeeper-3.4.13.jar:/home/user/.m2/repository/jline/jline/0.9.94/jline-0.9.94.jar:/home/user/.m2/repository/org/apache/yetus/audience-annotations/0.5.0/audience-annotations-0.5.0.jar:/home/user/.m2/repository/org/codehaus/woodstox/stax2-api/3.1.4/stax2-api-3.1.4.jar:/home/user/.m2/repository/com/fasterxml/woodstox/woodstox-core/5.0.3/woodstox-core-5.0.3.jar:/home/user/.m2/repository/dnsjava/dnsjava/2.1.7/dnsjava-2.1.7.jar:/home/user/.m2/repository/org/apache/hadoop/hadoop-hdfs/3.2.0/hadoop-hdfs-3.2.0-tests.jar:/home/user/.m2/repository/org/eclipse/jetty/jetty-util-ajax/9.3.25.v20180904/jetty-util-ajax-9.3.25.v20180904.jar:/home/user/.m2/repository/commons-daemon/commons-daemon/1.0.13/commons-daemon-1.0.13.jar:/home/user/.m2/repository/io/netty/netty/3.10.5.Final/netty-3.10.5.Final.jar:/home/user/.m2/repository/io/netty/netty-all/4.0.52.Final/netty-all-4.0.52.Final.jar:/home/user/.m2/repository/org/fusesource/leveldbjni/leveldbjni-all/1.8/leveldbjni-all-1.8.jar:"/>
    <property name="sun.cpu.endian" value="little"/>
    <property name="user.home" value="/home/user"/>
    <property name="user.language" value="en"/>
    <property name="java.specification.vendor" value="Oracle Corporation"/>
    <property name="java.home" value="/usr/lib/jvm/java-1.8-openjdk/jre"/>
    <property name="java.security.krb5.conf" value="/workdir/hadoop-ozone/integration-test/target/test-classes/krb5.conf"/>
    <property name="basedir" value="/workdir/hadoop-ozone/integration-test"/>
    <property name="file.separator" value="/"/>
    <property name="line.separator" value="&#10;"/>
    <property name="java.vm.specification.vendor" value="Oracle Corporation"/>
    <property name="java.specification.name" value="Java Platform API Specification"/>
    <property name="java.awt.graphicsenv" value="sun.awt.X11GraphicsEnvironment"/>
    <property name="surefire.real.class.path" value="/workdir/hadoop-ozone/integration-test/target/surefire/surefirebooter224664694226875082.jar"/>
    <property name="hadoop.log.dir" value="/workdir/hadoop-ozone/integration-test/target/log"/>
    <property name="sun.boot.class.path" value="/usr/lib/jvm/java-1.8-openjdk/jre/lib/resources.jar:/usr/lib/jvm/java-1.8-openjdk/jre/lib/rt.jar:/usr/lib/jvm/java-1.8-openjdk/jre/lib/sunrsasign.jar:/usr/lib/jvm/java-1.8-openjdk/jre/lib/jsse.jar:/usr/lib/jvm/java-1.8-openjdk/jre/lib/jce.jar:/usr/lib/jvm/java-1.8-openjdk/jre/lib/charsets.jar:/usr/lib/jvm/java-1.8-openjdk/jre/lib/jfr.jar:/usr/lib/jvm/java-1.8-openjdk/jre/classes"/>
    <property name="sun.management.compiler" value="HotSpot 64-Bit Tiered Compilers"/>
    <property name="java.runtime.version" value="1.8.0_212-b04"/>
    <property name="java.net.preferIPv4Stack" value="true"/>
    <property name="user.name" value="jenkins1000"/>
    <property name="path.separator" value=":"/>
    <property name="java.security.egd" value="file:///dev/urandom"/>
    <property name="os.version" value="3.10.0-957.12.2.el7.x86_64"/>
    <property name="java.endorsed.dirs" value="/usr/lib/jvm/java-1.8-openjdk/jre/lib/endorsed"/>
    <property name="java.runtime.name" value="OpenJDK Runtime Environment"/>
    <property name="file.encoding" value="UTF-8"/>
    <property name="java.vm.name" value="OpenJDK 64-Bit Server VM"/>
    <property name="test.build.webapps" value=""/>
    <property name="localRepository" value="/home/user/.m2/repository"/>
    <property name="java.vendor.url.bug" value="https://icedtea.classpath.org/bugzilla"/>
    <property name="java.io.tmpdir" value="/tmp"/>
    <property name="require.test.libhadoop" value=""/>
    <property name="java.version" value="1.8.0_212"/>
    <property name="user.dir" value="/workdir/hadoop-ozone/integration-test"/>
    <property name="os.arch" value="amd64"/>
    <property name="java.vm.specification.name" value="Java Virtual Machine Specification"/>
    <property name="test.build.classes" value="/workdir/hadoop-ozone/integration-test/target/test-classes"/>
    <property name="java.awt.printerjob" value="sun.print.PSPrinterJob"/>
    <property name="sun.os.patch.level" value="unknown"/>
    <property name="hadoop.tmp.dir" value="/workdir/hadoop-ozone/integration-test/target/tmp"/>
    <property name="java.library.path" value="/usr/lib/jvm/java-1.8-openjdk/jre/lib/amd64/server:/usr/lib/jvm/java-1.8-openjdk/jre/lib/amd64:/usr/lib/jvm/java-1.8-openjdk/jre/../lib/amd64:/workdir/hadoop-ozone/integration-test/target/native/target/usr/local/lib:/workdir/hadoop-ozone/integration-test/../../hadoop-common-project/hadoop-common/target/native/target/usr/local/lib:/usr/java/packages/lib/amd64:/usr/lib64:/lib64:/lib:/usr/lib"/>
    <property name="java.vm.info" value="mixed mode"/>
    <property name="java.vendor" value="IcedTea"/>
    <property name="java.vm.version" value="25.212-b04"/>
    <property name="java.ext.dirs" value="/usr/lib/jvm/java-1.8-openjdk/jre/lib/ext:/usr/java/packages/lib/ext"/>
    <property name="sun.io.unicode.encoding" value="UnicodeLittle"/>
    <property name="java.class.version" value="52.0"/>
  </properties>
  <testcase name="testWatchForCommitWithKeyWrite" classname="org.apache.hadoop.ozone.client.rpc.TestWatchForCommit" time="78.009"/>
  <testcase name="testWatchForCommitWithSmallerTimeoutValue" classname="org.apache.hadoop.ozone.client.rpc.TestWatchForCommit" time="44.344"/>
  <testcase name="testWatchForCommitForRetryfailure" classname="org.apache.hadoop.ozone.client.rpc.TestWatchForCommit" time="69.546"/>
  <testcase name="testWatchForCommitForGroupMismatchException" classname="org.apache.hadoop.ozone.client.rpc.TestWatchForCommit" time="34.62"/>
  <testcase name="test2WayCommitForTimeoutException" classname="org.apache.hadoop.ozone.client.rpc.TestWatchForCommit" time="23.716">
    <error type="java.util.concurrent.TimeoutException">java.util.concurrent.TimeoutException
	at java.util.concurrent.CompletableFuture.timedGet(CompletableFuture.java:1771)
	at java.util.concurrent.CompletableFuture.get(CompletableFuture.java:1915)
	at org.apache.hadoop.hdds.scm.XceiverClientRatis.watchForCommit(XceiverClientRatis.java:298)
	at org.apache.hadoop.ozone.client.rpc.TestWatchForCommit.test2WayCommitForTimeoutException(TestWatchForCommit.java:391)
	at sun.reflect.NativeMethodAccessorImpl.invoke0(Native Method)
	at sun.reflect.NativeMethodAccessorImpl.invoke(NativeMethodAccessorImpl.java:62)
	at sun.reflect.DelegatingMethodAccessorImpl.invoke(DelegatingMethodAccessorImpl.java:43)
	at java.lang.reflect.Method.invoke(Method.java:498)
	at org.junit.runners.model.FrameworkMethod$1.runReflectiveCall(FrameworkMethod.java:47)
	at org.junit.internal.runners.model.ReflectiveCallable.run(ReflectiveCallable.java:12)
	at org.junit.runners.model.FrameworkMethod.invokeExplosively(FrameworkMethod.java:44)
	at org.junit.internal.runners.statements.InvokeMethod.evaluate(InvokeMethod.java:17)
	at org.junit.runners.ParentRunner.runLeaf(ParentRunner.java:271)
	at org.junit.runners.BlockJUnit4ClassRunner.runChild(BlockJUnit4ClassRunner.java:70)
	at org.junit.runners.BlockJUnit4ClassRunner.runChild(BlockJUnit4ClassRunner.java:50)
	at org.junit.runners.ParentRunner$3.run(ParentRunner.java:238)
	at org.junit.runners.ParentRunner$1.schedule(ParentRunner.java:63)
	at org.junit.runners.ParentRunner.runChildren(ParentRunner.java:236)
	at org.junit.runners.ParentRunner.access$000(ParentRunner.java:53)
	at org.junit.runners.ParentRunner$2.evaluate(ParentRunner.java:229)
	at org.junit.runners.ParentRunner.run(ParentRunner.java:309)
	at org.apache.maven.surefire.junit4.JUnit4Provider.execute(JUnit4Provider.java:365)
	at org.apache.maven.surefire.junit4.JUnit4Provider.executeWithRerun(JUnit4Provider.java:273)
	at org.apache.maven.surefire.junit4.JUnit4Provider.executeTestSet(JUnit4Provider.java:238)
	at org.apache.maven.surefire.junit4.JUnit4Provider.invoke(JUnit4Provider.java:159)
	at org.apache.maven.surefire.booter.ForkedBooter.invokeProviderInSameClassLoader(ForkedBooter.java:384)
	at org.apache.maven.surefire.booter.ForkedBooter.runSuitesInProcess(ForkedBooter.java:345)
	at org.apache.maven.surefire.booter.ForkedBooter.execute(ForkedBooter.java:126)
	at org.apache.maven.surefire.booter.ForkedBooter.main(ForkedBooter.java:418)
</error>
    <system-out><![CDATA[2019-10-02 19:49:59,737 [main] WARN  server.ServerUtils (ServerUtils.java:getScmDbDir(145)) - ozone.scm.db.dirs is not configured. We recommend adding this setting. Falling back to ozone.metadata.dirs instead.
2019-10-02 19:49:59,770 [main] WARN  server.ServerUtils (ServerUtils.java:getScmDbDir(145)) - ozone.scm.db.dirs is not configured. We recommend adding this setting. Falling back to ozone.metadata.dirs instead.
2019-10-02 19:49:59,770 [main] WARN  server.ServerUtils (ServerUtils.java:getScmDbDir(145)) - ozone.scm.db.dirs is not configured. We recommend adding this setting. Falling back to ozone.metadata.dirs instead.
2019-10-02 19:49:59,771 [main] INFO  db.DBStoreBuilder (DBStoreBuilder.java:addTable(110)) - using custom profile for table: deletedBlocks
2019-10-02 19:49:59,771 [main] INFO  db.DBStoreBuilder (DBStoreBuilder.java:processTables(161)) - Using default column profile:DBProfile.DISK for Table:deletedBlocks
2019-10-02 19:49:59,771 [main] INFO  db.DBStoreBuilder (DBStoreBuilder.java:addTable(110)) - using custom profile for table: validCerts
2019-10-02 19:49:59,771 [main] INFO  db.DBStoreBuilder (DBStoreBuilder.java:processTables(161)) - Using default column profile:DBProfile.DISK for Table:validCerts
2019-10-02 19:49:59,772 [main] INFO  db.DBStoreBuilder (DBStoreBuilder.java:addTable(110)) - using custom profile for table: revokedCerts
2019-10-02 19:49:59,772 [main] INFO  db.DBStoreBuilder (DBStoreBuilder.java:processTables(161)) - Using default column profile:DBProfile.DISK for Table:revokedCerts
2019-10-02 19:49:59,772 [main] INFO  db.DBStoreBuilder (DBStoreBuilder.java:addTable(110)) - using custom profile for table: default
2019-10-02 19:49:59,772 [main] INFO  db.DBStoreBuilder (DBStoreBuilder.java:processTables(167)) - Using default column profile:DBProfile.DISK for Table:default
2019-10-02 19:49:59,772 [main] INFO  db.DBStoreBuilder (DBStoreBuilder.java:getDbProfile(198)) - Using default options. DBProfile.DISK
2019-10-02 19:50:00,044 [main] INFO  net.NodeSchemaLoader (NodeSchemaLoader.java:loadSchemaFromFile(125)) - Loading file from sun.misc.CompoundEnumeration@4702e7a5
2019-10-02 19:50:00,044 [main] INFO  net.NodeSchemaLoader (NodeSchemaLoader.java:loadSchema(171)) - Loading network topology layer schema file
2019-10-02 19:50:00,049 [main] WARN  server.ServerUtils (ServerUtils.java:sanitizeUserArgs(70)) - ozone.scm.stale.node.interval value = 300000 is larger than max = 100000 based on the key value of ozone.scm.heartbeat.thread.interval, reset to the max value 100000.
2019-10-02 19:50:00,049 [main] WARN  server.ServerUtils (ServerUtils.java:sanitizeUserArgs(70)) - ozone.scm.stale.node.interval value = 300000 is larger than max = 100000 based on the key value of ozone.scm.heartbeat.thread.interval, reset to the max value 100000.
2019-10-02 19:50:00,050 [main] INFO  node.SCMNodeManager (SCMNodeManager.java:<init>(114)) - Entering startup safe mode.
2019-10-02 19:50:00,051 [main] INFO  algorithms.ContainerPlacementPolicyFactory (ContainerPlacementPolicyFactory.java:getPolicy(57)) - Create container placement policy of type org.apache.hadoop.hdds.scm.container.placement.algorithms.SCMContainerPlacementRandom
2019-10-02 19:50:00,051 [main] WARN  server.ServerUtils (ServerUtils.java:getScmDbDir(145)) - ozone.scm.db.dirs is not configured. We recommend adding this setting. Falling back to ozone.metadata.dirs instead.
2019-10-02 19:50:00,148 [main] INFO  pipeline.SCMPipelineManager (SCMPipelineManager.java:initializePipelineState(132)) - No pipeline exists in current db
2019-10-02 19:50:00,148 [main] WARN  server.ServerUtils (ServerUtils.java:getScmDbDir(145)) - ozone.scm.db.dirs is not configured. We recommend adding this setting. Falling back to ozone.metadata.dirs instead.
2019-10-02 19:50:00,252 [main] WARN  events.EventQueue (EventQueue.java:fireEvent(183)) - No event handler registered for event TypedEvent{payloadType=SafeModeStatus, name='SafeModeStatus'}
2019-10-02 19:50:00,253 [main] INFO  ipc.CallQueueManager (CallQueueManager.java:<init>(84)) - Using callQueue: class java.util.concurrent.LinkedBlockingQueue, queueCapacity: 2000, scheduler: class org.apache.hadoop.ipc.DefaultRpcScheduler, ipcBackoff: false.
2019-10-02 19:50:00,254 [Socket Reader #1 for port 45368] INFO  ipc.Server (Server.java:run(1074)) - Starting Socket Reader #1 for port 45368
2019-10-02 19:50:00,256 [main] INFO  ipc.CallQueueManager (CallQueueManager.java:<init>(84)) - Using callQueue: class java.util.concurrent.LinkedBlockingQueue, queueCapacity: 2000, scheduler: class org.apache.hadoop.ipc.DefaultRpcScheduler, ipcBackoff: false.
2019-10-02 19:50:00,257 [Socket Reader #1 for port 44056] INFO  ipc.Server (Server.java:run(1074)) - Starting Socket Reader #1 for port 44056
2019-10-02 19:50:00,259 [main] INFO  ipc.CallQueueManager (CallQueueManager.java:<init>(84)) - Using callQueue: class java.util.concurrent.LinkedBlockingQueue, queueCapacity: 2000, scheduler: class org.apache.hadoop.ipc.DefaultRpcScheduler, ipcBackoff: false.
2019-10-02 19:50:00,260 [Socket Reader #1 for port 33373] INFO  ipc.Server (Server.java:run(1074)) - Starting Socket Reader #1 for port 33373
2019-10-02 19:50:00,262 [main] INFO  hdfs.DFSUtil (DFSUtil.java:httpServerTemplateForNNAndJN(1641)) - Starting Web-server for scm at: http://0.0.0.0:0
2019-10-02 19:50:00,264 [main] INFO  server.AuthenticationFilter (AuthenticationFilter.java:constructSecretProvider(240)) - Unable to initialize FileSignerSecretProvider, falling back to use random secrets.
2019-10-02 19:50:00,265 [main] WARN  http.HttpRequestLog (HttpRequestLog.java:getRequestLog(97)) - Jetty request log can only be enabled using Log4j
2019-10-02 19:50:00,267 [main] INFO  http.HttpServer2 (HttpServer2.java:addGlobalFilter(975)) - Added global filter 'safety' (class=org.apache.hadoop.http.HttpServer2$QuotingInputFilter)
2019-10-02 19:50:00,268 [main] INFO  http.HttpServer2 (HttpServer2.java:addFilter(948)) - Added filter static_user_filter (class=org.apache.hadoop.http.lib.StaticUserWebFilter$StaticUserFilter) to context scm
2019-10-02 19:50:00,268 [main] INFO  http.HttpServer2 (HttpServer2.java:addFilter(958)) - Added filter static_user_filter (class=org.apache.hadoop.http.lib.StaticUserWebFilter$StaticUserFilter) to context logs
2019-10-02 19:50:00,268 [main] INFO  http.HttpServer2 (HttpServer2.java:addFilter(958)) - Added filter static_user_filter (class=org.apache.hadoop.http.lib.StaticUserWebFilter$StaticUserFilter) to context static
2019-10-02 19:50:00,271 [main] INFO  server.StorageContainerManager (StorageContainerManager.java:start(770)) - StorageContainerLocationProtocol RPC server is listening at /0.0.0.0:33373
2019-10-02 19:50:00,274 [main] WARN  impl.MetricsConfig (MetricsConfig.java:loadFirst(134)) - Cannot locate configuration: tried hadoop-metrics2-storagecontainermanager.properties,hadoop-metrics2.properties
2019-10-02 19:50:00,275 [main] INFO  impl.MetricsSystemImpl (MetricsSystemImpl.java:startTimer(374)) - Scheduled Metric snapshot period at 10 second(s).
2019-10-02 19:50:00,275 [main] INFO  impl.MetricsSystemImpl (MetricsSystemImpl.java:start(191)) - StorageContainerManager metrics system started
2019-10-02 19:50:00,347 [main] WARN  impl.MetricsSystemImpl (MetricsSystemImpl.java:register(276)) - Sink prometheus already exists!
2019-10-02 19:50:00,441 [main] INFO  server.SCMClientProtocolServer (SCMClientProtocolServer.java:start(150)) - RPC server for Client  is listening at /0.0.0.0:33373
2019-10-02 19:50:00,441 [IPC Server Responder] INFO  ipc.Server (Server.java:run(1314)) - IPC Server Responder: starting
2019-10-02 19:50:00,441 [IPC Server listener on 33373] INFO  ipc.Server (Server.java:run(1153)) - IPC Server listener on 33373: starting
2019-10-02 19:50:00,448 [main] INFO  server.StorageContainerManager (StorageContainerManager.java:start(780)) - ScmBlockLocationProtocol RPC server is listening at /0.0.0.0:44056
2019-10-02 19:50:00,448 [main] INFO  server.SCMBlockProtocolServer (SCMBlockProtocolServer.java:start(146)) - RPC server for Block Protocol is listening at /0.0.0.0:44056
2019-10-02 19:50:00,448 [IPC Server Responder] INFO  ipc.Server (Server.java:run(1314)) - IPC Server Responder: starting
2019-10-02 19:50:00,448 [IPC Server listener on 44056] INFO  ipc.Server (Server.java:run(1153)) - IPC Server listener on 44056: starting
2019-10-02 19:50:00,451 [main] INFO  server.StorageContainerManager (StorageContainerManager.java:start(784)) - ScmDatanodeProtocl RPC server is listening at /0.0.0.0:45368
2019-10-02 19:50:00,451 [main] INFO  server.SCMDatanodeProtocolServer (SCMDatanodeProtocolServer.java:start(191)) - RPC server for DataNodes is listening at /0.0.0.0:45368
2019-10-02 19:50:00,451 [IPC Server Responder] INFO  ipc.Server (Server.java:run(1314)) - IPC Server Responder: starting
2019-10-02 19:50:00,452 [IPC Server listener on 45368] INFO  ipc.Server (Server.java:run(1153)) - IPC Server listener on 45368: starting
2019-10-02 19:50:00,454 [main] INFO  http.HttpServer2 (HttpServer2.java:bindListener(1191)) - Jetty bound to port 34243
2019-10-02 19:50:00,454 [main] INFO  server.Server (Server.java:doStart(351)) - jetty-9.3.25.v20180904, build timestamp: 2018-09-04T21:11:46Z, git hash: 3ce520221d0240229c862b122d2b06c12a625732
2019-10-02 19:50:00,455 [main] INFO  handler.ContextHandler (ContextHandler.java:doStart(781)) - Started o.e.j.s.ServletContextHandler@29962b2f{/logs,file:///workdir/hadoop-ozone/integration-test/target/log,AVAILABLE}
2019-10-02 19:50:00,456 [main] INFO  handler.ContextHandler (ContextHandler.java:doStart(781)) - Started o.e.j.s.ServletContextHandler@691541bc{/static,file:///workdir/hadoop-ozone/integration-test/target/test-classes/webapps/static,AVAILABLE}
2019-10-02 19:50:00,459 [main] INFO  handler.ContextHandler (ContextHandler.java:doStart(781)) - Started o.e.j.w.WebAppContext@1edccfd4{/,file:///workdir/hadoop-ozone/integration-test/target/test-classes/webapps/scm/,AVAILABLE}{/scm}
2019-10-02 19:50:00,460 [main] INFO  server.AbstractConnector (AbstractConnector.java:doStart(278)) - Started ServerConnector@8c43966{HTTP/1.1,[http/1.1]}{0.0.0.0:34243}
2019-10-02 19:50:00,461 [main] INFO  server.Server (Server.java:doStart(419)) - Started @227626ms
2019-10-02 19:50:00,461 [main] WARN  impl.MetricsSystemImpl (MetricsSystemImpl.java:register(276)) - Sink prometheus already exists!
2019-10-02 19:50:00,461 [main] INFO  server.BaseHttpServer (BaseHttpServer.java:updateConnectorAddress(215)) - HTTP server of SCM is listening at http://0.0.0.0:34243
2019-10-02 19:50:00,463 [main] WARN  server.ServerUtils (ServerUtils.java:getDBPath(222)) - ozone.om.db.dirs is not configured. We recommend adding this setting. Falling back to ozone.metadata.dirs instead.
2019-10-02 19:50:00,463 [org.apache.hadoop.util.JvmPauseMonitor$Monitor@11a3a45f] INFO  util.JvmPauseMonitor (JvmPauseMonitor.java:run(188)) - Starting JVM pause monitor
2019-10-02 19:50:00,488 [main] WARN  server.ServerUtils (ServerUtils.java:getDBPath(222)) - ozone.om.db.dirs is not configured. We recommend adding this setting. Falling back to ozone.metadata.dirs instead.
2019-10-02 19:50:00,489 [main] WARN  server.ServerUtils (ServerUtils.java:getDBPath(222)) - ozone.om.db.dirs is not configured. We recommend adding this setting. Falling back to ozone.metadata.dirs instead.
2019-10-02 19:50:00,489 [main] INFO  om.OzoneManager (OzoneManager.java:setOMNodeDetails(652)) - OM Service ID is not set. Setting it to the default ID: omServiceIdDefault
2019-10-02 19:50:00,490 [main] INFO  om.OzoneManager (OzoneManager.java:setOMNodeDetails(658)) - OM Node ID is not set. Setting it to the OmStorage's OmID: c22875f2-db2e-44e5-9aa3-fdd4e4651680
2019-10-02 19:50:00,490 [main] INFO  om.OzoneManager (OzoneManager.java:loadOMHAConfigs(609)) - Found matching OM address with OMServiceId: null, OMNodeId: null, RPC Address: localhost:0 and Ratis port: 9872
2019-10-02 19:50:00,498 [main] WARN  server.ServerUtils (ServerUtils.java:getDBPath(222)) - ozone.om.db.dirs is not configured. We recommend adding this setting. Falling back to ozone.metadata.dirs instead.
2019-10-02 19:50:00,499 [main] INFO  db.DBStoreBuilder (DBStoreBuilder.java:addTable(110)) - using custom profile for table: userTable
2019-10-02 19:50:00,499 [main] INFO  db.DBStoreBuilder (DBStoreBuilder.java:processTables(161)) - Using default column profile:DBProfile.DISK for Table:userTable
2019-10-02 19:50:00,499 [main] INFO  db.DBStoreBuilder (DBStoreBuilder.java:addTable(110)) - using custom profile for table: volumeTable
2019-10-02 19:50:00,499 [main] INFO  db.DBStoreBuilder (DBStoreBuilder.java:processTables(161)) - Using default column profile:DBProfile.DISK for Table:volumeTable
2019-10-02 19:50:00,500 [main] INFO  db.DBStoreBuilder (DBStoreBuilder.java:addTable(110)) - using custom profile for table: bucketTable
2019-10-02 19:50:00,500 [main] INFO  db.DBStoreBuilder (DBStoreBuilder.java:processTables(161)) - Using default column profile:DBProfile.DISK for Table:bucketTable
2019-10-02 19:50:00,500 [main] INFO  db.DBStoreBuilder (DBStoreBuilder.java:addTable(110)) - using custom profile for table: keyTable
2019-10-02 19:50:00,500 [main] INFO  db.DBStoreBuilder (DBStoreBuilder.java:processTables(161)) - Using default column profile:DBProfile.DISK for Table:keyTable
2019-10-02 19:50:00,501 [main] INFO  db.DBStoreBuilder (DBStoreBuilder.java:addTable(110)) - using custom profile for table: deletedTable
2019-10-02 19:50:00,501 [main] INFO  db.DBStoreBuilder (DBStoreBuilder.java:processTables(161)) - Using default column profile:DBProfile.DISK for Table:deletedTable
2019-10-02 19:50:00,501 [main] INFO  db.DBStoreBuilder (DBStoreBuilder.java:addTable(110)) - using custom profile for table: openKeyTable
2019-10-02 19:50:00,501 [main] INFO  db.DBStoreBuilder (DBStoreBuilder.java:processTables(161)) - Using default column profile:DBProfile.DISK for Table:openKeyTable
2019-10-02 19:50:00,502 [main] INFO  db.DBStoreBuilder (DBStoreBuilder.java:addTable(110)) - using custom profile for table: s3Table
2019-10-02 19:50:00,502 [main] INFO  db.DBStoreBuilder (DBStoreBuilder.java:processTables(161)) - Using default column profile:DBProfile.DISK for Table:s3Table
2019-10-02 19:50:00,502 [main] INFO  db.DBStoreBuilder (DBStoreBuilder.java:addTable(110)) - using custom profile for table: multipartInfoTable
2019-10-02 19:50:00,502 [main] INFO  db.DBStoreBuilder (DBStoreBuilder.java:processTables(161)) - Using default column profile:DBProfile.DISK for Table:multipartInfoTable
2019-10-02 19:50:00,503 [main] INFO  db.DBStoreBuilder (DBStoreBuilder.java:addTable(110)) - using custom profile for table: dTokenTable
2019-10-02 19:50:00,503 [main] INFO  db.DBStoreBuilder (DBStoreBuilder.java:processTables(161)) - Using default column profile:DBProfile.DISK for Table:dTokenTable
2019-10-02 19:50:00,503 [main] INFO  db.DBStoreBuilder (DBStoreBuilder.java:addTable(110)) - using custom profile for table: s3SecretTable
2019-10-02 19:50:00,503 [main] INFO  db.DBStoreBuilder (DBStoreBuilder.java:processTables(161)) - Using default column profile:DBProfile.DISK for Table:s3SecretTable
2019-10-02 19:50:00,504 [main] INFO  db.DBStoreBuilder (DBStoreBuilder.java:addTable(110)) - using custom profile for table: prefixTable
2019-10-02 19:50:00,504 [main] INFO  db.DBStoreBuilder (DBStoreBuilder.java:processTables(161)) - Using default column profile:DBProfile.DISK for Table:prefixTable
2019-10-02 19:50:00,504 [main] INFO  db.DBStoreBuilder (DBStoreBuilder.java:addTable(110)) - using custom profile for table: default
2019-10-02 19:50:00,504 [main] INFO  db.DBStoreBuilder (DBStoreBuilder.java:processTables(167)) - Using default column profile:DBProfile.DISK for Table:default
2019-10-02 19:50:00,505 [main] INFO  db.DBStoreBuilder (DBStoreBuilder.java:getDbProfile(198)) - Using default options. DBProfile.DISK
2019-10-02 19:50:01,243 [main] INFO  ipc.CallQueueManager (CallQueueManager.java:<init>(84)) - Using callQueue: class java.util.concurrent.LinkedBlockingQueue, queueCapacity: 2000, scheduler: class org.apache.hadoop.ipc.DefaultRpcScheduler, ipcBackoff: false.
2019-10-02 19:50:01,244 [Socket Reader #1 for port 43238] INFO  ipc.Server (Server.java:run(1074)) - Starting Socket Reader #1 for port 43238
2019-10-02 19:50:01,258 [main] INFO  om.OzoneManager (OzoneManager.java:start(1243)) - OzoneManager RPC server is listening at localhost/127.0.0.1:43238
2019-10-02 19:50:01,258 [main] INFO  impl.MetricsSystemImpl (MetricsSystemImpl.java:init(158)) - OzoneManager metrics system started (again)
2019-10-02 19:50:01,259 [IPC Server Responder] INFO  ipc.Server (Server.java:run(1314)) - IPC Server Responder: starting
2019-10-02 19:50:01,259 [IPC Server listener on 43238] INFO  ipc.Server (Server.java:run(1153)) - IPC Server listener on 43238: starting
2019-10-02 19:50:01,264 [main] INFO  hdfs.DFSUtil (DFSUtil.java:httpServerTemplateForNNAndJN(1641)) - Starting Web-server for ozoneManager at: http://0.0.0.0:0
2019-10-02 19:50:01,266 [main] INFO  server.AuthenticationFilter (AuthenticationFilter.java:constructSecretProvider(240)) - Unable to initialize FileSignerSecretProvider, falling back to use random secrets.
2019-10-02 19:50:01,266 [main] WARN  http.HttpRequestLog (HttpRequestLog.java:getRequestLog(97)) - Jetty request log can only be enabled using Log4j
2019-10-02 19:50:01,269 [main] INFO  http.HttpServer2 (HttpServer2.java:addGlobalFilter(975)) - Added global filter 'safety' (class=org.apache.hadoop.http.HttpServer2$QuotingInputFilter)
2019-10-02 19:50:01,269 [main] INFO  http.HttpServer2 (HttpServer2.java:addFilter(948)) - Added filter static_user_filter (class=org.apache.hadoop.http.lib.StaticUserWebFilter$StaticUserFilter) to context ozoneManager
2019-10-02 19:50:01,270 [main] INFO  http.HttpServer2 (HttpServer2.java:addFilter(958)) - Added filter static_user_filter (class=org.apache.hadoop.http.lib.StaticUserWebFilter$StaticUserFilter) to context static
2019-10-02 19:50:01,270 [main] INFO  http.HttpServer2 (HttpServer2.java:addFilter(958)) - Added filter static_user_filter (class=org.apache.hadoop.http.lib.StaticUserWebFilter$StaticUserFilter) to context logs
2019-10-02 19:50:01,271 [main] INFO  http.HttpServer2 (HttpServer2.java:bindListener(1191)) - Jetty bound to port 42724
2019-10-02 19:50:01,271 [main] INFO  server.Server (Server.java:doStart(351)) - jetty-9.3.25.v20180904, build timestamp: 2018-09-04T21:11:46Z, git hash: 3ce520221d0240229c862b122d2b06c12a625732
2019-10-02 19:50:01,273 [main] INFO  handler.ContextHandler (ContextHandler.java:doStart(781)) - Started o.e.j.s.ServletContextHandler@6af65f29{/logs,file:///workdir/hadoop-ozone/integration-test/target/log,AVAILABLE}
2019-10-02 19:50:01,274 [main] INFO  handler.ContextHandler (ContextHandler.java:doStart(781)) - Started o.e.j.s.ServletContextHandler@3c81cd82{/static,file:///workdir/hadoop-ozone/integration-test/target/test-classes/webapps/static,AVAILABLE}
2019-10-02 19:50:01,279 [main] INFO  handler.ContextHandler (ContextHandler.java:doStart(781)) - Started o.e.j.w.WebAppContext@6897a4a{/,file:///workdir/hadoop-ozone/integration-test/target/test-classes/webapps/ozoneManager/,AVAILABLE}{/ozoneManager}
2019-10-02 19:50:01,280 [main] INFO  server.AbstractConnector (AbstractConnector.java:doStart(278)) - Started ServerConnector@6986f93e{HTTP/1.1,[http/1.1]}{0.0.0.0:42724}
2019-10-02 19:50:01,281 [main] INFO  server.Server (Server.java:doStart(419)) - Started @228447ms
2019-10-02 19:50:01,281 [main] WARN  impl.MetricsSystemImpl (MetricsSystemImpl.java:register(276)) - Sink prometheus already exists!
2019-10-02 19:50:01,282 [main] INFO  server.BaseHttpServer (BaseHttpServer.java:updateConnectorAddress(215)) - HTTP server of OZONEMANAGER is listening at http://0.0.0.0:42724
2019-10-02 19:50:01,304 [main] INFO  impl.MetricsSystemImpl (MetricsSystemImpl.java:init(158)) - HddsDatanode metrics system started (again)
2019-10-02 19:50:01,308 [main] INFO  ozone.HddsDatanodeService (HddsDatanodeService.java:start(184)) - HddsDatanodeService host:pr-hdds-2226-secures3-55zz4-4099447309 ip:192.168.30.8
2019-10-02 19:50:01,315 [main] INFO  volume.HddsVolume (HddsVolume.java:<init>(176)) - Creating Volume: /workdir/hadoop-ozone/integration-test/target/test-dir/MiniOzoneClusterImpl-e6381cb0-e569-48f2-8813-b93856510a3e/datanode-0/data/containers/hdds of  storage type : DISK and capacity : 1482555576320
2019-10-02 19:50:01,315 [main] INFO  volume.VolumeSet (VolumeSet.java:initializeVolumeSet(170)) - Added Volume : /workdir/hadoop-ozone/integration-test/target/test-dir/MiniOzoneClusterImpl-e6381cb0-e569-48f2-8813-b93856510a3e/datanode-0/data/containers/hdds to VolumeSet
2019-10-02 19:50:01,316 [main] INFO  volume.ThrottledAsyncChecker (ThrottledAsyncChecker.java:schedule(139)) - Scheduling a check for org.apache.hadoop.ozone.container.common.volume.HddsVolume@447fa959
2019-10-02 19:50:01,317 [main] INFO  volume.HddsVolumeChecker (HddsVolumeChecker.java:checkAllVolumes(202)) - Scheduled health check for volume org.apache.hadoop.ozone.container.common.volume.HddsVolume@447fa959
2019-10-02 19:50:01,332 [main] INFO  impl.RaftServerProxy (ConfUtils.java:logGet(43)) - raft.rpc.type = GRPC (default)
2019-10-02 19:50:01,332 [main] INFO  grpc.GrpcFactory (GrpcFactory.java:checkPooledByteBufAllocatorUseCacheForAllThreads(45)) - PERFORMANCE WARNING: useCacheForAllThreads is true that may cause Netty to create a lot garbage objects and, as a result, trigger GC.
	It is recommended to disable useCacheForAllThreads by setting -Dorg.apache.ratis.thirdparty.io.netty.allocator.useCacheForAllThreads=false in command line.
2019-10-02 19:50:01,332 [main] INFO  grpc.GrpcConfigKeys$Server (ConfUtils.java:logGet(43)) - raft.grpc.server.port = 0 (default)
2019-10-02 19:50:01,332 [main] INFO  server.GrpcService (ConfUtils.java:logGet(43)) - raft.grpc.message.size.max = 33570816 (custom)
2019-10-02 19:50:01,333 [main] INFO  server.RaftServerConfigKeys (ConfUtils.java:logGet(43)) - raft.server.log.appender.buffer.byte-limit = 33554432 (custom)
2019-10-02 19:50:01,333 [main] INFO  server.GrpcService (ConfUtils.java:logGet(43)) - raft.grpc.flow.control.window = 1MB (=1048576) (default)
2019-10-02 19:50:01,333 [main] INFO  server.RaftServerConfigKeys (ConfUtils.java:logGet(43)) - raft.server.rpc.request.timeout = 3000ms (default)
2019-10-02 19:50:01,334 [main] INFO  server.RaftServerConfigKeys (ConfUtils.java:logGet(43)) - raft.server.storage.dir = [/workdir/hadoop-ozone/integration-test/target/test-dir/MiniOzoneClusterImpl-e6381cb0-e569-48f2-8813-b93856510a3e/datanode-0/data/ratis] (custom)
2019-10-02 19:50:01,335 [main] INFO  hdfs.DFSUtil (DFSUtil.java:httpServerTemplateForNNAndJN(1641)) - Starting Web-server for hddsDatanode at: http://0.0.0.0:0
2019-10-02 19:50:01,337 [main] INFO  server.AuthenticationFilter (AuthenticationFilter.java:constructSecretProvider(240)) - Unable to initialize FileSignerSecretProvider, falling back to use random secrets.
2019-10-02 19:50:01,338 [main] WARN  http.HttpRequestLog (HttpRequestLog.java:getRequestLog(97)) - Jetty request log can only be enabled using Log4j
2019-10-02 19:50:01,339 [main] INFO  http.HttpServer2 (HttpServer2.java:addGlobalFilter(975)) - Added global filter 'safety' (class=org.apache.hadoop.http.HttpServer2$QuotingInputFilter)
2019-10-02 19:50:01,340 [main] INFO  http.HttpServer2 (HttpServer2.java:addFilter(948)) - Added filter static_user_filter (class=org.apache.hadoop.http.lib.StaticUserWebFilter$StaticUserFilter) to context hddsDatanode
2019-10-02 19:50:01,340 [main] INFO  http.HttpServer2 (HttpServer2.java:addFilter(958)) - Added filter static_user_filter (class=org.apache.hadoop.http.lib.StaticUserWebFilter$StaticUserFilter) to context logs
2019-10-02 19:50:01,340 [main] INFO  http.HttpServer2 (HttpServer2.java:addFilter(958)) - Added filter static_user_filter (class=org.apache.hadoop.http.lib.StaticUserWebFilter$StaticUserFilter) to context static
2019-10-02 19:50:01,341 [main] INFO  http.HttpServer2 (HttpServer2.java:bindListener(1191)) - Jetty bound to port 38049
2019-10-02 19:50:01,341 [main] INFO  server.Server (Server.java:doStart(351)) - jetty-9.3.25.v20180904, build timestamp: 2018-09-04T21:11:46Z, git hash: 3ce520221d0240229c862b122d2b06c12a625732
2019-10-02 19:50:01,343 [main] INFO  handler.ContextHandler (ContextHandler.java:doStart(781)) - Started o.e.j.s.ServletContextHandler@67328bcb{/logs,file:///workdir/hadoop-ozone/integration-test/target/log,AVAILABLE}
2019-10-02 19:50:01,343 [main] INFO  handler.ContextHandler (ContextHandler.java:doStart(781)) - Started o.e.j.s.ServletContextHandler@2416c658{/static,jar:file:/home/user/.m2/repository/org/apache/hadoop/hadoop-hdds-container-service/0.5.0-SNAPSHOT/hadoop-hdds-container-service-0.5.0-SNAPSHOT.jar!/webapps/static,AVAILABLE}
2019-10-02 19:50:01,378 [main] INFO  handler.ContextHandler (ContextHandler.java:doStart(781)) - Started o.e.j.w.WebAppContext@1cd2143b{/,file:///tmp/jetty-0.0.0.0-38049-hddsDatanode-_-any-361144368805932024.dir/webapp/,AVAILABLE}{/hddsDatanode}
2019-10-02 19:50:01,378 [main] INFO  server.AbstractConnector (AbstractConnector.java:doStart(278)) - Started ServerConnector@1118d539{HTTP/1.1,[http/1.1]}{0.0.0.0:38049}
2019-10-02 19:50:01,379 [main] INFO  server.Server (Server.java:doStart(419)) - Started @228545ms
2019-10-02 19:50:01,380 [main] WARN  impl.MetricsSystemImpl (MetricsSystemImpl.java:register(276)) - Sink prometheus already exists!
2019-10-02 19:50:01,380 [main] INFO  server.BaseHttpServer (BaseHttpServer.java:updateConnectorAddress(215)) - HTTP server of HDDSDATANODE is listening at http://0.0.0.0:38049
2019-10-02 19:50:01,381 [main] INFO  impl.MetricsSystemImpl (MetricsSystemImpl.java:init(158)) - HddsDatanode metrics system started (again)
2019-10-02 19:50:01,384 [org.apache.hadoop.util.JvmPauseMonitor$Monitor@52e22c77] INFO  util.JvmPauseMonitor (JvmPauseMonitor.java:run(188)) - Starting JVM pause monitor
2019-10-02 19:50:01,385 [main] INFO  ozone.HddsDatanodeService (HddsDatanodeService.java:start(184)) - HddsDatanodeService host:pr-hdds-2226-secures3-55zz4-4099447309 ip:192.168.30.8
2019-10-02 19:50:01,385 [Datanode State Machine Thread - 0] INFO  datanode.InitDatanodeState (InitDatanodeState.java:persistContainerDatanodeDetails(140)) - DatanodeDetails is persisted to /workdir/hadoop-ozone/integration-test/target/test-dir/MiniOzoneClusterImpl-e6381cb0-e569-48f2-8813-b93856510a3e/datanode-0/meta/datanode.id
2019-10-02 19:50:01,390 [main] INFO  volume.HddsVolume (HddsVolume.java:<init>(176)) - Creating Volume: /workdir/hadoop-ozone/integration-test/target/test-dir/MiniOzoneClusterImpl-e6381cb0-e569-48f2-8813-b93856510a3e/datanode-1/data/containers/hdds of  storage type : DISK and capacity : 1482555576320
2019-10-02 19:50:01,390 [main] INFO  volume.VolumeSet (VolumeSet.java:initializeVolumeSet(170)) - Added Volume : /workdir/hadoop-ozone/integration-test/target/test-dir/MiniOzoneClusterImpl-e6381cb0-e569-48f2-8813-b93856510a3e/datanode-1/data/containers/hdds to VolumeSet
2019-10-02 19:50:01,391 [main] INFO  volume.ThrottledAsyncChecker (ThrottledAsyncChecker.java:schedule(139)) - Scheduling a check for org.apache.hadoop.ozone.container.common.volume.HddsVolume@3fde2209
2019-10-02 19:50:01,391 [main] INFO  volume.HddsVolumeChecker (HddsVolumeChecker.java:checkAllVolumes(202)) - Scheduled health check for volume org.apache.hadoop.ozone.container.common.volume.HddsVolume@3fde2209
2019-10-02 19:50:01,407 [main] INFO  impl.RaftServerProxy (ConfUtils.java:logGet(43)) - raft.rpc.type = GRPC (default)
2019-10-02 19:50:01,407 [main] INFO  grpc.GrpcFactory (GrpcFactory.java:checkPooledByteBufAllocatorUseCacheForAllThreads(45)) - PERFORMANCE WARNING: useCacheForAllThreads is true that may cause Netty to create a lot garbage objects and, as a result, trigger GC.
	It is recommended to disable useCacheForAllThreads by setting -Dorg.apache.ratis.thirdparty.io.netty.allocator.useCacheForAllThreads=false in command line.
2019-10-02 19:50:01,407 [main] INFO  grpc.GrpcConfigKeys$Server (ConfUtils.java:logGet(43)) - raft.grpc.server.port = 0 (default)
2019-10-02 19:50:01,407 [main] INFO  server.GrpcService (ConfUtils.java:logGet(43)) - raft.grpc.message.size.max = 33570816 (custom)
2019-10-02 19:50:01,408 [main] INFO  server.RaftServerConfigKeys (ConfUtils.java:logGet(43)) - raft.server.log.appender.buffer.byte-limit = 33554432 (custom)
2019-10-02 19:50:01,408 [main] INFO  server.GrpcService (ConfUtils.java:logGet(43)) - raft.grpc.flow.control.window = 1MB (=1048576) (default)
2019-10-02 19:50:01,408 [main] INFO  server.RaftServerConfigKeys (ConfUtils.java:logGet(43)) - raft.server.rpc.request.timeout = 3000ms (default)
2019-10-02 19:50:01,409 [main] INFO  server.RaftServerConfigKeys (ConfUtils.java:logGet(43)) - raft.server.storage.dir = [/workdir/hadoop-ozone/integration-test/target/test-dir/MiniOzoneClusterImpl-e6381cb0-e569-48f2-8813-b93856510a3e/datanode-1/data/ratis] (custom)
2019-10-02 19:50:01,410 [main] INFO  hdfs.DFSUtil (DFSUtil.java:httpServerTemplateForNNAndJN(1641)) - Starting Web-server for hddsDatanode at: http://0.0.0.0:0
2019-10-02 19:50:01,413 [main] INFO  server.AuthenticationFilter (AuthenticationFilter.java:constructSecretProvider(240)) - Unable to initialize FileSignerSecretProvider, falling back to use random secrets.
2019-10-02 19:50:01,413 [main] WARN  http.HttpRequestLog (HttpRequestLog.java:getRequestLog(97)) - Jetty request log can only be enabled using Log4j
2019-10-02 19:50:01,415 [main] INFO  http.HttpServer2 (HttpServer2.java:addGlobalFilter(975)) - Added global filter 'safety' (class=org.apache.hadoop.http.HttpServer2$QuotingInputFilter)
2019-10-02 19:50:01,416 [main] INFO  http.HttpServer2 (HttpServer2.java:addFilter(948)) - Added filter static_user_filter (class=org.apache.hadoop.http.lib.StaticUserWebFilter$StaticUserFilter) to context hddsDatanode
2019-10-02 19:50:01,416 [main] INFO  http.HttpServer2 (HttpServer2.java:addFilter(958)) - Added filter static_user_filter (class=org.apache.hadoop.http.lib.StaticUserWebFilter$StaticUserFilter) to context logs
2019-10-02 19:50:01,417 [main] INFO  http.HttpServer2 (HttpServer2.java:addFilter(958)) - Added filter static_user_filter (class=org.apache.hadoop.http.lib.StaticUserWebFilter$StaticUserFilter) to context static
2019-10-02 19:50:01,418 [main] INFO  http.HttpServer2 (HttpServer2.java:bindListener(1191)) - Jetty bound to port 45269
2019-10-02 19:50:01,418 [main] INFO  server.Server (Server.java:doStart(351)) - jetty-9.3.25.v20180904, build timestamp: 2018-09-04T21:11:46Z, git hash: 3ce520221d0240229c862b122d2b06c12a625732
2019-10-02 19:50:01,420 [main] INFO  handler.ContextHandler (ContextHandler.java:doStart(781)) - Started o.e.j.s.ServletContextHandler@33ec2c0c{/logs,file:///workdir/hadoop-ozone/integration-test/target/log,AVAILABLE}
2019-10-02 19:50:01,421 [main] INFO  handler.ContextHandler (ContextHandler.java:doStart(781)) - Started o.e.j.s.ServletContextHandler@3887c7d7{/static,jar:file:/home/user/.m2/repository/org/apache/hadoop/hadoop-hdds-container-service/0.5.0-SNAPSHOT/hadoop-hdds-container-service-0.5.0-SNAPSHOT.jar!/webapps/static,AVAILABLE}
2019-10-02 19:50:01,458 [main] INFO  handler.ContextHandler (ContextHandler.java:doStart(781)) - Started o.e.j.w.WebAppContext@7b96de8d{/,file:///tmp/jetty-0.0.0.0-45269-hddsDatanode-_-any-6719796693530706840.dir/webapp/,AVAILABLE}{/hddsDatanode}
2019-10-02 19:50:01,458 [main] INFO  server.AbstractConnector (AbstractConnector.java:doStart(278)) - Started ServerConnector@7ccd611e{HTTP/1.1,[http/1.1]}{0.0.0.0:45269}
2019-10-02 19:50:01,459 [main] INFO  server.Server (Server.java:doStart(419)) - Started @228625ms
2019-10-02 19:50:01,459 [main] WARN  impl.MetricsSystemImpl (MetricsSystemImpl.java:register(276)) - Sink prometheus already exists!
2019-10-02 19:50:01,460 [main] INFO  server.BaseHttpServer (BaseHttpServer.java:updateConnectorAddress(215)) - HTTP server of HDDSDATANODE is listening at http://0.0.0.0:45269
2019-10-02 19:50:01,460 [main] INFO  impl.MetricsSystemImpl (MetricsSystemImpl.java:init(158)) - HddsDatanode metrics system started (again)
2019-10-02 19:50:01,464 [org.apache.hadoop.util.JvmPauseMonitor$Monitor@295c8ba5] INFO  util.JvmPauseMonitor (JvmPauseMonitor.java:run(188)) - Starting JVM pause monitor
2019-10-02 19:50:01,464 [main] INFO  ozone.HddsDatanodeService (HddsDatanodeService.java:start(184)) - HddsDatanodeService host:pr-hdds-2226-secures3-55zz4-4099447309 ip:192.168.30.8
2019-10-02 19:50:01,465 [Datanode State Machine Thread - 0] INFO  datanode.InitDatanodeState (InitDatanodeState.java:persistContainerDatanodeDetails(140)) - DatanodeDetails is persisted to /workdir/hadoop-ozone/integration-test/target/test-dir/MiniOzoneClusterImpl-e6381cb0-e569-48f2-8813-b93856510a3e/datanode-1/meta/datanode.id
2019-10-02 19:50:01,469 [main] INFO  volume.HddsVolume (HddsVolume.java:<init>(176)) - Creating Volume: /workdir/hadoop-ozone/integration-test/target/test-dir/MiniOzoneClusterImpl-e6381cb0-e569-48f2-8813-b93856510a3e/datanode-2/data/containers/hdds of  storage type : DISK and capacity : 1482555576320
2019-10-02 19:50:01,469 [main] INFO  volume.VolumeSet (VolumeSet.java:initializeVolumeSet(170)) - Added Volume : /workdir/hadoop-ozone/integration-test/target/test-dir/MiniOzoneClusterImpl-e6381cb0-e569-48f2-8813-b93856510a3e/datanode-2/data/containers/hdds to VolumeSet
2019-10-02 19:50:01,470 [main] INFO  volume.ThrottledAsyncChecker (ThrottledAsyncChecker.java:schedule(139)) - Scheduling a check for org.apache.hadoop.ozone.container.common.volume.HddsVolume@2e6d76ba
2019-10-02 19:50:01,470 [main] INFO  volume.HddsVolumeChecker (HddsVolumeChecker.java:checkAllVolumes(202)) - Scheduled health check for volume org.apache.hadoop.ozone.container.common.volume.HddsVolume@2e6d76ba
2019-10-02 19:50:01,481 [main] INFO  impl.RaftServerProxy (ConfUtils.java:logGet(43)) - raft.rpc.type = GRPC (default)
2019-10-02 19:50:01,481 [main] INFO  grpc.GrpcFactory (GrpcFactory.java:checkPooledByteBufAllocatorUseCacheForAllThreads(45)) - PERFORMANCE WARNING: useCacheForAllThreads is true that may cause Netty to create a lot garbage objects and, as a result, trigger GC.
	It is recommended to disable useCacheForAllThreads by setting -Dorg.apache.ratis.thirdparty.io.netty.allocator.useCacheForAllThreads=false in command line.
2019-10-02 19:50:01,482 [main] INFO  grpc.GrpcConfigKeys$Server (ConfUtils.java:logGet(43)) - raft.grpc.server.port = 0 (default)
2019-10-02 19:50:01,482 [main] INFO  server.GrpcService (ConfUtils.java:logGet(43)) - raft.grpc.message.size.max = 33570816 (custom)
2019-10-02 19:50:01,482 [main] INFO  server.RaftServerConfigKeys (ConfUtils.java:logGet(43)) - raft.server.log.appender.buffer.byte-limit = 33554432 (custom)
2019-10-02 19:50:01,482 [main] INFO  server.GrpcService (ConfUtils.java:logGet(43)) - raft.grpc.flow.control.window = 1MB (=1048576) (default)
2019-10-02 19:50:01,482 [main] INFO  server.RaftServerConfigKeys (ConfUtils.java:logGet(43)) - raft.server.rpc.request.timeout = 3000ms (default)
2019-10-02 19:50:01,483 [main] INFO  server.RaftServerConfigKeys (ConfUtils.java:logGet(43)) - raft.server.storage.dir = [/workdir/hadoop-ozone/integration-test/target/test-dir/MiniOzoneClusterImpl-e6381cb0-e569-48f2-8813-b93856510a3e/datanode-2/data/ratis] (custom)
2019-10-02 19:50:01,484 [main] INFO  hdfs.DFSUtil (DFSUtil.java:httpServerTemplateForNNAndJN(1641)) - Starting Web-server for hddsDatanode at: http://0.0.0.0:0
2019-10-02 19:50:01,485 [main] INFO  server.AuthenticationFilter (AuthenticationFilter.java:constructSecretProvider(240)) - Unable to initialize FileSignerSecretProvider, falling back to use random secrets.
2019-10-02 19:50:01,485 [main] WARN  http.HttpRequestLog (HttpRequestLog.java:getRequestLog(97)) - Jetty request log can only be enabled using Log4j
2019-10-02 19:50:01,486 [main] INFO  http.HttpServer2 (HttpServer2.java:addGlobalFilter(975)) - Added global filter 'safety' (class=org.apache.hadoop.http.HttpServer2$QuotingInputFilter)
2019-10-02 19:50:01,487 [main] INFO  http.HttpServer2 (HttpServer2.java:addFilter(948)) - Added filter static_user_filter (class=org.apache.hadoop.http.lib.StaticUserWebFilter$StaticUserFilter) to context hddsDatanode
2019-10-02 19:50:01,487 [main] INFO  http.HttpServer2 (HttpServer2.java:addFilter(958)) - Added filter static_user_filter (class=org.apache.hadoop.http.lib.StaticUserWebFilter$StaticUserFilter) to context static
2019-10-02 19:50:01,487 [main] INFO  http.HttpServer2 (HttpServer2.java:addFilter(958)) - Added filter static_user_filter (class=org.apache.hadoop.http.lib.StaticUserWebFilter$StaticUserFilter) to context logs
2019-10-02 19:50:01,488 [main] INFO  http.HttpServer2 (HttpServer2.java:bindListener(1191)) - Jetty bound to port 43087
2019-10-02 19:50:01,488 [main] INFO  server.Server (Server.java:doStart(351)) - jetty-9.3.25.v20180904, build timestamp: 2018-09-04T21:11:46Z, git hash: 3ce520221d0240229c862b122d2b06c12a625732
2019-10-02 19:50:01,489 [main] INFO  handler.ContextHandler (ContextHandler.java:doStart(781)) - Started o.e.j.s.ServletContextHandler@691567ea{/logs,file:///workdir/hadoop-ozone/integration-test/target/log,AVAILABLE}
2019-10-02 19:50:01,490 [main] INFO  handler.ContextHandler (ContextHandler.java:doStart(781)) - Started o.e.j.s.ServletContextHandler@5c8d58ed{/static,jar:file:/home/user/.m2/repository/org/apache/hadoop/hadoop-hdds-container-service/0.5.0-SNAPSHOT/hadoop-hdds-container-service-0.5.0-SNAPSHOT.jar!/webapps/static,AVAILABLE}
2019-10-02 19:50:01,515 [main] INFO  handler.ContextHandler (ContextHandler.java:doStart(781)) - Started o.e.j.w.WebAppContext@61359e87{/,file:///tmp/jetty-0.0.0.0-43087-hddsDatanode-_-any-6867032227816505986.dir/webapp/,AVAILABLE}{/hddsDatanode}
2019-10-02 19:50:01,515 [main] INFO  server.AbstractConnector (AbstractConnector.java:doStart(278)) - Started ServerConnector@2dc39b53{HTTP/1.1,[http/1.1]}{0.0.0.0:43087}
2019-10-02 19:50:01,516 [main] INFO  server.Server (Server.java:doStart(419)) - Started @228682ms
2019-10-02 19:50:01,517 [main] WARN  impl.MetricsSystemImpl (MetricsSystemImpl.java:register(276)) - Sink prometheus already exists!
2019-10-02 19:50:01,517 [main] INFO  server.BaseHttpServer (BaseHttpServer.java:updateConnectorAddress(215)) - HTTP server of HDDSDATANODE is listening at http://0.0.0.0:43087
2019-10-02 19:50:01,517 [main] INFO  impl.MetricsSystemImpl (MetricsSystemImpl.java:init(158)) - HddsDatanode metrics system started (again)
2019-10-02 19:50:01,521 [org.apache.hadoop.util.JvmPauseMonitor$Monitor@7ec30fc3] INFO  util.JvmPauseMonitor (JvmPauseMonitor.java:run(188)) - Starting JVM pause monitor
2019-10-02 19:50:01,521 [main] INFO  ozone.HddsDatanodeService (HddsDatanodeService.java:start(184)) - HddsDatanodeService host:pr-hdds-2226-secures3-55zz4-4099447309 ip:192.168.30.8
2019-10-02 19:50:01,521 [Datanode State Machine Thread - 0] INFO  datanode.InitDatanodeState (InitDatanodeState.java:persistContainerDatanodeDetails(140)) - DatanodeDetails is persisted to /workdir/hadoop-ozone/integration-test/target/test-dir/MiniOzoneClusterImpl-e6381cb0-e569-48f2-8813-b93856510a3e/datanode-2/meta/datanode.id
2019-10-02 19:50:01,526 [main] INFO  volume.HddsVolume (HddsVolume.java:<init>(176)) - Creating Volume: /workdir/hadoop-ozone/integration-test/target/test-dir/MiniOzoneClusterImpl-e6381cb0-e569-48f2-8813-b93856510a3e/datanode-3/data/containers/hdds of  storage type : DISK and capacity : 1482555576320
2019-10-02 19:50:01,526 [main] INFO  volume.VolumeSet (VolumeSet.java:initializeVolumeSet(170)) - Added Volume : /workdir/hadoop-ozone/integration-test/target/test-dir/MiniOzoneClusterImpl-e6381cb0-e569-48f2-8813-b93856510a3e/datanode-3/data/containers/hdds to VolumeSet
2019-10-02 19:50:01,526 [main] INFO  volume.ThrottledAsyncChecker (ThrottledAsyncChecker.java:schedule(139)) - Scheduling a check for org.apache.hadoop.ozone.container.common.volume.HddsVolume@37606fee
2019-10-02 19:50:01,526 [main] INFO  volume.HddsVolumeChecker (HddsVolumeChecker.java:checkAllVolumes(202)) - Scheduled health check for volume org.apache.hadoop.ozone.container.common.volume.HddsVolume@37606fee
2019-10-02 19:50:01,538 [main] INFO  impl.RaftServerProxy (ConfUtils.java:logGet(43)) - raft.rpc.type = GRPC (default)
2019-10-02 19:50:01,539 [main] INFO  grpc.GrpcFactory (GrpcFactory.java:checkPooledByteBufAllocatorUseCacheForAllThreads(45)) - PERFORMANCE WARNING: useCacheForAllThreads is true that may cause Netty to create a lot garbage objects and, as a result, trigger GC.
	It is recommended to disable useCacheForAllThreads by setting -Dorg.apache.ratis.thirdparty.io.netty.allocator.useCacheForAllThreads=false in command line.
2019-10-02 19:50:01,539 [main] INFO  grpc.GrpcConfigKeys$Server (ConfUtils.java:logGet(43)) - raft.grpc.server.port = 0 (default)
2019-10-02 19:50:01,539 [main] INFO  server.GrpcService (ConfUtils.java:logGet(43)) - raft.grpc.message.size.max = 33570816 (custom)
2019-10-02 19:50:01,539 [main] INFO  server.RaftServerConfigKeys (ConfUtils.java:logGet(43)) - raft.server.log.appender.buffer.byte-limit = 33554432 (custom)
2019-10-02 19:50:01,539 [main] INFO  server.GrpcService (ConfUtils.java:logGet(43)) - raft.grpc.flow.control.window = 1MB (=1048576) (default)
2019-10-02 19:50:01,539 [main] INFO  server.RaftServerConfigKeys (ConfUtils.java:logGet(43)) - raft.server.rpc.request.timeout = 3000ms (default)
2019-10-02 19:50:01,540 [main] INFO  server.RaftServerConfigKeys (ConfUtils.java:logGet(43)) - raft.server.storage.dir = [/workdir/hadoop-ozone/integration-test/target/test-dir/MiniOzoneClusterImpl-e6381cb0-e569-48f2-8813-b93856510a3e/datanode-3/data/ratis] (custom)
2019-10-02 19:50:01,541 [main] INFO  hdfs.DFSUtil (DFSUtil.java:httpServerTemplateForNNAndJN(1641)) - Starting Web-server for hddsDatanode at: http://0.0.0.0:0
2019-10-02 19:50:01,542 [main] INFO  server.AuthenticationFilter (AuthenticationFilter.java:constructSecretProvider(240)) - Unable to initialize FileSignerSecretProvider, falling back to use random secrets.
2019-10-02 19:50:01,542 [main] WARN  http.HttpRequestLog (HttpRequestLog.java:getRequestLog(97)) - Jetty request log can only be enabled using Log4j
2019-10-02 19:50:01,543 [main] INFO  http.HttpServer2 (HttpServer2.java:addGlobalFilter(975)) - Added global filter 'safety' (class=org.apache.hadoop.http.HttpServer2$QuotingInputFilter)
2019-10-02 19:50:01,544 [main] INFO  http.HttpServer2 (HttpServer2.java:addFilter(948)) - Added filter static_user_filter (class=org.apache.hadoop.http.lib.StaticUserWebFilter$StaticUserFilter) to context hddsDatanode
2019-10-02 19:50:01,544 [main] INFO  http.HttpServer2 (HttpServer2.java:addFilter(958)) - Added filter static_user_filter (class=org.apache.hadoop.http.lib.StaticUserWebFilter$StaticUserFilter) to context logs
2019-10-02 19:50:01,544 [main] INFO  http.HttpServer2 (HttpServer2.java:addFilter(958)) - Added filter static_user_filter (class=org.apache.hadoop.http.lib.StaticUserWebFilter$StaticUserFilter) to context static
2019-10-02 19:50:01,544 [main] INFO  http.HttpServer2 (HttpServer2.java:bindListener(1191)) - Jetty bound to port 35513
2019-10-02 19:50:01,545 [main] INFO  server.Server (Server.java:doStart(351)) - jetty-9.3.25.v20180904, build timestamp: 2018-09-04T21:11:46Z, git hash: 3ce520221d0240229c862b122d2b06c12a625732
2019-10-02 19:50:01,546 [main] INFO  handler.ContextHandler (ContextHandler.java:doStart(781)) - Started o.e.j.s.ServletContextHandler@4b7ed03e{/logs,file:///workdir/hadoop-ozone/integration-test/target/log,AVAILABLE}
2019-10-02 19:50:01,546 [main] INFO  handler.ContextHandler (ContextHandler.java:doStart(781)) - Started o.e.j.s.ServletContextHandler@6f91fbda{/static,jar:file:/home/user/.m2/repository/org/apache/hadoop/hadoop-hdds-container-service/0.5.0-SNAPSHOT/hadoop-hdds-container-service-0.5.0-SNAPSHOT.jar!/webapps/static,AVAILABLE}
2019-10-02 19:50:01,571 [main] INFO  handler.ContextHandler (ContextHandler.java:doStart(781)) - Started o.e.j.w.WebAppContext@599f1b7{/,file:///tmp/jetty-0.0.0.0-35513-hddsDatanode-_-any-3222682629755999925.dir/webapp/,AVAILABLE}{/hddsDatanode}
2019-10-02 19:50:01,571 [main] INFO  server.AbstractConnector (AbstractConnector.java:doStart(278)) - Started ServerConnector@22791b75{HTTP/1.1,[http/1.1]}{0.0.0.0:35513}
2019-10-02 19:50:01,573 [main] INFO  server.Server (Server.java:doStart(419)) - Started @228738ms
2019-10-02 19:50:01,573 [main] WARN  impl.MetricsSystemImpl (MetricsSystemImpl.java:register(276)) - Sink prometheus already exists!
2019-10-02 19:50:01,573 [main] INFO  server.BaseHttpServer (BaseHttpServer.java:updateConnectorAddress(215)) - HTTP server of HDDSDATANODE is listening at http://0.0.0.0:35513
2019-10-02 19:50:01,573 [main] INFO  impl.MetricsSystemImpl (MetricsSystemImpl.java:init(158)) - HddsDatanode metrics system started (again)
2019-10-02 19:50:01,577 [org.apache.hadoop.util.JvmPauseMonitor$Monitor@8bd737a] INFO  util.JvmPauseMonitor (JvmPauseMonitor.java:run(188)) - Starting JVM pause monitor
2019-10-02 19:50:01,578 [main] INFO  ozone.HddsDatanodeService (HddsDatanodeService.java:start(184)) - HddsDatanodeService host:pr-hdds-2226-secures3-55zz4-4099447309 ip:192.168.30.8
2019-10-02 19:50:01,578 [Datanode State Machine Thread - 0] INFO  datanode.InitDatanodeState (InitDatanodeState.java:persistContainerDatanodeDetails(140)) - DatanodeDetails is persisted to /workdir/hadoop-ozone/integration-test/target/test-dir/MiniOzoneClusterImpl-e6381cb0-e569-48f2-8813-b93856510a3e/datanode-3/meta/datanode.id
2019-10-02 19:50:01,583 [main] INFO  volume.HddsVolume (HddsVolume.java:<init>(176)) - Creating Volume: /workdir/hadoop-ozone/integration-test/target/test-dir/MiniOzoneClusterImpl-e6381cb0-e569-48f2-8813-b93856510a3e/datanode-4/data/containers/hdds of  storage type : DISK and capacity : 1482555576320
2019-10-02 19:50:01,583 [main] INFO  volume.VolumeSet (VolumeSet.java:initializeVolumeSet(170)) - Added Volume : /workdir/hadoop-ozone/integration-test/target/test-dir/MiniOzoneClusterImpl-e6381cb0-e569-48f2-8813-b93856510a3e/datanode-4/data/containers/hdds to VolumeSet
2019-10-02 19:50:01,583 [main] INFO  volume.ThrottledAsyncChecker (ThrottledAsyncChecker.java:schedule(139)) - Scheduling a check for org.apache.hadoop.ozone.container.common.volume.HddsVolume@1a914089
2019-10-02 19:50:01,583 [main] INFO  volume.HddsVolumeChecker (HddsVolumeChecker.java:checkAllVolumes(202)) - Scheduled health check for volume org.apache.hadoop.ozone.container.common.volume.HddsVolume@1a914089
2019-10-02 19:50:01,595 [main] INFO  impl.RaftServerProxy (ConfUtils.java:logGet(43)) - raft.rpc.type = GRPC (default)
2019-10-02 19:50:01,595 [main] INFO  grpc.GrpcFactory (GrpcFactory.java:checkPooledByteBufAllocatorUseCacheForAllThreads(45)) - PERFORMANCE WARNING: useCacheForAllThreads is true that may cause Netty to create a lot garbage objects and, as a result, trigger GC.
	It is recommended to disable useCacheForAllThreads by setting -Dorg.apache.ratis.thirdparty.io.netty.allocator.useCacheForAllThreads=false in command line.
2019-10-02 19:50:01,595 [main] INFO  grpc.GrpcConfigKeys$Server (ConfUtils.java:logGet(43)) - raft.grpc.server.port = 0 (default)
2019-10-02 19:50:01,595 [main] INFO  server.GrpcService (ConfUtils.java:logGet(43)) - raft.grpc.message.size.max = 33570816 (custom)
2019-10-02 19:50:01,596 [main] INFO  server.RaftServerConfigKeys (ConfUtils.java:logGet(43)) - raft.server.log.appender.buffer.byte-limit = 33554432 (custom)
2019-10-02 19:50:01,596 [main] INFO  server.GrpcService (ConfUtils.java:logGet(43)) - raft.grpc.flow.control.window = 1MB (=1048576) (default)
2019-10-02 19:50:01,596 [main] INFO  server.RaftServerConfigKeys (ConfUtils.java:logGet(43)) - raft.server.rpc.request.timeout = 3000ms (default)
2019-10-02 19:50:01,596 [main] INFO  server.RaftServerConfigKeys (ConfUtils.java:logGet(43)) - raft.server.storage.dir = [/workdir/hadoop-ozone/integration-test/target/test-dir/MiniOzoneClusterImpl-e6381cb0-e569-48f2-8813-b93856510a3e/datanode-4/data/ratis] (custom)
2019-10-02 19:50:01,598 [main] INFO  hdfs.DFSUtil (DFSUtil.java:httpServerTemplateForNNAndJN(1641)) - Starting Web-server for hddsDatanode at: http://0.0.0.0:0
2019-10-02 19:50:01,599 [main] INFO  server.AuthenticationFilter (AuthenticationFilter.java:constructSecretProvider(240)) - Unable to initialize FileSignerSecretProvider, falling back to use random secrets.
2019-10-02 19:50:01,599 [main] WARN  http.HttpRequestLog (HttpRequestLog.java:getRequestLog(97)) - Jetty request log can only be enabled using Log4j
2019-10-02 19:50:01,600 [main] INFO  http.HttpServer2 (HttpServer2.java:addGlobalFilter(975)) - Added global filter 'safety' (class=org.apache.hadoop.http.HttpServer2$QuotingInputFilter)
2019-10-02 19:50:01,601 [main] INFO  http.HttpServer2 (HttpServer2.java:addFilter(948)) - Added filter static_user_filter (class=org.apache.hadoop.http.lib.StaticUserWebFilter$StaticUserFilter) to context hddsDatanode
2019-10-02 19:50:01,601 [main] INFO  http.HttpServer2 (HttpServer2.java:addFilter(958)) - Added filter static_user_filter (class=org.apache.hadoop.http.lib.StaticUserWebFilter$StaticUserFilter) to context static
2019-10-02 19:50:01,601 [main] INFO  http.HttpServer2 (HttpServer2.java:addFilter(958)) - Added filter static_user_filter (class=org.apache.hadoop.http.lib.StaticUserWebFilter$StaticUserFilter) to context logs
2019-10-02 19:50:01,602 [main] INFO  http.HttpServer2 (HttpServer2.java:bindListener(1191)) - Jetty bound to port 39370
2019-10-02 19:50:01,602 [main] INFO  server.Server (Server.java:doStart(351)) - jetty-9.3.25.v20180904, build timestamp: 2018-09-04T21:11:46Z, git hash: 3ce520221d0240229c862b122d2b06c12a625732
2019-10-02 19:50:01,603 [main] INFO  handler.ContextHandler (ContextHandler.java:doStart(781)) - Started o.e.j.s.ServletContextHandler@3002e397{/logs,file:///workdir/hadoop-ozone/integration-test/target/log,AVAILABLE}
2019-10-02 19:50:01,603 [main] INFO  handler.ContextHandler (ContextHandler.java:doStart(781)) - Started o.e.j.s.ServletContextHandler@38159384{/static,jar:file:/home/user/.m2/repository/org/apache/hadoop/hadoop-hdds-container-service/0.5.0-SNAPSHOT/hadoop-hdds-container-service-0.5.0-SNAPSHOT.jar!/webapps/static,AVAILABLE}
2019-10-02 19:50:01,630 [main] INFO  handler.ContextHandler (ContextHandler.java:doStart(781)) - Started o.e.j.w.WebAppContext@4584304{/,file:///tmp/jetty-0.0.0.0-39370-hddsDatanode-_-any-1777306487434588207.dir/webapp/,AVAILABLE}{/hddsDatanode}
2019-10-02 19:50:01,630 [main] INFO  server.AbstractConnector (AbstractConnector.java:doStart(278)) - Started ServerConnector@51888019{HTTP/1.1,[http/1.1]}{0.0.0.0:39370}
2019-10-02 19:50:01,632 [main] INFO  server.Server (Server.java:doStart(419)) - Started @228798ms
2019-10-02 19:50:01,632 [main] WARN  impl.MetricsSystemImpl (MetricsSystemImpl.java:register(276)) - Sink prometheus already exists!
2019-10-02 19:50:01,633 [main] INFO  server.BaseHttpServer (BaseHttpServer.java:updateConnectorAddress(215)) - HTTP server of HDDSDATANODE is listening at http://0.0.0.0:39370
2019-10-02 19:50:01,633 [main] INFO  impl.MetricsSystemImpl (MetricsSystemImpl.java:init(158)) - HddsDatanode metrics system started (again)
2019-10-02 19:50:01,637 [org.apache.hadoop.util.JvmPauseMonitor$Monitor@2482fd51] INFO  util.JvmPauseMonitor (JvmPauseMonitor.java:run(188)) - Starting JVM pause monitor
2019-10-02 19:50:01,638 [main] INFO  ozone.HddsDatanodeService (HddsDatanodeService.java:start(184)) - HddsDatanodeService host:pr-hdds-2226-secures3-55zz4-4099447309 ip:192.168.30.8
2019-10-02 19:50:01,638 [Datanode State Machine Thread - 0] INFO  datanode.InitDatanodeState (InitDatanodeState.java:persistContainerDatanodeDetails(140)) - DatanodeDetails is persisted to /workdir/hadoop-ozone/integration-test/target/test-dir/MiniOzoneClusterImpl-e6381cb0-e569-48f2-8813-b93856510a3e/datanode-4/meta/datanode.id
2019-10-02 19:50:01,643 [main] INFO  volume.HddsVolume (HddsVolume.java:<init>(176)) - Creating Volume: /workdir/hadoop-ozone/integration-test/target/test-dir/MiniOzoneClusterImpl-e6381cb0-e569-48f2-8813-b93856510a3e/datanode-5/data/containers/hdds of  storage type : DISK and capacity : 1482555576320
2019-10-02 19:50:01,643 [main] INFO  volume.VolumeSet (VolumeSet.java:initializeVolumeSet(170)) - Added Volume : /workdir/hadoop-ozone/integration-test/target/test-dir/MiniOzoneClusterImpl-e6381cb0-e569-48f2-8813-b93856510a3e/datanode-5/data/containers/hdds to VolumeSet
2019-10-02 19:50:01,644 [main] INFO  volume.ThrottledAsyncChecker (ThrottledAsyncChecker.java:schedule(139)) - Scheduling a check for org.apache.hadoop.ozone.container.common.volume.HddsVolume@22cb3d59
2019-10-02 19:50:01,644 [main] INFO  volume.HddsVolumeChecker (HddsVolumeChecker.java:checkAllVolumes(202)) - Scheduled health check for volume org.apache.hadoop.ozone.container.common.volume.HddsVolume@22cb3d59
2019-10-02 19:50:01,656 [main] INFO  impl.RaftServerProxy (ConfUtils.java:logGet(43)) - raft.rpc.type = GRPC (default)
2019-10-02 19:50:01,657 [main] INFO  grpc.GrpcFactory (GrpcFactory.java:checkPooledByteBufAllocatorUseCacheForAllThreads(45)) - PERFORMANCE WARNING: useCacheForAllThreads is true that may cause Netty to create a lot garbage objects and, as a result, trigger GC.
	It is recommended to disable useCacheForAllThreads by setting -Dorg.apache.ratis.thirdparty.io.netty.allocator.useCacheForAllThreads=false in command line.
2019-10-02 19:50:01,657 [main] INFO  grpc.GrpcConfigKeys$Server (ConfUtils.java:logGet(43)) - raft.grpc.server.port = 0 (default)
2019-10-02 19:50:01,657 [main] INFO  server.GrpcService (ConfUtils.java:logGet(43)) - raft.grpc.message.size.max = 33570816 (custom)
2019-10-02 19:50:01,657 [main] INFO  server.RaftServerConfigKeys (ConfUtils.java:logGet(43)) - raft.server.log.appender.buffer.byte-limit = 33554432 (custom)
2019-10-02 19:50:01,657 [main] INFO  server.GrpcService (ConfUtils.java:logGet(43)) - raft.grpc.flow.control.window = 1MB (=1048576) (default)
2019-10-02 19:50:01,657 [main] INFO  server.RaftServerConfigKeys (ConfUtils.java:logGet(43)) - raft.server.rpc.request.timeout = 3000ms (default)
2019-10-02 19:50:01,658 [main] INFO  server.RaftServerConfigKeys (ConfUtils.java:logGet(43)) - raft.server.storage.dir = [/workdir/hadoop-ozone/integration-test/target/test-dir/MiniOzoneClusterImpl-e6381cb0-e569-48f2-8813-b93856510a3e/datanode-5/data/ratis] (custom)
2019-10-02 19:50:01,660 [main] INFO  hdfs.DFSUtil (DFSUtil.java:httpServerTemplateForNNAndJN(1641)) - Starting Web-server for hddsDatanode at: http://0.0.0.0:0
2019-10-02 19:50:01,661 [main] INFO  server.AuthenticationFilter (AuthenticationFilter.java:constructSecretProvider(240)) - Unable to initialize FileSignerSecretProvider, falling back to use random secrets.
2019-10-02 19:50:01,661 [main] WARN  http.HttpRequestLog (HttpRequestLog.java:getRequestLog(97)) - Jetty request log can only be enabled using Log4j
2019-10-02 19:50:01,662 [main] INFO  http.HttpServer2 (HttpServer2.java:addGlobalFilter(975)) - Added global filter 'safety' (class=org.apache.hadoop.http.HttpServer2$QuotingInputFilter)
2019-10-02 19:50:01,663 [main] INFO  http.HttpServer2 (HttpServer2.java:addFilter(948)) - Added filter static_user_filter (class=org.apache.hadoop.http.lib.StaticUserWebFilter$StaticUserFilter) to context hddsDatanode
2019-10-02 19:50:01,663 [main] INFO  http.HttpServer2 (HttpServer2.java:addFilter(958)) - Added filter static_user_filter (class=org.apache.hadoop.http.lib.StaticUserWebFilter$StaticUserFilter) to context logs
2019-10-02 19:50:01,663 [main] INFO  http.HttpServer2 (HttpServer2.java:addFilter(958)) - Added filter static_user_filter (class=org.apache.hadoop.http.lib.StaticUserWebFilter$StaticUserFilter) to context static
2019-10-02 19:50:01,663 [main] INFO  http.HttpServer2 (HttpServer2.java:bindListener(1191)) - Jetty bound to port 45932
2019-10-02 19:50:01,664 [main] INFO  server.Server (Server.java:doStart(351)) - jetty-9.3.25.v20180904, build timestamp: 2018-09-04T21:11:46Z, git hash: 3ce520221d0240229c862b122d2b06c12a625732
2019-10-02 19:50:01,665 [main] INFO  handler.ContextHandler (ContextHandler.java:doStart(781)) - Started o.e.j.s.ServletContextHandler@530ee28b{/logs,file:///workdir/hadoop-ozone/integration-test/target/log,AVAILABLE}
2019-10-02 19:50:01,666 [main] INFO  handler.ContextHandler (ContextHandler.java:doStart(781)) - Started o.e.j.s.ServletContextHandler@4def7d36{/static,jar:file:/home/user/.m2/repository/org/apache/hadoop/hadoop-hdds-container-service/0.5.0-SNAPSHOT/hadoop-hdds-container-service-0.5.0-SNAPSHOT.jar!/webapps/static,AVAILABLE}
2019-10-02 19:50:01,695 [main] INFO  handler.ContextHandler (ContextHandler.java:doStart(781)) - Started o.e.j.w.WebAppContext@66e341e9{/,file:///tmp/jetty-0.0.0.0-45932-hddsDatanode-_-any-1824015172570326393.dir/webapp/,AVAILABLE}{/hddsDatanode}
2019-10-02 19:50:01,696 [main] INFO  server.AbstractConnector (AbstractConnector.java:doStart(278)) - Started ServerConnector@5b48f0f4{HTTP/1.1,[http/1.1]}{0.0.0.0:45932}
2019-10-02 19:50:01,697 [main] INFO  server.Server (Server.java:doStart(419)) - Started @228863ms
2019-10-02 19:50:01,697 [main] WARN  impl.MetricsSystemImpl (MetricsSystemImpl.java:register(276)) - Sink prometheus already exists!
2019-10-02 19:50:01,698 [main] INFO  server.BaseHttpServer (BaseHttpServer.java:updateConnectorAddress(215)) - HTTP server of HDDSDATANODE is listening at http://0.0.0.0:45932
2019-10-02 19:50:01,698 [main] INFO  impl.MetricsSystemImpl (MetricsSystemImpl.java:init(158)) - HddsDatanode metrics system started (again)
2019-10-02 19:50:01,703 [org.apache.hadoop.util.JvmPauseMonitor$Monitor@575cb291] INFO  util.JvmPauseMonitor (JvmPauseMonitor.java:run(188)) - Starting JVM pause monitor
2019-10-02 19:50:01,704 [main] INFO  ozone.HddsDatanodeService (HddsDatanodeService.java:start(184)) - HddsDatanodeService host:pr-hdds-2226-secures3-55zz4-4099447309 ip:192.168.30.8
2019-10-02 19:50:01,705 [Datanode State Machine Thread - 0] INFO  datanode.InitDatanodeState (InitDatanodeState.java:persistContainerDatanodeDetails(140)) - DatanodeDetails is persisted to /workdir/hadoop-ozone/integration-test/target/test-dir/MiniOzoneClusterImpl-e6381cb0-e569-48f2-8813-b93856510a3e/datanode-5/meta/datanode.id
2019-10-02 19:50:01,710 [main] INFO  volume.HddsVolume (HddsVolume.java:<init>(176)) - Creating Volume: /workdir/hadoop-ozone/integration-test/target/test-dir/MiniOzoneClusterImpl-e6381cb0-e569-48f2-8813-b93856510a3e/datanode-6/data/containers/hdds of  storage type : DISK and capacity : 1482555576320
2019-10-02 19:50:01,710 [main] INFO  volume.VolumeSet (VolumeSet.java:initializeVolumeSet(170)) - Added Volume : /workdir/hadoop-ozone/integration-test/target/test-dir/MiniOzoneClusterImpl-e6381cb0-e569-48f2-8813-b93856510a3e/datanode-6/data/containers/hdds to VolumeSet
2019-10-02 19:50:01,711 [main] INFO  volume.ThrottledAsyncChecker (ThrottledAsyncChecker.java:schedule(139)) - Scheduling a check for org.apache.hadoop.ozone.container.common.volume.HddsVolume@5939e24
2019-10-02 19:50:01,711 [main] INFO  volume.HddsVolumeChecker (HddsVolumeChecker.java:checkAllVolumes(202)) - Scheduled health check for volume org.apache.hadoop.ozone.container.common.volume.HddsVolume@5939e24
2019-10-02 19:50:01,726 [main] INFO  impl.RaftServerProxy (ConfUtils.java:logGet(43)) - raft.rpc.type = GRPC (default)
2019-10-02 19:50:01,727 [main] INFO  grpc.GrpcFactory (GrpcFactory.java:checkPooledByteBufAllocatorUseCacheForAllThreads(45)) - PERFORMANCE WARNING: useCacheForAllThreads is true that may cause Netty to create a lot garbage objects and, as a result, trigger GC.
	It is recommended to disable useCacheForAllThreads by setting -Dorg.apache.ratis.thirdparty.io.netty.allocator.useCacheForAllThreads=false in command line.
2019-10-02 19:50:01,727 [main] INFO  grpc.GrpcConfigKeys$Server (ConfUtils.java:logGet(43)) - raft.grpc.server.port = 0 (default)
2019-10-02 19:50:01,727 [main] INFO  server.GrpcService (ConfUtils.java:logGet(43)) - raft.grpc.message.size.max = 33570816 (custom)
2019-10-02 19:50:01,728 [main] INFO  server.RaftServerConfigKeys (ConfUtils.java:logGet(43)) - raft.server.log.appender.buffer.byte-limit = 33554432 (custom)
2019-10-02 19:50:01,728 [main] INFO  server.GrpcService (ConfUtils.java:logGet(43)) - raft.grpc.flow.control.window = 1MB (=1048576) (default)
2019-10-02 19:50:01,728 [main] INFO  server.RaftServerConfigKeys (ConfUtils.java:logGet(43)) - raft.server.rpc.request.timeout = 3000ms (default)
2019-10-02 19:50:01,729 [main] INFO  server.RaftServerConfigKeys (ConfUtils.java:logGet(43)) - raft.server.storage.dir = [/workdir/hadoop-ozone/integration-test/target/test-dir/MiniOzoneClusterImpl-e6381cb0-e569-48f2-8813-b93856510a3e/datanode-6/data/ratis] (custom)
2019-10-02 19:50:01,730 [main] INFO  hdfs.DFSUtil (DFSUtil.java:httpServerTemplateForNNAndJN(1641)) - Starting Web-server for hddsDatanode at: http://0.0.0.0:0
2019-10-02 19:50:01,731 [main] INFO  server.AuthenticationFilter (AuthenticationFilter.java:constructSecretProvider(240)) - Unable to initialize FileSignerSecretProvider, falling back to use random secrets.
2019-10-02 19:50:01,731 [main] WARN  http.HttpRequestLog (HttpRequestLog.java:getRequestLog(97)) - Jetty request log can only be enabled using Log4j
2019-10-02 19:50:01,732 [main] INFO  http.HttpServer2 (HttpServer2.java:addGlobalFilter(975)) - Added global filter 'safety' (class=org.apache.hadoop.http.HttpServer2$QuotingInputFilter)
2019-10-02 19:50:01,733 [main] INFO  http.HttpServer2 (HttpServer2.java:addFilter(948)) - Added filter static_user_filter (class=org.apache.hadoop.http.lib.StaticUserWebFilter$StaticUserFilter) to context hddsDatanode
2019-10-02 19:50:01,733 [main] INFO  http.HttpServer2 (HttpServer2.java:addFilter(958)) - Added filter static_user_filter (class=org.apache.hadoop.http.lib.StaticUserWebFilter$StaticUserFilter) to context logs
2019-10-02 19:50:01,733 [main] INFO  http.HttpServer2 (HttpServer2.java:addFilter(958)) - Added filter static_user_filter (class=org.apache.hadoop.http.lib.StaticUserWebFilter$StaticUserFilter) to context static
2019-10-02 19:50:01,734 [main] INFO  http.HttpServer2 (HttpServer2.java:bindListener(1191)) - Jetty bound to port 34795
2019-10-02 19:50:01,734 [main] INFO  server.Server (Server.java:doStart(351)) - jetty-9.3.25.v20180904, build timestamp: 2018-09-04T21:11:46Z, git hash: 3ce520221d0240229c862b122d2b06c12a625732
2019-10-02 19:50:01,735 [main] INFO  handler.ContextHandler (ContextHandler.java:doStart(781)) - Started o.e.j.s.ServletContextHandler@28b523a{/logs,file:///workdir/hadoop-ozone/integration-test/target/log,AVAILABLE}
2019-10-02 19:50:01,736 [main] INFO  handler.ContextHandler (ContextHandler.java:doStart(781)) - Started o.e.j.s.ServletContextHandler@63d677f5{/static,jar:file:/home/user/.m2/repository/org/apache/hadoop/hadoop-hdds-container-service/0.5.0-SNAPSHOT/hadoop-hdds-container-service-0.5.0-SNAPSHOT.jar!/webapps/static,AVAILABLE}
2019-10-02 19:50:01,761 [main] INFO  handler.ContextHandler (ContextHandler.java:doStart(781)) - Started o.e.j.w.WebAppContext@743c3520{/,file:///tmp/jetty-0.0.0.0-34795-hddsDatanode-_-any-3881063795439893872.dir/webapp/,AVAILABLE}{/hddsDatanode}
2019-10-02 19:50:01,762 [main] INFO  server.AbstractConnector (AbstractConnector.java:doStart(278)) - Started ServerConnector@6842c101{HTTP/1.1,[http/1.1]}{0.0.0.0:34795}
2019-10-02 19:50:01,763 [main] INFO  server.Server (Server.java:doStart(419)) - Started @228929ms
2019-10-02 19:50:01,763 [main] WARN  impl.MetricsSystemImpl (MetricsSystemImpl.java:register(276)) - Sink prometheus already exists!
2019-10-02 19:50:01,764 [main] INFO  server.BaseHttpServer (BaseHttpServer.java:updateConnectorAddress(215)) - HTTP server of HDDSDATANODE is listening at http://0.0.0.0:34795
2019-10-02 19:50:01,764 [main] INFO  ozone.MiniOzoneClusterImpl (MiniOzoneClusterImpl.java:lambda$waitForClusterToBeReady$0(147)) - Waiting for cluster to be ready. Got 0 of 7 DN Heartbeats.
2019-10-02 19:50:01,765 [org.apache.hadoop.util.JvmPauseMonitor$Monitor@2ea58f5f] INFO  util.JvmPauseMonitor (JvmPauseMonitor.java:run(188)) - Starting JVM pause monitor
2019-10-02 19:50:01,767 [Datanode State Machine Thread - 0] INFO  datanode.InitDatanodeState (InitDatanodeState.java:persistContainerDatanodeDetails(140)) - DatanodeDetails is persisted to /workdir/hadoop-ozone/integration-test/target/test-dir/MiniOzoneClusterImpl-e6381cb0-e569-48f2-8813-b93856510a3e/datanode-6/meta/datanode.id
2019-10-02 19:50:02,609 [java.util.concurrent.ThreadPoolExecutor$Worker@2618dc71[State = -1, empty queue]] WARN  server.GrpcLogAppender (GrpcLogAppender.java:timeoutAppendRequest(200)) - 0c572f5a-6dc7-44ba-993a-01be906cf20e@group-6860B4E0B50C->88484a37-2e1d-4b98-aaf0-0fb8f064521e-GrpcLogAppender: appendEntries Timeout, request=0c572f5a-6dc7-44ba-993a-01be906cf20e->88484a37-2e1d-4b98-aaf0-0fb8f064521e#7-t1, previous=(t:0, i:0), leaderCommit=0, initializing? false, entries: <empty>
2019-10-02 19:50:02,765 [main] INFO  ozone.MiniOzoneClusterImpl (MiniOzoneClusterImpl.java:lambda$waitForClusterToBeReady$0(147)) - Waiting for cluster to be ready. Got 0 of 7 DN Heartbeats.
2019-10-02 19:50:03,472 [Datanode State Machine Thread - 0] INFO  ozoneimpl.OzoneContainer (OzoneContainer.java:start(217)) - Attempting to start container services.
2019-10-02 19:50:03,472 [Datanode State Machine Thread - 0] INFO  ozoneimpl.OzoneContainer (OzoneContainer.java:startContainerScrub(179)) - Background container scanner has been disabled.
2019-10-02 19:50:03,472 [Datanode State Machine Thread - 0] INFO  ratis.XceiverServerRatis (XceiverServerRatis.java:start(417)) - Starting XceiverServerRatis b341cfb2-4f0b-4827-a89b-ff7d199a869f at port 0
2019-10-02 19:50:03,478 [Datanode State Machine Thread - 0] INFO  impl.RaftServerProxy (RaftServerProxy.java:lambda$start$3(299)) - b341cfb2-4f0b-4827-a89b-ff7d199a869f: start RPC server
2019-10-02 19:50:03,481 [Datanode State Machine Thread - 0] INFO  server.GrpcService (GrpcService.java:startImpl(158)) - b341cfb2-4f0b-4827-a89b-ff7d199a869f: GrpcService started, listening on 0.0.0.0/0.0.0.0:41303
2019-10-02 19:50:03,481 [Datanode State Machine Thread - 0] INFO  ratis.XceiverServerRatis (XceiverServerRatis.java:start(427)) - XceiverServerRatis b341cfb2-4f0b-4827-a89b-ff7d199a869f is started using port 41303
2019-10-02 19:50:03,481 [Datanode State Machine Thread - 0] INFO  server.XceiverServerGrpc (XceiverServerGrpc.java:start(149)) - XceiverServerGrpc b341cfb2-4f0b-4827-a89b-ff7d199a869f is started using port 43512
2019-10-02 19:50:03,490 [Datanode State Machine Thread - 0] INFO  ozoneimpl.OzoneContainer (OzoneContainer.java:start(217)) - Attempting to start container services.
2019-10-02 19:50:03,490 [Datanode State Machine Thread - 0] INFO  ozoneimpl.OzoneContainer (OzoneContainer.java:startContainerScrub(179)) - Background container scanner has been disabled.
2019-10-02 19:50:03,490 [Datanode State Machine Thread - 0] INFO  ratis.XceiverServerRatis (XceiverServerRatis.java:start(417)) - Starting XceiverServerRatis 309fa5a4-cdbf-42cc-94f7-a94586997cb4 at port 0
2019-10-02 19:50:03,497 [Datanode State Machine Thread - 0] INFO  impl.RaftServerProxy (RaftServerProxy.java:lambda$start$3(299)) - 309fa5a4-cdbf-42cc-94f7-a94586997cb4: start RPC server
2019-10-02 19:50:03,503 [Datanode State Machine Thread - 0] INFO  server.GrpcService (GrpcService.java:startImpl(158)) - 309fa5a4-cdbf-42cc-94f7-a94586997cb4: GrpcService started, listening on 0.0.0.0/0.0.0.0:37491
2019-10-02 19:50:03,503 [Datanode State Machine Thread - 0] INFO  ratis.XceiverServerRatis (XceiverServerRatis.java:start(427)) - XceiverServerRatis 309fa5a4-cdbf-42cc-94f7-a94586997cb4 is started using port 37491
2019-10-02 19:50:03,503 [Datanode State Machine Thread - 0] INFO  server.XceiverServerGrpc (XceiverServerGrpc.java:start(149)) - XceiverServerGrpc 309fa5a4-cdbf-42cc-94f7-a94586997cb4 is started using port 40019
2019-10-02 19:50:03,546 [Datanode State Machine Thread - 0] INFO  ozoneimpl.OzoneContainer (OzoneContainer.java:start(217)) - Attempting to start container services.
2019-10-02 19:50:03,546 [Datanode State Machine Thread - 0] INFO  ozoneimpl.OzoneContainer (OzoneContainer.java:startContainerScrub(179)) - Background container scanner has been disabled.
2019-10-02 19:50:03,546 [Datanode State Machine Thread - 0] INFO  ratis.XceiverServerRatis (XceiverServerRatis.java:start(417)) - Starting XceiverServerRatis aee965ed-9a9c-47a3-aabc-5d46a53ccf26 at port 0
2019-10-02 19:50:03,553 [Datanode State Machine Thread - 0] INFO  impl.RaftServerProxy (RaftServerProxy.java:lambda$start$3(299)) - aee965ed-9a9c-47a3-aabc-5d46a53ccf26: start RPC server
2019-10-02 19:50:03,556 [Datanode State Machine Thread - 0] INFO  server.GrpcService (GrpcService.java:startImpl(158)) - aee965ed-9a9c-47a3-aabc-5d46a53ccf26: GrpcService started, listening on 0.0.0.0/0.0.0.0:41584
2019-10-02 19:50:03,556 [Datanode State Machine Thread - 0] INFO  ratis.XceiverServerRatis (XceiverServerRatis.java:start(427)) - XceiverServerRatis aee965ed-9a9c-47a3-aabc-5d46a53ccf26 is started using port 41584
2019-10-02 19:50:03,556 [Datanode State Machine Thread - 0] INFO  server.XceiverServerGrpc (XceiverServerGrpc.java:start(149)) - XceiverServerGrpc aee965ed-9a9c-47a3-aabc-5d46a53ccf26 is started using port 38652
2019-10-02 19:50:03,602 [Datanode State Machine Thread - 0] INFO  ozoneimpl.OzoneContainer (OzoneContainer.java:start(217)) - Attempting to start container services.
2019-10-02 19:50:03,602 [Datanode State Machine Thread - 0] INFO  ozoneimpl.OzoneContainer (OzoneContainer.java:startContainerScrub(179)) - Background container scanner has been disabled.
2019-10-02 19:50:03,602 [Datanode State Machine Thread - 0] INFO  ratis.XceiverServerRatis (XceiverServerRatis.java:start(417)) - Starting XceiverServerRatis 0da31224-e0a2-4f91-8273-9257d2cc342f at port 0
2019-10-02 19:50:03,609 [Datanode State Machine Thread - 0] INFO  impl.RaftServerProxy (RaftServerProxy.java:lambda$start$3(299)) - 0da31224-e0a2-4f91-8273-9257d2cc342f: start RPC server
2019-10-02 19:50:03,610 [Datanode State Machine Thread - 0] INFO  server.GrpcService (GrpcService.java:startImpl(158)) - 0da31224-e0a2-4f91-8273-9257d2cc342f: GrpcService started, listening on 0.0.0.0/0.0.0.0:36079
2019-10-02 19:50:03,611 [Datanode State Machine Thread - 0] INFO  ratis.XceiverServerRatis (XceiverServerRatis.java:start(427)) - XceiverServerRatis 0da31224-e0a2-4f91-8273-9257d2cc342f is started using port 36079
2019-10-02 19:50:03,611 [Datanode State Machine Thread - 0] INFO  server.XceiverServerGrpc (XceiverServerGrpc.java:start(149)) - XceiverServerGrpc 0da31224-e0a2-4f91-8273-9257d2cc342f is started using port 35363
2019-10-02 19:50:03,662 [Datanode State Machine Thread - 0] INFO  ozoneimpl.OzoneContainer (OzoneContainer.java:start(217)) - Attempting to start container services.
2019-10-02 19:50:03,662 [Datanode State Machine Thread - 0] INFO  ozoneimpl.OzoneContainer (OzoneContainer.java:startContainerScrub(179)) - Background container scanner has been disabled.
2019-10-02 19:50:03,663 [Datanode State Machine Thread - 0] INFO  ratis.XceiverServerRatis (XceiverServerRatis.java:start(417)) - Starting XceiverServerRatis 2973cdd7-bcb7-4fc5-a4ea-f0116652941b at port 0
2019-10-02 19:50:03,668 [Datanode State Machine Thread - 0] INFO  impl.RaftServerProxy (RaftServerProxy.java:lambda$start$3(299)) - 2973cdd7-bcb7-4fc5-a4ea-f0116652941b: start RPC server
2019-10-02 19:50:03,669 [Datanode State Machine Thread - 0] INFO  server.GrpcService (GrpcService.java:startImpl(158)) - 2973cdd7-bcb7-4fc5-a4ea-f0116652941b: GrpcService started, listening on 0.0.0.0/0.0.0.0:39270
2019-10-02 19:50:03,669 [Datanode State Machine Thread - 0] INFO  ratis.XceiverServerRatis (XceiverServerRatis.java:start(427)) - XceiverServerRatis 2973cdd7-bcb7-4fc5-a4ea-f0116652941b is started using port 39270
2019-10-02 19:50:03,670 [Datanode State Machine Thread - 0] INFO  server.XceiverServerGrpc (XceiverServerGrpc.java:start(149)) - XceiverServerGrpc 2973cdd7-bcb7-4fc5-a4ea-f0116652941b is started using port 44953
2019-10-02 19:50:03,728 [Datanode State Machine Thread - 0] INFO  ozoneimpl.OzoneContainer (OzoneContainer.java:start(217)) - Attempting to start container services.
2019-10-02 19:50:03,728 [Datanode State Machine Thread - 0] INFO  ozoneimpl.OzoneContainer (OzoneContainer.java:startContainerScrub(179)) - Background container scanner has been disabled.
2019-10-02 19:50:03,728 [Datanode State Machine Thread - 0] INFO  ratis.XceiverServerRatis (XceiverServerRatis.java:start(417)) - Starting XceiverServerRatis 26bbf6b0-8d5e-4c15-bdbb-13873a5d633f at port 0
2019-10-02 19:50:03,732 [Datanode State Machine Thread - 0] INFO  impl.RaftServerProxy (RaftServerProxy.java:lambda$start$3(299)) - 26bbf6b0-8d5e-4c15-bdbb-13873a5d633f: start RPC server
2019-10-02 19:50:03,732 [Datanode State Machine Thread - 0] INFO  server.GrpcService (GrpcService.java:startImpl(158)) - 26bbf6b0-8d5e-4c15-bdbb-13873a5d633f: GrpcService started, listening on 0.0.0.0/0.0.0.0:40488
2019-10-02 19:50:03,732 [Datanode State Machine Thread - 0] INFO  ratis.XceiverServerRatis (XceiverServerRatis.java:start(427)) - XceiverServerRatis 26bbf6b0-8d5e-4c15-bdbb-13873a5d633f is started using port 40488
2019-10-02 19:50:03,733 [Datanode State Machine Thread - 0] INFO  server.XceiverServerGrpc (XceiverServerGrpc.java:start(149)) - XceiverServerGrpc 26bbf6b0-8d5e-4c15-bdbb-13873a5d633f is started using port 42567
2019-10-02 19:50:03,765 [main] INFO  ozone.MiniOzoneClusterImpl (MiniOzoneClusterImpl.java:lambda$waitForClusterToBeReady$0(147)) - Waiting for cluster to be ready. Got 0 of 7 DN Heartbeats.
2019-10-02 19:50:03,790 [Datanode State Machine Thread - 0] INFO  ozoneimpl.OzoneContainer (OzoneContainer.java:start(217)) - Attempting to start container services.
2019-10-02 19:50:03,790 [Datanode State Machine Thread - 0] INFO  ozoneimpl.OzoneContainer (OzoneContainer.java:startContainerScrub(179)) - Background container scanner has been disabled.
2019-10-02 19:50:03,790 [Datanode State Machine Thread - 0] INFO  ratis.XceiverServerRatis (XceiverServerRatis.java:start(417)) - Starting XceiverServerRatis 2ea827a1-4486-4237-8785-4bba9de8eca7 at port 0
2019-10-02 19:50:03,794 [Datanode State Machine Thread - 0] INFO  impl.RaftServerProxy (RaftServerProxy.java:lambda$start$3(299)) - 2ea827a1-4486-4237-8785-4bba9de8eca7: start RPC server
2019-10-02 19:50:03,795 [Datanode State Machine Thread - 0] INFO  server.GrpcService (GrpcService.java:startImpl(158)) - 2ea827a1-4486-4237-8785-4bba9de8eca7: GrpcService started, listening on 0.0.0.0/0.0.0.0:43389
2019-10-02 19:50:03,795 [Datanode State Machine Thread - 0] INFO  ratis.XceiverServerRatis (XceiverServerRatis.java:start(427)) - XceiverServerRatis 2ea827a1-4486-4237-8785-4bba9de8eca7 is started using port 43389
2019-10-02 19:50:03,795 [Datanode State Machine Thread - 0] INFO  server.XceiverServerGrpc (XceiverServerGrpc.java:start(149)) - XceiverServerGrpc 2ea827a1-4486-4237-8785-4bba9de8eca7 is started using port 35707
2019-10-02 19:50:04,766 [main] INFO  ozone.MiniOzoneClusterImpl (MiniOzoneClusterImpl.java:lambda$waitForClusterToBeReady$0(147)) - Waiting for cluster to be ready. Got 0 of 7 DN Heartbeats.
2019-10-02 19:50:05,390 [IPC Server handler 6 on 45368] INFO  net.NetworkTopology (NetworkTopologyImpl.java:add(111)) - Added a new node: /default-rack/b341cfb2-4f0b-4827-a89b-ff7d199a869f
2019-10-02 19:50:05,392 [IPC Server handler 6 on 45368] INFO  node.SCMNodeManager (SCMNodeManager.java:register(266)) - Registered Data node : b341cfb2-4f0b-4827-a89b-ff7d199a869f{ip: 192.168.30.8, host: pr-hdds-2226-secures3-55zz4-4099447309, networkLocation: /default-rack, certSerialId: null}
2019-10-02 19:50:05,393 [EventQueue-NodeRegistrationContainerReportForDataNodeSafeModeRule] INFO  safemode.SCMSafeModeManager (DataNodeSafeModeRule.java:process(71)) - SCM in safe mode. 1 DataNodes registered, 1 required.
2019-10-02 19:50:05,395 [EventQueue-NodeRegistrationContainerReportForDataNodeSafeModeRule] INFO  safemode.SCMSafeModeManager (SCMSafeModeManager.java:validateSafeModeExitRules(177)) - ScmSafeModeManager, all rules are successfully validated
2019-10-02 19:50:05,396 [EventQueue-NodeRegistrationContainerReportForDataNodeSafeModeRule] INFO  safemode.SCMSafeModeManager (SCMSafeModeManager.java:exitSafeMode(193)) - SCM exiting safe mode.
2019-10-02 19:50:05,405 [grpc-default-executor-3] INFO  impl.RaftServerProxy (RaftServerProxy.java:addNew(89)) - b341cfb2-4f0b-4827-a89b-ff7d199a869f: addNew group-3D66EF1891DF:[b341cfb2-4f0b-4827-a89b-ff7d199a869f:192.168.30.8:41303] returns group-3D66EF1891DF:java.util.concurrent.CompletableFuture@302759b4[Not completed]
2019-10-02 19:50:05,407 [pool-383-thread-1] INFO  impl.RaftServerImpl (RaftServerImpl.java:<init>(95)) - b341cfb2-4f0b-4827-a89b-ff7d199a869f: new RaftServerImpl for group-3D66EF1891DF:[b341cfb2-4f0b-4827-a89b-ff7d199a869f:192.168.30.8:41303] with ContainerStateMachine:uninitialized
2019-10-02 19:50:05,407 [pool-383-thread-1] INFO  server.RaftServerConfigKeys (ConfUtils.java:logGet(43)) - raft.server.rpc.timeout.min = 5s (custom)
2019-10-02 19:50:05,407 [pool-383-thread-1] INFO  server.RaftServerConfigKeys (ConfUtils.java:logGet(43)) - raft.server.rpc.timeout.max = 5200ms (custom)
2019-10-02 19:50:05,407 [pool-383-thread-1] INFO  server.RaftServerConfigKeys (ConfUtils.java:logGet(43)) - raft.server.rpcslowness.timeout = 120s (custom)
2019-10-02 19:50:05,407 [pool-383-thread-1] INFO  server.RaftServerConfigKeys (ConfUtils.java:logGet(43)) - raft.server.sleep.deviation.threshold = 300 (default)
2019-10-02 19:50:05,407 [pool-383-thread-1] INFO  server.RaftServerConfigKeys (ConfUtils.java:logGet(43)) - raft.server.log.appender.install.snapshot.enabled = false (custom)
2019-10-02 19:50:05,408 [pool-383-thread-1] INFO  impl.RaftServerImpl (ServerState.java:<init>(103)) - b341cfb2-4f0b-4827-a89b-ff7d199a869f@group-3D66EF1891DF: ConfigurationManager, init=-1: [b341cfb2-4f0b-4827-a89b-ff7d199a869f:192.168.30.8:41303], old=null, confs=<EMPTY_MAP>
2019-10-02 19:50:05,408 [pool-383-thread-1] INFO  server.RaftServerConfigKeys (ConfUtils.java:logGet(43)) - raft.server.storage.dir = [/workdir/hadoop-ozone/integration-test/target/test-dir/MiniOzoneClusterImpl-e6381cb0-e569-48f2-8813-b93856510a3e/datanode-0/data/ratis] (custom)
2019-10-02 19:50:05,408 [pool-383-thread-1] INFO  server.RaftServerConfigKeys (ConfUtils.java:logGet(43)) - raft.server.log.corruption.policy = EXCEPTION (default)
2019-10-02 19:50:05,408 [pool-383-thread-1] INFO  storage.RaftStorageDirectory (RaftStorageDirectory.java:analyzeStorage(246)) - The storage directory /workdir/hadoop-ozone/integration-test/target/test-dir/MiniOzoneClusterImpl-e6381cb0-e569-48f2-8813-b93856510a3e/datanode-0/data/ratis/c636a010-c825-4f5a-8d2d-3d66ef1891df does not exist. Creating ...
2019-10-02 19:50:05,432 [pool-383-thread-1] INFO  storage.RaftStorageDirectory (RaftStorageDirectory.java:tryLock(328)) - Lock on /workdir/hadoop-ozone/integration-test/target/test-dir/MiniOzoneClusterImpl-e6381cb0-e569-48f2-8813-b93856510a3e/datanode-0/data/ratis/c636a010-c825-4f5a-8d2d-3d66ef1891df/in_use.lock acquired by nodename 6817@pr-hdds-2226-secures3-55zz4-4099447309
2019-10-02 19:50:05,456 [pool-383-thread-1] INFO  storage.RaftStorage (RaftStorage.java:format(84)) - Storage directory /workdir/hadoop-ozone/integration-test/target/test-dir/MiniOzoneClusterImpl-e6381cb0-e569-48f2-8813-b93856510a3e/datanode-0/data/ratis/c636a010-c825-4f5a-8d2d-3d66ef1891df has been successfully formatted.
2019-10-02 19:50:05,456 [pool-383-thread-1] INFO  ratis.ContainerStateMachine (ContainerStateMachine.java:loadSnapshot(230)) - group-3D66EF1891DF: The snapshot info is null. Setting the last applied indexto:(t:0, i:~)
2019-10-02 19:50:05,456 [pool-383-thread-1] INFO  server.RaftServerConfigKeys (ConfUtils.java:logGet(43)) - raft.server.notification.no-leader.timeout = 120s (custom)
2019-10-02 19:50:05,456 [pool-383-thread-1] INFO  server.RaftServerConfigKeys (ConfUtils.java:logGet(43)) - raft.server.log.use.memory = false (default)
2019-10-02 19:50:05,456 [pool-383-thread-1] INFO  server.RaftServerConfigKeys (ConfUtils.java:logGet(43)) - raft.server.log.purge.gap = 1000000 (custom)
2019-10-02 19:50:05,457 [pool-383-thread-1] INFO  server.RaftServerConfigKeys (ConfUtils.java:logGet(43)) - raft.server.log.appender.buffer.byte-limit = 33554432 (custom)
2019-10-02 19:50:05,457 [pool-383-thread-1] INFO  server.RaftServerConfigKeys (ConfUtils.java:logGet(43)) - raft.server.log.segment.size.max = 1048576 (custom)
2019-10-02 19:50:05,458 [pool-383-thread-1] INFO  server.RaftServerConfigKeys (ConfUtils.java:logGet(43)) - raft.server.log.segment.cache.num.max = 2 (custom)
2019-10-02 19:50:05,459 [pool-383-thread-1] INFO  segmented.SegmentedRaftLogWorker (SegmentedRaftLogWorker.java:<init>(173)) - new b341cfb2-4f0b-4827-a89b-ff7d199a869f@group-3D66EF1891DF-SegmentedRaftLogWorker for RaftStorage:Storage Directory /workdir/hadoop-ozone/integration-test/target/test-dir/MiniOzoneClusterImpl-e6381cb0-e569-48f2-8813-b93856510a3e/datanode-0/data/ratis/c636a010-c825-4f5a-8d2d-3d66ef1891df
2019-10-02 19:50:05,459 [pool-383-thread-1] INFO  server.RaftServerConfigKeys (ConfUtils.java:logGet(43)) - raft.server.log.queue.byte-limit = 2147483647 (custom)
2019-10-02 19:50:05,459 [pool-383-thread-1] INFO  server.RaftServerConfigKeys (ConfUtils.java:logGet(43)) - raft.server.log.queue.element-limit = 1024 (custom)
2019-10-02 19:50:05,459 [pool-383-thread-1] INFO  server.RaftServerConfigKeys (ConfUtils.java:logGet(43)) - raft.server.log.segment.size.max = 1048576 (custom)
2019-10-02 19:50:05,459 [pool-383-thread-1] INFO  server.RaftServerConfigKeys (ConfUtils.java:logGet(43)) - raft.server.log.preallocated.size = 16384 (custom)
2019-10-02 19:50:05,459 [pool-383-thread-1] INFO  server.RaftServerConfigKeys (ConfUtils.java:logGet(43)) - raft.server.log.write.buffer.size = 33554432 (custom)
2019-10-02 19:50:05,459 [pool-383-thread-1] INFO  server.RaftServerConfigKeys (ConfUtils.java:logGet(43)) - raft.server.log.force.sync.num = 128 (default)
2019-10-02 19:50:05,459 [pool-383-thread-1] INFO  server.RaftServerConfigKeys (ConfUtils.java:logGet(43)) - raft.server.log.statemachine.data.sync = true (default)
2019-10-02 19:50:05,459 [pool-383-thread-1] INFO  server.RaftServerConfigKeys (ConfUtils.java:logGet(43)) - raft.server.log.statemachine.data.sync.timeout = 10s (default)
2019-10-02 19:50:05,460 [pool-383-thread-1] INFO  server.RaftServerConfigKeys (ConfUtils.java:logGet(43)) - raft.server.log.statemachine.data.sync.timeout.retry = -1 (default)
2019-10-02 19:50:05,460 [pool-383-thread-1] INFO  server.RaftServerConfigKeys (ConfUtils.java:logGet(43)) - raft.server.log.statemachine.data.caching.enabled = true (custom)
2019-10-02 19:50:05,460 [pool-383-thread-1] INFO  segmented.SegmentedRaftLogWorker (SegmentedRaftLogWorker.java:lambda$new$0(128)) - b341cfb2-4f0b-4827-a89b-ff7d199a869f@group-3D66EF1891DF-SegmentedRaftLogWorker: flushIndex: setUnconditionally 0 -> -1
2019-10-02 19:50:05,460 [pool-383-thread-1] INFO  server.RaftServerConfigKeys (ConfUtils.java:logGet(43)) - raft.server.snapshot.auto.trigger.enabled = true (custom)
2019-10-02 19:50:05,461 [pool-383-thread-1] INFO  server.RaftServerConfigKeys (ConfUtils.java:logGet(43)) - raft.server.snapshot.auto.trigger.threshold = 10000 (custom)
2019-10-02 19:50:05,461 [pool-383-thread-1] INFO  server.RaftServerConfigKeys (ConfUtils.java:logGet(43)) - raft.server.snapshot.retention.file.num = 5 (custom)
2019-10-02 19:50:05,461 [pool-383-thread-1] INFO  server.RaftServerConfigKeys (ConfUtils.java:logGet(43)) - raft.server.retrycache.expirytime = 600000ms (custom)
2019-10-02 19:50:05,462 [pool-383-thread-1] INFO  impl.RaftServerImpl (RaftServerImpl.java:start(181)) - b341cfb2-4f0b-4827-a89b-ff7d199a869f@group-3D66EF1891DF: start as a follower, conf=-1: [b341cfb2-4f0b-4827-a89b-ff7d199a869f:192.168.30.8:41303], old=null
2019-10-02 19:50:05,462 [pool-383-thread-1] INFO  impl.RaftServerImpl (RaftServerImpl.java:setRole(170)) - b341cfb2-4f0b-4827-a89b-ff7d199a869f@group-3D66EF1891DF: changes role from      null to FOLLOWER at term 0 for startAsFollower
2019-10-02 19:50:05,462 [pool-383-thread-1] INFO  impl.RoleInfo (RoleInfo.java:updateAndGet(143)) - b341cfb2-4f0b-4827-a89b-ff7d199a869f: start FollowerState
2019-10-02 19:50:05,463 [pool-383-thread-1] INFO  util.JmxRegister (JmxRegister.java:tryRegister(44)) - Successfully registered JMX Bean with object name Ratis:service=RaftServer,group=group-3D66EF1891DF,id=b341cfb2-4f0b-4827-a89b-ff7d199a869f
2019-10-02 19:50:05,465 [IPC Server handler 2 on 45368] INFO  net.NetworkTopology (NetworkTopologyImpl.java:add(111)) - Added a new node: /default-rack/309fa5a4-cdbf-42cc-94f7-a94586997cb4
2019-10-02 19:50:05,465 [IPC Server handler 2 on 45368] INFO  node.SCMNodeManager (SCMNodeManager.java:register(266)) - Registered Data node : 309fa5a4-cdbf-42cc-94f7-a94586997cb4{ip: 192.168.30.8, host: pr-hdds-2226-secures3-55zz4-4099447309, networkLocation: /default-rack, certSerialId: null}
2019-10-02 19:50:05,475 [RatisPipelineUtilsThread] INFO  pipeline.PipelineStateManager (PipelineStateManager.java:addPipeline(56)) - Created pipeline Pipeline[ Id: c636a010-c825-4f5a-8d2d-3d66ef1891df, Nodes: b341cfb2-4f0b-4827-a89b-ff7d199a869f{ip: 192.168.30.8, host: pr-hdds-2226-secures3-55zz4-4099447309, networkLocation: /default-rack, certSerialId: null}, Type:RATIS, Factor:ONE, State:OPEN]
2019-10-02 19:50:05,483 [grpc-default-executor-3] INFO  impl.RaftServerProxy (RaftServerProxy.java:addNew(89)) - 309fa5a4-cdbf-42cc-94f7-a94586997cb4: addNew group-776252A533B9:[309fa5a4-cdbf-42cc-94f7-a94586997cb4:192.168.30.8:37491] returns group-776252A533B9:java.util.concurrent.CompletableFuture@4ace32d0[Not completed]
2019-10-02 19:50:05,484 [pool-393-thread-1] INFO  impl.RaftServerImpl (RaftServerImpl.java:<init>(95)) - 309fa5a4-cdbf-42cc-94f7-a94586997cb4: new RaftServerImpl for group-776252A533B9:[309fa5a4-cdbf-42cc-94f7-a94586997cb4:192.168.30.8:37491] with ContainerStateMachine:uninitialized
2019-10-02 19:50:05,484 [pool-393-thread-1] INFO  server.RaftServerConfigKeys (ConfUtils.java:logGet(43)) - raft.server.rpc.timeout.min = 5s (custom)
2019-10-02 19:50:05,484 [pool-393-thread-1] INFO  server.RaftServerConfigKeys (ConfUtils.java:logGet(43)) - raft.server.rpc.timeout.max = 5200ms (custom)
2019-10-02 19:50:05,484 [pool-393-thread-1] INFO  server.RaftServerConfigKeys (ConfUtils.java:logGet(43)) - raft.server.rpcslowness.timeout = 120s (custom)
2019-10-02 19:50:05,484 [pool-393-thread-1] INFO  server.RaftServerConfigKeys (ConfUtils.java:logGet(43)) - raft.server.sleep.deviation.threshold = 300 (default)
2019-10-02 19:50:05,484 [pool-393-thread-1] INFO  server.RaftServerConfigKeys (ConfUtils.java:logGet(43)) - raft.server.log.appender.install.snapshot.enabled = false (custom)
2019-10-02 19:50:05,484 [pool-393-thread-1] INFO  impl.RaftServerImpl (ServerState.java:<init>(103)) - 309fa5a4-cdbf-42cc-94f7-a94586997cb4@group-776252A533B9: ConfigurationManager, init=-1: [309fa5a4-cdbf-42cc-94f7-a94586997cb4:192.168.30.8:37491], old=null, confs=<EMPTY_MAP>
2019-10-02 19:50:05,485 [pool-393-thread-1] INFO  server.RaftServerConfigKeys (ConfUtils.java:logGet(43)) - raft.server.storage.dir = [/workdir/hadoop-ozone/integration-test/target/test-dir/MiniOzoneClusterImpl-e6381cb0-e569-48f2-8813-b93856510a3e/datanode-1/data/ratis] (custom)
2019-10-02 19:50:05,485 [pool-393-thread-1] INFO  server.RaftServerConfigKeys (ConfUtils.java:logGet(43)) - raft.server.log.corruption.policy = EXCEPTION (default)
2019-10-02 19:50:05,485 [pool-393-thread-1] INFO  storage.RaftStorageDirectory (RaftStorageDirectory.java:analyzeStorage(246)) - The storage directory /workdir/hadoop-ozone/integration-test/target/test-dir/MiniOzoneClusterImpl-e6381cb0-e569-48f2-8813-b93856510a3e/datanode-1/data/ratis/f0314623-45ea-409d-b692-776252a533b9 does not exist. Creating ...
2019-10-02 19:50:05,509 [pool-393-thread-1] INFO  storage.RaftStorageDirectory (RaftStorageDirectory.java:tryLock(328)) - Lock on /workdir/hadoop-ozone/integration-test/target/test-dir/MiniOzoneClusterImpl-e6381cb0-e569-48f2-8813-b93856510a3e/datanode-1/data/ratis/f0314623-45ea-409d-b692-776252a533b9/in_use.lock acquired by nodename 6817@pr-hdds-2226-secures3-55zz4-4099447309
2019-10-02 19:50:05,521 [IPC Server handler 0 on 45368] INFO  net.NetworkTopology (NetworkTopologyImpl.java:add(111)) - Added a new node: /default-rack/aee965ed-9a9c-47a3-aabc-5d46a53ccf26
2019-10-02 19:50:05,521 [IPC Server handler 0 on 45368] INFO  node.SCMNodeManager (SCMNodeManager.java:register(266)) - Registered Data node : aee965ed-9a9c-47a3-aabc-5d46a53ccf26{ip: 192.168.30.8, host: pr-hdds-2226-secures3-55zz4-4099447309, networkLocation: /default-rack, certSerialId: null}
2019-10-02 19:50:05,532 [pool-393-thread-1] INFO  storage.RaftStorage (RaftStorage.java:format(84)) - Storage directory /workdir/hadoop-ozone/integration-test/target/test-dir/MiniOzoneClusterImpl-e6381cb0-e569-48f2-8813-b93856510a3e/datanode-1/data/ratis/f0314623-45ea-409d-b692-776252a533b9 has been successfully formatted.
2019-10-02 19:50:05,532 [pool-393-thread-1] INFO  ratis.ContainerStateMachine (ContainerStateMachine.java:loadSnapshot(230)) - group-776252A533B9: The snapshot info is null. Setting the last applied indexto:(t:0, i:~)
2019-10-02 19:50:05,532 [pool-393-thread-1] INFO  server.RaftServerConfigKeys (ConfUtils.java:logGet(43)) - raft.server.notification.no-leader.timeout = 120s (custom)
2019-10-02 19:50:05,532 [pool-393-thread-1] INFO  server.RaftServerConfigKeys (ConfUtils.java:logGet(43)) - raft.server.log.use.memory = false (default)
2019-10-02 19:50:05,532 [pool-393-thread-1] INFO  server.RaftServerConfigKeys (ConfUtils.java:logGet(43)) - raft.server.log.purge.gap = 1000000 (custom)
2019-10-02 19:50:05,532 [pool-393-thread-1] INFO  server.RaftServerConfigKeys (ConfUtils.java:logGet(43)) - raft.server.log.appender.buffer.byte-limit = 33554432 (custom)
2019-10-02 19:50:05,533 [pool-393-thread-1] INFO  server.RaftServerConfigKeys (ConfUtils.java:logGet(43)) - raft.server.log.segment.size.max = 1048576 (custom)
2019-10-02 19:50:05,534 [pool-393-thread-1] INFO  server.RaftServerConfigKeys (ConfUtils.java:logGet(43)) - raft.server.log.segment.cache.num.max = 2 (custom)
2019-10-02 19:50:05,534 [pool-393-thread-1] INFO  segmented.SegmentedRaftLogWorker (SegmentedRaftLogWorker.java:<init>(173)) - new 309fa5a4-cdbf-42cc-94f7-a94586997cb4@group-776252A533B9-SegmentedRaftLogWorker for RaftStorage:Storage Directory /workdir/hadoop-ozone/integration-test/target/test-dir/MiniOzoneClusterImpl-e6381cb0-e569-48f2-8813-b93856510a3e/datanode-1/data/ratis/f0314623-45ea-409d-b692-776252a533b9
2019-10-02 19:50:05,534 [pool-393-thread-1] INFO  server.RaftServerConfigKeys (ConfUtils.java:logGet(43)) - raft.server.log.queue.byte-limit = 2147483647 (custom)
2019-10-02 19:50:05,534 [pool-393-thread-1] INFO  server.RaftServerConfigKeys (ConfUtils.java:logGet(43)) - raft.server.log.queue.element-limit = 1024 (custom)
2019-10-02 19:50:05,534 [pool-393-thread-1] INFO  server.RaftServerConfigKeys (ConfUtils.java:logGet(43)) - raft.server.log.segment.size.max = 1048576 (custom)
2019-10-02 19:50:05,535 [pool-393-thread-1] INFO  server.RaftServerConfigKeys (ConfUtils.java:logGet(43)) - raft.server.log.preallocated.size = 16384 (custom)
2019-10-02 19:50:05,535 [pool-393-thread-1] INFO  server.RaftServerConfigKeys (ConfUtils.java:logGet(43)) - raft.server.log.write.buffer.size = 33554432 (custom)
2019-10-02 19:50:05,535 [pool-393-thread-1] INFO  server.RaftServerConfigKeys (ConfUtils.java:logGet(43)) - raft.server.log.force.sync.num = 128 (default)
2019-10-02 19:50:05,535 [pool-393-thread-1] INFO  server.RaftServerConfigKeys (ConfUtils.java:logGet(43)) - raft.server.log.statemachine.data.sync = true (default)
2019-10-02 19:50:05,535 [pool-393-thread-1] INFO  server.RaftServerConfigKeys (ConfUtils.java:logGet(43)) - raft.server.log.statemachine.data.sync.timeout = 10s (default)
2019-10-02 19:50:05,535 [pool-393-thread-1] INFO  server.RaftServerConfigKeys (ConfUtils.java:logGet(43)) - raft.server.log.statemachine.data.sync.timeout.retry = -1 (default)
2019-10-02 19:50:05,535 [pool-393-thread-1] INFO  server.RaftServerConfigKeys (ConfUtils.java:logGet(43)) - raft.server.log.statemachine.data.caching.enabled = true (custom)
2019-10-02 19:50:05,536 [pool-393-thread-1] INFO  segmented.SegmentedRaftLogWorker (SegmentedRaftLogWorker.java:lambda$new$0(128)) - 309fa5a4-cdbf-42cc-94f7-a94586997cb4@group-776252A533B9-SegmentedRaftLogWorker: flushIndex: setUnconditionally 0 -> -1
2019-10-02 19:50:05,536 [pool-393-thread-1] INFO  server.RaftServerConfigKeys (ConfUtils.java:logGet(43)) - raft.server.snapshot.auto.trigger.enabled = true (custom)
2019-10-02 19:50:05,536 [pool-393-thread-1] INFO  server.RaftServerConfigKeys (ConfUtils.java:logGet(43)) - raft.server.snapshot.auto.trigger.threshold = 10000 (custom)
2019-10-02 19:50:05,536 [pool-393-thread-1] INFO  server.RaftServerConfigKeys (ConfUtils.java:logGet(43)) - raft.server.snapshot.retention.file.num = 5 (custom)
2019-10-02 19:50:05,536 [pool-393-thread-1] INFO  server.RaftServerConfigKeys (ConfUtils.java:logGet(43)) - raft.server.retrycache.expirytime = 600000ms (custom)
2019-10-02 19:50:05,538 [pool-393-thread-1] INFO  impl.RaftServerImpl (RaftServerImpl.java:start(181)) - 309fa5a4-cdbf-42cc-94f7-a94586997cb4@group-776252A533B9: start as a follower, conf=-1: [309fa5a4-cdbf-42cc-94f7-a94586997cb4:192.168.30.8:37491], old=null
2019-10-02 19:50:05,538 [pool-393-thread-1] INFO  impl.RaftServerImpl (RaftServerImpl.java:setRole(170)) - 309fa5a4-cdbf-42cc-94f7-a94586997cb4@group-776252A533B9: changes role from      null to FOLLOWER at term 0 for startAsFollower
2019-10-02 19:50:05,538 [pool-393-thread-1] INFO  impl.RoleInfo (RoleInfo.java:updateAndGet(143)) - 309fa5a4-cdbf-42cc-94f7-a94586997cb4: start FollowerState
2019-10-02 19:50:05,538 [pool-393-thread-1] INFO  util.JmxRegister (JmxRegister.java:tryRegister(44)) - Successfully registered JMX Bean with object name Ratis:service=RaftServer,group=group-776252A533B9,id=309fa5a4-cdbf-42cc-94f7-a94586997cb4
2019-10-02 19:50:05,542 [RatisPipelineUtilsThread] INFO  pipeline.PipelineStateManager (PipelineStateManager.java:addPipeline(56)) - Created pipeline Pipeline[ Id: f0314623-45ea-409d-b692-776252a533b9, Nodes: 309fa5a4-cdbf-42cc-94f7-a94586997cb4{ip: 192.168.30.8, host: pr-hdds-2226-secures3-55zz4-4099447309, networkLocation: /default-rack, certSerialId: null}, Type:RATIS, Factor:ONE, State:OPEN]
2019-10-02 19:50:05,549 [grpc-default-executor-3] INFO  impl.RaftServerProxy (RaftServerProxy.java:addNew(89)) - aee965ed-9a9c-47a3-aabc-5d46a53ccf26: addNew group-8C9EE76319DC:[aee965ed-9a9c-47a3-aabc-5d46a53ccf26:192.168.30.8:41584] returns group-8C9EE76319DC:java.util.concurrent.CompletableFuture@38d69a8e[Not completed]
2019-10-02 19:50:05,550 [pool-403-thread-1] INFO  impl.RaftServerImpl (RaftServerImpl.java:<init>(95)) - aee965ed-9a9c-47a3-aabc-5d46a53ccf26: new RaftServerImpl for group-8C9EE76319DC:[aee965ed-9a9c-47a3-aabc-5d46a53ccf26:192.168.30.8:41584] with ContainerStateMachine:uninitialized
2019-10-02 19:50:05,551 [pool-403-thread-1] INFO  server.RaftServerConfigKeys (ConfUtils.java:logGet(43)) - raft.server.rpc.timeout.min = 5s (custom)
2019-10-02 19:50:05,551 [pool-403-thread-1] INFO  server.RaftServerConfigKeys (ConfUtils.java:logGet(43)) - raft.server.rpc.timeout.max = 5200ms (custom)
2019-10-02 19:50:05,551 [pool-403-thread-1] INFO  server.RaftServerConfigKeys (ConfUtils.java:logGet(43)) - raft.server.rpcslowness.timeout = 120s (custom)
2019-10-02 19:50:05,551 [pool-403-thread-1] INFO  server.RaftServerConfigKeys (ConfUtils.java:logGet(43)) - raft.server.sleep.deviation.threshold = 300 (default)
2019-10-02 19:50:05,551 [pool-403-thread-1] INFO  server.RaftServerConfigKeys (ConfUtils.java:logGet(43)) - raft.server.log.appender.install.snapshot.enabled = false (custom)
2019-10-02 19:50:05,551 [pool-403-thread-1] INFO  impl.RaftServerImpl (ServerState.java:<init>(103)) - aee965ed-9a9c-47a3-aabc-5d46a53ccf26@group-8C9EE76319DC: ConfigurationManager, init=-1: [aee965ed-9a9c-47a3-aabc-5d46a53ccf26:192.168.30.8:41584], old=null, confs=<EMPTY_MAP>
2019-10-02 19:50:05,552 [pool-403-thread-1] INFO  server.RaftServerConfigKeys (ConfUtils.java:logGet(43)) - raft.server.storage.dir = [/workdir/hadoop-ozone/integration-test/target/test-dir/MiniOzoneClusterImpl-e6381cb0-e569-48f2-8813-b93856510a3e/datanode-2/data/ratis] (custom)
2019-10-02 19:50:05,552 [pool-403-thread-1] INFO  server.RaftServerConfigKeys (ConfUtils.java:logGet(43)) - raft.server.log.corruption.policy = EXCEPTION (default)
2019-10-02 19:50:05,552 [pool-403-thread-1] INFO  storage.RaftStorageDirectory (RaftStorageDirectory.java:analyzeStorage(246)) - The storage directory /workdir/hadoop-ozone/integration-test/target/test-dir/MiniOzoneClusterImpl-e6381cb0-e569-48f2-8813-b93856510a3e/datanode-2/data/ratis/b1cd718d-1de7-48b4-b8b2-8c9ee76319dc does not exist. Creating ...
2019-10-02 19:50:05,575 [pool-403-thread-1] INFO  storage.RaftStorageDirectory (RaftStorageDirectory.java:tryLock(328)) - Lock on /workdir/hadoop-ozone/integration-test/target/test-dir/MiniOzoneClusterImpl-e6381cb0-e569-48f2-8813-b93856510a3e/datanode-2/data/ratis/b1cd718d-1de7-48b4-b8b2-8c9ee76319dc/in_use.lock acquired by nodename 6817@pr-hdds-2226-secures3-55zz4-4099447309
2019-10-02 19:50:05,583 [IPC Server handler 1 on 45368] INFO  net.NetworkTopology (NetworkTopologyImpl.java:add(111)) - Added a new node: /default-rack/0da31224-e0a2-4f91-8273-9257d2cc342f
2019-10-02 19:50:05,583 [IPC Server handler 1 on 45368] INFO  node.SCMNodeManager (SCMNodeManager.java:register(266)) - Registered Data node : 0da31224-e0a2-4f91-8273-9257d2cc342f{ip: 192.168.30.8, host: pr-hdds-2226-secures3-55zz4-4099447309, networkLocation: /default-rack, certSerialId: null}
2019-10-02 19:50:05,599 [pool-403-thread-1] INFO  storage.RaftStorage (RaftStorage.java:format(84)) - Storage directory /workdir/hadoop-ozone/integration-test/target/test-dir/MiniOzoneClusterImpl-e6381cb0-e569-48f2-8813-b93856510a3e/datanode-2/data/ratis/b1cd718d-1de7-48b4-b8b2-8c9ee76319dc has been successfully formatted.
2019-10-02 19:50:05,599 [pool-403-thread-1] INFO  ratis.ContainerStateMachine (ContainerStateMachine.java:loadSnapshot(230)) - group-8C9EE76319DC: The snapshot info is null. Setting the last applied indexto:(t:0, i:~)
2019-10-02 19:50:05,600 [pool-403-thread-1] INFO  server.RaftServerConfigKeys (ConfUtils.java:logGet(43)) - raft.server.notification.no-leader.timeout = 120s (custom)
2019-10-02 19:50:05,600 [pool-403-thread-1] INFO  server.RaftServerConfigKeys (ConfUtils.java:logGet(43)) - raft.server.log.use.memory = false (default)
2019-10-02 19:50:05,600 [pool-403-thread-1] INFO  server.RaftServerConfigKeys (ConfUtils.java:logGet(43)) - raft.server.log.purge.gap = 1000000 (custom)
2019-10-02 19:50:05,600 [pool-403-thread-1] INFO  server.RaftServerConfigKeys (ConfUtils.java:logGet(43)) - raft.server.log.appender.buffer.byte-limit = 33554432 (custom)
2019-10-02 19:50:05,600 [pool-403-thread-1] INFO  server.RaftServerConfigKeys (ConfUtils.java:logGet(43)) - raft.server.log.segment.size.max = 1048576 (custom)
2019-10-02 19:50:05,602 [pool-403-thread-1] INFO  server.RaftServerConfigKeys (ConfUtils.java:logGet(43)) - raft.server.log.segment.cache.num.max = 2 (custom)
2019-10-02 19:50:05,602 [pool-403-thread-1] INFO  segmented.SegmentedRaftLogWorker (SegmentedRaftLogWorker.java:<init>(173)) - new aee965ed-9a9c-47a3-aabc-5d46a53ccf26@group-8C9EE76319DC-SegmentedRaftLogWorker for RaftStorage:Storage Directory /workdir/hadoop-ozone/integration-test/target/test-dir/MiniOzoneClusterImpl-e6381cb0-e569-48f2-8813-b93856510a3e/datanode-2/data/ratis/b1cd718d-1de7-48b4-b8b2-8c9ee76319dc
2019-10-02 19:50:05,602 [pool-403-thread-1] INFO  server.RaftServerConfigKeys (ConfUtils.java:logGet(43)) - raft.server.log.queue.byte-limit = 2147483647 (custom)
2019-10-02 19:50:05,602 [pool-403-thread-1] INFO  server.RaftServerConfigKeys (ConfUtils.java:logGet(43)) - raft.server.log.queue.element-limit = 1024 (custom)
2019-10-02 19:50:05,602 [pool-403-thread-1] INFO  server.RaftServerConfigKeys (ConfUtils.java:logGet(43)) - raft.server.log.segment.size.max = 1048576 (custom)
2019-10-02 19:50:05,602 [pool-403-thread-1] INFO  server.RaftServerConfigKeys (ConfUtils.java:logGet(43)) - raft.server.log.preallocated.size = 16384 (custom)
2019-10-02 19:50:05,603 [pool-403-thread-1] INFO  server.RaftServerConfigKeys (ConfUtils.java:logGet(43)) - raft.server.log.write.buffer.size = 33554432 (custom)
2019-10-02 19:50:05,603 [pool-403-thread-1] INFO  server.RaftServerConfigKeys (ConfUtils.java:logGet(43)) - raft.server.log.force.sync.num = 128 (default)
2019-10-02 19:50:05,603 [pool-403-thread-1] INFO  server.RaftServerConfigKeys (ConfUtils.java:logGet(43)) - raft.server.log.statemachine.data.sync = true (default)
2019-10-02 19:50:05,603 [pool-403-thread-1] INFO  server.RaftServerConfigKeys (ConfUtils.java:logGet(43)) - raft.server.log.statemachine.data.sync.timeout = 10s (default)
2019-10-02 19:50:05,603 [pool-403-thread-1] INFO  server.RaftServerConfigKeys (ConfUtils.java:logGet(43)) - raft.server.log.statemachine.data.sync.timeout.retry = -1 (default)
2019-10-02 19:50:05,603 [pool-403-thread-1] INFO  server.RaftServerConfigKeys (ConfUtils.java:logGet(43)) - raft.server.log.statemachine.data.caching.enabled = true (custom)
2019-10-02 19:50:05,604 [pool-403-thread-1] INFO  segmented.SegmentedRaftLogWorker (SegmentedRaftLogWorker.java:lambda$new$0(128)) - aee965ed-9a9c-47a3-aabc-5d46a53ccf26@group-8C9EE76319DC-SegmentedRaftLogWorker: flushIndex: setUnconditionally 0 -> -1
2019-10-02 19:50:05,604 [pool-403-thread-1] INFO  server.RaftServerConfigKeys (ConfUtils.java:logGet(43)) - raft.server.snapshot.auto.trigger.enabled = true (custom)
2019-10-02 19:50:05,604 [pool-403-thread-1] INFO  server.RaftServerConfigKeys (ConfUtils.java:logGet(43)) - raft.server.snapshot.auto.trigger.threshold = 10000 (custom)
2019-10-02 19:50:05,604 [pool-403-thread-1] INFO  server.RaftServerConfigKeys (ConfUtils.java:logGet(43)) - raft.server.snapshot.retention.file.num = 5 (custom)
2019-10-02 19:50:05,604 [pool-403-thread-1] INFO  server.RaftServerConfigKeys (ConfUtils.java:logGet(43)) - raft.server.retrycache.expirytime = 600000ms (custom)
2019-10-02 19:50:05,606 [pool-403-thread-1] INFO  impl.RaftServerImpl (RaftServerImpl.java:start(181)) - aee965ed-9a9c-47a3-aabc-5d46a53ccf26@group-8C9EE76319DC: start as a follower, conf=-1: [aee965ed-9a9c-47a3-aabc-5d46a53ccf26:192.168.30.8:41584], old=null
2019-10-02 19:50:05,606 [pool-403-thread-1] INFO  impl.RaftServerImpl (RaftServerImpl.java:setRole(170)) - aee965ed-9a9c-47a3-aabc-5d46a53ccf26@group-8C9EE76319DC: changes role from      null to FOLLOWER at term 0 for startAsFollower
2019-10-02 19:50:05,606 [pool-403-thread-1] INFO  impl.RoleInfo (RoleInfo.java:updateAndGet(143)) - aee965ed-9a9c-47a3-aabc-5d46a53ccf26: start FollowerState
2019-10-02 19:50:05,606 [pool-403-thread-1] INFO  util.JmxRegister (JmxRegister.java:tryRegister(44)) - Successfully registered JMX Bean with object name Ratis:service=RaftServer,group=group-8C9EE76319DC,id=aee965ed-9a9c-47a3-aabc-5d46a53ccf26
2019-10-02 19:50:05,610 [RatisPipelineUtilsThread] INFO  pipeline.PipelineStateManager (PipelineStateManager.java:addPipeline(56)) - Created pipeline Pipeline[ Id: b1cd718d-1de7-48b4-b8b2-8c9ee76319dc, Nodes: aee965ed-9a9c-47a3-aabc-5d46a53ccf26{ip: 192.168.30.8, host: pr-hdds-2226-secures3-55zz4-4099447309, networkLocation: /default-rack, certSerialId: null}, Type:RATIS, Factor:ONE, State:OPEN]
2019-10-02 19:50:05,619 [grpc-default-executor-3] INFO  impl.RaftServerProxy (RaftServerProxy.java:addNew(89)) - 0da31224-e0a2-4f91-8273-9257d2cc342f: addNew group-747A728E5E56:[0da31224-e0a2-4f91-8273-9257d2cc342f:192.168.30.8:36079] returns group-747A728E5E56:java.util.concurrent.CompletableFuture@7c6af868[Not completed]
2019-10-02 19:50:05,620 [pool-413-thread-1] INFO  impl.RaftServerImpl (RaftServerImpl.java:<init>(95)) - 0da31224-e0a2-4f91-8273-9257d2cc342f: new RaftServerImpl for group-747A728E5E56:[0da31224-e0a2-4f91-8273-9257d2cc342f:192.168.30.8:36079] with ContainerStateMachine:uninitialized
2019-10-02 19:50:05,620 [pool-413-thread-1] INFO  server.RaftServerConfigKeys (ConfUtils.java:logGet(43)) - raft.server.rpc.timeout.min = 5s (custom)
2019-10-02 19:50:05,620 [pool-413-thread-1] INFO  server.RaftServerConfigKeys (ConfUtils.java:logGet(43)) - raft.server.rpc.timeout.max = 5200ms (custom)
2019-10-02 19:50:05,620 [pool-413-thread-1] INFO  server.RaftServerConfigKeys (ConfUtils.java:logGet(43)) - raft.server.rpcslowness.timeout = 120s (custom)
2019-10-02 19:50:05,620 [pool-413-thread-1] INFO  server.RaftServerConfigKeys (ConfUtils.java:logGet(43)) - raft.server.sleep.deviation.threshold = 300 (default)
2019-10-02 19:50:05,620 [pool-413-thread-1] INFO  server.RaftServerConfigKeys (ConfUtils.java:logGet(43)) - raft.server.log.appender.install.snapshot.enabled = false (custom)
2019-10-02 19:50:05,620 [pool-413-thread-1] INFO  impl.RaftServerImpl (ServerState.java:<init>(103)) - 0da31224-e0a2-4f91-8273-9257d2cc342f@group-747A728E5E56: ConfigurationManager, init=-1: [0da31224-e0a2-4f91-8273-9257d2cc342f:192.168.30.8:36079], old=null, confs=<EMPTY_MAP>
2019-10-02 19:50:05,620 [pool-413-thread-1] INFO  server.RaftServerConfigKeys (ConfUtils.java:logGet(43)) - raft.server.storage.dir = [/workdir/hadoop-ozone/integration-test/target/test-dir/MiniOzoneClusterImpl-e6381cb0-e569-48f2-8813-b93856510a3e/datanode-3/data/ratis] (custom)
2019-10-02 19:50:05,621 [pool-413-thread-1] INFO  server.RaftServerConfigKeys (ConfUtils.java:logGet(43)) - raft.server.log.corruption.policy = EXCEPTION (default)
2019-10-02 19:50:05,621 [pool-413-thread-1] INFO  storage.RaftStorageDirectory (RaftStorageDirectory.java:analyzeStorage(246)) - The storage directory /workdir/hadoop-ozone/integration-test/target/test-dir/MiniOzoneClusterImpl-e6381cb0-e569-48f2-8813-b93856510a3e/datanode-3/data/ratis/55a5aaf5-5c07-4fce-a9bf-747a728e5e56 does not exist. Creating ...
2019-10-02 19:50:05,638 [IPC Server handler 4 on 45368] INFO  net.NetworkTopology (NetworkTopologyImpl.java:add(111)) - Added a new node: /default-rack/2973cdd7-bcb7-4fc5-a4ea-f0116652941b
2019-10-02 19:50:05,638 [IPC Server handler 4 on 45368] INFO  node.SCMNodeManager (SCMNodeManager.java:register(266)) - Registered Data node : 2973cdd7-bcb7-4fc5-a4ea-f0116652941b{ip: 192.168.30.8, host: pr-hdds-2226-secures3-55zz4-4099447309, networkLocation: /default-rack, certSerialId: null}
2019-10-02 19:50:05,643 [pool-413-thread-1] INFO  storage.RaftStorageDirectory (RaftStorageDirectory.java:tryLock(328)) - Lock on /workdir/hadoop-ozone/integration-test/target/test-dir/MiniOzoneClusterImpl-e6381cb0-e569-48f2-8813-b93856510a3e/datanode-3/data/ratis/55a5aaf5-5c07-4fce-a9bf-747a728e5e56/in_use.lock acquired by nodename 6817@pr-hdds-2226-secures3-55zz4-4099447309
2019-10-02 19:50:05,667 [pool-413-thread-1] INFO  storage.RaftStorage (RaftStorage.java:format(84)) - Storage directory /workdir/hadoop-ozone/integration-test/target/test-dir/MiniOzoneClusterImpl-e6381cb0-e569-48f2-8813-b93856510a3e/datanode-3/data/ratis/55a5aaf5-5c07-4fce-a9bf-747a728e5e56 has been successfully formatted.
2019-10-02 19:50:05,667 [pool-413-thread-1] INFO  ratis.ContainerStateMachine (ContainerStateMachine.java:loadSnapshot(230)) - group-747A728E5E56: The snapshot info is null. Setting the last applied indexto:(t:0, i:~)
2019-10-02 19:50:05,668 [pool-413-thread-1] INFO  server.RaftServerConfigKeys (ConfUtils.java:logGet(43)) - raft.server.notification.no-leader.timeout = 120s (custom)
2019-10-02 19:50:05,668 [pool-413-thread-1] INFO  server.RaftServerConfigKeys (ConfUtils.java:logGet(43)) - raft.server.log.use.memory = false (default)
2019-10-02 19:50:05,668 [pool-413-thread-1] INFO  server.RaftServerConfigKeys (ConfUtils.java:logGet(43)) - raft.server.log.purge.gap = 1000000 (custom)
2019-10-02 19:50:05,668 [pool-413-thread-1] INFO  server.RaftServerConfigKeys (ConfUtils.java:logGet(43)) - raft.server.log.appender.buffer.byte-limit = 33554432 (custom)
2019-10-02 19:50:05,668 [pool-413-thread-1] INFO  server.RaftServerConfigKeys (ConfUtils.java:logGet(43)) - raft.server.log.segment.size.max = 1048576 (custom)
2019-10-02 19:50:05,670 [pool-413-thread-1] INFO  server.RaftServerConfigKeys (ConfUtils.java:logGet(43)) - raft.server.log.segment.cache.num.max = 2 (custom)
2019-10-02 19:50:05,670 [pool-413-thread-1] INFO  segmented.SegmentedRaftLogWorker (SegmentedRaftLogWorker.java:<init>(173)) - new 0da31224-e0a2-4f91-8273-9257d2cc342f@group-747A728E5E56-SegmentedRaftLogWorker for RaftStorage:Storage Directory /workdir/hadoop-ozone/integration-test/target/test-dir/MiniOzoneClusterImpl-e6381cb0-e569-48f2-8813-b93856510a3e/datanode-3/data/ratis/55a5aaf5-5c07-4fce-a9bf-747a728e5e56
2019-10-02 19:50:05,670 [pool-413-thread-1] INFO  server.RaftServerConfigKeys (ConfUtils.java:logGet(43)) - raft.server.log.queue.byte-limit = 2147483647 (custom)
2019-10-02 19:50:05,670 [pool-413-thread-1] INFO  server.RaftServerConfigKeys (ConfUtils.java:logGet(43)) - raft.server.log.queue.element-limit = 1024 (custom)
2019-10-02 19:50:05,670 [pool-413-thread-1] INFO  server.RaftServerConfigKeys (ConfUtils.java:logGet(43)) - raft.server.log.segment.size.max = 1048576 (custom)
2019-10-02 19:50:05,670 [pool-413-thread-1] INFO  server.RaftServerConfigKeys (ConfUtils.java:logGet(43)) - raft.server.log.preallocated.size = 16384 (custom)
2019-10-02 19:50:05,671 [pool-413-thread-1] INFO  server.RaftServerConfigKeys (ConfUtils.java:logGet(43)) - raft.server.log.write.buffer.size = 33554432 (custom)
2019-10-02 19:50:05,671 [pool-413-thread-1] INFO  server.RaftServerConfigKeys (ConfUtils.java:logGet(43)) - raft.server.log.force.sync.num = 128 (default)
2019-10-02 19:50:05,671 [pool-413-thread-1] INFO  server.RaftServerConfigKeys (ConfUtils.java:logGet(43)) - raft.server.log.statemachine.data.sync = true (default)
2019-10-02 19:50:05,671 [pool-413-thread-1] INFO  server.RaftServerConfigKeys (ConfUtils.java:logGet(43)) - raft.server.log.statemachine.data.sync.timeout = 10s (default)
2019-10-02 19:50:05,671 [pool-413-thread-1] INFO  server.RaftServerConfigKeys (ConfUtils.java:logGet(43)) - raft.server.log.statemachine.data.sync.timeout.retry = -1 (default)
2019-10-02 19:50:05,671 [pool-413-thread-1] INFO  server.RaftServerConfigKeys (ConfUtils.java:logGet(43)) - raft.server.log.statemachine.data.caching.enabled = true (custom)
2019-10-02 19:50:05,672 [pool-413-thread-1] INFO  segmented.SegmentedRaftLogWorker (SegmentedRaftLogWorker.java:lambda$new$0(128)) - 0da31224-e0a2-4f91-8273-9257d2cc342f@group-747A728E5E56-SegmentedRaftLogWorker: flushIndex: setUnconditionally 0 -> -1
2019-10-02 19:50:05,672 [pool-413-thread-1] INFO  server.RaftServerConfigKeys (ConfUtils.java:logGet(43)) - raft.server.snapshot.auto.trigger.enabled = true (custom)
2019-10-02 19:50:05,672 [pool-413-thread-1] INFO  server.RaftServerConfigKeys (ConfUtils.java:logGet(43)) - raft.server.snapshot.auto.trigger.threshold = 10000 (custom)
2019-10-02 19:50:05,672 [pool-413-thread-1] INFO  server.RaftServerConfigKeys (ConfUtils.java:logGet(43)) - raft.server.snapshot.retention.file.num = 5 (custom)
2019-10-02 19:50:05,672 [pool-413-thread-1] INFO  server.RaftServerConfigKeys (ConfUtils.java:logGet(43)) - raft.server.retrycache.expirytime = 600000ms (custom)
2019-10-02 19:50:05,674 [pool-413-thread-1] INFO  impl.RaftServerImpl (RaftServerImpl.java:start(181)) - 0da31224-e0a2-4f91-8273-9257d2cc342f@group-747A728E5E56: start as a follower, conf=-1: [0da31224-e0a2-4f91-8273-9257d2cc342f:192.168.30.8:36079], old=null
2019-10-02 19:50:05,674 [pool-413-thread-1] INFO  impl.RaftServerImpl (RaftServerImpl.java:setRole(170)) - 0da31224-e0a2-4f91-8273-9257d2cc342f@group-747A728E5E56: changes role from      null to FOLLOWER at term 0 for startAsFollower
2019-10-02 19:50:05,674 [pool-413-thread-1] INFO  impl.RoleInfo (RoleInfo.java:updateAndGet(143)) - 0da31224-e0a2-4f91-8273-9257d2cc342f: start FollowerState
2019-10-02 19:50:05,674 [pool-413-thread-1] INFO  util.JmxRegister (JmxRegister.java:tryRegister(44)) - Successfully registered JMX Bean with object name Ratis:service=RaftServer,group=group-747A728E5E56,id=0da31224-e0a2-4f91-8273-9257d2cc342f
2019-10-02 19:50:05,678 [RatisPipelineUtilsThread] INFO  pipeline.PipelineStateManager (PipelineStateManager.java:addPipeline(56)) - Created pipeline Pipeline[ Id: 55a5aaf5-5c07-4fce-a9bf-747a728e5e56, Nodes: 0da31224-e0a2-4f91-8273-9257d2cc342f{ip: 192.168.30.8, host: pr-hdds-2226-secures3-55zz4-4099447309, networkLocation: /default-rack, certSerialId: null}, Type:RATIS, Factor:ONE, State:OPEN]
2019-10-02 19:50:05,685 [grpc-default-executor-3] INFO  impl.RaftServerProxy (RaftServerProxy.java:addNew(89)) - 2973cdd7-bcb7-4fc5-a4ea-f0116652941b: addNew group-41206B5283C1:[2973cdd7-bcb7-4fc5-a4ea-f0116652941b:192.168.30.8:39270] returns group-41206B5283C1:java.util.concurrent.CompletableFuture@a42f69f[Not completed]
2019-10-02 19:50:05,686 [pool-423-thread-1] INFO  impl.RaftServerImpl (RaftServerImpl.java:<init>(95)) - 2973cdd7-bcb7-4fc5-a4ea-f0116652941b: new RaftServerImpl for group-41206B5283C1:[2973cdd7-bcb7-4fc5-a4ea-f0116652941b:192.168.30.8:39270] with ContainerStateMachine:uninitialized
2019-10-02 19:50:05,686 [pool-423-thread-1] INFO  server.RaftServerConfigKeys (ConfUtils.java:logGet(43)) - raft.server.rpc.timeout.min = 5s (custom)
2019-10-02 19:50:05,686 [pool-423-thread-1] INFO  server.RaftServerConfigKeys (ConfUtils.java:logGet(43)) - raft.server.rpc.timeout.max = 5200ms (custom)
2019-10-02 19:50:05,686 [pool-423-thread-1] INFO  server.RaftServerConfigKeys (ConfUtils.java:logGet(43)) - raft.server.rpcslowness.timeout = 120s (custom)
2019-10-02 19:50:05,686 [pool-423-thread-1] INFO  server.RaftServerConfigKeys (ConfUtils.java:logGet(43)) - raft.server.sleep.deviation.threshold = 300 (default)
2019-10-02 19:50:05,686 [pool-423-thread-1] INFO  server.RaftServerConfigKeys (ConfUtils.java:logGet(43)) - raft.server.log.appender.install.snapshot.enabled = false (custom)
2019-10-02 19:50:05,686 [pool-423-thread-1] INFO  impl.RaftServerImpl (ServerState.java:<init>(103)) - 2973cdd7-bcb7-4fc5-a4ea-f0116652941b@group-41206B5283C1: ConfigurationManager, init=-1: [2973cdd7-bcb7-4fc5-a4ea-f0116652941b:192.168.30.8:39270], old=null, confs=<EMPTY_MAP>
2019-10-02 19:50:05,686 [pool-423-thread-1] INFO  server.RaftServerConfigKeys (ConfUtils.java:logGet(43)) - raft.server.storage.dir = [/workdir/hadoop-ozone/integration-test/target/test-dir/MiniOzoneClusterImpl-e6381cb0-e569-48f2-8813-b93856510a3e/datanode-4/data/ratis] (custom)
2019-10-02 19:50:05,686 [pool-423-thread-1] INFO  server.RaftServerConfigKeys (ConfUtils.java:logGet(43)) - raft.server.log.corruption.policy = EXCEPTION (default)
2019-10-02 19:50:05,687 [pool-423-thread-1] INFO  storage.RaftStorageDirectory (RaftStorageDirectory.java:analyzeStorage(246)) - The storage directory /workdir/hadoop-ozone/integration-test/target/test-dir/MiniOzoneClusterImpl-e6381cb0-e569-48f2-8813-b93856510a3e/datanode-4/data/ratis/fdcb39ef-b0a7-4c83-96ea-41206b5283c1 does not exist. Creating ...
2019-10-02 19:50:05,704 [IPC Server handler 5 on 45368] INFO  net.NetworkTopology (NetworkTopologyImpl.java:add(111)) - Added a new node: /default-rack/26bbf6b0-8d5e-4c15-bdbb-13873a5d633f
2019-10-02 19:50:05,704 [IPC Server handler 5 on 45368] INFO  node.SCMNodeManager (SCMNodeManager.java:register(266)) - Registered Data node : 26bbf6b0-8d5e-4c15-bdbb-13873a5d633f{ip: 192.168.30.8, host: pr-hdds-2226-secures3-55zz4-4099447309, networkLocation: /default-rack, certSerialId: null}
2019-10-02 19:50:05,709 [pool-423-thread-1] INFO  storage.RaftStorageDirectory (RaftStorageDirectory.java:tryLock(328)) - Lock on /workdir/hadoop-ozone/integration-test/target/test-dir/MiniOzoneClusterImpl-e6381cb0-e569-48f2-8813-b93856510a3e/datanode-4/data/ratis/fdcb39ef-b0a7-4c83-96ea-41206b5283c1/in_use.lock acquired by nodename 6817@pr-hdds-2226-secures3-55zz4-4099447309
2019-10-02 19:50:05,759 [pool-423-thread-1] INFO  storage.RaftStorage (RaftStorage.java:format(84)) - Storage directory /workdir/hadoop-ozone/integration-test/target/test-dir/MiniOzoneClusterImpl-e6381cb0-e569-48f2-8813-b93856510a3e/datanode-4/data/ratis/fdcb39ef-b0a7-4c83-96ea-41206b5283c1 has been successfully formatted.
2019-10-02 19:50:05,759 [pool-423-thread-1] INFO  ratis.ContainerStateMachine (ContainerStateMachine.java:loadSnapshot(230)) - group-41206B5283C1: The snapshot info is null. Setting the last applied indexto:(t:0, i:~)
2019-10-02 19:50:05,759 [pool-423-thread-1] INFO  server.RaftServerConfigKeys (ConfUtils.java:logGet(43)) - raft.server.notification.no-leader.timeout = 120s (custom)
2019-10-02 19:50:05,759 [pool-423-thread-1] INFO  server.RaftServerConfigKeys (ConfUtils.java:logGet(43)) - raft.server.log.use.memory = false (default)
2019-10-02 19:50:05,759 [pool-423-thread-1] INFO  server.RaftServerConfigKeys (ConfUtils.java:logGet(43)) - raft.server.log.purge.gap = 1000000 (custom)
2019-10-02 19:50:05,760 [pool-423-thread-1] INFO  server.RaftServerConfigKeys (ConfUtils.java:logGet(43)) - raft.server.log.appender.buffer.byte-limit = 33554432 (custom)
2019-10-02 19:50:05,760 [pool-423-thread-1] INFO  server.RaftServerConfigKeys (ConfUtils.java:logGet(43)) - raft.server.log.segment.size.max = 1048576 (custom)
2019-10-02 19:50:05,761 [pool-423-thread-1] INFO  server.RaftServerConfigKeys (ConfUtils.java:logGet(43)) - raft.server.log.segment.cache.num.max = 2 (custom)
2019-10-02 19:50:05,761 [pool-423-thread-1] INFO  segmented.SegmentedRaftLogWorker (SegmentedRaftLogWorker.java:<init>(173)) - new 2973cdd7-bcb7-4fc5-a4ea-f0116652941b@group-41206B5283C1-SegmentedRaftLogWorker for RaftStorage:Storage Directory /workdir/hadoop-ozone/integration-test/target/test-dir/MiniOzoneClusterImpl-e6381cb0-e569-48f2-8813-b93856510a3e/datanode-4/data/ratis/fdcb39ef-b0a7-4c83-96ea-41206b5283c1
2019-10-02 19:50:05,761 [pool-423-thread-1] INFO  server.RaftServerConfigKeys (ConfUtils.java:logGet(43)) - raft.server.log.queue.byte-limit = 2147483647 (custom)
2019-10-02 19:50:05,761 [pool-423-thread-1] INFO  server.RaftServerConfigKeys (ConfUtils.java:logGet(43)) - raft.server.log.queue.element-limit = 1024 (custom)
2019-10-02 19:50:05,761 [pool-423-thread-1] INFO  server.RaftServerConfigKeys (ConfUtils.java:logGet(43)) - raft.server.log.segment.size.max = 1048576 (custom)
2019-10-02 19:50:05,761 [pool-423-thread-1] INFO  server.RaftServerConfigKeys (ConfUtils.java:logGet(43)) - raft.server.log.preallocated.size = 16384 (custom)
2019-10-02 19:50:05,761 [pool-423-thread-1] INFO  server.RaftServerConfigKeys (ConfUtils.java:logGet(43)) - raft.server.log.write.buffer.size = 33554432 (custom)
2019-10-02 19:50:05,761 [pool-423-thread-1] INFO  server.RaftServerConfigKeys (ConfUtils.java:logGet(43)) - raft.server.log.force.sync.num = 128 (default)
2019-10-02 19:50:05,761 [pool-423-thread-1] INFO  server.RaftServerConfigKeys (ConfUtils.java:logGet(43)) - raft.server.log.statemachine.data.sync = true (default)
2019-10-02 19:50:05,762 [pool-423-thread-1] INFO  server.RaftServerConfigKeys (ConfUtils.java:logGet(43)) - raft.server.log.statemachine.data.sync.timeout = 10s (default)
2019-10-02 19:50:05,762 [pool-423-thread-1] INFO  server.RaftServerConfigKeys (ConfUtils.java:logGet(43)) - raft.server.log.statemachine.data.sync.timeout.retry = -1 (default)
2019-10-02 19:50:05,762 [pool-423-thread-1] INFO  server.RaftServerConfigKeys (ConfUtils.java:logGet(43)) - raft.server.log.statemachine.data.caching.enabled = true (custom)
2019-10-02 19:50:05,762 [pool-423-thread-1] INFO  segmented.SegmentedRaftLogWorker (SegmentedRaftLogWorker.java:lambda$new$0(128)) - 2973cdd7-bcb7-4fc5-a4ea-f0116652941b@group-41206B5283C1-SegmentedRaftLogWorker: flushIndex: setUnconditionally 0 -> -1
2019-10-02 19:50:05,762 [pool-423-thread-1] INFO  server.RaftServerConfigKeys (ConfUtils.java:logGet(43)) - raft.server.snapshot.auto.trigger.enabled = true (custom)
2019-10-02 19:50:05,762 [pool-423-thread-1] INFO  server.RaftServerConfigKeys (ConfUtils.java:logGet(43)) - raft.server.snapshot.auto.trigger.threshold = 10000 (custom)
2019-10-02 19:50:05,762 [pool-423-thread-1] INFO  server.RaftServerConfigKeys (ConfUtils.java:logGet(43)) - raft.server.snapshot.retention.file.num = 5 (custom)
2019-10-02 19:50:05,763 [pool-423-thread-1] INFO  server.RaftServerConfigKeys (ConfUtils.java:logGet(43)) - raft.server.retrycache.expirytime = 600000ms (custom)
2019-10-02 19:50:05,764 [pool-423-thread-1] INFO  impl.RaftServerImpl (RaftServerImpl.java:start(181)) - 2973cdd7-bcb7-4fc5-a4ea-f0116652941b@group-41206B5283C1: start as a follower, conf=-1: [2973cdd7-bcb7-4fc5-a4ea-f0116652941b:192.168.30.8:39270], old=null
2019-10-02 19:50:05,764 [pool-423-thread-1] INFO  impl.RaftServerImpl (RaftServerImpl.java:setRole(170)) - 2973cdd7-bcb7-4fc5-a4ea-f0116652941b@group-41206B5283C1: changes role from      null to FOLLOWER at term 0 for startAsFollower
2019-10-02 19:50:05,764 [pool-423-thread-1] INFO  impl.RoleInfo (RoleInfo.java:updateAndGet(143)) - 2973cdd7-bcb7-4fc5-a4ea-f0116652941b: start FollowerState
2019-10-02 19:50:05,764 [pool-423-thread-1] INFO  util.JmxRegister (JmxRegister.java:tryRegister(44)) - Successfully registered JMX Bean with object name Ratis:service=RaftServer,group=group-41206B5283C1,id=2973cdd7-bcb7-4fc5-a4ea-f0116652941b
2019-10-02 19:50:05,766 [main] INFO  ozone.MiniOzoneClusterImpl (MiniOzoneClusterImpl.java:lambda$waitForClusterToBeReady$0(147)) - Waiting for cluster to be ready. Got 6 of 7 DN Heartbeats.
2019-10-02 19:50:05,766 [IPC Server handler 6 on 45368] INFO  net.NetworkTopology (NetworkTopologyImpl.java:add(111)) - Added a new node: /default-rack/2ea827a1-4486-4237-8785-4bba9de8eca7
2019-10-02 19:50:05,766 [IPC Server handler 6 on 45368] INFO  node.SCMNodeManager (SCMNodeManager.java:register(266)) - Registered Data node : 2ea827a1-4486-4237-8785-4bba9de8eca7{ip: 192.168.30.8, host: pr-hdds-2226-secures3-55zz4-4099447309, networkLocation: /default-rack, certSerialId: null}
2019-10-02 19:50:05,767 [RatisPipelineUtilsThread] INFO  pipeline.PipelineStateManager (PipelineStateManager.java:addPipeline(56)) - Created pipeline Pipeline[ Id: fdcb39ef-b0a7-4c83-96ea-41206b5283c1, Nodes: 2973cdd7-bcb7-4fc5-a4ea-f0116652941b{ip: 192.168.30.8, host: pr-hdds-2226-secures3-55zz4-4099447309, networkLocation: /default-rack, certSerialId: null}, Type:RATIS, Factor:ONE, State:OPEN]
2019-10-02 19:50:05,775 [grpc-default-executor-3] INFO  impl.RaftServerProxy (RaftServerProxy.java:addNew(89)) - 2ea827a1-4486-4237-8785-4bba9de8eca7: addNew group-5426724D2939:[2ea827a1-4486-4237-8785-4bba9de8eca7:192.168.30.8:43389] returns group-5426724D2939:java.util.concurrent.CompletableFuture@1bc1fc08[Not completed]
2019-10-02 19:50:05,776 [pool-443-thread-1] INFO  impl.RaftServerImpl (RaftServerImpl.java:<init>(95)) - 2ea827a1-4486-4237-8785-4bba9de8eca7: new RaftServerImpl for group-5426724D2939:[2ea827a1-4486-4237-8785-4bba9de8eca7:192.168.30.8:43389] with ContainerStateMachine:uninitialized
2019-10-02 19:50:05,776 [pool-443-thread-1] INFO  server.RaftServerConfigKeys (ConfUtils.java:logGet(43)) - raft.server.rpc.timeout.min = 5s (custom)
2019-10-02 19:50:05,776 [pool-443-thread-1] INFO  server.RaftServerConfigKeys (ConfUtils.java:logGet(43)) - raft.server.rpc.timeout.max = 5200ms (custom)
2019-10-02 19:50:05,776 [pool-443-thread-1] INFO  server.RaftServerConfigKeys (ConfUtils.java:logGet(43)) - raft.server.rpcslowness.timeout = 120s (custom)
2019-10-02 19:50:05,776 [pool-443-thread-1] INFO  server.RaftServerConfigKeys (ConfUtils.java:logGet(43)) - raft.server.sleep.deviation.threshold = 300 (default)
2019-10-02 19:50:05,776 [pool-443-thread-1] INFO  server.RaftServerConfigKeys (ConfUtils.java:logGet(43)) - raft.server.log.appender.install.snapshot.enabled = false (custom)
2019-10-02 19:50:05,776 [pool-443-thread-1] INFO  impl.RaftServerImpl (ServerState.java:<init>(103)) - 2ea827a1-4486-4237-8785-4bba9de8eca7@group-5426724D2939: ConfigurationManager, init=-1: [2ea827a1-4486-4237-8785-4bba9de8eca7:192.168.30.8:43389], old=null, confs=<EMPTY_MAP>
2019-10-02 19:50:05,777 [pool-443-thread-1] INFO  server.RaftServerConfigKeys (ConfUtils.java:logGet(43)) - raft.server.storage.dir = [/workdir/hadoop-ozone/integration-test/target/test-dir/MiniOzoneClusterImpl-e6381cb0-e569-48f2-8813-b93856510a3e/datanode-6/data/ratis] (custom)
2019-10-02 19:50:05,777 [pool-443-thread-1] INFO  server.RaftServerConfigKeys (ConfUtils.java:logGet(43)) - raft.server.log.corruption.policy = EXCEPTION (default)
2019-10-02 19:50:05,777 [pool-443-thread-1] INFO  storage.RaftStorageDirectory (RaftStorageDirectory.java:analyzeStorage(246)) - The storage directory /workdir/hadoop-ozone/integration-test/target/test-dir/MiniOzoneClusterImpl-e6381cb0-e569-48f2-8813-b93856510a3e/datanode-6/data/ratis/62526f1a-47fb-4f01-aa78-5426724d2939 does not exist. Creating ...
2019-10-02 19:50:05,801 [pool-443-thread-1] INFO  storage.RaftStorageDirectory (RaftStorageDirectory.java:tryLock(328)) - Lock on /workdir/hadoop-ozone/integration-test/target/test-dir/MiniOzoneClusterImpl-e6381cb0-e569-48f2-8813-b93856510a3e/datanode-6/data/ratis/62526f1a-47fb-4f01-aa78-5426724d2939/in_use.lock acquired by nodename 6817@pr-hdds-2226-secures3-55zz4-4099447309
2019-10-02 19:50:05,826 [pool-443-thread-1] INFO  storage.RaftStorage (RaftStorage.java:format(84)) - Storage directory /workdir/hadoop-ozone/integration-test/target/test-dir/MiniOzoneClusterImpl-e6381cb0-e569-48f2-8813-b93856510a3e/datanode-6/data/ratis/62526f1a-47fb-4f01-aa78-5426724d2939 has been successfully formatted.
2019-10-02 19:50:05,826 [pool-443-thread-1] INFO  ratis.ContainerStateMachine (ContainerStateMachine.java:loadSnapshot(230)) - group-5426724D2939: The snapshot info is null. Setting the last applied indexto:(t:0, i:~)
2019-10-02 19:50:05,827 [pool-443-thread-1] INFO  server.RaftServerConfigKeys (ConfUtils.java:logGet(43)) - raft.server.notification.no-leader.timeout = 120s (custom)
2019-10-02 19:50:05,827 [pool-443-thread-1] INFO  server.RaftServerConfigKeys (ConfUtils.java:logGet(43)) - raft.server.log.use.memory = false (default)
2019-10-02 19:50:05,827 [pool-443-thread-1] INFO  server.RaftServerConfigKeys (ConfUtils.java:logGet(43)) - raft.server.log.purge.gap = 1000000 (custom)
2019-10-02 19:50:05,827 [pool-443-thread-1] INFO  server.RaftServerConfigKeys (ConfUtils.java:logGet(43)) - raft.server.log.appender.buffer.byte-limit = 33554432 (custom)
2019-10-02 19:50:05,827 [pool-443-thread-1] INFO  server.RaftServerConfigKeys (ConfUtils.java:logGet(43)) - raft.server.log.segment.size.max = 1048576 (custom)
2019-10-02 19:50:05,829 [pool-443-thread-1] INFO  server.RaftServerConfigKeys (ConfUtils.java:logGet(43)) - raft.server.log.segment.cache.num.max = 2 (custom)
2019-10-02 19:50:05,829 [pool-443-thread-1] INFO  segmented.SegmentedRaftLogWorker (SegmentedRaftLogWorker.java:<init>(173)) - new 2ea827a1-4486-4237-8785-4bba9de8eca7@group-5426724D2939-SegmentedRaftLogWorker for RaftStorage:Storage Directory /workdir/hadoop-ozone/integration-test/target/test-dir/MiniOzoneClusterImpl-e6381cb0-e569-48f2-8813-b93856510a3e/datanode-6/data/ratis/62526f1a-47fb-4f01-aa78-5426724d2939
2019-10-02 19:50:05,829 [pool-443-thread-1] INFO  server.RaftServerConfigKeys (ConfUtils.java:logGet(43)) - raft.server.log.queue.byte-limit = 2147483647 (custom)
2019-10-02 19:50:05,829 [pool-443-thread-1] INFO  server.RaftServerConfigKeys (ConfUtils.java:logGet(43)) - raft.server.log.queue.element-limit = 1024 (custom)
2019-10-02 19:50:05,829 [pool-443-thread-1] INFO  server.RaftServerConfigKeys (ConfUtils.java:logGet(43)) - raft.server.log.segment.size.max = 1048576 (custom)
2019-10-02 19:50:05,829 [pool-443-thread-1] INFO  server.RaftServerConfigKeys (ConfUtils.java:logGet(43)) - raft.server.log.preallocated.size = 16384 (custom)
2019-10-02 19:50:05,830 [pool-443-thread-1] INFO  server.RaftServerConfigKeys (ConfUtils.java:logGet(43)) - raft.server.log.write.buffer.size = 33554432 (custom)
2019-10-02 19:50:05,830 [pool-443-thread-1] INFO  server.RaftServerConfigKeys (ConfUtils.java:logGet(43)) - raft.server.log.force.sync.num = 128 (default)
2019-10-02 19:50:05,830 [pool-443-thread-1] INFO  server.RaftServerConfigKeys (ConfUtils.java:logGet(43)) - raft.server.log.statemachine.data.sync = true (default)
2019-10-02 19:50:05,830 [pool-443-thread-1] INFO  server.RaftServerConfigKeys (ConfUtils.java:logGet(43)) - raft.server.log.statemachine.data.sync.timeout = 10s (default)
2019-10-02 19:50:05,830 [pool-443-thread-1] INFO  server.RaftServerConfigKeys (ConfUtils.java:logGet(43)) - raft.server.log.statemachine.data.sync.timeout.retry = -1 (default)
2019-10-02 19:50:05,830 [pool-443-thread-1] INFO  server.RaftServerConfigKeys (ConfUtils.java:logGet(43)) - raft.server.log.statemachine.data.caching.enabled = true (custom)
2019-10-02 19:50:05,830 [pool-443-thread-1] INFO  segmented.SegmentedRaftLogWorker (SegmentedRaftLogWorker.java:lambda$new$0(128)) - 2ea827a1-4486-4237-8785-4bba9de8eca7@group-5426724D2939-SegmentedRaftLogWorker: flushIndex: setUnconditionally 0 -> -1
2019-10-02 19:50:05,831 [pool-443-thread-1] INFO  server.RaftServerConfigKeys (ConfUtils.java:logGet(43)) - raft.server.snapshot.auto.trigger.enabled = true (custom)
2019-10-02 19:50:05,831 [pool-443-thread-1] INFO  server.RaftServerConfigKeys (ConfUtils.java:logGet(43)) - raft.server.snapshot.auto.trigger.threshold = 10000 (custom)
2019-10-02 19:50:05,831 [pool-443-thread-1] INFO  server.RaftServerConfigKeys (ConfUtils.java:logGet(43)) - raft.server.snapshot.retention.file.num = 5 (custom)
2019-10-02 19:50:05,831 [pool-443-thread-1] INFO  server.RaftServerConfigKeys (ConfUtils.java:logGet(43)) - raft.server.retrycache.expirytime = 600000ms (custom)
2019-10-02 19:50:05,832 [pool-443-thread-1] INFO  impl.RaftServerImpl (RaftServerImpl.java:start(181)) - 2ea827a1-4486-4237-8785-4bba9de8eca7@group-5426724D2939: start as a follower, conf=-1: [2ea827a1-4486-4237-8785-4bba9de8eca7:192.168.30.8:43389], old=null
2019-10-02 19:50:05,832 [pool-443-thread-1] INFO  impl.RaftServerImpl (RaftServerImpl.java:setRole(170)) - 2ea827a1-4486-4237-8785-4bba9de8eca7@group-5426724D2939: changes role from      null to FOLLOWER at term 0 for startAsFollower
2019-10-02 19:50:05,832 [pool-443-thread-1] INFO  impl.RoleInfo (RoleInfo.java:updateAndGet(143)) - 2ea827a1-4486-4237-8785-4bba9de8eca7: start FollowerState
2019-10-02 19:50:05,833 [pool-443-thread-1] INFO  util.JmxRegister (JmxRegister.java:tryRegister(44)) - Successfully registered JMX Bean with object name Ratis:service=RaftServer,group=group-5426724D2939,id=2ea827a1-4486-4237-8785-4bba9de8eca7
2019-10-02 19:50:05,836 [RatisPipelineUtilsThread] INFO  pipeline.PipelineStateManager (PipelineStateManager.java:addPipeline(56)) - Created pipeline Pipeline[ Id: 62526f1a-47fb-4f01-aa78-5426724d2939, Nodes: 2ea827a1-4486-4237-8785-4bba9de8eca7{ip: 192.168.30.8, host: pr-hdds-2226-secures3-55zz4-4099447309, networkLocation: /default-rack, certSerialId: null}, Type:RATIS, Factor:ONE, State:OPEN]
2019-10-02 19:50:05,843 [grpc-default-executor-3] INFO  impl.RaftServerProxy (RaftServerProxy.java:addNew(89)) - 26bbf6b0-8d5e-4c15-bdbb-13873a5d633f: addNew group-9A19369E4AEC:[26bbf6b0-8d5e-4c15-bdbb-13873a5d633f:192.168.30.8:40488] returns group-9A19369E4AEC:java.util.concurrent.CompletableFuture@162fedee[Not completed]
2019-10-02 19:50:05,844 [pool-433-thread-1] INFO  impl.RaftServerImpl (RaftServerImpl.java:<init>(95)) - 26bbf6b0-8d5e-4c15-bdbb-13873a5d633f: new RaftServerImpl for group-9A19369E4AEC:[26bbf6b0-8d5e-4c15-bdbb-13873a5d633f:192.168.30.8:40488] with ContainerStateMachine:uninitialized
2019-10-02 19:50:05,844 [pool-433-thread-1] INFO  server.RaftServerConfigKeys (ConfUtils.java:logGet(43)) - raft.server.rpc.timeout.min = 5s (custom)
2019-10-02 19:50:05,844 [pool-433-thread-1] INFO  server.RaftServerConfigKeys (ConfUtils.java:logGet(43)) - raft.server.rpc.timeout.max = 5200ms (custom)
2019-10-02 19:50:05,844 [pool-433-thread-1] INFO  server.RaftServerConfigKeys (ConfUtils.java:logGet(43)) - raft.server.rpcslowness.timeout = 120s (custom)
2019-10-02 19:50:05,844 [pool-433-thread-1] INFO  server.RaftServerConfigKeys (ConfUtils.java:logGet(43)) - raft.server.sleep.deviation.threshold = 300 (default)
2019-10-02 19:50:05,844 [pool-433-thread-1] INFO  server.RaftServerConfigKeys (ConfUtils.java:logGet(43)) - raft.server.log.appender.install.snapshot.enabled = false (custom)
2019-10-02 19:50:05,844 [pool-433-thread-1] INFO  impl.RaftServerImpl (ServerState.java:<init>(103)) - 26bbf6b0-8d5e-4c15-bdbb-13873a5d633f@group-9A19369E4AEC: ConfigurationManager, init=-1: [26bbf6b0-8d5e-4c15-bdbb-13873a5d633f:192.168.30.8:40488], old=null, confs=<EMPTY_MAP>
2019-10-02 19:50:05,844 [pool-433-thread-1] INFO  server.RaftServerConfigKeys (ConfUtils.java:logGet(43)) - raft.server.storage.dir = [/workdir/hadoop-ozone/integration-test/target/test-dir/MiniOzoneClusterImpl-e6381cb0-e569-48f2-8813-b93856510a3e/datanode-5/data/ratis] (custom)
2019-10-02 19:50:05,845 [pool-433-thread-1] INFO  server.RaftServerConfigKeys (ConfUtils.java:logGet(43)) - raft.server.log.corruption.policy = EXCEPTION (default)
2019-10-02 19:50:05,845 [pool-433-thread-1] INFO  storage.RaftStorageDirectory (RaftStorageDirectory.java:analyzeStorage(246)) - The storage directory /workdir/hadoop-ozone/integration-test/target/test-dir/MiniOzoneClusterImpl-e6381cb0-e569-48f2-8813-b93856510a3e/datanode-5/data/ratis/a51148e6-065b-43a9-951d-9a19369e4aec does not exist. Creating ...
2019-10-02 19:50:05,868 [pool-433-thread-1] INFO  storage.RaftStorageDirectory (RaftStorageDirectory.java:tryLock(328)) - Lock on /workdir/hadoop-ozone/integration-test/target/test-dir/MiniOzoneClusterImpl-e6381cb0-e569-48f2-8813-b93856510a3e/datanode-5/data/ratis/a51148e6-065b-43a9-951d-9a19369e4aec/in_use.lock acquired by nodename 6817@pr-hdds-2226-secures3-55zz4-4099447309
2019-10-02 19:50:05,894 [pool-433-thread-1] INFO  storage.RaftStorage (RaftStorage.java:format(84)) - Storage directory /workdir/hadoop-ozone/integration-test/target/test-dir/MiniOzoneClusterImpl-e6381cb0-e569-48f2-8813-b93856510a3e/datanode-5/data/ratis/a51148e6-065b-43a9-951d-9a19369e4aec has been successfully formatted.
2019-10-02 19:50:05,894 [pool-433-thread-1] INFO  ratis.ContainerStateMachine (ContainerStateMachine.java:loadSnapshot(230)) - group-9A19369E4AEC: The snapshot info is null. Setting the last applied indexto:(t:0, i:~)
2019-10-02 19:50:05,894 [pool-433-thread-1] INFO  server.RaftServerConfigKeys (ConfUtils.java:logGet(43)) - raft.server.notification.no-leader.timeout = 120s (custom)
2019-10-02 19:50:05,894 [pool-433-thread-1] INFO  server.RaftServerConfigKeys (ConfUtils.java:logGet(43)) - raft.server.log.use.memory = false (default)
2019-10-02 19:50:05,894 [pool-433-thread-1] INFO  server.RaftServerConfigKeys (ConfUtils.java:logGet(43)) - raft.server.log.purge.gap = 1000000 (custom)
2019-10-02 19:50:05,894 [pool-433-thread-1] INFO  server.RaftServerConfigKeys (ConfUtils.java:logGet(43)) - raft.server.log.appender.buffer.byte-limit = 33554432 (custom)
2019-10-02 19:50:05,895 [pool-433-thread-1] INFO  server.RaftServerConfigKeys (ConfUtils.java:logGet(43)) - raft.server.log.segment.size.max = 1048576 (custom)
2019-10-02 19:50:05,896 [pool-433-thread-1] INFO  server.RaftServerConfigKeys (ConfUtils.java:logGet(43)) - raft.server.log.segment.cache.num.max = 2 (custom)
2019-10-02 19:50:05,896 [pool-433-thread-1] INFO  segmented.SegmentedRaftLogWorker (SegmentedRaftLogWorker.java:<init>(173)) - new 26bbf6b0-8d5e-4c15-bdbb-13873a5d633f@group-9A19369E4AEC-SegmentedRaftLogWorker for RaftStorage:Storage Directory /workdir/hadoop-ozone/integration-test/target/test-dir/MiniOzoneClusterImpl-e6381cb0-e569-48f2-8813-b93856510a3e/datanode-5/data/ratis/a51148e6-065b-43a9-951d-9a19369e4aec
2019-10-02 19:50:05,896 [pool-433-thread-1] INFO  server.RaftServerConfigKeys (ConfUtils.java:logGet(43)) - raft.server.log.queue.byte-limit = 2147483647 (custom)
2019-10-02 19:50:05,897 [pool-433-thread-1] INFO  server.RaftServerConfigKeys (ConfUtils.java:logGet(43)) - raft.server.log.queue.element-limit = 1024 (custom)
2019-10-02 19:50:05,897 [pool-433-thread-1] INFO  server.RaftServerConfigKeys (ConfUtils.java:logGet(43)) - raft.server.log.segment.size.max = 1048576 (custom)
2019-10-02 19:50:05,897 [pool-433-thread-1] INFO  server.RaftServerConfigKeys (ConfUtils.java:logGet(43)) - raft.server.log.preallocated.size = 16384 (custom)
2019-10-02 19:50:05,897 [pool-433-thread-1] INFO  server.RaftServerConfigKeys (ConfUtils.java:logGet(43)) - raft.server.log.write.buffer.size = 33554432 (custom)
2019-10-02 19:50:05,897 [pool-433-thread-1] INFO  server.RaftServerConfigKeys (ConfUtils.java:logGet(43)) - raft.server.log.force.sync.num = 128 (default)
2019-10-02 19:50:05,897 [pool-433-thread-1] INFO  server.RaftServerConfigKeys (ConfUtils.java:logGet(43)) - raft.server.log.statemachine.data.sync = true (default)
2019-10-02 19:50:05,897 [pool-433-thread-1] INFO  server.RaftServerConfigKeys (ConfUtils.java:logGet(43)) - raft.server.log.statemachine.data.sync.timeout = 10s (default)
2019-10-02 19:50:05,897 [pool-433-thread-1] INFO  server.RaftServerConfigKeys (ConfUtils.java:logGet(43)) - raft.server.log.statemachine.data.sync.timeout.retry = -1 (default)
2019-10-02 19:50:05,898 [pool-433-thread-1] INFO  server.RaftServerConfigKeys (ConfUtils.java:logGet(43)) - raft.server.log.statemachine.data.caching.enabled = true (custom)
2019-10-02 19:50:05,898 [pool-433-thread-1] INFO  segmented.SegmentedRaftLogWorker (SegmentedRaftLogWorker.java:lambda$new$0(128)) - 26bbf6b0-8d5e-4c15-bdbb-13873a5d633f@group-9A19369E4AEC-SegmentedRaftLogWorker: flushIndex: setUnconditionally 0 -> -1
2019-10-02 19:50:05,898 [pool-433-thread-1] INFO  server.RaftServerConfigKeys (ConfUtils.java:logGet(43)) - raft.server.snapshot.auto.trigger.enabled = true (custom)
2019-10-02 19:50:05,898 [pool-433-thread-1] INFO  server.RaftServerConfigKeys (ConfUtils.java:logGet(43)) - raft.server.snapshot.auto.trigger.threshold = 10000 (custom)
2019-10-02 19:50:05,899 [pool-433-thread-1] INFO  server.RaftServerConfigKeys (ConfUtils.java:logGet(43)) - raft.server.snapshot.retention.file.num = 5 (custom)
2019-10-02 19:50:05,899 [pool-433-thread-1] INFO  server.RaftServerConfigKeys (ConfUtils.java:logGet(43)) - raft.server.retrycache.expirytime = 600000ms (custom)
2019-10-02 19:50:05,900 [pool-433-thread-1] INFO  impl.RaftServerImpl (RaftServerImpl.java:start(181)) - 26bbf6b0-8d5e-4c15-bdbb-13873a5d633f@group-9A19369E4AEC: start as a follower, conf=-1: [26bbf6b0-8d5e-4c15-bdbb-13873a5d633f:192.168.30.8:40488], old=null
2019-10-02 19:50:05,900 [pool-433-thread-1] INFO  impl.RaftServerImpl (RaftServerImpl.java:setRole(170)) - 26bbf6b0-8d5e-4c15-bdbb-13873a5d633f@group-9A19369E4AEC: changes role from      null to FOLLOWER at term 0 for startAsFollower
2019-10-02 19:50:05,900 [pool-433-thread-1] INFO  impl.RoleInfo (RoleInfo.java:updateAndGet(143)) - 26bbf6b0-8d5e-4c15-bdbb-13873a5d633f: start FollowerState
2019-10-02 19:50:05,901 [pool-433-thread-1] INFO  util.JmxRegister (JmxRegister.java:tryRegister(44)) - Successfully registered JMX Bean with object name Ratis:service=RaftServer,group=group-9A19369E4AEC,id=26bbf6b0-8d5e-4c15-bdbb-13873a5d633f
2019-10-02 19:50:05,905 [RatisPipelineUtilsThread] INFO  pipeline.PipelineStateManager (PipelineStateManager.java:addPipeline(56)) - Created pipeline Pipeline[ Id: a51148e6-065b-43a9-951d-9a19369e4aec, Nodes: 26bbf6b0-8d5e-4c15-bdbb-13873a5d633f{ip: 192.168.30.8, host: pr-hdds-2226-secures3-55zz4-4099447309, networkLocation: /default-rack, certSerialId: null}, Type:RATIS, Factor:ONE, State:OPEN]
2019-10-02 19:50:05,918 [grpc-default-executor-2] INFO  impl.RaftServerProxy (RaftServerProxy.java:addNew(89)) - 2973cdd7-bcb7-4fc5-a4ea-f0116652941b: addNew group-EED960C3F371:[309fa5a4-cdbf-42cc-94f7-a94586997cb4:192.168.30.8:37491, 0da31224-e0a2-4f91-8273-9257d2cc342f:192.168.30.8:36079, 2973cdd7-bcb7-4fc5-a4ea-f0116652941b:192.168.30.8:39270] returns group-EED960C3F371:java.util.concurrent.CompletableFuture@575a3ba3[Not completed]
2019-10-02 19:50:05,918 [grpc-default-executor-6] INFO  impl.RaftServerProxy (RaftServerProxy.java:addNew(89)) - 0da31224-e0a2-4f91-8273-9257d2cc342f: addNew group-EED960C3F371:[309fa5a4-cdbf-42cc-94f7-a94586997cb4:192.168.30.8:37491, 0da31224-e0a2-4f91-8273-9257d2cc342f:192.168.30.8:36079, 2973cdd7-bcb7-4fc5-a4ea-f0116652941b:192.168.30.8:39270] returns group-EED960C3F371:java.util.concurrent.CompletableFuture@21c3d770[Not completed]
2019-10-02 19:50:05,918 [grpc-default-executor-3] INFO  impl.RaftServerProxy (RaftServerProxy.java:addNew(89)) - 309fa5a4-cdbf-42cc-94f7-a94586997cb4: addNew group-EED960C3F371:[309fa5a4-cdbf-42cc-94f7-a94586997cb4:192.168.30.8:37491, 0da31224-e0a2-4f91-8273-9257d2cc342f:192.168.30.8:36079, 2973cdd7-bcb7-4fc5-a4ea-f0116652941b:192.168.30.8:39270] returns group-EED960C3F371:java.util.concurrent.CompletableFuture@54596832[Not completed]
2019-10-02 19:50:05,919 [pool-393-thread-1] INFO  impl.RaftServerImpl (RaftServerImpl.java:<init>(95)) - 309fa5a4-cdbf-42cc-94f7-a94586997cb4: new RaftServerImpl for group-EED960C3F371:[309fa5a4-cdbf-42cc-94f7-a94586997cb4:192.168.30.8:37491, 0da31224-e0a2-4f91-8273-9257d2cc342f:192.168.30.8:36079, 2973cdd7-bcb7-4fc5-a4ea-f0116652941b:192.168.30.8:39270] with ContainerStateMachine:uninitialized
2019-10-02 19:50:05,920 [pool-393-thread-1] INFO  server.RaftServerConfigKeys (ConfUtils.java:logGet(43)) - raft.server.rpc.timeout.min = 5s (custom)
2019-10-02 19:50:05,920 [pool-393-thread-1] INFO  server.RaftServerConfigKeys (ConfUtils.java:logGet(43)) - raft.server.rpc.timeout.max = 5200ms (custom)
2019-10-02 19:50:05,920 [pool-393-thread-1] INFO  server.RaftServerConfigKeys (ConfUtils.java:logGet(43)) - raft.server.rpcslowness.timeout = 120s (custom)
2019-10-02 19:50:05,920 [pool-393-thread-1] INFO  server.RaftServerConfigKeys (ConfUtils.java:logGet(43)) - raft.server.sleep.deviation.threshold = 300 (default)
2019-10-02 19:50:05,920 [pool-393-thread-1] INFO  server.RaftServerConfigKeys (ConfUtils.java:logGet(43)) - raft.server.log.appender.install.snapshot.enabled = false (custom)
2019-10-02 19:50:05,920 [pool-423-thread-1] INFO  impl.RaftServerImpl (RaftServerImpl.java:<init>(95)) - 2973cdd7-bcb7-4fc5-a4ea-f0116652941b: new RaftServerImpl for group-EED960C3F371:[309fa5a4-cdbf-42cc-94f7-a94586997cb4:192.168.30.8:37491, 0da31224-e0a2-4f91-8273-9257d2cc342f:192.168.30.8:36079, 2973cdd7-bcb7-4fc5-a4ea-f0116652941b:192.168.30.8:39270] with ContainerStateMachine:uninitialized
2019-10-02 19:50:05,920 [pool-393-thread-1] INFO  impl.RaftServerImpl (ServerState.java:<init>(103)) - 309fa5a4-cdbf-42cc-94f7-a94586997cb4@group-EED960C3F371: ConfigurationManager, init=-1: [309fa5a4-cdbf-42cc-94f7-a94586997cb4:192.168.30.8:37491, 0da31224-e0a2-4f91-8273-9257d2cc342f:192.168.30.8:36079, 2973cdd7-bcb7-4fc5-a4ea-f0116652941b:192.168.30.8:39270], old=null, confs=<EMPTY_MAP>
2019-10-02 19:50:05,920 [pool-423-thread-1] INFO  server.RaftServerConfigKeys (ConfUtils.java:logGet(43)) - raft.server.rpc.timeout.min = 5s (custom)
2019-10-02 19:50:05,920 [pool-413-thread-1] INFO  impl.RaftServerImpl (RaftServerImpl.java:<init>(95)) - 0da31224-e0a2-4f91-8273-9257d2cc342f: new RaftServerImpl for group-EED960C3F371:[309fa5a4-cdbf-42cc-94f7-a94586997cb4:192.168.30.8:37491, 0da31224-e0a2-4f91-8273-9257d2cc342f:192.168.30.8:36079, 2973cdd7-bcb7-4fc5-a4ea-f0116652941b:192.168.30.8:39270] with ContainerStateMachine:uninitialized
2019-10-02 19:50:05,921 [pool-423-thread-1] INFO  server.RaftServerConfigKeys (ConfUtils.java:logGet(43)) - raft.server.rpc.timeout.max = 5200ms (custom)
2019-10-02 19:50:05,921 [pool-393-thread-1] INFO  server.RaftServerConfigKeys (ConfUtils.java:logGet(43)) - raft.server.storage.dir = [/workdir/hadoop-ozone/integration-test/target/test-dir/MiniOzoneClusterImpl-e6381cb0-e569-48f2-8813-b93856510a3e/datanode-1/data/ratis] (custom)
2019-10-02 19:50:05,921 [pool-423-thread-1] INFO  server.RaftServerConfigKeys (ConfUtils.java:logGet(43)) - raft.server.rpcslowness.timeout = 120s (custom)
2019-10-02 19:50:05,921 [pool-413-thread-1] INFO  server.RaftServerConfigKeys (ConfUtils.java:logGet(43)) - raft.server.rpc.timeout.min = 5s (custom)
2019-10-02 19:50:05,921 [pool-393-thread-1] INFO  server.RaftServerConfigKeys (ConfUtils.java:logGet(43)) - raft.server.log.corruption.policy = EXCEPTION (default)
2019-10-02 19:50:05,921 [pool-423-thread-1] INFO  server.RaftServerConfigKeys (ConfUtils.java:logGet(43)) - raft.server.sleep.deviation.threshold = 300 (default)
2019-10-02 19:50:05,922 [pool-393-thread-1] INFO  storage.RaftStorageDirectory (RaftStorageDirectory.java:analyzeStorage(246)) - The storage directory /workdir/hadoop-ozone/integration-test/target/test-dir/MiniOzoneClusterImpl-e6381cb0-e569-48f2-8813-b93856510a3e/datanode-1/data/ratis/fab857e6-de4d-402b-b9fd-eed960c3f371 does not exist. Creating ...
2019-10-02 19:50:05,921 [pool-413-thread-1] INFO  server.RaftServerConfigKeys (ConfUtils.java:logGet(43)) - raft.server.rpc.timeout.max = 5200ms (custom)
2019-10-02 19:50:05,922 [pool-423-thread-1] INFO  server.RaftServerConfigKeys (ConfUtils.java:logGet(43)) - raft.server.log.appender.install.snapshot.enabled = false (custom)
2019-10-02 19:50:05,922 [pool-413-thread-1] INFO  server.RaftServerConfigKeys (ConfUtils.java:logGet(43)) - raft.server.rpcslowness.timeout = 120s (custom)
2019-10-02 19:50:05,922 [pool-423-thread-1] INFO  impl.RaftServerImpl (ServerState.java:<init>(103)) - 2973cdd7-bcb7-4fc5-a4ea-f0116652941b@group-EED960C3F371: ConfigurationManager, init=-1: [309fa5a4-cdbf-42cc-94f7-a94586997cb4:192.168.30.8:37491, 0da31224-e0a2-4f91-8273-9257d2cc342f:192.168.30.8:36079, 2973cdd7-bcb7-4fc5-a4ea-f0116652941b:192.168.30.8:39270], old=null, confs=<EMPTY_MAP>
2019-10-02 19:50:05,922 [pool-413-thread-1] INFO  server.RaftServerConfigKeys (ConfUtils.java:logGet(43)) - raft.server.sleep.deviation.threshold = 300 (default)
2019-10-02 19:50:05,922 [pool-423-thread-1] INFO  server.RaftServerConfigKeys (ConfUtils.java:logGet(43)) - raft.server.storage.dir = [/workdir/hadoop-ozone/integration-test/target/test-dir/MiniOzoneClusterImpl-e6381cb0-e569-48f2-8813-b93856510a3e/datanode-4/data/ratis] (custom)
2019-10-02 19:50:05,923 [pool-413-thread-1] INFO  server.RaftServerConfigKeys (ConfUtils.java:logGet(43)) - raft.server.log.appender.install.snapshot.enabled = false (custom)
2019-10-02 19:50:05,923 [pool-413-thread-1] INFO  impl.RaftServerImpl (ServerState.java:<init>(103)) - 0da31224-e0a2-4f91-8273-9257d2cc342f@group-EED960C3F371: ConfigurationManager, init=-1: [309fa5a4-cdbf-42cc-94f7-a94586997cb4:192.168.30.8:37491, 0da31224-e0a2-4f91-8273-9257d2cc342f:192.168.30.8:36079, 2973cdd7-bcb7-4fc5-a4ea-f0116652941b:192.168.30.8:39270], old=null, confs=<EMPTY_MAP>
2019-10-02 19:50:05,923 [pool-423-thread-1] INFO  server.RaftServerConfigKeys (ConfUtils.java:logGet(43)) - raft.server.log.corruption.policy = EXCEPTION (default)
2019-10-02 19:50:05,923 [pool-413-thread-1] INFO  server.RaftServerConfigKeys (ConfUtils.java:logGet(43)) - raft.server.storage.dir = [/workdir/hadoop-ozone/integration-test/target/test-dir/MiniOzoneClusterImpl-e6381cb0-e569-48f2-8813-b93856510a3e/datanode-3/data/ratis] (custom)
2019-10-02 19:50:05,923 [pool-423-thread-1] INFO  storage.RaftStorageDirectory (RaftStorageDirectory.java:analyzeStorage(246)) - The storage directory /workdir/hadoop-ozone/integration-test/target/test-dir/MiniOzoneClusterImpl-e6381cb0-e569-48f2-8813-b93856510a3e/datanode-4/data/ratis/fab857e6-de4d-402b-b9fd-eed960c3f371 does not exist. Creating ...
2019-10-02 19:50:05,923 [pool-413-thread-1] INFO  server.RaftServerConfigKeys (ConfUtils.java:logGet(43)) - raft.server.log.corruption.policy = EXCEPTION (default)
2019-10-02 19:50:05,923 [pool-413-thread-1] INFO  storage.RaftStorageDirectory (RaftStorageDirectory.java:analyzeStorage(246)) - The storage directory /workdir/hadoop-ozone/integration-test/target/test-dir/MiniOzoneClusterImpl-e6381cb0-e569-48f2-8813-b93856510a3e/datanode-3/data/ratis/fab857e6-de4d-402b-b9fd-eed960c3f371 does not exist. Creating ...
2019-10-02 19:50:05,944 [pool-393-thread-1] INFO  storage.RaftStorageDirectory (RaftStorageDirectory.java:tryLock(328)) - Lock on /workdir/hadoop-ozone/integration-test/target/test-dir/MiniOzoneClusterImpl-e6381cb0-e569-48f2-8813-b93856510a3e/datanode-1/data/ratis/fab857e6-de4d-402b-b9fd-eed960c3f371/in_use.lock acquired by nodename 6817@pr-hdds-2226-secures3-55zz4-4099447309
2019-10-02 19:50:05,944 [pool-413-thread-1] INFO  storage.RaftStorageDirectory (RaftStorageDirectory.java:tryLock(328)) - Lock on /workdir/hadoop-ozone/integration-test/target/test-dir/MiniOzoneClusterImpl-e6381cb0-e569-48f2-8813-b93856510a3e/datanode-3/data/ratis/fab857e6-de4d-402b-b9fd-eed960c3f371/in_use.lock acquired by nodename 6817@pr-hdds-2226-secures3-55zz4-4099447309
2019-10-02 19:50:05,944 [pool-423-thread-1] INFO  storage.RaftStorageDirectory (RaftStorageDirectory.java:tryLock(328)) - Lock on /workdir/hadoop-ozone/integration-test/target/test-dir/MiniOzoneClusterImpl-e6381cb0-e569-48f2-8813-b93856510a3e/datanode-4/data/ratis/fab857e6-de4d-402b-b9fd-eed960c3f371/in_use.lock acquired by nodename 6817@pr-hdds-2226-secures3-55zz4-4099447309
2019-10-02 19:50:05,970 [pool-393-thread-1] INFO  storage.RaftStorage (RaftStorage.java:format(84)) - Storage directory /workdir/hadoop-ozone/integration-test/target/test-dir/MiniOzoneClusterImpl-e6381cb0-e569-48f2-8813-b93856510a3e/datanode-1/data/ratis/fab857e6-de4d-402b-b9fd-eed960c3f371 has been successfully formatted.
2019-10-02 19:50:05,970 [pool-423-thread-1] INFO  storage.RaftStorage (RaftStorage.java:format(84)) - Storage directory /workdir/hadoop-ozone/integration-test/target/test-dir/MiniOzoneClusterImpl-e6381cb0-e569-48f2-8813-b93856510a3e/datanode-4/data/ratis/fab857e6-de4d-402b-b9fd-eed960c3f371 has been successfully formatted.
2019-10-02 19:50:05,970 [pool-413-thread-1] INFO  storage.RaftStorage (RaftStorage.java:format(84)) - Storage directory /workdir/hadoop-ozone/integration-test/target/test-dir/MiniOzoneClusterImpl-e6381cb0-e569-48f2-8813-b93856510a3e/datanode-3/data/ratis/fab857e6-de4d-402b-b9fd-eed960c3f371 has been successfully formatted.
2019-10-02 19:50:05,970 [pool-423-thread-1] INFO  ratis.ContainerStateMachine (ContainerStateMachine.java:loadSnapshot(230)) - group-EED960C3F371: The snapshot info is null. Setting the last applied indexto:(t:0, i:~)
2019-10-02 19:50:05,970 [pool-393-thread-1] INFO  ratis.ContainerStateMachine (ContainerStateMachine.java:loadSnapshot(230)) - group-EED960C3F371: The snapshot info is null. Setting the last applied indexto:(t:0, i:~)
2019-10-02 19:50:05,971 [pool-423-thread-1] INFO  server.RaftServerConfigKeys (ConfUtils.java:logGet(43)) - raft.server.notification.no-leader.timeout = 120s (custom)
2019-10-02 19:50:05,971 [pool-413-thread-1] INFO  ratis.ContainerStateMachine (ContainerStateMachine.java:loadSnapshot(230)) - group-EED960C3F371: The snapshot info is null. Setting the last applied indexto:(t:0, i:~)
2019-10-02 19:50:05,971 [pool-423-thread-1] INFO  server.RaftServerConfigKeys (ConfUtils.java:logGet(43)) - raft.server.log.use.memory = false (default)
2019-10-02 19:50:05,971 [pool-393-thread-1] INFO  server.RaftServerConfigKeys (ConfUtils.java:logGet(43)) - raft.server.notification.no-leader.timeout = 120s (custom)
2019-10-02 19:50:05,971 [pool-423-thread-1] INFO  server.RaftServerConfigKeys (ConfUtils.java:logGet(43)) - raft.server.log.purge.gap = 1000000 (custom)
2019-10-02 19:50:05,971 [pool-413-thread-1] INFO  server.RaftServerConfigKeys (ConfUtils.java:logGet(43)) - raft.server.notification.no-leader.timeout = 120s (custom)
2019-10-02 19:50:05,971 [pool-423-thread-1] INFO  server.RaftServerConfigKeys (ConfUtils.java:logGet(43)) - raft.server.log.appender.buffer.byte-limit = 33554432 (custom)
2019-10-02 19:50:05,971 [pool-393-thread-1] INFO  server.RaftServerConfigKeys (ConfUtils.java:logGet(43)) - raft.server.log.use.memory = false (default)
2019-10-02 19:50:05,972 [pool-423-thread-1] INFO  server.RaftServerConfigKeys (ConfUtils.java:logGet(43)) - raft.server.log.segment.size.max = 1048576 (custom)
2019-10-02 19:50:05,971 [pool-413-thread-1] INFO  server.RaftServerConfigKeys (ConfUtils.java:logGet(43)) - raft.server.log.use.memory = false (default)
2019-10-02 19:50:05,972 [pool-423-thread-1] INFO  server.RaftServerConfigKeys (ConfUtils.java:logGet(43)) - raft.server.log.segment.cache.num.max = 2 (custom)
2019-10-02 19:50:05,972 [pool-393-thread-1] INFO  server.RaftServerConfigKeys (ConfUtils.java:logGet(43)) - raft.server.log.purge.gap = 1000000 (custom)
2019-10-02 19:50:05,972 [pool-423-thread-1] INFO  segmented.SegmentedRaftLogWorker (SegmentedRaftLogWorker.java:<init>(173)) - new 2973cdd7-bcb7-4fc5-a4ea-f0116652941b@group-EED960C3F371-SegmentedRaftLogWorker for RaftStorage:Storage Directory /workdir/hadoop-ozone/integration-test/target/test-dir/MiniOzoneClusterImpl-e6381cb0-e569-48f2-8813-b93856510a3e/datanode-4/data/ratis/fab857e6-de4d-402b-b9fd-eed960c3f371
2019-10-02 19:50:05,972 [pool-413-thread-1] INFO  server.RaftServerConfigKeys (ConfUtils.java:logGet(43)) - raft.server.log.purge.gap = 1000000 (custom)
2019-10-02 19:50:05,972 [pool-423-thread-1] INFO  server.RaftServerConfigKeys (ConfUtils.java:logGet(43)) - raft.server.log.queue.byte-limit = 2147483647 (custom)
2019-10-02 19:50:05,972 [pool-393-thread-1] INFO  server.RaftServerConfigKeys (ConfUtils.java:logGet(43)) - raft.server.log.appender.buffer.byte-limit = 33554432 (custom)
2019-10-02 19:50:05,972 [pool-423-thread-1] INFO  server.RaftServerConfigKeys (ConfUtils.java:logGet(43)) - raft.server.log.queue.element-limit = 1024 (custom)
2019-10-02 19:50:05,972 [pool-413-thread-1] INFO  server.RaftServerConfigKeys (ConfUtils.java:logGet(43)) - raft.server.log.appender.buffer.byte-limit = 33554432 (custom)
2019-10-02 19:50:05,973 [pool-423-thread-1] INFO  server.RaftServerConfigKeys (ConfUtils.java:logGet(43)) - raft.server.log.segment.size.max = 1048576 (custom)
2019-10-02 19:50:05,973 [pool-393-thread-1] INFO  server.RaftServerConfigKeys (ConfUtils.java:logGet(43)) - raft.server.log.segment.size.max = 1048576 (custom)
2019-10-02 19:50:05,973 [pool-423-thread-1] INFO  server.RaftServerConfigKeys (ConfUtils.java:logGet(43)) - raft.server.log.preallocated.size = 16384 (custom)
2019-10-02 19:50:05,973 [pool-413-thread-1] INFO  server.RaftServerConfigKeys (ConfUtils.java:logGet(43)) - raft.server.log.segment.size.max = 1048576 (custom)
2019-10-02 19:50:05,973 [pool-423-thread-1] INFO  server.RaftServerConfigKeys (ConfUtils.java:logGet(43)) - raft.server.log.write.buffer.size = 33554432 (custom)
2019-10-02 19:50:05,973 [pool-393-thread-1] INFO  server.RaftServerConfigKeys (ConfUtils.java:logGet(43)) - raft.server.log.segment.cache.num.max = 2 (custom)
2019-10-02 19:50:05,973 [pool-423-thread-1] INFO  server.RaftServerConfigKeys (ConfUtils.java:logGet(43)) - raft.server.log.force.sync.num = 128 (default)
2019-10-02 19:50:05,973 [pool-413-thread-1] INFO  server.RaftServerConfigKeys (ConfUtils.java:logGet(43)) - raft.server.log.segment.cache.num.max = 2 (custom)
2019-10-02 19:50:05,974 [pool-423-thread-1] INFO  server.RaftServerConfigKeys (ConfUtils.java:logGet(43)) - raft.server.log.statemachine.data.sync = true (default)
2019-10-02 19:50:05,973 [pool-393-thread-1] INFO  segmented.SegmentedRaftLogWorker (SegmentedRaftLogWorker.java:<init>(173)) - new 309fa5a4-cdbf-42cc-94f7-a94586997cb4@group-EED960C3F371-SegmentedRaftLogWorker for RaftStorage:Storage Directory /workdir/hadoop-ozone/integration-test/target/test-dir/MiniOzoneClusterImpl-e6381cb0-e569-48f2-8813-b93856510a3e/datanode-1/data/ratis/fab857e6-de4d-402b-b9fd-eed960c3f371
2019-10-02 19:50:05,974 [pool-423-thread-1] INFO  server.RaftServerConfigKeys (ConfUtils.java:logGet(43)) - raft.server.log.statemachine.data.sync.timeout = 10s (default)
2019-10-02 19:50:05,974 [pool-413-thread-1] INFO  segmented.SegmentedRaftLogWorker (SegmentedRaftLogWorker.java:<init>(173)) - new 0da31224-e0a2-4f91-8273-9257d2cc342f@group-EED960C3F371-SegmentedRaftLogWorker for RaftStorage:Storage Directory /workdir/hadoop-ozone/integration-test/target/test-dir/MiniOzoneClusterImpl-e6381cb0-e569-48f2-8813-b93856510a3e/datanode-3/data/ratis/fab857e6-de4d-402b-b9fd-eed960c3f371
2019-10-02 19:50:05,974 [pool-423-thread-1] INFO  server.RaftServerConfigKeys (ConfUtils.java:logGet(43)) - raft.server.log.statemachine.data.sync.timeout.retry = -1 (default)
2019-10-02 19:50:05,974 [pool-393-thread-1] INFO  server.RaftServerConfigKeys (ConfUtils.java:logGet(43)) - raft.server.log.queue.byte-limit = 2147483647 (custom)
2019-10-02 19:50:05,974 [pool-423-thread-1] INFO  server.RaftServerConfigKeys (ConfUtils.java:logGet(43)) - raft.server.log.statemachine.data.caching.enabled = true (custom)
2019-10-02 19:50:05,974 [pool-413-thread-1] INFO  server.RaftServerConfigKeys (ConfUtils.java:logGet(43)) - raft.server.log.queue.byte-limit = 2147483647 (custom)
2019-10-02 19:50:05,974 [pool-393-thread-1] INFO  server.RaftServerConfigKeys (ConfUtils.java:logGet(43)) - raft.server.log.queue.element-limit = 1024 (custom)
2019-10-02 19:50:05,975 [pool-423-thread-1] INFO  segmented.SegmentedRaftLogWorker (SegmentedRaftLogWorker.java:lambda$new$0(128)) - 2973cdd7-bcb7-4fc5-a4ea-f0116652941b@group-EED960C3F371-SegmentedRaftLogWorker: flushIndex: setUnconditionally 0 -> -1
2019-10-02 19:50:05,975 [pool-413-thread-1] INFO  server.RaftServerConfigKeys (ConfUtils.java:logGet(43)) - raft.server.log.queue.element-limit = 1024 (custom)
2019-10-02 19:50:05,975 [pool-393-thread-1] INFO  server.RaftServerConfigKeys (ConfUtils.java:logGet(43)) - raft.server.log.segment.size.max = 1048576 (custom)
2019-10-02 19:50:05,975 [pool-413-thread-1] INFO  server.RaftServerConfigKeys (ConfUtils.java:logGet(43)) - raft.server.log.segment.size.max = 1048576 (custom)
2019-10-02 19:50:05,975 [pool-423-thread-1] INFO  server.RaftServerConfigKeys (ConfUtils.java:logGet(43)) - raft.server.snapshot.auto.trigger.enabled = true (custom)
2019-10-02 19:50:05,975 [pool-413-thread-1] INFO  server.RaftServerConfigKeys (ConfUtils.java:logGet(43)) - raft.server.log.preallocated.size = 16384 (custom)
2019-10-02 19:50:05,975 [pool-393-thread-1] INFO  server.RaftServerConfigKeys (ConfUtils.java:logGet(43)) - raft.server.log.preallocated.size = 16384 (custom)
2019-10-02 19:50:05,975 [pool-413-thread-1] INFO  server.RaftServerConfigKeys (ConfUtils.java:logGet(43)) - raft.server.log.write.buffer.size = 33554432 (custom)
2019-10-02 19:50:05,975 [pool-423-thread-1] INFO  server.RaftServerConfigKeys (ConfUtils.java:logGet(43)) - raft.server.snapshot.auto.trigger.threshold = 10000 (custom)
2019-10-02 19:50:05,976 [pool-413-thread-1] INFO  server.RaftServerConfigKeys (ConfUtils.java:logGet(43)) - raft.server.log.force.sync.num = 128 (default)
2019-10-02 19:50:05,975 [pool-393-thread-1] INFO  server.RaftServerConfigKeys (ConfUtils.java:logGet(43)) - raft.server.log.write.buffer.size = 33554432 (custom)
2019-10-02 19:50:05,976 [pool-413-thread-1] INFO  server.RaftServerConfigKeys (ConfUtils.java:logGet(43)) - raft.server.log.statemachine.data.sync = true (default)
2019-10-02 19:50:05,976 [pool-423-thread-1] INFO  server.RaftServerConfigKeys (ConfUtils.java:logGet(43)) - raft.server.snapshot.retention.file.num = 5 (custom)
2019-10-02 19:50:05,976 [pool-413-thread-1] INFO  server.RaftServerConfigKeys (ConfUtils.java:logGet(43)) - raft.server.log.statemachine.data.sync.timeout = 10s (default)
2019-10-02 19:50:05,976 [pool-393-thread-1] INFO  server.RaftServerConfigKeys (ConfUtils.java:logGet(43)) - raft.server.log.force.sync.num = 128 (default)
2019-10-02 19:50:05,976 [pool-413-thread-1] INFO  server.RaftServerConfigKeys (ConfUtils.java:logGet(43)) - raft.server.log.statemachine.data.sync.timeout.retry = -1 (default)
2019-10-02 19:50:05,976 [pool-423-thread-1] INFO  server.RaftServerConfigKeys (ConfUtils.java:logGet(43)) - raft.server.retrycache.expirytime = 600000ms (custom)
2019-10-02 19:50:05,976 [pool-413-thread-1] INFO  server.RaftServerConfigKeys (ConfUtils.java:logGet(43)) - raft.server.log.statemachine.data.caching.enabled = true (custom)
2019-10-02 19:50:05,976 [pool-393-thread-1] INFO  server.RaftServerConfigKeys (ConfUtils.java:logGet(43)) - raft.server.log.statemachine.data.sync = true (default)
2019-10-02 19:50:05,977 [pool-413-thread-1] INFO  segmented.SegmentedRaftLogWorker (SegmentedRaftLogWorker.java:lambda$new$0(128)) - 0da31224-e0a2-4f91-8273-9257d2cc342f@group-EED960C3F371-SegmentedRaftLogWorker: flushIndex: setUnconditionally 0 -> -1
2019-10-02 19:50:05,977 [pool-393-thread-1] INFO  server.RaftServerConfigKeys (ConfUtils.java:logGet(43)) - raft.server.log.statemachine.data.sync.timeout = 10s (default)
2019-10-02 19:50:05,977 [pool-413-thread-1] INFO  server.RaftServerConfigKeys (ConfUtils.java:logGet(43)) - raft.server.snapshot.auto.trigger.enabled = true (custom)
2019-10-02 19:50:05,977 [pool-393-thread-1] INFO  server.RaftServerConfigKeys (ConfUtils.java:logGet(43)) - raft.server.log.statemachine.data.sync.timeout.retry = -1 (default)
2019-10-02 19:50:05,977 [pool-413-thread-1] INFO  server.RaftServerConfigKeys (ConfUtils.java:logGet(43)) - raft.server.snapshot.auto.trigger.threshold = 10000 (custom)
2019-10-02 19:50:05,977 [pool-393-thread-1] INFO  server.RaftServerConfigKeys (ConfUtils.java:logGet(43)) - raft.server.log.statemachine.data.caching.enabled = true (custom)
2019-10-02 19:50:05,977 [pool-413-thread-1] INFO  server.RaftServerConfigKeys (ConfUtils.java:logGet(43)) - raft.server.snapshot.retention.file.num = 5 (custom)
2019-10-02 19:50:05,978 [pool-393-thread-1] INFO  segmented.SegmentedRaftLogWorker (SegmentedRaftLogWorker.java:lambda$new$0(128)) - 309fa5a4-cdbf-42cc-94f7-a94586997cb4@group-EED960C3F371-SegmentedRaftLogWorker: flushIndex: setUnconditionally 0 -> -1
2019-10-02 19:50:05,978 [pool-413-thread-1] INFO  server.RaftServerConfigKeys (ConfUtils.java:logGet(43)) - raft.server.retrycache.expirytime = 600000ms (custom)
2019-10-02 19:50:05,978 [pool-393-thread-1] INFO  server.RaftServerConfigKeys (ConfUtils.java:logGet(43)) - raft.server.snapshot.auto.trigger.enabled = true (custom)
2019-10-02 19:50:05,978 [pool-393-thread-1] INFO  server.RaftServerConfigKeys (ConfUtils.java:logGet(43)) - raft.server.snapshot.auto.trigger.threshold = 10000 (custom)
2019-10-02 19:50:05,978 [pool-393-thread-1] INFO  server.RaftServerConfigKeys (ConfUtils.java:logGet(43)) - raft.server.snapshot.retention.file.num = 5 (custom)
2019-10-02 19:50:05,978 [pool-423-thread-1] INFO  impl.RaftServerImpl (RaftServerImpl.java:start(181)) - 2973cdd7-bcb7-4fc5-a4ea-f0116652941b@group-EED960C3F371: start as a follower, conf=-1: [309fa5a4-cdbf-42cc-94f7-a94586997cb4:192.168.30.8:37491, 0da31224-e0a2-4f91-8273-9257d2cc342f:192.168.30.8:36079, 2973cdd7-bcb7-4fc5-a4ea-f0116652941b:192.168.30.8:39270], old=null
2019-10-02 19:50:05,978 [pool-393-thread-1] INFO  server.RaftServerConfigKeys (ConfUtils.java:logGet(43)) - raft.server.retrycache.expirytime = 600000ms (custom)
2019-10-02 19:50:05,978 [pool-423-thread-1] INFO  impl.RaftServerImpl (RaftServerImpl.java:setRole(170)) - 2973cdd7-bcb7-4fc5-a4ea-f0116652941b@group-EED960C3F371: changes role from      null to FOLLOWER at term 0 for startAsFollower
2019-10-02 19:50:05,979 [pool-423-thread-1] INFO  impl.RoleInfo (RoleInfo.java:updateAndGet(143)) - 2973cdd7-bcb7-4fc5-a4ea-f0116652941b: start FollowerState
2019-10-02 19:50:05,979 [pool-423-thread-1] INFO  util.JmxRegister (JmxRegister.java:tryRegister(44)) - Successfully registered JMX Bean with object name Ratis:service=RaftServer,group=group-EED960C3F371,id=2973cdd7-bcb7-4fc5-a4ea-f0116652941b
2019-10-02 19:50:05,980 [pool-413-thread-1] INFO  impl.RaftServerImpl (RaftServerImpl.java:start(181)) - 0da31224-e0a2-4f91-8273-9257d2cc342f@group-EED960C3F371: start as a follower, conf=-1: [309fa5a4-cdbf-42cc-94f7-a94586997cb4:192.168.30.8:37491, 0da31224-e0a2-4f91-8273-9257d2cc342f:192.168.30.8:36079, 2973cdd7-bcb7-4fc5-a4ea-f0116652941b:192.168.30.8:39270], old=null
2019-10-02 19:50:05,980 [pool-413-thread-1] INFO  impl.RaftServerImpl (RaftServerImpl.java:setRole(170)) - 0da31224-e0a2-4f91-8273-9257d2cc342f@group-EED960C3F371: changes role from      null to FOLLOWER at term 0 for startAsFollower
2019-10-02 19:50:05,980 [pool-413-thread-1] INFO  impl.RoleInfo (RoleInfo.java:updateAndGet(143)) - 0da31224-e0a2-4f91-8273-9257d2cc342f: start FollowerState
2019-10-02 19:50:05,980 [pool-413-thread-1] INFO  util.JmxRegister (JmxRegister.java:tryRegister(44)) - Successfully registered JMX Bean with object name Ratis:service=RaftServer,group=group-EED960C3F371,id=0da31224-e0a2-4f91-8273-9257d2cc342f
2019-10-02 19:50:05,981 [pool-393-thread-1] INFO  impl.RaftServerImpl (RaftServerImpl.java:start(181)) - 309fa5a4-cdbf-42cc-94f7-a94586997cb4@group-EED960C3F371: start as a follower, conf=-1: [309fa5a4-cdbf-42cc-94f7-a94586997cb4:192.168.30.8:37491, 0da31224-e0a2-4f91-8273-9257d2cc342f:192.168.30.8:36079, 2973cdd7-bcb7-4fc5-a4ea-f0116652941b:192.168.30.8:39270], old=null
2019-10-02 19:50:05,981 [pool-393-thread-1] INFO  impl.RaftServerImpl (RaftServerImpl.java:setRole(170)) - 309fa5a4-cdbf-42cc-94f7-a94586997cb4@group-EED960C3F371: changes role from      null to FOLLOWER at term 0 for startAsFollower
2019-10-02 19:50:05,981 [pool-393-thread-1] INFO  impl.RoleInfo (RoleInfo.java:updateAndGet(143)) - 309fa5a4-cdbf-42cc-94f7-a94586997cb4: start FollowerState
2019-10-02 19:50:05,982 [pool-393-thread-1] INFO  util.JmxRegister (JmxRegister.java:tryRegister(44)) - Successfully registered JMX Bean with object name Ratis:service=RaftServer,group=group-EED960C3F371,id=309fa5a4-cdbf-42cc-94f7-a94586997cb4
2019-10-02 19:50:05,985 [RatisPipelineUtilsThread] INFO  pipeline.PipelineStateManager (PipelineStateManager.java:addPipeline(56)) - Created pipeline Pipeline[ Id: fab857e6-de4d-402b-b9fd-eed960c3f371, Nodes: 0da31224-e0a2-4f91-8273-9257d2cc342f{ip: 192.168.30.8, host: pr-hdds-2226-secures3-55zz4-4099447309, networkLocation: /default-rack, certSerialId: null}2973cdd7-bcb7-4fc5-a4ea-f0116652941b{ip: 192.168.30.8, host: pr-hdds-2226-secures3-55zz4-4099447309, networkLocation: /default-rack, certSerialId: null}309fa5a4-cdbf-42cc-94f7-a94586997cb4{ip: 192.168.30.8, host: pr-hdds-2226-secures3-55zz4-4099447309, networkLocation: /default-rack, certSerialId: null}, Type:RATIS, Factor:THREE, State:OPEN]
2019-10-02 19:50:05,998 [grpc-default-executor-3] INFO  impl.RaftServerProxy (RaftServerProxy.java:addNew(89)) - 2ea827a1-4486-4237-8785-4bba9de8eca7: addNew group-CBE504CDF192:[aee965ed-9a9c-47a3-aabc-5d46a53ccf26:192.168.30.8:41584, 2ea827a1-4486-4237-8785-4bba9de8eca7:192.168.30.8:43389, b341cfb2-4f0b-4827-a89b-ff7d199a869f:192.168.30.8:41303] returns group-CBE504CDF192:java.util.concurrent.CompletableFuture@7c82df53[Not completed]
2019-10-02 19:50:05,998 [grpc-default-executor-2] INFO  impl.RaftServerProxy (RaftServerProxy.java:addNew(89)) - b341cfb2-4f0b-4827-a89b-ff7d199a869f: addNew group-CBE504CDF192:[aee965ed-9a9c-47a3-aabc-5d46a53ccf26:192.168.30.8:41584, 2ea827a1-4486-4237-8785-4bba9de8eca7:192.168.30.8:43389, b341cfb2-4f0b-4827-a89b-ff7d199a869f:192.168.30.8:41303] returns group-CBE504CDF192:java.util.concurrent.CompletableFuture@65673dc2[Not completed]
2019-10-02 19:50:05,998 [grpc-default-executor-6] INFO  impl.RaftServerProxy (RaftServerProxy.java:addNew(89)) - aee965ed-9a9c-47a3-aabc-5d46a53ccf26: addNew group-CBE504CDF192:[aee965ed-9a9c-47a3-aabc-5d46a53ccf26:192.168.30.8:41584, 2ea827a1-4486-4237-8785-4bba9de8eca7:192.168.30.8:43389, b341cfb2-4f0b-4827-a89b-ff7d199a869f:192.168.30.8:41303] returns group-CBE504CDF192:java.util.concurrent.CompletableFuture@5b4a1a47[Not completed]
2019-10-02 19:50:06,001 [pool-443-thread-1] INFO  impl.RaftServerImpl (RaftServerImpl.java:<init>(95)) - 2ea827a1-4486-4237-8785-4bba9de8eca7: new RaftServerImpl for group-CBE504CDF192:[aee965ed-9a9c-47a3-aabc-5d46a53ccf26:192.168.30.8:41584, 2ea827a1-4486-4237-8785-4bba9de8eca7:192.168.30.8:43389, b341cfb2-4f0b-4827-a89b-ff7d199a869f:192.168.30.8:41303] with ContainerStateMachine:uninitialized
2019-10-02 19:50:06,001 [pool-443-thread-1] INFO  server.RaftServerConfigKeys (ConfUtils.java:logGet(43)) - raft.server.rpc.timeout.min = 5s (custom)
2019-10-02 19:50:06,002 [pool-443-thread-1] INFO  server.RaftServerConfigKeys (ConfUtils.java:logGet(43)) - raft.server.rpc.timeout.max = 5200ms (custom)
2019-10-02 19:50:06,002 [pool-443-thread-1] INFO  server.RaftServerConfigKeys (ConfUtils.java:logGet(43)) - raft.server.rpcslowness.timeout = 120s (custom)
2019-10-02 19:50:06,002 [pool-443-thread-1] INFO  server.RaftServerConfigKeys (ConfUtils.java:logGet(43)) - raft.server.sleep.deviation.threshold = 300 (default)
2019-10-02 19:50:06,002 [pool-443-thread-1] INFO  server.RaftServerConfigKeys (ConfUtils.java:logGet(43)) - raft.server.log.appender.install.snapshot.enabled = false (custom)
2019-10-02 19:50:06,002 [pool-443-thread-1] INFO  impl.RaftServerImpl (ServerState.java:<init>(103)) - 2ea827a1-4486-4237-8785-4bba9de8eca7@group-CBE504CDF192: ConfigurationManager, init=-1: [aee965ed-9a9c-47a3-aabc-5d46a53ccf26:192.168.30.8:41584, 2ea827a1-4486-4237-8785-4bba9de8eca7:192.168.30.8:43389, b341cfb2-4f0b-4827-a89b-ff7d199a869f:192.168.30.8:41303], old=null, confs=<EMPTY_MAP>
2019-10-02 19:50:06,002 [pool-443-thread-1] INFO  server.RaftServerConfigKeys (ConfUtils.java:logGet(43)) - raft.server.storage.dir = [/workdir/hadoop-ozone/integration-test/target/test-dir/MiniOzoneClusterImpl-e6381cb0-e569-48f2-8813-b93856510a3e/datanode-6/data/ratis] (custom)
2019-10-02 19:50:06,003 [pool-403-thread-1] INFO  impl.RaftServerImpl (RaftServerImpl.java:<init>(95)) - aee965ed-9a9c-47a3-aabc-5d46a53ccf26: new RaftServerImpl for group-CBE504CDF192:[aee965ed-9a9c-47a3-aabc-5d46a53ccf26:192.168.30.8:41584, 2ea827a1-4486-4237-8785-4bba9de8eca7:192.168.30.8:43389, b341cfb2-4f0b-4827-a89b-ff7d199a869f:192.168.30.8:41303] with ContainerStateMachine:uninitialized
2019-10-02 19:50:06,003 [pool-443-thread-1] INFO  server.RaftServerConfigKeys (ConfUtils.java:logGet(43)) - raft.server.log.corruption.policy = EXCEPTION (default)
2019-10-02 19:50:06,003 [pool-403-thread-1] INFO  server.RaftServerConfigKeys (ConfUtils.java:logGet(43)) - raft.server.rpc.timeout.min = 5s (custom)
2019-10-02 19:50:06,003 [pool-443-thread-1] INFO  storage.RaftStorageDirectory (RaftStorageDirectory.java:analyzeStorage(246)) - The storage directory /workdir/hadoop-ozone/integration-test/target/test-dir/MiniOzoneClusterImpl-e6381cb0-e569-48f2-8813-b93856510a3e/datanode-6/data/ratis/ee72deab-1162-4b84-9741-cbe504cdf192 does not exist. Creating ...
2019-10-02 19:50:06,003 [pool-383-thread-1] INFO  impl.RaftServerImpl (RaftServerImpl.java:<init>(95)) - b341cfb2-4f0b-4827-a89b-ff7d199a869f: new RaftServerImpl for group-CBE504CDF192:[aee965ed-9a9c-47a3-aabc-5d46a53ccf26:192.168.30.8:41584, 2ea827a1-4486-4237-8785-4bba9de8eca7:192.168.30.8:43389, b341cfb2-4f0b-4827-a89b-ff7d199a869f:192.168.30.8:41303] with ContainerStateMachine:uninitialized
2019-10-02 19:50:06,003 [pool-403-thread-1] INFO  server.RaftServerConfigKeys (ConfUtils.java:logGet(43)) - raft.server.rpc.timeout.max = 5200ms (custom)
2019-10-02 19:50:06,003 [pool-383-thread-1] INFO  server.RaftServerConfigKeys (ConfUtils.java:logGet(43)) - raft.server.rpc.timeout.min = 5s (custom)
2019-10-02 19:50:06,003 [pool-403-thread-1] INFO  server.RaftServerConfigKeys (ConfUtils.java:logGet(43)) - raft.server.rpcslowness.timeout = 120s (custom)
2019-10-02 19:50:06,003 [pool-383-thread-1] INFO  server.RaftServerConfigKeys (ConfUtils.java:logGet(43)) - raft.server.rpc.timeout.max = 5200ms (custom)
2019-10-02 19:50:06,004 [pool-403-thread-1] INFO  server.RaftServerConfigKeys (ConfUtils.java:logGet(43)) - raft.server.sleep.deviation.threshold = 300 (default)
2019-10-02 19:50:06,004 [pool-383-thread-1] INFO  server.RaftServerConfigKeys (ConfUtils.java:logGet(43)) - raft.server.rpcslowness.timeout = 120s (custom)
2019-10-02 19:50:06,004 [pool-403-thread-1] INFO  server.RaftServerConfigKeys (ConfUtils.java:logGet(43)) - raft.server.log.appender.install.snapshot.enabled = false (custom)
2019-10-02 19:50:06,004 [pool-383-thread-1] INFO  server.RaftServerConfigKeys (ConfUtils.java:logGet(43)) - raft.server.sleep.deviation.threshold = 300 (default)
2019-10-02 19:50:06,004 [pool-403-thread-1] INFO  impl.RaftServerImpl (ServerState.java:<init>(103)) - aee965ed-9a9c-47a3-aabc-5d46a53ccf26@group-CBE504CDF192: ConfigurationManager, init=-1: [aee965ed-9a9c-47a3-aabc-5d46a53ccf26:192.168.30.8:41584, 2ea827a1-4486-4237-8785-4bba9de8eca7:192.168.30.8:43389, b341cfb2-4f0b-4827-a89b-ff7d199a869f:192.168.30.8:41303], old=null, confs=<EMPTY_MAP>
2019-10-02 19:50:06,004 [pool-383-thread-1] INFO  server.RaftServerConfigKeys (ConfUtils.java:logGet(43)) - raft.server.log.appender.install.snapshot.enabled = false (custom)
2019-10-02 19:50:06,004 [pool-403-thread-1] INFO  server.RaftServerConfigKeys (ConfUtils.java:logGet(43)) - raft.server.storage.dir = [/workdir/hadoop-ozone/integration-test/target/test-dir/MiniOzoneClusterImpl-e6381cb0-e569-48f2-8813-b93856510a3e/datanode-2/data/ratis] (custom)
2019-10-02 19:50:06,004 [pool-383-thread-1] INFO  impl.RaftServerImpl (ServerState.java:<init>(103)) - b341cfb2-4f0b-4827-a89b-ff7d199a869f@group-CBE504CDF192: ConfigurationManager, init=-1: [aee965ed-9a9c-47a3-aabc-5d46a53ccf26:192.168.30.8:41584, 2ea827a1-4486-4237-8785-4bba9de8eca7:192.168.30.8:43389, b341cfb2-4f0b-4827-a89b-ff7d199a869f:192.168.30.8:41303], old=null, confs=<EMPTY_MAP>
2019-10-02 19:50:06,005 [pool-383-thread-1] INFO  server.RaftServerConfigKeys (ConfUtils.java:logGet(43)) - raft.server.storage.dir = [/workdir/hadoop-ozone/integration-test/target/test-dir/MiniOzoneClusterImpl-e6381cb0-e569-48f2-8813-b93856510a3e/datanode-0/data/ratis] (custom)
2019-10-02 19:50:06,005 [pool-403-thread-1] INFO  server.RaftServerConfigKeys (ConfUtils.java:logGet(43)) - raft.server.log.corruption.policy = EXCEPTION (default)
2019-10-02 19:50:06,005 [pool-383-thread-1] INFO  server.RaftServerConfigKeys (ConfUtils.java:logGet(43)) - raft.server.log.corruption.policy = EXCEPTION (default)
2019-10-02 19:50:06,005 [pool-403-thread-1] INFO  storage.RaftStorageDirectory (RaftStorageDirectory.java:analyzeStorage(246)) - The storage directory /workdir/hadoop-ozone/integration-test/target/test-dir/MiniOzoneClusterImpl-e6381cb0-e569-48f2-8813-b93856510a3e/datanode-2/data/ratis/ee72deab-1162-4b84-9741-cbe504cdf192 does not exist. Creating ...
2019-10-02 19:50:06,005 [pool-383-thread-1] INFO  storage.RaftStorageDirectory (RaftStorageDirectory.java:analyzeStorage(246)) - The storage directory /workdir/hadoop-ozone/integration-test/target/test-dir/MiniOzoneClusterImpl-e6381cb0-e569-48f2-8813-b93856510a3e/datanode-0/data/ratis/ee72deab-1162-4b84-9741-cbe504cdf192 does not exist. Creating ...
2019-10-02 19:50:06,029 [pool-443-thread-1] INFO  storage.RaftStorageDirectory (RaftStorageDirectory.java:tryLock(328)) - Lock on /workdir/hadoop-ozone/integration-test/target/test-dir/MiniOzoneClusterImpl-e6381cb0-e569-48f2-8813-b93856510a3e/datanode-6/data/ratis/ee72deab-1162-4b84-9741-cbe504cdf192/in_use.lock acquired by nodename 6817@pr-hdds-2226-secures3-55zz4-4099447309
2019-10-02 19:50:06,029 [pool-403-thread-1] INFO  storage.RaftStorageDirectory (RaftStorageDirectory.java:tryLock(328)) - Lock on /workdir/hadoop-ozone/integration-test/target/test-dir/MiniOzoneClusterImpl-e6381cb0-e569-48f2-8813-b93856510a3e/datanode-2/data/ratis/ee72deab-1162-4b84-9741-cbe504cdf192/in_use.lock acquired by nodename 6817@pr-hdds-2226-secures3-55zz4-4099447309
2019-10-02 19:50:06,029 [pool-383-thread-1] INFO  storage.RaftStorageDirectory (RaftStorageDirectory.java:tryLock(328)) - Lock on /workdir/hadoop-ozone/integration-test/target/test-dir/MiniOzoneClusterImpl-e6381cb0-e569-48f2-8813-b93856510a3e/datanode-0/data/ratis/ee72deab-1162-4b84-9741-cbe504cdf192/in_use.lock acquired by nodename 6817@pr-hdds-2226-secures3-55zz4-4099447309
2019-10-02 19:50:06,055 [pool-443-thread-1] INFO  storage.RaftStorage (RaftStorage.java:format(84)) - Storage directory /workdir/hadoop-ozone/integration-test/target/test-dir/MiniOzoneClusterImpl-e6381cb0-e569-48f2-8813-b93856510a3e/datanode-6/data/ratis/ee72deab-1162-4b84-9741-cbe504cdf192 has been successfully formatted.
2019-10-02 19:50:06,055 [pool-403-thread-1] INFO  storage.RaftStorage (RaftStorage.java:format(84)) - Storage directory /workdir/hadoop-ozone/integration-test/target/test-dir/MiniOzoneClusterImpl-e6381cb0-e569-48f2-8813-b93856510a3e/datanode-2/data/ratis/ee72deab-1162-4b84-9741-cbe504cdf192 has been successfully formatted.
2019-10-02 19:50:06,055 [pool-443-thread-1] INFO  ratis.ContainerStateMachine (ContainerStateMachine.java:loadSnapshot(230)) - group-CBE504CDF192: The snapshot info is null. Setting the last applied indexto:(t:0, i:~)
2019-10-02 19:50:06,055 [pool-383-thread-1] INFO  storage.RaftStorage (RaftStorage.java:format(84)) - Storage directory /workdir/hadoop-ozone/integration-test/target/test-dir/MiniOzoneClusterImpl-e6381cb0-e569-48f2-8813-b93856510a3e/datanode-0/data/ratis/ee72deab-1162-4b84-9741-cbe504cdf192 has been successfully formatted.
2019-10-02 19:50:06,055 [pool-403-thread-1] INFO  ratis.ContainerStateMachine (ContainerStateMachine.java:loadSnapshot(230)) - group-CBE504CDF192: The snapshot info is null. Setting the last applied indexto:(t:0, i:~)
2019-10-02 19:50:06,055 [pool-443-thread-1] INFO  server.RaftServerConfigKeys (ConfUtils.java:logGet(43)) - raft.server.notification.no-leader.timeout = 120s (custom)
2019-10-02 19:50:06,056 [pool-403-thread-1] INFO  server.RaftServerConfigKeys (ConfUtils.java:logGet(43)) - raft.server.notification.no-leader.timeout = 120s (custom)
2019-10-02 19:50:06,055 [pool-383-thread-1] INFO  ratis.ContainerStateMachine (ContainerStateMachine.java:loadSnapshot(230)) - group-CBE504CDF192: The snapshot info is null. Setting the last applied indexto:(t:0, i:~)
2019-10-02 19:50:06,056 [pool-403-thread-1] INFO  server.RaftServerConfigKeys (ConfUtils.java:logGet(43)) - raft.server.log.use.memory = false (default)
2019-10-02 19:50:06,056 [pool-443-thread-1] INFO  server.RaftServerConfigKeys (ConfUtils.java:logGet(43)) - raft.server.log.use.memory = false (default)
2019-10-02 19:50:06,056 [pool-403-thread-1] INFO  server.RaftServerConfigKeys (ConfUtils.java:logGet(43)) - raft.server.log.purge.gap = 1000000 (custom)
2019-10-02 19:50:06,056 [pool-383-thread-1] INFO  server.RaftServerConfigKeys (ConfUtils.java:logGet(43)) - raft.server.notification.no-leader.timeout = 120s (custom)
2019-10-02 19:50:06,056 [pool-403-thread-1] INFO  server.RaftServerConfigKeys (ConfUtils.java:logGet(43)) - raft.server.log.appender.buffer.byte-limit = 33554432 (custom)
2019-10-02 19:50:06,056 [pool-443-thread-1] INFO  server.RaftServerConfigKeys (ConfUtils.java:logGet(43)) - raft.server.log.purge.gap = 1000000 (custom)
2019-10-02 19:50:06,057 [pool-403-thread-1] INFO  server.RaftServerConfigKeys (ConfUtils.java:logGet(43)) - raft.server.log.segment.size.max = 1048576 (custom)
2019-10-02 19:50:06,057 [pool-383-thread-1] INFO  server.RaftServerConfigKeys (ConfUtils.java:logGet(43)) - raft.server.log.use.memory = false (default)
2019-10-02 19:50:06,057 [pool-403-thread-1] INFO  server.RaftServerConfigKeys (ConfUtils.java:logGet(43)) - raft.server.log.segment.cache.num.max = 2 (custom)
2019-10-02 19:50:06,057 [pool-443-thread-1] INFO  server.RaftServerConfigKeys (ConfUtils.java:logGet(43)) - raft.server.log.appender.buffer.byte-limit = 33554432 (custom)
2019-10-02 19:50:06,057 [pool-403-thread-1] INFO  segmented.SegmentedRaftLogWorker (SegmentedRaftLogWorker.java:<init>(173)) - new aee965ed-9a9c-47a3-aabc-5d46a53ccf26@group-CBE504CDF192-SegmentedRaftLogWorker for RaftStorage:Storage Directory /workdir/hadoop-ozone/integration-test/target/test-dir/MiniOzoneClusterImpl-e6381cb0-e569-48f2-8813-b93856510a3e/datanode-2/data/ratis/ee72deab-1162-4b84-9741-cbe504cdf192
2019-10-02 19:50:06,057 [pool-383-thread-1] INFO  server.RaftServerConfigKeys (ConfUtils.java:logGet(43)) - raft.server.log.purge.gap = 1000000 (custom)
2019-10-02 19:50:06,058 [pool-403-thread-1] INFO  server.RaftServerConfigKeys (ConfUtils.java:logGet(43)) - raft.server.log.queue.byte-limit = 2147483647 (custom)
2019-10-02 19:50:06,057 [pool-443-thread-1] INFO  server.RaftServerConfigKeys (ConfUtils.java:logGet(43)) - raft.server.log.segment.size.max = 1048576 (custom)
2019-10-02 19:50:06,058 [pool-403-thread-1] INFO  server.RaftServerConfigKeys (ConfUtils.java:logGet(43)) - raft.server.log.queue.element-limit = 1024 (custom)
2019-10-02 19:50:06,058 [pool-383-thread-1] INFO  server.RaftServerConfigKeys (ConfUtils.java:logGet(43)) - raft.server.log.appender.buffer.byte-limit = 33554432 (custom)
2019-10-02 19:50:06,058 [pool-403-thread-1] INFO  server.RaftServerConfigKeys (ConfUtils.java:logGet(43)) - raft.server.log.segment.size.max = 1048576 (custom)
2019-10-02 19:50:06,058 [pool-443-thread-1] INFO  server.RaftServerConfigKeys (ConfUtils.java:logGet(43)) - raft.server.log.segment.cache.num.max = 2 (custom)
2019-10-02 19:50:06,058 [pool-403-thread-1] INFO  server.RaftServerConfigKeys (ConfUtils.java:logGet(43)) - raft.server.log.preallocated.size = 16384 (custom)
2019-10-02 19:50:06,059 [pool-403-thread-1] INFO  server.RaftServerConfigKeys (ConfUtils.java:logGet(43)) - raft.server.log.write.buffer.size = 33554432 (custom)
2019-10-02 19:50:06,058 [pool-383-thread-1] INFO  server.RaftServerConfigKeys (ConfUtils.java:logGet(43)) - raft.server.log.segment.size.max = 1048576 (custom)
2019-10-02 19:50:06,059 [pool-403-thread-1] INFO  server.RaftServerConfigKeys (ConfUtils.java:logGet(43)) - raft.server.log.force.sync.num = 128 (default)
2019-10-02 19:50:06,059 [pool-443-thread-1] INFO  segmented.SegmentedRaftLogWorker (SegmentedRaftLogWorker.java:<init>(173)) - new 2ea827a1-4486-4237-8785-4bba9de8eca7@group-CBE504CDF192-SegmentedRaftLogWorker for RaftStorage:Storage Directory /workdir/hadoop-ozone/integration-test/target/test-dir/MiniOzoneClusterImpl-e6381cb0-e569-48f2-8813-b93856510a3e/datanode-6/data/ratis/ee72deab-1162-4b84-9741-cbe504cdf192
2019-10-02 19:50:06,060 [pool-403-thread-1] INFO  server.RaftServerConfigKeys (ConfUtils.java:logGet(43)) - raft.server.log.statemachine.data.sync = true (default)
2019-10-02 19:50:06,059 [pool-383-thread-1] INFO  server.RaftServerConfigKeys (ConfUtils.java:logGet(43)) - raft.server.log.segment.cache.num.max = 2 (custom)
2019-10-02 19:50:06,060 [pool-403-thread-1] INFO  server.RaftServerConfigKeys (ConfUtils.java:logGet(43)) - raft.server.log.statemachine.data.sync.timeout = 10s (default)
2019-10-02 19:50:06,060 [pool-443-thread-1] INFO  server.RaftServerConfigKeys (ConfUtils.java:logGet(43)) - raft.server.log.queue.byte-limit = 2147483647 (custom)
2019-10-02 19:50:06,060 [pool-403-thread-1] INFO  server.RaftServerConfigKeys (ConfUtils.java:logGet(43)) - raft.server.log.statemachine.data.sync.timeout.retry = -1 (default)
2019-10-02 19:50:06,060 [pool-383-thread-1] INFO  segmented.SegmentedRaftLogWorker (SegmentedRaftLogWorker.java:<init>(173)) - new b341cfb2-4f0b-4827-a89b-ff7d199a869f@group-CBE504CDF192-SegmentedRaftLogWorker for RaftStorage:Storage Directory /workdir/hadoop-ozone/integration-test/target/test-dir/MiniOzoneClusterImpl-e6381cb0-e569-48f2-8813-b93856510a3e/datanode-0/data/ratis/ee72deab-1162-4b84-9741-cbe504cdf192
2019-10-02 19:50:06,060 [pool-403-thread-1] INFO  server.RaftServerConfigKeys (ConfUtils.java:logGet(43)) - raft.server.log.statemachine.data.caching.enabled = true (custom)
2019-10-02 19:50:06,060 [pool-443-thread-1] INFO  server.RaftServerConfigKeys (ConfUtils.java:logGet(43)) - raft.server.log.queue.element-limit = 1024 (custom)
2019-10-02 19:50:06,060 [pool-383-thread-1] INFO  server.RaftServerConfigKeys (ConfUtils.java:logGet(43)) - raft.server.log.queue.byte-limit = 2147483647 (custom)
2019-10-02 19:50:06,061 [pool-403-thread-1] INFO  segmented.SegmentedRaftLogWorker (SegmentedRaftLogWorker.java:lambda$new$0(128)) - aee965ed-9a9c-47a3-aabc-5d46a53ccf26@group-CBE504CDF192-SegmentedRaftLogWorker: flushIndex: setUnconditionally 0 -> -1
2019-10-02 19:50:06,061 [pool-443-thread-1] INFO  server.RaftServerConfigKeys (ConfUtils.java:logGet(43)) - raft.server.log.segment.size.max = 1048576 (custom)
2019-10-02 19:50:06,061 [pool-383-thread-1] INFO  server.RaftServerConfigKeys (ConfUtils.java:logGet(43)) - raft.server.log.queue.element-limit = 1024 (custom)
2019-10-02 19:50:06,061 [pool-403-thread-1] INFO  server.RaftServerConfigKeys (ConfUtils.java:logGet(43)) - raft.server.snapshot.auto.trigger.enabled = true (custom)
2019-10-02 19:50:06,061 [pool-443-thread-1] INFO  server.RaftServerConfigKeys (ConfUtils.java:logGet(43)) - raft.server.log.preallocated.size = 16384 (custom)
2019-10-02 19:50:06,061 [pool-403-thread-1] INFO  server.RaftServerConfigKeys (ConfUtils.java:logGet(43)) - raft.server.snapshot.auto.trigger.threshold = 10000 (custom)
2019-10-02 19:50:06,061 [pool-383-thread-1] INFO  server.RaftServerConfigKeys (ConfUtils.java:logGet(43)) - raft.server.log.segment.size.max = 1048576 (custom)
2019-10-02 19:50:06,062 [pool-403-thread-1] INFO  server.RaftServerConfigKeys (ConfUtils.java:logGet(43)) - raft.server.snapshot.retention.file.num = 5 (custom)
2019-10-02 19:50:06,062 [pool-443-thread-1] INFO  server.RaftServerConfigKeys (ConfUtils.java:logGet(43)) - raft.server.log.write.buffer.size = 33554432 (custom)
2019-10-02 19:50:06,062 [pool-403-thread-1] INFO  server.RaftServerConfigKeys (ConfUtils.java:logGet(43)) - raft.server.retrycache.expirytime = 600000ms (custom)
2019-10-02 19:50:06,062 [pool-383-thread-1] INFO  server.RaftServerConfigKeys (ConfUtils.java:logGet(43)) - raft.server.log.preallocated.size = 16384 (custom)
2019-10-02 19:50:06,062 [pool-443-thread-1] INFO  server.RaftServerConfigKeys (ConfUtils.java:logGet(43)) - raft.server.log.force.sync.num = 128 (default)
2019-10-02 19:50:06,062 [pool-383-thread-1] INFO  server.RaftServerConfigKeys (ConfUtils.java:logGet(43)) - raft.server.log.write.buffer.size = 33554432 (custom)
2019-10-02 19:50:06,062 [pool-443-thread-1] INFO  server.RaftServerConfigKeys (ConfUtils.java:logGet(43)) - raft.server.log.statemachine.data.sync = true (default)
2019-10-02 19:50:06,063 [pool-383-thread-1] INFO  server.RaftServerConfigKeys (ConfUtils.java:logGet(43)) - raft.server.log.force.sync.num = 128 (default)
2019-10-02 19:50:06,063 [pool-443-thread-1] INFO  server.RaftServerConfigKeys (ConfUtils.java:logGet(43)) - raft.server.log.statemachine.data.sync.timeout = 10s (default)
2019-10-02 19:50:06,063 [pool-383-thread-1] INFO  server.RaftServerConfigKeys (ConfUtils.java:logGet(43)) - raft.server.log.statemachine.data.sync = true (default)
2019-10-02 19:50:06,063 [pool-443-thread-1] INFO  server.RaftServerConfigKeys (ConfUtils.java:logGet(43)) - raft.server.log.statemachine.data.sync.timeout.retry = -1 (default)
2019-10-02 19:50:06,063 [pool-383-thread-1] INFO  server.RaftServerConfigKeys (ConfUtils.java:logGet(43)) - raft.server.log.statemachine.data.sync.timeout = 10s (default)
2019-10-02 19:50:06,063 [pool-443-thread-1] INFO  server.RaftServerConfigKeys (ConfUtils.java:logGet(43)) - raft.server.log.statemachine.data.caching.enabled = true (custom)
2019-10-02 19:50:06,063 [pool-383-thread-1] INFO  server.RaftServerConfigKeys (ConfUtils.java:logGet(43)) - raft.server.log.statemachine.data.sync.timeout.retry = -1 (default)
2019-10-02 19:50:06,064 [pool-443-thread-1] INFO  segmented.SegmentedRaftLogWorker (SegmentedRaftLogWorker.java:lambda$new$0(128)) - 2ea827a1-4486-4237-8785-4bba9de8eca7@group-CBE504CDF192-SegmentedRaftLogWorker: flushIndex: setUnconditionally 0 -> -1
2019-10-02 19:50:06,064 [pool-383-thread-1] INFO  server.RaftServerConfigKeys (ConfUtils.java:logGet(43)) - raft.server.log.statemachine.data.caching.enabled = true (custom)
2019-10-02 19:50:06,064 [pool-443-thread-1] INFO  server.RaftServerConfigKeys (ConfUtils.java:logGet(43)) - raft.server.snapshot.auto.trigger.enabled = true (custom)
2019-10-02 19:50:06,064 [pool-443-thread-1] INFO  server.RaftServerConfigKeys (ConfUtils.java:logGet(43)) - raft.server.snapshot.auto.trigger.threshold = 10000 (custom)
2019-10-02 19:50:06,064 [pool-383-thread-1] INFO  segmented.SegmentedRaftLogWorker (SegmentedRaftLogWorker.java:lambda$new$0(128)) - b341cfb2-4f0b-4827-a89b-ff7d199a869f@group-CBE504CDF192-SegmentedRaftLogWorker: flushIndex: setUnconditionally 0 -> -1
2019-10-02 19:50:06,064 [pool-443-thread-1] INFO  server.RaftServerConfigKeys (ConfUtils.java:logGet(43)) - raft.server.snapshot.retention.file.num = 5 (custom)
2019-10-02 19:50:06,064 [pool-383-thread-1] INFO  server.RaftServerConfigKeys (ConfUtils.java:logGet(43)) - raft.server.snapshot.auto.trigger.enabled = true (custom)
2019-10-02 19:50:06,064 [pool-443-thread-1] INFO  server.RaftServerConfigKeys (ConfUtils.java:logGet(43)) - raft.server.retrycache.expirytime = 600000ms (custom)
2019-10-02 19:50:06,065 [pool-383-thread-1] INFO  server.RaftServerConfigKeys (ConfUtils.java:logGet(43)) - raft.server.snapshot.auto.trigger.threshold = 10000 (custom)
2019-10-02 19:50:06,065 [pool-403-thread-1] INFO  impl.RaftServerImpl (RaftServerImpl.java:start(181)) - aee965ed-9a9c-47a3-aabc-5d46a53ccf26@group-CBE504CDF192: start as a follower, conf=-1: [aee965ed-9a9c-47a3-aabc-5d46a53ccf26:192.168.30.8:41584, 2ea827a1-4486-4237-8785-4bba9de8eca7:192.168.30.8:43389, b341cfb2-4f0b-4827-a89b-ff7d199a869f:192.168.30.8:41303], old=null
2019-10-02 19:50:06,065 [pool-383-thread-1] INFO  server.RaftServerConfigKeys (ConfUtils.java:logGet(43)) - raft.server.snapshot.retention.file.num = 5 (custom)
2019-10-02 19:50:06,065 [pool-403-thread-1] INFO  impl.RaftServerImpl (RaftServerImpl.java:setRole(170)) - aee965ed-9a9c-47a3-aabc-5d46a53ccf26@group-CBE504CDF192: changes role from      null to FOLLOWER at term 0 for startAsFollower
2019-10-02 19:50:06,065 [pool-383-thread-1] INFO  server.RaftServerConfigKeys (ConfUtils.java:logGet(43)) - raft.server.retrycache.expirytime = 600000ms (custom)
2019-10-02 19:50:06,065 [pool-403-thread-1] INFO  impl.RoleInfo (RoleInfo.java:updateAndGet(143)) - aee965ed-9a9c-47a3-aabc-5d46a53ccf26: start FollowerState
2019-10-02 19:50:06,066 [pool-403-thread-1] INFO  util.JmxRegister (JmxRegister.java:tryRegister(44)) - Successfully registered JMX Bean with object name Ratis:service=RaftServer,group=group-CBE504CDF192,id=aee965ed-9a9c-47a3-aabc-5d46a53ccf26
2019-10-02 19:50:06,067 [pool-443-thread-1] INFO  impl.RaftServerImpl (RaftServerImpl.java:start(181)) - 2ea827a1-4486-4237-8785-4bba9de8eca7@group-CBE504CDF192: start as a follower, conf=-1: [aee965ed-9a9c-47a3-aabc-5d46a53ccf26:192.168.30.8:41584, 2ea827a1-4486-4237-8785-4bba9de8eca7:192.168.30.8:43389, b341cfb2-4f0b-4827-a89b-ff7d199a869f:192.168.30.8:41303], old=null
2019-10-02 19:50:06,067 [pool-443-thread-1] INFO  impl.RaftServerImpl (RaftServerImpl.java:setRole(170)) - 2ea827a1-4486-4237-8785-4bba9de8eca7@group-CBE504CDF192: changes role from      null to FOLLOWER at term 0 for startAsFollower
2019-10-02 19:50:06,067 [pool-443-thread-1] INFO  impl.RoleInfo (RoleInfo.java:updateAndGet(143)) - 2ea827a1-4486-4237-8785-4bba9de8eca7: start FollowerState
2019-10-02 19:50:06,067 [pool-443-thread-1] INFO  util.JmxRegister (JmxRegister.java:tryRegister(44)) - Successfully registered JMX Bean with object name Ratis:service=RaftServer,group=group-CBE504CDF192,id=2ea827a1-4486-4237-8785-4bba9de8eca7
2019-10-02 19:50:06,068 [pool-383-thread-1] INFO  impl.RaftServerImpl (RaftServerImpl.java:start(181)) - b341cfb2-4f0b-4827-a89b-ff7d199a869f@group-CBE504CDF192: start as a follower, conf=-1: [aee965ed-9a9c-47a3-aabc-5d46a53ccf26:192.168.30.8:41584, 2ea827a1-4486-4237-8785-4bba9de8eca7:192.168.30.8:43389, b341cfb2-4f0b-4827-a89b-ff7d199a869f:192.168.30.8:41303], old=null
2019-10-02 19:50:06,068 [pool-383-thread-1] INFO  impl.RaftServerImpl (RaftServerImpl.java:setRole(170)) - b341cfb2-4f0b-4827-a89b-ff7d199a869f@group-CBE504CDF192: changes role from      null to FOLLOWER at term 0 for startAsFollower
2019-10-02 19:50:06,069 [pool-383-thread-1] INFO  impl.RoleInfo (RoleInfo.java:updateAndGet(143)) - b341cfb2-4f0b-4827-a89b-ff7d199a869f: start FollowerState
2019-10-02 19:50:06,069 [pool-383-thread-1] INFO  util.JmxRegister (JmxRegister.java:tryRegister(44)) - Successfully registered JMX Bean with object name Ratis:service=RaftServer,group=group-CBE504CDF192,id=b341cfb2-4f0b-4827-a89b-ff7d199a869f
2019-10-02 19:50:06,073 [RatisPipelineUtilsThread] INFO  pipeline.PipelineStateManager (PipelineStateManager.java:addPipeline(56)) - Created pipeline Pipeline[ Id: ee72deab-1162-4b84-9741-cbe504cdf192, Nodes: 2ea827a1-4486-4237-8785-4bba9de8eca7{ip: 192.168.30.8, host: pr-hdds-2226-secures3-55zz4-4099447309, networkLocation: /default-rack, certSerialId: null}aee965ed-9a9c-47a3-aabc-5d46a53ccf26{ip: 192.168.30.8, host: pr-hdds-2226-secures3-55zz4-4099447309, networkLocation: /default-rack, certSerialId: null}b341cfb2-4f0b-4827-a89b-ff7d199a869f{ip: 192.168.30.8, host: pr-hdds-2226-secures3-55zz4-4099447309, networkLocation: /default-rack, certSerialId: null}, Type:RATIS, Factor:THREE, State:OPEN]
2019-10-02 19:50:06,766 [main] INFO  ozone.MiniOzoneClusterImpl (MiniOzoneClusterImpl.java:lambda$waitForClusterToBeReady$0(147)) - Cluster is ready. Got 7 of 7 DN Heartbeats.
2019-10-02 19:50:06,822 [main] INFO  rpc.RpcClient (RpcClient.java:createVolume(276)) - Creating Volume: watchforcommithandlingtest, with jenkins1000 as owner.
2019-10-02 19:50:06,826 [IPC Server handler 2 on 43238] INFO  volume.OMVolumeCreateRequest (OMVolumeCreateRequest.java:validateAndUpdateCache(194)) - created volume:watchforcommithandlingtest for user:jenkins1000
2019-10-02 19:50:06,841 [main] INFO  rpc.RpcClient (RpcClient.java:createBucket(415)) - Creating Bucket: watchforcommithandlingtest/watchforcommithandlingtest, with Versioning false and Storage Type set to DISK and Encryption set to false 
2019-10-02 19:50:06,845 [main] INFO  ozone.MiniOzoneClusterImpl (MiniOzoneClusterImpl.java:getStorageContainerLocationClient(234)) - Creating StorageContainerLocationProtocol RPC client with address /0.0.0.0:33373
2019-10-02 19:50:08,397 [Thread-2368] INFO  container.ReplicationManager (ReplicationManager.java:start(162)) - Starting Replication Monitor Thread.
2019-10-02 19:50:08,401 [ReplicationMonitor] INFO  container.ReplicationManager (ReplicationManager.java:run(225)) - Replication Monitor Thread took 0 milliseconds for processing 1 containers.
2019-10-02 19:50:10,566 [Thread-2373] INFO  impl.FollowerState (FollowerState.java:run(108)) - 309fa5a4-cdbf-42cc-94f7-a94586997cb4@group-776252A533B9-FollowerState: change to CANDIDATE, lastRpcTime:5028ms, electionTimeout:5028ms
2019-10-02 19:50:10,566 [Thread-2373] INFO  impl.RoleInfo (RoleInfo.java:shutdownFollowerState(121)) - 309fa5a4-cdbf-42cc-94f7-a94586997cb4: shutdown FollowerState
2019-10-02 19:50:10,567 [Thread-2373] INFO  impl.RaftServerImpl (RaftServerImpl.java:setRole(170)) - 309fa5a4-cdbf-42cc-94f7-a94586997cb4@group-776252A533B9: changes role from  FOLLOWER to CANDIDATE at term 0 for changeToCandidate
2019-10-02 19:50:10,567 [Thread-2373] INFO  impl.RoleInfo (RoleInfo.java:updateAndGet(143)) - 309fa5a4-cdbf-42cc-94f7-a94586997cb4: start LeaderElection
2019-10-02 19:50:10,611 [309fa5a4-cdbf-42cc-94f7-a94586997cb4@group-776252A533B9-LeaderElection69] INFO  impl.LeaderElection (LeaderElection.java:askForVotes(178)) - 309fa5a4-cdbf-42cc-94f7-a94586997cb4@group-776252A533B9-LeaderElection69: begin an election at term 1 for -1: [309fa5a4-cdbf-42cc-94f7-a94586997cb4:192.168.30.8:37491], old=null
2019-10-02 19:50:10,611 [309fa5a4-cdbf-42cc-94f7-a94586997cb4@group-776252A533B9-LeaderElection69] INFO  impl.RoleInfo (RoleInfo.java:shutdownLeaderElection(134)) - 309fa5a4-cdbf-42cc-94f7-a94586997cb4: shutdown LeaderElection
2019-10-02 19:50:10,611 [309fa5a4-cdbf-42cc-94f7-a94586997cb4@group-776252A533B9-LeaderElection69] INFO  impl.RaftServerImpl (RaftServerImpl.java:setRole(170)) - 309fa5a4-cdbf-42cc-94f7-a94586997cb4@group-776252A533B9: changes role from CANDIDATE to LEADER at term 1 for changeToLeader
2019-10-02 19:50:10,611 [309fa5a4-cdbf-42cc-94f7-a94586997cb4@group-776252A533B9-LeaderElection69] INFO  impl.RaftServerImpl (ServerState.java:setLeader(255)) - 309fa5a4-cdbf-42cc-94f7-a94586997cb4@group-776252A533B9: change Leader from null to 309fa5a4-cdbf-42cc-94f7-a94586997cb4 at term 1 for becomeLeader, leader elected after 5079ms
2019-10-02 19:50:10,611 [309fa5a4-cdbf-42cc-94f7-a94586997cb4@group-776252A533B9-LeaderElection69] INFO  server.RaftServerConfigKeys (ConfUtils.java:logGet(43)) - raft.server.staging.catchup.gap = 1000 (default)
2019-10-02 19:50:10,611 [309fa5a4-cdbf-42cc-94f7-a94586997cb4@group-776252A533B9-LeaderElection69] INFO  server.RaftServerConfigKeys (ConfUtils.java:logGet(43)) - raft.server.rpc.sleep.time = 25ms (default)
2019-10-02 19:50:10,612 [309fa5a4-cdbf-42cc-94f7-a94586997cb4@group-776252A533B9-LeaderElection69] INFO  server.RaftServerConfigKeys (ConfUtils.java:logGet(43)) - raft.server.write.element-limit = 4096 (default)
2019-10-02 19:50:10,612 [309fa5a4-cdbf-42cc-94f7-a94586997cb4@group-776252A533B9-LeaderElection69] INFO  server.RaftServerConfigKeys (ConfUtils.java:logGet(43)) - raft.server.watch.timeout = 10s (default)
2019-10-02 19:50:10,612 [309fa5a4-cdbf-42cc-94f7-a94586997cb4@group-776252A533B9-LeaderElection69] INFO  server.RaftServerConfigKeys (ConfUtils.java:logGet(43)) - raft.server.watch.timeout.denomination = 1s (default)
2019-10-02 19:50:10,612 [309fa5a4-cdbf-42cc-94f7-a94586997cb4@group-776252A533B9-LeaderElection69] INFO  server.RaftServerConfigKeys (ConfUtils.java:logGet(43)) - raft.server.watch.element-limit = 65536 (default)
2019-10-02 19:50:10,613 [309fa5a4-cdbf-42cc-94f7-a94586997cb4@group-776252A533B9-LeaderElection69] INFO  impl.RoleInfo (RoleInfo.java:updateAndGet(143)) - 309fa5a4-cdbf-42cc-94f7-a94586997cb4: start LeaderState
2019-10-02 19:50:10,614 [309fa5a4-cdbf-42cc-94f7-a94586997cb4@group-776252A533B9-LeaderElection69] INFO  segmented.SegmentedRaftLogWorker (SegmentedRaftLogWorker.java:startLogSegment(385)) - 309fa5a4-cdbf-42cc-94f7-a94586997cb4@group-776252A533B9-SegmentedRaftLogWorker: Starting segment from index:0
2019-10-02 19:50:10,614 [309fa5a4-cdbf-42cc-94f7-a94586997cb4@group-776252A533B9-LeaderElection69] INFO  impl.RaftServerImpl (ServerState.java:setRaftConf(356)) - 309fa5a4-cdbf-42cc-94f7-a94586997cb4@group-776252A533B9: set configuration 0: [309fa5a4-cdbf-42cc-94f7-a94586997cb4:192.168.30.8:37491], old=null at 0
2019-10-02 19:50:10,626 [Thread-2376] INFO  impl.FollowerState (FollowerState.java:run(108)) - aee965ed-9a9c-47a3-aabc-5d46a53ccf26@group-8C9EE76319DC-FollowerState: change to CANDIDATE, lastRpcTime:5019ms, electionTimeout:5019ms
2019-10-02 19:50:10,626 [Thread-2376] INFO  impl.RoleInfo (RoleInfo.java:shutdownFollowerState(121)) - aee965ed-9a9c-47a3-aabc-5d46a53ccf26: shutdown FollowerState
2019-10-02 19:50:10,626 [Thread-2376] INFO  impl.RaftServerImpl (RaftServerImpl.java:setRole(170)) - aee965ed-9a9c-47a3-aabc-5d46a53ccf26@group-8C9EE76319DC: changes role from  FOLLOWER to CANDIDATE at term 0 for changeToCandidate
2019-10-02 19:50:10,626 [Thread-2376] INFO  impl.RoleInfo (RoleInfo.java:updateAndGet(143)) - aee965ed-9a9c-47a3-aabc-5d46a53ccf26: start LeaderElection
2019-10-02 19:50:10,647 [Thread-2370] INFO  impl.FollowerState (FollowerState.java:run(108)) - b341cfb2-4f0b-4827-a89b-ff7d199a869f@group-3D66EF1891DF-FollowerState: change to CANDIDATE, lastRpcTime:5184ms, electionTimeout:5164ms
2019-10-02 19:50:10,647 [Thread-2370] INFO  impl.RoleInfo (RoleInfo.java:shutdownFollowerState(121)) - b341cfb2-4f0b-4827-a89b-ff7d199a869f: shutdown FollowerState
2019-10-02 19:50:10,647 [Thread-2370] INFO  impl.RaftServerImpl (RaftServerImpl.java:setRole(170)) - b341cfb2-4f0b-4827-a89b-ff7d199a869f@group-3D66EF1891DF: changes role from  FOLLOWER to CANDIDATE at term 0 for changeToCandidate
2019-10-02 19:50:10,647 [Thread-2370] INFO  impl.RoleInfo (RoleInfo.java:updateAndGet(143)) - b341cfb2-4f0b-4827-a89b-ff7d199a869f: start LeaderElection
2019-10-02 19:50:10,666 [309fa5a4-cdbf-42cc-94f7-a94586997cb4@group-776252A533B9-SegmentedRaftLogWorker] INFO  segmented.SegmentedRaftLogWorker (SegmentedRaftLogWorker.java:execute(574)) - 309fa5a4-cdbf-42cc-94f7-a94586997cb4@group-776252A533B9-SegmentedRaftLogWorker: created new log segment /workdir/hadoop-ozone/integration-test/target/test-dir/MiniOzoneClusterImpl-e6381cb0-e569-48f2-8813-b93856510a3e/datanode-1/data/ratis/f0314623-45ea-409d-b692-776252a533b9/current/log_inprogress_0
2019-10-02 19:50:10,666 [b341cfb2-4f0b-4827-a89b-ff7d199a869f@group-3D66EF1891DF-LeaderElection71] INFO  impl.LeaderElection (LeaderElection.java:askForVotes(178)) - b341cfb2-4f0b-4827-a89b-ff7d199a869f@group-3D66EF1891DF-LeaderElection71: begin an election at term 1 for -1: [b341cfb2-4f0b-4827-a89b-ff7d199a869f:192.168.30.8:41303], old=null
2019-10-02 19:50:10,666 [aee965ed-9a9c-47a3-aabc-5d46a53ccf26@group-8C9EE76319DC-LeaderElection70] INFO  impl.LeaderElection (LeaderElection.java:askForVotes(178)) - aee965ed-9a9c-47a3-aabc-5d46a53ccf26@group-8C9EE76319DC-LeaderElection70: begin an election at term 1 for -1: [aee965ed-9a9c-47a3-aabc-5d46a53ccf26:192.168.30.8:41584], old=null
2019-10-02 19:50:10,667 [b341cfb2-4f0b-4827-a89b-ff7d199a869f@group-3D66EF1891DF-LeaderElection71] INFO  impl.RoleInfo (RoleInfo.java:shutdownLeaderElection(134)) - b341cfb2-4f0b-4827-a89b-ff7d199a869f: shutdown LeaderElection
2019-10-02 19:50:10,667 [aee965ed-9a9c-47a3-aabc-5d46a53ccf26@group-8C9EE76319DC-LeaderElection70] INFO  impl.RoleInfo (RoleInfo.java:shutdownLeaderElection(134)) - aee965ed-9a9c-47a3-aabc-5d46a53ccf26: shutdown LeaderElection
2019-10-02 19:50:10,667 [b341cfb2-4f0b-4827-a89b-ff7d199a869f@group-3D66EF1891DF-LeaderElection71] INFO  impl.RaftServerImpl (RaftServerImpl.java:setRole(170)) - b341cfb2-4f0b-4827-a89b-ff7d199a869f@group-3D66EF1891DF: changes role from CANDIDATE to LEADER at term 1 for changeToLeader
2019-10-02 19:50:10,667 [aee965ed-9a9c-47a3-aabc-5d46a53ccf26@group-8C9EE76319DC-LeaderElection70] INFO  impl.RaftServerImpl (RaftServerImpl.java:setRole(170)) - aee965ed-9a9c-47a3-aabc-5d46a53ccf26@group-8C9EE76319DC: changes role from CANDIDATE to LEADER at term 1 for changeToLeader
2019-10-02 19:50:10,667 [b341cfb2-4f0b-4827-a89b-ff7d199a869f@group-3D66EF1891DF-LeaderElection71] INFO  impl.RaftServerImpl (ServerState.java:setLeader(255)) - b341cfb2-4f0b-4827-a89b-ff7d199a869f@group-3D66EF1891DF: change Leader from null to b341cfb2-4f0b-4827-a89b-ff7d199a869f at term 1 for becomeLeader, leader elected after 5210ms
2019-10-02 19:50:10,667 [aee965ed-9a9c-47a3-aabc-5d46a53ccf26@group-8C9EE76319DC-LeaderElection70] INFO  impl.RaftServerImpl (ServerState.java:setLeader(255)) - aee965ed-9a9c-47a3-aabc-5d46a53ccf26@group-8C9EE76319DC: change Leader from null to aee965ed-9a9c-47a3-aabc-5d46a53ccf26 at term 1 for becomeLeader, leader elected after 5067ms
2019-10-02 19:50:10,667 [b341cfb2-4f0b-4827-a89b-ff7d199a869f@group-3D66EF1891DF-LeaderElection71] INFO  server.RaftServerConfigKeys (ConfUtils.java:logGet(43)) - raft.server.staging.catchup.gap = 1000 (default)
2019-10-02 19:50:10,667 [aee965ed-9a9c-47a3-aabc-5d46a53ccf26@group-8C9EE76319DC-LeaderElection70] INFO  server.RaftServerConfigKeys (ConfUtils.java:logGet(43)) - raft.server.staging.catchup.gap = 1000 (default)
2019-10-02 19:50:10,667 [b341cfb2-4f0b-4827-a89b-ff7d199a869f@group-3D66EF1891DF-LeaderElection71] INFO  server.RaftServerConfigKeys (ConfUtils.java:logGet(43)) - raft.server.rpc.sleep.time = 25ms (default)
2019-10-02 19:50:10,667 [aee965ed-9a9c-47a3-aabc-5d46a53ccf26@group-8C9EE76319DC-LeaderElection70] INFO  server.RaftServerConfigKeys (ConfUtils.java:logGet(43)) - raft.server.rpc.sleep.time = 25ms (default)
2019-10-02 19:50:10,667 [b341cfb2-4f0b-4827-a89b-ff7d199a869f@group-3D66EF1891DF-LeaderElection71] INFO  server.RaftServerConfigKeys (ConfUtils.java:logGet(43)) - raft.server.write.element-limit = 4096 (default)
2019-10-02 19:50:10,668 [aee965ed-9a9c-47a3-aabc-5d46a53ccf26@group-8C9EE76319DC-LeaderElection70] INFO  server.RaftServerConfigKeys (ConfUtils.java:logGet(43)) - raft.server.write.element-limit = 4096 (default)
2019-10-02 19:50:10,668 [b341cfb2-4f0b-4827-a89b-ff7d199a869f@group-3D66EF1891DF-LeaderElection71] INFO  server.RaftServerConfigKeys (ConfUtils.java:logGet(43)) - raft.server.watch.timeout = 10s (default)
2019-10-02 19:50:10,668 [aee965ed-9a9c-47a3-aabc-5d46a53ccf26@group-8C9EE76319DC-LeaderElection70] INFO  server.RaftServerConfigKeys (ConfUtils.java:logGet(43)) - raft.server.watch.timeout = 10s (default)
2019-10-02 19:50:10,668 [b341cfb2-4f0b-4827-a89b-ff7d199a869f@group-3D66EF1891DF-LeaderElection71] INFO  server.RaftServerConfigKeys (ConfUtils.java:logGet(43)) - raft.server.watch.timeout.denomination = 1s (default)
2019-10-02 19:50:10,668 [aee965ed-9a9c-47a3-aabc-5d46a53ccf26@group-8C9EE76319DC-LeaderElection70] INFO  server.RaftServerConfigKeys (ConfUtils.java:logGet(43)) - raft.server.watch.timeout.denomination = 1s (default)
2019-10-02 19:50:10,668 [b341cfb2-4f0b-4827-a89b-ff7d199a869f@group-3D66EF1891DF-LeaderElection71] INFO  server.RaftServerConfigKeys (ConfUtils.java:logGet(43)) - raft.server.watch.element-limit = 65536 (default)
2019-10-02 19:50:10,668 [aee965ed-9a9c-47a3-aabc-5d46a53ccf26@group-8C9EE76319DC-LeaderElection70] INFO  server.RaftServerConfigKeys (ConfUtils.java:logGet(43)) - raft.server.watch.element-limit = 65536 (default)
2019-10-02 19:50:10,670 [aee965ed-9a9c-47a3-aabc-5d46a53ccf26@group-8C9EE76319DC-LeaderElection70] INFO  impl.RoleInfo (RoleInfo.java:updateAndGet(143)) - aee965ed-9a9c-47a3-aabc-5d46a53ccf26: start LeaderState
2019-10-02 19:50:10,670 [aee965ed-9a9c-47a3-aabc-5d46a53ccf26@group-8C9EE76319DC-LeaderElection70] INFO  segmented.SegmentedRaftLogWorker (SegmentedRaftLogWorker.java:startLogSegment(385)) - aee965ed-9a9c-47a3-aabc-5d46a53ccf26@group-8C9EE76319DC-SegmentedRaftLogWorker: Starting segment from index:0
2019-10-02 19:50:10,671 [b341cfb2-4f0b-4827-a89b-ff7d199a869f@group-3D66EF1891DF-LeaderElection71] INFO  impl.RoleInfo (RoleInfo.java:updateAndGet(143)) - b341cfb2-4f0b-4827-a89b-ff7d199a869f: start LeaderState
2019-10-02 19:50:10,671 [aee965ed-9a9c-47a3-aabc-5d46a53ccf26@group-8C9EE76319DC-LeaderElection70] INFO  impl.RaftServerImpl (ServerState.java:setRaftConf(356)) - aee965ed-9a9c-47a3-aabc-5d46a53ccf26@group-8C9EE76319DC: set configuration 0: [aee965ed-9a9c-47a3-aabc-5d46a53ccf26:192.168.30.8:41584], old=null at 0
2019-10-02 19:50:10,671 [b341cfb2-4f0b-4827-a89b-ff7d199a869f@group-3D66EF1891DF-LeaderElection71] INFO  segmented.SegmentedRaftLogWorker (SegmentedRaftLogWorker.java:startLogSegment(385)) - b341cfb2-4f0b-4827-a89b-ff7d199a869f@group-3D66EF1891DF-SegmentedRaftLogWorker: Starting segment from index:0
2019-10-02 19:50:10,671 [b341cfb2-4f0b-4827-a89b-ff7d199a869f@group-3D66EF1891DF-LeaderElection71] INFO  impl.RaftServerImpl (ServerState.java:setRaftConf(356)) - b341cfb2-4f0b-4827-a89b-ff7d199a869f@group-3D66EF1891DF: set configuration 0: [b341cfb2-4f0b-4827-a89b-ff7d199a869f:192.168.30.8:41303], old=null at 0
2019-10-02 19:50:10,718 [b341cfb2-4f0b-4827-a89b-ff7d199a869f@group-3D66EF1891DF-SegmentedRaftLogWorker] INFO  segmented.SegmentedRaftLogWorker (SegmentedRaftLogWorker.java:execute(574)) - b341cfb2-4f0b-4827-a89b-ff7d199a869f@group-3D66EF1891DF-SegmentedRaftLogWorker: created new log segment /workdir/hadoop-ozone/integration-test/target/test-dir/MiniOzoneClusterImpl-e6381cb0-e569-48f2-8813-b93856510a3e/datanode-0/data/ratis/c636a010-c825-4f5a-8d2d-3d66ef1891df/current/log_inprogress_0
2019-10-02 19:50:10,718 [aee965ed-9a9c-47a3-aabc-5d46a53ccf26@group-8C9EE76319DC-SegmentedRaftLogWorker] INFO  segmented.SegmentedRaftLogWorker (SegmentedRaftLogWorker.java:execute(574)) - aee965ed-9a9c-47a3-aabc-5d46a53ccf26@group-8C9EE76319DC-SegmentedRaftLogWorker: created new log segment /workdir/hadoop-ozone/integration-test/target/test-dir/MiniOzoneClusterImpl-e6381cb0-e569-48f2-8813-b93856510a3e/datanode-2/data/ratis/b1cd718d-1de7-48b4-b8b2-8c9ee76319dc/current/log_inprogress_0
2019-10-02 19:50:10,803 [Thread-2379] INFO  impl.FollowerState (FollowerState.java:run(108)) - 0da31224-e0a2-4f91-8273-9257d2cc342f@group-747A728E5E56-FollowerState: change to CANDIDATE, lastRpcTime:5129ms, electionTimeout:5129ms
2019-10-02 19:50:10,804 [Thread-2379] INFO  impl.RoleInfo (RoleInfo.java:shutdownFollowerState(121)) - 0da31224-e0a2-4f91-8273-9257d2cc342f: shutdown FollowerState
2019-10-02 19:50:10,804 [Thread-2379] INFO  impl.RaftServerImpl (RaftServerImpl.java:setRole(170)) - 0da31224-e0a2-4f91-8273-9257d2cc342f@group-747A728E5E56: changes role from  FOLLOWER to CANDIDATE at term 0 for changeToCandidate
2019-10-02 19:50:10,804 [Thread-2379] INFO  impl.RoleInfo (RoleInfo.java:updateAndGet(143)) - 0da31224-e0a2-4f91-8273-9257d2cc342f: start LeaderElection
2019-10-02 19:50:10,833 [Thread-2382] INFO  impl.FollowerState (FollowerState.java:run(108)) - 2973cdd7-bcb7-4fc5-a4ea-f0116652941b@group-41206B5283C1-FollowerState: change to CANDIDATE, lastRpcTime:5069ms, electionTimeout:5069ms
2019-10-02 19:50:10,833 [Thread-2382] INFO  impl.RoleInfo (RoleInfo.java:shutdownFollowerState(121)) - 2973cdd7-bcb7-4fc5-a4ea-f0116652941b: shutdown FollowerState
2019-10-02 19:50:10,833 [Thread-2382] INFO  impl.RaftServerImpl (RaftServerImpl.java:setRole(170)) - 2973cdd7-bcb7-4fc5-a4ea-f0116652941b@group-41206B5283C1: changes role from  FOLLOWER to CANDIDATE at term 0 for changeToCandidate
2019-10-02 19:50:10,833 [Thread-2382] INFO  impl.RoleInfo (RoleInfo.java:updateAndGet(143)) - 2973cdd7-bcb7-4fc5-a4ea-f0116652941b: start LeaderElection
2019-10-02 19:50:10,846 [0da31224-e0a2-4f91-8273-9257d2cc342f@group-747A728E5E56-LeaderElection72] INFO  impl.LeaderElection (LeaderElection.java:askForVotes(178)) - 0da31224-e0a2-4f91-8273-9257d2cc342f@group-747A728E5E56-LeaderElection72: begin an election at term 1 for -1: [0da31224-e0a2-4f91-8273-9257d2cc342f:192.168.30.8:36079], old=null
2019-10-02 19:50:10,851 [0da31224-e0a2-4f91-8273-9257d2cc342f@group-747A728E5E56-LeaderElection72] INFO  impl.RoleInfo (RoleInfo.java:shutdownLeaderElection(134)) - 0da31224-e0a2-4f91-8273-9257d2cc342f: shutdown LeaderElection
2019-10-02 19:50:10,851 [0da31224-e0a2-4f91-8273-9257d2cc342f@group-747A728E5E56-LeaderElection72] INFO  impl.RaftServerImpl (RaftServerImpl.java:setRole(170)) - 0da31224-e0a2-4f91-8273-9257d2cc342f@group-747A728E5E56: changes role from CANDIDATE to LEADER at term 1 for changeToLeader
2019-10-02 19:50:10,851 [0da31224-e0a2-4f91-8273-9257d2cc342f@group-747A728E5E56-LeaderElection72] INFO  impl.RaftServerImpl (ServerState.java:setLeader(255)) - 0da31224-e0a2-4f91-8273-9257d2cc342f@group-747A728E5E56: change Leader from null to 0da31224-e0a2-4f91-8273-9257d2cc342f at term 1 for becomeLeader, leader elected after 5183ms
2019-10-02 19:50:10,851 [0da31224-e0a2-4f91-8273-9257d2cc342f@group-747A728E5E56-LeaderElection72] INFO  server.RaftServerConfigKeys (ConfUtils.java:logGet(43)) - raft.server.staging.catchup.gap = 1000 (default)
2019-10-02 19:50:10,851 [0da31224-e0a2-4f91-8273-9257d2cc342f@group-747A728E5E56-LeaderElection72] INFO  server.RaftServerConfigKeys (ConfUtils.java:logGet(43)) - raft.server.rpc.sleep.time = 25ms (default)
2019-10-02 19:50:10,851 [0da31224-e0a2-4f91-8273-9257d2cc342f@group-747A728E5E56-LeaderElection72] INFO  server.RaftServerConfigKeys (ConfUtils.java:logGet(43)) - raft.server.write.element-limit = 4096 (default)
2019-10-02 19:50:10,851 [0da31224-e0a2-4f91-8273-9257d2cc342f@group-747A728E5E56-LeaderElection72] INFO  server.RaftServerConfigKeys (ConfUtils.java:logGet(43)) - raft.server.watch.timeout = 10s (default)
2019-10-02 19:50:10,851 [0da31224-e0a2-4f91-8273-9257d2cc342f@group-747A728E5E56-LeaderElection72] INFO  server.RaftServerConfigKeys (ConfUtils.java:logGet(43)) - raft.server.watch.timeout.denomination = 1s (default)
2019-10-02 19:50:10,851 [0da31224-e0a2-4f91-8273-9257d2cc342f@group-747A728E5E56-LeaderElection72] INFO  server.RaftServerConfigKeys (ConfUtils.java:logGet(43)) - raft.server.watch.element-limit = 65536 (default)
2019-10-02 19:50:10,853 [0da31224-e0a2-4f91-8273-9257d2cc342f@group-747A728E5E56-LeaderElection72] INFO  impl.RoleInfo (RoleInfo.java:updateAndGet(143)) - 0da31224-e0a2-4f91-8273-9257d2cc342f: start LeaderState
2019-10-02 19:50:10,853 [0da31224-e0a2-4f91-8273-9257d2cc342f@group-747A728E5E56-LeaderElection72] INFO  segmented.SegmentedRaftLogWorker (SegmentedRaftLogWorker.java:startLogSegment(385)) - 0da31224-e0a2-4f91-8273-9257d2cc342f@group-747A728E5E56-SegmentedRaftLogWorker: Starting segment from index:0
2019-10-02 19:50:10,853 [0da31224-e0a2-4f91-8273-9257d2cc342f@group-747A728E5E56-LeaderElection72] INFO  impl.RaftServerImpl (ServerState.java:setRaftConf(356)) - 0da31224-e0a2-4f91-8273-9257d2cc342f@group-747A728E5E56: set configuration 0: [0da31224-e0a2-4f91-8273-9257d2cc342f:192.168.30.8:36079], old=null at 0
2019-10-02 19:50:10,868 [Thread-2385] INFO  impl.FollowerState (FollowerState.java:run(108)) - 2ea827a1-4486-4237-8785-4bba9de8eca7@group-5426724D2939-FollowerState: change to CANDIDATE, lastRpcTime:5035ms, electionTimeout:5035ms
2019-10-02 19:50:10,868 [Thread-2385] INFO  impl.RoleInfo (RoleInfo.java:shutdownFollowerState(121)) - 2ea827a1-4486-4237-8785-4bba9de8eca7: shutdown FollowerState
2019-10-02 19:50:10,868 [Thread-2385] INFO  impl.RaftServerImpl (RaftServerImpl.java:setRole(170)) - 2ea827a1-4486-4237-8785-4bba9de8eca7@group-5426724D2939: changes role from  FOLLOWER to CANDIDATE at term 0 for changeToCandidate
2019-10-02 19:50:10,868 [Thread-2385] INFO  impl.RoleInfo (RoleInfo.java:updateAndGet(143)) - 2ea827a1-4486-4237-8785-4bba9de8eca7: start LeaderElection
2019-10-02 19:50:10,880 [2973cdd7-bcb7-4fc5-a4ea-f0116652941b@group-41206B5283C1-LeaderElection73] INFO  impl.LeaderElection (LeaderElection.java:askForVotes(178)) - 2973cdd7-bcb7-4fc5-a4ea-f0116652941b@group-41206B5283C1-LeaderElection73: begin an election at term 1 for -1: [2973cdd7-bcb7-4fc5-a4ea-f0116652941b:192.168.30.8:39270], old=null
2019-10-02 19:50:10,880 [2973cdd7-bcb7-4fc5-a4ea-f0116652941b@group-41206B5283C1-LeaderElection73] INFO  impl.RoleInfo (RoleInfo.java:shutdownLeaderElection(134)) - 2973cdd7-bcb7-4fc5-a4ea-f0116652941b: shutdown LeaderElection
2019-10-02 19:50:10,880 [2973cdd7-bcb7-4fc5-a4ea-f0116652941b@group-41206B5283C1-LeaderElection73] INFO  impl.RaftServerImpl (RaftServerImpl.java:setRole(170)) - 2973cdd7-bcb7-4fc5-a4ea-f0116652941b@group-41206B5283C1: changes role from CANDIDATE to LEADER at term 1 for changeToLeader
2019-10-02 19:50:10,880 [2973cdd7-bcb7-4fc5-a4ea-f0116652941b@group-41206B5283C1-LeaderElection73] INFO  impl.RaftServerImpl (ServerState.java:setLeader(255)) - 2973cdd7-bcb7-4fc5-a4ea-f0116652941b@group-41206B5283C1: change Leader from null to 2973cdd7-bcb7-4fc5-a4ea-f0116652941b at term 1 for becomeLeader, leader elected after 5121ms
2019-10-02 19:50:10,881 [2973cdd7-bcb7-4fc5-a4ea-f0116652941b@group-41206B5283C1-LeaderElection73] INFO  server.RaftServerConfigKeys (ConfUtils.java:logGet(43)) - raft.server.staging.catchup.gap = 1000 (default)
2019-10-02 19:50:10,881 [2973cdd7-bcb7-4fc5-a4ea-f0116652941b@group-41206B5283C1-LeaderElection73] INFO  server.RaftServerConfigKeys (ConfUtils.java:logGet(43)) - raft.server.rpc.sleep.time = 25ms (default)
2019-10-02 19:50:10,881 [2973cdd7-bcb7-4fc5-a4ea-f0116652941b@group-41206B5283C1-LeaderElection73] INFO  server.RaftServerConfigKeys (ConfUtils.java:logGet(43)) - raft.server.write.element-limit = 4096 (default)
2019-10-02 19:50:10,881 [2973cdd7-bcb7-4fc5-a4ea-f0116652941b@group-41206B5283C1-LeaderElection73] INFO  server.RaftServerConfigKeys (ConfUtils.java:logGet(43)) - raft.server.watch.timeout = 10s (default)
2019-10-02 19:50:10,881 [2973cdd7-bcb7-4fc5-a4ea-f0116652941b@group-41206B5283C1-LeaderElection73] INFO  server.RaftServerConfigKeys (ConfUtils.java:logGet(43)) - raft.server.watch.timeout.denomination = 1s (default)
2019-10-02 19:50:10,881 [2973cdd7-bcb7-4fc5-a4ea-f0116652941b@group-41206B5283C1-LeaderElection73] INFO  server.RaftServerConfigKeys (ConfUtils.java:logGet(43)) - raft.server.watch.element-limit = 65536 (default)
2019-10-02 19:50:10,883 [2973cdd7-bcb7-4fc5-a4ea-f0116652941b@group-41206B5283C1-LeaderElection73] INFO  impl.RoleInfo (RoleInfo.java:updateAndGet(143)) - 2973cdd7-bcb7-4fc5-a4ea-f0116652941b: start LeaderState
2019-10-02 19:50:10,884 [2973cdd7-bcb7-4fc5-a4ea-f0116652941b@group-41206B5283C1-LeaderElection73] INFO  segmented.SegmentedRaftLogWorker (SegmentedRaftLogWorker.java:startLogSegment(385)) - 2973cdd7-bcb7-4fc5-a4ea-f0116652941b@group-41206B5283C1-SegmentedRaftLogWorker: Starting segment from index:0
2019-10-02 19:50:10,884 [2973cdd7-bcb7-4fc5-a4ea-f0116652941b@group-41206B5283C1-LeaderElection73] INFO  impl.RaftServerImpl (ServerState.java:setRaftConf(356)) - 2973cdd7-bcb7-4fc5-a4ea-f0116652941b@group-41206B5283C1: set configuration 0: [2973cdd7-bcb7-4fc5-a4ea-f0116652941b:192.168.30.8:39270], old=null at 0
2019-10-02 19:50:10,902 [0da31224-e0a2-4f91-8273-9257d2cc342f@group-747A728E5E56-SegmentedRaftLogWorker] INFO  segmented.SegmentedRaftLogWorker (SegmentedRaftLogWorker.java:execute(574)) - 0da31224-e0a2-4f91-8273-9257d2cc342f@group-747A728E5E56-SegmentedRaftLogWorker: created new log segment /workdir/hadoop-ozone/integration-test/target/test-dir/MiniOzoneClusterImpl-e6381cb0-e569-48f2-8813-b93856510a3e/datanode-3/data/ratis/55a5aaf5-5c07-4fce-a9bf-747a728e5e56/current/log_inprogress_0
2019-10-02 19:50:10,902 [2ea827a1-4486-4237-8785-4bba9de8eca7@group-5426724D2939-LeaderElection74] INFO  impl.LeaderElection (LeaderElection.java:askForVotes(178)) - 2ea827a1-4486-4237-8785-4bba9de8eca7@group-5426724D2939-LeaderElection74: begin an election at term 1 for -1: [2ea827a1-4486-4237-8785-4bba9de8eca7:192.168.30.8:43389], old=null
2019-10-02 19:50:10,902 [Thread-2388] INFO  impl.FollowerState (FollowerState.java:run(108)) - 26bbf6b0-8d5e-4c15-bdbb-13873a5d633f@group-9A19369E4AEC-FollowerState: change to CANDIDATE, lastRpcTime:5001ms, electionTimeout:5001ms
2019-10-02 19:50:10,902 [2ea827a1-4486-4237-8785-4bba9de8eca7@group-5426724D2939-LeaderElection74] INFO  impl.RoleInfo (RoleInfo.java:shutdownLeaderElection(134)) - 2ea827a1-4486-4237-8785-4bba9de8eca7: shutdown LeaderElection
2019-10-02 19:50:10,902 [Thread-2388] INFO  impl.RoleInfo (RoleInfo.java:shutdownFollowerState(121)) - 26bbf6b0-8d5e-4c15-bdbb-13873a5d633f: shutdown FollowerState
2019-10-02 19:50:10,902 [2ea827a1-4486-4237-8785-4bba9de8eca7@group-5426724D2939-LeaderElection74] INFO  impl.RaftServerImpl (RaftServerImpl.java:setRole(170)) - 2ea827a1-4486-4237-8785-4bba9de8eca7@group-5426724D2939: changes role from CANDIDATE to LEADER at term 1 for changeToLeader
2019-10-02 19:50:10,902 [Thread-2388] INFO  impl.RaftServerImpl (RaftServerImpl.java:setRole(170)) - 26bbf6b0-8d5e-4c15-bdbb-13873a5d633f@group-9A19369E4AEC: changes role from  FOLLOWER to CANDIDATE at term 0 for changeToCandidate
2019-10-02 19:50:10,902 [2ea827a1-4486-4237-8785-4bba9de8eca7@group-5426724D2939-LeaderElection74] INFO  impl.RaftServerImpl (ServerState.java:setLeader(255)) - 2ea827a1-4486-4237-8785-4bba9de8eca7@group-5426724D2939: change Leader from null to 2ea827a1-4486-4237-8785-4bba9de8eca7 at term 1 for becomeLeader, leader elected after 5075ms
2019-10-02 19:50:10,902 [Thread-2388] INFO  impl.RoleInfo (RoleInfo.java:updateAndGet(143)) - 26bbf6b0-8d5e-4c15-bdbb-13873a5d633f: start LeaderElection
2019-10-02 19:50:10,902 [2ea827a1-4486-4237-8785-4bba9de8eca7@group-5426724D2939-LeaderElection74] INFO  server.RaftServerConfigKeys (ConfUtils.java:logGet(43)) - raft.server.staging.catchup.gap = 1000 (default)
2019-10-02 19:50:10,903 [2ea827a1-4486-4237-8785-4bba9de8eca7@group-5426724D2939-LeaderElection74] INFO  server.RaftServerConfigKeys (ConfUtils.java:logGet(43)) - raft.server.rpc.sleep.time = 25ms (default)
2019-10-02 19:50:10,903 [2ea827a1-4486-4237-8785-4bba9de8eca7@group-5426724D2939-LeaderElection74] INFO  server.RaftServerConfigKeys (ConfUtils.java:logGet(43)) - raft.server.write.element-limit = 4096 (default)
2019-10-02 19:50:10,910 [2ea827a1-4486-4237-8785-4bba9de8eca7@group-5426724D2939-LeaderElection74] INFO  server.RaftServerConfigKeys (ConfUtils.java:logGet(43)) - raft.server.watch.timeout = 10s (default)
2019-10-02 19:50:10,910 [2ea827a1-4486-4237-8785-4bba9de8eca7@group-5426724D2939-LeaderElection74] INFO  server.RaftServerConfigKeys (ConfUtils.java:logGet(43)) - raft.server.watch.timeout.denomination = 1s (default)
2019-10-02 19:50:10,910 [2ea827a1-4486-4237-8785-4bba9de8eca7@group-5426724D2939-LeaderElection74] INFO  server.RaftServerConfigKeys (ConfUtils.java:logGet(43)) - raft.server.watch.element-limit = 65536 (default)
2019-10-02 19:50:10,911 [2ea827a1-4486-4237-8785-4bba9de8eca7@group-5426724D2939-LeaderElection74] INFO  impl.RoleInfo (RoleInfo.java:updateAndGet(143)) - 2ea827a1-4486-4237-8785-4bba9de8eca7: start LeaderState
2019-10-02 19:50:10,912 [2ea827a1-4486-4237-8785-4bba9de8eca7@group-5426724D2939-LeaderElection74] INFO  segmented.SegmentedRaftLogWorker (SegmentedRaftLogWorker.java:startLogSegment(385)) - 2ea827a1-4486-4237-8785-4bba9de8eca7@group-5426724D2939-SegmentedRaftLogWorker: Starting segment from index:0
2019-10-02 19:50:10,912 [2ea827a1-4486-4237-8785-4bba9de8eca7@group-5426724D2939-LeaderElection74] INFO  impl.RaftServerImpl (ServerState.java:setRaftConf(356)) - 2ea827a1-4486-4237-8785-4bba9de8eca7@group-5426724D2939: set configuration 0: [2ea827a1-4486-4237-8785-4bba9de8eca7:192.168.30.8:43389], old=null at 0
2019-10-02 19:50:10,936 [2973cdd7-bcb7-4fc5-a4ea-f0116652941b@group-41206B5283C1-SegmentedRaftLogWorker] INFO  segmented.SegmentedRaftLogWorker (SegmentedRaftLogWorker.java:execute(574)) - 2973cdd7-bcb7-4fc5-a4ea-f0116652941b@group-41206B5283C1-SegmentedRaftLogWorker: created new log segment /workdir/hadoop-ozone/integration-test/target/test-dir/MiniOzoneClusterImpl-e6381cb0-e569-48f2-8813-b93856510a3e/datanode-4/data/ratis/fdcb39ef-b0a7-4c83-96ea-41206b5283c1/current/log_inprogress_0
2019-10-02 19:50:10,936 [26bbf6b0-8d5e-4c15-bdbb-13873a5d633f@group-9A19369E4AEC-LeaderElection75] INFO  impl.LeaderElection (LeaderElection.java:askForVotes(178)) - 26bbf6b0-8d5e-4c15-bdbb-13873a5d633f@group-9A19369E4AEC-LeaderElection75: begin an election at term 1 for -1: [26bbf6b0-8d5e-4c15-bdbb-13873a5d633f:192.168.30.8:40488], old=null
2019-10-02 19:50:10,936 [26bbf6b0-8d5e-4c15-bdbb-13873a5d633f@group-9A19369E4AEC-LeaderElection75] INFO  impl.RoleInfo (RoleInfo.java:shutdownLeaderElection(134)) - 26bbf6b0-8d5e-4c15-bdbb-13873a5d633f: shutdown LeaderElection
2019-10-02 19:50:10,936 [26bbf6b0-8d5e-4c15-bdbb-13873a5d633f@group-9A19369E4AEC-LeaderElection75] INFO  impl.RaftServerImpl (RaftServerImpl.java:setRole(170)) - 26bbf6b0-8d5e-4c15-bdbb-13873a5d633f@group-9A19369E4AEC: changes role from CANDIDATE to LEADER at term 1 for changeToLeader
2019-10-02 19:50:10,936 [26bbf6b0-8d5e-4c15-bdbb-13873a5d633f@group-9A19369E4AEC-LeaderElection75] INFO  impl.RaftServerImpl (ServerState.java:setLeader(255)) - 26bbf6b0-8d5e-4c15-bdbb-13873a5d633f@group-9A19369E4AEC: change Leader from null to 26bbf6b0-8d5e-4c15-bdbb-13873a5d633f at term 1 for becomeLeader, leader elected after 5042ms
2019-10-02 19:50:10,936 [26bbf6b0-8d5e-4c15-bdbb-13873a5d633f@group-9A19369E4AEC-LeaderElection75] INFO  server.RaftServerConfigKeys (ConfUtils.java:logGet(43)) - raft.server.staging.catchup.gap = 1000 (default)
2019-10-02 19:50:10,937 [26bbf6b0-8d5e-4c15-bdbb-13873a5d633f@group-9A19369E4AEC-LeaderElection75] INFO  server.RaftServerConfigKeys (ConfUtils.java:logGet(43)) - raft.server.rpc.sleep.time = 25ms (default)
2019-10-02 19:50:10,937 [26bbf6b0-8d5e-4c15-bdbb-13873a5d633f@group-9A19369E4AEC-LeaderElection75] INFO  server.RaftServerConfigKeys (ConfUtils.java:logGet(43)) - raft.server.write.element-limit = 4096 (default)
2019-10-02 19:50:10,939 [26bbf6b0-8d5e-4c15-bdbb-13873a5d633f@group-9A19369E4AEC-LeaderElection75] INFO  server.RaftServerConfigKeys (ConfUtils.java:logGet(43)) - raft.server.watch.timeout = 10s (default)
2019-10-02 19:50:10,939 [26bbf6b0-8d5e-4c15-bdbb-13873a5d633f@group-9A19369E4AEC-LeaderElection75] INFO  server.RaftServerConfigKeys (ConfUtils.java:logGet(43)) - raft.server.watch.timeout.denomination = 1s (default)
2019-10-02 19:50:10,939 [26bbf6b0-8d5e-4c15-bdbb-13873a5d633f@group-9A19369E4AEC-LeaderElection75] INFO  server.RaftServerConfigKeys (ConfUtils.java:logGet(43)) - raft.server.watch.element-limit = 65536 (default)
2019-10-02 19:50:10,940 [26bbf6b0-8d5e-4c15-bdbb-13873a5d633f@group-9A19369E4AEC-LeaderElection75] INFO  impl.RoleInfo (RoleInfo.java:updateAndGet(143)) - 26bbf6b0-8d5e-4c15-bdbb-13873a5d633f: start LeaderState
2019-10-02 19:50:10,940 [26bbf6b0-8d5e-4c15-bdbb-13873a5d633f@group-9A19369E4AEC-LeaderElection75] INFO  segmented.SegmentedRaftLogWorker (SegmentedRaftLogWorker.java:startLogSegment(385)) - 26bbf6b0-8d5e-4c15-bdbb-13873a5d633f@group-9A19369E4AEC-SegmentedRaftLogWorker: Starting segment from index:0
2019-10-02 19:50:10,941 [26bbf6b0-8d5e-4c15-bdbb-13873a5d633f@group-9A19369E4AEC-LeaderElection75] INFO  impl.RaftServerImpl (ServerState.java:setRaftConf(356)) - 26bbf6b0-8d5e-4c15-bdbb-13873a5d633f@group-9A19369E4AEC: set configuration 0: [26bbf6b0-8d5e-4c15-bdbb-13873a5d633f:192.168.30.8:40488], old=null at 0
2019-10-02 19:50:10,958 [2ea827a1-4486-4237-8785-4bba9de8eca7@group-5426724D2939-SegmentedRaftLogWorker] INFO  segmented.SegmentedRaftLogWorker (SegmentedRaftLogWorker.java:execute(574)) - 2ea827a1-4486-4237-8785-4bba9de8eca7@group-5426724D2939-SegmentedRaftLogWorker: created new log segment /workdir/hadoop-ozone/integration-test/target/test-dir/MiniOzoneClusterImpl-e6381cb0-e569-48f2-8813-b93856510a3e/datanode-6/data/ratis/62526f1a-47fb-4f01-aa78-5426724d2939/current/log_inprogress_0
2019-10-02 19:50:10,982 [26bbf6b0-8d5e-4c15-bdbb-13873a5d633f@group-9A19369E4AEC-SegmentedRaftLogWorker] INFO  segmented.SegmentedRaftLogWorker (SegmentedRaftLogWorker.java:execute(574)) - 26bbf6b0-8d5e-4c15-bdbb-13873a5d633f@group-9A19369E4AEC-SegmentedRaftLogWorker: created new log segment /workdir/hadoop-ozone/integration-test/target/test-dir/MiniOzoneClusterImpl-e6381cb0-e569-48f2-8813-b93856510a3e/datanode-5/data/ratis/a51148e6-065b-43a9-951d-9a19369e4aec/current/log_inprogress_0
2019-10-02 19:50:11,024 [Thread-2393] INFO  impl.FollowerState (FollowerState.java:run(108)) - 2973cdd7-bcb7-4fc5-a4ea-f0116652941b@group-EED960C3F371-FollowerState: change to CANDIDATE, lastRpcTime:5045ms, electionTimeout:5045ms
2019-10-02 19:50:11,024 [Thread-2393] INFO  impl.RoleInfo (RoleInfo.java:shutdownFollowerState(121)) - 2973cdd7-bcb7-4fc5-a4ea-f0116652941b: shutdown FollowerState
2019-10-02 19:50:11,025 [Thread-2393] INFO  impl.RaftServerImpl (RaftServerImpl.java:setRole(170)) - 2973cdd7-bcb7-4fc5-a4ea-f0116652941b@group-EED960C3F371: changes role from  FOLLOWER to CANDIDATE at term 0 for changeToCandidate
2019-10-02 19:50:11,025 [Thread-2393] INFO  impl.RoleInfo (RoleInfo.java:updateAndGet(143)) - 2973cdd7-bcb7-4fc5-a4ea-f0116652941b: start LeaderElection
2019-10-02 19:50:11,051 [2973cdd7-bcb7-4fc5-a4ea-f0116652941b@group-EED960C3F371-LeaderElection76] INFO  impl.LeaderElection (LeaderElection.java:askForVotes(178)) - 2973cdd7-bcb7-4fc5-a4ea-f0116652941b@group-EED960C3F371-LeaderElection76: begin an election at term 1 for -1: [309fa5a4-cdbf-42cc-94f7-a94586997cb4:192.168.30.8:37491, 0da31224-e0a2-4f91-8273-9257d2cc342f:192.168.30.8:36079, 2973cdd7-bcb7-4fc5-a4ea-f0116652941b:192.168.30.8:39270], old=null
2019-10-02 19:50:11,055 [grpc-default-executor-6] INFO  impl.RaftServerImpl (RaftServerImpl.java:setRole(170)) - 0da31224-e0a2-4f91-8273-9257d2cc342f@group-EED960C3F371: changes role from  FOLLOWER to FOLLOWER at term 1 for recognizeCandidate:2973cdd7-bcb7-4fc5-a4ea-f0116652941b
2019-10-02 19:50:11,055 [grpc-default-executor-6] INFO  impl.RoleInfo (RoleInfo.java:shutdownFollowerState(121)) - 0da31224-e0a2-4f91-8273-9257d2cc342f: shutdown FollowerState
2019-10-02 19:50:11,055 [grpc-default-executor-2] INFO  impl.RaftServerImpl (RaftServerImpl.java:setRole(170)) - 309fa5a4-cdbf-42cc-94f7-a94586997cb4@group-EED960C3F371: changes role from  FOLLOWER to FOLLOWER at term 1 for recognizeCandidate:2973cdd7-bcb7-4fc5-a4ea-f0116652941b
2019-10-02 19:50:11,055 [Thread-2394] INFO  impl.FollowerState (FollowerState.java:run(117)) - 0da31224-e0a2-4f91-8273-9257d2cc342f@group-EED960C3F371-FollowerState was interrupted: java.lang.InterruptedException: sleep interrupted
2019-10-02 19:50:11,055 [grpc-default-executor-6] INFO  impl.RoleInfo (RoleInfo.java:updateAndGet(143)) - 0da31224-e0a2-4f91-8273-9257d2cc342f: start FollowerState
2019-10-02 19:50:11,056 [grpc-default-executor-2] INFO  impl.RoleInfo (RoleInfo.java:shutdownFollowerState(121)) - 309fa5a4-cdbf-42cc-94f7-a94586997cb4: shutdown FollowerState
2019-10-02 19:50:11,056 [grpc-default-executor-2] INFO  impl.RoleInfo (RoleInfo.java:updateAndGet(143)) - 309fa5a4-cdbf-42cc-94f7-a94586997cb4: start FollowerState
2019-10-02 19:50:11,056 [Thread-2395] INFO  impl.FollowerState (FollowerState.java:run(117)) - 309fa5a4-cdbf-42cc-94f7-a94586997cb4@group-EED960C3F371-FollowerState was interrupted: java.lang.InterruptedException: sleep interrupted
2019-10-02 19:50:11,080 [2973cdd7-bcb7-4fc5-a4ea-f0116652941b@group-EED960C3F371-LeaderElection76] INFO  impl.LeaderElection (LeaderElection.java:logAndReturn(56)) - 2973cdd7-bcb7-4fc5-a4ea-f0116652941b@group-EED960C3F371-LeaderElection76: Election PASSED; received 1 response(s) [2973cdd7-bcb7-4fc5-a4ea-f0116652941b<-309fa5a4-cdbf-42cc-94f7-a94586997cb4#0:OK-t1] and 0 exception(s); 2973cdd7-bcb7-4fc5-a4ea-f0116652941b@group-EED960C3F371:t1, leader=null, voted=2973cdd7-bcb7-4fc5-a4ea-f0116652941b, raftlog=2973cdd7-bcb7-4fc5-a4ea-f0116652941b@group-EED960C3F371-SegmentedRaftLog:OPENED:c-1,f-1,i0, conf=-1: [309fa5a4-cdbf-42cc-94f7-a94586997cb4:192.168.30.8:37491, 0da31224-e0a2-4f91-8273-9257d2cc342f:192.168.30.8:36079, 2973cdd7-bcb7-4fc5-a4ea-f0116652941b:192.168.30.8:39270], old=null
2019-10-02 19:50:11,080 [2973cdd7-bcb7-4fc5-a4ea-f0116652941b@group-EED960C3F371-LeaderElection76] INFO  impl.RoleInfo (RoleInfo.java:shutdownLeaderElection(134)) - 2973cdd7-bcb7-4fc5-a4ea-f0116652941b: shutdown LeaderElection
2019-10-02 19:50:11,080 [2973cdd7-bcb7-4fc5-a4ea-f0116652941b@group-EED960C3F371-LeaderElection76] INFO  impl.RaftServerImpl (RaftServerImpl.java:setRole(170)) - 2973cdd7-bcb7-4fc5-a4ea-f0116652941b@group-EED960C3F371: changes role from CANDIDATE to LEADER at term 1 for changeToLeader
2019-10-02 19:50:11,080 [2973cdd7-bcb7-4fc5-a4ea-f0116652941b@group-EED960C3F371-LeaderElection76] INFO  impl.RaftServerImpl (ServerState.java:setLeader(255)) - 2973cdd7-bcb7-4fc5-a4ea-f0116652941b@group-EED960C3F371: change Leader from null to 2973cdd7-bcb7-4fc5-a4ea-f0116652941b at term 1 for becomeLeader, leader elected after 5109ms
2019-10-02 19:50:11,081 [2973cdd7-bcb7-4fc5-a4ea-f0116652941b@group-EED960C3F371-LeaderElection76] INFO  server.RaftServerConfigKeys (ConfUtils.java:logGet(43)) - raft.server.staging.catchup.gap = 1000 (default)
2019-10-02 19:50:11,081 [2973cdd7-bcb7-4fc5-a4ea-f0116652941b@group-EED960C3F371-LeaderElection76] INFO  server.RaftServerConfigKeys (ConfUtils.java:logGet(43)) - raft.server.rpc.sleep.time = 25ms (default)
2019-10-02 19:50:11,081 [2973cdd7-bcb7-4fc5-a4ea-f0116652941b@group-EED960C3F371-LeaderElection76] INFO  server.RaftServerConfigKeys (ConfUtils.java:logGet(43)) - raft.server.write.element-limit = 4096 (default)
2019-10-02 19:50:11,081 [2973cdd7-bcb7-4fc5-a4ea-f0116652941b@group-EED960C3F371-LeaderElection76] INFO  server.RaftServerConfigKeys (ConfUtils.java:logGet(43)) - raft.server.watch.timeout = 10s (default)
2019-10-02 19:50:11,081 [2973cdd7-bcb7-4fc5-a4ea-f0116652941b@group-EED960C3F371-LeaderElection76] INFO  server.RaftServerConfigKeys (ConfUtils.java:logGet(43)) - raft.server.watch.timeout.denomination = 1s (default)
2019-10-02 19:50:11,081 [2973cdd7-bcb7-4fc5-a4ea-f0116652941b@group-EED960C3F371-LeaderElection76] INFO  server.RaftServerConfigKeys (ConfUtils.java:logGet(43)) - raft.server.watch.element-limit = 65536 (default)
2019-10-02 19:50:11,083 [2973cdd7-bcb7-4fc5-a4ea-f0116652941b@group-EED960C3F371-LeaderElection76] INFO  server.RaftServerConfigKeys (ConfUtils.java:logGet(43)) - raft.server.log.appender.snapshot.chunk.size.max = 16MB (=16777216) (default)
2019-10-02 19:50:11,083 [2973cdd7-bcb7-4fc5-a4ea-f0116652941b@group-EED960C3F371-LeaderElection76] INFO  server.RaftServerConfigKeys (ConfUtils.java:logGet(43)) - raft.server.log.appender.buffer.byte-limit = 33554432 (custom)
2019-10-02 19:50:11,083 [2973cdd7-bcb7-4fc5-a4ea-f0116652941b@group-EED960C3F371-LeaderElection76] INFO  server.RaftServerConfigKeys (ConfUtils.java:logGet(43)) - raft.server.log.appender.buffer.element-limit = 1 (custom)
2019-10-02 19:50:11,083 [2973cdd7-bcb7-4fc5-a4ea-f0116652941b@group-EED960C3F371-LeaderElection76] INFO  grpc.GrpcConfigKeys$Server (ConfUtils.java:logGet(43)) - raft.grpc.server.leader.outstanding.appends.max = 128 (default)
2019-10-02 19:50:11,083 [2973cdd7-bcb7-4fc5-a4ea-f0116652941b@group-EED960C3F371-LeaderElection76] INFO  server.RaftServerConfigKeys (ConfUtils.java:logGet(43)) - raft.server.rpc.request.timeout = 3000ms (default)
2019-10-02 19:50:11,083 [2973cdd7-bcb7-4fc5-a4ea-f0116652941b@group-EED960C3F371-LeaderElection76] INFO  server.RaftServerConfigKeys (ConfUtils.java:logGet(43)) - raft.server.log.appender.install.snapshot.enabled = false (custom)
2019-10-02 19:50:11,084 [2973cdd7-bcb7-4fc5-a4ea-f0116652941b@group-EED960C3F371-LeaderElection76] INFO  server.RaftServerConfigKeys (ConfUtils.java:logGet(43)) - raft.server.log.appender.snapshot.chunk.size.max = 16MB (=16777216) (default)
2019-10-02 19:50:11,084 [2973cdd7-bcb7-4fc5-a4ea-f0116652941b@group-EED960C3F371-LeaderElection76] INFO  server.RaftServerConfigKeys (ConfUtils.java:logGet(43)) - raft.server.log.appender.buffer.byte-limit = 33554432 (custom)
2019-10-02 19:50:11,084 [2973cdd7-bcb7-4fc5-a4ea-f0116652941b@group-EED960C3F371-LeaderElection76] INFO  server.RaftServerConfigKeys (ConfUtils.java:logGet(43)) - raft.server.log.appender.buffer.element-limit = 1 (custom)
2019-10-02 19:50:11,084 [2973cdd7-bcb7-4fc5-a4ea-f0116652941b@group-EED960C3F371-LeaderElection76] INFO  grpc.GrpcConfigKeys$Server (ConfUtils.java:logGet(43)) - raft.grpc.server.leader.outstanding.appends.max = 128 (default)
2019-10-02 19:50:11,084 [2973cdd7-bcb7-4fc5-a4ea-f0116652941b@group-EED960C3F371-LeaderElection76] INFO  server.RaftServerConfigKeys (ConfUtils.java:logGet(43)) - raft.server.rpc.request.timeout = 3000ms (default)
2019-10-02 19:50:11,084 [2973cdd7-bcb7-4fc5-a4ea-f0116652941b@group-EED960C3F371-LeaderElection76] INFO  server.RaftServerConfigKeys (ConfUtils.java:logGet(43)) - raft.server.log.appender.install.snapshot.enabled = false (custom)
2019-10-02 19:50:11,084 [2973cdd7-bcb7-4fc5-a4ea-f0116652941b@group-EED960C3F371-LeaderElection76] INFO  impl.RoleInfo (RoleInfo.java:updateAndGet(143)) - 2973cdd7-bcb7-4fc5-a4ea-f0116652941b: start LeaderState
2019-10-02 19:50:11,085 [2973cdd7-bcb7-4fc5-a4ea-f0116652941b@group-EED960C3F371-LeaderElection76] INFO  segmented.SegmentedRaftLogWorker (SegmentedRaftLogWorker.java:startLogSegment(385)) - 2973cdd7-bcb7-4fc5-a4ea-f0116652941b@group-EED960C3F371-SegmentedRaftLogWorker: Starting segment from index:0
2019-10-02 19:50:11,085 [2973cdd7-bcb7-4fc5-a4ea-f0116652941b@group-EED960C3F371-LeaderElection76] INFO  impl.RaftServerImpl (ServerState.java:setRaftConf(356)) - 2973cdd7-bcb7-4fc5-a4ea-f0116652941b@group-EED960C3F371: set configuration 0: [309fa5a4-cdbf-42cc-94f7-a94586997cb4:192.168.30.8:37491, 0da31224-e0a2-4f91-8273-9257d2cc342f:192.168.30.8:36079, 2973cdd7-bcb7-4fc5-a4ea-f0116652941b:192.168.30.8:39270], old=null at 0
2019-10-02 19:50:11,110 [grpc-default-executor-2] INFO  impl.RaftServerImpl (ServerState.java:setLeader(255)) - 0da31224-e0a2-4f91-8273-9257d2cc342f@group-EED960C3F371: change Leader from null to 2973cdd7-bcb7-4fc5-a4ea-f0116652941b at term 1 for appendEntries, leader elected after 5139ms
2019-10-02 19:50:11,110 [Thread-2403] INFO  impl.FollowerState (FollowerState.java:run(108)) - 2ea827a1-4486-4237-8785-4bba9de8eca7@group-CBE504CDF192-FollowerState: change to CANDIDATE, lastRpcTime:5043ms, electionTimeout:5033ms
2019-10-02 19:50:11,122 [Thread-2403] INFO  impl.RoleInfo (RoleInfo.java:shutdownFollowerState(121)) - 2ea827a1-4486-4237-8785-4bba9de8eca7: shutdown FollowerState
2019-10-02 19:50:11,124 [grpc-default-executor-6] INFO  impl.RaftServerImpl (ServerState.java:setLeader(255)) - 309fa5a4-cdbf-42cc-94f7-a94586997cb4@group-EED960C3F371: change Leader from null to 2973cdd7-bcb7-4fc5-a4ea-f0116652941b at term 1 for appendEntries, leader elected after 5152ms
2019-10-02 19:50:11,124 [Thread-2403] INFO  impl.RaftServerImpl (RaftServerImpl.java:setRole(170)) - 2ea827a1-4486-4237-8785-4bba9de8eca7@group-CBE504CDF192: changes role from  FOLLOWER to CANDIDATE at term 0 for changeToCandidate
2019-10-02 19:50:11,124 [Thread-2403] INFO  impl.RoleInfo (RoleInfo.java:updateAndGet(143)) - 2ea827a1-4486-4237-8785-4bba9de8eca7: start LeaderElection
2019-10-02 19:50:11,128 [Thread-2404] INFO  impl.FollowerState (FollowerState.java:run(108)) - b341cfb2-4f0b-4827-a89b-ff7d199a869f@group-CBE504CDF192-FollowerState: change to CANDIDATE, lastRpcTime:5059ms, electionTimeout:5056ms
2019-10-02 19:50:11,128 [Thread-2404] INFO  impl.RoleInfo (RoleInfo.java:shutdownFollowerState(121)) - b341cfb2-4f0b-4827-a89b-ff7d199a869f: shutdown FollowerState
2019-10-02 19:50:11,129 [Thread-2404] INFO  impl.RaftServerImpl (RaftServerImpl.java:setRole(170)) - b341cfb2-4f0b-4827-a89b-ff7d199a869f@group-CBE504CDF192: changes role from  FOLLOWER to CANDIDATE at term 0 for changeToCandidate
2019-10-02 19:50:11,129 [Thread-2404] INFO  impl.RoleInfo (RoleInfo.java:updateAndGet(143)) - b341cfb2-4f0b-4827-a89b-ff7d199a869f: start LeaderElection
2019-10-02 19:50:11,129 [grpc-default-executor-6] INFO  impl.RaftServerImpl (ServerState.java:setRaftConf(356)) - 0da31224-e0a2-4f91-8273-9257d2cc342f@group-EED960C3F371: set configuration 0: [309fa5a4-cdbf-42cc-94f7-a94586997cb4:192.168.30.8:37491, 0da31224-e0a2-4f91-8273-9257d2cc342f:192.168.30.8:36079, 2973cdd7-bcb7-4fc5-a4ea-f0116652941b:192.168.30.8:39270], old=null at 0
2019-10-02 19:50:11,129 [grpc-default-executor-2] INFO  impl.RaftServerImpl (ServerState.java:setRaftConf(356)) - 309fa5a4-cdbf-42cc-94f7-a94586997cb4@group-EED960C3F371: set configuration 0: [309fa5a4-cdbf-42cc-94f7-a94586997cb4:192.168.30.8:37491, 0da31224-e0a2-4f91-8273-9257d2cc342f:192.168.30.8:36079, 2973cdd7-bcb7-4fc5-a4ea-f0116652941b:192.168.30.8:39270], old=null at 0
2019-10-02 19:50:11,132 [grpc-default-executor-6] INFO  segmented.SegmentedRaftLogWorker (SegmentedRaftLogWorker.java:startLogSegment(385)) - 0da31224-e0a2-4f91-8273-9257d2cc342f@group-EED960C3F371-SegmentedRaftLogWorker: Starting segment from index:0
2019-10-02 19:50:11,132 [grpc-default-executor-2] INFO  segmented.SegmentedRaftLogWorker (SegmentedRaftLogWorker.java:startLogSegment(385)) - 309fa5a4-cdbf-42cc-94f7-a94586997cb4@group-EED960C3F371-SegmentedRaftLogWorker: Starting segment from index:0
2019-10-02 19:50:11,145 [2973cdd7-bcb7-4fc5-a4ea-f0116652941b@group-EED960C3F371-SegmentedRaftLogWorker] INFO  segmented.SegmentedRaftLogWorker (SegmentedRaftLogWorker.java:execute(574)) - 2973cdd7-bcb7-4fc5-a4ea-f0116652941b@group-EED960C3F371-SegmentedRaftLogWorker: created new log segment /workdir/hadoop-ozone/integration-test/target/test-dir/MiniOzoneClusterImpl-e6381cb0-e569-48f2-8813-b93856510a3e/datanode-4/data/ratis/fab857e6-de4d-402b-b9fd-eed960c3f371/current/log_inprogress_0
2019-10-02 19:50:11,163 [b341cfb2-4f0b-4827-a89b-ff7d199a869f@group-CBE504CDF192-LeaderElection78] INFO  impl.LeaderElection (LeaderElection.java:askForVotes(178)) - b341cfb2-4f0b-4827-a89b-ff7d199a869f@group-CBE504CDF192-LeaderElection78: begin an election at term 1 for -1: [aee965ed-9a9c-47a3-aabc-5d46a53ccf26:192.168.30.8:41584, 2ea827a1-4486-4237-8785-4bba9de8eca7:192.168.30.8:43389, b341cfb2-4f0b-4827-a89b-ff7d199a869f:192.168.30.8:41303], old=null
2019-10-02 19:50:11,163 [2ea827a1-4486-4237-8785-4bba9de8eca7@group-CBE504CDF192-LeaderElection77] INFO  impl.LeaderElection (LeaderElection.java:askForVotes(178)) - 2ea827a1-4486-4237-8785-4bba9de8eca7@group-CBE504CDF192-LeaderElection77: begin an election at term 1 for -1: [aee965ed-9a9c-47a3-aabc-5d46a53ccf26:192.168.30.8:41584, 2ea827a1-4486-4237-8785-4bba9de8eca7:192.168.30.8:43389, b341cfb2-4f0b-4827-a89b-ff7d199a869f:192.168.30.8:41303], old=null
2019-10-02 19:50:11,164 [Thread-2402] INFO  impl.FollowerState (FollowerState.java:run(108)) - aee965ed-9a9c-47a3-aabc-5d46a53ccf26@group-CBE504CDF192-FollowerState: change to CANDIDATE, lastRpcTime:5098ms, electionTimeout:5098ms
2019-10-02 19:50:11,164 [Thread-2402] INFO  impl.RoleInfo (RoleInfo.java:shutdownFollowerState(121)) - aee965ed-9a9c-47a3-aabc-5d46a53ccf26: shutdown FollowerState
2019-10-02 19:50:11,164 [Thread-2402] INFO  impl.RaftServerImpl (RaftServerImpl.java:setRole(170)) - aee965ed-9a9c-47a3-aabc-5d46a53ccf26@group-CBE504CDF192: changes role from  FOLLOWER to CANDIDATE at term 0 for changeToCandidate
2019-10-02 19:50:11,164 [Thread-2402] INFO  impl.RoleInfo (RoleInfo.java:updateAndGet(143)) - aee965ed-9a9c-47a3-aabc-5d46a53ccf26: start LeaderElection
2019-10-02 19:50:11,196 [0da31224-e0a2-4f91-8273-9257d2cc342f@group-EED960C3F371-SegmentedRaftLogWorker] INFO  segmented.SegmentedRaftLogWorker (SegmentedRaftLogWorker.java:execute(574)) - 0da31224-e0a2-4f91-8273-9257d2cc342f@group-EED960C3F371-SegmentedRaftLogWorker: created new log segment /workdir/hadoop-ozone/integration-test/target/test-dir/MiniOzoneClusterImpl-e6381cb0-e569-48f2-8813-b93856510a3e/datanode-3/data/ratis/fab857e6-de4d-402b-b9fd-eed960c3f371/current/log_inprogress_0
2019-10-02 19:50:11,196 [309fa5a4-cdbf-42cc-94f7-a94586997cb4@group-EED960C3F371-SegmentedRaftLogWorker] INFO  segmented.SegmentedRaftLogWorker (SegmentedRaftLogWorker.java:execute(574)) - 309fa5a4-cdbf-42cc-94f7-a94586997cb4@group-EED960C3F371-SegmentedRaftLogWorker: created new log segment /workdir/hadoop-ozone/integration-test/target/test-dir/MiniOzoneClusterImpl-e6381cb0-e569-48f2-8813-b93856510a3e/datanode-1/data/ratis/fab857e6-de4d-402b-b9fd-eed960c3f371/current/log_inprogress_0
2019-10-02 19:50:11,213 [aee965ed-9a9c-47a3-aabc-5d46a53ccf26@group-CBE504CDF192-LeaderElection79] INFO  impl.LeaderElection (LeaderElection.java:askForVotes(178)) - aee965ed-9a9c-47a3-aabc-5d46a53ccf26@group-CBE504CDF192-LeaderElection79: begin an election at term 1 for -1: [aee965ed-9a9c-47a3-aabc-5d46a53ccf26:192.168.30.8:41584, 2ea827a1-4486-4237-8785-4bba9de8eca7:192.168.30.8:43389, b341cfb2-4f0b-4827-a89b-ff7d199a869f:192.168.30.8:41303], old=null
2019-10-02 19:50:11,214 [2ea827a1-4486-4237-8785-4bba9de8eca7@group-CBE504CDF192-LeaderElection77] INFO  impl.LeaderElection (LeaderElection.java:logAndReturn(56)) - 2ea827a1-4486-4237-8785-4bba9de8eca7@group-CBE504CDF192-LeaderElection77: Election REJECTED; received 2 response(s) [2ea827a1-4486-4237-8785-4bba9de8eca7<-aee965ed-9a9c-47a3-aabc-5d46a53ccf26#0:FAIL-t1, 2ea827a1-4486-4237-8785-4bba9de8eca7<-b341cfb2-4f0b-4827-a89b-ff7d199a869f#0:FAIL-t1] and 0 exception(s); 2ea827a1-4486-4237-8785-4bba9de8eca7@group-CBE504CDF192:t1, leader=null, voted=2ea827a1-4486-4237-8785-4bba9de8eca7, raftlog=2ea827a1-4486-4237-8785-4bba9de8eca7@group-CBE504CDF192-SegmentedRaftLog:OPENED:c-1,f-1,i0, conf=-1: [aee965ed-9a9c-47a3-aabc-5d46a53ccf26:192.168.30.8:41584, 2ea827a1-4486-4237-8785-4bba9de8eca7:192.168.30.8:43389, b341cfb2-4f0b-4827-a89b-ff7d199a869f:192.168.30.8:41303], old=null
2019-10-02 19:50:11,214 [b341cfb2-4f0b-4827-a89b-ff7d199a869f@group-CBE504CDF192-LeaderElection78] INFO  impl.LeaderElection (LeaderElection.java:logAndReturn(56)) - b341cfb2-4f0b-4827-a89b-ff7d199a869f@group-CBE504CDF192-LeaderElection78: Election REJECTED; received 2 response(s) [b341cfb2-4f0b-4827-a89b-ff7d199a869f<-aee965ed-9a9c-47a3-aabc-5d46a53ccf26#0:FAIL-t1, b341cfb2-4f0b-4827-a89b-ff7d199a869f<-2ea827a1-4486-4237-8785-4bba9de8eca7#0:FAIL-t1] and 0 exception(s); b341cfb2-4f0b-4827-a89b-ff7d199a869f@group-CBE504CDF192:t1, leader=null, voted=b341cfb2-4f0b-4827-a89b-ff7d199a869f, raftlog=b341cfb2-4f0b-4827-a89b-ff7d199a869f@group-CBE504CDF192-SegmentedRaftLog:OPENED:c-1,f-1,i0, conf=-1: [aee965ed-9a9c-47a3-aabc-5d46a53ccf26:192.168.30.8:41584, 2ea827a1-4486-4237-8785-4bba9de8eca7:192.168.30.8:43389, b341cfb2-4f0b-4827-a89b-ff7d199a869f:192.168.30.8:41303], old=null
2019-10-02 19:50:11,214 [2ea827a1-4486-4237-8785-4bba9de8eca7@group-CBE504CDF192-LeaderElection77] INFO  impl.RaftServerImpl (RaftServerImpl.java:setRole(170)) - 2ea827a1-4486-4237-8785-4bba9de8eca7@group-CBE504CDF192: changes role from CANDIDATE to FOLLOWER at term 1 for DISCOVERED_A_NEW_TERM
2019-10-02 19:50:11,215 [b341cfb2-4f0b-4827-a89b-ff7d199a869f@group-CBE504CDF192-LeaderElection78] INFO  impl.RaftServerImpl (RaftServerImpl.java:setRole(170)) - b341cfb2-4f0b-4827-a89b-ff7d199a869f@group-CBE504CDF192: changes role from CANDIDATE to FOLLOWER at term 1 for DISCOVERED_A_NEW_TERM
2019-10-02 19:50:11,217 [2ea827a1-4486-4237-8785-4bba9de8eca7@group-CBE504CDF192-LeaderElection77] INFO  impl.RoleInfo (RoleInfo.java:shutdownLeaderElection(134)) - 2ea827a1-4486-4237-8785-4bba9de8eca7: shutdown LeaderElection
2019-10-02 19:50:11,219 [b341cfb2-4f0b-4827-a89b-ff7d199a869f@group-CBE504CDF192-LeaderElection78] INFO  impl.RoleInfo (RoleInfo.java:shutdownLeaderElection(134)) - b341cfb2-4f0b-4827-a89b-ff7d199a869f: shutdown LeaderElection
2019-10-02 19:50:11,219 [2ea827a1-4486-4237-8785-4bba9de8eca7@group-CBE504CDF192-LeaderElection77] INFO  impl.RoleInfo (RoleInfo.java:updateAndGet(143)) - 2ea827a1-4486-4237-8785-4bba9de8eca7: start FollowerState
2019-10-02 19:50:11,219 [b341cfb2-4f0b-4827-a89b-ff7d199a869f@group-CBE504CDF192-LeaderElection78] INFO  impl.RoleInfo (RoleInfo.java:updateAndGet(143)) - b341cfb2-4f0b-4827-a89b-ff7d199a869f: start FollowerState
2019-10-02 19:50:11,222 [aee965ed-9a9c-47a3-aabc-5d46a53ccf26@group-CBE504CDF192-LeaderElection79] INFO  impl.LeaderElection (LeaderElection.java:logAndReturn(56)) - aee965ed-9a9c-47a3-aabc-5d46a53ccf26@group-CBE504CDF192-LeaderElection79: Election REJECTED; received 2 response(s) [aee965ed-9a9c-47a3-aabc-5d46a53ccf26<-2ea827a1-4486-4237-8785-4bba9de8eca7#0:FAIL-t1, aee965ed-9a9c-47a3-aabc-5d46a53ccf26<-b341cfb2-4f0b-4827-a89b-ff7d199a869f#0:FAIL-t1] and 0 exception(s); aee965ed-9a9c-47a3-aabc-5d46a53ccf26@group-CBE504CDF192:t1, leader=null, voted=aee965ed-9a9c-47a3-aabc-5d46a53ccf26, raftlog=aee965ed-9a9c-47a3-aabc-5d46a53ccf26@group-CBE504CDF192-SegmentedRaftLog:OPENED:c-1,f-1,i0, conf=-1: [aee965ed-9a9c-47a3-aabc-5d46a53ccf26:192.168.30.8:41584, 2ea827a1-4486-4237-8785-4bba9de8eca7:192.168.30.8:43389, b341cfb2-4f0b-4827-a89b-ff7d199a869f:192.168.30.8:41303], old=null
2019-10-02 19:50:11,222 [aee965ed-9a9c-47a3-aabc-5d46a53ccf26@group-CBE504CDF192-LeaderElection79] INFO  impl.RaftServerImpl (RaftServerImpl.java:setRole(170)) - aee965ed-9a9c-47a3-aabc-5d46a53ccf26@group-CBE504CDF192: changes role from CANDIDATE to FOLLOWER at term 1 for DISCOVERED_A_NEW_TERM
2019-10-02 19:50:11,222 [aee965ed-9a9c-47a3-aabc-5d46a53ccf26@group-CBE504CDF192-LeaderElection79] INFO  impl.RoleInfo (RoleInfo.java:shutdownLeaderElection(134)) - aee965ed-9a9c-47a3-aabc-5d46a53ccf26: shutdown LeaderElection
2019-10-02 19:50:11,222 [aee965ed-9a9c-47a3-aabc-5d46a53ccf26@group-CBE504CDF192-LeaderElection79] INFO  impl.RoleInfo (RoleInfo.java:updateAndGet(143)) - aee965ed-9a9c-47a3-aabc-5d46a53ccf26: start FollowerState
2019-10-02 19:50:12,182 [Datanode State Machine Thread - 0] INFO  statemachine.DatanodeStateMachine (DatanodeStateMachine.java:lambda$startDaemon$0(350)) - Ozone container server started.
2019-10-02 19:50:16,276 [Thread-2459] INFO  impl.FollowerState (FollowerState.java:run(108)) - 2ea827a1-4486-4237-8785-4bba9de8eca7@group-CBE504CDF192-FollowerState: change to CANDIDATE, lastRpcTime:5056ms, electionTimeout:5056ms
2019-10-02 19:50:16,277 [Thread-2459] INFO  impl.RoleInfo (RoleInfo.java:shutdownFollowerState(121)) - 2ea827a1-4486-4237-8785-4bba9de8eca7: shutdown FollowerState
2019-10-02 19:50:16,277 [Thread-2459] INFO  impl.RaftServerImpl (RaftServerImpl.java:setRole(170)) - 2ea827a1-4486-4237-8785-4bba9de8eca7@group-CBE504CDF192: changes role from  FOLLOWER to CANDIDATE at term 1 for changeToCandidate
2019-10-02 19:50:16,278 [Thread-2459] INFO  impl.RoleInfo (RoleInfo.java:updateAndGet(143)) - 2ea827a1-4486-4237-8785-4bba9de8eca7: start LeaderElection
2019-10-02 19:50:16,347 [2ea827a1-4486-4237-8785-4bba9de8eca7@group-CBE504CDF192-LeaderElection80] INFO  impl.LeaderElection (LeaderElection.java:askForVotes(178)) - 2ea827a1-4486-4237-8785-4bba9de8eca7@group-CBE504CDF192-LeaderElection80: begin an election at term 2 for -1: [aee965ed-9a9c-47a3-aabc-5d46a53ccf26:192.168.30.8:41584, 2ea827a1-4486-4237-8785-4bba9de8eca7:192.168.30.8:43389, b341cfb2-4f0b-4827-a89b-ff7d199a869f:192.168.30.8:41303], old=null
2019-10-02 19:50:16,354 [grpc-default-executor-3] INFO  impl.RaftServerImpl (RaftServerImpl.java:setRole(170)) - aee965ed-9a9c-47a3-aabc-5d46a53ccf26@group-CBE504CDF192: changes role from  FOLLOWER to FOLLOWER at term 2 for recognizeCandidate:2ea827a1-4486-4237-8785-4bba9de8eca7
2019-10-02 19:50:16,354 [grpc-default-executor-6] INFO  impl.RaftServerImpl (RaftServerImpl.java:setRole(170)) - b341cfb2-4f0b-4827-a89b-ff7d199a869f@group-CBE504CDF192: changes role from  FOLLOWER to FOLLOWER at term 2 for recognizeCandidate:2ea827a1-4486-4237-8785-4bba9de8eca7
2019-10-02 19:50:16,355 [grpc-default-executor-3] INFO  impl.RoleInfo (RoleInfo.java:shutdownFollowerState(121)) - aee965ed-9a9c-47a3-aabc-5d46a53ccf26: shutdown FollowerState
2019-10-02 19:50:16,355 [grpc-default-executor-6] INFO  impl.RoleInfo (RoleInfo.java:shutdownFollowerState(121)) - b341cfb2-4f0b-4827-a89b-ff7d199a869f: shutdown FollowerState
2019-10-02 19:50:16,355 [grpc-default-executor-3] INFO  impl.RoleInfo (RoleInfo.java:updateAndGet(143)) - aee965ed-9a9c-47a3-aabc-5d46a53ccf26: start FollowerState
2019-10-02 19:50:16,355 [Thread-2460] INFO  impl.FollowerState (FollowerState.java:run(117)) - b341cfb2-4f0b-4827-a89b-ff7d199a869f@group-CBE504CDF192-FollowerState was interrupted: java.lang.InterruptedException: sleep interrupted
2019-10-02 19:50:16,355 [Thread-2461] INFO  impl.FollowerState (FollowerState.java:run(117)) - aee965ed-9a9c-47a3-aabc-5d46a53ccf26@group-CBE504CDF192-FollowerState was interrupted: java.lang.InterruptedException: sleep interrupted
2019-10-02 19:50:16,355 [grpc-default-executor-6] INFO  impl.RoleInfo (RoleInfo.java:updateAndGet(143)) - b341cfb2-4f0b-4827-a89b-ff7d199a869f: start FollowerState
2019-10-02 19:50:16,394 [2ea827a1-4486-4237-8785-4bba9de8eca7@group-CBE504CDF192-LeaderElection80] INFO  impl.LeaderElection (LeaderElection.java:logAndReturn(56)) - 2ea827a1-4486-4237-8785-4bba9de8eca7@group-CBE504CDF192-LeaderElection80: Election PASSED; received 1 response(s) [2ea827a1-4486-4237-8785-4bba9de8eca7<-b341cfb2-4f0b-4827-a89b-ff7d199a869f#0:OK-t2] and 0 exception(s); 2ea827a1-4486-4237-8785-4bba9de8eca7@group-CBE504CDF192:t2, leader=null, voted=2ea827a1-4486-4237-8785-4bba9de8eca7, raftlog=2ea827a1-4486-4237-8785-4bba9de8eca7@group-CBE504CDF192-SegmentedRaftLog:OPENED:c-1,f-1,i0, conf=-1: [aee965ed-9a9c-47a3-aabc-5d46a53ccf26:192.168.30.8:41584, 2ea827a1-4486-4237-8785-4bba9de8eca7:192.168.30.8:43389, b341cfb2-4f0b-4827-a89b-ff7d199a869f:192.168.30.8:41303], old=null
2019-10-02 19:50:16,394 [2ea827a1-4486-4237-8785-4bba9de8eca7@group-CBE504CDF192-LeaderElection80] INFO  impl.RoleInfo (RoleInfo.java:shutdownLeaderElection(134)) - 2ea827a1-4486-4237-8785-4bba9de8eca7: shutdown LeaderElection
2019-10-02 19:50:16,395 [2ea827a1-4486-4237-8785-4bba9de8eca7@group-CBE504CDF192-LeaderElection80] INFO  impl.RaftServerImpl (RaftServerImpl.java:setRole(170)) - 2ea827a1-4486-4237-8785-4bba9de8eca7@group-CBE504CDF192: changes role from CANDIDATE to LEADER at term 2 for changeToLeader
2019-10-02 19:50:16,395 [2ea827a1-4486-4237-8785-4bba9de8eca7@group-CBE504CDF192-LeaderElection80] INFO  impl.RaftServerImpl (ServerState.java:setLeader(255)) - 2ea827a1-4486-4237-8785-4bba9de8eca7@group-CBE504CDF192: change Leader from null to 2ea827a1-4486-4237-8785-4bba9de8eca7 at term 2 for becomeLeader, leader elected after 10339ms
2019-10-02 19:50:16,395 [2ea827a1-4486-4237-8785-4bba9de8eca7@group-CBE504CDF192-LeaderElection80] INFO  server.RaftServerConfigKeys (ConfUtils.java:logGet(43)) - raft.server.staging.catchup.gap = 1000 (default)
2019-10-02 19:50:16,395 [2ea827a1-4486-4237-8785-4bba9de8eca7@group-CBE504CDF192-LeaderElection80] INFO  server.RaftServerConfigKeys (ConfUtils.java:logGet(43)) - raft.server.rpc.sleep.time = 25ms (default)
2019-10-02 19:50:16,396 [2ea827a1-4486-4237-8785-4bba9de8eca7@group-CBE504CDF192-LeaderElection80] INFO  server.RaftServerConfigKeys (ConfUtils.java:logGet(43)) - raft.server.write.element-limit = 4096 (default)
2019-10-02 19:50:16,396 [2ea827a1-4486-4237-8785-4bba9de8eca7@group-CBE504CDF192-LeaderElection80] INFO  server.RaftServerConfigKeys (ConfUtils.java:logGet(43)) - raft.server.watch.timeout = 10s (default)
2019-10-02 19:50:16,396 [2ea827a1-4486-4237-8785-4bba9de8eca7@group-CBE504CDF192-LeaderElection80] INFO  server.RaftServerConfigKeys (ConfUtils.java:logGet(43)) - raft.server.watch.timeout.denomination = 1s (default)
2019-10-02 19:50:16,396 [2ea827a1-4486-4237-8785-4bba9de8eca7@group-CBE504CDF192-LeaderElection80] INFO  server.RaftServerConfigKeys (ConfUtils.java:logGet(43)) - raft.server.watch.element-limit = 65536 (default)
2019-10-02 19:50:16,399 [2ea827a1-4486-4237-8785-4bba9de8eca7@group-CBE504CDF192-LeaderElection80] INFO  server.RaftServerConfigKeys (ConfUtils.java:logGet(43)) - raft.server.log.appender.snapshot.chunk.size.max = 16MB (=16777216) (default)
2019-10-02 19:50:16,400 [2ea827a1-4486-4237-8785-4bba9de8eca7@group-CBE504CDF192-LeaderElection80] INFO  server.RaftServerConfigKeys (ConfUtils.java:logGet(43)) - raft.server.log.appender.buffer.byte-limit = 33554432 (custom)
2019-10-02 19:50:16,400 [2ea827a1-4486-4237-8785-4bba9de8eca7@group-CBE504CDF192-LeaderElection80] INFO  server.RaftServerConfigKeys (ConfUtils.java:logGet(43)) - raft.server.log.appender.buffer.element-limit = 1 (custom)
2019-10-02 19:50:16,400 [2ea827a1-4486-4237-8785-4bba9de8eca7@group-CBE504CDF192-LeaderElection80] INFO  grpc.GrpcConfigKeys$Server (ConfUtils.java:logGet(43)) - raft.grpc.server.leader.outstanding.appends.max = 128 (default)
2019-10-02 19:50:16,400 [2ea827a1-4486-4237-8785-4bba9de8eca7@group-CBE504CDF192-LeaderElection80] INFO  server.RaftServerConfigKeys (ConfUtils.java:logGet(43)) - raft.server.rpc.request.timeout = 3000ms (default)
2019-10-02 19:50:16,400 [2ea827a1-4486-4237-8785-4bba9de8eca7@group-CBE504CDF192-LeaderElection80] INFO  server.RaftServerConfigKeys (ConfUtils.java:logGet(43)) - raft.server.log.appender.install.snapshot.enabled = false (custom)
2019-10-02 19:50:16,401 [2ea827a1-4486-4237-8785-4bba9de8eca7@group-CBE504CDF192-LeaderElection80] INFO  server.RaftServerConfigKeys (ConfUtils.java:logGet(43)) - raft.server.log.appender.snapshot.chunk.size.max = 16MB (=16777216) (default)
2019-10-02 19:50:16,401 [2ea827a1-4486-4237-8785-4bba9de8eca7@group-CBE504CDF192-LeaderElection80] INFO  server.RaftServerConfigKeys (ConfUtils.java:logGet(43)) - raft.server.log.appender.buffer.byte-limit = 33554432 (custom)
2019-10-02 19:50:16,401 [2ea827a1-4486-4237-8785-4bba9de8eca7@group-CBE504CDF192-LeaderElection80] INFO  server.RaftServerConfigKeys (ConfUtils.java:logGet(43)) - raft.server.log.appender.buffer.element-limit = 1 (custom)
2019-10-02 19:50:16,401 [2ea827a1-4486-4237-8785-4bba9de8eca7@group-CBE504CDF192-LeaderElection80] INFO  grpc.GrpcConfigKeys$Server (ConfUtils.java:logGet(43)) - raft.grpc.server.leader.outstanding.appends.max = 128 (default)
2019-10-02 19:50:16,401 [2ea827a1-4486-4237-8785-4bba9de8eca7@group-CBE504CDF192-LeaderElection80] INFO  server.RaftServerConfigKeys (ConfUtils.java:logGet(43)) - raft.server.rpc.request.timeout = 3000ms (default)
2019-10-02 19:50:16,401 [2ea827a1-4486-4237-8785-4bba9de8eca7@group-CBE504CDF192-LeaderElection80] INFO  server.RaftServerConfigKeys (ConfUtils.java:logGet(43)) - raft.server.log.appender.install.snapshot.enabled = false (custom)
2019-10-02 19:50:16,402 [2ea827a1-4486-4237-8785-4bba9de8eca7@group-CBE504CDF192-LeaderElection80] INFO  impl.RoleInfo (RoleInfo.java:updateAndGet(143)) - 2ea827a1-4486-4237-8785-4bba9de8eca7: start LeaderState
2019-10-02 19:50:16,402 [2ea827a1-4486-4237-8785-4bba9de8eca7@group-CBE504CDF192-LeaderElection80] INFO  segmented.SegmentedRaftLogWorker (SegmentedRaftLogWorker.java:startLogSegment(385)) - 2ea827a1-4486-4237-8785-4bba9de8eca7@group-CBE504CDF192-SegmentedRaftLogWorker: Starting segment from index:0
2019-10-02 19:50:16,403 [2ea827a1-4486-4237-8785-4bba9de8eca7@group-CBE504CDF192-LeaderElection80] INFO  impl.RaftServerImpl (ServerState.java:setRaftConf(356)) - 2ea827a1-4486-4237-8785-4bba9de8eca7@group-CBE504CDF192: set configuration 0: [aee965ed-9a9c-47a3-aabc-5d46a53ccf26:192.168.30.8:41584, 2ea827a1-4486-4237-8785-4bba9de8eca7:192.168.30.8:43389, b341cfb2-4f0b-4827-a89b-ff7d199a869f:192.168.30.8:41303], old=null at 0
2019-10-02 19:50:16,431 [grpc-default-executor-3] INFO  impl.RaftServerImpl (ServerState.java:setLeader(255)) - b341cfb2-4f0b-4827-a89b-ff7d199a869f@group-CBE504CDF192: change Leader from null to 2ea827a1-4486-4237-8785-4bba9de8eca7 at term 2 for appendEntries, leader elected after 10375ms
2019-10-02 19:50:16,431 [grpc-default-executor-6] INFO  impl.RaftServerImpl (ServerState.java:setLeader(255)) - aee965ed-9a9c-47a3-aabc-5d46a53ccf26@group-CBE504CDF192: change Leader from null to 2ea827a1-4486-4237-8785-4bba9de8eca7 at term 2 for appendEntries, leader elected after 10375ms
2019-10-02 19:50:16,436 [grpc-default-executor-6] INFO  impl.RaftServerImpl (ServerState.java:setRaftConf(356)) - b341cfb2-4f0b-4827-a89b-ff7d199a869f@group-CBE504CDF192: set configuration 0: [aee965ed-9a9c-47a3-aabc-5d46a53ccf26:192.168.30.8:41584, 2ea827a1-4486-4237-8785-4bba9de8eca7:192.168.30.8:43389, b341cfb2-4f0b-4827-a89b-ff7d199a869f:192.168.30.8:41303], old=null at 0
2019-10-02 19:50:16,436 [grpc-default-executor-3] INFO  impl.RaftServerImpl (ServerState.java:setRaftConf(356)) - aee965ed-9a9c-47a3-aabc-5d46a53ccf26@group-CBE504CDF192: set configuration 0: [aee965ed-9a9c-47a3-aabc-5d46a53ccf26:192.168.30.8:41584, 2ea827a1-4486-4237-8785-4bba9de8eca7:192.168.30.8:43389, b341cfb2-4f0b-4827-a89b-ff7d199a869f:192.168.30.8:41303], old=null at 0
2019-10-02 19:50:16,436 [grpc-default-executor-6] INFO  segmented.SegmentedRaftLogWorker (SegmentedRaftLogWorker.java:startLogSegment(385)) - b341cfb2-4f0b-4827-a89b-ff7d199a869f@group-CBE504CDF192-SegmentedRaftLogWorker: Starting segment from index:0
2019-10-02 19:50:16,436 [grpc-default-executor-3] INFO  segmented.SegmentedRaftLogWorker (SegmentedRaftLogWorker.java:startLogSegment(385)) - aee965ed-9a9c-47a3-aabc-5d46a53ccf26@group-CBE504CDF192-SegmentedRaftLogWorker: Starting segment from index:0
2019-10-02 19:50:16,593 [2ea827a1-4486-4237-8785-4bba9de8eca7@group-CBE504CDF192-SegmentedRaftLogWorker] INFO  segmented.SegmentedRaftLogWorker (SegmentedRaftLogWorker.java:execute(574)) - 2ea827a1-4486-4237-8785-4bba9de8eca7@group-CBE504CDF192-SegmentedRaftLogWorker: created new log segment /workdir/hadoop-ozone/integration-test/target/test-dir/MiniOzoneClusterImpl-e6381cb0-e569-48f2-8813-b93856510a3e/datanode-6/data/ratis/ee72deab-1162-4b84-9741-cbe504cdf192/current/log_inprogress_0
2019-10-02 19:50:16,594 [b341cfb2-4f0b-4827-a89b-ff7d199a869f@group-CBE504CDF192-SegmentedRaftLogWorker] INFO  segmented.SegmentedRaftLogWorker (SegmentedRaftLogWorker.java:execute(574)) - b341cfb2-4f0b-4827-a89b-ff7d199a869f@group-CBE504CDF192-SegmentedRaftLogWorker: created new log segment /workdir/hadoop-ozone/integration-test/target/test-dir/MiniOzoneClusterImpl-e6381cb0-e569-48f2-8813-b93856510a3e/datanode-0/data/ratis/ee72deab-1162-4b84-9741-cbe504cdf192/current/log_inprogress_0
2019-10-02 19:50:16,595 [aee965ed-9a9c-47a3-aabc-5d46a53ccf26@group-CBE504CDF192-SegmentedRaftLogWorker] INFO  segmented.SegmentedRaftLogWorker (SegmentedRaftLogWorker.java:execute(574)) - aee965ed-9a9c-47a3-aabc-5d46a53ccf26@group-CBE504CDF192-SegmentedRaftLogWorker: created new log segment /workdir/hadoop-ozone/integration-test/target/test-dir/MiniOzoneClusterImpl-e6381cb0-e569-48f2-8813-b93856510a3e/datanode-2/data/ratis/ee72deab-1162-4b84-9741-cbe504cdf192/current/log_inprogress_0
2019-10-02 19:50:17,115 [main] INFO  ozoneimpl.OzoneContainer (OzoneContainer.java:stop(231)) - Attempting to stop container services.
2019-10-02 19:50:17,116 [main] INFO  impl.RaftServerProxy (RaftServerProxy.java:lambda$close$4(314)) - 0da31224-e0a2-4f91-8273-9257d2cc342f: close
2019-10-02 19:50:17,117 [main] INFO  impl.RaftServerImpl (RaftServerImpl.java:lambda$shutdown$3(247)) - 0da31224-e0a2-4f91-8273-9257d2cc342f@group-747A728E5E56: shutdown
2019-10-02 19:50:17,117 [ForkJoinPool.commonPool-worker-1] INFO  impl.RaftServerImpl (RaftServerImpl.java:lambda$shutdown$3(247)) - 0da31224-e0a2-4f91-8273-9257d2cc342f@group-EED960C3F371: shutdown
2019-10-02 19:50:17,117 [main] INFO  util.JmxRegister (JmxRegister.java:unregister(73)) - Successfully un-registered JMX Bean with object name Ratis:service=RaftServer,group=group-747A728E5E56,id=0da31224-e0a2-4f91-8273-9257d2cc342f
2019-10-02 19:50:17,117 [ForkJoinPool.commonPool-worker-1] INFO  util.JmxRegister (JmxRegister.java:unregister(73)) - Successfully un-registered JMX Bean with object name Ratis:service=RaftServer,group=group-EED960C3F371,id=0da31224-e0a2-4f91-8273-9257d2cc342f
2019-10-02 19:50:17,117 [main] INFO  impl.RoleInfo (RoleInfo.java:shutdownLeaderState(104)) - 0da31224-e0a2-4f91-8273-9257d2cc342f: shutdown LeaderState
2019-10-02 19:50:17,118 [ForkJoinPool.commonPool-worker-1] INFO  impl.RoleInfo (RoleInfo.java:shutdownFollowerState(121)) - 0da31224-e0a2-4f91-8273-9257d2cc342f: shutdown FollowerState
2019-10-02 19:50:17,118 [main] INFO  impl.PendingRequests (PendingRequests.java:sendNotLeaderResponses(202)) - 0da31224-e0a2-4f91-8273-9257d2cc342f@group-747A728E5E56-PendingRequests: sendNotLeaderResponses
2019-10-02 19:50:17,118 [Thread-2439] INFO  impl.FollowerState (FollowerState.java:run(117)) - 0da31224-e0a2-4f91-8273-9257d2cc342f@group-EED960C3F371-FollowerState was interrupted: java.lang.InterruptedException: sleep interrupted
2019-10-02 19:50:17,118 [ForkJoinPool.commonPool-worker-1] INFO  impl.StateMachineUpdater (StateMachineUpdater.java:stopAndJoin(136)) - 0da31224-e0a2-4f91-8273-9257d2cc342f@group-EED960C3F371-StateMachineUpdater: set stopIndex = 2
2019-10-02 19:50:17,121 [main] INFO  impl.StateMachineUpdater (StateMachineUpdater.java:stopAndJoin(136)) - 0da31224-e0a2-4f91-8273-9257d2cc342f@group-747A728E5E56-StateMachineUpdater: set stopIndex = 0
2019-10-02 19:50:17,118 [0da31224-e0a2-4f91-8273-9257d2cc342f@group-EED960C3F371-StateMachineUpdater] INFO  ratis.ContainerStateMachine (ContainerStateMachine.java:takeSnapshot(289)) - group-EED960C3F371: Taking a snapshot at:(t:1, i:1) file /workdir/hadoop-ozone/integration-test/target/test-dir/MiniOzoneClusterImpl-e6381cb0-e569-48f2-8813-b93856510a3e/datanode-3/data/ratis/fab857e6-de4d-402b-b9fd-eed960c3f371/sm/snapshot.1_1
2019-10-02 19:50:17,121 [main] INFO  impl.RaftServerImpl (ServerState.java:close(387)) - 0da31224-e0a2-4f91-8273-9257d2cc342f@group-747A728E5E56: closes. applyIndex: 0
2019-10-02 19:50:17,122 [0da31224-e0a2-4f91-8273-9257d2cc342f@group-747A728E5E56-SegmentedRaftLogWorker] INFO  segmented.SegmentedRaftLogWorker (SegmentedRaftLogWorker.java:run(316)) - 0da31224-e0a2-4f91-8273-9257d2cc342f@group-747A728E5E56-SegmentedRaftLogWorker was interrupted, exiting. There are 0 tasks remaining in the queue.
2019-10-02 19:50:17,124 [main] INFO  segmented.SegmentedRaftLogWorker (SegmentedRaftLogWorker.java:close(224)) - 0da31224-e0a2-4f91-8273-9257d2cc342f@group-747A728E5E56-SegmentedRaftLogWorker close()
2019-10-02 19:50:17,145 [0da31224-e0a2-4f91-8273-9257d2cc342f@group-EED960C3F371-StateMachineUpdater] INFO  ratis.ContainerStateMachine (ContainerStateMachine.java:takeSnapshot(300)) - group-EED960C3F371: Finished taking a snapshot at:(t:1, i:1) file:/workdir/hadoop-ozone/integration-test/target/test-dir/MiniOzoneClusterImpl-e6381cb0-e569-48f2-8813-b93856510a3e/datanode-3/data/ratis/fab857e6-de4d-402b-b9fd-eed960c3f371/sm/snapshot.1_1 time:27
2019-10-02 19:50:17,145 [0da31224-e0a2-4f91-8273-9257d2cc342f@group-EED960C3F371-StateMachineUpdater] INFO  impl.StateMachineUpdater (StateMachineUpdater.java:takeSnapshot(269)) - 0da31224-e0a2-4f91-8273-9257d2cc342f@group-EED960C3F371-StateMachineUpdater: Took a snapshot at index 1
2019-10-02 19:50:17,145 [0da31224-e0a2-4f91-8273-9257d2cc342f@group-EED960C3F371-StateMachineUpdater] INFO  impl.StateMachineUpdater (StateMachineUpdater.java:lambda$new$0(84)) - 0da31224-e0a2-4f91-8273-9257d2cc342f@group-EED960C3F371-StateMachineUpdater: snapshotIndex: updateIncreasingly -1 -> 1
2019-10-02 19:50:17,145 [0da31224-e0a2-4f91-8273-9257d2cc342f@group-EED960C3F371-StateMachineUpdater] INFO  ratis.ContainerStateMachine (ContainerStateMachine.java:takeSnapshot(289)) - group-EED960C3F371: Taking a snapshot at:(t:1, i:1) file /workdir/hadoop-ozone/integration-test/target/test-dir/MiniOzoneClusterImpl-e6381cb0-e569-48f2-8813-b93856510a3e/datanode-3/data/ratis/fab857e6-de4d-402b-b9fd-eed960c3f371/sm/snapshot.1_1
2019-10-02 19:50:17,168 [0da31224-e0a2-4f91-8273-9257d2cc342f@group-EED960C3F371-StateMachineUpdater] INFO  ratis.ContainerStateMachine (ContainerStateMachine.java:takeSnapshot(300)) - group-EED960C3F371: Finished taking a snapshot at:(t:1, i:1) file:/workdir/hadoop-ozone/integration-test/target/test-dir/MiniOzoneClusterImpl-e6381cb0-e569-48f2-8813-b93856510a3e/datanode-3/data/ratis/fab857e6-de4d-402b-b9fd-eed960c3f371/sm/snapshot.1_1 time:23
2019-10-02 19:50:17,168 [0da31224-e0a2-4f91-8273-9257d2cc342f@group-EED960C3F371-StateMachineUpdater] INFO  impl.StateMachineUpdater (StateMachineUpdater.java:takeSnapshot(269)) - 0da31224-e0a2-4f91-8273-9257d2cc342f@group-EED960C3F371-StateMachineUpdater: Took a snapshot at index 1
2019-10-02 19:50:17,168 [0da31224-e0a2-4f91-8273-9257d2cc342f@group-EED960C3F371-StateMachineUpdater] INFO  impl.StateMachineUpdater (StateMachineUpdater.java:lambda$new$0(84)) - 0da31224-e0a2-4f91-8273-9257d2cc342f@group-EED960C3F371-StateMachineUpdater: snapshotIndex: updateIncreasingly 1 -> 1
2019-10-02 19:50:17,168 [ForkJoinPool.commonPool-worker-1] INFO  impl.RaftServerImpl (ServerState.java:close(387)) - 0da31224-e0a2-4f91-8273-9257d2cc342f@group-EED960C3F371: closes. applyIndex: 2
2019-10-02 19:50:17,169 [0da31224-e0a2-4f91-8273-9257d2cc342f@group-EED960C3F371-SegmentedRaftLogWorker] INFO  segmented.SegmentedRaftLogWorker (SegmentedRaftLogWorker.java:run(316)) - 0da31224-e0a2-4f91-8273-9257d2cc342f@group-EED960C3F371-SegmentedRaftLogWorker was interrupted, exiting. There are 0 tasks remaining in the queue.
2019-10-02 19:50:17,171 [ForkJoinPool.commonPool-worker-1] INFO  segmented.SegmentedRaftLogWorker (SegmentedRaftLogWorker.java:close(224)) - 0da31224-e0a2-4f91-8273-9257d2cc342f@group-EED960C3F371-SegmentedRaftLogWorker close()
2019-10-02 19:50:17,174 [main] INFO  server.GrpcService (GrpcService.java:closeImpl(164)) - 0da31224-e0a2-4f91-8273-9257d2cc342f: shutdown server with port 36079 now
2019-10-02 19:50:17,175 [grpc-default-executor-6] WARN  server.GrpcServerProtocolService (LogUtils.java:warn(134)) - 0da31224-e0a2-4f91-8273-9257d2cc342f: installSnapshot onError, lastRequest: 2973cdd7-bcb7-4fc5-a4ea-f0116652941b->0da31224-e0a2-4f91-8273-9257d2cc342f#5-t1, previous=(t:1, i:2), leaderCommit=2, initializing? false, entries: <empty>: org.apache.ratis.thirdparty.io.grpc.StatusRuntimeException: CANCELLED: cancelled before receiving half close
2019-10-02 19:50:17,175 [main] INFO  server.GrpcService (GrpcService.java:closeImpl(172)) - 0da31224-e0a2-4f91-8273-9257d2cc342f: shutdown server with port 36079 successfully
2019-10-02 19:50:17,175 [grpc-default-executor-2] WARN  server.GrpcLogAppender (LogUtils.java:warn(134)) - 2973cdd7-bcb7-4fc5-a4ea-f0116652941b@group-EED960C3F371->0da31224-e0a2-4f91-8273-9257d2cc342f-AppendLogResponseHandler: Failed appendEntries: org.apache.ratis.thirdparty.io.grpc.StatusRuntimeException: CANCELLED: HTTP/2 error code: CANCEL
Received Rst Stream
2019-10-02 19:50:17,176 [grpc-default-executor-2] INFO  impl.FollowerInfo (FollowerInfo.java:lambda$new$0(51)) - 2973cdd7-bcb7-4fc5-a4ea-f0116652941b@group-EED960C3F371->0da31224-e0a2-4f91-8273-9257d2cc342f: nextIndex: updateUnconditionally 3 -> 2
2019-10-02 19:50:17,179 [refreshUsed-/workdir/hadoop-ozone/integration-test/target/test-dir/MiniOzoneClusterImpl-e6381cb0-e569-48f2-8813-b93856510a3e/datanode-3/data/containers] WARN  fs.CachingGetSpaceUsed (CachingGetSpaceUsed.java:run(183)) - Thread Interrupted waiting to refresh disk information: sleep interrupted
2019-10-02 19:50:17,195 [main] INFO  utils.BackgroundService (BackgroundService.java:shutdown(148)) - Shutting down service BlockDeletingService
2019-10-02 19:50:17,201 [main] INFO  statemachine.DatanodeStateMachine (DatanodeStateMachine.java:stopDaemon(395)) - Ozone container server stopped.
2019-10-02 19:50:17,203 [main] INFO  handler.ContextHandler (ContextHandler.java:doStop(910)) - Stopped o.e.j.w.WebAppContext@599f1b7{/,null,UNAVAILABLE}{/hddsDatanode}
2019-10-02 19:50:17,203 [main] INFO  server.AbstractConnector (AbstractConnector.java:doStop(318)) - Stopped ServerConnector@22791b75{HTTP/1.1,[http/1.1]}{0.0.0.0:0}
2019-10-02 19:50:17,204 [main] INFO  handler.ContextHandler (ContextHandler.java:doStop(910)) - Stopped o.e.j.s.ServletContextHandler@6f91fbda{/static,jar:file:/home/user/.m2/repository/org/apache/hadoop/hadoop-hdds-container-service/0.5.0-SNAPSHOT/hadoop-hdds-container-service-0.5.0-SNAPSHOT.jar!/webapps/static,UNAVAILABLE}
2019-10-02 19:50:17,204 [main] INFO  handler.ContextHandler (ContextHandler.java:doStop(910)) - Stopped o.e.j.s.ServletContextHandler@4b7ed03e{/logs,file:///workdir/hadoop-ozone/integration-test/target/log,UNAVAILABLE}
2019-10-02 19:50:17,212 [grpc-default-executor-3] WARN  server.GrpcLogAppender (LogUtils.java:warn(134)) - 2973cdd7-bcb7-4fc5-a4ea-f0116652941b@group-EED960C3F371->0da31224-e0a2-4f91-8273-9257d2cc342f-AppendLogResponseHandler: Failed appendEntries: org.apache.ratis.thirdparty.io.grpc.StatusRuntimeException: UNAVAILABLE: io exception
2019-10-02 19:50:17,212 [grpc-default-executor-3] INFO  impl.FollowerInfo (FollowerInfo.java:lambda$new$0(51)) - 2973cdd7-bcb7-4fc5-a4ea-f0116652941b@group-EED960C3F371->0da31224-e0a2-4f91-8273-9257d2cc342f: nextIndex: updateUnconditionally 3 -> 2
2019-10-02 19:50:17,224 [grpc-default-executor-2] WARN  server.GrpcLogAppender (LogUtils.java:warn(134)) - 2973cdd7-bcb7-4fc5-a4ea-f0116652941b@group-EED960C3F371->0da31224-e0a2-4f91-8273-9257d2cc342f-AppendLogResponseHandler: Failed appendEntries: org.apache.ratis.thirdparty.io.grpc.StatusRuntimeException: UNAVAILABLE: io exception
2019-10-02 19:50:17,225 [grpc-default-executor-2] INFO  impl.FollowerInfo (FollowerInfo.java:lambda$new$0(51)) - 2973cdd7-bcb7-4fc5-a4ea-f0116652941b@group-EED960C3F371->0da31224-e0a2-4f91-8273-9257d2cc342f: nextIndex: updateUnconditionally 3 -> 2
2019-10-02 19:50:17,246 [grpc-default-executor-2] WARN  server.GrpcLogAppender (LogUtils.java:warn(134)) - 2973cdd7-bcb7-4fc5-a4ea-f0116652941b@group-EED960C3F371->0da31224-e0a2-4f91-8273-9257d2cc342f-AppendLogResponseHandler: Failed appendEntries: org.apache.ratis.thirdparty.io.grpc.StatusRuntimeException: UNAVAILABLE: io exception
2019-10-02 19:50:17,246 [grpc-default-executor-2] INFO  impl.FollowerInfo (FollowerInfo.java:lambda$new$0(51)) - 2973cdd7-bcb7-4fc5-a4ea-f0116652941b@group-EED960C3F371->0da31224-e0a2-4f91-8273-9257d2cc342f: nextIndex: updateUnconditionally 3 -> 2
2019-10-02 19:50:17,253 [EventQueue-IncrementalContainerReportForIncrementalContainerReportHandler] WARN  container.IncrementalContainerReportHandler (AbstractContainerReportHandler.java:updateContainerState(143)) - Container #1 is in OPEN state, but the datanode 2973cdd7-bcb7-4fc5-a4ea-f0116652941b{ip: 192.168.30.8, host: pr-hdds-2226-secures3-55zz4-4099447309, networkLocation: /default-rack, certSerialId: null} reports an CLOSING replica.
2019-10-02 19:50:17,267 [EventQueue-IncrementalContainerReportForIncrementalContainerReportHandler] WARN  container.IncrementalContainerReportHandler (AbstractContainerReportHandler.java:updateContainerState(143)) - Container #1 is in OPEN state, but the datanode 309fa5a4-cdbf-42cc-94f7-a94586997cb4{ip: 192.168.30.8, host: pr-hdds-2226-secures3-55zz4-4099447309, networkLocation: /default-rack, certSerialId: null} reports an CLOSING replica.
2019-10-02 19:50:17,340 [RatisApplyTransactionExecutor 1] INFO  interfaces.Container (KeyValueContainer.java:flushAndSyncDB(386)) - Container 1 is synced with bcsId 0.
2019-10-02 19:50:17,385 [RatisApplyTransactionExecutor 1] INFO  interfaces.Container (KeyValueContainer.java:flushAndSyncDB(386)) - Container 1 is synced with bcsId 0.
2019-10-02 19:50:17,406 [RatisApplyTransactionExecutor 1] INFO  interfaces.Container (KeyValueContainer.java:flushAndSyncDB(386)) - Container 1 is synced with bcsId 0.
2019-10-02 19:50:17,406 [RatisApplyTransactionExecutor 1] INFO  interfaces.Container (KeyValueContainer.java:flushAndSyncDB(386)) - Container 1 is synced with bcsId 0.
2019-10-02 19:50:17,407 [RatisApplyTransactionExecutor 1] INFO  interfaces.Container (KeyValueContainer.java:close(335)) - Container 1 is closed with bcsId 0.
2019-10-02 19:50:17,414 [EventQueue-IncrementalContainerReportForIncrementalContainerReportHandler] WARN  container.IncrementalContainerReportHandler (AbstractContainerReportHandler.java:updateContainerState(143)) - Container #1 is in OPEN state, but the datanode 2973cdd7-bcb7-4fc5-a4ea-f0116652941b{ip: 192.168.30.8, host: pr-hdds-2226-secures3-55zz4-4099447309, networkLocation: /default-rack, certSerialId: null} reports an CLOSED replica.
2019-10-02 19:50:17,434 [RatisApplyTransactionExecutor 1] INFO  interfaces.Container (KeyValueContainer.java:close(335)) - Container 1 is closed with bcsId 0.
2019-10-02 19:50:17,442 [EventQueue-IncrementalContainerReportForIncrementalContainerReportHandler] WARN  container.IncrementalContainerReportHandler (AbstractContainerReportHandler.java:updateContainerState(143)) - Container #1 is in OPEN state, but the datanode 309fa5a4-cdbf-42cc-94f7-a94586997cb4{ip: 192.168.30.8, host: pr-hdds-2226-secures3-55zz4-4099447309, networkLocation: /default-rack, certSerialId: null} reports an CLOSED replica.
2019-10-02 19:50:19,747 [grpc-default-executor-2] WARN  server.GrpcLogAppender (LogUtils.java:warn(134)) - 2973cdd7-bcb7-4fc5-a4ea-f0116652941b@group-EED960C3F371->0da31224-e0a2-4f91-8273-9257d2cc342f-AppendLogResponseHandler: Failed appendEntries: org.apache.ratis.thirdparty.io.grpc.StatusRuntimeException: UNAVAILABLE: io exception
2019-10-02 19:50:19,747 [grpc-default-executor-2] INFO  impl.FollowerInfo (FollowerInfo.java:lambda$new$0(51)) - 2973cdd7-bcb7-4fc5-a4ea-f0116652941b@group-EED960C3F371->0da31224-e0a2-4f91-8273-9257d2cc342f: nextIndex: updateUnconditionally 2 -> 1
2019-10-02 19:50:20,421 [main] WARN  scm.XceiverClientRatis (XceiverClientRatis.java:watchForCommit(292)) - 3 way commit failed on pipeline Pipeline[ Id: fab857e6-de4d-402b-b9fd-eed960c3f371, Nodes: 0da31224-e0a2-4f91-8273-9257d2cc342f{ip: 192.168.30.8, host: pr-hdds-2226-secures3-55zz4-4099447309, networkLocation: /default-rack, certSerialId: null}2973cdd7-bcb7-4fc5-a4ea-f0116652941b{ip: 192.168.30.8, host: pr-hdds-2226-secures3-55zz4-4099447309, networkLocation: /default-rack, certSerialId: null}309fa5a4-cdbf-42cc-94f7-a94586997cb4{ip: 192.168.30.8, host: pr-hdds-2226-secures3-55zz4-4099447309, networkLocation: /default-rack, certSerialId: null}, Type:RATIS, Factor:THREE, State:OPEN]
java.util.concurrent.TimeoutException
	at java.util.concurrent.CompletableFuture.timedGet(CompletableFuture.java:1771)
	at java.util.concurrent.CompletableFuture.get(CompletableFuture.java:1915)
	at org.apache.hadoop.hdds.scm.XceiverClientRatis.watchForCommit(XceiverClientRatis.java:289)
	at org.apache.hadoop.ozone.client.rpc.TestWatchForCommit.test2WayCommitForTimeoutException(TestWatchForCommit.java:391)
	at sun.reflect.NativeMethodAccessorImpl.invoke0(Native Method)
	at sun.reflect.NativeMethodAccessorImpl.invoke(NativeMethodAccessorImpl.java:62)
	at sun.reflect.DelegatingMethodAccessorImpl.invoke(DelegatingMethodAccessorImpl.java:43)
	at java.lang.reflect.Method.invoke(Method.java:498)
	at org.junit.runners.model.FrameworkMethod$1.runReflectiveCall(FrameworkMethod.java:47)
	at org.junit.internal.runners.model.ReflectiveCallable.run(ReflectiveCallable.java:12)
	at org.junit.runners.model.FrameworkMethod.invokeExplosively(FrameworkMethod.java:44)
	at org.junit.internal.runners.statements.InvokeMethod.evaluate(InvokeMethod.java:17)
	at org.junit.runners.ParentRunner.runLeaf(ParentRunner.java:271)
	at org.junit.runners.BlockJUnit4ClassRunner.runChild(BlockJUnit4ClassRunner.java:70)
	at org.junit.runners.BlockJUnit4ClassRunner.runChild(BlockJUnit4ClassRunner.java:50)
	at org.junit.runners.ParentRunner$3.run(ParentRunner.java:238)
	at org.junit.runners.ParentRunner$1.schedule(ParentRunner.java:63)
	at org.junit.runners.ParentRunner.runChildren(ParentRunner.java:236)
	at org.junit.runners.ParentRunner.access$000(ParentRunner.java:53)
	at org.junit.runners.ParentRunner$2.evaluate(ParentRunner.java:229)
	at org.junit.runners.ParentRunner.run(ParentRunner.java:309)
	at org.apache.maven.surefire.junit4.JUnit4Provider.execute(JUnit4Provider.java:365)
	at org.apache.maven.surefire.junit4.JUnit4Provider.executeWithRerun(JUnit4Provider.java:273)
	at org.apache.maven.surefire.junit4.JUnit4Provider.executeTestSet(JUnit4Provider.java:238)
	at org.apache.maven.surefire.junit4.JUnit4Provider.invoke(JUnit4Provider.java:159)
	at org.apache.maven.surefire.booter.ForkedBooter.invokeProviderInSameClassLoader(ForkedBooter.java:384)
	at org.apache.maven.surefire.booter.ForkedBooter.runSuitesInProcess(ForkedBooter.java:345)
	at org.apache.maven.surefire.booter.ForkedBooter.execute(ForkedBooter.java:126)
	at org.apache.maven.surefire.booter.ForkedBooter.main(ForkedBooter.java:418)
2019-10-02 19:50:22,247 [grpc-default-executor-3] WARN  server.GrpcLogAppender (LogUtils.java:warn(134)) - 2973cdd7-bcb7-4fc5-a4ea-f0116652941b@group-EED960C3F371->0da31224-e0a2-4f91-8273-9257d2cc342f-AppendLogResponseHandler: Failed appendEntries: org.apache.ratis.thirdparty.io.grpc.StatusRuntimeException: UNAVAILABLE: io exception
2019-10-02 19:50:22,251 [grpc-default-executor-3] INFO  impl.FollowerInfo (FollowerInfo.java:lambda$new$0(51)) - 2973cdd7-bcb7-4fc5-a4ea-f0116652941b@group-EED960C3F371->0da31224-e0a2-4f91-8273-9257d2cc342f: nextIndex: updateUnconditionally 1 -> 0
]]></system-out>
    <system-err><![CDATA[Oct 02, 2019 7:50:17 PM org.apache.ratis.thirdparty.io.grpc.internal.SerializingExecutor run
SEVERE: Exception while executing runnable org.apache.ratis.thirdparty.io.grpc.internal.ServerImpl$JumpToApplicationThreadServerStreamListener$1Closed@2f7ff454
org.apache.ratis.thirdparty.io.grpc.StatusRuntimeException: CANCELLED: call already cancelled
	at org.apache.ratis.thirdparty.io.grpc.Status.asRuntimeException(Status.java:517)
	at org.apache.ratis.thirdparty.io.grpc.stub.ServerCalls$ServerCallStreamObserverImpl.onCompleted(ServerCalls.java:356)
	at org.apache.ratis.grpc.server.GrpcServerProtocolService$ServerRequestStreamObserver.onError(GrpcServerProtocolService.java:121)
	at org.apache.ratis.thirdparty.io.grpc.stub.ServerCalls$StreamingServerCallHandler$StreamingServerCallListener.onCancel(ServerCalls.java:269)
	at org.apache.ratis.thirdparty.io.grpc.internal.ServerCallImpl$ServerStreamListenerImpl.closed(ServerCallImpl.java:293)
	at org.apache.ratis.thirdparty.io.grpc.internal.ServerImpl$JumpToApplicationThreadServerStreamListener$1Closed.runInContext(ServerImpl.java:741)
	at org.apache.ratis.thirdparty.io.grpc.internal.ContextRunnable.run(ContextRunnable.java:37)
	at org.apache.ratis.thirdparty.io.grpc.internal.SerializingExecutor.run(SerializingExecutor.java:123)
	at java.util.concurrent.ThreadPoolExecutor.runWorker(ThreadPoolExecutor.java:1149)
	at java.util.concurrent.ThreadPoolExecutor$Worker.run(ThreadPoolExecutor.java:624)
	at java.lang.Thread.run(Thread.java:748)

]]></system-err>
  </testcase>
</testsuite>