<?xml version="1.0" encoding="UTF-8"?>
<testsuite xmlns:xsi="http://www.w3.org/2001/XMLSchema-instance" xsi:noNamespaceSchemaLocation="https://maven.apache.org/surefire/maven-surefire-plugin/xsd/surefire-test-report.xsd" name="org.apache.hadoop.ozone.client.rpc.TestWatchForCommit" time="243.315" tests="5" errors="1" skipped="0" failures="1">
  <properties>
    <property name="awt.toolkit" value="sun.awt.X11.XToolkit"/>
    <property name="file.encoding.pkg" value="sun.io"/>
    <property name="java.specification.version" value="1.8"/>
    <property name="sun.cpu.isalist" value=""/>
    <property name="sun.jnu.encoding" value="UTF-8"/>
    <property name="java.class.path" value="/workdir/hadoop-ozone/integration-test/target/test-classes:/workdir/hadoop-ozone/integration-test/target/classes:/home/user/.m2/repository/org/apache/hadoop/hadoop-ozone-common/0.5.0-SNAPSHOT/hadoop-ozone-common-0.5.0-SNAPSHOT.jar:/home/user/.m2/repository/org/apache/commons/commons-compress/1.4.1/commons-compress-1.4.1.jar:/home/user/.m2/repository/org/tukaani/xz/1.0/xz-1.0.jar:/home/user/.m2/repository/org/apache/hadoop/hadoop-common/3.2.0/hadoop-common-3.2.0.jar:/home/user/.m2/repository/org/apache/hadoop/hadoop-hdfs/3.2.0/hadoop-hdfs-3.2.0.jar:/home/user/.m2/repository/org/apache/hadoop/hadoop-hdfs-client/3.2.0/hadoop-hdfs-client-3.2.0.jar:/home/user/.m2/repository/com/fasterxml/jackson/core/jackson-annotations/2.9.9/jackson-annotations-2.9.9.jar:/home/user/.m2/repository/org/apache/hadoop/hadoop-hdds-common/0.5.0-SNAPSHOT/hadoop-hdds-common-0.5.0-SNAPSHOT.jar:/home/user/.m2/repository/javax/annotation/javax.annotation-api/1.2/javax.annotation-api-1.2.jar:/home/user/.m2/repository/org/apache/ratis/ratis-server/0.5.0-201fc85-SNAPSHOT/ratis-server-0.5.0-201fc85-SNAPSHOT.jar:/home/user/.m2/repository/org/apache/ratis/ratis-thirdparty-misc/0.2.0/ratis-thirdparty-misc-0.2.0.jar:/home/user/.m2/repository/org/apache/ratis/ratis-proto/0.5.0-201fc85-SNAPSHOT/ratis-proto-0.5.0-201fc85-SNAPSHOT.jar:/home/user/.m2/repository/org/apache/ratis/ratis-common/0.5.0-201fc85-SNAPSHOT/ratis-common-0.5.0-201fc85-SNAPSHOT.jar:/home/user/.m2/repository/org/apache/ratis/ratis-client/0.5.0-201fc85-SNAPSHOT/ratis-client-0.5.0-201fc85-SNAPSHOT.jar:/home/user/.m2/repository/org/apache/ratis/ratis-metrics/0.5.0-201fc85-SNAPSHOT/ratis-metrics-0.5.0-201fc85-SNAPSHOT.jar:/home/user/.m2/repository/com/github/joshelser/dropwizard-metrics-hadoop-metrics2-reporter/0.1.2/dropwizard-metrics-hadoop-metrics2-reporter-0.1.2.jar:/home/user/.m2/repository/io/dropwizard/metrics/metrics-jvm/3.2.5/metrics-jvm-3.2.5.jar:/home/user/.m2/repository/io/dropwizard/metrics/metrics-ganglia/3.2.5/metrics-ganglia-3.2.5.jar:/home/user/.m2/repository/info/ganglia/gmetric4j/gmetric4j/1.0.7/gmetric4j-1.0.7.jar:/home/user/.m2/repository/org/apache/ratis/ratis-netty/0.5.0-201fc85-SNAPSHOT/ratis-netty-0.5.0-201fc85-SNAPSHOT.jar:/home/user/.m2/repository/org/apache/ratis/ratis-grpc/0.5.0-201fc85-SNAPSHOT/ratis-grpc-0.5.0-201fc85-SNAPSHOT.jar:/home/user/.m2/repository/org/rocksdb/rocksdbjni/6.0.1/rocksdbjni-6.0.1.jar:/home/user/.m2/repository/org/apache/logging/log4j/log4j-api/2.11.0/log4j-api-2.11.0.jar:/home/user/.m2/repository/org/apache/logging/log4j/log4j-core/2.11.0/log4j-core-2.11.0.jar:/home/user/.m2/repository/com/lmax/disruptor/3.4.2/disruptor-3.4.2.jar:/home/user/.m2/repository/org/apache/commons/commons-pool2/2.6.0/commons-pool2-2.6.0.jar:/home/user/.m2/repository/org/bouncycastle/bcpkix-jdk15on/1.60/bcpkix-jdk15on-1.60.jar:/home/user/.m2/repository/commons-validator/commons-validator/1.6/commons-validator-1.6.jar:/home/user/.m2/repository/commons-digester/commons-digester/1.8.1/commons-digester-1.8.1.jar:/home/user/.m2/repository/io/jaegertracing/jaeger-client/0.34.0/jaeger-client-0.34.0.jar:/home/user/.m2/repository/io/jaegertracing/jaeger-thrift/0.34.0/jaeger-thrift-0.34.0.jar:/home/user/.m2/repository/org/apache/thrift/libthrift/0.12.0/libthrift-0.12.0.jar:/home/user/.m2/repository/com/squareup/okhttp3/okhttp/3.9.0/okhttp-3.9.0.jar:/home/user/.m2/repository/com/squareup/okio/okio/1.13.0/okio-1.13.0.jar:/home/user/.m2/repository/io/jaegertracing/jaeger-core/0.34.0/jaeger-core-0.34.0.jar:/home/user/.m2/repository/io/jaegertracing/jaeger-tracerresolver/0.34.0/jaeger-tracerresolver-0.34.0.jar:/home/user/.m2/repository/io/opentracing/contrib/opentracing-tracerresolver/0.1.5/opentracing-tracerresolver-0.1.5.jar:/home/user/.m2/repository/io/opentracing/opentracing-util/0.31.0/opentracing-util-0.31.0.jar:/home/user/.m2/repository/io/opentracing/opentracing-api/0.31.0/opentracing-api-0.31.0.jar:/home/user/.m2/repository/io/opentracing/opentracing-noop/0.31.0/opentracing-noop-0.31.0.jar:/home/user/.m2/repository/org/apache/hadoop/hadoop-hdds-server-framework/0.5.0-SNAPSHOT/hadoop-hdds-server-framework-0.5.0-SNAPSHOT.jar:/home/user/.m2/repository/org/apache/hadoop/hadoop-hdds-container-service/0.5.0-SNAPSHOT/hadoop-hdds-container-service-0.5.0-SNAPSHOT.jar:/home/user/.m2/repository/org/apache/hadoop/hadoop-hdds-client/0.5.0-SNAPSHOT/hadoop-hdds-client-0.5.0-SNAPSHOT.jar:/home/user/.m2/repository/org/apache/hadoop/hadoop-hdds-tools/0.5.0-SNAPSHOT/hadoop-hdds-tools-0.5.0-SNAPSHOT.jar:/home/user/.m2/repository/org/apache/hadoop/hadoop-hdds-server-scm/0.5.0-SNAPSHOT/hadoop-hdds-server-scm-0.5.0-SNAPSHOT.jar:/home/user/.m2/repository/org/apache/hadoop/hadoop-hdds-docs/0.5.0-SNAPSHOT/hadoop-hdds-docs-0.5.0-SNAPSHOT.jar:/home/user/.m2/repository/io/dropwizard/metrics/metrics-core/3.2.4/metrics-core-3.2.4.jar:/home/user/.m2/repository/org/hamcrest/hamcrest-all/1.3/hamcrest-all-1.3.jar:/home/user/.m2/repository/org/bouncycastle/bcprov-jdk15on/1.60/bcprov-jdk15on-1.60.jar:/home/user/.m2/repository/info/picocli/picocli/3.9.6/picocli-3.9.6.jar:/home/user/.m2/repository/com/google/protobuf/protobuf-java/2.5.0/protobuf-java-2.5.0.jar:/home/user/.m2/repository/com/google/guava/guava/11.0.2/guava-11.0.2.jar:/home/user/.m2/repository/org/apache/hadoop/hadoop-ozone-ozone-manager/0.5.0-SNAPSHOT/hadoop-ozone-ozone-manager-0.5.0-SNAPSHOT.jar:/home/user/.m2/repository/org/apache/hadoop/hadoop-minikdc/3.2.0/hadoop-minikdc-3.2.0.jar:/home/user/.m2/repository/commons-io/commons-io/2.5/commons-io-2.5.jar:/home/user/.m2/repository/org/apache/kerby/kerb-simplekdc/1.0.1/kerb-simplekdc-1.0.1.jar:/home/user/.m2/repository/org/apache/kerby/kerb-client/1.0.1/kerb-client-1.0.1.jar:/home/user/.m2/repository/org/apache/kerby/kerby-config/1.0.1/kerby-config-1.0.1.jar:/home/user/.m2/repository/org/apache/kerby/kerb-core/1.0.1/kerb-core-1.0.1.jar:/home/user/.m2/repository/org/apache/kerby/kerby-pkix/1.0.1/kerby-pkix-1.0.1.jar:/home/user/.m2/repository/org/apache/kerby/kerby-asn1/1.0.1/kerby-asn1-1.0.1.jar:/home/user/.m2/repository/org/apache/kerby/kerby-util/1.0.1/kerby-util-1.0.1.jar:/home/user/.m2/repository/org/apache/kerby/kerb-common/1.0.1/kerb-common-1.0.1.jar:/home/user/.m2/repository/org/apache/kerby/kerb-crypto/1.0.1/kerb-crypto-1.0.1.jar:/home/user/.m2/repository/org/apache/kerby/kerb-util/1.0.1/kerb-util-1.0.1.jar:/home/user/.m2/repository/org/apache/kerby/token-provider/1.0.1/token-provider-1.0.1.jar:/home/user/.m2/repository/org/apache/kerby/kerb-admin/1.0.1/kerb-admin-1.0.1.jar:/home/user/.m2/repository/org/apache/kerby/kerb-server/1.0.1/kerb-server-1.0.1.jar:/home/user/.m2/repository/org/apache/kerby/kerb-identity/1.0.1/kerb-identity-1.0.1.jar:/home/user/.m2/repository/org/apache/kerby/kerby-xdr/1.0.1/kerby-xdr-1.0.1.jar:/home/user/.m2/repository/org/slf4j/slf4j-log4j12/1.7.25/slf4j-log4j12-1.7.25.jar:/home/user/.m2/repository/org/apache/hadoop/hadoop-ozone-s3gateway/0.5.0-SNAPSHOT/hadoop-ozone-s3gateway-0.5.0-SNAPSHOT.jar:/home/user/.m2/repository/org/jboss/weld/servlet/weld-servlet/2.4.7.Final/weld-servlet-2.4.7.Final.jar:/home/user/.m2/repository/org/glassfish/jersey/containers/jersey-container-servlet-core/2.27/jersey-container-servlet-core-2.27.jar:/home/user/.m2/repository/org/glassfish/hk2/external/javax.inject/2.5.0-b42/javax.inject-2.5.0-b42.jar:/home/user/.m2/repository/org/glassfish/jersey/core/jersey-common/2.27/jersey-common-2.27.jar:/home/user/.m2/repository/org/glassfish/hk2/osgi-resource-locator/1.0.1/osgi-resource-locator-1.0.1.jar:/home/user/.m2/repository/javax/ws/rs/javax.ws.rs-api/2.1/javax.ws.rs-api-2.1.jar:/home/user/.m2/repository/org/glassfish/jersey/ext/cdi/jersey-cdi1x/2.27/jersey-cdi1x-2.27.jar:/home/user/.m2/repository/org/glassfish/jersey/inject/jersey-hk2/2.27/jersey-hk2-2.27.jar:/home/user/.m2/repository/org/glassfish/hk2/hk2-locator/2.5.0-b42/hk2-locator-2.5.0-b42.jar:/home/user/.m2/repository/org/javassist/javassist/3.22.0-CR2/javassist-3.22.0-CR2.jar:/home/user/.m2/repository/org/glassfish/hk2/hk2-api/2.5.0/hk2-api-2.5.0.jar:/home/user/.m2/repository/org/glassfish/hk2/external/jakarta.inject/2.5.0/jakarta.inject-2.5.0.jar:/home/user/.m2/repository/org/glassfish/hk2/hk2-utils/2.5.0/hk2-utils-2.5.0.jar:/home/user/.m2/repository/jakarta/annotation/jakarta.annotation-api/1.3.4/jakarta.annotation-api-1.3.4.jar:/home/user/.m2/repository/org/glassfish/hk2/external/aopalliance-repackaged/2.5.0/aopalliance-repackaged-2.5.0.jar:/home/user/.m2/repository/com/fasterxml/jackson/dataformat/jackson-dataformat-xml/2.9.0/jackson-dataformat-xml-2.9.0.jar:/home/user/.m2/repository/com/fasterxml/jackson/core/jackson-core/2.9.9/jackson-core-2.9.9.jar:/home/user/.m2/repository/com/fasterxml/jackson/module/jackson-module-jaxb-annotations/2.9.9/jackson-module-jaxb-annotations-2.9.9.jar:/home/user/.m2/repository/javax/enterprise/cdi-api/1.2/cdi-api-1.2.jar:/home/user/.m2/repository/javax/el/javax.el-api/3.0.0/javax.el-api-3.0.0.jar:/home/user/.m2/repository/javax/interceptor/javax.interceptor-api/1.2/javax.interceptor-api-1.2.jar:/home/user/.m2/repository/javax/inject/javax.inject/1/javax.inject-1.jar:/home/user/.m2/repository/com/sun/xml/bind/jaxb-impl/2.3.0.1/jaxb-impl-2.3.0.1.jar:/home/user/.m2/repository/com/sun/xml/bind/jaxb-core/2.3.0.1/jaxb-core-2.3.0.1.jar:/home/user/.m2/repository/javax/xml/bind/jaxb-api/2.3.0/jaxb-api-2.3.0.jar:/home/user/.m2/repository/javax/activation/activation/1.1.1/activation-1.1.1.jar:/home/user/.m2/repository/org/apache/hadoop/hadoop-ozone-csi/0.5.0-SNAPSHOT/hadoop-ozone-csi-0.5.0-SNAPSHOT.jar:/home/user/.m2/repository/com/google/protobuf/protobuf-java-util/3.5.1/protobuf-java-util-3.5.1.jar:/home/user/.m2/repository/org/apache/hadoop/hadoop-hdds-config/0.5.0-SNAPSHOT/hadoop-hdds-config-0.5.0-SNAPSHOT.jar:/home/user/.m2/repository/io/grpc/grpc-netty/1.17.1/grpc-netty-1.17.1.jar:/home/user/.m2/repository/io/grpc/grpc-core/1.17.1/grpc-core-1.17.1.jar:/home/user/.m2/repository/io/grpc/grpc-context/1.17.1/grpc-context-1.17.1.jar:/home/user/.m2/repository/com/google/errorprone/error_prone_annotations/2.2.0/error_prone_annotations-2.2.0.jar:/home/user/.m2/repository/org/codehaus/mojo/animal-sniffer-annotations/1.17/animal-sniffer-annotations-1.17.jar:/home/user/.m2/repository/io/opencensus/opencensus-api/0.17.0/opencensus-api-0.17.0.jar:/home/user/.m2/repository/io/opencensus/opencensus-contrib-grpc-metrics/0.17.0/opencensus-contrib-grpc-metrics-0.17.0.jar:/home/user/.m2/repository/io/netty/netty-codec-http2/4.1.30.Final/netty-codec-http2-4.1.30.Final.jar:/home/user/.m2/repository/io/netty/netty-codec-http/4.1.30.Final/netty-codec-http-4.1.30.Final.jar:/home/user/.m2/repository/io/netty/netty-codec/4.1.30.Final/netty-codec-4.1.30.Final.jar:/home/user/.m2/repository/io/netty/netty-handler/4.1.30.Final/netty-handler-4.1.30.Final.jar:/home/user/.m2/repository/io/netty/netty-handler-proxy/4.1.30.Final/netty-handler-proxy-4.1.30.Final.jar:/home/user/.m2/repository/io/netty/netty-codec-socks/4.1.30.Final/netty-codec-socks-4.1.30.Final.jar:/home/user/.m2/repository/io/netty/netty-transport-native-epoll/4.1.30.Final/netty-transport-native-epoll-4.1.30.Final.jar:/home/user/.m2/repository/io/netty/netty-common/4.1.30.Final/netty-common-4.1.30.Final.jar:/home/user/.m2/repository/io/netty/netty-buffer/4.1.30.Final/netty-buffer-4.1.30.Final.jar:/home/user/.m2/repository/io/netty/netty-transport/4.1.30.Final/netty-transport-4.1.30.Final.jar:/home/user/.m2/repository/io/netty/netty-resolver/4.1.30.Final/netty-resolver-4.1.30.Final.jar:/home/user/.m2/repository/io/netty/netty-transport-native-unix-common/4.1.30.Final/netty-transport-native-unix-common-4.1.30.Final.jar:/home/user/.m2/repository/io/grpc/grpc-protobuf/1.17.1/grpc-protobuf-1.17.1.jar:/home/user/.m2/repository/com/google/api/grpc/proto-google-common-protos/1.0.0/proto-google-common-protos-1.0.0.jar:/home/user/.m2/repository/io/grpc/grpc-protobuf-lite/1.17.1/grpc-protobuf-lite-1.17.1.jar:/home/user/.m2/repository/io/grpc/grpc-stub/1.17.1/grpc-stub-1.17.1.jar:/home/user/.m2/repository/org/apache/hadoop/hadoop-ozone-recon/0.5.0-SNAPSHOT/hadoop-ozone-recon-0.5.0-SNAPSHOT.jar:/home/user/.m2/repository/org/apache/hadoop/hadoop-ozone-reconcodegen/0.5.0-SNAPSHOT/hadoop-ozone-reconcodegen-0.5.0-SNAPSHOT.jar:/home/user/.m2/repository/com/google/inject/extensions/guice-multibindings/4.0/guice-multibindings-4.0.jar:/home/user/.m2/repository/com/google/inject/guice/4.0/guice-4.0.jar:/home/user/.m2/repository/aopalliance/aopalliance/1.0/aopalliance-1.0.jar:/home/user/.m2/repository/com/google/inject/extensions/guice-servlet/4.0/guice-servlet-4.0.jar:/home/user/.m2/repository/org/glassfish/jersey/containers/jersey-container-servlet/2.27/jersey-container-servlet-2.27.jar:/home/user/.m2/repository/org/glassfish/hk2/guice-bridge/2.5.0/guice-bridge-2.5.0.jar:/home/user/.m2/repository/org/glassfish/jersey/core/jersey-server/2.27/jersey-server-2.27.jar:/home/user/.m2/repository/org/glassfish/jersey/core/jersey-client/2.27/jersey-client-2.27.jar:/home/user/.m2/repository/org/glassfish/jersey/media/jersey-media-jaxb/2.27/jersey-media-jaxb-2.27.jar:/home/user/.m2/repository/javax/validation/validation-api/1.1.0.Final/validation-api-1.1.0.Final.jar:/home/user/.m2/repository/org/glassfish/jersey/media/jersey-media-json-jackson/2.27/jersey-media-json-jackson-2.27.jar:/home/user/.m2/repository/org/glassfish/jersey/ext/jersey-entity-filtering/2.27/jersey-entity-filtering-2.27.jar:/home/user/.m2/repository/com/google/inject/extensions/guice-assistedinject/4.0/guice-assistedinject-4.0.jar:/home/user/.m2/repository/org/jooq/jooq/3.11.10/jooq-3.11.10.jar:/home/user/.m2/repository/org/jooq/jooq-meta/3.11.10/jooq-meta-3.11.10.jar:/home/user/.m2/repository/org/jooq/jooq-codegen/3.11.10/jooq-codegen-3.11.10.jar:/home/user/.m2/repository/com/jolbox/bonecp/0.8.0.RELEASE/bonecp-0.8.0.RELEASE.jar:/home/user/.m2/repository/org/xerial/sqlite-jdbc/3.25.2/sqlite-jdbc-3.25.2.jar:/home/user/.m2/repository/org/springframework/spring-jdbc/5.1.3.RELEASE/spring-jdbc-5.1.3.RELEASE.jar:/home/user/.m2/repository/org/springframework/spring-beans/5.1.3.RELEASE/spring-beans-5.1.3.RELEASE.jar:/home/user/.m2/repository/org/springframework/spring-core/5.1.3.RELEASE/spring-core-5.1.3.RELEASE.jar:/home/user/.m2/repository/org/springframework/spring-jcl/5.1.3.RELEASE/spring-jcl-5.1.3.RELEASE.jar:/home/user/.m2/repository/org/springframework/spring-tx/5.1.3.RELEASE/spring-tx-5.1.3.RELEASE.jar:/home/user/.m2/repository/org/apache/hadoop/hadoop-ozone-client/0.5.0-SNAPSHOT/hadoop-ozone-client-0.5.0-SNAPSHOT.jar:/home/user/.m2/repository/commons-lang/commons-lang/2.6/commons-lang-2.6.jar:/home/user/.m2/repository/org/apache/hadoop/hadoop-ozone-ozone-manager/0.5.0-SNAPSHOT/hadoop-ozone-ozone-manager-0.5.0-SNAPSHOT-tests.jar:/home/user/.m2/repository/junit/junit/4.11/junit-4.11.jar:/home/user/.m2/repository/org/hamcrest/hamcrest-core/1.3/hamcrest-core-1.3.jar:/home/user/.m2/repository/org/openjdk/jmh/jmh-core/1.19/jmh-core-1.19.jar:/home/user/.m2/repository/net/sf/jopt-simple/jopt-simple/4.6/jopt-simple-4.6.jar:/home/user/.m2/repository/org/apache/commons/commons-math3/3.1.1/commons-math3-3.1.1.jar:/home/user/.m2/repository/org/openjdk/jmh/jmh-generator-annprocess/1.19/jmh-generator-annprocess-1.19.jar:/home/user/.m2/repository/org/mockito/mockito-all/1.8.5/mockito-all-1.8.5.jar:/home/user/.m2/repository/org/apache/hadoop/hadoop-kms/3.2.0/hadoop-kms-3.2.0.jar:/home/user/.m2/repository/org/apache/hadoop/hadoop-auth/3.2.0/hadoop-auth-3.2.0.jar:/home/user/.m2/repository/com/nimbusds/nimbus-jose-jwt/4.41.1/nimbus-jose-jwt-4.41.1.jar:/home/user/.m2/repository/com/github/stephenc/jcip/jcip-annotations/1.0-1/jcip-annotations-1.0-1.jar:/home/user/.m2/repository/net/minidev/json-smart/2.3/json-smart-2.3.jar:/home/user/.m2/repository/net/minidev/accessors-smart/1.2/accessors-smart-1.2.jar:/home/user/.m2/repository/org/ow2/asm/asm/5.0.4/asm-5.0.4.jar:/home/user/.m2/repository/org/apache/curator/curator-framework/2.12.0/curator-framework-2.12.0.jar:/home/user/.m2/repository/com/sun/jersey/jersey-core/1.19/jersey-core-1.19.jar:/home/user/.m2/repository/javax/ws/rs/jsr311-api/1.1.1/jsr311-api-1.1.1.jar:/home/user/.m2/repository/com/sun/jersey/jersey-server/1.19/jersey-server-1.19.jar:/home/user/.m2/repository/javax/servlet/javax.servlet-api/3.1.0/javax.servlet-api-3.1.0.jar:/home/user/.m2/repository/org/eclipse/jetty/jetty-server/9.3.25.v20180904/jetty-server-9.3.25.v20180904.jar:/home/user/.m2/repository/org/eclipse/jetty/jetty-http/9.3.25.v20180904/jetty-http-9.3.25.v20180904.jar:/home/user/.m2/repository/org/eclipse/jetty/jetty-io/9.3.25.v20180904/jetty-io-9.3.25.v20180904.jar:/home/user/.m2/repository/org/eclipse/jetty/jetty-webapp/9.3.25.v20180904/jetty-webapp-9.3.25.v20180904.jar:/home/user/.m2/repository/org/eclipse/jetty/jetty-xml/9.3.25.v20180904/jetty-xml-9.3.25.v20180904.jar:/home/user/.m2/repository/log4j/log4j/1.2.17/log4j-1.2.17.jar:/home/user/.m2/repository/org/slf4j/slf4j-api/1.7.25/slf4j-api-1.7.25.jar:/home/user/.m2/repository/org/slf4j/jul-to-slf4j/1.7.25/jul-to-slf4j-1.7.25.jar:/home/user/.m2/repository/org/eclipse/jetty/jetty-util/9.3.25.v20180904/jetty-util-9.3.25.v20180904.jar:/home/user/.m2/repository/com/fasterxml/jackson/core/jackson-databind/2.9.9/jackson-databind-2.9.9.jar:/home/user/.m2/repository/org/apache/hadoop/hadoop-kms/3.2.0/hadoop-kms-3.2.0-tests.jar:/home/user/.m2/repository/org/apache/hadoop/hadoop-hdds-server-scm/0.5.0-SNAPSHOT/hadoop-hdds-server-scm-0.5.0-SNAPSHOT-tests.jar:/home/user/.m2/repository/org/apache/hadoop/hadoop-hdds-container-service/0.5.0-SNAPSHOT/hadoop-hdds-container-service-0.5.0-SNAPSHOT-tests.jar:/home/user/.m2/repository/org/yaml/snakeyaml/1.16/snakeyaml-1.16.jar:/home/user/.m2/repository/org/apache/hadoop/hadoop-common/3.2.0/hadoop-common-3.2.0-tests.jar:/home/user/.m2/repository/org/apache/hadoop/hadoop-annotations/3.2.0/hadoop-annotations-3.2.0.jar:/usr/lib/jvm/java-1.8-openjdk/jre/../lib/tools.jar:/home/user/.m2/repository/commons-cli/commons-cli/1.2/commons-cli-1.2.jar:/home/user/.m2/repository/org/apache/httpcomponents/httpclient/4.5.2/httpclient-4.5.2.jar:/home/user/.m2/repository/org/apache/httpcomponents/httpcore/4.4.4/httpcore-4.4.4.jar:/home/user/.m2/repository/commons-codec/commons-codec/1.11/commons-codec-1.11.jar:/home/user/.m2/repository/commons-net/commons-net/3.6/commons-net-3.6.jar:/home/user/.m2/repository/commons-collections/commons-collections/3.2.2/commons-collections-3.2.2.jar:/home/user/.m2/repository/org/eclipse/jetty/jetty-servlet/9.3.25.v20180904/jetty-servlet-9.3.25.v20180904.jar:/home/user/.m2/repository/org/eclipse/jetty/jetty-security/9.3.25.v20180904/jetty-security-9.3.25.v20180904.jar:/home/user/.m2/repository/javax/servlet/jsp/jsp-api/2.1/jsp-api-2.1.jar:/home/user/.m2/repository/com/sun/jersey/jersey-servlet/1.19/jersey-servlet-1.19.jar:/home/user/.m2/repository/com/sun/jersey/jersey-json/1.19/jersey-json-1.19.jar:/home/user/.m2/repository/org/codehaus/jettison/jettison/1.1/jettison-1.1.jar:/home/user/.m2/repository/org/codehaus/jackson/jackson-core-asl/1.9.13/jackson-core-asl-1.9.13.jar:/home/user/.m2/repository/org/codehaus/jackson/jackson-mapper-asl/1.9.13/jackson-mapper-asl-1.9.13.jar:/home/user/.m2/repository/org/codehaus/jackson/jackson-jaxrs/1.9.13/jackson-jaxrs-1.9.13.jar:/home/user/.m2/repository/org/codehaus/jackson/jackson-xc/1.9.13/jackson-xc-1.9.13.jar:/home/user/.m2/repository/commons-logging/commons-logging/1.1.3/commons-logging-1.1.3.jar:/home/user/.m2/repository/commons-beanutils/commons-beanutils/1.9.4/commons-beanutils-1.9.4.jar:/home/user/.m2/repository/org/apache/commons/commons-configuration2/2.1.1/commons-configuration2-2.1.1.jar:/home/user/.m2/repository/org/apache/commons/commons-lang3/3.7/commons-lang3-3.7.jar:/home/user/.m2/repository/org/apache/commons/commons-text/1.4/commons-text-1.4.jar:/home/user/.m2/repository/org/apache/avro/avro/1.7.7/avro-1.7.7.jar:/home/user/.m2/repository/com/thoughtworks/paranamer/paranamer/2.3/paranamer-2.3.jar:/home/user/.m2/repository/org/xerial/snappy/snappy-java/1.0.5/snappy-java-1.0.5.jar:/home/user/.m2/repository/com/google/re2j/re2j/1.1/re2j-1.1.jar:/home/user/.m2/repository/com/google/code/gson/gson/2.2.4/gson-2.2.4.jar:/home/user/.m2/repository/com/jcraft/jsch/0.1.54/jsch-0.1.54.jar:/home/user/.m2/repository/org/apache/curator/curator-client/2.12.0/curator-client-2.12.0.jar:/home/user/.m2/repository/org/apache/curator/curator-recipes/2.12.0/curator-recipes-2.12.0.jar:/home/user/.m2/repository/com/google/code/findbugs/jsr305/3.0.0/jsr305-3.0.0.jar:/home/user/.m2/repository/org/apache/htrace/htrace-core4/4.1.0-incubating/htrace-core4-4.1.0-incubating.jar:/home/user/.m2/repository/org/apache/zookeeper/zookeeper/3.4.13/zookeeper-3.4.13.jar:/home/user/.m2/repository/jline/jline/0.9.94/jline-0.9.94.jar:/home/user/.m2/repository/org/apache/yetus/audience-annotations/0.5.0/audience-annotations-0.5.0.jar:/home/user/.m2/repository/org/codehaus/woodstox/stax2-api/3.1.4/stax2-api-3.1.4.jar:/home/user/.m2/repository/com/fasterxml/woodstox/woodstox-core/5.0.3/woodstox-core-5.0.3.jar:/home/user/.m2/repository/dnsjava/dnsjava/2.1.7/dnsjava-2.1.7.jar:/home/user/.m2/repository/org/apache/hadoop/hadoop-hdfs/3.2.0/hadoop-hdfs-3.2.0-tests.jar:/home/user/.m2/repository/org/eclipse/jetty/jetty-util-ajax/9.3.25.v20180904/jetty-util-ajax-9.3.25.v20180904.jar:/home/user/.m2/repository/commons-daemon/commons-daemon/1.0.13/commons-daemon-1.0.13.jar:/home/user/.m2/repository/io/netty/netty/3.10.5.Final/netty-3.10.5.Final.jar:/home/user/.m2/repository/io/netty/netty-all/4.0.52.Final/netty-all-4.0.52.Final.jar:/home/user/.m2/repository/org/fusesource/leveldbjni/leveldbjni-all/1.8/leveldbjni-all-1.8.jar:"/>
    <property name="java.vm.vendor" value="IcedTea"/>
    <property name="sun.arch.data.model" value="64"/>
    <property name="test.build.dir" value="/workdir/hadoop-ozone/integration-test/target/test-dir"/>
    <property name="test.cache.data" value=""/>
    <property name="java.vendor.url" value="https://icedtea.classpath.org"/>
    <property name="user.timezone" value=""/>
    <property name="java.vm.specification.version" value="1.8"/>
    <property name="os.name" value="Linux"/>
    <property name="test.build.data" value="/workdir/hadoop-ozone/integration-test/target/test-dir"/>
    <property name="user.country" value="US"/>
    <property name="sun.java.launcher" value="SUN_STANDARD"/>
    <property name="sun.boot.library.path" value="/usr/lib/jvm/java-1.8-openjdk/jre/lib/amd64"/>
    <property name="sun.java.command" value="/workdir/hadoop-ozone/integration-test/target/surefire/surefirebooter1439332249498094211.jar /workdir/hadoop-ozone/integration-test/target/surefire 2019-10-14T23-56-17_285-jvmRun1 surefire6276984863570744107tmp surefire_62122069102512379587tmp"/>
    <property name="test" value="!TestMiniChaosOzoneCluster"/>
    <property name="surefire.test.class.path" value="/workdir/hadoop-ozone/integration-test/target/test-classes:/workdir/hadoop-ozone/integration-test/target/classes:/home/user/.m2/repository/org/apache/hadoop/hadoop-ozone-common/0.5.0-SNAPSHOT/hadoop-ozone-common-0.5.0-SNAPSHOT.jar:/home/user/.m2/repository/org/apache/commons/commons-compress/1.4.1/commons-compress-1.4.1.jar:/home/user/.m2/repository/org/tukaani/xz/1.0/xz-1.0.jar:/home/user/.m2/repository/org/apache/hadoop/hadoop-common/3.2.0/hadoop-common-3.2.0.jar:/home/user/.m2/repository/org/apache/hadoop/hadoop-hdfs/3.2.0/hadoop-hdfs-3.2.0.jar:/home/user/.m2/repository/org/apache/hadoop/hadoop-hdfs-client/3.2.0/hadoop-hdfs-client-3.2.0.jar:/home/user/.m2/repository/com/fasterxml/jackson/core/jackson-annotations/2.9.9/jackson-annotations-2.9.9.jar:/home/user/.m2/repository/org/apache/hadoop/hadoop-hdds-common/0.5.0-SNAPSHOT/hadoop-hdds-common-0.5.0-SNAPSHOT.jar:/home/user/.m2/repository/javax/annotation/javax.annotation-api/1.2/javax.annotation-api-1.2.jar:/home/user/.m2/repository/org/apache/ratis/ratis-server/0.5.0-201fc85-SNAPSHOT/ratis-server-0.5.0-201fc85-SNAPSHOT.jar:/home/user/.m2/repository/org/apache/ratis/ratis-thirdparty-misc/0.2.0/ratis-thirdparty-misc-0.2.0.jar:/home/user/.m2/repository/org/apache/ratis/ratis-proto/0.5.0-201fc85-SNAPSHOT/ratis-proto-0.5.0-201fc85-SNAPSHOT.jar:/home/user/.m2/repository/org/apache/ratis/ratis-common/0.5.0-201fc85-SNAPSHOT/ratis-common-0.5.0-201fc85-SNAPSHOT.jar:/home/user/.m2/repository/org/apache/ratis/ratis-client/0.5.0-201fc85-SNAPSHOT/ratis-client-0.5.0-201fc85-SNAPSHOT.jar:/home/user/.m2/repository/org/apache/ratis/ratis-metrics/0.5.0-201fc85-SNAPSHOT/ratis-metrics-0.5.0-201fc85-SNAPSHOT.jar:/home/user/.m2/repository/com/github/joshelser/dropwizard-metrics-hadoop-metrics2-reporter/0.1.2/dropwizard-metrics-hadoop-metrics2-reporter-0.1.2.jar:/home/user/.m2/repository/io/dropwizard/metrics/metrics-jvm/3.2.5/metrics-jvm-3.2.5.jar:/home/user/.m2/repository/io/dropwizard/metrics/metrics-ganglia/3.2.5/metrics-ganglia-3.2.5.jar:/home/user/.m2/repository/info/ganglia/gmetric4j/gmetric4j/1.0.7/gmetric4j-1.0.7.jar:/home/user/.m2/repository/org/apache/ratis/ratis-netty/0.5.0-201fc85-SNAPSHOT/ratis-netty-0.5.0-201fc85-SNAPSHOT.jar:/home/user/.m2/repository/org/apache/ratis/ratis-grpc/0.5.0-201fc85-SNAPSHOT/ratis-grpc-0.5.0-201fc85-SNAPSHOT.jar:/home/user/.m2/repository/org/rocksdb/rocksdbjni/6.0.1/rocksdbjni-6.0.1.jar:/home/user/.m2/repository/org/apache/logging/log4j/log4j-api/2.11.0/log4j-api-2.11.0.jar:/home/user/.m2/repository/org/apache/logging/log4j/log4j-core/2.11.0/log4j-core-2.11.0.jar:/home/user/.m2/repository/com/lmax/disruptor/3.4.2/disruptor-3.4.2.jar:/home/user/.m2/repository/org/apache/commons/commons-pool2/2.6.0/commons-pool2-2.6.0.jar:/home/user/.m2/repository/org/bouncycastle/bcpkix-jdk15on/1.60/bcpkix-jdk15on-1.60.jar:/home/user/.m2/repository/commons-validator/commons-validator/1.6/commons-validator-1.6.jar:/home/user/.m2/repository/commons-digester/commons-digester/1.8.1/commons-digester-1.8.1.jar:/home/user/.m2/repository/io/jaegertracing/jaeger-client/0.34.0/jaeger-client-0.34.0.jar:/home/user/.m2/repository/io/jaegertracing/jaeger-thrift/0.34.0/jaeger-thrift-0.34.0.jar:/home/user/.m2/repository/org/apache/thrift/libthrift/0.12.0/libthrift-0.12.0.jar:/home/user/.m2/repository/com/squareup/okhttp3/okhttp/3.9.0/okhttp-3.9.0.jar:/home/user/.m2/repository/com/squareup/okio/okio/1.13.0/okio-1.13.0.jar:/home/user/.m2/repository/io/jaegertracing/jaeger-core/0.34.0/jaeger-core-0.34.0.jar:/home/user/.m2/repository/io/jaegertracing/jaeger-tracerresolver/0.34.0/jaeger-tracerresolver-0.34.0.jar:/home/user/.m2/repository/io/opentracing/contrib/opentracing-tracerresolver/0.1.5/opentracing-tracerresolver-0.1.5.jar:/home/user/.m2/repository/io/opentracing/opentracing-util/0.31.0/opentracing-util-0.31.0.jar:/home/user/.m2/repository/io/opentracing/opentracing-api/0.31.0/opentracing-api-0.31.0.jar:/home/user/.m2/repository/io/opentracing/opentracing-noop/0.31.0/opentracing-noop-0.31.0.jar:/home/user/.m2/repository/org/apache/hadoop/hadoop-hdds-server-framework/0.5.0-SNAPSHOT/hadoop-hdds-server-framework-0.5.0-SNAPSHOT.jar:/home/user/.m2/repository/org/apache/hadoop/hadoop-hdds-container-service/0.5.0-SNAPSHOT/hadoop-hdds-container-service-0.5.0-SNAPSHOT.jar:/home/user/.m2/repository/org/apache/hadoop/hadoop-hdds-client/0.5.0-SNAPSHOT/hadoop-hdds-client-0.5.0-SNAPSHOT.jar:/home/user/.m2/repository/org/apache/hadoop/hadoop-hdds-tools/0.5.0-SNAPSHOT/hadoop-hdds-tools-0.5.0-SNAPSHOT.jar:/home/user/.m2/repository/org/apache/hadoop/hadoop-hdds-server-scm/0.5.0-SNAPSHOT/hadoop-hdds-server-scm-0.5.0-SNAPSHOT.jar:/home/user/.m2/repository/org/apache/hadoop/hadoop-hdds-docs/0.5.0-SNAPSHOT/hadoop-hdds-docs-0.5.0-SNAPSHOT.jar:/home/user/.m2/repository/io/dropwizard/metrics/metrics-core/3.2.4/metrics-core-3.2.4.jar:/home/user/.m2/repository/org/hamcrest/hamcrest-all/1.3/hamcrest-all-1.3.jar:/home/user/.m2/repository/org/bouncycastle/bcprov-jdk15on/1.60/bcprov-jdk15on-1.60.jar:/home/user/.m2/repository/info/picocli/picocli/3.9.6/picocli-3.9.6.jar:/home/user/.m2/repository/com/google/protobuf/protobuf-java/2.5.0/protobuf-java-2.5.0.jar:/home/user/.m2/repository/com/google/guava/guava/11.0.2/guava-11.0.2.jar:/home/user/.m2/repository/org/apache/hadoop/hadoop-ozone-ozone-manager/0.5.0-SNAPSHOT/hadoop-ozone-ozone-manager-0.5.0-SNAPSHOT.jar:/home/user/.m2/repository/org/apache/hadoop/hadoop-minikdc/3.2.0/hadoop-minikdc-3.2.0.jar:/home/user/.m2/repository/commons-io/commons-io/2.5/commons-io-2.5.jar:/home/user/.m2/repository/org/apache/kerby/kerb-simplekdc/1.0.1/kerb-simplekdc-1.0.1.jar:/home/user/.m2/repository/org/apache/kerby/kerb-client/1.0.1/kerb-client-1.0.1.jar:/home/user/.m2/repository/org/apache/kerby/kerby-config/1.0.1/kerby-config-1.0.1.jar:/home/user/.m2/repository/org/apache/kerby/kerb-core/1.0.1/kerb-core-1.0.1.jar:/home/user/.m2/repository/org/apache/kerby/kerby-pkix/1.0.1/kerby-pkix-1.0.1.jar:/home/user/.m2/repository/org/apache/kerby/kerby-asn1/1.0.1/kerby-asn1-1.0.1.jar:/home/user/.m2/repository/org/apache/kerby/kerby-util/1.0.1/kerby-util-1.0.1.jar:/home/user/.m2/repository/org/apache/kerby/kerb-common/1.0.1/kerb-common-1.0.1.jar:/home/user/.m2/repository/org/apache/kerby/kerb-crypto/1.0.1/kerb-crypto-1.0.1.jar:/home/user/.m2/repository/org/apache/kerby/kerb-util/1.0.1/kerb-util-1.0.1.jar:/home/user/.m2/repository/org/apache/kerby/token-provider/1.0.1/token-provider-1.0.1.jar:/home/user/.m2/repository/org/apache/kerby/kerb-admin/1.0.1/kerb-admin-1.0.1.jar:/home/user/.m2/repository/org/apache/kerby/kerb-server/1.0.1/kerb-server-1.0.1.jar:/home/user/.m2/repository/org/apache/kerby/kerb-identity/1.0.1/kerb-identity-1.0.1.jar:/home/user/.m2/repository/org/apache/kerby/kerby-xdr/1.0.1/kerby-xdr-1.0.1.jar:/home/user/.m2/repository/org/slf4j/slf4j-log4j12/1.7.25/slf4j-log4j12-1.7.25.jar:/home/user/.m2/repository/org/apache/hadoop/hadoop-ozone-s3gateway/0.5.0-SNAPSHOT/hadoop-ozone-s3gateway-0.5.0-SNAPSHOT.jar:/home/user/.m2/repository/org/jboss/weld/servlet/weld-servlet/2.4.7.Final/weld-servlet-2.4.7.Final.jar:/home/user/.m2/repository/org/glassfish/jersey/containers/jersey-container-servlet-core/2.27/jersey-container-servlet-core-2.27.jar:/home/user/.m2/repository/org/glassfish/hk2/external/javax.inject/2.5.0-b42/javax.inject-2.5.0-b42.jar:/home/user/.m2/repository/org/glassfish/jersey/core/jersey-common/2.27/jersey-common-2.27.jar:/home/user/.m2/repository/org/glassfish/hk2/osgi-resource-locator/1.0.1/osgi-resource-locator-1.0.1.jar:/home/user/.m2/repository/javax/ws/rs/javax.ws.rs-api/2.1/javax.ws.rs-api-2.1.jar:/home/user/.m2/repository/org/glassfish/jersey/ext/cdi/jersey-cdi1x/2.27/jersey-cdi1x-2.27.jar:/home/user/.m2/repository/org/glassfish/jersey/inject/jersey-hk2/2.27/jersey-hk2-2.27.jar:/home/user/.m2/repository/org/glassfish/hk2/hk2-locator/2.5.0-b42/hk2-locator-2.5.0-b42.jar:/home/user/.m2/repository/org/javassist/javassist/3.22.0-CR2/javassist-3.22.0-CR2.jar:/home/user/.m2/repository/org/glassfish/hk2/hk2-api/2.5.0/hk2-api-2.5.0.jar:/home/user/.m2/repository/org/glassfish/hk2/external/jakarta.inject/2.5.0/jakarta.inject-2.5.0.jar:/home/user/.m2/repository/org/glassfish/hk2/hk2-utils/2.5.0/hk2-utils-2.5.0.jar:/home/user/.m2/repository/jakarta/annotation/jakarta.annotation-api/1.3.4/jakarta.annotation-api-1.3.4.jar:/home/user/.m2/repository/org/glassfish/hk2/external/aopalliance-repackaged/2.5.0/aopalliance-repackaged-2.5.0.jar:/home/user/.m2/repository/com/fasterxml/jackson/dataformat/jackson-dataformat-xml/2.9.0/jackson-dataformat-xml-2.9.0.jar:/home/user/.m2/repository/com/fasterxml/jackson/core/jackson-core/2.9.9/jackson-core-2.9.9.jar:/home/user/.m2/repository/com/fasterxml/jackson/module/jackson-module-jaxb-annotations/2.9.9/jackson-module-jaxb-annotations-2.9.9.jar:/home/user/.m2/repository/javax/enterprise/cdi-api/1.2/cdi-api-1.2.jar:/home/user/.m2/repository/javax/el/javax.el-api/3.0.0/javax.el-api-3.0.0.jar:/home/user/.m2/repository/javax/interceptor/javax.interceptor-api/1.2/javax.interceptor-api-1.2.jar:/home/user/.m2/repository/javax/inject/javax.inject/1/javax.inject-1.jar:/home/user/.m2/repository/com/sun/xml/bind/jaxb-impl/2.3.0.1/jaxb-impl-2.3.0.1.jar:/home/user/.m2/repository/com/sun/xml/bind/jaxb-core/2.3.0.1/jaxb-core-2.3.0.1.jar:/home/user/.m2/repository/javax/xml/bind/jaxb-api/2.3.0/jaxb-api-2.3.0.jar:/home/user/.m2/repository/javax/activation/activation/1.1.1/activation-1.1.1.jar:/home/user/.m2/repository/org/apache/hadoop/hadoop-ozone-csi/0.5.0-SNAPSHOT/hadoop-ozone-csi-0.5.0-SNAPSHOT.jar:/home/user/.m2/repository/com/google/protobuf/protobuf-java-util/3.5.1/protobuf-java-util-3.5.1.jar:/home/user/.m2/repository/org/apache/hadoop/hadoop-hdds-config/0.5.0-SNAPSHOT/hadoop-hdds-config-0.5.0-SNAPSHOT.jar:/home/user/.m2/repository/io/grpc/grpc-netty/1.17.1/grpc-netty-1.17.1.jar:/home/user/.m2/repository/io/grpc/grpc-core/1.17.1/grpc-core-1.17.1.jar:/home/user/.m2/repository/io/grpc/grpc-context/1.17.1/grpc-context-1.17.1.jar:/home/user/.m2/repository/com/google/errorprone/error_prone_annotations/2.2.0/error_prone_annotations-2.2.0.jar:/home/user/.m2/repository/org/codehaus/mojo/animal-sniffer-annotations/1.17/animal-sniffer-annotations-1.17.jar:/home/user/.m2/repository/io/opencensus/opencensus-api/0.17.0/opencensus-api-0.17.0.jar:/home/user/.m2/repository/io/opencensus/opencensus-contrib-grpc-metrics/0.17.0/opencensus-contrib-grpc-metrics-0.17.0.jar:/home/user/.m2/repository/io/netty/netty-codec-http2/4.1.30.Final/netty-codec-http2-4.1.30.Final.jar:/home/user/.m2/repository/io/netty/netty-codec-http/4.1.30.Final/netty-codec-http-4.1.30.Final.jar:/home/user/.m2/repository/io/netty/netty-codec/4.1.30.Final/netty-codec-4.1.30.Final.jar:/home/user/.m2/repository/io/netty/netty-handler/4.1.30.Final/netty-handler-4.1.30.Final.jar:/home/user/.m2/repository/io/netty/netty-handler-proxy/4.1.30.Final/netty-handler-proxy-4.1.30.Final.jar:/home/user/.m2/repository/io/netty/netty-codec-socks/4.1.30.Final/netty-codec-socks-4.1.30.Final.jar:/home/user/.m2/repository/io/netty/netty-transport-native-epoll/4.1.30.Final/netty-transport-native-epoll-4.1.30.Final.jar:/home/user/.m2/repository/io/netty/netty-common/4.1.30.Final/netty-common-4.1.30.Final.jar:/home/user/.m2/repository/io/netty/netty-buffer/4.1.30.Final/netty-buffer-4.1.30.Final.jar:/home/user/.m2/repository/io/netty/netty-transport/4.1.30.Final/netty-transport-4.1.30.Final.jar:/home/user/.m2/repository/io/netty/netty-resolver/4.1.30.Final/netty-resolver-4.1.30.Final.jar:/home/user/.m2/repository/io/netty/netty-transport-native-unix-common/4.1.30.Final/netty-transport-native-unix-common-4.1.30.Final.jar:/home/user/.m2/repository/io/grpc/grpc-protobuf/1.17.1/grpc-protobuf-1.17.1.jar:/home/user/.m2/repository/com/google/api/grpc/proto-google-common-protos/1.0.0/proto-google-common-protos-1.0.0.jar:/home/user/.m2/repository/io/grpc/grpc-protobuf-lite/1.17.1/grpc-protobuf-lite-1.17.1.jar:/home/user/.m2/repository/io/grpc/grpc-stub/1.17.1/grpc-stub-1.17.1.jar:/home/user/.m2/repository/org/apache/hadoop/hadoop-ozone-recon/0.5.0-SNAPSHOT/hadoop-ozone-recon-0.5.0-SNAPSHOT.jar:/home/user/.m2/repository/org/apache/hadoop/hadoop-ozone-reconcodegen/0.5.0-SNAPSHOT/hadoop-ozone-reconcodegen-0.5.0-SNAPSHOT.jar:/home/user/.m2/repository/com/google/inject/extensions/guice-multibindings/4.0/guice-multibindings-4.0.jar:/home/user/.m2/repository/com/google/inject/guice/4.0/guice-4.0.jar:/home/user/.m2/repository/aopalliance/aopalliance/1.0/aopalliance-1.0.jar:/home/user/.m2/repository/com/google/inject/extensions/guice-servlet/4.0/guice-servlet-4.0.jar:/home/user/.m2/repository/org/glassfish/jersey/containers/jersey-container-servlet/2.27/jersey-container-servlet-2.27.jar:/home/user/.m2/repository/org/glassfish/hk2/guice-bridge/2.5.0/guice-bridge-2.5.0.jar:/home/user/.m2/repository/org/glassfish/jersey/core/jersey-server/2.27/jersey-server-2.27.jar:/home/user/.m2/repository/org/glassfish/jersey/core/jersey-client/2.27/jersey-client-2.27.jar:/home/user/.m2/repository/org/glassfish/jersey/media/jersey-media-jaxb/2.27/jersey-media-jaxb-2.27.jar:/home/user/.m2/repository/javax/validation/validation-api/1.1.0.Final/validation-api-1.1.0.Final.jar:/home/user/.m2/repository/org/glassfish/jersey/media/jersey-media-json-jackson/2.27/jersey-media-json-jackson-2.27.jar:/home/user/.m2/repository/org/glassfish/jersey/ext/jersey-entity-filtering/2.27/jersey-entity-filtering-2.27.jar:/home/user/.m2/repository/com/google/inject/extensions/guice-assistedinject/4.0/guice-assistedinject-4.0.jar:/home/user/.m2/repository/org/jooq/jooq/3.11.10/jooq-3.11.10.jar:/home/user/.m2/repository/org/jooq/jooq-meta/3.11.10/jooq-meta-3.11.10.jar:/home/user/.m2/repository/org/jooq/jooq-codegen/3.11.10/jooq-codegen-3.11.10.jar:/home/user/.m2/repository/com/jolbox/bonecp/0.8.0.RELEASE/bonecp-0.8.0.RELEASE.jar:/home/user/.m2/repository/org/xerial/sqlite-jdbc/3.25.2/sqlite-jdbc-3.25.2.jar:/home/user/.m2/repository/org/springframework/spring-jdbc/5.1.3.RELEASE/spring-jdbc-5.1.3.RELEASE.jar:/home/user/.m2/repository/org/springframework/spring-beans/5.1.3.RELEASE/spring-beans-5.1.3.RELEASE.jar:/home/user/.m2/repository/org/springframework/spring-core/5.1.3.RELEASE/spring-core-5.1.3.RELEASE.jar:/home/user/.m2/repository/org/springframework/spring-jcl/5.1.3.RELEASE/spring-jcl-5.1.3.RELEASE.jar:/home/user/.m2/repository/org/springframework/spring-tx/5.1.3.RELEASE/spring-tx-5.1.3.RELEASE.jar:/home/user/.m2/repository/org/apache/hadoop/hadoop-ozone-client/0.5.0-SNAPSHOT/hadoop-ozone-client-0.5.0-SNAPSHOT.jar:/home/user/.m2/repository/commons-lang/commons-lang/2.6/commons-lang-2.6.jar:/home/user/.m2/repository/org/apache/hadoop/hadoop-ozone-ozone-manager/0.5.0-SNAPSHOT/hadoop-ozone-ozone-manager-0.5.0-SNAPSHOT-tests.jar:/home/user/.m2/repository/junit/junit/4.11/junit-4.11.jar:/home/user/.m2/repository/org/hamcrest/hamcrest-core/1.3/hamcrest-core-1.3.jar:/home/user/.m2/repository/org/openjdk/jmh/jmh-core/1.19/jmh-core-1.19.jar:/home/user/.m2/repository/net/sf/jopt-simple/jopt-simple/4.6/jopt-simple-4.6.jar:/home/user/.m2/repository/org/apache/commons/commons-math3/3.1.1/commons-math3-3.1.1.jar:/home/user/.m2/repository/org/openjdk/jmh/jmh-generator-annprocess/1.19/jmh-generator-annprocess-1.19.jar:/home/user/.m2/repository/org/mockito/mockito-all/1.8.5/mockito-all-1.8.5.jar:/home/user/.m2/repository/org/apache/hadoop/hadoop-kms/3.2.0/hadoop-kms-3.2.0.jar:/home/user/.m2/repository/org/apache/hadoop/hadoop-auth/3.2.0/hadoop-auth-3.2.0.jar:/home/user/.m2/repository/com/nimbusds/nimbus-jose-jwt/4.41.1/nimbus-jose-jwt-4.41.1.jar:/home/user/.m2/repository/com/github/stephenc/jcip/jcip-annotations/1.0-1/jcip-annotations-1.0-1.jar:/home/user/.m2/repository/net/minidev/json-smart/2.3/json-smart-2.3.jar:/home/user/.m2/repository/net/minidev/accessors-smart/1.2/accessors-smart-1.2.jar:/home/user/.m2/repository/org/ow2/asm/asm/5.0.4/asm-5.0.4.jar:/home/user/.m2/repository/org/apache/curator/curator-framework/2.12.0/curator-framework-2.12.0.jar:/home/user/.m2/repository/com/sun/jersey/jersey-core/1.19/jersey-core-1.19.jar:/home/user/.m2/repository/javax/ws/rs/jsr311-api/1.1.1/jsr311-api-1.1.1.jar:/home/user/.m2/repository/com/sun/jersey/jersey-server/1.19/jersey-server-1.19.jar:/home/user/.m2/repository/javax/servlet/javax.servlet-api/3.1.0/javax.servlet-api-3.1.0.jar:/home/user/.m2/repository/org/eclipse/jetty/jetty-server/9.3.25.v20180904/jetty-server-9.3.25.v20180904.jar:/home/user/.m2/repository/org/eclipse/jetty/jetty-http/9.3.25.v20180904/jetty-http-9.3.25.v20180904.jar:/home/user/.m2/repository/org/eclipse/jetty/jetty-io/9.3.25.v20180904/jetty-io-9.3.25.v20180904.jar:/home/user/.m2/repository/org/eclipse/jetty/jetty-webapp/9.3.25.v20180904/jetty-webapp-9.3.25.v20180904.jar:/home/user/.m2/repository/org/eclipse/jetty/jetty-xml/9.3.25.v20180904/jetty-xml-9.3.25.v20180904.jar:/home/user/.m2/repository/log4j/log4j/1.2.17/log4j-1.2.17.jar:/home/user/.m2/repository/org/slf4j/slf4j-api/1.7.25/slf4j-api-1.7.25.jar:/home/user/.m2/repository/org/slf4j/jul-to-slf4j/1.7.25/jul-to-slf4j-1.7.25.jar:/home/user/.m2/repository/org/eclipse/jetty/jetty-util/9.3.25.v20180904/jetty-util-9.3.25.v20180904.jar:/home/user/.m2/repository/com/fasterxml/jackson/core/jackson-databind/2.9.9/jackson-databind-2.9.9.jar:/home/user/.m2/repository/org/apache/hadoop/hadoop-kms/3.2.0/hadoop-kms-3.2.0-tests.jar:/home/user/.m2/repository/org/apache/hadoop/hadoop-hdds-server-scm/0.5.0-SNAPSHOT/hadoop-hdds-server-scm-0.5.0-SNAPSHOT-tests.jar:/home/user/.m2/repository/org/apache/hadoop/hadoop-hdds-container-service/0.5.0-SNAPSHOT/hadoop-hdds-container-service-0.5.0-SNAPSHOT-tests.jar:/home/user/.m2/repository/org/yaml/snakeyaml/1.16/snakeyaml-1.16.jar:/home/user/.m2/repository/org/apache/hadoop/hadoop-common/3.2.0/hadoop-common-3.2.0-tests.jar:/home/user/.m2/repository/org/apache/hadoop/hadoop-annotations/3.2.0/hadoop-annotations-3.2.0.jar:/usr/lib/jvm/java-1.8-openjdk/jre/../lib/tools.jar:/home/user/.m2/repository/commons-cli/commons-cli/1.2/commons-cli-1.2.jar:/home/user/.m2/repository/org/apache/httpcomponents/httpclient/4.5.2/httpclient-4.5.2.jar:/home/user/.m2/repository/org/apache/httpcomponents/httpcore/4.4.4/httpcore-4.4.4.jar:/home/user/.m2/repository/commons-codec/commons-codec/1.11/commons-codec-1.11.jar:/home/user/.m2/repository/commons-net/commons-net/3.6/commons-net-3.6.jar:/home/user/.m2/repository/commons-collections/commons-collections/3.2.2/commons-collections-3.2.2.jar:/home/user/.m2/repository/org/eclipse/jetty/jetty-servlet/9.3.25.v20180904/jetty-servlet-9.3.25.v20180904.jar:/home/user/.m2/repository/org/eclipse/jetty/jetty-security/9.3.25.v20180904/jetty-security-9.3.25.v20180904.jar:/home/user/.m2/repository/javax/servlet/jsp/jsp-api/2.1/jsp-api-2.1.jar:/home/user/.m2/repository/com/sun/jersey/jersey-servlet/1.19/jersey-servlet-1.19.jar:/home/user/.m2/repository/com/sun/jersey/jersey-json/1.19/jersey-json-1.19.jar:/home/user/.m2/repository/org/codehaus/jettison/jettison/1.1/jettison-1.1.jar:/home/user/.m2/repository/org/codehaus/jackson/jackson-core-asl/1.9.13/jackson-core-asl-1.9.13.jar:/home/user/.m2/repository/org/codehaus/jackson/jackson-mapper-asl/1.9.13/jackson-mapper-asl-1.9.13.jar:/home/user/.m2/repository/org/codehaus/jackson/jackson-jaxrs/1.9.13/jackson-jaxrs-1.9.13.jar:/home/user/.m2/repository/org/codehaus/jackson/jackson-xc/1.9.13/jackson-xc-1.9.13.jar:/home/user/.m2/repository/commons-logging/commons-logging/1.1.3/commons-logging-1.1.3.jar:/home/user/.m2/repository/commons-beanutils/commons-beanutils/1.9.4/commons-beanutils-1.9.4.jar:/home/user/.m2/repository/org/apache/commons/commons-configuration2/2.1.1/commons-configuration2-2.1.1.jar:/home/user/.m2/repository/org/apache/commons/commons-lang3/3.7/commons-lang3-3.7.jar:/home/user/.m2/repository/org/apache/commons/commons-text/1.4/commons-text-1.4.jar:/home/user/.m2/repository/org/apache/avro/avro/1.7.7/avro-1.7.7.jar:/home/user/.m2/repository/com/thoughtworks/paranamer/paranamer/2.3/paranamer-2.3.jar:/home/user/.m2/repository/org/xerial/snappy/snappy-java/1.0.5/snappy-java-1.0.5.jar:/home/user/.m2/repository/com/google/re2j/re2j/1.1/re2j-1.1.jar:/home/user/.m2/repository/com/google/code/gson/gson/2.2.4/gson-2.2.4.jar:/home/user/.m2/repository/com/jcraft/jsch/0.1.54/jsch-0.1.54.jar:/home/user/.m2/repository/org/apache/curator/curator-client/2.12.0/curator-client-2.12.0.jar:/home/user/.m2/repository/org/apache/curator/curator-recipes/2.12.0/curator-recipes-2.12.0.jar:/home/user/.m2/repository/com/google/code/findbugs/jsr305/3.0.0/jsr305-3.0.0.jar:/home/user/.m2/repository/org/apache/htrace/htrace-core4/4.1.0-incubating/htrace-core4-4.1.0-incubating.jar:/home/user/.m2/repository/org/apache/zookeeper/zookeeper/3.4.13/zookeeper-3.4.13.jar:/home/user/.m2/repository/jline/jline/0.9.94/jline-0.9.94.jar:/home/user/.m2/repository/org/apache/yetus/audience-annotations/0.5.0/audience-annotations-0.5.0.jar:/home/user/.m2/repository/org/codehaus/woodstox/stax2-api/3.1.4/stax2-api-3.1.4.jar:/home/user/.m2/repository/com/fasterxml/woodstox/woodstox-core/5.0.3/woodstox-core-5.0.3.jar:/home/user/.m2/repository/dnsjava/dnsjava/2.1.7/dnsjava-2.1.7.jar:/home/user/.m2/repository/org/apache/hadoop/hadoop-hdfs/3.2.0/hadoop-hdfs-3.2.0-tests.jar:/home/user/.m2/repository/org/eclipse/jetty/jetty-util-ajax/9.3.25.v20180904/jetty-util-ajax-9.3.25.v20180904.jar:/home/user/.m2/repository/commons-daemon/commons-daemon/1.0.13/commons-daemon-1.0.13.jar:/home/user/.m2/repository/io/netty/netty/3.10.5.Final/netty-3.10.5.Final.jar:/home/user/.m2/repository/io/netty/netty-all/4.0.52.Final/netty-all-4.0.52.Final.jar:/home/user/.m2/repository/org/fusesource/leveldbjni/leveldbjni-all/1.8/leveldbjni-all-1.8.jar:"/>
    <property name="sun.cpu.endian" value="little"/>
    <property name="user.home" value="/home/user"/>
    <property name="user.language" value="en"/>
    <property name="java.specification.vendor" value="Oracle Corporation"/>
    <property name="java.home" value="/usr/lib/jvm/java-1.8-openjdk/jre"/>
    <property name="surefire.excludesFile" value="/tools/ozone-bad-unit-tests"/>
    <property name="java.security.krb5.conf" value="/workdir/hadoop-ozone/integration-test/target/test-classes/krb5.conf"/>
    <property name="basedir" value="/workdir/hadoop-ozone/integration-test"/>
    <property name="file.separator" value="/"/>
    <property name="line.separator" value="&#10;"/>
    <property name="java.vm.specification.vendor" value="Oracle Corporation"/>
    <property name="java.specification.name" value="Java Platform API Specification"/>
    <property name="java.awt.graphicsenv" value="sun.awt.X11GraphicsEnvironment"/>
    <property name="surefire.real.class.path" value="/workdir/hadoop-ozone/integration-test/target/surefire/surefirebooter1439332249498094211.jar"/>
    <property name="hadoop.log.dir" value="/workdir/hadoop-ozone/integration-test/target/log"/>
    <property name="sun.boot.class.path" value="/usr/lib/jvm/java-1.8-openjdk/jre/lib/resources.jar:/usr/lib/jvm/java-1.8-openjdk/jre/lib/rt.jar:/usr/lib/jvm/java-1.8-openjdk/jre/lib/sunrsasign.jar:/usr/lib/jvm/java-1.8-openjdk/jre/lib/jsse.jar:/usr/lib/jvm/java-1.8-openjdk/jre/lib/jce.jar:/usr/lib/jvm/java-1.8-openjdk/jre/lib/charsets.jar:/usr/lib/jvm/java-1.8-openjdk/jre/lib/jfr.jar:/usr/lib/jvm/java-1.8-openjdk/jre/classes"/>
    <property name="sun.management.compiler" value="HotSpot 64-Bit Tiered Compilers"/>
    <property name="java.runtime.version" value="1.8.0_212-b04"/>
    <property name="java.net.preferIPv4Stack" value="true"/>
    <property name="user.name" value="jenkins1000"/>
    <property name="path.separator" value=":"/>
    <property name="java.security.egd" value="file:///dev/urandom"/>
    <property name="os.version" value="3.10.0-957.12.2.el7.x86_64"/>
    <property name="java.endorsed.dirs" value="/usr/lib/jvm/java-1.8-openjdk/jre/lib/endorsed"/>
    <property name="java.runtime.name" value="OpenJDK Runtime Environment"/>
    <property name="file.encoding" value="UTF-8"/>
    <property name="java.vm.name" value="OpenJDK 64-Bit Server VM"/>
    <property name="test.build.webapps" value=""/>
    <property name="localRepository" value="/home/user/.m2/repository"/>
    <property name="java.vendor.url.bug" value="https://icedtea.classpath.org/bugzilla"/>
    <property name="java.io.tmpdir" value="/tmp"/>
    <property name="require.test.libhadoop" value=""/>
    <property name="java.version" value="1.8.0_212"/>
    <property name="user.dir" value="/workdir/hadoop-ozone/integration-test"/>
    <property name="os.arch" value="amd64"/>
    <property name="java.vm.specification.name" value="Java Virtual Machine Specification"/>
    <property name="test.build.classes" value="/workdir/hadoop-ozone/integration-test/target/test-classes"/>
    <property name="java.awt.printerjob" value="sun.print.PSPrinterJob"/>
    <property name="sun.os.patch.level" value="unknown"/>
    <property name="hadoop.tmp.dir" value="/workdir/hadoop-ozone/integration-test/target/tmp"/>
    <property name="java.library.path" value="/usr/lib/jvm/java-1.8-openjdk/jre/lib/amd64/server:/usr/lib/jvm/java-1.8-openjdk/jre/lib/amd64:/usr/lib/jvm/java-1.8-openjdk/jre/../lib/amd64:/workdir/hadoop-ozone/integration-test/target/native/target/usr/local/lib:/workdir/hadoop-ozone/integration-test/../../hadoop-common-project/hadoop-common/target/native/target/usr/local/lib:/usr/java/packages/lib/amd64:/usr/lib64:/lib64:/lib:/usr/lib"/>
    <property name="java.vm.info" value="mixed mode"/>
    <property name="java.vendor" value="IcedTea"/>
    <property name="java.vm.version" value="25.212-b04"/>
    <property name="java.ext.dirs" value="/usr/lib/jvm/java-1.8-openjdk/jre/lib/ext:/usr/java/packages/lib/ext"/>
    <property name="sun.io.unicode.encoding" value="UnicodeLittle"/>
    <property name="java.class.version" value="52.0"/>
  </properties>
  <testcase name="testWatchForCommitWithKeyWrite" classname="org.apache.hadoop.ozone.client.rpc.TestWatchForCommit" time="84.638"/>
  <testcase name="testWatchForCommitWithSmallerTimeoutValue" classname="org.apache.hadoop.ozone.client.rpc.TestWatchForCommit" time="42.495"/>
  <testcase name="testWatchForCommitForRetryfailure" classname="org.apache.hadoop.ozone.client.rpc.TestWatchForCommit" time="61.044">
    <failure type="java.lang.AssertionError">java.lang.AssertionError
	at org.junit.Assert.fail(Assert.java:86)
	at org.junit.Assert.assertTrue(Assert.java:41)
	at org.junit.Assert.assertTrue(Assert.java:52)
	at org.apache.hadoop.ozone.client.rpc.TestWatchForCommit.testWatchForCommitForRetryfailure(TestWatchForCommit.java:348)
	at sun.reflect.NativeMethodAccessorImpl.invoke0(Native Method)
	at sun.reflect.NativeMethodAccessorImpl.invoke(NativeMethodAccessorImpl.java:62)
	at sun.reflect.DelegatingMethodAccessorImpl.invoke(DelegatingMethodAccessorImpl.java:43)
	at java.lang.reflect.Method.invoke(Method.java:498)
	at org.junit.runners.model.FrameworkMethod$1.runReflectiveCall(FrameworkMethod.java:47)
	at org.junit.internal.runners.model.ReflectiveCallable.run(ReflectiveCallable.java:12)
	at org.junit.runners.model.FrameworkMethod.invokeExplosively(FrameworkMethod.java:44)
	at org.junit.internal.runners.statements.InvokeMethod.evaluate(InvokeMethod.java:17)
	at org.junit.runners.ParentRunner.runLeaf(ParentRunner.java:271)
	at org.junit.runners.BlockJUnit4ClassRunner.runChild(BlockJUnit4ClassRunner.java:70)
	at org.junit.runners.BlockJUnit4ClassRunner.runChild(BlockJUnit4ClassRunner.java:50)
	at org.junit.runners.ParentRunner$3.run(ParentRunner.java:238)
	at org.junit.runners.ParentRunner$1.schedule(ParentRunner.java:63)
	at org.junit.runners.ParentRunner.runChildren(ParentRunner.java:236)
	at org.junit.runners.ParentRunner.access$000(ParentRunner.java:53)
	at org.junit.runners.ParentRunner$2.evaluate(ParentRunner.java:229)
	at org.junit.runners.ParentRunner.run(ParentRunner.java:309)
	at org.apache.maven.surefire.junit4.JUnit4Provider.execute(JUnit4Provider.java:365)
	at org.apache.maven.surefire.junit4.JUnit4Provider.executeWithRerun(JUnit4Provider.java:273)
	at org.apache.maven.surefire.junit4.JUnit4Provider.executeTestSet(JUnit4Provider.java:238)
	at org.apache.maven.surefire.junit4.JUnit4Provider.invoke(JUnit4Provider.java:159)
	at org.apache.maven.surefire.booter.ForkedBooter.invokeProviderInSameClassLoader(ForkedBooter.java:384)
	at org.apache.maven.surefire.booter.ForkedBooter.runSuitesInProcess(ForkedBooter.java:345)
	at org.apache.maven.surefire.booter.ForkedBooter.execute(ForkedBooter.java:126)
	at org.apache.maven.surefire.booter.ForkedBooter.main(ForkedBooter.java:418)
</failure>
    <system-out><![CDATA[2019-10-15 01:01:41,727 [main] WARN  server.ServerUtils (ServerUtils.java:getScmDbDir(145)) - ozone.scm.db.dirs is not configured. We recommend adding this setting. Falling back to ozone.metadata.dirs instead.
2019-10-15 01:01:41,742 [main] WARN  server.ServerUtils (ServerUtils.java:getScmDbDir(145)) - ozone.scm.db.dirs is not configured. We recommend adding this setting. Falling back to ozone.metadata.dirs instead.
2019-10-15 01:01:41,743 [main] WARN  server.ServerUtils (ServerUtils.java:getScmDbDir(145)) - ozone.scm.db.dirs is not configured. We recommend adding this setting. Falling back to ozone.metadata.dirs instead.
2019-10-15 01:01:41,743 [main] INFO  db.DBStoreBuilder (DBStoreBuilder.java:addTable(117)) - using custom profile for table: deletedBlocks
2019-10-15 01:01:41,744 [main] INFO  db.DBStoreBuilder (DBStoreBuilder.java:processTables(168)) - Using default column profile:DBProfile.DISK for Table:deletedBlocks
2019-10-15 01:01:41,744 [main] INFO  db.DBStoreBuilder (DBStoreBuilder.java:addTable(117)) - using custom profile for table: validCerts
2019-10-15 01:01:41,744 [main] INFO  db.DBStoreBuilder (DBStoreBuilder.java:processTables(168)) - Using default column profile:DBProfile.DISK for Table:validCerts
2019-10-15 01:01:41,745 [main] INFO  db.DBStoreBuilder (DBStoreBuilder.java:addTable(117)) - using custom profile for table: revokedCerts
2019-10-15 01:01:41,745 [main] INFO  db.DBStoreBuilder (DBStoreBuilder.java:processTables(168)) - Using default column profile:DBProfile.DISK for Table:revokedCerts
2019-10-15 01:01:41,745 [main] INFO  db.DBStoreBuilder (DBStoreBuilder.java:addTable(117)) - using custom profile for table: default
2019-10-15 01:01:41,745 [main] INFO  db.DBStoreBuilder (DBStoreBuilder.java:processTables(174)) - Using default column profile:DBProfile.DISK for Table:default
2019-10-15 01:01:41,746 [main] INFO  db.DBStoreBuilder (DBStoreBuilder.java:getDbProfile(205)) - Using default options. DBProfile.DISK
2019-10-15 01:01:41,898 [main] INFO  net.NodeSchemaLoader (NodeSchemaLoader.java:loadSchemaFromFile(125)) - Loading file from sun.misc.CompoundEnumeration@1d0cac30
2019-10-15 01:01:41,898 [main] INFO  net.NodeSchemaLoader (NodeSchemaLoader.java:loadSchema(171)) - Loading network topology layer schema file
2019-10-15 01:01:41,903 [main] WARN  server.ServerUtils (ServerUtils.java:sanitizeUserArgs(70)) - ozone.scm.stale.node.interval value = 300000 is larger than max = 100000 based on the key value of ozone.scm.heartbeat.thread.interval, reset to the max value 100000.
2019-10-15 01:01:41,903 [main] WARN  server.ServerUtils (ServerUtils.java:sanitizeUserArgs(70)) - ozone.scm.stale.node.interval value = 300000 is larger than max = 100000 based on the key value of ozone.scm.heartbeat.thread.interval, reset to the max value 100000.
2019-10-15 01:01:41,904 [main] INFO  node.SCMNodeManager (SCMNodeManager.java:<init>(116)) - Entering startup safe mode.
2019-10-15 01:01:41,904 [main] INFO  algorithms.ContainerPlacementPolicyFactory (ContainerPlacementPolicyFactory.java:getPolicy(57)) - Create container placement policy of type org.apache.hadoop.hdds.scm.container.placement.algorithms.SCMContainerPlacementRandom
2019-10-15 01:01:41,905 [main] WARN  server.ServerUtils (ServerUtils.java:getScmDbDir(145)) - ozone.scm.db.dirs is not configured. We recommend adding this setting. Falling back to ozone.metadata.dirs instead.
2019-10-15 01:01:41,952 [main] INFO  pipeline.SCMPipelineManager (SCMPipelineManager.java:initializePipelineState(132)) - No pipeline exists in current db
2019-10-15 01:01:41,953 [main] WARN  server.ServerUtils (ServerUtils.java:getScmDbDir(145)) - ozone.scm.db.dirs is not configured. We recommend adding this setting. Falling back to ozone.metadata.dirs instead.
2019-10-15 01:01:42,001 [main] WARN  events.EventQueue (EventQueue.java:fireEvent(183)) - No event handler registered for event TypedEvent{payloadType=SafeModeStatus, name='SafeModeStatus'}
2019-10-15 01:01:42,002 [main] INFO  ipc.CallQueueManager (CallQueueManager.java:<init>(84)) - Using callQueue: class java.util.concurrent.LinkedBlockingQueue, queueCapacity: 2000, scheduler: class org.apache.hadoop.ipc.DefaultRpcScheduler, ipcBackoff: false.
2019-10-15 01:01:42,003 [Socket Reader #1 for port 46494] INFO  ipc.Server (Server.java:run(1074)) - Starting Socket Reader #1 for port 46494
2019-10-15 01:01:42,005 [main] INFO  ipc.CallQueueManager (CallQueueManager.java:<init>(84)) - Using callQueue: class java.util.concurrent.LinkedBlockingQueue, queueCapacity: 2000, scheduler: class org.apache.hadoop.ipc.DefaultRpcScheduler, ipcBackoff: false.
2019-10-15 01:01:42,006 [Socket Reader #1 for port 41203] INFO  ipc.Server (Server.java:run(1074)) - Starting Socket Reader #1 for port 41203
2019-10-15 01:01:42,008 [main] INFO  ipc.CallQueueManager (CallQueueManager.java:<init>(84)) - Using callQueue: class java.util.concurrent.LinkedBlockingQueue, queueCapacity: 2000, scheduler: class org.apache.hadoop.ipc.DefaultRpcScheduler, ipcBackoff: false.
2019-10-15 01:01:42,009 [Socket Reader #1 for port 34453] INFO  ipc.Server (Server.java:run(1074)) - Starting Socket Reader #1 for port 34453
2019-10-15 01:01:42,011 [main] INFO  hdfs.DFSUtil (DFSUtil.java:httpServerTemplateForNNAndJN(1641)) - Starting Web-server for scm at: http://0.0.0.0:0
2019-10-15 01:01:42,013 [main] INFO  server.AuthenticationFilter (AuthenticationFilter.java:constructSecretProvider(240)) - Unable to initialize FileSignerSecretProvider, falling back to use random secrets.
2019-10-15 01:01:42,014 [main] WARN  http.HttpRequestLog (HttpRequestLog.java:getRequestLog(97)) - Jetty request log can only be enabled using Log4j
2019-10-15 01:01:42,016 [main] INFO  http.HttpServer2 (HttpServer2.java:addGlobalFilter(975)) - Added global filter 'safety' (class=org.apache.hadoop.http.HttpServer2$QuotingInputFilter)
2019-10-15 01:01:42,016 [main] INFO  http.HttpServer2 (HttpServer2.java:addFilter(948)) - Added filter static_user_filter (class=org.apache.hadoop.http.lib.StaticUserWebFilter$StaticUserFilter) to context scm
2019-10-15 01:01:42,017 [main] INFO  http.HttpServer2 (HttpServer2.java:addFilter(958)) - Added filter static_user_filter (class=org.apache.hadoop.http.lib.StaticUserWebFilter$StaticUserFilter) to context static
2019-10-15 01:01:42,017 [main] INFO  http.HttpServer2 (HttpServer2.java:addFilter(958)) - Added filter static_user_filter (class=org.apache.hadoop.http.lib.StaticUserWebFilter$StaticUserFilter) to context logs
2019-10-15 01:01:42,019 [main] INFO  server.StorageContainerManager (StorageContainerManager.java:start(772)) - StorageContainerLocationProtocol RPC server is listening at /0.0.0.0:34453
2019-10-15 01:01:42,021 [main] WARN  impl.MetricsConfig (MetricsConfig.java:loadFirst(134)) - Cannot locate configuration: tried hadoop-metrics2-storagecontainermanager.properties,hadoop-metrics2.properties
2019-10-15 01:01:42,022 [main] INFO  impl.MetricsSystemImpl (MetricsSystemImpl.java:startTimer(374)) - Scheduled Metric snapshot period at 10 second(s).
2019-10-15 01:01:42,022 [main] INFO  impl.MetricsSystemImpl (MetricsSystemImpl.java:start(191)) - StorageContainerManager metrics system started
2019-10-15 01:01:42,059 [main] INFO  lib.Interns (Interns.java:removeEldestEntry(50)) - Metrics intern cache overflow at 2011 for MetricsSystem={MetricsSystem=MetricsInfoImpl{name=MetricsSystem, description=MetricsSystem}, MetricsSystem record=MetricsInfoImpl{name=MetricsSystem, description=MetricsSystem record}}
2019-10-15 01:01:42,062 [main] WARN  impl.MetricsSystemImpl (MetricsSystemImpl.java:register(276)) - Sink prometheus already exists!
2019-10-15 01:01:42,126 [main] INFO  server.SCMClientProtocolServer (SCMClientProtocolServer.java:start(159)) - RPC server for Client  is listening at /0.0.0.0:34453
2019-10-15 01:01:42,127 [IPC Server Responder] INFO  ipc.Server (Server.java:run(1314)) - IPC Server Responder: starting
2019-10-15 01:01:42,127 [IPC Server listener on 34453] INFO  ipc.Server (Server.java:run(1153)) - IPC Server listener on 34453: starting
2019-10-15 01:01:42,134 [main] INFO  server.StorageContainerManager (StorageContainerManager.java:start(782)) - ScmBlockLocationProtocol RPC server is listening at /0.0.0.0:41203
2019-10-15 01:01:42,134 [main] INFO  server.SCMBlockProtocolServer (SCMBlockProtocolServer.java:start(146)) - RPC server for Block Protocol is listening at /0.0.0.0:41203
2019-10-15 01:01:42,135 [IPC Server Responder] INFO  ipc.Server (Server.java:run(1314)) - IPC Server Responder: starting
2019-10-15 01:01:42,135 [IPC Server listener on 41203] INFO  ipc.Server (Server.java:run(1153)) - IPC Server listener on 41203: starting
2019-10-15 01:01:42,138 [main] INFO  server.StorageContainerManager (StorageContainerManager.java:start(786)) - ScmDatanodeProtocl RPC server is listening at /0.0.0.0:46494
2019-10-15 01:01:42,139 [main] INFO  server.SCMDatanodeProtocolServer (SCMDatanodeProtocolServer.java:start(169)) - RPC server for DataNodes is listening at /0.0.0.0:46494
2019-10-15 01:01:42,139 [IPC Server Responder] INFO  ipc.Server (Server.java:run(1314)) - IPC Server Responder: starting
2019-10-15 01:01:42,139 [IPC Server listener on 46494] INFO  ipc.Server (Server.java:run(1153)) - IPC Server listener on 46494: starting
2019-10-15 01:01:42,144 [main] INFO  http.HttpServer2 (HttpServer2.java:bindListener(1191)) - Jetty bound to port 36243
2019-10-15 01:01:42,144 [main] INFO  server.Server (Server.java:doStart(351)) - jetty-9.3.25.v20180904, build timestamp: 2018-09-04T21:11:46Z, git hash: 3ce520221d0240229c862b122d2b06c12a625732
2019-10-15 01:01:42,146 [main] INFO  handler.ContextHandler (ContextHandler.java:doStart(781)) - Started o.e.j.s.ServletContextHandler@468173fa{/logs,file:///workdir/hadoop-ozone/integration-test/target/log,AVAILABLE}
2019-10-15 01:01:42,146 [main] INFO  handler.ContextHandler (ContextHandler.java:doStart(781)) - Started o.e.j.s.ServletContextHandler@6f5bd362{/static,file:///workdir/hadoop-ozone/integration-test/target/test-classes/webapps/static,AVAILABLE}
2019-10-15 01:01:42,152 [main] INFO  handler.ContextHandler (ContextHandler.java:doStart(781)) - Started o.e.j.w.WebAppContext@7ba93755{/,file:///workdir/hadoop-ozone/integration-test/target/test-classes/webapps/scm/,AVAILABLE}{/scm}
2019-10-15 01:01:42,152 [main] INFO  server.AbstractConnector (AbstractConnector.java:doStart(278)) - Started ServerConnector@22dc59b2{HTTP/1.1,[http/1.1]}{0.0.0.0:36243}
2019-10-15 01:01:42,153 [main] INFO  server.Server (Server.java:doStart(419)) - Started @128018ms
2019-10-15 01:01:42,153 [main] WARN  impl.MetricsSystemImpl (MetricsSystemImpl.java:register(276)) - Sink prometheus already exists!
2019-10-15 01:01:42,155 [main] INFO  server.BaseHttpServer (BaseHttpServer.java:updateConnectorAddress(215)) - HTTP server of SCM is listening at http://0.0.0.0:36243
2019-10-15 01:01:42,156 [main] WARN  server.ServerUtils (ServerUtils.java:getDBPath(222)) - ozone.om.db.dirs is not configured. We recommend adding this setting. Falling back to ozone.metadata.dirs instead.
2019-10-15 01:01:42,157 [org.apache.hadoop.util.JvmPauseMonitor$Monitor@546394ed] INFO  util.JvmPauseMonitor (JvmPauseMonitor.java:run(188)) - Starting JVM pause monitor
2019-10-15 01:01:42,170 [main] INFO  ha.OMHANodeDetails (OMHANodeDetails.java:loadOMHAConfig(190)) - Configuration either no ozone.om.address set. Falling back to the default OM address /127.0.0.1:0
2019-10-15 01:01:42,171 [main] INFO  ha.OMHANodeDetails (OMHANodeDetails.java:getOMNodeDetails(220)) - OM Service ID is not set. Setting it to the default ID: omServiceIdDefault
2019-10-15 01:01:42,171 [main] WARN  server.ServerUtils (ServerUtils.java:getDBPath(222)) - ozone.om.db.dirs is not configured. We recommend adding this setting. Falling back to ozone.metadata.dirs instead.
2019-10-15 01:01:42,171 [main] WARN  server.ServerUtils (ServerUtils.java:getDBPath(222)) - ozone.om.db.dirs is not configured. We recommend adding this setting. Falling back to ozone.metadata.dirs instead.
2019-10-15 01:01:42,179 [main] WARN  server.ServerUtils (ServerUtils.java:getDBPath(222)) - ozone.om.db.dirs is not configured. We recommend adding this setting. Falling back to ozone.metadata.dirs instead.
2019-10-15 01:01:42,179 [main] INFO  db.DBStoreBuilder (DBStoreBuilder.java:addTable(117)) - using custom profile for table: userTable
2019-10-15 01:01:42,180 [main] INFO  db.DBStoreBuilder (DBStoreBuilder.java:processTables(168)) - Using default column profile:DBProfile.DISK for Table:userTable
2019-10-15 01:01:42,180 [main] INFO  db.DBStoreBuilder (DBStoreBuilder.java:addTable(117)) - using custom profile for table: volumeTable
2019-10-15 01:01:42,180 [main] INFO  db.DBStoreBuilder (DBStoreBuilder.java:processTables(168)) - Using default column profile:DBProfile.DISK for Table:volumeTable
2019-10-15 01:01:42,180 [main] INFO  db.DBStoreBuilder (DBStoreBuilder.java:addTable(117)) - using custom profile for table: bucketTable
2019-10-15 01:01:42,180 [main] INFO  db.DBStoreBuilder (DBStoreBuilder.java:processTables(168)) - Using default column profile:DBProfile.DISK for Table:bucketTable
2019-10-15 01:01:42,181 [main] INFO  db.DBStoreBuilder (DBStoreBuilder.java:addTable(117)) - using custom profile for table: keyTable
2019-10-15 01:01:42,181 [main] INFO  db.DBStoreBuilder (DBStoreBuilder.java:processTables(168)) - Using default column profile:DBProfile.DISK for Table:keyTable
2019-10-15 01:01:42,181 [main] INFO  db.DBStoreBuilder (DBStoreBuilder.java:addTable(117)) - using custom profile for table: deletedTable
2019-10-15 01:01:42,181 [main] INFO  db.DBStoreBuilder (DBStoreBuilder.java:processTables(168)) - Using default column profile:DBProfile.DISK for Table:deletedTable
2019-10-15 01:01:42,181 [main] INFO  db.DBStoreBuilder (DBStoreBuilder.java:addTable(117)) - using custom profile for table: openKeyTable
2019-10-15 01:01:42,181 [main] INFO  db.DBStoreBuilder (DBStoreBuilder.java:processTables(168)) - Using default column profile:DBProfile.DISK for Table:openKeyTable
2019-10-15 01:01:42,182 [main] INFO  db.DBStoreBuilder (DBStoreBuilder.java:addTable(117)) - using custom profile for table: s3Table
2019-10-15 01:01:42,182 [main] INFO  db.DBStoreBuilder (DBStoreBuilder.java:processTables(168)) - Using default column profile:DBProfile.DISK for Table:s3Table
2019-10-15 01:01:42,182 [main] INFO  db.DBStoreBuilder (DBStoreBuilder.java:addTable(117)) - using custom profile for table: multipartInfoTable
2019-10-15 01:01:42,182 [main] INFO  db.DBStoreBuilder (DBStoreBuilder.java:processTables(168)) - Using default column profile:DBProfile.DISK for Table:multipartInfoTable
2019-10-15 01:01:42,183 [main] INFO  db.DBStoreBuilder (DBStoreBuilder.java:addTable(117)) - using custom profile for table: dTokenTable
2019-10-15 01:01:42,183 [main] INFO  db.DBStoreBuilder (DBStoreBuilder.java:processTables(168)) - Using default column profile:DBProfile.DISK for Table:dTokenTable
2019-10-15 01:01:42,183 [main] INFO  db.DBStoreBuilder (DBStoreBuilder.java:addTable(117)) - using custom profile for table: s3SecretTable
2019-10-15 01:01:42,183 [main] INFO  db.DBStoreBuilder (DBStoreBuilder.java:processTables(168)) - Using default column profile:DBProfile.DISK for Table:s3SecretTable
2019-10-15 01:01:42,183 [main] INFO  db.DBStoreBuilder (DBStoreBuilder.java:addTable(117)) - using custom profile for table: prefixTable
2019-10-15 01:01:42,183 [main] INFO  db.DBStoreBuilder (DBStoreBuilder.java:processTables(168)) - Using default column profile:DBProfile.DISK for Table:prefixTable
2019-10-15 01:01:42,184 [main] INFO  db.DBStoreBuilder (DBStoreBuilder.java:addTable(117)) - using custom profile for table: default
2019-10-15 01:01:42,184 [main] INFO  db.DBStoreBuilder (DBStoreBuilder.java:processTables(174)) - Using default column profile:DBProfile.DISK for Table:default
2019-10-15 01:01:42,184 [main] INFO  db.DBStoreBuilder (DBStoreBuilder.java:getDbProfile(205)) - Using default options. DBProfile.DISK
2019-10-15 01:01:42,652 [main] INFO  ipc.CallQueueManager (CallQueueManager.java:<init>(84)) - Using callQueue: class java.util.concurrent.LinkedBlockingQueue, queueCapacity: 2000, scheduler: class org.apache.hadoop.ipc.DefaultRpcScheduler, ipcBackoff: false.
2019-10-15 01:01:42,652 [Socket Reader #1 for port 33809] INFO  ipc.Server (Server.java:run(1074)) - Starting Socket Reader #1 for port 33809
2019-10-15 01:01:42,665 [main] INFO  om.OzoneManager (OzoneManager.java:start(1074)) - OzoneManager RPC server is listening at localhost/127.0.0.1:33809
2019-10-15 01:01:42,665 [main] INFO  impl.MetricsSystemImpl (MetricsSystemImpl.java:init(158)) - OzoneManager metrics system started (again)
2019-10-15 01:01:42,666 [IPC Server Responder] INFO  ipc.Server (Server.java:run(1314)) - IPC Server Responder: starting
2019-10-15 01:01:42,668 [IPC Server listener on 33809] INFO  ipc.Server (Server.java:run(1153)) - IPC Server listener on 33809: starting
2019-10-15 01:01:42,672 [main] INFO  hdfs.DFSUtil (DFSUtil.java:httpServerTemplateForNNAndJN(1641)) - Starting Web-server for ozoneManager at: http://0.0.0.0:0
2019-10-15 01:01:42,673 [main] INFO  server.AuthenticationFilter (AuthenticationFilter.java:constructSecretProvider(240)) - Unable to initialize FileSignerSecretProvider, falling back to use random secrets.
2019-10-15 01:01:42,674 [main] WARN  http.HttpRequestLog (HttpRequestLog.java:getRequestLog(97)) - Jetty request log can only be enabled using Log4j
2019-10-15 01:01:42,675 [main] INFO  http.HttpServer2 (HttpServer2.java:addGlobalFilter(975)) - Added global filter 'safety' (class=org.apache.hadoop.http.HttpServer2$QuotingInputFilter)
2019-10-15 01:01:42,676 [main] INFO  http.HttpServer2 (HttpServer2.java:addFilter(948)) - Added filter static_user_filter (class=org.apache.hadoop.http.lib.StaticUserWebFilter$StaticUserFilter) to context ozoneManager
2019-10-15 01:01:42,676 [main] INFO  http.HttpServer2 (HttpServer2.java:addFilter(958)) - Added filter static_user_filter (class=org.apache.hadoop.http.lib.StaticUserWebFilter$StaticUserFilter) to context logs
2019-10-15 01:01:42,676 [main] INFO  http.HttpServer2 (HttpServer2.java:addFilter(958)) - Added filter static_user_filter (class=org.apache.hadoop.http.lib.StaticUserWebFilter$StaticUserFilter) to context static
2019-10-15 01:01:42,676 [main] INFO  http.HttpServer2 (HttpServer2.java:bindListener(1191)) - Jetty bound to port 43259
2019-10-15 01:01:42,677 [main] INFO  server.Server (Server.java:doStart(351)) - jetty-9.3.25.v20180904, build timestamp: 2018-09-04T21:11:46Z, git hash: 3ce520221d0240229c862b122d2b06c12a625732
2019-10-15 01:01:42,678 [main] INFO  handler.ContextHandler (ContextHandler.java:doStart(781)) - Started o.e.j.s.ServletContextHandler@47272cd3{/logs,file:///workdir/hadoop-ozone/integration-test/target/log,AVAILABLE}
2019-10-15 01:01:42,679 [main] INFO  handler.ContextHandler (ContextHandler.java:doStart(781)) - Started o.e.j.s.ServletContextHandler@32f1fafe{/static,file:///workdir/hadoop-ozone/integration-test/target/test-classes/webapps/static,AVAILABLE}
2019-10-15 01:01:42,682 [main] INFO  handler.ContextHandler (ContextHandler.java:doStart(781)) - Started o.e.j.w.WebAppContext@7061622{/,file:///workdir/hadoop-ozone/integration-test/target/test-classes/webapps/ozoneManager/,AVAILABLE}{/ozoneManager}
2019-10-15 01:01:42,682 [main] INFO  server.AbstractConnector (AbstractConnector.java:doStart(278)) - Started ServerConnector@32d418a9{HTTP/1.1,[http/1.1]}{0.0.0.0:43259}
2019-10-15 01:01:42,684 [main] INFO  server.Server (Server.java:doStart(419)) - Started @128549ms
2019-10-15 01:01:42,684 [main] WARN  impl.MetricsSystemImpl (MetricsSystemImpl.java:register(276)) - Sink prometheus already exists!
2019-10-15 01:01:42,684 [main] INFO  server.BaseHttpServer (BaseHttpServer.java:updateConnectorAddress(215)) - HTTP server of OZONEMANAGER is listening at http://0.0.0.0:43259
2019-10-15 01:01:42,700 [main] INFO  impl.MetricsSystemImpl (MetricsSystemImpl.java:init(158)) - HddsDatanode metrics system started (again)
2019-10-15 01:01:42,702 [main] INFO  ozone.HddsDatanodeService (HddsDatanodeService.java:start(184)) - HddsDatanodeService host:pr-hdds-2181-4tb7b-1429657930 ip:192.168.30.62
2019-10-15 01:01:42,708 [main] INFO  volume.HddsVolume (HddsVolume.java:<init>(176)) - Creating Volume: /workdir/hadoop-ozone/integration-test/target/test-dir/MiniOzoneClusterImpl-cc4f64bf-2522-4353-a1c8-6ec2c7c786d2/datanode-0/data/containers/hdds of  storage type : DISK and capacity : 1482555576320
2019-10-15 01:01:42,708 [main] INFO  volume.VolumeSet (VolumeSet.java:initializeVolumeSet(170)) - Added Volume : /workdir/hadoop-ozone/integration-test/target/test-dir/MiniOzoneClusterImpl-cc4f64bf-2522-4353-a1c8-6ec2c7c786d2/datanode-0/data/containers/hdds to VolumeSet
2019-10-15 01:01:42,709 [main] INFO  volume.ThrottledAsyncChecker (ThrottledAsyncChecker.java:schedule(141)) - Scheduling a check for org.apache.hadoop.ozone.container.common.volume.HddsVolume@5cd96b41
2019-10-15 01:01:42,709 [main] INFO  volume.HddsVolumeChecker (HddsVolumeChecker.java:checkAllVolumes(204)) - Scheduled health check for volume org.apache.hadoop.ozone.container.common.volume.HddsVolume@5cd96b41
2019-10-15 01:01:42,724 [main] INFO  impl.RaftServerProxy (ConfUtils.java:logGet(43)) - raft.rpc.type = GRPC (default)
2019-10-15 01:01:42,725 [main] INFO  grpc.GrpcFactory (GrpcFactory.java:checkPooledByteBufAllocatorUseCacheForAllThreads(45)) - PERFORMANCE WARNING: useCacheForAllThreads is true that may cause Netty to create a lot garbage objects and, as a result, trigger GC.
	It is recommended to disable useCacheForAllThreads by setting -Dorg.apache.ratis.thirdparty.io.netty.allocator.useCacheForAllThreads=false in command line.
2019-10-15 01:01:42,725 [main] INFO  grpc.GrpcConfigKeys$Server (ConfUtils.java:logGet(43)) - raft.grpc.server.port = 0 (default)
2019-10-15 01:01:42,725 [main] INFO  server.GrpcService (ConfUtils.java:logGet(43)) - raft.grpc.message.size.max = 33570816 (custom)
2019-10-15 01:01:42,725 [main] INFO  server.RaftServerConfigKeys (ConfUtils.java:logGet(43)) - raft.server.log.appender.buffer.byte-limit = 33554432 (custom)
2019-10-15 01:01:42,726 [main] INFO  server.GrpcService (ConfUtils.java:logGet(43)) - raft.grpc.flow.control.window = 1MB (=1048576) (default)
2019-10-15 01:01:42,726 [main] INFO  server.RaftServerConfigKeys (ConfUtils.java:logGet(43)) - raft.server.rpc.request.timeout = 3000ms (default)
2019-10-15 01:01:42,726 [main] INFO  server.RaftServerConfigKeys (ConfUtils.java:logGet(43)) - raft.server.storage.dir = [/workdir/hadoop-ozone/integration-test/target/test-dir/MiniOzoneClusterImpl-cc4f64bf-2522-4353-a1c8-6ec2c7c786d2/datanode-0/data/ratis] (custom)
2019-10-15 01:01:42,727 [main] INFO  hdfs.DFSUtil (DFSUtil.java:httpServerTemplateForNNAndJN(1641)) - Starting Web-server for hddsDatanode at: http://0.0.0.0:0
2019-10-15 01:01:42,731 [main] INFO  server.AuthenticationFilter (AuthenticationFilter.java:constructSecretProvider(240)) - Unable to initialize FileSignerSecretProvider, falling back to use random secrets.
2019-10-15 01:01:42,732 [main] WARN  http.HttpRequestLog (HttpRequestLog.java:getRequestLog(97)) - Jetty request log can only be enabled using Log4j
2019-10-15 01:01:42,733 [main] INFO  http.HttpServer2 (HttpServer2.java:addGlobalFilter(975)) - Added global filter 'safety' (class=org.apache.hadoop.http.HttpServer2$QuotingInputFilter)
2019-10-15 01:01:42,733 [main] INFO  http.HttpServer2 (HttpServer2.java:addFilter(948)) - Added filter static_user_filter (class=org.apache.hadoop.http.lib.StaticUserWebFilter$StaticUserFilter) to context hddsDatanode
2019-10-15 01:01:42,733 [main] INFO  http.HttpServer2 (HttpServer2.java:addFilter(958)) - Added filter static_user_filter (class=org.apache.hadoop.http.lib.StaticUserWebFilter$StaticUserFilter) to context static
2019-10-15 01:01:42,734 [main] INFO  http.HttpServer2 (HttpServer2.java:addFilter(958)) - Added filter static_user_filter (class=org.apache.hadoop.http.lib.StaticUserWebFilter$StaticUserFilter) to context logs
2019-10-15 01:01:42,734 [main] INFO  http.HttpServer2 (HttpServer2.java:bindListener(1191)) - Jetty bound to port 39436
2019-10-15 01:01:42,734 [main] INFO  server.Server (Server.java:doStart(351)) - jetty-9.3.25.v20180904, build timestamp: 2018-09-04T21:11:46Z, git hash: 3ce520221d0240229c862b122d2b06c12a625732
2019-10-15 01:01:42,736 [main] INFO  handler.ContextHandler (ContextHandler.java:doStart(781)) - Started o.e.j.s.ServletContextHandler@8a6631b{/logs,file:///workdir/hadoop-ozone/integration-test/target/log,AVAILABLE}
2019-10-15 01:01:42,736 [main] INFO  handler.ContextHandler (ContextHandler.java:doStart(781)) - Started o.e.j.s.ServletContextHandler@4bc59b27{/static,jar:file:/home/user/.m2/repository/org/apache/hadoop/hadoop-hdds-container-service/0.5.0-SNAPSHOT/hadoop-hdds-container-service-0.5.0-SNAPSHOT.jar!/webapps/static,AVAILABLE}
2019-10-15 01:01:42,765 [main] INFO  handler.ContextHandler (ContextHandler.java:doStart(781)) - Started o.e.j.w.WebAppContext@ec7b5de{/,file:///tmp/jetty-0.0.0.0-39436-hddsDatanode-_-any-1340692204652555085.dir/webapp/,AVAILABLE}{/hddsDatanode}
2019-10-15 01:01:42,765 [main] INFO  server.AbstractConnector (AbstractConnector.java:doStart(278)) - Started ServerConnector@4c19d42e{HTTP/1.1,[http/1.1]}{0.0.0.0:39436}
2019-10-15 01:01:42,769 [main] INFO  server.Server (Server.java:doStart(419)) - Started @128634ms
2019-10-15 01:01:42,769 [main] WARN  impl.MetricsSystemImpl (MetricsSystemImpl.java:register(276)) - Sink prometheus already exists!
2019-10-15 01:01:42,770 [main] INFO  server.BaseHttpServer (BaseHttpServer.java:updateConnectorAddress(215)) - HTTP server of HDDSDATANODE is listening at http://0.0.0.0:39436
2019-10-15 01:01:42,770 [main] INFO  impl.MetricsSystemImpl (MetricsSystemImpl.java:init(158)) - HddsDatanode metrics system started (again)
2019-10-15 01:01:42,772 [main] INFO  ozone.HddsDatanodeService (HddsDatanodeService.java:start(184)) - HddsDatanodeService host:pr-hdds-2181-4tb7b-1429657930 ip:192.168.30.62
2019-10-15 01:01:42,773 [org.apache.hadoop.util.JvmPauseMonitor$Monitor@39f4dc72] INFO  util.JvmPauseMonitor (JvmPauseMonitor.java:run(188)) - Starting JVM pause monitor
2019-10-15 01:01:42,776 [Datanode State Machine Thread - 0] INFO  datanode.InitDatanodeState (InitDatanodeState.java:persistContainerDatanodeDetails(140)) - DatanodeDetails is persisted to /workdir/hadoop-ozone/integration-test/target/test-dir/MiniOzoneClusterImpl-cc4f64bf-2522-4353-a1c8-6ec2c7c786d2/datanode-0/meta/datanode.id
2019-10-15 01:01:42,779 [main] INFO  volume.HddsVolume (HddsVolume.java:<init>(176)) - Creating Volume: /workdir/hadoop-ozone/integration-test/target/test-dir/MiniOzoneClusterImpl-cc4f64bf-2522-4353-a1c8-6ec2c7c786d2/datanode-1/data/containers/hdds of  storage type : DISK and capacity : 1482555576320
2019-10-15 01:01:42,779 [main] INFO  volume.VolumeSet (VolumeSet.java:initializeVolumeSet(170)) - Added Volume : /workdir/hadoop-ozone/integration-test/target/test-dir/MiniOzoneClusterImpl-cc4f64bf-2522-4353-a1c8-6ec2c7c786d2/datanode-1/data/containers/hdds to VolumeSet
2019-10-15 01:01:42,779 [main] INFO  volume.ThrottledAsyncChecker (ThrottledAsyncChecker.java:schedule(141)) - Scheduling a check for org.apache.hadoop.ozone.container.common.volume.HddsVolume@709f0202
2019-10-15 01:01:42,779 [main] INFO  volume.HddsVolumeChecker (HddsVolumeChecker.java:checkAllVolumes(204)) - Scheduled health check for volume org.apache.hadoop.ozone.container.common.volume.HddsVolume@709f0202
2019-10-15 01:01:42,794 [main] INFO  impl.RaftServerProxy (ConfUtils.java:logGet(43)) - raft.rpc.type = GRPC (default)
2019-10-15 01:01:42,794 [main] INFO  grpc.GrpcFactory (GrpcFactory.java:checkPooledByteBufAllocatorUseCacheForAllThreads(45)) - PERFORMANCE WARNING: useCacheForAllThreads is true that may cause Netty to create a lot garbage objects and, as a result, trigger GC.
	It is recommended to disable useCacheForAllThreads by setting -Dorg.apache.ratis.thirdparty.io.netty.allocator.useCacheForAllThreads=false in command line.
2019-10-15 01:01:42,794 [main] INFO  grpc.GrpcConfigKeys$Server (ConfUtils.java:logGet(43)) - raft.grpc.server.port = 0 (default)
2019-10-15 01:01:42,794 [main] INFO  server.GrpcService (ConfUtils.java:logGet(43)) - raft.grpc.message.size.max = 33570816 (custom)
2019-10-15 01:01:42,794 [main] INFO  server.RaftServerConfigKeys (ConfUtils.java:logGet(43)) - raft.server.log.appender.buffer.byte-limit = 33554432 (custom)
2019-10-15 01:01:42,795 [main] INFO  server.GrpcService (ConfUtils.java:logGet(43)) - raft.grpc.flow.control.window = 1MB (=1048576) (default)
2019-10-15 01:01:42,795 [main] INFO  server.RaftServerConfigKeys (ConfUtils.java:logGet(43)) - raft.server.rpc.request.timeout = 3000ms (default)
2019-10-15 01:01:42,795 [main] INFO  server.RaftServerConfigKeys (ConfUtils.java:logGet(43)) - raft.server.storage.dir = [/workdir/hadoop-ozone/integration-test/target/test-dir/MiniOzoneClusterImpl-cc4f64bf-2522-4353-a1c8-6ec2c7c786d2/datanode-1/data/ratis] (custom)
2019-10-15 01:01:42,797 [main] INFO  hdfs.DFSUtil (DFSUtil.java:httpServerTemplateForNNAndJN(1641)) - Starting Web-server for hddsDatanode at: http://0.0.0.0:0
2019-10-15 01:01:42,798 [main] INFO  server.AuthenticationFilter (AuthenticationFilter.java:constructSecretProvider(240)) - Unable to initialize FileSignerSecretProvider, falling back to use random secrets.
2019-10-15 01:01:42,798 [main] WARN  http.HttpRequestLog (HttpRequestLog.java:getRequestLog(97)) - Jetty request log can only be enabled using Log4j
2019-10-15 01:01:42,800 [main] INFO  http.HttpServer2 (HttpServer2.java:addGlobalFilter(975)) - Added global filter 'safety' (class=org.apache.hadoop.http.HttpServer2$QuotingInputFilter)
2019-10-15 01:01:42,800 [main] INFO  http.HttpServer2 (HttpServer2.java:addFilter(948)) - Added filter static_user_filter (class=org.apache.hadoop.http.lib.StaticUserWebFilter$StaticUserFilter) to context hddsDatanode
2019-10-15 01:01:42,800 [main] INFO  http.HttpServer2 (HttpServer2.java:addFilter(958)) - Added filter static_user_filter (class=org.apache.hadoop.http.lib.StaticUserWebFilter$StaticUserFilter) to context static
2019-10-15 01:01:42,800 [main] INFO  http.HttpServer2 (HttpServer2.java:addFilter(958)) - Added filter static_user_filter (class=org.apache.hadoop.http.lib.StaticUserWebFilter$StaticUserFilter) to context logs
2019-10-15 01:01:42,801 [main] INFO  http.HttpServer2 (HttpServer2.java:bindListener(1191)) - Jetty bound to port 38615
2019-10-15 01:01:42,801 [main] INFO  server.Server (Server.java:doStart(351)) - jetty-9.3.25.v20180904, build timestamp: 2018-09-04T21:11:46Z, git hash: 3ce520221d0240229c862b122d2b06c12a625732
2019-10-15 01:01:42,803 [main] INFO  handler.ContextHandler (ContextHandler.java:doStart(781)) - Started o.e.j.s.ServletContextHandler@4041739c{/logs,file:///workdir/hadoop-ozone/integration-test/target/log,AVAILABLE}
2019-10-15 01:01:42,803 [main] INFO  handler.ContextHandler (ContextHandler.java:doStart(781)) - Started o.e.j.s.ServletContextHandler@627ff1b8{/static,jar:file:/home/user/.m2/repository/org/apache/hadoop/hadoop-hdds-container-service/0.5.0-SNAPSHOT/hadoop-hdds-container-service-0.5.0-SNAPSHOT.jar!/webapps/static,AVAILABLE}
2019-10-15 01:01:42,831 [main] INFO  handler.ContextHandler (ContextHandler.java:doStart(781)) - Started o.e.j.w.WebAppContext@6babffb5{/,file:///tmp/jetty-0.0.0.0-38615-hddsDatanode-_-any-7709567028672405076.dir/webapp/,AVAILABLE}{/hddsDatanode}
2019-10-15 01:01:42,831 [main] INFO  server.AbstractConnector (AbstractConnector.java:doStart(278)) - Started ServerConnector@2173a742{HTTP/1.1,[http/1.1]}{0.0.0.0:38615}
2019-10-15 01:01:42,833 [main] INFO  server.Server (Server.java:doStart(419)) - Started @128698ms
2019-10-15 01:01:42,833 [main] WARN  impl.MetricsSystemImpl (MetricsSystemImpl.java:register(276)) - Sink prometheus already exists!
2019-10-15 01:01:42,833 [main] INFO  server.BaseHttpServer (BaseHttpServer.java:updateConnectorAddress(215)) - HTTP server of HDDSDATANODE is listening at http://0.0.0.0:38615
2019-10-15 01:01:42,834 [main] INFO  impl.MetricsSystemImpl (MetricsSystemImpl.java:init(158)) - HddsDatanode metrics system started (again)
2019-10-15 01:01:42,836 [org.apache.hadoop.util.JvmPauseMonitor$Monitor@1140bf58] INFO  util.JvmPauseMonitor (JvmPauseMonitor.java:run(188)) - Starting JVM pause monitor
2019-10-15 01:01:42,836 [main] INFO  ozone.HddsDatanodeService (HddsDatanodeService.java:start(184)) - HddsDatanodeService host:pr-hdds-2181-4tb7b-1429657930 ip:192.168.30.62
2019-10-15 01:01:42,839 [Datanode State Machine Thread - 0] INFO  datanode.InitDatanodeState (InitDatanodeState.java:persistContainerDatanodeDetails(140)) - DatanodeDetails is persisted to /workdir/hadoop-ozone/integration-test/target/test-dir/MiniOzoneClusterImpl-cc4f64bf-2522-4353-a1c8-6ec2c7c786d2/datanode-1/meta/datanode.id
2019-10-15 01:01:42,842 [main] INFO  volume.HddsVolume (HddsVolume.java:<init>(176)) - Creating Volume: /workdir/hadoop-ozone/integration-test/target/test-dir/MiniOzoneClusterImpl-cc4f64bf-2522-4353-a1c8-6ec2c7c786d2/datanode-2/data/containers/hdds of  storage type : DISK and capacity : 1482555576320
2019-10-15 01:01:42,843 [main] INFO  volume.VolumeSet (VolumeSet.java:initializeVolumeSet(170)) - Added Volume : /workdir/hadoop-ozone/integration-test/target/test-dir/MiniOzoneClusterImpl-cc4f64bf-2522-4353-a1c8-6ec2c7c786d2/datanode-2/data/containers/hdds to VolumeSet
2019-10-15 01:01:42,843 [main] INFO  volume.ThrottledAsyncChecker (ThrottledAsyncChecker.java:schedule(141)) - Scheduling a check for org.apache.hadoop.ozone.container.common.volume.HddsVolume@4a1a256d
2019-10-15 01:01:42,843 [main] INFO  volume.HddsVolumeChecker (HddsVolumeChecker.java:checkAllVolumes(204)) - Scheduled health check for volume org.apache.hadoop.ozone.container.common.volume.HddsVolume@4a1a256d
2019-10-15 01:01:42,855 [main] INFO  impl.RaftServerProxy (ConfUtils.java:logGet(43)) - raft.rpc.type = GRPC (default)
2019-10-15 01:01:42,855 [main] INFO  grpc.GrpcFactory (GrpcFactory.java:checkPooledByteBufAllocatorUseCacheForAllThreads(45)) - PERFORMANCE WARNING: useCacheForAllThreads is true that may cause Netty to create a lot garbage objects and, as a result, trigger GC.
	It is recommended to disable useCacheForAllThreads by setting -Dorg.apache.ratis.thirdparty.io.netty.allocator.useCacheForAllThreads=false in command line.
2019-10-15 01:01:42,855 [main] INFO  grpc.GrpcConfigKeys$Server (ConfUtils.java:logGet(43)) - raft.grpc.server.port = 0 (default)
2019-10-15 01:01:42,856 [main] INFO  server.GrpcService (ConfUtils.java:logGet(43)) - raft.grpc.message.size.max = 33570816 (custom)
2019-10-15 01:01:42,856 [main] INFO  server.RaftServerConfigKeys (ConfUtils.java:logGet(43)) - raft.server.log.appender.buffer.byte-limit = 33554432 (custom)
2019-10-15 01:01:42,856 [main] INFO  server.GrpcService (ConfUtils.java:logGet(43)) - raft.grpc.flow.control.window = 1MB (=1048576) (default)
2019-10-15 01:01:42,856 [main] INFO  server.RaftServerConfigKeys (ConfUtils.java:logGet(43)) - raft.server.rpc.request.timeout = 3000ms (default)
2019-10-15 01:01:42,856 [main] INFO  server.RaftServerConfigKeys (ConfUtils.java:logGet(43)) - raft.server.storage.dir = [/workdir/hadoop-ozone/integration-test/target/test-dir/MiniOzoneClusterImpl-cc4f64bf-2522-4353-a1c8-6ec2c7c786d2/datanode-2/data/ratis] (custom)
2019-10-15 01:01:42,858 [main] INFO  hdfs.DFSUtil (DFSUtil.java:httpServerTemplateForNNAndJN(1641)) - Starting Web-server for hddsDatanode at: http://0.0.0.0:0
2019-10-15 01:01:42,860 [main] INFO  server.AuthenticationFilter (AuthenticationFilter.java:constructSecretProvider(240)) - Unable to initialize FileSignerSecretProvider, falling back to use random secrets.
2019-10-15 01:01:42,860 [main] WARN  http.HttpRequestLog (HttpRequestLog.java:getRequestLog(97)) - Jetty request log can only be enabled using Log4j
2019-10-15 01:01:42,862 [main] INFO  http.HttpServer2 (HttpServer2.java:addGlobalFilter(975)) - Added global filter 'safety' (class=org.apache.hadoop.http.HttpServer2$QuotingInputFilter)
2019-10-15 01:01:42,863 [main] INFO  http.HttpServer2 (HttpServer2.java:addFilter(948)) - Added filter static_user_filter (class=org.apache.hadoop.http.lib.StaticUserWebFilter$StaticUserFilter) to context hddsDatanode
2019-10-15 01:01:42,864 [main] INFO  http.HttpServer2 (HttpServer2.java:addFilter(958)) - Added filter static_user_filter (class=org.apache.hadoop.http.lib.StaticUserWebFilter$StaticUserFilter) to context logs
2019-10-15 01:01:42,864 [main] INFO  http.HttpServer2 (HttpServer2.java:addFilter(958)) - Added filter static_user_filter (class=org.apache.hadoop.http.lib.StaticUserWebFilter$StaticUserFilter) to context static
2019-10-15 01:01:42,865 [main] INFO  http.HttpServer2 (HttpServer2.java:bindListener(1191)) - Jetty bound to port 33431
2019-10-15 01:01:42,865 [main] INFO  server.Server (Server.java:doStart(351)) - jetty-9.3.25.v20180904, build timestamp: 2018-09-04T21:11:46Z, git hash: 3ce520221d0240229c862b122d2b06c12a625732
2019-10-15 01:01:42,867 [main] INFO  handler.ContextHandler (ContextHandler.java:doStart(781)) - Started o.e.j.s.ServletContextHandler@5c53f292{/logs,file:///workdir/hadoop-ozone/integration-test/target/log,AVAILABLE}
2019-10-15 01:01:42,868 [main] INFO  handler.ContextHandler (ContextHandler.java:doStart(781)) - Started o.e.j.s.ServletContextHandler@3b009e7b{/static,jar:file:/home/user/.m2/repository/org/apache/hadoop/hadoop-hdds-container-service/0.5.0-SNAPSHOT/hadoop-hdds-container-service-0.5.0-SNAPSHOT.jar!/webapps/static,AVAILABLE}
2019-10-15 01:01:42,913 [main] INFO  handler.ContextHandler (ContextHandler.java:doStart(781)) - Started o.e.j.w.WebAppContext@79980d8d{/,file:///tmp/jetty-0.0.0.0-33431-hddsDatanode-_-any-3503435293203315830.dir/webapp/,AVAILABLE}{/hddsDatanode}
2019-10-15 01:01:42,913 [main] INFO  server.AbstractConnector (AbstractConnector.java:doStart(278)) - Started ServerConnector@35d60381{HTTP/1.1,[http/1.1]}{0.0.0.0:33431}
2019-10-15 01:01:42,915 [main] INFO  server.Server (Server.java:doStart(419)) - Started @128780ms
2019-10-15 01:01:42,915 [main] WARN  impl.MetricsSystemImpl (MetricsSystemImpl.java:register(276)) - Sink prometheus already exists!
2019-10-15 01:01:42,916 [main] INFO  server.BaseHttpServer (BaseHttpServer.java:updateConnectorAddress(215)) - HTTP server of HDDSDATANODE is listening at http://0.0.0.0:33431
2019-10-15 01:01:42,916 [main] INFO  impl.MetricsSystemImpl (MetricsSystemImpl.java:init(158)) - HddsDatanode metrics system started (again)
2019-10-15 01:01:42,920 [org.apache.hadoop.util.JvmPauseMonitor$Monitor@2a08f4b] INFO  util.JvmPauseMonitor (JvmPauseMonitor.java:run(188)) - Starting JVM pause monitor
2019-10-15 01:01:42,920 [main] INFO  ozone.HddsDatanodeService (HddsDatanodeService.java:start(184)) - HddsDatanodeService host:pr-hdds-2181-4tb7b-1429657930 ip:192.168.30.62
2019-10-15 01:01:42,922 [Datanode State Machine Thread - 0] INFO  datanode.InitDatanodeState (InitDatanodeState.java:persistContainerDatanodeDetails(140)) - DatanodeDetails is persisted to /workdir/hadoop-ozone/integration-test/target/test-dir/MiniOzoneClusterImpl-cc4f64bf-2522-4353-a1c8-6ec2c7c786d2/datanode-2/meta/datanode.id
2019-10-15 01:01:42,930 [main] INFO  volume.HddsVolume (HddsVolume.java:<init>(176)) - Creating Volume: /workdir/hadoop-ozone/integration-test/target/test-dir/MiniOzoneClusterImpl-cc4f64bf-2522-4353-a1c8-6ec2c7c786d2/datanode-3/data/containers/hdds of  storage type : DISK and capacity : 1482555576320
2019-10-15 01:01:42,931 [main] INFO  volume.VolumeSet (VolumeSet.java:initializeVolumeSet(170)) - Added Volume : /workdir/hadoop-ozone/integration-test/target/test-dir/MiniOzoneClusterImpl-cc4f64bf-2522-4353-a1c8-6ec2c7c786d2/datanode-3/data/containers/hdds to VolumeSet
2019-10-15 01:01:42,931 [main] INFO  volume.ThrottledAsyncChecker (ThrottledAsyncChecker.java:schedule(141)) - Scheduling a check for org.apache.hadoop.ozone.container.common.volume.HddsVolume@2a47597
2019-10-15 01:01:42,932 [main] INFO  volume.HddsVolumeChecker (HddsVolumeChecker.java:checkAllVolumes(204)) - Scheduled health check for volume org.apache.hadoop.ozone.container.common.volume.HddsVolume@2a47597
2019-10-15 01:01:42,947 [main] INFO  impl.RaftServerProxy (ConfUtils.java:logGet(43)) - raft.rpc.type = GRPC (default)
2019-10-15 01:01:42,947 [main] INFO  grpc.GrpcFactory (GrpcFactory.java:checkPooledByteBufAllocatorUseCacheForAllThreads(45)) - PERFORMANCE WARNING: useCacheForAllThreads is true that may cause Netty to create a lot garbage objects and, as a result, trigger GC.
	It is recommended to disable useCacheForAllThreads by setting -Dorg.apache.ratis.thirdparty.io.netty.allocator.useCacheForAllThreads=false in command line.
2019-10-15 01:01:42,948 [main] INFO  grpc.GrpcConfigKeys$Server (ConfUtils.java:logGet(43)) - raft.grpc.server.port = 0 (default)
2019-10-15 01:01:42,948 [main] INFO  server.GrpcService (ConfUtils.java:logGet(43)) - raft.grpc.message.size.max = 33570816 (custom)
2019-10-15 01:01:42,948 [main] INFO  server.RaftServerConfigKeys (ConfUtils.java:logGet(43)) - raft.server.log.appender.buffer.byte-limit = 33554432 (custom)
2019-10-15 01:01:42,948 [main] INFO  server.GrpcService (ConfUtils.java:logGet(43)) - raft.grpc.flow.control.window = 1MB (=1048576) (default)
2019-10-15 01:01:42,948 [main] INFO  server.RaftServerConfigKeys (ConfUtils.java:logGet(43)) - raft.server.rpc.request.timeout = 3000ms (default)
2019-10-15 01:01:42,949 [main] INFO  server.RaftServerConfigKeys (ConfUtils.java:logGet(43)) - raft.server.storage.dir = [/workdir/hadoop-ozone/integration-test/target/test-dir/MiniOzoneClusterImpl-cc4f64bf-2522-4353-a1c8-6ec2c7c786d2/datanode-3/data/ratis] (custom)
2019-10-15 01:01:42,950 [main] INFO  hdfs.DFSUtil (DFSUtil.java:httpServerTemplateForNNAndJN(1641)) - Starting Web-server for hddsDatanode at: http://0.0.0.0:0
2019-10-15 01:01:42,951 [main] INFO  server.AuthenticationFilter (AuthenticationFilter.java:constructSecretProvider(240)) - Unable to initialize FileSignerSecretProvider, falling back to use random secrets.
2019-10-15 01:01:42,952 [main] WARN  http.HttpRequestLog (HttpRequestLog.java:getRequestLog(97)) - Jetty request log can only be enabled using Log4j
2019-10-15 01:01:42,953 [main] INFO  http.HttpServer2 (HttpServer2.java:addGlobalFilter(975)) - Added global filter 'safety' (class=org.apache.hadoop.http.HttpServer2$QuotingInputFilter)
2019-10-15 01:01:42,954 [main] INFO  http.HttpServer2 (HttpServer2.java:addFilter(948)) - Added filter static_user_filter (class=org.apache.hadoop.http.lib.StaticUserWebFilter$StaticUserFilter) to context hddsDatanode
2019-10-15 01:01:42,954 [main] INFO  http.HttpServer2 (HttpServer2.java:addFilter(958)) - Added filter static_user_filter (class=org.apache.hadoop.http.lib.StaticUserWebFilter$StaticUserFilter) to context static
2019-10-15 01:01:42,954 [main] INFO  http.HttpServer2 (HttpServer2.java:addFilter(958)) - Added filter static_user_filter (class=org.apache.hadoop.http.lib.StaticUserWebFilter$StaticUserFilter) to context logs
2019-10-15 01:01:42,955 [main] INFO  http.HttpServer2 (HttpServer2.java:bindListener(1191)) - Jetty bound to port 36818
2019-10-15 01:01:42,955 [main] INFO  server.Server (Server.java:doStart(351)) - jetty-9.3.25.v20180904, build timestamp: 2018-09-04T21:11:46Z, git hash: 3ce520221d0240229c862b122d2b06c12a625732
2019-10-15 01:01:42,957 [main] INFO  handler.ContextHandler (ContextHandler.java:doStart(781)) - Started o.e.j.s.ServletContextHandler@3ab35b9c{/logs,file:///workdir/hadoop-ozone/integration-test/target/log,AVAILABLE}
2019-10-15 01:01:42,957 [main] INFO  handler.ContextHandler (ContextHandler.java:doStart(781)) - Started o.e.j.s.ServletContextHandler@52454457{/static,jar:file:/home/user/.m2/repository/org/apache/hadoop/hadoop-hdds-container-service/0.5.0-SNAPSHOT/hadoop-hdds-container-service-0.5.0-SNAPSHOT.jar!/webapps/static,AVAILABLE}
2019-10-15 01:01:42,989 [main] INFO  handler.ContextHandler (ContextHandler.java:doStart(781)) - Started o.e.j.w.WebAppContext@6f5d0190{/,file:///tmp/jetty-0.0.0.0-36818-hddsDatanode-_-any-2262747775119985794.dir/webapp/,AVAILABLE}{/hddsDatanode}
2019-10-15 01:01:42,989 [main] INFO  server.AbstractConnector (AbstractConnector.java:doStart(278)) - Started ServerConnector@67332b1e{HTTP/1.1,[http/1.1]}{0.0.0.0:36818}
2019-10-15 01:01:42,991 [main] INFO  server.Server (Server.java:doStart(419)) - Started @128856ms
2019-10-15 01:01:42,991 [main] WARN  impl.MetricsSystemImpl (MetricsSystemImpl.java:register(276)) - Sink prometheus already exists!
2019-10-15 01:01:42,992 [main] INFO  server.BaseHttpServer (BaseHttpServer.java:updateConnectorAddress(215)) - HTTP server of HDDSDATANODE is listening at http://0.0.0.0:36818
2019-10-15 01:01:42,992 [main] INFO  impl.MetricsSystemImpl (MetricsSystemImpl.java:init(158)) - HddsDatanode metrics system started (again)
2019-10-15 01:01:42,995 [org.apache.hadoop.util.JvmPauseMonitor$Monitor@121ba54e] INFO  util.JvmPauseMonitor (JvmPauseMonitor.java:run(188)) - Starting JVM pause monitor
2019-10-15 01:01:42,996 [main] INFO  ozone.HddsDatanodeService (HddsDatanodeService.java:start(184)) - HddsDatanodeService host:pr-hdds-2181-4tb7b-1429657930 ip:192.168.30.62
2019-10-15 01:01:42,997 [Datanode State Machine Thread - 0] INFO  datanode.InitDatanodeState (InitDatanodeState.java:persistContainerDatanodeDetails(140)) - DatanodeDetails is persisted to /workdir/hadoop-ozone/integration-test/target/test-dir/MiniOzoneClusterImpl-cc4f64bf-2522-4353-a1c8-6ec2c7c786d2/datanode-3/meta/datanode.id
2019-10-15 01:01:43,009 [main] INFO  volume.HddsVolume (HddsVolume.java:<init>(176)) - Creating Volume: /workdir/hadoop-ozone/integration-test/target/test-dir/MiniOzoneClusterImpl-cc4f64bf-2522-4353-a1c8-6ec2c7c786d2/datanode-4/data/containers/hdds of  storage type : DISK and capacity : 1482555576320
2019-10-15 01:01:43,009 [main] INFO  volume.VolumeSet (VolumeSet.java:initializeVolumeSet(170)) - Added Volume : /workdir/hadoop-ozone/integration-test/target/test-dir/MiniOzoneClusterImpl-cc4f64bf-2522-4353-a1c8-6ec2c7c786d2/datanode-4/data/containers/hdds to VolumeSet
2019-10-15 01:01:43,009 [main] INFO  volume.ThrottledAsyncChecker (ThrottledAsyncChecker.java:schedule(141)) - Scheduling a check for org.apache.hadoop.ozone.container.common.volume.HddsVolume@3bfae028
2019-10-15 01:01:43,009 [main] INFO  volume.HddsVolumeChecker (HddsVolumeChecker.java:checkAllVolumes(204)) - Scheduled health check for volume org.apache.hadoop.ozone.container.common.volume.HddsVolume@3bfae028
2019-10-15 01:01:43,022 [main] INFO  impl.RaftServerProxy (ConfUtils.java:logGet(43)) - raft.rpc.type = GRPC (default)
2019-10-15 01:01:43,022 [main] INFO  grpc.GrpcFactory (GrpcFactory.java:checkPooledByteBufAllocatorUseCacheForAllThreads(45)) - PERFORMANCE WARNING: useCacheForAllThreads is true that may cause Netty to create a lot garbage objects and, as a result, trigger GC.
	It is recommended to disable useCacheForAllThreads by setting -Dorg.apache.ratis.thirdparty.io.netty.allocator.useCacheForAllThreads=false in command line.
2019-10-15 01:01:43,022 [main] INFO  grpc.GrpcConfigKeys$Server (ConfUtils.java:logGet(43)) - raft.grpc.server.port = 0 (default)
2019-10-15 01:01:43,023 [main] INFO  server.GrpcService (ConfUtils.java:logGet(43)) - raft.grpc.message.size.max = 33570816 (custom)
2019-10-15 01:01:43,023 [main] INFO  server.RaftServerConfigKeys (ConfUtils.java:logGet(43)) - raft.server.log.appender.buffer.byte-limit = 33554432 (custom)
2019-10-15 01:01:43,023 [main] INFO  server.GrpcService (ConfUtils.java:logGet(43)) - raft.grpc.flow.control.window = 1MB (=1048576) (default)
2019-10-15 01:01:43,023 [main] INFO  server.RaftServerConfigKeys (ConfUtils.java:logGet(43)) - raft.server.rpc.request.timeout = 3000ms (default)
2019-10-15 01:01:43,024 [main] INFO  server.RaftServerConfigKeys (ConfUtils.java:logGet(43)) - raft.server.storage.dir = [/workdir/hadoop-ozone/integration-test/target/test-dir/MiniOzoneClusterImpl-cc4f64bf-2522-4353-a1c8-6ec2c7c786d2/datanode-4/data/ratis] (custom)
2019-10-15 01:01:43,025 [main] INFO  hdfs.DFSUtil (DFSUtil.java:httpServerTemplateForNNAndJN(1641)) - Starting Web-server for hddsDatanode at: http://0.0.0.0:0
2019-10-15 01:01:43,026 [main] INFO  server.AuthenticationFilter (AuthenticationFilter.java:constructSecretProvider(240)) - Unable to initialize FileSignerSecretProvider, falling back to use random secrets.
2019-10-15 01:01:43,026 [main] WARN  http.HttpRequestLog (HttpRequestLog.java:getRequestLog(97)) - Jetty request log can only be enabled using Log4j
2019-10-15 01:01:43,027 [main] INFO  http.HttpServer2 (HttpServer2.java:addGlobalFilter(975)) - Added global filter 'safety' (class=org.apache.hadoop.http.HttpServer2$QuotingInputFilter)
2019-10-15 01:01:43,028 [main] INFO  http.HttpServer2 (HttpServer2.java:addFilter(948)) - Added filter static_user_filter (class=org.apache.hadoop.http.lib.StaticUserWebFilter$StaticUserFilter) to context hddsDatanode
2019-10-15 01:01:43,028 [main] INFO  http.HttpServer2 (HttpServer2.java:addFilter(958)) - Added filter static_user_filter (class=org.apache.hadoop.http.lib.StaticUserWebFilter$StaticUserFilter) to context static
2019-10-15 01:01:43,028 [main] INFO  http.HttpServer2 (HttpServer2.java:addFilter(958)) - Added filter static_user_filter (class=org.apache.hadoop.http.lib.StaticUserWebFilter$StaticUserFilter) to context logs
2019-10-15 01:01:43,029 [main] INFO  http.HttpServer2 (HttpServer2.java:bindListener(1191)) - Jetty bound to port 43772
2019-10-15 01:01:43,029 [main] INFO  server.Server (Server.java:doStart(351)) - jetty-9.3.25.v20180904, build timestamp: 2018-09-04T21:11:46Z, git hash: 3ce520221d0240229c862b122d2b06c12a625732
2019-10-15 01:01:43,031 [main] INFO  handler.ContextHandler (ContextHandler.java:doStart(781)) - Started o.e.j.s.ServletContextHandler@7c40ffef{/logs,file:///workdir/hadoop-ozone/integration-test/target/log,AVAILABLE}
2019-10-15 01:01:43,031 [main] INFO  handler.ContextHandler (ContextHandler.java:doStart(781)) - Started o.e.j.s.ServletContextHandler@64aeaf29{/static,jar:file:/home/user/.m2/repository/org/apache/hadoop/hadoop-hdds-container-service/0.5.0-SNAPSHOT/hadoop-hdds-container-service-0.5.0-SNAPSHOT.jar!/webapps/static,AVAILABLE}
2019-10-15 01:01:43,055 [main] INFO  handler.ContextHandler (ContextHandler.java:doStart(781)) - Started o.e.j.w.WebAppContext@5d318e91{/,file:///tmp/jetty-0.0.0.0-43772-hddsDatanode-_-any-5377294034623519967.dir/webapp/,AVAILABLE}{/hddsDatanode}
2019-10-15 01:01:43,055 [main] INFO  server.AbstractConnector (AbstractConnector.java:doStart(278)) - Started ServerConnector@298b64f7{HTTP/1.1,[http/1.1]}{0.0.0.0:43772}
2019-10-15 01:01:43,057 [main] INFO  server.Server (Server.java:doStart(419)) - Started @128922ms
2019-10-15 01:01:43,057 [main] WARN  impl.MetricsSystemImpl (MetricsSystemImpl.java:register(276)) - Sink prometheus already exists!
2019-10-15 01:01:43,058 [main] INFO  server.BaseHttpServer (BaseHttpServer.java:updateConnectorAddress(215)) - HTTP server of HDDSDATANODE is listening at http://0.0.0.0:43772
2019-10-15 01:01:43,058 [main] INFO  impl.MetricsSystemImpl (MetricsSystemImpl.java:init(158)) - HddsDatanode metrics system started (again)
2019-10-15 01:01:43,062 [main] INFO  ozone.HddsDatanodeService (HddsDatanodeService.java:start(184)) - HddsDatanodeService host:pr-hdds-2181-4tb7b-1429657930 ip:192.168.30.62
2019-10-15 01:01:43,062 [org.apache.hadoop.util.JvmPauseMonitor$Monitor@40480674] INFO  util.JvmPauseMonitor (JvmPauseMonitor.java:run(188)) - Starting JVM pause monitor
2019-10-15 01:01:43,064 [Datanode State Machine Thread - 0] INFO  datanode.InitDatanodeState (InitDatanodeState.java:persistContainerDatanodeDetails(140)) - DatanodeDetails is persisted to /workdir/hadoop-ozone/integration-test/target/test-dir/MiniOzoneClusterImpl-cc4f64bf-2522-4353-a1c8-6ec2c7c786d2/datanode-4/meta/datanode.id
2019-10-15 01:01:43,068 [main] INFO  volume.HddsVolume (HddsVolume.java:<init>(176)) - Creating Volume: /workdir/hadoop-ozone/integration-test/target/test-dir/MiniOzoneClusterImpl-cc4f64bf-2522-4353-a1c8-6ec2c7c786d2/datanode-5/data/containers/hdds of  storage type : DISK and capacity : 1482555576320
2019-10-15 01:01:43,068 [main] INFO  volume.VolumeSet (VolumeSet.java:initializeVolumeSet(170)) - Added Volume : /workdir/hadoop-ozone/integration-test/target/test-dir/MiniOzoneClusterImpl-cc4f64bf-2522-4353-a1c8-6ec2c7c786d2/datanode-5/data/containers/hdds to VolumeSet
2019-10-15 01:01:43,069 [main] INFO  volume.ThrottledAsyncChecker (ThrottledAsyncChecker.java:schedule(141)) - Scheduling a check for org.apache.hadoop.ozone.container.common.volume.HddsVolume@750ed637
2019-10-15 01:01:43,069 [main] INFO  volume.HddsVolumeChecker (HddsVolumeChecker.java:checkAllVolumes(204)) - Scheduled health check for volume org.apache.hadoop.ozone.container.common.volume.HddsVolume@750ed637
2019-10-15 01:01:43,082 [main] INFO  impl.RaftServerProxy (ConfUtils.java:logGet(43)) - raft.rpc.type = GRPC (default)
2019-10-15 01:01:43,082 [main] INFO  grpc.GrpcFactory (GrpcFactory.java:checkPooledByteBufAllocatorUseCacheForAllThreads(45)) - PERFORMANCE WARNING: useCacheForAllThreads is true that may cause Netty to create a lot garbage objects and, as a result, trigger GC.
	It is recommended to disable useCacheForAllThreads by setting -Dorg.apache.ratis.thirdparty.io.netty.allocator.useCacheForAllThreads=false in command line.
2019-10-15 01:01:43,082 [main] INFO  grpc.GrpcConfigKeys$Server (ConfUtils.java:logGet(43)) - raft.grpc.server.port = 0 (default)
2019-10-15 01:01:43,082 [main] INFO  server.GrpcService (ConfUtils.java:logGet(43)) - raft.grpc.message.size.max = 33570816 (custom)
2019-10-15 01:01:43,083 [main] INFO  server.RaftServerConfigKeys (ConfUtils.java:logGet(43)) - raft.server.log.appender.buffer.byte-limit = 33554432 (custom)
2019-10-15 01:01:43,083 [main] INFO  server.GrpcService (ConfUtils.java:logGet(43)) - raft.grpc.flow.control.window = 1MB (=1048576) (default)
2019-10-15 01:01:43,083 [main] INFO  server.RaftServerConfigKeys (ConfUtils.java:logGet(43)) - raft.server.rpc.request.timeout = 3000ms (default)
2019-10-15 01:01:43,083 [main] INFO  server.RaftServerConfigKeys (ConfUtils.java:logGet(43)) - raft.server.storage.dir = [/workdir/hadoop-ozone/integration-test/target/test-dir/MiniOzoneClusterImpl-cc4f64bf-2522-4353-a1c8-6ec2c7c786d2/datanode-5/data/ratis] (custom)
2019-10-15 01:01:43,084 [main] INFO  hdfs.DFSUtil (DFSUtil.java:httpServerTemplateForNNAndJN(1641)) - Starting Web-server for hddsDatanode at: http://0.0.0.0:0
2019-10-15 01:01:43,085 [main] INFO  server.AuthenticationFilter (AuthenticationFilter.java:constructSecretProvider(240)) - Unable to initialize FileSignerSecretProvider, falling back to use random secrets.
2019-10-15 01:01:43,086 [main] WARN  http.HttpRequestLog (HttpRequestLog.java:getRequestLog(97)) - Jetty request log can only be enabled using Log4j
2019-10-15 01:01:43,087 [main] INFO  http.HttpServer2 (HttpServer2.java:addGlobalFilter(975)) - Added global filter 'safety' (class=org.apache.hadoop.http.HttpServer2$QuotingInputFilter)
2019-10-15 01:01:43,087 [main] INFO  http.HttpServer2 (HttpServer2.java:addFilter(948)) - Added filter static_user_filter (class=org.apache.hadoop.http.lib.StaticUserWebFilter$StaticUserFilter) to context hddsDatanode
2019-10-15 01:01:43,087 [main] INFO  http.HttpServer2 (HttpServer2.java:addFilter(958)) - Added filter static_user_filter (class=org.apache.hadoop.http.lib.StaticUserWebFilter$StaticUserFilter) to context logs
2019-10-15 01:01:43,087 [main] INFO  http.HttpServer2 (HttpServer2.java:addFilter(958)) - Added filter static_user_filter (class=org.apache.hadoop.http.lib.StaticUserWebFilter$StaticUserFilter) to context static
2019-10-15 01:01:43,088 [main] INFO  http.HttpServer2 (HttpServer2.java:bindListener(1191)) - Jetty bound to port 46108
2019-10-15 01:01:43,088 [main] INFO  server.Server (Server.java:doStart(351)) - jetty-9.3.25.v20180904, build timestamp: 2018-09-04T21:11:46Z, git hash: 3ce520221d0240229c862b122d2b06c12a625732
2019-10-15 01:01:43,090 [main] INFO  handler.ContextHandler (ContextHandler.java:doStart(781)) - Started o.e.j.s.ServletContextHandler@7f4596d0{/logs,file:///workdir/hadoop-ozone/integration-test/target/log,AVAILABLE}
2019-10-15 01:01:43,090 [main] INFO  handler.ContextHandler (ContextHandler.java:doStart(781)) - Started o.e.j.s.ServletContextHandler@588545ac{/static,jar:file:/home/user/.m2/repository/org/apache/hadoop/hadoop-hdds-container-service/0.5.0-SNAPSHOT/hadoop-hdds-container-service-0.5.0-SNAPSHOT.jar!/webapps/static,AVAILABLE}
2019-10-15 01:01:43,115 [main] INFO  handler.ContextHandler (ContextHandler.java:doStart(781)) - Started o.e.j.w.WebAppContext@6dce59e{/,file:///tmp/jetty-0.0.0.0-46108-hddsDatanode-_-any-7414539523669880290.dir/webapp/,AVAILABLE}{/hddsDatanode}
2019-10-15 01:01:43,115 [main] INFO  server.AbstractConnector (AbstractConnector.java:doStart(278)) - Started ServerConnector@11381415{HTTP/1.1,[http/1.1]}{0.0.0.0:46108}
2019-10-15 01:01:43,117 [main] INFO  server.Server (Server.java:doStart(419)) - Started @128982ms
2019-10-15 01:01:43,117 [main] WARN  impl.MetricsSystemImpl (MetricsSystemImpl.java:register(276)) - Sink prometheus already exists!
2019-10-15 01:01:43,117 [main] INFO  server.BaseHttpServer (BaseHttpServer.java:updateConnectorAddress(215)) - HTTP server of HDDSDATANODE is listening at http://0.0.0.0:46108
2019-10-15 01:01:43,118 [main] INFO  impl.MetricsSystemImpl (MetricsSystemImpl.java:init(158)) - HddsDatanode metrics system started (again)
2019-10-15 01:01:43,121 [main] INFO  ozone.HddsDatanodeService (HddsDatanodeService.java:start(184)) - HddsDatanodeService host:pr-hdds-2181-4tb7b-1429657930 ip:192.168.30.62
2019-10-15 01:01:43,121 [org.apache.hadoop.util.JvmPauseMonitor$Monitor@7100969f] INFO  util.JvmPauseMonitor (JvmPauseMonitor.java:run(188)) - Starting JVM pause monitor
2019-10-15 01:01:43,123 [Datanode State Machine Thread - 0] INFO  datanode.InitDatanodeState (InitDatanodeState.java:persistContainerDatanodeDetails(140)) - DatanodeDetails is persisted to /workdir/hadoop-ozone/integration-test/target/test-dir/MiniOzoneClusterImpl-cc4f64bf-2522-4353-a1c8-6ec2c7c786d2/datanode-5/meta/datanode.id
2019-10-15 01:01:43,127 [main] INFO  volume.HddsVolume (HddsVolume.java:<init>(176)) - Creating Volume: /workdir/hadoop-ozone/integration-test/target/test-dir/MiniOzoneClusterImpl-cc4f64bf-2522-4353-a1c8-6ec2c7c786d2/datanode-6/data/containers/hdds of  storage type : DISK and capacity : 1482555576320
2019-10-15 01:01:43,127 [main] INFO  volume.VolumeSet (VolumeSet.java:initializeVolumeSet(170)) - Added Volume : /workdir/hadoop-ozone/integration-test/target/test-dir/MiniOzoneClusterImpl-cc4f64bf-2522-4353-a1c8-6ec2c7c786d2/datanode-6/data/containers/hdds to VolumeSet
2019-10-15 01:01:43,128 [main] INFO  volume.ThrottledAsyncChecker (ThrottledAsyncChecker.java:schedule(141)) - Scheduling a check for org.apache.hadoop.ozone.container.common.volume.HddsVolume@3ece79fe
2019-10-15 01:01:43,128 [main] INFO  volume.HddsVolumeChecker (HddsVolumeChecker.java:checkAllVolumes(204)) - Scheduled health check for volume org.apache.hadoop.ozone.container.common.volume.HddsVolume@3ece79fe
2019-10-15 01:01:43,140 [main] INFO  impl.RaftServerProxy (ConfUtils.java:logGet(43)) - raft.rpc.type = GRPC (default)
2019-10-15 01:01:43,140 [main] INFO  grpc.GrpcFactory (GrpcFactory.java:checkPooledByteBufAllocatorUseCacheForAllThreads(45)) - PERFORMANCE WARNING: useCacheForAllThreads is true that may cause Netty to create a lot garbage objects and, as a result, trigger GC.
	It is recommended to disable useCacheForAllThreads by setting -Dorg.apache.ratis.thirdparty.io.netty.allocator.useCacheForAllThreads=false in command line.
2019-10-15 01:01:43,140 [main] INFO  grpc.GrpcConfigKeys$Server (ConfUtils.java:logGet(43)) - raft.grpc.server.port = 0 (default)
2019-10-15 01:01:43,141 [main] INFO  server.GrpcService (ConfUtils.java:logGet(43)) - raft.grpc.message.size.max = 33570816 (custom)
2019-10-15 01:01:43,141 [main] INFO  server.RaftServerConfigKeys (ConfUtils.java:logGet(43)) - raft.server.log.appender.buffer.byte-limit = 33554432 (custom)
2019-10-15 01:01:43,141 [main] INFO  server.GrpcService (ConfUtils.java:logGet(43)) - raft.grpc.flow.control.window = 1MB (=1048576) (default)
2019-10-15 01:01:43,141 [main] INFO  server.RaftServerConfigKeys (ConfUtils.java:logGet(43)) - raft.server.rpc.request.timeout = 3000ms (default)
2019-10-15 01:01:43,142 [main] INFO  server.RaftServerConfigKeys (ConfUtils.java:logGet(43)) - raft.server.storage.dir = [/workdir/hadoop-ozone/integration-test/target/test-dir/MiniOzoneClusterImpl-cc4f64bf-2522-4353-a1c8-6ec2c7c786d2/datanode-6/data/ratis] (custom)
2019-10-15 01:01:43,143 [main] INFO  hdfs.DFSUtil (DFSUtil.java:httpServerTemplateForNNAndJN(1641)) - Starting Web-server for hddsDatanode at: http://0.0.0.0:0
2019-10-15 01:01:43,144 [main] INFO  server.AuthenticationFilter (AuthenticationFilter.java:constructSecretProvider(240)) - Unable to initialize FileSignerSecretProvider, falling back to use random secrets.
2019-10-15 01:01:43,144 [main] WARN  http.HttpRequestLog (HttpRequestLog.java:getRequestLog(97)) - Jetty request log can only be enabled using Log4j
2019-10-15 01:01:43,145 [main] INFO  http.HttpServer2 (HttpServer2.java:addGlobalFilter(975)) - Added global filter 'safety' (class=org.apache.hadoop.http.HttpServer2$QuotingInputFilter)
2019-10-15 01:01:43,146 [main] INFO  http.HttpServer2 (HttpServer2.java:addFilter(948)) - Added filter static_user_filter (class=org.apache.hadoop.http.lib.StaticUserWebFilter$StaticUserFilter) to context hddsDatanode
2019-10-15 01:01:43,146 [main] INFO  http.HttpServer2 (HttpServer2.java:addFilter(958)) - Added filter static_user_filter (class=org.apache.hadoop.http.lib.StaticUserWebFilter$StaticUserFilter) to context static
2019-10-15 01:01:43,146 [main] INFO  http.HttpServer2 (HttpServer2.java:addFilter(958)) - Added filter static_user_filter (class=org.apache.hadoop.http.lib.StaticUserWebFilter$StaticUserFilter) to context logs
2019-10-15 01:01:43,146 [main] INFO  http.HttpServer2 (HttpServer2.java:bindListener(1191)) - Jetty bound to port 34044
2019-10-15 01:01:43,147 [main] INFO  server.Server (Server.java:doStart(351)) - jetty-9.3.25.v20180904, build timestamp: 2018-09-04T21:11:46Z, git hash: 3ce520221d0240229c862b122d2b06c12a625732
2019-10-15 01:01:43,148 [main] INFO  handler.ContextHandler (ContextHandler.java:doStart(781)) - Started o.e.j.s.ServletContextHandler@6518fdfd{/logs,file:///workdir/hadoop-ozone/integration-test/target/log,AVAILABLE}
2019-10-15 01:01:43,149 [main] INFO  handler.ContextHandler (ContextHandler.java:doStart(781)) - Started o.e.j.s.ServletContextHandler@cde8c6c{/static,jar:file:/home/user/.m2/repository/org/apache/hadoop/hadoop-hdds-container-service/0.5.0-SNAPSHOT/hadoop-hdds-container-service-0.5.0-SNAPSHOT.jar!/webapps/static,AVAILABLE}
2019-10-15 01:01:43,173 [main] INFO  handler.ContextHandler (ContextHandler.java:doStart(781)) - Started o.e.j.w.WebAppContext@3caafa67{/,file:///tmp/jetty-0.0.0.0-34044-hddsDatanode-_-any-2851963824860285950.dir/webapp/,AVAILABLE}{/hddsDatanode}
2019-10-15 01:01:43,173 [main] INFO  server.AbstractConnector (AbstractConnector.java:doStart(278)) - Started ServerConnector@3e546734{HTTP/1.1,[http/1.1]}{0.0.0.0:34044}
2019-10-15 01:01:43,175 [main] INFO  server.Server (Server.java:doStart(419)) - Started @129040ms
2019-10-15 01:01:43,175 [main] WARN  impl.MetricsSystemImpl (MetricsSystemImpl.java:register(276)) - Sink prometheus already exists!
2019-10-15 01:01:43,176 [main] INFO  server.BaseHttpServer (BaseHttpServer.java:updateConnectorAddress(215)) - HTTP server of HDDSDATANODE is listening at http://0.0.0.0:34044
2019-10-15 01:01:43,176 [main] INFO  ozone.MiniOzoneClusterImpl (MiniOzoneClusterImpl.java:lambda$waitForClusterToBeReady$0(147)) - Waiting for cluster to be ready. Got 0 of 7 DN Heartbeats.
2019-10-15 01:01:43,178 [org.apache.hadoop.util.JvmPauseMonitor$Monitor@1e4f807d] INFO  util.JvmPauseMonitor (JvmPauseMonitor.java:run(188)) - Starting JVM pause monitor
2019-10-15 01:01:43,179 [Datanode State Machine Thread - 0] INFO  datanode.InitDatanodeState (InitDatanodeState.java:persistContainerDatanodeDetails(140)) - DatanodeDetails is persisted to /workdir/hadoop-ozone/integration-test/target/test-dir/MiniOzoneClusterImpl-cc4f64bf-2522-4353-a1c8-6ec2c7c786d2/datanode-6/meta/datanode.id
2019-10-15 01:01:44,177 [main] INFO  ozone.MiniOzoneClusterImpl (MiniOzoneClusterImpl.java:lambda$waitForClusterToBeReady$0(147)) - Waiting for cluster to be ready. Got 0 of 7 DN Heartbeats.
2019-10-15 01:01:44,797 [Datanode State Machine Thread - 0] INFO  ozoneimpl.OzoneContainer (OzoneContainer.java:start(213)) - Attempting to start container services.
2019-10-15 01:01:44,798 [Datanode State Machine Thread - 0] INFO  ozoneimpl.OzoneContainer (OzoneContainer.java:startContainerScrub(177)) - Background container scanner has been disabled.
2019-10-15 01:01:44,798 [Datanode State Machine Thread - 0] INFO  ratis.XceiverServerRatis (XceiverServerRatis.java:start(418)) - Starting XceiverServerRatis d1fe838a-d6b9-4181-abdf-8d55bca94856 at port 0
2019-10-15 01:01:44,806 [Datanode State Machine Thread - 0] INFO  impl.RaftServerProxy (RaftServerProxy.java:lambda$start$3(299)) - d1fe838a-d6b9-4181-abdf-8d55bca94856: start RPC server
2019-10-15 01:01:44,809 [Datanode State Machine Thread - 0] INFO  server.GrpcService (GrpcService.java:startImpl(158)) - d1fe838a-d6b9-4181-abdf-8d55bca94856: GrpcService started, listening on 0.0.0.0/0.0.0.0:37707
2019-10-15 01:01:44,809 [Datanode State Machine Thread - 0] INFO  ratis.XceiverServerRatis (XceiverServerRatis.java:start(428)) - XceiverServerRatis d1fe838a-d6b9-4181-abdf-8d55bca94856 is started using port 37707
2019-10-15 01:01:44,809 [Datanode State Machine Thread - 0] INFO  server.XceiverServerGrpc (XceiverServerGrpc.java:start(149)) - XceiverServerGrpc d1fe838a-d6b9-4181-abdf-8d55bca94856 is started using port 36076
2019-10-15 01:01:44,854 [Datanode State Machine Thread - 0] INFO  ozoneimpl.OzoneContainer (OzoneContainer.java:start(213)) - Attempting to start container services.
2019-10-15 01:01:44,854 [Datanode State Machine Thread - 0] INFO  ozoneimpl.OzoneContainer (OzoneContainer.java:startContainerScrub(177)) - Background container scanner has been disabled.
2019-10-15 01:01:44,855 [Datanode State Machine Thread - 0] INFO  ratis.XceiverServerRatis (XceiverServerRatis.java:start(418)) - Starting XceiverServerRatis 62da231e-6706-4024-9d76-a7730eed6ee2 at port 0
2019-10-15 01:01:44,863 [Datanode State Machine Thread - 0] INFO  impl.RaftServerProxy (RaftServerProxy.java:lambda$start$3(299)) - 62da231e-6706-4024-9d76-a7730eed6ee2: start RPC server
2019-10-15 01:01:44,864 [Datanode State Machine Thread - 0] INFO  server.GrpcService (GrpcService.java:startImpl(158)) - 62da231e-6706-4024-9d76-a7730eed6ee2: GrpcService started, listening on 0.0.0.0/0.0.0.0:33831
2019-10-15 01:01:44,864 [Datanode State Machine Thread - 0] INFO  ratis.XceiverServerRatis (XceiverServerRatis.java:start(428)) - XceiverServerRatis 62da231e-6706-4024-9d76-a7730eed6ee2 is started using port 33831
2019-10-15 01:01:44,866 [Datanode State Machine Thread - 0] INFO  server.XceiverServerGrpc (XceiverServerGrpc.java:start(149)) - XceiverServerGrpc 62da231e-6706-4024-9d76-a7730eed6ee2 is started using port 41024
2019-10-15 01:01:44,936 [Datanode State Machine Thread - 0] INFO  ozoneimpl.OzoneContainer (OzoneContainer.java:start(213)) - Attempting to start container services.
2019-10-15 01:01:44,940 [Datanode State Machine Thread - 0] INFO  ozoneimpl.OzoneContainer (OzoneContainer.java:startContainerScrub(177)) - Background container scanner has been disabled.
2019-10-15 01:01:44,940 [Datanode State Machine Thread - 0] INFO  ratis.XceiverServerRatis (XceiverServerRatis.java:start(418)) - Starting XceiverServerRatis c8fa587d-1a82-4196-bd9f-b9c6b166c070 at port 0
2019-10-15 01:01:44,947 [Datanode State Machine Thread - 0] INFO  impl.RaftServerProxy (RaftServerProxy.java:lambda$start$3(299)) - c8fa587d-1a82-4196-bd9f-b9c6b166c070: start RPC server
2019-10-15 01:01:44,948 [Datanode State Machine Thread - 0] INFO  server.GrpcService (GrpcService.java:startImpl(158)) - c8fa587d-1a82-4196-bd9f-b9c6b166c070: GrpcService started, listening on 0.0.0.0/0.0.0.0:37747
2019-10-15 01:01:44,948 [Datanode State Machine Thread - 0] INFO  ratis.XceiverServerRatis (XceiverServerRatis.java:start(428)) - XceiverServerRatis c8fa587d-1a82-4196-bd9f-b9c6b166c070 is started using port 37747
2019-10-15 01:01:44,949 [Datanode State Machine Thread - 0] INFO  server.XceiverServerGrpc (XceiverServerGrpc.java:start(149)) - XceiverServerGrpc c8fa587d-1a82-4196-bd9f-b9c6b166c070 is started using port 36375
2019-10-15 01:01:45,013 [Datanode State Machine Thread - 0] INFO  ozoneimpl.OzoneContainer (OzoneContainer.java:start(213)) - Attempting to start container services.
2019-10-15 01:01:45,014 [Datanode State Machine Thread - 0] INFO  ozoneimpl.OzoneContainer (OzoneContainer.java:startContainerScrub(177)) - Background container scanner has been disabled.
2019-10-15 01:01:45,014 [Datanode State Machine Thread - 0] INFO  ratis.XceiverServerRatis (XceiverServerRatis.java:start(418)) - Starting XceiverServerRatis d319f595-9836-4801-9f30-1f1ade445257 at port 0
2019-10-15 01:01:45,023 [Datanode State Machine Thread - 0] INFO  impl.RaftServerProxy (RaftServerProxy.java:lambda$start$3(299)) - d319f595-9836-4801-9f30-1f1ade445257: start RPC server
2019-10-15 01:01:45,024 [Datanode State Machine Thread - 0] INFO  server.GrpcService (GrpcService.java:startImpl(158)) - d319f595-9836-4801-9f30-1f1ade445257: GrpcService started, listening on 0.0.0.0/0.0.0.0:38960
2019-10-15 01:01:45,024 [Datanode State Machine Thread - 0] INFO  ratis.XceiverServerRatis (XceiverServerRatis.java:start(428)) - XceiverServerRatis d319f595-9836-4801-9f30-1f1ade445257 is started using port 38960
2019-10-15 01:01:45,025 [Datanode State Machine Thread - 0] INFO  server.XceiverServerGrpc (XceiverServerGrpc.java:start(149)) - XceiverServerGrpc d319f595-9836-4801-9f30-1f1ade445257 is started using port 44889
2019-10-15 01:01:45,077 [Datanode State Machine Thread - 0] INFO  ozoneimpl.OzoneContainer (OzoneContainer.java:start(213)) - Attempting to start container services.
2019-10-15 01:01:45,077 [Datanode State Machine Thread - 0] INFO  ozoneimpl.OzoneContainer (OzoneContainer.java:startContainerScrub(177)) - Background container scanner has been disabled.
2019-10-15 01:01:45,078 [Datanode State Machine Thread - 0] INFO  ratis.XceiverServerRatis (XceiverServerRatis.java:start(418)) - Starting XceiverServerRatis 0ca485ef-835b-49bd-941b-daf1d7e49c7a at port 0
2019-10-15 01:01:45,085 [Datanode State Machine Thread - 0] INFO  impl.RaftServerProxy (RaftServerProxy.java:lambda$start$3(299)) - 0ca485ef-835b-49bd-941b-daf1d7e49c7a: start RPC server
2019-10-15 01:01:45,088 [Datanode State Machine Thread - 0] INFO  server.GrpcService (GrpcService.java:startImpl(158)) - 0ca485ef-835b-49bd-941b-daf1d7e49c7a: GrpcService started, listening on 0.0.0.0/0.0.0.0:35498
2019-10-15 01:01:45,088 [Datanode State Machine Thread - 0] INFO  ratis.XceiverServerRatis (XceiverServerRatis.java:start(428)) - XceiverServerRatis 0ca485ef-835b-49bd-941b-daf1d7e49c7a is started using port 35498
2019-10-15 01:01:45,089 [Datanode State Machine Thread - 0] INFO  server.XceiverServerGrpc (XceiverServerGrpc.java:start(149)) - XceiverServerGrpc 0ca485ef-835b-49bd-941b-daf1d7e49c7a is started using port 35453
2019-10-15 01:01:45,136 [Datanode State Machine Thread - 0] INFO  ozoneimpl.OzoneContainer (OzoneContainer.java:start(213)) - Attempting to start container services.
2019-10-15 01:01:45,137 [Datanode State Machine Thread - 0] INFO  ozoneimpl.OzoneContainer (OzoneContainer.java:startContainerScrub(177)) - Background container scanner has been disabled.
2019-10-15 01:01:45,137 [Datanode State Machine Thread - 0] INFO  ratis.XceiverServerRatis (XceiverServerRatis.java:start(418)) - Starting XceiverServerRatis 94636056-8592-46dd-8100-633f3d87d2e0 at port 0
2019-10-15 01:01:45,146 [Datanode State Machine Thread - 0] INFO  impl.RaftServerProxy (RaftServerProxy.java:lambda$start$3(299)) - 94636056-8592-46dd-8100-633f3d87d2e0: start RPC server
2019-10-15 01:01:45,148 [Datanode State Machine Thread - 0] INFO  server.GrpcService (GrpcService.java:startImpl(158)) - 94636056-8592-46dd-8100-633f3d87d2e0: GrpcService started, listening on 0.0.0.0/0.0.0.0:33137
2019-10-15 01:01:45,149 [Datanode State Machine Thread - 0] INFO  ratis.XceiverServerRatis (XceiverServerRatis.java:start(428)) - XceiverServerRatis 94636056-8592-46dd-8100-633f3d87d2e0 is started using port 33137
2019-10-15 01:01:45,149 [Datanode State Machine Thread - 0] INFO  server.XceiverServerGrpc (XceiverServerGrpc.java:start(149)) - XceiverServerGrpc 94636056-8592-46dd-8100-633f3d87d2e0 is started using port 40148
2019-10-15 01:01:45,178 [main] INFO  ozone.MiniOzoneClusterImpl (MiniOzoneClusterImpl.java:lambda$waitForClusterToBeReady$0(147)) - Waiting for cluster to be ready. Got 0 of 7 DN Heartbeats.
2019-10-15 01:01:45,192 [Datanode State Machine Thread - 0] INFO  ozoneimpl.OzoneContainer (OzoneContainer.java:start(213)) - Attempting to start container services.
2019-10-15 01:01:45,192 [Datanode State Machine Thread - 0] INFO  ozoneimpl.OzoneContainer (OzoneContainer.java:startContainerScrub(177)) - Background container scanner has been disabled.
2019-10-15 01:01:45,192 [Datanode State Machine Thread - 0] INFO  ratis.XceiverServerRatis (XceiverServerRatis.java:start(418)) - Starting XceiverServerRatis 09e120a0-be93-4443-aefc-7fa82b6f6dbf at port 0
2019-10-15 01:01:45,199 [Datanode State Machine Thread - 0] INFO  impl.RaftServerProxy (RaftServerProxy.java:lambda$start$3(299)) - 09e120a0-be93-4443-aefc-7fa82b6f6dbf: start RPC server
2019-10-15 01:01:45,202 [Datanode State Machine Thread - 0] INFO  server.GrpcService (GrpcService.java:startImpl(158)) - 09e120a0-be93-4443-aefc-7fa82b6f6dbf: GrpcService started, listening on 0.0.0.0/0.0.0.0:45717
2019-10-15 01:01:45,203 [Datanode State Machine Thread - 0] INFO  ratis.XceiverServerRatis (XceiverServerRatis.java:start(428)) - XceiverServerRatis 09e120a0-be93-4443-aefc-7fa82b6f6dbf is started using port 45717
2019-10-15 01:01:45,205 [Datanode State Machine Thread - 0] INFO  server.XceiverServerGrpc (XceiverServerGrpc.java:start(149)) - XceiverServerGrpc 09e120a0-be93-4443-aefc-7fa82b6f6dbf is started using port 42227
2019-10-15 01:01:46,179 [main] INFO  ozone.MiniOzoneClusterImpl (MiniOzoneClusterImpl.java:lambda$waitForClusterToBeReady$0(147)) - Waiting for cluster to be ready. Got 0 of 7 DN Heartbeats.
2019-10-15 01:01:46,778 [IPC Server handler 1 on 46494] INFO  net.NetworkTopology (NetworkTopologyImpl.java:add(111)) - Added a new node: /default-rack/d1fe838a-d6b9-4181-abdf-8d55bca94856
2019-10-15 01:01:46,781 [IPC Server handler 1 on 46494] INFO  node.SCMNodeManager (SCMNodeManager.java:register(268)) - Registered Data node : d1fe838a-d6b9-4181-abdf-8d55bca94856{ip: 192.168.30.62, host: pr-hdds-2181-4tb7b-1429657930, networkLocation: /default-rack, certSerialId: null}
2019-10-15 01:01:46,783 [EventQueue-NodeRegistrationContainerReportForDataNodeSafeModeRule] INFO  safemode.SCMSafeModeManager (DataNodeSafeModeRule.java:process(71)) - SCM in safe mode. 1 DataNodes registered, 1 required.
2019-10-15 01:01:46,785 [EventQueue-NodeRegistrationContainerReportForDataNodeSafeModeRule] INFO  safemode.SCMSafeModeManager (SCMSafeModeManager.java:validateSafeModeExitRules(177)) - ScmSafeModeManager, all rules are successfully validated
2019-10-15 01:01:46,785 [EventQueue-NodeRegistrationContainerReportForDataNodeSafeModeRule] INFO  safemode.SCMSafeModeManager (SCMSafeModeManager.java:exitSafeMode(193)) - SCM exiting safe mode.
2019-10-15 01:01:46,795 [grpc-default-executor-2] INFO  impl.RaftServerProxy (RaftServerProxy.java:addNew(89)) - d1fe838a-d6b9-4181-abdf-8d55bca94856: addNew group-F4A7ADA37D2B:[d1fe838a-d6b9-4181-abdf-8d55bca94856:192.168.30.62:37707] returns group-F4A7ADA37D2B:java.util.concurrent.CompletableFuture@2495f5c1[Not completed]
2019-10-15 01:01:46,798 [pool-207-thread-1] INFO  impl.RaftServerImpl (RaftServerImpl.java:<init>(95)) - d1fe838a-d6b9-4181-abdf-8d55bca94856: new RaftServerImpl for group-F4A7ADA37D2B:[d1fe838a-d6b9-4181-abdf-8d55bca94856:192.168.30.62:37707] with ContainerStateMachine:uninitialized
2019-10-15 01:01:46,799 [pool-207-thread-1] INFO  server.RaftServerConfigKeys (ConfUtils.java:logGet(43)) - raft.server.rpc.timeout.min = 5s (custom)
2019-10-15 01:01:46,799 [pool-207-thread-1] INFO  server.RaftServerConfigKeys (ConfUtils.java:logGet(43)) - raft.server.rpc.timeout.max = 5200ms (custom)
2019-10-15 01:01:46,799 [pool-207-thread-1] INFO  server.RaftServerConfigKeys (ConfUtils.java:logGet(43)) - raft.server.rpcslowness.timeout = 120s (custom)
2019-10-15 01:01:46,799 [pool-207-thread-1] INFO  server.RaftServerConfigKeys (ConfUtils.java:logGet(43)) - raft.server.sleep.deviation.threshold = 300 (default)
2019-10-15 01:01:46,799 [pool-207-thread-1] INFO  server.RaftServerConfigKeys (ConfUtils.java:logGet(43)) - raft.server.log.appender.install.snapshot.enabled = false (custom)
2019-10-15 01:01:46,799 [pool-207-thread-1] INFO  impl.RaftServerImpl (ServerState.java:<init>(103)) - d1fe838a-d6b9-4181-abdf-8d55bca94856@group-F4A7ADA37D2B: ConfigurationManager, init=-1: [d1fe838a-d6b9-4181-abdf-8d55bca94856:192.168.30.62:37707], old=null, confs=<EMPTY_MAP>
2019-10-15 01:01:46,800 [pool-207-thread-1] INFO  server.RaftServerConfigKeys (ConfUtils.java:logGet(43)) - raft.server.storage.dir = [/workdir/hadoop-ozone/integration-test/target/test-dir/MiniOzoneClusterImpl-cc4f64bf-2522-4353-a1c8-6ec2c7c786d2/datanode-0/data/ratis] (custom)
2019-10-15 01:01:46,800 [pool-207-thread-1] INFO  server.RaftServerConfigKeys (ConfUtils.java:logGet(43)) - raft.server.log.corruption.policy = EXCEPTION (default)
2019-10-15 01:01:46,801 [pool-207-thread-1] INFO  storage.RaftStorageDirectory (RaftStorageDirectory.java:analyzeStorage(246)) - The storage directory /workdir/hadoop-ozone/integration-test/target/test-dir/MiniOzoneClusterImpl-cc4f64bf-2522-4353-a1c8-6ec2c7c786d2/datanode-0/data/ratis/a1c7955c-34b1-4431-94e0-f4a7ada37d2b does not exist. Creating ...
2019-10-15 01:01:46,814 [pool-207-thread-1] INFO  storage.RaftStorageDirectory (RaftStorageDirectory.java:tryLock(328)) - Lock on /workdir/hadoop-ozone/integration-test/target/test-dir/MiniOzoneClusterImpl-cc4f64bf-2522-4353-a1c8-6ec2c7c786d2/datanode-0/data/ratis/a1c7955c-34b1-4431-94e0-f4a7ada37d2b/in_use.lock acquired by nodename 9255@pr-hdds-2181-4tb7b-1429657930
2019-10-15 01:01:46,828 [pool-207-thread-1] INFO  storage.RaftStorage (RaftStorage.java:format(84)) - Storage directory /workdir/hadoop-ozone/integration-test/target/test-dir/MiniOzoneClusterImpl-cc4f64bf-2522-4353-a1c8-6ec2c7c786d2/datanode-0/data/ratis/a1c7955c-34b1-4431-94e0-f4a7ada37d2b has been successfully formatted.
2019-10-15 01:01:46,828 [pool-207-thread-1] INFO  ratis.ContainerStateMachine (ContainerStateMachine.java:loadSnapshot(231)) - group-F4A7ADA37D2B: The snapshot info is null. Setting the last applied indexto:(t:0, i:~)
2019-10-15 01:01:46,829 [pool-207-thread-1] INFO  server.RaftServerConfigKeys (ConfUtils.java:logGet(43)) - raft.server.notification.no-leader.timeout = 120s (custom)
2019-10-15 01:01:46,829 [pool-207-thread-1] INFO  server.RaftServerConfigKeys (ConfUtils.java:logGet(43)) - raft.server.log.use.memory = false (default)
2019-10-15 01:01:46,829 [pool-207-thread-1] INFO  server.RaftServerConfigKeys (ConfUtils.java:logGet(43)) - raft.server.log.purge.gap = 1000000 (custom)
2019-10-15 01:01:46,829 [pool-207-thread-1] INFO  server.RaftServerConfigKeys (ConfUtils.java:logGet(43)) - raft.server.log.appender.buffer.byte-limit = 33554432 (custom)
2019-10-15 01:01:46,829 [pool-207-thread-1] INFO  server.RaftServerConfigKeys (ConfUtils.java:logGet(43)) - raft.server.log.segment.size.max = 1048576 (custom)
2019-10-15 01:01:46,832 [pool-207-thread-1] INFO  server.RaftServerConfigKeys (ConfUtils.java:logGet(43)) - raft.server.log.segment.cache.num.max = 2 (custom)
2019-10-15 01:01:46,832 [pool-207-thread-1] INFO  segmented.SegmentedRaftLogWorker (SegmentedRaftLogWorker.java:<init>(173)) - new d1fe838a-d6b9-4181-abdf-8d55bca94856@group-F4A7ADA37D2B-SegmentedRaftLogWorker for RaftStorage:Storage Directory /workdir/hadoop-ozone/integration-test/target/test-dir/MiniOzoneClusterImpl-cc4f64bf-2522-4353-a1c8-6ec2c7c786d2/datanode-0/data/ratis/a1c7955c-34b1-4431-94e0-f4a7ada37d2b
2019-10-15 01:01:46,833 [pool-207-thread-1] INFO  server.RaftServerConfigKeys (ConfUtils.java:logGet(43)) - raft.server.log.queue.byte-limit = 2147483647 (custom)
2019-10-15 01:01:46,833 [pool-207-thread-1] INFO  server.RaftServerConfigKeys (ConfUtils.java:logGet(43)) - raft.server.log.queue.element-limit = 1024 (custom)
2019-10-15 01:01:46,833 [pool-207-thread-1] INFO  server.RaftServerConfigKeys (ConfUtils.java:logGet(43)) - raft.server.log.segment.size.max = 1048576 (custom)
2019-10-15 01:01:46,833 [pool-207-thread-1] INFO  server.RaftServerConfigKeys (ConfUtils.java:logGet(43)) - raft.server.log.preallocated.size = 16384 (custom)
2019-10-15 01:01:46,833 [pool-207-thread-1] INFO  server.RaftServerConfigKeys (ConfUtils.java:logGet(43)) - raft.server.log.write.buffer.size = 33554432 (custom)
2019-10-15 01:01:46,833 [pool-207-thread-1] INFO  server.RaftServerConfigKeys (ConfUtils.java:logGet(43)) - raft.server.log.force.sync.num = 128 (default)
2019-10-15 01:01:46,834 [pool-207-thread-1] INFO  server.RaftServerConfigKeys (ConfUtils.java:logGet(43)) - raft.server.log.statemachine.data.sync = true (default)
2019-10-15 01:01:46,834 [pool-207-thread-1] INFO  server.RaftServerConfigKeys (ConfUtils.java:logGet(43)) - raft.server.log.statemachine.data.sync.timeout = 10s (default)
2019-10-15 01:01:46,834 [pool-207-thread-1] INFO  server.RaftServerConfigKeys (ConfUtils.java:logGet(43)) - raft.server.log.statemachine.data.sync.timeout.retry = -1 (default)
2019-10-15 01:01:46,835 [pool-207-thread-1] INFO  server.RaftServerConfigKeys (ConfUtils.java:logGet(43)) - raft.server.log.statemachine.data.caching.enabled = true (custom)
2019-10-15 01:01:46,835 [pool-207-thread-1] INFO  segmented.SegmentedRaftLogWorker (SegmentedRaftLogWorker.java:lambda$new$0(128)) - d1fe838a-d6b9-4181-abdf-8d55bca94856@group-F4A7ADA37D2B-SegmentedRaftLogWorker: flushIndex: setUnconditionally 0 -> -1
2019-10-15 01:01:46,835 [pool-207-thread-1] INFO  server.RaftServerConfigKeys (ConfUtils.java:logGet(43)) - raft.server.snapshot.auto.trigger.enabled = true (custom)
2019-10-15 01:01:46,836 [pool-207-thread-1] INFO  server.RaftServerConfigKeys (ConfUtils.java:logGet(43)) - raft.server.snapshot.auto.trigger.threshold = 10000 (custom)
2019-10-15 01:01:46,836 [pool-207-thread-1] INFO  server.RaftServerConfigKeys (ConfUtils.java:logGet(43)) - raft.server.snapshot.retention.file.num = 5 (custom)
2019-10-15 01:01:46,836 [pool-207-thread-1] INFO  server.RaftServerConfigKeys (ConfUtils.java:logGet(43)) - raft.server.retrycache.expirytime = 600000ms (custom)
2019-10-15 01:01:46,837 [IPC Server handler 2 on 46494] INFO  net.NetworkTopology (NetworkTopologyImpl.java:add(111)) - Added a new node: /default-rack/62da231e-6706-4024-9d76-a7730eed6ee2
2019-10-15 01:01:46,838 [IPC Server handler 2 on 46494] INFO  node.SCMNodeManager (SCMNodeManager.java:register(268)) - Registered Data node : 62da231e-6706-4024-9d76-a7730eed6ee2{ip: 192.168.30.62, host: pr-hdds-2181-4tb7b-1429657930, networkLocation: /default-rack, certSerialId: null}
2019-10-15 01:01:46,839 [pool-207-thread-1] INFO  impl.RaftServerImpl (RaftServerImpl.java:start(181)) - d1fe838a-d6b9-4181-abdf-8d55bca94856@group-F4A7ADA37D2B: start as a follower, conf=-1: [d1fe838a-d6b9-4181-abdf-8d55bca94856:192.168.30.62:37707], old=null
2019-10-15 01:01:46,839 [pool-207-thread-1] INFO  impl.RaftServerImpl (RaftServerImpl.java:setRole(170)) - d1fe838a-d6b9-4181-abdf-8d55bca94856@group-F4A7ADA37D2B: changes role from      null to FOLLOWER at term 0 for startAsFollower
2019-10-15 01:01:46,839 [pool-207-thread-1] INFO  impl.RoleInfo (RoleInfo.java:updateAndGet(143)) - d1fe838a-d6b9-4181-abdf-8d55bca94856: start FollowerState
2019-10-15 01:01:46,840 [pool-207-thread-1] INFO  util.JmxRegister (JmxRegister.java:tryRegister(44)) - Successfully registered JMX Bean with object name Ratis:service=RaftServer,group=group-F4A7ADA37D2B,id=d1fe838a-d6b9-4181-abdf-8d55bca94856
2019-10-15 01:01:46,847 [RatisPipelineUtilsThread] INFO  pipeline.PipelineStateManager (PipelineStateManager.java:addPipeline(56)) - Created pipeline Pipeline[ Id: a1c7955c-34b1-4431-94e0-f4a7ada37d2b, Nodes: d1fe838a-d6b9-4181-abdf-8d55bca94856{ip: 192.168.30.62, host: pr-hdds-2181-4tb7b-1429657930, networkLocation: /default-rack, certSerialId: null}, Type:RATIS, Factor:ONE, State:OPEN]
2019-10-15 01:01:46,862 [grpc-default-executor-2] INFO  impl.RaftServerProxy (RaftServerProxy.java:addNew(89)) - 62da231e-6706-4024-9d76-a7730eed6ee2: addNew group-B81C534FC2D1:[62da231e-6706-4024-9d76-a7730eed6ee2:192.168.30.62:33831] returns group-B81C534FC2D1:java.util.concurrent.CompletableFuture@191894c5[Not completed]
2019-10-15 01:01:46,864 [pool-217-thread-1] INFO  impl.RaftServerImpl (RaftServerImpl.java:<init>(95)) - 62da231e-6706-4024-9d76-a7730eed6ee2: new RaftServerImpl for group-B81C534FC2D1:[62da231e-6706-4024-9d76-a7730eed6ee2:192.168.30.62:33831] with ContainerStateMachine:uninitialized
2019-10-15 01:01:46,864 [pool-217-thread-1] INFO  server.RaftServerConfigKeys (ConfUtils.java:logGet(43)) - raft.server.rpc.timeout.min = 5s (custom)
2019-10-15 01:01:46,864 [pool-217-thread-1] INFO  server.RaftServerConfigKeys (ConfUtils.java:logGet(43)) - raft.server.rpc.timeout.max = 5200ms (custom)
2019-10-15 01:01:46,864 [pool-217-thread-1] INFO  server.RaftServerConfigKeys (ConfUtils.java:logGet(43)) - raft.server.rpcslowness.timeout = 120s (custom)
2019-10-15 01:01:46,864 [pool-217-thread-1] INFO  server.RaftServerConfigKeys (ConfUtils.java:logGet(43)) - raft.server.sleep.deviation.threshold = 300 (default)
2019-10-15 01:01:46,864 [pool-217-thread-1] INFO  server.RaftServerConfigKeys (ConfUtils.java:logGet(43)) - raft.server.log.appender.install.snapshot.enabled = false (custom)
2019-10-15 01:01:46,865 [pool-217-thread-1] INFO  impl.RaftServerImpl (ServerState.java:<init>(103)) - 62da231e-6706-4024-9d76-a7730eed6ee2@group-B81C534FC2D1: ConfigurationManager, init=-1: [62da231e-6706-4024-9d76-a7730eed6ee2:192.168.30.62:33831], old=null, confs=<EMPTY_MAP>
2019-10-15 01:01:46,865 [pool-217-thread-1] INFO  server.RaftServerConfigKeys (ConfUtils.java:logGet(43)) - raft.server.storage.dir = [/workdir/hadoop-ozone/integration-test/target/test-dir/MiniOzoneClusterImpl-cc4f64bf-2522-4353-a1c8-6ec2c7c786d2/datanode-1/data/ratis] (custom)
2019-10-15 01:01:46,865 [pool-217-thread-1] INFO  server.RaftServerConfigKeys (ConfUtils.java:logGet(43)) - raft.server.log.corruption.policy = EXCEPTION (default)
2019-10-15 01:01:46,865 [pool-217-thread-1] INFO  storage.RaftStorageDirectory (RaftStorageDirectory.java:analyzeStorage(246)) - The storage directory /workdir/hadoop-ozone/integration-test/target/test-dir/MiniOzoneClusterImpl-cc4f64bf-2522-4353-a1c8-6ec2c7c786d2/datanode-1/data/ratis/d72d61d5-9799-459b-9305-b81c534fc2d1 does not exist. Creating ...
2019-10-15 01:01:46,878 [pool-217-thread-1] INFO  storage.RaftStorageDirectory (RaftStorageDirectory.java:tryLock(328)) - Lock on /workdir/hadoop-ozone/integration-test/target/test-dir/MiniOzoneClusterImpl-cc4f64bf-2522-4353-a1c8-6ec2c7c786d2/datanode-1/data/ratis/d72d61d5-9799-459b-9305-b81c534fc2d1/in_use.lock acquired by nodename 9255@pr-hdds-2181-4tb7b-1429657930
2019-10-15 01:01:46,891 [pool-217-thread-1] INFO  storage.RaftStorage (RaftStorage.java:format(84)) - Storage directory /workdir/hadoop-ozone/integration-test/target/test-dir/MiniOzoneClusterImpl-cc4f64bf-2522-4353-a1c8-6ec2c7c786d2/datanode-1/data/ratis/d72d61d5-9799-459b-9305-b81c534fc2d1 has been successfully formatted.
2019-10-15 01:01:46,892 [pool-217-thread-1] INFO  ratis.ContainerStateMachine (ContainerStateMachine.java:loadSnapshot(231)) - group-B81C534FC2D1: The snapshot info is null. Setting the last applied indexto:(t:0, i:~)
2019-10-15 01:01:46,893 [pool-217-thread-1] INFO  server.RaftServerConfigKeys (ConfUtils.java:logGet(43)) - raft.server.notification.no-leader.timeout = 120s (custom)
2019-10-15 01:01:46,893 [pool-217-thread-1] INFO  server.RaftServerConfigKeys (ConfUtils.java:logGet(43)) - raft.server.log.use.memory = false (default)
2019-10-15 01:01:46,893 [pool-217-thread-1] INFO  server.RaftServerConfigKeys (ConfUtils.java:logGet(43)) - raft.server.log.purge.gap = 1000000 (custom)
2019-10-15 01:01:46,893 [pool-217-thread-1] INFO  server.RaftServerConfigKeys (ConfUtils.java:logGet(43)) - raft.server.log.appender.buffer.byte-limit = 33554432 (custom)
2019-10-15 01:01:46,893 [pool-217-thread-1] INFO  server.RaftServerConfigKeys (ConfUtils.java:logGet(43)) - raft.server.log.segment.size.max = 1048576 (custom)
2019-10-15 01:01:46,895 [pool-217-thread-1] INFO  server.RaftServerConfigKeys (ConfUtils.java:logGet(43)) - raft.server.log.segment.cache.num.max = 2 (custom)
2019-10-15 01:01:46,895 [pool-217-thread-1] INFO  segmented.SegmentedRaftLogWorker (SegmentedRaftLogWorker.java:<init>(173)) - new 62da231e-6706-4024-9d76-a7730eed6ee2@group-B81C534FC2D1-SegmentedRaftLogWorker for RaftStorage:Storage Directory /workdir/hadoop-ozone/integration-test/target/test-dir/MiniOzoneClusterImpl-cc4f64bf-2522-4353-a1c8-6ec2c7c786d2/datanode-1/data/ratis/d72d61d5-9799-459b-9305-b81c534fc2d1
2019-10-15 01:01:46,896 [pool-217-thread-1] INFO  server.RaftServerConfigKeys (ConfUtils.java:logGet(43)) - raft.server.log.queue.byte-limit = 2147483647 (custom)
2019-10-15 01:01:46,896 [pool-217-thread-1] INFO  server.RaftServerConfigKeys (ConfUtils.java:logGet(43)) - raft.server.log.queue.element-limit = 1024 (custom)
2019-10-15 01:01:46,896 [pool-217-thread-1] INFO  server.RaftServerConfigKeys (ConfUtils.java:logGet(43)) - raft.server.log.segment.size.max = 1048576 (custom)
2019-10-15 01:01:46,896 [pool-217-thread-1] INFO  server.RaftServerConfigKeys (ConfUtils.java:logGet(43)) - raft.server.log.preallocated.size = 16384 (custom)
2019-10-15 01:01:46,896 [pool-217-thread-1] INFO  server.RaftServerConfigKeys (ConfUtils.java:logGet(43)) - raft.server.log.write.buffer.size = 33554432 (custom)
2019-10-15 01:01:46,896 [pool-217-thread-1] INFO  server.RaftServerConfigKeys (ConfUtils.java:logGet(43)) - raft.server.log.force.sync.num = 128 (default)
2019-10-15 01:01:46,897 [pool-217-thread-1] INFO  server.RaftServerConfigKeys (ConfUtils.java:logGet(43)) - raft.server.log.statemachine.data.sync = true (default)
2019-10-15 01:01:46,897 [pool-217-thread-1] INFO  server.RaftServerConfigKeys (ConfUtils.java:logGet(43)) - raft.server.log.statemachine.data.sync.timeout = 10s (default)
2019-10-15 01:01:46,897 [pool-217-thread-1] INFO  server.RaftServerConfigKeys (ConfUtils.java:logGet(43)) - raft.server.log.statemachine.data.sync.timeout.retry = -1 (default)
2019-10-15 01:01:46,897 [pool-217-thread-1] INFO  server.RaftServerConfigKeys (ConfUtils.java:logGet(43)) - raft.server.log.statemachine.data.caching.enabled = true (custom)
2019-10-15 01:01:46,898 [pool-217-thread-1] INFO  segmented.SegmentedRaftLogWorker (SegmentedRaftLogWorker.java:lambda$new$0(128)) - 62da231e-6706-4024-9d76-a7730eed6ee2@group-B81C534FC2D1-SegmentedRaftLogWorker: flushIndex: setUnconditionally 0 -> -1
2019-10-15 01:01:46,898 [pool-217-thread-1] INFO  server.RaftServerConfigKeys (ConfUtils.java:logGet(43)) - raft.server.snapshot.auto.trigger.enabled = true (custom)
2019-10-15 01:01:46,898 [pool-217-thread-1] INFO  server.RaftServerConfigKeys (ConfUtils.java:logGet(43)) - raft.server.snapshot.auto.trigger.threshold = 10000 (custom)
2019-10-15 01:01:46,898 [pool-217-thread-1] INFO  server.RaftServerConfigKeys (ConfUtils.java:logGet(43)) - raft.server.snapshot.retention.file.num = 5 (custom)
2019-10-15 01:01:46,899 [pool-217-thread-1] INFO  server.RaftServerConfigKeys (ConfUtils.java:logGet(43)) - raft.server.retrycache.expirytime = 600000ms (custom)
2019-10-15 01:01:46,901 [pool-217-thread-1] INFO  impl.RaftServerImpl (RaftServerImpl.java:start(181)) - 62da231e-6706-4024-9d76-a7730eed6ee2@group-B81C534FC2D1: start as a follower, conf=-1: [62da231e-6706-4024-9d76-a7730eed6ee2:192.168.30.62:33831], old=null
2019-10-15 01:01:46,901 [pool-217-thread-1] INFO  impl.RaftServerImpl (RaftServerImpl.java:setRole(170)) - 62da231e-6706-4024-9d76-a7730eed6ee2@group-B81C534FC2D1: changes role from      null to FOLLOWER at term 0 for startAsFollower
2019-10-15 01:01:46,901 [pool-217-thread-1] INFO  impl.RoleInfo (RoleInfo.java:updateAndGet(143)) - 62da231e-6706-4024-9d76-a7730eed6ee2: start FollowerState
2019-10-15 01:01:46,901 [pool-217-thread-1] INFO  util.JmxRegister (JmxRegister.java:tryRegister(44)) - Successfully registered JMX Bean with object name Ratis:service=RaftServer,group=group-B81C534FC2D1,id=62da231e-6706-4024-9d76-a7730eed6ee2
2019-10-15 01:01:46,908 [RatisPipelineUtilsThread] INFO  pipeline.PipelineStateManager (PipelineStateManager.java:addPipeline(56)) - Created pipeline Pipeline[ Id: d72d61d5-9799-459b-9305-b81c534fc2d1, Nodes: 62da231e-6706-4024-9d76-a7730eed6ee2{ip: 192.168.30.62, host: pr-hdds-2181-4tb7b-1429657930, networkLocation: /default-rack, certSerialId: null}, Type:RATIS, Factor:ONE, State:OPEN]
2019-10-15 01:01:46,922 [IPC Server handler 3 on 46494] INFO  net.NetworkTopology (NetworkTopologyImpl.java:add(111)) - Added a new node: /default-rack/c8fa587d-1a82-4196-bd9f-b9c6b166c070
2019-10-15 01:01:46,922 [IPC Server handler 3 on 46494] INFO  node.SCMNodeManager (SCMNodeManager.java:register(268)) - Registered Data node : c8fa587d-1a82-4196-bd9f-b9c6b166c070{ip: 192.168.30.62, host: pr-hdds-2181-4tb7b-1429657930, networkLocation: /default-rack, certSerialId: null}
2019-10-15 01:01:46,929 [grpc-default-executor-2] INFO  impl.RaftServerProxy (RaftServerProxy.java:addNew(89)) - c8fa587d-1a82-4196-bd9f-b9c6b166c070: addNew group-9F52AC595237:[c8fa587d-1a82-4196-bd9f-b9c6b166c070:192.168.30.62:37747] returns group-9F52AC595237:java.util.concurrent.CompletableFuture@704d16e1[Not completed]
2019-10-15 01:01:46,931 [pool-227-thread-1] INFO  impl.RaftServerImpl (RaftServerImpl.java:<init>(95)) - c8fa587d-1a82-4196-bd9f-b9c6b166c070: new RaftServerImpl for group-9F52AC595237:[c8fa587d-1a82-4196-bd9f-b9c6b166c070:192.168.30.62:37747] with ContainerStateMachine:uninitialized
2019-10-15 01:01:46,931 [pool-227-thread-1] INFO  server.RaftServerConfigKeys (ConfUtils.java:logGet(43)) - raft.server.rpc.timeout.min = 5s (custom)
2019-10-15 01:01:46,931 [pool-227-thread-1] INFO  server.RaftServerConfigKeys (ConfUtils.java:logGet(43)) - raft.server.rpc.timeout.max = 5200ms (custom)
2019-10-15 01:01:46,931 [pool-227-thread-1] INFO  server.RaftServerConfigKeys (ConfUtils.java:logGet(43)) - raft.server.rpcslowness.timeout = 120s (custom)
2019-10-15 01:01:46,932 [pool-227-thread-1] INFO  server.RaftServerConfigKeys (ConfUtils.java:logGet(43)) - raft.server.sleep.deviation.threshold = 300 (default)
2019-10-15 01:01:46,932 [pool-227-thread-1] INFO  server.RaftServerConfigKeys (ConfUtils.java:logGet(43)) - raft.server.log.appender.install.snapshot.enabled = false (custom)
2019-10-15 01:01:46,932 [pool-227-thread-1] INFO  impl.RaftServerImpl (ServerState.java:<init>(103)) - c8fa587d-1a82-4196-bd9f-b9c6b166c070@group-9F52AC595237: ConfigurationManager, init=-1: [c8fa587d-1a82-4196-bd9f-b9c6b166c070:192.168.30.62:37747], old=null, confs=<EMPTY_MAP>
2019-10-15 01:01:46,932 [pool-227-thread-1] INFO  server.RaftServerConfigKeys (ConfUtils.java:logGet(43)) - raft.server.storage.dir = [/workdir/hadoop-ozone/integration-test/target/test-dir/MiniOzoneClusterImpl-cc4f64bf-2522-4353-a1c8-6ec2c7c786d2/datanode-2/data/ratis] (custom)
2019-10-15 01:01:46,932 [pool-227-thread-1] INFO  server.RaftServerConfigKeys (ConfUtils.java:logGet(43)) - raft.server.log.corruption.policy = EXCEPTION (default)
2019-10-15 01:01:46,933 [pool-227-thread-1] INFO  storage.RaftStorageDirectory (RaftStorageDirectory.java:analyzeStorage(246)) - The storage directory /workdir/hadoop-ozone/integration-test/target/test-dir/MiniOzoneClusterImpl-cc4f64bf-2522-4353-a1c8-6ec2c7c786d2/datanode-2/data/ratis/c49be152-34dd-4f02-8242-9f52ac595237 does not exist. Creating ...
2019-10-15 01:01:46,946 [pool-227-thread-1] INFO  storage.RaftStorageDirectory (RaftStorageDirectory.java:tryLock(328)) - Lock on /workdir/hadoop-ozone/integration-test/target/test-dir/MiniOzoneClusterImpl-cc4f64bf-2522-4353-a1c8-6ec2c7c786d2/datanode-2/data/ratis/c49be152-34dd-4f02-8242-9f52ac595237/in_use.lock acquired by nodename 9255@pr-hdds-2181-4tb7b-1429657930
2019-10-15 01:01:46,960 [pool-227-thread-1] INFO  storage.RaftStorage (RaftStorage.java:format(84)) - Storage directory /workdir/hadoop-ozone/integration-test/target/test-dir/MiniOzoneClusterImpl-cc4f64bf-2522-4353-a1c8-6ec2c7c786d2/datanode-2/data/ratis/c49be152-34dd-4f02-8242-9f52ac595237 has been successfully formatted.
2019-10-15 01:01:46,960 [pool-227-thread-1] INFO  ratis.ContainerStateMachine (ContainerStateMachine.java:loadSnapshot(231)) - group-9F52AC595237: The snapshot info is null. Setting the last applied indexto:(t:0, i:~)
2019-10-15 01:01:46,960 [pool-227-thread-1] INFO  server.RaftServerConfigKeys (ConfUtils.java:logGet(43)) - raft.server.notification.no-leader.timeout = 120s (custom)
2019-10-15 01:01:46,960 [pool-227-thread-1] INFO  server.RaftServerConfigKeys (ConfUtils.java:logGet(43)) - raft.server.log.use.memory = false (default)
2019-10-15 01:01:46,960 [pool-227-thread-1] INFO  server.RaftServerConfigKeys (ConfUtils.java:logGet(43)) - raft.server.log.purge.gap = 1000000 (custom)
2019-10-15 01:01:46,961 [pool-227-thread-1] INFO  server.RaftServerConfigKeys (ConfUtils.java:logGet(43)) - raft.server.log.appender.buffer.byte-limit = 33554432 (custom)
2019-10-15 01:01:46,961 [pool-227-thread-1] INFO  server.RaftServerConfigKeys (ConfUtils.java:logGet(43)) - raft.server.log.segment.size.max = 1048576 (custom)
2019-10-15 01:01:46,963 [pool-227-thread-1] INFO  server.RaftServerConfigKeys (ConfUtils.java:logGet(43)) - raft.server.log.segment.cache.num.max = 2 (custom)
2019-10-15 01:01:46,963 [pool-227-thread-1] INFO  segmented.SegmentedRaftLogWorker (SegmentedRaftLogWorker.java:<init>(173)) - new c8fa587d-1a82-4196-bd9f-b9c6b166c070@group-9F52AC595237-SegmentedRaftLogWorker for RaftStorage:Storage Directory /workdir/hadoop-ozone/integration-test/target/test-dir/MiniOzoneClusterImpl-cc4f64bf-2522-4353-a1c8-6ec2c7c786d2/datanode-2/data/ratis/c49be152-34dd-4f02-8242-9f52ac595237
2019-10-15 01:01:46,963 [pool-227-thread-1] INFO  server.RaftServerConfigKeys (ConfUtils.java:logGet(43)) - raft.server.log.queue.byte-limit = 2147483647 (custom)
2019-10-15 01:01:46,963 [pool-227-thread-1] INFO  server.RaftServerConfigKeys (ConfUtils.java:logGet(43)) - raft.server.log.queue.element-limit = 1024 (custom)
2019-10-15 01:01:46,964 [pool-227-thread-1] INFO  server.RaftServerConfigKeys (ConfUtils.java:logGet(43)) - raft.server.log.segment.size.max = 1048576 (custom)
2019-10-15 01:01:46,964 [pool-227-thread-1] INFO  server.RaftServerConfigKeys (ConfUtils.java:logGet(43)) - raft.server.log.preallocated.size = 16384 (custom)
2019-10-15 01:01:46,964 [pool-227-thread-1] INFO  server.RaftServerConfigKeys (ConfUtils.java:logGet(43)) - raft.server.log.write.buffer.size = 33554432 (custom)
2019-10-15 01:01:46,964 [pool-227-thread-1] INFO  server.RaftServerConfigKeys (ConfUtils.java:logGet(43)) - raft.server.log.force.sync.num = 128 (default)
2019-10-15 01:01:46,964 [pool-227-thread-1] INFO  server.RaftServerConfigKeys (ConfUtils.java:logGet(43)) - raft.server.log.statemachine.data.sync = true (default)
2019-10-15 01:01:46,964 [pool-227-thread-1] INFO  server.RaftServerConfigKeys (ConfUtils.java:logGet(43)) - raft.server.log.statemachine.data.sync.timeout = 10s (default)
2019-10-15 01:01:46,964 [pool-227-thread-1] INFO  server.RaftServerConfigKeys (ConfUtils.java:logGet(43)) - raft.server.log.statemachine.data.sync.timeout.retry = -1 (default)
2019-10-15 01:01:46,965 [pool-227-thread-1] INFO  server.RaftServerConfigKeys (ConfUtils.java:logGet(43)) - raft.server.log.statemachine.data.caching.enabled = true (custom)
2019-10-15 01:01:46,965 [pool-227-thread-1] INFO  segmented.SegmentedRaftLogWorker (SegmentedRaftLogWorker.java:lambda$new$0(128)) - c8fa587d-1a82-4196-bd9f-b9c6b166c070@group-9F52AC595237-SegmentedRaftLogWorker: flushIndex: setUnconditionally 0 -> -1
2019-10-15 01:01:46,966 [pool-227-thread-1] INFO  server.RaftServerConfigKeys (ConfUtils.java:logGet(43)) - raft.server.snapshot.auto.trigger.enabled = true (custom)
2019-10-15 01:01:46,966 [pool-227-thread-1] INFO  server.RaftServerConfigKeys (ConfUtils.java:logGet(43)) - raft.server.snapshot.auto.trigger.threshold = 10000 (custom)
2019-10-15 01:01:46,966 [pool-227-thread-1] INFO  server.RaftServerConfigKeys (ConfUtils.java:logGet(43)) - raft.server.snapshot.retention.file.num = 5 (custom)
2019-10-15 01:01:46,966 [pool-227-thread-1] INFO  server.RaftServerConfigKeys (ConfUtils.java:logGet(43)) - raft.server.retrycache.expirytime = 600000ms (custom)
2019-10-15 01:01:46,968 [pool-227-thread-1] INFO  impl.RaftServerImpl (RaftServerImpl.java:start(181)) - c8fa587d-1a82-4196-bd9f-b9c6b166c070@group-9F52AC595237: start as a follower, conf=-1: [c8fa587d-1a82-4196-bd9f-b9c6b166c070:192.168.30.62:37747], old=null
2019-10-15 01:01:46,968 [pool-227-thread-1] INFO  impl.RaftServerImpl (RaftServerImpl.java:setRole(170)) - c8fa587d-1a82-4196-bd9f-b9c6b166c070@group-9F52AC595237: changes role from      null to FOLLOWER at term 0 for startAsFollower
2019-10-15 01:01:46,968 [pool-227-thread-1] INFO  impl.RoleInfo (RoleInfo.java:updateAndGet(143)) - c8fa587d-1a82-4196-bd9f-b9c6b166c070: start FollowerState
2019-10-15 01:01:46,969 [pool-227-thread-1] INFO  util.JmxRegister (JmxRegister.java:tryRegister(44)) - Successfully registered JMX Bean with object name Ratis:service=RaftServer,group=group-9F52AC595237,id=c8fa587d-1a82-4196-bd9f-b9c6b166c070
2019-10-15 01:01:46,975 [RatisPipelineUtilsThread] INFO  pipeline.PipelineStateManager (PipelineStateManager.java:addPipeline(56)) - Created pipeline Pipeline[ Id: c49be152-34dd-4f02-8242-9f52ac595237, Nodes: c8fa587d-1a82-4196-bd9f-b9c6b166c070{ip: 192.168.30.62, host: pr-hdds-2181-4tb7b-1429657930, networkLocation: /default-rack, certSerialId: null}, Type:RATIS, Factor:ONE, State:OPEN]
2019-10-15 01:01:46,985 [grpc-default-executor-6] INFO  impl.RaftServerProxy (RaftServerProxy.java:addNew(89)) - 62da231e-6706-4024-9d76-a7730eed6ee2: addNew group-DF31B5A3C09F:[d1fe838a-d6b9-4181-abdf-8d55bca94856:192.168.30.62:37707, c8fa587d-1a82-4196-bd9f-b9c6b166c070:192.168.30.62:37747, 62da231e-6706-4024-9d76-a7730eed6ee2:192.168.30.62:33831] returns group-DF31B5A3C09F:java.util.concurrent.CompletableFuture@87424c[Not completed]
2019-10-15 01:01:46,985 [grpc-default-executor-1] INFO  impl.RaftServerProxy (RaftServerProxy.java:addNew(89)) - c8fa587d-1a82-4196-bd9f-b9c6b166c070: addNew group-DF31B5A3C09F:[d1fe838a-d6b9-4181-abdf-8d55bca94856:192.168.30.62:37707, c8fa587d-1a82-4196-bd9f-b9c6b166c070:192.168.30.62:37747, 62da231e-6706-4024-9d76-a7730eed6ee2:192.168.30.62:33831] returns group-DF31B5A3C09F:java.util.concurrent.CompletableFuture@471537c5[Not completed]
2019-10-15 01:01:46,985 [grpc-default-executor-2] INFO  impl.RaftServerProxy (RaftServerProxy.java:addNew(89)) - d1fe838a-d6b9-4181-abdf-8d55bca94856: addNew group-DF31B5A3C09F:[d1fe838a-d6b9-4181-abdf-8d55bca94856:192.168.30.62:37707, c8fa587d-1a82-4196-bd9f-b9c6b166c070:192.168.30.62:37747, 62da231e-6706-4024-9d76-a7730eed6ee2:192.168.30.62:33831] returns group-DF31B5A3C09F:java.util.concurrent.CompletableFuture@7dd8a86f[Not completed]
2019-10-15 01:01:46,986 [pool-217-thread-1] INFO  impl.RaftServerImpl (RaftServerImpl.java:<init>(95)) - 62da231e-6706-4024-9d76-a7730eed6ee2: new RaftServerImpl for group-DF31B5A3C09F:[d1fe838a-d6b9-4181-abdf-8d55bca94856:192.168.30.62:37707, c8fa587d-1a82-4196-bd9f-b9c6b166c070:192.168.30.62:37747, 62da231e-6706-4024-9d76-a7730eed6ee2:192.168.30.62:33831] with ContainerStateMachine:uninitialized
2019-10-15 01:01:46,987 [pool-217-thread-1] INFO  server.RaftServerConfigKeys (ConfUtils.java:logGet(43)) - raft.server.rpc.timeout.min = 5s (custom)
2019-10-15 01:01:46,987 [pool-217-thread-1] INFO  server.RaftServerConfigKeys (ConfUtils.java:logGet(43)) - raft.server.rpc.timeout.max = 5200ms (custom)
2019-10-15 01:01:46,987 [pool-217-thread-1] INFO  server.RaftServerConfigKeys (ConfUtils.java:logGet(43)) - raft.server.rpcslowness.timeout = 120s (custom)
2019-10-15 01:01:46,987 [pool-217-thread-1] INFO  server.RaftServerConfigKeys (ConfUtils.java:logGet(43)) - raft.server.sleep.deviation.threshold = 300 (default)
2019-10-15 01:01:46,987 [pool-217-thread-1] INFO  server.RaftServerConfigKeys (ConfUtils.java:logGet(43)) - raft.server.log.appender.install.snapshot.enabled = false (custom)
2019-10-15 01:01:46,987 [pool-207-thread-1] INFO  impl.RaftServerImpl (RaftServerImpl.java:<init>(95)) - d1fe838a-d6b9-4181-abdf-8d55bca94856: new RaftServerImpl for group-DF31B5A3C09F:[d1fe838a-d6b9-4181-abdf-8d55bca94856:192.168.30.62:37707, c8fa587d-1a82-4196-bd9f-b9c6b166c070:192.168.30.62:37747, 62da231e-6706-4024-9d76-a7730eed6ee2:192.168.30.62:33831] with ContainerStateMachine:uninitialized
2019-10-15 01:01:46,987 [pool-217-thread-1] INFO  impl.RaftServerImpl (ServerState.java:<init>(103)) - 62da231e-6706-4024-9d76-a7730eed6ee2@group-DF31B5A3C09F: ConfigurationManager, init=-1: [d1fe838a-d6b9-4181-abdf-8d55bca94856:192.168.30.62:37707, c8fa587d-1a82-4196-bd9f-b9c6b166c070:192.168.30.62:37747, 62da231e-6706-4024-9d76-a7730eed6ee2:192.168.30.62:33831], old=null, confs=<EMPTY_MAP>
2019-10-15 01:01:46,987 [pool-207-thread-1] INFO  server.RaftServerConfigKeys (ConfUtils.java:logGet(43)) - raft.server.rpc.timeout.min = 5s (custom)
2019-10-15 01:01:46,988 [pool-217-thread-1] INFO  server.RaftServerConfigKeys (ConfUtils.java:logGet(43)) - raft.server.storage.dir = [/workdir/hadoop-ozone/integration-test/target/test-dir/MiniOzoneClusterImpl-cc4f64bf-2522-4353-a1c8-6ec2c7c786d2/datanode-1/data/ratis] (custom)
2019-10-15 01:01:46,988 [pool-207-thread-1] INFO  server.RaftServerConfigKeys (ConfUtils.java:logGet(43)) - raft.server.rpc.timeout.max = 5200ms (custom)
2019-10-15 01:01:46,988 [pool-227-thread-1] INFO  impl.RaftServerImpl (RaftServerImpl.java:<init>(95)) - c8fa587d-1a82-4196-bd9f-b9c6b166c070: new RaftServerImpl for group-DF31B5A3C09F:[d1fe838a-d6b9-4181-abdf-8d55bca94856:192.168.30.62:37707, c8fa587d-1a82-4196-bd9f-b9c6b166c070:192.168.30.62:37747, 62da231e-6706-4024-9d76-a7730eed6ee2:192.168.30.62:33831] with ContainerStateMachine:uninitialized
2019-10-15 01:01:46,988 [pool-217-thread-1] INFO  server.RaftServerConfigKeys (ConfUtils.java:logGet(43)) - raft.server.log.corruption.policy = EXCEPTION (default)
2019-10-15 01:01:46,988 [pool-207-thread-1] INFO  server.RaftServerConfigKeys (ConfUtils.java:logGet(43)) - raft.server.rpcslowness.timeout = 120s (custom)
2019-10-15 01:01:46,988 [pool-217-thread-1] INFO  storage.RaftStorageDirectory (RaftStorageDirectory.java:analyzeStorage(246)) - The storage directory /workdir/hadoop-ozone/integration-test/target/test-dir/MiniOzoneClusterImpl-cc4f64bf-2522-4353-a1c8-6ec2c7c786d2/datanode-1/data/ratis/b3fa6c92-d9c7-40bd-bfcd-df31b5a3c09f does not exist. Creating ...
2019-10-15 01:01:46,988 [pool-227-thread-1] INFO  server.RaftServerConfigKeys (ConfUtils.java:logGet(43)) - raft.server.rpc.timeout.min = 5s (custom)
2019-10-15 01:01:46,988 [pool-207-thread-1] INFO  server.RaftServerConfigKeys (ConfUtils.java:logGet(43)) - raft.server.sleep.deviation.threshold = 300 (default)
2019-10-15 01:01:46,989 [pool-227-thread-1] INFO  server.RaftServerConfigKeys (ConfUtils.java:logGet(43)) - raft.server.rpc.timeout.max = 5200ms (custom)
2019-10-15 01:01:46,989 [pool-207-thread-1] INFO  server.RaftServerConfigKeys (ConfUtils.java:logGet(43)) - raft.server.log.appender.install.snapshot.enabled = false (custom)
2019-10-15 01:01:46,989 [pool-227-thread-1] INFO  server.RaftServerConfigKeys (ConfUtils.java:logGet(43)) - raft.server.rpcslowness.timeout = 120s (custom)
2019-10-15 01:01:46,989 [pool-207-thread-1] INFO  impl.RaftServerImpl (ServerState.java:<init>(103)) - d1fe838a-d6b9-4181-abdf-8d55bca94856@group-DF31B5A3C09F: ConfigurationManager, init=-1: [d1fe838a-d6b9-4181-abdf-8d55bca94856:192.168.30.62:37707, c8fa587d-1a82-4196-bd9f-b9c6b166c070:192.168.30.62:37747, 62da231e-6706-4024-9d76-a7730eed6ee2:192.168.30.62:33831], old=null, confs=<EMPTY_MAP>
2019-10-15 01:01:46,989 [pool-227-thread-1] INFO  server.RaftServerConfigKeys (ConfUtils.java:logGet(43)) - raft.server.sleep.deviation.threshold = 300 (default)
2019-10-15 01:01:46,989 [pool-207-thread-1] INFO  server.RaftServerConfigKeys (ConfUtils.java:logGet(43)) - raft.server.storage.dir = [/workdir/hadoop-ozone/integration-test/target/test-dir/MiniOzoneClusterImpl-cc4f64bf-2522-4353-a1c8-6ec2c7c786d2/datanode-0/data/ratis] (custom)
2019-10-15 01:01:46,989 [pool-227-thread-1] INFO  server.RaftServerConfigKeys (ConfUtils.java:logGet(43)) - raft.server.log.appender.install.snapshot.enabled = false (custom)
2019-10-15 01:01:46,990 [pool-227-thread-1] INFO  impl.RaftServerImpl (ServerState.java:<init>(103)) - c8fa587d-1a82-4196-bd9f-b9c6b166c070@group-DF31B5A3C09F: ConfigurationManager, init=-1: [d1fe838a-d6b9-4181-abdf-8d55bca94856:192.168.30.62:37707, c8fa587d-1a82-4196-bd9f-b9c6b166c070:192.168.30.62:37747, 62da231e-6706-4024-9d76-a7730eed6ee2:192.168.30.62:33831], old=null, confs=<EMPTY_MAP>
2019-10-15 01:01:46,990 [pool-207-thread-1] INFO  server.RaftServerConfigKeys (ConfUtils.java:logGet(43)) - raft.server.log.corruption.policy = EXCEPTION (default)
2019-10-15 01:01:46,990 [pool-227-thread-1] INFO  server.RaftServerConfigKeys (ConfUtils.java:logGet(43)) - raft.server.storage.dir = [/workdir/hadoop-ozone/integration-test/target/test-dir/MiniOzoneClusterImpl-cc4f64bf-2522-4353-a1c8-6ec2c7c786d2/datanode-2/data/ratis] (custom)
2019-10-15 01:01:46,990 [pool-207-thread-1] INFO  storage.RaftStorageDirectory (RaftStorageDirectory.java:analyzeStorage(246)) - The storage directory /workdir/hadoop-ozone/integration-test/target/test-dir/MiniOzoneClusterImpl-cc4f64bf-2522-4353-a1c8-6ec2c7c786d2/datanode-0/data/ratis/b3fa6c92-d9c7-40bd-bfcd-df31b5a3c09f does not exist. Creating ...
2019-10-15 01:01:46,990 [pool-227-thread-1] INFO  server.RaftServerConfigKeys (ConfUtils.java:logGet(43)) - raft.server.log.corruption.policy = EXCEPTION (default)
2019-10-15 01:01:46,990 [pool-227-thread-1] INFO  storage.RaftStorageDirectory (RaftStorageDirectory.java:analyzeStorage(246)) - The storage directory /workdir/hadoop-ozone/integration-test/target/test-dir/MiniOzoneClusterImpl-cc4f64bf-2522-4353-a1c8-6ec2c7c786d2/datanode-2/data/ratis/b3fa6c92-d9c7-40bd-bfcd-df31b5a3c09f does not exist. Creating ...
2019-10-15 01:01:46,996 [IPC Server handler 4 on 46494] INFO  net.NetworkTopology (NetworkTopologyImpl.java:add(111)) - Added a new node: /default-rack/d319f595-9836-4801-9f30-1f1ade445257
2019-10-15 01:01:46,996 [IPC Server handler 4 on 46494] INFO  node.SCMNodeManager (SCMNodeManager.java:register(268)) - Registered Data node : d319f595-9836-4801-9f30-1f1ade445257{ip: 192.168.30.62, host: pr-hdds-2181-4tb7b-1429657930, networkLocation: /default-rack, certSerialId: null}
2019-10-15 01:01:47,002 [pool-217-thread-1] INFO  storage.RaftStorageDirectory (RaftStorageDirectory.java:tryLock(328)) - Lock on /workdir/hadoop-ozone/integration-test/target/test-dir/MiniOzoneClusterImpl-cc4f64bf-2522-4353-a1c8-6ec2c7c786d2/datanode-1/data/ratis/b3fa6c92-d9c7-40bd-bfcd-df31b5a3c09f/in_use.lock acquired by nodename 9255@pr-hdds-2181-4tb7b-1429657930
2019-10-15 01:01:47,002 [pool-207-thread-1] INFO  storage.RaftStorageDirectory (RaftStorageDirectory.java:tryLock(328)) - Lock on /workdir/hadoop-ozone/integration-test/target/test-dir/MiniOzoneClusterImpl-cc4f64bf-2522-4353-a1c8-6ec2c7c786d2/datanode-0/data/ratis/b3fa6c92-d9c7-40bd-bfcd-df31b5a3c09f/in_use.lock acquired by nodename 9255@pr-hdds-2181-4tb7b-1429657930
2019-10-15 01:01:47,002 [pool-227-thread-1] INFO  storage.RaftStorageDirectory (RaftStorageDirectory.java:tryLock(328)) - Lock on /workdir/hadoop-ozone/integration-test/target/test-dir/MiniOzoneClusterImpl-cc4f64bf-2522-4353-a1c8-6ec2c7c786d2/datanode-2/data/ratis/b3fa6c92-d9c7-40bd-bfcd-df31b5a3c09f/in_use.lock acquired by nodename 9255@pr-hdds-2181-4tb7b-1429657930
2019-10-15 01:01:47,016 [pool-217-thread-1] INFO  storage.RaftStorage (RaftStorage.java:format(84)) - Storage directory /workdir/hadoop-ozone/integration-test/target/test-dir/MiniOzoneClusterImpl-cc4f64bf-2522-4353-a1c8-6ec2c7c786d2/datanode-1/data/ratis/b3fa6c92-d9c7-40bd-bfcd-df31b5a3c09f has been successfully formatted.
2019-10-15 01:01:47,016 [pool-227-thread-1] INFO  storage.RaftStorage (RaftStorage.java:format(84)) - Storage directory /workdir/hadoop-ozone/integration-test/target/test-dir/MiniOzoneClusterImpl-cc4f64bf-2522-4353-a1c8-6ec2c7c786d2/datanode-2/data/ratis/b3fa6c92-d9c7-40bd-bfcd-df31b5a3c09f has been successfully formatted.
2019-10-15 01:01:47,016 [pool-207-thread-1] INFO  storage.RaftStorage (RaftStorage.java:format(84)) - Storage directory /workdir/hadoop-ozone/integration-test/target/test-dir/MiniOzoneClusterImpl-cc4f64bf-2522-4353-a1c8-6ec2c7c786d2/datanode-0/data/ratis/b3fa6c92-d9c7-40bd-bfcd-df31b5a3c09f has been successfully formatted.
2019-10-15 01:01:47,016 [pool-227-thread-1] INFO  ratis.ContainerStateMachine (ContainerStateMachine.java:loadSnapshot(231)) - group-DF31B5A3C09F: The snapshot info is null. Setting the last applied indexto:(t:0, i:~)
2019-10-15 01:01:47,016 [pool-207-thread-1] INFO  ratis.ContainerStateMachine (ContainerStateMachine.java:loadSnapshot(231)) - group-DF31B5A3C09F: The snapshot info is null. Setting the last applied indexto:(t:0, i:~)
2019-10-15 01:01:47,016 [pool-217-thread-1] INFO  ratis.ContainerStateMachine (ContainerStateMachine.java:loadSnapshot(231)) - group-DF31B5A3C09F: The snapshot info is null. Setting the last applied indexto:(t:0, i:~)
2019-10-15 01:01:47,017 [pool-207-thread-1] INFO  server.RaftServerConfigKeys (ConfUtils.java:logGet(43)) - raft.server.notification.no-leader.timeout = 120s (custom)
2019-10-15 01:01:47,017 [pool-207-thread-1] INFO  server.RaftServerConfigKeys (ConfUtils.java:logGet(43)) - raft.server.log.use.memory = false (default)
2019-10-15 01:01:47,016 [pool-227-thread-1] INFO  server.RaftServerConfigKeys (ConfUtils.java:logGet(43)) - raft.server.notification.no-leader.timeout = 120s (custom)
2019-10-15 01:01:47,017 [pool-207-thread-1] INFO  server.RaftServerConfigKeys (ConfUtils.java:logGet(43)) - raft.server.log.purge.gap = 1000000 (custom)
2019-10-15 01:01:47,017 [pool-217-thread-1] INFO  server.RaftServerConfigKeys (ConfUtils.java:logGet(43)) - raft.server.notification.no-leader.timeout = 120s (custom)
2019-10-15 01:01:47,017 [pool-207-thread-1] INFO  server.RaftServerConfigKeys (ConfUtils.java:logGet(43)) - raft.server.log.appender.buffer.byte-limit = 33554432 (custom)
2019-10-15 01:01:47,017 [pool-227-thread-1] INFO  server.RaftServerConfigKeys (ConfUtils.java:logGet(43)) - raft.server.log.use.memory = false (default)
2019-10-15 01:01:47,018 [pool-207-thread-1] INFO  server.RaftServerConfigKeys (ConfUtils.java:logGet(43)) - raft.server.log.segment.size.max = 1048576 (custom)
2019-10-15 01:01:47,018 [pool-217-thread-1] INFO  server.RaftServerConfigKeys (ConfUtils.java:logGet(43)) - raft.server.log.use.memory = false (default)
2019-10-15 01:01:47,018 [pool-207-thread-1] INFO  server.RaftServerConfigKeys (ConfUtils.java:logGet(43)) - raft.server.log.segment.cache.num.max = 2 (custom)
2019-10-15 01:01:47,018 [pool-227-thread-1] INFO  server.RaftServerConfigKeys (ConfUtils.java:logGet(43)) - raft.server.log.purge.gap = 1000000 (custom)
2019-10-15 01:01:47,018 [pool-207-thread-1] INFO  segmented.SegmentedRaftLogWorker (SegmentedRaftLogWorker.java:<init>(173)) - new d1fe838a-d6b9-4181-abdf-8d55bca94856@group-DF31B5A3C09F-SegmentedRaftLogWorker for RaftStorage:Storage Directory /workdir/hadoop-ozone/integration-test/target/test-dir/MiniOzoneClusterImpl-cc4f64bf-2522-4353-a1c8-6ec2c7c786d2/datanode-0/data/ratis/b3fa6c92-d9c7-40bd-bfcd-df31b5a3c09f
2019-10-15 01:01:47,018 [pool-217-thread-1] INFO  server.RaftServerConfigKeys (ConfUtils.java:logGet(43)) - raft.server.log.purge.gap = 1000000 (custom)
2019-10-15 01:01:47,019 [pool-207-thread-1] INFO  server.RaftServerConfigKeys (ConfUtils.java:logGet(43)) - raft.server.log.queue.byte-limit = 2147483647 (custom)
2019-10-15 01:01:47,019 [pool-227-thread-1] INFO  server.RaftServerConfigKeys (ConfUtils.java:logGet(43)) - raft.server.log.appender.buffer.byte-limit = 33554432 (custom)
2019-10-15 01:01:47,019 [pool-207-thread-1] INFO  server.RaftServerConfigKeys (ConfUtils.java:logGet(43)) - raft.server.log.queue.element-limit = 1024 (custom)
2019-10-15 01:01:47,019 [pool-217-thread-1] INFO  server.RaftServerConfigKeys (ConfUtils.java:logGet(43)) - raft.server.log.appender.buffer.byte-limit = 33554432 (custom)
2019-10-15 01:01:47,019 [pool-207-thread-1] INFO  server.RaftServerConfigKeys (ConfUtils.java:logGet(43)) - raft.server.log.segment.size.max = 1048576 (custom)
2019-10-15 01:01:47,019 [pool-227-thread-1] INFO  server.RaftServerConfigKeys (ConfUtils.java:logGet(43)) - raft.server.log.segment.size.max = 1048576 (custom)
2019-10-15 01:01:47,020 [pool-207-thread-1] INFO  server.RaftServerConfigKeys (ConfUtils.java:logGet(43)) - raft.server.log.preallocated.size = 16384 (custom)
2019-10-15 01:01:47,019 [pool-217-thread-1] INFO  server.RaftServerConfigKeys (ConfUtils.java:logGet(43)) - raft.server.log.segment.size.max = 1048576 (custom)
2019-10-15 01:01:47,020 [pool-207-thread-1] INFO  server.RaftServerConfigKeys (ConfUtils.java:logGet(43)) - raft.server.log.write.buffer.size = 33554432 (custom)
2019-10-15 01:01:47,020 [pool-227-thread-1] INFO  server.RaftServerConfigKeys (ConfUtils.java:logGet(43)) - raft.server.log.segment.cache.num.max = 2 (custom)
2019-10-15 01:01:47,020 [pool-207-thread-1] INFO  server.RaftServerConfigKeys (ConfUtils.java:logGet(43)) - raft.server.log.force.sync.num = 128 (default)
2019-10-15 01:01:47,020 [pool-217-thread-1] INFO  server.RaftServerConfigKeys (ConfUtils.java:logGet(43)) - raft.server.log.segment.cache.num.max = 2 (custom)
2019-10-15 01:01:47,021 [pool-207-thread-1] INFO  server.RaftServerConfigKeys (ConfUtils.java:logGet(43)) - raft.server.log.statemachine.data.sync = true (default)
2019-10-15 01:01:47,020 [pool-227-thread-1] INFO  segmented.SegmentedRaftLogWorker (SegmentedRaftLogWorker.java:<init>(173)) - new c8fa587d-1a82-4196-bd9f-b9c6b166c070@group-DF31B5A3C09F-SegmentedRaftLogWorker for RaftStorage:Storage Directory /workdir/hadoop-ozone/integration-test/target/test-dir/MiniOzoneClusterImpl-cc4f64bf-2522-4353-a1c8-6ec2c7c786d2/datanode-2/data/ratis/b3fa6c92-d9c7-40bd-bfcd-df31b5a3c09f
2019-10-15 01:01:47,021 [pool-207-thread-1] INFO  server.RaftServerConfigKeys (ConfUtils.java:logGet(43)) - raft.server.log.statemachine.data.sync.timeout = 10s (default)
2019-10-15 01:01:47,021 [pool-217-thread-1] INFO  segmented.SegmentedRaftLogWorker (SegmentedRaftLogWorker.java:<init>(173)) - new 62da231e-6706-4024-9d76-a7730eed6ee2@group-DF31B5A3C09F-SegmentedRaftLogWorker for RaftStorage:Storage Directory /workdir/hadoop-ozone/integration-test/target/test-dir/MiniOzoneClusterImpl-cc4f64bf-2522-4353-a1c8-6ec2c7c786d2/datanode-1/data/ratis/b3fa6c92-d9c7-40bd-bfcd-df31b5a3c09f
2019-10-15 01:01:47,021 [pool-207-thread-1] INFO  server.RaftServerConfigKeys (ConfUtils.java:logGet(43)) - raft.server.log.statemachine.data.sync.timeout.retry = -1 (default)
2019-10-15 01:01:47,021 [pool-227-thread-1] INFO  server.RaftServerConfigKeys (ConfUtils.java:logGet(43)) - raft.server.log.queue.byte-limit = 2147483647 (custom)
2019-10-15 01:01:47,022 [pool-207-thread-1] INFO  server.RaftServerConfigKeys (ConfUtils.java:logGet(43)) - raft.server.log.statemachine.data.caching.enabled = true (custom)
2019-10-15 01:01:47,021 [pool-217-thread-1] INFO  server.RaftServerConfigKeys (ConfUtils.java:logGet(43)) - raft.server.log.queue.byte-limit = 2147483647 (custom)
2019-10-15 01:01:47,022 [pool-227-thread-1] INFO  server.RaftServerConfigKeys (ConfUtils.java:logGet(43)) - raft.server.log.queue.element-limit = 1024 (custom)
2019-10-15 01:01:47,022 [pool-207-thread-1] INFO  segmented.SegmentedRaftLogWorker (SegmentedRaftLogWorker.java:lambda$new$0(128)) - d1fe838a-d6b9-4181-abdf-8d55bca94856@group-DF31B5A3C09F-SegmentedRaftLogWorker: flushIndex: setUnconditionally 0 -> -1
2019-10-15 01:01:47,022 [pool-217-thread-1] INFO  server.RaftServerConfigKeys (ConfUtils.java:logGet(43)) - raft.server.log.queue.element-limit = 1024 (custom)
2019-10-15 01:01:47,022 [pool-227-thread-1] INFO  server.RaftServerConfigKeys (ConfUtils.java:logGet(43)) - raft.server.log.segment.size.max = 1048576 (custom)
2019-10-15 01:01:47,023 [pool-207-thread-1] INFO  server.RaftServerConfigKeys (ConfUtils.java:logGet(43)) - raft.server.snapshot.auto.trigger.enabled = true (custom)
2019-10-15 01:01:47,023 [pool-217-thread-1] INFO  server.RaftServerConfigKeys (ConfUtils.java:logGet(43)) - raft.server.log.segment.size.max = 1048576 (custom)
2019-10-15 01:01:47,023 [pool-207-thread-1] INFO  server.RaftServerConfigKeys (ConfUtils.java:logGet(43)) - raft.server.snapshot.auto.trigger.threshold = 10000 (custom)
2019-10-15 01:01:47,023 [pool-227-thread-1] INFO  server.RaftServerConfigKeys (ConfUtils.java:logGet(43)) - raft.server.log.preallocated.size = 16384 (custom)
2019-10-15 01:01:47,023 [pool-207-thread-1] INFO  server.RaftServerConfigKeys (ConfUtils.java:logGet(43)) - raft.server.snapshot.retention.file.num = 5 (custom)
2019-10-15 01:01:47,023 [pool-217-thread-1] INFO  server.RaftServerConfigKeys (ConfUtils.java:logGet(43)) - raft.server.log.preallocated.size = 16384 (custom)
2019-10-15 01:01:47,023 [pool-207-thread-1] INFO  server.RaftServerConfigKeys (ConfUtils.java:logGet(43)) - raft.server.retrycache.expirytime = 600000ms (custom)
2019-10-15 01:01:47,023 [pool-227-thread-1] INFO  server.RaftServerConfigKeys (ConfUtils.java:logGet(43)) - raft.server.log.write.buffer.size = 33554432 (custom)
2019-10-15 01:01:47,024 [pool-217-thread-1] INFO  server.RaftServerConfigKeys (ConfUtils.java:logGet(43)) - raft.server.log.write.buffer.size = 33554432 (custom)
2019-10-15 01:01:47,024 [pool-227-thread-1] INFO  server.RaftServerConfigKeys (ConfUtils.java:logGet(43)) - raft.server.log.force.sync.num = 128 (default)
2019-10-15 01:01:47,024 [pool-217-thread-1] INFO  server.RaftServerConfigKeys (ConfUtils.java:logGet(43)) - raft.server.log.force.sync.num = 128 (default)
2019-10-15 01:01:47,024 [pool-227-thread-1] INFO  server.RaftServerConfigKeys (ConfUtils.java:logGet(43)) - raft.server.log.statemachine.data.sync = true (default)
2019-10-15 01:01:47,024 [pool-217-thread-1] INFO  server.RaftServerConfigKeys (ConfUtils.java:logGet(43)) - raft.server.log.statemachine.data.sync = true (default)
2019-10-15 01:01:47,024 [pool-227-thread-1] INFO  server.RaftServerConfigKeys (ConfUtils.java:logGet(43)) - raft.server.log.statemachine.data.sync.timeout = 10s (default)
2019-10-15 01:01:47,025 [pool-217-thread-1] INFO  server.RaftServerConfigKeys (ConfUtils.java:logGet(43)) - raft.server.log.statemachine.data.sync.timeout = 10s (default)
2019-10-15 01:01:47,025 [pool-227-thread-1] INFO  server.RaftServerConfigKeys (ConfUtils.java:logGet(43)) - raft.server.log.statemachine.data.sync.timeout.retry = -1 (default)
2019-10-15 01:01:47,025 [pool-217-thread-1] INFO  server.RaftServerConfigKeys (ConfUtils.java:logGet(43)) - raft.server.log.statemachine.data.sync.timeout.retry = -1 (default)
2019-10-15 01:01:47,025 [pool-227-thread-1] INFO  server.RaftServerConfigKeys (ConfUtils.java:logGet(43)) - raft.server.log.statemachine.data.caching.enabled = true (custom)
2019-10-15 01:01:47,025 [pool-217-thread-1] INFO  server.RaftServerConfigKeys (ConfUtils.java:logGet(43)) - raft.server.log.statemachine.data.caching.enabled = true (custom)
2019-10-15 01:01:47,026 [pool-227-thread-1] INFO  segmented.SegmentedRaftLogWorker (SegmentedRaftLogWorker.java:lambda$new$0(128)) - c8fa587d-1a82-4196-bd9f-b9c6b166c070@group-DF31B5A3C09F-SegmentedRaftLogWorker: flushIndex: setUnconditionally 0 -> -1
2019-10-15 01:01:47,026 [pool-217-thread-1] INFO  segmented.SegmentedRaftLogWorker (SegmentedRaftLogWorker.java:lambda$new$0(128)) - 62da231e-6706-4024-9d76-a7730eed6ee2@group-DF31B5A3C09F-SegmentedRaftLogWorker: flushIndex: setUnconditionally 0 -> -1
2019-10-15 01:01:47,026 [pool-207-thread-1] INFO  impl.RaftServerImpl (RaftServerImpl.java:start(181)) - d1fe838a-d6b9-4181-abdf-8d55bca94856@group-DF31B5A3C09F: start as a follower, conf=-1: [d1fe838a-d6b9-4181-abdf-8d55bca94856:192.168.30.62:37707, c8fa587d-1a82-4196-bd9f-b9c6b166c070:192.168.30.62:37747, 62da231e-6706-4024-9d76-a7730eed6ee2:192.168.30.62:33831], old=null
2019-10-15 01:01:47,026 [pool-227-thread-1] INFO  server.RaftServerConfigKeys (ConfUtils.java:logGet(43)) - raft.server.snapshot.auto.trigger.enabled = true (custom)
2019-10-15 01:01:47,026 [pool-207-thread-1] INFO  impl.RaftServerImpl (RaftServerImpl.java:setRole(170)) - d1fe838a-d6b9-4181-abdf-8d55bca94856@group-DF31B5A3C09F: changes role from      null to FOLLOWER at term 0 for startAsFollower
2019-10-15 01:01:47,026 [pool-217-thread-1] INFO  server.RaftServerConfigKeys (ConfUtils.java:logGet(43)) - raft.server.snapshot.auto.trigger.enabled = true (custom)
2019-10-15 01:01:47,026 [pool-207-thread-1] INFO  impl.RoleInfo (RoleInfo.java:updateAndGet(143)) - d1fe838a-d6b9-4181-abdf-8d55bca94856: start FollowerState
2019-10-15 01:01:47,026 [pool-227-thread-1] INFO  server.RaftServerConfigKeys (ConfUtils.java:logGet(43)) - raft.server.snapshot.auto.trigger.threshold = 10000 (custom)
2019-10-15 01:01:47,026 [pool-217-thread-1] INFO  server.RaftServerConfigKeys (ConfUtils.java:logGet(43)) - raft.server.snapshot.auto.trigger.threshold = 10000 (custom)
2019-10-15 01:01:47,027 [pool-207-thread-1] INFO  util.JmxRegister (JmxRegister.java:tryRegister(44)) - Successfully registered JMX Bean with object name Ratis:service=RaftServer,group=group-DF31B5A3C09F,id=d1fe838a-d6b9-4181-abdf-8d55bca94856
2019-10-15 01:01:47,027 [pool-227-thread-1] INFO  server.RaftServerConfigKeys (ConfUtils.java:logGet(43)) - raft.server.snapshot.retention.file.num = 5 (custom)
2019-10-15 01:01:47,027 [pool-217-thread-1] INFO  server.RaftServerConfigKeys (ConfUtils.java:logGet(43)) - raft.server.snapshot.retention.file.num = 5 (custom)
2019-10-15 01:01:47,027 [pool-227-thread-1] INFO  server.RaftServerConfigKeys (ConfUtils.java:logGet(43)) - raft.server.retrycache.expirytime = 600000ms (custom)
2019-10-15 01:01:47,027 [pool-217-thread-1] INFO  server.RaftServerConfigKeys (ConfUtils.java:logGet(43)) - raft.server.retrycache.expirytime = 600000ms (custom)
2019-10-15 01:01:47,032 [pool-227-thread-1] INFO  impl.RaftServerImpl (RaftServerImpl.java:start(181)) - c8fa587d-1a82-4196-bd9f-b9c6b166c070@group-DF31B5A3C09F: start as a follower, conf=-1: [d1fe838a-d6b9-4181-abdf-8d55bca94856:192.168.30.62:37707, c8fa587d-1a82-4196-bd9f-b9c6b166c070:192.168.30.62:37747, 62da231e-6706-4024-9d76-a7730eed6ee2:192.168.30.62:33831], old=null
2019-10-15 01:01:47,032 [pool-227-thread-1] INFO  impl.RaftServerImpl (RaftServerImpl.java:setRole(170)) - c8fa587d-1a82-4196-bd9f-b9c6b166c070@group-DF31B5A3C09F: changes role from      null to FOLLOWER at term 0 for startAsFollower
2019-10-15 01:01:47,032 [pool-217-thread-1] INFO  impl.RaftServerImpl (RaftServerImpl.java:start(181)) - 62da231e-6706-4024-9d76-a7730eed6ee2@group-DF31B5A3C09F: start as a follower, conf=-1: [d1fe838a-d6b9-4181-abdf-8d55bca94856:192.168.30.62:37707, c8fa587d-1a82-4196-bd9f-b9c6b166c070:192.168.30.62:37747, 62da231e-6706-4024-9d76-a7730eed6ee2:192.168.30.62:33831], old=null
2019-10-15 01:01:47,035 [pool-227-thread-1] INFO  impl.RoleInfo (RoleInfo.java:updateAndGet(143)) - c8fa587d-1a82-4196-bd9f-b9c6b166c070: start FollowerState
2019-10-15 01:01:47,035 [pool-217-thread-1] INFO  impl.RaftServerImpl (RaftServerImpl.java:setRole(170)) - 62da231e-6706-4024-9d76-a7730eed6ee2@group-DF31B5A3C09F: changes role from      null to FOLLOWER at term 0 for startAsFollower
2019-10-15 01:01:47,035 [pool-217-thread-1] INFO  impl.RoleInfo (RoleInfo.java:updateAndGet(143)) - 62da231e-6706-4024-9d76-a7730eed6ee2: start FollowerState
2019-10-15 01:01:47,035 [pool-227-thread-1] INFO  util.JmxRegister (JmxRegister.java:tryRegister(44)) - Successfully registered JMX Bean with object name Ratis:service=RaftServer,group=group-DF31B5A3C09F,id=c8fa587d-1a82-4196-bd9f-b9c6b166c070
2019-10-15 01:01:47,036 [pool-217-thread-1] INFO  util.JmxRegister (JmxRegister.java:tryRegister(44)) - Successfully registered JMX Bean with object name Ratis:service=RaftServer,group=group-DF31B5A3C09F,id=62da231e-6706-4024-9d76-a7730eed6ee2
2019-10-15 01:01:47,046 [RatisPipelineUtilsThread] INFO  pipeline.PipelineStateManager (PipelineStateManager.java:addPipeline(56)) - Created pipeline Pipeline[ Id: b3fa6c92-d9c7-40bd-bfcd-df31b5a3c09f, Nodes: d1fe838a-d6b9-4181-abdf-8d55bca94856{ip: 192.168.30.62, host: pr-hdds-2181-4tb7b-1429657930, networkLocation: /default-rack, certSerialId: null}62da231e-6706-4024-9d76-a7730eed6ee2{ip: 192.168.30.62, host: pr-hdds-2181-4tb7b-1429657930, networkLocation: /default-rack, certSerialId: null}c8fa587d-1a82-4196-bd9f-b9c6b166c070{ip: 192.168.30.62, host: pr-hdds-2181-4tb7b-1429657930, networkLocation: /default-rack, certSerialId: null}, Type:RATIS, Factor:THREE, State:OPEN]
2019-10-15 01:01:47,063 [IPC Server handler 5 on 46494] INFO  net.NetworkTopology (NetworkTopologyImpl.java:add(111)) - Added a new node: /default-rack/0ca485ef-835b-49bd-941b-daf1d7e49c7a
2019-10-15 01:01:47,063 [IPC Server handler 5 on 46494] INFO  node.SCMNodeManager (SCMNodeManager.java:register(268)) - Registered Data node : 0ca485ef-835b-49bd-941b-daf1d7e49c7a{ip: 192.168.30.62, host: pr-hdds-2181-4tb7b-1429657930, networkLocation: /default-rack, certSerialId: null}
2019-10-15 01:01:47,071 [grpc-default-executor-2] INFO  impl.RaftServerProxy (RaftServerProxy.java:addNew(89)) - d319f595-9836-4801-9f30-1f1ade445257: addNew group-679C8B23389D:[d319f595-9836-4801-9f30-1f1ade445257:192.168.30.62:38960] returns group-679C8B23389D:java.util.concurrent.CompletableFuture@180ef527[Not completed]
2019-10-15 01:01:47,075 [pool-237-thread-1] INFO  impl.RaftServerImpl (RaftServerImpl.java:<init>(95)) - d319f595-9836-4801-9f30-1f1ade445257: new RaftServerImpl for group-679C8B23389D:[d319f595-9836-4801-9f30-1f1ade445257:192.168.30.62:38960] with ContainerStateMachine:uninitialized
2019-10-15 01:01:47,075 [pool-237-thread-1] INFO  server.RaftServerConfigKeys (ConfUtils.java:logGet(43)) - raft.server.rpc.timeout.min = 5s (custom)
2019-10-15 01:01:47,075 [pool-237-thread-1] INFO  server.RaftServerConfigKeys (ConfUtils.java:logGet(43)) - raft.server.rpc.timeout.max = 5200ms (custom)
2019-10-15 01:01:47,075 [pool-237-thread-1] INFO  server.RaftServerConfigKeys (ConfUtils.java:logGet(43)) - raft.server.rpcslowness.timeout = 120s (custom)
2019-10-15 01:01:47,075 [pool-237-thread-1] INFO  server.RaftServerConfigKeys (ConfUtils.java:logGet(43)) - raft.server.sleep.deviation.threshold = 300 (default)
2019-10-15 01:01:47,075 [pool-237-thread-1] INFO  server.RaftServerConfigKeys (ConfUtils.java:logGet(43)) - raft.server.log.appender.install.snapshot.enabled = false (custom)
2019-10-15 01:01:47,075 [pool-237-thread-1] INFO  impl.RaftServerImpl (ServerState.java:<init>(103)) - d319f595-9836-4801-9f30-1f1ade445257@group-679C8B23389D: ConfigurationManager, init=-1: [d319f595-9836-4801-9f30-1f1ade445257:192.168.30.62:38960], old=null, confs=<EMPTY_MAP>
2019-10-15 01:01:47,075 [pool-237-thread-1] INFO  server.RaftServerConfigKeys (ConfUtils.java:logGet(43)) - raft.server.storage.dir = [/workdir/hadoop-ozone/integration-test/target/test-dir/MiniOzoneClusterImpl-cc4f64bf-2522-4353-a1c8-6ec2c7c786d2/datanode-3/data/ratis] (custom)
2019-10-15 01:01:47,076 [pool-237-thread-1] INFO  server.RaftServerConfigKeys (ConfUtils.java:logGet(43)) - raft.server.log.corruption.policy = EXCEPTION (default)
2019-10-15 01:01:47,076 [pool-237-thread-1] INFO  storage.RaftStorageDirectory (RaftStorageDirectory.java:analyzeStorage(246)) - The storage directory /workdir/hadoop-ozone/integration-test/target/test-dir/MiniOzoneClusterImpl-cc4f64bf-2522-4353-a1c8-6ec2c7c786d2/datanode-3/data/ratis/3eb94074-d52c-42ac-8e31-679c8b23389d does not exist. Creating ...
2019-10-15 01:01:47,094 [pool-237-thread-1] INFO  storage.RaftStorageDirectory (RaftStorageDirectory.java:tryLock(328)) - Lock on /workdir/hadoop-ozone/integration-test/target/test-dir/MiniOzoneClusterImpl-cc4f64bf-2522-4353-a1c8-6ec2c7c786d2/datanode-3/data/ratis/3eb94074-d52c-42ac-8e31-679c8b23389d/in_use.lock acquired by nodename 9255@pr-hdds-2181-4tb7b-1429657930
2019-10-15 01:01:47,107 [pool-237-thread-1] INFO  storage.RaftStorage (RaftStorage.java:format(84)) - Storage directory /workdir/hadoop-ozone/integration-test/target/test-dir/MiniOzoneClusterImpl-cc4f64bf-2522-4353-a1c8-6ec2c7c786d2/datanode-3/data/ratis/3eb94074-d52c-42ac-8e31-679c8b23389d has been successfully formatted.
2019-10-15 01:01:47,108 [pool-237-thread-1] INFO  ratis.ContainerStateMachine (ContainerStateMachine.java:loadSnapshot(231)) - group-679C8B23389D: The snapshot info is null. Setting the last applied indexto:(t:0, i:~)
2019-10-15 01:01:47,108 [pool-237-thread-1] INFO  server.RaftServerConfigKeys (ConfUtils.java:logGet(43)) - raft.server.notification.no-leader.timeout = 120s (custom)
2019-10-15 01:01:47,108 [pool-237-thread-1] INFO  server.RaftServerConfigKeys (ConfUtils.java:logGet(43)) - raft.server.log.use.memory = false (default)
2019-10-15 01:01:47,108 [pool-237-thread-1] INFO  server.RaftServerConfigKeys (ConfUtils.java:logGet(43)) - raft.server.log.purge.gap = 1000000 (custom)
2019-10-15 01:01:47,108 [pool-237-thread-1] INFO  server.RaftServerConfigKeys (ConfUtils.java:logGet(43)) - raft.server.log.appender.buffer.byte-limit = 33554432 (custom)
2019-10-15 01:01:47,108 [pool-237-thread-1] INFO  server.RaftServerConfigKeys (ConfUtils.java:logGet(43)) - raft.server.log.segment.size.max = 1048576 (custom)
2019-10-15 01:01:47,110 [pool-237-thread-1] INFO  server.RaftServerConfigKeys (ConfUtils.java:logGet(43)) - raft.server.log.segment.cache.num.max = 2 (custom)
2019-10-15 01:01:47,110 [pool-237-thread-1] INFO  segmented.SegmentedRaftLogWorker (SegmentedRaftLogWorker.java:<init>(173)) - new d319f595-9836-4801-9f30-1f1ade445257@group-679C8B23389D-SegmentedRaftLogWorker for RaftStorage:Storage Directory /workdir/hadoop-ozone/integration-test/target/test-dir/MiniOzoneClusterImpl-cc4f64bf-2522-4353-a1c8-6ec2c7c786d2/datanode-3/data/ratis/3eb94074-d52c-42ac-8e31-679c8b23389d
2019-10-15 01:01:47,110 [pool-237-thread-1] INFO  server.RaftServerConfigKeys (ConfUtils.java:logGet(43)) - raft.server.log.queue.byte-limit = 2147483647 (custom)
2019-10-15 01:01:47,110 [pool-237-thread-1] INFO  server.RaftServerConfigKeys (ConfUtils.java:logGet(43)) - raft.server.log.queue.element-limit = 1024 (custom)
2019-10-15 01:01:47,111 [pool-237-thread-1] INFO  server.RaftServerConfigKeys (ConfUtils.java:logGet(43)) - raft.server.log.segment.size.max = 1048576 (custom)
2019-10-15 01:01:47,111 [pool-237-thread-1] INFO  server.RaftServerConfigKeys (ConfUtils.java:logGet(43)) - raft.server.log.preallocated.size = 16384 (custom)
2019-10-15 01:01:47,111 [pool-237-thread-1] INFO  server.RaftServerConfigKeys (ConfUtils.java:logGet(43)) - raft.server.log.write.buffer.size = 33554432 (custom)
2019-10-15 01:01:47,111 [pool-237-thread-1] INFO  server.RaftServerConfigKeys (ConfUtils.java:logGet(43)) - raft.server.log.force.sync.num = 128 (default)
2019-10-15 01:01:47,111 [pool-237-thread-1] INFO  server.RaftServerConfigKeys (ConfUtils.java:logGet(43)) - raft.server.log.statemachine.data.sync = true (default)
2019-10-15 01:01:47,111 [pool-237-thread-1] INFO  server.RaftServerConfigKeys (ConfUtils.java:logGet(43)) - raft.server.log.statemachine.data.sync.timeout = 10s (default)
2019-10-15 01:01:47,111 [pool-237-thread-1] INFO  server.RaftServerConfigKeys (ConfUtils.java:logGet(43)) - raft.server.log.statemachine.data.sync.timeout.retry = -1 (default)
2019-10-15 01:01:47,112 [pool-237-thread-1] INFO  server.RaftServerConfigKeys (ConfUtils.java:logGet(43)) - raft.server.log.statemachine.data.caching.enabled = true (custom)
2019-10-15 01:01:47,112 [pool-237-thread-1] INFO  segmented.SegmentedRaftLogWorker (SegmentedRaftLogWorker.java:lambda$new$0(128)) - d319f595-9836-4801-9f30-1f1ade445257@group-679C8B23389D-SegmentedRaftLogWorker: flushIndex: setUnconditionally 0 -> -1
2019-10-15 01:01:47,112 [pool-237-thread-1] INFO  server.RaftServerConfigKeys (ConfUtils.java:logGet(43)) - raft.server.snapshot.auto.trigger.enabled = true (custom)
2019-10-15 01:01:47,112 [pool-237-thread-1] INFO  server.RaftServerConfigKeys (ConfUtils.java:logGet(43)) - raft.server.snapshot.auto.trigger.threshold = 10000 (custom)
2019-10-15 01:01:47,112 [pool-237-thread-1] INFO  server.RaftServerConfigKeys (ConfUtils.java:logGet(43)) - raft.server.snapshot.retention.file.num = 5 (custom)
2019-10-15 01:01:47,112 [pool-237-thread-1] INFO  server.RaftServerConfigKeys (ConfUtils.java:logGet(43)) - raft.server.retrycache.expirytime = 600000ms (custom)
2019-10-15 01:01:47,114 [pool-237-thread-1] INFO  impl.RaftServerImpl (RaftServerImpl.java:start(181)) - d319f595-9836-4801-9f30-1f1ade445257@group-679C8B23389D: start as a follower, conf=-1: [d319f595-9836-4801-9f30-1f1ade445257:192.168.30.62:38960], old=null
2019-10-15 01:01:47,114 [pool-237-thread-1] INFO  impl.RaftServerImpl (RaftServerImpl.java:setRole(170)) - d319f595-9836-4801-9f30-1f1ade445257@group-679C8B23389D: changes role from      null to FOLLOWER at term 0 for startAsFollower
2019-10-15 01:01:47,114 [pool-237-thread-1] INFO  impl.RoleInfo (RoleInfo.java:updateAndGet(143)) - d319f595-9836-4801-9f30-1f1ade445257: start FollowerState
2019-10-15 01:01:47,114 [pool-237-thread-1] INFO  util.JmxRegister (JmxRegister.java:tryRegister(44)) - Successfully registered JMX Bean with object name Ratis:service=RaftServer,group=group-679C8B23389D,id=d319f595-9836-4801-9f30-1f1ade445257
2019-10-15 01:01:47,121 [RatisPipelineUtilsThread] INFO  pipeline.PipelineStateManager (PipelineStateManager.java:addPipeline(56)) - Created pipeline Pipeline[ Id: 3eb94074-d52c-42ac-8e31-679c8b23389d, Nodes: d319f595-9836-4801-9f30-1f1ade445257{ip: 192.168.30.62, host: pr-hdds-2181-4tb7b-1429657930, networkLocation: /default-rack, certSerialId: null}, Type:RATIS, Factor:ONE, State:OPEN]
2019-10-15 01:01:47,124 [IPC Server handler 6 on 46494] INFO  net.NetworkTopology (NetworkTopologyImpl.java:add(111)) - Added a new node: /default-rack/94636056-8592-46dd-8100-633f3d87d2e0
2019-10-15 01:01:47,124 [IPC Server handler 6 on 46494] INFO  node.SCMNodeManager (SCMNodeManager.java:register(268)) - Registered Data node : 94636056-8592-46dd-8100-633f3d87d2e0{ip: 192.168.30.62, host: pr-hdds-2181-4tb7b-1429657930, networkLocation: /default-rack, certSerialId: null}
2019-10-15 01:01:47,131 [grpc-default-executor-2] INFO  impl.RaftServerProxy (RaftServerProxy.java:addNew(89)) - 0ca485ef-835b-49bd-941b-daf1d7e49c7a: addNew group-A45CE81671AF:[0ca485ef-835b-49bd-941b-daf1d7e49c7a:192.168.30.62:35498] returns group-A45CE81671AF:java.util.concurrent.CompletableFuture@2fbaeac3[Not completed]
2019-10-15 01:01:47,132 [pool-247-thread-1] INFO  impl.RaftServerImpl (RaftServerImpl.java:<init>(95)) - 0ca485ef-835b-49bd-941b-daf1d7e49c7a: new RaftServerImpl for group-A45CE81671AF:[0ca485ef-835b-49bd-941b-daf1d7e49c7a:192.168.30.62:35498] with ContainerStateMachine:uninitialized
2019-10-15 01:01:47,132 [pool-247-thread-1] INFO  server.RaftServerConfigKeys (ConfUtils.java:logGet(43)) - raft.server.rpc.timeout.min = 5s (custom)
2019-10-15 01:01:47,132 [pool-247-thread-1] INFO  server.RaftServerConfigKeys (ConfUtils.java:logGet(43)) - raft.server.rpc.timeout.max = 5200ms (custom)
2019-10-15 01:01:47,132 [pool-247-thread-1] INFO  server.RaftServerConfigKeys (ConfUtils.java:logGet(43)) - raft.server.rpcslowness.timeout = 120s (custom)
2019-10-15 01:01:47,132 [pool-247-thread-1] INFO  server.RaftServerConfigKeys (ConfUtils.java:logGet(43)) - raft.server.sleep.deviation.threshold = 300 (default)
2019-10-15 01:01:47,132 [pool-247-thread-1] INFO  server.RaftServerConfigKeys (ConfUtils.java:logGet(43)) - raft.server.log.appender.install.snapshot.enabled = false (custom)
2019-10-15 01:01:47,132 [pool-247-thread-1] INFO  impl.RaftServerImpl (ServerState.java:<init>(103)) - 0ca485ef-835b-49bd-941b-daf1d7e49c7a@group-A45CE81671AF: ConfigurationManager, init=-1: [0ca485ef-835b-49bd-941b-daf1d7e49c7a:192.168.30.62:35498], old=null, confs=<EMPTY_MAP>
2019-10-15 01:01:47,132 [pool-247-thread-1] INFO  server.RaftServerConfigKeys (ConfUtils.java:logGet(43)) - raft.server.storage.dir = [/workdir/hadoop-ozone/integration-test/target/test-dir/MiniOzoneClusterImpl-cc4f64bf-2522-4353-a1c8-6ec2c7c786d2/datanode-4/data/ratis] (custom)
2019-10-15 01:01:47,133 [pool-247-thread-1] INFO  server.RaftServerConfigKeys (ConfUtils.java:logGet(43)) - raft.server.log.corruption.policy = EXCEPTION (default)
2019-10-15 01:01:47,133 [pool-247-thread-1] INFO  storage.RaftStorageDirectory (RaftStorageDirectory.java:analyzeStorage(246)) - The storage directory /workdir/hadoop-ozone/integration-test/target/test-dir/MiniOzoneClusterImpl-cc4f64bf-2522-4353-a1c8-6ec2c7c786d2/datanode-4/data/ratis/4cd0b410-62fe-43b3-bfd3-a45ce81671af does not exist. Creating ...
2019-10-15 01:01:47,146 [pool-247-thread-1] INFO  storage.RaftStorageDirectory (RaftStorageDirectory.java:tryLock(328)) - Lock on /workdir/hadoop-ozone/integration-test/target/test-dir/MiniOzoneClusterImpl-cc4f64bf-2522-4353-a1c8-6ec2c7c786d2/datanode-4/data/ratis/4cd0b410-62fe-43b3-bfd3-a45ce81671af/in_use.lock acquired by nodename 9255@pr-hdds-2181-4tb7b-1429657930
2019-10-15 01:01:47,159 [pool-247-thread-1] INFO  storage.RaftStorage (RaftStorage.java:format(84)) - Storage directory /workdir/hadoop-ozone/integration-test/target/test-dir/MiniOzoneClusterImpl-cc4f64bf-2522-4353-a1c8-6ec2c7c786d2/datanode-4/data/ratis/4cd0b410-62fe-43b3-bfd3-a45ce81671af has been successfully formatted.
2019-10-15 01:01:47,159 [pool-247-thread-1] INFO  ratis.ContainerStateMachine (ContainerStateMachine.java:loadSnapshot(231)) - group-A45CE81671AF: The snapshot info is null. Setting the last applied indexto:(t:0, i:~)
2019-10-15 01:01:47,159 [pool-247-thread-1] INFO  server.RaftServerConfigKeys (ConfUtils.java:logGet(43)) - raft.server.notification.no-leader.timeout = 120s (custom)
2019-10-15 01:01:47,159 [pool-247-thread-1] INFO  server.RaftServerConfigKeys (ConfUtils.java:logGet(43)) - raft.server.log.use.memory = false (default)
2019-10-15 01:01:47,159 [pool-247-thread-1] INFO  server.RaftServerConfigKeys (ConfUtils.java:logGet(43)) - raft.server.log.purge.gap = 1000000 (custom)
2019-10-15 01:01:47,159 [pool-247-thread-1] INFO  server.RaftServerConfigKeys (ConfUtils.java:logGet(43)) - raft.server.log.appender.buffer.byte-limit = 33554432 (custom)
2019-10-15 01:01:47,159 [pool-247-thread-1] INFO  server.RaftServerConfigKeys (ConfUtils.java:logGet(43)) - raft.server.log.segment.size.max = 1048576 (custom)
2019-10-15 01:01:47,161 [pool-247-thread-1] INFO  server.RaftServerConfigKeys (ConfUtils.java:logGet(43)) - raft.server.log.segment.cache.num.max = 2 (custom)
2019-10-15 01:01:47,161 [pool-247-thread-1] INFO  segmented.SegmentedRaftLogWorker (SegmentedRaftLogWorker.java:<init>(173)) - new 0ca485ef-835b-49bd-941b-daf1d7e49c7a@group-A45CE81671AF-SegmentedRaftLogWorker for RaftStorage:Storage Directory /workdir/hadoop-ozone/integration-test/target/test-dir/MiniOzoneClusterImpl-cc4f64bf-2522-4353-a1c8-6ec2c7c786d2/datanode-4/data/ratis/4cd0b410-62fe-43b3-bfd3-a45ce81671af
2019-10-15 01:01:47,161 [pool-247-thread-1] INFO  server.RaftServerConfigKeys (ConfUtils.java:logGet(43)) - raft.server.log.queue.byte-limit = 2147483647 (custom)
2019-10-15 01:01:47,161 [pool-247-thread-1] INFO  server.RaftServerConfigKeys (ConfUtils.java:logGet(43)) - raft.server.log.queue.element-limit = 1024 (custom)
2019-10-15 01:01:47,161 [pool-247-thread-1] INFO  server.RaftServerConfigKeys (ConfUtils.java:logGet(43)) - raft.server.log.segment.size.max = 1048576 (custom)
2019-10-15 01:01:47,161 [pool-247-thread-1] INFO  server.RaftServerConfigKeys (ConfUtils.java:logGet(43)) - raft.server.log.preallocated.size = 16384 (custom)
2019-10-15 01:01:47,161 [pool-247-thread-1] INFO  server.RaftServerConfigKeys (ConfUtils.java:logGet(43)) - raft.server.log.write.buffer.size = 33554432 (custom)
2019-10-15 01:01:47,161 [pool-247-thread-1] INFO  server.RaftServerConfigKeys (ConfUtils.java:logGet(43)) - raft.server.log.force.sync.num = 128 (default)
2019-10-15 01:01:47,162 [pool-247-thread-1] INFO  server.RaftServerConfigKeys (ConfUtils.java:logGet(43)) - raft.server.log.statemachine.data.sync = true (default)
2019-10-15 01:01:47,162 [pool-247-thread-1] INFO  server.RaftServerConfigKeys (ConfUtils.java:logGet(43)) - raft.server.log.statemachine.data.sync.timeout = 10s (default)
2019-10-15 01:01:47,162 [pool-247-thread-1] INFO  server.RaftServerConfigKeys (ConfUtils.java:logGet(43)) - raft.server.log.statemachine.data.sync.timeout.retry = -1 (default)
2019-10-15 01:01:47,162 [pool-247-thread-1] INFO  server.RaftServerConfigKeys (ConfUtils.java:logGet(43)) - raft.server.log.statemachine.data.caching.enabled = true (custom)
2019-10-15 01:01:47,162 [pool-247-thread-1] INFO  segmented.SegmentedRaftLogWorker (SegmentedRaftLogWorker.java:lambda$new$0(128)) - 0ca485ef-835b-49bd-941b-daf1d7e49c7a@group-A45CE81671AF-SegmentedRaftLogWorker: flushIndex: setUnconditionally 0 -> -1
2019-10-15 01:01:47,162 [pool-247-thread-1] INFO  server.RaftServerConfigKeys (ConfUtils.java:logGet(43)) - raft.server.snapshot.auto.trigger.enabled = true (custom)
2019-10-15 01:01:47,163 [pool-247-thread-1] INFO  server.RaftServerConfigKeys (ConfUtils.java:logGet(43)) - raft.server.snapshot.auto.trigger.threshold = 10000 (custom)
2019-10-15 01:01:47,163 [pool-247-thread-1] INFO  server.RaftServerConfigKeys (ConfUtils.java:logGet(43)) - raft.server.snapshot.retention.file.num = 5 (custom)
2019-10-15 01:01:47,163 [pool-247-thread-1] INFO  server.RaftServerConfigKeys (ConfUtils.java:logGet(43)) - raft.server.retrycache.expirytime = 600000ms (custom)
2019-10-15 01:01:47,164 [pool-247-thread-1] INFO  impl.RaftServerImpl (RaftServerImpl.java:start(181)) - 0ca485ef-835b-49bd-941b-daf1d7e49c7a@group-A45CE81671AF: start as a follower, conf=-1: [0ca485ef-835b-49bd-941b-daf1d7e49c7a:192.168.30.62:35498], old=null
2019-10-15 01:01:47,164 [pool-247-thread-1] INFO  impl.RaftServerImpl (RaftServerImpl.java:setRole(170)) - 0ca485ef-835b-49bd-941b-daf1d7e49c7a@group-A45CE81671AF: changes role from      null to FOLLOWER at term 0 for startAsFollower
2019-10-15 01:01:47,164 [pool-247-thread-1] INFO  impl.RoleInfo (RoleInfo.java:updateAndGet(143)) - 0ca485ef-835b-49bd-941b-daf1d7e49c7a: start FollowerState
2019-10-15 01:01:47,165 [pool-247-thread-1] INFO  util.JmxRegister (JmxRegister.java:tryRegister(44)) - Successfully registered JMX Bean with object name Ratis:service=RaftServer,group=group-A45CE81671AF,id=0ca485ef-835b-49bd-941b-daf1d7e49c7a
2019-10-15 01:01:47,172 [RatisPipelineUtilsThread] INFO  pipeline.PipelineStateManager (PipelineStateManager.java:addPipeline(56)) - Created pipeline Pipeline[ Id: 4cd0b410-62fe-43b3-bfd3-a45ce81671af, Nodes: 0ca485ef-835b-49bd-941b-daf1d7e49c7a{ip: 192.168.30.62, host: pr-hdds-2181-4tb7b-1429657930, networkLocation: /default-rack, certSerialId: null}, Type:RATIS, Factor:ONE, State:OPEN]
2019-10-15 01:01:47,189 [grpc-default-executor-2] INFO  impl.RaftServerProxy (RaftServerProxy.java:addNew(89)) - 94636056-8592-46dd-8100-633f3d87d2e0: addNew group-46D6C9132338:[94636056-8592-46dd-8100-633f3d87d2e0:192.168.30.62:33137] returns group-46D6C9132338:java.util.concurrent.CompletableFuture@1ce910a4[Not completed]
2019-10-15 01:01:47,189 [main] INFO  ozone.MiniOzoneClusterImpl (MiniOzoneClusterImpl.java:lambda$waitForClusterToBeReady$0(147)) - Waiting for cluster to be ready. Got 6 of 7 DN Heartbeats.
2019-10-15 01:01:47,191 [IPC Server handler 1 on 46494] INFO  net.NetworkTopology (NetworkTopologyImpl.java:add(111)) - Added a new node: /default-rack/09e120a0-be93-4443-aefc-7fa82b6f6dbf
2019-10-15 01:01:47,191 [IPC Server handler 1 on 46494] INFO  node.SCMNodeManager (SCMNodeManager.java:register(268)) - Registered Data node : 09e120a0-be93-4443-aefc-7fa82b6f6dbf{ip: 192.168.30.62, host: pr-hdds-2181-4tb7b-1429657930, networkLocation: /default-rack, certSerialId: null}
2019-10-15 01:01:47,192 [pool-257-thread-1] INFO  impl.RaftServerImpl (RaftServerImpl.java:<init>(95)) - 94636056-8592-46dd-8100-633f3d87d2e0: new RaftServerImpl for group-46D6C9132338:[94636056-8592-46dd-8100-633f3d87d2e0:192.168.30.62:33137] with ContainerStateMachine:uninitialized
2019-10-15 01:01:47,192 [pool-257-thread-1] INFO  server.RaftServerConfigKeys (ConfUtils.java:logGet(43)) - raft.server.rpc.timeout.min = 5s (custom)
2019-10-15 01:01:47,192 [pool-257-thread-1] INFO  server.RaftServerConfigKeys (ConfUtils.java:logGet(43)) - raft.server.rpc.timeout.max = 5200ms (custom)
2019-10-15 01:01:47,193 [pool-257-thread-1] INFO  server.RaftServerConfigKeys (ConfUtils.java:logGet(43)) - raft.server.rpcslowness.timeout = 120s (custom)
2019-10-15 01:01:47,193 [pool-257-thread-1] INFO  server.RaftServerConfigKeys (ConfUtils.java:logGet(43)) - raft.server.sleep.deviation.threshold = 300 (default)
2019-10-15 01:01:47,193 [pool-257-thread-1] INFO  server.RaftServerConfigKeys (ConfUtils.java:logGet(43)) - raft.server.log.appender.install.snapshot.enabled = false (custom)
2019-10-15 01:01:47,193 [pool-257-thread-1] INFO  impl.RaftServerImpl (ServerState.java:<init>(103)) - 94636056-8592-46dd-8100-633f3d87d2e0@group-46D6C9132338: ConfigurationManager, init=-1: [94636056-8592-46dd-8100-633f3d87d2e0:192.168.30.62:33137], old=null, confs=<EMPTY_MAP>
2019-10-15 01:01:47,193 [pool-257-thread-1] INFO  server.RaftServerConfigKeys (ConfUtils.java:logGet(43)) - raft.server.storage.dir = [/workdir/hadoop-ozone/integration-test/target/test-dir/MiniOzoneClusterImpl-cc4f64bf-2522-4353-a1c8-6ec2c7c786d2/datanode-5/data/ratis] (custom)
2019-10-15 01:01:47,194 [pool-257-thread-1] INFO  server.RaftServerConfigKeys (ConfUtils.java:logGet(43)) - raft.server.log.corruption.policy = EXCEPTION (default)
2019-10-15 01:01:47,194 [pool-257-thread-1] INFO  storage.RaftStorageDirectory (RaftStorageDirectory.java:analyzeStorage(246)) - The storage directory /workdir/hadoop-ozone/integration-test/target/test-dir/MiniOzoneClusterImpl-cc4f64bf-2522-4353-a1c8-6ec2c7c786d2/datanode-5/data/ratis/bcba6876-ef1b-420d-b0bb-46d6c9132338 does not exist. Creating ...
2019-10-15 01:01:47,208 [pool-257-thread-1] INFO  storage.RaftStorageDirectory (RaftStorageDirectory.java:tryLock(328)) - Lock on /workdir/hadoop-ozone/integration-test/target/test-dir/MiniOzoneClusterImpl-cc4f64bf-2522-4353-a1c8-6ec2c7c786d2/datanode-5/data/ratis/bcba6876-ef1b-420d-b0bb-46d6c9132338/in_use.lock acquired by nodename 9255@pr-hdds-2181-4tb7b-1429657930
2019-10-15 01:01:47,221 [pool-257-thread-1] INFO  storage.RaftStorage (RaftStorage.java:format(84)) - Storage directory /workdir/hadoop-ozone/integration-test/target/test-dir/MiniOzoneClusterImpl-cc4f64bf-2522-4353-a1c8-6ec2c7c786d2/datanode-5/data/ratis/bcba6876-ef1b-420d-b0bb-46d6c9132338 has been successfully formatted.
2019-10-15 01:01:47,221 [pool-257-thread-1] INFO  ratis.ContainerStateMachine (ContainerStateMachine.java:loadSnapshot(231)) - group-46D6C9132338: The snapshot info is null. Setting the last applied indexto:(t:0, i:~)
2019-10-15 01:01:47,222 [pool-257-thread-1] INFO  server.RaftServerConfigKeys (ConfUtils.java:logGet(43)) - raft.server.notification.no-leader.timeout = 120s (custom)
2019-10-15 01:01:47,222 [pool-257-thread-1] INFO  server.RaftServerConfigKeys (ConfUtils.java:logGet(43)) - raft.server.log.use.memory = false (default)
2019-10-15 01:01:47,222 [pool-257-thread-1] INFO  server.RaftServerConfigKeys (ConfUtils.java:logGet(43)) - raft.server.log.purge.gap = 1000000 (custom)
2019-10-15 01:01:47,222 [pool-257-thread-1] INFO  server.RaftServerConfigKeys (ConfUtils.java:logGet(43)) - raft.server.log.appender.buffer.byte-limit = 33554432 (custom)
2019-10-15 01:01:47,222 [pool-257-thread-1] INFO  server.RaftServerConfigKeys (ConfUtils.java:logGet(43)) - raft.server.log.segment.size.max = 1048576 (custom)
2019-10-15 01:01:47,224 [pool-257-thread-1] INFO  server.RaftServerConfigKeys (ConfUtils.java:logGet(43)) - raft.server.log.segment.cache.num.max = 2 (custom)
2019-10-15 01:01:47,224 [pool-257-thread-1] INFO  segmented.SegmentedRaftLogWorker (SegmentedRaftLogWorker.java:<init>(173)) - new 94636056-8592-46dd-8100-633f3d87d2e0@group-46D6C9132338-SegmentedRaftLogWorker for RaftStorage:Storage Directory /workdir/hadoop-ozone/integration-test/target/test-dir/MiniOzoneClusterImpl-cc4f64bf-2522-4353-a1c8-6ec2c7c786d2/datanode-5/data/ratis/bcba6876-ef1b-420d-b0bb-46d6c9132338
2019-10-15 01:01:47,225 [pool-257-thread-1] INFO  server.RaftServerConfigKeys (ConfUtils.java:logGet(43)) - raft.server.log.queue.byte-limit = 2147483647 (custom)
2019-10-15 01:01:47,225 [pool-257-thread-1] INFO  server.RaftServerConfigKeys (ConfUtils.java:logGet(43)) - raft.server.log.queue.element-limit = 1024 (custom)
2019-10-15 01:01:47,225 [pool-257-thread-1] INFO  server.RaftServerConfigKeys (ConfUtils.java:logGet(43)) - raft.server.log.segment.size.max = 1048576 (custom)
2019-10-15 01:01:47,225 [pool-257-thread-1] INFO  server.RaftServerConfigKeys (ConfUtils.java:logGet(43)) - raft.server.log.preallocated.size = 16384 (custom)
2019-10-15 01:01:47,225 [pool-257-thread-1] INFO  server.RaftServerConfigKeys (ConfUtils.java:logGet(43)) - raft.server.log.write.buffer.size = 33554432 (custom)
2019-10-15 01:01:47,225 [pool-257-thread-1] INFO  server.RaftServerConfigKeys (ConfUtils.java:logGet(43)) - raft.server.log.force.sync.num = 128 (default)
2019-10-15 01:01:47,226 [pool-257-thread-1] INFO  server.RaftServerConfigKeys (ConfUtils.java:logGet(43)) - raft.server.log.statemachine.data.sync = true (default)
2019-10-15 01:01:47,226 [pool-257-thread-1] INFO  server.RaftServerConfigKeys (ConfUtils.java:logGet(43)) - raft.server.log.statemachine.data.sync.timeout = 10s (default)
2019-10-15 01:01:47,226 [pool-257-thread-1] INFO  server.RaftServerConfigKeys (ConfUtils.java:logGet(43)) - raft.server.log.statemachine.data.sync.timeout.retry = -1 (default)
2019-10-15 01:01:47,226 [pool-257-thread-1] INFO  server.RaftServerConfigKeys (ConfUtils.java:logGet(43)) - raft.server.log.statemachine.data.caching.enabled = true (custom)
2019-10-15 01:01:47,227 [pool-257-thread-1] INFO  segmented.SegmentedRaftLogWorker (SegmentedRaftLogWorker.java:lambda$new$0(128)) - 94636056-8592-46dd-8100-633f3d87d2e0@group-46D6C9132338-SegmentedRaftLogWorker: flushIndex: setUnconditionally 0 -> -1
2019-10-15 01:01:47,227 [pool-257-thread-1] INFO  server.RaftServerConfigKeys (ConfUtils.java:logGet(43)) - raft.server.snapshot.auto.trigger.enabled = true (custom)
2019-10-15 01:01:47,227 [pool-257-thread-1] INFO  server.RaftServerConfigKeys (ConfUtils.java:logGet(43)) - raft.server.snapshot.auto.trigger.threshold = 10000 (custom)
2019-10-15 01:01:47,227 [pool-257-thread-1] INFO  server.RaftServerConfigKeys (ConfUtils.java:logGet(43)) - raft.server.snapshot.retention.file.num = 5 (custom)
2019-10-15 01:01:47,228 [pool-257-thread-1] INFO  server.RaftServerConfigKeys (ConfUtils.java:logGet(43)) - raft.server.retrycache.expirytime = 600000ms (custom)
2019-10-15 01:01:47,229 [pool-257-thread-1] INFO  impl.RaftServerImpl (RaftServerImpl.java:start(181)) - 94636056-8592-46dd-8100-633f3d87d2e0@group-46D6C9132338: start as a follower, conf=-1: [94636056-8592-46dd-8100-633f3d87d2e0:192.168.30.62:33137], old=null
2019-10-15 01:01:47,230 [pool-257-thread-1] INFO  impl.RaftServerImpl (RaftServerImpl.java:setRole(170)) - 94636056-8592-46dd-8100-633f3d87d2e0@group-46D6C9132338: changes role from      null to FOLLOWER at term 0 for startAsFollower
2019-10-15 01:01:47,230 [pool-257-thread-1] INFO  impl.RoleInfo (RoleInfo.java:updateAndGet(143)) - 94636056-8592-46dd-8100-633f3d87d2e0: start FollowerState
2019-10-15 01:01:47,230 [pool-257-thread-1] INFO  util.JmxRegister (JmxRegister.java:tryRegister(44)) - Successfully registered JMX Bean with object name Ratis:service=RaftServer,group=group-46D6C9132338,id=94636056-8592-46dd-8100-633f3d87d2e0
2019-10-15 01:01:47,238 [RatisPipelineUtilsThread] INFO  pipeline.PipelineStateManager (PipelineStateManager.java:addPipeline(56)) - Created pipeline Pipeline[ Id: bcba6876-ef1b-420d-b0bb-46d6c9132338, Nodes: 94636056-8592-46dd-8100-633f3d87d2e0{ip: 192.168.30.62, host: pr-hdds-2181-4tb7b-1429657930, networkLocation: /default-rack, certSerialId: null}, Type:RATIS, Factor:ONE, State:OPEN]
2019-10-15 01:01:47,245 [grpc-default-executor-2] INFO  impl.RaftServerProxy (RaftServerProxy.java:addNew(89)) - 09e120a0-be93-4443-aefc-7fa82b6f6dbf: addNew group-E61687DB1109:[09e120a0-be93-4443-aefc-7fa82b6f6dbf:192.168.30.62:45717] returns group-E61687DB1109:java.util.concurrent.CompletableFuture@483ac057[Not completed]
2019-10-15 01:01:47,247 [pool-267-thread-1] INFO  impl.RaftServerImpl (RaftServerImpl.java:<init>(95)) - 09e120a0-be93-4443-aefc-7fa82b6f6dbf: new RaftServerImpl for group-E61687DB1109:[09e120a0-be93-4443-aefc-7fa82b6f6dbf:192.168.30.62:45717] with ContainerStateMachine:uninitialized
2019-10-15 01:01:47,247 [pool-267-thread-1] INFO  server.RaftServerConfigKeys (ConfUtils.java:logGet(43)) - raft.server.rpc.timeout.min = 5s (custom)
2019-10-15 01:01:47,247 [pool-267-thread-1] INFO  server.RaftServerConfigKeys (ConfUtils.java:logGet(43)) - raft.server.rpc.timeout.max = 5200ms (custom)
2019-10-15 01:01:47,247 [pool-267-thread-1] INFO  server.RaftServerConfigKeys (ConfUtils.java:logGet(43)) - raft.server.rpcslowness.timeout = 120s (custom)
2019-10-15 01:01:47,248 [pool-267-thread-1] INFO  server.RaftServerConfigKeys (ConfUtils.java:logGet(43)) - raft.server.sleep.deviation.threshold = 300 (default)
2019-10-15 01:01:47,248 [pool-267-thread-1] INFO  server.RaftServerConfigKeys (ConfUtils.java:logGet(43)) - raft.server.log.appender.install.snapshot.enabled = false (custom)
2019-10-15 01:01:47,248 [pool-267-thread-1] INFO  impl.RaftServerImpl (ServerState.java:<init>(103)) - 09e120a0-be93-4443-aefc-7fa82b6f6dbf@group-E61687DB1109: ConfigurationManager, init=-1: [09e120a0-be93-4443-aefc-7fa82b6f6dbf:192.168.30.62:45717], old=null, confs=<EMPTY_MAP>
2019-10-15 01:01:47,248 [pool-267-thread-1] INFO  server.RaftServerConfigKeys (ConfUtils.java:logGet(43)) - raft.server.storage.dir = [/workdir/hadoop-ozone/integration-test/target/test-dir/MiniOzoneClusterImpl-cc4f64bf-2522-4353-a1c8-6ec2c7c786d2/datanode-6/data/ratis] (custom)
2019-10-15 01:01:47,248 [pool-267-thread-1] INFO  server.RaftServerConfigKeys (ConfUtils.java:logGet(43)) - raft.server.log.corruption.policy = EXCEPTION (default)
2019-10-15 01:01:47,249 [pool-267-thread-1] INFO  storage.RaftStorageDirectory (RaftStorageDirectory.java:analyzeStorage(246)) - The storage directory /workdir/hadoop-ozone/integration-test/target/test-dir/MiniOzoneClusterImpl-cc4f64bf-2522-4353-a1c8-6ec2c7c786d2/datanode-6/data/ratis/f4b2e593-cda4-4cae-a9c8-e61687db1109 does not exist. Creating ...
2019-10-15 01:01:47,262 [pool-267-thread-1] INFO  storage.RaftStorageDirectory (RaftStorageDirectory.java:tryLock(328)) - Lock on /workdir/hadoop-ozone/integration-test/target/test-dir/MiniOzoneClusterImpl-cc4f64bf-2522-4353-a1c8-6ec2c7c786d2/datanode-6/data/ratis/f4b2e593-cda4-4cae-a9c8-e61687db1109/in_use.lock acquired by nodename 9255@pr-hdds-2181-4tb7b-1429657930
2019-10-15 01:01:47,275 [pool-267-thread-1] INFO  storage.RaftStorage (RaftStorage.java:format(84)) - Storage directory /workdir/hadoop-ozone/integration-test/target/test-dir/MiniOzoneClusterImpl-cc4f64bf-2522-4353-a1c8-6ec2c7c786d2/datanode-6/data/ratis/f4b2e593-cda4-4cae-a9c8-e61687db1109 has been successfully formatted.
2019-10-15 01:01:47,276 [pool-267-thread-1] INFO  ratis.ContainerStateMachine (ContainerStateMachine.java:loadSnapshot(231)) - group-E61687DB1109: The snapshot info is null. Setting the last applied indexto:(t:0, i:~)
2019-10-15 01:01:47,276 [pool-267-thread-1] INFO  server.RaftServerConfigKeys (ConfUtils.java:logGet(43)) - raft.server.notification.no-leader.timeout = 120s (custom)
2019-10-15 01:01:47,276 [pool-267-thread-1] INFO  server.RaftServerConfigKeys (ConfUtils.java:logGet(43)) - raft.server.log.use.memory = false (default)
2019-10-15 01:01:47,276 [pool-267-thread-1] INFO  server.RaftServerConfigKeys (ConfUtils.java:logGet(43)) - raft.server.log.purge.gap = 1000000 (custom)
2019-10-15 01:01:47,276 [pool-267-thread-1] INFO  server.RaftServerConfigKeys (ConfUtils.java:logGet(43)) - raft.server.log.appender.buffer.byte-limit = 33554432 (custom)
2019-10-15 01:01:47,276 [pool-267-thread-1] INFO  server.RaftServerConfigKeys (ConfUtils.java:logGet(43)) - raft.server.log.segment.size.max = 1048576 (custom)
2019-10-15 01:01:47,278 [pool-267-thread-1] INFO  server.RaftServerConfigKeys (ConfUtils.java:logGet(43)) - raft.server.log.segment.cache.num.max = 2 (custom)
2019-10-15 01:01:47,279 [pool-267-thread-1] INFO  segmented.SegmentedRaftLogWorker (SegmentedRaftLogWorker.java:<init>(173)) - new 09e120a0-be93-4443-aefc-7fa82b6f6dbf@group-E61687DB1109-SegmentedRaftLogWorker for RaftStorage:Storage Directory /workdir/hadoop-ozone/integration-test/target/test-dir/MiniOzoneClusterImpl-cc4f64bf-2522-4353-a1c8-6ec2c7c786d2/datanode-6/data/ratis/f4b2e593-cda4-4cae-a9c8-e61687db1109
2019-10-15 01:01:47,279 [pool-267-thread-1] INFO  server.RaftServerConfigKeys (ConfUtils.java:logGet(43)) - raft.server.log.queue.byte-limit = 2147483647 (custom)
2019-10-15 01:01:47,279 [pool-267-thread-1] INFO  server.RaftServerConfigKeys (ConfUtils.java:logGet(43)) - raft.server.log.queue.element-limit = 1024 (custom)
2019-10-15 01:01:47,279 [pool-267-thread-1] INFO  server.RaftServerConfigKeys (ConfUtils.java:logGet(43)) - raft.server.log.segment.size.max = 1048576 (custom)
2019-10-15 01:01:47,279 [pool-267-thread-1] INFO  server.RaftServerConfigKeys (ConfUtils.java:logGet(43)) - raft.server.log.preallocated.size = 16384 (custom)
2019-10-15 01:01:47,279 [pool-267-thread-1] INFO  server.RaftServerConfigKeys (ConfUtils.java:logGet(43)) - raft.server.log.write.buffer.size = 33554432 (custom)
2019-10-15 01:01:47,279 [pool-267-thread-1] INFO  server.RaftServerConfigKeys (ConfUtils.java:logGet(43)) - raft.server.log.force.sync.num = 128 (default)
2019-10-15 01:01:47,280 [pool-267-thread-1] INFO  server.RaftServerConfigKeys (ConfUtils.java:logGet(43)) - raft.server.log.statemachine.data.sync = true (default)
2019-10-15 01:01:47,280 [pool-267-thread-1] INFO  server.RaftServerConfigKeys (ConfUtils.java:logGet(43)) - raft.server.log.statemachine.data.sync.timeout = 10s (default)
2019-10-15 01:01:47,280 [pool-267-thread-1] INFO  server.RaftServerConfigKeys (ConfUtils.java:logGet(43)) - raft.server.log.statemachine.data.sync.timeout.retry = -1 (default)
2019-10-15 01:01:47,280 [pool-267-thread-1] INFO  server.RaftServerConfigKeys (ConfUtils.java:logGet(43)) - raft.server.log.statemachine.data.caching.enabled = true (custom)
2019-10-15 01:01:47,281 [pool-267-thread-1] INFO  segmented.SegmentedRaftLogWorker (SegmentedRaftLogWorker.java:lambda$new$0(128)) - 09e120a0-be93-4443-aefc-7fa82b6f6dbf@group-E61687DB1109-SegmentedRaftLogWorker: flushIndex: setUnconditionally 0 -> -1
2019-10-15 01:01:47,281 [pool-267-thread-1] INFO  server.RaftServerConfigKeys (ConfUtils.java:logGet(43)) - raft.server.snapshot.auto.trigger.enabled = true (custom)
2019-10-15 01:01:47,281 [pool-267-thread-1] INFO  server.RaftServerConfigKeys (ConfUtils.java:logGet(43)) - raft.server.snapshot.auto.trigger.threshold = 10000 (custom)
2019-10-15 01:01:47,281 [pool-267-thread-1] INFO  server.RaftServerConfigKeys (ConfUtils.java:logGet(43)) - raft.server.snapshot.retention.file.num = 5 (custom)
2019-10-15 01:01:47,281 [pool-267-thread-1] INFO  server.RaftServerConfigKeys (ConfUtils.java:logGet(43)) - raft.server.retrycache.expirytime = 600000ms (custom)
2019-10-15 01:01:47,283 [pool-267-thread-1] INFO  impl.RaftServerImpl (RaftServerImpl.java:start(181)) - 09e120a0-be93-4443-aefc-7fa82b6f6dbf@group-E61687DB1109: start as a follower, conf=-1: [09e120a0-be93-4443-aefc-7fa82b6f6dbf:192.168.30.62:45717], old=null
2019-10-15 01:01:47,284 [pool-267-thread-1] INFO  impl.RaftServerImpl (RaftServerImpl.java:setRole(170)) - 09e120a0-be93-4443-aefc-7fa82b6f6dbf@group-E61687DB1109: changes role from      null to FOLLOWER at term 0 for startAsFollower
2019-10-15 01:01:47,284 [pool-267-thread-1] INFO  impl.RoleInfo (RoleInfo.java:updateAndGet(143)) - 09e120a0-be93-4443-aefc-7fa82b6f6dbf: start FollowerState
2019-10-15 01:01:47,284 [pool-267-thread-1] INFO  util.JmxRegister (JmxRegister.java:tryRegister(44)) - Successfully registered JMX Bean with object name Ratis:service=RaftServer,group=group-E61687DB1109,id=09e120a0-be93-4443-aefc-7fa82b6f6dbf
2019-10-15 01:01:47,293 [RatisPipelineUtilsThread] INFO  pipeline.PipelineStateManager (PipelineStateManager.java:addPipeline(56)) - Created pipeline Pipeline[ Id: f4b2e593-cda4-4cae-a9c8-e61687db1109, Nodes: 09e120a0-be93-4443-aefc-7fa82b6f6dbf{ip: 192.168.30.62, host: pr-hdds-2181-4tb7b-1429657930, networkLocation: /default-rack, certSerialId: null}, Type:RATIS, Factor:ONE, State:OPEN]
2019-10-15 01:01:47,310 [grpc-default-executor-6] INFO  impl.RaftServerProxy (RaftServerProxy.java:addNew(89)) - 94636056-8592-46dd-8100-633f3d87d2e0: addNew group-2F4CEB8AD15A:[09e120a0-be93-4443-aefc-7fa82b6f6dbf:192.168.30.62:45717, d319f595-9836-4801-9f30-1f1ade445257:192.168.30.62:38960, 94636056-8592-46dd-8100-633f3d87d2e0:192.168.30.62:33137] returns group-2F4CEB8AD15A:java.util.concurrent.CompletableFuture@1415125a[Not completed]
2019-10-15 01:01:47,310 [grpc-default-executor-2] INFO  impl.RaftServerProxy (RaftServerProxy.java:addNew(89)) - 09e120a0-be93-4443-aefc-7fa82b6f6dbf: addNew group-2F4CEB8AD15A:[09e120a0-be93-4443-aefc-7fa82b6f6dbf:192.168.30.62:45717, d319f595-9836-4801-9f30-1f1ade445257:192.168.30.62:38960, 94636056-8592-46dd-8100-633f3d87d2e0:192.168.30.62:33137] returns group-2F4CEB8AD15A:java.util.concurrent.CompletableFuture@109b4e01[Not completed]
2019-10-15 01:01:47,310 [grpc-default-executor-1] INFO  impl.RaftServerProxy (RaftServerProxy.java:addNew(89)) - d319f595-9836-4801-9f30-1f1ade445257: addNew group-2F4CEB8AD15A:[09e120a0-be93-4443-aefc-7fa82b6f6dbf:192.168.30.62:45717, d319f595-9836-4801-9f30-1f1ade445257:192.168.30.62:38960, 94636056-8592-46dd-8100-633f3d87d2e0:192.168.30.62:33137] returns group-2F4CEB8AD15A:java.util.concurrent.CompletableFuture@c6497d8[Not completed]
2019-10-15 01:01:47,311 [pool-257-thread-1] INFO  impl.RaftServerImpl (RaftServerImpl.java:<init>(95)) - 94636056-8592-46dd-8100-633f3d87d2e0: new RaftServerImpl for group-2F4CEB8AD15A:[09e120a0-be93-4443-aefc-7fa82b6f6dbf:192.168.30.62:45717, d319f595-9836-4801-9f30-1f1ade445257:192.168.30.62:38960, 94636056-8592-46dd-8100-633f3d87d2e0:192.168.30.62:33137] with ContainerStateMachine:uninitialized
2019-10-15 01:01:47,312 [pool-257-thread-1] INFO  server.RaftServerConfigKeys (ConfUtils.java:logGet(43)) - raft.server.rpc.timeout.min = 5s (custom)
2019-10-15 01:01:47,312 [pool-257-thread-1] INFO  server.RaftServerConfigKeys (ConfUtils.java:logGet(43)) - raft.server.rpc.timeout.max = 5200ms (custom)
2019-10-15 01:01:47,312 [pool-257-thread-1] INFO  server.RaftServerConfigKeys (ConfUtils.java:logGet(43)) - raft.server.rpcslowness.timeout = 120s (custom)
2019-10-15 01:01:47,312 [pool-257-thread-1] INFO  server.RaftServerConfigKeys (ConfUtils.java:logGet(43)) - raft.server.sleep.deviation.threshold = 300 (default)
2019-10-15 01:01:47,312 [pool-257-thread-1] INFO  server.RaftServerConfigKeys (ConfUtils.java:logGet(43)) - raft.server.log.appender.install.snapshot.enabled = false (custom)
2019-10-15 01:01:47,313 [pool-257-thread-1] INFO  impl.RaftServerImpl (ServerState.java:<init>(103)) - 94636056-8592-46dd-8100-633f3d87d2e0@group-2F4CEB8AD15A: ConfigurationManager, init=-1: [09e120a0-be93-4443-aefc-7fa82b6f6dbf:192.168.30.62:45717, d319f595-9836-4801-9f30-1f1ade445257:192.168.30.62:38960, 94636056-8592-46dd-8100-633f3d87d2e0:192.168.30.62:33137], old=null, confs=<EMPTY_MAP>
2019-10-15 01:01:47,313 [pool-257-thread-1] INFO  server.RaftServerConfigKeys (ConfUtils.java:logGet(43)) - raft.server.storage.dir = [/workdir/hadoop-ozone/integration-test/target/test-dir/MiniOzoneClusterImpl-cc4f64bf-2522-4353-a1c8-6ec2c7c786d2/datanode-5/data/ratis] (custom)
2019-10-15 01:01:47,313 [pool-237-thread-1] INFO  impl.RaftServerImpl (RaftServerImpl.java:<init>(95)) - d319f595-9836-4801-9f30-1f1ade445257: new RaftServerImpl for group-2F4CEB8AD15A:[09e120a0-be93-4443-aefc-7fa82b6f6dbf:192.168.30.62:45717, d319f595-9836-4801-9f30-1f1ade445257:192.168.30.62:38960, 94636056-8592-46dd-8100-633f3d87d2e0:192.168.30.62:33137] with ContainerStateMachine:uninitialized
2019-10-15 01:01:47,313 [pool-237-thread-1] INFO  server.RaftServerConfigKeys (ConfUtils.java:logGet(43)) - raft.server.rpc.timeout.min = 5s (custom)
2019-10-15 01:01:47,313 [pool-257-thread-1] INFO  server.RaftServerConfigKeys (ConfUtils.java:logGet(43)) - raft.server.log.corruption.policy = EXCEPTION (default)
2019-10-15 01:01:47,313 [pool-237-thread-1] INFO  server.RaftServerConfigKeys (ConfUtils.java:logGet(43)) - raft.server.rpc.timeout.max = 5200ms (custom)
2019-10-15 01:01:47,314 [pool-267-thread-1] INFO  impl.RaftServerImpl (RaftServerImpl.java:<init>(95)) - 09e120a0-be93-4443-aefc-7fa82b6f6dbf: new RaftServerImpl for group-2F4CEB8AD15A:[09e120a0-be93-4443-aefc-7fa82b6f6dbf:192.168.30.62:45717, d319f595-9836-4801-9f30-1f1ade445257:192.168.30.62:38960, 94636056-8592-46dd-8100-633f3d87d2e0:192.168.30.62:33137] with ContainerStateMachine:uninitialized
2019-10-15 01:01:47,314 [pool-257-thread-1] INFO  storage.RaftStorageDirectory (RaftStorageDirectory.java:analyzeStorage(246)) - The storage directory /workdir/hadoop-ozone/integration-test/target/test-dir/MiniOzoneClusterImpl-cc4f64bf-2522-4353-a1c8-6ec2c7c786d2/datanode-5/data/ratis/bd023da9-8a6d-4768-b141-2f4ceb8ad15a does not exist. Creating ...
2019-10-15 01:01:47,314 [pool-267-thread-1] INFO  server.RaftServerConfigKeys (ConfUtils.java:logGet(43)) - raft.server.rpc.timeout.min = 5s (custom)
2019-10-15 01:01:47,314 [pool-237-thread-1] INFO  server.RaftServerConfigKeys (ConfUtils.java:logGet(43)) - raft.server.rpcslowness.timeout = 120s (custom)
2019-10-15 01:01:47,314 [pool-267-thread-1] INFO  server.RaftServerConfigKeys (ConfUtils.java:logGet(43)) - raft.server.rpc.timeout.max = 5200ms (custom)
2019-10-15 01:01:47,314 [pool-237-thread-1] INFO  server.RaftServerConfigKeys (ConfUtils.java:logGet(43)) - raft.server.sleep.deviation.threshold = 300 (default)
2019-10-15 01:01:47,314 [pool-267-thread-1] INFO  server.RaftServerConfigKeys (ConfUtils.java:logGet(43)) - raft.server.rpcslowness.timeout = 120s (custom)
2019-10-15 01:01:47,314 [pool-237-thread-1] INFO  server.RaftServerConfigKeys (ConfUtils.java:logGet(43)) - raft.server.log.appender.install.snapshot.enabled = false (custom)
2019-10-15 01:01:47,315 [pool-267-thread-1] INFO  server.RaftServerConfigKeys (ConfUtils.java:logGet(43)) - raft.server.sleep.deviation.threshold = 300 (default)
2019-10-15 01:01:47,315 [pool-237-thread-1] INFO  impl.RaftServerImpl (ServerState.java:<init>(103)) - d319f595-9836-4801-9f30-1f1ade445257@group-2F4CEB8AD15A: ConfigurationManager, init=-1: [09e120a0-be93-4443-aefc-7fa82b6f6dbf:192.168.30.62:45717, d319f595-9836-4801-9f30-1f1ade445257:192.168.30.62:38960, 94636056-8592-46dd-8100-633f3d87d2e0:192.168.30.62:33137], old=null, confs=<EMPTY_MAP>
2019-10-15 01:01:47,315 [pool-267-thread-1] INFO  server.RaftServerConfigKeys (ConfUtils.java:logGet(43)) - raft.server.log.appender.install.snapshot.enabled = false (custom)
2019-10-15 01:01:47,315 [pool-237-thread-1] INFO  server.RaftServerConfigKeys (ConfUtils.java:logGet(43)) - raft.server.storage.dir = [/workdir/hadoop-ozone/integration-test/target/test-dir/MiniOzoneClusterImpl-cc4f64bf-2522-4353-a1c8-6ec2c7c786d2/datanode-3/data/ratis] (custom)
2019-10-15 01:01:47,315 [pool-267-thread-1] INFO  impl.RaftServerImpl (ServerState.java:<init>(103)) - 09e120a0-be93-4443-aefc-7fa82b6f6dbf@group-2F4CEB8AD15A: ConfigurationManager, init=-1: [09e120a0-be93-4443-aefc-7fa82b6f6dbf:192.168.30.62:45717, d319f595-9836-4801-9f30-1f1ade445257:192.168.30.62:38960, 94636056-8592-46dd-8100-633f3d87d2e0:192.168.30.62:33137], old=null, confs=<EMPTY_MAP>
2019-10-15 01:01:47,315 [pool-237-thread-1] INFO  server.RaftServerConfigKeys (ConfUtils.java:logGet(43)) - raft.server.log.corruption.policy = EXCEPTION (default)
2019-10-15 01:01:47,315 [pool-267-thread-1] INFO  server.RaftServerConfigKeys (ConfUtils.java:logGet(43)) - raft.server.storage.dir = [/workdir/hadoop-ozone/integration-test/target/test-dir/MiniOzoneClusterImpl-cc4f64bf-2522-4353-a1c8-6ec2c7c786d2/datanode-6/data/ratis] (custom)
2019-10-15 01:01:47,316 [pool-237-thread-1] INFO  storage.RaftStorageDirectory (RaftStorageDirectory.java:analyzeStorage(246)) - The storage directory /workdir/hadoop-ozone/integration-test/target/test-dir/MiniOzoneClusterImpl-cc4f64bf-2522-4353-a1c8-6ec2c7c786d2/datanode-3/data/ratis/bd023da9-8a6d-4768-b141-2f4ceb8ad15a does not exist. Creating ...
2019-10-15 01:01:47,316 [pool-267-thread-1] INFO  server.RaftServerConfigKeys (ConfUtils.java:logGet(43)) - raft.server.log.corruption.policy = EXCEPTION (default)
2019-10-15 01:01:47,316 [pool-267-thread-1] INFO  storage.RaftStorageDirectory (RaftStorageDirectory.java:analyzeStorage(246)) - The storage directory /workdir/hadoop-ozone/integration-test/target/test-dir/MiniOzoneClusterImpl-cc4f64bf-2522-4353-a1c8-6ec2c7c786d2/datanode-6/data/ratis/bd023da9-8a6d-4768-b141-2f4ceb8ad15a does not exist. Creating ...
2019-10-15 01:01:47,327 [pool-267-thread-1] INFO  storage.RaftStorageDirectory (RaftStorageDirectory.java:tryLock(328)) - Lock on /workdir/hadoop-ozone/integration-test/target/test-dir/MiniOzoneClusterImpl-cc4f64bf-2522-4353-a1c8-6ec2c7c786d2/datanode-6/data/ratis/bd023da9-8a6d-4768-b141-2f4ceb8ad15a/in_use.lock acquired by nodename 9255@pr-hdds-2181-4tb7b-1429657930
2019-10-15 01:01:47,327 [pool-237-thread-1] INFO  storage.RaftStorageDirectory (RaftStorageDirectory.java:tryLock(328)) - Lock on /workdir/hadoop-ozone/integration-test/target/test-dir/MiniOzoneClusterImpl-cc4f64bf-2522-4353-a1c8-6ec2c7c786d2/datanode-3/data/ratis/bd023da9-8a6d-4768-b141-2f4ceb8ad15a/in_use.lock acquired by nodename 9255@pr-hdds-2181-4tb7b-1429657930
2019-10-15 01:01:47,327 [pool-257-thread-1] INFO  storage.RaftStorageDirectory (RaftStorageDirectory.java:tryLock(328)) - Lock on /workdir/hadoop-ozone/integration-test/target/test-dir/MiniOzoneClusterImpl-cc4f64bf-2522-4353-a1c8-6ec2c7c786d2/datanode-5/data/ratis/bd023da9-8a6d-4768-b141-2f4ceb8ad15a/in_use.lock acquired by nodename 9255@pr-hdds-2181-4tb7b-1429657930
2019-10-15 01:01:47,352 [pool-267-thread-1] INFO  storage.RaftStorage (RaftStorage.java:format(84)) - Storage directory /workdir/hadoop-ozone/integration-test/target/test-dir/MiniOzoneClusterImpl-cc4f64bf-2522-4353-a1c8-6ec2c7c786d2/datanode-6/data/ratis/bd023da9-8a6d-4768-b141-2f4ceb8ad15a has been successfully formatted.
2019-10-15 01:01:47,352 [pool-257-thread-1] INFO  storage.RaftStorage (RaftStorage.java:format(84)) - Storage directory /workdir/hadoop-ozone/integration-test/target/test-dir/MiniOzoneClusterImpl-cc4f64bf-2522-4353-a1c8-6ec2c7c786d2/datanode-5/data/ratis/bd023da9-8a6d-4768-b141-2f4ceb8ad15a has been successfully formatted.
2019-10-15 01:01:47,352 [pool-267-thread-1] INFO  ratis.ContainerStateMachine (ContainerStateMachine.java:loadSnapshot(231)) - group-2F4CEB8AD15A: The snapshot info is null. Setting the last applied indexto:(t:0, i:~)
2019-10-15 01:01:47,352 [pool-237-thread-1] INFO  storage.RaftStorage (RaftStorage.java:format(84)) - Storage directory /workdir/hadoop-ozone/integration-test/target/test-dir/MiniOzoneClusterImpl-cc4f64bf-2522-4353-a1c8-6ec2c7c786d2/datanode-3/data/ratis/bd023da9-8a6d-4768-b141-2f4ceb8ad15a has been successfully formatted.
2019-10-15 01:01:47,352 [pool-257-thread-1] INFO  ratis.ContainerStateMachine (ContainerStateMachine.java:loadSnapshot(231)) - group-2F4CEB8AD15A: The snapshot info is null. Setting the last applied indexto:(t:0, i:~)
2019-10-15 01:01:47,352 [pool-267-thread-1] INFO  server.RaftServerConfigKeys (ConfUtils.java:logGet(43)) - raft.server.notification.no-leader.timeout = 120s (custom)
2019-10-15 01:01:47,353 [pool-257-thread-1] INFO  server.RaftServerConfigKeys (ConfUtils.java:logGet(43)) - raft.server.notification.no-leader.timeout = 120s (custom)
2019-10-15 01:01:47,352 [pool-237-thread-1] INFO  ratis.ContainerStateMachine (ContainerStateMachine.java:loadSnapshot(231)) - group-2F4CEB8AD15A: The snapshot info is null. Setting the last applied indexto:(t:0, i:~)
2019-10-15 01:01:47,353 [pool-257-thread-1] INFO  server.RaftServerConfigKeys (ConfUtils.java:logGet(43)) - raft.server.log.use.memory = false (default)
2019-10-15 01:01:47,353 [pool-267-thread-1] INFO  server.RaftServerConfigKeys (ConfUtils.java:logGet(43)) - raft.server.log.use.memory = false (default)
2019-10-15 01:01:47,353 [pool-257-thread-1] INFO  server.RaftServerConfigKeys (ConfUtils.java:logGet(43)) - raft.server.log.purge.gap = 1000000 (custom)
2019-10-15 01:01:47,353 [pool-237-thread-1] INFO  server.RaftServerConfigKeys (ConfUtils.java:logGet(43)) - raft.server.notification.no-leader.timeout = 120s (custom)
2019-10-15 01:01:47,354 [pool-257-thread-1] INFO  server.RaftServerConfigKeys (ConfUtils.java:logGet(43)) - raft.server.log.appender.buffer.byte-limit = 33554432 (custom)
2019-10-15 01:01:47,353 [pool-267-thread-1] INFO  server.RaftServerConfigKeys (ConfUtils.java:logGet(43)) - raft.server.log.purge.gap = 1000000 (custom)
2019-10-15 01:01:47,354 [pool-257-thread-1] INFO  server.RaftServerConfigKeys (ConfUtils.java:logGet(43)) - raft.server.log.segment.size.max = 1048576 (custom)
2019-10-15 01:01:47,354 [pool-237-thread-1] INFO  server.RaftServerConfigKeys (ConfUtils.java:logGet(43)) - raft.server.log.use.memory = false (default)
2019-10-15 01:01:47,354 [pool-257-thread-1] INFO  server.RaftServerConfigKeys (ConfUtils.java:logGet(43)) - raft.server.log.segment.cache.num.max = 2 (custom)
2019-10-15 01:01:47,354 [pool-267-thread-1] INFO  server.RaftServerConfigKeys (ConfUtils.java:logGet(43)) - raft.server.log.appender.buffer.byte-limit = 33554432 (custom)
2019-10-15 01:01:47,355 [pool-257-thread-1] INFO  segmented.SegmentedRaftLogWorker (SegmentedRaftLogWorker.java:<init>(173)) - new 94636056-8592-46dd-8100-633f3d87d2e0@group-2F4CEB8AD15A-SegmentedRaftLogWorker for RaftStorage:Storage Directory /workdir/hadoop-ozone/integration-test/target/test-dir/MiniOzoneClusterImpl-cc4f64bf-2522-4353-a1c8-6ec2c7c786d2/datanode-5/data/ratis/bd023da9-8a6d-4768-b141-2f4ceb8ad15a
2019-10-15 01:01:47,354 [pool-237-thread-1] INFO  server.RaftServerConfigKeys (ConfUtils.java:logGet(43)) - raft.server.log.purge.gap = 1000000 (custom)
2019-10-15 01:01:47,355 [pool-257-thread-1] INFO  server.RaftServerConfigKeys (ConfUtils.java:logGet(43)) - raft.server.log.queue.byte-limit = 2147483647 (custom)
2019-10-15 01:01:47,355 [pool-267-thread-1] INFO  server.RaftServerConfigKeys (ConfUtils.java:logGet(43)) - raft.server.log.segment.size.max = 1048576 (custom)
2019-10-15 01:01:47,355 [pool-257-thread-1] INFO  server.RaftServerConfigKeys (ConfUtils.java:logGet(43)) - raft.server.log.queue.element-limit = 1024 (custom)
2019-10-15 01:01:47,355 [pool-237-thread-1] INFO  server.RaftServerConfigKeys (ConfUtils.java:logGet(43)) - raft.server.log.appender.buffer.byte-limit = 33554432 (custom)
2019-10-15 01:01:47,356 [pool-257-thread-1] INFO  server.RaftServerConfigKeys (ConfUtils.java:logGet(43)) - raft.server.log.segment.size.max = 1048576 (custom)
2019-10-15 01:01:47,356 [pool-267-thread-1] INFO  server.RaftServerConfigKeys (ConfUtils.java:logGet(43)) - raft.server.log.segment.cache.num.max = 2 (custom)
2019-10-15 01:01:47,356 [pool-257-thread-1] INFO  server.RaftServerConfigKeys (ConfUtils.java:logGet(43)) - raft.server.log.preallocated.size = 16384 (custom)
2019-10-15 01:01:47,356 [pool-237-thread-1] INFO  server.RaftServerConfigKeys (ConfUtils.java:logGet(43)) - raft.server.log.segment.size.max = 1048576 (custom)
2019-10-15 01:01:47,356 [pool-257-thread-1] INFO  server.RaftServerConfigKeys (ConfUtils.java:logGet(43)) - raft.server.log.write.buffer.size = 33554432 (custom)
2019-10-15 01:01:47,356 [pool-267-thread-1] INFO  segmented.SegmentedRaftLogWorker (SegmentedRaftLogWorker.java:<init>(173)) - new 09e120a0-be93-4443-aefc-7fa82b6f6dbf@group-2F4CEB8AD15A-SegmentedRaftLogWorker for RaftStorage:Storage Directory /workdir/hadoop-ozone/integration-test/target/test-dir/MiniOzoneClusterImpl-cc4f64bf-2522-4353-a1c8-6ec2c7c786d2/datanode-6/data/ratis/bd023da9-8a6d-4768-b141-2f4ceb8ad15a
2019-10-15 01:01:47,357 [pool-257-thread-1] INFO  server.RaftServerConfigKeys (ConfUtils.java:logGet(43)) - raft.server.log.force.sync.num = 128 (default)
2019-10-15 01:01:47,357 [pool-237-thread-1] INFO  server.RaftServerConfigKeys (ConfUtils.java:logGet(43)) - raft.server.log.segment.cache.num.max = 2 (custom)
2019-10-15 01:01:47,357 [pool-257-thread-1] INFO  server.RaftServerConfigKeys (ConfUtils.java:logGet(43)) - raft.server.log.statemachine.data.sync = true (default)
2019-10-15 01:01:47,357 [pool-267-thread-1] INFO  server.RaftServerConfigKeys (ConfUtils.java:logGet(43)) - raft.server.log.queue.byte-limit = 2147483647 (custom)
2019-10-15 01:01:47,358 [pool-257-thread-1] INFO  server.RaftServerConfigKeys (ConfUtils.java:logGet(43)) - raft.server.log.statemachine.data.sync.timeout = 10s (default)
2019-10-15 01:01:47,357 [pool-237-thread-1] INFO  segmented.SegmentedRaftLogWorker (SegmentedRaftLogWorker.java:<init>(173)) - new d319f595-9836-4801-9f30-1f1ade445257@group-2F4CEB8AD15A-SegmentedRaftLogWorker for RaftStorage:Storage Directory /workdir/hadoop-ozone/integration-test/target/test-dir/MiniOzoneClusterImpl-cc4f64bf-2522-4353-a1c8-6ec2c7c786d2/datanode-3/data/ratis/bd023da9-8a6d-4768-b141-2f4ceb8ad15a
2019-10-15 01:01:47,358 [pool-257-thread-1] INFO  server.RaftServerConfigKeys (ConfUtils.java:logGet(43)) - raft.server.log.statemachine.data.sync.timeout.retry = -1 (default)
2019-10-15 01:01:47,358 [pool-267-thread-1] INFO  server.RaftServerConfigKeys (ConfUtils.java:logGet(43)) - raft.server.log.queue.element-limit = 1024 (custom)
2019-10-15 01:01:47,358 [pool-257-thread-1] INFO  server.RaftServerConfigKeys (ConfUtils.java:logGet(43)) - raft.server.log.statemachine.data.caching.enabled = true (custom)
2019-10-15 01:01:47,358 [pool-267-thread-1] INFO  server.RaftServerConfigKeys (ConfUtils.java:logGet(43)) - raft.server.log.segment.size.max = 1048576 (custom)
2019-10-15 01:01:47,358 [pool-237-thread-1] INFO  server.RaftServerConfigKeys (ConfUtils.java:logGet(43)) - raft.server.log.queue.byte-limit = 2147483647 (custom)
2019-10-15 01:01:47,359 [pool-267-thread-1] INFO  server.RaftServerConfigKeys (ConfUtils.java:logGet(43)) - raft.server.log.preallocated.size = 16384 (custom)
2019-10-15 01:01:47,359 [pool-237-thread-1] INFO  server.RaftServerConfigKeys (ConfUtils.java:logGet(43)) - raft.server.log.queue.element-limit = 1024 (custom)
2019-10-15 01:01:47,359 [pool-257-thread-1] INFO  segmented.SegmentedRaftLogWorker (SegmentedRaftLogWorker.java:lambda$new$0(128)) - 94636056-8592-46dd-8100-633f3d87d2e0@group-2F4CEB8AD15A-SegmentedRaftLogWorker: flushIndex: setUnconditionally 0 -> -1
2019-10-15 01:01:47,359 [pool-237-thread-1] INFO  server.RaftServerConfigKeys (ConfUtils.java:logGet(43)) - raft.server.log.segment.size.max = 1048576 (custom)
2019-10-15 01:01:47,359 [pool-267-thread-1] INFO  server.RaftServerConfigKeys (ConfUtils.java:logGet(43)) - raft.server.log.write.buffer.size = 33554432 (custom)
2019-10-15 01:01:47,360 [pool-257-thread-1] INFO  server.RaftServerConfigKeys (ConfUtils.java:logGet(43)) - raft.server.snapshot.auto.trigger.enabled = true (custom)
2019-10-15 01:01:47,360 [pool-237-thread-1] INFO  server.RaftServerConfigKeys (ConfUtils.java:logGet(43)) - raft.server.log.preallocated.size = 16384 (custom)
2019-10-15 01:01:47,360 [pool-257-thread-1] INFO  server.RaftServerConfigKeys (ConfUtils.java:logGet(43)) - raft.server.snapshot.auto.trigger.threshold = 10000 (custom)
2019-10-15 01:01:47,360 [pool-267-thread-1] INFO  server.RaftServerConfigKeys (ConfUtils.java:logGet(43)) - raft.server.log.force.sync.num = 128 (default)
2019-10-15 01:01:47,360 [pool-257-thread-1] INFO  server.RaftServerConfigKeys (ConfUtils.java:logGet(43)) - raft.server.snapshot.retention.file.num = 5 (custom)
2019-10-15 01:01:47,360 [pool-237-thread-1] INFO  server.RaftServerConfigKeys (ConfUtils.java:logGet(43)) - raft.server.log.write.buffer.size = 33554432 (custom)
2019-10-15 01:01:47,361 [pool-257-thread-1] INFO  server.RaftServerConfigKeys (ConfUtils.java:logGet(43)) - raft.server.retrycache.expirytime = 600000ms (custom)
2019-10-15 01:01:47,361 [pool-267-thread-1] INFO  server.RaftServerConfigKeys (ConfUtils.java:logGet(43)) - raft.server.log.statemachine.data.sync = true (default)
2019-10-15 01:01:47,361 [pool-237-thread-1] INFO  server.RaftServerConfigKeys (ConfUtils.java:logGet(43)) - raft.server.log.force.sync.num = 128 (default)
2019-10-15 01:01:47,361 [pool-267-thread-1] INFO  server.RaftServerConfigKeys (ConfUtils.java:logGet(43)) - raft.server.log.statemachine.data.sync.timeout = 10s (default)
2019-10-15 01:01:47,362 [pool-237-thread-1] INFO  server.RaftServerConfigKeys (ConfUtils.java:logGet(43)) - raft.server.log.statemachine.data.sync = true (default)
2019-10-15 01:01:47,362 [pool-267-thread-1] INFO  server.RaftServerConfigKeys (ConfUtils.java:logGet(43)) - raft.server.log.statemachine.data.sync.timeout.retry = -1 (default)
2019-10-15 01:01:47,362 [pool-237-thread-1] INFO  server.RaftServerConfigKeys (ConfUtils.java:logGet(43)) - raft.server.log.statemachine.data.sync.timeout = 10s (default)
2019-10-15 01:01:47,363 [pool-237-thread-1] INFO  server.RaftServerConfigKeys (ConfUtils.java:logGet(43)) - raft.server.log.statemachine.data.sync.timeout.retry = -1 (default)
2019-10-15 01:01:47,363 [pool-267-thread-1] INFO  server.RaftServerConfigKeys (ConfUtils.java:logGet(43)) - raft.server.log.statemachine.data.caching.enabled = true (custom)
2019-10-15 01:01:47,363 [pool-237-thread-1] INFO  server.RaftServerConfigKeys (ConfUtils.java:logGet(43)) - raft.server.log.statemachine.data.caching.enabled = true (custom)
2019-10-15 01:01:47,363 [pool-267-thread-1] INFO  segmented.SegmentedRaftLogWorker (SegmentedRaftLogWorker.java:lambda$new$0(128)) - 09e120a0-be93-4443-aefc-7fa82b6f6dbf@group-2F4CEB8AD15A-SegmentedRaftLogWorker: flushIndex: setUnconditionally 0 -> -1
2019-10-15 01:01:47,363 [pool-237-thread-1] INFO  segmented.SegmentedRaftLogWorker (SegmentedRaftLogWorker.java:lambda$new$0(128)) - d319f595-9836-4801-9f30-1f1ade445257@group-2F4CEB8AD15A-SegmentedRaftLogWorker: flushIndex: setUnconditionally 0 -> -1
2019-10-15 01:01:47,364 [pool-267-thread-1] INFO  server.RaftServerConfigKeys (ConfUtils.java:logGet(43)) - raft.server.snapshot.auto.trigger.enabled = true (custom)
2019-10-15 01:01:47,364 [pool-267-thread-1] INFO  server.RaftServerConfigKeys (ConfUtils.java:logGet(43)) - raft.server.snapshot.auto.trigger.threshold = 10000 (custom)
2019-10-15 01:01:47,364 [pool-237-thread-1] INFO  server.RaftServerConfigKeys (ConfUtils.java:logGet(43)) - raft.server.snapshot.auto.trigger.enabled = true (custom)
2019-10-15 01:01:47,364 [pool-267-thread-1] INFO  server.RaftServerConfigKeys (ConfUtils.java:logGet(43)) - raft.server.snapshot.retention.file.num = 5 (custom)
2019-10-15 01:01:47,364 [pool-237-thread-1] INFO  server.RaftServerConfigKeys (ConfUtils.java:logGet(43)) - raft.server.snapshot.auto.trigger.threshold = 10000 (custom)
2019-10-15 01:01:47,364 [pool-267-thread-1] INFO  server.RaftServerConfigKeys (ConfUtils.java:logGet(43)) - raft.server.retrycache.expirytime = 600000ms (custom)
2019-10-15 01:01:47,365 [pool-237-thread-1] INFO  server.RaftServerConfigKeys (ConfUtils.java:logGet(43)) - raft.server.snapshot.retention.file.num = 5 (custom)
2019-10-15 01:01:47,365 [pool-237-thread-1] INFO  server.RaftServerConfigKeys (ConfUtils.java:logGet(43)) - raft.server.retrycache.expirytime = 600000ms (custom)
2019-10-15 01:01:47,365 [pool-257-thread-1] INFO  impl.RaftServerImpl (RaftServerImpl.java:start(181)) - 94636056-8592-46dd-8100-633f3d87d2e0@group-2F4CEB8AD15A: start as a follower, conf=-1: [09e120a0-be93-4443-aefc-7fa82b6f6dbf:192.168.30.62:45717, d319f595-9836-4801-9f30-1f1ade445257:192.168.30.62:38960, 94636056-8592-46dd-8100-633f3d87d2e0:192.168.30.62:33137], old=null
2019-10-15 01:01:47,365 [pool-257-thread-1] INFO  impl.RaftServerImpl (RaftServerImpl.java:setRole(170)) - 94636056-8592-46dd-8100-633f3d87d2e0@group-2F4CEB8AD15A: changes role from      null to FOLLOWER at term 0 for startAsFollower
2019-10-15 01:01:47,366 [pool-257-thread-1] INFO  impl.RoleInfo (RoleInfo.java:updateAndGet(143)) - 94636056-8592-46dd-8100-633f3d87d2e0: start FollowerState
2019-10-15 01:01:47,366 [pool-257-thread-1] INFO  util.JmxRegister (JmxRegister.java:tryRegister(44)) - Successfully registered JMX Bean with object name Ratis:service=RaftServer,group=group-2F4CEB8AD15A,id=94636056-8592-46dd-8100-633f3d87d2e0
2019-10-15 01:01:47,367 [pool-267-thread-1] INFO  impl.RaftServerImpl (RaftServerImpl.java:start(181)) - 09e120a0-be93-4443-aefc-7fa82b6f6dbf@group-2F4CEB8AD15A: start as a follower, conf=-1: [09e120a0-be93-4443-aefc-7fa82b6f6dbf:192.168.30.62:45717, d319f595-9836-4801-9f30-1f1ade445257:192.168.30.62:38960, 94636056-8592-46dd-8100-633f3d87d2e0:192.168.30.62:33137], old=null
2019-10-15 01:01:47,367 [pool-267-thread-1] INFO  impl.RaftServerImpl (RaftServerImpl.java:setRole(170)) - 09e120a0-be93-4443-aefc-7fa82b6f6dbf@group-2F4CEB8AD15A: changes role from      null to FOLLOWER at term 0 for startAsFollower
2019-10-15 01:01:47,367 [pool-267-thread-1] INFO  impl.RoleInfo (RoleInfo.java:updateAndGet(143)) - 09e120a0-be93-4443-aefc-7fa82b6f6dbf: start FollowerState
2019-10-15 01:01:47,368 [pool-267-thread-1] INFO  util.JmxRegister (JmxRegister.java:tryRegister(44)) - Successfully registered JMX Bean with object name Ratis:service=RaftServer,group=group-2F4CEB8AD15A,id=09e120a0-be93-4443-aefc-7fa82b6f6dbf
2019-10-15 01:01:47,370 [pool-237-thread-1] INFO  impl.RaftServerImpl (RaftServerImpl.java:start(181)) - d319f595-9836-4801-9f30-1f1ade445257@group-2F4CEB8AD15A: start as a follower, conf=-1: [09e120a0-be93-4443-aefc-7fa82b6f6dbf:192.168.30.62:45717, d319f595-9836-4801-9f30-1f1ade445257:192.168.30.62:38960, 94636056-8592-46dd-8100-633f3d87d2e0:192.168.30.62:33137], old=null
2019-10-15 01:01:47,371 [pool-237-thread-1] INFO  impl.RaftServerImpl (RaftServerImpl.java:setRole(170)) - d319f595-9836-4801-9f30-1f1ade445257@group-2F4CEB8AD15A: changes role from      null to FOLLOWER at term 0 for startAsFollower
2019-10-15 01:01:47,371 [pool-237-thread-1] INFO  impl.RoleInfo (RoleInfo.java:updateAndGet(143)) - d319f595-9836-4801-9f30-1f1ade445257: start FollowerState
2019-10-15 01:01:47,371 [pool-237-thread-1] INFO  util.JmxRegister (JmxRegister.java:tryRegister(44)) - Successfully registered JMX Bean with object name Ratis:service=RaftServer,group=group-2F4CEB8AD15A,id=d319f595-9836-4801-9f30-1f1ade445257
2019-10-15 01:01:47,386 [RatisPipelineUtilsThread] INFO  pipeline.PipelineStateManager (PipelineStateManager.java:addPipeline(56)) - Created pipeline Pipeline[ Id: bd023da9-8a6d-4768-b141-2f4ceb8ad15a, Nodes: d319f595-9836-4801-9f30-1f1ade445257{ip: 192.168.30.62, host: pr-hdds-2181-4tb7b-1429657930, networkLocation: /default-rack, certSerialId: null}94636056-8592-46dd-8100-633f3d87d2e0{ip: 192.168.30.62, host: pr-hdds-2181-4tb7b-1429657930, networkLocation: /default-rack, certSerialId: null}09e120a0-be93-4443-aefc-7fa82b6f6dbf{ip: 192.168.30.62, host: pr-hdds-2181-4tb7b-1429657930, networkLocation: /default-rack, certSerialId: null}, Type:RATIS, Factor:THREE, State:OPEN]
2019-10-15 01:01:48,190 [main] INFO  ozone.MiniOzoneClusterImpl (MiniOzoneClusterImpl.java:lambda$waitForClusterToBeReady$0(147)) - Cluster is ready. Got 7 of 7 DN Heartbeats.
2019-10-15 01:01:48,230 [main] INFO  rpc.RpcClient (RpcClient.java:createVolume(272)) - Creating Volume: watchforcommithandlingtest, with jenkins1000 as owner.
2019-10-15 01:01:48,233 [IPC Server handler 4 on 33809] INFO  volume.OMVolumeCreateRequest (OMVolumeCreateRequest.java:validateAndUpdateCache(193)) - created volume:watchforcommithandlingtest for user:jenkins1000
2019-10-15 01:01:48,253 [main] INFO  rpc.RpcClient (RpcClient.java:createBucket(411)) - Creating Bucket: watchforcommithandlingtest/watchforcommithandlingtest, with Versioning false and Storage Type set to DISK and Encryption set to false 
2019-10-15 01:01:48,259 [main] INFO  ozone.MiniOzoneClusterImpl (MiniOzoneClusterImpl.java:getStorageContainerLocationClient(234)) - Creating StorageContainerLocationProtocol RPC client with address /0.0.0.0:34453
2019-10-15 01:01:49,787 [Thread-1435] INFO  container.ReplicationManager (ReplicationManager.java:start(162)) - Starting Replication Monitor Thread.
2019-10-15 01:01:49,791 [ReplicationMonitor] INFO  container.ReplicationManager (ReplicationManager.java:run(225)) - Replication Monitor Thread took 0 milliseconds for processing 1 containers.
2019-10-15 01:01:51,935 [Thread-1437] INFO  impl.FollowerState (FollowerState.java:run(108)) - d1fe838a-d6b9-4181-abdf-8d55bca94856@group-F4A7ADA37D2B-FollowerState: change to CANDIDATE, lastRpcTime:5095ms, electionTimeout:5095ms
2019-10-15 01:01:51,936 [Thread-1437] INFO  impl.RoleInfo (RoleInfo.java:shutdownFollowerState(121)) - d1fe838a-d6b9-4181-abdf-8d55bca94856: shutdown FollowerState
2019-10-15 01:01:51,936 [Thread-1437] INFO  impl.RaftServerImpl (RaftServerImpl.java:setRole(170)) - d1fe838a-d6b9-4181-abdf-8d55bca94856@group-F4A7ADA37D2B: changes role from  FOLLOWER to CANDIDATE at term 0 for changeToCandidate
2019-10-15 01:01:51,937 [Thread-1437] INFO  impl.RoleInfo (RoleInfo.java:updateAndGet(143)) - d1fe838a-d6b9-4181-abdf-8d55bca94856: start LeaderElection
2019-10-15 01:01:51,966 [d1fe838a-d6b9-4181-abdf-8d55bca94856@group-F4A7ADA37D2B-LeaderElection28] INFO  impl.LeaderElection (LeaderElection.java:askForVotes(178)) - d1fe838a-d6b9-4181-abdf-8d55bca94856@group-F4A7ADA37D2B-LeaderElection28: begin an election at term 1 for -1: [d1fe838a-d6b9-4181-abdf-8d55bca94856:192.168.30.62:37707], old=null
2019-10-15 01:01:51,967 [d1fe838a-d6b9-4181-abdf-8d55bca94856@group-F4A7ADA37D2B-LeaderElection28] INFO  impl.RoleInfo (RoleInfo.java:shutdownLeaderElection(134)) - d1fe838a-d6b9-4181-abdf-8d55bca94856: shutdown LeaderElection
2019-10-15 01:01:51,967 [d1fe838a-d6b9-4181-abdf-8d55bca94856@group-F4A7ADA37D2B-LeaderElection28] INFO  impl.RaftServerImpl (RaftServerImpl.java:setRole(170)) - d1fe838a-d6b9-4181-abdf-8d55bca94856@group-F4A7ADA37D2B: changes role from CANDIDATE to LEADER at term 1 for changeToLeader
2019-10-15 01:01:51,967 [d1fe838a-d6b9-4181-abdf-8d55bca94856@group-F4A7ADA37D2B-LeaderElection28] INFO  impl.RaftServerImpl (ServerState.java:setLeader(255)) - d1fe838a-d6b9-4181-abdf-8d55bca94856@group-F4A7ADA37D2B: change Leader from null to d1fe838a-d6b9-4181-abdf-8d55bca94856 at term 1 for becomeLeader, leader elected after 5138ms
2019-10-15 01:01:51,967 [d1fe838a-d6b9-4181-abdf-8d55bca94856@group-F4A7ADA37D2B-LeaderElection28] INFO  server.RaftServerConfigKeys (ConfUtils.java:logGet(43)) - raft.server.staging.catchup.gap = 1000 (default)
2019-10-15 01:01:51,968 [d1fe838a-d6b9-4181-abdf-8d55bca94856@group-F4A7ADA37D2B-LeaderElection28] INFO  server.RaftServerConfigKeys (ConfUtils.java:logGet(43)) - raft.server.rpc.sleep.time = 25ms (default)
2019-10-15 01:01:51,968 [d1fe838a-d6b9-4181-abdf-8d55bca94856@group-F4A7ADA37D2B-LeaderElection28] INFO  server.RaftServerConfigKeys (ConfUtils.java:logGet(43)) - raft.server.write.element-limit = 4096 (default)
2019-10-15 01:01:51,968 [d1fe838a-d6b9-4181-abdf-8d55bca94856@group-F4A7ADA37D2B-LeaderElection28] INFO  server.RaftServerConfigKeys (ConfUtils.java:logGet(43)) - raft.server.watch.timeout = 10s (default)
2019-10-15 01:01:51,968 [d1fe838a-d6b9-4181-abdf-8d55bca94856@group-F4A7ADA37D2B-LeaderElection28] INFO  server.RaftServerConfigKeys (ConfUtils.java:logGet(43)) - raft.server.watch.timeout.denomination = 1s (default)
2019-10-15 01:01:51,969 [d1fe838a-d6b9-4181-abdf-8d55bca94856@group-F4A7ADA37D2B-LeaderElection28] INFO  server.RaftServerConfigKeys (ConfUtils.java:logGet(43)) - raft.server.watch.element-limit = 65536 (default)
2019-10-15 01:01:51,972 [d1fe838a-d6b9-4181-abdf-8d55bca94856@group-F4A7ADA37D2B-LeaderElection28] INFO  impl.RoleInfo (RoleInfo.java:updateAndGet(143)) - d1fe838a-d6b9-4181-abdf-8d55bca94856: start LeaderState
2019-10-15 01:01:51,974 [d1fe838a-d6b9-4181-abdf-8d55bca94856@group-F4A7ADA37D2B-LeaderElection28] INFO  segmented.SegmentedRaftLogWorker (SegmentedRaftLogWorker.java:startLogSegment(385)) - d1fe838a-d6b9-4181-abdf-8d55bca94856@group-F4A7ADA37D2B-SegmentedRaftLogWorker: Starting segment from index:0
2019-10-15 01:01:51,975 [d1fe838a-d6b9-4181-abdf-8d55bca94856@group-F4A7ADA37D2B-LeaderElection28] INFO  impl.RaftServerImpl (ServerState.java:setRaftConf(356)) - d1fe838a-d6b9-4181-abdf-8d55bca94856@group-F4A7ADA37D2B: set configuration 0: [d1fe838a-d6b9-4181-abdf-8d55bca94856:192.168.30.62:37707], old=null at 0
2019-10-15 01:01:52,008 [Thread-1440] INFO  impl.FollowerState (FollowerState.java:run(108)) - 62da231e-6706-4024-9d76-a7730eed6ee2@group-B81C534FC2D1-FollowerState: change to CANDIDATE, lastRpcTime:5107ms, electionTimeout:5107ms
2019-10-15 01:01:52,009 [Thread-1440] INFO  impl.RoleInfo (RoleInfo.java:shutdownFollowerState(121)) - 62da231e-6706-4024-9d76-a7730eed6ee2: shutdown FollowerState
2019-10-15 01:01:52,009 [Thread-1440] INFO  impl.RaftServerImpl (RaftServerImpl.java:setRole(170)) - 62da231e-6706-4024-9d76-a7730eed6ee2@group-B81C534FC2D1: changes role from  FOLLOWER to CANDIDATE at term 0 for changeToCandidate
2019-10-15 01:01:52,009 [Thread-1440] INFO  impl.RoleInfo (RoleInfo.java:updateAndGet(143)) - 62da231e-6706-4024-9d76-a7730eed6ee2: start LeaderElection
2019-10-15 01:01:52,077 [d1fe838a-d6b9-4181-abdf-8d55bca94856@group-F4A7ADA37D2B-SegmentedRaftLogWorker] INFO  segmented.SegmentedRaftLogWorker (SegmentedRaftLogWorker.java:execute(574)) - d1fe838a-d6b9-4181-abdf-8d55bca94856@group-F4A7ADA37D2B-SegmentedRaftLogWorker: created new log segment /workdir/hadoop-ozone/integration-test/target/test-dir/MiniOzoneClusterImpl-cc4f64bf-2522-4353-a1c8-6ec2c7c786d2/datanode-0/data/ratis/a1c7955c-34b1-4431-94e0-f4a7ada37d2b/current/log_inprogress_0
2019-10-15 01:01:52,077 [62da231e-6706-4024-9d76-a7730eed6ee2@group-B81C534FC2D1-LeaderElection29] INFO  impl.LeaderElection (LeaderElection.java:askForVotes(178)) - 62da231e-6706-4024-9d76-a7730eed6ee2@group-B81C534FC2D1-LeaderElection29: begin an election at term 1 for -1: [62da231e-6706-4024-9d76-a7730eed6ee2:192.168.30.62:33831], old=null
2019-10-15 01:01:52,077 [62da231e-6706-4024-9d76-a7730eed6ee2@group-B81C534FC2D1-LeaderElection29] INFO  impl.RoleInfo (RoleInfo.java:shutdownLeaderElection(134)) - 62da231e-6706-4024-9d76-a7730eed6ee2: shutdown LeaderElection
2019-10-15 01:01:52,077 [62da231e-6706-4024-9d76-a7730eed6ee2@group-B81C534FC2D1-LeaderElection29] INFO  impl.RaftServerImpl (RaftServerImpl.java:setRole(170)) - 62da231e-6706-4024-9d76-a7730eed6ee2@group-B81C534FC2D1: changes role from CANDIDATE to LEADER at term 1 for changeToLeader
2019-10-15 01:01:52,077 [62da231e-6706-4024-9d76-a7730eed6ee2@group-B81C534FC2D1-LeaderElection29] INFO  impl.RaftServerImpl (ServerState.java:setLeader(255)) - 62da231e-6706-4024-9d76-a7730eed6ee2@group-B81C534FC2D1: change Leader from null to 62da231e-6706-4024-9d76-a7730eed6ee2 at term 1 for becomeLeader, leader elected after 5184ms
2019-10-15 01:01:52,078 [62da231e-6706-4024-9d76-a7730eed6ee2@group-B81C534FC2D1-LeaderElection29] INFO  server.RaftServerConfigKeys (ConfUtils.java:logGet(43)) - raft.server.staging.catchup.gap = 1000 (default)
2019-10-15 01:01:52,078 [62da231e-6706-4024-9d76-a7730eed6ee2@group-B81C534FC2D1-LeaderElection29] INFO  server.RaftServerConfigKeys (ConfUtils.java:logGet(43)) - raft.server.rpc.sleep.time = 25ms (default)
2019-10-15 01:01:52,078 [62da231e-6706-4024-9d76-a7730eed6ee2@group-B81C534FC2D1-LeaderElection29] INFO  server.RaftServerConfigKeys (ConfUtils.java:logGet(43)) - raft.server.write.element-limit = 4096 (default)
2019-10-15 01:01:52,079 [62da231e-6706-4024-9d76-a7730eed6ee2@group-B81C534FC2D1-LeaderElection29] INFO  server.RaftServerConfigKeys (ConfUtils.java:logGet(43)) - raft.server.watch.timeout = 10s (default)
2019-10-15 01:01:52,079 [62da231e-6706-4024-9d76-a7730eed6ee2@group-B81C534FC2D1-LeaderElection29] INFO  server.RaftServerConfigKeys (ConfUtils.java:logGet(43)) - raft.server.watch.timeout.denomination = 1s (default)
2019-10-15 01:01:52,079 [62da231e-6706-4024-9d76-a7730eed6ee2@group-B81C534FC2D1-LeaderElection29] INFO  server.RaftServerConfigKeys (ConfUtils.java:logGet(43)) - raft.server.watch.element-limit = 65536 (default)
2019-10-15 01:01:52,082 [62da231e-6706-4024-9d76-a7730eed6ee2@group-B81C534FC2D1-LeaderElection29] INFO  impl.RoleInfo (RoleInfo.java:updateAndGet(143)) - 62da231e-6706-4024-9d76-a7730eed6ee2: start LeaderState
2019-10-15 01:01:52,082 [62da231e-6706-4024-9d76-a7730eed6ee2@group-B81C534FC2D1-LeaderElection29] INFO  segmented.SegmentedRaftLogWorker (SegmentedRaftLogWorker.java:startLogSegment(385)) - 62da231e-6706-4024-9d76-a7730eed6ee2@group-B81C534FC2D1-SegmentedRaftLogWorker: Starting segment from index:0
2019-10-15 01:01:52,083 [62da231e-6706-4024-9d76-a7730eed6ee2@group-B81C534FC2D1-LeaderElection29] INFO  impl.RaftServerImpl (ServerState.java:setRaftConf(356)) - 62da231e-6706-4024-9d76-a7730eed6ee2@group-B81C534FC2D1: set configuration 0: [62da231e-6706-4024-9d76-a7730eed6ee2:192.168.30.62:33831], old=null at 0
2019-10-15 01:01:52,093 [Thread-1446] INFO  impl.FollowerState (FollowerState.java:run(108)) - d1fe838a-d6b9-4181-abdf-8d55bca94856@group-DF31B5A3C09F-FollowerState: change to CANDIDATE, lastRpcTime:5066ms, electionTimeout:5066ms
2019-10-15 01:01:52,093 [Thread-1446] INFO  impl.RoleInfo (RoleInfo.java:shutdownFollowerState(121)) - d1fe838a-d6b9-4181-abdf-8d55bca94856: shutdown FollowerState
2019-10-15 01:01:52,093 [Thread-1446] INFO  impl.RaftServerImpl (RaftServerImpl.java:setRole(170)) - d1fe838a-d6b9-4181-abdf-8d55bca94856@group-DF31B5A3C09F: changes role from  FOLLOWER to CANDIDATE at term 0 for changeToCandidate
2019-10-15 01:01:52,093 [Thread-1446] INFO  impl.RoleInfo (RoleInfo.java:updateAndGet(143)) - d1fe838a-d6b9-4181-abdf-8d55bca94856: start LeaderElection
2019-10-15 01:01:52,120 [Thread-1443] INFO  impl.FollowerState (FollowerState.java:run(108)) - c8fa587d-1a82-4196-bd9f-b9c6b166c070@group-9F52AC595237-FollowerState: change to CANDIDATE, lastRpcTime:5151ms, electionTimeout:5148ms
2019-10-15 01:01:52,120 [Thread-1443] INFO  impl.RoleInfo (RoleInfo.java:shutdownFollowerState(121)) - c8fa587d-1a82-4196-bd9f-b9c6b166c070: shutdown FollowerState
2019-10-15 01:01:52,120 [Thread-1443] INFO  impl.RaftServerImpl (RaftServerImpl.java:setRole(170)) - c8fa587d-1a82-4196-bd9f-b9c6b166c070@group-9F52AC595237: changes role from  FOLLOWER to CANDIDATE at term 0 for changeToCandidate
2019-10-15 01:01:52,120 [Thread-1443] INFO  impl.RoleInfo (RoleInfo.java:updateAndGet(143)) - c8fa587d-1a82-4196-bd9f-b9c6b166c070: start LeaderElection
2019-10-15 01:01:52,126 [Thread-1450] INFO  impl.FollowerState (FollowerState.java:run(108)) - c8fa587d-1a82-4196-bd9f-b9c6b166c070@group-DF31B5A3C09F-FollowerState: change to CANDIDATE, lastRpcTime:5090ms, electionTimeout:5087ms
2019-10-15 01:01:52,126 [Thread-1450] INFO  impl.RoleInfo (RoleInfo.java:shutdownFollowerState(121)) - c8fa587d-1a82-4196-bd9f-b9c6b166c070: shutdown FollowerState
2019-10-15 01:01:52,126 [Thread-1450] INFO  impl.RaftServerImpl (RaftServerImpl.java:setRole(170)) - c8fa587d-1a82-4196-bd9f-b9c6b166c070@group-DF31B5A3C09F: changes role from  FOLLOWER to CANDIDATE at term 0 for changeToCandidate
2019-10-15 01:01:52,126 [Thread-1450] INFO  impl.RoleInfo (RoleInfo.java:updateAndGet(143)) - c8fa587d-1a82-4196-bd9f-b9c6b166c070: start LeaderElection
2019-10-15 01:01:52,131 [62da231e-6706-4024-9d76-a7730eed6ee2@group-B81C534FC2D1-SegmentedRaftLogWorker] INFO  segmented.SegmentedRaftLogWorker (SegmentedRaftLogWorker.java:execute(574)) - 62da231e-6706-4024-9d76-a7730eed6ee2@group-B81C534FC2D1-SegmentedRaftLogWorker: created new log segment /workdir/hadoop-ozone/integration-test/target/test-dir/MiniOzoneClusterImpl-cc4f64bf-2522-4353-a1c8-6ec2c7c786d2/datanode-1/data/ratis/d72d61d5-9799-459b-9305-b81c534fc2d1/current/log_inprogress_0
2019-10-15 01:01:52,132 [d1fe838a-d6b9-4181-abdf-8d55bca94856@group-DF31B5A3C09F-LeaderElection30] INFO  impl.LeaderElection (LeaderElection.java:askForVotes(178)) - d1fe838a-d6b9-4181-abdf-8d55bca94856@group-DF31B5A3C09F-LeaderElection30: begin an election at term 1 for -1: [d1fe838a-d6b9-4181-abdf-8d55bca94856:192.168.30.62:37707, c8fa587d-1a82-4196-bd9f-b9c6b166c070:192.168.30.62:37747, 62da231e-6706-4024-9d76-a7730eed6ee2:192.168.30.62:33831], old=null
2019-10-15 01:01:52,132 [c8fa587d-1a82-4196-bd9f-b9c6b166c070@group-9F52AC595237-LeaderElection31] INFO  impl.LeaderElection (LeaderElection.java:askForVotes(178)) - c8fa587d-1a82-4196-bd9f-b9c6b166c070@group-9F52AC595237-LeaderElection31: begin an election at term 1 for -1: [c8fa587d-1a82-4196-bd9f-b9c6b166c070:192.168.30.62:37747], old=null
2019-10-15 01:01:52,132 [c8fa587d-1a82-4196-bd9f-b9c6b166c070@group-9F52AC595237-LeaderElection31] INFO  impl.RoleInfo (RoleInfo.java:shutdownLeaderElection(134)) - c8fa587d-1a82-4196-bd9f-b9c6b166c070: shutdown LeaderElection
2019-10-15 01:01:52,132 [c8fa587d-1a82-4196-bd9f-b9c6b166c070@group-9F52AC595237-LeaderElection31] INFO  impl.RaftServerImpl (RaftServerImpl.java:setRole(170)) - c8fa587d-1a82-4196-bd9f-b9c6b166c070@group-9F52AC595237: changes role from CANDIDATE to LEADER at term 1 for changeToLeader
2019-10-15 01:01:52,133 [c8fa587d-1a82-4196-bd9f-b9c6b166c070@group-9F52AC595237-LeaderElection31] INFO  impl.RaftServerImpl (ServerState.java:setLeader(255)) - c8fa587d-1a82-4196-bd9f-b9c6b166c070@group-9F52AC595237: change Leader from null to c8fa587d-1a82-4196-bd9f-b9c6b166c070 at term 1 for becomeLeader, leader elected after 5172ms
2019-10-15 01:01:52,133 [c8fa587d-1a82-4196-bd9f-b9c6b166c070@group-DF31B5A3C09F-LeaderElection32] INFO  impl.LeaderElection (LeaderElection.java:askForVotes(178)) - c8fa587d-1a82-4196-bd9f-b9c6b166c070@group-DF31B5A3C09F-LeaderElection32: begin an election at term 1 for -1: [d1fe838a-d6b9-4181-abdf-8d55bca94856:192.168.30.62:37707, c8fa587d-1a82-4196-bd9f-b9c6b166c070:192.168.30.62:37747, 62da231e-6706-4024-9d76-a7730eed6ee2:192.168.30.62:33831], old=null
2019-10-15 01:01:52,133 [c8fa587d-1a82-4196-bd9f-b9c6b166c070@group-9F52AC595237-LeaderElection31] INFO  server.RaftServerConfigKeys (ConfUtils.java:logGet(43)) - raft.server.staging.catchup.gap = 1000 (default)
2019-10-15 01:01:52,133 [c8fa587d-1a82-4196-bd9f-b9c6b166c070@group-9F52AC595237-LeaderElection31] INFO  server.RaftServerConfigKeys (ConfUtils.java:logGet(43)) - raft.server.rpc.sleep.time = 25ms (default)
2019-10-15 01:01:52,133 [c8fa587d-1a82-4196-bd9f-b9c6b166c070@group-9F52AC595237-LeaderElection31] INFO  server.RaftServerConfigKeys (ConfUtils.java:logGet(43)) - raft.server.write.element-limit = 4096 (default)
2019-10-15 01:01:52,134 [c8fa587d-1a82-4196-bd9f-b9c6b166c070@group-9F52AC595237-LeaderElection31] INFO  server.RaftServerConfigKeys (ConfUtils.java:logGet(43)) - raft.server.watch.timeout = 10s (default)
2019-10-15 01:01:52,134 [c8fa587d-1a82-4196-bd9f-b9c6b166c070@group-9F52AC595237-LeaderElection31] INFO  server.RaftServerConfigKeys (ConfUtils.java:logGet(43)) - raft.server.watch.timeout.denomination = 1s (default)
2019-10-15 01:01:52,134 [c8fa587d-1a82-4196-bd9f-b9c6b166c070@group-9F52AC595237-LeaderElection31] INFO  server.RaftServerConfigKeys (ConfUtils.java:logGet(43)) - raft.server.watch.element-limit = 65536 (default)
2019-10-15 01:01:52,139 [c8fa587d-1a82-4196-bd9f-b9c6b166c070@group-9F52AC595237-LeaderElection31] INFO  impl.RoleInfo (RoleInfo.java:updateAndGet(143)) - c8fa587d-1a82-4196-bd9f-b9c6b166c070: start LeaderState
2019-10-15 01:01:52,140 [c8fa587d-1a82-4196-bd9f-b9c6b166c070@group-9F52AC595237-LeaderElection31] INFO  segmented.SegmentedRaftLogWorker (SegmentedRaftLogWorker.java:startLogSegment(385)) - c8fa587d-1a82-4196-bd9f-b9c6b166c070@group-9F52AC595237-SegmentedRaftLogWorker: Starting segment from index:0
2019-10-15 01:01:52,140 [c8fa587d-1a82-4196-bd9f-b9c6b166c070@group-9F52AC595237-LeaderElection31] INFO  impl.RaftServerImpl (ServerState.java:setRaftConf(356)) - c8fa587d-1a82-4196-bd9f-b9c6b166c070@group-9F52AC595237: set configuration 0: [c8fa587d-1a82-4196-bd9f-b9c6b166c070:192.168.30.62:37747], old=null at 0
2019-10-15 01:01:52,143 [grpc-default-executor-1] INFO  impl.RaftServerImpl (RaftServerImpl.java:setRole(170)) - 62da231e-6706-4024-9d76-a7730eed6ee2@group-DF31B5A3C09F: changes role from  FOLLOWER to FOLLOWER at term 1 for recognizeCandidate:c8fa587d-1a82-4196-bd9f-b9c6b166c070
2019-10-15 01:01:52,171 [grpc-default-executor-1] INFO  impl.RoleInfo (RoleInfo.java:shutdownFollowerState(121)) - 62da231e-6706-4024-9d76-a7730eed6ee2: shutdown FollowerState
2019-10-15 01:01:52,182 [grpc-default-executor-1] INFO  impl.RoleInfo (RoleInfo.java:updateAndGet(143)) - 62da231e-6706-4024-9d76-a7730eed6ee2: start FollowerState
2019-10-15 01:01:52,182 [c8fa587d-1a82-4196-bd9f-b9c6b166c070@group-9F52AC595237-SegmentedRaftLogWorker] INFO  segmented.SegmentedRaftLogWorker (SegmentedRaftLogWorker.java:execute(574)) - c8fa587d-1a82-4196-bd9f-b9c6b166c070@group-9F52AC595237-SegmentedRaftLogWorker: created new log segment /workdir/hadoop-ozone/integration-test/target/test-dir/MiniOzoneClusterImpl-cc4f64bf-2522-4353-a1c8-6ec2c7c786d2/datanode-2/data/ratis/c49be152-34dd-4f02-8242-9f52ac595237/current/log_inprogress_0
2019-10-15 01:01:52,193 [Thread-1455] INFO  impl.FollowerState (FollowerState.java:run(108)) - d319f595-9836-4801-9f30-1f1ade445257@group-679C8B23389D-FollowerState: change to CANDIDATE, lastRpcTime:5079ms, electionTimeout:5079ms
2019-10-15 01:01:52,194 [Thread-1455] INFO  impl.RoleInfo (RoleInfo.java:shutdownFollowerState(121)) - d319f595-9836-4801-9f30-1f1ade445257: shutdown FollowerState
2019-10-15 01:01:52,194 [Thread-1455] INFO  impl.RaftServerImpl (RaftServerImpl.java:setRole(170)) - d319f595-9836-4801-9f30-1f1ade445257@group-679C8B23389D: changes role from  FOLLOWER to CANDIDATE at term 0 for changeToCandidate
2019-10-15 01:01:52,194 [Thread-1455] INFO  impl.RoleInfo (RoleInfo.java:updateAndGet(143)) - d319f595-9836-4801-9f30-1f1ade445257: start LeaderElection
2019-10-15 01:01:52,200 [c8fa587d-1a82-4196-bd9f-b9c6b166c070@group-DF31B5A3C09F-LeaderElection32] INFO  impl.LeaderElection (LeaderElection.java:logAndReturn(56)) - c8fa587d-1a82-4196-bd9f-b9c6b166c070@group-DF31B5A3C09F-LeaderElection32: Election PASSED; received 2 response(s) [c8fa587d-1a82-4196-bd9f-b9c6b166c070<-d1fe838a-d6b9-4181-abdf-8d55bca94856#0:FAIL-t1, c8fa587d-1a82-4196-bd9f-b9c6b166c070<-62da231e-6706-4024-9d76-a7730eed6ee2#0:OK-t1] and 0 exception(s); c8fa587d-1a82-4196-bd9f-b9c6b166c070@group-DF31B5A3C09F:t1, leader=null, voted=c8fa587d-1a82-4196-bd9f-b9c6b166c070, raftlog=c8fa587d-1a82-4196-bd9f-b9c6b166c070@group-DF31B5A3C09F-SegmentedRaftLog:OPENED:c-1,f-1,i0, conf=-1: [d1fe838a-d6b9-4181-abdf-8d55bca94856:192.168.30.62:37707, c8fa587d-1a82-4196-bd9f-b9c6b166c070:192.168.30.62:37747, 62da231e-6706-4024-9d76-a7730eed6ee2:192.168.30.62:33831], old=null
2019-10-15 01:01:52,200 [d1fe838a-d6b9-4181-abdf-8d55bca94856@group-DF31B5A3C09F-LeaderElection30] INFO  impl.LeaderElection (LeaderElection.java:logAndReturn(56)) - d1fe838a-d6b9-4181-abdf-8d55bca94856@group-DF31B5A3C09F-LeaderElection30: Election REJECTED; received 2 response(s) [d1fe838a-d6b9-4181-abdf-8d55bca94856<-c8fa587d-1a82-4196-bd9f-b9c6b166c070#0:FAIL-t1, d1fe838a-d6b9-4181-abdf-8d55bca94856<-62da231e-6706-4024-9d76-a7730eed6ee2#0:FAIL-t1] and 0 exception(s); d1fe838a-d6b9-4181-abdf-8d55bca94856@group-DF31B5A3C09F:t1, leader=null, voted=d1fe838a-d6b9-4181-abdf-8d55bca94856, raftlog=d1fe838a-d6b9-4181-abdf-8d55bca94856@group-DF31B5A3C09F-SegmentedRaftLog:OPENED:c-1,f-1,i0, conf=-1: [d1fe838a-d6b9-4181-abdf-8d55bca94856:192.168.30.62:37707, c8fa587d-1a82-4196-bd9f-b9c6b166c070:192.168.30.62:37747, 62da231e-6706-4024-9d76-a7730eed6ee2:192.168.30.62:33831], old=null
2019-10-15 01:01:52,200 [c8fa587d-1a82-4196-bd9f-b9c6b166c070@group-DF31B5A3C09F-LeaderElection32] INFO  impl.RoleInfo (RoleInfo.java:shutdownLeaderElection(134)) - c8fa587d-1a82-4196-bd9f-b9c6b166c070: shutdown LeaderElection
2019-10-15 01:01:52,200 [d1fe838a-d6b9-4181-abdf-8d55bca94856@group-DF31B5A3C09F-LeaderElection30] INFO  impl.RaftServerImpl (RaftServerImpl.java:setRole(170)) - d1fe838a-d6b9-4181-abdf-8d55bca94856@group-DF31B5A3C09F: changes role from CANDIDATE to FOLLOWER at term 1 for DISCOVERED_A_NEW_TERM
2019-10-15 01:01:52,202 [c8fa587d-1a82-4196-bd9f-b9c6b166c070@group-DF31B5A3C09F-LeaderElection32] INFO  impl.RaftServerImpl (RaftServerImpl.java:setRole(170)) - c8fa587d-1a82-4196-bd9f-b9c6b166c070@group-DF31B5A3C09F: changes role from CANDIDATE to LEADER at term 1 for changeToLeader
2019-10-15 01:01:52,204 [d1fe838a-d6b9-4181-abdf-8d55bca94856@group-DF31B5A3C09F-LeaderElection30] INFO  impl.RoleInfo (RoleInfo.java:shutdownLeaderElection(134)) - d1fe838a-d6b9-4181-abdf-8d55bca94856: shutdown LeaderElection
2019-10-15 01:01:52,205 [c8fa587d-1a82-4196-bd9f-b9c6b166c070@group-DF31B5A3C09F-LeaderElection32] INFO  impl.RaftServerImpl (ServerState.java:setLeader(255)) - c8fa587d-1a82-4196-bd9f-b9c6b166c070@group-DF31B5A3C09F: change Leader from null to c8fa587d-1a82-4196-bd9f-b9c6b166c070 at term 1 for becomeLeader, leader elected after 5188ms
2019-10-15 01:01:52,205 [d1fe838a-d6b9-4181-abdf-8d55bca94856@group-DF31B5A3C09F-LeaderElection30] INFO  impl.RoleInfo (RoleInfo.java:updateAndGet(143)) - d1fe838a-d6b9-4181-abdf-8d55bca94856: start FollowerState
2019-10-15 01:01:52,205 [c8fa587d-1a82-4196-bd9f-b9c6b166c070@group-DF31B5A3C09F-LeaderElection32] INFO  server.RaftServerConfigKeys (ConfUtils.java:logGet(43)) - raft.server.staging.catchup.gap = 1000 (default)
2019-10-15 01:01:52,205 [c8fa587d-1a82-4196-bd9f-b9c6b166c070@group-DF31B5A3C09F-LeaderElection32] INFO  server.RaftServerConfigKeys (ConfUtils.java:logGet(43)) - raft.server.rpc.sleep.time = 25ms (default)
2019-10-15 01:01:52,205 [c8fa587d-1a82-4196-bd9f-b9c6b166c070@group-DF31B5A3C09F-LeaderElection32] INFO  server.RaftServerConfigKeys (ConfUtils.java:logGet(43)) - raft.server.write.element-limit = 4096 (default)
2019-10-15 01:01:52,206 [c8fa587d-1a82-4196-bd9f-b9c6b166c070@group-DF31B5A3C09F-LeaderElection32] INFO  server.RaftServerConfigKeys (ConfUtils.java:logGet(43)) - raft.server.watch.timeout = 10s (default)
2019-10-15 01:01:52,206 [c8fa587d-1a82-4196-bd9f-b9c6b166c070@group-DF31B5A3C09F-LeaderElection32] INFO  server.RaftServerConfigKeys (ConfUtils.java:logGet(43)) - raft.server.watch.timeout.denomination = 1s (default)
2019-10-15 01:01:52,206 [c8fa587d-1a82-4196-bd9f-b9c6b166c070@group-DF31B5A3C09F-LeaderElection32] INFO  server.RaftServerConfigKeys (ConfUtils.java:logGet(43)) - raft.server.watch.element-limit = 65536 (default)
2019-10-15 01:01:52,209 [c8fa587d-1a82-4196-bd9f-b9c6b166c070@group-DF31B5A3C09F-LeaderElection32] INFO  server.RaftServerConfigKeys (ConfUtils.java:logGet(43)) - raft.server.log.appender.snapshot.chunk.size.max = 16MB (=16777216) (default)
2019-10-15 01:01:52,209 [c8fa587d-1a82-4196-bd9f-b9c6b166c070@group-DF31B5A3C09F-LeaderElection32] INFO  server.RaftServerConfigKeys (ConfUtils.java:logGet(43)) - raft.server.log.appender.buffer.byte-limit = 33554432 (custom)
2019-10-15 01:01:52,209 [c8fa587d-1a82-4196-bd9f-b9c6b166c070@group-DF31B5A3C09F-LeaderElection32] INFO  server.RaftServerConfigKeys (ConfUtils.java:logGet(43)) - raft.server.log.appender.buffer.element-limit = 1 (custom)
2019-10-15 01:01:52,209 [c8fa587d-1a82-4196-bd9f-b9c6b166c070@group-DF31B5A3C09F-LeaderElection32] INFO  grpc.GrpcConfigKeys$Server (ConfUtils.java:logGet(43)) - raft.grpc.server.leader.outstanding.appends.max = 128 (default)
2019-10-15 01:01:52,210 [c8fa587d-1a82-4196-bd9f-b9c6b166c070@group-DF31B5A3C09F-LeaderElection32] INFO  server.RaftServerConfigKeys (ConfUtils.java:logGet(43)) - raft.server.rpc.request.timeout = 3000ms (default)
2019-10-15 01:01:52,210 [c8fa587d-1a82-4196-bd9f-b9c6b166c070@group-DF31B5A3C09F-LeaderElection32] INFO  server.RaftServerConfigKeys (ConfUtils.java:logGet(43)) - raft.server.log.appender.install.snapshot.enabled = false (custom)
2019-10-15 01:01:52,210 [d319f595-9836-4801-9f30-1f1ade445257@group-679C8B23389D-LeaderElection33] INFO  impl.LeaderElection (LeaderElection.java:askForVotes(178)) - d319f595-9836-4801-9f30-1f1ade445257@group-679C8B23389D-LeaderElection33: begin an election at term 1 for -1: [d319f595-9836-4801-9f30-1f1ade445257:192.168.30.62:38960], old=null
2019-10-15 01:01:52,210 [c8fa587d-1a82-4196-bd9f-b9c6b166c070@group-DF31B5A3C09F-LeaderElection32] INFO  server.RaftServerConfigKeys (ConfUtils.java:logGet(43)) - raft.server.log.appender.snapshot.chunk.size.max = 16MB (=16777216) (default)
2019-10-15 01:01:52,210 [d319f595-9836-4801-9f30-1f1ade445257@group-679C8B23389D-LeaderElection33] INFO  impl.RoleInfo (RoleInfo.java:shutdownLeaderElection(134)) - d319f595-9836-4801-9f30-1f1ade445257: shutdown LeaderElection
2019-10-15 01:01:52,210 [c8fa587d-1a82-4196-bd9f-b9c6b166c070@group-DF31B5A3C09F-LeaderElection32] INFO  server.RaftServerConfigKeys (ConfUtils.java:logGet(43)) - raft.server.log.appender.buffer.byte-limit = 33554432 (custom)
2019-10-15 01:01:52,210 [d319f595-9836-4801-9f30-1f1ade445257@group-679C8B23389D-LeaderElection33] INFO  impl.RaftServerImpl (RaftServerImpl.java:setRole(170)) - d319f595-9836-4801-9f30-1f1ade445257@group-679C8B23389D: changes role from CANDIDATE to LEADER at term 1 for changeToLeader
2019-10-15 01:01:52,211 [c8fa587d-1a82-4196-bd9f-b9c6b166c070@group-DF31B5A3C09F-LeaderElection32] INFO  server.RaftServerConfigKeys (ConfUtils.java:logGet(43)) - raft.server.log.appender.buffer.element-limit = 1 (custom)
2019-10-15 01:01:52,211 [d319f595-9836-4801-9f30-1f1ade445257@group-679C8B23389D-LeaderElection33] INFO  impl.RaftServerImpl (ServerState.java:setLeader(255)) - d319f595-9836-4801-9f30-1f1ade445257@group-679C8B23389D: change Leader from null to d319f595-9836-4801-9f30-1f1ade445257 at term 1 for becomeLeader, leader elected after 5102ms
2019-10-15 01:01:52,211 [c8fa587d-1a82-4196-bd9f-b9c6b166c070@group-DF31B5A3C09F-LeaderElection32] INFO  grpc.GrpcConfigKeys$Server (ConfUtils.java:logGet(43)) - raft.grpc.server.leader.outstanding.appends.max = 128 (default)
2019-10-15 01:01:52,211 [d319f595-9836-4801-9f30-1f1ade445257@group-679C8B23389D-LeaderElection33] INFO  server.RaftServerConfigKeys (ConfUtils.java:logGet(43)) - raft.server.staging.catchup.gap = 1000 (default)
2019-10-15 01:01:52,211 [c8fa587d-1a82-4196-bd9f-b9c6b166c070@group-DF31B5A3C09F-LeaderElection32] INFO  server.RaftServerConfigKeys (ConfUtils.java:logGet(43)) - raft.server.rpc.request.timeout = 3000ms (default)
2019-10-15 01:01:52,211 [d319f595-9836-4801-9f30-1f1ade445257@group-679C8B23389D-LeaderElection33] INFO  server.RaftServerConfigKeys (ConfUtils.java:logGet(43)) - raft.server.rpc.sleep.time = 25ms (default)
2019-10-15 01:01:52,211 [c8fa587d-1a82-4196-bd9f-b9c6b166c070@group-DF31B5A3C09F-LeaderElection32] INFO  server.RaftServerConfigKeys (ConfUtils.java:logGet(43)) - raft.server.log.appender.install.snapshot.enabled = false (custom)
2019-10-15 01:01:52,212 [d319f595-9836-4801-9f30-1f1ade445257@group-679C8B23389D-LeaderElection33] INFO  server.RaftServerConfigKeys (ConfUtils.java:logGet(43)) - raft.server.write.element-limit = 4096 (default)
2019-10-15 01:01:52,212 [d319f595-9836-4801-9f30-1f1ade445257@group-679C8B23389D-LeaderElection33] INFO  server.RaftServerConfigKeys (ConfUtils.java:logGet(43)) - raft.server.watch.timeout = 10s (default)
2019-10-15 01:01:52,212 [c8fa587d-1a82-4196-bd9f-b9c6b166c070@group-DF31B5A3C09F-LeaderElection32] INFO  impl.RoleInfo (RoleInfo.java:updateAndGet(143)) - c8fa587d-1a82-4196-bd9f-b9c6b166c070: start LeaderState
2019-10-15 01:01:52,212 [d319f595-9836-4801-9f30-1f1ade445257@group-679C8B23389D-LeaderElection33] INFO  server.RaftServerConfigKeys (ConfUtils.java:logGet(43)) - raft.server.watch.timeout.denomination = 1s (default)
2019-10-15 01:01:52,212 [d319f595-9836-4801-9f30-1f1ade445257@group-679C8B23389D-LeaderElection33] INFO  server.RaftServerConfigKeys (ConfUtils.java:logGet(43)) - raft.server.watch.element-limit = 65536 (default)
2019-10-15 01:01:52,212 [c8fa587d-1a82-4196-bd9f-b9c6b166c070@group-DF31B5A3C09F-LeaderElection32] INFO  segmented.SegmentedRaftLogWorker (SegmentedRaftLogWorker.java:startLogSegment(385)) - c8fa587d-1a82-4196-bd9f-b9c6b166c070@group-DF31B5A3C09F-SegmentedRaftLogWorker: Starting segment from index:0
2019-10-15 01:01:52,213 [d319f595-9836-4801-9f30-1f1ade445257@group-679C8B23389D-LeaderElection33] INFO  impl.RoleInfo (RoleInfo.java:updateAndGet(143)) - d319f595-9836-4801-9f30-1f1ade445257: start LeaderState
2019-10-15 01:01:52,214 [d319f595-9836-4801-9f30-1f1ade445257@group-679C8B23389D-LeaderElection33] INFO  segmented.SegmentedRaftLogWorker (SegmentedRaftLogWorker.java:startLogSegment(385)) - d319f595-9836-4801-9f30-1f1ade445257@group-679C8B23389D-SegmentedRaftLogWorker: Starting segment from index:0
2019-10-15 01:01:52,214 [c8fa587d-1a82-4196-bd9f-b9c6b166c070@group-DF31B5A3C09F-LeaderElection32] INFO  impl.RaftServerImpl (ServerState.java:setRaftConf(356)) - c8fa587d-1a82-4196-bd9f-b9c6b166c070@group-DF31B5A3C09F: set configuration 0: [d1fe838a-d6b9-4181-abdf-8d55bca94856:192.168.30.62:37707, c8fa587d-1a82-4196-bd9f-b9c6b166c070:192.168.30.62:37747, 62da231e-6706-4024-9d76-a7730eed6ee2:192.168.30.62:33831], old=null at 0
2019-10-15 01:01:52,214 [d319f595-9836-4801-9f30-1f1ade445257@group-679C8B23389D-LeaderElection33] INFO  impl.RaftServerImpl (ServerState.java:setRaftConf(356)) - d319f595-9836-4801-9f30-1f1ade445257@group-679C8B23389D: set configuration 0: [d319f595-9836-4801-9f30-1f1ade445257:192.168.30.62:38960], old=null at 0
2019-10-15 01:01:52,215 [grpc-default-executor-6] INFO  impl.RaftServerImpl (ServerState.java:setLeader(255)) - d1fe838a-d6b9-4181-abdf-8d55bca94856@group-DF31B5A3C09F: change Leader from null to c8fa587d-1a82-4196-bd9f-b9c6b166c070 at term 1 for appendEntries, leader elected after 5198ms
2019-10-15 01:01:52,216 [grpc-default-executor-6] INFO  impl.RaftServerImpl (ServerState.java:setLeader(255)) - 62da231e-6706-4024-9d76-a7730eed6ee2@group-DF31B5A3C09F: change Leader from null to c8fa587d-1a82-4196-bd9f-b9c6b166c070 at term 1 for appendEntries, leader elected after 5199ms
2019-10-15 01:01:52,218 [grpc-default-executor-1] INFO  impl.RaftServerImpl (ServerState.java:setRaftConf(356)) - d1fe838a-d6b9-4181-abdf-8d55bca94856@group-DF31B5A3C09F: set configuration 0: [d1fe838a-d6b9-4181-abdf-8d55bca94856:192.168.30.62:37707, c8fa587d-1a82-4196-bd9f-b9c6b166c070:192.168.30.62:37747, 62da231e-6706-4024-9d76-a7730eed6ee2:192.168.30.62:33831], old=null at 0
2019-10-15 01:01:52,218 [grpc-default-executor-6] INFO  impl.RaftServerImpl (ServerState.java:setRaftConf(356)) - 62da231e-6706-4024-9d76-a7730eed6ee2@group-DF31B5A3C09F: set configuration 0: [d1fe838a-d6b9-4181-abdf-8d55bca94856:192.168.30.62:37707, c8fa587d-1a82-4196-bd9f-b9c6b166c070:192.168.30.62:37747, 62da231e-6706-4024-9d76-a7730eed6ee2:192.168.30.62:33831], old=null at 0
2019-10-15 01:01:52,218 [grpc-default-executor-1] INFO  segmented.SegmentedRaftLogWorker (SegmentedRaftLogWorker.java:startLogSegment(385)) - d1fe838a-d6b9-4181-abdf-8d55bca94856@group-DF31B5A3C09F-SegmentedRaftLogWorker: Starting segment from index:0
2019-10-15 01:01:52,218 [grpc-default-executor-6] INFO  segmented.SegmentedRaftLogWorker (SegmentedRaftLogWorker.java:startLogSegment(385)) - 62da231e-6706-4024-9d76-a7730eed6ee2@group-DF31B5A3C09F-SegmentedRaftLogWorker: Starting segment from index:0
2019-10-15 01:01:52,226 [Thread-1458] INFO  impl.FollowerState (FollowerState.java:run(108)) - 0ca485ef-835b-49bd-941b-daf1d7e49c7a@group-A45CE81671AF-FollowerState: change to CANDIDATE, lastRpcTime:5061ms, electionTimeout:5061ms
2019-10-15 01:01:52,226 [Thread-1458] INFO  impl.RoleInfo (RoleInfo.java:shutdownFollowerState(121)) - 0ca485ef-835b-49bd-941b-daf1d7e49c7a: shutdown FollowerState
2019-10-15 01:01:52,226 [Thread-1458] INFO  impl.RaftServerImpl (RaftServerImpl.java:setRole(170)) - 0ca485ef-835b-49bd-941b-daf1d7e49c7a@group-A45CE81671AF: changes role from  FOLLOWER to CANDIDATE at term 0 for changeToCandidate
2019-10-15 01:01:52,226 [Thread-1458] INFO  impl.RoleInfo (RoleInfo.java:updateAndGet(143)) - 0ca485ef-835b-49bd-941b-daf1d7e49c7a: start LeaderElection
2019-10-15 01:01:52,274 [Thread-1461] INFO  impl.FollowerState (FollowerState.java:run(108)) - 94636056-8592-46dd-8100-633f3d87d2e0@group-46D6C9132338-FollowerState: change to CANDIDATE, lastRpcTime:5044ms, electionTimeout:5044ms
2019-10-15 01:01:52,274 [Thread-1461] INFO  impl.RoleInfo (RoleInfo.java:shutdownFollowerState(121)) - 94636056-8592-46dd-8100-633f3d87d2e0: shutdown FollowerState
2019-10-15 01:01:52,275 [Thread-1461] INFO  impl.RaftServerImpl (RaftServerImpl.java:setRole(170)) - 94636056-8592-46dd-8100-633f3d87d2e0@group-46D6C9132338: changes role from  FOLLOWER to CANDIDATE at term 0 for changeToCandidate
2019-10-15 01:01:52,275 [Thread-1461] INFO  impl.RoleInfo (RoleInfo.java:updateAndGet(143)) - 94636056-8592-46dd-8100-633f3d87d2e0: start LeaderElection
2019-10-15 01:01:52,280 [62da231e-6706-4024-9d76-a7730eed6ee2@group-DF31B5A3C09F-SegmentedRaftLogWorker] INFO  segmented.SegmentedRaftLogWorker (SegmentedRaftLogWorker.java:execute(574)) - 62da231e-6706-4024-9d76-a7730eed6ee2@group-DF31B5A3C09F-SegmentedRaftLogWorker: created new log segment /workdir/hadoop-ozone/integration-test/target/test-dir/MiniOzoneClusterImpl-cc4f64bf-2522-4353-a1c8-6ec2c7c786d2/datanode-1/data/ratis/b3fa6c92-d9c7-40bd-bfcd-df31b5a3c09f/current/log_inprogress_0
2019-10-15 01:01:52,280 [d319f595-9836-4801-9f30-1f1ade445257@group-679C8B23389D-SegmentedRaftLogWorker] INFO  segmented.SegmentedRaftLogWorker (SegmentedRaftLogWorker.java:execute(574)) - d319f595-9836-4801-9f30-1f1ade445257@group-679C8B23389D-SegmentedRaftLogWorker: created new log segment /workdir/hadoop-ozone/integration-test/target/test-dir/MiniOzoneClusterImpl-cc4f64bf-2522-4353-a1c8-6ec2c7c786d2/datanode-3/data/ratis/3eb94074-d52c-42ac-8e31-679c8b23389d/current/log_inprogress_0
2019-10-15 01:01:52,280 [c8fa587d-1a82-4196-bd9f-b9c6b166c070@group-DF31B5A3C09F-SegmentedRaftLogWorker] INFO  segmented.SegmentedRaftLogWorker (SegmentedRaftLogWorker.java:execute(574)) - c8fa587d-1a82-4196-bd9f-b9c6b166c070@group-DF31B5A3C09F-SegmentedRaftLogWorker: created new log segment /workdir/hadoop-ozone/integration-test/target/test-dir/MiniOzoneClusterImpl-cc4f64bf-2522-4353-a1c8-6ec2c7c786d2/datanode-2/data/ratis/b3fa6c92-d9c7-40bd-bfcd-df31b5a3c09f/current/log_inprogress_0
2019-10-15 01:01:52,280 [d1fe838a-d6b9-4181-abdf-8d55bca94856@group-DF31B5A3C09F-SegmentedRaftLogWorker] INFO  segmented.SegmentedRaftLogWorker (SegmentedRaftLogWorker.java:execute(574)) - d1fe838a-d6b9-4181-abdf-8d55bca94856@group-DF31B5A3C09F-SegmentedRaftLogWorker: created new log segment /workdir/hadoop-ozone/integration-test/target/test-dir/MiniOzoneClusterImpl-cc4f64bf-2522-4353-a1c8-6ec2c7c786d2/datanode-0/data/ratis/b3fa6c92-d9c7-40bd-bfcd-df31b5a3c09f/current/log_inprogress_0
2019-10-15 01:01:52,280 [0ca485ef-835b-49bd-941b-daf1d7e49c7a@group-A45CE81671AF-LeaderElection34] INFO  impl.LeaderElection (LeaderElection.java:askForVotes(178)) - 0ca485ef-835b-49bd-941b-daf1d7e49c7a@group-A45CE81671AF-LeaderElection34: begin an election at term 1 for -1: [0ca485ef-835b-49bd-941b-daf1d7e49c7a:192.168.30.62:35498], old=null
2019-10-15 01:01:52,281 [0ca485ef-835b-49bd-941b-daf1d7e49c7a@group-A45CE81671AF-LeaderElection34] INFO  impl.RoleInfo (RoleInfo.java:shutdownLeaderElection(134)) - 0ca485ef-835b-49bd-941b-daf1d7e49c7a: shutdown LeaderElection
2019-10-15 01:01:52,281 [0ca485ef-835b-49bd-941b-daf1d7e49c7a@group-A45CE81671AF-LeaderElection34] INFO  impl.RaftServerImpl (RaftServerImpl.java:setRole(170)) - 0ca485ef-835b-49bd-941b-daf1d7e49c7a@group-A45CE81671AF: changes role from CANDIDATE to LEADER at term 1 for changeToLeader
2019-10-15 01:01:52,281 [0ca485ef-835b-49bd-941b-daf1d7e49c7a@group-A45CE81671AF-LeaderElection34] INFO  impl.RaftServerImpl (ServerState.java:setLeader(255)) - 0ca485ef-835b-49bd-941b-daf1d7e49c7a@group-A45CE81671AF: change Leader from null to 0ca485ef-835b-49bd-941b-daf1d7e49c7a at term 1 for becomeLeader, leader elected after 5122ms
2019-10-15 01:01:52,281 [0ca485ef-835b-49bd-941b-daf1d7e49c7a@group-A45CE81671AF-LeaderElection34] INFO  server.RaftServerConfigKeys (ConfUtils.java:logGet(43)) - raft.server.staging.catchup.gap = 1000 (default)
2019-10-15 01:01:52,282 [0ca485ef-835b-49bd-941b-daf1d7e49c7a@group-A45CE81671AF-LeaderElection34] INFO  server.RaftServerConfigKeys (ConfUtils.java:logGet(43)) - raft.server.rpc.sleep.time = 25ms (default)
2019-10-15 01:01:52,282 [0ca485ef-835b-49bd-941b-daf1d7e49c7a@group-A45CE81671AF-LeaderElection34] INFO  server.RaftServerConfigKeys (ConfUtils.java:logGet(43)) - raft.server.write.element-limit = 4096 (default)
2019-10-15 01:01:52,282 [0ca485ef-835b-49bd-941b-daf1d7e49c7a@group-A45CE81671AF-LeaderElection34] INFO  server.RaftServerConfigKeys (ConfUtils.java:logGet(43)) - raft.server.watch.timeout = 10s (default)
2019-10-15 01:01:52,282 [0ca485ef-835b-49bd-941b-daf1d7e49c7a@group-A45CE81671AF-LeaderElection34] INFO  server.RaftServerConfigKeys (ConfUtils.java:logGet(43)) - raft.server.watch.timeout.denomination = 1s (default)
2019-10-15 01:01:52,282 [0ca485ef-835b-49bd-941b-daf1d7e49c7a@group-A45CE81671AF-LeaderElection34] INFO  server.RaftServerConfigKeys (ConfUtils.java:logGet(43)) - raft.server.watch.element-limit = 65536 (default)
2019-10-15 01:01:52,285 [0ca485ef-835b-49bd-941b-daf1d7e49c7a@group-A45CE81671AF-LeaderElection34] INFO  impl.RoleInfo (RoleInfo.java:updateAndGet(143)) - 0ca485ef-835b-49bd-941b-daf1d7e49c7a: start LeaderState
2019-10-15 01:01:52,285 [0ca485ef-835b-49bd-941b-daf1d7e49c7a@group-A45CE81671AF-LeaderElection34] INFO  segmented.SegmentedRaftLogWorker (SegmentedRaftLogWorker.java:startLogSegment(385)) - 0ca485ef-835b-49bd-941b-daf1d7e49c7a@group-A45CE81671AF-SegmentedRaftLogWorker: Starting segment from index:0
2019-10-15 01:01:52,286 [0ca485ef-835b-49bd-941b-daf1d7e49c7a@group-A45CE81671AF-LeaderElection34] INFO  impl.RaftServerImpl (ServerState.java:setRaftConf(356)) - 0ca485ef-835b-49bd-941b-daf1d7e49c7a@group-A45CE81671AF: set configuration 0: [0ca485ef-835b-49bd-941b-daf1d7e49c7a:192.168.30.62:35498], old=null at 0
2019-10-15 01:01:52,295 [94636056-8592-46dd-8100-633f3d87d2e0@group-46D6C9132338-LeaderElection35] INFO  impl.LeaderElection (LeaderElection.java:askForVotes(178)) - 94636056-8592-46dd-8100-633f3d87d2e0@group-46D6C9132338-LeaderElection35: begin an election at term 1 for -1: [94636056-8592-46dd-8100-633f3d87d2e0:192.168.30.62:33137], old=null
2019-10-15 01:01:52,295 [94636056-8592-46dd-8100-633f3d87d2e0@group-46D6C9132338-LeaderElection35] INFO  impl.RoleInfo (RoleInfo.java:shutdownLeaderElection(134)) - 94636056-8592-46dd-8100-633f3d87d2e0: shutdown LeaderElection
2019-10-15 01:01:52,296 [94636056-8592-46dd-8100-633f3d87d2e0@group-46D6C9132338-LeaderElection35] INFO  impl.RaftServerImpl (RaftServerImpl.java:setRole(170)) - 94636056-8592-46dd-8100-633f3d87d2e0@group-46D6C9132338: changes role from CANDIDATE to LEADER at term 1 for changeToLeader
2019-10-15 01:01:52,296 [94636056-8592-46dd-8100-633f3d87d2e0@group-46D6C9132338-LeaderElection35] INFO  impl.RaftServerImpl (ServerState.java:setLeader(255)) - 94636056-8592-46dd-8100-633f3d87d2e0@group-46D6C9132338: change Leader from null to 94636056-8592-46dd-8100-633f3d87d2e0 at term 1 for becomeLeader, leader elected after 5074ms
2019-10-15 01:01:52,296 [94636056-8592-46dd-8100-633f3d87d2e0@group-46D6C9132338-LeaderElection35] INFO  server.RaftServerConfigKeys (ConfUtils.java:logGet(43)) - raft.server.staging.catchup.gap = 1000 (default)
2019-10-15 01:01:52,296 [94636056-8592-46dd-8100-633f3d87d2e0@group-46D6C9132338-LeaderElection35] INFO  server.RaftServerConfigKeys (ConfUtils.java:logGet(43)) - raft.server.rpc.sleep.time = 25ms (default)
2019-10-15 01:01:52,296 [94636056-8592-46dd-8100-633f3d87d2e0@group-46D6C9132338-LeaderElection35] INFO  server.RaftServerConfigKeys (ConfUtils.java:logGet(43)) - raft.server.write.element-limit = 4096 (default)
2019-10-15 01:01:52,296 [94636056-8592-46dd-8100-633f3d87d2e0@group-46D6C9132338-LeaderElection35] INFO  server.RaftServerConfigKeys (ConfUtils.java:logGet(43)) - raft.server.watch.timeout = 10s (default)
2019-10-15 01:01:52,296 [94636056-8592-46dd-8100-633f3d87d2e0@group-46D6C9132338-LeaderElection35] INFO  server.RaftServerConfigKeys (ConfUtils.java:logGet(43)) - raft.server.watch.timeout.denomination = 1s (default)
2019-10-15 01:01:52,296 [94636056-8592-46dd-8100-633f3d87d2e0@group-46D6C9132338-LeaderElection35] INFO  server.RaftServerConfigKeys (ConfUtils.java:logGet(43)) - raft.server.watch.element-limit = 65536 (default)
2019-10-15 01:01:52,298 [94636056-8592-46dd-8100-633f3d87d2e0@group-46D6C9132338-LeaderElection35] INFO  impl.RoleInfo (RoleInfo.java:updateAndGet(143)) - 94636056-8592-46dd-8100-633f3d87d2e0: start LeaderState
2019-10-15 01:01:52,298 [94636056-8592-46dd-8100-633f3d87d2e0@group-46D6C9132338-LeaderElection35] INFO  segmented.SegmentedRaftLogWorker (SegmentedRaftLogWorker.java:startLogSegment(385)) - 94636056-8592-46dd-8100-633f3d87d2e0@group-46D6C9132338-SegmentedRaftLogWorker: Starting segment from index:0
2019-10-15 01:01:52,299 [94636056-8592-46dd-8100-633f3d87d2e0@group-46D6C9132338-LeaderElection35] INFO  impl.RaftServerImpl (ServerState.java:setRaftConf(356)) - 94636056-8592-46dd-8100-633f3d87d2e0@group-46D6C9132338: set configuration 0: [94636056-8592-46dd-8100-633f3d87d2e0:192.168.30.62:33137], old=null at 0
2019-10-15 01:01:52,317 [Thread-1464] INFO  impl.FollowerState (FollowerState.java:run(108)) - 09e120a0-be93-4443-aefc-7fa82b6f6dbf@group-E61687DB1109-FollowerState: change to CANDIDATE, lastRpcTime:5032ms, electionTimeout:5032ms
2019-10-15 01:01:52,317 [Thread-1464] INFO  impl.RoleInfo (RoleInfo.java:shutdownFollowerState(121)) - 09e120a0-be93-4443-aefc-7fa82b6f6dbf: shutdown FollowerState
2019-10-15 01:01:52,317 [Thread-1464] INFO  impl.RaftServerImpl (RaftServerImpl.java:setRole(170)) - 09e120a0-be93-4443-aefc-7fa82b6f6dbf@group-E61687DB1109: changes role from  FOLLOWER to CANDIDATE at term 0 for changeToCandidate
2019-10-15 01:01:52,317 [Thread-1464] INFO  impl.RoleInfo (RoleInfo.java:updateAndGet(143)) - 09e120a0-be93-4443-aefc-7fa82b6f6dbf: start LeaderElection
2019-10-15 01:01:52,336 [0ca485ef-835b-49bd-941b-daf1d7e49c7a@group-A45CE81671AF-SegmentedRaftLogWorker] INFO  segmented.SegmentedRaftLogWorker (SegmentedRaftLogWorker.java:execute(574)) - 0ca485ef-835b-49bd-941b-daf1d7e49c7a@group-A45CE81671AF-SegmentedRaftLogWorker: created new log segment /workdir/hadoop-ozone/integration-test/target/test-dir/MiniOzoneClusterImpl-cc4f64bf-2522-4353-a1c8-6ec2c7c786d2/datanode-4/data/ratis/4cd0b410-62fe-43b3-bfd3-a45ce81671af/current/log_inprogress_0
2019-10-15 01:01:52,350 [94636056-8592-46dd-8100-633f3d87d2e0@group-46D6C9132338-SegmentedRaftLogWorker] INFO  segmented.SegmentedRaftLogWorker (SegmentedRaftLogWorker.java:execute(574)) - 94636056-8592-46dd-8100-633f3d87d2e0@group-46D6C9132338-SegmentedRaftLogWorker: created new log segment /workdir/hadoop-ozone/integration-test/target/test-dir/MiniOzoneClusterImpl-cc4f64bf-2522-4353-a1c8-6ec2c7c786d2/datanode-5/data/ratis/bcba6876-ef1b-420d-b0bb-46d6c9132338/current/log_inprogress_0
2019-10-15 01:01:52,350 [09e120a0-be93-4443-aefc-7fa82b6f6dbf@group-E61687DB1109-LeaderElection36] INFO  impl.LeaderElection (LeaderElection.java:askForVotes(178)) - 09e120a0-be93-4443-aefc-7fa82b6f6dbf@group-E61687DB1109-LeaderElection36: begin an election at term 1 for -1: [09e120a0-be93-4443-aefc-7fa82b6f6dbf:192.168.30.62:45717], old=null
2019-10-15 01:01:52,350 [09e120a0-be93-4443-aefc-7fa82b6f6dbf@group-E61687DB1109-LeaderElection36] INFO  impl.RoleInfo (RoleInfo.java:shutdownLeaderElection(134)) - 09e120a0-be93-4443-aefc-7fa82b6f6dbf: shutdown LeaderElection
2019-10-15 01:01:52,350 [09e120a0-be93-4443-aefc-7fa82b6f6dbf@group-E61687DB1109-LeaderElection36] INFO  impl.RaftServerImpl (RaftServerImpl.java:setRole(170)) - 09e120a0-be93-4443-aefc-7fa82b6f6dbf@group-E61687DB1109: changes role from CANDIDATE to LEADER at term 1 for changeToLeader
2019-10-15 01:01:52,350 [09e120a0-be93-4443-aefc-7fa82b6f6dbf@group-E61687DB1109-LeaderElection36] INFO  impl.RaftServerImpl (ServerState.java:setLeader(255)) - 09e120a0-be93-4443-aefc-7fa82b6f6dbf@group-E61687DB1109: change Leader from null to 09e120a0-be93-4443-aefc-7fa82b6f6dbf at term 1 for becomeLeader, leader elected after 5074ms
2019-10-15 01:01:52,350 [09e120a0-be93-4443-aefc-7fa82b6f6dbf@group-E61687DB1109-LeaderElection36] INFO  server.RaftServerConfigKeys (ConfUtils.java:logGet(43)) - raft.server.staging.catchup.gap = 1000 (default)
2019-10-15 01:01:52,350 [09e120a0-be93-4443-aefc-7fa82b6f6dbf@group-E61687DB1109-LeaderElection36] INFO  server.RaftServerConfigKeys (ConfUtils.java:logGet(43)) - raft.server.rpc.sleep.time = 25ms (default)
2019-10-15 01:01:52,350 [09e120a0-be93-4443-aefc-7fa82b6f6dbf@group-E61687DB1109-LeaderElection36] INFO  server.RaftServerConfigKeys (ConfUtils.java:logGet(43)) - raft.server.write.element-limit = 4096 (default)
2019-10-15 01:01:52,350 [09e120a0-be93-4443-aefc-7fa82b6f6dbf@group-E61687DB1109-LeaderElection36] INFO  server.RaftServerConfigKeys (ConfUtils.java:logGet(43)) - raft.server.watch.timeout = 10s (default)
2019-10-15 01:01:52,351 [09e120a0-be93-4443-aefc-7fa82b6f6dbf@group-E61687DB1109-LeaderElection36] INFO  server.RaftServerConfigKeys (ConfUtils.java:logGet(43)) - raft.server.watch.timeout.denomination = 1s (default)
2019-10-15 01:01:52,351 [09e120a0-be93-4443-aefc-7fa82b6f6dbf@group-E61687DB1109-LeaderElection36] INFO  server.RaftServerConfigKeys (ConfUtils.java:logGet(43)) - raft.server.watch.element-limit = 65536 (default)
2019-10-15 01:01:52,353 [09e120a0-be93-4443-aefc-7fa82b6f6dbf@group-E61687DB1109-LeaderElection36] INFO  impl.RoleInfo (RoleInfo.java:updateAndGet(143)) - 09e120a0-be93-4443-aefc-7fa82b6f6dbf: start LeaderState
2019-10-15 01:01:52,353 [09e120a0-be93-4443-aefc-7fa82b6f6dbf@group-E61687DB1109-LeaderElection36] INFO  segmented.SegmentedRaftLogWorker (SegmentedRaftLogWorker.java:startLogSegment(385)) - 09e120a0-be93-4443-aefc-7fa82b6f6dbf@group-E61687DB1109-SegmentedRaftLogWorker: Starting segment from index:0
2019-10-15 01:01:52,353 [09e120a0-be93-4443-aefc-7fa82b6f6dbf@group-E61687DB1109-LeaderElection36] INFO  impl.RaftServerImpl (ServerState.java:setRaftConf(356)) - 09e120a0-be93-4443-aefc-7fa82b6f6dbf@group-E61687DB1109: set configuration 0: [09e120a0-be93-4443-aefc-7fa82b6f6dbf:192.168.30.62:45717], old=null at 0
2019-10-15 01:01:52,391 [09e120a0-be93-4443-aefc-7fa82b6f6dbf@group-E61687DB1109-SegmentedRaftLogWorker] INFO  segmented.SegmentedRaftLogWorker (SegmentedRaftLogWorker.java:execute(574)) - 09e120a0-be93-4443-aefc-7fa82b6f6dbf@group-E61687DB1109-SegmentedRaftLogWorker: created new log segment /workdir/hadoop-ozone/integration-test/target/test-dir/MiniOzoneClusterImpl-cc4f64bf-2522-4353-a1c8-6ec2c7c786d2/datanode-6/data/ratis/f4b2e593-cda4-4cae-a9c8-e61687db1109/current/log_inprogress_0
2019-10-15 01:01:52,401 [Thread-1470] INFO  impl.FollowerState (FollowerState.java:run(108)) - 09e120a0-be93-4443-aefc-7fa82b6f6dbf@group-2F4CEB8AD15A-FollowerState: change to CANDIDATE, lastRpcTime:5033ms, electionTimeout:5033ms
2019-10-15 01:01:52,401 [Thread-1470] INFO  impl.RoleInfo (RoleInfo.java:shutdownFollowerState(121)) - 09e120a0-be93-4443-aefc-7fa82b6f6dbf: shutdown FollowerState
2019-10-15 01:01:52,401 [Thread-1470] INFO  impl.RaftServerImpl (RaftServerImpl.java:setRole(170)) - 09e120a0-be93-4443-aefc-7fa82b6f6dbf@group-2F4CEB8AD15A: changes role from  FOLLOWER to CANDIDATE at term 0 for changeToCandidate
2019-10-15 01:01:52,401 [Thread-1470] INFO  impl.RoleInfo (RoleInfo.java:updateAndGet(143)) - 09e120a0-be93-4443-aefc-7fa82b6f6dbf: start LeaderElection
2019-10-15 01:01:52,421 [09e120a0-be93-4443-aefc-7fa82b6f6dbf@group-2F4CEB8AD15A-LeaderElection37] INFO  impl.LeaderElection (LeaderElection.java:askForVotes(178)) - 09e120a0-be93-4443-aefc-7fa82b6f6dbf@group-2F4CEB8AD15A-LeaderElection37: begin an election at term 1 for -1: [09e120a0-be93-4443-aefc-7fa82b6f6dbf:192.168.30.62:45717, d319f595-9836-4801-9f30-1f1ade445257:192.168.30.62:38960, 94636056-8592-46dd-8100-633f3d87d2e0:192.168.30.62:33137], old=null
2019-10-15 01:01:52,428 [grpc-default-executor-4] INFO  impl.RaftServerImpl (RaftServerImpl.java:setRole(170)) - 94636056-8592-46dd-8100-633f3d87d2e0@group-2F4CEB8AD15A: changes role from  FOLLOWER to FOLLOWER at term 1 for recognizeCandidate:09e120a0-be93-4443-aefc-7fa82b6f6dbf
2019-10-15 01:01:52,428 [grpc-default-executor-4] INFO  impl.RoleInfo (RoleInfo.java:shutdownFollowerState(121)) - 94636056-8592-46dd-8100-633f3d87d2e0: shutdown FollowerState
2019-10-15 01:01:52,428 [grpc-default-executor-4] INFO  impl.RoleInfo (RoleInfo.java:updateAndGet(143)) - 94636056-8592-46dd-8100-633f3d87d2e0: start FollowerState
2019-10-15 01:01:52,431 [Thread-1469] INFO  impl.FollowerState (FollowerState.java:run(117)) - 94636056-8592-46dd-8100-633f3d87d2e0@group-2F4CEB8AD15A-FollowerState was interrupted: java.lang.InterruptedException: sleep interrupted
2019-10-15 01:01:52,431 [grpc-default-executor-2] INFO  impl.RaftServerImpl (RaftServerImpl.java:setRole(170)) - d319f595-9836-4801-9f30-1f1ade445257@group-2F4CEB8AD15A: changes role from  FOLLOWER to FOLLOWER at term 1 for recognizeCandidate:09e120a0-be93-4443-aefc-7fa82b6f6dbf
2019-10-15 01:01:52,431 [grpc-default-executor-2] INFO  impl.RoleInfo (RoleInfo.java:shutdownFollowerState(121)) - d319f595-9836-4801-9f30-1f1ade445257: shutdown FollowerState
2019-10-15 01:01:52,431 [grpc-default-executor-2] INFO  impl.RoleInfo (RoleInfo.java:updateAndGet(143)) - d319f595-9836-4801-9f30-1f1ade445257: start FollowerState
2019-10-15 01:01:52,432 [Thread-1471] INFO  impl.FollowerState (FollowerState.java:run(117)) - d319f595-9836-4801-9f30-1f1ade445257@group-2F4CEB8AD15A-FollowerState was interrupted: java.lang.InterruptedException: sleep interrupted
2019-10-15 01:01:52,441 [09e120a0-be93-4443-aefc-7fa82b6f6dbf@group-2F4CEB8AD15A-LeaderElection37] INFO  impl.LeaderElection (LeaderElection.java:logAndReturn(56)) - 09e120a0-be93-4443-aefc-7fa82b6f6dbf@group-2F4CEB8AD15A-LeaderElection37: Election PASSED; received 1 response(s) [09e120a0-be93-4443-aefc-7fa82b6f6dbf<-94636056-8592-46dd-8100-633f3d87d2e0#0:OK-t1] and 0 exception(s); 09e120a0-be93-4443-aefc-7fa82b6f6dbf@group-2F4CEB8AD15A:t1, leader=null, voted=09e120a0-be93-4443-aefc-7fa82b6f6dbf, raftlog=09e120a0-be93-4443-aefc-7fa82b6f6dbf@group-2F4CEB8AD15A-SegmentedRaftLog:OPENED:c-1,f-1,i0, conf=-1: [09e120a0-be93-4443-aefc-7fa82b6f6dbf:192.168.30.62:45717, d319f595-9836-4801-9f30-1f1ade445257:192.168.30.62:38960, 94636056-8592-46dd-8100-633f3d87d2e0:192.168.30.62:33137], old=null
2019-10-15 01:01:52,441 [09e120a0-be93-4443-aefc-7fa82b6f6dbf@group-2F4CEB8AD15A-LeaderElection37] INFO  impl.RoleInfo (RoleInfo.java:shutdownLeaderElection(134)) - 09e120a0-be93-4443-aefc-7fa82b6f6dbf: shutdown LeaderElection
2019-10-15 01:01:52,442 [09e120a0-be93-4443-aefc-7fa82b6f6dbf@group-2F4CEB8AD15A-LeaderElection37] INFO  impl.RaftServerImpl (RaftServerImpl.java:setRole(170)) - 09e120a0-be93-4443-aefc-7fa82b6f6dbf@group-2F4CEB8AD15A: changes role from CANDIDATE to LEADER at term 1 for changeToLeader
2019-10-15 01:01:52,442 [09e120a0-be93-4443-aefc-7fa82b6f6dbf@group-2F4CEB8AD15A-LeaderElection37] INFO  impl.RaftServerImpl (ServerState.java:setLeader(255)) - 09e120a0-be93-4443-aefc-7fa82b6f6dbf@group-2F4CEB8AD15A: change Leader from null to 09e120a0-be93-4443-aefc-7fa82b6f6dbf at term 1 for becomeLeader, leader elected after 5089ms
2019-10-15 01:01:52,442 [09e120a0-be93-4443-aefc-7fa82b6f6dbf@group-2F4CEB8AD15A-LeaderElection37] INFO  server.RaftServerConfigKeys (ConfUtils.java:logGet(43)) - raft.server.staging.catchup.gap = 1000 (default)
2019-10-15 01:01:52,442 [09e120a0-be93-4443-aefc-7fa82b6f6dbf@group-2F4CEB8AD15A-LeaderElection37] INFO  server.RaftServerConfigKeys (ConfUtils.java:logGet(43)) - raft.server.rpc.sleep.time = 25ms (default)
2019-10-15 01:01:52,442 [09e120a0-be93-4443-aefc-7fa82b6f6dbf@group-2F4CEB8AD15A-LeaderElection37] INFO  server.RaftServerConfigKeys (ConfUtils.java:logGet(43)) - raft.server.write.element-limit = 4096 (default)
2019-10-15 01:01:52,442 [09e120a0-be93-4443-aefc-7fa82b6f6dbf@group-2F4CEB8AD15A-LeaderElection37] INFO  server.RaftServerConfigKeys (ConfUtils.java:logGet(43)) - raft.server.watch.timeout = 10s (default)
2019-10-15 01:01:52,443 [09e120a0-be93-4443-aefc-7fa82b6f6dbf@group-2F4CEB8AD15A-LeaderElection37] INFO  server.RaftServerConfigKeys (ConfUtils.java:logGet(43)) - raft.server.watch.timeout.denomination = 1s (default)
2019-10-15 01:01:52,443 [09e120a0-be93-4443-aefc-7fa82b6f6dbf@group-2F4CEB8AD15A-LeaderElection37] INFO  server.RaftServerConfigKeys (ConfUtils.java:logGet(43)) - raft.server.watch.element-limit = 65536 (default)
2019-10-15 01:01:52,445 [09e120a0-be93-4443-aefc-7fa82b6f6dbf@group-2F4CEB8AD15A-LeaderElection37] INFO  server.RaftServerConfigKeys (ConfUtils.java:logGet(43)) - raft.server.log.appender.snapshot.chunk.size.max = 16MB (=16777216) (default)
2019-10-15 01:01:52,446 [09e120a0-be93-4443-aefc-7fa82b6f6dbf@group-2F4CEB8AD15A-LeaderElection37] INFO  server.RaftServerConfigKeys (ConfUtils.java:logGet(43)) - raft.server.log.appender.buffer.byte-limit = 33554432 (custom)
2019-10-15 01:01:52,446 [09e120a0-be93-4443-aefc-7fa82b6f6dbf@group-2F4CEB8AD15A-LeaderElection37] INFO  server.RaftServerConfigKeys (ConfUtils.java:logGet(43)) - raft.server.log.appender.buffer.element-limit = 1 (custom)
2019-10-15 01:01:52,446 [09e120a0-be93-4443-aefc-7fa82b6f6dbf@group-2F4CEB8AD15A-LeaderElection37] INFO  grpc.GrpcConfigKeys$Server (ConfUtils.java:logGet(43)) - raft.grpc.server.leader.outstanding.appends.max = 128 (default)
2019-10-15 01:01:52,446 [09e120a0-be93-4443-aefc-7fa82b6f6dbf@group-2F4CEB8AD15A-LeaderElection37] INFO  server.RaftServerConfigKeys (ConfUtils.java:logGet(43)) - raft.server.rpc.request.timeout = 3000ms (default)
2019-10-15 01:01:52,446 [09e120a0-be93-4443-aefc-7fa82b6f6dbf@group-2F4CEB8AD15A-LeaderElection37] INFO  server.RaftServerConfigKeys (ConfUtils.java:logGet(43)) - raft.server.log.appender.install.snapshot.enabled = false (custom)
2019-10-15 01:01:52,447 [09e120a0-be93-4443-aefc-7fa82b6f6dbf@group-2F4CEB8AD15A-LeaderElection37] INFO  server.RaftServerConfigKeys (ConfUtils.java:logGet(43)) - raft.server.log.appender.snapshot.chunk.size.max = 16MB (=16777216) (default)
2019-10-15 01:01:52,447 [09e120a0-be93-4443-aefc-7fa82b6f6dbf@group-2F4CEB8AD15A-LeaderElection37] INFO  server.RaftServerConfigKeys (ConfUtils.java:logGet(43)) - raft.server.log.appender.buffer.byte-limit = 33554432 (custom)
2019-10-15 01:01:52,447 [09e120a0-be93-4443-aefc-7fa82b6f6dbf@group-2F4CEB8AD15A-LeaderElection37] INFO  server.RaftServerConfigKeys (ConfUtils.java:logGet(43)) - raft.server.log.appender.buffer.element-limit = 1 (custom)
2019-10-15 01:01:52,447 [09e120a0-be93-4443-aefc-7fa82b6f6dbf@group-2F4CEB8AD15A-LeaderElection37] INFO  grpc.GrpcConfigKeys$Server (ConfUtils.java:logGet(43)) - raft.grpc.server.leader.outstanding.appends.max = 128 (default)
2019-10-15 01:01:52,447 [09e120a0-be93-4443-aefc-7fa82b6f6dbf@group-2F4CEB8AD15A-LeaderElection37] INFO  server.RaftServerConfigKeys (ConfUtils.java:logGet(43)) - raft.server.rpc.request.timeout = 3000ms (default)
2019-10-15 01:01:52,448 [09e120a0-be93-4443-aefc-7fa82b6f6dbf@group-2F4CEB8AD15A-LeaderElection37] INFO  server.RaftServerConfigKeys (ConfUtils.java:logGet(43)) - raft.server.log.appender.install.snapshot.enabled = false (custom)
2019-10-15 01:01:52,448 [09e120a0-be93-4443-aefc-7fa82b6f6dbf@group-2F4CEB8AD15A-LeaderElection37] INFO  impl.RoleInfo (RoleInfo.java:updateAndGet(143)) - 09e120a0-be93-4443-aefc-7fa82b6f6dbf: start LeaderState
2019-10-15 01:01:52,448 [09e120a0-be93-4443-aefc-7fa82b6f6dbf@group-2F4CEB8AD15A-LeaderElection37] INFO  segmented.SegmentedRaftLogWorker (SegmentedRaftLogWorker.java:startLogSegment(385)) - 09e120a0-be93-4443-aefc-7fa82b6f6dbf@group-2F4CEB8AD15A-SegmentedRaftLogWorker: Starting segment from index:0
2019-10-15 01:01:52,449 [09e120a0-be93-4443-aefc-7fa82b6f6dbf@group-2F4CEB8AD15A-LeaderElection37] INFO  impl.RaftServerImpl (ServerState.java:setRaftConf(356)) - 09e120a0-be93-4443-aefc-7fa82b6f6dbf@group-2F4CEB8AD15A: set configuration 0: [09e120a0-be93-4443-aefc-7fa82b6f6dbf:192.168.30.62:45717, d319f595-9836-4801-9f30-1f1ade445257:192.168.30.62:38960, 94636056-8592-46dd-8100-633f3d87d2e0:192.168.30.62:33137], old=null at 0
2019-10-15 01:01:52,486 [grpc-default-executor-6] INFO  impl.RaftServerImpl (ServerState.java:setLeader(255)) - 94636056-8592-46dd-8100-633f3d87d2e0@group-2F4CEB8AD15A: change Leader from null to 09e120a0-be93-4443-aefc-7fa82b6f6dbf at term 1 for appendEntries, leader elected after 5133ms
2019-10-15 01:01:52,488 [grpc-default-executor-2] INFO  impl.RaftServerImpl (ServerState.java:setLeader(255)) - d319f595-9836-4801-9f30-1f1ade445257@group-2F4CEB8AD15A: change Leader from null to 09e120a0-be93-4443-aefc-7fa82b6f6dbf at term 1 for appendEntries, leader elected after 5097ms
2019-10-15 01:01:52,492 [grpc-default-executor-2] INFO  impl.RaftServerImpl (ServerState.java:setRaftConf(356)) - 94636056-8592-46dd-8100-633f3d87d2e0@group-2F4CEB8AD15A: set configuration 0: [09e120a0-be93-4443-aefc-7fa82b6f6dbf:192.168.30.62:45717, d319f595-9836-4801-9f30-1f1ade445257:192.168.30.62:38960, 94636056-8592-46dd-8100-633f3d87d2e0:192.168.30.62:33137], old=null at 0
2019-10-15 01:01:52,492 [grpc-default-executor-6] INFO  impl.RaftServerImpl (ServerState.java:setRaftConf(356)) - d319f595-9836-4801-9f30-1f1ade445257@group-2F4CEB8AD15A: set configuration 0: [09e120a0-be93-4443-aefc-7fa82b6f6dbf:192.168.30.62:45717, d319f595-9836-4801-9f30-1f1ade445257:192.168.30.62:38960, 94636056-8592-46dd-8100-633f3d87d2e0:192.168.30.62:33137], old=null at 0
2019-10-15 01:01:52,493 [grpc-default-executor-2] INFO  segmented.SegmentedRaftLogWorker (SegmentedRaftLogWorker.java:startLogSegment(385)) - 94636056-8592-46dd-8100-633f3d87d2e0@group-2F4CEB8AD15A-SegmentedRaftLogWorker: Starting segment from index:0
2019-10-15 01:01:52,493 [grpc-default-executor-6] INFO  segmented.SegmentedRaftLogWorker (SegmentedRaftLogWorker.java:startLogSegment(385)) - d319f595-9836-4801-9f30-1f1ade445257@group-2F4CEB8AD15A-SegmentedRaftLogWorker: Starting segment from index:0
2019-10-15 01:01:52,494 [09e120a0-be93-4443-aefc-7fa82b6f6dbf@group-2F4CEB8AD15A-SegmentedRaftLogWorker] INFO  segmented.SegmentedRaftLogWorker (SegmentedRaftLogWorker.java:execute(574)) - 09e120a0-be93-4443-aefc-7fa82b6f6dbf@group-2F4CEB8AD15A-SegmentedRaftLogWorker: created new log segment /workdir/hadoop-ozone/integration-test/target/test-dir/MiniOzoneClusterImpl-cc4f64bf-2522-4353-a1c8-6ec2c7c786d2/datanode-6/data/ratis/bd023da9-8a6d-4768-b141-2f4ceb8ad15a/current/log_inprogress_0
2019-10-15 01:01:52,547 [94636056-8592-46dd-8100-633f3d87d2e0@group-2F4CEB8AD15A-SegmentedRaftLogWorker] INFO  segmented.SegmentedRaftLogWorker (SegmentedRaftLogWorker.java:execute(574)) - 94636056-8592-46dd-8100-633f3d87d2e0@group-2F4CEB8AD15A-SegmentedRaftLogWorker: created new log segment /workdir/hadoop-ozone/integration-test/target/test-dir/MiniOzoneClusterImpl-cc4f64bf-2522-4353-a1c8-6ec2c7c786d2/datanode-5/data/ratis/bd023da9-8a6d-4768-b141-2f4ceb8ad15a/current/log_inprogress_0
2019-10-15 01:01:52,547 [d319f595-9836-4801-9f30-1f1ade445257@group-2F4CEB8AD15A-SegmentedRaftLogWorker] INFO  segmented.SegmentedRaftLogWorker (SegmentedRaftLogWorker.java:execute(574)) - d319f595-9836-4801-9f30-1f1ade445257@group-2F4CEB8AD15A-SegmentedRaftLogWorker: created new log segment /workdir/hadoop-ozone/integration-test/target/test-dir/MiniOzoneClusterImpl-cc4f64bf-2522-4353-a1c8-6ec2c7c786d2/datanode-3/data/ratis/bd023da9-8a6d-4768-b141-2f4ceb8ad15a/current/log_inprogress_0
2019-10-15 01:01:57,541 [Datanode State Machine Thread - 0] INFO  statemachine.DatanodeStateMachine (DatanodeStateMachine.java:lambda$startDaemon$0(350)) - Ozone container server started.
2019-10-15 01:01:57,541 [main] INFO  ozoneimpl.OzoneContainer (OzoneContainer.java:stop(227)) - Attempting to stop container services.
2019-10-15 01:01:57,542 [main] INFO  impl.RaftServerProxy (RaftServerProxy.java:lambda$close$4(314)) - d1fe838a-d6b9-4181-abdf-8d55bca94856: close
2019-10-15 01:01:57,543 [main] INFO  impl.RaftServerImpl (RaftServerImpl.java:lambda$shutdown$3(247)) - d1fe838a-d6b9-4181-abdf-8d55bca94856@group-DF31B5A3C09F: shutdown
2019-10-15 01:01:57,543 [main] INFO  util.JmxRegister (JmxRegister.java:unregister(73)) - Successfully un-registered JMX Bean with object name Ratis:service=RaftServer,group=group-DF31B5A3C09F,id=d1fe838a-d6b9-4181-abdf-8d55bca94856
2019-10-15 01:01:57,544 [main] INFO  impl.RoleInfo (RoleInfo.java:shutdownFollowerState(121)) - d1fe838a-d6b9-4181-abdf-8d55bca94856: shutdown FollowerState
2019-10-15 01:01:57,544 [main] INFO  impl.StateMachineUpdater (StateMachineUpdater.java:stopAndJoin(136)) - d1fe838a-d6b9-4181-abdf-8d55bca94856@group-DF31B5A3C09F-StateMachineUpdater: set stopIndex = 2
2019-10-15 01:01:57,544 [Thread-1504] INFO  impl.FollowerState (FollowerState.java:run(117)) - d1fe838a-d6b9-4181-abdf-8d55bca94856@group-DF31B5A3C09F-FollowerState was interrupted: java.lang.InterruptedException: sleep interrupted
2019-10-15 01:01:57,544 [d1fe838a-d6b9-4181-abdf-8d55bca94856@group-DF31B5A3C09F-StateMachineUpdater] INFO  ratis.ContainerStateMachine (ContainerStateMachine.java:takeSnapshot(294)) - group-DF31B5A3C09F: Taking a snapshot at:(t:1, i:1) file /workdir/hadoop-ozone/integration-test/target/test-dir/MiniOzoneClusterImpl-cc4f64bf-2522-4353-a1c8-6ec2c7c786d2/datanode-0/data/ratis/b3fa6c92-d9c7-40bd-bfcd-df31b5a3c09f/sm/snapshot.1_1
2019-10-15 01:01:57,561 [d1fe838a-d6b9-4181-abdf-8d55bca94856@group-DF31B5A3C09F-StateMachineUpdater] INFO  ratis.ContainerStateMachine (ContainerStateMachine.java:takeSnapshot(305)) - group-DF31B5A3C09F: Finished taking a snapshot at:(t:1, i:1) file:/workdir/hadoop-ozone/integration-test/target/test-dir/MiniOzoneClusterImpl-cc4f64bf-2522-4353-a1c8-6ec2c7c786d2/datanode-0/data/ratis/b3fa6c92-d9c7-40bd-bfcd-df31b5a3c09f/sm/snapshot.1_1 time:17
2019-10-15 01:01:57,561 [d1fe838a-d6b9-4181-abdf-8d55bca94856@group-DF31B5A3C09F-StateMachineUpdater] INFO  impl.StateMachineUpdater (StateMachineUpdater.java:takeSnapshot(269)) - d1fe838a-d6b9-4181-abdf-8d55bca94856@group-DF31B5A3C09F-StateMachineUpdater: Took a snapshot at index 1
2019-10-15 01:01:57,561 [d1fe838a-d6b9-4181-abdf-8d55bca94856@group-DF31B5A3C09F-StateMachineUpdater] INFO  impl.StateMachineUpdater (StateMachineUpdater.java:lambda$new$0(84)) - d1fe838a-d6b9-4181-abdf-8d55bca94856@group-DF31B5A3C09F-StateMachineUpdater: snapshotIndex: updateIncreasingly -1 -> 1
2019-10-15 01:01:57,562 [d1fe838a-d6b9-4181-abdf-8d55bca94856@group-DF31B5A3C09F-StateMachineUpdater] INFO  ratis.ContainerStateMachine (ContainerStateMachine.java:takeSnapshot(294)) - group-DF31B5A3C09F: Taking a snapshot at:(t:1, i:1) file /workdir/hadoop-ozone/integration-test/target/test-dir/MiniOzoneClusterImpl-cc4f64bf-2522-4353-a1c8-6ec2c7c786d2/datanode-0/data/ratis/b3fa6c92-d9c7-40bd-bfcd-df31b5a3c09f/sm/snapshot.1_1
2019-10-15 01:01:57,574 [d1fe838a-d6b9-4181-abdf-8d55bca94856@group-DF31B5A3C09F-StateMachineUpdater] INFO  ratis.ContainerStateMachine (ContainerStateMachine.java:takeSnapshot(305)) - group-DF31B5A3C09F: Finished taking a snapshot at:(t:1, i:1) file:/workdir/hadoop-ozone/integration-test/target/test-dir/MiniOzoneClusterImpl-cc4f64bf-2522-4353-a1c8-6ec2c7c786d2/datanode-0/data/ratis/b3fa6c92-d9c7-40bd-bfcd-df31b5a3c09f/sm/snapshot.1_1 time:12
2019-10-15 01:01:57,575 [d1fe838a-d6b9-4181-abdf-8d55bca94856@group-DF31B5A3C09F-StateMachineUpdater] INFO  impl.StateMachineUpdater (StateMachineUpdater.java:takeSnapshot(269)) - d1fe838a-d6b9-4181-abdf-8d55bca94856@group-DF31B5A3C09F-StateMachineUpdater: Took a snapshot at index 1
2019-10-15 01:01:57,575 [d1fe838a-d6b9-4181-abdf-8d55bca94856@group-DF31B5A3C09F-StateMachineUpdater] INFO  impl.StateMachineUpdater (StateMachineUpdater.java:lambda$new$0(84)) - d1fe838a-d6b9-4181-abdf-8d55bca94856@group-DF31B5A3C09F-StateMachineUpdater: snapshotIndex: updateIncreasingly 1 -> 1
2019-10-15 01:01:57,575 [main] INFO  impl.RaftServerImpl (ServerState.java:close(387)) - d1fe838a-d6b9-4181-abdf-8d55bca94856@group-DF31B5A3C09F: closes. applyIndex: 2
2019-10-15 01:01:57,576 [d1fe838a-d6b9-4181-abdf-8d55bca94856@group-DF31B5A3C09F-SegmentedRaftLogWorker] INFO  segmented.SegmentedRaftLogWorker (SegmentedRaftLogWorker.java:run(316)) - d1fe838a-d6b9-4181-abdf-8d55bca94856@group-DF31B5A3C09F-SegmentedRaftLogWorker was interrupted, exiting. There are 0 tasks remaining in the queue.
2019-10-15 01:01:57,579 [main] INFO  segmented.SegmentedRaftLogWorker (SegmentedRaftLogWorker.java:close(224)) - d1fe838a-d6b9-4181-abdf-8d55bca94856@group-DF31B5A3C09F-SegmentedRaftLogWorker close()
2019-10-15 01:01:57,583 [main] INFO  impl.RaftServerImpl (RaftServerImpl.java:lambda$shutdown$3(247)) - d1fe838a-d6b9-4181-abdf-8d55bca94856@group-F4A7ADA37D2B: shutdown
2019-10-15 01:01:57,583 [main] INFO  util.JmxRegister (JmxRegister.java:unregister(73)) - Successfully un-registered JMX Bean with object name Ratis:service=RaftServer,group=group-F4A7ADA37D2B,id=d1fe838a-d6b9-4181-abdf-8d55bca94856
2019-10-15 01:01:57,583 [main] INFO  impl.RoleInfo (RoleInfo.java:shutdownLeaderState(104)) - d1fe838a-d6b9-4181-abdf-8d55bca94856: shutdown LeaderState
2019-10-15 01:01:57,584 [main] INFO  impl.PendingRequests (PendingRequests.java:sendNotLeaderResponses(202)) - d1fe838a-d6b9-4181-abdf-8d55bca94856@group-F4A7ADA37D2B-PendingRequests: sendNotLeaderResponses
2019-10-15 01:01:57,584 [main] INFO  impl.StateMachineUpdater (StateMachineUpdater.java:stopAndJoin(136)) - d1fe838a-d6b9-4181-abdf-8d55bca94856@group-F4A7ADA37D2B-StateMachineUpdater: set stopIndex = 0
2019-10-15 01:01:57,584 [main] INFO  impl.RaftServerImpl (ServerState.java:close(387)) - d1fe838a-d6b9-4181-abdf-8d55bca94856@group-F4A7ADA37D2B: closes. applyIndex: 0
2019-10-15 01:01:57,585 [d1fe838a-d6b9-4181-abdf-8d55bca94856@group-F4A7ADA37D2B-SegmentedRaftLogWorker] INFO  segmented.SegmentedRaftLogWorker (SegmentedRaftLogWorker.java:run(316)) - d1fe838a-d6b9-4181-abdf-8d55bca94856@group-F4A7ADA37D2B-SegmentedRaftLogWorker was interrupted, exiting. There are 0 tasks remaining in the queue.
2019-10-15 01:01:57,587 [main] INFO  segmented.SegmentedRaftLogWorker (SegmentedRaftLogWorker.java:close(224)) - d1fe838a-d6b9-4181-abdf-8d55bca94856@group-F4A7ADA37D2B-SegmentedRaftLogWorker close()
2019-10-15 01:01:57,590 [main] INFO  server.GrpcService (GrpcService.java:closeImpl(164)) - d1fe838a-d6b9-4181-abdf-8d55bca94856: shutdown server with port 37707 now
2019-10-15 01:01:57,591 [grpc-default-executor-2] WARN  server.GrpcServerProtocolService (LogUtils.java:warn(134)) - d1fe838a-d6b9-4181-abdf-8d55bca94856: installSnapshot onError, lastRequest: c8fa587d-1a82-4196-bd9f-b9c6b166c070->d1fe838a-d6b9-4181-abdf-8d55bca94856#5-t1, previous=(t:1, i:2), leaderCommit=2, initializing? false, entries: <empty>: org.apache.ratis.thirdparty.io.grpc.StatusRuntimeException: CANCELLED: cancelled before receiving half close
2019-10-15 01:01:57,591 [main] INFO  server.GrpcService (GrpcService.java:closeImpl(172)) - d1fe838a-d6b9-4181-abdf-8d55bca94856: shutdown server with port 37707 successfully
2019-10-15 01:01:57,592 [grpc-default-executor-6] WARN  server.GrpcLogAppender (LogUtils.java:warn(134)) - c8fa587d-1a82-4196-bd9f-b9c6b166c070@group-DF31B5A3C09F->d1fe838a-d6b9-4181-abdf-8d55bca94856-AppendLogResponseHandler: Failed appendEntries: org.apache.ratis.thirdparty.io.grpc.StatusRuntimeException: CANCELLED: HTTP/2 error code: CANCEL
Received Rst Stream
2019-10-15 01:01:57,593 [grpc-default-executor-6] INFO  impl.FollowerInfo (FollowerInfo.java:lambda$new$0(51)) - c8fa587d-1a82-4196-bd9f-b9c6b166c070@group-DF31B5A3C09F->d1fe838a-d6b9-4181-abdf-8d55bca94856: nextIndex: updateUnconditionally 3 -> 2
2019-10-15 01:01:57,593 [refreshUsed-/workdir/hadoop-ozone/integration-test/target/test-dir/MiniOzoneClusterImpl-cc4f64bf-2522-4353-a1c8-6ec2c7c786d2/datanode-0/data/containers] WARN  fs.CachingGetSpaceUsed (CachingGetSpaceUsed.java:run(183)) - Thread Interrupted waiting to refresh disk information: sleep interrupted
2019-10-15 01:01:57,609 [main] INFO  utils.BackgroundService (BackgroundService.java:shutdown(151)) - Shutting down service BlockDeletingService
2019-10-15 01:01:57,616 [main] INFO  statemachine.DatanodeStateMachine (DatanodeStateMachine.java:stopDaemon(395)) - Ozone container server stopped.
2019-10-15 01:01:57,618 [main] INFO  handler.ContextHandler (ContextHandler.java:doStop(910)) - Stopped o.e.j.w.WebAppContext@ec7b5de{/,null,UNAVAILABLE}{/hddsDatanode}
2019-10-15 01:01:57,622 [main] INFO  server.AbstractConnector (AbstractConnector.java:doStop(318)) - Stopped ServerConnector@4c19d42e{HTTP/1.1,[http/1.1]}{0.0.0.0:0}
2019-10-15 01:01:57,622 [main] INFO  handler.ContextHandler (ContextHandler.java:doStop(910)) - Stopped o.e.j.s.ServletContextHandler@4bc59b27{/static,jar:file:/home/user/.m2/repository/org/apache/hadoop/hadoop-hdds-container-service/0.5.0-SNAPSHOT/hadoop-hdds-container-service-0.5.0-SNAPSHOT.jar!/webapps/static,UNAVAILABLE}
2019-10-15 01:01:57,622 [main] INFO  handler.ContextHandler (ContextHandler.java:doStop(910)) - Stopped o.e.j.s.ServletContextHandler@8a6631b{/logs,file:///workdir/hadoop-ozone/integration-test/target/log,UNAVAILABLE}
2019-10-15 01:01:58,533 [Datanode State Machine Thread - 0] INFO  statemachine.DatanodeStateMachine (DatanodeStateMachine.java:lambda$startDaemon$0(350)) - Ozone container server started.
2019-10-15 01:01:59,948 [grpc-default-executor-6] WARN  server.GrpcLogAppender (LogUtils.java:warn(134)) - c8fa587d-1a82-4196-bd9f-b9c6b166c070@group-DF31B5A3C09F->d1fe838a-d6b9-4181-abdf-8d55bca94856-AppendLogResponseHandler: Failed appendEntries: org.apache.ratis.thirdparty.io.grpc.StatusRuntimeException: UNAVAILABLE: io exception
2019-10-15 01:01:59,949 [grpc-default-executor-6] INFO  impl.FollowerInfo (FollowerInfo.java:lambda$new$0(51)) - c8fa587d-1a82-4196-bd9f-b9c6b166c070@group-DF31B5A3C09F->d1fe838a-d6b9-4181-abdf-8d55bca94856: nextIndex: updateUnconditionally 2 -> 1
2019-10-15 01:02:02,450 [grpc-default-executor-6] WARN  server.GrpcLogAppender (LogUtils.java:warn(134)) - c8fa587d-1a82-4196-bd9f-b9c6b166c070@group-DF31B5A3C09F->d1fe838a-d6b9-4181-abdf-8d55bca94856-AppendLogResponseHandler: Failed appendEntries: org.apache.ratis.thirdparty.io.grpc.StatusRuntimeException: UNAVAILABLE: io exception
2019-10-15 01:02:02,450 [grpc-default-executor-6] INFO  impl.FollowerInfo (FollowerInfo.java:lambda$new$0(51)) - c8fa587d-1a82-4196-bd9f-b9c6b166c070@group-DF31B5A3C09F->d1fe838a-d6b9-4181-abdf-8d55bca94856: nextIndex: updateUnconditionally 1 -> 0
2019-10-15 01:02:02,624 [main] INFO  ozoneimpl.OzoneContainer (OzoneContainer.java:stop(227)) - Attempting to stop container services.
2019-10-15 01:02:02,625 [main] INFO  impl.RaftServerProxy (RaftServerProxy.java:lambda$close$4(314)) - 62da231e-6706-4024-9d76-a7730eed6ee2: close
2019-10-15 01:02:02,626 [main] INFO  impl.RaftServerImpl (RaftServerImpl.java:lambda$shutdown$3(247)) - 62da231e-6706-4024-9d76-a7730eed6ee2@group-DF31B5A3C09F: shutdown
2019-10-15 01:02:02,626 [ForkJoinPool.commonPool-worker-1] INFO  impl.RaftServerImpl (RaftServerImpl.java:lambda$shutdown$3(247)) - 62da231e-6706-4024-9d76-a7730eed6ee2@group-B81C534FC2D1: shutdown
2019-10-15 01:02:02,626 [main] INFO  util.JmxRegister (JmxRegister.java:unregister(73)) - Successfully un-registered JMX Bean with object name Ratis:service=RaftServer,group=group-DF31B5A3C09F,id=62da231e-6706-4024-9d76-a7730eed6ee2
2019-10-15 01:02:02,627 [ForkJoinPool.commonPool-worker-1] INFO  util.JmxRegister (JmxRegister.java:unregister(73)) - Successfully un-registered JMX Bean with object name Ratis:service=RaftServer,group=group-B81C534FC2D1,id=62da231e-6706-4024-9d76-a7730eed6ee2
2019-10-15 01:02:02,627 [main] INFO  impl.RoleInfo (RoleInfo.java:shutdownFollowerState(121)) - 62da231e-6706-4024-9d76-a7730eed6ee2: shutdown FollowerState
2019-10-15 01:02:02,627 [ForkJoinPool.commonPool-worker-1] INFO  impl.RoleInfo (RoleInfo.java:shutdownLeaderState(104)) - 62da231e-6706-4024-9d76-a7730eed6ee2: shutdown LeaderState
2019-10-15 01:02:02,628 [Thread-1502] INFO  impl.FollowerState (FollowerState.java:run(117)) - 62da231e-6706-4024-9d76-a7730eed6ee2@group-DF31B5A3C09F-FollowerState was interrupted: java.lang.InterruptedException: sleep interrupted
2019-10-15 01:02:02,628 [main] INFO  impl.StateMachineUpdater (StateMachineUpdater.java:stopAndJoin(136)) - 62da231e-6706-4024-9d76-a7730eed6ee2@group-DF31B5A3C09F-StateMachineUpdater: set stopIndex = 2
2019-10-15 01:02:02,628 [ForkJoinPool.commonPool-worker-1] INFO  impl.PendingRequests (PendingRequests.java:sendNotLeaderResponses(202)) - 62da231e-6706-4024-9d76-a7730eed6ee2@group-B81C534FC2D1-PendingRequests: sendNotLeaderResponses
2019-10-15 01:02:02,628 [62da231e-6706-4024-9d76-a7730eed6ee2@group-DF31B5A3C09F-StateMachineUpdater] INFO  ratis.ContainerStateMachine (ContainerStateMachine.java:takeSnapshot(294)) - group-DF31B5A3C09F: Taking a snapshot at:(t:1, i:1) file /workdir/hadoop-ozone/integration-test/target/test-dir/MiniOzoneClusterImpl-cc4f64bf-2522-4353-a1c8-6ec2c7c786d2/datanode-1/data/ratis/b3fa6c92-d9c7-40bd-bfcd-df31b5a3c09f/sm/snapshot.1_1
2019-10-15 01:02:02,633 [ForkJoinPool.commonPool-worker-1] INFO  impl.StateMachineUpdater (StateMachineUpdater.java:stopAndJoin(136)) - 62da231e-6706-4024-9d76-a7730eed6ee2@group-B81C534FC2D1-StateMachineUpdater: set stopIndex = 0
2019-10-15 01:02:02,634 [ForkJoinPool.commonPool-worker-1] INFO  impl.RaftServerImpl (ServerState.java:close(387)) - 62da231e-6706-4024-9d76-a7730eed6ee2@group-B81C534FC2D1: closes. applyIndex: 0
2019-10-15 01:02:02,634 [62da231e-6706-4024-9d76-a7730eed6ee2@group-B81C534FC2D1-SegmentedRaftLogWorker] INFO  segmented.SegmentedRaftLogWorker (SegmentedRaftLogWorker.java:run(316)) - 62da231e-6706-4024-9d76-a7730eed6ee2@group-B81C534FC2D1-SegmentedRaftLogWorker was interrupted, exiting. There are 0 tasks remaining in the queue.
2019-10-15 01:02:02,645 [ForkJoinPool.commonPool-worker-1] INFO  segmented.SegmentedRaftLogWorker (SegmentedRaftLogWorker.java:close(224)) - 62da231e-6706-4024-9d76-a7730eed6ee2@group-B81C534FC2D1-SegmentedRaftLogWorker close()
2019-10-15 01:02:02,650 [62da231e-6706-4024-9d76-a7730eed6ee2@group-DF31B5A3C09F-StateMachineUpdater] INFO  ratis.ContainerStateMachine (ContainerStateMachine.java:takeSnapshot(305)) - group-DF31B5A3C09F: Finished taking a snapshot at:(t:1, i:1) file:/workdir/hadoop-ozone/integration-test/target/test-dir/MiniOzoneClusterImpl-cc4f64bf-2522-4353-a1c8-6ec2c7c786d2/datanode-1/data/ratis/b3fa6c92-d9c7-40bd-bfcd-df31b5a3c09f/sm/snapshot.1_1 time:22
2019-10-15 01:02:02,650 [62da231e-6706-4024-9d76-a7730eed6ee2@group-DF31B5A3C09F-StateMachineUpdater] INFO  impl.StateMachineUpdater (StateMachineUpdater.java:takeSnapshot(269)) - 62da231e-6706-4024-9d76-a7730eed6ee2@group-DF31B5A3C09F-StateMachineUpdater: Took a snapshot at index 1
2019-10-15 01:02:02,650 [62da231e-6706-4024-9d76-a7730eed6ee2@group-DF31B5A3C09F-StateMachineUpdater] INFO  impl.StateMachineUpdater (StateMachineUpdater.java:lambda$new$0(84)) - 62da231e-6706-4024-9d76-a7730eed6ee2@group-DF31B5A3C09F-StateMachineUpdater: snapshotIndex: updateIncreasingly -1 -> 1
2019-10-15 01:02:02,651 [62da231e-6706-4024-9d76-a7730eed6ee2@group-DF31B5A3C09F-StateMachineUpdater] INFO  ratis.ContainerStateMachine (ContainerStateMachine.java:takeSnapshot(294)) - group-DF31B5A3C09F: Taking a snapshot at:(t:1, i:1) file /workdir/hadoop-ozone/integration-test/target/test-dir/MiniOzoneClusterImpl-cc4f64bf-2522-4353-a1c8-6ec2c7c786d2/datanode-1/data/ratis/b3fa6c92-d9c7-40bd-bfcd-df31b5a3c09f/sm/snapshot.1_1
2019-10-15 01:02:02,664 [62da231e-6706-4024-9d76-a7730eed6ee2@group-DF31B5A3C09F-StateMachineUpdater] INFO  ratis.ContainerStateMachine (ContainerStateMachine.java:takeSnapshot(305)) - group-DF31B5A3C09F: Finished taking a snapshot at:(t:1, i:1) file:/workdir/hadoop-ozone/integration-test/target/test-dir/MiniOzoneClusterImpl-cc4f64bf-2522-4353-a1c8-6ec2c7c786d2/datanode-1/data/ratis/b3fa6c92-d9c7-40bd-bfcd-df31b5a3c09f/sm/snapshot.1_1 time:13
2019-10-15 01:02:02,664 [62da231e-6706-4024-9d76-a7730eed6ee2@group-DF31B5A3C09F-StateMachineUpdater] INFO  impl.StateMachineUpdater (StateMachineUpdater.java:takeSnapshot(269)) - 62da231e-6706-4024-9d76-a7730eed6ee2@group-DF31B5A3C09F-StateMachineUpdater: Took a snapshot at index 1
2019-10-15 01:02:02,664 [62da231e-6706-4024-9d76-a7730eed6ee2@group-DF31B5A3C09F-StateMachineUpdater] INFO  impl.StateMachineUpdater (StateMachineUpdater.java:lambda$new$0(84)) - 62da231e-6706-4024-9d76-a7730eed6ee2@group-DF31B5A3C09F-StateMachineUpdater: snapshotIndex: updateIncreasingly 1 -> 1
2019-10-15 01:02:02,665 [main] INFO  impl.RaftServerImpl (ServerState.java:close(387)) - 62da231e-6706-4024-9d76-a7730eed6ee2@group-DF31B5A3C09F: closes. applyIndex: 2
2019-10-15 01:02:02,665 [62da231e-6706-4024-9d76-a7730eed6ee2@group-DF31B5A3C09F-SegmentedRaftLogWorker] INFO  segmented.SegmentedRaftLogWorker (SegmentedRaftLogWorker.java:run(316)) - 62da231e-6706-4024-9d76-a7730eed6ee2@group-DF31B5A3C09F-SegmentedRaftLogWorker was interrupted, exiting. There are 0 tasks remaining in the queue.
2019-10-15 01:02:02,668 [main] INFO  segmented.SegmentedRaftLogWorker (SegmentedRaftLogWorker.java:close(224)) - 62da231e-6706-4024-9d76-a7730eed6ee2@group-DF31B5A3C09F-SegmentedRaftLogWorker close()
2019-10-15 01:02:02,673 [main] INFO  server.GrpcService (GrpcService.java:closeImpl(164)) - 62da231e-6706-4024-9d76-a7730eed6ee2: shutdown server with port 33831 now
2019-10-15 01:02:02,674 [grpc-default-executor-2] WARN  server.GrpcServerProtocolService (LogUtils.java:warn(134)) - 62da231e-6706-4024-9d76-a7730eed6ee2: installSnapshot onError, lastRequest: c8fa587d-1a82-4196-bd9f-b9c6b166c070->62da231e-6706-4024-9d76-a7730eed6ee2#7-t1, previous=(t:1, i:2), leaderCommit=2, initializing? false, entries: <empty>: org.apache.ratis.thirdparty.io.grpc.StatusRuntimeException: CANCELLED: cancelled before receiving half close
2019-10-15 01:02:02,674 [grpc-default-executor-6] WARN  server.GrpcLogAppender (LogUtils.java:warn(134)) - c8fa587d-1a82-4196-bd9f-b9c6b166c070@group-DF31B5A3C09F->62da231e-6706-4024-9d76-a7730eed6ee2-AppendLogResponseHandler: Failed appendEntries: org.apache.ratis.thirdparty.io.grpc.StatusRuntimeException: CANCELLED: HTTP/2 error code: CANCEL
Received Rst Stream
2019-10-15 01:02:02,674 [main] INFO  server.GrpcService (GrpcService.java:closeImpl(172)) - 62da231e-6706-4024-9d76-a7730eed6ee2: shutdown server with port 33831 successfully
2019-10-15 01:02:02,689 [grpc-default-executor-6] INFO  impl.FollowerInfo (FollowerInfo.java:lambda$new$0(51)) - c8fa587d-1a82-4196-bd9f-b9c6b166c070@group-DF31B5A3C09F->62da231e-6706-4024-9d76-a7730eed6ee2: nextIndex: updateUnconditionally 3 -> 2
2019-10-15 01:02:02,691 [refreshUsed-/workdir/hadoop-ozone/integration-test/target/test-dir/MiniOzoneClusterImpl-cc4f64bf-2522-4353-a1c8-6ec2c7c786d2/datanode-1/data/containers] WARN  fs.CachingGetSpaceUsed (CachingGetSpaceUsed.java:run(183)) - Thread Interrupted waiting to refresh disk information: sleep interrupted
2019-10-15 01:02:02,709 [main] INFO  utils.BackgroundService (BackgroundService.java:shutdown(151)) - Shutting down service BlockDeletingService
2019-10-15 01:02:02,721 [main] INFO  statemachine.DatanodeStateMachine (DatanodeStateMachine.java:stopDaemon(395)) - Ozone container server stopped.
2019-10-15 01:02:02,723 [main] INFO  handler.ContextHandler (ContextHandler.java:doStop(910)) - Stopped o.e.j.w.WebAppContext@6babffb5{/,null,UNAVAILABLE}{/hddsDatanode}
2019-10-15 01:02:02,724 [main] INFO  server.AbstractConnector (AbstractConnector.java:doStop(318)) - Stopped ServerConnector@2173a742{HTTP/1.1,[http/1.1]}{0.0.0.0:0}
2019-10-15 01:02:02,724 [main] INFO  handler.ContextHandler (ContextHandler.java:doStop(910)) - Stopped o.e.j.s.ServletContextHandler@627ff1b8{/static,jar:file:/home/user/.m2/repository/org/apache/hadoop/hadoop-hdds-container-service/0.5.0-SNAPSHOT/hadoop-hdds-container-service-0.5.0-SNAPSHOT.jar!/webapps/static,UNAVAILABLE}
2019-10-15 01:02:02,724 [main] INFO  handler.ContextHandler (ContextHandler.java:doStop(910)) - Stopped o.e.j.s.ServletContextHandler@4041739c{/logs,file:///workdir/hadoop-ozone/integration-test/target/log,UNAVAILABLE}
2019-10-15 01:02:04,953 [grpc-default-executor-2] WARN  server.GrpcLogAppender (LogUtils.java:warn(134)) - c8fa587d-1a82-4196-bd9f-b9c6b166c070@group-DF31B5A3C09F->d1fe838a-d6b9-4181-abdf-8d55bca94856-AppendLogResponseHandler: Failed appendEntries: org.apache.ratis.thirdparty.io.grpc.StatusRuntimeException: UNAVAILABLE: io exception
2019-10-15 01:02:04,953 [grpc-default-executor-6] WARN  server.GrpcLogAppender (LogUtils.java:warn(134)) - c8fa587d-1a82-4196-bd9f-b9c6b166c070@group-DF31B5A3C09F->62da231e-6706-4024-9d76-a7730eed6ee2-AppendLogResponseHandler: Failed appendEntries: org.apache.ratis.thirdparty.io.grpc.StatusRuntimeException: UNAVAILABLE: io exception
2019-10-15 01:02:04,954 [grpc-default-executor-2] INFO  impl.FollowerInfo (FollowerInfo.java:lambda$new$0(51)) - c8fa587d-1a82-4196-bd9f-b9c6b166c070@group-DF31B5A3C09F->d1fe838a-d6b9-4181-abdf-8d55bca94856: nextIndex: updateUnconditionally 0 -> 0
2019-10-15 01:02:04,954 [grpc-default-executor-6] INFO  impl.FollowerInfo (FollowerInfo.java:lambda$new$0(51)) - c8fa587d-1a82-4196-bd9f-b9c6b166c070@group-DF31B5A3C09F->62da231e-6706-4024-9d76-a7730eed6ee2: nextIndex: updateUnconditionally 2 -> 1
2019-10-15 01:02:07,454 [grpc-default-executor-9] WARN  server.GrpcLogAppender (LogUtils.java:warn(134)) - c8fa587d-1a82-4196-bd9f-b9c6b166c070@group-DF31B5A3C09F->62da231e-6706-4024-9d76-a7730eed6ee2-AppendLogResponseHandler: Failed appendEntries: org.apache.ratis.thirdparty.io.grpc.StatusRuntimeException: UNAVAILABLE: io exception
2019-10-15 01:02:07,454 [grpc-default-executor-10] WARN  server.GrpcLogAppender (LogUtils.java:warn(134)) - c8fa587d-1a82-4196-bd9f-b9c6b166c070@group-DF31B5A3C09F->d1fe838a-d6b9-4181-abdf-8d55bca94856-AppendLogResponseHandler: Failed appendEntries: org.apache.ratis.thirdparty.io.grpc.StatusRuntimeException: UNAVAILABLE: io exception
2019-10-15 01:02:07,455 [grpc-default-executor-9] INFO  impl.FollowerInfo (FollowerInfo.java:lambda$new$0(51)) - c8fa587d-1a82-4196-bd9f-b9c6b166c070@group-DF31B5A3C09F->62da231e-6706-4024-9d76-a7730eed6ee2: nextIndex: updateUnconditionally 1 -> 0
2019-10-15 01:02:07,455 [grpc-default-executor-10] INFO  impl.FollowerInfo (FollowerInfo.java:lambda$new$0(51)) - c8fa587d-1a82-4196-bd9f-b9c6b166c070@group-DF31B5A3C09F->d1fe838a-d6b9-4181-abdf-8d55bca94856: nextIndex: updateUnconditionally 0 -> 0
2019-10-15 01:02:09,955 [grpc-default-executor-9] WARN  server.GrpcLogAppender (LogUtils.java:warn(134)) - c8fa587d-1a82-4196-bd9f-b9c6b166c070@group-DF31B5A3C09F->62da231e-6706-4024-9d76-a7730eed6ee2-AppendLogResponseHandler: Failed appendEntries: org.apache.ratis.thirdparty.io.grpc.StatusRuntimeException: UNAVAILABLE: io exception
2019-10-15 01:02:09,955 [grpc-default-executor-10] WARN  server.GrpcLogAppender (LogUtils.java:warn(134)) - c8fa587d-1a82-4196-bd9f-b9c6b166c070@group-DF31B5A3C09F->d1fe838a-d6b9-4181-abdf-8d55bca94856-AppendLogResponseHandler: Failed appendEntries: org.apache.ratis.thirdparty.io.grpc.StatusRuntimeException: UNAVAILABLE: io exception
2019-10-15 01:02:09,956 [grpc-default-executor-9] INFO  impl.FollowerInfo (FollowerInfo.java:lambda$new$0(51)) - c8fa587d-1a82-4196-bd9f-b9c6b166c070@group-DF31B5A3C09F->62da231e-6706-4024-9d76-a7730eed6ee2: nextIndex: updateUnconditionally 0 -> 0
2019-10-15 01:02:09,956 [grpc-default-executor-10] INFO  impl.FollowerInfo (FollowerInfo.java:lambda$new$0(51)) - c8fa587d-1a82-4196-bd9f-b9c6b166c070@group-DF31B5A3C09F->d1fe838a-d6b9-4181-abdf-8d55bca94856: nextIndex: updateUnconditionally 0 -> 0
2019-10-15 01:02:12,456 [grpc-default-executor-9] WARN  server.GrpcLogAppender (LogUtils.java:warn(134)) - c8fa587d-1a82-4196-bd9f-b9c6b166c070@group-DF31B5A3C09F->62da231e-6706-4024-9d76-a7730eed6ee2-AppendLogResponseHandler: Failed appendEntries: org.apache.ratis.thirdparty.io.grpc.StatusRuntimeException: UNAVAILABLE: io exception
2019-10-15 01:02:12,456 [grpc-default-executor-2] WARN  server.GrpcLogAppender (LogUtils.java:warn(134)) - c8fa587d-1a82-4196-bd9f-b9c6b166c070@group-DF31B5A3C09F->d1fe838a-d6b9-4181-abdf-8d55bca94856-AppendLogResponseHandler: Failed appendEntries: org.apache.ratis.thirdparty.io.grpc.StatusRuntimeException: UNAVAILABLE: io exception
2019-10-15 01:02:12,456 [grpc-default-executor-9] INFO  impl.FollowerInfo (FollowerInfo.java:lambda$new$0(51)) - c8fa587d-1a82-4196-bd9f-b9c6b166c070@group-DF31B5A3C09F->62da231e-6706-4024-9d76-a7730eed6ee2: nextIndex: updateUnconditionally 0 -> 0
2019-10-15 01:02:12,457 [grpc-default-executor-2] INFO  impl.FollowerInfo (FollowerInfo.java:lambda$new$0(51)) - c8fa587d-1a82-4196-bd9f-b9c6b166c070@group-DF31B5A3C09F->d1fe838a-d6b9-4181-abdf-8d55bca94856: nextIndex: updateUnconditionally 0 -> 0
2019-10-15 01:02:13,563 [Thread-1572] INFO  client.GrpcClientProtocolService (GrpcClientProtocolService.java:lambda$processClientRequest$0(278)) - Failed RaftClientRequest:client-CA9CEE738207->c8fa587d-1a82-4196-bd9f-b9c6b166c070@group-DF31B5A3C09F, cid=67, seq=0, Watch-ALL_COMMITTED(43), Message:<EMPTY>, reply=RaftClientReply:client-CA9CEE738207->c8fa587d-1a82-4196-bd9f-b9c6b166c070@group-DF31B5A3C09F, cid=67, FAILED org.apache.ratis.protocol.NotReplicatedException: Request with call Id 67 and log index 43 is not yet replicated to ALL_COMMITTED, logIndex=43, commits[c8fa587d-1a82-4196-bd9f-b9c6b166c070:c2, d1fe838a-d6b9-4181-abdf-8d55bca94856:c2, 62da231e-6706-4024-9d76-a7730eed6ee2:c2]
2019-10-15 01:02:14,956 [grpc-default-executor-4] WARN  server.GrpcLogAppender (LogUtils.java:warn(134)) - c8fa587d-1a82-4196-bd9f-b9c6b166c070@group-DF31B5A3C09F->d1fe838a-d6b9-4181-abdf-8d55bca94856-AppendLogResponseHandler: Failed appendEntries: org.apache.ratis.thirdparty.io.grpc.StatusRuntimeException: UNAVAILABLE: io exception
2019-10-15 01:02:14,956 [grpc-default-executor-6] WARN  server.GrpcLogAppender (LogUtils.java:warn(134)) - c8fa587d-1a82-4196-bd9f-b9c6b166c070@group-DF31B5A3C09F->62da231e-6706-4024-9d76-a7730eed6ee2-AppendLogResponseHandler: Failed appendEntries: org.apache.ratis.thirdparty.io.grpc.StatusRuntimeException: UNAVAILABLE: io exception
2019-10-15 01:02:14,960 [grpc-default-executor-4] INFO  impl.FollowerInfo (FollowerInfo.java:lambda$new$0(51)) - c8fa587d-1a82-4196-bd9f-b9c6b166c070@group-DF31B5A3C09F->d1fe838a-d6b9-4181-abdf-8d55bca94856: nextIndex: updateUnconditionally 0 -> 0
2019-10-15 01:02:14,960 [grpc-default-executor-6] INFO  impl.FollowerInfo (FollowerInfo.java:lambda$new$0(51)) - c8fa587d-1a82-4196-bd9f-b9c6b166c070@group-DF31B5A3C09F->62da231e-6706-4024-9d76-a7730eed6ee2: nextIndex: updateUnconditionally 0 -> 0
2019-10-15 01:02:17,459 [grpc-default-executor-9] WARN  server.GrpcLogAppender (LogUtils.java:warn(134)) - c8fa587d-1a82-4196-bd9f-b9c6b166c070@group-DF31B5A3C09F->d1fe838a-d6b9-4181-abdf-8d55bca94856-AppendLogResponseHandler: Failed appendEntries: org.apache.ratis.thirdparty.io.grpc.StatusRuntimeException: UNAVAILABLE: io exception
2019-10-15 01:02:17,459 [grpc-default-executor-4] WARN  server.GrpcLogAppender (LogUtils.java:warn(134)) - c8fa587d-1a82-4196-bd9f-b9c6b166c070@group-DF31B5A3C09F->62da231e-6706-4024-9d76-a7730eed6ee2-AppendLogResponseHandler: Failed appendEntries: org.apache.ratis.thirdparty.io.grpc.StatusRuntimeException: UNAVAILABLE: io exception
2019-10-15 01:02:17,460 [grpc-default-executor-9] INFO  impl.FollowerInfo (FollowerInfo.java:lambda$new$0(51)) - c8fa587d-1a82-4196-bd9f-b9c6b166c070@group-DF31B5A3C09F->d1fe838a-d6b9-4181-abdf-8d55bca94856: nextIndex: updateUnconditionally 0 -> 0
2019-10-15 01:02:17,460 [grpc-default-executor-4] INFO  impl.FollowerInfo (FollowerInfo.java:lambda$new$0(51)) - c8fa587d-1a82-4196-bd9f-b9c6b166c070@group-DF31B5A3C09F->62da231e-6706-4024-9d76-a7730eed6ee2: nextIndex: updateUnconditionally 0 -> 0
2019-10-15 01:02:19,964 [grpc-default-executor-4] WARN  server.GrpcLogAppender (LogUtils.java:warn(134)) - c8fa587d-1a82-4196-bd9f-b9c6b166c070@group-DF31B5A3C09F->62da231e-6706-4024-9d76-a7730eed6ee2-AppendLogResponseHandler: Failed appendEntries: org.apache.ratis.thirdparty.io.grpc.StatusRuntimeException: UNAVAILABLE: io exception
2019-10-15 01:02:19,964 [grpc-default-executor-9] WARN  server.GrpcLogAppender (LogUtils.java:warn(134)) - c8fa587d-1a82-4196-bd9f-b9c6b166c070@group-DF31B5A3C09F->d1fe838a-d6b9-4181-abdf-8d55bca94856-AppendLogResponseHandler: Failed appendEntries: org.apache.ratis.thirdparty.io.grpc.StatusRuntimeException: UNAVAILABLE: io exception
2019-10-15 01:02:19,966 [grpc-default-executor-9] INFO  impl.FollowerInfo (FollowerInfo.java:lambda$new$0(51)) - c8fa587d-1a82-4196-bd9f-b9c6b166c070@group-DF31B5A3C09F->d1fe838a-d6b9-4181-abdf-8d55bca94856: nextIndex: updateUnconditionally 0 -> 0
2019-10-15 01:02:19,966 [grpc-default-executor-4] INFO  impl.FollowerInfo (FollowerInfo.java:lambda$new$0(51)) - c8fa587d-1a82-4196-bd9f-b9c6b166c070@group-DF31B5A3C09F->62da231e-6706-4024-9d76-a7730eed6ee2: nextIndex: updateUnconditionally 0 -> 0
2019-10-15 01:02:22,464 [grpc-default-executor-1] WARN  server.GrpcLogAppender (LogUtils.java:warn(134)) - c8fa587d-1a82-4196-bd9f-b9c6b166c070@group-DF31B5A3C09F->d1fe838a-d6b9-4181-abdf-8d55bca94856-AppendLogResponseHandler: Failed appendEntries: org.apache.ratis.thirdparty.io.grpc.StatusRuntimeException: UNAVAILABLE: io exception
2019-10-15 01:02:22,464 [grpc-default-executor-2] WARN  server.GrpcLogAppender (LogUtils.java:warn(134)) - c8fa587d-1a82-4196-bd9f-b9c6b166c070@group-DF31B5A3C09F->62da231e-6706-4024-9d76-a7730eed6ee2-AppendLogResponseHandler: Failed appendEntries: org.apache.ratis.thirdparty.io.grpc.StatusRuntimeException: UNAVAILABLE: io exception
2019-10-15 01:02:22,465 [grpc-default-executor-1] INFO  impl.FollowerInfo (FollowerInfo.java:lambda$new$0(51)) - c8fa587d-1a82-4196-bd9f-b9c6b166c070@group-DF31B5A3C09F->d1fe838a-d6b9-4181-abdf-8d55bca94856: nextIndex: updateUnconditionally 0 -> 0
2019-10-15 01:02:22,465 [grpc-default-executor-2] INFO  impl.FollowerInfo (FollowerInfo.java:lambda$new$0(51)) - c8fa587d-1a82-4196-bd9f-b9c6b166c070@group-DF31B5A3C09F->62da231e-6706-4024-9d76-a7730eed6ee2: nextIndex: updateUnconditionally 0 -> 0
2019-10-15 01:02:22,728 [main] WARN  scm.XceiverClientRatis (XceiverClientRatis.java:watchForCommit(277)) - 3 way commit failed on pipeline Pipeline[ Id: b3fa6c92-d9c7-40bd-bfcd-df31b5a3c09f, Nodes: d1fe838a-d6b9-4181-abdf-8d55bca94856{ip: 192.168.30.62, host: pr-hdds-2181-4tb7b-1429657930, networkLocation: /default-rack, certSerialId: null}62da231e-6706-4024-9d76-a7730eed6ee2{ip: 192.168.30.62, host: pr-hdds-2181-4tb7b-1429657930, networkLocation: /default-rack, certSerialId: null}c8fa587d-1a82-4196-bd9f-b9c6b166c070{ip: 192.168.30.62, host: pr-hdds-2181-4tb7b-1429657930, networkLocation: /default-rack, certSerialId: null}, Type:RATIS, Factor:THREE, State:OPEN]
java.util.concurrent.TimeoutException
	at java.util.concurrent.CompletableFuture.timedGet(CompletableFuture.java:1771)
	at java.util.concurrent.CompletableFuture.get(CompletableFuture.java:1915)
	at org.apache.hadoop.hdds.scm.XceiverClientRatis.watchForCommit(XceiverClientRatis.java:274)
	at org.apache.hadoop.ozone.client.rpc.TestWatchForCommit.testWatchForCommitForRetryfailure(TestWatchForCommit.java:345)
	at sun.reflect.NativeMethodAccessorImpl.invoke0(Native Method)
	at sun.reflect.NativeMethodAccessorImpl.invoke(NativeMethodAccessorImpl.java:62)
	at sun.reflect.DelegatingMethodAccessorImpl.invoke(DelegatingMethodAccessorImpl.java:43)
	at java.lang.reflect.Method.invoke(Method.java:498)
	at org.junit.runners.model.FrameworkMethod$1.runReflectiveCall(FrameworkMethod.java:47)
	at org.junit.internal.runners.model.ReflectiveCallable.run(ReflectiveCallable.java:12)
	at org.junit.runners.model.FrameworkMethod.invokeExplosively(FrameworkMethod.java:44)
	at org.junit.internal.runners.statements.InvokeMethod.evaluate(InvokeMethod.java:17)
	at org.junit.runners.ParentRunner.runLeaf(ParentRunner.java:271)
	at org.junit.runners.BlockJUnit4ClassRunner.runChild(BlockJUnit4ClassRunner.java:70)
	at org.junit.runners.BlockJUnit4ClassRunner.runChild(BlockJUnit4ClassRunner.java:50)
	at org.junit.runners.ParentRunner$3.run(ParentRunner.java:238)
	at org.junit.runners.ParentRunner$1.schedule(ParentRunner.java:63)
	at org.junit.runners.ParentRunner.runChildren(ParentRunner.java:236)
	at org.junit.runners.ParentRunner.access$000(ParentRunner.java:53)
	at org.junit.runners.ParentRunner$2.evaluate(ParentRunner.java:229)
	at org.junit.runners.ParentRunner.run(ParentRunner.java:309)
	at org.apache.maven.surefire.junit4.JUnit4Provider.execute(JUnit4Provider.java:365)
	at org.apache.maven.surefire.junit4.JUnit4Provider.executeWithRerun(JUnit4Provider.java:273)
	at org.apache.maven.surefire.junit4.JUnit4Provider.executeTestSet(JUnit4Provider.java:238)
	at org.apache.maven.surefire.junit4.JUnit4Provider.invoke(JUnit4Provider.java:159)
	at org.apache.maven.surefire.booter.ForkedBooter.invokeProviderInSameClassLoader(ForkedBooter.java:384)
	at org.apache.maven.surefire.booter.ForkedBooter.runSuitesInProcess(ForkedBooter.java:345)
	at org.apache.maven.surefire.booter.ForkedBooter.execute(ForkedBooter.java:126)
	at org.apache.maven.surefire.booter.ForkedBooter.main(ForkedBooter.java:418)
2019-10-15 01:02:23,567 [Thread-1585] INFO  client.GrpcClientProtocolService (GrpcClientProtocolService.java:lambda$processClientRequest$0(278)) - Failed RaftClientRequest:client-CA9CEE738207->c8fa587d-1a82-4196-bd9f-b9c6b166c070@group-DF31B5A3C09F, cid=67, seq=0, Watch-ALL_COMMITTED(43), Message:<EMPTY>, reply=RaftClientReply:client-CA9CEE738207->c8fa587d-1a82-4196-bd9f-b9c6b166c070@group-DF31B5A3C09F, cid=67, FAILED org.apache.ratis.protocol.NotReplicatedException: Request with call Id 67 and log index 43 is not yet replicated to ALL_COMMITTED, logIndex=43, commits[c8fa587d-1a82-4196-bd9f-b9c6b166c070:c2, d1fe838a-d6b9-4181-abdf-8d55bca94856:c2, 62da231e-6706-4024-9d76-a7730eed6ee2:c2]
2019-10-15 01:02:24,969 [grpc-default-executor-1] WARN  server.GrpcLogAppender (LogUtils.java:warn(134)) - c8fa587d-1a82-4196-bd9f-b9c6b166c070@group-DF31B5A3C09F->62da231e-6706-4024-9d76-a7730eed6ee2-AppendLogResponseHandler: Failed appendEntries: org.apache.ratis.thirdparty.io.grpc.StatusRuntimeException: UNAVAILABLE: io exception
2019-10-15 01:02:24,969 [grpc-default-executor-2] WARN  server.GrpcLogAppender (LogUtils.java:warn(134)) - c8fa587d-1a82-4196-bd9f-b9c6b166c070@group-DF31B5A3C09F->d1fe838a-d6b9-4181-abdf-8d55bca94856-AppendLogResponseHandler: Failed appendEntries: org.apache.ratis.thirdparty.io.grpc.StatusRuntimeException: UNAVAILABLE: io exception
2019-10-15 01:02:24,976 [grpc-default-executor-2] INFO  impl.FollowerInfo (FollowerInfo.java:lambda$new$0(51)) - c8fa587d-1a82-4196-bd9f-b9c6b166c070@group-DF31B5A3C09F->d1fe838a-d6b9-4181-abdf-8d55bca94856: nextIndex: updateUnconditionally 0 -> 0
2019-10-15 01:02:24,976 [grpc-default-executor-1] INFO  impl.FollowerInfo (FollowerInfo.java:lambda$new$0(51)) - c8fa587d-1a82-4196-bd9f-b9c6b166c070@group-DF31B5A3C09F->62da231e-6706-4024-9d76-a7730eed6ee2: nextIndex: updateUnconditionally 0 -> 0
2019-10-15 01:02:27,471 [grpc-default-executor-1] WARN  server.GrpcLogAppender (LogUtils.java:warn(134)) - c8fa587d-1a82-4196-bd9f-b9c6b166c070@group-DF31B5A3C09F->62da231e-6706-4024-9d76-a7730eed6ee2-AppendLogResponseHandler: Failed appendEntries: org.apache.ratis.thirdparty.io.grpc.StatusRuntimeException: UNAVAILABLE: io exception
2019-10-15 01:02:27,471 [grpc-default-executor-2] WARN  server.GrpcLogAppender (LogUtils.java:warn(134)) - c8fa587d-1a82-4196-bd9f-b9c6b166c070@group-DF31B5A3C09F->d1fe838a-d6b9-4181-abdf-8d55bca94856-AppendLogResponseHandler: Failed appendEntries: org.apache.ratis.thirdparty.io.grpc.StatusRuntimeException: UNAVAILABLE: io exception
2019-10-15 01:02:27,473 [grpc-default-executor-1] INFO  impl.FollowerInfo (FollowerInfo.java:lambda$new$0(51)) - c8fa587d-1a82-4196-bd9f-b9c6b166c070@group-DF31B5A3C09F->62da231e-6706-4024-9d76-a7730eed6ee2: nextIndex: updateUnconditionally 0 -> 0
2019-10-15 01:02:27,473 [grpc-default-executor-2] INFO  impl.FollowerInfo (FollowerInfo.java:lambda$new$0(51)) - c8fa587d-1a82-4196-bd9f-b9c6b166c070@group-DF31B5A3C09F->d1fe838a-d6b9-4181-abdf-8d55bca94856: nextIndex: updateUnconditionally 0 -> 0
2019-10-15 01:02:29,975 [grpc-default-executor-1] WARN  server.GrpcLogAppender (LogUtils.java:warn(134)) - c8fa587d-1a82-4196-bd9f-b9c6b166c070@group-DF31B5A3C09F->d1fe838a-d6b9-4181-abdf-8d55bca94856-AppendLogResponseHandler: Failed appendEntries: org.apache.ratis.thirdparty.io.grpc.StatusRuntimeException: UNAVAILABLE: io exception
2019-10-15 01:02:29,975 [grpc-default-executor-2] WARN  server.GrpcLogAppender (LogUtils.java:warn(134)) - c8fa587d-1a82-4196-bd9f-b9c6b166c070@group-DF31B5A3C09F->62da231e-6706-4024-9d76-a7730eed6ee2-AppendLogResponseHandler: Failed appendEntries: org.apache.ratis.thirdparty.io.grpc.StatusRuntimeException: UNAVAILABLE: io exception
2019-10-15 01:02:29,977 [grpc-default-executor-2] INFO  impl.FollowerInfo (FollowerInfo.java:lambda$new$0(51)) - c8fa587d-1a82-4196-bd9f-b9c6b166c070@group-DF31B5A3C09F->62da231e-6706-4024-9d76-a7730eed6ee2: nextIndex: updateUnconditionally 0 -> 0
2019-10-15 01:02:29,977 [grpc-default-executor-1] INFO  impl.FollowerInfo (FollowerInfo.java:lambda$new$0(51)) - c8fa587d-1a82-4196-bd9f-b9c6b166c070@group-DF31B5A3C09F->d1fe838a-d6b9-4181-abdf-8d55bca94856: nextIndex: updateUnconditionally 0 -> 0
2019-10-15 01:02:32,474 [grpc-default-executor-1] WARN  server.GrpcLogAppender (LogUtils.java:warn(134)) - c8fa587d-1a82-4196-bd9f-b9c6b166c070@group-DF31B5A3C09F->62da231e-6706-4024-9d76-a7730eed6ee2-AppendLogResponseHandler: Failed appendEntries: org.apache.ratis.thirdparty.io.grpc.StatusRuntimeException: UNAVAILABLE: io exception
2019-10-15 01:02:32,474 [grpc-default-executor-2] WARN  server.GrpcLogAppender (LogUtils.java:warn(134)) - c8fa587d-1a82-4196-bd9f-b9c6b166c070@group-DF31B5A3C09F->d1fe838a-d6b9-4181-abdf-8d55bca94856-AppendLogResponseHandler: Failed appendEntries: org.apache.ratis.thirdparty.io.grpc.StatusRuntimeException: UNAVAILABLE: io exception
2019-10-15 01:02:32,476 [grpc-default-executor-1] INFO  impl.FollowerInfo (FollowerInfo.java:lambda$new$0(51)) - c8fa587d-1a82-4196-bd9f-b9c6b166c070@group-DF31B5A3C09F->62da231e-6706-4024-9d76-a7730eed6ee2: nextIndex: updateUnconditionally 0 -> 0
2019-10-15 01:02:32,476 [grpc-default-executor-2] INFO  impl.FollowerInfo (FollowerInfo.java:lambda$new$0(51)) - c8fa587d-1a82-4196-bd9f-b9c6b166c070@group-DF31B5A3C09F->d1fe838a-d6b9-4181-abdf-8d55bca94856: nextIndex: updateUnconditionally 0 -> 0
2019-10-15 01:02:33,564 [Thread-1600] INFO  client.GrpcClientProtocolService (GrpcClientProtocolService.java:lambda$processClientRequest$0(278)) - Failed RaftClientRequest:client-CA9CEE738207->c8fa587d-1a82-4196-bd9f-b9c6b166c070@group-DF31B5A3C09F, cid=67, seq=0, Watch-ALL_COMMITTED(43), Message:<EMPTY>, reply=RaftClientReply:client-CA9CEE738207->c8fa587d-1a82-4196-bd9f-b9c6b166c070@group-DF31B5A3C09F, cid=67, FAILED org.apache.ratis.protocol.NotReplicatedException: Request with call Id 67 and log index 43 is not yet replicated to ALL_COMMITTED, logIndex=43, commits[c8fa587d-1a82-4196-bd9f-b9c6b166c070:c2, d1fe838a-d6b9-4181-abdf-8d55bca94856:c2, 62da231e-6706-4024-9d76-a7730eed6ee2:c2]
2019-10-15 01:02:33,570 [Thread-1601] INFO  client.GrpcClientProtocolService (GrpcClientProtocolService.java:lambda$processClientRequest$0(278)) - Failed RaftClientRequest:client-CA9CEE738207->c8fa587d-1a82-4196-bd9f-b9c6b166c070@group-DF31B5A3C09F, cid=68, seq=0, Watch-MAJORITY_COMMITTED(43), Message:<EMPTY>, reply=RaftClientReply:client-CA9CEE738207->c8fa587d-1a82-4196-bd9f-b9c6b166c070@group-DF31B5A3C09F, cid=68, FAILED org.apache.ratis.protocol.NotReplicatedException: Request with call Id 68 and log index 43 is not yet replicated to MAJORITY_COMMITTED, logIndex=43, commits[c8fa587d-1a82-4196-bd9f-b9c6b166c070:c2, d1fe838a-d6b9-4181-abdf-8d55bca94856:c2, 62da231e-6706-4024-9d76-a7730eed6ee2:c2]
2019-10-15 01:02:34,977 [grpc-default-executor-4] WARN  server.GrpcLogAppender (LogUtils.java:warn(134)) - c8fa587d-1a82-4196-bd9f-b9c6b166c070@group-DF31B5A3C09F->62da231e-6706-4024-9d76-a7730eed6ee2-AppendLogResponseHandler: Failed appendEntries: org.apache.ratis.thirdparty.io.grpc.StatusRuntimeException: UNAVAILABLE: io exception
2019-10-15 01:02:34,977 [grpc-default-executor-2] WARN  server.GrpcLogAppender (LogUtils.java:warn(134)) - c8fa587d-1a82-4196-bd9f-b9c6b166c070@group-DF31B5A3C09F->d1fe838a-d6b9-4181-abdf-8d55bca94856-AppendLogResponseHandler: Failed appendEntries: org.apache.ratis.thirdparty.io.grpc.StatusRuntimeException: UNAVAILABLE: io exception
2019-10-15 01:02:34,986 [grpc-default-executor-4] INFO  impl.FollowerInfo (FollowerInfo.java:lambda$new$0(51)) - c8fa587d-1a82-4196-bd9f-b9c6b166c070@group-DF31B5A3C09F->62da231e-6706-4024-9d76-a7730eed6ee2: nextIndex: updateUnconditionally 0 -> 0
2019-10-15 01:02:34,986 [grpc-default-executor-2] INFO  impl.FollowerInfo (FollowerInfo.java:lambda$new$0(51)) - c8fa587d-1a82-4196-bd9f-b9c6b166c070@group-DF31B5A3C09F->d1fe838a-d6b9-4181-abdf-8d55bca94856: nextIndex: updateUnconditionally 0 -> 0
2019-10-15 01:02:37,482 [grpc-default-executor-2] WARN  server.GrpcLogAppender (LogUtils.java:warn(134)) - c8fa587d-1a82-4196-bd9f-b9c6b166c070@group-DF31B5A3C09F->d1fe838a-d6b9-4181-abdf-8d55bca94856-AppendLogResponseHandler: Failed appendEntries: org.apache.ratis.thirdparty.io.grpc.StatusRuntimeException: UNAVAILABLE: io exception
2019-10-15 01:02:37,482 [grpc-default-executor-4] WARN  server.GrpcLogAppender (LogUtils.java:warn(134)) - c8fa587d-1a82-4196-bd9f-b9c6b166c070@group-DF31B5A3C09F->62da231e-6706-4024-9d76-a7730eed6ee2-AppendLogResponseHandler: Failed appendEntries: org.apache.ratis.thirdparty.io.grpc.StatusRuntimeException: UNAVAILABLE: io exception
2019-10-15 01:02:37,483 [grpc-default-executor-2] INFO  impl.FollowerInfo (FollowerInfo.java:lambda$new$0(51)) - c8fa587d-1a82-4196-bd9f-b9c6b166c070@group-DF31B5A3C09F->d1fe838a-d6b9-4181-abdf-8d55bca94856: nextIndex: updateUnconditionally 0 -> 0
2019-10-15 01:02:37,483 [grpc-default-executor-4] INFO  impl.FollowerInfo (FollowerInfo.java:lambda$new$0(51)) - c8fa587d-1a82-4196-bd9f-b9c6b166c070@group-DF31B5A3C09F->62da231e-6706-4024-9d76-a7730eed6ee2: nextIndex: updateUnconditionally 0 -> 0
2019-10-15 01:02:39,988 [grpc-default-executor-2] WARN  server.GrpcLogAppender (LogUtils.java:warn(134)) - c8fa587d-1a82-4196-bd9f-b9c6b166c070@group-DF31B5A3C09F->d1fe838a-d6b9-4181-abdf-8d55bca94856-AppendLogResponseHandler: Failed appendEntries: org.apache.ratis.thirdparty.io.grpc.StatusRuntimeException: UNAVAILABLE: io exception
2019-10-15 01:02:39,988 [grpc-default-executor-4] WARN  server.GrpcLogAppender (LogUtils.java:warn(134)) - c8fa587d-1a82-4196-bd9f-b9c6b166c070@group-DF31B5A3C09F->62da231e-6706-4024-9d76-a7730eed6ee2-AppendLogResponseHandler: Failed appendEntries: org.apache.ratis.thirdparty.io.grpc.StatusRuntimeException: UNAVAILABLE: io exception
2019-10-15 01:02:39,989 [grpc-default-executor-4] INFO  impl.FollowerInfo (FollowerInfo.java:lambda$new$0(51)) - c8fa587d-1a82-4196-bd9f-b9c6b166c070@group-DF31B5A3C09F->62da231e-6706-4024-9d76-a7730eed6ee2: nextIndex: updateUnconditionally 0 -> 0
2019-10-15 01:02:39,989 [grpc-default-executor-2] INFO  impl.FollowerInfo (FollowerInfo.java:lambda$new$0(51)) - c8fa587d-1a82-4196-bd9f-b9c6b166c070@group-DF31B5A3C09F->d1fe838a-d6b9-4181-abdf-8d55bca94856: nextIndex: updateUnconditionally 0 -> 0
2019-10-15 01:02:42,487 [grpc-default-executor-6] WARN  server.GrpcLogAppender (LogUtils.java:warn(134)) - c8fa587d-1a82-4196-bd9f-b9c6b166c070@group-DF31B5A3C09F->62da231e-6706-4024-9d76-a7730eed6ee2-AppendLogResponseHandler: Failed appendEntries: org.apache.ratis.thirdparty.io.grpc.StatusRuntimeException: UNAVAILABLE: io exception
2019-10-15 01:02:42,487 [grpc-default-executor-2] WARN  server.GrpcLogAppender (LogUtils.java:warn(134)) - c8fa587d-1a82-4196-bd9f-b9c6b166c070@group-DF31B5A3C09F->d1fe838a-d6b9-4181-abdf-8d55bca94856-AppendLogResponseHandler: Failed appendEntries: org.apache.ratis.thirdparty.io.grpc.StatusRuntimeException: UNAVAILABLE: io exception
2019-10-15 01:02:42,489 [grpc-default-executor-6] INFO  impl.FollowerInfo (FollowerInfo.java:lambda$new$0(51)) - c8fa587d-1a82-4196-bd9f-b9c6b166c070@group-DF31B5A3C09F->62da231e-6706-4024-9d76-a7730eed6ee2: nextIndex: updateUnconditionally 0 -> 0
2019-10-15 01:02:42,489 [grpc-default-executor-2] INFO  impl.FollowerInfo (FollowerInfo.java:lambda$new$0(51)) - c8fa587d-1a82-4196-bd9f-b9c6b166c070@group-DF31B5A3C09F->d1fe838a-d6b9-4181-abdf-8d55bca94856: nextIndex: updateUnconditionally 0 -> 0
]]></system-out>
    <system-err><![CDATA[Oct 15, 2019 1:01:57 AM org.apache.ratis.thirdparty.io.grpc.internal.SerializingExecutor run
SEVERE: Exception while executing runnable org.apache.ratis.thirdparty.io.grpc.internal.ServerImpl$JumpToApplicationThreadServerStreamListener$1Closed@1bb07afc
org.apache.ratis.thirdparty.io.grpc.StatusRuntimeException: CANCELLED: call already cancelled
	at org.apache.ratis.thirdparty.io.grpc.Status.asRuntimeException(Status.java:517)
	at org.apache.ratis.thirdparty.io.grpc.stub.ServerCalls$ServerCallStreamObserverImpl.onCompleted(ServerCalls.java:356)
	at org.apache.ratis.grpc.server.GrpcServerProtocolService$ServerRequestStreamObserver.onError(GrpcServerProtocolService.java:121)
	at org.apache.ratis.thirdparty.io.grpc.stub.ServerCalls$StreamingServerCallHandler$StreamingServerCallListener.onCancel(ServerCalls.java:269)
	at org.apache.ratis.thirdparty.io.grpc.internal.ServerCallImpl$ServerStreamListenerImpl.closed(ServerCallImpl.java:293)
	at org.apache.ratis.thirdparty.io.grpc.internal.ServerImpl$JumpToApplicationThreadServerStreamListener$1Closed.runInContext(ServerImpl.java:741)
	at org.apache.ratis.thirdparty.io.grpc.internal.ContextRunnable.run(ContextRunnable.java:37)
	at org.apache.ratis.thirdparty.io.grpc.internal.SerializingExecutor.run(SerializingExecutor.java:123)
	at java.util.concurrent.ThreadPoolExecutor.runWorker(ThreadPoolExecutor.java:1149)
	at java.util.concurrent.ThreadPoolExecutor$Worker.run(ThreadPoolExecutor.java:624)
	at java.lang.Thread.run(Thread.java:748)

Oct 15, 2019 1:02:02 AM org.apache.ratis.thirdparty.io.grpc.internal.SerializingExecutor run
SEVERE: Exception while executing runnable org.apache.ratis.thirdparty.io.grpc.internal.ServerImpl$JumpToApplicationThreadServerStreamListener$1Closed@7d976448
org.apache.ratis.thirdparty.io.grpc.StatusRuntimeException: CANCELLED: call already cancelled
	at org.apache.ratis.thirdparty.io.grpc.Status.asRuntimeException(Status.java:517)
	at org.apache.ratis.thirdparty.io.grpc.stub.ServerCalls$ServerCallStreamObserverImpl.onCompleted(ServerCalls.java:356)
	at org.apache.ratis.grpc.server.GrpcServerProtocolService$ServerRequestStreamObserver.onError(GrpcServerProtocolService.java:121)
	at org.apache.ratis.thirdparty.io.grpc.stub.ServerCalls$StreamingServerCallHandler$StreamingServerCallListener.onCancel(ServerCalls.java:269)
	at org.apache.ratis.thirdparty.io.grpc.internal.ServerCallImpl$ServerStreamListenerImpl.closed(ServerCallImpl.java:293)
	at org.apache.ratis.thirdparty.io.grpc.internal.ServerImpl$JumpToApplicationThreadServerStreamListener$1Closed.runInContext(ServerImpl.java:741)
	at org.apache.ratis.thirdparty.io.grpc.internal.ContextRunnable.run(ContextRunnable.java:37)
	at org.apache.ratis.thirdparty.io.grpc.internal.SerializingExecutor.run(SerializingExecutor.java:123)
	at java.util.concurrent.ThreadPoolExecutor.runWorker(ThreadPoolExecutor.java:1149)
	at java.util.concurrent.ThreadPoolExecutor$Worker.run(ThreadPoolExecutor.java:624)
	at java.lang.Thread.run(Thread.java:748)

Oct 15, 2019 1:02:41 AM org.apache.ratis.thirdparty.io.grpc.internal.ManagedChannelOrphanWrapper$ManagedChannelReference cleanQueue
SEVERE: *~*~*~ Channel ManagedChannelImpl{logId=1595, target=192.168.30.62:39926} was not shutdown properly!!! ~*~*~*
    Make sure to call shutdown()/shutdownNow() and wait until awaitTermination() returns true.
java.lang.RuntimeException: ManagedChannel allocation site
	at org.apache.ratis.thirdparty.io.grpc.internal.ManagedChannelOrphanWrapper$ManagedChannelReference.<init>(ManagedChannelOrphanWrapper.java:103)
	at org.apache.ratis.thirdparty.io.grpc.internal.ManagedChannelOrphanWrapper.<init>(ManagedChannelOrphanWrapper.java:53)
	at org.apache.ratis.thirdparty.io.grpc.internal.ManagedChannelOrphanWrapper.<init>(ManagedChannelOrphanWrapper.java:44)
	at org.apache.ratis.thirdparty.io.grpc.internal.AbstractManagedChannelImplBuilder.build(AbstractManagedChannelImplBuilder.java:411)
	at org.apache.ratis.grpc.client.GrpcClientProtocolClient.<init>(GrpcClientProtocolClient.java:128)
	at org.apache.ratis.grpc.client.GrpcClientRpc.lambda$new$0(GrpcClientRpc.java:55)
	at org.apache.ratis.util.PeerProxyMap$PeerAndProxy.lambda$getProxy$0(PeerProxyMap.java:61)
	at org.apache.ratis.util.LifeCycle.startAndTransition(LifeCycle.java:202)
	at org.apache.ratis.util.PeerProxyMap$PeerAndProxy.getProxy(PeerProxyMap.java:60)
	at org.apache.ratis.util.PeerProxyMap.getProxy(PeerProxyMap.java:108)
	at org.apache.ratis.grpc.client.GrpcClientRpc.sendRequestAsyncUnordered(GrpcClientRpc.java:78)
	at org.apache.ratis.client.impl.UnorderedAsync.sendRequestWithRetry(UnorderedAsync.java:75)
	at org.apache.ratis.client.impl.UnorderedAsync.lambda$null$2(UnorderedAsync.java:120)
	at org.apache.ratis.util.TimeoutScheduler.lambda$onTimeout$0(TimeoutScheduler.java:113)
	at org.apache.ratis.util.TimeoutScheduler.lambda$onTimeout$1(TimeoutScheduler.java:133)
	at org.apache.ratis.util.LogUtils.runAndLog(LogUtils.java:50)
	at org.apache.ratis.util.LogUtils$1.run(LogUtils.java:91)
	at java.util.concurrent.Executors$RunnableAdapter.call(Executors.java:511)
	at java.util.concurrent.FutureTask.run(FutureTask.java:266)
	at java.util.concurrent.ScheduledThreadPoolExecutor$ScheduledFutureTask.access$201(ScheduledThreadPoolExecutor.java:180)
	at java.util.concurrent.ScheduledThreadPoolExecutor$ScheduledFutureTask.run(ScheduledThreadPoolExecutor.java:293)
	at java.util.concurrent.ThreadPoolExecutor.runWorker(ThreadPoolExecutor.java:1149)
	at java.util.concurrent.ThreadPoolExecutor$Worker.run(ThreadPoolExecutor.java:624)
	at java.lang.Thread.run(Thread.java:748)

]]></system-err>
  </testcase>
  <testcase name="testWatchForCommitForGroupMismatchException" classname="org.apache.hadoop.ozone.client.rpc.TestWatchForCommit" time="32.214"/>
  <testcase name="test2WayCommitForTimeoutException" classname="org.apache.hadoop.ozone.client.rpc.TestWatchForCommit" time="22.84">
    <error type="java.util.concurrent.TimeoutException">java.util.concurrent.TimeoutException
	at java.util.concurrent.CompletableFuture.timedGet(CompletableFuture.java:1771)
	at java.util.concurrent.CompletableFuture.get(CompletableFuture.java:1915)
	at org.apache.hadoop.hdds.scm.XceiverClientRatis.watchForCommit(XceiverClientRatis.java:283)
	at org.apache.hadoop.ozone.client.rpc.TestWatchForCommit.test2WayCommitForTimeoutException(TestWatchForCommit.java:391)
	at sun.reflect.NativeMethodAccessorImpl.invoke0(Native Method)
	at sun.reflect.NativeMethodAccessorImpl.invoke(NativeMethodAccessorImpl.java:62)
	at sun.reflect.DelegatingMethodAccessorImpl.invoke(DelegatingMethodAccessorImpl.java:43)
	at java.lang.reflect.Method.invoke(Method.java:498)
	at org.junit.runners.model.FrameworkMethod$1.runReflectiveCall(FrameworkMethod.java:47)
	at org.junit.internal.runners.model.ReflectiveCallable.run(ReflectiveCallable.java:12)
	at org.junit.runners.model.FrameworkMethod.invokeExplosively(FrameworkMethod.java:44)
	at org.junit.internal.runners.statements.InvokeMethod.evaluate(InvokeMethod.java:17)
	at org.junit.runners.ParentRunner.runLeaf(ParentRunner.java:271)
	at org.junit.runners.BlockJUnit4ClassRunner.runChild(BlockJUnit4ClassRunner.java:70)
	at org.junit.runners.BlockJUnit4ClassRunner.runChild(BlockJUnit4ClassRunner.java:50)
	at org.junit.runners.ParentRunner$3.run(ParentRunner.java:238)
	at org.junit.runners.ParentRunner$1.schedule(ParentRunner.java:63)
	at org.junit.runners.ParentRunner.runChildren(ParentRunner.java:236)
	at org.junit.runners.ParentRunner.access$000(ParentRunner.java:53)
	at org.junit.runners.ParentRunner$2.evaluate(ParentRunner.java:229)
	at org.junit.runners.ParentRunner.run(ParentRunner.java:309)
	at org.apache.maven.surefire.junit4.JUnit4Provider.execute(JUnit4Provider.java:365)
	at org.apache.maven.surefire.junit4.JUnit4Provider.executeWithRerun(JUnit4Provider.java:273)
	at org.apache.maven.surefire.junit4.JUnit4Provider.executeTestSet(JUnit4Provider.java:238)
	at org.apache.maven.surefire.junit4.JUnit4Provider.invoke(JUnit4Provider.java:159)
	at org.apache.maven.surefire.booter.ForkedBooter.invokeProviderInSameClassLoader(ForkedBooter.java:384)
	at org.apache.maven.surefire.booter.ForkedBooter.runSuitesInProcess(ForkedBooter.java:345)
	at org.apache.maven.surefire.booter.ForkedBooter.execute(ForkedBooter.java:126)
	at org.apache.maven.surefire.booter.ForkedBooter.main(ForkedBooter.java:418)
</error>
    <system-out><![CDATA[2019-10-15 01:03:14,989 [main] WARN  server.ServerUtils (ServerUtils.java:getScmDbDir(145)) - ozone.scm.db.dirs is not configured. We recommend adding this setting. Falling back to ozone.metadata.dirs instead.
2019-10-15 01:03:14,999 [grpc-default-executor-6] WARN  server.GrpcLogAppender (LogUtils.java:warn(134)) - c8fa587d-1a82-4196-bd9f-b9c6b166c070@group-DF31B5A3C09F->d1fe838a-d6b9-4181-abdf-8d55bca94856-AppendLogResponseHandler: Failed appendEntries: org.apache.ratis.thirdparty.io.grpc.StatusRuntimeException: UNAVAILABLE: io exception
2019-10-15 01:03:15,000 [grpc-default-executor-4] WARN  server.GrpcLogAppender (LogUtils.java:warn(134)) - c8fa587d-1a82-4196-bd9f-b9c6b166c070@group-DF31B5A3C09F->62da231e-6706-4024-9d76-a7730eed6ee2-AppendLogResponseHandler: Failed appendEntries: org.apache.ratis.thirdparty.io.grpc.StatusRuntimeException: UNAVAILABLE: io exception
2019-10-15 01:03:15,000 [grpc-default-executor-6] INFO  impl.FollowerInfo (FollowerInfo.java:lambda$new$0(51)) - c8fa587d-1a82-4196-bd9f-b9c6b166c070@group-DF31B5A3C09F->d1fe838a-d6b9-4181-abdf-8d55bca94856: nextIndex: updateUnconditionally 0 -> 0
2019-10-15 01:03:15,000 [grpc-default-executor-4] INFO  impl.FollowerInfo (FollowerInfo.java:lambda$new$0(51)) - c8fa587d-1a82-4196-bd9f-b9c6b166c070@group-DF31B5A3C09F->62da231e-6706-4024-9d76-a7730eed6ee2: nextIndex: updateUnconditionally 0 -> 0
2019-10-15 01:03:15,004 [main] WARN  server.ServerUtils (ServerUtils.java:getScmDbDir(145)) - ozone.scm.db.dirs is not configured. We recommend adding this setting. Falling back to ozone.metadata.dirs instead.
2019-10-15 01:03:15,004 [main] WARN  server.ServerUtils (ServerUtils.java:getScmDbDir(145)) - ozone.scm.db.dirs is not configured. We recommend adding this setting. Falling back to ozone.metadata.dirs instead.
2019-10-15 01:03:15,005 [main] INFO  db.DBStoreBuilder (DBStoreBuilder.java:addTable(117)) - using custom profile for table: deletedBlocks
2019-10-15 01:03:15,005 [main] INFO  db.DBStoreBuilder (DBStoreBuilder.java:processTables(168)) - Using default column profile:DBProfile.DISK for Table:deletedBlocks
2019-10-15 01:03:15,006 [main] INFO  db.DBStoreBuilder (DBStoreBuilder.java:addTable(117)) - using custom profile for table: validCerts
2019-10-15 01:03:15,006 [main] INFO  db.DBStoreBuilder (DBStoreBuilder.java:processTables(168)) - Using default column profile:DBProfile.DISK for Table:validCerts
2019-10-15 01:03:15,006 [main] INFO  db.DBStoreBuilder (DBStoreBuilder.java:addTable(117)) - using custom profile for table: revokedCerts
2019-10-15 01:03:15,006 [main] INFO  db.DBStoreBuilder (DBStoreBuilder.java:processTables(168)) - Using default column profile:DBProfile.DISK for Table:revokedCerts
2019-10-15 01:03:15,007 [main] INFO  db.DBStoreBuilder (DBStoreBuilder.java:addTable(117)) - using custom profile for table: default
2019-10-15 01:03:15,007 [main] INFO  db.DBStoreBuilder (DBStoreBuilder.java:processTables(174)) - Using default column profile:DBProfile.DISK for Table:default
2019-10-15 01:03:15,007 [main] INFO  db.DBStoreBuilder (DBStoreBuilder.java:getDbProfile(205)) - Using default options. DBProfile.DISK
2019-10-15 01:03:15,166 [main] INFO  net.NodeSchemaLoader (NodeSchemaLoader.java:loadSchemaFromFile(125)) - Loading file from sun.misc.CompoundEnumeration@72ecbcb3
2019-10-15 01:03:15,166 [main] INFO  net.NodeSchemaLoader (NodeSchemaLoader.java:loadSchema(171)) - Loading network topology layer schema file
2019-10-15 01:03:15,173 [main] WARN  server.ServerUtils (ServerUtils.java:sanitizeUserArgs(70)) - ozone.scm.stale.node.interval value = 300000 is larger than max = 100000 based on the key value of ozone.scm.heartbeat.thread.interval, reset to the max value 100000.
2019-10-15 01:03:15,174 [main] WARN  server.ServerUtils (ServerUtils.java:sanitizeUserArgs(70)) - ozone.scm.stale.node.interval value = 300000 is larger than max = 100000 based on the key value of ozone.scm.heartbeat.thread.interval, reset to the max value 100000.
2019-10-15 01:03:15,174 [main] INFO  node.SCMNodeManager (SCMNodeManager.java:<init>(116)) - Entering startup safe mode.
2019-10-15 01:03:15,175 [main] INFO  algorithms.ContainerPlacementPolicyFactory (ContainerPlacementPolicyFactory.java:getPolicy(57)) - Create container placement policy of type org.apache.hadoop.hdds.scm.container.placement.algorithms.SCMContainerPlacementRandom
2019-10-15 01:03:15,176 [main] WARN  server.ServerUtils (ServerUtils.java:getScmDbDir(145)) - ozone.scm.db.dirs is not configured. We recommend adding this setting. Falling back to ozone.metadata.dirs instead.
2019-10-15 01:03:15,226 [main] INFO  pipeline.SCMPipelineManager (SCMPipelineManager.java:initializePipelineState(132)) - No pipeline exists in current db
2019-10-15 01:03:15,226 [main] WARN  server.ServerUtils (ServerUtils.java:getScmDbDir(145)) - ozone.scm.db.dirs is not configured. We recommend adding this setting. Falling back to ozone.metadata.dirs instead.
2019-10-15 01:03:15,261 [main] WARN  events.EventQueue (EventQueue.java:fireEvent(183)) - No event handler registered for event TypedEvent{payloadType=SafeModeStatus, name='SafeModeStatus'}
2019-10-15 01:03:15,262 [main] INFO  ipc.CallQueueManager (CallQueueManager.java:<init>(84)) - Using callQueue: class java.util.concurrent.LinkedBlockingQueue, queueCapacity: 2000, scheduler: class org.apache.hadoop.ipc.DefaultRpcScheduler, ipcBackoff: false.
2019-10-15 01:03:15,263 [Socket Reader #1 for port 36171] INFO  ipc.Server (Server.java:run(1074)) - Starting Socket Reader #1 for port 36171
2019-10-15 01:03:15,267 [main] INFO  ipc.CallQueueManager (CallQueueManager.java:<init>(84)) - Using callQueue: class java.util.concurrent.LinkedBlockingQueue, queueCapacity: 2000, scheduler: class org.apache.hadoop.ipc.DefaultRpcScheduler, ipcBackoff: false.
2019-10-15 01:03:15,268 [Socket Reader #1 for port 35716] INFO  ipc.Server (Server.java:run(1074)) - Starting Socket Reader #1 for port 35716
2019-10-15 01:03:15,271 [main] INFO  ipc.CallQueueManager (CallQueueManager.java:<init>(84)) - Using callQueue: class java.util.concurrent.LinkedBlockingQueue, queueCapacity: 2000, scheduler: class org.apache.hadoop.ipc.DefaultRpcScheduler, ipcBackoff: false.
2019-10-15 01:03:15,272 [Socket Reader #1 for port 45789] INFO  ipc.Server (Server.java:run(1074)) - Starting Socket Reader #1 for port 45789
2019-10-15 01:03:15,276 [main] INFO  hdfs.DFSUtil (DFSUtil.java:httpServerTemplateForNNAndJN(1641)) - Starting Web-server for scm at: http://0.0.0.0:0
2019-10-15 01:03:15,278 [main] INFO  server.AuthenticationFilter (AuthenticationFilter.java:constructSecretProvider(240)) - Unable to initialize FileSignerSecretProvider, falling back to use random secrets.
2019-10-15 01:03:15,279 [main] WARN  http.HttpRequestLog (HttpRequestLog.java:getRequestLog(97)) - Jetty request log can only be enabled using Log4j
2019-10-15 01:03:15,281 [main] INFO  http.HttpServer2 (HttpServer2.java:addGlobalFilter(975)) - Added global filter 'safety' (class=org.apache.hadoop.http.HttpServer2$QuotingInputFilter)
2019-10-15 01:03:15,282 [main] INFO  http.HttpServer2 (HttpServer2.java:addFilter(948)) - Added filter static_user_filter (class=org.apache.hadoop.http.lib.StaticUserWebFilter$StaticUserFilter) to context scm
2019-10-15 01:03:15,282 [main] INFO  http.HttpServer2 (HttpServer2.java:addFilter(958)) - Added filter static_user_filter (class=org.apache.hadoop.http.lib.StaticUserWebFilter$StaticUserFilter) to context logs
2019-10-15 01:03:15,282 [main] INFO  http.HttpServer2 (HttpServer2.java:addFilter(958)) - Added filter static_user_filter (class=org.apache.hadoop.http.lib.StaticUserWebFilter$StaticUserFilter) to context static
2019-10-15 01:03:15,285 [main] INFO  server.StorageContainerManager (StorageContainerManager.java:start(772)) - StorageContainerLocationProtocol RPC server is listening at /0.0.0.0:45789
2019-10-15 01:03:15,287 [main] WARN  impl.MetricsConfig (MetricsConfig.java:loadFirst(134)) - Cannot locate configuration: tried hadoop-metrics2-storagecontainermanager.properties,hadoop-metrics2.properties
2019-10-15 01:03:15,288 [main] INFO  impl.MetricsSystemImpl (MetricsSystemImpl.java:startTimer(374)) - Scheduled Metric snapshot period at 10 second(s).
2019-10-15 01:03:15,288 [main] INFO  impl.MetricsSystemImpl (MetricsSystemImpl.java:start(191)) - StorageContainerManager metrics system started
2019-10-15 01:03:15,600 [main] WARN  impl.MetricsSystemImpl (MetricsSystemImpl.java:register(276)) - Sink prometheus already exists!
2019-10-15 01:03:15,884 [main] INFO  server.SCMClientProtocolServer (SCMClientProtocolServer.java:start(159)) - RPC server for Client  is listening at /0.0.0.0:45789
2019-10-15 01:03:15,885 [IPC Server Responder] INFO  ipc.Server (Server.java:run(1314)) - IPC Server Responder: starting
2019-10-15 01:03:15,885 [IPC Server listener on 45789] INFO  ipc.Server (Server.java:run(1153)) - IPC Server listener on 45789: starting
2019-10-15 01:03:15,894 [main] INFO  server.StorageContainerManager (StorageContainerManager.java:start(782)) - ScmBlockLocationProtocol RPC server is listening at /0.0.0.0:35716
2019-10-15 01:03:15,895 [main] INFO  server.SCMBlockProtocolServer (SCMBlockProtocolServer.java:start(146)) - RPC server for Block Protocol is listening at /0.0.0.0:35716
2019-10-15 01:03:15,895 [IPC Server Responder] INFO  ipc.Server (Server.java:run(1314)) - IPC Server Responder: starting
2019-10-15 01:03:15,895 [IPC Server listener on 35716] INFO  ipc.Server (Server.java:run(1153)) - IPC Server listener on 35716: starting
2019-10-15 01:03:15,909 [main] INFO  server.StorageContainerManager (StorageContainerManager.java:start(786)) - ScmDatanodeProtocl RPC server is listening at /0.0.0.0:36171
2019-10-15 01:03:15,909 [main] INFO  server.SCMDatanodeProtocolServer (SCMDatanodeProtocolServer.java:start(169)) - RPC server for DataNodes is listening at /0.0.0.0:36171
2019-10-15 01:03:15,910 [IPC Server Responder] INFO  ipc.Server (Server.java:run(1314)) - IPC Server Responder: starting
2019-10-15 01:03:15,910 [IPC Server listener on 36171] INFO  ipc.Server (Server.java:run(1153)) - IPC Server listener on 36171: starting
2019-10-15 01:03:15,916 [main] INFO  http.HttpServer2 (HttpServer2.java:bindListener(1191)) - Jetty bound to port 44023
2019-10-15 01:03:15,916 [main] INFO  server.Server (Server.java:doStart(351)) - jetty-9.3.25.v20180904, build timestamp: 2018-09-04T21:11:46Z, git hash: 3ce520221d0240229c862b122d2b06c12a625732
2019-10-15 01:03:15,918 [main] INFO  handler.ContextHandler (ContextHandler.java:doStart(781)) - Started o.e.j.s.ServletContextHandler@7abeabe9{/logs,file:///workdir/hadoop-ozone/integration-test/target/log,AVAILABLE}
2019-10-15 01:03:15,918 [main] INFO  handler.ContextHandler (ContextHandler.java:doStart(781)) - Started o.e.j.s.ServletContextHandler@1b52699c{/static,file:///workdir/hadoop-ozone/integration-test/target/test-classes/webapps/static,AVAILABLE}
2019-10-15 01:03:15,922 [main] INFO  handler.ContextHandler (ContextHandler.java:doStart(781)) - Started o.e.j.w.WebAppContext@353e6389{/,file:///workdir/hadoop-ozone/integration-test/target/test-classes/webapps/scm/,AVAILABLE}{/scm}
2019-10-15 01:03:15,922 [main] INFO  server.AbstractConnector (AbstractConnector.java:doStart(278)) - Started ServerConnector@15e8f9b2{HTTP/1.1,[http/1.1]}{0.0.0.0:44023}
2019-10-15 01:03:15,925 [main] INFO  server.Server (Server.java:doStart(419)) - Started @221790ms
2019-10-15 01:03:15,925 [main] WARN  impl.MetricsSystemImpl (MetricsSystemImpl.java:register(276)) - Sink prometheus already exists!
2019-10-15 01:03:15,926 [main] INFO  server.BaseHttpServer (BaseHttpServer.java:updateConnectorAddress(215)) - HTTP server of SCM is listening at http://0.0.0.0:44023
2019-10-15 01:03:15,926 [main] WARN  server.ServerUtils (ServerUtils.java:getDBPath(222)) - ozone.om.db.dirs is not configured. We recommend adding this setting. Falling back to ozone.metadata.dirs instead.
2019-10-15 01:03:15,928 [org.apache.hadoop.util.JvmPauseMonitor$Monitor@7c950b3b] INFO  util.JvmPauseMonitor (JvmPauseMonitor.java:run(188)) - Starting JVM pause monitor
2019-10-15 01:03:15,942 [main] INFO  ha.OMHANodeDetails (OMHANodeDetails.java:loadOMHAConfig(190)) - Configuration either no ozone.om.address set. Falling back to the default OM address /127.0.0.1:0
2019-10-15 01:03:15,942 [main] INFO  ha.OMHANodeDetails (OMHANodeDetails.java:getOMNodeDetails(220)) - OM Service ID is not set. Setting it to the default ID: omServiceIdDefault
2019-10-15 01:03:15,942 [main] WARN  server.ServerUtils (ServerUtils.java:getDBPath(222)) - ozone.om.db.dirs is not configured. We recommend adding this setting. Falling back to ozone.metadata.dirs instead.
2019-10-15 01:03:15,943 [main] WARN  server.ServerUtils (ServerUtils.java:getDBPath(222)) - ozone.om.db.dirs is not configured. We recommend adding this setting. Falling back to ozone.metadata.dirs instead.
2019-10-15 01:03:15,951 [main] WARN  server.ServerUtils (ServerUtils.java:getDBPath(222)) - ozone.om.db.dirs is not configured. We recommend adding this setting. Falling back to ozone.metadata.dirs instead.
2019-10-15 01:03:15,953 [main] INFO  db.DBStoreBuilder (DBStoreBuilder.java:addTable(117)) - using custom profile for table: userTable
2019-10-15 01:03:15,954 [main] INFO  db.DBStoreBuilder (DBStoreBuilder.java:processTables(168)) - Using default column profile:DBProfile.DISK for Table:userTable
2019-10-15 01:03:15,957 [main] INFO  db.DBStoreBuilder (DBStoreBuilder.java:addTable(117)) - using custom profile for table: volumeTable
2019-10-15 01:03:15,958 [main] INFO  db.DBStoreBuilder (DBStoreBuilder.java:processTables(168)) - Using default column profile:DBProfile.DISK for Table:volumeTable
2019-10-15 01:03:15,958 [main] INFO  db.DBStoreBuilder (DBStoreBuilder.java:addTable(117)) - using custom profile for table: bucketTable
2019-10-15 01:03:15,958 [main] INFO  db.DBStoreBuilder (DBStoreBuilder.java:processTables(168)) - Using default column profile:DBProfile.DISK for Table:bucketTable
2019-10-15 01:03:15,958 [main] INFO  db.DBStoreBuilder (DBStoreBuilder.java:addTable(117)) - using custom profile for table: keyTable
2019-10-15 01:03:15,958 [main] INFO  db.DBStoreBuilder (DBStoreBuilder.java:processTables(168)) - Using default column profile:DBProfile.DISK for Table:keyTable
2019-10-15 01:03:15,959 [main] INFO  db.DBStoreBuilder (DBStoreBuilder.java:addTable(117)) - using custom profile for table: deletedTable
2019-10-15 01:03:15,959 [main] INFO  db.DBStoreBuilder (DBStoreBuilder.java:processTables(168)) - Using default column profile:DBProfile.DISK for Table:deletedTable
2019-10-15 01:03:15,959 [main] INFO  db.DBStoreBuilder (DBStoreBuilder.java:addTable(117)) - using custom profile for table: openKeyTable
2019-10-15 01:03:15,959 [main] INFO  db.DBStoreBuilder (DBStoreBuilder.java:processTables(168)) - Using default column profile:DBProfile.DISK for Table:openKeyTable
2019-10-15 01:03:15,959 [main] INFO  db.DBStoreBuilder (DBStoreBuilder.java:addTable(117)) - using custom profile for table: s3Table
2019-10-15 01:03:15,959 [main] INFO  db.DBStoreBuilder (DBStoreBuilder.java:processTables(168)) - Using default column profile:DBProfile.DISK for Table:s3Table
2019-10-15 01:03:15,960 [main] INFO  db.DBStoreBuilder (DBStoreBuilder.java:addTable(117)) - using custom profile for table: multipartInfoTable
2019-10-15 01:03:15,960 [main] INFO  db.DBStoreBuilder (DBStoreBuilder.java:processTables(168)) - Using default column profile:DBProfile.DISK for Table:multipartInfoTable
2019-10-15 01:03:15,960 [main] INFO  db.DBStoreBuilder (DBStoreBuilder.java:addTable(117)) - using custom profile for table: dTokenTable
2019-10-15 01:03:15,960 [main] INFO  db.DBStoreBuilder (DBStoreBuilder.java:processTables(168)) - Using default column profile:DBProfile.DISK for Table:dTokenTable
2019-10-15 01:03:15,960 [main] INFO  db.DBStoreBuilder (DBStoreBuilder.java:addTable(117)) - using custom profile for table: s3SecretTable
2019-10-15 01:03:15,960 [main] INFO  db.DBStoreBuilder (DBStoreBuilder.java:processTables(168)) - Using default column profile:DBProfile.DISK for Table:s3SecretTable
2019-10-15 01:03:15,961 [main] INFO  db.DBStoreBuilder (DBStoreBuilder.java:addTable(117)) - using custom profile for table: prefixTable
2019-10-15 01:03:15,961 [main] INFO  db.DBStoreBuilder (DBStoreBuilder.java:processTables(168)) - Using default column profile:DBProfile.DISK for Table:prefixTable
2019-10-15 01:03:15,961 [main] INFO  db.DBStoreBuilder (DBStoreBuilder.java:addTable(117)) - using custom profile for table: default
2019-10-15 01:03:15,961 [main] INFO  db.DBStoreBuilder (DBStoreBuilder.java:processTables(174)) - Using default column profile:DBProfile.DISK for Table:default
2019-10-15 01:03:15,961 [main] INFO  db.DBStoreBuilder (DBStoreBuilder.java:getDbProfile(205)) - Using default options. DBProfile.DISK
2019-10-15 01:03:16,343 [main] INFO  ipc.CallQueueManager (CallQueueManager.java:<init>(84)) - Using callQueue: class java.util.concurrent.LinkedBlockingQueue, queueCapacity: 2000, scheduler: class org.apache.hadoop.ipc.DefaultRpcScheduler, ipcBackoff: false.
2019-10-15 01:03:16,345 [Socket Reader #1 for port 38708] INFO  ipc.Server (Server.java:run(1074)) - Starting Socket Reader #1 for port 38708
2019-10-15 01:03:16,362 [main] INFO  om.OzoneManager (OzoneManager.java:start(1074)) - OzoneManager RPC server is listening at localhost/127.0.0.1:38708
2019-10-15 01:03:16,363 [main] INFO  impl.MetricsSystemImpl (MetricsSystemImpl.java:init(158)) - OzoneManager metrics system started (again)
2019-10-15 01:03:16,365 [IPC Server Responder] INFO  ipc.Server (Server.java:run(1314)) - IPC Server Responder: starting
2019-10-15 01:03:16,366 [IPC Server listener on 38708] INFO  ipc.Server (Server.java:run(1153)) - IPC Server listener on 38708: starting
2019-10-15 01:03:16,371 [main] INFO  hdfs.DFSUtil (DFSUtil.java:httpServerTemplateForNNAndJN(1641)) - Starting Web-server for ozoneManager at: http://0.0.0.0:0
2019-10-15 01:03:16,372 [main] INFO  server.AuthenticationFilter (AuthenticationFilter.java:constructSecretProvider(240)) - Unable to initialize FileSignerSecretProvider, falling back to use random secrets.
2019-10-15 01:03:16,373 [main] WARN  http.HttpRequestLog (HttpRequestLog.java:getRequestLog(97)) - Jetty request log can only be enabled using Log4j
2019-10-15 01:03:16,374 [main] INFO  http.HttpServer2 (HttpServer2.java:addGlobalFilter(975)) - Added global filter 'safety' (class=org.apache.hadoop.http.HttpServer2$QuotingInputFilter)
2019-10-15 01:03:16,374 [main] INFO  http.HttpServer2 (HttpServer2.java:addFilter(948)) - Added filter static_user_filter (class=org.apache.hadoop.http.lib.StaticUserWebFilter$StaticUserFilter) to context ozoneManager
2019-10-15 01:03:16,375 [main] INFO  http.HttpServer2 (HttpServer2.java:addFilter(958)) - Added filter static_user_filter (class=org.apache.hadoop.http.lib.StaticUserWebFilter$StaticUserFilter) to context static
2019-10-15 01:03:16,375 [main] INFO  http.HttpServer2 (HttpServer2.java:addFilter(958)) - Added filter static_user_filter (class=org.apache.hadoop.http.lib.StaticUserWebFilter$StaticUserFilter) to context logs
2019-10-15 01:03:16,375 [main] INFO  http.HttpServer2 (HttpServer2.java:bindListener(1191)) - Jetty bound to port 40559
2019-10-15 01:03:16,376 [main] INFO  server.Server (Server.java:doStart(351)) - jetty-9.3.25.v20180904, build timestamp: 2018-09-04T21:11:46Z, git hash: 3ce520221d0240229c862b122d2b06c12a625732
2019-10-15 01:03:16,377 [main] INFO  handler.ContextHandler (ContextHandler.java:doStart(781)) - Started o.e.j.s.ServletContextHandler@391d1e33{/logs,file:///workdir/hadoop-ozone/integration-test/target/log,AVAILABLE}
2019-10-15 01:03:16,378 [main] INFO  handler.ContextHandler (ContextHandler.java:doStart(781)) - Started o.e.j.s.ServletContextHandler@2871ac91{/static,file:///workdir/hadoop-ozone/integration-test/target/test-classes/webapps/static,AVAILABLE}
2019-10-15 01:03:16,382 [main] INFO  handler.ContextHandler (ContextHandler.java:doStart(781)) - Started o.e.j.w.WebAppContext@443a06ad{/,file:///workdir/hadoop-ozone/integration-test/target/test-classes/webapps/ozoneManager/,AVAILABLE}{/ozoneManager}
2019-10-15 01:03:16,382 [main] INFO  server.AbstractConnector (AbstractConnector.java:doStart(278)) - Started ServerConnector@6ddd1c51{HTTP/1.1,[http/1.1]}{0.0.0.0:40559}
2019-10-15 01:03:16,384 [main] INFO  server.Server (Server.java:doStart(419)) - Started @222249ms
2019-10-15 01:03:16,384 [main] WARN  impl.MetricsSystemImpl (MetricsSystemImpl.java:register(276)) - Sink prometheus already exists!
2019-10-15 01:03:16,384 [main] INFO  server.BaseHttpServer (BaseHttpServer.java:updateConnectorAddress(215)) - HTTP server of OZONEMANAGER is listening at http://0.0.0.0:40559
2019-10-15 01:03:16,398 [main] INFO  impl.MetricsSystemImpl (MetricsSystemImpl.java:init(158)) - HddsDatanode metrics system started (again)
2019-10-15 01:03:16,415 [main] INFO  ozone.HddsDatanodeService (HddsDatanodeService.java:start(184)) - HddsDatanodeService host:pr-hdds-2181-4tb7b-1429657930 ip:192.168.30.62
2019-10-15 01:03:16,423 [main] INFO  volume.HddsVolume (HddsVolume.java:<init>(176)) - Creating Volume: /workdir/hadoop-ozone/integration-test/target/test-dir/MiniOzoneClusterImpl-f18b4a30-c446-476a-8bef-798fb19dae38/datanode-0/data/containers/hdds of  storage type : DISK and capacity : 1482555576320
2019-10-15 01:03:16,423 [main] INFO  volume.VolumeSet (VolumeSet.java:initializeVolumeSet(170)) - Added Volume : /workdir/hadoop-ozone/integration-test/target/test-dir/MiniOzoneClusterImpl-f18b4a30-c446-476a-8bef-798fb19dae38/datanode-0/data/containers/hdds to VolumeSet
2019-10-15 01:03:16,424 [main] INFO  volume.ThrottledAsyncChecker (ThrottledAsyncChecker.java:schedule(141)) - Scheduling a check for org.apache.hadoop.ozone.container.common.volume.HddsVolume@515ab3f2
2019-10-15 01:03:16,424 [main] INFO  volume.HddsVolumeChecker (HddsVolumeChecker.java:checkAllVolumes(204)) - Scheduled health check for volume org.apache.hadoop.ozone.container.common.volume.HddsVolume@515ab3f2
2019-10-15 01:03:16,438 [main] INFO  impl.RaftServerProxy (ConfUtils.java:logGet(43)) - raft.rpc.type = GRPC (default)
2019-10-15 01:03:16,438 [main] INFO  grpc.GrpcFactory (GrpcFactory.java:checkPooledByteBufAllocatorUseCacheForAllThreads(45)) - PERFORMANCE WARNING: useCacheForAllThreads is true that may cause Netty to create a lot garbage objects and, as a result, trigger GC.
	It is recommended to disable useCacheForAllThreads by setting -Dorg.apache.ratis.thirdparty.io.netty.allocator.useCacheForAllThreads=false in command line.
2019-10-15 01:03:16,438 [main] INFO  grpc.GrpcConfigKeys$Server (ConfUtils.java:logGet(43)) - raft.grpc.server.port = 0 (default)
2019-10-15 01:03:16,438 [main] INFO  server.GrpcService (ConfUtils.java:logGet(43)) - raft.grpc.message.size.max = 33570816 (custom)
2019-10-15 01:03:16,438 [main] INFO  server.RaftServerConfigKeys (ConfUtils.java:logGet(43)) - raft.server.log.appender.buffer.byte-limit = 33554432 (custom)
2019-10-15 01:03:16,438 [main] INFO  server.GrpcService (ConfUtils.java:logGet(43)) - raft.grpc.flow.control.window = 1MB (=1048576) (default)
2019-10-15 01:03:16,439 [main] INFO  server.RaftServerConfigKeys (ConfUtils.java:logGet(43)) - raft.server.rpc.request.timeout = 3000ms (default)
2019-10-15 01:03:16,439 [main] INFO  server.RaftServerConfigKeys (ConfUtils.java:logGet(43)) - raft.server.storage.dir = [/workdir/hadoop-ozone/integration-test/target/test-dir/MiniOzoneClusterImpl-f18b4a30-c446-476a-8bef-798fb19dae38/datanode-0/data/ratis] (custom)
2019-10-15 01:03:16,440 [main] INFO  hdfs.DFSUtil (DFSUtil.java:httpServerTemplateForNNAndJN(1641)) - Starting Web-server for hddsDatanode at: http://0.0.0.0:0
2019-10-15 01:03:16,441 [main] INFO  server.AuthenticationFilter (AuthenticationFilter.java:constructSecretProvider(240)) - Unable to initialize FileSignerSecretProvider, falling back to use random secrets.
2019-10-15 01:03:16,442 [main] WARN  http.HttpRequestLog (HttpRequestLog.java:getRequestLog(97)) - Jetty request log can only be enabled using Log4j
2019-10-15 01:03:16,443 [main] INFO  http.HttpServer2 (HttpServer2.java:addGlobalFilter(975)) - Added global filter 'safety' (class=org.apache.hadoop.http.HttpServer2$QuotingInputFilter)
2019-10-15 01:03:16,444 [main] INFO  http.HttpServer2 (HttpServer2.java:addFilter(948)) - Added filter static_user_filter (class=org.apache.hadoop.http.lib.StaticUserWebFilter$StaticUserFilter) to context hddsDatanode
2019-10-15 01:03:16,444 [main] INFO  http.HttpServer2 (HttpServer2.java:addFilter(958)) - Added filter static_user_filter (class=org.apache.hadoop.http.lib.StaticUserWebFilter$StaticUserFilter) to context static
2019-10-15 01:03:16,444 [main] INFO  http.HttpServer2 (HttpServer2.java:addFilter(958)) - Added filter static_user_filter (class=org.apache.hadoop.http.lib.StaticUserWebFilter$StaticUserFilter) to context logs
2019-10-15 01:03:16,444 [main] INFO  http.HttpServer2 (HttpServer2.java:bindListener(1191)) - Jetty bound to port 42909
2019-10-15 01:03:16,445 [main] INFO  server.Server (Server.java:doStart(351)) - jetty-9.3.25.v20180904, build timestamp: 2018-09-04T21:11:46Z, git hash: 3ce520221d0240229c862b122d2b06c12a625732
2019-10-15 01:03:16,446 [main] INFO  handler.ContextHandler (ContextHandler.java:doStart(781)) - Started o.e.j.s.ServletContextHandler@6c951ada{/logs,file:///workdir/hadoop-ozone/integration-test/target/log,AVAILABLE}
2019-10-15 01:03:16,447 [main] INFO  handler.ContextHandler (ContextHandler.java:doStart(781)) - Started o.e.j.s.ServletContextHandler@3b0d3a63{/static,jar:file:/home/user/.m2/repository/org/apache/hadoop/hadoop-hdds-container-service/0.5.0-SNAPSHOT/hadoop-hdds-container-service-0.5.0-SNAPSHOT.jar!/webapps/static,AVAILABLE}
2019-10-15 01:03:16,475 [main] INFO  handler.ContextHandler (ContextHandler.java:doStart(781)) - Started o.e.j.w.WebAppContext@578a5ce8{/,file:///tmp/jetty-0.0.0.0-42909-hddsDatanode-_-any-7090779955107976371.dir/webapp/,AVAILABLE}{/hddsDatanode}
2019-10-15 01:03:16,475 [main] INFO  server.AbstractConnector (AbstractConnector.java:doStart(278)) - Started ServerConnector@7c453c34{HTTP/1.1,[http/1.1]}{0.0.0.0:42909}
2019-10-15 01:03:16,478 [main] INFO  server.Server (Server.java:doStart(419)) - Started @222343ms
2019-10-15 01:03:16,478 [main] WARN  impl.MetricsSystemImpl (MetricsSystemImpl.java:register(276)) - Sink prometheus already exists!
2019-10-15 01:03:16,479 [main] INFO  server.BaseHttpServer (BaseHttpServer.java:updateConnectorAddress(215)) - HTTP server of HDDSDATANODE is listening at http://0.0.0.0:42909
2019-10-15 01:03:16,479 [main] INFO  impl.MetricsSystemImpl (MetricsSystemImpl.java:init(158)) - HddsDatanode metrics system started (again)
2019-10-15 01:03:16,496 [org.apache.hadoop.util.JvmPauseMonitor$Monitor@64b91c44] INFO  util.JvmPauseMonitor (JvmPauseMonitor.java:run(188)) - Starting JVM pause monitor
2019-10-15 01:03:16,498 [main] INFO  ozone.HddsDatanodeService (HddsDatanodeService.java:start(184)) - HddsDatanodeService host:pr-hdds-2181-4tb7b-1429657930 ip:192.168.30.62
2019-10-15 01:03:16,499 [Datanode State Machine Thread - 0] INFO  datanode.InitDatanodeState (InitDatanodeState.java:persistContainerDatanodeDetails(140)) - DatanodeDetails is persisted to /workdir/hadoop-ozone/integration-test/target/test-dir/MiniOzoneClusterImpl-f18b4a30-c446-476a-8bef-798fb19dae38/datanode-0/meta/datanode.id
2019-10-15 01:03:16,506 [main] INFO  volume.HddsVolume (HddsVolume.java:<init>(176)) - Creating Volume: /workdir/hadoop-ozone/integration-test/target/test-dir/MiniOzoneClusterImpl-f18b4a30-c446-476a-8bef-798fb19dae38/datanode-1/data/containers/hdds of  storage type : DISK and capacity : 1482555576320
2019-10-15 01:03:16,506 [main] INFO  volume.VolumeSet (VolumeSet.java:initializeVolumeSet(170)) - Added Volume : /workdir/hadoop-ozone/integration-test/target/test-dir/MiniOzoneClusterImpl-f18b4a30-c446-476a-8bef-798fb19dae38/datanode-1/data/containers/hdds to VolumeSet
2019-10-15 01:03:16,507 [main] INFO  volume.ThrottledAsyncChecker (ThrottledAsyncChecker.java:schedule(141)) - Scheduling a check for org.apache.hadoop.ozone.container.common.volume.HddsVolume@2313db84
2019-10-15 01:03:16,507 [main] INFO  volume.HddsVolumeChecker (HddsVolumeChecker.java:checkAllVolumes(204)) - Scheduled health check for volume org.apache.hadoop.ozone.container.common.volume.HddsVolume@2313db84
2019-10-15 01:03:16,525 [main] INFO  impl.RaftServerProxy (ConfUtils.java:logGet(43)) - raft.rpc.type = GRPC (default)
2019-10-15 01:03:16,525 [main] INFO  grpc.GrpcFactory (GrpcFactory.java:checkPooledByteBufAllocatorUseCacheForAllThreads(45)) - PERFORMANCE WARNING: useCacheForAllThreads is true that may cause Netty to create a lot garbage objects and, as a result, trigger GC.
	It is recommended to disable useCacheForAllThreads by setting -Dorg.apache.ratis.thirdparty.io.netty.allocator.useCacheForAllThreads=false in command line.
2019-10-15 01:03:16,526 [main] INFO  grpc.GrpcConfigKeys$Server (ConfUtils.java:logGet(43)) - raft.grpc.server.port = 0 (default)
2019-10-15 01:03:16,526 [main] INFO  server.GrpcService (ConfUtils.java:logGet(43)) - raft.grpc.message.size.max = 33570816 (custom)
2019-10-15 01:03:16,526 [main] INFO  server.RaftServerConfigKeys (ConfUtils.java:logGet(43)) - raft.server.log.appender.buffer.byte-limit = 33554432 (custom)
2019-10-15 01:03:16,526 [main] INFO  server.GrpcService (ConfUtils.java:logGet(43)) - raft.grpc.flow.control.window = 1MB (=1048576) (default)
2019-10-15 01:03:16,527 [main] INFO  server.RaftServerConfigKeys (ConfUtils.java:logGet(43)) - raft.server.rpc.request.timeout = 3000ms (default)
2019-10-15 01:03:16,527 [main] INFO  server.RaftServerConfigKeys (ConfUtils.java:logGet(43)) - raft.server.storage.dir = [/workdir/hadoop-ozone/integration-test/target/test-dir/MiniOzoneClusterImpl-f18b4a30-c446-476a-8bef-798fb19dae38/datanode-1/data/ratis] (custom)
2019-10-15 01:03:16,528 [main] INFO  hdfs.DFSUtil (DFSUtil.java:httpServerTemplateForNNAndJN(1641)) - Starting Web-server for hddsDatanode at: http://0.0.0.0:0
2019-10-15 01:03:16,530 [main] INFO  server.AuthenticationFilter (AuthenticationFilter.java:constructSecretProvider(240)) - Unable to initialize FileSignerSecretProvider, falling back to use random secrets.
2019-10-15 01:03:16,531 [main] WARN  http.HttpRequestLog (HttpRequestLog.java:getRequestLog(97)) - Jetty request log can only be enabled using Log4j
2019-10-15 01:03:16,533 [main] INFO  http.HttpServer2 (HttpServer2.java:addGlobalFilter(975)) - Added global filter 'safety' (class=org.apache.hadoop.http.HttpServer2$QuotingInputFilter)
2019-10-15 01:03:16,533 [main] INFO  http.HttpServer2 (HttpServer2.java:addFilter(948)) - Added filter static_user_filter (class=org.apache.hadoop.http.lib.StaticUserWebFilter$StaticUserFilter) to context hddsDatanode
2019-10-15 01:03:16,534 [main] INFO  http.HttpServer2 (HttpServer2.java:addFilter(958)) - Added filter static_user_filter (class=org.apache.hadoop.http.lib.StaticUserWebFilter$StaticUserFilter) to context logs
2019-10-15 01:03:16,534 [main] INFO  http.HttpServer2 (HttpServer2.java:addFilter(958)) - Added filter static_user_filter (class=org.apache.hadoop.http.lib.StaticUserWebFilter$StaticUserFilter) to context static
2019-10-15 01:03:16,535 [main] INFO  http.HttpServer2 (HttpServer2.java:bindListener(1191)) - Jetty bound to port 45804
2019-10-15 01:03:16,535 [main] INFO  server.Server (Server.java:doStart(351)) - jetty-9.3.25.v20180904, build timestamp: 2018-09-04T21:11:46Z, git hash: 3ce520221d0240229c862b122d2b06c12a625732
2019-10-15 01:03:16,537 [main] INFO  handler.ContextHandler (ContextHandler.java:doStart(781)) - Started o.e.j.s.ServletContextHandler@252ec02e{/logs,file:///workdir/hadoop-ozone/integration-test/target/log,AVAILABLE}
2019-10-15 01:03:16,537 [main] INFO  handler.ContextHandler (ContextHandler.java:doStart(781)) - Started o.e.j.s.ServletContextHandler@74f280bd{/static,jar:file:/home/user/.m2/repository/org/apache/hadoop/hadoop-hdds-container-service/0.5.0-SNAPSHOT/hadoop-hdds-container-service-0.5.0-SNAPSHOT.jar!/webapps/static,AVAILABLE}
2019-10-15 01:03:16,563 [Thread-2205] INFO  client.GrpcClientProtocolService (GrpcClientProtocolService.java:lambda$processClientRequest$0(278)) - Failed RaftClientRequest:client-CA9CEE738207->c8fa587d-1a82-4196-bd9f-b9c6b166c070@group-DF31B5A3C09F, cid=68, seq=0, Watch-MAJORITY_COMMITTED(43), Message:<EMPTY>, reply=RaftClientReply:client-CA9CEE738207->c8fa587d-1a82-4196-bd9f-b9c6b166c070@group-DF31B5A3C09F, cid=68, FAILED org.apache.ratis.protocol.NotReplicatedException: Request with call Id 68 and log index 43 is not yet replicated to MAJORITY_COMMITTED, logIndex=43, commits[c8fa587d-1a82-4196-bd9f-b9c6b166c070:c2, d1fe838a-d6b9-4181-abdf-8d55bca94856:c2, 62da231e-6706-4024-9d76-a7730eed6ee2:c2]
2019-10-15 01:03:16,563 [Thread-2206] INFO  client.GrpcClientProtocolService (GrpcClientProtocolService.java:lambda$processClientRequest$0(278)) - Failed RaftClientRequest:client-CA9CEE738207->c8fa587d-1a82-4196-bd9f-b9c6b166c070@group-DF31B5A3C09F, cid=67, seq=0, Watch-ALL_COMMITTED(43), Message:<EMPTY>, reply=RaftClientReply:client-CA9CEE738207->c8fa587d-1a82-4196-bd9f-b9c6b166c070@group-DF31B5A3C09F, cid=67, FAILED org.apache.ratis.protocol.NotReplicatedException: Request with call Id 67 and log index 43 is not yet replicated to ALL_COMMITTED, logIndex=43, commits[c8fa587d-1a82-4196-bd9f-b9c6b166c070:c2, d1fe838a-d6b9-4181-abdf-8d55bca94856:c2, 62da231e-6706-4024-9d76-a7730eed6ee2:c2]
2019-10-15 01:03:16,580 [main] INFO  handler.ContextHandler (ContextHandler.java:doStart(781)) - Started o.e.j.w.WebAppContext@2c9306d3{/,file:///tmp/jetty-0.0.0.0-45804-hddsDatanode-_-any-6374967951119660055.dir/webapp/,AVAILABLE}{/hddsDatanode}
2019-10-15 01:03:16,581 [main] INFO  server.AbstractConnector (AbstractConnector.java:doStart(278)) - Started ServerConnector@4270b142{HTTP/1.1,[http/1.1]}{0.0.0.0:45804}
2019-10-15 01:03:16,584 [main] INFO  server.Server (Server.java:doStart(419)) - Started @222449ms
2019-10-15 01:03:16,584 [main] WARN  impl.MetricsSystemImpl (MetricsSystemImpl.java:register(276)) - Sink prometheus already exists!
2019-10-15 01:03:16,585 [main] INFO  server.BaseHttpServer (BaseHttpServer.java:updateConnectorAddress(215)) - HTTP server of HDDSDATANODE is listening at http://0.0.0.0:45804
2019-10-15 01:03:16,585 [main] INFO  impl.MetricsSystemImpl (MetricsSystemImpl.java:init(158)) - HddsDatanode metrics system started (again)
2019-10-15 01:03:16,603 [org.apache.hadoop.util.JvmPauseMonitor$Monitor@5ecd6488] INFO  util.JvmPauseMonitor (JvmPauseMonitor.java:run(188)) - Starting JVM pause monitor
2019-10-15 01:03:16,604 [Datanode State Machine Thread - 0] INFO  datanode.InitDatanodeState (InitDatanodeState.java:persistContainerDatanodeDetails(140)) - DatanodeDetails is persisted to /workdir/hadoop-ozone/integration-test/target/test-dir/MiniOzoneClusterImpl-f18b4a30-c446-476a-8bef-798fb19dae38/datanode-1/meta/datanode.id
2019-10-15 01:03:16,604 [main] INFO  ozone.HddsDatanodeService (HddsDatanodeService.java:start(184)) - HddsDatanodeService host:pr-hdds-2181-4tb7b-1429657930 ip:192.168.30.62
2019-10-15 01:03:16,613 [main] INFO  volume.HddsVolume (HddsVolume.java:<init>(176)) - Creating Volume: /workdir/hadoop-ozone/integration-test/target/test-dir/MiniOzoneClusterImpl-f18b4a30-c446-476a-8bef-798fb19dae38/datanode-2/data/containers/hdds of  storage type : DISK and capacity : 1482555576320
2019-10-15 01:03:16,614 [main] INFO  volume.VolumeSet (VolumeSet.java:initializeVolumeSet(170)) - Added Volume : /workdir/hadoop-ozone/integration-test/target/test-dir/MiniOzoneClusterImpl-f18b4a30-c446-476a-8bef-798fb19dae38/datanode-2/data/containers/hdds to VolumeSet
2019-10-15 01:03:16,614 [main] INFO  volume.ThrottledAsyncChecker (ThrottledAsyncChecker.java:schedule(141)) - Scheduling a check for org.apache.hadoop.ozone.container.common.volume.HddsVolume@53314f76
2019-10-15 01:03:16,614 [main] INFO  volume.HddsVolumeChecker (HddsVolumeChecker.java:checkAllVolumes(204)) - Scheduled health check for volume org.apache.hadoop.ozone.container.common.volume.HddsVolume@53314f76
2019-10-15 01:03:16,629 [main] INFO  impl.RaftServerProxy (ConfUtils.java:logGet(43)) - raft.rpc.type = GRPC (default)
2019-10-15 01:03:16,629 [main] INFO  grpc.GrpcFactory (GrpcFactory.java:checkPooledByteBufAllocatorUseCacheForAllThreads(45)) - PERFORMANCE WARNING: useCacheForAllThreads is true that may cause Netty to create a lot garbage objects and, as a result, trigger GC.
	It is recommended to disable useCacheForAllThreads by setting -Dorg.apache.ratis.thirdparty.io.netty.allocator.useCacheForAllThreads=false in command line.
2019-10-15 01:03:16,629 [main] INFO  grpc.GrpcConfigKeys$Server (ConfUtils.java:logGet(43)) - raft.grpc.server.port = 0 (default)
2019-10-15 01:03:16,629 [main] INFO  server.GrpcService (ConfUtils.java:logGet(43)) - raft.grpc.message.size.max = 33570816 (custom)
2019-10-15 01:03:16,629 [main] INFO  server.RaftServerConfigKeys (ConfUtils.java:logGet(43)) - raft.server.log.appender.buffer.byte-limit = 33554432 (custom)
2019-10-15 01:03:16,630 [main] INFO  server.GrpcService (ConfUtils.java:logGet(43)) - raft.grpc.flow.control.window = 1MB (=1048576) (default)
2019-10-15 01:03:16,630 [main] INFO  server.RaftServerConfigKeys (ConfUtils.java:logGet(43)) - raft.server.rpc.request.timeout = 3000ms (default)
2019-10-15 01:03:16,630 [main] INFO  server.RaftServerConfigKeys (ConfUtils.java:logGet(43)) - raft.server.storage.dir = [/workdir/hadoop-ozone/integration-test/target/test-dir/MiniOzoneClusterImpl-f18b4a30-c446-476a-8bef-798fb19dae38/datanode-2/data/ratis] (custom)
2019-10-15 01:03:16,632 [main] INFO  hdfs.DFSUtil (DFSUtil.java:httpServerTemplateForNNAndJN(1641)) - Starting Web-server for hddsDatanode at: http://0.0.0.0:0
2019-10-15 01:03:16,634 [main] INFO  server.AuthenticationFilter (AuthenticationFilter.java:constructSecretProvider(240)) - Unable to initialize FileSignerSecretProvider, falling back to use random secrets.
2019-10-15 01:03:16,634 [main] WARN  http.HttpRequestLog (HttpRequestLog.java:getRequestLog(97)) - Jetty request log can only be enabled using Log4j
2019-10-15 01:03:16,637 [main] INFO  http.HttpServer2 (HttpServer2.java:addGlobalFilter(975)) - Added global filter 'safety' (class=org.apache.hadoop.http.HttpServer2$QuotingInputFilter)
2019-10-15 01:03:16,638 [main] INFO  http.HttpServer2 (HttpServer2.java:addFilter(948)) - Added filter static_user_filter (class=org.apache.hadoop.http.lib.StaticUserWebFilter$StaticUserFilter) to context hddsDatanode
2019-10-15 01:03:16,638 [main] INFO  http.HttpServer2 (HttpServer2.java:addFilter(958)) - Added filter static_user_filter (class=org.apache.hadoop.http.lib.StaticUserWebFilter$StaticUserFilter) to context logs
2019-10-15 01:03:16,638 [main] INFO  http.HttpServer2 (HttpServer2.java:addFilter(958)) - Added filter static_user_filter (class=org.apache.hadoop.http.lib.StaticUserWebFilter$StaticUserFilter) to context static
2019-10-15 01:03:16,639 [main] INFO  http.HttpServer2 (HttpServer2.java:bindListener(1191)) - Jetty bound to port 46626
2019-10-15 01:03:16,639 [main] INFO  server.Server (Server.java:doStart(351)) - jetty-9.3.25.v20180904, build timestamp: 2018-09-04T21:11:46Z, git hash: 3ce520221d0240229c862b122d2b06c12a625732
2019-10-15 01:03:16,641 [main] INFO  handler.ContextHandler (ContextHandler.java:doStart(781)) - Started o.e.j.s.ServletContextHandler@7ac48e10{/logs,file:///workdir/hadoop-ozone/integration-test/target/log,AVAILABLE}
2019-10-15 01:03:16,642 [main] INFO  handler.ContextHandler (ContextHandler.java:doStart(781)) - Started o.e.j.s.ServletContextHandler@6b1321b7{/static,jar:file:/home/user/.m2/repository/org/apache/hadoop/hadoop-hdds-container-service/0.5.0-SNAPSHOT/hadoop-hdds-container-service-0.5.0-SNAPSHOT.jar!/webapps/static,AVAILABLE}
2019-10-15 01:03:16,684 [main] INFO  handler.ContextHandler (ContextHandler.java:doStart(781)) - Started o.e.j.w.WebAppContext@4f235107{/,file:///tmp/jetty-0.0.0.0-46626-hddsDatanode-_-any-4068372250842350407.dir/webapp/,AVAILABLE}{/hddsDatanode}
2019-10-15 01:03:16,685 [main] INFO  server.AbstractConnector (AbstractConnector.java:doStart(278)) - Started ServerConnector@28d739f1{HTTP/1.1,[http/1.1]}{0.0.0.0:46626}
2019-10-15 01:03:16,688 [main] INFO  server.Server (Server.java:doStart(419)) - Started @222553ms
2019-10-15 01:03:16,688 [main] WARN  impl.MetricsSystemImpl (MetricsSystemImpl.java:register(276)) - Sink prometheus already exists!
2019-10-15 01:03:16,689 [main] INFO  server.BaseHttpServer (BaseHttpServer.java:updateConnectorAddress(215)) - HTTP server of HDDSDATANODE is listening at http://0.0.0.0:46626
2019-10-15 01:03:16,689 [main] INFO  impl.MetricsSystemImpl (MetricsSystemImpl.java:init(158)) - HddsDatanode metrics system started (again)
2019-10-15 01:03:16,710 [org.apache.hadoop.util.JvmPauseMonitor$Monitor@30c6fb65] INFO  util.JvmPauseMonitor (JvmPauseMonitor.java:run(188)) - Starting JVM pause monitor
2019-10-15 01:03:16,712 [Datanode State Machine Thread - 0] INFO  datanode.InitDatanodeState (InitDatanodeState.java:persistContainerDatanodeDetails(140)) - DatanodeDetails is persisted to /workdir/hadoop-ozone/integration-test/target/test-dir/MiniOzoneClusterImpl-f18b4a30-c446-476a-8bef-798fb19dae38/datanode-2/meta/datanode.id
2019-10-15 01:03:16,712 [main] INFO  ozone.HddsDatanodeService (HddsDatanodeService.java:start(184)) - HddsDatanodeService host:pr-hdds-2181-4tb7b-1429657930 ip:192.168.30.62
2019-10-15 01:03:16,722 [main] INFO  volume.HddsVolume (HddsVolume.java:<init>(176)) - Creating Volume: /workdir/hadoop-ozone/integration-test/target/test-dir/MiniOzoneClusterImpl-f18b4a30-c446-476a-8bef-798fb19dae38/datanode-3/data/containers/hdds of  storage type : DISK and capacity : 1482555576320
2019-10-15 01:03:16,722 [main] INFO  volume.VolumeSet (VolumeSet.java:initializeVolumeSet(170)) - Added Volume : /workdir/hadoop-ozone/integration-test/target/test-dir/MiniOzoneClusterImpl-f18b4a30-c446-476a-8bef-798fb19dae38/datanode-3/data/containers/hdds to VolumeSet
2019-10-15 01:03:16,722 [main] INFO  volume.ThrottledAsyncChecker (ThrottledAsyncChecker.java:schedule(141)) - Scheduling a check for org.apache.hadoop.ozone.container.common.volume.HddsVolume@544e3679
2019-10-15 01:03:16,723 [main] INFO  volume.HddsVolumeChecker (HddsVolumeChecker.java:checkAllVolumes(204)) - Scheduled health check for volume org.apache.hadoop.ozone.container.common.volume.HddsVolume@544e3679
2019-10-15 01:03:16,738 [main] INFO  impl.RaftServerProxy (ConfUtils.java:logGet(43)) - raft.rpc.type = GRPC (default)
2019-10-15 01:03:16,738 [main] INFO  grpc.GrpcFactory (GrpcFactory.java:checkPooledByteBufAllocatorUseCacheForAllThreads(45)) - PERFORMANCE WARNING: useCacheForAllThreads is true that may cause Netty to create a lot garbage objects and, as a result, trigger GC.
	It is recommended to disable useCacheForAllThreads by setting -Dorg.apache.ratis.thirdparty.io.netty.allocator.useCacheForAllThreads=false in command line.
2019-10-15 01:03:16,738 [main] INFO  grpc.GrpcConfigKeys$Server (ConfUtils.java:logGet(43)) - raft.grpc.server.port = 0 (default)
2019-10-15 01:03:16,738 [main] INFO  server.GrpcService (ConfUtils.java:logGet(43)) - raft.grpc.message.size.max = 33570816 (custom)
2019-10-15 01:03:16,739 [main] INFO  server.RaftServerConfigKeys (ConfUtils.java:logGet(43)) - raft.server.log.appender.buffer.byte-limit = 33554432 (custom)
2019-10-15 01:03:16,739 [main] INFO  server.GrpcService (ConfUtils.java:logGet(43)) - raft.grpc.flow.control.window = 1MB (=1048576) (default)
2019-10-15 01:03:16,739 [main] INFO  server.RaftServerConfigKeys (ConfUtils.java:logGet(43)) - raft.server.rpc.request.timeout = 3000ms (default)
2019-10-15 01:03:16,739 [main] INFO  server.RaftServerConfigKeys (ConfUtils.java:logGet(43)) - raft.server.storage.dir = [/workdir/hadoop-ozone/integration-test/target/test-dir/MiniOzoneClusterImpl-f18b4a30-c446-476a-8bef-798fb19dae38/datanode-3/data/ratis] (custom)
2019-10-15 01:03:16,741 [main] INFO  hdfs.DFSUtil (DFSUtil.java:httpServerTemplateForNNAndJN(1641)) - Starting Web-server for hddsDatanode at: http://0.0.0.0:0
2019-10-15 01:03:16,742 [main] INFO  server.AuthenticationFilter (AuthenticationFilter.java:constructSecretProvider(240)) - Unable to initialize FileSignerSecretProvider, falling back to use random secrets.
2019-10-15 01:03:16,743 [main] WARN  http.HttpRequestLog (HttpRequestLog.java:getRequestLog(97)) - Jetty request log can only be enabled using Log4j
2019-10-15 01:03:16,745 [main] INFO  http.HttpServer2 (HttpServer2.java:addGlobalFilter(975)) - Added global filter 'safety' (class=org.apache.hadoop.http.HttpServer2$QuotingInputFilter)
2019-10-15 01:03:16,746 [main] INFO  http.HttpServer2 (HttpServer2.java:addFilter(948)) - Added filter static_user_filter (class=org.apache.hadoop.http.lib.StaticUserWebFilter$StaticUserFilter) to context hddsDatanode
2019-10-15 01:03:16,746 [main] INFO  http.HttpServer2 (HttpServer2.java:addFilter(958)) - Added filter static_user_filter (class=org.apache.hadoop.http.lib.StaticUserWebFilter$StaticUserFilter) to context logs
2019-10-15 01:03:16,747 [main] INFO  http.HttpServer2 (HttpServer2.java:addFilter(958)) - Added filter static_user_filter (class=org.apache.hadoop.http.lib.StaticUserWebFilter$StaticUserFilter) to context static
2019-10-15 01:03:16,748 [main] INFO  http.HttpServer2 (HttpServer2.java:bindListener(1191)) - Jetty bound to port 33753
2019-10-15 01:03:16,748 [main] INFO  server.Server (Server.java:doStart(351)) - jetty-9.3.25.v20180904, build timestamp: 2018-09-04T21:11:46Z, git hash: 3ce520221d0240229c862b122d2b06c12a625732
2019-10-15 01:03:16,750 [main] INFO  handler.ContextHandler (ContextHandler.java:doStart(781)) - Started o.e.j.s.ServletContextHandler@6750e381{/logs,file:///workdir/hadoop-ozone/integration-test/target/log,AVAILABLE}
2019-10-15 01:03:16,751 [main] INFO  handler.ContextHandler (ContextHandler.java:doStart(781)) - Started o.e.j.s.ServletContextHandler@b022551{/static,jar:file:/home/user/.m2/repository/org/apache/hadoop/hadoop-hdds-container-service/0.5.0-SNAPSHOT/hadoop-hdds-container-service-0.5.0-SNAPSHOT.jar!/webapps/static,AVAILABLE}
2019-10-15 01:03:16,796 [main] INFO  handler.ContextHandler (ContextHandler.java:doStart(781)) - Started o.e.j.w.WebAppContext@d87d449{/,file:///tmp/jetty-0.0.0.0-33753-hddsDatanode-_-any-3806508328032206076.dir/webapp/,AVAILABLE}{/hddsDatanode}
2019-10-15 01:03:16,796 [main] INFO  server.AbstractConnector (AbstractConnector.java:doStart(278)) - Started ServerConnector@4137aab0{HTTP/1.1,[http/1.1]}{0.0.0.0:33753}
2019-10-15 01:03:16,800 [main] INFO  server.Server (Server.java:doStart(419)) - Started @222665ms
2019-10-15 01:03:16,800 [main] WARN  impl.MetricsSystemImpl (MetricsSystemImpl.java:register(276)) - Sink prometheus already exists!
2019-10-15 01:03:16,801 [main] INFO  server.BaseHttpServer (BaseHttpServer.java:updateConnectorAddress(215)) - HTTP server of HDDSDATANODE is listening at http://0.0.0.0:33753
2019-10-15 01:03:16,802 [main] INFO  impl.MetricsSystemImpl (MetricsSystemImpl.java:init(158)) - HddsDatanode metrics system started (again)
2019-10-15 01:03:16,832 [org.apache.hadoop.util.JvmPauseMonitor$Monitor@15dfd8c7] INFO  util.JvmPauseMonitor (JvmPauseMonitor.java:run(188)) - Starting JVM pause monitor
2019-10-15 01:03:16,833 [Datanode State Machine Thread - 0] INFO  datanode.InitDatanodeState (InitDatanodeState.java:persistContainerDatanodeDetails(140)) - DatanodeDetails is persisted to /workdir/hadoop-ozone/integration-test/target/test-dir/MiniOzoneClusterImpl-f18b4a30-c446-476a-8bef-798fb19dae38/datanode-3/meta/datanode.id
2019-10-15 01:03:16,835 [main] INFO  ozone.HddsDatanodeService (HddsDatanodeService.java:start(184)) - HddsDatanodeService host:pr-hdds-2181-4tb7b-1429657930 ip:192.168.30.62
2019-10-15 01:03:16,845 [main] INFO  volume.HddsVolume (HddsVolume.java:<init>(176)) - Creating Volume: /workdir/hadoop-ozone/integration-test/target/test-dir/MiniOzoneClusterImpl-f18b4a30-c446-476a-8bef-798fb19dae38/datanode-4/data/containers/hdds of  storage type : DISK and capacity : 1482555576320
2019-10-15 01:03:16,846 [main] INFO  volume.VolumeSet (VolumeSet.java:initializeVolumeSet(170)) - Added Volume : /workdir/hadoop-ozone/integration-test/target/test-dir/MiniOzoneClusterImpl-f18b4a30-c446-476a-8bef-798fb19dae38/datanode-4/data/containers/hdds to VolumeSet
2019-10-15 01:03:16,846 [main] INFO  volume.ThrottledAsyncChecker (ThrottledAsyncChecker.java:schedule(141)) - Scheduling a check for org.apache.hadoop.ozone.container.common.volume.HddsVolume@62f9c790
2019-10-15 01:03:16,847 [main] INFO  volume.HddsVolumeChecker (HddsVolumeChecker.java:checkAllVolumes(204)) - Scheduled health check for volume org.apache.hadoop.ozone.container.common.volume.HddsVolume@62f9c790
2019-10-15 01:03:16,869 [main] INFO  impl.RaftServerProxy (ConfUtils.java:logGet(43)) - raft.rpc.type = GRPC (default)
2019-10-15 01:03:16,869 [main] INFO  grpc.GrpcFactory (GrpcFactory.java:checkPooledByteBufAllocatorUseCacheForAllThreads(45)) - PERFORMANCE WARNING: useCacheForAllThreads is true that may cause Netty to create a lot garbage objects and, as a result, trigger GC.
	It is recommended to disable useCacheForAllThreads by setting -Dorg.apache.ratis.thirdparty.io.netty.allocator.useCacheForAllThreads=false in command line.
2019-10-15 01:03:16,869 [main] INFO  grpc.GrpcConfigKeys$Server (ConfUtils.java:logGet(43)) - raft.grpc.server.port = 0 (default)
2019-10-15 01:03:16,869 [main] INFO  server.GrpcService (ConfUtils.java:logGet(43)) - raft.grpc.message.size.max = 33570816 (custom)
2019-10-15 01:03:16,870 [main] INFO  server.RaftServerConfigKeys (ConfUtils.java:logGet(43)) - raft.server.log.appender.buffer.byte-limit = 33554432 (custom)
2019-10-15 01:03:16,870 [main] INFO  server.GrpcService (ConfUtils.java:logGet(43)) - raft.grpc.flow.control.window = 1MB (=1048576) (default)
2019-10-15 01:03:16,870 [main] INFO  server.RaftServerConfigKeys (ConfUtils.java:logGet(43)) - raft.server.rpc.request.timeout = 3000ms (default)
2019-10-15 01:03:16,871 [main] INFO  server.RaftServerConfigKeys (ConfUtils.java:logGet(43)) - raft.server.storage.dir = [/workdir/hadoop-ozone/integration-test/target/test-dir/MiniOzoneClusterImpl-f18b4a30-c446-476a-8bef-798fb19dae38/datanode-4/data/ratis] (custom)
2019-10-15 01:03:16,872 [main] INFO  hdfs.DFSUtil (DFSUtil.java:httpServerTemplateForNNAndJN(1641)) - Starting Web-server for hddsDatanode at: http://0.0.0.0:0
2019-10-15 01:03:16,874 [main] INFO  server.AuthenticationFilter (AuthenticationFilter.java:constructSecretProvider(240)) - Unable to initialize FileSignerSecretProvider, falling back to use random secrets.
2019-10-15 01:03:16,874 [main] WARN  http.HttpRequestLog (HttpRequestLog.java:getRequestLog(97)) - Jetty request log can only be enabled using Log4j
2019-10-15 01:03:16,876 [main] INFO  http.HttpServer2 (HttpServer2.java:addGlobalFilter(975)) - Added global filter 'safety' (class=org.apache.hadoop.http.HttpServer2$QuotingInputFilter)
2019-10-15 01:03:16,877 [main] INFO  http.HttpServer2 (HttpServer2.java:addFilter(948)) - Added filter static_user_filter (class=org.apache.hadoop.http.lib.StaticUserWebFilter$StaticUserFilter) to context hddsDatanode
2019-10-15 01:03:16,877 [main] INFO  http.HttpServer2 (HttpServer2.java:addFilter(958)) - Added filter static_user_filter (class=org.apache.hadoop.http.lib.StaticUserWebFilter$StaticUserFilter) to context static
2019-10-15 01:03:16,877 [main] INFO  http.HttpServer2 (HttpServer2.java:addFilter(958)) - Added filter static_user_filter (class=org.apache.hadoop.http.lib.StaticUserWebFilter$StaticUserFilter) to context logs
2019-10-15 01:03:16,878 [main] INFO  http.HttpServer2 (HttpServer2.java:bindListener(1191)) - Jetty bound to port 37479
2019-10-15 01:03:16,878 [main] INFO  server.Server (Server.java:doStart(351)) - jetty-9.3.25.v20180904, build timestamp: 2018-09-04T21:11:46Z, git hash: 3ce520221d0240229c862b122d2b06c12a625732
2019-10-15 01:03:16,880 [main] INFO  handler.ContextHandler (ContextHandler.java:doStart(781)) - Started o.e.j.s.ServletContextHandler@756808cc{/logs,file:///workdir/hadoop-ozone/integration-test/target/log,AVAILABLE}
2019-10-15 01:03:16,881 [main] INFO  handler.ContextHandler (ContextHandler.java:doStart(781)) - Started o.e.j.s.ServletContextHandler@5012c571{/static,jar:file:/home/user/.m2/repository/org/apache/hadoop/hadoop-hdds-container-service/0.5.0-SNAPSHOT/hadoop-hdds-container-service-0.5.0-SNAPSHOT.jar!/webapps/static,AVAILABLE}
2019-10-15 01:03:16,918 [main] INFO  handler.ContextHandler (ContextHandler.java:doStart(781)) - Started o.e.j.w.WebAppContext@2c06b113{/,file:///tmp/jetty-0.0.0.0-37479-hddsDatanode-_-any-6129903595693713479.dir/webapp/,AVAILABLE}{/hddsDatanode}
2019-10-15 01:03:16,918 [main] INFO  server.AbstractConnector (AbstractConnector.java:doStart(278)) - Started ServerConnector@7a64cb0c{HTTP/1.1,[http/1.1]}{0.0.0.0:37479}
2019-10-15 01:03:16,922 [main] INFO  server.Server (Server.java:doStart(419)) - Started @222787ms
2019-10-15 01:03:16,922 [main] WARN  impl.MetricsSystemImpl (MetricsSystemImpl.java:register(276)) - Sink prometheus already exists!
2019-10-15 01:03:16,923 [main] INFO  server.BaseHttpServer (BaseHttpServer.java:updateConnectorAddress(215)) - HTTP server of HDDSDATANODE is listening at http://0.0.0.0:37479
2019-10-15 01:03:16,923 [main] INFO  impl.MetricsSystemImpl (MetricsSystemImpl.java:init(158)) - HddsDatanode metrics system started (again)
2019-10-15 01:03:16,945 [org.apache.hadoop.util.JvmPauseMonitor$Monitor@3688034f] INFO  util.JvmPauseMonitor (JvmPauseMonitor.java:run(188)) - Starting JVM pause monitor
2019-10-15 01:03:16,947 [Datanode State Machine Thread - 0] INFO  datanode.InitDatanodeState (InitDatanodeState.java:persistContainerDatanodeDetails(140)) - DatanodeDetails is persisted to /workdir/hadoop-ozone/integration-test/target/test-dir/MiniOzoneClusterImpl-f18b4a30-c446-476a-8bef-798fb19dae38/datanode-4/meta/datanode.id
2019-10-15 01:03:16,947 [main] INFO  ozone.HddsDatanodeService (HddsDatanodeService.java:start(184)) - HddsDatanodeService host:pr-hdds-2181-4tb7b-1429657930 ip:192.168.30.62
2019-10-15 01:03:16,957 [main] INFO  volume.HddsVolume (HddsVolume.java:<init>(176)) - Creating Volume: /workdir/hadoop-ozone/integration-test/target/test-dir/MiniOzoneClusterImpl-f18b4a30-c446-476a-8bef-798fb19dae38/datanode-5/data/containers/hdds of  storage type : DISK and capacity : 1482555576320
2019-10-15 01:03:16,958 [main] INFO  volume.VolumeSet (VolumeSet.java:initializeVolumeSet(170)) - Added Volume : /workdir/hadoop-ozone/integration-test/target/test-dir/MiniOzoneClusterImpl-f18b4a30-c446-476a-8bef-798fb19dae38/datanode-5/data/containers/hdds to VolumeSet
2019-10-15 01:03:16,958 [main] INFO  volume.ThrottledAsyncChecker (ThrottledAsyncChecker.java:schedule(141)) - Scheduling a check for org.apache.hadoop.ozone.container.common.volume.HddsVolume@120aa40b
2019-10-15 01:03:16,958 [main] INFO  volume.HddsVolumeChecker (HddsVolumeChecker.java:checkAllVolumes(204)) - Scheduled health check for volume org.apache.hadoop.ozone.container.common.volume.HddsVolume@120aa40b
2019-10-15 01:03:16,981 [main] INFO  impl.RaftServerProxy (ConfUtils.java:logGet(43)) - raft.rpc.type = GRPC (default)
2019-10-15 01:03:16,981 [main] INFO  grpc.GrpcFactory (GrpcFactory.java:checkPooledByteBufAllocatorUseCacheForAllThreads(45)) - PERFORMANCE WARNING: useCacheForAllThreads is true that may cause Netty to create a lot garbage objects and, as a result, trigger GC.
	It is recommended to disable useCacheForAllThreads by setting -Dorg.apache.ratis.thirdparty.io.netty.allocator.useCacheForAllThreads=false in command line.
2019-10-15 01:03:16,981 [main] INFO  grpc.GrpcConfigKeys$Server (ConfUtils.java:logGet(43)) - raft.grpc.server.port = 0 (default)
2019-10-15 01:03:16,981 [main] INFO  server.GrpcService (ConfUtils.java:logGet(43)) - raft.grpc.message.size.max = 33570816 (custom)
2019-10-15 01:03:16,982 [main] INFO  server.RaftServerConfigKeys (ConfUtils.java:logGet(43)) - raft.server.log.appender.buffer.byte-limit = 33554432 (custom)
2019-10-15 01:03:16,982 [main] INFO  server.GrpcService (ConfUtils.java:logGet(43)) - raft.grpc.flow.control.window = 1MB (=1048576) (default)
2019-10-15 01:03:16,982 [main] INFO  server.RaftServerConfigKeys (ConfUtils.java:logGet(43)) - raft.server.rpc.request.timeout = 3000ms (default)
2019-10-15 01:03:16,982 [main] INFO  server.RaftServerConfigKeys (ConfUtils.java:logGet(43)) - raft.server.storage.dir = [/workdir/hadoop-ozone/integration-test/target/test-dir/MiniOzoneClusterImpl-f18b4a30-c446-476a-8bef-798fb19dae38/datanode-5/data/ratis] (custom)
2019-10-15 01:03:16,983 [main] INFO  hdfs.DFSUtil (DFSUtil.java:httpServerTemplateForNNAndJN(1641)) - Starting Web-server for hddsDatanode at: http://0.0.0.0:0
2019-10-15 01:03:16,985 [main] INFO  server.AuthenticationFilter (AuthenticationFilter.java:constructSecretProvider(240)) - Unable to initialize FileSignerSecretProvider, falling back to use random secrets.
2019-10-15 01:03:16,985 [main] WARN  http.HttpRequestLog (HttpRequestLog.java:getRequestLog(97)) - Jetty request log can only be enabled using Log4j
2019-10-15 01:03:16,987 [main] INFO  http.HttpServer2 (HttpServer2.java:addGlobalFilter(975)) - Added global filter 'safety' (class=org.apache.hadoop.http.HttpServer2$QuotingInputFilter)
2019-10-15 01:03:16,987 [main] INFO  http.HttpServer2 (HttpServer2.java:addFilter(948)) - Added filter static_user_filter (class=org.apache.hadoop.http.lib.StaticUserWebFilter$StaticUserFilter) to context hddsDatanode
2019-10-15 01:03:16,987 [main] INFO  http.HttpServer2 (HttpServer2.java:addFilter(958)) - Added filter static_user_filter (class=org.apache.hadoop.http.lib.StaticUserWebFilter$StaticUserFilter) to context logs
2019-10-15 01:03:16,988 [main] INFO  http.HttpServer2 (HttpServer2.java:addFilter(958)) - Added filter static_user_filter (class=org.apache.hadoop.http.lib.StaticUserWebFilter$StaticUserFilter) to context static
2019-10-15 01:03:16,988 [main] INFO  http.HttpServer2 (HttpServer2.java:bindListener(1191)) - Jetty bound to port 35538
2019-10-15 01:03:16,988 [main] INFO  server.Server (Server.java:doStart(351)) - jetty-9.3.25.v20180904, build timestamp: 2018-09-04T21:11:46Z, git hash: 3ce520221d0240229c862b122d2b06c12a625732
2019-10-15 01:03:16,990 [main] INFO  handler.ContextHandler (ContextHandler.java:doStart(781)) - Started o.e.j.s.ServletContextHandler@231df705{/logs,file:///workdir/hadoop-ozone/integration-test/target/log,AVAILABLE}
2019-10-15 01:03:16,991 [main] INFO  handler.ContextHandler (ContextHandler.java:doStart(781)) - Started o.e.j.s.ServletContextHandler@2f0ccb34{/static,jar:file:/home/user/.m2/repository/org/apache/hadoop/hadoop-hdds-container-service/0.5.0-SNAPSHOT/hadoop-hdds-container-service-0.5.0-SNAPSHOT.jar!/webapps/static,AVAILABLE}
2019-10-15 01:03:17,019 [main] INFO  handler.ContextHandler (ContextHandler.java:doStart(781)) - Started o.e.j.w.WebAppContext@79252c83{/,file:///tmp/jetty-0.0.0.0-35538-hddsDatanode-_-any-2499889240469660635.dir/webapp/,AVAILABLE}{/hddsDatanode}
2019-10-15 01:03:17,020 [main] INFO  server.AbstractConnector (AbstractConnector.java:doStart(278)) - Started ServerConnector@6fbf5db2{HTTP/1.1,[http/1.1]}{0.0.0.0:35538}
2019-10-15 01:03:17,023 [main] INFO  server.Server (Server.java:doStart(419)) - Started @222889ms
2019-10-15 01:03:17,024 [main] WARN  impl.MetricsSystemImpl (MetricsSystemImpl.java:register(276)) - Sink prometheus already exists!
2019-10-15 01:03:17,028 [main] INFO  server.BaseHttpServer (BaseHttpServer.java:updateConnectorAddress(215)) - HTTP server of HDDSDATANODE is listening at http://0.0.0.0:35538
2019-10-15 01:03:17,028 [main] INFO  impl.MetricsSystemImpl (MetricsSystemImpl.java:init(158)) - HddsDatanode metrics system started (again)
2019-10-15 01:03:17,059 [org.apache.hadoop.util.JvmPauseMonitor$Monitor@48d58c89] INFO  util.JvmPauseMonitor (JvmPauseMonitor.java:run(188)) - Starting JVM pause monitor
2019-10-15 01:03:17,060 [Datanode State Machine Thread - 0] INFO  datanode.InitDatanodeState (InitDatanodeState.java:persistContainerDatanodeDetails(140)) - DatanodeDetails is persisted to /workdir/hadoop-ozone/integration-test/target/test-dir/MiniOzoneClusterImpl-f18b4a30-c446-476a-8bef-798fb19dae38/datanode-5/meta/datanode.id
2019-10-15 01:03:17,063 [main] INFO  ozone.HddsDatanodeService (HddsDatanodeService.java:start(184)) - HddsDatanodeService host:pr-hdds-2181-4tb7b-1429657930 ip:192.168.30.62
2019-10-15 01:03:17,073 [main] INFO  volume.HddsVolume (HddsVolume.java:<init>(176)) - Creating Volume: /workdir/hadoop-ozone/integration-test/target/test-dir/MiniOzoneClusterImpl-f18b4a30-c446-476a-8bef-798fb19dae38/datanode-6/data/containers/hdds of  storage type : DISK and capacity : 1482555576320
2019-10-15 01:03:17,074 [main] INFO  volume.VolumeSet (VolumeSet.java:initializeVolumeSet(170)) - Added Volume : /workdir/hadoop-ozone/integration-test/target/test-dir/MiniOzoneClusterImpl-f18b4a30-c446-476a-8bef-798fb19dae38/datanode-6/data/containers/hdds to VolumeSet
2019-10-15 01:03:17,075 [main] INFO  volume.ThrottledAsyncChecker (ThrottledAsyncChecker.java:schedule(141)) - Scheduling a check for org.apache.hadoop.ozone.container.common.volume.HddsVolume@5fdd97c1
2019-10-15 01:03:17,075 [main] INFO  volume.HddsVolumeChecker (HddsVolumeChecker.java:checkAllVolumes(204)) - Scheduled health check for volume org.apache.hadoop.ozone.container.common.volume.HddsVolume@5fdd97c1
2019-10-15 01:03:17,096 [main] INFO  impl.RaftServerProxy (ConfUtils.java:logGet(43)) - raft.rpc.type = GRPC (default)
2019-10-15 01:03:17,096 [main] INFO  grpc.GrpcFactory (GrpcFactory.java:checkPooledByteBufAllocatorUseCacheForAllThreads(45)) - PERFORMANCE WARNING: useCacheForAllThreads is true that may cause Netty to create a lot garbage objects and, as a result, trigger GC.
	It is recommended to disable useCacheForAllThreads by setting -Dorg.apache.ratis.thirdparty.io.netty.allocator.useCacheForAllThreads=false in command line.
2019-10-15 01:03:17,096 [main] INFO  grpc.GrpcConfigKeys$Server (ConfUtils.java:logGet(43)) - raft.grpc.server.port = 0 (default)
2019-10-15 01:03:17,097 [main] INFO  server.GrpcService (ConfUtils.java:logGet(43)) - raft.grpc.message.size.max = 33570816 (custom)
2019-10-15 01:03:17,097 [main] INFO  server.RaftServerConfigKeys (ConfUtils.java:logGet(43)) - raft.server.log.appender.buffer.byte-limit = 33554432 (custom)
2019-10-15 01:03:17,097 [main] INFO  server.GrpcService (ConfUtils.java:logGet(43)) - raft.grpc.flow.control.window = 1MB (=1048576) (default)
2019-10-15 01:03:17,097 [main] INFO  server.RaftServerConfigKeys (ConfUtils.java:logGet(43)) - raft.server.rpc.request.timeout = 3000ms (default)
2019-10-15 01:03:17,098 [main] INFO  server.RaftServerConfigKeys (ConfUtils.java:logGet(43)) - raft.server.storage.dir = [/workdir/hadoop-ozone/integration-test/target/test-dir/MiniOzoneClusterImpl-f18b4a30-c446-476a-8bef-798fb19dae38/datanode-6/data/ratis] (custom)
2019-10-15 01:03:17,099 [main] INFO  hdfs.DFSUtil (DFSUtil.java:httpServerTemplateForNNAndJN(1641)) - Starting Web-server for hddsDatanode at: http://0.0.0.0:0
2019-10-15 01:03:17,101 [main] INFO  server.AuthenticationFilter (AuthenticationFilter.java:constructSecretProvider(240)) - Unable to initialize FileSignerSecretProvider, falling back to use random secrets.
2019-10-15 01:03:17,101 [main] WARN  http.HttpRequestLog (HttpRequestLog.java:getRequestLog(97)) - Jetty request log can only be enabled using Log4j
2019-10-15 01:03:17,103 [main] INFO  http.HttpServer2 (HttpServer2.java:addGlobalFilter(975)) - Added global filter 'safety' (class=org.apache.hadoop.http.HttpServer2$QuotingInputFilter)
2019-10-15 01:03:17,103 [main] INFO  http.HttpServer2 (HttpServer2.java:addFilter(948)) - Added filter static_user_filter (class=org.apache.hadoop.http.lib.StaticUserWebFilter$StaticUserFilter) to context hddsDatanode
2019-10-15 01:03:17,103 [main] INFO  http.HttpServer2 (HttpServer2.java:addFilter(958)) - Added filter static_user_filter (class=org.apache.hadoop.http.lib.StaticUserWebFilter$StaticUserFilter) to context logs
2019-10-15 01:03:17,103 [main] INFO  http.HttpServer2 (HttpServer2.java:addFilter(958)) - Added filter static_user_filter (class=org.apache.hadoop.http.lib.StaticUserWebFilter$StaticUserFilter) to context static
2019-10-15 01:03:17,104 [main] INFO  http.HttpServer2 (HttpServer2.java:bindListener(1191)) - Jetty bound to port 46164
2019-10-15 01:03:17,104 [main] INFO  server.Server (Server.java:doStart(351)) - jetty-9.3.25.v20180904, build timestamp: 2018-09-04T21:11:46Z, git hash: 3ce520221d0240229c862b122d2b06c12a625732
2019-10-15 01:03:17,106 [main] INFO  handler.ContextHandler (ContextHandler.java:doStart(781)) - Started o.e.j.s.ServletContextHandler@325162e9{/logs,file:///workdir/hadoop-ozone/integration-test/target/log,AVAILABLE}
2019-10-15 01:03:17,107 [main] INFO  handler.ContextHandler (ContextHandler.java:doStart(781)) - Started o.e.j.s.ServletContextHandler@5c448ef{/static,jar:file:/home/user/.m2/repository/org/apache/hadoop/hadoop-hdds-container-service/0.5.0-SNAPSHOT/hadoop-hdds-container-service-0.5.0-SNAPSHOT.jar!/webapps/static,AVAILABLE}
2019-10-15 01:03:17,141 [main] INFO  handler.ContextHandler (ContextHandler.java:doStart(781)) - Started o.e.j.w.WebAppContext@42a0786f{/,file:///tmp/jetty-0.0.0.0-46164-hddsDatanode-_-any-8456866505218448299.dir/webapp/,AVAILABLE}{/hddsDatanode}
2019-10-15 01:03:17,142 [main] INFO  server.AbstractConnector (AbstractConnector.java:doStart(278)) - Started ServerConnector@477523ba{HTTP/1.1,[http/1.1]}{0.0.0.0:46164}
2019-10-15 01:03:17,146 [main] INFO  server.Server (Server.java:doStart(419)) - Started @223011ms
2019-10-15 01:03:17,146 [main] WARN  impl.MetricsSystemImpl (MetricsSystemImpl.java:register(276)) - Sink prometheus already exists!
2019-10-15 01:03:17,147 [main] INFO  server.BaseHttpServer (BaseHttpServer.java:updateConnectorAddress(215)) - HTTP server of HDDSDATANODE is listening at http://0.0.0.0:46164
2019-10-15 01:03:17,147 [main] INFO  ozone.MiniOzoneClusterImpl (MiniOzoneClusterImpl.java:lambda$waitForClusterToBeReady$0(147)) - Waiting for cluster to be ready. Got 0 of 7 DN Heartbeats.
2019-10-15 01:03:17,149 [org.apache.hadoop.util.JvmPauseMonitor$Monitor@72170547] INFO  util.JvmPauseMonitor (JvmPauseMonitor.java:run(188)) - Starting JVM pause monitor
2019-10-15 01:03:17,150 [Datanode State Machine Thread - 0] INFO  datanode.InitDatanodeState (InitDatanodeState.java:persistContainerDatanodeDetails(140)) - DatanodeDetails is persisted to /workdir/hadoop-ozone/integration-test/target/test-dir/MiniOzoneClusterImpl-f18b4a30-c446-476a-8bef-798fb19dae38/datanode-6/meta/datanode.id
2019-10-15 01:03:17,501 [grpc-default-executor-4] WARN  server.GrpcLogAppender (LogUtils.java:warn(134)) - c8fa587d-1a82-4196-bd9f-b9c6b166c070@group-DF31B5A3C09F->d1fe838a-d6b9-4181-abdf-8d55bca94856-AppendLogResponseHandler: Failed appendEntries: org.apache.ratis.thirdparty.io.grpc.StatusRuntimeException: UNAVAILABLE: io exception
2019-10-15 01:03:17,501 [grpc-default-executor-6] WARN  server.GrpcLogAppender (LogUtils.java:warn(134)) - c8fa587d-1a82-4196-bd9f-b9c6b166c070@group-DF31B5A3C09F->62da231e-6706-4024-9d76-a7730eed6ee2-AppendLogResponseHandler: Failed appendEntries: org.apache.ratis.thirdparty.io.grpc.StatusRuntimeException: UNAVAILABLE: io exception
2019-10-15 01:03:17,501 [grpc-default-executor-4] INFO  impl.FollowerInfo (FollowerInfo.java:lambda$new$0(51)) - c8fa587d-1a82-4196-bd9f-b9c6b166c070@group-DF31B5A3C09F->d1fe838a-d6b9-4181-abdf-8d55bca94856: nextIndex: updateUnconditionally 0 -> 0
2019-10-15 01:03:17,501 [grpc-default-executor-6] INFO  impl.FollowerInfo (FollowerInfo.java:lambda$new$0(51)) - c8fa587d-1a82-4196-bd9f-b9c6b166c070@group-DF31B5A3C09F->62da231e-6706-4024-9d76-a7730eed6ee2: nextIndex: updateUnconditionally 0 -> 0
2019-10-15 01:03:18,154 [main] INFO  ozone.MiniOzoneClusterImpl (MiniOzoneClusterImpl.java:lambda$waitForClusterToBeReady$0(147)) - Waiting for cluster to be ready. Got 0 of 7 DN Heartbeats.
2019-10-15 01:03:18,582 [Datanode State Machine Thread - 0] INFO  ozoneimpl.OzoneContainer (OzoneContainer.java:start(213)) - Attempting to start container services.
2019-10-15 01:03:18,583 [Datanode State Machine Thread - 0] INFO  ozoneimpl.OzoneContainer (OzoneContainer.java:startContainerScrub(177)) - Background container scanner has been disabled.
2019-10-15 01:03:18,583 [Datanode State Machine Thread - 0] INFO  ratis.XceiverServerRatis (XceiverServerRatis.java:start(418)) - Starting XceiverServerRatis 6df06648-c4c1-45b8-8dbb-97ba20bfe81a at port 0
2019-10-15 01:03:18,592 [Datanode State Machine Thread - 0] INFO  impl.RaftServerProxy (RaftServerProxy.java:lambda$start$3(299)) - 6df06648-c4c1-45b8-8dbb-97ba20bfe81a: start RPC server
2019-10-15 01:03:18,593 [Datanode State Machine Thread - 0] INFO  server.GrpcService (GrpcService.java:startImpl(158)) - 6df06648-c4c1-45b8-8dbb-97ba20bfe81a: GrpcService started, listening on 0.0.0.0/0.0.0.0:33206
2019-10-15 01:03:18,593 [Datanode State Machine Thread - 0] INFO  ratis.XceiverServerRatis (XceiverServerRatis.java:start(428)) - XceiverServerRatis 6df06648-c4c1-45b8-8dbb-97ba20bfe81a is started using port 33206
2019-10-15 01:03:18,598 [Datanode State Machine Thread - 0] INFO  server.XceiverServerGrpc (XceiverServerGrpc.java:start(149)) - XceiverServerGrpc 6df06648-c4c1-45b8-8dbb-97ba20bfe81a is started using port 34674
2019-10-15 01:03:18,621 [Datanode State Machine Thread - 0] INFO  ozoneimpl.OzoneContainer (OzoneContainer.java:start(213)) - Attempting to start container services.
2019-10-15 01:03:18,621 [Datanode State Machine Thread - 0] INFO  ozoneimpl.OzoneContainer (OzoneContainer.java:startContainerScrub(177)) - Background container scanner has been disabled.
2019-10-15 01:03:18,621 [Datanode State Machine Thread - 0] INFO  ratis.XceiverServerRatis (XceiverServerRatis.java:start(418)) - Starting XceiverServerRatis fbf9bb9d-af1a-40fb-a7e6-663cd57a1225 at port 0
2019-10-15 01:03:18,628 [Datanode State Machine Thread - 0] INFO  impl.RaftServerProxy (RaftServerProxy.java:lambda$start$3(299)) - fbf9bb9d-af1a-40fb-a7e6-663cd57a1225: start RPC server
2019-10-15 01:03:18,631 [Datanode State Machine Thread - 0] INFO  server.GrpcService (GrpcService.java:startImpl(158)) - fbf9bb9d-af1a-40fb-a7e6-663cd57a1225: GrpcService started, listening on 0.0.0.0/0.0.0.0:40501
2019-10-15 01:03:18,631 [Datanode State Machine Thread - 0] INFO  ratis.XceiverServerRatis (XceiverServerRatis.java:start(428)) - XceiverServerRatis fbf9bb9d-af1a-40fb-a7e6-663cd57a1225 is started using port 40501
2019-10-15 01:03:18,634 [Datanode State Machine Thread - 0] INFO  server.XceiverServerGrpc (XceiverServerGrpc.java:start(149)) - XceiverServerGrpc fbf9bb9d-af1a-40fb-a7e6-663cd57a1225 is started using port 35193
2019-10-15 01:03:18,724 [Datanode State Machine Thread - 0] INFO  ozoneimpl.OzoneContainer (OzoneContainer.java:start(213)) - Attempting to start container services.
2019-10-15 01:03:18,724 [Datanode State Machine Thread - 0] INFO  ozoneimpl.OzoneContainer (OzoneContainer.java:startContainerScrub(177)) - Background container scanner has been disabled.
2019-10-15 01:03:18,724 [Datanode State Machine Thread - 0] INFO  ratis.XceiverServerRatis (XceiverServerRatis.java:start(418)) - Starting XceiverServerRatis bc9dd8d0-a210-417b-914f-78251f78a466 at port 0
2019-10-15 01:03:18,732 [Datanode State Machine Thread - 0] INFO  impl.RaftServerProxy (RaftServerProxy.java:lambda$start$3(299)) - bc9dd8d0-a210-417b-914f-78251f78a466: start RPC server
2019-10-15 01:03:18,735 [Datanode State Machine Thread - 0] INFO  server.GrpcService (GrpcService.java:startImpl(158)) - bc9dd8d0-a210-417b-914f-78251f78a466: GrpcService started, listening on 0.0.0.0/0.0.0.0:33213
2019-10-15 01:03:18,735 [Datanode State Machine Thread - 0] INFO  ratis.XceiverServerRatis (XceiverServerRatis.java:start(428)) - XceiverServerRatis bc9dd8d0-a210-417b-914f-78251f78a466 is started using port 33213
2019-10-15 01:03:18,736 [Datanode State Machine Thread - 0] INFO  server.XceiverServerGrpc (XceiverServerGrpc.java:start(149)) - XceiverServerGrpc bc9dd8d0-a210-417b-914f-78251f78a466 is started using port 42467
2019-10-15 01:03:18,845 [Datanode State Machine Thread - 0] INFO  ozoneimpl.OzoneContainer (OzoneContainer.java:start(213)) - Attempting to start container services.
2019-10-15 01:03:18,845 [Datanode State Machine Thread - 0] INFO  ozoneimpl.OzoneContainer (OzoneContainer.java:startContainerScrub(177)) - Background container scanner has been disabled.
2019-10-15 01:03:18,845 [Datanode State Machine Thread - 0] INFO  ratis.XceiverServerRatis (XceiverServerRatis.java:start(418)) - Starting XceiverServerRatis c9d59a07-fb10-4f7f-ac83-847017236658 at port 0
2019-10-15 01:03:18,852 [Datanode State Machine Thread - 0] INFO  impl.RaftServerProxy (RaftServerProxy.java:lambda$start$3(299)) - c9d59a07-fb10-4f7f-ac83-847017236658: start RPC server
2019-10-15 01:03:18,852 [Datanode State Machine Thread - 0] INFO  server.GrpcService (GrpcService.java:startImpl(158)) - c9d59a07-fb10-4f7f-ac83-847017236658: GrpcService started, listening on 0.0.0.0/0.0.0.0:44392
2019-10-15 01:03:18,852 [Datanode State Machine Thread - 0] INFO  ratis.XceiverServerRatis (XceiverServerRatis.java:start(428)) - XceiverServerRatis c9d59a07-fb10-4f7f-ac83-847017236658 is started using port 44392
2019-10-15 01:03:18,853 [Datanode State Machine Thread - 0] INFO  server.XceiverServerGrpc (XceiverServerGrpc.java:start(149)) - XceiverServerGrpc c9d59a07-fb10-4f7f-ac83-847017236658 is started using port 45968
2019-10-15 01:03:18,959 [Datanode State Machine Thread - 0] INFO  ozoneimpl.OzoneContainer (OzoneContainer.java:start(213)) - Attempting to start container services.
2019-10-15 01:03:18,960 [Datanode State Machine Thread - 0] INFO  ozoneimpl.OzoneContainer (OzoneContainer.java:startContainerScrub(177)) - Background container scanner has been disabled.
2019-10-15 01:03:18,960 [Datanode State Machine Thread - 0] INFO  ratis.XceiverServerRatis (XceiverServerRatis.java:start(418)) - Starting XceiverServerRatis b7f81940-2237-44cf-b3ff-9204172a0d76 at port 0
2019-10-15 01:03:18,970 [Datanode State Machine Thread - 0] INFO  impl.RaftServerProxy (RaftServerProxy.java:lambda$start$3(299)) - b7f81940-2237-44cf-b3ff-9204172a0d76: start RPC server
2019-10-15 01:03:18,975 [Datanode State Machine Thread - 0] INFO  server.GrpcService (GrpcService.java:startImpl(158)) - b7f81940-2237-44cf-b3ff-9204172a0d76: GrpcService started, listening on 0.0.0.0/0.0.0.0:46753
2019-10-15 01:03:18,976 [Datanode State Machine Thread - 0] INFO  ratis.XceiverServerRatis (XceiverServerRatis.java:start(428)) - XceiverServerRatis b7f81940-2237-44cf-b3ff-9204172a0d76 is started using port 46753
2019-10-15 01:03:18,976 [Datanode State Machine Thread - 0] INFO  server.XceiverServerGrpc (XceiverServerGrpc.java:start(149)) - XceiverServerGrpc b7f81940-2237-44cf-b3ff-9204172a0d76 is started using port 41026
2019-10-15 01:03:19,073 [Datanode State Machine Thread - 0] INFO  ozoneimpl.OzoneContainer (OzoneContainer.java:start(213)) - Attempting to start container services.
2019-10-15 01:03:19,074 [Datanode State Machine Thread - 0] INFO  ozoneimpl.OzoneContainer (OzoneContainer.java:startContainerScrub(177)) - Background container scanner has been disabled.
2019-10-15 01:03:19,074 [Datanode State Machine Thread - 0] INFO  ratis.XceiverServerRatis (XceiverServerRatis.java:start(418)) - Starting XceiverServerRatis 4b3d17e1-d6b5-4e20-a8a2-d5a36d9f1fc8 at port 0
2019-10-15 01:03:19,082 [Datanode State Machine Thread - 0] INFO  impl.RaftServerProxy (RaftServerProxy.java:lambda$start$3(299)) - 4b3d17e1-d6b5-4e20-a8a2-d5a36d9f1fc8: start RPC server
2019-10-15 01:03:19,086 [Datanode State Machine Thread - 0] INFO  server.GrpcService (GrpcService.java:startImpl(158)) - 4b3d17e1-d6b5-4e20-a8a2-d5a36d9f1fc8: GrpcService started, listening on 0.0.0.0/0.0.0.0:40937
2019-10-15 01:03:19,087 [Datanode State Machine Thread - 0] INFO  ratis.XceiverServerRatis (XceiverServerRatis.java:start(428)) - XceiverServerRatis 4b3d17e1-d6b5-4e20-a8a2-d5a36d9f1fc8 is started using port 40937
2019-10-15 01:03:19,087 [Datanode State Machine Thread - 0] INFO  server.XceiverServerGrpc (XceiverServerGrpc.java:start(149)) - XceiverServerGrpc 4b3d17e1-d6b5-4e20-a8a2-d5a36d9f1fc8 is started using port 38392
2019-10-15 01:03:19,155 [main] INFO  ozone.MiniOzoneClusterImpl (MiniOzoneClusterImpl.java:lambda$waitForClusterToBeReady$0(147)) - Waiting for cluster to be ready. Got 0 of 7 DN Heartbeats.
2019-10-15 01:03:19,163 [Datanode State Machine Thread - 0] INFO  ozoneimpl.OzoneContainer (OzoneContainer.java:start(213)) - Attempting to start container services.
2019-10-15 01:03:19,163 [Datanode State Machine Thread - 0] INFO  ozoneimpl.OzoneContainer (OzoneContainer.java:startContainerScrub(177)) - Background container scanner has been disabled.
2019-10-15 01:03:19,163 [Datanode State Machine Thread - 0] INFO  ratis.XceiverServerRatis (XceiverServerRatis.java:start(418)) - Starting XceiverServerRatis ea44caaf-8dfa-4c98-8620-096b864930b7 at port 0
2019-10-15 01:03:19,170 [Datanode State Machine Thread - 0] INFO  impl.RaftServerProxy (RaftServerProxy.java:lambda$start$3(299)) - ea44caaf-8dfa-4c98-8620-096b864930b7: start RPC server
2019-10-15 01:03:19,191 [Datanode State Machine Thread - 0] INFO  server.GrpcService (GrpcService.java:startImpl(158)) - ea44caaf-8dfa-4c98-8620-096b864930b7: GrpcService started, listening on 0.0.0.0/0.0.0.0:38660
2019-10-15 01:03:19,192 [Datanode State Machine Thread - 0] INFO  ratis.XceiverServerRatis (XceiverServerRatis.java:start(428)) - XceiverServerRatis ea44caaf-8dfa-4c98-8620-096b864930b7 is started using port 38660
2019-10-15 01:03:19,196 [Datanode State Machine Thread - 0] INFO  server.XceiverServerGrpc (XceiverServerGrpc.java:start(149)) - XceiverServerGrpc ea44caaf-8dfa-4c98-8620-096b864930b7 is started using port 33248
2019-10-15 01:03:20,005 [grpc-default-executor-6] WARN  server.GrpcLogAppender (LogUtils.java:warn(134)) - c8fa587d-1a82-4196-bd9f-b9c6b166c070@group-DF31B5A3C09F->d1fe838a-d6b9-4181-abdf-8d55bca94856-AppendLogResponseHandler: Failed appendEntries: org.apache.ratis.thirdparty.io.grpc.StatusRuntimeException: UNAVAILABLE: io exception
2019-10-15 01:03:20,005 [grpc-default-executor-4] WARN  server.GrpcLogAppender (LogUtils.java:warn(134)) - c8fa587d-1a82-4196-bd9f-b9c6b166c070@group-DF31B5A3C09F->62da231e-6706-4024-9d76-a7730eed6ee2-AppendLogResponseHandler: Failed appendEntries: org.apache.ratis.thirdparty.io.grpc.StatusRuntimeException: UNAVAILABLE: io exception
2019-10-15 01:03:20,007 [grpc-default-executor-6] INFO  impl.FollowerInfo (FollowerInfo.java:lambda$new$0(51)) - c8fa587d-1a82-4196-bd9f-b9c6b166c070@group-DF31B5A3C09F->d1fe838a-d6b9-4181-abdf-8d55bca94856: nextIndex: updateUnconditionally 0 -> 0
2019-10-15 01:03:20,007 [grpc-default-executor-4] INFO  impl.FollowerInfo (FollowerInfo.java:lambda$new$0(51)) - c8fa587d-1a82-4196-bd9f-b9c6b166c070@group-DF31B5A3C09F->62da231e-6706-4024-9d76-a7730eed6ee2: nextIndex: updateUnconditionally 0 -> 0
2019-10-15 01:03:20,155 [main] INFO  ozone.MiniOzoneClusterImpl (MiniOzoneClusterImpl.java:lambda$waitForClusterToBeReady$0(147)) - Waiting for cluster to be ready. Got 0 of 7 DN Heartbeats.
2019-10-15 01:03:20,504 [IPC Server handler 4 on 36171] INFO  net.NetworkTopology (NetworkTopologyImpl.java:add(111)) - Added a new node: /default-rack/6df06648-c4c1-45b8-8dbb-97ba20bfe81a
2019-10-15 01:03:20,508 [IPC Server handler 4 on 36171] INFO  node.SCMNodeManager (SCMNodeManager.java:register(268)) - Registered Data node : 6df06648-c4c1-45b8-8dbb-97ba20bfe81a{ip: 192.168.30.62, host: pr-hdds-2181-4tb7b-1429657930, networkLocation: /default-rack, certSerialId: null}
2019-10-15 01:03:20,509 [EventQueue-NodeRegistrationContainerReportForDataNodeSafeModeRule] INFO  safemode.SCMSafeModeManager (DataNodeSafeModeRule.java:process(71)) - SCM in safe mode. 1 DataNodes registered, 1 required.
2019-10-15 01:03:20,513 [EventQueue-NodeRegistrationContainerReportForDataNodeSafeModeRule] INFO  safemode.SCMSafeModeManager (SCMSafeModeManager.java:validateSafeModeExitRules(177)) - ScmSafeModeManager, all rules are successfully validated
2019-10-15 01:03:20,513 [EventQueue-NodeRegistrationContainerReportForDataNodeSafeModeRule] INFO  safemode.SCMSafeModeManager (SCMSafeModeManager.java:exitSafeMode(193)) - SCM exiting safe mode.
2019-10-15 01:03:20,526 [grpc-default-executor-6] INFO  impl.RaftServerProxy (RaftServerProxy.java:addNew(89)) - 6df06648-c4c1-45b8-8dbb-97ba20bfe81a: addNew group-CEABD20D1F12:[6df06648-c4c1-45b8-8dbb-97ba20bfe81a:192.168.30.62:33206] returns group-CEABD20D1F12:java.util.concurrent.CompletableFuture@41625da3[Not completed]
2019-10-15 01:03:20,531 [pool-383-thread-1] INFO  impl.RaftServerImpl (RaftServerImpl.java:<init>(95)) - 6df06648-c4c1-45b8-8dbb-97ba20bfe81a: new RaftServerImpl for group-CEABD20D1F12:[6df06648-c4c1-45b8-8dbb-97ba20bfe81a:192.168.30.62:33206] with ContainerStateMachine:uninitialized
2019-10-15 01:03:20,532 [pool-383-thread-1] INFO  server.RaftServerConfigKeys (ConfUtils.java:logGet(43)) - raft.server.rpc.timeout.min = 5s (custom)
2019-10-15 01:03:20,532 [pool-383-thread-1] INFO  server.RaftServerConfigKeys (ConfUtils.java:logGet(43)) - raft.server.rpc.timeout.max = 5200ms (custom)
2019-10-15 01:03:20,532 [pool-383-thread-1] INFO  server.RaftServerConfigKeys (ConfUtils.java:logGet(43)) - raft.server.rpcslowness.timeout = 120s (custom)
2019-10-15 01:03:20,532 [pool-383-thread-1] INFO  server.RaftServerConfigKeys (ConfUtils.java:logGet(43)) - raft.server.sleep.deviation.threshold = 300 (default)
2019-10-15 01:03:20,532 [pool-383-thread-1] INFO  server.RaftServerConfigKeys (ConfUtils.java:logGet(43)) - raft.server.log.appender.install.snapshot.enabled = false (custom)
2019-10-15 01:03:20,533 [pool-383-thread-1] INFO  impl.RaftServerImpl (ServerState.java:<init>(103)) - 6df06648-c4c1-45b8-8dbb-97ba20bfe81a@group-CEABD20D1F12: ConfigurationManager, init=-1: [6df06648-c4c1-45b8-8dbb-97ba20bfe81a:192.168.30.62:33206], old=null, confs=<EMPTY_MAP>
2019-10-15 01:03:20,533 [pool-383-thread-1] INFO  server.RaftServerConfigKeys (ConfUtils.java:logGet(43)) - raft.server.storage.dir = [/workdir/hadoop-ozone/integration-test/target/test-dir/MiniOzoneClusterImpl-f18b4a30-c446-476a-8bef-798fb19dae38/datanode-0/data/ratis] (custom)
2019-10-15 01:03:20,533 [pool-383-thread-1] INFO  server.RaftServerConfigKeys (ConfUtils.java:logGet(43)) - raft.server.log.corruption.policy = EXCEPTION (default)
2019-10-15 01:03:20,534 [pool-383-thread-1] INFO  storage.RaftStorageDirectory (RaftStorageDirectory.java:analyzeStorage(246)) - The storage directory /workdir/hadoop-ozone/integration-test/target/test-dir/MiniOzoneClusterImpl-f18b4a30-c446-476a-8bef-798fb19dae38/datanode-0/data/ratis/75d12072-1483-4a10-bf39-ceabd20d1f12 does not exist. Creating ...
2019-10-15 01:03:20,548 [pool-383-thread-1] INFO  storage.RaftStorageDirectory (RaftStorageDirectory.java:tryLock(328)) - Lock on /workdir/hadoop-ozone/integration-test/target/test-dir/MiniOzoneClusterImpl-f18b4a30-c446-476a-8bef-798fb19dae38/datanode-0/data/ratis/75d12072-1483-4a10-bf39-ceabd20d1f12/in_use.lock acquired by nodename 9255@pr-hdds-2181-4tb7b-1429657930
2019-10-15 01:03:20,562 [pool-383-thread-1] INFO  storage.RaftStorage (RaftStorage.java:format(84)) - Storage directory /workdir/hadoop-ozone/integration-test/target/test-dir/MiniOzoneClusterImpl-f18b4a30-c446-476a-8bef-798fb19dae38/datanode-0/data/ratis/75d12072-1483-4a10-bf39-ceabd20d1f12 has been successfully formatted.
2019-10-15 01:03:20,562 [pool-383-thread-1] INFO  ratis.ContainerStateMachine (ContainerStateMachine.java:loadSnapshot(231)) - group-CEABD20D1F12: The snapshot info is null. Setting the last applied indexto:(t:0, i:~)
2019-10-15 01:03:20,562 [pool-383-thread-1] INFO  server.RaftServerConfigKeys (ConfUtils.java:logGet(43)) - raft.server.notification.no-leader.timeout = 120s (custom)
2019-10-15 01:03:20,562 [pool-383-thread-1] INFO  server.RaftServerConfigKeys (ConfUtils.java:logGet(43)) - raft.server.log.use.memory = false (default)
2019-10-15 01:03:20,563 [pool-383-thread-1] INFO  server.RaftServerConfigKeys (ConfUtils.java:logGet(43)) - raft.server.log.purge.gap = 1000000 (custom)
2019-10-15 01:03:20,563 [pool-383-thread-1] INFO  server.RaftServerConfigKeys (ConfUtils.java:logGet(43)) - raft.server.log.appender.buffer.byte-limit = 33554432 (custom)
2019-10-15 01:03:20,563 [pool-383-thread-1] INFO  server.RaftServerConfigKeys (ConfUtils.java:logGet(43)) - raft.server.log.segment.size.max = 1048576 (custom)
2019-10-15 01:03:20,565 [pool-383-thread-1] INFO  server.RaftServerConfigKeys (ConfUtils.java:logGet(43)) - raft.server.log.segment.cache.num.max = 2 (custom)
2019-10-15 01:03:20,565 [pool-383-thread-1] INFO  segmented.SegmentedRaftLogWorker (SegmentedRaftLogWorker.java:<init>(173)) - new 6df06648-c4c1-45b8-8dbb-97ba20bfe81a@group-CEABD20D1F12-SegmentedRaftLogWorker for RaftStorage:Storage Directory /workdir/hadoop-ozone/integration-test/target/test-dir/MiniOzoneClusterImpl-f18b4a30-c446-476a-8bef-798fb19dae38/datanode-0/data/ratis/75d12072-1483-4a10-bf39-ceabd20d1f12
2019-10-15 01:03:20,566 [pool-383-thread-1] INFO  server.RaftServerConfigKeys (ConfUtils.java:logGet(43)) - raft.server.log.queue.byte-limit = 2147483647 (custom)
2019-10-15 01:03:20,566 [pool-383-thread-1] INFO  server.RaftServerConfigKeys (ConfUtils.java:logGet(43)) - raft.server.log.queue.element-limit = 1024 (custom)
2019-10-15 01:03:20,566 [pool-383-thread-1] INFO  server.RaftServerConfigKeys (ConfUtils.java:logGet(43)) - raft.server.log.segment.size.max = 1048576 (custom)
2019-10-15 01:03:20,566 [pool-383-thread-1] INFO  server.RaftServerConfigKeys (ConfUtils.java:logGet(43)) - raft.server.log.preallocated.size = 16384 (custom)
2019-10-15 01:03:20,566 [pool-383-thread-1] INFO  server.RaftServerConfigKeys (ConfUtils.java:logGet(43)) - raft.server.log.write.buffer.size = 33554432 (custom)
2019-10-15 01:03:20,566 [pool-383-thread-1] INFO  server.RaftServerConfigKeys (ConfUtils.java:logGet(43)) - raft.server.log.force.sync.num = 128 (default)
2019-10-15 01:03:20,566 [pool-383-thread-1] INFO  server.RaftServerConfigKeys (ConfUtils.java:logGet(43)) - raft.server.log.statemachine.data.sync = true (default)
2019-10-15 01:03:20,567 [pool-383-thread-1] INFO  server.RaftServerConfigKeys (ConfUtils.java:logGet(43)) - raft.server.log.statemachine.data.sync.timeout = 10s (default)
2019-10-15 01:03:20,567 [pool-383-thread-1] INFO  server.RaftServerConfigKeys (ConfUtils.java:logGet(43)) - raft.server.log.statemachine.data.sync.timeout.retry = -1 (default)
2019-10-15 01:03:20,567 [pool-383-thread-1] INFO  server.RaftServerConfigKeys (ConfUtils.java:logGet(43)) - raft.server.log.statemachine.data.caching.enabled = true (custom)
2019-10-15 01:03:20,568 [pool-383-thread-1] INFO  segmented.SegmentedRaftLogWorker (SegmentedRaftLogWorker.java:lambda$new$0(128)) - 6df06648-c4c1-45b8-8dbb-97ba20bfe81a@group-CEABD20D1F12-SegmentedRaftLogWorker: flushIndex: setUnconditionally 0 -> -1
2019-10-15 01:03:20,568 [pool-383-thread-1] INFO  server.RaftServerConfigKeys (ConfUtils.java:logGet(43)) - raft.server.snapshot.auto.trigger.enabled = true (custom)
2019-10-15 01:03:20,568 [pool-383-thread-1] INFO  server.RaftServerConfigKeys (ConfUtils.java:logGet(43)) - raft.server.snapshot.auto.trigger.threshold = 10000 (custom)
2019-10-15 01:03:20,568 [pool-383-thread-1] INFO  server.RaftServerConfigKeys (ConfUtils.java:logGet(43)) - raft.server.snapshot.retention.file.num = 5 (custom)
2019-10-15 01:03:20,568 [pool-383-thread-1] INFO  server.RaftServerConfigKeys (ConfUtils.java:logGet(43)) - raft.server.retrycache.expirytime = 600000ms (custom)
2019-10-15 01:03:20,570 [pool-383-thread-1] INFO  impl.RaftServerImpl (RaftServerImpl.java:start(181)) - 6df06648-c4c1-45b8-8dbb-97ba20bfe81a@group-CEABD20D1F12: start as a follower, conf=-1: [6df06648-c4c1-45b8-8dbb-97ba20bfe81a:192.168.30.62:33206], old=null
2019-10-15 01:03:20,570 [pool-383-thread-1] INFO  impl.RaftServerImpl (RaftServerImpl.java:setRole(170)) - 6df06648-c4c1-45b8-8dbb-97ba20bfe81a@group-CEABD20D1F12: changes role from      null to FOLLOWER at term 0 for startAsFollower
2019-10-15 01:03:20,571 [pool-383-thread-1] INFO  impl.RoleInfo (RoleInfo.java:updateAndGet(143)) - 6df06648-c4c1-45b8-8dbb-97ba20bfe81a: start FollowerState
2019-10-15 01:03:20,571 [pool-383-thread-1] INFO  util.JmxRegister (JmxRegister.java:tryRegister(44)) - Successfully registered JMX Bean with object name Ratis:service=RaftServer,group=group-CEABD20D1F12,id=6df06648-c4c1-45b8-8dbb-97ba20bfe81a
2019-10-15 01:03:20,581 [RatisPipelineUtilsThread] INFO  pipeline.PipelineStateManager (PipelineStateManager.java:addPipeline(56)) - Created pipeline Pipeline[ Id: 75d12072-1483-4a10-bf39-ceabd20d1f12, Nodes: 6df06648-c4c1-45b8-8dbb-97ba20bfe81a{ip: 192.168.30.62, host: pr-hdds-2181-4tb7b-1429657930, networkLocation: /default-rack, certSerialId: null}, Type:RATIS, Factor:ONE, State:OPEN]
2019-10-15 01:03:20,603 [IPC Server handler 2 on 36171] INFO  net.NetworkTopology (NetworkTopologyImpl.java:add(111)) - Added a new node: /default-rack/fbf9bb9d-af1a-40fb-a7e6-663cd57a1225
2019-10-15 01:03:20,604 [IPC Server handler 2 on 36171] INFO  node.SCMNodeManager (SCMNodeManager.java:register(268)) - Registered Data node : fbf9bb9d-af1a-40fb-a7e6-663cd57a1225{ip: 192.168.30.62, host: pr-hdds-2181-4tb7b-1429657930, networkLocation: /default-rack, certSerialId: null}
2019-10-15 01:03:20,612 [grpc-default-executor-6] INFO  impl.RaftServerProxy (RaftServerProxy.java:addNew(89)) - fbf9bb9d-af1a-40fb-a7e6-663cd57a1225: addNew group-16A54420E530:[fbf9bb9d-af1a-40fb-a7e6-663cd57a1225:192.168.30.62:40501] returns group-16A54420E530:java.util.concurrent.CompletableFuture@319b26da[Not completed]
2019-10-15 01:03:20,613 [pool-393-thread-1] INFO  impl.RaftServerImpl (RaftServerImpl.java:<init>(95)) - fbf9bb9d-af1a-40fb-a7e6-663cd57a1225: new RaftServerImpl for group-16A54420E530:[fbf9bb9d-af1a-40fb-a7e6-663cd57a1225:192.168.30.62:40501] with ContainerStateMachine:uninitialized
2019-10-15 01:03:20,613 [pool-393-thread-1] INFO  server.RaftServerConfigKeys (ConfUtils.java:logGet(43)) - raft.server.rpc.timeout.min = 5s (custom)
2019-10-15 01:03:20,613 [pool-393-thread-1] INFO  server.RaftServerConfigKeys (ConfUtils.java:logGet(43)) - raft.server.rpc.timeout.max = 5200ms (custom)
2019-10-15 01:03:20,614 [pool-393-thread-1] INFO  server.RaftServerConfigKeys (ConfUtils.java:logGet(43)) - raft.server.rpcslowness.timeout = 120s (custom)
2019-10-15 01:03:20,614 [pool-393-thread-1] INFO  server.RaftServerConfigKeys (ConfUtils.java:logGet(43)) - raft.server.sleep.deviation.threshold = 300 (default)
2019-10-15 01:03:20,614 [pool-393-thread-1] INFO  server.RaftServerConfigKeys (ConfUtils.java:logGet(43)) - raft.server.log.appender.install.snapshot.enabled = false (custom)
2019-10-15 01:03:20,614 [pool-393-thread-1] INFO  impl.RaftServerImpl (ServerState.java:<init>(103)) - fbf9bb9d-af1a-40fb-a7e6-663cd57a1225@group-16A54420E530: ConfigurationManager, init=-1: [fbf9bb9d-af1a-40fb-a7e6-663cd57a1225:192.168.30.62:40501], old=null, confs=<EMPTY_MAP>
2019-10-15 01:03:20,614 [pool-393-thread-1] INFO  server.RaftServerConfigKeys (ConfUtils.java:logGet(43)) - raft.server.storage.dir = [/workdir/hadoop-ozone/integration-test/target/test-dir/MiniOzoneClusterImpl-f18b4a30-c446-476a-8bef-798fb19dae38/datanode-1/data/ratis] (custom)
2019-10-15 01:03:20,614 [pool-393-thread-1] INFO  server.RaftServerConfigKeys (ConfUtils.java:logGet(43)) - raft.server.log.corruption.policy = EXCEPTION (default)
2019-10-15 01:03:20,615 [pool-393-thread-1] INFO  storage.RaftStorageDirectory (RaftStorageDirectory.java:analyzeStorage(246)) - The storage directory /workdir/hadoop-ozone/integration-test/target/test-dir/MiniOzoneClusterImpl-f18b4a30-c446-476a-8bef-798fb19dae38/datanode-1/data/ratis/1f3c2d89-9d24-4d62-a617-16a54420e530 does not exist. Creating ...
2019-10-15 01:03:20,628 [pool-393-thread-1] INFO  storage.RaftStorageDirectory (RaftStorageDirectory.java:tryLock(328)) - Lock on /workdir/hadoop-ozone/integration-test/target/test-dir/MiniOzoneClusterImpl-f18b4a30-c446-476a-8bef-798fb19dae38/datanode-1/data/ratis/1f3c2d89-9d24-4d62-a617-16a54420e530/in_use.lock acquired by nodename 9255@pr-hdds-2181-4tb7b-1429657930
2019-10-15 01:03:20,641 [pool-393-thread-1] INFO  storage.RaftStorage (RaftStorage.java:format(84)) - Storage directory /workdir/hadoop-ozone/integration-test/target/test-dir/MiniOzoneClusterImpl-f18b4a30-c446-476a-8bef-798fb19dae38/datanode-1/data/ratis/1f3c2d89-9d24-4d62-a617-16a54420e530 has been successfully formatted.
2019-10-15 01:03:20,641 [pool-393-thread-1] INFO  ratis.ContainerStateMachine (ContainerStateMachine.java:loadSnapshot(231)) - group-16A54420E530: The snapshot info is null. Setting the last applied indexto:(t:0, i:~)
2019-10-15 01:03:20,641 [pool-393-thread-1] INFO  server.RaftServerConfigKeys (ConfUtils.java:logGet(43)) - raft.server.notification.no-leader.timeout = 120s (custom)
2019-10-15 01:03:20,641 [pool-393-thread-1] INFO  server.RaftServerConfigKeys (ConfUtils.java:logGet(43)) - raft.server.log.use.memory = false (default)
2019-10-15 01:03:20,641 [pool-393-thread-1] INFO  server.RaftServerConfigKeys (ConfUtils.java:logGet(43)) - raft.server.log.purge.gap = 1000000 (custom)
2019-10-15 01:03:20,641 [pool-393-thread-1] INFO  server.RaftServerConfigKeys (ConfUtils.java:logGet(43)) - raft.server.log.appender.buffer.byte-limit = 33554432 (custom)
2019-10-15 01:03:20,641 [pool-393-thread-1] INFO  server.RaftServerConfigKeys (ConfUtils.java:logGet(43)) - raft.server.log.segment.size.max = 1048576 (custom)
2019-10-15 01:03:20,643 [pool-393-thread-1] INFO  server.RaftServerConfigKeys (ConfUtils.java:logGet(43)) - raft.server.log.segment.cache.num.max = 2 (custom)
2019-10-15 01:03:20,643 [pool-393-thread-1] INFO  segmented.SegmentedRaftLogWorker (SegmentedRaftLogWorker.java:<init>(173)) - new fbf9bb9d-af1a-40fb-a7e6-663cd57a1225@group-16A54420E530-SegmentedRaftLogWorker for RaftStorage:Storage Directory /workdir/hadoop-ozone/integration-test/target/test-dir/MiniOzoneClusterImpl-f18b4a30-c446-476a-8bef-798fb19dae38/datanode-1/data/ratis/1f3c2d89-9d24-4d62-a617-16a54420e530
2019-10-15 01:03:20,643 [pool-393-thread-1] INFO  server.RaftServerConfigKeys (ConfUtils.java:logGet(43)) - raft.server.log.queue.byte-limit = 2147483647 (custom)
2019-10-15 01:03:20,643 [pool-393-thread-1] INFO  server.RaftServerConfigKeys (ConfUtils.java:logGet(43)) - raft.server.log.queue.element-limit = 1024 (custom)
2019-10-15 01:03:20,643 [pool-393-thread-1] INFO  server.RaftServerConfigKeys (ConfUtils.java:logGet(43)) - raft.server.log.segment.size.max = 1048576 (custom)
2019-10-15 01:03:20,644 [pool-393-thread-1] INFO  server.RaftServerConfigKeys (ConfUtils.java:logGet(43)) - raft.server.log.preallocated.size = 16384 (custom)
2019-10-15 01:03:20,644 [pool-393-thread-1] INFO  server.RaftServerConfigKeys (ConfUtils.java:logGet(43)) - raft.server.log.write.buffer.size = 33554432 (custom)
2019-10-15 01:03:20,644 [pool-393-thread-1] INFO  server.RaftServerConfigKeys (ConfUtils.java:logGet(43)) - raft.server.log.force.sync.num = 128 (default)
2019-10-15 01:03:20,644 [pool-393-thread-1] INFO  server.RaftServerConfigKeys (ConfUtils.java:logGet(43)) - raft.server.log.statemachine.data.sync = true (default)
2019-10-15 01:03:20,644 [pool-393-thread-1] INFO  server.RaftServerConfigKeys (ConfUtils.java:logGet(43)) - raft.server.log.statemachine.data.sync.timeout = 10s (default)
2019-10-15 01:03:20,644 [pool-393-thread-1] INFO  server.RaftServerConfigKeys (ConfUtils.java:logGet(43)) - raft.server.log.statemachine.data.sync.timeout.retry = -1 (default)
2019-10-15 01:03:20,644 [pool-393-thread-1] INFO  server.RaftServerConfigKeys (ConfUtils.java:logGet(43)) - raft.server.log.statemachine.data.caching.enabled = true (custom)
2019-10-15 01:03:20,645 [pool-393-thread-1] INFO  segmented.SegmentedRaftLogWorker (SegmentedRaftLogWorker.java:lambda$new$0(128)) - fbf9bb9d-af1a-40fb-a7e6-663cd57a1225@group-16A54420E530-SegmentedRaftLogWorker: flushIndex: setUnconditionally 0 -> -1
2019-10-15 01:03:20,645 [pool-393-thread-1] INFO  server.RaftServerConfigKeys (ConfUtils.java:logGet(43)) - raft.server.snapshot.auto.trigger.enabled = true (custom)
2019-10-15 01:03:20,645 [pool-393-thread-1] INFO  server.RaftServerConfigKeys (ConfUtils.java:logGet(43)) - raft.server.snapshot.auto.trigger.threshold = 10000 (custom)
2019-10-15 01:03:20,645 [pool-393-thread-1] INFO  server.RaftServerConfigKeys (ConfUtils.java:logGet(43)) - raft.server.snapshot.retention.file.num = 5 (custom)
2019-10-15 01:03:20,645 [pool-393-thread-1] INFO  server.RaftServerConfigKeys (ConfUtils.java:logGet(43)) - raft.server.retrycache.expirytime = 600000ms (custom)
2019-10-15 01:03:20,647 [pool-393-thread-1] INFO  impl.RaftServerImpl (RaftServerImpl.java:start(181)) - fbf9bb9d-af1a-40fb-a7e6-663cd57a1225@group-16A54420E530: start as a follower, conf=-1: [fbf9bb9d-af1a-40fb-a7e6-663cd57a1225:192.168.30.62:40501], old=null
2019-10-15 01:03:20,647 [pool-393-thread-1] INFO  impl.RaftServerImpl (RaftServerImpl.java:setRole(170)) - fbf9bb9d-af1a-40fb-a7e6-663cd57a1225@group-16A54420E530: changes role from      null to FOLLOWER at term 0 for startAsFollower
2019-10-15 01:03:20,647 [pool-393-thread-1] INFO  impl.RoleInfo (RoleInfo.java:updateAndGet(143)) - fbf9bb9d-af1a-40fb-a7e6-663cd57a1225: start FollowerState
2019-10-15 01:03:20,647 [pool-393-thread-1] INFO  util.JmxRegister (JmxRegister.java:tryRegister(44)) - Successfully registered JMX Bean with object name Ratis:service=RaftServer,group=group-16A54420E530,id=fbf9bb9d-af1a-40fb-a7e6-663cd57a1225
2019-10-15 01:03:20,654 [RatisPipelineUtilsThread] INFO  pipeline.PipelineStateManager (PipelineStateManager.java:addPipeline(56)) - Created pipeline Pipeline[ Id: 1f3c2d89-9d24-4d62-a617-16a54420e530, Nodes: fbf9bb9d-af1a-40fb-a7e6-663cd57a1225{ip: 192.168.30.62, host: pr-hdds-2181-4tb7b-1429657930, networkLocation: /default-rack, certSerialId: null}, Type:RATIS, Factor:ONE, State:OPEN]
2019-10-15 01:03:20,711 [IPC Server handler 5 on 36171] INFO  net.NetworkTopology (NetworkTopologyImpl.java:add(111)) - Added a new node: /default-rack/bc9dd8d0-a210-417b-914f-78251f78a466
2019-10-15 01:03:20,712 [IPC Server handler 5 on 36171] INFO  node.SCMNodeManager (SCMNodeManager.java:register(268)) - Registered Data node : bc9dd8d0-a210-417b-914f-78251f78a466{ip: 192.168.30.62, host: pr-hdds-2181-4tb7b-1429657930, networkLocation: /default-rack, certSerialId: null}
2019-10-15 01:03:20,720 [grpc-default-executor-6] INFO  impl.RaftServerProxy (RaftServerProxy.java:addNew(89)) - bc9dd8d0-a210-417b-914f-78251f78a466: addNew group-E0F0A833A14C:[bc9dd8d0-a210-417b-914f-78251f78a466:192.168.30.62:33213] returns group-E0F0A833A14C:java.util.concurrent.CompletableFuture@436a4b6c[Not completed]
2019-10-15 01:03:20,721 [pool-403-thread-1] INFO  impl.RaftServerImpl (RaftServerImpl.java:<init>(95)) - bc9dd8d0-a210-417b-914f-78251f78a466: new RaftServerImpl for group-E0F0A833A14C:[bc9dd8d0-a210-417b-914f-78251f78a466:192.168.30.62:33213] with ContainerStateMachine:uninitialized
2019-10-15 01:03:20,721 [pool-403-thread-1] INFO  server.RaftServerConfigKeys (ConfUtils.java:logGet(43)) - raft.server.rpc.timeout.min = 5s (custom)
2019-10-15 01:03:20,721 [pool-403-thread-1] INFO  server.RaftServerConfigKeys (ConfUtils.java:logGet(43)) - raft.server.rpc.timeout.max = 5200ms (custom)
2019-10-15 01:03:20,721 [pool-403-thread-1] INFO  server.RaftServerConfigKeys (ConfUtils.java:logGet(43)) - raft.server.rpcslowness.timeout = 120s (custom)
2019-10-15 01:03:20,721 [pool-403-thread-1] INFO  server.RaftServerConfigKeys (ConfUtils.java:logGet(43)) - raft.server.sleep.deviation.threshold = 300 (default)
2019-10-15 01:03:20,721 [pool-403-thread-1] INFO  server.RaftServerConfigKeys (ConfUtils.java:logGet(43)) - raft.server.log.appender.install.snapshot.enabled = false (custom)
2019-10-15 01:03:20,721 [pool-403-thread-1] INFO  impl.RaftServerImpl (ServerState.java:<init>(103)) - bc9dd8d0-a210-417b-914f-78251f78a466@group-E0F0A833A14C: ConfigurationManager, init=-1: [bc9dd8d0-a210-417b-914f-78251f78a466:192.168.30.62:33213], old=null, confs=<EMPTY_MAP>
2019-10-15 01:03:20,721 [pool-403-thread-1] INFO  server.RaftServerConfigKeys (ConfUtils.java:logGet(43)) - raft.server.storage.dir = [/workdir/hadoop-ozone/integration-test/target/test-dir/MiniOzoneClusterImpl-f18b4a30-c446-476a-8bef-798fb19dae38/datanode-2/data/ratis] (custom)
2019-10-15 01:03:20,722 [pool-403-thread-1] INFO  server.RaftServerConfigKeys (ConfUtils.java:logGet(43)) - raft.server.log.corruption.policy = EXCEPTION (default)
2019-10-15 01:03:20,722 [pool-403-thread-1] INFO  storage.RaftStorageDirectory (RaftStorageDirectory.java:analyzeStorage(246)) - The storage directory /workdir/hadoop-ozone/integration-test/target/test-dir/MiniOzoneClusterImpl-f18b4a30-c446-476a-8bef-798fb19dae38/datanode-2/data/ratis/fd6adf98-3a8a-43ff-a0c2-e0f0a833a14c does not exist. Creating ...
2019-10-15 01:03:20,735 [pool-403-thread-1] INFO  storage.RaftStorageDirectory (RaftStorageDirectory.java:tryLock(328)) - Lock on /workdir/hadoop-ozone/integration-test/target/test-dir/MiniOzoneClusterImpl-f18b4a30-c446-476a-8bef-798fb19dae38/datanode-2/data/ratis/fd6adf98-3a8a-43ff-a0c2-e0f0a833a14c/in_use.lock acquired by nodename 9255@pr-hdds-2181-4tb7b-1429657930
2019-10-15 01:03:20,747 [pool-403-thread-1] INFO  storage.RaftStorage (RaftStorage.java:format(84)) - Storage directory /workdir/hadoop-ozone/integration-test/target/test-dir/MiniOzoneClusterImpl-f18b4a30-c446-476a-8bef-798fb19dae38/datanode-2/data/ratis/fd6adf98-3a8a-43ff-a0c2-e0f0a833a14c has been successfully formatted.
2019-10-15 01:03:20,747 [pool-403-thread-1] INFO  ratis.ContainerStateMachine (ContainerStateMachine.java:loadSnapshot(231)) - group-E0F0A833A14C: The snapshot info is null. Setting the last applied indexto:(t:0, i:~)
2019-10-15 01:03:20,747 [pool-403-thread-1] INFO  server.RaftServerConfigKeys (ConfUtils.java:logGet(43)) - raft.server.notification.no-leader.timeout = 120s (custom)
2019-10-15 01:03:20,748 [pool-403-thread-1] INFO  server.RaftServerConfigKeys (ConfUtils.java:logGet(43)) - raft.server.log.use.memory = false (default)
2019-10-15 01:03:20,748 [pool-403-thread-1] INFO  server.RaftServerConfigKeys (ConfUtils.java:logGet(43)) - raft.server.log.purge.gap = 1000000 (custom)
2019-10-15 01:03:20,748 [pool-403-thread-1] INFO  server.RaftServerConfigKeys (ConfUtils.java:logGet(43)) - raft.server.log.appender.buffer.byte-limit = 33554432 (custom)
2019-10-15 01:03:20,748 [pool-403-thread-1] INFO  server.RaftServerConfigKeys (ConfUtils.java:logGet(43)) - raft.server.log.segment.size.max = 1048576 (custom)
2019-10-15 01:03:20,749 [pool-403-thread-1] INFO  server.RaftServerConfigKeys (ConfUtils.java:logGet(43)) - raft.server.log.segment.cache.num.max = 2 (custom)
2019-10-15 01:03:20,749 [pool-403-thread-1] INFO  segmented.SegmentedRaftLogWorker (SegmentedRaftLogWorker.java:<init>(173)) - new bc9dd8d0-a210-417b-914f-78251f78a466@group-E0F0A833A14C-SegmentedRaftLogWorker for RaftStorage:Storage Directory /workdir/hadoop-ozone/integration-test/target/test-dir/MiniOzoneClusterImpl-f18b4a30-c446-476a-8bef-798fb19dae38/datanode-2/data/ratis/fd6adf98-3a8a-43ff-a0c2-e0f0a833a14c
2019-10-15 01:03:20,749 [pool-403-thread-1] INFO  server.RaftServerConfigKeys (ConfUtils.java:logGet(43)) - raft.server.log.queue.byte-limit = 2147483647 (custom)
2019-10-15 01:03:20,749 [pool-403-thread-1] INFO  server.RaftServerConfigKeys (ConfUtils.java:logGet(43)) - raft.server.log.queue.element-limit = 1024 (custom)
2019-10-15 01:03:20,749 [pool-403-thread-1] INFO  server.RaftServerConfigKeys (ConfUtils.java:logGet(43)) - raft.server.log.segment.size.max = 1048576 (custom)
2019-10-15 01:03:20,750 [pool-403-thread-1] INFO  server.RaftServerConfigKeys (ConfUtils.java:logGet(43)) - raft.server.log.preallocated.size = 16384 (custom)
2019-10-15 01:03:20,750 [pool-403-thread-1] INFO  server.RaftServerConfigKeys (ConfUtils.java:logGet(43)) - raft.server.log.write.buffer.size = 33554432 (custom)
2019-10-15 01:03:20,750 [pool-403-thread-1] INFO  server.RaftServerConfigKeys (ConfUtils.java:logGet(43)) - raft.server.log.force.sync.num = 128 (default)
2019-10-15 01:03:20,750 [pool-403-thread-1] INFO  server.RaftServerConfigKeys (ConfUtils.java:logGet(43)) - raft.server.log.statemachine.data.sync = true (default)
2019-10-15 01:03:20,750 [pool-403-thread-1] INFO  server.RaftServerConfigKeys (ConfUtils.java:logGet(43)) - raft.server.log.statemachine.data.sync.timeout = 10s (default)
2019-10-15 01:03:20,750 [pool-403-thread-1] INFO  server.RaftServerConfigKeys (ConfUtils.java:logGet(43)) - raft.server.log.statemachine.data.sync.timeout.retry = -1 (default)
2019-10-15 01:03:20,750 [pool-403-thread-1] INFO  server.RaftServerConfigKeys (ConfUtils.java:logGet(43)) - raft.server.log.statemachine.data.caching.enabled = true (custom)
2019-10-15 01:03:20,750 [pool-403-thread-1] INFO  segmented.SegmentedRaftLogWorker (SegmentedRaftLogWorker.java:lambda$new$0(128)) - bc9dd8d0-a210-417b-914f-78251f78a466@group-E0F0A833A14C-SegmentedRaftLogWorker: flushIndex: setUnconditionally 0 -> -1
2019-10-15 01:03:20,751 [pool-403-thread-1] INFO  server.RaftServerConfigKeys (ConfUtils.java:logGet(43)) - raft.server.snapshot.auto.trigger.enabled = true (custom)
2019-10-15 01:03:20,751 [pool-403-thread-1] INFO  server.RaftServerConfigKeys (ConfUtils.java:logGet(43)) - raft.server.snapshot.auto.trigger.threshold = 10000 (custom)
2019-10-15 01:03:20,751 [pool-403-thread-1] INFO  server.RaftServerConfigKeys (ConfUtils.java:logGet(43)) - raft.server.snapshot.retention.file.num = 5 (custom)
2019-10-15 01:03:20,751 [pool-403-thread-1] INFO  server.RaftServerConfigKeys (ConfUtils.java:logGet(43)) - raft.server.retrycache.expirytime = 600000ms (custom)
2019-10-15 01:03:20,752 [pool-403-thread-1] INFO  impl.RaftServerImpl (RaftServerImpl.java:start(181)) - bc9dd8d0-a210-417b-914f-78251f78a466@group-E0F0A833A14C: start as a follower, conf=-1: [bc9dd8d0-a210-417b-914f-78251f78a466:192.168.30.62:33213], old=null
2019-10-15 01:03:20,753 [pool-403-thread-1] INFO  impl.RaftServerImpl (RaftServerImpl.java:setRole(170)) - bc9dd8d0-a210-417b-914f-78251f78a466@group-E0F0A833A14C: changes role from      null to FOLLOWER at term 0 for startAsFollower
2019-10-15 01:03:20,753 [pool-403-thread-1] INFO  impl.RoleInfo (RoleInfo.java:updateAndGet(143)) - bc9dd8d0-a210-417b-914f-78251f78a466: start FollowerState
2019-10-15 01:03:20,753 [pool-403-thread-1] INFO  util.JmxRegister (JmxRegister.java:tryRegister(44)) - Successfully registered JMX Bean with object name Ratis:service=RaftServer,group=group-E0F0A833A14C,id=bc9dd8d0-a210-417b-914f-78251f78a466
2019-10-15 01:03:20,761 [RatisPipelineUtilsThread] INFO  pipeline.PipelineStateManager (PipelineStateManager.java:addPipeline(56)) - Created pipeline Pipeline[ Id: fd6adf98-3a8a-43ff-a0c2-e0f0a833a14c, Nodes: bc9dd8d0-a210-417b-914f-78251f78a466{ip: 192.168.30.62, host: pr-hdds-2181-4tb7b-1429657930, networkLocation: /default-rack, certSerialId: null}, Type:RATIS, Factor:ONE, State:OPEN]
2019-10-15 01:03:20,779 [grpc-default-executor-1] INFO  impl.RaftServerProxy (RaftServerProxy.java:addNew(89)) - fbf9bb9d-af1a-40fb-a7e6-663cd57a1225: addNew group-2380E0FE31C7:[fbf9bb9d-af1a-40fb-a7e6-663cd57a1225:192.168.30.62:40501, 6df06648-c4c1-45b8-8dbb-97ba20bfe81a:192.168.30.62:33206, bc9dd8d0-a210-417b-914f-78251f78a466:192.168.30.62:33213] returns group-2380E0FE31C7:java.util.concurrent.CompletableFuture@2e80272c[Not completed]
2019-10-15 01:03:20,779 [grpc-default-executor-6] INFO  impl.RaftServerProxy (RaftServerProxy.java:addNew(89)) - 6df06648-c4c1-45b8-8dbb-97ba20bfe81a: addNew group-2380E0FE31C7:[fbf9bb9d-af1a-40fb-a7e6-663cd57a1225:192.168.30.62:40501, 6df06648-c4c1-45b8-8dbb-97ba20bfe81a:192.168.30.62:33206, bc9dd8d0-a210-417b-914f-78251f78a466:192.168.30.62:33213] returns group-2380E0FE31C7:java.util.concurrent.CompletableFuture@766588d5[Not completed]
2019-10-15 01:03:20,780 [grpc-default-executor-4] INFO  impl.RaftServerProxy (RaftServerProxy.java:addNew(89)) - bc9dd8d0-a210-417b-914f-78251f78a466: addNew group-2380E0FE31C7:[fbf9bb9d-af1a-40fb-a7e6-663cd57a1225:192.168.30.62:40501, 6df06648-c4c1-45b8-8dbb-97ba20bfe81a:192.168.30.62:33206, bc9dd8d0-a210-417b-914f-78251f78a466:192.168.30.62:33213] returns group-2380E0FE31C7:java.util.concurrent.CompletableFuture@58b58d79[Not completed]
2019-10-15 01:03:20,780 [pool-393-thread-1] INFO  impl.RaftServerImpl (RaftServerImpl.java:<init>(95)) - fbf9bb9d-af1a-40fb-a7e6-663cd57a1225: new RaftServerImpl for group-2380E0FE31C7:[fbf9bb9d-af1a-40fb-a7e6-663cd57a1225:192.168.30.62:40501, 6df06648-c4c1-45b8-8dbb-97ba20bfe81a:192.168.30.62:33206, bc9dd8d0-a210-417b-914f-78251f78a466:192.168.30.62:33213] with ContainerStateMachine:uninitialized
2019-10-15 01:03:20,781 [pool-393-thread-1] INFO  server.RaftServerConfigKeys (ConfUtils.java:logGet(43)) - raft.server.rpc.timeout.min = 5s (custom)
2019-10-15 01:03:20,781 [pool-393-thread-1] INFO  server.RaftServerConfigKeys (ConfUtils.java:logGet(43)) - raft.server.rpc.timeout.max = 5200ms (custom)
2019-10-15 01:03:20,781 [pool-393-thread-1] INFO  server.RaftServerConfigKeys (ConfUtils.java:logGet(43)) - raft.server.rpcslowness.timeout = 120s (custom)
2019-10-15 01:03:20,781 [pool-403-thread-1] INFO  impl.RaftServerImpl (RaftServerImpl.java:<init>(95)) - bc9dd8d0-a210-417b-914f-78251f78a466: new RaftServerImpl for group-2380E0FE31C7:[fbf9bb9d-af1a-40fb-a7e6-663cd57a1225:192.168.30.62:40501, 6df06648-c4c1-45b8-8dbb-97ba20bfe81a:192.168.30.62:33206, bc9dd8d0-a210-417b-914f-78251f78a466:192.168.30.62:33213] with ContainerStateMachine:uninitialized
2019-10-15 01:03:20,781 [pool-393-thread-1] INFO  server.RaftServerConfigKeys (ConfUtils.java:logGet(43)) - raft.server.sleep.deviation.threshold = 300 (default)
2019-10-15 01:03:20,781 [pool-403-thread-1] INFO  server.RaftServerConfigKeys (ConfUtils.java:logGet(43)) - raft.server.rpc.timeout.min = 5s (custom)
2019-10-15 01:03:20,781 [pool-393-thread-1] INFO  server.RaftServerConfigKeys (ConfUtils.java:logGet(43)) - raft.server.log.appender.install.snapshot.enabled = false (custom)
2019-10-15 01:03:20,781 [pool-403-thread-1] INFO  server.RaftServerConfigKeys (ConfUtils.java:logGet(43)) - raft.server.rpc.timeout.max = 5200ms (custom)
2019-10-15 01:03:20,781 [pool-393-thread-1] INFO  impl.RaftServerImpl (ServerState.java:<init>(103)) - fbf9bb9d-af1a-40fb-a7e6-663cd57a1225@group-2380E0FE31C7: ConfigurationManager, init=-1: [fbf9bb9d-af1a-40fb-a7e6-663cd57a1225:192.168.30.62:40501, 6df06648-c4c1-45b8-8dbb-97ba20bfe81a:192.168.30.62:33206, bc9dd8d0-a210-417b-914f-78251f78a466:192.168.30.62:33213], old=null, confs=<EMPTY_MAP>
2019-10-15 01:03:20,781 [pool-383-thread-1] INFO  impl.RaftServerImpl (RaftServerImpl.java:<init>(95)) - 6df06648-c4c1-45b8-8dbb-97ba20bfe81a: new RaftServerImpl for group-2380E0FE31C7:[fbf9bb9d-af1a-40fb-a7e6-663cd57a1225:192.168.30.62:40501, 6df06648-c4c1-45b8-8dbb-97ba20bfe81a:192.168.30.62:33206, bc9dd8d0-a210-417b-914f-78251f78a466:192.168.30.62:33213] with ContainerStateMachine:uninitialized
2019-10-15 01:03:20,781 [pool-393-thread-1] INFO  server.RaftServerConfigKeys (ConfUtils.java:logGet(43)) - raft.server.storage.dir = [/workdir/hadoop-ozone/integration-test/target/test-dir/MiniOzoneClusterImpl-f18b4a30-c446-476a-8bef-798fb19dae38/datanode-1/data/ratis] (custom)
2019-10-15 01:03:20,781 [pool-403-thread-1] INFO  server.RaftServerConfigKeys (ConfUtils.java:logGet(43)) - raft.server.rpcslowness.timeout = 120s (custom)
2019-10-15 01:03:20,781 [pool-383-thread-1] INFO  server.RaftServerConfigKeys (ConfUtils.java:logGet(43)) - raft.server.rpc.timeout.min = 5s (custom)
2019-10-15 01:03:20,782 [pool-393-thread-1] INFO  server.RaftServerConfigKeys (ConfUtils.java:logGet(43)) - raft.server.log.corruption.policy = EXCEPTION (default)
2019-10-15 01:03:20,782 [pool-403-thread-1] INFO  server.RaftServerConfigKeys (ConfUtils.java:logGet(43)) - raft.server.sleep.deviation.threshold = 300 (default)
2019-10-15 01:03:20,782 [pool-393-thread-1] INFO  storage.RaftStorageDirectory (RaftStorageDirectory.java:analyzeStorage(246)) - The storage directory /workdir/hadoop-ozone/integration-test/target/test-dir/MiniOzoneClusterImpl-f18b4a30-c446-476a-8bef-798fb19dae38/datanode-1/data/ratis/14332e4e-c758-4662-befb-2380e0fe31c7 does not exist. Creating ...
2019-10-15 01:03:20,782 [pool-383-thread-1] INFO  server.RaftServerConfigKeys (ConfUtils.java:logGet(43)) - raft.server.rpc.timeout.max = 5200ms (custom)
2019-10-15 01:03:20,782 [pool-403-thread-1] INFO  server.RaftServerConfigKeys (ConfUtils.java:logGet(43)) - raft.server.log.appender.install.snapshot.enabled = false (custom)
2019-10-15 01:03:20,782 [pool-383-thread-1] INFO  server.RaftServerConfigKeys (ConfUtils.java:logGet(43)) - raft.server.rpcslowness.timeout = 120s (custom)
2019-10-15 01:03:20,782 [pool-403-thread-1] INFO  impl.RaftServerImpl (ServerState.java:<init>(103)) - bc9dd8d0-a210-417b-914f-78251f78a466@group-2380E0FE31C7: ConfigurationManager, init=-1: [fbf9bb9d-af1a-40fb-a7e6-663cd57a1225:192.168.30.62:40501, 6df06648-c4c1-45b8-8dbb-97ba20bfe81a:192.168.30.62:33206, bc9dd8d0-a210-417b-914f-78251f78a466:192.168.30.62:33213], old=null, confs=<EMPTY_MAP>
2019-10-15 01:03:20,782 [pool-383-thread-1] INFO  server.RaftServerConfigKeys (ConfUtils.java:logGet(43)) - raft.server.sleep.deviation.threshold = 300 (default)
2019-10-15 01:03:20,782 [pool-403-thread-1] INFO  server.RaftServerConfigKeys (ConfUtils.java:logGet(43)) - raft.server.storage.dir = [/workdir/hadoop-ozone/integration-test/target/test-dir/MiniOzoneClusterImpl-f18b4a30-c446-476a-8bef-798fb19dae38/datanode-2/data/ratis] (custom)
2019-10-15 01:03:20,782 [pool-383-thread-1] INFO  server.RaftServerConfigKeys (ConfUtils.java:logGet(43)) - raft.server.log.appender.install.snapshot.enabled = false (custom)
2019-10-15 01:03:20,782 [pool-383-thread-1] INFO  impl.RaftServerImpl (ServerState.java:<init>(103)) - 6df06648-c4c1-45b8-8dbb-97ba20bfe81a@group-2380E0FE31C7: ConfigurationManager, init=-1: [fbf9bb9d-af1a-40fb-a7e6-663cd57a1225:192.168.30.62:40501, 6df06648-c4c1-45b8-8dbb-97ba20bfe81a:192.168.30.62:33206, bc9dd8d0-a210-417b-914f-78251f78a466:192.168.30.62:33213], old=null, confs=<EMPTY_MAP>
2019-10-15 01:03:20,782 [pool-403-thread-1] INFO  server.RaftServerConfigKeys (ConfUtils.java:logGet(43)) - raft.server.log.corruption.policy = EXCEPTION (default)
2019-10-15 01:03:20,783 [pool-383-thread-1] INFO  server.RaftServerConfigKeys (ConfUtils.java:logGet(43)) - raft.server.storage.dir = [/workdir/hadoop-ozone/integration-test/target/test-dir/MiniOzoneClusterImpl-f18b4a30-c446-476a-8bef-798fb19dae38/datanode-0/data/ratis] (custom)
2019-10-15 01:03:20,783 [pool-403-thread-1] INFO  storage.RaftStorageDirectory (RaftStorageDirectory.java:analyzeStorage(246)) - The storage directory /workdir/hadoop-ozone/integration-test/target/test-dir/MiniOzoneClusterImpl-f18b4a30-c446-476a-8bef-798fb19dae38/datanode-2/data/ratis/14332e4e-c758-4662-befb-2380e0fe31c7 does not exist. Creating ...
2019-10-15 01:03:20,783 [pool-383-thread-1] INFO  server.RaftServerConfigKeys (ConfUtils.java:logGet(43)) - raft.server.log.corruption.policy = EXCEPTION (default)
2019-10-15 01:03:20,783 [pool-383-thread-1] INFO  storage.RaftStorageDirectory (RaftStorageDirectory.java:analyzeStorage(246)) - The storage directory /workdir/hadoop-ozone/integration-test/target/test-dir/MiniOzoneClusterImpl-f18b4a30-c446-476a-8bef-798fb19dae38/datanode-0/data/ratis/14332e4e-c758-4662-befb-2380e0fe31c7 does not exist. Creating ...
2019-10-15 01:03:20,790 [pool-383-thread-1] INFO  storage.RaftStorageDirectory (RaftStorageDirectory.java:tryLock(328)) - Lock on /workdir/hadoop-ozone/integration-test/target/test-dir/MiniOzoneClusterImpl-f18b4a30-c446-476a-8bef-798fb19dae38/datanode-0/data/ratis/14332e4e-c758-4662-befb-2380e0fe31c7/in_use.lock acquired by nodename 9255@pr-hdds-2181-4tb7b-1429657930
2019-10-15 01:03:20,791 [pool-403-thread-1] INFO  storage.RaftStorageDirectory (RaftStorageDirectory.java:tryLock(328)) - Lock on /workdir/hadoop-ozone/integration-test/target/test-dir/MiniOzoneClusterImpl-f18b4a30-c446-476a-8bef-798fb19dae38/datanode-2/data/ratis/14332e4e-c758-4662-befb-2380e0fe31c7/in_use.lock acquired by nodename 9255@pr-hdds-2181-4tb7b-1429657930
2019-10-15 01:03:20,791 [pool-393-thread-1] INFO  storage.RaftStorageDirectory (RaftStorageDirectory.java:tryLock(328)) - Lock on /workdir/hadoop-ozone/integration-test/target/test-dir/MiniOzoneClusterImpl-f18b4a30-c446-476a-8bef-798fb19dae38/datanode-1/data/ratis/14332e4e-c758-4662-befb-2380e0fe31c7/in_use.lock acquired by nodename 9255@pr-hdds-2181-4tb7b-1429657930
2019-10-15 01:03:20,804 [pool-383-thread-1] INFO  storage.RaftStorage (RaftStorage.java:format(84)) - Storage directory /workdir/hadoop-ozone/integration-test/target/test-dir/MiniOzoneClusterImpl-f18b4a30-c446-476a-8bef-798fb19dae38/datanode-0/data/ratis/14332e4e-c758-4662-befb-2380e0fe31c7 has been successfully formatted.
2019-10-15 01:03:20,804 [pool-393-thread-1] INFO  storage.RaftStorage (RaftStorage.java:format(84)) - Storage directory /workdir/hadoop-ozone/integration-test/target/test-dir/MiniOzoneClusterImpl-f18b4a30-c446-476a-8bef-798fb19dae38/datanode-1/data/ratis/14332e4e-c758-4662-befb-2380e0fe31c7 has been successfully formatted.
2019-10-15 01:03:20,804 [pool-403-thread-1] INFO  storage.RaftStorage (RaftStorage.java:format(84)) - Storage directory /workdir/hadoop-ozone/integration-test/target/test-dir/MiniOzoneClusterImpl-f18b4a30-c446-476a-8bef-798fb19dae38/datanode-2/data/ratis/14332e4e-c758-4662-befb-2380e0fe31c7 has been successfully formatted.
2019-10-15 01:03:20,804 [pool-393-thread-1] INFO  ratis.ContainerStateMachine (ContainerStateMachine.java:loadSnapshot(231)) - group-2380E0FE31C7: The snapshot info is null. Setting the last applied indexto:(t:0, i:~)
2019-10-15 01:03:20,804 [pool-383-thread-1] INFO  ratis.ContainerStateMachine (ContainerStateMachine.java:loadSnapshot(231)) - group-2380E0FE31C7: The snapshot info is null. Setting the last applied indexto:(t:0, i:~)
2019-10-15 01:03:20,805 [pool-403-thread-1] INFO  ratis.ContainerStateMachine (ContainerStateMachine.java:loadSnapshot(231)) - group-2380E0FE31C7: The snapshot info is null. Setting the last applied indexto:(t:0, i:~)
2019-10-15 01:03:20,805 [pool-393-thread-1] INFO  server.RaftServerConfigKeys (ConfUtils.java:logGet(43)) - raft.server.notification.no-leader.timeout = 120s (custom)
2019-10-15 01:03:20,805 [pool-403-thread-1] INFO  server.RaftServerConfigKeys (ConfUtils.java:logGet(43)) - raft.server.notification.no-leader.timeout = 120s (custom)
2019-10-15 01:03:20,805 [pool-383-thread-1] INFO  server.RaftServerConfigKeys (ConfUtils.java:logGet(43)) - raft.server.notification.no-leader.timeout = 120s (custom)
2019-10-15 01:03:20,805 [pool-403-thread-1] INFO  server.RaftServerConfigKeys (ConfUtils.java:logGet(43)) - raft.server.log.use.memory = false (default)
2019-10-15 01:03:20,805 [pool-393-thread-1] INFO  server.RaftServerConfigKeys (ConfUtils.java:logGet(43)) - raft.server.log.use.memory = false (default)
2019-10-15 01:03:20,805 [pool-403-thread-1] INFO  server.RaftServerConfigKeys (ConfUtils.java:logGet(43)) - raft.server.log.purge.gap = 1000000 (custom)
2019-10-15 01:03:20,805 [pool-383-thread-1] INFO  server.RaftServerConfigKeys (ConfUtils.java:logGet(43)) - raft.server.log.use.memory = false (default)
2019-10-15 01:03:20,805 [pool-403-thread-1] INFO  server.RaftServerConfigKeys (ConfUtils.java:logGet(43)) - raft.server.log.appender.buffer.byte-limit = 33554432 (custom)
2019-10-15 01:03:20,805 [pool-393-thread-1] INFO  server.RaftServerConfigKeys (ConfUtils.java:logGet(43)) - raft.server.log.purge.gap = 1000000 (custom)
2019-10-15 01:03:20,806 [pool-403-thread-1] INFO  server.RaftServerConfigKeys (ConfUtils.java:logGet(43)) - raft.server.log.segment.size.max = 1048576 (custom)
2019-10-15 01:03:20,805 [pool-383-thread-1] INFO  server.RaftServerConfigKeys (ConfUtils.java:logGet(43)) - raft.server.log.purge.gap = 1000000 (custom)
2019-10-15 01:03:20,806 [pool-403-thread-1] INFO  server.RaftServerConfigKeys (ConfUtils.java:logGet(43)) - raft.server.log.segment.cache.num.max = 2 (custom)
2019-10-15 01:03:20,806 [pool-393-thread-1] INFO  server.RaftServerConfigKeys (ConfUtils.java:logGet(43)) - raft.server.log.appender.buffer.byte-limit = 33554432 (custom)
2019-10-15 01:03:20,806 [pool-403-thread-1] INFO  segmented.SegmentedRaftLogWorker (SegmentedRaftLogWorker.java:<init>(173)) - new bc9dd8d0-a210-417b-914f-78251f78a466@group-2380E0FE31C7-SegmentedRaftLogWorker for RaftStorage:Storage Directory /workdir/hadoop-ozone/integration-test/target/test-dir/MiniOzoneClusterImpl-f18b4a30-c446-476a-8bef-798fb19dae38/datanode-2/data/ratis/14332e4e-c758-4662-befb-2380e0fe31c7
2019-10-15 01:03:20,806 [pool-383-thread-1] INFO  server.RaftServerConfigKeys (ConfUtils.java:logGet(43)) - raft.server.log.appender.buffer.byte-limit = 33554432 (custom)
2019-10-15 01:03:20,806 [pool-403-thread-1] INFO  server.RaftServerConfigKeys (ConfUtils.java:logGet(43)) - raft.server.log.queue.byte-limit = 2147483647 (custom)
2019-10-15 01:03:20,806 [pool-393-thread-1] INFO  server.RaftServerConfigKeys (ConfUtils.java:logGet(43)) - raft.server.log.segment.size.max = 1048576 (custom)
2019-10-15 01:03:20,806 [pool-403-thread-1] INFO  server.RaftServerConfigKeys (ConfUtils.java:logGet(43)) - raft.server.log.queue.element-limit = 1024 (custom)
2019-10-15 01:03:20,806 [pool-383-thread-1] INFO  server.RaftServerConfigKeys (ConfUtils.java:logGet(43)) - raft.server.log.segment.size.max = 1048576 (custom)
2019-10-15 01:03:20,807 [pool-403-thread-1] INFO  server.RaftServerConfigKeys (ConfUtils.java:logGet(43)) - raft.server.log.segment.size.max = 1048576 (custom)
2019-10-15 01:03:20,807 [pool-393-thread-1] INFO  server.RaftServerConfigKeys (ConfUtils.java:logGet(43)) - raft.server.log.segment.cache.num.max = 2 (custom)
2019-10-15 01:03:20,807 [pool-403-thread-1] INFO  server.RaftServerConfigKeys (ConfUtils.java:logGet(43)) - raft.server.log.preallocated.size = 16384 (custom)
2019-10-15 01:03:20,807 [pool-383-thread-1] INFO  server.RaftServerConfigKeys (ConfUtils.java:logGet(43)) - raft.server.log.segment.cache.num.max = 2 (custom)
2019-10-15 01:03:20,807 [pool-403-thread-1] INFO  server.RaftServerConfigKeys (ConfUtils.java:logGet(43)) - raft.server.log.write.buffer.size = 33554432 (custom)
2019-10-15 01:03:20,807 [pool-393-thread-1] INFO  segmented.SegmentedRaftLogWorker (SegmentedRaftLogWorker.java:<init>(173)) - new fbf9bb9d-af1a-40fb-a7e6-663cd57a1225@group-2380E0FE31C7-SegmentedRaftLogWorker for RaftStorage:Storage Directory /workdir/hadoop-ozone/integration-test/target/test-dir/MiniOzoneClusterImpl-f18b4a30-c446-476a-8bef-798fb19dae38/datanode-1/data/ratis/14332e4e-c758-4662-befb-2380e0fe31c7
2019-10-15 01:03:20,807 [pool-403-thread-1] INFO  server.RaftServerConfigKeys (ConfUtils.java:logGet(43)) - raft.server.log.force.sync.num = 128 (default)
2019-10-15 01:03:20,807 [pool-383-thread-1] INFO  segmented.SegmentedRaftLogWorker (SegmentedRaftLogWorker.java:<init>(173)) - new 6df06648-c4c1-45b8-8dbb-97ba20bfe81a@group-2380E0FE31C7-SegmentedRaftLogWorker for RaftStorage:Storage Directory /workdir/hadoop-ozone/integration-test/target/test-dir/MiniOzoneClusterImpl-f18b4a30-c446-476a-8bef-798fb19dae38/datanode-0/data/ratis/14332e4e-c758-4662-befb-2380e0fe31c7
2019-10-15 01:03:20,807 [pool-403-thread-1] INFO  server.RaftServerConfigKeys (ConfUtils.java:logGet(43)) - raft.server.log.statemachine.data.sync = true (default)
2019-10-15 01:03:20,807 [pool-393-thread-1] INFO  server.RaftServerConfigKeys (ConfUtils.java:logGet(43)) - raft.server.log.queue.byte-limit = 2147483647 (custom)
2019-10-15 01:03:20,808 [pool-403-thread-1] INFO  server.RaftServerConfigKeys (ConfUtils.java:logGet(43)) - raft.server.log.statemachine.data.sync.timeout = 10s (default)
2019-10-15 01:03:20,808 [pool-383-thread-1] INFO  server.RaftServerConfigKeys (ConfUtils.java:logGet(43)) - raft.server.log.queue.byte-limit = 2147483647 (custom)
2019-10-15 01:03:20,808 [pool-403-thread-1] INFO  server.RaftServerConfigKeys (ConfUtils.java:logGet(43)) - raft.server.log.statemachine.data.sync.timeout.retry = -1 (default)
2019-10-15 01:03:20,808 [pool-393-thread-1] INFO  server.RaftServerConfigKeys (ConfUtils.java:logGet(43)) - raft.server.log.queue.element-limit = 1024 (custom)
2019-10-15 01:03:20,808 [pool-403-thread-1] INFO  server.RaftServerConfigKeys (ConfUtils.java:logGet(43)) - raft.server.log.statemachine.data.caching.enabled = true (custom)
2019-10-15 01:03:20,808 [pool-383-thread-1] INFO  server.RaftServerConfigKeys (ConfUtils.java:logGet(43)) - raft.server.log.queue.element-limit = 1024 (custom)
2019-10-15 01:03:20,808 [pool-393-thread-1] INFO  server.RaftServerConfigKeys (ConfUtils.java:logGet(43)) - raft.server.log.segment.size.max = 1048576 (custom)
2019-10-15 01:03:20,808 [pool-383-thread-1] INFO  server.RaftServerConfigKeys (ConfUtils.java:logGet(43)) - raft.server.log.segment.size.max = 1048576 (custom)
2019-10-15 01:03:20,808 [pool-403-thread-1] INFO  segmented.SegmentedRaftLogWorker (SegmentedRaftLogWorker.java:lambda$new$0(128)) - bc9dd8d0-a210-417b-914f-78251f78a466@group-2380E0FE31C7-SegmentedRaftLogWorker: flushIndex: setUnconditionally 0 -> -1
2019-10-15 01:03:20,808 [pool-393-thread-1] INFO  server.RaftServerConfigKeys (ConfUtils.java:logGet(43)) - raft.server.log.preallocated.size = 16384 (custom)
2019-10-15 01:03:20,809 [pool-383-thread-1] INFO  server.RaftServerConfigKeys (ConfUtils.java:logGet(43)) - raft.server.log.preallocated.size = 16384 (custom)
2019-10-15 01:03:20,809 [pool-393-thread-1] INFO  server.RaftServerConfigKeys (ConfUtils.java:logGet(43)) - raft.server.log.write.buffer.size = 33554432 (custom)
2019-10-15 01:03:20,809 [pool-403-thread-1] INFO  server.RaftServerConfigKeys (ConfUtils.java:logGet(43)) - raft.server.snapshot.auto.trigger.enabled = true (custom)
2019-10-15 01:03:20,809 [pool-383-thread-1] INFO  server.RaftServerConfigKeys (ConfUtils.java:logGet(43)) - raft.server.log.write.buffer.size = 33554432 (custom)
2019-10-15 01:03:20,809 [pool-403-thread-1] INFO  server.RaftServerConfigKeys (ConfUtils.java:logGet(43)) - raft.server.snapshot.auto.trigger.threshold = 10000 (custom)
2019-10-15 01:03:20,809 [pool-393-thread-1] INFO  server.RaftServerConfigKeys (ConfUtils.java:logGet(43)) - raft.server.log.force.sync.num = 128 (default)
2019-10-15 01:03:20,809 [pool-403-thread-1] INFO  server.RaftServerConfigKeys (ConfUtils.java:logGet(43)) - raft.server.snapshot.retention.file.num = 5 (custom)
2019-10-15 01:03:20,809 [pool-383-thread-1] INFO  server.RaftServerConfigKeys (ConfUtils.java:logGet(43)) - raft.server.log.force.sync.num = 128 (default)
2019-10-15 01:03:20,809 [pool-403-thread-1] INFO  server.RaftServerConfigKeys (ConfUtils.java:logGet(43)) - raft.server.retrycache.expirytime = 600000ms (custom)
2019-10-15 01:03:20,809 [pool-393-thread-1] INFO  server.RaftServerConfigKeys (ConfUtils.java:logGet(43)) - raft.server.log.statemachine.data.sync = true (default)
2019-10-15 01:03:20,810 [pool-383-thread-1] INFO  server.RaftServerConfigKeys (ConfUtils.java:logGet(43)) - raft.server.log.statemachine.data.sync = true (default)
2019-10-15 01:03:20,810 [pool-393-thread-1] INFO  server.RaftServerConfigKeys (ConfUtils.java:logGet(43)) - raft.server.log.statemachine.data.sync.timeout = 10s (default)
2019-10-15 01:03:20,810 [pool-383-thread-1] INFO  server.RaftServerConfigKeys (ConfUtils.java:logGet(43)) - raft.server.log.statemachine.data.sync.timeout = 10s (default)
2019-10-15 01:03:20,810 [pool-393-thread-1] INFO  server.RaftServerConfigKeys (ConfUtils.java:logGet(43)) - raft.server.log.statemachine.data.sync.timeout.retry = -1 (default)
2019-10-15 01:03:20,810 [pool-383-thread-1] INFO  server.RaftServerConfigKeys (ConfUtils.java:logGet(43)) - raft.server.log.statemachine.data.sync.timeout.retry = -1 (default)
2019-10-15 01:03:20,810 [pool-383-thread-1] INFO  server.RaftServerConfigKeys (ConfUtils.java:logGet(43)) - raft.server.log.statemachine.data.caching.enabled = true (custom)
2019-10-15 01:03:20,810 [pool-393-thread-1] INFO  server.RaftServerConfigKeys (ConfUtils.java:logGet(43)) - raft.server.log.statemachine.data.caching.enabled = true (custom)
2019-10-15 01:03:20,810 [pool-383-thread-1] INFO  segmented.SegmentedRaftLogWorker (SegmentedRaftLogWorker.java:lambda$new$0(128)) - 6df06648-c4c1-45b8-8dbb-97ba20bfe81a@group-2380E0FE31C7-SegmentedRaftLogWorker: flushIndex: setUnconditionally 0 -> -1
2019-10-15 01:03:20,811 [pool-393-thread-1] INFO  segmented.SegmentedRaftLogWorker (SegmentedRaftLogWorker.java:lambda$new$0(128)) - fbf9bb9d-af1a-40fb-a7e6-663cd57a1225@group-2380E0FE31C7-SegmentedRaftLogWorker: flushIndex: setUnconditionally 0 -> -1
2019-10-15 01:03:20,811 [pool-383-thread-1] INFO  server.RaftServerConfigKeys (ConfUtils.java:logGet(43)) - raft.server.snapshot.auto.trigger.enabled = true (custom)
2019-10-15 01:03:20,811 [pool-383-thread-1] INFO  server.RaftServerConfigKeys (ConfUtils.java:logGet(43)) - raft.server.snapshot.auto.trigger.threshold = 10000 (custom)
2019-10-15 01:03:20,811 [pool-393-thread-1] INFO  server.RaftServerConfigKeys (ConfUtils.java:logGet(43)) - raft.server.snapshot.auto.trigger.enabled = true (custom)
2019-10-15 01:03:20,811 [pool-383-thread-1] INFO  server.RaftServerConfigKeys (ConfUtils.java:logGet(43)) - raft.server.snapshot.retention.file.num = 5 (custom)
2019-10-15 01:03:20,811 [pool-393-thread-1] INFO  server.RaftServerConfigKeys (ConfUtils.java:logGet(43)) - raft.server.snapshot.auto.trigger.threshold = 10000 (custom)
2019-10-15 01:03:20,811 [pool-383-thread-1] INFO  server.RaftServerConfigKeys (ConfUtils.java:logGet(43)) - raft.server.retrycache.expirytime = 600000ms (custom)
2019-10-15 01:03:20,811 [pool-393-thread-1] INFO  server.RaftServerConfigKeys (ConfUtils.java:logGet(43)) - raft.server.snapshot.retention.file.num = 5 (custom)
2019-10-15 01:03:20,811 [pool-393-thread-1] INFO  server.RaftServerConfigKeys (ConfUtils.java:logGet(43)) - raft.server.retrycache.expirytime = 600000ms (custom)
2019-10-15 01:03:20,811 [pool-403-thread-1] INFO  impl.RaftServerImpl (RaftServerImpl.java:start(181)) - bc9dd8d0-a210-417b-914f-78251f78a466@group-2380E0FE31C7: start as a follower, conf=-1: [fbf9bb9d-af1a-40fb-a7e6-663cd57a1225:192.168.30.62:40501, 6df06648-c4c1-45b8-8dbb-97ba20bfe81a:192.168.30.62:33206, bc9dd8d0-a210-417b-914f-78251f78a466:192.168.30.62:33213], old=null
2019-10-15 01:03:20,812 [pool-403-thread-1] INFO  impl.RaftServerImpl (RaftServerImpl.java:setRole(170)) - bc9dd8d0-a210-417b-914f-78251f78a466@group-2380E0FE31C7: changes role from      null to FOLLOWER at term 0 for startAsFollower
2019-10-15 01:03:20,812 [pool-403-thread-1] INFO  impl.RoleInfo (RoleInfo.java:updateAndGet(143)) - bc9dd8d0-a210-417b-914f-78251f78a466: start FollowerState
2019-10-15 01:03:20,813 [pool-403-thread-1] INFO  util.JmxRegister (JmxRegister.java:tryRegister(44)) - Successfully registered JMX Bean with object name Ratis:service=RaftServer,group=group-2380E0FE31C7,id=bc9dd8d0-a210-417b-914f-78251f78a466
2019-10-15 01:03:20,813 [pool-383-thread-1] INFO  impl.RaftServerImpl (RaftServerImpl.java:start(181)) - 6df06648-c4c1-45b8-8dbb-97ba20bfe81a@group-2380E0FE31C7: start as a follower, conf=-1: [fbf9bb9d-af1a-40fb-a7e6-663cd57a1225:192.168.30.62:40501, 6df06648-c4c1-45b8-8dbb-97ba20bfe81a:192.168.30.62:33206, bc9dd8d0-a210-417b-914f-78251f78a466:192.168.30.62:33213], old=null
2019-10-15 01:03:20,814 [pool-383-thread-1] INFO  impl.RaftServerImpl (RaftServerImpl.java:setRole(170)) - 6df06648-c4c1-45b8-8dbb-97ba20bfe81a@group-2380E0FE31C7: changes role from      null to FOLLOWER at term 0 for startAsFollower
2019-10-15 01:03:20,814 [pool-383-thread-1] INFO  impl.RoleInfo (RoleInfo.java:updateAndGet(143)) - 6df06648-c4c1-45b8-8dbb-97ba20bfe81a: start FollowerState
2019-10-15 01:03:20,814 [pool-383-thread-1] INFO  util.JmxRegister (JmxRegister.java:tryRegister(44)) - Successfully registered JMX Bean with object name Ratis:service=RaftServer,group=group-2380E0FE31C7,id=6df06648-c4c1-45b8-8dbb-97ba20bfe81a
2019-10-15 01:03:20,815 [pool-393-thread-1] INFO  impl.RaftServerImpl (RaftServerImpl.java:start(181)) - fbf9bb9d-af1a-40fb-a7e6-663cd57a1225@group-2380E0FE31C7: start as a follower, conf=-1: [fbf9bb9d-af1a-40fb-a7e6-663cd57a1225:192.168.30.62:40501, 6df06648-c4c1-45b8-8dbb-97ba20bfe81a:192.168.30.62:33206, bc9dd8d0-a210-417b-914f-78251f78a466:192.168.30.62:33213], old=null
2019-10-15 01:03:20,815 [pool-393-thread-1] INFO  impl.RaftServerImpl (RaftServerImpl.java:setRole(170)) - fbf9bb9d-af1a-40fb-a7e6-663cd57a1225@group-2380E0FE31C7: changes role from      null to FOLLOWER at term 0 for startAsFollower
2019-10-15 01:03:20,815 [pool-393-thread-1] INFO  impl.RoleInfo (RoleInfo.java:updateAndGet(143)) - fbf9bb9d-af1a-40fb-a7e6-663cd57a1225: start FollowerState
2019-10-15 01:03:20,816 [pool-393-thread-1] INFO  util.JmxRegister (JmxRegister.java:tryRegister(44)) - Successfully registered JMX Bean with object name Ratis:service=RaftServer,group=group-2380E0FE31C7,id=fbf9bb9d-af1a-40fb-a7e6-663cd57a1225
2019-10-15 01:03:20,829 [RatisPipelineUtilsThread] INFO  pipeline.PipelineStateManager (PipelineStateManager.java:addPipeline(56)) - Created pipeline Pipeline[ Id: 14332e4e-c758-4662-befb-2380e0fe31c7, Nodes: fbf9bb9d-af1a-40fb-a7e6-663cd57a1225{ip: 192.168.30.62, host: pr-hdds-2181-4tb7b-1429657930, networkLocation: /default-rack, certSerialId: null}bc9dd8d0-a210-417b-914f-78251f78a466{ip: 192.168.30.62, host: pr-hdds-2181-4tb7b-1429657930, networkLocation: /default-rack, certSerialId: null}6df06648-c4c1-45b8-8dbb-97ba20bfe81a{ip: 192.168.30.62, host: pr-hdds-2181-4tb7b-1429657930, networkLocation: /default-rack, certSerialId: null}, Type:RATIS, Factor:THREE, State:OPEN]
2019-10-15 01:03:20,833 [IPC Server handler 8 on 36171] INFO  net.NetworkTopology (NetworkTopologyImpl.java:add(111)) - Added a new node: /default-rack/c9d59a07-fb10-4f7f-ac83-847017236658
2019-10-15 01:03:20,834 [IPC Server handler 8 on 36171] INFO  node.SCMNodeManager (SCMNodeManager.java:register(268)) - Registered Data node : c9d59a07-fb10-4f7f-ac83-847017236658{ip: 192.168.30.62, host: pr-hdds-2181-4tb7b-1429657930, networkLocation: /default-rack, certSerialId: null}
2019-10-15 01:03:20,840 [grpc-default-executor-4] INFO  impl.RaftServerProxy (RaftServerProxy.java:addNew(89)) - c9d59a07-fb10-4f7f-ac83-847017236658: addNew group-3CA4889C10BB:[c9d59a07-fb10-4f7f-ac83-847017236658:192.168.30.62:44392] returns group-3CA4889C10BB:java.util.concurrent.CompletableFuture@6e9d0d6d[Not completed]
2019-10-15 01:03:20,841 [pool-413-thread-1] INFO  impl.RaftServerImpl (RaftServerImpl.java:<init>(95)) - c9d59a07-fb10-4f7f-ac83-847017236658: new RaftServerImpl for group-3CA4889C10BB:[c9d59a07-fb10-4f7f-ac83-847017236658:192.168.30.62:44392] with ContainerStateMachine:uninitialized
2019-10-15 01:03:20,841 [pool-413-thread-1] INFO  server.RaftServerConfigKeys (ConfUtils.java:logGet(43)) - raft.server.rpc.timeout.min = 5s (custom)
2019-10-15 01:03:20,841 [pool-413-thread-1] INFO  server.RaftServerConfigKeys (ConfUtils.java:logGet(43)) - raft.server.rpc.timeout.max = 5200ms (custom)
2019-10-15 01:03:20,841 [pool-413-thread-1] INFO  server.RaftServerConfigKeys (ConfUtils.java:logGet(43)) - raft.server.rpcslowness.timeout = 120s (custom)
2019-10-15 01:03:20,841 [pool-413-thread-1] INFO  server.RaftServerConfigKeys (ConfUtils.java:logGet(43)) - raft.server.sleep.deviation.threshold = 300 (default)
2019-10-15 01:03:20,841 [pool-413-thread-1] INFO  server.RaftServerConfigKeys (ConfUtils.java:logGet(43)) - raft.server.log.appender.install.snapshot.enabled = false (custom)
2019-10-15 01:03:20,842 [pool-413-thread-1] INFO  impl.RaftServerImpl (ServerState.java:<init>(103)) - c9d59a07-fb10-4f7f-ac83-847017236658@group-3CA4889C10BB: ConfigurationManager, init=-1: [c9d59a07-fb10-4f7f-ac83-847017236658:192.168.30.62:44392], old=null, confs=<EMPTY_MAP>
2019-10-15 01:03:20,842 [pool-413-thread-1] INFO  server.RaftServerConfigKeys (ConfUtils.java:logGet(43)) - raft.server.storage.dir = [/workdir/hadoop-ozone/integration-test/target/test-dir/MiniOzoneClusterImpl-f18b4a30-c446-476a-8bef-798fb19dae38/datanode-3/data/ratis] (custom)
2019-10-15 01:03:20,842 [pool-413-thread-1] INFO  server.RaftServerConfigKeys (ConfUtils.java:logGet(43)) - raft.server.log.corruption.policy = EXCEPTION (default)
2019-10-15 01:03:20,842 [pool-413-thread-1] INFO  storage.RaftStorageDirectory (RaftStorageDirectory.java:analyzeStorage(246)) - The storage directory /workdir/hadoop-ozone/integration-test/target/test-dir/MiniOzoneClusterImpl-f18b4a30-c446-476a-8bef-798fb19dae38/datanode-3/data/ratis/7fc23476-ee28-47f2-8018-3ca4889c10bb does not exist. Creating ...
2019-10-15 01:03:20,855 [pool-413-thread-1] INFO  storage.RaftStorageDirectory (RaftStorageDirectory.java:tryLock(328)) - Lock on /workdir/hadoop-ozone/integration-test/target/test-dir/MiniOzoneClusterImpl-f18b4a30-c446-476a-8bef-798fb19dae38/datanode-3/data/ratis/7fc23476-ee28-47f2-8018-3ca4889c10bb/in_use.lock acquired by nodename 9255@pr-hdds-2181-4tb7b-1429657930
2019-10-15 01:03:20,868 [pool-413-thread-1] INFO  storage.RaftStorage (RaftStorage.java:format(84)) - Storage directory /workdir/hadoop-ozone/integration-test/target/test-dir/MiniOzoneClusterImpl-f18b4a30-c446-476a-8bef-798fb19dae38/datanode-3/data/ratis/7fc23476-ee28-47f2-8018-3ca4889c10bb has been successfully formatted.
2019-10-15 01:03:20,868 [pool-413-thread-1] INFO  ratis.ContainerStateMachine (ContainerStateMachine.java:loadSnapshot(231)) - group-3CA4889C10BB: The snapshot info is null. Setting the last applied indexto:(t:0, i:~)
2019-10-15 01:03:20,868 [pool-413-thread-1] INFO  server.RaftServerConfigKeys (ConfUtils.java:logGet(43)) - raft.server.notification.no-leader.timeout = 120s (custom)
2019-10-15 01:03:20,869 [pool-413-thread-1] INFO  server.RaftServerConfigKeys (ConfUtils.java:logGet(43)) - raft.server.log.use.memory = false (default)
2019-10-15 01:03:20,869 [pool-413-thread-1] INFO  server.RaftServerConfigKeys (ConfUtils.java:logGet(43)) - raft.server.log.purge.gap = 1000000 (custom)
2019-10-15 01:03:20,869 [pool-413-thread-1] INFO  server.RaftServerConfigKeys (ConfUtils.java:logGet(43)) - raft.server.log.appender.buffer.byte-limit = 33554432 (custom)
2019-10-15 01:03:20,869 [pool-413-thread-1] INFO  server.RaftServerConfigKeys (ConfUtils.java:logGet(43)) - raft.server.log.segment.size.max = 1048576 (custom)
2019-10-15 01:03:20,870 [pool-413-thread-1] INFO  server.RaftServerConfigKeys (ConfUtils.java:logGet(43)) - raft.server.log.segment.cache.num.max = 2 (custom)
2019-10-15 01:03:20,870 [pool-413-thread-1] INFO  segmented.SegmentedRaftLogWorker (SegmentedRaftLogWorker.java:<init>(173)) - new c9d59a07-fb10-4f7f-ac83-847017236658@group-3CA4889C10BB-SegmentedRaftLogWorker for RaftStorage:Storage Directory /workdir/hadoop-ozone/integration-test/target/test-dir/MiniOzoneClusterImpl-f18b4a30-c446-476a-8bef-798fb19dae38/datanode-3/data/ratis/7fc23476-ee28-47f2-8018-3ca4889c10bb
2019-10-15 01:03:20,870 [pool-413-thread-1] INFO  server.RaftServerConfigKeys (ConfUtils.java:logGet(43)) - raft.server.log.queue.byte-limit = 2147483647 (custom)
2019-10-15 01:03:20,870 [pool-413-thread-1] INFO  server.RaftServerConfigKeys (ConfUtils.java:logGet(43)) - raft.server.log.queue.element-limit = 1024 (custom)
2019-10-15 01:03:20,871 [pool-413-thread-1] INFO  server.RaftServerConfigKeys (ConfUtils.java:logGet(43)) - raft.server.log.segment.size.max = 1048576 (custom)
2019-10-15 01:03:20,871 [pool-413-thread-1] INFO  server.RaftServerConfigKeys (ConfUtils.java:logGet(43)) - raft.server.log.preallocated.size = 16384 (custom)
2019-10-15 01:03:20,871 [pool-413-thread-1] INFO  server.RaftServerConfigKeys (ConfUtils.java:logGet(43)) - raft.server.log.write.buffer.size = 33554432 (custom)
2019-10-15 01:03:20,871 [pool-413-thread-1] INFO  server.RaftServerConfigKeys (ConfUtils.java:logGet(43)) - raft.server.log.force.sync.num = 128 (default)
2019-10-15 01:03:20,871 [pool-413-thread-1] INFO  server.RaftServerConfigKeys (ConfUtils.java:logGet(43)) - raft.server.log.statemachine.data.sync = true (default)
2019-10-15 01:03:20,871 [pool-413-thread-1] INFO  server.RaftServerConfigKeys (ConfUtils.java:logGet(43)) - raft.server.log.statemachine.data.sync.timeout = 10s (default)
2019-10-15 01:03:20,871 [pool-413-thread-1] INFO  server.RaftServerConfigKeys (ConfUtils.java:logGet(43)) - raft.server.log.statemachine.data.sync.timeout.retry = -1 (default)
2019-10-15 01:03:20,871 [pool-413-thread-1] INFO  server.RaftServerConfigKeys (ConfUtils.java:logGet(43)) - raft.server.log.statemachine.data.caching.enabled = true (custom)
2019-10-15 01:03:20,872 [pool-413-thread-1] INFO  segmented.SegmentedRaftLogWorker (SegmentedRaftLogWorker.java:lambda$new$0(128)) - c9d59a07-fb10-4f7f-ac83-847017236658@group-3CA4889C10BB-SegmentedRaftLogWorker: flushIndex: setUnconditionally 0 -> -1
2019-10-15 01:03:20,872 [pool-413-thread-1] INFO  server.RaftServerConfigKeys (ConfUtils.java:logGet(43)) - raft.server.snapshot.auto.trigger.enabled = true (custom)
2019-10-15 01:03:20,872 [pool-413-thread-1] INFO  server.RaftServerConfigKeys (ConfUtils.java:logGet(43)) - raft.server.snapshot.auto.trigger.threshold = 10000 (custom)
2019-10-15 01:03:20,872 [pool-413-thread-1] INFO  server.RaftServerConfigKeys (ConfUtils.java:logGet(43)) - raft.server.snapshot.retention.file.num = 5 (custom)
2019-10-15 01:03:20,872 [pool-413-thread-1] INFO  server.RaftServerConfigKeys (ConfUtils.java:logGet(43)) - raft.server.retrycache.expirytime = 600000ms (custom)
2019-10-15 01:03:20,873 [pool-413-thread-1] INFO  impl.RaftServerImpl (RaftServerImpl.java:start(181)) - c9d59a07-fb10-4f7f-ac83-847017236658@group-3CA4889C10BB: start as a follower, conf=-1: [c9d59a07-fb10-4f7f-ac83-847017236658:192.168.30.62:44392], old=null
2019-10-15 01:03:20,873 [pool-413-thread-1] INFO  impl.RaftServerImpl (RaftServerImpl.java:setRole(170)) - c9d59a07-fb10-4f7f-ac83-847017236658@group-3CA4889C10BB: changes role from      null to FOLLOWER at term 0 for startAsFollower
2019-10-15 01:03:20,873 [pool-413-thread-1] INFO  impl.RoleInfo (RoleInfo.java:updateAndGet(143)) - c9d59a07-fb10-4f7f-ac83-847017236658: start FollowerState
2019-10-15 01:03:20,874 [pool-413-thread-1] INFO  util.JmxRegister (JmxRegister.java:tryRegister(44)) - Successfully registered JMX Bean with object name Ratis:service=RaftServer,group=group-3CA4889C10BB,id=c9d59a07-fb10-4f7f-ac83-847017236658
2019-10-15 01:03:20,881 [RatisPipelineUtilsThread] INFO  pipeline.PipelineStateManager (PipelineStateManager.java:addPipeline(56)) - Created pipeline Pipeline[ Id: 7fc23476-ee28-47f2-8018-3ca4889c10bb, Nodes: c9d59a07-fb10-4f7f-ac83-847017236658{ip: 192.168.30.62, host: pr-hdds-2181-4tb7b-1429657930, networkLocation: /default-rack, certSerialId: null}, Type:RATIS, Factor:ONE, State:OPEN]
2019-10-15 01:03:20,946 [IPC Server handler 0 on 36171] INFO  net.NetworkTopology (NetworkTopologyImpl.java:add(111)) - Added a new node: /default-rack/b7f81940-2237-44cf-b3ff-9204172a0d76
2019-10-15 01:03:20,946 [IPC Server handler 0 on 36171] INFO  node.SCMNodeManager (SCMNodeManager.java:register(268)) - Registered Data node : b7f81940-2237-44cf-b3ff-9204172a0d76{ip: 192.168.30.62, host: pr-hdds-2181-4tb7b-1429657930, networkLocation: /default-rack, certSerialId: null}
2019-10-15 01:03:20,957 [grpc-default-executor-4] INFO  impl.RaftServerProxy (RaftServerProxy.java:addNew(89)) - b7f81940-2237-44cf-b3ff-9204172a0d76: addNew group-A987978ABD87:[b7f81940-2237-44cf-b3ff-9204172a0d76:192.168.30.62:46753] returns group-A987978ABD87:java.util.concurrent.CompletableFuture@2a74b5a0[Not completed]
2019-10-15 01:03:20,958 [pool-423-thread-1] INFO  impl.RaftServerImpl (RaftServerImpl.java:<init>(95)) - b7f81940-2237-44cf-b3ff-9204172a0d76: new RaftServerImpl for group-A987978ABD87:[b7f81940-2237-44cf-b3ff-9204172a0d76:192.168.30.62:46753] with ContainerStateMachine:uninitialized
2019-10-15 01:03:20,958 [pool-423-thread-1] INFO  server.RaftServerConfigKeys (ConfUtils.java:logGet(43)) - raft.server.rpc.timeout.min = 5s (custom)
2019-10-15 01:03:20,958 [pool-423-thread-1] INFO  server.RaftServerConfigKeys (ConfUtils.java:logGet(43)) - raft.server.rpc.timeout.max = 5200ms (custom)
2019-10-15 01:03:20,958 [pool-423-thread-1] INFO  server.RaftServerConfigKeys (ConfUtils.java:logGet(43)) - raft.server.rpcslowness.timeout = 120s (custom)
2019-10-15 01:03:20,958 [pool-423-thread-1] INFO  server.RaftServerConfigKeys (ConfUtils.java:logGet(43)) - raft.server.sleep.deviation.threshold = 300 (default)
2019-10-15 01:03:20,959 [pool-423-thread-1] INFO  server.RaftServerConfigKeys (ConfUtils.java:logGet(43)) - raft.server.log.appender.install.snapshot.enabled = false (custom)
2019-10-15 01:03:20,959 [pool-423-thread-1] INFO  impl.RaftServerImpl (ServerState.java:<init>(103)) - b7f81940-2237-44cf-b3ff-9204172a0d76@group-A987978ABD87: ConfigurationManager, init=-1: [b7f81940-2237-44cf-b3ff-9204172a0d76:192.168.30.62:46753], old=null, confs=<EMPTY_MAP>
2019-10-15 01:03:20,959 [pool-423-thread-1] INFO  server.RaftServerConfigKeys (ConfUtils.java:logGet(43)) - raft.server.storage.dir = [/workdir/hadoop-ozone/integration-test/target/test-dir/MiniOzoneClusterImpl-f18b4a30-c446-476a-8bef-798fb19dae38/datanode-4/data/ratis] (custom)
2019-10-15 01:03:20,959 [pool-423-thread-1] INFO  server.RaftServerConfigKeys (ConfUtils.java:logGet(43)) - raft.server.log.corruption.policy = EXCEPTION (default)
2019-10-15 01:03:20,959 [pool-423-thread-1] INFO  storage.RaftStorageDirectory (RaftStorageDirectory.java:analyzeStorage(246)) - The storage directory /workdir/hadoop-ozone/integration-test/target/test-dir/MiniOzoneClusterImpl-f18b4a30-c446-476a-8bef-798fb19dae38/datanode-4/data/ratis/f34e7aba-85fd-472d-bb22-a987978abd87 does not exist. Creating ...
2019-10-15 01:03:20,973 [pool-423-thread-1] INFO  storage.RaftStorageDirectory (RaftStorageDirectory.java:tryLock(328)) - Lock on /workdir/hadoop-ozone/integration-test/target/test-dir/MiniOzoneClusterImpl-f18b4a30-c446-476a-8bef-798fb19dae38/datanode-4/data/ratis/f34e7aba-85fd-472d-bb22-a987978abd87/in_use.lock acquired by nodename 9255@pr-hdds-2181-4tb7b-1429657930
2019-10-15 01:03:20,994 [pool-423-thread-1] INFO  storage.RaftStorage (RaftStorage.java:format(84)) - Storage directory /workdir/hadoop-ozone/integration-test/target/test-dir/MiniOzoneClusterImpl-f18b4a30-c446-476a-8bef-798fb19dae38/datanode-4/data/ratis/f34e7aba-85fd-472d-bb22-a987978abd87 has been successfully formatted.
2019-10-15 01:03:20,994 [pool-423-thread-1] INFO  ratis.ContainerStateMachine (ContainerStateMachine.java:loadSnapshot(231)) - group-A987978ABD87: The snapshot info is null. Setting the last applied indexto:(t:0, i:~)
2019-10-15 01:03:20,994 [pool-423-thread-1] INFO  server.RaftServerConfigKeys (ConfUtils.java:logGet(43)) - raft.server.notification.no-leader.timeout = 120s (custom)
2019-10-15 01:03:20,994 [pool-423-thread-1] INFO  server.RaftServerConfigKeys (ConfUtils.java:logGet(43)) - raft.server.log.use.memory = false (default)
2019-10-15 01:03:20,994 [pool-423-thread-1] INFO  server.RaftServerConfigKeys (ConfUtils.java:logGet(43)) - raft.server.log.purge.gap = 1000000 (custom)
2019-10-15 01:03:20,994 [pool-423-thread-1] INFO  server.RaftServerConfigKeys (ConfUtils.java:logGet(43)) - raft.server.log.appender.buffer.byte-limit = 33554432 (custom)
2019-10-15 01:03:20,994 [pool-423-thread-1] INFO  server.RaftServerConfigKeys (ConfUtils.java:logGet(43)) - raft.server.log.segment.size.max = 1048576 (custom)
2019-10-15 01:03:20,996 [pool-423-thread-1] INFO  server.RaftServerConfigKeys (ConfUtils.java:logGet(43)) - raft.server.log.segment.cache.num.max = 2 (custom)
2019-10-15 01:03:20,996 [pool-423-thread-1] INFO  segmented.SegmentedRaftLogWorker (SegmentedRaftLogWorker.java:<init>(173)) - new b7f81940-2237-44cf-b3ff-9204172a0d76@group-A987978ABD87-SegmentedRaftLogWorker for RaftStorage:Storage Directory /workdir/hadoop-ozone/integration-test/target/test-dir/MiniOzoneClusterImpl-f18b4a30-c446-476a-8bef-798fb19dae38/datanode-4/data/ratis/f34e7aba-85fd-472d-bb22-a987978abd87
2019-10-15 01:03:20,996 [pool-423-thread-1] INFO  server.RaftServerConfigKeys (ConfUtils.java:logGet(43)) - raft.server.log.queue.byte-limit = 2147483647 (custom)
2019-10-15 01:03:20,996 [pool-423-thread-1] INFO  server.RaftServerConfigKeys (ConfUtils.java:logGet(43)) - raft.server.log.queue.element-limit = 1024 (custom)
2019-10-15 01:03:20,996 [pool-423-thread-1] INFO  server.RaftServerConfigKeys (ConfUtils.java:logGet(43)) - raft.server.log.segment.size.max = 1048576 (custom)
2019-10-15 01:03:20,996 [pool-423-thread-1] INFO  server.RaftServerConfigKeys (ConfUtils.java:logGet(43)) - raft.server.log.preallocated.size = 16384 (custom)
2019-10-15 01:03:20,996 [pool-423-thread-1] INFO  server.RaftServerConfigKeys (ConfUtils.java:logGet(43)) - raft.server.log.write.buffer.size = 33554432 (custom)
2019-10-15 01:03:20,996 [pool-423-thread-1] INFO  server.RaftServerConfigKeys (ConfUtils.java:logGet(43)) - raft.server.log.force.sync.num = 128 (default)
2019-10-15 01:03:20,996 [pool-423-thread-1] INFO  server.RaftServerConfigKeys (ConfUtils.java:logGet(43)) - raft.server.log.statemachine.data.sync = true (default)
2019-10-15 01:03:20,996 [pool-423-thread-1] INFO  server.RaftServerConfigKeys (ConfUtils.java:logGet(43)) - raft.server.log.statemachine.data.sync.timeout = 10s (default)
2019-10-15 01:03:20,996 [pool-423-thread-1] INFO  server.RaftServerConfigKeys (ConfUtils.java:logGet(43)) - raft.server.log.statemachine.data.sync.timeout.retry = -1 (default)
2019-10-15 01:03:20,997 [pool-423-thread-1] INFO  server.RaftServerConfigKeys (ConfUtils.java:logGet(43)) - raft.server.log.statemachine.data.caching.enabled = true (custom)
2019-10-15 01:03:20,997 [pool-423-thread-1] INFO  segmented.SegmentedRaftLogWorker (SegmentedRaftLogWorker.java:lambda$new$0(128)) - b7f81940-2237-44cf-b3ff-9204172a0d76@group-A987978ABD87-SegmentedRaftLogWorker: flushIndex: setUnconditionally 0 -> -1
2019-10-15 01:03:20,997 [pool-423-thread-1] INFO  server.RaftServerConfigKeys (ConfUtils.java:logGet(43)) - raft.server.snapshot.auto.trigger.enabled = true (custom)
2019-10-15 01:03:20,998 [pool-423-thread-1] INFO  server.RaftServerConfigKeys (ConfUtils.java:logGet(43)) - raft.server.snapshot.auto.trigger.threshold = 10000 (custom)
2019-10-15 01:03:20,998 [pool-423-thread-1] INFO  server.RaftServerConfigKeys (ConfUtils.java:logGet(43)) - raft.server.snapshot.retention.file.num = 5 (custom)
2019-10-15 01:03:20,998 [pool-423-thread-1] INFO  server.RaftServerConfigKeys (ConfUtils.java:logGet(43)) - raft.server.retrycache.expirytime = 600000ms (custom)
2019-10-15 01:03:21,000 [pool-423-thread-1] INFO  impl.RaftServerImpl (RaftServerImpl.java:start(181)) - b7f81940-2237-44cf-b3ff-9204172a0d76@group-A987978ABD87: start as a follower, conf=-1: [b7f81940-2237-44cf-b3ff-9204172a0d76:192.168.30.62:46753], old=null
2019-10-15 01:03:21,000 [pool-423-thread-1] INFO  impl.RaftServerImpl (RaftServerImpl.java:setRole(170)) - b7f81940-2237-44cf-b3ff-9204172a0d76@group-A987978ABD87: changes role from      null to FOLLOWER at term 0 for startAsFollower
2019-10-15 01:03:21,000 [pool-423-thread-1] INFO  impl.RoleInfo (RoleInfo.java:updateAndGet(143)) - b7f81940-2237-44cf-b3ff-9204172a0d76: start FollowerState
2019-10-15 01:03:21,000 [pool-423-thread-1] INFO  util.JmxRegister (JmxRegister.java:tryRegister(44)) - Successfully registered JMX Bean with object name Ratis:service=RaftServer,group=group-A987978ABD87,id=b7f81940-2237-44cf-b3ff-9204172a0d76
2019-10-15 01:03:21,008 [RatisPipelineUtilsThread] INFO  pipeline.PipelineStateManager (PipelineStateManager.java:addPipeline(56)) - Created pipeline Pipeline[ Id: f34e7aba-85fd-472d-bb22-a987978abd87, Nodes: b7f81940-2237-44cf-b3ff-9204172a0d76{ip: 192.168.30.62, host: pr-hdds-2181-4tb7b-1429657930, networkLocation: /default-rack, certSerialId: null}, Type:RATIS, Factor:ONE, State:OPEN]
2019-10-15 01:03:21,060 [IPC Server handler 1 on 36171] INFO  net.NetworkTopology (NetworkTopologyImpl.java:add(111)) - Added a new node: /default-rack/4b3d17e1-d6b5-4e20-a8a2-d5a36d9f1fc8
2019-10-15 01:03:21,060 [IPC Server handler 1 on 36171] INFO  node.SCMNodeManager (SCMNodeManager.java:register(268)) - Registered Data node : 4b3d17e1-d6b5-4e20-a8a2-d5a36d9f1fc8{ip: 192.168.30.62, host: pr-hdds-2181-4tb7b-1429657930, networkLocation: /default-rack, certSerialId: null}
2019-10-15 01:03:21,069 [grpc-default-executor-4] INFO  impl.RaftServerProxy (RaftServerProxy.java:addNew(89)) - 4b3d17e1-d6b5-4e20-a8a2-d5a36d9f1fc8: addNew group-B93306907312:[4b3d17e1-d6b5-4e20-a8a2-d5a36d9f1fc8:192.168.30.62:40937] returns group-B93306907312:java.util.concurrent.CompletableFuture@57b16e32[Not completed]
2019-10-15 01:03:21,071 [pool-433-thread-1] INFO  impl.RaftServerImpl (RaftServerImpl.java:<init>(95)) - 4b3d17e1-d6b5-4e20-a8a2-d5a36d9f1fc8: new RaftServerImpl for group-B93306907312:[4b3d17e1-d6b5-4e20-a8a2-d5a36d9f1fc8:192.168.30.62:40937] with ContainerStateMachine:uninitialized
2019-10-15 01:03:21,071 [pool-433-thread-1] INFO  server.RaftServerConfigKeys (ConfUtils.java:logGet(43)) - raft.server.rpc.timeout.min = 5s (custom)
2019-10-15 01:03:21,071 [pool-433-thread-1] INFO  server.RaftServerConfigKeys (ConfUtils.java:logGet(43)) - raft.server.rpc.timeout.max = 5200ms (custom)
2019-10-15 01:03:21,071 [pool-433-thread-1] INFO  server.RaftServerConfigKeys (ConfUtils.java:logGet(43)) - raft.server.rpcslowness.timeout = 120s (custom)
2019-10-15 01:03:21,071 [pool-433-thread-1] INFO  server.RaftServerConfigKeys (ConfUtils.java:logGet(43)) - raft.server.sleep.deviation.threshold = 300 (default)
2019-10-15 01:03:21,071 [pool-433-thread-1] INFO  server.RaftServerConfigKeys (ConfUtils.java:logGet(43)) - raft.server.log.appender.install.snapshot.enabled = false (custom)
2019-10-15 01:03:21,072 [pool-433-thread-1] INFO  impl.RaftServerImpl (ServerState.java:<init>(103)) - 4b3d17e1-d6b5-4e20-a8a2-d5a36d9f1fc8@group-B93306907312: ConfigurationManager, init=-1: [4b3d17e1-d6b5-4e20-a8a2-d5a36d9f1fc8:192.168.30.62:40937], old=null, confs=<EMPTY_MAP>
2019-10-15 01:03:21,072 [pool-433-thread-1] INFO  server.RaftServerConfigKeys (ConfUtils.java:logGet(43)) - raft.server.storage.dir = [/workdir/hadoop-ozone/integration-test/target/test-dir/MiniOzoneClusterImpl-f18b4a30-c446-476a-8bef-798fb19dae38/datanode-5/data/ratis] (custom)
2019-10-15 01:03:21,072 [pool-433-thread-1] INFO  server.RaftServerConfigKeys (ConfUtils.java:logGet(43)) - raft.server.log.corruption.policy = EXCEPTION (default)
2019-10-15 01:03:21,072 [pool-433-thread-1] INFO  storage.RaftStorageDirectory (RaftStorageDirectory.java:analyzeStorage(246)) - The storage directory /workdir/hadoop-ozone/integration-test/target/test-dir/MiniOzoneClusterImpl-f18b4a30-c446-476a-8bef-798fb19dae38/datanode-5/data/ratis/f9bf9c42-9f58-4c6a-9c87-b93306907312 does not exist. Creating ...
2019-10-15 01:03:21,089 [pool-433-thread-1] INFO  storage.RaftStorageDirectory (RaftStorageDirectory.java:tryLock(328)) - Lock on /workdir/hadoop-ozone/integration-test/target/test-dir/MiniOzoneClusterImpl-f18b4a30-c446-476a-8bef-798fb19dae38/datanode-5/data/ratis/f9bf9c42-9f58-4c6a-9c87-b93306907312/in_use.lock acquired by nodename 9255@pr-hdds-2181-4tb7b-1429657930
2019-10-15 01:03:21,102 [pool-433-thread-1] INFO  storage.RaftStorage (RaftStorage.java:format(84)) - Storage directory /workdir/hadoop-ozone/integration-test/target/test-dir/MiniOzoneClusterImpl-f18b4a30-c446-476a-8bef-798fb19dae38/datanode-5/data/ratis/f9bf9c42-9f58-4c6a-9c87-b93306907312 has been successfully formatted.
2019-10-15 01:03:21,103 [pool-433-thread-1] INFO  ratis.ContainerStateMachine (ContainerStateMachine.java:loadSnapshot(231)) - group-B93306907312: The snapshot info is null. Setting the last applied indexto:(t:0, i:~)
2019-10-15 01:03:21,103 [pool-433-thread-1] INFO  server.RaftServerConfigKeys (ConfUtils.java:logGet(43)) - raft.server.notification.no-leader.timeout = 120s (custom)
2019-10-15 01:03:21,104 [pool-433-thread-1] INFO  server.RaftServerConfigKeys (ConfUtils.java:logGet(43)) - raft.server.log.use.memory = false (default)
2019-10-15 01:03:21,104 [pool-433-thread-1] INFO  server.RaftServerConfigKeys (ConfUtils.java:logGet(43)) - raft.server.log.purge.gap = 1000000 (custom)
2019-10-15 01:03:21,104 [pool-433-thread-1] INFO  server.RaftServerConfigKeys (ConfUtils.java:logGet(43)) - raft.server.log.appender.buffer.byte-limit = 33554432 (custom)
2019-10-15 01:03:21,104 [pool-433-thread-1] INFO  server.RaftServerConfigKeys (ConfUtils.java:logGet(43)) - raft.server.log.segment.size.max = 1048576 (custom)
2019-10-15 01:03:21,105 [pool-433-thread-1] INFO  server.RaftServerConfigKeys (ConfUtils.java:logGet(43)) - raft.server.log.segment.cache.num.max = 2 (custom)
2019-10-15 01:03:21,105 [pool-433-thread-1] INFO  segmented.SegmentedRaftLogWorker (SegmentedRaftLogWorker.java:<init>(173)) - new 4b3d17e1-d6b5-4e20-a8a2-d5a36d9f1fc8@group-B93306907312-SegmentedRaftLogWorker for RaftStorage:Storage Directory /workdir/hadoop-ozone/integration-test/target/test-dir/MiniOzoneClusterImpl-f18b4a30-c446-476a-8bef-798fb19dae38/datanode-5/data/ratis/f9bf9c42-9f58-4c6a-9c87-b93306907312
2019-10-15 01:03:21,105 [pool-433-thread-1] INFO  server.RaftServerConfigKeys (ConfUtils.java:logGet(43)) - raft.server.log.queue.byte-limit = 2147483647 (custom)
2019-10-15 01:03:21,105 [pool-433-thread-1] INFO  server.RaftServerConfigKeys (ConfUtils.java:logGet(43)) - raft.server.log.queue.element-limit = 1024 (custom)
2019-10-15 01:03:21,105 [pool-433-thread-1] INFO  server.RaftServerConfigKeys (ConfUtils.java:logGet(43)) - raft.server.log.segment.size.max = 1048576 (custom)
2019-10-15 01:03:21,105 [pool-433-thread-1] INFO  server.RaftServerConfigKeys (ConfUtils.java:logGet(43)) - raft.server.log.preallocated.size = 16384 (custom)
2019-10-15 01:03:21,105 [pool-433-thread-1] INFO  server.RaftServerConfigKeys (ConfUtils.java:logGet(43)) - raft.server.log.write.buffer.size = 33554432 (custom)
2019-10-15 01:03:21,106 [pool-433-thread-1] INFO  server.RaftServerConfigKeys (ConfUtils.java:logGet(43)) - raft.server.log.force.sync.num = 128 (default)
2019-10-15 01:03:21,106 [pool-433-thread-1] INFO  server.RaftServerConfigKeys (ConfUtils.java:logGet(43)) - raft.server.log.statemachine.data.sync = true (default)
2019-10-15 01:03:21,106 [pool-433-thread-1] INFO  server.RaftServerConfigKeys (ConfUtils.java:logGet(43)) - raft.server.log.statemachine.data.sync.timeout = 10s (default)
2019-10-15 01:03:21,106 [pool-433-thread-1] INFO  server.RaftServerConfigKeys (ConfUtils.java:logGet(43)) - raft.server.log.statemachine.data.sync.timeout.retry = -1 (default)
2019-10-15 01:03:21,106 [pool-433-thread-1] INFO  server.RaftServerConfigKeys (ConfUtils.java:logGet(43)) - raft.server.log.statemachine.data.caching.enabled = true (custom)
2019-10-15 01:03:21,106 [pool-433-thread-1] INFO  segmented.SegmentedRaftLogWorker (SegmentedRaftLogWorker.java:lambda$new$0(128)) - 4b3d17e1-d6b5-4e20-a8a2-d5a36d9f1fc8@group-B93306907312-SegmentedRaftLogWorker: flushIndex: setUnconditionally 0 -> -1
2019-10-15 01:03:21,106 [pool-433-thread-1] INFO  server.RaftServerConfigKeys (ConfUtils.java:logGet(43)) - raft.server.snapshot.auto.trigger.enabled = true (custom)
2019-10-15 01:03:21,107 [pool-433-thread-1] INFO  server.RaftServerConfigKeys (ConfUtils.java:logGet(43)) - raft.server.snapshot.auto.trigger.threshold = 10000 (custom)
2019-10-15 01:03:21,107 [pool-433-thread-1] INFO  server.RaftServerConfigKeys (ConfUtils.java:logGet(43)) - raft.server.snapshot.retention.file.num = 5 (custom)
2019-10-15 01:03:21,107 [pool-433-thread-1] INFO  server.RaftServerConfigKeys (ConfUtils.java:logGet(43)) - raft.server.retrycache.expirytime = 600000ms (custom)
2019-10-15 01:03:21,108 [pool-433-thread-1] INFO  impl.RaftServerImpl (RaftServerImpl.java:start(181)) - 4b3d17e1-d6b5-4e20-a8a2-d5a36d9f1fc8@group-B93306907312: start as a follower, conf=-1: [4b3d17e1-d6b5-4e20-a8a2-d5a36d9f1fc8:192.168.30.62:40937], old=null
2019-10-15 01:03:21,108 [pool-433-thread-1] INFO  impl.RaftServerImpl (RaftServerImpl.java:setRole(170)) - 4b3d17e1-d6b5-4e20-a8a2-d5a36d9f1fc8@group-B93306907312: changes role from      null to FOLLOWER at term 0 for startAsFollower
2019-10-15 01:03:21,108 [pool-433-thread-1] INFO  impl.RoleInfo (RoleInfo.java:updateAndGet(143)) - 4b3d17e1-d6b5-4e20-a8a2-d5a36d9f1fc8: start FollowerState
2019-10-15 01:03:21,108 [pool-433-thread-1] INFO  util.JmxRegister (JmxRegister.java:tryRegister(44)) - Successfully registered JMX Bean with object name Ratis:service=RaftServer,group=group-B93306907312,id=4b3d17e1-d6b5-4e20-a8a2-d5a36d9f1fc8
2019-10-15 01:03:21,116 [RatisPipelineUtilsThread] INFO  pipeline.PipelineStateManager (PipelineStateManager.java:addPipeline(56)) - Created pipeline Pipeline[ Id: f9bf9c42-9f58-4c6a-9c87-b93306907312, Nodes: 4b3d17e1-d6b5-4e20-a8a2-d5a36d9f1fc8{ip: 192.168.30.62, host: pr-hdds-2181-4tb7b-1429657930, networkLocation: /default-rack, certSerialId: null}, Type:RATIS, Factor:ONE, State:OPEN]
2019-10-15 01:03:21,136 [grpc-default-executor-6] INFO  impl.RaftServerProxy (RaftServerProxy.java:addNew(89)) - 4b3d17e1-d6b5-4e20-a8a2-d5a36d9f1fc8: addNew group-8126144CC0FB:[c9d59a07-fb10-4f7f-ac83-847017236658:192.168.30.62:44392, b7f81940-2237-44cf-b3ff-9204172a0d76:192.168.30.62:46753, 4b3d17e1-d6b5-4e20-a8a2-d5a36d9f1fc8:192.168.30.62:40937] returns group-8126144CC0FB:java.util.concurrent.CompletableFuture@18bf7e6d[Not completed]
2019-10-15 01:03:21,136 [grpc-default-executor-4] INFO  impl.RaftServerProxy (RaftServerProxy.java:addNew(89)) - c9d59a07-fb10-4f7f-ac83-847017236658: addNew group-8126144CC0FB:[c9d59a07-fb10-4f7f-ac83-847017236658:192.168.30.62:44392, b7f81940-2237-44cf-b3ff-9204172a0d76:192.168.30.62:46753, 4b3d17e1-d6b5-4e20-a8a2-d5a36d9f1fc8:192.168.30.62:40937] returns group-8126144CC0FB:java.util.concurrent.CompletableFuture@55711b38[Not completed]
2019-10-15 01:03:21,136 [grpc-default-executor-1] INFO  impl.RaftServerProxy (RaftServerProxy.java:addNew(89)) - b7f81940-2237-44cf-b3ff-9204172a0d76: addNew group-8126144CC0FB:[c9d59a07-fb10-4f7f-ac83-847017236658:192.168.30.62:44392, b7f81940-2237-44cf-b3ff-9204172a0d76:192.168.30.62:46753, 4b3d17e1-d6b5-4e20-a8a2-d5a36d9f1fc8:192.168.30.62:40937] returns group-8126144CC0FB:java.util.concurrent.CompletableFuture@2cc0d6c8[Not completed]
2019-10-15 01:03:21,137 [pool-433-thread-1] INFO  impl.RaftServerImpl (RaftServerImpl.java:<init>(95)) - 4b3d17e1-d6b5-4e20-a8a2-d5a36d9f1fc8: new RaftServerImpl for group-8126144CC0FB:[c9d59a07-fb10-4f7f-ac83-847017236658:192.168.30.62:44392, b7f81940-2237-44cf-b3ff-9204172a0d76:192.168.30.62:46753, 4b3d17e1-d6b5-4e20-a8a2-d5a36d9f1fc8:192.168.30.62:40937] with ContainerStateMachine:uninitialized
2019-10-15 01:03:21,137 [pool-433-thread-1] INFO  server.RaftServerConfigKeys (ConfUtils.java:logGet(43)) - raft.server.rpc.timeout.min = 5s (custom)
2019-10-15 01:03:21,137 [pool-433-thread-1] INFO  server.RaftServerConfigKeys (ConfUtils.java:logGet(43)) - raft.server.rpc.timeout.max = 5200ms (custom)
2019-10-15 01:03:21,137 [pool-433-thread-1] INFO  server.RaftServerConfigKeys (ConfUtils.java:logGet(43)) - raft.server.rpcslowness.timeout = 120s (custom)
2019-10-15 01:03:21,137 [pool-433-thread-1] INFO  server.RaftServerConfigKeys (ConfUtils.java:logGet(43)) - raft.server.sleep.deviation.threshold = 300 (default)
2019-10-15 01:03:21,137 [pool-433-thread-1] INFO  server.RaftServerConfigKeys (ConfUtils.java:logGet(43)) - raft.server.log.appender.install.snapshot.enabled = false (custom)
2019-10-15 01:03:21,138 [pool-413-thread-1] INFO  impl.RaftServerImpl (RaftServerImpl.java:<init>(95)) - c9d59a07-fb10-4f7f-ac83-847017236658: new RaftServerImpl for group-8126144CC0FB:[c9d59a07-fb10-4f7f-ac83-847017236658:192.168.30.62:44392, b7f81940-2237-44cf-b3ff-9204172a0d76:192.168.30.62:46753, 4b3d17e1-d6b5-4e20-a8a2-d5a36d9f1fc8:192.168.30.62:40937] with ContainerStateMachine:uninitialized
2019-10-15 01:03:21,138 [pool-433-thread-1] INFO  impl.RaftServerImpl (ServerState.java:<init>(103)) - 4b3d17e1-d6b5-4e20-a8a2-d5a36d9f1fc8@group-8126144CC0FB: ConfigurationManager, init=-1: [c9d59a07-fb10-4f7f-ac83-847017236658:192.168.30.62:44392, b7f81940-2237-44cf-b3ff-9204172a0d76:192.168.30.62:46753, 4b3d17e1-d6b5-4e20-a8a2-d5a36d9f1fc8:192.168.30.62:40937], old=null, confs=<EMPTY_MAP>
2019-10-15 01:03:21,138 [pool-413-thread-1] INFO  server.RaftServerConfigKeys (ConfUtils.java:logGet(43)) - raft.server.rpc.timeout.min = 5s (custom)
2019-10-15 01:03:21,138 [pool-433-thread-1] INFO  server.RaftServerConfigKeys (ConfUtils.java:logGet(43)) - raft.server.storage.dir = [/workdir/hadoop-ozone/integration-test/target/test-dir/MiniOzoneClusterImpl-f18b4a30-c446-476a-8bef-798fb19dae38/datanode-5/data/ratis] (custom)
2019-10-15 01:03:21,138 [pool-413-thread-1] INFO  server.RaftServerConfigKeys (ConfUtils.java:logGet(43)) - raft.server.rpc.timeout.max = 5200ms (custom)
2019-10-15 01:03:21,138 [pool-413-thread-1] INFO  server.RaftServerConfigKeys (ConfUtils.java:logGet(43)) - raft.server.rpcslowness.timeout = 120s (custom)
2019-10-15 01:03:21,138 [pool-433-thread-1] INFO  server.RaftServerConfigKeys (ConfUtils.java:logGet(43)) - raft.server.log.corruption.policy = EXCEPTION (default)
2019-10-15 01:03:21,138 [pool-413-thread-1] INFO  server.RaftServerConfigKeys (ConfUtils.java:logGet(43)) - raft.server.sleep.deviation.threshold = 300 (default)
2019-10-15 01:03:21,138 [pool-433-thread-1] INFO  storage.RaftStorageDirectory (RaftStorageDirectory.java:analyzeStorage(246)) - The storage directory /workdir/hadoop-ozone/integration-test/target/test-dir/MiniOzoneClusterImpl-f18b4a30-c446-476a-8bef-798fb19dae38/datanode-5/data/ratis/f6fd22c0-e82d-4a21-93fa-8126144cc0fb does not exist. Creating ...
2019-10-15 01:03:21,138 [pool-413-thread-1] INFO  server.RaftServerConfigKeys (ConfUtils.java:logGet(43)) - raft.server.log.appender.install.snapshot.enabled = false (custom)
2019-10-15 01:03:21,138 [pool-423-thread-1] INFO  impl.RaftServerImpl (RaftServerImpl.java:<init>(95)) - b7f81940-2237-44cf-b3ff-9204172a0d76: new RaftServerImpl for group-8126144CC0FB:[c9d59a07-fb10-4f7f-ac83-847017236658:192.168.30.62:44392, b7f81940-2237-44cf-b3ff-9204172a0d76:192.168.30.62:46753, 4b3d17e1-d6b5-4e20-a8a2-d5a36d9f1fc8:192.168.30.62:40937] with ContainerStateMachine:uninitialized
2019-10-15 01:03:21,139 [pool-413-thread-1] INFO  impl.RaftServerImpl (ServerState.java:<init>(103)) - c9d59a07-fb10-4f7f-ac83-847017236658@group-8126144CC0FB: ConfigurationManager, init=-1: [c9d59a07-fb10-4f7f-ac83-847017236658:192.168.30.62:44392, b7f81940-2237-44cf-b3ff-9204172a0d76:192.168.30.62:46753, 4b3d17e1-d6b5-4e20-a8a2-d5a36d9f1fc8:192.168.30.62:40937], old=null, confs=<EMPTY_MAP>
2019-10-15 01:03:21,139 [pool-423-thread-1] INFO  server.RaftServerConfigKeys (ConfUtils.java:logGet(43)) - raft.server.rpc.timeout.min = 5s (custom)
2019-10-15 01:03:21,139 [pool-413-thread-1] INFO  server.RaftServerConfigKeys (ConfUtils.java:logGet(43)) - raft.server.storage.dir = [/workdir/hadoop-ozone/integration-test/target/test-dir/MiniOzoneClusterImpl-f18b4a30-c446-476a-8bef-798fb19dae38/datanode-3/data/ratis] (custom)
2019-10-15 01:03:21,139 [pool-423-thread-1] INFO  server.RaftServerConfigKeys (ConfUtils.java:logGet(43)) - raft.server.rpc.timeout.max = 5200ms (custom)
2019-10-15 01:03:21,139 [pool-423-thread-1] INFO  server.RaftServerConfigKeys (ConfUtils.java:logGet(43)) - raft.server.rpcslowness.timeout = 120s (custom)
2019-10-15 01:03:21,139 [pool-413-thread-1] INFO  server.RaftServerConfigKeys (ConfUtils.java:logGet(43)) - raft.server.log.corruption.policy = EXCEPTION (default)
2019-10-15 01:03:21,139 [pool-423-thread-1] INFO  server.RaftServerConfigKeys (ConfUtils.java:logGet(43)) - raft.server.sleep.deviation.threshold = 300 (default)
2019-10-15 01:03:21,139 [pool-413-thread-1] INFO  storage.RaftStorageDirectory (RaftStorageDirectory.java:analyzeStorage(246)) - The storage directory /workdir/hadoop-ozone/integration-test/target/test-dir/MiniOzoneClusterImpl-f18b4a30-c446-476a-8bef-798fb19dae38/datanode-3/data/ratis/f6fd22c0-e82d-4a21-93fa-8126144cc0fb does not exist. Creating ...
2019-10-15 01:03:21,139 [pool-423-thread-1] INFO  server.RaftServerConfigKeys (ConfUtils.java:logGet(43)) - raft.server.log.appender.install.snapshot.enabled = false (custom)
2019-10-15 01:03:21,140 [pool-423-thread-1] INFO  impl.RaftServerImpl (ServerState.java:<init>(103)) - b7f81940-2237-44cf-b3ff-9204172a0d76@group-8126144CC0FB: ConfigurationManager, init=-1: [c9d59a07-fb10-4f7f-ac83-847017236658:192.168.30.62:44392, b7f81940-2237-44cf-b3ff-9204172a0d76:192.168.30.62:46753, 4b3d17e1-d6b5-4e20-a8a2-d5a36d9f1fc8:192.168.30.62:40937], old=null, confs=<EMPTY_MAP>
2019-10-15 01:03:21,140 [pool-423-thread-1] INFO  server.RaftServerConfigKeys (ConfUtils.java:logGet(43)) - raft.server.storage.dir = [/workdir/hadoop-ozone/integration-test/target/test-dir/MiniOzoneClusterImpl-f18b4a30-c446-476a-8bef-798fb19dae38/datanode-4/data/ratis] (custom)
2019-10-15 01:03:21,140 [pool-423-thread-1] INFO  server.RaftServerConfigKeys (ConfUtils.java:logGet(43)) - raft.server.log.corruption.policy = EXCEPTION (default)
2019-10-15 01:03:21,140 [pool-423-thread-1] INFO  storage.RaftStorageDirectory (RaftStorageDirectory.java:analyzeStorage(246)) - The storage directory /workdir/hadoop-ozone/integration-test/target/test-dir/MiniOzoneClusterImpl-f18b4a30-c446-476a-8bef-798fb19dae38/datanode-4/data/ratis/f6fd22c0-e82d-4a21-93fa-8126144cc0fb does not exist. Creating ...
2019-10-15 01:03:21,149 [IPC Server handler 3 on 36171] INFO  net.NetworkTopology (NetworkTopologyImpl.java:add(111)) - Added a new node: /default-rack/ea44caaf-8dfa-4c98-8620-096b864930b7
2019-10-15 01:03:21,149 [IPC Server handler 3 on 36171] INFO  node.SCMNodeManager (SCMNodeManager.java:register(268)) - Registered Data node : ea44caaf-8dfa-4c98-8620-096b864930b7{ip: 192.168.30.62, host: pr-hdds-2181-4tb7b-1429657930, networkLocation: /default-rack, certSerialId: null}
2019-10-15 01:03:21,152 [pool-413-thread-1] INFO  storage.RaftStorageDirectory (RaftStorageDirectory.java:tryLock(328)) - Lock on /workdir/hadoop-ozone/integration-test/target/test-dir/MiniOzoneClusterImpl-f18b4a30-c446-476a-8bef-798fb19dae38/datanode-3/data/ratis/f6fd22c0-e82d-4a21-93fa-8126144cc0fb/in_use.lock acquired by nodename 9255@pr-hdds-2181-4tb7b-1429657930
2019-10-15 01:03:21,152 [pool-433-thread-1] INFO  storage.RaftStorageDirectory (RaftStorageDirectory.java:tryLock(328)) - Lock on /workdir/hadoop-ozone/integration-test/target/test-dir/MiniOzoneClusterImpl-f18b4a30-c446-476a-8bef-798fb19dae38/datanode-5/data/ratis/f6fd22c0-e82d-4a21-93fa-8126144cc0fb/in_use.lock acquired by nodename 9255@pr-hdds-2181-4tb7b-1429657930
2019-10-15 01:03:21,152 [pool-423-thread-1] INFO  storage.RaftStorageDirectory (RaftStorageDirectory.java:tryLock(328)) - Lock on /workdir/hadoop-ozone/integration-test/target/test-dir/MiniOzoneClusterImpl-f18b4a30-c446-476a-8bef-798fb19dae38/datanode-4/data/ratis/f6fd22c0-e82d-4a21-93fa-8126144cc0fb/in_use.lock acquired by nodename 9255@pr-hdds-2181-4tb7b-1429657930
2019-10-15 01:03:21,156 [main] INFO  ozone.MiniOzoneClusterImpl (MiniOzoneClusterImpl.java:lambda$waitForClusterToBeReady$0(147)) - Cluster is ready. Got 7 of 7 DN Heartbeats.
2019-10-15 01:03:21,166 [pool-413-thread-1] INFO  storage.RaftStorage (RaftStorage.java:format(84)) - Storage directory /workdir/hadoop-ozone/integration-test/target/test-dir/MiniOzoneClusterImpl-f18b4a30-c446-476a-8bef-798fb19dae38/datanode-3/data/ratis/f6fd22c0-e82d-4a21-93fa-8126144cc0fb has been successfully formatted.
2019-10-15 01:03:21,166 [pool-433-thread-1] INFO  storage.RaftStorage (RaftStorage.java:format(84)) - Storage directory /workdir/hadoop-ozone/integration-test/target/test-dir/MiniOzoneClusterImpl-f18b4a30-c446-476a-8bef-798fb19dae38/datanode-5/data/ratis/f6fd22c0-e82d-4a21-93fa-8126144cc0fb has been successfully formatted.
2019-10-15 01:03:21,166 [pool-423-thread-1] INFO  storage.RaftStorage (RaftStorage.java:format(84)) - Storage directory /workdir/hadoop-ozone/integration-test/target/test-dir/MiniOzoneClusterImpl-f18b4a30-c446-476a-8bef-798fb19dae38/datanode-4/data/ratis/f6fd22c0-e82d-4a21-93fa-8126144cc0fb has been successfully formatted.
2019-10-15 01:03:21,166 [pool-433-thread-1] INFO  ratis.ContainerStateMachine (ContainerStateMachine.java:loadSnapshot(231)) - group-8126144CC0FB: The snapshot info is null. Setting the last applied indexto:(t:0, i:~)
2019-10-15 01:03:21,166 [pool-413-thread-1] INFO  ratis.ContainerStateMachine (ContainerStateMachine.java:loadSnapshot(231)) - group-8126144CC0FB: The snapshot info is null. Setting the last applied indexto:(t:0, i:~)
2019-10-15 01:03:21,166 [pool-433-thread-1] INFO  server.RaftServerConfigKeys (ConfUtils.java:logGet(43)) - raft.server.notification.no-leader.timeout = 120s (custom)
2019-10-15 01:03:21,166 [pool-423-thread-1] INFO  ratis.ContainerStateMachine (ContainerStateMachine.java:loadSnapshot(231)) - group-8126144CC0FB: The snapshot info is null. Setting the last applied indexto:(t:0, i:~)
2019-10-15 01:03:21,167 [pool-433-thread-1] INFO  server.RaftServerConfigKeys (ConfUtils.java:logGet(43)) - raft.server.log.use.memory = false (default)
2019-10-15 01:03:21,166 [pool-413-thread-1] INFO  server.RaftServerConfigKeys (ConfUtils.java:logGet(43)) - raft.server.notification.no-leader.timeout = 120s (custom)
2019-10-15 01:03:21,167 [pool-433-thread-1] INFO  server.RaftServerConfigKeys (ConfUtils.java:logGet(43)) - raft.server.log.purge.gap = 1000000 (custom)
2019-10-15 01:03:21,167 [pool-423-thread-1] INFO  server.RaftServerConfigKeys (ConfUtils.java:logGet(43)) - raft.server.notification.no-leader.timeout = 120s (custom)
2019-10-15 01:03:21,167 [pool-433-thread-1] INFO  server.RaftServerConfigKeys (ConfUtils.java:logGet(43)) - raft.server.log.appender.buffer.byte-limit = 33554432 (custom)
2019-10-15 01:03:21,167 [pool-413-thread-1] INFO  server.RaftServerConfigKeys (ConfUtils.java:logGet(43)) - raft.server.log.use.memory = false (default)
2019-10-15 01:03:21,167 [pool-433-thread-1] INFO  server.RaftServerConfigKeys (ConfUtils.java:logGet(43)) - raft.server.log.segment.size.max = 1048576 (custom)
2019-10-15 01:03:21,167 [pool-423-thread-1] INFO  server.RaftServerConfigKeys (ConfUtils.java:logGet(43)) - raft.server.log.use.memory = false (default)
2019-10-15 01:03:21,167 [pool-433-thread-1] INFO  server.RaftServerConfigKeys (ConfUtils.java:logGet(43)) - raft.server.log.segment.cache.num.max = 2 (custom)
2019-10-15 01:03:21,167 [pool-413-thread-1] INFO  server.RaftServerConfigKeys (ConfUtils.java:logGet(43)) - raft.server.log.purge.gap = 1000000 (custom)
2019-10-15 01:03:21,168 [pool-433-thread-1] INFO  segmented.SegmentedRaftLogWorker (SegmentedRaftLogWorker.java:<init>(173)) - new 4b3d17e1-d6b5-4e20-a8a2-d5a36d9f1fc8@group-8126144CC0FB-SegmentedRaftLogWorker for RaftStorage:Storage Directory /workdir/hadoop-ozone/integration-test/target/test-dir/MiniOzoneClusterImpl-f18b4a30-c446-476a-8bef-798fb19dae38/datanode-5/data/ratis/f6fd22c0-e82d-4a21-93fa-8126144cc0fb
2019-10-15 01:03:21,168 [pool-423-thread-1] INFO  server.RaftServerConfigKeys (ConfUtils.java:logGet(43)) - raft.server.log.purge.gap = 1000000 (custom)
2019-10-15 01:03:21,168 [pool-433-thread-1] INFO  server.RaftServerConfigKeys (ConfUtils.java:logGet(43)) - raft.server.log.queue.byte-limit = 2147483647 (custom)
2019-10-15 01:03:21,168 [pool-413-thread-1] INFO  server.RaftServerConfigKeys (ConfUtils.java:logGet(43)) - raft.server.log.appender.buffer.byte-limit = 33554432 (custom)
2019-10-15 01:03:21,168 [pool-433-thread-1] INFO  server.RaftServerConfigKeys (ConfUtils.java:logGet(43)) - raft.server.log.queue.element-limit = 1024 (custom)
2019-10-15 01:03:21,168 [pool-423-thread-1] INFO  server.RaftServerConfigKeys (ConfUtils.java:logGet(43)) - raft.server.log.appender.buffer.byte-limit = 33554432 (custom)
2019-10-15 01:03:21,168 [pool-433-thread-1] INFO  server.RaftServerConfigKeys (ConfUtils.java:logGet(43)) - raft.server.log.segment.size.max = 1048576 (custom)
2019-10-15 01:03:21,168 [pool-413-thread-1] INFO  server.RaftServerConfigKeys (ConfUtils.java:logGet(43)) - raft.server.log.segment.size.max = 1048576 (custom)
2019-10-15 01:03:21,168 [pool-433-thread-1] INFO  server.RaftServerConfigKeys (ConfUtils.java:logGet(43)) - raft.server.log.preallocated.size = 16384 (custom)
2019-10-15 01:03:21,168 [pool-423-thread-1] INFO  server.RaftServerConfigKeys (ConfUtils.java:logGet(43)) - raft.server.log.segment.size.max = 1048576 (custom)
2019-10-15 01:03:21,169 [pool-433-thread-1] INFO  server.RaftServerConfigKeys (ConfUtils.java:logGet(43)) - raft.server.log.write.buffer.size = 33554432 (custom)
2019-10-15 01:03:21,168 [pool-413-thread-1] INFO  server.RaftServerConfigKeys (ConfUtils.java:logGet(43)) - raft.server.log.segment.cache.num.max = 2 (custom)
2019-10-15 01:03:21,172 [pool-433-thread-1] INFO  server.RaftServerConfigKeys (ConfUtils.java:logGet(43)) - raft.server.log.force.sync.num = 128 (default)
2019-10-15 01:03:21,172 [pool-433-thread-1] INFO  server.RaftServerConfigKeys (ConfUtils.java:logGet(43)) - raft.server.log.statemachine.data.sync = true (default)
2019-10-15 01:03:21,172 [pool-423-thread-1] INFO  server.RaftServerConfigKeys (ConfUtils.java:logGet(43)) - raft.server.log.segment.cache.num.max = 2 (custom)
2019-10-15 01:03:21,185 [pool-433-thread-1] INFO  server.RaftServerConfigKeys (ConfUtils.java:logGet(43)) - raft.server.log.statemachine.data.sync.timeout = 10s (default)
2019-10-15 01:03:21,185 [pool-433-thread-1] INFO  server.RaftServerConfigKeys (ConfUtils.java:logGet(43)) - raft.server.log.statemachine.data.sync.timeout.retry = -1 (default)
2019-10-15 01:03:21,172 [pool-413-thread-1] INFO  segmented.SegmentedRaftLogWorker (SegmentedRaftLogWorker.java:<init>(173)) - new c9d59a07-fb10-4f7f-ac83-847017236658@group-8126144CC0FB-SegmentedRaftLogWorker for RaftStorage:Storage Directory /workdir/hadoop-ozone/integration-test/target/test-dir/MiniOzoneClusterImpl-f18b4a30-c446-476a-8bef-798fb19dae38/datanode-3/data/ratis/f6fd22c0-e82d-4a21-93fa-8126144cc0fb
2019-10-15 01:03:21,185 [pool-433-thread-1] INFO  server.RaftServerConfigKeys (ConfUtils.java:logGet(43)) - raft.server.log.statemachine.data.caching.enabled = true (custom)
2019-10-15 01:03:21,185 [pool-423-thread-1] INFO  segmented.SegmentedRaftLogWorker (SegmentedRaftLogWorker.java:<init>(173)) - new b7f81940-2237-44cf-b3ff-9204172a0d76@group-8126144CC0FB-SegmentedRaftLogWorker for RaftStorage:Storage Directory /workdir/hadoop-ozone/integration-test/target/test-dir/MiniOzoneClusterImpl-f18b4a30-c446-476a-8bef-798fb19dae38/datanode-4/data/ratis/f6fd22c0-e82d-4a21-93fa-8126144cc0fb
2019-10-15 01:03:21,185 [pool-413-thread-1] INFO  server.RaftServerConfigKeys (ConfUtils.java:logGet(43)) - raft.server.log.queue.byte-limit = 2147483647 (custom)
2019-10-15 01:03:21,186 [pool-433-thread-1] INFO  segmented.SegmentedRaftLogWorker (SegmentedRaftLogWorker.java:lambda$new$0(128)) - 4b3d17e1-d6b5-4e20-a8a2-d5a36d9f1fc8@group-8126144CC0FB-SegmentedRaftLogWorker: flushIndex: setUnconditionally 0 -> -1
2019-10-15 01:03:21,186 [pool-423-thread-1] INFO  server.RaftServerConfigKeys (ConfUtils.java:logGet(43)) - raft.server.log.queue.byte-limit = 2147483647 (custom)
2019-10-15 01:03:21,186 [pool-433-thread-1] INFO  server.RaftServerConfigKeys (ConfUtils.java:logGet(43)) - raft.server.snapshot.auto.trigger.enabled = true (custom)
2019-10-15 01:03:21,186 [pool-433-thread-1] INFO  server.RaftServerConfigKeys (ConfUtils.java:logGet(43)) - raft.server.snapshot.auto.trigger.threshold = 10000 (custom)
2019-10-15 01:03:21,186 [pool-413-thread-1] INFO  server.RaftServerConfigKeys (ConfUtils.java:logGet(43)) - raft.server.log.queue.element-limit = 1024 (custom)
2019-10-15 01:03:21,186 [pool-433-thread-1] INFO  server.RaftServerConfigKeys (ConfUtils.java:logGet(43)) - raft.server.snapshot.retention.file.num = 5 (custom)
2019-10-15 01:03:21,186 [pool-423-thread-1] INFO  server.RaftServerConfigKeys (ConfUtils.java:logGet(43)) - raft.server.log.queue.element-limit = 1024 (custom)
2019-10-15 01:03:21,186 [pool-433-thread-1] INFO  server.RaftServerConfigKeys (ConfUtils.java:logGet(43)) - raft.server.retrycache.expirytime = 600000ms (custom)
2019-10-15 01:03:21,186 [pool-413-thread-1] INFO  server.RaftServerConfigKeys (ConfUtils.java:logGet(43)) - raft.server.log.segment.size.max = 1048576 (custom)
2019-10-15 01:03:21,187 [pool-423-thread-1] INFO  server.RaftServerConfigKeys (ConfUtils.java:logGet(43)) - raft.server.log.segment.size.max = 1048576 (custom)
2019-10-15 01:03:21,187 [pool-413-thread-1] INFO  server.RaftServerConfigKeys (ConfUtils.java:logGet(43)) - raft.server.log.preallocated.size = 16384 (custom)
2019-10-15 01:03:21,187 [pool-423-thread-1] INFO  server.RaftServerConfigKeys (ConfUtils.java:logGet(43)) - raft.server.log.preallocated.size = 16384 (custom)
2019-10-15 01:03:21,187 [pool-413-thread-1] INFO  server.RaftServerConfigKeys (ConfUtils.java:logGet(43)) - raft.server.log.write.buffer.size = 33554432 (custom)
2019-10-15 01:03:21,187 [pool-423-thread-1] INFO  server.RaftServerConfigKeys (ConfUtils.java:logGet(43)) - raft.server.log.write.buffer.size = 33554432 (custom)
2019-10-15 01:03:21,187 [pool-413-thread-1] INFO  server.RaftServerConfigKeys (ConfUtils.java:logGet(43)) - raft.server.log.force.sync.num = 128 (default)
2019-10-15 01:03:21,187 [pool-423-thread-1] INFO  server.RaftServerConfigKeys (ConfUtils.java:logGet(43)) - raft.server.log.force.sync.num = 128 (default)
2019-10-15 01:03:21,187 [pool-413-thread-1] INFO  server.RaftServerConfigKeys (ConfUtils.java:logGet(43)) - raft.server.log.statemachine.data.sync = true (default)
2019-10-15 01:03:21,187 [pool-423-thread-1] INFO  server.RaftServerConfigKeys (ConfUtils.java:logGet(43)) - raft.server.log.statemachine.data.sync = true (default)
2019-10-15 01:03:21,188 [pool-413-thread-1] INFO  server.RaftServerConfigKeys (ConfUtils.java:logGet(43)) - raft.server.log.statemachine.data.sync.timeout = 10s (default)
2019-10-15 01:03:21,188 [pool-423-thread-1] INFO  server.RaftServerConfigKeys (ConfUtils.java:logGet(43)) - raft.server.log.statemachine.data.sync.timeout = 10s (default)
2019-10-15 01:03:21,188 [pool-413-thread-1] INFO  server.RaftServerConfigKeys (ConfUtils.java:logGet(43)) - raft.server.log.statemachine.data.sync.timeout.retry = -1 (default)
2019-10-15 01:03:21,190 [pool-433-thread-1] INFO  impl.RaftServerImpl (RaftServerImpl.java:start(181)) - 4b3d17e1-d6b5-4e20-a8a2-d5a36d9f1fc8@group-8126144CC0FB: start as a follower, conf=-1: [c9d59a07-fb10-4f7f-ac83-847017236658:192.168.30.62:44392, b7f81940-2237-44cf-b3ff-9204172a0d76:192.168.30.62:46753, 4b3d17e1-d6b5-4e20-a8a2-d5a36d9f1fc8:192.168.30.62:40937], old=null
2019-10-15 01:03:21,190 [pool-423-thread-1] INFO  server.RaftServerConfigKeys (ConfUtils.java:logGet(43)) - raft.server.log.statemachine.data.sync.timeout.retry = -1 (default)
2019-10-15 01:03:21,191 [pool-433-thread-1] INFO  impl.RaftServerImpl (RaftServerImpl.java:setRole(170)) - 4b3d17e1-d6b5-4e20-a8a2-d5a36d9f1fc8@group-8126144CC0FB: changes role from      null to FOLLOWER at term 0 for startAsFollower
2019-10-15 01:03:21,191 [pool-413-thread-1] INFO  server.RaftServerConfigKeys (ConfUtils.java:logGet(43)) - raft.server.log.statemachine.data.caching.enabled = true (custom)
2019-10-15 01:03:21,191 [pool-433-thread-1] INFO  impl.RoleInfo (RoleInfo.java:updateAndGet(143)) - 4b3d17e1-d6b5-4e20-a8a2-d5a36d9f1fc8: start FollowerState
2019-10-15 01:03:21,191 [pool-423-thread-1] INFO  server.RaftServerConfigKeys (ConfUtils.java:logGet(43)) - raft.server.log.statemachine.data.caching.enabled = true (custom)
2019-10-15 01:03:21,191 [pool-413-thread-1] INFO  segmented.SegmentedRaftLogWorker (SegmentedRaftLogWorker.java:lambda$new$0(128)) - c9d59a07-fb10-4f7f-ac83-847017236658@group-8126144CC0FB-SegmentedRaftLogWorker: flushIndex: setUnconditionally 0 -> -1
2019-10-15 01:03:21,191 [pool-433-thread-1] INFO  util.JmxRegister (JmxRegister.java:tryRegister(44)) - Successfully registered JMX Bean with object name Ratis:service=RaftServer,group=group-8126144CC0FB,id=4b3d17e1-d6b5-4e20-a8a2-d5a36d9f1fc8
2019-10-15 01:03:21,191 [pool-423-thread-1] INFO  segmented.SegmentedRaftLogWorker (SegmentedRaftLogWorker.java:lambda$new$0(128)) - b7f81940-2237-44cf-b3ff-9204172a0d76@group-8126144CC0FB-SegmentedRaftLogWorker: flushIndex: setUnconditionally 0 -> -1
2019-10-15 01:03:21,191 [pool-413-thread-1] INFO  server.RaftServerConfigKeys (ConfUtils.java:logGet(43)) - raft.server.snapshot.auto.trigger.enabled = true (custom)
2019-10-15 01:03:21,192 [pool-413-thread-1] INFO  server.RaftServerConfigKeys (ConfUtils.java:logGet(43)) - raft.server.snapshot.auto.trigger.threshold = 10000 (custom)
2019-10-15 01:03:21,192 [pool-423-thread-1] INFO  server.RaftServerConfigKeys (ConfUtils.java:logGet(43)) - raft.server.snapshot.auto.trigger.enabled = true (custom)
2019-10-15 01:03:21,192 [pool-413-thread-1] INFO  server.RaftServerConfigKeys (ConfUtils.java:logGet(43)) - raft.server.snapshot.retention.file.num = 5 (custom)
2019-10-15 01:03:21,192 [pool-423-thread-1] INFO  server.RaftServerConfigKeys (ConfUtils.java:logGet(43)) - raft.server.snapshot.auto.trigger.threshold = 10000 (custom)
2019-10-15 01:03:21,192 [pool-413-thread-1] INFO  server.RaftServerConfigKeys (ConfUtils.java:logGet(43)) - raft.server.retrycache.expirytime = 600000ms (custom)
2019-10-15 01:03:21,192 [pool-423-thread-1] INFO  server.RaftServerConfigKeys (ConfUtils.java:logGet(43)) - raft.server.snapshot.retention.file.num = 5 (custom)
2019-10-15 01:03:21,192 [pool-423-thread-1] INFO  server.RaftServerConfigKeys (ConfUtils.java:logGet(43)) - raft.server.retrycache.expirytime = 600000ms (custom)
2019-10-15 01:03:21,193 [main] INFO  rpc.RpcClient (RpcClient.java:createVolume(272)) - Creating Volume: watchforcommithandlingtest, with jenkins1000 as owner.
2019-10-15 01:03:21,196 [pool-413-thread-1] INFO  impl.RaftServerImpl (RaftServerImpl.java:start(181)) - c9d59a07-fb10-4f7f-ac83-847017236658@group-8126144CC0FB: start as a follower, conf=-1: [c9d59a07-fb10-4f7f-ac83-847017236658:192.168.30.62:44392, b7f81940-2237-44cf-b3ff-9204172a0d76:192.168.30.62:46753, 4b3d17e1-d6b5-4e20-a8a2-d5a36d9f1fc8:192.168.30.62:40937], old=null
2019-10-15 01:03:21,196 [pool-413-thread-1] INFO  impl.RaftServerImpl (RaftServerImpl.java:setRole(170)) - c9d59a07-fb10-4f7f-ac83-847017236658@group-8126144CC0FB: changes role from      null to FOLLOWER at term 0 for startAsFollower
2019-10-15 01:03:21,196 [pool-423-thread-1] INFO  impl.RaftServerImpl (RaftServerImpl.java:start(181)) - b7f81940-2237-44cf-b3ff-9204172a0d76@group-8126144CC0FB: start as a follower, conf=-1: [c9d59a07-fb10-4f7f-ac83-847017236658:192.168.30.62:44392, b7f81940-2237-44cf-b3ff-9204172a0d76:192.168.30.62:46753, 4b3d17e1-d6b5-4e20-a8a2-d5a36d9f1fc8:192.168.30.62:40937], old=null
2019-10-15 01:03:21,197 [pool-413-thread-1] INFO  impl.RoleInfo (RoleInfo.java:updateAndGet(143)) - c9d59a07-fb10-4f7f-ac83-847017236658: start FollowerState
2019-10-15 01:03:21,197 [pool-423-thread-1] INFO  impl.RaftServerImpl (RaftServerImpl.java:setRole(170)) - b7f81940-2237-44cf-b3ff-9204172a0d76@group-8126144CC0FB: changes role from      null to FOLLOWER at term 0 for startAsFollower
2019-10-15 01:03:21,197 [pool-423-thread-1] INFO  impl.RoleInfo (RoleInfo.java:updateAndGet(143)) - b7f81940-2237-44cf-b3ff-9204172a0d76: start FollowerState
2019-10-15 01:03:21,197 [pool-413-thread-1] INFO  util.JmxRegister (JmxRegister.java:tryRegister(44)) - Successfully registered JMX Bean with object name Ratis:service=RaftServer,group=group-8126144CC0FB,id=c9d59a07-fb10-4f7f-ac83-847017236658
2019-10-15 01:03:21,197 [pool-423-thread-1] INFO  util.JmxRegister (JmxRegister.java:tryRegister(44)) - Successfully registered JMX Bean with object name Ratis:service=RaftServer,group=group-8126144CC0FB,id=b7f81940-2237-44cf-b3ff-9204172a0d76
2019-10-15 01:03:21,198 [IPC Server handler 14 on 38708] INFO  volume.OMVolumeCreateRequest (OMVolumeCreateRequest.java:validateAndUpdateCache(193)) - created volume:watchforcommithandlingtest for user:jenkins1000
2019-10-15 01:03:21,210 [RatisPipelineUtilsThread] INFO  pipeline.PipelineStateManager (PipelineStateManager.java:addPipeline(56)) - Created pipeline Pipeline[ Id: f6fd22c0-e82d-4a21-93fa-8126144cc0fb, Nodes: c9d59a07-fb10-4f7f-ac83-847017236658{ip: 192.168.30.62, host: pr-hdds-2181-4tb7b-1429657930, networkLocation: /default-rack, certSerialId: null}b7f81940-2237-44cf-b3ff-9204172a0d76{ip: 192.168.30.62, host: pr-hdds-2181-4tb7b-1429657930, networkLocation: /default-rack, certSerialId: null}4b3d17e1-d6b5-4e20-a8a2-d5a36d9f1fc8{ip: 192.168.30.62, host: pr-hdds-2181-4tb7b-1429657930, networkLocation: /default-rack, certSerialId: null}, Type:RATIS, Factor:THREE, State:OPEN]
2019-10-15 01:03:21,220 [main] INFO  rpc.RpcClient (RpcClient.java:createBucket(411)) - Creating Bucket: watchforcommithandlingtest/watchforcommithandlingtest, with Versioning false and Storage Type set to DISK and Encryption set to false 
2019-10-15 01:03:21,225 [main] INFO  ozone.MiniOzoneClusterImpl (MiniOzoneClusterImpl.java:getStorageContainerLocationClient(234)) - Creating StorageContainerLocationProtocol RPC client with address /0.0.0.0:45789
2019-10-15 01:03:22,503 [grpc-default-executor-1] WARN  server.GrpcLogAppender (LogUtils.java:warn(134)) - c8fa587d-1a82-4196-bd9f-b9c6b166c070@group-DF31B5A3C09F->d1fe838a-d6b9-4181-abdf-8d55bca94856-AppendLogResponseHandler: Failed appendEntries: org.apache.ratis.thirdparty.io.grpc.StatusRuntimeException: UNAVAILABLE: io exception
2019-10-15 01:03:22,503 [grpc-default-executor-9] WARN  server.GrpcLogAppender (LogUtils.java:warn(134)) - c8fa587d-1a82-4196-bd9f-b9c6b166c070@group-DF31B5A3C09F->62da231e-6706-4024-9d76-a7730eed6ee2-AppendLogResponseHandler: Failed appendEntries: org.apache.ratis.thirdparty.io.grpc.StatusRuntimeException: UNAVAILABLE: io exception
2019-10-15 01:03:22,504 [grpc-default-executor-1] INFO  impl.FollowerInfo (FollowerInfo.java:lambda$new$0(51)) - c8fa587d-1a82-4196-bd9f-b9c6b166c070@group-DF31B5A3C09F->d1fe838a-d6b9-4181-abdf-8d55bca94856: nextIndex: updateUnconditionally 0 -> 0
2019-10-15 01:03:22,504 [grpc-default-executor-9] INFO  impl.FollowerInfo (FollowerInfo.java:lambda$new$0(51)) - c8fa587d-1a82-4196-bd9f-b9c6b166c070@group-DF31B5A3C09F->62da231e-6706-4024-9d76-a7730eed6ee2: nextIndex: updateUnconditionally 0 -> 0
2019-10-15 01:03:23,515 [Thread-2304] INFO  container.ReplicationManager (ReplicationManager.java:start(162)) - Starting Replication Monitor Thread.
2019-10-15 01:03:23,521 [ReplicationMonitor] INFO  container.ReplicationManager (ReplicationManager.java:run(225)) - Replication Monitor Thread took 0 milliseconds for processing 1 containers.
2019-10-15 01:03:25,005 [grpc-default-executor-6] WARN  server.GrpcLogAppender (LogUtils.java:warn(134)) - c8fa587d-1a82-4196-bd9f-b9c6b166c070@group-DF31B5A3C09F->62da231e-6706-4024-9d76-a7730eed6ee2-AppendLogResponseHandler: Failed appendEntries: org.apache.ratis.thirdparty.io.grpc.StatusRuntimeException: UNAVAILABLE: io exception
2019-10-15 01:03:25,005 [grpc-default-executor-9] WARN  server.GrpcLogAppender (LogUtils.java:warn(134)) - c8fa587d-1a82-4196-bd9f-b9c6b166c070@group-DF31B5A3C09F->d1fe838a-d6b9-4181-abdf-8d55bca94856-AppendLogResponseHandler: Failed appendEntries: org.apache.ratis.thirdparty.io.grpc.StatusRuntimeException: UNAVAILABLE: io exception
2019-10-15 01:03:25,005 [grpc-default-executor-6] INFO  impl.FollowerInfo (FollowerInfo.java:lambda$new$0(51)) - c8fa587d-1a82-4196-bd9f-b9c6b166c070@group-DF31B5A3C09F->62da231e-6706-4024-9d76-a7730eed6ee2: nextIndex: updateUnconditionally 0 -> 0
2019-10-15 01:03:25,005 [grpc-default-executor-9] INFO  impl.FollowerInfo (FollowerInfo.java:lambda$new$0(51)) - c8fa587d-1a82-4196-bd9f-b9c6b166c070@group-DF31B5A3C09F->d1fe838a-d6b9-4181-abdf-8d55bca94856: nextIndex: updateUnconditionally 0 -> 0
2019-10-15 01:03:25,681 [Thread-2309] INFO  impl.FollowerState (FollowerState.java:run(108)) - fbf9bb9d-af1a-40fb-a7e6-663cd57a1225@group-16A54420E530-FollowerState: change to CANDIDATE, lastRpcTime:5034ms, electionTimeout:5034ms
2019-10-15 01:03:25,682 [Thread-2309] INFO  impl.RoleInfo (RoleInfo.java:shutdownFollowerState(121)) - fbf9bb9d-af1a-40fb-a7e6-663cd57a1225: shutdown FollowerState
2019-10-15 01:03:25,682 [Thread-2309] INFO  impl.RaftServerImpl (RaftServerImpl.java:setRole(170)) - fbf9bb9d-af1a-40fb-a7e6-663cd57a1225@group-16A54420E530: changes role from  FOLLOWER to CANDIDATE at term 0 for changeToCandidate
2019-10-15 01:03:25,682 [Thread-2309] INFO  impl.RoleInfo (RoleInfo.java:updateAndGet(143)) - fbf9bb9d-af1a-40fb-a7e6-663cd57a1225: start LeaderElection
2019-10-15 01:03:25,703 [fbf9bb9d-af1a-40fb-a7e6-663cd57a1225@group-16A54420E530-LeaderElection53] INFO  impl.LeaderElection (LeaderElection.java:askForVotes(178)) - fbf9bb9d-af1a-40fb-a7e6-663cd57a1225@group-16A54420E530-LeaderElection53: begin an election at term 1 for -1: [fbf9bb9d-af1a-40fb-a7e6-663cd57a1225:192.168.30.62:40501], old=null
2019-10-15 01:03:25,703 [fbf9bb9d-af1a-40fb-a7e6-663cd57a1225@group-16A54420E530-LeaderElection53] INFO  impl.RoleInfo (RoleInfo.java:shutdownLeaderElection(134)) - fbf9bb9d-af1a-40fb-a7e6-663cd57a1225: shutdown LeaderElection
2019-10-15 01:03:25,703 [fbf9bb9d-af1a-40fb-a7e6-663cd57a1225@group-16A54420E530-LeaderElection53] INFO  impl.RaftServerImpl (RaftServerImpl.java:setRole(170)) - fbf9bb9d-af1a-40fb-a7e6-663cd57a1225@group-16A54420E530: changes role from CANDIDATE to LEADER at term 1 for changeToLeader
2019-10-15 01:03:25,704 [fbf9bb9d-af1a-40fb-a7e6-663cd57a1225@group-16A54420E530-LeaderElection53] INFO  impl.RaftServerImpl (ServerState.java:setLeader(255)) - fbf9bb9d-af1a-40fb-a7e6-663cd57a1225@group-16A54420E530: change Leader from null to fbf9bb9d-af1a-40fb-a7e6-663cd57a1225 at term 1 for becomeLeader, leader elected after 5062ms
2019-10-15 01:03:25,704 [fbf9bb9d-af1a-40fb-a7e6-663cd57a1225@group-16A54420E530-LeaderElection53] INFO  server.RaftServerConfigKeys (ConfUtils.java:logGet(43)) - raft.server.staging.catchup.gap = 1000 (default)
2019-10-15 01:03:25,704 [fbf9bb9d-af1a-40fb-a7e6-663cd57a1225@group-16A54420E530-LeaderElection53] INFO  server.RaftServerConfigKeys (ConfUtils.java:logGet(43)) - raft.server.rpc.sleep.time = 25ms (default)
2019-10-15 01:03:25,704 [fbf9bb9d-af1a-40fb-a7e6-663cd57a1225@group-16A54420E530-LeaderElection53] INFO  server.RaftServerConfigKeys (ConfUtils.java:logGet(43)) - raft.server.write.element-limit = 4096 (default)
2019-10-15 01:03:25,704 [fbf9bb9d-af1a-40fb-a7e6-663cd57a1225@group-16A54420E530-LeaderElection53] INFO  server.RaftServerConfigKeys (ConfUtils.java:logGet(43)) - raft.server.watch.timeout = 10s (default)
2019-10-15 01:03:25,704 [fbf9bb9d-af1a-40fb-a7e6-663cd57a1225@group-16A54420E530-LeaderElection53] INFO  server.RaftServerConfigKeys (ConfUtils.java:logGet(43)) - raft.server.watch.timeout.denomination = 1s (default)
2019-10-15 01:03:25,704 [fbf9bb9d-af1a-40fb-a7e6-663cd57a1225@group-16A54420E530-LeaderElection53] INFO  server.RaftServerConfigKeys (ConfUtils.java:logGet(43)) - raft.server.watch.element-limit = 65536 (default)
2019-10-15 01:03:25,706 [fbf9bb9d-af1a-40fb-a7e6-663cd57a1225@group-16A54420E530-LeaderElection53] INFO  impl.RoleInfo (RoleInfo.java:updateAndGet(143)) - fbf9bb9d-af1a-40fb-a7e6-663cd57a1225: start LeaderState
2019-10-15 01:03:25,706 [fbf9bb9d-af1a-40fb-a7e6-663cd57a1225@group-16A54420E530-LeaderElection53] INFO  segmented.SegmentedRaftLogWorker (SegmentedRaftLogWorker.java:startLogSegment(385)) - fbf9bb9d-af1a-40fb-a7e6-663cd57a1225@group-16A54420E530-SegmentedRaftLogWorker: Starting segment from index:0
2019-10-15 01:03:25,707 [fbf9bb9d-af1a-40fb-a7e6-663cd57a1225@group-16A54420E530-LeaderElection53] INFO  impl.RaftServerImpl (ServerState.java:setRaftConf(356)) - fbf9bb9d-af1a-40fb-a7e6-663cd57a1225@group-16A54420E530: set configuration 0: [fbf9bb9d-af1a-40fb-a7e6-663cd57a1225:192.168.30.62:40501], old=null at 0
2019-10-15 01:03:25,742 [fbf9bb9d-af1a-40fb-a7e6-663cd57a1225@group-16A54420E530-SegmentedRaftLogWorker] INFO  segmented.SegmentedRaftLogWorker (SegmentedRaftLogWorker.java:execute(574)) - fbf9bb9d-af1a-40fb-a7e6-663cd57a1225@group-16A54420E530-SegmentedRaftLogWorker: created new log segment /workdir/hadoop-ozone/integration-test/target/test-dir/MiniOzoneClusterImpl-f18b4a30-c446-476a-8bef-798fb19dae38/datanode-1/data/ratis/1f3c2d89-9d24-4d62-a617-16a54420e530/current/log_inprogress_0
2019-10-15 01:03:25,744 [Thread-2306] INFO  impl.FollowerState (FollowerState.java:run(108)) - 6df06648-c4c1-45b8-8dbb-97ba20bfe81a@group-CEABD20D1F12-FollowerState: change to CANDIDATE, lastRpcTime:5173ms, electionTimeout:5173ms
2019-10-15 01:03:25,744 [Thread-2306] INFO  impl.RoleInfo (RoleInfo.java:shutdownFollowerState(121)) - 6df06648-c4c1-45b8-8dbb-97ba20bfe81a: shutdown FollowerState
2019-10-15 01:03:25,745 [Thread-2306] INFO  impl.RaftServerImpl (RaftServerImpl.java:setRole(170)) - 6df06648-c4c1-45b8-8dbb-97ba20bfe81a@group-CEABD20D1F12: changes role from  FOLLOWER to CANDIDATE at term 0 for changeToCandidate
2019-10-15 01:03:25,745 [Thread-2306] INFO  impl.RoleInfo (RoleInfo.java:updateAndGet(143)) - 6df06648-c4c1-45b8-8dbb-97ba20bfe81a: start LeaderElection
2019-10-15 01:03:25,758 [6df06648-c4c1-45b8-8dbb-97ba20bfe81a@group-CEABD20D1F12-LeaderElection54] INFO  impl.LeaderElection (LeaderElection.java:askForVotes(178)) - 6df06648-c4c1-45b8-8dbb-97ba20bfe81a@group-CEABD20D1F12-LeaderElection54: begin an election at term 1 for -1: [6df06648-c4c1-45b8-8dbb-97ba20bfe81a:192.168.30.62:33206], old=null
2019-10-15 01:03:25,758 [6df06648-c4c1-45b8-8dbb-97ba20bfe81a@group-CEABD20D1F12-LeaderElection54] INFO  impl.RoleInfo (RoleInfo.java:shutdownLeaderElection(134)) - 6df06648-c4c1-45b8-8dbb-97ba20bfe81a: shutdown LeaderElection
2019-10-15 01:03:25,758 [6df06648-c4c1-45b8-8dbb-97ba20bfe81a@group-CEABD20D1F12-LeaderElection54] INFO  impl.RaftServerImpl (RaftServerImpl.java:setRole(170)) - 6df06648-c4c1-45b8-8dbb-97ba20bfe81a@group-CEABD20D1F12: changes role from CANDIDATE to LEADER at term 1 for changeToLeader
2019-10-15 01:03:25,758 [6df06648-c4c1-45b8-8dbb-97ba20bfe81a@group-CEABD20D1F12-LeaderElection54] INFO  impl.RaftServerImpl (ServerState.java:setLeader(255)) - 6df06648-c4c1-45b8-8dbb-97ba20bfe81a@group-CEABD20D1F12: change Leader from null to 6df06648-c4c1-45b8-8dbb-97ba20bfe81a at term 1 for becomeLeader, leader elected after 5196ms
2019-10-15 01:03:25,758 [6df06648-c4c1-45b8-8dbb-97ba20bfe81a@group-CEABD20D1F12-LeaderElection54] INFO  server.RaftServerConfigKeys (ConfUtils.java:logGet(43)) - raft.server.staging.catchup.gap = 1000 (default)
2019-10-15 01:03:25,759 [6df06648-c4c1-45b8-8dbb-97ba20bfe81a@group-CEABD20D1F12-LeaderElection54] INFO  server.RaftServerConfigKeys (ConfUtils.java:logGet(43)) - raft.server.rpc.sleep.time = 25ms (default)
2019-10-15 01:03:25,759 [6df06648-c4c1-45b8-8dbb-97ba20bfe81a@group-CEABD20D1F12-LeaderElection54] INFO  server.RaftServerConfigKeys (ConfUtils.java:logGet(43)) - raft.server.write.element-limit = 4096 (default)
2019-10-15 01:03:25,759 [6df06648-c4c1-45b8-8dbb-97ba20bfe81a@group-CEABD20D1F12-LeaderElection54] INFO  server.RaftServerConfigKeys (ConfUtils.java:logGet(43)) - raft.server.watch.timeout = 10s (default)
2019-10-15 01:03:25,759 [6df06648-c4c1-45b8-8dbb-97ba20bfe81a@group-CEABD20D1F12-LeaderElection54] INFO  server.RaftServerConfigKeys (ConfUtils.java:logGet(43)) - raft.server.watch.timeout.denomination = 1s (default)
2019-10-15 01:03:25,759 [6df06648-c4c1-45b8-8dbb-97ba20bfe81a@group-CEABD20D1F12-LeaderElection54] INFO  server.RaftServerConfigKeys (ConfUtils.java:logGet(43)) - raft.server.watch.element-limit = 65536 (default)
2019-10-15 01:03:25,760 [6df06648-c4c1-45b8-8dbb-97ba20bfe81a@group-CEABD20D1F12-LeaderElection54] INFO  impl.RoleInfo (RoleInfo.java:updateAndGet(143)) - 6df06648-c4c1-45b8-8dbb-97ba20bfe81a: start LeaderState
2019-10-15 01:03:25,760 [6df06648-c4c1-45b8-8dbb-97ba20bfe81a@group-CEABD20D1F12-LeaderElection54] INFO  segmented.SegmentedRaftLogWorker (SegmentedRaftLogWorker.java:startLogSegment(385)) - 6df06648-c4c1-45b8-8dbb-97ba20bfe81a@group-CEABD20D1F12-SegmentedRaftLogWorker: Starting segment from index:0
2019-10-15 01:03:25,761 [6df06648-c4c1-45b8-8dbb-97ba20bfe81a@group-CEABD20D1F12-LeaderElection54] INFO  impl.RaftServerImpl (ServerState.java:setRaftConf(356)) - 6df06648-c4c1-45b8-8dbb-97ba20bfe81a@group-CEABD20D1F12: set configuration 0: [6df06648-c4c1-45b8-8dbb-97ba20bfe81a:192.168.30.62:33206], old=null at 0
2019-10-15 01:03:25,771 [Thread-2312] INFO  impl.FollowerState (FollowerState.java:run(108)) - bc9dd8d0-a210-417b-914f-78251f78a466@group-E0F0A833A14C-FollowerState: change to CANDIDATE, lastRpcTime:5018ms, electionTimeout:5018ms
2019-10-15 01:03:25,771 [Thread-2312] INFO  impl.RoleInfo (RoleInfo.java:shutdownFollowerState(121)) - bc9dd8d0-a210-417b-914f-78251f78a466: shutdown FollowerState
2019-10-15 01:03:25,771 [Thread-2312] INFO  impl.RaftServerImpl (RaftServerImpl.java:setRole(170)) - bc9dd8d0-a210-417b-914f-78251f78a466@group-E0F0A833A14C: changes role from  FOLLOWER to CANDIDATE at term 0 for changeToCandidate
2019-10-15 01:03:25,772 [Thread-2312] INFO  impl.RoleInfo (RoleInfo.java:updateAndGet(143)) - bc9dd8d0-a210-417b-914f-78251f78a466: start LeaderElection
2019-10-15 01:03:25,811 [6df06648-c4c1-45b8-8dbb-97ba20bfe81a@group-CEABD20D1F12-SegmentedRaftLogWorker] INFO  segmented.SegmentedRaftLogWorker (SegmentedRaftLogWorker.java:execute(574)) - 6df06648-c4c1-45b8-8dbb-97ba20bfe81a@group-CEABD20D1F12-SegmentedRaftLogWorker: created new log segment /workdir/hadoop-ozone/integration-test/target/test-dir/MiniOzoneClusterImpl-f18b4a30-c446-476a-8bef-798fb19dae38/datanode-0/data/ratis/75d12072-1483-4a10-bf39-ceabd20d1f12/current/log_inprogress_0
2019-10-15 01:03:25,811 [bc9dd8d0-a210-417b-914f-78251f78a466@group-E0F0A833A14C-LeaderElection55] INFO  impl.LeaderElection (LeaderElection.java:askForVotes(178)) - bc9dd8d0-a210-417b-914f-78251f78a466@group-E0F0A833A14C-LeaderElection55: begin an election at term 1 for -1: [bc9dd8d0-a210-417b-914f-78251f78a466:192.168.30.62:33213], old=null
2019-10-15 01:03:25,811 [bc9dd8d0-a210-417b-914f-78251f78a466@group-E0F0A833A14C-LeaderElection55] INFO  impl.RoleInfo (RoleInfo.java:shutdownLeaderElection(134)) - bc9dd8d0-a210-417b-914f-78251f78a466: shutdown LeaderElection
2019-10-15 01:03:25,811 [bc9dd8d0-a210-417b-914f-78251f78a466@group-E0F0A833A14C-LeaderElection55] INFO  impl.RaftServerImpl (RaftServerImpl.java:setRole(170)) - bc9dd8d0-a210-417b-914f-78251f78a466@group-E0F0A833A14C: changes role from CANDIDATE to LEADER at term 1 for changeToLeader
2019-10-15 01:03:25,811 [bc9dd8d0-a210-417b-914f-78251f78a466@group-E0F0A833A14C-LeaderElection55] INFO  impl.RaftServerImpl (ServerState.java:setLeader(255)) - bc9dd8d0-a210-417b-914f-78251f78a466@group-E0F0A833A14C: change Leader from null to bc9dd8d0-a210-417b-914f-78251f78a466 at term 1 for becomeLeader, leader elected after 5063ms
2019-10-15 01:03:25,812 [bc9dd8d0-a210-417b-914f-78251f78a466@group-E0F0A833A14C-LeaderElection55] INFO  server.RaftServerConfigKeys (ConfUtils.java:logGet(43)) - raft.server.staging.catchup.gap = 1000 (default)
2019-10-15 01:03:25,812 [bc9dd8d0-a210-417b-914f-78251f78a466@group-E0F0A833A14C-LeaderElection55] INFO  server.RaftServerConfigKeys (ConfUtils.java:logGet(43)) - raft.server.rpc.sleep.time = 25ms (default)
2019-10-15 01:03:25,812 [bc9dd8d0-a210-417b-914f-78251f78a466@group-E0F0A833A14C-LeaderElection55] INFO  server.RaftServerConfigKeys (ConfUtils.java:logGet(43)) - raft.server.write.element-limit = 4096 (default)
2019-10-15 01:03:25,812 [bc9dd8d0-a210-417b-914f-78251f78a466@group-E0F0A833A14C-LeaderElection55] INFO  server.RaftServerConfigKeys (ConfUtils.java:logGet(43)) - raft.server.watch.timeout = 10s (default)
2019-10-15 01:03:25,812 [bc9dd8d0-a210-417b-914f-78251f78a466@group-E0F0A833A14C-LeaderElection55] INFO  server.RaftServerConfigKeys (ConfUtils.java:logGet(43)) - raft.server.watch.timeout.denomination = 1s (default)
2019-10-15 01:03:25,812 [bc9dd8d0-a210-417b-914f-78251f78a466@group-E0F0A833A14C-LeaderElection55] INFO  server.RaftServerConfigKeys (ConfUtils.java:logGet(43)) - raft.server.watch.element-limit = 65536 (default)
2019-10-15 01:03:25,814 [bc9dd8d0-a210-417b-914f-78251f78a466@group-E0F0A833A14C-LeaderElection55] INFO  impl.RoleInfo (RoleInfo.java:updateAndGet(143)) - bc9dd8d0-a210-417b-914f-78251f78a466: start LeaderState
2019-10-15 01:03:25,815 [bc9dd8d0-a210-417b-914f-78251f78a466@group-E0F0A833A14C-LeaderElection55] INFO  segmented.SegmentedRaftLogWorker (SegmentedRaftLogWorker.java:startLogSegment(385)) - bc9dd8d0-a210-417b-914f-78251f78a466@group-E0F0A833A14C-SegmentedRaftLogWorker: Starting segment from index:0
2019-10-15 01:03:25,815 [bc9dd8d0-a210-417b-914f-78251f78a466@group-E0F0A833A14C-LeaderElection55] INFO  impl.RaftServerImpl (ServerState.java:setRaftConf(356)) - bc9dd8d0-a210-417b-914f-78251f78a466@group-E0F0A833A14C: set configuration 0: [bc9dd8d0-a210-417b-914f-78251f78a466:192.168.30.62:33213], old=null at 0
2019-10-15 01:03:25,848 [Thread-2317] INFO  impl.FollowerState (FollowerState.java:run(108)) - bc9dd8d0-a210-417b-914f-78251f78a466@group-2380E0FE31C7-FollowerState: change to CANDIDATE, lastRpcTime:5036ms, electionTimeout:5035ms
2019-10-15 01:03:25,848 [Thread-2317] INFO  impl.RoleInfo (RoleInfo.java:shutdownFollowerState(121)) - bc9dd8d0-a210-417b-914f-78251f78a466: shutdown FollowerState
2019-10-15 01:03:25,848 [Thread-2317] INFO  impl.RaftServerImpl (RaftServerImpl.java:setRole(170)) - bc9dd8d0-a210-417b-914f-78251f78a466@group-2380E0FE31C7: changes role from  FOLLOWER to CANDIDATE at term 0 for changeToCandidate
2019-10-15 01:03:25,849 [Thread-2317] INFO  impl.RoleInfo (RoleInfo.java:updateAndGet(143)) - bc9dd8d0-a210-417b-914f-78251f78a466: start LeaderElection
2019-10-15 01:03:25,855 [bc9dd8d0-a210-417b-914f-78251f78a466@group-E0F0A833A14C-SegmentedRaftLogWorker] INFO  segmented.SegmentedRaftLogWorker (SegmentedRaftLogWorker.java:execute(574)) - bc9dd8d0-a210-417b-914f-78251f78a466@group-E0F0A833A14C-SegmentedRaftLogWorker: created new log segment /workdir/hadoop-ozone/integration-test/target/test-dir/MiniOzoneClusterImpl-f18b4a30-c446-476a-8bef-798fb19dae38/datanode-2/data/ratis/fd6adf98-3a8a-43ff-a0c2-e0f0a833a14c/current/log_inprogress_0
2019-10-15 01:03:25,864 [bc9dd8d0-a210-417b-914f-78251f78a466@group-2380E0FE31C7-LeaderElection56] INFO  impl.LeaderElection (LeaderElection.java:askForVotes(178)) - bc9dd8d0-a210-417b-914f-78251f78a466@group-2380E0FE31C7-LeaderElection56: begin an election at term 1 for -1: [fbf9bb9d-af1a-40fb-a7e6-663cd57a1225:192.168.30.62:40501, 6df06648-c4c1-45b8-8dbb-97ba20bfe81a:192.168.30.62:33206, bc9dd8d0-a210-417b-914f-78251f78a466:192.168.30.62:33213], old=null
2019-10-15 01:03:25,869 [grpc-default-executor-6] INFO  impl.RaftServerImpl (RaftServerImpl.java:setRole(170)) - 6df06648-c4c1-45b8-8dbb-97ba20bfe81a@group-2380E0FE31C7: changes role from  FOLLOWER to FOLLOWER at term 1 for recognizeCandidate:bc9dd8d0-a210-417b-914f-78251f78a466
2019-10-15 01:03:25,869 [grpc-default-executor-6] INFO  impl.RoleInfo (RoleInfo.java:shutdownFollowerState(121)) - 6df06648-c4c1-45b8-8dbb-97ba20bfe81a: shutdown FollowerState
2019-10-15 01:03:25,869 [grpc-default-executor-9] INFO  impl.RaftServerImpl (RaftServerImpl.java:setRole(170)) - fbf9bb9d-af1a-40fb-a7e6-663cd57a1225@group-2380E0FE31C7: changes role from  FOLLOWER to FOLLOWER at term 1 for recognizeCandidate:bc9dd8d0-a210-417b-914f-78251f78a466
2019-10-15 01:03:25,869 [grpc-default-executor-6] INFO  impl.RoleInfo (RoleInfo.java:updateAndGet(143)) - 6df06648-c4c1-45b8-8dbb-97ba20bfe81a: start FollowerState
2019-10-15 01:03:25,869 [Thread-2318] INFO  impl.FollowerState (FollowerState.java:run(117)) - 6df06648-c4c1-45b8-8dbb-97ba20bfe81a@group-2380E0FE31C7-FollowerState was interrupted: java.lang.InterruptedException: sleep interrupted
2019-10-15 01:03:25,869 [grpc-default-executor-9] INFO  impl.RoleInfo (RoleInfo.java:shutdownFollowerState(121)) - fbf9bb9d-af1a-40fb-a7e6-663cd57a1225: shutdown FollowerState
2019-10-15 01:03:25,874 [grpc-default-executor-9] INFO  impl.RoleInfo (RoleInfo.java:updateAndGet(143)) - fbf9bb9d-af1a-40fb-a7e6-663cd57a1225: start FollowerState
2019-10-15 01:03:25,874 [Thread-2319] INFO  impl.FollowerState (FollowerState.java:run(117)) - fbf9bb9d-af1a-40fb-a7e6-663cd57a1225@group-2380E0FE31C7-FollowerState was interrupted: java.lang.InterruptedException: sleep interrupted
2019-10-15 01:03:25,906 [bc9dd8d0-a210-417b-914f-78251f78a466@group-2380E0FE31C7-LeaderElection56] INFO  impl.LeaderElection (LeaderElection.java:logAndReturn(56)) - bc9dd8d0-a210-417b-914f-78251f78a466@group-2380E0FE31C7-LeaderElection56: Election PASSED; received 1 response(s) [bc9dd8d0-a210-417b-914f-78251f78a466<-6df06648-c4c1-45b8-8dbb-97ba20bfe81a#0:OK-t1] and 0 exception(s); bc9dd8d0-a210-417b-914f-78251f78a466@group-2380E0FE31C7:t1, leader=null, voted=bc9dd8d0-a210-417b-914f-78251f78a466, raftlog=bc9dd8d0-a210-417b-914f-78251f78a466@group-2380E0FE31C7-SegmentedRaftLog:OPENED:c-1,f-1,i0, conf=-1: [fbf9bb9d-af1a-40fb-a7e6-663cd57a1225:192.168.30.62:40501, 6df06648-c4c1-45b8-8dbb-97ba20bfe81a:192.168.30.62:33206, bc9dd8d0-a210-417b-914f-78251f78a466:192.168.30.62:33213], old=null
2019-10-15 01:03:25,906 [bc9dd8d0-a210-417b-914f-78251f78a466@group-2380E0FE31C7-LeaderElection56] INFO  impl.RoleInfo (RoleInfo.java:shutdownLeaderElection(134)) - bc9dd8d0-a210-417b-914f-78251f78a466: shutdown LeaderElection
2019-10-15 01:03:25,907 [bc9dd8d0-a210-417b-914f-78251f78a466@group-2380E0FE31C7-LeaderElection56] INFO  impl.RaftServerImpl (RaftServerImpl.java:setRole(170)) - bc9dd8d0-a210-417b-914f-78251f78a466@group-2380E0FE31C7: changes role from CANDIDATE to LEADER at term 1 for changeToLeader
2019-10-15 01:03:25,907 [bc9dd8d0-a210-417b-914f-78251f78a466@group-2380E0FE31C7-LeaderElection56] INFO  impl.RaftServerImpl (ServerState.java:setLeader(255)) - bc9dd8d0-a210-417b-914f-78251f78a466@group-2380E0FE31C7: change Leader from null to bc9dd8d0-a210-417b-914f-78251f78a466 at term 1 for becomeLeader, leader elected after 5102ms
2019-10-15 01:03:25,907 [bc9dd8d0-a210-417b-914f-78251f78a466@group-2380E0FE31C7-LeaderElection56] INFO  server.RaftServerConfigKeys (ConfUtils.java:logGet(43)) - raft.server.staging.catchup.gap = 1000 (default)
2019-10-15 01:03:25,907 [bc9dd8d0-a210-417b-914f-78251f78a466@group-2380E0FE31C7-LeaderElection56] INFO  server.RaftServerConfigKeys (ConfUtils.java:logGet(43)) - raft.server.rpc.sleep.time = 25ms (default)
2019-10-15 01:03:25,907 [bc9dd8d0-a210-417b-914f-78251f78a466@group-2380E0FE31C7-LeaderElection56] INFO  server.RaftServerConfigKeys (ConfUtils.java:logGet(43)) - raft.server.write.element-limit = 4096 (default)
2019-10-15 01:03:25,907 [bc9dd8d0-a210-417b-914f-78251f78a466@group-2380E0FE31C7-LeaderElection56] INFO  server.RaftServerConfigKeys (ConfUtils.java:logGet(43)) - raft.server.watch.timeout = 10s (default)
2019-10-15 01:03:25,908 [bc9dd8d0-a210-417b-914f-78251f78a466@group-2380E0FE31C7-LeaderElection56] INFO  server.RaftServerConfigKeys (ConfUtils.java:logGet(43)) - raft.server.watch.timeout.denomination = 1s (default)
2019-10-15 01:03:25,908 [bc9dd8d0-a210-417b-914f-78251f78a466@group-2380E0FE31C7-LeaderElection56] INFO  server.RaftServerConfigKeys (ConfUtils.java:logGet(43)) - raft.server.watch.element-limit = 65536 (default)
2019-10-15 01:03:25,909 [bc9dd8d0-a210-417b-914f-78251f78a466@group-2380E0FE31C7-LeaderElection56] INFO  server.RaftServerConfigKeys (ConfUtils.java:logGet(43)) - raft.server.log.appender.snapshot.chunk.size.max = 16MB (=16777216) (default)
2019-10-15 01:03:25,910 [bc9dd8d0-a210-417b-914f-78251f78a466@group-2380E0FE31C7-LeaderElection56] INFO  server.RaftServerConfigKeys (ConfUtils.java:logGet(43)) - raft.server.log.appender.buffer.byte-limit = 33554432 (custom)
2019-10-15 01:03:25,910 [bc9dd8d0-a210-417b-914f-78251f78a466@group-2380E0FE31C7-LeaderElection56] INFO  server.RaftServerConfigKeys (ConfUtils.java:logGet(43)) - raft.server.log.appender.buffer.element-limit = 1 (custom)
2019-10-15 01:03:25,910 [bc9dd8d0-a210-417b-914f-78251f78a466@group-2380E0FE31C7-LeaderElection56] INFO  grpc.GrpcConfigKeys$Server (ConfUtils.java:logGet(43)) - raft.grpc.server.leader.outstanding.appends.max = 128 (default)
2019-10-15 01:03:25,910 [bc9dd8d0-a210-417b-914f-78251f78a466@group-2380E0FE31C7-LeaderElection56] INFO  server.RaftServerConfigKeys (ConfUtils.java:logGet(43)) - raft.server.rpc.request.timeout = 3000ms (default)
2019-10-15 01:03:25,910 [bc9dd8d0-a210-417b-914f-78251f78a466@group-2380E0FE31C7-LeaderElection56] INFO  server.RaftServerConfigKeys (ConfUtils.java:logGet(43)) - raft.server.log.appender.install.snapshot.enabled = false (custom)
2019-10-15 01:03:25,911 [bc9dd8d0-a210-417b-914f-78251f78a466@group-2380E0FE31C7-LeaderElection56] INFO  server.RaftServerConfigKeys (ConfUtils.java:logGet(43)) - raft.server.log.appender.snapshot.chunk.size.max = 16MB (=16777216) (default)
2019-10-15 01:03:25,911 [bc9dd8d0-a210-417b-914f-78251f78a466@group-2380E0FE31C7-LeaderElection56] INFO  server.RaftServerConfigKeys (ConfUtils.java:logGet(43)) - raft.server.log.appender.buffer.byte-limit = 33554432 (custom)
2019-10-15 01:03:25,911 [bc9dd8d0-a210-417b-914f-78251f78a466@group-2380E0FE31C7-LeaderElection56] INFO  server.RaftServerConfigKeys (ConfUtils.java:logGet(43)) - raft.server.log.appender.buffer.element-limit = 1 (custom)
2019-10-15 01:03:25,911 [bc9dd8d0-a210-417b-914f-78251f78a466@group-2380E0FE31C7-LeaderElection56] INFO  grpc.GrpcConfigKeys$Server (ConfUtils.java:logGet(43)) - raft.grpc.server.leader.outstanding.appends.max = 128 (default)
2019-10-15 01:03:25,911 [bc9dd8d0-a210-417b-914f-78251f78a466@group-2380E0FE31C7-LeaderElection56] INFO  server.RaftServerConfigKeys (ConfUtils.java:logGet(43)) - raft.server.rpc.request.timeout = 3000ms (default)
2019-10-15 01:03:25,912 [bc9dd8d0-a210-417b-914f-78251f78a466@group-2380E0FE31C7-LeaderElection56] INFO  server.RaftServerConfigKeys (ConfUtils.java:logGet(43)) - raft.server.log.appender.install.snapshot.enabled = false (custom)
2019-10-15 01:03:25,912 [bc9dd8d0-a210-417b-914f-78251f78a466@group-2380E0FE31C7-LeaderElection56] INFO  impl.RoleInfo (RoleInfo.java:updateAndGet(143)) - bc9dd8d0-a210-417b-914f-78251f78a466: start LeaderState
2019-10-15 01:03:25,912 [bc9dd8d0-a210-417b-914f-78251f78a466@group-2380E0FE31C7-LeaderElection56] INFO  segmented.SegmentedRaftLogWorker (SegmentedRaftLogWorker.java:startLogSegment(385)) - bc9dd8d0-a210-417b-914f-78251f78a466@group-2380E0FE31C7-SegmentedRaftLogWorker: Starting segment from index:0
2019-10-15 01:03:25,913 [bc9dd8d0-a210-417b-914f-78251f78a466@group-2380E0FE31C7-LeaderElection56] INFO  impl.RaftServerImpl (ServerState.java:setRaftConf(356)) - bc9dd8d0-a210-417b-914f-78251f78a466@group-2380E0FE31C7: set configuration 0: [fbf9bb9d-af1a-40fb-a7e6-663cd57a1225:192.168.30.62:40501, 6df06648-c4c1-45b8-8dbb-97ba20bfe81a:192.168.30.62:33206, bc9dd8d0-a210-417b-914f-78251f78a466:192.168.30.62:33213], old=null at 0
2019-10-15 01:03:25,947 [grpc-default-executor-6] INFO  impl.RaftServerImpl (ServerState.java:setLeader(255)) - fbf9bb9d-af1a-40fb-a7e6-663cd57a1225@group-2380E0FE31C7: change Leader from null to bc9dd8d0-a210-417b-914f-78251f78a466 at term 1 for appendEntries, leader elected after 5142ms
2019-10-15 01:03:25,947 [Thread-2324] INFO  impl.FollowerState (FollowerState.java:run(108)) - c9d59a07-fb10-4f7f-ac83-847017236658@group-3CA4889C10BB-FollowerState: change to CANDIDATE, lastRpcTime:5073ms, electionTimeout:5046ms
2019-10-15 01:03:25,948 [Thread-2324] INFO  impl.RoleInfo (RoleInfo.java:shutdownFollowerState(121)) - c9d59a07-fb10-4f7f-ac83-847017236658: shutdown FollowerState
2019-10-15 01:03:25,948 [Thread-2324] INFO  impl.RaftServerImpl (RaftServerImpl.java:setRole(170)) - c9d59a07-fb10-4f7f-ac83-847017236658@group-3CA4889C10BB: changes role from  FOLLOWER to CANDIDATE at term 0 for changeToCandidate
2019-10-15 01:03:25,948 [Thread-2324] INFO  impl.RoleInfo (RoleInfo.java:updateAndGet(143)) - c9d59a07-fb10-4f7f-ac83-847017236658: start LeaderElection
2019-10-15 01:03:25,949 [grpc-default-executor-6] INFO  impl.RaftServerImpl (ServerState.java:setLeader(255)) - 6df06648-c4c1-45b8-8dbb-97ba20bfe81a@group-2380E0FE31C7: change Leader from null to bc9dd8d0-a210-417b-914f-78251f78a466 at term 1 for appendEntries, leader elected after 5143ms
2019-10-15 01:03:25,961 [bc9dd8d0-a210-417b-914f-78251f78a466@group-2380E0FE31C7-SegmentedRaftLogWorker] INFO  segmented.SegmentedRaftLogWorker (SegmentedRaftLogWorker.java:execute(574)) - bc9dd8d0-a210-417b-914f-78251f78a466@group-2380E0FE31C7-SegmentedRaftLogWorker: created new log segment /workdir/hadoop-ozone/integration-test/target/test-dir/MiniOzoneClusterImpl-f18b4a30-c446-476a-8bef-798fb19dae38/datanode-2/data/ratis/14332e4e-c758-4662-befb-2380e0fe31c7/current/log_inprogress_0
2019-10-15 01:03:25,967 [grpc-default-executor-9] INFO  impl.RaftServerImpl (ServerState.java:setRaftConf(356)) - fbf9bb9d-af1a-40fb-a7e6-663cd57a1225@group-2380E0FE31C7: set configuration 0: [fbf9bb9d-af1a-40fb-a7e6-663cd57a1225:192.168.30.62:40501, 6df06648-c4c1-45b8-8dbb-97ba20bfe81a:192.168.30.62:33206, bc9dd8d0-a210-417b-914f-78251f78a466:192.168.30.62:33213], old=null at 0
2019-10-15 01:03:25,967 [grpc-default-executor-6] INFO  impl.RaftServerImpl (ServerState.java:setRaftConf(356)) - 6df06648-c4c1-45b8-8dbb-97ba20bfe81a@group-2380E0FE31C7: set configuration 0: [fbf9bb9d-af1a-40fb-a7e6-663cd57a1225:192.168.30.62:40501, 6df06648-c4c1-45b8-8dbb-97ba20bfe81a:192.168.30.62:33206, bc9dd8d0-a210-417b-914f-78251f78a466:192.168.30.62:33213], old=null at 0
2019-10-15 01:03:25,967 [grpc-default-executor-9] INFO  segmented.SegmentedRaftLogWorker (SegmentedRaftLogWorker.java:startLogSegment(385)) - fbf9bb9d-af1a-40fb-a7e6-663cd57a1225@group-2380E0FE31C7-SegmentedRaftLogWorker: Starting segment from index:0
2019-10-15 01:03:25,968 [grpc-default-executor-6] INFO  segmented.SegmentedRaftLogWorker (SegmentedRaftLogWorker.java:startLogSegment(385)) - 6df06648-c4c1-45b8-8dbb-97ba20bfe81a@group-2380E0FE31C7-SegmentedRaftLogWorker: Starting segment from index:0
2019-10-15 01:03:25,980 [c9d59a07-fb10-4f7f-ac83-847017236658@group-3CA4889C10BB-LeaderElection57] INFO  impl.LeaderElection (LeaderElection.java:askForVotes(178)) - c9d59a07-fb10-4f7f-ac83-847017236658@group-3CA4889C10BB-LeaderElection57: begin an election at term 1 for -1: [c9d59a07-fb10-4f7f-ac83-847017236658:192.168.30.62:44392], old=null
2019-10-15 01:03:25,980 [c9d59a07-fb10-4f7f-ac83-847017236658@group-3CA4889C10BB-LeaderElection57] INFO  impl.RoleInfo (RoleInfo.java:shutdownLeaderElection(134)) - c9d59a07-fb10-4f7f-ac83-847017236658: shutdown LeaderElection
2019-10-15 01:03:25,980 [c9d59a07-fb10-4f7f-ac83-847017236658@group-3CA4889C10BB-LeaderElection57] INFO  impl.RaftServerImpl (RaftServerImpl.java:setRole(170)) - c9d59a07-fb10-4f7f-ac83-847017236658@group-3CA4889C10BB: changes role from CANDIDATE to LEADER at term 1 for changeToLeader
2019-10-15 01:03:25,980 [c9d59a07-fb10-4f7f-ac83-847017236658@group-3CA4889C10BB-LeaderElection57] INFO  impl.RaftServerImpl (ServerState.java:setLeader(255)) - c9d59a07-fb10-4f7f-ac83-847017236658@group-3CA4889C10BB: change Leader from null to c9d59a07-fb10-4f7f-ac83-847017236658 at term 1 for becomeLeader, leader elected after 5111ms
2019-10-15 01:03:25,980 [c9d59a07-fb10-4f7f-ac83-847017236658@group-3CA4889C10BB-LeaderElection57] INFO  server.RaftServerConfigKeys (ConfUtils.java:logGet(43)) - raft.server.staging.catchup.gap = 1000 (default)
2019-10-15 01:03:25,981 [c9d59a07-fb10-4f7f-ac83-847017236658@group-3CA4889C10BB-LeaderElection57] INFO  server.RaftServerConfigKeys (ConfUtils.java:logGet(43)) - raft.server.rpc.sleep.time = 25ms (default)
2019-10-15 01:03:25,981 [c9d59a07-fb10-4f7f-ac83-847017236658@group-3CA4889C10BB-LeaderElection57] INFO  server.RaftServerConfigKeys (ConfUtils.java:logGet(43)) - raft.server.write.element-limit = 4096 (default)
2019-10-15 01:03:25,981 [c9d59a07-fb10-4f7f-ac83-847017236658@group-3CA4889C10BB-LeaderElection57] INFO  server.RaftServerConfigKeys (ConfUtils.java:logGet(43)) - raft.server.watch.timeout = 10s (default)
2019-10-15 01:03:25,981 [c9d59a07-fb10-4f7f-ac83-847017236658@group-3CA4889C10BB-LeaderElection57] INFO  server.RaftServerConfigKeys (ConfUtils.java:logGet(43)) - raft.server.watch.timeout.denomination = 1s (default)
2019-10-15 01:03:25,981 [c9d59a07-fb10-4f7f-ac83-847017236658@group-3CA4889C10BB-LeaderElection57] INFO  server.RaftServerConfigKeys (ConfUtils.java:logGet(43)) - raft.server.watch.element-limit = 65536 (default)
2019-10-15 01:03:25,984 [c9d59a07-fb10-4f7f-ac83-847017236658@group-3CA4889C10BB-LeaderElection57] INFO  impl.RoleInfo (RoleInfo.java:updateAndGet(143)) - c9d59a07-fb10-4f7f-ac83-847017236658: start LeaderState
2019-10-15 01:03:25,984 [c9d59a07-fb10-4f7f-ac83-847017236658@group-3CA4889C10BB-LeaderElection57] INFO  segmented.SegmentedRaftLogWorker (SegmentedRaftLogWorker.java:startLogSegment(385)) - c9d59a07-fb10-4f7f-ac83-847017236658@group-3CA4889C10BB-SegmentedRaftLogWorker: Starting segment from index:0
2019-10-15 01:03:25,985 [c9d59a07-fb10-4f7f-ac83-847017236658@group-3CA4889C10BB-LeaderElection57] INFO  impl.RaftServerImpl (ServerState.java:setRaftConf(356)) - c9d59a07-fb10-4f7f-ac83-847017236658@group-3CA4889C10BB: set configuration 0: [c9d59a07-fb10-4f7f-ac83-847017236658:192.168.30.62:44392], old=null at 0
2019-10-15 01:03:26,014 [fbf9bb9d-af1a-40fb-a7e6-663cd57a1225@group-2380E0FE31C7-SegmentedRaftLogWorker] INFO  segmented.SegmentedRaftLogWorker (SegmentedRaftLogWorker.java:execute(574)) - fbf9bb9d-af1a-40fb-a7e6-663cd57a1225@group-2380E0FE31C7-SegmentedRaftLogWorker: created new log segment /workdir/hadoop-ozone/integration-test/target/test-dir/MiniOzoneClusterImpl-f18b4a30-c446-476a-8bef-798fb19dae38/datanode-1/data/ratis/14332e4e-c758-4662-befb-2380e0fe31c7/current/log_inprogress_0
2019-10-15 01:03:26,015 [6df06648-c4c1-45b8-8dbb-97ba20bfe81a@group-2380E0FE31C7-SegmentedRaftLogWorker] INFO  segmented.SegmentedRaftLogWorker (SegmentedRaftLogWorker.java:execute(574)) - 6df06648-c4c1-45b8-8dbb-97ba20bfe81a@group-2380E0FE31C7-SegmentedRaftLogWorker: created new log segment /workdir/hadoop-ozone/integration-test/target/test-dir/MiniOzoneClusterImpl-f18b4a30-c446-476a-8bef-798fb19dae38/datanode-0/data/ratis/14332e4e-c758-4662-befb-2380e0fe31c7/current/log_inprogress_0
2019-10-15 01:03:26,028 [c9d59a07-fb10-4f7f-ac83-847017236658@group-3CA4889C10BB-SegmentedRaftLogWorker] INFO  segmented.SegmentedRaftLogWorker (SegmentedRaftLogWorker.java:execute(574)) - c9d59a07-fb10-4f7f-ac83-847017236658@group-3CA4889C10BB-SegmentedRaftLogWorker: created new log segment /workdir/hadoop-ozone/integration-test/target/test-dir/MiniOzoneClusterImpl-f18b4a30-c446-476a-8bef-798fb19dae38/datanode-3/data/ratis/7fc23476-ee28-47f2-8018-3ca4889c10bb/current/log_inprogress_0
2019-10-15 01:03:26,108 [Thread-2328] INFO  impl.FollowerState (FollowerState.java:run(108)) - b7f81940-2237-44cf-b3ff-9204172a0d76@group-A987978ABD87-FollowerState: change to CANDIDATE, lastRpcTime:5107ms, electionTimeout:5107ms
2019-10-15 01:03:26,108 [Thread-2328] INFO  impl.RoleInfo (RoleInfo.java:shutdownFollowerState(121)) - b7f81940-2237-44cf-b3ff-9204172a0d76: shutdown FollowerState
2019-10-15 01:03:26,108 [Thread-2328] INFO  impl.RaftServerImpl (RaftServerImpl.java:setRole(170)) - b7f81940-2237-44cf-b3ff-9204172a0d76@group-A987978ABD87: changes role from  FOLLOWER to CANDIDATE at term 0 for changeToCandidate
2019-10-15 01:03:26,108 [Thread-2328] INFO  impl.RoleInfo (RoleInfo.java:updateAndGet(143)) - b7f81940-2237-44cf-b3ff-9204172a0d76: start LeaderElection
2019-10-15 01:03:26,119 [Thread-2331] INFO  impl.FollowerState (FollowerState.java:run(108)) - 4b3d17e1-d6b5-4e20-a8a2-d5a36d9f1fc8@group-B93306907312-FollowerState: change to CANDIDATE, lastRpcTime:5010ms, electionTimeout:5006ms
2019-10-15 01:03:26,119 [Thread-2331] INFO  impl.RoleInfo (RoleInfo.java:shutdownFollowerState(121)) - 4b3d17e1-d6b5-4e20-a8a2-d5a36d9f1fc8: shutdown FollowerState
2019-10-15 01:03:26,119 [Thread-2331] INFO  impl.RaftServerImpl (RaftServerImpl.java:setRole(170)) - 4b3d17e1-d6b5-4e20-a8a2-d5a36d9f1fc8@group-B93306907312: changes role from  FOLLOWER to CANDIDATE at term 0 for changeToCandidate
2019-10-15 01:03:26,119 [Thread-2331] INFO  impl.RoleInfo (RoleInfo.java:updateAndGet(143)) - 4b3d17e1-d6b5-4e20-a8a2-d5a36d9f1fc8: start LeaderElection
2019-10-15 01:03:26,132 [b7f81940-2237-44cf-b3ff-9204172a0d76@group-A987978ABD87-LeaderElection58] INFO  impl.LeaderElection (LeaderElection.java:askForVotes(178)) - b7f81940-2237-44cf-b3ff-9204172a0d76@group-A987978ABD87-LeaderElection58: begin an election at term 1 for -1: [b7f81940-2237-44cf-b3ff-9204172a0d76:192.168.30.62:46753], old=null
2019-10-15 01:03:26,132 [b7f81940-2237-44cf-b3ff-9204172a0d76@group-A987978ABD87-LeaderElection58] INFO  impl.RoleInfo (RoleInfo.java:shutdownLeaderElection(134)) - b7f81940-2237-44cf-b3ff-9204172a0d76: shutdown LeaderElection
2019-10-15 01:03:26,132 [b7f81940-2237-44cf-b3ff-9204172a0d76@group-A987978ABD87-LeaderElection58] INFO  impl.RaftServerImpl (RaftServerImpl.java:setRole(170)) - b7f81940-2237-44cf-b3ff-9204172a0d76@group-A987978ABD87: changes role from CANDIDATE to LEADER at term 1 for changeToLeader
2019-10-15 01:03:26,133 [b7f81940-2237-44cf-b3ff-9204172a0d76@group-A987978ABD87-LeaderElection58] INFO  impl.RaftServerImpl (ServerState.java:setLeader(255)) - b7f81940-2237-44cf-b3ff-9204172a0d76@group-A987978ABD87: change Leader from null to b7f81940-2237-44cf-b3ff-9204172a0d76 at term 1 for becomeLeader, leader elected after 5138ms
2019-10-15 01:03:26,133 [b7f81940-2237-44cf-b3ff-9204172a0d76@group-A987978ABD87-LeaderElection58] INFO  server.RaftServerConfigKeys (ConfUtils.java:logGet(43)) - raft.server.staging.catchup.gap = 1000 (default)
2019-10-15 01:03:26,133 [b7f81940-2237-44cf-b3ff-9204172a0d76@group-A987978ABD87-LeaderElection58] INFO  server.RaftServerConfigKeys (ConfUtils.java:logGet(43)) - raft.server.rpc.sleep.time = 25ms (default)
2019-10-15 01:03:26,133 [b7f81940-2237-44cf-b3ff-9204172a0d76@group-A987978ABD87-LeaderElection58] INFO  server.RaftServerConfigKeys (ConfUtils.java:logGet(43)) - raft.server.write.element-limit = 4096 (default)
2019-10-15 01:03:26,133 [b7f81940-2237-44cf-b3ff-9204172a0d76@group-A987978ABD87-LeaderElection58] INFO  server.RaftServerConfigKeys (ConfUtils.java:logGet(43)) - raft.server.watch.timeout = 10s (default)
2019-10-15 01:03:26,133 [b7f81940-2237-44cf-b3ff-9204172a0d76@group-A987978ABD87-LeaderElection58] INFO  server.RaftServerConfigKeys (ConfUtils.java:logGet(43)) - raft.server.watch.timeout.denomination = 1s (default)
2019-10-15 01:03:26,134 [b7f81940-2237-44cf-b3ff-9204172a0d76@group-A987978ABD87-LeaderElection58] INFO  server.RaftServerConfigKeys (ConfUtils.java:logGet(43)) - raft.server.watch.element-limit = 65536 (default)
2019-10-15 01:03:26,134 [4b3d17e1-d6b5-4e20-a8a2-d5a36d9f1fc8@group-B93306907312-LeaderElection59] INFO  impl.LeaderElection (LeaderElection.java:askForVotes(178)) - 4b3d17e1-d6b5-4e20-a8a2-d5a36d9f1fc8@group-B93306907312-LeaderElection59: begin an election at term 1 for -1: [4b3d17e1-d6b5-4e20-a8a2-d5a36d9f1fc8:192.168.30.62:40937], old=null
2019-10-15 01:03:26,134 [4b3d17e1-d6b5-4e20-a8a2-d5a36d9f1fc8@group-B93306907312-LeaderElection59] INFO  impl.RoleInfo (RoleInfo.java:shutdownLeaderElection(134)) - 4b3d17e1-d6b5-4e20-a8a2-d5a36d9f1fc8: shutdown LeaderElection
2019-10-15 01:03:26,134 [4b3d17e1-d6b5-4e20-a8a2-d5a36d9f1fc8@group-B93306907312-LeaderElection59] INFO  impl.RaftServerImpl (RaftServerImpl.java:setRole(170)) - 4b3d17e1-d6b5-4e20-a8a2-d5a36d9f1fc8@group-B93306907312: changes role from CANDIDATE to LEADER at term 1 for changeToLeader
2019-10-15 01:03:26,135 [4b3d17e1-d6b5-4e20-a8a2-d5a36d9f1fc8@group-B93306907312-LeaderElection59] INFO  impl.RaftServerImpl (ServerState.java:setLeader(255)) - 4b3d17e1-d6b5-4e20-a8a2-d5a36d9f1fc8@group-B93306907312: change Leader from null to 4b3d17e1-d6b5-4e20-a8a2-d5a36d9f1fc8 at term 1 for becomeLeader, leader elected after 5031ms
2019-10-15 01:03:26,135 [4b3d17e1-d6b5-4e20-a8a2-d5a36d9f1fc8@group-B93306907312-LeaderElection59] INFO  server.RaftServerConfigKeys (ConfUtils.java:logGet(43)) - raft.server.staging.catchup.gap = 1000 (default)
2019-10-15 01:03:26,139 [4b3d17e1-d6b5-4e20-a8a2-d5a36d9f1fc8@group-B93306907312-LeaderElection59] INFO  server.RaftServerConfigKeys (ConfUtils.java:logGet(43)) - raft.server.rpc.sleep.time = 25ms (default)
2019-10-15 01:03:26,139 [4b3d17e1-d6b5-4e20-a8a2-d5a36d9f1fc8@group-B93306907312-LeaderElection59] INFO  server.RaftServerConfigKeys (ConfUtils.java:logGet(43)) - raft.server.write.element-limit = 4096 (default)
2019-10-15 01:03:26,139 [4b3d17e1-d6b5-4e20-a8a2-d5a36d9f1fc8@group-B93306907312-LeaderElection59] INFO  server.RaftServerConfigKeys (ConfUtils.java:logGet(43)) - raft.server.watch.timeout = 10s (default)
2019-10-15 01:03:26,139 [4b3d17e1-d6b5-4e20-a8a2-d5a36d9f1fc8@group-B93306907312-LeaderElection59] INFO  server.RaftServerConfigKeys (ConfUtils.java:logGet(43)) - raft.server.watch.timeout.denomination = 1s (default)
2019-10-15 01:03:26,140 [4b3d17e1-d6b5-4e20-a8a2-d5a36d9f1fc8@group-B93306907312-LeaderElection59] INFO  server.RaftServerConfigKeys (ConfUtils.java:logGet(43)) - raft.server.watch.element-limit = 65536 (default)
2019-10-15 01:03:26,140 [b7f81940-2237-44cf-b3ff-9204172a0d76@group-A987978ABD87-LeaderElection58] INFO  impl.RoleInfo (RoleInfo.java:updateAndGet(143)) - b7f81940-2237-44cf-b3ff-9204172a0d76: start LeaderState
2019-10-15 01:03:26,140 [b7f81940-2237-44cf-b3ff-9204172a0d76@group-A987978ABD87-LeaderElection58] INFO  segmented.SegmentedRaftLogWorker (SegmentedRaftLogWorker.java:startLogSegment(385)) - b7f81940-2237-44cf-b3ff-9204172a0d76@group-A987978ABD87-SegmentedRaftLogWorker: Starting segment from index:0
2019-10-15 01:03:26,141 [b7f81940-2237-44cf-b3ff-9204172a0d76@group-A987978ABD87-LeaderElection58] INFO  impl.RaftServerImpl (ServerState.java:setRaftConf(356)) - b7f81940-2237-44cf-b3ff-9204172a0d76@group-A987978ABD87: set configuration 0: [b7f81940-2237-44cf-b3ff-9204172a0d76:192.168.30.62:46753], old=null at 0
2019-10-15 01:03:26,142 [4b3d17e1-d6b5-4e20-a8a2-d5a36d9f1fc8@group-B93306907312-LeaderElection59] INFO  impl.RoleInfo (RoleInfo.java:updateAndGet(143)) - 4b3d17e1-d6b5-4e20-a8a2-d5a36d9f1fc8: start LeaderState
2019-10-15 01:03:26,143 [4b3d17e1-d6b5-4e20-a8a2-d5a36d9f1fc8@group-B93306907312-LeaderElection59] INFO  segmented.SegmentedRaftLogWorker (SegmentedRaftLogWorker.java:startLogSegment(385)) - 4b3d17e1-d6b5-4e20-a8a2-d5a36d9f1fc8@group-B93306907312-SegmentedRaftLogWorker: Starting segment from index:0
2019-10-15 01:03:26,144 [4b3d17e1-d6b5-4e20-a8a2-d5a36d9f1fc8@group-B93306907312-LeaderElection59] INFO  impl.RaftServerImpl (ServerState.java:setRaftConf(356)) - 4b3d17e1-d6b5-4e20-a8a2-d5a36d9f1fc8@group-B93306907312: set configuration 0: [4b3d17e1-d6b5-4e20-a8a2-d5a36d9f1fc8:192.168.30.62:40937], old=null at 0
2019-10-15 01:03:26,186 [4b3d17e1-d6b5-4e20-a8a2-d5a36d9f1fc8@group-B93306907312-SegmentedRaftLogWorker] INFO  segmented.SegmentedRaftLogWorker (SegmentedRaftLogWorker.java:execute(574)) - 4b3d17e1-d6b5-4e20-a8a2-d5a36d9f1fc8@group-B93306907312-SegmentedRaftLogWorker: created new log segment /workdir/hadoop-ozone/integration-test/target/test-dir/MiniOzoneClusterImpl-f18b4a30-c446-476a-8bef-798fb19dae38/datanode-5/data/ratis/f9bf9c42-9f58-4c6a-9c87-b93306907312/current/log_inprogress_0
2019-10-15 01:03:26,186 [b7f81940-2237-44cf-b3ff-9204172a0d76@group-A987978ABD87-SegmentedRaftLogWorker] INFO  segmented.SegmentedRaftLogWorker (SegmentedRaftLogWorker.java:execute(574)) - b7f81940-2237-44cf-b3ff-9204172a0d76@group-A987978ABD87-SegmentedRaftLogWorker: created new log segment /workdir/hadoop-ozone/integration-test/target/test-dir/MiniOzoneClusterImpl-f18b4a30-c446-476a-8bef-798fb19dae38/datanode-4/data/ratis/f34e7aba-85fd-472d-bb22-a987978abd87/current/log_inprogress_0
2019-10-15 01:03:26,253 [Thread-2340] INFO  impl.FollowerState (FollowerState.java:run(108)) - c9d59a07-fb10-4f7f-ac83-847017236658@group-8126144CC0FB-FollowerState: change to CANDIDATE, lastRpcTime:5056ms, electionTimeout:5056ms
2019-10-15 01:03:26,254 [Thread-2340] INFO  impl.RoleInfo (RoleInfo.java:shutdownFollowerState(121)) - c9d59a07-fb10-4f7f-ac83-847017236658: shutdown FollowerState
2019-10-15 01:03:26,254 [Thread-2340] INFO  impl.RaftServerImpl (RaftServerImpl.java:setRole(170)) - c9d59a07-fb10-4f7f-ac83-847017236658@group-8126144CC0FB: changes role from  FOLLOWER to CANDIDATE at term 0 for changeToCandidate
2019-10-15 01:03:26,254 [Thread-2340] INFO  impl.RoleInfo (RoleInfo.java:updateAndGet(143)) - c9d59a07-fb10-4f7f-ac83-847017236658: start LeaderElection
2019-10-15 01:03:26,285 [c9d59a07-fb10-4f7f-ac83-847017236658@group-8126144CC0FB-LeaderElection60] INFO  impl.LeaderElection (LeaderElection.java:askForVotes(178)) - c9d59a07-fb10-4f7f-ac83-847017236658@group-8126144CC0FB-LeaderElection60: begin an election at term 1 for -1: [c9d59a07-fb10-4f7f-ac83-847017236658:192.168.30.62:44392, b7f81940-2237-44cf-b3ff-9204172a0d76:192.168.30.62:46753, 4b3d17e1-d6b5-4e20-a8a2-d5a36d9f1fc8:192.168.30.62:40937], old=null
2019-10-15 01:03:26,294 [grpc-default-executor-9] INFO  impl.RaftServerImpl (RaftServerImpl.java:setRole(170)) - b7f81940-2237-44cf-b3ff-9204172a0d76@group-8126144CC0FB: changes role from  FOLLOWER to FOLLOWER at term 1 for recognizeCandidate:c9d59a07-fb10-4f7f-ac83-847017236658
2019-10-15 01:03:26,294 [grpc-default-executor-6] INFO  impl.RaftServerImpl (RaftServerImpl.java:setRole(170)) - 4b3d17e1-d6b5-4e20-a8a2-d5a36d9f1fc8@group-8126144CC0FB: changes role from  FOLLOWER to FOLLOWER at term 1 for recognizeCandidate:c9d59a07-fb10-4f7f-ac83-847017236658
2019-10-15 01:03:26,294 [grpc-default-executor-9] INFO  impl.RoleInfo (RoleInfo.java:shutdownFollowerState(121)) - b7f81940-2237-44cf-b3ff-9204172a0d76: shutdown FollowerState
2019-10-15 01:03:26,294 [grpc-default-executor-6] INFO  impl.RoleInfo (RoleInfo.java:shutdownFollowerState(121)) - 4b3d17e1-d6b5-4e20-a8a2-d5a36d9f1fc8: shutdown FollowerState
2019-10-15 01:03:26,295 [grpc-default-executor-9] INFO  impl.RoleInfo (RoleInfo.java:updateAndGet(143)) - b7f81940-2237-44cf-b3ff-9204172a0d76: start FollowerState
2019-10-15 01:03:26,295 [grpc-default-executor-6] INFO  impl.RoleInfo (RoleInfo.java:updateAndGet(143)) - 4b3d17e1-d6b5-4e20-a8a2-d5a36d9f1fc8: start FollowerState
2019-10-15 01:03:26,295 [Thread-2341] INFO  impl.FollowerState (FollowerState.java:run(117)) - b7f81940-2237-44cf-b3ff-9204172a0d76@group-8126144CC0FB-FollowerState was interrupted: java.lang.InterruptedException: sleep interrupted
2019-10-15 01:03:26,295 [Thread-2336] INFO  impl.FollowerState (FollowerState.java:run(117)) - 4b3d17e1-d6b5-4e20-a8a2-d5a36d9f1fc8@group-8126144CC0FB-FollowerState was interrupted: java.lang.InterruptedException: sleep interrupted
2019-10-15 01:03:26,319 [c9d59a07-fb10-4f7f-ac83-847017236658@group-8126144CC0FB-LeaderElection60] INFO  impl.LeaderElection (LeaderElection.java:logAndReturn(56)) - c9d59a07-fb10-4f7f-ac83-847017236658@group-8126144CC0FB-LeaderElection60: Election PASSED; received 1 response(s) [c9d59a07-fb10-4f7f-ac83-847017236658<-4b3d17e1-d6b5-4e20-a8a2-d5a36d9f1fc8#0:OK-t1] and 0 exception(s); c9d59a07-fb10-4f7f-ac83-847017236658@group-8126144CC0FB:t1, leader=null, voted=c9d59a07-fb10-4f7f-ac83-847017236658, raftlog=c9d59a07-fb10-4f7f-ac83-847017236658@group-8126144CC0FB-SegmentedRaftLog:OPENED:c-1,f-1,i0, conf=-1: [c9d59a07-fb10-4f7f-ac83-847017236658:192.168.30.62:44392, b7f81940-2237-44cf-b3ff-9204172a0d76:192.168.30.62:46753, 4b3d17e1-d6b5-4e20-a8a2-d5a36d9f1fc8:192.168.30.62:40937], old=null
2019-10-15 01:03:26,319 [c9d59a07-fb10-4f7f-ac83-847017236658@group-8126144CC0FB-LeaderElection60] INFO  impl.RoleInfo (RoleInfo.java:shutdownLeaderElection(134)) - c9d59a07-fb10-4f7f-ac83-847017236658: shutdown LeaderElection
2019-10-15 01:03:26,319 [c9d59a07-fb10-4f7f-ac83-847017236658@group-8126144CC0FB-LeaderElection60] INFO  impl.RaftServerImpl (RaftServerImpl.java:setRole(170)) - c9d59a07-fb10-4f7f-ac83-847017236658@group-8126144CC0FB: changes role from CANDIDATE to LEADER at term 1 for changeToLeader
2019-10-15 01:03:26,320 [c9d59a07-fb10-4f7f-ac83-847017236658@group-8126144CC0FB-LeaderElection60] INFO  impl.RaftServerImpl (ServerState.java:setLeader(255)) - c9d59a07-fb10-4f7f-ac83-847017236658@group-8126144CC0FB: change Leader from null to c9d59a07-fb10-4f7f-ac83-847017236658 at term 1 for becomeLeader, leader elected after 5153ms
2019-10-15 01:03:26,320 [c9d59a07-fb10-4f7f-ac83-847017236658@group-8126144CC0FB-LeaderElection60] INFO  server.RaftServerConfigKeys (ConfUtils.java:logGet(43)) - raft.server.staging.catchup.gap = 1000 (default)
2019-10-15 01:03:26,320 [c9d59a07-fb10-4f7f-ac83-847017236658@group-8126144CC0FB-LeaderElection60] INFO  server.RaftServerConfigKeys (ConfUtils.java:logGet(43)) - raft.server.rpc.sleep.time = 25ms (default)
2019-10-15 01:03:26,320 [c9d59a07-fb10-4f7f-ac83-847017236658@group-8126144CC0FB-LeaderElection60] INFO  server.RaftServerConfigKeys (ConfUtils.java:logGet(43)) - raft.server.write.element-limit = 4096 (default)
2019-10-15 01:03:26,320 [c9d59a07-fb10-4f7f-ac83-847017236658@group-8126144CC0FB-LeaderElection60] INFO  server.RaftServerConfigKeys (ConfUtils.java:logGet(43)) - raft.server.watch.timeout = 10s (default)
2019-10-15 01:03:26,320 [c9d59a07-fb10-4f7f-ac83-847017236658@group-8126144CC0FB-LeaderElection60] INFO  server.RaftServerConfigKeys (ConfUtils.java:logGet(43)) - raft.server.watch.timeout.denomination = 1s (default)
2019-10-15 01:03:26,320 [c9d59a07-fb10-4f7f-ac83-847017236658@group-8126144CC0FB-LeaderElection60] INFO  server.RaftServerConfigKeys (ConfUtils.java:logGet(43)) - raft.server.watch.element-limit = 65536 (default)
2019-10-15 01:03:26,322 [c9d59a07-fb10-4f7f-ac83-847017236658@group-8126144CC0FB-LeaderElection60] INFO  server.RaftServerConfigKeys (ConfUtils.java:logGet(43)) - raft.server.log.appender.snapshot.chunk.size.max = 16MB (=16777216) (default)
2019-10-15 01:03:26,322 [c9d59a07-fb10-4f7f-ac83-847017236658@group-8126144CC0FB-LeaderElection60] INFO  server.RaftServerConfigKeys (ConfUtils.java:logGet(43)) - raft.server.log.appender.buffer.byte-limit = 33554432 (custom)
2019-10-15 01:03:26,323 [c9d59a07-fb10-4f7f-ac83-847017236658@group-8126144CC0FB-LeaderElection60] INFO  server.RaftServerConfigKeys (ConfUtils.java:logGet(43)) - raft.server.log.appender.buffer.element-limit = 1 (custom)
2019-10-15 01:03:26,323 [c9d59a07-fb10-4f7f-ac83-847017236658@group-8126144CC0FB-LeaderElection60] INFO  grpc.GrpcConfigKeys$Server (ConfUtils.java:logGet(43)) - raft.grpc.server.leader.outstanding.appends.max = 128 (default)
2019-10-15 01:03:26,323 [c9d59a07-fb10-4f7f-ac83-847017236658@group-8126144CC0FB-LeaderElection60] INFO  server.RaftServerConfigKeys (ConfUtils.java:logGet(43)) - raft.server.rpc.request.timeout = 3000ms (default)
2019-10-15 01:03:26,323 [c9d59a07-fb10-4f7f-ac83-847017236658@group-8126144CC0FB-LeaderElection60] INFO  server.RaftServerConfigKeys (ConfUtils.java:logGet(43)) - raft.server.log.appender.install.snapshot.enabled = false (custom)
2019-10-15 01:03:26,323 [c9d59a07-fb10-4f7f-ac83-847017236658@group-8126144CC0FB-LeaderElection60] INFO  server.RaftServerConfigKeys (ConfUtils.java:logGet(43)) - raft.server.log.appender.snapshot.chunk.size.max = 16MB (=16777216) (default)
2019-10-15 01:03:26,324 [c9d59a07-fb10-4f7f-ac83-847017236658@group-8126144CC0FB-LeaderElection60] INFO  server.RaftServerConfigKeys (ConfUtils.java:logGet(43)) - raft.server.log.appender.buffer.byte-limit = 33554432 (custom)
2019-10-15 01:03:26,324 [c9d59a07-fb10-4f7f-ac83-847017236658@group-8126144CC0FB-LeaderElection60] INFO  server.RaftServerConfigKeys (ConfUtils.java:logGet(43)) - raft.server.log.appender.buffer.element-limit = 1 (custom)
2019-10-15 01:03:26,324 [c9d59a07-fb10-4f7f-ac83-847017236658@group-8126144CC0FB-LeaderElection60] INFO  grpc.GrpcConfigKeys$Server (ConfUtils.java:logGet(43)) - raft.grpc.server.leader.outstanding.appends.max = 128 (default)
2019-10-15 01:03:26,324 [c9d59a07-fb10-4f7f-ac83-847017236658@group-8126144CC0FB-LeaderElection60] INFO  server.RaftServerConfigKeys (ConfUtils.java:logGet(43)) - raft.server.rpc.request.timeout = 3000ms (default)
2019-10-15 01:03:26,324 [c9d59a07-fb10-4f7f-ac83-847017236658@group-8126144CC0FB-LeaderElection60] INFO  server.RaftServerConfigKeys (ConfUtils.java:logGet(43)) - raft.server.log.appender.install.snapshot.enabled = false (custom)
2019-10-15 01:03:26,324 [c9d59a07-fb10-4f7f-ac83-847017236658@group-8126144CC0FB-LeaderElection60] INFO  impl.RoleInfo (RoleInfo.java:updateAndGet(143)) - c9d59a07-fb10-4f7f-ac83-847017236658: start LeaderState
2019-10-15 01:03:26,325 [c9d59a07-fb10-4f7f-ac83-847017236658@group-8126144CC0FB-LeaderElection60] INFO  segmented.SegmentedRaftLogWorker (SegmentedRaftLogWorker.java:startLogSegment(385)) - c9d59a07-fb10-4f7f-ac83-847017236658@group-8126144CC0FB-SegmentedRaftLogWorker: Starting segment from index:0
2019-10-15 01:03:26,325 [c9d59a07-fb10-4f7f-ac83-847017236658@group-8126144CC0FB-LeaderElection60] INFO  impl.RaftServerImpl (ServerState.java:setRaftConf(356)) - c9d59a07-fb10-4f7f-ac83-847017236658@group-8126144CC0FB: set configuration 0: [c9d59a07-fb10-4f7f-ac83-847017236658:192.168.30.62:44392, b7f81940-2237-44cf-b3ff-9204172a0d76:192.168.30.62:46753, 4b3d17e1-d6b5-4e20-a8a2-d5a36d9f1fc8:192.168.30.62:40937], old=null at 0
2019-10-15 01:03:26,354 [grpc-default-executor-6] INFO  impl.RaftServerImpl (ServerState.java:setLeader(255)) - b7f81940-2237-44cf-b3ff-9204172a0d76@group-8126144CC0FB: change Leader from null to c9d59a07-fb10-4f7f-ac83-847017236658 at term 1 for appendEntries, leader elected after 5187ms
2019-10-15 01:03:26,355 [grpc-default-executor-6] INFO  impl.RaftServerImpl (ServerState.java:setLeader(255)) - 4b3d17e1-d6b5-4e20-a8a2-d5a36d9f1fc8@group-8126144CC0FB: change Leader from null to c9d59a07-fb10-4f7f-ac83-847017236658 at term 1 for appendEntries, leader elected after 5188ms
2019-10-15 01:03:26,359 [grpc-default-executor-9] INFO  impl.RaftServerImpl (ServerState.java:setRaftConf(356)) - b7f81940-2237-44cf-b3ff-9204172a0d76@group-8126144CC0FB: set configuration 0: [c9d59a07-fb10-4f7f-ac83-847017236658:192.168.30.62:44392, b7f81940-2237-44cf-b3ff-9204172a0d76:192.168.30.62:46753, 4b3d17e1-d6b5-4e20-a8a2-d5a36d9f1fc8:192.168.30.62:40937], old=null at 0
2019-10-15 01:03:26,360 [grpc-default-executor-9] INFO  segmented.SegmentedRaftLogWorker (SegmentedRaftLogWorker.java:startLogSegment(385)) - b7f81940-2237-44cf-b3ff-9204172a0d76@group-8126144CC0FB-SegmentedRaftLogWorker: Starting segment from index:0
2019-10-15 01:03:26,360 [grpc-default-executor-6] INFO  impl.RaftServerImpl (ServerState.java:setRaftConf(356)) - 4b3d17e1-d6b5-4e20-a8a2-d5a36d9f1fc8@group-8126144CC0FB: set configuration 0: [c9d59a07-fb10-4f7f-ac83-847017236658:192.168.30.62:44392, b7f81940-2237-44cf-b3ff-9204172a0d76:192.168.30.62:46753, 4b3d17e1-d6b5-4e20-a8a2-d5a36d9f1fc8:192.168.30.62:40937], old=null at 0
2019-10-15 01:03:26,361 [grpc-default-executor-6] INFO  segmented.SegmentedRaftLogWorker (SegmentedRaftLogWorker.java:startLogSegment(385)) - 4b3d17e1-d6b5-4e20-a8a2-d5a36d9f1fc8@group-8126144CC0FB-SegmentedRaftLogWorker: Starting segment from index:0
2019-10-15 01:03:26,367 [c9d59a07-fb10-4f7f-ac83-847017236658@group-8126144CC0FB-SegmentedRaftLogWorker] INFO  segmented.SegmentedRaftLogWorker (SegmentedRaftLogWorker.java:execute(574)) - c9d59a07-fb10-4f7f-ac83-847017236658@group-8126144CC0FB-SegmentedRaftLogWorker: created new log segment /workdir/hadoop-ozone/integration-test/target/test-dir/MiniOzoneClusterImpl-f18b4a30-c446-476a-8bef-798fb19dae38/datanode-3/data/ratis/f6fd22c0-e82d-4a21-93fa-8126144cc0fb/current/log_inprogress_0
2019-10-15 01:03:26,403 [4b3d17e1-d6b5-4e20-a8a2-d5a36d9f1fc8@group-8126144CC0FB-SegmentedRaftLogWorker] INFO  segmented.SegmentedRaftLogWorker (SegmentedRaftLogWorker.java:execute(574)) - 4b3d17e1-d6b5-4e20-a8a2-d5a36d9f1fc8@group-8126144CC0FB-SegmentedRaftLogWorker: created new log segment /workdir/hadoop-ozone/integration-test/target/test-dir/MiniOzoneClusterImpl-f18b4a30-c446-476a-8bef-798fb19dae38/datanode-5/data/ratis/f6fd22c0-e82d-4a21-93fa-8126144cc0fb/current/log_inprogress_0
2019-10-15 01:03:26,403 [b7f81940-2237-44cf-b3ff-9204172a0d76@group-8126144CC0FB-SegmentedRaftLogWorker] INFO  segmented.SegmentedRaftLogWorker (SegmentedRaftLogWorker.java:execute(574)) - b7f81940-2237-44cf-b3ff-9204172a0d76@group-8126144CC0FB-SegmentedRaftLogWorker: created new log segment /workdir/hadoop-ozone/integration-test/target/test-dir/MiniOzoneClusterImpl-f18b4a30-c446-476a-8bef-798fb19dae38/datanode-4/data/ratis/f6fd22c0-e82d-4a21-93fa-8126144cc0fb/current/log_inprogress_0
2019-10-15 01:03:26,540 [Datanode State Machine Thread - 0] INFO  statemachine.DatanodeStateMachine (DatanodeStateMachine.java:lambda$startDaemon$0(350)) - Ozone container server started.
2019-10-15 01:03:27,505 [grpc-default-executor-2] WARN  server.GrpcLogAppender (LogUtils.java:warn(134)) - c8fa587d-1a82-4196-bd9f-b9c6b166c070@group-DF31B5A3C09F->d1fe838a-d6b9-4181-abdf-8d55bca94856-AppendLogResponseHandler: Failed appendEntries: org.apache.ratis.thirdparty.io.grpc.StatusRuntimeException: UNAVAILABLE: io exception
2019-10-15 01:03:27,505 [grpc-default-executor-11] WARN  server.GrpcLogAppender (LogUtils.java:warn(134)) - c8fa587d-1a82-4196-bd9f-b9c6b166c070@group-DF31B5A3C09F->62da231e-6706-4024-9d76-a7730eed6ee2-AppendLogResponseHandler: Failed appendEntries: org.apache.ratis.thirdparty.io.grpc.StatusRuntimeException: UNAVAILABLE: io exception
2019-10-15 01:03:27,506 [grpc-default-executor-2] INFO  impl.FollowerInfo (FollowerInfo.java:lambda$new$0(51)) - c8fa587d-1a82-4196-bd9f-b9c6b166c070@group-DF31B5A3C09F->d1fe838a-d6b9-4181-abdf-8d55bca94856: nextIndex: updateUnconditionally 0 -> 0
2019-10-15 01:03:27,506 [grpc-default-executor-11] INFO  impl.FollowerInfo (FollowerInfo.java:lambda$new$0(51)) - c8fa587d-1a82-4196-bd9f-b9c6b166c070@group-DF31B5A3C09F->62da231e-6706-4024-9d76-a7730eed6ee2: nextIndex: updateUnconditionally 0 -> 0
2019-10-15 01:03:28,563 [Thread-2417] INFO  client.GrpcClientProtocolService (GrpcClientProtocolService.java:lambda$processClientRequest$0(278)) - Failed RaftClientRequest:client-CA9CEE738207->c8fa587d-1a82-4196-bd9f-b9c6b166c070@group-DF31B5A3C09F, cid=68, seq=0, Watch-MAJORITY_COMMITTED(43), Message:<EMPTY>, reply=RaftClientReply:client-CA9CEE738207->c8fa587d-1a82-4196-bd9f-b9c6b166c070@group-DF31B5A3C09F, cid=68, FAILED org.apache.ratis.protocol.NotReplicatedException: Request with call Id 68 and log index 43 is not yet replicated to MAJORITY_COMMITTED, logIndex=43, commits[c8fa587d-1a82-4196-bd9f-b9c6b166c070:c2, d1fe838a-d6b9-4181-abdf-8d55bca94856:c2, 62da231e-6706-4024-9d76-a7730eed6ee2:c2]
2019-10-15 01:03:30,009 [grpc-default-executor-11] WARN  server.GrpcLogAppender (LogUtils.java:warn(134)) - c8fa587d-1a82-4196-bd9f-b9c6b166c070@group-DF31B5A3C09F->d1fe838a-d6b9-4181-abdf-8d55bca94856-AppendLogResponseHandler: Failed appendEntries: org.apache.ratis.thirdparty.io.grpc.StatusRuntimeException: UNAVAILABLE: io exception
2019-10-15 01:03:30,009 [grpc-default-executor-2] WARN  server.GrpcLogAppender (LogUtils.java:warn(134)) - c8fa587d-1a82-4196-bd9f-b9c6b166c070@group-DF31B5A3C09F->62da231e-6706-4024-9d76-a7730eed6ee2-AppendLogResponseHandler: Failed appendEntries: org.apache.ratis.thirdparty.io.grpc.StatusRuntimeException: UNAVAILABLE: io exception
2019-10-15 01:03:30,010 [grpc-default-executor-11] INFO  impl.FollowerInfo (FollowerInfo.java:lambda$new$0(51)) - c8fa587d-1a82-4196-bd9f-b9c6b166c070@group-DF31B5A3C09F->d1fe838a-d6b9-4181-abdf-8d55bca94856: nextIndex: updateUnconditionally 0 -> 0
2019-10-15 01:03:30,010 [grpc-default-executor-2] INFO  impl.FollowerInfo (FollowerInfo.java:lambda$new$0(51)) - c8fa587d-1a82-4196-bd9f-b9c6b166c070@group-DF31B5A3C09F->62da231e-6706-4024-9d76-a7730eed6ee2: nextIndex: updateUnconditionally 0 -> 0
2019-10-15 01:03:31,527 [main] INFO  ozoneimpl.OzoneContainer (OzoneContainer.java:stop(227)) - Attempting to stop container services.
2019-10-15 01:03:31,528 [main] INFO  impl.RaftServerProxy (RaftServerProxy.java:lambda$close$4(314)) - fbf9bb9d-af1a-40fb-a7e6-663cd57a1225: close
2019-10-15 01:03:31,529 [main] INFO  impl.RaftServerImpl (RaftServerImpl.java:lambda$shutdown$3(247)) - fbf9bb9d-af1a-40fb-a7e6-663cd57a1225@group-16A54420E530: shutdown
2019-10-15 01:03:31,529 [main] INFO  util.JmxRegister (JmxRegister.java:unregister(73)) - Successfully un-registered JMX Bean with object name Ratis:service=RaftServer,group=group-16A54420E530,id=fbf9bb9d-af1a-40fb-a7e6-663cd57a1225
2019-10-15 01:03:31,529 [main] INFO  impl.RoleInfo (RoleInfo.java:shutdownLeaderState(104)) - fbf9bb9d-af1a-40fb-a7e6-663cd57a1225: shutdown LeaderState
2019-10-15 01:03:31,530 [main] INFO  impl.PendingRequests (PendingRequests.java:sendNotLeaderResponses(202)) - fbf9bb9d-af1a-40fb-a7e6-663cd57a1225@group-16A54420E530-PendingRequests: sendNotLeaderResponses
2019-10-15 01:03:31,530 [main] INFO  impl.StateMachineUpdater (StateMachineUpdater.java:stopAndJoin(136)) - fbf9bb9d-af1a-40fb-a7e6-663cd57a1225@group-16A54420E530-StateMachineUpdater: set stopIndex = 0
2019-10-15 01:03:31,531 [main] INFO  impl.RaftServerImpl (ServerState.java:close(387)) - fbf9bb9d-af1a-40fb-a7e6-663cd57a1225@group-16A54420E530: closes. applyIndex: 0
2019-10-15 01:03:31,531 [fbf9bb9d-af1a-40fb-a7e6-663cd57a1225@group-16A54420E530-SegmentedRaftLogWorker] INFO  segmented.SegmentedRaftLogWorker (SegmentedRaftLogWorker.java:run(316)) - fbf9bb9d-af1a-40fb-a7e6-663cd57a1225@group-16A54420E530-SegmentedRaftLogWorker was interrupted, exiting. There are 0 tasks remaining in the queue.
2019-10-15 01:03:31,536 [main] INFO  segmented.SegmentedRaftLogWorker (SegmentedRaftLogWorker.java:close(224)) - fbf9bb9d-af1a-40fb-a7e6-663cd57a1225@group-16A54420E530-SegmentedRaftLogWorker close()
2019-10-15 01:03:31,541 [main] INFO  impl.RaftServerImpl (RaftServerImpl.java:lambda$shutdown$3(247)) - fbf9bb9d-af1a-40fb-a7e6-663cd57a1225@group-2380E0FE31C7: shutdown
2019-10-15 01:03:31,542 [main] INFO  util.JmxRegister (JmxRegister.java:unregister(73)) - Successfully un-registered JMX Bean with object name Ratis:service=RaftServer,group=group-2380E0FE31C7,id=fbf9bb9d-af1a-40fb-a7e6-663cd57a1225
2019-10-15 01:03:31,542 [main] INFO  impl.RoleInfo (RoleInfo.java:shutdownFollowerState(121)) - fbf9bb9d-af1a-40fb-a7e6-663cd57a1225: shutdown FollowerState
2019-10-15 01:03:31,542 [main] INFO  impl.StateMachineUpdater (StateMachineUpdater.java:stopAndJoin(136)) - fbf9bb9d-af1a-40fb-a7e6-663cd57a1225@group-2380E0FE31C7-StateMachineUpdater: set stopIndex = 2
2019-10-15 01:03:31,543 [fbf9bb9d-af1a-40fb-a7e6-663cd57a1225@group-2380E0FE31C7-StateMachineUpdater] INFO  ratis.ContainerStateMachine (ContainerStateMachine.java:takeSnapshot(294)) - group-2380E0FE31C7: Taking a snapshot at:(t:1, i:1) file /workdir/hadoop-ozone/integration-test/target/test-dir/MiniOzoneClusterImpl-f18b4a30-c446-476a-8bef-798fb19dae38/datanode-1/data/ratis/14332e4e-c758-4662-befb-2380e0fe31c7/sm/snapshot.1_1
2019-10-15 01:03:31,543 [Thread-2370] INFO  impl.FollowerState (FollowerState.java:run(117)) - fbf9bb9d-af1a-40fb-a7e6-663cd57a1225@group-2380E0FE31C7-FollowerState was interrupted: java.lang.InterruptedException: sleep interrupted
2019-10-15 01:03:31,558 [fbf9bb9d-af1a-40fb-a7e6-663cd57a1225@group-2380E0FE31C7-StateMachineUpdater] INFO  ratis.ContainerStateMachine (ContainerStateMachine.java:takeSnapshot(305)) - group-2380E0FE31C7: Finished taking a snapshot at:(t:1, i:1) file:/workdir/hadoop-ozone/integration-test/target/test-dir/MiniOzoneClusterImpl-f18b4a30-c446-476a-8bef-798fb19dae38/datanode-1/data/ratis/14332e4e-c758-4662-befb-2380e0fe31c7/sm/snapshot.1_1 time:16
2019-10-15 01:03:31,558 [fbf9bb9d-af1a-40fb-a7e6-663cd57a1225@group-2380E0FE31C7-StateMachineUpdater] INFO  impl.StateMachineUpdater (StateMachineUpdater.java:takeSnapshot(269)) - fbf9bb9d-af1a-40fb-a7e6-663cd57a1225@group-2380E0FE31C7-StateMachineUpdater: Took a snapshot at index 1
2019-10-15 01:03:31,558 [fbf9bb9d-af1a-40fb-a7e6-663cd57a1225@group-2380E0FE31C7-StateMachineUpdater] INFO  impl.StateMachineUpdater (StateMachineUpdater.java:lambda$new$0(84)) - fbf9bb9d-af1a-40fb-a7e6-663cd57a1225@group-2380E0FE31C7-StateMachineUpdater: snapshotIndex: updateIncreasingly -1 -> 1
2019-10-15 01:03:31,559 [fbf9bb9d-af1a-40fb-a7e6-663cd57a1225@group-2380E0FE31C7-StateMachineUpdater] INFO  ratis.ContainerStateMachine (ContainerStateMachine.java:takeSnapshot(294)) - group-2380E0FE31C7: Taking a snapshot at:(t:1, i:1) file /workdir/hadoop-ozone/integration-test/target/test-dir/MiniOzoneClusterImpl-f18b4a30-c446-476a-8bef-798fb19dae38/datanode-1/data/ratis/14332e4e-c758-4662-befb-2380e0fe31c7/sm/snapshot.1_1
2019-10-15 01:03:31,572 [fbf9bb9d-af1a-40fb-a7e6-663cd57a1225@group-2380E0FE31C7-StateMachineUpdater] INFO  ratis.ContainerStateMachine (ContainerStateMachine.java:takeSnapshot(305)) - group-2380E0FE31C7: Finished taking a snapshot at:(t:1, i:1) file:/workdir/hadoop-ozone/integration-test/target/test-dir/MiniOzoneClusterImpl-f18b4a30-c446-476a-8bef-798fb19dae38/datanode-1/data/ratis/14332e4e-c758-4662-befb-2380e0fe31c7/sm/snapshot.1_1 time:13
2019-10-15 01:03:31,572 [fbf9bb9d-af1a-40fb-a7e6-663cd57a1225@group-2380E0FE31C7-StateMachineUpdater] INFO  impl.StateMachineUpdater (StateMachineUpdater.java:takeSnapshot(269)) - fbf9bb9d-af1a-40fb-a7e6-663cd57a1225@group-2380E0FE31C7-StateMachineUpdater: Took a snapshot at index 1
2019-10-15 01:03:31,572 [fbf9bb9d-af1a-40fb-a7e6-663cd57a1225@group-2380E0FE31C7-StateMachineUpdater] INFO  impl.StateMachineUpdater (StateMachineUpdater.java:lambda$new$0(84)) - fbf9bb9d-af1a-40fb-a7e6-663cd57a1225@group-2380E0FE31C7-StateMachineUpdater: snapshotIndex: updateIncreasingly 1 -> 1
2019-10-15 01:03:31,572 [main] INFO  impl.RaftServerImpl (ServerState.java:close(387)) - fbf9bb9d-af1a-40fb-a7e6-663cd57a1225@group-2380E0FE31C7: closes. applyIndex: 2
2019-10-15 01:03:31,573 [fbf9bb9d-af1a-40fb-a7e6-663cd57a1225@group-2380E0FE31C7-SegmentedRaftLogWorker] INFO  segmented.SegmentedRaftLogWorker (SegmentedRaftLogWorker.java:run(316)) - fbf9bb9d-af1a-40fb-a7e6-663cd57a1225@group-2380E0FE31C7-SegmentedRaftLogWorker was interrupted, exiting. There are 0 tasks remaining in the queue.
2019-10-15 01:03:31,577 [main] INFO  segmented.SegmentedRaftLogWorker (SegmentedRaftLogWorker.java:close(224)) - fbf9bb9d-af1a-40fb-a7e6-663cd57a1225@group-2380E0FE31C7-SegmentedRaftLogWorker close()
2019-10-15 01:03:31,583 [main] INFO  server.GrpcService (GrpcService.java:closeImpl(164)) - fbf9bb9d-af1a-40fb-a7e6-663cd57a1225: shutdown server with port 40501 now
2019-10-15 01:03:31,584 [grpc-default-executor-11] WARN  server.GrpcServerProtocolService (LogUtils.java:warn(134)) - fbf9bb9d-af1a-40fb-a7e6-663cd57a1225: installSnapshot onError, lastRequest: bc9dd8d0-a210-417b-914f-78251f78a466->fbf9bb9d-af1a-40fb-a7e6-663cd57a1225#5-t1, previous=(t:1, i:2), leaderCommit=2, initializing? false, entries: <empty>: org.apache.ratis.thirdparty.io.grpc.StatusRuntimeException: CANCELLED: cancelled before receiving half close
2019-10-15 01:03:31,585 [grpc-default-executor-6] WARN  server.GrpcLogAppender (LogUtils.java:warn(134)) - bc9dd8d0-a210-417b-914f-78251f78a466@group-2380E0FE31C7->fbf9bb9d-af1a-40fb-a7e6-663cd57a1225-AppendLogResponseHandler: Failed appendEntries: org.apache.ratis.thirdparty.io.grpc.StatusRuntimeException: CANCELLED: HTTP/2 error code: CANCEL
Received Rst Stream
2019-10-15 01:03:31,585 [main] INFO  server.GrpcService (GrpcService.java:closeImpl(172)) - fbf9bb9d-af1a-40fb-a7e6-663cd57a1225: shutdown server with port 40501 successfully
2019-10-15 01:03:31,585 [grpc-default-executor-6] INFO  impl.FollowerInfo (FollowerInfo.java:lambda$new$0(51)) - bc9dd8d0-a210-417b-914f-78251f78a466@group-2380E0FE31C7->fbf9bb9d-af1a-40fb-a7e6-663cd57a1225: nextIndex: updateUnconditionally 3 -> 2
2019-10-15 01:03:31,591 [refreshUsed-/workdir/hadoop-ozone/integration-test/target/test-dir/MiniOzoneClusterImpl-f18b4a30-c446-476a-8bef-798fb19dae38/datanode-1/data/containers] WARN  fs.CachingGetSpaceUsed (CachingGetSpaceUsed.java:run(183)) - Thread Interrupted waiting to refresh disk information: sleep interrupted
2019-10-15 01:03:31,607 [main] INFO  utils.BackgroundService (BackgroundService.java:shutdown(151)) - Shutting down service BlockDeletingService
2019-10-15 01:03:31,618 [main] INFO  statemachine.DatanodeStateMachine (DatanodeStateMachine.java:stopDaemon(395)) - Ozone container server stopped.
2019-10-15 01:03:31,619 [main] INFO  handler.ContextHandler (ContextHandler.java:doStop(910)) - Stopped o.e.j.w.WebAppContext@2c9306d3{/,null,UNAVAILABLE}{/hddsDatanode}
2019-10-15 01:03:31,620 [main] INFO  server.AbstractConnector (AbstractConnector.java:doStop(318)) - Stopped ServerConnector@4270b142{HTTP/1.1,[http/1.1]}{0.0.0.0:0}
2019-10-15 01:03:31,620 [main] INFO  handler.ContextHandler (ContextHandler.java:doStop(910)) - Stopped o.e.j.s.ServletContextHandler@74f280bd{/static,jar:file:/home/user/.m2/repository/org/apache/hadoop/hadoop-hdds-container-service/0.5.0-SNAPSHOT/hadoop-hdds-container-service-0.5.0-SNAPSHOT.jar!/webapps/static,UNAVAILABLE}
2019-10-15 01:03:31,621 [main] INFO  handler.ContextHandler (ContextHandler.java:doStop(910)) - Stopped o.e.j.s.ServletContextHandler@252ec02e{/logs,file:///workdir/hadoop-ozone/integration-test/target/log,UNAVAILABLE}
2019-10-15 01:03:31,635 [grpc-default-executor-6] WARN  server.GrpcLogAppender (LogUtils.java:warn(134)) - bc9dd8d0-a210-417b-914f-78251f78a466@group-2380E0FE31C7->fbf9bb9d-af1a-40fb-a7e6-663cd57a1225-AppendLogResponseHandler: Failed appendEntries: org.apache.ratis.thirdparty.io.grpc.StatusRuntimeException: UNAVAILABLE: io exception
2019-10-15 01:03:31,635 [grpc-default-executor-6] INFO  impl.FollowerInfo (FollowerInfo.java:lambda$new$0(51)) - bc9dd8d0-a210-417b-914f-78251f78a466@group-2380E0FE31C7->fbf9bb9d-af1a-40fb-a7e6-663cd57a1225: nextIndex: updateUnconditionally 3 -> 2
2019-10-15 01:03:31,647 [grpc-default-executor-11] WARN  server.GrpcLogAppender (LogUtils.java:warn(134)) - bc9dd8d0-a210-417b-914f-78251f78a466@group-2380E0FE31C7->fbf9bb9d-af1a-40fb-a7e6-663cd57a1225-AppendLogResponseHandler: Failed appendEntries: org.apache.ratis.thirdparty.io.grpc.StatusRuntimeException: UNAVAILABLE: io exception
2019-10-15 01:03:31,647 [grpc-default-executor-11] INFO  impl.FollowerInfo (FollowerInfo.java:lambda$new$0(51)) - bc9dd8d0-a210-417b-914f-78251f78a466@group-2380E0FE31C7->fbf9bb9d-af1a-40fb-a7e6-663cd57a1225: nextIndex: updateUnconditionally 3 -> 2
2019-10-15 01:03:31,659 [grpc-default-executor-11] WARN  server.GrpcLogAppender (LogUtils.java:warn(134)) - bc9dd8d0-a210-417b-914f-78251f78a466@group-2380E0FE31C7->fbf9bb9d-af1a-40fb-a7e6-663cd57a1225-AppendLogResponseHandler: Failed appendEntries: org.apache.ratis.thirdparty.io.grpc.StatusRuntimeException: UNAVAILABLE: io exception
2019-10-15 01:03:31,659 [grpc-default-executor-11] INFO  impl.FollowerInfo (FollowerInfo.java:lambda$new$0(51)) - bc9dd8d0-a210-417b-914f-78251f78a466@group-2380E0FE31C7->fbf9bb9d-af1a-40fb-a7e6-663cd57a1225: nextIndex: updateUnconditionally 3 -> 2
2019-10-15 01:03:31,661 [EventQueue-IncrementalContainerReportForIncrementalContainerReportHandler] WARN  container.IncrementalContainerReportHandler (AbstractContainerReportHandler.java:updateContainerState(145)) - Container #1 is in OPEN state, but the datanode bc9dd8d0-a210-417b-914f-78251f78a466{ip: 192.168.30.62, host: pr-hdds-2181-4tb7b-1429657930, networkLocation: /default-rack, certSerialId: null} reports an CLOSING replica.
2019-10-15 01:03:31,675 [EventQueue-IncrementalContainerReportForIncrementalContainerReportHandler] WARN  container.IncrementalContainerReportHandler (AbstractContainerReportHandler.java:updateContainerState(145)) - Container #1 is in OPEN state, but the datanode 6df06648-c4c1-45b8-8dbb-97ba20bfe81a{ip: 192.168.30.62, host: pr-hdds-2181-4tb7b-1429657930, networkLocation: /default-rack, certSerialId: null} reports an CLOSING replica.
2019-10-15 01:03:31,705 [RatisApplyTransactionExecutor 1] INFO  interfaces.Container (KeyValueContainer.java:flushAndSyncDB(386)) - Container 1 is synced with bcsId 0.
2019-10-15 01:03:31,751 [RatisApplyTransactionExecutor 1] INFO  interfaces.Container (KeyValueContainer.java:flushAndSyncDB(386)) - Container 1 is synced with bcsId 0.
2019-10-15 01:03:31,763 [RatisApplyTransactionExecutor 1] INFO  interfaces.Container (KeyValueContainer.java:flushAndSyncDB(386)) - Container 1 is synced with bcsId 0.
2019-10-15 01:03:31,763 [RatisApplyTransactionExecutor 1] INFO  interfaces.Container (KeyValueContainer.java:flushAndSyncDB(386)) - Container 1 is synced with bcsId 0.
2019-10-15 01:03:31,776 [RatisApplyTransactionExecutor 1] INFO  interfaces.Container (KeyValueContainer.java:close(335)) - Container 1 is closed with bcsId 0.
2019-10-15 01:03:31,776 [RatisApplyTransactionExecutor 1] INFO  interfaces.Container (KeyValueContainer.java:close(335)) - Container 1 is closed with bcsId 0.
2019-10-15 01:03:31,782 [EventQueue-IncrementalContainerReportForIncrementalContainerReportHandler] WARN  container.IncrementalContainerReportHandler (AbstractContainerReportHandler.java:updateContainerState(145)) - Container #1 is in OPEN state, but the datanode 6df06648-c4c1-45b8-8dbb-97ba20bfe81a{ip: 192.168.30.62, host: pr-hdds-2181-4tb7b-1429657930, networkLocation: /default-rack, certSerialId: null} reports an CLOSED replica.
2019-10-15 01:03:31,782 [EventQueue-IncrementalContainerReportForIncrementalContainerReportHandler] WARN  container.IncrementalContainerReportHandler (AbstractContainerReportHandler.java:updateContainerState(145)) - Container #1 is in OPEN state, but the datanode bc9dd8d0-a210-417b-914f-78251f78a466{ip: 192.168.30.62, host: pr-hdds-2181-4tb7b-1429657930, networkLocation: /default-rack, certSerialId: null} reports an CLOSED replica.
2019-10-15 01:03:32,507 [grpc-default-executor-6] WARN  server.GrpcLogAppender (LogUtils.java:warn(134)) - c8fa587d-1a82-4196-bd9f-b9c6b166c070@group-DF31B5A3C09F->62da231e-6706-4024-9d76-a7730eed6ee2-AppendLogResponseHandler: Failed appendEntries: org.apache.ratis.thirdparty.io.grpc.StatusRuntimeException: UNAVAILABLE: io exception
2019-10-15 01:03:32,508 [grpc-default-executor-4] WARN  server.GrpcLogAppender (LogUtils.java:warn(134)) - c8fa587d-1a82-4196-bd9f-b9c6b166c070@group-DF31B5A3C09F->d1fe838a-d6b9-4181-abdf-8d55bca94856-AppendLogResponseHandler: Failed appendEntries: org.apache.ratis.thirdparty.io.grpc.StatusRuntimeException: UNAVAILABLE: io exception
2019-10-15 01:03:32,508 [grpc-default-executor-6] INFO  impl.FollowerInfo (FollowerInfo.java:lambda$new$0(51)) - c8fa587d-1a82-4196-bd9f-b9c6b166c070@group-DF31B5A3C09F->62da231e-6706-4024-9d76-a7730eed6ee2: nextIndex: updateUnconditionally 0 -> 0
2019-10-15 01:03:32,508 [grpc-default-executor-4] INFO  impl.FollowerInfo (FollowerInfo.java:lambda$new$0(51)) - c8fa587d-1a82-4196-bd9f-b9c6b166c070@group-DF31B5A3C09F->d1fe838a-d6b9-4181-abdf-8d55bca94856: nextIndex: updateUnconditionally 0 -> 0
2019-10-15 01:03:34,160 [grpc-default-executor-2] WARN  server.GrpcLogAppender (LogUtils.java:warn(134)) - bc9dd8d0-a210-417b-914f-78251f78a466@group-2380E0FE31C7->fbf9bb9d-af1a-40fb-a7e6-663cd57a1225-AppendLogResponseHandler: Failed appendEntries: org.apache.ratis.thirdparty.io.grpc.StatusRuntimeException: UNAVAILABLE: io exception
2019-10-15 01:03:34,161 [grpc-default-executor-2] INFO  impl.FollowerInfo (FollowerInfo.java:lambda$new$0(51)) - bc9dd8d0-a210-417b-914f-78251f78a466@group-2380E0FE31C7->fbf9bb9d-af1a-40fb-a7e6-663cd57a1225: nextIndex: updateUnconditionally 2 -> 1
2019-10-15 01:03:34,787 [main] WARN  scm.XceiverClientRatis (XceiverClientRatis.java:watchForCommit(277)) - 3 way commit failed on pipeline Pipeline[ Id: 14332e4e-c758-4662-befb-2380e0fe31c7, Nodes: fbf9bb9d-af1a-40fb-a7e6-663cd57a1225{ip: 192.168.30.62, host: pr-hdds-2181-4tb7b-1429657930, networkLocation: /default-rack, certSerialId: null}bc9dd8d0-a210-417b-914f-78251f78a466{ip: 192.168.30.62, host: pr-hdds-2181-4tb7b-1429657930, networkLocation: /default-rack, certSerialId: null}6df06648-c4c1-45b8-8dbb-97ba20bfe81a{ip: 192.168.30.62, host: pr-hdds-2181-4tb7b-1429657930, networkLocation: /default-rack, certSerialId: null}, Type:RATIS, Factor:THREE, State:OPEN]
java.util.concurrent.TimeoutException
	at java.util.concurrent.CompletableFuture.timedGet(CompletableFuture.java:1771)
	at java.util.concurrent.CompletableFuture.get(CompletableFuture.java:1915)
	at org.apache.hadoop.hdds.scm.XceiverClientRatis.watchForCommit(XceiverClientRatis.java:274)
	at org.apache.hadoop.ozone.client.rpc.TestWatchForCommit.test2WayCommitForTimeoutException(TestWatchForCommit.java:391)
	at sun.reflect.NativeMethodAccessorImpl.invoke0(Native Method)
	at sun.reflect.NativeMethodAccessorImpl.invoke(NativeMethodAccessorImpl.java:62)
	at sun.reflect.DelegatingMethodAccessorImpl.invoke(DelegatingMethodAccessorImpl.java:43)
	at java.lang.reflect.Method.invoke(Method.java:498)
	at org.junit.runners.model.FrameworkMethod$1.runReflectiveCall(FrameworkMethod.java:47)
	at org.junit.internal.runners.model.ReflectiveCallable.run(ReflectiveCallable.java:12)
	at org.junit.runners.model.FrameworkMethod.invokeExplosively(FrameworkMethod.java:44)
	at org.junit.internal.runners.statements.InvokeMethod.evaluate(InvokeMethod.java:17)
	at org.junit.runners.ParentRunner.runLeaf(ParentRunner.java:271)
	at org.junit.runners.BlockJUnit4ClassRunner.runChild(BlockJUnit4ClassRunner.java:70)
	at org.junit.runners.BlockJUnit4ClassRunner.runChild(BlockJUnit4ClassRunner.java:50)
	at org.junit.runners.ParentRunner$3.run(ParentRunner.java:238)
	at org.junit.runners.ParentRunner$1.schedule(ParentRunner.java:63)
	at org.junit.runners.ParentRunner.runChildren(ParentRunner.java:236)
	at org.junit.runners.ParentRunner.access$000(ParentRunner.java:53)
	at org.junit.runners.ParentRunner$2.evaluate(ParentRunner.java:229)
	at org.junit.runners.ParentRunner.run(ParentRunner.java:309)
	at org.apache.maven.surefire.junit4.JUnit4Provider.execute(JUnit4Provider.java:365)
	at org.apache.maven.surefire.junit4.JUnit4Provider.executeWithRerun(JUnit4Provider.java:273)
	at org.apache.maven.surefire.junit4.JUnit4Provider.executeTestSet(JUnit4Provider.java:238)
	at org.apache.maven.surefire.junit4.JUnit4Provider.invoke(JUnit4Provider.java:159)
	at org.apache.maven.surefire.booter.ForkedBooter.invokeProviderInSameClassLoader(ForkedBooter.java:384)
	at org.apache.maven.surefire.booter.ForkedBooter.runSuitesInProcess(ForkedBooter.java:345)
	at org.apache.maven.surefire.booter.ForkedBooter.execute(ForkedBooter.java:126)
	at org.apache.maven.surefire.booter.ForkedBooter.main(ForkedBooter.java:418)
2019-10-15 01:03:35,008 [grpc-default-executor-6] WARN  server.GrpcLogAppender (LogUtils.java:warn(134)) - c8fa587d-1a82-4196-bd9f-b9c6b166c070@group-DF31B5A3C09F->62da231e-6706-4024-9d76-a7730eed6ee2-AppendLogResponseHandler: Failed appendEntries: org.apache.ratis.thirdparty.io.grpc.StatusRuntimeException: UNAVAILABLE: io exception
2019-10-15 01:03:35,008 [grpc-default-executor-4] WARN  server.GrpcLogAppender (LogUtils.java:warn(134)) - c8fa587d-1a82-4196-bd9f-b9c6b166c070@group-DF31B5A3C09F->d1fe838a-d6b9-4181-abdf-8d55bca94856-AppendLogResponseHandler: Failed appendEntries: org.apache.ratis.thirdparty.io.grpc.StatusRuntimeException: UNAVAILABLE: io exception
2019-10-15 01:03:35,009 [grpc-default-executor-6] INFO  impl.FollowerInfo (FollowerInfo.java:lambda$new$0(51)) - c8fa587d-1a82-4196-bd9f-b9c6b166c070@group-DF31B5A3C09F->62da231e-6706-4024-9d76-a7730eed6ee2: nextIndex: updateUnconditionally 0 -> 0
2019-10-15 01:03:35,009 [grpc-default-executor-4] INFO  impl.FollowerInfo (FollowerInfo.java:lambda$new$0(51)) - c8fa587d-1a82-4196-bd9f-b9c6b166c070@group-DF31B5A3C09F->d1fe838a-d6b9-4181-abdf-8d55bca94856: nextIndex: updateUnconditionally 0 -> 0
2019-10-15 01:03:36,663 [grpc-default-executor-4] WARN  server.GrpcLogAppender (LogUtils.java:warn(134)) - bc9dd8d0-a210-417b-914f-78251f78a466@group-2380E0FE31C7->fbf9bb9d-af1a-40fb-a7e6-663cd57a1225-AppendLogResponseHandler: Failed appendEntries: org.apache.ratis.thirdparty.io.grpc.StatusRuntimeException: UNAVAILABLE: io exception
2019-10-15 01:03:36,664 [grpc-default-executor-4] INFO  impl.FollowerInfo (FollowerInfo.java:lambda$new$0(51)) - bc9dd8d0-a210-417b-914f-78251f78a466@group-2380E0FE31C7->fbf9bb9d-af1a-40fb-a7e6-663cd57a1225: nextIndex: updateUnconditionally 1 -> 0
2019-10-15 01:03:37,509 [grpc-default-executor-4] WARN  server.GrpcLogAppender (LogUtils.java:warn(134)) - c8fa587d-1a82-4196-bd9f-b9c6b166c070@group-DF31B5A3C09F->62da231e-6706-4024-9d76-a7730eed6ee2-AppendLogResponseHandler: Failed appendEntries: org.apache.ratis.thirdparty.io.grpc.StatusRuntimeException: UNAVAILABLE: io exception
2019-10-15 01:03:37,509 [grpc-default-executor-11] WARN  server.GrpcLogAppender (LogUtils.java:warn(134)) - c8fa587d-1a82-4196-bd9f-b9c6b166c070@group-DF31B5A3C09F->d1fe838a-d6b9-4181-abdf-8d55bca94856-AppendLogResponseHandler: Failed appendEntries: org.apache.ratis.thirdparty.io.grpc.StatusRuntimeException: UNAVAILABLE: io exception
2019-10-15 01:03:37,510 [grpc-default-executor-4] INFO  impl.FollowerInfo (FollowerInfo.java:lambda$new$0(51)) - c8fa587d-1a82-4196-bd9f-b9c6b166c070@group-DF31B5A3C09F->62da231e-6706-4024-9d76-a7730eed6ee2: nextIndex: updateUnconditionally 0 -> 0
2019-10-15 01:03:37,511 [grpc-default-executor-11] INFO  impl.FollowerInfo (FollowerInfo.java:lambda$new$0(51)) - c8fa587d-1a82-4196-bd9f-b9c6b166c070@group-DF31B5A3C09F->d1fe838a-d6b9-4181-abdf-8d55bca94856: nextIndex: updateUnconditionally 0 -> 0
2019-10-15 01:03:37,629 [EventQueue-StaleNodeForStaleNodeHandler] INFO  node.StaleNodeHandler (StaleNodeHandler.java:onMessage(58)) - Datanode d1fe838a-d6b9-4181-abdf-8d55bca94856{ip: 192.168.30.62, host: pr-hdds-2181-4tb7b-1429657930, networkLocation: /default-rack, certSerialId: null} moved to stale state. Finalizing its pipelines [PipelineID=b3fa6c92-d9c7-40bd-bfcd-df31b5a3c09f, PipelineID=a1c7955c-34b1-4431-94e0-f4a7ada37d2b]
2019-10-15 01:03:37,629 [EventQueue-StaleNodeForStaleNodeHandler] INFO  pipeline.SCMPipelineManager (SCMPipelineManager.java:finalizeAndDestroyPipeline(315)) - destroying pipeline:Pipeline[ Id: b3fa6c92-d9c7-40bd-bfcd-df31b5a3c09f, Nodes: d1fe838a-d6b9-4181-abdf-8d55bca94856{ip: 192.168.30.62, host: pr-hdds-2181-4tb7b-1429657930, networkLocation: /default-rack, certSerialId: null}62da231e-6706-4024-9d76-a7730eed6ee2{ip: 192.168.30.62, host: pr-hdds-2181-4tb7b-1429657930, networkLocation: /default-rack, certSerialId: null}c8fa587d-1a82-4196-bd9f-b9c6b166c070{ip: 192.168.30.62, host: pr-hdds-2181-4tb7b-1429657930, networkLocation: /default-rack, certSerialId: null}, Type:RATIS, Factor:THREE, State:OPEN]
2019-10-15 01:03:37,629 [EventQueue-StaleNodeForStaleNodeHandler] INFO  pipeline.PipelineStateManager (PipelineStateManager.java:finalizePipeline(123)) - Pipeline Pipeline[ Id: b3fa6c92-d9c7-40bd-bfcd-df31b5a3c09f, Nodes: d1fe838a-d6b9-4181-abdf-8d55bca94856{ip: 192.168.30.62, host: pr-hdds-2181-4tb7b-1429657930, networkLocation: /default-rack, certSerialId: null}62da231e-6706-4024-9d76-a7730eed6ee2{ip: 192.168.30.62, host: pr-hdds-2181-4tb7b-1429657930, networkLocation: /default-rack, certSerialId: null}c8fa587d-1a82-4196-bd9f-b9c6b166c070{ip: 192.168.30.62, host: pr-hdds-2181-4tb7b-1429657930, networkLocation: /default-rack, certSerialId: null}, Type:RATIS, Factor:THREE, State:CLOSED] moved to CLOSED state
2019-10-15 01:03:37,630 [EventQueue-CloseContainerForCloseContainerEventHandler] INFO  container.CloseContainerEventHandler (CloseContainerEventHandler.java:onMessage(61)) - Close container Event triggered for container : #1
2019-10-15 01:03:37,630 [EventQueue-StaleNodeForStaleNodeHandler] INFO  pipeline.SCMPipelineManager (SCMPipelineManager.java:finalizeAndDestroyPipeline(315)) - destroying pipeline:Pipeline[ Id: a1c7955c-34b1-4431-94e0-f4a7ada37d2b, Nodes: d1fe838a-d6b9-4181-abdf-8d55bca94856{ip: 192.168.30.62, host: pr-hdds-2181-4tb7b-1429657930, networkLocation: /default-rack, certSerialId: null}, Type:RATIS, Factor:ONE, State:OPEN]
2019-10-15 01:03:37,630 [EventQueue-StaleNodeForStaleNodeHandler] INFO  pipeline.PipelineStateManager (PipelineStateManager.java:finalizePipeline(123)) - Pipeline Pipeline[ Id: a1c7955c-34b1-4431-94e0-f4a7ada37d2b, Nodes: d1fe838a-d6b9-4181-abdf-8d55bca94856{ip: 192.168.30.62, host: pr-hdds-2181-4tb7b-1429657930, networkLocation: /default-rack, certSerialId: null}, Type:RATIS, Factor:ONE, State:CLOSED] moved to CLOSED state
2019-10-15 01:03:37,630 [EventQueue-StaleNodeForStaleNodeHandler] INFO  node.StaleNodeHandler (StaleNodeHandler.java:onMessage(58)) - Datanode 62da231e-6706-4024-9d76-a7730eed6ee2{ip: 192.168.30.62, host: pr-hdds-2181-4tb7b-1429657930, networkLocation: /default-rack, certSerialId: null} moved to stale state. Finalizing its pipelines [PipelineID=b3fa6c92-d9c7-40bd-bfcd-df31b5a3c09f, PipelineID=d72d61d5-9799-459b-9305-b81c534fc2d1]
2019-10-15 01:03:37,630 [EventQueue-StaleNodeForStaleNodeHandler] INFO  pipeline.SCMPipelineManager (SCMPipelineManager.java:finalizeAndDestroyPipeline(315)) - destroying pipeline:Pipeline[ Id: b3fa6c92-d9c7-40bd-bfcd-df31b5a3c09f, Nodes: d1fe838a-d6b9-4181-abdf-8d55bca94856{ip: 192.168.30.62, host: pr-hdds-2181-4tb7b-1429657930, networkLocation: /default-rack, certSerialId: null}62da231e-6706-4024-9d76-a7730eed6ee2{ip: 192.168.30.62, host: pr-hdds-2181-4tb7b-1429657930, networkLocation: /default-rack, certSerialId: null}c8fa587d-1a82-4196-bd9f-b9c6b166c070{ip: 192.168.30.62, host: pr-hdds-2181-4tb7b-1429657930, networkLocation: /default-rack, certSerialId: null}, Type:RATIS, Factor:THREE, State:CLOSED]
2019-10-15 01:03:37,630 [EventQueue-StaleNodeForStaleNodeHandler] INFO  pipeline.SCMPipelineManager (SCMPipelineManager.java:finalizeAndDestroyPipeline(315)) - destroying pipeline:Pipeline[ Id: d72d61d5-9799-459b-9305-b81c534fc2d1, Nodes: 62da231e-6706-4024-9d76-a7730eed6ee2{ip: 192.168.30.62, host: pr-hdds-2181-4tb7b-1429657930, networkLocation: /default-rack, certSerialId: null}, Type:RATIS, Factor:ONE, State:OPEN]
2019-10-15 01:03:37,631 [EventQueue-StaleNodeForStaleNodeHandler] INFO  pipeline.PipelineStateManager (PipelineStateManager.java:finalizePipeline(123)) - Pipeline Pipeline[ Id: d72d61d5-9799-459b-9305-b81c534fc2d1, Nodes: 62da231e-6706-4024-9d76-a7730eed6ee2{ip: 192.168.30.62, host: pr-hdds-2181-4tb7b-1429657930, networkLocation: /default-rack, certSerialId: null}, Type:RATIS, Factor:ONE, State:CLOSED] moved to CLOSED state
]]></system-out>
    <system-err><![CDATA[Oct 15, 2019 1:03:31 AM org.apache.ratis.thirdparty.io.grpc.internal.SerializingExecutor run
SEVERE: Exception while executing runnable org.apache.ratis.thirdparty.io.grpc.internal.ServerImpl$JumpToApplicationThreadServerStreamListener$1Closed@1d35f6e7
org.apache.ratis.thirdparty.io.grpc.StatusRuntimeException: CANCELLED: call already cancelled
	at org.apache.ratis.thirdparty.io.grpc.Status.asRuntimeException(Status.java:517)
	at org.apache.ratis.thirdparty.io.grpc.stub.ServerCalls$ServerCallStreamObserverImpl.onCompleted(ServerCalls.java:356)
	at org.apache.ratis.grpc.server.GrpcServerProtocolService$ServerRequestStreamObserver.onError(GrpcServerProtocolService.java:121)
	at org.apache.ratis.thirdparty.io.grpc.stub.ServerCalls$StreamingServerCallHandler$StreamingServerCallListener.onCancel(ServerCalls.java:269)
	at org.apache.ratis.thirdparty.io.grpc.internal.ServerCallImpl$ServerStreamListenerImpl.closed(ServerCallImpl.java:293)
	at org.apache.ratis.thirdparty.io.grpc.internal.ServerImpl$JumpToApplicationThreadServerStreamListener$1Closed.runInContext(ServerImpl.java:741)
	at org.apache.ratis.thirdparty.io.grpc.internal.ContextRunnable.run(ContextRunnable.java:37)
	at org.apache.ratis.thirdparty.io.grpc.internal.SerializingExecutor.run(SerializingExecutor.java:123)
	at java.util.concurrent.ThreadPoolExecutor.runWorker(ThreadPoolExecutor.java:1149)
	at java.util.concurrent.ThreadPoolExecutor$Worker.run(ThreadPoolExecutor.java:624)
	at java.lang.Thread.run(Thread.java:748)

]]></system-err>
  </testcase>
</testsuite>